<?xml version="1.0" encoding="UTF-8"?>

<!-- generated on Thu Oct 31 14:50:01 2013 by SUMO sumo Version 0.18.0
<?xml version="1.0" encoding="UTF-8"?>

<configuration xmlns:xsi="http://www.w3.org/2001/XMLSchema-instance" xsi:noNamespaceSchemaLocation="http://sumo.sf.net/xsd/sumoConfiguration.xsd">

    <input>
        <net-file value="test.net.xml"/>
        <route-files value="test.rou.xml"/>
        <additional-files value="test.rerouter.xml"/>
    </input>

    <output>
        <fcd-output value="test-50.fcd.xml"/>
        <save-state.prefix value="state"/>
    </output>

    <time>
        <begin value="0"/>
        <end value="800"/>
    </time>

    <gui_only>
        <gui-settings-file value="test.settings.xml"/>
    </gui_only>

</configuration>
-->

<fcd-export>
    <timestep time="0.00">
        <vehicle id="0" x="390.15" y="201.65" angle="-90.00" type="DEFAULT_VEHTYPE" speed="0.00" pos="5.10" lane="2/1to1/1_0" slope="0.00"/>
    </timestep>
    <timestep time="1.00">
        <vehicle id="0" x="388.71" y="201.65" angle="-90.00" type="DEFAULT_VEHTYPE" speed="1.44" pos="6.54" lane="2/1to1/1_0" slope="0.00"/>
        <vehicle id="1" x="198.35" y="794.90" angle="0.00" type="DEFAULT_VEHTYPE" speed="0.00" pos="5.10" lane="1/4to1/3_0" slope="0.00"/>
    </timestep>
    <timestep time="2.00">
        <vehicle id="0" x="385.59" y="201.65" angle="-90.00" type="DEFAULT_VEHTYPE" speed="3.12" pos="9.66" lane="2/1to1/1_0" slope="0.00"/>
        <vehicle id="1" x="198.35" y="792.36" angle="0.00" type="DEFAULT_VEHTYPE" speed="2.54" pos="7.64" lane="1/4to1/3_0" slope="0.00"/>
        <vehicle id="2" x="198.35" y="590.15" angle="0.00" type="DEFAULT_VEHTYPE" speed="0.00" pos="5.10" lane="1/3to1/2_0" slope="0.00"/>
    </timestep>
    <timestep time="3.00">
        <vehicle id="0" x="380.52" y="201.65" angle="-90.00" type="DEFAULT_VEHTYPE" speed="5.08" pos="14.73" lane="2/1to1/1_0" slope="0.00"/>
        <vehicle id="1" x="198.35" y="787.99" angle="0.00" type="DEFAULT_VEHTYPE" speed="4.37" pos="12.01" lane="1/4to1/3_0" slope="0.00"/>
        <vehicle id="2" x="198.35" y="587.61" angle="0.00" type="DEFAULT_VEHTYPE" speed="2.54" pos="7.64" lane="1/3to1/2_0" slope="0.00"/>
        <vehicle id="3" x="598.35" y="190.15" angle="0.00" type="DEFAULT_VEHTYPE" speed="0.00" pos="5.10" lane="3/1to3/0_0" slope="0.00"/>
    </timestep>
    <timestep time="4.00">
        <vehicle id="0" x="373.81" y="201.65" angle="-90.00" type="DEFAULT_VEHTYPE" speed="6.71" pos="21.44" lane="2/1to1/1_0" slope="0.00"/>
        <vehicle id="1" x="198.35" y="781.33" angle="0.00" type="DEFAULT_VEHTYPE" speed="6.65" pos="18.67" lane="1/4to1/3_0" slope="0.00"/>
        <vehicle id="2" x="198.35" y="583.17" angle="0.00" type="DEFAULT_VEHTYPE" speed="4.43" pos="12.08" lane="1/3to1/2_0" slope="0.00"/>
        <vehicle id="3" x="598.35" y="188.52" angle="0.00" type="DEFAULT_VEHTYPE" speed="1.63" pos="6.73" lane="3/1to3/0_0" slope="0.00"/>
        <vehicle id="4" x="401.65" y="609.85" angle="180.00" type="DEFAULT_VEHTYPE" speed="0.00" pos="5.10" lane="2/3to2/4_0" slope="0.00"/>
    </timestep>
    <timestep time="5.00">
        <vehicle id="0" x="364.50" y="201.65" angle="-90.00" type="DEFAULT_VEHTYPE" speed="9.30" pos="30.75" lane="2/1to1/1_0" slope="0.00"/>
        <vehicle id="1" x="198.35" y="772.96" angle="0.00" type="DEFAULT_VEHTYPE" speed="8.38" pos="27.04" lane="1/4to1/3_0" slope="0.00"/>
        <vehicle id="2" x="198.35" y="576.74" angle="0.00" type="DEFAULT_VEHTYPE" speed="6.43" pos="18.51" lane="1/3to1/2_0" slope="0.00"/>
        <vehicle id="3" x="598.35" y="184.88" angle="0.00" type="DEFAULT_VEHTYPE" speed="3.64" pos="10.37" lane="3/1to3/0_0" slope="0.00"/>
        <vehicle id="4" x="401.65" y="611.71" angle="180.00" type="DEFAULT_VEHTYPE" speed="1.86" pos="6.96" lane="2/3to2/4_0" slope="0.00"/>
        <vehicle id="5" x="190.15" y="201.65" angle="-90.00" type="DEFAULT_VEHTYPE" speed="0.00" pos="5.10" lane="1/1to0/1_0" slope="0.00"/>
    </timestep>
    <timestep time="6.00">
        <vehicle id="0" x="352.94" y="201.65" angle="-90.00" type="DEFAULT_VEHTYPE" speed="11.56" pos="42.31" lane="2/1to1/1_0" slope="0.00"/>
        <vehicle id="1" x="198.35" y="762.06" angle="0.00" type="DEFAULT_VEHTYPE" speed="10.90" pos="37.94" lane="1/4to1/3_0" slope="0.00"/>
        <vehicle id="2" x="198.35" y="568.85" angle="0.00" type="DEFAULT_VEHTYPE" speed="7.89" pos="26.40" lane="1/3to1/2_0" slope="0.00"/>
        <vehicle id="3" x="598.35" y="179.05" angle="0.00" type="DEFAULT_VEHTYPE" speed="5.83" pos="16.20" lane="3/1to3/0_0" slope="0.00"/>
        <vehicle id="4" x="401.65" y="615.29" angle="180.00" type="DEFAULT_VEHTYPE" speed="3.58" pos="10.54" lane="2/3to2/4_0" slope="0.00"/>
        <vehicle id="5" x="187.61" y="201.65" angle="-90.00" type="DEFAULT_VEHTYPE" speed="2.54" pos="7.64" lane="1/1to0/1_0" slope="0.00"/>
        <vehicle id="6" x="609.85" y="598.35" angle="90.00" type="DEFAULT_VEHTYPE" speed="0.00" pos="5.10" lane="3/3to4/3_0" slope="0.00"/>
    </timestep>
    <timestep time="7.00">
        <vehicle id="0" x="339.71" y="201.65" angle="-90.00" type="DEFAULT_VEHTYPE" speed="13.23" pos="55.54" lane="2/1to1/1_0" slope="0.00"/>
        <vehicle id="1" x="198.35" y="748.96" angle="0.00" type="DEFAULT_VEHTYPE" speed="13.10" pos="51.04" lane="1/4to1/3_0" slope="0.00"/>
        <vehicle id="2" x="198.35" y="559.19" angle="0.00" type="DEFAULT_VEHTYPE" speed="9.67" pos="36.06" lane="1/3to1/2_0" slope="0.00"/>
        <vehicle id="3" x="598.35" y="171.85" angle="0.00" type="DEFAULT_VEHTYPE" speed="7.20" pos="23.40" lane="3/1to3/0_0" slope="0.00"/>
        <vehicle id="4" x="401.65" y="620.39" angle="180.00" type="DEFAULT_VEHTYPE" speed="5.10" pos="15.64" lane="2/3to2/4_0" slope="0.00"/>
        <vehicle id="5" x="183.62" y="201.65" angle="-90.00" type="DEFAULT_VEHTYPE" speed="3.99" pos="11.63" lane="1/1to0/1_0" slope="0.00"/>
        <vehicle id="6" x="611.93" y="598.35" angle="90.00" type="DEFAULT_VEHTYPE" speed="2.08" pos="7.18" lane="3/3to4/3_0" slope="0.00"/>
        <vehicle id="7" x="601.65" y="409.85" angle="180.00" type="DEFAULT_VEHTYPE" speed="0.00" pos="5.10" lane="3/2to3/3_0" slope="0.00"/>
    </timestep>
    <timestep time="8.00">
        <vehicle id="0" x="326.52" y="201.65" angle="-90.00" type="DEFAULT_VEHTYPE" speed="13.19" pos="68.73" lane="2/1to1/1_0" slope="0.00"/>
        <vehicle id="1" x="198.35" y="735.36" angle="0.00" type="DEFAULT_VEHTYPE" speed="13.59" pos="64.64" lane="1/4to1/3_0" slope="0.00"/>
        <vehicle id="2" x="198.35" y="546.96" angle="0.00" type="DEFAULT_VEHTYPE" speed="12.22" pos="48.29" lane="1/3to1/2_0" slope="0.00"/>
        <vehicle id="3" x="598.35" y="162.43" angle="0.00" type="DEFAULT_VEHTYPE" speed="9.41" pos="32.82" lane="3/1to3/0_0" slope="0.00"/>
        <vehicle id="4" x="401.65" y="627.10" angle="180.00" type="DEFAULT_VEHTYPE" speed="6.71" pos="22.35" lane="2/3to2/4_0" slope="0.00"/>
        <vehicle id="5" x="177.24" y="201.65" angle="-90.00" type="DEFAULT_VEHTYPE" speed="6.38" pos="18.01" lane="1/1to0/1_0" slope="0.00"/>
        <vehicle id="6" x="615.38" y="598.35" angle="90.00" type="DEFAULT_VEHTYPE" speed="3.44" pos="10.63" lane="3/3to4/3_0" slope="0.00"/>
        <vehicle id="7" x="601.65" y="412.41" angle="180.00" type="DEFAULT_VEHTYPE" speed="2.56" pos="7.66" lane="3/2to3/3_0" slope="0.00"/>
        <vehicle id="8" x="198.35" y="390.15" angle="0.00" type="DEFAULT_VEHTYPE" speed="0.00" pos="5.10" lane="1/2to1/1_0" slope="0.00"/>
    </timestep>
    <timestep time="9.00">
        <vehicle id="0" x="313.51" y="201.65" angle="-90.00" type="DEFAULT_VEHTYPE" speed="13.01" pos="81.74" lane="2/1to1/1_0" slope="0.00"/>
        <vehicle id="1" x="198.35" y="721.90" angle="0.00" type="DEFAULT_VEHTYPE" speed="13.47" pos="78.10" lane="1/4to1/3_0" slope="0.00"/>
        <vehicle id="2" x="198.35" y="533.23" angle="0.00" type="DEFAULT_VEHTYPE" speed="13.73" pos="62.02" lane="1/3to1/2_0" slope="0.00"/>
        <vehicle id="3" x="598.35" y="150.58" angle="0.00" type="DEFAULT_VEHTYPE" speed="11.85" pos="44.67" lane="3/1to3/0_0" slope="0.00"/>
        <vehicle id="4" x="401.65" y="635.88" angle="180.00" type="DEFAULT_VEHTYPE" speed="8.77" pos="31.13" lane="2/3to2/4_0" slope="0.00"/>
        <vehicle id="5" x="169.52" y="201.65" angle="-90.00" type="DEFAULT_VEHTYPE" speed="7.73" pos="25.73" lane="1/1to0/1_0" slope="0.00"/>
        <vehicle id="6" x="621.07" y="598.35" angle="90.00" type="DEFAULT_VEHTYPE" speed="5.70" pos="16.32" lane="3/3to4/3_0" slope="0.00"/>
        <vehicle id="7" x="601.65" y="417.28" angle="180.00" type="DEFAULT_VEHTYPE" speed="4.87" pos="12.53" lane="3/2to3/3_0" slope="0.00"/>
        <vehicle id="8" x="198.35" y="387.77" angle="0.00" type="DEFAULT_VEHTYPE" speed="2.38" pos="7.48" lane="1/2to1/1_0" slope="0.00"/>
        <vehicle id="9" x="598.35" y="190.15" angle="0.00" type="DEFAULT_VEHTYPE" speed="0.00" pos="5.10" lane="3/1to3/0_0" slope="0.00"/>
    </timestep>
    <timestep time="10.00">
        <vehicle id="0" x="300.35" y="201.65" angle="-90.00" type="DEFAULT_VEHTYPE" speed="13.16" pos="94.90" lane="2/1to1/1_0" slope="0.00"/>
        <vehicle id="1" x="198.35" y="708.31" angle="0.00" type="DEFAULT_VEHTYPE" speed="13.59" pos="91.69" lane="1/4to1/3_0" slope="0.00"/>
        <vehicle id="10" x="5.10" y="398.35" angle="90.00" type="DEFAULT_VEHTYPE" speed="0.00" pos="5.10" lane="0/2to1/2_0" slope="0.00"/>
        <vehicle id="2" x="198.35" y="520.39" angle="0.00" type="DEFAULT_VEHTYPE" speed="12.84" pos="74.86" lane="1/3to1/2_0" slope="0.00"/>
        <vehicle id="3" x="598.35" y="137.55" angle="0.00" type="DEFAULT_VEHTYPE" speed="13.03" pos="57.70" lane="3/1to3/0_0" slope="0.00"/>
        <vehicle id="4" x="401.65" y="646.32" angle="180.00" type="DEFAULT_VEHTYPE" speed="10.44" pos="41.57" lane="2/3to2/4_0" slope="0.00"/>
        <vehicle id="5" x="159.97" y="201.65" angle="-90.00" type="DEFAULT_VEHTYPE" speed="9.55" pos="35.28" lane="1/1to0/1_0" slope="0.00"/>
        <vehicle id="6" x="628.47" y="598.35" angle="90.00" type="DEFAULT_VEHTYPE" speed="7.40" pos="23.72" lane="3/3to4/3_0" slope="0.00"/>
        <vehicle id="7" x="601.65" y="423.54" angle="180.00" type="DEFAULT_VEHTYPE" speed="6.26" pos="18.79" lane="3/2to3/3_0" slope="0.00"/>
        <vehicle id="8" x="198.35" y="384.03" angle="0.00" type="DEFAULT_VEHTYPE" speed="3.73" pos="11.22" lane="1/2to1/1_0" slope="0.00"/>
        <vehicle id="9" x="598.35" y="187.67" angle="0.00" type="DEFAULT_VEHTYPE" speed="2.48" pos="7.58" lane="3/1to3/0_0" slope="0.00"/>
    </timestep>
    <timestep time="11.00">
        <vehicle id="0" x="286.85" y="201.65" angle="-90.00" type="DEFAULT_VEHTYPE" speed="13.50" pos="108.40" lane="2/1to1/1_0" slope="0.00"/>
        <vehicle id="1" x="198.35" y="695.05" angle="0.00" type="DEFAULT_VEHTYPE" speed="13.26" pos="104.95" lane="1/4to1/3_0" slope="0.00"/>
        <vehicle id="10" x="6.99" y="398.35" angle="90.00" type="DEFAULT_VEHTYPE" speed="1.89" pos="6.99" lane="0/2to1/2_0" slope="0.00"/>
        <vehicle id="11" x="398.35" y="794.90" angle="0.00" type="DEFAULT_VEHTYPE" speed="0.00" pos="5.10" lane="2/4to2/3_0" slope="0.00"/>
        <vehicle id="2" x="198.35" y="507.24" angle="0.00" type="DEFAULT_VEHTYPE" speed="13.15" pos="88.01" lane="1/3to1/2_0" slope="0.00"/>
        <vehicle id="3" x="598.35" y="124.89" angle="0.00" type="DEFAULT_VEHTYPE" speed="12.66" pos="70.36" lane="3/1to3/0_0" slope="0.00"/>
        <vehicle id="4" x="401.65" y="659.13" angle="180.00" type="DEFAULT_VEHTYPE" speed="12.81" pos="54.38" lane="2/3to2/4_0" slope="0.00"/>
        <vehicle id="5" x="148.65" y="201.65" angle="-90.00" type="DEFAULT_VEHTYPE" speed="11.32" pos="46.60" lane="1/1to0/1_0" slope="0.00"/>
        <vehicle id="6" x="638.27" y="598.35" angle="90.00" type="DEFAULT_VEHTYPE" speed="9.80" pos="33.52" lane="3/3to4/3_0" slope="0.00"/>
        <vehicle id="7" x="601.65" y="432.36" angle="180.00" type="DEFAULT_VEHTYPE" speed="8.82" pos="27.61" lane="3/2to3/3_0" slope="0.00"/>
        <vehicle id="8" x="198.35" y="378.06" angle="0.00" type="DEFAULT_VEHTYPE" speed="5.97" pos="17.19" lane="1/2to1/1_0" slope="0.00"/>
        <vehicle id="9" x="598.35" y="182.80" angle="0.00" type="DEFAULT_VEHTYPE" speed="4.87" pos="12.45" lane="3/1to3/0_0" slope="0.00"/>
    </timestep>
    <timestep time="12.00">
        <vehicle id="0" x="274.16" y="201.65" angle="-90.00" type="DEFAULT_VEHTYPE" speed="12.69" pos="121.09" lane="2/1to1/1_0" slope="0.00"/>
        <vehicle id="1" x="198.35" y="681.24" angle="0.00" type="DEFAULT_VEHTYPE" speed="13.81" pos="118.76" lane="1/4to1/3_0" slope="0.00"/>
        <vehicle id="10" x="11.42" y="398.35" angle="90.00" type="DEFAULT_VEHTYPE" speed="4.43" pos="11.42" lane="0/2to1/2_0" slope="0.00"/>
        <vehicle id="11" x="398.35" y="792.40" angle="0.00" type="DEFAULT_VEHTYPE" speed="2.50" pos="7.60" lane="2/4to2/3_0" slope="0.00"/>
        <vehicle id="12" x="398.35" y="190.15" angle="0.00" type="DEFAULT_VEHTYPE" speed="0.00" pos="5.10" lane="2/1to2/0_0" slope="0.00"/>
        <vehicle id="2" x="198.35" y="493.57" angle="0.00" type="DEFAULT_VEHTYPE" speed="13.67" pos="101.68" lane="1/3to1/2_0" slope="0.00"/>
        <vehicle id="3" x="598.35" y="111.40" angle="0.00" type="DEFAULT_VEHTYPE" speed="13.49" pos="83.85" lane="3/1to3/0_0" slope="0.00"/>
        <vehicle id="4" x="401.65" y="672.59" angle="180.00" type="DEFAULT_VEHTYPE" speed="13.46" pos="67.84" lane="2/3to2/4_0" slope="0.00"/>
        <vehicle id="5" x="134.87" y="201.65" angle="-90.00" type="DEFAULT_VEHTYPE" speed="13.79" pos="60.38" lane="1/1to0/1_0" slope="0.00"/>
        <vehicle id="6" x="649.94" y="598.35" angle="90.00" type="DEFAULT_VEHTYPE" speed="11.66" pos="45.19" lane="3/3to4/3_0" slope="0.00"/>
        <vehicle id="7" x="601.65" y="443.51" angle="180.00" type="DEFAULT_VEHTYPE" speed="11.15" pos="38.76" lane="3/2to3/3_0" slope="0.00"/>
        <vehicle id="8" x="198.35" y="369.73" angle="0.00" type="DEFAULT_VEHTYPE" speed="8.34" pos="25.52" lane="1/2to1/1_0" slope="0.00"/>
        <vehicle id="9" x="598.35" y="176.62" angle="0.00" type="DEFAULT_VEHTYPE" speed="6.18" pos="18.63" lane="3/1to3/0_0" slope="0.00"/>
    </timestep>
    <timestep time="13.00">
        <vehicle id="0" x="261.20" y="201.65" angle="-90.00" type="DEFAULT_VEHTYPE" speed="12.96" pos="134.05" lane="2/1to1/1_0" slope="0.00"/>
        <vehicle id="1" x="198.35" y="667.79" angle="0.00" type="DEFAULT_VEHTYPE" speed="13.44" pos="132.21" lane="1/4to1/3_0" slope="0.00"/>
        <vehicle id="10" x="17.69" y="398.35" angle="90.00" type="DEFAULT_VEHTYPE" speed="6.27" pos="17.69" lane="0/2to1/2_0" slope="0.00"/>
        <vehicle id="11" x="398.35" y="787.85" angle="0.00" type="DEFAULT_VEHTYPE" speed="4.55" pos="12.15" lane="2/4to2/3_0" slope="0.00"/>
        <vehicle id="12" x="398.35" y="188.02" angle="0.00" type="DEFAULT_VEHTYPE" speed="2.13" pos="7.23" lane="2/1to2/0_0" slope="0.00"/>
        <vehicle id="13" x="5.10" y="598.35" angle="90.00" type="DEFAULT_VEHTYPE" speed="0.00" pos="5.10" lane="0/3to1/3_0" slope="0.00"/>
        <vehicle id="2" x="198.35" y="480.05" angle="0.00" type="DEFAULT_VEHTYPE" speed="13.52" pos="115.20" lane="1/3to1/2_0" slope="0.00"/>
        <vehicle id="3" x="598.35" y="98.38" angle="0.00" type="DEFAULT_VEHTYPE" speed="13.02" pos="96.87" lane="3/1to3/0_0" slope="0.00"/>
        <vehicle id="4" x="401.65" y="685.94" angle="180.00" type="DEFAULT_VEHTYPE" speed="13.35" pos="81.19" lane="2/3to2/4_0" slope="0.00"/>
        <vehicle id="5" x="121.76" y="201.65" angle="-90.00" type="DEFAULT_VEHTYPE" speed="13.10" pos="73.49" lane="1/1to0/1_0" slope="0.00"/>
        <vehicle id="6" x="663.33" y="598.35" angle="90.00" type="DEFAULT_VEHTYPE" speed="13.39" pos="58.58" lane="3/3to4/3_0" slope="0.00"/>
        <vehicle id="7" x="601.65" y="456.59" angle="180.00" type="DEFAULT_VEHTYPE" speed="13.08" pos="51.84" lane="3/2to3/3_0" slope="0.00"/>
        <vehicle id="8" x="198.35" y="359.86" angle="0.00" type="DEFAULT_VEHTYPE" speed="9.86" pos="35.39" lane="1/2to1/1_0" slope="0.00"/>
        <vehicle id="9" x="598.35" y="168.13" angle="0.00" type="DEFAULT_VEHTYPE" speed="8.50" pos="27.12" lane="3/1to3/0_0" slope="0.00"/>
    </timestep>
    <timestep time="14.00">
        <vehicle id="0" x="248.57" y="201.65" angle="-90.00" type="DEFAULT_VEHTYPE" speed="12.63" pos="146.68" lane="2/1to1/1_0" slope="0.00"/>
        <vehicle id="1" x="198.35" y="653.93" angle="0.00" type="DEFAULT_VEHTYPE" speed="13.87" pos="146.07" lane="1/4to1/3_0" slope="0.00"/>
        <vehicle id="10" x="25.96" y="398.35" angle="90.00" type="DEFAULT_VEHTYPE" speed="8.28" pos="25.96" lane="0/2to1/2_0" slope="0.00"/>
        <vehicle id="11" x="398.35" y="781.83" angle="0.00" type="DEFAULT_VEHTYPE" speed="6.02" pos="18.17" lane="2/4to2/3_0" slope="0.00"/>
        <vehicle id="12" x="398.35" y="184.05" angle="0.00" type="DEFAULT_VEHTYPE" speed="3.98" pos="11.20" lane="2/1to2/0_0" slope="0.00"/>
        <vehicle id="13" x="6.44" y="598.35" angle="90.00" type="DEFAULT_VEHTYPE" speed="1.34" pos="6.44" lane="0/3to1/3_0" slope="0.00"/>
        <vehicle id="14" x="198.35" y="390.15" angle="0.00" type="DEFAULT_VEHTYPE" speed="0.00" pos="5.10" lane="1/2to1/1_0" slope="0.00"/>
        <vehicle id="2" x="198.35" y="466.54" angle="0.00" type="DEFAULT_VEHTYPE" speed="13.51" pos="128.71" lane="1/3to1/2_0" slope="0.00"/>
        <vehicle id="3" x="598.35" y="85.62" angle="0.00" type="DEFAULT_VEHTYPE" speed="12.76" pos="109.63" lane="3/1to3/0_0" slope="0.00"/>
        <vehicle id="4" x="401.65" y="699.02" angle="180.00" type="DEFAULT_VEHTYPE" speed="13.09" pos="94.27" lane="2/3to2/4_0" slope="0.00"/>
        <vehicle id="5" x="109.07" y="201.65" angle="-90.00" type="DEFAULT_VEHTYPE" speed="12.70" pos="86.18" lane="1/1to0/1_0" slope="0.00"/>
        <vehicle id="6" x="676.59" y="598.35" angle="90.00" type="DEFAULT_VEHTYPE" speed="13.26" pos="71.84" lane="3/3to4/3_0" slope="0.00"/>
        <vehicle id="7" x="601.65" y="469.94" angle="180.00" type="DEFAULT_VEHTYPE" speed="13.35" pos="65.19" lane="3/2to3/3_0" slope="0.00"/>
        <vehicle id="8" x="198.35" y="348.32" angle="0.00" type="DEFAULT_VEHTYPE" speed="11.54" pos="46.93" lane="1/2to1/1_0" slope="0.00"/>
        <vehicle id="9" x="598.35" y="157.16" angle="0.00" type="DEFAULT_VEHTYPE" speed="10.96" pos="38.09" lane="3/1to3/0_0" slope="0.00"/>
    </timestep>
    <timestep time="15.00">
        <vehicle id="0" x="235.05" y="201.65" angle="-90.00" type="DEFAULT_VEHTYPE" speed="13.51" pos="160.20" lane="2/1to1/1_0" slope="0.00"/>
        <vehicle id="1" x="198.35" y="640.56" angle="0.00" type="DEFAULT_VEHTYPE" speed="13.37" pos="159.44" lane="1/4to1/3_0" slope="0.00"/>
        <vehicle id="10" x="35.91" y="398.35" angle="90.00" type="DEFAULT_VEHTYPE" speed="9.95" pos="35.91" lane="0/2to1/2_0" slope="0.00"/>
        <vehicle id="11" x="398.35" y="773.40" angle="0.00" type="DEFAULT_VEHTYPE" speed="8.43" pos="26.60" lane="2/4to2/3_0" slope="0.00"/>
        <vehicle id="12" x="398.35" y="178.61" angle="0.00" type="DEFAULT_VEHTYPE" speed="5.43" pos="16.64" lane="2/1to2/0_0" slope="0.00"/>
        <vehicle id="13" x="9.89" y="598.35" angle="90.00" type="DEFAULT_VEHTYPE" speed="3.45" pos="9.89" lane="0/3to1/3_0" slope="0.00"/>
        <vehicle id="14" x="198.35" y="388.48" angle="0.00" type="DEFAULT_VEHTYPE" speed="1.67" pos="6.77" lane="1/2to1/1_0" slope="0.00"/>
        <vehicle id="15" x="609.85" y="198.35" angle="90.00" type="DEFAULT_VEHTYPE" speed="0.00" pos="5.10" lane="3/1to4/1_0" slope="0.00"/>
        <vehicle id="2" x="198.35" y="453.09" angle="0.00" type="DEFAULT_VEHTYPE" speed="13.45" pos="142.16" lane="1/3to1/2_0" slope="0.00"/>
        <vehicle id="3" x="598.35" y="71.86" angle="0.00" type="DEFAULT_VEHTYPE" speed="13.77" pos="123.39" lane="3/1to3/0_0" slope="0.00"/>
        <vehicle id="4" x="401.65" y="712.32" angle="180.00" type="DEFAULT_VEHTYPE" speed="13.29" pos="107.57" lane="2/3to2/4_0" slope="0.00"/>
        <vehicle id="5" x="96.03" y="201.65" angle="-90.00" type="DEFAULT_VEHTYPE" speed="13.04" pos="99.22" lane="1/1to0/1_0" slope="0.00"/>
        <vehicle id="6" x="689.47" y="598.35" angle="90.00" type="DEFAULT_VEHTYPE" speed="12.88" pos="84.72" lane="3/3to4/3_0" slope="0.00"/>
        <vehicle id="7" x="601.65" y="483.47" angle="180.00" type="DEFAULT_VEHTYPE" speed="13.53" pos="78.72" lane="3/2to3/3_0" slope="0.00"/>
        <vehicle id="8" x="198.35" y="334.59" angle="0.00" type="DEFAULT_VEHTYPE" speed="13.74" pos="60.66" lane="1/2to1/1_0" slope="0.00"/>
        <vehicle id="9" x="598.35" y="144.51" angle="0.00" type="DEFAULT_VEHTYPE" speed="12.65" pos="50.74" lane="3/1to3/0_0" slope="0.00"/>
    </timestep>
    <timestep time="16.00">
        <vehicle id="0" x="223.73" y="201.65" angle="-90.00" type="DEFAULT_VEHTYPE" speed="11.32" pos="171.52" lane="2/1to1/1_0" slope="0.00"/>
        <vehicle id="1" x="198.35" y="626.71" angle="0.00" type="DEFAULT_VEHTYPE" speed="13.84" pos="173.29" lane="1/4to1/3_0" slope="0.00"/>
        <vehicle id="10" x="47.69" y="398.35" angle="90.00" type="DEFAULT_VEHTYPE" speed="11.78" pos="47.69" lane="0/2to1/2_0" slope="0.00"/>
        <vehicle id="11" x="398.35" y="762.72" angle="0.00" type="DEFAULT_VEHTYPE" speed="10.67" pos="37.28" lane="2/4to2/3_0" slope="0.00"/>
        <vehicle id="12" x="398.35" y="171.07" angle="0.00" type="DEFAULT_VEHTYPE" speed="7.54" pos="24.18" lane="2/1to2/0_0" slope="0.00"/>
        <vehicle id="13" x="15.06" y="598.35" angle="90.00" type="DEFAULT_VEHTYPE" speed="5.17" pos="15.06" lane="0/3to1/3_0" slope="0.00"/>
        <vehicle id="14" x="198.35" y="385.06" angle="0.00" type="DEFAULT_VEHTYPE" speed="3.41" pos="10.19" lane="1/2to1/1_0" slope="0.00"/>
        <vehicle id="15" x="611.68" y="198.35" angle="90.00" type="DEFAULT_VEHTYPE" speed="1.83" pos="6.93" lane="3/1to4/1_0" slope="0.00"/>
        <vehicle id="16" x="794.90" y="201.65" angle="-90.00" type="DEFAULT_VEHTYPE" speed="0.00" pos="5.10" lane="4/1to3/1_0" slope="0.00"/>
        <vehicle id="2" x="198.35" y="439.70" angle="0.00" type="DEFAULT_VEHTYPE" speed="13.39" pos="155.55" lane="1/3to1/2_0" slope="0.00"/>
        <vehicle id="3" x="598.35" y="59.23" angle="0.00" type="DEFAULT_VEHTYPE" speed="12.63" pos="136.02" lane="3/1to3/0_0" slope="0.00"/>
        <vehicle id="4" x="401.65" y="725.12" angle="180.00" type="DEFAULT_VEHTYPE" speed="12.80" pos="120.37" lane="2/3to2/4_0" slope="0.00"/>
        <vehicle id="5" x="82.33" y="201.65" angle="-90.00" type="DEFAULT_VEHTYPE" speed="13.70" pos="112.92" lane="1/1to0/1_0" slope="0.00"/>
        <vehicle id="6" x="702.20" y="598.35" angle="90.00" type="DEFAULT_VEHTYPE" speed="12.72" pos="97.45" lane="3/3to4/3_0" slope="0.00"/>
        <vehicle id="7" x="601.65" y="496.92" angle="180.00" type="DEFAULT_VEHTYPE" speed="13.45" pos="92.17" lane="3/2to3/3_0" slope="0.00"/>
        <vehicle id="8" x="198.35" y="321.25" angle="0.00" type="DEFAULT_VEHTYPE" speed="13.34" pos="74.00" lane="1/2to1/1_0" slope="0.00"/>
        <vehicle id="9" x="598.35" y="131.49" angle="0.00" type="DEFAULT_VEHTYPE" speed="13.02" pos="63.76" lane="3/1to3/0_0" slope="0.00"/>
    </timestep>
    <timestep time="17.00">
        <vehicle id="0" x="215.99" y="201.65" angle="-90.00" type="DEFAULT_VEHTYPE" speed="7.74" pos="179.26" lane="2/1to1/1_0" slope="0.00"/>
        <vehicle id="1" x="198.35" y="612.95" angle="0.00" type="DEFAULT_VEHTYPE" speed="13.77" pos="187.05" lane="1/4to1/3_0" slope="0.00"/>
        <vehicle id="10" x="60.42" y="398.35" angle="90.00" type="DEFAULT_VEHTYPE" speed="12.73" pos="60.42" lane="0/2to1/2_0" slope="0.00"/>
        <vehicle id="11" x="398.35" y="749.67" angle="0.00" type="DEFAULT_VEHTYPE" speed="13.06" pos="50.33" lane="2/4to2/3_0" slope="0.00"/>
        <vehicle id="12" x="398.35" y="161.38" angle="0.00" type="DEFAULT_VEHTYPE" speed="9.69" pos="33.87" lane="2/1to2/0_0" slope="0.00"/>
        <vehicle id="13" x="21.79" y="598.35" angle="90.00" type="DEFAULT_VEHTYPE" speed="6.73" pos="21.79" lane="0/3to1/3_0" slope="0.00"/>
        <vehicle id="14" x="198.35" y="380.21" angle="0.00" type="DEFAULT_VEHTYPE" speed="4.86" pos="15.04" lane="1/2to1/1_0" slope="0.00"/>
        <vehicle id="15" x="615.50" y="198.35" angle="90.00" type="DEFAULT_VEHTYPE" speed="3.82" pos="10.75" lane="3/1to4/1_0" slope="0.00"/>
        <vehicle id="16" x="792.74" y="201.65" angle="-90.00" type="DEFAULT_VEHTYPE" speed="2.16" pos="7.26" lane="4/1to3/1_0" slope="0.00"/>
        <vehicle id="17" x="398.35" y="390.15" angle="0.00" type="DEFAULT_VEHTYPE" speed="0.00" pos="5.10" lane="2/2to2/1_0" slope="0.00"/>
        <vehicle id="2" x="198.35" y="427.64" angle="0.00" type="DEFAULT_VEHTYPE" speed="12.06" pos="167.61" lane="1/3to1/2_0" slope="0.00"/>
        <vehicle id="3" x="598.35" y="46.39" angle="0.00" type="DEFAULT_VEHTYPE" speed="12.83" pos="148.86" lane="3/1to3/0_0" slope="0.00"/>
        <vehicle id="4" x="401.65" y="737.79" angle="180.00" type="DEFAULT_VEHTYPE" speed="12.67" pos="133.04" lane="2/3to2/4_0" slope="0.00"/>
        <vehicle id="5" x="69.14" y="201.65" angle="-90.00" type="DEFAULT_VEHTYPE" speed="13.19" pos="126.11" lane="1/1to0/1_0" slope="0.00"/>
        <vehicle id="6" x="716.08" y="598.35" angle="90.00" type="DEFAULT_VEHTYPE" speed="13.88" pos="111.33" lane="3/3to4/3_0" slope="0.00"/>
        <vehicle id="7" x="601.65" y="509.55" angle="180.00" type="DEFAULT_VEHTYPE" speed="12.62" pos="104.80" lane="3/2to3/3_0" slope="0.00"/>
        <vehicle id="8" x="198.35" y="307.97" angle="0.00" type="DEFAULT_VEHTYPE" speed="13.27" pos="87.28" lane="1/2to1/1_0" slope="0.00"/>
        <vehicle id="9" x="598.35" y="118.42" angle="0.00" type="DEFAULT_VEHTYPE" speed="13.07" pos="76.83" lane="3/1to3/0_0" slope="0.00"/>
    </timestep>
    <timestep time="18.00">
        <vehicle id="0" x="210.55" y="201.65" angle="-90.00" type="DEFAULT_VEHTYPE" speed="5.45" pos="184.70" lane="2/1to1/1_0" slope="0.00"/>
        <vehicle id="1" x="198.35" y="599.90" angle="0.00" type="DEFAULT_VEHTYPE" speed="13.04" pos="4.85" lane=":1/3_1_0" slope="0.00"/>
        <vehicle id="10" x="73.02" y="398.35" angle="90.00" type="DEFAULT_VEHTYPE" speed="12.60" pos="73.02" lane="0/2to1/2_0" slope="0.00"/>
        <vehicle id="11" x="398.35" y="736.40" angle="0.00" type="DEFAULT_VEHTYPE" speed="13.27" pos="63.60" lane="2/4to2/3_0" slope="0.00"/>
        <vehicle id="12" x="398.35" y="150.31" angle="0.00" type="DEFAULT_VEHTYPE" speed="11.07" pos="44.94" lane="2/1to2/0_0" slope="0.00"/>
        <vehicle id="13" x="30.10" y="598.35" angle="90.00" type="DEFAULT_VEHTYPE" speed="8.31" pos="30.10" lane="0/3to1/3_0" slope="0.00"/>
        <vehicle id="14" x="198.35" y="373.81" angle="0.00" type="DEFAULT_VEHTYPE" speed="6.39" pos="21.44" lane="1/2to1/1_0" slope="0.00"/>
        <vehicle id="15" x="621.31" y="198.35" angle="90.00" type="DEFAULT_VEHTYPE" speed="5.82" pos="16.56" lane="3/1to4/1_0" slope="0.00"/>
        <vehicle id="16" x="789.08" y="201.65" angle="-90.00" type="DEFAULT_VEHTYPE" speed="3.66" pos="10.92" lane="4/1to3/1_0" slope="0.00"/>
        <vehicle id="17" x="398.35" y="387.98" angle="0.00" type="DEFAULT_VEHTYPE" speed="2.17" pos="7.27" lane="2/2to2/1_0" slope="0.00"/>
        <vehicle id="2" x="198.35" y="419.06" angle="0.00" type="DEFAULT_VEHTYPE" speed="8.58" pos="176.19" lane="1/3to1/2_0" slope="0.00"/>
        <vehicle id="3" x="598.35" y="33.13" angle="0.00" type="DEFAULT_VEHTYPE" speed="13.27" pos="162.12" lane="3/1to3/0_0" slope="0.00"/>
        <vehicle id="4" x="401.65" y="750.51" angle="180.00" type="DEFAULT_VEHTYPE" speed="12.72" pos="145.76" lane="2/3to2/4_0" slope="0.00"/>
        <vehicle id="5" x="55.78" y="201.65" angle="-90.00" type="DEFAULT_VEHTYPE" speed="13.36" pos="139.47" lane="1/1to0/1_0" slope="0.00"/>
        <vehicle id="6" x="729.83" y="598.35" angle="90.00" type="DEFAULT_VEHTYPE" speed="13.75" pos="125.08" lane="3/3to4/3_0" slope="0.00"/>
        <vehicle id="7" x="601.65" y="522.34" angle="180.00" type="DEFAULT_VEHTYPE" speed="12.79" pos="117.59" lane="3/2to3/3_0" slope="0.00"/>
        <vehicle id="8" x="198.35" y="294.59" angle="0.00" type="DEFAULT_VEHTYPE" speed="13.39" pos="100.66" lane="1/2to1/1_0" slope="0.00"/>
        <vehicle id="9" x="598.35" y="104.54" angle="0.00" type="DEFAULT_VEHTYPE" speed="13.88" pos="90.71" lane="3/1to3/0_0" slope="0.00"/>
    </timestep>
    <timestep time="19.00">
        <vehicle id="0" x="202.87" y="202.16" angle="-95.88" type="DEFAULT_VEHTYPE" speed="7.78" pos="1.98" lane=":1/1_4_0" slope="0.00"/>
        <vehicle id="1" x="198.35" y="587.20" angle="0.00" type="DEFAULT_VEHTYPE" speed="12.70" pos="8.05" lane="1/3to1/2_0" slope="0.00"/>
        <vehicle id="10" x="86.75" y="398.35" angle="90.00" type="DEFAULT_VEHTYPE" speed="13.73" pos="86.75" lane="0/2to1/2_0" slope="0.00"/>
        <vehicle id="11" x="398.35" y="723.53" angle="0.00" type="DEFAULT_VEHTYPE" speed="12.87" pos="76.47" lane="2/4to2/3_0" slope="0.00"/>
        <vehicle id="12" x="398.35" y="136.79" angle="0.00" type="DEFAULT_VEHTYPE" speed="13.52" pos="58.46" lane="2/1to2/0_0" slope="0.00"/>
        <vehicle id="13" x="40.89" y="598.35" angle="90.00" type="DEFAULT_VEHTYPE" speed="10.79" pos="40.89" lane="0/3to1/3_0" slope="0.00"/>
        <vehicle id="14" x="198.35" y="365.02" angle="0.00" type="DEFAULT_VEHTYPE" speed="8.79" pos="30.23" lane="1/2to1/1_0" slope="0.00"/>
        <vehicle id="15" x="629.44" y="198.35" angle="90.00" type="DEFAULT_VEHTYPE" speed="8.12" pos="24.69" lane="3/1to4/1_0" slope="0.00"/>
        <vehicle id="16" x="783.11" y="201.65" angle="-90.00" type="DEFAULT_VEHTYPE" speed="5.97" pos="16.89" lane="4/1to3/1_0" slope="0.00"/>
        <vehicle id="17" x="398.35" y="383.47" angle="0.00" type="DEFAULT_VEHTYPE" speed="4.51" pos="11.78" lane="2/2to2/1_0" slope="0.00"/>
        <vehicle id="19" x="590.15" y="601.65" angle="-90.00" type="DEFAULT_VEHTYPE" speed="0.00" pos="5.10" lane="3/3to2/3_0" slope="0.00"/>
        <vehicle id="2" x="198.35" y="412.51" angle="0.00" type="DEFAULT_VEHTYPE" speed="6.55" pos="182.74" lane="1/3to1/2_0" slope="0.00"/>
        <vehicle id="3" x="598.35" y="19.65" angle="0.00" type="DEFAULT_VEHTYPE" speed="13.48" pos="175.60" lane="3/1to3/0_0" slope="0.00"/>
        <vehicle id="4" x="401.65" y="763.47" angle="180.00" type="DEFAULT_VEHTYPE" speed="12.96" pos="158.72" lane="2/3to2/4_0" slope="0.00"/>
        <vehicle id="5" x="42.45" y="201.65" angle="-90.00" type="DEFAULT_VEHTYPE" speed="13.32" pos="152.80" lane="1/1to0/1_0" slope="0.00"/>
        <vehicle id="6" x="743.25" y="598.35" angle="90.00" type="DEFAULT_VEHTYPE" speed="13.42" pos="138.50" lane="3/3to4/3_0" slope="0.00"/>
        <vehicle id="7" x="601.65" y="535.20" angle="180.00" type="DEFAULT_VEHTYPE" speed="12.86" pos="130.45" lane="3/2to3/3_0" slope="0.00"/>
        <vehicle id="8" x="198.35" y="281.44" angle="0.00" type="DEFAULT_VEHTYPE" speed="13.15" pos="113.81" lane="1/2to1/1_0" slope="0.00"/>
        <vehicle id="9" x="598.35" y="91.22" angle="0.00" type="DEFAULT_VEHTYPE" speed="13.32" pos="104.03" lane="3/1to3/0_0" slope="0.00"/>
    </timestep>
    <timestep time="20.00">
        <vehicle id="0" x="201.65" y="211.24" angle="180.00" type="DEFAULT_VEHTYPE" speed="9.51" pos="6.49" lane="1/1to1/2_0" slope="0.00"/>
        <vehicle id="1" x="198.35" y="573.72" angle="0.00" type="DEFAULT_VEHTYPE" speed="13.48" pos="21.53" lane="1/3to1/2_0" slope="0.00"/>
        <vehicle id="10" x="99.62" y="398.35" angle="90.00" type="DEFAULT_VEHTYPE" speed="12.87" pos="99.62" lane="0/2to1/2_0" slope="0.00"/>
        <vehicle id="11" x="398.35" y="710.15" angle="0.00" type="DEFAULT_VEHTYPE" speed="13.38" pos="89.85" lane="2/4to2/3_0" slope="0.00"/>
        <vehicle id="12" x="398.35" y="123.00" angle="0.00" type="DEFAULT_VEHTYPE" speed="13.79" pos="72.25" lane="2/1to2/0_0" slope="0.00"/>
        <vehicle id="13" x="53.53" y="598.35" angle="90.00" type="DEFAULT_VEHTYPE" speed="12.64" pos="53.53" lane="0/3to1/3_0" slope="0.00"/>
        <vehicle id="14" x="198.35" y="354.83" angle="0.00" type="DEFAULT_VEHTYPE" speed="10.19" pos="40.42" lane="1/2to1/1_0" slope="0.00"/>
        <vehicle id="15" x="640.11" y="198.35" angle="90.00" type="DEFAULT_VEHTYPE" speed="10.68" pos="35.36" lane="3/1to4/1_0" slope="0.00"/>
        <vehicle id="16" x="775.52" y="201.65" angle="-90.00" type="DEFAULT_VEHTYPE" speed="7.59" pos="24.48" lane="4/1to3/1_0" slope="0.00"/>
        <vehicle id="17" x="398.35" y="377.32" angle="0.00" type="DEFAULT_VEHTYPE" speed="6.15" pos="17.93" lane="2/2to2/1_0" slope="0.00"/>
        <vehicle id="19" x="587.71" y="601.65" angle="-90.00" type="DEFAULT_VEHTYPE" speed="2.44" pos="7.54" lane="3/3to2/3_0" slope="0.00"/>
        <vehicle id="2" x="198.35" y="409.11" angle="0.00" type="DEFAULT_VEHTYPE" speed="3.40" pos="186.14" lane="1/3to1/2_0" slope="0.00"/>
        <vehicle id="20" x="794.90" y="201.65" angle="-90.00" type="DEFAULT_VEHTYPE" speed="0.00" pos="5.10" lane="4/1to3/1_0" slope="0.00"/>
        <vehicle id="3" x="598.35" y="6.35" angle="0.00" type="DEFAULT_VEHTYPE" speed="13.29" pos="188.90" lane="3/1to3/0_0" slope="0.00"/>
        <vehicle id="4" x="401.65" y="777.12" angle="180.00" type="DEFAULT_VEHTYPE" speed="13.65" pos="172.37" lane="2/3to2/4_0" slope="0.00"/>
        <vehicle id="5" x="28.86" y="201.65" angle="-90.00" type="DEFAULT_VEHTYPE" speed="13.59" pos="166.39" lane="1/1to0/1_0" slope="0.00"/>
        <vehicle id="6" x="755.93" y="598.35" angle="90.00" type="DEFAULT_VEHTYPE" speed="12.68" pos="151.18" lane="3/3to4/3_0" slope="0.00"/>
        <vehicle id="7" x="601.65" y="548.81" angle="180.00" type="DEFAULT_VEHTYPE" speed="13.61" pos="144.06" lane="3/2to3/3_0" slope="0.00"/>
        <vehicle id="8" x="198.35" y="268.28" angle="0.00" type="DEFAULT_VEHTYPE" speed="13.16" pos="126.97" lane="1/2to1/1_0" slope="0.00"/>
        <vehicle id="9" x="598.35" y="78.42" angle="0.00" type="DEFAULT_VEHTYPE" speed="12.79" pos="116.83" lane="3/1to3/0_0" slope="0.00"/>
    </timestep>
    <timestep time="21.00">
        <vehicle id="0" x="201.65" y="223.06" angle="180.00" type="DEFAULT_VEHTYPE" speed="11.82" pos="18.31" lane="1/1to1/2_0" slope="0.00"/>
        <vehicle id="1" x="198.35" y="560.41" angle="0.00" type="DEFAULT_VEHTYPE" speed="13.31" pos="34.84" lane="1/3to1/2_0" slope="0.00"/>
        <vehicle id="10" x="113.01" y="398.35" angle="90.00" type="DEFAULT_VEHTYPE" speed="13.39" pos="113.01" lane="0/2to1/2_0" slope="0.00"/>
        <vehicle id="11" x="398.35" y="696.40" angle="0.00" type="DEFAULT_VEHTYPE" speed="13.76" pos="103.60" lane="2/4to2/3_0" slope="0.00"/>
        <vehicle id="12" x="398.35" y="109.78" angle="0.00" type="DEFAULT_VEHTYPE" speed="13.21" pos="85.47" lane="2/1to2/0_0" slope="0.00"/>
        <vehicle id="13" x="67.42" y="598.35" angle="90.00" type="DEFAULT_VEHTYPE" speed="13.88" pos="67.42" lane="0/3to1/3_0" slope="0.00"/>
        <vehicle id="14" x="198.35" y="342.28" angle="0.00" type="DEFAULT_VEHTYPE" speed="12.55" pos="52.97" lane="1/2to1/1_0" slope="0.00"/>
        <vehicle id="15" x="652.64" y="198.35" angle="90.00" type="DEFAULT_VEHTYPE" speed="12.52" pos="47.89" lane="3/1to4/1_0" slope="0.00"/>
        <vehicle id="16" x="766.04" y="201.65" angle="-90.00" type="DEFAULT_VEHTYPE" speed="9.48" pos="33.96" lane="4/1to3/1_0" slope="0.00"/>
        <vehicle id="17" x="398.35" y="369.79" angle="0.00" type="DEFAULT_VEHTYPE" speed="7.53" pos="25.46" lane="2/2to2/1_0" slope="0.00"/>
        <vehicle id="18" x="201.65" y="409.85" angle="180.00" type="DEFAULT_VEHTYPE" speed="0.00" pos="5.10" lane="1/2to1/3_0" slope="0.00"/>
        <vehicle id="19" x="583.84" y="601.65" angle="-90.00" type="DEFAULT_VEHTYPE" speed="3.87" pos="11.41" lane="3/3to2/3_0" slope="0.00"/>
        <vehicle id="2" x="198.58" y="403.14" angle="2.63" type="DEFAULT_VEHTYPE" speed="5.99" pos="1.62" lane=":1/2_2_0" slope="0.00"/>
        <vehicle id="20" x="792.60" y="201.65" angle="-90.00" type="DEFAULT_VEHTYPE" speed="2.30" pos="7.40" lane="4/1to3/1_0" slope="0.00"/>
        <vehicle id="3" x="601.65" y="2.62" angle="159.10" type="DEFAULT_VEHTYPE" speed="13.79" pos="2.62" lane="3/0to3/1_0" slope="0.00"/>
        <vehicle id="4" x="401.65" y="790.46" angle="180.00" type="DEFAULT_VEHTYPE" speed="13.34" pos="185.71" lane="2/3to2/4_0" slope="0.00"/>
        <vehicle id="5" x="16.00" y="201.65" angle="-90.00" type="DEFAULT_VEHTYPE" speed="12.87" pos="179.25" lane="1/1to0/1_0" slope="0.00"/>
        <vehicle id="6" x="768.87" y="598.35" angle="90.00" type="DEFAULT_VEHTYPE" speed="12.94" pos="164.12" lane="3/3to4/3_0" slope="0.00"/>
        <vehicle id="7" x="601.65" y="561.93" angle="180.00" type="DEFAULT_VEHTYPE" speed="13.11" pos="157.18" lane="3/2to3/3_0" slope="0.00"/>
        <vehicle id="8" x="198.35" y="255.65" angle="0.00" type="DEFAULT_VEHTYPE" speed="12.62" pos="139.60" lane="1/2to1/1_0" slope="0.00"/>
        <vehicle id="9" x="598.35" y="65.29" angle="0.00" type="DEFAULT_VEHTYPE" speed="13.14" pos="129.96" lane="3/1to3/0_0" slope="0.00"/>
    </timestep>
    <timestep time="22.00">
        <vehicle id="0" x="201.65" y="236.70" angle="180.00" type="DEFAULT_VEHTYPE" speed="13.64" pos="31.95" lane="1/1to1/2_0" slope="0.00"/>
        <vehicle id="1" x="198.35" y="546.75" angle="0.00" type="DEFAULT_VEHTYPE" speed="13.66" pos="48.50" lane="1/3to1/2_0" slope="0.00"/>
        <vehicle id="10" x="125.69" y="398.35" angle="90.00" type="DEFAULT_VEHTYPE" speed="12.68" pos="125.69" lane="0/2to1/2_0" slope="0.00"/>
        <vehicle id="11" x="398.35" y="682.97" angle="0.00" type="DEFAULT_VEHTYPE" speed="13.42" pos="117.03" lane="2/4to2/3_0" slope="0.00"/>
        <vehicle id="12" x="398.35" y="95.90" angle="0.00" type="DEFAULT_VEHTYPE" speed="13.88" pos="99.35" lane="2/1to2/0_0" slope="0.00"/>
        <vehicle id="13" x="81.04" y="598.35" angle="90.00" type="DEFAULT_VEHTYPE" speed="13.62" pos="81.04" lane="0/3to1/3_0" slope="0.00"/>
        <vehicle id="14" x="198.35" y="329.46" angle="0.00" type="DEFAULT_VEHTYPE" speed="12.82" pos="65.79" lane="1/2to1/1_0" slope="0.00"/>
        <vehicle id="15" x="665.79" y="198.35" angle="90.00" type="DEFAULT_VEHTYPE" speed="13.15" pos="61.04" lane="3/1to4/1_0" slope="0.00"/>
        <vehicle id="16" x="753.99" y="201.65" angle="-90.00" type="DEFAULT_VEHTYPE" speed="12.04" pos="46.01" lane="4/1to3/1_0" slope="0.00"/>
        <vehicle id="17" x="398.35" y="359.71" angle="0.00" type="DEFAULT_VEHTYPE" speed="10.08" pos="35.54" lane="2/2to2/1_0" slope="0.00"/>
        <vehicle id="18" x="201.65" y="412.40" angle="180.00" type="DEFAULT_VEHTYPE" speed="2.55" pos="7.65" lane="1/2to1/3_0" slope="0.00"/>
        <vehicle id="19" x="578.56" y="601.65" angle="-90.00" type="DEFAULT_VEHTYPE" speed="5.27" pos="16.69" lane="3/3to2/3_0" slope="0.00"/>
        <vehicle id="2" x="204.20" y="398.43" angle="67.30" type="DEFAULT_VEHTYPE" speed="8.14" pos="2.62" lane=":1/2_16_0" slope="0.00"/>
        <vehicle id="20" x="787.76" y="201.65" angle="-90.00" type="DEFAULT_VEHTYPE" speed="4.84" pos="12.24" lane="4/1to3/1_0" slope="0.00"/>
        <vehicle id="22" x="590.15" y="401.65" angle="-90.00" type="DEFAULT_VEHTYPE" speed="0.00" pos="5.10" lane="3/2to2/2_0" slope="0.00"/>
        <vehicle id="3" x="601.65" y="16.15" angle="180.00" type="DEFAULT_VEHTYPE" speed="13.53" pos="16.15" lane="3/0to3/1_0" slope="0.00"/>
        <vehicle id="4" x="398.80" y="800.67" angle="-120.02" type="DEFAULT_VEHTYPE" speed="13.56" pos="4.02" lane=":2/4_0_0" slope="0.00"/>
        <vehicle id="5" x="2.68" y="201.65" angle="-90.00" type="DEFAULT_VEHTYPE" speed="13.32" pos="192.57" lane="1/1to0/1_0" slope="0.00"/>
        <vehicle id="6" x="782.38" y="598.35" angle="90.00" type="DEFAULT_VEHTYPE" speed="13.51" pos="177.63" lane="3/3to4/3_0" slope="0.00"/>
        <vehicle id="7" x="601.65" y="573.69" angle="180.00" type="DEFAULT_VEHTYPE" speed="11.76" pos="168.94" lane="3/2to3/3_0" slope="0.00"/>
        <vehicle id="8" x="198.35" y="242.16" angle="0.00" type="DEFAULT_VEHTYPE" speed="13.50" pos="153.09" lane="1/2to1/1_0" slope="0.00"/>
        <vehicle id="9" x="598.35" y="51.84" angle="0.00" type="DEFAULT_VEHTYPE" speed="13.45" pos="143.41" lane="3/1to3/0_0" slope="0.00"/>
    </timestep>
    <timestep time="23.00">
        <vehicle id="0" x="201.65" y="249.44" angle="180.00" type="DEFAULT_VEHTYPE" speed="12.74" pos="44.69" lane="1/1to1/2_0" slope="0.00"/>
        <vehicle id="1" x="198.35" y="533.61" angle="0.00" type="DEFAULT_VEHTYPE" speed="13.14" pos="61.64" lane="1/3to1/2_0" slope="0.00"/>
        <vehicle id="10" x="139.15" y="398.35" angle="90.00" type="DEFAULT_VEHTYPE" speed="13.46" pos="139.15" lane="0/2to1/2_0" slope="0.00"/>
        <vehicle id="11" x="398.35" y="670.23" angle="0.00" type="DEFAULT_VEHTYPE" speed="12.75" pos="129.77" lane="2/4to2/3_0" slope="0.00"/>
        <vehicle id="12" x="398.35" y="82.38" angle="0.00" type="DEFAULT_VEHTYPE" speed="13.52" pos="112.87" lane="2/1to2/0_0" slope="0.00"/>
        <vehicle id="13" x="94.74" y="598.35" angle="90.00" type="DEFAULT_VEHTYPE" speed="13.70" pos="94.74" lane="0/3to1/3_0" slope="0.00"/>
        <vehicle id="14" x="198.35" y="316.18" angle="0.00" type="DEFAULT_VEHTYPE" speed="13.28" pos="79.07" lane="1/2to1/1_0" slope="0.00"/>
        <vehicle id="15" x="679.41" y="198.35" angle="90.00" type="DEFAULT_VEHTYPE" speed="13.62" pos="74.66" lane="3/1to4/1_0" slope="0.00"/>
        <vehicle id="16" x="740.94" y="201.65" angle="-90.00" type="DEFAULT_VEHTYPE" speed="13.05" pos="59.06" lane="4/1to3/1_0" slope="0.00"/>
        <vehicle id="17" x="398.35" y="347.34" angle="0.00" type="DEFAULT_VEHTYPE" speed="12.37" pos="47.91" lane="2/2to2/1_0" slope="0.00"/>
        <vehicle id="18" x="201.65" y="417.48" angle="180.00" type="DEFAULT_VEHTYPE" speed="5.09" pos="12.73" lane="1/2to1/3_0" slope="0.00"/>
        <vehicle id="19" x="571.98" y="601.65" angle="-90.00" type="DEFAULT_VEHTYPE" speed="6.58" pos="23.27" lane="3/3to2/3_0" slope="0.00"/>
        <vehicle id="2" x="213.97" y="398.35" angle="90.00" type="DEFAULT_VEHTYPE" speed="9.78" pos="9.22" lane="1/2to2/2_0" slope="0.00"/>
        <vehicle id="20" x="780.74" y="201.65" angle="-90.00" type="DEFAULT_VEHTYPE" speed="7.02" pos="19.26" lane="4/1to3/1_0" slope="0.00"/>
        <vehicle id="21" x="201.65" y="409.85" angle="180.00" type="DEFAULT_VEHTYPE" speed="0.00" pos="5.10" lane="1/2to1/3_0" slope="0.00"/>
        <vehicle id="22" x="587.56" y="401.65" angle="-90.00" type="DEFAULT_VEHTYPE" speed="2.59" pos="7.69" lane="3/2to2/2_0" slope="0.00"/>
        <vehicle id="23" x="5.10" y="398.35" angle="90.00" type="DEFAULT_VEHTYPE" speed="0.00" pos="5.10" lane="0/2to1/2_0" slope="0.00"/>
        <vehicle id="3" x="601.65" y="29.19" angle="180.00" type="DEFAULT_VEHTYPE" speed="13.05" pos="29.19" lane="3/0to3/1_0" slope="0.00"/>
        <vehicle id="4" x="398.35" y="788.09" angle="0.00" type="DEFAULT_VEHTYPE" speed="12.71" pos="11.91" lane="2/4to2/3_0" slope="0.00"/>
        <vehicle id="5" x="5.78" y="198.35" angle="90.00" type="DEFAULT_VEHTYPE" speed="13.28" pos="5.78" lane="0/1to1/1_0" slope="0.00"/>
        <vehicle id="6" x="795.36" y="598.35" angle="90.00" type="DEFAULT_VEHTYPE" speed="12.98" pos="190.61" lane="3/3to4/3_0" slope="0.00"/>
        <vehicle id="7" x="601.65" y="582.00" angle="180.00" type="DEFAULT_VEHTYPE" speed="8.31" pos="177.25" lane="3/2to3/3_0" slope="0.00"/>
        <vehicle id="8" x="198.35" y="228.87" angle="0.00" type="DEFAULT_VEHTYPE" speed="13.29" pos="166.38" lane="1/2to1/1_0" slope="0.00"/>
        <vehicle id="9" x="598.35" y="38.60" angle="0.00" type="DEFAULT_VEHTYPE" speed="13.24" pos="156.65" lane="3/1to3/0_0" slope="0.00"/>
    </timestep>
    <timestep time="24.00">
        <vehicle id="0" x="201.65" y="262.16" angle="180.00" type="DEFAULT_VEHTYPE" speed="12.73" pos="57.41" lane="1/1to1/2_0" slope="0.00"/>
        <vehicle id="1" x="198.35" y="520.72" angle="0.00" type="DEFAULT_VEHTYPE" speed="12.89" pos="74.53" lane="1/3to1/2_0" slope="0.00"/>
        <vehicle id="10" x="152.81" y="398.35" angle="90.00" type="DEFAULT_VEHTYPE" speed="13.66" pos="152.81" lane="0/2to1/2_0" slope="0.00"/>
        <vehicle id="11" x="398.35" y="657.42" angle="0.00" type="DEFAULT_VEHTYPE" speed="12.80" pos="142.58" lane="2/4to2/3_0" slope="0.00"/>
        <vehicle id="12" x="398.35" y="69.33" angle="0.00" type="DEFAULT_VEHTYPE" speed="13.06" pos="125.92" lane="2/1to2/0_0" slope="0.00"/>
        <vehicle id="13" x="107.44" y="598.35" angle="90.00" type="DEFAULT_VEHTYPE" speed="12.70" pos="107.44" lane="0/3to1/3_0" slope="0.00"/>
        <vehicle id="14" x="198.35" y="303.03" angle="0.00" type="DEFAULT_VEHTYPE" speed="13.15" pos="92.22" lane="1/2to1/1_0" slope="0.00"/>
        <vehicle id="15" x="693.00" y="198.35" angle="90.00" type="DEFAULT_VEHTYPE" speed="13.59" pos="88.25" lane="3/1to4/1_0" slope="0.00"/>
        <vehicle id="16" x="727.70" y="201.65" angle="-90.00" type="DEFAULT_VEHTYPE" speed="13.24" pos="72.30" lane="4/1to3/1_0" slope="0.00"/>
        <vehicle id="17" x="398.35" y="333.97" angle="0.00" type="DEFAULT_VEHTYPE" speed="13.37" pos="61.28" lane="2/2to2/1_0" slope="0.00"/>
        <vehicle id="18" x="201.65" y="424.43" angle="180.00" type="DEFAULT_VEHTYPE" speed="6.94" pos="19.68" lane="1/2to1/3_0" slope="0.00"/>
        <vehicle id="19" x="563.19" y="601.65" angle="-90.00" type="DEFAULT_VEHTYPE" speed="8.79" pos="32.06" lane="3/3to2/3_0" slope="0.00"/>
        <vehicle id="2" x="225.17" y="398.35" angle="90.00" type="DEFAULT_VEHTYPE" speed="11.20" pos="20.42" lane="1/2to2/2_0" slope="0.00"/>
        <vehicle id="20" x="772.28" y="201.65" angle="-90.00" type="DEFAULT_VEHTYPE" speed="8.46" pos="27.72" lane="4/1to3/1_0" slope="0.00"/>
        <vehicle id="21" x="201.65" y="409.85" angle="180.00" type="DEFAULT_VEHTYPE" speed="0.00" pos="5.10" lane="1/2to1/3_0" slope="0.00"/>
        <vehicle id="22" x="582.80" y="401.65" angle="-90.00" type="DEFAULT_VEHTYPE" speed="4.76" pos="12.45" lane="3/2to2/2_0" slope="0.00"/>
        <vehicle id="23" x="7.18" y="398.35" angle="90.00" type="DEFAULT_VEHTYPE" speed="2.08" pos="7.18" lane="0/2to1/2_0" slope="0.00"/>
        <vehicle id="24" x="398.35" y="390.15" angle="0.00" type="DEFAULT_VEHTYPE" speed="0.00" pos="5.10" lane="2/2to2/1_0" slope="0.00"/>
        <vehicle id="3" x="601.65" y="41.85" angle="180.00" type="DEFAULT_VEHTYPE" speed="12.66" pos="41.85" lane="3/0to3/1_0" slope="0.00"/>
        <vehicle id="4" x="398.35" y="774.88" angle="0.00" type="DEFAULT_VEHTYPE" speed="13.21" pos="25.12" lane="2/4to2/3_0" slope="0.00"/>
        <vehicle id="5" x="18.42" y="198.35" angle="90.00" type="DEFAULT_VEHTYPE" speed="12.63" pos="18.42" lane="0/1to1/1_0" slope="0.00"/>
        <vehicle id="6" x="796.60" y="601.65" angle="-101.08" type="DEFAULT_VEHTYPE" speed="12.86" pos="3.40" lane="4/3to3/3_0" slope="0.00"/>
        <vehicle id="7" x="601.65" y="588.28" angle="180.00" type="DEFAULT_VEHTYPE" speed="6.28" pos="183.53" lane="3/2to3/3_0" slope="0.00"/>
        <vehicle id="8" x="198.35" y="219.32" angle="0.00" type="DEFAULT_VEHTYPE" speed="9.55" pos="175.93" lane="1/2to1/1_0" slope="0.00"/>
        <vehicle id="9" x="598.35" y="25.66" angle="0.00" type="DEFAULT_VEHTYPE" speed="12.94" pos="169.59" lane="3/1to3/0_0" slope="0.00"/>
    </timestep>
    <timestep time="25.00">
        <vehicle id="0" x="201.65" y="276.01" angle="180.00" type="DEFAULT_VEHTYPE" speed="13.84" pos="71.26" lane="1/1to1/2_0" slope="0.00"/>
        <vehicle id="1" x="198.35" y="507.85" angle="0.00" type="DEFAULT_VEHTYPE" speed="12.87" pos="87.40" lane="1/3to1/2_0" slope="0.00"/>
        <vehicle id="10" x="166.29" y="398.35" angle="90.00" type="DEFAULT_VEHTYPE" speed="13.48" pos="166.29" lane="0/2to1/2_0" slope="0.00"/>
        <vehicle id="11" x="398.35" y="644.63" angle="0.00" type="DEFAULT_VEHTYPE" speed="12.79" pos="155.37" lane="2/4to2/3_0" slope="0.00"/>
        <vehicle id="12" x="398.35" y="55.88" angle="0.00" type="DEFAULT_VEHTYPE" speed="13.45" pos="139.37" lane="2/1to2/0_0" slope="0.00"/>
        <vehicle id="13" x="121.33" y="598.35" angle="90.00" type="DEFAULT_VEHTYPE" speed="13.89" pos="121.33" lane="0/3to1/3_0" slope="0.00"/>
        <vehicle id="14" x="198.35" y="289.69" angle="0.00" type="DEFAULT_VEHTYPE" speed="13.34" pos="105.56" lane="1/2to1/1_0" slope="0.00"/>
        <vehicle id="15" x="705.61" y="198.35" angle="90.00" type="DEFAULT_VEHTYPE" speed="12.61" pos="100.86" lane="3/1to4/1_0" slope="0.00"/>
        <vehicle id="16" x="713.99" y="201.65" angle="-90.00" type="DEFAULT_VEHTYPE" speed="13.71" pos="86.01" lane="4/1to3/1_0" slope="0.00"/>
        <vehicle id="17" x="398.35" y="320.15" angle="0.00" type="DEFAULT_VEHTYPE" speed="13.82" pos="75.10" lane="2/2to2/1_0" slope="0.00"/>
        <vehicle id="18" x="201.65" y="433.06" angle="180.00" type="DEFAULT_VEHTYPE" speed="8.63" pos="28.31" lane="1/2to1/3_0" slope="0.00"/>
        <vehicle id="19" x="552.13" y="601.65" angle="-90.00" type="DEFAULT_VEHTYPE" speed="11.06" pos="43.12" lane="3/3to2/3_0" slope="0.00"/>
        <vehicle id="2" x="237.98" y="398.35" angle="90.00" type="DEFAULT_VEHTYPE" speed="12.81" pos="33.23" lane="1/2to2/2_0" slope="0.00"/>
        <vehicle id="20" x="762.34" y="201.65" angle="-90.00" type="DEFAULT_VEHTYPE" speed="9.95" pos="37.66" lane="4/1to3/1_0" slope="0.00"/>
        <vehicle id="21" x="201.65" y="411.56" angle="180.00" type="DEFAULT_VEHTYPE" speed="1.71" pos="6.81" lane="1/2to1/3_0" slope="0.00"/>
        <vehicle id="22" x="576.60" y="401.65" angle="-90.00" type="DEFAULT_VEHTYPE" speed="6.20" pos="18.65" lane="3/2to2/2_0" slope="0.00"/>
        <vehicle id="23" x="10.71" y="398.35" angle="90.00" type="DEFAULT_VEHTYPE" speed="3.53" pos="10.71" lane="0/2to1/2_0" slope="0.00"/>
        <vehicle id="24" x="398.35" y="387.62" angle="0.00" type="DEFAULT_VEHTYPE" speed="2.53" pos="7.63" lane="2/2to2/1_0" slope="0.00"/>
        <vehicle id="25" x="598.35" y="190.15" angle="0.00" type="DEFAULT_VEHTYPE" speed="0.00" pos="5.10" lane="3/1to3/0_0" slope="0.00"/>
        <vehicle id="3" x="601.65" y="55.05" angle="180.00" type="DEFAULT_VEHTYPE" speed="13.20" pos="55.05" lane="3/0to3/1_0" slope="0.00"/>
        <vehicle id="4" x="398.35" y="761.08" angle="0.00" type="DEFAULT_VEHTYPE" speed="13.80" pos="38.92" lane="2/4to2/3_0" slope="0.00"/>
        <vehicle id="5" x="32.03" y="198.35" angle="90.00" type="DEFAULT_VEHTYPE" speed="13.61" pos="32.03" lane="0/1to1/1_0" slope="0.00"/>
        <vehicle id="6" x="783.87" y="601.65" angle="-90.00" type="DEFAULT_VEHTYPE" speed="12.73" pos="16.13" lane="4/3to3/3_0" slope="0.00"/>
        <vehicle id="7" x="601.38" y="597.13" angle="-176.92" type="DEFAULT_VEHTYPE" speed="8.86" pos="1.89" lane=":3/3_10_0" slope="0.00"/>
        <vehicle id="8" x="198.35" y="213.71" angle="0.00" type="DEFAULT_VEHTYPE" speed="5.61" pos="181.54" lane="1/2to1/1_0" slope="0.00"/>
        <vehicle id="9" x="598.35" y="12.54" angle="0.00" type="DEFAULT_VEHTYPE" speed="13.11" pos="182.71" lane="3/1to3/0_0" slope="0.00"/>
    </timestep>
    <timestep time="26.00">
        <vehicle id="0" x="201.65" y="288.76" angle="180.00" type="DEFAULT_VEHTYPE" speed="12.75" pos="84.01" lane="1/1to1/2_0" slope="0.00"/>
        <vehicle id="1" x="198.35" y="494.72" angle="0.00" type="DEFAULT_VEHTYPE" speed="13.13" pos="100.53" lane="1/3to1/2_0" slope="0.00"/>
        <vehicle id="10" x="177.51" y="398.35" angle="90.00" type="DEFAULT_VEHTYPE" speed="11.22" pos="177.51" lane="0/2to1/2_0" slope="0.00"/>
        <vehicle id="11" x="398.35" y="630.88" angle="0.00" type="DEFAULT_VEHTYPE" speed="13.75" pos="169.12" lane="2/4to2/3_0" slope="0.00"/>
        <vehicle id="12" x="398.35" y="42.09" angle="0.00" type="DEFAULT_VEHTYPE" speed="13.79" pos="153.16" lane="2/1to2/0_0" slope="0.00"/>
        <vehicle id="13" x="135.12" y="598.35" angle="90.00" type="DEFAULT_VEHTYPE" speed="13.79" pos="135.12" lane="0/3to1/3_0" slope="0.00"/>
        <vehicle id="14" x="198.35" y="276.28" angle="0.00" type="DEFAULT_VEHTYPE" speed="13.41" pos="118.97" lane="1/2to1/1_0" slope="0.00"/>
        <vehicle id="15" x="719.25" y="198.35" angle="90.00" type="DEFAULT_VEHTYPE" speed="13.64" pos="114.50" lane="3/1to4/1_0" slope="0.00"/>
        <vehicle id="16" x="700.64" y="201.65" angle="-90.00" type="DEFAULT_VEHTYPE" speed="13.35" pos="99.36" lane="4/1to3/1_0" slope="0.00"/>
        <vehicle id="17" x="398.35" y="307.52" angle="0.00" type="DEFAULT_VEHTYPE" speed="12.63" pos="87.73" lane="2/2to2/1_0" slope="0.00"/>
        <vehicle id="18" x="201.65" y="443.61" angle="180.00" type="DEFAULT_VEHTYPE" speed="10.55" pos="38.86" lane="1/2to1/3_0" slope="0.00"/>
        <vehicle id="19" x="538.54" y="601.65" angle="-90.00" type="DEFAULT_VEHTYPE" speed="13.59" pos="56.71" lane="3/3to2/3_0" slope="0.00"/>
        <vehicle id="2" x="251.53" y="398.35" angle="90.00" type="DEFAULT_VEHTYPE" speed="13.55" pos="46.78" lane="1/2to2/2_0" slope="0.00"/>
        <vehicle id="20" x="750.88" y="201.65" angle="-90.00" type="DEFAULT_VEHTYPE" speed="11.46" pos="49.12" lane="4/1to3/1_0" slope="0.00"/>
        <vehicle id="21" x="201.65" y="415.72" angle="180.00" type="DEFAULT_VEHTYPE" speed="4.16" pos="10.97" lane="1/2to1/3_0" slope="0.00"/>
        <vehicle id="22" x="568.27" y="401.65" angle="-90.00" type="DEFAULT_VEHTYPE" speed="8.33" pos="26.98" lane="3/2to2/2_0" slope="0.00"/>
        <vehicle id="23" x="16.64" y="398.35" angle="90.00" type="DEFAULT_VEHTYPE" speed="5.93" pos="16.64" lane="0/2to1/2_0" slope="0.00"/>
        <vehicle id="24" x="398.35" y="383.67" angle="0.00" type="DEFAULT_VEHTYPE" speed="3.96" pos="11.58" lane="2/2to2/1_0" slope="0.00"/>
        <vehicle id="25" x="598.35" y="187.89" angle="0.00" type="DEFAULT_VEHTYPE" speed="2.26" pos="7.36" lane="3/1to3/0_0" slope="0.00"/>
        <vehicle id="26" x="401.65" y="209.85" angle="180.00" type="DEFAULT_VEHTYPE" speed="0.00" pos="5.10" lane="2/1to2/2_0" slope="0.00"/>
        <vehicle id="3" x="601.65" y="68.26" angle="180.00" type="DEFAULT_VEHTYPE" speed="13.21" pos="68.26" lane="3/0to3/1_0" slope="0.00"/>
        <vehicle id="4" x="398.35" y="747.85" angle="0.00" type="DEFAULT_VEHTYPE" speed="13.23" pos="52.15" lane="2/4to2/3_0" slope="0.00"/>
        <vehicle id="5" x="44.82" y="198.35" angle="90.00" type="DEFAULT_VEHTYPE" speed="12.79" pos="44.82" lane="0/1to1/1_0" slope="0.00"/>
        <vehicle id="6" x="770.52" y="601.65" angle="-90.00" type="DEFAULT_VEHTYPE" speed="13.34" pos="29.48" lane="4/3to3/3_0" slope="0.00"/>
        <vehicle id="7" x="592.53" y="601.65" angle="-93.70" type="DEFAULT_VEHTYPE" speed="11.15" pos="2.72" lane="3/3to2/3_0" slope="0.00"/>
        <vehicle id="8" x="198.35" y="210.42" angle="0.00" type="DEFAULT_VEHTYPE" speed="3.30" pos="184.83" lane="1/2to1/1_0" slope="0.00"/>
        <vehicle id="9" x="598.61" y="-0.39" angle="3.06" type="DEFAULT_VEHTYPE" speed="13.02" pos="0.47" lane=":3/0_0_0" slope="0.00"/>
    </timestep>
    <timestep time="27.00">
        <vehicle id="0" x="201.65" y="302.64" angle="180.00" type="DEFAULT_VEHTYPE" speed="13.88" pos="97.89" lane="1/1to1/2_0" slope="0.00"/>
        <vehicle id="1" x="198.35" y="481.12" angle="0.00" type="DEFAULT_VEHTYPE" speed="13.60" pos="114.13" lane="1/3to1/2_0" slope="0.00"/>
        <vehicle id="10" x="184.27" y="398.35" angle="90.00" type="DEFAULT_VEHTYPE" speed="6.76" pos="184.27" lane="0/2to1/2_0" slope="0.00"/>
        <vehicle id="11" x="398.35" y="617.65" angle="0.00" type="DEFAULT_VEHTYPE" speed="13.23" pos="182.35" lane="2/4to2/3_0" slope="0.00"/>
        <vehicle id="12" x="398.35" y="28.99" angle="0.00" type="DEFAULT_VEHTYPE" speed="13.10" pos="166.26" lane="2/1to2/0_0" slope="0.00"/>
        <vehicle id="13" x="149.02" y="598.35" angle="90.00" type="DEFAULT_VEHTYPE" speed="13.89" pos="149.02" lane="0/3to1/3_0" slope="0.00"/>
        <vehicle id="14" x="198.35" y="263.64" angle="0.00" type="DEFAULT_VEHTYPE" speed="12.64" pos="131.61" lane="1/2to1/1_0" slope="0.00"/>
        <vehicle id="15" x="732.45" y="198.35" angle="90.00" type="DEFAULT_VEHTYPE" speed="13.20" pos="127.70" lane="3/1to4/1_0" slope="0.00"/>
        <vehicle id="16" x="687.69" y="201.65" angle="-90.00" type="DEFAULT_VEHTYPE" speed="12.95" pos="112.31" lane="4/1to3/1_0" slope="0.00"/>
        <vehicle id="17" x="398.35" y="294.72" angle="0.00" type="DEFAULT_VEHTYPE" speed="12.80" pos="100.53" lane="2/2to2/1_0" slope="0.00"/>
        <vehicle id="18" x="201.65" y="455.70" angle="180.00" type="DEFAULT_VEHTYPE" speed="12.10" pos="50.95" lane="1/2to1/3_0" slope="0.00"/>
        <vehicle id="19" x="525.39" y="601.65" angle="-90.00" type="DEFAULT_VEHTYPE" speed="13.16" pos="69.86" lane="3/3to2/3_0" slope="0.00"/>
        <vehicle id="2" x="265.36" y="398.35" angle="90.00" type="DEFAULT_VEHTYPE" speed="13.83" pos="60.61" lane="1/2to2/2_0" slope="0.00"/>
        <vehicle id="20" x="738.11" y="201.65" angle="-90.00" type="DEFAULT_VEHTYPE" speed="12.77" pos="61.89" lane="4/1to3/1_0" slope="0.00"/>
        <vehicle id="21" x="201.65" y="421.49" angle="180.00" type="DEFAULT_VEHTYPE" speed="5.77" pos="16.74" lane="1/2to1/3_0" slope="0.00"/>
        <vehicle id="22" x="557.39" y="401.65" angle="-90.00" type="DEFAULT_VEHTYPE" speed="10.88" pos="37.86" lane="3/2to2/2_0" slope="0.00"/>
        <vehicle id="23" x="24.06" y="398.35" angle="90.00" type="DEFAULT_VEHTYPE" speed="7.42" pos="24.06" lane="0/2to1/2_0" slope="0.00"/>
        <vehicle id="24" x="398.35" y="377.54" angle="0.00" type="DEFAULT_VEHTYPE" speed="6.13" pos="17.71" lane="2/2to2/1_0" slope="0.00"/>
        <vehicle id="25" x="598.35" y="184.25" angle="0.00" type="DEFAULT_VEHTYPE" speed="3.64" pos="11.00" lane="3/1to3/0_0" slope="0.00"/>
        <vehicle id="26" x="401.65" y="211.61" angle="180.00" type="DEFAULT_VEHTYPE" speed="1.76" pos="6.86" lane="2/1to2/2_0" slope="0.00"/>
        <vehicle id="27" x="5.10" y="398.35" angle="90.00" type="DEFAULT_VEHTYPE" speed="0.00" pos="5.10" lane="0/2to1/2_0" slope="0.00"/>
        <vehicle id="3" x="601.65" y="82.01" angle="180.00" type="DEFAULT_VEHTYPE" speed="13.74" pos="82.01" lane="3/0to3/1_0" slope="0.00"/>
        <vehicle id="4" x="398.35" y="734.78" angle="0.00" type="DEFAULT_VEHTYPE" speed="13.07" pos="65.22" lane="2/4to2/3_0" slope="0.00"/>
        <vehicle id="5" x="58.54" y="198.35" angle="90.00" type="DEFAULT_VEHTYPE" speed="13.72" pos="58.54" lane="0/1to1/1_0" slope="0.00"/>
        <vehicle id="6" x="757.89" y="601.65" angle="-90.00" type="DEFAULT_VEHTYPE" speed="12.64" pos="42.11" lane="4/3to3/3_0" slope="0.00"/>
        <vehicle id="7" x="578.97" y="601.65" angle="-90.00" type="DEFAULT_VEHTYPE" speed="13.56" pos="16.28" lane="3/3to2/3_0" slope="0.00"/>
        <vehicle id="8" x="198.35" y="205.31" angle="0.00" type="DEFAULT_VEHTYPE" speed="5.11" pos="189.94" lane="1/2to1/1_0" slope="0.00"/>
        <vehicle id="9" x="601.65" y="8.32" angle="180.00" type="DEFAULT_VEHTYPE" speed="12.66" pos="8.32" lane="3/0to3/1_0" slope="0.00"/>
    </timestep>
    <timestep time="28.00">
        <vehicle id="0" x="201.65" y="315.34" angle="180.00" type="DEFAULT_VEHTYPE" speed="12.69" pos="110.59" lane="1/1to1/2_0" slope="0.00"/>
        <vehicle id="1" x="198.35" y="468.09" angle="0.00" type="DEFAULT_VEHTYPE" speed="13.02" pos="127.16" lane="1/3to1/2_0" slope="0.00"/>
        <vehicle id="10" x="189.04" y="398.35" angle="90.00" type="DEFAULT_VEHTYPE" speed="4.78" pos="189.04" lane="0/2to1/2_0" slope="0.00"/>
        <vehicle id="11" x="398.30" y="604.43" angle="-0.52" type="DEFAULT_VEHTYPE" speed="13.23" pos="0.33" lane=":2/3_0_0" slope="0.00"/>
        <vehicle id="12" x="398.35" y="15.77" angle="0.00" type="DEFAULT_VEHTYPE" speed="13.22" pos="179.48" lane="2/1to2/0_0" slope="0.00"/>
        <vehicle id="13" x="162.21" y="598.35" angle="90.00" type="DEFAULT_VEHTYPE" speed="13.19" pos="162.21" lane="0/3to1/3_0" slope="0.00"/>
        <vehicle id="14" x="198.35" y="250.43" angle="0.00" type="DEFAULT_VEHTYPE" speed="13.21" pos="144.82" lane="1/2to1/1_0" slope="0.00"/>
        <vehicle id="15" x="746.15" y="198.35" angle="90.00" type="DEFAULT_VEHTYPE" speed="13.70" pos="141.40" lane="3/1to4/1_0" slope="0.00"/>
        <vehicle id="16" x="674.51" y="201.65" angle="-90.00" type="DEFAULT_VEHTYPE" speed="13.18" pos="125.49" lane="4/1to3/1_0" slope="0.00"/>
        <vehicle id="17" x="398.35" y="280.92" angle="0.00" type="DEFAULT_VEHTYPE" speed="13.79" pos="114.33" lane="2/2to2/1_0" slope="0.00"/>
        <vehicle id="18" x="201.65" y="469.38" angle="180.00" type="DEFAULT_VEHTYPE" speed="13.67" pos="64.63" lane="1/2to1/3_0" slope="0.00"/>
        <vehicle id="19" x="511.64" y="601.65" angle="-90.00" type="DEFAULT_VEHTYPE" speed="13.74" pos="83.61" lane="3/3to2/3_0" slope="0.00"/>
        <vehicle id="2" x="278.21" y="398.35" angle="90.00" type="DEFAULT_VEHTYPE" speed="12.85" pos="73.46" lane="1/2to2/2_0" slope="0.00"/>
        <vehicle id="20" x="724.77" y="201.65" angle="-90.00" type="DEFAULT_VEHTYPE" speed="13.35" pos="75.23" lane="4/1to3/1_0" slope="0.00"/>
        <vehicle id="21" x="201.65" y="429.06" angle="180.00" type="DEFAULT_VEHTYPE" speed="7.57" pos="24.31" lane="1/2to1/3_0" slope="0.00"/>
        <vehicle id="22" x="544.00" y="401.65" angle="-90.00" type="DEFAULT_VEHTYPE" speed="13.39" pos="51.25" lane="3/2to2/2_0" slope="0.00"/>
        <vehicle id="23" x="33.02" y="398.35" angle="90.00" type="DEFAULT_VEHTYPE" speed="8.96" pos="33.02" lane="0/2to1/2_0" slope="0.00"/>
        <vehicle id="24" x="398.35" y="370.10" angle="0.00" type="DEFAULT_VEHTYPE" speed="7.44" pos="25.15" lane="2/2to2/1_0" slope="0.00"/>
        <vehicle id="25" x="598.35" y="178.98" angle="0.00" type="DEFAULT_VEHTYPE" speed="5.27" pos="16.27" lane="3/1to3/0_0" slope="0.00"/>
        <vehicle id="26" x="401.65" y="214.86" angle="180.00" type="DEFAULT_VEHTYPE" speed="3.24" pos="10.11" lane="2/1to2/2_0" slope="0.00"/>
        <vehicle id="27" x="6.68" y="398.35" angle="90.00" type="DEFAULT_VEHTYPE" speed="1.58" pos="6.68" lane="0/2to1/2_0" slope="0.00"/>
        <vehicle id="28" x="794.90" y="601.65" angle="-90.00" type="DEFAULT_VEHTYPE" speed="0.00" pos="5.10" lane="4/3to3/3_0" slope="0.00"/>
        <vehicle id="3" x="601.65" y="95.74" angle="180.00" type="DEFAULT_VEHTYPE" speed="13.73" pos="95.74" lane="3/0to3/1_0" slope="0.00"/>
        <vehicle id="4" x="398.35" y="721.43" angle="0.00" type="DEFAULT_VEHTYPE" speed="13.34" pos="78.57" lane="2/4to2/3_0" slope="0.00"/>
        <vehicle id="5" x="72.06" y="198.35" angle="90.00" type="DEFAULT_VEHTYPE" speed="13.52" pos="72.06" lane="0/1to1/1_0" slope="0.00"/>
        <vehicle id="6" x="744.13" y="601.65" angle="-90.00" type="DEFAULT_VEHTYPE" speed="13.76" pos="55.87" lane="4/3to3/3_0" slope="0.00"/>
        <vehicle id="7" x="565.40" y="601.65" angle="-90.00" type="DEFAULT_VEHTYPE" speed="13.56" pos="29.85" lane="3/3to2/3_0" slope="0.00"/>
        <vehicle id="8" x="201.65" y="206.81" angle="148.54" type="DEFAULT_VEHTYPE" speed="7.44" pos="2.06" lane="1/1to1/2_0" slope="0.00"/>
        <vehicle id="9" x="601.65" y="21.00" angle="180.00" type="DEFAULT_VEHTYPE" speed="12.68" pos="21.00" lane="3/0to3/1_0" slope="0.00"/>
    </timestep>
    <timestep time="29.00">
        <vehicle id="0" x="201.65" y="328.99" angle="180.00" type="DEFAULT_VEHTYPE" speed="13.65" pos="124.24" lane="1/1to1/2_0" slope="0.00"/>
        <vehicle id="1" x="198.35" y="454.56" angle="0.00" type="DEFAULT_VEHTYPE" speed="13.53" pos="140.69" lane="1/3to1/2_0" slope="0.00"/>
        <vehicle id="10" x="195.21" y="398.35" angle="90.00" type="DEFAULT_VEHTYPE" speed="6.16" pos="195.21" lane="0/2to1/2_0" slope="0.00"/>
        <vehicle id="11" x="386.32" y="601.65" angle="-90.00" type="DEFAULT_VEHTYPE" speed="13.60" pos="8.93" lane="2/3to1/3_0" slope="0.00"/>
        <vehicle id="12" x="398.35" y="2.80" angle="0.00" type="DEFAULT_VEHTYPE" speed="12.97" pos="192.45" lane="2/1to2/0_0" slope="0.00"/>
        <vehicle id="13" x="174.45" y="598.35" angle="90.00" type="DEFAULT_VEHTYPE" speed="12.25" pos="174.45" lane="0/3to1/3_0" slope="0.00"/>
        <vehicle id="14" x="198.35" y="236.85" angle="0.00" type="DEFAULT_VEHTYPE" speed="13.58" pos="158.40" lane="1/2to1/1_0" slope="0.00"/>
        <vehicle id="15" x="758.85" y="198.35" angle="90.00" type="DEFAULT_VEHTYPE" speed="12.70" pos="154.10" lane="3/1to4/1_0" slope="0.00"/>
        <vehicle id="16" x="661.48" y="201.65" angle="-90.00" type="DEFAULT_VEHTYPE" speed="13.03" pos="138.52" lane="4/1to3/1_0" slope="0.00"/>
        <vehicle id="17" x="398.35" y="268.22" angle="0.00" type="DEFAULT_VEHTYPE" speed="12.70" pos="127.03" lane="2/2to2/1_0" slope="0.00"/>
        <vehicle id="18" x="201.65" y="482.00" angle="180.00" type="DEFAULT_VEHTYPE" speed="12.62" pos="77.25" lane="1/2to1/3_0" slope="0.00"/>
        <vehicle id="19" x="498.99" y="601.65" angle="-90.00" type="DEFAULT_VEHTYPE" speed="12.65" pos="96.26" lane="3/3to2/3_0" slope="0.00"/>
        <vehicle id="2" x="291.53" y="398.35" angle="90.00" type="DEFAULT_VEHTYPE" speed="13.32" pos="86.78" lane="1/2to2/2_0" slope="0.00"/>
        <vehicle id="20" x="712.00" y="201.65" angle="-90.00" type="DEFAULT_VEHTYPE" speed="12.77" pos="88.00" lane="4/1to3/1_0" slope="0.00"/>
        <vehicle id="21" x="201.65" y="438.68" angle="180.00" type="DEFAULT_VEHTYPE" speed="9.62" pos="33.93" lane="1/2to1/3_0" slope="0.00"/>
        <vehicle id="22" x="530.40" y="401.65" angle="-90.00" type="DEFAULT_VEHTYPE" speed="13.60" pos="64.85" lane="3/2to2/2_0" slope="0.00"/>
        <vehicle id="23" x="43.46" y="398.35" angle="90.00" type="DEFAULT_VEHTYPE" speed="10.44" pos="43.46" lane="0/2to1/2_0" slope="0.00"/>
        <vehicle id="24" x="398.35" y="360.61" angle="0.00" type="DEFAULT_VEHTYPE" speed="9.49" pos="34.64" lane="2/2to2/1_0" slope="0.00"/>
        <vehicle id="25" x="598.35" y="171.36" angle="0.00" type="DEFAULT_VEHTYPE" speed="7.62" pos="23.89" lane="3/1to3/0_0" slope="0.00"/>
        <vehicle id="26" x="401.65" y="220.06" angle="180.00" type="DEFAULT_VEHTYPE" speed="5.21" pos="15.31" lane="2/1to2/2_0" slope="0.00"/>
        <vehicle id="27" x="9.61" y="398.35" angle="90.00" type="DEFAULT_VEHTYPE" speed="2.93" pos="9.61" lane="0/2to1/2_0" slope="0.00"/>
        <vehicle id="28" x="793.06" y="601.65" angle="-90.00" type="DEFAULT_VEHTYPE" speed="1.84" pos="6.94" lane="4/3to3/3_0" slope="0.00"/>
        <vehicle id="29" x="598.35" y="190.15" angle="0.00" type="DEFAULT_VEHTYPE" speed="0.00" pos="5.10" lane="3/1to3/0_0" slope="0.00"/>
        <vehicle id="3" x="601.65" y="108.63" angle="180.00" type="DEFAULT_VEHTYPE" speed="12.89" pos="108.63" lane="3/0to3/1_0" slope="0.00"/>
        <vehicle id="4" x="398.35" y="708.04" angle="0.00" type="DEFAULT_VEHTYPE" speed="13.39" pos="91.96" lane="2/4to2/3_0" slope="0.00"/>
        <vehicle id="5" x="85.74" y="198.35" angle="90.00" type="DEFAULT_VEHTYPE" speed="13.69" pos="85.74" lane="0/1to1/1_0" slope="0.00"/>
        <vehicle id="6" x="730.63" y="601.65" angle="-90.00" type="DEFAULT_VEHTYPE" speed="13.50" pos="69.37" lane="4/3to3/3_0" slope="0.00"/>
        <vehicle id="7" x="552.23" y="601.65" angle="-90.00" type="DEFAULT_VEHTYPE" speed="13.17" pos="43.02" lane="3/3to2/3_0" slope="0.00"/>
        <vehicle id="8" x="201.65" y="216.74" angle="180.00" type="DEFAULT_VEHTYPE" speed="9.93" pos="11.99" lane="1/1to1/2_0" slope="0.00"/>
        <vehicle id="9" x="601.65" y="34.52" angle="180.00" type="DEFAULT_VEHTYPE" speed="13.52" pos="34.52" lane="3/0to3/1_0" slope="0.00"/>
    </timestep>
    <timestep time="30.00">
        <vehicle id="0" x="201.65" y="342.16" angle="180.00" type="DEFAULT_VEHTYPE" speed="13.17" pos="137.41" lane="1/1to1/2_0" slope="0.00"/>
        <vehicle id="1" x="198.35" y="441.71" angle="0.00" type="DEFAULT_VEHTYPE" speed="12.85" pos="153.54" lane="1/3to1/2_0" slope="0.00"/>
        <vehicle id="10" x="198.35" y="391.97" angle="4.30" type="DEFAULT_VEHTYPE" speed="8.32" pos="3.28" lane="1/2to1/1_0" slope="0.00"/>
        <vehicle id="11" x="372.52" y="601.65" angle="-90.00" type="DEFAULT_VEHTYPE" speed="13.81" pos="22.73" lane="2/3to1/3_0" slope="0.00"/>
        <vehicle id="12" x="401.65" y="5.62" angle="180.00" type="DEFAULT_VEHTYPE" speed="13.24" pos="5.62" lane="2/0to2/1_0" slope="0.00"/>
        <vehicle id="13" x="183.29" y="598.35" angle="90.00" type="DEFAULT_VEHTYPE" speed="8.84" pos="183.29" lane="0/3to1/3_0" slope="0.00"/>
        <vehicle id="14" x="198.35" y="224.94" angle="0.00" type="DEFAULT_VEHTYPE" speed="11.91" pos="170.31" lane="1/2to1/1_0" slope="0.00"/>
        <vehicle id="15" x="772.72" y="198.35" angle="90.00" type="DEFAULT_VEHTYPE" speed="13.87" pos="167.97" lane="3/1to4/1_0" slope="0.00"/>
        <vehicle id="16" x="648.25" y="201.65" angle="-90.00" type="DEFAULT_VEHTYPE" speed="13.24" pos="151.75" lane="4/1to3/1_0" slope="0.00"/>
        <vehicle id="17" x="398.35" y="254.91" angle="0.00" type="DEFAULT_VEHTYPE" speed="13.31" pos="140.34" lane="2/2to2/1_0" slope="0.00"/>
        <vehicle id="18" x="201.65" y="495.72" angle="180.00" type="DEFAULT_VEHTYPE" speed="13.72" pos="90.97" lane="1/2to1/3_0" slope="0.00"/>
        <vehicle id="19" x="485.45" y="601.65" angle="-90.00" type="DEFAULT_VEHTYPE" speed="13.55" pos="109.80" lane="3/3to2/3_0" slope="0.00"/>
        <vehicle id="2" x="304.61" y="398.35" angle="90.00" type="DEFAULT_VEHTYPE" speed="13.08" pos="99.86" lane="1/2to2/2_0" slope="0.00"/>
        <vehicle id="20" x="699.18" y="201.65" angle="-90.00" type="DEFAULT_VEHTYPE" speed="12.82" pos="100.82" lane="4/1to3/1_0" slope="0.00"/>
        <vehicle id="21" x="201.65" y="450.00" angle="180.00" type="DEFAULT_VEHTYPE" speed="11.32" pos="45.25" lane="1/2to1/3_0" slope="0.00"/>
        <vehicle id="22" x="517.25" y="401.65" angle="-90.00" type="DEFAULT_VEHTYPE" speed="13.15" pos="78.00" lane="3/2to2/2_0" slope="0.00"/>
        <vehicle id="23" x="55.37" y="398.35" angle="90.00" type="DEFAULT_VEHTYPE" speed="11.91" pos="55.37" lane="0/2to1/2_0" slope="0.00"/>
        <vehicle id="24" x="398.35" y="349.29" angle="0.00" type="DEFAULT_VEHTYPE" speed="11.32" pos="45.96" lane="2/2to2/1_0" slope="0.00"/>
        <vehicle id="25" x="598.35" y="161.81" angle="0.00" type="DEFAULT_VEHTYPE" speed="9.54" pos="33.44" lane="3/1to3/0_0" slope="0.00"/>
        <vehicle id="26" x="401.65" y="226.73" angle="180.00" type="DEFAULT_VEHTYPE" speed="6.67" pos="21.98" lane="2/1to2/2_0" slope="0.00"/>
        <vehicle id="27" x="14.02" y="398.35" angle="90.00" type="DEFAULT_VEHTYPE" speed="4.41" pos="14.02" lane="0/2to1/2_0" slope="0.00"/>
        <vehicle id="28" x="788.86" y="601.65" angle="-90.00" type="DEFAULT_VEHTYPE" speed="4.20" pos="11.14" lane="4/3to3/3_0" slope="0.00"/>
        <vehicle id="29" x="598.35" y="188.32" angle="0.00" type="DEFAULT_VEHTYPE" speed="1.83" pos="6.93" lane="3/1to3/0_0" slope="0.00"/>
        <vehicle id="3" x="601.65" y="122.06" angle="180.00" type="DEFAULT_VEHTYPE" speed="13.44" pos="122.06" lane="3/0to3/1_0" slope="0.00"/>
        <vehicle id="30" x="5.10" y="198.35" angle="90.00" type="DEFAULT_VEHTYPE" speed="0.00" pos="5.10" lane="0/1to1/1_0" slope="0.00"/>
        <vehicle id="4" x="398.35" y="695.09" angle="0.00" type="DEFAULT_VEHTYPE" speed="12.95" pos="104.91" lane="2/4to2/3_0" slope="0.00"/>
        <vehicle id="5" x="98.72" y="198.35" angle="90.00" type="DEFAULT_VEHTYPE" speed="12.98" pos="98.72" lane="0/1to1/1_0" slope="0.00"/>
        <vehicle id="6" x="717.79" y="601.65" angle="-90.00" type="DEFAULT_VEHTYPE" speed="12.83" pos="82.21" lane="4/3to3/3_0" slope="0.00"/>
        <vehicle id="7" x="539.43" y="601.65" angle="-90.00" type="DEFAULT_VEHTYPE" speed="12.80" pos="55.82" lane="3/3to2/3_0" slope="0.00"/>
        <vehicle id="8" x="201.65" y="229.03" angle="180.00" type="DEFAULT_VEHTYPE" speed="12.29" pos="24.28" lane="1/1to1/2_0" slope="0.00"/>
        <vehicle id="9" x="601.65" y="47.59" angle="180.00" type="DEFAULT_VEHTYPE" speed="13.07" pos="47.59" lane="3/0to3/1_0" slope="0.00"/>
    </timestep>
    <timestep time="31.00">
        <vehicle id="0" x="201.65" y="355.79" angle="180.00" type="DEFAULT_VEHTYPE" speed="13.63" pos="151.04" lane="1/1to1/2_0" slope="0.00"/>
        <vehicle id="1" x="198.35" y="427.98" angle="0.00" type="DEFAULT_VEHTYPE" speed="13.73" pos="167.27" lane="1/3to1/2_0" slope="0.00"/>
        <vehicle id="10" x="198.35" y="382.29" angle="0.00" type="DEFAULT_VEHTYPE" speed="9.67" pos="12.96" lane="1/2to1/1_0" slope="0.00"/>
        <vehicle id="11" x="358.65" y="601.65" angle="-90.00" type="DEFAULT_VEHTYPE" speed="13.87" pos="36.60" lane="2/3to1/3_0" slope="0.00"/>
        <vehicle id="12" x="401.65" y="19.35" angle="180.00" type="DEFAULT_VEHTYPE" speed="13.73" pos="19.35" lane="2/0to2/1_0" slope="0.00"/>
        <vehicle id="13" x="188.26" y="598.35" angle="90.00" type="DEFAULT_VEHTYPE" speed="4.96" pos="188.26" lane="0/3to1/3_0" slope="0.00"/>
        <vehicle id="14" x="198.35" y="217.11" angle="0.00" type="DEFAULT_VEHTYPE" speed="7.83" pos="178.14" lane="1/2to1/1_0" slope="0.00"/>
        <vehicle id="15" x="785.49" y="198.35" angle="90.00" type="DEFAULT_VEHTYPE" speed="12.77" pos="180.74" lane="3/1to4/1_0" slope="0.00"/>
        <vehicle id="16" x="635.62" y="201.65" angle="-90.00" type="DEFAULT_VEHTYPE" speed="12.62" pos="164.38" lane="4/1to3/1_0" slope="0.00"/>
        <vehicle id="17" x="398.35" y="241.50" angle="0.00" type="DEFAULT_VEHTYPE" speed="13.41" pos="153.75" lane="2/2to2/1_0" slope="0.00"/>
        <vehicle id="18" x="201.65" y="508.75" angle="180.00" type="DEFAULT_VEHTYPE" speed="13.04" pos="104.00" lane="1/2to1/3_0" slope="0.00"/>
        <vehicle id="19" x="471.59" y="601.65" angle="-90.00" type="DEFAULT_VEHTYPE" speed="13.86" pos="123.66" lane="3/3to2/3_0" slope="0.00"/>
        <vehicle id="2" x="317.99" y="398.35" angle="90.00" type="DEFAULT_VEHTYPE" speed="13.38" pos="113.24" lane="1/2to2/2_0" slope="0.00"/>
        <vehicle id="20" x="686.35" y="201.65" angle="-90.00" type="DEFAULT_VEHTYPE" speed="12.84" pos="113.65" lane="4/1to3/1_0" slope="0.00"/>
        <vehicle id="21" x="201.65" y="462.83" angle="180.00" type="DEFAULT_VEHTYPE" speed="12.82" pos="58.08" lane="1/2to1/3_0" slope="0.00"/>
        <vehicle id="22" x="504.49" y="401.65" angle="-90.00" type="DEFAULT_VEHTYPE" speed="12.76" pos="90.76" lane="3/2to2/2_0" slope="0.00"/>
        <vehicle id="23" x="68.04" y="398.35" angle="90.00" type="DEFAULT_VEHTYPE" speed="12.67" pos="68.04" lane="0/2to1/2_0" slope="0.00"/>
        <vehicle id="24" x="398.35" y="336.10" angle="0.00" type="DEFAULT_VEHTYPE" speed="13.19" pos="59.15" lane="2/2to2/1_0" slope="0.00"/>
        <vehicle id="25" x="598.35" y="150.86" angle="0.00" type="DEFAULT_VEHTYPE" speed="10.95" pos="44.39" lane="3/1to3/0_0" slope="0.00"/>
        <vehicle id="26" x="401.65" y="235.96" angle="180.00" type="DEFAULT_VEHTYPE" speed="9.23" pos="31.21" lane="2/1to2/2_0" slope="0.00"/>
        <vehicle id="27" x="20.11" y="398.35" angle="90.00" type="DEFAULT_VEHTYPE" speed="6.09" pos="20.11" lane="0/2to1/2_0" slope="0.00"/>
        <vehicle id="28" x="782.90" y="601.65" angle="-90.00" type="DEFAULT_VEHTYPE" speed="5.96" pos="17.10" lane="4/3to3/3_0" slope="0.00"/>
        <vehicle id="29" x="598.35" y="184.77" angle="0.00" type="DEFAULT_VEHTYPE" speed="3.55" pos="10.48" lane="3/1to3/0_0" slope="0.00"/>
        <vehicle id="3" x="601.65" y="135.76" angle="180.00" type="DEFAULT_VEHTYPE" speed="13.70" pos="135.76" lane="3/0to3/1_0" slope="0.00"/>
        <vehicle id="30" x="7.49" y="198.35" angle="90.00" type="DEFAULT_VEHTYPE" speed="2.39" pos="7.49" lane="0/1to1/1_0" slope="0.00"/>
        <vehicle id="31" x="5.10" y="598.35" angle="90.00" type="DEFAULT_VEHTYPE" speed="0.00" pos="5.10" lane="0/3to1/3_0" slope="0.00"/>
        <vehicle id="4" x="398.35" y="681.21" angle="0.00" type="DEFAULT_VEHTYPE" speed="13.88" pos="118.79" lane="2/4to2/3_0" slope="0.00"/>
        <vehicle id="5" x="111.96" y="198.35" angle="90.00" type="DEFAULT_VEHTYPE" speed="13.24" pos="111.96" lane="0/1to1/1_0" slope="0.00"/>
        <vehicle id="6" x="705.06" y="601.65" angle="-90.00" type="DEFAULT_VEHTYPE" speed="12.74" pos="94.94" lane="4/3to3/3_0" slope="0.00"/>
        <vehicle id="7" x="526.71" y="601.65" angle="-90.00" type="DEFAULT_VEHTYPE" speed="12.72" pos="68.54" lane="3/3to2/3_0" slope="0.00"/>
        <vehicle id="8" x="201.65" y="242.03" angle="180.00" type="DEFAULT_VEHTYPE" speed="13.00" pos="37.28" lane="1/1to1/2_0" slope="0.00"/>
        <vehicle id="9" x="601.65" y="60.22" angle="180.00" type="DEFAULT_VEHTYPE" speed="12.62" pos="60.22" lane="3/0to3/1_0" slope="0.00"/>
    </timestep>
    <timestep time="32.00">
        <vehicle id="0" x="201.65" y="369.50" angle="180.00" type="DEFAULT_VEHTYPE" speed="13.71" pos="164.75" lane="1/1to1/2_0" slope="0.00"/>
        <vehicle id="1" x="198.35" y="414.25" angle="0.00" type="DEFAULT_VEHTYPE" speed="13.73" pos="181.00" lane="1/3to1/2_0" slope="0.00"/>
        <vehicle id="10" x="198.35" y="371.31" angle="0.00" type="DEFAULT_VEHTYPE" speed="10.98" pos="23.94" lane="1/2to1/1_0" slope="0.00"/>
        <vehicle id="11" x="345.02" y="601.65" angle="-90.00" type="DEFAULT_VEHTYPE" speed="13.62" pos="50.23" lane="2/3to1/3_0" slope="0.00"/>
        <vehicle id="12" x="401.65" y="32.62" angle="180.00" type="DEFAULT_VEHTYPE" speed="13.27" pos="32.62" lane="2/0to2/1_0" slope="0.00"/>
        <vehicle id="13" x="194.89" y="598.35" angle="90.00" type="DEFAULT_VEHTYPE" speed="6.64" pos="194.89" lane="0/3to1/3_0" slope="0.00"/>
        <vehicle id="14" x="198.35" y="212.14" angle="0.00" type="DEFAULT_VEHTYPE" speed="4.97" pos="183.11" lane="1/2to1/1_0" slope="0.00"/>
        <vehicle id="15" x="799.08" y="198.35" angle="90.00" type="DEFAULT_VEHTYPE" speed="13.59" pos="194.33" lane="3/1to4/1_0" slope="0.00"/>
        <vehicle id="16" x="624.27" y="201.65" angle="-90.00" type="DEFAULT_VEHTYPE" speed="11.35" pos="175.73" lane="4/1to3/1_0" slope="0.00"/>
        <vehicle id="17" x="398.35" y="228.79" angle="0.00" type="DEFAULT_VEHTYPE" speed="12.71" pos="166.46" lane="2/2to2/1_0" slope="0.00"/>
        <vehicle id="18" x="201.65" y="522.37" angle="180.00" type="DEFAULT_VEHTYPE" speed="13.61" pos="117.62" lane="1/2to1/3_0" slope="0.00"/>
        <vehicle id="19" x="458.69" y="601.65" angle="-90.00" type="DEFAULT_VEHTYPE" speed="12.90" pos="136.56" lane="3/3to2/3_0" slope="0.00"/>
        <vehicle id="2" x="331.70" y="398.35" angle="90.00" type="DEFAULT_VEHTYPE" speed="13.71" pos="126.95" lane="1/2to2/2_0" slope="0.00"/>
        <vehicle id="20" x="672.63" y="201.65" angle="-90.00" type="DEFAULT_VEHTYPE" speed="13.72" pos="127.37" lane="4/1to3/1_0" slope="0.00"/>
        <vehicle id="21" x="201.65" y="476.37" angle="180.00" type="DEFAULT_VEHTYPE" speed="13.55" pos="71.62" lane="1/2to1/3_0" slope="0.00"/>
        <vehicle id="22" x="491.54" y="401.65" angle="-90.00" type="DEFAULT_VEHTYPE" speed="12.95" pos="103.71" lane="3/2to2/2_0" slope="0.00"/>
        <vehicle id="23" x="81.14" y="398.35" angle="90.00" type="DEFAULT_VEHTYPE" speed="13.10" pos="81.14" lane="0/2to1/2_0" slope="0.00"/>
        <vehicle id="24" x="398.35" y="322.22" angle="0.00" type="DEFAULT_VEHTYPE" speed="13.88" pos="73.03" lane="2/2to2/1_0" slope="0.00"/>
        <vehicle id="25" x="598.35" y="138.29" angle="0.00" type="DEFAULT_VEHTYPE" speed="12.57" pos="56.96" lane="3/1to3/0_0" slope="0.00"/>
        <vehicle id="26" x="401.65" y="246.88" angle="180.00" type="DEFAULT_VEHTYPE" speed="10.92" pos="42.13" lane="2/1to2/2_0" slope="0.00"/>
        <vehicle id="27" x="28.19" y="398.35" angle="90.00" type="DEFAULT_VEHTYPE" speed="8.08" pos="28.19" lane="0/2to1/2_0" slope="0.00"/>
        <vehicle id="28" x="775.59" y="601.65" angle="-90.00" type="DEFAULT_VEHTYPE" speed="7.31" pos="24.41" lane="4/3to3/3_0" slope="0.00"/>
        <vehicle id="29" x="598.35" y="179.55" angle="0.00" type="DEFAULT_VEHTYPE" speed="5.22" pos="15.70" lane="3/1to3/0_0" slope="0.00"/>
        <vehicle id="3" x="601.65" y="148.88" angle="180.00" type="DEFAULT_VEHTYPE" speed="13.11" pos="148.88" lane="3/0to3/1_0" slope="0.00"/>
        <vehicle id="30" x="11.55" y="198.35" angle="90.00" type="DEFAULT_VEHTYPE" speed="4.05" pos="11.55" lane="0/1to1/1_0" slope="0.00"/>
        <vehicle id="31" x="7.22" y="598.35" angle="90.00" type="DEFAULT_VEHTYPE" speed="2.12" pos="7.22" lane="0/3to1/3_0" slope="0.00"/>
        <vehicle id="32" x="401.65" y="409.85" angle="180.00" type="DEFAULT_VEHTYPE" speed="0.00" pos="5.10" lane="2/2to2/3_0" slope="0.00"/>
        <vehicle id="4" x="398.35" y="667.46" angle="0.00" type="DEFAULT_VEHTYPE" speed="13.76" pos="132.54" lane="2/4to2/3_0" slope="0.00"/>
        <vehicle id="5" x="125.73" y="198.35" angle="90.00" type="DEFAULT_VEHTYPE" speed="13.77" pos="125.73" lane="0/1to1/1_0" slope="0.00"/>
        <vehicle id="6" x="691.43" y="601.65" angle="-90.00" type="DEFAULT_VEHTYPE" speed="13.62" pos="108.57" lane="4/3to3/3_0" slope="0.00"/>
        <vehicle id="7" x="513.39" y="601.65" angle="-90.00" type="DEFAULT_VEHTYPE" speed="13.31" pos="81.86" lane="3/3to2/3_0" slope="0.00"/>
        <vehicle id="8" x="201.65" y="255.40" angle="180.00" type="DEFAULT_VEHTYPE" speed="13.38" pos="50.65" lane="1/1to1/2_0" slope="0.00"/>
        <vehicle id="9" x="601.65" y="73.53" angle="180.00" type="DEFAULT_VEHTYPE" speed="13.31" pos="73.53" lane="3/0to3/1_0" slope="0.00"/>
    </timestep>
    <timestep time="33.00">
        <vehicle id="0" x="201.65" y="383.22" angle="180.00" type="DEFAULT_VEHTYPE" speed="13.72" pos="178.47" lane="1/1to1/2_0" slope="0.00"/>
        <vehicle id="1" x="198.35" y="401.63" angle="0.00" type="DEFAULT_VEHTYPE" speed="12.62" pos="3.12" lane=":1/2_1_0" slope="0.00"/>
        <vehicle id="10" x="198.35" y="358.44" angle="0.00" type="DEFAULT_VEHTYPE" speed="12.87" pos="36.81" lane="1/2to1/1_0" slope="0.00"/>
        <vehicle id="11" x="331.62" y="601.65" angle="-90.00" type="DEFAULT_VEHTYPE" speed="13.41" pos="63.63" lane="2/3to1/3_0" slope="0.00"/>
        <vehicle id="12" x="401.65" y="46.05" angle="180.00" type="DEFAULT_VEHTYPE" speed="13.43" pos="46.05" lane="2/0to2/1_0" slope="0.00"/>
        <vehicle id="13" x="198.35" y="592.49" angle="7.45" type="DEFAULT_VEHTYPE" speed="8.12" pos="2.76" lane="1/3to1/2_0" slope="0.00"/>
        <vehicle id="14" x="198.35" y="209.60" angle="0.00" type="DEFAULT_VEHTYPE" speed="2.54" pos="185.65" lane="1/2to1/1_0" slope="0.00"/>
        <vehicle id="15" x="791.94" y="201.65" angle="-90.00" type="DEFAULT_VEHTYPE" speed="13.80" pos="8.06" lane="4/1to3/1_0" slope="0.00"/>
        <vehicle id="16" x="616.36" y="201.65" angle="-90.00" type="DEFAULT_VEHTYPE" speed="7.92" pos="183.64" lane="4/1to3/1_0" slope="0.00"/>
        <vehicle id="17" x="398.35" y="218.89" angle="0.00" type="DEFAULT_VEHTYPE" speed="9.90" pos="176.36" lane="2/2to2/1_0" slope="0.00"/>
        <vehicle id="18" x="201.65" y="535.74" angle="180.00" type="DEFAULT_VEHTYPE" speed="13.38" pos="130.99" lane="1/2to1/3_0" slope="0.00"/>
        <vehicle id="19" x="445.53" y="601.65" angle="-90.00" type="DEFAULT_VEHTYPE" speed="13.16" pos="149.72" lane="3/3to2/3_0" slope="0.00"/>
        <vehicle id="2" x="344.56" y="398.35" angle="90.00" type="DEFAULT_VEHTYPE" speed="12.86" pos="139.81" lane="1/2to2/2_0" slope="0.00"/>
        <vehicle id="20" x="659.28" y="201.65" angle="-90.00" type="DEFAULT_VEHTYPE" speed="13.35" pos="140.72" lane="4/1to3/1_0" slope="0.00"/>
        <vehicle id="21" x="201.65" y="489.06" angle="180.00" type="DEFAULT_VEHTYPE" speed="12.69" pos="84.31" lane="1/2to1/3_0" slope="0.00"/>
        <vehicle id="22" x="478.61" y="401.65" angle="-90.00" type="DEFAULT_VEHTYPE" speed="12.94" pos="116.64" lane="3/2to2/2_0" slope="0.00"/>
        <vehicle id="23" x="94.32" y="398.35" angle="90.00" type="DEFAULT_VEHTYPE" speed="13.18" pos="94.32" lane="0/2to1/2_0" slope="0.00"/>
        <vehicle id="24" x="398.35" y="308.76" angle="0.00" type="DEFAULT_VEHTYPE" speed="13.46" pos="86.49" lane="2/2to2/1_0" slope="0.00"/>
        <vehicle id="25" x="598.35" y="125.07" angle="0.00" type="DEFAULT_VEHTYPE" speed="13.22" pos="70.18" lane="3/1to3/0_0" slope="0.00"/>
        <vehicle id="26" x="401.65" y="259.77" angle="180.00" type="DEFAULT_VEHTYPE" speed="12.89" pos="55.02" lane="2/1to2/2_0" slope="0.00"/>
        <vehicle id="27" x="38.65" y="398.35" angle="90.00" type="DEFAULT_VEHTYPE" speed="10.46" pos="38.65" lane="0/2to1/2_0" slope="0.00"/>
        <vehicle id="28" x="766.30" y="601.65" angle="-90.00" type="DEFAULT_VEHTYPE" speed="9.29" pos="33.70" lane="4/3to3/3_0" slope="0.00"/>
        <vehicle id="29" x="598.35" y="172.03" angle="0.00" type="DEFAULT_VEHTYPE" speed="7.51" pos="23.22" lane="3/1to3/0_0" slope="0.00"/>
        <vehicle id="3" x="601.65" y="162.38" angle="180.00" type="DEFAULT_VEHTYPE" speed="13.50" pos="162.38" lane="3/0to3/1_0" slope="0.00"/>
        <vehicle id="30" x="17.01" y="198.35" angle="90.00" type="DEFAULT_VEHTYPE" speed="5.47" pos="17.01" lane="0/1to1/1_0" slope="0.00"/>
        <vehicle id="31" x="11.04" y="598.35" angle="90.00" type="DEFAULT_VEHTYPE" speed="3.82" pos="11.04" lane="0/3to1/3_0" slope="0.00"/>
        <vehicle id="32" x="401.65" y="412.38" angle="180.00" type="DEFAULT_VEHTYPE" speed="2.53" pos="7.63" lane="2/2to2/3_0" slope="0.00"/>
        <vehicle id="33" x="209.85" y="598.35" angle="90.00" type="DEFAULT_VEHTYPE" speed="0.00" pos="5.10" lane="1/3to2/3_0" slope="0.00"/>
        <vehicle id="4" x="398.35" y="654.29" angle="0.00" type="DEFAULT_VEHTYPE" speed="13.16" pos="145.71" lane="2/4to2/3_0" slope="0.00"/>
        <vehicle id="5" x="138.97" y="198.35" angle="90.00" type="DEFAULT_VEHTYPE" speed="13.24" pos="138.97" lane="0/1to1/1_0" slope="0.00"/>
        <vehicle id="6" x="677.94" y="601.65" angle="-90.00" type="DEFAULT_VEHTYPE" speed="13.49" pos="122.06" lane="4/3to3/3_0" slope="0.00"/>
        <vehicle id="7" x="500.10" y="601.65" angle="-90.00" type="DEFAULT_VEHTYPE" speed="13.30" pos="95.15" lane="3/3to2/3_0" slope="0.00"/>
        <vehicle id="8" x="201.65" y="268.49" angle="180.00" type="DEFAULT_VEHTYPE" speed="13.08" pos="63.74" lane="1/1to1/2_0" slope="0.00"/>
        <vehicle id="9" x="601.65" y="86.47" angle="180.00" type="DEFAULT_VEHTYPE" speed="12.94" pos="86.47" lane="3/0to3/1_0" slope="0.00"/>
    </timestep>
    <timestep time="34.00">
        <vehicle id="0" x="201.65" y="396.80" angle="180.00" type="DEFAULT_VEHTYPE" speed="13.58" pos="1.55" lane=":1/2_9_0" slope="0.00"/>
        <vehicle id="1" x="198.35" y="387.76" angle="0.00" type="DEFAULT_VEHTYPE" speed="13.87" pos="7.49" lane="1/2to1/1_0" slope="0.00"/>
        <vehicle id="10" x="198.35" y="345.27" angle="0.00" type="DEFAULT_VEHTYPE" speed="13.17" pos="49.98" lane="1/2to1/1_0" slope="0.00"/>
        <vehicle id="11" x="318.95" y="601.65" angle="-90.00" type="DEFAULT_VEHTYPE" speed="12.67" pos="76.30" lane="2/3to1/3_0" slope="0.00"/>
        <vehicle id="12" x="401.65" y="59.30" angle="180.00" type="DEFAULT_VEHTYPE" speed="13.25" pos="59.30" lane="2/0to2/1_0" slope="0.00"/>
        <vehicle id="13" x="198.35" y="582.89" angle="0.00" type="DEFAULT_VEHTYPE" speed="9.60" pos="12.36" lane="1/3to1/2_0" slope="0.00"/>
        <vehicle id="14" x="198.35" y="204.95" angle="0.00" type="DEFAULT_VEHTYPE" speed="4.65" pos="190.30" lane="1/2to1/1_0" slope="0.00"/>
        <vehicle id="15" x="778.70" y="201.65" angle="-90.00" type="DEFAULT_VEHTYPE" speed="13.24" pos="21.30" lane="4/1to3/1_0" slope="0.00"/>
        <vehicle id="16" x="611.74" y="201.65" angle="-90.00" type="DEFAULT_VEHTYPE" speed="4.61" pos="188.26" lane="4/1to3/1_0" slope="0.00"/>
        <vehicle id="17" x="398.35" y="212.59" angle="0.00" type="DEFAULT_VEHTYPE" speed="6.30" pos="182.66" lane="2/2to2/1_0" slope="0.00"/>
        <vehicle id="18" x="201.65" y="548.36" angle="180.00" type="DEFAULT_VEHTYPE" speed="12.61" pos="143.61" lane="1/2to1/3_0" slope="0.00"/>
        <vehicle id="19" x="432.66" y="601.65" angle="-90.00" type="DEFAULT_VEHTYPE" speed="12.87" pos="162.59" lane="3/3to2/3_0" slope="0.00"/>
        <vehicle id="2" x="357.29" y="398.35" angle="90.00" type="DEFAULT_VEHTYPE" speed="12.72" pos="152.54" lane="1/2to2/2_0" slope="0.00"/>
        <vehicle id="20" x="646.50" y="201.65" angle="-90.00" type="DEFAULT_VEHTYPE" speed="12.77" pos="153.50" lane="4/1to3/1_0" slope="0.00"/>
        <vehicle id="21" x="201.65" y="501.78" angle="180.00" type="DEFAULT_VEHTYPE" speed="12.72" pos="97.03" lane="1/2to1/3_0" slope="0.00"/>
        <vehicle id="22" x="465.62" y="401.65" angle="-90.00" type="DEFAULT_VEHTYPE" speed="12.99" pos="129.63" lane="3/2to2/2_0" slope="0.00"/>
        <vehicle id="23" x="107.54" y="398.35" angle="90.00" type="DEFAULT_VEHTYPE" speed="13.22" pos="107.54" lane="0/2to1/2_0" slope="0.00"/>
        <vehicle id="24" x="398.35" y="295.25" angle="0.00" type="DEFAULT_VEHTYPE" speed="13.51" pos="100.00" lane="2/2to2/1_0" slope="0.00"/>
        <vehicle id="25" x="598.35" y="112.42" angle="0.00" type="DEFAULT_VEHTYPE" speed="12.65" pos="82.83" lane="3/1to3/0_0" slope="0.00"/>
        <vehicle id="26" x="401.65" y="273.24" angle="180.00" type="DEFAULT_VEHTYPE" speed="13.46" pos="68.49" lane="2/1to2/2_0" slope="0.00"/>
        <vehicle id="27" x="50.43" y="398.35" angle="90.00" type="DEFAULT_VEHTYPE" speed="11.78" pos="50.43" lane="0/2to1/2_0" slope="0.00"/>
        <vehicle id="28" x="755.44" y="601.65" angle="-90.00" type="DEFAULT_VEHTYPE" speed="10.85" pos="44.56" lane="4/3to3/3_0" slope="0.00"/>
        <vehicle id="29" x="598.35" y="162.91" angle="0.00" type="DEFAULT_VEHTYPE" speed="9.13" pos="32.34" lane="3/1to3/0_0" slope="0.00"/>
        <vehicle id="3" x="601.65" y="173.81" angle="180.00" type="DEFAULT_VEHTYPE" speed="11.44" pos="173.81" lane="3/0to3/1_0" slope="0.00"/>
        <vehicle id="30" x="23.85" y="198.35" angle="90.00" type="DEFAULT_VEHTYPE" speed="6.84" pos="23.85" lane="0/1to1/1_0" slope="0.00"/>
        <vehicle id="31" x="16.49" y="598.35" angle="90.00" type="DEFAULT_VEHTYPE" speed="5.46" pos="16.49" lane="0/3to1/3_0" slope="0.00"/>
        <vehicle id="32" x="401.65" y="416.26" angle="180.00" type="DEFAULT_VEHTYPE" speed="3.88" pos="11.51" lane="2/2to2/3_0" slope="0.00"/>
        <vehicle id="33" x="212.36" y="598.35" angle="90.00" type="DEFAULT_VEHTYPE" speed="2.51" pos="7.61" lane="1/3to2/3_0" slope="0.00"/>
        <vehicle id="34" x="794.90" y="601.65" angle="-90.00" type="DEFAULT_VEHTYPE" speed="0.00" pos="5.10" lane="4/3to3/3_0" slope="0.00"/>
        <vehicle id="4" x="398.35" y="640.42" angle="0.00" type="DEFAULT_VEHTYPE" speed="13.87" pos="159.58" lane="2/4to2/3_0" slope="0.00"/>
        <vehicle id="5" x="151.58" y="198.35" angle="90.00" type="DEFAULT_VEHTYPE" speed="12.61" pos="151.58" lane="0/1to1/1_0" slope="0.00"/>
        <vehicle id="6" x="664.77" y="601.65" angle="-90.00" type="DEFAULT_VEHTYPE" speed="13.17" pos="135.23" lane="4/3to3/3_0" slope="0.00"/>
        <vehicle id="7" x="486.74" y="601.65" angle="-90.00" type="DEFAULT_VEHTYPE" speed="13.35" pos="108.51" lane="3/3to2/3_0" slope="0.00"/>
        <vehicle id="8" x="201.65" y="282.03" angle="180.00" type="DEFAULT_VEHTYPE" speed="13.54" pos="77.28" lane="1/1to1/2_0" slope="0.00"/>
        <vehicle id="9" x="601.65" y="100.22" angle="180.00" type="DEFAULT_VEHTYPE" speed="13.75" pos="100.22" lane="3/0to3/1_0" slope="0.00"/>
    </timestep>
    <timestep time="35.00">
        <vehicle id="0" x="201.65" y="409.75" angle="180.00" type="DEFAULT_VEHTYPE" speed="12.95" pos="5.00" lane="1/2to1/3_0" slope="0.00"/>
        <vehicle id="1" x="198.35" y="375.09" angle="0.00" type="DEFAULT_VEHTYPE" speed="12.67" pos="20.16" lane="1/2to1/1_0" slope="0.00"/>
        <vehicle id="10" x="198.35" y="331.65" angle="0.00" type="DEFAULT_VEHTYPE" speed="13.62" pos="63.60" lane="1/2to1/1_0" slope="0.00"/>
        <vehicle id="11" x="305.33" y="601.65" angle="-90.00" type="DEFAULT_VEHTYPE" speed="13.62" pos="89.92" lane="2/3to1/3_0" slope="0.00"/>
        <vehicle id="12" x="401.65" y="72.20" angle="180.00" type="DEFAULT_VEHTYPE" speed="12.89" pos="72.20" lane="2/0to2/1_0" slope="0.00"/>
        <vehicle id="13" x="198.35" y="570.87" angle="0.00" type="DEFAULT_VEHTYPE" speed="12.02" pos="24.38" lane="1/3to1/2_0" slope="0.00"/>
        <vehicle id="14" x="201.65" y="206.85" angle="149.31" type="DEFAULT_VEHTYPE" speed="7.12" pos="2.10" lane="1/1to1/2_0" slope="0.00"/>
        <vehicle id="15" x="765.29" y="201.65" angle="-90.00" type="DEFAULT_VEHTYPE" speed="13.42" pos="34.71" lane="4/1to3/1_0" slope="0.00"/>
        <vehicle id="16" x="605.09" y="201.65" angle="-90.00" type="DEFAULT_VEHTYPE" speed="6.65" pos="194.91" lane="4/1to3/1_0" slope="0.00"/>
        <vehicle id="17" x="398.35" y="210.06" angle="0.00" type="DEFAULT_VEHTYPE" speed="2.53" pos="185.19" lane="2/2to2/1_0" slope="0.00"/>
        <vehicle id="18" x="201.65" y="561.47" angle="180.00" type="DEFAULT_VEHTYPE" speed="13.11" pos="156.72" lane="1/2to1/3_0" slope="0.00"/>
        <vehicle id="19" x="421.66" y="601.65" angle="-90.00" type="DEFAULT_VEHTYPE" speed="11.00" pos="173.59" lane="3/3to2/3_0" slope="0.00"/>
        <vehicle id="2" x="370.11" y="398.35" angle="90.00" type="DEFAULT_VEHTYPE" speed="12.82" pos="165.36" lane="1/2to2/2_0" slope="0.00"/>
        <vehicle id="20" x="633.41" y="201.65" angle="-90.00" type="DEFAULT_VEHTYPE" speed="13.10" pos="166.59" lane="4/1to3/1_0" slope="0.00"/>
        <vehicle id="21" x="201.65" y="514.53" angle="180.00" type="DEFAULT_VEHTYPE" speed="12.75" pos="109.78" lane="1/2to1/3_0" slope="0.00"/>
        <vehicle id="22" x="452.34" y="401.65" angle="-90.00" type="DEFAULT_VEHTYPE" speed="13.28" pos="142.91" lane="3/2to2/2_0" slope="0.00"/>
        <vehicle id="23" x="120.98" y="398.35" angle="90.00" type="DEFAULT_VEHTYPE" speed="13.44" pos="120.98" lane="0/2to1/2_0" slope="0.00"/>
        <vehicle id="24" x="398.35" y="282.37" angle="0.00" type="DEFAULT_VEHTYPE" speed="12.88" pos="112.88" lane="2/2to2/1_0" slope="0.00"/>
        <vehicle id="25" x="598.35" y="98.69" angle="0.00" type="DEFAULT_VEHTYPE" speed="13.73" pos="96.56" lane="3/1to3/0_0" slope="0.00"/>
        <vehicle id="26" x="401.65" y="286.00" angle="180.00" type="DEFAULT_VEHTYPE" speed="12.76" pos="81.25" lane="2/1to2/2_0" slope="0.00"/>
        <vehicle id="27" x="63.59" y="398.35" angle="90.00" type="DEFAULT_VEHTYPE" speed="13.16" pos="63.59" lane="0/2to1/2_0" slope="0.00"/>
        <vehicle id="28" x="742.48" y="601.65" angle="-90.00" type="DEFAULT_VEHTYPE" speed="12.96" pos="57.52" lane="4/3to3/3_0" slope="0.00"/>
        <vehicle id="29" x="598.35" y="151.21" angle="0.00" type="DEFAULT_VEHTYPE" speed="11.70" pos="44.04" lane="3/1to3/0_0" slope="0.00"/>
        <vehicle id="3" x="601.65" y="182.81" angle="180.00" type="DEFAULT_VEHTYPE" speed="8.99" pos="182.81" lane="3/0to3/1_0" slope="0.00"/>
        <vehicle id="30" x="32.24" y="198.35" angle="90.00" type="DEFAULT_VEHTYPE" speed="8.39" pos="32.24" lane="0/1to1/1_0" slope="0.00"/>
        <vehicle id="31" x="23.68" y="598.35" angle="90.00" type="DEFAULT_VEHTYPE" speed="7.19" pos="23.68" lane="0/3to1/3_0" slope="0.00"/>
        <vehicle id="32" x="401.65" y="422.20" angle="180.00" type="DEFAULT_VEHTYPE" speed="5.94" pos="17.45" lane="2/2to2/3_0" slope="0.00"/>
        <vehicle id="33" x="216.42" y="598.35" angle="90.00" type="DEFAULT_VEHTYPE" speed="4.05" pos="11.67" lane="1/3to2/3_0" slope="0.00"/>
        <vehicle id="34" x="792.71" y="601.65" angle="-90.00" type="DEFAULT_VEHTYPE" speed="2.19" pos="7.29" lane="4/3to3/3_0" slope="0.00"/>
        <vehicle id="4" x="398.35" y="626.56" angle="0.00" type="DEFAULT_VEHTYPE" speed="13.87" pos="173.44" lane="2/4to2/3_0" slope="0.00"/>
        <vehicle id="5" x="164.64" y="198.35" angle="90.00" type="DEFAULT_VEHTYPE" speed="13.05" pos="164.64" lane="0/1to1/1_0" slope="0.00"/>
        <vehicle id="6" x="652.14" y="601.65" angle="-90.00" type="DEFAULT_VEHTYPE" speed="12.63" pos="147.86" lane="4/3to3/3_0" slope="0.00"/>
        <vehicle id="7" x="473.87" y="601.65" angle="-90.00" type="DEFAULT_VEHTYPE" speed="12.87" pos="121.38" lane="3/3to2/3_0" slope="0.00"/>
        <vehicle id="8" x="201.65" y="295.04" angle="180.00" type="DEFAULT_VEHTYPE" speed="13.01" pos="90.29" lane="1/1to1/2_0" slope="0.00"/>
        <vehicle id="9" x="601.65" y="114.05" angle="180.00" type="DEFAULT_VEHTYPE" speed="13.83" pos="114.05" lane="3/0to3/1_0" slope="0.00"/>
    </timestep>
    <timestep time="36.00">
        <vehicle id="0" x="201.65" y="423.55" angle="180.00" type="DEFAULT_VEHTYPE" speed="13.79" pos="18.80" lane="1/2to1/3_0" slope="0.00"/>
        <vehicle id="1" x="198.35" y="362.13" angle="0.00" type="DEFAULT_VEHTYPE" speed="12.95" pos="33.12" lane="1/2to1/1_0" slope="0.00"/>
        <vehicle id="10" x="198.35" y="318.23" angle="0.00" type="DEFAULT_VEHTYPE" speed="13.42" pos="77.02" lane="1/2to1/1_0" slope="0.00"/>
        <vehicle id="11" x="292.65" y="601.65" angle="-90.00" type="DEFAULT_VEHTYPE" speed="12.68" pos="102.60" lane="2/3to1/3_0" slope="0.00"/>
        <vehicle id="12" x="401.65" y="85.57" angle="180.00" type="DEFAULT_VEHTYPE" speed="13.37" pos="85.57" lane="2/0to2/1_0" slope="0.00"/>
        <vehicle id="13" x="198.35" y="557.85" angle="0.00" type="DEFAULT_VEHTYPE" speed="13.01" pos="37.40" lane="1/3to1/2_0" slope="0.00"/>
        <vehicle id="14" x="201.65" y="216.12" angle="180.00" type="DEFAULT_VEHTYPE" speed="9.27" pos="11.37" lane="1/1to1/2_0" slope="0.00"/>
        <vehicle id="15" x="751.82" y="201.65" angle="-90.00" type="DEFAULT_VEHTYPE" speed="13.47" pos="48.18" lane="4/1to3/1_0" slope="0.00"/>
        <vehicle id="16" x="601.65" y="207.72" angle="-173.80" type="DEFAULT_VEHTYPE" speed="8.31" pos="2.97" lane="3/1to3/2_0" slope="0.00"/>
        <vehicle id="17" x="398.35" y="205.02" angle="0.00" type="DEFAULT_VEHTYPE" speed="5.04" pos="190.23" lane="2/2to2/1_0" slope="0.00"/>
        <vehicle id="18" x="201.65" y="574.85" angle="180.00" type="DEFAULT_VEHTYPE" speed="13.38" pos="170.10" lane="1/2to1/3_0" slope="0.00"/>
        <vehicle id="19" x="414.69" y="601.65" angle="-90.00" type="DEFAULT_VEHTYPE" speed="6.97" pos="180.56" lane="3/3to2/3_0" slope="0.00"/>
        <vehicle id="2" x="379.88" y="398.35" angle="90.00" type="DEFAULT_VEHTYPE" speed="9.77" pos="175.13" lane="1/2to2/2_0" slope="0.00"/>
        <vehicle id="20" x="622.81" y="201.65" angle="-90.00" type="DEFAULT_VEHTYPE" speed="10.59" pos="177.19" lane="4/1to3/1_0" slope="0.00"/>
        <vehicle id="21" x="201.65" y="528.10" angle="180.00" type="DEFAULT_VEHTYPE" speed="13.57" pos="123.35" lane="1/2to1/3_0" slope="0.00"/>
        <vehicle id="22" x="438.49" y="401.65" angle="-90.00" type="DEFAULT_VEHTYPE" speed="13.85" pos="156.76" lane="3/2to2/2_0" slope="0.00"/>
        <vehicle id="23" x="133.60" y="398.35" angle="90.00" type="DEFAULT_VEHTYPE" speed="12.63" pos="133.60" lane="0/2to1/2_0" slope="0.00"/>
        <vehicle id="24" x="398.35" y="268.64" angle="0.00" type="DEFAULT_VEHTYPE" speed="13.73" pos="126.61" lane="2/2to2/1_0" slope="0.00"/>
        <vehicle id="25" x="598.35" y="85.08" angle="0.00" type="DEFAULT_VEHTYPE" speed="13.61" pos="110.17" lane="3/1to3/0_0" slope="0.00"/>
        <vehicle id="26" x="401.65" y="298.78" angle="180.00" type="DEFAULT_VEHTYPE" speed="12.78" pos="94.03" lane="2/1to2/2_0" slope="0.00"/>
        <vehicle id="27" x="77.27" y="398.35" angle="90.00" type="DEFAULT_VEHTYPE" speed="13.69" pos="77.27" lane="0/2to1/2_0" slope="0.00"/>
        <vehicle id="28" x="728.65" y="601.65" angle="-90.00" type="DEFAULT_VEHTYPE" speed="13.82" pos="71.35" lane="4/3to3/3_0" slope="0.00"/>
        <vehicle id="29" x="598.35" y="138.51" angle="0.00" type="DEFAULT_VEHTYPE" speed="12.70" pos="56.74" lane="3/1to3/0_0" slope="0.00"/>
        <vehicle id="3" x="601.65" y="188.57" angle="180.00" type="DEFAULT_VEHTYPE" speed="5.77" pos="188.57" lane="3/0to3/1_0" slope="0.00"/>
        <vehicle id="30" x="41.95" y="198.35" angle="90.00" type="DEFAULT_VEHTYPE" speed="9.71" pos="41.95" lane="0/1to1/1_0" slope="0.00"/>
        <vehicle id="31" x="32.99" y="598.35" angle="90.00" type="DEFAULT_VEHTYPE" speed="9.31" pos="32.99" lane="0/3to1/3_0" slope="0.00"/>
        <vehicle id="32" x="401.65" y="429.63" angle="180.00" type="DEFAULT_VEHTYPE" speed="7.43" pos="24.88" lane="2/2to2/3_0" slope="0.00"/>
        <vehicle id="33" x="222.89" y="598.35" angle="90.00" type="DEFAULT_VEHTYPE" speed="6.48" pos="18.14" lane="1/3to2/3_0" slope="0.00"/>
        <vehicle id="34" x="789.04" y="601.65" angle="-90.00" type="DEFAULT_VEHTYPE" speed="3.67" pos="10.96" lane="4/3to3/3_0" slope="0.00"/>
        <vehicle id="35" x="201.65" y="409.85" angle="180.00" type="DEFAULT_VEHTYPE" speed="0.00" pos="5.10" lane="1/2to1/3_0" slope="0.00"/>
        <vehicle id="4" x="398.35" y="613.34" angle="0.00" type="DEFAULT_VEHTYPE" speed="13.21" pos="186.66" lane="2/4to2/3_0" slope="0.00"/>
        <vehicle id="5" x="176.13" y="198.35" angle="90.00" type="DEFAULT_VEHTYPE" speed="11.50" pos="176.13" lane="0/1to1/1_0" slope="0.00"/>
        <vehicle id="6" x="639.34" y="601.65" angle="-90.00" type="DEFAULT_VEHTYPE" speed="12.80" pos="160.66" lane="4/3to3/3_0" slope="0.00"/>
        <vehicle id="7" x="461.02" y="601.65" angle="-90.00" type="DEFAULT_VEHTYPE" speed="12.85" pos="134.23" lane="3/3to2/3_0" slope="0.00"/>
        <vehicle id="8" x="201.65" y="307.86" angle="180.00" type="DEFAULT_VEHTYPE" speed="12.82" pos="103.11" lane="1/1to1/2_0" slope="0.00"/>
        <vehicle id="9" x="601.65" y="127.25" angle="180.00" type="DEFAULT_VEHTYPE" speed="13.20" pos="127.25" lane="3/0to3/1_0" slope="0.00"/>
    </timestep>
    <timestep time="37.00">
        <vehicle id="0" x="201.65" y="436.79" angle="180.00" type="DEFAULT_VEHTYPE" speed="13.24" pos="32.04" lane="1/2to1/3_0" slope="0.00"/>
        <vehicle id="1" x="198.35" y="348.33" angle="0.00" type="DEFAULT_VEHTYPE" speed="13.80" pos="46.92" lane="1/2to1/1_0" slope="0.00"/>
        <vehicle id="10" x="198.35" y="305.14" angle="0.00" type="DEFAULT_VEHTYPE" speed="13.09" pos="90.11" lane="1/2to1/1_0" slope="0.00"/>
        <vehicle id="11" x="280.03" y="601.65" angle="-90.00" type="DEFAULT_VEHTYPE" speed="12.62" pos="115.22" lane="2/3to1/3_0" slope="0.00"/>
        <vehicle id="12" x="401.65" y="99.26" angle="180.00" type="DEFAULT_VEHTYPE" speed="13.69" pos="99.26" lane="2/0to2/1_0" slope="0.00"/>
        <vehicle id="13" x="198.35" y="544.96" angle="0.00" type="DEFAULT_VEHTYPE" speed="12.89" pos="50.29" lane="1/3to1/2_0" slope="0.00"/>
        <vehicle id="14" x="201.65" y="227.83" angle="180.00" type="DEFAULT_VEHTYPE" speed="11.71" pos="23.08" lane="1/1to1/2_0" slope="0.00"/>
        <vehicle id="15" x="738.01" y="201.65" angle="-90.00" type="DEFAULT_VEHTYPE" speed="13.81" pos="61.99" lane="4/1to3/1_0" slope="0.00"/>
        <vehicle id="16" x="601.65" y="217.83" angle="180.00" type="DEFAULT_VEHTYPE" speed="10.11" pos="13.08" lane="3/1to3/2_0" slope="0.00"/>
        <vehicle id="17" x="401.65" y="206.83" angle="148.96" type="DEFAULT_VEHTYPE" speed="7.17" pos="2.08" lane="2/1to2/2_0" slope="0.00"/>
        <vehicle id="18" x="201.65" y="588.45" angle="180.00" type="DEFAULT_VEHTYPE" speed="13.60" pos="183.70" lane="1/2to1/3_0" slope="0.00"/>
        <vehicle id="19" x="410.51" y="601.65" angle="-90.00" type="DEFAULT_VEHTYPE" speed="4.17" pos="184.74" lane="3/3to2/3_0" slope="0.00"/>
        <vehicle id="2" x="386.40" y="398.35" angle="90.00" type="DEFAULT_VEHTYPE" speed="6.52" pos="181.65" lane="1/2to2/2_0" slope="0.00"/>
        <vehicle id="20" x="615.61" y="201.65" angle="-90.00" type="DEFAULT_VEHTYPE" speed="7.20" pos="184.39" lane="4/1to3/1_0" slope="0.00"/>
        <vehicle id="21" x="201.65" y="541.32" angle="180.00" type="DEFAULT_VEHTYPE" speed="13.22" pos="136.57" lane="1/2to1/3_0" slope="0.00"/>
        <vehicle id="22" x="425.97" y="401.65" angle="-90.00" type="DEFAULT_VEHTYPE" speed="12.52" pos="169.28" lane="3/2to2/2_0" slope="0.00"/>
        <vehicle id="23" x="146.74" y="398.35" angle="90.00" type="DEFAULT_VEHTYPE" speed="13.14" pos="146.74" lane="0/2to1/2_0" slope="0.00"/>
        <vehicle id="24" x="398.35" y="255.02" angle="0.00" type="DEFAULT_VEHTYPE" speed="13.62" pos="140.23" lane="2/2to2/1_0" slope="0.00"/>
        <vehicle id="25" x="598.35" y="71.62" angle="0.00" type="DEFAULT_VEHTYPE" speed="13.45" pos="123.63" lane="3/1to3/0_0" slope="0.00"/>
        <vehicle id="26" x="401.65" y="312.13" angle="180.00" type="DEFAULT_VEHTYPE" speed="13.35" pos="107.38" lane="2/1to2/2_0" slope="0.00"/>
        <vehicle id="27" x="90.94" y="398.35" angle="90.00" type="DEFAULT_VEHTYPE" speed="13.67" pos="90.94" lane="0/2to1/2_0" slope="0.00"/>
        <vehicle id="28" x="715.58" y="601.65" angle="-90.00" type="DEFAULT_VEHTYPE" speed="13.08" pos="84.42" lane="4/3to3/3_0" slope="0.00"/>
        <vehicle id="29" x="598.35" y="125.65" angle="0.00" type="DEFAULT_VEHTYPE" speed="12.86" pos="69.60" lane="3/1to3/0_0" slope="0.00"/>
        <vehicle id="3" x="601.59" y="195.70" angle="-179.26" type="DEFAULT_VEHTYPE" speed="7.13" pos="0.46" lane=":3/1_10_0" slope="0.00"/>
        <vehicle id="30" x="53.53" y="198.35" angle="90.00" type="DEFAULT_VEHTYPE" speed="11.58" pos="53.53" lane="0/1to1/1_0" slope="0.00"/>
        <vehicle id="31" x="44.59" y="598.35" angle="90.00" type="DEFAULT_VEHTYPE" speed="11.60" pos="44.59" lane="0/3to1/3_0" slope="0.00"/>
        <vehicle id="32" x="401.65" y="439.61" angle="180.00" type="DEFAULT_VEHTYPE" speed="9.97" pos="34.86" lane="2/2to2/3_0" slope="0.00"/>
        <vehicle id="33" x="231.35" y="598.35" angle="90.00" type="DEFAULT_VEHTYPE" speed="8.45" pos="26.60" lane="1/3to2/3_0" slope="0.00"/>
        <vehicle id="34" x="783.74" y="601.65" angle="-90.00" type="DEFAULT_VEHTYPE" speed="5.29" pos="16.26" lane="4/3to3/3_0" slope="0.00"/>
        <vehicle id="35" x="201.65" y="411.73" angle="180.00" type="DEFAULT_VEHTYPE" speed="1.88" pos="6.98" lane="1/2to1/3_0" slope="0.00"/>
        <vehicle id="37" x="201.65" y="5.10" angle="180.00" type="DEFAULT_VEHTYPE" speed="0.00" pos="5.10" lane="1/0to1/1_0" slope="0.00"/>
        <vehicle id="4" x="395.56" y="601.69" angle="-39.50" type="DEFAULT_VEHTYPE" speed="13.28" pos="4.68" lane=":2/3_0_0" slope="0.00"/>
        <vehicle id="5" x="184.15" y="198.35" angle="90.00" type="DEFAULT_VEHTYPE" speed="8.02" pos="184.15" lane="0/1to1/1_0" slope="0.00"/>
        <vehicle id="6" x="626.93" y="601.65" angle="-90.00" type="DEFAULT_VEHTYPE" speed="12.41" pos="173.07" lane="4/3to3/3_0" slope="0.00"/>
        <vehicle id="7" x="447.70" y="601.65" angle="-90.00" type="DEFAULT_VEHTYPE" speed="13.32" pos="147.55" lane="3/3to2/3_0" slope="0.00"/>
        <vehicle id="8" x="201.65" y="320.74" angle="180.00" type="DEFAULT_VEHTYPE" speed="12.88" pos="115.99" lane="1/1to1/2_0" slope="0.00"/>
        <vehicle id="9" x="601.65" y="139.89" angle="180.00" type="DEFAULT_VEHTYPE" speed="12.63" pos="139.89" lane="3/0to3/1_0" slope="0.00"/>
    </timestep>
    <timestep time="38.00">
        <vehicle id="0" x="201.65" y="450.45" angle="180.00" type="DEFAULT_VEHTYPE" speed="13.66" pos="45.70" lane="1/2to1/3_0" slope="0.00"/>
        <vehicle id="1" x="198.35" y="334.66" angle="0.00" type="DEFAULT_VEHTYPE" speed="13.68" pos="60.59" lane="1/2to1/1_0" slope="0.00"/>
        <vehicle id="10" x="198.35" y="292.32" angle="0.00" type="DEFAULT_VEHTYPE" speed="12.81" pos="102.93" lane="1/2to1/1_0" slope="0.00"/>
        <vehicle id="11" x="266.69" y="601.65" angle="-90.00" type="DEFAULT_VEHTYPE" speed="13.34" pos="128.56" lane="2/3to1/3_0" slope="0.00"/>
        <vehicle id="12" x="401.65" y="112.94" angle="180.00" type="DEFAULT_VEHTYPE" speed="13.68" pos="112.94" lane="2/0to2/1_0" slope="0.00"/>
        <vehicle id="13" x="198.35" y="531.08" angle="0.00" type="DEFAULT_VEHTYPE" speed="13.89" pos="64.17" lane="1/3to1/2_0" slope="0.00"/>
        <vehicle id="14" x="201.65" y="240.51" angle="180.00" type="DEFAULT_VEHTYPE" speed="12.68" pos="35.76" lane="1/1to1/2_0" slope="0.00"/>
        <vehicle id="15" x="724.72" y="201.65" angle="-90.00" type="DEFAULT_VEHTYPE" speed="13.29" pos="75.28" lane="4/1to3/1_0" slope="0.00"/>
        <vehicle id="16" x="601.65" y="229.53" angle="180.00" type="DEFAULT_VEHTYPE" speed="11.70" pos="24.78" lane="3/1to3/2_0" slope="0.00"/>
        <vehicle id="17" x="401.65" y="216.29" angle="180.00" type="DEFAULT_VEHTYPE" speed="9.46" pos="11.54" lane="2/1to2/2_0" slope="0.00"/>
        <vehicle id="18" x="205.64" y="598.35" angle="119.90" type="DEFAULT_VEHTYPE" speed="12.68" pos="0.89" lane="1/3to2/3_0" slope="0.00"/>
        <vehicle id="19" x="408.58" y="601.65" angle="-90.00" type="DEFAULT_VEHTYPE" speed="1.94" pos="186.67" lane="3/3to2/3_0" slope="0.00"/>
        <vehicle id="2" x="389.44" y="398.35" angle="90.00" type="DEFAULT_VEHTYPE" speed="3.04" pos="184.69" lane="1/2to2/2_0" slope="0.00"/>
        <vehicle id="20" x="610.84" y="201.65" angle="-90.00" type="DEFAULT_VEHTYPE" speed="4.77" pos="189.16" lane="4/1to3/1_0" slope="0.00"/>
        <vehicle id="21" x="201.65" y="554.53" angle="180.00" type="DEFAULT_VEHTYPE" speed="13.22" pos="149.78" lane="1/2to1/3_0" slope="0.00"/>
        <vehicle id="22" x="416.95" y="401.65" angle="-90.00" type="DEFAULT_VEHTYPE" speed="9.02" pos="178.30" lane="3/2to2/2_0" slope="0.00"/>
        <vehicle id="23" x="159.56" y="398.35" angle="90.00" type="DEFAULT_VEHTYPE" speed="12.82" pos="159.56" lane="0/2to1/2_0" slope="0.00"/>
        <vehicle id="24" x="398.35" y="242.21" angle="0.00" type="DEFAULT_VEHTYPE" speed="12.81" pos="153.04" lane="2/2to2/1_0" slope="0.00"/>
        <vehicle id="25" x="598.35" y="58.19" angle="0.00" type="DEFAULT_VEHTYPE" speed="13.43" pos="137.06" lane="3/1to3/0_0" slope="0.00"/>
        <vehicle id="26" x="401.65" y="325.50" angle="180.00" type="DEFAULT_VEHTYPE" speed="13.37" pos="120.75" lane="2/1to2/2_0" slope="0.00"/>
        <vehicle id="27" x="104.26" y="398.35" angle="90.00" type="DEFAULT_VEHTYPE" speed="13.32" pos="104.26" lane="0/2to1/2_0" slope="0.00"/>
        <vehicle id="28" x="702.14" y="601.65" angle="-90.00" type="DEFAULT_VEHTYPE" speed="13.44" pos="97.86" lane="4/3to3/3_0" slope="0.00"/>
        <vehicle id="29" x="598.35" y="112.55" angle="0.00" type="DEFAULT_VEHTYPE" speed="13.09" pos="82.70" lane="3/1to3/0_0" slope="0.00"/>
        <vehicle id="3" x="595.82" y="201.57" angle="-112.91" type="DEFAULT_VEHTYPE" speed="9.28" pos="2.60" lane=":3/1_18_0" slope="0.00"/>
        <vehicle id="30" x="67.33" y="198.35" angle="90.00" type="DEFAULT_VEHTYPE" speed="13.80" pos="67.33" lane="0/1to1/1_0" slope="0.00"/>
        <vehicle id="31" x="58.38" y="598.35" angle="90.00" type="DEFAULT_VEHTYPE" speed="13.79" pos="58.38" lane="0/3to1/3_0" slope="0.00"/>
        <vehicle id="32" x="401.65" y="451.40" angle="180.00" type="DEFAULT_VEHTYPE" speed="11.79" pos="46.65" lane="2/2to2/3_0" slope="0.00"/>
        <vehicle id="33" x="241.20" y="598.35" angle="90.00" type="DEFAULT_VEHTYPE" speed="9.86" pos="36.45" lane="1/3to2/3_0" slope="0.00"/>
        <vehicle id="34" x="776.47" y="601.65" angle="-90.00" type="DEFAULT_VEHTYPE" speed="7.27" pos="23.53" lane="4/3to3/3_0" slope="0.00"/>
        <vehicle id="35" x="201.65" y="415.21" angle="180.00" type="DEFAULT_VEHTYPE" speed="3.48" pos="10.46" lane="1/2to1/3_0" slope="0.00"/>
        <vehicle id="36" x="198.35" y="190.15" angle="0.00" type="DEFAULT_VEHTYPE" speed="0.00" pos="5.10" lane="1/1to1/0_0" slope="0.00"/>
        <vehicle id="37" x="201.65" y="6.83" angle="180.00" type="DEFAULT_VEHTYPE" speed="1.73" pos="6.83" lane="1/0to1/1_0" slope="0.00"/>
        <vehicle id="4" x="382.02" y="601.65" angle="-90.00" type="DEFAULT_VEHTYPE" speed="13.54" pos="13.23" lane="2/3to1/3_0" slope="0.00"/>
        <vehicle id="5" x="188.47" y="198.35" angle="90.00" type="DEFAULT_VEHTYPE" speed="4.31" pos="188.47" lane="0/1to1/1_0" slope="0.00"/>
        <vehicle id="6" x="617.47" y="601.65" angle="-90.00" type="DEFAULT_VEHTYPE" speed="9.46" pos="182.53" lane="4/3to3/3_0" slope="0.00"/>
        <vehicle id="7" x="435.98" y="601.65" angle="-90.00" type="DEFAULT_VEHTYPE" speed="11.71" pos="159.27" lane="3/3to2/3_0" slope="0.00"/>
        <vehicle id="8" x="201.65" y="334.55" angle="180.00" type="DEFAULT_VEHTYPE" speed="13.81" pos="129.80" lane="1/1to1/2_0" slope="0.00"/>
        <vehicle id="9" x="601.65" y="153.21" angle="180.00" type="DEFAULT_VEHTYPE" speed="13.32" pos="153.21" lane="3/0to3/1_0" slope="0.00"/>
    </timestep>
    <timestep time="39.00">
        <vehicle id="0" x="201.65" y="463.89" angle="180.00" type="DEFAULT_VEHTYPE" speed="13.44" pos="59.14" lane="1/2to1/3_0" slope="0.00"/>
        <vehicle id="1" x="198.35" y="320.82" angle="0.00" type="DEFAULT_VEHTYPE" speed="13.83" pos="74.43" lane="1/2to1/1_0" slope="0.00"/>
        <vehicle id="10" x="198.35" y="278.74" angle="0.00" type="DEFAULT_VEHTYPE" speed="13.58" pos="116.51" lane="1/2to1/1_0" slope="0.00"/>
        <vehicle id="11" x="253.47" y="601.65" angle="-90.00" type="DEFAULT_VEHTYPE" speed="13.22" pos="141.78" lane="2/3to1/3_0" slope="0.00"/>
        <vehicle id="12" x="401.65" y="126.27" angle="180.00" type="DEFAULT_VEHTYPE" speed="13.33" pos="126.27" lane="2/0to2/1_0" slope="0.00"/>
        <vehicle id="13" x="198.35" y="517.57" angle="0.00" type="DEFAULT_VEHTYPE" speed="13.51" pos="77.68" lane="1/3to1/2_0" slope="0.00"/>
        <vehicle id="14" x="201.65" y="253.28" angle="180.00" type="DEFAULT_VEHTYPE" speed="12.77" pos="48.53" lane="1/1to1/2_0" slope="0.00"/>
        <vehicle id="15" x="711.98" y="201.65" angle="-90.00" type="DEFAULT_VEHTYPE" speed="12.75" pos="88.02" lane="4/1to3/1_0" slope="0.00"/>
        <vehicle id="16" x="601.65" y="243.05" angle="180.00" type="DEFAULT_VEHTYPE" speed="13.52" pos="38.30" lane="3/1to3/2_0" slope="0.00"/>
        <vehicle id="17" x="401.65" y="227.15" angle="180.00" type="DEFAULT_VEHTYPE" speed="10.86" pos="22.40" lane="2/1to2/2_0" slope="0.00"/>
        <vehicle id="18" x="218.37" y="598.35" angle="90.00" type="DEFAULT_VEHTYPE" speed="12.74" pos="13.62" lane="1/3to2/3_0" slope="0.00"/>
        <vehicle id="19" x="405.11" y="601.65" angle="-90.00" type="DEFAULT_VEHTYPE" speed="3.47" pos="190.14" lane="3/3to2/3_0" slope="0.00"/>
        <vehicle id="2" x="394.90" y="398.35" angle="90.00" type="DEFAULT_VEHTYPE" speed="5.45" pos="190.15" lane="1/2to2/2_0" slope="0.00"/>
        <vehicle id="20" x="608.94" y="201.65" angle="-90.00" type="DEFAULT_VEHTYPE" speed="1.91" pos="191.06" lane="4/1to3/1_0" slope="0.00"/>
        <vehicle id="21" x="201.65" y="568.04" angle="180.00" type="DEFAULT_VEHTYPE" speed="13.51" pos="163.29" lane="1/2to1/3_0" slope="0.00"/>
        <vehicle id="22" x="412.29" y="401.65" angle="-90.00" type="DEFAULT_VEHTYPE" speed="4.67" pos="182.96" lane="3/2to2/2_0" slope="0.00"/>
        <vehicle id="23" x="172.56" y="398.35" angle="90.00" type="DEFAULT_VEHTYPE" speed="13.00" pos="172.56" lane="0/2to1/2_0" slope="0.00"/>
        <vehicle id="24" x="398.35" y="228.55" angle="0.00" type="DEFAULT_VEHTYPE" speed="13.66" pos="166.70" lane="2/2to2/1_0" slope="0.00"/>
        <vehicle id="25" x="598.35" y="44.85" angle="0.00" type="DEFAULT_VEHTYPE" speed="13.34" pos="150.40" lane="3/1to3/0_0" slope="0.00"/>
        <vehicle id="26" x="401.65" y="339.28" angle="180.00" type="DEFAULT_VEHTYPE" speed="13.78" pos="134.53" lane="2/1to2/2_0" slope="0.00"/>
        <vehicle id="27" x="118.01" y="398.35" angle="90.00" type="DEFAULT_VEHTYPE" speed="13.75" pos="118.01" lane="0/2to1/2_0" slope="0.00"/>
        <vehicle id="28" x="689.21" y="601.65" angle="-90.00" type="DEFAULT_VEHTYPE" speed="12.93" pos="110.79" lane="4/3to3/3_0" slope="0.00"/>
        <vehicle id="29" x="598.35" y="99.29" angle="0.00" type="DEFAULT_VEHTYPE" speed="13.27" pos="95.96" lane="3/1to3/0_0" slope="0.00"/>
        <vehicle id="3" x="584.73" y="201.65" angle="-90.00" type="DEFAULT_VEHTYPE" speed="11.10" pos="10.52" lane="3/1to2/1_0" slope="0.00"/>
        <vehicle id="30" x="81.15" y="198.35" angle="90.00" type="DEFAULT_VEHTYPE" speed="13.82" pos="81.15" lane="0/1to1/1_0" slope="0.00"/>
        <vehicle id="31" x="71.05" y="598.35" angle="90.00" type="DEFAULT_VEHTYPE" speed="12.67" pos="71.05" lane="0/3to1/3_0" slope="0.00"/>
        <vehicle id="32" x="401.65" y="464.26" angle="180.00" type="DEFAULT_VEHTYPE" speed="12.87" pos="59.51" lane="2/2to2/3_0" slope="0.00"/>
        <vehicle id="33" x="252.63" y="598.35" angle="90.00" type="DEFAULT_VEHTYPE" speed="11.43" pos="47.88" lane="1/3to2/3_0" slope="0.00"/>
        <vehicle id="34" x="767.15" y="601.65" angle="-90.00" type="DEFAULT_VEHTYPE" speed="9.32" pos="32.85" lane="4/3to3/3_0" slope="0.00"/>
        <vehicle id="35" x="201.65" y="420.60" angle="180.00" type="DEFAULT_VEHTYPE" speed="5.39" pos="15.85" lane="1/2to1/3_0" slope="0.00"/>
        <vehicle id="36" x="198.35" y="188.56" angle="0.00" type="DEFAULT_VEHTYPE" speed="1.59" pos="6.69" lane="1/1to1/0_0" slope="0.00"/>
        <vehicle id="37" x="201.65" y="10.15" angle="180.00" type="DEFAULT_VEHTYPE" speed="3.32" pos="10.15" lane="1/0to1/1_0" slope="0.00"/>
        <vehicle id="4" x="369.02" y="601.65" angle="-90.00" type="DEFAULT_VEHTYPE" speed="13.00" pos="26.23" lane="2/3to1/3_0" slope="0.00"/>
        <vehicle id="5" x="194.31" y="198.35" angle="90.00" type="DEFAULT_VEHTYPE" speed="5.84" pos="194.31" lane="0/1to1/1_0" slope="0.00"/>
        <vehicle id="6" x="612.29" y="601.65" angle="-90.00" type="DEFAULT_VEHTYPE" speed="5.18" pos="187.71" lane="4/3to3/3_0" slope="0.00"/>
        <vehicle id="7" x="427.40" y="601.65" angle="-90.00" type="DEFAULT_VEHTYPE" speed="8.58" pos="167.85" lane="3/3to2/3_0" slope="0.00"/>
        <vehicle id="8" x="201.65" y="347.95" angle="180.00" type="DEFAULT_VEHTYPE" speed="13.40" pos="143.20" lane="1/1to1/2_0" slope="0.00"/>
        <vehicle id="9" x="601.65" y="166.44" angle="180.00" type="DEFAULT_VEHTYPE" speed="13.23" pos="166.44" lane="3/0to3/1_0" slope="0.00"/>
    </timestep>
    <timestep time="40.00">
        <vehicle id="0" x="201.65" y="476.78" angle="180.00" type="DEFAULT_VEHTYPE" speed="12.89" pos="72.03" lane="1/2to1/3_0" slope="0.00"/>
        <vehicle id="1" x="198.35" y="307.14" angle="0.00" type="DEFAULT_VEHTYPE" speed="13.69" pos="88.11" lane="1/2to1/1_0" slope="0.00"/>
        <vehicle id="10" x="198.35" y="265.60" angle="0.00" type="DEFAULT_VEHTYPE" speed="13.14" pos="129.65" lane="1/2to1/1_0" slope="0.00"/>
        <vehicle id="11" x="240.08" y="601.65" angle="-90.00" type="DEFAULT_VEHTYPE" speed="13.39" pos="155.17" lane="2/3to1/3_0" slope="0.00"/>
        <vehicle id="12" x="401.65" y="139.40" angle="180.00" type="DEFAULT_VEHTYPE" speed="13.13" pos="139.40" lane="2/0to2/1_0" slope="0.00"/>
        <vehicle id="13" x="198.35" y="503.84" angle="0.00" type="DEFAULT_VEHTYPE" speed="13.73" pos="91.41" lane="1/3to1/2_0" slope="0.00"/>
        <vehicle id="14" x="201.65" y="266.51" angle="180.00" type="DEFAULT_VEHTYPE" speed="13.23" pos="61.76" lane="1/1to1/2_0" slope="0.00"/>
        <vehicle id="15" x="698.15" y="201.65" angle="-90.00" type="DEFAULT_VEHTYPE" speed="13.83" pos="101.85" lane="4/1to3/1_0" slope="0.00"/>
        <vehicle id="16" x="601.65" y="256.84" angle="180.00" type="DEFAULT_VEHTYPE" speed="13.79" pos="52.09" lane="3/1to3/2_0" slope="0.00"/>
        <vehicle id="17" x="401.65" y="240.03" angle="180.00" type="DEFAULT_VEHTYPE" speed="12.88" pos="35.28" lane="2/1to2/2_0" slope="0.00"/>
        <vehicle id="18" x="231.19" y="598.35" angle="90.00" type="DEFAULT_VEHTYPE" speed="12.82" pos="26.44" lane="1/3to2/3_0" slope="0.00"/>
        <vehicle id="19" x="400.04" y="601.65" angle="-90.00" type="DEFAULT_VEHTYPE" speed="5.07" pos="4.71" lane=":2/3_5_0" slope="0.00"/>
        <vehicle id="2" x="398.35" y="392.56" angle="7.89" type="DEFAULT_VEHTYPE" speed="8.05" pos="2.69" lane="2/2to2/1_0" slope="0.00"/>
        <vehicle id="20" x="607.69" y="201.65" angle="-90.00" type="DEFAULT_VEHTYPE" speed="1.25" pos="192.31" lane="4/1to3/1_0" slope="0.00"/>
        <vehicle id="21" x="201.65" y="581.93" angle="180.00" type="DEFAULT_VEHTYPE" speed="13.89" pos="177.18" lane="1/2to1/3_0" slope="0.00"/>
        <vehicle id="22" x="408.93" y="401.65" angle="-90.00" type="DEFAULT_VEHTYPE" speed="3.36" pos="186.32" lane="3/2to2/2_0" slope="0.00"/>
        <vehicle id="23" x="181.67" y="398.35" angle="90.00" type="DEFAULT_VEHTYPE" speed="9.11" pos="181.67" lane="0/2to1/2_0" slope="0.00"/>
        <vehicle id="24" x="398.35" y="214.76" angle="0.00" type="DEFAULT_VEHTYPE" speed="13.79" pos="180.49" lane="2/2to2/1_0" slope="0.00"/>
        <vehicle id="25" x="598.35" y="31.18" angle="0.00" type="DEFAULT_VEHTYPE" speed="13.67" pos="164.07" lane="3/1to3/0_0" slope="0.00"/>
        <vehicle id="26" x="401.65" y="352.96" angle="180.00" type="DEFAULT_VEHTYPE" speed="13.68" pos="148.21" lane="2/1to2/2_0" slope="0.00"/>
        <vehicle id="27" x="131.45" y="398.35" angle="90.00" type="DEFAULT_VEHTYPE" speed="13.44" pos="131.45" lane="0/2to1/2_0" slope="0.00"/>
        <vehicle id="28" x="676.19" y="601.65" angle="-90.00" type="DEFAULT_VEHTYPE" speed="13.01" pos="123.81" lane="4/3to3/3_0" slope="0.00"/>
        <vehicle id="29" x="598.35" y="85.61" angle="0.00" type="DEFAULT_VEHTYPE" speed="13.68" pos="109.64" lane="3/1to3/0_0" slope="0.00"/>
        <vehicle id="3" x="571.81" y="201.65" angle="-90.00" type="DEFAULT_VEHTYPE" speed="12.92" pos="23.44" lane="3/1to2/1_0" slope="0.00"/>
        <vehicle id="30" x="94.47" y="198.35" angle="90.00" type="DEFAULT_VEHTYPE" speed="13.32" pos="94.47" lane="0/1to1/1_0" slope="0.00"/>
        <vehicle id="31" x="83.89" y="598.35" angle="90.00" type="DEFAULT_VEHTYPE" speed="12.84" pos="83.89" lane="0/3to1/3_0" slope="0.00"/>
        <vehicle id="32" x="401.65" y="477.19" angle="180.00" type="DEFAULT_VEHTYPE" speed="12.93" pos="72.44" lane="2/2to2/3_0" slope="0.00"/>
        <vehicle id="33" x="266.23" y="598.35" angle="90.00" type="DEFAULT_VEHTYPE" speed="13.60" pos="61.48" lane="1/3to2/3_0" slope="0.00"/>
        <vehicle id="34" x="755.85" y="601.65" angle="-90.00" type="DEFAULT_VEHTYPE" speed="11.31" pos="44.15" lane="4/3to3/3_0" slope="0.00"/>
        <vehicle id="35" x="201.65" y="427.35" angle="180.00" type="DEFAULT_VEHTYPE" speed="6.74" pos="22.60" lane="1/2to1/3_0" slope="0.00"/>
        <vehicle id="36" x="198.35" y="184.76" angle="0.00" type="DEFAULT_VEHTYPE" speed="3.80" pos="10.49" lane="1/1to1/0_0" slope="0.00"/>
        <vehicle id="37" x="201.65" y="14.80" angle="180.00" type="DEFAULT_VEHTYPE" speed="4.66" pos="14.80" lane="1/0to1/1_0" slope="0.00"/>
        <vehicle id="4" x="355.75" y="601.65" angle="-90.00" type="DEFAULT_VEHTYPE" speed="13.28" pos="39.50" lane="2/3to1/3_0" slope="0.00"/>
        <vehicle id="5" x="201.03" y="201.59" angle="128.30" type="DEFAULT_VEHTYPE" speed="8.02" pos="7.07" lane=":1/1_14_0" slope="0.00"/>
        <vehicle id="6" x="609.80" y="601.65" angle="-90.00" type="DEFAULT_VEHTYPE" speed="2.48" pos="190.20" lane="4/3to3/3_0" slope="0.00"/>
        <vehicle id="7" x="419.65" y="601.65" angle="-90.00" type="DEFAULT_VEHTYPE" speed="7.75" pos="175.60" lane="3/3to2/3_0" slope="0.00"/>
        <vehicle id="8" x="201.65" y="360.88" angle="180.00" type="DEFAULT_VEHTYPE" speed="12.93" pos="156.13" lane="1/1to1/2_0" slope="0.00"/>
        <vehicle id="9" x="601.65" y="179.32" angle="180.00" type="DEFAULT_VEHTYPE" speed="12.88" pos="179.32" lane="3/0to3/1_0" slope="0.00"/>
    </timestep>
    <timestep time="41.00">
        <vehicle id="0" x="201.65" y="489.87" angle="180.00" type="DEFAULT_VEHTYPE" speed="13.09" pos="85.12" lane="1/2to1/3_0" slope="0.00"/>
        <vehicle id="1" x="198.35" y="293.47" angle="0.00" type="DEFAULT_VEHTYPE" speed="13.66" pos="101.78" lane="1/2to1/1_0" slope="0.00"/>
        <vehicle id="10" x="198.35" y="251.83" angle="0.00" type="DEFAULT_VEHTYPE" speed="13.76" pos="143.42" lane="1/2to1/1_0" slope="0.00"/>
        <vehicle id="11" x="227.64" y="601.65" angle="-90.00" type="DEFAULT_VEHTYPE" speed="12.43" pos="167.61" lane="2/3to1/3_0" slope="0.00"/>
        <vehicle id="12" x="401.65" y="152.33" angle="180.00" type="DEFAULT_VEHTYPE" speed="12.94" pos="152.33" lane="2/0to2/1_0" slope="0.00"/>
        <vehicle id="13" x="198.35" y="490.17" angle="0.00" type="DEFAULT_VEHTYPE" speed="13.66" pos="105.08" lane="1/3to1/2_0" slope="0.00"/>
        <vehicle id="14" x="201.65" y="279.40" angle="180.00" type="DEFAULT_VEHTYPE" speed="12.89" pos="74.65" lane="1/1to1/2_0" slope="0.00"/>
        <vehicle id="15" x="685.37" y="201.65" angle="-90.00" type="DEFAULT_VEHTYPE" speed="12.78" pos="114.63" lane="4/1to3/1_0" slope="0.00"/>
        <vehicle id="16" x="601.65" y="269.98" angle="180.00" type="DEFAULT_VEHTYPE" speed="13.14" pos="65.23" lane="3/1to3/2_0" slope="0.00"/>
        <vehicle id="17" x="401.65" y="253.04" angle="180.00" type="DEFAULT_VEHTYPE" speed="13.01" pos="48.29" lane="2/1to2/2_0" slope="0.00"/>
        <vehicle id="18" x="244.34" y="598.35" angle="90.00" type="DEFAULT_VEHTYPE" speed="13.15" pos="39.59" lane="1/3to2/3_0" slope="0.00"/>
        <vehicle id="19" x="392.75" y="601.65" angle="-90.00" type="DEFAULT_VEHTYPE" speed="7.29" pos="2.50" lane="2/3to1/3_0" slope="0.00"/>
        <vehicle id="2" x="398.35" y="383.09" angle="0.00" type="DEFAULT_VEHTYPE" speed="9.46" pos="12.16" lane="2/2to2/1_0" slope="0.00"/>
        <vehicle id="20" x="607.37" y="201.65" angle="-90.00" type="DEFAULT_VEHTYPE" speed="0.32" pos="192.63" lane="4/1to3/1_0" slope="0.00"/>
        <vehicle id="21" x="201.73" y="595.82" angle="179.08" type="DEFAULT_VEHTYPE" speed="13.89" pos="0.58" lane=":1/3_8_0" slope="0.00"/>
        <vehicle id="22" x="403.24" y="401.43" angle="-87.52" type="DEFAULT_VEHTYPE" speed="5.71" pos="1.53" lane=":2/2_6_0" slope="0.00"/>
        <vehicle id="23" x="187.28" y="398.35" angle="90.00" type="DEFAULT_VEHTYPE" speed="5.61" pos="187.28" lane="0/2to1/2_0" slope="0.00"/>
        <vehicle id="24" x="396.35" y="201.80" angle="-26.15" type="DEFAULT_VEHTYPE" speed="13.90" pos="3.89" lane=":2/1_0_0" slope="0.00"/>
        <vehicle id="25" x="598.35" y="17.29" angle="0.00" type="DEFAULT_VEHTYPE" speed="13.89" pos="177.96" lane="3/1to3/0_0" slope="0.00"/>
        <vehicle id="26" x="401.65" y="366.31" angle="180.00" type="DEFAULT_VEHTYPE" speed="13.35" pos="161.56" lane="2/1to2/2_0" slope="0.00"/>
        <vehicle id="27" x="144.69" y="398.35" angle="90.00" type="DEFAULT_VEHTYPE" speed="13.24" pos="144.69" lane="0/2to1/2_0" slope="0.00"/>
        <vehicle id="28" x="662.84" y="601.65" angle="-90.00" type="DEFAULT_VEHTYPE" speed="13.35" pos="137.16" lane="4/3to3/3_0" slope="0.00"/>
        <vehicle id="29" x="598.35" y="72.72" angle="0.00" type="DEFAULT_VEHTYPE" speed="12.89" pos="122.53" lane="3/1to3/0_0" slope="0.00"/>
        <vehicle id="3" x="558.46" y="201.65" angle="-90.00" type="DEFAULT_VEHTYPE" speed="13.35" pos="36.79" lane="3/1to2/1_0" slope="0.00"/>
        <vehicle id="30" x="107.47" y="198.35" angle="90.00" type="DEFAULT_VEHTYPE" speed="12.99" pos="107.47" lane="0/1to1/1_0" slope="0.00"/>
        <vehicle id="31" x="96.87" y="598.35" angle="90.00" type="DEFAULT_VEHTYPE" speed="12.98" pos="96.87" lane="0/3to1/3_0" slope="0.00"/>
        <vehicle id="32" x="401.65" y="490.54" angle="180.00" type="DEFAULT_VEHTYPE" speed="13.35" pos="85.79" lane="2/2to2/3_0" slope="0.00"/>
        <vehicle id="33" x="279.87" y="598.35" angle="90.00" type="DEFAULT_VEHTYPE" speed="13.64" pos="75.12" lane="1/3to2/3_0" slope="0.00"/>
        <vehicle id="34" x="742.80" y="601.65" angle="-90.00" type="DEFAULT_VEHTYPE" speed="13.05" pos="57.20" lane="4/3to3/3_0" slope="0.00"/>
        <vehicle id="35" x="201.65" y="435.83" angle="180.00" type="DEFAULT_VEHTYPE" speed="8.48" pos="31.08" lane="1/2to1/3_0" slope="0.00"/>
        <vehicle id="36" x="198.35" y="178.92" angle="0.00" type="DEFAULT_VEHTYPE" speed="5.85" pos="16.33" lane="1/1to1/0_0" slope="0.00"/>
        <vehicle id="37" x="201.65" y="21.66" angle="180.00" type="DEFAULT_VEHTYPE" speed="6.85" pos="21.66" lane="1/0to1/1_0" slope="0.00"/>
        <vehicle id="38" x="198.35" y="190.15" angle="0.00" type="DEFAULT_VEHTYPE" speed="0.00" pos="5.10" lane="1/1to1/0_0" slope="0.00"/>
        <vehicle id="4" x="342.68" y="601.65" angle="-90.00" type="DEFAULT_VEHTYPE" speed="13.07" pos="52.57" lane="2/3to1/3_0" slope="0.00"/>
        <vehicle id="41" x="5.10" y="198.35" angle="90.00" type="DEFAULT_VEHTYPE" speed="0.00" pos="5.10" lane="0/1to1/1_0" slope="0.00"/>
        <vehicle id="5" x="201.65" y="211.34" angle="180.00" type="DEFAULT_VEHTYPE" speed="9.83" pos="6.59" lane="1/1to1/2_0" slope="0.00"/>
        <vehicle id="6" x="605.83" y="601.65" angle="-90.00" type="DEFAULT_VEHTYPE" speed="3.98" pos="194.17" lane="4/3to3/3_0" slope="0.00"/>
        <vehicle id="7" x="413.59" y="601.65" angle="-90.00" type="DEFAULT_VEHTYPE" speed="6.06" pos="181.66" lane="3/3to2/3_0" slope="0.00"/>
        <vehicle id="8" x="201.65" y="374.01" angle="180.00" type="DEFAULT_VEHTYPE" speed="13.13" pos="169.26" lane="1/1to1/2_0" slope="0.00"/>
        <vehicle id="9" x="601.65" y="192.50" angle="180.00" type="DEFAULT_VEHTYPE" speed="13.18" pos="192.50" lane="3/0to3/1_0" slope="0.00"/>
    </timestep>
    <timestep time="42.00">
        <vehicle id="0" x="201.65" y="503.72" angle="180.00" type="DEFAULT_VEHTYPE" speed="13.85" pos="98.97" lane="1/2to1/3_0" slope="0.00"/>
        <vehicle id="1" x="198.35" y="279.94" angle="0.00" type="DEFAULT_VEHTYPE" speed="13.53" pos="115.31" lane="1/2to1/1_0" slope="0.00"/>
        <vehicle id="10" x="198.35" y="238.42" angle="0.00" type="DEFAULT_VEHTYPE" speed="13.41" pos="156.83" lane="1/2to1/1_0" slope="0.00"/>
        <vehicle id="11" x="218.50" y="601.65" angle="-90.00" type="DEFAULT_VEHTYPE" speed="9.14" pos="176.75" lane="2/3to1/3_0" slope="0.00"/>
        <vehicle id="12" x="401.65" y="165.28" angle="180.00" type="DEFAULT_VEHTYPE" speed="12.95" pos="165.28" lane="2/0to2/1_0" slope="0.00"/>
        <vehicle id="13" x="198.35" y="477.03" angle="0.00" type="DEFAULT_VEHTYPE" speed="13.14" pos="118.22" lane="1/3to1/2_0" slope="0.00"/>
        <vehicle id="14" x="201.65" y="292.36" angle="180.00" type="DEFAULT_VEHTYPE" speed="12.96" pos="87.61" lane="1/1to1/2_0" slope="0.00"/>
        <vehicle id="15" x="671.83" y="201.65" angle="-90.00" type="DEFAULT_VEHTYPE" speed="13.54" pos="128.17" lane="4/1to3/1_0" slope="0.00"/>
        <vehicle id="16" x="601.65" y="282.83" angle="180.00" type="DEFAULT_VEHTYPE" speed="12.85" pos="78.08" lane="3/1to3/2_0" slope="0.00"/>
        <vehicle id="17" x="401.65" y="265.96" angle="180.00" type="DEFAULT_VEHTYPE" speed="12.92" pos="61.21" lane="2/1to2/2_0" slope="0.00"/>
        <vehicle id="18" x="258.08" y="598.35" angle="90.00" type="DEFAULT_VEHTYPE" speed="13.74" pos="53.33" lane="1/3to2/3_0" slope="0.00"/>
        <vehicle id="19" x="383.62" y="601.65" angle="-90.00" type="DEFAULT_VEHTYPE" speed="9.13" pos="11.63" lane="2/3to1/3_0" slope="0.00"/>
        <vehicle id="2" x="398.35" y="372.26" angle="0.00" type="DEFAULT_VEHTYPE" speed="10.83" pos="22.99" lane="2/2to2/1_0" slope="0.00"/>
        <vehicle id="20" x="607.29" y="201.65" angle="-90.00" type="DEFAULT_VEHTYPE" speed="0.07" pos="192.71" lane="4/1to3/1_0" slope="0.00"/>
        <vehicle id="21" x="213.74" y="598.35" angle="90.00" type="DEFAULT_VEHTYPE" speed="13.41" pos="8.99" lane="1/3to2/3_0" slope="0.00"/>
        <vehicle id="22" x="398.51" y="396.37" angle="-28.55" type="DEFAULT_VEHTYPE" speed="7.66" pos="9.19" lane=":2/2_6_0" slope="0.00"/>
        <vehicle id="23" x="190.39" y="398.35" angle="90.00" type="DEFAULT_VEHTYPE" speed="3.10" pos="190.39" lane="0/2to1/2_0" slope="0.00"/>
        <vehicle id="24" x="382.98" y="201.65" angle="-90.00" type="DEFAULT_VEHTYPE" speed="13.38" pos="12.27" lane="2/1to1/1_0" slope="0.00"/>
        <vehicle id="25" x="598.35" y="3.91" angle="0.00" type="DEFAULT_VEHTYPE" speed="13.39" pos="191.34" lane="3/1to3/0_0" slope="0.00"/>
        <vehicle id="26" x="401.65" y="377.08" angle="180.00" type="DEFAULT_VEHTYPE" speed="10.78" pos="172.33" lane="2/1to2/2_0" slope="0.00"/>
        <vehicle id="27" x="157.54" y="398.35" angle="90.00" type="DEFAULT_VEHTYPE" speed="12.85" pos="157.54" lane="0/2to1/2_0" slope="0.00"/>
        <vehicle id="28" x="649.03" y="601.65" angle="-90.00" type="DEFAULT_VEHTYPE" speed="13.82" pos="150.97" lane="4/3to3/3_0" slope="0.00"/>
        <vehicle id="29" x="598.35" y="60.09" angle="0.00" type="DEFAULT_VEHTYPE" speed="12.63" pos="135.16" lane="3/1to3/0_0" slope="0.00"/>
        <vehicle id="3" x="545.46" y="201.65" angle="-90.00" type="DEFAULT_VEHTYPE" speed="13.00" pos="49.79" lane="3/1to2/1_0" slope="0.00"/>
        <vehicle id="30" x="120.96" y="198.35" angle="90.00" type="DEFAULT_VEHTYPE" speed="13.49" pos="120.96" lane="0/1to1/1_0" slope="0.00"/>
        <vehicle id="31" x="110.75" y="598.35" angle="90.00" type="DEFAULT_VEHTYPE" speed="13.88" pos="110.75" lane="0/3to1/3_0" slope="0.00"/>
        <vehicle id="32" x="401.65" y="503.89" angle="180.00" type="DEFAULT_VEHTYPE" speed="13.35" pos="99.14" lane="2/2to2/3_0" slope="0.00"/>
        <vehicle id="33" x="293.22" y="598.35" angle="90.00" type="DEFAULT_VEHTYPE" speed="13.36" pos="88.47" lane="1/3to2/3_0" slope="0.00"/>
        <vehicle id="34" x="730.09" y="601.65" angle="-90.00" type="DEFAULT_VEHTYPE" speed="12.71" pos="69.91" lane="4/3to3/3_0" slope="0.00"/>
        <vehicle id="35" x="201.65" y="446.06" angle="180.00" type="DEFAULT_VEHTYPE" speed="10.24" pos="41.31" lane="1/2to1/3_0" slope="0.00"/>
        <vehicle id="36" x="198.35" y="171.32" angle="0.00" type="DEFAULT_VEHTYPE" speed="7.59" pos="23.93" lane="1/1to1/0_0" slope="0.00"/>
        <vehicle id="37" x="201.65" y="30.15" angle="180.00" type="DEFAULT_VEHTYPE" speed="8.49" pos="30.15" lane="1/0to1/1_0" slope="0.00"/>
        <vehicle id="38" x="198.35" y="188.25" angle="0.00" type="DEFAULT_VEHTYPE" speed="1.90" pos="7.00" lane="1/1to1/0_0" slope="0.00"/>
        <vehicle id="4" x="328.95" y="601.65" angle="-90.00" type="DEFAULT_VEHTYPE" speed="13.73" pos="66.30" lane="2/3to1/3_0" slope="0.00"/>
        <vehicle id="41" x="6.43" y="198.35" angle="90.00" type="DEFAULT_VEHTYPE" speed="1.33" pos="6.43" lane="0/1to1/1_0" slope="0.00"/>
        <vehicle id="5" x="201.65" y="223.20" angle="180.00" type="DEFAULT_VEHTYPE" speed="11.86" pos="18.45" lane="1/1to1/2_0" slope="0.00"/>
        <vehicle id="6" x="599.74" y="601.65" angle="-90.00" type="DEFAULT_VEHTYPE" speed="6.08" pos="5.01" lane=":3/3_5_0" slope="0.00"/>
        <vehicle id="7" x="409.47" y="601.65" angle="-90.00" type="DEFAULT_VEHTYPE" speed="4.12" pos="185.78" lane="3/3to2/3_0" slope="0.00"/>
        <vehicle id="8" x="201.65" y="387.17" angle="180.00" type="DEFAULT_VEHTYPE" speed="13.16" pos="182.42" lane="1/1to1/2_0" slope="0.00"/>
        <vehicle id="9" x="601.65" y="206.20" angle="180.00" type="DEFAULT_VEHTYPE" speed="13.70" pos="1.45" lane="3/1to3/2_0" slope="0.00"/>
    </timestep>
    <timestep time="43.00">
        <vehicle id="0" x="201.65" y="516.57" angle="180.00" type="DEFAULT_VEHTYPE" speed="12.85" pos="111.82" lane="1/2to1/3_0" slope="0.00"/>
        <vehicle id="1" x="198.35" y="266.20" angle="0.00" type="DEFAULT_VEHTYPE" speed="13.74" pos="129.05" lane="1/2to1/1_0" slope="0.00"/>
        <vehicle id="10" x="198.35" y="225.02" angle="0.00" type="DEFAULT_VEHTYPE" speed="13.40" pos="170.23" lane="1/2to1/1_0" slope="0.00"/>
        <vehicle id="11" x="211.99" y="601.65" angle="-90.00" type="DEFAULT_VEHTYPE" speed="6.51" pos="183.26" lane="2/3to1/3_0" slope="0.00"/>
        <vehicle id="12" x="401.65" y="178.89" angle="180.00" type="DEFAULT_VEHTYPE" speed="13.61" pos="178.89" lane="2/0to2/1_0" slope="0.00"/>
        <vehicle id="13" x="198.35" y="463.24" angle="0.00" type="DEFAULT_VEHTYPE" speed="13.79" pos="132.01" lane="1/3to1/2_0" slope="0.00"/>
        <vehicle id="14" x="201.65" y="305.79" angle="180.00" type="DEFAULT_VEHTYPE" speed="13.44" pos="101.04" lane="1/1to1/2_0" slope="0.00"/>
        <vehicle id="15" x="657.99" y="201.65" angle="-90.00" type="DEFAULT_VEHTYPE" speed="13.84" pos="142.01" lane="4/1to3/1_0" slope="0.00"/>
        <vehicle id="16" x="601.65" y="296.00" angle="180.00" type="DEFAULT_VEHTYPE" speed="13.17" pos="91.25" lane="3/1to3/2_0" slope="0.00"/>
        <vehicle id="17" x="401.65" y="279.79" angle="180.00" type="DEFAULT_VEHTYPE" speed="13.83" pos="75.04" lane="2/1to2/2_0" slope="0.00"/>
        <vehicle id="18" x="271.83" y="598.35" angle="90.00" type="DEFAULT_VEHTYPE" speed="13.75" pos="67.08" lane="1/3to2/3_0" slope="0.00"/>
        <vehicle id="19" x="373.07" y="601.65" angle="-90.00" type="DEFAULT_VEHTYPE" speed="10.55" pos="22.18" lane="2/3to1/3_0" slope="0.00"/>
        <vehicle id="2" x="398.35" y="359.52" angle="0.00" type="DEFAULT_VEHTYPE" speed="12.74" pos="35.73" lane="2/2to2/1_0" slope="0.00"/>
        <vehicle id="20" x="605.35" y="201.65" angle="-90.00" type="DEFAULT_VEHTYPE" speed="1.94" pos="194.65" lane="4/1to3/1_0" slope="0.00"/>
        <vehicle id="21" x="226.61" y="598.35" angle="90.00" type="DEFAULT_VEHTYPE" speed="12.87" pos="21.86" lane="1/3to2/3_0" slope="0.00"/>
        <vehicle id="22" x="398.35" y="386.64" angle="0.00" type="DEFAULT_VEHTYPE" speed="9.75" pos="8.61" lane="2/2to2/1_0" slope="0.00"/>
        <vehicle id="23" x="191.91" y="398.35" angle="90.00" type="DEFAULT_VEHTYPE" speed="1.53" pos="191.91" lane="0/2to1/2_0" slope="0.00"/>
        <vehicle id="24" x="369.78" y="201.65" angle="-90.00" type="DEFAULT_VEHTYPE" speed="13.20" pos="25.47" lane="2/1to1/1_0" slope="0.00"/>
        <vehicle id="25" x="601.65" y="4.04" angle="173.73" type="DEFAULT_VEHTYPE" speed="12.76" pos="4.04" lane="3/0to3/1_0" slope="0.00"/>
        <vehicle id="26" x="401.65" y="384.12" angle="180.00" type="DEFAULT_VEHTYPE" speed="7.04" pos="179.37" lane="2/1to2/2_0" slope="0.00"/>
        <vehicle id="27" x="168.53" y="398.35" angle="90.00" type="DEFAULT_VEHTYPE" speed="10.99" pos="168.53" lane="0/2to1/2_0" slope="0.00"/>
        <vehicle id="28" x="635.98" y="601.65" angle="-90.00" type="DEFAULT_VEHTYPE" speed="13.04" pos="164.02" lane="4/3to3/3_0" slope="0.00"/>
        <vehicle id="29" x="598.35" y="46.35" angle="0.00" type="DEFAULT_VEHTYPE" speed="13.74" pos="148.90" lane="3/1to3/0_0" slope="0.00"/>
        <vehicle id="3" x="532.75" y="201.65" angle="-90.00" type="DEFAULT_VEHTYPE" speed="12.70" pos="62.50" lane="3/1to2/1_0" slope="0.00"/>
        <vehicle id="30" x="134.49" y="198.35" angle="90.00" type="DEFAULT_VEHTYPE" speed="13.53" pos="134.49" lane="0/1to1/1_0" slope="0.00"/>
        <vehicle id="31" x="124.48" y="598.35" angle="90.00" type="DEFAULT_VEHTYPE" speed="13.74" pos="124.48" lane="0/3to1/3_0" slope="0.00"/>
        <vehicle id="32" x="401.65" y="517.70" angle="180.00" type="DEFAULT_VEHTYPE" speed="13.80" pos="112.95" lane="2/2to2/3_0" slope="0.00"/>
        <vehicle id="33" x="306.94" y="598.35" angle="90.00" type="DEFAULT_VEHTYPE" speed="13.72" pos="102.19" lane="1/3to2/3_0" slope="0.00"/>
        <vehicle id="34" x="716.56" y="601.65" angle="-90.00" type="DEFAULT_VEHTYPE" speed="13.52" pos="83.44" lane="4/3to3/3_0" slope="0.00"/>
        <vehicle id="35" x="201.65" y="458.36" angle="180.00" type="DEFAULT_VEHTYPE" speed="12.30" pos="53.61" lane="1/2to1/3_0" slope="0.00"/>
        <vehicle id="36" x="198.35" y="162.22" angle="0.00" type="DEFAULT_VEHTYPE" speed="9.10" pos="33.03" lane="1/1to1/0_0" slope="0.00"/>
        <vehicle id="37" x="201.65" y="41.22" angle="180.00" type="DEFAULT_VEHTYPE" speed="11.07" pos="41.22" lane="1/0to1/1_0" slope="0.00"/>
        <vehicle id="38" x="198.35" y="184.67" angle="0.00" type="DEFAULT_VEHTYPE" speed="3.58" pos="10.58" lane="1/1to1/0_0" slope="0.00"/>
        <vehicle id="39" x="198.35" y="390.15" angle="0.00" type="DEFAULT_VEHTYPE" speed="0.00" pos="5.10" lane="1/2to1/1_0" slope="0.00"/>
        <vehicle id="4" x="316.30" y="601.65" angle="-90.00" type="DEFAULT_VEHTYPE" speed="12.64" pos="78.95" lane="2/3to1/3_0" slope="0.00"/>
        <vehicle id="40" x="409.85" y="598.35" angle="90.00" type="DEFAULT_VEHTYPE" speed="0.00" pos="5.10" lane="2/3to3/3_0" slope="0.00"/>
        <vehicle id="41" x="9.80" y="198.35" angle="90.00" type="DEFAULT_VEHTYPE" speed="3.37" pos="9.80" lane="0/1to1/1_0" slope="0.00"/>
        <vehicle id="42" x="390.15" y="601.65" angle="-90.00" type="DEFAULT_VEHTYPE" speed="0.00" pos="5.10" lane="2/3to1/3_0" slope="0.00"/>
        <vehicle id="5" x="201.65" y="235.82" angle="180.00" type="DEFAULT_VEHTYPE" speed="12.62" pos="31.07" lane="1/1to1/2_0" slope="0.00"/>
        <vehicle id="6" x="592.19" y="601.65" angle="-90.00" type="DEFAULT_VEHTYPE" speed="7.56" pos="3.06" lane="3/3to2/3_0" slope="0.00"/>
        <vehicle id="7" x="403.49" y="601.47" angle="-87.93" type="DEFAULT_VEHTYPE" speed="5.99" pos="1.28" lane=":2/3_6_0" slope="0.00"/>
        <vehicle id="8" x="201.65" y="400.63" angle="180.00" type="DEFAULT_VEHTYPE" speed="13.46" pos="5.38" lane=":1/2_9_0" slope="0.00"/>
        <vehicle id="9" x="601.65" y="219.68" angle="180.00" type="DEFAULT_VEHTYPE" speed="13.48" pos="14.93" lane="3/1to3/2_0" slope="0.00"/>
    </timestep>
    <timestep time="44.00">
        <vehicle id="0" x="201.65" y="530.45" angle="180.00" type="DEFAULT_VEHTYPE" speed="13.87" pos="125.70" lane="1/2to1/3_0" slope="0.00"/>
        <vehicle id="1" x="198.35" y="253.47" angle="0.00" type="DEFAULT_VEHTYPE" speed="12.73" pos="141.78" lane="1/2to1/1_0" slope="0.00"/>
        <vehicle id="10" x="198.35" y="212.79" angle="0.00" type="DEFAULT_VEHTYPE" speed="12.23" pos="182.46" lane="1/2to1/1_0" slope="0.00"/>
        <vehicle id="11" x="209.40" y="601.65" angle="-90.00" type="DEFAULT_VEHTYPE" speed="2.59" pos="185.85" lane="2/3to1/3_0" slope="0.00"/>
        <vehicle id="12" x="401.65" y="191.77" angle="180.00" type="DEFAULT_VEHTYPE" speed="12.88" pos="191.77" lane="2/0to2/1_0" slope="0.00"/>
        <vehicle id="13" x="198.35" y="449.96" angle="0.00" type="DEFAULT_VEHTYPE" speed="13.28" pos="145.29" lane="1/3to1/2_0" slope="0.00"/>
        <vehicle id="14" x="201.65" y="319.10" angle="180.00" type="DEFAULT_VEHTYPE" speed="13.31" pos="114.35" lane="1/1to1/2_0" slope="0.00"/>
        <vehicle id="15" x="644.40" y="201.65" angle="-90.00" type="DEFAULT_VEHTYPE" speed="13.59" pos="155.60" lane="4/1to3/1_0" slope="0.00"/>
        <vehicle id="16" x="601.65" y="309.82" angle="180.00" type="DEFAULT_VEHTYPE" speed="13.82" pos="105.07" lane="3/1to3/2_0" slope="0.00"/>
        <vehicle id="17" x="401.65" y="293.22" angle="180.00" type="DEFAULT_VEHTYPE" speed="13.43" pos="88.47" lane="2/1to2/2_0" slope="0.00"/>
        <vehicle id="18" x="285.58" y="598.35" angle="90.00" type="DEFAULT_VEHTYPE" speed="13.75" pos="80.83" lane="1/3to2/3_0" slope="0.00"/>
        <vehicle id="19" x="360.55" y="601.65" angle="-90.00" type="DEFAULT_VEHTYPE" speed="12.52" pos="34.70" lane="2/3to1/3_0" slope="0.00"/>
        <vehicle id="2" x="398.35" y="346.51" angle="0.00" type="DEFAULT_VEHTYPE" speed="13.01" pos="48.74" lane="2/2to2/1_0" slope="0.00"/>
        <vehicle id="20" x="601.90" y="201.65" angle="-90.00" type="DEFAULT_VEHTYPE" speed="3.45" pos="2.85" lane=":3/1_5_0" slope="0.00"/>
        <vehicle id="21" x="239.36" y="598.35" angle="90.00" type="DEFAULT_VEHTYPE" speed="12.75" pos="34.61" lane="1/3to2/3_0" slope="0.00"/>
        <vehicle id="22" x="398.35" y="375.40" angle="0.00" type="DEFAULT_VEHTYPE" speed="11.24" pos="19.85" lane="2/2to2/1_0" slope="0.00"/>
        <vehicle id="23" x="195.51" y="398.35" angle="90.00" type="DEFAULT_VEHTYPE" speed="3.60" pos="0.26" lane=":1/2_13_0" slope="0.00"/>
        <vehicle id="24" x="355.94" y="201.65" angle="-90.00" type="DEFAULT_VEHTYPE" speed="13.84" pos="39.31" lane="2/1to1/1_0" slope="0.00"/>
        <vehicle id="25" x="601.65" y="17.80" angle="180.00" type="DEFAULT_VEHTYPE" speed="13.76" pos="17.80" lane="3/0to3/1_0" slope="0.00"/>
        <vehicle id="26" x="401.65" y="389.27" angle="180.00" type="DEFAULT_VEHTYPE" speed="5.15" pos="184.52" lane="2/1to2/2_0" slope="0.00"/>
        <vehicle id="27" x="176.62" y="398.35" angle="90.00" type="DEFAULT_VEHTYPE" speed="8.09" pos="176.62" lane="0/2to1/2_0" slope="0.00"/>
        <vehicle id="28" x="624.54" y="601.65" angle="-90.00" type="DEFAULT_VEHTYPE" speed="11.45" pos="175.46" lane="4/3to3/3_0" slope="0.00"/>
        <vehicle id="29" x="598.35" y="32.82" angle="0.00" type="DEFAULT_VEHTYPE" speed="13.52" pos="162.43" lane="3/1to3/0_0" slope="0.00"/>
        <vehicle id="3" x="519.63" y="201.65" angle="-90.00" type="DEFAULT_VEHTYPE" speed="13.12" pos="75.62" lane="3/1to2/1_0" slope="0.00"/>
        <vehicle id="30" x="148.21" y="198.35" angle="90.00" type="DEFAULT_VEHTYPE" speed="13.73" pos="148.21" lane="0/1to1/1_0" slope="0.00"/>
        <vehicle id="31" x="137.34" y="598.35" angle="90.00" type="DEFAULT_VEHTYPE" speed="12.85" pos="137.34" lane="0/3to1/3_0" slope="0.00"/>
        <vehicle id="32" x="401.65" y="531.54" angle="180.00" type="DEFAULT_VEHTYPE" speed="13.84" pos="126.79" lane="2/2to2/3_0" slope="0.00"/>
        <vehicle id="33" x="320.73" y="598.35" angle="90.00" type="DEFAULT_VEHTYPE" speed="13.79" pos="115.98" lane="1/3to2/3_0" slope="0.00"/>
        <vehicle id="34" x="703.49" y="601.65" angle="-90.00" type="DEFAULT_VEHTYPE" speed="13.08" pos="96.51" lane="4/3to3/3_0" slope="0.00"/>
        <vehicle id="35" x="201.65" y="471.31" angle="180.00" type="DEFAULT_VEHTYPE" speed="12.95" pos="66.56" lane="1/2to1/3_0" slope="0.00"/>
        <vehicle id="36" x="198.35" y="151.60" angle="0.00" type="DEFAULT_VEHTYPE" speed="10.62" pos="43.65" lane="1/1to1/0_0" slope="0.00"/>
        <vehicle id="37" x="201.65" y="53.97" angle="180.00" type="DEFAULT_VEHTYPE" speed="12.75" pos="53.97" lane="1/0to1/1_0" slope="0.00"/>
        <vehicle id="38" x="198.35" y="179.37" angle="0.00" type="DEFAULT_VEHTYPE" speed="5.30" pos="15.88" lane="1/1to1/0_0" slope="0.00"/>
        <vehicle id="39" x="198.35" y="388.05" angle="0.00" type="DEFAULT_VEHTYPE" speed="2.10" pos="7.20" lane="1/2to1/1_0" slope="0.00"/>
        <vehicle id="4" x="302.95" y="601.65" angle="-90.00" type="DEFAULT_VEHTYPE" speed="13.35" pos="92.30" lane="2/3to1/3_0" slope="0.00"/>
        <vehicle id="40" x="412.38" y="598.35" angle="90.00" type="DEFAULT_VEHTYPE" speed="2.53" pos="7.63" lane="2/3to3/3_0" slope="0.00"/>
        <vehicle id="41" x="14.49" y="198.35" angle="90.00" type="DEFAULT_VEHTYPE" speed="4.69" pos="14.49" lane="0/1to1/1_0" slope="0.00"/>
        <vehicle id="42" x="388.21" y="601.65" angle="-90.00" type="DEFAULT_VEHTYPE" speed="1.94" pos="7.04" lane="2/3to1/3_0" slope="0.00"/>
        <vehicle id="44" x="201.65" y="5.10" angle="180.00" type="DEFAULT_VEHTYPE" speed="0.00" pos="5.10" lane="1/0to1/1_0" slope="0.00"/>
        <vehicle id="5" x="201.65" y="249.46" angle="180.00" type="DEFAULT_VEHTYPE" speed="13.64" pos="44.71" lane="1/1to1/2_0" slope="0.00"/>
        <vehicle id="6" x="583.24" y="601.65" angle="-90.00" type="DEFAULT_VEHTYPE" speed="8.94" pos="12.01" lane="3/3to2/3_0" slope="0.00"/>
        <vehicle id="7" x="398.58" y="596.89" angle="-33.95" type="DEFAULT_VEHTYPE" speed="7.39" pos="8.67" lane=":2/3_6_0" slope="0.00"/>
        <vehicle id="8" x="201.65" y="414.51" angle="180.00" type="DEFAULT_VEHTYPE" speed="13.88" pos="9.76" lane="1/2to1/3_0" slope="0.00"/>
        <vehicle id="9" x="601.65" y="232.41" angle="180.00" type="DEFAULT_VEHTYPE" speed="12.73" pos="27.66" lane="3/1to3/2_0" slope="0.00"/>
    </timestep>
    <timestep time="45.00">
        <vehicle id="0" x="201.65" y="543.47" angle="180.00" type="DEFAULT_VEHTYPE" speed="13.02" pos="138.72" lane="1/2to1/3_0" slope="0.00"/>
        <vehicle id="1" x="198.35" y="240.55" angle="0.00" type="DEFAULT_VEHTYPE" speed="12.92" pos="154.70" lane="1/2to1/1_0" slope="0.00"/>
        <vehicle id="10" x="198.35" y="199.72" angle="0.00" type="DEFAULT_VEHTYPE" speed="13.07" pos="5.03" lane=":1/1_1_0" slope="0.00"/>
        <vehicle id="11" x="204.89" y="601.65" angle="-90.00" type="DEFAULT_VEHTYPE" speed="4.51" pos="190.36" lane="2/3to1/3_0" slope="0.00"/>
        <vehicle id="12" x="401.65" y="205.34" angle="180.00" type="DEFAULT_VEHTYPE" speed="13.57" pos="0.59" lane="2/1to2/2_0" slope="0.00"/>
        <vehicle id="13" x="198.35" y="436.36" angle="0.00" type="DEFAULT_VEHTYPE" speed="13.60" pos="158.89" lane="1/3to1/2_0" slope="0.00"/>
        <vehicle id="14" x="201.65" y="332.29" angle="180.00" type="DEFAULT_VEHTYPE" speed="13.18" pos="127.54" lane="1/1to1/2_0" slope="0.00"/>
        <vehicle id="15" x="631.63" y="201.65" angle="-90.00" type="DEFAULT_VEHTYPE" speed="12.78" pos="168.37" lane="4/1to3/1_0" slope="0.00"/>
        <vehicle id="16" x="601.65" y="323.52" angle="180.00" type="DEFAULT_VEHTYPE" speed="13.70" pos="118.77" lane="3/1to3/2_0" slope="0.00"/>
        <vehicle id="17" x="401.65" y="306.69" angle="180.00" type="DEFAULT_VEHTYPE" speed="13.47" pos="101.94" lane="2/1to2/2_0" slope="0.00"/>
        <vehicle id="18" x="299.20" y="598.35" angle="90.00" type="DEFAULT_VEHTYPE" speed="13.62" pos="94.45" lane="1/3to2/3_0" slope="0.00"/>
        <vehicle id="19" x="347.01" y="601.65" angle="-90.00" type="DEFAULT_VEHTYPE" speed="13.54" pos="48.24" lane="2/3to1/3_0" slope="0.00"/>
        <vehicle id="2" x="398.35" y="333.05" angle="0.00" type="DEFAULT_VEHTYPE" speed="13.46" pos="62.20" lane="2/2to2/1_0" slope="0.00"/>
        <vehicle id="20" x="596.01" y="201.65" angle="-90.00" type="DEFAULT_VEHTYPE" speed="5.90" pos="8.74" lane=":3/1_5_0" slope="0.00"/>
        <vehicle id="21" x="252.62" y="598.35" angle="90.00" type="DEFAULT_VEHTYPE" speed="13.26" pos="47.87" lane="1/3to2/3_0" slope="0.00"/>
        <vehicle id="22" x="398.35" y="362.41" angle="0.00" type="DEFAULT_VEHTYPE" speed="12.99" pos="32.84" lane="2/2to2/1_0" slope="0.00"/>
        <vehicle id="23" x="201.09" y="398.35" angle="90.00" type="DEFAULT_VEHTYPE" speed="5.58" pos="5.84" lane=":1/2_13_0" slope="0.00"/>
        <vehicle id="24" x="343.29" y="201.65" angle="-90.00" type="DEFAULT_VEHTYPE" speed="12.65" pos="51.96" lane="2/1to1/1_0" slope="0.00"/>
        <vehicle id="25" x="601.65" y="30.61" angle="180.00" type="DEFAULT_VEHTYPE" speed="12.81" pos="30.61" lane="3/0to3/1_0" slope="0.00"/>
        <vehicle id="26" x="401.48" y="396.44" angle="-178.06" type="DEFAULT_VEHTYPE" speed="7.18" pos="1.20" lane=":2/2_10_0" slope="0.00"/>
        <vehicle id="27" x="182.98" y="398.35" angle="90.00" type="DEFAULT_VEHTYPE" speed="6.36" pos="182.98" lane="0/2to1/2_0" slope="0.00"/>
        <vehicle id="28" x="617.03" y="601.65" angle="-90.00" type="DEFAULT_VEHTYPE" speed="7.51" pos="182.97" lane="4/3to3/3_0" slope="0.00"/>
        <vehicle id="29" x="598.35" y="19.89" angle="0.00" type="DEFAULT_VEHTYPE" speed="12.93" pos="175.36" lane="3/1to3/0_0" slope="0.00"/>
        <vehicle id="3" x="506.95" y="201.65" angle="-90.00" type="DEFAULT_VEHTYPE" speed="12.69" pos="88.30" lane="3/1to2/1_0" slope="0.00"/>
        <vehicle id="30" x="161.14" y="198.35" angle="90.00" type="DEFAULT_VEHTYPE" speed="12.92" pos="161.14" lane="0/1to1/1_0" slope="0.00"/>
        <vehicle id="31" x="149.96" y="598.35" angle="90.00" type="DEFAULT_VEHTYPE" speed="12.62" pos="149.96" lane="0/3to1/3_0" slope="0.00"/>
        <vehicle id="32" x="401.65" y="544.44" angle="180.00" type="DEFAULT_VEHTYPE" speed="12.90" pos="139.69" lane="2/2to2/3_0" slope="0.00"/>
        <vehicle id="33" x="334.00" y="598.35" angle="90.00" type="DEFAULT_VEHTYPE" speed="13.27" pos="129.25" lane="1/3to2/3_0" slope="0.00"/>
        <vehicle id="34" x="689.82" y="601.65" angle="-90.00" type="DEFAULT_VEHTYPE" speed="13.67" pos="110.18" lane="4/3to3/3_0" slope="0.00"/>
        <vehicle id="35" x="201.65" y="484.69" angle="180.00" type="DEFAULT_VEHTYPE" speed="13.38" pos="79.94" lane="1/2to1/3_0" slope="0.00"/>
        <vehicle id="36" x="198.35" y="139.16" angle="0.00" type="DEFAULT_VEHTYPE" speed="12.45" pos="56.09" lane="1/1to1/0_0" slope="0.00"/>
        <vehicle id="37" x="201.65" y="67.08" angle="180.00" type="DEFAULT_VEHTYPE" speed="13.11" pos="67.08" lane="1/0to1/1_0" slope="0.00"/>
        <vehicle id="38" x="198.35" y="172.48" angle="0.00" type="DEFAULT_VEHTYPE" speed="6.89" pos="22.77" lane="1/1to1/0_0" slope="0.00"/>
        <vehicle id="39" x="198.35" y="384.15" angle="0.00" type="DEFAULT_VEHTYPE" speed="3.90" pos="11.10" lane="1/2to1/1_0" slope="0.00"/>
        <vehicle id="4" x="290.26" y="601.65" angle="-90.00" type="DEFAULT_VEHTYPE" speed="12.70" pos="104.99" lane="2/3to1/3_0" slope="0.00"/>
        <vehicle id="40" x="417.19" y="598.35" angle="90.00" type="DEFAULT_VEHTYPE" speed="4.81" pos="12.44" lane="2/3to3/3_0" slope="0.00"/>
        <vehicle id="41" x="21.55" y="198.35" angle="90.00" type="DEFAULT_VEHTYPE" speed="7.06" pos="21.55" lane="0/1to1/1_0" slope="0.00"/>
        <vehicle id="42" x="384.63" y="601.65" angle="-90.00" type="DEFAULT_VEHTYPE" speed="3.58" pos="10.62" lane="2/3to1/3_0" slope="0.00"/>
        <vehicle id="43" x="590.15" y="601.65" angle="-90.00" type="DEFAULT_VEHTYPE" speed="0.00" pos="5.10" lane="3/3to2/3_0" slope="0.00"/>
        <vehicle id="44" x="201.65" y="7.34" angle="180.00" type="DEFAULT_VEHTYPE" speed="2.24" pos="7.34" lane="1/0to1/1_0" slope="0.00"/>
        <vehicle id="5" x="201.65" y="263.07" angle="180.00" type="DEFAULT_VEHTYPE" speed="13.62" pos="58.32" lane="1/1to1/2_0" slope="0.00"/>
        <vehicle id="6" x="572.48" y="601.65" angle="-90.00" type="DEFAULT_VEHTYPE" speed="10.76" pos="22.77" lane="3/3to2/3_0" slope="0.00"/>
        <vehicle id="7" x="398.35" y="587.05" angle="0.00" type="DEFAULT_VEHTYPE" speed="9.86" pos="8.20" lane="2/3to2/2_0" slope="0.00"/>
        <vehicle id="8" x="201.65" y="428.26" angle="180.00" type="DEFAULT_VEHTYPE" speed="13.75" pos="23.51" lane="1/2to1/3_0" slope="0.00"/>
        <vehicle id="9" x="601.65" y="246.05" angle="180.00" type="DEFAULT_VEHTYPE" speed="13.64" pos="41.30" lane="3/1to3/2_0" slope="0.00"/>
    </timestep>
    <timestep time="46.00">
        <vehicle id="0" x="201.65" y="557.37" angle="180.00" type="DEFAULT_VEHTYPE" speed="13.90" pos="152.62" lane="1/2to1/3_0" slope="0.00"/>
        <vehicle id="1" x="198.35" y="228.06" angle="0.00" type="DEFAULT_VEHTYPE" speed="12.48" pos="167.19" lane="1/2to1/1_0" slope="0.00"/>
        <vehicle id="10" x="198.35" y="189.16" angle="0.00" type="DEFAULT_VEHTYPE" speed="10.55" pos="6.09" lane="1/1to1/0_0" slope="0.00"/>
        <vehicle id="11" x="199.48" y="599.26" angle="-62.04" type="DEFAULT_VEHTYPE" speed="6.22" pos="6.08" lane=":1/3_6_0" slope="0.00"/>
        <vehicle id="12" x="401.65" y="218.57" angle="180.00" type="DEFAULT_VEHTYPE" speed="13.22" pos="13.82" lane="2/1to2/2_0" slope="0.00"/>
        <vehicle id="13" x="198.35" y="423.57" angle="0.00" type="DEFAULT_VEHTYPE" speed="12.78" pos="171.68" lane="1/3to1/2_0" slope="0.00"/>
        <vehicle id="14" x="201.65" y="345.29" angle="180.00" type="DEFAULT_VEHTYPE" speed="13.01" pos="140.54" lane="1/1to1/2_0" slope="0.00"/>
        <vehicle id="15" x="620.72" y="201.65" angle="-90.00" type="DEFAULT_VEHTYPE" speed="10.90" pos="179.28" lane="4/1to3/1_0" slope="0.00"/>
        <vehicle id="16" x="601.65" y="336.75" angle="180.00" type="DEFAULT_VEHTYPE" speed="13.24" pos="132.00" lane="3/1to3/2_0" slope="0.00"/>
        <vehicle id="17" x="401.65" y="319.72" angle="180.00" type="DEFAULT_VEHTYPE" speed="13.03" pos="114.97" lane="2/1to2/2_0" slope="0.00"/>
        <vehicle id="18" x="312.97" y="598.35" angle="90.00" type="DEFAULT_VEHTYPE" speed="13.77" pos="108.22" lane="1/3to2/3_0" slope="0.00"/>
        <vehicle id="19" x="333.75" y="601.65" angle="-90.00" type="DEFAULT_VEHTYPE" speed="13.26" pos="61.50" lane="2/3to1/3_0" slope="0.00"/>
        <vehicle id="2" x="398.35" y="319.47" angle="0.00" type="DEFAULT_VEHTYPE" speed="13.58" pos="75.78" lane="2/2to2/1_0" slope="0.00"/>
        <vehicle id="20" x="587.51" y="201.65" angle="-90.00" type="DEFAULT_VEHTYPE" speed="8.50" pos="7.74" lane="3/1to2/1_0" slope="0.00"/>
        <vehicle id="21" x="265.33" y="598.35" angle="90.00" type="DEFAULT_VEHTYPE" speed="12.71" pos="60.58" lane="1/3to2/3_0" slope="0.00"/>
        <vehicle id="22" x="398.35" y="348.77" angle="0.00" type="DEFAULT_VEHTYPE" speed="13.63" pos="46.48" lane="2/2to2/1_0" slope="0.00"/>
        <vehicle id="23" x="208.04" y="398.35" angle="90.00" type="DEFAULT_VEHTYPE" speed="6.94" pos="3.29" lane="1/2to2/2_0" slope="0.00"/>
        <vehicle id="24" x="330.36" y="201.65" angle="-90.00" type="DEFAULT_VEHTYPE" speed="12.93" pos="64.89" lane="2/1to1/1_0" slope="0.00"/>
        <vehicle id="25" x="601.65" y="43.75" angle="180.00" type="DEFAULT_VEHTYPE" speed="13.15" pos="43.75" lane="3/0to3/1_0" slope="0.00"/>
        <vehicle id="26" x="395.33" y="401.64" angle="-108.42" type="DEFAULT_VEHTYPE" speed="9.04" pos="3.10" lane=":2/2_18_0" slope="0.00"/>
        <vehicle id="27" x="188.26" y="398.35" angle="90.00" type="DEFAULT_VEHTYPE" speed="5.28" pos="188.26" lane="0/2to1/2_0" slope="0.00"/>
        <vehicle id="28" x="612.04" y="601.65" angle="-90.00" type="DEFAULT_VEHTYPE" speed="4.99" pos="187.96" lane="4/3to3/3_0" slope="0.00"/>
        <vehicle id="29" x="598.35" y="6.41" angle="0.00" type="DEFAULT_VEHTYPE" speed="13.48" pos="188.84" lane="3/1to3/0_0" slope="0.00"/>
        <vehicle id="3" x="493.76" y="201.65" angle="-90.00" type="DEFAULT_VEHTYPE" speed="13.19" pos="101.49" lane="3/1to2/1_0" slope="0.00"/>
        <vehicle id="30" x="173.06" y="198.35" angle="90.00" type="DEFAULT_VEHTYPE" speed="11.92" pos="173.06" lane="0/1to1/1_0" slope="0.00"/>
        <vehicle id="31" x="162.56" y="598.35" angle="90.00" type="DEFAULT_VEHTYPE" speed="12.61" pos="162.56" lane="0/3to1/3_0" slope="0.00"/>
        <vehicle id="32" x="401.65" y="557.46" angle="180.00" type="DEFAULT_VEHTYPE" speed="13.02" pos="152.71" lane="2/2to2/3_0" slope="0.00"/>
        <vehicle id="33" x="346.79" y="598.35" angle="90.00" type="DEFAULT_VEHTYPE" speed="12.79" pos="142.04" lane="1/3to2/3_0" slope="0.00"/>
        <vehicle id="34" x="676.75" y="601.65" angle="-90.00" type="DEFAULT_VEHTYPE" speed="13.07" pos="123.25" lane="4/3to3/3_0" slope="0.00"/>
        <vehicle id="35" x="201.65" y="498.19" angle="180.00" type="DEFAULT_VEHTYPE" speed="13.50" pos="93.44" lane="1/2to1/3_0" slope="0.00"/>
        <vehicle id="36" x="198.35" y="126.45" angle="0.00" type="DEFAULT_VEHTYPE" speed="12.71" pos="68.80" lane="1/1to1/0_0" slope="0.00"/>
        <vehicle id="37" x="201.65" y="80.71" angle="180.00" type="DEFAULT_VEHTYPE" speed="13.64" pos="80.71" lane="1/0to1/1_0" slope="0.00"/>
        <vehicle id="38" x="198.35" y="163.46" angle="0.00" type="DEFAULT_VEHTYPE" speed="9.02" pos="31.79" lane="1/1to1/0_0" slope="0.00"/>
        <vehicle id="39" x="198.35" y="378.05" angle="0.00" type="DEFAULT_VEHTYPE" speed="6.11" pos="17.20" lane="1/2to1/1_0" slope="0.00"/>
        <vehicle id="4" x="276.88" y="601.65" angle="-90.00" type="DEFAULT_VEHTYPE" speed="13.38" pos="118.37" lane="2/3to1/3_0" slope="0.00"/>
        <vehicle id="40" x="423.67" y="598.35" angle="90.00" type="DEFAULT_VEHTYPE" speed="6.48" pos="18.92" lane="2/3to3/3_0" slope="0.00"/>
        <vehicle id="41" x="30.50" y="198.35" angle="90.00" type="DEFAULT_VEHTYPE" speed="8.95" pos="30.50" lane="0/1to1/1_0" slope="0.00"/>
        <vehicle id="42" x="379.29" y="601.65" angle="-90.00" type="DEFAULT_VEHTYPE" speed="5.34" pos="15.96" lane="2/3to1/3_0" slope="0.00"/>
        <vehicle id="43" x="587.68" y="601.65" angle="-90.00" type="DEFAULT_VEHTYPE" speed="2.47" pos="7.57" lane="3/3to2/3_0" slope="0.00"/>
        <vehicle id="44" x="201.65" y="11.27" angle="180.00" type="DEFAULT_VEHTYPE" speed="3.93" pos="11.27" lane="1/0to1/1_0" slope="0.00"/>
        <vehicle id="5" x="201.65" y="275.82" angle="180.00" type="DEFAULT_VEHTYPE" speed="12.75" pos="71.07" lane="1/1to1/2_0" slope="0.00"/>
        <vehicle id="6" x="560.17" y="601.65" angle="-90.00" type="DEFAULT_VEHTYPE" speed="12.32" pos="35.08" lane="3/3to2/3_0" slope="0.00"/>
        <vehicle id="7" x="398.35" y="574.62" angle="0.00" type="DEFAULT_VEHTYPE" speed="12.42" pos="20.63" lane="2/3to2/2_0" slope="0.00"/>
        <vehicle id="8" x="201.65" y="441.27" angle="180.00" type="DEFAULT_VEHTYPE" speed="13.01" pos="36.52" lane="1/2to1/3_0" slope="0.00"/>
        <vehicle id="9" x="601.65" y="259.18" angle="180.00" type="DEFAULT_VEHTYPE" speed="13.13" pos="54.43" lane="3/1to3/2_0" slope="0.00"/>
    </timestep>
    <timestep time="47.00">
        <vehicle id="0" x="201.65" y="570.44" angle="180.00" type="DEFAULT_VEHTYPE" speed="13.07" pos="165.69" lane="1/2to1/3_0" slope="0.00"/>
        <vehicle id="1" x="198.35" y="218.65" angle="0.00" type="DEFAULT_VEHTYPE" speed="9.41" pos="176.60" lane="1/2to1/1_0" slope="0.00"/>
        <vehicle id="10" x="198.35" y="178.12" angle="0.00" type="DEFAULT_VEHTYPE" speed="11.04" pos="17.13" lane="1/1to1/0_0" slope="0.00"/>
        <vehicle id="11" x="198.35" y="590.95" angle="-1.14" type="DEFAULT_VEHTYPE" speed="8.54" pos="4.30" lane="1/3to1/2_0" slope="0.00"/>
        <vehicle id="12" x="401.65" y="232.06" angle="180.00" type="DEFAULT_VEHTYPE" speed="13.49" pos="27.31" lane="2/1to2/2_0" slope="0.00"/>
        <vehicle id="13" x="198.35" y="411.80" angle="0.00" type="DEFAULT_VEHTYPE" speed="11.77" pos="183.45" lane="1/3to1/2_0" slope="0.00"/>
        <vehicle id="14" x="201.65" y="358.55" angle="180.00" type="DEFAULT_VEHTYPE" speed="13.25" pos="153.80" lane="1/1to1/2_0" slope="0.00"/>
        <vehicle id="15" x="614.12" y="201.65" angle="-90.00" type="DEFAULT_VEHTYPE" speed="6.60" pos="185.88" lane="4/1to3/1_0" slope="0.00"/>
        <vehicle id="16" x="601.65" y="350.30" angle="180.00" type="DEFAULT_VEHTYPE" speed="13.55" pos="145.55" lane="3/1to3/2_0" slope="0.00"/>
        <vehicle id="17" x="401.65" y="332.95" angle="180.00" type="DEFAULT_VEHTYPE" speed="13.23" pos="128.20" lane="2/1to2/2_0" slope="0.00"/>
        <vehicle id="18" x="325.67" y="598.35" angle="90.00" type="DEFAULT_VEHTYPE" speed="12.70" pos="120.92" lane="1/3to2/3_0" slope="0.00"/>
        <vehicle id="19" x="320.85" y="601.65" angle="-90.00" type="DEFAULT_VEHTYPE" speed="12.90" pos="74.40" lane="2/3to1/3_0" slope="0.00"/>
        <vehicle id="2" x="398.35" y="306.79" angle="0.00" type="DEFAULT_VEHTYPE" speed="12.68" pos="88.46" lane="2/2to2/1_0" slope="0.00"/>
        <vehicle id="20" x="577.27" y="201.65" angle="-90.00" type="DEFAULT_VEHTYPE" speed="10.25" pos="17.98" lane="3/1to2/1_0" slope="0.00"/>
        <vehicle id="21" x="278.11" y="598.35" angle="90.00" type="DEFAULT_VEHTYPE" speed="12.77" pos="73.36" lane="1/3to2/3_0" slope="0.00"/>
        <vehicle id="22" x="398.35" y="334.95" angle="0.00" type="DEFAULT_VEHTYPE" speed="13.83" pos="60.30" lane="2/2to2/1_0" slope="0.00"/>
        <vehicle id="23" x="216.81" y="398.35" angle="90.00" type="DEFAULT_VEHTYPE" speed="8.77" pos="12.06" lane="1/2to2/2_0" slope="0.00"/>
        <vehicle id="24" x="316.86" y="201.65" angle="-90.00" type="DEFAULT_VEHTYPE" speed="13.50" pos="78.39" lane="2/1to1/1_0" slope="0.00"/>
        <vehicle id="25" x="601.65" y="56.46" angle="180.00" type="DEFAULT_VEHTYPE" speed="12.70" pos="56.46" lane="3/0to3/1_0" slope="0.00"/>
        <vehicle id="26" x="384.68" y="401.65" angle="-90.00" type="DEFAULT_VEHTYPE" speed="10.65" pos="10.57" lane="2/2to1/2_0" slope="0.00"/>
        <vehicle id="27" x="191.02" y="398.35" angle="90.00" type="DEFAULT_VEHTYPE" speed="2.76" pos="191.02" lane="0/2to1/2_0" slope="0.00"/>
        <vehicle id="28" x="609.70" y="601.65" angle="-90.00" type="DEFAULT_VEHTYPE" speed="2.34" pos="190.30" lane="4/3to3/3_0" slope="0.00"/>
        <vehicle id="29" x="601.65" y="2.04" angle="148.15" type="DEFAULT_VEHTYPE" speed="13.27" pos="2.04" lane="3/0to3/1_0" slope="0.00"/>
        <vehicle id="3" x="480.03" y="201.65" angle="-90.00" type="DEFAULT_VEHTYPE" speed="13.73" pos="115.22" lane="3/1to2/1_0" slope="0.00"/>
        <vehicle id="30" x="182.51" y="198.35" angle="90.00" type="DEFAULT_VEHTYPE" speed="9.45" pos="182.51" lane="0/1to1/1_0" slope="0.00"/>
        <vehicle id="31" x="174.65" y="598.35" angle="90.00" type="DEFAULT_VEHTYPE" speed="12.08" pos="174.65" lane="0/3to1/3_0" slope="0.00"/>
        <vehicle id="32" x="401.65" y="570.04" angle="180.00" type="DEFAULT_VEHTYPE" speed="12.58" pos="165.29" lane="2/2to2/3_0" slope="0.00"/>
        <vehicle id="33" x="360.19" y="598.35" angle="90.00" type="DEFAULT_VEHTYPE" speed="13.40" pos="155.44" lane="1/3to2/3_0" slope="0.00"/>
        <vehicle id="34" x="663.35" y="601.65" angle="-90.00" type="DEFAULT_VEHTYPE" speed="13.40" pos="136.65" lane="4/3to3/3_0" slope="0.00"/>
        <vehicle id="35" x="201.65" y="511.00" angle="180.00" type="DEFAULT_VEHTYPE" speed="12.81" pos="106.25" lane="1/2to1/3_0" slope="0.00"/>
        <vehicle id="36" x="198.35" y="113.60" angle="0.00" type="DEFAULT_VEHTYPE" speed="12.85" pos="81.65" lane="1/1to1/0_0" slope="0.00"/>
        <vehicle id="37" x="201.65" y="93.51" angle="180.00" type="DEFAULT_VEHTYPE" speed="12.80" pos="93.51" lane="1/0to1/1_0" slope="0.00"/>
        <vehicle id="38" x="198.35" y="152.64" angle="0.00" type="DEFAULT_VEHTYPE" speed="10.82" pos="42.61" lane="1/1to1/0_0" slope="0.00"/>
        <vehicle id="39" x="198.35" y="369.39" angle="0.00" type="DEFAULT_VEHTYPE" speed="8.66" pos="25.86" lane="1/2to1/1_0" slope="0.00"/>
        <vehicle id="4" x="263.51" y="601.65" angle="-90.00" type="DEFAULT_VEHTYPE" speed="13.36" pos="131.74" lane="2/3to1/3_0" slope="0.00"/>
        <vehicle id="40" x="432.61" y="598.35" angle="90.00" type="DEFAULT_VEHTYPE" speed="8.94" pos="27.86" lane="2/3to3/3_0" slope="0.00"/>
        <vehicle id="41" x="41.62" y="198.35" angle="90.00" type="DEFAULT_VEHTYPE" speed="11.12" pos="41.62" lane="0/1to1/1_0" slope="0.00"/>
        <vehicle id="42" x="372.00" y="601.65" angle="-90.00" type="DEFAULT_VEHTYPE" speed="7.29" pos="23.25" lane="2/3to1/3_0" slope="0.00"/>
        <vehicle id="43" x="583.87" y="601.65" angle="-90.00" type="DEFAULT_VEHTYPE" speed="3.82" pos="11.38" lane="3/3to2/3_0" slope="0.00"/>
        <vehicle id="44" x="201.65" y="16.67" angle="180.00" type="DEFAULT_VEHTYPE" speed="5.41" pos="16.67" lane="1/0to1/1_0" slope="0.00"/>
        <vehicle id="47" x="401.65" y="209.85" angle="180.00" type="DEFAULT_VEHTYPE" speed="0.00" pos="5.10" lane="2/1to2/2_0" slope="0.00"/>
        <vehicle id="5" x="201.65" y="288.48" angle="180.00" type="DEFAULT_VEHTYPE" speed="12.66" pos="83.73" lane="1/1to1/2_0" slope="0.00"/>
        <vehicle id="6" x="547.16" y="601.65" angle="-90.00" type="DEFAULT_VEHTYPE" speed="13.00" pos="48.09" lane="3/3to2/3_0" slope="0.00"/>
        <vehicle id="7" x="398.35" y="560.96" angle="0.00" type="DEFAULT_VEHTYPE" speed="13.66" pos="34.29" lane="2/3to2/2_0" slope="0.00"/>
        <vehicle id="8" x="201.65" y="454.40" angle="180.00" type="DEFAULT_VEHTYPE" speed="13.13" pos="49.65" lane="1/2to1/3_0" slope="0.00"/>
        <vehicle id="9" x="601.65" y="273.04" angle="180.00" type="DEFAULT_VEHTYPE" speed="13.86" pos="68.29" lane="3/1to3/2_0" slope="0.00"/>
    </timestep>
    <timestep time="48.00">
        <vehicle id="0" x="201.65" y="583.17" angle="180.00" type="DEFAULT_VEHTYPE" speed="12.73" pos="178.42" lane="1/2to1/3_0" slope="0.00"/>
        <vehicle id="1" x="198.35" y="213.26" angle="0.00" type="DEFAULT_VEHTYPE" speed="5.39" pos="181.99" lane="1/2to1/1_0" slope="0.00"/>
        <vehicle id="10" x="198.35" y="165.84" angle="0.00" type="DEFAULT_VEHTYPE" speed="12.28" pos="29.41" lane="1/1to1/0_0" slope="0.00"/>
        <vehicle id="11" x="198.35" y="580.99" angle="0.00" type="DEFAULT_VEHTYPE" speed="9.96" pos="14.26" lane="1/3to1/2_0" slope="0.00"/>
        <vehicle id="12" x="401.65" y="245.86" angle="180.00" type="DEFAULT_VEHTYPE" speed="13.80" pos="41.11" lane="2/1to2/2_0" slope="0.00"/>
        <vehicle id="13" x="198.35" y="399.03" angle="0.00" type="DEFAULT_VEHTYPE" speed="12.77" pos="5.72" lane=":1/2_1_0" slope="0.00"/>
        <vehicle id="14" x="201.65" y="371.24" angle="180.00" type="DEFAULT_VEHTYPE" speed="12.70" pos="166.49" lane="1/1to1/2_0" slope="0.00"/>
        <vehicle id="15" x="610.25" y="201.65" angle="-90.00" type="DEFAULT_VEHTYPE" speed="3.87" pos="189.75" lane="4/1to3/1_0" slope="0.00"/>
        <vehicle id="16" x="601.65" y="363.88" angle="180.00" type="DEFAULT_VEHTYPE" speed="13.58" pos="159.13" lane="3/1to3/2_0" slope="0.00"/>
        <vehicle id="17" x="401.65" y="345.84" angle="180.00" type="DEFAULT_VEHTYPE" speed="12.89" pos="141.09" lane="2/1to2/2_0" slope="0.00"/>
        <vehicle id="18" x="338.64" y="598.35" angle="90.00" type="DEFAULT_VEHTYPE" speed="12.97" pos="133.89" lane="1/3to2/3_0" slope="0.00"/>
        <vehicle id="19" x="307.40" y="601.65" angle="-90.00" type="DEFAULT_VEHTYPE" speed="13.45" pos="87.85" lane="2/3to1/3_0" slope="0.00"/>
        <vehicle id="2" x="398.35" y="294.14" angle="0.00" type="DEFAULT_VEHTYPE" speed="12.64" pos="101.11" lane="2/2to2/1_0" slope="0.00"/>
        <vehicle id="20" x="565.02" y="201.65" angle="-90.00" type="DEFAULT_VEHTYPE" speed="12.25" pos="30.23" lane="3/1to2/1_0" slope="0.00"/>
        <vehicle id="21" x="291.98" y="598.35" angle="90.00" type="DEFAULT_VEHTYPE" speed="13.87" pos="87.23" lane="1/3to2/3_0" slope="0.00"/>
        <vehicle id="22" x="398.35" y="321.18" angle="0.00" type="DEFAULT_VEHTYPE" speed="13.77" pos="74.07" lane="2/2to2/1_0" slope="0.00"/>
        <vehicle id="23" x="227.99" y="398.35" angle="90.00" type="DEFAULT_VEHTYPE" speed="11.18" pos="23.24" lane="1/2to2/2_0" slope="0.00"/>
        <vehicle id="24" x="303.47" y="201.65" angle="-90.00" type="DEFAULT_VEHTYPE" speed="13.39" pos="91.78" lane="2/1to1/1_0" slope="0.00"/>
        <vehicle id="25" x="601.65" y="70.04" angle="180.00" type="DEFAULT_VEHTYPE" speed="13.59" pos="70.04" lane="3/0to3/1_0" slope="0.00"/>
        <vehicle id="26" x="372.10" y="401.65" angle="-90.00" type="DEFAULT_VEHTYPE" speed="12.58" pos="23.15" lane="2/2to1/2_0" slope="0.00"/>
        <vehicle id="27" x="192.33" y="398.35" angle="90.00" type="DEFAULT_VEHTYPE" speed="1.31" pos="192.33" lane="0/2to1/2_0" slope="0.00"/>
        <vehicle id="28" x="605.84" y="601.65" angle="-90.00" type="DEFAULT_VEHTYPE" speed="3.86" pos="194.16" lane="4/3to3/3_0" slope="0.00"/>
        <vehicle id="29" x="601.65" y="15.18" angle="180.00" type="DEFAULT_VEHTYPE" speed="13.14" pos="15.18" lane="3/0to3/1_0" slope="0.00"/>
        <vehicle id="3" x="467.37" y="201.65" angle="-90.00" type="DEFAULT_VEHTYPE" speed="12.66" pos="127.88" lane="3/1to2/1_0" slope="0.00"/>
        <vehicle id="30" x="187.76" y="198.35" angle="90.00" type="DEFAULT_VEHTYPE" speed="5.25" pos="187.76" lane="0/1to1/1_0" slope="0.00"/>
        <vehicle id="31" x="183.53" y="598.35" angle="90.00" type="DEFAULT_VEHTYPE" speed="8.88" pos="183.53" lane="0/3to1/3_0" slope="0.00"/>
        <vehicle id="32" x="401.65" y="580.32" angle="180.00" type="DEFAULT_VEHTYPE" speed="10.27" pos="175.57" lane="2/2to2/3_0" slope="0.00"/>
        <vehicle id="33" x="372.15" y="598.35" angle="90.00" type="DEFAULT_VEHTYPE" speed="11.96" pos="167.40" lane="1/3to2/3_0" slope="0.00"/>
        <vehicle id="34" x="650.37" y="601.65" angle="-90.00" type="DEFAULT_VEHTYPE" speed="12.98" pos="149.63" lane="4/3to3/3_0" slope="0.00"/>
        <vehicle id="35" x="201.65" y="524.22" angle="180.00" type="DEFAULT_VEHTYPE" speed="13.22" pos="119.47" lane="1/2to1/3_0" slope="0.00"/>
        <vehicle id="36" x="198.35" y="100.04" angle="0.00" type="DEFAULT_VEHTYPE" speed="13.56" pos="95.21" lane="1/1to1/0_0" slope="0.00"/>
        <vehicle id="37" x="201.65" y="106.79" angle="180.00" type="DEFAULT_VEHTYPE" speed="13.28" pos="106.79" lane="1/0to1/1_0" slope="0.00"/>
        <vehicle id="38" x="198.35" y="139.87" angle="0.00" type="DEFAULT_VEHTYPE" speed="12.76" pos="55.38" lane="1/1to1/0_0" slope="0.00"/>
        <vehicle id="39" x="198.35" y="358.24" angle="0.00" type="DEFAULT_VEHTYPE" speed="11.15" pos="37.01" lane="1/2to1/1_0" slope="0.00"/>
        <vehicle id="4" x="249.77" y="601.65" angle="-90.00" type="DEFAULT_VEHTYPE" speed="13.74" pos="145.48" lane="2/3to1/3_0" slope="0.00"/>
        <vehicle id="40" x="443.01" y="598.35" angle="90.00" type="DEFAULT_VEHTYPE" speed="10.40" pos="38.26" lane="2/3to3/3_0" slope="0.00"/>
        <vehicle id="41" x="55.03" y="198.35" angle="90.00" type="DEFAULT_VEHTYPE" speed="13.41" pos="55.03" lane="0/1to1/1_0" slope="0.00"/>
        <vehicle id="42" x="363.19" y="601.65" angle="-90.00" type="DEFAULT_VEHTYPE" speed="8.80" pos="32.06" lane="2/3to1/3_0" slope="0.00"/>
        <vehicle id="43" x="577.94" y="601.65" angle="-90.00" type="DEFAULT_VEHTYPE" speed="5.93" pos="17.31" lane="3/3to2/3_0" slope="0.00"/>
        <vehicle id="44" x="201.65" y="23.87" angle="180.00" type="DEFAULT_VEHTYPE" speed="7.19" pos="23.87" lane="1/0to1/1_0" slope="0.00"/>
        <vehicle id="47" x="401.65" y="212.23" angle="180.00" type="DEFAULT_VEHTYPE" speed="2.38" pos="7.48" lane="2/1to2/2_0" slope="0.00"/>
        <vehicle id="5" x="201.65" y="302.11" angle="180.00" type="DEFAULT_VEHTYPE" speed="13.63" pos="97.36" lane="1/1to1/2_0" slope="0.00"/>
        <vehicle id="6" x="533.89" y="601.65" angle="-90.00" type="DEFAULT_VEHTYPE" speed="13.27" pos="61.36" lane="3/3to2/3_0" slope="0.00"/>
        <vehicle id="7" x="398.35" y="548.00" angle="0.00" type="DEFAULT_VEHTYPE" speed="12.96" pos="47.25" lane="2/3to2/2_0" slope="0.00"/>
        <vehicle id="8" x="201.65" y="467.21" angle="180.00" type="DEFAULT_VEHTYPE" speed="12.81" pos="62.46" lane="1/2to1/3_0" slope="0.00"/>
        <vehicle id="9" x="601.65" y="285.67" angle="180.00" type="DEFAULT_VEHTYPE" speed="12.63" pos="80.92" lane="3/1to3/2_0" slope="0.00"/>
    </timestep>
    <timestep time="49.00">
        <vehicle id="0" x="201.82" y="596.49" angle="178.02" type="DEFAULT_VEHTYPE" speed="13.33" pos="1.25" lane=":1/3_8_0" slope="0.00"/>
        <vehicle id="1" x="198.35" y="209.43" angle="0.00" type="DEFAULT_VEHTYPE" speed="3.83" pos="185.82" lane="1/2to1/1_0" slope="0.00"/>
        <vehicle id="10" x="198.35" y="153.04" angle="0.00" type="DEFAULT_VEHTYPE" speed="12.80" pos="42.21" lane="1/1to1/0_0" slope="0.00"/>
        <vehicle id="11" x="198.35" y="568.45" angle="0.00" type="DEFAULT_VEHTYPE" speed="12.55" pos="26.80" lane="1/3to1/2_0" slope="0.00"/>
        <vehicle id="12" x="401.65" y="258.65" angle="180.00" type="DEFAULT_VEHTYPE" speed="12.79" pos="53.90" lane="2/1to2/2_0" slope="0.00"/>
        <vehicle id="13" x="198.35" y="385.98" angle="0.00" type="DEFAULT_VEHTYPE" speed="13.05" pos="9.27" lane="1/2to1/1_0" slope="0.00"/>
        <vehicle id="14" x="201.65" y="384.90" angle="180.00" type="DEFAULT_VEHTYPE" speed="13.66" pos="180.15" lane="1/1to1/2_0" slope="0.00"/>
        <vehicle id="15" x="603.96" y="201.65" angle="-90.00" type="DEFAULT_VEHTYPE" speed="6.29" pos="0.79" lane=":3/1_5_0" slope="0.00"/>
        <vehicle id="16" x="601.65" y="376.57" angle="180.00" type="DEFAULT_VEHTYPE" speed="12.69" pos="171.82" lane="3/1to3/2_0" slope="0.00"/>
        <vehicle id="17" x="401.65" y="358.75" angle="180.00" type="DEFAULT_VEHTYPE" speed="12.91" pos="154.00" lane="2/1to2/2_0" slope="0.00"/>
        <vehicle id="18" x="351.94" y="598.35" angle="90.00" type="DEFAULT_VEHTYPE" speed="13.29" pos="147.19" lane="1/3to2/3_0" slope="0.00"/>
        <vehicle id="19" x="294.37" y="601.65" angle="-90.00" type="DEFAULT_VEHTYPE" speed="13.02" pos="100.88" lane="2/3to1/3_0" slope="0.00"/>
        <vehicle id="2" x="398.35" y="280.71" angle="0.00" type="DEFAULT_VEHTYPE" speed="13.44" pos="114.54" lane="2/2to2/1_0" slope="0.00"/>
        <vehicle id="20" x="551.69" y="201.65" angle="-90.00" type="DEFAULT_VEHTYPE" speed="13.33" pos="43.56" lane="3/1to2/1_0" slope="0.00"/>
        <vehicle id="21" x="305.66" y="598.35" angle="90.00" type="DEFAULT_VEHTYPE" speed="13.69" pos="100.91" lane="1/3to2/3_0" slope="0.00"/>
        <vehicle id="22" x="398.35" y="307.66" angle="0.00" type="DEFAULT_VEHTYPE" speed="13.52" pos="87.59" lane="2/2to2/1_0" slope="0.00"/>
        <vehicle id="23" x="241.72" y="398.35" angle="90.00" type="DEFAULT_VEHTYPE" speed="13.73" pos="36.97" lane="1/2to2/2_0" slope="0.00"/>
        <vehicle id="24" x="290.21" y="201.65" angle="-90.00" type="DEFAULT_VEHTYPE" speed="13.26" pos="105.04" lane="2/1to1/1_0" slope="0.00"/>
        <vehicle id="25" x="601.65" y="83.66" angle="180.00" type="DEFAULT_VEHTYPE" speed="13.62" pos="83.66" lane="3/0to3/1_0" slope="0.00"/>
        <vehicle id="26" x="358.70" y="401.65" angle="-90.00" type="DEFAULT_VEHTYPE" speed="13.39" pos="36.55" lane="2/2to1/2_0" slope="0.00"/>
        <vehicle id="27" x="192.60" y="398.35" angle="90.00" type="DEFAULT_VEHTYPE" speed="0.27" pos="192.60" lane="0/2to1/2_0" slope="0.00"/>
        <vehicle id="28" x="600.49" y="601.65" angle="-90.00" type="DEFAULT_VEHTYPE" speed="5.34" pos="4.26" lane=":3/3_5_0" slope="0.00"/>
        <vehicle id="29" x="601.65" y="28.23" angle="180.00" type="DEFAULT_VEHTYPE" speed="13.05" pos="28.23" lane="3/0to3/1_0" slope="0.00"/>
        <vehicle id="3" x="454.53" y="201.65" angle="-90.00" type="DEFAULT_VEHTYPE" speed="12.84" pos="140.72" lane="3/1to2/1_0" slope="0.00"/>
        <vehicle id="30" x="190.64" y="198.35" angle="90.00" type="DEFAULT_VEHTYPE" speed="2.88" pos="190.64" lane="0/1to1/1_0" slope="0.00"/>
        <vehicle id="31" x="188.41" y="598.35" angle="90.00" type="DEFAULT_VEHTYPE" speed="4.88" pos="188.41" lane="0/3to1/3_0" slope="0.00"/>
        <vehicle id="32" x="401.65" y="586.27" angle="180.00" type="DEFAULT_VEHTYPE" speed="5.96" pos="181.52" lane="2/2to2/3_0" slope="0.00"/>
        <vehicle id="33" x="380.93" y="598.35" angle="90.00" type="DEFAULT_VEHTYPE" speed="8.78" pos="176.18" lane="1/3to2/3_0" slope="0.00"/>
        <vehicle id="34" x="636.85" y="601.65" angle="-90.00" type="DEFAULT_VEHTYPE" speed="13.51" pos="163.15" lane="4/3to3/3_0" slope="0.00"/>
        <vehicle id="35" x="201.65" y="536.99" angle="180.00" type="DEFAULT_VEHTYPE" speed="12.77" pos="132.24" lane="1/2to1/3_0" slope="0.00"/>
        <vehicle id="36" x="198.35" y="86.62" angle="0.00" type="DEFAULT_VEHTYPE" speed="13.43" pos="108.63" lane="1/1to1/0_0" slope="0.00"/>
        <vehicle id="37" x="201.65" y="120.62" angle="180.00" type="DEFAULT_VEHTYPE" speed="13.83" pos="120.62" lane="1/0to1/1_0" slope="0.00"/>
        <vehicle id="38" x="198.35" y="126.20" angle="0.00" type="DEFAULT_VEHTYPE" speed="13.67" pos="69.05" lane="1/1to1/0_0" slope="0.00"/>
        <vehicle id="39" x="198.35" y="345.23" angle="0.00" type="DEFAULT_VEHTYPE" speed="13.00" pos="50.02" lane="1/2to1/1_0" slope="0.00"/>
        <vehicle id="4" x="236.56" y="601.65" angle="-90.00" type="DEFAULT_VEHTYPE" speed="13.21" pos="158.69" lane="2/3to1/3_0" slope="0.00"/>
        <vehicle id="40" x="455.69" y="598.35" angle="90.00" type="DEFAULT_VEHTYPE" speed="12.69" pos="50.94" lane="2/3to3/3_0" slope="0.00"/>
        <vehicle id="41" x="68.23" y="198.35" angle="90.00" type="DEFAULT_VEHTYPE" speed="13.20" pos="68.23" lane="0/1to1/1_0" slope="0.00"/>
        <vehicle id="42" x="352.98" y="601.65" angle="-90.00" type="DEFAULT_VEHTYPE" speed="10.22" pos="42.27" lane="2/3to1/3_0" slope="0.00"/>
        <vehicle id="43" x="570.18" y="601.65" angle="-90.00" type="DEFAULT_VEHTYPE" speed="7.76" pos="25.07" lane="3/3to2/3_0" slope="0.00"/>
        <vehicle id="44" x="201.65" y="33.14" angle="180.00" type="DEFAULT_VEHTYPE" speed="9.27" pos="33.14" lane="1/0to1/1_0" slope="0.00"/>
        <vehicle id="47" x="401.65" y="216.96" angle="180.00" type="DEFAULT_VEHTYPE" speed="4.73" pos="12.21" lane="2/1to2/2_0" slope="0.00"/>
        <vehicle id="48" x="198.35" y="190.15" angle="0.00" type="DEFAULT_VEHTYPE" speed="0.00" pos="5.10" lane="1/1to1/0_0" slope="0.00"/>
        <vehicle id="5" x="201.65" y="315.12" angle="180.00" type="DEFAULT_VEHTYPE" speed="13.01" pos="110.37" lane="1/1to1/2_0" slope="0.00"/>
        <vehicle id="6" x="520.07" y="601.65" angle="-90.00" type="DEFAULT_VEHTYPE" speed="13.83" pos="75.18" lane="3/3to2/3_0" slope="0.00"/>
        <vehicle id="7" x="398.35" y="534.34" angle="0.00" type="DEFAULT_VEHTYPE" speed="13.66" pos="60.91" lane="2/3to2/2_0" slope="0.00"/>
        <vehicle id="8" x="201.65" y="480.13" angle="180.00" type="DEFAULT_VEHTYPE" speed="12.92" pos="75.38" lane="1/2to1/3_0" slope="0.00"/>
        <vehicle id="9" x="601.65" y="298.78" angle="180.00" type="DEFAULT_VEHTYPE" speed="13.11" pos="94.03" lane="3/1to3/2_0" slope="0.00"/>
    </timestep>
    <timestep time="50.00">
        <vehicle id="0" x="213.63" y="598.35" angle="90.00" type="DEFAULT_VEHTYPE" speed="12.63" pos="8.88" lane="1/3to2/3_0" slope="0.00"/>
        <vehicle id="1" x="198.48" y="203.82" angle="1.53" type="DEFAULT_VEHTYPE" speed="5.62" pos="0.94" lane=":1/1_2_0" slope="0.00"/>
        <vehicle id="10" x="198.35" y="140.04" angle="0.00" type="DEFAULT_VEHTYPE" speed="13.00" pos="55.21" lane="1/1to1/0_0" slope="0.00"/>
        <vehicle id="11" x="198.35" y="555.27" angle="0.00" type="DEFAULT_VEHTYPE" speed="13.18" pos="39.98" lane="1/3to1/2_0" slope="0.00"/>
        <vehicle id="12" x="401.65" y="271.76" angle="180.00" type="DEFAULT_VEHTYPE" speed="13.11" pos="67.01" lane="2/1to2/2_0" slope="0.00"/>
        <vehicle id="13" x="198.35" y="373.05" angle="0.00" type="DEFAULT_VEHTYPE" speed="12.93" pos="22.20" lane="1/2to1/1_0" slope="0.00"/>
        <vehicle id="14" x="203.13" y="398.00" angle="161.51" type="DEFAULT_VEHTYPE" speed="13.68" pos="3.33" lane=":1/2_8_0" slope="0.00"/>
        <vehicle id="15" x="596.27" y="201.65" angle="-90.00" type="DEFAULT_VEHTYPE" speed="7.69" pos="8.48" lane=":3/1_5_0" slope="0.00"/>
        <vehicle id="16" x="601.65" y="389.23" angle="180.00" type="DEFAULT_VEHTYPE" speed="12.66" pos="184.48" lane="3/1to3/2_0" slope="0.00"/>
        <vehicle id="17" x="401.65" y="371.93" angle="180.00" type="DEFAULT_VEHTYPE" speed="13.18" pos="167.18" lane="2/1to2/2_0" slope="0.00"/>
        <vehicle id="18" x="364.67" y="598.35" angle="90.00" type="DEFAULT_VEHTYPE" speed="12.73" pos="159.92" lane="1/3to2/3_0" slope="0.00"/>
        <vehicle id="19" x="281.39" y="601.65" angle="-90.00" type="DEFAULT_VEHTYPE" speed="12.99" pos="113.86" lane="2/3to1/3_0" slope="0.00"/>
        <vehicle id="2" x="398.35" y="267.29" angle="0.00" type="DEFAULT_VEHTYPE" speed="13.42" pos="127.96" lane="2/2to2/1_0" slope="0.00"/>
        <vehicle id="20" x="538.64" y="201.65" angle="-90.00" type="DEFAULT_VEHTYPE" speed="13.05" pos="56.61" lane="3/1to2/1_0" slope="0.00"/>
        <vehicle id="21" x="318.56" y="598.35" angle="90.00" type="DEFAULT_VEHTYPE" speed="12.90" pos="113.81" lane="1/3to2/3_0" slope="0.00"/>
        <vehicle id="22" x="398.35" y="294.34" angle="0.00" type="DEFAULT_VEHTYPE" speed="13.32" pos="100.91" lane="2/2to2/1_0" slope="0.00"/>
        <vehicle id="23" x="254.84" y="398.35" angle="90.00" type="DEFAULT_VEHTYPE" speed="13.12" pos="50.09" lane="1/2to2/2_0" slope="0.00"/>
        <vehicle id="24" x="276.52" y="201.65" angle="-90.00" type="DEFAULT_VEHTYPE" speed="13.69" pos="118.73" lane="2/1to1/1_0" slope="0.00"/>
        <vehicle id="25" x="601.65" y="97.08" angle="180.00" type="DEFAULT_VEHTYPE" speed="13.41" pos="97.08" lane="3/0to3/1_0" slope="0.00"/>
        <vehicle id="26" x="345.86" y="401.65" angle="-90.00" type="DEFAULT_VEHTYPE" speed="12.85" pos="49.39" lane="2/2to1/2_0" slope="0.00"/>
        <vehicle id="27" x="195.04" y="398.35" angle="90.00" type="DEFAULT_VEHTYPE" speed="2.44" pos="195.04" lane="0/2to1/2_0" slope="0.00"/>
        <vehicle id="28" x="592.67" y="601.65" angle="-90.00" type="DEFAULT_VEHTYPE" speed="7.82" pos="2.58" lane="3/3to2/3_0" slope="0.00"/>
        <vehicle id="29" x="601.65" y="41.53" angle="180.00" type="DEFAULT_VEHTYPE" speed="13.29" pos="41.53" lane="3/0to3/1_0" slope="0.00"/>
        <vehicle id="3" x="441.45" y="201.65" angle="-90.00" type="DEFAULT_VEHTYPE" speed="13.08" pos="153.80" lane="3/1to2/1_0" slope="0.00"/>
        <vehicle id="30" x="192.21" y="198.35" angle="90.00" type="DEFAULT_VEHTYPE" speed="1.57" pos="192.21" lane="0/1to1/1_0" slope="0.00"/>
        <vehicle id="31" x="191.14" y="598.35" angle="90.00" type="DEFAULT_VEHTYPE" speed="2.73" pos="191.14" lane="0/3to1/3_0" slope="0.00"/>
        <vehicle id="32" x="401.65" y="589.86" angle="180.00" type="DEFAULT_VEHTYPE" speed="3.59" pos="185.11" lane="2/2to2/3_0" slope="0.00"/>
        <vehicle id="33" x="387.09" y="598.35" angle="90.00" type="DEFAULT_VEHTYPE" speed="6.15" pos="182.34" lane="1/3to2/3_0" slope="0.00"/>
        <vehicle id="34" x="625.40" y="601.65" angle="-90.00" type="DEFAULT_VEHTYPE" speed="11.46" pos="174.60" lane="4/3to3/3_0" slope="0.00"/>
        <vehicle id="35" x="201.65" y="549.84" angle="180.00" type="DEFAULT_VEHTYPE" speed="12.85" pos="145.09" lane="1/2to1/3_0" slope="0.00"/>
        <vehicle id="36" x="198.35" y="73.18" angle="0.00" type="DEFAULT_VEHTYPE" speed="13.44" pos="122.07" lane="1/1to1/0_0" slope="0.00"/>
        <vehicle id="37" x="201.65" y="133.97" angle="180.00" type="DEFAULT_VEHTYPE" speed="13.35" pos="133.97" lane="1/0to1/1_0" slope="0.00"/>
        <vehicle id="38" x="198.35" y="112.55" angle="0.00" type="DEFAULT_VEHTYPE" speed="13.66" pos="82.70" lane="1/1to1/0_0" slope="0.00"/>
        <vehicle id="39" x="198.35" y="331.64" angle="0.00" type="DEFAULT_VEHTYPE" speed="13.59" pos="63.61" lane="1/2to1/1_0" slope="0.00"/>
        <vehicle id="4" x="224.73" y="601.65" angle="-90.00" type="DEFAULT_VEHTYPE" speed="11.84" pos="170.52" lane="2/3to1/3_0" slope="0.00"/>
        <vehicle id="40" x="468.81" y="598.35" angle="90.00" type="DEFAULT_VEHTYPE" speed="13.11" pos="64.06" lane="2/3to3/3_0" slope="0.00"/>
        <vehicle id="41" x="81.62" y="198.35" angle="90.00" type="DEFAULT_VEHTYPE" speed="13.39" pos="81.62" lane="0/1to1/1_0" slope="0.00"/>
        <vehicle id="42" x="340.20" y="601.65" angle="-90.00" type="DEFAULT_VEHTYPE" speed="12.78" pos="55.05" lane="2/3to1/3_0" slope="0.00"/>
        <vehicle id="43" x="560.71" y="601.65" angle="-90.00" type="DEFAULT_VEHTYPE" speed="9.47" pos="34.54" lane="3/3to2/3_0" slope="0.00"/>
        <vehicle id="44" x="201.65" y="44.98" angle="180.00" type="DEFAULT_VEHTYPE" speed="11.85" pos="44.98" lane="1/0to1/1_0" slope="0.00"/>
        <vehicle id="46" x="201.65" y="209.85" angle="180.00" type="DEFAULT_VEHTYPE" speed="0.00" pos="5.10" lane="1/1to1/2_0" slope="0.00"/>
        <vehicle id="47" x="401.65" y="223.01" angle="180.00" type="DEFAULT_VEHTYPE" speed="6.04" pos="18.26" lane="2/1to2/2_0" slope="0.00"/>
        <vehicle id="48" x="198.35" y="188.84" angle="0.00" type="DEFAULT_VEHTYPE" speed="1.31" pos="6.41" lane="1/1to1/0_0" slope="0.00"/>
        <vehicle id="5" x="201.65" y="328.37" angle="180.00" type="DEFAULT_VEHTYPE" speed="13.25" pos="123.62" lane="1/1to1/2_0" slope="0.00"/>
        <vehicle id="6" x="507.30" y="601.65" angle="-90.00" type="DEFAULT_VEHTYPE" speed="12.76" pos="87.95" lane="3/3to2/3_0" slope="0.00"/>
        <vehicle id="7" x="398.35" y="521.59" angle="0.00" type="DEFAULT_VEHTYPE" speed="12.75" pos="73.66" lane="2/3to2/2_0" slope="0.00"/>
        <vehicle id="8" x="201.65" y="493.94" angle="180.00" type="DEFAULT_VEHTYPE" speed="13.82" pos="89.19" lane="1/2to1/3_0" slope="0.00"/>
        <vehicle id="9" x="601.65" y="312.47" angle="180.00" type="DEFAULT_VEHTYPE" speed="13.69" pos="107.72" lane="3/1to3/2_0" slope="0.00"/>
    </timestep>
    <timestep time="51.00">
        <vehicle id="0" x="226.73" y="598.35" angle="90.00" type="DEFAULT_VEHTYPE" speed="13.10" pos="21.98" lane="1/3to2/3_0" slope="0.00"/>
        <vehicle id="1" x="203.43" y="198.54" angle="59.40" type="DEFAULT_VEHTYPE" speed="8.05" pos="1.85" lane=":1/1_16_0" slope="0.00"/>
        <vehicle id="10" x="198.35" y="126.91" angle="0.00" type="DEFAULT_VEHTYPE" speed="13.14" pos="68.34" lane="1/1to1/0_0" slope="0.00"/>
        <vehicle id="11" x="198.35" y="541.94" angle="0.00" type="DEFAULT_VEHTYPE" speed="13.33" pos="53.31" lane="1/3to1/2_0" slope="0.00"/>
        <vehicle id="12" x="401.65" y="285.35" angle="180.00" type="DEFAULT_VEHTYPE" speed="13.59" pos="80.60" lane="2/1to2/2_0" slope="0.00"/>
        <vehicle id="13" x="198.35" y="360.11" angle="0.00" type="DEFAULT_VEHTYPE" speed="12.94" pos="35.14" lane="1/2to1/1_0" slope="0.00"/>
        <vehicle id="14" x="216.84" y="398.35" angle="90.00" type="DEFAULT_VEHTYPE" speed="13.76" pos="12.09" lane="1/2to2/2_0" slope="0.00"/>
        <vehicle id="15" x="586.04" y="201.65" angle="-90.00" type="DEFAULT_VEHTYPE" speed="10.23" pos="9.21" lane="3/1to2/1_0" slope="0.00"/>
        <vehicle id="16" x="601.65" y="402.78" angle="180.00" type="DEFAULT_VEHTYPE" speed="13.55" pos="7.53" lane=":3/2_9_0" slope="0.00"/>
        <vehicle id="17" x="401.65" y="385.82" angle="180.00" type="DEFAULT_VEHTYPE" speed="13.89" pos="181.07" lane="2/1to2/2_0" slope="0.00"/>
        <vehicle id="18" x="373.23" y="598.35" angle="90.00" type="DEFAULT_VEHTYPE" speed="8.56" pos="168.48" lane="1/3to2/3_0" slope="0.00"/>
        <vehicle id="19" x="268.06" y="601.65" angle="-90.00" type="DEFAULT_VEHTYPE" speed="13.33" pos="127.19" lane="2/3to1/3_0" slope="0.00"/>
        <vehicle id="2" x="398.35" y="253.61" angle="0.00" type="DEFAULT_VEHTYPE" speed="13.68" pos="141.64" lane="2/2to2/1_0" slope="0.00"/>
        <vehicle id="20" x="524.95" y="201.65" angle="-90.00" type="DEFAULT_VEHTYPE" speed="13.69" pos="70.30" lane="3/1to2/1_0" slope="0.00"/>
        <vehicle id="21" x="331.82" y="598.35" angle="90.00" type="DEFAULT_VEHTYPE" speed="13.26" pos="127.07" lane="1/3to2/3_0" slope="0.00"/>
        <vehicle id="22" x="398.35" y="280.48" angle="0.00" type="DEFAULT_VEHTYPE" speed="13.86" pos="114.77" lane="2/2to2/1_0" slope="0.00"/>
        <vehicle id="23" x="267.60" y="398.35" angle="90.00" type="DEFAULT_VEHTYPE" speed="12.76" pos="62.85" lane="1/2to2/2_0" slope="0.00"/>
        <vehicle id="24" x="263.51" y="201.65" angle="-90.00" type="DEFAULT_VEHTYPE" speed="13.01" pos="131.74" lane="2/1to1/1_0" slope="0.00"/>
        <vehicle id="25" x="601.65" y="110.09" angle="180.00" type="DEFAULT_VEHTYPE" speed="13.01" pos="110.09" lane="3/0to3/1_0" slope="0.00"/>
        <vehicle id="26" x="332.60" y="401.65" angle="-90.00" type="DEFAULT_VEHTYPE" speed="13.26" pos="62.65" lane="2/2to1/2_0" slope="0.00"/>
        <vehicle id="27" x="198.16" y="396.59" angle="67.61" type="DEFAULT_VEHTYPE" speed="3.86" pos="3.65" lane=":1/2_12_0" slope="0.00"/>
        <vehicle id="28" x="582.70" y="601.65" angle="-90.00" type="DEFAULT_VEHTYPE" speed="9.97" pos="12.55" lane="3/3to2/3_0" slope="0.00"/>
        <vehicle id="29" x="601.65" y="54.91" angle="180.00" type="DEFAULT_VEHTYPE" speed="13.38" pos="54.91" lane="3/0to3/1_0" slope="0.00"/>
        <vehicle id="3" x="429.10" y="201.65" angle="-90.00" type="DEFAULT_VEHTYPE" speed="12.35" pos="166.15" lane="3/1to2/1_0" slope="0.00"/>
        <vehicle id="30" x="192.56" y="198.35" angle="90.00" type="DEFAULT_VEHTYPE" speed="0.35" pos="192.56" lane="0/1to1/1_0" slope="0.00"/>
        <vehicle id="31" x="192.26" y="598.35" angle="90.00" type="DEFAULT_VEHTYPE" speed="1.12" pos="192.26" lane="0/3to1/3_0" slope="0.00"/>
        <vehicle id="32" x="401.65" y="594.86" angle="180.00" type="DEFAULT_VEHTYPE" speed="5.00" pos="190.11" lane="2/2to2/3_0" slope="0.00"/>
        <vehicle id="33" x="390.27" y="598.35" angle="90.00" type="DEFAULT_VEHTYPE" speed="3.18" pos="185.52" lane="1/3to2/3_0" slope="0.00"/>
        <vehicle id="34" x="616.58" y="601.65" angle="-90.00" type="DEFAULT_VEHTYPE" speed="8.82" pos="183.42" lane="4/3to3/3_0" slope="0.00"/>
        <vehicle id="35" x="201.65" y="563.00" angle="180.00" type="DEFAULT_VEHTYPE" speed="13.15" pos="158.25" lane="1/2to1/3_0" slope="0.00"/>
        <vehicle id="36" x="198.35" y="59.59" angle="0.00" type="DEFAULT_VEHTYPE" speed="13.58" pos="135.66" lane="1/1to1/0_0" slope="0.00"/>
        <vehicle id="37" x="201.65" y="147.30" angle="180.00" type="DEFAULT_VEHTYPE" speed="13.33" pos="147.30" lane="1/0to1/1_0" slope="0.00"/>
        <vehicle id="38" x="198.35" y="99.80" angle="0.00" type="DEFAULT_VEHTYPE" speed="12.74" pos="95.45" lane="1/1to1/0_0" slope="0.00"/>
        <vehicle id="39" x="198.35" y="318.04" angle="0.00" type="DEFAULT_VEHTYPE" speed="13.60" pos="77.21" lane="1/2to1/1_0" slope="0.00"/>
        <vehicle id="4" x="217.02" y="601.65" angle="-90.00" type="DEFAULT_VEHTYPE" speed="7.71" pos="178.23" lane="2/3to1/3_0" slope="0.00"/>
        <vehicle id="40" x="482.19" y="598.35" angle="90.00" type="DEFAULT_VEHTYPE" speed="13.38" pos="77.44" lane="2/3to3/3_0" slope="0.00"/>
        <vehicle id="41" x="94.45" y="198.35" angle="90.00" type="DEFAULT_VEHTYPE" speed="12.83" pos="94.45" lane="0/1to1/1_0" slope="0.00"/>
        <vehicle id="42" x="326.82" y="601.65" angle="-90.00" type="DEFAULT_VEHTYPE" speed="13.38" pos="68.43" lane="2/3to1/3_0" slope="0.00"/>
        <vehicle id="43" x="549.44" y="601.65" angle="-90.00" type="DEFAULT_VEHTYPE" speed="11.26" pos="45.81" lane="3/3to2/3_0" slope="0.00"/>
        <vehicle id="44" x="201.65" y="58.25" angle="180.00" type="DEFAULT_VEHTYPE" speed="13.26" pos="58.25" lane="1/0to1/1_0" slope="0.00"/>
        <vehicle id="46" x="201.65" y="211.92" angle="180.00" type="DEFAULT_VEHTYPE" speed="2.07" pos="7.17" lane="1/1to1/2_0" slope="0.00"/>
        <vehicle id="47" x="401.65" y="230.69" angle="180.00" type="DEFAULT_VEHTYPE" speed="7.69" pos="25.94" lane="2/1to2/2_0" slope="0.00"/>
        <vehicle id="48" x="198.35" y="186.11" angle="0.00" type="DEFAULT_VEHTYPE" speed="2.73" pos="9.14" lane="1/1to1/0_0" slope="0.00"/>
        <vehicle id="5" x="201.65" y="342.17" angle="180.00" type="DEFAULT_VEHTYPE" speed="13.80" pos="137.42" lane="1/1to1/2_0" slope="0.00"/>
        <vehicle id="6" x="494.17" y="601.65" angle="-90.00" type="DEFAULT_VEHTYPE" speed="13.14" pos="101.08" lane="3/3to2/3_0" slope="0.00"/>
        <vehicle id="7" x="398.35" y="508.20" angle="0.00" type="DEFAULT_VEHTYPE" speed="13.40" pos="87.05" lane="2/3to2/2_0" slope="0.00"/>
        <vehicle id="8" x="201.65" y="507.40" angle="180.00" type="DEFAULT_VEHTYPE" speed="13.45" pos="102.65" lane="1/2to1/3_0" slope="0.00"/>
        <vehicle id="9" x="601.65" y="325.50" angle="180.00" type="DEFAULT_VEHTYPE" speed="13.03" pos="120.75" lane="3/1to3/2_0" slope="0.00"/>
    </timestep>
    <timestep time="52.00">
        <vehicle id="0" x="239.47" y="598.35" angle="90.00" type="DEFAULT_VEHTYPE" speed="12.75" pos="34.72" lane="1/3to2/3_0" slope="0.00"/>
        <vehicle id="1" x="213.51" y="198.35" angle="90.00" type="DEFAULT_VEHTYPE" speed="10.09" pos="8.76" lane="1/1to2/1_0" slope="0.00"/>
        <vehicle id="10" x="198.35" y="113.50" angle="0.00" type="DEFAULT_VEHTYPE" speed="13.41" pos="81.75" lane="1/1to1/0_0" slope="0.00"/>
        <vehicle id="11" x="198.35" y="528.77" angle="0.00" type="DEFAULT_VEHTYPE" speed="13.17" pos="66.48" lane="1/3to1/2_0" slope="0.00"/>
        <vehicle id="12" x="401.65" y="298.62" angle="180.00" type="DEFAULT_VEHTYPE" speed="13.28" pos="93.87" lane="2/1to2/2_0" slope="0.00"/>
        <vehicle id="13" x="198.35" y="347.08" angle="0.00" type="DEFAULT_VEHTYPE" speed="13.03" pos="48.17" lane="1/2to1/1_0" slope="0.00"/>
        <vehicle id="14" x="229.95" y="398.35" angle="90.00" type="DEFAULT_VEHTYPE" speed="13.12" pos="25.20" lane="1/2to2/2_0" slope="0.00"/>
        <vehicle id="15" x="574.12" y="201.65" angle="-90.00" type="DEFAULT_VEHTYPE" speed="11.92" pos="21.13" lane="3/1to2/1_0" slope="0.00"/>
        <vehicle id="16" x="601.65" y="416.35" angle="180.00" type="DEFAULT_VEHTYPE" speed="13.58" pos="11.60" lane="3/2to3/3_0" slope="0.00"/>
        <vehicle id="17" x="401.65" y="398.91" angle="180.00" type="DEFAULT_VEHTYPE" speed="13.10" pos="3.66" lane=":2/2_9_0" slope="0.00"/>
        <vehicle id="18" x="378.00" y="598.35" angle="90.00" type="DEFAULT_VEHTYPE" speed="4.78" pos="173.25" lane="1/3to2/3_0" slope="0.00"/>
        <vehicle id="19" x="254.64" y="601.65" angle="-90.00" type="DEFAULT_VEHTYPE" speed="13.42" pos="140.61" lane="2/3to1/3_0" slope="0.00"/>
        <vehicle id="2" x="398.35" y="240.32" angle="0.00" type="DEFAULT_VEHTYPE" speed="13.29" pos="154.93" lane="2/2to2/1_0" slope="0.00"/>
        <vehicle id="20" x="512.30" y="201.65" angle="-90.00" type="DEFAULT_VEHTYPE" speed="12.65" pos="82.95" lane="3/1to2/1_0" slope="0.00"/>
        <vehicle id="21" x="344.54" y="598.35" angle="90.00" type="DEFAULT_VEHTYPE" speed="12.72" pos="139.79" lane="1/3to2/3_0" slope="0.00"/>
        <vehicle id="22" x="398.35" y="267.54" angle="0.00" type="DEFAULT_VEHTYPE" speed="12.94" pos="127.71" lane="2/2to2/1_0" slope="0.00"/>
        <vehicle id="23" x="280.78" y="398.35" angle="90.00" type="DEFAULT_VEHTYPE" speed="13.19" pos="76.03" lane="1/2to2/2_0" slope="0.00"/>
        <vehicle id="24" x="250.39" y="201.65" angle="-90.00" type="DEFAULT_VEHTYPE" speed="13.12" pos="144.86" lane="2/1to1/1_0" slope="0.00"/>
        <vehicle id="25" x="601.65" y="123.83" angle="180.00" type="DEFAULT_VEHTYPE" speed="13.75" pos="123.83" lane="3/0to3/1_0" slope="0.00"/>
        <vehicle id="26" x="319.17" y="401.65" angle="-90.00" type="DEFAULT_VEHTYPE" speed="13.43" pos="76.08" lane="2/2to1/2_0" slope="0.00"/>
        <vehicle id="27" x="198.35" y="391.01" angle="1.21" type="DEFAULT_VEHTYPE" speed="5.59" pos="4.24" lane="1/2to1/1_0" slope="0.00"/>
        <vehicle id="28" x="570.39" y="601.65" angle="-90.00" type="DEFAULT_VEHTYPE" speed="12.31" pos="24.86" lane="3/3to2/3_0" slope="0.00"/>
        <vehicle id="29" x="601.65" y="68.71" angle="180.00" type="DEFAULT_VEHTYPE" speed="13.80" pos="68.71" lane="3/0to3/1_0" slope="0.00"/>
        <vehicle id="3" x="419.52" y="201.65" angle="-90.00" type="DEFAULT_VEHTYPE" speed="9.57" pos="175.73" lane="3/1to2/1_0" slope="0.00"/>
        <vehicle id="30" x="192.72" y="198.35" angle="90.00" type="DEFAULT_VEHTYPE" speed="0.16" pos="192.72" lane="0/1to1/1_0" slope="0.00"/>
        <vehicle id="31" x="192.69" y="598.35" angle="90.00" type="DEFAULT_VEHTYPE" speed="0.43" pos="192.69" lane="0/3to1/3_0" slope="0.00"/>
        <vehicle id="32" x="398.35" y="592.91" angle="-25.74" type="DEFAULT_VEHTYPE" speed="7.56" pos="2.34" lane="2/3to2/2_0" slope="0.00"/>
        <vehicle id="33" x="395.43" y="598.47" angle="91.37" type="DEFAULT_VEHTYPE" speed="5.19" pos="0.21" lane=":2/3_15_0" slope="0.00"/>
        <vehicle id="34" x="611.34" y="601.65" angle="-90.00" type="DEFAULT_VEHTYPE" speed="5.24" pos="188.66" lane="4/3to3/3_0" slope="0.00"/>
        <vehicle id="35" x="201.65" y="576.44" angle="180.00" type="DEFAULT_VEHTYPE" speed="13.44" pos="171.69" lane="1/2to1/3_0" slope="0.00"/>
        <vehicle id="36" x="198.35" y="45.82" angle="0.00" type="DEFAULT_VEHTYPE" speed="13.78" pos="149.43" lane="1/1to1/0_0" slope="0.00"/>
        <vehicle id="37" x="201.65" y="160.23" angle="180.00" type="DEFAULT_VEHTYPE" speed="12.93" pos="160.23" lane="1/0to1/1_0" slope="0.00"/>
        <vehicle id="38" x="198.35" y="86.11" angle="0.00" type="DEFAULT_VEHTYPE" speed="13.69" pos="109.14" lane="1/1to1/0_0" slope="0.00"/>
        <vehicle id="39" x="198.35" y="304.27" angle="0.00" type="DEFAULT_VEHTYPE" speed="13.77" pos="90.98" lane="1/2to1/1_0" slope="0.00"/>
        <vehicle id="4" x="211.22" y="601.65" angle="-90.00" type="DEFAULT_VEHTYPE" speed="5.81" pos="184.03" lane="2/3to1/3_0" slope="0.00"/>
        <vehicle id="40" x="495.14" y="598.35" angle="90.00" type="DEFAULT_VEHTYPE" speed="12.96" pos="90.39" lane="2/3to3/3_0" slope="0.00"/>
        <vehicle id="41" x="108.13" y="198.35" angle="90.00" type="DEFAULT_VEHTYPE" speed="13.68" pos="108.13" lane="0/1to1/1_0" slope="0.00"/>
        <vehicle id="42" x="313.99" y="601.65" angle="-90.00" type="DEFAULT_VEHTYPE" speed="12.83" pos="81.26" lane="2/3to1/3_0" slope="0.00"/>
        <vehicle id="43" x="535.70" y="601.65" angle="-90.00" type="DEFAULT_VEHTYPE" speed="13.74" pos="59.55" lane="3/3to2/3_0" slope="0.00"/>
        <vehicle id="44" x="201.65" y="70.99" angle="180.00" type="DEFAULT_VEHTYPE" speed="12.74" pos="70.99" lane="1/0to1/1_0" slope="0.00"/>
        <vehicle id="45" x="209.85" y="398.35" angle="90.00" type="DEFAULT_VEHTYPE" speed="0.00" pos="5.10" lane="1/2to2/2_0" slope="0.00"/>
        <vehicle id="46" x="201.65" y="215.78" angle="180.00" type="DEFAULT_VEHTYPE" speed="3.86" pos="11.03" lane="1/1to1/2_0" slope="0.00"/>
        <vehicle id="47" x="401.65" y="240.01" angle="180.00" type="DEFAULT_VEHTYPE" speed="9.31" pos="35.26" lane="2/1to2/2_0" slope="0.00"/>
        <vehicle id="48" x="198.35" y="181.81" angle="0.00" type="DEFAULT_VEHTYPE" speed="4.30" pos="13.44" lane="1/1to1/0_0" slope="0.00"/>
        <vehicle id="5" x="201.65" y="355.41" angle="180.00" type="DEFAULT_VEHTYPE" speed="13.24" pos="150.66" lane="1/1to1/2_0" slope="0.00"/>
        <vehicle id="6" x="480.93" y="601.65" angle="-90.00" type="DEFAULT_VEHTYPE" speed="13.24" pos="114.32" lane="3/3to2/3_0" slope="0.00"/>
        <vehicle id="7" x="398.35" y="495.00" angle="0.00" type="DEFAULT_VEHTYPE" speed="13.19" pos="100.25" lane="2/3to2/2_0" slope="0.00"/>
        <vehicle id="8" x="201.65" y="520.10" angle="180.00" type="DEFAULT_VEHTYPE" speed="12.70" pos="115.35" lane="1/2to1/3_0" slope="0.00"/>
        <vehicle id="9" x="601.65" y="338.74" angle="180.00" type="DEFAULT_VEHTYPE" speed="13.25" pos="133.99" lane="3/1to3/2_0" slope="0.00"/>
    </timestep>
    <timestep time="53.00">
        <vehicle id="0" x="253.02" y="598.35" angle="90.00" type="DEFAULT_VEHTYPE" speed="13.55" pos="48.27" lane="1/3to2/3_0" slope="0.00"/>
        <vehicle id="1" x="226.03" y="198.35" angle="90.00" type="DEFAULT_VEHTYPE" speed="12.53" pos="21.28" lane="1/1to2/1_0" slope="0.00"/>
        <vehicle id="10" x="198.35" y="99.95" angle="0.00" type="DEFAULT_VEHTYPE" speed="13.56" pos="95.30" lane="1/1to1/0_0" slope="0.00"/>
        <vehicle id="11" x="198.35" y="514.91" angle="0.00" type="DEFAULT_VEHTYPE" speed="13.86" pos="80.34" lane="1/3to1/2_0" slope="0.00"/>
        <vehicle id="12" x="401.65" y="311.76" angle="180.00" type="DEFAULT_VEHTYPE" speed="13.13" pos="107.01" lane="2/1to2/2_0" slope="0.00"/>
        <vehicle id="13" x="198.35" y="333.66" angle="0.00" type="DEFAULT_VEHTYPE" speed="13.42" pos="61.59" lane="1/2to1/1_0" slope="0.00"/>
        <vehicle id="14" x="243.49" y="398.35" angle="90.00" type="DEFAULT_VEHTYPE" speed="13.53" pos="38.74" lane="1/2to2/2_0" slope="0.00"/>
        <vehicle id="15" x="561.42" y="201.65" angle="-90.00" type="DEFAULT_VEHTYPE" speed="12.71" pos="33.83" lane="3/1to2/1_0" slope="0.00"/>
        <vehicle id="16" x="601.65" y="429.29" angle="180.00" type="DEFAULT_VEHTYPE" speed="12.93" pos="24.54" lane="3/2to3/3_0" slope="0.00"/>
        <vehicle id="17" x="401.65" y="412.18" angle="180.00" type="DEFAULT_VEHTYPE" speed="13.26" pos="7.43" lane="2/2to2/3_0" slope="0.00"/>
        <vehicle id="18" x="384.85" y="598.35" angle="90.00" type="DEFAULT_VEHTYPE" speed="6.84" pos="180.10" lane="1/3to2/3_0" slope="0.00"/>
        <vehicle id="19" x="241.15" y="601.65" angle="-90.00" type="DEFAULT_VEHTYPE" speed="13.50" pos="154.10" lane="2/3to1/3_0" slope="0.00"/>
        <vehicle id="2" x="398.35" y="226.59" angle="0.00" type="DEFAULT_VEHTYPE" speed="13.73" pos="168.66" lane="2/2to2/1_0" slope="0.00"/>
        <vehicle id="20" x="498.70" y="201.65" angle="-90.00" type="DEFAULT_VEHTYPE" speed="13.60" pos="96.55" lane="3/1to2/1_0" slope="0.00"/>
        <vehicle id="21" x="356.81" y="598.35" angle="90.00" type="DEFAULT_VEHTYPE" speed="12.27" pos="152.06" lane="1/3to2/3_0" slope="0.00"/>
        <vehicle id="22" x="398.35" y="253.96" angle="0.00" type="DEFAULT_VEHTYPE" speed="13.58" pos="141.29" lane="2/2to2/1_0" slope="0.00"/>
        <vehicle id="23" x="293.61" y="398.35" angle="90.00" type="DEFAULT_VEHTYPE" speed="12.83" pos="88.86" lane="1/2to2/2_0" slope="0.00"/>
        <vehicle id="24" x="236.57" y="201.65" angle="-90.00" type="DEFAULT_VEHTYPE" speed="13.82" pos="158.68" lane="2/1to1/1_0" slope="0.00"/>
        <vehicle id="25" x="601.65" y="137.65" angle="180.00" type="DEFAULT_VEHTYPE" speed="13.82" pos="137.65" lane="3/0to3/1_0" slope="0.00"/>
        <vehicle id="26" x="305.32" y="401.65" angle="-90.00" type="DEFAULT_VEHTYPE" speed="13.85" pos="89.93" lane="2/2to1/2_0" slope="0.00"/>
        <vehicle id="27" x="198.35" y="383.27" angle="0.00" type="DEFAULT_VEHTYPE" speed="7.74" pos="11.98" lane="1/2to1/1_0" slope="0.00"/>
        <vehicle id="28" x="557.32" y="601.65" angle="-90.00" type="DEFAULT_VEHTYPE" speed="13.07" pos="37.93" lane="3/3to2/3_0" slope="0.00"/>
        <vehicle id="29" x="601.65" y="82.06" angle="180.00" type="DEFAULT_VEHTYPE" speed="13.34" pos="82.06" lane="3/0to3/1_0" slope="0.00"/>
        <vehicle id="3" x="413.40" y="201.65" angle="-90.00" type="DEFAULT_VEHTYPE" speed="6.13" pos="181.85" lane="3/1to2/1_0" slope="0.00"/>
        <vehicle id="30" x="192.75" y="198.35" angle="90.00" type="DEFAULT_VEHTYPE" speed="0.03" pos="192.75" lane="0/1to1/1_0" slope="0.00"/>
        <vehicle id="31" x="192.74" y="598.35" angle="90.00" type="DEFAULT_VEHTYPE" speed="0.05" pos="192.74" lane="0/3to1/3_0" slope="0.00"/>
        <vehicle id="32" x="398.35" y="583.03" angle="0.00" type="DEFAULT_VEHTYPE" speed="9.88" pos="12.22" lane="2/3to2/2_0" slope="0.00"/>
        <vehicle id="33" x="392.47" y="601.65" angle="-108.75" type="DEFAULT_VEHTYPE" speed="7.39" pos="2.78" lane="2/3to1/3_0" slope="0.00"/>
        <vehicle id="34" x="603.58" y="601.48" angle="-88.08" type="DEFAULT_VEHTYPE" speed="7.77" pos="1.18" lane=":3/3_6_0" slope="0.00"/>
        <vehicle id="35" x="201.65" y="589.43" angle="180.00" type="DEFAULT_VEHTYPE" speed="12.99" pos="184.68" lane="1/2to1/3_0" slope="0.00"/>
        <vehicle id="36" x="198.35" y="32.01" angle="0.00" type="DEFAULT_VEHTYPE" speed="13.80" pos="163.24" lane="1/1to1/0_0" slope="0.00"/>
        <vehicle id="37" x="201.65" y="173.01" angle="180.00" type="DEFAULT_VEHTYPE" speed="12.77" pos="173.01" lane="1/0to1/1_0" slope="0.00"/>
        <vehicle id="38" x="198.35" y="72.82" angle="0.00" type="DEFAULT_VEHTYPE" speed="13.29" pos="122.43" lane="1/1to1/0_0" slope="0.00"/>
        <vehicle id="39" x="198.35" y="291.30" angle="0.00" type="DEFAULT_VEHTYPE" speed="12.97" pos="103.95" lane="1/2to1/1_0" slope="0.00"/>
        <vehicle id="4" x="203.08" y="601.41" angle="-87.25" type="DEFAULT_VEHTYPE" speed="8.16" pos="1.69" lane=":1/3_6_0" slope="0.00"/>
        <vehicle id="40" x="508.30" y="598.35" angle="90.00" type="DEFAULT_VEHTYPE" speed="13.16" pos="103.55" lane="2/3to3/3_0" slope="0.00"/>
        <vehicle id="41" x="120.95" y="198.35" angle="90.00" type="DEFAULT_VEHTYPE" speed="12.82" pos="120.95" lane="0/1to1/1_0" slope="0.00"/>
        <vehicle id="42" x="301.03" y="601.65" angle="-90.00" type="DEFAULT_VEHTYPE" speed="12.96" pos="94.22" lane="2/3to1/3_0" slope="0.00"/>
        <vehicle id="43" x="522.39" y="601.65" angle="-90.00" type="DEFAULT_VEHTYPE" speed="13.31" pos="72.86" lane="3/3to2/3_0" slope="0.00"/>
        <vehicle id="44" x="201.65" y="84.63" angle="180.00" type="DEFAULT_VEHTYPE" speed="13.64" pos="84.63" lane="1/0to1/1_0" slope="0.00"/>
        <vehicle id="45" x="212.36" y="398.35" angle="90.00" type="DEFAULT_VEHTYPE" speed="2.51" pos="7.61" lane="1/2to2/2_0" slope="0.00"/>
        <vehicle id="46" x="201.65" y="222.18" angle="180.00" type="DEFAULT_VEHTYPE" speed="6.40" pos="17.43" lane="1/1to1/2_0" slope="0.00"/>
        <vehicle id="47" x="401.65" y="251.26" angle="180.00" type="DEFAULT_VEHTYPE" speed="11.25" pos="46.51" lane="2/1to2/2_0" slope="0.00"/>
        <vehicle id="48" x="198.35" y="175.60" angle="0.00" type="DEFAULT_VEHTYPE" speed="6.21" pos="19.65" lane="1/1to1/0_0" slope="0.00"/>
        <vehicle id="5" x="201.65" y="368.61" angle="180.00" type="DEFAULT_VEHTYPE" speed="13.20" pos="163.86" lane="1/1to1/2_0" slope="0.00"/>
        <vehicle id="6" x="468.32" y="601.65" angle="-90.00" type="DEFAULT_VEHTYPE" speed="12.61" pos="126.93" lane="3/3to2/3_0" slope="0.00"/>
        <vehicle id="7" x="398.35" y="481.14" angle="0.00" type="DEFAULT_VEHTYPE" speed="13.86" pos="114.11" lane="2/3to2/2_0" slope="0.00"/>
        <vehicle id="8" x="201.65" y="533.64" angle="180.00" type="DEFAULT_VEHTYPE" speed="13.54" pos="128.89" lane="1/2to1/3_0" slope="0.00"/>
        <vehicle id="9" x="601.65" y="352.48" angle="180.00" type="DEFAULT_VEHTYPE" speed="13.74" pos="147.73" lane="3/1to3/2_0" slope="0.00"/>
    </timestep>
    <timestep time="54.00">
        <vehicle id="0" x="266.03" y="598.35" angle="90.00" type="DEFAULT_VEHTYPE" speed="13.01" pos="61.28" lane="1/3to2/3_0" slope="0.00"/>
        <vehicle id="1" x="238.77" y="198.35" angle="90.00" type="DEFAULT_VEHTYPE" speed="12.74" pos="34.02" lane="1/1to2/1_0" slope="0.00"/>
        <vehicle id="10" x="198.35" y="87.21" angle="0.00" type="DEFAULT_VEHTYPE" speed="12.73" pos="108.04" lane="1/1to1/0_0" slope="0.00"/>
        <vehicle id="11" x="198.35" y="501.05" angle="0.00" type="DEFAULT_VEHTYPE" speed="13.86" pos="94.20" lane="1/3to1/2_0" slope="0.00"/>
        <vehicle id="12" x="401.65" y="324.42" angle="180.00" type="DEFAULT_VEHTYPE" speed="12.66" pos="119.67" lane="2/1to2/2_0" slope="0.00"/>
        <vehicle id="13" x="198.35" y="319.78" angle="0.00" type="DEFAULT_VEHTYPE" speed="13.88" pos="75.47" lane="1/2to1/1_0" slope="0.00"/>
        <vehicle id="14" x="256.87" y="398.35" angle="90.00" type="DEFAULT_VEHTYPE" speed="13.38" pos="52.12" lane="1/2to2/2_0" slope="0.00"/>
        <vehicle id="15" x="548.31" y="201.65" angle="-90.00" type="DEFAULT_VEHTYPE" speed="13.11" pos="46.94" lane="3/1to2/1_0" slope="0.00"/>
        <vehicle id="16" x="601.65" y="442.81" angle="180.00" type="DEFAULT_VEHTYPE" speed="13.52" pos="38.06" lane="3/2to3/3_0" slope="0.00"/>
        <vehicle id="17" x="401.65" y="425.32" angle="180.00" type="DEFAULT_VEHTYPE" speed="13.14" pos="20.57" lane="2/2to2/3_0" slope="0.00"/>
        <vehicle id="18" x="388.95" y="598.35" angle="90.00" type="DEFAULT_VEHTYPE" speed="4.11" pos="184.20" lane="1/3to2/3_0" slope="0.00"/>
        <vehicle id="19" x="228.48" y="601.65" angle="-90.00" type="DEFAULT_VEHTYPE" speed="12.67" pos="166.77" lane="2/3to1/3_0" slope="0.00"/>
        <vehicle id="2" x="398.35" y="213.51" angle="0.00" type="DEFAULT_VEHTYPE" speed="13.08" pos="181.74" lane="2/2to2/1_0" slope="0.00"/>
        <vehicle id="20" x="486.02" y="201.65" angle="-90.00" type="DEFAULT_VEHTYPE" speed="12.68" pos="109.23" lane="3/1to2/1_0" slope="0.00"/>
        <vehicle id="21" x="367.82" y="598.35" angle="90.00" type="DEFAULT_VEHTYPE" speed="11.02" pos="163.07" lane="1/3to2/3_0" slope="0.00"/>
        <vehicle id="22" x="398.35" y="240.42" angle="0.00" type="DEFAULT_VEHTYPE" speed="13.54" pos="154.83" lane="2/2to2/1_0" slope="0.00"/>
        <vehicle id="23" x="306.94" y="398.35" angle="90.00" type="DEFAULT_VEHTYPE" speed="13.33" pos="102.19" lane="1/2to2/2_0" slope="0.00"/>
        <vehicle id="24" x="225.11" y="201.65" angle="-90.00" type="DEFAULT_VEHTYPE" speed="11.46" pos="170.14" lane="2/1to1/1_0" slope="0.00"/>
        <vehicle id="25" x="601.65" y="150.85" angle="180.00" type="DEFAULT_VEHTYPE" speed="13.20" pos="150.85" lane="3/0to3/1_0" slope="0.00"/>
        <vehicle id="26" x="292.37" y="401.65" angle="-90.00" type="DEFAULT_VEHTYPE" speed="12.95" pos="102.88" lane="2/2to1/2_0" slope="0.00"/>
        <vehicle id="27" x="198.35" y="373.22" angle="0.00" type="DEFAULT_VEHTYPE" speed="10.04" pos="22.03" lane="1/2to1/1_0" slope="0.00"/>
        <vehicle id="28" x="544.20" y="601.65" angle="-90.00" type="DEFAULT_VEHTYPE" speed="13.13" pos="51.05" lane="3/3to2/3_0" slope="0.00"/>
        <vehicle id="29" x="601.65" y="94.66" angle="180.00" type="DEFAULT_VEHTYPE" speed="12.60" pos="94.66" lane="3/0to3/1_0" slope="0.00"/>
        <vehicle id="3" x="409.46" y="201.65" angle="-90.00" type="DEFAULT_VEHTYPE" speed="3.94" pos="185.79" lane="3/1to2/1_0" slope="0.00"/>
        <vehicle id="30" x="192.75" y="198.35" angle="90.00" type="DEFAULT_VEHTYPE" speed="0.00" pos="192.75" lane="0/1to1/1_0" slope="0.00"/>
        <vehicle id="31" x="192.74" y="598.35" angle="90.00" type="DEFAULT_VEHTYPE" speed="0.00" pos="192.74" lane="0/3to1/3_0" slope="0.00"/>
        <vehicle id="32" x="398.35" y="571.20" angle="0.00" type="DEFAULT_VEHTYPE" speed="11.83" pos="24.05" lane="2/3to2/2_0" slope="0.00"/>
        <vehicle id="33" x="383.71" y="601.65" angle="-90.00" type="DEFAULT_VEHTYPE" speed="8.75" pos="11.54" lane="2/3to1/3_0" slope="0.00"/>
        <vehicle id="34" x="598.35" y="594.38" angle="-12.60" type="DEFAULT_VEHTYPE" speed="10.01" pos="0.87" lane="3/3to3/2_0" slope="0.00"/>
        <vehicle id="35" x="207.06" y="598.35" angle="101.22" type="DEFAULT_VEHTYPE" speed="13.13" pos="2.31" lane="1/3to2/3_0" slope="0.00"/>
        <vehicle id="36" x="198.35" y="18.48" angle="0.00" type="DEFAULT_VEHTYPE" speed="13.53" pos="176.77" lane="1/1to1/0_0" slope="0.00"/>
        <vehicle id="37" x="201.65" y="186.08" angle="180.00" type="DEFAULT_VEHTYPE" speed="13.07" pos="186.08" lane="1/0to1/1_0" slope="0.00"/>
        <vehicle id="38" x="198.35" y="60.16" angle="0.00" type="DEFAULT_VEHTYPE" speed="12.66" pos="135.09" lane="1/1to1/0_0" slope="0.00"/>
        <vehicle id="39" x="198.35" y="277.56" angle="0.00" type="DEFAULT_VEHTYPE" speed="13.74" pos="117.69" lane="1/2to1/1_0" slope="0.00"/>
        <vehicle id="4" x="198.35" y="593.53" angle="-7.37" type="DEFAULT_VEHTYPE" speed="10.35" pos="1.72" lane="1/3to1/2_0" slope="0.00"/>
        <vehicle id="40" x="521.91" y="598.35" angle="90.00" type="DEFAULT_VEHTYPE" speed="13.62" pos="117.16" lane="2/3to3/3_0" slope="0.00"/>
        <vehicle id="41" x="134.59" y="198.35" angle="90.00" type="DEFAULT_VEHTYPE" speed="13.64" pos="134.59" lane="0/1to1/1_0" slope="0.00"/>
        <vehicle id="42" x="287.14" y="601.65" angle="-90.00" type="DEFAULT_VEHTYPE" speed="13.89" pos="108.11" lane="2/3to1/3_0" slope="0.00"/>
        <vehicle id="43" x="508.76" y="601.65" angle="-90.00" type="DEFAULT_VEHTYPE" speed="13.63" pos="86.49" lane="3/3to2/3_0" slope="0.00"/>
        <vehicle id="44" x="201.65" y="97.75" angle="180.00" type="DEFAULT_VEHTYPE" speed="13.13" pos="97.75" lane="1/0to1/1_0" slope="0.00"/>
        <vehicle id="45" x="216.63" y="398.35" angle="90.00" type="DEFAULT_VEHTYPE" speed="4.27" pos="11.88" lane="1/2to2/2_0" slope="0.00"/>
        <vehicle id="46" x="201.65" y="230.65" angle="180.00" type="DEFAULT_VEHTYPE" speed="8.47" pos="25.90" lane="1/1to1/2_0" slope="0.00"/>
        <vehicle id="47" x="401.65" y="264.13" angle="180.00" type="DEFAULT_VEHTYPE" speed="12.88" pos="59.38" lane="2/1to2/2_0" slope="0.00"/>
        <vehicle id="48" x="198.35" y="166.95" angle="0.00" type="DEFAULT_VEHTYPE" speed="8.65" pos="28.30" lane="1/1to1/0_0" slope="0.00"/>
        <vehicle id="5" x="201.65" y="382.19" angle="180.00" type="DEFAULT_VEHTYPE" speed="13.58" pos="177.44" lane="1/1to1/2_0" slope="0.00"/>
        <vehicle id="6" x="455.02" y="601.65" angle="-90.00" type="DEFAULT_VEHTYPE" speed="13.30" pos="140.23" lane="3/3to2/3_0" slope="0.00"/>
        <vehicle id="7" x="398.35" y="468.37" angle="0.00" type="DEFAULT_VEHTYPE" speed="12.77" pos="126.88" lane="2/3to2/2_0" slope="0.00"/>
        <vehicle id="8" x="201.65" y="546.99" angle="180.00" type="DEFAULT_VEHTYPE" speed="13.35" pos="142.24" lane="1/2to1/3_0" slope="0.00"/>
        <vehicle id="9" x="601.65" y="365.67" angle="180.00" type="DEFAULT_VEHTYPE" speed="13.19" pos="160.92" lane="3/1to3/2_0" slope="0.00"/>
    </timestep>
    <timestep time="55.00">
        <vehicle id="0" x="279.88" y="598.35" angle="90.00" type="DEFAULT_VEHTYPE" speed="13.86" pos="75.13" lane="1/3to2/3_0" slope="0.00"/>
        <vehicle id="1" x="252.27" y="198.35" angle="90.00" type="DEFAULT_VEHTYPE" speed="13.49" pos="47.52" lane="1/1to2/1_0" slope="0.00"/>
        <vehicle id="10" x="198.35" y="74.44" angle="0.00" type="DEFAULT_VEHTYPE" speed="12.77" pos="120.81" lane="1/1to1/0_0" slope="0.00"/>
        <vehicle id="11" x="198.35" y="488.41" angle="0.00" type="DEFAULT_VEHTYPE" speed="12.64" pos="106.84" lane="1/3to1/2_0" slope="0.00"/>
        <vehicle id="12" x="401.65" y="337.04" angle="180.00" type="DEFAULT_VEHTYPE" speed="12.62" pos="132.29" lane="2/1to2/2_0" slope="0.00"/>
        <vehicle id="13" x="198.35" y="306.09" angle="0.00" type="DEFAULT_VEHTYPE" speed="13.69" pos="89.16" lane="1/2to1/1_0" slope="0.00"/>
        <vehicle id="14" x="270.48" y="398.35" angle="90.00" type="DEFAULT_VEHTYPE" speed="13.61" pos="65.73" lane="1/2to2/2_0" slope="0.00"/>
        <vehicle id="15" x="534.46" y="201.65" angle="-90.00" type="DEFAULT_VEHTYPE" speed="13.85" pos="60.79" lane="3/1to2/1_0" slope="0.00"/>
        <vehicle id="16" x="601.65" y="455.97" angle="180.00" type="DEFAULT_VEHTYPE" speed="13.16" pos="51.22" lane="3/2to3/3_0" slope="0.00"/>
        <vehicle id="17" x="401.65" y="438.85" angle="180.00" type="DEFAULT_VEHTYPE" speed="13.53" pos="34.10" lane="2/2to2/3_0" slope="0.00"/>
        <vehicle id="18" x="395.16" y="598.35" angle="90.00" type="DEFAULT_VEHTYPE" speed="6.21" pos="190.41" lane="1/3to2/3_0" slope="0.00"/>
        <vehicle id="19" x="218.70" y="601.65" angle="-90.00" type="DEFAULT_VEHTYPE" speed="9.78" pos="176.55" lane="2/3to1/3_0" slope="0.00"/>
        <vehicle id="20" x="472.68" y="201.65" angle="-90.00" type="DEFAULT_VEHTYPE" speed="13.34" pos="122.57" lane="3/1to2/1_0" slope="0.00"/>
        <vehicle id="21" x="374.97" y="598.35" angle="90.00" type="DEFAULT_VEHTYPE" speed="7.15" pos="170.22" lane="1/3to2/3_0" slope="0.00"/>
        <vehicle id="22" x="398.35" y="227.24" angle="0.00" type="DEFAULT_VEHTYPE" speed="13.19" pos="168.01" lane="2/2to2/1_0" slope="0.00"/>
        <vehicle id="23" x="320.72" y="398.35" angle="90.00" type="DEFAULT_VEHTYPE" speed="13.78" pos="115.97" lane="1/2to2/2_0" slope="0.00"/>
        <vehicle id="24" x="216.23" y="201.65" angle="-90.00" type="DEFAULT_VEHTYPE" speed="8.88" pos="179.02" lane="2/1to1/1_0" slope="0.00"/>
        <vehicle id="25" x="601.65" y="164.65" angle="180.00" type="DEFAULT_VEHTYPE" speed="13.80" pos="164.65" lane="3/0to3/1_0" slope="0.00"/>
        <vehicle id="26" x="278.61" y="401.65" angle="-90.00" type="DEFAULT_VEHTYPE" speed="13.76" pos="116.64" lane="2/2to1/2_0" slope="0.00"/>
        <vehicle id="27" x="198.35" y="360.75" angle="0.00" type="DEFAULT_VEHTYPE" speed="12.47" pos="34.50" lane="1/2to1/1_0" slope="0.00"/>
        <vehicle id="28" x="530.42" y="601.65" angle="-90.00" type="DEFAULT_VEHTYPE" speed="13.78" pos="64.83" lane="3/3to2/3_0" slope="0.00"/>
        <vehicle id="29" x="601.65" y="107.93" angle="180.00" type="DEFAULT_VEHTYPE" speed="13.27" pos="107.93" lane="3/0to3/1_0" slope="0.00"/>
        <vehicle id="3" x="403.51" y="201.65" angle="-90.00" type="DEFAULT_VEHTYPE" speed="5.95" pos="1.24" lane=":2/1_5_0" slope="0.00"/>
        <vehicle id="30" x="192.75" y="198.35" angle="90.00" type="DEFAULT_VEHTYPE" speed="0.00" pos="192.75" lane="0/1to1/1_0" slope="0.00"/>
        <vehicle id="31" x="192.74" y="598.35" angle="90.00" type="DEFAULT_VEHTYPE" speed="0.00" pos="192.74" lane="0/3to1/3_0" slope="0.00"/>
        <vehicle id="32" x="398.35" y="557.76" angle="0.00" type="DEFAULT_VEHTYPE" speed="13.44" pos="37.49" lane="2/3to2/2_0" slope="0.00"/>
        <vehicle id="33" x="372.77" y="601.65" angle="-90.00" type="DEFAULT_VEHTYPE" speed="10.94" pos="22.48" lane="2/3to1/3_0" slope="0.00"/>
        <vehicle id="34" x="598.35" y="582.58" angle="0.00" type="DEFAULT_VEHTYPE" speed="11.79" pos="12.67" lane="3/3to3/2_0" slope="0.00"/>
        <vehicle id="35" x="220.76" y="598.35" angle="90.00" type="DEFAULT_VEHTYPE" speed="13.69" pos="16.01" lane="1/3to2/3_0" slope="0.00"/>
        <vehicle id="36" x="198.35" y="4.62" angle="0.00" type="DEFAULT_VEHTYPE" speed="13.86" pos="190.63" lane="1/1to1/0_0" slope="0.00"/>
        <vehicle id="37" x="203.74" y="198.21" angle="152.26" type="DEFAULT_VEHTYPE" speed="13.15" pos="3.98" lane=":1/1_8_0" slope="0.00"/>
        <vehicle id="38" x="198.35" y="46.45" angle="0.00" type="DEFAULT_VEHTYPE" speed="13.71" pos="148.80" lane="1/1to1/0_0" slope="0.00"/>
        <vehicle id="39" x="198.35" y="264.86" angle="0.00" type="DEFAULT_VEHTYPE" speed="12.69" pos="130.39" lane="1/2to1/1_0" slope="0.00"/>
        <vehicle id="4" x="198.35" y="581.74" angle="0.00" type="DEFAULT_VEHTYPE" speed="11.79" pos="13.51" lane="1/3to1/2_0" slope="0.00"/>
        <vehicle id="40" x="535.10" y="598.35" angle="90.00" type="DEFAULT_VEHTYPE" speed="13.19" pos="130.35" lane="2/3to3/3_0" slope="0.00"/>
        <vehicle id="41" x="147.54" y="198.35" angle="90.00" type="DEFAULT_VEHTYPE" speed="12.95" pos="147.54" lane="0/1to1/1_0" slope="0.00"/>
        <vehicle id="42" x="273.41" y="601.65" angle="-90.00" type="DEFAULT_VEHTYPE" speed="13.73" pos="121.84" lane="2/3to1/3_0" slope="0.00"/>
        <vehicle id="43" x="496.01" y="601.65" angle="-90.00" type="DEFAULT_VEHTYPE" speed="12.75" pos="99.24" lane="3/3to2/3_0" slope="0.00"/>
        <vehicle id="44" x="201.65" y="110.61" angle="180.00" type="DEFAULT_VEHTYPE" speed="12.85" pos="110.61" lane="1/0to1/1_0" slope="0.00"/>
        <vehicle id="45" x="223.18" y="398.35" angle="90.00" type="DEFAULT_VEHTYPE" speed="6.55" pos="18.43" lane="1/2to2/2_0" slope="0.00"/>
        <vehicle id="46" x="201.65" y="240.48" angle="180.00" type="DEFAULT_VEHTYPE" speed="9.84" pos="35.73" lane="1/1to1/2_0" slope="0.00"/>
        <vehicle id="47" x="401.65" y="277.31" angle="180.00" type="DEFAULT_VEHTYPE" speed="13.18" pos="72.56" lane="2/1to2/2_0" slope="0.00"/>
        <vehicle id="48" x="198.35" y="156.94" angle="0.00" type="DEFAULT_VEHTYPE" speed="10.01" pos="38.31" lane="1/1to1/0_0" slope="0.00"/>
        <vehicle id="49" x="209.85" y="398.35" angle="90.00" type="DEFAULT_VEHTYPE" speed="0.00" pos="5.10" lane="1/2to2/2_0" slope="0.00"/>
        <vehicle id="5" x="201.65" y="395.74" angle="180.00" type="DEFAULT_VEHTYPE" speed="13.55" pos="0.49" lane=":1/2_9_0" slope="0.00"/>
        <vehicle id="6" x="441.46" y="601.65" angle="-90.00" type="DEFAULT_VEHTYPE" speed="13.56" pos="153.79" lane="3/3to2/3_0" slope="0.00"/>
        <vehicle id="7" x="398.35" y="454.55" angle="0.00" type="DEFAULT_VEHTYPE" speed="13.82" pos="140.70" lane="2/3to2/2_0" slope="0.00"/>
        <vehicle id="8" x="201.65" y="559.96" angle="180.00" type="DEFAULT_VEHTYPE" speed="12.97" pos="155.21" lane="1/2to1/3_0" slope="0.00"/>
        <vehicle id="9" x="601.65" y="379.22" angle="180.00" type="DEFAULT_VEHTYPE" speed="13.56" pos="174.47" lane="3/1to3/2_0" slope="0.00"/>
    </timestep>
    <timestep time="56.00">
        <vehicle id="0" x="293.77" y="598.35" angle="90.00" type="DEFAULT_VEHTYPE" speed="13.88" pos="89.02" lane="1/3to2/3_0" slope="0.00"/>
        <vehicle id="1" x="265.47" y="198.35" angle="90.00" type="DEFAULT_VEHTYPE" speed="13.20" pos="60.72" lane="1/1to2/1_0" slope="0.00"/>
        <vehicle id="10" x="198.35" y="61.76" angle="0.00" type="DEFAULT_VEHTYPE" speed="12.68" pos="133.49" lane="1/1to1/0_0" slope="0.00"/>
        <vehicle id="11" x="198.35" y="474.74" angle="0.00" type="DEFAULT_VEHTYPE" speed="13.67" pos="120.51" lane="1/3to1/2_0" slope="0.00"/>
        <vehicle id="12" x="401.65" y="349.69" angle="180.00" type="DEFAULT_VEHTYPE" speed="12.66" pos="144.94" lane="2/1to2/2_0" slope="0.00"/>
        <vehicle id="13" x="198.35" y="293.03" angle="0.00" type="DEFAULT_VEHTYPE" speed="13.06" pos="102.22" lane="1/2to1/1_0" slope="0.00"/>
        <vehicle id="14" x="283.13" y="398.35" angle="90.00" type="DEFAULT_VEHTYPE" speed="12.65" pos="78.38" lane="1/2to2/2_0" slope="0.00"/>
        <vehicle id="15" x="520.60" y="201.65" angle="-90.00" type="DEFAULT_VEHTYPE" speed="13.86" pos="74.65" lane="3/1to2/1_0" slope="0.00"/>
        <vehicle id="16" x="601.65" y="468.66" angle="180.00" type="DEFAULT_VEHTYPE" speed="12.69" pos="63.91" lane="3/2to3/3_0" slope="0.00"/>
        <vehicle id="17" x="401.65" y="451.76" angle="180.00" type="DEFAULT_VEHTYPE" speed="12.91" pos="47.01" lane="2/2to2/3_0" slope="0.00"/>
        <vehicle id="18" x="401.26" y="602.00" angle="133.31" type="DEFAULT_VEHTYPE" speed="7.63" pos="7.54" lane=":2/3_14_0" slope="0.00"/>
        <vehicle id="19" x="212.90" y="601.65" angle="-90.00" type="DEFAULT_VEHTYPE" speed="5.80" pos="182.35" lane="2/3to1/3_0" slope="0.00"/>
        <vehicle id="20" x="459.05" y="201.65" angle="-90.00" type="DEFAULT_VEHTYPE" speed="13.63" pos="136.20" lane="3/1to2/1_0" slope="0.00"/>
        <vehicle id="21" x="383.13" y="598.35" angle="90.00" type="DEFAULT_VEHTYPE" speed="8.16" pos="178.38" lane="1/3to2/3_0" slope="0.00"/>
        <vehicle id="22" x="398.35" y="217.75" angle="0.00" type="DEFAULT_VEHTYPE" speed="9.48" pos="177.50" lane="2/2to2/1_0" slope="0.00"/>
        <vehicle id="23" x="334.56" y="398.35" angle="90.00" type="DEFAULT_VEHTYPE" speed="13.84" pos="129.81" lane="1/2to2/2_0" slope="0.00"/>
        <vehicle id="24" x="210.92" y="201.65" angle="-90.00" type="DEFAULT_VEHTYPE" speed="5.31" pos="184.33" lane="2/1to1/1_0" slope="0.00"/>
        <vehicle id="25" x="601.65" y="176.19" angle="180.00" type="DEFAULT_VEHTYPE" speed="11.53" pos="176.19" lane="3/0to3/1_0" slope="0.00"/>
        <vehicle id="26" x="265.00" y="401.65" angle="-90.00" type="DEFAULT_VEHTYPE" speed="13.61" pos="130.25" lane="2/2to1/2_0" slope="0.00"/>
        <vehicle id="27" x="198.35" y="347.22" angle="0.00" type="DEFAULT_VEHTYPE" speed="13.52" pos="48.03" lane="1/2to1/1_0" slope="0.00"/>
        <vehicle id="28" x="517.69" y="601.65" angle="-90.00" type="DEFAULT_VEHTYPE" speed="12.73" pos="77.56" lane="3/3to2/3_0" slope="0.00"/>
        <vehicle id="29" x="601.65" y="121.59" angle="180.00" type="DEFAULT_VEHTYPE" speed="13.66" pos="121.59" lane="3/0to3/1_0" slope="0.00"/>
        <vehicle id="3" x="395.77" y="201.65" angle="-90.00" type="DEFAULT_VEHTYPE" speed="7.73" pos="8.98" lane=":2/1_5_0" slope="0.00"/>
        <vehicle id="30" x="192.75" y="198.35" angle="90.00" type="DEFAULT_VEHTYPE" speed="0.00" pos="192.75" lane="0/1to1/1_0" slope="0.00"/>
        <vehicle id="31" x="192.74" y="598.35" angle="90.00" type="DEFAULT_VEHTYPE" speed="0.00" pos="192.74" lane="0/3to1/3_0" slope="0.00"/>
        <vehicle id="32" x="398.35" y="544.36" angle="0.00" type="DEFAULT_VEHTYPE" speed="13.40" pos="50.89" lane="2/3to2/2_0" slope="0.00"/>
        <vehicle id="33" x="360.30" y="601.65" angle="-90.00" type="DEFAULT_VEHTYPE" speed="12.47" pos="34.95" lane="2/3to1/3_0" slope="0.00"/>
        <vehicle id="34" x="598.35" y="569.54" angle="0.00" type="DEFAULT_VEHTYPE" speed="13.04" pos="25.71" lane="3/3to3/2_0" slope="0.00"/>
        <vehicle id="35" x="234.15" y="598.35" angle="90.00" type="DEFAULT_VEHTYPE" speed="13.39" pos="29.40" lane="1/3to2/3_0" slope="0.00"/>
        <vehicle id="36" x="201.65" y="3.80" angle="172.06" type="DEFAULT_VEHTYPE" speed="13.24" pos="3.80" lane="1/0to1/1_0" slope="0.00"/>
        <vehicle id="37" x="217.15" y="198.35" angle="90.00" type="DEFAULT_VEHTYPE" speed="13.42" pos="12.40" lane="1/1to2/1_0" slope="0.00"/>
        <vehicle id="38" x="198.35" y="32.62" angle="0.00" type="DEFAULT_VEHTYPE" speed="13.83" pos="162.63" lane="1/1to1/0_0" slope="0.00"/>
        <vehicle id="39" x="198.35" y="251.77" angle="0.00" type="DEFAULT_VEHTYPE" speed="13.10" pos="143.48" lane="1/2to1/1_0" slope="0.00"/>
        <vehicle id="4" x="198.35" y="568.02" angle="0.00" type="DEFAULT_VEHTYPE" speed="13.72" pos="27.23" lane="1/3to1/2_0" slope="0.00"/>
        <vehicle id="40" x="548.87" y="598.35" angle="90.00" type="DEFAULT_VEHTYPE" speed="13.77" pos="144.12" lane="2/3to3/3_0" slope="0.00"/>
        <vehicle id="41" x="161.07" y="198.35" angle="90.00" type="DEFAULT_VEHTYPE" speed="13.54" pos="161.07" lane="0/1to1/1_0" slope="0.00"/>
        <vehicle id="42" x="259.71" y="601.65" angle="-90.00" type="DEFAULT_VEHTYPE" speed="13.71" pos="135.54" lane="2/3to1/3_0" slope="0.00"/>
        <vehicle id="43" x="483.41" y="601.65" angle="-90.00" type="DEFAULT_VEHTYPE" speed="12.60" pos="111.84" lane="3/3to2/3_0" slope="0.00"/>
        <vehicle id="44" x="201.65" y="123.72" angle="180.00" type="DEFAULT_VEHTYPE" speed="13.11" pos="123.72" lane="1/0to1/1_0" slope="0.00"/>
        <vehicle id="45" x="231.94" y="398.35" angle="90.00" type="DEFAULT_VEHTYPE" speed="8.76" pos="27.19" lane="1/2to2/2_0" slope="0.00"/>
        <vehicle id="46" x="201.65" y="252.65" angle="180.00" type="DEFAULT_VEHTYPE" speed="12.17" pos="47.90" lane="1/1to1/2_0" slope="0.00"/>
        <vehicle id="47" x="401.65" y="290.18" angle="180.00" type="DEFAULT_VEHTYPE" speed="12.87" pos="85.43" lane="2/1to2/2_0" slope="0.00"/>
        <vehicle id="48" x="198.35" y="144.73" angle="0.00" type="DEFAULT_VEHTYPE" speed="12.21" pos="50.52" lane="1/1to1/0_0" slope="0.00"/>
        <vehicle id="49" x="211.62" y="398.35" angle="90.00" type="DEFAULT_VEHTYPE" speed="1.77" pos="6.87" lane="1/2to2/2_0" slope="0.00"/>
        <vehicle id="5" x="201.65" y="408.99" angle="180.00" type="DEFAULT_VEHTYPE" speed="13.26" pos="4.24" lane="1/2to1/3_0" slope="0.00"/>
        <vehicle id="6" x="429.08" y="601.65" angle="-90.00" type="DEFAULT_VEHTYPE" speed="12.38" pos="166.17" lane="3/3to2/3_0" slope="0.00"/>
        <vehicle id="7" x="398.35" y="440.67" angle="0.00" type="DEFAULT_VEHTYPE" speed="13.88" pos="154.58" lane="2/3to2/2_0" slope="0.00"/>
        <vehicle id="8" x="201.65" y="573.10" angle="180.00" type="DEFAULT_VEHTYPE" speed="13.14" pos="168.35" lane="1/2to1/3_0" slope="0.00"/>
        <vehicle id="9" x="601.65" y="393.09" angle="180.00" type="DEFAULT_VEHTYPE" speed="13.86" pos="188.34" lane="3/1to3/2_0" slope="0.00"/>
    </timestep>
    <timestep time="57.00">
        <vehicle id="0" x="307.41" y="598.35" angle="90.00" type="DEFAULT_VEHTYPE" speed="13.64" pos="102.66" lane="1/3to2/3_0" slope="0.00"/>
        <vehicle id="1" x="278.96" y="198.35" angle="90.00" type="DEFAULT_VEHTYPE" speed="13.49" pos="74.21" lane="1/1to2/1_0" slope="0.00"/>
        <vehicle id="10" x="198.35" y="48.31" angle="0.00" type="DEFAULT_VEHTYPE" speed="13.45" pos="146.94" lane="1/1to1/0_0" slope="0.00"/>
        <vehicle id="11" x="198.35" y="461.48" angle="0.00" type="DEFAULT_VEHTYPE" speed="13.26" pos="133.77" lane="1/3to1/2_0" slope="0.00"/>
        <vehicle id="12" x="401.65" y="363.34" angle="180.00" type="DEFAULT_VEHTYPE" speed="13.65" pos="158.59" lane="2/1to2/2_0" slope="0.00"/>
        <vehicle id="13" x="198.35" y="279.61" angle="0.00" type="DEFAULT_VEHTYPE" speed="13.42" pos="115.64" lane="1/2to1/1_0" slope="0.00"/>
        <vehicle id="14" x="296.14" y="398.35" angle="90.00" type="DEFAULT_VEHTYPE" speed="13.02" pos="91.39" lane="1/2to2/2_0" slope="0.00"/>
        <vehicle id="15" x="507.22" y="201.65" angle="-90.00" type="DEFAULT_VEHTYPE" speed="13.38" pos="88.03" lane="3/1to2/1_0" slope="0.00"/>
        <vehicle id="16" x="601.65" y="482.39" angle="180.00" type="DEFAULT_VEHTYPE" speed="13.74" pos="77.64" lane="3/2to3/3_0" slope="0.00"/>
        <vehicle id="17" x="401.65" y="465.11" angle="180.00" type="DEFAULT_VEHTYPE" speed="13.35" pos="60.36" lane="2/2to2/3_0" slope="0.00"/>
        <vehicle id="18" x="401.65" y="611.18" angle="180.00" type="DEFAULT_VEHTYPE" speed="9.20" pos="6.43" lane="2/3to2/4_0" slope="0.00"/>
        <vehicle id="19" x="209.20" y="601.65" angle="-90.00" type="DEFAULT_VEHTYPE" speed="3.70" pos="186.05" lane="2/3to1/3_0" slope="0.00"/>
        <vehicle id="20" x="446.37" y="201.65" angle="-90.00" type="DEFAULT_VEHTYPE" speed="12.68" pos="148.88" lane="3/1to2/1_0" slope="0.00"/>
        <vehicle id="21" x="388.29" y="598.35" angle="90.00" type="DEFAULT_VEHTYPE" speed="5.16" pos="183.54" lane="1/3to2/3_0" slope="0.00"/>
        <vehicle id="22" x="398.35" y="207.58" angle="0.00" type="DEFAULT_VEHTYPE" speed="10.17" pos="187.67" lane="2/2to2/1_0" slope="0.00"/>
        <vehicle id="23" x="348.25" y="398.35" angle="90.00" type="DEFAULT_VEHTYPE" speed="13.69" pos="143.50" lane="1/2to2/2_0" slope="0.00"/>
        <vehicle id="24" x="203.20" y="201.96" angle="-93.54" type="DEFAULT_VEHTYPE" speed="7.77" pos="1.60" lane=":1/1_4_0" slope="0.00"/>
        <vehicle id="25" x="601.65" y="183.79" angle="180.00" type="DEFAULT_VEHTYPE" speed="7.61" pos="183.79" lane="3/0to3/1_0" slope="0.00"/>
        <vehicle id="26" x="251.75" y="401.65" angle="-90.00" type="DEFAULT_VEHTYPE" speed="13.25" pos="143.50" lane="2/2to1/2_0" slope="0.00"/>
        <vehicle id="27" x="198.35" y="333.37" angle="0.00" type="DEFAULT_VEHTYPE" speed="13.85" pos="61.88" lane="1/2to1/1_0" slope="0.00"/>
        <vehicle id="28" x="504.83" y="601.65" angle="-90.00" type="DEFAULT_VEHTYPE" speed="12.87" pos="90.42" lane="3/3to2/3_0" slope="0.00"/>
        <vehicle id="29" x="601.65" y="134.56" angle="180.00" type="DEFAULT_VEHTYPE" speed="12.97" pos="134.56" lane="3/0to3/1_0" slope="0.00"/>
        <vehicle id="3" x="385.65" y="201.65" angle="-90.00" type="DEFAULT_VEHTYPE" speed="10.13" pos="9.60" lane="2/1to1/1_0" slope="0.00"/>
        <vehicle id="30" x="192.75" y="198.35" angle="90.00" type="DEFAULT_VEHTYPE" speed="0.00" pos="192.75" lane="0/1to1/1_0" slope="0.00"/>
        <vehicle id="31" x="192.74" y="598.35" angle="90.00" type="DEFAULT_VEHTYPE" speed="0.00" pos="192.74" lane="0/3to1/3_0" slope="0.00"/>
        <vehicle id="32" x="398.35" y="531.10" angle="0.00" type="DEFAULT_VEHTYPE" speed="13.26" pos="64.15" lane="2/3to2/2_0" slope="0.00"/>
        <vehicle id="33" x="346.54" y="601.65" angle="-90.00" type="DEFAULT_VEHTYPE" speed="13.76" pos="48.71" lane="2/3to1/3_0" slope="0.00"/>
        <vehicle id="34" x="598.35" y="556.07" angle="0.00" type="DEFAULT_VEHTYPE" speed="13.47" pos="39.18" lane="3/3to3/2_0" slope="0.00"/>
        <vehicle id="35" x="247.06" y="598.35" angle="90.00" type="DEFAULT_VEHTYPE" speed="12.91" pos="42.31" lane="1/3to2/3_0" slope="0.00"/>
        <vehicle id="36" x="201.65" y="16.96" angle="180.00" type="DEFAULT_VEHTYPE" speed="13.17" pos="16.96" lane="1/0to1/1_0" slope="0.00"/>
        <vehicle id="37" x="230.77" y="198.35" angle="90.00" type="DEFAULT_VEHTYPE" speed="13.62" pos="26.02" lane="1/1to2/1_0" slope="0.00"/>
        <vehicle id="38" x="198.35" y="18.82" angle="0.00" type="DEFAULT_VEHTYPE" speed="13.80" pos="176.43" lane="1/1to1/0_0" slope="0.00"/>
        <vehicle id="39" x="198.35" y="238.92" angle="0.00" type="DEFAULT_VEHTYPE" speed="12.85" pos="156.33" lane="1/2to1/1_0" slope="0.00"/>
        <vehicle id="4" x="198.35" y="554.90" angle="0.00" type="DEFAULT_VEHTYPE" speed="13.12" pos="40.35" lane="1/3to1/2_0" slope="0.00"/>
        <vehicle id="40" x="562.27" y="598.35" angle="90.00" type="DEFAULT_VEHTYPE" speed="13.40" pos="157.52" lane="2/3to3/3_0" slope="0.00"/>
        <vehicle id="41" x="171.40" y="198.35" angle="90.00" type="DEFAULT_VEHTYPE" speed="10.32" pos="171.40" lane="0/1to1/1_0" slope="0.00"/>
        <vehicle id="42" x="246.98" y="601.65" angle="-90.00" type="DEFAULT_VEHTYPE" speed="12.73" pos="148.27" lane="2/3to1/3_0" slope="0.00"/>
        <vehicle id="43" x="470.80" y="601.65" angle="-90.00" type="DEFAULT_VEHTYPE" speed="12.61" pos="124.45" lane="3/3to2/3_0" slope="0.00"/>
        <vehicle id="44" x="201.65" y="137.11" angle="180.00" type="DEFAULT_VEHTYPE" speed="13.40" pos="137.11" lane="1/0to1/1_0" slope="0.00"/>
        <vehicle id="45" x="242.15" y="398.35" angle="90.00" type="DEFAULT_VEHTYPE" speed="10.21" pos="37.40" lane="1/2to2/2_0" slope="0.00"/>
        <vehicle id="46" x="201.65" y="265.91" angle="180.00" type="DEFAULT_VEHTYPE" speed="13.26" pos="61.16" lane="1/1to1/2_0" slope="0.00"/>
        <vehicle id="47" x="401.65" y="303.07" angle="180.00" type="DEFAULT_VEHTYPE" speed="12.89" pos="98.32" lane="2/1to2/2_0" slope="0.00"/>
        <vehicle id="48" x="198.35" y="131.45" angle="0.00" type="DEFAULT_VEHTYPE" speed="13.28" pos="63.80" lane="1/1to1/0_0" slope="0.00"/>
        <vehicle id="49" x="215.37" y="398.35" angle="90.00" type="DEFAULT_VEHTYPE" speed="3.76" pos="10.62" lane="1/2to2/2_0" slope="0.00"/>
        <vehicle id="5" x="201.65" y="422.19" angle="180.00" type="DEFAULT_VEHTYPE" speed="13.20" pos="17.44" lane="1/2to1/3_0" slope="0.00"/>
        <vehicle id="6" x="419.13" y="601.65" angle="-90.00" type="DEFAULT_VEHTYPE" speed="9.95" pos="176.12" lane="3/3to2/3_0" slope="0.00"/>
        <vehicle id="7" x="398.35" y="426.89" angle="0.00" type="DEFAULT_VEHTYPE" speed="13.78" pos="168.36" lane="2/3to2/2_0" slope="0.00"/>
        <vehicle id="8" x="201.65" y="585.76" angle="180.00" type="DEFAULT_VEHTYPE" speed="12.66" pos="181.01" lane="1/2to1/3_0" slope="0.00"/>
        <vehicle id="9" x="601.65" y="406.48" angle="180.00" type="DEFAULT_VEHTYPE" speed="13.39" pos="1.73" lane="3/2to3/3_0" slope="0.00"/>
    </timestep>
    <timestep time="58.00">
        <vehicle id="0" x="320.45" y="598.35" angle="90.00" type="DEFAULT_VEHTYPE" speed="13.04" pos="115.70" lane="1/3to2/3_0" slope="0.00"/>
        <vehicle id="1" x="291.92" y="198.35" angle="90.00" type="DEFAULT_VEHTYPE" speed="12.96" pos="87.17" lane="1/1to2/1_0" slope="0.00"/>
        <vehicle id="10" x="198.35" y="34.73" angle="0.00" type="DEFAULT_VEHTYPE" speed="13.58" pos="160.52" lane="1/1to1/0_0" slope="0.00"/>
        <vehicle id="11" x="198.35" y="448.03" angle="0.00" type="DEFAULT_VEHTYPE" speed="13.44" pos="147.22" lane="1/3to1/2_0" slope="0.00"/>
        <vehicle id="12" x="401.65" y="376.69" angle="180.00" type="DEFAULT_VEHTYPE" speed="13.35" pos="171.94" lane="2/1to2/2_0" slope="0.00"/>
        <vehicle id="13" x="198.35" y="266.43" angle="0.00" type="DEFAULT_VEHTYPE" speed="13.18" pos="128.82" lane="1/2to1/1_0" slope="0.00"/>
        <vehicle id="14" x="308.83" y="398.35" angle="90.00" type="DEFAULT_VEHTYPE" speed="12.69" pos="104.08" lane="1/2to2/2_0" slope="0.00"/>
        <vehicle id="15" x="494.17" y="201.65" angle="-90.00" type="DEFAULT_VEHTYPE" speed="13.05" pos="101.08" lane="3/1to2/1_0" slope="0.00"/>
        <vehicle id="16" x="601.65" y="495.12" angle="180.00" type="DEFAULT_VEHTYPE" speed="12.72" pos="90.37" lane="3/2to3/3_0" slope="0.00"/>
        <vehicle id="17" x="401.65" y="477.88" angle="180.00" type="DEFAULT_VEHTYPE" speed="12.77" pos="73.13" lane="2/2to2/3_0" slope="0.00"/>
        <vehicle id="18" x="401.65" y="622.79" angle="180.00" type="DEFAULT_VEHTYPE" speed="11.61" pos="18.04" lane="2/3to2/4_0" slope="0.00"/>
        <vehicle id="19" x="203.88" y="601.53" angle="-88.57" type="DEFAULT_VEHTYPE" speed="5.33" pos="0.88" lane=":1/3_6_0" slope="0.00"/>
        <vehicle id="20" x="433.01" y="201.65" angle="-90.00" type="DEFAULT_VEHTYPE" speed="13.35" pos="162.24" lane="3/1to2/1_0" slope="0.00"/>
        <vehicle id="21" x="390.73" y="598.35" angle="90.00" type="DEFAULT_VEHTYPE" speed="2.44" pos="185.98" lane="1/3to2/3_0" slope="0.00"/>
        <vehicle id="22" x="398.35" y="195.12" angle="0.00" type="DEFAULT_VEHTYPE" speed="12.46" pos="0.13" lane="2/1to2/0_0" slope="0.00"/>
        <vehicle id="23" x="361.40" y="398.35" angle="90.00" type="DEFAULT_VEHTYPE" speed="13.15" pos="156.65" lane="1/2to2/2_0" slope="0.00"/>
        <vehicle id="24" x="201.65" y="210.97" angle="180.00" type="DEFAULT_VEHTYPE" speed="9.62" pos="6.22" lane="1/1to1/2_0" slope="0.00"/>
        <vehicle id="25" x="601.65" y="188.79" angle="180.00" type="DEFAULT_VEHTYPE" speed="4.99" pos="188.79" lane="3/0to3/1_0" slope="0.00"/>
        <vehicle id="26" x="238.65" y="401.65" angle="-90.00" type="DEFAULT_VEHTYPE" speed="13.10" pos="156.60" lane="2/2to1/2_0" slope="0.00"/>
        <vehicle id="27" x="198.35" y="319.54" angle="0.00" type="DEFAULT_VEHTYPE" speed="13.83" pos="75.71" lane="1/2to1/1_0" slope="0.00"/>
        <vehicle id="28" x="491.39" y="601.65" angle="-90.00" type="DEFAULT_VEHTYPE" speed="13.44" pos="103.86" lane="3/3to2/3_0" slope="0.00"/>
        <vehicle id="29" x="601.65" y="147.19" angle="180.00" type="DEFAULT_VEHTYPE" speed="12.62" pos="147.19" lane="3/0to3/1_0" slope="0.00"/>
        <vehicle id="3" x="373.87" y="201.65" angle="-90.00" type="DEFAULT_VEHTYPE" speed="11.78" pos="21.38" lane="2/1to1/1_0" slope="0.00"/>
        <vehicle id="30" x="192.75" y="198.35" angle="90.00" type="DEFAULT_VEHTYPE" speed="0.00" pos="192.75" lane="0/1to1/1_0" slope="0.00"/>
        <vehicle id="31" x="192.74" y="598.35" angle="90.00" type="DEFAULT_VEHTYPE" speed="0.00" pos="192.74" lane="0/3to1/3_0" slope="0.00"/>
        <vehicle id="32" x="398.35" y="518.50" angle="0.00" type="DEFAULT_VEHTYPE" speed="12.61" pos="76.75" lane="2/3to2/2_0" slope="0.00"/>
        <vehicle id="33" x="333.80" y="601.65" angle="-90.00" type="DEFAULT_VEHTYPE" speed="12.74" pos="61.45" lane="2/3to1/3_0" slope="0.00"/>
        <vehicle id="34" x="598.35" y="542.60" angle="0.00" type="DEFAULT_VEHTYPE" speed="13.47" pos="52.65" lane="3/3to3/2_0" slope="0.00"/>
        <vehicle id="35" x="260.76" y="598.35" angle="90.00" type="DEFAULT_VEHTYPE" speed="13.70" pos="56.01" lane="1/3to2/3_0" slope="0.00"/>
        <vehicle id="36" x="201.65" y="30.35" angle="180.00" type="DEFAULT_VEHTYPE" speed="13.38" pos="30.35" lane="1/0to1/1_0" slope="0.00"/>
        <vehicle id="37" x="243.73" y="198.35" angle="90.00" type="DEFAULT_VEHTYPE" speed="12.95" pos="38.98" lane="1/1to2/1_0" slope="0.00"/>
        <vehicle id="38" x="198.35" y="5.98" angle="0.00" type="DEFAULT_VEHTYPE" speed="12.84" pos="189.27" lane="1/1to1/0_0" slope="0.00"/>
        <vehicle id="39" x="198.35" y="226.23" angle="0.00" type="DEFAULT_VEHTYPE" speed="12.69" pos="169.02" lane="1/2to1/1_0" slope="0.00"/>
        <vehicle id="4" x="198.35" y="541.11" angle="0.00" type="DEFAULT_VEHTYPE" speed="13.79" pos="54.14" lane="1/3to1/2_0" slope="0.00"/>
        <vehicle id="40" x="573.84" y="598.35" angle="90.00" type="DEFAULT_VEHTYPE" speed="11.57" pos="169.09" lane="2/3to3/3_0" slope="0.00"/>
        <vehicle id="41" x="178.23" y="198.35" angle="90.00" type="DEFAULT_VEHTYPE" speed="6.83" pos="178.23" lane="0/1to1/1_0" slope="0.00"/>
        <vehicle id="42" x="235.64" y="601.65" angle="-90.00" type="DEFAULT_VEHTYPE" speed="11.33" pos="159.61" lane="2/3to1/3_0" slope="0.00"/>
        <vehicle id="43" x="457.70" y="601.65" angle="-90.00" type="DEFAULT_VEHTYPE" speed="13.10" pos="137.55" lane="3/3to2/3_0" slope="0.00"/>
        <vehicle id="44" x="201.65" y="149.73" angle="180.00" type="DEFAULT_VEHTYPE" speed="12.62" pos="149.73" lane="1/0to1/1_0" slope="0.00"/>
        <vehicle id="45" x="254.12" y="398.35" angle="90.00" type="DEFAULT_VEHTYPE" speed="11.97" pos="49.37" lane="1/2to2/2_0" slope="0.00"/>
        <vehicle id="46" x="201.65" y="278.80" angle="180.00" type="DEFAULT_VEHTYPE" speed="12.89" pos="74.05" lane="1/1to1/2_0" slope="0.00"/>
        <vehicle id="47" x="401.65" y="315.92" angle="180.00" type="DEFAULT_VEHTYPE" speed="12.84" pos="111.17" lane="2/1to2/2_0" slope="0.00"/>
        <vehicle id="48" x="198.35" y="118.22" angle="0.00" type="DEFAULT_VEHTYPE" speed="13.23" pos="77.03" lane="1/1to1/0_0" slope="0.00"/>
        <vehicle id="49" x="221.64" y="398.35" angle="90.00" type="DEFAULT_VEHTYPE" speed="6.27" pos="16.89" lane="1/2to2/2_0" slope="0.00"/>
        <vehicle id="5" x="201.65" y="435.25" angle="180.00" type="DEFAULT_VEHTYPE" speed="13.06" pos="30.50" lane="1/2to1/3_0" slope="0.00"/>
        <vehicle id="6" x="413.11" y="601.65" angle="-90.00" type="DEFAULT_VEHTYPE" speed="6.02" pos="182.14" lane="3/3to2/3_0" slope="0.00"/>
        <vehicle id="7" x="398.35" y="413.92" angle="0.00" type="DEFAULT_VEHTYPE" speed="12.97" pos="181.33" lane="2/3to2/2_0" slope="0.00"/>
        <vehicle id="8" x="203.89" y="598.23" angle="149.84" type="DEFAULT_VEHTYPE" speed="13.62" pos="4.13" lane=":1/3_8_0" slope="0.00"/>
        <vehicle id="9" x="601.65" y="420.22" angle="180.00" type="DEFAULT_VEHTYPE" speed="13.75" pos="15.47" lane="3/2to3/3_0" slope="0.00"/>
    </timestep>
    <timestep time="59.00">
        <vehicle id="0" x="333.84" y="598.35" angle="90.00" type="DEFAULT_VEHTYPE" speed="13.39" pos="129.09" lane="1/3to2/3_0" slope="0.00"/>
        <vehicle id="1" x="305.49" y="198.35" angle="90.00" type="DEFAULT_VEHTYPE" speed="13.57" pos="100.74" lane="1/1to2/1_0" slope="0.00"/>
        <vehicle id="10" x="198.35" y="20.83" angle="0.00" type="DEFAULT_VEHTYPE" speed="13.90" pos="174.42" lane="1/1to1/0_0" slope="0.00"/>
        <vehicle id="11" x="198.35" y="435.13" angle="0.00" type="DEFAULT_VEHTYPE" speed="12.91" pos="160.12" lane="1/3to1/2_0" slope="0.00"/>
        <vehicle id="12" x="401.65" y="389.89" angle="180.00" type="DEFAULT_VEHTYPE" speed="13.20" pos="185.14" lane="2/1to2/2_0" slope="0.00"/>
        <vehicle id="13" x="198.35" y="252.73" angle="0.00" type="DEFAULT_VEHTYPE" speed="13.70" pos="142.52" lane="1/2to1/1_0" slope="0.00"/>
        <vehicle id="14" x="322.17" y="398.35" angle="90.00" type="DEFAULT_VEHTYPE" speed="13.34" pos="117.42" lane="1/2to2/2_0" slope="0.00"/>
        <vehicle id="15" x="480.88" y="201.65" angle="-90.00" type="DEFAULT_VEHTYPE" speed="13.28" pos="114.37" lane="3/1to2/1_0" slope="0.00"/>
        <vehicle id="16" x="601.65" y="508.76" angle="180.00" type="DEFAULT_VEHTYPE" speed="13.64" pos="104.01" lane="3/2to3/3_0" slope="0.00"/>
        <vehicle id="17" x="401.65" y="491.04" angle="180.00" type="DEFAULT_VEHTYPE" speed="13.16" pos="86.29" lane="2/2to2/3_0" slope="0.00"/>
        <vehicle id="18" x="401.65" y="635.61" angle="180.00" type="DEFAULT_VEHTYPE" speed="12.82" pos="30.86" lane="2/3to2/4_0" slope="0.00"/>
        <vehicle id="19" x="198.74" y="597.95" angle="-45.95" type="DEFAULT_VEHTYPE" speed="6.71" pos="7.59" lane=":1/3_6_0" slope="0.00"/>
        <vehicle id="20" x="422.64" y="201.65" angle="-90.00" type="DEFAULT_VEHTYPE" speed="10.37" pos="172.61" lane="3/1to2/1_0" slope="0.00"/>
        <vehicle id="21" x="391.97" y="598.35" angle="90.00" type="DEFAULT_VEHTYPE" speed="1.24" pos="187.22" lane="1/3to2/3_0" slope="0.00"/>
        <vehicle id="22" x="398.35" y="182.29" angle="0.00" type="DEFAULT_VEHTYPE" speed="12.84" pos="12.96" lane="2/1to2/0_0" slope="0.00"/>
        <vehicle id="23" x="373.33" y="398.35" angle="90.00" type="DEFAULT_VEHTYPE" speed="11.93" pos="168.58" lane="1/2to2/2_0" slope="0.00"/>
        <vehicle id="24" x="201.65" y="222.28" angle="180.00" type="DEFAULT_VEHTYPE" speed="11.32" pos="17.53" lane="1/1to1/2_0" slope="0.00"/>
        <vehicle id="25" x="601.56" y="195.90" angle="-178.94" type="DEFAULT_VEHTYPE" speed="7.12" pos="0.65" lane=":3/1_10_0" slope="0.00"/>
        <vehicle id="26" x="226.91" y="401.65" angle="-90.00" type="DEFAULT_VEHTYPE" speed="11.74" pos="168.34" lane="2/2to1/2_0" slope="0.00"/>
        <vehicle id="27" x="198.35" y="306.13" angle="0.00" type="DEFAULT_VEHTYPE" speed="13.41" pos="89.12" lane="1/2to1/1_0" slope="0.00"/>
        <vehicle id="28" x="477.73" y="601.65" angle="-90.00" type="DEFAULT_VEHTYPE" speed="13.66" pos="117.52" lane="3/3to2/3_0" slope="0.00"/>
        <vehicle id="29" x="601.65" y="159.86" angle="180.00" type="DEFAULT_VEHTYPE" speed="12.68" pos="159.86" lane="3/0to3/1_0" slope="0.00"/>
        <vehicle id="3" x="360.32" y="201.65" angle="-90.00" type="DEFAULT_VEHTYPE" speed="13.55" pos="34.93" lane="2/1to1/1_0" slope="0.00"/>
        <vehicle id="30" x="192.75" y="198.35" angle="90.00" type="DEFAULT_VEHTYPE" speed="0.00" pos="192.75" lane="0/1to1/1_0" slope="0.00"/>
        <vehicle id="31" x="192.74" y="598.35" angle="90.00" type="DEFAULT_VEHTYPE" speed="0.00" pos="192.74" lane="0/3to1/3_0" slope="0.00"/>
        <vehicle id="32" x="398.35" y="505.83" angle="0.00" type="DEFAULT_VEHTYPE" speed="12.67" pos="89.42" lane="2/3to2/2_0" slope="0.00"/>
        <vehicle id="33" x="320.58" y="601.65" angle="-90.00" type="DEFAULT_VEHTYPE" speed="13.22" pos="74.67" lane="2/3to1/3_0" slope="0.00"/>
        <vehicle id="34" x="598.35" y="528.72" angle="0.00" type="DEFAULT_VEHTYPE" speed="13.89" pos="66.53" lane="3/3to3/2_0" slope="0.00"/>
        <vehicle id="35" x="273.65" y="598.35" angle="90.00" type="DEFAULT_VEHTYPE" speed="12.89" pos="68.90" lane="1/3to2/3_0" slope="0.00"/>
        <vehicle id="36" x="201.65" y="43.94" angle="180.00" type="DEFAULT_VEHTYPE" speed="13.60" pos="43.94" lane="1/0to1/1_0" slope="0.00"/>
        <vehicle id="37" x="256.71" y="198.35" angle="90.00" type="DEFAULT_VEHTYPE" speed="12.98" pos="51.96" lane="1/1to2/1_0" slope="0.00"/>
        <vehicle id="38" x="201.65" y="2.79" angle="161.30" type="DEFAULT_VEHTYPE" speed="13.59" pos="2.79" lane="1/0to1/1_0" slope="0.00"/>
        <vehicle id="39" x="198.35" y="213.27" angle="0.00" type="DEFAULT_VEHTYPE" speed="12.96" pos="181.98" lane="1/2to1/1_0" slope="0.00"/>
        <vehicle id="4" x="198.35" y="528.38" angle="0.00" type="DEFAULT_VEHTYPE" speed="12.73" pos="66.87" lane="1/3to1/2_0" slope="0.00"/>
        <vehicle id="40" x="582.42" y="598.35" angle="90.00" type="DEFAULT_VEHTYPE" speed="8.58" pos="177.67" lane="2/3to3/3_0" slope="0.00"/>
        <vehicle id="41" x="181.62" y="198.35" angle="90.00" type="DEFAULT_VEHTYPE" speed="3.39" pos="181.62" lane="0/1to1/1_0" slope="0.00"/>
        <vehicle id="42" x="223.79" y="601.65" angle="-90.00" type="DEFAULT_VEHTYPE" speed="11.85" pos="171.46" lane="2/3to1/3_0" slope="0.00"/>
        <vehicle id="43" x="443.97" y="601.65" angle="-90.00" type="DEFAULT_VEHTYPE" speed="13.73" pos="151.28" lane="3/3to2/3_0" slope="0.00"/>
        <vehicle id="44" x="201.65" y="163.47" angle="180.00" type="DEFAULT_VEHTYPE" speed="13.74" pos="163.47" lane="1/0to1/1_0" slope="0.00"/>
        <vehicle id="45" x="267.66" y="398.35" angle="90.00" type="DEFAULT_VEHTYPE" speed="13.53" pos="62.91" lane="1/2to2/2_0" slope="0.00"/>
        <vehicle id="46" x="201.65" y="292.02" angle="180.00" type="DEFAULT_VEHTYPE" speed="13.21" pos="87.27" lane="1/1to1/2_0" slope="0.00"/>
        <vehicle id="47" x="401.65" y="329.11" angle="180.00" type="DEFAULT_VEHTYPE" speed="13.20" pos="124.36" lane="2/1to2/2_0" slope="0.00"/>
        <vehicle id="48" x="198.35" y="105.46" angle="0.00" type="DEFAULT_VEHTYPE" speed="12.75" pos="89.79" lane="1/1to1/0_0" slope="0.00"/>
        <vehicle id="49" x="229.62" y="398.35" angle="90.00" type="DEFAULT_VEHTYPE" speed="7.97" pos="24.87" lane="1/2to2/2_0" slope="0.00"/>
        <vehicle id="5" x="201.65" y="448.75" angle="180.00" type="DEFAULT_VEHTYPE" speed="13.50" pos="44.00" lane="1/2to1/3_0" slope="0.00"/>
        <vehicle id="6" x="409.15" y="601.65" angle="-90.00" type="DEFAULT_VEHTYPE" speed="3.96" pos="186.10" lane="3/3to2/3_0" slope="0.00"/>
        <vehicle id="7" x="396.03" y="401.76" angle="-31.48" type="DEFAULT_VEHTYPE" speed="13.39" pos="4.21" lane=":2/2_0_0" slope="0.00"/>
        <vehicle id="8" x="217.63" y="598.35" angle="90.00" type="DEFAULT_VEHTYPE" speed="13.75" pos="12.88" lane="1/3to2/3_0" slope="0.00"/>
        <vehicle id="9" x="601.65" y="433.00" angle="180.00" type="DEFAULT_VEHTYPE" speed="12.78" pos="28.25" lane="3/2to3/3_0" slope="0.00"/>
    </timestep>
    <timestep time="60.00">
        <vehicle id="0" x="346.93" y="598.35" angle="90.00" type="DEFAULT_VEHTYPE" speed="13.09" pos="142.18" lane="1/3to2/3_0" slope="0.00"/>
        <vehicle id="1" x="318.60" y="198.35" angle="90.00" type="DEFAULT_VEHTYPE" speed="13.11" pos="113.85" lane="1/1to2/1_0" slope="0.00"/>
        <vehicle id="10" x="198.35" y="7.32" angle="0.00" type="DEFAULT_VEHTYPE" speed="13.51" pos="187.93" lane="1/1to1/0_0" slope="0.00"/>
        <vehicle id="11" x="198.35" y="421.28" angle="0.00" type="DEFAULT_VEHTYPE" speed="13.84" pos="173.97" lane="1/3to1/2_0" slope="0.00"/>
        <vehicle id="12" x="401.65" y="402.94" angle="180.00" type="DEFAULT_VEHTYPE" speed="13.04" pos="7.69" lane=":2/2_9_0" slope="0.00"/>
        <vehicle id="13" x="198.35" y="238.98" angle="0.00" type="DEFAULT_VEHTYPE" speed="13.75" pos="156.27" lane="1/2to1/1_0" slope="0.00"/>
        <vehicle id="14" x="336.04" y="398.35" angle="90.00" type="DEFAULT_VEHTYPE" speed="13.87" pos="131.29" lane="1/2to2/2_0" slope="0.00"/>
        <vehicle id="15" x="467.86" y="201.65" angle="-90.00" type="DEFAULT_VEHTYPE" speed="13.03" pos="127.39" lane="3/1to2/1_0" slope="0.00"/>
        <vehicle id="16" x="601.65" y="522.03" angle="180.00" type="DEFAULT_VEHTYPE" speed="13.28" pos="117.28" lane="3/2to3/3_0" slope="0.00"/>
        <vehicle id="17" x="401.65" y="504.39" angle="180.00" type="DEFAULT_VEHTYPE" speed="13.35" pos="99.64" lane="2/2to2/3_0" slope="0.00"/>
        <vehicle id="18" x="401.65" y="648.35" angle="180.00" type="DEFAULT_VEHTYPE" speed="12.74" pos="43.60" lane="2/3to2/4_0" slope="0.00"/>
        <vehicle id="19" x="198.35" y="588.70" angle="0.00" type="DEFAULT_VEHTYPE" speed="9.27" pos="6.55" lane="1/3to1/2_0" slope="0.00"/>
        <vehicle id="20" x="414.68" y="201.65" angle="-90.00" type="DEFAULT_VEHTYPE" speed="7.97" pos="180.57" lane="3/1to2/1_0" slope="0.00"/>
        <vehicle id="21" x="392.55" y="598.35" angle="90.00" type="DEFAULT_VEHTYPE" speed="0.58" pos="187.80" lane="1/3to2/3_0" slope="0.00"/>
        <vehicle id="22" x="398.35" y="168.72" angle="0.00" type="DEFAULT_VEHTYPE" speed="13.56" pos="26.53" lane="2/1to2/0_0" slope="0.00"/>
        <vehicle id="23" x="382.50" y="398.35" angle="90.00" type="DEFAULT_VEHTYPE" speed="9.17" pos="177.75" lane="1/2to2/2_0" slope="0.00"/>
        <vehicle id="24" x="201.65" y="235.99" angle="180.00" type="DEFAULT_VEHTYPE" speed="13.71" pos="31.24" lane="1/1to1/2_0" slope="0.00"/>
        <vehicle id="25" x="595.29" y="201.64" angle="-108.21" type="DEFAULT_VEHTYPE" speed="9.63" pos="3.14" lane=":3/1_18_0" slope="0.00"/>
        <vehicle id="26" x="218.58" y="401.65" angle="-90.00" type="DEFAULT_VEHTYPE" speed="8.33" pos="176.67" lane="2/2to1/2_0" slope="0.00"/>
        <vehicle id="27" x="198.35" y="292.70" angle="0.00" type="DEFAULT_VEHTYPE" speed="13.43" pos="102.55" lane="1/2to1/1_0" slope="0.00"/>
        <vehicle id="28" x="464.70" y="601.65" angle="-90.00" type="DEFAULT_VEHTYPE" speed="13.03" pos="130.55" lane="3/3to2/3_0" slope="0.00"/>
        <vehicle id="29" x="601.65" y="172.75" angle="180.00" type="DEFAULT_VEHTYPE" speed="12.89" pos="172.75" lane="3/0to3/1_0" slope="0.00"/>
        <vehicle id="3" x="346.60" y="201.65" angle="-90.00" type="DEFAULT_VEHTYPE" speed="13.72" pos="48.65" lane="2/1to1/1_0" slope="0.00"/>
        <vehicle id="30" x="192.75" y="198.35" angle="90.00" type="DEFAULT_VEHTYPE" speed="0.00" pos="192.75" lane="0/1to1/1_0" slope="0.00"/>
        <vehicle id="31" x="195.07" y="598.35" angle="90.00" type="DEFAULT_VEHTYPE" speed="2.33" pos="195.07" lane="0/3to1/3_0" slope="0.00"/>
        <vehicle id="32" x="398.35" y="492.67" angle="0.00" type="DEFAULT_VEHTYPE" speed="13.16" pos="102.58" lane="2/3to2/2_0" slope="0.00"/>
        <vehicle id="33" x="306.74" y="601.65" angle="-90.00" type="DEFAULT_VEHTYPE" speed="13.85" pos="88.51" lane="2/3to1/3_0" slope="0.00"/>
        <vehicle id="34" x="598.35" y="516.10" angle="0.00" type="DEFAULT_VEHTYPE" speed="12.62" pos="79.15" lane="3/3to3/2_0" slope="0.00"/>
        <vehicle id="35" x="287.01" y="598.35" angle="90.00" type="DEFAULT_VEHTYPE" speed="13.36" pos="82.26" lane="1/3to2/3_0" slope="0.00"/>
        <vehicle id="36" x="201.65" y="57.21" angle="180.00" type="DEFAULT_VEHTYPE" speed="13.27" pos="57.21" lane="1/0to1/1_0" slope="0.00"/>
        <vehicle id="37" x="269.90" y="198.35" angle="90.00" type="DEFAULT_VEHTYPE" speed="13.19" pos="65.15" lane="1/1to2/1_0" slope="0.00"/>
        <vehicle id="38" x="201.65" y="15.41" angle="180.00" type="DEFAULT_VEHTYPE" speed="12.62" pos="15.41" lane="1/0to1/1_0" slope="0.00"/>
        <vehicle id="4" x="198.35" y="515.41" angle="0.00" type="DEFAULT_VEHTYPE" speed="12.97" pos="79.84" lane="1/3to1/2_0" slope="0.00"/>
        <vehicle id="40" x="588.18" y="598.35" angle="90.00" type="DEFAULT_VEHTYPE" speed="5.76" pos="183.43" lane="2/3to3/3_0" slope="0.00"/>
        <vehicle id="41" x="183.85" y="198.35" angle="90.00" type="DEFAULT_VEHTYPE" speed="2.22" pos="183.85" lane="0/1to1/1_0" slope="0.00"/>
        <vehicle id="42" x="215.37" y="601.65" angle="-90.00" type="DEFAULT_VEHTYPE" speed="8.43" pos="179.88" lane="2/3to1/3_0" slope="0.00"/>
        <vehicle id="43" x="432.22" y="601.65" angle="-90.00" type="DEFAULT_VEHTYPE" speed="11.75" pos="163.03" lane="3/3to2/3_0" slope="0.00"/>
        <vehicle id="44" x="201.65" y="177.17" angle="180.00" type="DEFAULT_VEHTYPE" speed="13.70" pos="177.17" lane="1/0to1/1_0" slope="0.00"/>
        <vehicle id="45" x="281.43" y="398.35" angle="90.00" type="DEFAULT_VEHTYPE" speed="13.77" pos="76.68" lane="1/2to2/2_0" slope="0.00"/>
        <vehicle id="46" x="201.65" y="304.65" angle="180.00" type="DEFAULT_VEHTYPE" speed="12.63" pos="99.90" lane="1/1to1/2_0" slope="0.00"/>
        <vehicle id="47" x="401.65" y="342.81" angle="180.00" type="DEFAULT_VEHTYPE" speed="13.69" pos="138.06" lane="2/1to2/2_0" slope="0.00"/>
        <vehicle id="48" x="198.35" y="92.42" angle="0.00" type="DEFAULT_VEHTYPE" speed="13.05" pos="102.83" lane="1/1to1/0_0" slope="0.00"/>
        <vehicle id="49" x="239.91" y="398.35" angle="90.00" type="DEFAULT_VEHTYPE" speed="10.29" pos="35.16" lane="1/2to2/2_0" slope="0.00"/>
        <vehicle id="5" x="201.65" y="462.17" angle="180.00" type="DEFAULT_VEHTYPE" speed="13.42" pos="57.42" lane="1/2to1/3_0" slope="0.00"/>
        <vehicle id="6" x="403.69" y="601.65" angle="-90.00" type="DEFAULT_VEHTYPE" speed="5.46" pos="1.06" lane=":2/3_5_0" slope="0.00"/>
        <vehicle id="7" x="383.40" y="401.65" angle="-90.00" type="DEFAULT_VEHTYPE" speed="12.64" pos="11.85" lane="2/2to1/2_0" slope="0.00"/>
        <vehicle id="8" x="231.41" y="598.35" angle="90.00" type="DEFAULT_VEHTYPE" speed="13.77" pos="26.66" lane="1/3to2/3_0" slope="0.00"/>
        <vehicle id="9" x="601.65" y="446.10" angle="180.00" type="DEFAULT_VEHTYPE" speed="13.10" pos="41.35" lane="3/2to3/3_0" slope="0.00"/>
    </timestep>
    <timestep time="61.00">
        <vehicle id="0" x="359.83" y="598.35" angle="90.00" type="DEFAULT_VEHTYPE" speed="12.91" pos="155.08" lane="1/3to2/3_0" slope="0.00"/>
        <vehicle id="1" x="331.20" y="198.35" angle="90.00" type="DEFAULT_VEHTYPE" speed="12.60" pos="126.45" lane="1/1to2/1_0" slope="0.00"/>
        <vehicle id="10" x="201.65" y="1.56" angle="136.94" type="DEFAULT_VEHTYPE" speed="13.70" pos="1.56" lane="1/0to1/1_0" slope="0.00"/>
        <vehicle id="11" x="198.35" y="407.40" angle="0.00" type="DEFAULT_VEHTYPE" speed="13.89" pos="187.85" lane="1/3to1/2_0" slope="0.00"/>
        <vehicle id="12" x="401.65" y="416.24" angle="180.00" type="DEFAULT_VEHTYPE" speed="13.30" pos="11.49" lane="2/2to2/3_0" slope="0.00"/>
        <vehicle id="13" x="198.35" y="226.61" angle="0.00" type="DEFAULT_VEHTYPE" speed="12.37" pos="168.64" lane="1/2to1/1_0" slope="0.00"/>
        <vehicle id="14" x="348.81" y="398.35" angle="90.00" type="DEFAULT_VEHTYPE" speed="12.78" pos="144.06" lane="1/2to2/2_0" slope="0.00"/>
        <vehicle id="15" x="454.33" y="201.65" angle="-90.00" type="DEFAULT_VEHTYPE" speed="13.53" pos="140.92" lane="3/1to2/1_0" slope="0.00"/>
        <vehicle id="16" x="601.65" y="535.61" angle="180.00" type="DEFAULT_VEHTYPE" speed="13.57" pos="130.86" lane="3/2to3/3_0" slope="0.00"/>
        <vehicle id="17" x="401.65" y="518.09" angle="180.00" type="DEFAULT_VEHTYPE" speed="13.70" pos="113.34" lane="2/2to2/3_0" slope="0.00"/>
        <vehicle id="18" x="401.65" y="661.19" angle="180.00" type="DEFAULT_VEHTYPE" speed="12.84" pos="56.44" lane="2/3to2/4_0" slope="0.00"/>
        <vehicle id="19" x="198.35" y="577.56" angle="0.00" type="DEFAULT_VEHTYPE" speed="11.14" pos="17.69" lane="1/3to1/2_0" slope="0.00"/>
        <vehicle id="20" x="410.74" y="201.65" angle="-90.00" type="DEFAULT_VEHTYPE" speed="3.94" pos="184.51" lane="3/1to2/1_0" slope="0.00"/>
        <vehicle id="21" x="392.67" y="598.35" angle="90.00" type="DEFAULT_VEHTYPE" speed="0.12" pos="187.92" lane="1/3to2/3_0" slope="0.00"/>
        <vehicle id="22" x="398.35" y="155.55" angle="0.00" type="DEFAULT_VEHTYPE" speed="13.17" pos="39.70" lane="2/1to2/0_0" slope="0.00"/>
        <vehicle id="23" x="387.75" y="398.35" angle="90.00" type="DEFAULT_VEHTYPE" speed="5.25" pos="183.00" lane="1/2to2/2_0" slope="0.00"/>
        <vehicle id="24" x="201.65" y="248.85" angle="180.00" type="DEFAULT_VEHTYPE" speed="12.85" pos="44.10" lane="1/1to1/2_0" slope="0.00"/>
        <vehicle id="25" x="583.58" y="201.65" angle="-90.00" type="DEFAULT_VEHTYPE" speed="11.71" pos="11.67" lane="3/1to2/1_0" slope="0.00"/>
        <vehicle id="26" x="212.40" y="401.65" angle="-90.00" type="DEFAULT_VEHTYPE" speed="6.18" pos="182.85" lane="2/2to1/2_0" slope="0.00"/>
        <vehicle id="27" x="198.35" y="278.88" angle="0.00" type="DEFAULT_VEHTYPE" speed="13.82" pos="116.37" lane="1/2to1/1_0" slope="0.00"/>
        <vehicle id="28" x="451.55" y="601.65" angle="-90.00" type="DEFAULT_VEHTYPE" speed="13.15" pos="143.70" lane="3/3to2/3_0" slope="0.00"/>
        <vehicle id="29" x="601.65" y="181.65" angle="180.00" type="DEFAULT_VEHTYPE" speed="8.90" pos="181.65" lane="3/0to3/1_0" slope="0.00"/>
        <vehicle id="3" x="333.89" y="201.65" angle="-90.00" type="DEFAULT_VEHTYPE" speed="12.70" pos="61.36" lane="2/1to1/1_0" slope="0.00"/>
        <vehicle id="30" x="192.75" y="198.35" angle="90.00" type="DEFAULT_VEHTYPE" speed="0.00" pos="192.75" lane="0/1to1/1_0" slope="0.00"/>
        <vehicle id="31" x="200.00" y="598.35" angle="90.00" type="DEFAULT_VEHTYPE" speed="4.92" pos="4.75" lane=":1/3_13_0" slope="0.00"/>
        <vehicle id="32" x="398.35" y="479.59" angle="0.00" type="DEFAULT_VEHTYPE" speed="13.08" pos="115.66" lane="2/3to2/2_0" slope="0.00"/>
        <vehicle id="33" x="294.03" y="601.65" angle="-90.00" type="DEFAULT_VEHTYPE" speed="12.71" pos="101.22" lane="2/3to1/3_0" slope="0.00"/>
        <vehicle id="34" x="598.35" y="502.99" angle="0.00" type="DEFAULT_VEHTYPE" speed="13.11" pos="92.26" lane="3/3to3/2_0" slope="0.00"/>
        <vehicle id="35" x="300.03" y="598.35" angle="90.00" type="DEFAULT_VEHTYPE" speed="13.02" pos="95.28" lane="1/3to2/3_0" slope="0.00"/>
        <vehicle id="36" x="201.65" y="70.70" angle="180.00" type="DEFAULT_VEHTYPE" speed="13.49" pos="70.70" lane="1/0to1/1_0" slope="0.00"/>
        <vehicle id="37" x="282.60" y="198.35" angle="90.00" type="DEFAULT_VEHTYPE" speed="12.70" pos="77.85" lane="1/1to2/1_0" slope="0.00"/>
        <vehicle id="38" x="201.65" y="28.63" angle="180.00" type="DEFAULT_VEHTYPE" speed="13.22" pos="28.63" lane="1/0to1/1_0" slope="0.00"/>
        <vehicle id="4" x="198.35" y="502.79" angle="0.00" type="DEFAULT_VEHTYPE" speed="12.62" pos="92.46" lane="1/3to1/2_0" slope="0.00"/>
        <vehicle id="40" x="591.00" y="598.35" angle="90.00" type="DEFAULT_VEHTYPE" speed="2.82" pos="186.25" lane="2/3to3/3_0" slope="0.00"/>
        <vehicle id="41" x="184.61" y="198.35" angle="90.00" type="DEFAULT_VEHTYPE" speed="0.77" pos="184.61" lane="0/1to1/1_0" slope="0.00"/>
        <vehicle id="42" x="210.31" y="601.65" angle="-90.00" type="DEFAULT_VEHTYPE" speed="5.06" pos="184.94" lane="2/3to1/3_0" slope="0.00"/>
        <vehicle id="43" x="421.80" y="601.65" angle="-90.00" type="DEFAULT_VEHTYPE" speed="10.42" pos="173.45" lane="3/3to2/3_0" slope="0.00"/>
        <vehicle id="44" x="201.65" y="190.19" angle="180.00" type="DEFAULT_VEHTYPE" speed="13.01" pos="190.19" lane="1/0to1/1_0" slope="0.00"/>
        <vehicle id="45" x="295.21" y="398.35" angle="90.00" type="DEFAULT_VEHTYPE" speed="13.78" pos="90.46" lane="1/2to2/2_0" slope="0.00"/>
        <vehicle id="46" x="201.65" y="317.51" angle="180.00" type="DEFAULT_VEHTYPE" speed="12.86" pos="112.76" lane="1/1to1/2_0" slope="0.00"/>
        <vehicle id="47" x="401.65" y="356.24" angle="180.00" type="DEFAULT_VEHTYPE" speed="13.43" pos="151.49" lane="2/1to2/2_0" slope="0.00"/>
        <vehicle id="48" x="198.35" y="79.24" angle="0.00" type="DEFAULT_VEHTYPE" speed="13.18" pos="116.01" lane="1/1to1/0_0" slope="0.00"/>
        <vehicle id="49" x="252.78" y="398.35" angle="90.00" type="DEFAULT_VEHTYPE" speed="12.87" pos="48.03" lane="1/2to2/2_0" slope="0.00"/>
        <vehicle id="5" x="201.65" y="475.23" angle="180.00" type="DEFAULT_VEHTYPE" speed="13.05" pos="70.48" lane="1/2to1/3_0" slope="0.00"/>
        <vehicle id="6" x="396.00" y="601.65" angle="-90.00" type="DEFAULT_VEHTYPE" speed="7.69" pos="8.75" lane=":2/3_5_0" slope="0.00"/>
        <vehicle id="7" x="369.60" y="401.65" angle="-90.00" type="DEFAULT_VEHTYPE" speed="13.80" pos="25.65" lane="2/2to1/2_0" slope="0.00"/>
        <vehicle id="8" x="244.86" y="598.35" angle="90.00" type="DEFAULT_VEHTYPE" speed="13.46" pos="40.11" lane="1/3to2/3_0" slope="0.00"/>
        <vehicle id="9" x="601.65" y="459.93" angle="180.00" type="DEFAULT_VEHTYPE" speed="13.83" pos="55.18" lane="3/2to3/3_0" slope="0.00"/>
    </timestep>
    <timestep time="62.00">
        <vehicle id="0" x="369.97" y="598.35" angle="90.00" type="DEFAULT_VEHTYPE" speed="10.14" pos="165.22" lane="1/3to2/3_0" slope="0.00"/>
        <vehicle id="1" x="343.82" y="198.35" angle="90.00" type="DEFAULT_VEHTYPE" speed="12.61" pos="139.07" lane="1/1to2/1_0" slope="0.00"/>
        <vehicle id="10" x="201.65" y="15.26" angle="180.00" type="DEFAULT_VEHTYPE" speed="13.69" pos="15.26" lane="1/0to1/1_0" slope="0.00"/>
        <vehicle id="11" x="198.35" y="394.10" angle="0.00" type="DEFAULT_VEHTYPE" speed="13.30" pos="1.15" lane="1/2to1/1_0" slope="0.00"/>
        <vehicle id="12" x="401.65" y="430.07" angle="180.00" type="DEFAULT_VEHTYPE" speed="13.83" pos="25.32" lane="2/2to2/3_0" slope="0.00"/>
        <vehicle id="13" x="198.35" y="217.56" angle="0.00" type="DEFAULT_VEHTYPE" speed="9.04" pos="177.69" lane="1/2to1/1_0" slope="0.00"/>
        <vehicle id="14" x="362.02" y="398.35" angle="90.00" type="DEFAULT_VEHTYPE" speed="13.20" pos="157.27" lane="1/2to2/2_0" slope="0.00"/>
        <vehicle id="15" x="441.00" y="201.65" angle="-90.00" type="DEFAULT_VEHTYPE" speed="13.33" pos="154.25" lane="3/1to2/1_0" slope="0.00"/>
        <vehicle id="16" x="601.65" y="549.42" angle="180.00" type="DEFAULT_VEHTYPE" speed="13.81" pos="144.67" lane="3/2to3/3_0" slope="0.00"/>
        <vehicle id="17" x="401.65" y="531.89" angle="180.00" type="DEFAULT_VEHTYPE" speed="13.80" pos="127.14" lane="2/2to2/3_0" slope="0.00"/>
        <vehicle id="18" x="401.65" y="674.94" angle="180.00" type="DEFAULT_VEHTYPE" speed="13.76" pos="70.19" lane="2/3to2/4_0" slope="0.00"/>
        <vehicle id="19" x="198.35" y="564.40" angle="0.00" type="DEFAULT_VEHTYPE" speed="13.16" pos="30.85" lane="1/3to1/2_0" slope="0.00"/>
        <vehicle id="20" x="404.55" y="201.62" angle="-89.68" type="DEFAULT_VEHTYPE" speed="6.19" pos="0.20" lane=":2/1_6_0" slope="0.00"/>
        <vehicle id="21" x="394.90" y="598.35" angle="90.00" type="DEFAULT_VEHTYPE" speed="2.23" pos="190.15" lane="1/3to2/3_0" slope="0.00"/>
        <vehicle id="22" x="398.35" y="142.17" angle="0.00" type="DEFAULT_VEHTYPE" speed="13.38" pos="53.08" lane="2/1to2/0_0" slope="0.00"/>
        <vehicle id="23" x="390.42" y="398.35" angle="90.00" type="DEFAULT_VEHTYPE" speed="2.67" pos="185.67" lane="1/2to2/2_0" slope="0.00"/>
        <vehicle id="24" x="201.65" y="262.42" angle="180.00" type="DEFAULT_VEHTYPE" speed="13.57" pos="57.67" lane="1/1to1/2_0" slope="0.00"/>
        <vehicle id="25" x="570.26" y="201.65" angle="-90.00" type="DEFAULT_VEHTYPE" speed="13.33" pos="24.99" lane="3/1to2/1_0" slope="0.00"/>
        <vehicle id="26" x="209.40" y="401.65" angle="-90.00" type="DEFAULT_VEHTYPE" speed="3.00" pos="185.85" lane="2/2to1/2_0" slope="0.00"/>
        <vehicle id="27" x="198.35" y="265.20" angle="0.00" type="DEFAULT_VEHTYPE" speed="13.68" pos="130.05" lane="1/2to1/1_0" slope="0.00"/>
        <vehicle id="28" x="438.68" y="601.65" angle="-90.00" type="DEFAULT_VEHTYPE" speed="12.87" pos="156.57" lane="3/3to2/3_0" slope="0.00"/>
        <vehicle id="29" x="601.65" y="187.09" angle="180.00" type="DEFAULT_VEHTYPE" speed="5.44" pos="187.09" lane="3/0to3/1_0" slope="0.00"/>
        <vehicle id="3" x="320.26" y="201.65" angle="-90.00" type="DEFAULT_VEHTYPE" speed="13.64" pos="74.99" lane="2/1to1/1_0" slope="0.00"/>
        <vehicle id="30" x="192.75" y="198.35" angle="90.00" type="DEFAULT_VEHTYPE" speed="0.00" pos="192.75" lane="0/1to1/1_0" slope="0.00"/>
        <vehicle id="31" x="207.11" y="598.35" angle="90.00" type="DEFAULT_VEHTYPE" speed="7.11" pos="2.36" lane="1/3to2/3_0" slope="0.00"/>
        <vehicle id="32" x="398.35" y="465.70" angle="0.00" type="DEFAULT_VEHTYPE" speed="13.89" pos="129.55" lane="2/3to2/2_0" slope="0.00"/>
        <vehicle id="33" x="281.03" y="601.65" angle="-90.00" type="DEFAULT_VEHTYPE" speed="13.00" pos="114.22" lane="2/3to1/3_0" slope="0.00"/>
        <vehicle id="34" x="598.35" y="489.93" angle="0.00" type="DEFAULT_VEHTYPE" speed="13.06" pos="105.32" lane="3/3to3/2_0" slope="0.00"/>
        <vehicle id="35" x="313.36" y="598.35" angle="90.00" type="DEFAULT_VEHTYPE" speed="13.32" pos="108.61" lane="1/3to2/3_0" slope="0.00"/>
        <vehicle id="36" x="201.65" y="83.74" angle="180.00" type="DEFAULT_VEHTYPE" speed="13.04" pos="83.74" lane="1/0to1/1_0" slope="0.00"/>
        <vehicle id="37" x="295.90" y="198.35" angle="90.00" type="DEFAULT_VEHTYPE" speed="13.31" pos="91.15" lane="1/1to2/1_0" slope="0.00"/>
        <vehicle id="38" x="201.65" y="42.36" angle="180.00" type="DEFAULT_VEHTYPE" speed="13.73" pos="42.36" lane="1/0to1/1_0" slope="0.00"/>
        <vehicle id="4" x="198.35" y="489.72" angle="0.00" type="DEFAULT_VEHTYPE" speed="13.07" pos="105.53" lane="1/3to1/2_0" slope="0.00"/>
        <vehicle id="40" x="595.48" y="598.50" angle="91.78" type="DEFAULT_VEHTYPE" speed="4.53" pos="0.28" lane=":3/3_15_0" slope="0.00"/>
        <vehicle id="41" x="185.16" y="198.35" angle="90.00" type="DEFAULT_VEHTYPE" speed="0.55" pos="185.16" lane="0/1to1/1_0" slope="0.00"/>
        <vehicle id="42" x="208.36" y="601.65" angle="-90.00" type="DEFAULT_VEHTYPE" speed="1.94" pos="186.89" lane="2/3to1/3_0" slope="0.00"/>
        <vehicle id="43" x="415.03" y="601.65" angle="-90.00" type="DEFAULT_VEHTYPE" speed="6.77" pos="180.22" lane="3/3to2/3_0" slope="0.00"/>
        <vehicle id="44" x="201.65" y="203.14" angle="180.00" type="DEFAULT_VEHTYPE" speed="12.95" pos="7.89" lane=":1/1_9_0" slope="0.00"/>
        <vehicle id="45" x="308.21" y="398.35" angle="90.00" type="DEFAULT_VEHTYPE" speed="13.01" pos="103.46" lane="1/2to2/2_0" slope="0.00"/>
        <vehicle id="46" x="201.65" y="330.30" angle="180.00" type="DEFAULT_VEHTYPE" speed="12.79" pos="125.55" lane="1/1to1/2_0" slope="0.00"/>
        <vehicle id="47" x="401.65" y="369.23" angle="180.00" type="DEFAULT_VEHTYPE" speed="12.98" pos="164.48" lane="2/1to2/2_0" slope="0.00"/>
        <vehicle id="48" x="198.35" y="65.42" angle="0.00" type="DEFAULT_VEHTYPE" speed="13.82" pos="129.83" lane="1/1to1/0_0" slope="0.00"/>
        <vehicle id="49" x="266.00" y="398.35" angle="90.00" type="DEFAULT_VEHTYPE" speed="13.22" pos="61.25" lane="1/2to2/2_0" slope="0.00"/>
        <vehicle id="5" x="201.65" y="488.30" angle="180.00" type="DEFAULT_VEHTYPE" speed="13.08" pos="83.55" lane="1/2to1/3_0" slope="0.00"/>
        <vehicle id="6" x="386.79" y="601.65" angle="-90.00" type="DEFAULT_VEHTYPE" speed="9.21" pos="8.46" lane="2/3to1/3_0" slope="0.00"/>
        <vehicle id="7" x="356.64" y="401.65" angle="-90.00" type="DEFAULT_VEHTYPE" speed="12.96" pos="38.61" lane="2/2to1/2_0" slope="0.00"/>
        <vehicle id="8" x="258.60" y="598.35" angle="90.00" type="DEFAULT_VEHTYPE" speed="13.74" pos="53.85" lane="1/3to2/3_0" slope="0.00"/>
        <vehicle id="9" x="601.65" y="473.60" angle="180.00" type="DEFAULT_VEHTYPE" speed="13.67" pos="68.85" lane="3/2to3/3_0" slope="0.00"/>
    </timestep>
    <timestep time="63.00">
        <vehicle id="0" x="377.99" y="598.35" angle="90.00" type="DEFAULT_VEHTYPE" speed="8.02" pos="173.24" lane="1/3to2/3_0" slope="0.00"/>
        <vehicle id="1" x="356.87" y="198.35" angle="90.00" type="DEFAULT_VEHTYPE" speed="13.05" pos="152.12" lane="1/1to2/1_0" slope="0.00"/>
        <vehicle id="10" x="201.65" y="28.22" angle="180.00" type="DEFAULT_VEHTYPE" speed="12.97" pos="28.22" lane="1/0to1/1_0" slope="0.00"/>
        <vehicle id="11" x="198.35" y="380.22" angle="0.00" type="DEFAULT_VEHTYPE" speed="13.87" pos="15.03" lane="1/2to1/1_0" slope="0.00"/>
        <vehicle id="12" x="401.65" y="443.87" angle="180.00" type="DEFAULT_VEHTYPE" speed="13.80" pos="39.12" lane="2/2to2/3_0" slope="0.00"/>
        <vehicle id="13" x="198.35" y="211.43" angle="0.00" type="DEFAULT_VEHTYPE" speed="6.13" pos="183.82" lane="1/2to1/1_0" slope="0.00"/>
        <vehicle id="14" x="371.62" y="398.35" angle="90.00" type="DEFAULT_VEHTYPE" speed="9.60" pos="166.87" lane="1/2to2/2_0" slope="0.00"/>
        <vehicle id="15" x="428.17" y="201.65" angle="-90.00" type="DEFAULT_VEHTYPE" speed="12.83" pos="167.08" lane="3/1to2/1_0" slope="0.00"/>
        <vehicle id="16" x="601.65" y="562.55" angle="180.00" type="DEFAULT_VEHTYPE" speed="13.13" pos="157.80" lane="3/2to3/3_0" slope="0.00"/>
        <vehicle id="17" x="401.65" y="544.73" angle="180.00" type="DEFAULT_VEHTYPE" speed="12.83" pos="139.98" lane="2/2to2/3_0" slope="0.00"/>
        <vehicle id="18" x="401.65" y="688.11" angle="180.00" type="DEFAULT_VEHTYPE" speed="13.17" pos="83.36" lane="2/3to2/4_0" slope="0.00"/>
        <vehicle id="19" x="198.35" y="550.85" angle="0.00" type="DEFAULT_VEHTYPE" speed="13.55" pos="44.40" lane="1/3to1/2_0" slope="0.00"/>
        <vehicle id="20" x="398.67" y="197.46" angle="-39.98" type="DEFAULT_VEHTYPE" speed="7.88" pos="8.08" lane=":2/1_6_0" slope="0.00"/>
        <vehicle id="21" x="398.38" y="598.95" angle="96.94" type="DEFAULT_VEHTYPE" speed="3.56" pos="3.21" lane=":2/3_14_0" slope="0.00"/>
        <vehicle id="22" x="398.35" y="128.69" angle="0.00" type="DEFAULT_VEHTYPE" speed="13.48" pos="66.56" lane="2/1to2/0_0" slope="0.00"/>
        <vehicle id="23" x="391.64" y="398.35" angle="90.00" type="DEFAULT_VEHTYPE" speed="1.22" pos="186.89" lane="1/2to2/2_0" slope="0.00"/>
        <vehicle id="24" x="201.65" y="275.64" angle="180.00" type="DEFAULT_VEHTYPE" speed="13.22" pos="70.89" lane="1/1to1/2_0" slope="0.00"/>
        <vehicle id="25" x="557.39" y="201.65" angle="-90.00" type="DEFAULT_VEHTYPE" speed="12.86" pos="37.86" lane="3/1to2/1_0" slope="0.00"/>
        <vehicle id="26" x="204.94" y="401.65" angle="-90.00" type="DEFAULT_VEHTYPE" speed="4.47" pos="190.31" lane="2/2to1/2_0" slope="0.00"/>
        <vehicle id="27" x="198.35" y="251.93" angle="0.00" type="DEFAULT_VEHTYPE" speed="13.26" pos="143.32" lane="1/2to1/1_0" slope="0.00"/>
        <vehicle id="28" x="428.33" y="601.65" angle="-90.00" type="DEFAULT_VEHTYPE" speed="10.34" pos="166.92" lane="3/3to2/3_0" slope="0.00"/>
        <vehicle id="29" x="601.65" y="190.72" angle="180.00" type="DEFAULT_VEHTYPE" speed="3.63" pos="190.72" lane="3/0to3/1_0" slope="0.00"/>
        <vehicle id="3" x="307.41" y="201.65" angle="-90.00" type="DEFAULT_VEHTYPE" speed="12.84" pos="87.84" lane="2/1to1/1_0" slope="0.00"/>
        <vehicle id="30" x="192.75" y="198.35" angle="90.00" type="DEFAULT_VEHTYPE" speed="0.00" pos="192.75" lane="0/1to1/1_0" slope="0.00"/>
        <vehicle id="31" x="216.14" y="598.35" angle="90.00" type="DEFAULT_VEHTYPE" speed="9.03" pos="11.39" lane="1/3to2/3_0" slope="0.00"/>
        <vehicle id="32" x="398.35" y="452.46" angle="0.00" type="DEFAULT_VEHTYPE" speed="13.24" pos="142.79" lane="2/3to2/2_0" slope="0.00"/>
        <vehicle id="33" x="267.71" y="601.65" angle="-90.00" type="DEFAULT_VEHTYPE" speed="13.32" pos="127.54" lane="2/3to1/3_0" slope="0.00"/>
        <vehicle id="34" x="598.35" y="477.26" angle="0.00" type="DEFAULT_VEHTYPE" speed="12.67" pos="117.99" lane="3/3to3/2_0" slope="0.00"/>
        <vehicle id="35" x="326.33" y="598.35" angle="90.00" type="DEFAULT_VEHTYPE" speed="12.98" pos="121.58" lane="1/3to2/3_0" slope="0.00"/>
        <vehicle id="36" x="201.65" y="97.18" angle="180.00" type="DEFAULT_VEHTYPE" speed="13.44" pos="97.18" lane="1/0to1/1_0" slope="0.00"/>
        <vehicle id="37" x="309.35" y="198.35" angle="90.00" type="DEFAULT_VEHTYPE" speed="13.45" pos="104.60" lane="1/1to2/1_0" slope="0.00"/>
        <vehicle id="38" x="201.65" y="55.27" angle="180.00" type="DEFAULT_VEHTYPE" speed="12.92" pos="55.27" lane="1/0to1/1_0" slope="0.00"/>
        <vehicle id="4" x="198.35" y="476.87" angle="0.00" type="DEFAULT_VEHTYPE" speed="12.85" pos="118.38" lane="1/3to1/2_0" slope="0.00"/>
        <vehicle id="40" x="592.99" y="601.65" angle="-117.24" type="DEFAULT_VEHTYPE" speed="6.81" pos="2.26" lane="3/3to2/3_0" slope="0.00"/>
        <vehicle id="41" x="185.21" y="198.35" angle="90.00" type="DEFAULT_VEHTYPE" speed="0.05" pos="185.21" lane="0/1to1/1_0" slope="0.00"/>
        <vehicle id="42" x="204.56" y="601.62" angle="-89.69" type="DEFAULT_VEHTYPE" speed="3.81" pos="0.19" lane=":1/3_6_0" slope="0.00"/>
        <vehicle id="43" x="410.96" y="601.65" angle="-90.00" type="DEFAULT_VEHTYPE" speed="4.07" pos="184.29" lane="3/3to2/3_0" slope="0.00"/>
        <vehicle id="44" x="201.65" y="216.11" angle="180.00" type="DEFAULT_VEHTYPE" speed="12.98" pos="11.36" lane="1/1to1/2_0" slope="0.00"/>
        <vehicle id="45" x="321.33" y="398.35" angle="90.00" type="DEFAULT_VEHTYPE" speed="13.11" pos="116.58" lane="1/2to2/2_0" slope="0.00"/>
        <vehicle id="46" x="201.65" y="344.09" angle="180.00" type="DEFAULT_VEHTYPE" speed="13.78" pos="139.34" lane="1/1to1/2_0" slope="0.00"/>
        <vehicle id="47" x="401.65" y="382.74" angle="180.00" type="DEFAULT_VEHTYPE" speed="13.52" pos="177.99" lane="2/1to2/2_0" slope="0.00"/>
        <vehicle id="48" x="198.35" y="51.58" angle="0.00" type="DEFAULT_VEHTYPE" speed="13.84" pos="143.67" lane="1/1to1/0_0" slope="0.00"/>
        <vehicle id="49" x="279.15" y="398.35" angle="90.00" type="DEFAULT_VEHTYPE" speed="13.15" pos="74.40" lane="1/2to2/2_0" slope="0.00"/>
        <vehicle id="5" x="201.65" y="501.59" angle="180.00" type="DEFAULT_VEHTYPE" speed="13.28" pos="96.84" lane="1/2to1/3_0" slope="0.00"/>
        <vehicle id="6" x="375.46" y="601.65" angle="-90.00" type="DEFAULT_VEHTYPE" speed="11.33" pos="19.79" lane="2/3to1/3_0" slope="0.00"/>
        <vehicle id="7" x="343.43" y="401.65" angle="-90.00" type="DEFAULT_VEHTYPE" speed="13.22" pos="51.82" lane="2/2to1/2_0" slope="0.00"/>
        <vehicle id="8" x="271.21" y="598.35" angle="90.00" type="DEFAULT_VEHTYPE" speed="12.60" pos="66.46" lane="1/3to2/3_0" slope="0.00"/>
        <vehicle id="9" x="601.65" y="486.89" angle="180.00" type="DEFAULT_VEHTYPE" speed="13.29" pos="82.14" lane="3/2to3/3_0" slope="0.00"/>
    </timestep>
    <timestep time="64.00">
        <vehicle id="0" x="384.99" y="598.35" angle="90.00" type="DEFAULT_VEHTYPE" speed="7.00" pos="180.24" lane="1/3to2/3_0" slope="0.00"/>
        <vehicle id="1" x="370.21" y="198.35" angle="90.00" type="DEFAULT_VEHTYPE" speed="13.34" pos="165.46" lane="1/1to2/1_0" slope="0.00"/>
        <vehicle id="10" x="201.65" y="40.88" angle="180.00" type="DEFAULT_VEHTYPE" speed="12.66" pos="40.88" lane="1/0to1/1_0" slope="0.00"/>
        <vehicle id="11" x="198.35" y="366.82" angle="0.00" type="DEFAULT_VEHTYPE" speed="13.40" pos="28.43" lane="1/2to1/1_0" slope="0.00"/>
        <vehicle id="12" x="401.65" y="457.36" angle="180.00" type="DEFAULT_VEHTYPE" speed="13.49" pos="52.61" lane="2/2to2/3_0" slope="0.00"/>
        <vehicle id="13" x="198.63" y="202.76" angle="3.27" type="DEFAULT_VEHTYPE" speed="8.69" pos="2.01" lane=":1/1_2_0" slope="0.00"/>
        <vehicle id="14" x="378.12" y="398.35" angle="90.00" type="DEFAULT_VEHTYPE" speed="6.50" pos="173.37" lane="1/2to2/2_0" slope="0.00"/>
        <vehicle id="15" x="418.66" y="201.65" angle="-90.00" type="DEFAULT_VEHTYPE" speed="9.51" pos="176.59" lane="3/1to2/1_0" slope="0.00"/>
        <vehicle id="16" x="601.65" y="575.29" angle="180.00" type="DEFAULT_VEHTYPE" speed="12.74" pos="170.54" lane="3/2to3/3_0" slope="0.00"/>
        <vehicle id="17" x="401.65" y="557.77" angle="180.00" type="DEFAULT_VEHTYPE" speed="13.04" pos="153.02" lane="2/2to2/3_0" slope="0.00"/>
        <vehicle id="18" x="401.65" y="701.01" angle="180.00" type="DEFAULT_VEHTYPE" speed="12.90" pos="96.26" lane="2/3to2/4_0" slope="0.00"/>
        <vehicle id="19" x="198.35" y="537.08" angle="0.00" type="DEFAULT_VEHTYPE" speed="13.77" pos="58.17" lane="1/3to1/2_0" slope="0.00"/>
        <vehicle id="20" x="398.35" y="187.72" angle="0.00" type="DEFAULT_VEHTYPE" speed="9.76" pos="7.53" lane="2/1to2/0_0" slope="0.00"/>
        <vehicle id="21" x="401.43" y="603.20" angle="146.95" type="DEFAULT_VEHTYPE" speed="5.54" pos="8.75" lane=":2/3_14_0" slope="0.00"/>
        <vehicle id="22" x="398.35" y="115.16" angle="0.00" type="DEFAULT_VEHTYPE" speed="13.53" pos="80.09" lane="2/1to2/0_0" slope="0.00"/>
        <vehicle id="23" x="392.62" y="398.35" angle="90.00" type="DEFAULT_VEHTYPE" speed="0.98" pos="187.87" lane="1/2to2/2_0" slope="0.00"/>
        <vehicle id="24" x="201.65" y="288.79" angle="180.00" type="DEFAULT_VEHTYPE" speed="13.15" pos="84.04" lane="1/1to1/2_0" slope="0.00"/>
        <vehicle id="25" x="544.66" y="201.65" angle="-90.00" type="DEFAULT_VEHTYPE" speed="12.73" pos="50.59" lane="3/1to2/1_0" slope="0.00"/>
        <vehicle id="26" x="201.65" y="405.60" angle="-149.56" type="DEFAULT_VEHTYPE" speed="6.04" pos="0.85" lane="1/2to1/3_0" slope="0.00"/>
        <vehicle id="27" x="198.35" y="238.71" angle="0.00" type="DEFAULT_VEHTYPE" speed="13.22" pos="156.54" lane="1/2to1/1_0" slope="0.00"/>
        <vehicle id="28" x="422.49" y="601.65" angle="-90.00" type="DEFAULT_VEHTYPE" speed="5.84" pos="172.76" lane="3/3to2/3_0" slope="0.00"/>
        <vehicle id="29" x="601.44" y="196.70" angle="-177.62" type="DEFAULT_VEHTYPE" speed="5.99" pos="1.46" lane=":3/1_10_0" slope="0.00"/>
        <vehicle id="3" x="293.64" y="201.65" angle="-90.00" type="DEFAULT_VEHTYPE" speed="13.77" pos="101.61" lane="2/1to1/1_0" slope="0.00"/>
        <vehicle id="30" x="192.75" y="198.35" angle="90.00" type="DEFAULT_VEHTYPE" speed="0.00" pos="192.75" lane="0/1to1/1_0" slope="0.00"/>
        <vehicle id="31" x="227.63" y="598.35" angle="90.00" type="DEFAULT_VEHTYPE" speed="11.49" pos="22.88" lane="1/3to2/3_0" slope="0.00"/>
        <vehicle id="32" x="398.35" y="439.49" angle="0.00" type="DEFAULT_VEHTYPE" speed="12.97" pos="155.76" lane="2/3to2/2_0" slope="0.00"/>
        <vehicle id="33" x="253.97" y="601.65" angle="-90.00" type="DEFAULT_VEHTYPE" speed="13.73" pos="141.28" lane="2/3to1/3_0" slope="0.00"/>
        <vehicle id="34" x="598.35" y="463.93" angle="0.00" type="DEFAULT_VEHTYPE" speed="13.33" pos="131.32" lane="3/3to3/2_0" slope="0.00"/>
        <vehicle id="35" x="339.11" y="598.35" angle="90.00" type="DEFAULT_VEHTYPE" speed="12.78" pos="134.36" lane="1/3to2/3_0" slope="0.00"/>
        <vehicle id="36" x="201.65" y="110.41" angle="180.00" type="DEFAULT_VEHTYPE" speed="13.24" pos="110.41" lane="1/0to1/1_0" slope="0.00"/>
        <vehicle id="37" x="322.06" y="198.35" angle="90.00" type="DEFAULT_VEHTYPE" speed="12.71" pos="117.31" lane="1/1to2/1_0" slope="0.00"/>
        <vehicle id="38" x="201.65" y="68.50" angle="180.00" type="DEFAULT_VEHTYPE" speed="13.23" pos="68.50" lane="1/0to1/1_0" slope="0.00"/>
        <vehicle id="4" x="198.35" y="463.68" angle="0.00" type="DEFAULT_VEHTYPE" speed="13.19" pos="131.57" lane="1/3to1/2_0" slope="0.00"/>
        <vehicle id="40" x="584.83" y="601.65" angle="-90.00" type="DEFAULT_VEHTYPE" speed="8.15" pos="10.42" lane="3/3to2/3_0" slope="0.00"/>
        <vehicle id="41" x="185.24" y="198.35" angle="90.00" type="DEFAULT_VEHTYPE" speed="0.03" pos="185.24" lane="0/1to1/1_0" slope="0.00"/>
        <vehicle id="42" x="199.69" y="599.61" angle="-66.16" type="DEFAULT_VEHTYPE" speed="5.48" pos="5.67" lane=":1/3_6_0" slope="0.00"/>
        <vehicle id="43" x="404.95" y="601.65" angle="-90.00" type="DEFAULT_VEHTYPE" speed="6.01" pos="190.30" lane="3/3to2/3_0" slope="0.00"/>
        <vehicle id="44" x="201.65" y="229.58" angle="180.00" type="DEFAULT_VEHTYPE" speed="13.47" pos="24.83" lane="1/1to1/2_0" slope="0.00"/>
        <vehicle id="45" x="335.19" y="398.35" angle="90.00" type="DEFAULT_VEHTYPE" speed="13.86" pos="130.44" lane="1/2to2/2_0" slope="0.00"/>
        <vehicle id="46" x="201.65" y="357.46" angle="180.00" type="DEFAULT_VEHTYPE" speed="13.37" pos="152.71" lane="1/1to1/2_0" slope="0.00"/>
        <vehicle id="47" x="401.65" y="395.91" angle="180.00" type="DEFAULT_VEHTYPE" speed="13.17" pos="0.66" lane=":2/2_9_0" slope="0.00"/>
        <vehicle id="48" x="198.35" y="38.52" angle="0.00" type="DEFAULT_VEHTYPE" speed="13.06" pos="156.73" lane="1/1to1/0_0" slope="0.00"/>
        <vehicle id="49" x="292.07" y="398.35" angle="90.00" type="DEFAULT_VEHTYPE" speed="12.92" pos="87.32" lane="1/2to2/2_0" slope="0.00"/>
        <vehicle id="5" x="201.65" y="514.19" angle="180.00" type="DEFAULT_VEHTYPE" speed="12.60" pos="109.44" lane="1/2to1/3_0" slope="0.00"/>
        <vehicle id="6" x="362.39" y="601.65" angle="-90.00" type="DEFAULT_VEHTYPE" speed="13.07" pos="32.86" lane="2/3to1/3_0" slope="0.00"/>
        <vehicle id="7" x="329.96" y="401.65" angle="-90.00" type="DEFAULT_VEHTYPE" speed="13.46" pos="65.29" lane="2/2to1/2_0" slope="0.00"/>
        <vehicle id="8" x="285.00" y="598.35" angle="90.00" type="DEFAULT_VEHTYPE" speed="13.79" pos="80.25" lane="1/3to2/3_0" slope="0.00"/>
        <vehicle id="9" x="601.65" y="499.63" angle="180.00" type="DEFAULT_VEHTYPE" speed="12.75" pos="94.88" lane="3/2to3/3_0" slope="0.00"/>
    </timestep>
    <timestep time="65.00">
        <vehicle id="0" x="389.52" y="598.35" angle="90.00" type="DEFAULT_VEHTYPE" speed="4.53" pos="184.77" lane="1/3to2/3_0" slope="0.00"/>
        <vehicle id="1" x="379.44" y="198.35" angle="90.00" type="DEFAULT_VEHTYPE" speed="9.24" pos="174.69" lane="1/1to2/1_0" slope="0.00"/>
        <vehicle id="10" x="201.65" y="53.82" angle="180.00" type="DEFAULT_VEHTYPE" speed="12.94" pos="53.82" lane="1/0to1/1_0" slope="0.00"/>
        <vehicle id="11" x="198.35" y="352.95" angle="0.00" type="DEFAULT_VEHTYPE" speed="13.88" pos="42.30" lane="1/2to1/1_0" slope="0.00"/>
        <vehicle id="12" x="401.65" y="470.18" angle="180.00" type="DEFAULT_VEHTYPE" speed="12.83" pos="65.43" lane="2/2to2/3_0" slope="0.00"/>
        <vehicle id="13" x="206.80" y="198.35" angle="84.68" type="DEFAULT_VEHTYPE" speed="10.36" pos="2.05" lane="1/1to2/1_0" slope="0.00"/>
        <vehicle id="14" x="381.73" y="398.35" angle="90.00" type="DEFAULT_VEHTYPE" speed="3.61" pos="176.98" lane="1/2to2/2_0" slope="0.00"/>
        <vehicle id="15" x="412.21" y="201.65" angle="-90.00" type="DEFAULT_VEHTYPE" speed="6.45" pos="183.04" lane="3/1to2/1_0" slope="0.00"/>
        <vehicle id="16" x="601.65" y="588.97" angle="180.00" type="DEFAULT_VEHTYPE" speed="13.67" pos="184.22" lane="3/2to3/3_0" slope="0.00"/>
        <vehicle id="17" x="401.65" y="570.36" angle="180.00" type="DEFAULT_VEHTYPE" speed="12.59" pos="165.61" lane="2/2to2/3_0" slope="0.00"/>
        <vehicle id="18" x="401.65" y="713.68" angle="180.00" type="DEFAULT_VEHTYPE" speed="12.67" pos="108.93" lane="2/3to2/4_0" slope="0.00"/>
        <vehicle id="19" x="198.35" y="524.45" angle="0.00" type="DEFAULT_VEHTYPE" speed="12.64" pos="70.80" lane="1/3to1/2_0" slope="0.00"/>
        <vehicle id="20" x="398.35" y="175.42" angle="0.00" type="DEFAULT_VEHTYPE" speed="12.30" pos="19.83" lane="2/1to2/0_0" slope="0.00"/>
        <vehicle id="21" x="401.65" y="611.10" angle="180.00" type="DEFAULT_VEHTYPE" speed="7.92" pos="6.35" lane="2/3to2/4_0" slope="0.00"/>
        <vehicle id="22" x="398.35" y="102.08" angle="0.00" type="DEFAULT_VEHTYPE" speed="13.08" pos="93.17" lane="2/1to2/0_0" slope="0.00"/>
        <vehicle id="23" x="392.69" y="398.35" angle="90.00" type="DEFAULT_VEHTYPE" speed="0.07" pos="187.94" lane="1/2to2/2_0" slope="0.00"/>
        <vehicle id="24" x="201.65" y="301.88" angle="180.00" type="DEFAULT_VEHTYPE" speed="13.09" pos="97.13" lane="1/1to1/2_0" slope="0.00"/>
        <vehicle id="25" x="531.65" y="201.65" angle="-90.00" type="DEFAULT_VEHTYPE" speed="13.01" pos="63.60" lane="3/1to2/1_0" slope="0.00"/>
        <vehicle id="26" x="201.65" y="414.21" angle="180.00" type="DEFAULT_VEHTYPE" speed="8.60" pos="9.46" lane="1/2to1/3_0" slope="0.00"/>
        <vehicle id="27" x="198.35" y="226.17" angle="0.00" type="DEFAULT_VEHTYPE" speed="12.54" pos="169.08" lane="1/2to1/1_0" slope="0.00"/>
        <vehicle id="28" x="415.98" y="601.65" angle="-90.00" type="DEFAULT_VEHTYPE" speed="6.51" pos="179.27" lane="3/3to2/3_0" slope="0.00"/>
        <vehicle id="29" x="596.15" y="201.52" angle="-116.24" type="DEFAULT_VEHTYPE" speed="7.95" pos="2.27" lane=":3/1_18_0" slope="0.00"/>
        <vehicle id="3" x="280.40" y="201.65" angle="-90.00" type="DEFAULT_VEHTYPE" speed="13.24" pos="114.85" lane="2/1to1/1_0" slope="0.00"/>
        <vehicle id="30" x="192.75" y="198.35" angle="90.00" type="DEFAULT_VEHTYPE" speed="0.00" pos="192.75" lane="0/1to1/1_0" slope="0.00"/>
        <vehicle id="31" x="241.36" y="598.35" angle="90.00" type="DEFAULT_VEHTYPE" speed="13.73" pos="36.61" lane="1/3to2/3_0" slope="0.00"/>
        <vehicle id="32" x="398.35" y="425.59" angle="0.00" type="DEFAULT_VEHTYPE" speed="13.90" pos="169.66" lane="2/3to2/2_0" slope="0.00"/>
        <vehicle id="33" x="240.93" y="601.65" angle="-90.00" type="DEFAULT_VEHTYPE" speed="13.04" pos="154.32" lane="2/3to1/3_0" slope="0.00"/>
        <vehicle id="34" x="598.35" y="450.94" angle="0.00" type="DEFAULT_VEHTYPE" speed="12.99" pos="144.31" lane="3/3to3/2_0" slope="0.00"/>
        <vehicle id="35" x="352.11" y="598.35" angle="90.00" type="DEFAULT_VEHTYPE" speed="13.00" pos="147.36" lane="1/3to2/3_0" slope="0.00"/>
        <vehicle id="36" x="201.65" y="124.12" angle="180.00" type="DEFAULT_VEHTYPE" speed="13.71" pos="124.12" lane="1/0to1/1_0" slope="0.00"/>
        <vehicle id="37" x="335.63" y="198.35" angle="90.00" type="DEFAULT_VEHTYPE" speed="13.57" pos="130.88" lane="1/1to2/1_0" slope="0.00"/>
        <vehicle id="38" x="201.65" y="82.17" angle="180.00" type="DEFAULT_VEHTYPE" speed="13.67" pos="82.17" lane="1/0to1/1_0" slope="0.00"/>
        <vehicle id="4" x="198.35" y="450.10" angle="0.00" type="DEFAULT_VEHTYPE" speed="13.57" pos="145.15" lane="1/3to1/2_0" slope="0.00"/>
        <vehicle id="40" x="574.35" y="601.65" angle="-90.00" type="DEFAULT_VEHTYPE" speed="10.48" pos="20.90" lane="3/3to2/3_0" slope="0.00"/>
        <vehicle id="41" x="185.25" y="198.35" angle="90.00" type="DEFAULT_VEHTYPE" speed="0.01" pos="185.25" lane="0/1to1/1_0" slope="0.00"/>
        <vehicle id="42" x="198.35" y="592.73" angle="-4.03" type="DEFAULT_VEHTYPE" speed="7.17" pos="2.52" lane="1/3to1/2_0" slope="0.00"/>
        <vehicle id="43" x="407.56" y="598.35" angle="71.57" type="DEFAULT_VEHTYPE" speed="7.83" pos="2.81" lane="2/3to3/3_0" slope="0.00"/>
        <vehicle id="44" x="201.65" y="243.17" angle="180.00" type="DEFAULT_VEHTYPE" speed="13.58" pos="38.42" lane="1/1to1/2_0" slope="0.00"/>
        <vehicle id="45" x="348.71" y="398.35" angle="90.00" type="DEFAULT_VEHTYPE" speed="13.51" pos="143.96" lane="1/2to2/2_0" slope="0.00"/>
        <vehicle id="46" x="201.65" y="370.31" angle="180.00" type="DEFAULT_VEHTYPE" speed="12.86" pos="165.56" lane="1/1to1/2_0" slope="0.00"/>
        <vehicle id="47" x="401.65" y="408.96" angle="180.00" type="DEFAULT_VEHTYPE" speed="13.04" pos="4.21" lane="2/2to2/3_0" slope="0.00"/>
        <vehicle id="48" x="198.35" y="25.27" angle="0.00" type="DEFAULT_VEHTYPE" speed="13.24" pos="169.98" lane="1/1to1/0_0" slope="0.00"/>
        <vehicle id="49" x="305.90" y="398.35" angle="90.00" type="DEFAULT_VEHTYPE" speed="13.83" pos="101.15" lane="1/2to2/2_0" slope="0.00"/>
        <vehicle id="5" x="201.65" y="527.50" angle="180.00" type="DEFAULT_VEHTYPE" speed="13.31" pos="122.75" lane="1/2to1/3_0" slope="0.00"/>
        <vehicle id="6" x="349.50" y="601.65" angle="-90.00" type="DEFAULT_VEHTYPE" speed="12.89" pos="45.75" lane="2/3to1/3_0" slope="0.00"/>
        <vehicle id="7" x="316.63" y="401.65" angle="-90.00" type="DEFAULT_VEHTYPE" speed="13.33" pos="78.62" lane="2/2to1/2_0" slope="0.00"/>
        <vehicle id="8" x="298.61" y="598.35" angle="90.00" type="DEFAULT_VEHTYPE" speed="13.61" pos="93.86" lane="1/3to2/3_0" slope="0.00"/>
        <vehicle id="9" x="601.65" y="512.72" angle="180.00" type="DEFAULT_VEHTYPE" speed="13.09" pos="107.97" lane="3/2to3/3_0" slope="0.00"/>
    </timestep>
    <timestep time="66.00">
        <vehicle id="0" x="396.59" y="598.54" angle="92.20" type="DEFAULT_VEHTYPE" speed="7.08" pos="1.35" lane=":2/3_14_0" slope="0.00"/>
        <vehicle id="1" x="386.16" y="198.35" angle="90.00" type="DEFAULT_VEHTYPE" speed="6.72" pos="181.41" lane="1/1to2/1_0" slope="0.00"/>
        <vehicle id="10" x="201.65" y="66.88" angle="180.00" type="DEFAULT_VEHTYPE" speed="13.06" pos="66.88" lane="1/0to1/1_0" slope="0.00"/>
        <vehicle id="11" x="198.35" y="339.94" angle="0.00" type="DEFAULT_VEHTYPE" speed="13.01" pos="55.31" lane="1/2to1/1_0" slope="0.00"/>
        <vehicle id="12" x="401.65" y="482.87" angle="180.00" type="DEFAULT_VEHTYPE" speed="12.68" pos="78.12" lane="2/2to2/3_0" slope="0.00"/>
        <vehicle id="13" x="219.55" y="198.35" angle="90.00" type="DEFAULT_VEHTYPE" speed="12.75" pos="14.80" lane="1/1to2/1_0" slope="0.00"/>
        <vehicle id="14" x="384.32" y="398.35" angle="90.00" type="DEFAULT_VEHTYPE" speed="2.59" pos="179.57" lane="1/2to2/2_0" slope="0.00"/>
        <vehicle id="15" x="409.67" y="201.65" angle="-90.00" type="DEFAULT_VEHTYPE" speed="2.54" pos="185.58" lane="3/1to2/1_0" slope="0.00"/>
        <vehicle id="17" x="401.65" y="579.99" angle="180.00" type="DEFAULT_VEHTYPE" speed="9.63" pos="175.24" lane="2/2to2/3_0" slope="0.00"/>
        <vehicle id="18" x="401.65" y="727.06" angle="180.00" type="DEFAULT_VEHTYPE" speed="13.38" pos="122.31" lane="2/3to2/4_0" slope="0.00"/>
        <vehicle id="19" x="198.35" y="510.62" angle="0.00" type="DEFAULT_VEHTYPE" speed="13.82" pos="84.63" lane="1/3to1/2_0" slope="0.00"/>
        <vehicle id="20" x="398.35" y="162.12" angle="0.00" type="DEFAULT_VEHTYPE" speed="13.30" pos="33.13" lane="2/1to2/0_0" slope="0.00"/>
        <vehicle id="21" x="401.65" y="620.43" angle="180.00" type="DEFAULT_VEHTYPE" speed="9.33" pos="15.68" lane="2/3to2/4_0" slope="0.00"/>
        <vehicle id="22" x="398.35" y="88.45" angle="0.00" type="DEFAULT_VEHTYPE" speed="13.63" pos="106.80" lane="2/1to2/0_0" slope="0.00"/>
        <vehicle id="23" x="392.75" y="398.35" angle="90.00" type="DEFAULT_VEHTYPE" speed="0.06" pos="188.00" lane="1/2to2/2_0" slope="0.00"/>
        <vehicle id="24" x="201.65" y="314.54" angle="180.00" type="DEFAULT_VEHTYPE" speed="12.66" pos="109.79" lane="1/1to1/2_0" slope="0.00"/>
        <vehicle id="25" x="518.65" y="201.65" angle="-90.00" type="DEFAULT_VEHTYPE" speed="13.01" pos="76.60" lane="3/1to2/1_0" slope="0.00"/>
        <vehicle id="26" x="201.65" y="425.35" angle="180.00" type="DEFAULT_VEHTYPE" speed="11.14" pos="20.60" lane="1/2to1/3_0" slope="0.00"/>
        <vehicle id="27" x="198.35" y="218.07" angle="0.00" type="DEFAULT_VEHTYPE" speed="8.10" pos="177.18" lane="1/2to1/1_0" slope="0.00"/>
        <vehicle id="28" x="410.89" y="601.65" angle="-90.00" type="DEFAULT_VEHTYPE" speed="5.09" pos="184.36" lane="3/3to2/3_0" slope="0.00"/>
        <vehicle id="29" x="586.34" y="201.65" angle="-90.00" type="DEFAULT_VEHTYPE" speed="9.81" pos="8.91" lane="3/1to2/1_0" slope="0.00"/>
        <vehicle id="3" x="267.16" y="201.65" angle="-90.00" type="DEFAULT_VEHTYPE" speed="13.24" pos="128.09" lane="2/1to1/1_0" slope="0.00"/>
        <vehicle id="30" x="192.75" y="198.35" angle="90.00" type="DEFAULT_VEHTYPE" speed="0.00" pos="192.75" lane="0/1to1/1_0" slope="0.00"/>
        <vehicle id="31" x="254.28" y="598.35" angle="90.00" type="DEFAULT_VEHTYPE" speed="12.93" pos="49.53" lane="1/3to2/3_0" slope="0.00"/>
        <vehicle id="32" x="398.35" y="412.19" angle="0.00" type="DEFAULT_VEHTYPE" speed="13.40" pos="183.06" lane="2/3to2/2_0" slope="0.00"/>
        <vehicle id="33" x="227.93" y="601.65" angle="-90.00" type="DEFAULT_VEHTYPE" speed="13.00" pos="167.32" lane="2/3to1/3_0" slope="0.00"/>
        <vehicle id="34" x="598.35" y="437.43" angle="0.00" type="DEFAULT_VEHTYPE" speed="13.51" pos="157.82" lane="3/3to3/2_0" slope="0.00"/>
        <vehicle id="35" x="364.96" y="598.35" angle="90.00" type="DEFAULT_VEHTYPE" speed="12.85" pos="160.21" lane="1/3to2/3_0" slope="0.00"/>
        <vehicle id="36" x="201.65" y="137.87" angle="180.00" type="DEFAULT_VEHTYPE" speed="13.75" pos="137.87" lane="1/0to1/1_0" slope="0.00"/>
        <vehicle id="37" x="349.02" y="198.35" angle="90.00" type="DEFAULT_VEHTYPE" speed="13.39" pos="144.27" lane="1/1to2/1_0" slope="0.00"/>
        <vehicle id="38" x="201.65" y="95.98" angle="180.00" type="DEFAULT_VEHTYPE" speed="13.82" pos="95.98" lane="1/0to1/1_0" slope="0.00"/>
        <vehicle id="4" x="198.35" y="436.33" angle="0.00" type="DEFAULT_VEHTYPE" speed="13.77" pos="158.92" lane="1/3to1/2_0" slope="0.00"/>
        <vehicle id="40" x="562.02" y="601.65" angle="-90.00" type="DEFAULT_VEHTYPE" speed="12.33" pos="33.23" lane="3/3to2/3_0" slope="0.00"/>
        <vehicle id="41" x="185.25" y="198.35" angle="90.00" type="DEFAULT_VEHTYPE" speed="0.00" pos="185.25" lane="0/1to1/1_0" slope="0.00"/>
        <vehicle id="42" x="198.35" y="583.65" angle="0.00" type="DEFAULT_VEHTYPE" speed="9.07" pos="11.60" lane="1/3to1/2_0" slope="0.00"/>
        <vehicle id="43" x="417.14" y="598.35" angle="90.00" type="DEFAULT_VEHTYPE" speed="9.58" pos="12.39" lane="2/3to3/3_0" slope="0.00"/>
        <vehicle id="44" x="201.65" y="256.16" angle="180.00" type="DEFAULT_VEHTYPE" speed="13.00" pos="51.41" lane="1/1to1/2_0" slope="0.00"/>
        <vehicle id="45" x="359.34" y="398.35" angle="90.00" type="DEFAULT_VEHTYPE" speed="10.63" pos="154.59" lane="1/2to2/2_0" slope="0.00"/>
        <vehicle id="46" x="201.65" y="380.19" angle="180.00" type="DEFAULT_VEHTYPE" speed="9.87" pos="175.44" lane="1/1to1/2_0" slope="0.00"/>
        <vehicle id="47" x="401.65" y="422.42" angle="180.00" type="DEFAULT_VEHTYPE" speed="13.47" pos="17.67" lane="2/2to2/3_0" slope="0.00"/>
        <vehicle id="48" x="198.35" y="11.72" angle="0.00" type="DEFAULT_VEHTYPE" speed="13.55" pos="183.53" lane="1/1to1/0_0" slope="0.00"/>
        <vehicle id="49" x="318.76" y="398.35" angle="90.00" type="DEFAULT_VEHTYPE" speed="12.87" pos="114.01" lane="1/2to2/2_0" slope="0.00"/>
        <vehicle id="5" x="201.65" y="540.85" angle="180.00" type="DEFAULT_VEHTYPE" speed="13.36" pos="136.10" lane="1/2to1/3_0" slope="0.00"/>
        <vehicle id="6" x="336.56" y="601.65" angle="-90.00" type="DEFAULT_VEHTYPE" speed="12.94" pos="58.69" lane="2/3to1/3_0" slope="0.00"/>
        <vehicle id="7" x="303.79" y="401.65" angle="-90.00" type="DEFAULT_VEHTYPE" speed="12.84" pos="91.46" lane="2/2to1/2_0" slope="0.00"/>
        <vehicle id="8" x="312.12" y="598.35" angle="90.00" type="DEFAULT_VEHTYPE" speed="13.51" pos="107.37" lane="1/3to2/3_0" slope="0.00"/>
        <vehicle id="9" x="601.65" y="526.42" angle="180.00" type="DEFAULT_VEHTYPE" speed="13.70" pos="121.67" lane="3/2to3/3_0" slope="0.00"/>
    </timestep>
    <timestep time="67.00">
        <vehicle id="0" x="401.65" y="605.41" angle="166.11" type="DEFAULT_VEHTYPE" speed="9.63" pos="0.66" lane="2/3to2/4_0" slope="0.00"/>
        <vehicle id="1" x="389.39" y="198.35" angle="90.00" type="DEFAULT_VEHTYPE" speed="3.23" pos="184.64" lane="1/1to2/1_0" slope="0.00"/>
        <vehicle id="10" x="201.65" y="80.65" angle="180.00" type="DEFAULT_VEHTYPE" speed="13.78" pos="80.65" lane="1/0to1/1_0" slope="0.00"/>
        <vehicle id="11" x="198.35" y="327.04" angle="0.00" type="DEFAULT_VEHTYPE" speed="12.90" pos="68.21" lane="1/2to1/1_0" slope="0.00"/>
        <vehicle id="12" x="401.65" y="495.84" angle="180.00" type="DEFAULT_VEHTYPE" speed="12.97" pos="91.09" lane="2/2to2/3_0" slope="0.00"/>
        <vehicle id="13" x="233.41" y="198.35" angle="90.00" type="DEFAULT_VEHTYPE" speed="13.86" pos="28.66" lane="1/1to2/1_0" slope="0.00"/>
        <vehicle id="14" x="384.96" y="398.35" angle="90.00" type="DEFAULT_VEHTYPE" speed="0.64" pos="180.21" lane="1/2to2/2_0" slope="0.00"/>
        <vehicle id="15" x="404.85" y="201.65" angle="-90.00" type="DEFAULT_VEHTYPE" speed="4.82" pos="190.40" lane="3/1to2/1_0" slope="0.00"/>
        <vehicle id="17" x="401.65" y="585.99" angle="180.00" type="DEFAULT_VEHTYPE" speed="6.00" pos="181.24" lane="2/2to2/3_0" slope="0.00"/>
        <vehicle id="18" x="401.65" y="740.48" angle="180.00" type="DEFAULT_VEHTYPE" speed="13.42" pos="135.73" lane="2/3to2/4_0" slope="0.00"/>
        <vehicle id="19" x="198.35" y="497.89" angle="0.00" type="DEFAULT_VEHTYPE" speed="12.73" pos="97.36" lane="1/3to1/2_0" slope="0.00"/>
        <vehicle id="20" x="398.35" y="148.23" angle="0.00" type="DEFAULT_VEHTYPE" speed="13.89" pos="47.02" lane="2/1to2/0_0" slope="0.00"/>
        <vehicle id="21" x="401.65" y="632.05" angle="180.00" type="DEFAULT_VEHTYPE" speed="11.62" pos="27.30" lane="2/3to2/4_0" slope="0.00"/>
        <vehicle id="22" x="398.35" y="74.73" angle="0.00" type="DEFAULT_VEHTYPE" speed="13.72" pos="120.52" lane="2/1to2/0_0" slope="0.00"/>
        <vehicle id="23" x="392.75" y="398.35" angle="90.00" type="DEFAULT_VEHTYPE" speed="0.00" pos="188.00" lane="1/2to2/2_0" slope="0.00"/>
        <vehicle id="24" x="201.65" y="327.48" angle="180.00" type="DEFAULT_VEHTYPE" speed="12.94" pos="122.73" lane="1/1to1/2_0" slope="0.00"/>
        <vehicle id="25" x="505.25" y="201.65" angle="-90.00" type="DEFAULT_VEHTYPE" speed="13.40" pos="90.00" lane="3/1to2/1_0" slope="0.00"/>
        <vehicle id="26" x="201.65" y="439.04" angle="180.00" type="DEFAULT_VEHTYPE" speed="13.69" pos="34.29" lane="1/2to1/3_0" slope="0.00"/>
        <vehicle id="27" x="198.35" y="212.29" angle="0.00" type="DEFAULT_VEHTYPE" speed="5.78" pos="182.96" lane="1/2to1/1_0" slope="0.00"/>
        <vehicle id="28" x="404.19" y="601.57" angle="-89.08" type="DEFAULT_VEHTYPE" speed="6.71" pos="0.57" lane=":2/3_6_0" slope="0.00"/>
        <vehicle id="29" x="574.55" y="201.65" angle="-90.00" type="DEFAULT_VEHTYPE" speed="11.79" pos="20.70" lane="3/1to2/1_0" slope="0.00"/>
        <vehicle id="3" x="254.29" y="201.65" angle="-90.00" type="DEFAULT_VEHTYPE" speed="12.88" pos="140.96" lane="2/1to1/1_0" slope="0.00"/>
        <vehicle id="30" x="192.75" y="198.35" angle="90.00" type="DEFAULT_VEHTYPE" speed="0.00" pos="192.75" lane="0/1to1/1_0" slope="0.00"/>
        <vehicle id="31" x="268.00" y="598.35" angle="90.00" type="DEFAULT_VEHTYPE" speed="13.72" pos="63.25" lane="1/3to2/3_0" slope="0.00"/>
        <vehicle id="32" x="398.35" y="399.22" angle="0.00" type="DEFAULT_VEHTYPE" speed="12.97" pos="5.53" lane=":2/2_1_0" slope="0.00"/>
        <vehicle id="33" x="219.27" y="601.65" angle="-90.00" type="DEFAULT_VEHTYPE" speed="8.66" pos="175.98" lane="2/3to1/3_0" slope="0.00"/>
        <vehicle id="34" x="598.35" y="423.72" angle="0.00" type="DEFAULT_VEHTYPE" speed="13.71" pos="171.53" lane="3/3to3/2_0" slope="0.00"/>
        <vehicle id="35" x="376.84" y="598.35" angle="90.00" type="DEFAULT_VEHTYPE" speed="11.88" pos="172.09" lane="1/3to2/3_0" slope="0.00"/>
        <vehicle id="36" x="201.65" y="151.04" angle="180.00" type="DEFAULT_VEHTYPE" speed="13.17" pos="151.04" lane="1/0to1/1_0" slope="0.00"/>
        <vehicle id="37" x="361.75" y="198.35" angle="90.00" type="DEFAULT_VEHTYPE" speed="12.74" pos="157.00" lane="1/1to2/1_0" slope="0.00"/>
        <vehicle id="38" x="201.65" y="109.59" angle="180.00" type="DEFAULT_VEHTYPE" speed="13.60" pos="109.59" lane="1/0to1/1_0" slope="0.00"/>
        <vehicle id="4" x="198.35" y="423.45" angle="0.00" type="DEFAULT_VEHTYPE" speed="12.88" pos="171.80" lane="1/3to1/2_0" slope="0.00"/>
        <vehicle id="40" x="548.55" y="601.65" angle="-90.00" type="DEFAULT_VEHTYPE" speed="13.47" pos="46.70" lane="3/3to2/3_0" slope="0.00"/>
        <vehicle id="41" x="185.25" y="198.35" angle="90.00" type="DEFAULT_VEHTYPE" speed="0.00" pos="185.25" lane="0/1to1/1_0" slope="0.00"/>
        <vehicle id="42" x="198.35" y="572.42" angle="0.00" type="DEFAULT_VEHTYPE" speed="11.23" pos="22.83" lane="1/3to1/2_0" slope="0.00"/>
        <vehicle id="43" x="428.43" y="598.35" angle="90.00" type="DEFAULT_VEHTYPE" speed="11.29" pos="23.68" lane="2/3to3/3_0" slope="0.00"/>
        <vehicle id="44" x="201.65" y="269.45" angle="180.00" type="DEFAULT_VEHTYPE" speed="13.29" pos="64.70" lane="1/1to1/2_0" slope="0.00"/>
        <vehicle id="45" x="367.51" y="398.35" angle="90.00" type="DEFAULT_VEHTYPE" speed="8.17" pos="162.76" lane="1/2to2/2_0" slope="0.00"/>
        <vehicle id="46" x="201.65" y="386.07" angle="180.00" type="DEFAULT_VEHTYPE" speed="5.89" pos="181.32" lane="1/1to1/2_0" slope="0.00"/>
        <vehicle id="47" x="401.65" y="436.11" angle="180.00" type="DEFAULT_VEHTYPE" speed="13.69" pos="31.36" lane="2/2to2/3_0" slope="0.00"/>
        <vehicle id="48" x="198.88" y="-0.81" angle="6.29" type="DEFAULT_VEHTYPE" speed="12.69" pos="0.97" lane=":1/0_0_0" slope="0.00"/>
        <vehicle id="49" x="332.62" y="398.35" angle="90.00" type="DEFAULT_VEHTYPE" speed="13.85" pos="127.87" lane="1/2to2/2_0" slope="0.00"/>
        <vehicle id="5" x="201.65" y="554.29" angle="180.00" type="DEFAULT_VEHTYPE" speed="13.44" pos="149.54" lane="1/2to1/3_0" slope="0.00"/>
        <vehicle id="6" x="323.30" y="601.65" angle="-90.00" type="DEFAULT_VEHTYPE" speed="13.26" pos="71.95" lane="2/3to1/3_0" slope="0.00"/>
        <vehicle id="7" x="289.93" y="401.65" angle="-90.00" type="DEFAULT_VEHTYPE" speed="13.86" pos="105.32" lane="2/2to1/2_0" slope="0.00"/>
        <vehicle id="8" x="325.48" y="598.35" angle="90.00" type="DEFAULT_VEHTYPE" speed="13.37" pos="120.73" lane="1/3to2/3_0" slope="0.00"/>
        <vehicle id="9" x="601.65" y="539.49" angle="180.00" type="DEFAULT_VEHTYPE" speed="13.07" pos="134.74" lane="3/2to3/3_0" slope="0.00"/>
    </timestep>
    <timestep time="68.00">
        <vehicle id="0" x="401.65" y="616.81" angle="180.00" type="DEFAULT_VEHTYPE" speed="11.40" pos="12.06" lane="2/3to2/4_0" slope="0.00"/>
        <vehicle id="1" x="394.32" y="198.35" angle="90.00" type="DEFAULT_VEHTYPE" speed="4.94" pos="189.57" lane="1/1to2/1_0" slope="0.00"/>
        <vehicle id="10" x="201.65" y="94.10" angle="180.00" type="DEFAULT_VEHTYPE" speed="13.45" pos="94.10" lane="1/0to1/1_0" slope="0.00"/>
        <vehicle id="11" x="198.35" y="313.90" angle="0.00" type="DEFAULT_VEHTYPE" speed="13.14" pos="81.35" lane="1/2to1/1_0" slope="0.00"/>
        <vehicle id="12" x="401.65" y="509.15" angle="180.00" type="DEFAULT_VEHTYPE" speed="13.32" pos="104.40" lane="2/2to2/3_0" slope="0.00"/>
        <vehicle id="13" x="246.43" y="198.35" angle="90.00" type="DEFAULT_VEHTYPE" speed="13.02" pos="41.68" lane="1/1to2/1_0" slope="0.00"/>
        <vehicle id="14" x="385.16" y="398.35" angle="90.00" type="DEFAULT_VEHTYPE" speed="0.19" pos="180.41" lane="1/2to2/2_0" slope="0.00"/>
        <vehicle id="15" x="401.65" y="206.15" angle="-158.25" type="DEFAULT_VEHTYPE" speed="6.51" pos="1.40" lane="2/1to2/2_0" slope="0.00"/>
        <vehicle id="17" x="401.65" y="589.61" angle="180.00" type="DEFAULT_VEHTYPE" speed="3.62" pos="184.86" lane="2/2to2/3_0" slope="0.00"/>
        <vehicle id="18" x="401.65" y="753.86" angle="180.00" type="DEFAULT_VEHTYPE" speed="13.38" pos="149.11" lane="2/3to2/4_0" slope="0.00"/>
        <vehicle id="19" x="198.35" y="484.12" angle="0.00" type="DEFAULT_VEHTYPE" speed="13.77" pos="111.13" lane="1/3to1/2_0" slope="0.00"/>
        <vehicle id="20" x="398.35" y="134.62" angle="0.00" type="DEFAULT_VEHTYPE" speed="13.61" pos="60.63" lane="2/1to2/0_0" slope="0.00"/>
        <vehicle id="21" x="401.65" y="644.79" angle="180.00" type="DEFAULT_VEHTYPE" speed="12.74" pos="40.04" lane="2/3to2/4_0" slope="0.00"/>
        <vehicle id="22" x="398.35" y="61.53" angle="0.00" type="DEFAULT_VEHTYPE" speed="13.19" pos="133.72" lane="2/1to2/0_0" slope="0.00"/>
        <vehicle id="23" x="395.14" y="398.35" angle="90.00" type="DEFAULT_VEHTYPE" speed="2.39" pos="190.39" lane="1/2to2/2_0" slope="0.00"/>
        <vehicle id="24" x="201.65" y="341.27" angle="180.00" type="DEFAULT_VEHTYPE" speed="13.79" pos="136.52" lane="1/1to1/2_0" slope="0.00"/>
        <vehicle id="25" x="491.42" y="201.65" angle="-90.00" type="DEFAULT_VEHTYPE" speed="13.83" pos="103.83" lane="3/1to2/1_0" slope="0.00"/>
        <vehicle id="26" x="201.65" y="452.36" angle="180.00" type="DEFAULT_VEHTYPE" speed="13.33" pos="47.61" lane="1/2to1/3_0" slope="0.00"/>
        <vehicle id="27" x="198.35" y="209.10" angle="0.00" type="DEFAULT_VEHTYPE" speed="3.19" pos="186.15" lane="1/2to1/1_0" slope="0.00"/>
        <vehicle id="28" x="398.54" y="596.57" angle="-30.66" type="DEFAULT_VEHTYPE" speed="8.42" pos="8.98" lane=":2/3_6_0" slope="0.00"/>
        <vehicle id="29" x="560.95" y="201.65" angle="-90.00" type="DEFAULT_VEHTYPE" speed="13.60" pos="34.30" lane="3/1to2/1_0" slope="0.00"/>
        <vehicle id="3" x="241.06" y="201.65" angle="-90.00" type="DEFAULT_VEHTYPE" speed="13.23" pos="154.19" lane="2/1to1/1_0" slope="0.00"/>
        <vehicle id="30" x="192.75" y="198.35" angle="90.00" type="DEFAULT_VEHTYPE" speed="0.00" pos="192.75" lane="0/1to1/1_0" slope="0.00"/>
        <vehicle id="31" x="281.48" y="598.35" angle="90.00" type="DEFAULT_VEHTYPE" speed="13.48" pos="76.73" lane="1/3to2/3_0" slope="0.00"/>
        <vehicle id="32" x="398.35" y="386.36" angle="0.00" type="DEFAULT_VEHTYPE" speed="12.85" pos="8.89" lane="2/2to2/1_0" slope="0.00"/>
        <vehicle id="33" x="213.28" y="601.65" angle="-90.00" type="DEFAULT_VEHTYPE" speed="5.99" pos="181.97" lane="2/3to1/3_0" slope="0.00"/>
        <vehicle id="34" x="598.35" y="409.92" angle="0.00" type="DEFAULT_VEHTYPE" speed="13.80" pos="185.33" lane="3/3to3/2_0" slope="0.00"/>
        <vehicle id="35" x="384.21" y="598.35" angle="90.00" type="DEFAULT_VEHTYPE" speed="7.38" pos="179.46" lane="1/3to2/3_0" slope="0.00"/>
        <vehicle id="36" x="201.65" y="164.45" angle="180.00" type="DEFAULT_VEHTYPE" speed="13.41" pos="164.45" lane="1/0to1/1_0" slope="0.00"/>
        <vehicle id="37" x="371.08" y="198.35" angle="90.00" type="DEFAULT_VEHTYPE" speed="9.33" pos="166.33" lane="1/1to2/1_0" slope="0.00"/>
        <vehicle id="38" x="201.65" y="122.97" angle="180.00" type="DEFAULT_VEHTYPE" speed="13.38" pos="122.97" lane="1/0to1/1_0" slope="0.00"/>
        <vehicle id="4" x="198.35" y="410.27" angle="0.00" type="DEFAULT_VEHTYPE" speed="13.18" pos="184.98" lane="1/3to1/2_0" slope="0.00"/>
        <vehicle id="40" x="535.28" y="601.65" angle="-90.00" type="DEFAULT_VEHTYPE" speed="13.27" pos="59.97" lane="3/3to2/3_0" slope="0.00"/>
        <vehicle id="41" x="185.25" y="198.35" angle="90.00" type="DEFAULT_VEHTYPE" speed="0.00" pos="185.25" lane="0/1to1/1_0" slope="0.00"/>
        <vehicle id="42" x="198.35" y="559.05" angle="0.00" type="DEFAULT_VEHTYPE" speed="13.36" pos="36.20" lane="1/3to1/2_0" slope="0.00"/>
        <vehicle id="43" x="441.47" y="598.35" angle="90.00" type="DEFAULT_VEHTYPE" speed="13.05" pos="36.72" lane="2/3to3/3_0" slope="0.00"/>
        <vehicle id="44" x="201.65" y="282.67" angle="180.00" type="DEFAULT_VEHTYPE" speed="13.21" pos="77.92" lane="1/1to1/2_0" slope="0.00"/>
        <vehicle id="45" x="372.74" y="398.35" angle="90.00" type="DEFAULT_VEHTYPE" speed="5.23" pos="167.99" lane="1/2to2/2_0" slope="0.00"/>
        <vehicle id="46" x="201.65" y="389.57" angle="180.00" type="DEFAULT_VEHTYPE" speed="3.50" pos="184.82" lane="1/1to1/2_0" slope="0.00"/>
        <vehicle id="47" x="401.65" y="449.67" angle="180.00" type="DEFAULT_VEHTYPE" speed="13.56" pos="44.92" lane="2/2to2/3_0" slope="0.00"/>
        <vehicle id="48" x="201.65" y="9.11" angle="180.00" type="DEFAULT_VEHTYPE" speed="12.96" pos="9.11" lane="1/0to1/1_0" slope="0.00"/>
        <vehicle id="49" x="345.49" y="398.35" angle="90.00" type="DEFAULT_VEHTYPE" speed="12.88" pos="140.74" lane="1/2to2/2_0" slope="0.00"/>
        <vehicle id="5" x="201.65" y="567.80" angle="180.00" type="DEFAULT_VEHTYPE" speed="13.50" pos="163.05" lane="1/2to1/3_0" slope="0.00"/>
        <vehicle id="6" x="310.62" y="601.65" angle="-90.00" type="DEFAULT_VEHTYPE" speed="12.68" pos="84.63" lane="2/3to1/3_0" slope="0.00"/>
        <vehicle id="7" x="277.13" y="401.65" angle="-90.00" type="DEFAULT_VEHTYPE" speed="12.80" pos="118.12" lane="2/2to1/2_0" slope="0.00"/>
        <vehicle id="8" x="338.59" y="598.35" angle="90.00" type="DEFAULT_VEHTYPE" speed="13.11" pos="133.84" lane="1/3to2/3_0" slope="0.00"/>
        <vehicle id="9" x="601.65" y="553.12" angle="180.00" type="DEFAULT_VEHTYPE" speed="13.63" pos="148.37" lane="3/2to3/3_0" slope="0.00"/>
    </timestep>
    <timestep time="69.00">
        <vehicle id="0" x="401.65" y="629.95" angle="180.00" type="DEFAULT_VEHTYPE" speed="13.14" pos="25.20" lane="2/3to2/4_0" slope="0.00"/>
        <vehicle id="1" x="400.84" y="198.35" angle="90.00" type="DEFAULT_VEHTYPE" speed="6.51" pos="5.59" lane=":2/1_13_0" slope="0.00"/>
        <vehicle id="10" x="201.65" y="107.93" angle="180.00" type="DEFAULT_VEHTYPE" speed="13.83" pos="107.93" lane="1/0to1/1_0" slope="0.00"/>
        <vehicle id="11" x="198.35" y="300.42" angle="0.00" type="DEFAULT_VEHTYPE" speed="13.47" pos="94.83" lane="1/2to1/1_0" slope="0.00"/>
        <vehicle id="12" x="401.65" y="521.97" angle="180.00" type="DEFAULT_VEHTYPE" speed="12.82" pos="117.22" lane="2/2to2/3_0" slope="0.00"/>
        <vehicle id="13" x="259.64" y="198.35" angle="90.00" type="DEFAULT_VEHTYPE" speed="13.20" pos="54.89" lane="1/1to2/1_0" slope="0.00"/>
        <vehicle id="14" x="387.00" y="398.35" angle="90.00" type="DEFAULT_VEHTYPE" speed="1.84" pos="182.25" lane="1/2to2/2_0" slope="0.00"/>
        <vehicle id="15" x="401.65" y="214.81" angle="180.00" type="DEFAULT_VEHTYPE" speed="8.66" pos="10.06" lane="2/1to2/2_0" slope="0.00"/>
        <vehicle id="17" x="401.65" y="593.07" angle="180.00" type="DEFAULT_VEHTYPE" speed="3.46" pos="188.32" lane="2/2to2/3_0" slope="0.00"/>
        <vehicle id="18" x="401.65" y="767.48" angle="180.00" type="DEFAULT_VEHTYPE" speed="13.62" pos="162.73" lane="2/3to2/4_0" slope="0.00"/>
        <vehicle id="19" x="198.35" y="471.48" angle="0.00" type="DEFAULT_VEHTYPE" speed="12.64" pos="123.77" lane="1/3to1/2_0" slope="0.00"/>
        <vehicle id="20" x="398.35" y="121.56" angle="0.00" type="DEFAULT_VEHTYPE" speed="13.06" pos="73.69" lane="2/1to2/0_0" slope="0.00"/>
        <vehicle id="21" x="401.65" y="658.04" angle="180.00" type="DEFAULT_VEHTYPE" speed="13.25" pos="53.29" lane="2/3to2/4_0" slope="0.00"/>
        <vehicle id="22" x="398.35" y="48.45" angle="0.00" type="DEFAULT_VEHTYPE" speed="13.08" pos="146.80" lane="2/1to2/0_0" slope="0.00"/>
        <vehicle id="23" x="400.12" y="398.35" angle="90.00" type="DEFAULT_VEHTYPE" speed="4.98" pos="4.87" lane=":2/2_13_0" slope="0.00"/>
        <vehicle id="24" x="201.65" y="353.89" angle="180.00" type="DEFAULT_VEHTYPE" speed="12.61" pos="149.14" lane="1/1to1/2_0" slope="0.00"/>
        <vehicle id="25" x="478.78" y="201.65" angle="-90.00" type="DEFAULT_VEHTYPE" speed="12.64" pos="116.47" lane="3/1to2/1_0" slope="0.00"/>
        <vehicle id="26" x="201.65" y="465.83" angle="180.00" type="DEFAULT_VEHTYPE" speed="13.47" pos="61.08" lane="1/2to1/3_0" slope="0.00"/>
        <vehicle id="27" x="198.52" y="203.58" angle="1.92" type="DEFAULT_VEHTYPE" speed="5.53" pos="1.18" lane=":1/1_2_0" slope="0.00"/>
        <vehicle id="28" x="398.35" y="586.49" angle="0.00" type="DEFAULT_VEHTYPE" speed="10.09" pos="8.76" lane="2/3to2/2_0" slope="0.00"/>
        <vehicle id="29" x="547.38" y="201.65" angle="-90.00" type="DEFAULT_VEHTYPE" speed="13.57" pos="47.87" lane="3/1to2/1_0" slope="0.00"/>
        <vehicle id="3" x="228.41" y="201.65" angle="-90.00" type="DEFAULT_VEHTYPE" speed="12.65" pos="166.84" lane="2/1to1/1_0" slope="0.00"/>
        <vehicle id="30" x="192.75" y="198.35" angle="90.00" type="DEFAULT_VEHTYPE" speed="0.00" pos="192.75" lane="0/1to1/1_0" slope="0.00"/>
        <vehicle id="31" x="294.19" y="598.35" angle="90.00" type="DEFAULT_VEHTYPE" speed="12.71" pos="89.44" lane="1/3to2/3_0" slope="0.00"/>
        <vehicle id="32" x="398.35" y="373.09" angle="0.00" type="DEFAULT_VEHTYPE" speed="13.28" pos="22.16" lane="2/2to2/1_0" slope="0.00"/>
        <vehicle id="33" x="209.30" y="601.65" angle="-90.00" type="DEFAULT_VEHTYPE" speed="3.98" pos="185.95" lane="2/3to1/3_0" slope="0.00"/>
        <vehicle id="34" x="598.35" y="397.11" angle="0.00" type="DEFAULT_VEHTYPE" speed="12.81" pos="7.64" lane=":3/2_1_0" slope="0.00"/>
        <vehicle id="35" x="388.39" y="598.35" angle="90.00" type="DEFAULT_VEHTYPE" speed="4.18" pos="183.64" lane="1/3to2/3_0" slope="0.00"/>
        <vehicle id="36" x="201.65" y="177.09" angle="180.00" type="DEFAULT_VEHTYPE" speed="12.64" pos="177.09" lane="1/0to1/1_0" slope="0.00"/>
        <vehicle id="37" x="379.72" y="198.35" angle="90.00" type="DEFAULT_VEHTYPE" speed="8.64" pos="174.97" lane="1/1to2/1_0" slope="0.00"/>
        <vehicle id="38" x="201.65" y="136.30" angle="180.00" type="DEFAULT_VEHTYPE" speed="13.33" pos="136.30" lane="1/0to1/1_0" slope="0.00"/>
        <vehicle id="4" x="198.35" y="396.98" angle="0.00" type="DEFAULT_VEHTYPE" speed="13.29" pos="7.77" lane=":1/2_1_0" slope="0.00"/>
        <vehicle id="40" x="522.04" y="601.65" angle="-90.00" type="DEFAULT_VEHTYPE" speed="13.24" pos="73.21" lane="3/3to2/3_0" slope="0.00"/>
        <vehicle id="41" x="185.25" y="198.35" angle="90.00" type="DEFAULT_VEHTYPE" speed="0.00" pos="185.25" lane="0/1to1/1_0" slope="0.00"/>
        <vehicle id="42" x="198.35" y="546.35" angle="0.00" type="DEFAULT_VEHTYPE" speed="12.70" pos="48.90" lane="1/3to1/2_0" slope="0.00"/>
        <vehicle id="43" x="454.72" y="598.35" angle="90.00" type="DEFAULT_VEHTYPE" speed="13.25" pos="49.97" lane="2/3to3/3_0" slope="0.00"/>
        <vehicle id="44" x="201.65" y="296.24" angle="180.00" type="DEFAULT_VEHTYPE" speed="13.57" pos="91.49" lane="1/1to1/2_0" slope="0.00"/>
        <vehicle id="45" x="375.13" y="398.35" angle="90.00" type="DEFAULT_VEHTYPE" speed="2.39" pos="170.38" lane="1/2to2/2_0" slope="0.00"/>
        <vehicle id="46" x="201.65" y="393.72" angle="180.00" type="DEFAULT_VEHTYPE" speed="4.15" pos="188.97" lane="1/1to1/2_0" slope="0.00"/>
        <vehicle id="47" x="401.65" y="463.53" angle="180.00" type="DEFAULT_VEHTYPE" speed="13.86" pos="58.78" lane="2/2to2/3_0" slope="0.00"/>
        <vehicle id="48" x="201.65" y="21.82" angle="180.00" type="DEFAULT_VEHTYPE" speed="12.71" pos="21.82" lane="1/0to1/1_0" slope="0.00"/>
        <vehicle id="49" x="356.72" y="398.35" angle="90.00" type="DEFAULT_VEHTYPE" speed="11.23" pos="151.97" lane="1/2to2/2_0" slope="0.00"/>
        <vehicle id="5" x="201.65" y="581.26" angle="180.00" type="DEFAULT_VEHTYPE" speed="13.46" pos="176.51" lane="1/2to1/3_0" slope="0.00"/>
        <vehicle id="6" x="297.29" y="601.65" angle="-90.00" type="DEFAULT_VEHTYPE" speed="13.32" pos="97.96" lane="2/3to1/3_0" slope="0.00"/>
        <vehicle id="7" x="264.12" y="401.65" angle="-90.00" type="DEFAULT_VEHTYPE" speed="13.01" pos="131.13" lane="2/2to1/2_0" slope="0.00"/>
        <vehicle id="8" x="351.83" y="598.35" angle="90.00" type="DEFAULT_VEHTYPE" speed="13.24" pos="147.08" lane="1/3to2/3_0" slope="0.00"/>
        <vehicle id="9" x="601.65" y="566.47" angle="180.00" type="DEFAULT_VEHTYPE" speed="13.35" pos="161.72" lane="3/2to3/3_0" slope="0.00"/>
    </timestep>
    <timestep time="70.00">
        <vehicle id="0" x="401.65" y="642.84" angle="180.00" type="DEFAULT_VEHTYPE" speed="12.89" pos="38.09" lane="2/3to2/4_0" slope="0.00"/>
        <vehicle id="1" x="409.91" y="198.35" angle="90.00" type="DEFAULT_VEHTYPE" speed="9.07" pos="5.16" lane="2/1to3/1_0" slope="0.00"/>
        <vehicle id="10" x="201.65" y="120.68" angle="180.00" type="DEFAULT_VEHTYPE" speed="12.75" pos="120.68" lane="1/0to1/1_0" slope="0.00"/>
        <vehicle id="11" x="198.35" y="287.44" angle="0.00" type="DEFAULT_VEHTYPE" speed="12.99" pos="107.81" lane="1/2to1/1_0" slope="0.00"/>
        <vehicle id="12" x="401.65" y="534.81" angle="180.00" type="DEFAULT_VEHTYPE" speed="12.83" pos="130.06" lane="2/2to2/3_0" slope="0.00"/>
        <vehicle id="13" x="272.48" y="198.35" angle="90.00" type="DEFAULT_VEHTYPE" speed="12.84" pos="67.73" lane="1/1to2/1_0" slope="0.00"/>
        <vehicle id="14" x="390.79" y="398.35" angle="90.00" type="DEFAULT_VEHTYPE" speed="3.79" pos="186.04" lane="1/2to2/2_0" slope="0.00"/>
        <vehicle id="15" x="401.65" y="225.16" angle="180.00" type="DEFAULT_VEHTYPE" speed="10.35" pos="20.41" lane="2/1to2/2_0" slope="0.00"/>
        <vehicle id="17" x="399.48" y="596.64" angle="-147.36" type="DEFAULT_VEHTYPE" speed="5.17" pos="0.58" lane=":2/3_19_0" slope="0.00"/>
        <vehicle id="18" x="401.65" y="780.38" angle="180.00" type="DEFAULT_VEHTYPE" speed="12.90" pos="175.63" lane="2/3to2/4_0" slope="0.00"/>
        <vehicle id="19" x="198.35" y="458.19" angle="0.00" type="DEFAULT_VEHTYPE" speed="13.28" pos="137.06" lane="1/3to1/2_0" slope="0.00"/>
        <vehicle id="20" x="398.35" y="107.93" angle="0.00" type="DEFAULT_VEHTYPE" speed="13.62" pos="87.32" lane="2/1to2/0_0" slope="0.00"/>
        <vehicle id="21" x="401.65" y="671.84" angle="180.00" type="DEFAULT_VEHTYPE" speed="13.81" pos="67.09" lane="2/3to2/4_0" slope="0.00"/>
        <vehicle id="22" x="398.35" y="34.66" angle="0.00" type="DEFAULT_VEHTYPE" speed="13.79" pos="160.59" lane="2/1to2/0_0" slope="0.00"/>
        <vehicle id="23" x="406.49" y="398.35" angle="90.00" type="DEFAULT_VEHTYPE" speed="6.37" pos="1.74" lane="2/2to3/2_0" slope="0.00"/>
        <vehicle id="24" x="201.65" y="366.84" angle="180.00" type="DEFAULT_VEHTYPE" speed="12.95" pos="162.09" lane="1/1to1/2_0" slope="0.00"/>
        <vehicle id="25" x="464.91" y="201.65" angle="-90.00" type="DEFAULT_VEHTYPE" speed="13.87" pos="130.34" lane="3/1to2/1_0" slope="0.00"/>
        <vehicle id="26" x="201.65" y="478.43" angle="180.00" type="DEFAULT_VEHTYPE" speed="12.60" pos="73.68" lane="1/2to1/3_0" slope="0.00"/>
        <vehicle id="27" x="198.88" y="201.73" angle="6.15" type="DEFAULT_VEHTYPE" speed="1.90" pos="3.08" lane=":1/1_2_0" slope="0.00"/>
        <vehicle id="28" x="398.35" y="574.59" angle="0.00" type="DEFAULT_VEHTYPE" speed="11.90" pos="20.66" lane="2/3to2/2_0" slope="0.00"/>
        <vehicle id="29" x="533.53" y="201.65" angle="-90.00" type="DEFAULT_VEHTYPE" speed="13.85" pos="61.72" lane="3/1to2/1_0" slope="0.00"/>
        <vehicle id="3" x="218.55" y="201.65" angle="-90.00" type="DEFAULT_VEHTYPE" speed="9.86" pos="176.70" lane="2/1to1/1_0" slope="0.00"/>
        <vehicle id="30" x="192.75" y="198.35" angle="90.00" type="DEFAULT_VEHTYPE" speed="0.00" pos="192.75" lane="0/1to1/1_0" slope="0.00"/>
        <vehicle id="31" x="307.04" y="598.35" angle="90.00" type="DEFAULT_VEHTYPE" speed="12.85" pos="102.29" lane="1/3to2/3_0" slope="0.00"/>
        <vehicle id="32" x="398.35" y="359.33" angle="0.00" type="DEFAULT_VEHTYPE" speed="13.76" pos="35.92" lane="2/2to2/1_0" slope="0.00"/>
        <vehicle id="33" x="203.13" y="601.42" angle="-87.34" type="DEFAULT_VEHTYPE" speed="6.19" pos="1.63" lane=":1/3_6_0" slope="0.00"/>
        <vehicle id="34" x="598.35" y="383.60" angle="0.00" type="DEFAULT_VEHTYPE" speed="13.51" pos="11.65" lane="3/2to3/1_0" slope="0.00"/>
        <vehicle id="35" x="393.97" y="598.35" angle="90.00" type="DEFAULT_VEHTYPE" speed="5.57" pos="189.22" lane="1/3to2/3_0" slope="0.00"/>
        <vehicle id="36" x="201.65" y="190.63" angle="180.00" type="DEFAULT_VEHTYPE" speed="13.54" pos="190.63" lane="1/0to1/1_0" slope="0.00"/>
        <vehicle id="37" x="386.70" y="198.35" angle="90.00" type="DEFAULT_VEHTYPE" speed="6.98" pos="181.95" lane="1/1to2/1_0" slope="0.00"/>
        <vehicle id="38" x="201.65" y="149.02" angle="180.00" type="DEFAULT_VEHTYPE" speed="12.72" pos="149.02" lane="1/0to1/1_0" slope="0.00"/>
        <vehicle id="4" x="198.35" y="384.11" angle="0.00" type="DEFAULT_VEHTYPE" speed="12.87" pos="11.14" lane="1/2to1/1_0" slope="0.00"/>
        <vehicle id="40" x="509.23" y="601.65" angle="-90.00" type="DEFAULT_VEHTYPE" speed="12.81" pos="86.02" lane="3/3to2/3_0" slope="0.00"/>
        <vehicle id="41" x="185.25" y="198.35" angle="90.00" type="DEFAULT_VEHTYPE" speed="0.00" pos="185.25" lane="0/1to1/1_0" slope="0.00"/>
        <vehicle id="42" x="198.35" y="533.06" angle="0.00" type="DEFAULT_VEHTYPE" speed="13.29" pos="62.19" lane="1/3to1/2_0" slope="0.00"/>
        <vehicle id="43" x="468.03" y="598.35" angle="90.00" type="DEFAULT_VEHTYPE" speed="13.31" pos="63.28" lane="2/3to3/3_0" slope="0.00"/>
        <vehicle id="44" x="201.65" y="309.82" angle="180.00" type="DEFAULT_VEHTYPE" speed="13.58" pos="105.07" lane="1/1to1/2_0" slope="0.00"/>
        <vehicle id="45" x="377.79" y="398.35" angle="90.00" type="DEFAULT_VEHTYPE" speed="2.66" pos="173.04" lane="1/2to2/2_0" slope="0.00"/>
        <vehicle id="46" x="201.55" y="395.40" angle="-178.89" type="DEFAULT_VEHTYPE" speed="1.71" pos="0.17" lane=":1/2_11_0" slope="0.00"/>
        <vehicle id="47" x="401.65" y="476.85" angle="180.00" type="DEFAULT_VEHTYPE" speed="13.31" pos="72.10" lane="2/2to2/3_0" slope="0.00"/>
        <vehicle id="48" x="201.65" y="34.65" angle="180.00" type="DEFAULT_VEHTYPE" speed="12.82" pos="34.65" lane="1/0to1/1_0" slope="0.00"/>
        <vehicle id="49" x="363.45" y="398.35" angle="90.00" type="DEFAULT_VEHTYPE" speed="6.73" pos="158.70" lane="1/2to2/2_0" slope="0.00"/>
        <vehicle id="5" x="201.65" y="594.22" angle="180.00" type="DEFAULT_VEHTYPE" speed="12.96" pos="189.47" lane="1/2to1/3_0" slope="0.00"/>
        <vehicle id="6" x="284.47" y="601.65" angle="-90.00" type="DEFAULT_VEHTYPE" speed="12.83" pos="110.78" lane="2/3to1/3_0" slope="0.00"/>
        <vehicle id="7" x="250.45" y="401.65" angle="-90.00" type="DEFAULT_VEHTYPE" speed="13.67" pos="144.80" lane="2/2to1/2_0" slope="0.00"/>
        <vehicle id="8" x="362.93" y="598.35" angle="90.00" type="DEFAULT_VEHTYPE" speed="11.10" pos="158.18" lane="1/3to2/3_0" slope="0.00"/>
        <vehicle id="9" x="601.65" y="579.17" angle="180.00" type="DEFAULT_VEHTYPE" speed="12.70" pos="174.42" lane="3/2to3/3_0" slope="0.00"/>
    </timestep>
    <timestep time="71.00">
        <vehicle id="0" x="401.65" y="656.00" angle="180.00" type="DEFAULT_VEHTYPE" speed="13.16" pos="51.25" lane="2/3to2/4_0" slope="0.00"/>
        <vehicle id="1" x="421.11" y="198.35" angle="90.00" type="DEFAULT_VEHTYPE" speed="11.20" pos="16.36" lane="2/1to3/1_0" slope="0.00"/>
        <vehicle id="10" x="201.65" y="134.49" angle="180.00" type="DEFAULT_VEHTYPE" speed="13.80" pos="134.49" lane="1/0to1/1_0" slope="0.00"/>
        <vehicle id="11" x="198.35" y="274.41" angle="0.00" type="DEFAULT_VEHTYPE" speed="13.03" pos="120.84" lane="1/2to1/1_0" slope="0.00"/>
        <vehicle id="12" x="401.65" y="547.75" angle="180.00" type="DEFAULT_VEHTYPE" speed="12.95" pos="143.00" lane="2/2to2/3_0" slope="0.00"/>
        <vehicle id="13" x="286.26" y="198.35" angle="90.00" type="DEFAULT_VEHTYPE" speed="13.79" pos="81.51" lane="1/1to2/1_0" slope="0.00"/>
        <vehicle id="14" x="395.97" y="398.35" angle="90.00" type="DEFAULT_VEHTYPE" speed="5.18" pos="0.72" lane=":2/2_13_0" slope="0.00"/>
        <vehicle id="15" x="401.65" y="237.57" angle="180.00" type="DEFAULT_VEHTYPE" speed="12.41" pos="32.82" lane="2/1to2/2_0" slope="0.00"/>
        <vehicle id="17" x="398.35" y="589.39" angle="0.00" type="DEFAULT_VEHTYPE" speed="7.69" pos="5.86" lane="2/3to2/2_0" slope="0.00"/>
        <vehicle id="18" x="401.65" y="793.38" angle="180.00" type="DEFAULT_VEHTYPE" speed="13.00" pos="188.63" lane="2/3to2/4_0" slope="0.00"/>
        <vehicle id="19" x="198.35" y="444.99" angle="0.00" type="DEFAULT_VEHTYPE" speed="13.21" pos="150.26" lane="1/3to1/2_0" slope="0.00"/>
        <vehicle id="20" x="398.35" y="94.58" angle="0.00" type="DEFAULT_VEHTYPE" speed="13.36" pos="100.67" lane="2/1to2/0_0" slope="0.00"/>
        <vehicle id="21" x="401.65" y="685.19" angle="180.00" type="DEFAULT_VEHTYPE" speed="13.35" pos="80.44" lane="2/3to2/4_0" slope="0.00"/>
        <vehicle id="22" x="398.35" y="21.35" angle="0.00" type="DEFAULT_VEHTYPE" speed="13.31" pos="173.90" lane="2/1to2/0_0" slope="0.00"/>
        <vehicle id="23" x="414.21" y="398.35" angle="90.00" type="DEFAULT_VEHTYPE" speed="7.72" pos="9.46" lane="2/2to3/2_0" slope="0.00"/>
        <vehicle id="24" x="201.65" y="375.68" angle="180.00" type="DEFAULT_VEHTYPE" speed="8.84" pos="170.93" lane="1/1to1/2_0" slope="0.00"/>
        <vehicle id="25" x="452.11" y="201.65" angle="-90.00" type="DEFAULT_VEHTYPE" speed="12.80" pos="143.14" lane="3/1to2/1_0" slope="0.00"/>
        <vehicle id="26" x="201.65" y="492.16" angle="180.00" type="DEFAULT_VEHTYPE" speed="13.73" pos="87.41" lane="1/2to1/3_0" slope="0.00"/>
        <vehicle id="27" x="199.51" y="200.68" angle="13.71" type="DEFAULT_VEHTYPE" speed="1.22" pos="4.31" lane=":1/1_2_0" slope="0.00"/>
        <vehicle id="28" x="398.35" y="561.19" angle="0.00" type="DEFAULT_VEHTYPE" speed="13.40" pos="34.06" lane="2/3to2/2_0" slope="0.00"/>
        <vehicle id="29" x="520.88" y="201.65" angle="-90.00" type="DEFAULT_VEHTYPE" speed="12.65" pos="74.37" lane="3/1to2/1_0" slope="0.00"/>
        <vehicle id="3" x="212.06" y="201.65" angle="-90.00" type="DEFAULT_VEHTYPE" speed="6.49" pos="183.19" lane="2/1to1/1_0" slope="0.00"/>
        <vehicle id="30" x="192.75" y="198.35" angle="90.00" type="DEFAULT_VEHTYPE" speed="0.00" pos="192.75" lane="0/1to1/1_0" slope="0.00"/>
        <vehicle id="31" x="320.42" y="598.35" angle="90.00" type="DEFAULT_VEHTYPE" speed="13.38" pos="115.67" lane="1/3to2/3_0" slope="0.00"/>
        <vehicle id="32" x="398.35" y="346.04" angle="0.00" type="DEFAULT_VEHTYPE" speed="13.29" pos="49.21" lane="2/2to2/1_0" slope="0.00"/>
        <vehicle id="33" x="198.45" y="595.95" angle="-24.19" type="DEFAULT_VEHTYPE" speed="7.98" pos="9.61" lane=":1/3_6_0" slope="0.00"/>
        <vehicle id="34" x="598.35" y="370.52" angle="0.00" type="DEFAULT_VEHTYPE" speed="13.08" pos="24.73" lane="3/2to3/1_0" slope="0.00"/>
        <vehicle id="35" x="400.67" y="600.98" angle="120.91" type="DEFAULT_VEHTYPE" speed="7.65" pos="6.36" lane=":2/3_14_0" slope="0.00"/>
        <vehicle id="36" x="201.65" y="203.39" angle="180.00" type="DEFAULT_VEHTYPE" speed="12.76" pos="8.14" lane=":1/1_9_0" slope="0.00"/>
        <vehicle id="37" x="390.75" y="198.35" angle="90.00" type="DEFAULT_VEHTYPE" speed="4.05" pos="186.00" lane="1/1to2/1_0" slope="0.00"/>
        <vehicle id="38" x="201.65" y="161.98" angle="180.00" type="DEFAULT_VEHTYPE" speed="12.97" pos="161.98" lane="1/0to1/1_0" slope="0.00"/>
        <vehicle id="4" x="198.35" y="370.41" angle="0.00" type="DEFAULT_VEHTYPE" speed="13.70" pos="24.84" lane="1/2to1/1_0" slope="0.00"/>
        <vehicle id="40" x="496.30" y="601.65" angle="-90.00" type="DEFAULT_VEHTYPE" speed="12.93" pos="98.95" lane="3/3to2/3_0" slope="0.00"/>
        <vehicle id="41" x="185.25" y="198.35" angle="90.00" type="DEFAULT_VEHTYPE" speed="0.00" pos="185.25" lane="0/1to1/1_0" slope="0.00"/>
        <vehicle id="42" x="198.35" y="519.46" angle="0.00" type="DEFAULT_VEHTYPE" speed="13.60" pos="75.79" lane="1/3to1/2_0" slope="0.00"/>
        <vehicle id="43" x="480.84" y="598.35" angle="90.00" type="DEFAULT_VEHTYPE" speed="12.81" pos="76.09" lane="2/3to3/3_0" slope="0.00"/>
        <vehicle id="44" x="201.65" y="323.43" angle="180.00" type="DEFAULT_VEHTYPE" speed="13.60" pos="118.68" lane="1/1to1/2_0" slope="0.00"/>
        <vehicle id="45" x="380.51" y="398.35" angle="90.00" type="DEFAULT_VEHTYPE" speed="2.72" pos="175.76" lane="1/2to2/2_0" slope="0.00"/>
        <vehicle id="46" x="198.90" y="396.07" angle="-125.98" type="DEFAULT_VEHTYPE" speed="3.65" pos="1.42" lane=":1/2_19_0" slope="0.00"/>
        <vehicle id="47" x="401.65" y="490.71" angle="180.00" type="DEFAULT_VEHTYPE" speed="13.87" pos="85.96" lane="2/2to2/3_0" slope="0.00"/>
        <vehicle id="48" x="201.65" y="47.65" angle="180.00" type="DEFAULT_VEHTYPE" speed="13.01" pos="47.65" lane="1/0to1/1_0" slope="0.00"/>
        <vehicle id="49" x="367.89" y="398.35" angle="90.00" type="DEFAULT_VEHTYPE" speed="4.44" pos="163.14" lane="1/2to2/2_0" slope="0.00"/>
        <vehicle id="5" x="211.67" y="598.35" angle="90.00" type="DEFAULT_VEHTYPE" speed="12.96" pos="6.92" lane="1/3to2/3_0" slope="0.00"/>
        <vehicle id="6" x="271.73" y="601.65" angle="-90.00" type="DEFAULT_VEHTYPE" speed="12.74" pos="123.52" lane="2/3to1/3_0" slope="0.00"/>
        <vehicle id="7" x="237.65" y="401.65" angle="-90.00" type="DEFAULT_VEHTYPE" speed="12.81" pos="157.60" lane="2/2to1/2_0" slope="0.00"/>
        <vehicle id="8" x="374.84" y="598.35" angle="90.00" type="DEFAULT_VEHTYPE" speed="11.91" pos="170.09" lane="1/3to2/3_0" slope="0.00"/>
        <vehicle id="9" x="601.65" y="592.46" angle="180.00" type="DEFAULT_VEHTYPE" speed="13.29" pos="187.71" lane="3/2to3/3_0" slope="0.00"/>
    </timestep>
    <timestep time="72.00">
        <vehicle id="0" x="401.65" y="669.23" angle="180.00" type="DEFAULT_VEHTYPE" speed="13.23" pos="64.48" lane="2/3to2/4_0" slope="0.00"/>
        <vehicle id="1" x="434.63" y="198.35" angle="90.00" type="DEFAULT_VEHTYPE" speed="13.52" pos="29.88" lane="2/1to3/1_0" slope="0.00"/>
        <vehicle id="10" x="201.65" y="147.14" angle="180.00" type="DEFAULT_VEHTYPE" speed="12.65" pos="147.14" lane="1/0to1/1_0" slope="0.00"/>
        <vehicle id="11" x="198.35" y="261.78" angle="0.00" type="DEFAULT_VEHTYPE" speed="12.62" pos="133.47" lane="1/2to1/1_0" slope="0.00"/>
        <vehicle id="12" x="401.65" y="561.29" angle="180.00" type="DEFAULT_VEHTYPE" speed="13.53" pos="156.54" lane="2/2to2/3_0" slope="0.00"/>
        <vehicle id="13" x="299.08" y="198.35" angle="90.00" type="DEFAULT_VEHTYPE" speed="12.82" pos="94.33" lane="1/1to2/1_0" slope="0.00"/>
        <vehicle id="14" x="402.60" y="398.35" angle="90.00" type="DEFAULT_VEHTYPE" speed="6.63" pos="7.35" lane=":2/2_13_0" slope="0.00"/>
        <vehicle id="15" x="401.65" y="250.48" angle="180.00" type="DEFAULT_VEHTYPE" speed="12.91" pos="45.73" lane="2/1to2/2_0" slope="0.00"/>
        <vehicle id="17" x="398.35" y="579.79" angle="0.00" type="DEFAULT_VEHTYPE" speed="9.60" pos="15.46" lane="2/3to2/2_0" slope="0.00"/>
        <vehicle id="18" x="398.35" y="798.49" angle="-44.43" type="DEFAULT_VEHTYPE" speed="12.95" pos="1.51" lane="2/4to2/3_0" slope="0.00"/>
        <vehicle id="19" x="198.35" y="431.92" angle="0.00" type="DEFAULT_VEHTYPE" speed="13.07" pos="163.33" lane="1/3to1/2_0" slope="0.00"/>
        <vehicle id="20" x="398.35" y="81.17" angle="0.00" type="DEFAULT_VEHTYPE" speed="13.41" pos="114.08" lane="2/1to2/0_0" slope="0.00"/>
        <vehicle id="21" x="401.65" y="698.79" angle="180.00" type="DEFAULT_VEHTYPE" speed="13.60" pos="94.04" lane="2/3to2/4_0" slope="0.00"/>
        <vehicle id="22" x="398.35" y="7.55" angle="0.00" type="DEFAULT_VEHTYPE" speed="13.80" pos="187.70" lane="2/1to2/0_0" slope="0.00"/>
        <vehicle id="23" x="423.45" y="398.35" angle="90.00" type="DEFAULT_VEHTYPE" speed="9.24" pos="18.70" lane="2/2to3/2_0" slope="0.00"/>
        <vehicle id="24" x="201.65" y="383.72" angle="180.00" type="DEFAULT_VEHTYPE" speed="8.04" pos="178.97" lane="1/1to1/2_0" slope="0.00"/>
        <vehicle id="25" x="438.37" y="201.65" angle="-90.00" type="DEFAULT_VEHTYPE" speed="13.74" pos="156.88" lane="3/1to2/1_0" slope="0.00"/>
        <vehicle id="26" x="201.65" y="504.93" angle="180.00" type="DEFAULT_VEHTYPE" speed="12.77" pos="100.18" lane="1/2to1/3_0" slope="0.00"/>
        <vehicle id="27" x="199.65" y="200.46" angle="15.33" type="DEFAULT_VEHTYPE" speed="0.26" pos="4.57" lane=":1/1_2_0" slope="0.00"/>
        <vehicle id="28" x="398.35" y="548.47" angle="0.00" type="DEFAULT_VEHTYPE" speed="12.73" pos="46.78" lane="2/3to2/2_0" slope="0.00"/>
        <vehicle id="29" x="507.54" y="201.65" angle="-90.00" type="DEFAULT_VEHTYPE" speed="13.34" pos="87.71" lane="3/1to2/1_0" slope="0.00"/>
        <vehicle id="3" x="208.61" y="201.65" angle="-90.00" type="DEFAULT_VEHTYPE" speed="3.45" pos="186.64" lane="2/1to1/1_0" slope="0.00"/>
        <vehicle id="30" x="192.75" y="198.35" angle="90.00" type="DEFAULT_VEHTYPE" speed="0.00" pos="192.75" lane="0/1to1/1_0" slope="0.00"/>
        <vehicle id="31" x="333.84" y="598.35" angle="90.00" type="DEFAULT_VEHTYPE" speed="13.42" pos="129.09" lane="1/3to2/3_0" slope="0.00"/>
        <vehicle id="32" x="398.35" y="333.33" angle="0.00" type="DEFAULT_VEHTYPE" speed="12.70" pos="61.92" lane="2/2to2/1_0" slope="0.00"/>
        <vehicle id="33" x="198.35" y="586.31" angle="0.00" type="DEFAULT_VEHTYPE" speed="9.64" pos="8.94" lane="1/3to1/2_0" slope="0.00"/>
        <vehicle id="34" x="598.35" y="357.60" angle="0.00" type="DEFAULT_VEHTYPE" speed="12.93" pos="37.65" lane="3/2to3/1_0" slope="0.00"/>
        <vehicle id="35" x="401.65" y="610.83" angle="180.00" type="DEFAULT_VEHTYPE" speed="10.04" pos="6.08" lane="2/3to2/4_0" slope="0.00"/>
        <vehicle id="36" x="201.65" y="216.07" angle="180.00" type="DEFAULT_VEHTYPE" speed="12.68" pos="11.32" lane="1/1to1/2_0" slope="0.00"/>
        <vehicle id="37" x="397.35" y="198.35" angle="90.00" type="DEFAULT_VEHTYPE" speed="6.59" pos="2.10" lane=":2/1_13_0" slope="0.00"/>
        <vehicle id="38" x="201.65" y="175.18" angle="180.00" type="DEFAULT_VEHTYPE" speed="13.20" pos="175.18" lane="1/0to1/1_0" slope="0.00"/>
        <vehicle id="4" x="198.35" y="356.98" angle="0.00" type="DEFAULT_VEHTYPE" speed="13.43" pos="38.27" lane="1/2to1/1_0" slope="0.00"/>
        <vehicle id="40" x="482.79" y="601.65" angle="-90.00" type="DEFAULT_VEHTYPE" speed="13.51" pos="112.46" lane="3/3to2/3_0" slope="0.00"/>
        <vehicle id="41" x="185.25" y="198.35" angle="90.00" type="DEFAULT_VEHTYPE" speed="0.00" pos="185.25" lane="0/1to1/1_0" slope="0.00"/>
        <vehicle id="42" x="198.35" y="506.55" angle="0.00" type="DEFAULT_VEHTYPE" speed="12.92" pos="88.70" lane="1/3to1/2_0" slope="0.00"/>
        <vehicle id="43" x="493.97" y="598.35" angle="90.00" type="DEFAULT_VEHTYPE" speed="13.13" pos="89.22" lane="2/3to3/3_0" slope="0.00"/>
        <vehicle id="44" x="201.65" y="336.29" angle="180.00" type="DEFAULT_VEHTYPE" speed="12.87" pos="131.54" lane="1/1to1/2_0" slope="0.00"/>
        <vehicle id="45" x="385.13" y="398.35" angle="90.00" type="DEFAULT_VEHTYPE" speed="4.62" pos="180.38" lane="1/2to2/2_0" slope="0.00"/>
        <vehicle id="46" x="198.35" y="390.73" angle="-3.12" type="DEFAULT_VEHTYPE" speed="5.51" pos="4.52" lane="1/2to1/1_0" slope="0.00"/>
        <vehicle id="47" x="401.65" y="503.61" angle="180.00" type="DEFAULT_VEHTYPE" speed="12.90" pos="98.86" lane="2/2to2/3_0" slope="0.00"/>
        <vehicle id="48" x="201.65" y="60.28" angle="180.00" type="DEFAULT_VEHTYPE" speed="12.63" pos="60.28" lane="1/0to1/1_0" slope="0.00"/>
        <vehicle id="49" x="371.38" y="398.35" angle="90.00" type="DEFAULT_VEHTYPE" speed="3.49" pos="166.63" lane="1/2to2/2_0" slope="0.00"/>
        <vehicle id="5" x="225.40" y="598.35" angle="90.00" type="DEFAULT_VEHTYPE" speed="13.73" pos="20.65" lane="1/3to2/3_0" slope="0.00"/>
        <vehicle id="6" x="258.64" y="601.65" angle="-90.00" type="DEFAULT_VEHTYPE" speed="13.09" pos="136.61" lane="2/3to1/3_0" slope="0.00"/>
        <vehicle id="7" x="225.63" y="401.65" angle="-90.00" type="DEFAULT_VEHTYPE" speed="12.02" pos="169.62" lane="2/2to1/2_0" slope="0.00"/>
        <vehicle id="8" x="383.20" y="598.35" angle="90.00" type="DEFAULT_VEHTYPE" speed="8.37" pos="178.45" lane="1/3to2/3_0" slope="0.00"/>
        <vehicle id="9" x="610.41" y="598.35" angle="90.00" type="DEFAULT_VEHTYPE" speed="13.45" pos="5.66" lane="3/3to4/3_0" slope="0.00"/>
    </timestep>
    <timestep time="73.00">
        <vehicle id="0" x="401.65" y="682.19" angle="180.00" type="DEFAULT_VEHTYPE" speed="12.96" pos="77.44" lane="2/3to2/4_0" slope="0.00"/>
        <vehicle id="1" x="448.23" y="198.35" angle="90.00" type="DEFAULT_VEHTYPE" speed="13.60" pos="43.48" lane="2/1to3/1_0" slope="0.00"/>
        <vehicle id="10" x="201.65" y="160.01" angle="180.00" type="DEFAULT_VEHTYPE" speed="12.87" pos="160.01" lane="1/0to1/1_0" slope="0.00"/>
        <vehicle id="11" x="198.35" y="249.06" angle="0.00" type="DEFAULT_VEHTYPE" speed="12.73" pos="146.19" lane="1/2to1/1_0" slope="0.00"/>
        <vehicle id="12" x="401.65" y="573.99" angle="180.00" type="DEFAULT_VEHTYPE" speed="12.70" pos="169.24" lane="2/2to2/3_0" slope="0.00"/>
        <vehicle id="13" x="311.84" y="198.35" angle="90.00" type="DEFAULT_VEHTYPE" speed="12.76" pos="107.09" lane="1/1to2/1_0" slope="0.00"/>
        <vehicle id="14" x="411.47" y="398.35" angle="90.00" type="DEFAULT_VEHTYPE" speed="8.87" pos="6.72" lane="2/2to3/2_0" slope="0.00"/>
        <vehicle id="15" x="401.65" y="263.14" angle="180.00" type="DEFAULT_VEHTYPE" speed="12.67" pos="58.39" lane="2/1to2/2_0" slope="0.00"/>
        <vehicle id="17" x="398.35" y="568.74" angle="0.00" type="DEFAULT_VEHTYPE" speed="11.04" pos="26.51" lane="2/3to2/2_0" slope="0.00"/>
        <vehicle id="18" x="398.35" y="785.19" angle="0.00" type="DEFAULT_VEHTYPE" speed="13.30" pos="14.81" lane="2/4to2/3_0" slope="0.00"/>
        <vehicle id="19" x="198.35" y="418.61" angle="0.00" type="DEFAULT_VEHTYPE" speed="13.31" pos="176.64" lane="1/3to1/2_0" slope="0.00"/>
        <vehicle id="20" x="398.35" y="67.86" angle="0.00" type="DEFAULT_VEHTYPE" speed="13.31" pos="127.39" lane="2/1to2/0_0" slope="0.00"/>
        <vehicle id="21" x="401.65" y="712.19" angle="180.00" type="DEFAULT_VEHTYPE" speed="13.40" pos="107.44" lane="2/3to2/4_0" slope="0.00"/>
        <vehicle id="22" x="401.65" y="1.07" angle="122.78" type="DEFAULT_VEHTYPE" speed="13.44" pos="1.07" lane="2/0to2/1_0" slope="0.00"/>
        <vehicle id="23" x="434.70" y="398.35" angle="90.00" type="DEFAULT_VEHTYPE" speed="11.26" pos="29.95" lane="2/2to3/2_0" slope="0.00"/>
        <vehicle id="24" x="201.65" y="393.63" angle="180.00" type="DEFAULT_VEHTYPE" speed="9.91" pos="188.88" lane="1/1to1/2_0" slope="0.00"/>
        <vehicle id="25" x="426.60" y="201.65" angle="-90.00" type="DEFAULT_VEHTYPE" speed="11.77" pos="168.65" lane="3/1to2/1_0" slope="0.00"/>
        <vehicle id="26" x="201.65" y="518.69" angle="180.00" type="DEFAULT_VEHTYPE" speed="13.75" pos="113.94" lane="1/2to1/3_0" slope="0.00"/>
        <vehicle id="27" x="199.68" y="200.40" angle="15.77" type="DEFAULT_VEHTYPE" speed="0.07" pos="4.64" lane=":1/1_2_0" slope="0.00"/>
        <vehicle id="28" x="398.35" y="535.34" angle="0.00" type="DEFAULT_VEHTYPE" speed="13.12" pos="59.91" lane="2/3to2/2_0" slope="0.00"/>
        <vehicle id="29" x="494.21" y="201.65" angle="-90.00" type="DEFAULT_VEHTYPE" speed="13.33" pos="101.04" lane="3/1to2/1_0" slope="0.00"/>
        <vehicle id="3" x="207.95" y="201.65" angle="-90.00" type="DEFAULT_VEHTYPE" speed="0.66" pos="187.30" lane="2/1to1/1_0" slope="0.00"/>
        <vehicle id="30" x="192.75" y="198.35" angle="90.00" type="DEFAULT_VEHTYPE" speed="0.00" pos="192.75" lane="0/1to1/1_0" slope="0.00"/>
        <vehicle id="31" x="346.87" y="598.35" angle="90.00" type="DEFAULT_VEHTYPE" speed="13.03" pos="142.12" lane="1/3to2/3_0" slope="0.00"/>
        <vehicle id="32" x="398.35" y="319.88" angle="0.00" type="DEFAULT_VEHTYPE" speed="13.45" pos="75.37" lane="2/2to2/1_0" slope="0.00"/>
        <vehicle id="33" x="198.35" y="574.92" angle="0.00" type="DEFAULT_VEHTYPE" speed="11.40" pos="20.33" lane="1/3to1/2_0" slope="0.00"/>
        <vehicle id="34" x="598.35" y="344.94" angle="0.00" type="DEFAULT_VEHTYPE" speed="12.66" pos="50.31" lane="3/2to3/1_0" slope="0.00"/>
        <vehicle id="35" x="401.65" y="622.76" angle="180.00" type="DEFAULT_VEHTYPE" speed="11.93" pos="18.01" lane="2/3to2/4_0" slope="0.00"/>
        <vehicle id="36" x="201.65" y="228.94" angle="180.00" type="DEFAULT_VEHTYPE" speed="12.86" pos="24.19" lane="1/1to1/2_0" slope="0.00"/>
        <vehicle id="37" x="406.12" y="198.35" angle="90.00" type="DEFAULT_VEHTYPE" speed="8.77" pos="1.37" lane="2/1to3/1_0" slope="0.00"/>
        <vehicle id="38" x="201.65" y="187.93" angle="180.00" type="DEFAULT_VEHTYPE" speed="12.75" pos="187.93" lane="1/0to1/1_0" slope="0.00"/>
        <vehicle id="4" x="198.35" y="343.53" angle="0.00" type="DEFAULT_VEHTYPE" speed="13.46" pos="51.72" lane="1/2to1/1_0" slope="0.00"/>
        <vehicle id="40" x="469.08" y="601.65" angle="-90.00" type="DEFAULT_VEHTYPE" speed="13.71" pos="126.17" lane="3/3to2/3_0" slope="0.00"/>
        <vehicle id="41" x="185.25" y="198.35" angle="90.00" type="DEFAULT_VEHTYPE" speed="0.00" pos="185.25" lane="0/1to1/1_0" slope="0.00"/>
        <vehicle id="42" x="198.35" y="493.05" angle="0.00" type="DEFAULT_VEHTYPE" speed="13.49" pos="102.20" lane="1/3to1/2_0" slope="0.00"/>
        <vehicle id="43" x="506.84" y="598.35" angle="90.00" type="DEFAULT_VEHTYPE" speed="12.86" pos="102.09" lane="2/3to3/3_0" slope="0.00"/>
        <vehicle id="44" x="201.65" y="349.23" angle="180.00" type="DEFAULT_VEHTYPE" speed="12.94" pos="144.48" lane="1/1to1/2_0" slope="0.00"/>
        <vehicle id="45" x="389.06" y="398.35" angle="90.00" type="DEFAULT_VEHTYPE" speed="3.93" pos="184.31" lane="1/2to2/2_0" slope="0.00"/>
        <vehicle id="46" x="198.35" y="382.82" angle="0.00" type="DEFAULT_VEHTYPE" speed="7.91" pos="12.43" lane="1/2to1/1_0" slope="0.00"/>
        <vehicle id="47" x="401.65" y="517.47" angle="180.00" type="DEFAULT_VEHTYPE" speed="13.85" pos="112.72" lane="2/2to2/3_0" slope="0.00"/>
        <vehicle id="48" x="201.65" y="74.16" angle="180.00" type="DEFAULT_VEHTYPE" speed="13.87" pos="74.16" lane="1/0to1/1_0" slope="0.00"/>
        <vehicle id="49" x="376.68" y="398.35" angle="90.00" type="DEFAULT_VEHTYPE" speed="5.30" pos="171.93" lane="1/2to2/2_0" slope="0.00"/>
        <vehicle id="5" x="239.21" y="598.35" angle="90.00" type="DEFAULT_VEHTYPE" speed="13.80" pos="34.46" lane="1/3to2/3_0" slope="0.00"/>
        <vehicle id="6" x="245.05" y="601.65" angle="-90.00" type="DEFAULT_VEHTYPE" speed="13.59" pos="150.20" lane="2/3to1/3_0" slope="0.00"/>
        <vehicle id="7" x="216.70" y="401.65" angle="-90.00" type="DEFAULT_VEHTYPE" speed="8.92" pos="178.55" lane="2/2to1/2_0" slope="0.00"/>
        <vehicle id="8" x="388.87" y="598.35" angle="90.00" type="DEFAULT_VEHTYPE" speed="5.67" pos="184.12" lane="1/3to2/3_0" slope="0.00"/>
        <vehicle id="9" x="623.97" y="598.35" angle="90.00" type="DEFAULT_VEHTYPE" speed="13.56" pos="19.22" lane="3/3to4/3_0" slope="0.00"/>
    </timestep>
    <timestep time="74.00">
        <vehicle id="0" x="401.65" y="695.18" angle="180.00" type="DEFAULT_VEHTYPE" speed="12.98" pos="90.43" lane="2/3to2/4_0" slope="0.00"/>
        <vehicle id="1" x="462.08" y="198.35" angle="90.00" type="DEFAULT_VEHTYPE" speed="13.86" pos="57.33" lane="2/1to3/1_0" slope="0.00"/>
        <vehicle id="10" x="201.65" y="173.53" angle="180.00" type="DEFAULT_VEHTYPE" speed="13.51" pos="173.53" lane="1/0to1/1_0" slope="0.00"/>
        <vehicle id="11" x="198.35" y="235.92" angle="0.00" type="DEFAULT_VEHTYPE" speed="13.13" pos="159.33" lane="1/2to1/1_0" slope="0.00"/>
        <vehicle id="12" x="401.65" y="586.66" angle="180.00" type="DEFAULT_VEHTYPE" speed="12.67" pos="181.91" lane="2/2to2/3_0" slope="0.00"/>
        <vehicle id="13" x="324.87" y="198.35" angle="90.00" type="DEFAULT_VEHTYPE" speed="13.03" pos="120.12" lane="1/1to2/1_0" slope="0.00"/>
        <vehicle id="14" x="422.57" y="398.35" angle="90.00" type="DEFAULT_VEHTYPE" speed="11.09" pos="17.82" lane="2/2to3/2_0" slope="0.00"/>
        <vehicle id="15" x="401.65" y="276.85" angle="180.00" type="DEFAULT_VEHTYPE" speed="13.70" pos="72.10" lane="2/1to2/2_0" slope="0.00"/>
        <vehicle id="17" x="398.35" y="556.29" angle="0.00" type="DEFAULT_VEHTYPE" speed="12.46" pos="38.96" lane="2/3to2/2_0" slope="0.00"/>
        <vehicle id="18" x="398.35" y="771.51" angle="0.00" type="DEFAULT_VEHTYPE" speed="13.69" pos="28.49" lane="2/4to2/3_0" slope="0.00"/>
        <vehicle id="19" x="198.35" y="404.83" angle="0.00" type="DEFAULT_VEHTYPE" speed="13.78" pos="190.42" lane="1/3to1/2_0" slope="0.00"/>
        <vehicle id="20" x="398.35" y="54.01" angle="0.00" type="DEFAULT_VEHTYPE" speed="13.84" pos="141.24" lane="2/1to2/0_0" slope="0.00"/>
        <vehicle id="21" x="401.65" y="725.66" angle="180.00" type="DEFAULT_VEHTYPE" speed="13.48" pos="120.91" lane="2/3to2/4_0" slope="0.00"/>
        <vehicle id="22" x="401.65" y="14.54" angle="180.00" type="DEFAULT_VEHTYPE" speed="13.47" pos="14.54" lane="2/0to2/1_0" slope="0.00"/>
        <vehicle id="23" x="448.08" y="398.35" angle="90.00" type="DEFAULT_VEHTYPE" speed="13.38" pos="43.33" lane="2/2to3/2_0" slope="0.00"/>
        <vehicle id="24" x="201.65" y="405.53" angle="180.00" type="DEFAULT_VEHTYPE" speed="11.90" pos="0.78" lane="1/2to1/3_0" slope="0.00"/>
        <vehicle id="25" x="417.77" y="201.65" angle="-90.00" type="DEFAULT_VEHTYPE" speed="8.82" pos="177.48" lane="3/1to2/1_0" slope="0.00"/>
        <vehicle id="26" x="201.65" y="532.41" angle="180.00" type="DEFAULT_VEHTYPE" speed="13.73" pos="127.66" lane="1/2to1/3_0" slope="0.00"/>
        <vehicle id="27" x="199.68" y="200.40" angle="15.77" type="DEFAULT_VEHTYPE" speed="0.00" pos="4.64" lane=":1/1_2_0" slope="0.00"/>
        <vehicle id="28" x="398.35" y="522.18" angle="0.00" type="DEFAULT_VEHTYPE" speed="13.17" pos="73.07" lane="2/3to2/2_0" slope="0.00"/>
        <vehicle id="29" x="481.46" y="201.65" angle="-90.00" type="DEFAULT_VEHTYPE" speed="12.75" pos="113.79" lane="3/1to2/1_0" slope="0.00"/>
        <vehicle id="3" x="207.37" y="201.65" angle="-90.00" type="DEFAULT_VEHTYPE" speed="0.59" pos="187.88" lane="2/1to1/1_0" slope="0.00"/>
        <vehicle id="30" x="192.75" y="198.35" angle="90.00" type="DEFAULT_VEHTYPE" speed="0.00" pos="192.75" lane="0/1to1/1_0" slope="0.00"/>
        <vehicle id="31" x="360.40" y="598.35" angle="90.00" type="DEFAULT_VEHTYPE" speed="13.53" pos="155.65" lane="1/3to2/3_0" slope="0.00"/>
        <vehicle id="32" x="398.35" y="307.26" angle="0.00" type="DEFAULT_VEHTYPE" speed="12.62" pos="87.99" lane="2/2to2/1_0" slope="0.00"/>
        <vehicle id="33" x="198.35" y="561.42" angle="0.00" type="DEFAULT_VEHTYPE" speed="13.50" pos="33.83" lane="1/3to1/2_0" slope="0.00"/>
        <vehicle id="34" x="598.35" y="331.67" angle="0.00" type="DEFAULT_VEHTYPE" speed="13.28" pos="63.58" lane="3/2to3/1_0" slope="0.00"/>
        <vehicle id="35" x="401.65" y="635.81" angle="180.00" type="DEFAULT_VEHTYPE" speed="13.05" pos="31.06" lane="2/3to2/4_0" slope="0.00"/>
        <vehicle id="36" x="201.65" y="241.58" angle="180.00" type="DEFAULT_VEHTYPE" speed="12.65" pos="36.83" lane="1/1to1/2_0" slope="0.00"/>
        <vehicle id="37" x="416.60" y="198.35" angle="90.00" type="DEFAULT_VEHTYPE" speed="10.48" pos="11.85" lane="2/1to3/1_0" slope="0.00"/>
        <vehicle id="38" x="201.65" y="200.73" angle="180.00" type="DEFAULT_VEHTYPE" speed="12.80" pos="5.48" lane=":1/1_9_0" slope="0.00"/>
        <vehicle id="4" x="198.35" y="329.94" angle="0.00" type="DEFAULT_VEHTYPE" speed="13.59" pos="65.31" lane="1/2to1/1_0" slope="0.00"/>
        <vehicle id="40" x="455.61" y="601.65" angle="-90.00" type="DEFAULT_VEHTYPE" speed="13.47" pos="139.64" lane="3/3to2/3_0" slope="0.00"/>
        <vehicle id="41" x="185.25" y="198.35" angle="90.00" type="DEFAULT_VEHTYPE" speed="0.00" pos="185.25" lane="0/1to1/1_0" slope="0.00"/>
        <vehicle id="42" x="198.35" y="479.71" angle="0.00" type="DEFAULT_VEHTYPE" speed="13.34" pos="115.54" lane="1/3to1/2_0" slope="0.00"/>
        <vehicle id="43" x="519.86" y="598.35" angle="90.00" type="DEFAULT_VEHTYPE" speed="13.03" pos="115.11" lane="2/3to3/3_0" slope="0.00"/>
        <vehicle id="44" x="201.65" y="361.89" angle="180.00" type="DEFAULT_VEHTYPE" speed="12.66" pos="157.14" lane="1/1to1/2_0" slope="0.00"/>
        <vehicle id="45" x="394.38" y="398.35" angle="90.00" type="DEFAULT_VEHTYPE" speed="5.32" pos="189.63" lane="1/2to2/2_0" slope="0.00"/>
        <vehicle id="46" x="198.35" y="372.57" angle="0.00" type="DEFAULT_VEHTYPE" speed="10.25" pos="22.68" lane="1/2to1/1_0" slope="0.00"/>
        <vehicle id="47" x="401.65" y="531.11" angle="180.00" type="DEFAULT_VEHTYPE" speed="13.64" pos="126.36" lane="2/2to2/3_0" slope="0.00"/>
        <vehicle id="48" x="201.65" y="87.24" angle="180.00" type="DEFAULT_VEHTYPE" speed="13.08" pos="87.24" lane="1/0to1/1_0" slope="0.00"/>
        <vehicle id="49" x="379.66" y="398.35" angle="90.00" type="DEFAULT_VEHTYPE" speed="2.98" pos="174.91" lane="1/2to2/2_0" slope="0.00"/>
        <vehicle id="5" x="252.43" y="598.35" angle="90.00" type="DEFAULT_VEHTYPE" speed="13.23" pos="47.68" lane="1/3to2/3_0" slope="0.00"/>
        <vehicle id="6" x="231.54" y="601.65" angle="-90.00" type="DEFAULT_VEHTYPE" speed="13.50" pos="163.71" lane="2/3to1/3_0" slope="0.00"/>
        <vehicle id="7" x="211.14" y="401.65" angle="-90.00" type="DEFAULT_VEHTYPE" speed="5.56" pos="184.11" lane="2/2to1/2_0" slope="0.00"/>
        <vehicle id="8" x="396.90" y="598.59" angle="92.71" type="DEFAULT_VEHTYPE" speed="8.05" pos="1.67" lane=":2/3_14_0" slope="0.00"/>
        <vehicle id="9" x="636.58" y="598.35" angle="90.00" type="DEFAULT_VEHTYPE" speed="12.61" pos="31.83" lane="3/3to4/3_0" slope="0.00"/>
    </timestep>
    <timestep time="75.00">
        <vehicle id="0" x="401.65" y="707.79" angle="180.00" type="DEFAULT_VEHTYPE" speed="12.62" pos="103.04" lane="2/3to2/4_0" slope="0.00"/>
        <vehicle id="1" x="475.79" y="198.35" angle="90.00" type="DEFAULT_VEHTYPE" speed="13.71" pos="71.04" lane="2/1to3/1_0" slope="0.00"/>
        <vehicle id="10" x="201.65" y="187.12" angle="180.00" type="DEFAULT_VEHTYPE" speed="13.59" pos="187.12" lane="1/0to1/1_0" slope="0.00"/>
        <vehicle id="11" x="198.35" y="223.91" angle="0.00" type="DEFAULT_VEHTYPE" speed="12.01" pos="171.34" lane="1/2to1/1_0" slope="0.00"/>
        <vehicle id="13" x="337.68" y="198.35" angle="90.00" type="DEFAULT_VEHTYPE" speed="12.81" pos="132.93" lane="1/1to2/1_0" slope="0.00"/>
        <vehicle id="14" x="435.91" y="398.35" angle="90.00" type="DEFAULT_VEHTYPE" speed="13.35" pos="31.16" lane="2/2to3/2_0" slope="0.00"/>
        <vehicle id="15" x="401.65" y="290.22" angle="180.00" type="DEFAULT_VEHTYPE" speed="13.37" pos="85.47" lane="2/1to2/2_0" slope="0.00"/>
        <vehicle id="17" x="398.35" y="543.02" angle="0.00" type="DEFAULT_VEHTYPE" speed="13.27" pos="52.23" lane="2/3to2/2_0" slope="0.00"/>
        <vehicle id="18" x="398.35" y="758.71" angle="0.00" type="DEFAULT_VEHTYPE" speed="12.79" pos="41.29" lane="2/4to2/3_0" slope="0.00"/>
        <vehicle id="19" x="198.35" y="392.14" angle="0.00" type="DEFAULT_VEHTYPE" speed="12.70" pos="3.11" lane="1/2to1/1_0" slope="0.00"/>
        <vehicle id="20" x="398.35" y="41.13" angle="0.00" type="DEFAULT_VEHTYPE" speed="12.89" pos="154.12" lane="2/1to2/0_0" slope="0.00"/>
        <vehicle id="21" x="401.65" y="738.62" angle="180.00" type="DEFAULT_VEHTYPE" speed="12.95" pos="133.87" lane="2/3to2/4_0" slope="0.00"/>
        <vehicle id="22" x="401.65" y="27.90" angle="180.00" type="DEFAULT_VEHTYPE" speed="13.36" pos="27.90" lane="2/0to2/1_0" slope="0.00"/>
        <vehicle id="23" x="461.28" y="398.35" angle="90.00" type="DEFAULT_VEHTYPE" speed="13.20" pos="56.53" lane="2/2to3/2_0" slope="0.00"/>
        <vehicle id="24" x="201.65" y="419.14" angle="180.00" type="DEFAULT_VEHTYPE" speed="13.61" pos="14.39" lane="1/2to1/3_0" slope="0.00"/>
        <vehicle id="25" x="411.65" y="201.65" angle="-90.00" type="DEFAULT_VEHTYPE" speed="6.13" pos="183.60" lane="3/1to2/1_0" slope="0.00"/>
        <vehicle id="26" x="201.65" y="545.85" angle="180.00" type="DEFAULT_VEHTYPE" speed="13.44" pos="141.10" lane="1/2to1/3_0" slope="0.00"/>
        <vehicle id="27" x="200.39" y="199.69" angle="23.82" type="DEFAULT_VEHTYPE" speed="1.03" pos="5.67" lane=":1/1_2_0" slope="0.00"/>
        <vehicle id="28" x="398.35" y="508.36" angle="0.00" type="DEFAULT_VEHTYPE" speed="13.82" pos="86.89" lane="2/3to2/2_0" slope="0.00"/>
        <vehicle id="29" x="468.45" y="201.65" angle="-90.00" type="DEFAULT_VEHTYPE" speed="13.01" pos="126.80" lane="3/1to2/1_0" slope="0.00"/>
        <vehicle id="3" x="207.31" y="201.65" angle="-90.00" type="DEFAULT_VEHTYPE" speed="0.06" pos="187.94" lane="2/1to1/1_0" slope="0.00"/>
        <vehicle id="30" x="192.75" y="198.35" angle="90.00" type="DEFAULT_VEHTYPE" speed="0.00" pos="192.75" lane="0/1to1/1_0" slope="0.00"/>
        <vehicle id="31" x="372.61" y="598.35" angle="90.00" type="DEFAULT_VEHTYPE" speed="12.21" pos="167.86" lane="1/3to2/3_0" slope="0.00"/>
        <vehicle id="32" x="398.35" y="293.73" angle="0.00" type="DEFAULT_VEHTYPE" speed="13.53" pos="101.52" lane="2/2to2/1_0" slope="0.00"/>
        <vehicle id="33" x="198.35" y="548.47" angle="0.00" type="DEFAULT_VEHTYPE" speed="12.95" pos="46.78" lane="1/3to1/2_0" slope="0.00"/>
        <vehicle id="34" x="598.35" y="318.15" angle="0.00" type="DEFAULT_VEHTYPE" speed="13.51" pos="77.10" lane="3/2to3/1_0" slope="0.00"/>
        <vehicle id="35" x="401.65" y="648.93" angle="180.00" type="DEFAULT_VEHTYPE" speed="13.13" pos="44.18" lane="2/3to2/4_0" slope="0.00"/>
        <vehicle id="36" x="201.65" y="254.31" angle="180.00" type="DEFAULT_VEHTYPE" speed="12.73" pos="49.56" lane="1/1to1/2_0" slope="0.00"/>
        <vehicle id="37" x="428.44" y="198.35" angle="90.00" type="DEFAULT_VEHTYPE" speed="11.84" pos="23.69" lane="2/1to3/1_0" slope="0.00"/>
        <vehicle id="38" x="201.65" y="214.24" angle="180.00" type="DEFAULT_VEHTYPE" speed="13.51" pos="9.49" lane="1/1to1/2_0" slope="0.00"/>
        <vehicle id="4" x="198.35" y="317.12" angle="0.00" type="DEFAULT_VEHTYPE" speed="12.81" pos="78.13" lane="1/2to1/1_0" slope="0.00"/>
        <vehicle id="40" x="442.91" y="601.65" angle="-90.00" type="DEFAULT_VEHTYPE" speed="12.69" pos="152.34" lane="3/3to2/3_0" slope="0.00"/>
        <vehicle id="41" x="185.25" y="198.35" angle="90.00" type="DEFAULT_VEHTYPE" speed="0.00" pos="185.25" lane="0/1to1/1_0" slope="0.00"/>
        <vehicle id="42" x="198.35" y="466.94" angle="0.00" type="DEFAULT_VEHTYPE" speed="12.77" pos="128.31" lane="1/3to1/2_0" slope="0.00"/>
        <vehicle id="43" x="533.17" y="598.35" angle="90.00" type="DEFAULT_VEHTYPE" speed="13.31" pos="128.42" lane="2/3to3/3_0" slope="0.00"/>
        <vehicle id="44" x="201.65" y="374.66" angle="180.00" type="DEFAULT_VEHTYPE" speed="12.77" pos="169.91" lane="1/1to1/2_0" slope="0.00"/>
        <vehicle id="45" x="400.75" y="401.12" angle="122.66" type="DEFAULT_VEHTYPE" speed="7.40" pos="6.53" lane=":2/2_14_0" slope="0.00"/>
        <vehicle id="46" x="198.35" y="359.89" angle="0.00" type="DEFAULT_VEHTYPE" speed="12.68" pos="35.36" lane="1/2to1/1_0" slope="0.00"/>
        <vehicle id="47" x="401.65" y="544.21" angle="180.00" type="DEFAULT_VEHTYPE" speed="13.10" pos="139.46" lane="2/2to2/3_0" slope="0.00"/>
        <vehicle id="48" x="201.65" y="101.13" angle="180.00" type="DEFAULT_VEHTYPE" speed="13.89" pos="101.13" lane="1/0to1/1_0" slope="0.00"/>
        <vehicle id="49" x="384.14" y="398.35" angle="90.00" type="DEFAULT_VEHTYPE" speed="4.49" pos="179.39" lane="1/2to2/2_0" slope="0.00"/>
        <vehicle id="5" x="265.97" y="598.35" angle="90.00" type="DEFAULT_VEHTYPE" speed="13.53" pos="61.22" lane="1/3to2/3_0" slope="0.00"/>
        <vehicle id="6" x="221.05" y="601.65" angle="-90.00" type="DEFAULT_VEHTYPE" speed="10.49" pos="174.20" lane="2/3to1/3_0" slope="0.00"/>
        <vehicle id="7" x="209.07" y="401.65" angle="-90.00" type="DEFAULT_VEHTYPE" speed="2.07" pos="186.18" lane="2/2to1/2_0" slope="0.00"/>
        <vehicle id="8" x="401.65" y="605.94" angle="169.39" type="DEFAULT_VEHTYPE" speed="9.84" pos="1.19" lane="2/3to2/4_0" slope="0.00"/>
        <vehicle id="9" x="650.16" y="598.35" angle="90.00" type="DEFAULT_VEHTYPE" speed="13.59" pos="45.41" lane="3/3to4/3_0" slope="0.00"/>
    </timestep>
    <timestep time="76.00">
        <vehicle id="0" x="401.65" y="720.87" angle="180.00" type="DEFAULT_VEHTYPE" speed="13.08" pos="116.12" lane="2/3to2/4_0" slope="0.00"/>
        <vehicle id="1" x="489.23" y="198.35" angle="90.00" type="DEFAULT_VEHTYPE" speed="13.43" pos="84.48" lane="2/1to3/1_0" slope="0.00"/>
        <vehicle id="11" x="198.35" y="210.97" angle="0.00" type="DEFAULT_VEHTYPE" speed="12.94" pos="184.28" lane="1/2to1/1_0" slope="0.00"/>
        <vehicle id="13" x="351.12" y="198.35" angle="90.00" type="DEFAULT_VEHTYPE" speed="13.44" pos="146.37" lane="1/1to2/1_0" slope="0.00"/>
        <vehicle id="14" x="449.45" y="398.35" angle="90.00" type="DEFAULT_VEHTYPE" speed="13.54" pos="44.70" lane="2/2to3/2_0" slope="0.00"/>
        <vehicle id="15" x="401.65" y="303.17" angle="180.00" type="DEFAULT_VEHTYPE" speed="12.95" pos="98.42" lane="2/1to2/2_0" slope="0.00"/>
        <vehicle id="17" x="398.35" y="530.05" angle="0.00" type="DEFAULT_VEHTYPE" speed="12.97" pos="65.20" lane="2/3to2/2_0" slope="0.00"/>
        <vehicle id="18" x="398.35" y="745.47" angle="0.00" type="DEFAULT_VEHTYPE" speed="13.25" pos="54.53" lane="2/4to2/3_0" slope="0.00"/>
        <vehicle id="19" x="198.35" y="379.38" angle="0.00" type="DEFAULT_VEHTYPE" speed="12.76" pos="15.87" lane="1/2to1/1_0" slope="0.00"/>
        <vehicle id="20" x="398.35" y="28.36" angle="0.00" type="DEFAULT_VEHTYPE" speed="12.77" pos="166.89" lane="2/1to2/0_0" slope="0.00"/>
        <vehicle id="21" x="401.65" y="751.75" angle="180.00" type="DEFAULT_VEHTYPE" speed="13.13" pos="147.00" lane="2/3to2/4_0" slope="0.00"/>
        <vehicle id="22" x="401.65" y="40.80" angle="180.00" type="DEFAULT_VEHTYPE" speed="12.90" pos="40.80" lane="2/0to2/1_0" slope="0.00"/>
        <vehicle id="23" x="475.08" y="398.35" angle="90.00" type="DEFAULT_VEHTYPE" speed="13.80" pos="70.33" lane="2/2to3/2_0" slope="0.00"/>
        <vehicle id="24" x="201.65" y="432.11" angle="180.00" type="DEFAULT_VEHTYPE" speed="12.97" pos="27.36" lane="1/2to1/3_0" slope="0.00"/>
        <vehicle id="25" x="404.08" y="201.65" angle="-90.00" type="DEFAULT_VEHTYPE" speed="7.57" pos="0.67" lane=":2/1_5_0" slope="0.00"/>
        <vehicle id="26" x="201.65" y="559.58" angle="180.00" type="DEFAULT_VEHTYPE" speed="13.73" pos="154.83" lane="1/2to1/3_0" slope="0.00"/>
        <vehicle id="27" x="202.75" y="198.64" angle="52.23" type="DEFAULT_VEHTYPE" speed="2.63" pos="1.16" lane=":1/1_16_0" slope="0.00"/>
        <vehicle id="28" x="398.35" y="495.58" angle="0.00" type="DEFAULT_VEHTYPE" speed="12.78" pos="99.67" lane="2/3to2/2_0" slope="0.00"/>
        <vehicle id="29" x="454.73" y="201.65" angle="-90.00" type="DEFAULT_VEHTYPE" speed="13.71" pos="140.52" lane="3/1to2/1_0" slope="0.00"/>
        <vehicle id="3" x="207.28" y="201.65" angle="-90.00" type="DEFAULT_VEHTYPE" speed="0.03" pos="187.97" lane="2/1to1/1_0" slope="0.00"/>
        <vehicle id="30" x="192.75" y="198.35" angle="90.00" type="DEFAULT_VEHTYPE" speed="0.00" pos="192.75" lane="0/1to1/1_0" slope="0.00"/>
        <vehicle id="31" x="381.93" y="598.35" angle="90.00" type="DEFAULT_VEHTYPE" speed="9.32" pos="177.18" lane="1/3to2/3_0" slope="0.00"/>
        <vehicle id="32" x="398.35" y="279.89" angle="0.00" type="DEFAULT_VEHTYPE" speed="13.84" pos="115.36" lane="2/2to2/1_0" slope="0.00"/>
        <vehicle id="33" x="198.35" y="535.45" angle="0.00" type="DEFAULT_VEHTYPE" speed="13.02" pos="59.80" lane="1/3to1/2_0" slope="0.00"/>
        <vehicle id="34" x="598.35" y="304.74" angle="0.00" type="DEFAULT_VEHTYPE" speed="13.41" pos="90.51" lane="3/2to3/1_0" slope="0.00"/>
        <vehicle id="35" x="401.65" y="662.37" angle="180.00" type="DEFAULT_VEHTYPE" speed="13.44" pos="57.62" lane="2/3to2/4_0" slope="0.00"/>
        <vehicle id="36" x="201.65" y="267.48" angle="180.00" type="DEFAULT_VEHTYPE" speed="13.17" pos="62.73" lane="1/1to1/2_0" slope="0.00"/>
        <vehicle id="37" x="442.13" y="198.35" angle="90.00" type="DEFAULT_VEHTYPE" speed="13.68" pos="37.38" lane="2/1to3/1_0" slope="0.00"/>
        <vehicle id="38" x="201.65" y="227.62" angle="180.00" type="DEFAULT_VEHTYPE" speed="13.39" pos="22.87" lane="1/1to1/2_0" slope="0.00"/>
        <vehicle id="4" x="198.35" y="304.41" angle="0.00" type="DEFAULT_VEHTYPE" speed="12.71" pos="90.84" lane="1/2to1/1_0" slope="0.00"/>
        <vehicle id="40" x="429.09" y="601.65" angle="-90.00" type="DEFAULT_VEHTYPE" speed="13.82" pos="166.16" lane="3/3to2/3_0" slope="0.00"/>
        <vehicle id="41" x="185.25" y="198.35" angle="90.00" type="DEFAULT_VEHTYPE" speed="0.00" pos="185.25" lane="0/1to1/1_0" slope="0.00"/>
        <vehicle id="42" x="198.35" y="453.87" angle="0.00" type="DEFAULT_VEHTYPE" speed="13.07" pos="141.38" lane="1/3to1/2_0" slope="0.00"/>
        <vehicle id="43" x="546.44" y="598.35" angle="90.00" type="DEFAULT_VEHTYPE" speed="13.27" pos="141.69" lane="2/3to3/3_0" slope="0.00"/>
        <vehicle id="44" x="201.65" y="387.39" angle="180.00" type="DEFAULT_VEHTYPE" speed="12.73" pos="182.64" lane="1/1to1/2_0" slope="0.00"/>
        <vehicle id="45" x="401.65" y="410.26" angle="180.00" type="DEFAULT_VEHTYPE" speed="9.30" pos="5.51" lane="2/2to2/3_0" slope="0.00"/>
        <vehicle id="46" x="198.35" y="346.41" angle="0.00" type="DEFAULT_VEHTYPE" speed="13.48" pos="48.84" lane="1/2to1/1_0" slope="0.00"/>
        <vehicle id="47" x="401.65" y="557.72" angle="180.00" type="DEFAULT_VEHTYPE" speed="13.52" pos="152.97" lane="2/2to2/3_0" slope="0.00"/>
        <vehicle id="48" x="201.65" y="114.45" angle="180.00" type="DEFAULT_VEHTYPE" speed="13.32" pos="114.45" lane="1/0to1/1_0" slope="0.00"/>
        <vehicle id="49" x="388.33" y="398.35" angle="90.00" type="DEFAULT_VEHTYPE" speed="4.19" pos="183.58" lane="1/2to2/2_0" slope="0.00"/>
        <vehicle id="5" x="279.18" y="598.35" angle="90.00" type="DEFAULT_VEHTYPE" speed="13.21" pos="74.43" lane="1/3to2/3_0" slope="0.00"/>
        <vehicle id="6" x="214.25" y="601.65" angle="-90.00" type="DEFAULT_VEHTYPE" speed="6.81" pos="181.00" lane="2/3to1/3_0" slope="0.00"/>
        <vehicle id="7" x="207.61" y="401.65" angle="-90.00" type="DEFAULT_VEHTYPE" speed="1.46" pos="187.64" lane="2/2to1/2_0" slope="0.00"/>
        <vehicle id="8" x="401.65" y="617.13" angle="180.00" type="DEFAULT_VEHTYPE" speed="11.19" pos="12.38" lane="2/3to2/4_0" slope="0.00"/>
        <vehicle id="9" x="663.24" y="598.35" angle="90.00" type="DEFAULT_VEHTYPE" speed="13.07" pos="58.49" lane="3/3to4/3_0" slope="0.00"/>
    </timestep>
    <timestep time="77.00">
        <vehicle id="0" x="401.65" y="733.97" angle="180.00" type="DEFAULT_VEHTYPE" speed="13.10" pos="129.22" lane="2/3to2/4_0" slope="0.00"/>
        <vehicle id="1" x="501.85" y="198.35" angle="90.00" type="DEFAULT_VEHTYPE" speed="12.63" pos="97.10" lane="2/1to3/1_0" slope="0.00"/>
        <vehicle id="11" x="193.43" y="201.65" angle="-73.17" type="DEFAULT_VEHTYPE" speed="13.03" pos="1.82" lane="1/1to0/1_0" slope="0.00"/>
        <vehicle id="13" x="364.53" y="198.35" angle="90.00" type="DEFAULT_VEHTYPE" speed="13.41" pos="159.78" lane="1/1to2/1_0" slope="0.00"/>
        <vehicle id="14" x="462.45" y="398.35" angle="90.00" type="DEFAULT_VEHTYPE" speed="13.00" pos="57.70" lane="2/2to3/2_0" slope="0.00"/>
        <vehicle id="15" x="401.65" y="316.65" angle="180.00" type="DEFAULT_VEHTYPE" speed="13.48" pos="111.90" lane="2/1to2/2_0" slope="0.00"/>
        <vehicle id="17" x="398.35" y="516.19" angle="0.00" type="DEFAULT_VEHTYPE" speed="13.86" pos="79.06" lane="2/3to2/2_0" slope="0.00"/>
        <vehicle id="18" x="398.35" y="731.92" angle="0.00" type="DEFAULT_VEHTYPE" speed="13.54" pos="68.08" lane="2/4to2/3_0" slope="0.00"/>
        <vehicle id="19" x="198.35" y="366.34" angle="0.00" type="DEFAULT_VEHTYPE" speed="13.04" pos="28.91" lane="1/2to1/1_0" slope="0.00"/>
        <vehicle id="20" x="398.35" y="15.59" angle="0.00" type="DEFAULT_VEHTYPE" speed="12.77" pos="179.66" lane="2/1to2/0_0" slope="0.00"/>
        <vehicle id="21" x="401.65" y="764.49" angle="180.00" type="DEFAULT_VEHTYPE" speed="12.74" pos="159.74" lane="2/3to2/4_0" slope="0.00"/>
        <vehicle id="22" x="401.65" y="54.02" angle="180.00" type="DEFAULT_VEHTYPE" speed="13.22" pos="54.02" lane="2/0to2/1_0" slope="0.00"/>
        <vehicle id="23" x="488.81" y="398.35" angle="90.00" type="DEFAULT_VEHTYPE" speed="13.73" pos="84.06" lane="2/2to3/2_0" slope="0.00"/>
        <vehicle id="24" x="201.65" y="445.42" angle="180.00" type="DEFAULT_VEHTYPE" speed="13.30" pos="40.67" lane="1/2to1/3_0" slope="0.00"/>
        <vehicle id="25" x="394.60" y="201.65" angle="-90.00" type="DEFAULT_VEHTYPE" speed="9.47" pos="0.65" lane="2/1to1/1_0" slope="0.00"/>
        <vehicle id="26" x="201.65" y="572.83" angle="180.00" type="DEFAULT_VEHTYPE" speed="13.25" pos="168.08" lane="1/2to1/3_0" slope="0.00"/>
        <vehicle id="27" x="207.67" y="198.35" angle="86.61" type="DEFAULT_VEHTYPE" speed="4.94" pos="2.92" lane="1/1to2/1_0" slope="0.00"/>
        <vehicle id="28" x="398.35" y="482.29" angle="0.00" type="DEFAULT_VEHTYPE" speed="13.29" pos="112.96" lane="2/3to2/2_0" slope="0.00"/>
        <vehicle id="29" x="441.36" y="201.65" angle="-90.00" type="DEFAULT_VEHTYPE" speed="13.38" pos="153.89" lane="3/1to2/1_0" slope="0.00"/>
        <vehicle id="3" x="207.25" y="201.65" angle="-90.00" type="DEFAULT_VEHTYPE" speed="0.02" pos="188.00" lane="2/1to1/1_0" slope="0.00"/>
        <vehicle id="30" x="192.75" y="198.35" angle="90.00" type="DEFAULT_VEHTYPE" speed="0.00" pos="192.75" lane="0/1to1/1_0" slope="0.00"/>
        <vehicle id="31" x="387.97" y="598.35" angle="90.00" type="DEFAULT_VEHTYPE" speed="6.04" pos="183.22" lane="1/3to2/3_0" slope="0.00"/>
        <vehicle id="32" x="398.35" y="266.87" angle="0.00" type="DEFAULT_VEHTYPE" speed="13.02" pos="128.38" lane="2/2to2/1_0" slope="0.00"/>
        <vehicle id="33" x="198.35" y="521.75" angle="0.00" type="DEFAULT_VEHTYPE" speed="13.70" pos="73.50" lane="1/3to1/2_0" slope="0.00"/>
        <vehicle id="34" x="598.35" y="290.98" angle="0.00" type="DEFAULT_VEHTYPE" speed="13.76" pos="104.27" lane="3/2to3/1_0" slope="0.00"/>
        <vehicle id="35" x="401.65" y="675.91" angle="180.00" type="DEFAULT_VEHTYPE" speed="13.53" pos="71.16" lane="2/3to2/4_0" slope="0.00"/>
        <vehicle id="36" x="201.65" y="280.24" angle="180.00" type="DEFAULT_VEHTYPE" speed="12.76" pos="75.49" lane="1/1to1/2_0" slope="0.00"/>
        <vehicle id="37" x="455.62" y="198.35" angle="90.00" type="DEFAULT_VEHTYPE" speed="13.49" pos="50.87" lane="2/1to3/1_0" slope="0.00"/>
        <vehicle id="38" x="201.65" y="241.39" angle="180.00" type="DEFAULT_VEHTYPE" speed="13.76" pos="36.64" lane="1/1to1/2_0" slope="0.00"/>
        <vehicle id="4" x="198.35" y="291.27" angle="0.00" type="DEFAULT_VEHTYPE" speed="13.14" pos="103.98" lane="1/2to1/1_0" slope="0.00"/>
        <vehicle id="40" x="419.06" y="601.65" angle="-90.00" type="DEFAULT_VEHTYPE" speed="10.03" pos="176.19" lane="3/3to2/3_0" slope="0.00"/>
        <vehicle id="41" x="185.25" y="198.35" angle="90.00" type="DEFAULT_VEHTYPE" speed="0.00" pos="185.25" lane="0/1to1/1_0" slope="0.00"/>
        <vehicle id="42" x="198.35" y="441.23" angle="0.00" type="DEFAULT_VEHTYPE" speed="12.64" pos="154.02" lane="1/3to1/2_0" slope="0.00"/>
        <vehicle id="43" x="559.60" y="598.35" angle="90.00" type="DEFAULT_VEHTYPE" speed="13.16" pos="154.85" lane="2/3to3/3_0" slope="0.00"/>
        <vehicle id="44" x="201.65" y="400.18" angle="180.00" type="DEFAULT_VEHTYPE" speed="12.79" pos="4.93" lane=":1/2_9_0" slope="0.00"/>
        <vehicle id="45" x="401.65" y="421.31" angle="180.00" type="DEFAULT_VEHTYPE" speed="11.06" pos="16.56" lane="2/2to2/3_0" slope="0.00"/>
        <vehicle id="46" x="198.35" y="332.72" angle="0.00" type="DEFAULT_VEHTYPE" speed="13.69" pos="62.53" lane="1/2to1/1_0" slope="0.00"/>
        <vehicle id="47" x="401.65" y="571.08" angle="180.00" type="DEFAULT_VEHTYPE" speed="13.35" pos="166.33" lane="2/2to2/3_0" slope="0.00"/>
        <vehicle id="48" x="201.65" y="127.81" angle="180.00" type="DEFAULT_VEHTYPE" speed="13.36" pos="127.81" lane="1/0to1/1_0" slope="0.00"/>
        <vehicle id="49" x="394.91" y="398.35" angle="90.00" type="DEFAULT_VEHTYPE" speed="6.58" pos="190.16" lane="1/2to2/2_0" slope="0.00"/>
        <vehicle id="5" x="292.07" y="598.35" angle="90.00" type="DEFAULT_VEHTYPE" speed="12.90" pos="87.32" lane="1/3to2/3_0" slope="0.00"/>
        <vehicle id="6" x="210.15" y="601.65" angle="-90.00" type="DEFAULT_VEHTYPE" speed="4.10" pos="185.10" lane="2/3to1/3_0" slope="0.00"/>
        <vehicle id="7" x="207.38" y="401.65" angle="-90.00" type="DEFAULT_VEHTYPE" speed="0.23" pos="187.87" lane="2/2to1/2_0" slope="0.00"/>
        <vehicle id="8" x="401.65" y="630.72" angle="180.00" type="DEFAULT_VEHTYPE" speed="13.59" pos="25.97" lane="2/3to2/4_0" slope="0.00"/>
        <vehicle id="9" x="676.95" y="598.35" angle="90.00" type="DEFAULT_VEHTYPE" speed="13.71" pos="72.20" lane="3/3to4/3_0" slope="0.00"/>
    </timestep>
    <timestep time="78.00">
        <vehicle id="0" x="401.65" y="746.99" angle="180.00" type="DEFAULT_VEHTYPE" speed="13.02" pos="142.24" lane="2/3to2/4_0" slope="0.00"/>
        <vehicle id="1" x="515.62" y="198.35" angle="90.00" type="DEFAULT_VEHTYPE" speed="13.77" pos="110.87" lane="2/1to3/1_0" slope="0.00"/>
        <vehicle id="11" x="180.29" y="201.65" angle="-90.00" type="DEFAULT_VEHTYPE" speed="13.14" pos="14.96" lane="1/1to0/1_0" slope="0.00"/>
        <vehicle id="13" x="376.22" y="198.35" angle="90.00" type="DEFAULT_VEHTYPE" speed="11.69" pos="171.47" lane="1/1to2/1_0" slope="0.00"/>
        <vehicle id="14" x="475.82" y="398.35" angle="90.00" type="DEFAULT_VEHTYPE" speed="13.36" pos="71.07" lane="2/2to3/2_0" slope="0.00"/>
        <vehicle id="15" x="401.65" y="329.29" angle="180.00" type="DEFAULT_VEHTYPE" speed="12.65" pos="124.54" lane="2/1to2/2_0" slope="0.00"/>
        <vehicle id="17" x="398.35" y="502.91" angle="0.00" type="DEFAULT_VEHTYPE" speed="13.28" pos="92.34" lane="2/3to2/2_0" slope="0.00"/>
        <vehicle id="18" x="398.35" y="718.22" angle="0.00" type="DEFAULT_VEHTYPE" speed="13.71" pos="81.78" lane="2/4to2/3_0" slope="0.00"/>
        <vehicle id="19" x="198.35" y="353.36" angle="0.00" type="DEFAULT_VEHTYPE" speed="12.99" pos="41.89" lane="1/2to1/1_0" slope="0.00"/>
        <vehicle id="20" x="398.35" y="2.50" angle="0.00" type="DEFAULT_VEHTYPE" speed="13.09" pos="192.75" lane="2/1to2/0_0" slope="0.00"/>
        <vehicle id="21" x="401.65" y="778.17" angle="180.00" type="DEFAULT_VEHTYPE" speed="13.69" pos="173.42" lane="2/3to2/4_0" slope="0.00"/>
        <vehicle id="22" x="401.65" y="67.60" angle="180.00" type="DEFAULT_VEHTYPE" speed="13.58" pos="67.60" lane="2/0to2/1_0" slope="0.00"/>
        <vehicle id="23" x="501.80" y="398.35" angle="90.00" type="DEFAULT_VEHTYPE" speed="12.98" pos="97.05" lane="2/2to3/2_0" slope="0.00"/>
        <vehicle id="24" x="201.65" y="458.36" angle="180.00" type="DEFAULT_VEHTYPE" speed="12.94" pos="53.61" lane="1/2to1/3_0" slope="0.00"/>
        <vehicle id="25" x="383.19" y="201.65" angle="-90.00" type="DEFAULT_VEHTYPE" speed="11.42" pos="12.06" lane="2/1to1/1_0" slope="0.00"/>
        <vehicle id="26" x="201.65" y="585.44" angle="180.00" type="DEFAULT_VEHTYPE" speed="12.61" pos="180.69" lane="1/2to1/3_0" slope="0.00"/>
        <vehicle id="27" x="214.91" y="198.35" angle="90.00" type="DEFAULT_VEHTYPE" speed="7.24" pos="10.16" lane="1/1to2/1_0" slope="0.00"/>
        <vehicle id="28" x="398.35" y="469.01" angle="0.00" type="DEFAULT_VEHTYPE" speed="13.27" pos="126.24" lane="2/3to2/2_0" slope="0.00"/>
        <vehicle id="29" x="428.40" y="201.65" angle="-90.00" type="DEFAULT_VEHTYPE" speed="12.96" pos="166.85" lane="3/1to2/1_0" slope="0.00"/>
        <vehicle id="3" x="207.25" y="201.65" angle="-90.00" type="DEFAULT_VEHTYPE" speed="0.00" pos="188.00" lane="2/1to1/1_0" slope="0.00"/>
        <vehicle id="30" x="192.75" y="198.35" angle="90.00" type="DEFAULT_VEHTYPE" speed="0.00" pos="192.75" lane="0/1to1/1_0" slope="0.00"/>
        <vehicle id="31" x="390.67" y="598.35" angle="90.00" type="DEFAULT_VEHTYPE" speed="2.70" pos="185.92" lane="1/3to2/3_0" slope="0.00"/>
        <vehicle id="32" x="398.35" y="253.31" angle="0.00" type="DEFAULT_VEHTYPE" speed="13.55" pos="141.94" lane="2/2to2/1_0" slope="0.00"/>
        <vehicle id="33" x="198.35" y="508.30" angle="0.00" type="DEFAULT_VEHTYPE" speed="13.45" pos="86.95" lane="1/3to1/2_0" slope="0.00"/>
        <vehicle id="34" x="598.35" y="277.94" angle="0.00" type="DEFAULT_VEHTYPE" speed="13.05" pos="117.31" lane="3/2to3/1_0" slope="0.00"/>
        <vehicle id="35" x="401.65" y="689.14" angle="180.00" type="DEFAULT_VEHTYPE" speed="13.24" pos="84.39" lane="2/3to2/4_0" slope="0.00"/>
        <vehicle id="36" x="201.65" y="292.99" angle="180.00" type="DEFAULT_VEHTYPE" speed="12.75" pos="88.24" lane="1/1to1/2_0" slope="0.00"/>
        <vehicle id="37" x="468.46" y="198.35" angle="90.00" type="DEFAULT_VEHTYPE" speed="12.85" pos="63.71" lane="2/1to3/1_0" slope="0.00"/>
        <vehicle id="38" x="201.65" y="254.39" angle="180.00" type="DEFAULT_VEHTYPE" speed="13.00" pos="49.64" lane="1/1to1/2_0" slope="0.00"/>
        <vehicle id="4" x="198.35" y="278.03" angle="0.00" type="DEFAULT_VEHTYPE" speed="13.24" pos="117.22" lane="1/2to1/1_0" slope="0.00"/>
        <vehicle id="40" x="412.49" y="601.65" angle="-90.00" type="DEFAULT_VEHTYPE" speed="6.56" pos="182.76" lane="3/3to2/3_0" slope="0.00"/>
        <vehicle id="41" x="185.25" y="198.35" angle="90.00" type="DEFAULT_VEHTYPE" speed="0.00" pos="185.25" lane="0/1to1/1_0" slope="0.00"/>
        <vehicle id="42" x="198.35" y="427.95" angle="0.00" type="DEFAULT_VEHTYPE" speed="13.28" pos="167.30" lane="1/3to1/2_0" slope="0.00"/>
        <vehicle id="43" x="572.17" y="598.35" angle="90.00" type="DEFAULT_VEHTYPE" speed="12.57" pos="167.42" lane="2/3to3/3_0" slope="0.00"/>
        <vehicle id="44" x="201.65" y="413.05" angle="180.00" type="DEFAULT_VEHTYPE" speed="12.88" pos="8.30" lane="1/2to1/3_0" slope="0.00"/>
        <vehicle id="45" x="401.65" y="434.77" angle="180.00" type="DEFAULT_VEHTYPE" speed="13.46" pos="30.02" lane="2/2to2/3_0" slope="0.00"/>
        <vehicle id="46" x="198.35" y="319.71" angle="0.00" type="DEFAULT_VEHTYPE" speed="13.01" pos="75.54" lane="1/2to1/1_0" slope="0.00"/>
        <vehicle id="47" x="401.65" y="584.47" angle="180.00" type="DEFAULT_VEHTYPE" speed="13.40" pos="179.72" lane="2/2to2/3_0" slope="0.00"/>
        <vehicle id="48" x="201.65" y="141.03" angle="180.00" type="DEFAULT_VEHTYPE" speed="13.22" pos="141.03" lane="1/0to1/1_0" slope="0.00"/>
        <vehicle id="49" x="401.34" y="402.58" angle="140.44" type="DEFAULT_VEHTYPE" speed="8.47" pos="8.13" lane=":2/2_14_0" slope="0.00"/>
        <vehicle id="5" x="305.83" y="598.35" angle="90.00" type="DEFAULT_VEHTYPE" speed="13.75" pos="101.08" lane="1/3to2/3_0" slope="0.00"/>
        <vehicle id="6" x="204.48" y="601.65" angle="-90.00" type="DEFAULT_VEHTYPE" speed="5.66" pos="0.27" lane=":1/3_5_0" slope="0.00"/>
        <vehicle id="7" x="207.27" y="401.65" angle="-90.00" type="DEFAULT_VEHTYPE" speed="0.12" pos="187.98" lane="2/2to1/2_0" slope="0.00"/>
        <vehicle id="8" x="401.65" y="644.13" angle="180.00" type="DEFAULT_VEHTYPE" speed="13.42" pos="39.38" lane="2/3to2/4_0" slope="0.00"/>
        <vehicle id="9" x="690.71" y="598.35" angle="90.00" type="DEFAULT_VEHTYPE" speed="13.76" pos="85.96" lane="3/3to4/3_0" slope="0.00"/>
    </timestep>
    <timestep time="79.00">
        <vehicle id="0" x="401.65" y="760.02" angle="180.00" type="DEFAULT_VEHTYPE" speed="13.04" pos="155.27" lane="2/3to2/4_0" slope="0.00"/>
        <vehicle id="1" x="528.34" y="198.35" angle="90.00" type="DEFAULT_VEHTYPE" speed="12.72" pos="123.59" lane="2/1to3/1_0" slope="0.00"/>
        <vehicle id="11" x="167.43" y="201.65" angle="-90.00" type="DEFAULT_VEHTYPE" speed="12.86" pos="27.82" lane="1/1to0/1_0" slope="0.00"/>
        <vehicle id="13" x="384.37" y="198.35" angle="90.00" type="DEFAULT_VEHTYPE" speed="8.15" pos="179.62" lane="1/1to2/1_0" slope="0.00"/>
        <vehicle id="14" x="488.76" y="398.35" angle="90.00" type="DEFAULT_VEHTYPE" speed="12.94" pos="84.01" lane="2/2to3/2_0" slope="0.00"/>
        <vehicle id="15" x="401.65" y="342.37" angle="180.00" type="DEFAULT_VEHTYPE" speed="13.07" pos="137.62" lane="2/1to2/2_0" slope="0.00"/>
        <vehicle id="17" x="398.35" y="490.04" angle="0.00" type="DEFAULT_VEHTYPE" speed="12.87" pos="105.21" lane="2/3to2/2_0" slope="0.00"/>
        <vehicle id="18" x="398.35" y="704.69" angle="0.00" type="DEFAULT_VEHTYPE" speed="13.53" pos="95.31" lane="2/4to2/3_0" slope="0.00"/>
        <vehicle id="19" x="198.35" y="340.67" angle="0.00" type="DEFAULT_VEHTYPE" speed="12.68" pos="54.58" lane="1/2to1/1_0" slope="0.00"/>
        <vehicle id="20" x="401.65" y="5.52" angle="180.00" type="DEFAULT_VEHTYPE" speed="12.84" pos="5.52" lane="2/0to2/1_0" slope="0.00"/>
        <vehicle id="21" x="401.65" y="791.13" angle="180.00" type="DEFAULT_VEHTYPE" speed="12.96" pos="186.38" lane="2/3to2/4_0" slope="0.00"/>
        <vehicle id="22" x="401.65" y="81.47" angle="180.00" type="DEFAULT_VEHTYPE" speed="13.87" pos="81.47" lane="2/0to2/1_0" slope="0.00"/>
        <vehicle id="23" x="515.68" y="398.35" angle="90.00" type="DEFAULT_VEHTYPE" speed="13.88" pos="110.93" lane="2/2to3/2_0" slope="0.00"/>
        <vehicle id="24" x="201.65" y="472.06" angle="180.00" type="DEFAULT_VEHTYPE" speed="13.70" pos="67.31" lane="1/2to1/3_0" slope="0.00"/>
        <vehicle id="25" x="370.26" y="201.65" angle="-90.00" type="DEFAULT_VEHTYPE" speed="12.93" pos="24.99" lane="2/1to1/1_0" slope="0.00"/>
        <vehicle id="26" x="203.39" y="598.16" angle="157.93" type="DEFAULT_VEHTYPE" speed="13.44" pos="3.63" lane=":1/3_8_0" slope="0.00"/>
        <vehicle id="27" x="224.05" y="198.35" angle="90.00" type="DEFAULT_VEHTYPE" speed="9.14" pos="19.30" lane="1/1to2/1_0" slope="0.00"/>
        <vehicle id="28" x="398.35" y="456.33" angle="0.00" type="DEFAULT_VEHTYPE" speed="12.68" pos="138.92" lane="2/3to2/2_0" slope="0.00"/>
        <vehicle id="29" x="419.10" y="201.65" angle="-90.00" type="DEFAULT_VEHTYPE" speed="9.30" pos="176.15" lane="3/1to2/1_0" slope="0.00"/>
        <vehicle id="3" x="205.08" y="201.65" angle="-90.00" type="DEFAULT_VEHTYPE" speed="2.18" pos="190.17" lane="2/1to1/1_0" slope="0.00"/>
        <vehicle id="30" x="192.75" y="198.35" angle="90.00" type="DEFAULT_VEHTYPE" speed="0.00" pos="192.75" lane="0/1to1/1_0" slope="0.00"/>
        <vehicle id="31" x="391.79" y="598.35" angle="90.00" type="DEFAULT_VEHTYPE" speed="1.12" pos="187.04" lane="1/3to2/3_0" slope="0.00"/>
        <vehicle id="32" x="398.35" y="240.08" angle="0.00" type="DEFAULT_VEHTYPE" speed="13.23" pos="155.17" lane="2/2to2/1_0" slope="0.00"/>
        <vehicle id="33" x="198.35" y="494.93" angle="0.00" type="DEFAULT_VEHTYPE" speed="13.37" pos="100.32" lane="1/3to1/2_0" slope="0.00"/>
        <vehicle id="34" x="598.35" y="265.00" angle="0.00" type="DEFAULT_VEHTYPE" speed="12.94" pos="130.25" lane="3/2to3/1_0" slope="0.00"/>
        <vehicle id="35" x="401.65" y="702.47" angle="180.00" type="DEFAULT_VEHTYPE" speed="13.33" pos="97.72" lane="2/3to2/4_0" slope="0.00"/>
        <vehicle id="36" x="201.65" y="306.28" angle="180.00" type="DEFAULT_VEHTYPE" speed="13.30" pos="101.53" lane="1/1to1/2_0" slope="0.00"/>
        <vehicle id="37" x="482.07" y="198.35" angle="90.00" type="DEFAULT_VEHTYPE" speed="13.61" pos="77.32" lane="2/1to3/1_0" slope="0.00"/>
        <vehicle id="38" x="201.65" y="267.13" angle="180.00" type="DEFAULT_VEHTYPE" speed="12.74" pos="62.38" lane="1/1to1/2_0" slope="0.00"/>
        <vehicle id="4" x="198.35" y="264.33" angle="0.00" type="DEFAULT_VEHTYPE" speed="13.70" pos="130.92" lane="1/2to1/1_0" slope="0.00"/>
        <vehicle id="40" x="410.03" y="601.65" angle="-90.00" type="DEFAULT_VEHTYPE" speed="2.47" pos="185.22" lane="3/3to2/3_0" slope="0.00"/>
        <vehicle id="41" x="185.25" y="198.35" angle="90.00" type="DEFAULT_VEHTYPE" speed="0.00" pos="185.25" lane="0/1to1/1_0" slope="0.00"/>
        <vehicle id="42" x="198.35" y="418.79" angle="0.00" type="DEFAULT_VEHTYPE" speed="9.16" pos="176.46" lane="1/3to1/2_0" slope="0.00"/>
        <vehicle id="43" x="580.78" y="598.35" angle="90.00" type="DEFAULT_VEHTYPE" speed="8.60" pos="176.03" lane="2/3to3/3_0" slope="0.00"/>
        <vehicle id="44" x="201.65" y="426.52" angle="180.00" type="DEFAULT_VEHTYPE" speed="13.47" pos="21.77" lane="1/2to1/3_0" slope="0.00"/>
        <vehicle id="45" x="401.65" y="448.58" angle="180.00" type="DEFAULT_VEHTYPE" speed="13.81" pos="43.83" lane="2/2to2/3_0" slope="0.00"/>
        <vehicle id="46" x="198.35" y="307.06" angle="0.00" type="DEFAULT_VEHTYPE" speed="12.65" pos="88.19" lane="1/2to1/1_0" slope="0.00"/>
        <vehicle id="47" x="402.93" y="597.88" angle="164.35" type="DEFAULT_VEHTYPE" speed="13.86" pos="3.09" lane=":2/3_8_0" slope="0.00"/>
        <vehicle id="48" x="201.65" y="154.25" angle="180.00" type="DEFAULT_VEHTYPE" speed="13.22" pos="154.25" lane="1/0to1/1_0" slope="0.00"/>
        <vehicle id="49" x="401.65" y="412.63" angle="180.00" type="DEFAULT_VEHTYPE" speed="10.08" pos="7.88" lane="2/2to2/3_0" slope="0.00"/>
        <vehicle id="5" x="318.71" y="598.35" angle="90.00" type="DEFAULT_VEHTYPE" speed="12.88" pos="113.96" lane="1/3to2/3_0" slope="0.00"/>
        <vehicle id="6" x="197.11" y="601.65" angle="-90.00" type="DEFAULT_VEHTYPE" speed="7.38" pos="7.64" lane=":1/3_5_0" slope="0.00"/>
        <vehicle id="7" x="207.25" y="401.65" angle="-90.00" type="DEFAULT_VEHTYPE" speed="0.02" pos="188.00" lane="2/2to1/2_0" slope="0.00"/>
        <vehicle id="8" x="401.65" y="657.80" angle="180.00" type="DEFAULT_VEHTYPE" speed="13.67" pos="53.05" lane="2/3to2/4_0" slope="0.00"/>
        <vehicle id="9" x="703.32" y="598.35" angle="90.00" type="DEFAULT_VEHTYPE" speed="12.61" pos="98.57" lane="3/3to4/3_0" slope="0.00"/>
    </timestep>
    <timestep time="80.00">
        <vehicle id="0" x="401.65" y="773.91" angle="180.00" type="DEFAULT_VEHTYPE" speed="13.89" pos="169.16" lane="2/3to2/4_0" slope="0.00"/>
        <vehicle id="1" x="541.47" y="198.35" angle="90.00" type="DEFAULT_VEHTYPE" speed="13.12" pos="136.72" lane="2/1to3/1_0" slope="0.00"/>
        <vehicle id="11" x="154.04" y="201.65" angle="-90.00" type="DEFAULT_VEHTYPE" speed="13.40" pos="41.21" lane="1/1to0/1_0" slope="0.00"/>
        <vehicle id="13" x="389.30" y="198.35" angle="90.00" type="DEFAULT_VEHTYPE" speed="4.94" pos="184.55" lane="1/1to2/1_0" slope="0.00"/>
        <vehicle id="14" x="502.51" y="398.35" angle="90.00" type="DEFAULT_VEHTYPE" speed="13.75" pos="97.76" lane="2/2to3/2_0" slope="0.00"/>
        <vehicle id="15" x="401.65" y="356.02" angle="180.00" type="DEFAULT_VEHTYPE" speed="13.65" pos="151.27" lane="2/1to2/2_0" slope="0.00"/>
        <vehicle id="17" x="398.35" y="476.78" angle="0.00" type="DEFAULT_VEHTYPE" speed="13.27" pos="118.47" lane="2/3to2/2_0" slope="0.00"/>
        <vehicle id="18" x="398.35" y="691.93" angle="0.00" type="DEFAULT_VEHTYPE" speed="12.76" pos="108.07" lane="2/4to2/3_0" slope="0.00"/>
        <vehicle id="19" x="198.35" y="326.78" angle="0.00" type="DEFAULT_VEHTYPE" speed="13.89" pos="68.47" lane="1/2to1/1_0" slope="0.00"/>
        <vehicle id="20" x="401.65" y="18.16" angle="180.00" type="DEFAULT_VEHTYPE" speed="12.64" pos="18.16" lane="2/0to2/1_0" slope="0.00"/>
        <vehicle id="21" x="398.61" y="800.39" angle="-108.88" type="DEFAULT_VEHTYPE" speed="13.22" pos="4.35" lane=":2/4_0_0" slope="0.00"/>
        <vehicle id="22" x="401.65" y="95.06" angle="180.00" type="DEFAULT_VEHTYPE" speed="13.59" pos="95.06" lane="2/0to2/1_0" slope="0.00"/>
        <vehicle id="23" x="528.61" y="398.35" angle="90.00" type="DEFAULT_VEHTYPE" speed="12.93" pos="123.86" lane="2/2to3/2_0" slope="0.00"/>
        <vehicle id="24" x="201.65" y="484.95" angle="180.00" type="DEFAULT_VEHTYPE" speed="12.89" pos="80.20" lane="1/2to1/3_0" slope="0.00"/>
        <vehicle id="25" x="357.44" y="201.65" angle="-90.00" type="DEFAULT_VEHTYPE" speed="12.82" pos="37.81" lane="2/1to1/1_0" slope="0.00"/>
        <vehicle id="26" x="216.75" y="598.35" angle="90.00" type="DEFAULT_VEHTYPE" speed="13.37" pos="12.00" lane="1/3to2/3_0" slope="0.00"/>
        <vehicle id="27" x="235.11" y="198.35" angle="90.00" type="DEFAULT_VEHTYPE" speed="11.06" pos="30.36" lane="1/1to2/1_0" slope="0.00"/>
        <vehicle id="28" x="398.35" y="442.66" angle="0.00" type="DEFAULT_VEHTYPE" speed="13.67" pos="152.59" lane="2/3to2/2_0" slope="0.00"/>
        <vehicle id="29" x="412.65" y="201.65" angle="-90.00" type="DEFAULT_VEHTYPE" speed="6.45" pos="182.60" lane="3/1to2/1_0" slope="0.00"/>
        <vehicle id="3" x="201.09" y="201.65" angle="-90.00" type="DEFAULT_VEHTYPE" speed="3.99" pos="3.66" lane=":1/1_5_0" slope="0.00"/>
        <vehicle id="30" x="192.75" y="198.35" angle="90.00" type="DEFAULT_VEHTYPE" speed="0.00" pos="192.75" lane="0/1to1/1_0" slope="0.00"/>
        <vehicle id="31" x="392.51" y="598.35" angle="90.00" type="DEFAULT_VEHTYPE" speed="0.73" pos="187.76" lane="1/3to2/3_0" slope="0.00"/>
        <vehicle id="32" x="398.35" y="227.12" angle="0.00" type="DEFAULT_VEHTYPE" speed="12.96" pos="168.13" lane="2/2to2/1_0" slope="0.00"/>
        <vehicle id="33" x="198.35" y="481.71" angle="0.00" type="DEFAULT_VEHTYPE" speed="13.22" pos="113.54" lane="1/3to1/2_0" slope="0.00"/>
        <vehicle id="34" x="598.35" y="251.59" angle="0.00" type="DEFAULT_VEHTYPE" speed="13.41" pos="143.66" lane="3/2to3/1_0" slope="0.00"/>
        <vehicle id="35" x="401.65" y="715.96" angle="180.00" type="DEFAULT_VEHTYPE" speed="13.49" pos="111.21" lane="2/3to2/4_0" slope="0.00"/>
        <vehicle id="36" x="201.65" y="319.22" angle="180.00" type="DEFAULT_VEHTYPE" speed="12.93" pos="114.47" lane="1/1to1/2_0" slope="0.00"/>
        <vehicle id="37" x="494.90" y="198.35" angle="90.00" type="DEFAULT_VEHTYPE" speed="12.83" pos="90.15" lane="2/1to3/1_0" slope="0.00"/>
        <vehicle id="38" x="201.65" y="280.12" angle="180.00" type="DEFAULT_VEHTYPE" speed="12.99" pos="75.37" lane="1/1to1/2_0" slope="0.00"/>
        <vehicle id="4" x="198.35" y="251.33" angle="0.00" type="DEFAULT_VEHTYPE" speed="13.01" pos="143.92" lane="1/2to1/1_0" slope="0.00"/>
        <vehicle id="40" x="406.14" y="601.65" angle="-90.00" type="DEFAULT_VEHTYPE" speed="3.89" pos="189.11" lane="3/3to2/3_0" slope="0.00"/>
        <vehicle id="41" x="185.25" y="198.35" angle="90.00" type="DEFAULT_VEHTYPE" speed="0.00" pos="185.25" lane="0/1to1/1_0" slope="0.00"/>
        <vehicle id="42" x="198.35" y="412.86" angle="0.00" type="DEFAULT_VEHTYPE" speed="5.93" pos="182.39" lane="1/3to1/2_0" slope="0.00"/>
        <vehicle id="43" x="586.97" y="598.35" angle="90.00" type="DEFAULT_VEHTYPE" speed="6.19" pos="182.22" lane="2/3to3/3_0" slope="0.00"/>
        <vehicle id="44" x="201.65" y="439.95" angle="180.00" type="DEFAULT_VEHTYPE" speed="13.42" pos="35.20" lane="1/2to1/3_0" slope="0.00"/>
        <vehicle id="45" x="401.65" y="462.28" angle="180.00" type="DEFAULT_VEHTYPE" speed="13.71" pos="57.53" lane="2/2to2/3_0" slope="0.00"/>
        <vehicle id="46" x="198.35" y="294.05" angle="0.00" type="DEFAULT_VEHTYPE" speed="13.00" pos="101.20" lane="1/2to1/1_0" slope="0.00"/>
        <vehicle id="47" x="416.10" y="598.35" angle="90.00" type="DEFAULT_VEHTYPE" speed="13.26" pos="11.35" lane="2/3to3/3_0" slope="0.00"/>
        <vehicle id="48" x="201.65" y="167.71" angle="180.00" type="DEFAULT_VEHTYPE" speed="13.46" pos="167.71" lane="1/0to1/1_0" slope="0.00"/>
        <vehicle id="49" x="401.65" y="424.19" angle="180.00" type="DEFAULT_VEHTYPE" speed="11.56" pos="19.44" lane="2/2to2/3_0" slope="0.00"/>
        <vehicle id="5" x="332.57" y="598.35" angle="90.00" type="DEFAULT_VEHTYPE" speed="13.86" pos="127.82" lane="1/3to2/3_0" slope="0.00"/>
        <vehicle id="6" x="188.19" y="601.65" angle="-90.00" type="DEFAULT_VEHTYPE" speed="8.91" pos="7.06" lane="1/3to0/3_0" slope="0.00"/>
        <vehicle id="7" x="207.25" y="401.65" angle="-90.00" type="DEFAULT_VEHTYPE" speed="0.00" pos="188.00" lane="2/2to1/2_0" slope="0.00"/>
        <vehicle id="8" x="401.65" y="671.21" angle="180.00" type="DEFAULT_VEHTYPE" speed="13.41" pos="66.46" lane="2/3to2/4_0" slope="0.00"/>
        <vehicle id="9" x="717.09" y="598.35" angle="90.00" type="DEFAULT_VEHTYPE" speed="13.77" pos="112.34" lane="3/3to4/3_0" slope="0.00"/>
    </timestep>
    <timestep time="81.00">
        <vehicle id="0" x="401.65" y="787.71" angle="180.00" type="DEFAULT_VEHTYPE" speed="13.80" pos="182.96" lane="2/3to2/4_0" slope="0.00"/>
        <vehicle id="1" x="554.56" y="198.35" angle="90.00" type="DEFAULT_VEHTYPE" speed="13.09" pos="149.81" lane="2/1to3/1_0" slope="0.00"/>
        <vehicle id="11" x="140.60" y="201.65" angle="-90.00" type="DEFAULT_VEHTYPE" speed="13.43" pos="54.65" lane="1/1to0/1_0" slope="0.00"/>
        <vehicle id="13" x="390.86" y="198.35" angle="90.00" type="DEFAULT_VEHTYPE" speed="1.56" pos="186.11" lane="1/1to2/1_0" slope="0.00"/>
        <vehicle id="14" x="516.28" y="398.35" angle="90.00" type="DEFAULT_VEHTYPE" speed="13.77" pos="111.53" lane="2/2to3/2_0" slope="0.00"/>
        <vehicle id="15" x="401.65" y="369.42" angle="180.00" type="DEFAULT_VEHTYPE" speed="13.40" pos="164.67" lane="2/1to2/2_0" slope="0.00"/>
        <vehicle id="17" x="398.35" y="463.06" angle="0.00" type="DEFAULT_VEHTYPE" speed="13.72" pos="132.19" lane="2/3to2/2_0" slope="0.00"/>
        <vehicle id="18" x="398.35" y="679.27" angle="0.00" type="DEFAULT_VEHTYPE" speed="12.65" pos="120.73" lane="2/4to2/3_0" slope="0.00"/>
        <vehicle id="19" x="198.35" y="313.25" angle="0.00" type="DEFAULT_VEHTYPE" speed="13.53" pos="82.00" lane="1/2to1/1_0" slope="0.00"/>
        <vehicle id="20" x="401.65" y="31.49" angle="180.00" type="DEFAULT_VEHTYPE" speed="13.34" pos="31.49" lane="2/0to2/1_0" slope="0.00"/>
        <vehicle id="21" x="398.35" y="787.46" angle="0.00" type="DEFAULT_VEHTYPE" speed="13.01" pos="12.54" lane="2/4to2/3_0" slope="0.00"/>
        <vehicle id="22" x="401.65" y="108.06" angle="180.00" type="DEFAULT_VEHTYPE" speed="13.01" pos="108.06" lane="2/0to2/1_0" slope="0.00"/>
        <vehicle id="23" x="541.92" y="398.35" angle="90.00" type="DEFAULT_VEHTYPE" speed="13.31" pos="137.17" lane="2/2to3/2_0" slope="0.00"/>
        <vehicle id="24" x="201.65" y="498.55" angle="180.00" type="DEFAULT_VEHTYPE" speed="13.60" pos="93.80" lane="1/2to1/3_0" slope="0.00"/>
        <vehicle id="25" x="343.58" y="201.65" angle="-90.00" type="DEFAULT_VEHTYPE" speed="13.86" pos="51.67" lane="2/1to1/1_0" slope="0.00"/>
        <vehicle id="26" x="230.29" y="598.35" angle="90.00" type="DEFAULT_VEHTYPE" speed="13.55" pos="25.54" lane="1/3to2/3_0" slope="0.00"/>
        <vehicle id="27" x="248.14" y="198.35" angle="90.00" type="DEFAULT_VEHTYPE" speed="13.03" pos="43.39" lane="1/1to2/1_0" slope="0.00"/>
        <vehicle id="28" x="398.35" y="429.06" angle="0.00" type="DEFAULT_VEHTYPE" speed="13.60" pos="166.19" lane="2/3to2/2_0" slope="0.00"/>
        <vehicle id="29" x="409.44" y="201.65" angle="-90.00" type="DEFAULT_VEHTYPE" speed="3.21" pos="185.81" lane="3/1to2/1_0" slope="0.00"/>
        <vehicle id="3" x="195.07" y="201.65" angle="-90.00" type="DEFAULT_VEHTYPE" speed="6.02" pos="0.18" lane="1/1to0/1_0" slope="0.00"/>
        <vehicle id="30" x="192.75" y="198.35" angle="90.00" type="DEFAULT_VEHTYPE" speed="0.00" pos="192.75" lane="0/1to1/1_0" slope="0.00"/>
        <vehicle id="31" x="394.85" y="598.35" angle="90.00" type="DEFAULT_VEHTYPE" speed="2.33" pos="190.10" lane="1/3to2/3_0" slope="0.00"/>
        <vehicle id="32" x="398.35" y="213.83" angle="0.00" type="DEFAULT_VEHTYPE" speed="13.29" pos="181.42" lane="2/2to2/1_0" slope="0.00"/>
        <vehicle id="33" x="198.35" y="468.97" angle="0.00" type="DEFAULT_VEHTYPE" speed="12.74" pos="126.28" lane="1/3to1/2_0" slope="0.00"/>
        <vehicle id="34" x="598.35" y="238.90" angle="0.00" type="DEFAULT_VEHTYPE" speed="12.69" pos="156.35" lane="3/2to3/1_0" slope="0.00"/>
        <vehicle id="35" x="401.65" y="729.35" angle="180.00" type="DEFAULT_VEHTYPE" speed="13.39" pos="124.60" lane="2/3to2/4_0" slope="0.00"/>
        <vehicle id="36" x="201.65" y="331.97" angle="180.00" type="DEFAULT_VEHTYPE" speed="12.75" pos="127.22" lane="1/1to1/2_0" slope="0.00"/>
        <vehicle id="37" x="508.00" y="198.35" angle="90.00" type="DEFAULT_VEHTYPE" speed="13.09" pos="103.25" lane="2/1to3/1_0" slope="0.00"/>
        <vehicle id="38" x="201.65" y="293.48" angle="180.00" type="DEFAULT_VEHTYPE" speed="13.36" pos="88.73" lane="1/1to1/2_0" slope="0.00"/>
        <vehicle id="4" x="198.35" y="237.66" angle="0.00" type="DEFAULT_VEHTYPE" speed="13.66" pos="157.59" lane="1/2to1/1_0" slope="0.00"/>
        <vehicle id="40" x="400.06" y="601.65" angle="-90.00" type="DEFAULT_VEHTYPE" speed="6.07" pos="4.69" lane=":2/3_5_0" slope="0.00"/>
        <vehicle id="41" x="185.25" y="198.35" angle="90.00" type="DEFAULT_VEHTYPE" speed="0.00" pos="185.25" lane="0/1to1/1_0" slope="0.00"/>
        <vehicle id="42" x="198.35" y="409.07" angle="0.00" type="DEFAULT_VEHTYPE" speed="3.79" pos="186.18" lane="1/3to1/2_0" slope="0.00"/>
        <vehicle id="43" x="590.26" y="598.35" angle="90.00" type="DEFAULT_VEHTYPE" speed="3.29" pos="185.51" lane="2/3to3/3_0" slope="0.00"/>
        <vehicle id="44" x="201.65" y="453.09" angle="180.00" type="DEFAULT_VEHTYPE" speed="13.15" pos="48.34" lane="1/2to1/3_0" slope="0.00"/>
        <vehicle id="45" x="401.65" y="475.53" angle="180.00" type="DEFAULT_VEHTYPE" speed="13.25" pos="70.78" lane="2/2to2/3_0" slope="0.00"/>
        <vehicle id="46" x="198.35" y="280.99" angle="0.00" type="DEFAULT_VEHTYPE" speed="13.06" pos="114.26" lane="1/2to1/1_0" slope="0.00"/>
        <vehicle id="47" x="429.73" y="598.35" angle="90.00" type="DEFAULT_VEHTYPE" speed="13.63" pos="24.98" lane="2/3to3/3_0" slope="0.00"/>
        <vehicle id="48" x="201.65" y="177.69" angle="180.00" type="DEFAULT_VEHTYPE" speed="9.98" pos="177.69" lane="1/0to1/1_0" slope="0.00"/>
        <vehicle id="49" x="401.65" y="437.25" angle="180.00" type="DEFAULT_VEHTYPE" speed="13.06" pos="32.50" lane="2/2to2/3_0" slope="0.00"/>
        <vehicle id="5" x="345.92" y="598.35" angle="90.00" type="DEFAULT_VEHTYPE" speed="13.35" pos="141.17" lane="1/3to2/3_0" slope="0.00"/>
        <vehicle id="6" x="176.68" y="601.65" angle="-90.00" type="DEFAULT_VEHTYPE" speed="11.51" pos="18.57" lane="1/3to0/3_0" slope="0.00"/>
        <vehicle id="7" x="207.25" y="401.65" angle="-90.00" type="DEFAULT_VEHTYPE" speed="0.00" pos="188.00" lane="2/2to1/2_0" slope="0.00"/>
        <vehicle id="8" x="401.65" y="684.00" angle="180.00" type="DEFAULT_VEHTYPE" speed="12.79" pos="79.25" lane="2/3to2/4_0" slope="0.00"/>
        <vehicle id="9" x="730.57" y="598.35" angle="90.00" type="DEFAULT_VEHTYPE" speed="13.48" pos="125.82" lane="3/3to4/3_0" slope="0.00"/>
    </timestep>
    <timestep time="82.00">
        <vehicle id="0" x="400.94" y="801.07" angle="-171.58" type="DEFAULT_VEHTYPE" speed="13.58" pos="1.29" lane=":2/4_0_0" slope="0.00"/>
        <vehicle id="1" x="568.16" y="198.35" angle="90.00" type="DEFAULT_VEHTYPE" speed="13.60" pos="163.41" lane="2/1to3/1_0" slope="0.00"/>
        <vehicle id="11" x="126.75" y="201.65" angle="-90.00" type="DEFAULT_VEHTYPE" speed="13.85" pos="68.50" lane="1/1to0/1_0" slope="0.00"/>
        <vehicle id="13" x="392.31" y="198.35" angle="90.00" type="DEFAULT_VEHTYPE" speed="1.45" pos="187.56" lane="1/1to2/1_0" slope="0.00"/>
        <vehicle id="14" x="529.76" y="398.35" angle="90.00" type="DEFAULT_VEHTYPE" speed="13.48" pos="125.01" lane="2/2to3/2_0" slope="0.00"/>
        <vehicle id="15" x="401.65" y="382.29" angle="180.00" type="DEFAULT_VEHTYPE" speed="12.87" pos="177.54" lane="2/1to2/2_0" slope="0.00"/>
        <vehicle id="17" x="398.35" y="450.22" angle="0.00" type="DEFAULT_VEHTYPE" speed="12.84" pos="145.03" lane="2/3to2/2_0" slope="0.00"/>
        <vehicle id="18" x="398.35" y="665.98" angle="0.00" type="DEFAULT_VEHTYPE" speed="13.30" pos="134.02" lane="2/4to2/3_0" slope="0.00"/>
        <vehicle id="19" x="198.35" y="299.62" angle="0.00" type="DEFAULT_VEHTYPE" speed="13.63" pos="95.63" lane="1/2to1/1_0" slope="0.00"/>
        <vehicle id="20" x="401.65" y="44.66" angle="180.00" type="DEFAULT_VEHTYPE" speed="13.17" pos="44.66" lane="2/0to2/1_0" slope="0.00"/>
        <vehicle id="21" x="398.35" y="774.24" angle="0.00" type="DEFAULT_VEHTYPE" speed="13.21" pos="25.76" lane="2/4to2/3_0" slope="0.00"/>
        <vehicle id="22" x="401.65" y="121.55" angle="180.00" type="DEFAULT_VEHTYPE" speed="13.49" pos="121.55" lane="2/0to2/1_0" slope="0.00"/>
        <vehicle id="23" x="555.21" y="398.35" angle="90.00" type="DEFAULT_VEHTYPE" speed="13.29" pos="150.46" lane="2/2to3/2_0" slope="0.00"/>
        <vehicle id="24" x="201.65" y="511.20" angle="180.00" type="DEFAULT_VEHTYPE" speed="12.66" pos="106.45" lane="1/2to1/3_0" slope="0.00"/>
        <vehicle id="25" x="330.57" y="201.65" angle="-90.00" type="DEFAULT_VEHTYPE" speed="13.01" pos="64.68" lane="2/1to1/1_0" slope="0.00"/>
        <vehicle id="26" x="243.44" y="598.35" angle="90.00" type="DEFAULT_VEHTYPE" speed="13.15" pos="38.69" lane="1/3to2/3_0" slope="0.00"/>
        <vehicle id="27" x="260.76" y="198.35" angle="90.00" type="DEFAULT_VEHTYPE" speed="12.61" pos="56.01" lane="1/1to2/1_0" slope="0.00"/>
        <vehicle id="28" x="398.35" y="415.61" angle="0.00" type="DEFAULT_VEHTYPE" speed="13.45" pos="179.64" lane="2/3to2/2_0" slope="0.00"/>
        <vehicle id="29" x="404.31" y="201.71" angle="-90.70" type="DEFAULT_VEHTYPE" speed="5.13" pos="0.44" lane=":2/1_4_0" slope="0.00"/>
        <vehicle id="3" x="186.69" y="201.65" angle="-90.00" type="DEFAULT_VEHTYPE" speed="8.38" pos="8.56" lane="1/1to0/1_0" slope="0.00"/>
        <vehicle id="30" x="192.75" y="198.35" angle="90.00" type="DEFAULT_VEHTYPE" speed="0.00" pos="192.75" lane="0/1to1/1_0" slope="0.00"/>
        <vehicle id="31" x="399.60" y="598.35" angle="90.00" type="DEFAULT_VEHTYPE" speed="4.75" pos="4.35" lane=":2/3_13_0" slope="0.00"/>
        <vehicle id="32" x="395.50" y="201.69" angle="-40.60" type="DEFAULT_VEHTYPE" speed="13.83" pos="4.75" lane=":2/1_0_0" slope="0.00"/>
        <vehicle id="33" x="198.35" y="455.48" angle="0.00" type="DEFAULT_VEHTYPE" speed="13.49" pos="139.77" lane="1/3to1/2_0" slope="0.00"/>
        <vehicle id="34" x="598.35" y="227.22" angle="0.00" type="DEFAULT_VEHTYPE" speed="11.67" pos="168.03" lane="3/2to3/1_0" slope="0.00"/>
        <vehicle id="35" x="401.65" y="742.80" angle="180.00" type="DEFAULT_VEHTYPE" speed="13.45" pos="138.05" lane="2/3to2/4_0" slope="0.00"/>
        <vehicle id="36" x="201.65" y="345.13" angle="180.00" type="DEFAULT_VEHTYPE" speed="13.16" pos="140.38" lane="1/1to1/2_0" slope="0.00"/>
        <vehicle id="37" x="521.42" y="198.35" angle="90.00" type="DEFAULT_VEHTYPE" speed="13.43" pos="116.67" lane="2/1to3/1_0" slope="0.00"/>
        <vehicle id="38" x="201.65" y="306.64" angle="180.00" type="DEFAULT_VEHTYPE" speed="13.15" pos="101.89" lane="1/1to1/2_0" slope="0.00"/>
        <vehicle id="4" x="198.35" y="224.66" angle="0.00" type="DEFAULT_VEHTYPE" speed="13.00" pos="170.59" lane="1/2to1/1_0" slope="0.00"/>
        <vehicle id="40" x="391.69" y="601.65" angle="-90.00" type="DEFAULT_VEHTYPE" speed="8.37" pos="3.56" lane="2/3to1/3_0" slope="0.00"/>
        <vehicle id="41" x="185.25" y="198.35" angle="90.00" type="DEFAULT_VEHTYPE" speed="0.00" pos="185.25" lane="0/1to1/1_0" slope="0.00"/>
        <vehicle id="42" x="198.48" y="403.84" angle="1.50" type="DEFAULT_VEHTYPE" speed="5.25" pos="0.92" lane=":1/2_2_0" slope="0.00"/>
        <vehicle id="43" x="595.92" y="598.45" angle="91.10" type="DEFAULT_VEHTYPE" speed="5.67" pos="0.68" lane=":3/3_14_0" slope="0.00"/>
        <vehicle id="44" x="201.65" y="466.22" angle="180.00" type="DEFAULT_VEHTYPE" speed="13.13" pos="61.47" lane="1/2to1/3_0" slope="0.00"/>
        <vehicle id="45" x="401.65" y="489.18" angle="180.00" type="DEFAULT_VEHTYPE" speed="13.66" pos="84.43" lane="2/2to2/3_0" slope="0.00"/>
        <vehicle id="46" x="198.35" y="268.32" angle="0.00" type="DEFAULT_VEHTYPE" speed="12.67" pos="126.93" lane="1/2to1/1_0" slope="0.00"/>
        <vehicle id="47" x="443.15" y="598.35" angle="90.00" type="DEFAULT_VEHTYPE" speed="13.42" pos="38.40" lane="2/3to3/3_0" slope="0.00"/>
        <vehicle id="48" x="201.65" y="187.92" angle="180.00" type="DEFAULT_VEHTYPE" speed="10.23" pos="187.92" lane="1/0to1/1_0" slope="0.00"/>
        <vehicle id="49" x="401.65" y="450.22" angle="180.00" type="DEFAULT_VEHTYPE" speed="12.97" pos="45.47" lane="2/2to2/3_0" slope="0.00"/>
        <vehicle id="5" x="358.60" y="598.35" angle="90.00" type="DEFAULT_VEHTYPE" speed="12.69" pos="153.85" lane="1/3to2/3_0" slope="0.00"/>
        <vehicle id="6" x="163.43" y="601.65" angle="-90.00" type="DEFAULT_VEHTYPE" speed="13.25" pos="31.82" lane="1/3to0/3_0" slope="0.00"/>
        <vehicle id="7" x="207.25" y="401.65" angle="-90.00" type="DEFAULT_VEHTYPE" speed="0.00" pos="188.00" lane="2/2to1/2_0" slope="0.00"/>
        <vehicle id="8" x="401.65" y="696.77" angle="180.00" type="DEFAULT_VEHTYPE" speed="12.77" pos="92.02" lane="2/3to2/4_0" slope="0.00"/>
        <vehicle id="9" x="743.84" y="598.35" angle="90.00" type="DEFAULT_VEHTYPE" speed="13.27" pos="139.09" lane="3/3to4/3_0" slope="0.00"/>
    </timestep>
    <timestep time="83.00">
        <vehicle id="0" x="398.35" y="790.63" angle="0.00" type="DEFAULT_VEHTYPE" speed="12.91" pos="9.37" lane="2/4to2/3_0" slope="0.00"/>
        <vehicle id="1" x="578.58" y="198.35" angle="90.00" type="DEFAULT_VEHTYPE" speed="10.42" pos="173.83" lane="2/1to3/1_0" slope="0.00"/>
        <vehicle id="11" x="113.64" y="201.65" angle="-90.00" type="DEFAULT_VEHTYPE" speed="13.11" pos="81.61" lane="1/1to0/1_0" slope="0.00"/>
        <vehicle id="13" x="392.59" y="198.35" angle="90.00" type="DEFAULT_VEHTYPE" speed="0.28" pos="187.84" lane="1/1to2/1_0" slope="0.00"/>
        <vehicle id="14" x="542.69" y="398.35" angle="90.00" type="DEFAULT_VEHTYPE" speed="12.93" pos="137.94" lane="2/2to3/2_0" slope="0.00"/>
        <vehicle id="15" x="401.65" y="395.42" angle="180.00" type="DEFAULT_VEHTYPE" speed="13.13" pos="0.17" lane=":2/2_9_0" slope="0.00"/>
        <vehicle id="17" x="398.35" y="437.45" angle="0.00" type="DEFAULT_VEHTYPE" speed="12.77" pos="157.80" lane="2/3to2/2_0" slope="0.00"/>
        <vehicle id="18" x="398.35" y="653.27" angle="0.00" type="DEFAULT_VEHTYPE" speed="12.71" pos="146.73" lane="2/4to2/3_0" slope="0.00"/>
        <vehicle id="19" x="198.35" y="286.33" angle="0.00" type="DEFAULT_VEHTYPE" speed="13.28" pos="108.92" lane="1/2to1/1_0" slope="0.00"/>
        <vehicle id="20" x="401.65" y="58.02" angle="180.00" type="DEFAULT_VEHTYPE" speed="13.35" pos="58.02" lane="2/0to2/1_0" slope="0.00"/>
        <vehicle id="21" x="398.35" y="761.14" angle="0.00" type="DEFAULT_VEHTYPE" speed="13.11" pos="38.86" lane="2/4to2/3_0" slope="0.00"/>
        <vehicle id="22" x="401.65" y="135.25" angle="180.00" type="DEFAULT_VEHTYPE" speed="13.70" pos="135.25" lane="2/0to2/1_0" slope="0.00"/>
        <vehicle id="23" x="568.39" y="398.35" angle="90.00" type="DEFAULT_VEHTYPE" speed="13.18" pos="163.64" lane="2/2to3/2_0" slope="0.00"/>
        <vehicle id="24" x="201.65" y="523.88" angle="180.00" type="DEFAULT_VEHTYPE" speed="12.68" pos="119.13" lane="1/2to1/3_0" slope="0.00"/>
        <vehicle id="25" x="316.82" y="201.65" angle="-90.00" type="DEFAULT_VEHTYPE" speed="13.75" pos="78.43" lane="2/1to1/1_0" slope="0.00"/>
        <vehicle id="26" x="256.50" y="598.35" angle="90.00" type="DEFAULT_VEHTYPE" speed="13.06" pos="51.75" lane="1/3to2/3_0" slope="0.00"/>
        <vehicle id="27" x="274.55" y="198.35" angle="90.00" type="DEFAULT_VEHTYPE" speed="13.79" pos="69.80" lane="1/1to2/1_0" slope="0.00"/>
        <vehicle id="28" x="398.35" y="401.77" angle="0.00" type="DEFAULT_VEHTYPE" speed="13.84" pos="2.98" lane=":2/2_1_0" slope="0.00"/>
        <vehicle id="29" x="401.65" y="207.32" angle="-171.34" type="DEFAULT_VEHTYPE" speed="7.13" pos="2.57" lane="2/1to2/2_0" slope="0.00"/>
        <vehicle id="3" x="176.97" y="201.65" angle="-90.00" type="DEFAULT_VEHTYPE" speed="9.71" pos="18.28" lane="1/1to0/1_0" slope="0.00"/>
        <vehicle id="30" x="192.75" y="198.35" angle="90.00" type="DEFAULT_VEHTYPE" speed="0.00" pos="192.75" lane="0/1to1/1_0" slope="0.00"/>
        <vehicle id="31" x="406.14" y="598.35" angle="90.00" type="DEFAULT_VEHTYPE" speed="6.54" pos="1.39" lane="2/3to3/3_0" slope="0.00"/>
        <vehicle id="32" x="381.63" y="201.65" angle="-90.00" type="DEFAULT_VEHTYPE" speed="13.87" pos="13.62" lane="2/1to1/1_0" slope="0.00"/>
        <vehicle id="33" x="198.35" y="442.41" angle="0.00" type="DEFAULT_VEHTYPE" speed="13.07" pos="152.84" lane="1/3to1/2_0" slope="0.00"/>
        <vehicle id="34" x="598.35" y="218.22" angle="0.00" type="DEFAULT_VEHTYPE" speed="9.00" pos="177.03" lane="3/2to3/1_0" slope="0.00"/>
        <vehicle id="35" x="401.65" y="755.71" angle="180.00" type="DEFAULT_VEHTYPE" speed="12.92" pos="150.96" lane="2/3to2/4_0" slope="0.00"/>
        <vehicle id="36" x="201.65" y="358.28" angle="180.00" type="DEFAULT_VEHTYPE" speed="13.15" pos="153.53" lane="1/1to1/2_0" slope="0.00"/>
        <vehicle id="37" x="534.38" y="198.35" angle="90.00" type="DEFAULT_VEHTYPE" speed="12.96" pos="129.63" lane="2/1to3/1_0" slope="0.00"/>
        <vehicle id="38" x="201.65" y="319.81" angle="180.00" type="DEFAULT_VEHTYPE" speed="13.17" pos="115.06" lane="1/1to1/2_0" slope="0.00"/>
        <vehicle id="4" x="198.35" y="210.97" angle="0.00" type="DEFAULT_VEHTYPE" speed="13.69" pos="184.28" lane="1/2to1/1_0" slope="0.00"/>
        <vehicle id="40" x="380.95" y="601.65" angle="-90.00" type="DEFAULT_VEHTYPE" speed="10.75" pos="14.30" lane="2/3to1/3_0" slope="0.00"/>
        <vehicle id="41" x="185.25" y="198.35" angle="90.00" type="DEFAULT_VEHTYPE" speed="0.00" pos="185.25" lane="0/1to1/1_0" slope="0.00"/>
        <vehicle id="42" x="203.04" y="398.59" angle="55.26" type="DEFAULT_VEHTYPE" speed="7.67" pos="1.45" lane=":1/2_16_0" slope="0.00"/>
        <vehicle id="43" x="601.43" y="603.22" angle="147.17" type="DEFAULT_VEHTYPE" speed="8.10" pos="8.78" lane=":3/3_14_0" slope="0.00"/>
        <vehicle id="44" x="201.65" y="479.58" angle="180.00" type="DEFAULT_VEHTYPE" speed="13.35" pos="74.83" lane="1/2to1/3_0" slope="0.00"/>
        <vehicle id="45" x="401.65" y="502.26" angle="180.00" type="DEFAULT_VEHTYPE" speed="13.07" pos="97.51" lane="2/2to2/3_0" slope="0.00"/>
        <vehicle id="46" x="198.35" y="255.71" angle="0.00" type="DEFAULT_VEHTYPE" speed="12.61" pos="139.54" lane="1/2to1/1_0" slope="0.00"/>
        <vehicle id="47" x="456.71" y="598.35" angle="90.00" type="DEFAULT_VEHTYPE" speed="13.56" pos="51.96" lane="2/3to3/3_0" slope="0.00"/>
        <vehicle id="48" x="201.65" y="199.84" angle="180.00" type="DEFAULT_VEHTYPE" speed="11.92" pos="4.59" lane=":1/1_9_0" slope="0.00"/>
        <vehicle id="49" x="401.65" y="462.86" angle="180.00" type="DEFAULT_VEHTYPE" speed="12.64" pos="58.11" lane="2/2to2/3_0" slope="0.00"/>
        <vehicle id="5" x="371.34" y="598.35" angle="90.00" type="DEFAULT_VEHTYPE" speed="12.73" pos="166.59" lane="1/3to2/3_0" slope="0.00"/>
        <vehicle id="6" x="149.78" y="601.65" angle="-90.00" type="DEFAULT_VEHTYPE" speed="13.65" pos="45.47" lane="1/3to0/3_0" slope="0.00"/>
        <vehicle id="7" x="207.25" y="401.65" angle="-90.00" type="DEFAULT_VEHTYPE" speed="0.00" pos="188.00" lane="2/2to1/2_0" slope="0.00"/>
        <vehicle id="8" x="401.65" y="709.85" angle="180.00" type="DEFAULT_VEHTYPE" speed="13.08" pos="105.10" lane="2/3to2/4_0" slope="0.00"/>
        <vehicle id="9" x="757.24" y="598.35" angle="90.00" type="DEFAULT_VEHTYPE" speed="13.40" pos="152.49" lane="3/3to4/3_0" slope="0.00"/>
    </timestep>
    <timestep time="84.00">
        <vehicle id="0" x="398.35" y="777.44" angle="0.00" type="DEFAULT_VEHTYPE" speed="13.19" pos="22.56" lane="2/4to2/3_0" slope="0.00"/>
        <vehicle id="1" x="585.40" y="198.35" angle="90.00" type="DEFAULT_VEHTYPE" speed="6.82" pos="180.65" lane="2/1to3/1_0" slope="0.00"/>
        <vehicle id="11" x="100.32" y="201.65" angle="-90.00" type="DEFAULT_VEHTYPE" speed="13.32" pos="94.93" lane="1/1to0/1_0" slope="0.00"/>
        <vehicle id="13" x="394.29" y="198.35" angle="90.00" type="DEFAULT_VEHTYPE" speed="1.69" pos="189.54" lane="1/1to2/1_0" slope="0.00"/>
        <vehicle id="14" x="555.76" y="398.35" angle="90.00" type="DEFAULT_VEHTYPE" speed="13.07" pos="151.01" lane="2/2to3/2_0" slope="0.00"/>
        <vehicle id="15" x="401.65" y="408.41" angle="180.00" type="DEFAULT_VEHTYPE" speed="12.98" pos="3.66" lane="2/2to2/3_0" slope="0.00"/>
        <vehicle id="17" x="398.35" y="423.68" angle="0.00" type="DEFAULT_VEHTYPE" speed="13.77" pos="171.57" lane="2/3to2/2_0" slope="0.00"/>
        <vehicle id="18" x="398.35" y="640.53" angle="0.00" type="DEFAULT_VEHTYPE" speed="12.73" pos="159.47" lane="2/4to2/3_0" slope="0.00"/>
        <vehicle id="19" x="198.35" y="273.04" angle="0.00" type="DEFAULT_VEHTYPE" speed="13.29" pos="122.21" lane="1/2to1/1_0" slope="0.00"/>
        <vehicle id="20" x="401.65" y="70.88" angle="180.00" type="DEFAULT_VEHTYPE" speed="12.86" pos="70.88" lane="2/0to2/1_0" slope="0.00"/>
        <vehicle id="21" x="398.35" y="748.10" angle="0.00" type="DEFAULT_VEHTYPE" speed="13.04" pos="51.90" lane="2/4to2/3_0" slope="0.00"/>
        <vehicle id="22" x="401.65" y="148.92" angle="180.00" type="DEFAULT_VEHTYPE" speed="13.67" pos="148.92" lane="2/0to2/1_0" slope="0.00"/>
        <vehicle id="23" x="579.05" y="398.35" angle="90.00" type="DEFAULT_VEHTYPE" speed="10.66" pos="174.30" lane="2/2to3/2_0" slope="0.00"/>
        <vehicle id="24" x="201.65" y="537.75" angle="180.00" type="DEFAULT_VEHTYPE" speed="13.87" pos="133.00" lane="1/2to1/3_0" slope="0.00"/>
        <vehicle id="25" x="303.38" y="201.65" angle="-90.00" type="DEFAULT_VEHTYPE" speed="13.44" pos="91.87" lane="2/1to1/1_0" slope="0.00"/>
        <vehicle id="26" x="269.71" y="598.35" angle="90.00" type="DEFAULT_VEHTYPE" speed="13.21" pos="64.96" lane="1/3to2/3_0" slope="0.00"/>
        <vehicle id="27" x="287.20" y="198.35" angle="90.00" type="DEFAULT_VEHTYPE" speed="12.66" pos="82.45" lane="1/1to2/1_0" slope="0.00"/>
        <vehicle id="28" x="398.35" y="388.80" angle="0.00" type="DEFAULT_VEHTYPE" speed="12.97" pos="6.45" lane="2/2to2/1_0" slope="0.00"/>
        <vehicle id="29" x="401.65" y="216.22" angle="180.00" type="DEFAULT_VEHTYPE" speed="8.90" pos="11.47" lane="2/1to2/2_0" slope="0.00"/>
        <vehicle id="3" x="164.74" y="201.65" angle="-90.00" type="DEFAULT_VEHTYPE" speed="12.24" pos="30.51" lane="1/1to0/1_0" slope="0.00"/>
        <vehicle id="30" x="192.75" y="198.35" angle="90.00" type="DEFAULT_VEHTYPE" speed="0.00" pos="192.75" lane="0/1to1/1_0" slope="0.00"/>
        <vehicle id="31" x="415.01" y="598.35" angle="90.00" type="DEFAULT_VEHTYPE" speed="8.87" pos="10.26" lane="2/3to3/3_0" slope="0.00"/>
        <vehicle id="32" x="368.37" y="201.65" angle="-90.00" type="DEFAULT_VEHTYPE" speed="13.26" pos="26.88" lane="2/1to1/1_0" slope="0.00"/>
        <vehicle id="33" x="198.35" y="429.10" angle="0.00" type="DEFAULT_VEHTYPE" speed="13.31" pos="166.15" lane="1/3to1/2_0" slope="0.00"/>
        <vehicle id="34" x="598.35" y="212.99" angle="0.00" type="DEFAULT_VEHTYPE" speed="5.23" pos="182.26" lane="3/2to3/1_0" slope="0.00"/>
        <vehicle id="35" x="401.65" y="768.46" angle="180.00" type="DEFAULT_VEHTYPE" speed="12.74" pos="163.71" lane="2/3to2/4_0" slope="0.00"/>
        <vehicle id="36" x="201.65" y="371.52" angle="180.00" type="DEFAULT_VEHTYPE" speed="13.24" pos="166.77" lane="1/1to1/2_0" slope="0.00"/>
        <vehicle id="37" x="547.80" y="198.35" angle="90.00" type="DEFAULT_VEHTYPE" speed="13.42" pos="143.05" lane="2/1to3/1_0" slope="0.00"/>
        <vehicle id="38" x="201.65" y="333.47" angle="180.00" type="DEFAULT_VEHTYPE" speed="13.67" pos="128.72" lane="1/1to1/2_0" slope="0.00"/>
        <vehicle id="4" x="198.35" y="197.19" angle="0.00" type="DEFAULT_VEHTYPE" speed="13.78" pos="7.56" lane=":1/1_1_0" slope="0.00"/>
        <vehicle id="40" x="367.93" y="601.65" angle="-90.00" type="DEFAULT_VEHTYPE" speed="13.02" pos="27.32" lane="2/3to1/3_0" slope="0.00"/>
        <vehicle id="41" x="185.25" y="198.35" angle="90.00" type="DEFAULT_VEHTYPE" speed="0.00" pos="185.25" lane="0/1to1/1_0" slope="0.00"/>
        <vehicle id="42" x="213.27" y="398.35" angle="90.00" type="DEFAULT_VEHTYPE" speed="10.25" pos="8.52" lane="1/2to2/2_0" slope="0.00"/>
        <vehicle id="43" x="601.65" y="613.01" angle="180.00" type="DEFAULT_VEHTYPE" speed="9.81" pos="8.26" lane="3/3to3/4_0" slope="0.00"/>
        <vehicle id="44" x="201.65" y="492.72" angle="180.00" type="DEFAULT_VEHTYPE" speed="13.14" pos="87.97" lane="1/2to1/3_0" slope="0.00"/>
        <vehicle id="45" x="401.65" y="515.73" angle="180.00" type="DEFAULT_VEHTYPE" speed="13.47" pos="110.98" lane="2/2to2/3_0" slope="0.00"/>
        <vehicle id="46" x="198.35" y="242.65" angle="0.00" type="DEFAULT_VEHTYPE" speed="13.06" pos="152.60" lane="1/2to1/1_0" slope="0.00"/>
        <vehicle id="47" x="470.51" y="598.35" angle="90.00" type="DEFAULT_VEHTYPE" speed="13.80" pos="65.76" lane="2/3to3/3_0" slope="0.00"/>
        <vehicle id="48" x="201.65" y="212.46" angle="180.00" type="DEFAULT_VEHTYPE" speed="12.62" pos="7.71" lane="1/1to1/2_0" slope="0.00"/>
        <vehicle id="49" x="401.65" y="476.58" angle="180.00" type="DEFAULT_VEHTYPE" speed="13.72" pos="71.83" lane="2/2to2/3_0" slope="0.00"/>
        <vehicle id="5" x="381.09" y="598.35" angle="90.00" type="DEFAULT_VEHTYPE" speed="9.75" pos="176.34" lane="1/3to2/3_0" slope="0.00"/>
        <vehicle id="6" x="136.85" y="601.65" angle="-90.00" type="DEFAULT_VEHTYPE" speed="12.92" pos="58.40" lane="1/3to0/3_0" slope="0.00"/>
        <vehicle id="7" x="207.25" y="401.65" angle="-90.00" type="DEFAULT_VEHTYPE" speed="0.00" pos="188.00" lane="2/2to1/2_0" slope="0.00"/>
        <vehicle id="8" x="401.65" y="723.04" angle="180.00" type="DEFAULT_VEHTYPE" speed="13.19" pos="118.29" lane="2/3to2/4_0" slope="0.00"/>
        <vehicle id="9" x="770.54" y="598.35" angle="90.00" type="DEFAULT_VEHTYPE" speed="13.30" pos="165.79" lane="3/3to4/3_0" slope="0.00"/>
    </timestep>
    <timestep time="85.00">
        <vehicle id="0" x="398.35" y="763.96" angle="0.00" type="DEFAULT_VEHTYPE" speed="13.49" pos="36.04" lane="2/4to2/3_0" slope="0.00"/>
        <vehicle id="1" x="588.97" y="198.35" angle="90.00" type="DEFAULT_VEHTYPE" speed="3.57" pos="184.22" lane="2/1to3/1_0" slope="0.00"/>
        <vehicle id="11" x="86.63" y="201.65" angle="-90.00" type="DEFAULT_VEHTYPE" speed="13.70" pos="108.62" lane="1/1to0/1_0" slope="0.00"/>
        <vehicle id="13" x="398.45" y="198.99" angle="97.46" type="DEFAULT_VEHTYPE" speed="4.26" pos="3.30" lane=":2/1_14_0" slope="0.00"/>
        <vehicle id="14" x="567.07" y="398.35" angle="90.00" type="DEFAULT_VEHTYPE" speed="11.31" pos="162.32" lane="2/2to3/2_0" slope="0.00"/>
        <vehicle id="15" x="401.65" y="421.18" angle="180.00" type="DEFAULT_VEHTYPE" speed="12.77" pos="16.43" lane="2/2to2/3_0" slope="0.00"/>
        <vehicle id="17" x="398.35" y="410.31" angle="0.00" type="DEFAULT_VEHTYPE" speed="13.37" pos="184.94" lane="2/3to2/2_0" slope="0.00"/>
        <vehicle id="18" x="398.35" y="627.28" angle="0.00" type="DEFAULT_VEHTYPE" speed="13.25" pos="172.72" lane="2/4to2/3_0" slope="0.00"/>
        <vehicle id="19" x="198.35" y="259.15" angle="0.00" type="DEFAULT_VEHTYPE" speed="13.89" pos="136.10" lane="1/2to1/1_0" slope="0.00"/>
        <vehicle id="20" x="401.65" y="83.90" angle="180.00" type="DEFAULT_VEHTYPE" speed="13.02" pos="83.90" lane="2/0to2/1_0" slope="0.00"/>
        <vehicle id="21" x="398.35" y="735.01" angle="0.00" type="DEFAULT_VEHTYPE" speed="13.09" pos="64.99" lane="2/4to2/3_0" slope="0.00"/>
        <vehicle id="22" x="401.65" y="161.63" angle="180.00" type="DEFAULT_VEHTYPE" speed="12.71" pos="161.63" lane="2/0to2/1_0" slope="0.00"/>
        <vehicle id="23" x="586.08" y="398.35" angle="90.00" type="DEFAULT_VEHTYPE" speed="7.03" pos="181.33" lane="2/2to3/2_0" slope="0.00"/>
        <vehicle id="24" x="201.65" y="551.04" angle="180.00" type="DEFAULT_VEHTYPE" speed="13.30" pos="146.29" lane="1/2to1/3_0" slope="0.00"/>
        <vehicle id="25" x="290.60" y="201.65" angle="-90.00" type="DEFAULT_VEHTYPE" speed="12.78" pos="104.65" lane="2/1to1/1_0" slope="0.00"/>
        <vehicle id="26" x="282.86" y="598.35" angle="90.00" type="DEFAULT_VEHTYPE" speed="13.15" pos="78.11" lane="1/3to2/3_0" slope="0.00"/>
        <vehicle id="27" x="300.93" y="198.35" angle="90.00" type="DEFAULT_VEHTYPE" speed="13.73" pos="96.18" lane="1/1to2/1_0" slope="0.00"/>
        <vehicle id="28" x="398.35" y="375.40" angle="0.00" type="DEFAULT_VEHTYPE" speed="13.40" pos="19.85" lane="2/2to2/1_0" slope="0.00"/>
        <vehicle id="29" x="401.65" y="226.96" angle="180.00" type="DEFAULT_VEHTYPE" speed="10.74" pos="22.21" lane="2/1to2/2_0" slope="0.00"/>
        <vehicle id="3" x="151.16" y="201.65" angle="-90.00" type="DEFAULT_VEHTYPE" speed="13.58" pos="44.09" lane="1/1to0/1_0" slope="0.00"/>
        <vehicle id="30" x="194.76" y="198.35" angle="90.00" type="DEFAULT_VEHTYPE" speed="2.01" pos="194.76" lane="0/1to1/1_0" slope="0.00"/>
        <vehicle id="31" x="426.44" y="598.35" angle="90.00" type="DEFAULT_VEHTYPE" speed="11.43" pos="21.69" lane="2/3to3/3_0" slope="0.00"/>
        <vehicle id="32" x="354.80" y="201.65" angle="-90.00" type="DEFAULT_VEHTYPE" speed="13.57" pos="40.45" lane="2/1to1/1_0" slope="0.00"/>
        <vehicle id="33" x="198.35" y="415.50" angle="0.00" type="DEFAULT_VEHTYPE" speed="13.60" pos="179.75" lane="1/3to1/2_0" slope="0.00"/>
        <vehicle id="34" x="598.35" y="209.94" angle="0.00" type="DEFAULT_VEHTYPE" speed="3.05" pos="185.31" lane="3/2to3/1_0" slope="0.00"/>
        <vehicle id="35" x="401.65" y="782.17" angle="180.00" type="DEFAULT_VEHTYPE" speed="13.71" pos="177.42" lane="2/3to2/4_0" slope="0.00"/>
        <vehicle id="36" x="201.65" y="384.77" angle="180.00" type="DEFAULT_VEHTYPE" speed="13.25" pos="180.02" lane="1/1to1/2_0" slope="0.00"/>
        <vehicle id="37" x="560.70" y="198.35" angle="90.00" type="DEFAULT_VEHTYPE" speed="12.91" pos="155.95" lane="2/1to3/1_0" slope="0.00"/>
        <vehicle id="38" x="201.65" y="346.26" angle="180.00" type="DEFAULT_VEHTYPE" speed="12.79" pos="141.51" lane="1/1to1/2_0" slope="0.00"/>
        <vehicle id="4" x="198.35" y="184.20" angle="0.00" type="DEFAULT_VEHTYPE" speed="12.99" pos="11.05" lane="1/1to1/0_0" slope="0.00"/>
        <vehicle id="40" x="354.53" y="601.65" angle="-90.00" type="DEFAULT_VEHTYPE" speed="13.40" pos="40.72" lane="2/3to1/3_0" slope="0.00"/>
        <vehicle id="41" x="185.25" y="198.35" angle="90.00" type="DEFAULT_VEHTYPE" speed="0.00" pos="185.25" lane="0/1to1/1_0" slope="0.00"/>
        <vehicle id="42" x="225.19" y="398.35" angle="90.00" type="DEFAULT_VEHTYPE" speed="11.92" pos="20.44" lane="1/2to2/2_0" slope="0.00"/>
        <vehicle id="43" x="601.65" y="624.74" angle="180.00" type="DEFAULT_VEHTYPE" speed="11.72" pos="19.99" lane="3/3to3/4_0" slope="0.00"/>
        <vehicle id="44" x="201.65" y="506.30" angle="180.00" type="DEFAULT_VEHTYPE" speed="13.58" pos="101.55" lane="1/2to1/3_0" slope="0.00"/>
        <vehicle id="45" x="401.65" y="528.74" angle="180.00" type="DEFAULT_VEHTYPE" speed="13.00" pos="123.99" lane="2/2to2/3_0" slope="0.00"/>
        <vehicle id="46" x="198.35" y="229.12" angle="0.00" type="DEFAULT_VEHTYPE" speed="13.54" pos="166.13" lane="1/2to1/1_0" slope="0.00"/>
        <vehicle id="47" x="483.46" y="598.35" angle="90.00" type="DEFAULT_VEHTYPE" speed="12.95" pos="78.71" lane="2/3to3/3_0" slope="0.00"/>
        <vehicle id="48" x="201.65" y="225.89" angle="180.00" type="DEFAULT_VEHTYPE" speed="13.43" pos="21.14" lane="1/1to1/2_0" slope="0.00"/>
        <vehicle id="49" x="401.65" y="490.24" angle="180.00" type="DEFAULT_VEHTYPE" speed="13.65" pos="85.49" lane="2/2to2/3_0" slope="0.00"/>
        <vehicle id="5" x="387.36" y="598.35" angle="90.00" type="DEFAULT_VEHTYPE" speed="6.28" pos="182.61" lane="1/3to2/3_0" slope="0.00"/>
        <vehicle id="6" x="123.40" y="601.65" angle="-90.00" type="DEFAULT_VEHTYPE" speed="13.45" pos="71.85" lane="1/3to0/3_0" slope="0.00"/>
        <vehicle id="7" x="207.25" y="401.65" angle="-90.00" type="DEFAULT_VEHTYPE" speed="0.00" pos="188.00" lane="2/2to1/2_0" slope="0.00"/>
        <vehicle id="8" x="401.65" y="735.71" angle="180.00" type="DEFAULT_VEHTYPE" speed="12.67" pos="130.96" lane="2/3to2/4_0" slope="0.00"/>
        <vehicle id="9" x="784.02" y="598.35" angle="90.00" type="DEFAULT_VEHTYPE" speed="13.48" pos="179.27" lane="3/3to4/3_0" slope="0.00"/>
    </timestep>
    <timestep time="86.00">
        <vehicle id="0" x="398.35" y="750.48" angle="0.00" type="DEFAULT_VEHTYPE" speed="13.48" pos="49.52" lane="2/4to2/3_0" slope="0.00"/>
        <vehicle id="1" x="591.44" y="198.35" angle="90.00" type="DEFAULT_VEHTYPE" speed="2.47" pos="186.69" lane="2/1to3/1_0" slope="0.00"/>
        <vehicle id="11" x="73.49" y="201.65" angle="-90.00" type="DEFAULT_VEHTYPE" speed="13.14" pos="121.76" lane="1/1to0/1_0" slope="0.00"/>
        <vehicle id="13" x="401.53" y="203.94" angle="154.68" type="DEFAULT_VEHTYPE" speed="6.20" pos="9.50" lane=":2/1_14_0" slope="0.00"/>
        <vehicle id="14" x="575.06" y="398.35" angle="90.00" type="DEFAULT_VEHTYPE" speed="8.00" pos="170.31" lane="2/2to3/2_0" slope="0.00"/>
        <vehicle id="15" x="401.65" y="434.80" angle="180.00" type="DEFAULT_VEHTYPE" speed="13.62" pos="30.05" lane="2/2to2/3_0" slope="0.00"/>
        <vehicle id="17" x="398.35" y="397.17" angle="0.00" type="DEFAULT_VEHTYPE" speed="13.13" pos="7.58" lane=":2/2_1_0" slope="0.00"/>
        <vehicle id="18" x="398.35" y="614.33" angle="0.00" type="DEFAULT_VEHTYPE" speed="12.96" pos="185.67" lane="2/4to2/3_0" slope="0.00"/>
        <vehicle id="19" x="198.35" y="245.30" angle="0.00" type="DEFAULT_VEHTYPE" speed="13.85" pos="149.95" lane="1/2to1/1_0" slope="0.00"/>
        <vehicle id="20" x="401.65" y="97.67" angle="180.00" type="DEFAULT_VEHTYPE" speed="13.77" pos="97.67" lane="2/0to2/1_0" slope="0.00"/>
        <vehicle id="21" x="398.35" y="721.36" angle="0.00" type="DEFAULT_VEHTYPE" speed="13.64" pos="78.64" lane="2/4to2/3_0" slope="0.00"/>
        <vehicle id="22" x="401.65" y="174.69" angle="180.00" type="DEFAULT_VEHTYPE" speed="13.07" pos="174.69" lane="2/0to2/1_0" slope="0.00"/>
        <vehicle id="23" x="590.50" y="398.35" angle="90.00" type="DEFAULT_VEHTYPE" speed="4.42" pos="185.75" lane="2/2to3/2_0" slope="0.00"/>
        <vehicle id="24" x="201.65" y="564.85" angle="180.00" type="DEFAULT_VEHTYPE" speed="13.80" pos="160.10" lane="1/2to1/3_0" slope="0.00"/>
        <vehicle id="25" x="277.64" y="201.65" angle="-90.00" type="DEFAULT_VEHTYPE" speed="12.95" pos="117.61" lane="2/1to1/1_0" slope="0.00"/>
        <vehicle id="26" x="295.86" y="598.35" angle="90.00" type="DEFAULT_VEHTYPE" speed="13.00" pos="91.11" lane="1/3to2/3_0" slope="0.00"/>
        <vehicle id="27" x="313.72" y="198.35" angle="90.00" type="DEFAULT_VEHTYPE" speed="12.79" pos="108.97" lane="1/1to2/1_0" slope="0.00"/>
        <vehicle id="28" x="398.35" y="361.64" angle="0.00" type="DEFAULT_VEHTYPE" speed="13.75" pos="33.61" lane="2/2to2/1_0" slope="0.00"/>
        <vehicle id="29" x="401.65" y="239.27" angle="180.00" type="DEFAULT_VEHTYPE" speed="12.31" pos="34.52" lane="2/1to2/2_0" slope="0.00"/>
        <vehicle id="3" x="137.84" y="201.65" angle="-90.00" type="DEFAULT_VEHTYPE" speed="13.31" pos="57.41" lane="1/1to0/1_0" slope="0.00"/>
        <vehicle id="30" x="198.85" y="199.23" angle="100.33" type="DEFAULT_VEHTYPE" speed="4.26" pos="3.77" lane=":1/1_14_0" slope="0.00"/>
        <vehicle id="31" x="439.37" y="598.35" angle="90.00" type="DEFAULT_VEHTYPE" speed="12.93" pos="34.62" lane="2/3to3/3_0" slope="0.00"/>
        <vehicle id="32" x="341.41" y="201.65" angle="-90.00" type="DEFAULT_VEHTYPE" speed="13.38" pos="53.84" lane="2/1to1/1_0" slope="0.00"/>
        <vehicle id="33" x="197.79" y="402.78" angle="-6.52" type="DEFAULT_VEHTYPE" speed="12.83" pos="2.08" lane=":1/2_0_0" slope="0.00"/>
        <vehicle id="34" x="598.35" y="205.28" angle="0.00" type="DEFAULT_VEHTYPE" speed="4.66" pos="189.97" lane="3/2to3/1_0" slope="0.00"/>
        <vehicle id="35" x="401.65" y="795.48" angle="180.00" type="DEFAULT_VEHTYPE" speed="13.31" pos="190.73" lane="2/3to2/4_0" slope="0.00"/>
        <vehicle id="36" x="202.56" y="397.66" angle="169.12" type="DEFAULT_VEHTYPE" speed="13.15" pos="2.66" lane=":1/2_8_0" slope="0.00"/>
        <vehicle id="37" x="569.79" y="198.35" angle="90.00" type="DEFAULT_VEHTYPE" speed="9.09" pos="165.04" lane="2/1to3/1_0" slope="0.00"/>
        <vehicle id="38" x="201.65" y="359.57" angle="180.00" type="DEFAULT_VEHTYPE" speed="13.31" pos="154.82" lane="1/1to1/2_0" slope="0.00"/>
        <vehicle id="4" x="198.35" y="170.48" angle="0.00" type="DEFAULT_VEHTYPE" speed="13.72" pos="24.77" lane="1/1to1/0_0" slope="0.00"/>
        <vehicle id="40" x="341.31" y="601.65" angle="-90.00" type="DEFAULT_VEHTYPE" speed="13.22" pos="53.94" lane="2/3to1/3_0" slope="0.00"/>
        <vehicle id="41" x="186.57" y="198.35" angle="90.00" type="DEFAULT_VEHTYPE" speed="1.33" pos="186.57" lane="0/1to1/1_0" slope="0.00"/>
        <vehicle id="42" x="238.73" y="398.35" angle="90.00" type="DEFAULT_VEHTYPE" speed="13.54" pos="33.98" lane="1/2to2/2_0" slope="0.00"/>
        <vehicle id="43" x="601.65" y="637.85" angle="180.00" type="DEFAULT_VEHTYPE" speed="13.12" pos="33.10" lane="3/3to3/4_0" slope="0.00"/>
        <vehicle id="44" x="201.65" y="519.48" angle="180.00" type="DEFAULT_VEHTYPE" speed="13.19" pos="114.73" lane="1/2to1/3_0" slope="0.00"/>
        <vehicle id="45" x="401.65" y="542.33" angle="180.00" type="DEFAULT_VEHTYPE" speed="13.59" pos="137.58" lane="2/2to2/3_0" slope="0.00"/>
        <vehicle id="46" x="198.35" y="215.71" angle="0.00" type="DEFAULT_VEHTYPE" speed="13.41" pos="179.54" lane="1/2to1/1_0" slope="0.00"/>
        <vehicle id="47" x="496.39" y="598.35" angle="90.00" type="DEFAULT_VEHTYPE" speed="12.93" pos="91.64" lane="2/3to3/3_0" slope="0.00"/>
        <vehicle id="48" x="201.65" y="239.46" angle="180.00" type="DEFAULT_VEHTYPE" speed="13.57" pos="34.71" lane="1/1to1/2_0" slope="0.00"/>
        <vehicle id="49" x="401.65" y="503.02" angle="180.00" type="DEFAULT_VEHTYPE" speed="12.79" pos="98.27" lane="2/2to2/3_0" slope="0.00"/>
        <vehicle id="5" x="390.92" y="598.35" angle="90.00" type="DEFAULT_VEHTYPE" speed="3.56" pos="186.17" lane="1/3to2/3_0" slope="0.00"/>
        <vehicle id="6" x="110.15" y="601.65" angle="-90.00" type="DEFAULT_VEHTYPE" speed="13.25" pos="85.10" lane="1/3to0/3_0" slope="0.00"/>
        <vehicle id="7" x="207.25" y="401.65" angle="-90.00" type="DEFAULT_VEHTYPE" speed="0.00" pos="188.00" lane="2/2to1/2_0" slope="0.00"/>
        <vehicle id="8" x="401.65" y="749.33" angle="180.00" type="DEFAULT_VEHTYPE" speed="13.62" pos="144.58" lane="2/3to2/4_0" slope="0.00"/>
        <vehicle id="9" x="796.99" y="598.35" angle="90.00" type="DEFAULT_VEHTYPE" speed="12.97" pos="192.24" lane="3/3to4/3_0" slope="0.00"/>
    </timestep>
    <timestep time="87.00">
        <vehicle id="0" x="398.35" y="737.26" angle="0.00" type="DEFAULT_VEHTYPE" speed="13.22" pos="62.74" lane="2/4to2/3_0" slope="0.00"/>
        <vehicle id="1" x="592.50" y="198.35" angle="90.00" type="DEFAULT_VEHTYPE" speed="1.06" pos="187.75" lane="2/1to3/1_0" slope="0.00"/>
        <vehicle id="11" x="59.70" y="201.65" angle="-90.00" type="DEFAULT_VEHTYPE" speed="13.78" pos="135.55" lane="1/1to0/1_0" slope="0.00"/>
        <vehicle id="13" x="401.65" y="212.26" angle="180.00" type="DEFAULT_VEHTYPE" speed="8.32" pos="7.51" lane="2/1to2/2_0" slope="0.00"/>
        <vehicle id="14" x="580.02" y="398.35" angle="90.00" type="DEFAULT_VEHTYPE" speed="4.95" pos="175.27" lane="2/2to3/2_0" slope="0.00"/>
        <vehicle id="15" x="401.65" y="448.07" angle="180.00" type="DEFAULT_VEHTYPE" speed="13.27" pos="43.32" lane="2/2to2/3_0" slope="0.00"/>
        <vehicle id="17" x="398.35" y="383.84" angle="0.00" type="DEFAULT_VEHTYPE" speed="13.33" pos="11.41" lane="2/2to2/1_0" slope="0.00"/>
        <vehicle id="18" x="398.35" y="601.41" angle="0.00" type="DEFAULT_VEHTYPE" speed="12.91" pos="3.34" lane=":2/3_1_0" slope="0.00"/>
        <vehicle id="19" x="198.35" y="231.52" angle="0.00" type="DEFAULT_VEHTYPE" speed="13.78" pos="163.73" lane="1/2to1/1_0" slope="0.00"/>
        <vehicle id="20" x="401.65" y="111.00" angle="180.00" type="DEFAULT_VEHTYPE" speed="13.33" pos="111.00" lane="2/0to2/1_0" slope="0.00"/>
        <vehicle id="21" x="398.35" y="708.51" angle="0.00" type="DEFAULT_VEHTYPE" speed="12.85" pos="91.49" lane="2/4to2/3_0" slope="0.00"/>
        <vehicle id="22" x="401.65" y="187.70" angle="180.00" type="DEFAULT_VEHTYPE" speed="13.01" pos="187.70" lane="2/0to2/1_0" slope="0.00"/>
        <vehicle id="23" x="597.29" y="397.75" angle="83.01" type="DEFAULT_VEHTYPE" speed="6.92" pos="2.17" lane=":3/2_12_0" slope="0.00"/>
        <vehicle id="24" x="201.65" y="578.59" angle="180.00" type="DEFAULT_VEHTYPE" speed="13.74" pos="173.84" lane="1/2to1/3_0" slope="0.00"/>
        <vehicle id="25" x="264.77" y="201.65" angle="-90.00" type="DEFAULT_VEHTYPE" speed="12.87" pos="130.48" lane="2/1to1/1_0" slope="0.00"/>
        <vehicle id="26" x="309.36" y="598.35" angle="90.00" type="DEFAULT_VEHTYPE" speed="13.50" pos="104.61" lane="1/3to2/3_0" slope="0.00"/>
        <vehicle id="27" x="326.79" y="198.35" angle="90.00" type="DEFAULT_VEHTYPE" speed="13.07" pos="122.04" lane="1/1to2/1_0" slope="0.00"/>
        <vehicle id="28" x="398.35" y="348.56" angle="0.00" type="DEFAULT_VEHTYPE" speed="13.08" pos="46.69" lane="2/2to2/1_0" slope="0.00"/>
        <vehicle id="29" x="401.65" y="252.99" angle="180.00" type="DEFAULT_VEHTYPE" speed="13.72" pos="48.24" lane="2/1to2/2_0" slope="0.00"/>
        <vehicle id="3" x="124.76" y="201.65" angle="-90.00" type="DEFAULT_VEHTYPE" speed="13.08" pos="70.49" lane="1/1to0/1_0" slope="0.00"/>
        <vehicle id="30" x="201.56" y="204.14" angle="156.70" type="DEFAULT_VEHTYPE" speed="5.94" pos="9.70" lane=":1/1_14_0" slope="0.00"/>
        <vehicle id="31" x="452.02" y="598.35" angle="90.00" type="DEFAULT_VEHTYPE" speed="12.65" pos="47.27" lane="2/3to3/3_0" slope="0.00"/>
        <vehicle id="32" x="328.34" y="201.65" angle="-90.00" type="DEFAULT_VEHTYPE" speed="13.07" pos="66.91" lane="2/1to1/1_0" slope="0.00"/>
        <vehicle id="33" x="185.52" y="401.65" angle="-90.00" type="DEFAULT_VEHTYPE" speed="12.65" pos="9.73" lane="1/2to0/2_0" slope="0.00"/>
        <vehicle id="34" x="600.98" y="199.33" angle="30.88" type="DEFAULT_VEHTYPE" speed="6.89" pos="6.36" lane=":3/1_2_0" slope="0.00"/>
        <vehicle id="35" x="398.35" y="795.75" angle="-4.92" type="DEFAULT_VEHTYPE" speed="13.59" pos="4.25" lane="2/4to2/3_0" slope="0.00"/>
        <vehicle id="36" x="215.89" y="398.35" angle="90.00" type="DEFAULT_VEHTYPE" speed="13.48" pos="11.14" lane="1/2to2/2_0" slope="0.00"/>
        <vehicle id="37" x="576.82" y="198.35" angle="90.00" type="DEFAULT_VEHTYPE" speed="7.03" pos="172.07" lane="2/1to3/1_0" slope="0.00"/>
        <vehicle id="38" x="201.65" y="373.02" angle="180.00" type="DEFAULT_VEHTYPE" speed="13.45" pos="168.27" lane="1/1to1/2_0" slope="0.00"/>
        <vehicle id="4" x="198.35" y="156.70" angle="0.00" type="DEFAULT_VEHTYPE" speed="13.78" pos="38.55" lane="1/1to1/0_0" slope="0.00"/>
        <vehicle id="40" x="327.86" y="601.65" angle="-90.00" type="DEFAULT_VEHTYPE" speed="13.45" pos="67.39" lane="2/3to1/3_0" slope="0.00"/>
        <vehicle id="41" x="189.33" y="198.35" angle="90.00" type="DEFAULT_VEHTYPE" speed="2.76" pos="189.33" lane="0/1to1/1_0" slope="0.00"/>
        <vehicle id="42" x="251.74" y="398.35" angle="90.00" type="DEFAULT_VEHTYPE" speed="13.00" pos="46.99" lane="1/2to2/2_0" slope="0.00"/>
        <vehicle id="43" x="601.65" y="651.20" angle="180.00" type="DEFAULT_VEHTYPE" speed="13.34" pos="46.45" lane="3/3to3/4_0" slope="0.00"/>
        <vehicle id="44" x="201.65" y="533.00" angle="180.00" type="DEFAULT_VEHTYPE" speed="13.51" pos="128.25" lane="1/2to1/3_0" slope="0.00"/>
        <vehicle id="45" x="401.65" y="555.94" angle="180.00" type="DEFAULT_VEHTYPE" speed="13.61" pos="151.19" lane="2/2to2/3_0" slope="0.00"/>
        <vehicle id="46" x="197.34" y="202.28" angle="-12.15" type="DEFAULT_VEHTYPE" speed="13.74" pos="2.78" lane=":1/1_0_0" slope="0.00"/>
        <vehicle id="47" x="509.68" y="598.35" angle="90.00" type="DEFAULT_VEHTYPE" speed="13.29" pos="104.93" lane="2/3to3/3_0" slope="0.00"/>
        <vehicle id="48" x="201.65" y="253.29" angle="180.00" type="DEFAULT_VEHTYPE" speed="13.83" pos="48.54" lane="1/1to1/2_0" slope="0.00"/>
        <vehicle id="49" x="401.65" y="515.91" angle="180.00" type="DEFAULT_VEHTYPE" speed="12.88" pos="111.16" lane="2/2to2/3_0" slope="0.00"/>
        <vehicle id="5" x="392.19" y="598.35" angle="90.00" type="DEFAULT_VEHTYPE" speed="1.27" pos="187.44" lane="1/3to2/3_0" slope="0.00"/>
        <vehicle id="6" x="96.47" y="601.65" angle="-90.00" type="DEFAULT_VEHTYPE" speed="13.68" pos="98.78" lane="1/3to0/3_0" slope="0.00"/>
        <vehicle id="7" x="205.46" y="401.65" angle="-90.00" type="DEFAULT_VEHTYPE" speed="1.79" pos="189.79" lane="2/2to1/2_0" slope="0.00"/>
        <vehicle id="8" x="401.65" y="762.63" angle="180.00" type="DEFAULT_VEHTYPE" speed="13.31" pos="157.88" lane="2/3to2/4_0" slope="0.00"/>
    </timestep>
    <timestep time="88.00">
        <vehicle id="0" x="398.35" y="724.17" angle="0.00" type="DEFAULT_VEHTYPE" speed="13.09" pos="75.83" lane="2/4to2/3_0" slope="0.00"/>
        <vehicle id="1" x="592.71" y="198.35" angle="90.00" type="DEFAULT_VEHTYPE" speed="0.21" pos="187.96" lane="2/1to3/1_0" slope="0.00"/>
        <vehicle id="11" x="46.86" y="201.65" angle="-90.00" type="DEFAULT_VEHTYPE" speed="12.84" pos="148.39" lane="1/1to0/1_0" slope="0.00"/>
        <vehicle id="13" x="401.65" y="222.03" angle="180.00" type="DEFAULT_VEHTYPE" speed="9.78" pos="17.28" lane="2/1to2/2_0" slope="0.00"/>
        <vehicle id="14" x="586.97" y="398.35" angle="90.00" type="DEFAULT_VEHTYPE" speed="6.95" pos="182.22" lane="2/2to3/2_0" slope="0.00"/>
        <vehicle id="15" x="401.65" y="460.90" angle="180.00" type="DEFAULT_VEHTYPE" speed="12.83" pos="56.15" lane="2/2to2/3_0" slope="0.00"/>
        <vehicle id="17" x="398.35" y="370.03" angle="0.00" type="DEFAULT_VEHTYPE" speed="13.81" pos="25.22" lane="2/2to2/1_0" slope="0.00"/>
        <vehicle id="18" x="398.35" y="588.10" angle="0.00" type="DEFAULT_VEHTYPE" speed="13.32" pos="7.15" lane="2/3to2/2_0" slope="0.00"/>
        <vehicle id="19" x="198.35" y="221.04" angle="0.00" type="DEFAULT_VEHTYPE" speed="10.48" pos="174.21" lane="1/2to1/1_0" slope="0.00"/>
        <vehicle id="20" x="401.65" y="124.56" angle="180.00" type="DEFAULT_VEHTYPE" speed="13.56" pos="124.56" lane="2/0to2/1_0" slope="0.00"/>
        <vehicle id="21" x="398.35" y="694.96" angle="0.00" type="DEFAULT_VEHTYPE" speed="13.55" pos="105.04" lane="2/4to2/3_0" slope="0.00"/>
        <vehicle id="22" x="404.98" y="198.35" angle="131.01" type="DEFAULT_VEHTYPE" speed="12.78" pos="0.23" lane="2/1to3/1_0" slope="0.00"/>
        <vehicle id="23" x="598.35" y="388.63" angle="0.00" type="DEFAULT_VEHTYPE" speed="9.45" pos="6.62" lane="3/2to3/1_0" slope="0.00"/>
        <vehicle id="24" x="201.65" y="591.82" angle="180.00" type="DEFAULT_VEHTYPE" speed="13.24" pos="187.07" lane="1/2to1/3_0" slope="0.00"/>
        <vehicle id="25" x="251.42" y="201.65" angle="-90.00" type="DEFAULT_VEHTYPE" speed="13.35" pos="143.83" lane="2/1to1/1_0" slope="0.00"/>
        <vehicle id="26" x="322.49" y="598.35" angle="90.00" type="DEFAULT_VEHTYPE" speed="13.13" pos="117.74" lane="1/3to2/3_0" slope="0.00"/>
        <vehicle id="27" x="339.70" y="198.35" angle="90.00" type="DEFAULT_VEHTYPE" speed="12.91" pos="134.95" lane="1/1to2/1_0" slope="0.00"/>
        <vehicle id="28" x="398.35" y="335.62" angle="0.00" type="DEFAULT_VEHTYPE" speed="12.94" pos="59.63" lane="2/2to2/1_0" slope="0.00"/>
        <vehicle id="29" x="401.65" y="266.12" angle="180.00" type="DEFAULT_VEHTYPE" speed="13.13" pos="61.37" lane="2/1to2/2_0" slope="0.00"/>
        <vehicle id="3" x="111.62" y="201.65" angle="-90.00" type="DEFAULT_VEHTYPE" speed="13.14" pos="83.63" lane="1/1to0/1_0" slope="0.00"/>
        <vehicle id="30" x="201.65" y="212.10" angle="180.00" type="DEFAULT_VEHTYPE" speed="7.97" pos="7.35" lane="1/1to1/2_0" slope="0.00"/>
        <vehicle id="31" x="465.38" y="598.35" angle="90.00" type="DEFAULT_VEHTYPE" speed="13.36" pos="60.63" lane="2/3to3/3_0" slope="0.00"/>
        <vehicle id="32" x="315.68" y="201.65" angle="-90.00" type="DEFAULT_VEHTYPE" speed="12.66" pos="79.57" lane="2/1to1/1_0" slope="0.00"/>
        <vehicle id="33" x="172.79" y="401.65" angle="-90.00" type="DEFAULT_VEHTYPE" speed="12.73" pos="22.46" lane="1/2to0/2_0" slope="0.00"/>
        <vehicle id="34" x="610.10" y="198.35" angle="90.00" type="DEFAULT_VEHTYPE" speed="9.31" pos="5.35" lane="3/1to4/1_0" slope="0.00"/>
        <vehicle id="35" x="398.35" y="782.43" angle="0.00" type="DEFAULT_VEHTYPE" speed="13.32" pos="17.57" lane="2/4to2/3_0" slope="0.00"/>
        <vehicle id="36" x="229.54" y="398.35" angle="90.00" type="DEFAULT_VEHTYPE" speed="13.65" pos="24.79" lane="1/2to2/2_0" slope="0.00"/>
        <vehicle id="37" x="581.02" y="198.35" angle="90.00" type="DEFAULT_VEHTYPE" speed="4.20" pos="176.27" lane="2/1to3/1_0" slope="0.00"/>
        <vehicle id="38" x="201.65" y="385.66" angle="180.00" type="DEFAULT_VEHTYPE" speed="12.64" pos="180.91" lane="1/1to1/2_0" slope="0.00"/>
        <vehicle id="4" x="198.35" y="142.92" angle="0.00" type="DEFAULT_VEHTYPE" speed="13.78" pos="52.33" lane="1/1to1/0_0" slope="0.00"/>
        <vehicle id="40" x="314.90" y="601.65" angle="-90.00" type="DEFAULT_VEHTYPE" speed="12.96" pos="80.35" lane="2/3to1/3_0" slope="0.00"/>
        <vehicle id="41" x="191.57" y="198.35" angle="90.00" type="DEFAULT_VEHTYPE" speed="2.23" pos="191.57" lane="0/1to1/1_0" slope="0.00"/>
        <vehicle id="42" x="265.48" y="398.35" angle="90.00" type="DEFAULT_VEHTYPE" speed="13.75" pos="60.73" lane="1/2to2/2_0" slope="0.00"/>
        <vehicle id="43" x="601.65" y="664.92" angle="180.00" type="DEFAULT_VEHTYPE" speed="13.72" pos="60.17" lane="3/3to3/4_0" slope="0.00"/>
        <vehicle id="44" x="201.65" y="546.16" angle="180.00" type="DEFAULT_VEHTYPE" speed="13.16" pos="141.41" lane="1/2to1/3_0" slope="0.00"/>
        <vehicle id="45" x="401.65" y="568.81" angle="180.00" type="DEFAULT_VEHTYPE" speed="12.87" pos="164.06" lane="2/2to2/3_0" slope="0.00"/>
        <vehicle id="46" x="184.06" y="201.65" angle="-90.00" type="DEFAULT_VEHTYPE" speed="13.42" pos="11.19" lane="1/1to0/1_0" slope="0.00"/>
        <vehicle id="47" x="522.60" y="598.35" angle="90.00" type="DEFAULT_VEHTYPE" speed="12.92" pos="117.85" lane="2/3to3/3_0" slope="0.00"/>
        <vehicle id="48" x="201.65" y="266.84" angle="180.00" type="DEFAULT_VEHTYPE" speed="13.55" pos="62.09" lane="1/1to1/2_0" slope="0.00"/>
        <vehicle id="49" x="401.65" y="529.48" angle="180.00" type="DEFAULT_VEHTYPE" speed="13.57" pos="124.73" lane="2/2to2/3_0" slope="0.00"/>
        <vehicle id="5" x="392.72" y="598.35" angle="90.00" type="DEFAULT_VEHTYPE" speed="0.52" pos="187.97" lane="1/3to2/3_0" slope="0.00"/>
        <vehicle id="6" x="83.80" y="601.65" angle="-90.00" type="DEFAULT_VEHTYPE" speed="12.67" pos="111.45" lane="1/3to0/3_0" slope="0.00"/>
        <vehicle id="7" x="201.65" y="401.65" angle="-90.00" type="DEFAULT_VEHTYPE" speed="3.81" pos="3.10" lane=":1/2_5_0" slope="0.00"/>
        <vehicle id="8" x="401.65" y="775.81" angle="180.00" type="DEFAULT_VEHTYPE" speed="13.18" pos="171.06" lane="2/3to2/4_0" slope="0.00"/>
    </timestep>
    <timestep time="89.00">
        <vehicle id="0" x="398.35" y="710.89" angle="0.00" type="DEFAULT_VEHTYPE" speed="13.28" pos="89.11" lane="2/4to2/3_0" slope="0.00"/>
        <vehicle id="1" x="592.75" y="198.35" angle="90.00" type="DEFAULT_VEHTYPE" speed="0.04" pos="188.00" lane="2/1to3/1_0" slope="0.00"/>
        <vehicle id="11" x="33.06" y="201.65" angle="-90.00" type="DEFAULT_VEHTYPE" speed="13.80" pos="162.19" lane="1/1to0/1_0" slope="0.00"/>
        <vehicle id="13" x="401.65" y="234.22" angle="180.00" type="DEFAULT_VEHTYPE" speed="12.19" pos="29.47" lane="2/1to2/2_0" slope="0.00"/>
        <vehicle id="15" x="401.65" y="474.26" angle="180.00" type="DEFAULT_VEHTYPE" speed="13.36" pos="69.51" lane="2/2to2/3_0" slope="0.00"/>
        <vehicle id="17" x="398.35" y="356.83" angle="0.00" type="DEFAULT_VEHTYPE" speed="13.20" pos="38.42" lane="2/2to2/1_0" slope="0.00"/>
        <vehicle id="18" x="398.35" y="575.19" angle="0.00" type="DEFAULT_VEHTYPE" speed="12.90" pos="20.06" lane="2/3to2/2_0" slope="0.00"/>
        <vehicle id="19" x="198.35" y="214.67" angle="0.00" type="DEFAULT_VEHTYPE" speed="6.36" pos="180.58" lane="1/2to1/1_0" slope="0.00"/>
        <vehicle id="20" x="401.65" y="138.40" angle="180.00" type="DEFAULT_VEHTYPE" speed="13.84" pos="138.40" lane="2/0to2/1_0" slope="0.00"/>
        <vehicle id="21" x="398.35" y="681.60" angle="0.00" type="DEFAULT_VEHTYPE" speed="13.35" pos="118.40" lane="2/4to2/3_0" slope="0.00"/>
        <vehicle id="22" x="418.69" y="198.35" angle="90.00" type="DEFAULT_VEHTYPE" speed="13.71" pos="13.94" lane="2/1to3/1_0" slope="0.00"/>
        <vehicle id="23" x="598.35" y="377.10" angle="0.00" type="DEFAULT_VEHTYPE" speed="11.53" pos="18.15" lane="3/2to3/1_0" slope="0.00"/>
        <vehicle id="24" x="209.75" y="598.35" angle="90.01" type="DEFAULT_VEHTYPE" speed="13.42" pos="5.00" lane="1/3to2/3_0" slope="0.00"/>
        <vehicle id="25" x="238.77" y="201.65" angle="-90.00" type="DEFAULT_VEHTYPE" speed="12.66" pos="156.48" lane="2/1to1/1_0" slope="0.00"/>
        <vehicle id="26" x="335.98" y="598.35" angle="90.00" type="DEFAULT_VEHTYPE" speed="13.49" pos="131.23" lane="1/3to2/3_0" slope="0.00"/>
        <vehicle id="27" x="352.77" y="198.35" angle="90.00" type="DEFAULT_VEHTYPE" speed="13.07" pos="148.02" lane="1/1to2/1_0" slope="0.00"/>
        <vehicle id="28" x="398.35" y="322.85" angle="0.00" type="DEFAULT_VEHTYPE" speed="12.77" pos="72.40" lane="2/2to2/1_0" slope="0.00"/>
        <vehicle id="29" x="401.65" y="279.16" angle="180.00" type="DEFAULT_VEHTYPE" speed="13.04" pos="74.41" lane="2/1to2/2_0" slope="0.00"/>
        <vehicle id="3" x="97.98" y="201.65" angle="-90.00" type="DEFAULT_VEHTYPE" speed="13.64" pos="97.27" lane="1/1to0/1_0" slope="0.00"/>
        <vehicle id="30" x="201.65" y="222.55" angle="180.00" type="DEFAULT_VEHTYPE" speed="10.45" pos="17.80" lane="1/1to1/2_0" slope="0.00"/>
        <vehicle id="31" x="478.03" y="598.35" angle="90.00" type="DEFAULT_VEHTYPE" speed="12.65" pos="73.28" lane="2/3to3/3_0" slope="0.00"/>
        <vehicle id="32" x="302.88" y="201.65" angle="-90.00" type="DEFAULT_VEHTYPE" speed="12.80" pos="92.37" lane="2/1to1/1_0" slope="0.00"/>
        <vehicle id="33" x="159.48" y="401.65" angle="-90.00" type="DEFAULT_VEHTYPE" speed="13.31" pos="35.77" lane="1/2to0/2_0" slope="0.00"/>
        <vehicle id="34" x="621.89" y="198.35" angle="90.00" type="DEFAULT_VEHTYPE" speed="11.79" pos="17.14" lane="3/1to4/1_0" slope="0.00"/>
        <vehicle id="35" x="398.35" y="769.45" angle="0.00" type="DEFAULT_VEHTYPE" speed="12.99" pos="30.55" lane="2/4to2/3_0" slope="0.00"/>
        <vehicle id="36" x="242.32" y="398.35" angle="90.00" type="DEFAULT_VEHTYPE" speed="12.78" pos="37.57" lane="1/2to2/2_0" slope="0.00"/>
        <vehicle id="37" x="583.84" y="198.35" angle="90.00" type="DEFAULT_VEHTYPE" speed="2.82" pos="179.09" lane="2/1to3/1_0" slope="0.00"/>
        <vehicle id="38" x="203.27" y="398.09" angle="159.61" type="DEFAULT_VEHTYPE" speed="13.07" pos="3.49" lane=":1/2_8_0" slope="0.00"/>
        <vehicle id="4" x="198.35" y="129.53" angle="0.00" type="DEFAULT_VEHTYPE" speed="13.40" pos="65.72" lane="1/1to1/0_0" slope="0.00"/>
        <vehicle id="40" x="301.25" y="601.65" angle="-90.00" type="DEFAULT_VEHTYPE" speed="13.65" pos="94.00" lane="2/3to1/3_0" slope="0.00"/>
        <vehicle id="41" x="192.57" y="198.35" angle="90.00" type="DEFAULT_VEHTYPE" speed="1.01" pos="192.57" lane="0/1to1/1_0" slope="0.00"/>
        <vehicle id="42" x="278.40" y="398.35" angle="90.00" type="DEFAULT_VEHTYPE" speed="12.92" pos="73.65" lane="1/2to2/2_0" slope="0.00"/>
        <vehicle id="43" x="601.65" y="678.12" angle="180.00" type="DEFAULT_VEHTYPE" speed="13.20" pos="73.37" lane="3/3to3/4_0" slope="0.00"/>
        <vehicle id="44" x="201.65" y="559.99" angle="180.00" type="DEFAULT_VEHTYPE" speed="13.84" pos="155.24" lane="1/2to1/3_0" slope="0.00"/>
        <vehicle id="45" x="401.65" y="581.60" angle="180.00" type="DEFAULT_VEHTYPE" speed="12.79" pos="176.85" lane="2/2to2/3_0" slope="0.00"/>
        <vehicle id="46" x="170.73" y="201.65" angle="-90.00" type="DEFAULT_VEHTYPE" speed="13.33" pos="24.52" lane="1/1to0/1_0" slope="0.00"/>
        <vehicle id="47" x="536.40" y="598.35" angle="90.00" type="DEFAULT_VEHTYPE" speed="13.80" pos="131.65" lane="2/3to3/3_0" slope="0.00"/>
        <vehicle id="48" x="201.65" y="279.90" angle="180.00" type="DEFAULT_VEHTYPE" speed="13.06" pos="75.15" lane="1/1to1/2_0" slope="0.00"/>
        <vehicle id="49" x="401.65" y="542.55" angle="180.00" type="DEFAULT_VEHTYPE" speed="13.07" pos="137.80" lane="2/2to2/3_0" slope="0.00"/>
        <vehicle id="5" x="395.40" y="598.37" angle="90.24" type="DEFAULT_VEHTYPE" speed="2.68" pos="0.15" lane=":2/3_14_0" slope="0.00"/>
        <vehicle id="6" x="70.53" y="601.65" angle="-90.00" type="DEFAULT_VEHTYPE" speed="13.27" pos="124.72" lane="1/3to0/3_0" slope="0.00"/>
        <vehicle id="7" x="195.26" y="401.65" angle="-90.00" type="DEFAULT_VEHTYPE" speed="6.39" pos="9.49" lane=":1/2_5_0" slope="0.00"/>
        <vehicle id="8" x="401.65" y="788.68" angle="180.00" type="DEFAULT_VEHTYPE" speed="12.87" pos="183.93" lane="2/3to2/4_0" slope="0.00"/>
    </timestep>
    <timestep time="90.00">
        <vehicle id="0" x="398.35" y="697.09" angle="0.00" type="DEFAULT_VEHTYPE" speed="13.80" pos="102.91" lane="2/4to2/3_0" slope="0.00"/>
        <vehicle id="1" x="594.50" y="198.35" angle="90.00" type="DEFAULT_VEHTYPE" speed="1.76" pos="189.75" lane="2/1to3/1_0" slope="0.00"/>
        <vehicle id="11" x="20.38" y="201.65" angle="-90.00" type="DEFAULT_VEHTYPE" speed="12.68" pos="174.87" lane="1/1to0/1_0" slope="0.00"/>
        <vehicle id="13" x="401.65" y="247.03" angle="180.00" type="DEFAULT_VEHTYPE" speed="12.81" pos="42.28" lane="2/1to2/2_0" slope="0.00"/>
        <vehicle id="15" x="401.65" y="487.61" angle="180.00" type="DEFAULT_VEHTYPE" speed="13.35" pos="82.86" lane="2/2to2/3_0" slope="0.00"/>
        <vehicle id="17" x="398.35" y="343.75" angle="0.00" type="DEFAULT_VEHTYPE" speed="13.09" pos="51.50" lane="2/2to2/1_0" slope="0.00"/>
        <vehicle id="18" x="398.35" y="562.14" angle="0.00" type="DEFAULT_VEHTYPE" speed="13.05" pos="33.11" lane="2/3to2/2_0" slope="0.00"/>
        <vehicle id="19" x="198.35" y="209.88" angle="0.00" type="DEFAULT_VEHTYPE" speed="4.80" pos="185.37" lane="1/2to1/1_0" slope="0.00"/>
        <vehicle id="20" x="401.65" y="151.86" angle="180.00" type="DEFAULT_VEHTYPE" speed="13.46" pos="151.86" lane="2/0to2/1_0" slope="0.00"/>
        <vehicle id="21" x="398.35" y="668.82" angle="0.00" type="DEFAULT_VEHTYPE" speed="12.78" pos="131.18" lane="2/4to2/3_0" slope="0.00"/>
        <vehicle id="22" x="431.52" y="198.35" angle="90.00" type="DEFAULT_VEHTYPE" speed="12.83" pos="26.77" lane="2/1to3/1_0" slope="0.00"/>
        <vehicle id="23" x="598.35" y="364.50" angle="0.00" type="DEFAULT_VEHTYPE" speed="12.60" pos="30.75" lane="3/2to3/1_0" slope="0.00"/>
        <vehicle id="24" x="223.59" y="598.35" angle="90.00" type="DEFAULT_VEHTYPE" speed="13.84" pos="18.84" lane="1/3to2/3_0" slope="0.00"/>
        <vehicle id="25" x="226.29" y="201.65" angle="-90.00" type="DEFAULT_VEHTYPE" speed="12.48" pos="168.96" lane="2/1to1/1_0" slope="0.00"/>
        <vehicle id="26" x="349.76" y="598.35" angle="90.00" type="DEFAULT_VEHTYPE" speed="13.78" pos="145.01" lane="1/3to2/3_0" slope="0.00"/>
        <vehicle id="27" x="366.28" y="198.35" angle="90.00" type="DEFAULT_VEHTYPE" speed="13.52" pos="161.53" lane="1/1to2/1_0" slope="0.00"/>
        <vehicle id="28" x="398.35" y="309.12" angle="0.00" type="DEFAULT_VEHTYPE" speed="13.73" pos="86.13" lane="2/2to2/1_0" slope="0.00"/>
        <vehicle id="29" x="401.65" y="292.21" angle="180.00" type="DEFAULT_VEHTYPE" speed="13.05" pos="87.46" lane="2/1to2/2_0" slope="0.00"/>
        <vehicle id="3" x="84.11" y="201.65" angle="-90.00" type="DEFAULT_VEHTYPE" speed="13.87" pos="111.14" lane="1/1to0/1_0" slope="0.00"/>
        <vehicle id="30" x="201.65" y="234.90" angle="180.00" type="DEFAULT_VEHTYPE" speed="12.35" pos="30.15" lane="1/1to1/2_0" slope="0.00"/>
        <vehicle id="31" x="491.56" y="598.35" angle="90.00" type="DEFAULT_VEHTYPE" speed="13.53" pos="86.81" lane="2/3to3/3_0" slope="0.00"/>
        <vehicle id="32" x="289.83" y="201.65" angle="-90.00" type="DEFAULT_VEHTYPE" speed="13.05" pos="105.42" lane="2/1to1/1_0" slope="0.00"/>
        <vehicle id="33" x="146.61" y="401.65" angle="-90.00" type="DEFAULT_VEHTYPE" speed="12.88" pos="48.64" lane="1/2to0/2_0" slope="0.00"/>
        <vehicle id="34" x="635.54" y="198.35" angle="90.00" type="DEFAULT_VEHTYPE" speed="13.65" pos="30.79" lane="3/1to4/1_0" slope="0.00"/>
        <vehicle id="35" x="398.35" y="755.64" angle="0.00" type="DEFAULT_VEHTYPE" speed="13.81" pos="44.36" lane="2/4to2/3_0" slope="0.00"/>
        <vehicle id="36" x="255.96" y="398.35" angle="90.00" type="DEFAULT_VEHTYPE" speed="13.64" pos="51.21" lane="1/2to2/2_0" slope="0.00"/>
        <vehicle id="37" x="584.62" y="198.35" angle="90.00" type="DEFAULT_VEHTYPE" speed="0.78" pos="179.87" lane="2/1to3/1_0" slope="0.00"/>
        <vehicle id="38" x="217.02" y="398.35" angle="90.00" type="DEFAULT_VEHTYPE" speed="13.78" pos="12.27" lane="1/2to2/2_0" slope="0.00"/>
        <vehicle id="4" x="198.35" y="116.77" angle="0.00" type="DEFAULT_VEHTYPE" speed="12.76" pos="78.48" lane="1/1to1/0_0" slope="0.00"/>
        <vehicle id="40" x="287.42" y="601.65" angle="-90.00" type="DEFAULT_VEHTYPE" speed="13.83" pos="107.83" lane="2/3to1/3_0" slope="0.00"/>
        <vehicle id="41" x="192.67" y="198.35" angle="90.00" type="DEFAULT_VEHTYPE" speed="0.09" pos="192.67" lane="0/1to1/1_0" slope="0.00"/>
        <vehicle id="42" x="291.82" y="398.35" angle="90.00" type="DEFAULT_VEHTYPE" speed="13.41" pos="87.07" lane="1/2to2/2_0" slope="0.00"/>
        <vehicle id="43" x="601.65" y="690.84" angle="180.00" type="DEFAULT_VEHTYPE" speed="12.72" pos="86.09" lane="3/3to3/4_0" slope="0.00"/>
        <vehicle id="44" x="201.65" y="573.48" angle="180.00" type="DEFAULT_VEHTYPE" speed="13.49" pos="168.73" lane="1/2to1/3_0" slope="0.00"/>
        <vehicle id="45" x="401.65" y="594.51" angle="180.00" type="DEFAULT_VEHTYPE" speed="12.91" pos="189.76" lane="2/2to2/3_0" slope="0.00"/>
        <vehicle id="46" x="157.37" y="201.65" angle="-90.00" type="DEFAULT_VEHTYPE" speed="13.36" pos="37.88" lane="1/1to0/1_0" slope="0.00"/>
        <vehicle id="47" x="549.41" y="598.35" angle="90.00" type="DEFAULT_VEHTYPE" speed="13.01" pos="144.66" lane="2/3to3/3_0" slope="0.00"/>
        <vehicle id="48" x="201.65" y="292.77" angle="180.00" type="DEFAULT_VEHTYPE" speed="12.87" pos="88.02" lane="1/1to1/2_0" slope="0.00"/>
        <vehicle id="49" x="401.65" y="555.20" angle="180.00" type="DEFAULT_VEHTYPE" speed="12.65" pos="150.45" lane="2/2to2/3_0" slope="0.00"/>
        <vehicle id="5" x="399.17" y="599.42" angle="102.62" type="DEFAULT_VEHTYPE" speed="3.98" pos="4.13" lane=":2/3_14_0" slope="0.00"/>
        <vehicle id="6" x="57.80" y="601.65" angle="-90.00" type="DEFAULT_VEHTYPE" speed="12.73" pos="137.45" lane="1/3to0/3_0" slope="0.00"/>
        <vehicle id="7" x="186.63" y="401.65" angle="-90.00" type="DEFAULT_VEHTYPE" speed="8.63" pos="8.62" lane="1/2to0/2_0" slope="0.00"/>
        <vehicle id="8" x="399.94" y="801.62" angle="-157.59" type="DEFAULT_VEHTYPE" speed="13.80" pos="2.48" lane=":2/4_0_0" slope="0.00"/>
    </timestep>
    <timestep time="91.00">
        <vehicle id="0" x="398.35" y="683.96" angle="0.00" type="DEFAULT_VEHTYPE" speed="13.12" pos="116.04" lane="2/4to2/3_0" slope="0.00"/>
        <vehicle id="1" x="598.54" y="198.35" angle="90.00" type="DEFAULT_VEHTYPE" speed="4.03" pos="3.29" lane=":3/1_13_0" slope="0.00"/>
        <vehicle id="11" x="7.59" y="201.65" angle="-90.00" type="DEFAULT_VEHTYPE" speed="12.79" pos="187.66" lane="1/1to0/1_0" slope="0.00"/>
        <vehicle id="13" x="401.65" y="259.86" angle="180.00" type="DEFAULT_VEHTYPE" speed="12.83" pos="55.11" lane="2/1to2/2_0" slope="0.00"/>
        <vehicle id="15" x="401.65" y="500.91" angle="180.00" type="DEFAULT_VEHTYPE" speed="13.30" pos="96.16" lane="2/2to2/3_0" slope="0.00"/>
        <vehicle id="17" x="398.35" y="330.44" angle="0.00" type="DEFAULT_VEHTYPE" speed="13.30" pos="64.81" lane="2/2to2/1_0" slope="0.00"/>
        <vehicle id="18" x="398.35" y="548.46" angle="0.00" type="DEFAULT_VEHTYPE" speed="13.68" pos="46.79" lane="2/3to2/2_0" slope="0.00"/>
        <vehicle id="19" x="198.35" y="205.20" angle="0.00" type="DEFAULT_VEHTYPE" speed="4.68" pos="190.05" lane="1/2to1/1_0" slope="0.00"/>
        <vehicle id="20" x="401.65" y="164.62" angle="180.00" type="DEFAULT_VEHTYPE" speed="12.76" pos="164.62" lane="2/0to2/1_0" slope="0.00"/>
        <vehicle id="21" x="398.35" y="655.32" angle="0.00" type="DEFAULT_VEHTYPE" speed="13.50" pos="144.68" lane="2/4to2/3_0" slope="0.00"/>
        <vehicle id="22" x="444.54" y="198.35" angle="90.00" type="DEFAULT_VEHTYPE" speed="13.02" pos="39.79" lane="2/1to3/1_0" slope="0.00"/>
        <vehicle id="23" x="598.35" y="351.50" angle="0.00" type="DEFAULT_VEHTYPE" speed="13.00" pos="43.75" lane="3/2to3/1_0" slope="0.00"/>
        <vehicle id="24" x="236.94" y="598.35" angle="90.00" type="DEFAULT_VEHTYPE" speed="13.35" pos="32.19" lane="1/3to2/3_0" slope="0.00"/>
        <vehicle id="25" x="217.45" y="201.65" angle="-90.00" type="DEFAULT_VEHTYPE" speed="8.84" pos="177.80" lane="2/1to1/1_0" slope="0.00"/>
        <vehicle id="26" x="363.34" y="598.35" angle="90.00" type="DEFAULT_VEHTYPE" speed="13.58" pos="158.59" lane="1/3to2/3_0" slope="0.00"/>
        <vehicle id="27" x="376.95" y="198.35" angle="90.00" type="DEFAULT_VEHTYPE" speed="10.67" pos="172.20" lane="1/1to2/1_0" slope="0.00"/>
        <vehicle id="28" x="398.35" y="296.52" angle="0.00" type="DEFAULT_VEHTYPE" speed="12.60" pos="98.73" lane="2/2to2/1_0" slope="0.00"/>
        <vehicle id="29" x="401.65" y="305.83" angle="180.00" type="DEFAULT_VEHTYPE" speed="13.62" pos="101.08" lane="2/1to2/2_0" slope="0.00"/>
        <vehicle id="3" x="70.84" y="201.65" angle="-90.00" type="DEFAULT_VEHTYPE" speed="13.27" pos="124.41" lane="1/1to0/1_0" slope="0.00"/>
        <vehicle id="30" x="201.65" y="247.93" angle="180.00" type="DEFAULT_VEHTYPE" speed="13.02" pos="43.18" lane="1/1to1/2_0" slope="0.00"/>
        <vehicle id="31" x="504.47" y="598.35" angle="90.00" type="DEFAULT_VEHTYPE" speed="12.91" pos="99.72" lane="2/3to3/3_0" slope="0.00"/>
        <vehicle id="32" x="277.14" y="201.65" angle="-90.00" type="DEFAULT_VEHTYPE" speed="12.69" pos="118.11" lane="2/1to1/1_0" slope="0.00"/>
        <vehicle id="33" x="132.93" y="401.65" angle="-90.00" type="DEFAULT_VEHTYPE" speed="13.68" pos="62.32" lane="1/2to0/2_0" slope="0.00"/>
        <vehicle id="34" x="648.42" y="198.35" angle="90.00" type="DEFAULT_VEHTYPE" speed="12.88" pos="43.67" lane="3/1to4/1_0" slope="0.00"/>
        <vehicle id="35" x="398.35" y="742.26" angle="0.00" type="DEFAULT_VEHTYPE" speed="13.37" pos="57.74" lane="2/4to2/3_0" slope="0.00"/>
        <vehicle id="36" x="268.66" y="398.35" angle="90.00" type="DEFAULT_VEHTYPE" speed="12.70" pos="63.91" lane="1/2to2/2_0" slope="0.00"/>
        <vehicle id="37" x="586.16" y="198.35" angle="90.00" type="DEFAULT_VEHTYPE" speed="1.54" pos="181.41" lane="2/1to3/1_0" slope="0.00"/>
        <vehicle id="38" x="229.93" y="398.35" angle="90.00" type="DEFAULT_VEHTYPE" speed="12.92" pos="25.18" lane="1/2to2/2_0" slope="0.00"/>
        <vehicle id="4" x="198.35" y="104.17" angle="0.00" type="DEFAULT_VEHTYPE" speed="12.60" pos="91.08" lane="1/1to1/0_0" slope="0.00"/>
        <vehicle id="40" x="274.47" y="601.65" angle="-90.00" type="DEFAULT_VEHTYPE" speed="12.94" pos="120.78" lane="2/3to1/3_0" slope="0.00"/>
        <vehicle id="41" x="192.73" y="198.35" angle="90.00" type="DEFAULT_VEHTYPE" speed="0.06" pos="192.73" lane="0/1to1/1_0" slope="0.00"/>
        <vehicle id="42" x="305.00" y="398.35" angle="90.00" type="DEFAULT_VEHTYPE" speed="13.19" pos="100.25" lane="1/2to2/2_0" slope="0.00"/>
        <vehicle id="43" x="601.65" y="704.46" angle="180.00" type="DEFAULT_VEHTYPE" speed="13.62" pos="99.71" lane="3/3to3/4_0" slope="0.00"/>
        <vehicle id="44" x="201.65" y="586.29" angle="180.00" type="DEFAULT_VEHTYPE" speed="12.81" pos="181.54" lane="1/2to1/3_0" slope="0.00"/>
        <vehicle id="45" x="411.97" y="598.35" angle="90.00" type="DEFAULT_VEHTYPE" speed="12.96" pos="7.22" lane="2/3to3/3_0" slope="0.00"/>
        <vehicle id="46" x="143.53" y="201.65" angle="-90.00" type="DEFAULT_VEHTYPE" speed="13.84" pos="51.72" lane="1/1to0/1_0" slope="0.00"/>
        <vehicle id="47" x="562.58" y="598.35" angle="90.00" type="DEFAULT_VEHTYPE" speed="13.17" pos="157.83" lane="2/3to3/3_0" slope="0.00"/>
        <vehicle id="48" x="201.65" y="305.69" angle="180.00" type="DEFAULT_VEHTYPE" speed="12.92" pos="100.94" lane="1/1to1/2_0" slope="0.00"/>
        <vehicle id="49" x="401.65" y="568.76" angle="180.00" type="DEFAULT_VEHTYPE" speed="13.55" pos="164.01" lane="2/2to2/3_0" slope="0.00"/>
        <vehicle id="5" x="401.55" y="604.04" angle="155.72" type="DEFAULT_VEHTYPE" speed="5.47" pos="9.61" lane=":2/3_14_0" slope="0.00"/>
        <vehicle id="6" x="43.92" y="601.65" angle="-90.00" type="DEFAULT_VEHTYPE" speed="13.88" pos="151.33" lane="1/3to0/3_0" slope="0.00"/>
        <vehicle id="7" x="175.45" y="401.65" angle="-90.00" type="DEFAULT_VEHTYPE" speed="11.19" pos="19.80" lane="1/2to0/2_0" slope="0.00"/>
        <vehicle id="8" x="398.35" y="789.62" angle="0.00" type="DEFAULT_VEHTYPE" speed="12.72" pos="10.38" lane="2/4to2/3_0" slope="0.00"/>
    </timestep>
    <timestep time="92.00">
        <vehicle id="0" x="398.35" y="670.34" angle="0.00" type="DEFAULT_VEHTYPE" speed="13.62" pos="129.66" lane="2/4to2/3_0" slope="0.00"/>
        <vehicle id="1" x="604.54" y="198.35" angle="90.00" type="DEFAULT_VEHTYPE" speed="6.00" pos="9.29" lane=":3/1_13_0" slope="0.00"/>
        <vehicle id="13" x="401.65" y="272.87" angle="180.00" type="DEFAULT_VEHTYPE" speed="13.01" pos="68.12" lane="2/1to2/2_0" slope="0.00"/>
        <vehicle id="15" x="401.65" y="514.69" angle="180.00" type="DEFAULT_VEHTYPE" speed="13.78" pos="109.94" lane="2/2to2/3_0" slope="0.00"/>
        <vehicle id="17" x="398.35" y="317.22" angle="0.00" type="DEFAULT_VEHTYPE" speed="13.23" pos="78.03" lane="2/2to2/1_0" slope="0.00"/>
        <vehicle id="18" x="398.35" y="535.04" angle="0.00" type="DEFAULT_VEHTYPE" speed="13.43" pos="60.21" lane="2/3to2/2_0" slope="0.00"/>
        <vehicle id="19" x="199.12" y="203.59" angle="9.13" type="DEFAULT_VEHTYPE" speed="1.84" pos="1.39" lane=":1/1_3_0" slope="0.00"/>
        <vehicle id="20" x="401.65" y="177.36" angle="180.00" type="DEFAULT_VEHTYPE" speed="12.74" pos="177.36" lane="2/0to2/1_0" slope="0.00"/>
        <vehicle id="21" x="398.35" y="642.13" angle="0.00" type="DEFAULT_VEHTYPE" speed="13.19" pos="157.87" lane="2/4to2/3_0" slope="0.00"/>
        <vehicle id="22" x="457.98" y="198.35" angle="90.00" type="DEFAULT_VEHTYPE" speed="13.44" pos="53.23" lane="2/1to3/1_0" slope="0.00"/>
        <vehicle id="23" x="598.35" y="338.53" angle="0.00" type="DEFAULT_VEHTYPE" speed="12.97" pos="56.72" lane="3/2to3/1_0" slope="0.00"/>
        <vehicle id="24" x="250.83" y="598.35" angle="90.00" type="DEFAULT_VEHTYPE" speed="13.89" pos="46.08" lane="1/3to2/3_0" slope="0.00"/>
        <vehicle id="25" x="212.31" y="201.65" angle="-90.00" type="DEFAULT_VEHTYPE" speed="5.15" pos="182.94" lane="2/1to1/1_0" slope="0.00"/>
        <vehicle id="26" x="375.25" y="598.35" angle="90.00" type="DEFAULT_VEHTYPE" speed="11.91" pos="170.50" lane="1/3to2/3_0" slope="0.00"/>
        <vehicle id="27" x="384.79" y="198.35" angle="90.00" type="DEFAULT_VEHTYPE" speed="7.84" pos="180.04" lane="1/1to2/1_0" slope="0.00"/>
        <vehicle id="28" x="398.35" y="282.96" angle="0.00" type="DEFAULT_VEHTYPE" speed="13.56" pos="112.29" lane="2/2to2/1_0" slope="0.00"/>
        <vehicle id="29" x="401.65" y="319.59" angle="180.00" type="DEFAULT_VEHTYPE" speed="13.76" pos="114.84" lane="2/1to2/2_0" slope="0.00"/>
        <vehicle id="3" x="57.34" y="201.65" angle="-90.00" type="DEFAULT_VEHTYPE" speed="13.50" pos="137.91" lane="1/1to0/1_0" slope="0.00"/>
        <vehicle id="30" x="201.65" y="261.44" angle="180.00" type="DEFAULT_VEHTYPE" speed="13.51" pos="56.69" lane="1/1to1/2_0" slope="0.00"/>
        <vehicle id="31" x="517.68" y="598.35" angle="90.00" type="DEFAULT_VEHTYPE" speed="13.21" pos="112.93" lane="2/3to3/3_0" slope="0.00"/>
        <vehicle id="32" x="263.87" y="201.65" angle="-90.00" type="DEFAULT_VEHTYPE" speed="13.27" pos="131.38" lane="2/1to1/1_0" slope="0.00"/>
        <vehicle id="33" x="119.30" y="401.65" angle="-90.00" type="DEFAULT_VEHTYPE" speed="13.63" pos="75.95" lane="1/2to0/2_0" slope="0.00"/>
        <vehicle id="34" x="661.53" y="198.35" angle="90.00" type="DEFAULT_VEHTYPE" speed="13.10" pos="56.78" lane="3/1to4/1_0" slope="0.00"/>
        <vehicle id="35" x="398.35" y="728.66" angle="0.00" type="DEFAULT_VEHTYPE" speed="13.60" pos="71.34" lane="2/4to2/3_0" slope="0.00"/>
        <vehicle id="36" x="282.24" y="398.35" angle="90.00" type="DEFAULT_VEHTYPE" speed="13.58" pos="77.49" lane="1/2to2/2_0" slope="0.00"/>
        <vehicle id="37" x="588.96" y="198.35" angle="90.00" type="DEFAULT_VEHTYPE" speed="2.81" pos="184.21" lane="2/1to3/1_0" slope="0.00"/>
        <vehicle id="38" x="243.69" y="398.35" angle="90.00" type="DEFAULT_VEHTYPE" speed="13.75" pos="38.94" lane="1/2to2/2_0" slope="0.00"/>
        <vehicle id="4" x="198.35" y="90.93" angle="0.00" type="DEFAULT_VEHTYPE" speed="13.24" pos="104.32" lane="1/1to1/0_0" slope="0.00"/>
        <vehicle id="40" x="261.55" y="601.65" angle="-90.00" type="DEFAULT_VEHTYPE" speed="12.93" pos="133.70" lane="2/3to1/3_0" slope="0.00"/>
        <vehicle id="41" x="192.75" y="198.35" angle="90.00" type="DEFAULT_VEHTYPE" speed="0.02" pos="192.75" lane="0/1to1/1_0" slope="0.00"/>
        <vehicle id="42" x="318.00" y="398.35" angle="90.00" type="DEFAULT_VEHTYPE" speed="12.99" pos="113.25" lane="1/2to2/2_0" slope="0.00"/>
        <vehicle id="43" x="601.65" y="717.94" angle="180.00" type="DEFAULT_VEHTYPE" speed="13.49" pos="113.19" lane="3/3to3/4_0" slope="0.00"/>
        <vehicle id="44" x="204.15" y="598.27" angle="145.43" type="DEFAULT_VEHTYPE" speed="13.35" pos="4.39" lane=":1/3_8_0" slope="0.00"/>
        <vehicle id="45" x="425.03" y="598.35" angle="90.00" type="DEFAULT_VEHTYPE" speed="13.06" pos="20.28" lane="2/3to3/3_0" slope="0.00"/>
        <vehicle id="46" x="130.20" y="201.65" angle="-90.00" type="DEFAULT_VEHTYPE" speed="13.33" pos="65.05" lane="1/1to0/1_0" slope="0.00"/>
        <vehicle id="47" x="574.63" y="598.35" angle="90.00" type="DEFAULT_VEHTYPE" speed="12.05" pos="169.88" lane="2/3to3/3_0" slope="0.00"/>
        <vehicle id="48" x="201.65" y="318.37" angle="180.00" type="DEFAULT_VEHTYPE" speed="12.68" pos="113.62" lane="1/1to1/2_0" slope="0.00"/>
        <vehicle id="49" x="401.65" y="582.28" angle="180.00" type="DEFAULT_VEHTYPE" speed="13.52" pos="177.53" lane="2/2to2/3_0" slope="0.00"/>
        <vehicle id="5" x="401.65" y="611.06" angle="180.00" type="DEFAULT_VEHTYPE" speed="7.02" pos="6.31" lane="2/3to2/4_0" slope="0.00"/>
        <vehicle id="6" x="30.73" y="601.65" angle="-90.00" type="DEFAULT_VEHTYPE" speed="13.19" pos="164.52" lane="1/3to0/3_0" slope="0.00"/>
        <vehicle id="7" x="161.88" y="401.65" angle="-90.00" type="DEFAULT_VEHTYPE" speed="13.56" pos="33.37" lane="1/2to0/2_0" slope="0.00"/>
        <vehicle id="8" x="398.35" y="776.13" angle="0.00" type="DEFAULT_VEHTYPE" speed="13.49" pos="23.87" lane="2/4to2/3_0" slope="0.00"/>
    </timestep>
    <timestep time="93.00">
        <vehicle id="0" x="398.35" y="656.45" angle="0.00" type="DEFAULT_VEHTYPE" speed="13.89" pos="143.55" lane="2/4to2/3_0" slope="0.00"/>
        <vehicle id="1" x="613.13" y="198.35" angle="90.00" type="DEFAULT_VEHTYPE" speed="8.59" pos="8.38" lane="3/1to4/1_0" slope="0.00"/>
        <vehicle id="13" x="401.65" y="285.51" angle="180.00" type="DEFAULT_VEHTYPE" speed="12.64" pos="80.76" lane="2/1to2/2_0" slope="0.00"/>
        <vehicle id="15" x="401.65" y="528.02" angle="180.00" type="DEFAULT_VEHTYPE" speed="13.33" pos="123.27" lane="2/2to2/3_0" slope="0.00"/>
        <vehicle id="17" x="398.35" y="303.96" angle="0.00" type="DEFAULT_VEHTYPE" speed="13.26" pos="91.29" lane="2/2to2/1_0" slope="0.00"/>
        <vehicle id="18" x="398.35" y="521.16" angle="0.00" type="DEFAULT_VEHTYPE" speed="13.87" pos="74.09" lane="2/3to2/2_0" slope="0.00"/>
        <vehicle id="19" x="199.84" y="203.18" angle="18.90" type="DEFAULT_VEHTYPE" speed="0.84" pos="2.23" lane=":1/1_3_0" slope="0.00"/>
        <vehicle id="20" x="401.65" y="191.03" angle="180.00" type="DEFAULT_VEHTYPE" speed="13.68" pos="191.03" lane="2/0to2/1_0" slope="0.00"/>
        <vehicle id="21" x="398.35" y="628.41" angle="0.00" type="DEFAULT_VEHTYPE" speed="13.72" pos="171.59" lane="2/4to2/3_0" slope="0.00"/>
        <vehicle id="22" x="471.05" y="198.35" angle="90.00" type="DEFAULT_VEHTYPE" speed="13.07" pos="66.30" lane="2/1to3/1_0" slope="0.00"/>
        <vehicle id="23" x="598.35" y="325.05" angle="0.00" type="DEFAULT_VEHTYPE" speed="13.48" pos="70.20" lane="3/2to3/1_0" slope="0.00"/>
        <vehicle id="24" x="264.06" y="598.35" angle="90.00" type="DEFAULT_VEHTYPE" speed="13.22" pos="59.31" lane="1/3to2/3_0" slope="0.00"/>
        <vehicle id="25" x="209.00" y="201.65" angle="-90.00" type="DEFAULT_VEHTYPE" speed="3.31" pos="186.25" lane="2/1to1/1_0" slope="0.00"/>
        <vehicle id="26" x="383.78" y="598.35" angle="90.00" type="DEFAULT_VEHTYPE" speed="8.53" pos="179.03" lane="1/3to2/3_0" slope="0.00"/>
        <vehicle id="27" x="389.43" y="198.35" angle="90.00" type="DEFAULT_VEHTYPE" speed="4.64" pos="184.68" lane="1/1to2/1_0" slope="0.00"/>
        <vehicle id="28" x="398.35" y="269.46" angle="0.00" type="DEFAULT_VEHTYPE" speed="13.50" pos="125.79" lane="2/2to2/1_0" slope="0.00"/>
        <vehicle id="29" x="401.65" y="333.27" angle="180.00" type="DEFAULT_VEHTYPE" speed="13.68" pos="128.52" lane="2/1to2/2_0" slope="0.00"/>
        <vehicle id="3" x="44.28" y="201.65" angle="-90.00" type="DEFAULT_VEHTYPE" speed="13.06" pos="150.97" lane="1/1to0/1_0" slope="0.00"/>
        <vehicle id="30" x="201.65" y="275.20" angle="180.00" type="DEFAULT_VEHTYPE" speed="13.76" pos="70.45" lane="1/1to1/2_0" slope="0.00"/>
        <vehicle id="31" x="530.83" y="598.35" angle="90.00" type="DEFAULT_VEHTYPE" speed="13.15" pos="126.08" lane="2/3to3/3_0" slope="0.00"/>
        <vehicle id="32" x="250.77" y="201.65" angle="-90.00" type="DEFAULT_VEHTYPE" speed="13.10" pos="144.48" lane="2/1to1/1_0" slope="0.00"/>
        <vehicle id="33" x="105.81" y="401.65" angle="-90.00" type="DEFAULT_VEHTYPE" speed="13.49" pos="89.44" lane="1/2to0/2_0" slope="0.00"/>
        <vehicle id="34" x="674.24" y="198.35" angle="90.00" type="DEFAULT_VEHTYPE" speed="12.72" pos="69.49" lane="3/1to4/1_0" slope="0.00"/>
        <vehicle id="35" x="398.35" y="715.04" angle="0.00" type="DEFAULT_VEHTYPE" speed="13.62" pos="84.96" lane="2/4to2/3_0" slope="0.00"/>
        <vehicle id="36" x="294.85" y="398.35" angle="90.00" type="DEFAULT_VEHTYPE" speed="12.61" pos="90.10" lane="1/2to2/2_0" slope="0.00"/>
        <vehicle id="37" x="593.98" y="198.35" angle="90.00" type="DEFAULT_VEHTYPE" speed="5.02" pos="189.23" lane="2/1to3/1_0" slope="0.00"/>
        <vehicle id="38" x="257.02" y="398.35" angle="90.00" type="DEFAULT_VEHTYPE" speed="13.33" pos="52.27" lane="1/2to2/2_0" slope="0.00"/>
        <vehicle id="4" x="198.35" y="77.86" angle="0.00" type="DEFAULT_VEHTYPE" speed="13.07" pos="117.39" lane="1/1to1/0_0" slope="0.00"/>
        <vehicle id="40" x="248.41" y="601.65" angle="-90.00" type="DEFAULT_VEHTYPE" speed="13.14" pos="146.84" lane="2/3to1/3_0" slope="0.00"/>
        <vehicle id="41" x="192.75" y="198.35" angle="90.00" type="DEFAULT_VEHTYPE" speed="0.00" pos="192.75" lane="0/1to1/1_0" slope="0.00"/>
        <vehicle id="42" x="331.09" y="398.35" angle="90.00" type="DEFAULT_VEHTYPE" speed="13.09" pos="126.34" lane="1/2to2/2_0" slope="0.00"/>
        <vehicle id="43" x="601.65" y="731.13" angle="180.00" type="DEFAULT_VEHTYPE" speed="13.18" pos="126.38" lane="3/3to3/4_0" slope="0.00"/>
        <vehicle id="44" x="217.06" y="598.35" angle="90.00" type="DEFAULT_VEHTYPE" speed="12.92" pos="12.31" lane="1/3to2/3_0" slope="0.00"/>
        <vehicle id="45" x="437.88" y="598.35" angle="90.00" type="DEFAULT_VEHTYPE" speed="12.86" pos="33.13" lane="2/3to3/3_0" slope="0.00"/>
        <vehicle id="46" x="116.91" y="201.65" angle="-90.00" type="DEFAULT_VEHTYPE" speed="13.29" pos="78.34" lane="1/1to0/1_0" slope="0.00"/>
        <vehicle id="47" x="583.55" y="598.35" angle="90.00" type="DEFAULT_VEHTYPE" speed="8.92" pos="178.80" lane="2/3to3/3_0" slope="0.00"/>
        <vehicle id="48" x="201.65" y="331.08" angle="180.00" type="DEFAULT_VEHTYPE" speed="12.72" pos="126.33" lane="1/1to1/2_0" slope="0.00"/>
        <vehicle id="49" x="401.78" y="596.15" angle="178.56" type="DEFAULT_VEHTYPE" speed="13.88" pos="0.91" lane=":2/3_8_0" slope="0.00"/>
        <vehicle id="5" x="401.65" y="619.43" angle="180.00" type="DEFAULT_VEHTYPE" speed="8.37" pos="14.68" lane="2/3to2/4_0" slope="0.00"/>
        <vehicle id="6" x="16.91" y="601.65" angle="-90.00" type="DEFAULT_VEHTYPE" speed="13.83" pos="178.34" lane="1/3to0/3_0" slope="0.00"/>
        <vehicle id="7" x="148.96" y="401.65" angle="-90.00" type="DEFAULT_VEHTYPE" speed="12.92" pos="46.29" lane="1/2to0/2_0" slope="0.00"/>
        <vehicle id="8" x="398.35" y="762.30" angle="0.00" type="DEFAULT_VEHTYPE" speed="13.83" pos="37.70" lane="2/4to2/3_0" slope="0.00"/>
    </timestep>
    <timestep time="94.00">
        <vehicle id="0" x="398.35" y="643.10" angle="0.00" type="DEFAULT_VEHTYPE" speed="13.35" pos="156.90" lane="2/4to2/3_0" slope="0.00"/>
        <vehicle id="1" x="623.43" y="198.35" angle="90.00" type="DEFAULT_VEHTYPE" speed="10.31" pos="18.68" lane="3/1to4/1_0" slope="0.00"/>
        <vehicle id="13" x="401.65" y="299.17" angle="180.00" type="DEFAULT_VEHTYPE" speed="13.66" pos="94.42" lane="2/1to2/2_0" slope="0.00"/>
        <vehicle id="15" x="401.65" y="541.36" angle="180.00" type="DEFAULT_VEHTYPE" speed="13.34" pos="136.61" lane="2/2to2/3_0" slope="0.00"/>
        <vehicle id="17" x="398.35" y="290.30" angle="0.00" type="DEFAULT_VEHTYPE" speed="13.66" pos="104.95" lane="2/2to2/1_0" slope="0.00"/>
        <vehicle id="18" x="398.35" y="507.68" angle="0.00" type="DEFAULT_VEHTYPE" speed="13.48" pos="87.57" lane="2/3to2/2_0" slope="0.00"/>
        <vehicle id="19" x="199.90" y="203.15" angle="19.83" type="DEFAULT_VEHTYPE" speed="0.07" pos="2.30" lane=":1/1_3_0" slope="0.00"/>
        <vehicle id="21" x="398.35" y="614.90" angle="0.00" type="DEFAULT_VEHTYPE" speed="13.51" pos="185.10" lane="2/4to2/3_0" slope="0.00"/>
        <vehicle id="22" x="483.92" y="198.35" angle="90.00" type="DEFAULT_VEHTYPE" speed="12.86" pos="79.17" lane="2/1to3/1_0" slope="0.00"/>
        <vehicle id="23" x="598.35" y="311.86" angle="0.00" type="DEFAULT_VEHTYPE" speed="13.18" pos="83.39" lane="3/2to3/1_0" slope="0.00"/>
        <vehicle id="24" x="276.66" y="598.35" angle="90.00" type="DEFAULT_VEHTYPE" speed="12.61" pos="71.91" lane="1/3to2/3_0" slope="0.00"/>
        <vehicle id="25" x="203.31" y="201.89" angle="-92.71" type="DEFAULT_VEHTYPE" speed="5.71" pos="1.46" lane=":1/1_4_0" slope="0.00"/>
        <vehicle id="26" x="388.08" y="598.35" angle="90.00" type="DEFAULT_VEHTYPE" speed="4.30" pos="183.33" lane="1/3to2/3_0" slope="0.00"/>
        <vehicle id="27" x="395.65" y="198.29" angle="89.35" type="DEFAULT_VEHTYPE" speed="6.22" pos="0.41" lane=":2/1_12_0" slope="0.00"/>
        <vehicle id="28" x="398.35" y="256.38" angle="0.00" type="DEFAULT_VEHTYPE" speed="13.08" pos="138.87" lane="2/2to2/1_0" slope="0.00"/>
        <vehicle id="29" x="401.65" y="346.10" angle="180.00" type="DEFAULT_VEHTYPE" speed="12.84" pos="141.35" lane="2/1to2/2_0" slope="0.00"/>
        <vehicle id="3" x="30.55" y="201.65" angle="-90.00" type="DEFAULT_VEHTYPE" speed="13.73" pos="164.70" lane="1/1to0/1_0" slope="0.00"/>
        <vehicle id="30" x="201.65" y="287.96" angle="180.00" type="DEFAULT_VEHTYPE" speed="12.77" pos="83.21" lane="1/1to1/2_0" slope="0.00"/>
        <vehicle id="31" x="544.15" y="598.35" angle="90.00" type="DEFAULT_VEHTYPE" speed="13.31" pos="139.40" lane="2/3to3/3_0" slope="0.00"/>
        <vehicle id="32" x="237.89" y="201.65" angle="-90.00" type="DEFAULT_VEHTYPE" speed="12.88" pos="157.36" lane="2/1to1/1_0" slope="0.00"/>
        <vehicle id="33" x="92.44" y="401.65" angle="-90.00" type="DEFAULT_VEHTYPE" speed="13.37" pos="102.81" lane="1/2to0/2_0" slope="0.00"/>
        <vehicle id="34" x="688.08" y="198.35" angle="90.00" type="DEFAULT_VEHTYPE" speed="13.84" pos="83.33" lane="3/1to4/1_0" slope="0.00"/>
        <vehicle id="35" x="398.35" y="701.32" angle="0.00" type="DEFAULT_VEHTYPE" speed="13.72" pos="98.68" lane="2/4to2/3_0" slope="0.00"/>
        <vehicle id="36" x="307.81" y="398.35" angle="90.00" type="DEFAULT_VEHTYPE" speed="12.96" pos="103.06" lane="1/2to2/2_0" slope="0.00"/>
        <vehicle id="37" x="600.10" y="200.03" angle="109.63" type="DEFAULT_VEHTYPE" speed="6.52" pos="5.25" lane=":3/1_14_0" slope="0.00"/>
        <vehicle id="38" x="270.57" y="398.35" angle="90.00" type="DEFAULT_VEHTYPE" speed="13.56" pos="65.82" lane="1/2to2/2_0" slope="0.00"/>
        <vehicle id="4" x="198.35" y="64.33" angle="0.00" type="DEFAULT_VEHTYPE" speed="13.53" pos="130.92" lane="1/1to1/0_0" slope="0.00"/>
        <vehicle id="40" x="235.75" y="601.65" angle="-90.00" type="DEFAULT_VEHTYPE" speed="12.66" pos="159.50" lane="2/3to1/3_0" slope="0.00"/>
        <vehicle id="41" x="192.75" y="198.35" angle="90.00" type="DEFAULT_VEHTYPE" speed="0.00" pos="192.75" lane="0/1to1/1_0" slope="0.00"/>
        <vehicle id="42" x="344.75" y="398.35" angle="90.00" type="DEFAULT_VEHTYPE" speed="13.67" pos="140.00" lane="1/2to2/2_0" slope="0.00"/>
        <vehicle id="43" x="601.65" y="744.81" angle="180.00" type="DEFAULT_VEHTYPE" speed="13.68" pos="140.06" lane="3/3to3/4_0" slope="0.00"/>
        <vehicle id="44" x="230.59" y="598.35" angle="90.00" type="DEFAULT_VEHTYPE" speed="13.53" pos="25.84" lane="1/3to2/3_0" slope="0.00"/>
        <vehicle id="45" x="451.72" y="598.35" angle="90.00" type="DEFAULT_VEHTYPE" speed="13.84" pos="46.97" lane="2/3to3/3_0" slope="0.00"/>
        <vehicle id="46" x="104.17" y="201.65" angle="-90.00" type="DEFAULT_VEHTYPE" speed="12.74" pos="91.08" lane="1/1to0/1_0" slope="0.00"/>
        <vehicle id="47" x="588.00" y="598.35" angle="90.00" type="DEFAULT_VEHTYPE" speed="4.46" pos="183.25" lane="2/3to3/3_0" slope="0.00"/>
        <vehicle id="48" x="201.65" y="344.92" angle="180.00" type="DEFAULT_VEHTYPE" speed="13.83" pos="140.17" lane="1/1to1/2_0" slope="0.00"/>
        <vehicle id="49" x="413.66" y="598.35" angle="90.00" type="DEFAULT_VEHTYPE" speed="13.00" pos="8.91" lane="2/3to3/3_0" slope="0.00"/>
        <vehicle id="5" x="401.65" y="629.98" angle="180.00" type="DEFAULT_VEHTYPE" speed="10.55" pos="25.23" lane="2/3to2/4_0" slope="0.00"/>
        <vehicle id="6" x="3.28" y="601.65" angle="-90.00" type="DEFAULT_VEHTYPE" speed="13.62" pos="191.97" lane="1/3to0/3_0" slope="0.00"/>
        <vehicle id="7" x="136.05" y="401.65" angle="-90.00" type="DEFAULT_VEHTYPE" speed="12.91" pos="59.20" lane="1/2to0/2_0" slope="0.00"/>
        <vehicle id="8" x="398.35" y="749.65" angle="0.00" type="DEFAULT_VEHTYPE" speed="12.65" pos="50.35" lane="2/4to2/3_0" slope="0.00"/>
    </timestep>
    <timestep time="95.00">
        <vehicle id="0" x="398.35" y="630.48" angle="0.00" type="DEFAULT_VEHTYPE" speed="12.62" pos="169.52" lane="2/4to2/3_0" slope="0.00"/>
        <vehicle id="1" x="635.47" y="198.35" angle="90.00" type="DEFAULT_VEHTYPE" speed="12.03" pos="30.72" lane="3/1to4/1_0" slope="0.00"/>
        <vehicle id="13" x="401.65" y="312.19" angle="180.00" type="DEFAULT_VEHTYPE" speed="13.02" pos="107.44" lane="2/1to2/2_0" slope="0.00"/>
        <vehicle id="15" x="401.65" y="554.40" angle="180.00" type="DEFAULT_VEHTYPE" speed="13.04" pos="149.65" lane="2/2to2/3_0" slope="0.00"/>
        <vehicle id="17" x="398.35" y="276.88" angle="0.00" type="DEFAULT_VEHTYPE" speed="13.42" pos="118.37" lane="2/2to2/1_0" slope="0.00"/>
        <vehicle id="18" x="398.35" y="494.39" angle="0.00" type="DEFAULT_VEHTYPE" speed="13.29" pos="100.86" lane="2/3to2/2_0" slope="0.00"/>
        <vehicle id="19" x="199.90" y="203.15" angle="19.83" type="DEFAULT_VEHTYPE" speed="0.00" pos="2.30" lane=":1/1_3_0" slope="0.00"/>
        <vehicle id="21" x="398.35" y="602.08" angle="0.00" type="DEFAULT_VEHTYPE" speed="12.82" pos="2.67" lane=":2/3_1_0" slope="0.00"/>
        <vehicle id="22" x="497.58" y="198.35" angle="90.00" type="DEFAULT_VEHTYPE" speed="13.66" pos="92.83" lane="2/1to3/1_0" slope="0.00"/>
        <vehicle id="23" x="598.35" y="299.21" angle="0.00" type="DEFAULT_VEHTYPE" speed="12.65" pos="96.04" lane="3/2to3/1_0" slope="0.00"/>
        <vehicle id="24" x="290.51" y="598.35" angle="90.00" type="DEFAULT_VEHTYPE" speed="13.84" pos="85.76" lane="1/3to2/3_0" slope="0.00"/>
        <vehicle id="25" x="201.65" y="209.18" angle="-179.09" type="DEFAULT_VEHTYPE" speed="7.97" pos="4.43" lane="1/1to1/2_0" slope="0.00"/>
        <vehicle id="26" x="391.27" y="598.35" angle="90.00" type="DEFAULT_VEHTYPE" speed="3.19" pos="186.52" lane="1/3to2/3_0" slope="0.00"/>
        <vehicle id="27" x="398.35" y="191.77" angle="3.08" type="DEFAULT_VEHTYPE" speed="8.07" pos="3.48" lane="2/1to2/0_0" slope="0.00"/>
        <vehicle id="28" x="398.35" y="243.53" angle="0.00" type="DEFAULT_VEHTYPE" speed="12.85" pos="151.72" lane="2/2to2/1_0" slope="0.00"/>
        <vehicle id="29" x="401.65" y="359.51" angle="180.00" type="DEFAULT_VEHTYPE" speed="13.41" pos="154.76" lane="2/1to2/2_0" slope="0.00"/>
        <vehicle id="3" x="17.79" y="201.65" angle="-90.00" type="DEFAULT_VEHTYPE" speed="12.76" pos="177.46" lane="1/1to0/1_0" slope="0.00"/>
        <vehicle id="30" x="201.65" y="301.21" angle="180.00" type="DEFAULT_VEHTYPE" speed="13.25" pos="96.46" lane="1/1to1/2_0" slope="0.00"/>
        <vehicle id="31" x="556.99" y="598.35" angle="90.00" type="DEFAULT_VEHTYPE" speed="12.84" pos="152.24" lane="2/3to3/3_0" slope="0.00"/>
        <vehicle id="32" x="225.33" y="201.65" angle="-90.00" type="DEFAULT_VEHTYPE" speed="12.56" pos="169.92" lane="2/1to1/1_0" slope="0.00"/>
        <vehicle id="33" x="78.55" y="401.65" angle="-90.00" type="DEFAULT_VEHTYPE" speed="13.89" pos="116.70" lane="1/2to0/2_0" slope="0.00"/>
        <vehicle id="34" x="701.28" y="198.35" angle="90.00" type="DEFAULT_VEHTYPE" speed="13.20" pos="96.53" lane="3/1to4/1_0" slope="0.00"/>
        <vehicle id="35" x="398.35" y="688.19" angle="0.00" type="DEFAULT_VEHTYPE" speed="13.13" pos="111.81" lane="2/4to2/3_0" slope="0.00"/>
        <vehicle id="36" x="321.69" y="398.35" angle="90.00" type="DEFAULT_VEHTYPE" speed="13.87" pos="116.94" lane="1/2to2/2_0" slope="0.00"/>
        <vehicle id="37" x="601.65" y="208.14" angle="177.38" type="DEFAULT_VEHTYPE" speed="8.46" pos="3.39" lane="3/1to3/2_0" slope="0.00"/>
        <vehicle id="38" x="283.70" y="398.35" angle="90.00" type="DEFAULT_VEHTYPE" speed="13.13" pos="78.95" lane="1/2to2/2_0" slope="0.00"/>
        <vehicle id="4" x="198.35" y="51.72" angle="0.00" type="DEFAULT_VEHTYPE" speed="12.62" pos="143.53" lane="1/1to1/0_0" slope="0.00"/>
        <vehicle id="40" x="223.84" y="601.65" angle="-90.00" type="DEFAULT_VEHTYPE" speed="11.91" pos="171.41" lane="2/3to1/3_0" slope="0.00"/>
        <vehicle id="41" x="192.75" y="198.35" angle="90.00" type="DEFAULT_VEHTYPE" speed="0.00" pos="192.75" lane="0/1to1/1_0" slope="0.00"/>
        <vehicle id="42" x="357.62" y="398.35" angle="90.00" type="DEFAULT_VEHTYPE" speed="12.86" pos="152.87" lane="1/2to2/2_0" slope="0.00"/>
        <vehicle id="43" x="601.65" y="757.51" angle="180.00" type="DEFAULT_VEHTYPE" speed="12.70" pos="152.76" lane="3/3to3/4_0" slope="0.00"/>
        <vehicle id="44" x="243.67" y="598.35" angle="90.00" type="DEFAULT_VEHTYPE" speed="13.08" pos="38.92" lane="1/3to2/3_0" slope="0.00"/>
        <vehicle id="45" x="464.53" y="598.35" angle="90.00" type="DEFAULT_VEHTYPE" speed="12.81" pos="59.78" lane="2/3to3/3_0" slope="0.00"/>
        <vehicle id="46" x="91.33" y="201.65" angle="-90.00" type="DEFAULT_VEHTYPE" speed="12.85" pos="103.92" lane="1/1to0/1_0" slope="0.00"/>
        <vehicle id="47" x="590.41" y="598.35" angle="90.00" type="DEFAULT_VEHTYPE" speed="2.40" pos="185.66" lane="2/3to3/3_0" slope="0.00"/>
        <vehicle id="48" x="201.65" y="357.80" angle="180.00" type="DEFAULT_VEHTYPE" speed="12.88" pos="153.05" lane="1/1to1/2_0" slope="0.00"/>
        <vehicle id="49" x="427.54" y="598.35" angle="90.00" type="DEFAULT_VEHTYPE" speed="13.88" pos="22.79" lane="2/3to3/3_0" slope="0.00"/>
        <vehicle id="5" x="401.65" y="642.94" angle="180.00" type="DEFAULT_VEHTYPE" speed="12.96" pos="38.19" lane="2/3to2/4_0" slope="0.00"/>
        <vehicle id="6" x="4.62" y="598.35" angle="87.56" type="DEFAULT_VEHTYPE" speed="12.72" pos="4.62" lane="0/3to1/3_0" slope="0.00"/>
        <vehicle id="7" x="123.44" y="401.65" angle="-90.00" type="DEFAULT_VEHTYPE" speed="12.61" pos="71.81" lane="1/2to0/2_0" slope="0.00"/>
        <vehicle id="8" x="398.35" y="736.54" angle="0.00" type="DEFAULT_VEHTYPE" speed="13.12" pos="63.46" lane="2/4to2/3_0" slope="0.00"/>
    </timestep>
    <timestep time="96.00">
        <vehicle id="0" x="398.35" y="617.01" angle="0.00" type="DEFAULT_VEHTYPE" speed="13.47" pos="182.99" lane="2/4to2/3_0" slope="0.00"/>
        <vehicle id="1" x="648.98" y="198.35" angle="90.00" type="DEFAULT_VEHTYPE" speed="13.52" pos="44.23" lane="3/1to4/1_0" slope="0.00"/>
        <vehicle id="13" x="401.65" y="325.24" angle="180.00" type="DEFAULT_VEHTYPE" speed="13.05" pos="120.49" lane="2/1to2/2_0" slope="0.00"/>
        <vehicle id="15" x="401.65" y="567.82" angle="180.00" type="DEFAULT_VEHTYPE" speed="13.41" pos="163.07" lane="2/2to2/3_0" slope="0.00"/>
        <vehicle id="17" x="398.35" y="263.76" angle="0.00" type="DEFAULT_VEHTYPE" speed="13.12" pos="131.49" lane="2/2to2/1_0" slope="0.00"/>
        <vehicle id="18" x="398.35" y="480.83" angle="0.00" type="DEFAULT_VEHTYPE" speed="13.56" pos="114.42" lane="2/3to2/2_0" slope="0.00"/>
        <vehicle id="19" x="199.90" y="203.15" angle="19.83" type="DEFAULT_VEHTYPE" speed="0.00" pos="2.30" lane=":1/1_3_0" slope="0.00"/>
        <vehicle id="21" x="398.35" y="588.84" angle="0.00" type="DEFAULT_VEHTYPE" speed="13.25" pos="6.41" lane="2/3to2/2_0" slope="0.00"/>
        <vehicle id="22" x="511.27" y="198.35" angle="90.00" type="DEFAULT_VEHTYPE" speed="13.69" pos="106.52" lane="2/1to3/1_0" slope="0.00"/>
        <vehicle id="23" x="598.35" y="286.31" angle="0.00" type="DEFAULT_VEHTYPE" speed="12.90" pos="108.94" lane="3/2to3/1_0" slope="0.00"/>
        <vehicle id="24" x="304.19" y="598.35" angle="90.00" type="DEFAULT_VEHTYPE" speed="13.68" pos="99.44" lane="1/3to2/3_0" slope="0.00"/>
        <vehicle id="25" x="201.65" y="218.55" angle="180.00" type="DEFAULT_VEHTYPE" speed="9.37" pos="13.80" lane="1/1to1/2_0" slope="0.00"/>
        <vehicle id="26" x="391.95" y="598.35" angle="90.00" type="DEFAULT_VEHTYPE" speed="0.68" pos="187.20" lane="1/3to2/3_0" slope="0.00"/>
        <vehicle id="27" x="398.35" y="181.89" angle="0.00" type="DEFAULT_VEHTYPE" speed="9.88" pos="13.36" lane="2/1to2/0_0" slope="0.00"/>
        <vehicle id="28" x="398.35" y="230.82" angle="0.00" type="DEFAULT_VEHTYPE" speed="12.70" pos="164.43" lane="2/2to2/1_0" slope="0.00"/>
        <vehicle id="29" x="401.65" y="372.39" angle="180.00" type="DEFAULT_VEHTYPE" speed="12.88" pos="167.64" lane="2/1to2/2_0" slope="0.00"/>
        <vehicle id="3" x="4.29" y="201.65" angle="-90.00" type="DEFAULT_VEHTYPE" speed="13.50" pos="190.96" lane="1/1to0/1_0" slope="0.00"/>
        <vehicle id="30" x="201.65" y="314.72" angle="180.00" type="DEFAULT_VEHTYPE" speed="13.50" pos="109.97" lane="1/1to1/2_0" slope="0.00"/>
        <vehicle id="31" x="568.11" y="598.35" angle="90.00" type="DEFAULT_VEHTYPE" speed="11.12" pos="163.36" lane="2/3to3/3_0" slope="0.00"/>
        <vehicle id="32" x="216.92" y="201.65" angle="-90.00" type="DEFAULT_VEHTYPE" speed="8.41" pos="178.33" lane="2/1to1/1_0" slope="0.00"/>
        <vehicle id="33" x="64.67" y="401.65" angle="-90.00" type="DEFAULT_VEHTYPE" speed="13.88" pos="130.58" lane="1/2to0/2_0" slope="0.00"/>
        <vehicle id="34" x="715.13" y="198.35" angle="90.00" type="DEFAULT_VEHTYPE" speed="13.85" pos="110.38" lane="3/1to4/1_0" slope="0.00"/>
        <vehicle id="35" x="398.35" y="674.95" angle="0.00" type="DEFAULT_VEHTYPE" speed="13.24" pos="125.05" lane="2/4to2/3_0" slope="0.00"/>
        <vehicle id="36" x="334.68" y="398.35" angle="90.00" type="DEFAULT_VEHTYPE" speed="12.99" pos="129.93" lane="1/2to2/2_0" slope="0.00"/>
        <vehicle id="37" x="601.65" y="218.79" angle="180.00" type="DEFAULT_VEHTYPE" speed="10.65" pos="14.04" lane="3/1to3/2_0" slope="0.00"/>
        <vehicle id="38" x="297.57" y="398.35" angle="90.00" type="DEFAULT_VEHTYPE" speed="13.87" pos="92.82" lane="1/2to2/2_0" slope="0.00"/>
        <vehicle id="4" x="198.35" y="37.86" angle="0.00" type="DEFAULT_VEHTYPE" speed="13.86" pos="157.39" lane="1/1to1/0_0" slope="0.00"/>
        <vehicle id="40" x="215.83" y="601.65" angle="-90.00" type="DEFAULT_VEHTYPE" speed="8.01" pos="179.42" lane="2/3to1/3_0" slope="0.00"/>
        <vehicle id="41" x="192.75" y="198.35" angle="90.00" type="DEFAULT_VEHTYPE" speed="0.00" pos="192.75" lane="0/1to1/1_0" slope="0.00"/>
        <vehicle id="42" x="370.20" y="398.35" angle="90.00" type="DEFAULT_VEHTYPE" speed="12.59" pos="165.45" lane="1/2to2/2_0" slope="0.00"/>
        <vehicle id="43" x="601.65" y="770.59" angle="180.00" type="DEFAULT_VEHTYPE" speed="13.08" pos="165.84" lane="3/3to3/4_0" slope="0.00"/>
        <vehicle id="44" x="257.49" y="598.35" angle="90.00" type="DEFAULT_VEHTYPE" speed="13.81" pos="52.74" lane="1/3to2/3_0" slope="0.00"/>
        <vehicle id="45" x="478.15" y="598.35" angle="90.00" type="DEFAULT_VEHTYPE" speed="13.62" pos="73.40" lane="2/3to3/3_0" slope="0.00"/>
        <vehicle id="46" x="78.28" y="201.65" angle="-90.00" type="DEFAULT_VEHTYPE" speed="13.05" pos="116.97" lane="1/1to0/1_0" slope="0.00"/>
        <vehicle id="47" x="594.65" y="598.35" angle="90.00" type="DEFAULT_VEHTYPE" speed="4.24" pos="189.90" lane="2/3to3/3_0" slope="0.00"/>
        <vehicle id="48" x="201.65" y="371.09" angle="180.00" type="DEFAULT_VEHTYPE" speed="13.29" pos="166.34" lane="1/1to1/2_0" slope="0.00"/>
        <vehicle id="49" x="440.73" y="598.35" angle="90.00" type="DEFAULT_VEHTYPE" speed="13.20" pos="35.98" lane="2/3to3/3_0" slope="0.00"/>
        <vehicle id="5" x="401.65" y="656.02" angle="180.00" type="DEFAULT_VEHTYPE" speed="13.08" pos="51.27" lane="2/3to2/4_0" slope="0.00"/>
        <vehicle id="6" x="17.33" y="598.35" angle="90.00" type="DEFAULT_VEHTYPE" speed="12.71" pos="17.33" lane="0/3to1/3_0" slope="0.00"/>
        <vehicle id="7" x="110.24" y="401.65" angle="-90.00" type="DEFAULT_VEHTYPE" speed="13.20" pos="85.01" lane="1/2to0/2_0" slope="0.00"/>
        <vehicle id="8" x="398.35" y="723.20" angle="0.00" type="DEFAULT_VEHTYPE" speed="13.34" pos="76.80" lane="2/4to2/3_0" slope="0.00"/>
    </timestep>
    <timestep time="97.00">
        <vehicle id="0" x="398.35" y="603.27" angle="0.00" type="DEFAULT_VEHTYPE" speed="13.74" pos="1.48" lane=":2/3_1_0" slope="0.00"/>
        <vehicle id="1" x="662.08" y="198.35" angle="90.00" type="DEFAULT_VEHTYPE" speed="13.09" pos="57.33" lane="3/1to4/1_0" slope="0.00"/>
        <vehicle id="13" x="401.65" y="339.03" angle="180.00" type="DEFAULT_VEHTYPE" speed="13.79" pos="134.28" lane="2/1to2/2_0" slope="0.00"/>
        <vehicle id="15" x="401.65" y="581.22" angle="180.00" type="DEFAULT_VEHTYPE" speed="13.40" pos="176.47" lane="2/2to2/3_0" slope="0.00"/>
        <vehicle id="17" x="398.35" y="250.48" angle="0.00" type="DEFAULT_VEHTYPE" speed="13.29" pos="144.77" lane="2/2to2/1_0" slope="0.00"/>
        <vehicle id="18" x="398.35" y="466.95" angle="0.00" type="DEFAULT_VEHTYPE" speed="13.87" pos="128.30" lane="2/3to2/2_0" slope="0.00"/>
        <vehicle id="19" x="199.90" y="203.15" angle="19.83" type="DEFAULT_VEHTYPE" speed="0.00" pos="2.30" lane=":1/1_3_0" slope="0.00"/>
        <vehicle id="21" x="398.35" y="576.06" angle="0.00" type="DEFAULT_VEHTYPE" speed="12.78" pos="19.19" lane="2/3to2/2_0" slope="0.00"/>
        <vehicle id="22" x="524.24" y="198.35" angle="90.00" type="DEFAULT_VEHTYPE" speed="12.97" pos="119.49" lane="2/1to3/1_0" slope="0.00"/>
        <vehicle id="23" x="598.35" y="272.83" angle="0.00" type="DEFAULT_VEHTYPE" speed="13.49" pos="122.42" lane="3/2to3/1_0" slope="0.00"/>
        <vehicle id="24" x="318.04" y="598.35" angle="90.00" type="DEFAULT_VEHTYPE" speed="13.85" pos="113.29" lane="1/3to2/3_0" slope="0.00"/>
        <vehicle id="25" x="201.65" y="229.74" angle="180.00" type="DEFAULT_VEHTYPE" speed="11.19" pos="24.99" lane="1/1to1/2_0" slope="0.00"/>
        <vehicle id="26" x="392.33" y="598.35" angle="90.00" type="DEFAULT_VEHTYPE" speed="0.38" pos="187.58" lane="1/3to2/3_0" slope="0.00"/>
        <vehicle id="27" x="398.35" y="170.48" angle="0.00" type="DEFAULT_VEHTYPE" speed="11.41" pos="24.77" lane="2/1to2/0_0" slope="0.00"/>
        <vehicle id="28" x="398.35" y="217.33" angle="0.00" type="DEFAULT_VEHTYPE" speed="13.50" pos="177.92" lane="2/2to2/1_0" slope="0.00"/>
        <vehicle id="29" x="401.65" y="385.24" angle="180.00" type="DEFAULT_VEHTYPE" speed="12.85" pos="180.49" lane="2/1to2/2_0" slope="0.00"/>
        <vehicle id="3" x="4.28" y="198.35" angle="85.30" type="DEFAULT_VEHTYPE" speed="13.39" pos="4.28" lane="0/1to1/1_0" slope="0.00"/>
        <vehicle id="30" x="201.65" y="327.82" angle="180.00" type="DEFAULT_VEHTYPE" speed="13.11" pos="123.07" lane="1/1to1/2_0" slope="0.00"/>
        <vehicle id="31" x="576.25" y="598.35" angle="90.00" type="DEFAULT_VEHTYPE" speed="8.14" pos="171.50" lane="2/3to3/3_0" slope="0.00"/>
        <vehicle id="32" x="211.22" y="201.65" angle="-90.00" type="DEFAULT_VEHTYPE" speed="5.70" pos="184.03" lane="2/1to1/1_0" slope="0.00"/>
        <vehicle id="33" x="51.06" y="401.65" angle="-90.00" type="DEFAULT_VEHTYPE" speed="13.61" pos="144.19" lane="1/2to0/2_0" slope="0.00"/>
        <vehicle id="34" x="728.51" y="198.35" angle="90.00" type="DEFAULT_VEHTYPE" speed="13.38" pos="123.76" lane="3/1to4/1_0" slope="0.00"/>
        <vehicle id="35" x="398.35" y="661.43" angle="0.00" type="DEFAULT_VEHTYPE" speed="13.52" pos="138.57" lane="2/4to2/3_0" slope="0.00"/>
        <vehicle id="36" x="348.52" y="398.35" angle="90.00" type="DEFAULT_VEHTYPE" speed="13.84" pos="143.77" lane="1/2to2/2_0" slope="0.00"/>
        <vehicle id="37" x="601.65" y="230.91" angle="180.00" type="DEFAULT_VEHTYPE" speed="12.12" pos="26.16" lane="3/1to3/2_0" slope="0.00"/>
        <vehicle id="38" x="310.46" y="398.35" angle="90.00" type="DEFAULT_VEHTYPE" speed="12.89" pos="105.71" lane="1/2to2/2_0" slope="0.00"/>
        <vehicle id="4" x="198.35" y="24.69" angle="0.00" type="DEFAULT_VEHTYPE" speed="13.16" pos="170.56" lane="1/1to1/0_0" slope="0.00"/>
        <vehicle id="40" x="210.71" y="601.65" angle="-90.00" type="DEFAULT_VEHTYPE" speed="5.12" pos="184.54" lane="2/3to1/3_0" slope="0.00"/>
        <vehicle id="41" x="192.75" y="198.35" angle="90.00" type="DEFAULT_VEHTYPE" speed="0.00" pos="192.75" lane="0/1to1/1_0" slope="0.00"/>
        <vehicle id="42" x="379.70" y="398.35" angle="90.00" type="DEFAULT_VEHTYPE" speed="9.50" pos="174.95" lane="1/2to2/2_0" slope="0.00"/>
        <vehicle id="43" x="601.65" y="783.39" angle="180.00" type="DEFAULT_VEHTYPE" speed="12.80" pos="178.64" lane="3/3to3/4_0" slope="0.00"/>
        <vehicle id="44" x="270.40" y="598.35" angle="90.00" type="DEFAULT_VEHTYPE" speed="12.92" pos="65.65" lane="1/3to2/3_0" slope="0.00"/>
        <vehicle id="45" x="491.01" y="598.35" angle="90.00" type="DEFAULT_VEHTYPE" speed="12.86" pos="86.26" lane="2/3to3/3_0" slope="0.00"/>
        <vehicle id="46" x="64.84" y="201.65" angle="-90.00" type="DEFAULT_VEHTYPE" speed="13.44" pos="130.41" lane="1/1to0/1_0" slope="0.00"/>
        <vehicle id="47" x="598.35" y="594.47" angle="31.67" type="DEFAULT_VEHTYPE" speed="6.38" pos="0.78" lane="3/3to3/2_0" slope="0.00"/>
        <vehicle id="48" x="201.65" y="384.85" angle="180.00" type="DEFAULT_VEHTYPE" speed="13.76" pos="180.10" lane="1/1to1/2_0" slope="0.00"/>
        <vehicle id="49" x="453.86" y="598.35" angle="90.00" type="DEFAULT_VEHTYPE" speed="13.13" pos="49.11" lane="2/3to3/3_0" slope="0.00"/>
        <vehicle id="5" x="401.65" y="668.64" angle="180.00" type="DEFAULT_VEHTYPE" speed="12.62" pos="63.89" lane="2/3to2/4_0" slope="0.00"/>
        <vehicle id="6" x="30.24" y="598.35" angle="90.00" type="DEFAULT_VEHTYPE" speed="12.91" pos="30.24" lane="0/3to1/3_0" slope="0.00"/>
        <vehicle id="7" x="97.60" y="401.65" angle="-90.00" type="DEFAULT_VEHTYPE" speed="12.63" pos="97.65" lane="1/2to0/2_0" slope="0.00"/>
        <vehicle id="8" x="398.35" y="710.06" angle="0.00" type="DEFAULT_VEHTYPE" speed="13.13" pos="89.94" lane="2/4to2/3_0" slope="0.00"/>
    </timestep>
    <timestep time="98.00">
        <vehicle id="0" x="398.35" y="589.88" angle="0.00" type="DEFAULT_VEHTYPE" speed="13.39" pos="5.37" lane="2/3to2/2_0" slope="0.00"/>
        <vehicle id="1" x="675.82" y="198.35" angle="90.00" type="DEFAULT_VEHTYPE" speed="13.74" pos="71.07" lane="3/1to4/1_0" slope="0.00"/>
        <vehicle id="13" x="401.65" y="351.66" angle="180.00" type="DEFAULT_VEHTYPE" speed="12.63" pos="146.91" lane="2/1to2/2_0" slope="0.00"/>
        <vehicle id="15" x="401.65" y="595.10" angle="180.00" type="DEFAULT_VEHTYPE" speed="13.88" pos="190.35" lane="2/2to2/3_0" slope="0.00"/>
        <vehicle id="17" x="398.35" y="236.74" angle="0.00" type="DEFAULT_VEHTYPE" speed="13.74" pos="158.51" lane="2/2to2/1_0" slope="0.00"/>
        <vehicle id="18" x="398.35" y="453.97" angle="0.00" type="DEFAULT_VEHTYPE" speed="12.98" pos="141.28" lane="2/3to2/2_0" slope="0.00"/>
        <vehicle id="19" x="199.90" y="203.15" angle="19.83" type="DEFAULT_VEHTYPE" speed="0.00" pos="2.30" lane=":1/1_3_0" slope="0.00"/>
        <vehicle id="21" x="398.35" y="562.48" angle="0.00" type="DEFAULT_VEHTYPE" speed="13.59" pos="32.77" lane="2/3to2/2_0" slope="0.00"/>
        <vehicle id="22" x="537.95" y="198.35" angle="90.00" type="DEFAULT_VEHTYPE" speed="13.71" pos="133.20" lane="2/1to3/1_0" slope="0.00"/>
        <vehicle id="23" x="598.35" y="259.34" angle="0.00" type="DEFAULT_VEHTYPE" speed="13.49" pos="135.91" lane="3/2to3/1_0" slope="0.00"/>
        <vehicle id="24" x="331.92" y="598.35" angle="90.00" type="DEFAULT_VEHTYPE" speed="13.88" pos="127.17" lane="1/3to2/3_0" slope="0.00"/>
        <vehicle id="25" x="201.65" y="242.71" angle="180.00" type="DEFAULT_VEHTYPE" speed="12.98" pos="37.96" lane="1/1to1/2_0" slope="0.00"/>
        <vehicle id="26" x="392.69" y="598.35" angle="90.00" type="DEFAULT_VEHTYPE" speed="0.36" pos="187.94" lane="1/3to2/3_0" slope="0.00"/>
        <vehicle id="27" x="398.35" y="157.40" angle="0.00" type="DEFAULT_VEHTYPE" speed="13.09" pos="37.85" lane="2/1to2/0_0" slope="0.00"/>
        <vehicle id="28" x="398.24" y="203.98" angle="-1.23" type="DEFAULT_VEHTYPE" speed="13.35" pos="0.78" lane=":2/1_0_0" slope="0.00"/>
        <vehicle id="29" x="401.65" y="398.35" angle="180.00" type="DEFAULT_VEHTYPE" speed="13.11" pos="3.10" lane=":2/2_9_0" slope="0.00"/>
        <vehicle id="3" x="17.65" y="198.35" angle="90.00" type="DEFAULT_VEHTYPE" speed="13.37" pos="17.65" lane="0/1to1/1_0" slope="0.00"/>
        <vehicle id="30" x="201.65" y="340.71" angle="180.00" type="DEFAULT_VEHTYPE" speed="12.88" pos="135.96" lane="1/1to1/2_0" slope="0.00"/>
        <vehicle id="31" x="586.28" y="598.35" angle="90.00" type="DEFAULT_VEHTYPE" speed="10.03" pos="181.53" lane="2/3to3/3_0" slope="0.00"/>
        <vehicle id="32" x="203.44" y="201.83" angle="-92.11" type="DEFAULT_VEHTYPE" speed="7.80" pos="1.33" lane=":1/1_4_0" slope="0.00"/>
        <vehicle id="33" x="38.09" y="401.65" angle="-90.00" type="DEFAULT_VEHTYPE" speed="12.98" pos="157.16" lane="1/2to0/2_0" slope="0.00"/>
        <vehicle id="34" x="741.86" y="198.35" angle="90.00" type="DEFAULT_VEHTYPE" speed="13.35" pos="137.11" lane="3/1to4/1_0" slope="0.00"/>
        <vehicle id="35" x="398.35" y="648.62" angle="0.00" type="DEFAULT_VEHTYPE" speed="12.81" pos="151.38" lane="2/4to2/3_0" slope="0.00"/>
        <vehicle id="36" x="361.32" y="398.35" angle="90.00" type="DEFAULT_VEHTYPE" speed="12.81" pos="156.57" lane="1/2to2/2_0" slope="0.00"/>
        <vehicle id="37" x="601.65" y="244.55" angle="180.00" type="DEFAULT_VEHTYPE" speed="13.64" pos="39.80" lane="3/1to3/2_0" slope="0.00"/>
        <vehicle id="38" x="323.66" y="398.35" angle="90.00" type="DEFAULT_VEHTYPE" speed="13.20" pos="118.91" lane="1/2to2/2_0" slope="0.00"/>
        <vehicle id="4" x="198.35" y="10.84" angle="0.00" type="DEFAULT_VEHTYPE" speed="13.85" pos="184.41" lane="1/1to1/0_0" slope="0.00"/>
        <vehicle id="40" x="203.40" y="601.84" angle="-92.16" type="DEFAULT_VEHTYPE" speed="7.32" pos="1.36" lane=":1/3_4_0" slope="0.00"/>
        <vehicle id="41" x="192.75" y="198.35" angle="90.00" type="DEFAULT_VEHTYPE" speed="0.00" pos="192.75" lane="0/1to1/1_0" slope="0.00"/>
        <vehicle id="42" x="385.69" y="398.35" angle="90.00" type="DEFAULT_VEHTYPE" speed="5.99" pos="180.94" lane="1/2to2/2_0" slope="0.00"/>
        <vehicle id="43" x="601.65" y="797.23" angle="180.00" type="DEFAULT_VEHTYPE" speed="13.85" pos="192.48" lane="3/3to3/4_0" slope="0.00"/>
        <vehicle id="44" x="283.95" y="598.35" angle="90.00" type="DEFAULT_VEHTYPE" speed="13.55" pos="79.20" lane="1/3to2/3_0" slope="0.00"/>
        <vehicle id="45" x="504.37" y="598.35" angle="90.00" type="DEFAULT_VEHTYPE" speed="13.36" pos="99.62" lane="2/3to3/3_0" slope="0.00"/>
        <vehicle id="46" x="51.99" y="201.65" angle="-90.00" type="DEFAULT_VEHTYPE" speed="12.84" pos="143.26" lane="1/1to0/1_0" slope="0.00"/>
        <vehicle id="47" x="598.35" y="586.48" angle="0.00" type="DEFAULT_VEHTYPE" speed="7.99" pos="8.77" lane="3/3to3/2_0" slope="0.00"/>
        <vehicle id="48" x="201.65" y="397.58" angle="180.00" type="DEFAULT_VEHTYPE" speed="12.73" pos="2.33" lane=":1/2_9_0" slope="0.00"/>
        <vehicle id="49" x="467.73" y="598.35" angle="90.00" type="DEFAULT_VEHTYPE" speed="13.87" pos="62.98" lane="2/3to3/3_0" slope="0.00"/>
        <vehicle id="5" x="401.65" y="681.44" angle="180.00" type="DEFAULT_VEHTYPE" speed="12.80" pos="76.69" lane="2/3to2/4_0" slope="0.00"/>
        <vehicle id="6" x="43.53" y="598.35" angle="90.00" type="DEFAULT_VEHTYPE" speed="13.29" pos="43.53" lane="0/3to1/3_0" slope="0.00"/>
        <vehicle id="7" x="84.39" y="401.65" angle="-90.00" type="DEFAULT_VEHTYPE" speed="13.21" pos="110.86" lane="1/2to0/2_0" slope="0.00"/>
        <vehicle id="8" x="398.35" y="697.41" angle="0.00" type="DEFAULT_VEHTYPE" speed="12.66" pos="102.59" lane="2/4to2/3_0" slope="0.00"/>
    </timestep>
    <timestep time="99.00">
        <vehicle id="0" x="398.35" y="577.01" angle="0.00" type="DEFAULT_VEHTYPE" speed="12.87" pos="18.24" lane="2/3to2/2_0" slope="0.00"/>
        <vehicle id="1" x="688.99" y="198.35" angle="90.00" type="DEFAULT_VEHTYPE" speed="13.17" pos="84.24" lane="3/1to4/1_0" slope="0.00"/>
        <vehicle id="13" x="401.65" y="364.66" angle="180.00" type="DEFAULT_VEHTYPE" speed="13.00" pos="159.91" lane="2/1to2/2_0" slope="0.00"/>
        <vehicle id="15" x="401.65" y="608.62" angle="180.00" type="DEFAULT_VEHTYPE" speed="13.52" pos="3.87" lane="2/3to2/4_0" slope="0.00"/>
        <vehicle id="17" x="398.35" y="223.53" angle="0.00" type="DEFAULT_VEHTYPE" speed="13.21" pos="171.72" lane="2/2to2/1_0" slope="0.00"/>
        <vehicle id="18" x="398.35" y="440.08" angle="0.00" type="DEFAULT_VEHTYPE" speed="13.89" pos="155.17" lane="2/3to2/2_0" slope="0.00"/>
        <vehicle id="19" x="199.90" y="203.15" angle="19.83" type="DEFAULT_VEHTYPE" speed="0.00" pos="2.30" lane=":1/1_3_0" slope="0.00"/>
        <vehicle id="21" x="398.35" y="549.34" angle="0.00" type="DEFAULT_VEHTYPE" speed="13.14" pos="45.91" lane="2/3to2/2_0" slope="0.00"/>
        <vehicle id="22" x="551.41" y="198.35" angle="90.00" type="DEFAULT_VEHTYPE" speed="13.46" pos="146.66" lane="2/1to3/1_0" slope="0.00"/>
        <vehicle id="23" x="598.35" y="245.62" angle="0.00" type="DEFAULT_VEHTYPE" speed="13.72" pos="149.63" lane="3/2to3/1_0" slope="0.00"/>
        <vehicle id="24" x="345.74" y="598.35" angle="90.00" type="DEFAULT_VEHTYPE" speed="13.83" pos="140.99" lane="1/3to2/3_0" slope="0.00"/>
        <vehicle id="25" x="201.65" y="255.81" angle="180.00" type="DEFAULT_VEHTYPE" speed="13.09" pos="51.06" lane="1/1to1/2_0" slope="0.00"/>
        <vehicle id="26" x="392.72" y="598.35" angle="90.00" type="DEFAULT_VEHTYPE" speed="0.03" pos="187.97" lane="1/3to2/3_0" slope="0.00"/>
        <vehicle id="27" x="398.35" y="144.25" angle="0.00" type="DEFAULT_VEHTYPE" speed="13.15" pos="51.00" lane="2/1to2/0_0" slope="0.00"/>
        <vehicle id="28" x="386.85" y="201.65" angle="-90.00" type="DEFAULT_VEHTYPE" speed="12.63" pos="8.40" lane="2/1to1/1_0" slope="0.00"/>
        <vehicle id="29" x="401.65" y="411.05" angle="180.00" type="DEFAULT_VEHTYPE" speed="12.70" pos="6.30" lane="2/2to2/3_0" slope="0.00"/>
        <vehicle id="3" x="31.43" y="198.35" angle="90.00" type="DEFAULT_VEHTYPE" speed="13.79" pos="31.43" lane="0/1to1/1_0" slope="0.00"/>
        <vehicle id="30" x="201.65" y="354.07" angle="180.00" type="DEFAULT_VEHTYPE" speed="13.36" pos="149.32" lane="1/1to1/2_0" slope="0.00"/>
        <vehicle id="32" x="201.65" y="210.87" angle="180.00" type="DEFAULT_VEHTYPE" speed="9.79" pos="6.12" lane="1/1to1/2_0" slope="0.00"/>
        <vehicle id="33" x="25.46" y="401.65" angle="-90.00" type="DEFAULT_VEHTYPE" speed="12.62" pos="169.79" lane="1/2to0/2_0" slope="0.00"/>
        <vehicle id="34" x="755.54" y="198.35" angle="90.00" type="DEFAULT_VEHTYPE" speed="13.68" pos="150.79" lane="3/1to4/1_0" slope="0.00"/>
        <vehicle id="35" x="398.35" y="635.94" angle="0.00" type="DEFAULT_VEHTYPE" speed="12.68" pos="164.06" lane="2/4to2/3_0" slope="0.00"/>
        <vehicle id="36" x="370.98" y="398.35" angle="90.00" type="DEFAULT_VEHTYPE" speed="9.65" pos="166.23" lane="1/2to2/2_0" slope="0.00"/>
        <vehicle id="37" x="601.65" y="257.16" angle="180.00" type="DEFAULT_VEHTYPE" speed="12.61" pos="52.41" lane="3/1to3/2_0" slope="0.00"/>
        <vehicle id="38" x="337.08" y="398.35" angle="90.00" type="DEFAULT_VEHTYPE" speed="13.42" pos="132.33" lane="1/2to2/2_0" slope="0.00"/>
        <vehicle id="40" x="201.65" y="611.01" angle="180.00" type="DEFAULT_VEHTYPE" speed="9.90" pos="6.26" lane="1/3to1/4_0" slope="0.00"/>
        <vehicle id="41" x="192.75" y="198.35" angle="90.00" type="DEFAULT_VEHTYPE" speed="0.00" pos="192.75" lane="0/1to1/1_0" slope="0.00"/>
        <vehicle id="42" x="389.36" y="398.35" angle="90.00" type="DEFAULT_VEHTYPE" speed="3.67" pos="184.61" lane="1/2to2/2_0" slope="0.00"/>
        <vehicle id="44" x="296.72" y="598.35" angle="90.00" type="DEFAULT_VEHTYPE" speed="12.77" pos="91.97" lane="1/3to2/3_0" slope="0.00"/>
        <vehicle id="45" x="517.17" y="598.35" angle="90.00" type="DEFAULT_VEHTYPE" speed="12.81" pos="112.42" lane="2/3to3/3_0" slope="0.00"/>
        <vehicle id="46" x="38.78" y="201.65" angle="-90.00" type="DEFAULT_VEHTYPE" speed="13.21" pos="156.47" lane="1/1to0/1_0" slope="0.00"/>
        <vehicle id="47" x="598.35" y="576.06" angle="0.00" type="DEFAULT_VEHTYPE" speed="10.42" pos="19.19" lane="3/3to3/2_0" slope="0.00"/>
        <vehicle id="48" x="201.65" y="410.39" angle="180.00" type="DEFAULT_VEHTYPE" speed="12.81" pos="5.64" lane="1/2to1/3_0" slope="0.00"/>
        <vehicle id="49" x="481.12" y="598.35" angle="90.00" type="DEFAULT_VEHTYPE" speed="13.39" pos="76.37" lane="2/3to3/3_0" slope="0.00"/>
        <vehicle id="5" x="401.65" y="694.98" angle="180.00" type="DEFAULT_VEHTYPE" speed="13.54" pos="90.23" lane="2/3to2/4_0" slope="0.00"/>
        <vehicle id="6" x="56.80" y="598.35" angle="90.00" type="DEFAULT_VEHTYPE" speed="13.27" pos="56.80" lane="0/3to1/3_0" slope="0.00"/>
        <vehicle id="7" x="70.57" y="401.65" angle="-90.00" type="DEFAULT_VEHTYPE" speed="13.82" pos="124.68" lane="1/2to0/2_0" slope="0.00"/>
        <vehicle id="8" x="398.35" y="684.18" angle="0.00" type="DEFAULT_VEHTYPE" speed="13.23" pos="115.82" lane="2/4to2/3_0" slope="0.00"/>
    </timestep>
    <timestep time="100.00">
        <vehicle id="0" x="398.35" y="563.73" angle="0.00" type="DEFAULT_VEHTYPE" speed="13.28" pos="31.52" lane="2/3to2/2_0" slope="0.00"/>
        <vehicle id="1" x="702.71" y="198.35" angle="90.00" type="DEFAULT_VEHTYPE" speed="13.73" pos="97.96" lane="3/1to4/1_0" slope="0.00"/>
        <vehicle id="13" x="401.65" y="378.42" angle="180.00" type="DEFAULT_VEHTYPE" speed="13.77" pos="173.67" lane="2/1to2/2_0" slope="0.00"/>
        <vehicle id="15" x="401.65" y="621.63" angle="180.00" type="DEFAULT_VEHTYPE" speed="13.01" pos="16.88" lane="2/3to2/4_0" slope="0.00"/>
        <vehicle id="17" x="398.35" y="209.77" angle="0.00" type="DEFAULT_VEHTYPE" speed="13.75" pos="185.48" lane="2/2to2/1_0" slope="0.00"/>
        <vehicle id="18" x="398.35" y="426.82" angle="0.00" type="DEFAULT_VEHTYPE" speed="13.26" pos="168.43" lane="2/3to2/2_0" slope="0.00"/>
        <vehicle id="19" x="199.90" y="203.15" angle="19.83" type="DEFAULT_VEHTYPE" speed="0.00" pos="2.30" lane=":1/1_3_0" slope="0.00"/>
        <vehicle id="21" x="398.35" y="536.45" angle="0.00" type="DEFAULT_VEHTYPE" speed="12.88" pos="58.80" lane="2/3to2/2_0" slope="0.00"/>
        <vehicle id="22" x="564.80" y="198.35" angle="90.00" type="DEFAULT_VEHTYPE" speed="13.40" pos="160.05" lane="2/1to3/1_0" slope="0.00"/>
        <vehicle id="23" x="598.35" y="232.58" angle="0.00" type="DEFAULT_VEHTYPE" speed="13.04" pos="162.67" lane="3/2to3/1_0" slope="0.00"/>
        <vehicle id="24" x="359.36" y="598.35" angle="90.00" type="DEFAULT_VEHTYPE" speed="13.62" pos="154.61" lane="1/3to2/3_0" slope="0.00"/>
        <vehicle id="25" x="201.65" y="268.64" angle="180.00" type="DEFAULT_VEHTYPE" speed="12.83" pos="63.89" lane="1/1to1/2_0" slope="0.00"/>
        <vehicle id="26" x="392.74" y="598.35" angle="90.00" type="DEFAULT_VEHTYPE" speed="0.02" pos="187.99" lane="1/3to2/3_0" slope="0.00"/>
        <vehicle id="27" x="398.35" y="130.82" angle="0.00" type="DEFAULT_VEHTYPE" speed="13.43" pos="64.43" lane="2/1to2/0_0" slope="0.00"/>
        <vehicle id="28" x="373.73" y="201.65" angle="-90.00" type="DEFAULT_VEHTYPE" speed="13.12" pos="21.52" lane="2/1to1/1_0" slope="0.00"/>
        <vehicle id="29" x="401.65" y="424.62" angle="180.00" type="DEFAULT_VEHTYPE" speed="13.58" pos="19.87" lane="2/2to2/3_0" slope="0.00"/>
        <vehicle id="3" x="44.73" y="198.35" angle="90.00" type="DEFAULT_VEHTYPE" speed="13.30" pos="44.73" lane="0/1to1/1_0" slope="0.00"/>
        <vehicle id="30" x="201.65" y="367.26" angle="180.00" type="DEFAULT_VEHTYPE" speed="13.20" pos="162.51" lane="1/1to1/2_0" slope="0.00"/>
        <vehicle id="32" x="201.65" y="222.83" angle="180.00" type="DEFAULT_VEHTYPE" speed="11.96" pos="18.08" lane="1/1to1/2_0" slope="0.00"/>
        <vehicle id="33" x="12.85" y="401.65" angle="-90.00" type="DEFAULT_VEHTYPE" speed="12.62" pos="182.40" lane="1/2to0/2_0" slope="0.00"/>
        <vehicle id="34" x="768.50" y="198.35" angle="90.00" type="DEFAULT_VEHTYPE" speed="12.95" pos="163.75" lane="3/1to4/1_0" slope="0.00"/>
        <vehicle id="35" x="398.35" y="623.01" angle="0.00" type="DEFAULT_VEHTYPE" speed="12.93" pos="176.99" lane="2/4to2/3_0" slope="0.00"/>
        <vehicle id="36" x="376.49" y="398.35" angle="90.00" type="DEFAULT_VEHTYPE" speed="5.52" pos="171.74" lane="1/2to2/2_0" slope="0.00"/>
        <vehicle id="37" x="601.65" y="270.63" angle="180.00" type="DEFAULT_VEHTYPE" speed="13.47" pos="65.88" lane="3/1to3/2_0" slope="0.00"/>
        <vehicle id="38" x="349.70" y="398.35" angle="90.00" type="DEFAULT_VEHTYPE" speed="12.62" pos="144.95" lane="1/2to2/2_0" slope="0.00"/>
        <vehicle id="40" x="201.65" y="623.30" angle="180.00" type="DEFAULT_VEHTYPE" speed="12.28" pos="18.55" lane="1/3to1/4_0" slope="0.00"/>
        <vehicle id="41" x="194.46" y="198.35" angle="90.00" type="DEFAULT_VEHTYPE" speed="1.71" pos="194.46" lane="0/1to1/1_0" slope="0.00"/>
        <vehicle id="42" x="394.46" y="398.35" angle="90.00" type="DEFAULT_VEHTYPE" speed="5.10" pos="189.71" lane="1/2to2/2_0" slope="0.00"/>
        <vehicle id="44" x="309.85" y="598.35" angle="90.00" type="DEFAULT_VEHTYPE" speed="13.12" pos="105.10" lane="1/3to2/3_0" slope="0.00"/>
        <vehicle id="45" x="530.96" y="598.35" angle="90.00" type="DEFAULT_VEHTYPE" speed="13.78" pos="126.21" lane="2/3to3/3_0" slope="0.00"/>
        <vehicle id="46" x="25.73" y="201.65" angle="-90.00" type="DEFAULT_VEHTYPE" speed="13.06" pos="169.52" lane="1/1to0/1_0" slope="0.00"/>
        <vehicle id="47" x="598.35" y="564.21" angle="0.00" type="DEFAULT_VEHTYPE" speed="11.85" pos="31.04" lane="3/3to3/2_0" slope="0.00"/>
        <vehicle id="48" x="201.65" y="423.82" angle="180.00" type="DEFAULT_VEHTYPE" speed="13.43" pos="19.07" lane="1/2to1/3_0" slope="0.00"/>
        <vehicle id="49" x="494.82" y="598.35" angle="90.00" type="DEFAULT_VEHTYPE" speed="13.70" pos="90.07" lane="2/3to3/3_0" slope="0.00"/>
        <vehicle id="5" x="401.65" y="708.08" angle="180.00" type="DEFAULT_VEHTYPE" speed="13.10" pos="103.33" lane="2/3to2/4_0" slope="0.00"/>
        <vehicle id="6" x="69.87" y="598.35" angle="90.00" type="DEFAULT_VEHTYPE" speed="13.07" pos="69.87" lane="0/3to1/3_0" slope="0.00"/>
        <vehicle id="7" x="57.46" y="401.65" angle="-90.00" type="DEFAULT_VEHTYPE" speed="13.11" pos="137.79" lane="1/2to0/2_0" slope="0.00"/>
        <vehicle id="8" x="398.35" y="670.59" angle="0.00" type="DEFAULT_VEHTYPE" speed="13.59" pos="129.41" lane="2/4to2/3_0" slope="0.00"/>
    </timestep>
    <timestep time="101.00">
        <vehicle id="0" x="398.35" y="549.84" angle="0.00" type="DEFAULT_VEHTYPE" speed="13.89" pos="45.41" lane="2/3to2/2_0" slope="0.00"/>
        <vehicle id="1" x="715.83" y="198.35" angle="90.00" type="DEFAULT_VEHTYPE" speed="13.11" pos="111.08" lane="3/1to4/1_0" slope="0.00"/>
        <vehicle id="13" x="401.65" y="391.31" angle="180.00" type="DEFAULT_VEHTYPE" speed="12.89" pos="186.56" lane="2/1to2/2_0" slope="0.00"/>
        <vehicle id="15" x="401.65" y="635.02" angle="180.00" type="DEFAULT_VEHTYPE" speed="13.39" pos="30.27" lane="2/3to2/4_0" slope="0.00"/>
        <vehicle id="17" x="391.46" y="201.65" angle="-88.07" type="DEFAULT_VEHTYPE" speed="13.81" pos="3.79" lane="2/1to1/1_0" slope="0.00"/>
        <vehicle id="18" x="398.35" y="413.68" angle="0.00" type="DEFAULT_VEHTYPE" speed="13.14" pos="181.57" lane="2/3to2/2_0" slope="0.00"/>
        <vehicle id="19" x="199.90" y="203.15" angle="19.83" type="DEFAULT_VEHTYPE" speed="0.00" pos="2.30" lane=":1/1_3_0" slope="0.00"/>
        <vehicle id="21" x="398.35" y="523.68" angle="0.00" type="DEFAULT_VEHTYPE" speed="12.78" pos="71.57" lane="2/3to2/2_0" slope="0.00"/>
        <vehicle id="22" x="576.57" y="198.35" angle="90.00" type="DEFAULT_VEHTYPE" speed="11.77" pos="171.82" lane="2/1to3/1_0" slope="0.00"/>
        <vehicle id="23" x="598.35" y="218.70" angle="0.00" type="DEFAULT_VEHTYPE" speed="13.88" pos="176.55" lane="3/2to3/1_0" slope="0.00"/>
        <vehicle id="24" x="370.64" y="598.35" angle="90.00" type="DEFAULT_VEHTYPE" speed="11.28" pos="165.89" lane="1/3to2/3_0" slope="0.00"/>
        <vehicle id="25" x="201.65" y="281.31" angle="180.00" type="DEFAULT_VEHTYPE" speed="12.68" pos="76.56" lane="1/1to1/2_0" slope="0.00"/>
        <vehicle id="26" x="392.74" y="598.35" angle="90.00" type="DEFAULT_VEHTYPE" speed="0.00" pos="187.99" lane="1/3to2/3_0" slope="0.00"/>
        <vehicle id="27" x="398.35" y="117.92" angle="0.00" type="DEFAULT_VEHTYPE" speed="12.90" pos="77.33" lane="2/1to2/0_0" slope="0.00"/>
        <vehicle id="28" x="360.31" y="201.65" angle="-90.00" type="DEFAULT_VEHTYPE" speed="13.42" pos="34.94" lane="2/1to1/1_0" slope="0.00"/>
        <vehicle id="29" x="401.65" y="437.78" angle="180.00" type="DEFAULT_VEHTYPE" speed="13.16" pos="33.03" lane="2/2to2/3_0" slope="0.00"/>
        <vehicle id="3" x="57.79" y="198.35" angle="90.00" type="DEFAULT_VEHTYPE" speed="13.06" pos="57.79" lane="0/1to1/1_0" slope="0.00"/>
        <vehicle id="30" x="201.65" y="380.59" angle="180.00" type="DEFAULT_VEHTYPE" speed="13.33" pos="175.84" lane="1/1to1/2_0" slope="0.00"/>
        <vehicle id="32" x="201.65" y="235.81" angle="180.00" type="DEFAULT_VEHTYPE" speed="12.98" pos="31.06" lane="1/1to1/2_0" slope="0.00"/>
        <vehicle id="34" x="781.82" y="198.35" angle="90.00" type="DEFAULT_VEHTYPE" speed="13.33" pos="177.07" lane="3/1to4/1_0" slope="0.00"/>
        <vehicle id="35" x="398.35" y="609.78" angle="0.00" type="DEFAULT_VEHTYPE" speed="13.23" pos="190.22" lane="2/4to2/3_0" slope="0.00"/>
        <vehicle id="36" x="383.59" y="398.35" angle="90.00" type="DEFAULT_VEHTYPE" speed="7.10" pos="178.84" lane="1/2to2/2_0" slope="0.00"/>
        <vehicle id="37" x="601.65" y="284.01" angle="180.00" type="DEFAULT_VEHTYPE" speed="13.38" pos="79.26" lane="3/1to3/2_0" slope="0.00"/>
        <vehicle id="38" x="360.18" y="398.35" angle="90.00" type="DEFAULT_VEHTYPE" speed="10.48" pos="155.43" lane="1/2to2/2_0" slope="0.00"/>
        <vehicle id="40" x="201.65" y="635.95" angle="180.00" type="DEFAULT_VEHTYPE" speed="12.65" pos="31.20" lane="1/3to1/4_0" slope="0.00"/>
        <vehicle id="41" x="198.48" y="199.01" angle="97.65" type="DEFAULT_VEHTYPE" speed="4.12" pos="3.33" lane=":1/1_14_0" slope="0.00"/>
        <vehicle id="42" x="400.40" y="400.54" angle="115.63" type="DEFAULT_VEHTYPE" speed="6.64" pos="5.85" lane=":2/2_14_0" slope="0.00"/>
        <vehicle id="44" x="322.57" y="598.35" angle="90.00" type="DEFAULT_VEHTYPE" speed="12.72" pos="117.82" lane="1/3to2/3_0" slope="0.00"/>
        <vehicle id="45" x="543.66" y="598.35" angle="90.00" type="DEFAULT_VEHTYPE" speed="12.70" pos="138.91" lane="2/3to3/3_0" slope="0.00"/>
        <vehicle id="46" x="12.98" y="201.65" angle="-90.00" type="DEFAULT_VEHTYPE" speed="12.74" pos="182.27" lane="1/1to0/1_0" slope="0.00"/>
        <vehicle id="47" x="598.35" y="551.28" angle="0.00" type="DEFAULT_VEHTYPE" speed="12.94" pos="43.97" lane="3/3to3/2_0" slope="0.00"/>
        <vehicle id="48" x="201.65" y="437.41" angle="180.00" type="DEFAULT_VEHTYPE" speed="13.59" pos="32.66" lane="1/2to1/3_0" slope="0.00"/>
        <vehicle id="49" x="507.49" y="598.35" angle="90.00" type="DEFAULT_VEHTYPE" speed="12.67" pos="102.74" lane="2/3to3/3_0" slope="0.00"/>
        <vehicle id="5" x="401.65" y="720.69" angle="180.00" type="DEFAULT_VEHTYPE" speed="12.61" pos="115.94" lane="2/3to2/4_0" slope="0.00"/>
        <vehicle id="6" x="82.79" y="598.35" angle="90.00" type="DEFAULT_VEHTYPE" speed="12.92" pos="82.79" lane="0/3to1/3_0" slope="0.00"/>
        <vehicle id="7" x="44.35" y="401.65" angle="-90.00" type="DEFAULT_VEHTYPE" speed="13.11" pos="150.90" lane="1/2to0/2_0" slope="0.00"/>
        <vehicle id="8" x="398.35" y="656.91" angle="0.00" type="DEFAULT_VEHTYPE" speed="13.69" pos="143.09" lane="2/4to2/3_0" slope="0.00"/>
    </timestep>
    <timestep time="102.00">
        <vehicle id="0" x="398.35" y="536.71" angle="0.00" type="DEFAULT_VEHTYPE" speed="13.13" pos="58.54" lane="2/3to2/2_0" slope="0.00"/>
        <vehicle id="1" x="728.48" y="198.35" angle="90.00" type="DEFAULT_VEHTYPE" speed="12.65" pos="123.73" lane="3/1to4/1_0" slope="0.00"/>
        <vehicle id="15" x="401.65" y="648.29" angle="180.00" type="DEFAULT_VEHTYPE" speed="13.27" pos="43.54" lane="2/3to2/4_0" slope="0.00"/>
        <vehicle id="17" x="377.91" y="201.65" angle="-90.00" type="DEFAULT_VEHTYPE" speed="13.54" pos="17.34" lane="2/1to1/1_0" slope="0.00"/>
        <vehicle id="18" x="396.03" y="401.76" angle="-31.55" type="DEFAULT_VEHTYPE" speed="13.15" pos="4.22" lane=":2/2_0_0" slope="0.00"/>
        <vehicle id="19" x="199.90" y="203.15" angle="19.83" type="DEFAULT_VEHTYPE" speed="0.00" pos="2.30" lane=":1/1_3_0" slope="0.00"/>
        <vehicle id="21" x="398.35" y="510.98" angle="0.00" type="DEFAULT_VEHTYPE" speed="12.70" pos="84.27" lane="2/3to2/2_0" slope="0.00"/>
        <vehicle id="22" x="584.24" y="198.35" angle="90.00" type="DEFAULT_VEHTYPE" speed="7.67" pos="179.49" lane="2/1to3/1_0" slope="0.00"/>
        <vehicle id="23" x="598.35" y="205.63" angle="0.00" type="DEFAULT_VEHTYPE" speed="13.07" pos="189.62" lane="3/2to3/1_0" slope="0.00"/>
        <vehicle id="24" x="378.06" y="598.35" angle="90.00" type="DEFAULT_VEHTYPE" speed="7.42" pos="173.31" lane="1/3to2/3_0" slope="0.00"/>
        <vehicle id="25" x="201.65" y="294.09" angle="180.00" type="DEFAULT_VEHTYPE" speed="12.78" pos="89.34" lane="1/1to1/2_0" slope="0.00"/>
        <vehicle id="26" x="392.74" y="598.35" angle="90.00" type="DEFAULT_VEHTYPE" speed="0.00" pos="187.99" lane="1/3to2/3_0" slope="0.00"/>
        <vehicle id="27" x="398.35" y="104.86" angle="0.00" type="DEFAULT_VEHTYPE" speed="13.07" pos="90.39" lane="2/1to2/0_0" slope="0.00"/>
        <vehicle id="28" x="347.70" y="201.65" angle="-90.00" type="DEFAULT_VEHTYPE" speed="12.61" pos="47.55" lane="2/1to1/1_0" slope="0.00"/>
        <vehicle id="29" x="401.65" y="451.49" angle="180.00" type="DEFAULT_VEHTYPE" speed="13.70" pos="46.74" lane="2/2to2/3_0" slope="0.00"/>
        <vehicle id="3" x="71.65" y="198.35" angle="90.00" type="DEFAULT_VEHTYPE" speed="13.86" pos="71.65" lane="0/1to1/1_0" slope="0.00"/>
        <vehicle id="30" x="201.65" y="393.91" angle="180.00" type="DEFAULT_VEHTYPE" speed="13.32" pos="189.16" lane="1/1to1/2_0" slope="0.00"/>
        <vehicle id="32" x="201.65" y="248.69" angle="180.00" type="DEFAULT_VEHTYPE" speed="12.88" pos="43.94" lane="1/1to1/2_0" slope="0.00"/>
        <vehicle id="34" x="794.57" y="198.35" angle="90.00" type="DEFAULT_VEHTYPE" speed="12.75" pos="189.82" lane="3/1to4/1_0" slope="0.00"/>
        <vehicle id="35" x="398.35" y="596.00" angle="0.00" type="DEFAULT_VEHTYPE" speed="13.77" pos="8.75" lane=":2/3_1_0" slope="0.00"/>
        <vehicle id="36" x="388.58" y="398.35" angle="90.00" type="DEFAULT_VEHTYPE" speed="4.99" pos="183.83" lane="1/2to2/2_0" slope="0.00"/>
        <vehicle id="37" x="601.65" y="297.44" angle="180.00" type="DEFAULT_VEHTYPE" speed="13.43" pos="92.69" lane="3/1to3/2_0" slope="0.00"/>
        <vehicle id="38" x="370.62" y="398.35" angle="90.00" type="DEFAULT_VEHTYPE" speed="10.44" pos="165.87" lane="1/2to2/2_0" slope="0.00"/>
        <vehicle id="40" x="201.65" y="648.66" angle="180.00" type="DEFAULT_VEHTYPE" speed="12.71" pos="43.91" lane="1/3to1/4_0" slope="0.00"/>
        <vehicle id="41" x="201.61" y="204.48" angle="160.11" type="DEFAULT_VEHTYPE" speed="6.72" pos="10.05" lane=":1/1_14_0" slope="0.00"/>
        <vehicle id="42" x="401.65" y="408.77" angle="178.41" type="DEFAULT_VEHTYPE" speed="8.50" pos="4.02" lane="2/2to2/3_0" slope="0.00"/>
        <vehicle id="44" x="336.17" y="598.35" angle="90.00" type="DEFAULT_VEHTYPE" speed="13.60" pos="131.42" lane="1/3to2/3_0" slope="0.00"/>
        <vehicle id="45" x="557.07" y="598.35" angle="90.00" type="DEFAULT_VEHTYPE" speed="13.41" pos="152.32" lane="2/3to3/3_0" slope="0.00"/>
        <vehicle id="47" x="598.35" y="537.98" angle="0.00" type="DEFAULT_VEHTYPE" speed="13.30" pos="57.27" lane="3/3to3/2_0" slope="0.00"/>
        <vehicle id="48" x="201.65" y="450.40" angle="180.00" type="DEFAULT_VEHTYPE" speed="12.99" pos="45.65" lane="1/2to1/3_0" slope="0.00"/>
        <vehicle id="49" x="520.92" y="598.35" angle="90.00" type="DEFAULT_VEHTYPE" speed="13.43" pos="116.17" lane="2/3to3/3_0" slope="0.00"/>
        <vehicle id="5" x="401.65" y="734.11" angle="180.00" type="DEFAULT_VEHTYPE" speed="13.42" pos="129.36" lane="2/3to2/4_0" slope="0.00"/>
        <vehicle id="6" x="96.22" y="598.35" angle="90.00" type="DEFAULT_VEHTYPE" speed="13.42" pos="96.22" lane="0/3to1/3_0" slope="0.00"/>
        <vehicle id="7" x="30.92" y="401.65" angle="-90.00" type="DEFAULT_VEHTYPE" speed="13.43" pos="164.33" lane="1/2to0/2_0" slope="0.00"/>
        <vehicle id="8" x="398.35" y="643.90" angle="0.00" type="DEFAULT_VEHTYPE" speed="13.00" pos="156.10" lane="2/4to2/3_0" slope="0.00"/>
    </timestep>
    <timestep time="103.00">
        <vehicle id="0" x="398.35" y="522.93" angle="0.00" type="DEFAULT_VEHTYPE" speed="13.78" pos="72.32" lane="2/3to2/2_0" slope="0.00"/>
        <vehicle id="1" x="742.17" y="198.35" angle="90.00" type="DEFAULT_VEHTYPE" speed="13.69" pos="137.42" lane="3/1to4/1_0" slope="0.00"/>
        <vehicle id="15" x="401.65" y="661.51" angle="180.00" type="DEFAULT_VEHTYPE" speed="13.22" pos="56.76" lane="2/3to2/4_0" slope="0.00"/>
        <vehicle id="17" x="364.27" y="201.65" angle="-90.00" type="DEFAULT_VEHTYPE" speed="13.65" pos="30.98" lane="2/1to1/1_0" slope="0.00"/>
        <vehicle id="18" x="383.34" y="401.65" angle="-90.00" type="DEFAULT_VEHTYPE" speed="12.69" pos="11.91" lane="2/2to1/2_0" slope="0.00"/>
        <vehicle id="19" x="199.90" y="203.15" angle="19.83" type="DEFAULT_VEHTYPE" speed="0.00" pos="2.30" lane=":1/1_3_0" slope="0.00"/>
        <vehicle id="21" x="398.35" y="497.34" angle="0.00" type="DEFAULT_VEHTYPE" speed="13.64" pos="97.91" lane="2/3to2/2_0" slope="0.00"/>
        <vehicle id="22" x="589.45" y="198.35" angle="90.00" type="DEFAULT_VEHTYPE" speed="5.21" pos="184.70" lane="2/1to3/1_0" slope="0.00"/>
        <vehicle id="24" x="382.15" y="598.35" angle="90.00" type="DEFAULT_VEHTYPE" speed="4.09" pos="177.40" lane="1/3to2/3_0" slope="0.00"/>
        <vehicle id="25" x="201.65" y="307.23" angle="180.00" type="DEFAULT_VEHTYPE" speed="13.14" pos="102.48" lane="1/1to1/2_0" slope="0.00"/>
        <vehicle id="26" x="392.74" y="598.35" angle="90.00" type="DEFAULT_VEHTYPE" speed="0.00" pos="187.99" lane="1/3to2/3_0" slope="0.00"/>
        <vehicle id="27" x="398.35" y="91.51" angle="0.00" type="DEFAULT_VEHTYPE" speed="13.35" pos="103.74" lane="2/1to2/0_0" slope="0.00"/>
        <vehicle id="28" x="334.01" y="201.65" angle="-90.00" type="DEFAULT_VEHTYPE" speed="13.69" pos="61.24" lane="2/1to1/1_0" slope="0.00"/>
        <vehicle id="29" x="401.65" y="465.30" angle="180.00" type="DEFAULT_VEHTYPE" speed="13.82" pos="60.55" lane="2/2to2/3_0" slope="0.00"/>
        <vehicle id="3" x="84.40" y="198.35" angle="90.00" type="DEFAULT_VEHTYPE" speed="12.75" pos="84.40" lane="0/1to1/1_0" slope="0.00"/>
        <vehicle id="30" x="211.54" y="398.35" angle="90.00" type="DEFAULT_VEHTYPE" speed="13.13" pos="6.79" lane="1/2to2/2_0" slope="0.00"/>
        <vehicle id="32" x="201.65" y="262.31" angle="180.00" type="DEFAULT_VEHTYPE" speed="13.62" pos="57.56" lane="1/1to1/2_0" slope="0.00"/>
        <vehicle id="34" x="796.37" y="201.65" angle="-99.08" type="DEFAULT_VEHTYPE" speed="13.88" pos="3.63" lane="4/1to3/1_0" slope="0.00"/>
        <vehicle id="35" x="398.35" y="583.15" angle="0.00" type="DEFAULT_VEHTYPE" speed="12.86" pos="12.10" lane="2/3to2/2_0" slope="0.00"/>
        <vehicle id="36" x="395.38" y="398.35" angle="90.00" type="DEFAULT_VEHTYPE" speed="6.80" pos="0.13" lane=":2/2_13_0" slope="0.00"/>
        <vehicle id="37" x="601.65" y="310.70" angle="180.00" type="DEFAULT_VEHTYPE" speed="13.26" pos="105.95" lane="3/1to3/2_0" slope="0.00"/>
        <vehicle id="38" x="377.19" y="398.35" angle="90.00" type="DEFAULT_VEHTYPE" speed="6.57" pos="172.44" lane="1/2to2/2_0" slope="0.00"/>
        <vehicle id="40" x="201.65" y="662.50" angle="180.00" type="DEFAULT_VEHTYPE" speed="13.84" pos="57.75" lane="1/3to1/4_0" slope="0.00"/>
        <vehicle id="41" x="201.65" y="212.69" angle="180.00" type="DEFAULT_VEHTYPE" speed="8.21" pos="7.94" lane="1/1to1/2_0" slope="0.00"/>
        <vehicle id="42" x="401.65" y="418.86" angle="180.00" type="DEFAULT_VEHTYPE" speed="10.09" pos="14.11" lane="2/2to2/3_0" slope="0.00"/>
        <vehicle id="44" x="349.27" y="598.35" angle="90.00" type="DEFAULT_VEHTYPE" speed="13.10" pos="144.52" lane="1/3to2/3_0" slope="0.00"/>
        <vehicle id="45" x="569.71" y="598.35" angle="90.00" type="DEFAULT_VEHTYPE" speed="12.64" pos="164.96" lane="2/3to3/3_0" slope="0.00"/>
        <vehicle id="47" x="598.35" y="524.74" angle="0.00" type="DEFAULT_VEHTYPE" speed="13.24" pos="70.51" lane="3/3to3/2_0" slope="0.00"/>
        <vehicle id="48" x="201.65" y="463.96" angle="180.00" type="DEFAULT_VEHTYPE" speed="13.56" pos="59.21" lane="1/2to1/3_0" slope="0.00"/>
        <vehicle id="49" x="533.61" y="598.35" angle="90.00" type="DEFAULT_VEHTYPE" speed="12.69" pos="128.86" lane="2/3to3/3_0" slope="0.00"/>
        <vehicle id="5" x="401.65" y="747.58" angle="180.00" type="DEFAULT_VEHTYPE" speed="13.47" pos="142.83" lane="2/3to2/4_0" slope="0.00"/>
        <vehicle id="6" x="109.86" y="598.35" angle="90.00" type="DEFAULT_VEHTYPE" speed="13.64" pos="109.86" lane="0/3to1/3_0" slope="0.00"/>
        <vehicle id="7" x="18.13" y="401.65" angle="-90.00" type="DEFAULT_VEHTYPE" speed="12.79" pos="177.12" lane="1/2to0/2_0" slope="0.00"/>
        <vehicle id="8" x="398.35" y="631.13" angle="0.00" type="DEFAULT_VEHTYPE" speed="12.77" pos="168.87" lane="2/4to2/3_0" slope="0.00"/>
    </timestep>
    <timestep time="104.00">
        <vehicle id="0" x="398.35" y="509.60" angle="0.00" type="DEFAULT_VEHTYPE" speed="13.33" pos="85.65" lane="2/3to2/2_0" slope="0.00"/>
        <vehicle id="1" x="755.20" y="198.35" angle="90.00" type="DEFAULT_VEHTYPE" speed="13.04" pos="150.45" lane="3/1to4/1_0" slope="0.00"/>
        <vehicle id="15" x="401.65" y="675.18" angle="180.00" type="DEFAULT_VEHTYPE" speed="13.66" pos="70.43" lane="2/3to2/4_0" slope="0.00"/>
        <vehicle id="17" x="351.46" y="201.65" angle="-90.00" type="DEFAULT_VEHTYPE" speed="12.81" pos="43.79" lane="2/1to1/1_0" slope="0.00"/>
        <vehicle id="18" x="369.62" y="401.65" angle="-90.00" type="DEFAULT_VEHTYPE" speed="13.73" pos="25.63" lane="2/2to1/2_0" slope="0.00"/>
        <vehicle id="19" x="201.51" y="204.55" angle="78.84" type="DEFAULT_VEHTYPE" speed="2.28" pos="2.17" lane=":1/1_17_0" slope="0.00"/>
        <vehicle id="21" x="398.35" y="484.39" angle="0.00" type="DEFAULT_VEHTYPE" speed="12.96" pos="110.86" lane="2/3to2/2_0" slope="0.00"/>
        <vehicle id="22" x="596.34" y="198.35" angle="90.00" type="DEFAULT_VEHTYPE" speed="6.89" pos="1.09" lane=":3/1_13_0" slope="0.00"/>
        <vehicle id="24" x="384.09" y="598.35" angle="90.00" type="DEFAULT_VEHTYPE" speed="1.95" pos="179.34" lane="1/3to2/3_0" slope="0.00"/>
        <vehicle id="25" x="201.65" y="320.69" angle="180.00" type="DEFAULT_VEHTYPE" speed="13.46" pos="115.94" lane="1/1to1/2_0" slope="0.00"/>
        <vehicle id="26" x="392.74" y="598.35" angle="90.00" type="DEFAULT_VEHTYPE" speed="0.00" pos="187.99" lane="1/3to2/3_0" slope="0.00"/>
        <vehicle id="27" x="398.35" y="78.54" angle="0.00" type="DEFAULT_VEHTYPE" speed="12.97" pos="116.71" lane="2/1to2/0_0" slope="0.00"/>
        <vehicle id="28" x="321.37" y="201.65" angle="-90.00" type="DEFAULT_VEHTYPE" speed="12.64" pos="73.88" lane="2/1to1/1_0" slope="0.00"/>
        <vehicle id="29" x="401.65" y="479.01" angle="180.00" type="DEFAULT_VEHTYPE" speed="13.71" pos="74.26" lane="2/2to2/3_0" slope="0.00"/>
        <vehicle id="3" x="97.21" y="198.35" angle="90.00" type="DEFAULT_VEHTYPE" speed="12.82" pos="97.21" lane="0/1to1/1_0" slope="0.00"/>
        <vehicle id="30" x="224.46" y="398.35" angle="90.00" type="DEFAULT_VEHTYPE" speed="12.92" pos="19.71" lane="1/2to2/2_0" slope="0.00"/>
        <vehicle id="32" x="201.65" y="275.16" angle="180.00" type="DEFAULT_VEHTYPE" speed="12.85" pos="70.41" lane="1/1to1/2_0" slope="0.00"/>
        <vehicle id="34" x="783.38" y="201.65" angle="-90.00" type="DEFAULT_VEHTYPE" speed="12.99" pos="16.62" lane="4/1to3/1_0" slope="0.00"/>
        <vehicle id="35" x="398.35" y="569.31" angle="0.00" type="DEFAULT_VEHTYPE" speed="13.83" pos="25.94" lane="2/3to2/2_0" slope="0.00"/>
        <vehicle id="36" x="404.27" y="398.35" angle="90.00" type="DEFAULT_VEHTYPE" speed="8.89" pos="9.02" lane=":2/2_13_0" slope="0.00"/>
        <vehicle id="37" x="601.65" y="324.21" angle="180.00" type="DEFAULT_VEHTYPE" speed="13.51" pos="119.46" lane="3/1to3/2_0" slope="0.00"/>
        <vehicle id="38" x="384.38" y="398.35" angle="90.00" type="DEFAULT_VEHTYPE" speed="7.19" pos="179.63" lane="1/2to2/2_0" slope="0.00"/>
        <vehicle id="40" x="201.65" y="676.31" angle="180.00" type="DEFAULT_VEHTYPE" speed="13.80" pos="71.56" lane="1/3to1/4_0" slope="0.00"/>
        <vehicle id="41" x="201.65" y="223.29" angle="180.00" type="DEFAULT_VEHTYPE" speed="10.60" pos="18.54" lane="1/1to1/2_0" slope="0.00"/>
        <vehicle id="42" x="401.65" y="430.87" angle="180.00" type="DEFAULT_VEHTYPE" speed="12.01" pos="26.12" lane="2/2to2/3_0" slope="0.00"/>
        <vehicle id="44" x="360.46" y="598.35" angle="90.00" type="DEFAULT_VEHTYPE" speed="11.19" pos="155.71" lane="1/3to2/3_0" slope="0.00"/>
        <vehicle id="45" x="582.52" y="598.35" angle="90.00" type="DEFAULT_VEHTYPE" speed="12.81" pos="177.77" lane="2/3to3/3_0" slope="0.00"/>
        <vehicle id="47" x="598.35" y="511.78" angle="0.00" type="DEFAULT_VEHTYPE" speed="12.96" pos="83.47" lane="3/3to3/2_0" slope="0.00"/>
        <vehicle id="48" x="201.65" y="476.98" angle="180.00" type="DEFAULT_VEHTYPE" speed="13.01" pos="72.23" lane="1/2to1/3_0" slope="0.00"/>
        <vehicle id="49" x="547.26" y="598.35" angle="90.00" type="DEFAULT_VEHTYPE" speed="13.65" pos="142.51" lane="2/3to3/3_0" slope="0.00"/>
        <vehicle id="5" x="401.65" y="760.66" angle="180.00" type="DEFAULT_VEHTYPE" speed="13.08" pos="155.91" lane="2/3to2/4_0" slope="0.00"/>
        <vehicle id="6" x="122.56" y="598.35" angle="90.00" type="DEFAULT_VEHTYPE" speed="12.70" pos="122.56" lane="0/3to1/3_0" slope="0.00"/>
        <vehicle id="7" x="5.09" y="401.65" angle="-90.00" type="DEFAULT_VEHTYPE" speed="13.04" pos="190.16" lane="1/2to0/2_0" slope="0.00"/>
        <vehicle id="8" x="398.35" y="618.33" angle="0.00" type="DEFAULT_VEHTYPE" speed="12.81" pos="181.67" lane="2/4to2/3_0" slope="0.00"/>
    </timestep>
    <timestep time="105.00">
        <vehicle id="0" x="398.35" y="496.12" angle="0.00" type="DEFAULT_VEHTYPE" speed="13.48" pos="99.13" lane="2/3to2/2_0" slope="0.00"/>
        <vehicle id="1" x="768.22" y="198.35" angle="90.00" type="DEFAULT_VEHTYPE" speed="13.01" pos="163.47" lane="3/1to4/1_0" slope="0.00"/>
        <vehicle id="15" x="401.65" y="688.68" angle="180.00" type="DEFAULT_VEHTYPE" speed="13.50" pos="83.93" lane="2/3to2/4_0" slope="0.00"/>
        <vehicle id="17" x="338.46" y="201.65" angle="-90.00" type="DEFAULT_VEHTYPE" speed="13.00" pos="56.79" lane="2/1to1/1_0" slope="0.00"/>
        <vehicle id="18" x="356.91" y="401.65" angle="-90.00" type="DEFAULT_VEHTYPE" speed="12.70" pos="38.34" lane="2/2to1/2_0" slope="0.00"/>
        <vehicle id="19" x="201.65" y="208.16" angle="169.00" type="DEFAULT_VEHTYPE" speed="3.66" pos="3.41" lane="1/1to1/2_0" slope="0.00"/>
        <vehicle id="21" x="398.35" y="471.16" angle="0.00" type="DEFAULT_VEHTYPE" speed="13.23" pos="124.09" lane="2/3to2/2_0" slope="0.00"/>
        <vehicle id="22" x="604.70" y="198.35" angle="90.00" type="DEFAULT_VEHTYPE" speed="8.36" pos="9.45" lane=":3/1_13_0" slope="0.00"/>
        <vehicle id="24" x="384.89" y="598.35" angle="90.00" type="DEFAULT_VEHTYPE" speed="0.80" pos="180.14" lane="1/3to2/3_0" slope="0.00"/>
        <vehicle id="25" x="201.65" y="333.40" angle="180.00" type="DEFAULT_VEHTYPE" speed="12.71" pos="128.65" lane="1/1to1/2_0" slope="0.00"/>
        <vehicle id="26" x="392.74" y="598.35" angle="90.00" type="DEFAULT_VEHTYPE" speed="0.00" pos="187.99" lane="1/3to2/3_0" slope="0.00"/>
        <vehicle id="27" x="398.35" y="65.34" angle="0.00" type="DEFAULT_VEHTYPE" speed="13.20" pos="129.91" lane="2/1to2/0_0" slope="0.00"/>
        <vehicle id="28" x="308.41" y="201.65" angle="-90.00" type="DEFAULT_VEHTYPE" speed="12.96" pos="86.84" lane="2/1to1/1_0" slope="0.00"/>
        <vehicle id="29" x="401.65" y="492.69" angle="180.00" type="DEFAULT_VEHTYPE" speed="13.68" pos="87.94" lane="2/2to2/3_0" slope="0.00"/>
        <vehicle id="3" x="109.88" y="198.35" angle="90.00" type="DEFAULT_VEHTYPE" speed="12.66" pos="109.88" lane="0/1to1/1_0" slope="0.00"/>
        <vehicle id="30" x="238.34" y="398.35" angle="90.00" type="DEFAULT_VEHTYPE" speed="13.88" pos="33.59" lane="1/2to2/2_0" slope="0.00"/>
        <vehicle id="32" x="201.65" y="288.26" angle="180.00" type="DEFAULT_VEHTYPE" speed="13.10" pos="83.51" lane="1/1to1/2_0" slope="0.00"/>
        <vehicle id="34" x="769.52" y="201.65" angle="-90.00" type="DEFAULT_VEHTYPE" speed="13.86" pos="30.48" lane="4/1to3/1_0" slope="0.00"/>
        <vehicle id="35" x="398.35" y="556.42" angle="0.00" type="DEFAULT_VEHTYPE" speed="12.90" pos="38.83" lane="2/3to2/2_0" slope="0.00"/>
        <vehicle id="36" x="415.50" y="398.35" angle="90.00" type="DEFAULT_VEHTYPE" speed="11.22" pos="10.75" lane="2/2to3/2_0" slope="0.00"/>
        <vehicle id="37" x="601.65" y="337.43" angle="180.00" type="DEFAULT_VEHTYPE" speed="13.22" pos="132.68" lane="3/1to3/2_0" slope="0.00"/>
        <vehicle id="38" x="389.52" y="398.35" angle="90.00" type="DEFAULT_VEHTYPE" speed="5.14" pos="184.77" lane="1/2to2/2_0" slope="0.00"/>
        <vehicle id="40" x="201.65" y="690.00" angle="180.00" type="DEFAULT_VEHTYPE" speed="13.69" pos="85.25" lane="1/3to1/4_0" slope="0.00"/>
        <vehicle id="41" x="201.65" y="236.16" angle="180.00" type="DEFAULT_VEHTYPE" speed="12.88" pos="31.41" lane="1/1to1/2_0" slope="0.00"/>
        <vehicle id="42" x="401.65" y="444.34" angle="180.00" type="DEFAULT_VEHTYPE" speed="13.48" pos="39.59" lane="2/2to2/3_0" slope="0.00"/>
        <vehicle id="44" x="367.59" y="598.35" angle="90.00" type="DEFAULT_VEHTYPE" speed="7.12" pos="162.84" lane="1/3to2/3_0" slope="0.00"/>
        <vehicle id="47" x="598.35" y="498.25" angle="0.00" type="DEFAULT_VEHTYPE" speed="13.52" pos="97.00" lane="3/3to3/2_0" slope="0.00"/>
        <vehicle id="48" x="201.65" y="490.47" angle="180.00" type="DEFAULT_VEHTYPE" speed="13.50" pos="85.72" lane="1/2to1/3_0" slope="0.00"/>
        <vehicle id="49" x="561.16" y="598.35" angle="90.00" type="DEFAULT_VEHTYPE" speed="13.90" pos="156.41" lane="2/3to3/3_0" slope="0.00"/>
        <vehicle id="5" x="401.65" y="773.70" angle="180.00" type="DEFAULT_VEHTYPE" speed="13.05" pos="168.95" lane="2/3to2/4_0" slope="0.00"/>
        <vehicle id="6" x="135.49" y="598.35" angle="90.00" type="DEFAULT_VEHTYPE" speed="12.93" pos="135.49" lane="0/3to1/3_0" slope="0.00"/>
        <vehicle id="7" x="3.72" y="398.35" angle="81.55" type="DEFAULT_VEHTYPE" speed="13.63" pos="3.72" lane="0/2to1/2_0" slope="0.00"/>
        <vehicle id="8" x="398.35" y="605.55" angle="0.00" type="DEFAULT_VEHTYPE" speed="12.78" pos="194.45" lane="2/4to2/3_0" slope="0.00"/>
    </timestep>
    <timestep time="106.00">
        <vehicle id="0" x="398.35" y="483.11" angle="0.00" type="DEFAULT_VEHTYPE" speed="13.01" pos="112.14" lane="2/3to2/2_0" slope="0.00"/>
        <vehicle id="1" x="780.94" y="198.35" angle="90.00" type="DEFAULT_VEHTYPE" speed="12.72" pos="176.19" lane="3/1to4/1_0" slope="0.00"/>
        <vehicle id="15" x="401.65" y="702.38" angle="180.00" type="DEFAULT_VEHTYPE" speed="13.69" pos="97.63" lane="2/3to2/4_0" slope="0.00"/>
        <vehicle id="17" x="324.92" y="201.65" angle="-90.00" type="DEFAULT_VEHTYPE" speed="13.54" pos="70.33" lane="2/1to1/1_0" slope="0.00"/>
        <vehicle id="18" x="344.05" y="401.65" angle="-90.00" type="DEFAULT_VEHTYPE" speed="12.86" pos="51.20" lane="2/2to1/2_0" slope="0.00"/>
        <vehicle id="19" x="201.65" y="213.93" angle="180.00" type="DEFAULT_VEHTYPE" speed="5.76" pos="9.18" lane="1/1to1/2_0" slope="0.00"/>
        <vehicle id="21" x="398.35" y="458.01" angle="0.00" type="DEFAULT_VEHTYPE" speed="13.15" pos="137.24" lane="2/3to2/2_0" slope="0.00"/>
        <vehicle id="22" x="615.42" y="198.35" angle="90.00" type="DEFAULT_VEHTYPE" speed="10.72" pos="10.67" lane="3/1to4/1_0" slope="0.00"/>
        <vehicle id="24" x="385.19" y="598.35" angle="90.00" type="DEFAULT_VEHTYPE" speed="0.29" pos="180.44" lane="1/3to2/3_0" slope="0.00"/>
        <vehicle id="25" x="201.65" y="346.61" angle="180.00" type="DEFAULT_VEHTYPE" speed="13.22" pos="141.86" lane="1/1to1/2_0" slope="0.00"/>
        <vehicle id="26" x="392.74" y="598.35" angle="90.00" type="DEFAULT_VEHTYPE" speed="0.00" pos="187.99" lane="1/3to2/3_0" slope="0.00"/>
        <vehicle id="27" x="398.35" y="51.52" angle="0.00" type="DEFAULT_VEHTYPE" speed="13.82" pos="143.73" lane="2/1to2/0_0" slope="0.00"/>
        <vehicle id="28" x="295.64" y="201.65" angle="-90.00" type="DEFAULT_VEHTYPE" speed="12.77" pos="99.61" lane="2/1to1/1_0" slope="0.00"/>
        <vehicle id="29" x="401.65" y="505.93" angle="180.00" type="DEFAULT_VEHTYPE" speed="13.23" pos="101.18" lane="2/2to2/3_0" slope="0.00"/>
        <vehicle id="3" x="122.52" y="198.35" angle="90.00" type="DEFAULT_VEHTYPE" speed="12.65" pos="122.52" lane="0/1to1/1_0" slope="0.00"/>
        <vehicle id="30" x="252.19" y="398.35" angle="90.00" type="DEFAULT_VEHTYPE" speed="13.85" pos="47.44" lane="1/2to2/2_0" slope="0.00"/>
        <vehicle id="32" x="201.65" y="301.20" angle="180.00" type="DEFAULT_VEHTYPE" speed="12.94" pos="96.45" lane="1/1to1/2_0" slope="0.00"/>
        <vehicle id="34" x="756.73" y="201.65" angle="-90.00" type="DEFAULT_VEHTYPE" speed="12.78" pos="43.27" lane="4/1to3/1_0" slope="0.00"/>
        <vehicle id="35" x="398.35" y="543.27" angle="0.00" type="DEFAULT_VEHTYPE" speed="13.14" pos="51.98" lane="2/3to2/2_0" slope="0.00"/>
        <vehicle id="36" x="428.14" y="398.35" angle="90.00" type="DEFAULT_VEHTYPE" speed="12.64" pos="23.39" lane="2/2to3/2_0" slope="0.00"/>
        <vehicle id="37" x="601.65" y="351.16" angle="180.00" type="DEFAULT_VEHTYPE" speed="13.73" pos="146.41" lane="3/1to3/2_0" slope="0.00"/>
        <vehicle id="38" x="396.87" y="398.35" angle="90.00" type="DEFAULT_VEHTYPE" speed="7.36" pos="1.62" lane=":2/2_13_0" slope="0.00"/>
        <vehicle id="40" x="201.65" y="702.89" angle="180.00" type="DEFAULT_VEHTYPE" speed="12.89" pos="98.14" lane="1/3to1/4_0" slope="0.00"/>
        <vehicle id="41" x="201.65" y="249.81" angle="180.00" type="DEFAULT_VEHTYPE" speed="13.65" pos="45.06" lane="1/1to1/2_0" slope="0.00"/>
        <vehicle id="42" x="401.65" y="457.71" angle="180.00" type="DEFAULT_VEHTYPE" speed="13.37" pos="52.96" lane="2/2to2/3_0" slope="0.00"/>
        <vehicle id="44" x="372.83" y="598.35" angle="90.00" type="DEFAULT_VEHTYPE" speed="5.24" pos="168.08" lane="1/3to2/3_0" slope="0.00"/>
        <vehicle id="47" x="598.35" y="485.65" angle="0.00" type="DEFAULT_VEHTYPE" speed="12.60" pos="109.60" lane="3/3to3/2_0" slope="0.00"/>
        <vehicle id="48" x="201.65" y="504.24" angle="180.00" type="DEFAULT_VEHTYPE" speed="13.77" pos="99.49" lane="1/2to1/3_0" slope="0.00"/>
        <vehicle id="49" x="573.85" y="598.35" angle="90.00" type="DEFAULT_VEHTYPE" speed="12.69" pos="169.10" lane="2/3to3/3_0" slope="0.00"/>
        <vehicle id="5" x="401.65" y="786.96" angle="180.00" type="DEFAULT_VEHTYPE" speed="13.26" pos="182.21" lane="2/3to2/4_0" slope="0.00"/>
        <vehicle id="6" x="149.12" y="598.35" angle="90.00" type="DEFAULT_VEHTYPE" speed="13.63" pos="149.12" lane="0/3to1/3_0" slope="0.00"/>
        <vehicle id="7" x="16.90" y="398.35" angle="90.00" type="DEFAULT_VEHTYPE" speed="13.18" pos="16.90" lane="0/2to1/2_0" slope="0.00"/>
        <vehicle id="8" x="398.35" y="592.87" angle="0.00" type="DEFAULT_VEHTYPE" speed="12.68" pos="2.38" lane="2/3to2/2_0" slope="0.00"/>
    </timestep>
    <timestep time="107.00">
        <vehicle id="0" x="398.35" y="470.40" angle="0.00" type="DEFAULT_VEHTYPE" speed="12.71" pos="124.85" lane="2/3to2/2_0" slope="0.00"/>
        <vehicle id="1" x="793.77" y="198.35" angle="90.00" type="DEFAULT_VEHTYPE" speed="12.83" pos="189.02" lane="3/1to4/1_0" slope="0.00"/>
        <vehicle id="15" x="401.65" y="716.26" angle="180.00" type="DEFAULT_VEHTYPE" speed="13.89" pos="111.51" lane="2/3to2/4_0" slope="0.00"/>
        <vehicle id="17" x="312.02" y="201.65" angle="-90.00" type="DEFAULT_VEHTYPE" speed="12.90" pos="83.23" lane="2/1to1/1_0" slope="0.00"/>
        <vehicle id="18" x="330.46" y="401.65" angle="-90.00" type="DEFAULT_VEHTYPE" speed="13.59" pos="64.79" lane="2/2to1/2_0" slope="0.00"/>
        <vehicle id="19" x="201.65" y="222.12" angle="180.00" type="DEFAULT_VEHTYPE" speed="8.19" pos="17.37" lane="1/1to1/2_0" slope="0.00"/>
        <vehicle id="21" x="398.35" y="445.22" angle="0.00" type="DEFAULT_VEHTYPE" speed="12.78" pos="150.03" lane="2/3to2/2_0" slope="0.00"/>
        <vehicle id="22" x="628.61" y="198.35" angle="90.00" type="DEFAULT_VEHTYPE" speed="13.19" pos="23.86" lane="3/1to4/1_0" slope="0.00"/>
        <vehicle id="24" x="385.22" y="598.35" angle="90.00" type="DEFAULT_VEHTYPE" speed="0.04" pos="180.47" lane="1/3to2/3_0" slope="0.00"/>
        <vehicle id="25" x="201.65" y="359.96" angle="180.00" type="DEFAULT_VEHTYPE" speed="13.35" pos="155.21" lane="1/1to1/2_0" slope="0.00"/>
        <vehicle id="26" x="394.35" y="598.35" angle="90.00" type="DEFAULT_VEHTYPE" speed="1.61" pos="189.60" lane="1/3to2/3_0" slope="0.00"/>
        <vehicle id="27" x="398.35" y="37.94" angle="0.00" type="DEFAULT_VEHTYPE" speed="13.58" pos="157.31" lane="2/1to2/0_0" slope="0.00"/>
        <vehicle id="28" x="282.48" y="201.65" angle="-90.00" type="DEFAULT_VEHTYPE" speed="13.16" pos="112.77" lane="2/1to1/1_0" slope="0.00"/>
        <vehicle id="29" x="401.65" y="519.45" angle="180.00" type="DEFAULT_VEHTYPE" speed="13.53" pos="114.70" lane="2/2to2/3_0" slope="0.00"/>
        <vehicle id="3" x="135.93" y="198.35" angle="90.00" type="DEFAULT_VEHTYPE" speed="13.40" pos="135.93" lane="0/1to1/1_0" slope="0.00"/>
        <vehicle id="30" x="265.68" y="398.35" angle="90.00" type="DEFAULT_VEHTYPE" speed="13.49" pos="60.93" lane="1/2to2/2_0" slope="0.00"/>
        <vehicle id="32" x="201.65" y="314.99" angle="180.00" type="DEFAULT_VEHTYPE" speed="13.79" pos="110.24" lane="1/1to1/2_0" slope="0.00"/>
        <vehicle id="34" x="743.25" y="201.65" angle="-90.00" type="DEFAULT_VEHTYPE" speed="13.49" pos="56.75" lane="4/1to3/1_0" slope="0.00"/>
        <vehicle id="35" x="398.35" y="530.29" angle="0.00" type="DEFAULT_VEHTYPE" speed="12.99" pos="64.96" lane="2/3to2/2_0" slope="0.00"/>
        <vehicle id="36" x="440.89" y="398.35" angle="90.00" type="DEFAULT_VEHTYPE" speed="12.76" pos="36.14" lane="2/2to3/2_0" slope="0.00"/>
        <vehicle id="37" x="601.65" y="363.80" angle="180.00" type="DEFAULT_VEHTYPE" speed="12.64" pos="159.05" lane="3/1to3/2_0" slope="0.00"/>
        <vehicle id="38" x="406.82" y="398.35" angle="90.00" type="DEFAULT_VEHTYPE" speed="9.94" pos="2.07" lane="2/2to3/2_0" slope="0.00"/>
        <vehicle id="40" x="201.65" y="715.95" angle="180.00" type="DEFAULT_VEHTYPE" speed="13.07" pos="111.20" lane="1/3to1/4_0" slope="0.00"/>
        <vehicle id="41" x="201.65" y="262.47" angle="180.00" type="DEFAULT_VEHTYPE" speed="12.66" pos="57.72" lane="1/1to1/2_0" slope="0.00"/>
        <vehicle id="42" x="401.65" y="470.33" angle="180.00" type="DEFAULT_VEHTYPE" speed="12.62" pos="65.58" lane="2/2to2/3_0" slope="0.00"/>
        <vehicle id="44" x="375.83" y="598.35" angle="90.00" type="DEFAULT_VEHTYPE" speed="3.00" pos="171.08" lane="1/3to2/3_0" slope="0.00"/>
        <vehicle id="47" x="598.35" y="472.15" angle="0.00" type="DEFAULT_VEHTYPE" speed="13.50" pos="123.10" lane="3/3to3/2_0" slope="0.00"/>
        <vehicle id="48" x="201.65" y="517.14" angle="180.00" type="DEFAULT_VEHTYPE" speed="12.90" pos="112.39" lane="1/2to1/3_0" slope="0.00"/>
        <vehicle id="49" x="582.04" y="598.35" angle="90.00" type="DEFAULT_VEHTYPE" speed="8.19" pos="177.29" lane="2/3to3/3_0" slope="0.00"/>
        <vehicle id="5" x="401.56" y="800.13" angle="-178.99" type="DEFAULT_VEHTYPE" speed="13.20" pos="0.16" lane=":2/4_0_0" slope="0.00"/>
        <vehicle id="6" x="162.34" y="598.35" angle="90.00" type="DEFAULT_VEHTYPE" speed="13.21" pos="162.34" lane="0/3to1/3_0" slope="0.00"/>
        <vehicle id="7" x="30.44" y="398.35" angle="90.00" type="DEFAULT_VEHTYPE" speed="13.54" pos="30.44" lane="0/2to1/2_0" slope="0.00"/>
        <vehicle id="8" x="398.35" y="579.98" angle="0.00" type="DEFAULT_VEHTYPE" speed="12.89" pos="15.27" lane="2/3to2/2_0" slope="0.00"/>
    </timestep>
    <timestep time="108.00">
        <vehicle id="0" x="398.35" y="457.39" angle="0.00" type="DEFAULT_VEHTYPE" speed="13.01" pos="137.86" lane="2/3to2/2_0" slope="0.00"/>
        <vehicle id="1" x="798.14" y="201.65" angle="-126.02" type="DEFAULT_VEHTYPE" speed="12.90" pos="1.86" lane="4/1to3/1_0" slope="0.00"/>
        <vehicle id="15" x="401.65" y="729.91" angle="180.00" type="DEFAULT_VEHTYPE" speed="13.64" pos="125.16" lane="2/3to2/4_0" slope="0.00"/>
        <vehicle id="17" x="298.43" y="201.65" angle="-90.00" type="DEFAULT_VEHTYPE" speed="13.59" pos="96.82" lane="2/1to1/1_0" slope="0.00"/>
        <vehicle id="18" x="317.86" y="401.65" angle="-90.00" type="DEFAULT_VEHTYPE" speed="12.60" pos="77.39" lane="2/2to1/2_0" slope="0.00"/>
        <vehicle id="19" x="201.65" y="232.88" angle="180.00" type="DEFAULT_VEHTYPE" speed="10.76" pos="28.13" lane="1/1to1/2_0" slope="0.00"/>
        <vehicle id="21" x="398.35" y="432.22" angle="0.00" type="DEFAULT_VEHTYPE" speed="13.00" pos="163.03" lane="2/3to2/2_0" slope="0.00"/>
        <vehicle id="22" x="641.24" y="198.35" angle="90.00" type="DEFAULT_VEHTYPE" speed="12.62" pos="36.49" lane="3/1to4/1_0" slope="0.00"/>
        <vehicle id="24" x="386.05" y="598.35" angle="90.00" type="DEFAULT_VEHTYPE" speed="0.82" pos="181.30" lane="1/3to2/3_0" slope="0.00"/>
        <vehicle id="25" x="201.65" y="373.16" angle="180.00" type="DEFAULT_VEHTYPE" speed="13.20" pos="168.41" lane="1/1to1/2_0" slope="0.00"/>
        <vehicle id="26" x="397.59" y="598.68" angle="93.85" type="DEFAULT_VEHTYPE" speed="3.27" pos="2.37" lane=":2/3_14_0" slope="0.00"/>
        <vehicle id="27" x="398.35" y="24.98" angle="0.00" type="DEFAULT_VEHTYPE" speed="12.96" pos="170.27" lane="2/1to2/0_0" slope="0.00"/>
        <vehicle id="28" x="268.83" y="201.65" angle="-90.00" type="DEFAULT_VEHTYPE" speed="13.65" pos="126.42" lane="2/1to1/1_0" slope="0.00"/>
        <vehicle id="29" x="401.65" y="532.80" angle="180.00" type="DEFAULT_VEHTYPE" speed="13.35" pos="128.05" lane="2/2to2/3_0" slope="0.00"/>
        <vehicle id="3" x="149.46" y="198.35" angle="90.00" type="DEFAULT_VEHTYPE" speed="13.54" pos="149.46" lane="0/1to1/1_0" slope="0.00"/>
        <vehicle id="30" x="278.85" y="398.35" angle="90.00" type="DEFAULT_VEHTYPE" speed="13.17" pos="74.10" lane="1/2to2/2_0" slope="0.00"/>
        <vehicle id="32" x="201.65" y="328.00" angle="180.00" type="DEFAULT_VEHTYPE" speed="13.01" pos="123.25" lane="1/1to1/2_0" slope="0.00"/>
        <vehicle id="34" x="729.47" y="201.65" angle="-90.00" type="DEFAULT_VEHTYPE" speed="13.78" pos="70.53" lane="4/1to3/1_0" slope="0.00"/>
        <vehicle id="35" x="398.35" y="517.04" angle="0.00" type="DEFAULT_VEHTYPE" speed="13.25" pos="78.21" lane="2/3to2/2_0" slope="0.00"/>
        <vehicle id="36" x="453.83" y="398.35" angle="90.00" type="DEFAULT_VEHTYPE" speed="12.94" pos="49.08" lane="2/2to3/2_0" slope="0.00"/>
        <vehicle id="37" x="601.65" y="376.49" angle="180.00" type="DEFAULT_VEHTYPE" speed="12.69" pos="171.74" lane="3/1to3/2_0" slope="0.00"/>
        <vehicle id="38" x="418.69" y="398.35" angle="90.00" type="DEFAULT_VEHTYPE" speed="11.87" pos="13.94" lane="2/2to3/2_0" slope="0.00"/>
        <vehicle id="40" x="201.65" y="728.90" angle="180.00" type="DEFAULT_VEHTYPE" speed="12.94" pos="124.15" lane="1/3to1/4_0" slope="0.00"/>
        <vehicle id="41" x="201.65" y="275.93" angle="180.00" type="DEFAULT_VEHTYPE" speed="13.47" pos="71.18" lane="1/1to1/2_0" slope="0.00"/>
        <vehicle id="42" x="401.65" y="482.98" angle="180.00" type="DEFAULT_VEHTYPE" speed="12.65" pos="78.23" lane="2/2to2/3_0" slope="0.00"/>
        <vehicle id="44" x="376.76" y="598.35" angle="90.00" type="DEFAULT_VEHTYPE" speed="0.93" pos="172.01" lane="1/3to2/3_0" slope="0.00"/>
        <vehicle id="47" x="598.35" y="459.35" angle="0.00" type="DEFAULT_VEHTYPE" speed="12.80" pos="135.90" lane="3/3to3/2_0" slope="0.00"/>
        <vehicle id="48" x="201.65" y="530.59" angle="180.00" type="DEFAULT_VEHTYPE" speed="13.45" pos="125.84" lane="1/2to1/3_0" slope="0.00"/>
        <vehicle id="49" x="587.83" y="598.35" angle="90.00" type="DEFAULT_VEHTYPE" speed="5.80" pos="183.08" lane="2/3to3/3_0" slope="0.00"/>
        <vehicle id="5" x="398.35" y="791.19" angle="0.00" type="DEFAULT_VEHTYPE" speed="13.47" pos="8.81" lane="2/4to2/3_0" slope="0.00"/>
        <vehicle id="6" x="175.11" y="598.35" angle="90.00" type="DEFAULT_VEHTYPE" speed="12.78" pos="175.11" lane="0/3to1/3_0" slope="0.00"/>
        <vehicle id="7" x="43.97" y="398.35" angle="90.00" type="DEFAULT_VEHTYPE" speed="13.53" pos="43.97" lane="0/2to1/2_0" slope="0.00"/>
        <vehicle id="8" x="398.35" y="567.27" angle="0.00" type="DEFAULT_VEHTYPE" speed="12.71" pos="27.98" lane="2/3to2/2_0" slope="0.00"/>
    </timestep>
    <timestep time="109.00">
        <vehicle id="0" x="398.35" y="443.60" angle="0.00" type="DEFAULT_VEHTYPE" speed="13.79" pos="151.65" lane="2/3to2/2_0" slope="0.00"/>
        <vehicle id="1" x="784.33" y="201.65" angle="-90.00" type="DEFAULT_VEHTYPE" speed="13.82" pos="15.67" lane="4/1to3/1_0" slope="0.00"/>
        <vehicle id="15" x="401.65" y="742.86" angle="180.00" type="DEFAULT_VEHTYPE" speed="12.95" pos="138.11" lane="2/3to2/4_0" slope="0.00"/>
        <vehicle id="17" x="284.72" y="201.65" angle="-90.00" type="DEFAULT_VEHTYPE" speed="13.70" pos="110.53" lane="2/1to1/1_0" slope="0.00"/>
        <vehicle id="18" x="304.79" y="401.65" angle="-90.00" type="DEFAULT_VEHTYPE" speed="13.07" pos="90.46" lane="2/2to1/2_0" slope="0.00"/>
        <vehicle id="19" x="201.65" y="246.09" angle="180.00" type="DEFAULT_VEHTYPE" speed="13.21" pos="41.34" lane="1/1to1/2_0" slope="0.00"/>
        <vehicle id="21" x="398.35" y="419.53" angle="0.00" type="DEFAULT_VEHTYPE" speed="12.69" pos="175.72" lane="2/3to2/2_0" slope="0.00"/>
        <vehicle id="22" x="654.86" y="198.35" angle="90.00" type="DEFAULT_VEHTYPE" speed="13.62" pos="50.11" lane="3/1to4/1_0" slope="0.00"/>
        <vehicle id="24" x="387.95" y="598.35" angle="90.00" type="DEFAULT_VEHTYPE" speed="1.90" pos="183.20" lane="1/3to2/3_0" slope="0.00"/>
        <vehicle id="25" x="201.65" y="386.90" angle="180.00" type="DEFAULT_VEHTYPE" speed="13.74" pos="182.15" lane="1/1to1/2_0" slope="0.00"/>
        <vehicle id="26" x="401.33" y="602.51" angle="139.69" type="DEFAULT_VEHTYPE" speed="5.69" pos="8.05" lane=":2/3_14_0" slope="0.00"/>
        <vehicle id="27" x="398.35" y="11.97" angle="0.00" type="DEFAULT_VEHTYPE" speed="13.01" pos="183.28" lane="2/1to2/0_0" slope="0.00"/>
        <vehicle id="28" x="255.36" y="201.65" angle="-90.00" type="DEFAULT_VEHTYPE" speed="13.47" pos="139.89" lane="2/1to1/1_0" slope="0.00"/>
        <vehicle id="29" x="401.65" y="546.01" angle="180.00" type="DEFAULT_VEHTYPE" speed="13.21" pos="141.26" lane="2/2to2/3_0" slope="0.00"/>
        <vehicle id="3" x="162.45" y="198.35" angle="90.00" type="DEFAULT_VEHTYPE" speed="12.98" pos="162.45" lane="0/1to1/1_0" slope="0.00"/>
        <vehicle id="30" x="291.99" y="398.35" angle="90.00" type="DEFAULT_VEHTYPE" speed="13.14" pos="87.24" lane="1/2to2/2_0" slope="0.00"/>
        <vehicle id="32" x="201.65" y="341.87" angle="180.00" type="DEFAULT_VEHTYPE" speed="13.87" pos="137.12" lane="1/1to1/2_0" slope="0.00"/>
        <vehicle id="34" x="716.85" y="201.65" angle="-90.00" type="DEFAULT_VEHTYPE" speed="12.62" pos="83.15" lane="4/1to3/1_0" slope="0.00"/>
        <vehicle id="35" x="398.35" y="504.14" angle="0.00" type="DEFAULT_VEHTYPE" speed="12.89" pos="91.11" lane="2/3to2/2_0" slope="0.00"/>
        <vehicle id="36" x="466.65" y="398.35" angle="90.00" type="DEFAULT_VEHTYPE" speed="12.82" pos="61.90" lane="2/2to3/2_0" slope="0.00"/>
        <vehicle id="37" x="601.65" y="390.07" angle="180.00" type="DEFAULT_VEHTYPE" speed="13.58" pos="185.32" lane="3/1to3/2_0" slope="0.00"/>
        <vehicle id="38" x="432.06" y="398.35" angle="90.00" type="DEFAULT_VEHTYPE" speed="13.37" pos="27.31" lane="2/2to3/2_0" slope="0.00"/>
        <vehicle id="40" x="201.65" y="742.70" angle="180.00" type="DEFAULT_VEHTYPE" speed="13.80" pos="137.95" lane="1/3to1/4_0" slope="0.00"/>
        <vehicle id="41" x="201.65" y="289.44" angle="180.00" type="DEFAULT_VEHTYPE" speed="13.51" pos="84.69" lane="1/1to1/2_0" slope="0.00"/>
        <vehicle id="42" x="401.65" y="496.64" angle="180.00" type="DEFAULT_VEHTYPE" speed="13.66" pos="91.89" lane="2/2to2/3_0" slope="0.00"/>
        <vehicle id="44" x="378.13" y="598.35" angle="90.00" type="DEFAULT_VEHTYPE" speed="1.37" pos="173.38" lane="1/3to2/3_0" slope="0.00"/>
        <vehicle id="47" x="598.35" y="446.26" angle="0.00" type="DEFAULT_VEHTYPE" speed="13.09" pos="148.99" lane="3/3to3/2_0" slope="0.00"/>
        <vehicle id="48" x="201.65" y="543.52" angle="180.00" type="DEFAULT_VEHTYPE" speed="12.94" pos="138.77" lane="1/2to1/3_0" slope="0.00"/>
        <vehicle id="49" x="591.30" y="598.35" angle="90.00" type="DEFAULT_VEHTYPE" speed="3.47" pos="186.55" lane="2/3to3/3_0" slope="0.00"/>
        <vehicle id="5" x="398.35" y="777.83" angle="0.00" type="DEFAULT_VEHTYPE" speed="13.37" pos="22.17" lane="2/4to2/3_0" slope="0.00"/>
        <vehicle id="6" x="188.02" y="598.35" angle="90.00" type="DEFAULT_VEHTYPE" speed="12.91" pos="188.02" lane="0/3to1/3_0" slope="0.00"/>
        <vehicle id="7" x="57.75" y="398.35" angle="90.00" type="DEFAULT_VEHTYPE" speed="13.78" pos="57.75" lane="0/2to1/2_0" slope="0.00"/>
        <vehicle id="8" x="398.35" y="553.39" angle="0.00" type="DEFAULT_VEHTYPE" speed="13.88" pos="41.86" lane="2/3to2/2_0" slope="0.00"/>
    </timestep>
    <timestep time="110.00">
        <vehicle id="0" x="398.35" y="430.56" angle="0.00" type="DEFAULT_VEHTYPE" speed="13.04" pos="164.69" lane="2/3to2/2_0" slope="0.00"/>
        <vehicle id="1" x="770.86" y="201.65" angle="-90.00" type="DEFAULT_VEHTYPE" speed="13.47" pos="29.14" lane="4/1to3/1_0" slope="0.00"/>
        <vehicle id="15" x="401.65" y="755.63" angle="180.00" type="DEFAULT_VEHTYPE" speed="12.77" pos="150.88" lane="2/3to2/4_0" slope="0.00"/>
        <vehicle id="17" x="271.20" y="201.65" angle="-90.00" type="DEFAULT_VEHTYPE" speed="13.53" pos="124.05" lane="2/1to1/1_0" slope="0.00"/>
        <vehicle id="18" x="290.89" y="401.65" angle="-90.00" type="DEFAULT_VEHTYPE" speed="13.90" pos="104.36" lane="2/2to1/2_0" slope="0.00"/>
        <vehicle id="19" x="201.65" y="259.56" angle="180.00" type="DEFAULT_VEHTYPE" speed="13.47" pos="54.81" lane="1/1to1/2_0" slope="0.00"/>
        <vehicle id="21" x="398.35" y="406.46" angle="0.00" type="DEFAULT_VEHTYPE" speed="13.07" pos="188.79" lane="2/3to2/2_0" slope="0.00"/>
        <vehicle id="22" x="668.68" y="198.35" angle="90.00" type="DEFAULT_VEHTYPE" speed="13.82" pos="63.93" lane="3/1to4/1_0" slope="0.00"/>
        <vehicle id="24" x="390.80" y="598.35" angle="90.00" type="DEFAULT_VEHTYPE" speed="2.85" pos="186.05" lane="1/3to2/3_0" slope="0.00"/>
        <vehicle id="25" x="204.06" y="398.25" angle="146.99" type="DEFAULT_VEHTYPE" speed="12.65" pos="4.30" lane=":1/2_8_0" slope="0.00"/>
        <vehicle id="26" x="401.65" y="610.02" angle="180.00" type="DEFAULT_VEHTYPE" speed="7.54" pos="5.27" lane="2/3to2/4_0" slope="0.00"/>
        <vehicle id="27" x="398.72" y="-0.55" angle="4.27" type="DEFAULT_VEHTYPE" speed="12.63" pos="0.66" lane=":2/0_0_0" slope="0.00"/>
        <vehicle id="28" x="242.47" y="201.65" angle="-90.00" type="DEFAULT_VEHTYPE" speed="12.89" pos="152.78" lane="2/1to1/1_0" slope="0.00"/>
        <vehicle id="29" x="401.65" y="559.85" angle="180.00" type="DEFAULT_VEHTYPE" speed="13.84" pos="155.10" lane="2/2to2/3_0" slope="0.00"/>
        <vehicle id="3" x="175.76" y="198.35" angle="90.00" type="DEFAULT_VEHTYPE" speed="13.32" pos="175.76" lane="0/1to1/1_0" slope="0.00"/>
        <vehicle id="30" x="305.69" y="398.35" angle="90.00" type="DEFAULT_VEHTYPE" speed="13.70" pos="100.94" lane="1/2to2/2_0" slope="0.00"/>
        <vehicle id="32" x="201.65" y="355.11" angle="180.00" type="DEFAULT_VEHTYPE" speed="13.24" pos="150.36" lane="1/1to1/2_0" slope="0.00"/>
        <vehicle id="34" x="704.12" y="201.65" angle="-90.00" type="DEFAULT_VEHTYPE" speed="12.73" pos="95.88" lane="4/1to3/1_0" slope="0.00"/>
        <vehicle id="35" x="398.35" y="491.39" angle="0.00" type="DEFAULT_VEHTYPE" speed="12.75" pos="103.86" lane="2/3to2/2_0" slope="0.00"/>
        <vehicle id="36" x="480.28" y="398.35" angle="90.00" type="DEFAULT_VEHTYPE" speed="13.62" pos="75.53" lane="2/2to3/2_0" slope="0.00"/>
        <vehicle id="37" x="601.65" y="403.93" angle="180.00" type="DEFAULT_VEHTYPE" speed="13.86" pos="8.68" lane=":3/2_9_0" slope="0.00"/>
        <vehicle id="38" x="444.87" y="398.35" angle="90.00" type="DEFAULT_VEHTYPE" speed="12.81" pos="40.12" lane="2/2to3/2_0" slope="0.00"/>
        <vehicle id="40" x="201.65" y="756.06" angle="180.00" type="DEFAULT_VEHTYPE" speed="13.36" pos="151.31" lane="1/3to1/4_0" slope="0.00"/>
        <vehicle id="41" x="201.65" y="303.23" angle="180.00" type="DEFAULT_VEHTYPE" speed="13.79" pos="98.48" lane="1/1to1/2_0" slope="0.00"/>
        <vehicle id="42" x="401.65" y="509.51" angle="180.00" type="DEFAULT_VEHTYPE" speed="12.88" pos="104.76" lane="2/2to2/3_0" slope="0.00"/>
        <vehicle id="44" x="379.40" y="598.35" angle="90.00" type="DEFAULT_VEHTYPE" speed="1.28" pos="174.65" lane="1/3to2/3_0" slope="0.00"/>
        <vehicle id="47" x="598.35" y="433.11" angle="0.00" type="DEFAULT_VEHTYPE" speed="13.15" pos="162.14" lane="3/3to3/2_0" slope="0.00"/>
        <vehicle id="48" x="201.65" y="556.21" angle="180.00" type="DEFAULT_VEHTYPE" speed="12.69" pos="151.46" lane="1/2to1/3_0" slope="0.00"/>
        <vehicle id="49" x="596.08" y="598.23" angle="88.67" type="DEFAULT_VEHTYPE" speed="4.78" pos="0.84" lane=":3/3_12_0" slope="0.00"/>
        <vehicle id="5" x="398.35" y="764.05" angle="0.00" type="DEFAULT_VEHTYPE" speed="13.78" pos="35.95" lane="2/4to2/3_0" slope="0.00"/>
        <vehicle id="7" x="71.30" y="398.35" angle="90.00" type="DEFAULT_VEHTYPE" speed="13.55" pos="71.30" lane="0/2to1/2_0" slope="0.00"/>
        <vehicle id="8" x="398.35" y="540.67" angle="0.00" type="DEFAULT_VEHTYPE" speed="12.72" pos="54.58" lane="2/3to2/2_0" slope="0.00"/>
    </timestep>
    <timestep time="111.00">
        <vehicle id="0" x="398.35" y="417.70" angle="0.00" type="DEFAULT_VEHTYPE" speed="12.86" pos="177.55" lane="2/3to2/2_0" slope="0.00"/>
        <vehicle id="1" x="758.03" y="201.65" angle="-90.00" type="DEFAULT_VEHTYPE" speed="12.83" pos="41.97" lane="4/1to3/1_0" slope="0.00"/>
        <vehicle id="15" x="401.65" y="768.92" angle="180.00" type="DEFAULT_VEHTYPE" speed="13.29" pos="164.17" lane="2/3to2/4_0" slope="0.00"/>
        <vehicle id="17" x="257.44" y="201.65" angle="-90.00" type="DEFAULT_VEHTYPE" speed="13.76" pos="137.81" lane="2/1to1/1_0" slope="0.00"/>
        <vehicle id="18" x="277.13" y="401.65" angle="-90.00" type="DEFAULT_VEHTYPE" speed="13.76" pos="118.12" lane="2/2to1/2_0" slope="0.00"/>
        <vehicle id="19" x="201.65" y="273.29" angle="180.00" type="DEFAULT_VEHTYPE" speed="13.73" pos="68.54" lane="1/1to1/2_0" slope="0.00"/>
        <vehicle id="21" x="389.06" y="401.65" angle="-90.00" type="DEFAULT_VEHTYPE" speed="12.90" pos="6.19" lane="2/2to1/2_0" slope="0.00"/>
        <vehicle id="22" x="682.27" y="198.35" angle="90.00" type="DEFAULT_VEHTYPE" speed="13.60" pos="77.52" lane="3/1to4/1_0" slope="0.00"/>
        <vehicle id="24" x="392.17" y="598.35" angle="90.00" type="DEFAULT_VEHTYPE" speed="1.36" pos="187.42" lane="1/3to2/3_0" slope="0.00"/>
        <vehicle id="25" x="217.47" y="398.35" angle="90.00" type="DEFAULT_VEHTYPE" speed="13.41" pos="12.72" lane="1/2to2/2_0" slope="0.00"/>
        <vehicle id="26" x="401.65" y="619.11" angle="180.00" type="DEFAULT_VEHTYPE" speed="9.09" pos="14.36" lane="2/3to2/4_0" slope="0.00"/>
        <vehicle id="27" x="401.65" y="9.20" angle="180.00" type="DEFAULT_VEHTYPE" speed="13.36" pos="9.20" lane="2/0to2/1_0" slope="0.00"/>
        <vehicle id="28" x="228.68" y="201.65" angle="-90.00" type="DEFAULT_VEHTYPE" speed="13.79" pos="166.57" lane="2/1to1/1_0" slope="0.00"/>
        <vehicle id="29" x="401.65" y="573.31" angle="180.00" type="DEFAULT_VEHTYPE" speed="13.46" pos="168.56" lane="2/2to2/3_0" slope="0.00"/>
        <vehicle id="3" x="189.00" y="198.35" angle="90.00" type="DEFAULT_VEHTYPE" speed="13.24" pos="189.00" lane="0/1to1/1_0" slope="0.00"/>
        <vehicle id="30" x="318.80" y="398.35" angle="90.00" type="DEFAULT_VEHTYPE" speed="13.11" pos="114.05" lane="1/2to2/2_0" slope="0.00"/>
        <vehicle id="32" x="201.65" y="368.36" angle="180.00" type="DEFAULT_VEHTYPE" speed="13.25" pos="163.61" lane="1/1to1/2_0" slope="0.00"/>
        <vehicle id="34" x="690.39" y="201.65" angle="-90.00" type="DEFAULT_VEHTYPE" speed="13.73" pos="109.61" lane="4/1to3/1_0" slope="0.00"/>
        <vehicle id="35" x="398.35" y="477.57" angle="0.00" type="DEFAULT_VEHTYPE" speed="13.82" pos="117.68" lane="2/3to2/2_0" slope="0.00"/>
        <vehicle id="36" x="494.06" y="398.35" angle="90.00" type="DEFAULT_VEHTYPE" speed="13.79" pos="89.31" lane="2/2to3/2_0" slope="0.00"/>
        <vehicle id="37" x="601.65" y="417.25" angle="180.00" type="DEFAULT_VEHTYPE" speed="13.33" pos="12.50" lane="3/2to3/3_0" slope="0.00"/>
        <vehicle id="38" x="457.53" y="398.35" angle="90.00" type="DEFAULT_VEHTYPE" speed="12.66" pos="52.78" lane="2/2to3/2_0" slope="0.00"/>
        <vehicle id="40" x="201.65" y="769.65" angle="180.00" type="DEFAULT_VEHTYPE" speed="13.59" pos="164.90" lane="1/3to1/4_0" slope="0.00"/>
        <vehicle id="41" x="201.65" y="317.10" angle="180.00" type="DEFAULT_VEHTYPE" speed="13.86" pos="112.35" lane="1/1to1/2_0" slope="0.00"/>
        <vehicle id="42" x="401.65" y="522.86" angle="180.00" type="DEFAULT_VEHTYPE" speed="13.35" pos="118.11" lane="2/2to2/3_0" slope="0.00"/>
        <vehicle id="44" x="381.18" y="598.35" angle="90.00" type="DEFAULT_VEHTYPE" speed="1.77" pos="176.43" lane="1/3to2/3_0" slope="0.00"/>
        <vehicle id="47" x="598.35" y="420.46" angle="0.00" type="DEFAULT_VEHTYPE" speed="12.65" pos="174.79" lane="3/3to3/2_0" slope="0.00"/>
        <vehicle id="48" x="201.65" y="569.80" angle="180.00" type="DEFAULT_VEHTYPE" speed="13.59" pos="165.05" lane="1/2to1/3_0" slope="0.00"/>
        <vehicle id="49" x="598.35" y="593.19" angle="13.98" type="DEFAULT_VEHTYPE" speed="6.22" pos="2.06" lane="3/3to3/2_0" slope="0.00"/>
        <vehicle id="5" x="398.35" y="750.20" angle="0.00" type="DEFAULT_VEHTYPE" speed="13.85" pos="49.80" lane="2/4to2/3_0" slope="0.00"/>
        <vehicle id="7" x="83.93" y="398.35" angle="90.00" type="DEFAULT_VEHTYPE" speed="12.63" pos="83.93" lane="0/2to1/2_0" slope="0.00"/>
        <vehicle id="8" x="398.35" y="527.91" angle="0.00" type="DEFAULT_VEHTYPE" speed="12.76" pos="67.34" lane="2/3to2/2_0" slope="0.00"/>
    </timestep>
    <timestep time="112.00">
        <vehicle id="0" x="398.35" y="403.91" angle="0.00" type="DEFAULT_VEHTYPE" speed="13.79" pos="0.84" lane=":2/2_1_0" slope="0.00"/>
        <vehicle id="1" x="744.89" y="201.65" angle="-90.00" type="DEFAULT_VEHTYPE" speed="13.14" pos="55.11" lane="4/1to3/1_0" slope="0.00"/>
        <vehicle id="15" x="401.65" y="781.65" angle="180.00" type="DEFAULT_VEHTYPE" speed="12.73" pos="176.90" lane="2/3to2/4_0" slope="0.00"/>
        <vehicle id="17" x="244.67" y="201.65" angle="-90.00" type="DEFAULT_VEHTYPE" speed="12.77" pos="150.58" lane="2/1to1/1_0" slope="0.00"/>
        <vehicle id="18" x="263.82" y="401.65" angle="-90.00" type="DEFAULT_VEHTYPE" speed="13.32" pos="131.43" lane="2/2to1/2_0" slope="0.00"/>
        <vehicle id="19" x="201.65" y="286.47" angle="180.00" type="DEFAULT_VEHTYPE" speed="13.18" pos="81.72" lane="1/1to1/2_0" slope="0.00"/>
        <vehicle id="21" x="376.04" y="401.65" angle="-90.00" type="DEFAULT_VEHTYPE" speed="13.02" pos="19.21" lane="2/2to1/2_0" slope="0.00"/>
        <vehicle id="22" x="695.19" y="198.35" angle="90.00" type="DEFAULT_VEHTYPE" speed="12.92" pos="90.44" lane="3/1to4/1_0" slope="0.00"/>
        <vehicle id="24" x="392.62" y="598.35" angle="90.00" type="DEFAULT_VEHTYPE" speed="0.45" pos="187.87" lane="1/3to2/3_0" slope="0.00"/>
        <vehicle id="25" x="230.07" y="398.35" angle="90.00" type="DEFAULT_VEHTYPE" speed="12.60" pos="25.32" lane="1/2to2/2_0" slope="0.00"/>
        <vehicle id="26" x="401.65" y="630.01" angle="180.00" type="DEFAULT_VEHTYPE" speed="10.90" pos="25.26" lane="2/3to2/4_0" slope="0.00"/>
        <vehicle id="27" x="401.65" y="22.74" angle="180.00" type="DEFAULT_VEHTYPE" speed="13.55" pos="22.74" lane="2/0to2/1_0" slope="0.00"/>
        <vehicle id="28" x="218.74" y="201.65" angle="-90.00" type="DEFAULT_VEHTYPE" speed="9.93" pos="176.51" lane="2/1to1/1_0" slope="0.00"/>
        <vehicle id="29" x="401.65" y="586.36" angle="180.00" type="DEFAULT_VEHTYPE" speed="13.05" pos="181.61" lane="2/2to2/3_0" slope="0.00"/>
        <vehicle id="30" x="332.03" y="398.35" angle="90.00" type="DEFAULT_VEHTYPE" speed="13.24" pos="127.28" lane="1/2to2/2_0" slope="0.00"/>
        <vehicle id="32" x="201.65" y="382.13" angle="180.00" type="DEFAULT_VEHTYPE" speed="13.77" pos="177.38" lane="1/1to1/2_0" slope="0.00"/>
        <vehicle id="34" x="677.31" y="201.65" angle="-90.00" type="DEFAULT_VEHTYPE" speed="13.08" pos="122.69" lane="4/1to3/1_0" slope="0.00"/>
        <vehicle id="35" x="398.35" y="464.26" angle="0.00" type="DEFAULT_VEHTYPE" speed="13.31" pos="130.99" lane="2/3to2/2_0" slope="0.00"/>
        <vehicle id="36" x="507.42" y="398.35" angle="90.00" type="DEFAULT_VEHTYPE" speed="13.35" pos="102.67" lane="2/2to3/2_0" slope="0.00"/>
        <vehicle id="37" x="601.65" y="430.37" angle="180.00" type="DEFAULT_VEHTYPE" speed="13.11" pos="25.62" lane="3/2to3/3_0" slope="0.00"/>
        <vehicle id="38" x="470.40" y="398.35" angle="90.00" type="DEFAULT_VEHTYPE" speed="12.86" pos="65.65" lane="2/2to3/2_0" slope="0.00"/>
        <vehicle id="40" x="201.65" y="782.26" angle="180.00" type="DEFAULT_VEHTYPE" speed="12.61" pos="177.51" lane="1/3to1/4_0" slope="0.00"/>
        <vehicle id="41" x="201.65" y="330.72" angle="180.00" type="DEFAULT_VEHTYPE" speed="13.62" pos="125.97" lane="1/1to1/2_0" slope="0.00"/>
        <vehicle id="42" x="401.65" y="536.26" angle="180.00" type="DEFAULT_VEHTYPE" speed="13.40" pos="131.51" lane="2/2to2/3_0" slope="0.00"/>
        <vehicle id="44" x="383.70" y="598.35" angle="90.00" type="DEFAULT_VEHTYPE" speed="2.53" pos="178.95" lane="1/3to2/3_0" slope="0.00"/>
        <vehicle id="47" x="598.35" y="406.67" angle="0.00" type="DEFAULT_VEHTYPE" speed="13.79" pos="188.58" lane="3/3to3/2_0" slope="0.00"/>
        <vehicle id="48" x="201.65" y="582.98" angle="180.00" type="DEFAULT_VEHTYPE" speed="13.18" pos="178.23" lane="1/2to1/3_0" slope="0.00"/>
        <vehicle id="49" x="598.35" y="584.47" angle="0.00" type="DEFAULT_VEHTYPE" speed="8.72" pos="10.78" lane="3/3to3/2_0" slope="0.00"/>
        <vehicle id="5" x="398.35" y="736.72" angle="0.00" type="DEFAULT_VEHTYPE" speed="13.48" pos="63.28" lane="2/4to2/3_0" slope="0.00"/>
        <vehicle id="7" x="96.86" y="398.35" angle="90.00" type="DEFAULT_VEHTYPE" speed="12.92" pos="96.86" lane="0/2to1/2_0" slope="0.00"/>
        <vehicle id="8" x="398.35" y="514.82" angle="0.00" type="DEFAULT_VEHTYPE" speed="13.09" pos="80.43" lane="2/3to2/2_0" slope="0.00"/>
    </timestep>
    <timestep time="113.00">
        <vehicle id="0" x="398.35" y="391.17" angle="0.00" type="DEFAULT_VEHTYPE" speed="12.73" pos="4.08" lane="2/2to2/1_0" slope="0.00"/>
        <vehicle id="1" x="731.69" y="201.65" angle="-90.00" type="DEFAULT_VEHTYPE" speed="13.20" pos="68.31" lane="4/1to3/1_0" slope="0.00"/>
        <vehicle id="15" x="401.65" y="794.57" angle="180.00" type="DEFAULT_VEHTYPE" speed="12.92" pos="189.82" lane="2/3to2/4_0" slope="0.00"/>
        <vehicle id="17" x="233.35" y="201.65" angle="-90.00" type="DEFAULT_VEHTYPE" speed="11.32" pos="161.90" lane="2/1to1/1_0" slope="0.00"/>
        <vehicle id="18" x="251.08" y="401.65" angle="-90.00" type="DEFAULT_VEHTYPE" speed="12.74" pos="144.17" lane="2/2to1/2_0" slope="0.00"/>
        <vehicle id="19" x="201.65" y="299.59" angle="180.00" type="DEFAULT_VEHTYPE" speed="13.12" pos="94.84" lane="1/1to1/2_0" slope="0.00"/>
        <vehicle id="21" x="362.71" y="401.65" angle="-90.00" type="DEFAULT_VEHTYPE" speed="13.33" pos="32.54" lane="2/2to1/2_0" slope="0.00"/>
        <vehicle id="22" x="708.13" y="198.35" angle="90.00" type="DEFAULT_VEHTYPE" speed="12.94" pos="103.38" lane="3/1to4/1_0" slope="0.00"/>
        <vehicle id="24" x="392.74" y="598.35" angle="90.00" type="DEFAULT_VEHTYPE" speed="0.13" pos="187.99" lane="1/3to2/3_0" slope="0.00"/>
        <vehicle id="25" x="243.80" y="398.35" angle="90.00" type="DEFAULT_VEHTYPE" speed="13.73" pos="39.05" lane="1/2to2/2_0" slope="0.00"/>
        <vehicle id="26" x="401.65" y="643.04" angle="180.00" type="DEFAULT_VEHTYPE" speed="13.03" pos="38.29" lane="2/3to2/4_0" slope="0.00"/>
        <vehicle id="27" x="401.65" y="35.61" angle="180.00" type="DEFAULT_VEHTYPE" speed="12.86" pos="35.61" lane="2/0to2/1_0" slope="0.00"/>
        <vehicle id="28" x="212.41" y="201.65" angle="-90.00" type="DEFAULT_VEHTYPE" speed="6.33" pos="182.84" lane="2/1to1/1_0" slope="0.00"/>
        <vehicle id="29" x="401.65" y="599.68" angle="180.00" type="DEFAULT_VEHTYPE" speed="13.32" pos="4.43" lane=":2/3_9_0" slope="0.00"/>
        <vehicle id="30" x="345.41" y="398.35" angle="90.00" type="DEFAULT_VEHTYPE" speed="13.38" pos="140.66" lane="1/2to2/2_0" slope="0.00"/>
        <vehicle id="32" x="201.65" y="394.98" angle="180.00" type="DEFAULT_VEHTYPE" speed="12.85" pos="190.23" lane="1/1to1/2_0" slope="0.00"/>
        <vehicle id="34" x="664.01" y="201.65" angle="-90.00" type="DEFAULT_VEHTYPE" speed="13.29" pos="135.99" lane="4/1to3/1_0" slope="0.00"/>
        <vehicle id="35" x="398.35" y="451.23" angle="0.00" type="DEFAULT_VEHTYPE" speed="13.03" pos="144.02" lane="2/3to2/2_0" slope="0.00"/>
        <vehicle id="36" x="520.34" y="398.35" angle="90.00" type="DEFAULT_VEHTYPE" speed="12.92" pos="115.59" lane="2/2to3/2_0" slope="0.00"/>
        <vehicle id="37" x="601.65" y="443.64" angle="180.00" type="DEFAULT_VEHTYPE" speed="13.28" pos="38.89" lane="3/2to3/3_0" slope="0.00"/>
        <vehicle id="38" x="483.06" y="398.35" angle="90.00" type="DEFAULT_VEHTYPE" speed="12.66" pos="78.31" lane="2/2to3/2_0" slope="0.00"/>
        <vehicle id="40" x="201.65" y="795.85" angle="180.00" type="DEFAULT_VEHTYPE" speed="13.59" pos="191.10" lane="1/3to1/4_0" slope="0.00"/>
        <vehicle id="41" x="201.65" y="343.56" angle="180.00" type="DEFAULT_VEHTYPE" speed="12.84" pos="138.81" lane="1/1to1/2_0" slope="0.00"/>
        <vehicle id="42" x="401.65" y="548.92" angle="180.00" type="DEFAULT_VEHTYPE" speed="12.66" pos="144.17" lane="2/2to2/3_0" slope="0.00"/>
        <vehicle id="44" x="384.85" y="598.35" angle="90.00" type="DEFAULT_VEHTYPE" speed="1.14" pos="180.10" lane="1/3to2/3_0" slope="0.00"/>
        <vehicle id="48" x="201.83" y="596.52" angle="177.96" type="DEFAULT_VEHTYPE" speed="13.55" pos="1.28" lane=":1/3_8_0" slope="0.00"/>
        <vehicle id="49" x="598.35" y="574.36" angle="0.00" type="DEFAULT_VEHTYPE" speed="10.10" pos="20.89" lane="3/3to3/2_0" slope="0.00"/>
        <vehicle id="5" x="398.35" y="723.17" angle="0.00" type="DEFAULT_VEHTYPE" speed="13.55" pos="76.83" lane="2/4to2/3_0" slope="0.00"/>
        <vehicle id="7" x="109.93" y="398.35" angle="90.00" type="DEFAULT_VEHTYPE" speed="13.07" pos="109.93" lane="0/2to1/2_0" slope="0.00"/>
        <vehicle id="8" x="398.35" y="501.49" angle="0.00" type="DEFAULT_VEHTYPE" speed="13.33" pos="93.76" lane="2/3to2/2_0" slope="0.00"/>
    </timestep>
    <timestep time="114.00">
        <vehicle id="0" x="398.35" y="378.47" angle="0.00" type="DEFAULT_VEHTYPE" speed="12.71" pos="16.78" lane="2/2to2/1_0" slope="0.00"/>
        <vehicle id="1" x="718.95" y="201.65" angle="-90.00" type="DEFAULT_VEHTYPE" speed="12.73" pos="81.05" lane="4/1to3/1_0" slope="0.00"/>
        <vehicle id="15" x="398.35" y="796.52" angle="-10.22" type="DEFAULT_VEHTYPE" speed="13.73" pos="3.48" lane="2/4to2/3_0" slope="0.00"/>
        <vehicle id="17" x="225.06" y="201.65" angle="-90.00" type="DEFAULT_VEHTYPE" speed="8.29" pos="170.19" lane="2/1to1/1_0" slope="0.00"/>
        <vehicle id="18" x="237.74" y="401.65" angle="-90.00" type="DEFAULT_VEHTYPE" speed="13.34" pos="157.51" lane="2/2to1/2_0" slope="0.00"/>
        <vehicle id="19" x="201.65" y="312.59" angle="180.00" type="DEFAULT_VEHTYPE" speed="13.00" pos="107.84" lane="1/1to1/2_0" slope="0.00"/>
        <vehicle id="21" x="350.05" y="401.65" angle="-90.00" type="DEFAULT_VEHTYPE" speed="12.66" pos="45.20" lane="2/2to1/2_0" slope="0.00"/>
        <vehicle id="22" x="721.58" y="198.35" angle="90.00" type="DEFAULT_VEHTYPE" speed="13.45" pos="116.83" lane="3/1to4/1_0" slope="0.00"/>
        <vehicle id="24" x="392.74" y="598.35" angle="90.00" type="DEFAULT_VEHTYPE" speed="0.00" pos="187.99" lane="1/3to2/3_0" slope="0.00"/>
        <vehicle id="25" x="256.83" y="398.35" angle="90.00" type="DEFAULT_VEHTYPE" speed="13.03" pos="52.08" lane="1/2to2/2_0" slope="0.00"/>
        <vehicle id="26" x="401.65" y="656.11" angle="180.00" type="DEFAULT_VEHTYPE" speed="13.07" pos="51.36" lane="2/3to2/4_0" slope="0.00"/>
        <vehicle id="27" x="401.65" y="49.34" angle="180.00" type="DEFAULT_VEHTYPE" speed="13.74" pos="49.34" lane="2/0to2/1_0" slope="0.00"/>
        <vehicle id="28" x="209.37" y="201.65" angle="-90.00" type="DEFAULT_VEHTYPE" speed="3.04" pos="185.88" lane="2/1to1/1_0" slope="0.00"/>
        <vehicle id="29" x="401.65" y="613.49" angle="180.00" type="DEFAULT_VEHTYPE" speed="13.81" pos="8.74" lane="2/3to2/4_0" slope="0.00"/>
        <vehicle id="30" x="358.63" y="398.35" angle="90.00" type="DEFAULT_VEHTYPE" speed="13.22" pos="153.88" lane="1/2to2/2_0" slope="0.00"/>
        <vehicle id="32" x="201.65" y="408.44" angle="180.00" type="DEFAULT_VEHTYPE" speed="13.45" pos="3.69" lane="1/2to1/3_0" slope="0.00"/>
        <vehicle id="34" x="650.45" y="201.65" angle="-90.00" type="DEFAULT_VEHTYPE" speed="13.56" pos="149.55" lane="4/1to3/1_0" slope="0.00"/>
        <vehicle id="35" x="398.35" y="438.42" angle="0.00" type="DEFAULT_VEHTYPE" speed="12.81" pos="156.83" lane="2/3to2/2_0" slope="0.00"/>
        <vehicle id="36" x="533.76" y="398.35" angle="90.00" type="DEFAULT_VEHTYPE" speed="13.43" pos="129.01" lane="2/2to3/2_0" slope="0.00"/>
        <vehicle id="37" x="601.65" y="456.29" angle="180.00" type="DEFAULT_VEHTYPE" speed="12.65" pos="51.54" lane="3/2to3/3_0" slope="0.00"/>
        <vehicle id="38" x="496.52" y="398.35" angle="90.00" type="DEFAULT_VEHTYPE" speed="13.46" pos="91.77" lane="2/2to3/2_0" slope="0.00"/>
        <vehicle id="41" x="201.65" y="356.68" angle="180.00" type="DEFAULT_VEHTYPE" speed="13.11" pos="151.93" lane="1/1to1/2_0" slope="0.00"/>
        <vehicle id="42" x="401.65" y="561.56" angle="180.00" type="DEFAULT_VEHTYPE" speed="12.63" pos="156.81" lane="2/2to2/3_0" slope="0.00"/>
        <vehicle id="44" x="385.19" y="598.35" angle="90.00" type="DEFAULT_VEHTYPE" speed="0.34" pos="180.44" lane="1/3to2/3_0" slope="0.00"/>
        <vehicle id="48" x="214.82" y="598.35" angle="90.00" type="DEFAULT_VEHTYPE" speed="13.79" pos="10.07" lane="1/3to2/3_0" slope="0.00"/>
        <vehicle id="49" x="598.35" y="561.67" angle="0.00" type="DEFAULT_VEHTYPE" speed="12.70" pos="33.58" lane="3/3to3/2_0" slope="0.00"/>
        <vehicle id="5" x="398.35" y="710.35" angle="0.00" type="DEFAULT_VEHTYPE" speed="12.82" pos="89.65" lane="2/4to2/3_0" slope="0.00"/>
        <vehicle id="7" x="122.72" y="398.35" angle="90.00" type="DEFAULT_VEHTYPE" speed="12.79" pos="122.72" lane="0/2to1/2_0" slope="0.00"/>
        <vehicle id="8" x="398.35" y="487.71" angle="0.00" type="DEFAULT_VEHTYPE" speed="13.78" pos="107.54" lane="2/3to2/2_0" slope="0.00"/>
    </timestep>
    <timestep time="115.00">
        <vehicle id="0" x="398.35" y="364.66" angle="0.00" type="DEFAULT_VEHTYPE" speed="13.81" pos="30.59" lane="2/2to2/1_0" slope="0.00"/>
        <vehicle id="1" x="706.19" y="201.65" angle="-90.00" type="DEFAULT_VEHTYPE" speed="12.77" pos="93.81" lane="4/1to3/1_0" slope="0.00"/>
        <vehicle id="15" x="398.35" y="783.26" angle="0.00" type="DEFAULT_VEHTYPE" speed="13.26" pos="16.74" lane="2/4to2/3_0" slope="0.00"/>
        <vehicle id="17" x="220.47" y="201.65" angle="-90.00" type="DEFAULT_VEHTYPE" speed="4.59" pos="174.78" lane="2/1to1/1_0" slope="0.00"/>
        <vehicle id="18" x="226.01" y="401.65" angle="-90.00" type="DEFAULT_VEHTYPE" speed="11.73" pos="169.24" lane="2/2to1/2_0" slope="0.00"/>
        <vehicle id="19" x="201.65" y="326.17" angle="180.00" type="DEFAULT_VEHTYPE" speed="13.58" pos="121.42" lane="1/1to1/2_0" slope="0.00"/>
        <vehicle id="21" x="337.14" y="401.65" angle="-90.00" type="DEFAULT_VEHTYPE" speed="12.91" pos="58.11" lane="2/2to1/2_0" slope="0.00"/>
        <vehicle id="22" x="734.74" y="198.35" angle="90.00" type="DEFAULT_VEHTYPE" speed="13.15" pos="129.99" lane="3/1to4/1_0" slope="0.00"/>
        <vehicle id="24" x="394.77" y="598.35" angle="90.00" type="DEFAULT_VEHTYPE" speed="2.03" pos="190.02" lane="1/3to2/3_0" slope="0.00"/>
        <vehicle id="25" x="269.80" y="398.35" angle="90.00" type="DEFAULT_VEHTYPE" speed="12.98" pos="65.05" lane="1/2to2/2_0" slope="0.00"/>
        <vehicle id="26" x="401.65" y="669.81" angle="180.00" type="DEFAULT_VEHTYPE" speed="13.70" pos="65.06" lane="2/3to2/4_0" slope="0.00"/>
        <vehicle id="27" x="401.65" y="61.95" angle="180.00" type="DEFAULT_VEHTYPE" speed="12.61" pos="61.95" lane="2/0to2/1_0" slope="0.00"/>
        <vehicle id="28" x="204.13" y="201.74" angle="-91.00" type="DEFAULT_VEHTYPE" speed="5.25" pos="0.63" lane=":1/1_4_0" slope="0.00"/>
        <vehicle id="29" x="401.65" y="627.18" angle="180.00" type="DEFAULT_VEHTYPE" speed="13.69" pos="22.43" lane="2/3to2/4_0" slope="0.00"/>
        <vehicle id="30" x="372.22" y="398.35" angle="90.00" type="DEFAULT_VEHTYPE" speed="13.59" pos="167.47" lane="1/2to2/2_0" slope="0.00"/>
        <vehicle id="32" x="201.65" y="421.82" angle="180.00" type="DEFAULT_VEHTYPE" speed="13.38" pos="17.07" lane="1/2to1/3_0" slope="0.00"/>
        <vehicle id="34" x="636.82" y="201.65" angle="-90.00" type="DEFAULT_VEHTYPE" speed="13.63" pos="163.18" lane="4/1to3/1_0" slope="0.00"/>
        <vehicle id="35" x="398.35" y="424.80" angle="0.00" type="DEFAULT_VEHTYPE" speed="13.63" pos="170.45" lane="2/3to2/2_0" slope="0.00"/>
        <vehicle id="36" x="547.22" y="398.35" angle="90.00" type="DEFAULT_VEHTYPE" speed="13.46" pos="142.47" lane="2/2to3/2_0" slope="0.00"/>
        <vehicle id="37" x="601.65" y="470.10" angle="180.00" type="DEFAULT_VEHTYPE" speed="13.80" pos="65.35" lane="3/2to3/3_0" slope="0.00"/>
        <vehicle id="38" x="509.90" y="398.35" angle="90.00" type="DEFAULT_VEHTYPE" speed="13.38" pos="105.15" lane="2/2to3/2_0" slope="0.00"/>
        <vehicle id="41" x="201.65" y="370.01" angle="180.00" type="DEFAULT_VEHTYPE" speed="13.33" pos="165.26" lane="1/1to1/2_0" slope="0.00"/>
        <vehicle id="42" x="401.65" y="575.37" angle="180.00" type="DEFAULT_VEHTYPE" speed="13.82" pos="170.62" lane="2/2to2/3_0" slope="0.00"/>
        <vehicle id="44" x="385.22" y="598.35" angle="90.00" type="DEFAULT_VEHTYPE" speed="0.03" pos="180.47" lane="1/3to2/3_0" slope="0.00"/>
        <vehicle id="48" x="228.29" y="598.35" angle="90.00" type="DEFAULT_VEHTYPE" speed="13.46" pos="23.54" lane="1/3to2/3_0" slope="0.00"/>
        <vehicle id="49" x="598.35" y="548.93" angle="0.00" type="DEFAULT_VEHTYPE" speed="12.74" pos="46.32" lane="3/3to3/2_0" slope="0.00"/>
        <vehicle id="5" x="398.35" y="697.25" angle="0.00" type="DEFAULT_VEHTYPE" speed="13.10" pos="102.75" lane="2/4to2/3_0" slope="0.00"/>
        <vehicle id="7" x="136.54" y="398.35" angle="90.00" type="DEFAULT_VEHTYPE" speed="13.83" pos="136.54" lane="0/2to1/2_0" slope="0.00"/>
        <vehicle id="8" x="398.35" y="474.98" angle="0.00" type="DEFAULT_VEHTYPE" speed="12.73" pos="120.27" lane="2/3to2/2_0" slope="0.00"/>
    </timestep>
    <timestep time="116.00">
        <vehicle id="0" x="398.35" y="351.61" angle="0.00" type="DEFAULT_VEHTYPE" speed="13.05" pos="43.64" lane="2/2to2/1_0" slope="0.00"/>
        <vehicle id="1" x="693.22" y="201.65" angle="-90.00" type="DEFAULT_VEHTYPE" speed="12.97" pos="106.78" lane="4/1to3/1_0" slope="0.00"/>
        <vehicle id="15" x="398.35" y="770.55" angle="0.00" type="DEFAULT_VEHTYPE" speed="12.71" pos="29.45" lane="2/4to2/3_0" slope="0.00"/>
        <vehicle id="17" x="214.55" y="201.65" angle="-90.00" type="DEFAULT_VEHTYPE" speed="5.92" pos="180.70" lane="2/1to1/1_0" slope="0.00"/>
        <vehicle id="18" x="217.62" y="401.65" angle="-90.00" type="DEFAULT_VEHTYPE" speed="8.39" pos="177.63" lane="2/2to1/2_0" slope="0.00"/>
        <vehicle id="19" x="201.65" y="338.84" angle="180.00" type="DEFAULT_VEHTYPE" speed="12.67" pos="134.09" lane="1/1to1/2_0" slope="0.00"/>
        <vehicle id="21" x="324.33" y="401.65" angle="-90.00" type="DEFAULT_VEHTYPE" speed="12.81" pos="70.92" lane="2/2to1/2_0" slope="0.00"/>
        <vehicle id="22" x="748.07" y="198.35" angle="90.00" type="DEFAULT_VEHTYPE" speed="13.33" pos="143.32" lane="3/1to4/1_0" slope="0.00"/>
        <vehicle id="24" x="398.09" y="598.77" angle="94.87" type="DEFAULT_VEHTYPE" speed="3.35" pos="2.87" lane=":2/3_14_0" slope="0.00"/>
        <vehicle id="25" x="283.17" y="398.35" angle="90.00" type="DEFAULT_VEHTYPE" speed="13.36" pos="78.42" lane="1/2to2/2_0" slope="0.00"/>
        <vehicle id="26" x="401.65" y="682.88" angle="180.00" type="DEFAULT_VEHTYPE" speed="13.07" pos="78.13" lane="2/3to2/4_0" slope="0.00"/>
        <vehicle id="27" x="401.65" y="75.15" angle="180.00" type="DEFAULT_VEHTYPE" speed="13.19" pos="75.15" lane="2/0to2/1_0" slope="0.00"/>
        <vehicle id="28" x="201.65" y="207.24" angle="-170.73" type="DEFAULT_VEHTYPE" speed="6.86" pos="2.49" lane="1/1to1/2_0" slope="0.00"/>
        <vehicle id="29" x="401.65" y="640.04" angle="180.00" type="DEFAULT_VEHTYPE" speed="12.86" pos="35.29" lane="2/3to2/4_0" slope="0.00"/>
        <vehicle id="30" x="381.31" y="398.35" angle="90.00" type="DEFAULT_VEHTYPE" speed="9.09" pos="176.56" lane="1/2to2/2_0" slope="0.00"/>
        <vehicle id="32" x="201.65" y="435.62" angle="180.00" type="DEFAULT_VEHTYPE" speed="13.80" pos="30.87" lane="1/2to1/3_0" slope="0.00"/>
        <vehicle id="34" x="623.52" y="201.65" angle="-90.00" type="DEFAULT_VEHTYPE" speed="13.30" pos="176.48" lane="4/1to3/1_0" slope="0.00"/>
        <vehicle id="35" x="398.35" y="411.73" angle="0.00" type="DEFAULT_VEHTYPE" speed="13.07" pos="183.52" lane="2/3to2/2_0" slope="0.00"/>
        <vehicle id="36" x="560.06" y="398.35" angle="90.00" type="DEFAULT_VEHTYPE" speed="12.84" pos="155.31" lane="2/2to3/2_0" slope="0.00"/>
        <vehicle id="37" x="601.65" y="483.43" angle="180.00" type="DEFAULT_VEHTYPE" speed="13.34" pos="78.68" lane="3/2to3/3_0" slope="0.00"/>
        <vehicle id="38" x="523.39" y="398.35" angle="90.00" type="DEFAULT_VEHTYPE" speed="13.48" pos="118.64" lane="2/2to3/2_0" slope="0.00"/>
        <vehicle id="41" x="201.65" y="382.63" angle="180.00" type="DEFAULT_VEHTYPE" speed="12.62" pos="177.88" lane="1/1to1/2_0" slope="0.00"/>
        <vehicle id="42" x="401.65" y="588.08" angle="180.00" type="DEFAULT_VEHTYPE" speed="12.70" pos="183.33" lane="2/2to2/3_0" slope="0.00"/>
        <vehicle id="44" x="386.67" y="598.35" angle="90.00" type="DEFAULT_VEHTYPE" speed="1.45" pos="181.92" lane="1/3to2/3_0" slope="0.00"/>
        <vehicle id="48" x="241.05" y="598.35" angle="90.00" type="DEFAULT_VEHTYPE" speed="12.77" pos="36.30" lane="1/3to2/3_0" slope="0.00"/>
        <vehicle id="49" x="598.35" y="535.41" angle="0.00" type="DEFAULT_VEHTYPE" speed="13.51" pos="59.84" lane="3/3to3/2_0" slope="0.00"/>
        <vehicle id="5" x="398.35" y="683.65" angle="0.00" type="DEFAULT_VEHTYPE" speed="13.60" pos="116.35" lane="2/4to2/3_0" slope="0.00"/>
        <vehicle id="7" x="149.60" y="398.35" angle="90.00" type="DEFAULT_VEHTYPE" speed="13.06" pos="149.60" lane="0/2to1/2_0" slope="0.00"/>
        <vehicle id="8" x="398.35" y="461.23" angle="0.00" type="DEFAULT_VEHTYPE" speed="13.75" pos="134.02" lane="2/3to2/2_0" slope="0.00"/>
    </timestep>
    <timestep time="117.00">
        <vehicle id="0" x="398.35" y="338.40" angle="0.00" type="DEFAULT_VEHTYPE" speed="13.21" pos="56.85" lane="2/2to2/1_0" slope="0.00"/>
        <vehicle id="1" x="679.46" y="201.65" angle="-90.00" type="DEFAULT_VEHTYPE" speed="13.75" pos="120.54" lane="4/1to3/1_0" slope="0.00"/>
        <vehicle id="15" x="398.35" y="756.69" angle="0.00" type="DEFAULT_VEHTYPE" speed="13.86" pos="43.31" lane="2/4to2/3_0" slope="0.00"/>
        <vehicle id="17" x="209.83" y="201.65" angle="-90.00" type="DEFAULT_VEHTYPE" speed="4.72" pos="185.42" lane="2/1to1/1_0" slope="0.00"/>
        <vehicle id="18" x="212.38" y="401.65" angle="-90.00" type="DEFAULT_VEHTYPE" speed="5.24" pos="182.87" lane="2/2to1/2_0" slope="0.00"/>
        <vehicle id="19" x="201.65" y="351.85" angle="180.00" type="DEFAULT_VEHTYPE" speed="13.01" pos="147.10" lane="1/1to1/2_0" slope="0.00"/>
        <vehicle id="21" x="311.19" y="401.65" angle="-90.00" type="DEFAULT_VEHTYPE" speed="13.14" pos="84.06" lane="2/2to1/2_0" slope="0.00"/>
        <vehicle id="22" x="761.64" y="198.35" angle="90.00" type="DEFAULT_VEHTYPE" speed="13.57" pos="156.89" lane="3/1to4/1_0" slope="0.00"/>
        <vehicle id="24" x="401.37" y="602.80" angle="142.72" type="DEFAULT_VEHTYPE" speed="5.47" pos="8.35" lane=":2/3_14_0" slope="0.00"/>
        <vehicle id="25" x="296.26" y="398.35" angle="90.00" type="DEFAULT_VEHTYPE" speed="13.09" pos="91.51" lane="1/2to2/2_0" slope="0.00"/>
        <vehicle id="26" x="401.65" y="695.62" angle="180.00" type="DEFAULT_VEHTYPE" speed="12.74" pos="90.87" lane="2/3to2/4_0" slope="0.00"/>
        <vehicle id="27" x="401.65" y="88.37" angle="180.00" type="DEFAULT_VEHTYPE" speed="13.22" pos="88.37" lane="2/0to2/1_0" slope="0.00"/>
        <vehicle id="28" x="201.65" y="215.56" angle="180.00" type="DEFAULT_VEHTYPE" speed="8.32" pos="10.81" lane="1/1to1/2_0" slope="0.00"/>
        <vehicle id="29" x="401.65" y="653.14" angle="180.00" type="DEFAULT_VEHTYPE" speed="13.11" pos="48.39" lane="2/3to2/4_0" slope="0.00"/>
        <vehicle id="30" x="387.80" y="398.35" angle="90.00" type="DEFAULT_VEHTYPE" speed="6.50" pos="183.05" lane="1/2to2/2_0" slope="0.00"/>
        <vehicle id="32" x="201.65" y="448.41" angle="180.00" type="DEFAULT_VEHTYPE" speed="12.79" pos="43.66" lane="1/2to1/3_0" slope="0.00"/>
        <vehicle id="34" x="610.13" y="201.65" angle="-90.00" type="DEFAULT_VEHTYPE" speed="13.39" pos="189.87" lane="4/1to3/1_0" slope="0.00"/>
        <vehicle id="35" x="393.55" y="401.65" angle="-71.83" type="DEFAULT_VEHTYPE" speed="13.68" pos="1.70" lane="2/2to1/2_0" slope="0.00"/>
        <vehicle id="36" x="572.18" y="398.35" angle="90.00" type="DEFAULT_VEHTYPE" speed="12.12" pos="167.43" lane="2/2to3/2_0" slope="0.00"/>
        <vehicle id="37" x="601.65" y="497.01" angle="180.00" type="DEFAULT_VEHTYPE" speed="13.58" pos="92.26" lane="3/2to3/3_0" slope="0.00"/>
        <vehicle id="38" x="537.14" y="398.35" angle="90.00" type="DEFAULT_VEHTYPE" speed="13.75" pos="132.39" lane="2/2to3/2_0" slope="0.00"/>
        <vehicle id="41" x="201.65" y="396.26" angle="180.00" type="DEFAULT_VEHTYPE" speed="13.64" pos="1.01" lane=":1/2_9_0" slope="0.00"/>
        <vehicle id="44" x="389.47" y="598.35" angle="90.00" type="DEFAULT_VEHTYPE" speed="2.80" pos="184.72" lane="1/3to2/3_0" slope="0.00"/>
        <vehicle id="48" x="254.94" y="598.35" angle="90.00" type="DEFAULT_VEHTYPE" speed="13.89" pos="50.19" lane="1/3to2/3_0" slope="0.00"/>
        <vehicle id="49" x="598.35" y="522.51" angle="0.00" type="DEFAULT_VEHTYPE" speed="12.90" pos="72.74" lane="3/3to3/2_0" slope="0.00"/>
        <vehicle id="5" x="398.35" y="670.57" angle="0.00" type="DEFAULT_VEHTYPE" speed="13.08" pos="129.43" lane="2/4to2/3_0" slope="0.00"/>
        <vehicle id="7" x="163.13" y="398.35" angle="90.00" type="DEFAULT_VEHTYPE" speed="13.53" pos="163.13" lane="0/2to1/2_0" slope="0.00"/>
        <vehicle id="8" x="398.35" y="448.18" angle="0.00" type="DEFAULT_VEHTYPE" speed="13.04" pos="147.07" lane="2/3to2/2_0" slope="0.00"/>
    </timestep>
    <timestep time="118.00">
        <vehicle id="0" x="398.35" y="325.57" angle="0.00" type="DEFAULT_VEHTYPE" speed="12.83" pos="69.68" lane="2/2to2/1_0" slope="0.00"/>
        <vehicle id="1" x="666.13" y="201.65" angle="-90.00" type="DEFAULT_VEHTYPE" speed="13.33" pos="133.87" lane="4/1to3/1_0" slope="0.00"/>
        <vehicle id="15" x="398.35" y="742.83" angle="0.00" type="DEFAULT_VEHTYPE" speed="13.85" pos="57.17" lane="2/4to2/3_0" slope="0.00"/>
        <vehicle id="17" x="203.16" y="201.98" angle="-93.84" type="DEFAULT_VEHTYPE" speed="6.73" pos="1.65" lane=":1/1_4_0" slope="0.00"/>
        <vehicle id="18" x="209.24" y="401.65" angle="-90.00" type="DEFAULT_VEHTYPE" speed="3.14" pos="186.01" lane="2/2to1/2_0" slope="0.00"/>
        <vehicle id="19" x="201.65" y="365.53" angle="180.00" type="DEFAULT_VEHTYPE" speed="13.68" pos="160.78" lane="1/1to1/2_0" slope="0.00"/>
        <vehicle id="21" x="298.52" y="401.65" angle="-90.00" type="DEFAULT_VEHTYPE" speed="12.67" pos="96.73" lane="2/2to1/2_0" slope="0.00"/>
        <vehicle id="22" x="775.43" y="198.35" angle="90.00" type="DEFAULT_VEHTYPE" speed="13.80" pos="170.68" lane="3/1to4/1_0" slope="0.00"/>
        <vehicle id="24" x="401.65" y="609.90" angle="180.00" type="DEFAULT_VEHTYPE" speed="7.12" pos="5.15" lane="2/3to2/4_0" slope="0.00"/>
        <vehicle id="25" x="310.14" y="398.35" angle="90.00" type="DEFAULT_VEHTYPE" speed="13.89" pos="105.39" lane="1/2to2/2_0" slope="0.00"/>
        <vehicle id="26" x="401.65" y="709.18" angle="180.00" type="DEFAULT_VEHTYPE" speed="13.57" pos="104.43" lane="2/3to2/4_0" slope="0.00"/>
        <vehicle id="27" x="401.65" y="100.99" angle="180.00" type="DEFAULT_VEHTYPE" speed="12.62" pos="100.99" lane="2/0to2/1_0" slope="0.00"/>
        <vehicle id="28" x="201.65" y="225.74" angle="180.00" type="DEFAULT_VEHTYPE" speed="10.18" pos="20.99" lane="1/1to1/2_0" slope="0.00"/>
        <vehicle id="29" x="401.65" y="665.82" angle="180.00" type="DEFAULT_VEHTYPE" speed="12.68" pos="61.07" lane="2/3to2/4_0" slope="0.00"/>
        <vehicle id="30" x="390.51" y="398.35" angle="90.00" type="DEFAULT_VEHTYPE" speed="2.71" pos="185.76" lane="1/2to2/2_0" slope="0.00"/>
        <vehicle id="32" x="201.65" y="461.48" angle="180.00" type="DEFAULT_VEHTYPE" speed="13.08" pos="56.73" lane="1/2to1/3_0" slope="0.00"/>
        <vehicle id="35" x="380.61" y="401.65" angle="-90.00" type="DEFAULT_VEHTYPE" speed="12.94" pos="14.64" lane="2/2to1/2_0" slope="0.00"/>
        <vehicle id="36" x="581.14" y="398.35" angle="90.00" type="DEFAULT_VEHTYPE" speed="8.96" pos="176.39" lane="2/2to3/2_0" slope="0.00"/>
        <vehicle id="37" x="601.65" y="509.71" angle="180.00" type="DEFAULT_VEHTYPE" speed="12.70" pos="104.96" lane="3/2to3/3_0" slope="0.00"/>
        <vehicle id="38" x="550.13" y="398.35" angle="90.00" type="DEFAULT_VEHTYPE" speed="12.99" pos="145.38" lane="2/2to3/2_0" slope="0.00"/>
        <vehicle id="41" x="201.65" y="409.63" angle="180.00" type="DEFAULT_VEHTYPE" speed="13.37" pos="4.88" lane="1/2to1/3_0" slope="0.00"/>
        <vehicle id="44" x="393.66" y="598.35" angle="90.00" type="DEFAULT_VEHTYPE" speed="4.19" pos="188.91" lane="1/3to2/3_0" slope="0.00"/>
        <vehicle id="48" x="268.62" y="598.35" angle="90.00" type="DEFAULT_VEHTYPE" speed="13.68" pos="63.87" lane="1/3to2/3_0" slope="0.00"/>
        <vehicle id="49" x="598.35" y="508.66" angle="0.00" type="DEFAULT_VEHTYPE" speed="13.85" pos="86.59" lane="3/3to3/2_0" slope="0.00"/>
        <vehicle id="5" x="398.35" y="657.36" angle="0.00" type="DEFAULT_VEHTYPE" speed="13.21" pos="142.64" lane="2/4to2/3_0" slope="0.00"/>
        <vehicle id="7" x="174.42" y="398.35" angle="90.00" type="DEFAULT_VEHTYPE" speed="11.29" pos="174.42" lane="0/2to1/2_0" slope="0.00"/>
        <vehicle id="8" x="398.35" y="434.33" angle="0.00" type="DEFAULT_VEHTYPE" speed="13.85" pos="160.92" lane="2/3to2/2_0" slope="0.00"/>
    </timestep>
    <timestep time="119.00">
        <vehicle id="0" x="398.35" y="312.96" angle="0.00" type="DEFAULT_VEHTYPE" speed="12.61" pos="82.29" lane="2/2to2/1_0" slope="0.00"/>
        <vehicle id="1" x="652.80" y="201.65" angle="-90.00" type="DEFAULT_VEHTYPE" speed="13.33" pos="147.20" lane="4/1to3/1_0" slope="0.00"/>
        <vehicle id="15" x="398.35" y="729.69" angle="0.00" type="DEFAULT_VEHTYPE" speed="13.14" pos="70.31" lane="2/4to2/3_0" slope="0.00"/>
        <vehicle id="17" x="201.65" y="210.31" angle="180.00" type="DEFAULT_VEHTYPE" speed="8.91" pos="5.56" lane="1/1to1/2_0" slope="0.00"/>
        <vehicle id="18" x="204.76" y="401.65" angle="-90.00" type="DEFAULT_VEHTYPE" speed="4.48" pos="190.49" lane="2/2to1/2_0" slope="0.00"/>
        <vehicle id="19" x="201.65" y="379.40" angle="180.00" type="DEFAULT_VEHTYPE" speed="13.87" pos="174.65" lane="1/1to1/2_0" slope="0.00"/>
        <vehicle id="21" x="285.59" y="401.65" angle="-90.00" type="DEFAULT_VEHTYPE" speed="12.93" pos="109.66" lane="2/2to1/2_0" slope="0.00"/>
        <vehicle id="22" x="789.30" y="198.35" angle="90.00" type="DEFAULT_VEHTYPE" speed="13.87" pos="184.55" lane="3/1to4/1_0" slope="0.00"/>
        <vehicle id="24" x="401.65" y="618.65" angle="180.00" type="DEFAULT_VEHTYPE" speed="8.75" pos="13.90" lane="2/3to2/4_0" slope="0.00"/>
        <vehicle id="25" x="323.74" y="398.35" angle="90.00" type="DEFAULT_VEHTYPE" speed="13.60" pos="118.99" lane="1/2to2/2_0" slope="0.00"/>
        <vehicle id="26" x="401.65" y="722.05" angle="180.00" type="DEFAULT_VEHTYPE" speed="12.86" pos="117.30" lane="2/3to2/4_0" slope="0.00"/>
        <vehicle id="27" x="401.65" y="114.17" angle="180.00" type="DEFAULT_VEHTYPE" speed="13.18" pos="114.17" lane="2/0to2/1_0" slope="0.00"/>
        <vehicle id="28" x="201.65" y="238.33" angle="180.00" type="DEFAULT_VEHTYPE" speed="12.59" pos="33.58" lane="1/1to1/2_0" slope="0.00"/>
        <vehicle id="29" x="401.65" y="679.50" angle="180.00" type="DEFAULT_VEHTYPE" speed="13.68" pos="74.75" lane="2/3to2/4_0" slope="0.00"/>
        <vehicle id="30" x="392.16" y="398.35" angle="90.00" type="DEFAULT_VEHTYPE" speed="1.64" pos="187.41" lane="1/2to2/2_0" slope="0.00"/>
        <vehicle id="32" x="201.65" y="475.04" angle="180.00" type="DEFAULT_VEHTYPE" speed="13.56" pos="70.29" lane="1/2to1/3_0" slope="0.00"/>
        <vehicle id="35" x="366.97" y="401.65" angle="-90.00" type="DEFAULT_VEHTYPE" speed="13.63" pos="28.28" lane="2/2to1/2_0" slope="0.00"/>
        <vehicle id="36" x="587.59" y="398.35" angle="90.00" type="DEFAULT_VEHTYPE" speed="6.46" pos="182.84" lane="2/2to3/2_0" slope="0.00"/>
        <vehicle id="37" x="601.65" y="522.50" angle="180.00" type="DEFAULT_VEHTYPE" speed="12.79" pos="117.75" lane="3/2to3/3_0" slope="0.00"/>
        <vehicle id="38" x="563.25" y="398.35" angle="90.00" type="DEFAULT_VEHTYPE" speed="13.12" pos="158.50" lane="2/2to3/2_0" slope="0.00"/>
        <vehicle id="41" x="201.65" y="423.41" angle="180.00" type="DEFAULT_VEHTYPE" speed="13.78" pos="18.66" lane="1/2to1/3_0" slope="0.00"/>
        <vehicle id="44" x="399.05" y="599.35" angle="101.78" type="DEFAULT_VEHTYPE" speed="5.59" pos="4.00" lane=":2/3_14_0" slope="0.00"/>
        <vehicle id="48" x="281.32" y="598.35" angle="90.00" type="DEFAULT_VEHTYPE" speed="12.70" pos="76.57" lane="1/3to2/3_0" slope="0.00"/>
        <vehicle id="49" x="598.35" y="495.09" angle="0.00" type="DEFAULT_VEHTYPE" speed="13.57" pos="100.16" lane="3/3to3/2_0" slope="0.00"/>
        <vehicle id="5" x="398.35" y="643.52" angle="0.00" type="DEFAULT_VEHTYPE" speed="13.84" pos="156.48" lane="2/4to2/3_0" slope="0.00"/>
        <vehicle id="7" x="182.38" y="398.35" angle="90.00" type="DEFAULT_VEHTYPE" speed="7.96" pos="182.38" lane="0/2to1/2_0" slope="0.00"/>
        <vehicle id="8" x="398.35" y="420.46" angle="0.00" type="DEFAULT_VEHTYPE" speed="13.87" pos="174.79" lane="2/3to2/2_0" slope="0.00"/>
    </timestep>
    <timestep time="120.00">
        <vehicle id="0" x="398.35" y="299.88" angle="0.00" type="DEFAULT_VEHTYPE" speed="13.08" pos="95.37" lane="2/2to2/1_0" slope="0.00"/>
        <vehicle id="1" x="639.99" y="201.65" angle="-90.00" type="DEFAULT_VEHTYPE" speed="12.81" pos="160.01" lane="4/1to3/1_0" slope="0.00"/>
        <vehicle id="15" x="398.35" y="715.94" angle="0.00" type="DEFAULT_VEHTYPE" speed="13.76" pos="84.06" lane="2/4to2/3_0" slope="0.00"/>
        <vehicle id="17" x="201.65" y="220.58" angle="180.00" type="DEFAULT_VEHTYPE" speed="10.27" pos="15.83" lane="1/1to1/2_0" slope="0.00"/>
        <vehicle id="18" x="198.76" y="401.65" angle="-90.00" type="DEFAULT_VEHTYPE" speed="6.00" pos="5.99" lane=":1/2_5_0" slope="0.00"/>
        <vehicle id="19" x="201.65" y="392.62" angle="180.00" type="DEFAULT_VEHTYPE" speed="13.22" pos="187.87" lane="1/1to1/2_0" slope="0.00"/>
        <vehicle id="21" x="272.51" y="401.65" angle="-90.00" type="DEFAULT_VEHTYPE" speed="13.08" pos="122.74" lane="2/2to1/2_0" slope="0.00"/>
        <vehicle id="22" x="801.52" y="200.25" angle="116.38" type="DEFAULT_VEHTYPE" speed="13.39" pos="2.69" lane=":4/1_0_0" slope="0.00"/>
        <vehicle id="24" x="401.65" y="629.29" angle="180.00" type="DEFAULT_VEHTYPE" speed="10.64" pos="24.54" lane="2/3to2/4_0" slope="0.00"/>
        <vehicle id="25" x="337.10" y="398.35" angle="90.00" type="DEFAULT_VEHTYPE" speed="13.36" pos="132.35" lane="1/2to2/2_0" slope="0.00"/>
        <vehicle id="26" x="401.65" y="735.28" angle="180.00" type="DEFAULT_VEHTYPE" speed="13.23" pos="130.53" lane="2/3to2/4_0" slope="0.00"/>
        <vehicle id="27" x="401.65" y="126.92" angle="180.00" type="DEFAULT_VEHTYPE" speed="12.75" pos="126.92" lane="2/0to2/1_0" slope="0.00"/>
        <vehicle id="28" x="201.65" y="251.59" angle="180.00" type="DEFAULT_VEHTYPE" speed="13.26" pos="46.84" lane="1/1to1/2_0" slope="0.00"/>
        <vehicle id="29" x="401.65" y="693.09" angle="180.00" type="DEFAULT_VEHTYPE" speed="13.59" pos="88.34" lane="2/3to2/4_0" slope="0.00"/>
        <vehicle id="30" x="392.65" y="398.35" angle="90.00" type="DEFAULT_VEHTYPE" speed="0.49" pos="187.90" lane="1/2to2/2_0" slope="0.00"/>
        <vehicle id="32" x="201.65" y="488.07" angle="180.00" type="DEFAULT_VEHTYPE" speed="13.03" pos="83.32" lane="1/2to1/3_0" slope="0.00"/>
        <vehicle id="35" x="354.26" y="401.65" angle="-90.00" type="DEFAULT_VEHTYPE" speed="12.72" pos="40.99" lane="2/2to1/2_0" slope="0.00"/>
        <vehicle id="36" x="590.25" y="398.35" angle="90.00" type="DEFAULT_VEHTYPE" speed="2.66" pos="185.50" lane="2/2to3/2_0" slope="0.00"/>
        <vehicle id="37" x="601.65" y="535.79" angle="180.00" type="DEFAULT_VEHTYPE" speed="13.29" pos="131.04" lane="3/2to3/3_0" slope="0.00"/>
        <vehicle id="38" x="572.83" y="398.35" angle="90.00" type="DEFAULT_VEHTYPE" speed="9.58" pos="168.08" lane="2/2to3/2_0" slope="0.00"/>
        <vehicle id="41" x="201.65" y="437.02" angle="180.00" type="DEFAULT_VEHTYPE" speed="13.61" pos="32.27" lane="1/2to1/3_0" slope="0.00"/>
        <vehicle id="44" x="401.65" y="605.66" angle="167.65" type="DEFAULT_VEHTYPE" speed="7.23" pos="0.91" lane="2/3to2/4_0" slope="0.00"/>
        <vehicle id="48" x="294.66" y="598.35" angle="90.00" type="DEFAULT_VEHTYPE" speed="13.34" pos="89.91" lane="1/3to2/3_0" slope="0.00"/>
        <vehicle id="49" x="598.35" y="481.48" angle="0.00" type="DEFAULT_VEHTYPE" speed="13.62" pos="113.77" lane="3/3to3/2_0" slope="0.00"/>
        <vehicle id="5" x="398.35" y="629.71" angle="0.00" type="DEFAULT_VEHTYPE" speed="13.81" pos="170.29" lane="2/4to2/3_0" slope="0.00"/>
        <vehicle id="7" x="187.58" y="398.35" angle="90.00" type="DEFAULT_VEHTYPE" speed="5.20" pos="187.58" lane="0/2to1/2_0" slope="0.00"/>
        <vehicle id="8" x="398.35" y="407.44" angle="0.00" type="DEFAULT_VEHTYPE" speed="13.02" pos="187.81" lane="2/3to2/2_0" slope="0.00"/>
    </timestep>
    <timestep time="121.00">
        <vehicle id="0" x="398.35" y="286.23" angle="0.00" type="DEFAULT_VEHTYPE" speed="13.65" pos="109.02" lane="2/2to2/1_0" slope="0.00"/>
        <vehicle id="1" x="627.07" y="201.65" angle="-90.00" type="DEFAULT_VEHTYPE" speed="12.92" pos="172.93" lane="4/1to3/1_0" slope="0.00"/>
        <vehicle id="15" x="398.35" y="703.29" angle="0.00" type="DEFAULT_VEHTYPE" speed="12.65" pos="96.71" lane="2/4to2/3_0" slope="0.00"/>
        <vehicle id="17" x="201.65" y="232.73" angle="180.00" type="DEFAULT_VEHTYPE" speed="12.15" pos="27.98" lane="1/1to1/2_0" slope="0.00"/>
        <vehicle id="18" x="190.31" y="401.65" angle="-90.00" type="DEFAULT_VEHTYPE" speed="8.45" pos="4.94" lane="1/2to0/2_0" slope="0.00"/>
        <vehicle id="21" x="258.64" y="401.65" angle="-90.00" type="DEFAULT_VEHTYPE" speed="13.86" pos="136.61" lane="2/2to1/2_0" slope="0.00"/>
        <vehicle id="22" x="788.71" y="201.65" angle="-90.00" type="DEFAULT_VEHTYPE" speed="13.42" pos="11.29" lane="4/1to3/1_0" slope="0.00"/>
        <vehicle id="24" x="401.65" y="642.15" angle="180.00" type="DEFAULT_VEHTYPE" speed="12.87" pos="37.40" lane="2/3to2/4_0" slope="0.00"/>
        <vehicle id="25" x="350.05" y="398.35" angle="90.00" type="DEFAULT_VEHTYPE" speed="12.95" pos="145.30" lane="1/2to2/2_0" slope="0.00"/>
        <vehicle id="26" x="401.65" y="748.33" angle="180.00" type="DEFAULT_VEHTYPE" speed="13.05" pos="143.58" lane="2/3to2/4_0" slope="0.00"/>
        <vehicle id="27" x="401.65" y="139.82" angle="180.00" type="DEFAULT_VEHTYPE" speed="12.90" pos="139.82" lane="2/0to2/1_0" slope="0.00"/>
        <vehicle id="28" x="201.65" y="265.37" angle="180.00" type="DEFAULT_VEHTYPE" speed="13.77" pos="60.62" lane="1/1to1/2_0" slope="0.00"/>
        <vehicle id="29" x="401.65" y="706.44" angle="180.00" type="DEFAULT_VEHTYPE" speed="13.35" pos="101.69" lane="2/3to2/4_0" slope="0.00"/>
        <vehicle id="30" x="392.74" y="398.35" angle="90.00" type="DEFAULT_VEHTYPE" speed="0.09" pos="187.99" lane="1/2to2/2_0" slope="0.00"/>
        <vehicle id="32" x="201.65" y="501.31" angle="180.00" type="DEFAULT_VEHTYPE" speed="13.24" pos="96.56" lane="1/2to1/3_0" slope="0.00"/>
        <vehicle id="35" x="340.70" y="401.65" angle="-90.00" type="DEFAULT_VEHTYPE" speed="13.56" pos="54.55" lane="2/2to1/2_0" slope="0.00"/>
        <vehicle id="36" x="595.02" y="398.35" angle="90.00" type="DEFAULT_VEHTYPE" speed="4.77" pos="190.27" lane="2/2to3/2_0" slope="0.00"/>
        <vehicle id="37" x="601.65" y="549.61" angle="180.00" type="DEFAULT_VEHTYPE" speed="13.82" pos="144.86" lane="3/2to3/3_0" slope="0.00"/>
        <vehicle id="38" x="578.09" y="398.35" angle="90.00" type="DEFAULT_VEHTYPE" speed="5.26" pos="173.34" lane="2/2to3/2_0" slope="0.00"/>
        <vehicle id="41" x="201.65" y="450.57" angle="180.00" type="DEFAULT_VEHTYPE" speed="13.55" pos="45.82" lane="1/2to1/3_0" slope="0.00"/>
        <vehicle id="44" x="401.65" y="615.12" angle="180.00" type="DEFAULT_VEHTYPE" speed="9.46" pos="10.37" lane="2/3to2/4_0" slope="0.00"/>
        <vehicle id="48" x="307.94" y="598.35" angle="90.00" type="DEFAULT_VEHTYPE" speed="13.28" pos="103.19" lane="1/3to2/3_0" slope="0.00"/>
        <vehicle id="49" x="598.35" y="467.72" angle="0.00" type="DEFAULT_VEHTYPE" speed="13.76" pos="127.53" lane="3/3to3/2_0" slope="0.00"/>
        <vehicle id="5" x="398.35" y="616.47" angle="0.00" type="DEFAULT_VEHTYPE" speed="13.24" pos="183.53" lane="2/4to2/3_0" slope="0.00"/>
        <vehicle id="7" x="190.67" y="398.35" angle="90.00" type="DEFAULT_VEHTYPE" speed="3.08" pos="190.67" lane="0/2to1/2_0" slope="0.00"/>
        <vehicle id="8" x="398.35" y="394.16" angle="0.00" type="DEFAULT_VEHTYPE" speed="13.28" pos="1.09" lane="2/2to2/1_0" slope="0.00"/>
    </timestep>
    <timestep time="122.00">
        <vehicle id="0" x="398.35" y="272.42" angle="0.00" type="DEFAULT_VEHTYPE" speed="13.81" pos="122.83" lane="2/2to2/1_0" slope="0.00"/>
        <vehicle id="1" x="618.19" y="201.65" angle="-90.00" type="DEFAULT_VEHTYPE" speed="8.88" pos="181.81" lane="4/1to3/1_0" slope="0.00"/>
        <vehicle id="15" x="398.35" y="690.27" angle="0.00" type="DEFAULT_VEHTYPE" speed="13.02" pos="109.73" lane="2/4to2/3_0" slope="0.00"/>
        <vehicle id="17" x="201.65" y="246.55" angle="180.00" type="DEFAULT_VEHTYPE" speed="13.82" pos="41.80" lane="1/1to1/2_0" slope="0.00"/>
        <vehicle id="18" x="179.70" y="401.65" angle="-90.00" type="DEFAULT_VEHTYPE" speed="10.61" pos="15.55" lane="1/2to0/2_0" slope="0.00"/>
        <vehicle id="21" x="245.69" y="401.65" angle="-90.00" type="DEFAULT_VEHTYPE" speed="12.96" pos="149.56" lane="2/2to1/2_0" slope="0.00"/>
        <vehicle id="22" x="775.94" y="201.65" angle="-90.00" type="DEFAULT_VEHTYPE" speed="12.77" pos="24.06" lane="4/1to3/1_0" slope="0.00"/>
        <vehicle id="24" x="401.65" y="655.56" angle="180.00" type="DEFAULT_VEHTYPE" speed="13.41" pos="50.81" lane="2/3to2/4_0" slope="0.00"/>
        <vehicle id="25" x="362.89" y="398.35" angle="90.00" type="DEFAULT_VEHTYPE" speed="12.84" pos="158.14" lane="1/2to2/2_0" slope="0.00"/>
        <vehicle id="26" x="401.65" y="761.90" angle="180.00" type="DEFAULT_VEHTYPE" speed="13.57" pos="157.15" lane="2/3to2/4_0" slope="0.00"/>
        <vehicle id="27" x="401.65" y="152.62" angle="180.00" type="DEFAULT_VEHTYPE" speed="12.81" pos="152.62" lane="2/0to2/1_0" slope="0.00"/>
        <vehicle id="28" x="201.65" y="279.26" angle="180.00" type="DEFAULT_VEHTYPE" speed="13.90" pos="74.51" lane="1/1to1/2_0" slope="0.00"/>
        <vehicle id="29" x="401.65" y="719.15" angle="180.00" type="DEFAULT_VEHTYPE" speed="12.71" pos="114.40" lane="2/3to2/4_0" slope="0.00"/>
        <vehicle id="30" x="394.49" y="398.35" angle="90.00" type="DEFAULT_VEHTYPE" speed="1.76" pos="189.74" lane="1/2to2/2_0" slope="0.00"/>
        <vehicle id="32" x="201.65" y="514.37" angle="180.00" type="DEFAULT_VEHTYPE" speed="13.05" pos="109.62" lane="1/2to1/3_0" slope="0.00"/>
        <vehicle id="35" x="326.88" y="401.65" angle="-90.00" type="DEFAULT_VEHTYPE" speed="13.82" pos="68.37" lane="2/2to1/2_0" slope="0.00"/>
        <vehicle id="36" x="600.83" y="401.25" angle="124.19" type="DEFAULT_VEHTYPE" speed="6.91" pos="6.68" lane=":3/2_14_0" slope="0.00"/>
        <vehicle id="37" x="601.65" y="562.87" angle="180.00" type="DEFAULT_VEHTYPE" speed="13.26" pos="158.12" lane="3/2to3/3_0" slope="0.00"/>
        <vehicle id="38" x="584.27" y="398.35" angle="90.00" type="DEFAULT_VEHTYPE" speed="6.18" pos="179.52" lane="2/2to3/2_0" slope="0.00"/>
        <vehicle id="41" x="201.65" y="464.45" angle="180.00" type="DEFAULT_VEHTYPE" speed="13.88" pos="59.70" lane="1/2to1/3_0" slope="0.00"/>
        <vehicle id="44" x="401.65" y="626.04" angle="180.00" type="DEFAULT_VEHTYPE" speed="10.92" pos="21.29" lane="2/3to2/4_0" slope="0.00"/>
        <vehicle id="48" x="320.59" y="598.35" angle="90.00" type="DEFAULT_VEHTYPE" speed="12.65" pos="115.84" lane="1/3to2/3_0" slope="0.00"/>
        <vehicle id="49" x="598.35" y="454.86" angle="0.00" type="DEFAULT_VEHTYPE" speed="12.86" pos="140.39" lane="3/3to3/2_0" slope="0.00"/>
        <vehicle id="5" x="398.35" y="603.36" angle="0.00" type="DEFAULT_VEHTYPE" speed="13.12" pos="1.39" lane=":2/3_1_0" slope="0.00"/>
        <vehicle id="7" x="195.07" y="398.35" angle="90.00" type="DEFAULT_VEHTYPE" speed="4.40" pos="195.07" lane="0/2to1/2_0" slope="0.00"/>
        <vehicle id="8" x="398.35" y="380.55" angle="0.00" type="DEFAULT_VEHTYPE" speed="13.61" pos="14.70" lane="2/2to2/1_0" slope="0.00"/>
    </timestep>
    <timestep time="123.00">
        <vehicle id="0" x="398.35" y="259.25" angle="0.00" type="DEFAULT_VEHTYPE" speed="13.17" pos="136.00" lane="2/2to2/1_0" slope="0.00"/>
        <vehicle id="1" x="612.15" y="201.65" angle="-90.00" type="DEFAULT_VEHTYPE" speed="6.05" pos="187.85" lane="4/1to3/1_0" slope="0.00"/>
        <vehicle id="15" x="398.35" y="677.17" angle="0.00" type="DEFAULT_VEHTYPE" speed="13.10" pos="122.83" lane="2/4to2/3_0" slope="0.00"/>
        <vehicle id="17" x="201.65" y="259.51" angle="180.00" type="DEFAULT_VEHTYPE" speed="12.96" pos="54.76" lane="1/1to1/2_0" slope="0.00"/>
        <vehicle id="18" x="167.29" y="401.65" angle="-90.00" type="DEFAULT_VEHTYPE" speed="12.40" pos="27.96" lane="1/2to0/2_0" slope="0.00"/>
        <vehicle id="21" x="233.00" y="401.65" angle="-90.00" type="DEFAULT_VEHTYPE" speed="12.69" pos="162.25" lane="2/2to1/2_0" slope="0.00"/>
        <vehicle id="22" x="763.31" y="201.65" angle="-90.00" type="DEFAULT_VEHTYPE" speed="12.63" pos="36.69" lane="4/1to3/1_0" slope="0.00"/>
        <vehicle id="24" x="401.65" y="669.43" angle="180.00" type="DEFAULT_VEHTYPE" speed="13.87" pos="64.68" lane="2/3to2/4_0" slope="0.00"/>
        <vehicle id="25" x="373.42" y="398.35" angle="90.00" type="DEFAULT_VEHTYPE" speed="10.54" pos="168.67" lane="1/2to2/2_0" slope="0.00"/>
        <vehicle id="26" x="401.65" y="775.61" angle="180.00" type="DEFAULT_VEHTYPE" speed="13.71" pos="170.86" lane="2/3to2/4_0" slope="0.00"/>
        <vehicle id="27" x="401.65" y="166.15" angle="180.00" type="DEFAULT_VEHTYPE" speed="13.52" pos="166.15" lane="2/0to2/1_0" slope="0.00"/>
        <vehicle id="28" x="201.65" y="292.88" angle="180.00" type="DEFAULT_VEHTYPE" speed="13.61" pos="88.13" lane="1/1to1/2_0" slope="0.00"/>
        <vehicle id="29" x="401.65" y="732.15" angle="180.00" type="DEFAULT_VEHTYPE" speed="13.00" pos="127.40" lane="2/3to2/4_0" slope="0.00"/>
        <vehicle id="30" x="397.56" y="398.35" angle="90.00" type="DEFAULT_VEHTYPE" speed="3.07" pos="2.31" lane=":2/2_13_0" slope="0.00"/>
        <vehicle id="32" x="201.65" y="527.25" angle="180.00" type="DEFAULT_VEHTYPE" speed="12.89" pos="122.50" lane="1/2to1/3_0" slope="0.00"/>
        <vehicle id="35" x="313.63" y="401.65" angle="-90.00" type="DEFAULT_VEHTYPE" speed="13.25" pos="81.62" lane="2/2to1/2_0" slope="0.00"/>
        <vehicle id="36" x="601.65" y="410.43" angle="180.00" type="DEFAULT_VEHTYPE" speed="9.32" pos="5.68" lane="3/2to3/3_0" slope="0.00"/>
        <vehicle id="37" x="601.65" y="575.59" angle="180.00" type="DEFAULT_VEHTYPE" speed="12.72" pos="170.84" lane="3/2to3/3_0" slope="0.00"/>
        <vehicle id="38" x="588.47" y="398.35" angle="90.00" type="DEFAULT_VEHTYPE" speed="4.20" pos="183.72" lane="2/2to3/2_0" slope="0.00"/>
        <vehicle id="41" x="201.65" y="477.62" angle="180.00" type="DEFAULT_VEHTYPE" speed="13.17" pos="72.87" lane="1/2to1/3_0" slope="0.00"/>
        <vehicle id="44" x="401.65" y="639.14" angle="180.00" type="DEFAULT_VEHTYPE" speed="13.10" pos="34.39" lane="2/3to2/4_0" slope="0.00"/>
        <vehicle id="48" x="333.21" y="598.35" angle="90.00" type="DEFAULT_VEHTYPE" speed="12.62" pos="128.46" lane="1/3to2/3_0" slope="0.00"/>
        <vehicle id="49" x="598.35" y="441.04" angle="0.00" type="DEFAULT_VEHTYPE" speed="13.83" pos="154.21" lane="3/3to3/2_0" slope="0.00"/>
        <vehicle id="5" x="398.35" y="590.58" angle="0.00" type="DEFAULT_VEHTYPE" speed="12.77" pos="4.67" lane="2/3to2/2_0" slope="0.00"/>
        <vehicle id="7" x="200.39" y="400.52" angle="115.39" type="DEFAULT_VEHTYPE" speed="6.01" pos="5.83" lane=":1/2_14_0" slope="0.00"/>
        <vehicle id="8" x="398.35" y="366.84" angle="0.00" type="DEFAULT_VEHTYPE" speed="13.71" pos="28.41" lane="2/2to2/1_0" slope="0.00"/>
    </timestep>
    <timestep time="124.00">
        <vehicle id="0" x="398.35" y="245.51" angle="0.00" type="DEFAULT_VEHTYPE" speed="13.74" pos="149.74" lane="2/2to2/1_0" slope="0.00"/>
        <vehicle id="1" x="609.56" y="201.65" angle="-90.00" type="DEFAULT_VEHTYPE" speed="2.58" pos="190.44" lane="4/1to3/1_0" slope="0.00"/>
        <vehicle id="15" x="398.35" y="663.42" angle="0.00" type="DEFAULT_VEHTYPE" speed="13.75" pos="136.58" lane="2/4to2/3_0" slope="0.00"/>
        <vehicle id="17" x="201.65" y="273.08" angle="180.00" type="DEFAULT_VEHTYPE" speed="13.57" pos="68.33" lane="1/1to1/2_0" slope="0.00"/>
        <vehicle id="18" x="154.07" y="401.65" angle="-90.00" type="DEFAULT_VEHTYPE" speed="13.22" pos="41.18" lane="1/2to0/2_0" slope="0.00"/>
        <vehicle id="21" x="221.89" y="401.65" angle="-90.00" type="DEFAULT_VEHTYPE" speed="11.11" pos="173.36" lane="2/2to1/2_0" slope="0.00"/>
        <vehicle id="22" x="749.70" y="201.65" angle="-90.00" type="DEFAULT_VEHTYPE" speed="13.61" pos="50.30" lane="4/1to3/1_0" slope="0.00"/>
        <vehicle id="24" x="401.65" y="682.33" angle="180.00" type="DEFAULT_VEHTYPE" speed="12.90" pos="77.58" lane="2/3to2/4_0" slope="0.00"/>
        <vehicle id="25" x="381.90" y="398.35" angle="90.00" type="DEFAULT_VEHTYPE" speed="8.48" pos="177.15" lane="1/2to2/2_0" slope="0.00"/>
        <vehicle id="26" x="401.65" y="788.93" angle="180.00" type="DEFAULT_VEHTYPE" speed="13.32" pos="184.18" lane="2/3to2/4_0" slope="0.00"/>
        <vehicle id="27" x="401.65" y="179.76" angle="180.00" type="DEFAULT_VEHTYPE" speed="13.61" pos="179.76" lane="2/0to2/1_0" slope="0.00"/>
        <vehicle id="28" x="201.65" y="306.56" angle="180.00" type="DEFAULT_VEHTYPE" speed="13.68" pos="101.81" lane="1/1to1/2_0" slope="0.00"/>
        <vehicle id="29" x="401.65" y="745.31" angle="180.00" type="DEFAULT_VEHTYPE" speed="13.16" pos="140.56" lane="2/3to2/4_0" slope="0.00"/>
        <vehicle id="30" x="402.17" y="398.35" angle="90.00" type="DEFAULT_VEHTYPE" speed="4.61" pos="6.92" lane=":2/2_13_0" slope="0.00"/>
        <vehicle id="32" x="201.65" y="540.59" angle="180.00" type="DEFAULT_VEHTYPE" speed="13.34" pos="135.84" lane="1/2to1/3_0" slope="0.00"/>
        <vehicle id="35" x="300.14" y="401.65" angle="-90.00" type="DEFAULT_VEHTYPE" speed="13.49" pos="95.11" lane="2/2to1/2_0" slope="0.00"/>
        <vehicle id="36" x="601.65" y="421.33" angle="180.00" type="DEFAULT_VEHTYPE" speed="10.90" pos="16.58" lane="3/2to3/3_0" slope="0.00"/>
        <vehicle id="37" x="601.65" y="588.98" angle="180.00" type="DEFAULT_VEHTYPE" speed="13.38" pos="184.23" lane="3/2to3/3_0" slope="0.00"/>
        <vehicle id="38" x="594.64" y="398.35" angle="90.00" type="DEFAULT_VEHTYPE" speed="6.17" pos="189.89" lane="2/2to3/2_0" slope="0.00"/>
        <vehicle id="41" x="201.65" y="490.58" angle="180.00" type="DEFAULT_VEHTYPE" speed="12.96" pos="85.83" lane="1/2to1/3_0" slope="0.00"/>
        <vehicle id="44" x="401.65" y="652.38" angle="180.00" type="DEFAULT_VEHTYPE" speed="13.24" pos="47.63" lane="2/3to2/4_0" slope="0.00"/>
        <vehicle id="48" x="346.40" y="598.35" angle="90.00" type="DEFAULT_VEHTYPE" speed="13.18" pos="141.65" lane="1/3to2/3_0" slope="0.00"/>
        <vehicle id="49" x="598.35" y="428.37" angle="0.00" type="DEFAULT_VEHTYPE" speed="12.66" pos="166.88" lane="3/3to3/2_0" slope="0.00"/>
        <vehicle id="5" x="398.35" y="577.79" angle="0.00" type="DEFAULT_VEHTYPE" speed="12.80" pos="17.46" lane="2/3to2/2_0" slope="0.00"/>
        <vehicle id="7" x="201.65" y="408.07" angle="177.27" type="DEFAULT_VEHTYPE" speed="7.82" pos="3.32" lane="1/2to1/3_0" slope="0.00"/>
        <vehicle id="8" x="398.35" y="353.48" angle="0.00" type="DEFAULT_VEHTYPE" speed="13.36" pos="41.77" lane="2/2to2/1_0" slope="0.00"/>
    </timestep>
    <timestep time="125.00">
        <vehicle id="0" x="398.35" y="231.86" angle="0.00" type="DEFAULT_VEHTYPE" speed="13.65" pos="163.39" lane="2/2to2/1_0" slope="0.00"/>
        <vehicle id="1" x="605.17" y="201.65" angle="-90.00" type="DEFAULT_VEHTYPE" speed="4.39" pos="194.83" lane="4/1to3/1_0" slope="0.00"/>
        <vehicle id="15" x="398.35" y="649.62" angle="0.00" type="DEFAULT_VEHTYPE" speed="13.80" pos="150.38" lane="2/4to2/3_0" slope="0.00"/>
        <vehicle id="17" x="201.65" y="285.96" angle="180.00" type="DEFAULT_VEHTYPE" speed="12.88" pos="81.21" lane="1/1to1/2_0" slope="0.00"/>
        <vehicle id="18" x="140.50" y="401.65" angle="-90.00" type="DEFAULT_VEHTYPE" speed="13.57" pos="54.75" lane="1/2to0/2_0" slope="0.00"/>
        <vehicle id="21" x="215.19" y="401.65" angle="-90.00" type="DEFAULT_VEHTYPE" speed="6.70" pos="180.06" lane="2/2to1/2_0" slope="0.00"/>
        <vehicle id="22" x="737.08" y="201.65" angle="-90.00" type="DEFAULT_VEHTYPE" speed="12.62" pos="62.92" lane="4/1to3/1_0" slope="0.00"/>
        <vehicle id="24" x="401.65" y="695.84" angle="180.00" type="DEFAULT_VEHTYPE" speed="13.51" pos="91.09" lane="2/3to2/4_0" slope="0.00"/>
        <vehicle id="25" x="392.29" y="398.35" angle="90.00" type="DEFAULT_VEHTYPE" speed="10.39" pos="187.54" lane="1/2to2/2_0" slope="0.00"/>
        <vehicle id="26" x="399.71" y="801.50" angle="-152.74" type="DEFAULT_VEHTYPE" speed="13.81" pos="2.74" lane=":2/4_0_0" slope="0.00"/>
        <vehicle id="27" x="401.65" y="193.39" angle="180.00" type="DEFAULT_VEHTYPE" speed="13.63" pos="193.39" lane="2/0to2/1_0" slope="0.00"/>
        <vehicle id="28" x="201.65" y="320.38" angle="180.00" type="DEFAULT_VEHTYPE" speed="13.82" pos="115.63" lane="1/1to1/2_0" slope="0.00"/>
        <vehicle id="29" x="401.65" y="759.08" angle="180.00" type="DEFAULT_VEHTYPE" speed="13.77" pos="154.33" lane="2/3to2/4_0" slope="0.00"/>
        <vehicle id="30" x="408.28" y="398.35" angle="90.00" type="DEFAULT_VEHTYPE" speed="6.11" pos="3.53" lane="2/2to3/2_0" slope="0.00"/>
        <vehicle id="32" x="201.65" y="554.38" angle="180.00" type="DEFAULT_VEHTYPE" speed="13.79" pos="149.63" lane="1/2to1/3_0" slope="0.00"/>
        <vehicle id="35" x="286.38" y="401.65" angle="-90.00" type="DEFAULT_VEHTYPE" speed="13.76" pos="108.87" lane="2/2to1/2_0" slope="0.00"/>
        <vehicle id="36" x="601.65" y="434.05" angle="180.00" type="DEFAULT_VEHTYPE" speed="12.72" pos="29.30" lane="3/2to3/3_0" slope="0.00"/>
        <vehicle id="37" x="607.09" y="598.35" angle="100.82" type="DEFAULT_VEHTYPE" speed="13.62" pos="2.34" lane="3/3to4/3_0" slope="0.00"/>
        <vehicle id="38" x="592.02" y="401.65" angle="-103.24" type="DEFAULT_VEHTYPE" speed="8.65" pos="3.23" lane="3/2to2/2_0" slope="0.00"/>
        <vehicle id="41" x="201.65" y="504.39" angle="180.00" type="DEFAULT_VEHTYPE" speed="13.81" pos="99.64" lane="1/2to1/3_0" slope="0.00"/>
        <vehicle id="44" x="401.65" y="665.77" angle="180.00" type="DEFAULT_VEHTYPE" speed="13.39" pos="61.02" lane="2/3to2/4_0" slope="0.00"/>
        <vehicle id="48" x="360.10" y="598.35" angle="90.00" type="DEFAULT_VEHTYPE" speed="13.70" pos="155.35" lane="1/3to2/3_0" slope="0.00"/>
        <vehicle id="49" x="598.35" y="415.68" angle="0.00" type="DEFAULT_VEHTYPE" speed="12.70" pos="179.57" lane="3/3to3/2_0" slope="0.00"/>
        <vehicle id="5" x="398.35" y="564.54" angle="0.00" type="DEFAULT_VEHTYPE" speed="13.25" pos="30.71" lane="2/3to2/2_0" slope="0.00"/>
        <vehicle id="7" x="201.65" y="417.43" angle="180.00" type="DEFAULT_VEHTYPE" speed="9.36" pos="12.68" lane="1/2to1/3_0" slope="0.00"/>
        <vehicle id="8" x="398.35" y="340.26" angle="0.00" type="DEFAULT_VEHTYPE" speed="13.22" pos="54.99" lane="2/2to2/1_0" slope="0.00"/>
    </timestep>
    <timestep time="126.00">
        <vehicle id="0" x="398.35" y="218.92" angle="0.00" type="DEFAULT_VEHTYPE" speed="12.94" pos="176.33" lane="2/2to2/1_0" slope="0.00"/>
        <vehicle id="1" x="601.65" y="205.61" angle="-149.65" type="DEFAULT_VEHTYPE" speed="6.28" pos="0.86" lane="3/1to3/2_0" slope="0.00"/>
        <vehicle id="15" x="398.35" y="635.79" angle="0.00" type="DEFAULT_VEHTYPE" speed="13.82" pos="164.21" lane="2/4to2/3_0" slope="0.00"/>
        <vehicle id="17" x="201.65" y="299.28" angle="180.00" type="DEFAULT_VEHTYPE" speed="13.32" pos="94.53" lane="1/1to1/2_0" slope="0.00"/>
        <vehicle id="18" x="127.60" y="401.65" angle="-90.00" type="DEFAULT_VEHTYPE" speed="12.90" pos="67.65" lane="1/2to0/2_0" slope="0.00"/>
        <vehicle id="21" x="210.18" y="401.65" angle="-90.00" type="DEFAULT_VEHTYPE" speed="5.01" pos="185.07" lane="2/2to1/2_0" slope="0.00"/>
        <vehicle id="22" x="723.31" y="201.65" angle="-90.00" type="DEFAULT_VEHTYPE" speed="13.77" pos="76.69" lane="4/1to3/1_0" slope="0.00"/>
        <vehicle id="24" x="401.65" y="708.58" angle="180.00" type="DEFAULT_VEHTYPE" speed="12.74" pos="103.83" lane="2/3to2/4_0" slope="0.00"/>
        <vehicle id="26" x="398.35" y="789.44" angle="0.00" type="DEFAULT_VEHTYPE" speed="12.65" pos="10.56" lane="2/4to2/3_0" slope="0.00"/>
        <vehicle id="28" x="201.65" y="334.20" angle="180.00" type="DEFAULT_VEHTYPE" speed="13.82" pos="129.45" lane="1/1to1/2_0" slope="0.00"/>
        <vehicle id="29" x="401.65" y="772.82" angle="180.00" type="DEFAULT_VEHTYPE" speed="13.74" pos="168.07" lane="2/3to2/4_0" slope="0.00"/>
        <vehicle id="30" x="416.39" y="398.35" angle="90.00" type="DEFAULT_VEHTYPE" speed="8.11" pos="11.64" lane="2/2to3/2_0" slope="0.00"/>
        <vehicle id="32" x="201.65" y="568.20" angle="180.00" type="DEFAULT_VEHTYPE" speed="13.82" pos="163.45" lane="1/2to1/3_0" slope="0.00"/>
        <vehicle id="35" x="272.79" y="401.65" angle="-90.00" type="DEFAULT_VEHTYPE" speed="13.59" pos="122.46" lane="2/2to1/2_0" slope="0.00"/>
        <vehicle id="36" x="601.65" y="446.73" angle="180.00" type="DEFAULT_VEHTYPE" speed="12.68" pos="41.98" lane="3/2to3/3_0" slope="0.00"/>
        <vehicle id="37" x="620.74" y="598.35" angle="90.00" type="DEFAULT_VEHTYPE" speed="13.65" pos="15.99" lane="3/3to4/3_0" slope="0.00"/>
        <vehicle id="38" x="581.87" y="401.65" angle="-90.00" type="DEFAULT_VEHTYPE" speed="10.15" pos="13.38" lane="3/2to2/2_0" slope="0.00"/>
        <vehicle id="41" x="201.65" y="517.97" angle="180.00" type="DEFAULT_VEHTYPE" speed="13.58" pos="113.22" lane="1/2to1/3_0" slope="0.00"/>
        <vehicle id="44" x="401.65" y="678.96" angle="180.00" type="DEFAULT_VEHTYPE" speed="13.18" pos="74.21" lane="2/3to2/4_0" slope="0.00"/>
        <vehicle id="48" x="372.69" y="598.35" angle="90.00" type="DEFAULT_VEHTYPE" speed="12.59" pos="167.94" lane="1/3to2/3_0" slope="0.00"/>
        <vehicle id="5" x="398.35" y="551.75" angle="0.00" type="DEFAULT_VEHTYPE" speed="12.78" pos="43.50" lane="2/3to2/2_0" slope="0.00"/>
        <vehicle id="7" x="201.65" y="428.45" angle="180.00" type="DEFAULT_VEHTYPE" speed="11.02" pos="23.70" lane="1/2to1/3_0" slope="0.00"/>
        <vehicle id="8" x="398.35" y="326.99" angle="0.00" type="DEFAULT_VEHTYPE" speed="13.27" pos="68.26" lane="2/2to2/1_0" slope="0.00"/>
    </timestep>
    <timestep time="127.00">
        <vehicle id="0" x="398.35" y="206.00" angle="0.00" type="DEFAULT_VEHTYPE" speed="12.92" pos="189.25" lane="2/2to2/1_0" slope="0.00"/>
        <vehicle id="1" x="601.65" y="214.39" angle="180.00" type="DEFAULT_VEHTYPE" speed="8.78" pos="9.64" lane="3/1to3/2_0" slope="0.00"/>
        <vehicle id="15" x="398.35" y="622.54" angle="0.00" type="DEFAULT_VEHTYPE" speed="13.25" pos="177.46" lane="2/4to2/3_0" slope="0.00"/>
        <vehicle id="17" x="201.65" y="312.23" angle="180.00" type="DEFAULT_VEHTYPE" speed="12.95" pos="107.48" lane="1/1to1/2_0" slope="0.00"/>
        <vehicle id="18" x="114.89" y="401.65" angle="-90.00" type="DEFAULT_VEHTYPE" speed="12.72" pos="80.36" lane="1/2to0/2_0" slope="0.00"/>
        <vehicle id="21" x="203.31" y="401.65" angle="-90.00" type="DEFAULT_VEHTYPE" speed="6.87" pos="1.44" lane=":1/2_5_0" slope="0.00"/>
        <vehicle id="22" x="709.52" y="201.65" angle="-90.00" type="DEFAULT_VEHTYPE" speed="13.79" pos="90.48" lane="4/1to3/1_0" slope="0.00"/>
        <vehicle id="24" x="401.65" y="722.28" angle="180.00" type="DEFAULT_VEHTYPE" speed="13.70" pos="117.53" lane="2/3to2/4_0" slope="0.00"/>
        <vehicle id="26" x="398.35" y="776.40" angle="0.00" type="DEFAULT_VEHTYPE" speed="13.04" pos="23.60" lane="2/4to2/3_0" slope="0.00"/>
        <vehicle id="28" x="201.65" y="346.80" angle="180.00" type="DEFAULT_VEHTYPE" speed="12.60" pos="142.05" lane="1/1to1/2_0" slope="0.00"/>
        <vehicle id="29" x="401.65" y="786.39" angle="180.00" type="DEFAULT_VEHTYPE" speed="13.58" pos="181.64" lane="2/3to2/4_0" slope="0.00"/>
        <vehicle id="30" x="426.61" y="398.35" angle="90.00" type="DEFAULT_VEHTYPE" speed="10.22" pos="21.86" lane="2/2to3/2_0" slope="0.00"/>
        <vehicle id="32" x="201.65" y="581.64" angle="180.00" type="DEFAULT_VEHTYPE" speed="13.44" pos="176.89" lane="1/2to1/3_0" slope="0.00"/>
        <vehicle id="35" x="260.01" y="401.65" angle="-90.00" type="DEFAULT_VEHTYPE" speed="12.78" pos="135.24" lane="2/2to1/2_0" slope="0.00"/>
        <vehicle id="36" x="601.65" y="460.46" angle="180.00" type="DEFAULT_VEHTYPE" speed="13.72" pos="55.71" lane="3/2to3/3_0" slope="0.00"/>
        <vehicle id="37" x="633.43" y="598.35" angle="90.00" type="DEFAULT_VEHTYPE" speed="12.69" pos="28.68" lane="3/3to4/3_0" slope="0.00"/>
        <vehicle id="38" x="569.46" y="401.65" angle="-90.00" type="DEFAULT_VEHTYPE" speed="12.42" pos="25.79" lane="3/2to2/2_0" slope="0.00"/>
        <vehicle id="41" x="201.65" y="531.36" angle="180.00" type="DEFAULT_VEHTYPE" speed="13.39" pos="126.61" lane="1/2to1/3_0" slope="0.00"/>
        <vehicle id="44" x="401.65" y="692.77" angle="180.00" type="DEFAULT_VEHTYPE" speed="13.81" pos="88.02" lane="2/3to2/4_0" slope="0.00"/>
        <vehicle id="48" x="381.09" y="598.35" angle="90.00" type="DEFAULT_VEHTYPE" speed="8.40" pos="176.34" lane="1/3to2/3_0" slope="0.00"/>
        <vehicle id="5" x="398.35" y="539.04" angle="0.00" type="DEFAULT_VEHTYPE" speed="12.71" pos="56.21" lane="2/3to2/2_0" slope="0.00"/>
        <vehicle id="7" x="201.65" y="441.23" angle="180.00" type="DEFAULT_VEHTYPE" speed="12.78" pos="36.48" lane="1/2to1/3_0" slope="0.00"/>
        <vehicle id="8" x="398.35" y="313.62" angle="0.00" type="DEFAULT_VEHTYPE" speed="13.37" pos="81.63" lane="2/2to2/1_0" slope="0.00"/>
    </timestep>
    <timestep time="128.00">
        <vehicle id="0" x="388.73" y="201.65" angle="-90.00" type="DEFAULT_VEHTYPE" speed="12.77" pos="6.52" lane="2/1to1/1_0" slope="0.00"/>
        <vehicle id="1" x="601.65" y="224.97" angle="180.00" type="DEFAULT_VEHTYPE" speed="10.58" pos="20.22" lane="3/1to3/2_0" slope="0.00"/>
        <vehicle id="15" x="398.35" y="609.49" angle="0.00" type="DEFAULT_VEHTYPE" speed="13.05" pos="190.51" lane="2/4to2/3_0" slope="0.00"/>
        <vehicle id="17" x="201.65" y="325.08" angle="180.00" type="DEFAULT_VEHTYPE" speed="12.86" pos="120.33" lane="1/1to1/2_0" slope="0.00"/>
        <vehicle id="18" x="102.01" y="401.65" angle="-90.00" type="DEFAULT_VEHTYPE" speed="12.88" pos="93.24" lane="1/2to0/2_0" slope="0.00"/>
        <vehicle id="21" x="194.22" y="401.65" angle="-90.00" type="DEFAULT_VEHTYPE" speed="9.09" pos="1.03" lane="1/2to0/2_0" slope="0.00"/>
        <vehicle id="22" x="696.79" y="201.65" angle="-90.00" type="DEFAULT_VEHTYPE" speed="12.73" pos="103.21" lane="4/1to3/1_0" slope="0.00"/>
        <vehicle id="24" x="401.65" y="735.26" angle="180.00" type="DEFAULT_VEHTYPE" speed="12.98" pos="130.51" lane="2/3to2/4_0" slope="0.00"/>
        <vehicle id="26" x="398.35" y="762.78" angle="0.00" type="DEFAULT_VEHTYPE" speed="13.62" pos="37.22" lane="2/4to2/3_0" slope="0.00"/>
        <vehicle id="28" x="201.65" y="360.32" angle="180.00" type="DEFAULT_VEHTYPE" speed="13.52" pos="155.57" lane="1/1to1/2_0" slope="0.00"/>
        <vehicle id="29" x="401.65" y="799.83" angle="180.00" type="DEFAULT_VEHTYPE" speed="13.44" pos="195.08" lane="2/3to2/4_0" slope="0.00"/>
        <vehicle id="30" x="439.11" y="398.35" angle="90.00" type="DEFAULT_VEHTYPE" speed="12.49" pos="34.36" lane="2/2to3/2_0" slope="0.00"/>
        <vehicle id="32" x="201.65" y="594.54" angle="180.00" type="DEFAULT_VEHTYPE" speed="12.90" pos="189.79" lane="1/2to1/3_0" slope="0.00"/>
        <vehicle id="35" x="246.71" y="401.65" angle="-90.00" type="DEFAULT_VEHTYPE" speed="13.30" pos="148.54" lane="2/2to1/2_0" slope="0.00"/>
        <vehicle id="36" x="601.65" y="473.92" angle="180.00" type="DEFAULT_VEHTYPE" speed="13.46" pos="69.17" lane="3/2to3/3_0" slope="0.00"/>
        <vehicle id="37" x="646.89" y="598.35" angle="90.00" type="DEFAULT_VEHTYPE" speed="13.46" pos="42.14" lane="3/3to4/3_0" slope="0.00"/>
        <vehicle id="38" x="555.74" y="401.65" angle="-90.00" type="DEFAULT_VEHTYPE" speed="13.72" pos="39.51" lane="3/2to2/2_0" slope="0.00"/>
        <vehicle id="41" x="201.65" y="544.49" angle="180.00" type="DEFAULT_VEHTYPE" speed="13.13" pos="139.74" lane="1/2to1/3_0" slope="0.00"/>
        <vehicle id="44" x="401.65" y="705.79" angle="180.00" type="DEFAULT_VEHTYPE" speed="13.02" pos="101.04" lane="2/3to2/4_0" slope="0.00"/>
        <vehicle id="48" x="386.56" y="598.35" angle="90.00" type="DEFAULT_VEHTYPE" speed="5.47" pos="181.81" lane="1/3to2/3_0" slope="0.00"/>
        <vehicle id="5" x="398.35" y="526.00" angle="0.00" type="DEFAULT_VEHTYPE" speed="13.04" pos="69.25" lane="2/3to2/2_0" slope="0.00"/>
        <vehicle id="7" x="201.65" y="453.92" angle="180.00" type="DEFAULT_VEHTYPE" speed="12.69" pos="49.17" lane="1/2to1/3_0" slope="0.00"/>
        <vehicle id="8" x="398.35" y="299.91" angle="0.00" type="DEFAULT_VEHTYPE" speed="13.71" pos="95.34" lane="2/2to2/1_0" slope="0.00"/>
    </timestep>
    <timestep time="129.00">
        <vehicle id="0" x="374.86" y="201.65" angle="-90.00" type="DEFAULT_VEHTYPE" speed="13.87" pos="20.39" lane="2/1to1/1_0" slope="0.00"/>
        <vehicle id="1" x="601.65" y="237.88" angle="180.00" type="DEFAULT_VEHTYPE" speed="12.91" pos="33.13" lane="3/1to3/2_0" slope="0.00"/>
        <vehicle id="17" x="201.65" y="338.55" angle="180.00" type="DEFAULT_VEHTYPE" speed="13.47" pos="133.80" lane="1/1to1/2_0" slope="0.00"/>
        <vehicle id="18" x="88.97" y="401.65" angle="-90.00" type="DEFAULT_VEHTYPE" speed="13.04" pos="106.28" lane="1/2to0/2_0" slope="0.00"/>
        <vehicle id="21" x="183.50" y="401.65" angle="-90.00" type="DEFAULT_VEHTYPE" speed="10.72" pos="11.75" lane="1/2to0/2_0" slope="0.00"/>
        <vehicle id="22" x="684.01" y="201.65" angle="-90.00" type="DEFAULT_VEHTYPE" speed="12.78" pos="115.99" lane="4/1to3/1_0" slope="0.00"/>
        <vehicle id="24" x="401.65" y="748.15" angle="180.00" type="DEFAULT_VEHTYPE" speed="12.89" pos="143.40" lane="2/3to2/4_0" slope="0.00"/>
        <vehicle id="26" x="398.35" y="749.53" angle="0.00" type="DEFAULT_VEHTYPE" speed="13.26" pos="50.47" lane="2/4to2/3_0" slope="0.00"/>
        <vehicle id="28" x="201.65" y="374.07" angle="180.00" type="DEFAULT_VEHTYPE" speed="13.75" pos="169.32" lane="1/1to1/2_0" slope="0.00"/>
        <vehicle id="30" x="452.47" y="398.35" angle="90.00" type="DEFAULT_VEHTYPE" speed="13.36" pos="47.72" lane="2/2to3/2_0" slope="0.00"/>
        <vehicle id="32" x="211.78" y="598.35" angle="90.00" type="DEFAULT_VEHTYPE" speed="12.74" pos="7.03" lane="1/3to2/3_0" slope="0.00"/>
        <vehicle id="35" x="232.91" y="401.65" angle="-90.00" type="DEFAULT_VEHTYPE" speed="13.79" pos="162.34" lane="2/2to1/2_0" slope="0.00"/>
        <vehicle id="36" x="601.65" y="487.38" angle="180.00" type="DEFAULT_VEHTYPE" speed="13.46" pos="82.63" lane="3/2to3/3_0" slope="0.00"/>
        <vehicle id="37" x="659.92" y="598.35" angle="90.00" type="DEFAULT_VEHTYPE" speed="13.03" pos="55.17" lane="3/3to4/3_0" slope="0.00"/>
        <vehicle id="38" x="542.98" y="401.65" angle="-90.00" type="DEFAULT_VEHTYPE" speed="12.76" pos="52.27" lane="3/2to2/2_0" slope="0.00"/>
        <vehicle id="41" x="201.65" y="557.41" angle="180.00" type="DEFAULT_VEHTYPE" speed="12.92" pos="152.66" lane="1/2to1/3_0" slope="0.00"/>
        <vehicle id="44" x="401.65" y="719.66" angle="180.00" type="DEFAULT_VEHTYPE" speed="13.88" pos="114.91" lane="2/3to2/4_0" slope="0.00"/>
        <vehicle id="48" x="389.51" y="598.35" angle="90.00" type="DEFAULT_VEHTYPE" speed="2.95" pos="184.76" lane="1/3to2/3_0" slope="0.00"/>
        <vehicle id="5" x="398.35" y="512.34" angle="0.00" type="DEFAULT_VEHTYPE" speed="13.67" pos="82.91" lane="2/3to2/2_0" slope="0.00"/>
        <vehicle id="7" x="201.65" y="467.73" angle="180.00" type="DEFAULT_VEHTYPE" speed="13.81" pos="62.98" lane="1/2to1/3_0" slope="0.00"/>
        <vehicle id="8" x="398.35" y="286.92" angle="0.00" type="DEFAULT_VEHTYPE" speed="12.99" pos="108.33" lane="2/2to2/1_0" slope="0.00"/>
    </timestep>
    <timestep time="130.00">
        <vehicle id="0" x="361.30" y="201.65" angle="-90.00" type="DEFAULT_VEHTYPE" speed="13.56" pos="33.95" lane="2/1to1/1_0" slope="0.00"/>
        <vehicle id="1" x="601.65" y="251.53" angle="180.00" type="DEFAULT_VEHTYPE" speed="13.65" pos="46.78" lane="3/1to3/2_0" slope="0.00"/>
        <vehicle id="17" x="201.65" y="351.64" angle="180.00" type="DEFAULT_VEHTYPE" speed="13.09" pos="146.89" lane="1/1to1/2_0" slope="0.00"/>
        <vehicle id="18" x="75.48" y="401.65" angle="-90.00" type="DEFAULT_VEHTYPE" speed="13.49" pos="119.77" lane="1/2to0/2_0" slope="0.00"/>
        <vehicle id="21" x="170.98" y="401.65" angle="-90.00" type="DEFAULT_VEHTYPE" speed="12.52" pos="24.27" lane="1/2to0/2_0" slope="0.00"/>
        <vehicle id="22" x="670.51" y="201.65" angle="-90.00" type="DEFAULT_VEHTYPE" speed="13.50" pos="129.49" lane="4/1to3/1_0" slope="0.00"/>
        <vehicle id="24" x="401.65" y="761.57" angle="180.00" type="DEFAULT_VEHTYPE" speed="13.42" pos="156.82" lane="2/3to2/4_0" slope="0.00"/>
        <vehicle id="26" x="398.35" y="735.66" angle="0.00" type="DEFAULT_VEHTYPE" speed="13.86" pos="64.34" lane="2/4to2/3_0" slope="0.00"/>
        <vehicle id="28" x="201.65" y="386.70" angle="180.00" type="DEFAULT_VEHTYPE" speed="12.63" pos="181.95" lane="1/1to1/2_0" slope="0.00"/>
        <vehicle id="30" x="465.86" y="398.35" angle="90.00" type="DEFAULT_VEHTYPE" speed="13.39" pos="61.11" lane="2/2to3/2_0" slope="0.00"/>
        <vehicle id="32" x="225.00" y="598.35" angle="90.00" type="DEFAULT_VEHTYPE" speed="13.21" pos="20.25" lane="1/3to2/3_0" slope="0.00"/>
        <vehicle id="35" x="222.53" y="401.65" angle="-90.00" type="DEFAULT_VEHTYPE" speed="10.38" pos="172.72" lane="2/2to1/2_0" slope="0.00"/>
        <vehicle id="36" x="601.65" y="500.47" angle="180.00" type="DEFAULT_VEHTYPE" speed="13.09" pos="95.72" lane="3/2to3/3_0" slope="0.00"/>
        <vehicle id="37" x="672.69" y="598.35" angle="90.00" type="DEFAULT_VEHTYPE" speed="12.76" pos="67.94" lane="3/3to4/3_0" slope="0.00"/>
        <vehicle id="38" x="529.27" y="401.65" angle="-90.00" type="DEFAULT_VEHTYPE" speed="13.71" pos="65.98" lane="3/2to2/2_0" slope="0.00"/>
        <vehicle id="41" x="201.65" y="570.23" angle="180.00" type="DEFAULT_VEHTYPE" speed="12.82" pos="165.48" lane="1/2to1/3_0" slope="0.00"/>
        <vehicle id="44" x="401.65" y="732.41" angle="180.00" type="DEFAULT_VEHTYPE" speed="12.75" pos="127.66" lane="2/3to2/4_0" slope="0.00"/>
        <vehicle id="48" x="394.86" y="598.35" angle="90.00" type="DEFAULT_VEHTYPE" speed="5.35" pos="190.11" lane="1/3to2/3_0" slope="0.00"/>
        <vehicle id="5" x="398.35" y="498.55" angle="0.00" type="DEFAULT_VEHTYPE" speed="13.79" pos="96.70" lane="2/3to2/2_0" slope="0.00"/>
        <vehicle id="7" x="201.65" y="480.69" angle="180.00" type="DEFAULT_VEHTYPE" speed="12.96" pos="75.94" lane="1/2to1/3_0" slope="0.00"/>
        <vehicle id="8" x="398.35" y="273.94" angle="0.00" type="DEFAULT_VEHTYPE" speed="12.98" pos="121.31" lane="2/2to2/1_0" slope="0.00"/>
    </timestep>
    <timestep time="131.00">
        <vehicle id="0" x="347.61" y="201.65" angle="-90.00" type="DEFAULT_VEHTYPE" speed="13.69" pos="47.64" lane="2/1to1/1_0" slope="0.00"/>
        <vehicle id="1" x="601.65" y="265.29" angle="180.00" type="DEFAULT_VEHTYPE" speed="13.76" pos="60.54" lane="3/1to3/2_0" slope="0.00"/>
        <vehicle id="17" x="201.65" y="364.93" angle="180.00" type="DEFAULT_VEHTYPE" speed="13.29" pos="160.18" lane="1/1to1/2_0" slope="0.00"/>
        <vehicle id="18" x="62.54" y="401.65" angle="-90.00" type="DEFAULT_VEHTYPE" speed="12.93" pos="132.71" lane="1/2to0/2_0" slope="0.00"/>
        <vehicle id="21" x="157.74" y="401.65" angle="-90.00" type="DEFAULT_VEHTYPE" speed="13.24" pos="37.51" lane="1/2to0/2_0" slope="0.00"/>
        <vehicle id="22" x="657.34" y="201.65" angle="-90.00" type="DEFAULT_VEHTYPE" speed="13.17" pos="142.66" lane="4/1to3/1_0" slope="0.00"/>
        <vehicle id="24" x="401.65" y="774.54" angle="180.00" type="DEFAULT_VEHTYPE" speed="12.97" pos="169.79" lane="2/3to2/4_0" slope="0.00"/>
        <vehicle id="26" x="398.35" y="722.06" angle="0.00" type="DEFAULT_VEHTYPE" speed="13.61" pos="77.94" lane="2/4to2/3_0" slope="0.00"/>
        <vehicle id="28" x="201.65" y="399.40" angle="180.00" type="DEFAULT_VEHTYPE" speed="12.69" pos="4.15" lane=":1/2_9_0" slope="0.00"/>
        <vehicle id="30" x="479.59" y="398.35" angle="90.00" type="DEFAULT_VEHTYPE" speed="13.73" pos="74.84" lane="2/2to3/2_0" slope="0.00"/>
        <vehicle id="32" x="238.89" y="598.35" angle="90.00" type="DEFAULT_VEHTYPE" speed="13.89" pos="34.14" lane="1/3to2/3_0" slope="0.00"/>
        <vehicle id="35" x="214.58" y="401.65" angle="-90.00" type="DEFAULT_VEHTYPE" speed="7.96" pos="180.67" lane="2/2to1/2_0" slope="0.00"/>
        <vehicle id="36" x="601.65" y="513.31" angle="180.00" type="DEFAULT_VEHTYPE" speed="12.83" pos="108.56" lane="3/2to3/3_0" slope="0.00"/>
        <vehicle id="37" x="685.35" y="598.35" angle="90.00" type="DEFAULT_VEHTYPE" speed="12.66" pos="80.60" lane="3/3to4/3_0" slope="0.00"/>
        <vehicle id="38" x="516.51" y="401.65" angle="-90.00" type="DEFAULT_VEHTYPE" speed="12.76" pos="78.74" lane="3/2to2/2_0" slope="0.00"/>
        <vehicle id="41" x="201.65" y="583.80" angle="180.00" type="DEFAULT_VEHTYPE" speed="13.57" pos="179.05" lane="1/2to1/3_0" slope="0.00"/>
        <vehicle id="44" x="401.65" y="746.13" angle="180.00" type="DEFAULT_VEHTYPE" speed="13.72" pos="141.38" lane="2/3to2/4_0" slope="0.00"/>
        <vehicle id="48" x="400.77" y="601.15" angle="122.91" type="DEFAULT_VEHTYPE" speed="6.95" pos="6.55" lane=":2/3_14_0" slope="0.00"/>
        <vehicle id="5" x="398.35" y="485.76" angle="0.00" type="DEFAULT_VEHTYPE" speed="12.79" pos="109.49" lane="2/3to2/2_0" slope="0.00"/>
        <vehicle id="7" x="201.65" y="493.57" angle="180.00" type="DEFAULT_VEHTYPE" speed="12.89" pos="88.82" lane="1/2to1/3_0" slope="0.00"/>
        <vehicle id="8" x="398.35" y="261.01" angle="0.00" type="DEFAULT_VEHTYPE" speed="12.92" pos="134.24" lane="2/2to2/1_0" slope="0.00"/>
    </timestep>
    <timestep time="132.00">
        <vehicle id="0" x="334.72" y="201.65" angle="-90.00" type="DEFAULT_VEHTYPE" speed="12.89" pos="60.53" lane="2/1to1/1_0" slope="0.00"/>
        <vehicle id="1" x="601.65" y="278.42" angle="180.00" type="DEFAULT_VEHTYPE" speed="13.13" pos="73.67" lane="3/1to3/2_0" slope="0.00"/>
        <vehicle id="17" x="201.65" y="377.93" angle="180.00" type="DEFAULT_VEHTYPE" speed="13.00" pos="173.18" lane="1/1to1/2_0" slope="0.00"/>
        <vehicle id="18" x="49.71" y="401.65" angle="-90.00" type="DEFAULT_VEHTYPE" speed="12.83" pos="145.54" lane="1/2to0/2_0" slope="0.00"/>
        <vehicle id="21" x="144.32" y="401.65" angle="-90.00" type="DEFAULT_VEHTYPE" speed="13.42" pos="50.93" lane="1/2to0/2_0" slope="0.00"/>
        <vehicle id="22" x="643.57" y="201.65" angle="-90.00" type="DEFAULT_VEHTYPE" speed="13.78" pos="156.43" lane="4/1to3/1_0" slope="0.00"/>
        <vehicle id="24" x="401.65" y="788.15" angle="180.00" type="DEFAULT_VEHTYPE" speed="13.61" pos="183.40" lane="2/3to2/4_0" slope="0.00"/>
        <vehicle id="26" x="398.35" y="708.49" angle="0.00" type="DEFAULT_VEHTYPE" speed="13.57" pos="91.51" lane="2/4to2/3_0" slope="0.00"/>
        <vehicle id="28" x="201.65" y="412.94" angle="180.00" type="DEFAULT_VEHTYPE" speed="13.54" pos="8.19" lane="1/2to1/3_0" slope="0.00"/>
        <vehicle id="30" x="493.38" y="398.35" angle="90.00" type="DEFAULT_VEHTYPE" speed="13.79" pos="88.63" lane="2/2to3/2_0" slope="0.00"/>
        <vehicle id="32" x="252.01" y="598.35" angle="90.00" type="DEFAULT_VEHTYPE" speed="13.12" pos="47.26" lane="1/3to2/3_0" slope="0.00"/>
        <vehicle id="35" x="210.27" y="401.65" angle="-90.00" type="DEFAULT_VEHTYPE" speed="4.30" pos="184.98" lane="2/2to1/2_0" slope="0.00"/>
        <vehicle id="36" x="601.65" y="526.14" angle="180.00" type="DEFAULT_VEHTYPE" speed="12.83" pos="121.39" lane="3/2to3/3_0" slope="0.00"/>
        <vehicle id="37" x="699.05" y="598.35" angle="90.00" type="DEFAULT_VEHTYPE" speed="13.71" pos="94.30" lane="3/3to4/3_0" slope="0.00"/>
        <vehicle id="38" x="503.10" y="401.65" angle="-90.00" type="DEFAULT_VEHTYPE" speed="13.42" pos="92.15" lane="3/2to2/2_0" slope="0.00"/>
        <vehicle id="41" x="202.36" y="597.46" angle="171.71" type="DEFAULT_VEHTYPE" speed="13.81" pos="2.37" lane=":1/3_8_0" slope="0.00"/>
        <vehicle id="44" x="401.65" y="759.17" angle="180.00" type="DEFAULT_VEHTYPE" speed="13.03" pos="154.42" lane="2/3to2/4_0" slope="0.00"/>
        <vehicle id="48" x="401.65" y="609.73" angle="179.96" type="DEFAULT_VEHTYPE" speed="8.75" pos="4.98" lane="2/3to2/4_0" slope="0.00"/>
        <vehicle id="5" x="398.35" y="472.04" angle="0.00" type="DEFAULT_VEHTYPE" speed="13.72" pos="123.21" lane="2/3to2/2_0" slope="0.00"/>
        <vehicle id="7" x="201.65" y="506.72" angle="180.00" type="DEFAULT_VEHTYPE" speed="13.14" pos="101.97" lane="1/2to1/3_0" slope="0.00"/>
        <vehicle id="8" x="398.35" y="247.40" angle="0.00" type="DEFAULT_VEHTYPE" speed="13.61" pos="147.85" lane="2/2to2/1_0" slope="0.00"/>
    </timestep>
    <timestep time="133.00">
        <vehicle id="0" x="321.78" y="201.65" angle="-90.00" type="DEFAULT_VEHTYPE" speed="12.95" pos="73.47" lane="2/1to1/1_0" slope="0.00"/>
        <vehicle id="1" x="601.65" y="291.23" angle="180.00" type="DEFAULT_VEHTYPE" speed="12.81" pos="86.48" lane="3/1to3/2_0" slope="0.00"/>
        <vehicle id="17" x="201.65" y="390.96" angle="180.00" type="DEFAULT_VEHTYPE" speed="13.03" pos="186.21" lane="1/1to1/2_0" slope="0.00"/>
        <vehicle id="18" x="36.37" y="401.65" angle="-90.00" type="DEFAULT_VEHTYPE" speed="13.34" pos="158.88" lane="1/2to0/2_0" slope="0.00"/>
        <vehicle id="21" x="131.38" y="401.65" angle="-90.00" type="DEFAULT_VEHTYPE" speed="12.94" pos="63.87" lane="1/2to0/2_0" slope="0.00"/>
        <vehicle id="22" x="630.35" y="201.65" angle="-90.00" type="DEFAULT_VEHTYPE" speed="13.21" pos="169.65" lane="4/1to3/1_0" slope="0.00"/>
        <vehicle id="24" x="400.37" y="801.47" angle="-163.99" type="DEFAULT_VEHTYPE" speed="13.85" pos="2.00" lane=":2/4_0_0" slope="0.00"/>
        <vehicle id="26" x="398.35" y="694.83" angle="0.00" type="DEFAULT_VEHTYPE" speed="13.67" pos="105.17" lane="2/4to2/3_0" slope="0.00"/>
        <vehicle id="28" x="201.65" y="426.72" angle="180.00" type="DEFAULT_VEHTYPE" speed="13.78" pos="21.97" lane="1/2to1/3_0" slope="0.00"/>
        <vehicle id="30" x="506.80" y="398.35" angle="90.00" type="DEFAULT_VEHTYPE" speed="13.42" pos="102.05" lane="2/2to3/2_0" slope="0.00"/>
        <vehicle id="32" x="265.28" y="598.35" angle="90.00" type="DEFAULT_VEHTYPE" speed="13.27" pos="60.53" lane="1/3to2/3_0" slope="0.00"/>
        <vehicle id="35" x="208.21" y="401.65" angle="-90.00" type="DEFAULT_VEHTYPE" speed="2.06" pos="187.04" lane="2/2to1/2_0" slope="0.00"/>
        <vehicle id="36" x="601.65" y="538.97" angle="180.00" type="DEFAULT_VEHTYPE" speed="12.83" pos="134.22" lane="3/2to3/3_0" slope="0.00"/>
        <vehicle id="37" x="711.93" y="598.35" angle="90.00" type="DEFAULT_VEHTYPE" speed="12.87" pos="107.18" lane="3/3to4/3_0" slope="0.00"/>
        <vehicle id="38" x="489.32" y="401.65" angle="-90.00" type="DEFAULT_VEHTYPE" speed="13.77" pos="105.93" lane="3/2to2/2_0" slope="0.00"/>
        <vehicle id="41" x="214.91" y="598.35" angle="90.00" type="DEFAULT_VEHTYPE" speed="12.79" pos="10.16" lane="1/3to2/3_0" slope="0.00"/>
        <vehicle id="44" x="401.65" y="772.27" angle="180.00" type="DEFAULT_VEHTYPE" speed="13.11" pos="167.52" lane="2/3to2/4_0" slope="0.00"/>
        <vehicle id="48" x="401.65" y="620.75" angle="180.00" type="DEFAULT_VEHTYPE" speed="11.02" pos="16.00" lane="2/3to2/4_0" slope="0.00"/>
        <vehicle id="5" x="398.35" y="458.55" angle="0.00" type="DEFAULT_VEHTYPE" speed="13.49" pos="136.70" lane="2/3to2/2_0" slope="0.00"/>
        <vehicle id="7" x="201.65" y="520.16" angle="180.00" type="DEFAULT_VEHTYPE" speed="13.44" pos="115.41" lane="1/2to1/3_0" slope="0.00"/>
        <vehicle id="8" x="398.35" y="234.80" angle="0.00" type="DEFAULT_VEHTYPE" speed="12.61" pos="160.45" lane="2/2to2/1_0" slope="0.00"/>
    </timestep>
    <timestep time="134.00">
        <vehicle id="0" x="308.87" y="201.65" angle="-90.00" type="DEFAULT_VEHTYPE" speed="12.91" pos="86.38" lane="2/1to1/1_0" slope="0.00"/>
        <vehicle id="1" x="601.65" y="304.72" angle="180.00" type="DEFAULT_VEHTYPE" speed="13.49" pos="99.97" lane="3/1to3/2_0" slope="0.00"/>
        <vehicle id="17" x="201.65" y="404.33" angle="180.00" type="DEFAULT_VEHTYPE" speed="13.38" pos="9.08" lane=":1/2_9_0" slope="0.00"/>
        <vehicle id="18" x="22.66" y="401.65" angle="-90.00" type="DEFAULT_VEHTYPE" speed="13.71" pos="172.59" lane="1/2to0/2_0" slope="0.00"/>
        <vehicle id="21" x="118.59" y="401.65" angle="-90.00" type="DEFAULT_VEHTYPE" speed="12.78" pos="76.66" lane="1/2to0/2_0" slope="0.00"/>
        <vehicle id="22" x="620.52" y="201.65" angle="-90.00" type="DEFAULT_VEHTYPE" speed="9.84" pos="179.48" lane="4/1to3/1_0" slope="0.00"/>
        <vehicle id="24" x="398.35" y="789.67" angle="0.00" type="DEFAULT_VEHTYPE" speed="13.15" pos="10.33" lane="2/4to2/3_0" slope="0.00"/>
        <vehicle id="26" x="398.35" y="681.96" angle="0.00" type="DEFAULT_VEHTYPE" speed="12.86" pos="118.04" lane="2/4to2/3_0" slope="0.00"/>
        <vehicle id="28" x="201.65" y="439.52" angle="180.00" type="DEFAULT_VEHTYPE" speed="12.80" pos="34.77" lane="1/2to1/3_0" slope="0.00"/>
        <vehicle id="30" x="519.63" y="398.35" angle="90.00" type="DEFAULT_VEHTYPE" speed="12.83" pos="114.88" lane="2/2to3/2_0" slope="0.00"/>
        <vehicle id="32" x="278.33" y="598.35" angle="90.00" type="DEFAULT_VEHTYPE" speed="13.05" pos="73.58" lane="1/3to2/3_0" slope="0.00"/>
        <vehicle id="35" x="207.59" y="401.65" angle="-90.00" type="DEFAULT_VEHTYPE" speed="0.62" pos="187.66" lane="2/2to1/2_0" slope="0.00"/>
        <vehicle id="36" x="601.65" y="552.22" angle="180.00" type="DEFAULT_VEHTYPE" speed="13.24" pos="147.47" lane="3/2to3/3_0" slope="0.00"/>
        <vehicle id="37" x="724.91" y="598.35" angle="90.00" type="DEFAULT_VEHTYPE" speed="12.99" pos="120.16" lane="3/3to4/3_0" slope="0.00"/>
        <vehicle id="38" x="475.66" y="401.65" angle="-90.00" type="DEFAULT_VEHTYPE" speed="13.66" pos="119.59" lane="3/2to2/2_0" slope="0.00"/>
        <vehicle id="41" x="228.59" y="598.35" angle="90.00" type="DEFAULT_VEHTYPE" speed="13.68" pos="23.84" lane="1/3to2/3_0" slope="0.00"/>
        <vehicle id="44" x="401.65" y="785.69" angle="180.00" type="DEFAULT_VEHTYPE" speed="13.42" pos="180.94" lane="2/3to2/4_0" slope="0.00"/>
        <vehicle id="48" x="401.65" y="634.02" angle="180.00" type="DEFAULT_VEHTYPE" speed="13.27" pos="29.27" lane="2/3to2/4_0" slope="0.00"/>
        <vehicle id="5" x="398.35" y="444.83" angle="0.00" type="DEFAULT_VEHTYPE" speed="13.72" pos="150.42" lane="2/3to2/2_0" slope="0.00"/>
        <vehicle id="7" x="201.65" y="533.06" angle="180.00" type="DEFAULT_VEHTYPE" speed="12.90" pos="128.31" lane="1/2to1/3_0" slope="0.00"/>
        <vehicle id="8" x="398.35" y="221.45" angle="0.00" type="DEFAULT_VEHTYPE" speed="13.35" pos="173.80" lane="2/2to2/1_0" slope="0.00"/>
    </timestep>
    <timestep time="135.00">
        <vehicle id="0" x="295.17" y="201.65" angle="-90.00" type="DEFAULT_VEHTYPE" speed="13.70" pos="100.08" lane="2/1to1/1_0" slope="0.00"/>
        <vehicle id="1" x="601.65" y="318.38" angle="180.00" type="DEFAULT_VEHTYPE" speed="13.66" pos="113.63" lane="3/1to3/2_0" slope="0.00"/>
        <vehicle id="17" x="201.65" y="417.52" angle="180.00" type="DEFAULT_VEHTYPE" speed="13.18" pos="12.77" lane="1/2to1/3_0" slope="0.00"/>
        <vehicle id="18" x="8.97" y="401.65" angle="-90.00" type="DEFAULT_VEHTYPE" speed="13.69" pos="186.28" lane="1/2to0/2_0" slope="0.00"/>
        <vehicle id="21" x="105.12" y="401.65" angle="-90.00" type="DEFAULT_VEHTYPE" speed="13.47" pos="90.13" lane="1/2to0/2_0" slope="0.00"/>
        <vehicle id="22" x="613.92" y="201.65" angle="-90.00" type="DEFAULT_VEHTYPE" speed="6.60" pos="186.08" lane="4/1to3/1_0" slope="0.00"/>
        <vehicle id="24" x="398.35" y="776.75" angle="0.00" type="DEFAULT_VEHTYPE" speed="12.91" pos="23.25" lane="2/4to2/3_0" slope="0.00"/>
        <vehicle id="26" x="398.35" y="668.31" angle="0.00" type="DEFAULT_VEHTYPE" speed="13.65" pos="131.69" lane="2/4to2/3_0" slope="0.00"/>
        <vehicle id="28" x="201.65" y="453.21" angle="180.00" type="DEFAULT_VEHTYPE" speed="13.69" pos="48.46" lane="1/2to1/3_0" slope="0.00"/>
        <vehicle id="30" x="532.31" y="398.35" angle="90.00" type="DEFAULT_VEHTYPE" speed="12.68" pos="127.56" lane="2/2to3/2_0" slope="0.00"/>
        <vehicle id="32" x="291.89" y="598.35" angle="90.00" type="DEFAULT_VEHTYPE" speed="13.56" pos="87.14" lane="1/3to2/3_0" slope="0.00"/>
        <vehicle id="35" x="205.43" y="401.65" angle="-90.00" type="DEFAULT_VEHTYPE" speed="2.16" pos="189.82" lane="2/2to1/2_0" slope="0.00"/>
        <vehicle id="36" x="601.65" y="565.48" angle="180.00" type="DEFAULT_VEHTYPE" speed="13.27" pos="160.73" lane="3/2to3/3_0" slope="0.00"/>
        <vehicle id="37" x="737.88" y="598.35" angle="90.00" type="DEFAULT_VEHTYPE" speed="12.97" pos="133.13" lane="3/3to4/3_0" slope="0.00"/>
        <vehicle id="38" x="461.77" y="401.65" angle="-90.00" type="DEFAULT_VEHTYPE" speed="13.89" pos="133.48" lane="3/2to2/2_0" slope="0.00"/>
        <vehicle id="41" x="242.39" y="598.35" angle="90.00" type="DEFAULT_VEHTYPE" speed="13.80" pos="37.64" lane="1/3to2/3_0" slope="0.00"/>
        <vehicle id="44" x="401.65" y="798.90" angle="180.00" type="DEFAULT_VEHTYPE" speed="13.21" pos="194.15" lane="2/3to2/4_0" slope="0.00"/>
        <vehicle id="48" x="401.65" y="647.77" angle="180.00" type="DEFAULT_VEHTYPE" speed="13.75" pos="43.02" lane="2/3to2/4_0" slope="0.00"/>
        <vehicle id="5" x="398.35" y="431.87" angle="0.00" type="DEFAULT_VEHTYPE" speed="12.96" pos="163.38" lane="2/3to2/2_0" slope="0.00"/>
        <vehicle id="7" x="201.65" y="545.95" angle="180.00" type="DEFAULT_VEHTYPE" speed="12.89" pos="141.20" lane="1/2to1/3_0" slope="0.00"/>
        <vehicle id="8" x="398.35" y="208.26" angle="0.00" type="DEFAULT_VEHTYPE" speed="13.19" pos="186.99" lane="2/2to2/1_0" slope="0.00"/>
    </timestep>
    <timestep time="136.00">
        <vehicle id="0" x="282.05" y="201.65" angle="-90.00" type="DEFAULT_VEHTYPE" speed="13.12" pos="113.20" lane="2/1to1/1_0" slope="0.00"/>
        <vehicle id="1" x="601.65" y="331.90" angle="180.00" type="DEFAULT_VEHTYPE" speed="13.51" pos="127.15" lane="3/1to3/2_0" slope="0.00"/>
        <vehicle id="17" x="201.65" y="430.13" angle="180.00" type="DEFAULT_VEHTYPE" speed="12.62" pos="25.38" lane="1/2to1/3_0" slope="0.00"/>
        <vehicle id="18" x="0.09" y="398.35" angle="0.15" type="DEFAULT_VEHTYPE" speed="13.89" pos="0.09" lane="0/2to1/2_0" slope="0.00"/>
        <vehicle id="21" x="92.35" y="401.65" angle="-90.00" type="DEFAULT_VEHTYPE" speed="12.77" pos="102.90" lane="1/2to0/2_0" slope="0.00"/>
        <vehicle id="22" x="609.73" y="201.65" angle="-90.00" type="DEFAULT_VEHTYPE" speed="4.19" pos="190.27" lane="4/1to3/1_0" slope="0.00"/>
        <vehicle id="24" x="398.35" y="763.25" angle="0.00" type="DEFAULT_VEHTYPE" speed="13.50" pos="36.75" lane="2/4to2/3_0" slope="0.00"/>
        <vehicle id="26" x="398.35" y="655.14" angle="0.00" type="DEFAULT_VEHTYPE" speed="13.17" pos="144.86" lane="2/4to2/3_0" slope="0.00"/>
        <vehicle id="28" x="201.65" y="465.91" angle="180.00" type="DEFAULT_VEHTYPE" speed="12.70" pos="61.16" lane="1/2to1/3_0" slope="0.00"/>
        <vehicle id="30" x="545.61" y="398.35" angle="90.00" type="DEFAULT_VEHTYPE" speed="13.30" pos="140.86" lane="2/2to3/2_0" slope="0.00"/>
        <vehicle id="32" x="304.56" y="598.35" angle="90.00" type="DEFAULT_VEHTYPE" speed="12.67" pos="99.81" lane="1/3to2/3_0" slope="0.00"/>
        <vehicle id="35" x="200.92" y="401.65" angle="-90.00" type="DEFAULT_VEHTYPE" speed="4.52" pos="3.83" lane=":1/2_5_0" slope="0.00"/>
        <vehicle id="36" x="601.65" y="578.89" angle="180.00" type="DEFAULT_VEHTYPE" speed="13.41" pos="174.14" lane="3/2to3/3_0" slope="0.00"/>
        <vehicle id="37" x="751.23" y="598.35" angle="90.00" type="DEFAULT_VEHTYPE" speed="13.36" pos="146.48" lane="3/3to4/3_0" slope="0.00"/>
        <vehicle id="38" x="449.06" y="401.65" angle="-90.00" type="DEFAULT_VEHTYPE" speed="12.71" pos="146.19" lane="3/2to2/2_0" slope="0.00"/>
        <vehicle id="41" x="255.40" y="598.35" angle="90.00" type="DEFAULT_VEHTYPE" speed="13.01" pos="50.65" lane="1/3to2/3_0" slope="0.00"/>
        <vehicle id="44" x="398.35" y="793.05" angle="0.00" type="DEFAULT_VEHTYPE" speed="12.87" pos="6.95" lane="2/4to2/3_0" slope="0.00"/>
        <vehicle id="48" x="401.65" y="660.98" angle="180.00" type="DEFAULT_VEHTYPE" speed="13.20" pos="56.23" lane="2/3to2/4_0" slope="0.00"/>
        <vehicle id="5" x="398.35" y="418.35" angle="0.00" type="DEFAULT_VEHTYPE" speed="13.52" pos="176.90" lane="2/3to2/2_0" slope="0.00"/>
        <vehicle id="7" x="201.65" y="559.29" angle="180.00" type="DEFAULT_VEHTYPE" speed="13.34" pos="154.54" lane="1/2to1/3_0" slope="0.00"/>
        <vehicle id="8" x="389.93" y="201.65" angle="-90.00" type="DEFAULT_VEHTYPE" speed="13.83" pos="5.32" lane="2/1to1/1_0" slope="0.00"/>
    </timestep>
    <timestep time="137.00">
        <vehicle id="0" x="268.22" y="201.65" angle="-90.00" type="DEFAULT_VEHTYPE" speed="13.83" pos="127.03" lane="2/1to1/1_0" slope="0.00"/>
        <vehicle id="1" x="601.65" y="345.37" angle="180.00" type="DEFAULT_VEHTYPE" speed="13.48" pos="140.62" lane="3/1to3/2_0" slope="0.00"/>
        <vehicle id="17" x="201.65" y="443.97" angle="180.00" type="DEFAULT_VEHTYPE" speed="13.84" pos="39.22" lane="1/2to1/3_0" slope="0.00"/>
        <vehicle id="18" x="13.40" y="398.35" angle="90.00" type="DEFAULT_VEHTYPE" speed="13.31" pos="13.40" lane="0/2to1/2_0" slope="0.00"/>
        <vehicle id="21" x="79.44" y="401.65" angle="-90.00" type="DEFAULT_VEHTYPE" speed="12.91" pos="115.81" lane="1/2to0/2_0" slope="0.00"/>
        <vehicle id="22" x="603.49" y="201.83" angle="-92.02" type="DEFAULT_VEHTYPE" speed="6.25" pos="1.27" lane=":3/1_4_0" slope="0.00"/>
        <vehicle id="24" x="398.35" y="749.90" angle="0.00" type="DEFAULT_VEHTYPE" speed="13.36" pos="50.10" lane="2/4to2/3_0" slope="0.00"/>
        <vehicle id="26" x="398.35" y="642.12" angle="0.00" type="DEFAULT_VEHTYPE" speed="13.02" pos="157.88" lane="2/4to2/3_0" slope="0.00"/>
        <vehicle id="28" x="201.65" y="479.73" angle="180.00" type="DEFAULT_VEHTYPE" speed="13.82" pos="74.98" lane="1/2to1/3_0" slope="0.00"/>
        <vehicle id="30" x="558.38" y="398.35" angle="90.00" type="DEFAULT_VEHTYPE" speed="12.77" pos="153.63" lane="2/2to3/2_0" slope="0.00"/>
        <vehicle id="32" x="318.30" y="598.35" angle="90.00" type="DEFAULT_VEHTYPE" speed="13.74" pos="113.55" lane="1/3to2/3_0" slope="0.00"/>
        <vehicle id="35" x="194.21" y="401.65" angle="-90.00" type="DEFAULT_VEHTYPE" speed="6.71" pos="1.04" lane="1/2to0/2_0" slope="0.00"/>
        <vehicle id="36" x="601.65" y="592.57" angle="180.00" type="DEFAULT_VEHTYPE" speed="13.68" pos="187.82" lane="3/2to3/3_0" slope="0.00"/>
        <vehicle id="37" x="764.61" y="598.35" angle="90.00" type="DEFAULT_VEHTYPE" speed="13.38" pos="159.86" lane="3/3to4/3_0" slope="0.00"/>
        <vehicle id="38" x="435.38" y="401.65" angle="-90.00" type="DEFAULT_VEHTYPE" speed="13.68" pos="159.87" lane="3/2to2/2_0" slope="0.00"/>
        <vehicle id="41" x="268.19" y="598.35" angle="90.00" type="DEFAULT_VEHTYPE" speed="12.79" pos="63.44" lane="1/3to2/3_0" slope="0.00"/>
        <vehicle id="44" x="398.35" y="779.70" angle="0.00" type="DEFAULT_VEHTYPE" speed="13.35" pos="20.30" lane="2/4to2/3_0" slope="0.00"/>
        <vehicle id="48" x="401.65" y="673.90" angle="180.00" type="DEFAULT_VEHTYPE" speed="12.92" pos="69.15" lane="2/3to2/4_0" slope="0.00"/>
        <vehicle id="5" x="398.35" y="404.61" angle="0.00" type="DEFAULT_VEHTYPE" speed="13.74" pos="0.14" lane=":2/2_1_0" slope="0.00"/>
        <vehicle id="7" x="201.65" y="572.64" angle="180.00" type="DEFAULT_VEHTYPE" speed="13.35" pos="167.89" lane="1/2to1/3_0" slope="0.00"/>
        <vehicle id="8" x="376.33" y="201.65" angle="-90.00" type="DEFAULT_VEHTYPE" speed="13.60" pos="18.92" lane="2/1to1/1_0" slope="0.00"/>
    </timestep>
    <timestep time="138.00">
        <vehicle id="0" x="255.51" y="201.65" angle="-90.00" type="DEFAULT_VEHTYPE" speed="12.71" pos="139.74" lane="2/1to1/1_0" slope="0.00"/>
        <vehicle id="1" x="601.65" y="358.10" angle="180.00" type="DEFAULT_VEHTYPE" speed="12.73" pos="153.35" lane="3/1to3/2_0" slope="0.00"/>
        <vehicle id="17" x="201.65" y="456.62" angle="180.00" type="DEFAULT_VEHTYPE" speed="12.65" pos="51.87" lane="1/2to1/3_0" slope="0.00"/>
        <vehicle id="18" x="26.39" y="398.35" angle="90.00" type="DEFAULT_VEHTYPE" speed="12.99" pos="26.39" lane="0/2to1/2_0" slope="0.00"/>
        <vehicle id="21" x="65.62" y="401.65" angle="-90.00" type="DEFAULT_VEHTYPE" speed="13.83" pos="129.63" lane="1/2to0/2_0" slope="0.00"/>
        <vehicle id="22" x="601.65" y="209.13" angle="-179.00" type="DEFAULT_VEHTYPE" speed="8.10" pos="4.38" lane="3/1to3/2_0" slope="0.00"/>
        <vehicle id="24" x="398.35" y="737.06" angle="0.00" type="DEFAULT_VEHTYPE" speed="12.83" pos="62.94" lane="2/4to2/3_0" slope="0.00"/>
        <vehicle id="26" x="398.35" y="629.44" angle="0.00" type="DEFAULT_VEHTYPE" speed="12.68" pos="170.56" lane="2/4to2/3_0" slope="0.00"/>
        <vehicle id="28" x="201.65" y="492.86" angle="180.00" type="DEFAULT_VEHTYPE" speed="13.13" pos="88.11" lane="1/2to1/3_0" slope="0.00"/>
        <vehicle id="30" x="571.52" y="398.35" angle="90.00" type="DEFAULT_VEHTYPE" speed="13.14" pos="166.77" lane="2/2to3/2_0" slope="0.00"/>
        <vehicle id="32" x="331.84" y="598.35" angle="90.00" type="DEFAULT_VEHTYPE" speed="13.54" pos="127.09" lane="1/3to2/3_0" slope="0.00"/>
        <vehicle id="35" x="185.71" y="401.65" angle="-90.00" type="DEFAULT_VEHTYPE" speed="8.50" pos="9.54" lane="1/2to0/2_0" slope="0.00"/>
        <vehicle id="37" x="777.91" y="598.35" angle="90.00" type="DEFAULT_VEHTYPE" speed="13.30" pos="173.16" lane="3/3to4/3_0" slope="0.00"/>
        <vehicle id="38" x="423.62" y="401.65" angle="-90.00" type="DEFAULT_VEHTYPE" speed="11.76" pos="171.63" lane="3/2to2/2_0" slope="0.00"/>
        <vehicle id="41" x="281.41" y="598.35" angle="90.00" type="DEFAULT_VEHTYPE" speed="13.22" pos="76.66" lane="1/3to2/3_0" slope="0.00"/>
        <vehicle id="44" x="398.35" y="766.87" angle="0.00" type="DEFAULT_VEHTYPE" speed="12.83" pos="33.13" lane="2/4to2/3_0" slope="0.00"/>
        <vehicle id="48" x="401.65" y="687.59" angle="180.00" type="DEFAULT_VEHTYPE" speed="13.69" pos="82.84" lane="2/3to2/4_0" slope="0.00"/>
        <vehicle id="5" x="398.35" y="392.01" angle="0.00" type="DEFAULT_VEHTYPE" speed="12.60" pos="3.24" lane="2/2to2/1_0" slope="0.00"/>
        <vehicle id="7" x="201.65" y="585.61" angle="180.00" type="DEFAULT_VEHTYPE" speed="12.97" pos="180.86" lane="1/2to1/3_0" slope="0.00"/>
        <vehicle id="8" x="363.62" y="201.65" angle="-90.00" type="DEFAULT_VEHTYPE" speed="12.71" pos="31.63" lane="2/1to1/1_0" slope="0.00"/>
    </timestep>
    <timestep time="139.00">
        <vehicle id="0" x="241.69" y="201.65" angle="-90.00" type="DEFAULT_VEHTYPE" speed="13.82" pos="153.56" lane="2/1to1/1_0" slope="0.00"/>
        <vehicle id="1" x="601.65" y="370.64" angle="180.00" type="DEFAULT_VEHTYPE" speed="12.54" pos="165.89" lane="3/1to3/2_0" slope="0.00"/>
        <vehicle id="17" x="201.65" y="469.35" angle="180.00" type="DEFAULT_VEHTYPE" speed="12.72" pos="64.60" lane="1/2to1/3_0" slope="0.00"/>
        <vehicle id="18" x="39.07" y="398.35" angle="90.00" type="DEFAULT_VEHTYPE" speed="12.69" pos="39.07" lane="0/2to1/2_0" slope="0.00"/>
        <vehicle id="21" x="52.41" y="401.65" angle="-90.00" type="DEFAULT_VEHTYPE" speed="13.21" pos="142.84" lane="1/2to0/2_0" slope="0.00"/>
        <vehicle id="22" x="601.65" y="219.79" angle="180.00" type="DEFAULT_VEHTYPE" speed="10.66" pos="15.04" lane="3/1to3/2_0" slope="0.00"/>
        <vehicle id="24" x="398.35" y="724.04" angle="0.00" type="DEFAULT_VEHTYPE" speed="13.03" pos="75.96" lane="2/4to2/3_0" slope="0.00"/>
        <vehicle id="26" x="398.35" y="616.20" angle="0.00" type="DEFAULT_VEHTYPE" speed="13.25" pos="183.80" lane="2/4to2/3_0" slope="0.00"/>
        <vehicle id="28" x="201.65" y="505.49" angle="180.00" type="DEFAULT_VEHTYPE" speed="12.63" pos="100.74" lane="1/2to1/3_0" slope="0.00"/>
        <vehicle id="30" x="580.89" y="398.35" angle="90.00" type="DEFAULT_VEHTYPE" speed="9.37" pos="176.14" lane="2/2to3/2_0" slope="0.00"/>
        <vehicle id="32" x="345.40" y="598.35" angle="90.00" type="DEFAULT_VEHTYPE" speed="13.56" pos="140.65" lane="1/3to2/3_0" slope="0.00"/>
        <vehicle id="35" x="175.76" y="401.65" angle="-90.00" type="DEFAULT_VEHTYPE" speed="9.96" pos="19.49" lane="1/2to0/2_0" slope="0.00"/>
        <vehicle id="37" x="791.70" y="598.35" angle="90.00" type="DEFAULT_VEHTYPE" speed="13.79" pos="186.95" lane="3/3to4/3_0" slope="0.00"/>
        <vehicle id="38" x="415.92" y="401.65" angle="-90.00" type="DEFAULT_VEHTYPE" speed="7.71" pos="179.33" lane="3/2to2/2_0" slope="0.00"/>
        <vehicle id="41" x="294.67" y="598.35" angle="90.00" type="DEFAULT_VEHTYPE" speed="13.26" pos="89.92" lane="1/3to2/3_0" slope="0.00"/>
        <vehicle id="44" x="398.35" y="753.19" angle="0.00" type="DEFAULT_VEHTYPE" speed="13.68" pos="46.81" lane="2/4to2/3_0" slope="0.00"/>
        <vehicle id="48" x="401.65" y="700.40" angle="180.00" type="DEFAULT_VEHTYPE" speed="12.81" pos="95.65" lane="2/3to2/4_0" slope="0.00"/>
        <vehicle id="5" x="398.35" y="379.26" angle="0.00" type="DEFAULT_VEHTYPE" speed="12.74" pos="15.99" lane="2/2to2/1_0" slope="0.00"/>
        <vehicle id="7" x="203.75" y="598.21" angle="152.19" type="DEFAULT_VEHTYPE" speed="13.63" pos="3.99" lane=":1/3_8_0" slope="0.00"/>
        <vehicle id="8" x="350.29" y="201.65" angle="-90.00" type="DEFAULT_VEHTYPE" speed="13.33" pos="44.96" lane="2/1to1/1_0" slope="0.00"/>
    </timestep>
    <timestep time="140.00">
        <vehicle id="0" x="228.79" y="201.65" angle="-90.00" type="DEFAULT_VEHTYPE" speed="12.90" pos="166.46" lane="2/1to1/1_0" slope="0.00"/>
        <vehicle id="1" x="601.65" y="380.41" angle="180.00" type="DEFAULT_VEHTYPE" speed="9.77" pos="175.66" lane="3/1to3/2_0" slope="0.00"/>
        <vehicle id="17" x="201.65" y="482.27" angle="180.00" type="DEFAULT_VEHTYPE" speed="12.93" pos="77.52" lane="1/2to1/3_0" slope="0.00"/>
        <vehicle id="18" x="52.18" y="398.35" angle="90.00" type="DEFAULT_VEHTYPE" speed="13.10" pos="52.18" lane="0/2to1/2_0" slope="0.00"/>
        <vehicle id="21" x="39.31" y="401.65" angle="-90.00" type="DEFAULT_VEHTYPE" speed="13.09" pos="155.94" lane="1/2to0/2_0" slope="0.00"/>
        <vehicle id="22" x="601.65" y="232.83" angle="180.00" type="DEFAULT_VEHTYPE" speed="13.04" pos="28.08" lane="3/1to3/2_0" slope="0.00"/>
        <vehicle id="24" x="398.35" y="710.77" angle="0.00" type="DEFAULT_VEHTYPE" speed="13.27" pos="89.23" lane="2/4to2/3_0" slope="0.00"/>
        <vehicle id="26" x="398.35" y="602.57" angle="0.00" type="DEFAULT_VEHTYPE" speed="13.63" pos="2.18" lane=":2/3_1_0" slope="0.00"/>
        <vehicle id="28" x="201.65" y="518.42" angle="180.00" type="DEFAULT_VEHTYPE" speed="12.93" pos="113.67" lane="1/2to1/3_0" slope="0.00"/>
        <vehicle id="30" x="587.13" y="398.35" angle="90.00" type="DEFAULT_VEHTYPE" speed="6.24" pos="182.38" lane="2/2to3/2_0" slope="0.00"/>
        <vehicle id="32" x="358.81" y="598.35" angle="90.00" type="DEFAULT_VEHTYPE" speed="13.41" pos="154.06" lane="1/3to2/3_0" slope="0.00"/>
        <vehicle id="35" x="163.53" y="401.65" angle="-90.00" type="DEFAULT_VEHTYPE" speed="12.23" pos="31.72" lane="1/2to0/2_0" slope="0.00"/>
        <vehicle id="37" x="799.30" y="601.65" angle="-159.41" type="DEFAULT_VEHTYPE" speed="13.82" pos="0.70" lane="4/3to3/3_0" slope="0.00"/>
        <vehicle id="38" x="411.04" y="401.65" angle="-90.00" type="DEFAULT_VEHTYPE" speed="4.88" pos="184.21" lane="3/2to2/2_0" slope="0.00"/>
        <vehicle id="41" x="307.62" y="598.35" angle="90.00" type="DEFAULT_VEHTYPE" speed="12.95" pos="102.87" lane="1/3to2/3_0" slope="0.00"/>
        <vehicle id="44" x="398.35" y="739.71" angle="0.00" type="DEFAULT_VEHTYPE" speed="13.48" pos="60.29" lane="2/4to2/3_0" slope="0.00"/>
        <vehicle id="48" x="401.65" y="713.00" angle="180.00" type="DEFAULT_VEHTYPE" speed="12.60" pos="108.25" lane="2/3to2/4_0" slope="0.00"/>
        <vehicle id="5" x="398.35" y="365.50" angle="0.00" type="DEFAULT_VEHTYPE" speed="13.76" pos="29.75" lane="2/2to2/1_0" slope="0.00"/>
        <vehicle id="7" x="216.48" y="598.35" angle="90.00" type="DEFAULT_VEHTYPE" speed="12.74" pos="11.73" lane="1/3to2/3_0" slope="0.00"/>
        <vehicle id="8" x="336.50" y="201.65" angle="-90.00" type="DEFAULT_VEHTYPE" speed="13.80" pos="58.75" lane="2/1to1/1_0" slope="0.00"/>
    </timestep>
    <timestep time="141.00">
        <vehicle id="0" x="219.89" y="201.65" angle="-90.00" type="DEFAULT_VEHTYPE" speed="8.90" pos="175.36" lane="2/1to1/1_0" slope="0.00"/>
        <vehicle id="1" x="601.65" y="387.03" angle="180.00" type="DEFAULT_VEHTYPE" speed="6.62" pos="182.28" lane="3/1to3/2_0" slope="0.00"/>
        <vehicle id="17" x="201.65" y="495.98" angle="180.00" type="DEFAULT_VEHTYPE" speed="13.71" pos="91.23" lane="1/2to1/3_0" slope="0.00"/>
        <vehicle id="18" x="65.61" y="398.35" angle="90.00" type="DEFAULT_VEHTYPE" speed="13.43" pos="65.61" lane="0/2to1/2_0" slope="0.00"/>
        <vehicle id="21" x="25.80" y="401.65" angle="-90.00" type="DEFAULT_VEHTYPE" speed="13.52" pos="169.45" lane="1/2to0/2_0" slope="0.00"/>
        <vehicle id="22" x="601.65" y="246.67" angle="180.00" type="DEFAULT_VEHTYPE" speed="13.84" pos="41.92" lane="3/1to3/2_0" slope="0.00"/>
        <vehicle id="24" x="398.35" y="697.53" angle="0.00" type="DEFAULT_VEHTYPE" speed="13.24" pos="102.47" lane="2/4to2/3_0" slope="0.00"/>
        <vehicle id="26" x="398.35" y="588.97" angle="0.00" type="DEFAULT_VEHTYPE" speed="13.60" pos="6.28" lane="2/3to2/2_0" slope="0.00"/>
        <vehicle id="28" x="201.65" y="531.93" angle="180.00" type="DEFAULT_VEHTYPE" speed="13.51" pos="127.18" lane="1/2to1/3_0" slope="0.00"/>
        <vehicle id="30" x="590.54" y="398.35" angle="90.00" type="DEFAULT_VEHTYPE" speed="3.41" pos="185.79" lane="2/2to3/2_0" slope="0.00"/>
        <vehicle id="32" x="371.40" y="598.35" angle="90.00" type="DEFAULT_VEHTYPE" speed="12.58" pos="166.65" lane="1/3to2/3_0" slope="0.00"/>
        <vehicle id="35" x="149.92" y="401.65" angle="-90.00" type="DEFAULT_VEHTYPE" speed="13.62" pos="45.33" lane="1/2to0/2_0" slope="0.00"/>
        <vehicle id="37" x="786.47" y="601.65" angle="-90.00" type="DEFAULT_VEHTYPE" speed="12.83" pos="13.53" lane="4/3to3/3_0" slope="0.00"/>
        <vehicle id="38" x="403.61" y="401.65" angle="-90.00" type="DEFAULT_VEHTYPE" speed="7.43" pos="1.14" lane=":2/2_5_0" slope="0.00"/>
        <vehicle id="41" x="321.24" y="598.35" angle="90.00" type="DEFAULT_VEHTYPE" speed="13.62" pos="116.49" lane="1/3to2/3_0" slope="0.00"/>
        <vehicle id="44" x="398.35" y="727.02" angle="0.00" type="DEFAULT_VEHTYPE" speed="12.68" pos="72.98" lane="2/4to2/3_0" slope="0.00"/>
        <vehicle id="48" x="401.65" y="726.16" angle="180.00" type="DEFAULT_VEHTYPE" speed="13.16" pos="121.41" lane="2/3to2/4_0" slope="0.00"/>
        <vehicle id="5" x="398.35" y="351.62" angle="0.00" type="DEFAULT_VEHTYPE" speed="13.88" pos="43.63" lane="2/2to2/1_0" slope="0.00"/>
        <vehicle id="7" x="230.25" y="598.35" angle="90.00" type="DEFAULT_VEHTYPE" speed="13.77" pos="25.50" lane="1/3to2/3_0" slope="0.00"/>
        <vehicle id="8" x="323.51" y="201.65" angle="-90.00" type="DEFAULT_VEHTYPE" speed="12.98" pos="71.74" lane="2/1to1/1_0" slope="0.00"/>
    </timestep>
    <timestep time="142.00">
        <vehicle id="0" x="213.89" y="201.65" angle="-90.00" type="DEFAULT_VEHTYPE" speed="6.01" pos="181.36" lane="2/1to1/1_0" slope="0.00"/>
        <vehicle id="1" x="601.65" y="390.46" angle="180.00" type="DEFAULT_VEHTYPE" speed="3.44" pos="185.71" lane="3/1to3/2_0" slope="0.00"/>
        <vehicle id="17" x="201.65" y="509.12" angle="180.00" type="DEFAULT_VEHTYPE" speed="13.14" pos="104.37" lane="1/2to1/3_0" slope="0.00"/>
        <vehicle id="18" x="78.27" y="398.35" angle="90.00" type="DEFAULT_VEHTYPE" speed="12.65" pos="78.27" lane="0/2to1/2_0" slope="0.00"/>
        <vehicle id="21" x="12.66" y="401.65" angle="-90.00" type="DEFAULT_VEHTYPE" speed="13.14" pos="182.59" lane="1/2to0/2_0" slope="0.00"/>
        <vehicle id="22" x="601.65" y="259.87" angle="180.00" type="DEFAULT_VEHTYPE" speed="13.20" pos="55.12" lane="3/1to3/2_0" slope="0.00"/>
        <vehicle id="24" x="398.35" y="683.64" angle="0.00" type="DEFAULT_VEHTYPE" speed="13.89" pos="116.36" lane="2/4to2/3_0" slope="0.00"/>
        <vehicle id="26" x="398.35" y="575.87" angle="0.00" type="DEFAULT_VEHTYPE" speed="13.10" pos="19.38" lane="2/3to2/2_0" slope="0.00"/>
        <vehicle id="28" x="201.65" y="544.82" angle="180.00" type="DEFAULT_VEHTYPE" speed="12.89" pos="140.07" lane="1/2to1/3_0" slope="0.00"/>
        <vehicle id="30" x="591.47" y="398.35" angle="90.00" type="DEFAULT_VEHTYPE" speed="0.93" pos="186.72" lane="2/2to3/2_0" slope="0.00"/>
        <vehicle id="32" x="381.03" y="598.35" angle="90.00" type="DEFAULT_VEHTYPE" speed="9.63" pos="176.28" lane="1/3to2/3_0" slope="0.00"/>
        <vehicle id="35" x="136.78" y="401.65" angle="-90.00" type="DEFAULT_VEHTYPE" speed="13.14" pos="58.47" lane="1/2to0/2_0" slope="0.00"/>
        <vehicle id="37" x="773.86" y="601.65" angle="-90.00" type="DEFAULT_VEHTYPE" speed="12.61" pos="26.14" lane="4/3to3/3_0" slope="0.00"/>
        <vehicle id="38" x="394.52" y="401.65" angle="-90.00" type="DEFAULT_VEHTYPE" speed="9.08" pos="0.73" lane="2/2to1/2_0" slope="0.00"/>
        <vehicle id="41" x="335.14" y="598.35" angle="90.00" type="DEFAULT_VEHTYPE" speed="13.90" pos="130.39" lane="1/3to2/3_0" slope="0.00"/>
        <vehicle id="44" x="398.35" y="713.57" angle="0.00" type="DEFAULT_VEHTYPE" speed="13.45" pos="86.43" lane="2/4to2/3_0" slope="0.00"/>
        <vehicle id="48" x="401.65" y="739.37" angle="180.00" type="DEFAULT_VEHTYPE" speed="13.21" pos="134.62" lane="2/3to2/4_0" slope="0.00"/>
        <vehicle id="5" x="398.35" y="337.93" angle="0.00" type="DEFAULT_VEHTYPE" speed="13.69" pos="57.32" lane="2/2to2/1_0" slope="0.00"/>
        <vehicle id="7" x="244.02" y="598.35" angle="90.00" type="DEFAULT_VEHTYPE" speed="13.77" pos="39.27" lane="1/3to2/3_0" slope="0.00"/>
        <vehicle id="8" x="310.12" y="201.65" angle="-90.00" type="DEFAULT_VEHTYPE" speed="13.39" pos="85.13" lane="2/1to1/1_0" slope="0.00"/>
    </timestep>
    <timestep time="143.00">
        <vehicle id="0" x="210.28" y="201.65" angle="-90.00" type="DEFAULT_VEHTYPE" speed="3.60" pos="184.97" lane="2/1to1/1_0" slope="0.00"/>
        <vehicle id="1" x="601.56" y="395.86" angle="-178.99" type="DEFAULT_VEHTYPE" speed="5.41" pos="0.62" lane=":3/2_10_0" slope="0.00"/>
        <vehicle id="17" x="201.65" y="522.77" angle="180.00" type="DEFAULT_VEHTYPE" speed="13.65" pos="118.02" lane="1/2to1/3_0" slope="0.00"/>
        <vehicle id="18" x="91.38" y="398.35" angle="90.00" type="DEFAULT_VEHTYPE" speed="13.11" pos="91.38" lane="0/2to1/2_0" slope="0.00"/>
        <vehicle id="21" x="-0.59" y="401.26" angle="-85.41" type="DEFAULT_VEHTYPE" speed="13.37" pos="0.71" lane=":0/2_0_0" slope="0.00"/>
        <vehicle id="22" x="601.65" y="273.36" angle="180.00" type="DEFAULT_VEHTYPE" speed="13.48" pos="68.61" lane="3/1to3/2_0" slope="0.00"/>
        <vehicle id="24" x="398.35" y="669.81" angle="0.00" type="DEFAULT_VEHTYPE" speed="13.83" pos="130.19" lane="2/4to2/3_0" slope="0.00"/>
        <vehicle id="26" x="398.35" y="562.52" angle="0.00" type="DEFAULT_VEHTYPE" speed="13.35" pos="32.73" lane="2/3to2/2_0" slope="0.00"/>
        <vehicle id="28" x="201.65" y="558.06" angle="180.00" type="DEFAULT_VEHTYPE" speed="13.24" pos="153.31" lane="1/2to1/3_0" slope="0.00"/>
        <vehicle id="30" x="592.43" y="398.35" angle="90.00" type="DEFAULT_VEHTYPE" speed="0.96" pos="187.68" lane="2/2to3/2_0" slope="0.00"/>
        <vehicle id="32" x="387.69" y="598.35" angle="90.00" type="DEFAULT_VEHTYPE" speed="6.66" pos="182.94" lane="1/3to2/3_0" slope="0.00"/>
        <vehicle id="35" x="123.72" y="401.65" angle="-90.00" type="DEFAULT_VEHTYPE" speed="13.06" pos="71.53" lane="1/2to0/2_0" slope="0.00"/>
        <vehicle id="37" x="761.09" y="601.65" angle="-90.00" type="DEFAULT_VEHTYPE" speed="12.77" pos="38.91" lane="4/3to3/3_0" slope="0.00"/>
        <vehicle id="38" x="382.86" y="401.65" angle="-90.00" type="DEFAULT_VEHTYPE" speed="11.67" pos="12.39" lane="2/2to1/2_0" slope="0.00"/>
        <vehicle id="41" x="348.15" y="598.35" angle="90.00" type="DEFAULT_VEHTYPE" speed="13.01" pos="143.40" lane="1/3to2/3_0" slope="0.00"/>
        <vehicle id="44" x="398.35" y="700.30" angle="0.00" type="DEFAULT_VEHTYPE" speed="13.27" pos="99.70" lane="2/4to2/3_0" slope="0.00"/>
        <vehicle id="48" x="401.65" y="753.24" angle="180.00" type="DEFAULT_VEHTYPE" speed="13.87" pos="148.49" lane="2/3to2/4_0" slope="0.00"/>
        <vehicle id="5" x="398.35" y="324.70" angle="0.00" type="DEFAULT_VEHTYPE" speed="13.23" pos="70.55" lane="2/2to2/1_0" slope="0.00"/>
        <vehicle id="7" x="257.66" y="598.35" angle="90.00" type="DEFAULT_VEHTYPE" speed="13.64" pos="52.91" lane="1/3to2/3_0" slope="0.00"/>
        <vehicle id="8" x="297.46" y="201.65" angle="-90.00" type="DEFAULT_VEHTYPE" speed="12.65" pos="97.79" lane="2/1to1/1_0" slope="0.00"/>
    </timestep>
    <timestep time="144.00">
        <vehicle id="0" x="205.18" y="201.65" angle="-90.00" type="DEFAULT_VEHTYPE" speed="5.10" pos="190.07" lane="2/1to1/1_0" slope="0.00"/>
        <vehicle id="1" x="597.55" y="401.32" angle="-130.88" type="DEFAULT_VEHTYPE" speed="7.37" pos="0.85" lane=":3/2_18_0" slope="0.00"/>
        <vehicle id="17" x="201.65" y="535.37" angle="180.00" type="DEFAULT_VEHTYPE" speed="12.60" pos="130.62" lane="1/2to1/3_0" slope="0.00"/>
        <vehicle id="18" x="104.10" y="398.35" angle="90.00" type="DEFAULT_VEHTYPE" speed="12.72" pos="104.10" lane="0/2to1/2_0" slope="0.00"/>
        <vehicle id="21" x="9.04" y="398.35" angle="90.00" type="DEFAULT_VEHTYPE" speed="13.15" pos="9.04" lane="0/2to1/2_0" slope="0.00"/>
        <vehicle id="22" x="601.65" y="287.12" angle="180.00" type="DEFAULT_VEHTYPE" speed="13.76" pos="82.37" lane="3/1to3/2_0" slope="0.00"/>
        <vehicle id="24" x="398.35" y="656.62" angle="0.00" type="DEFAULT_VEHTYPE" speed="13.19" pos="143.38" lane="2/4to2/3_0" slope="0.00"/>
        <vehicle id="26" x="398.35" y="549.66" angle="0.00" type="DEFAULT_VEHTYPE" speed="12.86" pos="45.59" lane="2/3to2/2_0" slope="0.00"/>
        <vehicle id="28" x="201.65" y="571.56" angle="180.00" type="DEFAULT_VEHTYPE" speed="13.50" pos="166.81" lane="1/2to1/3_0" slope="0.00"/>
        <vehicle id="30" x="592.59" y="398.35" angle="90.00" type="DEFAULT_VEHTYPE" speed="0.16" pos="187.84" lane="2/2to3/2_0" slope="0.00"/>
        <vehicle id="32" x="390.42" y="598.35" angle="90.00" type="DEFAULT_VEHTYPE" speed="2.73" pos="185.67" lane="1/3to2/3_0" slope="0.00"/>
        <vehicle id="35" x="110.14" y="401.65" angle="-90.00" type="DEFAULT_VEHTYPE" speed="13.58" pos="85.11" lane="1/2to0/2_0" slope="0.00"/>
        <vehicle id="37" x="747.61" y="601.65" angle="-90.00" type="DEFAULT_VEHTYPE" speed="13.48" pos="52.39" lane="4/3to3/3_0" slope="0.00"/>
        <vehicle id="38" x="368.97" y="401.65" angle="-90.00" type="DEFAULT_VEHTYPE" speed="13.89" pos="26.28" lane="2/2to1/2_0" slope="0.00"/>
        <vehicle id="41" x="361.11" y="598.35" angle="90.00" type="DEFAULT_VEHTYPE" speed="12.96" pos="156.36" lane="1/3to2/3_0" slope="0.00"/>
        <vehicle id="44" x="398.35" y="687.67" angle="0.00" type="DEFAULT_VEHTYPE" speed="12.63" pos="112.33" lane="2/4to2/3_0" slope="0.00"/>
        <vehicle id="48" x="401.65" y="766.68" angle="180.00" type="DEFAULT_VEHTYPE" speed="13.44" pos="161.93" lane="2/3to2/4_0" slope="0.00"/>
        <vehicle id="5" x="398.35" y="311.38" angle="0.00" type="DEFAULT_VEHTYPE" speed="13.31" pos="83.87" lane="2/2to2/1_0" slope="0.00"/>
        <vehicle id="7" x="271.36" y="598.35" angle="90.00" type="DEFAULT_VEHTYPE" speed="13.70" pos="66.61" lane="1/3to2/3_0" slope="0.00"/>
        <vehicle id="8" x="284.09" y="201.65" angle="-90.00" type="DEFAULT_VEHTYPE" speed="13.37" pos="111.16" lane="2/1to1/1_0" slope="0.00"/>
    </timestep>
    <timestep time="145.00">
        <vehicle id="0" x="201.65" y="206.04" angle="-156.63" type="DEFAULT_VEHTYPE" speed="6.72" pos="1.29" lane="1/1to1/2_0" slope="0.00"/>
        <vehicle id="1" x="587.99" y="401.65" angle="-90.00" type="DEFAULT_VEHTYPE" speed="9.58" pos="7.26" lane="3/2to2/2_0" slope="0.00"/>
        <vehicle id="17" x="201.65" y="548.40" angle="180.00" type="DEFAULT_VEHTYPE" speed="13.03" pos="143.65" lane="1/2to1/3_0" slope="0.00"/>
        <vehicle id="18" x="117.87" y="398.35" angle="90.00" type="DEFAULT_VEHTYPE" speed="13.77" pos="117.87" lane="0/2to1/2_0" slope="0.00"/>
        <vehicle id="21" x="22.14" y="398.35" angle="90.00" type="DEFAULT_VEHTYPE" speed="13.09" pos="22.14" lane="0/2to1/2_0" slope="0.00"/>
        <vehicle id="22" x="601.65" y="300.70" angle="180.00" type="DEFAULT_VEHTYPE" speed="13.58" pos="95.95" lane="3/1to3/2_0" slope="0.00"/>
        <vehicle id="24" x="398.35" y="643.41" angle="0.00" type="DEFAULT_VEHTYPE" speed="13.21" pos="156.59" lane="2/4to2/3_0" slope="0.00"/>
        <vehicle id="26" x="398.35" y="536.34" angle="0.00" type="DEFAULT_VEHTYPE" speed="13.32" pos="58.91" lane="2/3to2/2_0" slope="0.00"/>
        <vehicle id="28" x="201.65" y="584.55" angle="180.00" type="DEFAULT_VEHTYPE" speed="12.99" pos="179.80" lane="1/2to1/3_0" slope="0.00"/>
        <vehicle id="30" x="593.91" y="398.35" angle="90.00" type="DEFAULT_VEHTYPE" speed="1.32" pos="189.16" lane="2/2to3/2_0" slope="0.00"/>
        <vehicle id="32" x="395.58" y="598.40" angle="90.54" type="DEFAULT_VEHTYPE" speed="5.16" pos="0.33" lane=":2/3_14_0" slope="0.00"/>
        <vehicle id="35" x="96.73" y="401.65" angle="-90.00" type="DEFAULT_VEHTYPE" speed="13.42" pos="98.52" lane="1/2to0/2_0" slope="0.00"/>
        <vehicle id="37" x="733.91" y="601.65" angle="-90.00" type="DEFAULT_VEHTYPE" speed="13.70" pos="66.09" lane="4/3to3/3_0" slope="0.00"/>
        <vehicle id="38" x="356.34" y="401.65" angle="-90.00" type="DEFAULT_VEHTYPE" speed="12.63" pos="38.91" lane="2/2to1/2_0" slope="0.00"/>
        <vehicle id="41" x="370.59" y="598.35" angle="90.00" type="DEFAULT_VEHTYPE" speed="9.48" pos="165.84" lane="1/3to2/3_0" slope="0.00"/>
        <vehicle id="44" x="398.35" y="673.82" angle="0.00" type="DEFAULT_VEHTYPE" speed="13.85" pos="126.18" lane="2/4to2/3_0" slope="0.00"/>
        <vehicle id="48" x="401.65" y="779.43" angle="180.00" type="DEFAULT_VEHTYPE" speed="12.75" pos="174.68" lane="2/3to2/4_0" slope="0.00"/>
        <vehicle id="5" x="398.35" y="298.73" angle="0.00" type="DEFAULT_VEHTYPE" speed="12.66" pos="96.52" lane="2/2to2/1_0" slope="0.00"/>
        <vehicle id="7" x="285.06" y="598.35" angle="90.00" type="DEFAULT_VEHTYPE" speed="13.69" pos="80.31" lane="1/3to2/3_0" slope="0.00"/>
        <vehicle id="8" x="270.40" y="201.65" angle="-90.00" type="DEFAULT_VEHTYPE" speed="13.69" pos="124.85" lane="2/1to1/1_0" slope="0.00"/>
    </timestep>
    <timestep time="146.00">
        <vehicle id="0" x="201.65" y="214.74" angle="180.00" type="DEFAULT_VEHTYPE" speed="8.70" pos="9.99" lane="1/1to1/2_0" slope="0.00"/>
        <vehicle id="1" x="576.77" y="401.65" angle="-90.00" type="DEFAULT_VEHTYPE" speed="11.23" pos="18.48" lane="3/2to2/2_0" slope="0.00"/>
        <vehicle id="17" x="201.65" y="561.82" angle="180.00" type="DEFAULT_VEHTYPE" speed="13.41" pos="157.07" lane="1/2to1/3_0" slope="0.00"/>
        <vehicle id="18" x="131.64" y="398.35" angle="90.00" type="DEFAULT_VEHTYPE" speed="13.77" pos="131.64" lane="0/2to1/2_0" slope="0.00"/>
        <vehicle id="21" x="35.70" y="398.35" angle="90.00" type="DEFAULT_VEHTYPE" speed="13.56" pos="35.70" lane="0/2to1/2_0" slope="0.00"/>
        <vehicle id="22" x="601.65" y="313.33" angle="180.00" type="DEFAULT_VEHTYPE" speed="12.63" pos="108.58" lane="3/1to3/2_0" slope="0.00"/>
        <vehicle id="24" x="398.35" y="629.92" angle="0.00" type="DEFAULT_VEHTYPE" speed="13.48" pos="170.08" lane="2/4to2/3_0" slope="0.00"/>
        <vehicle id="26" x="398.35" y="522.83" angle="0.00" type="DEFAULT_VEHTYPE" speed="13.50" pos="72.42" lane="2/3to2/2_0" slope="0.00"/>
        <vehicle id="28" x="202.93" y="597.88" angle="164.25" type="DEFAULT_VEHTYPE" speed="13.79" pos="3.09" lane=":1/3_8_0" slope="0.00"/>
        <vehicle id="30" x="596.88" y="398.35" angle="90.00" type="DEFAULT_VEHTYPE" speed="2.96" pos="1.63" lane=":3/2_13_0" slope="0.00"/>
        <vehicle id="32" x="401.28" y="602.18" angle="135.95" type="DEFAULT_VEHTYPE" speed="7.40" pos="7.73" lane=":2/3_14_0" slope="0.00"/>
        <vehicle id="35" x="83.96" y="401.65" angle="-90.00" type="DEFAULT_VEHTYPE" speed="12.76" pos="111.29" lane="1/2to0/2_0" slope="0.00"/>
        <vehicle id="37" x="720.95" y="601.65" angle="-90.00" type="DEFAULT_VEHTYPE" speed="12.96" pos="79.05" lane="4/3to3/3_0" slope="0.00"/>
        <vehicle id="38" x="343.31" y="401.65" angle="-90.00" type="DEFAULT_VEHTYPE" speed="13.02" pos="51.94" lane="2/2to1/2_0" slope="0.00"/>
        <vehicle id="41" x="379.71" y="598.35" angle="90.00" type="DEFAULT_VEHTYPE" speed="9.12" pos="174.96" lane="1/3to2/3_0" slope="0.00"/>
        <vehicle id="44" x="398.35" y="660.34" angle="0.00" type="DEFAULT_VEHTYPE" speed="13.48" pos="139.66" lane="2/4to2/3_0" slope="0.00"/>
        <vehicle id="48" x="401.65" y="793.32" angle="180.00" type="DEFAULT_VEHTYPE" speed="13.89" pos="188.57" lane="2/3to2/4_0" slope="0.00"/>
        <vehicle id="5" x="398.35" y="285.32" angle="0.00" type="DEFAULT_VEHTYPE" speed="13.40" pos="109.93" lane="2/2to2/1_0" slope="0.00"/>
        <vehicle id="7" x="298.48" y="598.35" angle="90.00" type="DEFAULT_VEHTYPE" speed="13.42" pos="93.73" lane="1/3to2/3_0" slope="0.00"/>
        <vehicle id="8" x="257.35" y="201.65" angle="-90.00" type="DEFAULT_VEHTYPE" speed="13.06" pos="137.90" lane="2/1to1/1_0" slope="0.00"/>
    </timestep>
    <timestep time="147.00">
        <vehicle id="0" x="201.65" y="225.65" angle="180.00" type="DEFAULT_VEHTYPE" speed="10.91" pos="20.90" lane="1/1to1/2_0" slope="0.00"/>
        <vehicle id="1" x="563.33" y="401.65" angle="-90.00" type="DEFAULT_VEHTYPE" speed="13.43" pos="31.92" lane="3/2to2/2_0" slope="0.00"/>
        <vehicle id="17" x="201.65" y="574.79" angle="180.00" type="DEFAULT_VEHTYPE" speed="12.98" pos="170.04" lane="1/2to1/3_0" slope="0.00"/>
        <vehicle id="18" x="144.30" y="398.35" angle="90.00" type="DEFAULT_VEHTYPE" speed="12.66" pos="144.30" lane="0/2to1/2_0" slope="0.00"/>
        <vehicle id="21" x="48.55" y="398.35" angle="90.00" type="DEFAULT_VEHTYPE" speed="12.85" pos="48.55" lane="0/2to1/2_0" slope="0.00"/>
        <vehicle id="22" x="601.65" y="326.36" angle="180.00" type="DEFAULT_VEHTYPE" speed="13.02" pos="121.61" lane="3/1to3/2_0" slope="0.00"/>
        <vehicle id="24" x="398.35" y="616.74" angle="0.00" type="DEFAULT_VEHTYPE" speed="13.18" pos="183.26" lane="2/4to2/3_0" slope="0.00"/>
        <vehicle id="26" x="398.35" y="509.66" angle="0.00" type="DEFAULT_VEHTYPE" speed="13.17" pos="85.59" lane="2/3to2/2_0" slope="0.00"/>
        <vehicle id="28" x="216.46" y="598.35" angle="90.00" type="DEFAULT_VEHTYPE" speed="13.62" pos="11.71" lane="1/3to2/3_0" slope="0.00"/>
        <vehicle id="30" x="601.37" y="398.35" angle="90.00" type="DEFAULT_VEHTYPE" speed="4.50" pos="6.12" lane=":3/2_13_0" slope="0.00"/>
        <vehicle id="32" x="401.65" y="611.43" angle="180.00" type="DEFAULT_VEHTYPE" speed="9.28" pos="6.68" lane="2/3to2/4_0" slope="0.00"/>
        <vehicle id="35" x="70.62" y="401.65" angle="-90.00" type="DEFAULT_VEHTYPE" speed="13.34" pos="124.63" lane="1/2to0/2_0" slope="0.00"/>
        <vehicle id="37" x="707.37" y="601.65" angle="-90.00" type="DEFAULT_VEHTYPE" speed="13.58" pos="92.63" lane="4/3to3/3_0" slope="0.00"/>
        <vehicle id="38" x="330.08" y="401.65" angle="-90.00" type="DEFAULT_VEHTYPE" speed="13.23" pos="65.17" lane="2/2to1/2_0" slope="0.00"/>
        <vehicle id="41" x="386.77" y="598.35" angle="90.00" type="DEFAULT_VEHTYPE" speed="7.06" pos="182.02" lane="1/3to2/3_0" slope="0.00"/>
        <vehicle id="44" x="398.35" y="646.87" angle="0.00" type="DEFAULT_VEHTYPE" speed="13.48" pos="153.13" lane="2/4to2/3_0" slope="0.00"/>
        <vehicle id="48" x="398.35" y="798.68" angle="-49.74" type="DEFAULT_VEHTYPE" speed="12.82" pos="1.32" lane="2/4to2/3_0" slope="0.00"/>
        <vehicle id="5" x="398.35" y="272.19" angle="0.00" type="DEFAULT_VEHTYPE" speed="13.14" pos="123.06" lane="2/2to2/1_0" slope="0.00"/>
        <vehicle id="7" x="311.48" y="598.35" angle="90.00" type="DEFAULT_VEHTYPE" speed="13.00" pos="106.73" lane="1/3to2/3_0" slope="0.00"/>
        <vehicle id="8" x="244.47" y="201.65" angle="-90.00" type="DEFAULT_VEHTYPE" speed="12.88" pos="150.78" lane="2/1to1/1_0" slope="0.00"/>
    </timestep>
    <timestep time="148.00">
        <vehicle id="0" x="201.65" y="238.63" angle="180.00" type="DEFAULT_VEHTYPE" speed="12.97" pos="33.88" lane="1/1to1/2_0" slope="0.00"/>
        <vehicle id="1" x="549.87" y="401.65" angle="-90.00" type="DEFAULT_VEHTYPE" speed="13.46" pos="45.38" lane="3/2to2/2_0" slope="0.00"/>
        <vehicle id="17" x="201.65" y="587.39" angle="180.00" type="DEFAULT_VEHTYPE" speed="12.60" pos="182.64" lane="1/2to1/3_0" slope="0.00"/>
        <vehicle id="18" x="158.10" y="398.35" angle="90.00" type="DEFAULT_VEHTYPE" speed="13.80" pos="158.10" lane="0/2to1/2_0" slope="0.00"/>
        <vehicle id="21" x="62.13" y="398.35" angle="90.00" type="DEFAULT_VEHTYPE" speed="13.58" pos="62.13" lane="0/2to1/2_0" slope="0.00"/>
        <vehicle id="22" x="601.65" y="340.16" angle="180.00" type="DEFAULT_VEHTYPE" speed="13.80" pos="135.41" lane="3/1to3/2_0" slope="0.00"/>
        <vehicle id="24" x="398.35" y="603.93" angle="0.00" type="DEFAULT_VEHTYPE" speed="12.82" pos="0.82" lane=":2/3_1_0" slope="0.00"/>
        <vehicle id="26" x="398.35" y="497.03" angle="0.00" type="DEFAULT_VEHTYPE" speed="12.63" pos="98.22" lane="2/3to2/2_0" slope="0.00"/>
        <vehicle id="28" x="229.32" y="598.35" angle="90.00" type="DEFAULT_VEHTYPE" speed="12.86" pos="24.57" lane="1/3to2/3_0" slope="0.00"/>
        <vehicle id="30" x="607.74" y="398.35" angle="90.00" type="DEFAULT_VEHTYPE" speed="6.37" pos="2.99" lane="3/2to4/2_0" slope="0.00"/>
        <vehicle id="32" x="401.65" y="622.40" angle="180.00" type="DEFAULT_VEHTYPE" speed="10.97" pos="17.65" lane="2/3to2/4_0" slope="0.00"/>
        <vehicle id="35" x="56.78" y="401.65" angle="-90.00" type="DEFAULT_VEHTYPE" speed="13.84" pos="138.47" lane="1/2to0/2_0" slope="0.00"/>
        <vehicle id="37" x="694.07" y="601.65" angle="-90.00" type="DEFAULT_VEHTYPE" speed="13.30" pos="105.93" lane="4/3to3/3_0" slope="0.00"/>
        <vehicle id="38" x="317.06" y="401.65" angle="-90.00" type="DEFAULT_VEHTYPE" speed="13.02" pos="78.19" lane="2/2to1/2_0" slope="0.00"/>
        <vehicle id="41" x="389.79" y="598.35" angle="90.00" type="DEFAULT_VEHTYPE" speed="3.02" pos="185.04" lane="1/3to2/3_0" slope="0.00"/>
        <vehicle id="44" x="398.35" y="634.20" angle="0.00" type="DEFAULT_VEHTYPE" speed="12.67" pos="165.80" lane="2/4to2/3_0" slope="0.00"/>
        <vehicle id="48" x="398.35" y="785.35" angle="0.00" type="DEFAULT_VEHTYPE" speed="13.33" pos="14.65" lane="2/4to2/3_0" slope="0.00"/>
        <vehicle id="5" x="398.35" y="258.45" angle="0.00" type="DEFAULT_VEHTYPE" speed="13.74" pos="136.80" lane="2/2to2/1_0" slope="0.00"/>
        <vehicle id="7" x="324.36" y="598.35" angle="90.00" type="DEFAULT_VEHTYPE" speed="12.88" pos="119.61" lane="1/3to2/3_0" slope="0.00"/>
        <vehicle id="8" x="231.21" y="201.65" angle="-90.00" type="DEFAULT_VEHTYPE" speed="13.26" pos="164.04" lane="2/1to1/1_0" slope="0.00"/>
    </timestep>
    <timestep time="149.00">
        <vehicle id="0" x="201.65" y="251.47" angle="180.00" type="DEFAULT_VEHTYPE" speed="12.84" pos="46.72" lane="1/1to1/2_0" slope="0.00"/>
        <vehicle id="1" x="536.71" y="401.65" angle="-90.00" type="DEFAULT_VEHTYPE" speed="13.16" pos="58.54" lane="3/2to2/2_0" slope="0.00"/>
        <vehicle id="17" x="204.59" y="598.33" angle="137.78" type="DEFAULT_VEHTYPE" speed="12.69" pos="4.84" lane=":1/3_8_0" slope="0.00"/>
        <vehicle id="18" x="170.77" y="398.35" angle="90.00" type="DEFAULT_VEHTYPE" speed="12.67" pos="170.77" lane="0/2to1/2_0" slope="0.00"/>
        <vehicle id="21" x="75.55" y="398.35" angle="90.00" type="DEFAULT_VEHTYPE" speed="13.42" pos="75.55" lane="0/2to1/2_0" slope="0.00"/>
        <vehicle id="22" x="601.65" y="353.44" angle="180.00" type="DEFAULT_VEHTYPE" speed="13.28" pos="148.69" lane="3/1to3/2_0" slope="0.00"/>
        <vehicle id="24" x="398.35" y="591.15" angle="0.00" type="DEFAULT_VEHTYPE" speed="12.77" pos="4.10" lane="2/3to2/2_0" slope="0.00"/>
        <vehicle id="26" x="398.35" y="483.60" angle="0.00" type="DEFAULT_VEHTYPE" speed="13.43" pos="111.65" lane="2/3to2/2_0" slope="0.00"/>
        <vehicle id="28" x="243.22" y="598.35" angle="90.00" type="DEFAULT_VEHTYPE" speed="13.90" pos="38.47" lane="1/3to2/3_0" slope="0.00"/>
        <vehicle id="30" x="615.71" y="398.35" angle="90.00" type="DEFAULT_VEHTYPE" speed="7.97" pos="10.96" lane="3/2to4/2_0" slope="0.00"/>
        <vehicle id="32" x="401.65" y="634.93" angle="180.00" type="DEFAULT_VEHTYPE" speed="12.53" pos="30.18" lane="2/3to2/4_0" slope="0.00"/>
        <vehicle id="35" x="43.92" y="401.65" angle="-90.00" type="DEFAULT_VEHTYPE" speed="12.85" pos="151.33" lane="1/2to0/2_0" slope="0.00"/>
        <vehicle id="37" x="680.79" y="601.65" angle="-90.00" type="DEFAULT_VEHTYPE" speed="13.28" pos="119.21" lane="4/3to3/3_0" slope="0.00"/>
        <vehicle id="38" x="303.51" y="401.65" angle="-90.00" type="DEFAULT_VEHTYPE" speed="13.55" pos="91.74" lane="2/2to1/2_0" slope="0.00"/>
        <vehicle id="41" x="391.59" y="598.35" angle="90.00" type="DEFAULT_VEHTYPE" speed="1.80" pos="186.84" lane="1/3to2/3_0" slope="0.00"/>
        <vehicle id="44" x="398.35" y="620.68" angle="0.00" type="DEFAULT_VEHTYPE" speed="13.51" pos="179.32" lane="2/4to2/3_0" slope="0.00"/>
        <vehicle id="48" x="398.35" y="771.67" angle="0.00" type="DEFAULT_VEHTYPE" speed="13.68" pos="28.33" lane="2/4to2/3_0" slope="0.00"/>
        <vehicle id="5" x="398.35" y="245.32" angle="0.00" type="DEFAULT_VEHTYPE" speed="13.13" pos="149.93" lane="2/2to2/1_0" slope="0.00"/>
        <vehicle id="7" x="337.00" y="598.35" angle="90.00" type="DEFAULT_VEHTYPE" speed="12.63" pos="132.25" lane="1/3to2/3_0" slope="0.00"/>
        <vehicle id="8" x="220.56" y="201.65" angle="-90.00" type="DEFAULT_VEHTYPE" speed="10.64" pos="174.69" lane="2/1to1/1_0" slope="0.00"/>
    </timestep>
    <timestep time="150.00">
        <vehicle id="0" x="201.65" y="264.23" angle="180.00" type="DEFAULT_VEHTYPE" speed="12.76" pos="59.48" lane="1/1to1/2_0" slope="0.00"/>
        <vehicle id="1" x="523.91" y="401.65" angle="-90.00" type="DEFAULT_VEHTYPE" speed="12.80" pos="71.34" lane="3/2to2/2_0" slope="0.00"/>
        <vehicle id="17" x="217.81" y="598.35" angle="90.00" type="DEFAULT_VEHTYPE" speed="13.22" pos="13.06" lane="1/3to2/3_0" slope="0.00"/>
        <vehicle id="18" x="180.52" y="398.35" angle="90.00" type="DEFAULT_VEHTYPE" speed="9.75" pos="180.52" lane="0/2to1/2_0" slope="0.00"/>
        <vehicle id="21" x="88.61" y="398.35" angle="90.00" type="DEFAULT_VEHTYPE" speed="13.06" pos="88.61" lane="0/2to1/2_0" slope="0.00"/>
        <vehicle id="22" x="601.65" y="366.94" angle="180.00" type="DEFAULT_VEHTYPE" speed="13.50" pos="162.19" lane="3/1to3/2_0" slope="0.00"/>
        <vehicle id="24" x="398.35" y="578.38" angle="0.00" type="DEFAULT_VEHTYPE" speed="12.77" pos="16.87" lane="2/3to2/2_0" slope="0.00"/>
        <vehicle id="26" x="398.35" y="470.12" angle="0.00" type="DEFAULT_VEHTYPE" speed="13.48" pos="125.13" lane="2/3to2/2_0" slope="0.00"/>
        <vehicle id="28" x="256.81" y="598.35" angle="90.00" type="DEFAULT_VEHTYPE" speed="13.59" pos="52.06" lane="1/3to2/3_0" slope="0.00"/>
        <vehicle id="30" x="625.96" y="398.35" angle="90.00" type="DEFAULT_VEHTYPE" speed="10.25" pos="21.21" lane="3/2to4/2_0" slope="0.00"/>
        <vehicle id="32" x="401.65" y="648.56" angle="180.00" type="DEFAULT_VEHTYPE" speed="13.63" pos="43.81" lane="2/3to2/4_0" slope="0.00"/>
        <vehicle id="35" x="31.11" y="401.65" angle="-90.00" type="DEFAULT_VEHTYPE" speed="12.82" pos="164.14" lane="1/2to0/2_0" slope="0.00"/>
        <vehicle id="37" x="667.61" y="601.65" angle="-90.00" type="DEFAULT_VEHTYPE" speed="13.18" pos="132.39" lane="4/3to3/3_0" slope="0.00"/>
        <vehicle id="38" x="289.85" y="401.65" angle="-90.00" type="DEFAULT_VEHTYPE" speed="13.66" pos="105.40" lane="2/2to1/2_0" slope="0.00"/>
        <vehicle id="41" x="392.21" y="598.35" angle="90.00" type="DEFAULT_VEHTYPE" speed="0.62" pos="187.46" lane="1/3to2/3_0" slope="0.00"/>
        <vehicle id="44" x="398.35" y="607.17" angle="0.00" type="DEFAULT_VEHTYPE" speed="13.51" pos="192.83" lane="2/4to2/3_0" slope="0.00"/>
        <vehicle id="48" x="398.35" y="758.22" angle="0.00" type="DEFAULT_VEHTYPE" speed="13.45" pos="41.78" lane="2/4to2/3_0" slope="0.00"/>
        <vehicle id="5" x="398.35" y="231.75" angle="0.00" type="DEFAULT_VEHTYPE" speed="13.57" pos="163.50" lane="2/2to2/1_0" slope="0.00"/>
        <vehicle id="7" x="350.60" y="598.35" angle="90.00" type="DEFAULT_VEHTYPE" speed="13.61" pos="145.85" lane="1/3to2/3_0" slope="0.00"/>
        <vehicle id="8" x="214.40" y="201.65" angle="-90.00" type="DEFAULT_VEHTYPE" speed="6.17" pos="180.85" lane="2/1to1/1_0" slope="0.00"/>
    </timestep>
    <timestep time="151.00">
        <vehicle id="0" x="201.65" y="278.01" angle="180.00" type="DEFAULT_VEHTYPE" speed="13.78" pos="73.26" lane="1/1to1/2_0" slope="0.00"/>
        <vehicle id="1" x="511.26" y="401.65" angle="-90.00" type="DEFAULT_VEHTYPE" speed="12.65" pos="83.99" lane="3/2to2/2_0" slope="0.00"/>
        <vehicle id="17" x="230.95" y="598.35" angle="90.00" type="DEFAULT_VEHTYPE" speed="13.14" pos="26.20" lane="1/3to2/3_0" slope="0.00"/>
        <vehicle id="18" x="187.17" y="398.35" angle="90.00" type="DEFAULT_VEHTYPE" speed="6.65" pos="187.17" lane="0/2to1/2_0" slope="0.00"/>
        <vehicle id="21" x="101.43" y="398.35" angle="90.00" type="DEFAULT_VEHTYPE" speed="12.82" pos="101.43" lane="0/2to1/2_0" slope="0.00"/>
        <vehicle id="22" x="601.65" y="377.24" angle="180.00" type="DEFAULT_VEHTYPE" speed="10.30" pos="172.49" lane="3/1to3/2_0" slope="0.00"/>
        <vehicle id="24" x="398.35" y="565.67" angle="0.00" type="DEFAULT_VEHTYPE" speed="12.72" pos="29.58" lane="2/3to2/2_0" slope="0.00"/>
        <vehicle id="26" x="398.35" y="456.57" angle="0.00" type="DEFAULT_VEHTYPE" speed="13.55" pos="138.68" lane="2/3to2/2_0" slope="0.00"/>
        <vehicle id="28" x="270.44" y="598.35" angle="90.00" type="DEFAULT_VEHTYPE" speed="13.63" pos="65.69" lane="1/3to2/3_0" slope="0.00"/>
        <vehicle id="30" x="638.25" y="398.35" angle="90.00" type="DEFAULT_VEHTYPE" speed="12.29" pos="33.50" lane="3/2to4/2_0" slope="0.00"/>
        <vehicle id="32" x="401.65" y="661.66" angle="180.00" type="DEFAULT_VEHTYPE" speed="13.10" pos="56.91" lane="2/3to2/4_0" slope="0.00"/>
        <vehicle id="35" x="18.29" y="401.65" angle="-90.00" type="DEFAULT_VEHTYPE" speed="12.81" pos="176.96" lane="1/2to0/2_0" slope="0.00"/>
        <vehicle id="37" x="654.12" y="601.65" angle="-90.00" type="DEFAULT_VEHTYPE" speed="13.49" pos="145.88" lane="4/3to3/3_0" slope="0.00"/>
        <vehicle id="38" x="276.27" y="401.65" angle="-90.00" type="DEFAULT_VEHTYPE" speed="13.58" pos="118.98" lane="2/2to1/2_0" slope="0.00"/>
        <vehicle id="41" x="392.53" y="598.35" angle="90.00" type="DEFAULT_VEHTYPE" speed="0.32" pos="187.78" lane="1/3to2/3_0" slope="0.00"/>
        <vehicle id="44" x="398.35" y="594.46" angle="0.00" type="DEFAULT_VEHTYPE" speed="12.71" pos="0.79" lane="2/3to2/2_0" slope="0.00"/>
        <vehicle id="48" x="398.35" y="745.27" angle="0.00" type="DEFAULT_VEHTYPE" speed="12.96" pos="54.73" lane="2/4to2/3_0" slope="0.00"/>
        <vehicle id="5" x="398.35" y="219.14" angle="0.00" type="DEFAULT_VEHTYPE" speed="12.61" pos="176.11" lane="2/2to2/1_0" slope="0.00"/>
        <vehicle id="7" x="363.97" y="598.35" angle="90.00" type="DEFAULT_VEHTYPE" speed="13.36" pos="159.22" lane="1/3to2/3_0" slope="0.00"/>
        <vehicle id="8" x="209.84" y="201.65" angle="-90.00" type="DEFAULT_VEHTYPE" speed="4.56" pos="185.41" lane="2/1to1/1_0" slope="0.00"/>
    </timestep>
    <timestep time="152.00">
        <vehicle id="0" x="201.65" y="291.42" angle="180.00" type="DEFAULT_VEHTYPE" speed="13.41" pos="86.67" lane="1/1to1/2_0" slope="0.00"/>
        <vehicle id="1" x="497.57" y="401.65" angle="-90.00" type="DEFAULT_VEHTYPE" speed="13.68" pos="97.68" lane="3/2to2/2_0" slope="0.00"/>
        <vehicle id="17" x="244.59" y="598.35" angle="90.00" type="DEFAULT_VEHTYPE" speed="13.64" pos="39.84" lane="1/3to2/3_0" slope="0.00"/>
        <vehicle id="18" x="190.48" y="398.35" angle="90.00" type="DEFAULT_VEHTYPE" speed="3.32" pos="190.48" lane="0/2to1/2_0" slope="0.00"/>
        <vehicle id="21" x="114.56" y="398.35" angle="90.00" type="DEFAULT_VEHTYPE" speed="13.12" pos="114.56" lane="0/2to1/2_0" slope="0.00"/>
        <vehicle id="22" x="601.65" y="384.63" angle="180.00" type="DEFAULT_VEHTYPE" speed="7.38" pos="179.88" lane="3/1to3/2_0" slope="0.00"/>
        <vehicle id="24" x="398.35" y="552.82" angle="0.00" type="DEFAULT_VEHTYPE" speed="12.84" pos="42.43" lane="2/3to2/2_0" slope="0.00"/>
        <vehicle id="26" x="398.35" y="443.68" angle="0.00" type="DEFAULT_VEHTYPE" speed="12.90" pos="151.57" lane="2/3to2/2_0" slope="0.00"/>
        <vehicle id="28" x="283.05" y="598.35" angle="90.00" type="DEFAULT_VEHTYPE" speed="12.61" pos="78.30" lane="1/3to2/3_0" slope="0.00"/>
        <vehicle id="30" x="651.50" y="398.35" angle="90.00" type="DEFAULT_VEHTYPE" speed="13.24" pos="46.75" lane="3/2to4/2_0" slope="0.00"/>
        <vehicle id="32" x="401.65" y="675.18" angle="180.00" type="DEFAULT_VEHTYPE" speed="13.52" pos="70.43" lane="2/3to2/4_0" slope="0.00"/>
        <vehicle id="35" x="5.61" y="401.65" angle="-90.00" type="DEFAULT_VEHTYPE" speed="12.68" pos="189.64" lane="1/2to0/2_0" slope="0.00"/>
        <vehicle id="37" x="640.38" y="601.65" angle="-90.00" type="DEFAULT_VEHTYPE" speed="13.74" pos="159.62" lane="4/3to3/3_0" slope="0.00"/>
        <vehicle id="38" x="262.76" y="401.65" angle="-90.00" type="DEFAULT_VEHTYPE" speed="13.51" pos="132.49" lane="2/2to1/2_0" slope="0.00"/>
        <vehicle id="41" x="395.02" y="598.35" angle="90.00" type="DEFAULT_VEHTYPE" speed="2.48" pos="190.27" lane="1/3to2/3_0" slope="0.00"/>
        <vehicle id="44" x="398.35" y="580.88" angle="0.00" type="DEFAULT_VEHTYPE" speed="13.58" pos="14.37" lane="2/3to2/2_0" slope="0.00"/>
        <vehicle id="48" x="398.35" y="732.05" angle="0.00" type="DEFAULT_VEHTYPE" speed="13.22" pos="67.95" lane="2/4to2/3_0" slope="0.00"/>
        <vehicle id="5" x="398.35" y="206.21" angle="0.00" type="DEFAULT_VEHTYPE" speed="12.94" pos="189.04" lane="2/2to2/1_0" slope="0.00"/>
        <vehicle id="7" x="373.78" y="598.35" angle="90.00" type="DEFAULT_VEHTYPE" speed="9.81" pos="169.03" lane="1/3to2/3_0" slope="0.00"/>
        <vehicle id="8" x="203.39" y="201.84" angle="-92.20" type="DEFAULT_VEHTYPE" speed="6.47" pos="1.38" lane=":1/1_4_0" slope="0.00"/>
    </timestep>
    <timestep time="153.00">
        <vehicle id="0" x="201.65" y="304.33" angle="180.00" type="DEFAULT_VEHTYPE" speed="12.91" pos="99.58" lane="1/1to1/2_0" slope="0.00"/>
        <vehicle id="1" x="484.33" y="401.65" angle="-90.00" type="DEFAULT_VEHTYPE" speed="13.24" pos="110.92" lane="3/2to2/2_0" slope="0.00"/>
        <vehicle id="17" x="257.72" y="598.35" angle="90.00" type="DEFAULT_VEHTYPE" speed="13.13" pos="52.97" lane="1/3to2/3_0" slope="0.00"/>
        <vehicle id="18" x="195.28" y="398.35" angle="90.05" type="DEFAULT_VEHTYPE" speed="4.79" pos="0.03" lane=":1/2_14_0" slope="0.00"/>
        <vehicle id="21" x="127.43" y="398.35" angle="90.00" type="DEFAULT_VEHTYPE" speed="12.87" pos="127.43" lane="0/2to1/2_0" slope="0.00"/>
        <vehicle id="22" x="601.65" y="389.58" angle="180.00" type="DEFAULT_VEHTYPE" speed="4.96" pos="184.83" lane="3/1to3/2_0" slope="0.00"/>
        <vehicle id="24" x="398.35" y="539.76" angle="0.00" type="DEFAULT_VEHTYPE" speed="13.06" pos="55.49" lane="2/3to2/2_0" slope="0.00"/>
        <vehicle id="26" x="398.35" y="430.57" angle="0.00" type="DEFAULT_VEHTYPE" speed="13.10" pos="164.68" lane="2/3to2/2_0" slope="0.00"/>
        <vehicle id="28" x="296.87" y="598.35" angle="90.00" type="DEFAULT_VEHTYPE" speed="13.82" pos="92.12" lane="1/3to2/3_0" slope="0.00"/>
        <vehicle id="30" x="665.20" y="398.35" angle="90.00" type="DEFAULT_VEHTYPE" speed="13.70" pos="60.45" lane="3/2to4/2_0" slope="0.00"/>
        <vehicle id="32" x="401.65" y="688.92" angle="180.00" type="DEFAULT_VEHTYPE" speed="13.75" pos="84.17" lane="2/3to2/4_0" slope="0.00"/>
        <vehicle id="35" x="3.19" y="398.35" angle="76.30" type="DEFAULT_VEHTYPE" speed="13.62" pos="3.19" lane="0/2to1/2_0" slope="0.00"/>
        <vehicle id="37" x="627.20" y="601.65" angle="-90.00" type="DEFAULT_VEHTYPE" speed="13.18" pos="172.80" lane="4/3to3/3_0" slope="0.00"/>
        <vehicle id="38" x="249.61" y="401.65" angle="-90.00" type="DEFAULT_VEHTYPE" speed="13.14" pos="145.64" lane="2/2to1/2_0" slope="0.00"/>
        <vehicle id="41" x="399.71" y="599.74" angle="106.52" type="DEFAULT_VEHTYPE" speed="4.99" pos="4.76" lane=":2/3_14_0" slope="0.00"/>
        <vehicle id="44" x="398.35" y="567.10" angle="0.00" type="DEFAULT_VEHTYPE" speed="13.79" pos="28.15" lane="2/3to2/2_0" slope="0.00"/>
        <vehicle id="48" x="398.35" y="718.51" angle="0.00" type="DEFAULT_VEHTYPE" speed="13.54" pos="81.49" lane="2/4to2/3_0" slope="0.00"/>
        <vehicle id="5" x="388.91" y="201.65" angle="-90.00" type="DEFAULT_VEHTYPE" speed="12.79" pos="6.34" lane="2/1to1/1_0" slope="0.00"/>
        <vehicle id="7" x="380.55" y="598.35" angle="90.00" type="DEFAULT_VEHTYPE" speed="6.78" pos="175.80" lane="1/3to2/3_0" slope="0.00"/>
        <vehicle id="8" x="201.65" y="209.99" angle="180.00" type="DEFAULT_VEHTYPE" speed="8.86" pos="5.24" lane="1/1to1/2_0" slope="0.00"/>
    </timestep>
    <timestep time="154.00">
        <vehicle id="0" x="201.65" y="318.04" angle="180.00" type="DEFAULT_VEHTYPE" speed="13.71" pos="113.29" lane="1/1to1/2_0" slope="0.00"/>
        <vehicle id="1" x="471.36" y="401.65" angle="-90.00" type="DEFAULT_VEHTYPE" speed="12.98" pos="123.89" lane="3/2to2/2_0" slope="0.00"/>
        <vehicle id="17" x="270.45" y="598.35" angle="90.00" type="DEFAULT_VEHTYPE" speed="12.72" pos="65.70" lane="1/3to2/3_0" slope="0.00"/>
        <vehicle id="18" x="201.11" y="401.72" angle="129.87" type="DEFAULT_VEHTYPE" speed="7.20" pos="7.23" lane=":1/2_14_0" slope="0.00"/>
        <vehicle id="21" x="140.23" y="398.35" angle="90.00" type="DEFAULT_VEHTYPE" speed="12.80" pos="140.23" lane="0/2to1/2_0" slope="0.00"/>
        <vehicle id="22" x="601.45" y="396.67" angle="-177.67" type="DEFAULT_VEHTYPE" speed="7.10" pos="1.43" lane=":3/2_10_0" slope="0.00"/>
        <vehicle id="24" x="398.35" y="525.97" angle="0.00" type="DEFAULT_VEHTYPE" speed="13.79" pos="69.28" lane="2/3to2/2_0" slope="0.00"/>
        <vehicle id="26" x="398.35" y="416.88" angle="0.00" type="DEFAULT_VEHTYPE" speed="13.70" pos="178.37" lane="2/3to2/2_0" slope="0.00"/>
        <vehicle id="28" x="310.05" y="598.35" angle="90.00" type="DEFAULT_VEHTYPE" speed="13.19" pos="105.30" lane="1/3to2/3_0" slope="0.00"/>
        <vehicle id="30" x="678.37" y="398.35" angle="90.00" type="DEFAULT_VEHTYPE" speed="13.17" pos="73.62" lane="3/2to4/2_0" slope="0.00"/>
        <vehicle id="32" x="401.65" y="702.38" angle="180.00" type="DEFAULT_VEHTYPE" speed="13.45" pos="97.63" lane="2/3to2/4_0" slope="0.00"/>
        <vehicle id="35" x="16.09" y="398.35" angle="90.00" type="DEFAULT_VEHTYPE" speed="12.90" pos="16.09" lane="0/2to1/2_0" slope="0.00"/>
        <vehicle id="37" x="618.14" y="601.65" angle="-90.00" type="DEFAULT_VEHTYPE" speed="9.05" pos="181.86" lane="4/3to3/3_0" slope="0.00"/>
        <vehicle id="38" x="236.15" y="401.65" angle="-90.00" type="DEFAULT_VEHTYPE" speed="13.47" pos="159.10" lane="2/2to1/2_0" slope="0.00"/>
        <vehicle id="41" x="401.65" y="606.65" angle="173.78" type="DEFAULT_VEHTYPE" speed="7.47" pos="1.90" lane="2/3to2/4_0" slope="0.00"/>
        <vehicle id="44" x="398.35" y="553.94" angle="0.00" type="DEFAULT_VEHTYPE" speed="13.15" pos="41.31" lane="2/3to2/2_0" slope="0.00"/>
        <vehicle id="48" x="398.35" y="705.87" angle="0.00" type="DEFAULT_VEHTYPE" speed="12.63" pos="94.13" lane="2/4to2/3_0" slope="0.00"/>
        <vehicle id="5" x="375.59" y="201.65" angle="-90.00" type="DEFAULT_VEHTYPE" speed="13.32" pos="19.66" lane="2/1to1/1_0" slope="0.00"/>
        <vehicle id="7" x="386.25" y="598.35" angle="90.00" type="DEFAULT_VEHTYPE" speed="5.69" pos="181.50" lane="1/3to2/3_0" slope="0.00"/>
        <vehicle id="8" x="201.65" y="221.24" angle="180.00" type="DEFAULT_VEHTYPE" speed="11.25" pos="16.49" lane="1/1to1/2_0" slope="0.00"/>
    </timestep>
    <timestep time="155.00">
        <vehicle id="0" x="201.65" y="330.71" angle="180.00" type="DEFAULT_VEHTYPE" speed="12.68" pos="125.96" lane="1/1to1/2_0" slope="0.00"/>
        <vehicle id="1" x="457.57" y="401.65" angle="-90.00" type="DEFAULT_VEHTYPE" speed="13.78" pos="137.68" lane="3/2to2/2_0" slope="0.00"/>
        <vehicle id="17" x="283.42" y="598.35" angle="90.00" type="DEFAULT_VEHTYPE" speed="12.98" pos="78.67" lane="1/3to2/3_0" slope="0.00"/>
        <vehicle id="18" x="201.65" y="410.90" angle="180.00" type="DEFAULT_VEHTYPE" speed="9.25" pos="6.15" lane="1/2to1/3_0" slope="0.00"/>
        <vehicle id="21" x="154.08" y="398.35" angle="90.00" type="DEFAULT_VEHTYPE" speed="13.86" pos="154.08" lane="0/2to1/2_0" slope="0.00"/>
        <vehicle id="22" x="594.92" y="401.65" angle="-105.99" type="DEFAULT_VEHTYPE" speed="9.21" pos="0.33" lane="3/2to2/2_0" slope="0.00"/>
        <vehicle id="24" x="398.35" y="512.68" angle="0.00" type="DEFAULT_VEHTYPE" speed="13.30" pos="82.57" lane="2/3to2/2_0" slope="0.00"/>
        <vehicle id="26" x="398.00" y="403.11" angle="-4.09" type="DEFAULT_VEHTYPE" speed="13.82" pos="1.69" lane=":2/2_0_0" slope="0.00"/>
        <vehicle id="28" x="322.78" y="598.35" angle="90.00" type="DEFAULT_VEHTYPE" speed="12.73" pos="118.03" lane="1/3to2/3_0" slope="0.00"/>
        <vehicle id="30" x="691.08" y="398.35" angle="90.00" type="DEFAULT_VEHTYPE" speed="12.71" pos="86.33" lane="3/2to4/2_0" slope="0.00"/>
        <vehicle id="32" x="401.65" y="715.62" angle="180.00" type="DEFAULT_VEHTYPE" speed="13.24" pos="110.87" lane="2/3to2/4_0" slope="0.00"/>
        <vehicle id="35" x="28.96" y="398.35" angle="90.00" type="DEFAULT_VEHTYPE" speed="12.87" pos="28.96" lane="0/2to1/2_0" slope="0.00"/>
        <vehicle id="37" x="611.86" y="601.65" angle="-90.00" type="DEFAULT_VEHTYPE" speed="6.28" pos="188.14" lane="4/3to3/3_0" slope="0.00"/>
        <vehicle id="38" x="224.28" y="401.65" angle="-90.00" type="DEFAULT_VEHTYPE" speed="11.87" pos="170.97" lane="2/2to1/2_0" slope="0.00"/>
        <vehicle id="41" x="401.65" y="615.79" angle="180.00" type="DEFAULT_VEHTYPE" speed="9.13" pos="11.04" lane="2/3to2/4_0" slope="0.00"/>
        <vehicle id="44" x="398.35" y="541.14" angle="0.00" type="DEFAULT_VEHTYPE" speed="12.81" pos="54.11" lane="2/3to2/2_0" slope="0.00"/>
        <vehicle id="48" x="398.35" y="692.41" angle="0.00" type="DEFAULT_VEHTYPE" speed="13.47" pos="107.59" lane="2/4to2/3_0" slope="0.00"/>
        <vehicle id="5" x="362.70" y="201.65" angle="-90.00" type="DEFAULT_VEHTYPE" speed="12.90" pos="32.55" lane="2/1to1/1_0" slope="0.00"/>
        <vehicle id="7" x="390.62" y="598.35" angle="90.00" type="DEFAULT_VEHTYPE" speed="4.37" pos="185.87" lane="1/3to2/3_0" slope="0.00"/>
        <vehicle id="8" x="201.65" y="234.54" angle="180.00" type="DEFAULT_VEHTYPE" speed="13.30" pos="29.79" lane="1/1to1/2_0" slope="0.00"/>
    </timestep>
    <timestep time="156.00">
        <vehicle id="0" x="201.65" y="344.11" angle="180.00" type="DEFAULT_VEHTYPE" speed="13.39" pos="139.36" lane="1/1to1/2_0" slope="0.00"/>
        <vehicle id="1" x="444.17" y="401.65" angle="-90.00" type="DEFAULT_VEHTYPE" speed="13.40" pos="151.08" lane="3/2to2/2_0" slope="0.00"/>
        <vehicle id="17" x="296.64" y="598.35" angle="90.00" type="DEFAULT_VEHTYPE" speed="13.22" pos="91.89" lane="1/3to2/3_0" slope="0.00"/>
        <vehicle id="18" x="201.65" y="421.92" angle="180.00" type="DEFAULT_VEHTYPE" speed="11.01" pos="17.17" lane="1/2to1/3_0" slope="0.00"/>
        <vehicle id="21" x="167.38" y="398.35" angle="90.00" type="DEFAULT_VEHTYPE" speed="13.30" pos="167.38" lane="0/2to1/2_0" slope="0.00"/>
        <vehicle id="22" x="584.35" y="401.65" angle="-90.00" type="DEFAULT_VEHTYPE" speed="10.57" pos="10.90" lane="3/2to2/2_0" slope="0.00"/>
        <vehicle id="24" x="398.35" y="499.36" angle="0.00" type="DEFAULT_VEHTYPE" speed="13.31" pos="95.89" lane="2/3to2/2_0" slope="0.00"/>
        <vehicle id="26" x="385.53" y="401.65" angle="-90.00" type="DEFAULT_VEHTYPE" speed="13.02" pos="9.72" lane="2/2to1/2_0" slope="0.00"/>
        <vehicle id="28" x="335.89" y="598.35" angle="90.00" type="DEFAULT_VEHTYPE" speed="13.11" pos="131.14" lane="1/3to2/3_0" slope="0.00"/>
        <vehicle id="30" x="704.15" y="398.35" angle="90.00" type="DEFAULT_VEHTYPE" speed="13.07" pos="99.40" lane="3/2to4/2_0" slope="0.00"/>
        <vehicle id="32" x="401.65" y="728.29" angle="180.00" type="DEFAULT_VEHTYPE" speed="12.67" pos="123.54" lane="2/3to2/4_0" slope="0.00"/>
        <vehicle id="35" x="42.58" y="398.35" angle="90.00" type="DEFAULT_VEHTYPE" speed="13.62" pos="42.58" lane="0/2to1/2_0" slope="0.00"/>
        <vehicle id="37" x="608.55" y="601.65" angle="-90.00" type="DEFAULT_VEHTYPE" speed="3.31" pos="191.45" lane="4/3to3/3_0" slope="0.00"/>
        <vehicle id="38" x="216.85" y="401.65" angle="-90.00" type="DEFAULT_VEHTYPE" speed="7.43" pos="178.40" lane="2/2to1/2_0" slope="0.00"/>
        <vehicle id="41" x="401.65" y="627.25" angle="180.00" type="DEFAULT_VEHTYPE" speed="11.46" pos="22.50" lane="2/3to2/4_0" slope="0.00"/>
        <vehicle id="44" x="398.35" y="527.64" angle="0.00" type="DEFAULT_VEHTYPE" speed="13.50" pos="67.61" lane="2/3to2/2_0" slope="0.00"/>
        <vehicle id="48" x="398.35" y="678.85" angle="0.00" type="DEFAULT_VEHTYPE" speed="13.56" pos="121.15" lane="2/4to2/3_0" slope="0.00"/>
        <vehicle id="5" x="349.54" y="201.65" angle="-90.00" type="DEFAULT_VEHTYPE" speed="13.16" pos="45.71" lane="2/1to1/1_0" slope="0.00"/>
        <vehicle id="7" x="397.10" y="598.61" angle="93.04" type="DEFAULT_VEHTYPE" speed="6.50" pos="1.87" lane=":2/3_14_0" slope="0.00"/>
        <vehicle id="8" x="201.65" y="248.28" angle="180.00" type="DEFAULT_VEHTYPE" speed="13.74" pos="43.53" lane="1/1to1/2_0" slope="0.00"/>
    </timestep>
    <timestep time="157.00">
        <vehicle id="0" x="201.65" y="357.79" angle="180.00" type="DEFAULT_VEHTYPE" speed="13.68" pos="153.04" lane="1/1to1/2_0" slope="0.00"/>
        <vehicle id="1" x="430.83" y="401.65" angle="-90.00" type="DEFAULT_VEHTYPE" speed="13.34" pos="164.42" lane="3/2to2/2_0" slope="0.00"/>
        <vehicle id="17" x="310.25" y="598.35" angle="90.00" type="DEFAULT_VEHTYPE" speed="13.61" pos="105.50" lane="1/3to2/3_0" slope="0.00"/>
        <vehicle id="18" x="201.65" y="434.66" angle="180.00" type="DEFAULT_VEHTYPE" speed="12.74" pos="29.91" lane="1/2to1/3_0" slope="0.00"/>
        <vehicle id="21" x="178.02" y="398.35" angle="90.00" type="DEFAULT_VEHTYPE" speed="10.64" pos="178.02" lane="0/2to1/2_0" slope="0.00"/>
        <vehicle id="22" x="572.20" y="401.65" angle="-90.00" type="DEFAULT_VEHTYPE" speed="12.15" pos="23.05" lane="3/2to2/2_0" slope="0.00"/>
        <vehicle id="24" x="398.35" y="485.59" angle="0.00" type="DEFAULT_VEHTYPE" speed="13.78" pos="109.66" lane="2/3to2/2_0" slope="0.00"/>
        <vehicle id="26" x="372.67" y="401.65" angle="-90.00" type="DEFAULT_VEHTYPE" speed="12.87" pos="22.58" lane="2/2to1/2_0" slope="0.00"/>
        <vehicle id="28" x="349.08" y="598.35" angle="90.00" type="DEFAULT_VEHTYPE" speed="13.20" pos="144.33" lane="1/3to2/3_0" slope="0.00"/>
        <vehicle id="30" x="717.66" y="398.35" angle="90.00" type="DEFAULT_VEHTYPE" speed="13.52" pos="112.91" lane="3/2to4/2_0" slope="0.00"/>
        <vehicle id="32" x="401.65" y="741.07" angle="180.00" type="DEFAULT_VEHTYPE" speed="12.78" pos="136.32" lane="2/3to2/4_0" slope="0.00"/>
        <vehicle id="35" x="56.21" y="398.35" angle="90.00" type="DEFAULT_VEHTYPE" speed="13.62" pos="56.21" lane="0/2to1/2_0" slope="0.00"/>
        <vehicle id="37" x="603.49" y="601.47" angle="-87.93" type="DEFAULT_VEHTYPE" speed="5.07" pos="1.28" lane=":3/3_6_0" slope="0.00"/>
        <vehicle id="38" x="211.98" y="401.65" angle="-90.00" type="DEFAULT_VEHTYPE" speed="4.87" pos="183.27" lane="2/2to1/2_0" slope="0.00"/>
        <vehicle id="41" x="401.65" y="640.54" angle="180.00" type="DEFAULT_VEHTYPE" speed="13.29" pos="35.79" lane="2/3to2/4_0" slope="0.00"/>
        <vehicle id="44" x="398.35" y="513.91" angle="0.00" type="DEFAULT_VEHTYPE" speed="13.73" pos="81.34" lane="2/3to2/2_0" slope="0.00"/>
        <vehicle id="48" x="398.35" y="665.03" angle="0.00" type="DEFAULT_VEHTYPE" speed="13.82" pos="134.97" lane="2/4to2/3_0" slope="0.00"/>
        <vehicle id="5" x="336.46" y="201.65" angle="-90.00" type="DEFAULT_VEHTYPE" speed="13.08" pos="58.79" lane="2/1to1/1_0" slope="0.00"/>
        <vehicle id="7" x="401.60" y="604.41" angle="159.40" type="DEFAULT_VEHTYPE" speed="8.10" pos="9.97" lane=":2/3_14_0" slope="0.00"/>
        <vehicle id="8" x="201.65" y="261.51" angle="180.00" type="DEFAULT_VEHTYPE" speed="13.23" pos="56.76" lane="1/1to1/2_0" slope="0.00"/>
    </timestep>
    <timestep time="158.00">
        <vehicle id="0" x="201.65" y="371.06" angle="180.00" type="DEFAULT_VEHTYPE" speed="13.27" pos="166.31" lane="1/1to1/2_0" slope="0.00"/>
        <vehicle id="1" x="420.25" y="401.65" angle="-90.00" type="DEFAULT_VEHTYPE" speed="10.58" pos="175.00" lane="3/2to2/2_0" slope="0.00"/>
        <vehicle id="17" x="323.04" y="598.35" angle="90.00" type="DEFAULT_VEHTYPE" speed="12.79" pos="118.29" lane="1/3to2/3_0" slope="0.00"/>
        <vehicle id="18" x="201.65" y="448.14" angle="180.00" type="DEFAULT_VEHTYPE" speed="13.48" pos="43.39" lane="1/2to1/3_0" slope="0.00"/>
        <vehicle id="21" x="184.81" y="398.35" angle="90.00" type="DEFAULT_VEHTYPE" speed="6.78" pos="184.81" lane="0/2to1/2_0" slope="0.00"/>
        <vehicle id="22" x="559.09" y="401.65" angle="-90.00" type="DEFAULT_VEHTYPE" speed="13.11" pos="36.16" lane="3/2to2/2_0" slope="0.00"/>
        <vehicle id="24" x="398.35" y="472.57" angle="0.00" type="DEFAULT_VEHTYPE" speed="13.01" pos="122.68" lane="2/3to2/2_0" slope="0.00"/>
        <vehicle id="26" x="359.58" y="401.65" angle="-90.00" type="DEFAULT_VEHTYPE" speed="13.09" pos="35.67" lane="2/2to1/2_0" slope="0.00"/>
        <vehicle id="28" x="362.02" y="598.35" angle="90.00" type="DEFAULT_VEHTYPE" speed="12.94" pos="157.27" lane="1/3to2/3_0" slope="0.00"/>
        <vehicle id="30" x="730.87" y="398.35" angle="90.00" type="DEFAULT_VEHTYPE" speed="13.21" pos="126.12" lane="3/2to4/2_0" slope="0.00"/>
        <vehicle id="32" x="401.65" y="754.32" angle="180.00" type="DEFAULT_VEHTYPE" speed="13.25" pos="149.57" lane="2/3to2/4_0" slope="0.00"/>
        <vehicle id="35" x="69.53" y="398.35" angle="90.00" type="DEFAULT_VEHTYPE" speed="13.32" pos="69.53" lane="0/2to1/2_0" slope="0.00"/>
        <vehicle id="37" x="598.56" y="596.69" angle="-31.88" type="DEFAULT_VEHTYPE" speed="7.59" pos="8.87" lane=":3/3_6_0" slope="0.00"/>
        <vehicle id="38" x="209.05" y="401.65" angle="-90.00" type="DEFAULT_VEHTYPE" speed="2.93" pos="186.20" lane="2/2to1/2_0" slope="0.00"/>
        <vehicle id="41" x="401.65" y="653.84" angle="180.00" type="DEFAULT_VEHTYPE" speed="13.30" pos="49.09" lane="2/3to2/4_0" slope="0.00"/>
        <vehicle id="44" x="398.35" y="500.40" angle="0.00" type="DEFAULT_VEHTYPE" speed="13.51" pos="94.85" lane="2/3to2/2_0" slope="0.00"/>
        <vehicle id="48" x="398.35" y="651.59" angle="0.00" type="DEFAULT_VEHTYPE" speed="13.44" pos="148.41" lane="2/4to2/3_0" slope="0.00"/>
        <vehicle id="5" x="322.66" y="201.65" angle="-90.00" type="DEFAULT_VEHTYPE" speed="13.80" pos="72.59" lane="2/1to1/1_0" slope="0.00"/>
        <vehicle id="7" x="401.65" y="614.67" angle="180.00" type="DEFAULT_VEHTYPE" speed="10.27" pos="9.92" lane="2/3to2/4_0" slope="0.00"/>
        <vehicle id="8" x="201.65" y="275.23" angle="180.00" type="DEFAULT_VEHTYPE" speed="13.72" pos="70.48" lane="1/1to1/2_0" slope="0.00"/>
    </timestep>
    <timestep time="159.00">
        <vehicle id="0" x="201.65" y="384.20" angle="180.00" type="DEFAULT_VEHTYPE" speed="13.14" pos="179.45" lane="1/1to1/2_0" slope="0.00"/>
        <vehicle id="1" x="414.16" y="401.65" angle="-90.00" type="DEFAULT_VEHTYPE" speed="6.08" pos="181.09" lane="3/2to2/2_0" slope="0.00"/>
        <vehicle id="17" x="336.33" y="598.35" angle="90.00" type="DEFAULT_VEHTYPE" speed="13.28" pos="131.58" lane="1/3to2/3_0" slope="0.00"/>
        <vehicle id="18" x="201.65" y="461.25" angle="180.00" type="DEFAULT_VEHTYPE" speed="13.11" pos="56.50" lane="1/2to1/3_0" slope="0.00"/>
        <vehicle id="21" x="189.80" y="398.35" angle="90.00" type="DEFAULT_VEHTYPE" speed="4.99" pos="189.80" lane="0/2to1/2_0" slope="0.00"/>
        <vehicle id="22" x="546.37" y="401.65" angle="-90.00" type="DEFAULT_VEHTYPE" speed="12.72" pos="48.88" lane="3/2to2/2_0" slope="0.00"/>
        <vehicle id="24" x="398.35" y="459.11" angle="0.00" type="DEFAULT_VEHTYPE" speed="13.46" pos="136.14" lane="2/3to2/2_0" slope="0.00"/>
        <vehicle id="26" x="346.20" y="401.65" angle="-90.00" type="DEFAULT_VEHTYPE" speed="13.38" pos="49.05" lane="2/2to1/2_0" slope="0.00"/>
        <vehicle id="28" x="373.75" y="598.35" angle="90.00" type="DEFAULT_VEHTYPE" speed="11.73" pos="169.00" lane="1/3to2/3_0" slope="0.00"/>
        <vehicle id="30" x="744.27" y="398.35" angle="90.00" type="DEFAULT_VEHTYPE" speed="13.40" pos="139.52" lane="3/2to4/2_0" slope="0.00"/>
        <vehicle id="32" x="401.65" y="768.19" angle="180.00" type="DEFAULT_VEHTYPE" speed="13.87" pos="163.44" lane="2/3to2/4_0" slope="0.00"/>
        <vehicle id="35" x="82.93" y="398.35" angle="90.00" type="DEFAULT_VEHTYPE" speed="13.40" pos="82.93" lane="0/2to1/2_0" slope="0.00"/>
        <vehicle id="37" x="598.35" y="587.77" angle="0.00" type="DEFAULT_VEHTYPE" speed="8.93" pos="7.48" lane="3/3to3/2_0" slope="0.00"/>
        <vehicle id="38" x="207.78" y="401.65" angle="-90.00" type="DEFAULT_VEHTYPE" speed="1.27" pos="187.47" lane="2/2to1/2_0" slope="0.00"/>
        <vehicle id="41" x="401.65" y="666.91" angle="180.00" type="DEFAULT_VEHTYPE" speed="13.07" pos="62.16" lane="2/3to2/4_0" slope="0.00"/>
        <vehicle id="44" x="398.35" y="487.76" angle="0.00" type="DEFAULT_VEHTYPE" speed="12.63" pos="107.49" lane="2/3to2/2_0" slope="0.00"/>
        <vehicle id="48" x="398.35" y="638.20" angle="0.00" type="DEFAULT_VEHTYPE" speed="13.39" pos="161.80" lane="2/4to2/3_0" slope="0.00"/>
        <vehicle id="5" x="309.41" y="201.65" angle="-90.00" type="DEFAULT_VEHTYPE" speed="13.26" pos="85.84" lane="2/1to1/1_0" slope="0.00"/>
        <vehicle id="7" x="401.65" y="626.95" angle="180.00" type="DEFAULT_VEHTYPE" speed="12.28" pos="22.20" lane="2/3to2/4_0" slope="0.00"/>
        <vehicle id="8" x="201.65" y="288.75" angle="180.00" type="DEFAULT_VEHTYPE" speed="13.52" pos="84.00" lane="1/1to1/2_0" slope="0.00"/>
    </timestep>
    <timestep time="160.00">
        <vehicle id="0" x="201.65" y="397.81" angle="180.00" type="DEFAULT_VEHTYPE" speed="13.60" pos="2.56" lane=":1/2_9_0" slope="0.00"/>
        <vehicle id="1" x="410.40" y="401.65" angle="-90.00" type="DEFAULT_VEHTYPE" speed="3.76" pos="184.85" lane="3/2to2/2_0" slope="0.00"/>
        <vehicle id="17" x="349.25" y="598.35" angle="90.00" type="DEFAULT_VEHTYPE" speed="12.93" pos="144.50" lane="1/3to2/3_0" slope="0.00"/>
        <vehicle id="18" x="201.65" y="474.85" angle="180.00" type="DEFAULT_VEHTYPE" speed="13.59" pos="70.10" lane="1/2to1/3_0" slope="0.00"/>
        <vehicle id="21" x="191.74" y="398.35" angle="90.00" type="DEFAULT_VEHTYPE" speed="1.94" pos="191.74" lane="0/2to1/2_0" slope="0.00"/>
        <vehicle id="22" x="533.01" y="401.65" angle="-90.00" type="DEFAULT_VEHTYPE" speed="13.36" pos="62.24" lane="3/2to2/2_0" slope="0.00"/>
        <vehicle id="24" x="398.35" y="445.53" angle="0.00" type="DEFAULT_VEHTYPE" speed="13.58" pos="149.72" lane="2/3to2/2_0" slope="0.00"/>
        <vehicle id="26" x="332.43" y="401.65" angle="-90.00" type="DEFAULT_VEHTYPE" speed="13.77" pos="62.82" lane="2/2to1/2_0" slope="0.00"/>
        <vehicle id="28" x="382.27" y="598.35" angle="90.00" type="DEFAULT_VEHTYPE" speed="8.52" pos="177.52" lane="1/3to2/3_0" slope="0.00"/>
        <vehicle id="30" x="757.60" y="398.35" angle="90.00" type="DEFAULT_VEHTYPE" speed="13.33" pos="152.85" lane="3/2to4/2_0" slope="0.00"/>
        <vehicle id="32" x="401.65" y="781.53" angle="180.00" type="DEFAULT_VEHTYPE" speed="13.34" pos="176.78" lane="2/3to2/4_0" slope="0.00"/>
        <vehicle id="35" x="96.36" y="398.35" angle="90.00" type="DEFAULT_VEHTYPE" speed="13.43" pos="96.36" lane="0/2to1/2_0" slope="0.00"/>
        <vehicle id="37" x="598.35" y="576.44" angle="0.00" type="DEFAULT_VEHTYPE" speed="11.33" pos="18.81" lane="3/3to3/2_0" slope="0.00"/>
        <vehicle id="38" x="207.41" y="401.65" angle="-90.00" type="DEFAULT_VEHTYPE" speed="0.37" pos="187.84" lane="2/2to1/2_0" slope="0.00"/>
        <vehicle id="41" x="401.65" y="679.69" angle="180.00" type="DEFAULT_VEHTYPE" speed="12.78" pos="74.94" lane="2/3to2/4_0" slope="0.00"/>
        <vehicle id="44" x="398.35" y="474.39" angle="0.00" type="DEFAULT_VEHTYPE" speed="13.37" pos="120.86" lane="2/3to2/2_0" slope="0.00"/>
        <vehicle id="48" x="398.35" y="624.62" angle="0.00" type="DEFAULT_VEHTYPE" speed="13.58" pos="175.38" lane="2/4to2/3_0" slope="0.00"/>
        <vehicle id="5" x="295.95" y="201.65" angle="-90.00" type="DEFAULT_VEHTYPE" speed="13.46" pos="99.30" lane="2/1to1/1_0" slope="0.00"/>
        <vehicle id="7" x="401.65" y="639.79" angle="180.00" type="DEFAULT_VEHTYPE" speed="12.84" pos="35.04" lane="2/3to2/4_0" slope="0.00"/>
        <vehicle id="8" x="201.65" y="302.57" angle="180.00" type="DEFAULT_VEHTYPE" speed="13.82" pos="97.82" lane="1/1to1/2_0" slope="0.00"/>
    </timestep>
    <timestep time="161.00">
        <vehicle id="0" x="201.65" y="411.06" angle="180.00" type="DEFAULT_VEHTYPE" speed="13.25" pos="6.31" lane="1/2to1/3_0" slope="0.00"/>
        <vehicle id="1" x="408.82" y="401.65" angle="-90.00" type="DEFAULT_VEHTYPE" speed="1.59" pos="186.43" lane="3/2to2/2_0" slope="0.00"/>
        <vehicle id="17" x="362.51" y="598.35" angle="90.00" type="DEFAULT_VEHTYPE" speed="13.25" pos="157.76" lane="1/3to2/3_0" slope="0.00"/>
        <vehicle id="18" x="201.65" y="488.18" angle="180.00" type="DEFAULT_VEHTYPE" speed="13.33" pos="83.43" lane="1/2to1/3_0" slope="0.00"/>
        <vehicle id="21" x="192.56" y="398.35" angle="90.00" type="DEFAULT_VEHTYPE" speed="0.82" pos="192.56" lane="0/2to1/2_0" slope="0.00"/>
        <vehicle id="22" x="519.39" y="401.65" angle="-90.00" type="DEFAULT_VEHTYPE" speed="13.63" pos="75.86" lane="3/2to2/2_0" slope="0.00"/>
        <vehicle id="24" x="398.35" y="431.78" angle="0.00" type="DEFAULT_VEHTYPE" speed="13.75" pos="163.47" lane="2/3to2/2_0" slope="0.00"/>
        <vehicle id="26" x="318.77" y="401.65" angle="-90.00" type="DEFAULT_VEHTYPE" speed="13.66" pos="76.48" lane="2/2to1/2_0" slope="0.00"/>
        <vehicle id="28" x="387.67" y="598.35" angle="90.00" type="DEFAULT_VEHTYPE" speed="5.40" pos="182.92" lane="1/3to2/3_0" slope="0.00"/>
        <vehicle id="30" x="770.79" y="398.35" angle="90.00" type="DEFAULT_VEHTYPE" speed="13.19" pos="166.04" lane="3/2to4/2_0" slope="0.00"/>
        <vehicle id="32" x="401.65" y="794.38" angle="180.00" type="DEFAULT_VEHTYPE" speed="12.85" pos="189.63" lane="2/3to2/4_0" slope="0.00"/>
        <vehicle id="35" x="109.98" y="398.35" angle="90.00" type="DEFAULT_VEHTYPE" speed="13.62" pos="109.98" lane="0/2to1/2_0" slope="0.00"/>
        <vehicle id="37" x="598.35" y="563.23" angle="0.00" type="DEFAULT_VEHTYPE" speed="13.21" pos="32.02" lane="3/3to3/2_0" slope="0.00"/>
        <vehicle id="38" x="205.80" y="401.65" angle="-90.00" type="DEFAULT_VEHTYPE" speed="1.61" pos="189.45" lane="2/2to1/2_0" slope="0.00"/>
        <vehicle id="41" x="401.65" y="692.81" angle="180.00" type="DEFAULT_VEHTYPE" speed="13.12" pos="88.06" lane="2/3to2/4_0" slope="0.00"/>
        <vehicle id="44" x="398.35" y="460.69" angle="0.00" type="DEFAULT_VEHTYPE" speed="13.71" pos="134.56" lane="2/3to2/2_0" slope="0.00"/>
        <vehicle id="48" x="398.35" y="611.11" angle="0.00" type="DEFAULT_VEHTYPE" speed="13.51" pos="188.89" lane="2/4to2/3_0" slope="0.00"/>
        <vehicle id="5" x="282.93" y="201.65" angle="-90.00" type="DEFAULT_VEHTYPE" speed="13.01" pos="112.32" lane="2/1to1/1_0" slope="0.00"/>
        <vehicle id="7" x="401.65" y="652.98" angle="180.00" type="DEFAULT_VEHTYPE" speed="13.19" pos="48.23" lane="2/3to2/4_0" slope="0.00"/>
        <vehicle id="8" x="201.65" y="315.33" angle="180.00" type="DEFAULT_VEHTYPE" speed="12.75" pos="110.58" lane="1/1to1/2_0" slope="0.00"/>
    </timestep>
    <timestep time="162.00">
        <vehicle id="0" x="201.65" y="424.21" angle="180.00" type="DEFAULT_VEHTYPE" speed="13.16" pos="19.46" lane="1/2to1/3_0" slope="0.00"/>
        <vehicle id="1" x="407.46" y="401.65" angle="-90.00" type="DEFAULT_VEHTYPE" speed="1.36" pos="187.79" lane="3/2to2/2_0" slope="0.00"/>
        <vehicle id="17" x="372.77" y="598.35" angle="90.00" type="DEFAULT_VEHTYPE" speed="10.26" pos="168.02" lane="1/3to2/3_0" slope="0.00"/>
        <vehicle id="18" x="201.65" y="501.30" angle="180.00" type="DEFAULT_VEHTYPE" speed="13.12" pos="96.55" lane="1/2to1/3_0" slope="0.00"/>
        <vehicle id="21" x="195.15" y="398.35" angle="90.00" type="DEFAULT_VEHTYPE" speed="2.60" pos="195.15" lane="0/2to1/2_0" slope="0.00"/>
        <vehicle id="22" x="506.21" y="401.65" angle="-90.00" type="DEFAULT_VEHTYPE" speed="13.17" pos="89.04" lane="3/2to2/2_0" slope="0.00"/>
        <vehicle id="24" x="398.35" y="418.10" angle="0.00" type="DEFAULT_VEHTYPE" speed="13.68" pos="177.15" lane="2/3to2/2_0" slope="0.00"/>
        <vehicle id="26" x="305.10" y="401.65" angle="-90.00" type="DEFAULT_VEHTYPE" speed="13.66" pos="90.15" lane="2/2to1/2_0" slope="0.00"/>
        <vehicle id="28" x="391.28" y="598.35" angle="90.00" type="DEFAULT_VEHTYPE" speed="3.61" pos="186.53" lane="1/3to2/3_0" slope="0.00"/>
        <vehicle id="30" x="783.52" y="398.35" angle="90.00" type="DEFAULT_VEHTYPE" speed="12.73" pos="178.77" lane="3/2to4/2_0" slope="0.00"/>
        <vehicle id="32" x="398.35" y="797.51" angle="-23.12" type="DEFAULT_VEHTYPE" speed="12.93" pos="2.49" lane="2/4to2/3_0" slope="0.00"/>
        <vehicle id="35" x="123.48" y="398.35" angle="90.00" type="DEFAULT_VEHTYPE" speed="13.50" pos="123.48" lane="0/2to1/2_0" slope="0.00"/>
        <vehicle id="37" x="598.35" y="549.66" angle="0.00" type="DEFAULT_VEHTYPE" speed="13.57" pos="45.59" lane="3/3to3/2_0" slope="0.00"/>
        <vehicle id="38" x="202.27" y="401.30" angle="-85.93" type="DEFAULT_VEHTYPE" speed="3.55" pos="2.50" lane=":1/2_6_0" slope="0.00"/>
        <vehicle id="41" x="401.65" y="706.65" angle="180.00" type="DEFAULT_VEHTYPE" speed="13.84" pos="101.90" lane="2/3to2/4_0" slope="0.00"/>
        <vehicle id="44" x="398.35" y="447.37" angle="0.00" type="DEFAULT_VEHTYPE" speed="13.31" pos="147.88" lane="2/3to2/2_0" slope="0.00"/>
        <vehicle id="48" x="398.35" y="598.28" angle="0.00" type="DEFAULT_VEHTYPE" speed="12.83" pos="6.47" lane=":2/3_1_0" slope="0.00"/>
        <vehicle id="5" x="270.17" y="201.65" angle="-90.00" type="DEFAULT_VEHTYPE" speed="12.77" pos="125.08" lane="2/1to1/1_0" slope="0.00"/>
        <vehicle id="7" x="401.65" y="666.63" angle="180.00" type="DEFAULT_VEHTYPE" speed="13.65" pos="61.88" lane="2/3to2/4_0" slope="0.00"/>
        <vehicle id="8" x="201.65" y="328.95" angle="180.00" type="DEFAULT_VEHTYPE" speed="13.62" pos="124.20" lane="1/1to1/2_0" slope="0.00"/>
    </timestep>
    <timestep time="163.00">
        <vehicle id="0" x="201.65" y="438.08" angle="180.00" type="DEFAULT_VEHTYPE" speed="13.87" pos="33.33" lane="1/2to1/3_0" slope="0.00"/>
        <vehicle id="1" x="407.28" y="401.65" angle="-90.00" type="DEFAULT_VEHTYPE" speed="0.18" pos="187.97" lane="3/2to2/2_0" slope="0.00"/>
        <vehicle id="17" x="378.57" y="598.35" angle="90.00" type="DEFAULT_VEHTYPE" speed="5.80" pos="173.82" lane="1/3to2/3_0" slope="0.00"/>
        <vehicle id="18" x="201.65" y="514.98" angle="180.00" type="DEFAULT_VEHTYPE" speed="13.68" pos="110.23" lane="1/2to1/3_0" slope="0.00"/>
        <vehicle id="21" x="199.30" y="399.50" angle="103.55" type="DEFAULT_VEHTYPE" speed="4.38" pos="4.28" lane=":1/2_14_0" slope="0.00"/>
        <vehicle id="22" x="493.13" y="401.65" angle="-90.00" type="DEFAULT_VEHTYPE" speed="13.09" pos="102.12" lane="3/2to2/2_0" slope="0.00"/>
        <vehicle id="24" x="398.35" y="404.74" angle="-0.01" type="DEFAULT_VEHTYPE" speed="13.36" pos="0.01" lane=":2/2_0_0" slope="0.00"/>
        <vehicle id="26" x="291.41" y="401.65" angle="-90.00" type="DEFAULT_VEHTYPE" speed="13.70" pos="103.84" lane="2/2to1/2_0" slope="0.00"/>
        <vehicle id="28" x="392.42" y="598.35" angle="90.00" type="DEFAULT_VEHTYPE" speed="1.14" pos="187.67" lane="1/3to2/3_0" slope="0.00"/>
        <vehicle id="30" x="796.89" y="398.35" angle="90.00" type="DEFAULT_VEHTYPE" speed="13.38" pos="192.14" lane="3/2to4/2_0" slope="0.00"/>
        <vehicle id="32" x="398.35" y="784.43" angle="0.00" type="DEFAULT_VEHTYPE" speed="13.08" pos="15.57" lane="2/4to2/3_0" slope="0.00"/>
        <vehicle id="35" x="136.82" y="398.35" angle="90.00" type="DEFAULT_VEHTYPE" speed="13.34" pos="136.82" lane="0/2to1/2_0" slope="0.00"/>
        <vehicle id="37" x="598.35" y="535.94" angle="0.00" type="DEFAULT_VEHTYPE" speed="13.72" pos="59.31" lane="3/3to3/2_0" slope="0.00"/>
        <vehicle id="38" x="198.70" y="397.70" angle="-42.40" type="DEFAULT_VEHTYPE" speed="5.34" pos="7.85" lane=":1/2_6_0" slope="0.00"/>
        <vehicle id="41" x="401.65" y="719.89" angle="180.00" type="DEFAULT_VEHTYPE" speed="13.23" pos="115.14" lane="2/3to2/4_0" slope="0.00"/>
        <vehicle id="44" x="398.35" y="434.35" angle="0.00" type="DEFAULT_VEHTYPE" speed="13.02" pos="160.90" lane="2/3to2/2_0" slope="0.00"/>
        <vehicle id="48" x="398.35" y="585.68" angle="0.00" type="DEFAULT_VEHTYPE" speed="12.61" pos="9.57" lane="2/3to2/2_0" slope="0.00"/>
        <vehicle id="5" x="257.38" y="201.65" angle="-90.00" type="DEFAULT_VEHTYPE" speed="12.78" pos="137.87" lane="2/1to1/1_0" slope="0.00"/>
        <vehicle id="7" x="401.65" y="679.68" angle="180.00" type="DEFAULT_VEHTYPE" speed="13.05" pos="74.93" lane="2/3to2/4_0" slope="0.00"/>
        <vehicle id="8" x="201.65" y="341.75" angle="180.00" type="DEFAULT_VEHTYPE" speed="12.81" pos="137.00" lane="1/1to1/2_0" slope="0.00"/>
    </timestep>
    <timestep time="164.00">
        <vehicle id="0" x="201.65" y="450.70" angle="180.00" type="DEFAULT_VEHTYPE" speed="12.62" pos="45.95" lane="1/2to1/3_0" slope="0.00"/>
        <vehicle id="1" x="407.26" y="401.65" angle="-90.00" type="DEFAULT_VEHTYPE" speed="0.02" pos="187.99" lane="3/2to2/2_0" slope="0.00"/>
        <vehicle id="17" x="382.09" y="598.35" angle="90.00" type="DEFAULT_VEHTYPE" speed="3.52" pos="177.34" lane="1/3to2/3_0" slope="0.00"/>
        <vehicle id="18" x="201.65" y="528.41" angle="180.00" type="DEFAULT_VEHTYPE" speed="13.43" pos="123.66" lane="1/2to1/3_0" slope="0.00"/>
        <vehicle id="21" x="201.65" y="405.45" angle="166.37" type="DEFAULT_VEHTYPE" speed="6.74" pos="0.70" lane="1/2to1/3_0" slope="0.00"/>
        <vehicle id="22" x="479.41" y="401.65" angle="-90.00" type="DEFAULT_VEHTYPE" speed="13.72" pos="115.84" lane="3/2to2/2_0" slope="0.00"/>
        <vehicle id="24" x="387.39" y="401.65" angle="-90.00" type="DEFAULT_VEHTYPE" speed="12.85" pos="7.86" lane="2/2to1/2_0" slope="0.00"/>
        <vehicle id="26" x="277.78" y="401.65" angle="-90.00" type="DEFAULT_VEHTYPE" speed="13.63" pos="117.47" lane="2/2to1/2_0" slope="0.00"/>
        <vehicle id="28" x="395.29" y="598.36" angle="90.07" type="DEFAULT_VEHTYPE" speed="2.88" pos="0.04" lane=":2/3_14_0" slope="0.00"/>
        <vehicle id="32" x="398.35" y="771.79" angle="0.00" type="DEFAULT_VEHTYPE" speed="12.64" pos="28.21" lane="2/4to2/3_0" slope="0.00"/>
        <vehicle id="35" x="149.50" y="398.35" angle="90.00" type="DEFAULT_VEHTYPE" speed="12.68" pos="149.50" lane="0/2to1/2_0" slope="0.00"/>
        <vehicle id="37" x="598.35" y="523.30" angle="0.00" type="DEFAULT_VEHTYPE" speed="12.64" pos="71.95" lane="3/3to3/2_0" slope="0.00"/>
        <vehicle id="38" x="198.35" y="390.42" angle="-0.28" type="DEFAULT_VEHTYPE" speed="7.30" pos="4.83" lane="1/2to1/1_0" slope="0.00"/>
        <vehicle id="41" x="401.65" y="733.34" angle="180.00" type="DEFAULT_VEHTYPE" speed="13.46" pos="128.59" lane="2/3to2/4_0" slope="0.00"/>
        <vehicle id="44" x="398.35" y="421.57" angle="0.00" type="DEFAULT_VEHTYPE" speed="12.78" pos="173.68" lane="2/3to2/2_0" slope="0.00"/>
        <vehicle id="48" x="398.35" y="571.89" angle="0.00" type="DEFAULT_VEHTYPE" speed="13.78" pos="23.36" lane="2/3to2/2_0" slope="0.00"/>
        <vehicle id="5" x="244.53" y="201.65" angle="-90.00" type="DEFAULT_VEHTYPE" speed="12.85" pos="150.72" lane="2/1to1/1_0" slope="0.00"/>
        <vehicle id="7" x="401.65" y="692.66" angle="180.00" type="DEFAULT_VEHTYPE" speed="12.98" pos="87.91" lane="2/3to2/4_0" slope="0.00"/>
        <vehicle id="8" x="201.65" y="354.90" angle="180.00" type="DEFAULT_VEHTYPE" speed="13.15" pos="150.15" lane="1/1to1/2_0" slope="0.00"/>
    </timestep>
    <timestep time="165.00">
        <vehicle id="0" x="201.65" y="463.90" angle="180.00" type="DEFAULT_VEHTYPE" speed="13.19" pos="59.15" lane="1/2to1/3_0" slope="0.00"/>
        <vehicle id="1" x="407.25" y="401.65" angle="-90.00" type="DEFAULT_VEHTYPE" speed="0.01" pos="188.00" lane="3/2to2/2_0" slope="0.00"/>
        <vehicle id="17" x="385.30" y="598.35" angle="90.00" type="DEFAULT_VEHTYPE" speed="3.20" pos="180.55" lane="1/3to2/3_0" slope="0.00"/>
        <vehicle id="18" x="201.65" y="541.45" angle="180.00" type="DEFAULT_VEHTYPE" speed="13.04" pos="136.70" lane="1/2to1/3_0" slope="0.00"/>
        <vehicle id="21" x="201.65" y="414.13" angle="180.00" type="DEFAULT_VEHTYPE" speed="8.68" pos="9.38" lane="1/2to1/3_0" slope="0.00"/>
        <vehicle id="22" x="466.12" y="401.65" angle="-90.00" type="DEFAULT_VEHTYPE" speed="13.29" pos="129.13" lane="3/2to2/2_0" slope="0.00"/>
        <vehicle id="24" x="374.37" y="401.65" angle="-90.00" type="DEFAULT_VEHTYPE" speed="13.03" pos="20.88" lane="2/2to1/2_0" slope="0.00"/>
        <vehicle id="26" x="264.12" y="401.65" angle="-90.00" type="DEFAULT_VEHTYPE" speed="13.66" pos="131.13" lane="2/2to1/2_0" slope="0.00"/>
        <vehicle id="28" x="400.06" y="599.96" angle="108.89" type="DEFAULT_VEHTYPE" speed="5.13" pos="5.17" lane=":2/3_14_0" slope="0.00"/>
        <vehicle id="32" x="398.35" y="759.05" angle="0.00" type="DEFAULT_VEHTYPE" speed="12.75" pos="40.95" lane="2/4to2/3_0" slope="0.00"/>
        <vehicle id="35" x="162.90" y="398.35" angle="90.00" type="DEFAULT_VEHTYPE" speed="13.40" pos="162.90" lane="0/2to1/2_0" slope="0.00"/>
        <vehicle id="37" x="598.35" y="510.69" angle="0.00" type="DEFAULT_VEHTYPE" speed="12.60" pos="84.56" lane="3/3to3/2_0" slope="0.00"/>
        <vehicle id="38" x="198.35" y="380.80" angle="0.00" type="DEFAULT_VEHTYPE" speed="9.62" pos="14.45" lane="1/2to1/1_0" slope="0.00"/>
        <vehicle id="41" x="401.65" y="745.94" angle="180.00" type="DEFAULT_VEHTYPE" speed="12.60" pos="141.19" lane="2/3to2/4_0" slope="0.00"/>
        <vehicle id="44" x="398.35" y="408.21" angle="0.00" type="DEFAULT_VEHTYPE" speed="13.36" pos="187.04" lane="2/3to2/2_0" slope="0.00"/>
        <vehicle id="48" x="398.35" y="558.16" angle="0.00" type="DEFAULT_VEHTYPE" speed="13.73" pos="37.09" lane="2/3to2/2_0" slope="0.00"/>
        <vehicle id="5" x="230.86" y="201.65" angle="-90.00" type="DEFAULT_VEHTYPE" speed="13.67" pos="164.39" lane="2/1to1/1_0" slope="0.00"/>
        <vehicle id="7" x="401.65" y="705.40" angle="180.00" type="DEFAULT_VEHTYPE" speed="12.74" pos="100.65" lane="2/3to2/4_0" slope="0.00"/>
        <vehicle id="8" x="201.65" y="368.21" angle="180.00" type="DEFAULT_VEHTYPE" speed="13.31" pos="163.46" lane="1/1to1/2_0" slope="0.00"/>
    </timestep>
    <timestep time="166.00">
        <vehicle id="0" x="201.65" y="476.62" angle="180.00" type="DEFAULT_VEHTYPE" speed="12.72" pos="71.87" lane="1/2to1/3_0" slope="0.00"/>
        <vehicle id="1" x="407.25" y="401.65" angle="-90.00" type="DEFAULT_VEHTYPE" speed="0.00" pos="188.00" lane="3/2to2/2_0" slope="0.00"/>
        <vehicle id="17" x="388.92" y="598.35" angle="90.00" type="DEFAULT_VEHTYPE" speed="3.62" pos="184.17" lane="1/3to2/3_0" slope="0.00"/>
        <vehicle id="18" x="201.65" y="554.95" angle="180.00" type="DEFAULT_VEHTYPE" speed="13.50" pos="150.20" lane="1/2to1/3_0" slope="0.00"/>
        <vehicle id="21" x="201.65" y="425.26" angle="180.00" type="DEFAULT_VEHTYPE" speed="11.13" pos="20.51" lane="1/2to1/3_0" slope="0.00"/>
        <vehicle id="22" x="452.46" y="401.65" angle="-90.00" type="DEFAULT_VEHTYPE" speed="13.67" pos="142.79" lane="3/2to2/2_0" slope="0.00"/>
        <vehicle id="24" x="361.66" y="401.65" angle="-90.00" type="DEFAULT_VEHTYPE" speed="12.71" pos="33.59" lane="2/2to1/2_0" slope="0.00"/>
        <vehicle id="26" x="250.41" y="401.65" angle="-90.00" type="DEFAULT_VEHTYPE" speed="13.71" pos="144.84" lane="2/2to1/2_0" slope="0.00"/>
        <vehicle id="28" x="401.65" y="607.19" angle="175.83" type="DEFAULT_VEHTYPE" speed="7.58" pos="2.44" lane="2/3to2/4_0" slope="0.00"/>
        <vehicle id="32" x="398.35" y="745.98" angle="0.00" type="DEFAULT_VEHTYPE" speed="13.07" pos="54.02" lane="2/4to2/3_0" slope="0.00"/>
        <vehicle id="35" x="174.22" y="398.35" angle="90.00" type="DEFAULT_VEHTYPE" speed="11.33" pos="174.22" lane="0/2to1/2_0" slope="0.00"/>
        <vehicle id="37" x="598.35" y="497.87" angle="0.00" type="DEFAULT_VEHTYPE" speed="12.82" pos="97.38" lane="3/3to3/2_0" slope="0.00"/>
        <vehicle id="38" x="198.35" y="369.12" angle="0.00" type="DEFAULT_VEHTYPE" speed="11.68" pos="26.13" lane="1/2to1/1_0" slope="0.00"/>
        <vehicle id="41" x="401.65" y="759.10" angle="180.00" type="DEFAULT_VEHTYPE" speed="13.16" pos="154.35" lane="2/3to2/4_0" slope="0.00"/>
        <vehicle id="44" x="390.01" y="401.65" angle="-90.00" type="DEFAULT_VEHTYPE" speed="13.70" pos="5.24" lane="2/2to1/2_0" slope="0.00"/>
        <vehicle id="48" x="398.35" y="545.28" angle="0.00" type="DEFAULT_VEHTYPE" speed="12.88" pos="49.97" lane="2/3to2/2_0" slope="0.00"/>
        <vehicle id="5" x="220.52" y="201.65" angle="-90.00" type="DEFAULT_VEHTYPE" speed="10.34" pos="174.73" lane="2/1to1/1_0" slope="0.00"/>
        <vehicle id="7" x="401.65" y="719.16" angle="180.00" type="DEFAULT_VEHTYPE" speed="13.76" pos="114.41" lane="2/3to2/4_0" slope="0.00"/>
        <vehicle id="8" x="201.65" y="380.99" angle="180.00" type="DEFAULT_VEHTYPE" speed="12.78" pos="176.24" lane="1/1to1/2_0" slope="0.00"/>
    </timestep>
    <timestep time="167.00">
        <vehicle id="0" x="201.65" y="489.86" angle="180.00" type="DEFAULT_VEHTYPE" speed="13.24" pos="85.11" lane="1/2to1/3_0" slope="0.00"/>
        <vehicle id="1" x="405.50" y="401.65" angle="-90.00" type="DEFAULT_VEHTYPE" speed="1.76" pos="189.75" lane="3/2to2/2_0" slope="0.00"/>
        <vehicle id="17" x="394.36" y="598.35" angle="90.00" type="DEFAULT_VEHTYPE" speed="5.45" pos="189.61" lane="1/3to2/3_0" slope="0.00"/>
        <vehicle id="18" x="201.65" y="567.95" angle="180.00" type="DEFAULT_VEHTYPE" speed="13.00" pos="163.20" lane="1/2to1/3_0" slope="0.00"/>
        <vehicle id="21" x="201.65" y="438.32" angle="180.00" type="DEFAULT_VEHTYPE" speed="13.06" pos="33.57" lane="1/2to1/3_0" slope="0.00"/>
        <vehicle id="22" x="438.98" y="401.65" angle="-90.00" type="DEFAULT_VEHTYPE" speed="13.48" pos="156.27" lane="3/2to2/2_0" slope="0.00"/>
        <vehicle id="24" x="348.36" y="401.65" angle="-90.00" type="DEFAULT_VEHTYPE" speed="13.29" pos="46.89" lane="2/2to1/2_0" slope="0.00"/>
        <vehicle id="26" x="237.18" y="401.65" angle="-90.00" type="DEFAULT_VEHTYPE" speed="13.23" pos="158.07" lane="2/2to1/2_0" slope="0.00"/>
        <vehicle id="28" x="401.65" y="616.19" angle="180.00" type="DEFAULT_VEHTYPE" speed="9.00" pos="11.44" lane="2/3to2/4_0" slope="0.00"/>
        <vehicle id="32" x="398.35" y="733.22" angle="0.00" type="DEFAULT_VEHTYPE" speed="12.76" pos="66.78" lane="2/4to2/3_0" slope="0.00"/>
        <vehicle id="35" x="182.65" y="398.35" angle="90.00" type="DEFAULT_VEHTYPE" speed="8.43" pos="182.65" lane="0/2to1/2_0" slope="0.00"/>
        <vehicle id="37" x="598.35" y="485.16" angle="0.00" type="DEFAULT_VEHTYPE" speed="12.71" pos="110.09" lane="3/3to3/2_0" slope="0.00"/>
        <vehicle id="38" x="198.35" y="356.47" angle="0.00" type="DEFAULT_VEHTYPE" speed="12.66" pos="38.78" lane="1/2to1/1_0" slope="0.00"/>
        <vehicle id="41" x="401.65" y="772.80" angle="180.00" type="DEFAULT_VEHTYPE" speed="13.70" pos="168.05" lane="2/3to2/4_0" slope="0.00"/>
        <vehicle id="44" x="376.60" y="401.65" angle="-90.00" type="DEFAULT_VEHTYPE" speed="13.40" pos="18.65" lane="2/2to1/2_0" slope="0.00"/>
        <vehicle id="48" x="398.35" y="532.21" angle="0.00" type="DEFAULT_VEHTYPE" speed="13.07" pos="63.04" lane="2/3to2/2_0" slope="0.00"/>
        <vehicle id="5" x="213.49" y="201.65" angle="-90.00" type="DEFAULT_VEHTYPE" speed="7.02" pos="181.76" lane="2/1to1/1_0" slope="0.00"/>
        <vehicle id="7" x="401.65" y="732.64" angle="180.00" type="DEFAULT_VEHTYPE" speed="13.49" pos="127.89" lane="2/3to2/4_0" slope="0.00"/>
        <vehicle id="8" x="201.65" y="394.62" angle="180.00" type="DEFAULT_VEHTYPE" speed="13.63" pos="189.87" lane="1/1to1/2_0" slope="0.00"/>
    </timestep>
    <timestep time="168.00">
        <vehicle id="0" x="201.65" y="503.37" angle="180.00" type="DEFAULT_VEHTYPE" speed="13.50" pos="98.62" lane="1/2to1/3_0" slope="0.00"/>
        <vehicle id="1" x="402.02" y="401.65" angle="-90.00" type="DEFAULT_VEHTYPE" speed="3.48" pos="2.73" lane=":2/2_5_0" slope="0.00"/>
        <vehicle id="17" x="400.59" y="600.85" angle="119.35" type="DEFAULT_VEHTYPE" speed="7.10" pos="6.21" lane=":2/3_14_0" slope="0.00"/>
        <vehicle id="18" x="201.65" y="581.46" angle="180.00" type="DEFAULT_VEHTYPE" speed="13.51" pos="176.71" lane="1/2to1/3_0" slope="0.00"/>
        <vehicle id="21" x="201.65" y="451.07" angle="180.00" type="DEFAULT_VEHTYPE" speed="12.75" pos="46.32" lane="1/2to1/3_0" slope="0.00"/>
        <vehicle id="22" x="427.69" y="401.65" angle="-90.00" type="DEFAULT_VEHTYPE" speed="11.29" pos="167.56" lane="3/2to2/2_0" slope="0.00"/>
        <vehicle id="24" x="334.70" y="401.65" angle="-90.00" type="DEFAULT_VEHTYPE" speed="13.66" pos="60.55" lane="2/2to1/2_0" slope="0.00"/>
        <vehicle id="26" x="224.91" y="401.65" angle="-90.00" type="DEFAULT_VEHTYPE" speed="12.27" pos="170.34" lane="2/2to1/2_0" slope="0.00"/>
        <vehicle id="28" x="401.65" y="627.02" angle="180.00" type="DEFAULT_VEHTYPE" speed="10.84" pos="22.27" lane="2/3to2/4_0" slope="0.00"/>
        <vehicle id="32" x="398.35" y="719.39" angle="0.00" type="DEFAULT_VEHTYPE" speed="13.83" pos="80.61" lane="2/4to2/3_0" slope="0.00"/>
        <vehicle id="35" x="187.55" y="398.35" angle="90.00" type="DEFAULT_VEHTYPE" speed="4.89" pos="187.55" lane="0/2to1/2_0" slope="0.00"/>
        <vehicle id="37" x="598.35" y="471.52" angle="0.00" type="DEFAULT_VEHTYPE" speed="13.64" pos="123.73" lane="3/3to3/2_0" slope="0.00"/>
        <vehicle id="38" x="198.35" y="343.67" angle="0.00" type="DEFAULT_VEHTYPE" speed="12.80" pos="51.58" lane="1/2to1/1_0" slope="0.00"/>
        <vehicle id="41" x="401.65" y="786.67" angle="180.00" type="DEFAULT_VEHTYPE" speed="13.87" pos="181.92" lane="2/3to2/4_0" slope="0.00"/>
        <vehicle id="44" x="362.88" y="401.65" angle="-90.00" type="DEFAULT_VEHTYPE" speed="13.72" pos="32.37" lane="2/2to1/2_0" slope="0.00"/>
        <vehicle id="48" x="398.35" y="519.24" angle="0.00" type="DEFAULT_VEHTYPE" speed="12.97" pos="76.01" lane="2/3to2/2_0" slope="0.00"/>
        <vehicle id="5" x="209.57" y="201.65" angle="-90.00" type="DEFAULT_VEHTYPE" speed="3.92" pos="185.68" lane="2/1to1/1_0" slope="0.00"/>
        <vehicle id="7" x="401.65" y="746.49" angle="180.00" type="DEFAULT_VEHTYPE" speed="13.85" pos="141.74" lane="2/3to2/4_0" slope="0.00"/>
        <vehicle id="8" x="201.65" y="408.17" angle="180.00" type="DEFAULT_VEHTYPE" speed="13.55" pos="3.42" lane="1/2to1/3_0" slope="0.00"/>
    </timestep>
    <timestep time="169.00">
        <vehicle id="0" x="201.65" y="516.41" angle="180.00" type="DEFAULT_VEHTYPE" speed="13.04" pos="111.66" lane="1/2to1/3_0" slope="0.00"/>
        <vehicle id="1" x="396.85" y="401.65" angle="-90.00" type="DEFAULT_VEHTYPE" speed="5.17" pos="7.90" lane=":2/2_5_0" slope="0.00"/>
        <vehicle id="17" x="401.65" y="609.72" angle="179.96" type="DEFAULT_VEHTYPE" speed="9.08" pos="4.97" lane="2/3to2/4_0" slope="0.00"/>
        <vehicle id="18" x="201.65" y="594.65" angle="180.00" type="DEFAULT_VEHTYPE" speed="13.19" pos="189.90" lane="1/2to1/3_0" slope="0.00"/>
        <vehicle id="21" x="201.65" y="464.30" angle="180.00" type="DEFAULT_VEHTYPE" speed="13.23" pos="59.55" lane="1/2to1/3_0" slope="0.00"/>
        <vehicle id="22" x="419.85" y="401.65" angle="-90.00" type="DEFAULT_VEHTYPE" speed="7.84" pos="175.40" lane="3/2to2/2_0" slope="0.00"/>
        <vehicle id="24" x="321.28" y="401.65" angle="-90.00" type="DEFAULT_VEHTYPE" speed="13.42" pos="73.97" lane="2/2to1/2_0" slope="0.00"/>
        <vehicle id="26" x="217.11" y="401.65" angle="-90.00" type="DEFAULT_VEHTYPE" speed="7.80" pos="178.14" lane="2/2to1/2_0" slope="0.00"/>
        <vehicle id="28" x="401.65" y="639.26" angle="180.00" type="DEFAULT_VEHTYPE" speed="12.23" pos="34.51" lane="2/3to2/4_0" slope="0.00"/>
        <vehicle id="32" x="398.35" y="706.29" angle="0.00" type="DEFAULT_VEHTYPE" speed="13.10" pos="93.71" lane="2/4to2/3_0" slope="0.00"/>
        <vehicle id="35" x="191.08" y="398.35" angle="90.00" type="DEFAULT_VEHTYPE" speed="3.53" pos="191.08" lane="0/2to1/2_0" slope="0.00"/>
        <vehicle id="37" x="598.35" y="458.10" angle="0.00" type="DEFAULT_VEHTYPE" speed="13.42" pos="137.15" lane="3/3to3/2_0" slope="0.00"/>
        <vehicle id="38" x="198.35" y="329.81" angle="0.00" type="DEFAULT_VEHTYPE" speed="13.86" pos="65.44" lane="1/2to1/1_0" slope="0.00"/>
        <vehicle id="41" x="401.55" y="800.15" angle="-178.84" type="DEFAULT_VEHTYPE" speed="13.51" pos="0.18" lane=":2/4_0_0" slope="0.00"/>
        <vehicle id="44" x="349.72" y="401.65" angle="-90.00" type="DEFAULT_VEHTYPE" speed="13.16" pos="45.53" lane="2/2to1/2_0" slope="0.00"/>
        <vehicle id="48" x="398.35" y="506.54" angle="0.00" type="DEFAULT_VEHTYPE" speed="12.70" pos="88.71" lane="2/3to2/2_0" slope="0.00"/>
        <vehicle id="5" x="203.46" y="201.83" angle="-92.07" type="DEFAULT_VEHTYPE" speed="6.12" pos="1.30" lane=":1/1_4_0" slope="0.00"/>
        <vehicle id="7" x="401.65" y="759.21" angle="180.00" type="DEFAULT_VEHTYPE" speed="12.71" pos="154.46" lane="2/3to2/4_0" slope="0.00"/>
        <vehicle id="8" x="201.65" y="420.89" angle="180.00" type="DEFAULT_VEHTYPE" speed="12.72" pos="16.14" lane="1/2to1/3_0" slope="0.00"/>
    </timestep>
    <timestep time="170.00">
        <vehicle id="0" x="201.65" y="529.90" angle="180.00" type="DEFAULT_VEHTYPE" speed="13.49" pos="125.15" lane="1/2to1/3_0" slope="0.00"/>
        <vehicle id="1" x="389.13" y="401.65" angle="-90.00" type="DEFAULT_VEHTYPE" speed="7.72" pos="6.12" lane="2/2to1/2_0" slope="0.00"/>
        <vehicle id="17" x="401.65" y="620.84" angle="180.00" type="DEFAULT_VEHTYPE" speed="11.12" pos="16.09" lane="2/3to2/4_0" slope="0.00"/>
        <vehicle id="18" x="212.61" y="598.35" angle="90.00" type="DEFAULT_VEHTYPE" speed="13.46" pos="7.86" lane="1/3to2/3_0" slope="0.00"/>
        <vehicle id="21" x="201.65" y="477.71" angle="180.00" type="DEFAULT_VEHTYPE" speed="13.41" pos="72.96" lane="1/2to1/3_0" slope="0.00"/>
        <vehicle id="22" x="414.04" y="401.65" angle="-90.00" type="DEFAULT_VEHTYPE" speed="5.81" pos="181.21" lane="3/2to2/2_0" slope="0.00"/>
        <vehicle id="24" x="307.59" y="401.65" angle="-90.00" type="DEFAULT_VEHTYPE" speed="13.70" pos="87.66" lane="2/2to1/2_0" slope="0.00"/>
        <vehicle id="26" x="211.46" y="401.65" angle="-90.00" type="DEFAULT_VEHTYPE" speed="5.65" pos="183.79" lane="2/2to1/2_0" slope="0.00"/>
        <vehicle id="28" x="401.65" y="653.06" angle="180.00" type="DEFAULT_VEHTYPE" speed="13.80" pos="48.31" lane="2/3to2/4_0" slope="0.00"/>
        <vehicle id="32" x="398.35" y="692.73" angle="0.00" type="DEFAULT_VEHTYPE" speed="13.56" pos="107.27" lane="2/4to2/3_0" slope="0.00"/>
        <vehicle id="35" x="192.46" y="398.35" angle="90.00" type="DEFAULT_VEHTYPE" speed="1.38" pos="192.46" lane="0/2to1/2_0" slope="0.00"/>
        <vehicle id="37" x="598.35" y="445.26" angle="0.00" type="DEFAULT_VEHTYPE" speed="12.85" pos="149.99" lane="3/3to3/2_0" slope="0.00"/>
        <vehicle id="38" x="198.35" y="316.36" angle="0.00" type="DEFAULT_VEHTYPE" speed="13.45" pos="78.89" lane="1/2to1/1_0" slope="0.00"/>
        <vehicle id="41" x="398.35" y="791.69" angle="0.00" type="DEFAULT_VEHTYPE" speed="12.95" pos="8.31" lane="2/4to2/3_0" slope="0.00"/>
        <vehicle id="44" x="336.89" y="401.65" angle="-90.00" type="DEFAULT_VEHTYPE" speed="12.82" pos="58.36" lane="2/2to1/2_0" slope="0.00"/>
        <vehicle id="48" x="398.35" y="493.07" angle="0.00" type="DEFAULT_VEHTYPE" speed="13.47" pos="102.18" lane="2/3to2/2_0" slope="0.00"/>
        <vehicle id="5" x="201.65" y="209.71" angle="-179.93" type="DEFAULT_VEHTYPE" speed="8.66" pos="4.96" lane="1/1to1/2_0" slope="0.00"/>
        <vehicle id="7" x="401.65" y="771.95" angle="180.00" type="DEFAULT_VEHTYPE" speed="12.74" pos="167.20" lane="2/3to2/4_0" slope="0.00"/>
        <vehicle id="8" x="201.65" y="434.03" angle="180.00" type="DEFAULT_VEHTYPE" speed="13.14" pos="29.28" lane="1/2to1/3_0" slope="0.00"/>
    </timestep>
    <timestep time="171.00">
        <vehicle id="0" x="201.65" y="543.61" angle="180.00" type="DEFAULT_VEHTYPE" speed="13.71" pos="138.86" lane="1/2to1/3_0" slope="0.00"/>
        <vehicle id="1" x="379.79" y="401.65" angle="-90.00" type="DEFAULT_VEHTYPE" speed="9.34" pos="15.46" lane="2/2to1/2_0" slope="0.00"/>
        <vehicle id="17" x="401.65" y="633.73" angle="180.00" type="DEFAULT_VEHTYPE" speed="12.89" pos="28.98" lane="2/3to2/4_0" slope="0.00"/>
        <vehicle id="18" x="226.35" y="598.35" angle="90.00" type="DEFAULT_VEHTYPE" speed="13.74" pos="21.60" lane="1/3to2/3_0" slope="0.00"/>
        <vehicle id="21" x="201.65" y="490.57" angle="180.00" type="DEFAULT_VEHTYPE" speed="12.86" pos="85.82" lane="1/2to1/3_0" slope="0.00"/>
        <vehicle id="22" x="409.64" y="401.65" angle="-90.00" type="DEFAULT_VEHTYPE" speed="4.40" pos="185.61" lane="3/2to2/2_0" slope="0.00"/>
        <vehicle id="24" x="294.77" y="401.65" angle="-90.00" type="DEFAULT_VEHTYPE" speed="12.81" pos="100.48" lane="2/2to1/2_0" slope="0.00"/>
        <vehicle id="26" x="203.61" y="401.65" angle="-90.00" type="DEFAULT_VEHTYPE" speed="7.85" pos="1.14" lane=":1/2_5_0" slope="0.00"/>
        <vehicle id="28" x="401.65" y="666.11" angle="180.00" type="DEFAULT_VEHTYPE" speed="13.05" pos="61.36" lane="2/3to2/4_0" slope="0.00"/>
        <vehicle id="32" x="398.35" y="679.36" angle="0.00" type="DEFAULT_VEHTYPE" speed="13.37" pos="120.64" lane="2/4to2/3_0" slope="0.00"/>
        <vehicle id="35" x="192.73" y="398.35" angle="90.00" type="DEFAULT_VEHTYPE" speed="0.27" pos="192.73" lane="0/2to1/2_0" slope="0.00"/>
        <vehicle id="37" x="598.35" y="431.37" angle="0.00" type="DEFAULT_VEHTYPE" speed="13.88" pos="163.88" lane="3/3to3/2_0" slope="0.00"/>
        <vehicle id="38" x="198.35" y="302.49" angle="0.00" type="DEFAULT_VEHTYPE" speed="13.87" pos="92.76" lane="1/2to1/1_0" slope="0.00"/>
        <vehicle id="41" x="398.35" y="778.84" angle="0.00" type="DEFAULT_VEHTYPE" speed="12.85" pos="21.16" lane="2/4to2/3_0" slope="0.00"/>
        <vehicle id="44" x="323.36" y="401.65" angle="-90.00" type="DEFAULT_VEHTYPE" speed="13.53" pos="71.89" lane="2/2to1/2_0" slope="0.00"/>
        <vehicle id="48" x="398.35" y="480.35" angle="0.00" type="DEFAULT_VEHTYPE" speed="12.72" pos="114.90" lane="2/3to2/2_0" slope="0.00"/>
        <vehicle id="5" x="201.65" y="220.66" angle="180.00" type="DEFAULT_VEHTYPE" speed="10.95" pos="15.91" lane="1/1to1/2_0" slope="0.00"/>
        <vehicle id="7" x="401.65" y="784.93" angle="180.00" type="DEFAULT_VEHTYPE" speed="12.98" pos="180.18" lane="2/3to2/4_0" slope="0.00"/>
        <vehicle id="8" x="201.65" y="447.58" angle="180.00" type="DEFAULT_VEHTYPE" speed="13.55" pos="42.83" lane="1/2to1/3_0" slope="0.00"/>
    </timestep>
    <timestep time="172.00">
        <vehicle id="0" x="201.65" y="556.75" angle="180.00" type="DEFAULT_VEHTYPE" speed="13.15" pos="152.00" lane="1/2to1/3_0" slope="0.00"/>
        <vehicle id="1" x="368.78" y="401.65" angle="-90.00" type="DEFAULT_VEHTYPE" speed="11.00" pos="26.47" lane="2/2to1/2_0" slope="0.00"/>
        <vehicle id="17" x="401.65" y="647.29" angle="180.00" type="DEFAULT_VEHTYPE" speed="13.56" pos="42.54" lane="2/3to2/4_0" slope="0.00"/>
        <vehicle id="18" x="239.62" y="598.35" angle="90.00" type="DEFAULT_VEHTYPE" speed="13.27" pos="34.87" lane="1/3to2/3_0" slope="0.00"/>
        <vehicle id="21" x="201.65" y="503.61" angle="180.00" type="DEFAULT_VEHTYPE" speed="13.04" pos="98.86" lane="1/2to1/3_0" slope="0.00"/>
        <vehicle id="22" x="402.99" y="401.40" angle="-87.10" type="DEFAULT_VEHTYPE" speed="6.68" pos="1.78" lane=":2/2_6_0" slope="0.00"/>
        <vehicle id="24" x="281.07" y="401.65" angle="-90.00" type="DEFAULT_VEHTYPE" speed="13.70" pos="114.18" lane="2/2to1/2_0" slope="0.00"/>
        <vehicle id="26" x="194.05" y="401.65" angle="-90.00" type="DEFAULT_VEHTYPE" speed="9.56" pos="1.20" lane="1/2to0/2_0" slope="0.00"/>
        <vehicle id="28" x="401.65" y="679.30" angle="180.00" type="DEFAULT_VEHTYPE" speed="13.19" pos="74.55" lane="2/3to2/4_0" slope="0.00"/>
        <vehicle id="32" x="398.35" y="665.97" angle="0.00" type="DEFAULT_VEHTYPE" speed="13.39" pos="134.03" lane="2/4to2/3_0" slope="0.00"/>
        <vehicle id="35" x="192.74" y="398.35" angle="90.00" type="DEFAULT_VEHTYPE" speed="0.01" pos="192.74" lane="0/2to1/2_0" slope="0.00"/>
        <vehicle id="37" x="598.35" y="417.49" angle="0.00" type="DEFAULT_VEHTYPE" speed="13.88" pos="177.76" lane="3/3to3/2_0" slope="0.00"/>
        <vehicle id="38" x="198.35" y="288.96" angle="0.00" type="DEFAULT_VEHTYPE" speed="13.53" pos="106.29" lane="1/2to1/1_0" slope="0.00"/>
        <vehicle id="41" x="398.35" y="765.60" angle="0.00" type="DEFAULT_VEHTYPE" speed="13.24" pos="34.40" lane="2/4to2/3_0" slope="0.00"/>
        <vehicle id="44" x="309.65" y="401.65" angle="-90.00" type="DEFAULT_VEHTYPE" speed="13.71" pos="85.60" lane="2/2to1/2_0" slope="0.00"/>
        <vehicle id="48" x="398.35" y="466.82" angle="0.00" type="DEFAULT_VEHTYPE" speed="13.53" pos="128.43" lane="2/3to2/2_0" slope="0.00"/>
        <vehicle id="5" x="201.65" y="234.04" angle="180.00" type="DEFAULT_VEHTYPE" speed="13.39" pos="29.29" lane="1/1to1/2_0" slope="0.00"/>
        <vehicle id="7" x="401.65" y="798.77" angle="180.00" type="DEFAULT_VEHTYPE" speed="13.84" pos="194.02" lane="2/3to2/4_0" slope="0.00"/>
        <vehicle id="8" x="201.65" y="460.37" angle="180.00" type="DEFAULT_VEHTYPE" speed="12.79" pos="55.62" lane="1/2to1/3_0" slope="0.00"/>
    </timestep>
    <timestep time="173.00">
        <vehicle id="0" x="201.65" y="569.42" angle="180.00" type="DEFAULT_VEHTYPE" speed="12.67" pos="164.67" lane="1/2to1/3_0" slope="0.00"/>
        <vehicle id="1" x="355.53" y="401.65" angle="-90.00" type="DEFAULT_VEHTYPE" speed="13.25" pos="39.72" lane="2/2to1/2_0" slope="0.00"/>
        <vehicle id="17" x="401.65" y="660.56" angle="180.00" type="DEFAULT_VEHTYPE" speed="13.27" pos="55.81" lane="2/3to2/4_0" slope="0.00"/>
        <vehicle id="18" x="253.41" y="598.35" angle="90.00" type="DEFAULT_VEHTYPE" speed="13.79" pos="48.66" lane="1/3to2/3_0" slope="0.00"/>
        <vehicle id="21" x="201.65" y="516.90" angle="180.00" type="DEFAULT_VEHTYPE" speed="13.28" pos="112.15" lane="1/2to1/3_0" slope="0.00"/>
        <vehicle id="22" x="398.41" y="395.70" angle="-21.65" type="DEFAULT_VEHTYPE" speed="8.09" pos="9.87" lane=":2/2_6_0" slope="0.00"/>
        <vehicle id="24" x="267.41" y="401.65" angle="-90.00" type="DEFAULT_VEHTYPE" speed="13.65" pos="127.84" lane="2/2to1/2_0" slope="0.00"/>
        <vehicle id="26" x="182.76" y="401.65" angle="-90.00" type="DEFAULT_VEHTYPE" speed="11.29" pos="12.49" lane="1/2to0/2_0" slope="0.00"/>
        <vehicle id="28" x="401.65" y="692.61" angle="180.00" type="DEFAULT_VEHTYPE" speed="13.31" pos="87.86" lane="2/3to2/4_0" slope="0.00"/>
        <vehicle id="32" x="398.35" y="653.07" angle="0.00" type="DEFAULT_VEHTYPE" speed="12.90" pos="146.93" lane="2/4to2/3_0" slope="0.00"/>
        <vehicle id="35" x="195.15" y="398.35" angle="90.00" type="DEFAULT_VEHTYPE" speed="2.41" pos="195.15" lane="0/2to1/2_0" slope="0.00"/>
        <vehicle id="37" x="598.25" y="404.03" angle="-1.16" type="DEFAULT_VEHTYPE" speed="13.47" pos="0.73" lane=":3/2_0_0" slope="0.00"/>
        <vehicle id="38" x="198.35" y="275.23" angle="0.00" type="DEFAULT_VEHTYPE" speed="13.73" pos="120.02" lane="1/2to1/1_0" slope="0.00"/>
        <vehicle id="41" x="398.35" y="752.65" angle="0.00" type="DEFAULT_VEHTYPE" speed="12.95" pos="47.35" lane="2/4to2/3_0" slope="0.00"/>
        <vehicle id="44" x="295.96" y="401.65" angle="-90.00" type="DEFAULT_VEHTYPE" speed="13.69" pos="99.29" lane="2/2to1/2_0" slope="0.00"/>
        <vehicle id="48" x="398.35" y="453.20" angle="0.00" type="DEFAULT_VEHTYPE" speed="13.62" pos="142.05" lane="2/3to2/2_0" slope="0.00"/>
        <vehicle id="5" x="201.65" y="247.37" angle="180.00" type="DEFAULT_VEHTYPE" speed="13.33" pos="42.62" lane="1/1to1/2_0" slope="0.00"/>
        <vehicle id="7" x="398.35" y="793.40" angle="0.00" type="DEFAULT_VEHTYPE" speed="12.66" pos="6.60" lane="2/4to2/3_0" slope="0.00"/>
        <vehicle id="8" x="201.65" y="473.46" angle="180.00" type="DEFAULT_VEHTYPE" speed="13.09" pos="68.71" lane="1/2to1/3_0" slope="0.00"/>
    </timestep>
    <timestep time="174.00">
        <vehicle id="0" x="201.65" y="582.17" angle="180.00" type="DEFAULT_VEHTYPE" speed="12.75" pos="177.42" lane="1/2to1/3_0" slope="0.00"/>
        <vehicle id="1" x="342.79" y="401.65" angle="-90.00" type="DEFAULT_VEHTYPE" speed="12.75" pos="52.46" lane="2/2to1/2_0" slope="0.00"/>
        <vehicle id="17" x="401.65" y="673.57" angle="180.00" type="DEFAULT_VEHTYPE" speed="13.01" pos="68.82" lane="2/3to2/4_0" slope="0.00"/>
        <vehicle id="18" x="267.11" y="598.35" angle="90.00" type="DEFAULT_VEHTYPE" speed="13.70" pos="62.36" lane="1/3to2/3_0" slope="0.00"/>
        <vehicle id="21" x="201.65" y="529.86" angle="180.00" type="DEFAULT_VEHTYPE" speed="12.97" pos="125.11" lane="1/2to1/3_0" slope="0.00"/>
        <vehicle id="22" x="398.35" y="385.90" angle="0.00" type="DEFAULT_VEHTYPE" speed="9.80" pos="9.35" lane="2/2to2/1_0" slope="0.00"/>
        <vehicle id="24" x="253.99" y="401.65" angle="-90.00" type="DEFAULT_VEHTYPE" speed="13.43" pos="141.26" lane="2/2to1/2_0" slope="0.00"/>
        <vehicle id="26" x="170.00" y="401.65" angle="-90.00" type="DEFAULT_VEHTYPE" speed="12.76" pos="25.25" lane="1/2to0/2_0" slope="0.00"/>
        <vehicle id="28" x="401.65" y="705.75" angle="180.00" type="DEFAULT_VEHTYPE" speed="13.14" pos="101.00" lane="2/3to2/4_0" slope="0.00"/>
        <vehicle id="32" x="398.35" y="639.51" angle="0.00" type="DEFAULT_VEHTYPE" speed="13.56" pos="160.49" lane="2/4to2/3_0" slope="0.00"/>
        <vehicle id="35" x="198.76" y="399.17" angle="99.64" type="DEFAULT_VEHTYPE" speed="3.75" pos="3.65" lane=":1/2_14_0" slope="0.00"/>
        <vehicle id="37" x="586.45" y="401.65" angle="-90.00" type="DEFAULT_VEHTYPE" speed="13.07" pos="8.80" lane="3/2to2/2_0" slope="0.00"/>
        <vehicle id="38" x="198.35" y="262.54" angle="0.00" type="DEFAULT_VEHTYPE" speed="12.69" pos="132.71" lane="1/2to1/1_0" slope="0.00"/>
        <vehicle id="41" x="398.35" y="738.81" angle="0.00" type="DEFAULT_VEHTYPE" speed="13.84" pos="61.19" lane="2/4to2/3_0" slope="0.00"/>
        <vehicle id="44" x="283.04" y="401.65" angle="-90.00" type="DEFAULT_VEHTYPE" speed="12.92" pos="112.21" lane="2/2to1/2_0" slope="0.00"/>
        <vehicle id="48" x="398.35" y="440.04" angle="0.00" type="DEFAULT_VEHTYPE" speed="13.16" pos="155.21" lane="2/3to2/2_0" slope="0.00"/>
        <vehicle id="5" x="201.65" y="260.30" angle="180.00" type="DEFAULT_VEHTYPE" speed="12.92" pos="55.55" lane="1/1to1/2_0" slope="0.00"/>
        <vehicle id="7" x="398.35" y="779.57" angle="0.00" type="DEFAULT_VEHTYPE" speed="13.83" pos="20.43" lane="2/4to2/3_0" slope="0.00"/>
        <vehicle id="8" x="201.65" y="486.47" angle="180.00" type="DEFAULT_VEHTYPE" speed="13.01" pos="81.72" lane="1/2to1/3_0" slope="0.00"/>
    </timestep>
    <timestep time="175.00">
        <vehicle id="0" x="201.76" y="596.03" angle="178.76" type="DEFAULT_VEHTYPE" speed="13.87" pos="0.78" lane=":1/3_8_0" slope="0.00"/>
        <vehicle id="1" x="329.39" y="401.65" angle="-90.00" type="DEFAULT_VEHTYPE" speed="13.40" pos="65.86" lane="2/2to1/2_0" slope="0.00"/>
        <vehicle id="17" x="401.65" y="686.22" angle="180.00" type="DEFAULT_VEHTYPE" speed="12.65" pos="81.47" lane="2/3to2/4_0" slope="0.00"/>
        <vehicle id="18" x="280.94" y="598.35" angle="90.00" type="DEFAULT_VEHTYPE" speed="13.83" pos="76.19" lane="1/3to2/3_0" slope="0.00"/>
        <vehicle id="21" x="201.65" y="543.00" angle="180.00" type="DEFAULT_VEHTYPE" speed="13.14" pos="138.25" lane="1/2to1/3_0" slope="0.00"/>
        <vehicle id="22" x="398.35" y="373.96" angle="0.00" type="DEFAULT_VEHTYPE" speed="11.94" pos="21.29" lane="2/2to2/1_0" slope="0.00"/>
        <vehicle id="24" x="240.75" y="401.65" angle="-90.00" type="DEFAULT_VEHTYPE" speed="13.23" pos="154.50" lane="2/2to1/2_0" slope="0.00"/>
        <vehicle id="26" x="157.34" y="401.65" angle="-90.00" type="DEFAULT_VEHTYPE" speed="12.66" pos="37.91" lane="1/2to0/2_0" slope="0.00"/>
        <vehicle id="28" x="401.65" y="718.83" angle="180.00" type="DEFAULT_VEHTYPE" speed="13.08" pos="114.08" lane="2/3to2/4_0" slope="0.00"/>
        <vehicle id="32" x="398.35" y="625.99" angle="0.00" type="DEFAULT_VEHTYPE" speed="13.52" pos="174.01" lane="2/4to2/3_0" slope="0.00"/>
        <vehicle id="35" x="201.48" y="403.59" angle="151.08" type="DEFAULT_VEHTYPE" speed="5.50" pos="9.15" lane=":1/2_14_0" slope="0.00"/>
        <vehicle id="37" x="573.09" y="401.65" angle="-90.00" type="DEFAULT_VEHTYPE" speed="13.36" pos="22.16" lane="3/2to2/2_0" slope="0.00"/>
        <vehicle id="38" x="198.35" y="249.02" angle="0.00" type="DEFAULT_VEHTYPE" speed="13.52" pos="146.23" lane="1/2to1/1_0" slope="0.00"/>
        <vehicle id="41" x="398.35" y="725.84" angle="0.00" type="DEFAULT_VEHTYPE" speed="12.97" pos="74.16" lane="2/4to2/3_0" slope="0.00"/>
        <vehicle id="44" x="269.96" y="401.65" angle="-90.00" type="DEFAULT_VEHTYPE" speed="13.08" pos="125.29" lane="2/2to1/2_0" slope="0.00"/>
        <vehicle id="48" x="398.35" y="427.16" angle="0.00" type="DEFAULT_VEHTYPE" speed="12.88" pos="168.09" lane="2/3to2/2_0" slope="0.00"/>
        <vehicle id="5" x="201.65" y="273.97" angle="180.00" type="DEFAULT_VEHTYPE" speed="13.68" pos="69.22" lane="1/1to1/2_0" slope="0.00"/>
        <vehicle id="7" x="398.35" y="766.16" angle="0.00" type="DEFAULT_VEHTYPE" speed="13.41" pos="33.84" lane="2/4to2/3_0" slope="0.00"/>
        <vehicle id="8" x="201.65" y="500.36" angle="180.00" type="DEFAULT_VEHTYPE" speed="13.89" pos="95.61" lane="1/2to1/3_0" slope="0.00"/>
    </timestep>
    <timestep time="176.00">
        <vehicle id="0" x="213.38" y="598.35" angle="90.00" type="DEFAULT_VEHTYPE" speed="12.84" pos="8.63" lane="1/3to2/3_0" slope="0.00"/>
        <vehicle id="1" x="316.15" y="401.65" angle="-90.00" type="DEFAULT_VEHTYPE" speed="13.24" pos="79.10" lane="2/2to1/2_0" slope="0.00"/>
        <vehicle id="17" x="401.65" y="700.06" angle="180.00" type="DEFAULT_VEHTYPE" speed="13.84" pos="95.31" lane="2/3to2/4_0" slope="0.00"/>
        <vehicle id="18" x="293.54" y="598.35" angle="90.00" type="DEFAULT_VEHTYPE" speed="12.60" pos="88.79" lane="1/3to2/3_0" slope="0.00"/>
        <vehicle id="21" x="201.65" y="556.25" angle="180.00" type="DEFAULT_VEHTYPE" speed="13.25" pos="151.50" lane="1/2to1/3_0" slope="0.00"/>
        <vehicle id="22" x="398.35" y="360.61" angle="0.00" type="DEFAULT_VEHTYPE" speed="13.35" pos="34.64" lane="2/2to2/1_0" slope="0.00"/>
        <vehicle id="24" x="227.45" y="401.65" angle="-90.00" type="DEFAULT_VEHTYPE" speed="13.31" pos="167.80" lane="2/2to1/2_0" slope="0.00"/>
        <vehicle id="26" x="143.65" y="401.65" angle="-90.00" type="DEFAULT_VEHTYPE" speed="13.69" pos="51.60" lane="1/2to0/2_0" slope="0.00"/>
        <vehicle id="28" x="401.65" y="731.48" angle="180.00" type="DEFAULT_VEHTYPE" speed="12.65" pos="126.73" lane="2/3to2/4_0" slope="0.00"/>
        <vehicle id="32" x="398.35" y="612.50" angle="0.00" type="DEFAULT_VEHTYPE" speed="13.49" pos="187.50" lane="2/4to2/3_0" slope="0.00"/>
        <vehicle id="35" x="201.65" y="410.54" angle="180.00" type="DEFAULT_VEHTYPE" speed="6.96" pos="5.79" lane="1/2to1/3_0" slope="0.00"/>
        <vehicle id="37" x="559.34" y="401.65" angle="-90.00" type="DEFAULT_VEHTYPE" speed="13.75" pos="35.91" lane="3/2to2/2_0" slope="0.00"/>
        <vehicle id="38" x="198.35" y="235.41" angle="0.00" type="DEFAULT_VEHTYPE" speed="13.61" pos="159.84" lane="1/2to1/1_0" slope="0.00"/>
        <vehicle id="41" x="398.35" y="712.54" angle="0.00" type="DEFAULT_VEHTYPE" speed="13.30" pos="87.46" lane="2/4to2/3_0" slope="0.00"/>
        <vehicle id="44" x="256.72" y="401.65" angle="-90.00" type="DEFAULT_VEHTYPE" speed="13.23" pos="138.53" lane="2/2to1/2_0" slope="0.00"/>
        <vehicle id="48" x="398.35" y="414.36" angle="0.00" type="DEFAULT_VEHTYPE" speed="12.81" pos="180.89" lane="2/3to2/2_0" slope="0.00"/>
        <vehicle id="5" x="201.65" y="286.72" angle="180.00" type="DEFAULT_VEHTYPE" speed="12.75" pos="81.97" lane="1/1to1/2_0" slope="0.00"/>
        <vehicle id="7" x="398.35" y="753.21" angle="0.00" type="DEFAULT_VEHTYPE" speed="12.95" pos="46.79" lane="2/4to2/3_0" slope="0.00"/>
        <vehicle id="8" x="201.65" y="513.42" angle="180.00" type="DEFAULT_VEHTYPE" speed="13.06" pos="108.67" lane="1/2to1/3_0" slope="0.00"/>
    </timestep>
    <timestep time="177.00">
        <vehicle id="0" x="226.85" y="598.35" angle="90.00" type="DEFAULT_VEHTYPE" speed="13.48" pos="22.10" lane="1/3to2/3_0" slope="0.00"/>
        <vehicle id="1" x="302.66" y="401.65" angle="-90.00" type="DEFAULT_VEHTYPE" speed="13.49" pos="92.59" lane="2/2to1/2_0" slope="0.00"/>
        <vehicle id="17" x="401.65" y="712.84" angle="180.00" type="DEFAULT_VEHTYPE" speed="12.77" pos="108.09" lane="2/3to2/4_0" slope="0.00"/>
        <vehicle id="18" x="306.25" y="598.35" angle="90.00" type="DEFAULT_VEHTYPE" speed="12.71" pos="101.50" lane="1/3to2/3_0" slope="0.00"/>
        <vehicle id="21" x="201.65" y="570.07" angle="180.00" type="DEFAULT_VEHTYPE" speed="13.82" pos="165.32" lane="1/2to1/3_0" slope="0.00"/>
        <vehicle id="22" x="398.35" y="347.61" angle="0.00" type="DEFAULT_VEHTYPE" speed="13.00" pos="47.64" lane="2/2to2/1_0" slope="0.00"/>
        <vehicle id="24" x="218.17" y="401.65" angle="-90.00" type="DEFAULT_VEHTYPE" speed="9.28" pos="177.08" lane="2/2to1/2_0" slope="0.00"/>
        <vehicle id="26" x="130.61" y="401.65" angle="-90.00" type="DEFAULT_VEHTYPE" speed="13.04" pos="64.64" lane="1/2to0/2_0" slope="0.00"/>
        <vehicle id="28" x="401.65" y="744.90" angle="180.00" type="DEFAULT_VEHTYPE" speed="13.42" pos="140.15" lane="2/3to2/4_0" slope="0.00"/>
        <vehicle id="32" x="398.35" y="599.62" angle="0.00" type="DEFAULT_VEHTYPE" speed="12.87" pos="5.13" lane=":2/3_1_0" slope="0.00"/>
        <vehicle id="35" x="201.65" y="419.35" angle="180.00" type="DEFAULT_VEHTYPE" speed="8.81" pos="14.60" lane="1/2to1/3_0" slope="0.00"/>
        <vehicle id="37" x="545.59" y="401.65" angle="-90.00" type="DEFAULT_VEHTYPE" speed="13.75" pos="49.66" lane="3/2to2/2_0" slope="0.00"/>
        <vehicle id="38" x="198.35" y="222.53" angle="0.00" type="DEFAULT_VEHTYPE" speed="12.88" pos="172.72" lane="1/2to1/1_0" slope="0.00"/>
        <vehicle id="41" x="398.35" y="698.94" angle="0.00" type="DEFAULT_VEHTYPE" speed="13.60" pos="101.06" lane="2/4to2/3_0" slope="0.00"/>
        <vehicle id="44" x="243.86" y="401.65" angle="-90.00" type="DEFAULT_VEHTYPE" speed="12.87" pos="151.39" lane="2/2to1/2_0" slope="0.00"/>
        <vehicle id="48" x="396.82" y="401.96" angle="-19.17" type="DEFAULT_VEHTYPE" speed="12.99" pos="3.39" lane=":2/2_0_0" slope="0.00"/>
        <vehicle id="5" x="201.65" y="299.74" angle="180.00" type="DEFAULT_VEHTYPE" speed="13.02" pos="94.99" lane="1/1to1/2_0" slope="0.00"/>
        <vehicle id="7" x="398.35" y="740.51" angle="0.00" type="DEFAULT_VEHTYPE" speed="12.70" pos="59.49" lane="2/4to2/3_0" slope="0.00"/>
        <vehicle id="8" x="201.65" y="526.08" angle="180.00" type="DEFAULT_VEHTYPE" speed="12.66" pos="121.33" lane="1/2to1/3_0" slope="0.00"/>
    </timestep>
    <timestep time="178.00">
        <vehicle id="0" x="240.27" y="598.35" angle="90.00" type="DEFAULT_VEHTYPE" speed="13.42" pos="35.52" lane="1/3to2/3_0" slope="0.00"/>
        <vehicle id="1" x="289.02" y="401.65" angle="-90.00" type="DEFAULT_VEHTYPE" speed="13.64" pos="106.23" lane="2/2to1/2_0" slope="0.00"/>
        <vehicle id="17" x="401.65" y="726.51" angle="180.00" type="DEFAULT_VEHTYPE" speed="13.68" pos="121.76" lane="2/3to2/4_0" slope="0.00"/>
        <vehicle id="18" x="319.89" y="598.35" angle="90.00" type="DEFAULT_VEHTYPE" speed="13.64" pos="115.14" lane="1/3to2/3_0" slope="0.00"/>
        <vehicle id="21" x="201.65" y="583.74" angle="180.00" type="DEFAULT_VEHTYPE" speed="13.68" pos="178.99" lane="1/2to1/3_0" slope="0.00"/>
        <vehicle id="22" x="398.35" y="334.04" angle="0.00" type="DEFAULT_VEHTYPE" speed="13.57" pos="61.21" lane="2/2to2/1_0" slope="0.00"/>
        <vehicle id="24" x="212.69" y="401.65" angle="-90.00" type="DEFAULT_VEHTYPE" speed="5.48" pos="182.56" lane="2/2to1/2_0" slope="0.00"/>
        <vehicle id="26" x="117.17" y="401.65" angle="-90.00" type="DEFAULT_VEHTYPE" speed="13.43" pos="78.08" lane="1/2to0/2_0" slope="0.00"/>
        <vehicle id="28" x="401.65" y="757.91" angle="180.00" type="DEFAULT_VEHTYPE" speed="13.01" pos="153.16" lane="2/3to2/4_0" slope="0.00"/>
        <vehicle id="32" x="398.35" y="585.99" angle="0.00" type="DEFAULT_VEHTYPE" speed="13.63" pos="9.26" lane="2/3to2/2_0" slope="0.00"/>
        <vehicle id="35" x="201.65" y="429.69" angle="180.00" type="DEFAULT_VEHTYPE" speed="10.35" pos="24.94" lane="1/2to1/3_0" slope="0.00"/>
        <vehicle id="37" x="532.21" y="401.65" angle="-90.00" type="DEFAULT_VEHTYPE" speed="13.38" pos="63.04" lane="3/2to2/2_0" slope="0.00"/>
        <vehicle id="38" x="198.35" y="209.69" angle="0.00" type="DEFAULT_VEHTYPE" speed="12.83" pos="185.56" lane="1/2to1/1_0" slope="0.00"/>
        <vehicle id="41" x="398.35" y="685.40" angle="0.00" type="DEFAULT_VEHTYPE" speed="13.55" pos="114.60" lane="2/4to2/3_0" slope="0.00"/>
        <vehicle id="44" x="232.88" y="401.65" angle="-90.00" type="DEFAULT_VEHTYPE" speed="10.97" pos="162.37" lane="2/2to1/2_0" slope="0.00"/>
        <vehicle id="48" x="384.25" y="401.65" angle="-90.00" type="DEFAULT_VEHTYPE" speed="12.62" pos="11.00" lane="2/2to1/2_0" slope="0.00"/>
        <vehicle id="5" x="201.65" y="313.52" angle="180.00" type="DEFAULT_VEHTYPE" speed="13.78" pos="108.77" lane="1/1to1/2_0" slope="0.00"/>
        <vehicle id="7" x="398.35" y="727.58" angle="0.00" type="DEFAULT_VEHTYPE" speed="12.93" pos="72.42" lane="2/4to2/3_0" slope="0.00"/>
        <vehicle id="8" x="201.65" y="538.79" angle="180.00" type="DEFAULT_VEHTYPE" speed="12.71" pos="134.04" lane="1/2to1/3_0" slope="0.00"/>
    </timestep>
    <timestep time="179.00">
        <vehicle id="0" x="253.69" y="598.35" angle="90.00" type="DEFAULT_VEHTYPE" speed="13.42" pos="48.94" lane="1/3to2/3_0" slope="0.00"/>
        <vehicle id="1" x="276.20" y="401.65" angle="-90.00" type="DEFAULT_VEHTYPE" speed="12.81" pos="119.05" lane="2/2to1/2_0" slope="0.00"/>
        <vehicle id="17" x="401.65" y="739.84" angle="180.00" type="DEFAULT_VEHTYPE" speed="13.33" pos="135.09" lane="2/3to2/4_0" slope="0.00"/>
        <vehicle id="18" x="332.66" y="598.35" angle="90.00" type="DEFAULT_VEHTYPE" speed="12.77" pos="127.91" lane="1/3to2/3_0" slope="0.00"/>
        <vehicle id="21" x="202.07" y="596.98" angle="175.15" type="DEFAULT_VEHTYPE" speed="13.32" pos="1.81" lane=":1/3_8_0" slope="0.00"/>
        <vehicle id="22" x="398.35" y="320.69" angle="0.00" type="DEFAULT_VEHTYPE" speed="13.36" pos="74.56" lane="2/2to2/1_0" slope="0.00"/>
        <vehicle id="24" x="210.04" y="401.65" angle="-90.00" type="DEFAULT_VEHTYPE" speed="2.65" pos="185.21" lane="2/2to1/2_0" slope="0.00"/>
        <vehicle id="26" x="104.12" y="401.65" angle="-90.00" type="DEFAULT_VEHTYPE" speed="13.06" pos="91.13" lane="1/2to0/2_0" slope="0.00"/>
        <vehicle id="28" x="401.65" y="771.36" angle="180.00" type="DEFAULT_VEHTYPE" speed="13.45" pos="166.61" lane="2/3to2/4_0" slope="0.00"/>
        <vehicle id="32" x="398.35" y="572.18" angle="0.00" type="DEFAULT_VEHTYPE" speed="13.81" pos="23.07" lane="2/3to2/2_0" slope="0.00"/>
        <vehicle id="35" x="201.65" y="442.36" angle="180.00" type="DEFAULT_VEHTYPE" speed="12.67" pos="37.61" lane="1/2to1/3_0" slope="0.00"/>
        <vehicle id="37" x="519.30" y="401.65" angle="-90.00" type="DEFAULT_VEHTYPE" speed="12.91" pos="75.95" lane="3/2to2/2_0" slope="0.00"/>
        <vehicle id="38" x="191.63" y="201.65" angle="-87.77" type="DEFAULT_VEHTYPE" speed="13.57" pos="3.62" lane="1/1to0/1_0" slope="0.00"/>
        <vehicle id="41" x="398.35" y="671.83" angle="0.00" type="DEFAULT_VEHTYPE" speed="13.56" pos="128.17" lane="2/4to2/3_0" slope="0.00"/>
        <vehicle id="44" x="225.10" y="401.65" angle="-90.00" type="DEFAULT_VEHTYPE" speed="7.78" pos="170.15" lane="2/2to1/2_0" slope="0.00"/>
        <vehicle id="48" x="370.84" y="401.65" angle="-90.00" type="DEFAULT_VEHTYPE" speed="13.40" pos="24.41" lane="2/2to1/2_0" slope="0.00"/>
        <vehicle id="5" x="201.65" y="327.36" angle="180.00" type="DEFAULT_VEHTYPE" speed="13.84" pos="122.61" lane="1/1to1/2_0" slope="0.00"/>
        <vehicle id="7" x="398.35" y="714.61" angle="0.00" type="DEFAULT_VEHTYPE" speed="12.97" pos="85.39" lane="2/4to2/3_0" slope="0.00"/>
        <vehicle id="8" x="201.65" y="552.64" angle="180.00" type="DEFAULT_VEHTYPE" speed="13.85" pos="147.89" lane="1/2to1/3_0" slope="0.00"/>
    </timestep>
    <timestep time="180.00">
        <vehicle id="0" x="267.54" y="598.35" angle="90.00" type="DEFAULT_VEHTYPE" speed="13.85" pos="62.79" lane="1/3to2/3_0" slope="0.00"/>
        <vehicle id="1" x="263.60" y="401.65" angle="-90.00" type="DEFAULT_VEHTYPE" speed="12.60" pos="131.65" lane="2/2to1/2_0" slope="0.00"/>
        <vehicle id="17" x="401.65" y="753.44" angle="180.00" type="DEFAULT_VEHTYPE" speed="13.60" pos="148.69" lane="2/3to2/4_0" slope="0.00"/>
        <vehicle id="18" x="345.74" y="598.35" angle="90.00" type="DEFAULT_VEHTYPE" speed="13.08" pos="140.99" lane="1/3to2/3_0" slope="0.00"/>
        <vehicle id="21" x="214.92" y="598.35" angle="90.00" type="DEFAULT_VEHTYPE" speed="13.36" pos="10.17" lane="1/3to2/3_0" slope="0.00"/>
        <vehicle id="22" x="398.35" y="307.25" angle="0.00" type="DEFAULT_VEHTYPE" speed="13.43" pos="88.00" lane="2/2to2/1_0" slope="0.00"/>
        <vehicle id="24" x="205.89" y="401.65" angle="-90.00" type="DEFAULT_VEHTYPE" speed="4.15" pos="189.36" lane="2/2to1/2_0" slope="0.00"/>
        <vehicle id="26" x="91.27" y="401.65" angle="-90.00" type="DEFAULT_VEHTYPE" speed="12.85" pos="103.98" lane="1/2to0/2_0" slope="0.00"/>
        <vehicle id="28" x="401.65" y="784.73" angle="180.00" type="DEFAULT_VEHTYPE" speed="13.37" pos="179.98" lane="2/3to2/4_0" slope="0.00"/>
        <vehicle id="32" x="398.35" y="559.35" angle="0.00" type="DEFAULT_VEHTYPE" speed="12.82" pos="35.90" lane="2/3to2/2_0" slope="0.00"/>
        <vehicle id="35" x="201.65" y="455.10" angle="180.00" type="DEFAULT_VEHTYPE" speed="12.73" pos="50.35" lane="1/2to1/3_0" slope="0.00"/>
        <vehicle id="37" x="505.63" y="401.65" angle="-90.00" type="DEFAULT_VEHTYPE" speed="13.67" pos="89.62" lane="3/2to2/2_0" slope="0.00"/>
        <vehicle id="38" x="178.13" y="201.65" angle="-90.00" type="DEFAULT_VEHTYPE" speed="13.50" pos="17.12" lane="1/1to0/1_0" slope="0.00"/>
        <vehicle id="41" x="398.35" y="658.31" angle="0.00" type="DEFAULT_VEHTYPE" speed="13.52" pos="141.69" lane="2/4to2/3_0" slope="0.00"/>
        <vehicle id="44" x="220.54" y="401.65" angle="-90.00" type="DEFAULT_VEHTYPE" speed="4.56" pos="174.71" lane="2/2to1/2_0" slope="0.00"/>
        <vehicle id="48" x="358.19" y="401.65" angle="-90.00" type="DEFAULT_VEHTYPE" speed="12.65" pos="37.06" lane="2/2to1/2_0" slope="0.00"/>
        <vehicle id="5" x="201.65" y="340.47" angle="180.00" type="DEFAULT_VEHTYPE" speed="13.11" pos="135.72" lane="1/1to1/2_0" slope="0.00"/>
        <vehicle id="7" x="398.35" y="701.45" angle="0.00" type="DEFAULT_VEHTYPE" speed="13.16" pos="98.55" lane="2/4to2/3_0" slope="0.00"/>
        <vehicle id="8" x="201.65" y="565.29" angle="180.00" type="DEFAULT_VEHTYPE" speed="12.64" pos="160.54" lane="1/2to1/3_0" slope="0.00"/>
    </timestep>
    <timestep time="181.00">
        <vehicle id="0" x="280.64" y="598.35" angle="90.00" type="DEFAULT_VEHTYPE" speed="13.10" pos="75.89" lane="1/3to2/3_0" slope="0.00"/>
        <vehicle id="1" x="250.07" y="401.65" angle="-90.00" type="DEFAULT_VEHTYPE" speed="13.53" pos="145.18" lane="2/2to1/2_0" slope="0.00"/>
        <vehicle id="17" x="401.65" y="766.68" angle="180.00" type="DEFAULT_VEHTYPE" speed="13.24" pos="161.93" lane="2/3to2/4_0" slope="0.00"/>
        <vehicle id="18" x="358.35" y="598.35" angle="90.00" type="DEFAULT_VEHTYPE" speed="12.60" pos="153.60" lane="1/3to2/3_0" slope="0.00"/>
        <vehicle id="21" x="228.05" y="598.35" angle="90.00" type="DEFAULT_VEHTYPE" speed="13.13" pos="23.30" lane="1/3to2/3_0" slope="0.00"/>
        <vehicle id="22" x="398.35" y="294.29" angle="0.00" type="DEFAULT_VEHTYPE" speed="12.96" pos="100.96" lane="2/2to2/1_0" slope="0.00"/>
        <vehicle id="24" x="199.90" y="401.65" angle="-90.00" type="DEFAULT_VEHTYPE" speed="5.99" pos="4.85" lane=":1/2_5_0" slope="0.00"/>
        <vehicle id="26" x="77.84" y="401.65" angle="-90.00" type="DEFAULT_VEHTYPE" speed="13.42" pos="117.41" lane="1/2to0/2_0" slope="0.00"/>
        <vehicle id="28" x="401.65" y="798.34" angle="180.00" type="DEFAULT_VEHTYPE" speed="13.61" pos="193.59" lane="2/3to2/4_0" slope="0.00"/>
        <vehicle id="32" x="398.35" y="545.88" angle="0.00" type="DEFAULT_VEHTYPE" speed="13.47" pos="49.37" lane="2/3to2/2_0" slope="0.00"/>
        <vehicle id="35" x="201.65" y="468.88" angle="180.00" type="DEFAULT_VEHTYPE" speed="13.78" pos="64.13" lane="1/2to1/3_0" slope="0.00"/>
        <vehicle id="37" x="492.91" y="401.65" angle="-90.00" type="DEFAULT_VEHTYPE" speed="12.72" pos="102.34" lane="3/2to2/2_0" slope="0.00"/>
        <vehicle id="38" x="164.48" y="201.65" angle="-90.00" type="DEFAULT_VEHTYPE" speed="13.65" pos="30.77" lane="1/1to0/1_0" slope="0.00"/>
        <vehicle id="41" x="398.35" y="644.86" angle="0.00" type="DEFAULT_VEHTYPE" speed="13.45" pos="155.14" lane="2/4to2/3_0" slope="0.00"/>
        <vehicle id="44" x="216.42" y="401.65" angle="-90.00" type="DEFAULT_VEHTYPE" speed="4.13" pos="178.83" lane="2/2to1/2_0" slope="0.00"/>
        <vehicle id="48" x="345.39" y="401.65" angle="-90.00" type="DEFAULT_VEHTYPE" speed="12.80" pos="49.86" lane="2/2to1/2_0" slope="0.00"/>
        <vehicle id="5" x="201.65" y="353.11" angle="180.00" type="DEFAULT_VEHTYPE" speed="12.64" pos="148.36" lane="1/1to1/2_0" slope="0.00"/>
        <vehicle id="7" x="398.35" y="688.68" angle="0.00" type="DEFAULT_VEHTYPE" speed="12.77" pos="111.32" lane="2/4to2/3_0" slope="0.00"/>
        <vehicle id="8" x="201.65" y="578.07" angle="180.00" type="DEFAULT_VEHTYPE" speed="12.78" pos="173.32" lane="1/2to1/3_0" slope="0.00"/>
    </timestep>
    <timestep time="182.00">
        <vehicle id="0" x="294.25" y="598.35" angle="90.00" type="DEFAULT_VEHTYPE" speed="13.61" pos="89.50" lane="1/3to2/3_0" slope="0.00"/>
        <vehicle id="1" x="239.25" y="401.65" angle="-90.00" type="DEFAULT_VEHTYPE" speed="10.83" pos="156.00" lane="2/2to1/2_0" slope="0.00"/>
        <vehicle id="17" x="401.65" y="779.44" angle="180.00" type="DEFAULT_VEHTYPE" speed="12.76" pos="174.69" lane="2/3to2/4_0" slope="0.00"/>
        <vehicle id="18" x="371.03" y="598.35" angle="90.00" type="DEFAULT_VEHTYPE" speed="12.69" pos="166.28" lane="1/3to2/3_0" slope="0.00"/>
        <vehicle id="21" x="241.11" y="598.35" angle="90.00" type="DEFAULT_VEHTYPE" speed="13.06" pos="36.36" lane="1/3to2/3_0" slope="0.00"/>
        <vehicle id="22" x="398.35" y="281.12" angle="0.00" type="DEFAULT_VEHTYPE" speed="13.18" pos="114.13" lane="2/2to2/1_0" slope="0.00"/>
        <vehicle id="24" x="192.54" y="401.65" angle="-90.00" type="DEFAULT_VEHTYPE" speed="7.37" pos="2.71" lane="1/2to0/2_0" slope="0.00"/>
        <vehicle id="26" x="64.15" y="401.65" angle="-90.00" type="DEFAULT_VEHTYPE" speed="13.69" pos="131.10" lane="1/2to0/2_0" slope="0.00"/>
        <vehicle id="28" x="398.35" y="792.68" angle="0.00" type="DEFAULT_VEHTYPE" speed="13.80" pos="7.32" lane="2/4to2/3_0" slope="0.00"/>
        <vehicle id="32" x="398.35" y="532.43" angle="0.00" type="DEFAULT_VEHTYPE" speed="13.45" pos="62.82" lane="2/3to2/2_0" slope="0.00"/>
        <vehicle id="35" x="201.65" y="482.01" angle="180.00" type="DEFAULT_VEHTYPE" speed="13.13" pos="77.26" lane="1/2to1/3_0" slope="0.00"/>
        <vehicle id="37" x="479.33" y="401.65" angle="-90.00" type="DEFAULT_VEHTYPE" speed="13.58" pos="115.92" lane="3/2to2/2_0" slope="0.00"/>
        <vehicle id="38" x="150.90" y="201.65" angle="-90.00" type="DEFAULT_VEHTYPE" speed="13.58" pos="44.35" lane="1/1to0/1_0" slope="0.00"/>
        <vehicle id="41" x="398.35" y="632.09" angle="0.00" type="DEFAULT_VEHTYPE" speed="12.77" pos="167.91" lane="2/4to2/3_0" slope="0.00"/>
        <vehicle id="44" x="210.91" y="401.65" angle="-90.00" type="DEFAULT_VEHTYPE" speed="5.50" pos="184.34" lane="2/2to1/2_0" slope="0.00"/>
        <vehicle id="48" x="331.93" y="401.65" angle="-90.00" type="DEFAULT_VEHTYPE" speed="13.46" pos="63.32" lane="2/2to1/2_0" slope="0.00"/>
        <vehicle id="5" x="201.65" y="365.87" angle="180.00" type="DEFAULT_VEHTYPE" speed="12.77" pos="161.12" lane="1/1to1/2_0" slope="0.00"/>
        <vehicle id="7" x="398.35" y="675.68" angle="0.00" type="DEFAULT_VEHTYPE" speed="13.00" pos="124.32" lane="2/4to2/3_0" slope="0.00"/>
        <vehicle id="8" x="201.65" y="591.36" angle="180.00" type="DEFAULT_VEHTYPE" speed="13.30" pos="186.61" lane="1/2to1/3_0" slope="0.00"/>
    </timestep>
    <timestep time="183.00">
        <vehicle id="0" x="307.76" y="598.35" angle="90.00" type="DEFAULT_VEHTYPE" speed="13.50" pos="103.01" lane="1/3to2/3_0" slope="0.00"/>
        <vehicle id="1" x="228.77" y="401.65" angle="-90.00" type="DEFAULT_VEHTYPE" speed="10.48" pos="166.48" lane="2/2to1/2_0" slope="0.00"/>
        <vehicle id="17" x="401.65" y="793.25" angle="180.00" type="DEFAULT_VEHTYPE" speed="13.82" pos="188.50" lane="2/3to2/4_0" slope="0.00"/>
        <vehicle id="18" x="380.18" y="598.35" angle="90.00" type="DEFAULT_VEHTYPE" speed="9.15" pos="175.43" lane="1/3to2/3_0" slope="0.00"/>
        <vehicle id="21" x="254.07" y="598.35" angle="90.00" type="DEFAULT_VEHTYPE" speed="12.96" pos="49.32" lane="1/3to2/3_0" slope="0.00"/>
        <vehicle id="22" x="398.35" y="267.58" angle="0.00" type="DEFAULT_VEHTYPE" speed="13.54" pos="127.67" lane="2/2to2/1_0" slope="0.00"/>
        <vehicle id="24" x="183.83" y="401.65" angle="-90.00" type="DEFAULT_VEHTYPE" speed="8.70" pos="11.42" lane="1/2to0/2_0" slope="0.00"/>
        <vehicle id="26" x="50.34" y="401.65" angle="-90.00" type="DEFAULT_VEHTYPE" speed="13.81" pos="144.91" lane="1/2to0/2_0" slope="0.00"/>
        <vehicle id="28" x="398.35" y="779.37" angle="0.00" type="DEFAULT_VEHTYPE" speed="13.31" pos="20.63" lane="2/4to2/3_0" slope="0.00"/>
        <vehicle id="32" x="398.35" y="519.40" angle="0.00" type="DEFAULT_VEHTYPE" speed="13.03" pos="75.85" lane="2/3to2/2_0" slope="0.00"/>
        <vehicle id="35" x="201.65" y="495.55" angle="180.00" type="DEFAULT_VEHTYPE" speed="13.54" pos="90.80" lane="1/2to1/3_0" slope="0.00"/>
        <vehicle id="37" x="466.16" y="401.65" angle="-90.00" type="DEFAULT_VEHTYPE" speed="13.17" pos="129.09" lane="3/2to2/2_0" slope="0.00"/>
        <vehicle id="38" x="137.54" y="201.65" angle="-90.00" type="DEFAULT_VEHTYPE" speed="13.36" pos="57.71" lane="1/1to0/1_0" slope="0.00"/>
        <vehicle id="41" x="398.35" y="618.20" angle="0.00" type="DEFAULT_VEHTYPE" speed="13.89" pos="181.80" lane="2/4to2/3_0" slope="0.00"/>
        <vehicle id="44" x="208.85" y="401.65" angle="-90.00" type="DEFAULT_VEHTYPE" speed="2.06" pos="186.40" lane="2/2to1/2_0" slope="0.00"/>
        <vehicle id="48" x="318.60" y="401.65" angle="-90.00" type="DEFAULT_VEHTYPE" speed="13.32" pos="76.65" lane="2/2to1/2_0" slope="0.00"/>
        <vehicle id="5" x="201.65" y="379.29" angle="180.00" type="DEFAULT_VEHTYPE" speed="13.41" pos="174.54" lane="1/1to1/2_0" slope="0.00"/>
        <vehicle id="7" x="398.35" y="663.07" angle="0.00" type="DEFAULT_VEHTYPE" speed="12.61" pos="136.93" lane="2/4to2/3_0" slope="0.00"/>
        <vehicle id="8" x="208.96" y="598.35" angle="91.26" type="DEFAULT_VEHTYPE" speed="13.09" pos="4.21" lane="1/3to2/3_0" slope="0.00"/>
    </timestep>
    <timestep time="184.00">
        <vehicle id="0" x="320.66" y="598.35" angle="90.00" type="DEFAULT_VEHTYPE" speed="12.91" pos="115.91" lane="1/3to2/3_0" slope="0.00"/>
        <vehicle id="1" x="222.25" y="401.65" angle="-90.00" type="DEFAULT_VEHTYPE" speed="6.51" pos="173.00" lane="2/2to1/2_0" slope="0.00"/>
        <vehicle id="17" x="398.35" y="798.09" angle="-34.78" type="DEFAULT_VEHTYPE" speed="13.48" pos="1.91" lane="2/4to2/3_0" slope="0.00"/>
        <vehicle id="18" x="386.09" y="598.35" angle="90.00" type="DEFAULT_VEHTYPE" speed="5.90" pos="181.34" lane="1/3to2/3_0" slope="0.00"/>
        <vehicle id="21" x="267.69" y="598.35" angle="90.00" type="DEFAULT_VEHTYPE" speed="13.62" pos="62.94" lane="1/3to2/3_0" slope="0.00"/>
        <vehicle id="22" x="398.35" y="254.09" angle="0.00" type="DEFAULT_VEHTYPE" speed="13.49" pos="141.16" lane="2/2to2/1_0" slope="0.00"/>
        <vehicle id="24" x="173.19" y="401.65" angle="-90.00" type="DEFAULT_VEHTYPE" speed="10.65" pos="22.06" lane="1/2to0/2_0" slope="0.00"/>
        <vehicle id="26" x="37.65" y="401.65" angle="-90.00" type="DEFAULT_VEHTYPE" speed="12.69" pos="157.60" lane="1/2to0/2_0" slope="0.00"/>
        <vehicle id="28" x="398.35" y="766.53" angle="0.00" type="DEFAULT_VEHTYPE" speed="12.85" pos="33.47" lane="2/4to2/3_0" slope="0.00"/>
        <vehicle id="32" x="398.35" y="506.01" angle="0.00" type="DEFAULT_VEHTYPE" speed="13.39" pos="89.24" lane="2/3to2/2_0" slope="0.00"/>
        <vehicle id="35" x="201.65" y="509.04" angle="180.00" type="DEFAULT_VEHTYPE" speed="13.49" pos="104.29" lane="1/2to1/3_0" slope="0.00"/>
        <vehicle id="37" x="452.44" y="401.65" angle="-90.00" type="DEFAULT_VEHTYPE" speed="13.72" pos="142.81" lane="3/2to2/2_0" slope="0.00"/>
        <vehicle id="38" x="123.93" y="201.65" angle="-90.00" type="DEFAULT_VEHTYPE" speed="13.61" pos="71.32" lane="1/1to0/1_0" slope="0.00"/>
        <vehicle id="41" x="398.35" y="604.45" angle="0.00" type="DEFAULT_VEHTYPE" speed="13.75" pos="0.30" lane=":2/3_1_0" slope="0.00"/>
        <vehicle id="44" x="207.54" y="401.65" angle="-90.00" type="DEFAULT_VEHTYPE" speed="1.31" pos="187.71" lane="2/2to1/2_0" slope="0.00"/>
        <vehicle id="48" x="305.72" y="401.65" angle="-90.00" type="DEFAULT_VEHTYPE" speed="12.88" pos="89.53" lane="2/2to1/2_0" slope="0.00"/>
        <vehicle id="5" x="201.65" y="392.41" angle="180.00" type="DEFAULT_VEHTYPE" speed="13.12" pos="187.66" lane="1/1to1/2_0" slope="0.00"/>
        <vehicle id="7" x="398.35" y="650.09" angle="0.00" type="DEFAULT_VEHTYPE" speed="12.99" pos="149.91" lane="2/4to2/3_0" slope="0.00"/>
        <vehicle id="8" x="222.51" y="598.35" angle="90.00" type="DEFAULT_VEHTYPE" speed="13.56" pos="17.76" lane="1/3to2/3_0" slope="0.00"/>
    </timestep>
    <timestep time="185.00">
        <vehicle id="0" x="333.87" y="598.35" angle="90.00" type="DEFAULT_VEHTYPE" speed="13.20" pos="129.12" lane="1/3to2/3_0" slope="0.00"/>
        <vehicle id="1" x="217.85" y="401.65" angle="-90.00" type="DEFAULT_VEHTYPE" speed="4.41" pos="177.40" lane="2/2to1/2_0" slope="0.00"/>
        <vehicle id="17" x="398.35" y="784.62" angle="0.00" type="DEFAULT_VEHTYPE" speed="13.47" pos="15.38" lane="2/4to2/3_0" slope="0.00"/>
        <vehicle id="18" x="390.34" y="598.35" angle="90.00" type="DEFAULT_VEHTYPE" speed="4.25" pos="185.59" lane="1/3to2/3_0" slope="0.00"/>
        <vehicle id="21" x="280.44" y="598.35" angle="90.00" type="DEFAULT_VEHTYPE" speed="12.75" pos="75.69" lane="1/3to2/3_0" slope="0.00"/>
        <vehicle id="22" x="398.35" y="241.17" angle="0.00" type="DEFAULT_VEHTYPE" speed="12.92" pos="154.08" lane="2/2to2/1_0" slope="0.00"/>
        <vehicle id="24" x="160.87" y="401.65" angle="-90.00" type="DEFAULT_VEHTYPE" speed="12.32" pos="34.38" lane="1/2to0/2_0" slope="0.00"/>
        <vehicle id="26" x="24.07" y="401.65" angle="-90.00" type="DEFAULT_VEHTYPE" speed="13.58" pos="171.18" lane="1/2to0/2_0" slope="0.00"/>
        <vehicle id="28" x="398.35" y="752.86" angle="0.00" type="DEFAULT_VEHTYPE" speed="13.66" pos="47.14" lane="2/4to2/3_0" slope="0.00"/>
        <vehicle id="32" x="398.35" y="492.40" angle="0.00" type="DEFAULT_VEHTYPE" speed="13.61" pos="102.85" lane="2/3to2/2_0" slope="0.00"/>
        <vehicle id="35" x="201.65" y="521.78" angle="180.00" type="DEFAULT_VEHTYPE" speed="12.74" pos="117.03" lane="1/2to1/3_0" slope="0.00"/>
        <vehicle id="37" x="438.80" y="401.65" angle="-90.00" type="DEFAULT_VEHTYPE" speed="13.64" pos="156.45" lane="3/2to2/2_0" slope="0.00"/>
        <vehicle id="38" x="111.17" y="201.65" angle="-90.00" type="DEFAULT_VEHTYPE" speed="12.77" pos="84.08" lane="1/1to0/1_0" slope="0.00"/>
        <vehicle id="41" x="398.35" y="591.45" angle="0.00" type="DEFAULT_VEHTYPE" speed="13.00" pos="3.80" lane="2/3to2/2_0" slope="0.00"/>
        <vehicle id="44" x="207.30" y="401.65" angle="-90.00" type="DEFAULT_VEHTYPE" speed="0.24" pos="187.95" lane="2/2to1/2_0" slope="0.00"/>
        <vehicle id="48" x="292.08" y="401.65" angle="-90.00" type="DEFAULT_VEHTYPE" speed="13.64" pos="103.17" lane="2/2to1/2_0" slope="0.00"/>
        <vehicle id="5" x="201.65" y="405.17" angle="180.00" type="DEFAULT_VEHTYPE" speed="12.77" pos="0.42" lane="1/2to1/3_0" slope="0.00"/>
        <vehicle id="7" x="398.35" y="637.31" angle="0.00" type="DEFAULT_VEHTYPE" speed="12.77" pos="162.69" lane="2/4to2/3_0" slope="0.00"/>
        <vehicle id="8" x="235.96" y="598.35" angle="90.00" type="DEFAULT_VEHTYPE" speed="13.44" pos="31.21" lane="1/3to2/3_0" slope="0.00"/>
    </timestep>
    <timestep time="186.00">
        <vehicle id="0" x="347.08" y="598.35" angle="90.00" type="DEFAULT_VEHTYPE" speed="13.21" pos="142.33" lane="1/3to2/3_0" slope="0.00"/>
        <vehicle id="1" x="216.50" y="401.65" angle="-90.00" type="DEFAULT_VEHTYPE" speed="1.35" pos="178.75" lane="2/2to1/2_0" slope="0.00"/>
        <vehicle id="17" x="398.35" y="770.72" angle="0.00" type="DEFAULT_VEHTYPE" speed="13.89" pos="29.28" lane="2/4to2/3_0" slope="0.00"/>
        <vehicle id="18" x="392.01" y="598.35" angle="90.00" type="DEFAULT_VEHTYPE" speed="1.68" pos="187.26" lane="1/3to2/3_0" slope="0.00"/>
        <vehicle id="21" x="293.92" y="598.35" angle="90.00" type="DEFAULT_VEHTYPE" speed="13.48" pos="89.17" lane="1/3to2/3_0" slope="0.00"/>
        <vehicle id="22" x="398.35" y="227.86" angle="0.00" type="DEFAULT_VEHTYPE" speed="13.31" pos="167.39" lane="2/2to2/1_0" slope="0.00"/>
        <vehicle id="24" x="147.42" y="401.65" angle="-90.00" type="DEFAULT_VEHTYPE" speed="13.45" pos="47.83" lane="1/2to0/2_0" slope="0.00"/>
        <vehicle id="26" x="10.81" y="401.65" angle="-90.00" type="DEFAULT_VEHTYPE" speed="13.26" pos="184.44" lane="1/2to0/2_0" slope="0.00"/>
        <vehicle id="28" x="398.35" y="739.66" angle="0.00" type="DEFAULT_VEHTYPE" speed="13.21" pos="60.34" lane="2/4to2/3_0" slope="0.00"/>
        <vehicle id="32" x="398.35" y="478.83" angle="0.00" type="DEFAULT_VEHTYPE" speed="13.57" pos="116.42" lane="2/3to2/2_0" slope="0.00"/>
        <vehicle id="35" x="201.65" y="535.15" angle="180.00" type="DEFAULT_VEHTYPE" speed="13.37" pos="130.40" lane="1/2to1/3_0" slope="0.00"/>
        <vehicle id="37" x="426.16" y="401.65" angle="-90.00" type="DEFAULT_VEHTYPE" speed="12.64" pos="169.09" lane="3/2to2/2_0" slope="0.00"/>
        <vehicle id="38" x="98.40" y="201.65" angle="-90.00" type="DEFAULT_VEHTYPE" speed="12.77" pos="96.85" lane="1/1to0/1_0" slope="0.00"/>
        <vehicle id="41" x="398.35" y="578.42" angle="0.00" type="DEFAULT_VEHTYPE" speed="13.04" pos="16.83" lane="2/3to2/2_0" slope="0.00"/>
        <vehicle id="44" x="205.65" y="401.65" angle="-90.00" type="DEFAULT_VEHTYPE" speed="1.65" pos="189.60" lane="2/2to1/2_0" slope="0.00"/>
        <vehicle id="48" x="278.47" y="401.65" angle="-90.00" type="DEFAULT_VEHTYPE" speed="13.61" pos="116.78" lane="2/2to1/2_0" slope="0.00"/>
        <vehicle id="5" x="201.65" y="417.79" angle="180.00" type="DEFAULT_VEHTYPE" speed="12.62" pos="13.04" lane="1/2to1/3_0" slope="0.00"/>
        <vehicle id="7" x="398.35" y="623.48" angle="0.00" type="DEFAULT_VEHTYPE" speed="13.84" pos="176.52" lane="2/4to2/3_0" slope="0.00"/>
        <vehicle id="8" x="248.83" y="598.35" angle="90.00" type="DEFAULT_VEHTYPE" speed="12.88" pos="44.08" lane="1/3to2/3_0" slope="0.00"/>
    </timestep>
    <timestep time="187.00">
        <vehicle id="0" x="359.78" y="598.35" angle="90.00" type="DEFAULT_VEHTYPE" speed="12.70" pos="155.03" lane="1/3to2/3_0" slope="0.00"/>
        <vehicle id="1" x="215.15" y="401.65" angle="-90.00" type="DEFAULT_VEHTYPE" speed="1.35" pos="180.10" lane="2/2to1/2_0" slope="0.00"/>
        <vehicle id="17" x="398.35" y="757.60" angle="0.00" type="DEFAULT_VEHTYPE" speed="13.12" pos="42.40" lane="2/4to2/3_0" slope="0.00"/>
        <vehicle id="18" x="392.42" y="598.35" angle="90.00" type="DEFAULT_VEHTYPE" speed="0.41" pos="187.67" lane="1/3to2/3_0" slope="0.00"/>
        <vehicle id="21" x="306.56" y="598.35" angle="90.00" type="DEFAULT_VEHTYPE" speed="12.64" pos="101.81" lane="1/3to2/3_0" slope="0.00"/>
        <vehicle id="22" x="398.35" y="214.42" angle="0.00" type="DEFAULT_VEHTYPE" speed="13.45" pos="180.83" lane="2/2to2/1_0" slope="0.00"/>
        <vehicle id="24" x="133.81" y="401.65" angle="-90.00" type="DEFAULT_VEHTYPE" speed="13.61" pos="61.44" lane="1/2to0/2_0" slope="0.00"/>
        <vehicle id="26" x="-1.59" y="400.12" angle="-70.45" type="DEFAULT_VEHTYPE" speed="13.09" pos="2.28" lane=":0/2_0_0" slope="0.00"/>
        <vehicle id="28" x="398.35" y="726.12" angle="0.00" type="DEFAULT_VEHTYPE" speed="13.54" pos="73.88" lane="2/4to2/3_0" slope="0.00"/>
        <vehicle id="32" x="398.35" y="465.61" angle="0.00" type="DEFAULT_VEHTYPE" speed="13.22" pos="129.64" lane="2/3to2/2_0" slope="0.00"/>
        <vehicle id="35" x="201.65" y="548.29" angle="180.00" type="DEFAULT_VEHTYPE" speed="13.14" pos="143.54" lane="1/2to1/3_0" slope="0.00"/>
        <vehicle id="37" x="418.01" y="401.65" angle="-90.00" type="DEFAULT_VEHTYPE" speed="8.14" pos="177.24" lane="3/2to2/2_0" slope="0.00"/>
        <vehicle id="38" x="85.78" y="201.65" angle="-90.00" type="DEFAULT_VEHTYPE" speed="12.62" pos="109.47" lane="1/1to0/1_0" slope="0.00"/>
        <vehicle id="41" x="398.35" y="565.27" angle="0.00" type="DEFAULT_VEHTYPE" speed="13.15" pos="29.98" lane="2/3to2/2_0" slope="0.00"/>
        <vehicle id="44" x="202.28" y="401.65" angle="-90.00" type="DEFAULT_VEHTYPE" speed="3.37" pos="2.47" lane=":1/2_5_0" slope="0.00"/>
        <vehicle id="48" x="264.88" y="401.65" angle="-90.00" type="DEFAULT_VEHTYPE" speed="13.59" pos="130.37" lane="2/2to1/2_0" slope="0.00"/>
        <vehicle id="5" x="201.65" y="431.50" angle="180.00" type="DEFAULT_VEHTYPE" speed="13.71" pos="26.75" lane="1/2to1/3_0" slope="0.00"/>
        <vehicle id="7" x="398.35" y="609.92" angle="0.00" type="DEFAULT_VEHTYPE" speed="13.56" pos="190.08" lane="2/4to2/3_0" slope="0.00"/>
        <vehicle id="8" x="262.05" y="598.35" angle="90.00" type="DEFAULT_VEHTYPE" speed="13.21" pos="57.30" lane="1/3to2/3_0" slope="0.00"/>
    </timestep>
    <timestep time="188.00">
        <vehicle id="0" x="369.86" y="598.35" angle="90.00" type="DEFAULT_VEHTYPE" speed="10.08" pos="165.11" lane="1/3to2/3_0" slope="0.00"/>
        <vehicle id="1" x="211.51" y="401.65" angle="-90.00" type="DEFAULT_VEHTYPE" speed="3.64" pos="183.74" lane="2/2to1/2_0" slope="0.00"/>
        <vehicle id="17" x="398.35" y="743.95" angle="0.00" type="DEFAULT_VEHTYPE" speed="13.65" pos="56.05" lane="2/4to2/3_0" slope="0.00"/>
        <vehicle id="18" x="392.66" y="598.35" angle="90.00" type="DEFAULT_VEHTYPE" speed="0.23" pos="187.91" lane="1/3to2/3_0" slope="0.00"/>
        <vehicle id="21" x="319.75" y="598.35" angle="90.00" type="DEFAULT_VEHTYPE" speed="13.19" pos="115.00" lane="1/3to2/3_0" slope="0.00"/>
        <vehicle id="22" x="398.35" y="201.16" angle="0.00" type="DEFAULT_VEHTYPE" speed="13.25" pos="3.59" lane=":2/1_1_0" slope="0.00"/>
        <vehicle id="24" x="120.60" y="401.65" angle="-90.00" type="DEFAULT_VEHTYPE" speed="13.21" pos="74.65" lane="1/2to0/2_0" slope="0.00"/>
        <vehicle id="26" x="10.60" y="398.35" angle="90.00" type="DEFAULT_VEHTYPE" speed="13.14" pos="10.60" lane="0/2to1/2_0" slope="0.00"/>
        <vehicle id="28" x="398.35" y="712.57" angle="0.00" type="DEFAULT_VEHTYPE" speed="13.55" pos="87.43" lane="2/4to2/3_0" slope="0.00"/>
        <vehicle id="32" x="398.35" y="452.60" angle="0.00" type="DEFAULT_VEHTYPE" speed="13.01" pos="142.65" lane="2/3to2/2_0" slope="0.00"/>
        <vehicle id="35" x="201.65" y="560.99" angle="180.00" type="DEFAULT_VEHTYPE" speed="12.70" pos="156.24" lane="1/2to1/3_0" slope="0.00"/>
        <vehicle id="37" x="412.56" y="401.65" angle="-90.00" type="DEFAULT_VEHTYPE" speed="5.45" pos="182.69" lane="3/2to2/2_0" slope="0.00"/>
        <vehicle id="38" x="72.34" y="201.65" angle="-90.00" type="DEFAULT_VEHTYPE" speed="13.43" pos="122.91" lane="1/1to0/1_0" slope="0.00"/>
        <vehicle id="41" x="398.35" y="552.23" angle="0.00" type="DEFAULT_VEHTYPE" speed="13.03" pos="43.02" lane="2/3to2/2_0" slope="0.00"/>
        <vehicle id="44" x="197.27" y="401.65" angle="-90.00" type="DEFAULT_VEHTYPE" speed="5.01" pos="7.48" lane=":1/2_5_0" slope="0.00"/>
        <vehicle id="48" x="251.53" y="401.65" angle="-90.00" type="DEFAULT_VEHTYPE" speed="13.35" pos="143.72" lane="2/2to1/2_0" slope="0.00"/>
        <vehicle id="5" x="201.65" y="445.28" angle="180.00" type="DEFAULT_VEHTYPE" speed="13.78" pos="40.53" lane="1/2to1/3_0" slope="0.00"/>
        <vehicle id="7" x="398.35" y="596.98" angle="0.00" type="DEFAULT_VEHTYPE" speed="12.94" pos="7.77" lane=":2/3_1_0" slope="0.00"/>
        <vehicle id="8" x="275.35" y="598.35" angle="90.00" type="DEFAULT_VEHTYPE" speed="13.30" pos="70.60" lane="1/3to2/3_0" slope="0.00"/>
    </timestep>
    <timestep time="189.00">
        <vehicle id="0" x="377.48" y="598.35" angle="90.00" type="DEFAULT_VEHTYPE" speed="7.62" pos="172.73" lane="1/3to2/3_0" slope="0.00"/>
        <vehicle id="1" x="206.20" y="401.65" angle="-90.00" type="DEFAULT_VEHTYPE" speed="5.31" pos="189.05" lane="2/2to1/2_0" slope="0.00"/>
        <vehicle id="17" x="398.35" y="730.21" angle="0.00" type="DEFAULT_VEHTYPE" speed="13.74" pos="69.79" lane="2/4to2/3_0" slope="0.00"/>
        <vehicle id="18" x="394.97" y="598.35" angle="90.00" type="DEFAULT_VEHTYPE" speed="2.32" pos="190.22" lane="1/3to2/3_0" slope="0.00"/>
        <vehicle id="21" x="332.49" y="598.35" angle="90.00" type="DEFAULT_VEHTYPE" speed="12.74" pos="127.74" lane="1/3to2/3_0" slope="0.00"/>
        <vehicle id="22" x="398.35" y="187.42" angle="0.00" type="DEFAULT_VEHTYPE" speed="13.74" pos="7.83" lane="2/1to2/0_0" slope="0.00"/>
        <vehicle id="24" x="107.87" y="401.65" angle="-90.00" type="DEFAULT_VEHTYPE" speed="12.73" pos="87.38" lane="1/2to0/2_0" slope="0.00"/>
        <vehicle id="26" x="24.24" y="398.35" angle="90.00" type="DEFAULT_VEHTYPE" speed="13.64" pos="24.24" lane="0/2to1/2_0" slope="0.00"/>
        <vehicle id="28" x="398.35" y="699.53" angle="0.00" type="DEFAULT_VEHTYPE" speed="13.04" pos="100.47" lane="2/4to2/3_0" slope="0.00"/>
        <vehicle id="32" x="398.35" y="439.93" angle="0.00" type="DEFAULT_VEHTYPE" speed="12.67" pos="155.32" lane="2/3to2/2_0" slope="0.00"/>
        <vehicle id="35" x="201.65" y="574.73" angle="180.00" type="DEFAULT_VEHTYPE" speed="13.74" pos="169.98" lane="1/2to1/3_0" slope="0.00"/>
        <vehicle id="37" x="410.03" y="401.65" angle="-90.00" type="DEFAULT_VEHTYPE" speed="2.53" pos="185.22" lane="3/2to2/2_0" slope="0.00"/>
        <vehicle id="38" x="58.96" y="201.65" angle="-90.00" type="DEFAULT_VEHTYPE" speed="13.39" pos="136.29" lane="1/1to0/1_0" slope="0.00"/>
        <vehicle id="41" x="398.35" y="538.92" angle="0.00" type="DEFAULT_VEHTYPE" speed="13.31" pos="56.33" lane="2/3to2/2_0" slope="0.00"/>
        <vehicle id="44" x="190.46" y="401.65" angle="-90.00" type="DEFAULT_VEHTYPE" speed="6.81" pos="4.79" lane="1/2to0/2_0" slope="0.00"/>
        <vehicle id="48" x="238.87" y="401.65" angle="-90.00" type="DEFAULT_VEHTYPE" speed="12.66" pos="156.38" lane="2/2to1/2_0" slope="0.00"/>
        <vehicle id="5" x="201.65" y="458.18" angle="180.00" type="DEFAULT_VEHTYPE" speed="12.90" pos="53.43" lane="1/2to1/3_0" slope="0.00"/>
        <vehicle id="7" x="398.35" y="583.47" angle="0.00" type="DEFAULT_VEHTYPE" speed="13.51" pos="11.78" lane="2/3to2/2_0" slope="0.00"/>
        <vehicle id="8" x="288.54" y="598.35" angle="90.00" type="DEFAULT_VEHTYPE" speed="13.19" pos="83.79" lane="1/3to2/3_0" slope="0.00"/>
    </timestep>
    <timestep time="190.00">
        <vehicle id="0" x="382.49" y="598.35" angle="90.00" type="DEFAULT_VEHTYPE" speed="5.01" pos="177.74" lane="1/3to2/3_0" slope="0.00"/>
        <vehicle id="1" x="199.77" y="399.75" angle="-67.77" type="DEFAULT_VEHTYPE" speed="6.96" pos="5.51" lane=":1/2_6_0" slope="0.00"/>
        <vehicle id="17" x="398.35" y="717.00" angle="0.00" type="DEFAULT_VEHTYPE" speed="13.20" pos="83.00" lane="2/4to2/3_0" slope="0.00"/>
        <vehicle id="18" x="398.99" y="599.31" angle="101.28" type="DEFAULT_VEHTYPE" speed="4.20" pos="3.92" lane=":2/3_14_0" slope="0.00"/>
        <vehicle id="21" x="345.76" y="598.35" angle="90.00" type="DEFAULT_VEHTYPE" speed="13.27" pos="141.01" lane="1/3to2/3_0" slope="0.00"/>
        <vehicle id="22" x="398.35" y="174.06" angle="0.00" type="DEFAULT_VEHTYPE" speed="13.37" pos="21.19" lane="2/1to2/0_0" slope="0.00"/>
        <vehicle id="24" x="94.45" y="401.65" angle="-90.00" type="DEFAULT_VEHTYPE" speed="13.42" pos="100.80" lane="1/2to0/2_0" slope="0.00"/>
        <vehicle id="26" x="37.47" y="398.35" angle="90.00" type="DEFAULT_VEHTYPE" speed="13.23" pos="37.47" lane="0/2to1/2_0" slope="0.00"/>
        <vehicle id="28" x="398.35" y="686.00" angle="0.00" type="DEFAULT_VEHTYPE" speed="13.53" pos="114.00" lane="2/4to2/3_0" slope="0.00"/>
        <vehicle id="32" x="398.35" y="426.83" angle="0.00" type="DEFAULT_VEHTYPE" speed="13.09" pos="168.42" lane="2/3to2/2_0" slope="0.00"/>
        <vehicle id="35" x="201.65" y="587.90" angle="180.00" type="DEFAULT_VEHTYPE" speed="13.17" pos="183.15" lane="1/2to1/3_0" slope="0.00"/>
        <vehicle id="37" x="405.18" y="401.65" angle="-90.00" type="DEFAULT_VEHTYPE" speed="4.85" pos="190.07" lane="3/2to2/2_0" slope="0.00"/>
        <vehicle id="38" x="45.64" y="201.65" angle="-90.00" type="DEFAULT_VEHTYPE" speed="13.32" pos="149.61" lane="1/1to0/1_0" slope="0.00"/>
        <vehicle id="41" x="398.35" y="526.09" angle="0.00" type="DEFAULT_VEHTYPE" speed="12.84" pos="69.16" lane="2/3to2/2_0" slope="0.00"/>
        <vehicle id="44" x="181.46" y="401.65" angle="-90.00" type="DEFAULT_VEHTYPE" speed="9.00" pos="13.79" lane="1/2to0/2_0" slope="0.00"/>
        <vehicle id="48" x="226.75" y="401.65" angle="-90.00" type="DEFAULT_VEHTYPE" speed="12.12" pos="168.50" lane="2/2to1/2_0" slope="0.00"/>
        <vehicle id="5" x="201.65" y="472.03" angle="180.00" type="DEFAULT_VEHTYPE" speed="13.84" pos="67.28" lane="1/2to1/3_0" slope="0.00"/>
        <vehicle id="7" x="398.35" y="570.04" angle="0.00" type="DEFAULT_VEHTYPE" speed="13.43" pos="25.21" lane="2/3to2/2_0" slope="0.00"/>
        <vehicle id="8" x="302.43" y="598.35" angle="90.00" type="DEFAULT_VEHTYPE" speed="13.90" pos="97.68" lane="1/3to2/3_0" slope="0.00"/>
    </timestep>
    <timestep time="191.00">
        <vehicle id="0" x="387.48" y="598.35" angle="90.00" type="DEFAULT_VEHTYPE" speed="4.99" pos="182.73" lane="1/3to2/3_0" slope="0.00"/>
        <vehicle id="1" x="198.35" y="391.15" angle="-1.46" type="DEFAULT_VEHTYPE" speed="8.91" pos="4.10" lane="1/2to1/1_0" slope="0.00"/>
        <vehicle id="17" x="398.35" y="703.26" angle="0.00" type="DEFAULT_VEHTYPE" speed="13.74" pos="96.74" lane="2/4to2/3_0" slope="0.00"/>
        <vehicle id="18" x="401.65" y="604.80" angle="162.31" type="DEFAULT_VEHTYPE" speed="6.46" pos="0.05" lane="2/3to2/4_0" slope="0.00"/>
        <vehicle id="21" x="359.10" y="598.35" angle="90.00" type="DEFAULT_VEHTYPE" speed="13.34" pos="154.35" lane="1/3to2/3_0" slope="0.00"/>
        <vehicle id="22" x="398.35" y="161.20" angle="0.00" type="DEFAULT_VEHTYPE" speed="12.86" pos="34.05" lane="2/1to2/0_0" slope="0.00"/>
        <vehicle id="24" x="81.44" y="401.65" angle="-90.00" type="DEFAULT_VEHTYPE" speed="13.01" pos="113.81" lane="1/2to0/2_0" slope="0.00"/>
        <vehicle id="26" x="51.33" y="398.35" angle="90.00" type="DEFAULT_VEHTYPE" speed="13.86" pos="51.33" lane="0/2to1/2_0" slope="0.00"/>
        <vehicle id="28" x="398.35" y="672.57" angle="0.00" type="DEFAULT_VEHTYPE" speed="13.43" pos="127.43" lane="2/4to2/3_0" slope="0.00"/>
        <vehicle id="32" x="398.35" y="413.47" angle="0.00" type="DEFAULT_VEHTYPE" speed="13.37" pos="181.78" lane="2/3to2/2_0" slope="0.00"/>
        <vehicle id="35" x="205.73" y="598.35" angle="118.33" type="DEFAULT_VEHTYPE" speed="13.34" pos="0.98" lane="1/3to2/3_0" slope="0.00"/>
        <vehicle id="37" x="399.12" y="398.67" angle="-54.91" type="DEFAULT_VEHTYPE" speed="7.19" pos="6.76" lane=":2/2_6_0" slope="0.00"/>
        <vehicle id="38" x="31.80" y="201.65" angle="-90.00" type="DEFAULT_VEHTYPE" speed="13.84" pos="163.45" lane="1/1to0/1_0" slope="0.00"/>
        <vehicle id="41" x="398.35" y="513.29" angle="0.00" type="DEFAULT_VEHTYPE" speed="12.80" pos="81.96" lane="2/3to2/2_0" slope="0.00"/>
        <vehicle id="44" x="170.45" y="401.65" angle="-90.00" type="DEFAULT_VEHTYPE" speed="11.01" pos="24.80" lane="1/2to0/2_0" slope="0.00"/>
        <vehicle id="48" x="217.44" y="401.65" angle="-90.00" type="DEFAULT_VEHTYPE" speed="9.31" pos="177.81" lane="2/2to1/2_0" slope="0.00"/>
        <vehicle id="5" x="201.65" y="485.36" angle="180.00" type="DEFAULT_VEHTYPE" speed="13.33" pos="80.61" lane="1/2to1/3_0" slope="0.00"/>
        <vehicle id="7" x="398.35" y="556.77" angle="0.00" type="DEFAULT_VEHTYPE" speed="13.27" pos="38.48" lane="2/3to2/2_0" slope="0.00"/>
        <vehicle id="8" x="316.08" y="598.35" angle="90.00" type="DEFAULT_VEHTYPE" speed="13.65" pos="111.33" lane="1/3to2/3_0" slope="0.00"/>
    </timestep>
    <timestep time="192.00">
        <vehicle id="0" x="390.82" y="598.35" angle="90.00" type="DEFAULT_VEHTYPE" speed="3.34" pos="186.07" lane="1/3to2/3_0" slope="0.00"/>
        <vehicle id="1" x="198.35" y="380.22" angle="0.00" type="DEFAULT_VEHTYPE" speed="10.93" pos="15.03" lane="1/2to1/1_0" slope="0.00"/>
        <vehicle id="17" x="398.35" y="689.77" angle="0.00" type="DEFAULT_VEHTYPE" speed="13.49" pos="110.23" lane="2/4to2/3_0" slope="0.00"/>
        <vehicle id="18" x="401.65" y="612.67" angle="180.00" type="DEFAULT_VEHTYPE" speed="7.87" pos="7.92" lane="2/3to2/4_0" slope="0.00"/>
        <vehicle id="21" x="369.63" y="598.35" angle="90.00" type="DEFAULT_VEHTYPE" speed="10.52" pos="164.88" lane="1/3to2/3_0" slope="0.00"/>
        <vehicle id="22" x="398.35" y="147.42" angle="0.00" type="DEFAULT_VEHTYPE" speed="13.78" pos="47.83" lane="2/1to2/0_0" slope="0.00"/>
        <vehicle id="24" x="67.72" y="401.65" angle="-90.00" type="DEFAULT_VEHTYPE" speed="13.72" pos="127.53" lane="1/2to0/2_0" slope="0.00"/>
        <vehicle id="26" x="64.34" y="398.35" angle="90.00" type="DEFAULT_VEHTYPE" speed="13.01" pos="64.34" lane="0/2to1/2_0" slope="0.00"/>
        <vehicle id="28" x="398.35" y="659.12" angle="0.00" type="DEFAULT_VEHTYPE" speed="13.45" pos="140.88" lane="2/4to2/3_0" slope="0.00"/>
        <vehicle id="32" x="395.12" y="401.65" angle="-47.20" type="DEFAULT_VEHTYPE" speed="13.84" pos="0.13" lane="2/2to1/2_0" slope="0.00"/>
        <vehicle id="35" x="219.26" y="598.35" angle="90.00" type="DEFAULT_VEHTYPE" speed="13.53" pos="14.51" lane="1/3to2/3_0" slope="0.00"/>
        <vehicle id="37" x="398.35" y="389.64" angle="0.00" type="DEFAULT_VEHTYPE" speed="9.17" pos="5.61" lane="2/2to2/1_0" slope="0.00"/>
        <vehicle id="38" x="18.70" y="201.65" angle="-90.00" type="DEFAULT_VEHTYPE" speed="13.10" pos="176.55" lane="1/1to0/1_0" slope="0.00"/>
        <vehicle id="41" x="398.35" y="500.65" angle="0.00" type="DEFAULT_VEHTYPE" speed="12.64" pos="94.60" lane="2/3to2/2_0" slope="0.00"/>
        <vehicle id="44" x="157.03" y="401.65" angle="-90.00" type="DEFAULT_VEHTYPE" speed="13.42" pos="38.22" lane="1/2to0/2_0" slope="0.00"/>
        <vehicle id="48" x="212.59" y="401.65" angle="-90.00" type="DEFAULT_VEHTYPE" speed="4.86" pos="182.66" lane="2/2to1/2_0" slope="0.00"/>
        <vehicle id="5" x="201.65" y="498.31" angle="180.00" type="DEFAULT_VEHTYPE" speed="12.95" pos="93.56" lane="1/2to1/3_0" slope="0.00"/>
        <vehicle id="7" x="398.35" y="543.45" angle="0.00" type="DEFAULT_VEHTYPE" speed="13.32" pos="51.80" lane="2/3to2/2_0" slope="0.00"/>
        <vehicle id="8" x="329.49" y="598.35" angle="90.00" type="DEFAULT_VEHTYPE" speed="13.41" pos="124.74" lane="1/3to2/3_0" slope="0.00"/>
    </timestep>
    <timestep time="193.00">
        <vehicle id="0" x="396.26" y="598.49" angle="91.65" type="DEFAULT_VEHTYPE" speed="5.44" pos="1.02" lane=":2/3_14_0" slope="0.00"/>
        <vehicle id="1" x="198.35" y="367.65" angle="0.00" type="DEFAULT_VEHTYPE" speed="12.57" pos="27.60" lane="1/2to1/1_0" slope="0.00"/>
        <vehicle id="17" x="398.35" y="675.99" angle="0.00" type="DEFAULT_VEHTYPE" speed="13.78" pos="124.01" lane="2/4to2/3_0" slope="0.00"/>
        <vehicle id="18" x="401.65" y="621.94" angle="180.00" type="DEFAULT_VEHTYPE" speed="9.27" pos="17.19" lane="2/3to2/4_0" slope="0.00"/>
        <vehicle id="21" x="376.23" y="598.35" angle="90.00" type="DEFAULT_VEHTYPE" speed="6.60" pos="171.48" lane="1/3to2/3_0" slope="0.00"/>
        <vehicle id="22" x="398.35" y="134.76" angle="0.00" type="DEFAULT_VEHTYPE" speed="12.66" pos="60.49" lane="2/1to2/0_0" slope="0.00"/>
        <vehicle id="24" x="54.78" y="401.65" angle="-90.00" type="DEFAULT_VEHTYPE" speed="12.94" pos="140.47" lane="1/2to0/2_0" slope="0.00"/>
        <vehicle id="26" x="77.22" y="398.35" angle="90.00" type="DEFAULT_VEHTYPE" speed="12.88" pos="77.22" lane="0/2to1/2_0" slope="0.00"/>
        <vehicle id="28" x="398.35" y="646.34" angle="0.00" type="DEFAULT_VEHTYPE" speed="12.77" pos="153.66" lane="2/4to2/3_0" slope="0.00"/>
        <vehicle id="32" x="382.21" y="401.65" angle="-90.00" type="DEFAULT_VEHTYPE" speed="12.91" pos="13.04" lane="2/2to1/2_0" slope="0.00"/>
        <vehicle id="35" x="232.32" y="598.35" angle="90.00" type="DEFAULT_VEHTYPE" speed="13.06" pos="27.57" lane="1/3to2/3_0" slope="0.00"/>
        <vehicle id="37" x="398.35" y="379.02" angle="0.00" type="DEFAULT_VEHTYPE" speed="10.62" pos="16.23" lane="2/2to2/1_0" slope="0.00"/>
        <vehicle id="38" x="5.60" y="201.65" angle="-90.00" type="DEFAULT_VEHTYPE" speed="13.10" pos="189.65" lane="1/1to0/1_0" slope="0.00"/>
        <vehicle id="41" x="398.35" y="487.06" angle="0.00" type="DEFAULT_VEHTYPE" speed="13.59" pos="108.19" lane="2/3to2/2_0" slope="0.00"/>
        <vehicle id="44" x="143.97" y="401.65" angle="-90.00" type="DEFAULT_VEHTYPE" speed="13.06" pos="51.28" lane="1/2to0/2_0" slope="0.00"/>
        <vehicle id="48" x="209.83" y="401.65" angle="-90.00" type="DEFAULT_VEHTYPE" speed="2.75" pos="185.42" lane="2/2to1/2_0" slope="0.00"/>
        <vehicle id="5" x="201.65" y="511.30" angle="180.00" type="DEFAULT_VEHTYPE" speed="12.99" pos="106.55" lane="1/2to1/3_0" slope="0.00"/>
        <vehicle id="7" x="398.35" y="530.75" angle="0.00" type="DEFAULT_VEHTYPE" speed="12.70" pos="64.50" lane="2/3to2/2_0" slope="0.00"/>
        <vehicle id="8" x="343.10" y="598.35" angle="90.00" type="DEFAULT_VEHTYPE" speed="13.61" pos="138.35" lane="1/3to2/3_0" slope="0.00"/>
    </timestep>
    <timestep time="194.00">
        <vehicle id="0" x="401.31" y="602.36" angle="138.23" type="DEFAULT_VEHTYPE" speed="6.89" pos="7.91" lane=":2/3_14_0" slope="0.00"/>
        <vehicle id="1" x="198.35" y="353.76" angle="0.00" type="DEFAULT_VEHTYPE" speed="13.90" pos="41.49" lane="1/2to1/1_0" slope="0.00"/>
        <vehicle id="17" x="398.35" y="662.81" angle="0.00" type="DEFAULT_VEHTYPE" speed="13.17" pos="137.19" lane="2/4to2/3_0" slope="0.00"/>
        <vehicle id="18" x="401.65" y="632.70" angle="180.00" type="DEFAULT_VEHTYPE" speed="10.76" pos="27.95" lane="2/3to2/4_0" slope="0.00"/>
        <vehicle id="21" x="383.98" y="598.35" angle="90.00" type="DEFAULT_VEHTYPE" speed="7.75" pos="179.23" lane="1/3to2/3_0" slope="0.00"/>
        <vehicle id="22" x="398.35" y="121.17" angle="0.00" type="DEFAULT_VEHTYPE" speed="13.59" pos="74.08" lane="2/1to2/0_0" slope="0.00"/>
        <vehicle id="24" x="41.04" y="401.65" angle="-90.00" type="DEFAULT_VEHTYPE" speed="13.74" pos="154.21" lane="1/2to0/2_0" slope="0.00"/>
        <vehicle id="26" x="90.14" y="398.35" angle="90.00" type="DEFAULT_VEHTYPE" speed="12.91" pos="90.14" lane="0/2to1/2_0" slope="0.00"/>
        <vehicle id="28" x="398.35" y="633.50" angle="0.00" type="DEFAULT_VEHTYPE" speed="12.84" pos="166.50" lane="2/4to2/3_0" slope="0.00"/>
        <vehicle id="32" x="368.57" y="401.65" angle="-90.00" type="DEFAULT_VEHTYPE" speed="13.64" pos="26.68" lane="2/2to1/2_0" slope="0.00"/>
        <vehicle id="35" x="245.95" y="598.35" angle="90.00" type="DEFAULT_VEHTYPE" speed="13.63" pos="41.20" lane="1/3to2/3_0" slope="0.00"/>
        <vehicle id="37" x="398.35" y="366.00" angle="0.00" type="DEFAULT_VEHTYPE" speed="13.02" pos="29.25" lane="2/2to2/1_0" slope="0.00"/>
        <vehicle id="38" x="3.12" y="198.35" angle="75.49" type="DEFAULT_VEHTYPE" speed="13.55" pos="3.12" lane="0/1to1/1_0" slope="0.00"/>
        <vehicle id="41" x="398.35" y="473.50" angle="0.00" type="DEFAULT_VEHTYPE" speed="13.56" pos="121.75" lane="2/3to2/2_0" slope="0.00"/>
        <vehicle id="44" x="131.17" y="401.65" angle="-90.00" type="DEFAULT_VEHTYPE" speed="12.80" pos="64.08" lane="1/2to0/2_0" slope="0.00"/>
        <vehicle id="48" x="204.50" y="401.65" angle="-90.00" type="DEFAULT_VEHTYPE" speed="5.33" pos="0.25" lane=":1/2_5_0" slope="0.00"/>
        <vehicle id="5" x="201.65" y="525.01" angle="180.00" type="DEFAULT_VEHTYPE" speed="13.71" pos="120.26" lane="1/2to1/3_0" slope="0.00"/>
        <vehicle id="7" x="398.35" y="518.02" angle="0.00" type="DEFAULT_VEHTYPE" speed="12.72" pos="77.23" lane="2/3to2/2_0" slope="0.00"/>
        <vehicle id="8" x="356.29" y="598.35" angle="90.00" type="DEFAULT_VEHTYPE" speed="13.19" pos="151.54" lane="1/3to2/3_0" slope="0.00"/>
    </timestep>
    <timestep time="195.00">
        <vehicle id="0" x="401.65" y="610.82" angle="180.00" type="DEFAULT_VEHTYPE" speed="8.48" pos="6.07" lane="2/3to2/4_0" slope="0.00"/>
        <vehicle id="1" x="198.35" y="340.30" angle="0.00" type="DEFAULT_VEHTYPE" speed="13.46" pos="54.95" lane="1/2to1/1_0" slope="0.00"/>
        <vehicle id="17" x="398.35" y="649.49" angle="0.00" type="DEFAULT_VEHTYPE" speed="13.32" pos="150.51" lane="2/4to2/3_0" slope="0.00"/>
        <vehicle id="18" x="401.65" y="645.06" angle="180.00" type="DEFAULT_VEHTYPE" speed="12.36" pos="40.31" lane="2/3to2/4_0" slope="0.00"/>
        <vehicle id="21" x="389.03" y="598.35" angle="90.00" type="DEFAULT_VEHTYPE" speed="5.05" pos="184.28" lane="1/3to2/3_0" slope="0.00"/>
        <vehicle id="22" x="398.35" y="107.28" angle="0.00" type="DEFAULT_VEHTYPE" speed="13.90" pos="87.97" lane="2/1to2/0_0" slope="0.00"/>
        <vehicle id="24" x="27.95" y="401.65" angle="-90.00" type="DEFAULT_VEHTYPE" speed="13.09" pos="167.30" lane="1/2to0/2_0" slope="0.00"/>
        <vehicle id="26" x="103.00" y="398.35" angle="90.00" type="DEFAULT_VEHTYPE" speed="12.86" pos="103.00" lane="0/2to1/2_0" slope="0.00"/>
        <vehicle id="28" x="398.35" y="620.23" angle="0.00" type="DEFAULT_VEHTYPE" speed="13.27" pos="179.77" lane="2/4to2/3_0" slope="0.00"/>
        <vehicle id="32" x="355.36" y="401.65" angle="-90.00" type="DEFAULT_VEHTYPE" speed="13.21" pos="39.89" lane="2/2to1/2_0" slope="0.00"/>
        <vehicle id="35" x="258.71" y="598.35" angle="90.00" type="DEFAULT_VEHTYPE" speed="12.75" pos="53.96" lane="1/3to2/3_0" slope="0.00"/>
        <vehicle id="37" x="398.35" y="352.51" angle="0.00" type="DEFAULT_VEHTYPE" speed="13.49" pos="42.74" lane="2/2to2/1_0" slope="0.00"/>
        <vehicle id="38" x="16.37" y="198.35" angle="90.00" type="DEFAULT_VEHTYPE" speed="13.24" pos="16.37" lane="0/1to1/1_0" slope="0.00"/>
        <vehicle id="41" x="398.35" y="460.62" angle="0.00" type="DEFAULT_VEHTYPE" speed="12.88" pos="134.63" lane="2/3to2/2_0" slope="0.00"/>
        <vehicle id="44" x="117.70" y="401.65" angle="-90.00" type="DEFAULT_VEHTYPE" speed="13.47" pos="77.55" lane="1/2to0/2_0" slope="0.00"/>
        <vehicle id="48" x="196.85" y="401.65" angle="-90.00" type="DEFAULT_VEHTYPE" speed="7.65" pos="7.90" lane=":1/2_5_0" slope="0.00"/>
        <vehicle id="5" x="201.65" y="537.82" angle="180.00" type="DEFAULT_VEHTYPE" speed="12.81" pos="133.07" lane="1/2to1/3_0" slope="0.00"/>
        <vehicle id="7" x="398.35" y="504.85" angle="0.00" type="DEFAULT_VEHTYPE" speed="13.18" pos="90.40" lane="2/3to2/2_0" slope="0.00"/>
        <vehicle id="8" x="367.91" y="598.35" angle="90.00" type="DEFAULT_VEHTYPE" speed="11.62" pos="163.16" lane="1/3to2/3_0" slope="0.00"/>
    </timestep>
    <timestep time="196.00">
        <vehicle id="0" x="401.65" y="620.96" angle="180.00" type="DEFAULT_VEHTYPE" speed="10.15" pos="16.21" lane="2/3to2/4_0" slope="0.00"/>
        <vehicle id="1" x="198.35" y="326.86" angle="0.00" type="DEFAULT_VEHTYPE" speed="13.44" pos="68.39" lane="1/2to1/1_0" slope="0.00"/>
        <vehicle id="17" x="398.35" y="636.19" angle="0.00" type="DEFAULT_VEHTYPE" speed="13.30" pos="163.81" lane="2/4to2/3_0" slope="0.00"/>
        <vehicle id="18" x="401.65" y="658.93" angle="180.00" type="DEFAULT_VEHTYPE" speed="13.87" pos="54.18" lane="2/3to2/4_0" slope="0.00"/>
        <vehicle id="21" x="391.47" y="598.35" angle="90.00" type="DEFAULT_VEHTYPE" speed="2.44" pos="186.72" lane="1/3to2/3_0" slope="0.00"/>
        <vehicle id="22" x="398.35" y="93.76" angle="0.00" type="DEFAULT_VEHTYPE" speed="13.52" pos="101.49" lane="2/1to2/0_0" slope="0.00"/>
        <vehicle id="24" x="14.54" y="401.65" angle="-90.00" type="DEFAULT_VEHTYPE" speed="13.41" pos="180.71" lane="1/2to0/2_0" slope="0.00"/>
        <vehicle id="26" x="116.71" y="398.35" angle="90.00" type="DEFAULT_VEHTYPE" speed="13.71" pos="116.71" lane="0/2to1/2_0" slope="0.00"/>
        <vehicle id="28" x="398.35" y="606.64" angle="0.00" type="DEFAULT_VEHTYPE" speed="13.59" pos="193.36" lane="2/4to2/3_0" slope="0.00"/>
        <vehicle id="32" x="342.17" y="401.65" angle="-90.00" type="DEFAULT_VEHTYPE" speed="13.19" pos="53.08" lane="2/2to1/2_0" slope="0.00"/>
        <vehicle id="35" x="271.79" y="598.35" angle="90.00" type="DEFAULT_VEHTYPE" speed="13.08" pos="67.04" lane="1/3to2/3_0" slope="0.00"/>
        <vehicle id="37" x="398.35" y="339.76" angle="0.00" type="DEFAULT_VEHTYPE" speed="12.75" pos="55.49" lane="2/2to2/1_0" slope="0.00"/>
        <vehicle id="38" x="29.22" y="198.35" angle="90.00" type="DEFAULT_VEHTYPE" speed="12.85" pos="29.22" lane="0/1to1/1_0" slope="0.00"/>
        <vehicle id="41" x="398.35" y="447.18" angle="0.00" type="DEFAULT_VEHTYPE" speed="13.45" pos="148.07" lane="2/3to2/2_0" slope="0.00"/>
        <vehicle id="44" x="104.00" y="401.65" angle="-90.00" type="DEFAULT_VEHTYPE" speed="13.70" pos="91.25" lane="1/2to0/2_0" slope="0.00"/>
        <vehicle id="48" x="186.89" y="401.65" angle="-90.00" type="DEFAULT_VEHTYPE" speed="9.96" pos="8.36" lane="1/2to0/2_0" slope="0.00"/>
        <vehicle id="5" x="201.65" y="550.71" angle="180.00" type="DEFAULT_VEHTYPE" speed="12.90" pos="145.96" lane="1/2to1/3_0" slope="0.00"/>
        <vehicle id="7" x="398.35" y="491.06" angle="0.00" type="DEFAULT_VEHTYPE" speed="13.78" pos="104.19" lane="2/3to2/2_0" slope="0.00"/>
        <vehicle id="8" x="376.49" y="598.35" angle="90.00" type="DEFAULT_VEHTYPE" speed="8.58" pos="171.74" lane="1/3to2/3_0" slope="0.00"/>
    </timestep>
    <timestep time="197.00">
        <vehicle id="0" x="401.65" y="633.32" angle="180.00" type="DEFAULT_VEHTYPE" speed="12.36" pos="28.57" lane="2/3to2/4_0" slope="0.00"/>
        <vehicle id="1" x="198.35" y="313.55" angle="0.00" type="DEFAULT_VEHTYPE" speed="13.31" pos="81.70" lane="1/2to1/1_0" slope="0.00"/>
        <vehicle id="17" x="398.35" y="623.06" angle="0.00" type="DEFAULT_VEHTYPE" speed="13.13" pos="176.94" lane="2/4to2/3_0" slope="0.00"/>
        <vehicle id="18" x="401.65" y="671.98" angle="180.00" type="DEFAULT_VEHTYPE" speed="13.05" pos="67.23" lane="2/3to2/4_0" slope="0.00"/>
        <vehicle id="21" x="392.09" y="598.35" angle="90.00" type="DEFAULT_VEHTYPE" speed="0.62" pos="187.34" lane="1/3to2/3_0" slope="0.00"/>
        <vehicle id="22" x="398.35" y="80.42" angle="0.00" type="DEFAULT_VEHTYPE" speed="13.34" pos="114.83" lane="2/1to2/0_0" slope="0.00"/>
        <vehicle id="24" x="0.75" y="401.65" angle="-90.00" type="DEFAULT_VEHTYPE" speed="13.79" pos="194.50" lane="1/2to0/2_0" slope="0.00"/>
        <vehicle id="26" x="129.43" y="398.35" angle="90.00" type="DEFAULT_VEHTYPE" speed="12.72" pos="129.43" lane="0/2to1/2_0" slope="0.00"/>
        <vehicle id="28" x="398.35" y="593.65" angle="0.00" type="DEFAULT_VEHTYPE" speed="12.99" pos="1.60" lane="2/3to2/2_0" slope="0.00"/>
        <vehicle id="32" x="328.58" y="401.65" angle="-90.00" type="DEFAULT_VEHTYPE" speed="13.60" pos="66.67" lane="2/2to1/2_0" slope="0.00"/>
        <vehicle id="35" x="285.67" y="598.35" angle="90.00" type="DEFAULT_VEHTYPE" speed="13.88" pos="80.92" lane="1/3to2/3_0" slope="0.00"/>
        <vehicle id="37" x="398.35" y="326.58" angle="0.00" type="DEFAULT_VEHTYPE" speed="13.18" pos="68.67" lane="2/2to2/1_0" slope="0.00"/>
        <vehicle id="38" x="42.45" y="198.35" angle="90.00" type="DEFAULT_VEHTYPE" speed="13.24" pos="42.45" lane="0/1to1/1_0" slope="0.00"/>
        <vehicle id="41" x="398.35" y="433.57" angle="0.00" type="DEFAULT_VEHTYPE" speed="13.61" pos="161.68" lane="2/3to2/2_0" slope="0.00"/>
        <vehicle id="44" x="90.11" y="401.65" angle="-90.00" type="DEFAULT_VEHTYPE" speed="13.90" pos="105.14" lane="1/2to0/2_0" slope="0.00"/>
        <vehicle id="48" x="175.62" y="401.65" angle="-90.00" type="DEFAULT_VEHTYPE" speed="11.27" pos="19.63" lane="1/2to0/2_0" slope="0.00"/>
        <vehicle id="5" x="201.65" y="564.34" angle="180.00" type="DEFAULT_VEHTYPE" speed="13.63" pos="159.59" lane="1/2to1/3_0" slope="0.00"/>
        <vehicle id="7" x="398.35" y="478.37" angle="0.00" type="DEFAULT_VEHTYPE" speed="12.70" pos="116.88" lane="2/3to2/2_0" slope="0.00"/>
        <vehicle id="8" x="380.57" y="598.35" angle="90.00" type="DEFAULT_VEHTYPE" speed="4.08" pos="175.82" lane="1/3to2/3_0" slope="0.00"/>
    </timestep>
    <timestep time="198.00">
        <vehicle id="0" x="401.65" y="646.78" angle="180.00" type="DEFAULT_VEHTYPE" speed="13.46" pos="42.03" lane="2/3to2/4_0" slope="0.00"/>
        <vehicle id="1" x="198.35" y="300.94" angle="0.00" type="DEFAULT_VEHTYPE" speed="12.61" pos="94.31" lane="1/2to1/1_0" slope="0.00"/>
        <vehicle id="17" x="398.35" y="610.23" angle="0.00" type="DEFAULT_VEHTYPE" speed="12.83" pos="189.77" lane="2/4to2/3_0" slope="0.00"/>
        <vehicle id="18" x="401.65" y="685.42" angle="180.00" type="DEFAULT_VEHTYPE" speed="13.44" pos="80.67" lane="2/3to2/4_0" slope="0.00"/>
        <vehicle id="21" x="392.59" y="598.35" angle="90.00" type="DEFAULT_VEHTYPE" speed="0.50" pos="187.84" lane="1/3to2/3_0" slope="0.00"/>
        <vehicle id="22" x="398.35" y="66.84" angle="0.00" type="DEFAULT_VEHTYPE" speed="13.58" pos="128.41" lane="2/1to2/0_0" slope="0.00"/>
        <vehicle id="24" x="8.08" y="398.35" angle="90.00" type="DEFAULT_VEHTYPE" speed="13.65" pos="8.08" lane="0/2to1/2_0" slope="0.00"/>
        <vehicle id="26" x="143.26" y="398.35" angle="90.00" type="DEFAULT_VEHTYPE" speed="13.83" pos="143.26" lane="0/2to1/2_0" slope="0.00"/>
        <vehicle id="28" x="398.35" y="580.49" angle="0.00" type="DEFAULT_VEHTYPE" speed="13.17" pos="14.76" lane="2/3to2/2_0" slope="0.00"/>
        <vehicle id="32" x="315.61" y="401.65" angle="-90.00" type="DEFAULT_VEHTYPE" speed="12.96" pos="79.64" lane="2/2to1/2_0" slope="0.00"/>
        <vehicle id="35" x="298.69" y="598.35" angle="90.00" type="DEFAULT_VEHTYPE" speed="13.02" pos="93.94" lane="1/3to2/3_0" slope="0.00"/>
        <vehicle id="37" x="398.35" y="313.85" angle="0.00" type="DEFAULT_VEHTYPE" speed="12.73" pos="81.40" lane="2/2to2/1_0" slope="0.00"/>
        <vehicle id="38" x="55.95" y="198.35" angle="90.00" type="DEFAULT_VEHTYPE" speed="13.49" pos="55.95" lane="0/1to1/1_0" slope="0.00"/>
        <vehicle id="41" x="398.35" y="420.21" angle="0.00" type="DEFAULT_VEHTYPE" speed="13.36" pos="175.04" lane="2/3to2/2_0" slope="0.00"/>
        <vehicle id="44" x="77.46" y="401.65" angle="-90.00" type="DEFAULT_VEHTYPE" speed="12.65" pos="117.79" lane="1/2to0/2_0" slope="0.00"/>
        <vehicle id="48" x="162.16" y="401.65" angle="-90.00" type="DEFAULT_VEHTYPE" speed="13.47" pos="33.09" lane="1/2to0/2_0" slope="0.00"/>
        <vehicle id="5" x="201.65" y="578.10" angle="180.00" type="DEFAULT_VEHTYPE" speed="13.76" pos="173.35" lane="1/2to1/3_0" slope="0.00"/>
        <vehicle id="7" x="398.35" y="465.40" angle="0.00" type="DEFAULT_VEHTYPE" speed="12.97" pos="129.85" lane="2/3to2/2_0" slope="0.00"/>
        <vehicle id="8" x="383.22" y="598.35" angle="90.00" type="DEFAULT_VEHTYPE" speed="2.64" pos="178.47" lane="1/3to2/3_0" slope="0.00"/>
    </timestep>
    <timestep time="199.00">
        <vehicle id="0" x="401.65" y="659.60" angle="180.00" type="DEFAULT_VEHTYPE" speed="12.82" pos="54.85" lane="2/3to2/4_0" slope="0.00"/>
        <vehicle id="1" x="198.35" y="288.03" angle="0.00" type="DEFAULT_VEHTYPE" speed="12.91" pos="107.22" lane="1/2to1/1_0" slope="0.00"/>
        <vehicle id="17" x="398.35" y="596.69" angle="0.00" type="DEFAULT_VEHTYPE" speed="13.54" pos="8.06" lane=":2/3_1_0" slope="0.00"/>
        <vehicle id="18" x="401.65" y="699.12" angle="180.00" type="DEFAULT_VEHTYPE" speed="13.70" pos="94.37" lane="2/3to2/4_0" slope="0.00"/>
        <vehicle id="21" x="392.72" y="598.35" angle="90.00" type="DEFAULT_VEHTYPE" speed="0.13" pos="187.97" lane="1/3to2/3_0" slope="0.00"/>
        <vehicle id="22" x="398.35" y="53.88" angle="0.00" type="DEFAULT_VEHTYPE" speed="12.97" pos="141.37" lane="2/1to2/0_0" slope="0.00"/>
        <vehicle id="24" x="21.12" y="398.35" angle="90.00" type="DEFAULT_VEHTYPE" speed="13.04" pos="21.12" lane="0/2to1/2_0" slope="0.00"/>
        <vehicle id="26" x="155.96" y="398.35" angle="90.00" type="DEFAULT_VEHTYPE" speed="12.70" pos="155.96" lane="0/2to1/2_0" slope="0.00"/>
        <vehicle id="28" x="398.35" y="567.51" angle="0.00" type="DEFAULT_VEHTYPE" speed="12.98" pos="27.74" lane="2/3to2/2_0" slope="0.00"/>
        <vehicle id="32" x="302.52" y="401.65" angle="-90.00" type="DEFAULT_VEHTYPE" speed="13.10" pos="92.73" lane="2/2to1/2_0" slope="0.00"/>
        <vehicle id="35" x="311.31" y="598.35" angle="90.00" type="DEFAULT_VEHTYPE" speed="12.62" pos="106.56" lane="1/3to2/3_0" slope="0.00"/>
        <vehicle id="37" x="398.35" y="301.04" angle="0.00" type="DEFAULT_VEHTYPE" speed="12.82" pos="94.21" lane="2/2to2/1_0" slope="0.00"/>
        <vehicle id="38" x="68.83" y="198.35" angle="90.00" type="DEFAULT_VEHTYPE" speed="12.89" pos="68.83" lane="0/1to1/1_0" slope="0.00"/>
        <vehicle id="41" x="398.35" y="407.42" angle="0.00" type="DEFAULT_VEHTYPE" speed="12.79" pos="187.83" lane="2/3to2/2_0" slope="0.00"/>
        <vehicle id="44" x="64.83" y="401.65" angle="-90.00" type="DEFAULT_VEHTYPE" speed="12.63" pos="130.42" lane="1/2to0/2_0" slope="0.00"/>
        <vehicle id="48" x="148.41" y="401.65" angle="-90.00" type="DEFAULT_VEHTYPE" speed="13.75" pos="46.84" lane="1/2to0/2_0" slope="0.00"/>
        <vehicle id="5" x="201.65" y="591.53" angle="180.00" type="DEFAULT_VEHTYPE" speed="13.43" pos="186.78" lane="1/2to1/3_0" slope="0.00"/>
        <vehicle id="7" x="398.35" y="452.28" angle="0.00" type="DEFAULT_VEHTYPE" speed="13.12" pos="142.97" lane="2/3to2/2_0" slope="0.00"/>
        <vehicle id="8" x="384.04" y="598.35" angle="90.00" type="DEFAULT_VEHTYPE" speed="0.82" pos="179.29" lane="1/3to2/3_0" slope="0.00"/>
    </timestep>
    <timestep time="200.00">
        <vehicle id="0" x="401.65" y="673.20" angle="180.00" type="DEFAULT_VEHTYPE" speed="13.60" pos="68.45" lane="2/3to2/4_0" slope="0.00"/>
        <vehicle id="1" x="198.35" y="275.14" angle="0.00" type="DEFAULT_VEHTYPE" speed="12.89" pos="120.11" lane="1/2to1/1_0" slope="0.00"/>
        <vehicle id="17" x="398.35" y="583.10" angle="0.00" type="DEFAULT_VEHTYPE" speed="13.60" pos="12.15" lane="2/3to2/2_0" slope="0.00"/>
        <vehicle id="18" x="401.65" y="713.01" angle="180.00" type="DEFAULT_VEHTYPE" speed="13.89" pos="108.26" lane="2/3to2/4_0" slope="0.00"/>
        <vehicle id="21" x="395.01" y="598.35" angle="90.00" type="DEFAULT_VEHTYPE" speed="2.28" pos="190.26" lane="1/3to2/3_0" slope="0.00"/>
        <vehicle id="22" x="398.35" y="40.35" angle="0.00" type="DEFAULT_VEHTYPE" speed="13.53" pos="154.90" lane="2/1to2/0_0" slope="0.00"/>
        <vehicle id="24" x="33.97" y="398.35" angle="90.00" type="DEFAULT_VEHTYPE" speed="12.85" pos="33.97" lane="0/2to1/2_0" slope="0.00"/>
        <vehicle id="26" x="169.20" y="398.35" angle="90.00" type="DEFAULT_VEHTYPE" speed="13.24" pos="169.20" lane="0/2to1/2_0" slope="0.00"/>
        <vehicle id="28" x="398.35" y="554.33" angle="0.00" type="DEFAULT_VEHTYPE" speed="13.18" pos="40.92" lane="2/3to2/2_0" slope="0.00"/>
        <vehicle id="32" x="289.70" y="401.65" angle="-90.00" type="DEFAULT_VEHTYPE" speed="12.82" pos="105.55" lane="2/2to1/2_0" slope="0.00"/>
        <vehicle id="35" x="323.96" y="598.35" angle="90.00" type="DEFAULT_VEHTYPE" speed="12.66" pos="119.21" lane="1/3to2/3_0" slope="0.00"/>
        <vehicle id="37" x="398.35" y="287.84" angle="0.00" type="DEFAULT_VEHTYPE" speed="13.20" pos="107.41" lane="2/2to2/1_0" slope="0.00"/>
        <vehicle id="38" x="81.93" y="198.35" angle="90.00" type="DEFAULT_VEHTYPE" speed="13.09" pos="81.93" lane="0/1to1/1_0" slope="0.00"/>
        <vehicle id="41" x="398.35" y="393.60" angle="0.00" type="DEFAULT_VEHTYPE" speed="13.82" pos="1.65" lane="2/2to2/1_0" slope="0.00"/>
        <vehicle id="44" x="51.89" y="401.65" angle="-90.00" type="DEFAULT_VEHTYPE" speed="12.94" pos="143.36" lane="1/2to0/2_0" slope="0.00"/>
        <vehicle id="48" x="135.54" y="401.65" angle="-90.00" type="DEFAULT_VEHTYPE" speed="12.87" pos="59.71" lane="1/2to0/2_0" slope="0.00"/>
        <vehicle id="5" x="208.91" y="598.35" angle="91.34" type="DEFAULT_VEHTYPE" speed="12.88" pos="4.16" lane="1/3to2/3_0" slope="0.00"/>
        <vehicle id="7" x="398.35" y="438.69" angle="0.00" type="DEFAULT_VEHTYPE" speed="13.59" pos="156.56" lane="2/3to2/2_0" slope="0.00"/>
        <vehicle id="8" x="384.99" y="598.35" angle="90.00" type="DEFAULT_VEHTYPE" speed="0.95" pos="180.24" lane="1/3to2/3_0" slope="0.00"/>
    </timestep>
    <timestep time="201.00">
        <vehicle id="0" x="401.65" y="686.93" angle="180.00" type="DEFAULT_VEHTYPE" speed="13.73" pos="82.18" lane="2/3to2/4_0" slope="0.00"/>
        <vehicle id="1" x="198.35" y="262.18" angle="0.00" type="DEFAULT_VEHTYPE" speed="12.96" pos="133.07" lane="1/2to1/1_0" slope="0.00"/>
        <vehicle id="17" x="398.35" y="570.11" angle="0.00" type="DEFAULT_VEHTYPE" speed="12.99" pos="25.14" lane="2/3to2/2_0" slope="0.00"/>
        <vehicle id="18" x="401.65" y="725.76" angle="180.00" type="DEFAULT_VEHTYPE" speed="12.75" pos="121.01" lane="2/3to2/4_0" slope="0.00"/>
        <vehicle id="21" x="399.41" y="599.57" angle="104.37" type="DEFAULT_VEHTYPE" speed="4.66" pos="4.41" lane=":2/3_14_0" slope="0.00"/>
        <vehicle id="22" x="398.35" y="27.38" angle="0.00" type="DEFAULT_VEHTYPE" speed="12.96" pos="167.87" lane="2/1to2/0_0" slope="0.00"/>
        <vehicle id="24" x="46.78" y="398.35" angle="90.00" type="DEFAULT_VEHTYPE" speed="12.81" pos="46.78" lane="0/2to1/2_0" slope="0.00"/>
        <vehicle id="26" x="179.45" y="398.35" angle="90.00" type="DEFAULT_VEHTYPE" speed="10.25" pos="179.45" lane="0/2to1/2_0" slope="0.00"/>
        <vehicle id="28" x="398.35" y="540.73" angle="0.00" type="DEFAULT_VEHTYPE" speed="13.60" pos="54.52" lane="2/3to2/2_0" slope="0.00"/>
        <vehicle id="32" x="276.55" y="401.65" angle="-90.00" type="DEFAULT_VEHTYPE" speed="13.15" pos="118.70" lane="2/2to1/2_0" slope="0.00"/>
        <vehicle id="35" x="337.68" y="598.35" angle="90.00" type="DEFAULT_VEHTYPE" speed="13.72" pos="132.93" lane="1/3to2/3_0" slope="0.00"/>
        <vehicle id="37" x="398.35" y="274.81" angle="0.00" type="DEFAULT_VEHTYPE" speed="13.03" pos="120.44" lane="2/2to2/1_0" slope="0.00"/>
        <vehicle id="38" x="95.60" y="198.35" angle="90.00" type="DEFAULT_VEHTYPE" speed="13.68" pos="95.60" lane="0/1to1/1_0" slope="0.00"/>
        <vehicle id="41" x="398.35" y="380.01" angle="0.00" type="DEFAULT_VEHTYPE" speed="13.59" pos="15.24" lane="2/2to2/1_0" slope="0.00"/>
        <vehicle id="44" x="38.65" y="401.65" angle="-90.00" type="DEFAULT_VEHTYPE" speed="13.24" pos="156.60" lane="1/2to0/2_0" slope="0.00"/>
        <vehicle id="48" x="122.15" y="401.65" angle="-90.00" type="DEFAULT_VEHTYPE" speed="13.39" pos="73.10" lane="1/2to0/2_0" slope="0.00"/>
        <vehicle id="5" x="222.38" y="598.35" angle="90.00" type="DEFAULT_VEHTYPE" speed="13.48" pos="17.63" lane="1/3to2/3_0" slope="0.00"/>
        <vehicle id="7" x="398.35" y="425.65" angle="0.00" type="DEFAULT_VEHTYPE" speed="13.04" pos="169.60" lane="2/3to2/2_0" slope="0.00"/>
        <vehicle id="8" x="386.38" y="598.35" angle="90.00" type="DEFAULT_VEHTYPE" speed="1.39" pos="181.63" lane="1/3to2/3_0" slope="0.00"/>
    </timestep>
    <timestep time="202.00">
        <vehicle id="0" x="401.65" y="699.62" angle="180.00" type="DEFAULT_VEHTYPE" speed="12.69" pos="94.87" lane="2/3to2/4_0" slope="0.00"/>
        <vehicle id="1" x="198.35" y="249.13" angle="0.00" type="DEFAULT_VEHTYPE" speed="13.05" pos="146.12" lane="1/2to1/1_0" slope="0.00"/>
        <vehicle id="17" x="398.35" y="556.44" angle="0.00" type="DEFAULT_VEHTYPE" speed="13.67" pos="38.81" lane="2/3to2/2_0" slope="0.00"/>
        <vehicle id="18" x="401.65" y="739.38" angle="180.00" type="DEFAULT_VEHTYPE" speed="13.63" pos="134.63" lane="2/3to2/4_0" slope="0.00"/>
        <vehicle id="21" x="401.65" y="606.00" angle="169.76" type="DEFAULT_VEHTYPE" speed="7.16" pos="1.25" lane="2/3to2/4_0" slope="0.00"/>
        <vehicle id="22" x="398.35" y="14.52" angle="0.00" type="DEFAULT_VEHTYPE" speed="12.87" pos="180.73" lane="2/1to2/0_0" slope="0.00"/>
        <vehicle id="24" x="60.14" y="398.35" angle="90.00" type="DEFAULT_VEHTYPE" speed="13.36" pos="60.14" lane="0/2to1/2_0" slope="0.00"/>
        <vehicle id="26" x="185.96" y="398.35" angle="90.00" type="DEFAULT_VEHTYPE" speed="6.51" pos="185.96" lane="0/2to1/2_0" slope="0.00"/>
        <vehicle id="28" x="398.35" y="527.38" angle="0.00" type="DEFAULT_VEHTYPE" speed="13.35" pos="67.87" lane="2/3to2/2_0" slope="0.00"/>
        <vehicle id="32" x="263.56" y="401.65" angle="-90.00" type="DEFAULT_VEHTYPE" speed="12.99" pos="131.69" lane="2/2to1/2_0" slope="0.00"/>
        <vehicle id="35" x="351.18" y="598.35" angle="90.00" type="DEFAULT_VEHTYPE" speed="13.50" pos="146.43" lane="1/3to2/3_0" slope="0.00"/>
        <vehicle id="37" x="398.35" y="260.96" angle="0.00" type="DEFAULT_VEHTYPE" speed="13.85" pos="134.29" lane="2/2to2/1_0" slope="0.00"/>
        <vehicle id="38" x="109.10" y="198.35" angle="90.00" type="DEFAULT_VEHTYPE" speed="13.50" pos="109.10" lane="0/1to1/1_0" slope="0.00"/>
        <vehicle id="41" x="398.35" y="366.95" angle="0.00" type="DEFAULT_VEHTYPE" speed="13.06" pos="28.30" lane="2/2to2/1_0" slope="0.00"/>
        <vehicle id="44" x="24.96" y="401.65" angle="-90.00" type="DEFAULT_VEHTYPE" speed="13.69" pos="170.29" lane="1/2to0/2_0" slope="0.00"/>
        <vehicle id="48" x="109.12" y="401.65" angle="-90.00" type="DEFAULT_VEHTYPE" speed="13.04" pos="86.13" lane="1/2to0/2_0" slope="0.00"/>
        <vehicle id="5" x="235.91" y="598.35" angle="90.00" type="DEFAULT_VEHTYPE" speed="13.53" pos="31.16" lane="1/3to2/3_0" slope="0.00"/>
        <vehicle id="7" x="398.35" y="412.97" angle="0.00" type="DEFAULT_VEHTYPE" speed="12.68" pos="182.28" lane="2/3to2/2_0" slope="0.00"/>
        <vehicle id="8" x="390.04" y="598.35" angle="90.00" type="DEFAULT_VEHTYPE" speed="3.66" pos="185.29" lane="1/3to2/3_0" slope="0.00"/>
    </timestep>
    <timestep time="203.00">
        <vehicle id="0" x="401.65" y="712.30" angle="180.00" type="DEFAULT_VEHTYPE" speed="12.69" pos="107.55" lane="2/3to2/4_0" slope="0.00"/>
        <vehicle id="1" x="198.35" y="236.52" angle="0.00" type="DEFAULT_VEHTYPE" speed="12.61" pos="158.73" lane="1/2to1/1_0" slope="0.00"/>
        <vehicle id="17" x="398.35" y="543.39" angle="0.00" type="DEFAULT_VEHTYPE" speed="13.04" pos="51.86" lane="2/3to2/2_0" slope="0.00"/>
        <vehicle id="18" x="401.65" y="752.11" angle="180.00" type="DEFAULT_VEHTYPE" speed="12.73" pos="147.36" lane="2/3to2/4_0" slope="0.00"/>
        <vehicle id="21" x="401.65" y="614.95" angle="180.00" type="DEFAULT_VEHTYPE" speed="8.95" pos="10.20" lane="2/3to2/4_0" slope="0.00"/>
        <vehicle id="22" x="398.35" y="1.63" angle="0.00" type="DEFAULT_VEHTYPE" speed="12.89" pos="193.62" lane="2/1to2/0_0" slope="0.00"/>
        <vehicle id="24" x="73.82" y="398.35" angle="90.00" type="DEFAULT_VEHTYPE" speed="13.68" pos="73.82" lane="0/2to1/2_0" slope="0.00"/>
        <vehicle id="26" x="190.08" y="398.35" angle="90.00" type="DEFAULT_VEHTYPE" speed="4.12" pos="190.08" lane="0/2to1/2_0" slope="0.00"/>
        <vehicle id="28" x="398.35" y="514.51" angle="0.00" type="DEFAULT_VEHTYPE" speed="12.87" pos="80.74" lane="2/3to2/2_0" slope="0.00"/>
        <vehicle id="32" x="250.20" y="401.65" angle="-90.00" type="DEFAULT_VEHTYPE" speed="13.36" pos="145.05" lane="2/2to1/2_0" slope="0.00"/>
        <vehicle id="35" x="363.76" y="598.35" angle="90.00" type="DEFAULT_VEHTYPE" speed="12.59" pos="159.01" lane="1/3to2/3_0" slope="0.00"/>
        <vehicle id="37" x="398.35" y="247.20" angle="0.00" type="DEFAULT_VEHTYPE" speed="13.76" pos="148.05" lane="2/2to2/1_0" slope="0.00"/>
        <vehicle id="38" x="122.77" y="198.35" angle="90.00" type="DEFAULT_VEHTYPE" speed="13.67" pos="122.77" lane="0/1to1/1_0" slope="0.00"/>
        <vehicle id="41" x="398.35" y="353.25" angle="0.00" type="DEFAULT_VEHTYPE" speed="13.70" pos="42.00" lane="2/2to2/1_0" slope="0.00"/>
        <vehicle id="44" x="11.08" y="401.65" angle="-90.00" type="DEFAULT_VEHTYPE" speed="13.88" pos="184.17" lane="1/2to0/2_0" slope="0.00"/>
        <vehicle id="48" x="96.08" y="401.65" angle="-90.00" type="DEFAULT_VEHTYPE" speed="13.04" pos="99.17" lane="1/2to0/2_0" slope="0.00"/>
        <vehicle id="5" x="249.25" y="598.35" angle="90.00" type="DEFAULT_VEHTYPE" speed="13.34" pos="44.50" lane="1/3to2/3_0" slope="0.00"/>
        <vehicle id="7" x="398.35" y="399.53" angle="0.00" type="DEFAULT_VEHTYPE" speed="13.44" pos="5.22" lane=":2/2_1_0" slope="0.00"/>
        <vehicle id="8" x="395.88" y="598.44" angle="91.03" type="DEFAULT_VEHTYPE" speed="5.85" pos="0.64" lane=":2/3_14_0" slope="0.00"/>
    </timestep>
    <timestep time="204.00">
        <vehicle id="0" x="401.65" y="725.80" angle="180.00" type="DEFAULT_VEHTYPE" speed="13.49" pos="121.05" lane="2/3to2/4_0" slope="0.00"/>
        <vehicle id="1" x="198.35" y="223.09" angle="0.00" type="DEFAULT_VEHTYPE" speed="13.43" pos="172.16" lane="1/2to1/1_0" slope="0.00"/>
        <vehicle id="17" x="398.35" y="530.15" angle="0.00" type="DEFAULT_VEHTYPE" speed="13.24" pos="65.10" lane="2/3to2/2_0" slope="0.00"/>
        <vehicle id="18" x="401.65" y="765.78" angle="180.00" type="DEFAULT_VEHTYPE" speed="13.68" pos="161.03" lane="2/3to2/4_0" slope="0.00"/>
        <vehicle id="21" x="401.65" y="626.16" angle="180.00" type="DEFAULT_VEHTYPE" speed="11.21" pos="21.41" lane="2/3to2/4_0" slope="0.00"/>
        <vehicle id="22" x="401.65" y="7.11" angle="180.00" type="DEFAULT_VEHTYPE" speed="13.56" pos="7.11" lane="2/0to2/1_0" slope="0.00"/>
        <vehicle id="24" x="86.51" y="398.35" angle="90.00" type="DEFAULT_VEHTYPE" speed="12.69" pos="86.51" lane="0/2to1/2_0" slope="0.00"/>
        <vehicle id="26" x="196.49" y="398.53" angle="92.04" type="DEFAULT_VEHTYPE" speed="6.43" pos="1.25" lane=":1/2_14_0" slope="0.00"/>
        <vehicle id="28" x="398.35" y="500.64" angle="0.00" type="DEFAULT_VEHTYPE" speed="13.87" pos="94.61" lane="2/3to2/2_0" slope="0.00"/>
        <vehicle id="32" x="236.79" y="401.65" angle="-90.00" type="DEFAULT_VEHTYPE" speed="13.41" pos="158.46" lane="2/2to1/2_0" slope="0.00"/>
        <vehicle id="35" x="375.14" y="598.35" angle="90.00" type="DEFAULT_VEHTYPE" speed="11.38" pos="170.39" lane="1/3to2/3_0" slope="0.00"/>
        <vehicle id="37" x="398.35" y="234.38" angle="0.00" type="DEFAULT_VEHTYPE" speed="12.82" pos="160.87" lane="2/2to2/1_0" slope="0.00"/>
        <vehicle id="38" x="136.45" y="198.35" angle="90.00" type="DEFAULT_VEHTYPE" speed="13.68" pos="136.45" lane="0/1to1/1_0" slope="0.00"/>
        <vehicle id="41" x="398.35" y="340.44" angle="0.00" type="DEFAULT_VEHTYPE" speed="12.80" pos="54.81" lane="2/2to2/1_0" slope="0.00"/>
        <vehicle id="44" x="-1.53" y="399.76" angle="-63.77" type="DEFAULT_VEHTYPE" speed="13.77" pos="2.69" lane=":0/2_0_0" slope="0.00"/>
        <vehicle id="48" x="82.68" y="401.65" angle="-90.00" type="DEFAULT_VEHTYPE" speed="13.41" pos="112.57" lane="1/2to0/2_0" slope="0.00"/>
        <vehicle id="5" x="262.95" y="598.35" angle="90.00" type="DEFAULT_VEHTYPE" speed="13.69" pos="58.20" lane="1/3to2/3_0" slope="0.00"/>
        <vehicle id="7" x="398.35" y="385.69" angle="0.00" type="DEFAULT_VEHTYPE" speed="13.84" pos="9.56" lane="2/2to2/1_0" slope="0.00"/>
        <vehicle id="8" x="401.38" y="602.89" angle="143.71" type="DEFAULT_VEHTYPE" speed="7.81" pos="8.44" lane=":2/3_14_0" slope="0.00"/>
    </timestep>
    <timestep time="205.00">
        <vehicle id="0" x="401.65" y="738.94" angle="180.00" type="DEFAULT_VEHTYPE" speed="13.14" pos="134.19" lane="2/3to2/4_0" slope="0.00"/>
        <vehicle id="1" x="198.35" y="209.49" angle="0.00" type="DEFAULT_VEHTYPE" speed="13.60" pos="185.76" lane="1/2to1/1_0" slope="0.00"/>
        <vehicle id="17" x="398.35" y="516.93" angle="0.00" type="DEFAULT_VEHTYPE" speed="13.22" pos="78.32" lane="2/3to2/2_0" slope="0.00"/>
        <vehicle id="18" x="401.65" y="779.65" angle="180.00" type="DEFAULT_VEHTYPE" speed="13.87" pos="174.90" lane="2/3to2/4_0" slope="0.00"/>
        <vehicle id="21" x="401.65" y="639.44" angle="180.00" type="DEFAULT_VEHTYPE" speed="13.29" pos="34.69" lane="2/3to2/4_0" slope="0.00"/>
        <vehicle id="22" x="401.65" y="20.04" angle="180.00" type="DEFAULT_VEHTYPE" speed="12.93" pos="20.04" lane="2/0to2/1_0" slope="0.00"/>
        <vehicle id="24" x="100.19" y="398.35" angle="90.00" type="DEFAULT_VEHTYPE" speed="13.68" pos="100.19" lane="0/2to1/2_0" slope="0.00"/>
        <vehicle id="26" x="201.49" y="403.65" angle="151.69" type="DEFAULT_VEHTYPE" speed="7.96" pos="9.21" lane=":1/2_14_0" slope="0.00"/>
        <vehicle id="28" x="398.35" y="486.91" angle="0.00" type="DEFAULT_VEHTYPE" speed="13.73" pos="108.34" lane="2/3to2/2_0" slope="0.00"/>
        <vehicle id="32" x="225.16" y="401.65" angle="-90.00" type="DEFAULT_VEHTYPE" speed="11.63" pos="170.09" lane="2/2to1/2_0" slope="0.00"/>
        <vehicle id="35" x="383.68" y="598.35" angle="90.00" type="DEFAULT_VEHTYPE" speed="8.54" pos="178.93" lane="1/3to2/3_0" slope="0.00"/>
        <vehicle id="37" x="398.35" y="220.73" angle="0.00" type="DEFAULT_VEHTYPE" speed="13.65" pos="174.52" lane="2/2to2/1_0" slope="0.00"/>
        <vehicle id="38" x="149.80" y="198.35" angle="90.00" type="DEFAULT_VEHTYPE" speed="13.35" pos="149.80" lane="0/1to1/1_0" slope="0.00"/>
        <vehicle id="41" x="398.35" y="327.71" angle="0.00" type="DEFAULT_VEHTYPE" speed="12.74" pos="67.54" lane="2/2to2/1_0" slope="0.00"/>
        <vehicle id="44" x="10.59" y="398.35" angle="90.00" type="DEFAULT_VEHTYPE" speed="12.72" pos="10.59" lane="0/2to1/2_0" slope="0.00"/>
        <vehicle id="48" x="69.92" y="401.65" angle="-90.00" type="DEFAULT_VEHTYPE" speed="12.75" pos="125.33" lane="1/2to0/2_0" slope="0.00"/>
        <vehicle id="5" x="276.40" y="598.35" angle="90.00" type="DEFAULT_VEHTYPE" speed="13.45" pos="71.65" lane="1/3to2/3_0" slope="0.00"/>
        <vehicle id="7" x="398.35" y="372.13" angle="0.00" type="DEFAULT_VEHTYPE" speed="13.56" pos="23.12" lane="2/2to2/1_0" slope="0.00"/>
        <vehicle id="8" x="401.65" y="612.18" angle="180.00" type="DEFAULT_VEHTYPE" speed="9.30" pos="7.43" lane="2/3to2/4_0" slope="0.00"/>
    </timestep>
    <timestep time="206.00">
        <vehicle id="0" x="401.65" y="752.09" angle="180.00" type="DEFAULT_VEHTYPE" speed="13.15" pos="147.34" lane="2/3to2/4_0" slope="0.00"/>
        <vehicle id="1" x="191.34" y="201.65" angle="-88.27" type="DEFAULT_VEHTYPE" speed="13.66" pos="3.91" lane="1/1to0/1_0" slope="0.00"/>
        <vehicle id="17" x="398.35" y="504.30" angle="0.00" type="DEFAULT_VEHTYPE" speed="12.62" pos="90.95" lane="2/3to2/2_0" slope="0.00"/>
        <vehicle id="18" x="401.65" y="792.60" angle="180.00" type="DEFAULT_VEHTYPE" speed="12.95" pos="187.85" lane="2/3to2/4_0" slope="0.00"/>
        <vehicle id="21" x="401.65" y="652.49" angle="180.00" type="DEFAULT_VEHTYPE" speed="13.05" pos="47.74" lane="2/3to2/4_0" slope="0.00"/>
        <vehicle id="22" x="401.65" y="33.33" angle="180.00" type="DEFAULT_VEHTYPE" speed="13.29" pos="33.33" lane="2/0to2/1_0" slope="0.00"/>
        <vehicle id="24" x="113.14" y="398.35" angle="90.00" type="DEFAULT_VEHTYPE" speed="12.96" pos="113.14" lane="0/2to1/2_0" slope="0.00"/>
        <vehicle id="26" x="201.65" y="413.73" angle="180.00" type="DEFAULT_VEHTYPE" speed="10.09" pos="8.98" lane="1/2to1/3_0" slope="0.00"/>
        <vehicle id="28" x="398.35" y="474.10" angle="0.00" type="DEFAULT_VEHTYPE" speed="12.81" pos="121.15" lane="2/3to2/2_0" slope="0.00"/>
        <vehicle id="32" x="217.19" y="401.65" angle="-90.00" type="DEFAULT_VEHTYPE" speed="7.97" pos="178.06" lane="2/2to1/2_0" slope="0.00"/>
        <vehicle id="35" x="388.72" y="598.35" angle="90.00" type="DEFAULT_VEHTYPE" speed="5.04" pos="183.97" lane="1/3to2/3_0" slope="0.00"/>
        <vehicle id="37" x="398.35" y="207.37" angle="0.00" type="DEFAULT_VEHTYPE" speed="13.36" pos="187.88" lane="2/2to2/1_0" slope="0.00"/>
        <vehicle id="38" x="162.70" y="198.35" angle="90.00" type="DEFAULT_VEHTYPE" speed="12.90" pos="162.70" lane="0/1to1/1_0" slope="0.00"/>
        <vehicle id="41" x="398.35" y="313.84" angle="0.00" type="DEFAULT_VEHTYPE" speed="13.86" pos="81.41" lane="2/2to2/1_0" slope="0.00"/>
        <vehicle id="44" x="23.81" y="398.35" angle="90.00" type="DEFAULT_VEHTYPE" speed="13.22" pos="23.81" lane="0/2to1/2_0" slope="0.00"/>
        <vehicle id="48" x="57.02" y="401.65" angle="-90.00" type="DEFAULT_VEHTYPE" speed="12.90" pos="138.23" lane="1/2to0/2_0" slope="0.00"/>
        <vehicle id="5" x="289.21" y="598.35" angle="90.00" type="DEFAULT_VEHTYPE" speed="12.81" pos="84.46" lane="1/3to2/3_0" slope="0.00"/>
        <vehicle id="7" x="398.35" y="358.25" angle="0.00" type="DEFAULT_VEHTYPE" speed="13.88" pos="37.00" lane="2/2to2/1_0" slope="0.00"/>
        <vehicle id="8" x="401.65" y="622.97" angle="180.00" type="DEFAULT_VEHTYPE" speed="10.79" pos="18.22" lane="2/3to2/4_0" slope="0.00"/>
    </timestep>
    <timestep time="207.00">
        <vehicle id="0" x="401.65" y="765.27" angle="180.00" type="DEFAULT_VEHTYPE" speed="13.18" pos="160.52" lane="2/3to2/4_0" slope="0.00"/>
        <vehicle id="1" x="177.97" y="201.65" angle="-90.00" type="DEFAULT_VEHTYPE" speed="13.37" pos="17.28" lane="1/1to0/1_0" slope="0.00"/>
        <vehicle id="17" x="398.35" y="490.97" angle="0.00" type="DEFAULT_VEHTYPE" speed="13.33" pos="104.28" lane="2/3to2/2_0" slope="0.00"/>
        <vehicle id="18" x="398.35" y="798.76" angle="-51.98" type="DEFAULT_VEHTYPE" speed="13.46" pos="1.24" lane="2/4to2/3_0" slope="0.00"/>
        <vehicle id="21" x="401.65" y="665.21" angle="180.00" type="DEFAULT_VEHTYPE" speed="12.72" pos="60.46" lane="2/3to2/4_0" slope="0.00"/>
        <vehicle id="22" x="401.65" y="45.95" angle="180.00" type="DEFAULT_VEHTYPE" speed="12.62" pos="45.95" lane="2/0to2/1_0" slope="0.00"/>
        <vehicle id="24" x="125.88" y="398.35" angle="90.00" type="DEFAULT_VEHTYPE" speed="12.74" pos="125.88" lane="0/2to1/2_0" slope="0.00"/>
        <vehicle id="26" x="201.65" y="425.17" angle="180.00" type="DEFAULT_VEHTYPE" speed="11.43" pos="20.42" lane="1/2to1/3_0" slope="0.00"/>
        <vehicle id="28" x="398.35" y="461.00" angle="0.00" type="DEFAULT_VEHTYPE" speed="13.10" pos="134.25" lane="2/3to2/2_0" slope="0.00"/>
        <vehicle id="32" x="211.44" y="401.65" angle="-90.00" type="DEFAULT_VEHTYPE" speed="5.75" pos="183.81" lane="2/2to1/2_0" slope="0.00"/>
        <vehicle id="35" x="396.12" y="598.47" angle="91.43" type="DEFAULT_VEHTYPE" speed="7.42" pos="0.88" lane=":2/3_14_0" slope="0.00"/>
        <vehicle id="37" x="398.35" y="193.87" angle="0.00" type="DEFAULT_VEHTYPE" speed="13.50" pos="1.38" lane="2/1to2/0_0" slope="0.00"/>
        <vehicle id="38" x="174.73" y="198.35" angle="90.00" type="DEFAULT_VEHTYPE" speed="12.03" pos="174.73" lane="0/1to1/1_0" slope="0.00"/>
        <vehicle id="41" x="398.35" y="300.97" angle="0.00" type="DEFAULT_VEHTYPE" speed="12.87" pos="94.28" lane="2/2to2/1_0" slope="0.00"/>
        <vehicle id="44" x="37.21" y="398.35" angle="90.00" type="DEFAULT_VEHTYPE" speed="13.39" pos="37.21" lane="0/2to1/2_0" slope="0.00"/>
        <vehicle id="48" x="43.33" y="401.65" angle="-90.00" type="DEFAULT_VEHTYPE" speed="13.70" pos="151.92" lane="1/2to0/2_0" slope="0.00"/>
        <vehicle id="5" x="302.97" y="598.35" angle="90.00" type="DEFAULT_VEHTYPE" speed="13.76" pos="98.22" lane="1/3to2/3_0" slope="0.00"/>
        <vehicle id="7" x="398.35" y="345.52" angle="0.00" type="DEFAULT_VEHTYPE" speed="12.74" pos="49.73" lane="2/2to2/1_0" slope="0.00"/>
        <vehicle id="8" x="401.65" y="636.17" angle="180.00" type="DEFAULT_VEHTYPE" speed="13.20" pos="31.42" lane="2/3to2/4_0" slope="0.00"/>
    </timestep>
    <timestep time="208.00">
        <vehicle id="0" x="401.65" y="778.99" angle="180.00" type="DEFAULT_VEHTYPE" speed="13.72" pos="174.24" lane="2/3to2/4_0" slope="0.00"/>
        <vehicle id="1" x="164.35" y="201.65" angle="-90.00" type="DEFAULT_VEHTYPE" speed="13.62" pos="30.90" lane="1/1to0/1_0" slope="0.00"/>
        <vehicle id="17" x="398.35" y="478.29" angle="0.00" type="DEFAULT_VEHTYPE" speed="12.69" pos="116.96" lane="2/3to2/2_0" slope="0.00"/>
        <vehicle id="18" x="398.35" y="785.18" angle="0.00" type="DEFAULT_VEHTYPE" speed="13.58" pos="14.82" lane="2/4to2/3_0" slope="0.00"/>
        <vehicle id="21" x="401.65" y="678.17" angle="180.00" type="DEFAULT_VEHTYPE" speed="12.96" pos="73.42" lane="2/3to2/4_0" slope="0.00"/>
        <vehicle id="22" x="401.65" y="59.85" angle="180.00" type="DEFAULT_VEHTYPE" speed="13.90" pos="59.85" lane="2/0to2/1_0" slope="0.00"/>
        <vehicle id="24" x="138.91" y="398.35" angle="90.00" type="DEFAULT_VEHTYPE" speed="13.03" pos="138.91" lane="0/2to1/2_0" slope="0.00"/>
        <vehicle id="26" x="201.65" y="438.28" angle="180.00" type="DEFAULT_VEHTYPE" speed="13.11" pos="33.53" lane="1/2to1/3_0" slope="0.00"/>
        <vehicle id="28" x="398.35" y="447.81" angle="0.00" type="DEFAULT_VEHTYPE" speed="13.19" pos="147.44" lane="2/3to2/2_0" slope="0.00"/>
        <vehicle id="32" x="203.26" y="401.65" angle="-90.00" type="DEFAULT_VEHTYPE" speed="8.18" pos="1.49" lane=":1/2_5_0" slope="0.00"/>
        <vehicle id="35" x="401.65" y="605.26" angle="165.13" type="DEFAULT_VEHTYPE" speed="9.94" pos="0.51" lane="2/3to2/4_0" slope="0.00"/>
        <vehicle id="37" x="398.35" y="180.37" angle="0.00" type="DEFAULT_VEHTYPE" speed="13.50" pos="14.88" lane="2/1to2/0_0" slope="0.00"/>
        <vehicle id="38" x="183.22" y="198.35" angle="90.00" type="DEFAULT_VEHTYPE" speed="8.49" pos="183.22" lane="0/1to1/1_0" slope="0.00"/>
        <vehicle id="41" x="398.35" y="288.06" angle="0.00" type="DEFAULT_VEHTYPE" speed="12.91" pos="107.19" lane="2/2to2/1_0" slope="0.00"/>
        <vehicle id="44" x="50.51" y="398.35" angle="90.00" type="DEFAULT_VEHTYPE" speed="13.31" pos="50.51" lane="0/2to1/2_0" slope="0.00"/>
        <vehicle id="48" x="30.07" y="401.65" angle="-90.00" type="DEFAULT_VEHTYPE" speed="13.26" pos="165.18" lane="1/2to0/2_0" slope="0.00"/>
        <vehicle id="5" x="316.42" y="598.35" angle="90.00" type="DEFAULT_VEHTYPE" speed="13.46" pos="111.67" lane="1/3to2/3_0" slope="0.00"/>
        <vehicle id="7" x="398.35" y="332.88" angle="0.00" type="DEFAULT_VEHTYPE" speed="12.63" pos="62.37" lane="2/2to2/1_0" slope="0.00"/>
        <vehicle id="8" x="401.65" y="649.80" angle="180.00" type="DEFAULT_VEHTYPE" speed="13.63" pos="45.05" lane="2/3to2/4_0" slope="0.00"/>
    </timestep>
    <timestep time="209.00">
        <vehicle id="0" x="401.65" y="792.66" angle="180.00" type="DEFAULT_VEHTYPE" speed="13.67" pos="187.91" lane="2/3to2/4_0" slope="0.00"/>
        <vehicle id="1" x="150.77" y="201.65" angle="-90.00" type="DEFAULT_VEHTYPE" speed="13.58" pos="44.48" lane="1/1to0/1_0" slope="0.00"/>
        <vehicle id="17" x="398.35" y="465.13" angle="0.00" type="DEFAULT_VEHTYPE" speed="13.15" pos="130.12" lane="2/3to2/2_0" slope="0.00"/>
        <vehicle id="18" x="398.35" y="771.37" angle="0.00" type="DEFAULT_VEHTYPE" speed="13.81" pos="28.63" lane="2/4to2/3_0" slope="0.00"/>
        <vehicle id="21" x="401.65" y="691.48" angle="180.00" type="DEFAULT_VEHTYPE" speed="13.31" pos="86.73" lane="2/3to2/4_0" slope="0.00"/>
        <vehicle id="22" x="401.65" y="72.51" angle="180.00" type="DEFAULT_VEHTYPE" speed="12.66" pos="72.51" lane="2/0to2/1_0" slope="0.00"/>
        <vehicle id="24" x="151.68" y="398.35" angle="90.00" type="DEFAULT_VEHTYPE" speed="12.77" pos="151.68" lane="0/2to1/2_0" slope="0.00"/>
        <vehicle id="26" x="201.65" y="451.48" angle="180.00" type="DEFAULT_VEHTYPE" speed="13.20" pos="46.73" lane="1/2to1/3_0" slope="0.00"/>
        <vehicle id="28" x="398.35" y="434.51" angle="0.00" type="DEFAULT_VEHTYPE" speed="13.29" pos="160.74" lane="2/3to2/2_0" slope="0.00"/>
        <vehicle id="32" x="193.46" y="401.65" angle="-90.00" type="DEFAULT_VEHTYPE" speed="9.80" pos="1.79" lane="1/2to0/2_0" slope="0.00"/>
        <vehicle id="35" x="401.65" y="617.04" angle="180.00" type="DEFAULT_VEHTYPE" speed="11.78" pos="12.29" lane="2/3to2/4_0" slope="0.00"/>
        <vehicle id="37" x="398.35" y="167.38" angle="0.00" type="DEFAULT_VEHTYPE" speed="12.98" pos="27.87" lane="2/1to2/0_0" slope="0.00"/>
        <vehicle id="38" x="187.79" y="198.35" angle="90.00" type="DEFAULT_VEHTYPE" speed="4.57" pos="187.79" lane="0/1to1/1_0" slope="0.00"/>
        <vehicle id="41" x="398.35" y="274.18" angle="0.00" type="DEFAULT_VEHTYPE" speed="13.88" pos="121.07" lane="2/2to2/1_0" slope="0.00"/>
        <vehicle id="44" x="63.66" y="398.35" angle="90.00" type="DEFAULT_VEHTYPE" speed="13.14" pos="63.66" lane="0/2to1/2_0" slope="0.00"/>
        <vehicle id="48" x="16.90" y="401.65" angle="-90.00" type="DEFAULT_VEHTYPE" speed="13.17" pos="178.35" lane="1/2to0/2_0" slope="0.00"/>
        <vehicle id="5" x="329.63" y="598.35" angle="90.00" type="DEFAULT_VEHTYPE" speed="13.21" pos="124.88" lane="1/3to2/3_0" slope="0.00"/>
        <vehicle id="7" x="398.35" y="319.00" angle="0.00" type="DEFAULT_VEHTYPE" speed="13.88" pos="76.25" lane="2/2to2/1_0" slope="0.00"/>
        <vehicle id="8" x="401.65" y="662.68" angle="180.00" type="DEFAULT_VEHTYPE" speed="12.89" pos="57.93" lane="2/3to2/4_0" slope="0.00"/>
    </timestep>
    <timestep time="210.00">
        <vehicle id="0" x="398.35" y="799.47" angle="-75.10" type="DEFAULT_VEHTYPE" speed="12.69" pos="0.53" lane="2/4to2/3_0" slope="0.00"/>
        <vehicle id="1" x="138.14" y="201.65" angle="-90.00" type="DEFAULT_VEHTYPE" speed="12.63" pos="57.11" lane="1/1to0/1_0" slope="0.00"/>
        <vehicle id="17" x="398.35" y="452.06" angle="0.00" type="DEFAULT_VEHTYPE" speed="13.07" pos="143.19" lane="2/3to2/2_0" slope="0.00"/>
        <vehicle id="18" x="398.35" y="758.66" angle="0.00" type="DEFAULT_VEHTYPE" speed="12.71" pos="41.34" lane="2/4to2/3_0" slope="0.00"/>
        <vehicle id="21" x="401.65" y="704.22" angle="180.00" type="DEFAULT_VEHTYPE" speed="12.74" pos="99.47" lane="2/3to2/4_0" slope="0.00"/>
        <vehicle id="22" x="401.65" y="85.48" angle="180.00" type="DEFAULT_VEHTYPE" speed="12.97" pos="85.48" lane="2/0to2/1_0" slope="0.00"/>
        <vehicle id="24" x="164.32" y="398.35" angle="90.00" type="DEFAULT_VEHTYPE" speed="12.65" pos="164.32" lane="0/2to1/2_0" slope="0.00"/>
        <vehicle id="26" x="201.65" y="464.72" angle="180.00" type="DEFAULT_VEHTYPE" speed="13.24" pos="59.97" lane="1/2to1/3_0" slope="0.00"/>
        <vehicle id="28" x="398.35" y="421.86" angle="0.00" type="DEFAULT_VEHTYPE" speed="12.66" pos="173.39" lane="2/3to2/2_0" slope="0.00"/>
        <vehicle id="32" x="181.91" y="401.65" angle="-90.00" type="DEFAULT_VEHTYPE" speed="11.55" pos="13.34" lane="1/2to0/2_0" slope="0.00"/>
        <vehicle id="35" x="401.65" y="629.76" angle="180.00" type="DEFAULT_VEHTYPE" speed="12.72" pos="25.01" lane="2/3to2/4_0" slope="0.00"/>
        <vehicle id="37" x="398.35" y="154.15" angle="0.00" type="DEFAULT_VEHTYPE" speed="13.23" pos="41.10" lane="2/1to2/0_0" slope="0.00"/>
        <vehicle id="38" x="190.50" y="198.35" angle="90.00" type="DEFAULT_VEHTYPE" speed="2.71" pos="190.50" lane="0/1to1/1_0" slope="0.00"/>
        <vehicle id="41" x="398.35" y="260.89" angle="0.00" type="DEFAULT_VEHTYPE" speed="13.29" pos="134.36" lane="2/2to2/1_0" slope="0.00"/>
        <vehicle id="44" x="76.42" y="398.35" angle="90.00" type="DEFAULT_VEHTYPE" speed="12.76" pos="76.42" lane="0/2to1/2_0" slope="0.00"/>
        <vehicle id="48" x="3.77" y="401.65" angle="-90.00" type="DEFAULT_VEHTYPE" speed="13.13" pos="191.48" lane="1/2to0/2_0" slope="0.00"/>
        <vehicle id="5" x="342.66" y="598.35" angle="90.00" type="DEFAULT_VEHTYPE" speed="13.02" pos="137.91" lane="1/3to2/3_0" slope="0.00"/>
        <vehicle id="7" x="398.35" y="306.30" angle="0.00" type="DEFAULT_VEHTYPE" speed="12.71" pos="88.95" lane="2/2to2/1_0" slope="0.00"/>
        <vehicle id="8" x="401.65" y="676.43" angle="180.00" type="DEFAULT_VEHTYPE" speed="13.74" pos="71.68" lane="2/3to2/4_0" slope="0.00"/>
    </timestep>
    <timestep time="211.00">
        <vehicle id="0" x="398.35" y="786.63" angle="0.00" type="DEFAULT_VEHTYPE" speed="12.84" pos="13.37" lane="2/4to2/3_0" slope="0.00"/>
        <vehicle id="1" x="125.12" y="201.65" angle="-90.00" type="DEFAULT_VEHTYPE" speed="13.02" pos="70.13" lane="1/1to0/1_0" slope="0.00"/>
        <vehicle id="17" x="398.35" y="438.53" angle="0.00" type="DEFAULT_VEHTYPE" speed="13.53" pos="156.72" lane="2/3to2/2_0" slope="0.00"/>
        <vehicle id="18" x="398.35" y="745.63" angle="0.00" type="DEFAULT_VEHTYPE" speed="13.03" pos="54.37" lane="2/4to2/3_0" slope="0.00"/>
        <vehicle id="21" x="401.65" y="717.23" angle="180.00" type="DEFAULT_VEHTYPE" speed="13.01" pos="112.48" lane="2/3to2/4_0" slope="0.00"/>
        <vehicle id="22" x="401.65" y="99.18" angle="180.00" type="DEFAULT_VEHTYPE" speed="13.70" pos="99.18" lane="2/0to2/1_0" slope="0.00"/>
        <vehicle id="24" x="175.95" y="398.35" angle="90.00" type="DEFAULT_VEHTYPE" speed="11.62" pos="175.95" lane="0/2to1/2_0" slope="0.00"/>
        <vehicle id="26" x="201.65" y="478.35" angle="180.00" type="DEFAULT_VEHTYPE" speed="13.63" pos="73.60" lane="1/2to1/3_0" slope="0.00"/>
        <vehicle id="28" x="398.35" y="408.29" angle="0.00" type="DEFAULT_VEHTYPE" speed="13.57" pos="186.96" lane="2/3to2/2_0" slope="0.00"/>
        <vehicle id="32" x="169.28" y="401.65" angle="-90.00" type="DEFAULT_VEHTYPE" speed="12.63" pos="25.97" lane="1/2to0/2_0" slope="0.00"/>
        <vehicle id="35" x="401.65" y="643.60" angle="180.00" type="DEFAULT_VEHTYPE" speed="13.84" pos="38.85" lane="2/3to2/4_0" slope="0.00"/>
        <vehicle id="37" x="398.35" y="141.04" angle="0.00" type="DEFAULT_VEHTYPE" speed="13.11" pos="54.21" lane="2/1to2/0_0" slope="0.00"/>
        <vehicle id="38" x="194.92" y="198.35" angle="90.00" type="DEFAULT_VEHTYPE" speed="4.43" pos="194.92" lane="0/1to1/1_0" slope="0.00"/>
        <vehicle id="41" x="398.35" y="248.28" angle="0.00" type="DEFAULT_VEHTYPE" speed="12.61" pos="146.97" lane="2/2to2/1_0" slope="0.00"/>
        <vehicle id="44" x="89.79" y="398.35" angle="90.00" type="DEFAULT_VEHTYPE" speed="13.37" pos="89.79" lane="0/2to1/2_0" slope="0.00"/>
        <vehicle id="48" x="4.92" y="398.35" angle="89.49" type="DEFAULT_VEHTYPE" speed="13.51" pos="4.92" lane="0/2to1/2_0" slope="0.00"/>
        <vehicle id="5" x="356.47" y="598.35" angle="90.00" type="DEFAULT_VEHTYPE" speed="13.81" pos="151.72" lane="1/3to2/3_0" slope="0.00"/>
        <vehicle id="7" x="398.35" y="292.89" angle="0.00" type="DEFAULT_VEHTYPE" speed="13.41" pos="102.36" lane="2/2to2/1_0" slope="0.00"/>
        <vehicle id="8" x="401.65" y="690.07" angle="180.00" type="DEFAULT_VEHTYPE" speed="13.64" pos="85.32" lane="2/3to2/4_0" slope="0.00"/>
    </timestep>
    <timestep time="212.00">
        <vehicle id="0" x="398.35" y="773.69" angle="0.00" type="DEFAULT_VEHTYPE" speed="12.94" pos="26.31" lane="2/4to2/3_0" slope="0.00"/>
        <vehicle id="1" x="111.91" y="201.65" angle="-90.00" type="DEFAULT_VEHTYPE" speed="13.21" pos="83.34" lane="1/1to0/1_0" slope="0.00"/>
        <vehicle id="17" x="398.35" y="425.92" angle="0.00" type="DEFAULT_VEHTYPE" speed="12.61" pos="169.33" lane="2/3to2/2_0" slope="0.00"/>
        <vehicle id="18" x="398.35" y="731.96" angle="0.00" type="DEFAULT_VEHTYPE" speed="13.67" pos="68.04" lane="2/4to2/3_0" slope="0.00"/>
        <vehicle id="21" x="401.65" y="730.01" angle="180.00" type="DEFAULT_VEHTYPE" speed="12.78" pos="125.26" lane="2/3to2/4_0" slope="0.00"/>
        <vehicle id="22" x="401.65" y="112.47" angle="180.00" type="DEFAULT_VEHTYPE" speed="13.29" pos="112.47" lane="2/0to2/1_0" slope="0.00"/>
        <vehicle id="24" x="183.73" y="398.35" angle="90.00" type="DEFAULT_VEHTYPE" speed="7.78" pos="183.73" lane="0/2to1/2_0" slope="0.00"/>
        <vehicle id="26" x="201.65" y="491.53" angle="180.00" type="DEFAULT_VEHTYPE" speed="13.18" pos="86.78" lane="1/2to1/3_0" slope="0.00"/>
        <vehicle id="28" x="390.51" y="401.65" angle="-89.58" type="DEFAULT_VEHTYPE" speed="13.28" pos="4.74" lane="2/2to1/2_0" slope="0.00"/>
        <vehicle id="32" x="155.56" y="401.65" angle="-90.00" type="DEFAULT_VEHTYPE" speed="13.72" pos="39.69" lane="1/2to0/2_0" slope="0.00"/>
        <vehicle id="35" x="401.65" y="656.92" angle="180.00" type="DEFAULT_VEHTYPE" speed="13.32" pos="52.17" lane="2/3to2/4_0" slope="0.00"/>
        <vehicle id="37" x="398.35" y="127.84" angle="0.00" type="DEFAULT_VEHTYPE" speed="13.20" pos="67.41" lane="2/1to2/0_0" slope="0.00"/>
        <vehicle id="38" x="198.35" y="194.57" angle="33.31" type="DEFAULT_VEHTYPE" speed="6.01" pos="0.68" lane="1/1to1/0_0" slope="0.00"/>
        <vehicle id="41" x="398.35" y="234.49" angle="0.00" type="DEFAULT_VEHTYPE" speed="13.79" pos="160.76" lane="2/2to2/1_0" slope="0.00"/>
        <vehicle id="44" x="103.13" y="398.35" angle="90.00" type="DEFAULT_VEHTYPE" speed="13.34" pos="103.13" lane="0/2to1/2_0" slope="0.00"/>
        <vehicle id="48" x="17.88" y="398.35" angle="90.00" type="DEFAULT_VEHTYPE" speed="12.95" pos="17.88" lane="0/2to1/2_0" slope="0.00"/>
        <vehicle id="5" x="370.35" y="598.35" angle="90.00" type="DEFAULT_VEHTYPE" speed="13.88" pos="165.60" lane="1/3to2/3_0" slope="0.00"/>
        <vehicle id="7" x="398.35" y="280.12" angle="0.00" type="DEFAULT_VEHTYPE" speed="12.77" pos="115.13" lane="2/2to2/1_0" slope="0.00"/>
        <vehicle id="8" x="401.65" y="703.27" angle="180.00" type="DEFAULT_VEHTYPE" speed="13.20" pos="98.52" lane="2/3to2/4_0" slope="0.00"/>
    </timestep>
    <timestep time="213.00">
        <vehicle id="0" x="398.35" y="760.37" angle="0.00" type="DEFAULT_VEHTYPE" speed="13.32" pos="39.63" lane="2/4to2/3_0" slope="0.00"/>
        <vehicle id="1" x="98.62" y="201.65" angle="-90.00" type="DEFAULT_VEHTYPE" speed="13.29" pos="96.63" lane="1/1to0/1_0" slope="0.00"/>
        <vehicle id="17" x="398.35" y="413.31" angle="0.00" type="DEFAULT_VEHTYPE" speed="12.60" pos="181.94" lane="2/3to2/2_0" slope="0.00"/>
        <vehicle id="18" x="398.35" y="719.04" angle="0.00" type="DEFAULT_VEHTYPE" speed="12.92" pos="80.96" lane="2/4to2/3_0" slope="0.00"/>
        <vehicle id="21" x="401.65" y="743.75" angle="180.00" type="DEFAULT_VEHTYPE" speed="13.74" pos="139.00" lane="2/3to2/4_0" slope="0.00"/>
        <vehicle id="22" x="401.65" y="125.12" angle="180.00" type="DEFAULT_VEHTYPE" speed="12.65" pos="125.12" lane="2/0to2/1_0" slope="0.00"/>
        <vehicle id="24" x="188.99" y="398.35" angle="90.00" type="DEFAULT_VEHTYPE" speed="5.26" pos="188.99" lane="0/2to1/2_0" slope="0.00"/>
        <vehicle id="26" x="201.65" y="504.76" angle="180.00" type="DEFAULT_VEHTYPE" speed="13.24" pos="100.01" lane="1/2to1/3_0" slope="0.00"/>
        <vehicle id="28" x="377.30" y="401.65" angle="-90.00" type="DEFAULT_VEHTYPE" speed="13.21" pos="17.95" lane="2/2to1/2_0" slope="0.00"/>
        <vehicle id="32" x="142.82" y="401.65" angle="-90.00" type="DEFAULT_VEHTYPE" speed="12.74" pos="52.43" lane="1/2to0/2_0" slope="0.00"/>
        <vehicle id="35" x="401.65" y="670.49" angle="180.00" type="DEFAULT_VEHTYPE" speed="13.58" pos="65.74" lane="2/3to2/4_0" slope="0.00"/>
        <vehicle id="37" x="398.35" y="114.71" angle="0.00" type="DEFAULT_VEHTYPE" speed="13.13" pos="80.54" lane="2/1to2/0_0" slope="0.00"/>
        <vehicle id="38" x="198.35" y="186.95" angle="0.00" type="DEFAULT_VEHTYPE" speed="7.62" pos="8.30" lane="1/1to1/0_0" slope="0.00"/>
        <vehicle id="41" x="398.35" y="220.90" angle="0.00" type="DEFAULT_VEHTYPE" speed="13.59" pos="174.35" lane="2/2to2/1_0" slope="0.00"/>
        <vehicle id="44" x="115.83" y="398.35" angle="90.00" type="DEFAULT_VEHTYPE" speed="12.70" pos="115.83" lane="0/2to1/2_0" slope="0.00"/>
        <vehicle id="48" x="31.07" y="398.35" angle="90.00" type="DEFAULT_VEHTYPE" speed="13.19" pos="31.07" lane="0/2to1/2_0" slope="0.00"/>
        <vehicle id="5" x="379.81" y="598.35" angle="90.00" type="DEFAULT_VEHTYPE" speed="9.46" pos="175.06" lane="1/3to2/3_0" slope="0.00"/>
        <vehicle id="7" x="398.35" y="266.75" angle="0.00" type="DEFAULT_VEHTYPE" speed="13.37" pos="128.50" lane="2/2to2/1_0" slope="0.00"/>
        <vehicle id="8" x="401.65" y="715.91" angle="180.00" type="DEFAULT_VEHTYPE" speed="12.65" pos="111.16" lane="2/3to2/4_0" slope="0.00"/>
    </timestep>
    <timestep time="214.00">
        <vehicle id="0" x="398.35" y="746.67" angle="0.00" type="DEFAULT_VEHTYPE" speed="13.70" pos="53.33" lane="2/4to2/3_0" slope="0.00"/>
        <vehicle id="1" x="85.86" y="201.65" angle="-90.00" type="DEFAULT_VEHTYPE" speed="12.76" pos="109.39" lane="1/1to0/1_0" slope="0.00"/>
        <vehicle id="17" x="398.35" y="399.81" angle="0.00" type="DEFAULT_VEHTYPE" speed="13.50" pos="4.94" lane=":2/2_1_0" slope="0.00"/>
        <vehicle id="18" x="398.35" y="705.33" angle="0.00" type="DEFAULT_VEHTYPE" speed="13.71" pos="94.67" lane="2/4to2/3_0" slope="0.00"/>
        <vehicle id="21" x="401.65" y="757.10" angle="180.00" type="DEFAULT_VEHTYPE" speed="13.34" pos="152.35" lane="2/3to2/4_0" slope="0.00"/>
        <vehicle id="22" x="401.65" y="138.62" angle="180.00" type="DEFAULT_VEHTYPE" speed="13.50" pos="138.62" lane="2/0to2/1_0" slope="0.00"/>
        <vehicle id="24" x="196.07" y="398.47" angle="91.35" type="DEFAULT_VEHTYPE" speed="7.09" pos="0.83" lane=":1/2_14_0" slope="0.00"/>
        <vehicle id="26" x="201.65" y="518.63" angle="180.00" type="DEFAULT_VEHTYPE" speed="13.86" pos="113.88" lane="1/2to1/3_0" slope="0.00"/>
        <vehicle id="28" x="363.99" y="401.65" angle="-90.00" type="DEFAULT_VEHTYPE" speed="13.31" pos="31.26" lane="2/2to1/2_0" slope="0.00"/>
        <vehicle id="32" x="130.20" y="401.65" angle="-90.00" type="DEFAULT_VEHTYPE" speed="12.62" pos="65.05" lane="1/2to0/2_0" slope="0.00"/>
        <vehicle id="35" x="401.65" y="683.20" angle="180.00" type="DEFAULT_VEHTYPE" speed="12.70" pos="78.45" lane="2/3to2/4_0" slope="0.00"/>
        <vehicle id="37" x="398.35" y="102.04" angle="0.00" type="DEFAULT_VEHTYPE" speed="12.68" pos="93.21" lane="2/1to2/0_0" slope="0.00"/>
        <vehicle id="38" x="198.35" y="177.20" angle="0.00" type="DEFAULT_VEHTYPE" speed="9.75" pos="18.05" lane="1/1to1/0_0" slope="0.00"/>
        <vehicle id="41" x="398.35" y="208.02" angle="0.00" type="DEFAULT_VEHTYPE" speed="12.89" pos="187.23" lane="2/2to2/1_0" slope="0.00"/>
        <vehicle id="44" x="129.56" y="398.35" angle="90.00" type="DEFAULT_VEHTYPE" speed="13.74" pos="129.56" lane="0/2to1/2_0" slope="0.00"/>
        <vehicle id="48" x="44.75" y="398.35" angle="90.00" type="DEFAULT_VEHTYPE" speed="13.68" pos="44.75" lane="0/2to1/2_0" slope="0.00"/>
        <vehicle id="5" x="386.52" y="598.35" angle="90.00" type="DEFAULT_VEHTYPE" speed="6.71" pos="181.77" lane="1/3to2/3_0" slope="0.00"/>
        <vehicle id="7" x="398.35" y="253.81" angle="0.00" type="DEFAULT_VEHTYPE" speed="12.93" pos="141.44" lane="2/2to2/1_0" slope="0.00"/>
        <vehicle id="8" x="401.65" y="729.71" angle="180.00" type="DEFAULT_VEHTYPE" speed="13.80" pos="124.96" lane="2/3to2/4_0" slope="0.00"/>
    </timestep>
    <timestep time="215.00">
        <vehicle id="0" x="398.35" y="733.93" angle="0.00" type="DEFAULT_VEHTYPE" speed="12.74" pos="66.07" lane="2/4to2/3_0" slope="0.00"/>
        <vehicle id="1" x="72.25" y="201.65" angle="-90.00" type="DEFAULT_VEHTYPE" speed="13.61" pos="123.00" lane="1/1to0/1_0" slope="0.00"/>
        <vehicle id="17" x="398.35" y="386.14" angle="0.00" type="DEFAULT_VEHTYPE" speed="13.67" pos="9.11" lane="2/2to2/1_0" slope="0.00"/>
        <vehicle id="18" x="398.35" y="692.20" angle="0.00" type="DEFAULT_VEHTYPE" speed="13.13" pos="107.80" lane="2/4to2/3_0" slope="0.00"/>
        <vehicle id="21" x="401.65" y="770.72" angle="180.00" type="DEFAULT_VEHTYPE" speed="13.62" pos="165.97" lane="2/3to2/4_0" slope="0.00"/>
        <vehicle id="22" x="401.65" y="151.47" angle="180.00" type="DEFAULT_VEHTYPE" speed="12.85" pos="151.47" lane="2/0to2/1_0" slope="0.00"/>
        <vehicle id="24" x="201.55" y="404.08" angle="156.14" type="DEFAULT_VEHTYPE" speed="8.82" pos="9.65" lane=":1/2_14_0" slope="0.00"/>
        <vehicle id="26" x="201.65" y="531.47" angle="180.00" type="DEFAULT_VEHTYPE" speed="12.84" pos="126.72" lane="1/2to1/3_0" slope="0.00"/>
        <vehicle id="28" x="350.67" y="401.65" angle="-90.00" type="DEFAULT_VEHTYPE" speed="13.32" pos="44.58" lane="2/2to1/2_0" slope="0.00"/>
        <vehicle id="32" x="116.63" y="401.65" angle="-90.00" type="DEFAULT_VEHTYPE" speed="13.57" pos="78.62" lane="1/2to0/2_0" slope="0.00"/>
        <vehicle id="35" x="401.65" y="695.92" angle="180.00" type="DEFAULT_VEHTYPE" speed="12.73" pos="91.17" lane="2/3to2/4_0" slope="0.00"/>
        <vehicle id="37" x="398.35" y="88.80" angle="0.00" type="DEFAULT_VEHTYPE" speed="13.24" pos="106.45" lane="2/1to2/0_0" slope="0.00"/>
        <vehicle id="38" x="198.35" y="165.66" angle="0.00" type="DEFAULT_VEHTYPE" speed="11.54" pos="29.59" lane="1/1to1/0_0" slope="0.00"/>
        <vehicle id="41" x="389.87" y="201.65" angle="-90.00" type="DEFAULT_VEHTYPE" speed="13.65" pos="5.38" lane="2/1to1/1_0" slope="0.00"/>
        <vehicle id="44" x="142.31" y="398.35" angle="90.00" type="DEFAULT_VEHTYPE" speed="12.75" pos="142.31" lane="0/2to1/2_0" slope="0.00"/>
        <vehicle id="48" x="57.50" y="398.35" angle="90.00" type="DEFAULT_VEHTYPE" speed="12.75" pos="57.50" lane="0/2to1/2_0" slope="0.00"/>
        <vehicle id="5" x="389.81" y="598.35" angle="90.00" type="DEFAULT_VEHTYPE" speed="3.29" pos="185.06" lane="1/3to2/3_0" slope="0.00"/>
        <vehicle id="7" x="398.35" y="240.58" angle="0.00" type="DEFAULT_VEHTYPE" speed="13.23" pos="154.67" lane="2/2to2/1_0" slope="0.00"/>
        <vehicle id="8" x="401.65" y="742.74" angle="180.00" type="DEFAULT_VEHTYPE" speed="13.03" pos="137.99" lane="2/3to2/4_0" slope="0.00"/>
    </timestep>
    <timestep time="216.00">
        <vehicle id="0" x="398.35" y="721.30" angle="0.00" type="DEFAULT_VEHTYPE" speed="12.63" pos="78.70" lane="2/4to2/3_0" slope="0.00"/>
        <vehicle id="1" x="58.45" y="201.65" angle="-90.00" type="DEFAULT_VEHTYPE" speed="13.79" pos="136.80" lane="1/1to0/1_0" slope="0.00"/>
        <vehicle id="17" x="398.35" y="372.98" angle="0.00" type="DEFAULT_VEHTYPE" speed="13.15" pos="22.27" lane="2/2to2/1_0" slope="0.00"/>
        <vehicle id="18" x="398.35" y="678.78" angle="0.00" type="DEFAULT_VEHTYPE" speed="13.42" pos="121.22" lane="2/4to2/3_0" slope="0.00"/>
        <vehicle id="21" x="401.65" y="783.54" angle="180.00" type="DEFAULT_VEHTYPE" speed="12.82" pos="178.79" lane="2/3to2/4_0" slope="0.00"/>
        <vehicle id="22" x="401.65" y="164.65" angle="180.00" type="DEFAULT_VEHTYPE" speed="13.18" pos="164.65" lane="2/0to2/1_0" slope="0.00"/>
        <vehicle id="24" x="201.65" y="415.32" angle="180.00" type="DEFAULT_VEHTYPE" speed="11.24" pos="10.57" lane="1/2to1/3_0" slope="0.00"/>
        <vehicle id="26" x="201.65" y="544.85" angle="180.00" type="DEFAULT_VEHTYPE" speed="13.38" pos="140.10" lane="1/2to1/3_0" slope="0.00"/>
        <vehicle id="28" x="336.86" y="401.65" angle="-90.00" type="DEFAULT_VEHTYPE" speed="13.81" pos="58.39" lane="2/2to1/2_0" slope="0.00"/>
        <vehicle id="32" x="103.69" y="401.65" angle="-90.00" type="DEFAULT_VEHTYPE" speed="12.94" pos="91.56" lane="1/2to0/2_0" slope="0.00"/>
        <vehicle id="35" x="401.65" y="708.55" angle="180.00" type="DEFAULT_VEHTYPE" speed="12.63" pos="103.80" lane="2/3to2/4_0" slope="0.00"/>
        <vehicle id="37" x="398.35" y="76.14" angle="0.00" type="DEFAULT_VEHTYPE" speed="12.66" pos="119.11" lane="2/1to2/0_0" slope="0.00"/>
        <vehicle id="38" x="198.35" y="152.98" angle="0.00" type="DEFAULT_VEHTYPE" speed="12.68" pos="42.27" lane="1/1to1/0_0" slope="0.00"/>
        <vehicle id="41" x="376.88" y="201.65" angle="-90.00" type="DEFAULT_VEHTYPE" speed="12.99" pos="18.37" lane="2/1to1/1_0" slope="0.00"/>
        <vehicle id="44" x="155.74" y="398.35" angle="90.00" type="DEFAULT_VEHTYPE" speed="13.43" pos="155.74" lane="0/2to1/2_0" slope="0.00"/>
        <vehicle id="48" x="70.31" y="398.35" angle="90.00" type="DEFAULT_VEHTYPE" speed="12.81" pos="70.31" lane="0/2to1/2_0" slope="0.00"/>
        <vehicle id="5" x="395.18" y="598.35" angle="90.00" type="DEFAULT_VEHTYPE" speed="5.37" pos="190.43" lane="1/3to2/3_0" slope="0.00"/>
        <vehicle id="7" x="398.35" y="227.54" angle="0.00" type="DEFAULT_VEHTYPE" speed="13.04" pos="167.71" lane="2/2to2/1_0" slope="0.00"/>
        <vehicle id="8" x="401.65" y="756.13" angle="180.00" type="DEFAULT_VEHTYPE" speed="13.39" pos="151.38" lane="2/3to2/4_0" slope="0.00"/>
    </timestep>
    <timestep time="217.00">
        <vehicle id="0" x="398.35" y="708.18" angle="0.00" type="DEFAULT_VEHTYPE" speed="13.11" pos="91.82" lane="2/4to2/3_0" slope="0.00"/>
        <vehicle id="1" x="45.33" y="201.65" angle="-90.00" type="DEFAULT_VEHTYPE" speed="13.13" pos="149.92" lane="1/1to0/1_0" slope="0.00"/>
        <vehicle id="17" x="398.35" y="359.21" angle="0.00" type="DEFAULT_VEHTYPE" speed="13.78" pos="36.04" lane="2/2to2/1_0" slope="0.00"/>
        <vehicle id="18" x="398.35" y="666.12" angle="0.00" type="DEFAULT_VEHTYPE" speed="12.65" pos="133.88" lane="2/4to2/3_0" slope="0.00"/>
        <vehicle id="21" x="401.65" y="796.73" angle="180.00" type="DEFAULT_VEHTYPE" speed="13.19" pos="191.98" lane="2/3to2/4_0" slope="0.00"/>
        <vehicle id="22" x="401.65" y="177.88" angle="180.00" type="DEFAULT_VEHTYPE" speed="13.23" pos="177.88" lane="2/0to2/1_0" slope="0.00"/>
        <vehicle id="24" x="201.65" y="428.39" angle="180.00" type="DEFAULT_VEHTYPE" speed="13.07" pos="23.64" lane="1/2to1/3_0" slope="0.00"/>
        <vehicle id="26" x="201.65" y="558.64" angle="180.00" type="DEFAULT_VEHTYPE" speed="13.80" pos="153.89" lane="1/2to1/3_0" slope="0.00"/>
        <vehicle id="28" x="323.39" y="401.65" angle="-90.00" type="DEFAULT_VEHTYPE" speed="13.47" pos="71.86" lane="2/2to1/2_0" slope="0.00"/>
        <vehicle id="32" x="90.75" y="401.65" angle="-90.00" type="DEFAULT_VEHTYPE" speed="12.94" pos="104.50" lane="1/2to0/2_0" slope="0.00"/>
        <vehicle id="35" x="401.65" y="722.17" angle="180.00" type="DEFAULT_VEHTYPE" speed="13.62" pos="117.42" lane="2/3to2/4_0" slope="0.00"/>
        <vehicle id="37" x="398.35" y="63.26" angle="0.00" type="DEFAULT_VEHTYPE" speed="12.88" pos="131.99" lane="2/1to2/0_0" slope="0.00"/>
        <vehicle id="38" x="198.35" y="139.76" angle="0.00" type="DEFAULT_VEHTYPE" speed="13.22" pos="55.49" lane="1/1to1/0_0" slope="0.00"/>
        <vehicle id="41" x="364.01" y="201.65" angle="-90.00" type="DEFAULT_VEHTYPE" speed="12.87" pos="31.24" lane="2/1to1/1_0" slope="0.00"/>
        <vehicle id="44" x="168.60" y="398.35" angle="90.00" type="DEFAULT_VEHTYPE" speed="12.86" pos="168.60" lane="0/2to1/2_0" slope="0.00"/>
        <vehicle id="48" x="83.33" y="398.35" angle="90.00" type="DEFAULT_VEHTYPE" speed="13.02" pos="83.33" lane="0/2to1/2_0" slope="0.00"/>
        <vehicle id="5" x="401.23" y="601.92" angle="132.20" type="DEFAULT_VEHTYPE" speed="7.52" pos="7.45" lane=":2/3_14_0" slope="0.00"/>
        <vehicle id="7" x="398.35" y="213.78" angle="0.00" type="DEFAULT_VEHTYPE" speed="13.77" pos="181.47" lane="2/2to2/1_0" slope="0.00"/>
        <vehicle id="8" x="401.65" y="769.80" angle="180.00" type="DEFAULT_VEHTYPE" speed="13.66" pos="165.05" lane="2/3to2/4_0" slope="0.00"/>
    </timestep>
    <timestep time="218.00">
        <vehicle id="0" x="398.35" y="695.04" angle="0.00" type="DEFAULT_VEHTYPE" speed="13.14" pos="104.96" lane="2/4to2/3_0" slope="0.00"/>
        <vehicle id="1" x="31.46" y="201.65" angle="-90.00" type="DEFAULT_VEHTYPE" speed="13.87" pos="163.79" lane="1/1to0/1_0" slope="0.00"/>
        <vehicle id="17" x="398.35" y="346.03" angle="0.00" type="DEFAULT_VEHTYPE" speed="13.18" pos="49.22" lane="2/2to2/1_0" slope="0.00"/>
        <vehicle id="18" x="398.35" y="653.37" angle="0.00" type="DEFAULT_VEHTYPE" speed="12.76" pos="146.63" lane="2/4to2/3_0" slope="0.00"/>
        <vehicle id="21" x="398.35" y="795.18" angle="-1.14" type="DEFAULT_VEHTYPE" speed="12.91" pos="4.82" lane="2/4to2/3_0" slope="0.00"/>
        <vehicle id="22" x="401.65" y="191.16" angle="180.00" type="DEFAULT_VEHTYPE" speed="13.29" pos="191.16" lane="2/0to2/1_0" slope="0.00"/>
        <vehicle id="24" x="201.65" y="441.67" angle="180.00" type="DEFAULT_VEHTYPE" speed="13.28" pos="36.92" lane="1/2to1/3_0" slope="0.00"/>
        <vehicle id="26" x="201.65" y="571.53" angle="180.00" type="DEFAULT_VEHTYPE" speed="12.88" pos="166.78" lane="1/2to1/3_0" slope="0.00"/>
        <vehicle id="28" x="310.18" y="401.65" angle="-90.00" type="DEFAULT_VEHTYPE" speed="13.21" pos="85.07" lane="2/2to1/2_0" slope="0.00"/>
        <vehicle id="32" x="77.25" y="401.65" angle="-90.00" type="DEFAULT_VEHTYPE" speed="13.50" pos="118.00" lane="1/2to0/2_0" slope="0.00"/>
        <vehicle id="35" x="401.65" y="734.89" angle="180.00" type="DEFAULT_VEHTYPE" speed="12.72" pos="130.14" lane="2/3to2/4_0" slope="0.00"/>
        <vehicle id="37" x="398.35" y="50.31" angle="0.00" type="DEFAULT_VEHTYPE" speed="12.95" pos="144.94" lane="2/1to2/0_0" slope="0.00"/>
        <vehicle id="38" x="198.35" y="127.08" angle="0.00" type="DEFAULT_VEHTYPE" speed="12.68" pos="68.17" lane="1/1to1/0_0" slope="0.00"/>
        <vehicle id="41" x="350.15" y="201.65" angle="-90.00" type="DEFAULT_VEHTYPE" speed="13.86" pos="45.10" lane="2/1to1/1_0" slope="0.00"/>
        <vehicle id="44" x="179.28" y="398.35" angle="90.00" type="DEFAULT_VEHTYPE" speed="10.68" pos="179.28" lane="0/2to1/2_0" slope="0.00"/>
        <vehicle id="48" x="96.03" y="398.35" angle="90.00" type="DEFAULT_VEHTYPE" speed="12.70" pos="96.03" lane="0/2to1/2_0" slope="0.00"/>
        <vehicle id="5" x="401.65" y="611.04" angle="180.00" type="DEFAULT_VEHTYPE" speed="9.15" pos="6.29" lane="2/3to2/4_0" slope="0.00"/>
        <vehicle id="7" x="396.28" y="201.79" angle="-27.37" type="DEFAULT_VEHTYPE" speed="12.99" pos="3.96" lane=":2/1_0_0" slope="0.00"/>
        <vehicle id="8" x="401.65" y="783.34" angle="180.00" type="DEFAULT_VEHTYPE" speed="13.55" pos="178.59" lane="2/3to2/4_0" slope="0.00"/>
    </timestep>
    <timestep time="219.00">
        <vehicle id="0" x="398.35" y="681.34" angle="0.00" type="DEFAULT_VEHTYPE" speed="13.70" pos="118.66" lane="2/4to2/3_0" slope="0.00"/>
        <vehicle id="1" x="17.98" y="201.65" angle="-90.00" type="DEFAULT_VEHTYPE" speed="13.48" pos="177.27" lane="1/1to0/1_0" slope="0.00"/>
        <vehicle id="17" x="398.35" y="333.06" angle="0.00" type="DEFAULT_VEHTYPE" speed="12.97" pos="62.19" lane="2/2to2/1_0" slope="0.00"/>
        <vehicle id="18" x="398.35" y="640.05" angle="0.00" type="DEFAULT_VEHTYPE" speed="13.32" pos="159.95" lane="2/4to2/3_0" slope="0.00"/>
        <vehicle id="21" x="398.35" y="781.67" angle="0.00" type="DEFAULT_VEHTYPE" speed="13.51" pos="18.33" lane="2/4to2/3_0" slope="0.00"/>
        <vehicle id="22" x="409.37" y="198.35" angle="90.61" type="DEFAULT_VEHTYPE" speed="13.71" pos="4.62" lane="2/1to3/1_0" slope="0.00"/>
        <vehicle id="24" x="201.65" y="455.57" angle="180.00" type="DEFAULT_VEHTYPE" speed="13.90" pos="50.82" lane="1/2to1/3_0" slope="0.00"/>
        <vehicle id="26" x="201.65" y="585.39" angle="180.00" type="DEFAULT_VEHTYPE" speed="13.86" pos="180.64" lane="1/2to1/3_0" slope="0.00"/>
        <vehicle id="28" x="297.38" y="401.65" angle="-90.00" type="DEFAULT_VEHTYPE" speed="12.80" pos="97.87" lane="2/2to1/2_0" slope="0.00"/>
        <vehicle id="32" x="63.74" y="401.65" angle="-90.00" type="DEFAULT_VEHTYPE" speed="13.50" pos="131.51" lane="1/2to0/2_0" slope="0.00"/>
        <vehicle id="35" x="401.65" y="748.47" angle="180.00" type="DEFAULT_VEHTYPE" speed="13.58" pos="143.72" lane="2/3to2/4_0" slope="0.00"/>
        <vehicle id="37" x="398.35" y="37.27" angle="0.00" type="DEFAULT_VEHTYPE" speed="13.04" pos="157.98" lane="2/1to2/0_0" slope="0.00"/>
        <vehicle id="38" x="198.35" y="114.13" angle="0.00" type="DEFAULT_VEHTYPE" speed="12.95" pos="81.12" lane="1/1to1/0_0" slope="0.00"/>
        <vehicle id="41" x="336.42" y="201.65" angle="-90.00" type="DEFAULT_VEHTYPE" speed="13.73" pos="58.83" lane="2/1to1/1_0" slope="0.00"/>
        <vehicle id="44" x="186.59" y="398.35" angle="90.00" type="DEFAULT_VEHTYPE" speed="7.32" pos="186.59" lane="0/2to1/2_0" slope="0.00"/>
        <vehicle id="48" x="108.91" y="398.35" angle="90.00" type="DEFAULT_VEHTYPE" speed="12.88" pos="108.91" lane="0/2to1/2_0" slope="0.00"/>
        <vehicle id="5" x="401.65" y="621.96" angle="180.00" type="DEFAULT_VEHTYPE" speed="10.92" pos="17.21" lane="2/3to2/4_0" slope="0.00"/>
        <vehicle id="7" x="382.73" y="201.65" angle="-90.00" type="DEFAULT_VEHTYPE" speed="13.56" pos="12.52" lane="2/1to1/1_0" slope="0.00"/>
        <vehicle id="8" x="401.65" y="797.04" angle="180.00" type="DEFAULT_VEHTYPE" speed="13.69" pos="192.29" lane="2/3to2/4_0" slope="0.00"/>
    </timestep>
    <timestep time="220.00">
        <vehicle id="0" x="398.35" y="668.08" angle="0.00" type="DEFAULT_VEHTYPE" speed="13.26" pos="131.92" lane="2/4to2/3_0" slope="0.00"/>
        <vehicle id="1" x="5.13" y="201.65" angle="-90.00" type="DEFAULT_VEHTYPE" speed="12.85" pos="190.12" lane="1/1to0/1_0" slope="0.00"/>
        <vehicle id="17" x="398.35" y="319.48" angle="0.00" type="DEFAULT_VEHTYPE" speed="13.58" pos="75.77" lane="2/2to2/1_0" slope="0.00"/>
        <vehicle id="18" x="398.35" y="626.91" angle="0.00" type="DEFAULT_VEHTYPE" speed="13.14" pos="173.09" lane="2/4to2/3_0" slope="0.00"/>
        <vehicle id="21" x="398.35" y="768.01" angle="0.00" type="DEFAULT_VEHTYPE" speed="13.66" pos="31.99" lane="2/4to2/3_0" slope="0.00"/>
        <vehicle id="22" x="422.22" y="198.35" angle="90.00" type="DEFAULT_VEHTYPE" speed="12.85" pos="17.47" lane="2/1to3/1_0" slope="0.00"/>
        <vehicle id="24" x="201.65" y="468.84" angle="180.00" type="DEFAULT_VEHTYPE" speed="13.28" pos="64.09" lane="1/2to1/3_0" slope="0.00"/>
        <vehicle id="26" x="202.82" y="597.82" angle="165.71" type="DEFAULT_VEHTYPE" speed="12.82" pos="2.97" lane=":1/3_8_0" slope="0.00"/>
        <vehicle id="28" x="283.98" y="401.65" angle="-90.00" type="DEFAULT_VEHTYPE" speed="13.40" pos="111.27" lane="2/2to1/2_0" slope="0.00"/>
        <vehicle id="32" x="50.95" y="401.65" angle="-90.00" type="DEFAULT_VEHTYPE" speed="12.79" pos="144.30" lane="1/2to0/2_0" slope="0.00"/>
        <vehicle id="35" x="401.65" y="761.70" angle="180.00" type="DEFAULT_VEHTYPE" speed="13.23" pos="156.95" lane="2/3to2/4_0" slope="0.00"/>
        <vehicle id="37" x="398.35" y="24.34" angle="0.00" type="DEFAULT_VEHTYPE" speed="12.93" pos="170.91" lane="2/1to2/0_0" slope="0.00"/>
        <vehicle id="38" x="198.35" y="100.66" angle="0.00" type="DEFAULT_VEHTYPE" speed="13.47" pos="94.59" lane="1/1to1/0_0" slope="0.00"/>
        <vehicle id="41" x="323.04" y="201.65" angle="-90.00" type="DEFAULT_VEHTYPE" speed="13.38" pos="72.21" lane="2/1to1/1_0" slope="0.00"/>
        <vehicle id="44" x="189.74" y="398.35" angle="90.00" type="DEFAULT_VEHTYPE" speed="3.15" pos="189.74" lane="0/2to1/2_0" slope="0.00"/>
        <vehicle id="48" x="122.01" y="398.35" angle="90.00" type="DEFAULT_VEHTYPE" speed="13.10" pos="122.01" lane="0/2to1/2_0" slope="0.00"/>
        <vehicle id="5" x="401.65" y="635.30" angle="180.00" type="DEFAULT_VEHTYPE" speed="13.34" pos="30.55" lane="2/3to2/4_0" slope="0.00"/>
        <vehicle id="7" x="369.45" y="201.65" angle="-90.00" type="DEFAULT_VEHTYPE" speed="13.28" pos="25.80" lane="2/1to1/1_0" slope="0.00"/>
        <vehicle id="8" x="398.35" y="794.87" angle="0.00" type="DEFAULT_VEHTYPE" speed="12.92" pos="5.13" lane="2/4to2/3_0" slope="0.00"/>
    </timestep>
    <timestep time="221.00">
        <vehicle id="0" x="398.35" y="654.57" angle="0.00" type="DEFAULT_VEHTYPE" speed="13.51" pos="145.43" lane="2/4to2/3_0" slope="0.00"/>
        <vehicle id="1" x="3.93" y="198.35" angle="82.92" type="DEFAULT_VEHTYPE" speed="13.87" pos="3.93" lane="0/1to1/1_0" slope="0.00"/>
        <vehicle id="17" x="398.35" y="306.55" angle="0.00" type="DEFAULT_VEHTYPE" speed="12.92" pos="88.70" lane="2/2to2/1_0" slope="0.00"/>
        <vehicle id="18" x="398.35" y="613.31" angle="0.00" type="DEFAULT_VEHTYPE" speed="13.60" pos="186.69" lane="2/4to2/3_0" slope="0.00"/>
        <vehicle id="21" x="398.35" y="754.43" angle="0.00" type="DEFAULT_VEHTYPE" speed="13.58" pos="45.57" lane="2/4to2/3_0" slope="0.00"/>
        <vehicle id="22" x="435.54" y="198.35" angle="90.00" type="DEFAULT_VEHTYPE" speed="13.32" pos="30.79" lane="2/1to3/1_0" slope="0.00"/>
        <vehicle id="24" x="201.65" y="481.50" angle="180.00" type="DEFAULT_VEHTYPE" speed="12.66" pos="76.75" lane="1/2to1/3_0" slope="0.00"/>
        <vehicle id="26" x="215.79" y="598.35" angle="90.00" type="DEFAULT_VEHTYPE" speed="13.08" pos="11.04" lane="1/3to2/3_0" slope="0.00"/>
        <vehicle id="28" x="270.10" y="401.65" angle="-90.00" type="DEFAULT_VEHTYPE" speed="13.88" pos="125.15" lane="2/2to1/2_0" slope="0.00"/>
        <vehicle id="32" x="37.46" y="401.65" angle="-90.00" type="DEFAULT_VEHTYPE" speed="13.50" pos="157.79" lane="1/2to0/2_0" slope="0.00"/>
        <vehicle id="35" x="401.65" y="774.33" angle="180.00" type="DEFAULT_VEHTYPE" speed="12.63" pos="169.58" lane="2/3to2/4_0" slope="0.00"/>
        <vehicle id="37" x="398.35" y="11.57" angle="0.00" type="DEFAULT_VEHTYPE" speed="12.77" pos="183.68" lane="2/1to2/0_0" slope="0.00"/>
        <vehicle id="38" x="198.35" y="87.88" angle="0.00" type="DEFAULT_VEHTYPE" speed="12.78" pos="107.37" lane="1/1to1/0_0" slope="0.00"/>
        <vehicle id="41" x="309.77" y="201.65" angle="-90.00" type="DEFAULT_VEHTYPE" speed="13.27" pos="85.48" lane="2/1to1/1_0" slope="0.00"/>
        <vehicle id="44" x="194.24" y="398.35" angle="90.00" type="DEFAULT_VEHTYPE" speed="4.50" pos="194.24" lane="0/2to1/2_0" slope="0.00"/>
        <vehicle id="48" x="134.72" y="398.35" angle="90.00" type="DEFAULT_VEHTYPE" speed="12.71" pos="134.72" lane="0/2to1/2_0" slope="0.00"/>
        <vehicle id="5" x="401.65" y="648.12" angle="180.00" type="DEFAULT_VEHTYPE" speed="12.82" pos="43.37" lane="2/3to2/4_0" slope="0.00"/>
        <vehicle id="7" x="356.69" y="201.65" angle="-90.00" type="DEFAULT_VEHTYPE" speed="12.76" pos="38.56" lane="2/1to1/1_0" slope="0.00"/>
        <vehicle id="8" x="398.35" y="781.86" angle="0.00" type="DEFAULT_VEHTYPE" speed="13.00" pos="18.14" lane="2/4to2/3_0" slope="0.00"/>
    </timestep>
    <timestep time="222.00">
        <vehicle id="0" x="398.35" y="641.87" angle="0.00" type="DEFAULT_VEHTYPE" speed="12.69" pos="158.13" lane="2/4to2/3_0" slope="0.00"/>
        <vehicle id="1" x="16.64" y="198.35" angle="90.00" type="DEFAULT_VEHTYPE" speed="12.71" pos="16.64" lane="0/1to1/1_0" slope="0.00"/>
        <vehicle id="17" x="398.35" y="292.71" angle="0.00" type="DEFAULT_VEHTYPE" speed="13.84" pos="102.54" lane="2/2to2/1_0" slope="0.00"/>
        <vehicle id="18" x="398.35" y="599.57" angle="0.00" type="DEFAULT_VEHTYPE" speed="13.73" pos="5.18" lane=":2/3_1_0" slope="0.00"/>
        <vehicle id="21" x="398.35" y="741.10" angle="0.00" type="DEFAULT_VEHTYPE" speed="13.33" pos="58.90" lane="2/4to2/3_0" slope="0.00"/>
        <vehicle id="22" x="448.34" y="198.35" angle="90.00" type="DEFAULT_VEHTYPE" speed="12.81" pos="43.59" lane="2/1to3/1_0" slope="0.00"/>
        <vehicle id="24" x="201.65" y="495.24" angle="180.00" type="DEFAULT_VEHTYPE" speed="13.74" pos="90.49" lane="1/2to1/3_0" slope="0.00"/>
        <vehicle id="26" x="229.55" y="598.35" angle="90.00" type="DEFAULT_VEHTYPE" speed="13.76" pos="24.80" lane="1/3to2/3_0" slope="0.00"/>
        <vehicle id="28" x="257.10" y="401.65" angle="-90.00" type="DEFAULT_VEHTYPE" speed="13.00" pos="138.15" lane="2/2to1/2_0" slope="0.00"/>
        <vehicle id="32" x="23.76" y="401.65" angle="-90.00" type="DEFAULT_VEHTYPE" speed="13.70" pos="171.49" lane="1/2to0/2_0" slope="0.00"/>
        <vehicle id="35" x="401.65" y="787.97" angle="180.00" type="DEFAULT_VEHTYPE" speed="13.64" pos="183.22" lane="2/3to2/4_0" slope="0.00"/>
        <vehicle id="37" x="399.51" y="-1.41" angle="14.38" type="DEFAULT_VEHTYPE" speed="13.44" pos="1.87" lane=":2/0_0_0" slope="0.00"/>
        <vehicle id="38" x="198.35" y="74.42" angle="0.00" type="DEFAULT_VEHTYPE" speed="13.46" pos="120.83" lane="1/1to1/0_0" slope="0.00"/>
        <vehicle id="41" x="296.85" y="201.65" angle="-90.00" type="DEFAULT_VEHTYPE" speed="12.93" pos="98.40" lane="2/1to1/1_0" slope="0.00"/>
        <vehicle id="44" x="200.27" y="400.31" angle="112.91" type="DEFAULT_VEHTYPE" speed="6.59" pos="5.58" lane=":1/2_14_0" slope="0.00"/>
        <vehicle id="48" x="148.04" y="398.35" angle="90.00" type="DEFAULT_VEHTYPE" speed="13.32" pos="148.04" lane="0/2to1/2_0" slope="0.00"/>
        <vehicle id="5" x="401.65" y="661.37" angle="180.00" type="DEFAULT_VEHTYPE" speed="13.26" pos="56.62" lane="2/3to2/4_0" slope="0.00"/>
        <vehicle id="7" x="343.82" y="201.65" angle="-90.00" type="DEFAULT_VEHTYPE" speed="12.87" pos="51.43" lane="2/1to1/1_0" slope="0.00"/>
        <vehicle id="8" x="398.35" y="768.65" angle="0.00" type="DEFAULT_VEHTYPE" speed="13.21" pos="31.35" lane="2/4to2/3_0" slope="0.00"/>
    </timestep>
    <timestep time="223.00">
        <vehicle id="0" x="398.35" y="628.54" angle="0.00" type="DEFAULT_VEHTYPE" speed="13.34" pos="171.46" lane="2/4to2/3_0" slope="0.00"/>
        <vehicle id="1" x="29.42" y="198.35" angle="90.00" type="DEFAULT_VEHTYPE" speed="12.78" pos="29.42" lane="0/1to1/1_0" slope="0.00"/>
        <vehicle id="17" x="398.35" y="279.61" angle="0.00" type="DEFAULT_VEHTYPE" speed="13.10" pos="115.64" lane="2/2to2/1_0" slope="0.00"/>
        <vehicle id="18" x="398.35" y="586.65" angle="0.00" type="DEFAULT_VEHTYPE" speed="12.92" pos="8.60" lane="2/3to2/2_0" slope="0.00"/>
        <vehicle id="21" x="398.35" y="728.25" angle="0.00" type="DEFAULT_VEHTYPE" speed="12.85" pos="71.75" lane="2/4to2/3_0" slope="0.00"/>
        <vehicle id="22" x="461.60" y="198.35" angle="90.00" type="DEFAULT_VEHTYPE" speed="13.26" pos="56.85" lane="2/1to3/1_0" slope="0.00"/>
        <vehicle id="24" x="201.65" y="508.42" angle="180.00" type="DEFAULT_VEHTYPE" speed="13.18" pos="103.67" lane="1/2to1/3_0" slope="0.00"/>
        <vehicle id="26" x="243.11" y="598.35" angle="90.00" type="DEFAULT_VEHTYPE" speed="13.56" pos="38.36" lane="1/3to2/3_0" slope="0.00"/>
        <vehicle id="28" x="243.82" y="401.65" angle="-90.00" type="DEFAULT_VEHTYPE" speed="13.28" pos="151.43" lane="2/2to1/2_0" slope="0.00"/>
        <vehicle id="32" x="10.39" y="401.65" angle="-90.00" type="DEFAULT_VEHTYPE" speed="13.37" pos="184.86" lane="1/2to0/2_0" slope="0.00"/>
        <vehicle id="35" x="400.98" y="801.02" angle="-172.01" type="DEFAULT_VEHTYPE" speed="13.25" pos="1.22" lane=":2/4_0_0" slope="0.00"/>
        <vehicle id="37" x="401.65" y="10.44" angle="180.00" type="DEFAULT_VEHTYPE" speed="13.39" pos="10.44" lane="2/0to2/1_0" slope="0.00"/>
        <vehicle id="38" x="198.35" y="61.27" angle="0.00" type="DEFAULT_VEHTYPE" speed="13.15" pos="133.98" lane="1/1to1/0_0" slope="0.00"/>
        <vehicle id="41" x="283.88" y="201.65" angle="-90.00" type="DEFAULT_VEHTYPE" speed="12.96" pos="111.37" lane="2/1to1/1_0" slope="0.00"/>
        <vehicle id="44" x="201.65" y="408.64" angle="178.20" type="DEFAULT_VEHTYPE" speed="8.64" pos="3.89" lane="1/2to1/3_0" slope="0.00"/>
        <vehicle id="48" x="160.88" y="398.35" angle="90.00" type="DEFAULT_VEHTYPE" speed="12.84" pos="160.88" lane="0/2to1/2_0" slope="0.00"/>
        <vehicle id="5" x="401.65" y="675.08" angle="180.00" type="DEFAULT_VEHTYPE" speed="13.70" pos="70.33" lane="2/3to2/4_0" slope="0.00"/>
        <vehicle id="7" x="330.76" y="201.65" angle="-90.00" type="DEFAULT_VEHTYPE" speed="13.06" pos="64.49" lane="2/1to1/1_0" slope="0.00"/>
        <vehicle id="8" x="398.35" y="755.66" angle="0.00" type="DEFAULT_VEHTYPE" speed="12.99" pos="44.34" lane="2/4to2/3_0" slope="0.00"/>
    </timestep>
    <timestep time="224.00">
        <vehicle id="0" x="398.35" y="615.18" angle="0.00" type="DEFAULT_VEHTYPE" speed="13.36" pos="184.82" lane="2/4to2/3_0" slope="0.00"/>
        <vehicle id="1" x="42.45" y="198.35" angle="90.00" type="DEFAULT_VEHTYPE" speed="13.03" pos="42.45" lane="0/1to1/1_0" slope="0.00"/>
        <vehicle id="17" x="398.35" y="266.42" angle="0.00" type="DEFAULT_VEHTYPE" speed="13.19" pos="128.83" lane="2/2to2/1_0" slope="0.00"/>
        <vehicle id="18" x="398.35" y="572.77" angle="0.00" type="DEFAULT_VEHTYPE" speed="13.88" pos="22.48" lane="2/3to2/2_0" slope="0.00"/>
        <vehicle id="21" x="398.35" y="714.90" angle="0.00" type="DEFAULT_VEHTYPE" speed="13.35" pos="85.10" lane="2/4to2/3_0" slope="0.00"/>
        <vehicle id="22" x="474.75" y="198.35" angle="90.00" type="DEFAULT_VEHTYPE" speed="13.14" pos="70.00" lane="2/1to3/1_0" slope="0.00"/>
        <vehicle id="24" x="201.65" y="521.06" angle="180.00" type="DEFAULT_VEHTYPE" speed="12.64" pos="116.31" lane="1/2to1/3_0" slope="0.00"/>
        <vehicle id="26" x="256.84" y="598.35" angle="90.00" type="DEFAULT_VEHTYPE" speed="13.72" pos="52.09" lane="1/3to2/3_0" slope="0.00"/>
        <vehicle id="28" x="230.42" y="401.65" angle="-90.00" type="DEFAULT_VEHTYPE" speed="13.40" pos="164.83" lane="2/2to1/2_0" slope="0.00"/>
        <vehicle id="32" x="-1.54" y="399.78" angle="-64.24" type="DEFAULT_VEHTYPE" speed="13.05" pos="2.66" lane=":0/2_0_0" slope="0.00"/>
        <vehicle id="35" x="398.35" y="789.81" angle="0.00" type="DEFAULT_VEHTYPE" speed="13.79" pos="10.19" lane="2/4to2/3_0" slope="0.00"/>
        <vehicle id="37" x="401.65" y="23.47" angle="180.00" type="DEFAULT_VEHTYPE" speed="13.04" pos="23.47" lane="2/0to2/1_0" slope="0.00"/>
        <vehicle id="38" x="198.35" y="48.28" angle="0.00" type="DEFAULT_VEHTYPE" speed="12.99" pos="146.97" lane="1/1to1/0_0" slope="0.00"/>
        <vehicle id="41" x="270.98" y="201.65" angle="-90.00" type="DEFAULT_VEHTYPE" speed="12.90" pos="124.27" lane="2/1to1/1_0" slope="0.00"/>
        <vehicle id="44" x="201.65" y="419.27" angle="180.00" type="DEFAULT_VEHTYPE" speed="10.63" pos="14.52" lane="1/2to1/3_0" slope="0.00"/>
        <vehicle id="48" x="172.85" y="398.35" angle="90.00" type="DEFAULT_VEHTYPE" speed="11.97" pos="172.85" lane="0/2to1/2_0" slope="0.00"/>
        <vehicle id="5" x="401.65" y="688.78" angle="180.00" type="DEFAULT_VEHTYPE" speed="13.71" pos="84.03" lane="2/3to2/4_0" slope="0.00"/>
        <vehicle id="7" x="317.88" y="201.65" angle="-90.00" type="DEFAULT_VEHTYPE" speed="12.88" pos="77.37" lane="2/1to1/1_0" slope="0.00"/>
        <vehicle id="8" x="398.35" y="742.21" angle="0.00" type="DEFAULT_VEHTYPE" speed="13.45" pos="57.79" lane="2/4to2/3_0" slope="0.00"/>
    </timestep>
    <timestep time="225.00">
        <vehicle id="0" x="398.35" y="602.14" angle="0.00" type="DEFAULT_VEHTYPE" speed="13.04" pos="2.61" lane=":2/3_1_0" slope="0.00"/>
        <vehicle id="1" x="55.46" y="198.35" angle="90.00" type="DEFAULT_VEHTYPE" speed="13.02" pos="55.46" lane="0/1to1/1_0" slope="0.00"/>
        <vehicle id="17" x="398.35" y="253.30" angle="0.00" type="DEFAULT_VEHTYPE" speed="13.12" pos="141.95" lane="2/2to2/1_0" slope="0.00"/>
        <vehicle id="18" x="398.35" y="559.73" angle="0.00" type="DEFAULT_VEHTYPE" speed="13.04" pos="35.52" lane="2/3to2/2_0" slope="0.00"/>
        <vehicle id="21" x="398.35" y="701.03" angle="0.00" type="DEFAULT_VEHTYPE" speed="13.87" pos="98.97" lane="2/4to2/3_0" slope="0.00"/>
        <vehicle id="22" x="488.39" y="198.35" angle="90.00" type="DEFAULT_VEHTYPE" speed="13.65" pos="83.64" lane="2/1to3/1_0" slope="0.00"/>
        <vehicle id="24" x="201.65" y="534.80" angle="180.00" type="DEFAULT_VEHTYPE" speed="13.74" pos="130.05" lane="1/2to1/3_0" slope="0.00"/>
        <vehicle id="26" x="269.70" y="598.35" angle="90.00" type="DEFAULT_VEHTYPE" speed="12.86" pos="64.95" lane="1/3to2/3_0" slope="0.00"/>
        <vehicle id="28" x="220.16" y="401.65" angle="-90.00" type="DEFAULT_VEHTYPE" speed="10.27" pos="175.09" lane="2/2to1/2_0" slope="0.00"/>
        <vehicle id="32" x="11.41" y="398.35" angle="90.00" type="DEFAULT_VEHTYPE" speed="13.57" pos="11.41" lane="0/2to1/2_0" slope="0.00"/>
        <vehicle id="35" x="398.35" y="777.00" angle="0.00" type="DEFAULT_VEHTYPE" speed="12.81" pos="23.00" lane="2/4to2/3_0" slope="0.00"/>
        <vehicle id="37" x="401.65" y="36.54" angle="180.00" type="DEFAULT_VEHTYPE" speed="13.07" pos="36.54" lane="2/0to2/1_0" slope="0.00"/>
        <vehicle id="38" x="198.35" y="34.76" angle="0.00" type="DEFAULT_VEHTYPE" speed="13.51" pos="160.49" lane="1/1to1/0_0" slope="0.00"/>
        <vehicle id="41" x="258.28" y="201.65" angle="-90.00" type="DEFAULT_VEHTYPE" speed="12.70" pos="136.97" lane="2/1to1/1_0" slope="0.00"/>
        <vehicle id="44" x="201.65" y="432.38" angle="180.00" type="DEFAULT_VEHTYPE" speed="13.11" pos="27.63" lane="1/2to1/3_0" slope="0.00"/>
        <vehicle id="48" x="182.20" y="398.35" angle="90.00" type="DEFAULT_VEHTYPE" speed="9.35" pos="182.20" lane="0/2to1/2_0" slope="0.00"/>
        <vehicle id="5" x="401.65" y="701.83" angle="180.00" type="DEFAULT_VEHTYPE" speed="13.04" pos="97.08" lane="2/3to2/4_0" slope="0.00"/>
        <vehicle id="7" x="304.52" y="201.65" angle="-90.00" type="DEFAULT_VEHTYPE" speed="13.37" pos="90.73" lane="2/1to1/1_0" slope="0.00"/>
        <vehicle id="8" x="398.35" y="729.37" angle="0.00" type="DEFAULT_VEHTYPE" speed="12.83" pos="70.63" lane="2/4to2/3_0" slope="0.00"/>
    </timestep>
    <timestep time="226.00">
        <vehicle id="0" x="398.35" y="589.52" angle="0.00" type="DEFAULT_VEHTYPE" speed="12.62" pos="5.73" lane="2/3to2/2_0" slope="0.00"/>
        <vehicle id="1" x="69.13" y="198.35" angle="90.00" type="DEFAULT_VEHTYPE" speed="13.66" pos="69.13" lane="0/1to1/1_0" slope="0.00"/>
        <vehicle id="17" x="398.35" y="240.37" angle="0.00" type="DEFAULT_VEHTYPE" speed="12.92" pos="154.88" lane="2/2to2/1_0" slope="0.00"/>
        <vehicle id="18" x="398.35" y="546.89" angle="0.00" type="DEFAULT_VEHTYPE" speed="12.84" pos="48.36" lane="2/3to2/2_0" slope="0.00"/>
        <vehicle id="21" x="398.35" y="688.11" angle="0.00" type="DEFAULT_VEHTYPE" speed="12.91" pos="111.89" lane="2/4to2/3_0" slope="0.00"/>
        <vehicle id="22" x="502.20" y="198.35" angle="90.00" type="DEFAULT_VEHTYPE" speed="13.80" pos="97.45" lane="2/1to3/1_0" slope="0.00"/>
        <vehicle id="24" x="201.65" y="548.19" angle="180.00" type="DEFAULT_VEHTYPE" speed="13.40" pos="143.44" lane="1/2to1/3_0" slope="0.00"/>
        <vehicle id="26" x="282.60" y="598.35" angle="90.00" type="DEFAULT_VEHTYPE" speed="12.90" pos="77.85" lane="1/3to2/3_0" slope="0.00"/>
        <vehicle id="28" x="213.48" y="401.65" angle="-90.00" type="DEFAULT_VEHTYPE" speed="6.68" pos="181.77" lane="2/2to1/2_0" slope="0.00"/>
        <vehicle id="32" x="24.54" y="398.35" angle="90.00" type="DEFAULT_VEHTYPE" speed="13.13" pos="24.54" lane="0/2to1/2_0" slope="0.00"/>
        <vehicle id="35" x="398.35" y="763.27" angle="0.00" type="DEFAULT_VEHTYPE" speed="13.73" pos="36.73" lane="2/4to2/3_0" slope="0.00"/>
        <vehicle id="37" x="401.65" y="49.26" angle="180.00" type="DEFAULT_VEHTYPE" speed="12.72" pos="49.26" lane="2/0to2/1_0" slope="0.00"/>
        <vehicle id="38" x="198.35" y="21.85" angle="0.00" type="DEFAULT_VEHTYPE" speed="12.91" pos="173.40" lane="1/1to1/0_0" slope="0.00"/>
        <vehicle id="41" x="245.65" y="201.65" angle="-90.00" type="DEFAULT_VEHTYPE" speed="12.62" pos="149.60" lane="2/1to1/1_0" slope="0.00"/>
        <vehicle id="44" x="201.65" y="446.21" angle="180.00" type="DEFAULT_VEHTYPE" speed="13.83" pos="41.46" lane="1/2to1/3_0" slope="0.00"/>
        <vehicle id="48" x="187.29" y="398.35" angle="90.00" type="DEFAULT_VEHTYPE" speed="5.09" pos="187.29" lane="0/2to1/2_0" slope="0.00"/>
        <vehicle id="5" x="401.65" y="714.71" angle="180.00" type="DEFAULT_VEHTYPE" speed="12.88" pos="109.96" lane="2/3to2/4_0" slope="0.00"/>
        <vehicle id="7" x="290.89" y="201.65" angle="-90.00" type="DEFAULT_VEHTYPE" speed="13.63" pos="104.36" lane="2/1to1/1_0" slope="0.00"/>
        <vehicle id="8" x="398.35" y="715.76" angle="0.00" type="DEFAULT_VEHTYPE" speed="13.61" pos="84.24" lane="2/4to2/3_0" slope="0.00"/>
    </timestep>
    <timestep time="227.00">
        <vehicle id="0" x="398.35" y="575.77" angle="0.00" type="DEFAULT_VEHTYPE" speed="13.74" pos="19.48" lane="2/3to2/2_0" slope="0.00"/>
        <vehicle id="1" x="82.19" y="198.35" angle="90.00" type="DEFAULT_VEHTYPE" speed="13.06" pos="82.19" lane="0/1to1/1_0" slope="0.00"/>
        <vehicle id="17" x="398.35" y="227.70" angle="0.00" type="DEFAULT_VEHTYPE" speed="12.67" pos="167.55" lane="2/2to2/1_0" slope="0.00"/>
        <vehicle id="18" x="398.35" y="534.21" angle="0.00" type="DEFAULT_VEHTYPE" speed="12.68" pos="61.04" lane="2/3to2/2_0" slope="0.00"/>
        <vehicle id="21" x="398.35" y="675.41" angle="0.00" type="DEFAULT_VEHTYPE" speed="12.70" pos="124.59" lane="2/4to2/3_0" slope="0.00"/>
        <vehicle id="22" x="515.05" y="198.35" angle="90.00" type="DEFAULT_VEHTYPE" speed="12.86" pos="110.30" lane="2/1to3/1_0" slope="0.00"/>
        <vehicle id="24" x="201.65" y="561.67" angle="180.00" type="DEFAULT_VEHTYPE" speed="13.47" pos="156.92" lane="1/2to1/3_0" slope="0.00"/>
        <vehicle id="26" x="296.35" y="598.35" angle="90.00" type="DEFAULT_VEHTYPE" speed="13.75" pos="91.60" lane="1/3to2/3_0" slope="0.00"/>
        <vehicle id="28" x="209.34" y="401.65" angle="-90.00" type="DEFAULT_VEHTYPE" speed="4.14" pos="185.91" lane="2/2to1/2_0" slope="0.00"/>
        <vehicle id="32" x="38.31" y="398.35" angle="90.00" type="DEFAULT_VEHTYPE" speed="13.76" pos="38.31" lane="0/2to1/2_0" slope="0.00"/>
        <vehicle id="35" x="398.35" y="749.43" angle="0.00" type="DEFAULT_VEHTYPE" speed="13.84" pos="50.57" lane="2/4to2/3_0" slope="0.00"/>
        <vehicle id="37" x="401.65" y="62.35" angle="180.00" type="DEFAULT_VEHTYPE" speed="13.10" pos="62.35" lane="2/0to2/1_0" slope="0.00"/>
        <vehicle id="38" x="198.35" y="7.98" angle="0.00" type="DEFAULT_VEHTYPE" speed="13.87" pos="187.27" lane="1/1to1/0_0" slope="0.00"/>
        <vehicle id="41" x="232.15" y="201.65" angle="-90.00" type="DEFAULT_VEHTYPE" speed="13.50" pos="163.10" lane="2/1to1/1_0" slope="0.00"/>
        <vehicle id="44" x="201.65" y="459.75" angle="180.00" type="DEFAULT_VEHTYPE" speed="13.54" pos="55.00" lane="1/2to1/3_0" slope="0.00"/>
        <vehicle id="48" x="190.66" y="398.35" angle="90.00" type="DEFAULT_VEHTYPE" speed="3.37" pos="190.66" lane="0/2to1/2_0" slope="0.00"/>
        <vehicle id="5" x="401.65" y="727.70" angle="180.00" type="DEFAULT_VEHTYPE" speed="12.99" pos="122.95" lane="2/3to2/4_0" slope="0.00"/>
        <vehicle id="7" x="277.81" y="201.65" angle="-90.00" type="DEFAULT_VEHTYPE" speed="13.09" pos="117.44" lane="2/1to1/1_0" slope="0.00"/>
        <vehicle id="8" x="398.35" y="702.15" angle="0.00" type="DEFAULT_VEHTYPE" speed="13.61" pos="97.85" lane="2/4to2/3_0" slope="0.00"/>
    </timestep>
    <timestep time="228.00">
        <vehicle id="0" x="398.35" y="563.03" angle="0.00" type="DEFAULT_VEHTYPE" speed="12.75" pos="32.22" lane="2/3to2/2_0" slope="0.00"/>
        <vehicle id="1" x="95.22" y="198.35" angle="90.00" type="DEFAULT_VEHTYPE" speed="13.03" pos="95.22" lane="0/1to1/1_0" slope="0.00"/>
        <vehicle id="17" x="398.35" y="214.85" angle="0.00" type="DEFAULT_VEHTYPE" speed="12.85" pos="180.40" lane="2/2to2/1_0" slope="0.00"/>
        <vehicle id="18" x="398.35" y="520.79" angle="0.00" type="DEFAULT_VEHTYPE" speed="13.42" pos="74.46" lane="2/3to2/2_0" slope="0.00"/>
        <vehicle id="21" x="398.35" y="662.76" angle="0.00" type="DEFAULT_VEHTYPE" speed="12.65" pos="137.24" lane="2/4to2/3_0" slope="0.00"/>
        <vehicle id="22" x="527.81" y="198.35" angle="90.00" type="DEFAULT_VEHTYPE" speed="12.76" pos="123.06" lane="2/1to3/1_0" slope="0.00"/>
        <vehicle id="24" x="201.65" y="574.56" angle="180.00" type="DEFAULT_VEHTYPE" speed="12.90" pos="169.81" lane="1/2to1/3_0" slope="0.00"/>
        <vehicle id="26" x="309.60" y="598.35" angle="90.00" type="DEFAULT_VEHTYPE" speed="13.25" pos="104.85" lane="1/3to2/3_0" slope="0.00"/>
        <vehicle id="28" x="202.81" y="401.65" angle="-90.00" type="DEFAULT_VEHTYPE" speed="6.53" pos="1.94" lane=":1/2_5_0" slope="0.00"/>
        <vehicle id="32" x="51.22" y="398.35" angle="90.00" type="DEFAULT_VEHTYPE" speed="12.92" pos="51.22" lane="0/2to1/2_0" slope="0.00"/>
        <vehicle id="35" x="398.35" y="736.83" angle="0.00" type="DEFAULT_VEHTYPE" speed="12.61" pos="63.17" lane="2/4to2/3_0" slope="0.00"/>
        <vehicle id="37" x="401.65" y="75.37" angle="180.00" type="DEFAULT_VEHTYPE" speed="13.02" pos="75.37" lane="2/0to2/1_0" slope="0.00"/>
        <vehicle id="38" x="201.65" y="0.36" angle="99.13" type="DEFAULT_VEHTYPE" speed="13.16" pos="0.36" lane="1/0to1/1_0" slope="0.00"/>
        <vehicle id="41" x="221.22" y="201.65" angle="-90.00" type="DEFAULT_VEHTYPE" speed="10.93" pos="174.03" lane="2/1to1/1_0" slope="0.00"/>
        <vehicle id="44" x="201.65" y="472.53" angle="180.00" type="DEFAULT_VEHTYPE" speed="12.78" pos="67.78" lane="1/2to1/3_0" slope="0.00"/>
        <vehicle id="48" x="191.82" y="398.35" angle="90.00" type="DEFAULT_VEHTYPE" speed="1.17" pos="191.82" lane="0/2to1/2_0" slope="0.00"/>
        <vehicle id="5" x="401.65" y="740.74" angle="180.00" type="DEFAULT_VEHTYPE" speed="13.03" pos="135.99" lane="2/3to2/4_0" slope="0.00"/>
        <vehicle id="7" x="264.79" y="201.65" angle="-90.00" type="DEFAULT_VEHTYPE" speed="13.02" pos="130.46" lane="2/1to1/1_0" slope="0.00"/>
        <vehicle id="8" x="398.35" y="689.49" angle="0.00" type="DEFAULT_VEHTYPE" speed="12.66" pos="110.51" lane="2/4to2/3_0" slope="0.00"/>
    </timestep>
    <timestep time="229.00">
        <vehicle id="0" x="398.35" y="550.17" angle="0.00" type="DEFAULT_VEHTYPE" speed="12.86" pos="45.08" lane="2/3to2/2_0" slope="0.00"/>
        <vehicle id="1" x="108.57" y="198.35" angle="90.00" type="DEFAULT_VEHTYPE" speed="13.34" pos="108.57" lane="0/1to1/1_0" slope="0.00"/>
        <vehicle id="17" x="396.92" y="202.03" angle="-17.71" type="DEFAULT_VEHTYPE" speed="13.37" pos="3.26" lane=":2/1_0_0" slope="0.00"/>
        <vehicle id="18" x="398.35" y="507.11" angle="0.00" type="DEFAULT_VEHTYPE" speed="13.68" pos="88.14" lane="2/3to2/2_0" slope="0.00"/>
        <vehicle id="21" x="398.35" y="648.87" angle="0.00" type="DEFAULT_VEHTYPE" speed="13.89" pos="151.13" lane="2/4to2/3_0" slope="0.00"/>
        <vehicle id="22" x="541.04" y="198.35" angle="90.00" type="DEFAULT_VEHTYPE" speed="13.23" pos="136.29" lane="2/1to3/1_0" slope="0.00"/>
        <vehicle id="24" x="201.65" y="587.57" angle="180.00" type="DEFAULT_VEHTYPE" speed="13.01" pos="182.82" lane="1/2to1/3_0" slope="0.00"/>
        <vehicle id="26" x="323.33" y="598.35" angle="90.00" type="DEFAULT_VEHTYPE" speed="13.73" pos="118.58" lane="1/3to2/3_0" slope="0.00"/>
        <vehicle id="28" x="194.23" y="401.65" angle="-90.00" type="DEFAULT_VEHTYPE" speed="8.58" pos="1.02" lane="1/2to0/2_0" slope="0.00"/>
        <vehicle id="32" x="64.50" y="398.35" angle="90.00" type="DEFAULT_VEHTYPE" speed="13.27" pos="64.50" lane="0/2to1/2_0" slope="0.00"/>
        <vehicle id="35" x="398.35" y="723.62" angle="0.00" type="DEFAULT_VEHTYPE" speed="13.21" pos="76.38" lane="2/4to2/3_0" slope="0.00"/>
        <vehicle id="37" x="401.65" y="88.63" angle="180.00" type="DEFAULT_VEHTYPE" speed="13.26" pos="88.63" lane="2/0to2/1_0" slope="0.00"/>
        <vehicle id="38" x="201.65" y="13.68" angle="180.00" type="DEFAULT_VEHTYPE" speed="13.32" pos="13.68" lane="1/0to1/1_0" slope="0.00"/>
        <vehicle id="41" x="214.80" y="201.65" angle="-90.00" type="DEFAULT_VEHTYPE" speed="6.43" pos="180.45" lane="2/1to1/1_0" slope="0.00"/>
        <vehicle id="44" x="201.65" y="485.32" angle="180.00" type="DEFAULT_VEHTYPE" speed="12.79" pos="80.57" lane="1/2to1/3_0" slope="0.00"/>
        <vehicle id="48" x="192.27" y="398.35" angle="90.00" type="DEFAULT_VEHTYPE" speed="0.45" pos="192.27" lane="0/2to1/2_0" slope="0.00"/>
        <vehicle id="5" x="401.65" y="753.49" angle="180.00" type="DEFAULT_VEHTYPE" speed="12.75" pos="148.74" lane="2/3to2/4_0" slope="0.00"/>
        <vehicle id="7" x="251.37" y="201.65" angle="-90.00" type="DEFAULT_VEHTYPE" speed="13.42" pos="143.88" lane="2/1to1/1_0" slope="0.00"/>
        <vehicle id="8" x="398.35" y="676.44" angle="0.00" type="DEFAULT_VEHTYPE" speed="13.05" pos="123.56" lane="2/4to2/3_0" slope="0.00"/>
    </timestep>
    <timestep time="230.00">
        <vehicle id="0" x="398.35" y="537.27" angle="0.00" type="DEFAULT_VEHTYPE" speed="12.90" pos="57.98" lane="2/3to2/2_0" slope="0.00"/>
        <vehicle id="1" x="122.04" y="198.35" angle="90.00" type="DEFAULT_VEHTYPE" speed="13.48" pos="122.04" lane="0/1to1/1_0" slope="0.00"/>
        <vehicle id="17" x="384.36" y="201.65" angle="-90.00" type="DEFAULT_VEHTYPE" speed="12.63" pos="10.89" lane="2/1to1/1_0" slope="0.00"/>
        <vehicle id="18" x="398.35" y="493.25" angle="0.00" type="DEFAULT_VEHTYPE" speed="13.86" pos="102.00" lane="2/3to2/2_0" slope="0.00"/>
        <vehicle id="21" x="398.35" y="635.81" angle="0.00" type="DEFAULT_VEHTYPE" speed="13.06" pos="164.19" lane="2/4to2/3_0" slope="0.00"/>
        <vehicle id="22" x="554.03" y="198.35" angle="90.00" type="DEFAULT_VEHTYPE" speed="12.99" pos="149.28" lane="2/1to3/1_0" slope="0.00"/>
        <vehicle id="24" x="205.04" y="598.35" angle="129.95" type="DEFAULT_VEHTYPE" speed="12.97" pos="0.29" lane="1/3to2/3_0" slope="0.00"/>
        <vehicle id="26" x="336.74" y="598.35" angle="90.00" type="DEFAULT_VEHTYPE" speed="13.40" pos="131.99" lane="1/3to2/3_0" slope="0.00"/>
        <vehicle id="28" x="183.08" y="401.65" angle="-90.00" type="DEFAULT_VEHTYPE" speed="11.15" pos="12.17" lane="1/2to0/2_0" slope="0.00"/>
        <vehicle id="32" x="78.11" y="398.35" angle="90.00" type="DEFAULT_VEHTYPE" speed="13.61" pos="78.11" lane="0/2to1/2_0" slope="0.00"/>
        <vehicle id="35" x="398.35" y="710.29" angle="0.00" type="DEFAULT_VEHTYPE" speed="13.33" pos="89.71" lane="2/4to2/3_0" slope="0.00"/>
        <vehicle id="37" x="401.65" y="102.53" angle="180.00" type="DEFAULT_VEHTYPE" speed="13.89" pos="102.53" lane="2/0to2/1_0" slope="0.00"/>
        <vehicle id="38" x="201.65" y="26.75" angle="180.00" type="DEFAULT_VEHTYPE" speed="13.07" pos="26.75" lane="1/0to1/1_0" slope="0.00"/>
        <vehicle id="41" x="210.69" y="201.65" angle="-90.00" type="DEFAULT_VEHTYPE" speed="4.10" pos="184.56" lane="2/1to1/1_0" slope="0.00"/>
        <vehicle id="44" x="201.65" y="498.85" angle="180.00" type="DEFAULT_VEHTYPE" speed="13.53" pos="94.10" lane="1/2to1/3_0" slope="0.00"/>
        <vehicle id="48" x="195.13" y="398.35" angle="90.00" type="DEFAULT_VEHTYPE" speed="2.86" pos="195.13" lane="0/2to1/2_0" slope="0.00"/>
        <vehicle id="5" x="401.65" y="766.10" angle="180.00" type="DEFAULT_VEHTYPE" speed="12.61" pos="161.35" lane="2/3to2/4_0" slope="0.00"/>
        <vehicle id="7" x="238.12" y="201.65" angle="-90.00" type="DEFAULT_VEHTYPE" speed="13.26" pos="157.13" lane="2/1to1/1_0" slope="0.00"/>
        <vehicle id="8" x="398.35" y="663.28" angle="0.00" type="DEFAULT_VEHTYPE" speed="13.16" pos="136.72" lane="2/4to2/3_0" slope="0.00"/>
    </timestep>
    <timestep time="231.00">
        <vehicle id="0" x="398.35" y="523.45" angle="0.00" type="DEFAULT_VEHTYPE" speed="13.82" pos="71.80" lane="2/3to2/2_0" slope="0.00"/>
        <vehicle id="1" x="135.00" y="198.35" angle="90.00" type="DEFAULT_VEHTYPE" speed="12.95" pos="135.00" lane="0/1to1/1_0" slope="0.00"/>
        <vehicle id="17" x="371.37" y="201.65" angle="-90.00" type="DEFAULT_VEHTYPE" speed="12.99" pos="23.88" lane="2/1to1/1_0" slope="0.00"/>
        <vehicle id="18" x="398.35" y="480.29" angle="0.00" type="DEFAULT_VEHTYPE" speed="12.96" pos="114.96" lane="2/3to2/2_0" slope="0.00"/>
        <vehicle id="21" x="398.35" y="622.66" angle="0.00" type="DEFAULT_VEHTYPE" speed="13.15" pos="177.34" lane="2/4to2/3_0" slope="0.00"/>
        <vehicle id="22" x="567.89" y="198.35" angle="90.00" type="DEFAULT_VEHTYPE" speed="13.86" pos="163.14" lane="2/1to3/1_0" slope="0.00"/>
        <vehicle id="24" x="218.72" y="598.35" angle="90.00" type="DEFAULT_VEHTYPE" speed="13.67" pos="13.97" lane="1/3to2/3_0" slope="0.00"/>
        <vehicle id="26" x="349.59" y="598.35" angle="90.00" type="DEFAULT_VEHTYPE" speed="12.85" pos="144.84" lane="1/3to2/3_0" slope="0.00"/>
        <vehicle id="28" x="169.65" y="401.65" angle="-90.00" type="DEFAULT_VEHTYPE" speed="13.44" pos="25.60" lane="1/2to0/2_0" slope="0.00"/>
        <vehicle id="32" x="91.45" y="398.35" angle="90.00" type="DEFAULT_VEHTYPE" speed="13.34" pos="91.45" lane="0/2to1/2_0" slope="0.00"/>
        <vehicle id="35" x="398.35" y="696.43" angle="0.00" type="DEFAULT_VEHTYPE" speed="13.86" pos="103.57" lane="2/4to2/3_0" slope="0.00"/>
        <vehicle id="37" x="401.65" y="116.41" angle="180.00" type="DEFAULT_VEHTYPE" speed="13.89" pos="116.41" lane="2/0to2/1_0" slope="0.00"/>
        <vehicle id="38" x="201.65" y="39.81" angle="180.00" type="DEFAULT_VEHTYPE" speed="13.06" pos="39.81" lane="1/0to1/1_0" slope="0.00"/>
        <vehicle id="41" x="204.19" y="201.73" angle="-90.89" type="DEFAULT_VEHTYPE" speed="6.50" pos="0.56" lane=":1/1_4_0" slope="0.00"/>
        <vehicle id="44" x="201.65" y="511.75" angle="180.00" type="DEFAULT_VEHTYPE" speed="12.90" pos="107.00" lane="1/2to1/3_0" slope="0.00"/>
        <vehicle id="48" x="199.94" y="399.89" angle="108.19" type="DEFAULT_VEHTYPE" speed="5.15" pos="5.04" lane=":1/2_14_0" slope="0.00"/>
        <vehicle id="5" x="401.65" y="779.06" angle="180.00" type="DEFAULT_VEHTYPE" speed="12.96" pos="174.31" lane="2/3to2/4_0" slope="0.00"/>
        <vehicle id="7" x="228.96" y="201.65" angle="-90.00" type="DEFAULT_VEHTYPE" speed="9.16" pos="166.29" lane="2/1to1/1_0" slope="0.00"/>
        <vehicle id="8" x="398.35" y="649.60" angle="0.00" type="DEFAULT_VEHTYPE" speed="13.69" pos="150.40" lane="2/4to2/3_0" slope="0.00"/>
    </timestep>
    <timestep time="232.00">
        <vehicle id="0" x="398.35" y="510.74" angle="0.00" type="DEFAULT_VEHTYPE" speed="12.71" pos="84.51" lane="2/3to2/2_0" slope="0.00"/>
        <vehicle id="1" x="148.84" y="198.35" angle="90.00" type="DEFAULT_VEHTYPE" speed="13.85" pos="148.84" lane="0/1to1/1_0" slope="0.00"/>
        <vehicle id="17" x="358.04" y="201.65" angle="-90.00" type="DEFAULT_VEHTYPE" speed="13.33" pos="37.21" lane="2/1to1/1_0" slope="0.00"/>
        <vehicle id="18" x="398.35" y="466.39" angle="0.00" type="DEFAULT_VEHTYPE" speed="13.90" pos="128.86" lane="2/3to2/2_0" slope="0.00"/>
        <vehicle id="21" x="398.35" y="609.96" angle="0.00" type="DEFAULT_VEHTYPE" speed="12.70" pos="190.04" lane="2/4to2/3_0" slope="0.00"/>
        <vehicle id="22" x="578.68" y="198.35" angle="90.00" type="DEFAULT_VEHTYPE" speed="10.79" pos="173.93" lane="2/1to3/1_0" slope="0.00"/>
        <vehicle id="24" x="231.34" y="598.35" angle="90.00" type="DEFAULT_VEHTYPE" speed="12.62" pos="26.59" lane="1/3to2/3_0" slope="0.00"/>
        <vehicle id="26" x="363.01" y="598.35" angle="90.00" type="DEFAULT_VEHTYPE" speed="13.42" pos="158.26" lane="1/3to2/3_0" slope="0.00"/>
        <vehicle id="28" x="155.94" y="401.65" angle="-90.00" type="DEFAULT_VEHTYPE" speed="13.71" pos="39.31" lane="1/2to0/2_0" slope="0.00"/>
        <vehicle id="32" x="105.10" y="398.35" angle="90.00" type="DEFAULT_VEHTYPE" speed="13.65" pos="105.10" lane="0/2to1/2_0" slope="0.00"/>
        <vehicle id="35" x="398.35" y="683.62" angle="0.00" type="DEFAULT_VEHTYPE" speed="12.81" pos="116.38" lane="2/4to2/3_0" slope="0.00"/>
        <vehicle id="37" x="401.65" y="129.10" angle="180.00" type="DEFAULT_VEHTYPE" speed="12.68" pos="129.10" lane="2/0to2/1_0" slope="0.00"/>
        <vehicle id="38" x="201.65" y="53.50" angle="180.00" type="DEFAULT_VEHTYPE" speed="13.69" pos="53.50" lane="1/0to1/1_0" slope="0.00"/>
        <vehicle id="41" x="201.65" y="208.77" angle="-178.44" type="DEFAULT_VEHTYPE" speed="8.46" pos="4.02" lane="1/1to1/2_0" slope="0.00"/>
        <vehicle id="44" x="201.65" y="524.38" angle="180.00" type="DEFAULT_VEHTYPE" speed="12.63" pos="119.63" lane="1/2to1/3_0" slope="0.00"/>
        <vehicle id="48" x="201.65" y="407.09" angle="175.67" type="DEFAULT_VEHTYPE" speed="7.62" pos="2.34" lane="1/2to1/3_0" slope="0.00"/>
        <vehicle id="5" x="401.65" y="792.70" angle="180.00" type="DEFAULT_VEHTYPE" speed="13.64" pos="187.95" lane="2/3to2/4_0" slope="0.00"/>
        <vehicle id="7" x="219.33" y="201.65" angle="-90.00" type="DEFAULT_VEHTYPE" speed="9.63" pos="175.92" lane="2/1to1/1_0" slope="0.00"/>
        <vehicle id="8" x="398.35" y="635.75" angle="0.00" type="DEFAULT_VEHTYPE" speed="13.85" pos="164.25" lane="2/4to2/3_0" slope="0.00"/>
    </timestep>
    <timestep time="233.00">
        <vehicle id="0" x="398.35" y="497.39" angle="0.00" type="DEFAULT_VEHTYPE" speed="13.36" pos="97.86" lane="2/3to2/2_0" slope="0.00"/>
        <vehicle id="1" x="162.13" y="198.35" angle="90.00" type="DEFAULT_VEHTYPE" speed="13.29" pos="162.13" lane="0/1to1/1_0" slope="0.00"/>
        <vehicle id="17" x="344.75" y="201.65" angle="-90.00" type="DEFAULT_VEHTYPE" speed="13.29" pos="50.50" lane="2/1to1/1_0" slope="0.00"/>
        <vehicle id="18" x="398.35" y="453.35" angle="0.00" type="DEFAULT_VEHTYPE" speed="13.04" pos="141.90" lane="2/3to2/2_0" slope="0.00"/>
        <vehicle id="21" x="398.35" y="596.49" angle="0.00" type="DEFAULT_VEHTYPE" speed="13.47" pos="8.26" lane=":2/3_1_0" slope="0.00"/>
        <vehicle id="22" x="585.39" y="198.35" angle="90.00" type="DEFAULT_VEHTYPE" speed="6.70" pos="180.64" lane="2/1to3/1_0" slope="0.00"/>
        <vehicle id="24" x="244.35" y="598.35" angle="90.00" type="DEFAULT_VEHTYPE" speed="13.01" pos="39.60" lane="1/3to2/3_0" slope="0.00"/>
        <vehicle id="26" x="374.40" y="598.35" angle="90.00" type="DEFAULT_VEHTYPE" speed="11.39" pos="169.65" lane="1/3to2/3_0" slope="0.00"/>
        <vehicle id="28" x="143.00" y="401.65" angle="-90.00" type="DEFAULT_VEHTYPE" speed="12.93" pos="52.25" lane="1/2to0/2_0" slope="0.00"/>
        <vehicle id="32" x="118.86" y="398.35" angle="90.00" type="DEFAULT_VEHTYPE" speed="13.76" pos="118.86" lane="0/2to1/2_0" slope="0.00"/>
        <vehicle id="35" x="398.35" y="669.92" angle="0.00" type="DEFAULT_VEHTYPE" speed="13.70" pos="130.08" lane="2/4to2/3_0" slope="0.00"/>
        <vehicle id="37" x="401.65" y="142.44" angle="180.00" type="DEFAULT_VEHTYPE" speed="13.34" pos="142.44" lane="2/0to2/1_0" slope="0.00"/>
        <vehicle id="38" x="201.65" y="67.13" angle="180.00" type="DEFAULT_VEHTYPE" speed="13.63" pos="67.13" lane="1/0to1/1_0" slope="0.00"/>
        <vehicle id="41" x="201.65" y="219.47" angle="180.00" type="DEFAULT_VEHTYPE" speed="10.70" pos="14.72" lane="1/1to1/2_0" slope="0.00"/>
        <vehicle id="44" x="201.65" y="538.16" angle="180.00" type="DEFAULT_VEHTYPE" speed="13.77" pos="133.41" lane="1/2to1/3_0" slope="0.00"/>
        <vehicle id="48" x="201.65" y="416.02" angle="180.00" type="DEFAULT_VEHTYPE" speed="8.93" pos="11.27" lane="1/2to1/3_0" slope="0.00"/>
        <vehicle id="5" x="398.35" y="798.24" angle="-38.26" type="DEFAULT_VEHTYPE" speed="13.87" pos="1.76" lane="2/4to2/3_0" slope="0.00"/>
        <vehicle id="7" x="212.81" y="201.65" angle="-90.00" type="DEFAULT_VEHTYPE" speed="6.53" pos="182.44" lane="2/1to1/1_0" slope="0.00"/>
        <vehicle id="8" x="398.35" y="621.93" angle="0.00" type="DEFAULT_VEHTYPE" speed="13.82" pos="178.07" lane="2/4to2/3_0" slope="0.00"/>
    </timestep>
    <timestep time="234.00">
        <vehicle id="0" x="398.35" y="483.54" angle="0.00" type="DEFAULT_VEHTYPE" speed="13.84" pos="111.71" lane="2/3to2/2_0" slope="0.00"/>
        <vehicle id="1" x="174.70" y="198.35" angle="90.00" type="DEFAULT_VEHTYPE" speed="12.57" pos="174.70" lane="0/1to1/1_0" slope="0.00"/>
        <vehicle id="17" x="331.05" y="201.65" angle="-90.00" type="DEFAULT_VEHTYPE" speed="13.70" pos="64.20" lane="2/1to1/1_0" slope="0.00"/>
        <vehicle id="18" x="398.35" y="440.46" angle="0.00" type="DEFAULT_VEHTYPE" speed="12.89" pos="154.79" lane="2/3to2/2_0" slope="0.00"/>
        <vehicle id="21" x="398.35" y="583.89" angle="0.00" type="DEFAULT_VEHTYPE" speed="12.60" pos="11.36" lane="2/3to2/2_0" slope="0.00"/>
        <vehicle id="22" x="589.90" y="198.35" angle="90.00" type="DEFAULT_VEHTYPE" speed="4.52" pos="185.15" lane="2/1to3/1_0" slope="0.00"/>
        <vehicle id="24" x="257.91" y="598.35" angle="90.00" type="DEFAULT_VEHTYPE" speed="13.56" pos="53.16" lane="1/3to2/3_0" slope="0.00"/>
        <vehicle id="26" x="382.33" y="598.35" angle="90.00" type="DEFAULT_VEHTYPE" speed="7.93" pos="177.58" lane="1/3to2/3_0" slope="0.00"/>
        <vehicle id="28" x="129.85" y="401.65" angle="-90.00" type="DEFAULT_VEHTYPE" speed="13.16" pos="65.40" lane="1/2to0/2_0" slope="0.00"/>
        <vehicle id="32" x="131.50" y="398.35" angle="90.00" type="DEFAULT_VEHTYPE" speed="12.64" pos="131.50" lane="0/2to1/2_0" slope="0.00"/>
        <vehicle id="35" x="398.35" y="657.00" angle="0.00" type="DEFAULT_VEHTYPE" speed="12.92" pos="143.00" lane="2/4to2/3_0" slope="0.00"/>
        <vehicle id="37" x="401.65" y="156.12" angle="180.00" type="DEFAULT_VEHTYPE" speed="13.69" pos="156.12" lane="2/0to2/1_0" slope="0.00"/>
        <vehicle id="38" x="201.65" y="79.94" angle="180.00" type="DEFAULT_VEHTYPE" speed="12.81" pos="79.94" lane="1/0to1/1_0" slope="0.00"/>
        <vehicle id="41" x="201.65" y="232.32" angle="180.00" type="DEFAULT_VEHTYPE" speed="12.85" pos="27.57" lane="1/1to1/2_0" slope="0.00"/>
        <vehicle id="44" x="201.65" y="551.58" angle="180.00" type="DEFAULT_VEHTYPE" speed="13.43" pos="146.83" lane="1/2to1/3_0" slope="0.00"/>
        <vehicle id="48" x="201.65" y="427.47" angle="180.00" type="DEFAULT_VEHTYPE" speed="11.45" pos="22.72" lane="1/2to1/3_0" slope="0.00"/>
        <vehicle id="5" x="398.35" y="784.82" angle="0.00" type="DEFAULT_VEHTYPE" speed="13.42" pos="15.18" lane="2/4to2/3_0" slope="0.00"/>
        <vehicle id="7" x="209.90" y="201.65" angle="-90.00" type="DEFAULT_VEHTYPE" speed="2.91" pos="185.35" lane="2/1to1/1_0" slope="0.00"/>
        <vehicle id="8" x="398.35" y="608.77" angle="0.00" type="DEFAULT_VEHTYPE" speed="13.16" pos="191.23" lane="2/4to2/3_0" slope="0.00"/>
    </timestep>
    <timestep time="235.00">
        <vehicle id="0" x="398.35" y="470.11" angle="0.00" type="DEFAULT_VEHTYPE" speed="13.43" pos="125.14" lane="2/3to2/2_0" slope="0.00"/>
        <vehicle id="1" x="182.97" y="198.35" angle="90.00" type="DEFAULT_VEHTYPE" speed="8.26" pos="182.97" lane="0/1to1/1_0" slope="0.00"/>
        <vehicle id="17" x="318.21" y="201.65" angle="-90.00" type="DEFAULT_VEHTYPE" speed="12.84" pos="77.04" lane="2/1to1/1_0" slope="0.00"/>
        <vehicle id="18" x="398.35" y="427.48" angle="0.00" type="DEFAULT_VEHTYPE" speed="12.98" pos="167.77" lane="2/3to2/2_0" slope="0.00"/>
        <vehicle id="21" x="398.35" y="570.69" angle="0.00" type="DEFAULT_VEHTYPE" speed="13.20" pos="24.56" lane="2/3to2/2_0" slope="0.00"/>
        <vehicle id="22" x="596.72" y="198.35" angle="90.00" type="DEFAULT_VEHTYPE" speed="6.82" pos="1.47" lane=":3/1_13_0" slope="0.00"/>
        <vehicle id="24" x="271.17" y="598.35" angle="90.00" type="DEFAULT_VEHTYPE" speed="13.26" pos="66.42" lane="1/3to2/3_0" slope="0.00"/>
        <vehicle id="26" x="387.80" y="598.35" angle="90.00" type="DEFAULT_VEHTYPE" speed="5.47" pos="183.05" lane="1/3to2/3_0" slope="0.00"/>
        <vehicle id="28" x="115.95" y="401.65" angle="-90.00" type="DEFAULT_VEHTYPE" speed="13.90" pos="79.30" lane="1/2to0/2_0" slope="0.00"/>
        <vehicle id="32" x="144.46" y="398.35" angle="90.00" type="DEFAULT_VEHTYPE" speed="12.96" pos="144.46" lane="0/2to1/2_0" slope="0.00"/>
        <vehicle id="35" x="398.35" y="643.47" angle="0.00" type="DEFAULT_VEHTYPE" speed="13.52" pos="156.53" lane="2/4to2/3_0" slope="0.00"/>
        <vehicle id="37" x="401.65" y="169.44" angle="180.00" type="DEFAULT_VEHTYPE" speed="13.32" pos="169.44" lane="2/0to2/1_0" slope="0.00"/>
        <vehicle id="38" x="201.65" y="93.84" angle="180.00" type="DEFAULT_VEHTYPE" speed="13.90" pos="93.84" lane="1/0to1/1_0" slope="0.00"/>
        <vehicle id="41" x="201.65" y="246.15" angle="180.00" type="DEFAULT_VEHTYPE" speed="13.83" pos="41.40" lane="1/1to1/2_0" slope="0.00"/>
        <vehicle id="44" x="201.65" y="564.98" angle="180.00" type="DEFAULT_VEHTYPE" speed="13.40" pos="160.23" lane="1/2to1/3_0" slope="0.00"/>
        <vehicle id="48" x="201.65" y="440.81" angle="180.00" type="DEFAULT_VEHTYPE" speed="13.34" pos="36.06" lane="1/2to1/3_0" slope="0.00"/>
        <vehicle id="5" x="398.35" y="770.97" angle="0.00" type="DEFAULT_VEHTYPE" speed="13.85" pos="29.03" lane="2/4to2/3_0" slope="0.00"/>
        <vehicle id="7" x="204.50" y="201.68" angle="-90.39" type="DEFAULT_VEHTYPE" speed="5.39" pos="0.25" lane=":1/1_4_0" slope="0.00"/>
        <vehicle id="8" x="398.35" y="595.04" angle="0.00" type="DEFAULT_VEHTYPE" speed="13.73" pos="0.21" lane="2/3to2/2_0" slope="0.00"/>
    </timestep>
    <timestep time="236.00">
        <vehicle id="0" x="398.35" y="457.41" angle="0.00" type="DEFAULT_VEHTYPE" speed="12.71" pos="137.84" lane="2/3to2/2_0" slope="0.00"/>
        <vehicle id="1" x="188.07" y="198.35" angle="90.00" type="DEFAULT_VEHTYPE" speed="5.10" pos="188.07" lane="0/1to1/1_0" slope="0.00"/>
        <vehicle id="17" x="304.97" y="201.65" angle="-90.00" type="DEFAULT_VEHTYPE" speed="13.25" pos="90.28" lane="2/1to1/1_0" slope="0.00"/>
        <vehicle id="18" x="398.35" y="414.38" angle="0.00" type="DEFAULT_VEHTYPE" speed="13.10" pos="180.87" lane="2/3to2/2_0" slope="0.00"/>
        <vehicle id="21" x="398.35" y="557.46" angle="0.00" type="DEFAULT_VEHTYPE" speed="13.23" pos="37.79" lane="2/3to2/2_0" slope="0.00"/>
        <vehicle id="22" x="604.96" y="198.35" angle="90.00" type="DEFAULT_VEHTYPE" speed="8.23" pos="0.21" lane="3/1to4/1_0" slope="0.00"/>
        <vehicle id="24" x="284.10" y="598.35" angle="90.00" type="DEFAULT_VEHTYPE" speed="12.93" pos="79.35" lane="1/3to2/3_0" slope="0.00"/>
        <vehicle id="26" x="390.95" y="598.35" angle="90.00" type="DEFAULT_VEHTYPE" speed="3.15" pos="186.20" lane="1/3to2/3_0" slope="0.00"/>
        <vehicle id="28" x="102.66" y="401.65" angle="-90.00" type="DEFAULT_VEHTYPE" speed="13.29" pos="92.59" lane="1/2to0/2_0" slope="0.00"/>
        <vehicle id="32" x="157.54" y="398.35" angle="90.00" type="DEFAULT_VEHTYPE" speed="13.09" pos="157.54" lane="0/2to1/2_0" slope="0.00"/>
        <vehicle id="35" x="398.35" y="630.33" angle="0.00" type="DEFAULT_VEHTYPE" speed="13.15" pos="169.67" lane="2/4to2/3_0" slope="0.00"/>
        <vehicle id="37" x="401.65" y="182.71" angle="180.00" type="DEFAULT_VEHTYPE" speed="13.26" pos="182.71" lane="2/0to2/1_0" slope="0.00"/>
        <vehicle id="38" x="201.65" y="106.72" angle="180.00" type="DEFAULT_VEHTYPE" speed="12.88" pos="106.72" lane="1/0to1/1_0" slope="0.00"/>
        <vehicle id="41" x="201.65" y="259.29" angle="180.00" type="DEFAULT_VEHTYPE" speed="13.14" pos="54.54" lane="1/1to1/2_0" slope="0.00"/>
        <vehicle id="44" x="201.65" y="578.13" angle="180.00" type="DEFAULT_VEHTYPE" speed="13.15" pos="173.38" lane="1/2to1/3_0" slope="0.00"/>
        <vehicle id="48" x="201.65" y="453.69" angle="180.00" type="DEFAULT_VEHTYPE" speed="12.88" pos="48.94" lane="1/2to1/3_0" slope="0.00"/>
        <vehicle id="5" x="398.35" y="757.80" angle="0.00" type="DEFAULT_VEHTYPE" speed="13.17" pos="42.20" lane="2/4to2/3_0" slope="0.00"/>
        <vehicle id="7" x="201.65" y="207.53" angle="-172.62" type="DEFAULT_VEHTYPE" speed="7.53" pos="2.78" lane="1/1to1/2_0" slope="0.00"/>
        <vehicle id="8" x="398.35" y="581.80" angle="0.00" type="DEFAULT_VEHTYPE" speed="13.23" pos="13.45" lane="2/3to2/2_0" slope="0.00"/>
    </timestep>
    <timestep time="237.00">
        <vehicle id="0" x="398.35" y="444.19" angle="0.00" type="DEFAULT_VEHTYPE" speed="13.22" pos="151.06" lane="2/3to2/2_0" slope="0.00"/>
        <vehicle id="1" x="191.44" y="198.35" angle="90.00" type="DEFAULT_VEHTYPE" speed="3.38" pos="191.44" lane="0/1to1/1_0" slope="0.00"/>
        <vehicle id="17" x="291.45" y="201.65" angle="-90.00" type="DEFAULT_VEHTYPE" speed="13.52" pos="103.80" lane="2/1to1/1_0" slope="0.00"/>
        <vehicle id="18" x="398.35" y="401.47" angle="0.00" type="DEFAULT_VEHTYPE" speed="12.91" pos="3.28" lane=":2/2_1_0" slope="0.00"/>
        <vehicle id="21" x="398.35" y="544.03" angle="0.00" type="DEFAULT_VEHTYPE" speed="13.43" pos="51.22" lane="2/3to2/2_0" slope="0.00"/>
        <vehicle id="22" x="615.55" y="198.35" angle="90.00" type="DEFAULT_VEHTYPE" speed="10.60" pos="10.80" lane="3/1to4/1_0" slope="0.00"/>
        <vehicle id="24" x="297.21" y="598.35" angle="90.00" type="DEFAULT_VEHTYPE" speed="13.11" pos="92.46" lane="1/3to2/3_0" slope="0.00"/>
        <vehicle id="26" x="392.25" y="598.35" angle="90.00" type="DEFAULT_VEHTYPE" speed="1.30" pos="187.50" lane="1/3to2/3_0" slope="0.00"/>
        <vehicle id="28" x="89.45" y="401.65" angle="-90.00" type="DEFAULT_VEHTYPE" speed="13.21" pos="105.80" lane="1/2to0/2_0" slope="0.00"/>
        <vehicle id="32" x="170.74" y="398.35" angle="90.00" type="DEFAULT_VEHTYPE" speed="13.20" pos="170.74" lane="0/2to1/2_0" slope="0.00"/>
        <vehicle id="35" x="398.35" y="617.63" angle="0.00" type="DEFAULT_VEHTYPE" speed="12.69" pos="182.37" lane="2/4to2/3_0" slope="0.00"/>
        <vehicle id="37" x="401.79" y="196.22" angle="178.44" type="DEFAULT_VEHTYPE" speed="13.52" pos="0.98" lane=":2/1_8_0" slope="0.00"/>
        <vehicle id="38" x="201.65" y="119.39" angle="180.00" type="DEFAULT_VEHTYPE" speed="12.67" pos="119.39" lane="1/0to1/1_0" slope="0.00"/>
        <vehicle id="41" x="201.65" y="272.04" angle="180.00" type="DEFAULT_VEHTYPE" speed="12.76" pos="67.29" lane="1/1to1/2_0" slope="0.00"/>
        <vehicle id="44" x="201.65" y="591.70" angle="180.00" type="DEFAULT_VEHTYPE" speed="13.57" pos="186.95" lane="1/2to1/3_0" slope="0.00"/>
        <vehicle id="48" x="201.65" y="466.58" angle="180.00" type="DEFAULT_VEHTYPE" speed="12.89" pos="61.83" lane="1/2to1/3_0" slope="0.00"/>
        <vehicle id="5" x="398.35" y="744.13" angle="0.00" type="DEFAULT_VEHTYPE" speed="13.67" pos="55.87" lane="2/4to2/3_0" slope="0.00"/>
        <vehicle id="7" x="201.65" y="216.91" angle="180.00" type="DEFAULT_VEHTYPE" speed="9.38" pos="12.16" lane="1/1to1/2_0" slope="0.00"/>
        <vehicle id="8" x="398.35" y="569.17" angle="0.00" type="DEFAULT_VEHTYPE" speed="12.63" pos="26.08" lane="2/3to2/2_0" slope="0.00"/>
    </timestep>
    <timestep time="238.00">
        <vehicle id="0" x="398.35" y="430.62" angle="0.00" type="DEFAULT_VEHTYPE" speed="13.57" pos="164.63" lane="2/3to2/2_0" slope="0.00"/>
        <vehicle id="1" x="196.23" y="198.21" angle="88.42" type="DEFAULT_VEHTYPE" speed="4.80" pos="0.99" lane=":1/1_12_0" slope="0.00"/>
        <vehicle id="17" x="278.61" y="201.65" angle="-90.00" type="DEFAULT_VEHTYPE" speed="12.84" pos="116.64" lane="2/1to1/1_0" slope="0.00"/>
        <vehicle id="18" x="398.35" y="388.02" angle="0.00" type="DEFAULT_VEHTYPE" speed="13.44" pos="7.23" lane="2/2to2/1_0" slope="0.00"/>
        <vehicle id="21" x="398.35" y="530.80" angle="0.00" type="DEFAULT_VEHTYPE" speed="13.23" pos="64.45" lane="2/3to2/2_0" slope="0.00"/>
        <vehicle id="22" x="627.93" y="198.35" angle="90.00" type="DEFAULT_VEHTYPE" speed="12.38" pos="23.18" lane="3/1to4/1_0" slope="0.00"/>
        <vehicle id="24" x="309.94" y="598.35" angle="90.00" type="DEFAULT_VEHTYPE" speed="12.73" pos="105.19" lane="1/3to2/3_0" slope="0.00"/>
        <vehicle id="26" x="392.63" y="598.35" angle="90.00" type="DEFAULT_VEHTYPE" speed="0.38" pos="187.88" lane="1/3to2/3_0" slope="0.00"/>
        <vehicle id="28" x="76.02" y="401.65" angle="-90.00" type="DEFAULT_VEHTYPE" speed="13.43" pos="119.23" lane="1/2to0/2_0" slope="0.00"/>
        <vehicle id="32" x="180.26" y="398.35" angle="90.00" type="DEFAULT_VEHTYPE" speed="9.52" pos="180.26" lane="0/2to1/2_0" slope="0.00"/>
        <vehicle id="35" x="398.35" y="604.02" angle="0.00" type="DEFAULT_VEHTYPE" speed="13.61" pos="0.73" lane=":2/3_1_0" slope="0.00"/>
        <vehicle id="37" x="414.03" y="198.35" angle="90.00" type="DEFAULT_VEHTYPE" speed="13.30" pos="9.28" lane="2/1to3/1_0" slope="0.00"/>
        <vehicle id="38" x="201.65" y="132.80" angle="180.00" type="DEFAULT_VEHTYPE" speed="13.41" pos="132.80" lane="1/0to1/1_0" slope="0.00"/>
        <vehicle id="41" x="201.65" y="285.85" angle="180.00" type="DEFAULT_VEHTYPE" speed="13.81" pos="81.10" lane="1/1to1/2_0" slope="0.00"/>
        <vehicle id="44" x="209.59" y="598.35" angle="90.25" type="DEFAULT_VEHTYPE" speed="13.39" pos="4.84" lane="1/3to2/3_0" slope="0.00"/>
        <vehicle id="48" x="201.65" y="479.20" angle="180.00" type="DEFAULT_VEHTYPE" speed="12.61" pos="74.45" lane="1/2to1/3_0" slope="0.00"/>
        <vehicle id="5" x="398.35" y="731.50" angle="0.00" type="DEFAULT_VEHTYPE" speed="12.63" pos="68.50" lane="2/4to2/3_0" slope="0.00"/>
        <vehicle id="7" x="201.65" y="228.06" angle="180.00" type="DEFAULT_VEHTYPE" speed="11.15" pos="23.31" lane="1/1to1/2_0" slope="0.00"/>
        <vehicle id="8" x="398.35" y="555.67" angle="0.00" type="DEFAULT_VEHTYPE" speed="13.50" pos="39.58" lane="2/3to2/2_0" slope="0.00"/>
    </timestep>
    <timestep time="239.00">
        <vehicle id="0" x="398.35" y="416.88" angle="0.00" type="DEFAULT_VEHTYPE" speed="13.73" pos="178.37" lane="2/3to2/2_0" slope="0.00"/>
        <vehicle id="1" x="198.35" y="192.96" angle="11.46" type="DEFAULT_VEHTYPE" speed="6.30" pos="2.29" lane="1/1to1/0_0" slope="0.00"/>
        <vehicle id="17" x="265.48" y="201.65" angle="-90.00" type="DEFAULT_VEHTYPE" speed="13.12" pos="129.77" lane="2/1to1/1_0" slope="0.00"/>
        <vehicle id="18" x="398.35" y="374.64" angle="0.00" type="DEFAULT_VEHTYPE" speed="13.39" pos="20.61" lane="2/2to2/1_0" slope="0.00"/>
        <vehicle id="21" x="398.35" y="516.98" angle="0.00" type="DEFAULT_VEHTYPE" speed="13.82" pos="78.27" lane="2/3to2/2_0" slope="0.00"/>
        <vehicle id="22" x="641.33" y="198.35" angle="90.00" type="DEFAULT_VEHTYPE" speed="13.39" pos="36.58" lane="3/1to4/1_0" slope="0.00"/>
        <vehicle id="24" x="323.35" y="598.35" angle="90.00" type="DEFAULT_VEHTYPE" speed="13.41" pos="118.60" lane="1/3to2/3_0" slope="0.00"/>
        <vehicle id="26" x="394.00" y="598.35" angle="90.00" type="DEFAULT_VEHTYPE" speed="1.36" pos="189.25" lane="1/3to2/3_0" slope="0.00"/>
        <vehicle id="28" x="63.26" y="401.65" angle="-90.00" type="DEFAULT_VEHTYPE" speed="12.76" pos="131.99" lane="1/2to0/2_0" slope="0.00"/>
        <vehicle id="32" x="186.10" y="398.35" angle="90.00" type="DEFAULT_VEHTYPE" speed="5.84" pos="186.10" lane="0/2to1/2_0" slope="0.00"/>
        <vehicle id="35" x="398.35" y="591.00" angle="0.00" type="DEFAULT_VEHTYPE" speed="13.02" pos="4.25" lane="2/3to2/2_0" slope="0.00"/>
        <vehicle id="37" x="426.70" y="198.35" angle="90.00" type="DEFAULT_VEHTYPE" speed="12.67" pos="21.95" lane="2/1to3/1_0" slope="0.00"/>
        <vehicle id="38" x="201.65" y="146.07" angle="180.00" type="DEFAULT_VEHTYPE" speed="13.27" pos="146.07" lane="1/0to1/1_0" slope="0.00"/>
        <vehicle id="41" x="201.65" y="298.86" angle="180.00" type="DEFAULT_VEHTYPE" speed="13.01" pos="94.11" lane="1/1to1/2_0" slope="0.00"/>
        <vehicle id="44" x="223.04" y="598.35" angle="90.00" type="DEFAULT_VEHTYPE" speed="13.44" pos="18.29" lane="1/3to2/3_0" slope="0.00"/>
        <vehicle id="48" x="201.65" y="492.22" angle="180.00" type="DEFAULT_VEHTYPE" speed="13.02" pos="87.47" lane="1/2to1/3_0" slope="0.00"/>
        <vehicle id="5" x="398.35" y="718.52" angle="0.00" type="DEFAULT_VEHTYPE" speed="12.98" pos="81.48" lane="2/4to2/3_0" slope="0.00"/>
        <vehicle id="7" x="201.65" y="241.07" angle="180.00" type="DEFAULT_VEHTYPE" speed="13.01" pos="36.32" lane="1/1to1/2_0" slope="0.00"/>
        <vehicle id="8" x="398.35" y="542.85" angle="0.00" type="DEFAULT_VEHTYPE" speed="12.83" pos="52.40" lane="2/3to2/2_0" slope="0.00"/>
    </timestep>
    <timestep time="240.00">
        <vehicle id="0" x="398.23" y="403.89" angle="-1.37" type="DEFAULT_VEHTYPE" speed="13.00" pos="0.86" lane=":2/2_0_0" slope="0.00"/>
        <vehicle id="1" x="198.35" y="184.61" angle="0.00" type="DEFAULT_VEHTYPE" speed="8.35" pos="10.64" lane="1/1to1/0_0" slope="0.00"/>
        <vehicle id="17" x="252.44" y="201.65" angle="-90.00" type="DEFAULT_VEHTYPE" speed="13.05" pos="142.81" lane="2/1to1/1_0" slope="0.00"/>
        <vehicle id="18" x="398.35" y="361.48" angle="0.00" type="DEFAULT_VEHTYPE" speed="13.16" pos="33.77" lane="2/2to2/1_0" slope="0.00"/>
        <vehicle id="21" x="398.35" y="503.65" angle="0.00" type="DEFAULT_VEHTYPE" speed="13.33" pos="91.60" lane="2/3to2/2_0" slope="0.00"/>
        <vehicle id="22" x="654.00" y="198.35" angle="90.00" type="DEFAULT_VEHTYPE" speed="12.67" pos="49.25" lane="3/1to4/1_0" slope="0.00"/>
        <vehicle id="24" x="337.12" y="598.35" angle="90.00" type="DEFAULT_VEHTYPE" speed="13.77" pos="132.37" lane="1/3to2/3_0" slope="0.00"/>
        <vehicle id="26" x="397.42" y="598.66" angle="93.56" type="DEFAULT_VEHTYPE" speed="3.44" pos="2.19" lane=":2/3_14_0" slope="0.00"/>
        <vehicle id="28" x="49.42" y="401.65" angle="-90.00" type="DEFAULT_VEHTYPE" speed="13.84" pos="145.83" lane="1/2to0/2_0" slope="0.00"/>
        <vehicle id="32" x="189.76" y="398.35" angle="90.00" type="DEFAULT_VEHTYPE" speed="3.66" pos="189.76" lane="0/2to1/2_0" slope="0.00"/>
        <vehicle id="35" x="398.35" y="577.44" angle="0.00" type="DEFAULT_VEHTYPE" speed="13.55" pos="17.81" lane="2/3to2/2_0" slope="0.00"/>
        <vehicle id="37" x="439.41" y="198.35" angle="90.00" type="DEFAULT_VEHTYPE" speed="12.71" pos="34.66" lane="2/1to3/1_0" slope="0.00"/>
        <vehicle id="38" x="201.65" y="159.17" angle="180.00" type="DEFAULT_VEHTYPE" speed="13.10" pos="159.17" lane="1/0to1/1_0" slope="0.00"/>
        <vehicle id="41" x="201.65" y="312.41" angle="180.00" type="DEFAULT_VEHTYPE" speed="13.55" pos="107.66" lane="1/1to1/2_0" slope="0.00"/>
        <vehicle id="44" x="236.47" y="598.35" angle="90.00" type="DEFAULT_VEHTYPE" speed="13.43" pos="31.72" lane="1/3to2/3_0" slope="0.00"/>
        <vehicle id="48" x="201.65" y="505.73" angle="180.00" type="DEFAULT_VEHTYPE" speed="13.52" pos="100.98" lane="1/2to1/3_0" slope="0.00"/>
        <vehicle id="5" x="398.35" y="705.15" angle="0.00" type="DEFAULT_VEHTYPE" speed="13.37" pos="94.85" lane="2/4to2/3_0" slope="0.00"/>
        <vehicle id="7" x="201.65" y="254.49" angle="180.00" type="DEFAULT_VEHTYPE" speed="13.42" pos="49.74" lane="1/1to1/2_0" slope="0.00"/>
        <vehicle id="8" x="398.35" y="529.61" angle="0.00" type="DEFAULT_VEHTYPE" speed="13.23" pos="65.64" lane="2/3to2/2_0" slope="0.00"/>
    </timestep>
    <timestep time="241.00">
        <vehicle id="0" x="385.62" y="401.65" angle="-90.00" type="DEFAULT_VEHTYPE" speed="13.76" pos="9.63" lane="2/2to1/2_0" slope="0.00"/>
        <vehicle id="1" x="198.35" y="174.93" angle="0.00" type="DEFAULT_VEHTYPE" speed="9.68" pos="20.32" lane="1/1to1/0_0" slope="0.00"/>
        <vehicle id="17" x="239.36" y="201.65" angle="-90.00" type="DEFAULT_VEHTYPE" speed="13.08" pos="155.89" lane="2/1to1/1_0" slope="0.00"/>
        <vehicle id="18" x="398.35" y="348.76" angle="0.00" type="DEFAULT_VEHTYPE" speed="12.72" pos="46.49" lane="2/2to2/1_0" slope="0.00"/>
        <vehicle id="21" x="398.35" y="489.88" angle="0.00" type="DEFAULT_VEHTYPE" speed="13.77" pos="105.37" lane="2/3to2/2_0" slope="0.00"/>
        <vehicle id="22" x="667.09" y="198.35" angle="90.00" type="DEFAULT_VEHTYPE" speed="13.10" pos="62.34" lane="3/1to4/1_0" slope="0.00"/>
        <vehicle id="24" x="350.23" y="598.35" angle="90.00" type="DEFAULT_VEHTYPE" speed="13.10" pos="145.48" lane="1/3to2/3_0" slope="0.00"/>
        <vehicle id="26" x="400.99" y="601.51" angle="127.34" type="DEFAULT_VEHTYPE" speed="4.79" pos="6.98" lane=":2/3_14_0" slope="0.00"/>
        <vehicle id="28" x="35.88" y="401.65" angle="-90.00" type="DEFAULT_VEHTYPE" speed="13.54" pos="159.37" lane="1/2to0/2_0" slope="0.00"/>
        <vehicle id="32" x="195.44" y="398.38" angle="90.31" type="DEFAULT_VEHTYPE" speed="5.68" pos="0.19" lane=":1/2_14_0" slope="0.00"/>
        <vehicle id="35" x="398.35" y="564.44" angle="0.00" type="DEFAULT_VEHTYPE" speed="13.00" pos="30.81" lane="2/3to2/2_0" slope="0.00"/>
        <vehicle id="37" x="453.23" y="198.35" angle="90.00" type="DEFAULT_VEHTYPE" speed="13.82" pos="48.48" lane="2/1to3/1_0" slope="0.00"/>
        <vehicle id="38" x="201.65" y="171.83" angle="180.00" type="DEFAULT_VEHTYPE" speed="12.66" pos="171.83" lane="1/0to1/1_0" slope="0.00"/>
        <vehicle id="41" x="201.65" y="325.99" angle="180.00" type="DEFAULT_VEHTYPE" speed="13.58" pos="121.24" lane="1/1to1/2_0" slope="0.00"/>
        <vehicle id="44" x="249.53" y="598.35" angle="90.00" type="DEFAULT_VEHTYPE" speed="13.06" pos="44.78" lane="1/3to2/3_0" slope="0.00"/>
        <vehicle id="48" x="201.65" y="519.60" angle="180.00" type="DEFAULT_VEHTYPE" speed="13.87" pos="114.85" lane="1/2to1/3_0" slope="0.00"/>
        <vehicle id="5" x="398.35" y="691.72" angle="0.00" type="DEFAULT_VEHTYPE" speed="13.44" pos="108.28" lane="2/4to2/3_0" slope="0.00"/>
        <vehicle id="7" x="201.65" y="267.36" angle="180.00" type="DEFAULT_VEHTYPE" speed="12.87" pos="62.61" lane="1/1to1/2_0" slope="0.00"/>
        <vehicle id="8" x="398.35" y="516.98" angle="0.00" type="DEFAULT_VEHTYPE" speed="12.64" pos="78.27" lane="2/3to2/2_0" slope="0.00"/>
    </timestep>
    <timestep time="242.00">
        <vehicle id="0" x="371.96" y="401.65" angle="-90.00" type="DEFAULT_VEHTYPE" speed="13.66" pos="23.29" lane="2/2to1/2_0" slope="0.00"/>
        <vehicle id="1" x="198.35" y="162.85" angle="0.00" type="DEFAULT_VEHTYPE" speed="12.08" pos="32.40" lane="1/1to1/0_0" slope="0.00"/>
        <vehicle id="17" x="226.92" y="201.65" angle="-90.00" type="DEFAULT_VEHTYPE" speed="12.44" pos="168.33" lane="2/1to1/1_0" slope="0.00"/>
        <vehicle id="18" x="398.35" y="336.15" angle="0.00" type="DEFAULT_VEHTYPE" speed="12.61" pos="59.10" lane="2/2to2/1_0" slope="0.00"/>
        <vehicle id="21" x="398.35" y="477.17" angle="0.00" type="DEFAULT_VEHTYPE" speed="12.71" pos="118.08" lane="2/3to2/2_0" slope="0.00"/>
        <vehicle id="22" x="680.80" y="198.35" angle="90.00" type="DEFAULT_VEHTYPE" speed="13.70" pos="76.05" lane="3/1to4/1_0" slope="0.00"/>
        <vehicle id="24" x="363.58" y="598.35" angle="90.00" type="DEFAULT_VEHTYPE" speed="13.35" pos="158.83" lane="1/3to2/3_0" slope="0.00"/>
        <vehicle id="26" x="401.65" y="607.60" angle="176.50" type="DEFAULT_VEHTYPE" speed="6.19" pos="2.85" lane="2/3to2/4_0" slope="0.00"/>
        <vehicle id="28" x="22.46" y="401.65" angle="-90.00" type="DEFAULT_VEHTYPE" speed="13.41" pos="172.79" lane="1/2to0/2_0" slope="0.00"/>
        <vehicle id="32" x="201.15" y="401.79" angle="130.70" type="DEFAULT_VEHTYPE" speed="7.12" pos="7.31" lane=":1/2_14_0" slope="0.00"/>
        <vehicle id="35" x="398.35" y="551.81" angle="0.00" type="DEFAULT_VEHTYPE" speed="12.64" pos="43.44" lane="2/3to2/2_0" slope="0.00"/>
        <vehicle id="37" x="466.49" y="198.35" angle="90.00" type="DEFAULT_VEHTYPE" speed="13.26" pos="61.74" lane="2/1to3/1_0" slope="0.00"/>
        <vehicle id="38" x="201.65" y="184.85" angle="180.00" type="DEFAULT_VEHTYPE" speed="13.01" pos="184.85" lane="1/0to1/1_0" slope="0.00"/>
        <vehicle id="41" x="201.65" y="338.87" angle="180.00" type="DEFAULT_VEHTYPE" speed="12.88" pos="134.12" lane="1/1to1/2_0" slope="0.00"/>
        <vehicle id="44" x="262.21" y="598.35" angle="90.00" type="DEFAULT_VEHTYPE" speed="12.68" pos="57.46" lane="1/3to2/3_0" slope="0.00"/>
        <vehicle id="48" x="201.65" y="533.49" angle="180.00" type="DEFAULT_VEHTYPE" speed="13.89" pos="128.74" lane="1/2to1/3_0" slope="0.00"/>
        <vehicle id="5" x="398.35" y="678.54" angle="0.00" type="DEFAULT_VEHTYPE" speed="13.18" pos="121.46" lane="2/4to2/3_0" slope="0.00"/>
        <vehicle id="7" x="201.65" y="280.00" angle="180.00" type="DEFAULT_VEHTYPE" speed="12.64" pos="75.25" lane="1/1to1/2_0" slope="0.00"/>
        <vehicle id="8" x="398.35" y="503.60" angle="0.00" type="DEFAULT_VEHTYPE" speed="13.38" pos="91.65" lane="2/3to2/2_0" slope="0.00"/>
    </timestep>
    <timestep time="243.00">
        <vehicle id="0" x="358.11" y="401.65" angle="-90.00" type="DEFAULT_VEHTYPE" speed="13.85" pos="37.14" lane="2/2to1/2_0" slope="0.00"/>
        <vehicle id="1" x="198.35" y="149.34" angle="0.00" type="DEFAULT_VEHTYPE" speed="13.51" pos="45.91" lane="1/1to1/0_0" slope="0.00"/>
        <vehicle id="17" x="218.39" y="201.65" angle="-90.00" type="DEFAULT_VEHTYPE" speed="8.53" pos="176.86" lane="2/1to1/1_0" slope="0.00"/>
        <vehicle id="18" x="398.35" y="322.34" angle="0.00" type="DEFAULT_VEHTYPE" speed="13.81" pos="72.91" lane="2/2to2/1_0" slope="0.00"/>
        <vehicle id="21" x="398.35" y="463.59" angle="0.00" type="DEFAULT_VEHTYPE" speed="13.58" pos="131.66" lane="2/3to2/2_0" slope="0.00"/>
        <vehicle id="22" x="693.47" y="198.35" angle="90.00" type="DEFAULT_VEHTYPE" speed="12.67" pos="88.72" lane="3/1to4/1_0" slope="0.00"/>
        <vehicle id="24" x="375.32" y="598.35" angle="90.00" type="DEFAULT_VEHTYPE" speed="11.74" pos="170.57" lane="1/3to2/3_0" slope="0.00"/>
        <vehicle id="26" x="401.65" y="616.25" angle="180.00" type="DEFAULT_VEHTYPE" speed="8.65" pos="11.50" lane="2/3to2/4_0" slope="0.00"/>
        <vehicle id="28" x="9.66" y="401.65" angle="-90.00" type="DEFAULT_VEHTYPE" speed="12.80" pos="185.59" lane="1/2to0/2_0" slope="0.00"/>
        <vehicle id="32" x="201.65" y="410.87" angle="180.00" type="DEFAULT_VEHTYPE" speed="9.13" pos="6.12" lane="1/2to1/3_0" slope="0.00"/>
        <vehicle id="35" x="398.35" y="538.92" angle="0.00" type="DEFAULT_VEHTYPE" speed="12.89" pos="56.33" lane="2/3to2/2_0" slope="0.00"/>
        <vehicle id="37" x="479.60" y="198.35" angle="90.00" type="DEFAULT_VEHTYPE" speed="13.11" pos="74.85" lane="2/1to3/1_0" slope="0.00"/>
        <vehicle id="38" x="202.48" y="197.61" angle="170.16" type="DEFAULT_VEHTYPE" speed="12.97" pos="2.57" lane=":1/1_8_0" slope="0.00"/>
        <vehicle id="41" x="201.65" y="352.10" angle="180.00" type="DEFAULT_VEHTYPE" speed="13.23" pos="147.35" lane="1/1to1/2_0" slope="0.00"/>
        <vehicle id="44" x="275.00" y="598.35" angle="90.00" type="DEFAULT_VEHTYPE" speed="12.79" pos="70.25" lane="1/3to2/3_0" slope="0.00"/>
        <vehicle id="48" x="201.65" y="546.46" angle="180.00" type="DEFAULT_VEHTYPE" speed="12.97" pos="141.71" lane="1/2to1/3_0" slope="0.00"/>
        <vehicle id="5" x="398.35" y="665.10" angle="0.00" type="DEFAULT_VEHTYPE" speed="13.43" pos="134.90" lane="2/4to2/3_0" slope="0.00"/>
        <vehicle id="7" x="201.65" y="293.57" angle="180.00" type="DEFAULT_VEHTYPE" speed="13.57" pos="88.82" lane="1/1to1/2_0" slope="0.00"/>
        <vehicle id="8" x="398.35" y="490.82" angle="0.00" type="DEFAULT_VEHTYPE" speed="12.78" pos="104.43" lane="2/3to2/2_0" slope="0.00"/>
    </timestep>
    <timestep time="244.00">
        <vehicle id="0" x="345.28" y="401.65" angle="-90.00" type="DEFAULT_VEHTYPE" speed="12.83" pos="49.97" lane="2/2to1/2_0" slope="0.00"/>
        <vehicle id="1" x="198.35" y="136.33" angle="0.00" type="DEFAULT_VEHTYPE" speed="13.00" pos="58.92" lane="1/1to1/0_0" slope="0.00"/>
        <vehicle id="17" x="212.65" y="201.65" angle="-90.00" type="DEFAULT_VEHTYPE" speed="5.74" pos="182.60" lane="2/1to1/1_0" slope="0.00"/>
        <vehicle id="18" x="398.35" y="308.84" angle="0.00" type="DEFAULT_VEHTYPE" speed="13.50" pos="86.41" lane="2/2to2/1_0" slope="0.00"/>
        <vehicle id="21" x="398.35" y="450.27" angle="0.00" type="DEFAULT_VEHTYPE" speed="13.32" pos="144.98" lane="2/3to2/2_0" slope="0.00"/>
        <vehicle id="22" x="706.41" y="198.35" angle="90.00" type="DEFAULT_VEHTYPE" speed="12.94" pos="101.66" lane="3/1to4/1_0" slope="0.00"/>
        <vehicle id="24" x="382.89" y="598.35" angle="90.00" type="DEFAULT_VEHTYPE" speed="7.57" pos="178.14" lane="1/3to2/3_0" slope="0.00"/>
        <vehicle id="26" x="401.65" y="626.69" angle="180.00" type="DEFAULT_VEHTYPE" speed="10.44" pos="21.94" lane="2/3to2/4_0" slope="0.00"/>
        <vehicle id="28" x="-1.34" y="399.38" angle="-54.85" type="DEFAULT_VEHTYPE" speed="12.77" pos="3.11" lane=":0/2_0_0" slope="0.00"/>
        <vehicle id="32" x="201.65" y="421.40" angle="180.00" type="DEFAULT_VEHTYPE" speed="10.53" pos="16.65" lane="1/2to1/3_0" slope="0.00"/>
        <vehicle id="35" x="398.35" y="525.86" angle="0.00" type="DEFAULT_VEHTYPE" speed="13.06" pos="69.39" lane="2/3to2/2_0" slope="0.00"/>
        <vehicle id="37" x="493.30" y="198.35" angle="90.00" type="DEFAULT_VEHTYPE" speed="13.70" pos="88.55" lane="2/1to3/1_0" slope="0.00"/>
        <vehicle id="38" x="215.62" y="198.35" angle="90.00" type="DEFAULT_VEHTYPE" speed="13.30" pos="10.87" lane="1/1to2/1_0" slope="0.00"/>
        <vehicle id="41" x="201.65" y="365.84" angle="180.00" type="DEFAULT_VEHTYPE" speed="13.74" pos="161.09" lane="1/1to1/2_0" slope="0.00"/>
        <vehicle id="44" x="288.82" y="598.35" angle="90.00" type="DEFAULT_VEHTYPE" speed="13.82" pos="84.07" lane="1/3to2/3_0" slope="0.00"/>
        <vehicle id="48" x="201.65" y="559.20" angle="180.00" type="DEFAULT_VEHTYPE" speed="12.74" pos="154.45" lane="1/2to1/3_0" slope="0.00"/>
        <vehicle id="5" x="398.35" y="652.18" angle="0.00" type="DEFAULT_VEHTYPE" speed="12.93" pos="147.82" lane="2/4to2/3_0" slope="0.00"/>
        <vehicle id="7" x="201.65" y="306.88" angle="180.00" type="DEFAULT_VEHTYPE" speed="13.30" pos="102.13" lane="1/1to1/2_0" slope="0.00"/>
        <vehicle id="8" x="398.35" y="477.57" angle="0.00" type="DEFAULT_VEHTYPE" speed="13.26" pos="117.68" lane="2/3to2/2_0" slope="0.00"/>
    </timestep>
    <timestep time="245.00">
        <vehicle id="0" x="332.16" y="401.65" angle="-90.00" type="DEFAULT_VEHTYPE" speed="13.12" pos="63.09" lane="2/2to1/2_0" slope="0.00"/>
        <vehicle id="1" x="198.35" y="123.02" angle="0.00" type="DEFAULT_VEHTYPE" speed="13.32" pos="72.23" lane="1/1to1/0_0" slope="0.00"/>
        <vehicle id="17" x="209.56" y="201.65" angle="-90.00" type="DEFAULT_VEHTYPE" speed="3.09" pos="185.69" lane="2/1to1/1_0" slope="0.00"/>
        <vehicle id="18" x="398.35" y="296.24" angle="0.00" type="DEFAULT_VEHTYPE" speed="12.60" pos="99.01" lane="2/2to2/1_0" slope="0.00"/>
        <vehicle id="21" x="398.35" y="437.40" angle="0.00" type="DEFAULT_VEHTYPE" speed="12.87" pos="157.85" lane="2/3to2/2_0" slope="0.00"/>
        <vehicle id="22" x="720.30" y="198.35" angle="90.00" type="DEFAULT_VEHTYPE" speed="13.89" pos="115.55" lane="3/1to4/1_0" slope="0.00"/>
        <vehicle id="24" x="388.43" y="598.35" angle="90.00" type="DEFAULT_VEHTYPE" speed="5.54" pos="183.68" lane="1/3to2/3_0" slope="0.00"/>
        <vehicle id="26" x="401.65" y="638.52" angle="180.00" type="DEFAULT_VEHTYPE" speed="11.83" pos="33.77" lane="2/3to2/4_0" slope="0.00"/>
        <vehicle id="28" x="12.07" y="398.35" angle="90.00" type="DEFAULT_VEHTYPE" speed="13.78" pos="12.07" lane="0/2to1/2_0" slope="0.00"/>
        <vehicle id="32" x="201.65" y="434.10" angle="180.00" type="DEFAULT_VEHTYPE" speed="12.70" pos="29.35" lane="1/2to1/3_0" slope="0.00"/>
        <vehicle id="35" x="398.35" y="512.65" angle="0.00" type="DEFAULT_VEHTYPE" speed="13.21" pos="82.60" lane="2/3to2/2_0" slope="0.00"/>
        <vehicle id="37" x="506.78" y="198.35" angle="90.00" type="DEFAULT_VEHTYPE" speed="13.48" pos="102.03" lane="2/1to3/1_0" slope="0.00"/>
        <vehicle id="38" x="229.33" y="198.35" angle="90.00" type="DEFAULT_VEHTYPE" speed="13.71" pos="24.58" lane="1/1to2/1_0" slope="0.00"/>
        <vehicle id="41" x="201.65" y="378.88" angle="180.00" type="DEFAULT_VEHTYPE" speed="13.04" pos="174.13" lane="1/1to1/2_0" slope="0.00"/>
        <vehicle id="44" x="302.60" y="598.35" angle="90.00" type="DEFAULT_VEHTYPE" speed="13.78" pos="97.85" lane="1/3to2/3_0" slope="0.00"/>
        <vehicle id="48" x="201.65" y="572.68" angle="180.00" type="DEFAULT_VEHTYPE" speed="13.48" pos="167.93" lane="1/2to1/3_0" slope="0.00"/>
        <vehicle id="5" x="398.35" y="639.52" angle="0.00" type="DEFAULT_VEHTYPE" speed="12.66" pos="160.48" lane="2/4to2/3_0" slope="0.00"/>
        <vehicle id="7" x="201.65" y="320.06" angle="180.00" type="DEFAULT_VEHTYPE" speed="13.19" pos="115.31" lane="1/1to1/2_0" slope="0.00"/>
        <vehicle id="8" x="398.35" y="464.57" angle="0.00" type="DEFAULT_VEHTYPE" speed="13.00" pos="130.68" lane="2/3to2/2_0" slope="0.00"/>
    </timestep>
    <timestep time="246.00">
        <vehicle id="0" x="318.84" y="401.65" angle="-90.00" type="DEFAULT_VEHTYPE" speed="13.32" pos="76.41" lane="2/2to1/2_0" slope="0.00"/>
        <vehicle id="1" x="198.35" y="109.79" angle="0.00" type="DEFAULT_VEHTYPE" speed="13.23" pos="85.46" lane="1/1to1/0_0" slope="0.00"/>
        <vehicle id="17" x="203.92" y="201.77" angle="-91.32" type="DEFAULT_VEHTYPE" speed="5.64" pos="0.83" lane=":1/1_4_0" slope="0.00"/>
        <vehicle id="18" x="398.35" y="283.13" angle="0.00" type="DEFAULT_VEHTYPE" speed="13.10" pos="112.12" lane="2/2to2/1_0" slope="0.00"/>
        <vehicle id="21" x="398.35" y="423.51" angle="0.00" type="DEFAULT_VEHTYPE" speed="13.89" pos="171.74" lane="2/3to2/2_0" slope="0.00"/>
        <vehicle id="22" x="733.20" y="198.35" angle="90.00" type="DEFAULT_VEHTYPE" speed="12.90" pos="128.45" lane="3/1to4/1_0" slope="0.00"/>
        <vehicle id="24" x="395.99" y="598.46" angle="91.21" type="DEFAULT_VEHTYPE" speed="7.57" pos="0.75" lane=":2/3_14_0" slope="0.00"/>
        <vehicle id="26" x="401.65" y="651.33" angle="180.00" type="DEFAULT_VEHTYPE" speed="12.81" pos="46.58" lane="2/3to2/4_0" slope="0.00"/>
        <vehicle id="28" x="24.74" y="398.35" angle="90.00" type="DEFAULT_VEHTYPE" speed="12.67" pos="24.74" lane="0/2to1/2_0" slope="0.00"/>
        <vehicle id="32" x="201.65" y="447.51" angle="180.00" type="DEFAULT_VEHTYPE" speed="13.41" pos="42.76" lane="1/2to1/3_0" slope="0.00"/>
        <vehicle id="35" x="398.35" y="499.77" angle="0.00" type="DEFAULT_VEHTYPE" speed="12.88" pos="95.48" lane="2/3to2/2_0" slope="0.00"/>
        <vehicle id="37" x="520.56" y="198.35" angle="90.00" type="DEFAULT_VEHTYPE" speed="13.78" pos="115.81" lane="2/1to3/1_0" slope="0.00"/>
        <vehicle id="38" x="242.64" y="198.35" angle="90.00" type="DEFAULT_VEHTYPE" speed="13.31" pos="37.89" lane="1/1to2/1_0" slope="0.00"/>
        <vehicle id="41" x="201.65" y="392.00" angle="180.00" type="DEFAULT_VEHTYPE" speed="13.13" pos="187.25" lane="1/1to1/2_0" slope="0.00"/>
        <vehicle id="44" x="315.26" y="598.35" angle="90.00" type="DEFAULT_VEHTYPE" speed="12.65" pos="110.51" lane="1/3to2/3_0" slope="0.00"/>
        <vehicle id="48" x="201.65" y="585.40" angle="180.00" type="DEFAULT_VEHTYPE" speed="12.72" pos="180.65" lane="1/2to1/3_0" slope="0.00"/>
        <vehicle id="5" x="398.35" y="625.85" angle="0.00" type="DEFAULT_VEHTYPE" speed="13.66" pos="174.15" lane="2/4to2/3_0" slope="0.00"/>
        <vehicle id="7" x="201.65" y="333.46" angle="180.00" type="DEFAULT_VEHTYPE" speed="13.40" pos="128.71" lane="1/1to1/2_0" slope="0.00"/>
        <vehicle id="8" x="398.35" y="450.82" angle="0.00" type="DEFAULT_VEHTYPE" speed="13.75" pos="144.43" lane="2/3to2/2_0" slope="0.00"/>
    </timestep>
    <timestep time="247.00">
        <vehicle id="0" x="305.65" y="401.65" angle="-90.00" type="DEFAULT_VEHTYPE" speed="13.19" pos="89.60" lane="2/2to1/2_0" slope="0.00"/>
        <vehicle id="1" x="198.35" y="96.45" angle="0.00" type="DEFAULT_VEHTYPE" speed="13.34" pos="98.80" lane="1/1to1/0_0" slope="0.00"/>
        <vehicle id="17" x="201.65" y="208.69" angle="-178.31" type="DEFAULT_VEHTYPE" speed="8.11" pos="3.94" lane="1/1to1/2_0" slope="0.00"/>
        <vehicle id="18" x="398.35" y="269.91" angle="0.00" type="DEFAULT_VEHTYPE" speed="13.22" pos="125.34" lane="2/2to2/1_0" slope="0.00"/>
        <vehicle id="21" x="398.35" y="409.98" angle="0.00" type="DEFAULT_VEHTYPE" speed="13.53" pos="185.27" lane="2/3to2/2_0" slope="0.00"/>
        <vehicle id="22" x="746.26" y="198.35" angle="90.00" type="DEFAULT_VEHTYPE" speed="13.06" pos="141.51" lane="3/1to4/1_0" slope="0.00"/>
        <vehicle id="24" x="401.56" y="604.13" angle="156.62" type="DEFAULT_VEHTYPE" speed="8.95" pos="9.69" lane=":2/3_14_0" slope="0.00"/>
        <vehicle id="26" x="401.65" y="664.46" angle="180.00" type="DEFAULT_VEHTYPE" speed="13.13" pos="59.71" lane="2/3to2/4_0" slope="0.00"/>
        <vehicle id="28" x="37.64" y="398.35" angle="90.00" type="DEFAULT_VEHTYPE" speed="12.90" pos="37.64" lane="0/2to1/2_0" slope="0.00"/>
        <vehicle id="32" x="201.65" y="460.75" angle="180.00" type="DEFAULT_VEHTYPE" speed="13.24" pos="56.00" lane="1/2to1/3_0" slope="0.00"/>
        <vehicle id="35" x="398.35" y="486.41" angle="0.00" type="DEFAULT_VEHTYPE" speed="13.36" pos="108.84" lane="2/3to2/2_0" slope="0.00"/>
        <vehicle id="37" x="534.02" y="198.35" angle="90.00" type="DEFAULT_VEHTYPE" speed="13.46" pos="129.27" lane="2/1to3/1_0" slope="0.00"/>
        <vehicle id="38" x="255.54" y="198.35" angle="90.00" type="DEFAULT_VEHTYPE" speed="12.89" pos="50.79" lane="1/1to2/1_0" slope="0.00"/>
        <vehicle id="41" x="201.65" y="405.11" angle="180.00" type="DEFAULT_VEHTYPE" speed="13.11" pos="0.36" lane="1/2to1/3_0" slope="0.00"/>
        <vehicle id="44" x="328.49" y="598.35" angle="90.00" type="DEFAULT_VEHTYPE" speed="13.24" pos="123.74" lane="1/3to2/3_0" slope="0.00"/>
        <vehicle id="48" x="203.61" y="598.19" angle="154.42" type="DEFAULT_VEHTYPE" speed="13.70" pos="3.85" lane=":1/3_8_0" slope="0.00"/>
        <vehicle id="5" x="398.35" y="616.49" angle="0.00" type="DEFAULT_VEHTYPE" speed="9.36" pos="183.51" lane="2/4to2/3_0" slope="0.00"/>
        <vehicle id="7" x="201.65" y="346.39" angle="180.00" type="DEFAULT_VEHTYPE" speed="12.93" pos="141.64" lane="1/1to1/2_0" slope="0.00"/>
        <vehicle id="8" x="398.35" y="437.89" angle="0.00" type="DEFAULT_VEHTYPE" speed="12.92" pos="157.36" lane="2/3to2/2_0" slope="0.00"/>
    </timestep>
    <timestep time="248.00">
        <vehicle id="0" x="292.81" y="401.65" angle="-90.00" type="DEFAULT_VEHTYPE" speed="12.84" pos="102.44" lane="2/2to1/2_0" slope="0.00"/>
        <vehicle id="1" x="198.35" y="83.31" angle="0.00" type="DEFAULT_VEHTYPE" speed="13.13" pos="111.94" lane="1/1to1/0_0" slope="0.00"/>
        <vehicle id="17" x="201.65" y="219.07" angle="180.00" type="DEFAULT_VEHTYPE" speed="10.38" pos="14.32" lane="1/1to1/2_0" slope="0.00"/>
        <vehicle id="18" x="398.35" y="256.87" angle="0.00" type="DEFAULT_VEHTYPE" speed="13.04" pos="138.38" lane="2/2to2/1_0" slope="0.00"/>
        <vehicle id="21" x="398.35" y="397.30" angle="0.00" type="DEFAULT_VEHTYPE" speed="12.68" pos="7.45" lane=":2/2_1_0" slope="0.00"/>
        <vehicle id="22" x="759.83" y="198.35" angle="90.00" type="DEFAULT_VEHTYPE" speed="13.57" pos="155.08" lane="3/1to4/1_0" slope="0.00"/>
        <vehicle id="24" x="401.65" y="615.03" angle="180.00" type="DEFAULT_VEHTYPE" speed="10.90" pos="10.28" lane="2/3to2/4_0" slope="0.00"/>
        <vehicle id="26" x="401.65" y="677.27" angle="180.00" type="DEFAULT_VEHTYPE" speed="12.81" pos="72.52" lane="2/3to2/4_0" slope="0.00"/>
        <vehicle id="28" x="50.67" y="398.35" angle="90.00" type="DEFAULT_VEHTYPE" speed="13.03" pos="50.67" lane="0/2to1/2_0" slope="0.00"/>
        <vehicle id="32" x="201.65" y="474.27" angle="180.00" type="DEFAULT_VEHTYPE" speed="13.52" pos="69.52" lane="1/2to1/3_0" slope="0.00"/>
        <vehicle id="35" x="398.35" y="473.61" angle="0.00" type="DEFAULT_VEHTYPE" speed="12.80" pos="121.64" lane="2/3to2/2_0" slope="0.00"/>
        <vehicle id="37" x="547.14" y="198.35" angle="90.00" type="DEFAULT_VEHTYPE" speed="13.12" pos="142.39" lane="2/1to3/1_0" slope="0.00"/>
        <vehicle id="38" x="268.67" y="198.35" angle="90.00" type="DEFAULT_VEHTYPE" speed="13.14" pos="63.92" lane="1/1to2/1_0" slope="0.00"/>
        <vehicle id="41" x="201.65" y="418.48" angle="180.00" type="DEFAULT_VEHTYPE" speed="13.37" pos="13.73" lane="1/2to1/3_0" slope="0.00"/>
        <vehicle id="44" x="342.15" y="598.35" angle="90.00" type="DEFAULT_VEHTYPE" speed="13.66" pos="137.40" lane="1/3to2/3_0" slope="0.00"/>
        <vehicle id="48" x="216.31" y="598.35" angle="90.00" type="DEFAULT_VEHTYPE" speed="12.71" pos="11.56" lane="1/3to2/3_0" slope="0.00"/>
        <vehicle id="5" x="398.35" y="606.39" angle="0.00" type="DEFAULT_VEHTYPE" speed="10.10" pos="193.61" lane="2/4to2/3_0" slope="0.00"/>
        <vehicle id="7" x="201.65" y="360.04" angle="180.00" type="DEFAULT_VEHTYPE" speed="13.65" pos="155.29" lane="1/1to1/2_0" slope="0.00"/>
        <vehicle id="8" x="398.35" y="424.25" angle="0.00" type="DEFAULT_VEHTYPE" speed="13.65" pos="171.00" lane="2/3to2/2_0" slope="0.00"/>
    </timestep>
    <timestep time="249.00">
        <vehicle id="0" x="280.09" y="401.65" angle="-90.00" type="DEFAULT_VEHTYPE" speed="12.72" pos="115.16" lane="2/2to1/2_0" slope="0.00"/>
        <vehicle id="1" x="198.35" y="70.60" angle="0.00" type="DEFAULT_VEHTYPE" speed="12.71" pos="124.65" lane="1/1to1/0_0" slope="0.00"/>
        <vehicle id="17" x="201.65" y="231.38" angle="180.00" type="DEFAULT_VEHTYPE" speed="12.31" pos="26.63" lane="1/1to1/2_0" slope="0.00"/>
        <vehicle id="18" x="398.35" y="243.22" angle="0.00" type="DEFAULT_VEHTYPE" speed="13.65" pos="152.03" lane="2/2to2/1_0" slope="0.00"/>
        <vehicle id="21" x="398.35" y="383.91" angle="0.00" type="DEFAULT_VEHTYPE" speed="13.38" pos="11.34" lane="2/2to2/1_0" slope="0.00"/>
        <vehicle id="22" x="773.20" y="198.35" angle="90.00" type="DEFAULT_VEHTYPE" speed="13.37" pos="168.45" lane="3/1to4/1_0" slope="0.00"/>
        <vehicle id="24" x="401.65" y="627.24" angle="180.00" type="DEFAULT_VEHTYPE" speed="12.21" pos="22.49" lane="2/3to2/4_0" slope="0.00"/>
        <vehicle id="26" x="401.65" y="690.63" angle="180.00" type="DEFAULT_VEHTYPE" speed="13.36" pos="85.88" lane="2/3to2/4_0" slope="0.00"/>
        <vehicle id="28" x="64.23" y="398.35" angle="90.00" type="DEFAULT_VEHTYPE" speed="13.57" pos="64.23" lane="0/2to1/2_0" slope="0.00"/>
        <vehicle id="32" x="201.65" y="488.05" angle="180.00" type="DEFAULT_VEHTYPE" speed="13.79" pos="83.30" lane="1/2to1/3_0" slope="0.00"/>
        <vehicle id="35" x="398.35" y="459.77" angle="0.00" type="DEFAULT_VEHTYPE" speed="13.84" pos="135.48" lane="2/3to2/2_0" slope="0.00"/>
        <vehicle id="37" x="560.08" y="198.35" angle="90.00" type="DEFAULT_VEHTYPE" speed="12.94" pos="155.33" lane="2/1to3/1_0" slope="0.00"/>
        <vehicle id="38" x="281.78" y="198.35" angle="90.00" type="DEFAULT_VEHTYPE" speed="13.11" pos="77.03" lane="1/1to2/1_0" slope="0.00"/>
        <vehicle id="41" x="201.65" y="431.52" angle="180.00" type="DEFAULT_VEHTYPE" speed="13.05" pos="26.77" lane="1/2to1/3_0" slope="0.00"/>
        <vehicle id="44" x="355.57" y="598.35" angle="90.00" type="DEFAULT_VEHTYPE" speed="13.41" pos="150.82" lane="1/3to2/3_0" slope="0.00"/>
        <vehicle id="48" x="229.22" y="598.35" angle="90.00" type="DEFAULT_VEHTYPE" speed="12.92" pos="24.47" lane="1/3to2/3_0" slope="0.00"/>
        <vehicle id="5" x="398.35" y="594.55" angle="0.00" type="DEFAULT_VEHTYPE" speed="11.84" pos="0.70" lane="2/3to2/2_0" slope="0.00"/>
        <vehicle id="7" x="201.65" y="373.86" angle="180.00" type="DEFAULT_VEHTYPE" speed="13.82" pos="169.11" lane="1/1to1/2_0" slope="0.00"/>
        <vehicle id="8" x="398.35" y="410.71" angle="0.00" type="DEFAULT_VEHTYPE" speed="13.53" pos="184.54" lane="2/3to2/2_0" slope="0.00"/>
    </timestep>
    <timestep time="250.00">
        <vehicle id="0" x="267.38" y="401.65" angle="-90.00" type="DEFAULT_VEHTYPE" speed="12.71" pos="127.87" lane="2/2to1/2_0" slope="0.00"/>
        <vehicle id="1" x="198.35" y="57.63" angle="0.00" type="DEFAULT_VEHTYPE" speed="12.96" pos="137.62" lane="1/1to1/0_0" slope="0.00"/>
        <vehicle id="17" x="201.65" y="244.98" angle="180.00" type="DEFAULT_VEHTYPE" speed="13.61" pos="40.23" lane="1/1to1/2_0" slope="0.00"/>
        <vehicle id="18" x="398.35" y="229.66" angle="0.00" type="DEFAULT_VEHTYPE" speed="13.56" pos="165.59" lane="2/2to2/1_0" slope="0.00"/>
        <vehicle id="21" x="398.35" y="370.69" angle="0.00" type="DEFAULT_VEHTYPE" speed="13.22" pos="24.56" lane="2/2to2/1_0" slope="0.00"/>
        <vehicle id="22" x="787.00" y="198.35" angle="90.00" type="DEFAULT_VEHTYPE" speed="13.80" pos="182.25" lane="3/1to4/1_0" slope="0.00"/>
        <vehicle id="24" x="401.65" y="641.09" angle="180.00" type="DEFAULT_VEHTYPE" speed="13.85" pos="36.34" lane="2/3to2/4_0" slope="0.00"/>
        <vehicle id="26" x="401.65" y="703.86" angle="180.00" type="DEFAULT_VEHTYPE" speed="13.23" pos="99.11" lane="2/3to2/4_0" slope="0.00"/>
        <vehicle id="28" x="77.64" y="398.35" angle="90.00" type="DEFAULT_VEHTYPE" speed="13.40" pos="77.64" lane="0/2to1/2_0" slope="0.00"/>
        <vehicle id="32" x="201.65" y="501.31" angle="180.00" type="DEFAULT_VEHTYPE" speed="13.25" pos="96.56" lane="1/2to1/3_0" slope="0.00"/>
        <vehicle id="35" x="398.35" y="446.50" angle="0.00" type="DEFAULT_VEHTYPE" speed="13.27" pos="148.75" lane="2/3to2/2_0" slope="0.00"/>
        <vehicle id="37" x="572.94" y="198.35" angle="90.00" type="DEFAULT_VEHTYPE" speed="12.85" pos="168.19" lane="2/1to3/1_0" slope="0.00"/>
        <vehicle id="38" x="295.56" y="198.35" angle="90.00" type="DEFAULT_VEHTYPE" speed="13.77" pos="90.81" lane="1/1to2/1_0" slope="0.00"/>
        <vehicle id="41" x="201.65" y="444.16" angle="180.00" type="DEFAULT_VEHTYPE" speed="12.63" pos="39.41" lane="1/2to1/3_0" slope="0.00"/>
        <vehicle id="44" x="368.61" y="598.35" angle="90.00" type="DEFAULT_VEHTYPE" speed="13.04" pos="163.86" lane="1/3to2/3_0" slope="0.00"/>
        <vehicle id="48" x="243.05" y="598.35" angle="90.00" type="DEFAULT_VEHTYPE" speed="13.83" pos="38.30" lane="1/3to2/3_0" slope="0.00"/>
        <vehicle id="5" x="398.35" y="581.20" angle="0.00" type="DEFAULT_VEHTYPE" speed="13.34" pos="14.05" lane="2/3to2/2_0" slope="0.00"/>
        <vehicle id="7" x="201.65" y="386.63" angle="180.00" type="DEFAULT_VEHTYPE" speed="12.77" pos="181.88" lane="1/1to1/2_0" slope="0.00"/>
        <vehicle id="8" x="392.94" y="401.65" angle="-78.88" type="DEFAULT_VEHTYPE" speed="13.28" pos="2.31" lane="2/2to1/2_0" slope="0.00"/>
    </timestep>
    <timestep time="251.00">
        <vehicle id="0" x="253.92" y="401.65" angle="-90.00" type="DEFAULT_VEHTYPE" speed="13.46" pos="141.33" lane="2/2to1/2_0" slope="0.00"/>
        <vehicle id="1" x="198.35" y="43.98" angle="0.00" type="DEFAULT_VEHTYPE" speed="13.66" pos="151.27" lane="1/1to1/0_0" slope="0.00"/>
        <vehicle id="17" x="201.65" y="258.00" angle="180.00" type="DEFAULT_VEHTYPE" speed="13.02" pos="53.25" lane="1/1to1/2_0" slope="0.00"/>
        <vehicle id="18" x="398.35" y="215.92" angle="0.00" type="DEFAULT_VEHTYPE" speed="13.74" pos="179.33" lane="2/2to2/1_0" slope="0.00"/>
        <vehicle id="21" x="398.35" y="357.78" angle="0.00" type="DEFAULT_VEHTYPE" speed="12.91" pos="37.47" lane="2/2to2/1_0" slope="0.00"/>
        <vehicle id="22" x="800.63" y="198.77" angle="94.88" type="DEFAULT_VEHTYPE" speed="13.75" pos="0.75" lane=":4/1_0_0" slope="0.00"/>
        <vehicle id="24" x="401.65" y="654.08" angle="180.00" type="DEFAULT_VEHTYPE" speed="12.99" pos="49.33" lane="2/3to2/4_0" slope="0.00"/>
        <vehicle id="26" x="401.65" y="717.70" angle="180.00" type="DEFAULT_VEHTYPE" speed="13.85" pos="112.95" lane="2/3to2/4_0" slope="0.00"/>
        <vehicle id="28" x="91.28" y="398.35" angle="90.00" type="DEFAULT_VEHTYPE" speed="13.64" pos="91.28" lane="0/2to1/2_0" slope="0.00"/>
        <vehicle id="32" x="201.65" y="515.20" angle="180.00" type="DEFAULT_VEHTYPE" speed="13.90" pos="110.45" lane="1/2to1/3_0" slope="0.00"/>
        <vehicle id="35" x="398.35" y="433.27" angle="0.00" type="DEFAULT_VEHTYPE" speed="13.23" pos="161.98" lane="2/3to2/2_0" slope="0.00"/>
        <vehicle id="37" x="581.54" y="198.35" angle="90.00" type="DEFAULT_VEHTYPE" speed="8.60" pos="176.79" lane="2/1to3/1_0" slope="0.00"/>
        <vehicle id="38" x="309.34" y="198.35" angle="90.00" type="DEFAULT_VEHTYPE" speed="13.79" pos="104.59" lane="1/1to2/1_0" slope="0.00"/>
        <vehicle id="41" x="201.65" y="458.00" angle="180.00" type="DEFAULT_VEHTYPE" speed="13.85" pos="53.25" lane="1/2to1/3_0" slope="0.00"/>
        <vehicle id="44" x="378.84" y="598.35" angle="90.00" type="DEFAULT_VEHTYPE" speed="10.24" pos="174.09" lane="1/3to2/3_0" slope="0.00"/>
        <vehicle id="48" x="256.74" y="598.35" angle="90.00" type="DEFAULT_VEHTYPE" speed="13.69" pos="51.99" lane="1/3to2/3_0" slope="0.00"/>
        <vehicle id="5" x="398.35" y="568.16" angle="0.00" type="DEFAULT_VEHTYPE" speed="13.04" pos="27.09" lane="2/3to2/2_0" slope="0.00"/>
        <vehicle id="7" x="201.65" y="400.29" angle="180.00" type="DEFAULT_VEHTYPE" speed="13.66" pos="5.04" lane=":1/2_9_0" slope="0.00"/>
        <vehicle id="8" x="380.28" y="401.65" angle="-90.00" type="DEFAULT_VEHTYPE" speed="12.66" pos="14.97" lane="2/2to1/2_0" slope="0.00"/>
    </timestep>
    <timestep time="252.00">
        <vehicle id="0" x="241.32" y="401.65" angle="-90.00" type="DEFAULT_VEHTYPE" speed="12.61" pos="153.93" lane="2/2to1/2_0" slope="0.00"/>
        <vehicle id="1" x="198.35" y="30.15" angle="0.00" type="DEFAULT_VEHTYPE" speed="13.83" pos="165.10" lane="1/1to1/0_0" slope="0.00"/>
        <vehicle id="17" x="201.65" y="270.85" angle="180.00" type="DEFAULT_VEHTYPE" speed="12.85" pos="66.10" lane="1/1to1/2_0" slope="0.00"/>
        <vehicle id="18" x="397.85" y="202.88" angle="-5.77" type="DEFAULT_VEHTYPE" speed="13.14" pos="1.97" lane=":2/1_0_0" slope="0.00"/>
        <vehicle id="21" x="398.35" y="344.51" angle="0.00" type="DEFAULT_VEHTYPE" speed="13.27" pos="50.74" lane="2/2to2/1_0" slope="0.00"/>
        <vehicle id="22" x="790.75" y="201.65" angle="-90.00" type="DEFAULT_VEHTYPE" speed="13.31" pos="9.25" lane="4/1to3/1_0" slope="0.00"/>
        <vehicle id="24" x="401.65" y="666.76" angle="180.00" type="DEFAULT_VEHTYPE" speed="12.68" pos="62.01" lane="2/3to2/4_0" slope="0.00"/>
        <vehicle id="26" x="401.65" y="730.33" angle="180.00" type="DEFAULT_VEHTYPE" speed="12.63" pos="125.58" lane="2/3to2/4_0" slope="0.00"/>
        <vehicle id="28" x="104.45" y="398.35" angle="90.00" type="DEFAULT_VEHTYPE" speed="13.17" pos="104.45" lane="0/2to1/2_0" slope="0.00"/>
        <vehicle id="32" x="201.65" y="528.11" angle="180.00" type="DEFAULT_VEHTYPE" speed="12.90" pos="123.36" lane="1/2to1/3_0" slope="0.00"/>
        <vehicle id="35" x="398.35" y="419.67" angle="0.00" type="DEFAULT_VEHTYPE" speed="13.59" pos="175.58" lane="2/3to2/2_0" slope="0.00"/>
        <vehicle id="37" x="587.27" y="198.35" angle="90.00" type="DEFAULT_VEHTYPE" speed="5.73" pos="182.52" lane="2/1to3/1_0" slope="0.00"/>
        <vehicle id="38" x="322.54" y="198.35" angle="90.00" type="DEFAULT_VEHTYPE" speed="13.19" pos="117.79" lane="1/1to2/1_0" slope="0.00"/>
        <vehicle id="41" x="201.65" y="471.48" angle="180.00" type="DEFAULT_VEHTYPE" speed="13.48" pos="66.73" lane="1/2to1/3_0" slope="0.00"/>
        <vehicle id="44" x="385.37" y="598.35" angle="90.00" type="DEFAULT_VEHTYPE" speed="6.52" pos="180.62" lane="1/3to2/3_0" slope="0.00"/>
        <vehicle id="48" x="269.54" y="598.35" angle="90.00" type="DEFAULT_VEHTYPE" speed="12.80" pos="64.79" lane="1/3to2/3_0" slope="0.00"/>
        <vehicle id="5" x="398.35" y="554.97" angle="0.00" type="DEFAULT_VEHTYPE" speed="13.19" pos="40.28" lane="2/3to2/2_0" slope="0.00"/>
        <vehicle id="7" x="201.65" y="413.19" angle="180.00" type="DEFAULT_VEHTYPE" speed="12.90" pos="8.44" lane="1/2to1/3_0" slope="0.00"/>
        <vehicle id="8" x="367.23" y="401.65" angle="-90.00" type="DEFAULT_VEHTYPE" speed="13.04" pos="28.02" lane="2/2to1/2_0" slope="0.00"/>
    </timestep>
    <timestep time="253.00">
        <vehicle id="0" x="227.77" y="401.65" angle="-90.00" type="DEFAULT_VEHTYPE" speed="13.55" pos="167.48" lane="2/2to1/2_0" slope="0.00"/>
        <vehicle id="1" x="198.35" y="16.97" angle="0.00" type="DEFAULT_VEHTYPE" speed="13.18" pos="178.28" lane="1/1to1/0_0" slope="0.00"/>
        <vehicle id="17" x="201.65" y="284.34" angle="180.00" type="DEFAULT_VEHTYPE" speed="13.49" pos="79.59" lane="1/1to1/2_0" slope="0.00"/>
        <vehicle id="18" x="384.46" y="201.65" angle="-90.00" type="DEFAULT_VEHTYPE" speed="13.82" pos="10.79" lane="2/1to1/1_0" slope="0.00"/>
        <vehicle id="21" x="398.35" y="330.85" angle="0.00" type="DEFAULT_VEHTYPE" speed="13.66" pos="64.40" lane="2/2to2/1_0" slope="0.00"/>
        <vehicle id="22" x="777.18" y="201.65" angle="-90.00" type="DEFAULT_VEHTYPE" speed="13.58" pos="22.82" lane="4/1to3/1_0" slope="0.00"/>
        <vehicle id="24" x="401.65" y="680.29" angle="180.00" type="DEFAULT_VEHTYPE" speed="13.52" pos="75.54" lane="2/3to2/4_0" slope="0.00"/>
        <vehicle id="26" x="401.65" y="743.50" angle="180.00" type="DEFAULT_VEHTYPE" speed="13.17" pos="138.75" lane="2/3to2/4_0" slope="0.00"/>
        <vehicle id="28" x="117.61" y="398.35" angle="90.00" type="DEFAULT_VEHTYPE" speed="13.17" pos="117.61" lane="0/2to1/2_0" slope="0.00"/>
        <vehicle id="32" x="201.65" y="541.74" angle="180.00" type="DEFAULT_VEHTYPE" speed="13.63" pos="136.99" lane="1/2to1/3_0" slope="0.00"/>
        <vehicle id="35" x="398.35" y="407.04" angle="0.00" type="DEFAULT_VEHTYPE" speed="12.63" pos="188.21" lane="2/3to2/2_0" slope="0.00"/>
        <vehicle id="37" x="590.37" y="198.35" angle="90.00" type="DEFAULT_VEHTYPE" speed="3.10" pos="185.62" lane="2/1to3/1_0" slope="0.00"/>
        <vehicle id="38" x="336.17" y="198.35" angle="90.00" type="DEFAULT_VEHTYPE" speed="13.64" pos="131.42" lane="1/1to2/1_0" slope="0.00"/>
        <vehicle id="41" x="201.65" y="484.56" angle="180.00" type="DEFAULT_VEHTYPE" speed="13.08" pos="79.81" lane="1/2to1/3_0" slope="0.00"/>
        <vehicle id="44" x="389.19" y="598.35" angle="90.00" type="DEFAULT_VEHTYPE" speed="3.82" pos="184.44" lane="1/3to2/3_0" slope="0.00"/>
        <vehicle id="48" x="282.78" y="598.35" angle="90.00" type="DEFAULT_VEHTYPE" speed="13.24" pos="78.03" lane="1/3to2/3_0" slope="0.00"/>
        <vehicle id="5" x="398.35" y="542.13" angle="0.00" type="DEFAULT_VEHTYPE" speed="12.84" pos="53.12" lane="2/3to2/2_0" slope="0.00"/>
        <vehicle id="7" x="201.65" y="426.15" angle="180.00" type="DEFAULT_VEHTYPE" speed="12.96" pos="21.40" lane="1/2to1/3_0" slope="0.00"/>
        <vehicle id="8" x="354.08" y="401.65" angle="-90.00" type="DEFAULT_VEHTYPE" speed="13.16" pos="41.17" lane="2/2to1/2_0" slope="0.00"/>
    </timestep>
    <timestep time="254.00">
        <vehicle id="0" x="218.26" y="401.65" angle="-90.00" type="DEFAULT_VEHTYPE" speed="9.51" pos="176.99" lane="2/2to1/2_0" slope="0.00"/>
        <vehicle id="1" x="198.35" y="3.33" angle="0.00" type="DEFAULT_VEHTYPE" speed="13.63" pos="191.92" lane="1/1to1/0_0" slope="0.00"/>
        <vehicle id="17" x="201.65" y="297.71" angle="180.00" type="DEFAULT_VEHTYPE" speed="13.37" pos="92.96" lane="1/1to1/2_0" slope="0.00"/>
        <vehicle id="18" x="371.70" y="201.65" angle="-90.00" type="DEFAULT_VEHTYPE" speed="12.76" pos="23.55" lane="2/1to1/1_0" slope="0.00"/>
        <vehicle id="21" x="398.35" y="317.31" angle="0.00" type="DEFAULT_VEHTYPE" speed="13.54" pos="77.94" lane="2/2to2/1_0" slope="0.00"/>
        <vehicle id="22" x="763.40" y="201.65" angle="-90.00" type="DEFAULT_VEHTYPE" speed="13.78" pos="36.60" lane="4/1to3/1_0" slope="0.00"/>
        <vehicle id="24" x="401.65" y="693.64" angle="180.00" type="DEFAULT_VEHTYPE" speed="13.35" pos="88.89" lane="2/3to2/4_0" slope="0.00"/>
        <vehicle id="26" x="401.65" y="757.34" angle="180.00" type="DEFAULT_VEHTYPE" speed="13.84" pos="152.59" lane="2/3to2/4_0" slope="0.00"/>
        <vehicle id="28" x="131.17" y="398.35" angle="90.00" type="DEFAULT_VEHTYPE" speed="13.56" pos="131.17" lane="0/2to1/2_0" slope="0.00"/>
        <vehicle id="32" x="201.65" y="554.77" angle="180.00" type="DEFAULT_VEHTYPE" speed="13.03" pos="150.02" lane="1/2to1/3_0" slope="0.00"/>
        <vehicle id="35" x="398.35" y="394.13" angle="0.00" type="DEFAULT_VEHTYPE" speed="12.91" pos="1.12" lane="2/2to2/1_0" slope="0.00"/>
        <vehicle id="37" x="594.89" y="198.35" angle="90.00" type="DEFAULT_VEHTYPE" speed="4.53" pos="190.14" lane="2/1to3/1_0" slope="0.00"/>
        <vehicle id="38" x="349.97" y="198.35" angle="90.00" type="DEFAULT_VEHTYPE" speed="13.80" pos="145.22" lane="1/1to2/1_0" slope="0.00"/>
        <vehicle id="41" x="201.65" y="497.55" angle="180.00" type="DEFAULT_VEHTYPE" speed="12.99" pos="92.80" lane="1/2to1/3_0" slope="0.00"/>
        <vehicle id="44" x="394.69" y="598.35" angle="90.00" type="DEFAULT_VEHTYPE" speed="5.50" pos="189.94" lane="1/3to2/3_0" slope="0.00"/>
        <vehicle id="48" x="295.80" y="598.35" angle="90.00" type="DEFAULT_VEHTYPE" speed="13.02" pos="91.05" lane="1/3to2/3_0" slope="0.00"/>
        <vehicle id="5" x="398.35" y="529.49" angle="0.00" type="DEFAULT_VEHTYPE" speed="12.64" pos="65.76" lane="2/3to2/2_0" slope="0.00"/>
        <vehicle id="7" x="201.65" y="438.93" angle="180.00" type="DEFAULT_VEHTYPE" speed="12.78" pos="34.18" lane="1/2to1/3_0" slope="0.00"/>
        <vehicle id="8" x="340.92" y="401.65" angle="-90.00" type="DEFAULT_VEHTYPE" speed="13.16" pos="54.33" lane="2/2to1/2_0" slope="0.00"/>
    </timestep>
    <timestep time="255.00">
        <vehicle id="0" x="213.03" y="401.65" angle="-90.00" type="DEFAULT_VEHTYPE" speed="5.22" pos="182.22" lane="2/2to1/2_0" slope="0.00"/>
        <vehicle id="1" x="201.65" y="4.49" angle="176.70" type="DEFAULT_VEHTYPE" speed="12.65" pos="4.49" lane="1/0to1/1_0" slope="0.00"/>
        <vehicle id="17" x="201.65" y="311.33" angle="180.00" type="DEFAULT_VEHTYPE" speed="13.62" pos="106.58" lane="1/1to1/2_0" slope="0.00"/>
        <vehicle id="18" x="358.24" y="201.65" angle="-90.00" type="DEFAULT_VEHTYPE" speed="13.46" pos="37.01" lane="2/1to1/1_0" slope="0.00"/>
        <vehicle id="21" x="398.35" y="303.69" angle="0.00" type="DEFAULT_VEHTYPE" speed="13.62" pos="91.56" lane="2/2to2/1_0" slope="0.00"/>
        <vehicle id="22" x="750.33" y="201.65" angle="-90.00" type="DEFAULT_VEHTYPE" speed="13.07" pos="49.67" lane="4/1to3/1_0" slope="0.00"/>
        <vehicle id="24" x="401.65" y="706.54" angle="180.00" type="DEFAULT_VEHTYPE" speed="12.90" pos="101.79" lane="2/3to2/4_0" slope="0.00"/>
        <vehicle id="26" x="401.65" y="770.37" angle="180.00" type="DEFAULT_VEHTYPE" speed="13.03" pos="165.62" lane="2/3to2/4_0" slope="0.00"/>
        <vehicle id="28" x="144.18" y="398.35" angle="90.00" type="DEFAULT_VEHTYPE" speed="13.00" pos="144.18" lane="0/2to1/2_0" slope="0.00"/>
        <vehicle id="32" x="201.65" y="568.44" angle="180.00" type="DEFAULT_VEHTYPE" speed="13.68" pos="163.69" lane="1/2to1/3_0" slope="0.00"/>
        <vehicle id="35" x="398.35" y="380.67" angle="0.00" type="DEFAULT_VEHTYPE" speed="13.47" pos="14.58" lane="2/2to2/1_0" slope="0.00"/>
        <vehicle id="37" x="601.95" y="198.35" angle="90.00" type="DEFAULT_VEHTYPE" speed="7.05" pos="6.70" lane=":3/1_13_0" slope="0.00"/>
        <vehicle id="38" x="363.75" y="198.35" angle="90.00" type="DEFAULT_VEHTYPE" speed="13.78" pos="159.00" lane="1/1to2/1_0" slope="0.00"/>
        <vehicle id="41" x="201.65" y="510.64" angle="180.00" type="DEFAULT_VEHTYPE" speed="13.09" pos="105.89" lane="1/2to1/3_0" slope="0.00"/>
        <vehicle id="44" x="400.75" y="601.12" angle="122.61" type="DEFAULT_VEHTYPE" speed="7.09" pos="6.52" lane=":2/3_14_0" slope="0.00"/>
        <vehicle id="48" x="309.32" y="598.35" angle="90.00" type="DEFAULT_VEHTYPE" speed="13.52" pos="104.57" lane="1/3to2/3_0" slope="0.00"/>
        <vehicle id="5" x="398.35" y="516.43" angle="0.00" type="DEFAULT_VEHTYPE" speed="13.06" pos="78.82" lane="2/3to2/2_0" slope="0.00"/>
        <vehicle id="7" x="201.65" y="452.53" angle="180.00" type="DEFAULT_VEHTYPE" speed="13.60" pos="47.78" lane="1/2to1/3_0" slope="0.00"/>
        <vehicle id="8" x="327.79" y="401.65" angle="-90.00" type="DEFAULT_VEHTYPE" speed="13.13" pos="67.46" lane="2/2to1/2_0" slope="0.00"/>
    </timestep>
    <timestep time="256.00">
        <vehicle id="0" x="209.98" y="401.65" angle="-90.00" type="DEFAULT_VEHTYPE" speed="3.05" pos="185.27" lane="2/2to1/2_0" slope="0.00"/>
        <vehicle id="1" x="201.65" y="17.20" angle="180.00" type="DEFAULT_VEHTYPE" speed="12.71" pos="17.20" lane="1/0to1/1_0" slope="0.00"/>
        <vehicle id="17" x="201.65" y="324.08" angle="180.00" type="DEFAULT_VEHTYPE" speed="12.75" pos="119.33" lane="1/1to1/2_0" slope="0.00"/>
        <vehicle id="18" x="344.49" y="201.65" angle="-90.00" type="DEFAULT_VEHTYPE" speed="13.75" pos="50.76" lane="2/1to1/1_0" slope="0.00"/>
        <vehicle id="21" x="398.35" y="290.20" angle="0.00" type="DEFAULT_VEHTYPE" speed="13.49" pos="105.05" lane="2/2to2/1_0" slope="0.00"/>
        <vehicle id="22" x="736.70" y="201.65" angle="-90.00" type="DEFAULT_VEHTYPE" speed="13.63" pos="63.30" lane="4/1to3/1_0" slope="0.00"/>
        <vehicle id="24" x="401.65" y="719.59" angle="180.00" type="DEFAULT_VEHTYPE" speed="13.05" pos="114.84" lane="2/3to2/4_0" slope="0.00"/>
        <vehicle id="26" x="401.65" y="783.22" angle="180.00" type="DEFAULT_VEHTYPE" speed="12.85" pos="178.47" lane="2/3to2/4_0" slope="0.00"/>
        <vehicle id="28" x="157.53" y="398.35" angle="90.00" type="DEFAULT_VEHTYPE" speed="13.36" pos="157.53" lane="0/2to1/2_0" slope="0.00"/>
        <vehicle id="32" x="201.65" y="582.04" angle="180.00" type="DEFAULT_VEHTYPE" speed="13.60" pos="177.29" lane="1/2to1/3_0" slope="0.00"/>
        <vehicle id="35" x="398.35" y="366.91" angle="0.00" type="DEFAULT_VEHTYPE" speed="13.76" pos="28.34" lane="2/2to2/1_0" slope="0.00"/>
        <vehicle id="37" x="610.48" y="198.35" angle="90.00" type="DEFAULT_VEHTYPE" speed="8.54" pos="5.73" lane="3/1to4/1_0" slope="0.00"/>
        <vehicle id="38" x="375.24" y="198.35" angle="90.00" type="DEFAULT_VEHTYPE" speed="11.49" pos="170.49" lane="1/1to2/1_0" slope="0.00"/>
        <vehicle id="41" x="201.65" y="524.27" angle="180.00" type="DEFAULT_VEHTYPE" speed="13.63" pos="119.52" lane="1/2to1/3_0" slope="0.00"/>
        <vehicle id="44" x="401.65" y="609.89" angle="180.00" type="DEFAULT_VEHTYPE" speed="8.93" pos="5.14" lane="2/3to2/4_0" slope="0.00"/>
        <vehicle id="48" x="322.47" y="598.35" angle="90.00" type="DEFAULT_VEHTYPE" speed="13.15" pos="117.72" lane="1/3to2/3_0" slope="0.00"/>
        <vehicle id="5" x="398.35" y="503.27" angle="0.00" type="DEFAULT_VEHTYPE" speed="13.16" pos="91.98" lane="2/3to2/2_0" slope="0.00"/>
        <vehicle id="7" x="201.65" y="466.39" angle="180.00" type="DEFAULT_VEHTYPE" speed="13.86" pos="61.64" lane="1/2to1/3_0" slope="0.00"/>
        <vehicle id="8" x="315.05" y="401.65" angle="-90.00" type="DEFAULT_VEHTYPE" speed="12.74" pos="80.20" lane="2/2to1/2_0" slope="0.00"/>
    </timestep>
    <timestep time="257.00">
        <vehicle id="0" x="204.88" y="401.65" angle="-90.00" type="DEFAULT_VEHTYPE" speed="5.10" pos="190.37" lane="2/2to1/2_0" slope="0.00"/>
        <vehicle id="1" x="201.65" y="30.98" angle="180.00" type="DEFAULT_VEHTYPE" speed="13.78" pos="30.98" lane="1/0to1/1_0" slope="0.00"/>
        <vehicle id="17" x="201.65" y="337.19" angle="180.00" type="DEFAULT_VEHTYPE" speed="13.11" pos="132.44" lane="1/1to1/2_0" slope="0.00"/>
        <vehicle id="18" x="331.67" y="201.65" angle="-90.00" type="DEFAULT_VEHTYPE" speed="12.82" pos="63.58" lane="2/1to1/1_0" slope="0.00"/>
        <vehicle id="21" x="398.35" y="276.55" angle="0.00" type="DEFAULT_VEHTYPE" speed="13.65" pos="118.70" lane="2/2to2/1_0" slope="0.00"/>
        <vehicle id="22" x="723.53" y="201.65" angle="-90.00" type="DEFAULT_VEHTYPE" speed="13.17" pos="76.47" lane="4/1to3/1_0" slope="0.00"/>
        <vehicle id="24" x="401.65" y="733.21" angle="180.00" type="DEFAULT_VEHTYPE" speed="13.62" pos="128.46" lane="2/3to2/4_0" slope="0.00"/>
        <vehicle id="26" x="401.65" y="796.96" angle="180.00" type="DEFAULT_VEHTYPE" speed="13.75" pos="192.21" lane="2/3to2/4_0" slope="0.00"/>
        <vehicle id="28" x="170.49" y="398.35" angle="90.00" type="DEFAULT_VEHTYPE" speed="12.96" pos="170.49" lane="0/2to1/2_0" slope="0.00"/>
        <vehicle id="32" x="201.71" y="595.71" angle="179.27" type="DEFAULT_VEHTYPE" speed="13.67" pos="0.46" lane=":1/3_8_0" slope="0.00"/>
        <vehicle id="35" x="398.35" y="353.57" angle="0.00" type="DEFAULT_VEHTYPE" speed="13.34" pos="41.68" lane="2/2to2/1_0" slope="0.00"/>
        <vehicle id="37" x="621.14" y="198.35" angle="90.00" type="DEFAULT_VEHTYPE" speed="10.66" pos="16.39" lane="3/1to4/1_0" slope="0.00"/>
        <vehicle id="38" x="383.38" y="198.35" angle="90.00" type="DEFAULT_VEHTYPE" speed="8.14" pos="178.63" lane="1/1to2/1_0" slope="0.00"/>
        <vehicle id="41" x="201.65" y="537.95" angle="180.00" type="DEFAULT_VEHTYPE" speed="13.68" pos="133.20" lane="1/2to1/3_0" slope="0.00"/>
        <vehicle id="44" x="401.65" y="620.67" angle="180.00" type="DEFAULT_VEHTYPE" speed="10.79" pos="15.92" lane="2/3to2/4_0" slope="0.00"/>
        <vehicle id="48" x="335.87" y="598.35" angle="90.00" type="DEFAULT_VEHTYPE" speed="13.40" pos="131.12" lane="1/3to2/3_0" slope="0.00"/>
        <vehicle id="5" x="398.35" y="489.68" angle="0.00" type="DEFAULT_VEHTYPE" speed="13.59" pos="105.57" lane="2/3to2/2_0" slope="0.00"/>
        <vehicle id="7" x="201.65" y="479.29" angle="180.00" type="DEFAULT_VEHTYPE" speed="12.90" pos="74.54" lane="1/2to1/3_0" slope="0.00"/>
        <vehicle id="8" x="301.59" y="401.65" angle="-90.00" type="DEFAULT_VEHTYPE" speed="13.46" pos="93.66" lane="2/2to1/2_0" slope="0.00"/>
    </timestep>
    <timestep time="258.00">
        <vehicle id="0" x="198.38" y="401.65" angle="-90.00" type="DEFAULT_VEHTYPE" speed="6.50" pos="6.37" lane=":1/2_5_0" slope="0.00"/>
        <vehicle id="1" x="201.65" y="44.40" angle="180.00" type="DEFAULT_VEHTYPE" speed="13.42" pos="44.40" lane="1/0to1/1_0" slope="0.00"/>
        <vehicle id="17" x="201.65" y="349.98" angle="180.00" type="DEFAULT_VEHTYPE" speed="12.79" pos="145.23" lane="1/1to1/2_0" slope="0.00"/>
        <vehicle id="18" x="317.83" y="201.65" angle="-90.00" type="DEFAULT_VEHTYPE" speed="13.84" pos="77.42" lane="2/1to1/1_0" slope="0.00"/>
        <vehicle id="21" x="398.35" y="262.79" angle="0.00" type="DEFAULT_VEHTYPE" speed="13.76" pos="132.46" lane="2/2to2/1_0" slope="0.00"/>
        <vehicle id="22" x="709.66" y="201.65" angle="-90.00" type="DEFAULT_VEHTYPE" speed="13.87" pos="90.34" lane="4/1to3/1_0" slope="0.00"/>
        <vehicle id="24" x="401.65" y="745.98" angle="180.00" type="DEFAULT_VEHTYPE" speed="12.77" pos="141.23" lane="2/3to2/4_0" slope="0.00"/>
        <vehicle id="26" x="398.35" y="794.84" angle="0.00" type="DEFAULT_VEHTYPE" speed="13.02" pos="5.16" lane="2/4to2/3_0" slope="0.00"/>
        <vehicle id="28" x="180.44" y="398.35" angle="90.00" type="DEFAULT_VEHTYPE" speed="9.95" pos="180.44" lane="0/2to1/2_0" slope="0.00"/>
        <vehicle id="32" x="214.09" y="598.35" angle="90.00" type="DEFAULT_VEHTYPE" speed="13.88" pos="9.34" lane="1/3to2/3_0" slope="0.00"/>
        <vehicle id="35" x="398.35" y="340.63" angle="0.00" type="DEFAULT_VEHTYPE" speed="12.94" pos="54.62" lane="2/2to2/1_0" slope="0.00"/>
        <vehicle id="37" x="633.28" y="198.35" angle="90.00" type="DEFAULT_VEHTYPE" speed="12.14" pos="28.53" lane="3/1to4/1_0" slope="0.00"/>
        <vehicle id="38" x="388.61" y="198.35" angle="90.00" type="DEFAULT_VEHTYPE" speed="5.23" pos="183.86" lane="1/1to2/1_0" slope="0.00"/>
        <vehicle id="41" x="201.65" y="551.05" angle="180.00" type="DEFAULT_VEHTYPE" speed="13.10" pos="146.30" lane="1/2to1/3_0" slope="0.00"/>
        <vehicle id="44" x="401.65" y="632.89" angle="180.00" type="DEFAULT_VEHTYPE" speed="12.22" pos="28.14" lane="2/3to2/4_0" slope="0.00"/>
        <vehicle id="48" x="349.21" y="598.35" angle="90.00" type="DEFAULT_VEHTYPE" speed="13.34" pos="144.46" lane="1/3to2/3_0" slope="0.00"/>
        <vehicle id="5" x="398.35" y="476.98" angle="0.00" type="DEFAULT_VEHTYPE" speed="12.70" pos="118.27" lane="2/3to2/2_0" slope="0.00"/>
        <vehicle id="7" x="201.65" y="492.88" angle="180.00" type="DEFAULT_VEHTYPE" speed="13.59" pos="88.13" lane="1/2to1/3_0" slope="0.00"/>
        <vehicle id="8" x="287.71" y="401.65" angle="-90.00" type="DEFAULT_VEHTYPE" speed="13.88" pos="107.54" lane="2/2to1/2_0" slope="0.00"/>
    </timestep>
    <timestep time="259.00">
        <vehicle id="0" x="190.51" y="401.65" angle="-90.00" type="DEFAULT_VEHTYPE" speed="7.86" pos="4.74" lane="1/2to0/2_0" slope="0.00"/>
        <vehicle id="1" x="201.65" y="57.05" angle="180.00" type="DEFAULT_VEHTYPE" speed="12.65" pos="57.05" lane="1/0to1/1_0" slope="0.00"/>
        <vehicle id="17" x="201.65" y="362.65" angle="180.00" type="DEFAULT_VEHTYPE" speed="12.67" pos="157.90" lane="1/1to1/2_0" slope="0.00"/>
        <vehicle id="18" x="304.11" y="201.65" angle="-90.00" type="DEFAULT_VEHTYPE" speed="13.72" pos="91.14" lane="2/1to1/1_0" slope="0.00"/>
        <vehicle id="21" x="398.35" y="249.01" angle="0.00" type="DEFAULT_VEHTYPE" speed="13.78" pos="146.24" lane="2/2to2/1_0" slope="0.00"/>
        <vehicle id="22" x="697.02" y="201.65" angle="-90.00" type="DEFAULT_VEHTYPE" speed="12.63" pos="102.98" lane="4/1to3/1_0" slope="0.00"/>
        <vehicle id="24" x="401.65" y="759.56" angle="180.00" type="DEFAULT_VEHTYPE" speed="13.58" pos="154.81" lane="2/3to2/4_0" slope="0.00"/>
        <vehicle id="26" x="398.35" y="781.08" angle="0.00" type="DEFAULT_VEHTYPE" speed="13.76" pos="18.92" lane="2/4to2/3_0" slope="0.00"/>
        <vehicle id="28" x="187.04" y="398.35" angle="90.00" type="DEFAULT_VEHTYPE" speed="6.60" pos="187.04" lane="0/2to1/2_0" slope="0.00"/>
        <vehicle id="32" x="226.85" y="598.35" angle="90.00" type="DEFAULT_VEHTYPE" speed="12.76" pos="22.10" lane="1/3to2/3_0" slope="0.00"/>
        <vehicle id="35" x="398.35" y="327.91" angle="0.00" type="DEFAULT_VEHTYPE" speed="12.71" pos="67.34" lane="2/2to2/1_0" slope="0.00"/>
        <vehicle id="37" x="646.10" y="198.35" angle="90.00" type="DEFAULT_VEHTYPE" speed="12.81" pos="41.35" lane="3/1to4/1_0" slope="0.00"/>
        <vehicle id="38" x="396.35" y="198.35" angle="90.00" type="DEFAULT_VEHTYPE" speed="7.74" pos="1.10" lane=":2/1_13_0" slope="0.00"/>
        <vehicle id="41" x="201.65" y="564.88" angle="180.00" type="DEFAULT_VEHTYPE" speed="13.83" pos="160.13" lane="1/2to1/3_0" slope="0.00"/>
        <vehicle id="44" x="401.65" y="646.15" angle="180.00" type="DEFAULT_VEHTYPE" speed="13.25" pos="41.40" lane="2/3to2/4_0" slope="0.00"/>
        <vehicle id="48" x="363.07" y="598.35" angle="90.00" type="DEFAULT_VEHTYPE" speed="13.86" pos="158.32" lane="1/3to2/3_0" slope="0.00"/>
        <vehicle id="5" x="398.35" y="463.12" angle="0.00" type="DEFAULT_VEHTYPE" speed="13.87" pos="132.13" lane="2/3to2/2_0" slope="0.00"/>
        <vehicle id="7" x="201.65" y="505.97" angle="180.00" type="DEFAULT_VEHTYPE" speed="13.09" pos="101.22" lane="1/2to1/3_0" slope="0.00"/>
        <vehicle id="8" x="274.07" y="401.65" angle="-90.00" type="DEFAULT_VEHTYPE" speed="13.64" pos="121.18" lane="2/2to1/2_0" slope="0.00"/>
    </timestep>
    <timestep time="260.00">
        <vehicle id="0" x="181.09" y="401.65" angle="-90.00" type="DEFAULT_VEHTYPE" speed="9.42" pos="14.16" lane="1/2to0/2_0" slope="0.00"/>
        <vehicle id="1" x="201.65" y="70.21" angle="180.00" type="DEFAULT_VEHTYPE" speed="13.16" pos="70.21" lane="1/0to1/1_0" slope="0.00"/>
        <vehicle id="17" x="201.65" y="376.46" angle="180.00" type="DEFAULT_VEHTYPE" speed="13.81" pos="171.71" lane="1/1to1/2_0" slope="0.00"/>
        <vehicle id="18" x="291.11" y="201.65" angle="-90.00" type="DEFAULT_VEHTYPE" speed="13.00" pos="104.14" lane="2/1to1/1_0" slope="0.00"/>
        <vehicle id="21" x="398.35" y="235.85" angle="0.00" type="DEFAULT_VEHTYPE" speed="13.16" pos="159.40" lane="2/2to2/1_0" slope="0.00"/>
        <vehicle id="22" x="684.26" y="201.65" angle="-90.00" type="DEFAULT_VEHTYPE" speed="12.77" pos="115.74" lane="4/1to3/1_0" slope="0.00"/>
        <vehicle id="24" x="401.65" y="772.87" angle="180.00" type="DEFAULT_VEHTYPE" speed="13.31" pos="168.12" lane="2/3to2/4_0" slope="0.00"/>
        <vehicle id="26" x="398.35" y="767.34" angle="0.00" type="DEFAULT_VEHTYPE" speed="13.74" pos="32.66" lane="2/4to2/3_0" slope="0.00"/>
        <vehicle id="28" x="189.80" y="398.35" angle="90.00" type="DEFAULT_VEHTYPE" speed="2.76" pos="189.80" lane="0/2to1/2_0" slope="0.00"/>
        <vehicle id="32" x="239.97" y="598.35" angle="90.00" type="DEFAULT_VEHTYPE" speed="13.11" pos="35.22" lane="1/3to2/3_0" slope="0.00"/>
        <vehicle id="35" x="398.35" y="314.63" angle="0.00" type="DEFAULT_VEHTYPE" speed="13.29" pos="80.62" lane="2/2to2/1_0" slope="0.00"/>
        <vehicle id="37" x="659.53" y="198.35" angle="90.00" type="DEFAULT_VEHTYPE" speed="13.43" pos="54.78" lane="3/1to4/1_0" slope="0.00"/>
        <vehicle id="38" x="405.94" y="198.35" angle="90.00" type="DEFAULT_VEHTYPE" speed="9.59" pos="1.19" lane="2/1to3/1_0" slope="0.00"/>
        <vehicle id="41" x="201.65" y="578.31" angle="180.00" type="DEFAULT_VEHTYPE" speed="13.42" pos="173.56" lane="1/2to1/3_0" slope="0.00"/>
        <vehicle id="44" x="401.65" y="658.93" angle="180.00" type="DEFAULT_VEHTYPE" speed="12.78" pos="54.18" lane="2/3to2/4_0" slope="0.00"/>
        <vehicle id="48" x="375.10" y="598.35" angle="90.00" type="DEFAULT_VEHTYPE" speed="12.03" pos="170.35" lane="1/3to2/3_0" slope="0.00"/>
        <vehicle id="5" x="398.35" y="449.68" angle="0.00" type="DEFAULT_VEHTYPE" speed="13.44" pos="145.57" lane="2/3to2/2_0" slope="0.00"/>
        <vehicle id="7" x="201.65" y="518.95" angle="180.00" type="DEFAULT_VEHTYPE" speed="12.98" pos="114.20" lane="1/2to1/3_0" slope="0.00"/>
        <vehicle id="8" x="260.40" y="401.65" angle="-90.00" type="DEFAULT_VEHTYPE" speed="13.67" pos="134.85" lane="2/2to1/2_0" slope="0.00"/>
    </timestep>
    <timestep time="261.00">
        <vehicle id="0" x="169.38" y="401.65" angle="-90.00" type="DEFAULT_VEHTYPE" speed="11.71" pos="25.87" lane="1/2to0/2_0" slope="0.00"/>
        <vehicle id="1" x="201.65" y="83.00" angle="180.00" type="DEFAULT_VEHTYPE" speed="12.79" pos="83.00" lane="1/0to1/1_0" slope="0.00"/>
        <vehicle id="17" x="201.65" y="390.05" angle="180.00" type="DEFAULT_VEHTYPE" speed="13.58" pos="185.30" lane="1/1to1/2_0" slope="0.00"/>
        <vehicle id="18" x="278.31" y="201.65" angle="-90.00" type="DEFAULT_VEHTYPE" speed="12.80" pos="116.94" lane="2/1to1/1_0" slope="0.00"/>
        <vehicle id="21" x="398.35" y="222.08" angle="0.00" type="DEFAULT_VEHTYPE" speed="13.77" pos="173.17" lane="2/2to2/1_0" slope="0.00"/>
        <vehicle id="22" x="671.58" y="201.65" angle="-90.00" type="DEFAULT_VEHTYPE" speed="12.68" pos="128.42" lane="4/1to3/1_0" slope="0.00"/>
        <vehicle id="24" x="401.65" y="785.97" angle="180.00" type="DEFAULT_VEHTYPE" speed="13.10" pos="181.22" lane="2/3to2/4_0" slope="0.00"/>
        <vehicle id="26" x="398.35" y="754.44" angle="0.00" type="DEFAULT_VEHTYPE" speed="12.90" pos="45.56" lane="2/4to2/3_0" slope="0.00"/>
        <vehicle id="28" x="191.91" y="398.35" angle="90.00" type="DEFAULT_VEHTYPE" speed="2.11" pos="191.91" lane="0/2to1/2_0" slope="0.00"/>
        <vehicle id="32" x="253.23" y="598.35" angle="90.00" type="DEFAULT_VEHTYPE" speed="13.27" pos="48.48" lane="1/3to2/3_0" slope="0.00"/>
        <vehicle id="35" x="398.35" y="301.61" angle="0.00" type="DEFAULT_VEHTYPE" speed="13.02" pos="93.64" lane="2/2to2/1_0" slope="0.00"/>
        <vehicle id="37" x="672.25" y="198.35" angle="90.00" type="DEFAULT_VEHTYPE" speed="12.72" pos="67.50" lane="3/1to4/1_0" slope="0.00"/>
        <vehicle id="38" x="417.83" y="198.35" angle="90.00" type="DEFAULT_VEHTYPE" speed="11.90" pos="13.08" lane="2/1to3/1_0" slope="0.00"/>
        <vehicle id="41" x="201.65" y="591.18" angle="180.00" type="DEFAULT_VEHTYPE" speed="12.87" pos="186.43" lane="1/2to1/3_0" slope="0.00"/>
        <vehicle id="44" x="401.65" y="671.82" angle="180.00" type="DEFAULT_VEHTYPE" speed="12.89" pos="67.07" lane="2/3to2/4_0" slope="0.00"/>
        <vehicle id="48" x="383.15" y="598.35" angle="90.00" type="DEFAULT_VEHTYPE" speed="8.04" pos="178.40" lane="1/3to2/3_0" slope="0.00"/>
        <vehicle id="5" x="398.35" y="436.47" angle="0.00" type="DEFAULT_VEHTYPE" speed="13.21" pos="158.78" lane="2/3to2/2_0" slope="0.00"/>
        <vehicle id="7" x="201.65" y="532.70" angle="180.00" type="DEFAULT_VEHTYPE" speed="13.75" pos="127.95" lane="1/2to1/3_0" slope="0.00"/>
        <vehicle id="8" x="247.23" y="401.65" angle="-90.00" type="DEFAULT_VEHTYPE" speed="13.17" pos="148.02" lane="2/2to1/2_0" slope="0.00"/>
    </timestep>
    <timestep time="262.00">
        <vehicle id="0" x="156.28" y="401.65" angle="-90.00" type="DEFAULT_VEHTYPE" speed="13.10" pos="38.97" lane="1/2to0/2_0" slope="0.00"/>
        <vehicle id="1" x="201.65" y="96.26" angle="180.00" type="DEFAULT_VEHTYPE" speed="13.27" pos="96.26" lane="1/0to1/1_0" slope="0.00"/>
        <vehicle id="17" x="201.65" y="403.91" angle="180.00" type="DEFAULT_VEHTYPE" speed="13.87" pos="8.66" lane=":1/2_9_0" slope="0.00"/>
        <vehicle id="18" x="265.23" y="201.65" angle="-90.00" type="DEFAULT_VEHTYPE" speed="13.08" pos="130.02" lane="2/1to1/1_0" slope="0.00"/>
        <vehicle id="21" x="398.35" y="209.42" angle="0.00" type="DEFAULT_VEHTYPE" speed="12.65" pos="185.83" lane="2/2to2/1_0" slope="0.00"/>
        <vehicle id="22" x="657.77" y="201.65" angle="-90.00" type="DEFAULT_VEHTYPE" speed="13.80" pos="142.23" lane="4/1to3/1_0" slope="0.00"/>
        <vehicle id="24" x="401.65" y="798.94" angle="180.00" type="DEFAULT_VEHTYPE" speed="12.97" pos="194.19" lane="2/3to2/4_0" slope="0.00"/>
        <vehicle id="26" x="398.35" y="741.66" angle="0.00" type="DEFAULT_VEHTYPE" speed="12.78" pos="58.34" lane="2/4to2/3_0" slope="0.00"/>
        <vehicle id="28" x="192.50" y="398.35" angle="90.00" type="DEFAULT_VEHTYPE" speed="0.60" pos="192.50" lane="0/2to1/2_0" slope="0.00"/>
        <vehicle id="32" x="266.20" y="598.35" angle="90.00" type="DEFAULT_VEHTYPE" speed="12.97" pos="61.45" lane="1/3to2/3_0" slope="0.00"/>
        <vehicle id="35" x="398.35" y="288.51" angle="0.00" type="DEFAULT_VEHTYPE" speed="13.10" pos="106.74" lane="2/2to2/1_0" slope="0.00"/>
        <vehicle id="37" x="685.47" y="198.35" angle="90.00" type="DEFAULT_VEHTYPE" speed="13.22" pos="80.72" lane="3/1to4/1_0" slope="0.00"/>
        <vehicle id="38" x="431.62" y="198.35" angle="90.00" type="DEFAULT_VEHTYPE" speed="13.79" pos="26.87" lane="2/1to3/1_0" slope="0.00"/>
        <vehicle id="41" x="208.52" y="598.35" angle="91.96" type="DEFAULT_VEHTYPE" speed="12.84" pos="3.77" lane="1/3to2/3_0" slope="0.00"/>
        <vehicle id="44" x="401.65" y="684.59" angle="180.00" type="DEFAULT_VEHTYPE" speed="12.77" pos="79.84" lane="2/3to2/4_0" slope="0.00"/>
        <vehicle id="48" x="388.67" y="598.35" angle="90.00" type="DEFAULT_VEHTYPE" speed="5.53" pos="183.92" lane="1/3to2/3_0" slope="0.00"/>
        <vehicle id="5" x="398.35" y="423.43" angle="0.00" type="DEFAULT_VEHTYPE" speed="13.04" pos="171.82" lane="2/3to2/2_0" slope="0.00"/>
        <vehicle id="7" x="201.65" y="546.11" angle="180.00" type="DEFAULT_VEHTYPE" speed="13.41" pos="141.36" lane="1/2to1/3_0" slope="0.00"/>
        <vehicle id="8" x="233.47" y="401.65" angle="-90.00" type="DEFAULT_VEHTYPE" speed="13.77" pos="161.78" lane="2/2to1/2_0" slope="0.00"/>
    </timestep>
    <timestep time="263.00">
        <vehicle id="0" x="142.59" y="401.65" angle="-90.00" type="DEFAULT_VEHTYPE" speed="13.69" pos="52.66" lane="1/2to0/2_0" slope="0.00"/>
        <vehicle id="1" x="201.65" y="109.99" angle="180.00" type="DEFAULT_VEHTYPE" speed="13.72" pos="109.99" lane="1/0to1/1_0" slope="0.00"/>
        <vehicle id="17" x="201.65" y="417.02" angle="180.00" type="DEFAULT_VEHTYPE" speed="13.11" pos="12.27" lane="1/2to1/3_0" slope="0.00"/>
        <vehicle id="18" x="252.60" y="201.65" angle="-90.00" type="DEFAULT_VEHTYPE" speed="12.63" pos="142.65" lane="2/1to1/1_0" slope="0.00"/>
        <vehicle id="21" x="391.31" y="201.65" angle="-88.31" type="DEFAULT_VEHTYPE" speed="13.62" pos="3.94" lane="2/1to1/1_0" slope="0.00"/>
        <vehicle id="22" x="644.28" y="201.65" angle="-90.00" type="DEFAULT_VEHTYPE" speed="13.50" pos="155.72" lane="4/1to3/1_0" slope="0.00"/>
        <vehicle id="24" x="398.35" y="792.59" angle="0.00" type="DEFAULT_VEHTYPE" speed="13.29" pos="7.41" lane="2/4to2/3_0" slope="0.00"/>
        <vehicle id="26" x="398.35" y="727.81" angle="0.00" type="DEFAULT_VEHTYPE" speed="13.85" pos="72.19" lane="2/4to2/3_0" slope="0.00"/>
        <vehicle id="28" x="192.71" y="398.35" angle="90.00" type="DEFAULT_VEHTYPE" speed="0.21" pos="192.71" lane="0/2to1/2_0" slope="0.00"/>
        <vehicle id="32" x="278.83" y="598.35" angle="90.00" type="DEFAULT_VEHTYPE" speed="12.64" pos="74.08" lane="1/3to2/3_0" slope="0.00"/>
        <vehicle id="35" x="398.35" y="275.29" angle="0.00" type="DEFAULT_VEHTYPE" speed="13.23" pos="119.96" lane="2/2to2/1_0" slope="0.00"/>
        <vehicle id="37" x="698.39" y="198.35" angle="90.00" type="DEFAULT_VEHTYPE" speed="12.92" pos="93.64" lane="3/1to4/1_0" slope="0.00"/>
        <vehicle id="38" x="444.61" y="198.35" angle="90.00" type="DEFAULT_VEHTYPE" speed="12.99" pos="39.86" lane="2/1to3/1_0" slope="0.00"/>
        <vehicle id="41" x="222.17" y="598.35" angle="90.00" type="DEFAULT_VEHTYPE" speed="13.66" pos="17.42" lane="1/3to2/3_0" slope="0.00"/>
        <vehicle id="44" x="401.65" y="697.93" angle="180.00" type="DEFAULT_VEHTYPE" speed="13.34" pos="93.18" lane="2/3to2/4_0" slope="0.00"/>
        <vehicle id="48" x="395.99" y="598.46" angle="91.21" type="DEFAULT_VEHTYPE" speed="7.32" pos="0.75" lane=":2/3_14_0" slope="0.00"/>
        <vehicle id="5" x="398.35" y="410.10" angle="0.00" type="DEFAULT_VEHTYPE" speed="13.33" pos="185.15" lane="2/3to2/2_0" slope="0.00"/>
        <vehicle id="7" x="201.65" y="558.99" angle="180.00" type="DEFAULT_VEHTYPE" speed="12.88" pos="154.24" lane="1/2to1/3_0" slope="0.00"/>
        <vehicle id="8" x="222.22" y="401.65" angle="-90.00" type="DEFAULT_VEHTYPE" speed="11.24" pos="173.03" lane="2/2to1/2_0" slope="0.00"/>
    </timestep>
    <timestep time="264.00">
        <vehicle id="0" x="129.35" y="401.65" angle="-90.00" type="DEFAULT_VEHTYPE" speed="13.23" pos="65.90" lane="1/2to0/2_0" slope="0.00"/>
        <vehicle id="1" x="201.65" y="122.93" angle="180.00" type="DEFAULT_VEHTYPE" speed="12.94" pos="122.93" lane="1/0to1/1_0" slope="0.00"/>
        <vehicle id="17" x="201.65" y="430.55" angle="180.00" type="DEFAULT_VEHTYPE" speed="13.53" pos="25.80" lane="1/2to1/3_0" slope="0.00"/>
        <vehicle id="18" x="238.77" y="201.65" angle="-90.00" type="DEFAULT_VEHTYPE" speed="13.83" pos="156.48" lane="2/1to1/1_0" slope="0.00"/>
        <vehicle id="21" x="377.50" y="201.65" angle="-90.00" type="DEFAULT_VEHTYPE" speed="13.81" pos="17.75" lane="2/1to1/1_0" slope="0.00"/>
        <vehicle id="22" x="631.58" y="201.65" angle="-90.00" type="DEFAULT_VEHTYPE" speed="12.70" pos="168.42" lane="4/1to3/1_0" slope="0.00"/>
        <vehicle id="24" x="398.35" y="779.44" angle="0.00" type="DEFAULT_VEHTYPE" speed="13.15" pos="20.56" lane="2/4to2/3_0" slope="0.00"/>
        <vehicle id="26" x="398.35" y="714.89" angle="0.00" type="DEFAULT_VEHTYPE" speed="12.92" pos="85.11" lane="2/4to2/3_0" slope="0.00"/>
        <vehicle id="28" x="192.75" y="398.35" angle="90.00" type="DEFAULT_VEHTYPE" speed="0.04" pos="192.75" lane="0/2to1/2_0" slope="0.00"/>
        <vehicle id="32" x="291.86" y="598.35" angle="90.00" type="DEFAULT_VEHTYPE" speed="13.03" pos="87.11" lane="1/3to2/3_0" slope="0.00"/>
        <vehicle id="35" x="398.35" y="262.63" angle="0.00" type="DEFAULT_VEHTYPE" speed="12.65" pos="132.62" lane="2/2to2/1_0" slope="0.00"/>
        <vehicle id="37" x="711.19" y="198.35" angle="90.00" type="DEFAULT_VEHTYPE" speed="12.80" pos="106.44" lane="3/1to4/1_0" slope="0.00"/>
        <vehicle id="38" x="458.44" y="198.35" angle="90.00" type="DEFAULT_VEHTYPE" speed="13.83" pos="53.69" lane="2/1to3/1_0" slope="0.00"/>
        <vehicle id="41" x="235.15" y="598.35" angle="90.00" type="DEFAULT_VEHTYPE" speed="12.97" pos="30.40" lane="1/3to2/3_0" slope="0.00"/>
        <vehicle id="44" x="401.65" y="710.77" angle="180.00" type="DEFAULT_VEHTYPE" speed="12.84" pos="106.02" lane="2/3to2/4_0" slope="0.00"/>
        <vehicle id="48" x="401.65" y="604.94" angle="163.18" type="DEFAULT_VEHTYPE" speed="9.77" pos="0.19" lane="2/3to2/4_0" slope="0.00"/>
        <vehicle id="5" x="398.35" y="396.44" angle="0.00" type="DEFAULT_VEHTYPE" speed="13.66" pos="8.31" lane=":2/2_1_0" slope="0.00"/>
        <vehicle id="7" x="201.65" y="572.25" angle="180.00" type="DEFAULT_VEHTYPE" speed="13.26" pos="167.50" lane="1/2to1/3_0" slope="0.00"/>
        <vehicle id="8" x="215.44" y="401.65" angle="-90.00" type="DEFAULT_VEHTYPE" speed="6.78" pos="179.81" lane="2/2to1/2_0" slope="0.00"/>
    </timestep>
    <timestep time="265.00">
        <vehicle id="0" x="116.16" y="401.65" angle="-90.00" type="DEFAULT_VEHTYPE" speed="13.20" pos="79.09" lane="1/2to0/2_0" slope="0.00"/>
        <vehicle id="1" x="201.65" y="135.70" angle="180.00" type="DEFAULT_VEHTYPE" speed="12.77" pos="135.70" lane="1/0to1/1_0" slope="0.00"/>
        <vehicle id="17" x="201.65" y="444.31" angle="180.00" type="DEFAULT_VEHTYPE" speed="13.77" pos="39.56" lane="1/2to1/3_0" slope="0.00"/>
        <vehicle id="18" x="225.86" y="201.65" angle="-90.00" type="DEFAULT_VEHTYPE" speed="12.91" pos="169.39" lane="2/1to1/1_0" slope="0.00"/>
        <vehicle id="21" x="364.90" y="201.65" angle="-90.00" type="DEFAULT_VEHTYPE" speed="12.60" pos="30.35" lane="2/1to1/1_0" slope="0.00"/>
        <vehicle id="22" x="621.23" y="201.65" angle="-90.00" type="DEFAULT_VEHTYPE" speed="10.35" pos="178.77" lane="4/1to3/1_0" slope="0.00"/>
        <vehicle id="24" x="398.35" y="766.19" angle="0.00" type="DEFAULT_VEHTYPE" speed="13.26" pos="33.81" lane="2/4to2/3_0" slope="0.00"/>
        <vehicle id="26" x="398.35" y="701.52" angle="0.00" type="DEFAULT_VEHTYPE" speed="13.37" pos="98.48" lane="2/4to2/3_0" slope="0.00"/>
        <vehicle id="28" x="192.75" y="398.35" angle="90.00" type="DEFAULT_VEHTYPE" speed="0.00" pos="192.75" lane="0/2to1/2_0" slope="0.00"/>
        <vehicle id="32" x="304.68" y="598.35" angle="90.00" type="DEFAULT_VEHTYPE" speed="12.81" pos="99.93" lane="1/3to2/3_0" slope="0.00"/>
        <vehicle id="35" x="398.35" y="249.13" angle="0.00" type="DEFAULT_VEHTYPE" speed="13.50" pos="146.12" lane="2/2to2/1_0" slope="0.00"/>
        <vehicle id="37" x="724.97" y="198.35" angle="90.00" type="DEFAULT_VEHTYPE" speed="13.78" pos="120.22" lane="3/1to4/1_0" slope="0.00"/>
        <vehicle id="38" x="471.14" y="198.35" angle="90.00" type="DEFAULT_VEHTYPE" speed="12.70" pos="66.39" lane="2/1to3/1_0" slope="0.00"/>
        <vehicle id="41" x="248.85" y="598.35" angle="90.00" type="DEFAULT_VEHTYPE" speed="13.70" pos="44.10" lane="1/3to2/3_0" slope="0.00"/>
        <vehicle id="44" x="401.65" y="724.29" angle="180.00" type="DEFAULT_VEHTYPE" speed="13.52" pos="119.54" lane="2/3to2/4_0" slope="0.00"/>
        <vehicle id="48" x="401.65" y="616.17" angle="180.00" type="DEFAULT_VEHTYPE" speed="11.22" pos="11.42" lane="2/3to2/4_0" slope="0.00"/>
        <vehicle id="5" x="398.35" y="383.57" angle="0.00" type="DEFAULT_VEHTYPE" speed="12.87" pos="11.68" lane="2/2to2/1_0" slope="0.00"/>
        <vehicle id="7" x="201.65" y="585.46" angle="180.00" type="DEFAULT_VEHTYPE" speed="13.21" pos="180.71" lane="1/2to1/3_0" slope="0.00"/>
        <vehicle id="8" x="210.45" y="401.65" angle="-90.00" type="DEFAULT_VEHTYPE" speed="4.99" pos="184.80" lane="2/2to1/2_0" slope="0.00"/>
    </timestep>
    <timestep time="266.00">
        <vehicle id="0" x="102.40" y="401.65" angle="-90.00" type="DEFAULT_VEHTYPE" speed="13.76" pos="92.85" lane="1/2to0/2_0" slope="0.00"/>
        <vehicle id="1" x="201.65" y="148.93" angle="180.00" type="DEFAULT_VEHTYPE" speed="13.23" pos="148.93" lane="1/0to1/1_0" slope="0.00"/>
        <vehicle id="17" x="201.65" y="457.33" angle="180.00" type="DEFAULT_VEHTYPE" speed="13.02" pos="52.58" lane="1/2to1/3_0" slope="0.00"/>
        <vehicle id="18" x="217.46" y="201.65" angle="-90.00" type="DEFAULT_VEHTYPE" speed="8.41" pos="177.79" lane="2/1to1/1_0" slope="0.00"/>
        <vehicle id="21" x="351.10" y="201.65" angle="-90.00" type="DEFAULT_VEHTYPE" speed="13.79" pos="44.15" lane="2/1to1/1_0" slope="0.00"/>
        <vehicle id="22" x="614.88" y="201.65" angle="-90.00" type="DEFAULT_VEHTYPE" speed="6.35" pos="185.12" lane="4/1to3/1_0" slope="0.00"/>
        <vehicle id="24" x="398.35" y="752.88" angle="0.00" type="DEFAULT_VEHTYPE" speed="13.30" pos="47.12" lane="2/4to2/3_0" slope="0.00"/>
        <vehicle id="26" x="398.35" y="687.74" angle="0.00" type="DEFAULT_VEHTYPE" speed="13.78" pos="112.26" lane="2/4to2/3_0" slope="0.00"/>
        <vehicle id="28" x="192.75" y="398.35" angle="90.00" type="DEFAULT_VEHTYPE" speed="0.00" pos="192.75" lane="0/2to1/2_0" slope="0.00"/>
        <vehicle id="32" x="317.76" y="598.35" angle="90.00" type="DEFAULT_VEHTYPE" speed="13.08" pos="113.01" lane="1/3to2/3_0" slope="0.00"/>
        <vehicle id="35" x="398.35" y="235.57" angle="0.00" type="DEFAULT_VEHTYPE" speed="13.56" pos="159.68" lane="2/2to2/1_0" slope="0.00"/>
        <vehicle id="37" x="737.70" y="198.35" angle="90.00" type="DEFAULT_VEHTYPE" speed="12.73" pos="132.95" lane="3/1to4/1_0" slope="0.00"/>
        <vehicle id="38" x="484.83" y="198.35" angle="90.00" type="DEFAULT_VEHTYPE" speed="13.69" pos="80.08" lane="2/1to3/1_0" slope="0.00"/>
        <vehicle id="41" x="261.55" y="598.35" angle="90.00" type="DEFAULT_VEHTYPE" speed="12.70" pos="56.80" lane="1/3to2/3_0" slope="0.00"/>
        <vehicle id="44" x="401.65" y="738.14" angle="180.00" type="DEFAULT_VEHTYPE" speed="13.85" pos="133.39" lane="2/3to2/4_0" slope="0.00"/>
        <vehicle id="48" x="401.65" y="629.53" angle="180.00" type="DEFAULT_VEHTYPE" speed="13.36" pos="24.78" lane="2/3to2/4_0" slope="0.00"/>
        <vehicle id="5" x="398.35" y="370.87" angle="0.00" type="DEFAULT_VEHTYPE" speed="12.70" pos="24.38" lane="2/2to2/1_0" slope="0.00"/>
        <vehicle id="7" x="203.48" y="598.17" angle="156.51" type="DEFAULT_VEHTYPE" speed="13.51" pos="3.72" lane=":1/3_8_0" slope="0.00"/>
        <vehicle id="8" x="204.06" y="401.65" angle="-90.00" type="DEFAULT_VEHTYPE" speed="6.39" pos="0.69" lane=":1/2_5_0" slope="0.00"/>
    </timestep>
    <timestep time="267.00">
        <vehicle id="0" x="88.81" y="401.65" angle="-90.00" type="DEFAULT_VEHTYPE" speed="13.59" pos="106.44" lane="1/2to0/2_0" slope="0.00"/>
        <vehicle id="1" x="201.65" y="162.40" angle="180.00" type="DEFAULT_VEHTYPE" speed="13.47" pos="162.40" lane="1/0to1/1_0" slope="0.00"/>
        <vehicle id="17" x="201.65" y="470.99" angle="180.00" type="DEFAULT_VEHTYPE" speed="13.66" pos="66.24" lane="1/2to1/3_0" slope="0.00"/>
        <vehicle id="18" x="211.83" y="201.65" angle="-90.00" type="DEFAULT_VEHTYPE" speed="5.62" pos="183.42" lane="2/1to1/1_0" slope="0.00"/>
        <vehicle id="21" x="338.24" y="201.65" angle="-90.00" type="DEFAULT_VEHTYPE" speed="12.86" pos="57.01" lane="2/1to1/1_0" slope="0.00"/>
        <vehicle id="22" x="610.60" y="201.65" angle="-90.00" type="DEFAULT_VEHTYPE" speed="4.28" pos="189.40" lane="4/1to3/1_0" slope="0.00"/>
        <vehicle id="24" x="398.35" y="740.05" angle="0.00" type="DEFAULT_VEHTYPE" speed="12.84" pos="59.95" lane="2/4to2/3_0" slope="0.00"/>
        <vehicle id="26" x="398.35" y="674.96" angle="0.00" type="DEFAULT_VEHTYPE" speed="12.78" pos="125.04" lane="2/4to2/3_0" slope="0.00"/>
        <vehicle id="28" x="192.75" y="398.35" angle="90.00" type="DEFAULT_VEHTYPE" speed="0.00" pos="192.75" lane="0/2to1/2_0" slope="0.00"/>
        <vehicle id="32" x="331.07" y="598.35" angle="90.00" type="DEFAULT_VEHTYPE" speed="13.31" pos="126.32" lane="1/3to2/3_0" slope="0.00"/>
        <vehicle id="35" x="398.35" y="222.13" angle="0.00" type="DEFAULT_VEHTYPE" speed="13.44" pos="173.12" lane="2/2to2/1_0" slope="0.00"/>
        <vehicle id="37" x="750.38" y="198.35" angle="90.00" type="DEFAULT_VEHTYPE" speed="12.68" pos="145.63" lane="3/1to4/1_0" slope="0.00"/>
        <vehicle id="38" x="498.31" y="198.35" angle="90.00" type="DEFAULT_VEHTYPE" speed="13.49" pos="93.56" lane="2/1to3/1_0" slope="0.00"/>
        <vehicle id="41" x="274.46" y="598.35" angle="90.00" type="DEFAULT_VEHTYPE" speed="12.90" pos="69.71" lane="1/3to2/3_0" slope="0.00"/>
        <vehicle id="44" x="401.65" y="751.31" angle="180.00" type="DEFAULT_VEHTYPE" speed="13.17" pos="146.56" lane="2/3to2/4_0" slope="0.00"/>
        <vehicle id="48" x="401.65" y="642.76" angle="180.00" type="DEFAULT_VEHTYPE" speed="13.23" pos="38.01" lane="2/3to2/4_0" slope="0.00"/>
        <vehicle id="5" x="398.35" y="358.24" angle="0.00" type="DEFAULT_VEHTYPE" speed="12.63" pos="37.01" lane="2/2to2/1_0" slope="0.00"/>
        <vehicle id="7" x="216.51" y="598.35" angle="90.00" type="DEFAULT_VEHTYPE" speed="13.05" pos="11.76" lane="1/3to2/3_0" slope="0.00"/>
        <vehicle id="8" x="196.29" y="401.65" angle="-90.00" type="DEFAULT_VEHTYPE" speed="7.77" pos="8.46" lane=":1/2_5_0" slope="0.00"/>
    </timestep>
    <timestep time="268.00">
        <vehicle id="0" x="75.25" y="401.65" angle="-90.00" type="DEFAULT_VEHTYPE" speed="13.56" pos="120.00" lane="1/2to0/2_0" slope="0.00"/>
        <vehicle id="1" x="201.65" y="175.30" angle="180.00" type="DEFAULT_VEHTYPE" speed="12.90" pos="175.30" lane="1/0to1/1_0" slope="0.00"/>
        <vehicle id="17" x="201.65" y="483.84" angle="180.00" type="DEFAULT_VEHTYPE" speed="12.84" pos="79.09" lane="1/2to1/3_0" slope="0.00"/>
        <vehicle id="18" x="209.57" y="201.65" angle="-90.00" type="DEFAULT_VEHTYPE" speed="2.26" pos="185.68" lane="2/1to1/1_0" slope="0.00"/>
        <vehicle id="21" x="324.56" y="201.65" angle="-90.00" type="DEFAULT_VEHTYPE" speed="13.69" pos="70.69" lane="2/1to1/1_0" slope="0.00"/>
        <vehicle id="22" x="604.46" y="201.69" angle="-90.46" type="DEFAULT_VEHTYPE" speed="6.14" pos="0.29" lane=":3/1_4_0" slope="0.00"/>
        <vehicle id="24" x="398.35" y="727.40" angle="0.00" type="DEFAULT_VEHTYPE" speed="12.65" pos="72.60" lane="2/4to2/3_0" slope="0.00"/>
        <vehicle id="26" x="398.35" y="661.31" angle="0.00" type="DEFAULT_VEHTYPE" speed="13.64" pos="138.69" lane="2/4to2/3_0" slope="0.00"/>
        <vehicle id="28" x="194.71" y="398.35" angle="90.00" type="DEFAULT_VEHTYPE" speed="1.97" pos="194.71" lane="0/2to1/2_0" slope="0.00"/>
        <vehicle id="32" x="343.98" y="598.35" angle="90.00" type="DEFAULT_VEHTYPE" speed="12.92" pos="139.23" lane="1/3to2/3_0" slope="0.00"/>
        <vehicle id="35" x="398.35" y="209.20" angle="0.00" type="DEFAULT_VEHTYPE" speed="12.92" pos="186.05" lane="2/2to2/1_0" slope="0.00"/>
        <vehicle id="37" x="763.53" y="198.35" angle="90.00" type="DEFAULT_VEHTYPE" speed="13.15" pos="158.78" lane="3/1to4/1_0" slope="0.00"/>
        <vehicle id="38" x="511.64" y="198.35" angle="90.00" type="DEFAULT_VEHTYPE" speed="13.32" pos="106.89" lane="2/1to3/1_0" slope="0.00"/>
        <vehicle id="41" x="287.98" y="598.35" angle="90.00" type="DEFAULT_VEHTYPE" speed="13.53" pos="83.23" lane="1/3to2/3_0" slope="0.00"/>
        <vehicle id="44" x="401.65" y="764.49" angle="180.00" type="DEFAULT_VEHTYPE" speed="13.19" pos="159.74" lane="2/3to2/4_0" slope="0.00"/>
        <vehicle id="48" x="401.65" y="656.06" angle="180.00" type="DEFAULT_VEHTYPE" speed="13.29" pos="51.31" lane="2/3to2/4_0" slope="0.00"/>
        <vehicle id="5" x="398.35" y="344.73" angle="0.00" type="DEFAULT_VEHTYPE" speed="13.51" pos="50.52" lane="2/2to2/1_0" slope="0.00"/>
        <vehicle id="7" x="229.70" y="598.35" angle="90.00" type="DEFAULT_VEHTYPE" speed="13.18" pos="24.95" lane="1/3to2/3_0" slope="0.00"/>
        <vehicle id="8" x="186.73" y="401.65" angle="-90.00" type="DEFAULT_VEHTYPE" speed="9.56" pos="8.52" lane="1/2to0/2_0" slope="0.00"/>
    </timestep>
    <timestep time="269.00">
        <vehicle id="0" x="61.60" y="401.65" angle="-90.00" type="DEFAULT_VEHTYPE" speed="13.65" pos="133.65" lane="1/2to0/2_0" slope="0.00"/>
        <vehicle id="1" x="201.65" y="187.95" angle="180.00" type="DEFAULT_VEHTYPE" speed="12.64" pos="187.95" lane="1/0to1/1_0" slope="0.00"/>
        <vehicle id="17" x="201.65" y="496.82" angle="180.00" type="DEFAULT_VEHTYPE" speed="12.99" pos="92.07" lane="1/2to1/3_0" slope="0.00"/>
        <vehicle id="18" x="205.19" y="201.65" angle="-90.00" type="DEFAULT_VEHTYPE" speed="4.37" pos="190.06" lane="2/1to1/1_0" slope="0.00"/>
        <vehicle id="21" x="310.83" y="201.65" angle="-90.00" type="DEFAULT_VEHTYPE" speed="13.72" pos="84.42" lane="2/1to1/1_0" slope="0.00"/>
        <vehicle id="22" x="601.65" y="207.63" angle="-173.25" type="DEFAULT_VEHTYPE" speed="7.59" pos="2.88" lane="3/1to3/2_0" slope="0.00"/>
        <vehicle id="24" x="398.35" y="713.90" angle="0.00" type="DEFAULT_VEHTYPE" speed="13.50" pos="86.10" lane="2/4to2/3_0" slope="0.00"/>
        <vehicle id="26" x="398.35" y="647.84" angle="0.00" type="DEFAULT_VEHTYPE" speed="13.47" pos="152.16" lane="2/4to2/3_0" slope="0.00"/>
        <vehicle id="28" x="198.64" y="399.11" angle="98.81" type="DEFAULT_VEHTYPE" speed="4.05" pos="3.52" lane=":1/2_14_0" slope="0.00"/>
        <vehicle id="32" x="356.74" y="598.35" angle="90.00" type="DEFAULT_VEHTYPE" speed="12.75" pos="151.99" lane="1/3to2/3_0" slope="0.00"/>
        <vehicle id="35" x="390.98" y="201.65" angle="-88.83" type="DEFAULT_VEHTYPE" speed="13.72" pos="4.27" lane="2/1to1/1_0" slope="0.00"/>
        <vehicle id="37" x="777.26" y="198.35" angle="90.00" type="DEFAULT_VEHTYPE" speed="13.72" pos="172.51" lane="3/1to4/1_0" slope="0.00"/>
        <vehicle id="38" x="524.90" y="198.35" angle="90.00" type="DEFAULT_VEHTYPE" speed="13.26" pos="120.15" lane="2/1to3/1_0" slope="0.00"/>
        <vehicle id="41" x="301.28" y="598.35" angle="90.00" type="DEFAULT_VEHTYPE" speed="13.30" pos="96.53" lane="1/3to2/3_0" slope="0.00"/>
        <vehicle id="44" x="401.65" y="777.27" angle="180.00" type="DEFAULT_VEHTYPE" speed="12.77" pos="172.52" lane="2/3to2/4_0" slope="0.00"/>
        <vehicle id="48" x="401.65" y="669.14" angle="180.00" type="DEFAULT_VEHTYPE" speed="13.08" pos="64.39" lane="2/3to2/4_0" slope="0.00"/>
        <vehicle id="5" x="398.35" y="331.09" angle="0.00" type="DEFAULT_VEHTYPE" speed="13.64" pos="64.16" lane="2/2to2/1_0" slope="0.00"/>
        <vehicle id="7" x="243.01" y="598.35" angle="90.00" type="DEFAULT_VEHTYPE" speed="13.31" pos="38.26" lane="1/3to2/3_0" slope="0.00"/>
        <vehicle id="8" x="174.90" y="401.65" angle="-90.00" type="DEFAULT_VEHTYPE" speed="11.83" pos="20.35" lane="1/2to0/2_0" slope="0.00"/>
    </timestep>
    <timestep time="270.00">
        <vehicle id="0" x="48.72" y="401.65" angle="-90.00" type="DEFAULT_VEHTYPE" speed="12.87" pos="146.53" lane="1/2to0/2_0" slope="0.00"/>
        <vehicle id="1" x="205.94" y="198.35" angle="115.05" type="DEFAULT_VEHTYPE" speed="13.49" pos="1.19" lane="1/1to2/1_0" slope="0.00"/>
        <vehicle id="17" x="201.65" y="510.25" angle="180.00" type="DEFAULT_VEHTYPE" speed="13.43" pos="105.50" lane="1/2to1/3_0" slope="0.00"/>
        <vehicle id="18" x="201.65" y="206.14" angle="-158.10" type="DEFAULT_VEHTYPE" speed="6.83" pos="1.39" lane="1/1to1/2_0" slope="0.00"/>
        <vehicle id="21" x="297.54" y="201.65" angle="-90.00" type="DEFAULT_VEHTYPE" speed="13.29" pos="97.71" lane="2/1to1/1_0" slope="0.00"/>
        <vehicle id="22" x="601.65" y="217.10" angle="180.00" type="DEFAULT_VEHTYPE" speed="9.47" pos="12.35" lane="3/1to3/2_0" slope="0.00"/>
        <vehicle id="24" x="398.35" y="700.99" angle="0.00" type="DEFAULT_VEHTYPE" speed="12.91" pos="99.01" lane="2/4to2/3_0" slope="0.00"/>
        <vehicle id="26" x="398.35" y="634.95" angle="0.00" type="DEFAULT_VEHTYPE" speed="12.89" pos="165.05" lane="2/4to2/3_0" slope="0.00"/>
        <vehicle id="28" x="201.54" y="403.99" angle="155.20" type="DEFAULT_VEHTYPE" speed="6.04" pos="9.56" lane=":1/2_14_0" slope="0.00"/>
        <vehicle id="32" x="369.67" y="598.35" angle="90.00" type="DEFAULT_VEHTYPE" speed="12.94" pos="164.92" lane="1/3to2/3_0" slope="0.00"/>
        <vehicle id="35" x="377.76" y="201.65" angle="-90.00" type="DEFAULT_VEHTYPE" speed="13.22" pos="17.49" lane="2/1to1/1_0" slope="0.00"/>
        <vehicle id="37" x="790.17" y="198.35" angle="90.00" type="DEFAULT_VEHTYPE" speed="12.91" pos="185.42" lane="3/1to4/1_0" slope="0.00"/>
        <vehicle id="38" x="538.06" y="198.35" angle="90.00" type="DEFAULT_VEHTYPE" speed="13.15" pos="133.31" lane="2/1to3/1_0" slope="0.00"/>
        <vehicle id="41" x="315.04" y="598.35" angle="90.00" type="DEFAULT_VEHTYPE" speed="13.76" pos="110.29" lane="1/3to2/3_0" slope="0.00"/>
        <vehicle id="44" x="401.65" y="790.98" angle="180.00" type="DEFAULT_VEHTYPE" speed="13.71" pos="186.23" lane="2/3to2/4_0" slope="0.00"/>
        <vehicle id="48" x="401.65" y="681.85" angle="180.00" type="DEFAULT_VEHTYPE" speed="12.71" pos="77.10" lane="2/3to2/4_0" slope="0.00"/>
        <vehicle id="5" x="398.35" y="318.19" angle="0.00" type="DEFAULT_VEHTYPE" speed="12.90" pos="77.06" lane="2/2to2/1_0" slope="0.00"/>
        <vehicle id="7" x="256.69" y="598.35" angle="90.00" type="DEFAULT_VEHTYPE" speed="13.68" pos="51.94" lane="1/3to2/3_0" slope="0.00"/>
        <vehicle id="8" x="161.62" y="401.65" angle="-90.00" type="DEFAULT_VEHTYPE" speed="13.28" pos="33.63" lane="1/2to0/2_0" slope="0.00"/>
    </timestep>
    <timestep time="271.00">
        <vehicle id="0" x="36.04" y="401.65" angle="-90.00" type="DEFAULT_VEHTYPE" speed="12.68" pos="159.21" lane="1/2to0/2_0" slope="0.00"/>
        <vehicle id="1" x="218.89" y="198.35" angle="90.00" type="DEFAULT_VEHTYPE" speed="12.95" pos="14.14" lane="1/1to2/1_0" slope="0.00"/>
        <vehicle id="17" x="201.65" y="523.84" angle="180.00" type="DEFAULT_VEHTYPE" speed="13.59" pos="119.09" lane="1/2to1/3_0" slope="0.00"/>
        <vehicle id="18" x="201.65" y="215.29" angle="180.00" type="DEFAULT_VEHTYPE" speed="9.15" pos="10.54" lane="1/1to1/2_0" slope="0.00"/>
        <vehicle id="21" x="283.81" y="201.65" angle="-90.00" type="DEFAULT_VEHTYPE" speed="13.73" pos="111.44" lane="2/1to1/1_0" slope="0.00"/>
        <vehicle id="22" x="601.65" y="227.98" angle="180.00" type="DEFAULT_VEHTYPE" speed="10.88" pos="23.23" lane="3/1to3/2_0" slope="0.00"/>
        <vehicle id="24" x="398.35" y="687.49" angle="0.00" type="DEFAULT_VEHTYPE" speed="13.50" pos="112.51" lane="2/4to2/3_0" slope="0.00"/>
        <vehicle id="26" x="398.35" y="621.30" angle="0.00" type="DEFAULT_VEHTYPE" speed="13.64" pos="178.70" lane="2/4to2/3_0" slope="0.00"/>
        <vehicle id="28" x="201.65" y="411.70" angle="180.00" type="DEFAULT_VEHTYPE" speed="7.72" pos="6.95" lane="1/2to1/3_0" slope="0.00"/>
        <vehicle id="32" x="380.20" y="598.35" angle="90.00" type="DEFAULT_VEHTYPE" speed="10.52" pos="175.45" lane="1/3to2/3_0" slope="0.00"/>
        <vehicle id="35" x="364.96" y="201.65" angle="-90.00" type="DEFAULT_VEHTYPE" speed="12.80" pos="30.29" lane="2/1to1/1_0" slope="0.00"/>
        <vehicle id="37" x="801.22" y="200.83" angle="130.75" type="DEFAULT_VEHTYPE" speed="13.18" pos="3.35" lane=":4/1_0_0" slope="0.00"/>
        <vehicle id="38" x="551.84" y="198.35" angle="90.00" type="DEFAULT_VEHTYPE" speed="13.78" pos="147.09" lane="2/1to3/1_0" slope="0.00"/>
        <vehicle id="41" x="328.50" y="598.35" angle="90.00" type="DEFAULT_VEHTYPE" speed="13.45" pos="123.75" lane="1/3to2/3_0" slope="0.00"/>
        <vehicle id="44" x="398.83" y="800.72" angle="-122.24" type="DEFAULT_VEHTYPE" speed="12.97" pos="3.95" lane=":2/4_0_0" slope="0.00"/>
        <vehicle id="48" x="401.65" y="694.57" angle="180.00" type="DEFAULT_VEHTYPE" speed="12.73" pos="89.82" lane="2/3to2/4_0" slope="0.00"/>
        <vehicle id="5" x="398.35" y="304.66" angle="0.00" type="DEFAULT_VEHTYPE" speed="13.53" pos="90.59" lane="2/2to2/1_0" slope="0.00"/>
        <vehicle id="7" x="270.37" y="598.35" angle="90.00" type="DEFAULT_VEHTYPE" speed="13.68" pos="65.62" lane="1/3to2/3_0" slope="0.00"/>
        <vehicle id="8" x="148.10" y="401.65" angle="-90.00" type="DEFAULT_VEHTYPE" speed="13.53" pos="47.15" lane="1/2to0/2_0" slope="0.00"/>
    </timestep>
    <timestep time="272.00">
        <vehicle id="0" x="22.90" y="401.65" angle="-90.00" type="DEFAULT_VEHTYPE" speed="13.14" pos="172.35" lane="1/2to0/2_0" slope="0.00"/>
        <vehicle id="1" x="231.63" y="198.35" angle="90.00" type="DEFAULT_VEHTYPE" speed="12.74" pos="26.88" lane="1/1to2/1_0" slope="0.00"/>
        <vehicle id="17" x="201.65" y="537.13" angle="180.00" type="DEFAULT_VEHTYPE" speed="13.29" pos="132.38" lane="1/2to1/3_0" slope="0.00"/>
        <vehicle id="18" x="201.65" y="226.53" angle="180.00" type="DEFAULT_VEHTYPE" speed="11.24" pos="21.78" lane="1/1to1/2_0" slope="0.00"/>
        <vehicle id="21" x="270.71" y="201.65" angle="-90.00" type="DEFAULT_VEHTYPE" speed="13.10" pos="124.54" lane="2/1to1/1_0" slope="0.00"/>
        <vehicle id="22" x="601.65" y="240.78" angle="180.00" type="DEFAULT_VEHTYPE" speed="12.81" pos="36.03" lane="3/1to3/2_0" slope="0.00"/>
        <vehicle id="24" x="398.35" y="674.66" angle="0.00" type="DEFAULT_VEHTYPE" speed="12.83" pos="125.34" lane="2/4to2/3_0" slope="0.00"/>
        <vehicle id="26" x="398.35" y="608.31" angle="0.00" type="DEFAULT_VEHTYPE" speed="12.99" pos="191.69" lane="2/4to2/3_0" slope="0.00"/>
        <vehicle id="28" x="201.65" y="421.97" angle="180.00" type="DEFAULT_VEHTYPE" speed="10.27" pos="17.22" lane="1/2to1/3_0" slope="0.00"/>
        <vehicle id="32" x="387.04" y="598.35" angle="90.00" type="DEFAULT_VEHTYPE" speed="6.84" pos="182.29" lane="1/3to2/3_0" slope="0.00"/>
        <vehicle id="35" x="352.20" y="201.65" angle="-90.00" type="DEFAULT_VEHTYPE" speed="12.77" pos="43.05" lane="2/1to1/1_0" slope="0.00"/>
        <vehicle id="37" x="788.29" y="201.65" angle="-90.00" type="DEFAULT_VEHTYPE" speed="13.18" pos="11.71" lane="4/1to3/1_0" slope="0.00"/>
        <vehicle id="38" x="564.49" y="198.35" angle="90.00" type="DEFAULT_VEHTYPE" speed="12.66" pos="159.74" lane="2/1to3/1_0" slope="0.00"/>
        <vehicle id="41" x="341.34" y="598.35" angle="90.00" type="DEFAULT_VEHTYPE" speed="12.85" pos="136.59" lane="1/3to2/3_0" slope="0.00"/>
        <vehicle id="44" x="398.35" y="788.25" angle="0.00" type="DEFAULT_VEHTYPE" speed="12.62" pos="11.75" lane="2/4to2/3_0" slope="0.00"/>
        <vehicle id="48" x="401.65" y="708.27" angle="180.00" type="DEFAULT_VEHTYPE" speed="13.70" pos="103.52" lane="2/3to2/4_0" slope="0.00"/>
        <vehicle id="5" x="398.35" y="292.06" angle="0.00" type="DEFAULT_VEHTYPE" speed="12.60" pos="103.19" lane="2/2to2/1_0" slope="0.00"/>
        <vehicle id="7" x="283.21" y="598.35" angle="90.00" type="DEFAULT_VEHTYPE" speed="12.84" pos="78.46" lane="1/3to2/3_0" slope="0.00"/>
        <vehicle id="8" x="134.46" y="401.65" angle="-90.00" type="DEFAULT_VEHTYPE" speed="13.64" pos="60.79" lane="1/2to0/2_0" slope="0.00"/>
    </timestep>
    <timestep time="273.00">
        <vehicle id="0" x="9.12" y="401.65" angle="-90.00" type="DEFAULT_VEHTYPE" speed="13.78" pos="186.13" lane="1/2to0/2_0" slope="0.00"/>
        <vehicle id="1" x="244.37" y="198.35" angle="90.00" type="DEFAULT_VEHTYPE" speed="12.74" pos="39.62" lane="1/1to2/1_0" slope="0.00"/>
        <vehicle id="17" x="201.65" y="550.56" angle="180.00" type="DEFAULT_VEHTYPE" speed="13.43" pos="145.81" lane="1/2to1/3_0" slope="0.00"/>
        <vehicle id="18" x="201.65" y="240.30" angle="180.00" type="DEFAULT_VEHTYPE" speed="13.77" pos="35.55" lane="1/1to1/2_0" slope="0.00"/>
        <vehicle id="21" x="257.69" y="201.65" angle="-90.00" type="DEFAULT_VEHTYPE" speed="13.02" pos="137.56" lane="2/1to1/1_0" slope="0.00"/>
        <vehicle id="22" x="601.65" y="253.49" angle="180.00" type="DEFAULT_VEHTYPE" speed="12.70" pos="48.74" lane="3/1to3/2_0" slope="0.00"/>
        <vehicle id="24" x="398.35" y="661.91" angle="0.00" type="DEFAULT_VEHTYPE" speed="12.75" pos="138.09" lane="2/4to2/3_0" slope="0.00"/>
        <vehicle id="26" x="398.35" y="595.54" angle="0.00" type="DEFAULT_VEHTYPE" speed="12.77" pos="9.21" lane=":2/3_1_0" slope="0.00"/>
        <vehicle id="28" x="201.65" y="434.49" angle="180.00" type="DEFAULT_VEHTYPE" speed="12.51" pos="29.74" lane="1/2to1/3_0" slope="0.00"/>
        <vehicle id="32" x="390.85" y="598.35" angle="90.00" type="DEFAULT_VEHTYPE" speed="3.81" pos="186.10" lane="1/3to2/3_0" slope="0.00"/>
        <vehicle id="35" x="339.07" y="201.65" angle="-90.00" type="DEFAULT_VEHTYPE" speed="13.13" pos="56.18" lane="2/1to1/1_0" slope="0.00"/>
        <vehicle id="37" x="775.10" y="201.65" angle="-90.00" type="DEFAULT_VEHTYPE" speed="13.19" pos="24.90" lane="4/1to3/1_0" slope="0.00"/>
        <vehicle id="38" x="575.35" y="198.35" angle="90.00" type="DEFAULT_VEHTYPE" speed="10.85" pos="170.60" lane="2/1to3/1_0" slope="0.00"/>
        <vehicle id="41" x="355.00" y="598.35" angle="90.00" type="DEFAULT_VEHTYPE" speed="13.66" pos="150.25" lane="1/3to2/3_0" slope="0.00"/>
        <vehicle id="44" x="398.35" y="774.80" angle="0.00" type="DEFAULT_VEHTYPE" speed="13.45" pos="25.20" lane="2/4to2/3_0" slope="0.00"/>
        <vehicle id="48" x="401.65" y="721.94" angle="180.00" type="DEFAULT_VEHTYPE" speed="13.67" pos="117.19" lane="2/3to2/4_0" slope="0.00"/>
        <vehicle id="5" x="398.35" y="278.87" angle="0.00" type="DEFAULT_VEHTYPE" speed="13.19" pos="116.38" lane="2/2to2/1_0" slope="0.00"/>
        <vehicle id="7" x="296.59" y="598.35" angle="90.00" type="DEFAULT_VEHTYPE" speed="13.38" pos="91.84" lane="1/3to2/3_0" slope="0.00"/>
        <vehicle id="8" x="121.76" y="401.65" angle="-90.00" type="DEFAULT_VEHTYPE" speed="12.70" pos="73.49" lane="1/2to0/2_0" slope="0.00"/>
    </timestep>
    <timestep time="274.00">
        <vehicle id="0" x="-0.96" y="398.99" angle="-40.80" type="DEFAULT_VEHTYPE" speed="12.78" pos="3.67" lane=":0/2_0_0" slope="0.00"/>
        <vehicle id="1" x="257.68" y="198.35" angle="90.00" type="DEFAULT_VEHTYPE" speed="13.31" pos="52.93" lane="1/1to2/1_0" slope="0.00"/>
        <vehicle id="17" x="201.65" y="563.60" angle="180.00" type="DEFAULT_VEHTYPE" speed="13.04" pos="158.85" lane="1/2to1/3_0" slope="0.00"/>
        <vehicle id="18" x="201.65" y="253.79" angle="180.00" type="DEFAULT_VEHTYPE" speed="13.49" pos="49.04" lane="1/1to1/2_0" slope="0.00"/>
        <vehicle id="21" x="244.41" y="201.65" angle="-90.00" type="DEFAULT_VEHTYPE" speed="13.28" pos="150.84" lane="2/1to1/1_0" slope="0.00"/>
        <vehicle id="22" x="601.65" y="266.95" angle="180.00" type="DEFAULT_VEHTYPE" speed="13.46" pos="62.20" lane="3/1to3/2_0" slope="0.00"/>
        <vehicle id="24" x="398.35" y="649.19" angle="0.00" type="DEFAULT_VEHTYPE" speed="12.72" pos="150.81" lane="2/4to2/3_0" slope="0.00"/>
        <vehicle id="26" x="398.35" y="582.27" angle="0.00" type="DEFAULT_VEHTYPE" speed="13.27" pos="12.98" lane="2/3to2/2_0" slope="0.00"/>
        <vehicle id="28" x="201.65" y="448.19" angle="180.00" type="DEFAULT_VEHTYPE" speed="13.70" pos="43.44" lane="1/2to1/3_0" slope="0.00"/>
        <vehicle id="32" x="396.87" y="598.58" angle="92.65" type="DEFAULT_VEHTYPE" speed="6.03" pos="1.63" lane=":2/3_14_0" slope="0.00"/>
        <vehicle id="35" x="325.85" y="201.65" angle="-90.00" type="DEFAULT_VEHTYPE" speed="13.21" pos="69.40" lane="2/1to1/1_0" slope="0.00"/>
        <vehicle id="37" x="761.97" y="201.65" angle="-90.00" type="DEFAULT_VEHTYPE" speed="13.13" pos="38.03" lane="4/1to3/1_0" slope="0.00"/>
        <vehicle id="38" x="582.99" y="198.35" angle="90.00" type="DEFAULT_VEHTYPE" speed="7.64" pos="178.24" lane="2/1to3/1_0" slope="0.00"/>
        <vehicle id="41" x="366.64" y="598.35" angle="90.00" type="DEFAULT_VEHTYPE" speed="11.64" pos="161.89" lane="1/3to2/3_0" slope="0.00"/>
        <vehicle id="44" x="398.35" y="761.35" angle="0.00" type="DEFAULT_VEHTYPE" speed="13.45" pos="38.65" lane="2/4to2/3_0" slope="0.00"/>
        <vehicle id="48" x="401.65" y="735.36" angle="180.00" type="DEFAULT_VEHTYPE" speed="13.41" pos="130.61" lane="2/3to2/4_0" slope="0.00"/>
        <vehicle id="5" x="398.35" y="266.04" angle="0.00" type="DEFAULT_VEHTYPE" speed="12.83" pos="129.21" lane="2/2to2/1_0" slope="0.00"/>
        <vehicle id="7" x="310.30" y="598.35" angle="90.00" type="DEFAULT_VEHTYPE" speed="13.71" pos="105.55" lane="1/3to2/3_0" slope="0.00"/>
        <vehicle id="8" x="108.78" y="401.65" angle="-90.00" type="DEFAULT_VEHTYPE" speed="12.98" pos="86.47" lane="1/2to0/2_0" slope="0.00"/>
    </timestep>
    <timestep time="275.00">
        <vehicle id="0" x="11.77" y="398.35" angle="90.00" type="DEFAULT_VEHTYPE" speed="12.92" pos="11.77" lane="0/2to1/2_0" slope="0.00"/>
        <vehicle id="1" x="270.92" y="198.35" angle="90.00" type="DEFAULT_VEHTYPE" speed="13.24" pos="66.17" lane="1/1to2/1_0" slope="0.00"/>
        <vehicle id="17" x="201.65" y="576.24" angle="180.00" type="DEFAULT_VEHTYPE" speed="12.64" pos="171.49" lane="1/2to1/3_0" slope="0.00"/>
        <vehicle id="18" x="201.65" y="267.41" angle="180.00" type="DEFAULT_VEHTYPE" speed="13.62" pos="62.66" lane="1/1to1/2_0" slope="0.00"/>
        <vehicle id="21" x="230.55" y="201.65" angle="-90.00" type="DEFAULT_VEHTYPE" speed="13.86" pos="164.70" lane="2/1to1/1_0" slope="0.00"/>
        <vehicle id="22" x="601.65" y="280.19" angle="180.00" type="DEFAULT_VEHTYPE" speed="13.24" pos="75.44" lane="3/1to3/2_0" slope="0.00"/>
        <vehicle id="24" x="398.35" y="636.51" angle="0.00" type="DEFAULT_VEHTYPE" speed="12.68" pos="163.49" lane="2/4to2/3_0" slope="0.00"/>
        <vehicle id="26" x="398.35" y="569.00" angle="0.00" type="DEFAULT_VEHTYPE" speed="13.27" pos="26.25" lane="2/3to2/2_0" slope="0.00"/>
        <vehicle id="28" x="201.65" y="461.92" angle="180.00" type="DEFAULT_VEHTYPE" speed="13.73" pos="57.17" lane="1/2to1/3_0" slope="0.00"/>
        <vehicle id="32" x="401.49" y="603.63" angle="151.44" type="DEFAULT_VEHTYPE" speed="7.56" pos="9.19" lane=":2/3_14_0" slope="0.00"/>
        <vehicle id="35" x="312.61" y="201.65" angle="-90.00" type="DEFAULT_VEHTYPE" speed="13.24" pos="82.64" lane="2/1to1/1_0" slope="0.00"/>
        <vehicle id="37" x="749.31" y="201.65" angle="-90.00" type="DEFAULT_VEHTYPE" speed="12.66" pos="50.69" lane="4/1to3/1_0" slope="0.00"/>
        <vehicle id="38" x="587.77" y="198.35" angle="90.00" type="DEFAULT_VEHTYPE" speed="4.77" pos="183.02" lane="2/1to3/1_0" slope="0.00"/>
        <vehicle id="41" x="377.41" y="598.35" angle="90.00" type="DEFAULT_VEHTYPE" speed="10.77" pos="172.66" lane="1/3to2/3_0" slope="0.00"/>
        <vehicle id="44" x="398.35" y="748.69" angle="0.00" type="DEFAULT_VEHTYPE" speed="12.66" pos="51.31" lane="2/4to2/3_0" slope="0.00"/>
        <vehicle id="48" x="401.65" y="748.70" angle="180.00" type="DEFAULT_VEHTYPE" speed="13.34" pos="143.95" lane="2/3to2/4_0" slope="0.00"/>
        <vehicle id="5" x="398.35" y="253.42" angle="0.00" type="DEFAULT_VEHTYPE" speed="12.62" pos="141.83" lane="2/2to2/1_0" slope="0.00"/>
        <vehicle id="7" x="323.79" y="598.35" angle="90.00" type="DEFAULT_VEHTYPE" speed="13.49" pos="119.04" lane="1/3to2/3_0" slope="0.00"/>
        <vehicle id="8" x="95.05" y="401.65" angle="-90.00" type="DEFAULT_VEHTYPE" speed="13.73" pos="100.20" lane="1/2to0/2_0" slope="0.00"/>
    </timestep>
    <timestep time="276.00">
        <vehicle id="0" x="24.40" y="398.35" angle="90.00" type="DEFAULT_VEHTYPE" speed="12.64" pos="24.40" lane="0/2to1/2_0" slope="0.00"/>
        <vehicle id="1" x="283.59" y="198.35" angle="90.00" type="DEFAULT_VEHTYPE" speed="12.67" pos="78.84" lane="1/1to2/1_0" slope="0.00"/>
        <vehicle id="17" x="201.65" y="588.87" angle="180.00" type="DEFAULT_VEHTYPE" speed="12.63" pos="184.12" lane="1/2to1/3_0" slope="0.00"/>
        <vehicle id="18" x="201.65" y="280.88" angle="180.00" type="DEFAULT_VEHTYPE" speed="13.47" pos="76.13" lane="1/1to1/2_0" slope="0.00"/>
        <vehicle id="21" x="220.36" y="201.65" angle="-90.00" type="DEFAULT_VEHTYPE" speed="10.19" pos="174.89" lane="2/1to1/1_0" slope="0.00"/>
        <vehicle id="22" x="601.65" y="292.94" angle="180.00" type="DEFAULT_VEHTYPE" speed="12.76" pos="88.19" lane="3/1to3/2_0" slope="0.00"/>
        <vehicle id="24" x="398.35" y="623.00" angle="0.00" type="DEFAULT_VEHTYPE" speed="13.51" pos="177.00" lane="2/4to2/3_0" slope="0.00"/>
        <vehicle id="26" x="398.35" y="556.01" angle="0.00" type="DEFAULT_VEHTYPE" speed="12.99" pos="39.24" lane="2/3to2/2_0" slope="0.00"/>
        <vehicle id="28" x="201.65" y="475.65" angle="180.00" type="DEFAULT_VEHTYPE" speed="13.72" pos="70.90" lane="1/2to1/3_0" slope="0.00"/>
        <vehicle id="32" x="401.65" y="612.97" angle="180.00" type="DEFAULT_VEHTYPE" speed="9.35" pos="8.22" lane="2/3to2/4_0" slope="0.00"/>
        <vehicle id="35" x="299.90" y="201.65" angle="-90.00" type="DEFAULT_VEHTYPE" speed="12.71" pos="95.35" lane="2/1to1/1_0" slope="0.00"/>
        <vehicle id="37" x="736.56" y="201.65" angle="-90.00" type="DEFAULT_VEHTYPE" speed="12.75" pos="63.44" lane="4/1to3/1_0" slope="0.00"/>
        <vehicle id="38" x="590.74" y="198.35" angle="90.00" type="DEFAULT_VEHTYPE" speed="2.97" pos="185.99" lane="2/1to3/1_0" slope="0.00"/>
        <vehicle id="41" x="385.11" y="598.35" angle="90.00" type="DEFAULT_VEHTYPE" speed="7.70" pos="180.36" lane="1/3to2/3_0" slope="0.00"/>
        <vehicle id="44" x="398.35" y="735.72" angle="0.00" type="DEFAULT_VEHTYPE" speed="12.97" pos="64.28" lane="2/4to2/3_0" slope="0.00"/>
        <vehicle id="48" x="401.65" y="762.57" angle="180.00" type="DEFAULT_VEHTYPE" speed="13.87" pos="157.82" lane="2/3to2/4_0" slope="0.00"/>
        <vehicle id="5" x="398.35" y="240.49" angle="0.00" type="DEFAULT_VEHTYPE" speed="12.93" pos="154.76" lane="2/2to2/1_0" slope="0.00"/>
        <vehicle id="7" x="336.69" y="598.35" angle="90.00" type="DEFAULT_VEHTYPE" speed="12.90" pos="131.94" lane="1/3to2/3_0" slope="0.00"/>
        <vehicle id="8" x="82.31" y="401.65" angle="-90.00" type="DEFAULT_VEHTYPE" speed="12.75" pos="112.94" lane="1/2to0/2_0" slope="0.00"/>
    </timestep>
    <timestep time="277.00">
        <vehicle id="0" x="37.51" y="398.35" angle="90.00" type="DEFAULT_VEHTYPE" speed="13.10" pos="37.51" lane="0/2to1/2_0" slope="0.00"/>
        <vehicle id="1" x="297.17" y="198.35" angle="90.00" type="DEFAULT_VEHTYPE" speed="13.58" pos="92.42" lane="1/1to2/1_0" slope="0.00"/>
        <vehicle id="17" x="206.40" y="598.35" angle="108.76" type="DEFAULT_VEHTYPE" speed="13.04" pos="1.65" lane="1/3to2/3_0" slope="0.00"/>
        <vehicle id="18" x="201.65" y="294.03" angle="180.00" type="DEFAULT_VEHTYPE" speed="13.15" pos="89.28" lane="1/1to1/2_0" slope="0.00"/>
        <vehicle id="21" x="214.39" y="201.65" angle="-90.00" type="DEFAULT_VEHTYPE" speed="5.97" pos="180.86" lane="2/1to1/1_0" slope="0.00"/>
        <vehicle id="22" x="601.65" y="306.74" angle="180.00" type="DEFAULT_VEHTYPE" speed="13.80" pos="101.99" lane="3/1to3/2_0" slope="0.00"/>
        <vehicle id="24" x="398.35" y="609.93" angle="0.00" type="DEFAULT_VEHTYPE" speed="13.07" pos="190.07" lane="2/4to2/3_0" slope="0.00"/>
        <vehicle id="26" x="398.35" y="542.56" angle="0.00" type="DEFAULT_VEHTYPE" speed="13.45" pos="52.69" lane="2/3to2/2_0" slope="0.00"/>
        <vehicle id="28" x="201.65" y="488.98" angle="180.00" type="DEFAULT_VEHTYPE" speed="13.33" pos="84.23" lane="1/2to1/3_0" slope="0.00"/>
        <vehicle id="32" x="401.65" y="624.10" angle="180.00" type="DEFAULT_VEHTYPE" speed="11.13" pos="19.35" lane="2/3to2/4_0" slope="0.00"/>
        <vehicle id="35" x="287.06" y="201.65" angle="-90.00" type="DEFAULT_VEHTYPE" speed="12.84" pos="108.19" lane="2/1to1/1_0" slope="0.00"/>
        <vehicle id="37" x="723.93" y="201.65" angle="-90.00" type="DEFAULT_VEHTYPE" speed="12.62" pos="76.07" lane="4/1to3/1_0" slope="0.00"/>
        <vehicle id="38" x="596.24" y="198.49" angle="91.62" type="DEFAULT_VEHTYPE" speed="5.51" pos="1.00" lane=":3/1_14_0" slope="0.00"/>
        <vehicle id="41" x="389.59" y="598.35" angle="90.00" type="DEFAULT_VEHTYPE" speed="4.48" pos="184.84" lane="1/3to2/3_0" slope="0.00"/>
        <vehicle id="44" x="398.35" y="722.55" angle="0.00" type="DEFAULT_VEHTYPE" speed="13.17" pos="77.45" lane="2/4to2/3_0" slope="0.00"/>
        <vehicle id="48" x="401.65" y="776.35" angle="180.00" type="DEFAULT_VEHTYPE" speed="13.78" pos="171.60" lane="2/3to2/4_0" slope="0.00"/>
        <vehicle id="5" x="398.35" y="227.56" angle="0.00" type="DEFAULT_VEHTYPE" speed="12.93" pos="167.69" lane="2/2to2/1_0" slope="0.00"/>
        <vehicle id="7" x="350.42" y="598.35" angle="90.00" type="DEFAULT_VEHTYPE" speed="13.72" pos="145.67" lane="1/3to2/3_0" slope="0.00"/>
        <vehicle id="8" x="69.42" y="401.65" angle="-90.00" type="DEFAULT_VEHTYPE" speed="12.89" pos="125.83" lane="1/2to0/2_0" slope="0.00"/>
    </timestep>
    <timestep time="278.00">
        <vehicle id="0" x="50.19" y="398.35" angle="90.00" type="DEFAULT_VEHTYPE" speed="12.68" pos="50.19" lane="0/2to1/2_0" slope="0.00"/>
        <vehicle id="1" x="310.72" y="198.35" angle="90.00" type="DEFAULT_VEHTYPE" speed="13.55" pos="105.97" lane="1/1to2/1_0" slope="0.00"/>
        <vehicle id="17" x="220.05" y="598.35" angle="90.00" type="DEFAULT_VEHTYPE" speed="13.65" pos="15.30" lane="1/3to2/3_0" slope="0.00"/>
        <vehicle id="18" x="201.65" y="306.94" angle="180.00" type="DEFAULT_VEHTYPE" speed="12.91" pos="102.19" lane="1/1to1/2_0" slope="0.00"/>
        <vehicle id="21" x="210.04" y="201.65" angle="-90.00" type="DEFAULT_VEHTYPE" speed="4.35" pos="185.21" lane="2/1to1/1_0" slope="0.00"/>
        <vehicle id="22" x="601.65" y="320.48" angle="180.00" type="DEFAULT_VEHTYPE" speed="13.73" pos="115.73" lane="3/1to3/2_0" slope="0.00"/>
        <vehicle id="24" x="398.35" y="596.55" angle="0.00" type="DEFAULT_VEHTYPE" speed="13.38" pos="8.20" lane=":2/3_1_0" slope="0.00"/>
        <vehicle id="26" x="398.35" y="529.57" angle="0.00" type="DEFAULT_VEHTYPE" speed="13.00" pos="65.68" lane="2/3to2/2_0" slope="0.00"/>
        <vehicle id="28" x="201.65" y="502.67" angle="180.00" type="DEFAULT_VEHTYPE" speed="13.69" pos="97.92" lane="1/2to1/3_0" slope="0.00"/>
        <vehicle id="32" x="401.65" y="637.03" angle="180.00" type="DEFAULT_VEHTYPE" speed="12.94" pos="32.28" lane="2/3to2/4_0" slope="0.00"/>
        <vehicle id="35" x="274.15" y="201.65" angle="-90.00" type="DEFAULT_VEHTYPE" speed="12.91" pos="121.10" lane="2/1to1/1_0" slope="0.00"/>
        <vehicle id="37" x="710.39" y="201.65" angle="-90.00" type="DEFAULT_VEHTYPE" speed="13.55" pos="89.61" lane="4/1to3/1_0" slope="0.00"/>
        <vehicle id="38" x="601.38" y="202.86" angle="143.39" type="DEFAULT_VEHTYPE" speed="7.41" pos="8.41" lane=":3/1_14_0" slope="0.00"/>
        <vehicle id="41" x="391.46" y="598.35" angle="90.00" type="DEFAULT_VEHTYPE" speed="1.88" pos="186.71" lane="1/3to2/3_0" slope="0.00"/>
        <vehicle id="44" x="398.35" y="709.10" angle="0.00" type="DEFAULT_VEHTYPE" speed="13.45" pos="90.90" lane="2/4to2/3_0" slope="0.00"/>
        <vehicle id="48" x="401.65" y="789.20" angle="180.00" type="DEFAULT_VEHTYPE" speed="12.85" pos="184.45" lane="2/3to2/4_0" slope="0.00"/>
        <vehicle id="5" x="398.35" y="214.20" angle="0.00" type="DEFAULT_VEHTYPE" speed="13.36" pos="181.05" lane="2/2to2/1_0" slope="0.00"/>
        <vehicle id="7" x="362.67" y="598.35" angle="90.00" type="DEFAULT_VEHTYPE" speed="12.25" pos="157.92" lane="1/3to2/3_0" slope="0.00"/>
        <vehicle id="8" x="56.19" y="401.65" angle="-90.00" type="DEFAULT_VEHTYPE" speed="13.23" pos="139.06" lane="1/2to0/2_0" slope="0.00"/>
    </timestep>
    <timestep time="279.00">
        <vehicle id="0" x="63.42" y="398.35" angle="90.00" type="DEFAULT_VEHTYPE" speed="13.24" pos="63.42" lane="0/2to1/2_0" slope="0.00"/>
        <vehicle id="1" x="324.25" y="198.35" angle="90.00" type="DEFAULT_VEHTYPE" speed="13.52" pos="119.50" lane="1/1to2/1_0" slope="0.00"/>
        <vehicle id="17" x="233.77" y="598.35" angle="90.00" type="DEFAULT_VEHTYPE" speed="13.72" pos="29.02" lane="1/3to2/3_0" slope="0.00"/>
        <vehicle id="18" x="201.65" y="320.29" angle="180.00" type="DEFAULT_VEHTYPE" speed="13.34" pos="115.54" lane="1/1to1/2_0" slope="0.00"/>
        <vehicle id="21" x="203.55" y="201.82" angle="-91.93" type="DEFAULT_VEHTYPE" speed="6.50" pos="1.21" lane=":1/1_4_0" slope="0.00"/>
        <vehicle id="22" x="601.65" y="333.80" angle="180.00" type="DEFAULT_VEHTYPE" speed="13.32" pos="129.05" lane="3/1to3/2_0" slope="0.00"/>
        <vehicle id="24" x="398.35" y="583.68" angle="0.00" type="DEFAULT_VEHTYPE" speed="12.87" pos="11.57" lane="2/3to2/2_0" slope="0.00"/>
        <vehicle id="26" x="398.35" y="515.84" angle="0.00" type="DEFAULT_VEHTYPE" speed="13.73" pos="79.41" lane="2/3to2/2_0" slope="0.00"/>
        <vehicle id="28" x="201.65" y="515.50" angle="180.00" type="DEFAULT_VEHTYPE" speed="12.83" pos="110.75" lane="1/2to1/3_0" slope="0.00"/>
        <vehicle id="32" x="401.65" y="650.75" angle="180.00" type="DEFAULT_VEHTYPE" speed="13.71" pos="46.00" lane="2/3to2/4_0" slope="0.00"/>
        <vehicle id="35" x="261.46" y="201.65" angle="-90.00" type="DEFAULT_VEHTYPE" speed="12.70" pos="133.79" lane="2/1to1/1_0" slope="0.00"/>
        <vehicle id="37" x="697.01" y="201.65" angle="-90.00" type="DEFAULT_VEHTYPE" speed="13.38" pos="102.99" lane="4/1to3/1_0" slope="0.00"/>
        <vehicle id="38" x="601.65" y="211.59" angle="180.00" type="DEFAULT_VEHTYPE" speed="8.75" pos="6.84" lane="3/1to3/2_0" slope="0.00"/>
        <vehicle id="41" x="395.52" y="598.39" angle="90.45" type="DEFAULT_VEHTYPE" speed="4.06" pos="0.27" lane=":2/3_14_0" slope="0.00"/>
        <vehicle id="44" x="398.35" y="696.22" angle="0.00" type="DEFAULT_VEHTYPE" speed="12.88" pos="103.78" lane="2/4to2/3_0" slope="0.00"/>
        <vehicle id="48" x="399.86" y="801.58" angle="-155.88" type="DEFAULT_VEHTYPE" speed="13.37" pos="2.57" lane=":2/4_0_0" slope="0.00"/>
        <vehicle id="5" x="396.56" y="201.83" angle="-22.89" type="DEFAULT_VEHTYPE" speed="13.13" pos="3.68" lane=":2/1_0_0" slope="0.00"/>
        <vehicle id="7" x="372.25" y="598.35" angle="90.00" type="DEFAULT_VEHTYPE" speed="9.58" pos="167.50" lane="1/3to2/3_0" slope="0.00"/>
        <vehicle id="8" x="43.46" y="401.65" angle="-90.00" type="DEFAULT_VEHTYPE" speed="12.73" pos="151.79" lane="1/2to0/2_0" slope="0.00"/>
    </timestep>
    <timestep time="280.00">
        <vehicle id="0" x="76.08" y="398.35" angle="90.00" type="DEFAULT_VEHTYPE" speed="12.66" pos="76.08" lane="0/2to1/2_0" slope="0.00"/>
        <vehicle id="1" x="338.11" y="198.35" angle="90.00" type="DEFAULT_VEHTYPE" speed="13.86" pos="133.36" lane="1/1to2/1_0" slope="0.00"/>
        <vehicle id="17" x="247.03" y="598.35" angle="90.00" type="DEFAULT_VEHTYPE" speed="13.26" pos="42.28" lane="1/3to2/3_0" slope="0.00"/>
        <vehicle id="18" x="201.65" y="333.70" angle="180.00" type="DEFAULT_VEHTYPE" speed="13.42" pos="128.95" lane="1/1to1/2_0" slope="0.00"/>
        <vehicle id="21" x="201.65" y="209.57" angle="-179.71" type="DEFAULT_VEHTYPE" speed="8.61" pos="4.82" lane="1/1to1/2_0" slope="0.00"/>
        <vehicle id="22" x="601.65" y="347.58" angle="180.00" type="DEFAULT_VEHTYPE" speed="13.78" pos="142.83" lane="3/1to3/2_0" slope="0.00"/>
        <vehicle id="24" x="398.35" y="570.83" angle="0.00" type="DEFAULT_VEHTYPE" speed="12.85" pos="24.42" lane="2/3to2/2_0" slope="0.00"/>
        <vehicle id="26" x="398.35" y="503.14" angle="0.00" type="DEFAULT_VEHTYPE" speed="12.69" pos="92.11" lane="2/3to2/2_0" slope="0.00"/>
        <vehicle id="28" x="201.65" y="528.85" angle="180.00" type="DEFAULT_VEHTYPE" speed="13.36" pos="124.10" lane="1/2to1/3_0" slope="0.00"/>
        <vehicle id="32" x="401.65" y="664.01" angle="180.00" type="DEFAULT_VEHTYPE" speed="13.27" pos="59.26" lane="2/3to2/4_0" slope="0.00"/>
        <vehicle id="35" x="248.59" y="201.65" angle="-90.00" type="DEFAULT_VEHTYPE" speed="12.86" pos="146.66" lane="2/1to1/1_0" slope="0.00"/>
        <vehicle id="37" x="683.43" y="201.65" angle="-90.00" type="DEFAULT_VEHTYPE" speed="13.57" pos="116.57" lane="4/1to3/1_0" slope="0.00"/>
        <vehicle id="38" x="601.65" y="222.58" angle="180.00" type="DEFAULT_VEHTYPE" speed="10.99" pos="17.83" lane="3/1to3/2_0" slope="0.00"/>
        <vehicle id="41" x="400.69" y="601.01" angle="121.30" type="DEFAULT_VEHTYPE" speed="6.12" pos="6.40" lane=":2/3_14_0" slope="0.00"/>
        <vehicle id="44" x="398.35" y="683.29" angle="0.00" type="DEFAULT_VEHTYPE" speed="12.93" pos="116.71" lane="2/4to2/3_0" slope="0.00"/>
        <vehicle id="48" x="398.35" y="789.07" angle="0.00" type="DEFAULT_VEHTYPE" speed="13.18" pos="10.93" lane="2/4to2/3_0" slope="0.00"/>
        <vehicle id="5" x="382.95" y="201.65" angle="-90.00" type="DEFAULT_VEHTYPE" speed="13.62" pos="12.30" lane="2/1to1/1_0" slope="0.00"/>
        <vehicle id="7" x="380.07" y="598.35" angle="90.00" type="DEFAULT_VEHTYPE" speed="7.81" pos="175.32" lane="1/3to2/3_0" slope="0.00"/>
        <vehicle id="8" x="30.29" y="401.65" angle="-90.00" type="DEFAULT_VEHTYPE" speed="13.17" pos="164.96" lane="1/2to0/2_0" slope="0.00"/>
    </timestep>
    <timestep time="281.00">
        <vehicle id="0" x="89.85" y="398.35" angle="90.00" type="DEFAULT_VEHTYPE" speed="13.77" pos="89.85" lane="0/2to1/2_0" slope="0.00"/>
        <vehicle id="1" x="351.55" y="198.35" angle="90.00" type="DEFAULT_VEHTYPE" speed="13.44" pos="146.80" lane="1/1to2/1_0" slope="0.00"/>
        <vehicle id="17" x="260.51" y="598.35" angle="90.00" type="DEFAULT_VEHTYPE" speed="13.47" pos="55.76" lane="1/3to2/3_0" slope="0.00"/>
        <vehicle id="18" x="201.65" y="346.38" angle="180.00" type="DEFAULT_VEHTYPE" speed="12.67" pos="141.63" lane="1/1to1/2_0" slope="0.00"/>
        <vehicle id="21" x="201.65" y="220.21" angle="180.00" type="DEFAULT_VEHTYPE" speed="10.64" pos="15.46" lane="1/1to1/2_0" slope="0.00"/>
        <vehicle id="22" x="601.65" y="361.32" angle="180.00" type="DEFAULT_VEHTYPE" speed="13.73" pos="156.57" lane="3/1to3/2_0" slope="0.00"/>
        <vehicle id="24" x="398.35" y="557.16" angle="0.00" type="DEFAULT_VEHTYPE" speed="13.67" pos="38.09" lane="2/3to2/2_0" slope="0.00"/>
        <vehicle id="26" x="398.35" y="490.51" angle="0.00" type="DEFAULT_VEHTYPE" speed="12.64" pos="104.74" lane="2/3to2/2_0" slope="0.00"/>
        <vehicle id="28" x="201.65" y="541.78" angle="180.00" type="DEFAULT_VEHTYPE" speed="12.92" pos="137.03" lane="1/2to1/3_0" slope="0.00"/>
        <vehicle id="32" x="401.65" y="677.11" angle="180.00" type="DEFAULT_VEHTYPE" speed="13.09" pos="72.36" lane="2/3to2/4_0" slope="0.00"/>
        <vehicle id="35" x="234.69" y="201.65" angle="-90.00" type="DEFAULT_VEHTYPE" speed="13.90" pos="160.56" lane="2/1to1/1_0" slope="0.00"/>
        <vehicle id="37" x="670.02" y="201.65" angle="-90.00" type="DEFAULT_VEHTYPE" speed="13.41" pos="129.98" lane="4/1to3/1_0" slope="0.00"/>
        <vehicle id="38" x="601.65" y="235.19" angle="180.00" type="DEFAULT_VEHTYPE" speed="12.61" pos="30.44" lane="3/1to3/2_0" slope="0.00"/>
        <vehicle id="41" x="401.65" y="609.15" angle="179.03" type="DEFAULT_VEHTYPE" speed="8.32" pos="4.40" lane="2/3to2/4_0" slope="0.00"/>
        <vehicle id="44" x="398.35" y="669.88" angle="0.00" type="DEFAULT_VEHTYPE" speed="13.41" pos="130.12" lane="2/4to2/3_0" slope="0.00"/>
        <vehicle id="48" x="398.35" y="775.54" angle="0.00" type="DEFAULT_VEHTYPE" speed="13.53" pos="24.46" lane="2/4to2/3_0" slope="0.00"/>
        <vehicle id="5" x="370.08" y="201.65" angle="-90.00" type="DEFAULT_VEHTYPE" speed="12.87" pos="25.17" lane="2/1to1/1_0" slope="0.00"/>
        <vehicle id="7" x="386.60" y="598.35" angle="90.00" type="DEFAULT_VEHTYPE" speed="6.53" pos="181.85" lane="1/3to2/3_0" slope="0.00"/>
        <vehicle id="8" x="16.48" y="401.65" angle="-90.00" type="DEFAULT_VEHTYPE" speed="13.81" pos="178.77" lane="1/2to0/2_0" slope="0.00"/>
    </timestep>
    <timestep time="282.00">
        <vehicle id="0" x="103.60" y="398.35" angle="90.00" type="DEFAULT_VEHTYPE" speed="13.75" pos="103.60" lane="0/2to1/2_0" slope="0.00"/>
        <vehicle id="1" x="364.88" y="198.35" angle="90.00" type="DEFAULT_VEHTYPE" speed="13.33" pos="160.13" lane="1/1to2/1_0" slope="0.00"/>
        <vehicle id="17" x="273.85" y="598.35" angle="90.00" type="DEFAULT_VEHTYPE" speed="13.35" pos="69.10" lane="1/3to2/3_0" slope="0.00"/>
        <vehicle id="18" x="201.65" y="359.01" angle="180.00" type="DEFAULT_VEHTYPE" speed="12.63" pos="154.26" lane="1/1to1/2_0" slope="0.00"/>
        <vehicle id="21" x="201.65" y="232.73" angle="180.00" type="DEFAULT_VEHTYPE" speed="12.52" pos="27.98" lane="1/1to1/2_0" slope="0.00"/>
        <vehicle id="22" x="601.65" y="373.86" angle="180.00" type="DEFAULT_VEHTYPE" speed="12.54" pos="169.11" lane="3/1to3/2_0" slope="0.00"/>
        <vehicle id="24" x="398.35" y="543.80" angle="0.00" type="DEFAULT_VEHTYPE" speed="13.36" pos="51.45" lane="2/3to2/2_0" slope="0.00"/>
        <vehicle id="26" x="398.35" y="476.82" angle="0.00" type="DEFAULT_VEHTYPE" speed="13.68" pos="118.43" lane="2/3to2/2_0" slope="0.00"/>
        <vehicle id="28" x="201.65" y="555.23" angle="180.00" type="DEFAULT_VEHTYPE" speed="13.45" pos="150.48" lane="1/2to1/3_0" slope="0.00"/>
        <vehicle id="32" x="401.65" y="690.99" angle="180.00" type="DEFAULT_VEHTYPE" speed="13.88" pos="86.24" lane="2/3to2/4_0" slope="0.00"/>
        <vehicle id="35" x="223.53" y="201.65" angle="-90.00" type="DEFAULT_VEHTYPE" speed="11.17" pos="171.72" lane="2/1to1/1_0" slope="0.00"/>
        <vehicle id="37" x="656.38" y="201.65" angle="-90.00" type="DEFAULT_VEHTYPE" speed="13.64" pos="143.62" lane="4/1to3/1_0" slope="0.00"/>
        <vehicle id="38" x="601.65" y="247.98" angle="180.00" type="DEFAULT_VEHTYPE" speed="12.78" pos="43.23" lane="3/1to3/2_0" slope="0.00"/>
        <vehicle id="41" x="401.65" y="619.22" angle="180.00" type="DEFAULT_VEHTYPE" speed="10.07" pos="14.47" lane="2/3to2/4_0" slope="0.00"/>
        <vehicle id="44" x="398.35" y="656.21" angle="0.00" type="DEFAULT_VEHTYPE" speed="13.67" pos="143.79" lane="2/4to2/3_0" slope="0.00"/>
        <vehicle id="48" x="398.35" y="762.29" angle="0.00" type="DEFAULT_VEHTYPE" speed="13.25" pos="37.71" lane="2/4to2/3_0" slope="0.00"/>
        <vehicle id="5" x="356.77" y="201.65" angle="-90.00" type="DEFAULT_VEHTYPE" speed="13.31" pos="38.48" lane="2/1to1/1_0" slope="0.00"/>
        <vehicle id="7" x="389.61" y="598.35" angle="90.00" type="DEFAULT_VEHTYPE" speed="3.01" pos="184.86" lane="1/3to2/3_0" slope="0.00"/>
        <vehicle id="8" x="2.67" y="401.65" angle="-90.00" type="DEFAULT_VEHTYPE" speed="13.81" pos="192.58" lane="1/2to0/2_0" slope="0.00"/>
    </timestep>
    <timestep time="283.00">
        <vehicle id="0" x="116.65" y="398.35" angle="90.00" type="DEFAULT_VEHTYPE" speed="13.05" pos="116.65" lane="0/2to1/2_0" slope="0.00"/>
        <vehicle id="1" x="376.73" y="198.35" angle="90.00" type="DEFAULT_VEHTYPE" speed="11.85" pos="171.98" lane="1/1to2/1_0" slope="0.00"/>
        <vehicle id="17" x="286.86" y="598.35" angle="90.00" type="DEFAULT_VEHTYPE" speed="13.01" pos="82.11" lane="1/3to2/3_0" slope="0.00"/>
        <vehicle id="18" x="201.65" y="372.67" angle="180.00" type="DEFAULT_VEHTYPE" speed="13.66" pos="167.92" lane="1/1to1/2_0" slope="0.00"/>
        <vehicle id="21" x="201.65" y="246.38" angle="180.00" type="DEFAULT_VEHTYPE" speed="13.65" pos="41.63" lane="1/1to1/2_0" slope="0.00"/>
        <vehicle id="22" x="601.65" y="382.62" angle="180.00" type="DEFAULT_VEHTYPE" speed="8.76" pos="177.87" lane="3/1to3/2_0" slope="0.00"/>
        <vehicle id="24" x="398.35" y="530.83" angle="0.00" type="DEFAULT_VEHTYPE" speed="12.96" pos="64.42" lane="2/3to2/2_0" slope="0.00"/>
        <vehicle id="26" x="398.35" y="463.62" angle="0.00" type="DEFAULT_VEHTYPE" speed="13.20" pos="131.63" lane="2/3to2/2_0" slope="0.00"/>
        <vehicle id="28" x="201.65" y="569.03" angle="180.00" type="DEFAULT_VEHTYPE" speed="13.80" pos="164.28" lane="1/2to1/3_0" slope="0.00"/>
        <vehicle id="32" x="401.65" y="703.82" angle="180.00" type="DEFAULT_VEHTYPE" speed="12.84" pos="99.07" lane="2/3to2/4_0" slope="0.00"/>
        <vehicle id="35" x="215.17" y="201.65" angle="-90.00" type="DEFAULT_VEHTYPE" speed="8.35" pos="180.08" lane="2/1to1/1_0" slope="0.00"/>
        <vehicle id="37" x="642.95" y="201.65" angle="-90.00" type="DEFAULT_VEHTYPE" speed="13.43" pos="157.05" lane="4/1to3/1_0" slope="0.00"/>
        <vehicle id="38" x="601.65" y="261.77" angle="180.00" type="DEFAULT_VEHTYPE" speed="13.80" pos="57.02" lane="3/1to3/2_0" slope="0.00"/>
        <vehicle id="41" x="401.65" y="631.46" angle="180.00" type="DEFAULT_VEHTYPE" speed="12.24" pos="26.71" lane="2/3to2/4_0" slope="0.00"/>
        <vehicle id="44" x="398.35" y="643.58" angle="0.00" type="DEFAULT_VEHTYPE" speed="12.62" pos="156.42" lane="2/4to2/3_0" slope="0.00"/>
        <vehicle id="48" x="398.35" y="749.04" angle="0.00" type="DEFAULT_VEHTYPE" speed="13.25" pos="50.96" lane="2/4to2/3_0" slope="0.00"/>
        <vehicle id="5" x="343.86" y="201.65" angle="-90.00" type="DEFAULT_VEHTYPE" speed="12.91" pos="51.39" lane="2/1to1/1_0" slope="0.00"/>
        <vehicle id="7" x="395.17" y="598.35" angle="90.00" type="DEFAULT_VEHTYPE" speed="5.56" pos="190.42" lane="1/3to2/3_0" slope="0.00"/>
        <vehicle id="8" x="5.16" y="398.35" angle="90.00" type="DEFAULT_VEHTYPE" speed="12.64" pos="5.16" lane="0/2to1/2_0" slope="0.00"/>
    </timestep>
    <timestep time="284.00">
        <vehicle id="0" x="130.04" y="398.35" angle="90.00" type="DEFAULT_VEHTYPE" speed="13.39" pos="130.04" lane="0/2to1/2_0" slope="0.00"/>
        <vehicle id="1" x="384.07" y="198.35" angle="90.00" type="DEFAULT_VEHTYPE" speed="7.35" pos="179.32" lane="1/1to2/1_0" slope="0.00"/>
        <vehicle id="17" x="300.17" y="598.35" angle="90.00" type="DEFAULT_VEHTYPE" speed="13.31" pos="95.42" lane="1/3to2/3_0" slope="0.00"/>
        <vehicle id="18" x="201.65" y="385.47" angle="180.00" type="DEFAULT_VEHTYPE" speed="12.80" pos="180.72" lane="1/1to1/2_0" slope="0.00"/>
        <vehicle id="21" x="201.65" y="259.18" angle="180.00" type="DEFAULT_VEHTYPE" speed="12.80" pos="54.43" lane="1/1to1/2_0" slope="0.00"/>
        <vehicle id="22" x="601.65" y="388.32" angle="180.00" type="DEFAULT_VEHTYPE" speed="5.70" pos="183.57" lane="3/1to3/2_0" slope="0.00"/>
        <vehicle id="24" x="398.35" y="518.10" angle="0.00" type="DEFAULT_VEHTYPE" speed="12.74" pos="77.15" lane="2/3to2/2_0" slope="0.00"/>
        <vehicle id="26" x="398.35" y="450.94" angle="0.00" type="DEFAULT_VEHTYPE" speed="12.69" pos="144.31" lane="2/3to2/2_0" slope="0.00"/>
        <vehicle id="28" x="201.65" y="582.54" angle="180.00" type="DEFAULT_VEHTYPE" speed="13.51" pos="177.79" lane="1/2to1/3_0" slope="0.00"/>
        <vehicle id="32" x="401.65" y="716.60" angle="180.00" type="DEFAULT_VEHTYPE" speed="12.78" pos="111.85" lane="2/3to2/4_0" slope="0.00"/>
        <vehicle id="35" x="210.50" y="201.65" angle="-90.00" type="DEFAULT_VEHTYPE" speed="4.67" pos="184.75" lane="2/1to1/1_0" slope="0.00"/>
        <vehicle id="37" x="629.49" y="201.65" angle="-90.00" type="DEFAULT_VEHTYPE" speed="13.46" pos="170.51" lane="4/1to3/1_0" slope="0.00"/>
        <vehicle id="38" x="601.65" y="275.62" angle="180.00" type="DEFAULT_VEHTYPE" speed="13.85" pos="70.87" lane="3/1to3/2_0" slope="0.00"/>
        <vehicle id="41" x="401.65" y="644.52" angle="180.00" type="DEFAULT_VEHTYPE" speed="13.06" pos="39.77" lane="2/3to2/4_0" slope="0.00"/>
        <vehicle id="44" x="398.35" y="629.82" angle="0.00" type="DEFAULT_VEHTYPE" speed="13.77" pos="170.18" lane="2/4to2/3_0" slope="0.00"/>
        <vehicle id="48" x="398.35" y="735.88" angle="0.00" type="DEFAULT_VEHTYPE" speed="13.17" pos="64.12" lane="2/4to2/3_0" slope="0.00"/>
        <vehicle id="5" x="330.81" y="201.65" angle="-90.00" type="DEFAULT_VEHTYPE" speed="13.04" pos="64.44" lane="2/1to1/1_0" slope="0.00"/>
        <vehicle id="7" x="401.21" y="601.88" angle="131.80" type="DEFAULT_VEHTYPE" speed="7.50" pos="7.42" lane=":2/3_14_0" slope="0.00"/>
        <vehicle id="8" x="18.68" y="398.35" angle="90.00" type="DEFAULT_VEHTYPE" speed="13.53" pos="18.68" lane="0/2to1/2_0" slope="0.00"/>
    </timestep>
    <timestep time="285.00">
        <vehicle id="0" x="143.22" y="398.35" angle="90.00" type="DEFAULT_VEHTYPE" speed="13.18" pos="143.22" lane="0/2to1/2_0" slope="0.00"/>
        <vehicle id="1" x="389.20" y="198.35" angle="90.00" type="DEFAULT_VEHTYPE" speed="5.13" pos="184.45" lane="1/1to2/1_0" slope="0.00"/>
        <vehicle id="17" x="313.55" y="598.35" angle="90.00" type="DEFAULT_VEHTYPE" speed="13.38" pos="108.80" lane="1/3to2/3_0" slope="0.00"/>
        <vehicle id="18" x="201.65" y="398.39" angle="180.00" type="DEFAULT_VEHTYPE" speed="12.92" pos="3.14" lane=":1/2_9_0" slope="0.00"/>
        <vehicle id="21" x="201.65" y="272.18" angle="180.00" type="DEFAULT_VEHTYPE" speed="12.99" pos="67.43" lane="1/1to1/2_0" slope="0.00"/>
        <vehicle id="22" x="601.60" y="395.59" angle="-179.45" type="DEFAULT_VEHTYPE" speed="7.27" pos="0.34" lane=":3/2_10_0" slope="0.00"/>
        <vehicle id="24" x="398.35" y="505.23" angle="0.00" type="DEFAULT_VEHTYPE" speed="12.87" pos="90.02" lane="2/3to2/2_0" slope="0.00"/>
        <vehicle id="26" x="398.35" y="437.23" angle="0.00" type="DEFAULT_VEHTYPE" speed="13.71" pos="158.02" lane="2/3to2/2_0" slope="0.00"/>
        <vehicle id="28" x="201.65" y="595.16" angle="180.00" type="DEFAULT_VEHTYPE" speed="12.62" pos="190.41" lane="1/2to1/3_0" slope="0.00"/>
        <vehicle id="32" x="401.65" y="729.96" angle="180.00" type="DEFAULT_VEHTYPE" speed="13.36" pos="125.21" lane="2/3to2/4_0" slope="0.00"/>
        <vehicle id="35" x="203.47" y="201.83" angle="-92.06" type="DEFAULT_VEHTYPE" speed="7.05" pos="1.29" lane=":1/1_4_0" slope="0.00"/>
        <vehicle id="37" x="619.54" y="201.65" angle="-90.00" type="DEFAULT_VEHTYPE" speed="9.95" pos="180.46" lane="4/1to3/1_0" slope="0.00"/>
        <vehicle id="38" x="601.65" y="288.84" angle="180.00" type="DEFAULT_VEHTYPE" speed="13.22" pos="84.09" lane="3/1to3/2_0" slope="0.00"/>
        <vehicle id="41" x="401.65" y="657.75" angle="180.00" type="DEFAULT_VEHTYPE" speed="13.22" pos="53.00" lane="2/3to2/4_0" slope="0.00"/>
        <vehicle id="44" x="398.35" y="617.38" angle="0.00" type="DEFAULT_VEHTYPE" speed="12.44" pos="182.62" lane="2/4to2/3_0" slope="0.00"/>
        <vehicle id="48" x="398.35" y="722.15" angle="0.00" type="DEFAULT_VEHTYPE" speed="13.73" pos="77.85" lane="2/4to2/3_0" slope="0.00"/>
        <vehicle id="5" x="317.50" y="201.65" angle="-90.00" type="DEFAULT_VEHTYPE" speed="13.31" pos="77.75" lane="2/1to1/1_0" slope="0.00"/>
        <vehicle id="7" x="401.65" y="610.77" angle="180.00" type="DEFAULT_VEHTYPE" speed="8.92" pos="6.02" lane="2/3to2/4_0" slope="0.00"/>
        <vehicle id="8" x="32.58" y="398.35" angle="90.00" type="DEFAULT_VEHTYPE" speed="13.89" pos="32.58" lane="0/2to1/2_0" slope="0.00"/>
    </timestep>
    <timestep time="286.00">
        <vehicle id="0" x="156.86" y="398.35" angle="90.00" type="DEFAULT_VEHTYPE" speed="13.64" pos="156.86" lane="0/2to1/2_0" slope="0.00"/>
        <vehicle id="1" x="396.89" y="198.35" angle="90.00" type="DEFAULT_VEHTYPE" speed="7.69" pos="1.64" lane=":2/1_13_0" slope="0.00"/>
        <vehicle id="17" x="326.20" y="598.35" angle="90.00" type="DEFAULT_VEHTYPE" speed="12.65" pos="121.45" lane="1/3to2/3_0" slope="0.00"/>
        <vehicle id="18" x="201.65" y="411.77" angle="180.00" type="DEFAULT_VEHTYPE" speed="13.38" pos="7.02" lane="1/2to1/3_0" slope="0.00"/>
        <vehicle id="21" x="201.65" y="286.07" angle="180.00" type="DEFAULT_VEHTYPE" speed="13.90" pos="81.32" lane="1/1to1/2_0" slope="0.00"/>
        <vehicle id="22" x="595.98" y="401.55" angle="-114.50" type="DEFAULT_VEHTYPE" speed="9.24" pos="2.44" lane=":3/2_18_0" slope="0.00"/>
        <vehicle id="24" x="398.35" y="491.67" angle="0.00" type="DEFAULT_VEHTYPE" speed="13.56" pos="103.58" lane="2/3to2/2_0" slope="0.00"/>
        <vehicle id="26" x="398.35" y="423.71" angle="0.00" type="DEFAULT_VEHTYPE" speed="13.52" pos="171.54" lane="2/3to2/2_0" slope="0.00"/>
        <vehicle id="28" x="212.96" y="598.35" angle="90.00" type="DEFAULT_VEHTYPE" speed="13.29" pos="8.21" lane="1/3to2/3_0" slope="0.00"/>
        <vehicle id="32" x="401.65" y="743.75" angle="180.00" type="DEFAULT_VEHTYPE" speed="13.79" pos="139.00" lane="2/3to2/4_0" slope="0.00"/>
        <vehicle id="35" x="201.65" y="210.67" angle="180.00" type="DEFAULT_VEHTYPE" speed="9.62" pos="5.92" lane="1/1to1/2_0" slope="0.00"/>
        <vehicle id="37" x="612.78" y="201.65" angle="-90.00" type="DEFAULT_VEHTYPE" speed="6.76" pos="187.22" lane="4/1to3/1_0" slope="0.00"/>
        <vehicle id="38" x="601.65" y="302.51" angle="180.00" type="DEFAULT_VEHTYPE" speed="13.68" pos="97.76" lane="3/1to3/2_0" slope="0.00"/>
        <vehicle id="41" x="401.65" y="671.09" angle="180.00" type="DEFAULT_VEHTYPE" speed="13.34" pos="66.34" lane="2/3to2/4_0" slope="0.00"/>
        <vehicle id="44" x="398.35" y="604.34" angle="0.00" type="DEFAULT_VEHTYPE" speed="13.04" pos="0.41" lane=":2/3_1_0" slope="0.00"/>
        <vehicle id="48" x="398.35" y="709.47" angle="0.00" type="DEFAULT_VEHTYPE" speed="12.67" pos="90.53" lane="2/4to2/3_0" slope="0.00"/>
        <vehicle id="5" x="304.52" y="201.65" angle="-90.00" type="DEFAULT_VEHTYPE" speed="12.98" pos="90.73" lane="2/1to1/1_0" slope="0.00"/>
        <vehicle id="7" x="401.65" y="621.46" angle="180.00" type="DEFAULT_VEHTYPE" speed="10.69" pos="16.71" lane="2/3to2/4_0" slope="0.00"/>
        <vehicle id="8" x="45.31" y="398.35" angle="90.00" type="DEFAULT_VEHTYPE" speed="12.74" pos="45.31" lane="0/2to1/2_0" slope="0.00"/>
    </timestep>
    <timestep time="287.00">
        <vehicle id="0" x="170.27" y="398.35" angle="90.00" type="DEFAULT_VEHTYPE" speed="13.40" pos="170.27" lane="0/2to1/2_0" slope="0.00"/>
        <vehicle id="1" x="406.62" y="198.35" angle="90.00" type="DEFAULT_VEHTYPE" speed="9.73" pos="1.87" lane="2/1to3/1_0" slope="0.00"/>
        <vehicle id="17" x="340.01" y="598.35" angle="90.00" type="DEFAULT_VEHTYPE" speed="13.81" pos="135.26" lane="1/3to2/3_0" slope="0.00"/>
        <vehicle id="18" x="201.65" y="425.22" angle="180.00" type="DEFAULT_VEHTYPE" speed="13.45" pos="20.47" lane="1/2to1/3_0" slope="0.00"/>
        <vehicle id="21" x="201.65" y="299.13" angle="180.00" type="DEFAULT_VEHTYPE" speed="13.06" pos="94.38" lane="1/1to1/2_0" slope="0.00"/>
        <vehicle id="22" x="585.21" y="401.65" angle="-90.00" type="DEFAULT_VEHTYPE" speed="10.78" pos="10.04" lane="3/2to2/2_0" slope="0.00"/>
        <vehicle id="24" x="398.35" y="478.96" angle="0.00" type="DEFAULT_VEHTYPE" speed="12.71" pos="116.29" lane="2/3to2/2_0" slope="0.00"/>
        <vehicle id="26" x="398.35" y="410.78" angle="0.00" type="DEFAULT_VEHTYPE" speed="12.93" pos="184.47" lane="2/3to2/2_0" slope="0.00"/>
        <vehicle id="28" x="225.98" y="598.35" angle="90.00" type="DEFAULT_VEHTYPE" speed="13.03" pos="21.23" lane="1/3to2/3_0" slope="0.00"/>
        <vehicle id="32" x="401.65" y="756.80" angle="180.00" type="DEFAULT_VEHTYPE" speed="13.05" pos="152.05" lane="2/3to2/4_0" slope="0.00"/>
        <vehicle id="35" x="201.65" y="222.32" angle="180.00" type="DEFAULT_VEHTYPE" speed="11.65" pos="17.57" lane="1/1to1/2_0" slope="0.00"/>
        <vehicle id="37" x="609.39" y="201.65" angle="-90.00" type="DEFAULT_VEHTYPE" speed="3.39" pos="190.61" lane="4/1to3/1_0" slope="0.00"/>
        <vehicle id="38" x="601.65" y="316.32" angle="180.00" type="DEFAULT_VEHTYPE" speed="13.81" pos="111.57" lane="3/1to3/2_0" slope="0.00"/>
        <vehicle id="41" x="401.65" y="684.12" angle="180.00" type="DEFAULT_VEHTYPE" speed="13.04" pos="79.37" lane="2/3to2/4_0" slope="0.00"/>
        <vehicle id="44" x="398.35" y="590.91" angle="0.00" type="DEFAULT_VEHTYPE" speed="13.43" pos="4.34" lane="2/3to2/2_0" slope="0.00"/>
        <vehicle id="48" x="398.35" y="696.15" angle="0.00" type="DEFAULT_VEHTYPE" speed="13.33" pos="103.85" lane="2/4to2/3_0" slope="0.00"/>
        <vehicle id="5" x="290.76" y="201.65" angle="-90.00" type="DEFAULT_VEHTYPE" speed="13.76" pos="104.49" lane="2/1to1/1_0" slope="0.00"/>
        <vehicle id="7" x="401.65" y="634.34" angle="180.00" type="DEFAULT_VEHTYPE" speed="12.88" pos="29.59" lane="2/3to2/4_0" slope="0.00"/>
        <vehicle id="8" x="58.78" y="398.35" angle="90.00" type="DEFAULT_VEHTYPE" speed="13.47" pos="58.78" lane="0/2to1/2_0" slope="0.00"/>
    </timestep>
    <timestep time="288.00">
        <vehicle id="0" x="180.03" y="398.35" angle="90.00" type="DEFAULT_VEHTYPE" speed="9.77" pos="180.03" lane="0/2to1/2_0" slope="0.00"/>
        <vehicle id="1" x="418.34" y="198.35" angle="90.00" type="DEFAULT_VEHTYPE" speed="11.72" pos="13.59" lane="2/1to3/1_0" slope="0.00"/>
        <vehicle id="17" x="353.42" y="598.35" angle="90.00" type="DEFAULT_VEHTYPE" speed="13.41" pos="148.67" lane="1/3to2/3_0" slope="0.00"/>
        <vehicle id="18" x="201.65" y="437.87" angle="180.00" type="DEFAULT_VEHTYPE" speed="12.66" pos="33.12" lane="1/2to1/3_0" slope="0.00"/>
        <vehicle id="21" x="201.65" y="312.74" angle="180.00" type="DEFAULT_VEHTYPE" speed="13.61" pos="107.99" lane="1/1to1/2_0" slope="0.00"/>
        <vehicle id="22" x="571.89" y="401.65" angle="-90.00" type="DEFAULT_VEHTYPE" speed="13.32" pos="23.36" lane="3/2to2/2_0" slope="0.00"/>
        <vehicle id="24" x="398.35" y="465.79" angle="0.00" type="DEFAULT_VEHTYPE" speed="13.17" pos="129.46" lane="2/3to2/2_0" slope="0.00"/>
        <vehicle id="26" x="393.46" y="401.65" angle="-72.87" type="DEFAULT_VEHTYPE" speed="12.82" pos="1.79" lane="2/2to1/2_0" slope="0.00"/>
        <vehicle id="28" x="238.65" y="598.35" angle="90.00" type="DEFAULT_VEHTYPE" speed="12.67" pos="33.90" lane="1/3to2/3_0" slope="0.00"/>
        <vehicle id="32" x="401.65" y="769.78" angle="180.00" type="DEFAULT_VEHTYPE" speed="12.98" pos="165.03" lane="2/3to2/4_0" slope="0.00"/>
        <vehicle id="35" x="201.65" y="235.32" angle="180.00" type="DEFAULT_VEHTYPE" speed="13.00" pos="30.57" lane="1/1to1/2_0" slope="0.00"/>
        <vehicle id="37" x="603.80" y="201.78" angle="-91.52" type="DEFAULT_VEHTYPE" speed="5.59" pos="0.96" lane=":3/1_4_0" slope="0.00"/>
        <vehicle id="38" x="601.65" y="329.84" angle="180.00" type="DEFAULT_VEHTYPE" speed="13.52" pos="125.09" lane="3/1to3/2_0" slope="0.00"/>
        <vehicle id="41" x="401.65" y="697.22" angle="180.00" type="DEFAULT_VEHTYPE" speed="13.10" pos="92.47" lane="2/3to2/4_0" slope="0.00"/>
        <vehicle id="44" x="398.35" y="577.98" angle="0.00" type="DEFAULT_VEHTYPE" speed="12.93" pos="17.27" lane="2/3to2/2_0" slope="0.00"/>
        <vehicle id="48" x="398.35" y="683.37" angle="0.00" type="DEFAULT_VEHTYPE" speed="12.78" pos="116.63" lane="2/4to2/3_0" slope="0.00"/>
        <vehicle id="5" x="277.50" y="201.65" angle="-90.00" type="DEFAULT_VEHTYPE" speed="13.26" pos="117.75" lane="2/1to1/1_0" slope="0.00"/>
        <vehicle id="7" x="401.65" y="647.69" angle="180.00" type="DEFAULT_VEHTYPE" speed="13.35" pos="42.94" lane="2/3to2/4_0" slope="0.00"/>
        <vehicle id="8" x="72.62" y="398.35" angle="90.00" type="DEFAULT_VEHTYPE" speed="13.83" pos="72.62" lane="0/2to1/2_0" slope="0.00"/>
    </timestep>
    <timestep time="289.00">
        <vehicle id="0" x="186.47" y="398.35" angle="90.00" type="DEFAULT_VEHTYPE" speed="6.43" pos="186.47" lane="0/2to1/2_0" slope="0.00"/>
        <vehicle id="1" x="431.52" y="198.35" angle="90.00" type="DEFAULT_VEHTYPE" speed="13.18" pos="26.77" lane="2/1to3/1_0" slope="0.00"/>
        <vehicle id="17" x="366.36" y="598.35" angle="90.00" type="DEFAULT_VEHTYPE" speed="12.94" pos="161.61" lane="1/3to2/3_0" slope="0.00"/>
        <vehicle id="18" x="201.65" y="451.29" angle="180.00" type="DEFAULT_VEHTYPE" speed="13.41" pos="46.54" lane="1/2to1/3_0" slope="0.00"/>
        <vehicle id="21" x="201.65" y="325.74" angle="180.00" type="DEFAULT_VEHTYPE" speed="13.00" pos="120.99" lane="1/1to1/2_0" slope="0.00"/>
        <vehicle id="22" x="558.96" y="401.65" angle="-90.00" type="DEFAULT_VEHTYPE" speed="12.93" pos="36.29" lane="3/2to2/2_0" slope="0.00"/>
        <vehicle id="24" x="398.35" y="452.15" angle="0.00" type="DEFAULT_VEHTYPE" speed="13.64" pos="143.10" lane="2/3to2/2_0" slope="0.00"/>
        <vehicle id="26" x="379.59" y="401.65" angle="-90.00" type="DEFAULT_VEHTYPE" speed="13.87" pos="15.66" lane="2/2to1/2_0" slope="0.00"/>
        <vehicle id="28" x="251.92" y="598.35" angle="90.00" type="DEFAULT_VEHTYPE" speed="13.27" pos="47.17" lane="1/3to2/3_0" slope="0.00"/>
        <vehicle id="32" x="401.65" y="782.67" angle="180.00" type="DEFAULT_VEHTYPE" speed="12.89" pos="177.92" lane="2/3to2/4_0" slope="0.00"/>
        <vehicle id="35" x="201.65" y="248.25" angle="180.00" type="DEFAULT_VEHTYPE" speed="12.93" pos="43.50" lane="1/1to1/2_0" slope="0.00"/>
        <vehicle id="37" x="601.65" y="208.04" angle="-175.75" type="DEFAULT_VEHTYPE" speed="7.33" pos="3.29" lane="3/1to3/2_0" slope="0.00"/>
        <vehicle id="38" x="601.65" y="342.72" angle="180.00" type="DEFAULT_VEHTYPE" speed="12.88" pos="137.97" lane="3/1to3/2_0" slope="0.00"/>
        <vehicle id="41" x="401.65" y="710.02" angle="180.00" type="DEFAULT_VEHTYPE" speed="12.79" pos="105.27" lane="2/3to2/4_0" slope="0.00"/>
        <vehicle id="44" x="398.35" y="564.78" angle="0.00" type="DEFAULT_VEHTYPE" speed="13.20" pos="30.47" lane="2/3to2/2_0" slope="0.00"/>
        <vehicle id="48" x="398.35" y="670.22" angle="0.00" type="DEFAULT_VEHTYPE" speed="13.15" pos="129.78" lane="2/4to2/3_0" slope="0.00"/>
        <vehicle id="5" x="264.67" y="201.65" angle="-90.00" type="DEFAULT_VEHTYPE" speed="12.83" pos="130.58" lane="2/1to1/1_0" slope="0.00"/>
        <vehicle id="7" x="401.65" y="661.42" angle="180.00" type="DEFAULT_VEHTYPE" speed="13.73" pos="56.67" lane="2/3to2/4_0" slope="0.00"/>
        <vehicle id="8" x="85.93" y="398.35" angle="90.00" type="DEFAULT_VEHTYPE" speed="13.31" pos="85.93" lane="0/2to1/2_0" slope="0.00"/>
    </timestep>
    <timestep time="290.00">
        <vehicle id="0" x="190.20" y="398.35" angle="90.00" type="DEFAULT_VEHTYPE" speed="3.73" pos="190.20" lane="0/2to1/2_0" slope="0.00"/>
        <vehicle id="1" x="445.15" y="198.35" angle="90.00" type="DEFAULT_VEHTYPE" speed="13.63" pos="40.40" lane="2/1to3/1_0" slope="0.00"/>
        <vehicle id="17" x="377.57" y="598.35" angle="90.00" type="DEFAULT_VEHTYPE" speed="11.20" pos="172.82" lane="1/3to2/3_0" slope="0.00"/>
        <vehicle id="18" x="201.65" y="464.88" angle="180.00" type="DEFAULT_VEHTYPE" speed="13.59" pos="60.13" lane="1/2to1/3_0" slope="0.00"/>
        <vehicle id="21" x="201.65" y="338.72" angle="180.00" type="DEFAULT_VEHTYPE" speed="12.98" pos="133.97" lane="1/1to1/2_0" slope="0.00"/>
        <vehicle id="22" x="546.10" y="401.65" angle="-90.00" type="DEFAULT_VEHTYPE" speed="12.86" pos="49.15" lane="3/2to2/2_0" slope="0.00"/>
        <vehicle id="24" x="398.35" y="439.28" angle="0.00" type="DEFAULT_VEHTYPE" speed="12.87" pos="155.97" lane="2/3to2/2_0" slope="0.00"/>
        <vehicle id="26" x="365.85" y="401.65" angle="-90.00" type="DEFAULT_VEHTYPE" speed="13.74" pos="29.40" lane="2/2to1/2_0" slope="0.00"/>
        <vehicle id="28" x="265.46" y="598.35" angle="90.00" type="DEFAULT_VEHTYPE" speed="13.54" pos="60.71" lane="1/3to2/3_0" slope="0.00"/>
        <vehicle id="32" x="401.65" y="796.36" angle="180.00" type="DEFAULT_VEHTYPE" speed="13.69" pos="191.61" lane="2/3to2/4_0" slope="0.00"/>
        <vehicle id="35" x="201.65" y="261.77" angle="180.00" type="DEFAULT_VEHTYPE" speed="13.52" pos="57.02" lane="1/1to1/2_0" slope="0.00"/>
        <vehicle id="37" x="601.65" y="217.00" angle="180.00" type="DEFAULT_VEHTYPE" speed="8.96" pos="12.25" lane="3/1to3/2_0" slope="0.00"/>
        <vehicle id="38" x="601.65" y="356.47" angle="180.00" type="DEFAULT_VEHTYPE" speed="13.75" pos="151.72" lane="3/1to3/2_0" slope="0.00"/>
        <vehicle id="41" x="401.65" y="723.77" angle="180.00" type="DEFAULT_VEHTYPE" speed="13.76" pos="119.02" lane="2/3to2/4_0" slope="0.00"/>
        <vehicle id="44" x="398.35" y="552.04" angle="0.00" type="DEFAULT_VEHTYPE" speed="12.74" pos="43.21" lane="2/3to2/2_0" slope="0.00"/>
        <vehicle id="48" x="398.35" y="657.36" angle="0.00" type="DEFAULT_VEHTYPE" speed="12.86" pos="142.64" lane="2/4to2/3_0" slope="0.00"/>
        <vehicle id="5" x="251.03" y="201.65" angle="-90.00" type="DEFAULT_VEHTYPE" speed="13.63" pos="144.22" lane="2/1to1/1_0" slope="0.00"/>
        <vehicle id="7" x="401.65" y="674.72" angle="180.00" type="DEFAULT_VEHTYPE" speed="13.31" pos="69.97" lane="2/3to2/4_0" slope="0.00"/>
        <vehicle id="8" x="99.20" y="398.35" angle="90.00" type="DEFAULT_VEHTYPE" speed="13.27" pos="99.20" lane="0/2to1/2_0" slope="0.00"/>
    </timestep>
    <timestep time="291.00">
        <vehicle id="0" x="196.23" y="398.49" angle="91.61" type="DEFAULT_VEHTYPE" speed="6.04" pos="0.99" lane=":1/2_14_0" slope="0.00"/>
        <vehicle id="1" x="458.48" y="198.35" angle="90.00" type="DEFAULT_VEHTYPE" speed="13.34" pos="53.73" lane="2/1to3/1_0" slope="0.00"/>
        <vehicle id="17" x="384.39" y="598.35" angle="90.00" type="DEFAULT_VEHTYPE" speed="6.83" pos="179.64" lane="1/3to2/3_0" slope="0.00"/>
        <vehicle id="18" x="201.65" y="478.59" angle="180.00" type="DEFAULT_VEHTYPE" speed="13.71" pos="73.84" lane="1/2to1/3_0" slope="0.00"/>
        <vehicle id="21" x="201.65" y="352.53" angle="180.00" type="DEFAULT_VEHTYPE" speed="13.81" pos="147.78" lane="1/1to1/2_0" slope="0.00"/>
        <vehicle id="22" x="532.39" y="401.65" angle="-90.00" type="DEFAULT_VEHTYPE" speed="13.71" pos="62.86" lane="3/2to2/2_0" slope="0.00"/>
        <vehicle id="24" x="398.35" y="425.93" angle="0.00" type="DEFAULT_VEHTYPE" speed="13.35" pos="169.32" lane="2/3to2/2_0" slope="0.00"/>
        <vehicle id="26" x="353.06" y="401.65" angle="-90.00" type="DEFAULT_VEHTYPE" speed="12.80" pos="42.19" lane="2/2to1/2_0" slope="0.00"/>
        <vehicle id="28" x="278.38" y="598.35" angle="90.00" type="DEFAULT_VEHTYPE" speed="12.92" pos="73.63" lane="1/3to2/3_0" slope="0.00"/>
        <vehicle id="32" x="398.35" y="795.43" angle="-2.75" type="DEFAULT_VEHTYPE" speed="13.03" pos="4.57" lane="2/4to2/3_0" slope="0.00"/>
        <vehicle id="35" x="201.65" y="275.35" angle="180.00" type="DEFAULT_VEHTYPE" speed="13.57" pos="70.60" lane="1/1to1/2_0" slope="0.00"/>
        <vehicle id="37" x="601.65" y="227.58" angle="180.00" type="DEFAULT_VEHTYPE" speed="10.58" pos="22.83" lane="3/1to3/2_0" slope="0.00"/>
        <vehicle id="38" x="601.65" y="369.59" angle="180.00" type="DEFAULT_VEHTYPE" speed="13.12" pos="164.84" lane="3/1to3/2_0" slope="0.00"/>
        <vehicle id="41" x="401.65" y="737.19" angle="180.00" type="DEFAULT_VEHTYPE" speed="13.42" pos="132.44" lane="2/3to2/4_0" slope="0.00"/>
        <vehicle id="44" x="398.35" y="539.15" angle="0.00" type="DEFAULT_VEHTYPE" speed="12.89" pos="56.10" lane="2/3to2/2_0" slope="0.00"/>
        <vehicle id="48" x="398.35" y="643.50" angle="0.00" type="DEFAULT_VEHTYPE" speed="13.86" pos="156.50" lane="2/4to2/3_0" slope="0.00"/>
        <vehicle id="5" x="238.26" y="201.65" angle="-90.00" type="DEFAULT_VEHTYPE" speed="12.77" pos="156.99" lane="2/1to1/1_0" slope="0.00"/>
        <vehicle id="7" x="401.65" y="687.55" angle="180.00" type="DEFAULT_VEHTYPE" speed="12.82" pos="82.80" lane="2/3to2/4_0" slope="0.00"/>
        <vehicle id="8" x="113.10" y="398.35" angle="90.00" type="DEFAULT_VEHTYPE" speed="13.90" pos="113.10" lane="0/2to1/2_0" slope="0.00"/>
    </timestep>
    <timestep time="292.00">
        <vehicle id="0" x="201.54" y="403.96" angle="154.85" type="DEFAULT_VEHTYPE" speed="8.53" pos="9.52" lane=":1/2_14_0" slope="0.00"/>
        <vehicle id="1" x="472.14" y="198.35" angle="90.00" type="DEFAULT_VEHTYPE" speed="13.65" pos="67.39" lane="2/1to3/1_0" slope="0.00"/>
        <vehicle id="17" x="388.81" y="598.35" angle="90.00" type="DEFAULT_VEHTYPE" speed="4.42" pos="184.06" lane="1/3to2/3_0" slope="0.00"/>
        <vehicle id="18" x="201.65" y="491.21" angle="180.00" type="DEFAULT_VEHTYPE" speed="12.62" pos="86.46" lane="1/2to1/3_0" slope="0.00"/>
        <vehicle id="21" x="201.65" y="365.36" angle="180.00" type="DEFAULT_VEHTYPE" speed="12.84" pos="160.61" lane="1/1to1/2_0" slope="0.00"/>
        <vehicle id="22" x="519.40" y="401.65" angle="-90.00" type="DEFAULT_VEHTYPE" speed="12.99" pos="75.85" lane="3/2to2/2_0" slope="0.00"/>
        <vehicle id="24" x="398.35" y="413.07" angle="0.00" type="DEFAULT_VEHTYPE" speed="12.86" pos="182.18" lane="2/3to2/2_0" slope="0.00"/>
        <vehicle id="26" x="339.39" y="401.65" angle="-90.00" type="DEFAULT_VEHTYPE" speed="13.67" pos="55.86" lane="2/2to1/2_0" slope="0.00"/>
        <vehicle id="28" x="291.42" y="598.35" angle="90.00" type="DEFAULT_VEHTYPE" speed="13.04" pos="86.67" lane="1/3to2/3_0" slope="0.00"/>
        <vehicle id="32" x="398.35" y="782.72" angle="0.00" type="DEFAULT_VEHTYPE" speed="12.71" pos="17.28" lane="2/4to2/3_0" slope="0.00"/>
        <vehicle id="35" x="201.65" y="288.08" angle="180.00" type="DEFAULT_VEHTYPE" speed="12.73" pos="83.33" lane="1/1to1/2_0" slope="0.00"/>
        <vehicle id="37" x="601.65" y="240.33" angle="180.00" type="DEFAULT_VEHTYPE" speed="12.75" pos="35.58" lane="3/1to3/2_0" slope="0.00"/>
        <vehicle id="38" x="601.65" y="382.96" angle="180.00" type="DEFAULT_VEHTYPE" speed="13.37" pos="178.21" lane="3/1to3/2_0" slope="0.00"/>
        <vehicle id="41" x="401.65" y="750.71" angle="180.00" type="DEFAULT_VEHTYPE" speed="13.51" pos="145.96" lane="2/3to2/4_0" slope="0.00"/>
        <vehicle id="44" x="398.35" y="526.32" angle="0.00" type="DEFAULT_VEHTYPE" speed="12.83" pos="68.93" lane="2/3to2/2_0" slope="0.00"/>
        <vehicle id="48" x="398.35" y="630.49" angle="0.00" type="DEFAULT_VEHTYPE" speed="13.01" pos="169.51" lane="2/4to2/3_0" slope="0.00"/>
        <vehicle id="5" x="225.66" y="201.65" angle="-90.00" type="DEFAULT_VEHTYPE" speed="12.60" pos="169.59" lane="2/1to1/1_0" slope="0.00"/>
        <vehicle id="7" x="401.65" y="700.83" angle="180.00" type="DEFAULT_VEHTYPE" speed="13.28" pos="96.08" lane="2/3to2/4_0" slope="0.00"/>
        <vehicle id="8" x="125.70" y="398.35" angle="90.00" type="DEFAULT_VEHTYPE" speed="12.60" pos="125.70" lane="0/2to1/2_0" slope="0.00"/>
    </timestep>
    <timestep time="293.00">
        <vehicle id="0" x="201.65" y="414.68" angle="180.00" type="DEFAULT_VEHTYPE" speed="10.73" pos="9.93" lane="1/2to1/3_0" slope="0.00"/>
        <vehicle id="1" x="485.83" y="198.35" angle="90.00" type="DEFAULT_VEHTYPE" speed="13.69" pos="81.08" lane="2/1to3/1_0" slope="0.00"/>
        <vehicle id="17" x="391.03" y="598.35" angle="90.00" type="DEFAULT_VEHTYPE" speed="2.22" pos="186.28" lane="1/3to2/3_0" slope="0.00"/>
        <vehicle id="18" x="201.65" y="504.28" angle="180.00" type="DEFAULT_VEHTYPE" speed="13.07" pos="99.53" lane="1/2to1/3_0" slope="0.00"/>
        <vehicle id="21" x="201.65" y="378.42" angle="180.00" type="DEFAULT_VEHTYPE" speed="13.05" pos="173.67" lane="1/1to1/2_0" slope="0.00"/>
        <vehicle id="22" x="505.94" y="401.65" angle="-90.00" type="DEFAULT_VEHTYPE" speed="13.45" pos="89.31" lane="3/2to2/2_0" slope="0.00"/>
        <vehicle id="24" x="398.35" y="399.99" angle="0.00" type="DEFAULT_VEHTYPE" speed="13.08" pos="4.76" lane=":2/2_1_0" slope="0.00"/>
        <vehicle id="26" x="325.54" y="401.65" angle="-90.00" type="DEFAULT_VEHTYPE" speed="13.84" pos="69.71" lane="2/2to1/2_0" slope="0.00"/>
        <vehicle id="28" x="304.96" y="598.35" angle="90.00" type="DEFAULT_VEHTYPE" speed="13.54" pos="100.21" lane="1/3to2/3_0" slope="0.00"/>
        <vehicle id="32" x="398.35" y="769.11" angle="0.00" type="DEFAULT_VEHTYPE" speed="13.60" pos="30.89" lane="2/4to2/3_0" slope="0.00"/>
        <vehicle id="35" x="201.65" y="301.50" angle="180.00" type="DEFAULT_VEHTYPE" speed="13.43" pos="96.75" lane="1/1to1/2_0" slope="0.00"/>
        <vehicle id="37" x="601.65" y="253.08" angle="180.00" type="DEFAULT_VEHTYPE" speed="12.75" pos="48.33" lane="3/1to3/2_0" slope="0.00"/>
        <vehicle id="38" x="601.65" y="396.30" angle="180.00" type="DEFAULT_VEHTYPE" speed="13.34" pos="1.05" lane=":3/2_9_0" slope="0.00"/>
        <vehicle id="41" x="401.65" y="764.20" angle="180.00" type="DEFAULT_VEHTYPE" speed="13.49" pos="159.45" lane="2/3to2/4_0" slope="0.00"/>
        <vehicle id="44" x="398.35" y="513.00" angle="0.00" type="DEFAULT_VEHTYPE" speed="13.32" pos="82.25" lane="2/3to2/2_0" slope="0.00"/>
        <vehicle id="48" x="398.35" y="617.55" angle="0.00" type="DEFAULT_VEHTYPE" speed="12.93" pos="182.45" lane="2/4to2/3_0" slope="0.00"/>
        <vehicle id="5" x="216.79" y="201.65" angle="-90.00" type="DEFAULT_VEHTYPE" speed="8.88" pos="178.46" lane="2/1to1/1_0" slope="0.00"/>
        <vehicle id="7" x="401.65" y="714.32" angle="180.00" type="DEFAULT_VEHTYPE" speed="13.50" pos="109.57" lane="2/3to2/4_0" slope="0.00"/>
        <vehicle id="8" x="138.54" y="398.35" angle="90.00" type="DEFAULT_VEHTYPE" speed="12.84" pos="138.54" lane="0/2to1/2_0" slope="0.00"/>
    </timestep>
    <timestep time="294.00">
        <vehicle id="0" x="201.65" y="427.20" angle="180.00" type="DEFAULT_VEHTYPE" speed="12.51" pos="22.45" lane="1/2to1/3_0" slope="0.00"/>
        <vehicle id="1" x="499.00" y="198.35" angle="90.00" type="DEFAULT_VEHTYPE" speed="13.17" pos="94.25" lane="2/1to3/1_0" slope="0.00"/>
        <vehicle id="17" x="392.04" y="598.35" angle="90.00" type="DEFAULT_VEHTYPE" speed="1.01" pos="187.29" lane="1/3to2/3_0" slope="0.00"/>
        <vehicle id="18" x="201.65" y="517.66" angle="180.00" type="DEFAULT_VEHTYPE" speed="13.38" pos="112.91" lane="1/2to1/3_0" slope="0.00"/>
        <vehicle id="21" x="201.65" y="391.92" angle="180.00" type="DEFAULT_VEHTYPE" speed="13.50" pos="187.17" lane="1/1to1/2_0" slope="0.00"/>
        <vehicle id="22" x="492.51" y="401.65" angle="-90.00" type="DEFAULT_VEHTYPE" speed="13.43" pos="102.74" lane="3/2to2/2_0" slope="0.00"/>
        <vehicle id="24" x="398.35" y="386.86" angle="0.00" type="DEFAULT_VEHTYPE" speed="13.13" pos="8.39" lane="2/2to2/1_0" slope="0.00"/>
        <vehicle id="26" x="312.73" y="401.65" angle="-90.00" type="DEFAULT_VEHTYPE" speed="12.82" pos="82.52" lane="2/2to1/2_0" slope="0.00"/>
        <vehicle id="28" x="318.75" y="598.35" angle="90.00" type="DEFAULT_VEHTYPE" speed="13.79" pos="114.00" lane="1/3to2/3_0" slope="0.00"/>
        <vehicle id="32" x="398.35" y="756.40" angle="0.00" type="DEFAULT_VEHTYPE" speed="12.71" pos="43.60" lane="2/4to2/3_0" slope="0.00"/>
        <vehicle id="35" x="201.65" y="314.29" angle="180.00" type="DEFAULT_VEHTYPE" speed="12.78" pos="109.54" lane="1/1to1/2_0" slope="0.00"/>
        <vehicle id="37" x="601.65" y="266.67" angle="180.00" type="DEFAULT_VEHTYPE" speed="13.59" pos="61.92" lane="3/1to3/2_0" slope="0.00"/>
        <vehicle id="38" x="601.65" y="409.95" angle="180.00" type="DEFAULT_VEHTYPE" speed="13.65" pos="5.20" lane="3/2to3/3_0" slope="0.00"/>
        <vehicle id="41" x="401.65" y="777.58" angle="180.00" type="DEFAULT_VEHTYPE" speed="13.38" pos="172.83" lane="2/3to2/4_0" slope="0.00"/>
        <vehicle id="44" x="398.35" y="500.29" angle="0.00" type="DEFAULT_VEHTYPE" speed="12.71" pos="94.96" lane="2/3to2/2_0" slope="0.00"/>
        <vehicle id="48" x="398.35" y="604.37" angle="0.00" type="DEFAULT_VEHTYPE" speed="13.18" pos="0.38" lane=":2/3_1_0" slope="0.00"/>
        <vehicle id="5" x="211.47" y="201.65" angle="-90.00" type="DEFAULT_VEHTYPE" speed="5.32" pos="183.78" lane="2/1to1/1_0" slope="0.00"/>
        <vehicle id="7" x="401.65" y="727.07" angle="180.00" type="DEFAULT_VEHTYPE" speed="12.75" pos="122.32" lane="2/3to2/4_0" slope="0.00"/>
        <vehicle id="8" x="151.15" y="398.35" angle="90.00" type="DEFAULT_VEHTYPE" speed="12.62" pos="151.15" lane="0/2to1/2_0" slope="0.00"/>
    </timestep>
    <timestep time="295.00">
        <vehicle id="0" x="201.65" y="440.10" angle="180.00" type="DEFAULT_VEHTYPE" speed="12.91" pos="35.35" lane="1/2to1/3_0" slope="0.00"/>
        <vehicle id="1" x="512.48" y="198.35" angle="90.00" type="DEFAULT_VEHTYPE" speed="13.48" pos="107.73" lane="2/1to3/1_0" slope="0.00"/>
        <vehicle id="17" x="392.40" y="598.35" angle="90.00" type="DEFAULT_VEHTYPE" speed="0.36" pos="187.65" lane="1/3to2/3_0" slope="0.00"/>
        <vehicle id="18" x="201.65" y="530.30" angle="180.00" type="DEFAULT_VEHTYPE" speed="12.64" pos="125.55" lane="1/2to1/3_0" slope="0.00"/>
        <vehicle id="21" x="201.65" y="404.81" angle="180.00" type="DEFAULT_VEHTYPE" speed="12.89" pos="0.06" lane="1/2to1/3_0" slope="0.00"/>
        <vehicle id="22" x="479.90" y="401.65" angle="-90.00" type="DEFAULT_VEHTYPE" speed="12.61" pos="115.35" lane="3/2to2/2_0" slope="0.00"/>
        <vehicle id="24" x="398.35" y="373.15" angle="0.00" type="DEFAULT_VEHTYPE" speed="13.71" pos="22.10" lane="2/2to2/1_0" slope="0.00"/>
        <vehicle id="26" x="299.03" y="401.65" angle="-90.00" type="DEFAULT_VEHTYPE" speed="13.70" pos="96.22" lane="2/2to1/2_0" slope="0.00"/>
        <vehicle id="28" x="331.91" y="598.35" angle="90.00" type="DEFAULT_VEHTYPE" speed="13.15" pos="127.16" lane="1/3to2/3_0" slope="0.00"/>
        <vehicle id="32" x="398.35" y="743.67" angle="0.00" type="DEFAULT_VEHTYPE" speed="12.73" pos="56.33" lane="2/4to2/3_0" slope="0.00"/>
        <vehicle id="35" x="201.65" y="327.03" angle="180.00" type="DEFAULT_VEHTYPE" speed="12.74" pos="122.28" lane="1/1to1/2_0" slope="0.00"/>
        <vehicle id="37" x="601.65" y="279.39" angle="180.00" type="DEFAULT_VEHTYPE" speed="12.72" pos="74.64" lane="3/1to3/2_0" slope="0.00"/>
        <vehicle id="38" x="601.65" y="423.36" angle="180.00" type="DEFAULT_VEHTYPE" speed="13.41" pos="18.61" lane="3/2to3/3_0" slope="0.00"/>
        <vehicle id="41" x="401.65" y="791.38" angle="180.00" type="DEFAULT_VEHTYPE" speed="13.80" pos="186.63" lane="2/3to2/4_0" slope="0.00"/>
        <vehicle id="44" x="398.35" y="486.54" angle="0.00" type="DEFAULT_VEHTYPE" speed="13.75" pos="108.71" lane="2/3to2/2_0" slope="0.00"/>
        <vehicle id="48" x="398.35" y="590.53" angle="0.00" type="DEFAULT_VEHTYPE" speed="13.84" pos="4.72" lane="2/3to2/2_0" slope="0.00"/>
        <vehicle id="5" x="204.40" y="201.70" angle="-90.56" type="DEFAULT_VEHTYPE" speed="7.07" pos="0.35" lane=":1/1_4_0" slope="0.00"/>
        <vehicle id="7" x="401.65" y="740.27" angle="180.00" type="DEFAULT_VEHTYPE" speed="13.20" pos="135.52" lane="2/3to2/4_0" slope="0.00"/>
        <vehicle id="8" x="164.73" y="398.35" angle="90.00" type="DEFAULT_VEHTYPE" speed="13.57" pos="164.73" lane="0/2to1/2_0" slope="0.00"/>
    </timestep>
    <timestep time="296.00">
        <vehicle id="0" x="201.65" y="452.78" angle="180.00" type="DEFAULT_VEHTYPE" speed="12.67" pos="48.03" lane="1/2to1/3_0" slope="0.00"/>
        <vehicle id="1" x="526.32" y="198.35" angle="90.00" type="DEFAULT_VEHTYPE" speed="13.84" pos="121.57" lane="2/1to3/1_0" slope="0.00"/>
        <vehicle id="17" x="394.96" y="598.35" angle="90.00" type="DEFAULT_VEHTYPE" speed="2.56" pos="190.21" lane="1/3to2/3_0" slope="0.00"/>
        <vehicle id="18" x="201.65" y="543.73" angle="180.00" type="DEFAULT_VEHTYPE" speed="13.43" pos="138.98" lane="1/2to1/3_0" slope="0.00"/>
        <vehicle id="21" x="201.65" y="418.50" angle="180.00" type="DEFAULT_VEHTYPE" speed="13.69" pos="13.75" lane="1/2to1/3_0" slope="0.00"/>
        <vehicle id="22" x="467.12" y="401.65" angle="-90.00" type="DEFAULT_VEHTYPE" speed="12.78" pos="128.13" lane="3/2to2/2_0" slope="0.00"/>
        <vehicle id="24" x="398.35" y="360.40" angle="0.00" type="DEFAULT_VEHTYPE" speed="12.75" pos="34.85" lane="2/2to2/1_0" slope="0.00"/>
        <vehicle id="26" x="285.89" y="401.65" angle="-90.00" type="DEFAULT_VEHTYPE" speed="13.14" pos="109.36" lane="2/2to1/2_0" slope="0.00"/>
        <vehicle id="28" x="345.51" y="598.35" angle="90.00" type="DEFAULT_VEHTYPE" speed="13.60" pos="140.76" lane="1/3to2/3_0" slope="0.00"/>
        <vehicle id="32" x="398.35" y="730.42" angle="0.00" type="DEFAULT_VEHTYPE" speed="13.25" pos="69.58" lane="2/4to2/3_0" slope="0.00"/>
        <vehicle id="35" x="201.65" y="340.80" angle="180.00" type="DEFAULT_VEHTYPE" speed="13.77" pos="136.05" lane="1/1to1/2_0" slope="0.00"/>
        <vehicle id="37" x="601.65" y="292.06" angle="180.00" type="DEFAULT_VEHTYPE" speed="12.67" pos="87.31" lane="3/1to3/2_0" slope="0.00"/>
        <vehicle id="38" x="601.65" y="436.83" angle="180.00" type="DEFAULT_VEHTYPE" speed="13.47" pos="32.08" lane="3/2to3/3_0" slope="0.00"/>
        <vehicle id="41" x="398.76" y="800.61" angle="-117.92" type="DEFAULT_VEHTYPE" speed="12.70" pos="4.08" lane=":2/4_0_0" slope="0.00"/>
        <vehicle id="44" x="398.35" y="472.99" angle="0.00" type="DEFAULT_VEHTYPE" speed="13.56" pos="122.26" lane="2/3to2/2_0" slope="0.00"/>
        <vehicle id="48" x="398.35" y="576.65" angle="0.00" type="DEFAULT_VEHTYPE" speed="13.88" pos="18.60" lane="2/3to2/2_0" slope="0.00"/>
        <vehicle id="5" x="201.65" y="209.52" angle="-179.64" type="DEFAULT_VEHTYPE" speed="9.42" pos="4.77" lane="1/1to1/2_0" slope="0.00"/>
        <vehicle id="7" x="401.65" y="753.44" angle="180.00" type="DEFAULT_VEHTYPE" speed="13.17" pos="148.69" lane="2/3to2/4_0" slope="0.00"/>
        <vehicle id="8" x="175.56" y="398.35" angle="90.00" type="DEFAULT_VEHTYPE" speed="10.83" pos="175.56" lane="0/2to1/2_0" slope="0.00"/>
    </timestep>
    <timestep time="297.00">
        <vehicle id="0" x="201.65" y="466.08" angle="180.00" type="DEFAULT_VEHTYPE" speed="13.30" pos="61.33" lane="1/2to1/3_0" slope="0.00"/>
        <vehicle id="1" x="540.15" y="198.35" angle="90.00" type="DEFAULT_VEHTYPE" speed="13.83" pos="135.40" lane="2/1to3/1_0" slope="0.00"/>
        <vehicle id="17" x="398.98" y="599.31" angle="101.25" type="DEFAULT_VEHTYPE" speed="4.20" pos="3.91" lane=":2/3_14_0" slope="0.00"/>
        <vehicle id="18" x="201.65" y="557.40" angle="180.00" type="DEFAULT_VEHTYPE" speed="13.66" pos="152.65" lane="1/2to1/3_0" slope="0.00"/>
        <vehicle id="21" x="201.65" y="431.32" angle="180.00" type="DEFAULT_VEHTYPE" speed="12.82" pos="26.57" lane="1/2to1/3_0" slope="0.00"/>
        <vehicle id="22" x="453.83" y="401.65" angle="-90.00" type="DEFAULT_VEHTYPE" speed="13.28" pos="141.42" lane="3/2to2/2_0" slope="0.00"/>
        <vehicle id="24" x="398.35" y="347.59" angle="0.00" type="DEFAULT_VEHTYPE" speed="12.81" pos="47.66" lane="2/2to2/1_0" slope="0.00"/>
        <vehicle id="26" x="273.07" y="401.65" angle="-90.00" type="DEFAULT_VEHTYPE" speed="12.82" pos="122.18" lane="2/2to1/2_0" slope="0.00"/>
        <vehicle id="28" x="359.40" y="598.35" angle="90.00" type="DEFAULT_VEHTYPE" speed="13.89" pos="154.65" lane="1/3to2/3_0" slope="0.00"/>
        <vehicle id="32" x="398.35" y="716.72" angle="0.00" type="DEFAULT_VEHTYPE" speed="13.70" pos="83.28" lane="2/4to2/3_0" slope="0.00"/>
        <vehicle id="35" x="201.65" y="354.11" angle="180.00" type="DEFAULT_VEHTYPE" speed="13.31" pos="149.36" lane="1/1to1/2_0" slope="0.00"/>
        <vehicle id="37" x="601.65" y="305.17" angle="180.00" type="DEFAULT_VEHTYPE" speed="13.10" pos="100.42" lane="3/1to3/2_0" slope="0.00"/>
        <vehicle id="38" x="601.65" y="450.48" angle="180.00" type="DEFAULT_VEHTYPE" speed="13.65" pos="45.73" lane="3/2to3/3_0" slope="0.00"/>
        <vehicle id="41" x="398.35" y="787.35" angle="0.00" type="DEFAULT_VEHTYPE" speed="13.38" pos="12.65" lane="2/4to2/3_0" slope="0.00"/>
        <vehicle id="44" x="398.35" y="460.19" angle="0.00" type="DEFAULT_VEHTYPE" speed="12.80" pos="135.06" lane="2/3to2/2_0" slope="0.00"/>
        <vehicle id="48" x="398.35" y="563.10" angle="0.00" type="DEFAULT_VEHTYPE" speed="13.55" pos="32.15" lane="2/3to2/2_0" slope="0.00"/>
        <vehicle id="5" x="201.65" y="221.29" angle="180.00" type="DEFAULT_VEHTYPE" speed="11.77" pos="16.54" lane="1/1to1/2_0" slope="0.00"/>
        <vehicle id="7" x="401.65" y="766.63" angle="180.00" type="DEFAULT_VEHTYPE" speed="13.19" pos="161.88" lane="2/3to2/4_0" slope="0.00"/>
        <vehicle id="8" x="183.93" y="398.35" angle="90.00" type="DEFAULT_VEHTYPE" speed="8.37" pos="183.93" lane="0/2to1/2_0" slope="0.00"/>
    </timestep>
    <timestep time="298.00">
        <vehicle id="0" x="201.65" y="479.77" angle="180.00" type="DEFAULT_VEHTYPE" speed="13.70" pos="75.02" lane="1/2to1/3_0" slope="0.00"/>
        <vehicle id="1" x="553.67" y="198.35" angle="90.00" type="DEFAULT_VEHTYPE" speed="13.52" pos="148.92" lane="2/1to3/1_0" slope="0.00"/>
        <vehicle id="17" x="401.65" y="604.94" angle="163.17" type="DEFAULT_VEHTYPE" speed="6.60" pos="0.19" lane="2/3to2/4_0" slope="0.00"/>
        <vehicle id="18" x="201.65" y="571.19" angle="180.00" type="DEFAULT_VEHTYPE" speed="13.79" pos="166.44" lane="1/2to1/3_0" slope="0.00"/>
        <vehicle id="21" x="201.65" y="444.88" angle="180.00" type="DEFAULT_VEHTYPE" speed="13.57" pos="40.13" lane="1/2to1/3_0" slope="0.00"/>
        <vehicle id="22" x="441.08" y="401.65" angle="-90.00" type="DEFAULT_VEHTYPE" speed="12.76" pos="154.17" lane="3/2to2/2_0" slope="0.00"/>
        <vehicle id="24" x="398.35" y="334.91" angle="0.00" type="DEFAULT_VEHTYPE" speed="12.67" pos="60.34" lane="2/2to2/1_0" slope="0.00"/>
        <vehicle id="26" x="259.96" y="401.65" angle="-90.00" type="DEFAULT_VEHTYPE" speed="13.12" pos="135.29" lane="2/2to1/2_0" slope="0.00"/>
        <vehicle id="28" x="371.28" y="598.35" angle="90.00" type="DEFAULT_VEHTYPE" speed="11.88" pos="166.53" lane="1/3to2/3_0" slope="0.00"/>
        <vehicle id="32" x="398.35" y="703.26" angle="0.00" type="DEFAULT_VEHTYPE" speed="13.47" pos="96.74" lane="2/4to2/3_0" slope="0.00"/>
        <vehicle id="35" x="201.65" y="366.89" angle="180.00" type="DEFAULT_VEHTYPE" speed="12.79" pos="162.14" lane="1/1to1/2_0" slope="0.00"/>
        <vehicle id="37" x="601.65" y="318.58" angle="180.00" type="DEFAULT_VEHTYPE" speed="13.41" pos="113.83" lane="3/1to3/2_0" slope="0.00"/>
        <vehicle id="38" x="601.65" y="463.63" angle="180.00" type="DEFAULT_VEHTYPE" speed="13.15" pos="58.88" lane="3/2to3/3_0" slope="0.00"/>
        <vehicle id="41" x="398.35" y="773.65" angle="0.00" type="DEFAULT_VEHTYPE" speed="13.71" pos="26.35" lane="2/4to2/3_0" slope="0.00"/>
        <vehicle id="44" x="398.35" y="447.45" angle="0.00" type="DEFAULT_VEHTYPE" speed="12.74" pos="147.80" lane="2/3to2/2_0" slope="0.00"/>
        <vehicle id="48" x="398.35" y="549.45" angle="0.00" type="DEFAULT_VEHTYPE" speed="13.65" pos="45.80" lane="2/3to2/2_0" slope="0.00"/>
        <vehicle id="5" x="201.65" y="234.08" angle="180.00" type="DEFAULT_VEHTYPE" speed="12.79" pos="29.33" lane="1/1to1/2_0" slope="0.00"/>
        <vehicle id="7" x="401.65" y="780.01" angle="180.00" type="DEFAULT_VEHTYPE" speed="13.38" pos="175.26" lane="2/3to2/4_0" slope="0.00"/>
        <vehicle id="8" x="189.25" y="398.35" angle="90.00" type="DEFAULT_VEHTYPE" speed="5.31" pos="189.25" lane="0/2to1/2_0" slope="0.00"/>
    </timestep>
    <timestep time="299.00">
        <vehicle id="0" x="201.65" y="492.68" angle="180.00" type="DEFAULT_VEHTYPE" speed="12.90" pos="87.93" lane="1/2to1/3_0" slope="0.00"/>
        <vehicle id="1" x="567.45" y="198.35" angle="90.00" type="DEFAULT_VEHTYPE" speed="13.78" pos="162.70" lane="2/1to3/1_0" slope="0.00"/>
        <vehicle id="17" x="401.65" y="613.72" angle="180.00" type="DEFAULT_VEHTYPE" speed="8.78" pos="8.97" lane="2/3to2/4_0" slope="0.00"/>
        <vehicle id="18" x="201.65" y="584.18" angle="180.00" type="DEFAULT_VEHTYPE" speed="12.99" pos="179.43" lane="1/2to1/3_0" slope="0.00"/>
        <vehicle id="21" x="201.65" y="458.12" angle="180.00" type="DEFAULT_VEHTYPE" speed="13.24" pos="53.37" lane="1/2to1/3_0" slope="0.00"/>
        <vehicle id="22" x="427.57" y="401.65" angle="-90.00" type="DEFAULT_VEHTYPE" speed="13.51" pos="167.68" lane="3/2to2/2_0" slope="0.00"/>
        <vehicle id="24" x="398.35" y="321.14" angle="0.00" type="DEFAULT_VEHTYPE" speed="13.77" pos="74.11" lane="2/2to2/1_0" slope="0.00"/>
        <vehicle id="26" x="246.34" y="401.65" angle="-90.00" type="DEFAULT_VEHTYPE" speed="13.62" pos="148.91" lane="2/2to1/2_0" slope="0.00"/>
        <vehicle id="28" x="381.11" y="598.35" angle="90.00" type="DEFAULT_VEHTYPE" speed="9.83" pos="176.36" lane="1/3to2/3_0" slope="0.00"/>
        <vehicle id="32" x="398.35" y="689.66" angle="0.00" type="DEFAULT_VEHTYPE" speed="13.59" pos="110.34" lane="2/4to2/3_0" slope="0.00"/>
        <vehicle id="35" x="201.65" y="380.46" angle="180.00" type="DEFAULT_VEHTYPE" speed="13.57" pos="175.71" lane="1/1to1/2_0" slope="0.00"/>
        <vehicle id="37" x="601.65" y="332.25" angle="180.00" type="DEFAULT_VEHTYPE" speed="13.67" pos="127.50" lane="3/1to3/2_0" slope="0.00"/>
        <vehicle id="38" x="601.65" y="476.23" angle="180.00" type="DEFAULT_VEHTYPE" speed="12.60" pos="71.48" lane="3/2to3/3_0" slope="0.00"/>
        <vehicle id="41" x="398.35" y="760.37" angle="0.00" type="DEFAULT_VEHTYPE" speed="13.28" pos="39.63" lane="2/4to2/3_0" slope="0.00"/>
        <vehicle id="44" x="398.35" y="433.63" angle="0.00" type="DEFAULT_VEHTYPE" speed="13.82" pos="161.62" lane="2/3to2/2_0" slope="0.00"/>
        <vehicle id="48" x="398.35" y="535.70" angle="0.00" type="DEFAULT_VEHTYPE" speed="13.75" pos="59.55" lane="2/3to2/2_0" slope="0.00"/>
        <vehicle id="5" x="201.65" y="246.70" angle="180.00" type="DEFAULT_VEHTYPE" speed="12.61" pos="41.95" lane="1/1to1/2_0" slope="0.00"/>
        <vehicle id="7" x="401.65" y="793.85" angle="180.00" type="DEFAULT_VEHTYPE" speed="13.84" pos="189.10" lane="2/3to2/4_0" slope="0.00"/>
        <vehicle id="8" x="191.46" y="398.35" angle="90.00" type="DEFAULT_VEHTYPE" speed="2.21" pos="191.46" lane="0/2to1/2_0" slope="0.00"/>
    </timestep>
    <timestep time="300.00">
        <vehicle id="0" x="201.65" y="506.47" angle="180.00" type="DEFAULT_VEHTYPE" speed="13.79" pos="101.72" lane="1/2to1/3_0" slope="0.00"/>
        <vehicle id="1" x="578.04" y="198.35" angle="90.00" type="DEFAULT_VEHTYPE" speed="10.60" pos="173.29" lane="2/1to3/1_0" slope="0.00"/>
        <vehicle id="17" x="401.65" y="624.93" angle="180.00" type="DEFAULT_VEHTYPE" speed="11.20" pos="20.18" lane="2/3to2/4_0" slope="0.00"/>
        <vehicle id="18" x="202.29" y="597.34" angle="172.55" type="DEFAULT_VEHTYPE" speed="13.30" pos="2.23" lane=":1/3_8_0" slope="0.00"/>
        <vehicle id="21" x="201.65" y="471.22" angle="180.00" type="DEFAULT_VEHTYPE" speed="13.09" pos="66.47" lane="1/2to1/3_0" slope="0.00"/>
        <vehicle id="22" x="418.56" y="401.65" angle="-90.00" type="DEFAULT_VEHTYPE" speed="9.01" pos="176.69" lane="3/2to2/2_0" slope="0.00"/>
        <vehicle id="24" x="398.35" y="308.43" angle="0.00" type="DEFAULT_VEHTYPE" speed="12.71" pos="86.82" lane="2/2to2/1_0" slope="0.00"/>
        <vehicle id="26" x="232.96" y="401.65" angle="-90.00" type="DEFAULT_VEHTYPE" speed="13.38" pos="162.29" lane="2/2to1/2_0" slope="0.00"/>
        <vehicle id="28" x="386.69" y="598.35" angle="90.00" type="DEFAULT_VEHTYPE" speed="5.58" pos="181.94" lane="1/3to2/3_0" slope="0.00"/>
        <vehicle id="32" x="398.35" y="676.94" angle="0.00" type="DEFAULT_VEHTYPE" speed="12.73" pos="123.06" lane="2/4to2/3_0" slope="0.00"/>
        <vehicle id="35" x="201.65" y="393.49" angle="180.00" type="DEFAULT_VEHTYPE" speed="13.03" pos="188.74" lane="1/1to1/2_0" slope="0.00"/>
        <vehicle id="37" x="601.65" y="345.22" angle="180.00" type="DEFAULT_VEHTYPE" speed="12.97" pos="140.47" lane="3/1to3/2_0" slope="0.00"/>
        <vehicle id="38" x="601.65" y="489.68" angle="180.00" type="DEFAULT_VEHTYPE" speed="13.45" pos="84.93" lane="3/2to3/3_0" slope="0.00"/>
        <vehicle id="41" x="398.35" y="746.94" angle="0.00" type="DEFAULT_VEHTYPE" speed="13.43" pos="53.06" lane="2/4to2/3_0" slope="0.00"/>
        <vehicle id="44" x="398.35" y="420.28" angle="0.00" type="DEFAULT_VEHTYPE" speed="13.35" pos="174.97" lane="2/3to2/2_0" slope="0.00"/>
        <vehicle id="48" x="398.35" y="521.96" angle="0.00" type="DEFAULT_VEHTYPE" speed="13.74" pos="73.29" lane="2/3to2/2_0" slope="0.00"/>
        <vehicle id="5" x="201.65" y="260.45" angle="180.00" type="DEFAULT_VEHTYPE" speed="13.75" pos="55.70" lane="1/1to1/2_0" slope="0.00"/>
        <vehicle id="7" x="398.35" y="798.27" angle="-39.00" type="DEFAULT_VEHTYPE" speed="12.70" pos="1.73" lane="2/4to2/3_0" slope="0.00"/>
        <vehicle id="8" x="192.36" y="398.35" angle="90.00" type="DEFAULT_VEHTYPE" speed="0.90" pos="192.36" lane="0/2to1/2_0" slope="0.00"/>
    </timestep>
    <timestep time="301.00">
        <vehicle id="0" x="201.65" y="519.49" angle="180.00" type="DEFAULT_VEHTYPE" speed="13.02" pos="114.74" lane="1/2to1/3_0" slope="0.00"/>
        <vehicle id="1" x="585.02" y="198.35" angle="90.00" type="DEFAULT_VEHTYPE" speed="6.98" pos="180.27" lane="2/1to3/1_0" slope="0.00"/>
        <vehicle id="17" x="401.65" y="638.58" angle="180.00" type="DEFAULT_VEHTYPE" speed="13.65" pos="33.83" lane="2/3to2/4_0" slope="0.00"/>
        <vehicle id="18" x="215.18" y="598.35" angle="90.00" type="DEFAULT_VEHTYPE" speed="13.20" pos="10.43" lane="1/3to2/3_0" slope="0.00"/>
        <vehicle id="21" x="201.65" y="484.28" angle="180.00" type="DEFAULT_VEHTYPE" speed="13.06" pos="79.53" lane="1/2to1/3_0" slope="0.00"/>
        <vehicle id="22" x="412.18" y="401.65" angle="-90.00" type="DEFAULT_VEHTYPE" speed="6.38" pos="183.07" lane="3/2to2/2_0" slope="0.00"/>
        <vehicle id="24" x="398.35" y="295.44" angle="0.00" type="DEFAULT_VEHTYPE" speed="12.99" pos="99.81" lane="2/2to2/1_0" slope="0.00"/>
        <vehicle id="26" x="221.82" y="401.65" angle="-90.00" type="DEFAULT_VEHTYPE" speed="11.13" pos="173.43" lane="2/2to1/2_0" slope="0.00"/>
        <vehicle id="28" x="390.14" y="598.35" angle="90.00" type="DEFAULT_VEHTYPE" speed="3.45" pos="185.39" lane="1/3to2/3_0" slope="0.00"/>
        <vehicle id="32" x="398.35" y="664.28" angle="0.00" type="DEFAULT_VEHTYPE" speed="12.66" pos="135.72" lane="2/4to2/3_0" slope="0.00"/>
        <vehicle id="35" x="201.65" y="406.22" angle="180.00" type="DEFAULT_VEHTYPE" speed="12.73" pos="1.47" lane="1/2to1/3_0" slope="0.00"/>
        <vehicle id="37" x="601.65" y="358.69" angle="180.00" type="DEFAULT_VEHTYPE" speed="13.47" pos="153.94" lane="3/1to3/2_0" slope="0.00"/>
        <vehicle id="38" x="601.65" y="503.14" angle="180.00" type="DEFAULT_VEHTYPE" speed="13.46" pos="98.39" lane="3/2to3/3_0" slope="0.00"/>
        <vehicle id="41" x="398.35" y="733.39" angle="0.00" type="DEFAULT_VEHTYPE" speed="13.55" pos="66.61" lane="2/4to2/3_0" slope="0.00"/>
        <vehicle id="44" x="398.35" y="407.18" angle="0.00" type="DEFAULT_VEHTYPE" speed="13.10" pos="188.07" lane="2/3to2/2_0" slope="0.00"/>
        <vehicle id="48" x="398.35" y="508.28" angle="0.00" type="DEFAULT_VEHTYPE" speed="13.68" pos="86.97" lane="2/3to2/2_0" slope="0.00"/>
        <vehicle id="5" x="201.65" y="273.54" angle="180.00" type="DEFAULT_VEHTYPE" speed="13.09" pos="68.79" lane="1/1to1/2_0" slope="0.00"/>
        <vehicle id="7" x="398.35" y="785.31" angle="0.00" type="DEFAULT_VEHTYPE" speed="12.97" pos="14.69" lane="2/4to2/3_0" slope="0.00"/>
        <vehicle id="8" x="192.62" y="398.35" angle="90.00" type="DEFAULT_VEHTYPE" speed="0.26" pos="192.62" lane="0/2to1/2_0" slope="0.00"/>
    </timestep>
    <timestep time="302.00">
        <vehicle id="0" x="201.65" y="532.58" angle="180.00" type="DEFAULT_VEHTYPE" speed="13.10" pos="127.83" lane="1/2to1/3_0" slope="0.00"/>
        <vehicle id="1" x="589.49" y="198.35" angle="90.00" type="DEFAULT_VEHTYPE" speed="4.47" pos="184.74" lane="2/1to3/1_0" slope="0.00"/>
        <vehicle id="17" x="401.65" y="651.96" angle="180.00" type="DEFAULT_VEHTYPE" speed="13.38" pos="47.21" lane="2/3to2/4_0" slope="0.00"/>
        <vehicle id="18" x="228.20" y="598.35" angle="90.00" type="DEFAULT_VEHTYPE" speed="13.02" pos="23.45" lane="1/3to2/3_0" slope="0.00"/>
        <vehicle id="21" x="201.65" y="497.64" angle="180.00" type="DEFAULT_VEHTYPE" speed="13.36" pos="92.89" lane="1/2to1/3_0" slope="0.00"/>
        <vehicle id="22" x="408.87" y="401.65" angle="-90.00" type="DEFAULT_VEHTYPE" speed="3.31" pos="186.38" lane="3/2to2/2_0" slope="0.00"/>
        <vehicle id="24" x="398.35" y="282.39" angle="0.00" type="DEFAULT_VEHTYPE" speed="13.05" pos="112.86" lane="2/2to2/1_0" slope="0.00"/>
        <vehicle id="26" x="215.01" y="401.65" angle="-90.00" type="DEFAULT_VEHTYPE" speed="6.81" pos="180.24" lane="2/2to1/2_0" slope="0.00"/>
        <vehicle id="28" x="395.62" y="598.40" angle="90.61" type="DEFAULT_VEHTYPE" speed="5.49" pos="0.37" lane=":2/3_14_0" slope="0.00"/>
        <vehicle id="32" x="398.35" y="651.19" angle="0.00" type="DEFAULT_VEHTYPE" speed="13.09" pos="148.81" lane="2/4to2/3_0" slope="0.00"/>
        <vehicle id="35" x="201.65" y="419.92" angle="180.00" type="DEFAULT_VEHTYPE" speed="13.71" pos="15.17" lane="1/2to1/3_0" slope="0.00"/>
        <vehicle id="37" x="601.65" y="371.61" angle="180.00" type="DEFAULT_VEHTYPE" speed="12.92" pos="166.86" lane="3/1to3/2_0" slope="0.00"/>
        <vehicle id="38" x="601.65" y="516.25" angle="180.00" type="DEFAULT_VEHTYPE" speed="13.12" pos="111.50" lane="3/2to3/3_0" slope="0.00"/>
        <vehicle id="41" x="398.35" y="720.28" angle="0.00" type="DEFAULT_VEHTYPE" speed="13.11" pos="79.72" lane="2/4to2/3_0" slope="0.00"/>
        <vehicle id="44" x="398.35" y="393.63" angle="0.00" type="DEFAULT_VEHTYPE" speed="13.55" pos="1.62" lane="2/2to2/1_0" slope="0.00"/>
        <vehicle id="48" x="398.35" y="495.16" angle="0.00" type="DEFAULT_VEHTYPE" speed="13.12" pos="100.09" lane="2/3to2/2_0" slope="0.00"/>
        <vehicle id="5" x="201.65" y="286.17" angle="180.00" type="DEFAULT_VEHTYPE" speed="12.63" pos="81.42" lane="1/1to1/2_0" slope="0.00"/>
        <vehicle id="7" x="398.35" y="771.93" angle="0.00" type="DEFAULT_VEHTYPE" speed="13.38" pos="28.07" lane="2/4to2/3_0" slope="0.00"/>
        <vehicle id="8" x="192.69" y="398.35" angle="90.00" type="DEFAULT_VEHTYPE" speed="0.07" pos="192.69" lane="0/2to1/2_0" slope="0.00"/>
    </timestep>
    <timestep time="303.00">
        <vehicle id="0" x="201.65" y="545.60" angle="180.00" type="DEFAULT_VEHTYPE" speed="13.02" pos="140.85" lane="1/2to1/3_0" slope="0.00"/>
        <vehicle id="1" x="595.83" y="198.43" angle="90.95" type="DEFAULT_VEHTYPE" speed="6.35" pos="0.59" lane=":3/1_14_0" slope="0.00"/>
        <vehicle id="17" x="401.65" y="665.40" angle="180.00" type="DEFAULT_VEHTYPE" speed="13.44" pos="60.65" lane="2/3to2/4_0" slope="0.00"/>
        <vehicle id="18" x="242.04" y="598.35" angle="90.00" type="DEFAULT_VEHTYPE" speed="13.85" pos="37.29" lane="1/3to2/3_0" slope="0.00"/>
        <vehicle id="21" x="201.65" y="510.94" angle="180.00" type="DEFAULT_VEHTYPE" speed="13.30" pos="106.19" lane="1/2to1/3_0" slope="0.00"/>
        <vehicle id="22" x="407.62" y="401.65" angle="-90.00" type="DEFAULT_VEHTYPE" speed="1.25" pos="187.63" lane="3/2to2/2_0" slope="0.00"/>
        <vehicle id="24" x="398.35" y="268.87" angle="0.00" type="DEFAULT_VEHTYPE" speed="13.52" pos="126.38" lane="2/2to2/1_0" slope="0.00"/>
        <vehicle id="26" x="211.28" y="401.65" angle="-90.00" type="DEFAULT_VEHTYPE" speed="3.73" pos="183.97" lane="2/2to1/2_0" slope="0.00"/>
        <vehicle id="28" x="401.26" y="602.05" angle="134.09" type="DEFAULT_VEHTYPE" speed="7.22" pos="7.60" lane=":2/3_14_0" slope="0.00"/>
        <vehicle id="32" x="398.35" y="638.11" angle="0.00" type="DEFAULT_VEHTYPE" speed="13.08" pos="161.89" lane="2/4to2/3_0" slope="0.00"/>
        <vehicle id="35" x="201.65" y="432.70" angle="180.00" type="DEFAULT_VEHTYPE" speed="12.77" pos="27.95" lane="1/2to1/3_0" slope="0.00"/>
        <vehicle id="37" x="601.65" y="380.55" angle="180.00" type="DEFAULT_VEHTYPE" speed="8.94" pos="175.80" lane="3/1to3/2_0" slope="0.00"/>
        <vehicle id="38" x="601.65" y="529.56" angle="180.00" type="DEFAULT_VEHTYPE" speed="13.30" pos="124.81" lane="3/2to3/3_0" slope="0.00"/>
        <vehicle id="41" x="398.35" y="707.20" angle="0.00" type="DEFAULT_VEHTYPE" speed="13.08" pos="92.80" lane="2/4to2/3_0" slope="0.00"/>
        <vehicle id="44" x="398.35" y="380.78" angle="0.00" type="DEFAULT_VEHTYPE" speed="12.85" pos="14.47" lane="2/2to2/1_0" slope="0.00"/>
        <vehicle id="48" x="398.35" y="482.06" angle="0.00" type="DEFAULT_VEHTYPE" speed="13.10" pos="113.19" lane="2/3to2/2_0" slope="0.00"/>
        <vehicle id="5" x="201.65" y="298.85" angle="180.00" type="DEFAULT_VEHTYPE" speed="12.69" pos="94.10" lane="1/1to1/2_0" slope="0.00"/>
        <vehicle id="7" x="398.35" y="758.18" angle="0.00" type="DEFAULT_VEHTYPE" speed="13.75" pos="41.82" lane="2/4to2/3_0" slope="0.00"/>
        <vehicle id="8" x="192.72" y="398.35" angle="90.00" type="DEFAULT_VEHTYPE" speed="0.03" pos="192.72" lane="0/2to1/2_0" slope="0.00"/>
    </timestep>
    <timestep time="304.00">
        <vehicle id="0" x="201.65" y="559.19" angle="180.00" type="DEFAULT_VEHTYPE" speed="13.59" pos="154.44" lane="1/2to1/3_0" slope="0.00"/>
        <vehicle id="1" x="601.46" y="203.44" angle="149.43" type="DEFAULT_VEHTYPE" speed="8.41" pos="8.99" lane=":3/1_14_0" slope="0.00"/>
        <vehicle id="17" x="401.65" y="678.27" angle="180.00" type="DEFAULT_VEHTYPE" speed="12.87" pos="73.52" lane="2/3to2/4_0" slope="0.00"/>
        <vehicle id="18" x="255.41" y="598.35" angle="90.00" type="DEFAULT_VEHTYPE" speed="13.37" pos="50.66" lane="1/3to2/3_0" slope="0.00"/>
        <vehicle id="21" x="201.65" y="523.86" angle="180.00" type="DEFAULT_VEHTYPE" speed="12.92" pos="119.11" lane="1/2to1/3_0" slope="0.00"/>
        <vehicle id="22" x="404.34" y="401.59" angle="-89.32" type="DEFAULT_VEHTYPE" speed="3.29" pos="0.42" lane=":2/2_6_0" slope="0.00"/>
        <vehicle id="24" x="398.35" y="255.40" angle="0.00" type="DEFAULT_VEHTYPE" speed="13.47" pos="139.85" lane="2/2to2/1_0" slope="0.00"/>
        <vehicle id="26" x="205.97" y="401.65" angle="-90.00" type="DEFAULT_VEHTYPE" speed="5.31" pos="189.28" lane="2/2to1/2_0" slope="0.00"/>
        <vehicle id="28" x="401.65" y="611.79" angle="180.00" type="DEFAULT_VEHTYPE" speed="9.76" pos="7.04" lane="2/3to2/4_0" slope="0.00"/>
        <vehicle id="32" x="398.35" y="625.20" angle="0.00" type="DEFAULT_VEHTYPE" speed="12.92" pos="174.80" lane="2/4to2/3_0" slope="0.00"/>
        <vehicle id="35" x="201.65" y="445.53" angle="180.00" type="DEFAULT_VEHTYPE" speed="12.83" pos="40.78" lane="1/2to1/3_0" slope="0.00"/>
        <vehicle id="37" x="601.65" y="386.99" angle="180.00" type="DEFAULT_VEHTYPE" speed="6.43" pos="182.24" lane="3/1to3/2_0" slope="0.00"/>
        <vehicle id="38" x="601.65" y="542.76" angle="180.00" type="DEFAULT_VEHTYPE" speed="13.20" pos="138.01" lane="3/2to3/3_0" slope="0.00"/>
        <vehicle id="41" x="398.35" y="693.48" angle="0.00" type="DEFAULT_VEHTYPE" speed="13.71" pos="106.52" lane="2/4to2/3_0" slope="0.00"/>
        <vehicle id="44" x="398.35" y="367.50" angle="0.00" type="DEFAULT_VEHTYPE" speed="13.28" pos="27.75" lane="2/2to2/1_0" slope="0.00"/>
        <vehicle id="48" x="398.35" y="469.12" angle="0.00" type="DEFAULT_VEHTYPE" speed="12.94" pos="126.13" lane="2/3to2/2_0" slope="0.00"/>
        <vehicle id="5" x="201.65" y="312.28" angle="180.00" type="DEFAULT_VEHTYPE" speed="13.43" pos="107.53" lane="1/1to1/2_0" slope="0.00"/>
        <vehicle id="7" x="398.35" y="744.42" angle="0.00" type="DEFAULT_VEHTYPE" speed="13.75" pos="55.58" lane="2/4to2/3_0" slope="0.00"/>
        <vehicle id="8" x="192.74" y="398.35" angle="90.00" type="DEFAULT_VEHTYPE" speed="0.02" pos="192.74" lane="0/2to1/2_0" slope="0.00"/>
    </timestep>
    <timestep time="305.00">
        <vehicle id="0" x="201.65" y="572.13" angle="180.00" type="DEFAULT_VEHTYPE" speed="12.95" pos="167.38" lane="1/2to1/3_0" slope="0.00"/>
        <vehicle id="1" x="601.65" y="213.93" angle="180.00" type="DEFAULT_VEHTYPE" speed="10.51" pos="9.18" lane="3/1to3/2_0" slope="0.00"/>
        <vehicle id="17" x="401.65" y="691.74" angle="180.00" type="DEFAULT_VEHTYPE" speed="13.47" pos="86.99" lane="2/3to2/4_0" slope="0.00"/>
        <vehicle id="18" x="269.28" y="598.35" angle="90.00" type="DEFAULT_VEHTYPE" speed="13.87" pos="64.53" lane="1/3to2/3_0" slope="0.00"/>
        <vehicle id="21" x="201.65" y="537.03" angle="180.00" type="DEFAULT_VEHTYPE" speed="13.17" pos="132.28" lane="1/2to1/3_0" slope="0.00"/>
        <vehicle id="22" x="399.63" y="399.51" angle="-65.00" type="DEFAULT_VEHTYPE" speed="5.37" pos="5.79" lane=":2/2_6_0" slope="0.00"/>
        <vehicle id="24" x="398.35" y="242.79" angle="0.00" type="DEFAULT_VEHTYPE" speed="12.61" pos="152.46" lane="2/2to2/1_0" slope="0.00"/>
        <vehicle id="26" x="198.66" y="401.65" angle="-90.00" type="DEFAULT_VEHTYPE" speed="7.31" pos="6.09" lane=":1/2_5_0" slope="0.00"/>
        <vehicle id="28" x="401.65" y="623.50" angle="180.00" type="DEFAULT_VEHTYPE" speed="11.71" pos="18.75" lane="2/3to2/4_0" slope="0.00"/>
        <vehicle id="32" x="398.35" y="612.51" angle="0.00" type="DEFAULT_VEHTYPE" speed="12.69" pos="187.49" lane="2/4to2/3_0" slope="0.00"/>
        <vehicle id="35" x="201.65" y="459.33" angle="180.00" type="DEFAULT_VEHTYPE" speed="13.80" pos="54.58" lane="1/2to1/3_0" slope="0.00"/>
        <vehicle id="37" x="601.65" y="390.93" angle="180.00" type="DEFAULT_VEHTYPE" speed="3.94" pos="186.18" lane="3/1to3/2_0" slope="0.00"/>
        <vehicle id="38" x="601.65" y="556.33" angle="180.00" type="DEFAULT_VEHTYPE" speed="13.57" pos="151.58" lane="3/2to3/3_0" slope="0.00"/>
        <vehicle id="41" x="398.35" y="679.73" angle="0.00" type="DEFAULT_VEHTYPE" speed="13.75" pos="120.27" lane="2/4to2/3_0" slope="0.00"/>
        <vehicle id="44" x="398.35" y="353.87" angle="0.00" type="DEFAULT_VEHTYPE" speed="13.63" pos="41.38" lane="2/2to2/1_0" slope="0.00"/>
        <vehicle id="48" x="398.35" y="455.25" angle="0.00" type="DEFAULT_VEHTYPE" speed="13.86" pos="140.00" lane="2/3to2/2_0" slope="0.00"/>
        <vehicle id="5" x="201.65" y="324.93" angle="180.00" type="DEFAULT_VEHTYPE" speed="12.65" pos="120.18" lane="1/1to1/2_0" slope="0.00"/>
        <vehicle id="7" x="398.35" y="731.55" angle="0.00" type="DEFAULT_VEHTYPE" speed="12.88" pos="68.45" lane="2/4to2/3_0" slope="0.00"/>
        <vehicle id="8" x="192.74" y="398.35" angle="90.00" type="DEFAULT_VEHTYPE" speed="0.00" pos="192.74" lane="0/2to1/2_0" slope="0.00"/>
    </timestep>
    <timestep time="306.00">
        <vehicle id="0" x="201.65" y="585.73" angle="180.00" type="DEFAULT_VEHTYPE" speed="13.59" pos="180.98" lane="1/2to1/3_0" slope="0.00"/>
        <vehicle id="1" x="601.65" y="226.26" angle="180.00" type="DEFAULT_VEHTYPE" speed="12.32" pos="21.51" lane="3/1to3/2_0" slope="0.00"/>
        <vehicle id="17" x="401.65" y="704.62" angle="180.00" type="DEFAULT_VEHTYPE" speed="12.88" pos="99.87" lane="2/3to2/4_0" slope="0.00"/>
        <vehicle id="18" x="282.04" y="598.35" angle="90.00" type="DEFAULT_VEHTYPE" speed="12.76" pos="77.29" lane="1/3to2/3_0" slope="0.00"/>
        <vehicle id="21" x="201.65" y="550.25" angle="180.00" type="DEFAULT_VEHTYPE" speed="13.22" pos="145.50" lane="1/2to1/3_0" slope="0.00"/>
        <vehicle id="22" x="398.35" y="392.71" angle="-4.00" type="DEFAULT_VEHTYPE" speed="7.07" pos="2.54" lane="2/2to2/1_0" slope="0.00"/>
        <vehicle id="24" x="398.35" y="229.84" angle="0.00" type="DEFAULT_VEHTYPE" speed="12.94" pos="165.41" lane="2/2to2/1_0" slope="0.00"/>
        <vehicle id="26" x="189.39" y="401.65" angle="-90.00" type="DEFAULT_VEHTYPE" speed="9.27" pos="5.86" lane="1/2to0/2_0" slope="0.00"/>
        <vehicle id="28" x="401.65" y="636.76" angle="180.00" type="DEFAULT_VEHTYPE" speed="13.26" pos="32.01" lane="2/3to2/4_0" slope="0.00"/>
        <vehicle id="32" x="398.35" y="599.74" angle="0.00" type="DEFAULT_VEHTYPE" speed="12.77" pos="5.01" lane=":2/3_1_0" slope="0.00"/>
        <vehicle id="35" x="201.65" y="472.64" angle="180.00" type="DEFAULT_VEHTYPE" speed="13.31" pos="67.89" lane="1/2to1/3_0" slope="0.00"/>
        <vehicle id="37" x="601.51" y="396.23" angle="-178.40" type="DEFAULT_VEHTYPE" speed="5.31" pos="0.99" lane=":3/2_10_0" slope="0.00"/>
        <vehicle id="38" x="601.65" y="569.10" angle="180.00" type="DEFAULT_VEHTYPE" speed="12.77" pos="164.35" lane="3/2to3/3_0" slope="0.00"/>
        <vehicle id="41" x="398.35" y="666.55" angle="0.00" type="DEFAULT_VEHTYPE" speed="13.18" pos="133.45" lane="2/4to2/3_0" slope="0.00"/>
        <vehicle id="44" x="398.35" y="340.47" angle="0.00" type="DEFAULT_VEHTYPE" speed="13.40" pos="54.78" lane="2/2to2/1_0" slope="0.00"/>
        <vehicle id="48" x="398.35" y="441.62" angle="0.00" type="DEFAULT_VEHTYPE" speed="13.63" pos="153.63" lane="2/3to2/2_0" slope="0.00"/>
        <vehicle id="5" x="201.65" y="338.23" angle="180.00" type="DEFAULT_VEHTYPE" speed="13.30" pos="133.48" lane="1/1to1/2_0" slope="0.00"/>
        <vehicle id="7" x="398.35" y="717.90" angle="0.00" type="DEFAULT_VEHTYPE" speed="13.65" pos="82.10" lane="2/4to2/3_0" slope="0.00"/>
        <vehicle id="8" x="192.74" y="398.35" angle="90.00" type="DEFAULT_VEHTYPE" speed="0.00" pos="192.74" lane="0/2to1/2_0" slope="0.00"/>
    </timestep>
    <timestep time="307.00">
        <vehicle id="0" x="203.38" y="598.15" angle="158.08" type="DEFAULT_VEHTYPE" speed="13.14" pos="3.61" lane=":1/3_8_0" slope="0.00"/>
        <vehicle id="1" x="601.65" y="239.85" angle="180.00" type="DEFAULT_VEHTYPE" speed="13.59" pos="35.10" lane="3/1to3/2_0" slope="0.00"/>
        <vehicle id="17" x="401.65" y="717.39" angle="180.00" type="DEFAULT_VEHTYPE" speed="12.77" pos="112.64" lane="2/3to2/4_0" slope="0.00"/>
        <vehicle id="18" x="295.88" y="598.35" angle="90.00" type="DEFAULT_VEHTYPE" speed="13.83" pos="91.13" lane="1/3to2/3_0" slope="0.00"/>
        <vehicle id="21" x="201.65" y="563.90" angle="180.00" type="DEFAULT_VEHTYPE" speed="13.65" pos="159.15" lane="1/2to1/3_0" slope="0.00"/>
        <vehicle id="22" x="398.35" y="384.03" angle="0.00" type="DEFAULT_VEHTYPE" speed="8.68" pos="11.22" lane="2/2to2/1_0" slope="0.00"/>
        <vehicle id="24" x="398.35" y="216.71" angle="0.00" type="DEFAULT_VEHTYPE" speed="13.13" pos="178.54" lane="2/2to2/1_0" slope="0.00"/>
        <vehicle id="26" x="177.68" y="401.65" angle="-90.00" type="DEFAULT_VEHTYPE" speed="11.71" pos="17.57" lane="1/2to0/2_0" slope="0.00"/>
        <vehicle id="28" x="401.65" y="649.88" angle="180.00" type="DEFAULT_VEHTYPE" speed="13.12" pos="45.13" lane="2/3to2/4_0" slope="0.00"/>
        <vehicle id="32" x="398.35" y="586.49" angle="0.00" type="DEFAULT_VEHTYPE" speed="13.25" pos="8.76" lane="2/3to2/2_0" slope="0.00"/>
        <vehicle id="35" x="201.65" y="486.22" angle="180.00" type="DEFAULT_VEHTYPE" speed="13.58" pos="81.47" lane="1/2to1/3_0" slope="0.00"/>
        <vehicle id="37" x="596.85" y="401.42" angle="-123.60" type="DEFAULT_VEHTYPE" speed="7.71" pos="1.56" lane=":3/2_18_0" slope="0.00"/>
        <vehicle id="38" x="601.65" y="582.94" angle="180.00" type="DEFAULT_VEHTYPE" speed="13.84" pos="178.19" lane="3/2to3/3_0" slope="0.00"/>
        <vehicle id="41" x="398.35" y="653.62" angle="0.00" type="DEFAULT_VEHTYPE" speed="12.93" pos="146.38" lane="2/4to2/3_0" slope="0.00"/>
        <vehicle id="44" x="398.35" y="327.80" angle="0.00" type="DEFAULT_VEHTYPE" speed="12.67" pos="67.45" lane="2/2to2/1_0" slope="0.00"/>
        <vehicle id="48" x="398.35" y="427.85" angle="0.00" type="DEFAULT_VEHTYPE" speed="13.77" pos="167.40" lane="2/3to2/2_0" slope="0.00"/>
        <vehicle id="5" x="201.65" y="351.96" angle="180.00" type="DEFAULT_VEHTYPE" speed="13.73" pos="147.21" lane="1/1to1/2_0" slope="0.00"/>
        <vehicle id="7" x="398.35" y="704.31" angle="0.00" type="DEFAULT_VEHTYPE" speed="13.59" pos="95.69" lane="2/4to2/3_0" slope="0.00"/>
        <vehicle id="8" x="195.18" y="398.35" angle="90.00" type="DEFAULT_VEHTYPE" speed="2.43" pos="195.18" lane="0/2to1/2_0" slope="0.00"/>
    </timestep>
    <timestep time="308.00">
        <vehicle id="0" x="216.13" y="598.35" angle="90.00" type="DEFAULT_VEHTYPE" speed="12.77" pos="11.38" lane="1/3to2/3_0" slope="0.00"/>
        <vehicle id="1" x="601.65" y="252.50" angle="180.00" type="DEFAULT_VEHTYPE" speed="12.65" pos="47.75" lane="3/1to3/2_0" slope="0.00"/>
        <vehicle id="17" x="401.65" y="731.19" angle="180.00" type="DEFAULT_VEHTYPE" speed="13.80" pos="126.44" lane="2/3to2/4_0" slope="0.00"/>
        <vehicle id="18" x="309.23" y="598.35" angle="90.00" type="DEFAULT_VEHTYPE" speed="13.35" pos="104.48" lane="1/3to2/3_0" slope="0.00"/>
        <vehicle id="21" x="201.65" y="577.49" angle="180.00" type="DEFAULT_VEHTYPE" speed="13.59" pos="172.74" lane="1/2to1/3_0" slope="0.00"/>
        <vehicle id="22" x="398.35" y="373.37" angle="0.00" type="DEFAULT_VEHTYPE" speed="10.66" pos="21.88" lane="2/2to2/1_0" slope="0.00"/>
        <vehicle id="24" x="398.21" y="203.75" angle="-1.60" type="DEFAULT_VEHTYPE" speed="12.97" pos="1.01" lane=":2/1_0_0" slope="0.00"/>
        <vehicle id="26" x="165.04" y="401.65" angle="-90.00" type="DEFAULT_VEHTYPE" speed="12.64" pos="30.21" lane="1/2to0/2_0" slope="0.00"/>
        <vehicle id="28" x="401.65" y="663.64" angle="180.00" type="DEFAULT_VEHTYPE" speed="13.76" pos="58.89" lane="2/3to2/4_0" slope="0.00"/>
        <vehicle id="32" x="398.35" y="573.85" angle="0.00" type="DEFAULT_VEHTYPE" speed="12.64" pos="21.40" lane="2/3to2/2_0" slope="0.00"/>
        <vehicle id="35" x="201.65" y="498.91" angle="180.00" type="DEFAULT_VEHTYPE" speed="12.69" pos="94.16" lane="1/2to1/3_0" slope="0.00"/>
        <vehicle id="37" x="587.11" y="401.65" angle="-90.00" type="DEFAULT_VEHTYPE" speed="9.76" pos="8.14" lane="3/2to2/2_0" slope="0.00"/>
        <vehicle id="38" x="601.81" y="596.42" angle="178.13" type="DEFAULT_VEHTYPE" speed="13.49" pos="1.18" lane=":3/3_8_0" slope="0.00"/>
        <vehicle id="41" x="398.35" y="640.03" angle="0.00" type="DEFAULT_VEHTYPE" speed="13.59" pos="159.97" lane="2/4to2/3_0" slope="0.00"/>
        <vehicle id="44" x="398.35" y="314.22" angle="0.00" type="DEFAULT_VEHTYPE" speed="13.58" pos="81.03" lane="2/2to2/1_0" slope="0.00"/>
        <vehicle id="48" x="398.35" y="414.63" angle="0.00" type="DEFAULT_VEHTYPE" speed="13.22" pos="180.62" lane="2/3to2/2_0" slope="0.00"/>
        <vehicle id="5" x="201.65" y="365.49" angle="180.00" type="DEFAULT_VEHTYPE" speed="13.53" pos="160.74" lane="1/1to1/2_0" slope="0.00"/>
        <vehicle id="7" x="398.35" y="691.47" angle="0.00" type="DEFAULT_VEHTYPE" speed="12.84" pos="108.53" lane="2/4to2/3_0" slope="0.00"/>
        <vehicle id="8" x="195.18" y="398.35" angle="90.00" type="DEFAULT_VEHTYPE" speed="0.00" pos="195.18" lane="0/2to1/2_0" slope="0.00"/>
    </timestep>
    <timestep time="309.00">
        <vehicle id="0" x="229.22" y="598.35" angle="90.00" type="DEFAULT_VEHTYPE" speed="13.09" pos="24.47" lane="1/3to2/3_0" slope="0.00"/>
        <vehicle id="1" x="601.65" y="265.67" angle="180.00" type="DEFAULT_VEHTYPE" speed="13.18" pos="60.92" lane="3/1to3/2_0" slope="0.00"/>
        <vehicle id="17" x="401.65" y="744.31" angle="180.00" type="DEFAULT_VEHTYPE" speed="13.11" pos="139.56" lane="2/3to2/4_0" slope="0.00"/>
        <vehicle id="18" x="323.02" y="598.35" angle="90.00" type="DEFAULT_VEHTYPE" speed="13.79" pos="118.27" lane="1/3to2/3_0" slope="0.00"/>
        <vehicle id="21" x="201.65" y="590.52" angle="180.00" type="DEFAULT_VEHTYPE" speed="13.03" pos="185.77" lane="1/2to1/3_0" slope="0.00"/>
        <vehicle id="22" x="398.35" y="360.93" angle="0.00" type="DEFAULT_VEHTYPE" speed="12.44" pos="34.32" lane="2/2to2/1_0" slope="0.00"/>
        <vehicle id="24" x="385.66" y="201.65" angle="-90.00" type="DEFAULT_VEHTYPE" speed="13.58" pos="9.59" lane="2/1to1/1_0" slope="0.00"/>
        <vehicle id="26" x="151.62" y="401.65" angle="-90.00" type="DEFAULT_VEHTYPE" speed="13.42" pos="43.63" lane="1/2to0/2_0" slope="0.00"/>
        <vehicle id="28" x="401.65" y="677.11" angle="180.00" type="DEFAULT_VEHTYPE" speed="13.47" pos="72.36" lane="2/3to2/4_0" slope="0.00"/>
        <vehicle id="32" x="398.35" y="560.76" angle="0.00" type="DEFAULT_VEHTYPE" speed="13.09" pos="34.49" lane="2/3to2/2_0" slope="0.00"/>
        <vehicle id="35" x="201.65" y="511.55" angle="180.00" type="DEFAULT_VEHTYPE" speed="12.64" pos="106.80" lane="1/2to1/3_0" slope="0.00"/>
        <vehicle id="37" x="575.95" y="401.65" angle="-90.00" type="DEFAULT_VEHTYPE" speed="11.15" pos="19.30" lane="3/2to2/2_0" slope="0.00"/>
        <vehicle id="38" x="613.74" y="598.35" angle="90.00" type="DEFAULT_VEHTYPE" speed="12.81" pos="8.99" lane="3/3to4/3_0" slope="0.00"/>
        <vehicle id="41" x="398.35" y="626.65" angle="0.00" type="DEFAULT_VEHTYPE" speed="13.38" pos="173.35" lane="2/4to2/3_0" slope="0.00"/>
        <vehicle id="44" x="398.35" y="301.37" angle="0.00" type="DEFAULT_VEHTYPE" speed="12.85" pos="93.88" lane="2/2to2/1_0" slope="0.00"/>
        <vehicle id="48" x="398.35" y="401.40" angle="0.00" type="DEFAULT_VEHTYPE" speed="13.23" pos="3.35" lane=":2/2_1_0" slope="0.00"/>
        <vehicle id="5" x="201.65" y="379.07" angle="180.00" type="DEFAULT_VEHTYPE" speed="13.58" pos="174.32" lane="1/1to1/2_0" slope="0.00"/>
        <vehicle id="7" x="398.35" y="678.33" angle="0.00" type="DEFAULT_VEHTYPE" speed="13.14" pos="121.67" lane="2/4to2/3_0" slope="0.00"/>
        <vehicle id="8" x="195.18" y="398.35" angle="90.00" type="DEFAULT_VEHTYPE" speed="0.00" pos="195.18" lane="0/2to1/2_0" slope="0.00"/>
    </timestep>
    <timestep time="310.00">
        <vehicle id="0" x="242.17" y="598.35" angle="90.00" type="DEFAULT_VEHTYPE" speed="12.94" pos="37.42" lane="1/3to2/3_0" slope="0.00"/>
        <vehicle id="1" x="601.65" y="278.79" angle="180.00" type="DEFAULT_VEHTYPE" speed="13.12" pos="74.04" lane="3/1to3/2_0" slope="0.00"/>
        <vehicle id="17" x="401.65" y="757.26" angle="180.00" type="DEFAULT_VEHTYPE" speed="12.95" pos="152.51" lane="2/3to2/4_0" slope="0.00"/>
        <vehicle id="18" x="336.62" y="598.35" angle="90.00" type="DEFAULT_VEHTYPE" speed="13.59" pos="131.87" lane="1/3to2/3_0" slope="0.00"/>
        <vehicle id="21" x="208.63" y="598.35" angle="91.78" type="DEFAULT_VEHTYPE" speed="13.62" pos="3.88" lane="1/3to2/3_0" slope="0.00"/>
        <vehicle id="22" x="398.35" y="347.73" angle="0.00" type="DEFAULT_VEHTYPE" speed="13.19" pos="47.52" lane="2/2to2/1_0" slope="0.00"/>
        <vehicle id="24" x="372.63" y="201.65" angle="-90.00" type="DEFAULT_VEHTYPE" speed="13.03" pos="22.62" lane="2/1to1/1_0" slope="0.00"/>
        <vehicle id="26" x="137.80" y="401.65" angle="-90.00" type="DEFAULT_VEHTYPE" speed="13.82" pos="57.45" lane="1/2to0/2_0" slope="0.00"/>
        <vehicle id="28" x="401.65" y="690.31" angle="180.00" type="DEFAULT_VEHTYPE" speed="13.20" pos="85.56" lane="2/3to2/4_0" slope="0.00"/>
        <vehicle id="32" x="398.35" y="548.15" angle="0.00" type="DEFAULT_VEHTYPE" speed="12.61" pos="47.10" lane="2/3to2/2_0" slope="0.00"/>
        <vehicle id="35" x="201.65" y="525.12" angle="180.00" type="DEFAULT_VEHTYPE" speed="13.57" pos="120.37" lane="1/2to1/3_0" slope="0.00"/>
        <vehicle id="37" x="563.43" y="401.65" angle="-90.00" type="DEFAULT_VEHTYPE" speed="12.53" pos="31.82" lane="3/2to2/2_0" slope="0.00"/>
        <vehicle id="38" x="627.47" y="598.35" angle="90.00" type="DEFAULT_VEHTYPE" speed="13.74" pos="22.72" lane="3/3to4/3_0" slope="0.00"/>
        <vehicle id="41" x="398.35" y="613.93" angle="0.00" type="DEFAULT_VEHTYPE" speed="12.72" pos="186.07" lane="2/4to2/3_0" slope="0.00"/>
        <vehicle id="44" x="398.35" y="288.75" angle="0.00" type="DEFAULT_VEHTYPE" speed="12.63" pos="106.50" lane="2/2to2/1_0" slope="0.00"/>
        <vehicle id="48" x="398.35" y="387.53" angle="0.00" type="DEFAULT_VEHTYPE" speed="13.87" pos="7.72" lane="2/2to2/1_0" slope="0.00"/>
        <vehicle id="5" x="201.65" y="392.03" angle="180.00" type="DEFAULT_VEHTYPE" speed="12.96" pos="187.28" lane="1/1to1/2_0" slope="0.00"/>
        <vehicle id="7" x="398.35" y="664.75" angle="0.00" type="DEFAULT_VEHTYPE" speed="13.59" pos="135.25" lane="2/4to2/3_0" slope="0.00"/>
        <vehicle id="8" x="195.18" y="398.35" angle="90.00" type="DEFAULT_VEHTYPE" speed="0.00" pos="195.18" lane="0/2to1/2_0" slope="0.00"/>
    </timestep>
    <timestep time="311.00">
        <vehicle id="0" x="255.39" y="598.35" angle="90.00" type="DEFAULT_VEHTYPE" speed="13.22" pos="50.64" lane="1/3to2/3_0" slope="0.00"/>
        <vehicle id="1" x="601.65" y="291.45" angle="180.00" type="DEFAULT_VEHTYPE" speed="12.65" pos="86.70" lane="3/1to3/2_0" slope="0.00"/>
        <vehicle id="17" x="401.65" y="770.65" angle="180.00" type="DEFAULT_VEHTYPE" speed="13.39" pos="165.90" lane="2/3to2/4_0" slope="0.00"/>
        <vehicle id="18" x="349.33" y="598.35" angle="90.00" type="DEFAULT_VEHTYPE" speed="12.71" pos="144.58" lane="1/3to2/3_0" slope="0.00"/>
        <vehicle id="21" x="222.38" y="598.35" angle="90.00" type="DEFAULT_VEHTYPE" speed="13.75" pos="17.63" lane="1/3to2/3_0" slope="0.00"/>
        <vehicle id="22" x="398.35" y="334.82" angle="0.00" type="DEFAULT_VEHTYPE" speed="12.92" pos="60.43" lane="2/2to2/1_0" slope="0.00"/>
        <vehicle id="24" x="359.02" y="201.65" angle="-90.00" type="DEFAULT_VEHTYPE" speed="13.61" pos="36.23" lane="2/1to1/1_0" slope="0.00"/>
        <vehicle id="26" x="124.02" y="401.65" angle="-90.00" type="DEFAULT_VEHTYPE" speed="13.78" pos="71.23" lane="1/2to0/2_0" slope="0.00"/>
        <vehicle id="28" x="401.65" y="704.06" angle="180.00" type="DEFAULT_VEHTYPE" speed="13.75" pos="99.31" lane="2/3to2/4_0" slope="0.00"/>
        <vehicle id="32" x="398.35" y="534.42" angle="0.00" type="DEFAULT_VEHTYPE" speed="13.73" pos="60.83" lane="2/3to2/2_0" slope="0.00"/>
        <vehicle id="35" x="201.65" y="537.92" angle="180.00" type="DEFAULT_VEHTYPE" speed="12.80" pos="133.17" lane="1/2to1/3_0" slope="0.00"/>
        <vehicle id="37" x="550.60" y="401.65" angle="-90.00" type="DEFAULT_VEHTYPE" speed="12.83" pos="44.65" lane="3/2to2/2_0" slope="0.00"/>
        <vehicle id="38" x="640.40" y="598.35" angle="90.00" type="DEFAULT_VEHTYPE" speed="12.92" pos="35.65" lane="3/3to4/3_0" slope="0.00"/>
        <vehicle id="41" x="398.35" y="601.07" angle="0.00" type="DEFAULT_VEHTYPE" speed="12.86" pos="3.68" lane=":2/3_1_0" slope="0.00"/>
        <vehicle id="44" x="398.35" y="275.25" angle="0.00" type="DEFAULT_VEHTYPE" speed="13.49" pos="120.00" lane="2/2to2/1_0" slope="0.00"/>
        <vehicle id="48" x="398.35" y="374.03" angle="0.00" type="DEFAULT_VEHTYPE" speed="13.50" pos="21.22" lane="2/2to2/1_0" slope="0.00"/>
        <vehicle id="5" x="201.65" y="405.15" angle="180.00" type="DEFAULT_VEHTYPE" speed="13.13" pos="0.40" lane="1/2to1/3_0" slope="0.00"/>
        <vehicle id="7" x="398.35" y="651.60" angle="0.00" type="DEFAULT_VEHTYPE" speed="13.15" pos="148.40" lane="2/4to2/3_0" slope="0.00"/>
        <vehicle id="8" x="195.18" y="398.35" angle="90.00" type="DEFAULT_VEHTYPE" speed="0.00" pos="195.18" lane="0/2to1/2_0" slope="0.00"/>
    </timestep>
    <timestep time="312.00">
        <vehicle id="0" x="268.61" y="598.35" angle="90.00" type="DEFAULT_VEHTYPE" speed="13.22" pos="63.86" lane="1/3to2/3_0" slope="0.00"/>
        <vehicle id="1" x="601.65" y="304.99" angle="180.00" type="DEFAULT_VEHTYPE" speed="13.55" pos="100.24" lane="3/1to3/2_0" slope="0.00"/>
        <vehicle id="17" x="401.65" y="783.99" angle="180.00" type="DEFAULT_VEHTYPE" speed="13.34" pos="179.24" lane="2/3to2/4_0" slope="0.00"/>
        <vehicle id="18" x="362.91" y="598.35" angle="90.00" type="DEFAULT_VEHTYPE" speed="13.58" pos="158.16" lane="1/3to2/3_0" slope="0.00"/>
        <vehicle id="21" x="235.59" y="598.35" angle="90.00" type="DEFAULT_VEHTYPE" speed="13.21" pos="30.84" lane="1/3to2/3_0" slope="0.00"/>
        <vehicle id="22" x="398.35" y="322.08" angle="0.00" type="DEFAULT_VEHTYPE" speed="12.74" pos="73.17" lane="2/2to2/1_0" slope="0.00"/>
        <vehicle id="24" x="346.39" y="201.65" angle="-90.00" type="DEFAULT_VEHTYPE" speed="12.63" pos="48.86" lane="2/1to1/1_0" slope="0.00"/>
        <vehicle id="26" x="111.41" y="401.65" angle="-90.00" type="DEFAULT_VEHTYPE" speed="12.61" pos="83.84" lane="1/2to0/2_0" slope="0.00"/>
        <vehicle id="28" x="401.65" y="717.95" angle="180.00" type="DEFAULT_VEHTYPE" speed="13.89" pos="113.20" lane="2/3to2/4_0" slope="0.00"/>
        <vehicle id="32" x="398.35" y="521.15" angle="0.00" type="DEFAULT_VEHTYPE" speed="13.27" pos="74.10" lane="2/3to2/2_0" slope="0.00"/>
        <vehicle id="35" x="201.65" y="551.44" angle="180.00" type="DEFAULT_VEHTYPE" speed="13.52" pos="146.69" lane="1/2to1/3_0" slope="0.00"/>
        <vehicle id="37" x="537.73" y="401.65" angle="-90.00" type="DEFAULT_VEHTYPE" speed="12.87" pos="57.52" lane="3/2to2/2_0" slope="0.00"/>
        <vehicle id="38" x="653.56" y="598.35" angle="90.00" type="DEFAULT_VEHTYPE" speed="13.16" pos="48.81" lane="3/3to4/3_0" slope="0.00"/>
        <vehicle id="41" x="398.35" y="588.25" angle="0.00" type="DEFAULT_VEHTYPE" speed="12.82" pos="7.00" lane="2/3to2/2_0" slope="0.00"/>
        <vehicle id="44" x="398.35" y="262.05" angle="0.00" type="DEFAULT_VEHTYPE" speed="13.21" pos="133.20" lane="2/2to2/1_0" slope="0.00"/>
        <vehicle id="48" x="398.35" y="361.03" angle="0.00" type="DEFAULT_VEHTYPE" speed="13.01" pos="34.22" lane="2/2to2/1_0" slope="0.00"/>
        <vehicle id="5" x="201.65" y="418.14" angle="180.00" type="DEFAULT_VEHTYPE" speed="12.99" pos="13.39" lane="1/2to1/3_0" slope="0.00"/>
        <vehicle id="7" x="398.35" y="638.82" angle="0.00" type="DEFAULT_VEHTYPE" speed="12.78" pos="161.18" lane="2/4to2/3_0" slope="0.00"/>
        <vehicle id="8" x="195.18" y="398.35" angle="90.00" type="DEFAULT_VEHTYPE" speed="0.00" pos="195.18" lane="0/2to1/2_0" slope="0.00"/>
    </timestep>
    <timestep time="313.00">
        <vehicle id="0" x="282.41" y="598.35" angle="90.00" type="DEFAULT_VEHTYPE" speed="13.80" pos="77.66" lane="1/3to2/3_0" slope="0.00"/>
        <vehicle id="1" x="601.65" y="318.01" angle="180.00" type="DEFAULT_VEHTYPE" speed="13.01" pos="113.26" lane="3/1to3/2_0" slope="0.00"/>
        <vehicle id="17" x="401.65" y="796.86" angle="180.00" type="DEFAULT_VEHTYPE" speed="12.88" pos="192.11" lane="2/3to2/4_0" slope="0.00"/>
        <vehicle id="18" x="374.63" y="598.35" angle="90.00" type="DEFAULT_VEHTYPE" speed="11.73" pos="169.88" lane="1/3to2/3_0" slope="0.00"/>
        <vehicle id="21" x="248.27" y="598.35" angle="90.00" type="DEFAULT_VEHTYPE" speed="12.68" pos="43.52" lane="1/3to2/3_0" slope="0.00"/>
        <vehicle id="22" x="398.35" y="308.91" angle="0.00" type="DEFAULT_VEHTYPE" speed="13.17" pos="86.34" lane="2/2to2/1_0" slope="0.00"/>
        <vehicle id="24" x="333.62" y="201.65" angle="-90.00" type="DEFAULT_VEHTYPE" speed="12.76" pos="61.63" lane="2/1to1/1_0" slope="0.00"/>
        <vehicle id="26" x="97.51" y="401.65" angle="-90.00" type="DEFAULT_VEHTYPE" speed="13.90" pos="97.74" lane="1/2to0/2_0" slope="0.00"/>
        <vehicle id="28" x="401.65" y="731.77" angle="180.00" type="DEFAULT_VEHTYPE" speed="13.82" pos="127.02" lane="2/3to2/4_0" slope="0.00"/>
        <vehicle id="32" x="398.35" y="508.12" angle="0.00" type="DEFAULT_VEHTYPE" speed="13.03" pos="87.13" lane="2/3to2/2_0" slope="0.00"/>
        <vehicle id="35" x="201.65" y="564.87" angle="180.00" type="DEFAULT_VEHTYPE" speed="13.44" pos="160.12" lane="1/2to1/3_0" slope="0.00"/>
        <vehicle id="37" x="524.55" y="401.65" angle="-90.00" type="DEFAULT_VEHTYPE" speed="13.19" pos="70.70" lane="3/2to2/2_0" slope="0.00"/>
        <vehicle id="38" x="667.37" y="598.35" angle="90.00" type="DEFAULT_VEHTYPE" speed="13.82" pos="62.62" lane="3/3to4/3_0" slope="0.00"/>
        <vehicle id="41" x="398.35" y="575.59" angle="0.00" type="DEFAULT_VEHTYPE" speed="12.66" pos="19.66" lane="2/3to2/2_0" slope="0.00"/>
        <vehicle id="44" x="398.35" y="248.79" angle="0.00" type="DEFAULT_VEHTYPE" speed="13.25" pos="146.46" lane="2/2to2/1_0" slope="0.00"/>
        <vehicle id="48" x="398.35" y="348.15" angle="0.00" type="DEFAULT_VEHTYPE" speed="12.88" pos="47.10" lane="2/2to2/1_0" slope="0.00"/>
        <vehicle id="5" x="201.65" y="431.63" angle="180.00" type="DEFAULT_VEHTYPE" speed="13.49" pos="26.88" lane="1/2to1/3_0" slope="0.00"/>
        <vehicle id="7" x="398.35" y="626.15" angle="0.00" type="DEFAULT_VEHTYPE" speed="12.67" pos="173.85" lane="2/4to2/3_0" slope="0.00"/>
        <vehicle id="8" x="196.65" y="398.55" angle="92.30" type="DEFAULT_VEHTYPE" speed="1.49" pos="1.42" lane=":1/2_14_0" slope="0.00"/>
    </timestep>
    <timestep time="314.00">
        <vehicle id="0" x="295.72" y="598.35" angle="90.00" type="DEFAULT_VEHTYPE" speed="13.31" pos="90.97" lane="1/3to2/3_0" slope="0.00"/>
        <vehicle id="1" x="601.65" y="331.70" angle="180.00" type="DEFAULT_VEHTYPE" speed="13.69" pos="126.95" lane="3/1to3/2_0" slope="0.00"/>
        <vehicle id="17" x="398.35" y="794.81" angle="0.00" type="DEFAULT_VEHTYPE" speed="13.15" pos="5.19" lane="2/4to2/3_0" slope="0.00"/>
        <vehicle id="18" x="382.61" y="598.35" angle="90.00" type="DEFAULT_VEHTYPE" speed="7.97" pos="177.86" lane="1/3to2/3_0" slope="0.00"/>
        <vehicle id="21" x="262.07" y="598.35" angle="90.00" type="DEFAULT_VEHTYPE" speed="13.80" pos="57.32" lane="1/3to2/3_0" slope="0.00"/>
        <vehicle id="22" x="398.35" y="295.16" angle="0.00" type="DEFAULT_VEHTYPE" speed="13.75" pos="100.09" lane="2/2to2/1_0" slope="0.00"/>
        <vehicle id="24" x="320.63" y="201.65" angle="-90.00" type="DEFAULT_VEHTYPE" speed="13.00" pos="74.62" lane="2/1to1/1_0" slope="0.00"/>
        <vehicle id="26" x="84.09" y="401.65" angle="-90.00" type="DEFAULT_VEHTYPE" speed="13.42" pos="111.16" lane="1/2to0/2_0" slope="0.00"/>
        <vehicle id="28" x="401.65" y="744.58" angle="180.00" type="DEFAULT_VEHTYPE" speed="12.81" pos="139.83" lane="2/3to2/4_0" slope="0.00"/>
        <vehicle id="32" x="398.35" y="494.39" angle="0.00" type="DEFAULT_VEHTYPE" speed="13.73" pos="100.86" lane="2/3to2/2_0" slope="0.00"/>
        <vehicle id="35" x="201.65" y="578.47" angle="180.00" type="DEFAULT_VEHTYPE" speed="13.60" pos="173.72" lane="1/2to1/3_0" slope="0.00"/>
        <vehicle id="37" x="511.20" y="401.65" angle="-90.00" type="DEFAULT_VEHTYPE" speed="13.35" pos="84.05" lane="3/2to2/2_0" slope="0.00"/>
        <vehicle id="38" x="680.17" y="598.35" angle="90.00" type="DEFAULT_VEHTYPE" speed="12.80" pos="75.42" lane="3/3to4/3_0" slope="0.00"/>
        <vehicle id="41" x="398.35" y="562.19" angle="0.00" type="DEFAULT_VEHTYPE" speed="13.39" pos="33.06" lane="2/3to2/2_0" slope="0.00"/>
        <vehicle id="44" x="398.35" y="235.50" angle="0.00" type="DEFAULT_VEHTYPE" speed="13.29" pos="159.75" lane="2/2to2/1_0" slope="0.00"/>
        <vehicle id="48" x="398.35" y="334.47" angle="0.00" type="DEFAULT_VEHTYPE" speed="13.67" pos="60.78" lane="2/2to2/1_0" slope="0.00"/>
        <vehicle id="5" x="201.65" y="444.28" angle="180.00" type="DEFAULT_VEHTYPE" speed="12.64" pos="39.53" lane="1/2to1/3_0" slope="0.00"/>
        <vehicle id="7" x="398.35" y="613.14" angle="0.00" type="DEFAULT_VEHTYPE" speed="13.01" pos="186.86" lane="2/4to2/3_0" slope="0.00"/>
        <vehicle id="8" x="200.20" y="400.20" angle="111.62" type="DEFAULT_VEHTYPE" speed="4.04" pos="5.45" lane=":1/2_14_0" slope="0.00"/>
    </timestep>
    <timestep time="315.00">
        <vehicle id="0" x="309.17" y="598.35" angle="90.00" type="DEFAULT_VEHTYPE" speed="13.46" pos="104.42" lane="1/3to2/3_0" slope="0.00"/>
        <vehicle id="1" x="601.65" y="345.28" angle="180.00" type="DEFAULT_VEHTYPE" speed="13.58" pos="140.53" lane="3/1to3/2_0" slope="0.00"/>
        <vehicle id="17" x="398.35" y="781.47" angle="0.00" type="DEFAULT_VEHTYPE" speed="13.34" pos="18.53" lane="2/4to2/3_0" slope="0.00"/>
        <vehicle id="18" x="388.25" y="598.35" angle="90.00" type="DEFAULT_VEHTYPE" speed="5.64" pos="183.50" lane="1/3to2/3_0" slope="0.00"/>
        <vehicle id="21" x="275.70" y="598.35" angle="90.00" type="DEFAULT_VEHTYPE" speed="13.63" pos="70.95" lane="1/3to2/3_0" slope="0.00"/>
        <vehicle id="22" x="398.35" y="281.47" angle="0.00" type="DEFAULT_VEHTYPE" speed="13.69" pos="113.78" lane="2/2to2/1_0" slope="0.00"/>
        <vehicle id="24" x="307.47" y="201.65" angle="-90.00" type="DEFAULT_VEHTYPE" speed="13.15" pos="87.78" lane="2/1to1/1_0" slope="0.00"/>
        <vehicle id="26" x="70.75" y="401.65" angle="-90.00" type="DEFAULT_VEHTYPE" speed="13.33" pos="124.50" lane="1/2to0/2_0" slope="0.00"/>
        <vehicle id="28" x="401.65" y="757.94" angle="180.00" type="DEFAULT_VEHTYPE" speed="13.36" pos="153.19" lane="2/3to2/4_0" slope="0.00"/>
        <vehicle id="32" x="398.35" y="480.82" angle="0.00" type="DEFAULT_VEHTYPE" speed="13.58" pos="114.43" lane="2/3to2/2_0" slope="0.00"/>
        <vehicle id="35" x="201.65" y="591.88" angle="180.00" type="DEFAULT_VEHTYPE" speed="13.41" pos="187.13" lane="1/2to1/3_0" slope="0.00"/>
        <vehicle id="37" x="498.58" y="401.65" angle="-90.00" type="DEFAULT_VEHTYPE" speed="12.62" pos="96.67" lane="3/2to2/2_0" slope="0.00"/>
        <vehicle id="38" x="693.30" y="598.35" angle="90.00" type="DEFAULT_VEHTYPE" speed="13.13" pos="88.55" lane="3/3to4/3_0" slope="0.00"/>
        <vehicle id="41" x="398.35" y="548.32" angle="0.00" type="DEFAULT_VEHTYPE" speed="13.87" pos="46.93" lane="2/3to2/2_0" slope="0.00"/>
        <vehicle id="44" x="398.35" y="221.88" angle="0.00" type="DEFAULT_VEHTYPE" speed="13.63" pos="173.37" lane="2/2to2/1_0" slope="0.00"/>
        <vehicle id="48" x="398.35" y="321.41" angle="0.00" type="DEFAULT_VEHTYPE" speed="13.07" pos="73.84" lane="2/2to2/1_0" slope="0.00"/>
        <vehicle id="5" x="201.65" y="457.34" angle="180.00" type="DEFAULT_VEHTYPE" speed="13.07" pos="52.59" lane="1/2to1/3_0" slope="0.00"/>
        <vehicle id="7" x="398.35" y="599.84" angle="0.00" type="DEFAULT_VEHTYPE" speed="13.30" pos="4.91" lane=":2/3_1_0" slope="0.00"/>
        <vehicle id="8" x="201.65" y="406.02" angle="169.86" type="DEFAULT_VEHTYPE" speed="6.14" pos="1.27" lane="1/2to1/3_0" slope="0.00"/>
    </timestep>
    <timestep time="316.00">
        <vehicle id="0" x="322.61" y="598.35" angle="90.00" type="DEFAULT_VEHTYPE" speed="13.44" pos="117.86" lane="1/3to2/3_0" slope="0.00"/>
        <vehicle id="1" x="601.65" y="358.35" angle="180.00" type="DEFAULT_VEHTYPE" speed="13.07" pos="153.60" lane="3/1to3/2_0" slope="0.00"/>
        <vehicle id="17" x="398.35" y="767.89" angle="0.00" type="DEFAULT_VEHTYPE" speed="13.58" pos="32.11" lane="2/4to2/3_0" slope="0.00"/>
        <vehicle id="18" x="390.93" y="598.35" angle="90.00" type="DEFAULT_VEHTYPE" speed="2.68" pos="186.18" lane="1/3to2/3_0" slope="0.00"/>
        <vehicle id="21" x="289.31" y="598.35" angle="90.00" type="DEFAULT_VEHTYPE" speed="13.61" pos="84.56" lane="1/3to2/3_0" slope="0.00"/>
        <vehicle id="22" x="398.35" y="267.83" angle="0.00" type="DEFAULT_VEHTYPE" speed="13.64" pos="127.42" lane="2/2to2/1_0" slope="0.00"/>
        <vehicle id="24" x="294.42" y="201.65" angle="-90.00" type="DEFAULT_VEHTYPE" speed="13.05" pos="100.83" lane="2/1to1/1_0" slope="0.00"/>
        <vehicle id="26" x="57.76" y="401.65" angle="-90.00" type="DEFAULT_VEHTYPE" speed="12.99" pos="137.49" lane="1/2to0/2_0" slope="0.00"/>
        <vehicle id="28" x="401.65" y="771.35" angle="180.00" type="DEFAULT_VEHTYPE" speed="13.41" pos="166.60" lane="2/3to2/4_0" slope="0.00"/>
        <vehicle id="32" x="398.35" y="466.96" angle="0.00" type="DEFAULT_VEHTYPE" speed="13.86" pos="128.29" lane="2/3to2/2_0" slope="0.00"/>
        <vehicle id="35" x="209.69" y="598.35" angle="90.09" type="DEFAULT_VEHTYPE" speed="13.31" pos="4.94" lane="1/3to2/3_0" slope="0.00"/>
        <vehicle id="37" x="485.43" y="401.65" angle="-90.00" type="DEFAULT_VEHTYPE" speed="13.15" pos="109.82" lane="3/2to2/2_0" slope="0.00"/>
        <vehicle id="38" x="706.76" y="598.35" angle="90.00" type="DEFAULT_VEHTYPE" speed="13.46" pos="102.01" lane="3/3to4/3_0" slope="0.00"/>
        <vehicle id="41" x="398.35" y="534.51" angle="0.00" type="DEFAULT_VEHTYPE" speed="13.81" pos="60.74" lane="2/3to2/2_0" slope="0.00"/>
        <vehicle id="44" x="398.35" y="208.94" angle="0.00" type="DEFAULT_VEHTYPE" speed="12.94" pos="186.31" lane="2/2to2/1_0" slope="0.00"/>
        <vehicle id="48" x="398.35" y="308.13" angle="0.00" type="DEFAULT_VEHTYPE" speed="13.27" pos="87.12" lane="2/2to2/1_0" slope="0.00"/>
        <vehicle id="5" x="201.65" y="470.99" angle="180.00" type="DEFAULT_VEHTYPE" speed="13.65" pos="66.24" lane="1/2to1/3_0" slope="0.00"/>
        <vehicle id="7" x="398.35" y="586.12" angle="0.00" type="DEFAULT_VEHTYPE" speed="13.71" pos="9.13" lane="2/3to2/2_0" slope="0.00"/>
        <vehicle id="8" x="201.65" y="414.36" angle="180.00" type="DEFAULT_VEHTYPE" speed="8.34" pos="9.61" lane="1/2to1/3_0" slope="0.00"/>
    </timestep>
    <timestep time="317.00">
        <vehicle id="0" x="335.31" y="598.35" angle="90.00" type="DEFAULT_VEHTYPE" speed="12.69" pos="130.56" lane="1/3to2/3_0" slope="0.00"/>
        <vehicle id="1" x="601.65" y="371.70" angle="180.00" type="DEFAULT_VEHTYPE" speed="13.35" pos="166.95" lane="3/1to3/2_0" slope="0.00"/>
        <vehicle id="17" x="398.35" y="755.28" angle="0.00" type="DEFAULT_VEHTYPE" speed="12.61" pos="44.72" lane="2/4to2/3_0" slope="0.00"/>
        <vehicle id="18" x="395.67" y="598.41" angle="90.68" type="DEFAULT_VEHTYPE" speed="4.74" pos="0.42" lane=":2/3_14_0" slope="0.00"/>
        <vehicle id="21" x="302.57" y="598.35" angle="90.00" type="DEFAULT_VEHTYPE" speed="13.26" pos="97.82" lane="1/3to2/3_0" slope="0.00"/>
        <vehicle id="22" x="398.35" y="254.79" angle="0.00" type="DEFAULT_VEHTYPE" speed="13.04" pos="140.46" lane="2/2to2/1_0" slope="0.00"/>
        <vehicle id="24" x="280.70" y="201.65" angle="-90.00" type="DEFAULT_VEHTYPE" speed="13.72" pos="114.55" lane="2/1to1/1_0" slope="0.00"/>
        <vehicle id="26" x="44.29" y="401.65" angle="-90.00" type="DEFAULT_VEHTYPE" speed="13.47" pos="150.96" lane="1/2to0/2_0" slope="0.00"/>
        <vehicle id="28" x="401.65" y="784.06" angle="180.00" type="DEFAULT_VEHTYPE" speed="12.70" pos="179.31" lane="2/3to2/4_0" slope="0.00"/>
        <vehicle id="32" x="398.35" y="453.35" angle="0.00" type="DEFAULT_VEHTYPE" speed="13.61" pos="141.90" lane="2/3to2/2_0" slope="0.00"/>
        <vehicle id="35" x="223.50" y="598.35" angle="90.00" type="DEFAULT_VEHTYPE" speed="13.80" pos="18.75" lane="1/3to2/3_0" slope="0.00"/>
        <vehicle id="37" x="472.46" y="401.65" angle="-90.00" type="DEFAULT_VEHTYPE" speed="12.97" pos="122.79" lane="3/2to2/2_0" slope="0.00"/>
        <vehicle id="38" x="720.40" y="598.35" angle="90.00" type="DEFAULT_VEHTYPE" speed="13.65" pos="115.65" lane="3/3to4/3_0" slope="0.00"/>
        <vehicle id="41" x="398.35" y="521.43" angle="0.00" type="DEFAULT_VEHTYPE" speed="13.08" pos="73.82" lane="2/3to2/2_0" slope="0.00"/>
        <vehicle id="44" x="391.26" y="201.65" angle="-88.38" type="DEFAULT_VEHTYPE" speed="13.17" pos="3.99" lane="2/1to1/1_0" slope="0.00"/>
        <vehicle id="48" x="398.35" y="295.35" angle="0.00" type="DEFAULT_VEHTYPE" speed="12.78" pos="99.90" lane="2/2to2/1_0" slope="0.00"/>
        <vehicle id="5" x="201.65" y="483.95" angle="180.00" type="DEFAULT_VEHTYPE" speed="12.96" pos="79.20" lane="1/2to1/3_0" slope="0.00"/>
        <vehicle id="7" x="398.35" y="572.26" angle="0.00" type="DEFAULT_VEHTYPE" speed="13.86" pos="22.99" lane="2/3to2/2_0" slope="0.00"/>
        <vehicle id="8" x="201.65" y="424.20" angle="180.00" type="DEFAULT_VEHTYPE" speed="9.84" pos="19.45" lane="1/2to1/3_0" slope="0.00"/>
    </timestep>
    <timestep time="318.00">
        <vehicle id="0" x="348.68" y="598.35" angle="90.00" type="DEFAULT_VEHTYPE" speed="13.37" pos="143.93" lane="1/3to2/3_0" slope="0.00"/>
        <vehicle id="1" x="601.65" y="384.66" angle="180.00" type="DEFAULT_VEHTYPE" speed="12.96" pos="179.91" lane="3/1to3/2_0" slope="0.00"/>
        <vehicle id="17" x="398.35" y="741.63" angle="0.00" type="DEFAULT_VEHTYPE" speed="13.65" pos="58.37" lane="2/4to2/3_0" slope="0.00"/>
        <vehicle id="18" x="401.27" y="602.12" angle="134.99" type="DEFAULT_VEHTYPE" speed="7.24" pos="7.66" lane=":2/3_14_0" slope="0.00"/>
        <vehicle id="21" x="316.18" y="598.35" angle="90.00" type="DEFAULT_VEHTYPE" speed="13.61" pos="111.43" lane="1/3to2/3_0" slope="0.00"/>
        <vehicle id="22" x="398.35" y="241.28" angle="0.00" type="DEFAULT_VEHTYPE" speed="13.50" pos="153.97" lane="2/2to2/1_0" slope="0.00"/>
        <vehicle id="24" x="267.98" y="201.65" angle="-90.00" type="DEFAULT_VEHTYPE" speed="12.73" pos="127.27" lane="2/1to1/1_0" slope="0.00"/>
        <vehicle id="26" x="30.60" y="401.65" angle="-90.00" type="DEFAULT_VEHTYPE" speed="13.69" pos="164.65" lane="1/2to0/2_0" slope="0.00"/>
        <vehicle id="28" x="401.65" y="797.17" angle="180.00" type="DEFAULT_VEHTYPE" speed="13.12" pos="192.42" lane="2/3to2/4_0" slope="0.00"/>
        <vehicle id="32" x="398.35" y="440.31" angle="0.00" type="DEFAULT_VEHTYPE" speed="13.04" pos="154.94" lane="2/3to2/2_0" slope="0.00"/>
        <vehicle id="35" x="236.42" y="598.35" angle="90.00" type="DEFAULT_VEHTYPE" speed="12.92" pos="31.67" lane="1/3to2/3_0" slope="0.00"/>
        <vehicle id="37" x="458.66" y="401.65" angle="-90.00" type="DEFAULT_VEHTYPE" speed="13.81" pos="136.59" lane="3/2to2/2_0" slope="0.00"/>
        <vehicle id="38" x="733.95" y="598.35" angle="90.00" type="DEFAULT_VEHTYPE" speed="13.54" pos="129.20" lane="3/3to4/3_0" slope="0.00"/>
        <vehicle id="41" x="398.35" y="508.03" angle="0.00" type="DEFAULT_VEHTYPE" speed="13.40" pos="87.22" lane="2/3to2/2_0" slope="0.00"/>
        <vehicle id="44" x="378.46" y="201.65" angle="-90.00" type="DEFAULT_VEHTYPE" speed="12.80" pos="16.79" lane="2/1to1/1_0" slope="0.00"/>
        <vehicle id="48" x="398.35" y="282.32" angle="0.00" type="DEFAULT_VEHTYPE" speed="13.03" pos="112.93" lane="2/2to2/1_0" slope="0.00"/>
        <vehicle id="5" x="201.65" y="497.05" angle="180.00" type="DEFAULT_VEHTYPE" speed="13.10" pos="92.30" lane="1/2to1/3_0" slope="0.00"/>
        <vehicle id="7" x="398.35" y="559.23" angle="0.00" type="DEFAULT_VEHTYPE" speed="13.03" pos="36.02" lane="2/3to2/2_0" slope="0.00"/>
        <vehicle id="8" x="201.65" y="436.00" angle="180.00" type="DEFAULT_VEHTYPE" speed="11.79" pos="31.25" lane="1/2to1/3_0" slope="0.00"/>
    </timestep>
    <timestep time="319.00">
        <vehicle id="0" x="361.66" y="598.35" angle="90.00" type="DEFAULT_VEHTYPE" speed="12.98" pos="156.91" lane="1/3to2/3_0" slope="0.00"/>
        <vehicle id="1" x="601.65" y="398.11" angle="180.00" type="DEFAULT_VEHTYPE" speed="13.45" pos="2.86" lane=":3/2_9_0" slope="0.00"/>
        <vehicle id="17" x="398.35" y="728.16" angle="0.00" type="DEFAULT_VEHTYPE" speed="13.48" pos="71.84" lane="2/4to2/3_0" slope="0.00"/>
        <vehicle id="18" x="401.65" y="611.36" angle="180.00" type="DEFAULT_VEHTYPE" speed="9.27" pos="6.61" lane="2/3to2/4_0" slope="0.00"/>
        <vehicle id="21" x="328.94" y="598.35" angle="90.00" type="DEFAULT_VEHTYPE" speed="12.76" pos="124.19" lane="1/3to2/3_0" slope="0.00"/>
        <vehicle id="22" x="398.35" y="227.78" angle="0.00" type="DEFAULT_VEHTYPE" speed="13.51" pos="167.47" lane="2/2to2/1_0" slope="0.00"/>
        <vehicle id="24" x="255.05" y="201.65" angle="-90.00" type="DEFAULT_VEHTYPE" speed="12.92" pos="140.20" lane="2/1to1/1_0" slope="0.00"/>
        <vehicle id="26" x="17.06" y="401.65" angle="-90.00" type="DEFAULT_VEHTYPE" speed="13.54" pos="178.19" lane="1/2to0/2_0" slope="0.00"/>
        <vehicle id="28" x="398.35" y="794.16" angle="0.00" type="DEFAULT_VEHTYPE" speed="13.49" pos="5.84" lane="2/4to2/3_0" slope="0.00"/>
        <vehicle id="32" x="398.35" y="427.64" angle="0.00" type="DEFAULT_VEHTYPE" speed="12.67" pos="167.61" lane="2/3to2/2_0" slope="0.00"/>
        <vehicle id="35" x="249.74" y="598.35" angle="90.00" type="DEFAULT_VEHTYPE" speed="13.32" pos="44.99" lane="1/3to2/3_0" slope="0.00"/>
        <vehicle id="37" x="445.75" y="401.65" angle="-90.00" type="DEFAULT_VEHTYPE" speed="12.90" pos="149.50" lane="3/2to2/2_0" slope="0.00"/>
        <vehicle id="38" x="747.63" y="598.35" angle="90.00" type="DEFAULT_VEHTYPE" speed="13.68" pos="142.88" lane="3/3to4/3_0" slope="0.00"/>
        <vehicle id="41" x="398.35" y="495.42" angle="0.00" type="DEFAULT_VEHTYPE" speed="12.61" pos="99.83" lane="2/3to2/2_0" slope="0.00"/>
        <vehicle id="44" x="364.70" y="201.65" angle="-90.00" type="DEFAULT_VEHTYPE" speed="13.76" pos="30.55" lane="2/1to1/1_0" slope="0.00"/>
        <vehicle id="48" x="398.35" y="268.81" angle="0.00" type="DEFAULT_VEHTYPE" speed="13.51" pos="126.44" lane="2/2to2/1_0" slope="0.00"/>
        <vehicle id="5" x="201.65" y="510.72" angle="180.00" type="DEFAULT_VEHTYPE" speed="13.67" pos="105.97" lane="1/2to1/3_0" slope="0.00"/>
        <vehicle id="7" x="398.35" y="545.89" angle="0.00" type="DEFAULT_VEHTYPE" speed="13.35" pos="49.36" lane="2/3to2/2_0" slope="0.00"/>
        <vehicle id="8" x="201.65" y="448.65" angle="180.00" type="DEFAULT_VEHTYPE" speed="12.65" pos="43.90" lane="1/2to1/3_0" slope="0.00"/>
    </timestep>
    <timestep time="320.00">
        <vehicle id="0" x="373.48" y="598.35" angle="90.00" type="DEFAULT_VEHTYPE" speed="11.83" pos="168.73" lane="1/3to2/3_0" slope="0.00"/>
        <vehicle id="1" x="601.65" y="411.63" angle="180.00" type="DEFAULT_VEHTYPE" speed="13.52" pos="6.88" lane="3/2to3/3_0" slope="0.00"/>
        <vehicle id="17" x="398.35" y="715.43" angle="0.00" type="DEFAULT_VEHTYPE" speed="12.72" pos="84.57" lane="2/4to2/3_0" slope="0.00"/>
        <vehicle id="18" x="401.65" y="621.97" angle="180.00" type="DEFAULT_VEHTYPE" speed="10.61" pos="17.22" lane="2/3to2/4_0" slope="0.00"/>
        <vehicle id="21" x="341.77" y="598.35" angle="90.00" type="DEFAULT_VEHTYPE" speed="12.84" pos="137.02" lane="1/3to2/3_0" slope="0.00"/>
        <vehicle id="22" x="398.35" y="214.45" angle="0.00" type="DEFAULT_VEHTYPE" speed="13.32" pos="180.80" lane="2/2to2/1_0" slope="0.00"/>
        <vehicle id="24" x="241.40" y="201.65" angle="-90.00" type="DEFAULT_VEHTYPE" speed="13.65" pos="153.85" lane="2/1to1/1_0" slope="0.00"/>
        <vehicle id="26" x="3.63" y="401.65" angle="-90.00" type="DEFAULT_VEHTYPE" speed="13.43" pos="191.62" lane="1/2to0/2_0" slope="0.00"/>
        <vehicle id="28" x="398.35" y="780.92" angle="0.00" type="DEFAULT_VEHTYPE" speed="13.24" pos="19.08" lane="2/4to2/3_0" slope="0.00"/>
        <vehicle id="32" x="398.35" y="414.63" angle="0.00" type="DEFAULT_VEHTYPE" speed="13.01" pos="180.62" lane="2/3to2/2_0" slope="0.00"/>
        <vehicle id="35" x="263.22" y="598.35" angle="90.00" type="DEFAULT_VEHTYPE" speed="13.48" pos="58.47" lane="1/3to2/3_0" slope="0.00"/>
        <vehicle id="37" x="432.71" y="401.65" angle="-90.00" type="DEFAULT_VEHTYPE" speed="13.04" pos="162.54" lane="3/2to2/2_0" slope="0.00"/>
        <vehicle id="38" x="761.01" y="598.35" angle="90.00" type="DEFAULT_VEHTYPE" speed="13.39" pos="156.26" lane="3/3to4/3_0" slope="0.00"/>
        <vehicle id="41" x="398.35" y="481.97" angle="0.00" type="DEFAULT_VEHTYPE" speed="13.45" pos="113.28" lane="2/3to2/2_0" slope="0.00"/>
        <vehicle id="44" x="351.03" y="201.65" angle="-90.00" type="DEFAULT_VEHTYPE" speed="13.68" pos="44.22" lane="2/1to1/1_0" slope="0.00"/>
        <vehicle id="48" x="398.35" y="255.82" angle="0.00" type="DEFAULT_VEHTYPE" speed="12.99" pos="139.43" lane="2/2to2/1_0" slope="0.00"/>
        <vehicle id="5" x="201.65" y="524.25" angle="180.00" type="DEFAULT_VEHTYPE" speed="13.54" pos="119.50" lane="1/2to1/3_0" slope="0.00"/>
        <vehicle id="7" x="398.35" y="532.52" angle="0.00" type="DEFAULT_VEHTYPE" speed="13.37" pos="62.73" lane="2/3to2/2_0" slope="0.00"/>
        <vehicle id="8" x="201.65" y="461.29" angle="180.00" type="DEFAULT_VEHTYPE" speed="12.65" pos="56.54" lane="1/2to1/3_0" slope="0.00"/>
    </timestep>
    <timestep time="321.00">
        <vehicle id="0" x="382.32" y="598.35" angle="90.00" type="DEFAULT_VEHTYPE" speed="8.84" pos="177.57" lane="1/3to2/3_0" slope="0.00"/>
        <vehicle id="1" x="601.65" y="425.35" angle="180.00" type="DEFAULT_VEHTYPE" speed="13.72" pos="20.60" lane="3/2to3/3_0" slope="0.00"/>
        <vehicle id="17" x="398.35" y="701.54" angle="0.00" type="DEFAULT_VEHTYPE" speed="13.89" pos="98.46" lane="2/4to2/3_0" slope="0.00"/>
        <vehicle id="18" x="401.65" y="634.66" angle="180.00" type="DEFAULT_VEHTYPE" speed="12.69" pos="29.91" lane="2/3to2/4_0" slope="0.00"/>
        <vehicle id="21" x="355.19" y="598.35" angle="90.00" type="DEFAULT_VEHTYPE" speed="13.42" pos="150.44" lane="1/3to2/3_0" slope="0.00"/>
        <vehicle id="22" x="398.35" y="201.47" angle="0.00" type="DEFAULT_VEHTYPE" speed="12.98" pos="3.28" lane=":2/1_1_0" slope="0.00"/>
        <vehicle id="24" x="228.65" y="201.65" angle="-90.00" type="DEFAULT_VEHTYPE" speed="12.76" pos="166.60" lane="2/1to1/1_0" slope="0.00"/>
        <vehicle id="26" x="4.61" y="398.35" angle="87.47" type="DEFAULT_VEHTYPE" speed="13.06" pos="4.61" lane="0/2to1/2_0" slope="0.00"/>
        <vehicle id="28" x="398.35" y="767.93" angle="0.00" type="DEFAULT_VEHTYPE" speed="13.00" pos="32.07" lane="2/4to2/3_0" slope="0.00"/>
        <vehicle id="32" x="397.37" y="402.30" angle="-11.65" type="DEFAULT_VEHTYPE" speed="12.62" pos="2.74" lane=":2/2_0_0" slope="0.00"/>
        <vehicle id="35" x="276.47" y="598.35" angle="90.00" type="DEFAULT_VEHTYPE" speed="13.24" pos="71.72" lane="1/3to2/3_0" slope="0.00"/>
        <vehicle id="37" x="422.62" y="401.65" angle="-90.00" type="DEFAULT_VEHTYPE" speed="10.09" pos="172.63" lane="3/2to2/2_0" slope="0.00"/>
        <vehicle id="38" x="774.03" y="598.35" angle="90.00" type="DEFAULT_VEHTYPE" speed="13.01" pos="169.28" lane="3/3to4/3_0" slope="0.00"/>
        <vehicle id="41" x="398.35" y="469.07" angle="0.00" type="DEFAULT_VEHTYPE" speed="12.90" pos="126.18" lane="2/3to2/2_0" slope="0.00"/>
        <vehicle id="44" x="338.16" y="201.65" angle="-90.00" type="DEFAULT_VEHTYPE" speed="12.87" pos="57.09" lane="2/1to1/1_0" slope="0.00"/>
        <vehicle id="48" x="398.35" y="243.06" angle="0.00" type="DEFAULT_VEHTYPE" speed="12.76" pos="152.19" lane="2/2to2/1_0" slope="0.00"/>
        <vehicle id="5" x="201.65" y="537.58" angle="180.00" type="DEFAULT_VEHTYPE" speed="13.33" pos="132.83" lane="1/2to1/3_0" slope="0.00"/>
        <vehicle id="7" x="398.35" y="519.78" angle="0.00" type="DEFAULT_VEHTYPE" speed="12.74" pos="75.47" lane="2/3to2/2_0" slope="0.00"/>
        <vehicle id="8" x="201.65" y="474.34" angle="180.00" type="DEFAULT_VEHTYPE" speed="13.05" pos="69.59" lane="1/2to1/3_0" slope="0.00"/>
    </timestep>
    <timestep time="322.00">
        <vehicle id="0" x="388.07" y="598.35" angle="90.00" type="DEFAULT_VEHTYPE" speed="5.75" pos="183.32" lane="1/3to2/3_0" slope="0.00"/>
        <vehicle id="1" x="601.65" y="439.06" angle="180.00" type="DEFAULT_VEHTYPE" speed="13.71" pos="34.31" lane="3/2to3/3_0" slope="0.00"/>
        <vehicle id="17" x="398.35" y="688.72" angle="0.00" type="DEFAULT_VEHTYPE" speed="12.82" pos="111.28" lane="2/4to2/3_0" slope="0.00"/>
        <vehicle id="18" x="401.65" y="647.83" angle="180.00" type="DEFAULT_VEHTYPE" speed="13.17" pos="43.08" lane="2/3to2/4_0" slope="0.00"/>
        <vehicle id="21" x="366.92" y="598.35" angle="90.00" type="DEFAULT_VEHTYPE" speed="11.72" pos="162.17" lane="1/3to2/3_0" slope="0.00"/>
        <vehicle id="22" x="398.35" y="187.76" angle="0.00" type="DEFAULT_VEHTYPE" speed="13.71" pos="7.49" lane="2/1to2/0_0" slope="0.00"/>
        <vehicle id="24" x="218.94" y="201.65" angle="-90.00" type="DEFAULT_VEHTYPE" speed="9.71" pos="176.31" lane="2/1to1/1_0" slope="0.00"/>
        <vehicle id="26" x="17.36" y="398.35" angle="90.00" type="DEFAULT_VEHTYPE" speed="12.75" pos="17.36" lane="0/2to1/2_0" slope="0.00"/>
        <vehicle id="28" x="398.35" y="754.77" angle="0.00" type="DEFAULT_VEHTYPE" speed="13.16" pos="45.23" lane="2/4to2/3_0" slope="0.00"/>
        <vehicle id="32" x="384.86" y="401.65" angle="-90.00" type="DEFAULT_VEHTYPE" speed="12.65" pos="10.39" lane="2/2to1/2_0" slope="0.00"/>
        <vehicle id="35" x="289.58" y="598.35" angle="90.00" type="DEFAULT_VEHTYPE" speed="13.12" pos="84.83" lane="1/3to2/3_0" slope="0.00"/>
        <vehicle id="37" x="415.41" y="401.65" angle="-90.00" type="DEFAULT_VEHTYPE" speed="7.21" pos="179.84" lane="3/2to2/2_0" slope="0.00"/>
        <vehicle id="38" x="786.95" y="598.35" angle="90.00" type="DEFAULT_VEHTYPE" speed="12.93" pos="182.20" lane="3/3to4/3_0" slope="0.00"/>
        <vehicle id="41" x="398.35" y="456.47" angle="0.00" type="DEFAULT_VEHTYPE" speed="12.61" pos="138.78" lane="2/3to2/2_0" slope="0.00"/>
        <vehicle id="44" x="324.37" y="201.65" angle="-90.00" type="DEFAULT_VEHTYPE" speed="13.80" pos="70.88" lane="2/1to1/1_0" slope="0.00"/>
        <vehicle id="48" x="398.35" y="230.10" angle="0.00" type="DEFAULT_VEHTYPE" speed="12.96" pos="165.15" lane="2/2to2/1_0" slope="0.00"/>
        <vehicle id="5" x="201.65" y="550.20" angle="180.00" type="DEFAULT_VEHTYPE" speed="12.62" pos="145.45" lane="1/2to1/3_0" slope="0.00"/>
        <vehicle id="7" x="398.35" y="506.85" angle="0.00" type="DEFAULT_VEHTYPE" speed="12.93" pos="88.40" lane="2/3to2/2_0" slope="0.00"/>
        <vehicle id="8" x="201.65" y="487.47" angle="180.00" type="DEFAULT_VEHTYPE" speed="13.13" pos="82.72" lane="1/2to1/3_0" slope="0.00"/>
    </timestep>
    <timestep time="323.00">
        <vehicle id="0" x="390.89" y="598.35" angle="90.00" type="DEFAULT_VEHTYPE" speed="2.83" pos="186.14" lane="1/3to2/3_0" slope="0.00"/>
        <vehicle id="1" x="601.65" y="452.10" angle="180.00" type="DEFAULT_VEHTYPE" speed="13.03" pos="47.35" lane="3/2to3/3_0" slope="0.00"/>
        <vehicle id="17" x="398.35" y="676.05" angle="0.00" type="DEFAULT_VEHTYPE" speed="12.67" pos="123.95" lane="2/4to2/3_0" slope="0.00"/>
        <vehicle id="18" x="401.65" y="660.53" angle="180.00" type="DEFAULT_VEHTYPE" speed="12.70" pos="55.78" lane="2/3to2/4_0" slope="0.00"/>
        <vehicle id="21" x="375.10" y="598.35" angle="90.00" type="DEFAULT_VEHTYPE" speed="8.18" pos="170.35" lane="1/3to2/3_0" slope="0.00"/>
        <vehicle id="22" x="398.35" y="174.38" angle="0.00" type="DEFAULT_VEHTYPE" speed="13.38" pos="20.87" lane="2/1to2/0_0" slope="0.00"/>
        <vehicle id="24" x="213.27" y="201.65" angle="-90.00" type="DEFAULT_VEHTYPE" speed="5.67" pos="181.98" lane="2/1to1/1_0" slope="0.00"/>
        <vehicle id="26" x="30.81" y="398.35" angle="90.00" type="DEFAULT_VEHTYPE" speed="13.45" pos="30.81" lane="0/2to1/2_0" slope="0.00"/>
        <vehicle id="28" x="398.35" y="741.01" angle="0.00" type="DEFAULT_VEHTYPE" speed="13.76" pos="58.99" lane="2/4to2/3_0" slope="0.00"/>
        <vehicle id="32" x="371.12" y="401.65" angle="-90.00" type="DEFAULT_VEHTYPE" speed="13.74" pos="24.13" lane="2/2to1/2_0" slope="0.00"/>
        <vehicle id="35" x="302.96" y="598.35" angle="90.00" type="DEFAULT_VEHTYPE" speed="13.38" pos="98.21" lane="1/3to2/3_0" slope="0.00"/>
        <vehicle id="37" x="411.34" y="401.65" angle="-90.00" type="DEFAULT_VEHTYPE" speed="4.07" pos="183.91" lane="3/2to2/2_0" slope="0.00"/>
        <vehicle id="38" x="799.92" y="598.35" angle="90.00" type="DEFAULT_VEHTYPE" speed="12.97" pos="195.17" lane="3/3to4/3_0" slope="0.00"/>
        <vehicle id="41" x="398.35" y="443.46" angle="0.00" type="DEFAULT_VEHTYPE" speed="13.01" pos="151.79" lane="2/3to2/2_0" slope="0.00"/>
        <vehicle id="44" x="310.50" y="201.65" angle="-90.00" type="DEFAULT_VEHTYPE" speed="13.86" pos="84.75" lane="2/1to1/1_0" slope="0.00"/>
        <vehicle id="48" x="398.35" y="216.80" angle="0.00" type="DEFAULT_VEHTYPE" speed="13.30" pos="178.45" lane="2/2to2/1_0" slope="0.00"/>
        <vehicle id="5" x="201.65" y="563.08" angle="180.00" type="DEFAULT_VEHTYPE" speed="12.88" pos="158.33" lane="1/2to1/3_0" slope="0.00"/>
        <vehicle id="7" x="398.35" y="493.04" angle="0.00" type="DEFAULT_VEHTYPE" speed="13.81" pos="102.21" lane="2/3to2/2_0" slope="0.00"/>
        <vehicle id="8" x="201.65" y="500.51" angle="180.00" type="DEFAULT_VEHTYPE" speed="13.04" pos="95.76" lane="1/2to1/3_0" slope="0.00"/>
    </timestep>
    <timestep time="324.00">
        <vehicle id="0" x="395.70" y="598.41" angle="90.73" type="DEFAULT_VEHTYPE" speed="4.81" pos="0.45" lane=":2/3_14_0" slope="0.00"/>
        <vehicle id="1" x="601.65" y="465.98" angle="180.00" type="DEFAULT_VEHTYPE" speed="13.88" pos="61.23" lane="3/2to3/3_0" slope="0.00"/>
        <vehicle id="17" x="398.35" y="662.48" angle="0.00" type="DEFAULT_VEHTYPE" speed="13.57" pos="137.52" lane="2/4to2/3_0" slope="0.00"/>
        <vehicle id="18" x="401.65" y="673.51" angle="180.00" type="DEFAULT_VEHTYPE" speed="12.98" pos="68.76" lane="2/3to2/4_0" slope="0.00"/>
        <vehicle id="21" x="379.63" y="598.35" angle="90.00" type="DEFAULT_VEHTYPE" speed="4.53" pos="174.88" lane="1/3to2/3_0" slope="0.00"/>
        <vehicle id="22" x="398.35" y="161.59" angle="0.00" type="DEFAULT_VEHTYPE" speed="12.79" pos="33.66" lane="2/1to2/0_0" slope="0.00"/>
        <vehicle id="24" x="209.19" y="201.65" angle="-90.00" type="DEFAULT_VEHTYPE" speed="4.08" pos="186.06" lane="2/1to1/1_0" slope="0.00"/>
        <vehicle id="26" x="44.26" y="398.35" angle="90.00" type="DEFAULT_VEHTYPE" speed="13.45" pos="44.26" lane="0/2to1/2_0" slope="0.00"/>
        <vehicle id="28" x="398.35" y="727.71" angle="0.00" type="DEFAULT_VEHTYPE" speed="13.30" pos="72.29" lane="2/4to2/3_0" slope="0.00"/>
        <vehicle id="32" x="357.96" y="401.65" angle="-90.00" type="DEFAULT_VEHTYPE" speed="13.16" pos="37.29" lane="2/2to1/2_0" slope="0.00"/>
        <vehicle id="35" x="316.49" y="598.35" angle="90.00" type="DEFAULT_VEHTYPE" speed="13.53" pos="111.74" lane="1/3to2/3_0" slope="0.00"/>
        <vehicle id="37" x="405.76" y="401.65" angle="-90.00" type="DEFAULT_VEHTYPE" speed="5.59" pos="189.49" lane="3/2to2/2_0" slope="0.00"/>
        <vehicle id="38" x="792.15" y="601.65" angle="-90.00" type="DEFAULT_VEHTYPE" speed="12.75" pos="7.85" lane="4/3to3/3_0" slope="0.00"/>
        <vehicle id="41" x="398.35" y="430.19" angle="0.00" type="DEFAULT_VEHTYPE" speed="13.26" pos="165.06" lane="2/3to2/2_0" slope="0.00"/>
        <vehicle id="44" x="296.83" y="201.65" angle="-90.00" type="DEFAULT_VEHTYPE" speed="13.67" pos="98.42" lane="2/1to1/1_0" slope="0.00"/>
        <vehicle id="48" x="398.06" y="203.23" angle="-3.28" type="DEFAULT_VEHTYPE" speed="13.61" pos="1.56" lane=":2/1_0_0" slope="0.00"/>
        <vehicle id="5" x="201.65" y="575.99" angle="180.00" type="DEFAULT_VEHTYPE" speed="12.91" pos="171.24" lane="1/2to1/3_0" slope="0.00"/>
        <vehicle id="7" x="398.35" y="479.40" angle="0.00" type="DEFAULT_VEHTYPE" speed="13.63" pos="115.85" lane="2/3to2/2_0" slope="0.00"/>
        <vehicle id="8" x="201.65" y="514.00" angle="180.00" type="DEFAULT_VEHTYPE" speed="13.49" pos="109.25" lane="1/2to1/3_0" slope="0.00"/>
    </timestep>
    <timestep time="325.00">
        <vehicle id="0" x="401.27" y="602.10" angle="134.76" type="DEFAULT_VEHTYPE" speed="7.19" pos="7.64" lane=":2/3_14_0" slope="0.00"/>
        <vehicle id="1" x="601.65" y="478.97" angle="180.00" type="DEFAULT_VEHTYPE" speed="13.00" pos="74.22" lane="3/2to3/3_0" slope="0.00"/>
        <vehicle id="17" x="398.35" y="649.08" angle="0.00" type="DEFAULT_VEHTYPE" speed="13.39" pos="150.92" lane="2/4to2/3_0" slope="0.00"/>
        <vehicle id="18" x="401.65" y="686.30" angle="180.00" type="DEFAULT_VEHTYPE" speed="12.79" pos="81.55" lane="2/3to2/4_0" slope="0.00"/>
        <vehicle id="21" x="385.86" y="598.35" angle="90.00" type="DEFAULT_VEHTYPE" speed="6.24" pos="181.11" lane="1/3to2/3_0" slope="0.00"/>
        <vehicle id="22" x="398.35" y="148.01" angle="0.00" type="DEFAULT_VEHTYPE" speed="13.58" pos="47.24" lane="2/1to2/0_0" slope="0.00"/>
        <vehicle id="24" x="203.59" y="201.81" angle="-91.85" type="DEFAULT_VEHTYPE" speed="5.61" pos="1.17" lane=":1/1_4_0" slope="0.00"/>
        <vehicle id="26" x="56.93" y="398.35" angle="90.00" type="DEFAULT_VEHTYPE" speed="12.67" pos="56.93" lane="0/2to1/2_0" slope="0.00"/>
        <vehicle id="28" x="398.35" y="713.86" angle="0.00" type="DEFAULT_VEHTYPE" speed="13.85" pos="86.14" lane="2/4to2/3_0" slope="0.00"/>
        <vehicle id="32" x="344.85" y="401.65" angle="-90.00" type="DEFAULT_VEHTYPE" speed="13.11" pos="50.40" lane="2/2to1/2_0" slope="0.00"/>
        <vehicle id="35" x="329.73" y="598.35" angle="90.00" type="DEFAULT_VEHTYPE" speed="13.24" pos="124.98" lane="1/3to2/3_0" slope="0.00"/>
        <vehicle id="37" x="404.67" y="401.65" angle="-90.00" type="DEFAULT_VEHTYPE" speed="1.09" pos="0.08" lane=":2/2_5_0" slope="0.00"/>
        <vehicle id="38" x="779.02" y="601.65" angle="-90.00" type="DEFAULT_VEHTYPE" speed="13.13" pos="20.98" lane="4/3to3/3_0" slope="0.00"/>
        <vehicle id="41" x="398.35" y="417.32" angle="0.00" type="DEFAULT_VEHTYPE" speed="12.87" pos="177.93" lane="2/3to2/2_0" slope="0.00"/>
        <vehicle id="44" x="283.59" y="201.65" angle="-90.00" type="DEFAULT_VEHTYPE" speed="13.25" pos="111.66" lane="2/1to1/1_0" slope="0.00"/>
        <vehicle id="48" x="385.94" y="201.65" angle="-90.00" type="DEFAULT_VEHTYPE" speed="12.75" pos="9.31" lane="2/1to1/1_0" slope="0.00"/>
        <vehicle id="5" x="201.65" y="589.13" angle="180.00" type="DEFAULT_VEHTYPE" speed="13.14" pos="184.38" lane="1/2to1/3_0" slope="0.00"/>
        <vehicle id="7" x="398.35" y="466.10" angle="0.00" type="DEFAULT_VEHTYPE" speed="13.30" pos="129.15" lane="2/3to2/2_0" slope="0.00"/>
        <vehicle id="8" x="201.65" y="527.63" angle="180.00" type="DEFAULT_VEHTYPE" speed="13.63" pos="122.88" lane="1/2to1/3_0" slope="0.00"/>
    </timestep>
    <timestep time="326.00">
        <vehicle id="0" x="401.65" y="610.58" angle="180.00" type="DEFAULT_VEHTYPE" speed="8.51" pos="5.83" lane="2/3to2/4_0" slope="0.00"/>
        <vehicle id="1" x="601.65" y="492.58" angle="180.00" type="DEFAULT_VEHTYPE" speed="13.61" pos="87.83" lane="3/2to3/3_0" slope="0.00"/>
        <vehicle id="17" x="398.35" y="636.34" angle="0.00" type="DEFAULT_VEHTYPE" speed="12.75" pos="163.66" lane="2/4to2/3_0" slope="0.00"/>
        <vehicle id="18" x="401.65" y="699.74" angle="180.00" type="DEFAULT_VEHTYPE" speed="13.44" pos="94.99" lane="2/3to2/4_0" slope="0.00"/>
        <vehicle id="21" x="389.39" y="598.35" angle="90.00" type="DEFAULT_VEHTYPE" speed="3.53" pos="184.64" lane="1/3to2/3_0" slope="0.00"/>
        <vehicle id="22" x="398.35" y="134.69" angle="0.00" type="DEFAULT_VEHTYPE" speed="13.32" pos="60.56" lane="2/1to2/0_0" slope="0.00"/>
        <vehicle id="24" x="201.65" y="208.91" angle="-178.66" type="DEFAULT_VEHTYPE" speed="7.99" pos="4.16" lane="1/1to1/2_0" slope="0.00"/>
        <vehicle id="26" x="69.71" y="398.35" angle="90.00" type="DEFAULT_VEHTYPE" speed="12.78" pos="69.71" lane="0/2to1/2_0" slope="0.00"/>
        <vehicle id="28" x="398.35" y="701.17" angle="0.00" type="DEFAULT_VEHTYPE" speed="12.69" pos="98.83" lane="2/4to2/3_0" slope="0.00"/>
        <vehicle id="32" x="331.91" y="401.65" angle="-90.00" type="DEFAULT_VEHTYPE" speed="12.94" pos="63.34" lane="2/2to1/2_0" slope="0.00"/>
        <vehicle id="35" x="343.44" y="598.35" angle="90.00" type="DEFAULT_VEHTYPE" speed="13.71" pos="138.69" lane="1/3to2/3_0" slope="0.00"/>
        <vehicle id="37" x="401.56" y="401.65" angle="-90.00" type="DEFAULT_VEHTYPE" speed="3.11" pos="3.19" lane=":2/2_5_0" slope="0.00"/>
        <vehicle id="38" x="765.19" y="601.65" angle="-90.00" type="DEFAULT_VEHTYPE" speed="13.84" pos="34.81" lane="4/3to3/3_0" slope="0.00"/>
        <vehicle id="41" x="398.35" y="408.95" angle="0.00" type="DEFAULT_VEHTYPE" speed="8.37" pos="186.30" lane="2/3to2/2_0" slope="0.00"/>
        <vehicle id="44" x="270.41" y="201.65" angle="-90.00" type="DEFAULT_VEHTYPE" speed="13.17" pos="124.84" lane="2/1to1/1_0" slope="0.00"/>
        <vehicle id="48" x="372.64" y="201.65" angle="-90.00" type="DEFAULT_VEHTYPE" speed="13.31" pos="22.61" lane="2/1to1/1_0" slope="0.00"/>
        <vehicle id="5" x="207.52" y="598.35" angle="97.43" type="DEFAULT_VEHTYPE" speed="13.89" pos="2.77" lane="1/3to2/3_0" slope="0.00"/>
        <vehicle id="7" x="398.35" y="452.82" angle="0.00" type="DEFAULT_VEHTYPE" speed="13.28" pos="142.43" lane="2/3to2/2_0" slope="0.00"/>
        <vehicle id="8" x="201.65" y="541.14" angle="180.00" type="DEFAULT_VEHTYPE" speed="13.51" pos="136.39" lane="1/2to1/3_0" slope="0.00"/>
    </timestep>
    <timestep time="327.00">
        <vehicle id="0" x="401.65" y="620.88" angle="180.00" type="DEFAULT_VEHTYPE" speed="10.30" pos="16.13" lane="2/3to2/4_0" slope="0.00"/>
        <vehicle id="1" x="601.65" y="505.46" angle="180.00" type="DEFAULT_VEHTYPE" speed="12.88" pos="100.71" lane="3/2to3/3_0" slope="0.00"/>
        <vehicle id="17" x="398.35" y="623.16" angle="0.00" type="DEFAULT_VEHTYPE" speed="13.18" pos="176.84" lane="2/4to2/3_0" slope="0.00"/>
        <vehicle id="18" x="401.65" y="713.54" angle="180.00" type="DEFAULT_VEHTYPE" speed="13.81" pos="108.79" lane="2/3to2/4_0" slope="0.00"/>
        <vehicle id="21" x="390.82" y="598.35" angle="90.00" type="DEFAULT_VEHTYPE" speed="1.43" pos="186.07" lane="1/3to2/3_0" slope="0.00"/>
        <vehicle id="22" x="398.35" y="120.97" angle="0.00" type="DEFAULT_VEHTYPE" speed="13.72" pos="74.28" lane="2/1to2/0_0" slope="0.00"/>
        <vehicle id="24" x="201.65" y="219.13" angle="180.00" type="DEFAULT_VEHTYPE" speed="10.22" pos="14.38" lane="1/1to1/2_0" slope="0.00"/>
        <vehicle id="26" x="82.97" y="398.35" angle="90.00" type="DEFAULT_VEHTYPE" speed="13.26" pos="82.97" lane="0/2to1/2_0" slope="0.00"/>
        <vehicle id="28" x="398.35" y="687.79" angle="0.00" type="DEFAULT_VEHTYPE" speed="13.38" pos="112.21" lane="2/4to2/3_0" slope="0.00"/>
        <vehicle id="32" x="318.55" y="401.65" angle="-90.00" type="DEFAULT_VEHTYPE" speed="13.37" pos="76.70" lane="2/2to1/2_0" slope="0.00"/>
        <vehicle id="35" x="357.18" y="598.35" angle="90.00" type="DEFAULT_VEHTYPE" speed="13.74" pos="152.43" lane="1/3to2/3_0" slope="0.00"/>
        <vehicle id="37" x="396.56" y="401.65" angle="-90.00" type="DEFAULT_VEHTYPE" speed="5.00" pos="8.19" lane=":2/2_5_0" slope="0.00"/>
        <vehicle id="38" x="751.51" y="601.65" angle="-90.00" type="DEFAULT_VEHTYPE" speed="13.68" pos="48.49" lane="4/3to3/3_0" slope="0.00"/>
        <vehicle id="41" x="398.35" y="405.08" angle="0.00" type="DEFAULT_VEHTYPE" speed="3.87" pos="190.17" lane="2/3to2/2_0" slope="0.00"/>
        <vehicle id="44" x="257.20" y="201.65" angle="-90.00" type="DEFAULT_VEHTYPE" speed="13.21" pos="138.05" lane="2/1to1/1_0" slope="0.00"/>
        <vehicle id="48" x="359.20" y="201.65" angle="-90.00" type="DEFAULT_VEHTYPE" speed="13.44" pos="36.05" lane="2/1to1/1_0" slope="0.00"/>
        <vehicle id="5" x="221.13" y="598.35" angle="90.00" type="DEFAULT_VEHTYPE" speed="13.61" pos="16.38" lane="1/3to2/3_0" slope="0.00"/>
        <vehicle id="7" x="398.35" y="440.12" angle="0.00" type="DEFAULT_VEHTYPE" speed="12.71" pos="155.13" lane="2/3to2/2_0" slope="0.00"/>
        <vehicle id="8" x="201.65" y="554.69" angle="180.00" type="DEFAULT_VEHTYPE" speed="13.55" pos="149.94" lane="1/2to1/3_0" slope="0.00"/>
    </timestep>
    <timestep time="328.00">
        <vehicle id="0" x="401.65" y="633.64" angle="180.00" type="DEFAULT_VEHTYPE" speed="12.76" pos="28.89" lane="2/3to2/4_0" slope="0.00"/>
        <vehicle id="1" x="601.65" y="519.04" angle="180.00" type="DEFAULT_VEHTYPE" speed="13.58" pos="114.29" lane="3/2to3/3_0" slope="0.00"/>
        <vehicle id="17" x="398.35" y="609.62" angle="0.00" type="DEFAULT_VEHTYPE" speed="13.54" pos="190.38" lane="2/4to2/3_0" slope="0.00"/>
        <vehicle id="18" x="401.65" y="726.50" angle="180.00" type="DEFAULT_VEHTYPE" speed="12.95" pos="121.75" lane="2/3to2/4_0" slope="0.00"/>
        <vehicle id="21" x="391.74" y="598.35" angle="90.00" type="DEFAULT_VEHTYPE" speed="0.92" pos="186.99" lane="1/3to2/3_0" slope="0.00"/>
        <vehicle id="22" x="398.35" y="107.60" angle="0.00" type="DEFAULT_VEHTYPE" speed="13.38" pos="87.65" lane="2/1to2/0_0" slope="0.00"/>
        <vehicle id="24" x="201.65" y="230.66" angle="180.00" type="DEFAULT_VEHTYPE" speed="11.53" pos="25.91" lane="1/1to1/2_0" slope="0.00"/>
        <vehicle id="26" x="96.66" y="398.35" angle="90.00" type="DEFAULT_VEHTYPE" speed="13.69" pos="96.66" lane="0/2to1/2_0" slope="0.00"/>
        <vehicle id="28" x="398.35" y="674.84" angle="0.00" type="DEFAULT_VEHTYPE" speed="12.95" pos="125.16" lane="2/4to2/3_0" slope="0.00"/>
        <vehicle id="32" x="304.75" y="401.65" angle="-90.00" type="DEFAULT_VEHTYPE" speed="13.79" pos="90.50" lane="2/2to1/2_0" slope="0.00"/>
        <vehicle id="35" x="368.29" y="598.35" angle="90.00" type="DEFAULT_VEHTYPE" speed="11.10" pos="163.54" lane="1/3to2/3_0" slope="0.00"/>
        <vehicle id="37" x="389.97" y="401.65" angle="-90.00" type="DEFAULT_VEHTYPE" speed="6.59" pos="5.28" lane="2/2to1/2_0" slope="0.00"/>
        <vehicle id="38" x="737.64" y="601.65" angle="-90.00" type="DEFAULT_VEHTYPE" speed="13.86" pos="62.36" lane="4/3to3/3_0" slope="0.00"/>
        <vehicle id="41" x="398.35" y="403.86" angle="0.00" type="DEFAULT_VEHTYPE" speed="1.22" pos="0.89" lane=":2/2_1_0" slope="0.00"/>
        <vehicle id="44" x="244.54" y="201.65" angle="-90.00" type="DEFAULT_VEHTYPE" speed="12.66" pos="150.71" lane="2/1to1/1_0" slope="0.00"/>
        <vehicle id="48" x="345.67" y="201.65" angle="-90.00" type="DEFAULT_VEHTYPE" speed="13.53" pos="49.58" lane="2/1to1/1_0" slope="0.00"/>
        <vehicle id="5" x="234.23" y="598.35" angle="90.00" type="DEFAULT_VEHTYPE" speed="13.11" pos="29.48" lane="1/3to2/3_0" slope="0.00"/>
        <vehicle id="7" x="398.35" y="428.50" angle="0.00" type="DEFAULT_VEHTYPE" speed="11.61" pos="166.75" lane="2/3to2/2_0" slope="0.00"/>
        <vehicle id="8" x="201.65" y="567.42" angle="180.00" type="DEFAULT_VEHTYPE" speed="12.73" pos="162.67" lane="1/2to1/3_0" slope="0.00"/>
    </timestep>
    <timestep time="329.00">
        <vehicle id="0" x="401.65" y="647.22" angle="180.00" type="DEFAULT_VEHTYPE" speed="13.57" pos="42.47" lane="2/3to2/4_0" slope="0.00"/>
        <vehicle id="1" x="601.65" y="532.92" angle="180.00" type="DEFAULT_VEHTYPE" speed="13.87" pos="128.17" lane="3/2to3/3_0" slope="0.00"/>
        <vehicle id="17" x="398.35" y="596.08" angle="0.00" type="DEFAULT_VEHTYPE" speed="13.54" pos="8.67" lane=":2/3_1_0" slope="0.00"/>
        <vehicle id="18" x="401.65" y="739.82" angle="180.00" type="DEFAULT_VEHTYPE" speed="13.32" pos="135.07" lane="2/3to2/4_0" slope="0.00"/>
        <vehicle id="21" x="392.64" y="598.35" angle="90.00" type="DEFAULT_VEHTYPE" speed="0.90" pos="187.89" lane="1/3to2/3_0" slope="0.00"/>
        <vehicle id="22" x="398.35" y="93.94" angle="0.00" type="DEFAULT_VEHTYPE" speed="13.65" pos="101.31" lane="2/1to2/0_0" slope="0.00"/>
        <vehicle id="24" x="201.65" y="243.60" angle="180.00" type="DEFAULT_VEHTYPE" speed="12.94" pos="38.85" lane="1/1to1/2_0" slope="0.00"/>
        <vehicle id="26" x="110.29" y="398.35" angle="90.00" type="DEFAULT_VEHTYPE" speed="13.63" pos="110.29" lane="0/2to1/2_0" slope="0.00"/>
        <vehicle id="28" x="398.35" y="661.38" angle="0.00" type="DEFAULT_VEHTYPE" speed="13.46" pos="138.62" lane="2/4to2/3_0" slope="0.00"/>
        <vehicle id="32" x="291.96" y="401.65" angle="-90.00" type="DEFAULT_VEHTYPE" speed="12.80" pos="103.29" lane="2/2to1/2_0" slope="0.00"/>
        <vehicle id="35" x="375.44" y="598.35" angle="90.00" type="DEFAULT_VEHTYPE" speed="7.16" pos="170.69" lane="1/3to2/3_0" slope="0.00"/>
        <vehicle id="37" x="381.55" y="401.65" angle="-90.00" type="DEFAULT_VEHTYPE" speed="8.41" pos="13.70" lane="2/2to1/2_0" slope="0.00"/>
        <vehicle id="38" x="724.13" y="601.65" angle="-90.00" type="DEFAULT_VEHTYPE" speed="13.52" pos="75.87" lane="4/3to3/3_0" slope="0.00"/>
        <vehicle id="41" x="398.35" y="400.71" angle="0.00" type="DEFAULT_VEHTYPE" speed="3.15" pos="4.04" lane=":2/2_1_0" slope="0.00"/>
        <vehicle id="44" x="230.76" y="201.65" angle="-90.00" type="DEFAULT_VEHTYPE" speed="13.78" pos="164.49" lane="2/1to1/1_0" slope="0.00"/>
        <vehicle id="48" x="332.89" y="201.65" angle="-90.00" type="DEFAULT_VEHTYPE" speed="12.78" pos="62.36" lane="2/1to1/1_0" slope="0.00"/>
        <vehicle id="5" x="247.21" y="598.35" angle="90.00" type="DEFAULT_VEHTYPE" speed="12.98" pos="42.46" lane="1/3to2/3_0" slope="0.00"/>
        <vehicle id="7" x="398.35" y="420.90" angle="0.00" type="DEFAULT_VEHTYPE" speed="7.60" pos="174.35" lane="2/3to2/2_0" slope="0.00"/>
        <vehicle id="8" x="201.65" y="580.04" angle="180.00" type="DEFAULT_VEHTYPE" speed="12.62" pos="175.29" lane="1/2to1/3_0" slope="0.00"/>
    </timestep>
    <timestep time="330.00">
        <vehicle id="0" x="401.65" y="660.97" angle="180.00" type="DEFAULT_VEHTYPE" speed="13.75" pos="56.22" lane="2/3to2/4_0" slope="0.00"/>
        <vehicle id="1" x="601.65" y="546.37" angle="180.00" type="DEFAULT_VEHTYPE" speed="13.46" pos="141.62" lane="3/2to3/3_0" slope="0.00"/>
        <vehicle id="17" x="398.35" y="582.73" angle="0.00" type="DEFAULT_VEHTYPE" speed="13.35" pos="12.52" lane="2/3to2/2_0" slope="0.00"/>
        <vehicle id="18" x="401.65" y="752.43" angle="180.00" type="DEFAULT_VEHTYPE" speed="12.61" pos="147.68" lane="2/3to2/4_0" slope="0.00"/>
        <vehicle id="21" x="392.73" y="598.35" angle="90.00" type="DEFAULT_VEHTYPE" speed="0.09" pos="187.98" lane="1/3to2/3_0" slope="0.00"/>
        <vehicle id="22" x="398.35" y="80.23" angle="0.00" type="DEFAULT_VEHTYPE" speed="13.71" pos="115.02" lane="2/1to2/0_0" slope="0.00"/>
        <vehicle id="24" x="201.65" y="256.23" angle="180.00" type="DEFAULT_VEHTYPE" speed="12.63" pos="51.48" lane="1/1to1/2_0" slope="0.00"/>
        <vehicle id="26" x="123.49" y="398.35" angle="90.00" type="DEFAULT_VEHTYPE" speed="13.20" pos="123.49" lane="0/2to1/2_0" slope="0.00"/>
        <vehicle id="28" x="398.35" y="648.17" angle="0.00" type="DEFAULT_VEHTYPE" speed="13.21" pos="151.83" lane="2/4to2/3_0" slope="0.00"/>
        <vehicle id="32" x="279.08" y="401.65" angle="-90.00" type="DEFAULT_VEHTYPE" speed="12.88" pos="116.17" lane="2/2to1/2_0" slope="0.00"/>
        <vehicle id="35" x="380.64" y="598.35" angle="90.00" type="DEFAULT_VEHTYPE" speed="5.20" pos="175.89" lane="1/3to2/3_0" slope="0.00"/>
        <vehicle id="37" x="370.80" y="401.65" angle="-90.00" type="DEFAULT_VEHTYPE" speed="10.75" pos="24.45" lane="2/2to1/2_0" slope="0.00"/>
        <vehicle id="38" x="710.92" y="601.65" angle="-90.00" type="DEFAULT_VEHTYPE" speed="13.21" pos="89.08" lane="4/3to3/3_0" slope="0.00"/>
        <vehicle id="41" x="398.35" y="395.04" angle="0.00" type="DEFAULT_VEHTYPE" speed="5.67" pos="0.21" lane="2/2to2/1_0" slope="0.00"/>
        <vehicle id="44" x="221.18" y="201.65" angle="-90.00" type="DEFAULT_VEHTYPE" speed="9.58" pos="174.07" lane="2/1to1/1_0" slope="0.00"/>
        <vehicle id="48" x="319.56" y="201.65" angle="-90.00" type="DEFAULT_VEHTYPE" speed="13.34" pos="75.69" lane="2/1to1/1_0" slope="0.00"/>
        <vehicle id="5" x="260.54" y="598.35" angle="90.00" type="DEFAULT_VEHTYPE" speed="13.33" pos="55.79" lane="1/3to2/3_0" slope="0.00"/>
        <vehicle id="7" x="398.35" y="415.10" angle="0.00" type="DEFAULT_VEHTYPE" speed="5.80" pos="180.15" lane="2/3to2/2_0" slope="0.00"/>
        <vehicle id="8" x="201.65" y="592.79" angle="180.00" type="DEFAULT_VEHTYPE" speed="12.75" pos="188.04" lane="1/2to1/3_0" slope="0.00"/>
    </timestep>
    <timestep time="331.00">
        <vehicle id="0" x="401.65" y="674.53" angle="180.00" type="DEFAULT_VEHTYPE" speed="13.56" pos="69.78" lane="2/3to2/4_0" slope="0.00"/>
        <vehicle id="1" x="601.65" y="559.91" angle="180.00" type="DEFAULT_VEHTYPE" speed="13.54" pos="155.16" lane="3/2to3/3_0" slope="0.00"/>
        <vehicle id="17" x="398.35" y="569.37" angle="0.00" type="DEFAULT_VEHTYPE" speed="13.36" pos="25.88" lane="2/3to2/2_0" slope="0.00"/>
        <vehicle id="18" x="401.65" y="765.13" angle="180.00" type="DEFAULT_VEHTYPE" speed="12.70" pos="160.38" lane="2/3to2/4_0" slope="0.00"/>
        <vehicle id="21" x="392.74" y="598.35" angle="90.00" type="DEFAULT_VEHTYPE" speed="0.01" pos="187.99" lane="1/3to2/3_0" slope="0.00"/>
        <vehicle id="22" x="398.35" y="66.56" angle="0.00" type="DEFAULT_VEHTYPE" speed="13.67" pos="128.69" lane="2/1to2/0_0" slope="0.00"/>
        <vehicle id="24" x="201.65" y="269.66" angle="180.00" type="DEFAULT_VEHTYPE" speed="13.43" pos="64.91" lane="1/1to1/2_0" slope="0.00"/>
        <vehicle id="26" x="137.24" y="398.35" angle="90.00" type="DEFAULT_VEHTYPE" speed="13.75" pos="137.24" lane="0/2to1/2_0" slope="0.00"/>
        <vehicle id="28" x="398.35" y="634.33" angle="0.00" type="DEFAULT_VEHTYPE" speed="13.84" pos="165.67" lane="2/4to2/3_0" slope="0.00"/>
        <vehicle id="32" x="266.43" y="401.65" angle="-90.00" type="DEFAULT_VEHTYPE" speed="12.65" pos="128.82" lane="2/2to1/2_0" slope="0.00"/>
        <vehicle id="35" x="382.92" y="598.35" angle="90.00" type="DEFAULT_VEHTYPE" speed="2.28" pos="178.17" lane="1/3to2/3_0" slope="0.00"/>
        <vehicle id="37" x="357.65" y="401.65" angle="-90.00" type="DEFAULT_VEHTYPE" speed="13.15" pos="37.60" lane="2/2to1/2_0" slope="0.00"/>
        <vehicle id="38" x="697.83" y="601.65" angle="-90.00" type="DEFAULT_VEHTYPE" speed="13.09" pos="102.17" lane="4/3to3/3_0" slope="0.00"/>
        <vehicle id="41" x="398.35" y="387.33" angle="0.00" type="DEFAULT_VEHTYPE" speed="7.71" pos="7.92" lane="2/2to2/1_0" slope="0.00"/>
        <vehicle id="44" x="213.77" y="201.65" angle="-90.00" type="DEFAULT_VEHTYPE" speed="7.41" pos="181.48" lane="2/1to1/1_0" slope="0.00"/>
        <vehicle id="48" x="306.32" y="201.65" angle="-90.00" type="DEFAULT_VEHTYPE" speed="13.23" pos="88.93" lane="2/1to1/1_0" slope="0.00"/>
        <vehicle id="5" x="273.55" y="598.35" angle="90.00" type="DEFAULT_VEHTYPE" speed="13.01" pos="68.80" lane="1/3to2/3_0" slope="0.00"/>
        <vehicle id="7" x="398.35" y="406.71" angle="0.00" type="DEFAULT_VEHTYPE" speed="8.38" pos="188.54" lane="2/3to2/2_0" slope="0.00"/>
        <vehicle id="8" x="210.83" y="598.35" angle="90.00" type="DEFAULT_VEHTYPE" speed="13.54" pos="6.08" lane="1/3to2/3_0" slope="0.00"/>
    </timestep>
    <timestep time="332.00">
        <vehicle id="0" x="401.65" y="688.08" angle="180.00" type="DEFAULT_VEHTYPE" speed="13.55" pos="83.33" lane="2/3to2/4_0" slope="0.00"/>
        <vehicle id="1" x="601.65" y="572.71" angle="180.00" type="DEFAULT_VEHTYPE" speed="12.80" pos="167.96" lane="3/2to3/3_0" slope="0.00"/>
        <vehicle id="17" x="398.35" y="556.47" angle="0.00" type="DEFAULT_VEHTYPE" speed="12.90" pos="38.78" lane="2/3to2/2_0" slope="0.00"/>
        <vehicle id="18" x="401.65" y="778.83" angle="180.00" type="DEFAULT_VEHTYPE" speed="13.70" pos="174.08" lane="2/3to2/4_0" slope="0.00"/>
        <vehicle id="21" x="392.74" y="598.35" angle="90.00" type="DEFAULT_VEHTYPE" speed="0.00" pos="187.99" lane="1/3to2/3_0" slope="0.00"/>
        <vehicle id="22" x="398.35" y="53.17" angle="0.00" type="DEFAULT_VEHTYPE" speed="13.39" pos="142.08" lane="2/1to2/0_0" slope="0.00"/>
        <vehicle id="24" x="201.65" y="282.44" angle="180.00" type="DEFAULT_VEHTYPE" speed="12.79" pos="77.69" lane="1/1to1/2_0" slope="0.00"/>
        <vehicle id="26" x="150.36" y="398.35" angle="90.00" type="DEFAULT_VEHTYPE" speed="13.12" pos="150.36" lane="0/2to1/2_0" slope="0.00"/>
        <vehicle id="28" x="398.35" y="620.91" angle="0.00" type="DEFAULT_VEHTYPE" speed="13.42" pos="179.09" lane="2/4to2/3_0" slope="0.00"/>
        <vehicle id="32" x="253.56" y="401.65" angle="-90.00" type="DEFAULT_VEHTYPE" speed="12.87" pos="141.69" lane="2/2to1/2_0" slope="0.00"/>
        <vehicle id="35" x="384.29" y="598.35" angle="90.00" type="DEFAULT_VEHTYPE" speed="1.37" pos="179.54" lane="1/3to2/3_0" slope="0.00"/>
        <vehicle id="37" x="344.63" y="401.65" angle="-90.00" type="DEFAULT_VEHTYPE" speed="13.02" pos="50.62" lane="2/2to1/2_0" slope="0.00"/>
        <vehicle id="38" x="684.48" y="601.65" angle="-90.00" type="DEFAULT_VEHTYPE" speed="13.35" pos="115.52" lane="4/3to3/3_0" slope="0.00"/>
        <vehicle id="41" x="398.35" y="377.48" angle="0.00" type="DEFAULT_VEHTYPE" speed="9.85" pos="17.77" lane="2/2to2/1_0" slope="0.00"/>
        <vehicle id="44" x="209.84" y="201.65" angle="-90.00" type="DEFAULT_VEHTYPE" speed="3.94" pos="185.41" lane="2/1to1/1_0" slope="0.00"/>
        <vehicle id="48" x="292.78" y="201.65" angle="-90.00" type="DEFAULT_VEHTYPE" speed="13.54" pos="102.47" lane="2/1to1/1_0" slope="0.00"/>
        <vehicle id="5" x="286.20" y="598.35" angle="90.00" type="DEFAULT_VEHTYPE" speed="12.65" pos="81.45" lane="1/3to2/3_0" slope="0.00"/>
        <vehicle id="7" x="391.24" y="401.65" angle="-88.43" type="DEFAULT_VEHTYPE" speed="10.98" pos="4.01" lane="2/2to1/2_0" slope="0.00"/>
        <vehicle id="8" x="223.49" y="598.35" angle="90.00" type="DEFAULT_VEHTYPE" speed="12.66" pos="18.74" lane="1/3to2/3_0" slope="0.00"/>
    </timestep>
    <timestep time="333.00">
        <vehicle id="0" x="401.65" y="701.83" angle="180.00" type="DEFAULT_VEHTYPE" speed="13.75" pos="97.08" lane="2/3to2/4_0" slope="0.00"/>
        <vehicle id="1" x="601.65" y="585.59" angle="180.00" type="DEFAULT_VEHTYPE" speed="12.88" pos="180.84" lane="3/2to3/3_0" slope="0.00"/>
        <vehicle id="17" x="398.35" y="542.72" angle="0.00" type="DEFAULT_VEHTYPE" speed="13.75" pos="52.53" lane="2/3to2/2_0" slope="0.00"/>
        <vehicle id="18" x="401.65" y="792.17" angle="180.00" type="DEFAULT_VEHTYPE" speed="13.34" pos="187.42" lane="2/3to2/4_0" slope="0.00"/>
        <vehicle id="21" x="392.74" y="598.35" angle="90.00" type="DEFAULT_VEHTYPE" speed="0.00" pos="187.99" lane="1/3to2/3_0" slope="0.00"/>
        <vehicle id="22" x="398.35" y="40.32" angle="0.00" type="DEFAULT_VEHTYPE" speed="12.85" pos="154.93" lane="2/1to2/0_0" slope="0.00"/>
        <vehicle id="24" x="201.65" y="295.56" angle="180.00" type="DEFAULT_VEHTYPE" speed="13.11" pos="90.81" lane="1/1to1/2_0" slope="0.00"/>
        <vehicle id="26" x="164.01" y="398.35" angle="90.00" type="DEFAULT_VEHTYPE" speed="13.66" pos="164.01" lane="0/2to1/2_0" slope="0.00"/>
        <vehicle id="28" x="398.35" y="608.31" angle="0.00" type="DEFAULT_VEHTYPE" speed="12.60" pos="191.69" lane="2/4to2/3_0" slope="0.00"/>
        <vehicle id="32" x="240.02" y="401.65" angle="-90.00" type="DEFAULT_VEHTYPE" speed="13.53" pos="155.23" lane="2/2to1/2_0" slope="0.00"/>
        <vehicle id="35" x="384.72" y="598.35" angle="90.00" type="DEFAULT_VEHTYPE" speed="0.44" pos="179.97" lane="1/3to2/3_0" slope="0.00"/>
        <vehicle id="37" x="330.86" y="401.65" angle="-90.00" type="DEFAULT_VEHTYPE" speed="13.77" pos="64.39" lane="2/2to1/2_0" slope="0.00"/>
        <vehicle id="38" x="671.45" y="601.65" angle="-90.00" type="DEFAULT_VEHTYPE" speed="13.03" pos="128.55" lane="4/3to3/3_0" slope="0.00"/>
        <vehicle id="41" x="398.35" y="365.93" angle="0.00" type="DEFAULT_VEHTYPE" speed="11.55" pos="29.32" lane="2/2to2/1_0" slope="0.00"/>
        <vehicle id="44" x="204.35" y="201.71" angle="-90.63" type="DEFAULT_VEHTYPE" speed="5.49" pos="0.40" lane=":1/1_4_0" slope="0.00"/>
        <vehicle id="48" x="279.72" y="201.65" angle="-90.00" type="DEFAULT_VEHTYPE" speed="13.06" pos="115.53" lane="2/1to1/1_0" slope="0.00"/>
        <vehicle id="5" x="299.66" y="598.35" angle="90.00" type="DEFAULT_VEHTYPE" speed="13.46" pos="94.91" lane="1/3to2/3_0" slope="0.00"/>
        <vehicle id="7" x="377.85" y="401.65" angle="-90.00" type="DEFAULT_VEHTYPE" speed="13.39" pos="17.40" lane="2/2to1/2_0" slope="0.00"/>
        <vehicle id="8" x="236.91" y="598.35" angle="90.00" type="DEFAULT_VEHTYPE" speed="13.42" pos="32.16" lane="1/3to2/3_0" slope="0.00"/>
    </timestep>
    <timestep time="334.00">
        <vehicle id="0" x="401.65" y="715.60" angle="180.00" type="DEFAULT_VEHTYPE" speed="13.76" pos="110.85" lane="2/3to2/4_0" slope="0.00"/>
        <vehicle id="1" x="603.91" y="598.23" angle="149.46" type="DEFAULT_VEHTYPE" speed="13.82" pos="4.16" lane=":3/3_8_0" slope="0.00"/>
        <vehicle id="17" x="398.35" y="529.70" angle="0.00" type="DEFAULT_VEHTYPE" speed="13.02" pos="65.55" lane="2/3to2/2_0" slope="0.00"/>
        <vehicle id="18" x="398.35" y="799.14" angle="-64.00" type="DEFAULT_VEHTYPE" speed="13.51" pos="0.86" lane="2/4to2/3_0" slope="0.00"/>
        <vehicle id="21" x="392.74" y="598.35" angle="90.00" type="DEFAULT_VEHTYPE" speed="0.00" pos="187.99" lane="1/3to2/3_0" slope="0.00"/>
        <vehicle id="22" x="398.35" y="27.36" angle="0.00" type="DEFAULT_VEHTYPE" speed="12.96" pos="167.89" lane="2/1to2/0_0" slope="0.00"/>
        <vehicle id="24" x="201.65" y="308.59" angle="180.00" type="DEFAULT_VEHTYPE" speed="13.04" pos="103.84" lane="1/1to1/2_0" slope="0.00"/>
        <vehicle id="26" x="175.41" y="398.35" angle="90.00" type="DEFAULT_VEHTYPE" speed="11.40" pos="175.41" lane="0/2to1/2_0" slope="0.00"/>
        <vehicle id="28" x="398.35" y="594.86" angle="0.00" type="DEFAULT_VEHTYPE" speed="13.45" pos="0.39" lane="2/3to2/2_0" slope="0.00"/>
        <vehicle id="32" x="227.76" y="401.65" angle="-90.00" type="DEFAULT_VEHTYPE" speed="12.27" pos="167.49" lane="2/2to1/2_0" slope="0.00"/>
        <vehicle id="35" x="385.19" y="598.35" angle="90.00" type="DEFAULT_VEHTYPE" speed="0.47" pos="180.44" lane="1/3to2/3_0" slope="0.00"/>
        <vehicle id="37" x="317.61" y="401.65" angle="-90.00" type="DEFAULT_VEHTYPE" speed="13.25" pos="77.64" lane="2/2to1/2_0" slope="0.00"/>
        <vehicle id="38" x="658.69" y="601.65" angle="-90.00" type="DEFAULT_VEHTYPE" speed="12.76" pos="141.31" lane="4/3to3/3_0" slope="0.00"/>
        <vehicle id="41" x="398.35" y="352.28" angle="0.00" type="DEFAULT_VEHTYPE" speed="13.64" pos="42.97" lane="2/2to2/1_0" slope="0.00"/>
        <vehicle id="44" x="201.65" y="207.10" angle="-169.16" type="DEFAULT_VEHTYPE" speed="6.95" pos="2.35" lane="1/1to1/2_0" slope="0.00"/>
        <vehicle id="48" x="266.31" y="201.65" angle="-90.00" type="DEFAULT_VEHTYPE" speed="13.41" pos="128.94" lane="2/1to1/1_0" slope="0.00"/>
        <vehicle id="5" x="312.82" y="598.35" angle="90.00" type="DEFAULT_VEHTYPE" speed="13.16" pos="108.07" lane="1/3to2/3_0" slope="0.00"/>
        <vehicle id="7" x="364.52" y="401.65" angle="-90.00" type="DEFAULT_VEHTYPE" speed="13.33" pos="30.73" lane="2/2to1/2_0" slope="0.00"/>
        <vehicle id="8" x="250.60" y="598.35" angle="90.00" type="DEFAULT_VEHTYPE" speed="13.69" pos="45.85" lane="1/3to2/3_0" slope="0.00"/>
    </timestep>
    <timestep time="335.00">
        <vehicle id="0" x="401.65" y="729.13" angle="180.00" type="DEFAULT_VEHTYPE" speed="13.53" pos="124.38" lane="2/3to2/4_0" slope="0.00"/>
        <vehicle id="1" x="616.51" y="598.35" angle="90.00" type="DEFAULT_VEHTYPE" speed="12.61" pos="11.76" lane="3/3to4/3_0" slope="0.00"/>
        <vehicle id="17" x="398.35" y="515.88" angle="0.00" type="DEFAULT_VEHTYPE" speed="13.83" pos="79.37" lane="2/3to2/2_0" slope="0.00"/>
        <vehicle id="18" x="398.35" y="786.28" angle="0.00" type="DEFAULT_VEHTYPE" speed="12.86" pos="13.72" lane="2/4to2/3_0" slope="0.00"/>
        <vehicle id="21" x="394.09" y="598.35" angle="90.00" type="DEFAULT_VEHTYPE" speed="1.34" pos="189.34" lane="1/3to2/3_0" slope="0.00"/>
        <vehicle id="22" x="398.35" y="13.54" angle="0.00" type="DEFAULT_VEHTYPE" speed="13.82" pos="181.71" lane="2/1to2/0_0" slope="0.00"/>
        <vehicle id="24" x="201.65" y="322.07" angle="180.00" type="DEFAULT_VEHTYPE" speed="13.48" pos="117.32" lane="1/1to1/2_0" slope="0.00"/>
        <vehicle id="26" x="183.07" y="398.35" angle="90.00" type="DEFAULT_VEHTYPE" speed="7.66" pos="183.07" lane="0/2to1/2_0" slope="0.00"/>
        <vehicle id="28" x="398.35" y="581.91" angle="0.00" type="DEFAULT_VEHTYPE" speed="12.95" pos="13.34" lane="2/3to2/2_0" slope="0.00"/>
        <vehicle id="32" x="218.64" y="401.65" angle="-90.00" type="DEFAULT_VEHTYPE" speed="9.11" pos="176.61" lane="2/2to1/2_0" slope="0.00"/>
        <vehicle id="35" x="385.22" y="598.35" angle="90.00" type="DEFAULT_VEHTYPE" speed="0.03" pos="180.47" lane="1/3to2/3_0" slope="0.00"/>
        <vehicle id="37" x="303.72" y="401.65" angle="-90.00" type="DEFAULT_VEHTYPE" speed="13.88" pos="91.53" lane="2/2to1/2_0" slope="0.00"/>
        <vehicle id="38" x="646.04" y="601.65" angle="-90.00" type="DEFAULT_VEHTYPE" speed="12.65" pos="153.96" lane="4/3to3/3_0" slope="0.00"/>
        <vehicle id="41" x="398.35" y="339.40" angle="0.00" type="DEFAULT_VEHTYPE" speed="12.88" pos="55.85" lane="2/2to2/1_0" slope="0.00"/>
        <vehicle id="44" x="201.65" y="215.92" angle="180.00" type="DEFAULT_VEHTYPE" speed="8.82" pos="11.17" lane="1/1to1/2_0" slope="0.00"/>
        <vehicle id="48" x="252.89" y="201.65" angle="-90.00" type="DEFAULT_VEHTYPE" speed="13.42" pos="142.36" lane="2/1to1/1_0" slope="0.00"/>
        <vehicle id="5" x="325.53" y="598.35" angle="90.00" type="DEFAULT_VEHTYPE" speed="12.71" pos="120.78" lane="1/3to2/3_0" slope="0.00"/>
        <vehicle id="7" x="351.45" y="401.65" angle="-90.00" type="DEFAULT_VEHTYPE" speed="13.06" pos="43.80" lane="2/2to1/2_0" slope="0.00"/>
        <vehicle id="8" x="263.33" y="598.35" angle="90.00" type="DEFAULT_VEHTYPE" speed="12.72" pos="58.58" lane="1/3to2/3_0" slope="0.00"/>
    </timestep>
    <timestep time="336.00">
        <vehicle id="0" x="401.65" y="742.94" angle="180.00" type="DEFAULT_VEHTYPE" speed="13.81" pos="138.19" lane="2/3to2/4_0" slope="0.00"/>
        <vehicle id="1" x="629.15" y="598.35" angle="90.00" type="DEFAULT_VEHTYPE" speed="12.64" pos="24.40" lane="3/3to4/3_0" slope="0.00"/>
        <vehicle id="17" x="398.35" y="502.55" angle="0.00" type="DEFAULT_VEHTYPE" speed="13.32" pos="92.70" lane="2/3to2/2_0" slope="0.00"/>
        <vehicle id="18" x="398.35" y="772.65" angle="0.00" type="DEFAULT_VEHTYPE" speed="13.63" pos="27.35" lane="2/4to2/3_0" slope="0.00"/>
        <vehicle id="21" x="397.20" y="598.63" angle="93.20" type="DEFAULT_VEHTYPE" speed="3.13" pos="1.97" lane=":2/3_14_0" slope="0.00"/>
        <vehicle id="22" x="398.51" y="-0.24" angle="1.85" type="DEFAULT_VEHTYPE" speed="13.83" pos="0.29" lane=":2/0_0_0" slope="0.00"/>
        <vehicle id="24" x="201.65" y="335.03" angle="180.00" type="DEFAULT_VEHTYPE" speed="12.96" pos="130.28" lane="1/1to1/2_0" slope="0.00"/>
        <vehicle id="26" x="188.43" y="398.35" angle="90.00" type="DEFAULT_VEHTYPE" speed="5.36" pos="188.43" lane="0/2to1/2_0" slope="0.00"/>
        <vehicle id="28" x="398.35" y="568.68" angle="0.00" type="DEFAULT_VEHTYPE" speed="13.23" pos="26.57" lane="2/3to2/2_0" slope="0.00"/>
        <vehicle id="32" x="212.30" y="401.65" angle="-90.00" type="DEFAULT_VEHTYPE" speed="6.34" pos="182.95" lane="2/2to1/2_0" slope="0.00"/>
        <vehicle id="35" x="386.23" y="598.35" angle="90.00" type="DEFAULT_VEHTYPE" speed="1.01" pos="181.48" lane="1/3to2/3_0" slope="0.00"/>
        <vehicle id="37" x="289.90" y="401.65" angle="-90.00" type="DEFAULT_VEHTYPE" speed="13.82" pos="105.35" lane="2/2to1/2_0" slope="0.00"/>
        <vehicle id="38" x="633.20" y="601.65" angle="-90.00" type="DEFAULT_VEHTYPE" speed="12.83" pos="166.80" lane="4/3to3/3_0" slope="0.00"/>
        <vehicle id="41" x="398.35" y="326.34" angle="0.00" type="DEFAULT_VEHTYPE" speed="13.06" pos="68.91" lane="2/2to2/1_0" slope="0.00"/>
        <vehicle id="44" x="201.65" y="226.76" angle="180.00" type="DEFAULT_VEHTYPE" speed="10.84" pos="22.01" lane="1/1to1/2_0" slope="0.00"/>
        <vehicle id="48" x="239.46" y="201.65" angle="-90.00" type="DEFAULT_VEHTYPE" speed="13.43" pos="155.79" lane="2/1to1/1_0" slope="0.00"/>
        <vehicle id="5" x="339.03" y="598.35" angle="90.00" type="DEFAULT_VEHTYPE" speed="13.50" pos="134.28" lane="1/3to2/3_0" slope="0.00"/>
        <vehicle id="7" x="338.07" y="401.65" angle="-90.00" type="DEFAULT_VEHTYPE" speed="13.39" pos="57.18" lane="2/2to1/2_0" slope="0.00"/>
        <vehicle id="8" x="276.49" y="598.35" angle="90.00" type="DEFAULT_VEHTYPE" speed="13.17" pos="71.74" lane="1/3to2/3_0" slope="0.00"/>
    </timestep>
    <timestep time="337.00">
        <vehicle id="0" x="401.65" y="755.79" angle="180.00" type="DEFAULT_VEHTYPE" speed="12.85" pos="151.04" lane="2/3to2/4_0" slope="0.00"/>
        <vehicle id="1" x="641.94" y="598.35" angle="90.00" type="DEFAULT_VEHTYPE" speed="12.79" pos="37.19" lane="3/3to4/3_0" slope="0.00"/>
        <vehicle id="17" x="398.35" y="489.87" angle="0.00" type="DEFAULT_VEHTYPE" speed="12.68" pos="105.38" lane="2/3to2/2_0" slope="0.00"/>
        <vehicle id="18" x="398.35" y="759.94" angle="0.00" type="DEFAULT_VEHTYPE" speed="12.71" pos="40.06" lane="2/4to2/3_0" slope="0.00"/>
        <vehicle id="21" x="400.83" y="601.24" angle="124.08" type="DEFAULT_VEHTYPE" speed="4.70" pos="6.67" lane=":2/3_14_0" slope="0.00"/>
        <vehicle id="22" x="401.65" y="8.45" angle="180.00" type="DEFAULT_VEHTYPE" speed="12.98" pos="8.45" lane="2/0to2/1_0" slope="0.00"/>
        <vehicle id="24" x="201.65" y="348.34" angle="180.00" type="DEFAULT_VEHTYPE" speed="13.31" pos="143.59" lane="1/1to1/2_0" slope="0.00"/>
        <vehicle id="26" x="191.29" y="398.35" angle="90.00" type="DEFAULT_VEHTYPE" speed="2.86" pos="191.29" lane="0/2to1/2_0" slope="0.00"/>
        <vehicle id="28" x="398.35" y="555.43" angle="0.00" type="DEFAULT_VEHTYPE" speed="13.25" pos="39.82" lane="2/3to2/2_0" slope="0.00"/>
        <vehicle id="32" x="209.64" y="401.65" angle="-90.00" type="DEFAULT_VEHTYPE" speed="2.66" pos="185.61" lane="2/2to1/2_0" slope="0.00"/>
        <vehicle id="35" x="387.91" y="598.35" angle="90.00" type="DEFAULT_VEHTYPE" speed="1.68" pos="183.16" lane="1/3to2/3_0" slope="0.00"/>
        <vehicle id="37" x="277.24" y="401.65" angle="-90.00" type="DEFAULT_VEHTYPE" speed="12.66" pos="118.01" lane="2/2to1/2_0" slope="0.00"/>
        <vehicle id="38" x="622.25" y="601.65" angle="-90.00" type="DEFAULT_VEHTYPE" speed="10.95" pos="177.75" lane="4/3to3/3_0" slope="0.00"/>
        <vehicle id="41" x="398.35" y="313.64" angle="0.00" type="DEFAULT_VEHTYPE" speed="12.71" pos="81.61" lane="2/2to2/1_0" slope="0.00"/>
        <vehicle id="44" x="201.65" y="239.66" angle="180.00" type="DEFAULT_VEHTYPE" speed="12.90" pos="34.91" lane="1/1to1/2_0" slope="0.00"/>
        <vehicle id="48" x="226.74" y="201.65" angle="-90.00" type="DEFAULT_VEHTYPE" speed="12.72" pos="168.51" lane="2/1to1/1_0" slope="0.00"/>
        <vehicle id="5" x="352.64" y="598.35" angle="90.00" type="DEFAULT_VEHTYPE" speed="13.61" pos="147.89" lane="1/3to2/3_0" slope="0.00"/>
        <vehicle id="7" x="325.02" y="401.65" angle="-90.00" type="DEFAULT_VEHTYPE" speed="13.04" pos="70.23" lane="2/2to1/2_0" slope="0.00"/>
        <vehicle id="8" x="289.74" y="598.35" angle="90.00" type="DEFAULT_VEHTYPE" speed="13.25" pos="84.99" lane="1/3to2/3_0" slope="0.00"/>
    </timestep>
    <timestep time="338.00">
        <vehicle id="0" x="401.65" y="768.90" angle="180.00" type="DEFAULT_VEHTYPE" speed="13.11" pos="164.15" lane="2/3to2/4_0" slope="0.00"/>
        <vehicle id="1" x="655.46" y="598.35" angle="90.00" type="DEFAULT_VEHTYPE" speed="13.52" pos="50.71" lane="3/3to4/3_0" slope="0.00"/>
        <vehicle id="17" x="398.35" y="476.72" angle="0.00" type="DEFAULT_VEHTYPE" speed="13.15" pos="118.53" lane="2/3to2/2_0" slope="0.00"/>
        <vehicle id="18" x="398.35" y="747.04" angle="0.00" type="DEFAULT_VEHTYPE" speed="12.90" pos="52.96" lane="2/4to2/3_0" slope="0.00"/>
        <vehicle id="21" x="401.65" y="607.31" angle="176.03" type="DEFAULT_VEHTYPE" speed="6.21" pos="2.56" lane="2/3to2/4_0" slope="0.00"/>
        <vehicle id="22" x="401.65" y="21.69" angle="180.00" type="DEFAULT_VEHTYPE" speed="13.24" pos="21.69" lane="2/0to2/1_0" slope="0.00"/>
        <vehicle id="24" x="201.65" y="362.21" angle="180.00" type="DEFAULT_VEHTYPE" speed="13.87" pos="157.46" lane="1/1to1/2_0" slope="0.00"/>
        <vehicle id="26" x="192.14" y="398.35" angle="90.00" type="DEFAULT_VEHTYPE" speed="0.85" pos="192.14" lane="0/2to1/2_0" slope="0.00"/>
        <vehicle id="28" x="398.35" y="542.77" angle="0.00" type="DEFAULT_VEHTYPE" speed="12.66" pos="52.48" lane="2/3to2/2_0" slope="0.00"/>
        <vehicle id="32" x="204.88" y="401.65" angle="-90.00" type="DEFAULT_VEHTYPE" speed="4.76" pos="190.37" lane="2/2to1/2_0" slope="0.00"/>
        <vehicle id="35" x="390.24" y="598.35" angle="90.00" type="DEFAULT_VEHTYPE" speed="2.32" pos="185.49" lane="1/3to2/3_0" slope="0.00"/>
        <vehicle id="37" x="264.20" y="401.65" angle="-90.00" type="DEFAULT_VEHTYPE" speed="13.04" pos="131.05" lane="2/2to1/2_0" slope="0.00"/>
        <vehicle id="38" x="615.19" y="601.65" angle="-90.00" type="DEFAULT_VEHTYPE" speed="7.06" pos="184.81" lane="4/3to3/3_0" slope="0.00"/>
        <vehicle id="41" x="398.35" y="300.07" angle="0.00" type="DEFAULT_VEHTYPE" speed="13.57" pos="95.18" lane="2/2to2/1_0" slope="0.00"/>
        <vehicle id="44" x="201.65" y="253.02" angle="180.00" type="DEFAULT_VEHTYPE" speed="13.35" pos="48.27" lane="1/1to1/2_0" slope="0.00"/>
        <vehicle id="48" x="217.43" y="201.65" angle="-90.00" type="DEFAULT_VEHTYPE" speed="9.31" pos="177.82" lane="2/1to1/1_0" slope="0.00"/>
        <vehicle id="5" x="364.31" y="598.35" angle="90.00" type="DEFAULT_VEHTYPE" speed="11.67" pos="159.56" lane="1/3to2/3_0" slope="0.00"/>
        <vehicle id="7" x="311.24" y="401.65" angle="-90.00" type="DEFAULT_VEHTYPE" speed="13.79" pos="84.01" lane="2/2to1/2_0" slope="0.00"/>
        <vehicle id="8" x="302.61" y="598.35" angle="90.00" type="DEFAULT_VEHTYPE" speed="12.87" pos="97.86" lane="1/3to2/3_0" slope="0.00"/>
    </timestep>
    <timestep time="339.00">
        <vehicle id="0" x="401.65" y="781.56" angle="180.00" type="DEFAULT_VEHTYPE" speed="12.66" pos="176.81" lane="2/3to2/4_0" slope="0.00"/>
        <vehicle id="1" x="668.20" y="598.35" angle="90.00" type="DEFAULT_VEHTYPE" speed="12.74" pos="63.45" lane="3/3to4/3_0" slope="0.00"/>
        <vehicle id="17" x="398.35" y="463.65" angle="0.00" type="DEFAULT_VEHTYPE" speed="13.07" pos="131.60" lane="2/3to2/2_0" slope="0.00"/>
        <vehicle id="18" x="398.35" y="734.06" angle="0.00" type="DEFAULT_VEHTYPE" speed="12.98" pos="65.94" lane="2/4to2/3_0" slope="0.00"/>
        <vehicle id="21" x="401.65" y="615.18" angle="180.00" type="DEFAULT_VEHTYPE" speed="7.87" pos="10.43" lane="2/3to2/4_0" slope="0.00"/>
        <vehicle id="22" x="401.65" y="34.67" angle="180.00" type="DEFAULT_VEHTYPE" speed="12.98" pos="34.67" lane="2/0to2/1_0" slope="0.00"/>
        <vehicle id="24" x="201.65" y="375.89" angle="180.00" type="DEFAULT_VEHTYPE" speed="13.68" pos="171.14" lane="1/1to1/2_0" slope="0.00"/>
        <vehicle id="26" x="192.50" y="398.35" angle="90.00" type="DEFAULT_VEHTYPE" speed="0.36" pos="192.50" lane="0/2to1/2_0" slope="0.00"/>
        <vehicle id="28" x="398.35" y="529.77" angle="0.00" type="DEFAULT_VEHTYPE" speed="13.00" pos="65.48" lane="2/3to2/2_0" slope="0.00"/>
        <vehicle id="32" x="197.54" y="401.65" angle="-90.00" type="DEFAULT_VEHTYPE" speed="7.33" pos="7.21" lane=":1/2_5_0" slope="0.00"/>
        <vehicle id="35" x="394.26" y="598.35" angle="90.00" type="DEFAULT_VEHTYPE" speed="4.02" pos="189.51" lane="1/3to2/3_0" slope="0.00"/>
        <vehicle id="37" x="251.16" y="401.65" angle="-90.00" type="DEFAULT_VEHTYPE" speed="13.04" pos="144.09" lane="2/2to1/2_0" slope="0.00"/>
        <vehicle id="38" x="611.28" y="601.65" angle="-90.00" type="DEFAULT_VEHTYPE" speed="3.91" pos="188.72" lane="4/3to3/3_0" slope="0.00"/>
        <vehicle id="41" x="398.35" y="287.06" angle="0.00" type="DEFAULT_VEHTYPE" speed="13.01" pos="108.19" lane="2/2to2/1_0" slope="0.00"/>
        <vehicle id="44" x="201.65" y="266.24" angle="180.00" type="DEFAULT_VEHTYPE" speed="13.22" pos="61.49" lane="1/1to1/2_0" slope="0.00"/>
        <vehicle id="48" x="212.58" y="201.65" angle="-90.00" type="DEFAULT_VEHTYPE" speed="4.85" pos="182.67" lane="2/1to1/1_0" slope="0.00"/>
        <vehicle id="5" x="372.40" y="598.35" angle="90.00" type="DEFAULT_VEHTYPE" speed="8.09" pos="167.65" lane="1/3to2/3_0" slope="0.00"/>
        <vehicle id="7" x="298.02" y="401.65" angle="-90.00" type="DEFAULT_VEHTYPE" speed="13.22" pos="97.23" lane="2/2to1/2_0" slope="0.00"/>
        <vehicle id="8" x="315.36" y="598.35" angle="90.00" type="DEFAULT_VEHTYPE" speed="12.75" pos="110.61" lane="1/3to2/3_0" slope="0.00"/>
    </timestep>
    <timestep time="340.00">
        <vehicle id="0" x="401.65" y="794.44" angle="180.00" type="DEFAULT_VEHTYPE" speed="12.88" pos="189.69" lane="2/3to2/4_0" slope="0.00"/>
        <vehicle id="1" x="680.90" y="598.35" angle="90.00" type="DEFAULT_VEHTYPE" speed="12.70" pos="76.15" lane="3/3to4/3_0" slope="0.00"/>
        <vehicle id="17" x="398.35" y="450.58" angle="0.00" type="DEFAULT_VEHTYPE" speed="13.07" pos="144.67" lane="2/3to2/2_0" slope="0.00"/>
        <vehicle id="18" x="398.35" y="721.01" angle="0.00" type="DEFAULT_VEHTYPE" speed="13.05" pos="78.99" lane="2/4to2/3_0" slope="0.00"/>
        <vehicle id="21" x="401.65" y="625.23" angle="180.00" type="DEFAULT_VEHTYPE" speed="10.05" pos="20.48" lane="2/3to2/4_0" slope="0.00"/>
        <vehicle id="22" x="401.65" y="48.07" angle="180.00" type="DEFAULT_VEHTYPE" speed="13.40" pos="48.07" lane="2/0to2/1_0" slope="0.00"/>
        <vehicle id="24" x="201.65" y="386.87" angle="180.00" type="DEFAULT_VEHTYPE" speed="10.97" pos="182.12" lane="1/1to1/2_0" slope="0.00"/>
        <vehicle id="26" x="192.66" y="398.35" angle="90.00" type="DEFAULT_VEHTYPE" speed="0.15" pos="192.66" lane="0/2to1/2_0" slope="0.00"/>
        <vehicle id="28" x="398.35" y="516.53" angle="0.00" type="DEFAULT_VEHTYPE" speed="13.25" pos="78.72" lane="2/3to2/2_0" slope="0.00"/>
        <vehicle id="32" x="188.56" y="401.65" angle="-90.00" type="DEFAULT_VEHTYPE" speed="8.99" pos="6.69" lane="1/2to0/2_0" slope="0.00"/>
        <vehicle id="35" x="400.12" y="600.07" angle="110.08" type="DEFAULT_VEHTYPE" speed="6.28" pos="5.29" lane=":2/3_14_0" slope="0.00"/>
        <vehicle id="37" x="237.49" y="401.65" angle="-90.00" type="DEFAULT_VEHTYPE" speed="13.67" pos="157.76" lane="2/2to1/2_0" slope="0.00"/>
        <vehicle id="38" x="605.13" y="601.65" angle="-90.00" type="DEFAULT_VEHTYPE" speed="6.15" pos="194.87" lane="4/3to3/3_0" slope="0.00"/>
        <vehicle id="41" x="398.35" y="273.20" angle="0.00" type="DEFAULT_VEHTYPE" speed="13.86" pos="122.05" lane="2/2to2/1_0" slope="0.00"/>
        <vehicle id="44" x="201.65" y="280.06" angle="180.00" type="DEFAULT_VEHTYPE" speed="13.82" pos="75.31" lane="1/1to1/2_0" slope="0.00"/>
        <vehicle id="48" x="209.96" y="201.65" angle="-90.00" type="DEFAULT_VEHTYPE" speed="2.62" pos="185.29" lane="2/1to1/1_0" slope="0.00"/>
        <vehicle id="5" x="379.49" y="598.35" angle="90.00" type="DEFAULT_VEHTYPE" speed="7.09" pos="174.74" lane="1/3to2/3_0" slope="0.00"/>
        <vehicle id="7" x="284.22" y="401.65" angle="-90.00" type="DEFAULT_VEHTYPE" speed="13.80" pos="111.03" lane="2/2to1/2_0" slope="0.00"/>
        <vehicle id="8" x="328.62" y="598.35" angle="90.00" type="DEFAULT_VEHTYPE" speed="13.26" pos="123.87" lane="1/3to2/3_0" slope="0.00"/>
    </timestep>
    <timestep time="341.00">
        <vehicle id="0" x="398.35" y="797.63" angle="-25.23" type="DEFAULT_VEHTYPE" speed="12.75" pos="2.37" lane="2/4to2/3_0" slope="0.00"/>
        <vehicle id="1" x="693.91" y="598.35" angle="90.00" type="DEFAULT_VEHTYPE" speed="13.01" pos="89.16" lane="3/3to4/3_0" slope="0.00"/>
        <vehicle id="17" x="398.35" y="437.24" angle="0.00" type="DEFAULT_VEHTYPE" speed="13.34" pos="158.01" lane="2/3to2/2_0" slope="0.00"/>
        <vehicle id="18" x="398.35" y="707.85" angle="0.00" type="DEFAULT_VEHTYPE" speed="13.16" pos="92.15" lane="2/4to2/3_0" slope="0.00"/>
        <vehicle id="21" x="401.65" y="637.67" angle="180.00" type="DEFAULT_VEHTYPE" speed="12.43" pos="32.92" lane="2/3to2/4_0" slope="0.00"/>
        <vehicle id="22" x="401.65" y="61.91" angle="180.00" type="DEFAULT_VEHTYPE" speed="13.85" pos="61.91" lane="2/0to2/1_0" slope="0.00"/>
        <vehicle id="24" x="201.65" y="400.11" angle="180.00" type="DEFAULT_VEHTYPE" speed="13.24" pos="4.86" lane=":1/2_9_0" slope="0.00"/>
        <vehicle id="26" x="192.73" y="398.35" angle="90.00" type="DEFAULT_VEHTYPE" speed="0.07" pos="192.73" lane="0/2to1/2_0" slope="0.00"/>
        <vehicle id="28" x="398.35" y="503.37" angle="0.00" type="DEFAULT_VEHTYPE" speed="13.15" pos="91.88" lane="2/3to2/2_0" slope="0.00"/>
        <vehicle id="32" x="177.79" y="401.65" angle="-90.00" type="DEFAULT_VEHTYPE" speed="10.77" pos="17.46" lane="1/2to0/2_0" slope="0.00"/>
        <vehicle id="35" x="401.65" y="607.32" angle="176.05" type="DEFAULT_VEHTYPE" speed="7.60" pos="2.57" lane="2/3to2/4_0" slope="0.00"/>
        <vehicle id="37" x="225.31" y="401.65" angle="-90.00" type="DEFAULT_VEHTYPE" speed="12.18" pos="169.94" lane="2/2to1/2_0" slope="0.00"/>
        <vehicle id="38" x="598.70" y="597.69" angle="-42.28" type="DEFAULT_VEHTYPE" speed="8.24" pos="7.86" lane=":3/3_6_0" slope="0.00"/>
        <vehicle id="41" x="398.35" y="259.72" angle="0.00" type="DEFAULT_VEHTYPE" speed="13.48" pos="135.53" lane="2/2to2/1_0" slope="0.00"/>
        <vehicle id="44" x="201.65" y="293.82" angle="180.00" type="DEFAULT_VEHTYPE" speed="13.77" pos="89.07" lane="1/1to1/2_0" slope="0.00"/>
        <vehicle id="48" x="205.49" y="201.65" angle="-90.00" type="DEFAULT_VEHTYPE" speed="4.47" pos="189.76" lane="2/1to1/1_0" slope="0.00"/>
        <vehicle id="5" x="385.71" y="598.35" angle="90.00" type="DEFAULT_VEHTYPE" speed="6.22" pos="180.96" lane="1/3to2/3_0" slope="0.00"/>
        <vehicle id="7" x="270.82" y="401.65" angle="-90.00" type="DEFAULT_VEHTYPE" speed="13.40" pos="124.43" lane="2/2to1/2_0" slope="0.00"/>
        <vehicle id="8" x="342.23" y="598.35" angle="90.00" type="DEFAULT_VEHTYPE" speed="13.61" pos="137.48" lane="1/3to2/3_0" slope="0.00"/>
    </timestep>
    <timestep time="342.00">
        <vehicle id="0" x="398.35" y="784.79" angle="0.00" type="DEFAULT_VEHTYPE" speed="12.84" pos="15.21" lane="2/4to2/3_0" slope="0.00"/>
        <vehicle id="1" x="707.64" y="598.35" angle="90.00" type="DEFAULT_VEHTYPE" speed="13.72" pos="102.89" lane="3/3to4/3_0" slope="0.00"/>
        <vehicle id="17" x="398.35" y="423.71" angle="0.00" type="DEFAULT_VEHTYPE" speed="13.53" pos="171.54" lane="2/3to2/2_0" slope="0.00"/>
        <vehicle id="18" x="398.35" y="694.13" angle="0.00" type="DEFAULT_VEHTYPE" speed="13.72" pos="105.87" lane="2/4to2/3_0" slope="0.00"/>
        <vehicle id="21" x="401.65" y="650.70" angle="180.00" type="DEFAULT_VEHTYPE" speed="13.04" pos="45.95" lane="2/3to2/4_0" slope="0.00"/>
        <vehicle id="22" x="401.65" y="75.73" angle="180.00" type="DEFAULT_VEHTYPE" speed="13.82" pos="75.73" lane="2/0to2/1_0" slope="0.00"/>
        <vehicle id="24" x="201.65" y="413.65" angle="180.00" type="DEFAULT_VEHTYPE" speed="13.54" pos="8.90" lane="1/2to1/3_0" slope="0.00"/>
        <vehicle id="26" x="192.75" y="398.35" angle="90.00" type="DEFAULT_VEHTYPE" speed="0.02" pos="192.75" lane="0/2to1/2_0" slope="0.00"/>
        <vehicle id="28" x="398.35" y="490.04" angle="0.00" type="DEFAULT_VEHTYPE" speed="13.34" pos="105.21" lane="2/3to2/2_0" slope="0.00"/>
        <vehicle id="32" x="164.84" y="401.65" angle="-90.00" type="DEFAULT_VEHTYPE" speed="12.94" pos="30.41" lane="1/2to0/2_0" slope="0.00"/>
        <vehicle id="35" x="401.65" y="616.23" angle="180.00" type="DEFAULT_VEHTYPE" speed="8.91" pos="11.48" lane="2/3to2/4_0" slope="0.00"/>
        <vehicle id="37" x="217.37" y="401.65" angle="-90.00" type="DEFAULT_VEHTYPE" speed="7.95" pos="177.88" lane="2/2to1/2_0" slope="0.00"/>
        <vehicle id="38" x="598.35" y="587.45" angle="0.00" type="DEFAULT_VEHTYPE" speed="10.26" pos="7.80" lane="3/3to3/2_0" slope="0.00"/>
        <vehicle id="41" x="398.35" y="246.00" angle="0.00" type="DEFAULT_VEHTYPE" speed="13.72" pos="149.25" lane="2/2to2/1_0" slope="0.00"/>
        <vehicle id="44" x="201.65" y="307.62" angle="180.00" type="DEFAULT_VEHTYPE" speed="13.80" pos="102.87" lane="1/1to1/2_0" slope="0.00"/>
        <vehicle id="48" x="201.65" y="205.70" angle="-151.11" type="DEFAULT_VEHTYPE" speed="6.69" pos="0.95" lane="1/1to1/2_0" slope="0.00"/>
        <vehicle id="5" x="390.29" y="598.35" angle="90.00" type="DEFAULT_VEHTYPE" speed="4.58" pos="185.54" lane="1/3to2/3_0" slope="0.00"/>
        <vehicle id="7" x="257.41" y="401.65" angle="-90.00" type="DEFAULT_VEHTYPE" speed="13.41" pos="137.84" lane="2/2to1/2_0" slope="0.00"/>
        <vehicle id="8" x="355.99" y="598.35" angle="90.00" type="DEFAULT_VEHTYPE" speed="13.76" pos="151.24" lane="1/3to2/3_0" slope="0.00"/>
    </timestep>
    <timestep time="343.00">
        <vehicle id="0" x="398.35" y="771.11" angle="0.00" type="DEFAULT_VEHTYPE" speed="13.68" pos="28.89" lane="2/4to2/3_0" slope="0.00"/>
        <vehicle id="1" x="721.12" y="598.35" angle="90.00" type="DEFAULT_VEHTYPE" speed="13.49" pos="116.37" lane="3/3to4/3_0" slope="0.00"/>
        <vehicle id="17" x="398.35" y="410.97" angle="0.00" type="DEFAULT_VEHTYPE" speed="12.74" pos="184.28" lane="2/3to2/2_0" slope="0.00"/>
        <vehicle id="18" x="398.35" y="680.82" angle="0.00" type="DEFAULT_VEHTYPE" speed="13.31" pos="119.18" lane="2/4to2/3_0" slope="0.00"/>
        <vehicle id="21" x="401.65" y="664.03" angle="180.00" type="DEFAULT_VEHTYPE" speed="13.33" pos="59.28" lane="2/3to2/4_0" slope="0.00"/>
        <vehicle id="22" x="401.65" y="89.58" angle="180.00" type="DEFAULT_VEHTYPE" speed="13.85" pos="89.58" lane="2/0to2/1_0" slope="0.00"/>
        <vehicle id="24" x="201.65" y="426.37" angle="180.00" type="DEFAULT_VEHTYPE" speed="12.71" pos="21.62" lane="1/2to1/3_0" slope="0.00"/>
        <vehicle id="26" x="195.13" y="398.35" angle="90.00" type="DEFAULT_VEHTYPE" speed="2.38" pos="195.13" lane="0/2to1/2_0" slope="0.00"/>
        <vehicle id="28" x="398.35" y="476.45" angle="0.00" type="DEFAULT_VEHTYPE" speed="13.58" pos="118.80" lane="2/3to2/2_0" slope="0.00"/>
        <vehicle id="32" x="151.31" y="401.65" angle="-90.00" type="DEFAULT_VEHTYPE" speed="13.54" pos="43.94" lane="1/2to0/2_0" slope="0.00"/>
        <vehicle id="35" x="401.65" y="627.01" angle="180.00" type="DEFAULT_VEHTYPE" speed="10.78" pos="22.26" lane="2/3to2/4_0" slope="0.00"/>
        <vehicle id="37" x="212.34" y="401.65" angle="-90.00" type="DEFAULT_VEHTYPE" speed="5.02" pos="182.91" lane="2/2to1/2_0" slope="0.00"/>
        <vehicle id="38" x="598.35" y="575.70" angle="0.00" type="DEFAULT_VEHTYPE" speed="11.74" pos="19.55" lane="3/3to3/2_0" slope="0.00"/>
        <vehicle id="41" x="398.35" y="232.34" angle="0.00" type="DEFAULT_VEHTYPE" speed="13.66" pos="162.91" lane="2/2to2/1_0" slope="0.00"/>
        <vehicle id="44" x="201.65" y="321.07" angle="180.00" type="DEFAULT_VEHTYPE" speed="13.44" pos="116.32" lane="1/1to1/2_0" slope="0.00"/>
        <vehicle id="48" x="201.65" y="214.24" angle="180.00" type="DEFAULT_VEHTYPE" speed="8.55" pos="9.49" lane="1/1to1/2_0" slope="0.00"/>
        <vehicle id="5" x="396.65" y="598.55" angle="92.29" type="DEFAULT_VEHTYPE" speed="6.38" pos="1.41" lane=":2/3_14_0" slope="0.00"/>
        <vehicle id="7" x="243.79" y="401.65" angle="-90.00" type="DEFAULT_VEHTYPE" speed="13.62" pos="151.46" lane="2/2to1/2_0" slope="0.00"/>
        <vehicle id="8" x="368.05" y="598.35" angle="90.00" type="DEFAULT_VEHTYPE" speed="12.06" pos="163.30" lane="1/3to2/3_0" slope="0.00"/>
    </timestep>
    <timestep time="344.00">
        <vehicle id="0" x="398.35" y="757.58" angle="0.00" type="DEFAULT_VEHTYPE" speed="13.53" pos="42.42" lane="2/4to2/3_0" slope="0.00"/>
        <vehicle id="1" x="734.19" y="598.35" angle="90.00" type="DEFAULT_VEHTYPE" speed="13.07" pos="129.44" lane="3/3to4/3_0" slope="0.00"/>
        <vehicle id="17" x="398.35" y="397.36" angle="0.00" type="DEFAULT_VEHTYPE" speed="13.60" pos="7.39" lane=":2/2_1_0" slope="0.00"/>
        <vehicle id="18" x="398.35" y="667.70" angle="0.00" type="DEFAULT_VEHTYPE" speed="13.11" pos="132.30" lane="2/4to2/3_0" slope="0.00"/>
        <vehicle id="21" x="401.65" y="677.23" angle="180.00" type="DEFAULT_VEHTYPE" speed="13.20" pos="72.48" lane="2/3to2/4_0" slope="0.00"/>
        <vehicle id="22" x="401.65" y="102.22" angle="180.00" type="DEFAULT_VEHTYPE" speed="12.63" pos="102.22" lane="2/0to2/1_0" slope="0.00"/>
        <vehicle id="24" x="201.65" y="439.65" angle="180.00" type="DEFAULT_VEHTYPE" speed="13.28" pos="34.90" lane="1/2to1/3_0" slope="0.00"/>
        <vehicle id="26" x="198.84" y="399.23" angle="100.26" type="DEFAULT_VEHTYPE" speed="3.88" pos="3.75" lane=":1/2_14_0" slope="0.00"/>
        <vehicle id="28" x="398.35" y="463.30" angle="0.00" type="DEFAULT_VEHTYPE" speed="13.15" pos="131.95" lane="2/3to2/2_0" slope="0.00"/>
        <vehicle id="32" x="137.67" y="401.65" angle="-90.00" type="DEFAULT_VEHTYPE" speed="13.63" pos="57.58" lane="1/2to0/2_0" slope="0.00"/>
        <vehicle id="35" x="401.65" y="639.81" angle="180.00" type="DEFAULT_VEHTYPE" speed="12.80" pos="35.06" lane="2/3to2/4_0" slope="0.00"/>
        <vehicle id="37" x="209.43" y="401.65" angle="-90.00" type="DEFAULT_VEHTYPE" speed="2.91" pos="185.82" lane="2/2to1/2_0" slope="0.00"/>
        <vehicle id="38" x="598.35" y="562.14" angle="0.00" type="DEFAULT_VEHTYPE" speed="13.56" pos="33.11" lane="3/3to3/2_0" slope="0.00"/>
        <vehicle id="41" x="398.35" y="219.38" angle="0.00" type="DEFAULT_VEHTYPE" speed="12.96" pos="175.87" lane="2/2to2/1_0" slope="0.00"/>
        <vehicle id="44" x="201.65" y="334.64" angle="180.00" type="DEFAULT_VEHTYPE" speed="13.57" pos="129.89" lane="1/1to1/2_0" slope="0.00"/>
        <vehicle id="48" x="201.65" y="224.71" angle="180.00" type="DEFAULT_VEHTYPE" speed="10.46" pos="19.96" lane="1/1to1/2_0" slope="0.00"/>
        <vehicle id="5" x="401.65" y="604.80" angle="162.30" type="DEFAULT_VEHTYPE" speed="8.96" pos="0.05" lane="2/3to2/4_0" slope="0.00"/>
        <vehicle id="7" x="231.65" y="401.65" angle="-90.00" type="DEFAULT_VEHTYPE" speed="12.14" pos="163.60" lane="2/2to1/2_0" slope="0.00"/>
        <vehicle id="8" x="378.00" y="598.35" angle="90.00" type="DEFAULT_VEHTYPE" speed="9.95" pos="173.25" lane="1/3to2/3_0" slope="0.00"/>
    </timestep>
    <timestep time="345.00">
        <vehicle id="0" x="398.35" y="744.90" angle="0.00" type="DEFAULT_VEHTYPE" speed="12.68" pos="55.10" lane="2/4to2/3_0" slope="0.00"/>
        <vehicle id="1" x="746.89" y="598.35" angle="90.00" type="DEFAULT_VEHTYPE" speed="12.71" pos="142.14" lane="3/3to4/3_0" slope="0.00"/>
        <vehicle id="17" x="398.35" y="383.86" angle="0.00" type="DEFAULT_VEHTYPE" speed="13.51" pos="11.39" lane="2/2to2/1_0" slope="0.00"/>
        <vehicle id="18" x="398.35" y="654.97" angle="0.00" type="DEFAULT_VEHTYPE" speed="12.73" pos="145.03" lane="2/4to2/3_0" slope="0.00"/>
        <vehicle id="21" x="401.65" y="690.14" angle="180.00" type="DEFAULT_VEHTYPE" speed="12.91" pos="85.39" lane="2/3to2/4_0" slope="0.00"/>
        <vehicle id="22" x="401.65" y="114.93" angle="180.00" type="DEFAULT_VEHTYPE" speed="12.71" pos="114.93" lane="2/0to2/1_0" slope="0.00"/>
        <vehicle id="24" x="201.65" y="452.50" angle="180.00" type="DEFAULT_VEHTYPE" speed="12.85" pos="47.75" lane="1/2to1/3_0" slope="0.00"/>
        <vehicle id="26" x="201.52" y="403.84" angle="153.61" type="DEFAULT_VEHTYPE" speed="5.64" pos="9.40" lane=":1/2_14_0" slope="0.00"/>
        <vehicle id="28" x="398.35" y="450.53" angle="0.00" type="DEFAULT_VEHTYPE" speed="12.78" pos="144.72" lane="2/3to2/2_0" slope="0.00"/>
        <vehicle id="32" x="124.78" y="401.65" angle="-90.00" type="DEFAULT_VEHTYPE" speed="12.89" pos="70.47" lane="1/2to0/2_0" slope="0.00"/>
        <vehicle id="35" x="401.65" y="652.60" angle="180.00" type="DEFAULT_VEHTYPE" speed="12.79" pos="47.85" lane="2/3to2/4_0" slope="0.00"/>
        <vehicle id="37" x="204.91" y="401.65" angle="-90.00" type="DEFAULT_VEHTYPE" speed="4.52" pos="190.34" lane="2/2to1/2_0" slope="0.00"/>
        <vehicle id="38" x="598.35" y="548.60" angle="0.00" type="DEFAULT_VEHTYPE" speed="13.55" pos="46.65" lane="3/3to3/2_0" slope="0.00"/>
        <vehicle id="41" x="398.35" y="206.57" angle="0.00" type="DEFAULT_VEHTYPE" speed="12.81" pos="188.68" lane="2/2to2/1_0" slope="0.00"/>
        <vehicle id="44" x="201.65" y="347.99" angle="180.00" type="DEFAULT_VEHTYPE" speed="13.35" pos="143.24" lane="1/1to1/2_0" slope="0.00"/>
        <vehicle id="48" x="201.65" y="237.02" angle="180.00" type="DEFAULT_VEHTYPE" speed="12.32" pos="32.27" lane="1/1to1/2_0" slope="0.00"/>
        <vehicle id="5" x="401.65" y="615.24" angle="180.00" type="DEFAULT_VEHTYPE" speed="10.43" pos="10.49" lane="2/3to2/4_0" slope="0.00"/>
        <vehicle id="7" x="224.00" y="401.65" angle="-90.00" type="DEFAULT_VEHTYPE" speed="7.64" pos="171.25" lane="2/2to1/2_0" slope="0.00"/>
        <vehicle id="8" x="385.70" y="598.35" angle="90.00" type="DEFAULT_VEHTYPE" speed="7.70" pos="180.95" lane="1/3to2/3_0" slope="0.00"/>
    </timestep>
    <timestep time="346.00">
        <vehicle id="0" x="398.35" y="731.80" angle="0.00" type="DEFAULT_VEHTYPE" speed="13.10" pos="68.20" lane="2/4to2/3_0" slope="0.00"/>
        <vehicle id="1" x="759.58" y="598.35" angle="90.00" type="DEFAULT_VEHTYPE" speed="12.69" pos="154.83" lane="3/3to4/3_0" slope="0.00"/>
        <vehicle id="17" x="398.35" y="370.00" angle="0.00" type="DEFAULT_VEHTYPE" speed="13.86" pos="25.25" lane="2/2to2/1_0" slope="0.00"/>
        <vehicle id="18" x="398.35" y="641.24" angle="0.00" type="DEFAULT_VEHTYPE" speed="13.73" pos="158.76" lane="2/4to2/3_0" slope="0.00"/>
        <vehicle id="21" x="401.65" y="703.80" angle="180.00" type="DEFAULT_VEHTYPE" speed="13.67" pos="99.05" lane="2/3to2/4_0" slope="0.00"/>
        <vehicle id="22" x="401.65" y="128.39" angle="180.00" type="DEFAULT_VEHTYPE" speed="13.45" pos="128.39" lane="2/0to2/1_0" slope="0.00"/>
        <vehicle id="24" x="201.65" y="466.25" angle="180.00" type="DEFAULT_VEHTYPE" speed="13.75" pos="61.50" lane="1/2to1/3_0" slope="0.00"/>
        <vehicle id="26" x="201.65" y="411.76" angle="180.00" type="DEFAULT_VEHTYPE" speed="7.93" pos="7.01" lane="1/2to1/3_0" slope="0.00"/>
        <vehicle id="28" x="398.35" y="437.20" angle="0.00" type="DEFAULT_VEHTYPE" speed="13.33" pos="158.05" lane="2/3to2/2_0" slope="0.00"/>
        <vehicle id="32" x="112.11" y="401.65" angle="-90.00" type="DEFAULT_VEHTYPE" speed="12.67" pos="83.14" lane="1/2to0/2_0" slope="0.00"/>
        <vehicle id="35" x="401.65" y="665.45" angle="180.00" type="DEFAULT_VEHTYPE" speed="12.85" pos="60.70" lane="2/3to2/4_0" slope="0.00"/>
        <vehicle id="37" x="199.42" y="399.16" angle="-60.81" type="DEFAULT_VEHTYPE" speed="6.36" pos="6.19" lane=":1/2_6_0" slope="0.00"/>
        <vehicle id="38" x="598.35" y="535.60" angle="0.00" type="DEFAULT_VEHTYPE" speed="13.00" pos="59.65" lane="3/3to3/2_0" slope="0.00"/>
        <vehicle id="41" x="389.25" y="201.65" angle="-90.00" type="DEFAULT_VEHTYPE" speed="12.81" pos="6.00" lane="2/1to1/1_0" slope="0.00"/>
        <vehicle id="44" x="201.65" y="361.75" angle="180.00" type="DEFAULT_VEHTYPE" speed="13.76" pos="157.00" lane="1/1to1/2_0" slope="0.00"/>
        <vehicle id="48" x="201.65" y="250.89" angle="180.00" type="DEFAULT_VEHTYPE" speed="13.86" pos="46.14" lane="1/1to1/2_0" slope="0.00"/>
        <vehicle id="5" x="401.65" y="627.21" angle="180.00" type="DEFAULT_VEHTYPE" speed="11.98" pos="22.46" lane="2/3to2/4_0" slope="0.00"/>
        <vehicle id="7" x="216.52" y="401.65" angle="-90.00" type="DEFAULT_VEHTYPE" speed="7.48" pos="178.73" lane="2/2to1/2_0" slope="0.00"/>
        <vehicle id="8" x="389.45" y="598.35" angle="90.00" type="DEFAULT_VEHTYPE" speed="3.74" pos="184.70" lane="1/3to2/3_0" slope="0.00"/>
    </timestep>
    <timestep time="347.00">
        <vehicle id="0" x="398.35" y="718.01" angle="0.00" type="DEFAULT_VEHTYPE" speed="13.78" pos="81.99" lane="2/4to2/3_0" slope="0.00"/>
        <vehicle id="1" x="772.54" y="598.35" angle="90.00" type="DEFAULT_VEHTYPE" speed="12.96" pos="167.79" lane="3/3to4/3_0" slope="0.00"/>
        <vehicle id="17" x="398.35" y="356.28" angle="0.00" type="DEFAULT_VEHTYPE" speed="13.72" pos="38.97" lane="2/2to2/1_0" slope="0.00"/>
        <vehicle id="18" x="398.35" y="627.63" angle="0.00" type="DEFAULT_VEHTYPE" speed="13.60" pos="172.37" lane="2/4to2/3_0" slope="0.00"/>
        <vehicle id="21" x="401.65" y="716.98" angle="180.00" type="DEFAULT_VEHTYPE" speed="13.18" pos="112.23" lane="2/3to2/4_0" slope="0.00"/>
        <vehicle id="22" x="401.65" y="141.97" angle="180.00" type="DEFAULT_VEHTYPE" speed="13.58" pos="141.97" lane="2/0to2/1_0" slope="0.00"/>
        <vehicle id="24" x="201.65" y="479.52" angle="180.00" type="DEFAULT_VEHTYPE" speed="13.27" pos="74.77" lane="1/2to1/3_0" slope="0.00"/>
        <vehicle id="26" x="201.65" y="421.23" angle="180.00" type="DEFAULT_VEHTYPE" speed="9.47" pos="16.48" lane="1/2to1/3_0" slope="0.00"/>
        <vehicle id="28" x="398.35" y="424.58" angle="0.00" type="DEFAULT_VEHTYPE" speed="12.62" pos="170.67" lane="2/3to2/2_0" slope="0.00"/>
        <vehicle id="32" x="99.18" y="401.65" angle="-90.00" type="DEFAULT_VEHTYPE" speed="12.93" pos="96.07" lane="1/2to0/2_0" slope="0.00"/>
        <vehicle id="35" x="401.65" y="678.16" angle="180.00" type="DEFAULT_VEHTYPE" speed="12.71" pos="73.41" lane="2/3to2/4_0" slope="0.00"/>
        <vehicle id="37" x="198.35" y="390.83" angle="-0.94" type="DEFAULT_VEHTYPE" speed="8.55" pos="4.42" lane="1/2to1/1_0" slope="0.00"/>
        <vehicle id="38" x="598.35" y="522.08" angle="0.00" type="DEFAULT_VEHTYPE" speed="13.52" pos="73.17" lane="3/3to3/2_0" slope="0.00"/>
        <vehicle id="41" x="375.72" y="201.65" angle="-90.00" type="DEFAULT_VEHTYPE" speed="13.53" pos="19.53" lane="2/1to1/1_0" slope="0.00"/>
        <vehicle id="44" x="201.65" y="374.64" angle="180.00" type="DEFAULT_VEHTYPE" speed="12.89" pos="169.89" lane="1/1to1/2_0" slope="0.00"/>
        <vehicle id="48" x="201.65" y="264.48" angle="180.00" type="DEFAULT_VEHTYPE" speed="13.60" pos="59.73" lane="1/1to1/2_0" slope="0.00"/>
        <vehicle id="5" x="401.65" y="640.08" angle="180.00" type="DEFAULT_VEHTYPE" speed="12.87" pos="35.33" lane="2/3to2/4_0" slope="0.00"/>
        <vehicle id="7" x="211.04" y="401.65" angle="-90.00" type="DEFAULT_VEHTYPE" speed="5.48" pos="184.21" lane="2/2to1/2_0" slope="0.00"/>
        <vehicle id="8" x="394.50" y="598.35" angle="90.00" type="DEFAULT_VEHTYPE" speed="5.05" pos="189.75" lane="1/3to2/3_0" slope="0.00"/>
    </timestep>
    <timestep time="348.00">
        <vehicle id="0" x="398.35" y="704.64" angle="0.00" type="DEFAULT_VEHTYPE" speed="13.37" pos="95.36" lane="2/4to2/3_0" slope="0.00"/>
        <vehicle id="1" x="786.01" y="598.35" angle="90.00" type="DEFAULT_VEHTYPE" speed="13.47" pos="181.26" lane="3/3to4/3_0" slope="0.00"/>
        <vehicle id="17" x="398.35" y="343.06" angle="0.00" type="DEFAULT_VEHTYPE" speed="13.22" pos="52.19" lane="2/2to2/1_0" slope="0.00"/>
        <vehicle id="18" x="398.35" y="614.82" angle="0.00" type="DEFAULT_VEHTYPE" speed="12.81" pos="185.18" lane="2/4to2/3_0" slope="0.00"/>
        <vehicle id="21" x="401.65" y="730.24" angle="180.00" type="DEFAULT_VEHTYPE" speed="13.26" pos="125.49" lane="2/3to2/4_0" slope="0.00"/>
        <vehicle id="22" x="401.65" y="155.61" angle="180.00" type="DEFAULT_VEHTYPE" speed="13.64" pos="155.61" lane="2/0to2/1_0" slope="0.00"/>
        <vehicle id="24" x="201.65" y="492.87" angle="180.00" type="DEFAULT_VEHTYPE" speed="13.35" pos="88.12" lane="1/2to1/3_0" slope="0.00"/>
        <vehicle id="26" x="201.65" y="432.42" angle="180.00" type="DEFAULT_VEHTYPE" speed="11.19" pos="27.67" lane="1/2to1/3_0" slope="0.00"/>
        <vehicle id="28" x="398.35" y="411.51" angle="0.00" type="DEFAULT_VEHTYPE" speed="13.07" pos="183.74" lane="2/3to2/2_0" slope="0.00"/>
        <vehicle id="32" x="86.05" y="401.65" angle="-90.00" type="DEFAULT_VEHTYPE" speed="13.14" pos="109.20" lane="1/2to0/2_0" slope="0.00"/>
        <vehicle id="35" x="401.65" y="691.41" angle="180.00" type="DEFAULT_VEHTYPE" speed="13.25" pos="86.66" lane="2/3to2/4_0" slope="0.00"/>
        <vehicle id="37" x="198.35" y="380.51" angle="0.00" type="DEFAULT_VEHTYPE" speed="10.32" pos="14.74" lane="1/2to1/1_0" slope="0.00"/>
        <vehicle id="38" x="598.35" y="509.33" angle="0.00" type="DEFAULT_VEHTYPE" speed="12.75" pos="85.92" lane="3/3to3/2_0" slope="0.00"/>
        <vehicle id="41" x="362.46" y="201.65" angle="-90.00" type="DEFAULT_VEHTYPE" speed="13.26" pos="32.79" lane="2/1to1/1_0" slope="0.00"/>
        <vehicle id="44" x="201.65" y="388.38" angle="180.00" type="DEFAULT_VEHTYPE" speed="13.75" pos="183.63" lane="1/1to1/2_0" slope="0.00"/>
        <vehicle id="48" x="201.65" y="278.09" angle="180.00" type="DEFAULT_VEHTYPE" speed="13.61" pos="73.34" lane="1/1to1/2_0" slope="0.00"/>
        <vehicle id="5" x="401.65" y="652.81" angle="180.00" type="DEFAULT_VEHTYPE" speed="12.73" pos="48.06" lane="2/3to2/4_0" slope="0.00"/>
        <vehicle id="7" x="208.72" y="401.65" angle="-90.00" type="DEFAULT_VEHTYPE" speed="2.32" pos="186.53" lane="2/2to1/2_0" slope="0.00"/>
        <vehicle id="8" x="395.05" y="598.35" angle="90.00" type="DEFAULT_VEHTYPE" speed="0.55" pos="190.30" lane="1/3to2/3_0" slope="0.00"/>
    </timestep>
    <timestep time="349.00">
        <vehicle id="0" x="398.35" y="691.14" angle="0.00" type="DEFAULT_VEHTYPE" speed="13.51" pos="108.86" lane="2/4to2/3_0" slope="0.00"/>
        <vehicle id="1" x="798.94" y="598.35" angle="90.00" type="DEFAULT_VEHTYPE" speed="12.93" pos="194.19" lane="3/3to4/3_0" slope="0.00"/>
        <vehicle id="17" x="398.35" y="329.73" angle="0.00" type="DEFAULT_VEHTYPE" speed="13.33" pos="65.52" lane="2/2to2/1_0" slope="0.00"/>
        <vehicle id="18" x="398.35" y="601.53" angle="0.00" type="DEFAULT_VEHTYPE" speed="13.29" pos="3.22" lane=":2/3_1_0" slope="0.00"/>
        <vehicle id="21" x="401.65" y="742.98" angle="180.00" type="DEFAULT_VEHTYPE" speed="12.74" pos="138.23" lane="2/3to2/4_0" slope="0.00"/>
        <vehicle id="22" x="401.65" y="169.50" angle="180.00" type="DEFAULT_VEHTYPE" speed="13.89" pos="169.50" lane="2/0to2/1_0" slope="0.00"/>
        <vehicle id="24" x="201.65" y="506.14" angle="180.00" type="DEFAULT_VEHTYPE" speed="13.26" pos="101.39" lane="1/2to1/3_0" slope="0.00"/>
        <vehicle id="26" x="201.65" y="445.90" angle="180.00" type="DEFAULT_VEHTYPE" speed="13.48" pos="41.15" lane="1/2to1/3_0" slope="0.00"/>
        <vehicle id="28" x="398.35" y="398.27" angle="0.00" type="DEFAULT_VEHTYPE" speed="13.24" pos="6.48" lane=":2/2_1_0" slope="0.00"/>
        <vehicle id="32" x="73.36" y="401.65" angle="-90.00" type="DEFAULT_VEHTYPE" speed="12.69" pos="121.89" lane="1/2to0/2_0" slope="0.00"/>
        <vehicle id="35" x="401.65" y="704.22" angle="180.00" type="DEFAULT_VEHTYPE" speed="12.81" pos="99.47" lane="2/3to2/4_0" slope="0.00"/>
        <vehicle id="37" x="198.35" y="368.29" angle="0.00" type="DEFAULT_VEHTYPE" speed="12.22" pos="26.96" lane="1/2to1/1_0" slope="0.00"/>
        <vehicle id="38" x="598.35" y="496.32" angle="0.00" type="DEFAULT_VEHTYPE" speed="13.01" pos="98.93" lane="3/3to3/2_0" slope="0.00"/>
        <vehicle id="41" x="349.19" y="201.65" angle="-90.00" type="DEFAULT_VEHTYPE" speed="13.27" pos="46.06" lane="2/1to1/1_0" slope="0.00"/>
        <vehicle id="44" x="201.65" y="401.07" angle="180.00" type="DEFAULT_VEHTYPE" speed="12.69" pos="5.82" lane=":1/2_9_0" slope="0.00"/>
        <vehicle id="48" x="201.65" y="291.92" angle="180.00" type="DEFAULT_VEHTYPE" speed="13.83" pos="87.17" lane="1/1to1/2_0" slope="0.00"/>
        <vehicle id="5" x="401.65" y="665.47" angle="180.00" type="DEFAULT_VEHTYPE" speed="12.66" pos="60.72" lane="2/3to2/4_0" slope="0.00"/>
        <vehicle id="7" x="207.79" y="401.65" angle="-90.00" type="DEFAULT_VEHTYPE" speed="0.93" pos="187.46" lane="2/2to1/2_0" slope="0.00"/>
        <vehicle id="8" x="395.05" y="598.35" angle="90.00" type="DEFAULT_VEHTYPE" speed="0.00" pos="190.30" lane="1/3to2/3_0" slope="0.00"/>
    </timestep>
    <timestep time="350.00">
        <vehicle id="0" x="398.35" y="677.65" angle="0.00" type="DEFAULT_VEHTYPE" speed="13.48" pos="122.35" lane="2/4to2/3_0" slope="0.00"/>
        <vehicle id="1" x="792.17" y="601.65" angle="-90.00" type="DEFAULT_VEHTYPE" speed="13.71" pos="7.83" lane="4/3to3/3_0" slope="0.00"/>
        <vehicle id="17" x="398.35" y="315.90" angle="0.00" type="DEFAULT_VEHTYPE" speed="13.83" pos="79.35" lane="2/2to2/1_0" slope="0.00"/>
        <vehicle id="18" x="398.35" y="588.85" angle="0.00" type="DEFAULT_VEHTYPE" speed="12.68" pos="6.40" lane="2/3to2/2_0" slope="0.00"/>
        <vehicle id="21" x="401.65" y="755.82" angle="180.00" type="DEFAULT_VEHTYPE" speed="12.84" pos="151.07" lane="2/3to2/4_0" slope="0.00"/>
        <vehicle id="22" x="401.65" y="182.54" angle="180.00" type="DEFAULT_VEHTYPE" speed="13.04" pos="182.54" lane="2/0to2/1_0" slope="0.00"/>
        <vehicle id="24" x="201.65" y="519.34" angle="180.00" type="DEFAULT_VEHTYPE" speed="13.20" pos="114.59" lane="1/2to1/3_0" slope="0.00"/>
        <vehicle id="26" x="201.65" y="458.74" angle="180.00" type="DEFAULT_VEHTYPE" speed="12.85" pos="53.99" lane="1/2to1/3_0" slope="0.00"/>
        <vehicle id="28" x="398.35" y="384.60" angle="0.00" type="DEFAULT_VEHTYPE" speed="13.67" pos="10.65" lane="2/2to2/1_0" slope="0.00"/>
        <vehicle id="32" x="60.46" y="401.65" angle="-90.00" type="DEFAULT_VEHTYPE" speed="12.90" pos="134.79" lane="1/2to0/2_0" slope="0.00"/>
        <vehicle id="35" x="401.65" y="716.89" angle="180.00" type="DEFAULT_VEHTYPE" speed="12.67" pos="112.14" lane="2/3to2/4_0" slope="0.00"/>
        <vehicle id="37" x="198.35" y="354.67" angle="0.00" type="DEFAULT_VEHTYPE" speed="13.62" pos="40.58" lane="1/2to1/1_0" slope="0.00"/>
        <vehicle id="38" x="598.35" y="483.60" angle="0.00" type="DEFAULT_VEHTYPE" speed="12.73" pos="111.65" lane="3/3to3/2_0" slope="0.00"/>
        <vehicle id="41" x="336.58" y="201.65" angle="-90.00" type="DEFAULT_VEHTYPE" speed="12.61" pos="58.67" lane="2/1to1/1_0" slope="0.00"/>
        <vehicle id="44" x="201.65" y="414.07" angle="180.00" type="DEFAULT_VEHTYPE" speed="13.00" pos="9.32" lane="1/2to1/3_0" slope="0.00"/>
        <vehicle id="48" x="201.65" y="304.68" angle="180.00" type="DEFAULT_VEHTYPE" speed="12.76" pos="99.93" lane="1/1to1/2_0" slope="0.00"/>
        <vehicle id="5" x="401.65" y="678.78" angle="180.00" type="DEFAULT_VEHTYPE" speed="13.31" pos="74.03" lane="2/3to2/4_0" slope="0.00"/>
        <vehicle id="7" x="207.37" y="401.65" angle="-90.00" type="DEFAULT_VEHTYPE" speed="0.42" pos="187.88" lane="2/2to1/2_0" slope="0.00"/>
        <vehicle id="8" x="395.05" y="598.35" angle="90.00" type="DEFAULT_VEHTYPE" speed="0.00" pos="190.30" lane="1/3to2/3_0" slope="0.00"/>
    </timestep>
    <timestep time="351.00">
        <vehicle id="0" x="398.35" y="664.45" angle="0.00" type="DEFAULT_VEHTYPE" speed="13.21" pos="135.55" lane="2/4to2/3_0" slope="0.00"/>
        <vehicle id="1" x="778.71" y="601.65" angle="-90.00" type="DEFAULT_VEHTYPE" speed="13.46" pos="21.29" lane="4/3to3/3_0" slope="0.00"/>
        <vehicle id="17" x="398.35" y="303.10" angle="0.00" type="DEFAULT_VEHTYPE" speed="12.79" pos="92.15" lane="2/2to2/1_0" slope="0.00"/>
        <vehicle id="18" x="398.35" y="575.03" angle="0.00" type="DEFAULT_VEHTYPE" speed="13.82" pos="20.22" lane="2/3to2/2_0" slope="0.00"/>
        <vehicle id="21" x="401.65" y="768.82" angle="180.00" type="DEFAULT_VEHTYPE" speed="13.00" pos="164.07" lane="2/3to2/4_0" slope="0.00"/>
        <vehicle id="22" x="401.72" y="195.72" angle="179.25" type="DEFAULT_VEHTYPE" speed="13.18" pos="0.47" lane=":2/1_8_0" slope="0.00"/>
        <vehicle id="24" x="201.65" y="533.18" angle="180.00" type="DEFAULT_VEHTYPE" speed="13.85" pos="128.43" lane="1/2to1/3_0" slope="0.00"/>
        <vehicle id="26" x="201.65" y="471.53" angle="180.00" type="DEFAULT_VEHTYPE" speed="12.78" pos="66.78" lane="1/2to1/3_0" slope="0.00"/>
        <vehicle id="28" x="398.35" y="371.17" angle="0.00" type="DEFAULT_VEHTYPE" speed="13.43" pos="24.08" lane="2/2to2/1_0" slope="0.00"/>
        <vehicle id="32" x="47.74" y="401.65" angle="-90.00" type="DEFAULT_VEHTYPE" speed="12.72" pos="147.51" lane="1/2to0/2_0" slope="0.00"/>
        <vehicle id="35" x="401.65" y="729.92" angle="180.00" type="DEFAULT_VEHTYPE" speed="13.02" pos="125.17" lane="2/3to2/4_0" slope="0.00"/>
        <vehicle id="37" x="198.35" y="341.11" angle="0.00" type="DEFAULT_VEHTYPE" speed="13.56" pos="54.14" lane="1/2to1/1_0" slope="0.00"/>
        <vehicle id="38" x="598.35" y="470.65" angle="0.00" type="DEFAULT_VEHTYPE" speed="12.95" pos="124.60" lane="3/3to3/2_0" slope="0.00"/>
        <vehicle id="41" x="323.67" y="201.65" angle="-90.00" type="DEFAULT_VEHTYPE" speed="12.92" pos="71.58" lane="2/1to1/1_0" slope="0.00"/>
        <vehicle id="44" x="201.65" y="426.94" angle="180.00" type="DEFAULT_VEHTYPE" speed="12.87" pos="22.19" lane="1/2to1/3_0" slope="0.00"/>
        <vehicle id="48" x="201.65" y="317.81" angle="180.00" type="DEFAULT_VEHTYPE" speed="13.13" pos="113.06" lane="1/1to1/2_0" slope="0.00"/>
        <vehicle id="5" x="401.65" y="692.35" angle="180.00" type="DEFAULT_VEHTYPE" speed="13.57" pos="87.60" lane="2/3to2/4_0" slope="0.00"/>
        <vehicle id="7" x="205.42" y="401.65" angle="-90.00" type="DEFAULT_VEHTYPE" speed="1.95" pos="189.83" lane="2/2to1/2_0" slope="0.00"/>
        <vehicle id="8" x="396.52" y="598.53" angle="92.08" type="DEFAULT_VEHTYPE" speed="1.48" pos="1.28" lane=":2/3_14_0" slope="0.00"/>
    </timestep>
    <timestep time="352.00">
        <vehicle id="0" x="398.35" y="651.33" angle="0.00" type="DEFAULT_VEHTYPE" speed="13.12" pos="148.67" lane="2/4to2/3_0" slope="0.00"/>
        <vehicle id="1" x="765.40" y="601.65" angle="-90.00" type="DEFAULT_VEHTYPE" speed="13.31" pos="34.60" lane="4/3to3/3_0" slope="0.00"/>
        <vehicle id="17" x="398.35" y="289.38" angle="0.00" type="DEFAULT_VEHTYPE" speed="13.73" pos="105.87" lane="2/2to2/1_0" slope="0.00"/>
        <vehicle id="18" x="398.35" y="561.40" angle="0.00" type="DEFAULT_VEHTYPE" speed="13.63" pos="33.85" lane="2/3to2/2_0" slope="0.00"/>
        <vehicle id="21" x="401.65" y="781.66" angle="180.00" type="DEFAULT_VEHTYPE" speed="12.84" pos="176.91" lane="2/3to2/4_0" slope="0.00"/>
        <vehicle id="22" x="413.41" y="198.35" angle="90.00" type="DEFAULT_VEHTYPE" speed="13.19" pos="8.66" lane="2/1to3/1_0" slope="0.00"/>
        <vehicle id="24" x="201.65" y="546.75" angle="180.00" type="DEFAULT_VEHTYPE" speed="13.57" pos="142.00" lane="1/2to1/3_0" slope="0.00"/>
        <vehicle id="26" x="201.65" y="484.15" angle="180.00" type="DEFAULT_VEHTYPE" speed="12.62" pos="79.40" lane="1/2to1/3_0" slope="0.00"/>
        <vehicle id="28" x="398.35" y="357.54" angle="0.00" type="DEFAULT_VEHTYPE" speed="13.63" pos="37.71" lane="2/2to2/1_0" slope="0.00"/>
        <vehicle id="32" x="34.51" y="401.65" angle="-90.00" type="DEFAULT_VEHTYPE" speed="13.23" pos="160.74" lane="1/2to0/2_0" slope="0.00"/>
        <vehicle id="35" x="401.65" y="742.81" angle="180.00" type="DEFAULT_VEHTYPE" speed="12.89" pos="138.06" lane="2/3to2/4_0" slope="0.00"/>
        <vehicle id="37" x="198.35" y="328.13" angle="0.00" type="DEFAULT_VEHTYPE" speed="12.98" pos="67.12" lane="1/2to1/1_0" slope="0.00"/>
        <vehicle id="38" x="598.35" y="457.71" angle="0.00" type="DEFAULT_VEHTYPE" speed="12.94" pos="137.54" lane="3/3to3/2_0" slope="0.00"/>
        <vehicle id="41" x="310.23" y="201.65" angle="-90.00" type="DEFAULT_VEHTYPE" speed="13.44" pos="85.02" lane="2/1to1/1_0" slope="0.00"/>
        <vehicle id="44" x="201.65" y="439.73" angle="180.00" type="DEFAULT_VEHTYPE" speed="12.78" pos="34.98" lane="1/2to1/3_0" slope="0.00"/>
        <vehicle id="48" x="201.65" y="331.66" angle="180.00" type="DEFAULT_VEHTYPE" speed="13.85" pos="126.91" lane="1/1to1/2_0" slope="0.00"/>
        <vehicle id="5" x="401.65" y="705.11" angle="180.00" type="DEFAULT_VEHTYPE" speed="12.76" pos="100.36" lane="2/3to2/4_0" slope="0.00"/>
        <vehicle id="7" x="201.24" y="401.65" angle="-90.00" type="DEFAULT_VEHTYPE" speed="4.18" pos="3.51" lane=":1/2_5_0" slope="0.00"/>
        <vehicle id="8" x="399.45" y="599.59" angle="104.65" type="DEFAULT_VEHTYPE" speed="3.18" pos="4.46" lane=":2/3_14_0" slope="0.00"/>
    </timestep>
    <timestep time="353.00">
        <vehicle id="0" x="398.35" y="637.45" angle="0.00" type="DEFAULT_VEHTYPE" speed="13.88" pos="162.55" lane="2/4to2/3_0" slope="0.00"/>
        <vehicle id="1" x="751.82" y="601.65" angle="-90.00" type="DEFAULT_VEHTYPE" speed="13.59" pos="48.18" lane="4/3to3/3_0" slope="0.00"/>
        <vehicle id="17" x="398.35" y="276.52" angle="0.00" type="DEFAULT_VEHTYPE" speed="12.85" pos="118.73" lane="2/2to2/1_0" slope="0.00"/>
        <vehicle id="18" x="398.35" y="548.25" angle="0.00" type="DEFAULT_VEHTYPE" speed="13.15" pos="47.00" lane="2/3to2/2_0" slope="0.00"/>
        <vehicle id="21" x="401.65" y="794.55" angle="180.00" type="DEFAULT_VEHTYPE" speed="12.89" pos="189.80" lane="2/3to2/4_0" slope="0.00"/>
        <vehicle id="22" x="427.30" y="198.35" angle="90.00" type="DEFAULT_VEHTYPE" speed="13.89" pos="22.55" lane="2/1to3/1_0" slope="0.00"/>
        <vehicle id="24" x="201.65" y="560.47" angle="180.00" type="DEFAULT_VEHTYPE" speed="13.72" pos="155.72" lane="1/2to1/3_0" slope="0.00"/>
        <vehicle id="26" x="201.65" y="497.07" angle="180.00" type="DEFAULT_VEHTYPE" speed="12.92" pos="92.32" lane="1/2to1/3_0" slope="0.00"/>
        <vehicle id="28" x="398.35" y="344.49" angle="0.00" type="DEFAULT_VEHTYPE" speed="13.06" pos="50.76" lane="2/2to2/1_0" slope="0.00"/>
        <vehicle id="32" x="20.78" y="401.65" angle="-90.00" type="DEFAULT_VEHTYPE" speed="13.73" pos="174.47" lane="1/2to0/2_0" slope="0.00"/>
        <vehicle id="35" x="401.65" y="755.71" angle="180.00" type="DEFAULT_VEHTYPE" speed="12.91" pos="150.96" lane="2/3to2/4_0" slope="0.00"/>
        <vehicle id="37" x="198.35" y="314.65" angle="0.00" type="DEFAULT_VEHTYPE" speed="13.49" pos="80.60" lane="1/2to1/1_0" slope="0.00"/>
        <vehicle id="38" x="598.35" y="443.99" angle="0.00" type="DEFAULT_VEHTYPE" speed="13.73" pos="151.26" lane="3/3to3/2_0" slope="0.00"/>
        <vehicle id="41" x="297.26" y="201.65" angle="-90.00" type="DEFAULT_VEHTYPE" speed="12.97" pos="97.99" lane="2/1to1/1_0" slope="0.00"/>
        <vehicle id="44" x="201.65" y="453.03" angle="180.00" type="DEFAULT_VEHTYPE" speed="13.31" pos="48.28" lane="1/2to1/3_0" slope="0.00"/>
        <vehicle id="48" x="201.65" y="345.46" angle="180.00" type="DEFAULT_VEHTYPE" speed="13.80" pos="140.71" lane="1/1to1/2_0" slope="0.00"/>
        <vehicle id="5" x="401.65" y="718.68" angle="180.00" type="DEFAULT_VEHTYPE" speed="13.57" pos="113.93" lane="2/3to2/4_0" slope="0.00"/>
        <vehicle id="7" x="195.16" y="401.65" angle="-90.00" type="DEFAULT_VEHTYPE" speed="6.08" pos="0.09" lane="1/2to0/2_0" slope="0.00"/>
        <vehicle id="8" x="401.63" y="604.61" angle="161.30" type="DEFAULT_VEHTYPE" speed="5.72" pos="10.18" lane=":2/3_14_0" slope="0.00"/>
    </timestep>
    <timestep time="354.00">
        <vehicle id="0" x="398.35" y="623.92" angle="0.00" type="DEFAULT_VEHTYPE" speed="13.54" pos="176.08" lane="2/4to2/3_0" slope="0.00"/>
        <vehicle id="1" x="738.37" y="601.65" angle="-90.00" type="DEFAULT_VEHTYPE" speed="13.45" pos="61.63" lane="4/3to3/3_0" slope="0.00"/>
        <vehicle id="17" x="398.35" y="263.85" angle="0.00" type="DEFAULT_VEHTYPE" speed="12.67" pos="131.40" lane="2/2to2/1_0" slope="0.00"/>
        <vehicle id="18" x="398.35" y="534.38" angle="0.00" type="DEFAULT_VEHTYPE" speed="13.87" pos="60.87" lane="2/3to2/2_0" slope="0.00"/>
        <vehicle id="21" x="398.35" y="797.00" angle="-16.09" type="DEFAULT_VEHTYPE" speed="13.27" pos="3.00" lane="2/4to2/3_0" slope="0.00"/>
        <vehicle id="22" x="440.72" y="198.35" angle="90.00" type="DEFAULT_VEHTYPE" speed="13.42" pos="35.97" lane="2/1to3/1_0" slope="0.00"/>
        <vehicle id="24" x="201.65" y="574.08" angle="180.00" type="DEFAULT_VEHTYPE" speed="13.61" pos="169.33" lane="1/2to1/3_0" slope="0.00"/>
        <vehicle id="26" x="201.65" y="510.92" angle="180.00" type="DEFAULT_VEHTYPE" speed="13.85" pos="106.17" lane="1/2to1/3_0" slope="0.00"/>
        <vehicle id="28" x="398.35" y="330.61" angle="0.00" type="DEFAULT_VEHTYPE" speed="13.88" pos="64.64" lane="2/2to2/1_0" slope="0.00"/>
        <vehicle id="32" x="7.24" y="401.65" angle="-90.00" type="DEFAULT_VEHTYPE" speed="13.54" pos="188.01" lane="1/2to0/2_0" slope="0.00"/>
        <vehicle id="35" x="401.65" y="769.60" angle="180.00" type="DEFAULT_VEHTYPE" speed="13.89" pos="164.85" lane="2/3to2/4_0" slope="0.00"/>
        <vehicle id="37" x="198.35" y="300.80" angle="0.00" type="DEFAULT_VEHTYPE" speed="13.85" pos="94.45" lane="1/2to1/1_0" slope="0.00"/>
        <vehicle id="38" x="598.35" y="430.85" angle="0.00" type="DEFAULT_VEHTYPE" speed="13.13" pos="164.40" lane="3/3to3/2_0" slope="0.00"/>
        <vehicle id="41" x="284.64" y="201.65" angle="-90.00" type="DEFAULT_VEHTYPE" speed="12.62" pos="110.61" lane="2/1to1/1_0" slope="0.00"/>
        <vehicle id="44" x="201.65" y="465.96" angle="180.00" type="DEFAULT_VEHTYPE" speed="12.93" pos="61.21" lane="1/2to1/3_0" slope="0.00"/>
        <vehicle id="48" x="201.65" y="359.26" angle="180.00" type="DEFAULT_VEHTYPE" speed="13.80" pos="154.51" lane="1/1to1/2_0" slope="0.00"/>
        <vehicle id="5" x="401.65" y="731.89" angle="180.00" type="DEFAULT_VEHTYPE" speed="13.21" pos="127.14" lane="2/3to2/4_0" slope="0.00"/>
        <vehicle id="7" x="186.59" y="401.65" angle="-90.00" type="DEFAULT_VEHTYPE" speed="8.57" pos="8.66" lane="1/2to0/2_0" slope="0.00"/>
        <vehicle id="8" x="401.65" y="611.83" angle="180.00" type="DEFAULT_VEHTYPE" speed="7.22" pos="7.08" lane="2/3to2/4_0" slope="0.00"/>
    </timestep>
    <timestep time="355.00">
        <vehicle id="0" x="398.35" y="610.82" angle="0.00" type="DEFAULT_VEHTYPE" speed="13.10" pos="189.18" lane="2/4to2/3_0" slope="0.00"/>
        <vehicle id="1" x="724.67" y="601.65" angle="-90.00" type="DEFAULT_VEHTYPE" speed="13.70" pos="75.33" lane="4/3to3/3_0" slope="0.00"/>
        <vehicle id="17" x="398.35" y="251.21" angle="0.00" type="DEFAULT_VEHTYPE" speed="12.64" pos="144.04" lane="2/2to2/1_0" slope="0.00"/>
        <vehicle id="18" x="398.35" y="521.29" angle="0.00" type="DEFAULT_VEHTYPE" speed="13.09" pos="73.96" lane="2/3to2/2_0" slope="0.00"/>
        <vehicle id="21" x="398.35" y="783.66" angle="0.00" type="DEFAULT_VEHTYPE" speed="13.34" pos="16.34" lane="2/4to2/3_0" slope="0.00"/>
        <vehicle id="22" x="453.82" y="198.35" angle="90.00" type="DEFAULT_VEHTYPE" speed="13.11" pos="49.07" lane="2/1to3/1_0" slope="0.00"/>
        <vehicle id="24" x="201.65" y="587.49" angle="180.00" type="DEFAULT_VEHTYPE" speed="13.41" pos="182.74" lane="1/2to1/3_0" slope="0.00"/>
        <vehicle id="26" x="201.65" y="524.74" angle="180.00" type="DEFAULT_VEHTYPE" speed="13.82" pos="119.99" lane="1/2to1/3_0" slope="0.00"/>
        <vehicle id="28" x="398.35" y="317.89" angle="0.00" type="DEFAULT_VEHTYPE" speed="12.72" pos="77.36" lane="2/2to2/1_0" slope="0.00"/>
        <vehicle id="32" x="1.62" y="398.35" angle="48.42" type="DEFAULT_VEHTYPE" speed="13.68" pos="1.62" lane="0/2to1/2_0" slope="0.00"/>
        <vehicle id="35" x="401.65" y="782.65" angle="180.00" type="DEFAULT_VEHTYPE" speed="13.05" pos="177.90" lane="2/3to2/4_0" slope="0.00"/>
        <vehicle id="37" x="198.35" y="287.84" angle="0.00" type="DEFAULT_VEHTYPE" speed="12.96" pos="107.41" lane="1/2to1/1_0" slope="0.00"/>
        <vehicle id="38" x="598.35" y="418.17" angle="0.00" type="DEFAULT_VEHTYPE" speed="12.68" pos="177.08" lane="3/3to3/2_0" slope="0.00"/>
        <vehicle id="41" x="272.00" y="201.65" angle="-90.00" type="DEFAULT_VEHTYPE" speed="12.64" pos="123.25" lane="2/1to1/1_0" slope="0.00"/>
        <vehicle id="44" x="201.65" y="479.80" angle="180.00" type="DEFAULT_VEHTYPE" speed="13.83" pos="75.05" lane="1/2to1/3_0" slope="0.00"/>
        <vehicle id="48" x="201.65" y="373.07" angle="180.00" type="DEFAULT_VEHTYPE" speed="13.81" pos="168.32" lane="1/1to1/2_0" slope="0.00"/>
        <vehicle id="5" x="401.65" y="744.90" angle="180.00" type="DEFAULT_VEHTYPE" speed="13.01" pos="140.15" lane="2/3to2/4_0" slope="0.00"/>
        <vehicle id="7" x="175.80" y="401.65" angle="-90.00" type="DEFAULT_VEHTYPE" speed="10.80" pos="19.45" lane="1/2to0/2_0" slope="0.00"/>
        <vehicle id="8" x="401.65" y="620.99" angle="180.00" type="DEFAULT_VEHTYPE" speed="9.17" pos="16.24" lane="2/3to2/4_0" slope="0.00"/>
    </timestep>
    <timestep time="356.00">
        <vehicle id="0" x="398.35" y="597.73" angle="0.00" type="DEFAULT_VEHTYPE" speed="13.09" pos="7.02" lane=":2/3_1_0" slope="0.00"/>
        <vehicle id="1" x="711.49" y="601.65" angle="-90.00" type="DEFAULT_VEHTYPE" speed="13.18" pos="88.51" lane="4/3to3/3_0" slope="0.00"/>
        <vehicle id="17" x="398.35" y="238.01" angle="0.00" type="DEFAULT_VEHTYPE" speed="13.21" pos="157.24" lane="2/2to2/1_0" slope="0.00"/>
        <vehicle id="18" x="398.35" y="508.29" angle="0.00" type="DEFAULT_VEHTYPE" speed="12.99" pos="86.96" lane="2/3to2/2_0" slope="0.00"/>
        <vehicle id="21" x="398.35" y="770.04" angle="0.00" type="DEFAULT_VEHTYPE" speed="13.62" pos="29.96" lane="2/4to2/3_0" slope="0.00"/>
        <vehicle id="22" x="466.94" y="198.35" angle="90.00" type="DEFAULT_VEHTYPE" speed="13.11" pos="62.19" lane="2/1to3/1_0" slope="0.00"/>
        <vehicle id="24" x="205.37" y="598.35" angle="124.37" type="DEFAULT_VEHTYPE" speed="13.38" pos="0.62" lane="1/3to2/3_0" slope="0.00"/>
        <vehicle id="26" x="201.65" y="537.69" angle="180.00" type="DEFAULT_VEHTYPE" speed="12.95" pos="132.94" lane="1/2to1/3_0" slope="0.00"/>
        <vehicle id="28" x="398.35" y="304.35" angle="0.00" type="DEFAULT_VEHTYPE" speed="13.54" pos="90.90" lane="2/2to2/1_0" slope="0.00"/>
        <vehicle id="32" x="14.24" y="398.35" angle="90.00" type="DEFAULT_VEHTYPE" speed="12.62" pos="14.24" lane="0/2to1/2_0" slope="0.00"/>
        <vehicle id="35" x="401.65" y="795.87" angle="180.00" type="DEFAULT_VEHTYPE" speed="13.23" pos="191.12" lane="2/3to2/4_0" slope="0.00"/>
        <vehicle id="37" x="198.35" y="275.02" angle="0.00" type="DEFAULT_VEHTYPE" speed="12.82" pos="120.23" lane="1/2to1/1_0" slope="0.00"/>
        <vehicle id="38" x="598.31" y="404.46" angle="-0.46" type="DEFAULT_VEHTYPE" speed="13.71" pos="0.29" lane=":3/2_0_0" slope="0.00"/>
        <vehicle id="41" x="258.72" y="201.65" angle="-90.00" type="DEFAULT_VEHTYPE" speed="13.28" pos="136.53" lane="2/1to1/1_0" slope="0.00"/>
        <vehicle id="44" x="201.65" y="492.53" angle="180.00" type="DEFAULT_VEHTYPE" speed="12.73" pos="87.78" lane="1/2to1/3_0" slope="0.00"/>
        <vehicle id="48" x="201.65" y="386.69" angle="180.00" type="DEFAULT_VEHTYPE" speed="13.62" pos="181.94" lane="1/1to1/2_0" slope="0.00"/>
        <vehicle id="5" x="401.65" y="758.15" angle="180.00" type="DEFAULT_VEHTYPE" speed="13.26" pos="153.40" lane="2/3to2/4_0" slope="0.00"/>
        <vehicle id="7" x="163.29" y="401.65" angle="-90.00" type="DEFAULT_VEHTYPE" speed="12.51" pos="31.96" lane="1/2to0/2_0" slope="0.00"/>
        <vehicle id="8" x="401.65" y="631.74" angle="180.00" type="DEFAULT_VEHTYPE" speed="10.75" pos="26.99" lane="2/3to2/4_0" slope="0.00"/>
    </timestep>
    <timestep time="357.00">
        <vehicle id="0" x="398.35" y="584.60" angle="0.00" type="DEFAULT_VEHTYPE" speed="13.13" pos="10.65" lane="2/3to2/2_0" slope="0.00"/>
        <vehicle id="1" x="698.80" y="601.65" angle="-90.00" type="DEFAULT_VEHTYPE" speed="12.68" pos="101.20" lane="4/3to3/3_0" slope="0.00"/>
        <vehicle id="17" x="398.35" y="225.00" angle="0.00" type="DEFAULT_VEHTYPE" speed="13.01" pos="170.25" lane="2/2to2/1_0" slope="0.00"/>
        <vehicle id="18" x="398.35" y="495.33" angle="0.00" type="DEFAULT_VEHTYPE" speed="12.97" pos="99.92" lane="2/3to2/2_0" slope="0.00"/>
        <vehicle id="21" x="398.35" y="756.26" angle="0.00" type="DEFAULT_VEHTYPE" speed="13.79" pos="43.74" lane="2/4to2/3_0" slope="0.00"/>
        <vehicle id="22" x="480.69" y="198.35" angle="90.00" type="DEFAULT_VEHTYPE" speed="13.75" pos="75.94" lane="2/1to3/1_0" slope="0.00"/>
        <vehicle id="24" x="219.05" y="598.35" angle="90.00" type="DEFAULT_VEHTYPE" speed="13.67" pos="14.30" lane="1/3to2/3_0" slope="0.00"/>
        <vehicle id="26" x="201.65" y="551.11" angle="180.00" type="DEFAULT_VEHTYPE" speed="13.41" pos="146.36" lane="1/2to1/3_0" slope="0.00"/>
        <vehicle id="28" x="398.35" y="290.48" angle="0.00" type="DEFAULT_VEHTYPE" speed="13.87" pos="104.77" lane="2/2to2/1_0" slope="0.00"/>
        <vehicle id="32" x="27.08" y="398.35" angle="90.00" type="DEFAULT_VEHTYPE" speed="12.84" pos="27.08" lane="0/2to1/2_0" slope="0.00"/>
        <vehicle id="35" x="398.35" y="795.20" angle="-1.30" type="DEFAULT_VEHTYPE" speed="13.75" pos="4.80" lane="2/4to2/3_0" slope="0.00"/>
        <vehicle id="37" x="198.35" y="262.23" angle="0.00" type="DEFAULT_VEHTYPE" speed="12.78" pos="133.02" lane="1/2to1/1_0" slope="0.00"/>
        <vehicle id="38" x="587.06" y="401.65" angle="-90.00" type="DEFAULT_VEHTYPE" speed="12.90" pos="8.19" lane="3/2to2/2_0" slope="0.00"/>
        <vehicle id="41" x="246.11" y="201.65" angle="-90.00" type="DEFAULT_VEHTYPE" speed="12.61" pos="149.14" lane="2/1to1/1_0" slope="0.00"/>
        <vehicle id="44" x="201.65" y="505.79" angle="180.00" type="DEFAULT_VEHTYPE" speed="13.26" pos="101.04" lane="1/2to1/3_0" slope="0.00"/>
        <vehicle id="48" x="201.65" y="399.96" angle="180.00" type="DEFAULT_VEHTYPE" speed="13.27" pos="4.71" lane=":1/2_9_0" slope="0.00"/>
        <vehicle id="5" x="401.65" y="771.15" angle="180.00" type="DEFAULT_VEHTYPE" speed="12.99" pos="166.40" lane="2/3to2/4_0" slope="0.00"/>
        <vehicle id="7" x="150.32" y="401.65" angle="-90.00" type="DEFAULT_VEHTYPE" speed="12.97" pos="44.93" lane="1/2to0/2_0" slope="0.00"/>
        <vehicle id="8" x="401.65" y="644.41" angle="180.00" type="DEFAULT_VEHTYPE" speed="12.67" pos="39.66" lane="2/3to2/4_0" slope="0.00"/>
    </timestep>
    <timestep time="358.00">
        <vehicle id="0" x="398.35" y="571.40" angle="0.00" type="DEFAULT_VEHTYPE" speed="13.20" pos="23.85" lane="2/3to2/2_0" slope="0.00"/>
        <vehicle id="1" x="685.09" y="601.65" angle="-90.00" type="DEFAULT_VEHTYPE" speed="13.71" pos="114.91" lane="4/3to3/3_0" slope="0.00"/>
        <vehicle id="17" x="398.35" y="212.20" angle="0.00" type="DEFAULT_VEHTYPE" speed="12.80" pos="183.05" lane="2/2to2/1_0" slope="0.00"/>
        <vehicle id="18" x="398.35" y="482.20" angle="0.00" type="DEFAULT_VEHTYPE" speed="13.12" pos="113.05" lane="2/3to2/2_0" slope="0.00"/>
        <vehicle id="21" x="398.35" y="742.81" angle="0.00" type="DEFAULT_VEHTYPE" speed="13.44" pos="57.19" lane="2/4to2/3_0" slope="0.00"/>
        <vehicle id="22" x="493.76" y="198.35" angle="90.00" type="DEFAULT_VEHTYPE" speed="13.07" pos="89.01" lane="2/1to3/1_0" slope="0.00"/>
        <vehicle id="24" x="232.50" y="598.35" angle="90.00" type="DEFAULT_VEHTYPE" speed="13.46" pos="27.75" lane="1/3to2/3_0" slope="0.00"/>
        <vehicle id="26" x="201.65" y="563.84" angle="180.00" type="DEFAULT_VEHTYPE" speed="12.73" pos="159.09" lane="1/2to1/3_0" slope="0.00"/>
        <vehicle id="28" x="398.35" y="276.62" angle="0.00" type="DEFAULT_VEHTYPE" speed="13.86" pos="118.63" lane="2/2to2/1_0" slope="0.00"/>
        <vehicle id="32" x="40.51" y="398.35" angle="90.00" type="DEFAULT_VEHTYPE" speed="13.43" pos="40.51" lane="0/2to1/2_0" slope="0.00"/>
        <vehicle id="35" x="398.35" y="781.68" angle="0.00" type="DEFAULT_VEHTYPE" speed="13.52" pos="18.32" lane="2/4to2/3_0" slope="0.00"/>
        <vehicle id="37" x="198.35" y="248.65" angle="0.00" type="DEFAULT_VEHTYPE" speed="13.59" pos="146.60" lane="1/2to1/1_0" slope="0.00"/>
        <vehicle id="38" x="573.78" y="401.65" angle="-90.00" type="DEFAULT_VEHTYPE" speed="13.28" pos="21.47" lane="3/2to2/2_0" slope="0.00"/>
        <vehicle id="41" x="232.59" y="201.65" angle="-90.00" type="DEFAULT_VEHTYPE" speed="13.52" pos="162.66" lane="2/1to1/1_0" slope="0.00"/>
        <vehicle id="44" x="201.65" y="519.56" angle="180.00" type="DEFAULT_VEHTYPE" speed="13.77" pos="114.81" lane="1/2to1/3_0" slope="0.00"/>
        <vehicle id="48" x="201.65" y="413.02" angle="180.00" type="DEFAULT_VEHTYPE" speed="13.07" pos="8.27" lane="1/2to1/3_0" slope="0.00"/>
        <vehicle id="5" x="401.65" y="785.04" angle="180.00" type="DEFAULT_VEHTYPE" speed="13.90" pos="180.29" lane="2/3to2/4_0" slope="0.00"/>
        <vehicle id="7" x="136.51" y="401.65" angle="-90.00" type="DEFAULT_VEHTYPE" speed="13.81" pos="58.74" lane="1/2to0/2_0" slope="0.00"/>
        <vehicle id="8" x="401.65" y="658.27" angle="180.00" type="DEFAULT_VEHTYPE" speed="13.86" pos="53.52" lane="2/3to2/4_0" slope="0.00"/>
    </timestep>
    <timestep time="359.00">
        <vehicle id="0" x="398.35" y="557.73" angle="0.00" type="DEFAULT_VEHTYPE" speed="13.67" pos="37.52" lane="2/3to2/2_0" slope="0.00"/>
        <vehicle id="1" x="672.04" y="601.65" angle="-90.00" type="DEFAULT_VEHTYPE" speed="13.05" pos="127.96" lane="4/3to3/3_0" slope="0.00"/>
        <vehicle id="17" x="394.68" y="201.65" angle="-54.80" type="DEFAULT_VEHTYPE" speed="13.02" pos="0.57" lane="2/1to1/1_0" slope="0.00"/>
        <vehicle id="18" x="398.35" y="469.00" angle="0.00" type="DEFAULT_VEHTYPE" speed="13.20" pos="126.25" lane="2/3to2/2_0" slope="0.00"/>
        <vehicle id="21" x="398.35" y="728.92" angle="0.00" type="DEFAULT_VEHTYPE" speed="13.89" pos="71.08" lane="2/4to2/3_0" slope="0.00"/>
        <vehicle id="22" x="506.73" y="198.35" angle="90.00" type="DEFAULT_VEHTYPE" speed="12.98" pos="101.98" lane="2/1to3/1_0" slope="0.00"/>
        <vehicle id="24" x="245.21" y="598.35" angle="90.00" type="DEFAULT_VEHTYPE" speed="12.71" pos="40.46" lane="1/3to2/3_0" slope="0.00"/>
        <vehicle id="26" x="201.65" y="577.30" angle="180.00" type="DEFAULT_VEHTYPE" speed="13.47" pos="172.55" lane="1/2to1/3_0" slope="0.00"/>
        <vehicle id="28" x="398.35" y="262.85" angle="0.00" type="DEFAULT_VEHTYPE" speed="13.77" pos="132.40" lane="2/2to2/1_0" slope="0.00"/>
        <vehicle id="32" x="54.39" y="398.35" angle="90.00" type="DEFAULT_VEHTYPE" speed="13.89" pos="54.39" lane="0/2to1/2_0" slope="0.00"/>
        <vehicle id="35" x="398.35" y="768.86" angle="0.00" type="DEFAULT_VEHTYPE" speed="12.82" pos="31.14" lane="2/4to2/3_0" slope="0.00"/>
        <vehicle id="37" x="198.35" y="234.95" angle="0.00" type="DEFAULT_VEHTYPE" speed="13.70" pos="160.30" lane="1/2to1/1_0" slope="0.00"/>
        <vehicle id="38" x="560.85" y="401.65" angle="-90.00" type="DEFAULT_VEHTYPE" speed="12.93" pos="34.40" lane="3/2to2/2_0" slope="0.00"/>
        <vehicle id="41" x="222.08" y="201.65" angle="-90.00" type="DEFAULT_VEHTYPE" speed="10.51" pos="173.17" lane="2/1to1/1_0" slope="0.00"/>
        <vehicle id="44" x="201.65" y="532.61" angle="180.00" type="DEFAULT_VEHTYPE" speed="13.05" pos="127.86" lane="1/2to1/3_0" slope="0.00"/>
        <vehicle id="48" x="201.65" y="426.68" angle="180.00" type="DEFAULT_VEHTYPE" speed="13.65" pos="21.93" lane="1/2to1/3_0" slope="0.00"/>
        <vehicle id="5" x="401.65" y="798.87" angle="180.00" type="DEFAULT_VEHTYPE" speed="13.83" pos="194.12" lane="2/3to2/4_0" slope="0.00"/>
        <vehicle id="7" x="123.16" y="401.65" angle="-90.00" type="DEFAULT_VEHTYPE" speed="13.35" pos="72.09" lane="1/2to0/2_0" slope="0.00"/>
        <vehicle id="8" x="401.65" y="671.59" angle="180.00" type="DEFAULT_VEHTYPE" speed="13.32" pos="66.84" lane="2/3to2/4_0" slope="0.00"/>
    </timestep>
    <timestep time="360.00">
        <vehicle id="0" x="398.35" y="544.98" angle="0.00" type="DEFAULT_VEHTYPE" speed="12.75" pos="50.27" lane="2/3to2/2_0" slope="0.00"/>
        <vehicle id="1" x="659.27" y="601.65" angle="-90.00" type="DEFAULT_VEHTYPE" speed="12.77" pos="140.73" lane="4/3to3/3_0" slope="0.00"/>
        <vehicle id="17" x="380.87" y="201.65" angle="-90.00" type="DEFAULT_VEHTYPE" speed="13.81" pos="14.38" lane="2/1to1/1_0" slope="0.00"/>
        <vehicle id="18" x="398.35" y="455.57" angle="0.00" type="DEFAULT_VEHTYPE" speed="13.43" pos="139.68" lane="2/3to2/2_0" slope="0.00"/>
        <vehicle id="21" x="398.35" y="715.34" angle="0.00" type="DEFAULT_VEHTYPE" speed="13.58" pos="84.66" lane="2/4to2/3_0" slope="0.00"/>
        <vehicle id="22" x="520.57" y="198.35" angle="90.00" type="DEFAULT_VEHTYPE" speed="13.84" pos="115.82" lane="2/1to3/1_0" slope="0.00"/>
        <vehicle id="24" x="258.16" y="598.35" angle="90.00" type="DEFAULT_VEHTYPE" speed="12.95" pos="53.41" lane="1/3to2/3_0" slope="0.00"/>
        <vehicle id="26" x="201.65" y="590.23" angle="180.00" type="DEFAULT_VEHTYPE" speed="12.92" pos="185.48" lane="1/2to1/3_0" slope="0.00"/>
        <vehicle id="28" x="398.35" y="249.51" angle="0.00" type="DEFAULT_VEHTYPE" speed="13.35" pos="145.74" lane="2/2to2/1_0" slope="0.00"/>
        <vehicle id="32" x="67.58" y="398.35" angle="90.00" type="DEFAULT_VEHTYPE" speed="13.19" pos="67.58" lane="0/2to1/2_0" slope="0.00"/>
        <vehicle id="35" x="398.35" y="756.24" angle="0.00" type="DEFAULT_VEHTYPE" speed="12.62" pos="43.76" lane="2/4to2/3_0" slope="0.00"/>
        <vehicle id="37" x="198.35" y="222.23" angle="0.00" type="DEFAULT_VEHTYPE" speed="12.72" pos="173.02" lane="1/2to1/1_0" slope="0.00"/>
        <vehicle id="38" x="548.17" y="401.65" angle="-90.00" type="DEFAULT_VEHTYPE" speed="12.68" pos="47.08" lane="3/2to2/2_0" slope="0.00"/>
        <vehicle id="41" x="214.61" y="201.65" angle="-90.00" type="DEFAULT_VEHTYPE" speed="7.47" pos="180.64" lane="2/1to1/1_0" slope="0.00"/>
        <vehicle id="44" x="201.65" y="546.34" angle="180.00" type="DEFAULT_VEHTYPE" speed="13.73" pos="141.59" lane="1/2to1/3_0" slope="0.00"/>
        <vehicle id="48" x="201.65" y="439.55" angle="180.00" type="DEFAULT_VEHTYPE" speed="12.87" pos="34.80" lane="1/2to1/3_0" slope="0.00"/>
        <vehicle id="5" x="398.35" y="793.20" angle="0.00" type="DEFAULT_VEHTYPE" speed="12.75" pos="6.80" lane="2/4to2/3_0" slope="0.00"/>
        <vehicle id="7" x="110.12" y="401.65" angle="-90.00" type="DEFAULT_VEHTYPE" speed="13.04" pos="85.13" lane="1/2to0/2_0" slope="0.00"/>
        <vehicle id="8" x="401.65" y="684.65" angle="180.00" type="DEFAULT_VEHTYPE" speed="13.06" pos="79.90" lane="2/3to2/4_0" slope="0.00"/>
    </timestep>
    <timestep time="361.00">
        <vehicle id="0" x="398.35" y="532.32" angle="0.00" type="DEFAULT_VEHTYPE" speed="12.66" pos="62.93" lane="2/3to2/2_0" slope="0.00"/>
        <vehicle id="1" x="645.91" y="601.65" angle="-90.00" type="DEFAULT_VEHTYPE" speed="13.36" pos="154.09" lane="4/3to3/3_0" slope="0.00"/>
        <vehicle id="17" x="367.24" y="201.65" angle="-90.00" type="DEFAULT_VEHTYPE" speed="13.64" pos="28.01" lane="2/1to1/1_0" slope="0.00"/>
        <vehicle id="18" x="398.35" y="442.78" angle="0.00" type="DEFAULT_VEHTYPE" speed="12.79" pos="152.47" lane="2/3to2/2_0" slope="0.00"/>
        <vehicle id="21" x="398.35" y="702.37" angle="0.00" type="DEFAULT_VEHTYPE" speed="12.96" pos="97.63" lane="2/4to2/3_0" slope="0.00"/>
        <vehicle id="22" x="533.18" y="198.35" angle="90.00" type="DEFAULT_VEHTYPE" speed="12.61" pos="128.43" lane="2/1to3/1_0" slope="0.00"/>
        <vehicle id="24" x="271.53" y="598.35" angle="90.00" type="DEFAULT_VEHTYPE" speed="13.37" pos="66.78" lane="1/3to2/3_0" slope="0.00"/>
        <vehicle id="26" x="207.36" y="598.35" angle="98.43" type="DEFAULT_VEHTYPE" speed="12.63" pos="2.61" lane="1/3to2/3_0" slope="0.00"/>
        <vehicle id="28" x="398.35" y="236.20" angle="0.00" type="DEFAULT_VEHTYPE" speed="13.30" pos="159.05" lane="2/2to2/1_0" slope="0.00"/>
        <vehicle id="32" x="80.46" y="398.35" angle="90.00" type="DEFAULT_VEHTYPE" speed="12.88" pos="80.46" lane="0/2to1/2_0" slope="0.00"/>
        <vehicle id="35" x="398.35" y="743.48" angle="0.00" type="DEFAULT_VEHTYPE" speed="12.76" pos="56.52" lane="2/4to2/3_0" slope="0.00"/>
        <vehicle id="37" x="198.35" y="208.38" angle="0.00" type="DEFAULT_VEHTYPE" speed="13.84" pos="186.87" lane="1/2to1/1_0" slope="0.00"/>
        <vehicle id="38" x="534.85" y="401.65" angle="-90.00" type="DEFAULT_VEHTYPE" speed="13.32" pos="60.40" lane="3/2to2/2_0" slope="0.00"/>
        <vehicle id="41" x="210.50" y="201.65" angle="-90.00" type="DEFAULT_VEHTYPE" speed="4.11" pos="184.75" lane="2/1to1/1_0" slope="0.00"/>
        <vehicle id="44" x="201.65" y="560.04" angle="180.00" type="DEFAULT_VEHTYPE" speed="13.70" pos="155.29" lane="1/2to1/3_0" slope="0.00"/>
        <vehicle id="48" x="201.65" y="453.18" angle="180.00" type="DEFAULT_VEHTYPE" speed="13.64" pos="48.43" lane="1/2to1/3_0" slope="0.00"/>
        <vehicle id="5" x="398.35" y="780.42" angle="0.00" type="DEFAULT_VEHTYPE" speed="12.78" pos="19.58" lane="2/4to2/3_0" slope="0.00"/>
        <vehicle id="7" x="97.27" y="401.65" angle="-90.00" type="DEFAULT_VEHTYPE" speed="12.85" pos="97.98" lane="1/2to0/2_0" slope="0.00"/>
        <vehicle id="8" x="401.65" y="698.47" angle="180.00" type="DEFAULT_VEHTYPE" speed="13.82" pos="93.72" lane="2/3to2/4_0" slope="0.00"/>
    </timestep>
    <timestep time="362.00">
        <vehicle id="0" x="398.35" y="518.87" angle="0.00" type="DEFAULT_VEHTYPE" speed="13.45" pos="76.38" lane="2/3to2/2_0" slope="0.00"/>
        <vehicle id="1" x="633.03" y="601.65" angle="-90.00" type="DEFAULT_VEHTYPE" speed="12.88" pos="166.97" lane="4/3to3/3_0" slope="0.00"/>
        <vehicle id="17" x="354.01" y="201.65" angle="-90.00" type="DEFAULT_VEHTYPE" speed="13.23" pos="41.24" lane="2/1to1/1_0" slope="0.00"/>
        <vehicle id="18" x="398.35" y="430.06" angle="0.00" type="DEFAULT_VEHTYPE" speed="12.72" pos="165.19" lane="2/3to2/2_0" slope="0.00"/>
        <vehicle id="21" x="398.35" y="689.61" angle="0.00" type="DEFAULT_VEHTYPE" speed="12.76" pos="110.39" lane="2/4to2/3_0" slope="0.00"/>
        <vehicle id="22" x="545.99" y="198.35" angle="90.00" type="DEFAULT_VEHTYPE" speed="12.80" pos="141.24" lane="2/1to3/1_0" slope="0.00"/>
        <vehicle id="24" x="284.62" y="598.35" angle="90.00" type="DEFAULT_VEHTYPE" speed="13.09" pos="79.87" lane="1/3to2/3_0" slope="0.00"/>
        <vehicle id="26" x="220.37" y="598.35" angle="90.00" type="DEFAULT_VEHTYPE" speed="13.01" pos="15.62" lane="1/3to2/3_0" slope="0.00"/>
        <vehicle id="28" x="398.35" y="223.12" angle="0.00" type="DEFAULT_VEHTYPE" speed="13.09" pos="172.13" lane="2/2to2/1_0" slope="0.00"/>
        <vehicle id="32" x="93.52" y="398.35" angle="90.00" type="DEFAULT_VEHTYPE" speed="13.06" pos="93.52" lane="0/2to1/2_0" slope="0.00"/>
        <vehicle id="35" x="398.35" y="729.63" angle="0.00" type="DEFAULT_VEHTYPE" speed="13.85" pos="70.37" lane="2/4to2/3_0" slope="0.00"/>
        <vehicle id="37" x="191.22" y="201.65" angle="-88.45" type="DEFAULT_VEHTYPE" speed="12.66" pos="4.03" lane="1/1to0/1_0" slope="0.00"/>
        <vehicle id="38" x="521.23" y="401.65" angle="-90.00" type="DEFAULT_VEHTYPE" speed="13.62" pos="74.02" lane="3/2to2/2_0" slope="0.00"/>
        <vehicle id="41" x="204.47" y="201.69" angle="-90.45" type="DEFAULT_VEHTYPE" speed="6.04" pos="0.29" lane=":1/1_4_0" slope="0.00"/>
        <vehicle id="44" x="201.65" y="573.42" angle="180.00" type="DEFAULT_VEHTYPE" speed="13.38" pos="168.67" lane="1/2to1/3_0" slope="0.00"/>
        <vehicle id="48" x="201.65" y="466.44" angle="180.00" type="DEFAULT_VEHTYPE" speed="13.26" pos="61.69" lane="1/2to1/3_0" slope="0.00"/>
        <vehicle id="5" x="398.35" y="767.28" angle="0.00" type="DEFAULT_VEHTYPE" speed="13.14" pos="32.72" lane="2/4to2/3_0" slope="0.00"/>
        <vehicle id="7" x="83.68" y="401.65" angle="-90.00" type="DEFAULT_VEHTYPE" speed="13.59" pos="111.57" lane="1/2to0/2_0" slope="0.00"/>
        <vehicle id="8" x="401.65" y="712.29" angle="180.00" type="DEFAULT_VEHTYPE" speed="13.82" pos="107.54" lane="2/3to2/4_0" slope="0.00"/>
    </timestep>
    <timestep time="363.00">
        <vehicle id="0" x="398.35" y="506.03" angle="0.00" type="DEFAULT_VEHTYPE" speed="12.84" pos="89.22" lane="2/3to2/2_0" slope="0.00"/>
        <vehicle id="1" x="622.03" y="601.65" angle="-90.00" type="DEFAULT_VEHTYPE" speed="11.00" pos="177.97" lane="4/3to3/3_0" slope="0.00"/>
        <vehicle id="17" x="341.24" y="201.65" angle="-90.00" type="DEFAULT_VEHTYPE" speed="12.77" pos="54.01" lane="2/1to1/1_0" slope="0.00"/>
        <vehicle id="18" x="398.35" y="417.31" angle="0.00" type="DEFAULT_VEHTYPE" speed="12.75" pos="177.94" lane="2/3to2/2_0" slope="0.00"/>
        <vehicle id="21" x="398.35" y="676.45" angle="0.00" type="DEFAULT_VEHTYPE" speed="13.17" pos="123.55" lane="2/4to2/3_0" slope="0.00"/>
        <vehicle id="22" x="559.11" y="198.35" angle="90.00" type="DEFAULT_VEHTYPE" speed="13.12" pos="154.36" lane="2/1to3/1_0" slope="0.00"/>
        <vehicle id="24" x="297.37" y="598.35" angle="90.00" type="DEFAULT_VEHTYPE" speed="12.75" pos="92.62" lane="1/3to2/3_0" slope="0.00"/>
        <vehicle id="26" x="234.22" y="598.35" angle="90.00" type="DEFAULT_VEHTYPE" speed="13.85" pos="29.47" lane="1/3to2/3_0" slope="0.00"/>
        <vehicle id="28" x="398.35" y="210.20" angle="0.00" type="DEFAULT_VEHTYPE" speed="12.91" pos="185.05" lane="2/2to2/1_0" slope="0.00"/>
        <vehicle id="32" x="106.32" y="398.35" angle="90.00" type="DEFAULT_VEHTYPE" speed="12.80" pos="106.32" lane="0/2to1/2_0" slope="0.00"/>
        <vehicle id="35" x="398.35" y="716.56" angle="0.00" type="DEFAULT_VEHTYPE" speed="13.07" pos="83.44" lane="2/4to2/3_0" slope="0.00"/>
        <vehicle id="37" x="178.42" y="201.65" angle="-90.00" type="DEFAULT_VEHTYPE" speed="12.81" pos="16.83" lane="1/1to0/1_0" slope="0.00"/>
        <vehicle id="38" x="507.42" y="401.65" angle="-90.00" type="DEFAULT_VEHTYPE" speed="13.81" pos="87.83" lane="3/2to2/2_0" slope="0.00"/>
        <vehicle id="41" x="201.65" y="208.24" angle="-176.98" type="DEFAULT_VEHTYPE" speed="8.20" pos="3.49" lane="1/1to1/2_0" slope="0.00"/>
        <vehicle id="44" x="201.65" y="586.34" angle="180.00" type="DEFAULT_VEHTYPE" speed="12.92" pos="181.59" lane="1/2to1/3_0" slope="0.00"/>
        <vehicle id="48" x="201.65" y="479.93" angle="180.00" type="DEFAULT_VEHTYPE" speed="13.49" pos="75.18" lane="1/2to1/3_0" slope="0.00"/>
        <vehicle id="5" x="398.35" y="754.39" angle="0.00" type="DEFAULT_VEHTYPE" speed="12.89" pos="45.61" lane="2/4to2/3_0" slope="0.00"/>
        <vehicle id="7" x="71.00" y="401.65" angle="-90.00" type="DEFAULT_VEHTYPE" speed="12.68" pos="124.25" lane="1/2to0/2_0" slope="0.00"/>
        <vehicle id="8" x="401.65" y="725.39" angle="180.00" type="DEFAULT_VEHTYPE" speed="13.11" pos="120.64" lane="2/3to2/4_0" slope="0.00"/>
    </timestep>
    <timestep time="364.00">
        <vehicle id="0" x="398.35" y="492.96" angle="0.00" type="DEFAULT_VEHTYPE" speed="13.07" pos="102.29" lane="2/3to2/2_0" slope="0.00"/>
        <vehicle id="1" x="614.60" y="601.65" angle="-90.00" type="DEFAULT_VEHTYPE" speed="7.43" pos="185.40" lane="4/3to3/3_0" slope="0.00"/>
        <vehicle id="17" x="328.06" y="201.65" angle="-90.00" type="DEFAULT_VEHTYPE" speed="13.18" pos="67.19" lane="2/1to1/1_0" slope="0.00"/>
        <vehicle id="18" x="398.35" y="403.41" angle="0.00" type="DEFAULT_VEHTYPE" speed="13.90" pos="1.34" lane=":2/2_1_0" slope="0.00"/>
        <vehicle id="21" x="398.35" y="663.73" angle="0.00" type="DEFAULT_VEHTYPE" speed="12.72" pos="136.27" lane="2/4to2/3_0" slope="0.00"/>
        <vehicle id="22" x="572.40" y="198.35" angle="90.00" type="DEFAULT_VEHTYPE" speed="13.30" pos="167.65" lane="2/1to3/1_0" slope="0.00"/>
        <vehicle id="24" x="310.68" y="598.35" angle="90.00" type="DEFAULT_VEHTYPE" speed="13.31" pos="105.93" lane="1/3to2/3_0" slope="0.00"/>
        <vehicle id="26" x="247.38" y="598.35" angle="90.00" type="DEFAULT_VEHTYPE" speed="13.17" pos="42.63" lane="1/3to2/3_0" slope="0.00"/>
        <vehicle id="28" x="392.96" y="201.65" angle="-78.62" type="DEFAULT_VEHTYPE" speed="12.74" pos="2.29" lane="2/1to1/1_0" slope="0.00"/>
        <vehicle id="32" x="119.34" y="398.35" angle="90.00" type="DEFAULT_VEHTYPE" speed="13.01" pos="119.34" lane="0/2to1/2_0" slope="0.00"/>
        <vehicle id="35" x="398.35" y="703.86" angle="0.00" type="DEFAULT_VEHTYPE" speed="12.70" pos="96.14" lane="2/4to2/3_0" slope="0.00"/>
        <vehicle id="37" x="165.77" y="201.65" angle="-90.00" type="DEFAULT_VEHTYPE" speed="12.65" pos="29.48" lane="1/1to0/1_0" slope="0.00"/>
        <vehicle id="38" x="493.63" y="401.65" angle="-90.00" type="DEFAULT_VEHTYPE" speed="13.79" pos="101.62" lane="3/2to2/2_0" slope="0.00"/>
        <vehicle id="41" x="201.65" y="218.43" angle="180.00" type="DEFAULT_VEHTYPE" speed="10.19" pos="13.68" lane="1/1to1/2_0" slope="0.00"/>
        <vehicle id="44" x="203.70" y="598.20" angle="152.90" type="DEFAULT_VEHTYPE" speed="12.85" pos="3.94" lane=":1/3_8_0" slope="0.00"/>
        <vehicle id="48" x="201.65" y="493.33" angle="180.00" type="DEFAULT_VEHTYPE" speed="13.40" pos="88.58" lane="1/2to1/3_0" slope="0.00"/>
        <vehicle id="5" x="398.35" y="740.71" angle="0.00" type="DEFAULT_VEHTYPE" speed="13.67" pos="59.29" lane="2/4to2/3_0" slope="0.00"/>
        <vehicle id="7" x="57.87" y="401.65" angle="-90.00" type="DEFAULT_VEHTYPE" speed="13.13" pos="137.38" lane="1/2to0/2_0" slope="0.00"/>
        <vehicle id="8" x="401.65" y="738.49" angle="180.00" type="DEFAULT_VEHTYPE" speed="13.10" pos="133.74" lane="2/3to2/4_0" slope="0.00"/>
    </timestep>
    <timestep time="365.00">
        <vehicle id="0" x="398.35" y="479.78" angle="0.00" type="DEFAULT_VEHTYPE" speed="13.18" pos="115.47" lane="2/3to2/2_0" slope="0.00"/>
        <vehicle id="1" x="609.95" y="601.65" angle="-90.00" type="DEFAULT_VEHTYPE" speed="4.65" pos="190.05" lane="4/3to3/3_0" slope="0.00"/>
        <vehicle id="17" x="314.30" y="201.65" angle="-90.00" type="DEFAULT_VEHTYPE" speed="13.76" pos="80.95" lane="2/1to1/1_0" slope="0.00"/>
        <vehicle id="18" x="398.35" y="390.42" angle="0.00" type="DEFAULT_VEHTYPE" speed="12.99" pos="4.83" lane="2/2to2/1_0" slope="0.00"/>
        <vehicle id="21" x="398.35" y="650.47" angle="0.00" type="DEFAULT_VEHTYPE" speed="13.26" pos="149.53" lane="2/4to2/3_0" slope="0.00"/>
        <vehicle id="22" x="581.70" y="198.35" angle="90.00" type="DEFAULT_VEHTYPE" speed="9.30" pos="176.95" lane="2/1to3/1_0" slope="0.00"/>
        <vehicle id="24" x="323.53" y="598.35" angle="90.00" type="DEFAULT_VEHTYPE" speed="12.84" pos="118.78" lane="1/3to2/3_0" slope="0.00"/>
        <vehicle id="26" x="261.16" y="598.35" angle="90.00" type="DEFAULT_VEHTYPE" speed="13.77" pos="56.41" lane="1/3to2/3_0" slope="0.00"/>
        <vehicle id="28" x="379.49" y="201.65" angle="-90.00" type="DEFAULT_VEHTYPE" speed="13.46" pos="15.76" lane="2/1to1/1_0" slope="0.00"/>
        <vehicle id="32" x="132.60" y="398.35" angle="90.00" type="DEFAULT_VEHTYPE" speed="13.26" pos="132.60" lane="0/2to1/2_0" slope="0.00"/>
        <vehicle id="35" x="398.35" y="690.68" angle="0.00" type="DEFAULT_VEHTYPE" speed="13.18" pos="109.32" lane="2/4to2/3_0" slope="0.00"/>
        <vehicle id="37" x="152.98" y="201.65" angle="-90.00" type="DEFAULT_VEHTYPE" speed="12.79" pos="42.27" lane="1/1to0/1_0" slope="0.00"/>
        <vehicle id="38" x="480.24" y="401.65" angle="-90.00" type="DEFAULT_VEHTYPE" speed="13.39" pos="115.01" lane="3/2to2/2_0" slope="0.00"/>
        <vehicle id="41" x="201.65" y="229.95" angle="180.00" type="DEFAULT_VEHTYPE" speed="11.52" pos="25.20" lane="1/1to1/2_0" slope="0.00"/>
        <vehicle id="44" x="217.08" y="598.35" angle="90.00" type="DEFAULT_VEHTYPE" speed="13.39" pos="12.33" lane="1/3to2/3_0" slope="0.00"/>
        <vehicle id="48" x="201.65" y="506.44" angle="180.00" type="DEFAULT_VEHTYPE" speed="13.10" pos="101.69" lane="1/2to1/3_0" slope="0.00"/>
        <vehicle id="5" x="398.35" y="727.38" angle="0.00" type="DEFAULT_VEHTYPE" speed="13.33" pos="72.62" lane="2/4to2/3_0" slope="0.00"/>
        <vehicle id="7" x="45.06" y="401.65" angle="-90.00" type="DEFAULT_VEHTYPE" speed="12.81" pos="150.19" lane="1/2to0/2_0" slope="0.00"/>
        <vehicle id="8" x="401.65" y="752.12" angle="180.00" type="DEFAULT_VEHTYPE" speed="13.62" pos="147.37" lane="2/3to2/4_0" slope="0.00"/>
    </timestep>
    <timestep time="366.00">
        <vehicle id="0" x="398.35" y="466.36" angle="0.00" type="DEFAULT_VEHTYPE" speed="13.42" pos="128.89" lane="2/3to2/2_0" slope="0.00"/>
        <vehicle id="1" x="603.49" y="601.47" angle="-87.94" type="DEFAULT_VEHTYPE" speed="6.47" pos="1.27" lane=":3/3_6_0" slope="0.00"/>
        <vehicle id="17" x="301.56" y="201.65" angle="-90.00" type="DEFAULT_VEHTYPE" speed="12.74" pos="93.69" lane="2/1to1/1_0" slope="0.00"/>
        <vehicle id="18" x="398.35" y="377.33" angle="0.00" type="DEFAULT_VEHTYPE" speed="13.09" pos="17.92" lane="2/2to2/1_0" slope="0.00"/>
        <vehicle id="21" x="398.35" y="637.00" angle="0.00" type="DEFAULT_VEHTYPE" speed="13.47" pos="163.00" lane="2/4to2/3_0" slope="0.00"/>
        <vehicle id="22" x="587.34" y="198.35" angle="90.00" type="DEFAULT_VEHTYPE" speed="5.63" pos="182.59" lane="2/1to3/1_0" slope="0.00"/>
        <vehicle id="24" x="337.12" y="598.35" angle="90.00" type="DEFAULT_VEHTYPE" speed="13.59" pos="132.37" lane="1/3to2/3_0" slope="0.00"/>
        <vehicle id="26" x="273.88" y="598.35" angle="90.00" type="DEFAULT_VEHTYPE" speed="12.72" pos="69.13" lane="1/3to2/3_0" slope="0.00"/>
        <vehicle id="28" x="366.85" y="201.65" angle="-90.00" type="DEFAULT_VEHTYPE" speed="12.65" pos="28.40" lane="2/1to1/1_0" slope="0.00"/>
        <vehicle id="32" x="145.88" y="398.35" angle="90.00" type="DEFAULT_VEHTYPE" speed="13.28" pos="145.88" lane="0/2to1/2_0" slope="0.00"/>
        <vehicle id="35" x="398.35" y="677.78" angle="0.00" type="DEFAULT_VEHTYPE" speed="12.91" pos="122.22" lane="2/4to2/3_0" slope="0.00"/>
        <vehicle id="37" x="140.28" y="201.65" angle="-90.00" type="DEFAULT_VEHTYPE" speed="12.70" pos="54.97" lane="1/1to0/1_0" slope="0.00"/>
        <vehicle id="38" x="467.07" y="401.65" angle="-90.00" type="DEFAULT_VEHTYPE" speed="13.18" pos="128.18" lane="3/2to2/2_0" slope="0.00"/>
        <vehicle id="41" x="201.65" y="243.44" angle="180.00" type="DEFAULT_VEHTYPE" speed="13.49" pos="38.69" lane="1/1to1/2_0" slope="0.00"/>
        <vehicle id="44" x="230.17" y="598.35" angle="90.00" type="DEFAULT_VEHTYPE" speed="13.09" pos="25.42" lane="1/3to2/3_0" slope="0.00"/>
        <vehicle id="48" x="201.65" y="519.68" angle="180.00" type="DEFAULT_VEHTYPE" speed="13.24" pos="114.93" lane="1/2to1/3_0" slope="0.00"/>
        <vehicle id="5" x="398.35" y="713.75" angle="0.00" type="DEFAULT_VEHTYPE" speed="13.64" pos="86.25" lane="2/4to2/3_0" slope="0.00"/>
        <vehicle id="7" x="32.34" y="401.65" angle="-90.00" type="DEFAULT_VEHTYPE" speed="12.72" pos="162.91" lane="1/2to0/2_0" slope="0.00"/>
        <vehicle id="8" x="401.65" y="765.17" angle="180.00" type="DEFAULT_VEHTYPE" speed="13.06" pos="160.42" lane="2/3to2/4_0" slope="0.00"/>
    </timestep>
    <timestep time="367.00">
        <vehicle id="0" x="398.35" y="453.52" angle="0.00" type="DEFAULT_VEHTYPE" speed="12.84" pos="141.73" lane="2/3to2/2_0" slope="0.00"/>
        <vehicle id="1" x="598.46" y="596.05" angle="-25.19" type="DEFAULT_VEHTYPE" speed="8.25" pos="9.52" lane=":3/3_6_0" slope="0.00"/>
        <vehicle id="17" x="287.83" y="201.65" angle="-90.00" type="DEFAULT_VEHTYPE" speed="13.73" pos="107.42" lane="2/1to1/1_0" slope="0.00"/>
        <vehicle id="18" x="398.35" y="364.40" angle="0.00" type="DEFAULT_VEHTYPE" speed="12.93" pos="30.85" lane="2/2to2/1_0" slope="0.00"/>
        <vehicle id="21" x="398.35" y="623.13" angle="0.00" type="DEFAULT_VEHTYPE" speed="13.87" pos="176.87" lane="2/4to2/3_0" slope="0.00"/>
        <vehicle id="22" x="590.70" y="198.35" angle="90.00" type="DEFAULT_VEHTYPE" speed="3.36" pos="185.95" lane="2/1to3/1_0" slope="0.00"/>
        <vehicle id="24" x="350.04" y="598.35" angle="90.00" type="DEFAULT_VEHTYPE" speed="12.92" pos="145.29" lane="1/3to2/3_0" slope="0.00"/>
        <vehicle id="26" x="287.36" y="598.35" angle="90.00" type="DEFAULT_VEHTYPE" speed="13.48" pos="82.61" lane="1/3to2/3_0" slope="0.00"/>
        <vehicle id="28" x="353.16" y="201.65" angle="-90.00" type="DEFAULT_VEHTYPE" speed="13.69" pos="42.09" lane="2/1to1/1_0" slope="0.00"/>
        <vehicle id="32" x="158.80" y="398.35" angle="90.00" type="DEFAULT_VEHTYPE" speed="12.92" pos="158.80" lane="0/2to1/2_0" slope="0.00"/>
        <vehicle id="35" x="398.35" y="664.06" angle="0.00" type="DEFAULT_VEHTYPE" speed="13.72" pos="135.94" lane="2/4to2/3_0" slope="0.00"/>
        <vehicle id="37" x="127.46" y="201.65" angle="-90.00" type="DEFAULT_VEHTYPE" speed="12.82" pos="67.79" lane="1/1to0/1_0" slope="0.00"/>
        <vehicle id="38" x="453.34" y="401.65" angle="-90.00" type="DEFAULT_VEHTYPE" speed="13.73" pos="141.91" lane="3/2to2/2_0" slope="0.00"/>
        <vehicle id="41" x="201.65" y="256.07" angle="180.00" type="DEFAULT_VEHTYPE" speed="12.63" pos="51.32" lane="1/1to1/2_0" slope="0.00"/>
        <vehicle id="44" x="243.94" y="598.35" angle="90.00" type="DEFAULT_VEHTYPE" speed="13.77" pos="39.19" lane="1/3to2/3_0" slope="0.00"/>
        <vehicle id="48" x="201.65" y="533.20" angle="180.00" type="DEFAULT_VEHTYPE" speed="13.53" pos="128.45" lane="1/2to1/3_0" slope="0.00"/>
        <vehicle id="5" x="398.35" y="700.80" angle="0.00" type="DEFAULT_VEHTYPE" speed="12.94" pos="99.20" lane="2/4to2/3_0" slope="0.00"/>
        <vehicle id="7" x="19.40" y="401.65" angle="-90.00" type="DEFAULT_VEHTYPE" speed="12.94" pos="175.85" lane="1/2to0/2_0" slope="0.00"/>
        <vehicle id="8" x="401.65" y="778.57" angle="180.00" type="DEFAULT_VEHTYPE" speed="13.39" pos="173.82" lane="2/3to2/4_0" slope="0.00"/>
    </timestep>
    <timestep time="368.00">
        <vehicle id="0" x="398.35" y="440.66" angle="0.00" type="DEFAULT_VEHTYPE" speed="12.86" pos="154.59" lane="2/3to2/2_0" slope="0.00"/>
        <vehicle id="1" x="598.35" y="585.50" angle="0.00" type="DEFAULT_VEHTYPE" speed="10.55" pos="9.75" lane="3/3to3/2_0" slope="0.00"/>
        <vehicle id="17" x="274.77" y="201.65" angle="-90.00" type="DEFAULT_VEHTYPE" speed="13.06" pos="120.48" lane="2/1to1/1_0" slope="0.00"/>
        <vehicle id="18" x="398.35" y="350.74" angle="0.00" type="DEFAULT_VEHTYPE" speed="13.66" pos="44.51" lane="2/2to2/1_0" slope="0.00"/>
        <vehicle id="21" x="398.35" y="610.10" angle="0.00" type="DEFAULT_VEHTYPE" speed="13.03" pos="189.90" lane="2/4to2/3_0" slope="0.00"/>
        <vehicle id="22" x="595.92" y="198.35" angle="90.00" type="DEFAULT_VEHTYPE" speed="5.21" pos="0.67" lane=":3/1_13_0" slope="0.00"/>
        <vehicle id="24" x="362.90" y="598.35" angle="90.00" type="DEFAULT_VEHTYPE" speed="12.86" pos="158.15" lane="1/3to2/3_0" slope="0.00"/>
        <vehicle id="26" x="300.49" y="598.35" angle="90.00" type="DEFAULT_VEHTYPE" speed="13.14" pos="95.74" lane="1/3to2/3_0" slope="0.00"/>
        <vehicle id="28" x="340.38" y="201.65" angle="-90.00" type="DEFAULT_VEHTYPE" speed="12.77" pos="54.87" lane="2/1to1/1_0" slope="0.00"/>
        <vehicle id="32" x="171.96" y="398.35" angle="90.00" type="DEFAULT_VEHTYPE" speed="13.16" pos="171.96" lane="0/2to1/2_0" slope="0.00"/>
        <vehicle id="35" x="398.35" y="650.46" angle="0.00" type="DEFAULT_VEHTYPE" speed="13.59" pos="149.54" lane="2/4to2/3_0" slope="0.00"/>
        <vehicle id="37" x="114.51" y="201.65" angle="-90.00" type="DEFAULT_VEHTYPE" speed="12.95" pos="80.74" lane="1/1to0/1_0" slope="0.00"/>
        <vehicle id="38" x="439.68" y="401.65" angle="-90.00" type="DEFAULT_VEHTYPE" speed="13.66" pos="155.57" lane="3/2to2/2_0" slope="0.00"/>
        <vehicle id="41" x="201.65" y="269.37" angle="180.00" type="DEFAULT_VEHTYPE" speed="13.30" pos="64.62" lane="1/1to1/2_0" slope="0.00"/>
        <vehicle id="44" x="257.72" y="598.35" angle="90.00" type="DEFAULT_VEHTYPE" speed="13.77" pos="52.97" lane="1/3to2/3_0" slope="0.00"/>
        <vehicle id="48" x="201.65" y="546.09" angle="180.00" type="DEFAULT_VEHTYPE" speed="12.89" pos="141.34" lane="1/2to1/3_0" slope="0.00"/>
        <vehicle id="5" x="398.35" y="687.86" angle="0.00" type="DEFAULT_VEHTYPE" speed="12.95" pos="112.14" lane="2/4to2/3_0" slope="0.00"/>
        <vehicle id="7" x="6.76" y="401.65" angle="-90.00" type="DEFAULT_VEHTYPE" speed="12.65" pos="188.49" lane="1/2to0/2_0" slope="0.00"/>
        <vehicle id="8" x="401.65" y="792.01" angle="180.00" type="DEFAULT_VEHTYPE" speed="13.44" pos="187.26" lane="2/3to2/4_0" slope="0.00"/>
    </timestep>
    <timestep time="369.00">
        <vehicle id="0" x="398.35" y="427.27" angle="0.00" type="DEFAULT_VEHTYPE" speed="13.39" pos="167.98" lane="2/3to2/2_0" slope="0.00"/>
        <vehicle id="1" x="598.35" y="572.56" angle="0.00" type="DEFAULT_VEHTYPE" speed="12.94" pos="22.69" lane="3/3to3/2_0" slope="0.00"/>
        <vehicle id="17" x="261.00" y="201.65" angle="-90.00" type="DEFAULT_VEHTYPE" speed="13.77" pos="134.25" lane="2/1to1/1_0" slope="0.00"/>
        <vehicle id="18" x="398.35" y="337.38" angle="0.00" type="DEFAULT_VEHTYPE" speed="13.36" pos="57.87" lane="2/2to2/1_0" slope="0.00"/>
        <vehicle id="21" x="398.35" y="596.59" angle="0.00" type="DEFAULT_VEHTYPE" speed="13.51" pos="8.16" lane=":2/3_1_0" slope="0.00"/>
        <vehicle id="22" x="603.00" y="198.35" angle="90.00" type="DEFAULT_VEHTYPE" speed="7.08" pos="7.75" lane=":3/1_13_0" slope="0.00"/>
        <vehicle id="24" x="375.00" y="598.35" angle="90.00" type="DEFAULT_VEHTYPE" speed="12.10" pos="170.25" lane="1/3to2/3_0" slope="0.00"/>
        <vehicle id="26" x="313.91" y="598.35" angle="90.00" type="DEFAULT_VEHTYPE" speed="13.42" pos="109.16" lane="1/3to2/3_0" slope="0.00"/>
        <vehicle id="28" x="326.88" y="201.65" angle="-90.00" type="DEFAULT_VEHTYPE" speed="13.51" pos="68.37" lane="2/1to1/1_0" slope="0.00"/>
        <vehicle id="32" x="181.78" y="398.35" angle="90.00" type="DEFAULT_VEHTYPE" speed="9.83" pos="181.78" lane="0/2to1/2_0" slope="0.00"/>
        <vehicle id="35" x="398.35" y="637.85" angle="0.00" type="DEFAULT_VEHTYPE" speed="12.61" pos="162.15" lane="2/4to2/3_0" slope="0.00"/>
        <vehicle id="37" x="101.74" y="201.65" angle="-90.00" type="DEFAULT_VEHTYPE" speed="12.76" pos="93.51" lane="1/1to0/1_0" slope="0.00"/>
        <vehicle id="38" x="427.69" y="401.65" angle="-90.00" type="DEFAULT_VEHTYPE" speed="11.99" pos="167.56" lane="3/2to2/2_0" slope="0.00"/>
        <vehicle id="41" x="201.65" y="282.85" angle="180.00" type="DEFAULT_VEHTYPE" speed="13.48" pos="78.10" lane="1/1to1/2_0" slope="0.00"/>
        <vehicle id="44" x="271.10" y="598.35" angle="90.00" type="DEFAULT_VEHTYPE" speed="13.39" pos="66.35" lane="1/3to2/3_0" slope="0.00"/>
        <vehicle id="48" x="201.65" y="559.59" angle="180.00" type="DEFAULT_VEHTYPE" speed="13.50" pos="154.84" lane="1/2to1/3_0" slope="0.00"/>
        <vehicle id="5" x="398.35" y="674.79" angle="0.00" type="DEFAULT_VEHTYPE" speed="13.06" pos="125.21" lane="2/4to2/3_0" slope="0.00"/>
        <vehicle id="7" x="1.31" y="398.35" angle="39.95" type="DEFAULT_VEHTYPE" speed="12.88" pos="1.31" lane="0/2to1/2_0" slope="0.00"/>
        <vehicle id="8" x="398.35" y="799.63" angle="-80.67" type="DEFAULT_VEHTYPE" speed="13.18" pos="0.37" lane="2/4to2/3_0" slope="0.00"/>
    </timestep>
    <timestep time="370.00">
        <vehicle id="0" x="398.35" y="413.62" angle="0.00" type="DEFAULT_VEHTYPE" speed="13.65" pos="181.63" lane="2/3to2/2_0" slope="0.00"/>
        <vehicle id="1" x="598.35" y="558.75" angle="0.00" type="DEFAULT_VEHTYPE" speed="13.81" pos="36.50" lane="3/3to3/2_0" slope="0.00"/>
        <vehicle id="17" x="247.59" y="201.65" angle="-90.00" type="DEFAULT_VEHTYPE" speed="13.41" pos="147.66" lane="2/1to1/1_0" slope="0.00"/>
        <vehicle id="18" x="398.35" y="324.68" angle="0.00" type="DEFAULT_VEHTYPE" speed="12.70" pos="70.57" lane="2/2to2/1_0" slope="0.00"/>
        <vehicle id="21" x="398.35" y="583.27" angle="0.00" type="DEFAULT_VEHTYPE" speed="13.31" pos="11.98" lane="2/3to2/2_0" slope="0.00"/>
        <vehicle id="22" x="611.74" y="198.35" angle="90.00" type="DEFAULT_VEHTYPE" speed="8.74" pos="6.99" lane="3/1to4/1_0" slope="0.00"/>
        <vehicle id="24" x="382.95" y="598.35" angle="90.00" type="DEFAULT_VEHTYPE" speed="7.95" pos="178.20" lane="1/3to2/3_0" slope="0.00"/>
        <vehicle id="26" x="327.49" y="598.35" angle="90.00" type="DEFAULT_VEHTYPE" speed="13.57" pos="122.74" lane="1/3to2/3_0" slope="0.00"/>
        <vehicle id="28" x="313.47" y="201.65" angle="-90.00" type="DEFAULT_VEHTYPE" speed="13.40" pos="81.78" lane="2/1to1/1_0" slope="0.00"/>
        <vehicle id="32" x="187.11" y="398.35" angle="90.00" type="DEFAULT_VEHTYPE" speed="5.33" pos="187.11" lane="0/2to1/2_0" slope="0.00"/>
        <vehicle id="35" x="398.35" y="625.14" angle="0.00" type="DEFAULT_VEHTYPE" speed="12.72" pos="174.86" lane="2/4to2/3_0" slope="0.00"/>
        <vehicle id="37" x="88.02" y="201.65" angle="-90.00" type="DEFAULT_VEHTYPE" speed="13.72" pos="107.23" lane="1/1to0/1_0" slope="0.00"/>
        <vehicle id="38" x="418.01" y="401.65" angle="-90.00" type="DEFAULT_VEHTYPE" speed="9.68" pos="177.24" lane="3/2to2/2_0" slope="0.00"/>
        <vehicle id="41" x="201.65" y="296.16" angle="180.00" type="DEFAULT_VEHTYPE" speed="13.31" pos="91.41" lane="1/1to1/2_0" slope="0.00"/>
        <vehicle id="44" x="284.24" y="598.35" angle="90.00" type="DEFAULT_VEHTYPE" speed="13.14" pos="79.49" lane="1/3to2/3_0" slope="0.00"/>
        <vehicle id="48" x="201.65" y="572.65" angle="180.00" type="DEFAULT_VEHTYPE" speed="13.06" pos="167.90" lane="1/2to1/3_0" slope="0.00"/>
        <vehicle id="5" x="398.35" y="662.07" angle="0.00" type="DEFAULT_VEHTYPE" speed="12.72" pos="137.93" lane="2/4to2/3_0" slope="0.00"/>
        <vehicle id="7" x="14.01" y="398.35" angle="90.00" type="DEFAULT_VEHTYPE" speed="12.70" pos="14.01" lane="0/2to1/2_0" slope="0.00"/>
        <vehicle id="8" x="398.35" y="786.61" angle="0.00" type="DEFAULT_VEHTYPE" speed="13.02" pos="13.39" lane="2/4to2/3_0" slope="0.00"/>
    </timestep>
    <timestep time="371.00">
        <vehicle id="0" x="398.35" y="399.95" angle="0.00" type="DEFAULT_VEHTYPE" speed="13.67" pos="4.80" lane=":2/2_1_0" slope="0.00"/>
        <vehicle id="1" x="598.35" y="545.59" angle="0.00" type="DEFAULT_VEHTYPE" speed="13.16" pos="49.66" lane="3/3to3/2_0" slope="0.00"/>
        <vehicle id="17" x="234.04" y="201.65" angle="-90.00" type="DEFAULT_VEHTYPE" speed="13.55" pos="161.21" lane="2/1to1/1_0" slope="0.00"/>
        <vehicle id="18" x="398.35" y="311.25" angle="0.00" type="DEFAULT_VEHTYPE" speed="13.43" pos="84.00" lane="2/2to2/1_0" slope="0.00"/>
        <vehicle id="21" x="398.35" y="570.20" angle="0.00" type="DEFAULT_VEHTYPE" speed="13.07" pos="25.05" lane="2/3to2/2_0" slope="0.00"/>
        <vehicle id="22" x="622.01" y="198.35" angle="90.00" type="DEFAULT_VEHTYPE" speed="10.27" pos="17.26" lane="3/1to4/1_0" slope="0.00"/>
        <vehicle id="24" x="388.26" y="598.35" angle="90.00" type="DEFAULT_VEHTYPE" speed="5.31" pos="183.51" lane="1/3to2/3_0" slope="0.00"/>
        <vehicle id="26" x="341.37" y="598.35" angle="90.00" type="DEFAULT_VEHTYPE" speed="13.88" pos="136.62" lane="1/3to2/3_0" slope="0.00"/>
        <vehicle id="28" x="300.33" y="201.65" angle="-90.00" type="DEFAULT_VEHTYPE" speed="13.14" pos="94.92" lane="2/1to1/1_0" slope="0.00"/>
        <vehicle id="32" x="190.15" y="398.35" angle="90.00" type="DEFAULT_VEHTYPE" speed="3.04" pos="190.15" lane="0/2to1/2_0" slope="0.00"/>
        <vehicle id="35" x="398.35" y="611.67" angle="0.00" type="DEFAULT_VEHTYPE" speed="13.47" pos="188.33" lane="2/4to2/3_0" slope="0.00"/>
        <vehicle id="37" x="75.40" y="201.65" angle="-90.00" type="DEFAULT_VEHTYPE" speed="12.62" pos="119.85" lane="1/1to0/1_0" slope="0.00"/>
        <vehicle id="38" x="412.67" y="401.65" angle="-90.00" type="DEFAULT_VEHTYPE" speed="5.34" pos="182.58" lane="3/2to2/2_0" slope="0.00"/>
        <vehicle id="41" x="201.65" y="309.70" angle="180.00" type="DEFAULT_VEHTYPE" speed="13.54" pos="104.95" lane="1/1to1/2_0" slope="0.00"/>
        <vehicle id="44" x="296.92" y="598.35" angle="90.00" type="DEFAULT_VEHTYPE" speed="12.68" pos="92.17" lane="1/3to2/3_0" slope="0.00"/>
        <vehicle id="48" x="201.65" y="585.82" angle="180.00" type="DEFAULT_VEHTYPE" speed="13.17" pos="181.07" lane="1/2to1/3_0" slope="0.00"/>
        <vehicle id="5" x="398.35" y="649.12" angle="0.00" type="DEFAULT_VEHTYPE" speed="12.95" pos="150.88" lane="2/4to2/3_0" slope="0.00"/>
        <vehicle id="7" x="27.50" y="398.35" angle="90.00" type="DEFAULT_VEHTYPE" speed="13.49" pos="27.50" lane="0/2to1/2_0" slope="0.00"/>
        <vehicle id="8" x="398.35" y="773.99" angle="0.00" type="DEFAULT_VEHTYPE" speed="12.62" pos="26.01" lane="2/4to2/3_0" slope="0.00"/>
    </timestep>
    <timestep time="372.00">
        <vehicle id="0" x="398.35" y="387.08" angle="0.00" type="DEFAULT_VEHTYPE" speed="12.87" pos="8.17" lane="2/2to2/1_0" slope="0.00"/>
        <vehicle id="1" x="598.35" y="532.82" angle="0.00" type="DEFAULT_VEHTYPE" speed="12.77" pos="62.43" lane="3/3to3/2_0" slope="0.00"/>
        <vehicle id="17" x="222.52" y="201.65" angle="-90.00" type="DEFAULT_VEHTYPE" speed="11.52" pos="172.73" lane="2/1to1/1_0" slope="0.00"/>
        <vehicle id="18" x="398.35" y="297.84" angle="0.00" type="DEFAULT_VEHTYPE" speed="13.41" pos="97.41" lane="2/2to2/1_0" slope="0.00"/>
        <vehicle id="21" x="398.35" y="557.28" angle="0.00" type="DEFAULT_VEHTYPE" speed="12.92" pos="37.97" lane="2/3to2/2_0" slope="0.00"/>
        <vehicle id="22" x="634.62" y="198.35" angle="90.00" type="DEFAULT_VEHTYPE" speed="12.61" pos="29.87" lane="3/1to4/1_0" slope="0.00"/>
        <vehicle id="24" x="390.91" y="598.35" angle="90.00" type="DEFAULT_VEHTYPE" speed="2.65" pos="186.16" lane="1/3to2/3_0" slope="0.00"/>
        <vehicle id="26" x="354.24" y="598.35" angle="90.00" type="DEFAULT_VEHTYPE" speed="12.87" pos="149.49" lane="1/3to2/3_0" slope="0.00"/>
        <vehicle id="28" x="286.98" y="201.65" angle="-90.00" type="DEFAULT_VEHTYPE" speed="13.35" pos="108.27" lane="2/1to1/1_0" slope="0.00"/>
        <vehicle id="32" x="195.35" y="398.36" angle="90.16" type="DEFAULT_VEHTYPE" speed="5.19" pos="0.10" lane=":1/2_14_0" slope="0.00"/>
        <vehicle id="35" x="398.35" y="598.53" angle="0.00" type="DEFAULT_VEHTYPE" speed="13.15" pos="6.22" lane=":2/3_1_0" slope="0.00"/>
        <vehicle id="37" x="62.78" y="201.65" angle="-90.00" type="DEFAULT_VEHTYPE" speed="12.62" pos="132.47" lane="1/1to0/1_0" slope="0.00"/>
        <vehicle id="38" x="409.38" y="401.65" angle="-90.00" type="DEFAULT_VEHTYPE" speed="3.29" pos="185.87" lane="3/2to2/2_0" slope="0.00"/>
        <vehicle id="41" x="201.65" y="322.34" angle="180.00" type="DEFAULT_VEHTYPE" speed="12.64" pos="117.59" lane="1/1to1/2_0" slope="0.00"/>
        <vehicle id="44" x="310.29" y="598.35" angle="90.00" type="DEFAULT_VEHTYPE" speed="13.37" pos="105.54" lane="1/3to2/3_0" slope="0.00"/>
        <vehicle id="48" x="203.06" y="597.96" angle="162.50" type="DEFAULT_VEHTYPE" speed="12.67" pos="3.24" lane=":1/3_8_0" slope="0.00"/>
        <vehicle id="5" x="398.35" y="635.94" angle="0.00" type="DEFAULT_VEHTYPE" speed="13.19" pos="164.06" lane="2/4to2/3_0" slope="0.00"/>
        <vehicle id="7" x="40.30" y="398.35" angle="90.00" type="DEFAULT_VEHTYPE" speed="12.81" pos="40.30" lane="0/2to1/2_0" slope="0.00"/>
        <vehicle id="8" x="398.35" y="760.15" angle="0.00" type="DEFAULT_VEHTYPE" speed="13.84" pos="39.85" lane="2/4to2/3_0" slope="0.00"/>
    </timestep>
    <timestep time="373.00">
        <vehicle id="0" x="398.35" y="373.28" angle="0.00" type="DEFAULT_VEHTYPE" speed="13.80" pos="21.97" lane="2/2to2/1_0" slope="0.00"/>
        <vehicle id="1" x="598.35" y="519.35" angle="0.00" type="DEFAULT_VEHTYPE" speed="13.47" pos="75.90" lane="3/3to3/2_0" slope="0.00"/>
        <vehicle id="17" x="214.93" y="201.65" angle="-90.00" type="DEFAULT_VEHTYPE" speed="7.60" pos="180.32" lane="2/1to1/1_0" slope="0.00"/>
        <vehicle id="18" x="398.35" y="284.02" angle="0.00" type="DEFAULT_VEHTYPE" speed="13.82" pos="111.23" lane="2/2to2/1_0" slope="0.00"/>
        <vehicle id="21" x="398.35" y="544.40" angle="0.00" type="DEFAULT_VEHTYPE" speed="12.87" pos="50.85" lane="2/3to2/2_0" slope="0.00"/>
        <vehicle id="22" x="648.34" y="198.35" angle="90.00" type="DEFAULT_VEHTYPE" speed="13.72" pos="43.59" lane="3/1to4/1_0" slope="0.00"/>
        <vehicle id="24" x="392.04" y="598.35" angle="90.00" type="DEFAULT_VEHTYPE" speed="1.13" pos="187.29" lane="1/3to2/3_0" slope="0.00"/>
        <vehicle id="26" x="365.49" y="598.35" angle="90.00" type="DEFAULT_VEHTYPE" speed="11.25" pos="160.74" lane="1/3to2/3_0" slope="0.00"/>
        <vehicle id="28" x="273.72" y="201.65" angle="-90.00" type="DEFAULT_VEHTYPE" speed="13.25" pos="121.53" lane="2/1to1/1_0" slope="0.00"/>
        <vehicle id="32" x="200.87" y="401.32" angle="125.05" type="DEFAULT_VEHTYPE" speed="6.66" pos="6.76" lane=":1/2_14_0" slope="0.00"/>
        <vehicle id="35" x="398.35" y="585.34" angle="0.00" type="DEFAULT_VEHTYPE" speed="13.19" pos="9.91" lane="2/3to2/2_0" slope="0.00"/>
        <vehicle id="37" x="49.02" y="201.65" angle="-90.00" type="DEFAULT_VEHTYPE" speed="13.76" pos="146.23" lane="1/1to0/1_0" slope="0.00"/>
        <vehicle id="38" x="403.75" y="401.51" angle="-88.36" type="DEFAULT_VEHTYPE" speed="5.64" pos="1.01" lane=":2/2_6_0" slope="0.00"/>
        <vehicle id="41" x="201.65" y="335.31" angle="180.00" type="DEFAULT_VEHTYPE" speed="12.97" pos="130.56" lane="1/1to1/2_0" slope="0.00"/>
        <vehicle id="44" x="323.73" y="598.35" angle="90.00" type="DEFAULT_VEHTYPE" speed="13.44" pos="118.98" lane="1/3to2/3_0" slope="0.00"/>
        <vehicle id="48" x="216.61" y="598.35" angle="90.00" type="DEFAULT_VEHTYPE" speed="13.62" pos="11.86" lane="1/3to2/3_0" slope="0.00"/>
        <vehicle id="5" x="398.35" y="622.77" angle="0.00" type="DEFAULT_VEHTYPE" speed="13.17" pos="177.23" lane="2/4to2/3_0" slope="0.00"/>
        <vehicle id="7" x="53.32" y="398.35" angle="90.00" type="DEFAULT_VEHTYPE" speed="13.02" pos="53.32" lane="0/2to1/2_0" slope="0.00"/>
        <vehicle id="8" x="398.35" y="746.67" angle="0.00" type="DEFAULT_VEHTYPE" speed="13.48" pos="53.33" lane="2/4to2/3_0" slope="0.00"/>
    </timestep>
    <timestep time="374.00">
        <vehicle id="0" x="398.35" y="359.42" angle="0.00" type="DEFAULT_VEHTYPE" speed="13.86" pos="35.83" lane="2/2to2/1_0" slope="0.00"/>
        <vehicle id="1" x="598.35" y="506.46" angle="0.00" type="DEFAULT_VEHTYPE" speed="12.89" pos="88.79" lane="3/3to3/2_0" slope="0.00"/>
        <vehicle id="17" x="210.90" y="201.65" angle="-90.00" type="DEFAULT_VEHTYPE" speed="4.02" pos="184.35" lane="2/1to1/1_0" slope="0.00"/>
        <vehicle id="18" x="398.35" y="270.34" angle="0.00" type="DEFAULT_VEHTYPE" speed="13.68" pos="124.91" lane="2/2to2/1_0" slope="0.00"/>
        <vehicle id="21" x="398.35" y="531.51" angle="0.00" type="DEFAULT_VEHTYPE" speed="12.90" pos="63.74" lane="2/3to2/2_0" slope="0.00"/>
        <vehicle id="22" x="661.54" y="198.35" angle="90.00" type="DEFAULT_VEHTYPE" speed="13.20" pos="56.79" lane="3/1to4/1_0" slope="0.00"/>
        <vehicle id="24" x="392.42" y="598.35" angle="90.00" type="DEFAULT_VEHTYPE" speed="0.37" pos="187.67" lane="1/3to2/3_0" slope="0.00"/>
        <vehicle id="26" x="373.61" y="598.35" angle="90.00" type="DEFAULT_VEHTYPE" speed="8.12" pos="168.86" lane="1/3to2/3_0" slope="0.00"/>
        <vehicle id="28" x="260.24" y="201.65" angle="-90.00" type="DEFAULT_VEHTYPE" speed="13.48" pos="135.01" lane="2/1to1/1_0" slope="0.00"/>
        <vehicle id="32" x="201.65" y="409.31" angle="179.29" type="DEFAULT_VEHTYPE" speed="8.12" pos="4.56" lane="1/2to1/3_0" slope="0.00"/>
        <vehicle id="35" x="398.35" y="572.40" angle="0.00" type="DEFAULT_VEHTYPE" speed="12.94" pos="22.85" lane="2/3to2/2_0" slope="0.00"/>
        <vehicle id="37" x="35.45" y="201.65" angle="-90.00" type="DEFAULT_VEHTYPE" speed="13.57" pos="159.80" lane="1/1to0/1_0" slope="0.00"/>
        <vehicle id="38" x="398.68" y="397.55" angle="-40.92" type="DEFAULT_VEHTYPE" speed="6.98" pos="7.99" lane=":2/2_6_0" slope="0.00"/>
        <vehicle id="41" x="201.65" y="348.14" angle="180.00" type="DEFAULT_VEHTYPE" speed="12.83" pos="143.39" lane="1/1to1/2_0" slope="0.00"/>
        <vehicle id="44" x="337.14" y="598.35" angle="90.00" type="DEFAULT_VEHTYPE" speed="13.41" pos="132.39" lane="1/3to2/3_0" slope="0.00"/>
        <vehicle id="48" x="230.30" y="598.35" angle="90.00" type="DEFAULT_VEHTYPE" speed="13.69" pos="25.55" lane="1/3to2/3_0" slope="0.00"/>
        <vehicle id="5" x="398.35" y="609.10" angle="0.00" type="DEFAULT_VEHTYPE" speed="13.67" pos="190.90" lane="2/4to2/3_0" slope="0.00"/>
        <vehicle id="7" x="66.32" y="398.35" angle="90.00" type="DEFAULT_VEHTYPE" speed="12.99" pos="66.32" lane="0/2to1/2_0" slope="0.00"/>
        <vehicle id="8" x="398.35" y="733.61" angle="0.00" type="DEFAULT_VEHTYPE" speed="13.06" pos="66.39" lane="2/4to2/3_0" slope="0.00"/>
    </timestep>
    <timestep time="375.00">
        <vehicle id="0" x="398.35" y="346.05" angle="0.00" type="DEFAULT_VEHTYPE" speed="13.37" pos="49.20" lane="2/2to2/1_0" slope="0.00"/>
        <vehicle id="1" x="598.35" y="492.83" angle="0.00" type="DEFAULT_VEHTYPE" speed="13.63" pos="102.42" lane="3/3to3/2_0" slope="0.00"/>
        <vehicle id="17" x="204.50" y="201.68" angle="-90.40" type="DEFAULT_VEHTYPE" speed="6.40" pos="0.25" lane=":1/1_4_0" slope="0.00"/>
        <vehicle id="18" x="398.35" y="256.50" angle="0.00" type="DEFAULT_VEHTYPE" speed="13.85" pos="138.75" lane="2/2to2/1_0" slope="0.00"/>
        <vehicle id="21" x="398.35" y="518.79" angle="0.00" type="DEFAULT_VEHTYPE" speed="12.71" pos="76.46" lane="2/3to2/2_0" slope="0.00"/>
        <vehicle id="22" x="674.68" y="198.35" angle="90.00" type="DEFAULT_VEHTYPE" speed="13.14" pos="69.93" lane="3/1to4/1_0" slope="0.00"/>
        <vehicle id="24" x="392.65" y="598.35" angle="90.00" type="DEFAULT_VEHTYPE" speed="0.23" pos="187.90" lane="1/3to2/3_0" slope="0.00"/>
        <vehicle id="26" x="379.45" y="598.35" angle="90.00" type="DEFAULT_VEHTYPE" speed="5.84" pos="174.70" lane="1/3to2/3_0" slope="0.00"/>
        <vehicle id="28" x="247.41" y="201.65" angle="-90.00" type="DEFAULT_VEHTYPE" speed="12.83" pos="147.84" lane="2/1to1/1_0" slope="0.00"/>
        <vehicle id="32" x="201.65" y="419.11" angle="180.00" type="DEFAULT_VEHTYPE" speed="9.79" pos="14.36" lane="1/2to1/3_0" slope="0.00"/>
        <vehicle id="35" x="398.35" y="558.61" angle="0.00" type="DEFAULT_VEHTYPE" speed="13.79" pos="36.64" lane="2/3to2/2_0" slope="0.00"/>
        <vehicle id="37" x="21.71" y="201.65" angle="-90.00" type="DEFAULT_VEHTYPE" speed="13.74" pos="173.54" lane="1/1to0/1_0" slope="0.00"/>
        <vehicle id="38" x="398.35" y="388.83" angle="0.00" type="DEFAULT_VEHTYPE" speed="8.75" pos="6.42" lane="2/2to2/1_0" slope="0.00"/>
        <vehicle id="41" x="201.65" y="361.80" angle="180.00" type="DEFAULT_VEHTYPE" speed="13.66" pos="157.05" lane="1/1to1/2_0" slope="0.00"/>
        <vehicle id="44" x="350.26" y="598.35" angle="90.00" type="DEFAULT_VEHTYPE" speed="13.12" pos="145.51" lane="1/3to2/3_0" slope="0.00"/>
        <vehicle id="48" x="243.52" y="598.35" angle="90.00" type="DEFAULT_VEHTYPE" speed="13.22" pos="38.77" lane="1/3to2/3_0" slope="0.00"/>
        <vehicle id="5" x="398.35" y="595.80" angle="0.00" type="DEFAULT_VEHTYPE" speed="13.31" pos="8.95" lane=":2/3_1_0" slope="0.00"/>
        <vehicle id="7" x="80.20" y="398.35" angle="90.00" type="DEFAULT_VEHTYPE" speed="13.88" pos="80.20" lane="0/2to1/2_0" slope="0.00"/>
        <vehicle id="8" x="398.35" y="719.84" angle="0.00" type="DEFAULT_VEHTYPE" speed="13.78" pos="80.16" lane="2/4to2/3_0" slope="0.00"/>
    </timestep>
    <timestep time="376.00">
        <vehicle id="0" x="398.35" y="333.40" angle="0.00" type="DEFAULT_VEHTYPE" speed="12.64" pos="61.85" lane="2/2to2/1_0" slope="0.00"/>
        <vehicle id="1" x="598.35" y="480.03" angle="0.00" type="DEFAULT_VEHTYPE" speed="12.80" pos="115.22" lane="3/3to3/2_0" slope="0.00"/>
        <vehicle id="17" x="201.65" y="208.77" angle="-178.44" type="DEFAULT_VEHTYPE" speed="8.77" pos="4.02" lane="1/1to1/2_0" slope="0.00"/>
        <vehicle id="18" x="398.35" y="242.70" angle="0.00" type="DEFAULT_VEHTYPE" speed="13.80" pos="152.55" lane="2/2to2/1_0" slope="0.00"/>
        <vehicle id="21" x="398.35" y="505.15" angle="0.00" type="DEFAULT_VEHTYPE" speed="13.64" pos="90.10" lane="2/3to2/2_0" slope="0.00"/>
        <vehicle id="22" x="688.56" y="198.35" angle="90.00" type="DEFAULT_VEHTYPE" speed="13.88" pos="83.81" lane="3/1to4/1_0" slope="0.00"/>
        <vehicle id="24" x="394.52" y="598.35" angle="90.00" type="DEFAULT_VEHTYPE" speed="1.87" pos="189.77" lane="1/3to2/3_0" slope="0.00"/>
        <vehicle id="26" x="382.77" y="598.35" angle="90.00" type="DEFAULT_VEHTYPE" speed="3.32" pos="178.02" lane="1/3to2/3_0" slope="0.00"/>
        <vehicle id="28" x="234.02" y="201.65" angle="-90.00" type="DEFAULT_VEHTYPE" speed="13.38" pos="161.23" lane="2/1to1/1_0" slope="0.00"/>
        <vehicle id="32" x="201.65" y="431.17" angle="180.00" type="DEFAULT_VEHTYPE" speed="12.06" pos="26.42" lane="1/2to1/3_0" slope="0.00"/>
        <vehicle id="35" x="398.35" y="545.39" angle="0.00" type="DEFAULT_VEHTYPE" speed="13.22" pos="49.86" lane="2/3to2/2_0" slope="0.00"/>
        <vehicle id="37" x="8.57" y="201.65" angle="-90.00" type="DEFAULT_VEHTYPE" speed="13.14" pos="186.68" lane="1/1to0/1_0" slope="0.00"/>
        <vehicle id="38" x="398.35" y="378.12" angle="0.00" type="DEFAULT_VEHTYPE" speed="10.70" pos="17.13" lane="2/2to2/1_0" slope="0.00"/>
        <vehicle id="41" x="201.65" y="375.27" angle="180.00" type="DEFAULT_VEHTYPE" speed="13.47" pos="170.52" lane="1/1to1/2_0" slope="0.00"/>
        <vehicle id="44" x="361.50" y="598.35" angle="90.00" type="DEFAULT_VEHTYPE" speed="11.24" pos="156.75" lane="1/3to2/3_0" slope="0.00"/>
        <vehicle id="48" x="257.18" y="598.35" angle="90.00" type="DEFAULT_VEHTYPE" speed="13.66" pos="52.43" lane="1/3to2/3_0" slope="0.00"/>
        <vehicle id="5" x="398.35" y="582.53" angle="0.00" type="DEFAULT_VEHTYPE" speed="13.26" pos="12.72" lane="2/3to2/2_0" slope="0.00"/>
        <vehicle id="7" x="92.95" y="398.35" angle="90.00" type="DEFAULT_VEHTYPE" speed="12.76" pos="92.95" lane="0/2to1/2_0" slope="0.00"/>
        <vehicle id="8" x="398.35" y="706.45" angle="0.00" type="DEFAULT_VEHTYPE" speed="13.39" pos="93.55" lane="2/4to2/3_0" slope="0.00"/>
    </timestep>
    <timestep time="377.00">
        <vehicle id="0" x="398.35" y="320.11" angle="0.00" type="DEFAULT_VEHTYPE" speed="13.29" pos="75.14" lane="2/2to2/1_0" slope="0.00"/>
        <vehicle id="1" x="598.35" y="467.10" angle="0.00" type="DEFAULT_VEHTYPE" speed="12.92" pos="128.15" lane="3/3to3/2_0" slope="0.00"/>
        <vehicle id="17" x="201.65" y="219.09" angle="180.00" type="DEFAULT_VEHTYPE" speed="10.32" pos="14.34" lane="1/1to1/2_0" slope="0.00"/>
        <vehicle id="18" x="398.35" y="229.75" angle="0.00" type="DEFAULT_VEHTYPE" speed="12.95" pos="165.50" lane="2/2to2/1_0" slope="0.00"/>
        <vehicle id="21" x="398.35" y="491.44" angle="0.00" type="DEFAULT_VEHTYPE" speed="13.72" pos="103.81" lane="2/3to2/2_0" slope="0.00"/>
        <vehicle id="22" x="701.81" y="198.35" angle="90.00" type="DEFAULT_VEHTYPE" speed="13.25" pos="97.06" lane="3/1to4/1_0" slope="0.00"/>
        <vehicle id="24" x="398.30" y="598.90" angle="96.38" type="DEFAULT_VEHTYPE" speed="3.85" pos="3.12" lane=":2/3_14_0" slope="0.00"/>
        <vehicle id="26" x="385.69" y="598.35" angle="90.00" type="DEFAULT_VEHTYPE" speed="2.92" pos="180.94" lane="1/3to2/3_0" slope="0.00"/>
        <vehicle id="28" x="222.40" y="201.65" angle="-90.00" type="DEFAULT_VEHTYPE" speed="11.62" pos="172.85" lane="2/1to1/1_0" slope="0.00"/>
        <vehicle id="32" x="201.65" y="444.75" angle="180.00" type="DEFAULT_VEHTYPE" speed="13.58" pos="40.00" lane="1/2to1/3_0" slope="0.00"/>
        <vehicle id="35" x="398.35" y="532.49" angle="0.00" type="DEFAULT_VEHTYPE" speed="12.90" pos="62.76" lane="2/3to2/2_0" slope="0.00"/>
        <vehicle id="37" x="-0.18" y="198.47" angle="-10.46" type="DEFAULT_VEHTYPE" speed="13.17" pos="4.60" lane=":0/1_0_0" slope="0.00"/>
        <vehicle id="38" x="398.35" y="365.23" angle="0.00" type="DEFAULT_VEHTYPE" speed="12.89" pos="30.02" lane="2/2to2/1_0" slope="0.00"/>
        <vehicle id="41" x="201.65" y="388.02" angle="180.00" type="DEFAULT_VEHTYPE" speed="12.75" pos="183.27" lane="1/1to1/2_0" slope="0.00"/>
        <vehicle id="44" x="368.76" y="598.35" angle="90.00" type="DEFAULT_VEHTYPE" speed="7.26" pos="164.01" lane="1/3to2/3_0" slope="0.00"/>
        <vehicle id="48" x="270.86" y="598.35" angle="90.00" type="DEFAULT_VEHTYPE" speed="13.68" pos="66.11" lane="1/3to2/3_0" slope="0.00"/>
        <vehicle id="5" x="398.35" y="568.99" angle="0.00" type="DEFAULT_VEHTYPE" speed="13.54" pos="26.26" lane="2/3to2/2_0" slope="0.00"/>
        <vehicle id="7" x="106.19" y="398.35" angle="90.00" type="DEFAULT_VEHTYPE" speed="13.24" pos="106.19" lane="0/2to1/2_0" slope="0.00"/>
        <vehicle id="8" x="398.35" y="693.62" angle="0.00" type="DEFAULT_VEHTYPE" speed="12.84" pos="106.38" lane="2/4to2/3_0" slope="0.00"/>
    </timestep>
    <timestep time="378.00">
        <vehicle id="0" x="398.35" y="306.57" angle="0.00" type="DEFAULT_VEHTYPE" speed="13.54" pos="88.68" lane="2/2to2/1_0" slope="0.00"/>
        <vehicle id="1" x="598.35" y="453.89" angle="0.00" type="DEFAULT_VEHTYPE" speed="13.22" pos="141.36" lane="3/3to3/2_0" slope="0.00"/>
        <vehicle id="17" x="201.65" y="231.95" angle="180.00" type="DEFAULT_VEHTYPE" speed="12.86" pos="27.20" lane="1/1to1/2_0" slope="0.00"/>
        <vehicle id="18" x="398.35" y="215.97" angle="0.00" type="DEFAULT_VEHTYPE" speed="13.79" pos="179.28" lane="2/2to2/1_0" slope="0.00"/>
        <vehicle id="21" x="398.35" y="478.81" angle="0.00" type="DEFAULT_VEHTYPE" speed="12.63" pos="116.44" lane="2/3to2/2_0" slope="0.00"/>
        <vehicle id="22" x="715.45" y="198.35" angle="90.00" type="DEFAULT_VEHTYPE" speed="13.64" pos="110.70" lane="3/1to4/1_0" slope="0.00"/>
        <vehicle id="24" x="401.48" y="603.56" angle="150.74" type="DEFAULT_VEHTYPE" speed="6.00" pos="9.12" lane=":2/3_14_0" slope="0.00"/>
        <vehicle id="26" x="388.49" y="598.35" angle="90.00" type="DEFAULT_VEHTYPE" speed="2.80" pos="183.74" lane="1/3to2/3_0" slope="0.00"/>
        <vehicle id="28" x="215.28" y="201.65" angle="-90.00" type="DEFAULT_VEHTYPE" speed="7.12" pos="179.97" lane="2/1to1/1_0" slope="0.00"/>
        <vehicle id="32" x="201.65" y="458.30" angle="180.00" type="DEFAULT_VEHTYPE" speed="13.55" pos="53.55" lane="1/2to1/3_0" slope="0.00"/>
        <vehicle id="35" x="398.35" y="518.91" angle="0.00" type="DEFAULT_VEHTYPE" speed="13.58" pos="76.34" lane="2/3to2/2_0" slope="0.00"/>
        <vehicle id="37" x="13.32" y="198.35" angle="90.00" type="DEFAULT_VEHTYPE" speed="13.54" pos="13.32" lane="0/1to1/1_0" slope="0.00"/>
        <vehicle id="38" x="398.35" y="352.57" angle="0.00" type="DEFAULT_VEHTYPE" speed="12.66" pos="42.68" lane="2/2to2/1_0" slope="0.00"/>
        <vehicle id="41" x="201.65" y="401.17" angle="180.00" type="DEFAULT_VEHTYPE" speed="13.15" pos="5.92" lane=":1/2_9_0" slope="0.00"/>
        <vehicle id="44" x="373.89" y="598.35" angle="90.00" type="DEFAULT_VEHTYPE" speed="5.12" pos="169.14" lane="1/3to2/3_0" slope="0.00"/>
        <vehicle id="48" x="284.62" y="598.35" angle="90.00" type="DEFAULT_VEHTYPE" speed="13.76" pos="79.87" lane="1/3to2/3_0" slope="0.00"/>
        <vehicle id="5" x="398.35" y="556.21" angle="0.00" type="DEFAULT_VEHTYPE" speed="12.79" pos="39.04" lane="2/3to2/2_0" slope="0.00"/>
        <vehicle id="7" x="119.79" y="398.35" angle="90.00" type="DEFAULT_VEHTYPE" speed="13.60" pos="119.79" lane="0/2to1/2_0" slope="0.00"/>
        <vehicle id="8" x="398.35" y="680.83" angle="0.00" type="DEFAULT_VEHTYPE" speed="12.79" pos="119.17" lane="2/4to2/3_0" slope="0.00"/>
    </timestep>
    <timestep time="379.00">
        <vehicle id="0" x="398.35" y="293.18" angle="0.00" type="DEFAULT_VEHTYPE" speed="13.39" pos="102.07" lane="2/2to2/1_0" slope="0.00"/>
        <vehicle id="1" x="598.35" y="440.55" angle="0.00" type="DEFAULT_VEHTYPE" speed="13.34" pos="154.70" lane="3/3to3/2_0" slope="0.00"/>
        <vehicle id="17" x="201.65" y="245.11" angle="180.00" type="DEFAULT_VEHTYPE" speed="13.16" pos="40.36" lane="1/1to1/2_0" slope="0.00"/>
        <vehicle id="18" x="397.92" y="202.99" angle="-4.96" type="DEFAULT_VEHTYPE" speed="13.05" pos="1.84" lane=":2/1_0_0" slope="0.00"/>
        <vehicle id="21" x="398.35" y="465.74" angle="0.00" type="DEFAULT_VEHTYPE" speed="13.07" pos="129.51" lane="2/3to2/2_0" slope="0.00"/>
        <vehicle id="22" x="728.62" y="198.35" angle="90.00" type="DEFAULT_VEHTYPE" speed="13.17" pos="123.87" lane="3/1to4/1_0" slope="0.00"/>
        <vehicle id="24" x="401.65" y="610.92" angle="180.00" type="DEFAULT_VEHTYPE" speed="7.37" pos="6.17" lane="2/3to2/4_0" slope="0.00"/>
        <vehicle id="26" x="392.88" y="598.35" angle="90.00" type="DEFAULT_VEHTYPE" speed="4.39" pos="188.13" lane="1/3to2/3_0" slope="0.00"/>
        <vehicle id="28" x="211.00" y="201.65" angle="-90.00" type="DEFAULT_VEHTYPE" speed="4.28" pos="184.25" lane="2/1to1/1_0" slope="0.00"/>
        <vehicle id="32" x="201.65" y="470.93" angle="180.00" type="DEFAULT_VEHTYPE" speed="12.63" pos="66.18" lane="1/2to1/3_0" slope="0.00"/>
        <vehicle id="35" x="398.35" y="505.78" angle="0.00" type="DEFAULT_VEHTYPE" speed="13.13" pos="89.47" lane="2/3to2/2_0" slope="0.00"/>
        <vehicle id="37" x="27.20" y="198.35" angle="90.00" type="DEFAULT_VEHTYPE" speed="13.88" pos="27.20" lane="0/1to1/1_0" slope="0.00"/>
        <vehicle id="38" x="398.35" y="339.02" angle="0.00" type="DEFAULT_VEHTYPE" speed="13.55" pos="56.23" lane="2/2to2/1_0" slope="0.00"/>
        <vehicle id="41" x="201.65" y="414.17" angle="180.00" type="DEFAULT_VEHTYPE" speed="13.00" pos="9.42" lane="1/2to1/3_0" slope="0.00"/>
        <vehicle id="44" x="377.51" y="598.35" angle="90.00" type="DEFAULT_VEHTYPE" speed="3.63" pos="172.76" lane="1/3to2/3_0" slope="0.00"/>
        <vehicle id="48" x="297.64" y="598.35" angle="90.00" type="DEFAULT_VEHTYPE" speed="13.01" pos="92.89" lane="1/3to2/3_0" slope="0.00"/>
        <vehicle id="5" x="398.35" y="543.51" angle="0.00" type="DEFAULT_VEHTYPE" speed="12.70" pos="51.74" lane="2/3to2/2_0" slope="0.00"/>
        <vehicle id="7" x="133.01" y="398.35" angle="90.00" type="DEFAULT_VEHTYPE" speed="13.22" pos="133.01" lane="0/2to1/2_0" slope="0.00"/>
        <vehicle id="8" x="398.35" y="668.02" angle="0.00" type="DEFAULT_VEHTYPE" speed="12.81" pos="131.98" lane="2/4to2/3_0" slope="0.00"/>
    </timestep>
    <timestep time="380.00">
        <vehicle id="0" x="398.35" y="279.67" angle="0.00" type="DEFAULT_VEHTYPE" speed="13.51" pos="115.58" lane="2/2to2/1_0" slope="0.00"/>
        <vehicle id="1" x="598.35" y="427.16" angle="0.00" type="DEFAULT_VEHTYPE" speed="13.38" pos="168.09" lane="3/3to3/2_0" slope="0.00"/>
        <vehicle id="17" x="201.65" y="258.44" angle="180.00" type="DEFAULT_VEHTYPE" speed="13.33" pos="53.69" lane="1/1to1/2_0" slope="0.00"/>
        <vehicle id="18" x="384.75" y="201.65" angle="-90.00" type="DEFAULT_VEHTYPE" speed="13.66" pos="10.50" lane="2/1to1/1_0" slope="0.00"/>
        <vehicle id="21" x="398.35" y="453.09" angle="0.00" type="DEFAULT_VEHTYPE" speed="12.64" pos="142.16" lane="2/3to2/2_0" slope="0.00"/>
        <vehicle id="22" x="741.73" y="198.35" angle="90.00" type="DEFAULT_VEHTYPE" speed="13.11" pos="136.98" lane="3/1to4/1_0" slope="0.00"/>
        <vehicle id="24" x="401.65" y="620.29" angle="180.00" type="DEFAULT_VEHTYPE" speed="9.37" pos="15.54" lane="2/3to2/4_0" slope="0.00"/>
        <vehicle id="26" x="398.63" y="599.10" angle="98.71" type="DEFAULT_VEHTYPE" speed="5.87" pos="3.50" lane=":2/3_14_0" slope="0.00"/>
        <vehicle id="28" x="204.82" y="201.65" angle="-90.00" type="DEFAULT_VEHTYPE" speed="6.18" pos="190.43" lane="2/1to1/1_0" slope="0.00"/>
        <vehicle id="32" x="201.65" y="484.05" angle="180.00" type="DEFAULT_VEHTYPE" speed="13.12" pos="79.30" lane="1/2to1/3_0" slope="0.00"/>
        <vehicle id="35" x="398.35" y="492.38" angle="0.00" type="DEFAULT_VEHTYPE" speed="13.41" pos="102.87" lane="2/3to2/2_0" slope="0.00"/>
        <vehicle id="37" x="40.08" y="198.35" angle="90.00" type="DEFAULT_VEHTYPE" speed="12.88" pos="40.08" lane="0/1to1/1_0" slope="0.00"/>
        <vehicle id="38" x="398.35" y="325.41" angle="0.00" type="DEFAULT_VEHTYPE" speed="13.62" pos="69.84" lane="2/2to2/1_0" slope="0.00"/>
        <vehicle id="41" x="201.65" y="427.50" angle="180.00" type="DEFAULT_VEHTYPE" speed="13.33" pos="22.75" lane="1/2to1/3_0" slope="0.00"/>
        <vehicle id="44" x="381.61" y="598.35" angle="90.00" type="DEFAULT_VEHTYPE" speed="4.10" pos="176.86" lane="1/3to2/3_0" slope="0.00"/>
        <vehicle id="48" x="310.24" y="598.35" angle="90.00" type="DEFAULT_VEHTYPE" speed="12.60" pos="105.49" lane="1/3to2/3_0" slope="0.00"/>
        <vehicle id="5" x="398.35" y="530.73" angle="0.00" type="DEFAULT_VEHTYPE" speed="12.79" pos="64.52" lane="2/3to2/2_0" slope="0.00"/>
        <vehicle id="7" x="146.53" y="398.35" angle="90.00" type="DEFAULT_VEHTYPE" speed="13.52" pos="146.53" lane="0/2to1/2_0" slope="0.00"/>
        <vehicle id="8" x="398.35" y="654.93" angle="0.00" type="DEFAULT_VEHTYPE" speed="13.09" pos="145.07" lane="2/4to2/3_0" slope="0.00"/>
    </timestep>
    <timestep time="381.00">
        <vehicle id="0" x="398.35" y="266.92" angle="0.00" type="DEFAULT_VEHTYPE" speed="12.75" pos="128.33" lane="2/2to2/1_0" slope="0.00"/>
        <vehicle id="1" x="598.35" y="413.42" angle="0.00" type="DEFAULT_VEHTYPE" speed="13.74" pos="181.83" lane="3/3to3/2_0" slope="0.00"/>
        <vehicle id="17" x="201.65" y="272.24" angle="180.00" type="DEFAULT_VEHTYPE" speed="13.80" pos="67.49" lane="1/1to1/2_0" slope="0.00"/>
        <vehicle id="18" x="371.90" y="201.65" angle="-90.00" type="DEFAULT_VEHTYPE" speed="12.85" pos="23.35" lane="2/1to1/1_0" slope="0.00"/>
        <vehicle id="21" x="398.35" y="440.20" angle="0.00" type="DEFAULT_VEHTYPE" speed="12.90" pos="155.05" lane="2/3to2/2_0" slope="0.00"/>
        <vehicle id="22" x="754.74" y="198.35" angle="90.00" type="DEFAULT_VEHTYPE" speed="13.01" pos="149.99" lane="3/1to4/1_0" slope="0.00"/>
        <vehicle id="24" x="401.65" y="631.00" angle="180.00" type="DEFAULT_VEHTYPE" speed="10.71" pos="26.25" lane="2/3to2/4_0" slope="0.00"/>
        <vehicle id="26" x="401.65" y="605.69" angle="167.84" type="DEFAULT_VEHTYPE" speed="7.76" pos="0.94" lane="2/3to2/4_0" slope="0.00"/>
        <vehicle id="28" x="201.65" y="207.40" angle="-171.83" type="DEFAULT_VEHTYPE" speed="7.73" pos="2.65" lane="1/1to1/2_0" slope="0.00"/>
        <vehicle id="32" x="201.65" y="496.69" angle="180.00" type="DEFAULT_VEHTYPE" speed="12.64" pos="91.94" lane="1/2to1/3_0" slope="0.00"/>
        <vehicle id="35" x="398.35" y="479.35" angle="0.00" type="DEFAULT_VEHTYPE" speed="13.02" pos="115.90" lane="2/3to2/2_0" slope="0.00"/>
        <vehicle id="37" x="53.66" y="198.35" angle="90.00" type="DEFAULT_VEHTYPE" speed="13.58" pos="53.66" lane="0/1to1/1_0" slope="0.00"/>
        <vehicle id="38" x="398.35" y="312.58" angle="0.00" type="DEFAULT_VEHTYPE" speed="12.83" pos="82.67" lane="2/2to2/1_0" slope="0.00"/>
        <vehicle id="41" x="201.65" y="440.76" angle="180.00" type="DEFAULT_VEHTYPE" speed="13.26" pos="36.01" lane="1/2to1/3_0" slope="0.00"/>
        <vehicle id="44" x="387.22" y="598.35" angle="90.00" type="DEFAULT_VEHTYPE" speed="5.60" pos="182.47" lane="1/3to2/3_0" slope="0.00"/>
        <vehicle id="48" x="323.71" y="598.35" angle="90.00" type="DEFAULT_VEHTYPE" speed="13.47" pos="118.96" lane="1/3to2/3_0" slope="0.00"/>
        <vehicle id="5" x="398.35" y="517.97" angle="0.00" type="DEFAULT_VEHTYPE" speed="12.76" pos="77.28" lane="2/3to2/2_0" slope="0.00"/>
        <vehicle id="7" x="159.28" y="398.35" angle="90.00" type="DEFAULT_VEHTYPE" speed="12.75" pos="159.28" lane="0/2to1/2_0" slope="0.00"/>
        <vehicle id="8" x="398.35" y="642.31" angle="0.00" type="DEFAULT_VEHTYPE" speed="12.62" pos="157.69" lane="2/4to2/3_0" slope="0.00"/>
    </timestep>
    <timestep time="382.00">
        <vehicle id="0" x="398.35" y="254.31" angle="0.00" type="DEFAULT_VEHTYPE" speed="12.61" pos="140.94" lane="2/2to2/1_0" slope="0.00"/>
        <vehicle id="1" x="595.34" y="401.66" angle="-43.38" type="DEFAULT_VEHTYPE" speed="13.58" pos="4.91" lane=":3/2_0_0" slope="0.00"/>
        <vehicle id="17" x="201.65" y="285.85" angle="180.00" type="DEFAULT_VEHTYPE" speed="13.61" pos="81.10" lane="1/1to1/2_0" slope="0.00"/>
        <vehicle id="18" x="358.14" y="201.65" angle="-90.00" type="DEFAULT_VEHTYPE" speed="13.76" pos="37.11" lane="2/1to1/1_0" slope="0.00"/>
        <vehicle id="21" x="398.35" y="427.56" angle="0.00" type="DEFAULT_VEHTYPE" speed="12.64" pos="167.69" lane="2/3to2/2_0" slope="0.00"/>
        <vehicle id="22" x="768.03" y="198.35" angle="90.00" type="DEFAULT_VEHTYPE" speed="13.29" pos="163.28" lane="3/1to4/1_0" slope="0.00"/>
        <vehicle id="24" x="401.65" y="644.18" angle="180.00" type="DEFAULT_VEHTYPE" speed="13.18" pos="39.43" lane="2/3to2/4_0" slope="0.00"/>
        <vehicle id="26" x="401.65" y="615.25" angle="180.00" type="DEFAULT_VEHTYPE" speed="9.56" pos="10.50" lane="2/3to2/4_0" slope="0.00"/>
        <vehicle id="28" x="201.65" y="216.99" angle="180.00" type="DEFAULT_VEHTYPE" speed="9.59" pos="12.24" lane="1/1to1/2_0" slope="0.00"/>
        <vehicle id="32" x="201.65" y="510.22" angle="180.00" type="DEFAULT_VEHTYPE" speed="13.53" pos="105.47" lane="1/2to1/3_0" slope="0.00"/>
        <vehicle id="35" x="398.35" y="466.40" angle="0.00" type="DEFAULT_VEHTYPE" speed="12.95" pos="128.85" lane="2/3to2/2_0" slope="0.00"/>
        <vehicle id="37" x="67.15" y="198.35" angle="90.00" type="DEFAULT_VEHTYPE" speed="13.49" pos="67.15" lane="0/1to1/1_0" slope="0.00"/>
        <vehicle id="38" x="398.35" y="299.45" angle="0.00" type="DEFAULT_VEHTYPE" speed="13.13" pos="95.80" lane="2/2to2/1_0" slope="0.00"/>
        <vehicle id="41" x="201.65" y="454.51" angle="180.00" type="DEFAULT_VEHTYPE" speed="13.76" pos="49.76" lane="1/2to1/3_0" slope="0.00"/>
        <vehicle id="44" x="390.34" y="598.35" angle="90.00" type="DEFAULT_VEHTYPE" speed="3.12" pos="185.59" lane="1/3to2/3_0" slope="0.00"/>
        <vehicle id="48" x="336.99" y="598.35" angle="90.00" type="DEFAULT_VEHTYPE" speed="13.28" pos="132.24" lane="1/3to2/3_0" slope="0.00"/>
        <vehicle id="5" x="398.35" y="504.58" angle="0.00" type="DEFAULT_VEHTYPE" speed="13.39" pos="90.67" lane="2/3to2/2_0" slope="0.00"/>
        <vehicle id="7" x="172.23" y="398.35" angle="90.00" type="DEFAULT_VEHTYPE" speed="12.95" pos="172.23" lane="0/2to1/2_0" slope="0.00"/>
        <vehicle id="8" x="398.35" y="629.24" angle="0.00" type="DEFAULT_VEHTYPE" speed="13.07" pos="170.76" lane="2/4to2/3_0" slope="0.00"/>
    </timestep>
    <timestep time="383.00">
        <vehicle id="0" x="398.35" y="241.16" angle="0.00" type="DEFAULT_VEHTYPE" speed="13.16" pos="154.09" lane="2/2to2/1_0" slope="0.00"/>
        <vehicle id="1" x="581.74" y="401.65" angle="-90.00" type="DEFAULT_VEHTYPE" speed="13.60" pos="13.51" lane="3/2to2/2_0" slope="0.00"/>
        <vehicle id="17" x="201.65" y="299.34" angle="180.00" type="DEFAULT_VEHTYPE" speed="13.49" pos="94.59" lane="1/1to1/2_0" slope="0.00"/>
        <vehicle id="18" x="345.15" y="201.65" angle="-90.00" type="DEFAULT_VEHTYPE" speed="12.99" pos="50.10" lane="2/1to1/1_0" slope="0.00"/>
        <vehicle id="21" x="398.35" y="413.91" angle="0.00" type="DEFAULT_VEHTYPE" speed="13.65" pos="181.34" lane="2/3to2/2_0" slope="0.00"/>
        <vehicle id="22" x="781.33" y="198.35" angle="90.00" type="DEFAULT_VEHTYPE" speed="13.30" pos="176.58" lane="3/1to4/1_0" slope="0.00"/>
        <vehicle id="24" x="401.65" y="657.80" angle="180.00" type="DEFAULT_VEHTYPE" speed="13.62" pos="53.05" lane="2/3to2/4_0" slope="0.00"/>
        <vehicle id="26" x="401.65" y="627.24" angle="180.00" type="DEFAULT_VEHTYPE" speed="11.99" pos="22.49" lane="2/3to2/4_0" slope="0.00"/>
        <vehicle id="28" x="201.65" y="228.43" angle="180.00" type="DEFAULT_VEHTYPE" speed="11.44" pos="23.68" lane="1/1to1/2_0" slope="0.00"/>
        <vehicle id="32" x="201.65" y="523.37" angle="180.00" type="DEFAULT_VEHTYPE" speed="13.15" pos="118.62" lane="1/2to1/3_0" slope="0.00"/>
        <vehicle id="35" x="398.35" y="452.92" angle="0.00" type="DEFAULT_VEHTYPE" speed="13.48" pos="142.33" lane="2/3to2/2_0" slope="0.00"/>
        <vehicle id="37" x="79.98" y="198.35" angle="90.00" type="DEFAULT_VEHTYPE" speed="12.83" pos="79.98" lane="0/1to1/1_0" slope="0.00"/>
        <vehicle id="38" x="398.35" y="286.77" angle="0.00" type="DEFAULT_VEHTYPE" speed="12.68" pos="108.48" lane="2/2to2/1_0" slope="0.00"/>
        <vehicle id="41" x="201.65" y="467.53" angle="180.00" type="DEFAULT_VEHTYPE" speed="13.01" pos="62.78" lane="1/2to1/3_0" slope="0.00"/>
        <vehicle id="44" x="391.87" y="598.35" angle="90.00" type="DEFAULT_VEHTYPE" speed="1.53" pos="187.12" lane="1/3to2/3_0" slope="0.00"/>
        <vehicle id="48" x="350.71" y="598.35" angle="90.00" type="DEFAULT_VEHTYPE" speed="13.72" pos="145.96" lane="1/3to2/3_0" slope="0.00"/>
        <vehicle id="5" x="398.35" y="490.96" angle="0.00" type="DEFAULT_VEHTYPE" speed="13.62" pos="104.29" lane="2/3to2/2_0" slope="0.00"/>
        <vehicle id="7" x="181.01" y="398.35" angle="90.00" type="DEFAULT_VEHTYPE" speed="8.78" pos="181.01" lane="0/2to1/2_0" slope="0.00"/>
        <vehicle id="8" x="398.35" y="616.42" angle="0.00" type="DEFAULT_VEHTYPE" speed="12.83" pos="183.58" lane="2/4to2/3_0" slope="0.00"/>
    </timestep>
    <timestep time="384.00">
        <vehicle id="0" x="398.35" y="227.45" angle="0.00" type="DEFAULT_VEHTYPE" speed="13.70" pos="167.80" lane="2/2to2/1_0" slope="0.00"/>
        <vehicle id="1" x="569.04" y="401.65" angle="-90.00" type="DEFAULT_VEHTYPE" speed="12.70" pos="26.21" lane="3/2to2/2_0" slope="0.00"/>
        <vehicle id="17" x="201.65" y="312.58" angle="180.00" type="DEFAULT_VEHTYPE" speed="13.24" pos="107.83" lane="1/1to1/2_0" slope="0.00"/>
        <vehicle id="18" x="331.82" y="201.65" angle="-90.00" type="DEFAULT_VEHTYPE" speed="13.33" pos="63.43" lane="2/1to1/1_0" slope="0.00"/>
        <vehicle id="21" x="398.35" y="400.93" angle="0.00" type="DEFAULT_VEHTYPE" speed="12.98" pos="3.82" lane=":2/2_1_0" slope="0.00"/>
        <vehicle id="22" x="794.06" y="198.35" angle="90.00" type="DEFAULT_VEHTYPE" speed="12.73" pos="189.31" lane="3/1to4/1_0" slope="0.00"/>
        <vehicle id="24" x="401.65" y="671.51" angle="180.00" type="DEFAULT_VEHTYPE" speed="13.71" pos="66.76" lane="2/3to2/4_0" slope="0.00"/>
        <vehicle id="26" x="401.65" y="640.51" angle="180.00" type="DEFAULT_VEHTYPE" speed="13.28" pos="35.76" lane="2/3to2/4_0" slope="0.00"/>
        <vehicle id="28" x="201.65" y="241.13" angle="180.00" type="DEFAULT_VEHTYPE" speed="12.69" pos="36.38" lane="1/1to1/2_0" slope="0.00"/>
        <vehicle id="32" x="201.65" y="537.00" angle="180.00" type="DEFAULT_VEHTYPE" speed="13.63" pos="132.25" lane="1/2to1/3_0" slope="0.00"/>
        <vehicle id="35" x="398.35" y="439.60" angle="0.00" type="DEFAULT_VEHTYPE" speed="13.32" pos="155.65" lane="2/3to2/2_0" slope="0.00"/>
        <vehicle id="37" x="93.68" y="198.35" angle="90.00" type="DEFAULT_VEHTYPE" speed="13.70" pos="93.68" lane="0/1to1/1_0" slope="0.00"/>
        <vehicle id="38" x="398.35" y="273.80" angle="0.00" type="DEFAULT_VEHTYPE" speed="12.97" pos="121.45" lane="2/2to2/1_0" slope="0.00"/>
        <vehicle id="41" x="201.65" y="481.17" angle="180.00" type="DEFAULT_VEHTYPE" speed="13.64" pos="76.42" lane="1/2to1/3_0" slope="0.00"/>
        <vehicle id="44" x="392.51" y="598.35" angle="90.00" type="DEFAULT_VEHTYPE" speed="0.64" pos="187.76" lane="1/3to2/3_0" slope="0.00"/>
        <vehicle id="48" x="363.19" y="598.35" angle="90.00" type="DEFAULT_VEHTYPE" speed="12.48" pos="158.44" lane="1/3to2/3_0" slope="0.00"/>
        <vehicle id="5" x="398.35" y="477.63" angle="0.00" type="DEFAULT_VEHTYPE" speed="13.32" pos="117.62" lane="2/3to2/2_0" slope="0.00"/>
        <vehicle id="7" x="187.64" y="398.35" angle="90.00" type="DEFAULT_VEHTYPE" speed="6.63" pos="187.64" lane="0/2to1/2_0" slope="0.00"/>
        <vehicle id="8" x="398.35" y="602.67" angle="0.00" type="DEFAULT_VEHTYPE" speed="13.75" pos="2.08" lane=":2/3_1_0" slope="0.00"/>
    </timestep>
    <timestep time="385.00">
        <vehicle id="0" x="398.35" y="213.87" angle="0.00" type="DEFAULT_VEHTYPE" speed="13.58" pos="181.38" lane="2/2to2/1_0" slope="0.00"/>
        <vehicle id="1" x="555.24" y="401.65" angle="-90.00" type="DEFAULT_VEHTYPE" speed="13.80" pos="40.01" lane="3/2to2/2_0" slope="0.00"/>
        <vehicle id="17" x="201.65" y="325.75" angle="180.00" type="DEFAULT_VEHTYPE" speed="13.17" pos="121.00" lane="1/1to1/2_0" slope="0.00"/>
        <vehicle id="18" x="318.15" y="201.65" angle="-90.00" type="DEFAULT_VEHTYPE" speed="13.67" pos="77.10" lane="2/1to1/1_0" slope="0.00"/>
        <vehicle id="21" x="398.35" y="387.24" angle="0.00" type="DEFAULT_VEHTYPE" speed="13.68" pos="8.01" lane="2/2to2/1_0" slope="0.00"/>
        <vehicle id="22" x="798.06" y="201.65" angle="-124.07" type="DEFAULT_VEHTYPE" speed="12.70" pos="1.94" lane="4/1to3/1_0" slope="0.00"/>
        <vehicle id="24" x="401.65" y="684.76" angle="180.00" type="DEFAULT_VEHTYPE" speed="13.24" pos="80.01" lane="2/3to2/4_0" slope="0.00"/>
        <vehicle id="26" x="401.65" y="654.11" angle="180.00" type="DEFAULT_VEHTYPE" speed="13.60" pos="49.36" lane="2/3to2/4_0" slope="0.00"/>
        <vehicle id="28" x="201.65" y="254.14" angle="180.00" type="DEFAULT_VEHTYPE" speed="13.01" pos="49.39" lane="1/1to1/2_0" slope="0.00"/>
        <vehicle id="32" x="201.65" y="550.70" angle="180.00" type="DEFAULT_VEHTYPE" speed="13.71" pos="145.95" lane="1/2to1/3_0" slope="0.00"/>
        <vehicle id="35" x="398.35" y="426.90" angle="0.00" type="DEFAULT_VEHTYPE" speed="12.70" pos="168.35" lane="2/3to2/2_0" slope="0.00"/>
        <vehicle id="37" x="107.34" y="198.35" angle="90.00" type="DEFAULT_VEHTYPE" speed="13.66" pos="107.34" lane="0/1to1/1_0" slope="0.00"/>
        <vehicle id="38" x="398.35" y="260.78" angle="0.00" type="DEFAULT_VEHTYPE" speed="13.02" pos="134.47" lane="2/2to2/1_0" slope="0.00"/>
        <vehicle id="41" x="201.65" y="494.28" angle="180.00" type="DEFAULT_VEHTYPE" speed="13.11" pos="89.53" lane="1/2to1/3_0" slope="0.00"/>
        <vehicle id="44" x="392.67" y="598.35" angle="90.00" type="DEFAULT_VEHTYPE" speed="0.16" pos="187.92" lane="1/3to2/3_0" slope="0.00"/>
        <vehicle id="48" x="372.54" y="598.35" angle="90.00" type="DEFAULT_VEHTYPE" speed="9.35" pos="167.79" lane="1/3to2/3_0" slope="0.00"/>
        <vehicle id="5" x="398.35" y="464.89" angle="0.00" type="DEFAULT_VEHTYPE" speed="12.74" pos="130.36" lane="2/3to2/2_0" slope="0.00"/>
        <vehicle id="7" x="190.05" y="398.35" angle="90.00" type="DEFAULT_VEHTYPE" speed="2.40" pos="190.05" lane="0/2to1/2_0" slope="0.00"/>
        <vehicle id="8" x="398.35" y="589.76" angle="0.00" type="DEFAULT_VEHTYPE" speed="12.91" pos="5.49" lane="2/3to2/2_0" slope="0.00"/>
    </timestep>
    <timestep time="386.00">
        <vehicle id="0" x="396.66" y="201.87" angle="-21.38" type="DEFAULT_VEHTYPE" speed="12.69" pos="3.57" lane=":2/1_0_0" slope="0.00"/>
        <vehicle id="1" x="542.22" y="401.65" angle="-90.00" type="DEFAULT_VEHTYPE" speed="13.02" pos="53.03" lane="3/2to2/2_0" slope="0.00"/>
        <vehicle id="17" x="201.65" y="338.37" angle="180.00" type="DEFAULT_VEHTYPE" speed="12.63" pos="133.62" lane="1/1to1/2_0" slope="0.00"/>
        <vehicle id="18" x="304.60" y="201.65" angle="-90.00" type="DEFAULT_VEHTYPE" speed="13.55" pos="90.65" lane="2/1to1/1_0" slope="0.00"/>
        <vehicle id="21" x="398.35" y="373.43" angle="0.00" type="DEFAULT_VEHTYPE" speed="13.82" pos="21.82" lane="2/2to2/1_0" slope="0.00"/>
        <vehicle id="22" x="785.45" y="201.65" angle="-90.00" type="DEFAULT_VEHTYPE" speed="12.60" pos="14.55" lane="4/1to3/1_0" slope="0.00"/>
        <vehicle id="24" x="401.65" y="698.37" angle="180.00" type="DEFAULT_VEHTYPE" speed="13.61" pos="93.62" lane="2/3to2/4_0" slope="0.00"/>
        <vehicle id="26" x="401.65" y="667.98" angle="180.00" type="DEFAULT_VEHTYPE" speed="13.87" pos="63.23" lane="2/3to2/4_0" slope="0.00"/>
        <vehicle id="28" x="201.65" y="267.26" angle="180.00" type="DEFAULT_VEHTYPE" speed="13.12" pos="62.51" lane="1/1to1/2_0" slope="0.00"/>
        <vehicle id="32" x="201.65" y="564.03" angle="180.00" type="DEFAULT_VEHTYPE" speed="13.33" pos="159.28" lane="1/2to1/3_0" slope="0.00"/>
        <vehicle id="35" x="398.35" y="414.13" angle="0.00" type="DEFAULT_VEHTYPE" speed="12.77" pos="181.12" lane="2/3to2/2_0" slope="0.00"/>
        <vehicle id="37" x="121.19" y="198.35" angle="90.00" type="DEFAULT_VEHTYPE" speed="13.85" pos="121.19" lane="0/1to1/1_0" slope="0.00"/>
        <vehicle id="38" x="398.35" y="247.11" angle="0.00" type="DEFAULT_VEHTYPE" speed="13.67" pos="148.14" lane="2/2to2/1_0" slope="0.00"/>
        <vehicle id="41" x="201.65" y="507.84" angle="180.00" type="DEFAULT_VEHTYPE" speed="13.56" pos="103.09" lane="1/2to1/3_0" slope="0.00"/>
        <vehicle id="44" x="394.81" y="598.35" angle="90.00" type="DEFAULT_VEHTYPE" speed="2.14" pos="190.06" lane="1/3to2/3_0" slope="0.00"/>
        <vehicle id="48" x="378.95" y="598.35" angle="90.00" type="DEFAULT_VEHTYPE" speed="6.41" pos="174.20" lane="1/3to2/3_0" slope="0.00"/>
        <vehicle id="5" x="398.35" y="451.90" angle="0.00" type="DEFAULT_VEHTYPE" speed="12.99" pos="143.35" lane="2/3to2/2_0" slope="0.00"/>
        <vehicle id="7" x="194.17" y="398.35" angle="90.00" type="DEFAULT_VEHTYPE" speed="4.12" pos="194.17" lane="0/2to1/2_0" slope="0.00"/>
        <vehicle id="8" x="398.35" y="576.96" angle="0.00" type="DEFAULT_VEHTYPE" speed="12.81" pos="18.29" lane="2/3to2/2_0" slope="0.00"/>
    </timestep>
    <timestep time="387.00">
        <vehicle id="0" x="383.20" y="201.65" angle="-90.00" type="DEFAULT_VEHTYPE" speed="13.48" pos="12.05" lane="2/1to1/1_0" slope="0.00"/>
        <vehicle id="1" x="528.33" y="401.65" angle="-90.00" type="DEFAULT_VEHTYPE" speed="13.90" pos="66.92" lane="3/2to2/2_0" slope="0.00"/>
        <vehicle id="17" x="201.65" y="352.25" angle="180.00" type="DEFAULT_VEHTYPE" speed="13.88" pos="147.50" lane="1/1to1/2_0" slope="0.00"/>
        <vehicle id="18" x="291.05" y="201.65" angle="-90.00" type="DEFAULT_VEHTYPE" speed="13.56" pos="104.20" lane="2/1to1/1_0" slope="0.00"/>
        <vehicle id="21" x="398.35" y="359.94" angle="0.00" type="DEFAULT_VEHTYPE" speed="13.49" pos="35.31" lane="2/2to2/1_0" slope="0.00"/>
        <vehicle id="22" x="771.79" y="201.65" angle="-90.00" type="DEFAULT_VEHTYPE" speed="13.66" pos="28.21" lane="4/1to3/1_0" slope="0.00"/>
        <vehicle id="24" x="401.65" y="711.48" angle="180.00" type="DEFAULT_VEHTYPE" speed="13.12" pos="106.73" lane="2/3to2/4_0" slope="0.00"/>
        <vehicle id="26" x="401.65" y="680.64" angle="180.00" type="DEFAULT_VEHTYPE" speed="12.66" pos="75.89" lane="2/3to2/4_0" slope="0.00"/>
        <vehicle id="28" x="201.65" y="281.02" angle="180.00" type="DEFAULT_VEHTYPE" speed="13.76" pos="76.27" lane="1/1to1/2_0" slope="0.00"/>
        <vehicle id="32" x="201.65" y="577.61" angle="180.00" type="DEFAULT_VEHTYPE" speed="13.58" pos="172.86" lane="1/2to1/3_0" slope="0.00"/>
        <vehicle id="35" x="396.89" y="402.01" angle="-18.14" type="DEFAULT_VEHTYPE" speed="12.68" pos="3.30" lane=":2/2_0_0" slope="0.00"/>
        <vehicle id="37" x="134.13" y="198.35" angle="90.00" type="DEFAULT_VEHTYPE" speed="12.94" pos="134.13" lane="0/1to1/1_0" slope="0.00"/>
        <vehicle id="38" x="398.35" y="234.21" angle="0.00" type="DEFAULT_VEHTYPE" speed="12.90" pos="161.04" lane="2/2to2/1_0" slope="0.00"/>
        <vehicle id="41" x="201.65" y="521.58" angle="180.00" type="DEFAULT_VEHTYPE" speed="13.74" pos="116.83" lane="1/2to1/3_0" slope="0.00"/>
        <vehicle id="44" x="398.32" y="598.91" angle="96.52" type="DEFAULT_VEHTYPE" speed="3.58" pos="3.15" lane=":2/3_14_0" slope="0.00"/>
        <vehicle id="48" x="383.14" y="598.35" angle="90.00" type="DEFAULT_VEHTYPE" speed="4.18" pos="178.39" lane="1/3to2/3_0" slope="0.00"/>
        <vehicle id="5" x="398.35" y="438.24" angle="0.00" type="DEFAULT_VEHTYPE" speed="13.66" pos="157.01" lane="2/3to2/2_0" slope="0.00"/>
        <vehicle id="7" x="200.06" y="399.97" angle="108.94" type="DEFAULT_VEHTYPE" speed="6.26" pos="5.18" lane=":1/2_14_0" slope="0.00"/>
        <vehicle id="8" x="398.35" y="563.71" angle="0.00" type="DEFAULT_VEHTYPE" speed="13.25" pos="31.54" lane="2/3to2/2_0" slope="0.00"/>
    </timestep>
    <timestep time="388.00">
        <vehicle id="0" x="370.55" y="201.65" angle="-90.00" type="DEFAULT_VEHTYPE" speed="12.64" pos="24.70" lane="2/1to1/1_0" slope="0.00"/>
        <vehicle id="1" x="515.14" y="401.65" angle="-90.00" type="DEFAULT_VEHTYPE" speed="13.19" pos="80.11" lane="3/2to2/2_0" slope="0.00"/>
        <vehicle id="17" x="201.65" y="365.13" angle="180.00" type="DEFAULT_VEHTYPE" speed="12.88" pos="160.38" lane="1/1to1/2_0" slope="0.00"/>
        <vehicle id="18" x="277.86" y="201.65" angle="-90.00" type="DEFAULT_VEHTYPE" speed="13.18" pos="117.39" lane="2/1to1/1_0" slope="0.00"/>
        <vehicle id="21" x="398.35" y="346.20" angle="0.00" type="DEFAULT_VEHTYPE" speed="13.74" pos="49.05" lane="2/2to2/1_0" slope="0.00"/>
        <vehicle id="22" x="758.48" y="201.65" angle="-90.00" type="DEFAULT_VEHTYPE" speed="13.31" pos="41.52" lane="4/1to3/1_0" slope="0.00"/>
        <vehicle id="24" x="401.65" y="725.32" angle="180.00" type="DEFAULT_VEHTYPE" speed="13.83" pos="120.57" lane="2/3to2/4_0" slope="0.00"/>
        <vehicle id="26" x="401.65" y="693.44" angle="180.00" type="DEFAULT_VEHTYPE" speed="12.80" pos="88.69" lane="2/3to2/4_0" slope="0.00"/>
        <vehicle id="28" x="201.65" y="294.70" angle="180.00" type="DEFAULT_VEHTYPE" speed="13.68" pos="89.95" lane="1/1to1/2_0" slope="0.00"/>
        <vehicle id="32" x="201.65" y="590.66" angle="180.00" type="DEFAULT_VEHTYPE" speed="13.05" pos="185.91" lane="1/2to1/3_0" slope="0.00"/>
        <vehicle id="35" x="383.12" y="401.65" angle="-90.00" type="DEFAULT_VEHTYPE" speed="13.83" pos="12.13" lane="2/2to1/2_0" slope="0.00"/>
        <vehicle id="37" x="147.15" y="198.35" angle="90.00" type="DEFAULT_VEHTYPE" speed="13.02" pos="147.15" lane="0/1to1/1_0" slope="0.00"/>
        <vehicle id="38" x="398.35" y="221.59" angle="0.00" type="DEFAULT_VEHTYPE" speed="12.62" pos="173.66" lane="2/2to2/1_0" slope="0.00"/>
        <vehicle id="41" x="201.65" y="534.25" angle="180.00" type="DEFAULT_VEHTYPE" speed="12.66" pos="129.50" lane="1/2to1/3_0" slope="0.00"/>
        <vehicle id="44" x="401.46" y="603.39" angle="148.96" type="DEFAULT_VEHTYPE" speed="5.80" pos="8.95" lane=":2/3_14_0" slope="0.00"/>
        <vehicle id="48" x="387.17" y="598.35" angle="90.00" type="DEFAULT_VEHTYPE" speed="4.03" pos="182.42" lane="1/3to2/3_0" slope="0.00"/>
        <vehicle id="5" x="398.35" y="424.55" angle="0.00" type="DEFAULT_VEHTYPE" speed="13.69" pos="170.70" lane="2/3to2/2_0" slope="0.00"/>
        <vehicle id="7" x="201.65" y="407.88" angle="176.96" type="DEFAULT_VEHTYPE" speed="8.28" pos="3.13" lane="1/2to1/3_0" slope="0.00"/>
        <vehicle id="8" x="398.35" y="550.04" angle="0.00" type="DEFAULT_VEHTYPE" speed="13.67" pos="45.21" lane="2/3to2/2_0" slope="0.00"/>
    </timestep>
    <timestep time="389.00">
        <vehicle id="0" x="357.09" y="201.65" angle="-90.00" type="DEFAULT_VEHTYPE" speed="13.47" pos="38.16" lane="2/1to1/1_0" slope="0.00"/>
        <vehicle id="1" x="502.23" y="401.65" angle="-90.00" type="DEFAULT_VEHTYPE" speed="12.90" pos="93.02" lane="3/2to2/2_0" slope="0.00"/>
        <vehicle id="17" x="201.65" y="378.76" angle="180.00" type="DEFAULT_VEHTYPE" speed="13.63" pos="174.01" lane="1/1to1/2_0" slope="0.00"/>
        <vehicle id="18" x="264.25" y="201.65" angle="-90.00" type="DEFAULT_VEHTYPE" speed="13.61" pos="131.00" lane="2/1to1/1_0" slope="0.00"/>
        <vehicle id="21" x="398.35" y="333.01" angle="0.00" type="DEFAULT_VEHTYPE" speed="13.19" pos="62.24" lane="2/2to2/1_0" slope="0.00"/>
        <vehicle id="22" x="745.24" y="201.65" angle="-90.00" type="DEFAULT_VEHTYPE" speed="13.24" pos="54.76" lane="4/1to3/1_0" slope="0.00"/>
        <vehicle id="24" x="401.65" y="738.66" angle="180.00" type="DEFAULT_VEHTYPE" speed="13.35" pos="133.91" lane="2/3to2/4_0" slope="0.00"/>
        <vehicle id="26" x="401.65" y="706.61" angle="180.00" type="DEFAULT_VEHTYPE" speed="13.16" pos="101.86" lane="2/3to2/4_0" slope="0.00"/>
        <vehicle id="28" x="201.65" y="308.42" angle="180.00" type="DEFAULT_VEHTYPE" speed="13.72" pos="103.67" lane="1/1to1/2_0" slope="0.00"/>
        <vehicle id="32" x="207.84" y="598.35" angle="95.48" type="DEFAULT_VEHTYPE" speed="12.67" pos="3.09" lane="1/3to2/3_0" slope="0.00"/>
        <vehicle id="35" x="369.25" y="401.65" angle="-90.00" type="DEFAULT_VEHTYPE" speed="13.87" pos="26.00" lane="2/2to1/2_0" slope="0.00"/>
        <vehicle id="37" x="160.37" y="198.35" angle="90.00" type="DEFAULT_VEHTYPE" speed="13.22" pos="160.37" lane="0/1to1/1_0" slope="0.00"/>
        <vehicle id="38" x="398.35" y="208.06" angle="0.00" type="DEFAULT_VEHTYPE" speed="13.53" pos="187.19" lane="2/2to2/1_0" slope="0.00"/>
        <vehicle id="41" x="201.65" y="547.04" angle="180.00" type="DEFAULT_VEHTYPE" speed="12.80" pos="142.29" lane="1/2to1/3_0" slope="0.00"/>
        <vehicle id="44" x="401.65" y="611.62" angle="180.00" type="DEFAULT_VEHTYPE" speed="8.24" pos="6.87" lane="2/3to2/4_0" slope="0.00"/>
        <vehicle id="48" x="390.30" y="598.35" angle="90.00" type="DEFAULT_VEHTYPE" speed="3.14" pos="185.55" lane="1/3to2/3_0" slope="0.00"/>
        <vehicle id="5" x="398.35" y="411.50" angle="0.00" type="DEFAULT_VEHTYPE" speed="13.05" pos="183.75" lane="2/3to2/2_0" slope="0.00"/>
        <vehicle id="7" x="201.65" y="418.66" angle="180.00" type="DEFAULT_VEHTYPE" speed="10.78" pos="13.91" lane="1/2to1/3_0" slope="0.00"/>
        <vehicle id="8" x="398.35" y="536.96" angle="0.00" type="DEFAULT_VEHTYPE" speed="13.08" pos="58.29" lane="2/3to2/2_0" slope="0.00"/>
    </timestep>
    <timestep time="390.00">
        <vehicle id="0" x="343.89" y="201.65" angle="-90.00" type="DEFAULT_VEHTYPE" speed="13.20" pos="51.36" lane="2/1to1/1_0" slope="0.00"/>
        <vehicle id="1" x="489.07" y="401.65" angle="-90.00" type="DEFAULT_VEHTYPE" speed="13.16" pos="106.18" lane="3/2to2/2_0" slope="0.00"/>
        <vehicle id="17" x="201.65" y="392.59" angle="180.00" type="DEFAULT_VEHTYPE" speed="13.83" pos="187.84" lane="1/1to1/2_0" slope="0.00"/>
        <vehicle id="18" x="250.59" y="201.65" angle="-90.00" type="DEFAULT_VEHTYPE" speed="13.66" pos="144.66" lane="2/1to1/1_0" slope="0.00"/>
        <vehicle id="21" x="398.35" y="320.30" angle="0.00" type="DEFAULT_VEHTYPE" speed="12.71" pos="74.95" lane="2/2to2/1_0" slope="0.00"/>
        <vehicle id="22" x="732.31" y="201.65" angle="-90.00" type="DEFAULT_VEHTYPE" speed="12.93" pos="67.69" lane="4/1to3/1_0" slope="0.00"/>
        <vehicle id="24" x="401.65" y="752.01" angle="180.00" type="DEFAULT_VEHTYPE" speed="13.35" pos="147.26" lane="2/3to2/4_0" slope="0.00"/>
        <vehicle id="26" x="401.65" y="720.04" angle="180.00" type="DEFAULT_VEHTYPE" speed="13.43" pos="115.29" lane="2/3to2/4_0" slope="0.00"/>
        <vehicle id="28" x="201.65" y="321.65" angle="180.00" type="DEFAULT_VEHTYPE" speed="13.22" pos="116.90" lane="1/1to1/2_0" slope="0.00"/>
        <vehicle id="32" x="220.56" y="598.35" angle="90.00" type="DEFAULT_VEHTYPE" speed="12.72" pos="15.81" lane="1/3to2/3_0" slope="0.00"/>
        <vehicle id="35" x="356.59" y="401.65" angle="-90.00" type="DEFAULT_VEHTYPE" speed="12.66" pos="38.66" lane="2/2to1/2_0" slope="0.00"/>
        <vehicle id="37" x="172.59" y="198.35" angle="90.00" type="DEFAULT_VEHTYPE" speed="12.22" pos="172.59" lane="0/1to1/1_0" slope="0.00"/>
        <vehicle id="38" x="398.35" y="194.80" angle="0.00" type="DEFAULT_VEHTYPE" speed="13.26" pos="0.45" lane="2/1to2/0_0" slope="0.00"/>
        <vehicle id="41" x="201.65" y="560.17" angle="180.00" type="DEFAULT_VEHTYPE" speed="13.13" pos="155.42" lane="1/2to1/3_0" slope="0.00"/>
        <vehicle id="44" x="401.65" y="621.78" angle="180.00" type="DEFAULT_VEHTYPE" speed="10.17" pos="17.03" lane="2/3to2/4_0" slope="0.00"/>
        <vehicle id="48" x="395.69" y="598.41" angle="90.72" type="DEFAULT_VEHTYPE" speed="5.39" pos="0.44" lane=":2/3_14_0" slope="0.00"/>
        <vehicle id="5" x="394.31" y="401.65" angle="-60.91" type="DEFAULT_VEHTYPE" speed="12.68" pos="0.94" lane="2/2to1/2_0" slope="0.00"/>
        <vehicle id="7" x="201.65" y="431.66" angle="180.00" type="DEFAULT_VEHTYPE" speed="13.00" pos="26.91" lane="1/2to1/3_0" slope="0.00"/>
        <vehicle id="8" x="398.35" y="523.97" angle="0.00" type="DEFAULT_VEHTYPE" speed="13.00" pos="71.28" lane="2/3to2/2_0" slope="0.00"/>
    </timestep>
    <timestep time="391.00">
        <vehicle id="0" x="330.68" y="201.65" angle="-90.00" type="DEFAULT_VEHTYPE" speed="13.21" pos="64.57" lane="2/1to1/1_0" slope="0.00"/>
        <vehicle id="1" x="475.77" y="401.65" angle="-90.00" type="DEFAULT_VEHTYPE" speed="13.30" pos="119.48" lane="3/2to2/2_0" slope="0.00"/>
        <vehicle id="17" x="201.65" y="405.67" angle="180.00" type="DEFAULT_VEHTYPE" speed="13.07" pos="0.92" lane="1/2to1/3_0" slope="0.00"/>
        <vehicle id="18" x="236.87" y="201.65" angle="-90.00" type="DEFAULT_VEHTYPE" speed="13.71" pos="158.38" lane="2/1to1/1_0" slope="0.00"/>
        <vehicle id="21" x="398.35" y="306.71" angle="0.00" type="DEFAULT_VEHTYPE" speed="13.59" pos="88.54" lane="2/2to2/1_0" slope="0.00"/>
        <vehicle id="22" x="719.65" y="201.65" angle="-90.00" type="DEFAULT_VEHTYPE" speed="12.65" pos="80.35" lane="4/1to3/1_0" slope="0.00"/>
        <vehicle id="24" x="401.65" y="765.26" angle="180.00" type="DEFAULT_VEHTYPE" speed="13.26" pos="160.51" lane="2/3to2/4_0" slope="0.00"/>
        <vehicle id="26" x="401.65" y="733.62" angle="180.00" type="DEFAULT_VEHTYPE" speed="13.59" pos="128.87" lane="2/3to2/4_0" slope="0.00"/>
        <vehicle id="28" x="201.65" y="334.33" angle="180.00" type="DEFAULT_VEHTYPE" speed="12.68" pos="129.58" lane="1/1to1/2_0" slope="0.00"/>
        <vehicle id="32" x="233.64" y="598.35" angle="90.00" type="DEFAULT_VEHTYPE" speed="13.08" pos="28.89" lane="1/3to2/3_0" slope="0.00"/>
        <vehicle id="35" x="343.83" y="401.65" angle="-90.00" type="DEFAULT_VEHTYPE" speed="12.76" pos="51.42" lane="2/2to1/2_0" slope="0.00"/>
        <vehicle id="37" x="181.13" y="198.35" angle="90.00" type="DEFAULT_VEHTYPE" speed="8.54" pos="181.13" lane="0/1to1/1_0" slope="0.00"/>
        <vehicle id="38" x="398.35" y="182.02" angle="0.00" type="DEFAULT_VEHTYPE" speed="12.78" pos="13.23" lane="2/1to2/0_0" slope="0.00"/>
        <vehicle id="41" x="201.65" y="573.61" angle="180.00" type="DEFAULT_VEHTYPE" speed="13.44" pos="168.86" lane="1/2to1/3_0" slope="0.00"/>
        <vehicle id="44" x="401.65" y="634.18" angle="180.00" type="DEFAULT_VEHTYPE" speed="12.40" pos="29.43" lane="2/3to2/4_0" slope="0.00"/>
        <vehicle id="48" x="401.30" y="602.29" angle="137.44" type="DEFAULT_VEHTYPE" speed="7.39" pos="7.83" lane=":2/3_14_0" slope="0.00"/>
        <vehicle id="5" x="381.69" y="401.65" angle="-90.00" type="DEFAULT_VEHTYPE" speed="12.62" pos="13.56" lane="2/2to1/2_0" slope="0.00"/>
        <vehicle id="7" x="201.65" y="445.20" angle="180.00" type="DEFAULT_VEHTYPE" speed="13.54" pos="40.45" lane="1/2to1/3_0" slope="0.00"/>
        <vehicle id="8" x="398.35" y="511.27" angle="0.00" type="DEFAULT_VEHTYPE" speed="12.69" pos="83.98" lane="2/3to2/2_0" slope="0.00"/>
    </timestep>
    <timestep time="392.00">
        <vehicle id="0" x="316.98" y="201.65" angle="-90.00" type="DEFAULT_VEHTYPE" speed="13.70" pos="78.27" lane="2/1to1/1_0" slope="0.00"/>
        <vehicle id="1" x="462.49" y="401.65" angle="-90.00" type="DEFAULT_VEHTYPE" speed="13.29" pos="132.76" lane="3/2to2/2_0" slope="0.00"/>
        <vehicle id="17" x="201.65" y="418.64" angle="180.00" type="DEFAULT_VEHTYPE" speed="12.97" pos="13.89" lane="1/2to1/3_0" slope="0.00"/>
        <vehicle id="18" x="225.28" y="201.65" angle="-90.00" type="DEFAULT_VEHTYPE" speed="11.60" pos="169.97" lane="2/1to1/1_0" slope="0.00"/>
        <vehicle id="21" x="398.35" y="293.00" angle="0.00" type="DEFAULT_VEHTYPE" speed="13.71" pos="102.25" lane="2/2to2/1_0" slope="0.00"/>
        <vehicle id="22" x="706.22" y="201.65" angle="-90.00" type="DEFAULT_VEHTYPE" speed="13.43" pos="93.78" lane="4/1to3/1_0" slope="0.00"/>
        <vehicle id="24" x="401.65" y="778.64" angle="180.00" type="DEFAULT_VEHTYPE" speed="13.38" pos="173.89" lane="2/3to2/4_0" slope="0.00"/>
        <vehicle id="26" x="401.65" y="746.93" angle="180.00" type="DEFAULT_VEHTYPE" speed="13.31" pos="142.18" lane="2/3to2/4_0" slope="0.00"/>
        <vehicle id="28" x="201.65" y="347.95" angle="180.00" type="DEFAULT_VEHTYPE" speed="13.62" pos="143.20" lane="1/1to1/2_0" slope="0.00"/>
        <vehicle id="32" x="246.38" y="598.35" angle="90.00" type="DEFAULT_VEHTYPE" speed="12.75" pos="41.63" lane="1/3to2/3_0" slope="0.00"/>
        <vehicle id="35" x="330.27" y="401.65" angle="-90.00" type="DEFAULT_VEHTYPE" speed="13.56" pos="64.98" lane="2/2to1/2_0" slope="0.00"/>
        <vehicle id="37" x="187.00" y="198.35" angle="90.00" type="DEFAULT_VEHTYPE" speed="5.87" pos="187.00" lane="0/1to1/1_0" slope="0.00"/>
        <vehicle id="38" x="398.35" y="168.78" angle="0.00" type="DEFAULT_VEHTYPE" speed="13.24" pos="26.47" lane="2/1to2/0_0" slope="0.00"/>
        <vehicle id="41" x="201.65" y="587.43" angle="180.00" type="DEFAULT_VEHTYPE" speed="13.82" pos="182.68" lane="1/2to1/3_0" slope="0.00"/>
        <vehicle id="44" x="401.65" y="647.48" angle="180.00" type="DEFAULT_VEHTYPE" speed="13.30" pos="42.73" lane="2/3to2/4_0" slope="0.00"/>
        <vehicle id="48" x="401.65" y="610.97" angle="180.00" type="DEFAULT_VEHTYPE" speed="8.71" pos="6.22" lane="2/3to2/4_0" slope="0.00"/>
        <vehicle id="5" x="368.45" y="401.65" angle="-90.00" type="DEFAULT_VEHTYPE" speed="13.24" pos="26.80" lane="2/2to1/2_0" slope="0.00"/>
        <vehicle id="7" x="201.65" y="458.22" angle="180.00" type="DEFAULT_VEHTYPE" speed="13.02" pos="53.47" lane="1/2to1/3_0" slope="0.00"/>
        <vehicle id="8" x="398.35" y="498.39" angle="0.00" type="DEFAULT_VEHTYPE" speed="12.88" pos="96.86" lane="2/3to2/2_0" slope="0.00"/>
    </timestep>
    <timestep time="393.00">
        <vehicle id="0" x="304.38" y="201.65" angle="-90.00" type="DEFAULT_VEHTYPE" speed="12.60" pos="90.87" lane="2/1to1/1_0" slope="0.00"/>
        <vehicle id="1" x="449.68" y="401.65" angle="-90.00" type="DEFAULT_VEHTYPE" speed="12.80" pos="145.57" lane="3/2to2/2_0" slope="0.00"/>
        <vehicle id="17" x="201.65" y="432.28" angle="180.00" type="DEFAULT_VEHTYPE" speed="13.64" pos="27.53" lane="1/2to1/3_0" slope="0.00"/>
        <vehicle id="18" x="217.56" y="201.65" angle="-90.00" type="DEFAULT_VEHTYPE" speed="7.72" pos="177.69" lane="2/1to1/1_0" slope="0.00"/>
        <vehicle id="21" x="398.35" y="280.25" angle="0.00" type="DEFAULT_VEHTYPE" speed="12.75" pos="115.00" lane="2/2to2/1_0" slope="0.00"/>
        <vehicle id="22" x="692.93" y="201.65" angle="-90.00" type="DEFAULT_VEHTYPE" speed="13.30" pos="107.07" lane="4/1to3/1_0" slope="0.00"/>
        <vehicle id="24" x="401.65" y="791.49" angle="180.00" type="DEFAULT_VEHTYPE" speed="12.84" pos="186.74" lane="2/3to2/4_0" slope="0.00"/>
        <vehicle id="26" x="401.65" y="760.08" angle="180.00" type="DEFAULT_VEHTYPE" speed="13.15" pos="155.33" lane="2/3to2/4_0" slope="0.00"/>
        <vehicle id="28" x="201.65" y="361.74" angle="180.00" type="DEFAULT_VEHTYPE" speed="13.79" pos="156.99" lane="1/1to1/2_0" slope="0.00"/>
        <vehicle id="32" x="259.44" y="598.35" angle="90.00" type="DEFAULT_VEHTYPE" speed="13.06" pos="54.69" lane="1/3to2/3_0" slope="0.00"/>
        <vehicle id="35" x="316.61" y="401.65" angle="-90.00" type="DEFAULT_VEHTYPE" speed="13.66" pos="78.64" lane="2/2to1/2_0" slope="0.00"/>
        <vehicle id="37" x="190.92" y="198.35" angle="90.00" type="DEFAULT_VEHTYPE" speed="3.92" pos="190.92" lane="0/1to1/1_0" slope="0.00"/>
        <vehicle id="38" x="398.35" y="155.67" angle="0.00" type="DEFAULT_VEHTYPE" speed="13.11" pos="39.58" lane="2/1to2/0_0" slope="0.00"/>
        <vehicle id="41" x="204.62" y="598.33" angle="137.33" type="DEFAULT_VEHTYPE" speed="12.68" pos="4.87" lane=":1/3_8_0" slope="0.00"/>
        <vehicle id="44" x="401.65" y="660.11" angle="180.00" type="DEFAULT_VEHTYPE" speed="12.63" pos="55.36" lane="2/3to2/4_0" slope="0.00"/>
        <vehicle id="48" x="401.65" y="621.81" angle="180.00" type="DEFAULT_VEHTYPE" speed="10.84" pos="17.06" lane="2/3to2/4_0" slope="0.00"/>
        <vehicle id="5" x="354.99" y="401.65" angle="-90.00" type="DEFAULT_VEHTYPE" speed="13.46" pos="40.26" lane="2/2to1/2_0" slope="0.00"/>
        <vehicle id="7" x="201.65" y="471.37" angle="180.00" type="DEFAULT_VEHTYPE" speed="13.15" pos="66.62" lane="1/2to1/3_0" slope="0.00"/>
        <vehicle id="8" x="398.35" y="485.33" angle="0.00" type="DEFAULT_VEHTYPE" speed="13.06" pos="109.92" lane="2/3to2/2_0" slope="0.00"/>
    </timestep>
    <timestep time="394.00">
        <vehicle id="0" x="290.95" y="201.65" angle="-90.00" type="DEFAULT_VEHTYPE" speed="13.43" pos="104.30" lane="2/1to1/1_0" slope="0.00"/>
        <vehicle id="1" x="436.71" y="401.65" angle="-90.00" type="DEFAULT_VEHTYPE" speed="12.97" pos="158.54" lane="3/2to2/2_0" slope="0.00"/>
        <vehicle id="17" x="201.65" y="446.16" angle="180.00" type="DEFAULT_VEHTYPE" speed="13.88" pos="41.41" lane="1/2to1/3_0" slope="0.00"/>
        <vehicle id="18" x="212.40" y="201.65" angle="-90.00" type="DEFAULT_VEHTYPE" speed="5.16" pos="182.85" lane="2/1to1/1_0" slope="0.00"/>
        <vehicle id="21" x="398.35" y="266.83" angle="0.00" type="DEFAULT_VEHTYPE" speed="13.43" pos="128.42" lane="2/2to2/1_0" slope="0.00"/>
        <vehicle id="22" x="679.07" y="201.65" angle="-90.00" type="DEFAULT_VEHTYPE" speed="13.86" pos="120.93" lane="4/1to3/1_0" slope="0.00"/>
        <vehicle id="24" x="398.40" y="800.07" angle="-95.86" type="DEFAULT_VEHTYPE" speed="13.25" pos="4.74" lane=":2/4_0_0" slope="0.00"/>
        <vehicle id="26" x="401.65" y="772.74" angle="180.00" type="DEFAULT_VEHTYPE" speed="12.67" pos="167.99" lane="2/3to2/4_0" slope="0.00"/>
        <vehicle id="28" x="201.65" y="374.58" angle="180.00" type="DEFAULT_VEHTYPE" speed="12.84" pos="169.83" lane="1/1to1/2_0" slope="0.00"/>
        <vehicle id="32" x="273.28" y="598.35" angle="90.00" type="DEFAULT_VEHTYPE" speed="13.84" pos="68.53" lane="1/3to2/3_0" slope="0.00"/>
        <vehicle id="35" x="303.83" y="401.65" angle="-90.00" type="DEFAULT_VEHTYPE" speed="12.78" pos="91.42" lane="2/2to1/2_0" slope="0.00"/>
        <vehicle id="37" x="197.25" y="197.77" angle="83.26" type="DEFAULT_VEHTYPE" speed="6.45" pos="2.12" lane=":1/1_12_0" slope="0.00"/>
        <vehicle id="38" x="398.35" y="142.73" angle="0.00" type="DEFAULT_VEHTYPE" speed="12.94" pos="52.52" lane="2/1to2/0_0" slope="0.00"/>
        <vehicle id="41" x="218.21" y="598.35" angle="90.00" type="DEFAULT_VEHTYPE" speed="13.59" pos="13.46" lane="1/3to2/3_0" slope="0.00"/>
        <vehicle id="44" x="401.65" y="673.53" angle="180.00" type="DEFAULT_VEHTYPE" speed="13.42" pos="68.78" lane="2/3to2/4_0" slope="0.00"/>
        <vehicle id="48" x="401.65" y="634.05" angle="180.00" type="DEFAULT_VEHTYPE" speed="12.23" pos="29.30" lane="2/3to2/4_0" slope="0.00"/>
        <vehicle id="5" x="342.00" y="401.65" angle="-90.00" type="DEFAULT_VEHTYPE" speed="12.99" pos="53.25" lane="2/2to1/2_0" slope="0.00"/>
        <vehicle id="7" x="201.65" y="483.98" angle="180.00" type="DEFAULT_VEHTYPE" speed="12.61" pos="79.23" lane="1/2to1/3_0" slope="0.00"/>
        <vehicle id="8" x="398.35" y="471.98" angle="0.00" type="DEFAULT_VEHTYPE" speed="13.35" pos="123.27" lane="2/3to2/2_0" slope="0.00"/>
    </timestep>
    <timestep time="395.00">
        <vehicle id="0" x="277.32" y="201.65" angle="-90.00" type="DEFAULT_VEHTYPE" speed="13.63" pos="117.93" lane="2/1to1/1_0" slope="0.00"/>
        <vehicle id="1" x="424.39" y="401.65" angle="-90.00" type="DEFAULT_VEHTYPE" speed="12.32" pos="170.86" lane="3/2to2/2_0" slope="0.00"/>
        <vehicle id="17" x="201.65" y="459.73" angle="180.00" type="DEFAULT_VEHTYPE" speed="13.57" pos="54.98" lane="1/2to1/3_0" slope="0.00"/>
        <vehicle id="18" x="209.48" y="201.65" angle="-90.00" type="DEFAULT_VEHTYPE" speed="2.92" pos="185.77" lane="2/1to1/1_0" slope="0.00"/>
        <vehicle id="21" x="398.35" y="253.27" angle="0.00" type="DEFAULT_VEHTYPE" speed="13.56" pos="141.98" lane="2/2to2/1_0" slope="0.00"/>
        <vehicle id="22" x="665.25" y="201.65" angle="-90.00" type="DEFAULT_VEHTYPE" speed="13.82" pos="134.75" lane="4/1to3/1_0" slope="0.00"/>
        <vehicle id="24" x="398.35" y="787.46" angle="0.00" type="DEFAULT_VEHTYPE" speed="12.62" pos="12.54" lane="2/4to2/3_0" slope="0.00"/>
        <vehicle id="26" x="401.65" y="786.51" angle="180.00" type="DEFAULT_VEHTYPE" speed="13.77" pos="181.76" lane="2/3to2/4_0" slope="0.00"/>
        <vehicle id="28" x="201.65" y="387.69" angle="180.00" type="DEFAULT_VEHTYPE" speed="13.11" pos="182.94" lane="1/1to1/2_0" slope="0.00"/>
        <vehicle id="32" x="286.92" y="598.35" angle="90.00" type="DEFAULT_VEHTYPE" speed="13.64" pos="82.17" lane="1/3to2/3_0" slope="0.00"/>
        <vehicle id="35" x="291.02" y="401.65" angle="-90.00" type="DEFAULT_VEHTYPE" speed="12.81" pos="104.23" lane="2/2to1/2_0" slope="0.00"/>
        <vehicle id="37" x="198.35" y="189.99" angle="0.00" type="DEFAULT_VEHTYPE" speed="8.15" pos="5.26" lane="1/1to1/0_0" slope="0.00"/>
        <vehicle id="38" x="398.35" y="130.02" angle="0.00" type="DEFAULT_VEHTYPE" speed="12.71" pos="65.23" lane="2/1to2/0_0" slope="0.00"/>
        <vehicle id="41" x="231.71" y="598.35" angle="90.00" type="DEFAULT_VEHTYPE" speed="13.50" pos="26.96" lane="1/3to2/3_0" slope="0.00"/>
        <vehicle id="44" x="401.65" y="686.82" angle="180.00" type="DEFAULT_VEHTYPE" speed="13.29" pos="82.07" lane="2/3to2/4_0" slope="0.00"/>
        <vehicle id="48" x="401.65" y="647.44" angle="180.00" type="DEFAULT_VEHTYPE" speed="13.39" pos="42.69" lane="2/3to2/4_0" slope="0.00"/>
        <vehicle id="5" x="328.41" y="401.65" angle="-90.00" type="DEFAULT_VEHTYPE" speed="13.59" pos="66.84" lane="2/2to1/2_0" slope="0.00"/>
        <vehicle id="7" x="201.65" y="496.98" angle="180.00" type="DEFAULT_VEHTYPE" speed="13.00" pos="92.23" lane="1/2to1/3_0" slope="0.00"/>
        <vehicle id="8" x="398.35" y="458.40" angle="0.00" type="DEFAULT_VEHTYPE" speed="13.58" pos="136.85" lane="2/3to2/2_0" slope="0.00"/>
    </timestep>
    <timestep time="396.00">
        <vehicle id="0" x="264.62" y="201.65" angle="-90.00" type="DEFAULT_VEHTYPE" speed="12.70" pos="130.63" lane="2/1to1/1_0" slope="0.00"/>
        <vehicle id="1" x="416.58" y="401.65" angle="-90.00" type="DEFAULT_VEHTYPE" speed="7.82" pos="178.67" lane="3/2to2/2_0" slope="0.00"/>
        <vehicle id="17" x="201.65" y="472.61" angle="180.00" type="DEFAULT_VEHTYPE" speed="12.88" pos="67.86" lane="1/2to1/3_0" slope="0.00"/>
        <vehicle id="18" x="205.22" y="201.65" angle="-90.00" type="DEFAULT_VEHTYPE" speed="4.27" pos="190.03" lane="2/1to1/1_0" slope="0.00"/>
        <vehicle id="21" x="398.35" y="240.49" angle="0.00" type="DEFAULT_VEHTYPE" speed="12.78" pos="154.76" lane="2/2to2/1_0" slope="0.00"/>
        <vehicle id="22" x="651.78" y="201.65" angle="-90.00" type="DEFAULT_VEHTYPE" speed="13.46" pos="148.22" lane="4/1to3/1_0" slope="0.00"/>
        <vehicle id="24" x="398.35" y="773.81" angle="0.00" type="DEFAULT_VEHTYPE" speed="13.65" pos="26.19" lane="2/4to2/3_0" slope="0.00"/>
        <vehicle id="26" x="401.65" y="799.39" angle="180.00" type="DEFAULT_VEHTYPE" speed="12.88" pos="194.64" lane="2/3to2/4_0" slope="0.00"/>
        <vehicle id="28" x="201.65" y="400.88" angle="180.00" type="DEFAULT_VEHTYPE" speed="13.19" pos="5.63" lane=":1/2_9_0" slope="0.00"/>
        <vehicle id="32" x="299.53" y="598.35" angle="90.00" type="DEFAULT_VEHTYPE" speed="12.61" pos="94.78" lane="1/3to2/3_0" slope="0.00"/>
        <vehicle id="35" x="277.32" y="401.65" angle="-90.00" type="DEFAULT_VEHTYPE" speed="13.70" pos="117.93" lane="2/2to1/2_0" slope="0.00"/>
        <vehicle id="37" x="198.35" y="179.92" angle="0.00" type="DEFAULT_VEHTYPE" speed="10.07" pos="15.33" lane="1/1to1/0_0" slope="0.00"/>
        <vehicle id="38" x="398.35" y="117.19" angle="0.00" type="DEFAULT_VEHTYPE" speed="12.83" pos="78.06" lane="2/1to2/0_0" slope="0.00"/>
        <vehicle id="41" x="245.31" y="598.35" angle="90.00" type="DEFAULT_VEHTYPE" speed="13.60" pos="40.56" lane="1/3to2/3_0" slope="0.00"/>
        <vehicle id="44" x="401.65" y="700.44" angle="180.00" type="DEFAULT_VEHTYPE" speed="13.62" pos="95.69" lane="2/3to2/4_0" slope="0.00"/>
        <vehicle id="48" x="401.65" y="660.30" angle="180.00" type="DEFAULT_VEHTYPE" speed="12.86" pos="55.55" lane="2/3to2/4_0" slope="0.00"/>
        <vehicle id="5" x="315.42" y="401.65" angle="-90.00" type="DEFAULT_VEHTYPE" speed="12.99" pos="79.83" lane="2/2to1/2_0" slope="0.00"/>
        <vehicle id="7" x="201.65" y="510.10" angle="180.00" type="DEFAULT_VEHTYPE" speed="13.11" pos="105.35" lane="1/2to1/3_0" slope="0.00"/>
        <vehicle id="8" x="398.35" y="445.30" angle="0.00" type="DEFAULT_VEHTYPE" speed="13.10" pos="149.95" lane="2/3to2/2_0" slope="0.00"/>
    </timestep>
    <timestep time="397.00">
        <vehicle id="0" x="251.92" y="201.65" angle="-90.00" type="DEFAULT_VEHTYPE" speed="12.70" pos="143.33" lane="2/1to1/1_0" slope="0.00"/>
        <vehicle id="1" x="411.84" y="401.65" angle="-90.00" type="DEFAULT_VEHTYPE" speed="4.74" pos="183.41" lane="3/2to2/2_0" slope="0.00"/>
        <vehicle id="17" x="201.65" y="485.71" angle="180.00" type="DEFAULT_VEHTYPE" speed="13.10" pos="80.96" lane="1/2to1/3_0" slope="0.00"/>
        <vehicle id="18" x="201.65" y="204.98" angle="-138.89" type="DEFAULT_VEHTYPE" speed="5.69" pos="0.23" lane="1/1to1/2_0" slope="0.00"/>
        <vehicle id="21" x="398.35" y="227.41" angle="0.00" type="DEFAULT_VEHTYPE" speed="13.08" pos="167.84" lane="2/2to2/1_0" slope="0.00"/>
        <vehicle id="22" x="638.41" y="201.65" angle="-90.00" type="DEFAULT_VEHTYPE" speed="13.37" pos="161.59" lane="4/1to3/1_0" slope="0.00"/>
        <vehicle id="24" x="398.35" y="760.94" angle="0.00" type="DEFAULT_VEHTYPE" speed="12.88" pos="39.06" lane="2/4to2/3_0" slope="0.00"/>
        <vehicle id="26" x="398.35" y="792.51" angle="0.00" type="DEFAULT_VEHTYPE" speed="12.92" pos="7.49" lane="2/4to2/3_0" slope="0.00"/>
        <vehicle id="28" x="201.65" y="414.73" angle="180.00" type="DEFAULT_VEHTYPE" speed="13.86" pos="9.98" lane="1/2to1/3_0" slope="0.00"/>
        <vehicle id="32" x="312.79" y="598.35" angle="90.00" type="DEFAULT_VEHTYPE" speed="13.26" pos="108.04" lane="1/3to2/3_0" slope="0.00"/>
        <vehicle id="35" x="264.10" y="401.65" angle="-90.00" type="DEFAULT_VEHTYPE" speed="13.22" pos="131.15" lane="2/2to1/2_0" slope="0.00"/>
        <vehicle id="37" x="198.35" y="167.73" angle="0.00" type="DEFAULT_VEHTYPE" speed="12.19" pos="27.52" lane="1/1to1/0_0" slope="0.00"/>
        <vehicle id="38" x="398.35" y="103.57" angle="0.00" type="DEFAULT_VEHTYPE" speed="13.62" pos="91.68" lane="2/1to2/0_0" slope="0.00"/>
        <vehicle id="41" x="258.97" y="598.35" angle="90.00" type="DEFAULT_VEHTYPE" speed="13.67" pos="54.22" lane="1/3to2/3_0" slope="0.00"/>
        <vehicle id="44" x="401.65" y="713.34" angle="180.00" type="DEFAULT_VEHTYPE" speed="12.90" pos="108.59" lane="2/3to2/4_0" slope="0.00"/>
        <vehicle id="48" x="401.65" y="673.06" angle="180.00" type="DEFAULT_VEHTYPE" speed="12.76" pos="68.31" lane="2/3to2/4_0" slope="0.00"/>
        <vehicle id="5" x="301.61" y="401.65" angle="-90.00" type="DEFAULT_VEHTYPE" speed="13.81" pos="93.64" lane="2/2to1/2_0" slope="0.00"/>
        <vehicle id="7" x="201.65" y="522.91" angle="180.00" type="DEFAULT_VEHTYPE" speed="12.82" pos="118.16" lane="1/2to1/3_0" slope="0.00"/>
        <vehicle id="8" x="398.35" y="431.67" angle="0.00" type="DEFAULT_VEHTYPE" speed="13.63" pos="163.58" lane="2/3to2/2_0" slope="0.00"/>
    </timestep>
    <timestep time="398.00">
        <vehicle id="0" x="239.07" y="201.65" angle="-90.00" type="DEFAULT_VEHTYPE" speed="12.85" pos="156.18" lane="2/1to1/1_0" slope="0.00"/>
        <vehicle id="1" x="409.32" y="401.65" angle="-90.00" type="DEFAULT_VEHTYPE" speed="2.53" pos="185.93" lane="3/2to2/2_0" slope="0.00"/>
        <vehicle id="17" x="201.65" y="498.68" angle="180.00" type="DEFAULT_VEHTYPE" speed="12.98" pos="93.93" lane="1/2to1/3_0" slope="0.00"/>
        <vehicle id="18" x="201.65" y="212.59" angle="180.00" type="DEFAULT_VEHTYPE" speed="7.61" pos="7.84" lane="1/1to1/2_0" slope="0.00"/>
        <vehicle id="21" x="398.35" y="214.73" angle="0.00" type="DEFAULT_VEHTYPE" speed="12.68" pos="180.52" lane="2/2to2/1_0" slope="0.00"/>
        <vehicle id="22" x="626.86" y="201.65" angle="-90.00" type="DEFAULT_VEHTYPE" speed="11.55" pos="173.14" lane="4/1to3/1_0" slope="0.00"/>
        <vehicle id="24" x="398.35" y="747.13" angle="0.00" type="DEFAULT_VEHTYPE" speed="13.80" pos="52.87" lane="2/4to2/3_0" slope="0.00"/>
        <vehicle id="26" x="398.35" y="779.86" angle="0.00" type="DEFAULT_VEHTYPE" speed="12.65" pos="20.14" lane="2/4to2/3_0" slope="0.00"/>
        <vehicle id="28" x="201.65" y="427.93" angle="180.00" type="DEFAULT_VEHTYPE" speed="13.19" pos="23.18" lane="1/2to1/3_0" slope="0.00"/>
        <vehicle id="32" x="326.15" y="598.35" angle="90.00" type="DEFAULT_VEHTYPE" speed="13.37" pos="121.40" lane="1/3to2/3_0" slope="0.00"/>
        <vehicle id="35" x="251.14" y="401.65" angle="-90.00" type="DEFAULT_VEHTYPE" speed="12.96" pos="144.11" lane="2/2to1/2_0" slope="0.00"/>
        <vehicle id="37" x="198.35" y="153.89" angle="0.00" type="DEFAULT_VEHTYPE" speed="13.84" pos="41.36" lane="1/1to1/0_0" slope="0.00"/>
        <vehicle id="38" x="398.35" y="90.67" angle="0.00" type="DEFAULT_VEHTYPE" speed="12.90" pos="104.58" lane="2/1to2/0_0" slope="0.00"/>
        <vehicle id="41" x="271.65" y="598.35" angle="90.00" type="DEFAULT_VEHTYPE" speed="12.68" pos="66.90" lane="1/3to2/3_0" slope="0.00"/>
        <vehicle id="44" x="401.65" y="726.08" angle="180.00" type="DEFAULT_VEHTYPE" speed="12.74" pos="121.33" lane="2/3to2/4_0" slope="0.00"/>
        <vehicle id="48" x="401.65" y="686.20" angle="180.00" type="DEFAULT_VEHTYPE" speed="13.14" pos="81.45" lane="2/3to2/4_0" slope="0.00"/>
        <vehicle id="5" x="288.70" y="401.65" angle="-90.00" type="DEFAULT_VEHTYPE" speed="12.91" pos="106.55" lane="2/2to1/2_0" slope="0.00"/>
        <vehicle id="7" x="201.65" y="536.37" angle="180.00" type="DEFAULT_VEHTYPE" speed="13.46" pos="131.62" lane="1/2to1/3_0" slope="0.00"/>
        <vehicle id="8" x="398.35" y="418.69" angle="0.00" type="DEFAULT_VEHTYPE" speed="12.98" pos="176.56" lane="2/3to2/2_0" slope="0.00"/>
    </timestep>
    <timestep time="399.00">
        <vehicle id="0" x="226.19" y="201.65" angle="-90.00" type="DEFAULT_VEHTYPE" speed="12.88" pos="169.06" lane="2/1to1/1_0" slope="0.00"/>
        <vehicle id="1" x="407.66" y="401.65" angle="-90.00" type="DEFAULT_VEHTYPE" speed="1.66" pos="187.59" lane="3/2to2/2_0" slope="0.00"/>
        <vehicle id="17" x="201.65" y="512.02" angle="180.00" type="DEFAULT_VEHTYPE" speed="13.34" pos="107.27" lane="1/2to1/3_0" slope="0.00"/>
        <vehicle id="18" x="201.65" y="221.63" angle="180.00" type="DEFAULT_VEHTYPE" speed="9.04" pos="16.88" lane="1/1to1/2_0" slope="0.00"/>
        <vehicle id="21" x="397.43" y="202.33" angle="-10.89" type="DEFAULT_VEHTYPE" speed="12.65" pos="2.67" lane=":2/1_0_0" slope="0.00"/>
        <vehicle id="22" x="618.12" y="201.65" angle="-90.00" type="DEFAULT_VEHTYPE" speed="8.74" pos="181.88" lane="4/1to3/1_0" slope="0.00"/>
        <vehicle id="24" x="398.35" y="733.52" angle="0.00" type="DEFAULT_VEHTYPE" speed="13.61" pos="66.48" lane="2/4to2/3_0" slope="0.00"/>
        <vehicle id="26" x="398.35" y="766.25" angle="0.00" type="DEFAULT_VEHTYPE" speed="13.61" pos="33.75" lane="2/4to2/3_0" slope="0.00"/>
        <vehicle id="28" x="201.65" y="440.90" angle="180.00" type="DEFAULT_VEHTYPE" speed="12.97" pos="36.15" lane="1/2to1/3_0" slope="0.00"/>
        <vehicle id="32" x="340.04" y="598.35" angle="90.00" type="DEFAULT_VEHTYPE" speed="13.89" pos="135.29" lane="1/3to2/3_0" slope="0.00"/>
        <vehicle id="35" x="237.83" y="401.65" angle="-90.00" type="DEFAULT_VEHTYPE" speed="13.30" pos="157.42" lane="2/2to1/2_0" slope="0.00"/>
        <vehicle id="37" x="198.35" y="140.77" angle="0.00" type="DEFAULT_VEHTYPE" speed="13.12" pos="54.48" lane="1/1to1/0_0" slope="0.00"/>
        <vehicle id="38" x="398.35" y="77.50" angle="0.00" type="DEFAULT_VEHTYPE" speed="13.18" pos="117.75" lane="2/1to2/0_0" slope="0.00"/>
        <vehicle id="41" x="284.92" y="598.35" angle="90.00" type="DEFAULT_VEHTYPE" speed="13.26" pos="80.17" lane="1/3to2/3_0" slope="0.00"/>
        <vehicle id="44" x="401.65" y="739.76" angle="180.00" type="DEFAULT_VEHTYPE" speed="13.68" pos="135.01" lane="2/3to2/4_0" slope="0.00"/>
        <vehicle id="48" x="401.65" y="698.91" angle="180.00" type="DEFAULT_VEHTYPE" speed="12.71" pos="94.16" lane="2/3to2/4_0" slope="0.00"/>
        <vehicle id="5" x="275.98" y="401.65" angle="-90.00" type="DEFAULT_VEHTYPE" speed="12.72" pos="119.27" lane="2/2to1/2_0" slope="0.00"/>
        <vehicle id="7" x="201.65" y="550.26" angle="180.00" type="DEFAULT_VEHTYPE" speed="13.89" pos="145.51" lane="1/2to1/3_0" slope="0.00"/>
        <vehicle id="8" x="398.35" y="406.07" angle="0.00" type="DEFAULT_VEHTYPE" speed="12.62" pos="189.18" lane="2/3to2/2_0" slope="0.00"/>
    </timestep>
    <timestep time="400.00">
        <vehicle id="0" x="217.81" y="201.65" angle="-90.00" type="DEFAULT_VEHTYPE" speed="8.38" pos="177.44" lane="2/1to1/1_0" slope="0.00"/>
        <vehicle id="1" x="407.39" y="401.65" angle="-90.00" type="DEFAULT_VEHTYPE" speed="0.27" pos="187.86" lane="3/2to2/2_0" slope="0.00"/>
        <vehicle id="17" x="201.65" y="525.64" angle="180.00" type="DEFAULT_VEHTYPE" speed="13.62" pos="120.89" lane="1/2to1/3_0" slope="0.00"/>
        <vehicle id="18" x="201.65" y="232.53" angle="180.00" type="DEFAULT_VEHTYPE" speed="10.90" pos="27.78" lane="1/1to1/2_0" slope="0.00"/>
        <vehicle id="21" x="384.21" y="201.65" angle="-90.00" type="DEFAULT_VEHTYPE" speed="13.37" pos="11.04" lane="2/1to1/1_0" slope="0.00"/>
        <vehicle id="22" x="612.45" y="201.65" angle="-90.00" type="DEFAULT_VEHTYPE" speed="5.67" pos="187.55" lane="4/1to3/1_0" slope="0.00"/>
        <vehicle id="24" x="398.35" y="720.25" angle="0.00" type="DEFAULT_VEHTYPE" speed="13.27" pos="79.75" lane="2/4to2/3_0" slope="0.00"/>
        <vehicle id="26" x="398.35" y="752.62" angle="0.00" type="DEFAULT_VEHTYPE" speed="13.63" pos="47.38" lane="2/4to2/3_0" slope="0.00"/>
        <vehicle id="28" x="201.65" y="454.28" angle="180.00" type="DEFAULT_VEHTYPE" speed="13.39" pos="49.53" lane="1/2to1/3_0" slope="0.00"/>
        <vehicle id="32" x="353.75" y="598.35" angle="90.00" type="DEFAULT_VEHTYPE" speed="13.71" pos="149.00" lane="1/3to2/3_0" slope="0.00"/>
        <vehicle id="35" x="225.27" y="401.65" angle="-90.00" type="DEFAULT_VEHTYPE" speed="12.56" pos="169.98" lane="2/2to1/2_0" slope="0.00"/>
        <vehicle id="37" x="198.35" y="127.64" angle="0.00" type="DEFAULT_VEHTYPE" speed="13.12" pos="67.61" lane="1/1to1/0_0" slope="0.00"/>
        <vehicle id="38" x="398.35" y="64.57" angle="0.00" type="DEFAULT_VEHTYPE" speed="12.92" pos="130.68" lane="2/1to2/0_0" slope="0.00"/>
        <vehicle id="41" x="298.39" y="598.35" angle="90.00" type="DEFAULT_VEHTYPE" speed="13.47" pos="93.64" lane="1/3to2/3_0" slope="0.00"/>
        <vehicle id="44" x="401.65" y="752.53" angle="180.00" type="DEFAULT_VEHTYPE" speed="12.76" pos="147.78" lane="2/3to2/4_0" slope="0.00"/>
        <vehicle id="48" x="401.65" y="712.12" angle="180.00" type="DEFAULT_VEHTYPE" speed="13.22" pos="107.37" lane="2/3to2/4_0" slope="0.00"/>
        <vehicle id="5" x="262.49" y="401.65" angle="-90.00" type="DEFAULT_VEHTYPE" speed="13.49" pos="132.76" lane="2/2to1/2_0" slope="0.00"/>
        <vehicle id="7" x="201.65" y="563.11" angle="180.00" type="DEFAULT_VEHTYPE" speed="12.85" pos="158.36" lane="1/2to1/3_0" slope="0.00"/>
        <vehicle id="8" x="398.35" y="392.18" angle="0.00" type="DEFAULT_VEHTYPE" speed="13.89" pos="3.07" lane="2/2to2/1_0" slope="0.00"/>
    </timestep>
    <timestep time="401.00">
        <vehicle id="0" x="211.73" y="201.65" angle="-90.00" type="DEFAULT_VEHTYPE" speed="6.08" pos="183.52" lane="2/1to1/1_0" slope="0.00"/>
        <vehicle id="1" x="407.27" y="401.65" angle="-90.00" type="DEFAULT_VEHTYPE" speed="0.12" pos="187.98" lane="3/2to2/2_0" slope="0.00"/>
        <vehicle id="17" x="201.65" y="539.43" angle="180.00" type="DEFAULT_VEHTYPE" speed="13.79" pos="134.68" lane="1/2to1/3_0" slope="0.00"/>
        <vehicle id="18" x="201.65" y="245.12" angle="180.00" type="DEFAULT_VEHTYPE" speed="12.60" pos="40.37" lane="1/1to1/2_0" slope="0.00"/>
        <vehicle id="21" x="371.37" y="201.65" angle="-90.00" type="DEFAULT_VEHTYPE" speed="12.84" pos="23.88" lane="2/1to1/1_0" slope="0.00"/>
        <vehicle id="22" x="609.79" y="201.65" angle="-90.00" type="DEFAULT_VEHTYPE" speed="2.66" pos="190.21" lane="4/1to3/1_0" slope="0.00"/>
        <vehicle id="24" x="398.35" y="706.40" angle="0.00" type="DEFAULT_VEHTYPE" speed="13.85" pos="93.60" lane="2/4to2/3_0" slope="0.00"/>
        <vehicle id="26" x="398.35" y="740.01" angle="0.00" type="DEFAULT_VEHTYPE" speed="12.61" pos="59.99" lane="2/4to2/3_0" slope="0.00"/>
        <vehicle id="28" x="201.65" y="467.48" angle="180.00" type="DEFAULT_VEHTYPE" speed="13.19" pos="62.73" lane="1/2to1/3_0" slope="0.00"/>
        <vehicle id="32" x="367.27" y="598.35" angle="90.00" type="DEFAULT_VEHTYPE" speed="13.52" pos="162.52" lane="1/3to2/3_0" slope="0.00"/>
        <vehicle id="35" x="217.21" y="401.65" angle="-90.00" type="DEFAULT_VEHTYPE" speed="8.06" pos="178.04" lane="2/2to1/2_0" slope="0.00"/>
        <vehicle id="37" x="198.35" y="114.94" angle="0.00" type="DEFAULT_VEHTYPE" speed="12.70" pos="80.31" lane="1/1to1/0_0" slope="0.00"/>
        <vehicle id="38" x="398.35" y="50.89" angle="0.00" type="DEFAULT_VEHTYPE" speed="13.68" pos="144.36" lane="2/1to2/0_0" slope="0.00"/>
        <vehicle id="41" x="311.26" y="598.35" angle="90.00" type="DEFAULT_VEHTYPE" speed="12.87" pos="106.51" lane="1/3to2/3_0" slope="0.00"/>
        <vehicle id="44" x="401.65" y="765.50" angle="180.00" type="DEFAULT_VEHTYPE" speed="12.97" pos="160.75" lane="2/3to2/4_0" slope="0.00"/>
        <vehicle id="48" x="401.65" y="725.31" angle="180.00" type="DEFAULT_VEHTYPE" speed="13.19" pos="120.56" lane="2/3to2/4_0" slope="0.00"/>
        <vehicle id="5" x="249.65" y="401.65" angle="-90.00" type="DEFAULT_VEHTYPE" speed="12.84" pos="145.60" lane="2/2to1/2_0" slope="0.00"/>
        <vehicle id="7" x="201.65" y="576.11" angle="180.00" type="DEFAULT_VEHTYPE" speed="13.00" pos="171.36" lane="1/2to1/3_0" slope="0.00"/>
        <vehicle id="8" x="398.35" y="379.22" angle="0.00" type="DEFAULT_VEHTYPE" speed="12.96" pos="16.03" lane="2/2to2/1_0" slope="0.00"/>
    </timestep>
    <timestep time="402.00">
        <vehicle id="0" x="203.67" y="201.80" angle="-91.74" type="DEFAULT_VEHTYPE" speed="8.07" pos="1.09" lane=":1/1_4_0" slope="0.00"/>
        <vehicle id="1" x="405.10" y="401.65" angle="-90.00" type="DEFAULT_VEHTYPE" speed="2.17" pos="190.15" lane="3/2to2/2_0" slope="0.00"/>
        <vehicle id="17" x="201.65" y="553.11" angle="180.00" type="DEFAULT_VEHTYPE" speed="13.68" pos="148.36" lane="1/2to1/3_0" slope="0.00"/>
        <vehicle id="18" x="201.65" y="258.49" angle="180.00" type="DEFAULT_VEHTYPE" speed="13.37" pos="53.74" lane="1/1to1/2_0" slope="0.00"/>
        <vehicle id="21" x="358.74" y="201.65" angle="-90.00" type="DEFAULT_VEHTYPE" speed="12.63" pos="36.51" lane="2/1to1/1_0" slope="0.00"/>
        <vehicle id="22" x="605.35" y="201.65" angle="-90.00" type="DEFAULT_VEHTYPE" speed="4.45" pos="194.65" lane="4/1to3/1_0" slope="0.00"/>
        <vehicle id="24" x="398.35" y="692.61" angle="0.00" type="DEFAULT_VEHTYPE" speed="13.79" pos="107.39" lane="2/4to2/3_0" slope="0.00"/>
        <vehicle id="26" x="398.35" y="726.80" angle="0.00" type="DEFAULT_VEHTYPE" speed="13.21" pos="73.20" lane="2/4to2/3_0" slope="0.00"/>
        <vehicle id="28" x="201.65" y="481.23" angle="180.00" type="DEFAULT_VEHTYPE" speed="13.75" pos="76.48" lane="1/2to1/3_0" slope="0.00"/>
        <vehicle id="32" x="378.23" y="598.35" angle="90.00" type="DEFAULT_VEHTYPE" speed="10.96" pos="173.48" lane="1/3to2/3_0" slope="0.00"/>
        <vehicle id="35" x="212.39" y="401.65" angle="-90.00" type="DEFAULT_VEHTYPE" speed="4.82" pos="182.86" lane="2/2to1/2_0" slope="0.00"/>
        <vehicle id="37" x="198.35" y="101.53" angle="0.00" type="DEFAULT_VEHTYPE" speed="13.42" pos="93.72" lane="1/1to1/0_0" slope="0.00"/>
        <vehicle id="38" x="398.35" y="38.24" angle="0.00" type="DEFAULT_VEHTYPE" speed="12.65" pos="157.01" lane="2/1to2/0_0" slope="0.00"/>
        <vehicle id="41" x="324.63" y="598.35" angle="90.00" type="DEFAULT_VEHTYPE" speed="13.36" pos="119.88" lane="1/3to2/3_0" slope="0.00"/>
        <vehicle id="44" x="401.65" y="779.10" angle="180.00" type="DEFAULT_VEHTYPE" speed="13.60" pos="174.35" lane="2/3to2/4_0" slope="0.00"/>
        <vehicle id="48" x="401.65" y="738.22" angle="180.00" type="DEFAULT_VEHTYPE" speed="12.92" pos="133.47" lane="2/3to2/4_0" slope="0.00"/>
        <vehicle id="5" x="236.31" y="401.65" angle="-90.00" type="DEFAULT_VEHTYPE" speed="13.34" pos="158.94" lane="2/2to1/2_0" slope="0.00"/>
        <vehicle id="7" x="201.65" y="589.30" angle="180.00" type="DEFAULT_VEHTYPE" speed="13.19" pos="184.55" lane="1/2to1/3_0" slope="0.00"/>
        <vehicle id="8" x="398.35" y="366.16" angle="0.00" type="DEFAULT_VEHTYPE" speed="13.06" pos="29.09" lane="2/2to2/1_0" slope="0.00"/>
    </timestep>
    <timestep time="403.00">
        <vehicle id="0" x="201.65" y="210.84" angle="180.00" type="DEFAULT_VEHTYPE" speed="9.99" pos="6.09" lane="1/1to1/2_0" slope="0.00"/>
        <vehicle id="1" x="401.38" y="400.91" angle="-81.38" type="DEFAULT_VEHTYPE" speed="3.84" pos="3.49" lane=":2/2_6_0" slope="0.00"/>
        <vehicle id="17" x="201.65" y="566.12" angle="180.00" type="DEFAULT_VEHTYPE" speed="13.00" pos="161.37" lane="1/2to1/3_0" slope="0.00"/>
        <vehicle id="18" x="201.65" y="271.60" angle="180.00" type="DEFAULT_VEHTYPE" speed="13.11" pos="66.85" lane="1/1to1/2_0" slope="0.00"/>
        <vehicle id="21" x="345.91" y="201.65" angle="-90.00" type="DEFAULT_VEHTYPE" speed="12.83" pos="49.34" lane="2/1to1/1_0" slope="0.00"/>
        <vehicle id="22" x="601.65" y="205.66" angle="-150.44" type="DEFAULT_VEHTYPE" speed="6.50" pos="0.91" lane="3/1to3/2_0" slope="0.00"/>
        <vehicle id="24" x="398.35" y="679.71" angle="0.00" type="DEFAULT_VEHTYPE" speed="12.89" pos="120.29" lane="2/4to2/3_0" slope="0.00"/>
        <vehicle id="26" x="398.35" y="713.65" angle="0.00" type="DEFAULT_VEHTYPE" speed="13.15" pos="86.35" lane="2/4to2/3_0" slope="0.00"/>
        <vehicle id="28" x="201.65" y="494.62" angle="180.00" type="DEFAULT_VEHTYPE" speed="13.39" pos="89.87" lane="1/2to1/3_0" slope="0.00"/>
        <vehicle id="32" x="384.81" y="598.35" angle="90.00" type="DEFAULT_VEHTYPE" speed="6.58" pos="180.06" lane="1/3to2/3_0" slope="0.00"/>
        <vehicle id="35" x="210.01" y="401.65" angle="-90.00" type="DEFAULT_VEHTYPE" speed="2.38" pos="185.24" lane="2/2to1/2_0" slope="0.00"/>
        <vehicle id="37" x="198.35" y="88.28" angle="0.00" type="DEFAULT_VEHTYPE" speed="13.25" pos="106.97" lane="1/1to1/0_0" slope="0.00"/>
        <vehicle id="38" x="398.35" y="25.63" angle="0.00" type="DEFAULT_VEHTYPE" speed="12.61" pos="169.62" lane="2/1to2/0_0" slope="0.00"/>
        <vehicle id="41" x="337.36" y="598.35" angle="90.00" type="DEFAULT_VEHTYPE" speed="12.73" pos="132.61" lane="1/3to2/3_0" slope="0.00"/>
        <vehicle id="44" x="401.65" y="792.26" angle="180.00" type="DEFAULT_VEHTYPE" speed="13.16" pos="187.51" lane="2/3to2/4_0" slope="0.00"/>
        <vehicle id="48" x="401.65" y="751.10" angle="180.00" type="DEFAULT_VEHTYPE" speed="12.87" pos="146.35" lane="2/3to2/4_0" slope="0.00"/>
        <vehicle id="5" x="227.22" y="401.65" angle="-90.00" type="DEFAULT_VEHTYPE" speed="9.10" pos="168.03" lane="2/2to1/2_0" slope="0.00"/>
        <vehicle id="7" x="207.35" y="598.35" angle="98.51" type="DEFAULT_VEHTYPE" speed="13.55" pos="2.60" lane="1/3to2/3_0" slope="0.00"/>
        <vehicle id="8" x="398.35" y="352.38" angle="0.00" type="DEFAULT_VEHTYPE" speed="13.78" pos="42.87" lane="2/2to2/1_0" slope="0.00"/>
    </timestep>
    <timestep time="404.00">
        <vehicle id="0" x="201.65" y="223.43" angle="180.00" type="DEFAULT_VEHTYPE" speed="12.59" pos="18.68" lane="1/1to1/2_0" slope="0.00"/>
        <vehicle id="1" x="398.41" y="395.64" angle="-21.12" type="DEFAULT_VEHTYPE" speed="6.43" pos="9.92" lane=":2/2_6_0" slope="0.00"/>
        <vehicle id="17" x="201.65" y="578.98" angle="180.00" type="DEFAULT_VEHTYPE" speed="12.86" pos="174.23" lane="1/2to1/3_0" slope="0.00"/>
        <vehicle id="18" x="201.65" y="284.92" angle="180.00" type="DEFAULT_VEHTYPE" speed="13.32" pos="80.17" lane="1/1to1/2_0" slope="0.00"/>
        <vehicle id="21" x="333.23" y="201.65" angle="-90.00" type="DEFAULT_VEHTYPE" speed="12.69" pos="62.02" lane="2/1to1/1_0" slope="0.00"/>
        <vehicle id="22" x="601.65" y="213.69" angle="180.00" type="DEFAULT_VEHTYPE" speed="8.04" pos="8.94" lane="3/1to3/2_0" slope="0.00"/>
        <vehicle id="24" x="398.35" y="667.06" angle="0.00" type="DEFAULT_VEHTYPE" speed="12.65" pos="132.94" lane="2/4to2/3_0" slope="0.00"/>
        <vehicle id="26" x="398.35" y="701.05" angle="0.00" type="DEFAULT_VEHTYPE" speed="12.60" pos="98.95" lane="2/4to2/3_0" slope="0.00"/>
        <vehicle id="28" x="201.65" y="507.75" angle="180.00" type="DEFAULT_VEHTYPE" speed="13.13" pos="103.00" lane="1/2to1/3_0" slope="0.00"/>
        <vehicle id="32" x="389.40" y="598.35" angle="90.00" type="DEFAULT_VEHTYPE" speed="4.59" pos="184.65" lane="1/3to2/3_0" slope="0.00"/>
        <vehicle id="35" x="205.09" y="401.65" angle="-90.00" type="DEFAULT_VEHTYPE" speed="4.92" pos="190.16" lane="2/2to1/2_0" slope="0.00"/>
        <vehicle id="37" x="198.35" y="75.44" angle="0.00" type="DEFAULT_VEHTYPE" speed="12.84" pos="119.81" lane="1/1to1/0_0" slope="0.00"/>
        <vehicle id="38" x="398.35" y="12.07" angle="0.00" type="DEFAULT_VEHTYPE" speed="13.56" pos="183.18" lane="2/1to2/0_0" slope="0.00"/>
        <vehicle id="41" x="350.13" y="598.35" angle="90.00" type="DEFAULT_VEHTYPE" speed="12.77" pos="145.38" lane="1/3to2/3_0" slope="0.00"/>
        <vehicle id="44" x="398.35" y="799.58" angle="-78.79" type="DEFAULT_VEHTYPE" speed="12.98" pos="0.42" lane="2/4to2/3_0" slope="0.00"/>
        <vehicle id="48" x="401.65" y="763.77" angle="180.00" type="DEFAULT_VEHTYPE" speed="12.68" pos="159.02" lane="2/3to2/4_0" slope="0.00"/>
        <vehicle id="5" x="221.53" y="401.65" angle="-90.00" type="DEFAULT_VEHTYPE" speed="5.69" pos="173.72" lane="2/2to1/2_0" slope="0.00"/>
        <vehicle id="7" x="220.88" y="598.35" angle="90.00" type="DEFAULT_VEHTYPE" speed="13.54" pos="16.13" lane="1/3to2/3_0" slope="0.00"/>
        <vehicle id="8" x="398.35" y="339.14" angle="0.00" type="DEFAULT_VEHTYPE" speed="13.25" pos="56.11" lane="2/2to2/1_0" slope="0.00"/>
    </timestep>
    <timestep time="405.00">
        <vehicle id="0" x="201.65" y="236.45" angle="180.00" type="DEFAULT_VEHTYPE" speed="13.02" pos="31.70" lane="1/1to1/2_0" slope="0.00"/>
        <vehicle id="1" x="398.35" y="387.37" angle="0.00" type="DEFAULT_VEHTYPE" speed="8.28" pos="7.88" lane="2/2to2/1_0" slope="0.00"/>
        <vehicle id="17" x="201.65" y="592.07" angle="180.00" type="DEFAULT_VEHTYPE" speed="13.10" pos="187.32" lane="1/2to1/3_0" slope="0.00"/>
        <vehicle id="18" x="201.65" y="297.66" angle="180.00" type="DEFAULT_VEHTYPE" speed="12.75" pos="92.91" lane="1/1to1/2_0" slope="0.00"/>
        <vehicle id="21" x="320.33" y="201.65" angle="-90.00" type="DEFAULT_VEHTYPE" speed="12.90" pos="74.92" lane="2/1to1/1_0" slope="0.00"/>
        <vehicle id="22" x="601.65" y="223.35" angle="180.00" type="DEFAULT_VEHTYPE" speed="9.65" pos="18.60" lane="3/1to3/2_0" slope="0.00"/>
        <vehicle id="24" x="398.35" y="653.86" angle="0.00" type="DEFAULT_VEHTYPE" speed="13.20" pos="146.14" lane="2/4to2/3_0" slope="0.00"/>
        <vehicle id="26" x="398.35" y="687.68" angle="0.00" type="DEFAULT_VEHTYPE" speed="13.38" pos="112.32" lane="2/4to2/3_0" slope="0.00"/>
        <vehicle id="28" x="201.65" y="520.38" angle="180.00" type="DEFAULT_VEHTYPE" speed="12.62" pos="115.63" lane="1/2to1/3_0" slope="0.00"/>
        <vehicle id="32" x="395.60" y="598.40" angle="90.57" type="DEFAULT_VEHTYPE" speed="6.20" pos="0.35" lane=":2/3_14_0" slope="0.00"/>
        <vehicle id="35" x="197.83" y="401.65" angle="-90.00" type="DEFAULT_VEHTYPE" speed="7.26" pos="6.92" lane=":1/2_5_0" slope="0.00"/>
        <vehicle id="37" x="198.35" y="61.82" angle="0.00" type="DEFAULT_VEHTYPE" speed="13.62" pos="133.43" lane="1/1to1/0_0" slope="0.00"/>
        <vehicle id="38" x="398.89" y="-0.81" angle="6.35" type="DEFAULT_VEHTYPE" speed="13.04" pos="0.98" lane=":2/0_0_0" slope="0.00"/>
        <vehicle id="41" x="363.15" y="598.35" angle="90.00" type="DEFAULT_VEHTYPE" speed="13.02" pos="158.40" lane="1/3to2/3_0" slope="0.00"/>
        <vehicle id="44" x="398.35" y="786.47" angle="0.00" type="DEFAULT_VEHTYPE" speed="13.11" pos="13.53" lane="2/4to2/3_0" slope="0.00"/>
        <vehicle id="48" x="401.65" y="777.11" angle="180.00" type="DEFAULT_VEHTYPE" speed="13.33" pos="172.36" lane="2/3to2/4_0" slope="0.00"/>
        <vehicle id="5" x="214.91" y="401.65" angle="-90.00" type="DEFAULT_VEHTYPE" speed="6.62" pos="180.34" lane="2/2to1/2_0" slope="0.00"/>
        <vehicle id="7" x="234.68" y="598.35" angle="90.00" type="DEFAULT_VEHTYPE" speed="13.80" pos="29.93" lane="1/3to2/3_0" slope="0.00"/>
        <vehicle id="8" x="398.35" y="325.95" angle="0.00" type="DEFAULT_VEHTYPE" speed="13.18" pos="69.30" lane="2/2to2/1_0" slope="0.00"/>
    </timestep>
    <timestep time="406.00">
        <vehicle id="0" x="201.65" y="249.46" angle="180.00" type="DEFAULT_VEHTYPE" speed="13.01" pos="44.71" lane="1/1to1/2_0" slope="0.00"/>
        <vehicle id="1" x="398.35" y="377.15" angle="0.00" type="DEFAULT_VEHTYPE" speed="10.22" pos="18.10" lane="2/2to2/1_0" slope="0.00"/>
        <vehicle id="17" x="210.11" y="598.35" angle="90.00" type="DEFAULT_VEHTYPE" speed="13.53" pos="5.36" lane="1/3to2/3_0" slope="0.00"/>
        <vehicle id="18" x="201.65" y="310.68" angle="180.00" type="DEFAULT_VEHTYPE" speed="13.01" pos="105.93" lane="1/1to1/2_0" slope="0.00"/>
        <vehicle id="21" x="306.77" y="201.65" angle="-90.00" type="DEFAULT_VEHTYPE" speed="13.56" pos="88.48" lane="2/1to1/1_0" slope="0.00"/>
        <vehicle id="22" x="601.65" y="234.70" angle="180.00" type="DEFAULT_VEHTYPE" speed="11.35" pos="29.95" lane="3/1to3/2_0" slope="0.00"/>
        <vehicle id="24" x="398.35" y="641.21" angle="0.00" type="DEFAULT_VEHTYPE" speed="12.65" pos="158.79" lane="2/4to2/3_0" slope="0.00"/>
        <vehicle id="26" x="398.35" y="674.05" angle="0.00" type="DEFAULT_VEHTYPE" speed="13.63" pos="125.95" lane="2/4to2/3_0" slope="0.00"/>
        <vehicle id="28" x="201.65" y="534.03" angle="180.00" type="DEFAULT_VEHTYPE" speed="13.65" pos="129.28" lane="1/2to1/3_0" slope="0.00"/>
        <vehicle id="32" x="401.41" y="603.04" angle="145.30" type="DEFAULT_VEHTYPE" speed="8.25" pos="8.60" lane=":2/3_14_0" slope="0.00"/>
        <vehicle id="35" x="188.17" y="401.65" angle="-90.00" type="DEFAULT_VEHTYPE" speed="9.66" pos="7.08" lane="1/2to0/2_0" slope="0.00"/>
        <vehicle id="37" x="198.35" y="48.90" angle="0.00" type="DEFAULT_VEHTYPE" speed="12.92" pos="146.35" lane="1/1to1/0_0" slope="0.00"/>
        <vehicle id="38" x="401.65" y="9.42" angle="180.00" type="DEFAULT_VEHTYPE" speed="13.26" pos="9.42" lane="2/0to2/1_0" slope="0.00"/>
        <vehicle id="41" x="374.62" y="598.35" angle="90.00" type="DEFAULT_VEHTYPE" speed="11.47" pos="169.87" lane="1/3to2/3_0" slope="0.00"/>
        <vehicle id="44" x="398.35" y="772.81" angle="0.00" type="DEFAULT_VEHTYPE" speed="13.66" pos="27.19" lane="2/4to2/3_0" slope="0.00"/>
        <vehicle id="48" x="401.65" y="790.11" angle="180.00" type="DEFAULT_VEHTYPE" speed="13.00" pos="185.36" lane="2/3to2/4_0" slope="0.00"/>
        <vehicle id="5" x="210.33" y="401.65" angle="-90.00" type="DEFAULT_VEHTYPE" speed="4.58" pos="184.92" lane="2/2to1/2_0" slope="0.00"/>
        <vehicle id="7" x="247.90" y="598.35" angle="90.00" type="DEFAULT_VEHTYPE" speed="13.22" pos="43.15" lane="1/3to2/3_0" slope="0.00"/>
        <vehicle id="8" x="398.35" y="312.77" angle="0.00" type="DEFAULT_VEHTYPE" speed="13.18" pos="82.48" lane="2/2to2/1_0" slope="0.00"/>
    </timestep>
    <timestep time="407.00">
        <vehicle id="0" x="201.65" y="262.48" angle="180.00" type="DEFAULT_VEHTYPE" speed="13.01" pos="57.73" lane="1/1to1/2_0" slope="0.00"/>
        <vehicle id="1" x="398.35" y="365.08" angle="0.00" type="DEFAULT_VEHTYPE" speed="12.07" pos="30.17" lane="2/2to2/1_0" slope="0.00"/>
        <vehicle id="17" x="223.70" y="598.35" angle="90.00" type="DEFAULT_VEHTYPE" speed="13.60" pos="18.95" lane="1/3to2/3_0" slope="0.00"/>
        <vehicle id="18" x="201.65" y="323.64" angle="180.00" type="DEFAULT_VEHTYPE" speed="12.96" pos="118.89" lane="1/1to1/2_0" slope="0.00"/>
        <vehicle id="21" x="293.04" y="201.65" angle="-90.00" type="DEFAULT_VEHTYPE" speed="13.73" pos="102.21" lane="2/1to1/1_0" slope="0.00"/>
        <vehicle id="22" x="601.65" y="247.95" angle="180.00" type="DEFAULT_VEHTYPE" speed="13.25" pos="43.20" lane="3/1to3/2_0" slope="0.00"/>
        <vehicle id="24" x="398.35" y="627.53" angle="0.00" type="DEFAULT_VEHTYPE" speed="13.69" pos="172.47" lane="2/4to2/3_0" slope="0.00"/>
        <vehicle id="26" x="398.35" y="660.66" angle="0.00" type="DEFAULT_VEHTYPE" speed="13.39" pos="139.34" lane="2/4to2/3_0" slope="0.00"/>
        <vehicle id="28" x="201.65" y="547.21" angle="180.00" type="DEFAULT_VEHTYPE" speed="13.18" pos="142.46" lane="1/2to1/3_0" slope="0.00"/>
        <vehicle id="32" x="401.65" y="613.50" angle="180.00" type="DEFAULT_VEHTYPE" speed="10.48" pos="8.75" lane="2/3to2/4_0" slope="0.00"/>
        <vehicle id="35" x="176.25" y="401.65" angle="-90.00" type="DEFAULT_VEHTYPE" speed="11.91" pos="19.00" lane="1/2to0/2_0" slope="0.00"/>
        <vehicle id="37" x="198.35" y="36.03" angle="0.00" type="DEFAULT_VEHTYPE" speed="12.87" pos="159.22" lane="1/1to1/0_0" slope="0.00"/>
        <vehicle id="38" x="401.65" y="22.89" angle="180.00" type="DEFAULT_VEHTYPE" speed="13.48" pos="22.89" lane="2/0to2/1_0" slope="0.00"/>
        <vehicle id="41" x="383.53" y="598.35" angle="90.00" type="DEFAULT_VEHTYPE" speed="8.91" pos="178.78" lane="1/3to2/3_0" slope="0.00"/>
        <vehicle id="44" x="398.35" y="759.11" angle="0.00" type="DEFAULT_VEHTYPE" speed="13.69" pos="40.89" lane="2/4to2/3_0" slope="0.00"/>
        <vehicle id="48" x="399.72" y="801.51" angle="-153.10" type="DEFAULT_VEHTYPE" speed="12.61" pos="2.72" lane=":2/4_0_0" slope="0.00"/>
        <vehicle id="5" x="204.37" y="401.65" angle="-90.00" type="DEFAULT_VEHTYPE" speed="5.96" pos="0.38" lane=":1/2_5_0" slope="0.00"/>
        <vehicle id="7" x="261.27" y="598.35" angle="90.00" type="DEFAULT_VEHTYPE" speed="13.37" pos="56.52" lane="1/3to2/3_0" slope="0.00"/>
        <vehicle id="8" x="398.35" y="299.82" angle="0.00" type="DEFAULT_VEHTYPE" speed="12.95" pos="95.43" lane="2/2to2/1_0" slope="0.00"/>
    </timestep>
    <timestep time="408.00">
        <vehicle id="0" x="201.65" y="276.11" angle="180.00" type="DEFAULT_VEHTYPE" speed="13.64" pos="71.36" lane="1/1to1/2_0" slope="0.00"/>
        <vehicle id="1" x="398.35" y="351.42" angle="0.00" type="DEFAULT_VEHTYPE" speed="13.66" pos="43.83" lane="2/2to2/1_0" slope="0.00"/>
        <vehicle id="17" x="236.40" y="598.35" angle="90.00" type="DEFAULT_VEHTYPE" speed="12.70" pos="31.65" lane="1/3to2/3_0" slope="0.00"/>
        <vehicle id="18" x="201.65" y="336.45" angle="180.00" type="DEFAULT_VEHTYPE" speed="12.81" pos="131.70" lane="1/1to1/2_0" slope="0.00"/>
        <vehicle id="21" x="280.22" y="201.65" angle="-90.00" type="DEFAULT_VEHTYPE" speed="12.83" pos="115.03" lane="2/1to1/1_0" slope="0.00"/>
        <vehicle id="22" x="601.65" y="260.93" angle="180.00" type="DEFAULT_VEHTYPE" speed="12.98" pos="56.18" lane="3/1to3/2_0" slope="0.00"/>
        <vehicle id="24" x="398.35" y="614.01" angle="0.00" type="DEFAULT_VEHTYPE" speed="13.52" pos="185.99" lane="2/4to2/3_0" slope="0.00"/>
        <vehicle id="26" x="398.35" y="647.78" angle="0.00" type="DEFAULT_VEHTYPE" speed="12.88" pos="152.22" lane="2/4to2/3_0" slope="0.00"/>
        <vehicle id="28" x="201.65" y="560.25" angle="180.00" type="DEFAULT_VEHTYPE" speed="13.04" pos="155.50" lane="1/2to1/3_0" slope="0.00"/>
        <vehicle id="32" x="401.65" y="626.04" angle="180.00" type="DEFAULT_VEHTYPE" speed="12.54" pos="21.29" lane="2/3to2/4_0" slope="0.00"/>
        <vehicle id="35" x="163.32" y="401.65" angle="-90.00" type="DEFAULT_VEHTYPE" speed="12.93" pos="31.93" lane="1/2to0/2_0" slope="0.00"/>
        <vehicle id="37" x="198.35" y="23.13" angle="0.00" type="DEFAULT_VEHTYPE" speed="12.90" pos="172.12" lane="1/1to1/0_0" slope="0.00"/>
        <vehicle id="38" x="401.65" y="36.66" angle="180.00" type="DEFAULT_VEHTYPE" speed="13.77" pos="36.66" lane="2/0to2/1_0" slope="0.00"/>
        <vehicle id="41" x="388.85" y="598.35" angle="90.00" type="DEFAULT_VEHTYPE" speed="5.32" pos="184.10" lane="1/3to2/3_0" slope="0.00"/>
        <vehicle id="44" x="398.35" y="746.09" angle="0.00" type="DEFAULT_VEHTYPE" speed="13.02" pos="53.91" lane="2/4to2/3_0" slope="0.00"/>
        <vehicle id="48" x="398.35" y="789.42" angle="0.00" type="DEFAULT_VEHTYPE" speed="12.68" pos="10.58" lane="2/4to2/3_0" slope="0.00"/>
        <vehicle id="5" x="196.05" y="401.65" angle="-90.00" type="DEFAULT_VEHTYPE" speed="8.32" pos="8.70" lane=":1/2_5_0" slope="0.00"/>
        <vehicle id="7" x="274.65" y="598.35" angle="90.00" type="DEFAULT_VEHTYPE" speed="13.38" pos="69.90" lane="1/3to2/3_0" slope="0.00"/>
        <vehicle id="8" x="398.35" y="286.22" angle="0.00" type="DEFAULT_VEHTYPE" speed="13.61" pos="109.03" lane="2/2to2/1_0" slope="0.00"/>
    </timestep>
    <timestep time="409.00">
        <vehicle id="0" x="201.65" y="289.42" angle="180.00" type="DEFAULT_VEHTYPE" speed="13.30" pos="84.67" lane="1/1to1/2_0" slope="0.00"/>
        <vehicle id="1" x="398.35" y="338.80" angle="0.00" type="DEFAULT_VEHTYPE" speed="12.61" pos="56.45" lane="2/2to2/1_0" slope="0.00"/>
        <vehicle id="17" x="249.92" y="598.35" angle="90.00" type="DEFAULT_VEHTYPE" speed="13.52" pos="45.17" lane="1/3to2/3_0" slope="0.00"/>
        <vehicle id="18" x="201.65" y="349.35" angle="180.00" type="DEFAULT_VEHTYPE" speed="12.90" pos="144.60" lane="1/1to1/2_0" slope="0.00"/>
        <vehicle id="21" x="266.49" y="201.65" angle="-90.00" type="DEFAULT_VEHTYPE" speed="13.72" pos="128.76" lane="2/1to1/1_0" slope="0.00"/>
        <vehicle id="22" x="601.65" y="274.66" angle="180.00" type="DEFAULT_VEHTYPE" speed="13.73" pos="69.91" lane="3/1to3/2_0" slope="0.00"/>
        <vehicle id="24" x="398.35" y="600.56" angle="0.00" type="DEFAULT_VEHTYPE" speed="13.45" pos="4.19" lane=":2/3_1_0" slope="0.00"/>
        <vehicle id="26" x="398.35" y="634.28" angle="0.00" type="DEFAULT_VEHTYPE" speed="13.50" pos="165.72" lane="2/4to2/3_0" slope="0.00"/>
        <vehicle id="28" x="201.65" y="573.71" angle="180.00" type="DEFAULT_VEHTYPE" speed="13.46" pos="168.96" lane="1/2to1/3_0" slope="0.00"/>
        <vehicle id="32" x="401.65" y="639.78" angle="180.00" type="DEFAULT_VEHTYPE" speed="13.74" pos="35.03" lane="2/3to2/4_0" slope="0.00"/>
        <vehicle id="35" x="150.44" y="401.65" angle="-90.00" type="DEFAULT_VEHTYPE" speed="12.88" pos="44.81" lane="1/2to0/2_0" slope="0.00"/>
        <vehicle id="37" x="198.35" y="9.61" angle="0.00" type="DEFAULT_VEHTYPE" speed="13.52" pos="185.64" lane="1/1to1/0_0" slope="0.00"/>
        <vehicle id="38" x="401.65" y="49.30" angle="180.00" type="DEFAULT_VEHTYPE" speed="12.64" pos="49.30" lane="2/0to2/1_0" slope="0.00"/>
        <vehicle id="41" x="391.17" y="598.35" angle="90.00" type="DEFAULT_VEHTYPE" speed="2.32" pos="186.42" lane="1/3to2/3_0" slope="0.00"/>
        <vehicle id="44" x="398.35" y="733.36" angle="0.00" type="DEFAULT_VEHTYPE" speed="12.73" pos="66.64" lane="2/4to2/3_0" slope="0.00"/>
        <vehicle id="48" x="398.35" y="776.66" angle="0.00" type="DEFAULT_VEHTYPE" speed="12.76" pos="23.34" lane="2/4to2/3_0" slope="0.00"/>
        <vehicle id="5" x="185.24" y="401.65" angle="-90.00" type="DEFAULT_VEHTYPE" speed="10.81" pos="10.01" lane="1/2to0/2_0" slope="0.00"/>
        <vehicle id="7" x="287.70" y="598.35" angle="90.00" type="DEFAULT_VEHTYPE" speed="13.05" pos="82.95" lane="1/3to2/3_0" slope="0.00"/>
        <vehicle id="8" x="398.35" y="272.74" angle="0.00" type="DEFAULT_VEHTYPE" speed="13.48" pos="122.51" lane="2/2to2/1_0" slope="0.00"/>
    </timestep>
    <timestep time="410.00">
        <vehicle id="0" x="201.65" y="302.57" angle="180.00" type="DEFAULT_VEHTYPE" speed="13.15" pos="97.82" lane="1/1to1/2_0" slope="0.00"/>
        <vehicle id="1" x="398.35" y="324.99" angle="0.00" type="DEFAULT_VEHTYPE" speed="13.82" pos="70.26" lane="2/2to2/1_0" slope="0.00"/>
        <vehicle id="17" x="262.68" y="598.35" angle="90.00" type="DEFAULT_VEHTYPE" speed="12.76" pos="57.93" lane="1/3to2/3_0" slope="0.00"/>
        <vehicle id="18" x="201.65" y="362.53" angle="180.00" type="DEFAULT_VEHTYPE" speed="13.18" pos="157.78" lane="1/1to1/2_0" slope="0.00"/>
        <vehicle id="21" x="253.18" y="201.65" angle="-90.00" type="DEFAULT_VEHTYPE" speed="13.31" pos="142.07" lane="2/1to1/1_0" slope="0.00"/>
        <vehicle id="22" x="601.65" y="288.10" angle="180.00" type="DEFAULT_VEHTYPE" speed="13.44" pos="83.35" lane="3/1to3/2_0" slope="0.00"/>
        <vehicle id="24" x="398.35" y="586.94" angle="0.00" type="DEFAULT_VEHTYPE" speed="13.63" pos="8.31" lane="2/3to2/2_0" slope="0.00"/>
        <vehicle id="26" x="398.35" y="620.85" angle="0.00" type="DEFAULT_VEHTYPE" speed="13.44" pos="179.15" lane="2/4to2/3_0" slope="0.00"/>
        <vehicle id="28" x="201.65" y="587.04" angle="180.00" type="DEFAULT_VEHTYPE" speed="13.33" pos="182.29" lane="1/2to1/3_0" slope="0.00"/>
        <vehicle id="32" x="401.65" y="653.18" angle="180.00" type="DEFAULT_VEHTYPE" speed="13.40" pos="48.43" lane="2/3to2/4_0" slope="0.00"/>
        <vehicle id="35" x="137.52" y="401.65" angle="-90.00" type="DEFAULT_VEHTYPE" speed="12.92" pos="57.73" lane="1/2to0/2_0" slope="0.00"/>
        <vehicle id="37" x="200.64" y="-1.33" angle="35.66" type="DEFAULT_VEHTYPE" speed="12.74" pos="3.13" lane=":1/0_0_0" slope="0.00"/>
        <vehicle id="38" x="401.65" y="62.70" angle="180.00" type="DEFAULT_VEHTYPE" speed="13.41" pos="62.70" lane="2/0to2/1_0" slope="0.00"/>
        <vehicle id="41" x="392.42" y="598.35" angle="90.00" type="DEFAULT_VEHTYPE" speed="1.24" pos="187.67" lane="1/3to2/3_0" slope="0.00"/>
        <vehicle id="44" x="398.35" y="719.97" angle="0.00" type="DEFAULT_VEHTYPE" speed="13.39" pos="80.03" lane="2/4to2/3_0" slope="0.00"/>
        <vehicle id="48" x="398.35" y="763.35" angle="0.00" type="DEFAULT_VEHTYPE" speed="13.31" pos="36.65" lane="2/4to2/3_0" slope="0.00"/>
        <vehicle id="5" x="172.80" y="401.65" angle="-90.00" type="DEFAULT_VEHTYPE" speed="12.44" pos="22.45" lane="1/2to0/2_0" slope="0.00"/>
        <vehicle id="7" x="300.45" y="598.35" angle="90.00" type="DEFAULT_VEHTYPE" speed="12.74" pos="95.70" lane="1/3to2/3_0" slope="0.00"/>
        <vehicle id="8" x="398.35" y="260.13" angle="0.00" type="DEFAULT_VEHTYPE" speed="12.61" pos="135.12" lane="2/2to2/1_0" slope="0.00"/>
    </timestep>
    <timestep time="411.00">
        <vehicle id="0" x="201.65" y="316.01" angle="180.00" type="DEFAULT_VEHTYPE" speed="13.44" pos="111.26" lane="1/1to1/2_0" slope="0.00"/>
        <vehicle id="1" x="398.35" y="312.26" angle="0.00" type="DEFAULT_VEHTYPE" speed="12.72" pos="82.99" lane="2/2to2/1_0" slope="0.00"/>
        <vehicle id="17" x="275.98" y="598.35" angle="90.00" type="DEFAULT_VEHTYPE" speed="13.30" pos="71.23" lane="1/3to2/3_0" slope="0.00"/>
        <vehicle id="18" x="201.65" y="375.60" angle="180.00" type="DEFAULT_VEHTYPE" speed="13.07" pos="170.85" lane="1/1to1/2_0" slope="0.00"/>
        <vehicle id="21" x="239.79" y="201.65" angle="-90.00" type="DEFAULT_VEHTYPE" speed="13.40" pos="155.46" lane="2/1to1/1_0" slope="0.00"/>
        <vehicle id="22" x="601.65" y="301.50" angle="180.00" type="DEFAULT_VEHTYPE" speed="13.40" pos="96.75" lane="3/1to3/2_0" slope="0.00"/>
        <vehicle id="24" x="398.35" y="573.12" angle="0.00" type="DEFAULT_VEHTYPE" speed="13.82" pos="22.13" lane="2/3to2/2_0" slope="0.00"/>
        <vehicle id="26" x="398.35" y="607.30" angle="0.00" type="DEFAULT_VEHTYPE" speed="13.54" pos="192.70" lane="2/4to2/3_0" slope="0.00"/>
        <vehicle id="28" x="204.25" y="598.28" angle="143.62" type="DEFAULT_VEHTYPE" speed="12.71" pos="4.50" lane=":1/3_8_0" slope="0.00"/>
        <vehicle id="32" x="401.65" y="666.60" angle="180.00" type="DEFAULT_VEHTYPE" speed="13.42" pos="61.85" lane="2/3to2/4_0" slope="0.00"/>
        <vehicle id="35" x="124.50" y="401.65" angle="-90.00" type="DEFAULT_VEHTYPE" speed="13.02" pos="70.75" lane="1/2to0/2_0" slope="0.00"/>
        <vehicle id="37" x="201.65" y="12.17" angle="180.00" type="DEFAULT_VEHTYPE" speed="13.86" pos="12.17" lane="1/0to1/1_0" slope="0.00"/>
        <vehicle id="38" x="401.65" y="75.58" angle="180.00" type="DEFAULT_VEHTYPE" speed="12.87" pos="75.58" lane="2/0to2/1_0" slope="0.00"/>
        <vehicle id="41" x="392.67" y="598.35" angle="90.00" type="DEFAULT_VEHTYPE" speed="0.26" pos="187.92" lane="1/3to2/3_0" slope="0.00"/>
        <vehicle id="44" x="398.35" y="706.41" angle="0.00" type="DEFAULT_VEHTYPE" speed="13.56" pos="93.59" lane="2/4to2/3_0" slope="0.00"/>
        <vehicle id="48" x="398.35" y="750.53" angle="0.00" type="DEFAULT_VEHTYPE" speed="12.82" pos="49.47" lane="2/4to2/3_0" slope="0.00"/>
        <vehicle id="5" x="159.27" y="401.65" angle="-90.00" type="DEFAULT_VEHTYPE" speed="13.52" pos="35.98" lane="1/2to0/2_0" slope="0.00"/>
        <vehicle id="7" x="313.61" y="598.35" angle="90.00" type="DEFAULT_VEHTYPE" speed="13.17" pos="108.86" lane="1/3to2/3_0" slope="0.00"/>
        <vehicle id="8" x="398.35" y="246.94" angle="0.00" type="DEFAULT_VEHTYPE" speed="13.20" pos="148.31" lane="2/2to2/1_0" slope="0.00"/>
    </timestep>
    <timestep time="412.00">
        <vehicle id="0" x="201.65" y="328.85" angle="180.00" type="DEFAULT_VEHTYPE" speed="12.84" pos="124.10" lane="1/1to1/2_0" slope="0.00"/>
        <vehicle id="1" x="398.35" y="298.87" angle="0.00" type="DEFAULT_VEHTYPE" speed="13.39" pos="96.38" lane="2/2to2/1_0" slope="0.00"/>
        <vehicle id="17" x="289.24" y="598.35" angle="90.00" type="DEFAULT_VEHTYPE" speed="13.25" pos="84.49" lane="1/3to2/3_0" slope="0.00"/>
        <vehicle id="18" x="201.65" y="389.29" angle="180.00" type="DEFAULT_VEHTYPE" speed="13.68" pos="184.54" lane="1/1to1/2_0" slope="0.00"/>
        <vehicle id="21" x="227.52" y="201.65" angle="-90.00" type="DEFAULT_VEHTYPE" speed="12.26" pos="167.73" lane="2/1to1/1_0" slope="0.00"/>
        <vehicle id="22" x="601.65" y="315.23" angle="180.00" type="DEFAULT_VEHTYPE" speed="13.73" pos="110.48" lane="3/1to3/2_0" slope="0.00"/>
        <vehicle id="24" x="398.35" y="559.91" angle="0.00" type="DEFAULT_VEHTYPE" speed="13.21" pos="35.34" lane="2/3to2/2_0" slope="0.00"/>
        <vehicle id="26" x="398.35" y="594.68" angle="0.00" type="DEFAULT_VEHTYPE" speed="12.62" pos="0.57" lane="2/3to2/2_0" slope="0.00"/>
        <vehicle id="28" x="217.70" y="598.35" angle="90.00" type="DEFAULT_VEHTYPE" speed="13.45" pos="12.95" lane="1/3to2/3_0" slope="0.00"/>
        <vehicle id="32" x="401.65" y="680.36" angle="180.00" type="DEFAULT_VEHTYPE" speed="13.76" pos="75.61" lane="2/3to2/4_0" slope="0.00"/>
        <vehicle id="35" x="111.75" y="401.65" angle="-90.00" type="DEFAULT_VEHTYPE" speed="12.75" pos="83.50" lane="1/2to0/2_0" slope="0.00"/>
        <vehicle id="37" x="201.65" y="25.42" angle="180.00" type="DEFAULT_VEHTYPE" speed="13.25" pos="25.42" lane="1/0to1/1_0" slope="0.00"/>
        <vehicle id="38" x="401.65" y="89.34" angle="180.00" type="DEFAULT_VEHTYPE" speed="13.76" pos="89.34" lane="2/0to2/1_0" slope="0.00"/>
        <vehicle id="41" x="392.74" y="598.35" angle="90.00" type="DEFAULT_VEHTYPE" speed="0.07" pos="187.99" lane="1/3to2/3_0" slope="0.00"/>
        <vehicle id="44" x="398.35" y="692.89" angle="0.00" type="DEFAULT_VEHTYPE" speed="13.52" pos="107.11" lane="2/4to2/3_0" slope="0.00"/>
        <vehicle id="48" x="398.35" y="736.68" angle="0.00" type="DEFAULT_VEHTYPE" speed="13.85" pos="63.32" lane="2/4to2/3_0" slope="0.00"/>
        <vehicle id="5" x="146.11" y="401.65" angle="-90.00" type="DEFAULT_VEHTYPE" speed="13.16" pos="49.14" lane="1/2to0/2_0" slope="0.00"/>
        <vehicle id="7" x="326.24" y="598.35" angle="90.00" type="DEFAULT_VEHTYPE" speed="12.62" pos="121.49" lane="1/3to2/3_0" slope="0.00"/>
        <vehicle id="8" x="398.35" y="234.21" angle="0.00" type="DEFAULT_VEHTYPE" speed="12.73" pos="161.04" lane="2/2to2/1_0" slope="0.00"/>
    </timestep>
    <timestep time="413.00">
        <vehicle id="0" x="201.65" y="342.18" angle="180.00" type="DEFAULT_VEHTYPE" speed="13.33" pos="137.43" lane="1/1to1/2_0" slope="0.00"/>
        <vehicle id="1" x="398.35" y="285.89" angle="0.00" type="DEFAULT_VEHTYPE" speed="12.98" pos="109.36" lane="2/2to2/1_0" slope="0.00"/>
        <vehicle id="17" x="303.07" y="598.35" angle="90.00" type="DEFAULT_VEHTYPE" speed="13.83" pos="98.32" lane="1/3to2/3_0" slope="0.00"/>
        <vehicle id="18" x="201.65" y="402.86" angle="180.00" type="DEFAULT_VEHTYPE" speed="13.57" pos="7.61" lane=":1/2_9_0" slope="0.00"/>
        <vehicle id="21" x="217.81" y="201.65" angle="-90.00" type="DEFAULT_VEHTYPE" speed="9.71" pos="177.44" lane="2/1to1/1_0" slope="0.00"/>
        <vehicle id="22" x="601.65" y="328.85" angle="180.00" type="DEFAULT_VEHTYPE" speed="13.62" pos="124.10" lane="3/1to3/2_0" slope="0.00"/>
        <vehicle id="24" x="398.35" y="547.01" angle="0.00" type="DEFAULT_VEHTYPE" speed="12.90" pos="48.24" lane="2/3to2/2_0" slope="0.00"/>
        <vehicle id="26" x="398.35" y="582.00" angle="0.00" type="DEFAULT_VEHTYPE" speed="12.68" pos="13.25" lane="2/3to2/2_0" slope="0.00"/>
        <vehicle id="28" x="231.06" y="598.35" angle="90.00" type="DEFAULT_VEHTYPE" speed="13.36" pos="26.31" lane="1/3to2/3_0" slope="0.00"/>
        <vehicle id="32" x="401.65" y="693.19" angle="180.00" type="DEFAULT_VEHTYPE" speed="12.83" pos="88.44" lane="2/3to2/4_0" slope="0.00"/>
        <vehicle id="35" x="98.84" y="401.65" angle="-90.00" type="DEFAULT_VEHTYPE" speed="12.91" pos="96.41" lane="1/2to0/2_0" slope="0.00"/>
        <vehicle id="37" x="201.65" y="38.26" angle="180.00" type="DEFAULT_VEHTYPE" speed="12.84" pos="38.26" lane="1/0to1/1_0" slope="0.00"/>
        <vehicle id="38" x="401.65" y="102.95" angle="180.00" type="DEFAULT_VEHTYPE" speed="13.61" pos="102.95" lane="2/0to2/1_0" slope="0.00"/>
        <vehicle id="41" x="394.29" y="598.35" angle="90.00" type="DEFAULT_VEHTYPE" speed="1.55" pos="189.54" lane="1/3to2/3_0" slope="0.00"/>
        <vehicle id="44" x="398.35" y="679.12" angle="0.00" type="DEFAULT_VEHTYPE" speed="13.77" pos="120.88" lane="2/4to2/3_0" slope="0.00"/>
        <vehicle id="48" x="398.35" y="723.84" angle="0.00" type="DEFAULT_VEHTYPE" speed="12.84" pos="76.16" lane="2/4to2/3_0" slope="0.00"/>
        <vehicle id="5" x="132.71" y="401.65" angle="-90.00" type="DEFAULT_VEHTYPE" speed="13.40" pos="62.54" lane="1/2to0/2_0" slope="0.00"/>
        <vehicle id="7" x="339.62" y="598.35" angle="90.00" type="DEFAULT_VEHTYPE" speed="13.38" pos="134.87" lane="1/3to2/3_0" slope="0.00"/>
        <vehicle id="8" x="398.35" y="220.75" angle="0.00" type="DEFAULT_VEHTYPE" speed="13.45" pos="174.50" lane="2/2to2/1_0" slope="0.00"/>
    </timestep>
    <timestep time="414.00">
        <vehicle id="0" x="201.65" y="356.03" angle="180.00" type="DEFAULT_VEHTYPE" speed="13.85" pos="151.28" lane="1/1to1/2_0" slope="0.00"/>
        <vehicle id="1" x="398.35" y="272.88" angle="0.00" type="DEFAULT_VEHTYPE" speed="13.01" pos="122.37" lane="2/2to2/1_0" slope="0.00"/>
        <vehicle id="17" x="316.22" y="598.35" angle="90.00" type="DEFAULT_VEHTYPE" speed="13.16" pos="111.47" lane="1/3to2/3_0" slope="0.00"/>
        <vehicle id="18" x="201.65" y="415.97" angle="180.00" type="DEFAULT_VEHTYPE" speed="13.11" pos="11.22" lane="1/2to1/3_0" slope="0.00"/>
        <vehicle id="21" x="212.07" y="201.65" angle="-90.00" type="DEFAULT_VEHTYPE" speed="5.74" pos="183.18" lane="2/1to1/1_0" slope="0.00"/>
        <vehicle id="22" x="601.65" y="341.59" angle="180.00" type="DEFAULT_VEHTYPE" speed="12.74" pos="136.84" lane="3/1to3/2_0" slope="0.00"/>
        <vehicle id="24" x="398.35" y="533.47" angle="0.00" type="DEFAULT_VEHTYPE" speed="13.54" pos="61.78" lane="2/3to2/2_0" slope="0.00"/>
        <vehicle id="26" x="398.35" y="568.42" angle="0.00" type="DEFAULT_VEHTYPE" speed="13.58" pos="26.83" lane="2/3to2/2_0" slope="0.00"/>
        <vehicle id="28" x="243.71" y="598.35" angle="90.00" type="DEFAULT_VEHTYPE" speed="12.65" pos="38.96" lane="1/3to2/3_0" slope="0.00"/>
        <vehicle id="32" x="401.65" y="706.11" angle="180.00" type="DEFAULT_VEHTYPE" speed="12.91" pos="101.36" lane="2/3to2/4_0" slope="0.00"/>
        <vehicle id="35" x="85.87" y="401.65" angle="-90.00" type="DEFAULT_VEHTYPE" speed="12.97" pos="109.38" lane="1/2to0/2_0" slope="0.00"/>
        <vehicle id="37" x="201.65" y="51.51" angle="180.00" type="DEFAULT_VEHTYPE" speed="13.25" pos="51.51" lane="1/0to1/1_0" slope="0.00"/>
        <vehicle id="38" x="401.65" y="115.82" angle="180.00" type="DEFAULT_VEHTYPE" speed="12.87" pos="115.82" lane="2/0to2/1_0" slope="0.00"/>
        <vehicle id="41" x="398.27" y="598.88" angle="96.13" type="DEFAULT_VEHTYPE" speed="4.04" pos="3.08" lane=":2/3_14_0" slope="0.00"/>
        <vehicle id="44" x="398.35" y="666.10" angle="0.00" type="DEFAULT_VEHTYPE" speed="13.02" pos="133.90" lane="2/4to2/3_0" slope="0.00"/>
        <vehicle id="48" x="398.35" y="710.89" angle="0.00" type="DEFAULT_VEHTYPE" speed="12.95" pos="89.11" lane="2/4to2/3_0" slope="0.00"/>
        <vehicle id="5" x="119.05" y="401.65" angle="-90.00" type="DEFAULT_VEHTYPE" speed="13.66" pos="76.20" lane="1/2to0/2_0" slope="0.00"/>
        <vehicle id="7" x="352.70" y="598.35" angle="90.00" type="DEFAULT_VEHTYPE" speed="13.08" pos="147.95" lane="1/3to2/3_0" slope="0.00"/>
        <vehicle id="8" x="398.35" y="206.96" angle="0.00" type="DEFAULT_VEHTYPE" speed="13.79" pos="188.29" lane="2/2to2/1_0" slope="0.00"/>
    </timestep>
    <timestep time="415.00">
        <vehicle id="0" x="201.65" y="369.63" angle="180.00" type="DEFAULT_VEHTYPE" speed="13.60" pos="164.88" lane="1/1to1/2_0" slope="0.00"/>
        <vehicle id="1" x="398.35" y="259.97" angle="0.00" type="DEFAULT_VEHTYPE" speed="12.91" pos="135.28" lane="2/2to2/1_0" slope="0.00"/>
        <vehicle id="17" x="329.44" y="598.35" angle="90.00" type="DEFAULT_VEHTYPE" speed="13.21" pos="124.69" lane="1/3to2/3_0" slope="0.00"/>
        <vehicle id="18" x="201.65" y="429.81" angle="180.00" type="DEFAULT_VEHTYPE" speed="13.85" pos="25.06" lane="1/2to1/3_0" slope="0.00"/>
        <vehicle id="21" x="209.45" y="201.65" angle="-90.00" type="DEFAULT_VEHTYPE" speed="2.62" pos="185.80" lane="2/1to1/1_0" slope="0.00"/>
        <vehicle id="22" x="601.65" y="354.52" angle="180.00" type="DEFAULT_VEHTYPE" speed="12.94" pos="149.77" lane="3/1to3/2_0" slope="0.00"/>
        <vehicle id="24" x="398.35" y="520.06" angle="0.00" type="DEFAULT_VEHTYPE" speed="13.41" pos="75.19" lane="2/3to2/2_0" slope="0.00"/>
        <vehicle id="26" x="398.35" y="554.84" angle="0.00" type="DEFAULT_VEHTYPE" speed="13.57" pos="40.41" lane="2/3to2/2_0" slope="0.00"/>
        <vehicle id="28" x="257.43" y="598.35" angle="90.00" type="DEFAULT_VEHTYPE" speed="13.73" pos="52.68" lane="1/3to2/3_0" slope="0.00"/>
        <vehicle id="32" x="401.65" y="719.53" angle="180.00" type="DEFAULT_VEHTYPE" speed="13.43" pos="114.78" lane="2/3to2/4_0" slope="0.00"/>
        <vehicle id="35" x="72.57" y="401.65" angle="-90.00" type="DEFAULT_VEHTYPE" speed="13.30" pos="122.68" lane="1/2to0/2_0" slope="0.00"/>
        <vehicle id="37" x="201.65" y="65.12" angle="180.00" type="DEFAULT_VEHTYPE" speed="13.61" pos="65.12" lane="1/0to1/1_0" slope="0.00"/>
        <vehicle id="38" x="401.65" y="129.59" angle="180.00" type="DEFAULT_VEHTYPE" speed="13.77" pos="129.59" lane="2/0to2/1_0" slope="0.00"/>
        <vehicle id="41" x="401.47" y="603.52" angle="150.27" type="DEFAULT_VEHTYPE" speed="5.99" pos="9.07" lane=":2/3_14_0" slope="0.00"/>
        <vehicle id="44" x="398.35" y="652.86" angle="0.00" type="DEFAULT_VEHTYPE" speed="13.24" pos="147.14" lane="2/4to2/3_0" slope="0.00"/>
        <vehicle id="48" x="398.35" y="697.09" angle="0.00" type="DEFAULT_VEHTYPE" speed="13.80" pos="102.91" lane="2/4to2/3_0" slope="0.00"/>
        <vehicle id="5" x="105.81" y="401.65" angle="-90.00" type="DEFAULT_VEHTYPE" speed="13.23" pos="89.44" lane="1/2to0/2_0" slope="0.00"/>
        <vehicle id="7" x="365.40" y="598.35" angle="90.00" type="DEFAULT_VEHTYPE" speed="12.70" pos="160.65" lane="1/3to2/3_0" slope="0.00"/>
        <vehicle id="8" x="389.78" y="201.65" angle="-90.00" type="DEFAULT_VEHTYPE" speed="12.68" pos="5.47" lane="2/1to1/1_0" slope="0.00"/>
    </timestep>
    <timestep time="416.00">
        <vehicle id="0" x="201.65" y="383.24" angle="180.00" type="DEFAULT_VEHTYPE" speed="13.61" pos="178.49" lane="1/1to1/2_0" slope="0.00"/>
        <vehicle id="1" x="398.35" y="246.31" angle="0.00" type="DEFAULT_VEHTYPE" speed="13.66" pos="148.94" lane="2/2to2/1_0" slope="0.00"/>
        <vehicle id="17" x="342.16" y="598.35" angle="90.00" type="DEFAULT_VEHTYPE" speed="12.72" pos="137.41" lane="1/3to2/3_0" slope="0.00"/>
        <vehicle id="18" x="201.65" y="443.68" angle="180.00" type="DEFAULT_VEHTYPE" speed="13.87" pos="38.93" lane="1/2to1/3_0" slope="0.00"/>
        <vehicle id="21" x="205.52" y="201.65" angle="-90.00" type="DEFAULT_VEHTYPE" speed="3.93" pos="189.73" lane="2/1to1/1_0" slope="0.00"/>
        <vehicle id="22" x="601.65" y="368.37" angle="180.00" type="DEFAULT_VEHTYPE" speed="13.85" pos="163.62" lane="3/1to3/2_0" slope="0.00"/>
        <vehicle id="24" x="398.35" y="506.69" angle="0.00" type="DEFAULT_VEHTYPE" speed="13.37" pos="88.56" lane="2/3to2/2_0" slope="0.00"/>
        <vehicle id="26" x="398.35" y="542.17" angle="0.00" type="DEFAULT_VEHTYPE" speed="12.67" pos="53.08" lane="2/3to2/2_0" slope="0.00"/>
        <vehicle id="28" x="271.33" y="598.35" angle="90.00" type="DEFAULT_VEHTYPE" speed="13.90" pos="66.58" lane="1/3to2/3_0" slope="0.00"/>
        <vehicle id="32" x="401.65" y="732.32" angle="180.00" type="DEFAULT_VEHTYPE" speed="12.78" pos="127.57" lane="2/3to2/4_0" slope="0.00"/>
        <vehicle id="35" x="58.90" y="401.65" angle="-90.00" type="DEFAULT_VEHTYPE" speed="13.67" pos="136.35" lane="1/2to0/2_0" slope="0.00"/>
        <vehicle id="37" x="201.65" y="77.80" angle="180.00" type="DEFAULT_VEHTYPE" speed="12.68" pos="77.80" lane="1/0to1/1_0" slope="0.00"/>
        <vehicle id="38" x="401.65" y="142.89" angle="180.00" type="DEFAULT_VEHTYPE" speed="13.29" pos="142.89" lane="2/0to2/1_0" slope="0.00"/>
        <vehicle id="41" x="401.65" y="611.18" angle="180.00" type="DEFAULT_VEHTYPE" speed="7.67" pos="6.43" lane="2/3to2/4_0" slope="0.00"/>
        <vehicle id="44" x="398.35" y="639.10" angle="0.00" type="DEFAULT_VEHTYPE" speed="13.76" pos="160.90" lane="2/4to2/3_0" slope="0.00"/>
        <vehicle id="48" x="398.35" y="683.93" angle="0.00" type="DEFAULT_VEHTYPE" speed="13.16" pos="116.07" lane="2/4to2/3_0" slope="0.00"/>
        <vehicle id="5" x="92.04" y="401.65" angle="-90.00" type="DEFAULT_VEHTYPE" speed="13.78" pos="103.21" lane="1/2to0/2_0" slope="0.00"/>
        <vehicle id="7" x="376.63" y="598.35" angle="90.00" type="DEFAULT_VEHTYPE" speed="11.23" pos="171.88" lane="1/3to2/3_0" slope="0.00"/>
        <vehicle id="8" x="375.99" y="201.65" angle="-90.00" type="DEFAULT_VEHTYPE" speed="13.79" pos="19.26" lane="2/1to1/1_0" slope="0.00"/>
    </timestep>
    <timestep time="417.00">
        <vehicle id="0" x="201.65" y="396.72" angle="180.00" type="DEFAULT_VEHTYPE" speed="13.48" pos="1.47" lane=":1/2_9_0" slope="0.00"/>
        <vehicle id="1" x="398.35" y="233.25" angle="0.00" type="DEFAULT_VEHTYPE" speed="13.06" pos="162.00" lane="2/2to2/1_0" slope="0.00"/>
        <vehicle id="17" x="355.21" y="598.35" angle="90.00" type="DEFAULT_VEHTYPE" speed="13.05" pos="150.46" lane="1/3to2/3_0" slope="0.00"/>
        <vehicle id="18" x="201.65" y="456.52" angle="180.00" type="DEFAULT_VEHTYPE" speed="12.83" pos="51.77" lane="1/2to1/3_0" slope="0.00"/>
        <vehicle id="21" x="201.65" y="205.11" angle="-141.10" type="DEFAULT_VEHTYPE" speed="6.13" pos="0.36" lane="1/1to1/2_0" slope="0.00"/>
        <vehicle id="22" x="601.65" y="379.19" angle="180.00" type="DEFAULT_VEHTYPE" speed="10.81" pos="174.44" lane="3/1to3/2_0" slope="0.00"/>
        <vehicle id="24" x="398.35" y="493.75" angle="0.00" type="DEFAULT_VEHTYPE" speed="12.94" pos="101.50" lane="2/3to2/2_0" slope="0.00"/>
        <vehicle id="26" x="398.35" y="528.40" angle="0.00" type="DEFAULT_VEHTYPE" speed="13.77" pos="66.85" lane="2/3to2/2_0" slope="0.00"/>
        <vehicle id="28" x="284.99" y="598.35" angle="90.00" type="DEFAULT_VEHTYPE" speed="13.65" pos="80.24" lane="1/3to2/3_0" slope="0.00"/>
        <vehicle id="32" x="401.65" y="745.19" angle="180.00" type="DEFAULT_VEHTYPE" speed="12.87" pos="140.44" lane="2/3to2/4_0" slope="0.00"/>
        <vehicle id="35" x="45.17" y="401.65" angle="-90.00" type="DEFAULT_VEHTYPE" speed="13.74" pos="150.08" lane="1/2to0/2_0" slope="0.00"/>
        <vehicle id="37" x="201.65" y="91.19" angle="180.00" type="DEFAULT_VEHTYPE" speed="13.39" pos="91.19" lane="1/0to1/1_0" slope="0.00"/>
        <vehicle id="38" x="401.65" y="155.92" angle="180.00" type="DEFAULT_VEHTYPE" speed="13.04" pos="155.92" lane="2/0to2/1_0" slope="0.00"/>
        <vehicle id="41" x="401.65" y="620.99" angle="180.00" type="DEFAULT_VEHTYPE" speed="9.82" pos="16.24" lane="2/3to2/4_0" slope="0.00"/>
        <vehicle id="44" x="398.35" y="626.43" angle="0.00" type="DEFAULT_VEHTYPE" speed="12.67" pos="173.57" lane="2/4to2/3_0" slope="0.00"/>
        <vehicle id="48" x="398.35" y="670.05" angle="0.00" type="DEFAULT_VEHTYPE" speed="13.88" pos="129.95" lane="2/4to2/3_0" slope="0.00"/>
        <vehicle id="5" x="78.23" y="401.65" angle="-90.00" type="DEFAULT_VEHTYPE" speed="13.81" pos="117.02" lane="1/2to0/2_0" slope="0.00"/>
        <vehicle id="7" x="384.64" y="598.35" angle="90.00" type="DEFAULT_VEHTYPE" speed="8.01" pos="179.89" lane="1/3to2/3_0" slope="0.00"/>
        <vehicle id="8" x="362.61" y="201.65" angle="-90.00" type="DEFAULT_VEHTYPE" speed="13.38" pos="32.64" lane="2/1to1/1_0" slope="0.00"/>
    </timestep>
    <timestep time="418.00">
        <vehicle id="0" x="201.65" y="410.04" angle="180.00" type="DEFAULT_VEHTYPE" speed="13.32" pos="5.29" lane="1/2to1/3_0" slope="0.00"/>
        <vehicle id="1" x="398.35" y="219.65" angle="0.00" type="DEFAULT_VEHTYPE" speed="13.60" pos="175.60" lane="2/2to2/1_0" slope="0.00"/>
        <vehicle id="17" x="367.30" y="598.35" angle="90.00" type="DEFAULT_VEHTYPE" speed="12.09" pos="162.55" lane="1/3to2/3_0" slope="0.00"/>
        <vehicle id="18" x="201.65" y="470.23" angle="180.00" type="DEFAULT_VEHTYPE" speed="13.72" pos="65.48" lane="1/2to1/3_0" slope="0.00"/>
        <vehicle id="21" x="201.65" y="213.45" angle="180.00" type="DEFAULT_VEHTYPE" speed="8.35" pos="8.70" lane="1/1to1/2_0" slope="0.00"/>
        <vehicle id="22" x="601.65" y="386.29" angle="180.00" type="DEFAULT_VEHTYPE" speed="7.10" pos="181.54" lane="3/1to3/2_0" slope="0.00"/>
        <vehicle id="24" x="398.35" y="480.34" angle="0.00" type="DEFAULT_VEHTYPE" speed="13.40" pos="114.91" lane="2/3to2/2_0" slope="0.00"/>
        <vehicle id="26" x="398.35" y="515.59" angle="0.00" type="DEFAULT_VEHTYPE" speed="12.81" pos="79.66" lane="2/3to2/2_0" slope="0.00"/>
        <vehicle id="28" x="298.43" y="598.35" angle="90.00" type="DEFAULT_VEHTYPE" speed="13.45" pos="93.68" lane="1/3to2/3_0" slope="0.00"/>
        <vehicle id="32" x="401.65" y="757.81" angle="180.00" type="DEFAULT_VEHTYPE" speed="12.62" pos="153.06" lane="2/3to2/4_0" slope="0.00"/>
        <vehicle id="35" x="31.41" y="401.65" angle="-90.00" type="DEFAULT_VEHTYPE" speed="13.76" pos="163.84" lane="1/2to0/2_0" slope="0.00"/>
        <vehicle id="37" x="201.65" y="105.07" angle="180.00" type="DEFAULT_VEHTYPE" speed="13.87" pos="105.07" lane="1/0to1/1_0" slope="0.00"/>
        <vehicle id="38" x="401.65" y="169.40" angle="180.00" type="DEFAULT_VEHTYPE" speed="13.48" pos="169.40" lane="2/0to2/1_0" slope="0.00"/>
        <vehicle id="41" x="401.65" y="633.16" angle="180.00" type="DEFAULT_VEHTYPE" speed="12.16" pos="28.41" lane="2/3to2/4_0" slope="0.00"/>
        <vehicle id="44" x="398.35" y="613.57" angle="0.00" type="DEFAULT_VEHTYPE" speed="12.86" pos="186.43" lane="2/4to2/3_0" slope="0.00"/>
        <vehicle id="48" x="398.35" y="656.65" angle="0.00" type="DEFAULT_VEHTYPE" speed="13.40" pos="143.35" lane="2/4to2/3_0" slope="0.00"/>
        <vehicle id="5" x="64.66" y="401.65" angle="-90.00" type="DEFAULT_VEHTYPE" speed="13.57" pos="130.59" lane="1/2to0/2_0" slope="0.00"/>
        <vehicle id="7" x="388.99" y="598.35" angle="90.00" type="DEFAULT_VEHTYPE" speed="4.34" pos="184.24" lane="1/3to2/3_0" slope="0.00"/>
        <vehicle id="8" x="349.31" y="201.65" angle="-90.00" type="DEFAULT_VEHTYPE" speed="13.30" pos="45.94" lane="2/1to1/1_0" slope="0.00"/>
    </timestep>
    <timestep time="419.00">
        <vehicle id="0" x="201.65" y="422.76" angle="180.00" type="DEFAULT_VEHTYPE" speed="12.73" pos="18.01" lane="1/2to1/3_0" slope="0.00"/>
        <vehicle id="1" x="398.35" y="206.34" angle="0.00" type="DEFAULT_VEHTYPE" speed="13.31" pos="188.91" lane="2/2to2/1_0" slope="0.00"/>
        <vehicle id="17" x="374.89" y="598.35" angle="90.00" type="DEFAULT_VEHTYPE" speed="7.59" pos="170.14" lane="1/3to2/3_0" slope="0.00"/>
        <vehicle id="18" x="201.65" y="482.91" angle="180.00" type="DEFAULT_VEHTYPE" speed="12.68" pos="78.16" lane="1/2to1/3_0" slope="0.00"/>
        <vehicle id="21" x="201.65" y="223.19" angle="180.00" type="DEFAULT_VEHTYPE" speed="9.74" pos="18.44" lane="1/1to1/2_0" slope="0.00"/>
        <vehicle id="22" x="601.65" y="389.55" angle="180.00" type="DEFAULT_VEHTYPE" speed="3.26" pos="184.80" lane="3/1to3/2_0" slope="0.00"/>
        <vehicle id="24" x="398.35" y="467.32" angle="0.00" type="DEFAULT_VEHTYPE" speed="13.02" pos="127.93" lane="2/3to2/2_0" slope="0.00"/>
        <vehicle id="26" x="398.35" y="501.84" angle="0.00" type="DEFAULT_VEHTYPE" speed="13.74" pos="93.41" lane="2/3to2/2_0" slope="0.00"/>
        <vehicle id="28" x="311.49" y="598.35" angle="90.00" type="DEFAULT_VEHTYPE" speed="13.06" pos="106.74" lane="1/3to2/3_0" slope="0.00"/>
        <vehicle id="32" x="401.65" y="771.42" angle="180.00" type="DEFAULT_VEHTYPE" speed="13.61" pos="166.67" lane="2/3to2/4_0" slope="0.00"/>
        <vehicle id="35" x="18.66" y="401.65" angle="-90.00" type="DEFAULT_VEHTYPE" speed="12.75" pos="176.59" lane="1/2to0/2_0" slope="0.00"/>
        <vehicle id="37" x="201.65" y="117.91" angle="180.00" type="DEFAULT_VEHTYPE" speed="12.84" pos="117.91" lane="1/0to1/1_0" slope="0.00"/>
        <vehicle id="38" x="401.65" y="182.66" angle="180.00" type="DEFAULT_VEHTYPE" speed="13.26" pos="182.66" lane="2/0to2/1_0" slope="0.00"/>
        <vehicle id="41" x="401.65" y="646.90" angle="180.00" type="DEFAULT_VEHTYPE" speed="13.74" pos="42.15" lane="2/3to2/4_0" slope="0.00"/>
        <vehicle id="44" x="398.35" y="600.09" angle="0.00" type="DEFAULT_VEHTYPE" speed="13.48" pos="4.66" lane=":2/3_1_0" slope="0.00"/>
        <vehicle id="48" x="398.35" y="643.36" angle="0.00" type="DEFAULT_VEHTYPE" speed="13.29" pos="156.64" lane="2/4to2/3_0" slope="0.00"/>
        <vehicle id="5" x="51.06" y="401.65" angle="-90.00" type="DEFAULT_VEHTYPE" speed="13.60" pos="144.19" lane="1/2to0/2_0" slope="0.00"/>
        <vehicle id="7" x="391.06" y="598.35" angle="90.00" type="DEFAULT_VEHTYPE" speed="2.08" pos="186.31" lane="1/3to2/3_0" slope="0.00"/>
        <vehicle id="8" x="335.82" y="201.65" angle="-90.00" type="DEFAULT_VEHTYPE" speed="13.49" pos="59.43" lane="2/1to1/1_0" slope="0.00"/>
    </timestep>
    <timestep time="420.00">
        <vehicle id="0" x="201.65" y="436.55" angle="180.00" type="DEFAULT_VEHTYPE" speed="13.78" pos="31.80" lane="1/2to1/3_0" slope="0.00"/>
        <vehicle id="1" x="398.35" y="193.00" angle="0.00" type="DEFAULT_VEHTYPE" speed="13.34" pos="2.25" lane="2/1to2/0_0" slope="0.00"/>
        <vehicle id="17" x="380.06" y="598.35" angle="90.00" type="DEFAULT_VEHTYPE" speed="5.17" pos="175.31" lane="1/3to2/3_0" slope="0.00"/>
        <vehicle id="18" x="201.65" y="496.57" angle="180.00" type="DEFAULT_VEHTYPE" speed="13.66" pos="91.82" lane="1/2to1/3_0" slope="0.00"/>
        <vehicle id="21" x="201.65" y="235.52" angle="180.00" type="DEFAULT_VEHTYPE" speed="12.33" pos="30.77" lane="1/1to1/2_0" slope="0.00"/>
        <vehicle id="22" x="601.65" y="394.22" angle="180.00" type="DEFAULT_VEHTYPE" speed="4.66" pos="189.47" lane="3/1to3/2_0" slope="0.00"/>
        <vehicle id="24" x="398.35" y="454.69" angle="0.00" type="DEFAULT_VEHTYPE" speed="12.63" pos="140.56" lane="2/3to2/2_0" slope="0.00"/>
        <vehicle id="26" x="398.35" y="488.12" angle="0.00" type="DEFAULT_VEHTYPE" speed="13.73" pos="107.13" lane="2/3to2/2_0" slope="0.00"/>
        <vehicle id="28" x="324.42" y="598.35" angle="90.00" type="DEFAULT_VEHTYPE" speed="12.93" pos="119.67" lane="1/3to2/3_0" slope="0.00"/>
        <vehicle id="32" x="401.65" y="784.48" angle="180.00" type="DEFAULT_VEHTYPE" speed="13.06" pos="179.73" lane="2/3to2/4_0" slope="0.00"/>
        <vehicle id="35" x="6.05" y="401.65" angle="-90.00" type="DEFAULT_VEHTYPE" speed="12.61" pos="189.20" lane="1/2to0/2_0" slope="0.00"/>
        <vehicle id="37" x="201.65" y="130.59" angle="180.00" type="DEFAULT_VEHTYPE" speed="12.68" pos="130.59" lane="1/0to1/1_0" slope="0.00"/>
        <vehicle id="38" x="401.73" y="195.83" angle="179.08" type="DEFAULT_VEHTYPE" speed="13.17" pos="0.58" lane=":2/1_8_0" slope="0.00"/>
        <vehicle id="41" x="401.65" y="660.33" angle="180.00" type="DEFAULT_VEHTYPE" speed="13.43" pos="55.58" lane="2/3to2/4_0" slope="0.00"/>
        <vehicle id="44" x="398.35" y="586.54" angle="0.00" type="DEFAULT_VEHTYPE" speed="13.55" pos="8.71" lane="2/3to2/2_0" slope="0.00"/>
        <vehicle id="48" x="398.35" y="630.01" angle="0.00" type="DEFAULT_VEHTYPE" speed="13.35" pos="169.99" lane="2/4to2/3_0" slope="0.00"/>
        <vehicle id="5" x="37.25" y="401.65" angle="-90.00" type="DEFAULT_VEHTYPE" speed="13.81" pos="158.00" lane="1/2to0/2_0" slope="0.00"/>
        <vehicle id="7" x="392.24" y="598.35" angle="90.00" type="DEFAULT_VEHTYPE" speed="1.18" pos="187.49" lane="1/3to2/3_0" slope="0.00"/>
        <vehicle id="8" x="323.04" y="201.65" angle="-90.00" type="DEFAULT_VEHTYPE" speed="12.78" pos="72.21" lane="2/1to1/1_0" slope="0.00"/>
    </timestep>
    <timestep time="421.00">
        <vehicle id="0" x="201.65" y="450.27" angle="180.00" type="DEFAULT_VEHTYPE" speed="13.72" pos="45.52" lane="1/2to1/3_0" slope="0.00"/>
        <vehicle id="1" x="398.35" y="179.42" angle="0.00" type="DEFAULT_VEHTYPE" speed="13.58" pos="15.83" lane="2/1to2/0_0" slope="0.00"/>
        <vehicle id="17" x="383.15" y="598.35" angle="90.00" type="DEFAULT_VEHTYPE" speed="3.08" pos="178.40" lane="1/3to2/3_0" slope="0.00"/>
        <vehicle id="18" x="201.65" y="509.69" angle="180.00" type="DEFAULT_VEHTYPE" speed="13.12" pos="104.94" lane="1/2to1/3_0" slope="0.00"/>
        <vehicle id="21" x="201.65" y="248.53" angle="180.00" type="DEFAULT_VEHTYPE" speed="13.01" pos="43.78" lane="1/1to1/2_0" slope="0.00"/>
        <vehicle id="22" x="599.87" y="400.16" angle="-159.17" type="DEFAULT_VEHTYPE" speed="6.41" pos="5.37" lane=":3/2_10_0" slope="0.00"/>
        <vehicle id="24" x="398.35" y="441.31" angle="0.00" type="DEFAULT_VEHTYPE" speed="13.37" pos="153.94" lane="2/3to2/2_0" slope="0.00"/>
        <vehicle id="26" x="398.35" y="474.42" angle="0.00" type="DEFAULT_VEHTYPE" speed="13.70" pos="120.83" lane="2/3to2/2_0" slope="0.00"/>
        <vehicle id="28" x="338.18" y="598.35" angle="90.00" type="DEFAULT_VEHTYPE" speed="13.76" pos="133.43" lane="1/3to2/3_0" slope="0.00"/>
        <vehicle id="32" x="401.65" y="797.44" angle="180.00" type="DEFAULT_VEHTYPE" speed="12.97" pos="192.69" lane="2/3to2/4_0" slope="0.00"/>
        <vehicle id="35" x="1.91" y="398.35" angle="55.22" type="DEFAULT_VEHTYPE" speed="12.78" pos="1.91" lane="0/2to1/2_0" slope="0.00"/>
        <vehicle id="37" x="201.65" y="144.35" angle="180.00" type="DEFAULT_VEHTYPE" speed="13.76" pos="144.35" lane="1/0to1/1_0" slope="0.00"/>
        <vehicle id="38" x="414.09" y="198.35" angle="90.00" type="DEFAULT_VEHTYPE" speed="13.76" pos="9.34" lane="2/1to3/1_0" slope="0.00"/>
        <vehicle id="41" x="401.65" y="674.18" angle="180.00" type="DEFAULT_VEHTYPE" speed="13.85" pos="69.43" lane="2/3to2/4_0" slope="0.00"/>
        <vehicle id="44" x="398.35" y="573.28" angle="0.00" type="DEFAULT_VEHTYPE" speed="13.26" pos="21.97" lane="2/3to2/2_0" slope="0.00"/>
        <vehicle id="48" x="398.35" y="616.16" angle="0.00" type="DEFAULT_VEHTYPE" speed="13.84" pos="183.84" lane="2/4to2/3_0" slope="0.00"/>
        <vehicle id="5" x="24.03" y="401.65" angle="-90.00" type="DEFAULT_VEHTYPE" speed="13.22" pos="171.22" lane="1/2to0/2_0" slope="0.00"/>
        <vehicle id="7" x="392.51" y="598.35" angle="90.00" type="DEFAULT_VEHTYPE" speed="0.26" pos="187.76" lane="1/3to2/3_0" slope="0.00"/>
        <vehicle id="8" x="310.21" y="201.65" angle="-90.00" type="DEFAULT_VEHTYPE" speed="12.82" pos="85.04" lane="2/1to1/1_0" slope="0.00"/>
    </timestep>
    <timestep time="422.00">
        <vehicle id="0" x="201.65" y="462.90" angle="180.00" type="DEFAULT_VEHTYPE" speed="12.63" pos="58.15" lane="1/2to1/3_0" slope="0.00"/>
        <vehicle id="1" x="398.35" y="165.60" angle="0.00" type="DEFAULT_VEHTYPE" speed="13.82" pos="29.65" lane="2/1to2/0_0" slope="0.00"/>
        <vehicle id="17" x="384.49" y="598.35" angle="90.00" type="DEFAULT_VEHTYPE" speed="1.34" pos="179.74" lane="1/3to2/3_0" slope="0.00"/>
        <vehicle id="18" x="201.65" y="523.11" angle="180.00" type="DEFAULT_VEHTYPE" speed="13.42" pos="118.36" lane="1/2to1/3_0" slope="0.00"/>
        <vehicle id="21" x="201.65" y="261.52" angle="180.00" type="DEFAULT_VEHTYPE" speed="12.99" pos="56.77" lane="1/1to1/2_0" slope="0.00"/>
        <vehicle id="22" x="591.79" y="401.65" angle="-92.50" type="DEFAULT_VEHTYPE" speed="8.41" pos="3.46" lane="3/2to2/2_0" slope="0.00"/>
        <vehicle id="24" x="398.35" y="427.48" angle="0.00" type="DEFAULT_VEHTYPE" speed="13.83" pos="167.77" lane="2/3to2/2_0" slope="0.00"/>
        <vehicle id="26" x="398.35" y="461.58" angle="0.00" type="DEFAULT_VEHTYPE" speed="12.83" pos="133.67" lane="2/3to2/2_0" slope="0.00"/>
        <vehicle id="28" x="351.89" y="598.35" angle="90.00" type="DEFAULT_VEHTYPE" speed="13.72" pos="147.14" lane="1/3to2/3_0" slope="0.00"/>
        <vehicle id="32" x="398.35" y="794.76" angle="0.00" type="DEFAULT_VEHTYPE" speed="12.61" pos="5.24" lane="2/4to2/3_0" slope="0.00"/>
        <vehicle id="35" x="14.99" y="398.35" angle="90.00" type="DEFAULT_VEHTYPE" speed="13.08" pos="14.99" lane="0/2to1/2_0" slope="0.00"/>
        <vehicle id="37" x="201.65" y="158.00" angle="180.00" type="DEFAULT_VEHTYPE" speed="13.66" pos="158.00" lane="1/0to1/1_0" slope="0.00"/>
        <vehicle id="38" x="427.16" y="198.35" angle="90.00" type="DEFAULT_VEHTYPE" speed="13.07" pos="22.41" lane="2/1to3/1_0" slope="0.00"/>
        <vehicle id="41" x="401.65" y="687.17" angle="180.00" type="DEFAULT_VEHTYPE" speed="12.99" pos="82.42" lane="2/3to2/4_0" slope="0.00"/>
        <vehicle id="44" x="398.35" y="560.22" angle="0.00" type="DEFAULT_VEHTYPE" speed="13.06" pos="35.03" lane="2/3to2/2_0" slope="0.00"/>
        <vehicle id="48" x="398.35" y="603.31" angle="0.00" type="DEFAULT_VEHTYPE" speed="12.85" pos="1.44" lane=":2/3_1_0" slope="0.00"/>
        <vehicle id="5" x="10.85" y="401.65" angle="-90.00" type="DEFAULT_VEHTYPE" speed="13.18" pos="184.40" lane="1/2to0/2_0" slope="0.00"/>
        <vehicle id="7" x="392.71" y="598.35" angle="90.00" type="DEFAULT_VEHTYPE" speed="0.21" pos="187.96" lane="1/3to2/3_0" slope="0.00"/>
        <vehicle id="8" x="297.27" y="201.65" angle="-90.00" type="DEFAULT_VEHTYPE" speed="12.94" pos="97.98" lane="2/1to1/1_0" slope="0.00"/>
    </timestep>
    <timestep time="423.00">
        <vehicle id="0" x="201.65" y="475.90" angle="180.00" type="DEFAULT_VEHTYPE" speed="12.99" pos="71.15" lane="1/2to1/3_0" slope="0.00"/>
        <vehicle id="1" x="398.35" y="152.89" angle="0.00" type="DEFAULT_VEHTYPE" speed="12.71" pos="42.36" lane="2/1to2/0_0" slope="0.00"/>
        <vehicle id="17" x="384.89" y="598.35" angle="90.00" type="DEFAULT_VEHTYPE" speed="0.41" pos="180.14" lane="1/3to2/3_0" slope="0.00"/>
        <vehicle id="18" x="201.65" y="536.16" angle="180.00" type="DEFAULT_VEHTYPE" speed="13.05" pos="131.41" lane="1/2to1/3_0" slope="0.00"/>
        <vehicle id="21" x="201.65" y="275.32" angle="180.00" type="DEFAULT_VEHTYPE" speed="13.80" pos="70.57" lane="1/1to1/2_0" slope="0.00"/>
        <vehicle id="22" x="580.99" y="401.65" angle="-90.00" type="DEFAULT_VEHTYPE" speed="10.80" pos="14.26" lane="3/2to2/2_0" slope="0.00"/>
        <vehicle id="24" x="398.35" y="414.01" angle="0.00" type="DEFAULT_VEHTYPE" speed="13.47" pos="181.24" lane="2/3to2/2_0" slope="0.00"/>
        <vehicle id="26" x="398.35" y="447.88" angle="0.00" type="DEFAULT_VEHTYPE" speed="13.71" pos="147.37" lane="2/3to2/2_0" slope="0.00"/>
        <vehicle id="28" x="361.91" y="598.35" angle="90.00" type="DEFAULT_VEHTYPE" speed="10.02" pos="157.16" lane="1/3to2/3_0" slope="0.00"/>
        <vehicle id="32" x="398.35" y="781.56" angle="0.00" type="DEFAULT_VEHTYPE" speed="13.21" pos="18.44" lane="2/4to2/3_0" slope="0.00"/>
        <vehicle id="35" x="28.59" y="398.35" angle="90.00" type="DEFAULT_VEHTYPE" speed="13.60" pos="28.59" lane="0/2to1/2_0" slope="0.00"/>
        <vehicle id="37" x="201.65" y="171.66" angle="180.00" type="DEFAULT_VEHTYPE" speed="13.66" pos="171.66" lane="1/0to1/1_0" slope="0.00"/>
        <vehicle id="38" x="440.23" y="198.35" angle="90.00" type="DEFAULT_VEHTYPE" speed="13.07" pos="35.48" lane="2/1to3/1_0" slope="0.00"/>
        <vehicle id="41" x="401.65" y="700.16" angle="180.00" type="DEFAULT_VEHTYPE" speed="12.99" pos="95.41" lane="2/3to2/4_0" slope="0.00"/>
        <vehicle id="44" x="398.35" y="547.23" angle="0.00" type="DEFAULT_VEHTYPE" speed="13.00" pos="48.02" lane="2/3to2/2_0" slope="0.00"/>
        <vehicle id="48" x="398.35" y="590.26" angle="0.00" type="DEFAULT_VEHTYPE" speed="13.06" pos="4.99" lane="2/3to2/2_0" slope="0.00"/>
        <vehicle id="5" x="-1.58" y="399.85" angle="-65.86" type="DEFAULT_VEHTYPE" speed="13.43" pos="2.57" lane=":0/2_0_0" slope="0.00"/>
        <vehicle id="7" x="392.74" y="598.35" angle="90.00" type="DEFAULT_VEHTYPE" speed="0.02" pos="187.99" lane="1/3to2/3_0" slope="0.00"/>
        <vehicle id="8" x="283.89" y="201.65" angle="-90.00" type="DEFAULT_VEHTYPE" speed="13.38" pos="111.36" lane="2/1to1/1_0" slope="0.00"/>
    </timestep>
    <timestep time="424.00">
        <vehicle id="0" x="201.65" y="489.47" angle="180.00" type="DEFAULT_VEHTYPE" speed="13.57" pos="84.72" lane="1/2to1/3_0" slope="0.00"/>
        <vehicle id="1" x="398.35" y="139.38" angle="0.00" type="DEFAULT_VEHTYPE" speed="13.51" pos="55.87" lane="2/1to2/0_0" slope="0.00"/>
        <vehicle id="17" x="385.20" y="598.35" angle="90.00" type="DEFAULT_VEHTYPE" speed="0.31" pos="180.45" lane="1/3to2/3_0" slope="0.00"/>
        <vehicle id="18" x="201.65" y="549.69" angle="180.00" type="DEFAULT_VEHTYPE" speed="13.54" pos="144.94" lane="1/2to1/3_0" slope="0.00"/>
        <vehicle id="21" x="201.65" y="288.54" angle="180.00" type="DEFAULT_VEHTYPE" speed="13.22" pos="83.79" lane="1/1to1/2_0" slope="0.00"/>
        <vehicle id="22" x="567.69" y="401.65" angle="-90.00" type="DEFAULT_VEHTYPE" speed="13.30" pos="27.56" lane="3/2to2/2_0" slope="0.00"/>
        <vehicle id="24" x="396.82" y="401.96" angle="-19.17" type="DEFAULT_VEHTYPE" speed="12.65" pos="3.39" lane=":2/2_0_0" slope="0.00"/>
        <vehicle id="26" x="398.35" y="434.15" angle="0.00" type="DEFAULT_VEHTYPE" speed="13.73" pos="161.10" lane="2/3to2/2_0" slope="0.00"/>
        <vehicle id="28" x="369.44" y="598.35" angle="90.00" type="DEFAULT_VEHTYPE" speed="7.53" pos="164.69" lane="1/3to2/3_0" slope="0.00"/>
        <vehicle id="32" x="398.35" y="768.65" angle="0.00" type="DEFAULT_VEHTYPE" speed="12.91" pos="31.35" lane="2/4to2/3_0" slope="0.00"/>
        <vehicle id="35" x="41.96" y="398.35" angle="90.00" type="DEFAULT_VEHTYPE" speed="13.37" pos="41.96" lane="0/2to1/2_0" slope="0.00"/>
        <vehicle id="37" x="201.65" y="184.86" angle="180.00" type="DEFAULT_VEHTYPE" speed="13.20" pos="184.86" lane="1/0to1/1_0" slope="0.00"/>
        <vehicle id="38" x="453.29" y="198.35" angle="90.00" type="DEFAULT_VEHTYPE" speed="13.07" pos="48.54" lane="2/1to3/1_0" slope="0.00"/>
        <vehicle id="41" x="401.65" y="713.02" angle="180.00" type="DEFAULT_VEHTYPE" speed="12.86" pos="108.27" lane="2/3to2/4_0" slope="0.00"/>
        <vehicle id="44" x="398.35" y="534.01" angle="0.00" type="DEFAULT_VEHTYPE" speed="13.22" pos="61.24" lane="2/3to2/2_0" slope="0.00"/>
        <vehicle id="48" x="398.35" y="576.90" angle="0.00" type="DEFAULT_VEHTYPE" speed="13.35" pos="18.35" lane="2/3to2/2_0" slope="0.00"/>
        <vehicle id="5" x="11.23" y="398.35" angle="90.00" type="DEFAULT_VEHTYPE" speed="13.47" pos="11.23" lane="0/2to1/2_0" slope="0.00"/>
        <vehicle id="7" x="395.16" y="598.35" angle="90.00" type="DEFAULT_VEHTYPE" speed="2.42" pos="190.41" lane="1/3to2/3_0" slope="0.00"/>
        <vehicle id="8" x="270.96" y="201.65" angle="-90.00" type="DEFAULT_VEHTYPE" speed="12.93" pos="124.29" lane="2/1to1/1_0" slope="0.00"/>
    </timestep>
    <timestep time="425.00">
        <vehicle id="0" x="201.65" y="502.66" angle="180.00" type="DEFAULT_VEHTYPE" speed="13.19" pos="97.91" lane="1/2to1/3_0" slope="0.00"/>
        <vehicle id="1" x="398.35" y="126.57" angle="0.00" type="DEFAULT_VEHTYPE" speed="12.82" pos="68.68" lane="2/1to2/0_0" slope="0.00"/>
        <vehicle id="17" x="386.96" y="598.35" angle="90.00" type="DEFAULT_VEHTYPE" speed="1.76" pos="182.21" lane="1/3to2/3_0" slope="0.00"/>
        <vehicle id="18" x="201.65" y="562.30" angle="180.00" type="DEFAULT_VEHTYPE" speed="12.61" pos="157.55" lane="1/2to1/3_0" slope="0.00"/>
        <vehicle id="21" x="201.65" y="302.31" angle="180.00" type="DEFAULT_VEHTYPE" speed="13.77" pos="97.56" lane="1/1to1/2_0" slope="0.00"/>
        <vehicle id="22" x="554.24" y="401.65" angle="-90.00" type="DEFAULT_VEHTYPE" speed="13.46" pos="41.01" lane="3/2to2/2_0" slope="0.00"/>
        <vehicle id="24" x="383.20" y="401.65" angle="-90.00" type="DEFAULT_VEHTYPE" speed="13.66" pos="12.05" lane="2/2to1/2_0" slope="0.00"/>
        <vehicle id="26" x="398.35" y="420.35" angle="0.00" type="DEFAULT_VEHTYPE" speed="13.80" pos="174.90" lane="2/3to2/2_0" slope="0.00"/>
        <vehicle id="28" x="373.75" y="598.35" angle="90.00" type="DEFAULT_VEHTYPE" speed="4.30" pos="169.00" lane="1/3to2/3_0" slope="0.00"/>
        <vehicle id="32" x="398.35" y="755.74" angle="0.00" type="DEFAULT_VEHTYPE" speed="12.91" pos="44.26" lane="2/4to2/3_0" slope="0.00"/>
        <vehicle id="35" x="55.53" y="398.35" angle="90.00" type="DEFAULT_VEHTYPE" speed="13.58" pos="55.53" lane="0/2to1/2_0" slope="0.00"/>
        <vehicle id="37" x="203.07" y="197.97" angle="162.33" type="DEFAULT_VEHTYPE" speed="13.65" pos="3.26" lane=":1/1_8_0" slope="0.00"/>
        <vehicle id="38" x="467.01" y="198.35" angle="90.00" type="DEFAULT_VEHTYPE" speed="13.71" pos="62.26" lane="2/1to3/1_0" slope="0.00"/>
        <vehicle id="41" x="401.65" y="725.94" angle="180.00" type="DEFAULT_VEHTYPE" speed="12.92" pos="121.19" lane="2/3to2/4_0" slope="0.00"/>
        <vehicle id="44" x="398.35" y="520.76" angle="0.00" type="DEFAULT_VEHTYPE" speed="13.25" pos="74.49" lane="2/3to2/2_0" slope="0.00"/>
        <vehicle id="48" x="398.35" y="563.35" angle="0.00" type="DEFAULT_VEHTYPE" speed="13.56" pos="31.90" lane="2/3to2/2_0" slope="0.00"/>
        <vehicle id="5" x="24.97" y="398.35" angle="90.00" type="DEFAULT_VEHTYPE" speed="13.74" pos="24.97" lane="0/2to1/2_0" slope="0.00"/>
        <vehicle id="7" x="399.25" y="599.47" angle="103.23" type="DEFAULT_VEHTYPE" speed="4.33" pos="4.23" lane=":2/3_14_0" slope="0.00"/>
        <vehicle id="8" x="257.58" y="201.65" angle="-90.00" type="DEFAULT_VEHTYPE" speed="13.38" pos="137.67" lane="2/1to1/1_0" slope="0.00"/>
    </timestep>
    <timestep time="426.00">
        <vehicle id="0" x="201.65" y="515.92" angle="180.00" type="DEFAULT_VEHTYPE" speed="13.26" pos="111.17" lane="1/2to1/3_0" slope="0.00"/>
        <vehicle id="1" x="398.35" y="112.81" angle="0.00" type="DEFAULT_VEHTYPE" speed="13.76" pos="82.44" lane="2/1to2/0_0" slope="0.00"/>
        <vehicle id="17" x="389.40" y="598.35" angle="90.00" type="DEFAULT_VEHTYPE" speed="2.44" pos="184.65" lane="1/3to2/3_0" slope="0.00"/>
        <vehicle id="18" x="201.65" y="575.10" angle="180.00" type="DEFAULT_VEHTYPE" speed="12.81" pos="170.35" lane="1/2to1/3_0" slope="0.00"/>
        <vehicle id="21" x="201.65" y="315.55" angle="180.00" type="DEFAULT_VEHTYPE" speed="13.24" pos="110.80" lane="1/1to1/2_0" slope="0.00"/>
        <vehicle id="22" x="541.16" y="401.65" angle="-90.00" type="DEFAULT_VEHTYPE" speed="13.08" pos="54.09" lane="3/2to2/2_0" slope="0.00"/>
        <vehicle id="24" x="369.88" y="401.65" angle="-90.00" type="DEFAULT_VEHTYPE" speed="13.32" pos="25.37" lane="2/2to1/2_0" slope="0.00"/>
        <vehicle id="26" x="398.35" y="406.66" angle="0.00" type="DEFAULT_VEHTYPE" speed="13.69" pos="188.59" lane="2/3to2/2_0" slope="0.00"/>
        <vehicle id="28" x="377.18" y="598.35" angle="90.00" type="DEFAULT_VEHTYPE" speed="3.43" pos="172.43" lane="1/3to2/3_0" slope="0.00"/>
        <vehicle id="32" x="398.35" y="742.17" angle="0.00" type="DEFAULT_VEHTYPE" speed="13.57" pos="57.83" lane="2/4to2/3_0" slope="0.00"/>
        <vehicle id="35" x="69.35" y="398.35" angle="90.00" type="DEFAULT_VEHTYPE" speed="13.82" pos="69.35" lane="0/2to1/2_0" slope="0.00"/>
        <vehicle id="37" x="216.65" y="198.35" angle="90.00" type="DEFAULT_VEHTYPE" speed="13.64" pos="11.90" lane="1/1to2/1_0" slope="0.00"/>
        <vehicle id="38" x="480.19" y="198.35" angle="90.00" type="DEFAULT_VEHTYPE" speed="13.18" pos="75.44" lane="2/1to3/1_0" slope="0.00"/>
        <vehicle id="41" x="401.65" y="739.43" angle="180.00" type="DEFAULT_VEHTYPE" speed="13.49" pos="134.68" lane="2/3to2/4_0" slope="0.00"/>
        <vehicle id="44" x="398.35" y="507.04" angle="0.00" type="DEFAULT_VEHTYPE" speed="13.72" pos="88.21" lane="2/3to2/2_0" slope="0.00"/>
        <vehicle id="48" x="398.35" y="550.30" angle="0.00" type="DEFAULT_VEHTYPE" speed="13.05" pos="44.95" lane="2/3to2/2_0" slope="0.00"/>
        <vehicle id="5" x="38.31" y="398.35" angle="90.00" type="DEFAULT_VEHTYPE" speed="13.34" pos="38.31" lane="0/2to1/2_0" slope="0.00"/>
        <vehicle id="7" x="401.60" y="604.37" angle="159.02" type="DEFAULT_VEHTYPE" speed="5.70" pos="9.94" lane=":2/3_14_0" slope="0.00"/>
        <vehicle id="8" x="243.91" y="201.65" angle="-90.00" type="DEFAULT_VEHTYPE" speed="13.67" pos="151.34" lane="2/1to1/1_0" slope="0.00"/>
    </timestep>
    <timestep time="427.00">
        <vehicle id="0" x="201.65" y="529.74" angle="180.00" type="DEFAULT_VEHTYPE" speed="13.82" pos="124.99" lane="1/2to1/3_0" slope="0.00"/>
        <vehicle id="1" x="398.35" y="100.01" angle="0.00" type="DEFAULT_VEHTYPE" speed="12.80" pos="95.24" lane="2/1to2/0_0" slope="0.00"/>
        <vehicle id="17" x="393.93" y="598.35" angle="90.00" type="DEFAULT_VEHTYPE" speed="4.53" pos="189.18" lane="1/3to2/3_0" slope="0.00"/>
        <vehicle id="18" x="201.65" y="588.09" angle="180.00" type="DEFAULT_VEHTYPE" speed="12.98" pos="183.34" lane="1/2to1/3_0" slope="0.00"/>
        <vehicle id="21" x="201.65" y="328.70" angle="180.00" type="DEFAULT_VEHTYPE" speed="13.15" pos="123.95" lane="1/1to1/2_0" slope="0.00"/>
        <vehicle id="22" x="527.86" y="401.65" angle="-90.00" type="DEFAULT_VEHTYPE" speed="13.30" pos="67.39" lane="3/2to2/2_0" slope="0.00"/>
        <vehicle id="24" x="357.16" y="401.65" angle="-90.00" type="DEFAULT_VEHTYPE" speed="12.72" pos="38.09" lane="2/2to1/2_0" slope="0.00"/>
        <vehicle id="26" x="388.47" y="401.65" angle="-90.00" type="DEFAULT_VEHTYPE" speed="13.69" pos="6.78" lane="2/2to1/2_0" slope="0.00"/>
        <vehicle id="28" x="379.67" y="598.35" angle="90.00" type="DEFAULT_VEHTYPE" speed="2.49" pos="174.92" lane="1/3to2/3_0" slope="0.00"/>
        <vehicle id="32" x="398.35" y="729.35" angle="0.00" type="DEFAULT_VEHTYPE" speed="12.82" pos="70.65" lane="2/4to2/3_0" slope="0.00"/>
        <vehicle id="35" x="82.28" y="398.35" angle="90.00" type="DEFAULT_VEHTYPE" speed="12.92" pos="82.28" lane="0/2to1/2_0" slope="0.00"/>
        <vehicle id="37" x="229.52" y="198.35" angle="90.00" type="DEFAULT_VEHTYPE" speed="12.87" pos="24.77" lane="1/1to2/1_0" slope="0.00"/>
        <vehicle id="38" x="494.04" y="198.35" angle="90.00" type="DEFAULT_VEHTYPE" speed="13.85" pos="89.29" lane="2/1to3/1_0" slope="0.00"/>
        <vehicle id="41" x="401.65" y="752.78" angle="180.00" type="DEFAULT_VEHTYPE" speed="13.35" pos="148.03" lane="2/3to2/4_0" slope="0.00"/>
        <vehicle id="44" x="398.35" y="494.23" angle="0.00" type="DEFAULT_VEHTYPE" speed="12.81" pos="101.02" lane="2/3to2/2_0" slope="0.00"/>
        <vehicle id="48" x="398.35" y="536.62" angle="0.00" type="DEFAULT_VEHTYPE" speed="13.68" pos="58.63" lane="2/3to2/2_0" slope="0.00"/>
        <vehicle id="5" x="51.62" y="398.35" angle="90.00" type="DEFAULT_VEHTYPE" speed="13.32" pos="51.62" lane="0/2to1/2_0" slope="0.00"/>
        <vehicle id="7" x="401.65" y="611.66" angle="180.00" type="DEFAULT_VEHTYPE" speed="7.29" pos="6.91" lane="2/3to2/4_0" slope="0.00"/>
        <vehicle id="8" x="230.05" y="201.65" angle="-90.00" type="DEFAULT_VEHTYPE" speed="13.86" pos="165.20" lane="2/1to1/1_0" slope="0.00"/>
    </timestep>
    <timestep time="428.00">
        <vehicle id="0" x="201.65" y="543.39" angle="180.00" type="DEFAULT_VEHTYPE" speed="13.66" pos="138.64" lane="1/2to1/3_0" slope="0.00"/>
        <vehicle id="1" x="398.35" y="86.74" angle="0.00" type="DEFAULT_VEHTYPE" speed="13.27" pos="108.51" lane="2/1to2/0_0" slope="0.00"/>
        <vehicle id="17" x="400.13" y="600.08" angle="110.28" type="DEFAULT_VEHTYPE" speed="6.63" pos="5.31" lane=":2/3_14_0" slope="0.00"/>
        <vehicle id="18" x="205.49" y="598.35" angle="122.36" type="DEFAULT_VEHTYPE" speed="12.90" pos="0.74" lane="1/3to2/3_0" slope="0.00"/>
        <vehicle id="21" x="201.65" y="342.24" angle="180.00" type="DEFAULT_VEHTYPE" speed="13.54" pos="137.49" lane="1/1to1/2_0" slope="0.00"/>
        <vehicle id="22" x="514.40" y="401.65" angle="-90.00" type="DEFAULT_VEHTYPE" speed="13.46" pos="80.85" lane="3/2to2/2_0" slope="0.00"/>
        <vehicle id="24" x="343.52" y="401.65" angle="-90.00" type="DEFAULT_VEHTYPE" speed="13.63" pos="51.73" lane="2/2to1/2_0" slope="0.00"/>
        <vehicle id="26" x="374.73" y="401.65" angle="-90.00" type="DEFAULT_VEHTYPE" speed="13.74" pos="20.52" lane="2/2to1/2_0" slope="0.00"/>
        <vehicle id="28" x="384.33" y="598.35" angle="90.00" type="DEFAULT_VEHTYPE" speed="4.67" pos="179.58" lane="1/3to2/3_0" slope="0.00"/>
        <vehicle id="32" x="398.35" y="716.16" angle="0.00" type="DEFAULT_VEHTYPE" speed="13.19" pos="83.84" lane="2/4to2/3_0" slope="0.00"/>
        <vehicle id="35" x="95.14" y="398.35" angle="90.00" type="DEFAULT_VEHTYPE" speed="12.86" pos="95.14" lane="0/2to1/2_0" slope="0.00"/>
        <vehicle id="37" x="242.48" y="198.35" angle="90.00" type="DEFAULT_VEHTYPE" speed="12.96" pos="37.73" lane="1/1to2/1_0" slope="0.00"/>
        <vehicle id="38" x="507.49" y="198.35" angle="90.00" type="DEFAULT_VEHTYPE" speed="13.45" pos="102.74" lane="2/1to3/1_0" slope="0.00"/>
        <vehicle id="41" x="401.65" y="766.11" angle="180.00" type="DEFAULT_VEHTYPE" speed="13.33" pos="161.36" lane="2/3to2/4_0" slope="0.00"/>
        <vehicle id="44" x="398.35" y="480.79" angle="0.00" type="DEFAULT_VEHTYPE" speed="13.45" pos="114.46" lane="2/3to2/2_0" slope="0.00"/>
        <vehicle id="48" x="398.35" y="522.98" angle="0.00" type="DEFAULT_VEHTYPE" speed="13.64" pos="72.27" lane="2/3to2/2_0" slope="0.00"/>
        <vehicle id="5" x="64.83" y="398.35" angle="90.00" type="DEFAULT_VEHTYPE" speed="13.20" pos="64.83" lane="0/2to1/2_0" slope="0.00"/>
        <vehicle id="7" x="401.65" y="620.49" angle="180.00" type="DEFAULT_VEHTYPE" speed="8.84" pos="15.74" lane="2/3to2/4_0" slope="0.00"/>
        <vehicle id="8" x="220.69" y="201.65" angle="-90.00" type="DEFAULT_VEHTYPE" speed="9.36" pos="174.56" lane="2/1to1/1_0" slope="0.00"/>
    </timestep>
    <timestep time="429.00">
        <vehicle id="0" x="201.65" y="556.06" angle="180.00" type="DEFAULT_VEHTYPE" speed="12.66" pos="151.31" lane="1/2to1/3_0" slope="0.00"/>
        <vehicle id="1" x="398.35" y="73.67" angle="0.00" type="DEFAULT_VEHTYPE" speed="13.06" pos="121.58" lane="2/1to2/0_0" slope="0.00"/>
        <vehicle id="17" x="401.65" y="608.71" angle="178.31" type="DEFAULT_VEHTYPE" speed="8.97" pos="3.96" lane="2/3to2/4_0" slope="0.00"/>
        <vehicle id="18" x="219.26" y="598.35" angle="90.00" type="DEFAULT_VEHTYPE" speed="13.77" pos="14.51" lane="1/3to2/3_0" slope="0.00"/>
        <vehicle id="21" x="201.65" y="355.26" angle="180.00" type="DEFAULT_VEHTYPE" speed="13.02" pos="150.51" lane="1/1to1/2_0" slope="0.00"/>
        <vehicle id="22" x="501.11" y="401.65" angle="-90.00" type="DEFAULT_VEHTYPE" speed="13.29" pos="94.14" lane="3/2to2/2_0" slope="0.00"/>
        <vehicle id="24" x="330.63" y="401.65" angle="-90.00" type="DEFAULT_VEHTYPE" speed="12.89" pos="64.62" lane="2/2to1/2_0" slope="0.00"/>
        <vehicle id="26" x="361.77" y="401.65" angle="-90.00" type="DEFAULT_VEHTYPE" speed="12.97" pos="33.48" lane="2/2to1/2_0" slope="0.00"/>
        <vehicle id="28" x="389.36" y="598.35" angle="90.00" type="DEFAULT_VEHTYPE" speed="5.03" pos="184.61" lane="1/3to2/3_0" slope="0.00"/>
        <vehicle id="32" x="398.35" y="702.32" angle="0.00" type="DEFAULT_VEHTYPE" speed="13.84" pos="97.68" lane="2/4to2/3_0" slope="0.00"/>
        <vehicle id="35" x="108.93" y="398.35" angle="90.00" type="DEFAULT_VEHTYPE" speed="13.79" pos="108.93" lane="0/2to1/2_0" slope="0.00"/>
        <vehicle id="37" x="256.04" y="198.35" angle="90.00" type="DEFAULT_VEHTYPE" speed="13.55" pos="51.29" lane="1/1to2/1_0" slope="0.00"/>
        <vehicle id="38" x="520.59" y="198.35" angle="90.00" type="DEFAULT_VEHTYPE" speed="13.10" pos="115.84" lane="2/1to3/1_0" slope="0.00"/>
        <vehicle id="41" x="401.65" y="779.42" angle="180.00" type="DEFAULT_VEHTYPE" speed="13.31" pos="174.67" lane="2/3to2/4_0" slope="0.00"/>
        <vehicle id="44" x="398.35" y="468.10" angle="0.00" type="DEFAULT_VEHTYPE" speed="12.69" pos="127.15" lane="2/3to2/2_0" slope="0.00"/>
        <vehicle id="48" x="398.35" y="510.36" angle="0.00" type="DEFAULT_VEHTYPE" speed="12.61" pos="84.89" lane="2/3to2/2_0" slope="0.00"/>
        <vehicle id="5" x="78.38" y="398.35" angle="90.00" type="DEFAULT_VEHTYPE" speed="13.56" pos="78.38" lane="0/2to1/2_0" slope="0.00"/>
        <vehicle id="7" x="401.65" y="631.48" angle="180.00" type="DEFAULT_VEHTYPE" speed="10.98" pos="26.73" lane="2/3to2/4_0" slope="0.00"/>
        <vehicle id="8" x="214.05" y="201.65" angle="-90.00" type="DEFAULT_VEHTYPE" speed="6.64" pos="181.20" lane="2/1to1/1_0" slope="0.00"/>
    </timestep>
    <timestep time="430.00">
        <vehicle id="0" x="201.65" y="569.89" angle="180.00" type="DEFAULT_VEHTYPE" speed="13.83" pos="165.14" lane="1/2to1/3_0" slope="0.00"/>
        <vehicle id="1" x="398.35" y="60.26" angle="0.00" type="DEFAULT_VEHTYPE" speed="13.41" pos="134.99" lane="2/1to2/0_0" slope="0.00"/>
        <vehicle id="17" x="401.65" y="619.87" angle="180.00" type="DEFAULT_VEHTYPE" speed="11.16" pos="15.12" lane="2/3to2/4_0" slope="0.00"/>
        <vehicle id="18" x="232.53" y="598.35" angle="90.00" type="DEFAULT_VEHTYPE" speed="13.27" pos="27.78" lane="1/3to2/3_0" slope="0.00"/>
        <vehicle id="21" x="201.65" y="368.39" angle="180.00" type="DEFAULT_VEHTYPE" speed="13.13" pos="163.64" lane="1/1to1/2_0" slope="0.00"/>
        <vehicle id="22" x="487.71" y="401.65" angle="-90.00" type="DEFAULT_VEHTYPE" speed="13.40" pos="107.54" lane="3/2to2/2_0" slope="0.00"/>
        <vehicle id="24" x="317.01" y="401.65" angle="-90.00" type="DEFAULT_VEHTYPE" speed="13.62" pos="78.24" lane="2/2to1/2_0" slope="0.00"/>
        <vehicle id="26" x="349.00" y="401.65" angle="-90.00" type="DEFAULT_VEHTYPE" speed="12.76" pos="46.25" lane="2/2to1/2_0" slope="0.00"/>
        <vehicle id="28" x="396.41" y="598.52" angle="91.90" type="DEFAULT_VEHTYPE" speed="7.05" pos="1.17" lane=":2/3_14_0" slope="0.00"/>
        <vehicle id="32" x="398.35" y="689.17" angle="0.00" type="DEFAULT_VEHTYPE" speed="13.15" pos="110.83" lane="2/4to2/3_0" slope="0.00"/>
        <vehicle id="35" x="122.27" y="398.35" angle="90.00" type="DEFAULT_VEHTYPE" speed="13.34" pos="122.27" lane="0/2to1/2_0" slope="0.00"/>
        <vehicle id="37" x="268.87" y="198.35" angle="90.00" type="DEFAULT_VEHTYPE" speed="12.83" pos="64.12" lane="1/1to2/1_0" slope="0.00"/>
        <vehicle id="38" x="533.39" y="198.35" angle="90.00" type="DEFAULT_VEHTYPE" speed="12.80" pos="128.64" lane="2/1to3/1_0" slope="0.00"/>
        <vehicle id="41" x="401.65" y="792.11" angle="180.00" type="DEFAULT_VEHTYPE" speed="12.70" pos="187.36" lane="2/3to2/4_0" slope="0.00"/>
        <vehicle id="44" x="398.35" y="454.46" angle="0.00" type="DEFAULT_VEHTYPE" speed="13.64" pos="140.79" lane="2/3to2/2_0" slope="0.00"/>
        <vehicle id="48" x="398.35" y="496.57" angle="0.00" type="DEFAULT_VEHTYPE" speed="13.80" pos="98.68" lane="2/3to2/2_0" slope="0.00"/>
        <vehicle id="5" x="92.13" y="398.35" angle="90.00" type="DEFAULT_VEHTYPE" speed="13.74" pos="92.13" lane="0/2to1/2_0" slope="0.00"/>
        <vehicle id="7" x="401.65" y="644.21" angle="180.00" type="DEFAULT_VEHTYPE" speed="12.73" pos="39.46" lane="2/3to2/4_0" slope="0.00"/>
        <vehicle id="8" x="209.72" y="201.65" angle="-90.00" type="DEFAULT_VEHTYPE" speed="4.32" pos="185.53" lane="2/1to1/1_0" slope="0.00"/>
    </timestep>
    <timestep time="431.00">
        <vehicle id="0" x="201.65" y="583.60" angle="180.00" type="DEFAULT_VEHTYPE" speed="13.72" pos="178.85" lane="1/2to1/3_0" slope="0.00"/>
        <vehicle id="1" x="398.35" y="46.52" angle="0.00" type="DEFAULT_VEHTYPE" speed="13.74" pos="148.73" lane="2/1to2/0_0" slope="0.00"/>
        <vehicle id="17" x="401.65" y="633.42" angle="180.00" type="DEFAULT_VEHTYPE" speed="13.55" pos="28.67" lane="2/3to2/4_0" slope="0.00"/>
        <vehicle id="18" x="245.67" y="598.35" angle="90.00" type="DEFAULT_VEHTYPE" speed="13.14" pos="40.92" lane="1/3to2/3_0" slope="0.00"/>
        <vehicle id="21" x="201.65" y="381.68" angle="180.00" type="DEFAULT_VEHTYPE" speed="13.29" pos="176.93" lane="1/1to1/2_0" slope="0.00"/>
        <vehicle id="22" x="475.08" y="401.65" angle="-90.00" type="DEFAULT_VEHTYPE" speed="12.63" pos="120.17" lane="3/2to2/2_0" slope="0.00"/>
        <vehicle id="24" x="303.40" y="401.65" angle="-90.00" type="DEFAULT_VEHTYPE" speed="13.61" pos="91.85" lane="2/2to1/2_0" slope="0.00"/>
        <vehicle id="26" x="335.53" y="401.65" angle="-90.00" type="DEFAULT_VEHTYPE" speed="13.47" pos="59.72" lane="2/2to1/2_0" slope="0.00"/>
        <vehicle id="28" x="401.65" y="604.72" angle="161.83" type="DEFAULT_VEHTYPE" speed="9.12" pos="10.29" lane=":2/3_14_0" slope="0.00"/>
        <vehicle id="32" x="398.35" y="676.27" angle="0.00" type="DEFAULT_VEHTYPE" speed="12.90" pos="123.73" lane="2/4to2/3_0" slope="0.00"/>
        <vehicle id="35" x="135.97" y="398.35" angle="90.00" type="DEFAULT_VEHTYPE" speed="13.70" pos="135.97" lane="0/2to1/2_0" slope="0.00"/>
        <vehicle id="37" x="282.61" y="198.35" angle="90.00" type="DEFAULT_VEHTYPE" speed="13.75" pos="77.86" lane="1/1to2/1_0" slope="0.00"/>
        <vehicle id="38" x="546.46" y="198.35" angle="90.00" type="DEFAULT_VEHTYPE" speed="13.07" pos="141.71" lane="2/1to3/1_0" slope="0.00"/>
        <vehicle id="41" x="398.35" y="799.03" angle="-60.53" type="DEFAULT_VEHTYPE" speed="13.67" pos="0.97" lane="2/4to2/3_0" slope="0.00"/>
        <vehicle id="44" x="398.35" y="441.24" angle="0.00" type="DEFAULT_VEHTYPE" speed="13.22" pos="154.01" lane="2/3to2/2_0" slope="0.00"/>
        <vehicle id="48" x="398.35" y="483.07" angle="0.00" type="DEFAULT_VEHTYPE" speed="13.49" pos="112.18" lane="2/3to2/2_0" slope="0.00"/>
        <vehicle id="5" x="105.44" y="398.35" angle="90.00" type="DEFAULT_VEHTYPE" speed="13.32" pos="105.44" lane="0/2to1/2_0" slope="0.00"/>
        <vehicle id="7" x="401.65" y="656.96" angle="180.00" type="DEFAULT_VEHTYPE" speed="12.75" pos="52.21" lane="2/3to2/4_0" slope="0.00"/>
        <vehicle id="8" x="203.91" y="201.77" angle="-91.35" type="DEFAULT_VEHTYPE" speed="5.82" pos="0.85" lane=":1/1_4_0" slope="0.00"/>
    </timestep>
    <timestep time="432.00">
        <vehicle id="0" x="202.17" y="597.16" angle="173.91" type="DEFAULT_VEHTYPE" speed="13.66" pos="2.01" lane=":1/3_8_0" slope="0.00"/>
        <vehicle id="1" x="398.35" y="33.24" angle="0.00" type="DEFAULT_VEHTYPE" speed="13.28" pos="162.01" lane="2/1to2/0_0" slope="0.00"/>
        <vehicle id="17" x="401.65" y="646.88" angle="180.00" type="DEFAULT_VEHTYPE" speed="13.46" pos="42.13" lane="2/3to2/4_0" slope="0.00"/>
        <vehicle id="18" x="259.14" y="598.35" angle="90.00" type="DEFAULT_VEHTYPE" speed="13.47" pos="54.39" lane="1/3to2/3_0" slope="0.00"/>
        <vehicle id="21" x="201.65" y="395.33" angle="180.00" type="DEFAULT_VEHTYPE" speed="13.65" pos="0.08" lane=":1/2_9_0" slope="0.00"/>
        <vehicle id="22" x="461.74" y="401.65" angle="-90.00" type="DEFAULT_VEHTYPE" speed="13.34" pos="133.51" lane="3/2to2/2_0" slope="0.00"/>
        <vehicle id="24" x="289.60" y="401.65" angle="-90.00" type="DEFAULT_VEHTYPE" speed="13.81" pos="105.65" lane="2/2to1/2_0" slope="0.00"/>
        <vehicle id="26" x="322.46" y="401.65" angle="-90.00" type="DEFAULT_VEHTYPE" speed="13.07" pos="72.79" lane="2/2to1/2_0" slope="0.00"/>
        <vehicle id="28" x="401.65" y="616.12" angle="180.00" type="DEFAULT_VEHTYPE" speed="11.40" pos="11.37" lane="2/3to2/4_0" slope="0.00"/>
        <vehicle id="32" x="398.35" y="662.85" angle="0.00" type="DEFAULT_VEHTYPE" speed="13.42" pos="137.15" lane="2/4to2/3_0" slope="0.00"/>
        <vehicle id="35" x="148.92" y="398.35" angle="90.00" type="DEFAULT_VEHTYPE" speed="12.95" pos="148.92" lane="0/2to1/2_0" slope="0.00"/>
        <vehicle id="37" x="295.24" y="198.35" angle="90.00" type="DEFAULT_VEHTYPE" speed="12.63" pos="90.49" lane="1/1to2/1_0" slope="0.00"/>
        <vehicle id="38" x="560.27" y="198.35" angle="90.00" type="DEFAULT_VEHTYPE" speed="13.81" pos="155.52" lane="2/1to3/1_0" slope="0.00"/>
        <vehicle id="41" x="398.35" y="785.32" angle="0.00" type="DEFAULT_VEHTYPE" speed="13.72" pos="14.68" lane="2/4to2/3_0" slope="0.00"/>
        <vehicle id="44" x="398.35" y="427.83" angle="0.00" type="DEFAULT_VEHTYPE" speed="13.41" pos="167.42" lane="2/3to2/2_0" slope="0.00"/>
        <vehicle id="48" x="398.35" y="470.26" angle="0.00" type="DEFAULT_VEHTYPE" speed="12.81" pos="124.99" lane="2/3to2/2_0" slope="0.00"/>
        <vehicle id="5" x="119.20" y="398.35" angle="90.00" type="DEFAULT_VEHTYPE" speed="13.76" pos="119.20" lane="0/2to1/2_0" slope="0.00"/>
        <vehicle id="7" x="401.65" y="670.82" angle="180.00" type="DEFAULT_VEHTYPE" speed="13.86" pos="66.07" lane="2/3to2/4_0" slope="0.00"/>
        <vehicle id="8" x="201.65" y="208.28" angle="-177.23" type="DEFAULT_VEHTYPE" speed="7.68" pos="3.53" lane="1/1to1/2_0" slope="0.00"/>
    </timestep>
    <timestep time="433.00">
        <vehicle id="0" x="214.67" y="598.35" angle="90.00" type="DEFAULT_VEHTYPE" speed="12.91" pos="9.92" lane="1/3to2/3_0" slope="0.00"/>
        <vehicle id="1" x="398.35" y="19.38" angle="0.00" type="DEFAULT_VEHTYPE" speed="13.86" pos="175.87" lane="2/1to2/0_0" slope="0.00"/>
        <vehicle id="17" x="401.65" y="659.66" angle="180.00" type="DEFAULT_VEHTYPE" speed="12.78" pos="54.91" lane="2/3to2/4_0" slope="0.00"/>
        <vehicle id="18" x="272.43" y="598.35" angle="90.00" type="DEFAULT_VEHTYPE" speed="13.30" pos="67.68" lane="1/3to2/3_0" slope="0.00"/>
        <vehicle id="21" x="201.65" y="408.84" angle="180.00" type="DEFAULT_VEHTYPE" speed="13.51" pos="4.09" lane="1/2to1/3_0" slope="0.00"/>
        <vehicle id="22" x="448.35" y="401.65" angle="-90.00" type="DEFAULT_VEHTYPE" speed="13.39" pos="146.90" lane="3/2to2/2_0" slope="0.00"/>
        <vehicle id="24" x="276.99" y="401.65" angle="-90.00" type="DEFAULT_VEHTYPE" speed="12.61" pos="118.26" lane="2/2to1/2_0" slope="0.00"/>
        <vehicle id="26" x="308.70" y="401.65" angle="-90.00" type="DEFAULT_VEHTYPE" speed="13.76" pos="86.55" lane="2/2to1/2_0" slope="0.00"/>
        <vehicle id="28" x="401.65" y="629.62" angle="180.00" type="DEFAULT_VEHTYPE" speed="13.49" pos="24.87" lane="2/3to2/4_0" slope="0.00"/>
        <vehicle id="32" x="398.35" y="649.38" angle="0.00" type="DEFAULT_VEHTYPE" speed="13.47" pos="150.62" lane="2/4to2/3_0" slope="0.00"/>
        <vehicle id="35" x="162.81" y="398.35" angle="90.00" type="DEFAULT_VEHTYPE" speed="13.89" pos="162.81" lane="0/2to1/2_0" slope="0.00"/>
        <vehicle id="37" x="309.06" y="198.35" angle="90.00" type="DEFAULT_VEHTYPE" speed="13.82" pos="104.31" lane="1/1to2/1_0" slope="0.00"/>
        <vehicle id="38" x="573.19" y="198.35" angle="90.00" type="DEFAULT_VEHTYPE" speed="12.92" pos="168.44" lane="2/1to3/1_0" slope="0.00"/>
        <vehicle id="41" x="398.35" y="772.71" angle="0.00" type="DEFAULT_VEHTYPE" speed="12.61" pos="27.29" lane="2/4to2/3_0" slope="0.00"/>
        <vehicle id="44" x="398.35" y="415.11" angle="0.00" type="DEFAULT_VEHTYPE" speed="12.72" pos="180.14" lane="2/3to2/2_0" slope="0.00"/>
        <vehicle id="48" x="398.35" y="457.05" angle="0.00" type="DEFAULT_VEHTYPE" speed="13.22" pos="138.20" lane="2/3to2/2_0" slope="0.00"/>
        <vehicle id="5" x="132.50" y="398.35" angle="90.00" type="DEFAULT_VEHTYPE" speed="13.30" pos="132.50" lane="0/2to1/2_0" slope="0.00"/>
        <vehicle id="7" x="401.65" y="684.17" angle="180.00" type="DEFAULT_VEHTYPE" speed="13.35" pos="79.42" lane="2/3to2/4_0" slope="0.00"/>
        <vehicle id="8" x="201.65" y="217.83" angle="180.00" type="DEFAULT_VEHTYPE" speed="9.55" pos="13.08" lane="1/1to1/2_0" slope="0.00"/>
    </timestep>
    <timestep time="434.00">
        <vehicle id="0" x="227.33" y="598.35" angle="90.00" type="DEFAULT_VEHTYPE" speed="12.66" pos="22.58" lane="1/3to2/3_0" slope="0.00"/>
        <vehicle id="1" x="398.35" y="6.28" angle="0.00" type="DEFAULT_VEHTYPE" speed="13.10" pos="188.97" lane="2/1to2/0_0" slope="0.00"/>
        <vehicle id="17" x="401.65" y="672.79" angle="180.00" type="DEFAULT_VEHTYPE" speed="13.14" pos="68.04" lane="2/3to2/4_0" slope="0.00"/>
        <vehicle id="18" x="285.58" y="598.35" angle="90.00" type="DEFAULT_VEHTYPE" speed="13.15" pos="80.83" lane="1/3to2/3_0" slope="0.00"/>
        <vehicle id="21" x="201.65" y="422.34" angle="180.00" type="DEFAULT_VEHTYPE" speed="13.50" pos="17.59" lane="1/2to1/3_0" slope="0.00"/>
        <vehicle id="22" x="435.04" y="401.65" angle="-90.00" type="DEFAULT_VEHTYPE" speed="13.31" pos="160.21" lane="3/2to2/2_0" slope="0.00"/>
        <vehicle id="24" x="264.28" y="401.65" angle="-90.00" type="DEFAULT_VEHTYPE" speed="12.71" pos="130.97" lane="2/2to1/2_0" slope="0.00"/>
        <vehicle id="26" x="295.48" y="401.65" angle="-90.00" type="DEFAULT_VEHTYPE" speed="13.22" pos="99.77" lane="2/2to1/2_0" slope="0.00"/>
        <vehicle id="28" x="401.65" y="642.28" angle="180.00" type="DEFAULT_VEHTYPE" speed="12.66" pos="37.53" lane="2/3to2/4_0" slope="0.00"/>
        <vehicle id="32" x="398.35" y="636.23" angle="0.00" type="DEFAULT_VEHTYPE" speed="13.16" pos="163.77" lane="2/4to2/3_0" slope="0.00"/>
        <vehicle id="35" x="175.18" y="398.35" angle="90.00" type="DEFAULT_VEHTYPE" speed="12.37" pos="175.18" lane="0/2to1/2_0" slope="0.00"/>
        <vehicle id="37" x="322.59" y="198.35" angle="90.00" type="DEFAULT_VEHTYPE" speed="13.53" pos="117.84" lane="1/1to2/1_0" slope="0.00"/>
        <vehicle id="38" x="582.48" y="198.35" angle="90.00" type="DEFAULT_VEHTYPE" speed="9.29" pos="177.73" lane="2/1to3/1_0" slope="0.00"/>
        <vehicle id="41" x="398.35" y="759.38" angle="0.00" type="DEFAULT_VEHTYPE" speed="13.33" pos="40.62" lane="2/4to2/3_0" slope="0.00"/>
        <vehicle id="44" x="397.62" y="402.48" angle="-8.62" type="DEFAULT_VEHTYPE" speed="12.79" pos="2.43" lane=":2/2_0_0" slope="0.00"/>
        <vehicle id="48" x="398.35" y="443.78" angle="0.00" type="DEFAULT_VEHTYPE" speed="13.27" pos="151.47" lane="2/3to2/2_0" slope="0.00"/>
        <vehicle id="5" x="145.89" y="398.35" angle="90.00" type="DEFAULT_VEHTYPE" speed="13.39" pos="145.89" lane="0/2to1/2_0" slope="0.00"/>
        <vehicle id="7" x="401.65" y="697.94" angle="180.00" type="DEFAULT_VEHTYPE" speed="13.77" pos="93.19" lane="2/3to2/4_0" slope="0.00"/>
        <vehicle id="8" x="201.65" y="228.89" angle="180.00" type="DEFAULT_VEHTYPE" speed="11.06" pos="24.14" lane="1/1to1/2_0" slope="0.00"/>
    </timestep>
    <timestep time="435.00">
        <vehicle id="0" x="240.19" y="598.35" angle="90.00" type="DEFAULT_VEHTYPE" speed="12.87" pos="35.44" lane="1/3to2/3_0" slope="0.00"/>
        <vehicle id="1" x="401.65" y="2.17" angle="150.89" type="DEFAULT_VEHTYPE" speed="13.27" pos="2.17" lane="2/0to2/1_0" slope="0.00"/>
        <vehicle id="17" x="401.65" y="686.56" angle="180.00" type="DEFAULT_VEHTYPE" speed="13.77" pos="81.81" lane="2/3to2/4_0" slope="0.00"/>
        <vehicle id="18" x="299.37" y="598.35" angle="90.00" type="DEFAULT_VEHTYPE" speed="13.78" pos="94.62" lane="1/3to2/3_0" slope="0.00"/>
        <vehicle id="21" x="201.65" y="435.27" angle="180.00" type="DEFAULT_VEHTYPE" speed="12.93" pos="30.52" lane="1/2to1/3_0" slope="0.00"/>
        <vehicle id="22" x="423.79" y="401.65" angle="-90.00" type="DEFAULT_VEHTYPE" speed="11.25" pos="171.46" lane="3/2to2/2_0" slope="0.00"/>
        <vehicle id="24" x="250.66" y="401.65" angle="-90.00" type="DEFAULT_VEHTYPE" speed="13.62" pos="144.59" lane="2/2to1/2_0" slope="0.00"/>
        <vehicle id="26" x="282.26" y="401.65" angle="-90.00" type="DEFAULT_VEHTYPE" speed="13.22" pos="112.99" lane="2/2to1/2_0" slope="0.00"/>
        <vehicle id="28" x="401.65" y="655.38" angle="180.00" type="DEFAULT_VEHTYPE" speed="13.11" pos="50.63" lane="2/3to2/4_0" slope="0.00"/>
        <vehicle id="32" x="398.35" y="622.51" angle="0.00" type="DEFAULT_VEHTYPE" speed="13.72" pos="177.49" lane="2/4to2/3_0" slope="0.00"/>
        <vehicle id="35" x="183.04" y="398.35" angle="90.00" type="DEFAULT_VEHTYPE" speed="7.87" pos="183.04" lane="0/2to1/2_0" slope="0.00"/>
        <vehicle id="37" x="336.34" y="198.35" angle="90.00" type="DEFAULT_VEHTYPE" speed="13.75" pos="131.59" lane="1/1to2/1_0" slope="0.00"/>
        <vehicle id="38" x="588.59" y="198.35" angle="90.00" type="DEFAULT_VEHTYPE" speed="6.12" pos="183.84" lane="2/1to3/1_0" slope="0.00"/>
        <vehicle id="41" x="398.35" y="746.04" angle="0.00" type="DEFAULT_VEHTYPE" speed="13.34" pos="53.96" lane="2/4to2/3_0" slope="0.00"/>
        <vehicle id="44" x="384.92" y="401.65" angle="-90.00" type="DEFAULT_VEHTYPE" speed="12.90" pos="10.33" lane="2/2to1/2_0" slope="0.00"/>
        <vehicle id="48" x="398.35" y="430.17" angle="0.00" type="DEFAULT_VEHTYPE" speed="13.61" pos="165.08" lane="2/3to2/2_0" slope="0.00"/>
        <vehicle id="5" x="159.21" y="398.35" angle="90.00" type="DEFAULT_VEHTYPE" speed="13.33" pos="159.21" lane="0/2to1/2_0" slope="0.00"/>
        <vehicle id="7" x="401.65" y="711.04" angle="180.00" type="DEFAULT_VEHTYPE" speed="13.10" pos="106.29" lane="2/3to2/4_0" slope="0.00"/>
        <vehicle id="8" x="201.65" y="241.90" angle="180.00" type="DEFAULT_VEHTYPE" speed="13.02" pos="37.15" lane="1/1to1/2_0" slope="0.00"/>
    </timestep>
    <timestep time="436.00">
        <vehicle id="0" x="253.74" y="598.35" angle="90.00" type="DEFAULT_VEHTYPE" speed="13.55" pos="48.99" lane="1/3to2/3_0" slope="0.00"/>
        <vehicle id="1" x="401.65" y="15.88" angle="180.00" type="DEFAULT_VEHTYPE" speed="13.71" pos="15.88" lane="2/0to2/1_0" slope="0.00"/>
        <vehicle id="17" x="401.65" y="699.20" angle="180.00" type="DEFAULT_VEHTYPE" speed="12.63" pos="94.45" lane="2/3to2/4_0" slope="0.00"/>
        <vehicle id="18" x="312.09" y="598.35" angle="90.00" type="DEFAULT_VEHTYPE" speed="12.73" pos="107.34" lane="1/3to2/3_0" slope="0.00"/>
        <vehicle id="21" x="201.65" y="448.41" angle="180.00" type="DEFAULT_VEHTYPE" speed="13.14" pos="43.66" lane="1/2to1/3_0" slope="0.00"/>
        <vehicle id="22" x="415.42" y="401.65" angle="-90.00" type="DEFAULT_VEHTYPE" speed="8.38" pos="179.83" lane="3/2to2/2_0" slope="0.00"/>
        <vehicle id="24" x="237.62" y="401.65" angle="-90.00" type="DEFAULT_VEHTYPE" speed="13.04" pos="157.63" lane="2/2to1/2_0" slope="0.00"/>
        <vehicle id="26" x="269.05" y="401.65" angle="-90.00" type="DEFAULT_VEHTYPE" speed="13.20" pos="126.20" lane="2/2to1/2_0" slope="0.00"/>
        <vehicle id="28" x="401.65" y="668.17" angle="180.00" type="DEFAULT_VEHTYPE" speed="12.79" pos="63.42" lane="2/3to2/4_0" slope="0.00"/>
        <vehicle id="32" x="398.35" y="609.24" angle="0.00" type="DEFAULT_VEHTYPE" speed="13.27" pos="190.76" lane="2/4to2/3_0" slope="0.00"/>
        <vehicle id="35" x="187.84" y="398.35" angle="90.00" type="DEFAULT_VEHTYPE" speed="4.80" pos="187.84" lane="0/2to1/2_0" slope="0.00"/>
        <vehicle id="37" x="349.50" y="198.35" angle="90.00" type="DEFAULT_VEHTYPE" speed="13.16" pos="144.75" lane="1/1to2/1_0" slope="0.00"/>
        <vehicle id="38" x="596.83" y="198.35" angle="90.00" type="DEFAULT_VEHTYPE" speed="8.24" pos="1.58" lane=":3/1_13_0" slope="0.00"/>
        <vehicle id="41" x="398.35" y="732.28" angle="0.00" type="DEFAULT_VEHTYPE" speed="13.76" pos="67.72" lane="2/4to2/3_0" slope="0.00"/>
        <vehicle id="44" x="371.67" y="401.65" angle="-90.00" type="DEFAULT_VEHTYPE" speed="13.25" pos="23.58" lane="2/2to1/2_0" slope="0.00"/>
        <vehicle id="48" x="398.35" y="417.00" angle="0.00" type="DEFAULT_VEHTYPE" speed="13.17" pos="178.25" lane="2/3to2/2_0" slope="0.00"/>
        <vehicle id="5" x="169.62" y="398.35" angle="90.00" type="DEFAULT_VEHTYPE" speed="10.41" pos="169.62" lane="0/2to1/2_0" slope="0.00"/>
        <vehicle id="7" x="401.65" y="723.66" angle="180.00" type="DEFAULT_VEHTYPE" speed="12.62" pos="118.91" lane="2/3to2/4_0" slope="0.00"/>
        <vehicle id="8" x="201.65" y="255.62" angle="180.00" type="DEFAULT_VEHTYPE" speed="13.72" pos="50.87" lane="1/1to1/2_0" slope="0.00"/>
    </timestep>
    <timestep time="437.00">
        <vehicle id="0" x="267.06" y="598.35" angle="90.00" type="DEFAULT_VEHTYPE" speed="13.32" pos="62.31" lane="1/3to2/3_0" slope="0.00"/>
        <vehicle id="1" x="401.65" y="29.14" angle="180.00" type="DEFAULT_VEHTYPE" speed="13.26" pos="29.14" lane="2/0to2/1_0" slope="0.00"/>
        <vehicle id="17" x="401.65" y="712.49" angle="180.00" type="DEFAULT_VEHTYPE" speed="13.29" pos="107.74" lane="2/3to2/4_0" slope="0.00"/>
        <vehicle id="18" x="324.85" y="598.35" angle="90.00" type="DEFAULT_VEHTYPE" speed="12.76" pos="120.10" lane="1/3to2/3_0" slope="0.00"/>
        <vehicle id="21" x="201.65" y="461.08" angle="180.00" type="DEFAULT_VEHTYPE" speed="12.67" pos="56.33" lane="1/2to1/3_0" slope="0.00"/>
        <vehicle id="22" x="410.89" y="401.65" angle="-90.00" type="DEFAULT_VEHTYPE" speed="4.52" pos="184.36" lane="3/2to2/2_0" slope="0.00"/>
        <vehicle id="24" x="225.64" y="401.65" angle="-90.00" type="DEFAULT_VEHTYPE" speed="11.97" pos="169.61" lane="2/2to1/2_0" slope="0.00"/>
        <vehicle id="26" x="255.27" y="401.65" angle="-90.00" type="DEFAULT_VEHTYPE" speed="13.78" pos="139.98" lane="2/2to1/2_0" slope="0.00"/>
        <vehicle id="28" x="401.65" y="681.66" angle="180.00" type="DEFAULT_VEHTYPE" speed="13.49" pos="76.91" lane="2/3to2/4_0" slope="0.00"/>
        <vehicle id="32" x="398.35" y="595.53" angle="0.00" type="DEFAULT_VEHTYPE" speed="13.71" pos="9.22" lane=":2/3_1_0" slope="0.00"/>
        <vehicle id="35" x="190.33" y="398.35" angle="90.00" type="DEFAULT_VEHTYPE" speed="2.49" pos="190.33" lane="0/2to1/2_0" slope="0.00"/>
        <vehicle id="37" x="363.18" y="198.35" angle="90.00" type="DEFAULT_VEHTYPE" speed="13.68" pos="158.43" lane="1/1to2/1_0" slope="0.00"/>
        <vehicle id="38" x="607.43" y="198.35" angle="90.00" type="DEFAULT_VEHTYPE" speed="10.60" pos="2.68" lane="3/1to4/1_0" slope="0.00"/>
        <vehicle id="41" x="398.35" y="719.63" angle="0.00" type="DEFAULT_VEHTYPE" speed="12.65" pos="80.37" lane="2/4to2/3_0" slope="0.00"/>
        <vehicle id="44" x="358.57" y="401.65" angle="-90.00" type="DEFAULT_VEHTYPE" speed="13.10" pos="36.68" lane="2/2to1/2_0" slope="0.00"/>
        <vehicle id="48" x="398.20" y="403.65" angle="-1.77" type="DEFAULT_VEHTYPE" speed="13.36" pos="1.11" lane=":2/2_0_0" slope="0.00"/>
        <vehicle id="5" x="176.95" y="398.35" angle="90.00" type="DEFAULT_VEHTYPE" speed="7.33" pos="176.95" lane="0/2to1/2_0" slope="0.00"/>
        <vehicle id="7" x="401.65" y="736.89" angle="180.00" type="DEFAULT_VEHTYPE" speed="13.23" pos="132.14" lane="2/3to2/4_0" slope="0.00"/>
        <vehicle id="8" x="201.65" y="268.29" angle="180.00" type="DEFAULT_VEHTYPE" speed="12.67" pos="63.54" lane="1/1to1/2_0" slope="0.00"/>
    </timestep>
    <timestep time="438.00">
        <vehicle id="0" x="280.52" y="598.35" angle="90.00" type="DEFAULT_VEHTYPE" speed="13.45" pos="75.77" lane="1/3to2/3_0" slope="0.00"/>
        <vehicle id="1" x="401.65" y="42.83" angle="180.00" type="DEFAULT_VEHTYPE" speed="13.70" pos="42.83" lane="2/0to2/1_0" slope="0.00"/>
        <vehicle id="17" x="401.65" y="726.00" angle="180.00" type="DEFAULT_VEHTYPE" speed="13.51" pos="121.25" lane="2/3to2/4_0" slope="0.00"/>
        <vehicle id="18" x="338.59" y="598.35" angle="90.00" type="DEFAULT_VEHTYPE" speed="13.74" pos="133.84" lane="1/3to2/3_0" slope="0.00"/>
        <vehicle id="21" x="201.65" y="473.94" angle="180.00" type="DEFAULT_VEHTYPE" speed="12.86" pos="69.19" lane="1/2to1/3_0" slope="0.00"/>
        <vehicle id="22" x="404.77" y="401.65" angle="-90.00" type="DEFAULT_VEHTYPE" speed="6.12" pos="190.48" lane="3/2to2/2_0" slope="0.00"/>
        <vehicle id="24" x="217.10" y="401.65" angle="-90.00" type="DEFAULT_VEHTYPE" speed="8.55" pos="178.15" lane="2/2to1/2_0" slope="0.00"/>
        <vehicle id="26" x="241.94" y="401.65" angle="-90.00" type="DEFAULT_VEHTYPE" speed="13.34" pos="153.31" lane="2/2to1/2_0" slope="0.00"/>
        <vehicle id="28" x="401.65" y="695.24" angle="180.00" type="DEFAULT_VEHTYPE" speed="13.58" pos="90.49" lane="2/3to2/4_0" slope="0.00"/>
        <vehicle id="32" x="398.35" y="581.79" angle="0.00" type="DEFAULT_VEHTYPE" speed="13.74" pos="13.46" lane="2/3to2/2_0" slope="0.00"/>
        <vehicle id="35" x="191.62" y="398.35" angle="90.00" type="DEFAULT_VEHTYPE" speed="1.29" pos="191.62" lane="0/2to1/2_0" slope="0.00"/>
        <vehicle id="37" x="374.81" y="198.35" angle="90.00" type="DEFAULT_VEHTYPE" speed="11.62" pos="170.06" lane="1/1to2/1_0" slope="0.00"/>
        <vehicle id="38" x="620.23" y="198.35" angle="90.00" type="DEFAULT_VEHTYPE" speed="12.80" pos="15.48" lane="3/1to4/1_0" slope="0.00"/>
        <vehicle id="41" x="398.35" y="706.21" angle="0.00" type="DEFAULT_VEHTYPE" speed="13.42" pos="93.79" lane="2/4to2/3_0" slope="0.00"/>
        <vehicle id="44" x="345.86" y="401.65" angle="-90.00" type="DEFAULT_VEHTYPE" speed="12.71" pos="49.39" lane="2/2to1/2_0" slope="0.00"/>
        <vehicle id="48" x="386.32" y="401.65" angle="-90.00" type="DEFAULT_VEHTYPE" speed="12.82" pos="8.93" lane="2/2to1/2_0" slope="0.00"/>
        <vehicle id="5" x="179.78" y="398.35" angle="90.00" type="DEFAULT_VEHTYPE" speed="2.83" pos="179.78" lane="0/2to1/2_0" slope="0.00"/>
        <vehicle id="7" x="401.65" y="749.84" angle="180.00" type="DEFAULT_VEHTYPE" speed="12.95" pos="145.09" lane="2/3to2/4_0" slope="0.00"/>
        <vehicle id="8" x="201.65" y="281.83" angle="180.00" type="DEFAULT_VEHTYPE" speed="13.54" pos="77.08" lane="1/1to1/2_0" slope="0.00"/>
    </timestep>
    <timestep time="439.00">
        <vehicle id="0" x="294.39" y="598.35" angle="90.00" type="DEFAULT_VEHTYPE" speed="13.87" pos="89.64" lane="1/3to2/3_0" slope="0.00"/>
        <vehicle id="1" x="401.65" y="56.21" angle="180.00" type="DEFAULT_VEHTYPE" speed="13.37" pos="56.21" lane="2/0to2/1_0" slope="0.00"/>
        <vehicle id="17" x="401.65" y="738.62" angle="180.00" type="DEFAULT_VEHTYPE" speed="12.62" pos="133.87" lane="2/3to2/4_0" slope="0.00"/>
        <vehicle id="18" x="351.66" y="598.35" angle="90.00" type="DEFAULT_VEHTYPE" speed="13.07" pos="146.91" lane="1/3to2/3_0" slope="0.00"/>
        <vehicle id="21" x="201.65" y="487.29" angle="180.00" type="DEFAULT_VEHTYPE" speed="13.35" pos="82.54" lane="1/2to1/3_0" slope="0.00"/>
        <vehicle id="22" x="398.64" y="397.31" angle="-38.36" type="DEFAULT_VEHTYPE" speed="8.26" pos="8.24" lane=":2/2_6_0" slope="0.00"/>
        <vehicle id="24" x="212.36" y="401.65" angle="-90.00" type="DEFAULT_VEHTYPE" speed="4.74" pos="182.89" lane="2/2to1/2_0" slope="0.00"/>
        <vehicle id="26" x="230.87" y="401.65" angle="-90.00" type="DEFAULT_VEHTYPE" speed="11.06" pos="164.38" lane="2/2to1/2_0" slope="0.00"/>
        <vehicle id="28" x="401.65" y="709.07" angle="180.00" type="DEFAULT_VEHTYPE" speed="13.83" pos="104.32" lane="2/3to2/4_0" slope="0.00"/>
        <vehicle id="32" x="398.35" y="568.83" angle="0.00" type="DEFAULT_VEHTYPE" speed="12.97" pos="26.42" lane="2/3to2/2_0" slope="0.00"/>
        <vehicle id="35" x="192.38" y="398.35" angle="90.00" type="DEFAULT_VEHTYPE" speed="0.76" pos="192.38" lane="0/2to1/2_0" slope="0.00"/>
        <vehicle id="37" x="383.41" y="198.35" angle="90.00" type="DEFAULT_VEHTYPE" speed="8.61" pos="178.66" lane="1/1to2/1_0" slope="0.00"/>
        <vehicle id="38" x="633.36" y="198.35" angle="90.00" type="DEFAULT_VEHTYPE" speed="13.13" pos="28.61" lane="3/1to4/1_0" slope="0.00"/>
        <vehicle id="41" x="398.35" y="693.54" angle="0.00" type="DEFAULT_VEHTYPE" speed="12.66" pos="106.46" lane="2/4to2/3_0" slope="0.00"/>
        <vehicle id="44" x="332.22" y="401.65" angle="-90.00" type="DEFAULT_VEHTYPE" speed="13.64" pos="63.03" lane="2/2to1/2_0" slope="0.00"/>
        <vehicle id="48" x="372.77" y="401.65" angle="-90.00" type="DEFAULT_VEHTYPE" speed="13.55" pos="22.48" lane="2/2to1/2_0" slope="0.00"/>
        <vehicle id="5" x="182.18" y="398.35" angle="90.00" type="DEFAULT_VEHTYPE" speed="2.40" pos="182.18" lane="0/2to1/2_0" slope="0.00"/>
        <vehicle id="7" x="401.65" y="762.90" angle="180.00" type="DEFAULT_VEHTYPE" speed="13.07" pos="158.15" lane="2/3to2/4_0" slope="0.00"/>
        <vehicle id="8" x="201.65" y="294.91" angle="180.00" type="DEFAULT_VEHTYPE" speed="13.08" pos="90.16" lane="1/1to1/2_0" slope="0.00"/>
    </timestep>
    <timestep time="440.00">
        <vehicle id="0" x="308.15" y="598.35" angle="90.00" type="DEFAULT_VEHTYPE" speed="13.77" pos="103.40" lane="1/3to2/3_0" slope="0.00"/>
        <vehicle id="1" x="401.65" y="69.74" angle="180.00" type="DEFAULT_VEHTYPE" speed="13.53" pos="69.74" lane="2/0to2/1_0" slope="0.00"/>
        <vehicle id="17" x="401.65" y="752.11" angle="180.00" type="DEFAULT_VEHTYPE" speed="13.49" pos="147.36" lane="2/3to2/4_0" slope="0.00"/>
        <vehicle id="18" x="364.59" y="598.35" angle="90.00" type="DEFAULT_VEHTYPE" speed="12.94" pos="159.84" lane="1/3to2/3_0" slope="0.00"/>
        <vehicle id="21" x="201.65" y="500.76" angle="180.00" type="DEFAULT_VEHTYPE" speed="13.47" pos="96.01" lane="1/2to1/3_0" slope="0.00"/>
        <vehicle id="22" x="398.35" y="386.64" angle="0.00" type="DEFAULT_VEHTYPE" speed="10.69" pos="8.61" lane="2/2to2/1_0" slope="0.00"/>
        <vehicle id="24" x="209.26" y="401.65" angle="-90.00" type="DEFAULT_VEHTYPE" speed="3.10" pos="185.99" lane="2/2to1/2_0" slope="0.00"/>
        <vehicle id="26" x="224.30" y="401.65" angle="-90.00" type="DEFAULT_VEHTYPE" speed="6.57" pos="170.95" lane="2/2to1/2_0" slope="0.00"/>
        <vehicle id="28" x="401.65" y="722.63" angle="180.00" type="DEFAULT_VEHTYPE" speed="13.56" pos="117.88" lane="2/3to2/4_0" slope="0.00"/>
        <vehicle id="32" x="398.35" y="555.76" angle="0.00" type="DEFAULT_VEHTYPE" speed="13.07" pos="39.49" lane="2/3to2/2_0" slope="0.00"/>
        <vehicle id="35" x="192.63" y="398.35" angle="90.00" type="DEFAULT_VEHTYPE" speed="0.25" pos="192.63" lane="0/2to1/2_0" slope="0.00"/>
        <vehicle id="37" x="389.06" y="198.35" angle="90.00" type="DEFAULT_VEHTYPE" speed="5.65" pos="184.31" lane="1/1to2/1_0" slope="0.00"/>
        <vehicle id="38" x="646.97" y="198.35" angle="90.00" type="DEFAULT_VEHTYPE" speed="13.62" pos="42.22" lane="3/1to4/1_0" slope="0.00"/>
        <vehicle id="41" x="398.35" y="679.96" angle="0.00" type="DEFAULT_VEHTYPE" speed="13.59" pos="120.04" lane="2/4to2/3_0" slope="0.00"/>
        <vehicle id="44" x="318.46" y="401.65" angle="-90.00" type="DEFAULT_VEHTYPE" speed="13.75" pos="76.79" lane="2/2to1/2_0" slope="0.00"/>
        <vehicle id="48" x="359.85" y="401.65" angle="-90.00" type="DEFAULT_VEHTYPE" speed="12.92" pos="35.40" lane="2/2to1/2_0" slope="0.00"/>
        <vehicle id="5" x="183.31" y="398.35" angle="90.00" type="DEFAULT_VEHTYPE" speed="1.13" pos="183.31" lane="0/2to1/2_0" slope="0.00"/>
        <vehicle id="7" x="401.65" y="775.84" angle="180.00" type="DEFAULT_VEHTYPE" speed="12.94" pos="171.09" lane="2/3to2/4_0" slope="0.00"/>
        <vehicle id="8" x="201.65" y="308.37" angle="180.00" type="DEFAULT_VEHTYPE" speed="13.46" pos="103.62" lane="1/1to1/2_0" slope="0.00"/>
    </timestep>
    <timestep time="441.00">
        <vehicle id="0" x="321.82" y="598.35" angle="90.00" type="DEFAULT_VEHTYPE" speed="13.67" pos="117.07" lane="1/3to2/3_0" slope="0.00"/>
        <vehicle id="1" x="401.65" y="82.94" angle="180.00" type="DEFAULT_VEHTYPE" speed="13.20" pos="82.94" lane="2/0to2/1_0" slope="0.00"/>
        <vehicle id="17" x="401.65" y="765.20" angle="180.00" type="DEFAULT_VEHTYPE" speed="13.08" pos="160.45" lane="2/3to2/4_0" slope="0.00"/>
        <vehicle id="18" x="376.41" y="598.35" angle="90.00" type="DEFAULT_VEHTYPE" speed="11.82" pos="171.66" lane="1/3to2/3_0" slope="0.00"/>
        <vehicle id="21" x="201.65" y="514.46" angle="180.00" type="DEFAULT_VEHTYPE" speed="13.70" pos="109.71" lane="1/2to1/3_0" slope="0.00"/>
        <vehicle id="22" x="398.35" y="373.48" angle="0.00" type="DEFAULT_VEHTYPE" speed="13.15" pos="21.77" lane="2/2to2/1_0" slope="0.00"/>
        <vehicle id="24" x="204.09" y="401.65" angle="-90.00" type="DEFAULT_VEHTYPE" speed="5.17" pos="0.66" lane=":1/2_5_0" slope="0.00"/>
        <vehicle id="26" x="219.63" y="401.65" angle="-90.00" type="DEFAULT_VEHTYPE" speed="4.67" pos="175.62" lane="2/2to1/2_0" slope="0.00"/>
        <vehicle id="28" x="401.65" y="735.44" angle="180.00" type="DEFAULT_VEHTYPE" speed="12.81" pos="130.69" lane="2/3to2/4_0" slope="0.00"/>
        <vehicle id="32" x="398.35" y="542.23" angle="0.00" type="DEFAULT_VEHTYPE" speed="13.53" pos="53.02" lane="2/3to2/2_0" slope="0.00"/>
        <vehicle id="35" x="192.75" y="398.35" angle="90.00" type="DEFAULT_VEHTYPE" speed="0.11" pos="192.75" lane="0/2to1/2_0" slope="0.00"/>
        <vehicle id="37" x="396.23" y="198.35" angle="90.00" type="DEFAULT_VEHTYPE" speed="7.17" pos="0.98" lane=":2/1_13_0" slope="0.00"/>
        <vehicle id="38" x="660.14" y="198.35" angle="90.00" type="DEFAULT_VEHTYPE" speed="13.16" pos="55.39" lane="3/1to4/1_0" slope="0.00"/>
        <vehicle id="41" x="398.35" y="666.49" angle="0.00" type="DEFAULT_VEHTYPE" speed="13.47" pos="133.51" lane="2/4to2/3_0" slope="0.00"/>
        <vehicle id="44" x="304.93" y="401.65" angle="-90.00" type="DEFAULT_VEHTYPE" speed="13.53" pos="90.32" lane="2/2to1/2_0" slope="0.00"/>
        <vehicle id="48" x="347.05" y="401.65" angle="-90.00" type="DEFAULT_VEHTYPE" speed="12.80" pos="48.20" lane="2/2to1/2_0" slope="0.00"/>
        <vehicle id="5" x="184.62" y="398.35" angle="90.00" type="DEFAULT_VEHTYPE" speed="1.31" pos="184.62" lane="0/2to1/2_0" slope="0.00"/>
        <vehicle id="7" x="401.65" y="789.40" angle="180.00" type="DEFAULT_VEHTYPE" speed="13.56" pos="184.65" lane="2/3to2/4_0" slope="0.00"/>
        <vehicle id="8" x="201.65" y="322.03" angle="180.00" type="DEFAULT_VEHTYPE" speed="13.66" pos="117.28" lane="1/1to1/2_0" slope="0.00"/>
    </timestep>
    <timestep time="442.00">
        <vehicle id="0" x="334.97" y="598.35" angle="90.00" type="DEFAULT_VEHTYPE" speed="13.16" pos="130.22" lane="1/3to2/3_0" slope="0.00"/>
        <vehicle id="1" x="401.65" y="96.52" angle="180.00" type="DEFAULT_VEHTYPE" speed="13.58" pos="96.52" lane="2/0to2/1_0" slope="0.00"/>
        <vehicle id="17" x="401.65" y="777.85" angle="180.00" type="DEFAULT_VEHTYPE" speed="12.66" pos="173.10" lane="2/3to2/4_0" slope="0.00"/>
        <vehicle id="18" x="383.73" y="598.35" angle="90.00" type="DEFAULT_VEHTYPE" speed="7.32" pos="178.98" lane="1/3to2/3_0" slope="0.00"/>
        <vehicle id="21" x="201.65" y="527.89" angle="180.00" type="DEFAULT_VEHTYPE" speed="13.43" pos="123.14" lane="1/2to1/3_0" slope="0.00"/>
        <vehicle id="22" x="398.35" y="360.08" angle="0.00" type="DEFAULT_VEHTYPE" speed="13.40" pos="35.17" lane="2/2to2/1_0" slope="0.00"/>
        <vehicle id="24" x="197.08" y="401.65" angle="-90.00" type="DEFAULT_VEHTYPE" speed="7.01" pos="7.67" lane=":1/2_5_0" slope="0.00"/>
        <vehicle id="26" x="213.53" y="401.65" angle="-90.00" type="DEFAULT_VEHTYPE" speed="6.10" pos="181.72" lane="2/2to1/2_0" slope="0.00"/>
        <vehicle id="28" x="401.65" y="748.93" angle="180.00" type="DEFAULT_VEHTYPE" speed="13.49" pos="144.18" lane="2/3to2/4_0" slope="0.00"/>
        <vehicle id="32" x="398.35" y="528.98" angle="0.00" type="DEFAULT_VEHTYPE" speed="13.25" pos="66.27" lane="2/3to2/2_0" slope="0.00"/>
        <vehicle id="35" x="192.75" y="398.35" angle="90.00" type="DEFAULT_VEHTYPE" speed="0.00" pos="192.75" lane="0/2to1/2_0" slope="0.00"/>
        <vehicle id="37" x="405.76" y="198.35" angle="90.00" type="DEFAULT_VEHTYPE" speed="9.52" pos="1.01" lane="2/1to3/1_0" slope="0.00"/>
        <vehicle id="38" x="672.98" y="198.35" angle="90.00" type="DEFAULT_VEHTYPE" speed="12.84" pos="68.23" lane="3/1to4/1_0" slope="0.00"/>
        <vehicle id="41" x="398.35" y="653.54" angle="0.00" type="DEFAULT_VEHTYPE" speed="12.94" pos="146.46" lane="2/4to2/3_0" slope="0.00"/>
        <vehicle id="44" x="291.90" y="401.65" angle="-90.00" type="DEFAULT_VEHTYPE" speed="13.03" pos="103.35" lane="2/2to1/2_0" slope="0.00"/>
        <vehicle id="48" x="333.73" y="401.65" angle="-90.00" type="DEFAULT_VEHTYPE" speed="13.32" pos="61.52" lane="2/2to1/2_0" slope="0.00"/>
        <vehicle id="5" x="185.02" y="398.35" angle="90.00" type="DEFAULT_VEHTYPE" speed="0.40" pos="185.02" lane="0/2to1/2_0" slope="0.00"/>
        <vehicle id="7" x="399.79" y="801.54" angle="-154.41" type="DEFAULT_VEHTYPE" speed="13.25" pos="2.65" lane=":2/4_0_0" slope="0.00"/>
        <vehicle id="8" x="201.65" y="335.89" angle="180.00" type="DEFAULT_VEHTYPE" speed="13.87" pos="131.14" lane="1/1to1/2_0" slope="0.00"/>
    </timestep>
    <timestep time="443.00">
        <vehicle id="0" x="347.85" y="598.35" angle="90.00" type="DEFAULT_VEHTYPE" speed="12.87" pos="143.10" lane="1/3to2/3_0" slope="0.00"/>
        <vehicle id="1" x="401.65" y="109.85" angle="180.00" type="DEFAULT_VEHTYPE" speed="13.33" pos="109.85" lane="2/0to2/1_0" slope="0.00"/>
        <vehicle id="17" x="401.65" y="790.70" angle="180.00" type="DEFAULT_VEHTYPE" speed="12.85" pos="185.95" lane="2/3to2/4_0" slope="0.00"/>
        <vehicle id="18" x="388.97" y="598.35" angle="90.00" type="DEFAULT_VEHTYPE" speed="5.24" pos="184.22" lane="1/3to2/3_0" slope="0.00"/>
        <vehicle id="21" x="201.65" y="541.46" angle="180.00" type="DEFAULT_VEHTYPE" speed="13.57" pos="136.71" lane="1/2to1/3_0" slope="0.00"/>
        <vehicle id="22" x="398.35" y="347.27" angle="0.00" type="DEFAULT_VEHTYPE" speed="12.82" pos="47.98" lane="2/2to2/1_0" slope="0.00"/>
        <vehicle id="24" x="187.50" y="401.65" angle="-90.00" type="DEFAULT_VEHTYPE" speed="9.58" pos="7.75" lane="1/2to0/2_0" slope="0.00"/>
        <vehicle id="26" x="209.88" y="401.65" angle="-90.00" type="DEFAULT_VEHTYPE" speed="3.66" pos="185.37" lane="2/2to1/2_0" slope="0.00"/>
        <vehicle id="28" x="401.65" y="761.58" angle="180.00" type="DEFAULT_VEHTYPE" speed="12.66" pos="156.83" lane="2/3to2/4_0" slope="0.00"/>
        <vehicle id="32" x="398.35" y="515.76" angle="0.00" type="DEFAULT_VEHTYPE" speed="13.22" pos="79.49" lane="2/3to2/2_0" slope="0.00"/>
        <vehicle id="35" x="192.75" y="398.35" angle="90.00" type="DEFAULT_VEHTYPE" speed="0.00" pos="192.75" lane="0/2to1/2_0" slope="0.00"/>
        <vehicle id="37" x="417.76" y="198.35" angle="90.00" type="DEFAULT_VEHTYPE" speed="12.00" pos="13.01" lane="2/1to3/1_0" slope="0.00"/>
        <vehicle id="38" x="685.92" y="198.35" angle="90.00" type="DEFAULT_VEHTYPE" speed="12.94" pos="81.17" lane="3/1to4/1_0" slope="0.00"/>
        <vehicle id="41" x="398.35" y="639.67" angle="0.00" type="DEFAULT_VEHTYPE" speed="13.87" pos="160.33" lane="2/4to2/3_0" slope="0.00"/>
        <vehicle id="44" x="278.67" y="401.65" angle="-90.00" type="DEFAULT_VEHTYPE" speed="13.22" pos="116.58" lane="2/2to1/2_0" slope="0.00"/>
        <vehicle id="48" x="320.19" y="401.65" angle="-90.00" type="DEFAULT_VEHTYPE" speed="13.55" pos="75.06" lane="2/2to1/2_0" slope="0.00"/>
        <vehicle id="5" x="185.15" y="398.35" angle="90.00" type="DEFAULT_VEHTYPE" speed="0.13" pos="185.15" lane="0/2to1/2_0" slope="0.00"/>
        <vehicle id="7" x="398.35" y="788.78" angle="0.00" type="DEFAULT_VEHTYPE" speed="13.39" pos="11.22" lane="2/4to2/3_0" slope="0.00"/>
        <vehicle id="8" x="201.65" y="349.09" angle="180.00" type="DEFAULT_VEHTYPE" speed="13.20" pos="144.34" lane="1/1to1/2_0" slope="0.00"/>
    </timestep>
    <timestep time="444.00">
        <vehicle id="0" x="361.00" y="598.35" angle="90.00" type="DEFAULT_VEHTYPE" speed="13.16" pos="156.25" lane="1/3to2/3_0" slope="0.00"/>
        <vehicle id="1" x="401.65" y="122.77" angle="180.00" type="DEFAULT_VEHTYPE" speed="12.92" pos="122.77" lane="2/0to2/1_0" slope="0.00"/>
        <vehicle id="17" x="398.66" y="800.46" angle="-111.79" type="DEFAULT_VEHTYPE" speed="13.57" pos="4.27" lane=":2/4_0_0" slope="0.00"/>
        <vehicle id="18" x="396.01" y="598.46" angle="91.25" type="DEFAULT_VEHTYPE" speed="7.05" pos="0.77" lane=":2/3_14_0" slope="0.00"/>
        <vehicle id="21" x="201.65" y="555.27" angle="180.00" type="DEFAULT_VEHTYPE" speed="13.82" pos="150.52" lane="1/2to1/3_0" slope="0.00"/>
        <vehicle id="22" x="398.35" y="333.91" angle="0.00" type="DEFAULT_VEHTYPE" speed="13.36" pos="61.34" lane="2/2to2/1_0" slope="0.00"/>
        <vehicle id="24" x="175.89" y="401.65" angle="-90.00" type="DEFAULT_VEHTYPE" speed="11.61" pos="19.36" lane="1/2to0/2_0" slope="0.00"/>
        <vehicle id="26" x="204.86" y="401.65" angle="-90.00" type="DEFAULT_VEHTYPE" speed="5.01" pos="190.39" lane="2/2to1/2_0" slope="0.00"/>
        <vehicle id="28" x="401.65" y="774.41" angle="180.00" type="DEFAULT_VEHTYPE" speed="12.83" pos="169.66" lane="2/3to2/4_0" slope="0.00"/>
        <vehicle id="32" x="398.35" y="502.64" angle="0.00" type="DEFAULT_VEHTYPE" speed="13.11" pos="92.61" lane="2/3to2/2_0" slope="0.00"/>
        <vehicle id="35" x="192.75" y="398.35" angle="90.00" type="DEFAULT_VEHTYPE" speed="0.00" pos="192.75" lane="0/2to1/2_0" slope="0.00"/>
        <vehicle id="37" x="430.81" y="198.35" angle="90.00" type="DEFAULT_VEHTYPE" speed="13.05" pos="26.06" lane="2/1to3/1_0" slope="0.00"/>
        <vehicle id="38" x="699.06" y="198.35" angle="90.00" type="DEFAULT_VEHTYPE" speed="13.14" pos="94.31" lane="3/1to4/1_0" slope="0.00"/>
        <vehicle id="41" x="398.35" y="627.03" angle="0.00" type="DEFAULT_VEHTYPE" speed="12.64" pos="172.97" lane="2/4to2/3_0" slope="0.00"/>
        <vehicle id="44" x="265.76" y="401.65" angle="-90.00" type="DEFAULT_VEHTYPE" speed="12.92" pos="129.49" lane="2/2to1/2_0" slope="0.00"/>
        <vehicle id="48" x="306.44" y="401.65" angle="-90.00" type="DEFAULT_VEHTYPE" speed="13.75" pos="88.81" lane="2/2to1/2_0" slope="0.00"/>
        <vehicle id="5" x="185.23" y="398.35" angle="90.00" type="DEFAULT_VEHTYPE" speed="0.08" pos="185.23" lane="0/2to1/2_0" slope="0.00"/>
        <vehicle id="7" x="398.35" y="776.03" angle="0.00" type="DEFAULT_VEHTYPE" speed="12.75" pos="23.97" lane="2/4to2/3_0" slope="0.00"/>
        <vehicle id="8" x="201.65" y="362.10" angle="180.00" type="DEFAULT_VEHTYPE" speed="13.01" pos="157.35" lane="1/1to1/2_0" slope="0.00"/>
    </timestep>
    <timestep time="445.00">
        <vehicle id="0" x="373.67" y="598.35" angle="90.00" type="DEFAULT_VEHTYPE" speed="12.66" pos="168.92" lane="1/3to2/3_0" slope="0.00"/>
        <vehicle id="1" x="401.65" y="135.60" angle="180.00" type="DEFAULT_VEHTYPE" speed="12.83" pos="135.60" lane="2/0to2/1_0" slope="0.00"/>
        <vehicle id="17" x="398.35" y="787.67" angle="0.00" type="DEFAULT_VEHTYPE" speed="12.88" pos="12.33" lane="2/4to2/3_0" slope="0.00"/>
        <vehicle id="18" x="401.51" y="603.76" angle="152.82" type="DEFAULT_VEHTYPE" speed="8.55" pos="9.32" lane=":2/3_14_0" slope="0.00"/>
        <vehicle id="21" x="201.65" y="568.61" angle="180.00" type="DEFAULT_VEHTYPE" speed="13.33" pos="163.86" lane="1/2to1/3_0" slope="0.00"/>
        <vehicle id="22" x="398.35" y="320.08" angle="0.00" type="DEFAULT_VEHTYPE" speed="13.83" pos="75.17" lane="2/2to2/1_0" slope="0.00"/>
        <vehicle id="24" x="162.54" y="401.65" angle="-90.00" type="DEFAULT_VEHTYPE" speed="13.35" pos="32.71" lane="1/2to0/2_0" slope="0.00"/>
        <vehicle id="26" x="197.95" y="401.65" angle="-90.00" type="DEFAULT_VEHTYPE" speed="6.91" pos="6.80" lane=":1/2_5_0" slope="0.00"/>
        <vehicle id="28" x="401.65" y="787.06" angle="180.00" type="DEFAULT_VEHTYPE" speed="12.65" pos="182.31" lane="2/3to2/4_0" slope="0.00"/>
        <vehicle id="32" x="398.35" y="489.81" angle="0.00" type="DEFAULT_VEHTYPE" speed="12.83" pos="105.44" lane="2/3to2/2_0" slope="0.00"/>
        <vehicle id="35" x="192.75" y="398.35" angle="90.00" type="DEFAULT_VEHTYPE" speed="0.00" pos="192.75" lane="0/2to1/2_0" slope="0.00"/>
        <vehicle id="37" x="443.48" y="198.35" angle="90.00" type="DEFAULT_VEHTYPE" speed="12.67" pos="38.73" lane="2/1to3/1_0" slope="0.00"/>
        <vehicle id="38" x="711.97" y="198.35" angle="90.00" type="DEFAULT_VEHTYPE" speed="12.91" pos="107.22" lane="3/1to4/1_0" slope="0.00"/>
        <vehicle id="41" x="398.35" y="613.84" angle="0.00" type="DEFAULT_VEHTYPE" speed="13.19" pos="186.16" lane="2/4to2/3_0" slope="0.00"/>
        <vehicle id="44" x="252.54" y="401.65" angle="-90.00" type="DEFAULT_VEHTYPE" speed="13.21" pos="142.71" lane="2/2to1/2_0" slope="0.00"/>
        <vehicle id="48" x="293.19" y="401.65" angle="-90.00" type="DEFAULT_VEHTYPE" speed="13.25" pos="102.06" lane="2/2to1/2_0" slope="0.00"/>
        <vehicle id="5" x="185.24" y="398.35" angle="90.00" type="DEFAULT_VEHTYPE" speed="0.01" pos="185.24" lane="0/2to1/2_0" slope="0.00"/>
        <vehicle id="7" x="398.35" y="762.21" angle="0.00" type="DEFAULT_VEHTYPE" speed="13.82" pos="37.79" lane="2/4to2/3_0" slope="0.00"/>
        <vehicle id="8" x="201.65" y="375.44" angle="180.00" type="DEFAULT_VEHTYPE" speed="13.34" pos="170.69" lane="1/1to1/2_0" slope="0.00"/>
    </timestep>
    <timestep time="446.00">
        <vehicle id="0" x="382.23" y="598.35" angle="90.00" type="DEFAULT_VEHTYPE" speed="8.56" pos="177.48" lane="1/3to2/3_0" slope="0.00"/>
        <vehicle id="1" x="401.65" y="149.04" angle="180.00" type="DEFAULT_VEHTYPE" speed="13.44" pos="149.04" lane="2/0to2/1_0" slope="0.00"/>
        <vehicle id="17" x="398.35" y="774.26" angle="0.00" type="DEFAULT_VEHTYPE" speed="13.41" pos="25.74" lane="2/4to2/3_0" slope="0.00"/>
        <vehicle id="18" x="401.65" y="614.24" angle="180.00" type="DEFAULT_VEHTYPE" speed="10.49" pos="9.49" lane="2/3to2/4_0" slope="0.00"/>
        <vehicle id="21" x="201.65" y="581.75" angle="180.00" type="DEFAULT_VEHTYPE" speed="13.14" pos="177.00" lane="1/2to1/3_0" slope="0.00"/>
        <vehicle id="22" x="398.35" y="306.91" angle="0.00" type="DEFAULT_VEHTYPE" speed="13.17" pos="88.34" lane="2/2to2/1_0" slope="0.00"/>
        <vehicle id="24" x="149.42" y="401.65" angle="-90.00" type="DEFAULT_VEHTYPE" speed="13.12" pos="45.83" lane="1/2to0/2_0" slope="0.00"/>
        <vehicle id="26" x="188.56" y="401.65" angle="-90.00" type="DEFAULT_VEHTYPE" speed="9.39" pos="6.69" lane="1/2to0/2_0" slope="0.00"/>
        <vehicle id="28" x="401.28" y="800.57" angle="-175.61" type="DEFAULT_VEHTYPE" speed="13.62" pos="0.68" lane=":2/4_0_0" slope="0.00"/>
        <vehicle id="32" x="398.35" y="476.25" angle="0.00" type="DEFAULT_VEHTYPE" speed="13.56" pos="119.00" lane="2/3to2/2_0" slope="0.00"/>
        <vehicle id="35" x="192.75" y="398.35" angle="90.00" type="DEFAULT_VEHTYPE" speed="0.00" pos="192.75" lane="0/2to1/2_0" slope="0.00"/>
        <vehicle id="37" x="456.33" y="198.35" angle="90.00" type="DEFAULT_VEHTYPE" speed="12.85" pos="51.58" lane="2/1to3/1_0" slope="0.00"/>
        <vehicle id="38" x="725.79" y="198.35" angle="90.00" type="DEFAULT_VEHTYPE" speed="13.82" pos="121.04" lane="3/1to4/1_0" slope="0.00"/>
        <vehicle id="41" x="398.35" y="600.58" angle="0.00" type="DEFAULT_VEHTYPE" speed="13.26" pos="4.17" lane=":2/3_1_0" slope="0.00"/>
        <vehicle id="44" x="238.86" y="401.65" angle="-90.00" type="DEFAULT_VEHTYPE" speed="13.68" pos="156.39" lane="2/2to1/2_0" slope="0.00"/>
        <vehicle id="48" x="279.70" y="401.65" angle="-90.00" type="DEFAULT_VEHTYPE" speed="13.49" pos="115.55" lane="2/2to1/2_0" slope="0.00"/>
        <vehicle id="5" x="185.24" y="398.35" angle="90.00" type="DEFAULT_VEHTYPE" speed="0.00" pos="185.24" lane="0/2to1/2_0" slope="0.00"/>
        <vehicle id="7" x="398.35" y="748.77" angle="0.00" type="DEFAULT_VEHTYPE" speed="13.44" pos="51.23" lane="2/4to2/3_0" slope="0.00"/>
        <vehicle id="8" x="201.65" y="388.81" angle="180.00" type="DEFAULT_VEHTYPE" speed="13.37" pos="184.06" lane="1/1to1/2_0" slope="0.00"/>
    </timestep>
    <timestep time="447.00">
        <vehicle id="0" x="387.52" y="598.35" angle="90.00" type="DEFAULT_VEHTYPE" speed="5.30" pos="182.77" lane="1/3to2/3_0" slope="0.00"/>
        <vehicle id="1" x="401.65" y="162.19" angle="180.00" type="DEFAULT_VEHTYPE" speed="13.15" pos="162.19" lane="2/0to2/1_0" slope="0.00"/>
        <vehicle id="17" x="398.35" y="760.78" angle="0.00" type="DEFAULT_VEHTYPE" speed="13.48" pos="39.22" lane="2/4to2/3_0" slope="0.00"/>
        <vehicle id="18" x="401.65" y="627.25" angle="180.00" type="DEFAULT_VEHTYPE" speed="13.02" pos="22.50" lane="2/3to2/4_0" slope="0.00"/>
        <vehicle id="21" x="201.65" y="594.38" angle="180.00" type="DEFAULT_VEHTYPE" speed="12.62" pos="189.63" lane="1/2to1/3_0" slope="0.00"/>
        <vehicle id="22" x="398.35" y="293.07" angle="0.00" type="DEFAULT_VEHTYPE" speed="13.84" pos="102.18" lane="2/2to2/1_0" slope="0.00"/>
        <vehicle id="24" x="136.76" y="401.65" angle="-90.00" type="DEFAULT_VEHTYPE" speed="12.66" pos="58.49" lane="1/2to0/2_0" slope="0.00"/>
        <vehicle id="26" x="177.78" y="401.65" angle="-90.00" type="DEFAULT_VEHTYPE" speed="10.78" pos="17.47" lane="1/2to0/2_0" slope="0.00"/>
        <vehicle id="28" x="398.35" y="790.38" angle="0.00" type="DEFAULT_VEHTYPE" speed="13.76" pos="9.62" lane="2/4to2/3_0" slope="0.00"/>
        <vehicle id="32" x="398.35" y="462.82" angle="0.00" type="DEFAULT_VEHTYPE" speed="13.43" pos="132.43" lane="2/3to2/2_0" slope="0.00"/>
        <vehicle id="35" x="192.75" y="398.35" angle="90.00" type="DEFAULT_VEHTYPE" speed="0.00" pos="192.75" lane="0/2to1/2_0" slope="0.00"/>
        <vehicle id="37" x="469.25" y="198.35" angle="90.00" type="DEFAULT_VEHTYPE" speed="12.92" pos="64.50" lane="2/1to3/1_0" slope="0.00"/>
        <vehicle id="38" x="739.03" y="198.35" angle="90.00" type="DEFAULT_VEHTYPE" speed="13.23" pos="134.28" lane="3/1to4/1_0" slope="0.00"/>
        <vehicle id="41" x="398.35" y="587.53" angle="0.00" type="DEFAULT_VEHTYPE" speed="13.05" pos="7.72" lane="2/3to2/2_0" slope="0.00"/>
        <vehicle id="44" x="226.81" y="401.65" angle="-90.00" type="DEFAULT_VEHTYPE" speed="12.06" pos="168.44" lane="2/2to1/2_0" slope="0.00"/>
        <vehicle id="48" x="266.60" y="401.65" angle="-90.00" type="DEFAULT_VEHTYPE" speed="13.10" pos="128.65" lane="2/2to1/2_0" slope="0.00"/>
        <vehicle id="5" x="185.24" y="398.35" angle="90.00" type="DEFAULT_VEHTYPE" speed="0.00" pos="185.24" lane="0/2to1/2_0" slope="0.00"/>
        <vehicle id="7" x="398.35" y="735.55" angle="0.00" type="DEFAULT_VEHTYPE" speed="13.22" pos="64.45" lane="2/4to2/3_0" slope="0.00"/>
        <vehicle id="8" x="201.65" y="402.41" angle="180.00" type="DEFAULT_VEHTYPE" speed="13.60" pos="7.16" lane=":1/2_9_0" slope="0.00"/>
    </timestep>
    <timestep time="448.00">
        <vehicle id="0" x="390.77" y="598.35" angle="90.00" type="DEFAULT_VEHTYPE" speed="3.25" pos="186.02" lane="1/3to2/3_0" slope="0.00"/>
        <vehicle id="1" x="401.65" y="175.14" angle="180.00" type="DEFAULT_VEHTYPE" speed="12.95" pos="175.14" lane="2/0to2/1_0" slope="0.00"/>
        <vehicle id="17" x="398.35" y="747.08" angle="0.00" type="DEFAULT_VEHTYPE" speed="13.70" pos="52.92" lane="2/4to2/3_0" slope="0.00"/>
        <vehicle id="18" x="401.65" y="640.56" angle="180.00" type="DEFAULT_VEHTYPE" speed="13.30" pos="35.81" lane="2/3to2/4_0" slope="0.00"/>
        <vehicle id="21" x="212.58" y="598.35" angle="90.00" type="DEFAULT_VEHTYPE" speed="13.70" pos="7.83" lane="1/3to2/3_0" slope="0.00"/>
        <vehicle id="22" x="398.35" y="279.99" angle="0.00" type="DEFAULT_VEHTYPE" speed="13.08" pos="115.26" lane="2/2to2/1_0" slope="0.00"/>
        <vehicle id="24" x="123.80" y="401.65" angle="-90.00" type="DEFAULT_VEHTYPE" speed="12.96" pos="71.45" lane="1/2to0/2_0" slope="0.00"/>
        <vehicle id="26" x="165.47" y="401.65" angle="-90.00" type="DEFAULT_VEHTYPE" speed="12.31" pos="29.78" lane="1/2to0/2_0" slope="0.00"/>
        <vehicle id="28" x="398.35" y="777.59" angle="0.00" type="DEFAULT_VEHTYPE" speed="12.79" pos="22.41" lane="2/4to2/3_0" slope="0.00"/>
        <vehicle id="32" x="398.35" y="448.92" angle="0.00" type="DEFAULT_VEHTYPE" speed="13.89" pos="146.33" lane="2/3to2/2_0" slope="0.00"/>
        <vehicle id="35" x="192.75" y="398.35" angle="90.00" type="DEFAULT_VEHTYPE" speed="0.00" pos="192.75" lane="0/2to1/2_0" slope="0.00"/>
        <vehicle id="37" x="481.91" y="198.35" angle="90.00" type="DEFAULT_VEHTYPE" speed="12.66" pos="77.16" lane="2/1to3/1_0" slope="0.00"/>
        <vehicle id="38" x="752.72" y="198.35" angle="90.00" type="DEFAULT_VEHTYPE" speed="13.70" pos="147.97" lane="3/1to4/1_0" slope="0.00"/>
        <vehicle id="41" x="398.35" y="574.49" angle="0.00" type="DEFAULT_VEHTYPE" speed="13.04" pos="20.76" lane="2/3to2/2_0" slope="0.00"/>
        <vehicle id="44" x="218.10" y="401.65" angle="-90.00" type="DEFAULT_VEHTYPE" speed="8.70" pos="177.15" lane="2/2to1/2_0" slope="0.00"/>
        <vehicle id="48" x="253.30" y="401.65" angle="-90.00" type="DEFAULT_VEHTYPE" speed="13.30" pos="141.95" lane="2/2to1/2_0" slope="0.00"/>
        <vehicle id="5" x="185.24" y="398.35" angle="90.00" type="DEFAULT_VEHTYPE" speed="0.00" pos="185.24" lane="0/2to1/2_0" slope="0.00"/>
        <vehicle id="7" x="398.35" y="722.25" angle="0.00" type="DEFAULT_VEHTYPE" speed="13.30" pos="77.75" lane="2/4to2/3_0" slope="0.00"/>
        <vehicle id="8" x="201.65" y="415.12" angle="180.00" type="DEFAULT_VEHTYPE" speed="12.71" pos="10.37" lane="1/2to1/3_0" slope="0.00"/>
    </timestep>
    <timestep time="449.00">
        <vehicle id="0" x="395.53" y="598.39" angle="90.47" type="DEFAULT_VEHTYPE" speed="4.77" pos="0.29" lane=":2/3_14_0" slope="0.00"/>
        <vehicle id="1" x="401.65" y="188.24" angle="180.00" type="DEFAULT_VEHTYPE" speed="13.11" pos="188.24" lane="2/0to2/1_0" slope="0.00"/>
        <vehicle id="17" x="398.35" y="734.21" angle="0.00" type="DEFAULT_VEHTYPE" speed="12.87" pos="65.79" lane="2/4to2/3_0" slope="0.00"/>
        <vehicle id="18" x="401.65" y="653.84" angle="180.00" type="DEFAULT_VEHTYPE" speed="13.28" pos="49.09" lane="2/3to2/4_0" slope="0.00"/>
        <vehicle id="21" x="225.44" y="598.35" angle="90.00" type="DEFAULT_VEHTYPE" speed="12.86" pos="20.69" lane="1/3to2/3_0" slope="0.00"/>
        <vehicle id="22" x="398.35" y="266.67" angle="0.00" type="DEFAULT_VEHTYPE" speed="13.32" pos="128.58" lane="2/2to2/1_0" slope="0.00"/>
        <vehicle id="24" x="110.28" y="401.65" angle="-90.00" type="DEFAULT_VEHTYPE" speed="13.52" pos="84.97" lane="1/2to0/2_0" slope="0.00"/>
        <vehicle id="26" x="151.64" y="401.65" angle="-90.00" type="DEFAULT_VEHTYPE" speed="13.83" pos="43.61" lane="1/2to0/2_0" slope="0.00"/>
        <vehicle id="28" x="398.35" y="764.26" angle="0.00" type="DEFAULT_VEHTYPE" speed="13.33" pos="35.74" lane="2/4to2/3_0" slope="0.00"/>
        <vehicle id="32" x="398.35" y="436.29" angle="0.00" type="DEFAULT_VEHTYPE" speed="12.63" pos="158.96" lane="2/3to2/2_0" slope="0.00"/>
        <vehicle id="35" x="192.75" y="398.35" angle="90.00" type="DEFAULT_VEHTYPE" speed="0.00" pos="192.75" lane="0/2to1/2_0" slope="0.00"/>
        <vehicle id="37" x="495.72" y="198.35" angle="90.00" type="DEFAULT_VEHTYPE" speed="13.81" pos="90.97" lane="2/1to3/1_0" slope="0.00"/>
        <vehicle id="38" x="766.25" y="198.35" angle="90.00" type="DEFAULT_VEHTYPE" speed="13.53" pos="161.50" lane="3/1to4/1_0" slope="0.00"/>
        <vehicle id="41" x="398.35" y="561.86" angle="0.00" type="DEFAULT_VEHTYPE" speed="12.63" pos="33.39" lane="2/3to2/2_0" slope="0.00"/>
        <vehicle id="44" x="212.02" y="401.65" angle="-90.00" type="DEFAULT_VEHTYPE" speed="6.09" pos="183.23" lane="2/2to1/2_0" slope="0.00"/>
        <vehicle id="48" x="240.37" y="401.65" angle="-90.00" type="DEFAULT_VEHTYPE" speed="12.93" pos="154.88" lane="2/2to1/2_0" slope="0.00"/>
        <vehicle id="5" x="185.24" y="398.35" angle="90.00" type="DEFAULT_VEHTYPE" speed="0.00" pos="185.24" lane="0/2to1/2_0" slope="0.00"/>
        <vehicle id="7" x="398.35" y="709.16" angle="0.00" type="DEFAULT_VEHTYPE" speed="13.09" pos="90.84" lane="2/4to2/3_0" slope="0.00"/>
        <vehicle id="8" x="201.65" y="428.92" angle="180.00" type="DEFAULT_VEHTYPE" speed="13.80" pos="24.17" lane="1/2to1/3_0" slope="0.00"/>
    </timestep>
    <timestep time="450.00">
        <vehicle id="0" x="401.06" y="601.63" angle="128.81" type="DEFAULT_VEHTYPE" speed="6.84" pos="7.12" lane=":2/3_14_0" slope="0.00"/>
        <vehicle id="1" x="406.13" y="198.35" angle="112.03" type="DEFAULT_VEHTYPE" speed="13.39" pos="1.38" lane="2/1to3/1_0" slope="0.00"/>
        <vehicle id="17" x="398.35" y="720.86" angle="0.00" type="DEFAULT_VEHTYPE" speed="13.35" pos="79.14" lane="2/4to2/3_0" slope="0.00"/>
        <vehicle id="18" x="401.65" y="667.53" angle="180.00" type="DEFAULT_VEHTYPE" speed="13.70" pos="62.78" lane="2/3to2/4_0" slope="0.00"/>
        <vehicle id="21" x="239.08" y="598.35" angle="90.00" type="DEFAULT_VEHTYPE" speed="13.64" pos="34.33" lane="1/3to2/3_0" slope="0.00"/>
        <vehicle id="22" x="398.35" y="253.60" angle="0.00" type="DEFAULT_VEHTYPE" speed="13.07" pos="141.65" lane="2/2to2/1_0" slope="0.00"/>
        <vehicle id="24" x="97.30" y="401.65" angle="-90.00" type="DEFAULT_VEHTYPE" speed="12.97" pos="97.95" lane="1/2to0/2_0" slope="0.00"/>
        <vehicle id="26" x="138.58" y="401.65" angle="-90.00" type="DEFAULT_VEHTYPE" speed="13.06" pos="56.67" lane="1/2to0/2_0" slope="0.00"/>
        <vehicle id="28" x="398.35" y="751.11" angle="0.00" type="DEFAULT_VEHTYPE" speed="13.15" pos="48.89" lane="2/4to2/3_0" slope="0.00"/>
        <vehicle id="32" x="398.35" y="422.90" angle="0.00" type="DEFAULT_VEHTYPE" speed="13.40" pos="172.35" lane="2/3to2/2_0" slope="0.00"/>
        <vehicle id="35" x="192.75" y="398.35" angle="90.00" type="DEFAULT_VEHTYPE" speed="0.00" pos="192.75" lane="0/2to1/2_0" slope="0.00"/>
        <vehicle id="37" x="509.05" y="198.35" angle="90.00" type="DEFAULT_VEHTYPE" speed="13.34" pos="104.30" lane="2/1to3/1_0" slope="0.00"/>
        <vehicle id="38" x="779.49" y="198.35" angle="90.00" type="DEFAULT_VEHTYPE" speed="13.24" pos="174.74" lane="3/1to4/1_0" slope="0.00"/>
        <vehicle id="41" x="398.35" y="548.36" angle="0.00" type="DEFAULT_VEHTYPE" speed="13.50" pos="46.89" lane="2/3to2/2_0" slope="0.00"/>
        <vehicle id="44" x="209.48" y="401.65" angle="-90.00" type="DEFAULT_VEHTYPE" speed="2.54" pos="185.77" lane="2/2to1/2_0" slope="0.00"/>
        <vehicle id="48" x="229.43" y="401.65" angle="-90.00" type="DEFAULT_VEHTYPE" speed="10.94" pos="165.82" lane="2/2to1/2_0" slope="0.00"/>
        <vehicle id="5" x="185.24" y="398.35" angle="90.00" type="DEFAULT_VEHTYPE" speed="0.00" pos="185.24" lane="0/2to1/2_0" slope="0.00"/>
        <vehicle id="7" x="398.35" y="695.34" angle="0.00" type="DEFAULT_VEHTYPE" speed="13.82" pos="104.66" lane="2/4to2/3_0" slope="0.00"/>
        <vehicle id="8" x="201.65" y="441.52" angle="180.00" type="DEFAULT_VEHTYPE" speed="12.60" pos="36.77" lane="1/2to1/3_0" slope="0.00"/>
    </timestep>
    <timestep time="451.00">
        <vehicle id="0" x="401.65" y="610.77" angle="180.00" type="DEFAULT_VEHTYPE" speed="9.22" pos="6.02" lane="2/3to2/4_0" slope="0.00"/>
        <vehicle id="1" x="419.29" y="198.35" angle="90.00" type="DEFAULT_VEHTYPE" speed="13.16" pos="14.54" lane="2/1to3/1_0" slope="0.00"/>
        <vehicle id="17" x="398.35" y="708.10" angle="0.00" type="DEFAULT_VEHTYPE" speed="12.76" pos="91.90" lane="2/4to2/3_0" slope="0.00"/>
        <vehicle id="18" x="401.65" y="681.33" angle="180.00" type="DEFAULT_VEHTYPE" speed="13.80" pos="76.58" lane="2/3to2/4_0" slope="0.00"/>
        <vehicle id="21" x="251.74" y="598.35" angle="90.00" type="DEFAULT_VEHTYPE" speed="12.66" pos="46.99" lane="1/3to2/3_0" slope="0.00"/>
        <vehicle id="22" x="398.35" y="240.66" angle="0.00" type="DEFAULT_VEHTYPE" speed="12.94" pos="154.59" lane="2/2to2/1_0" slope="0.00"/>
        <vehicle id="24" x="84.53" y="401.65" angle="-90.00" type="DEFAULT_VEHTYPE" speed="12.78" pos="110.72" lane="1/2to0/2_0" slope="0.00"/>
        <vehicle id="26" x="125.87" y="401.65" angle="-90.00" type="DEFAULT_VEHTYPE" speed="12.70" pos="69.38" lane="1/2to0/2_0" slope="0.00"/>
        <vehicle id="28" x="398.35" y="738.20" angle="0.00" type="DEFAULT_VEHTYPE" speed="12.92" pos="61.80" lane="2/4to2/3_0" slope="0.00"/>
        <vehicle id="32" x="398.35" y="410.20" angle="0.00" type="DEFAULT_VEHTYPE" speed="12.70" pos="185.05" lane="2/3to2/2_0" slope="0.00"/>
        <vehicle id="35" x="192.75" y="398.35" angle="90.00" type="DEFAULT_VEHTYPE" speed="0.00" pos="192.75" lane="0/2to1/2_0" slope="0.00"/>
        <vehicle id="37" x="522.28" y="198.35" angle="90.00" type="DEFAULT_VEHTYPE" speed="13.23" pos="117.53" lane="2/1to3/1_0" slope="0.00"/>
        <vehicle id="38" x="793.27" y="198.35" angle="90.00" type="DEFAULT_VEHTYPE" speed="13.77" pos="188.52" lane="3/1to4/1_0" slope="0.00"/>
        <vehicle id="41" x="398.35" y="535.76" angle="0.00" type="DEFAULT_VEHTYPE" speed="12.60" pos="59.49" lane="2/3to2/2_0" slope="0.00"/>
        <vehicle id="44" x="205.15" y="401.65" angle="-90.00" type="DEFAULT_VEHTYPE" speed="4.33" pos="190.10" lane="2/2to1/2_0" slope="0.00"/>
        <vehicle id="48" x="222.88" y="401.65" angle="-90.00" type="DEFAULT_VEHTYPE" speed="6.55" pos="172.37" lane="2/2to1/2_0" slope="0.00"/>
        <vehicle id="5" x="185.24" y="398.35" angle="90.00" type="DEFAULT_VEHTYPE" speed="0.00" pos="185.24" lane="0/2to1/2_0" slope="0.00"/>
        <vehicle id="7" x="398.35" y="681.67" angle="0.00" type="DEFAULT_VEHTYPE" speed="13.67" pos="118.33" lane="2/4to2/3_0" slope="0.00"/>
        <vehicle id="8" x="201.65" y="454.46" angle="180.00" type="DEFAULT_VEHTYPE" speed="12.94" pos="49.71" lane="1/2to1/3_0" slope="0.00"/>
    </timestep>
    <timestep time="452.00">
        <vehicle id="0" x="401.65" y="622.38" angle="180.00" type="DEFAULT_VEHTYPE" speed="11.61" pos="17.63" lane="2/3to2/4_0" slope="0.00"/>
        <vehicle id="1" x="432.78" y="198.35" angle="90.00" type="DEFAULT_VEHTYPE" speed="13.49" pos="28.03" lane="2/1to3/1_0" slope="0.00"/>
        <vehicle id="17" x="398.35" y="695.18" angle="0.00" type="DEFAULT_VEHTYPE" speed="12.92" pos="104.82" lane="2/4to2/3_0" slope="0.00"/>
        <vehicle id="18" x="401.65" y="694.93" angle="180.00" type="DEFAULT_VEHTYPE" speed="13.60" pos="90.18" lane="2/3to2/4_0" slope="0.00"/>
        <vehicle id="21" x="264.53" y="598.35" angle="90.00" type="DEFAULT_VEHTYPE" speed="12.79" pos="59.78" lane="1/3to2/3_0" slope="0.00"/>
        <vehicle id="22" x="398.35" y="227.76" angle="0.00" type="DEFAULT_VEHTYPE" speed="12.90" pos="167.49" lane="2/2to2/1_0" slope="0.00"/>
        <vehicle id="24" x="71.73" y="401.65" angle="-90.00" type="DEFAULT_VEHTYPE" speed="12.80" pos="123.52" lane="1/2to0/2_0" slope="0.00"/>
        <vehicle id="26" x="113.26" y="401.65" angle="-90.00" type="DEFAULT_VEHTYPE" speed="12.61" pos="81.99" lane="1/2to0/2_0" slope="0.00"/>
        <vehicle id="28" x="398.35" y="725.41" angle="0.00" type="DEFAULT_VEHTYPE" speed="12.79" pos="74.59" lane="2/4to2/3_0" slope="0.00"/>
        <vehicle id="32" x="392.87" y="401.65" angle="-79.56" type="DEFAULT_VEHTYPE" speed="12.82" pos="2.38" lane="2/2to1/2_0" slope="0.00"/>
        <vehicle id="35" x="192.75" y="398.35" angle="90.00" type="DEFAULT_VEHTYPE" speed="0.00" pos="192.75" lane="0/2to1/2_0" slope="0.00"/>
        <vehicle id="37" x="535.16" y="198.35" angle="90.00" type="DEFAULT_VEHTYPE" speed="12.88" pos="130.41" lane="2/1to3/1_0" slope="0.00"/>
        <vehicle id="38" x="798.36" y="201.65" angle="-131.16" type="DEFAULT_VEHTYPE" speed="13.19" pos="1.64" lane="4/1to3/1_0" slope="0.00"/>
        <vehicle id="41" x="398.35" y="522.34" angle="0.00" type="DEFAULT_VEHTYPE" speed="13.42" pos="72.91" lane="2/3to2/2_0" slope="0.00"/>
        <vehicle id="44" x="199.26" y="401.65" angle="-90.00" type="DEFAULT_VEHTYPE" speed="5.89" pos="5.49" lane=":1/2_5_0" slope="0.00"/>
        <vehicle id="48" x="217.88" y="401.65" angle="-90.00" type="DEFAULT_VEHTYPE" speed="5.00" pos="177.37" lane="2/2to1/2_0" slope="0.00"/>
        <vehicle id="5" x="185.24" y="398.35" angle="90.00" type="DEFAULT_VEHTYPE" speed="0.00" pos="185.24" lane="0/2to1/2_0" slope="0.00"/>
        <vehicle id="7" x="398.35" y="668.45" angle="0.00" type="DEFAULT_VEHTYPE" speed="13.21" pos="131.55" lane="2/4to2/3_0" slope="0.00"/>
        <vehicle id="8" x="201.65" y="467.25" angle="180.00" type="DEFAULT_VEHTYPE" speed="12.79" pos="62.50" lane="1/2to1/3_0" slope="0.00"/>
    </timestep>
    <timestep time="453.00">
        <vehicle id="0" x="401.65" y="635.77" angle="180.00" type="DEFAULT_VEHTYPE" speed="13.39" pos="31.02" lane="2/3to2/4_0" slope="0.00"/>
        <vehicle id="1" x="446.10" y="198.35" angle="90.00" type="DEFAULT_VEHTYPE" speed="13.32" pos="41.35" lane="2/1to3/1_0" slope="0.00"/>
        <vehicle id="17" x="398.35" y="682.09" angle="0.00" type="DEFAULT_VEHTYPE" speed="13.10" pos="117.91" lane="2/4to2/3_0" slope="0.00"/>
        <vehicle id="18" x="401.65" y="707.54" angle="180.00" type="DEFAULT_VEHTYPE" speed="12.61" pos="102.79" lane="2/3to2/4_0" slope="0.00"/>
        <vehicle id="21" x="278.19" y="598.35" angle="90.00" type="DEFAULT_VEHTYPE" speed="13.65" pos="73.44" lane="1/3to2/3_0" slope="0.00"/>
        <vehicle id="22" x="398.35" y="214.12" angle="0.00" type="DEFAULT_VEHTYPE" speed="13.64" pos="181.13" lane="2/2to2/1_0" slope="0.00"/>
        <vehicle id="24" x="58.94" y="401.65" angle="-90.00" type="DEFAULT_VEHTYPE" speed="12.79" pos="136.31" lane="1/2to0/2_0" slope="0.00"/>
        <vehicle id="26" x="99.49" y="401.65" angle="-90.00" type="DEFAULT_VEHTYPE" speed="13.77" pos="95.76" lane="1/2to0/2_0" slope="0.00"/>
        <vehicle id="28" x="398.35" y="712.66" angle="0.00" type="DEFAULT_VEHTYPE" speed="12.75" pos="87.34" lane="2/4to2/3_0" slope="0.00"/>
        <vehicle id="32" x="379.65" y="401.65" angle="-90.00" type="DEFAULT_VEHTYPE" speed="13.23" pos="15.60" lane="2/2to1/2_0" slope="0.00"/>
        <vehicle id="35" x="192.75" y="398.35" angle="90.00" type="DEFAULT_VEHTYPE" speed="0.00" pos="192.75" lane="0/2to1/2_0" slope="0.00"/>
        <vehicle id="37" x="548.56" y="198.35" angle="90.00" type="DEFAULT_VEHTYPE" speed="13.40" pos="143.81" lane="2/1to3/1_0" slope="0.00"/>
        <vehicle id="38" x="784.68" y="201.65" angle="-90.00" type="DEFAULT_VEHTYPE" speed="13.68" pos="15.32" lane="4/1to3/1_0" slope="0.00"/>
        <vehicle id="41" x="398.35" y="509.64" angle="0.00" type="DEFAULT_VEHTYPE" speed="12.70" pos="85.61" lane="2/3to2/2_0" slope="0.00"/>
        <vehicle id="44" x="191.98" y="401.65" angle="-90.00" type="DEFAULT_VEHTYPE" speed="7.27" pos="3.27" lane="1/2to0/2_0" slope="0.00"/>
        <vehicle id="48" x="212.89" y="401.65" angle="-90.00" type="DEFAULT_VEHTYPE" speed="4.99" pos="182.36" lane="2/2to1/2_0" slope="0.00"/>
        <vehicle id="5" x="185.24" y="398.35" angle="90.00" type="DEFAULT_VEHTYPE" speed="0.00" pos="185.24" lane="0/2to1/2_0" slope="0.00"/>
        <vehicle id="7" x="398.35" y="655.65" angle="0.00" type="DEFAULT_VEHTYPE" speed="12.81" pos="144.35" lane="2/4to2/3_0" slope="0.00"/>
        <vehicle id="8" x="201.65" y="480.85" angle="180.00" type="DEFAULT_VEHTYPE" speed="13.60" pos="76.10" lane="1/2to1/3_0" slope="0.00"/>
    </timestep>
    <timestep time="454.00">
        <vehicle id="0" x="401.65" y="648.59" angle="180.00" type="DEFAULT_VEHTYPE" speed="12.83" pos="43.84" lane="2/3to2/4_0" slope="0.00"/>
        <vehicle id="1" x="459.82" y="198.35" angle="90.00" type="DEFAULT_VEHTYPE" speed="13.71" pos="55.07" lane="2/1to3/1_0" slope="0.00"/>
        <vehicle id="17" x="398.35" y="669.38" angle="0.00" type="DEFAULT_VEHTYPE" speed="12.71" pos="130.62" lane="2/4to2/3_0" slope="0.00"/>
        <vehicle id="18" x="401.65" y="720.21" angle="180.00" type="DEFAULT_VEHTYPE" speed="12.68" pos="115.46" lane="2/3to2/4_0" slope="0.00"/>
        <vehicle id="21" x="291.90" y="598.35" angle="90.00" type="DEFAULT_VEHTYPE" speed="13.72" pos="87.15" lane="1/3to2/3_0" slope="0.00"/>
        <vehicle id="22" x="398.35" y="201.13" angle="0.00" type="DEFAULT_VEHTYPE" speed="12.99" pos="3.62" lane=":2/1_1_0" slope="0.00"/>
        <vehicle id="24" x="45.43" y="401.65" angle="-90.00" type="DEFAULT_VEHTYPE" speed="13.51" pos="149.82" lane="1/2to0/2_0" slope="0.00"/>
        <vehicle id="26" x="86.83" y="401.65" angle="-90.00" type="DEFAULT_VEHTYPE" speed="12.66" pos="108.42" lane="1/2to0/2_0" slope="0.00"/>
        <vehicle id="28" x="398.35" y="698.78" angle="0.00" type="DEFAULT_VEHTYPE" speed="13.88" pos="101.22" lane="2/4to2/3_0" slope="0.00"/>
        <vehicle id="32" x="366.37" y="401.65" angle="-90.00" type="DEFAULT_VEHTYPE" speed="13.27" pos="28.88" lane="2/2to1/2_0" slope="0.00"/>
        <vehicle id="35" x="192.75" y="398.35" angle="90.00" type="DEFAULT_VEHTYPE" speed="0.00" pos="192.75" lane="0/2to1/2_0" slope="0.00"/>
        <vehicle id="37" x="561.69" y="198.35" angle="90.00" type="DEFAULT_VEHTYPE" speed="13.12" pos="156.94" lane="2/1to3/1_0" slope="0.00"/>
        <vehicle id="38" x="771.19" y="201.65" angle="-90.00" type="DEFAULT_VEHTYPE" speed="13.50" pos="28.81" lane="4/1to3/1_0" slope="0.00"/>
        <vehicle id="41" x="398.35" y="497.03" angle="0.00" type="DEFAULT_VEHTYPE" speed="12.61" pos="98.22" lane="2/3to2/2_0" slope="0.00"/>
        <vehicle id="44" x="183.19" y="401.65" angle="-90.00" type="DEFAULT_VEHTYPE" speed="8.80" pos="12.06" lane="1/2to0/2_0" slope="0.00"/>
        <vehicle id="48" x="210.12" y="401.65" angle="-90.00" type="DEFAULT_VEHTYPE" speed="2.77" pos="185.13" lane="2/2to1/2_0" slope="0.00"/>
        <vehicle id="5" x="185.24" y="398.35" angle="90.00" type="DEFAULT_VEHTYPE" speed="0.00" pos="185.24" lane="0/2to1/2_0" slope="0.00"/>
        <vehicle id="7" x="398.35" y="642.29" angle="0.00" type="DEFAULT_VEHTYPE" speed="13.36" pos="157.71" lane="2/4to2/3_0" slope="0.00"/>
        <vehicle id="8" x="201.65" y="493.57" angle="180.00" type="DEFAULT_VEHTYPE" speed="12.72" pos="88.82" lane="1/2to1/3_0" slope="0.00"/>
    </timestep>
    <timestep time="455.00">
        <vehicle id="0" x="401.65" y="661.37" angle="180.00" type="DEFAULT_VEHTYPE" speed="12.77" pos="56.62" lane="2/3to2/4_0" slope="0.00"/>
        <vehicle id="1" x="472.68" y="198.35" angle="90.00" type="DEFAULT_VEHTYPE" speed="12.86" pos="67.93" lane="2/1to3/1_0" slope="0.00"/>
        <vehicle id="17" x="398.35" y="655.74" angle="0.00" type="DEFAULT_VEHTYPE" speed="13.64" pos="144.26" lane="2/4to2/3_0" slope="0.00"/>
        <vehicle id="18" x="401.65" y="733.53" angle="180.00" type="DEFAULT_VEHTYPE" speed="13.32" pos="128.78" lane="2/3to2/4_0" slope="0.00"/>
        <vehicle id="21" x="304.60" y="598.35" angle="90.00" type="DEFAULT_VEHTYPE" speed="12.69" pos="99.85" lane="1/3to2/3_0" slope="0.00"/>
        <vehicle id="22" x="398.35" y="187.39" angle="0.00" type="DEFAULT_VEHTYPE" speed="13.75" pos="7.86" lane="2/1to2/0_0" slope="0.00"/>
        <vehicle id="24" x="31.70" y="401.65" angle="-90.00" type="DEFAULT_VEHTYPE" speed="13.73" pos="163.55" lane="1/2to0/2_0" slope="0.00"/>
        <vehicle id="26" x="73.32" y="401.65" angle="-90.00" type="DEFAULT_VEHTYPE" speed="13.51" pos="121.93" lane="1/2to0/2_0" slope="0.00"/>
        <vehicle id="28" x="398.35" y="685.45" angle="0.00" type="DEFAULT_VEHTYPE" speed="13.33" pos="114.55" lane="2/4to2/3_0" slope="0.00"/>
        <vehicle id="32" x="352.91" y="401.65" angle="-90.00" type="DEFAULT_VEHTYPE" speed="13.46" pos="42.34" lane="2/2to1/2_0" slope="0.00"/>
        <vehicle id="35" x="192.75" y="398.35" angle="90.00" type="DEFAULT_VEHTYPE" speed="0.00" pos="192.75" lane="0/2to1/2_0" slope="0.00"/>
        <vehicle id="37" x="573.47" y="198.35" angle="90.00" type="DEFAULT_VEHTYPE" speed="11.78" pos="168.72" lane="2/1to3/1_0" slope="0.00"/>
        <vehicle id="38" x="757.98" y="201.65" angle="-90.00" type="DEFAULT_VEHTYPE" speed="13.21" pos="42.02" lane="4/1to3/1_0" slope="0.00"/>
        <vehicle id="41" x="398.35" y="483.22" angle="0.00" type="DEFAULT_VEHTYPE" speed="13.82" pos="112.03" lane="2/3to2/2_0" slope="0.00"/>
        <vehicle id="44" x="172.90" y="401.65" angle="-90.00" type="DEFAULT_VEHTYPE" speed="10.29" pos="22.35" lane="1/2to0/2_0" slope="0.00"/>
        <vehicle id="48" x="205.40" y="401.65" angle="-90.00" type="DEFAULT_VEHTYPE" speed="4.72" pos="189.85" lane="2/2to1/2_0" slope="0.00"/>
        <vehicle id="5" x="185.24" y="398.35" angle="90.00" type="DEFAULT_VEHTYPE" speed="0.00" pos="185.24" lane="0/2to1/2_0" slope="0.00"/>
        <vehicle id="7" x="398.35" y="629.46" angle="0.00" type="DEFAULT_VEHTYPE" speed="12.83" pos="170.54" lane="2/4to2/3_0" slope="0.00"/>
        <vehicle id="8" x="201.65" y="506.22" angle="180.00" type="DEFAULT_VEHTYPE" speed="12.65" pos="101.47" lane="1/2to1/3_0" slope="0.00"/>
    </timestep>
    <timestep time="456.00">
        <vehicle id="0" x="401.65" y="674.82" angle="180.00" type="DEFAULT_VEHTYPE" speed="13.45" pos="70.07" lane="2/3to2/4_0" slope="0.00"/>
        <vehicle id="1" x="485.46" y="198.35" angle="90.00" type="DEFAULT_VEHTYPE" speed="12.78" pos="80.71" lane="2/1to3/1_0" slope="0.00"/>
        <vehicle id="17" x="398.35" y="642.42" angle="0.00" type="DEFAULT_VEHTYPE" speed="13.32" pos="157.58" lane="2/4to2/3_0" slope="0.00"/>
        <vehicle id="18" x="401.65" y="746.78" angle="180.00" type="DEFAULT_VEHTYPE" speed="13.25" pos="142.03" lane="2/3to2/4_0" slope="0.00"/>
        <vehicle id="21" x="317.94" y="598.35" angle="90.00" type="DEFAULT_VEHTYPE" speed="13.34" pos="113.19" lane="1/3to2/3_0" slope="0.00"/>
        <vehicle id="22" x="398.35" y="174.64" angle="0.00" type="DEFAULT_VEHTYPE" speed="12.75" pos="20.61" lane="2/1to2/0_0" slope="0.00"/>
        <vehicle id="24" x="17.83" y="401.65" angle="-90.00" type="DEFAULT_VEHTYPE" speed="13.87" pos="177.42" lane="1/2to0/2_0" slope="0.00"/>
        <vehicle id="26" x="60.43" y="401.65" angle="-90.00" type="DEFAULT_VEHTYPE" speed="12.89" pos="134.82" lane="1/2to0/2_0" slope="0.00"/>
        <vehicle id="28" x="398.35" y="672.22" angle="0.00" type="DEFAULT_VEHTYPE" speed="13.23" pos="127.78" lane="2/4to2/3_0" slope="0.00"/>
        <vehicle id="32" x="339.90" y="401.65" angle="-90.00" type="DEFAULT_VEHTYPE" speed="13.01" pos="55.35" lane="2/2to1/2_0" slope="0.00"/>
        <vehicle id="35" x="192.75" y="398.35" angle="90.00" type="DEFAULT_VEHTYPE" speed="0.00" pos="192.75" lane="0/2to1/2_0" slope="0.00"/>
        <vehicle id="37" x="581.80" y="198.35" angle="90.00" type="DEFAULT_VEHTYPE" speed="8.33" pos="177.05" lane="2/1to3/1_0" slope="0.00"/>
        <vehicle id="38" x="744.61" y="201.65" angle="-90.00" type="DEFAULT_VEHTYPE" speed="13.36" pos="55.39" lane="4/1to3/1_0" slope="0.00"/>
        <vehicle id="41" x="398.35" y="470.24" angle="0.00" type="DEFAULT_VEHTYPE" speed="12.97" pos="125.01" lane="2/3to2/2_0" slope="0.00"/>
        <vehicle id="44" x="161.28" y="401.65" angle="-90.00" type="DEFAULT_VEHTYPE" speed="11.62" pos="33.97" lane="1/2to0/2_0" slope="0.00"/>
        <vehicle id="48" x="198.10" y="401.65" angle="-90.00" type="DEFAULT_VEHTYPE" speed="7.30" pos="6.65" lane=":1/2_5_0" slope="0.00"/>
        <vehicle id="5" x="185.24" y="398.35" angle="90.00" type="DEFAULT_VEHTYPE" speed="0.00" pos="185.24" lane="0/2to1/2_0" slope="0.00"/>
        <vehicle id="7" x="398.35" y="616.35" angle="0.00" type="DEFAULT_VEHTYPE" speed="13.11" pos="183.65" lane="2/4to2/3_0" slope="0.00"/>
        <vehicle id="8" x="201.65" y="519.18" angle="180.00" type="DEFAULT_VEHTYPE" speed="12.96" pos="114.43" lane="1/2to1/3_0" slope="0.00"/>
    </timestep>
    <timestep time="457.00">
        <vehicle id="0" x="401.65" y="687.87" angle="180.00" type="DEFAULT_VEHTYPE" speed="13.05" pos="83.12" lane="2/3to2/4_0" slope="0.00"/>
        <vehicle id="1" x="498.55" y="198.35" angle="90.00" type="DEFAULT_VEHTYPE" speed="13.10" pos="93.80" lane="2/1to3/1_0" slope="0.00"/>
        <vehicle id="17" x="398.35" y="629.43" angle="0.00" type="DEFAULT_VEHTYPE" speed="12.99" pos="170.57" lane="2/4to2/3_0" slope="0.00"/>
        <vehicle id="18" x="401.65" y="759.93" angle="180.00" type="DEFAULT_VEHTYPE" speed="13.15" pos="155.18" lane="2/3to2/4_0" slope="0.00"/>
        <vehicle id="21" x="331.77" y="598.35" angle="90.00" type="DEFAULT_VEHTYPE" speed="13.83" pos="127.02" lane="1/3to2/3_0" slope="0.00"/>
        <vehicle id="22" x="398.35" y="161.44" angle="0.00" type="DEFAULT_VEHTYPE" speed="13.20" pos="33.81" lane="2/1to2/0_0" slope="0.00"/>
        <vehicle id="24" x="5.15" y="401.65" angle="-90.00" type="DEFAULT_VEHTYPE" speed="12.68" pos="190.10" lane="1/2to0/2_0" slope="0.00"/>
        <vehicle id="26" x="47.28" y="401.65" angle="-90.00" type="DEFAULT_VEHTYPE" speed="13.15" pos="147.97" lane="1/2to0/2_0" slope="0.00"/>
        <vehicle id="28" x="398.35" y="659.08" angle="0.00" type="DEFAULT_VEHTYPE" speed="13.15" pos="140.92" lane="2/4to2/3_0" slope="0.00"/>
        <vehicle id="32" x="326.11" y="401.65" angle="-90.00" type="DEFAULT_VEHTYPE" speed="13.78" pos="69.14" lane="2/2to1/2_0" slope="0.00"/>
        <vehicle id="35" x="192.75" y="398.35" angle="90.00" type="DEFAULT_VEHTYPE" speed="0.00" pos="192.75" lane="0/2to1/2_0" slope="0.00"/>
        <vehicle id="37" x="586.98" y="198.35" angle="90.00" type="DEFAULT_VEHTYPE" speed="5.17" pos="182.23" lane="2/1to3/1_0" slope="0.00"/>
        <vehicle id="38" x="731.15" y="201.65" angle="-90.00" type="DEFAULT_VEHTYPE" speed="13.47" pos="68.85" lane="4/1to3/1_0" slope="0.00"/>
        <vehicle id="41" x="398.35" y="457.03" angle="0.00" type="DEFAULT_VEHTYPE" speed="13.21" pos="138.22" lane="2/3to2/2_0" slope="0.00"/>
        <vehicle id="44" x="147.46" y="401.65" angle="-90.00" type="DEFAULT_VEHTYPE" speed="13.83" pos="47.79" lane="1/2to0/2_0" slope="0.00"/>
        <vehicle id="48" x="188.47" y="401.65" angle="-90.00" type="DEFAULT_VEHTYPE" speed="9.63" pos="6.78" lane="1/2to0/2_0" slope="0.00"/>
        <vehicle id="5" x="185.24" y="398.35" angle="90.00" type="DEFAULT_VEHTYPE" speed="0.00" pos="185.24" lane="0/2to1/2_0" slope="0.00"/>
        <vehicle id="7" x="398.35" y="602.62" angle="0.00" type="DEFAULT_VEHTYPE" speed="13.73" pos="2.13" lane=":2/3_1_0" slope="0.00"/>
        <vehicle id="8" x="201.65" y="532.58" angle="180.00" type="DEFAULT_VEHTYPE" speed="13.40" pos="127.83" lane="1/2to1/3_0" slope="0.00"/>
    </timestep>
    <timestep time="458.00">
        <vehicle id="0" x="401.65" y="701.11" angle="180.00" type="DEFAULT_VEHTYPE" speed="13.23" pos="96.36" lane="2/3to2/4_0" slope="0.00"/>
        <vehicle id="1" x="511.95" y="198.35" angle="90.00" type="DEFAULT_VEHTYPE" speed="13.40" pos="107.20" lane="2/1to3/1_0" slope="0.00"/>
        <vehicle id="17" x="398.35" y="616.25" angle="0.00" type="DEFAULT_VEHTYPE" speed="13.18" pos="183.75" lane="2/4to2/3_0" slope="0.00"/>
        <vehicle id="18" x="401.65" y="772.90" angle="180.00" type="DEFAULT_VEHTYPE" speed="12.97" pos="168.15" lane="2/3to2/4_0" slope="0.00"/>
        <vehicle id="21" x="345.46" y="598.35" angle="90.00" type="DEFAULT_VEHTYPE" speed="13.68" pos="140.71" lane="1/3to2/3_0" slope="0.00"/>
        <vehicle id="22" x="398.35" y="148.35" angle="0.00" type="DEFAULT_VEHTYPE" speed="13.10" pos="46.90" lane="2/1to2/0_0" slope="0.00"/>
        <vehicle id="24" x="3.64" y="398.35" angle="81.00" type="DEFAULT_VEHTYPE" speed="13.62" pos="3.64" lane="0/2to1/2_0" slope="0.00"/>
        <vehicle id="26" x="33.61" y="401.65" angle="-90.00" type="DEFAULT_VEHTYPE" speed="13.67" pos="161.64" lane="1/2to0/2_0" slope="0.00"/>
        <vehicle id="28" x="398.35" y="645.49" angle="0.00" type="DEFAULT_VEHTYPE" speed="13.58" pos="154.51" lane="2/4to2/3_0" slope="0.00"/>
        <vehicle id="32" x="313.47" y="401.65" angle="-90.00" type="DEFAULT_VEHTYPE" speed="12.64" pos="81.78" lane="2/2to1/2_0" slope="0.00"/>
        <vehicle id="35" x="194.51" y="398.35" angle="90.00" type="DEFAULT_VEHTYPE" speed="1.77" pos="194.51" lane="0/2to1/2_0" slope="0.00"/>
        <vehicle id="37" x="590.74" y="198.35" angle="90.00" type="DEFAULT_VEHTYPE" speed="3.77" pos="185.99" lane="2/1to3/1_0" slope="0.00"/>
        <vehicle id="38" x="718.02" y="201.65" angle="-90.00" type="DEFAULT_VEHTYPE" speed="13.12" pos="81.98" lane="4/1to3/1_0" slope="0.00"/>
        <vehicle id="41" x="398.35" y="443.33" angle="0.00" type="DEFAULT_VEHTYPE" speed="13.71" pos="151.92" lane="2/3to2/2_0" slope="0.00"/>
        <vehicle id="44" x="133.96" y="401.65" angle="-90.00" type="DEFAULT_VEHTYPE" speed="13.49" pos="61.29" lane="1/2to0/2_0" slope="0.00"/>
        <vehicle id="48" x="176.29" y="401.65" angle="-90.00" type="DEFAULT_VEHTYPE" speed="12.18" pos="18.96" lane="1/2to0/2_0" slope="0.00"/>
        <vehicle id="5" x="185.24" y="398.35" angle="90.00" type="DEFAULT_VEHTYPE" speed="0.00" pos="185.24" lane="0/2to1/2_0" slope="0.00"/>
        <vehicle id="7" x="398.35" y="589.85" angle="0.00" type="DEFAULT_VEHTYPE" speed="12.78" pos="5.40" lane="2/3to2/2_0" slope="0.00"/>
        <vehicle id="8" x="201.65" y="545.72" angle="180.00" type="DEFAULT_VEHTYPE" speed="13.14" pos="140.97" lane="1/2to1/3_0" slope="0.00"/>
    </timestep>
    <timestep time="459.00">
        <vehicle id="0" x="401.65" y="713.95" angle="180.00" type="DEFAULT_VEHTYPE" speed="12.84" pos="109.20" lane="2/3to2/4_0" slope="0.00"/>
        <vehicle id="1" x="525.23" y="198.35" angle="90.00" type="DEFAULT_VEHTYPE" speed="13.28" pos="120.48" lane="2/1to3/1_0" slope="0.00"/>
        <vehicle id="17" x="398.35" y="603.46" angle="0.00" type="DEFAULT_VEHTYPE" speed="12.79" pos="1.29" lane=":2/3_1_0" slope="0.00"/>
        <vehicle id="18" x="401.65" y="785.59" angle="180.00" type="DEFAULT_VEHTYPE" speed="12.70" pos="180.84" lane="2/3to2/4_0" slope="0.00"/>
        <vehicle id="21" x="359.12" y="598.35" angle="90.00" type="DEFAULT_VEHTYPE" speed="13.67" pos="154.37" lane="1/3to2/3_0" slope="0.00"/>
        <vehicle id="22" x="398.35" y="135.51" angle="0.00" type="DEFAULT_VEHTYPE" speed="12.84" pos="59.74" lane="2/1to2/0_0" slope="0.00"/>
        <vehicle id="24" x="16.54" y="398.35" angle="90.00" type="DEFAULT_VEHTYPE" speed="12.89" pos="16.54" lane="0/2to1/2_0" slope="0.00"/>
        <vehicle id="26" x="20.44" y="401.65" angle="-90.00" type="DEFAULT_VEHTYPE" speed="13.17" pos="174.81" lane="1/2to0/2_0" slope="0.00"/>
        <vehicle id="28" x="398.35" y="631.68" angle="0.00" type="DEFAULT_VEHTYPE" speed="13.81" pos="168.32" lane="2/4to2/3_0" slope="0.00"/>
        <vehicle id="32" x="300.57" y="401.65" angle="-90.00" type="DEFAULT_VEHTYPE" speed="12.90" pos="94.68" lane="2/2to1/2_0" slope="0.00"/>
        <vehicle id="35" x="198.33" y="398.92" angle="96.55" type="DEFAULT_VEHTYPE" speed="3.89" pos="3.15" lane=":1/2_14_0" slope="0.00"/>
        <vehicle id="37" x="595.85" y="198.35" angle="90.00" type="DEFAULT_VEHTYPE" speed="5.11" pos="0.60" lane=":3/1_13_0" slope="0.00"/>
        <vehicle id="38" x="705.41" y="201.65" angle="-90.00" type="DEFAULT_VEHTYPE" speed="12.62" pos="94.59" lane="4/1to3/1_0" slope="0.00"/>
        <vehicle id="41" x="398.35" y="429.98" angle="0.00" type="DEFAULT_VEHTYPE" speed="13.34" pos="165.27" lane="2/3to2/2_0" slope="0.00"/>
        <vehicle id="44" x="120.15" y="401.65" angle="-90.00" type="DEFAULT_VEHTYPE" speed="13.81" pos="75.10" lane="1/2to0/2_0" slope="0.00"/>
        <vehicle id="48" x="162.97" y="401.65" angle="-90.00" type="DEFAULT_VEHTYPE" speed="13.32" pos="32.28" lane="1/2to0/2_0" slope="0.00"/>
        <vehicle id="5" x="186.26" y="398.35" angle="90.00" type="DEFAULT_VEHTYPE" speed="1.01" pos="186.26" lane="0/2to1/2_0" slope="0.00"/>
        <vehicle id="7" x="398.35" y="576.54" angle="0.00" type="DEFAULT_VEHTYPE" speed="13.30" pos="18.71" lane="2/3to2/2_0" slope="0.00"/>
        <vehicle id="8" x="201.65" y="558.77" angle="180.00" type="DEFAULT_VEHTYPE" speed="13.04" pos="154.02" lane="1/2to1/3_0" slope="0.00"/>
    </timestep>
    <timestep time="460.00">
        <vehicle id="0" x="401.65" y="727.16" angle="180.00" type="DEFAULT_VEHTYPE" speed="13.22" pos="122.41" lane="2/3to2/4_0" slope="0.00"/>
        <vehicle id="1" x="538.56" y="198.35" angle="90.00" type="DEFAULT_VEHTYPE" speed="13.34" pos="133.81" lane="2/1to3/1_0" slope="0.00"/>
        <vehicle id="17" x="398.35" y="589.61" angle="0.00" type="DEFAULT_VEHTYPE" speed="13.84" pos="5.64" lane="2/3to2/2_0" slope="0.00"/>
        <vehicle id="18" x="401.65" y="799.08" angle="180.00" type="DEFAULT_VEHTYPE" speed="13.49" pos="194.33" lane="2/3to2/4_0" slope="0.00"/>
        <vehicle id="21" x="371.78" y="598.35" angle="90.00" type="DEFAULT_VEHTYPE" speed="12.65" pos="167.03" lane="1/3to2/3_0" slope="0.00"/>
        <vehicle id="22" x="398.35" y="122.77" angle="0.00" type="DEFAULT_VEHTYPE" speed="12.73" pos="72.48" lane="2/1to2/0_0" slope="0.00"/>
        <vehicle id="24" x="29.41" y="398.35" angle="90.00" type="DEFAULT_VEHTYPE" speed="12.87" pos="29.41" lane="0/2to1/2_0" slope="0.00"/>
        <vehicle id="26" x="6.91" y="401.65" angle="-90.00" type="DEFAULT_VEHTYPE" speed="13.53" pos="188.34" lane="1/2to0/2_0" slope="0.00"/>
        <vehicle id="28" x="398.35" y="618.86" angle="0.00" type="DEFAULT_VEHTYPE" speed="12.83" pos="181.14" lane="2/4to2/3_0" slope="0.00"/>
        <vehicle id="32" x="286.84" y="401.65" angle="-90.00" type="DEFAULT_VEHTYPE" speed="13.73" pos="108.41" lane="2/2to1/2_0" slope="0.00"/>
        <vehicle id="35" x="201.53" y="403.89" angle="154.17" type="DEFAULT_VEHTYPE" speed="6.30" pos="9.45" lane=":1/2_14_0" slope="0.00"/>
        <vehicle id="37" x="602.91" y="198.35" angle="90.00" type="DEFAULT_VEHTYPE" speed="7.05" pos="7.66" lane=":3/1_13_0" slope="0.00"/>
        <vehicle id="38" x="692.52" y="201.65" angle="-90.00" type="DEFAULT_VEHTYPE" speed="12.89" pos="107.48" lane="4/1to3/1_0" slope="0.00"/>
        <vehicle id="41" x="398.35" y="416.94" angle="0.00" type="DEFAULT_VEHTYPE" speed="13.04" pos="178.31" lane="2/3to2/2_0" slope="0.00"/>
        <vehicle id="44" x="107.38" y="401.65" angle="-90.00" type="DEFAULT_VEHTYPE" speed="12.77" pos="87.87" lane="1/2to0/2_0" slope="0.00"/>
        <vehicle id="48" x="149.23" y="401.65" angle="-90.00" type="DEFAULT_VEHTYPE" speed="13.74" pos="46.02" lane="1/2to0/2_0" slope="0.00"/>
        <vehicle id="5" x="188.33" y="398.35" angle="90.00" type="DEFAULT_VEHTYPE" speed="2.08" pos="188.33" lane="0/2to1/2_0" slope="0.00"/>
        <vehicle id="7" x="398.35" y="563.65" angle="0.00" type="DEFAULT_VEHTYPE" speed="12.90" pos="31.60" lane="2/3to2/2_0" slope="0.00"/>
        <vehicle id="8" x="201.65" y="571.74" angle="180.00" type="DEFAULT_VEHTYPE" speed="12.97" pos="166.99" lane="1/2to1/3_0" slope="0.00"/>
    </timestep>
    <timestep time="461.00">
        <vehicle id="0" x="401.65" y="740.07" angle="180.00" type="DEFAULT_VEHTYPE" speed="12.91" pos="135.32" lane="2/3to2/4_0" slope="0.00"/>
        <vehicle id="1" x="551.88" y="198.35" angle="90.00" type="DEFAULT_VEHTYPE" speed="13.31" pos="147.13" lane="2/1to3/1_0" slope="0.00"/>
        <vehicle id="17" x="398.35" y="576.98" angle="0.00" type="DEFAULT_VEHTYPE" speed="12.63" pos="18.27" lane="2/3to2/2_0" slope="0.00"/>
        <vehicle id="18" x="398.35" y="792.53" angle="0.00" type="DEFAULT_VEHTYPE" speed="13.21" pos="7.47" lane="2/4to2/3_0" slope="0.00"/>
        <vehicle id="21" x="381.33" y="598.35" angle="90.00" type="DEFAULT_VEHTYPE" speed="9.55" pos="176.58" lane="1/3to2/3_0" slope="0.00"/>
        <vehicle id="22" x="398.35" y="109.05" angle="0.00" type="DEFAULT_VEHTYPE" speed="13.72" pos="86.20" lane="2/1to2/0_0" slope="0.00"/>
        <vehicle id="24" x="43.08" y="398.35" angle="90.00" type="DEFAULT_VEHTYPE" speed="13.68" pos="43.08" lane="0/2to1/2_0" slope="0.00"/>
        <vehicle id="26" x="0.96" y="398.35" angle="29.18" type="DEFAULT_VEHTYPE" speed="12.69" pos="0.96" lane="0/2to1/2_0" slope="0.00"/>
        <vehicle id="28" x="398.35" y="605.76" angle="0.00" type="DEFAULT_VEHTYPE" speed="13.10" pos="194.24" lane="2/4to2/3_0" slope="0.00"/>
        <vehicle id="32" x="273.35" y="401.65" angle="-90.00" type="DEFAULT_VEHTYPE" speed="13.49" pos="121.90" lane="2/2to1/2_0" slope="0.00"/>
        <vehicle id="35" x="201.65" y="411.76" angle="180.00" type="DEFAULT_VEHTYPE" speed="7.88" pos="7.01" lane="1/2to1/3_0" slope="0.00"/>
        <vehicle id="37" x="611.85" y="198.35" angle="90.00" type="DEFAULT_VEHTYPE" speed="8.95" pos="7.10" lane="3/1to4/1_0" slope="0.00"/>
        <vehicle id="38" x="679.08" y="201.65" angle="-90.00" type="DEFAULT_VEHTYPE" speed="13.44" pos="120.92" lane="4/1to3/1_0" slope="0.00"/>
        <vehicle id="41" x="398.23" y="403.90" angle="-1.36" type="DEFAULT_VEHTYPE" speed="13.04" pos="0.86" lane=":2/2_0_0" slope="0.00"/>
        <vehicle id="44" x="94.15" y="401.65" angle="-90.00" type="DEFAULT_VEHTYPE" speed="13.22" pos="101.10" lane="1/2to0/2_0" slope="0.00"/>
        <vehicle id="48" x="135.80" y="401.65" angle="-90.00" type="DEFAULT_VEHTYPE" speed="13.43" pos="59.45" lane="1/2to0/2_0" slope="0.00"/>
        <vehicle id="5" x="192.42" y="398.35" angle="90.00" type="DEFAULT_VEHTYPE" speed="4.08" pos="192.42" lane="0/2to1/2_0" slope="0.00"/>
        <vehicle id="7" x="398.35" y="550.07" angle="0.00" type="DEFAULT_VEHTYPE" speed="13.58" pos="45.18" lane="2/3to2/2_0" slope="0.00"/>
        <vehicle id="8" x="201.65" y="584.91" angle="180.00" type="DEFAULT_VEHTYPE" speed="13.17" pos="180.16" lane="1/2to1/3_0" slope="0.00"/>
    </timestep>
    <timestep time="462.00">
        <vehicle id="0" x="401.65" y="753.40" angle="180.00" type="DEFAULT_VEHTYPE" speed="13.33" pos="148.65" lane="2/3to2/4_0" slope="0.00"/>
        <vehicle id="1" x="565.46" y="198.35" angle="90.00" type="DEFAULT_VEHTYPE" speed="13.58" pos="160.71" lane="2/1to3/1_0" slope="0.00"/>
        <vehicle id="17" x="398.35" y="563.23" angle="0.00" type="DEFAULT_VEHTYPE" speed="13.75" pos="32.02" lane="2/3to2/2_0" slope="0.00"/>
        <vehicle id="18" x="398.35" y="779.17" angle="0.00" type="DEFAULT_VEHTYPE" speed="13.36" pos="20.83" lane="2/4to2/3_0" slope="0.00"/>
        <vehicle id="21" x="387.35" y="598.35" angle="90.00" type="DEFAULT_VEHTYPE" speed="6.02" pos="182.60" lane="1/3to2/3_0" slope="0.00"/>
        <vehicle id="22" x="398.35" y="95.77" angle="0.00" type="DEFAULT_VEHTYPE" speed="13.28" pos="99.48" lane="2/1to2/0_0" slope="0.00"/>
        <vehicle id="24" x="56.57" y="398.35" angle="90.00" type="DEFAULT_VEHTYPE" speed="13.49" pos="56.57" lane="0/2to1/2_0" slope="0.00"/>
        <vehicle id="26" x="14.46" y="398.35" angle="90.00" type="DEFAULT_VEHTYPE" speed="13.51" pos="14.46" lane="0/2to1/2_0" slope="0.00"/>
        <vehicle id="28" x="398.35" y="591.97" angle="0.00" type="DEFAULT_VEHTYPE" speed="13.79" pos="3.28" lane="2/3to2/2_0" slope="0.00"/>
        <vehicle id="32" x="259.70" y="401.65" angle="-90.00" type="DEFAULT_VEHTYPE" speed="13.66" pos="135.55" lane="2/2to1/2_0" slope="0.00"/>
        <vehicle id="35" x="201.65" y="421.86" angle="180.00" type="DEFAULT_VEHTYPE" speed="10.10" pos="17.11" lane="1/2to1/3_0" slope="0.00"/>
        <vehicle id="37" x="623.36" y="198.35" angle="90.00" type="DEFAULT_VEHTYPE" speed="11.51" pos="18.61" lane="3/1to4/1_0" slope="0.00"/>
        <vehicle id="38" x="666.06" y="201.65" angle="-90.00" type="DEFAULT_VEHTYPE" speed="13.02" pos="133.94" lane="4/1to3/1_0" slope="0.00"/>
        <vehicle id="41" x="385.88" y="401.65" angle="-90.00" type="DEFAULT_VEHTYPE" speed="13.52" pos="9.37" lane="2/2to1/2_0" slope="0.00"/>
        <vehicle id="44" x="81.06" y="401.65" angle="-90.00" type="DEFAULT_VEHTYPE" speed="13.09" pos="114.19" lane="1/2to0/2_0" slope="0.00"/>
        <vehicle id="48" x="122.50" y="401.65" angle="-90.00" type="DEFAULT_VEHTYPE" speed="13.30" pos="72.75" lane="1/2to0/2_0" slope="0.00"/>
        <vehicle id="5" x="197.86" y="398.72" angle="94.29" type="DEFAULT_VEHTYPE" speed="5.47" pos="2.64" lane=":1/2_14_0" slope="0.00"/>
        <vehicle id="7" x="398.35" y="536.31" angle="0.00" type="DEFAULT_VEHTYPE" speed="13.76" pos="58.94" lane="2/3to2/2_0" slope="0.00"/>
        <vehicle id="8" x="202.56" y="597.66" angle="169.15" type="DEFAULT_VEHTYPE" speed="13.00" pos="2.66" lane=":1/3_8_0" slope="0.00"/>
    </timestep>
    <timestep time="463.00">
        <vehicle id="0" x="401.65" y="766.83" angle="180.00" type="DEFAULT_VEHTYPE" speed="13.42" pos="162.08" lane="2/3to2/4_0" slope="0.00"/>
        <vehicle id="1" x="576.31" y="198.35" angle="90.00" type="DEFAULT_VEHTYPE" speed="10.85" pos="171.56" lane="2/1to3/1_0" slope="0.00"/>
        <vehicle id="17" x="398.35" y="550.19" angle="0.00" type="DEFAULT_VEHTYPE" speed="13.04" pos="45.06" lane="2/3to2/2_0" slope="0.00"/>
        <vehicle id="18" x="398.35" y="766.19" angle="0.00" type="DEFAULT_VEHTYPE" speed="12.97" pos="33.81" lane="2/4to2/3_0" slope="0.00"/>
        <vehicle id="21" x="390.61" y="598.35" angle="90.00" type="DEFAULT_VEHTYPE" speed="3.27" pos="185.86" lane="1/3to2/3_0" slope="0.00"/>
        <vehicle id="22" x="398.35" y="81.87" angle="0.00" type="DEFAULT_VEHTYPE" speed="13.90" pos="113.38" lane="2/1to2/0_0" slope="0.00"/>
        <vehicle id="24" x="69.93" y="398.35" angle="90.00" type="DEFAULT_VEHTYPE" speed="13.36" pos="69.93" lane="0/2to1/2_0" slope="0.00"/>
        <vehicle id="26" x="28.26" y="398.35" angle="90.00" type="DEFAULT_VEHTYPE" speed="13.80" pos="28.26" lane="0/2to1/2_0" slope="0.00"/>
        <vehicle id="28" x="398.35" y="579.16" angle="0.00" type="DEFAULT_VEHTYPE" speed="12.81" pos="16.09" lane="2/3to2/2_0" slope="0.00"/>
        <vehicle id="32" x="246.31" y="401.65" angle="-90.00" type="DEFAULT_VEHTYPE" speed="13.39" pos="148.94" lane="2/2to1/2_0" slope="0.00"/>
        <vehicle id="35" x="201.65" y="433.81" angle="180.00" type="DEFAULT_VEHTYPE" speed="11.95" pos="29.06" lane="1/2to1/3_0" slope="0.00"/>
        <vehicle id="37" x="636.15" y="198.35" angle="90.00" type="DEFAULT_VEHTYPE" speed="12.79" pos="31.40" lane="3/1to4/1_0" slope="0.00"/>
        <vehicle id="38" x="652.26" y="201.65" angle="-90.00" type="DEFAULT_VEHTYPE" speed="13.80" pos="147.74" lane="4/1to3/1_0" slope="0.00"/>
        <vehicle id="41" x="372.07" y="401.65" angle="-90.00" type="DEFAULT_VEHTYPE" speed="13.81" pos="23.18" lane="2/2to1/2_0" slope="0.00"/>
        <vehicle id="44" x="68.26" y="401.65" angle="-90.00" type="DEFAULT_VEHTYPE" speed="12.80" pos="126.99" lane="1/2to0/2_0" slope="0.00"/>
        <vehicle id="48" x="109.05" y="401.65" angle="-90.00" type="DEFAULT_VEHTYPE" speed="13.45" pos="86.20" lane="1/2to0/2_0" slope="0.00"/>
        <vehicle id="5" x="201.52" y="403.86" angle="153.80" type="DEFAULT_VEHTYPE" speed="6.78" pos="9.42" lane=":1/2_14_0" slope="0.00"/>
        <vehicle id="7" x="398.35" y="523.26" angle="0.00" type="DEFAULT_VEHTYPE" speed="13.05" pos="71.99" lane="2/3to2/2_0" slope="0.00"/>
        <vehicle id="8" x="215.20" y="598.35" angle="90.00" type="DEFAULT_VEHTYPE" speed="12.79" pos="10.45" lane="1/3to2/3_0" slope="0.00"/>
    </timestep>
    <timestep time="464.00">
        <vehicle id="0" x="401.65" y="780.14" angle="180.00" type="DEFAULT_VEHTYPE" speed="13.32" pos="175.39" lane="2/3to2/4_0" slope="0.00"/>
        <vehicle id="1" x="584.48" y="198.35" angle="90.00" type="DEFAULT_VEHTYPE" speed="8.17" pos="179.73" lane="2/1to3/1_0" slope="0.00"/>
        <vehicle id="17" x="398.35" y="536.61" angle="0.00" type="DEFAULT_VEHTYPE" speed="13.59" pos="58.64" lane="2/3to2/2_0" slope="0.00"/>
        <vehicle id="18" x="398.35" y="752.43" angle="0.00" type="DEFAULT_VEHTYPE" speed="13.77" pos="47.57" lane="2/4to2/3_0" slope="0.00"/>
        <vehicle id="21" x="395.79" y="598.43" angle="90.89" type="DEFAULT_VEHTYPE" speed="5.19" pos="0.55" lane=":2/3_14_0" slope="0.00"/>
        <vehicle id="22" x="398.35" y="68.21" angle="0.00" type="DEFAULT_VEHTYPE" speed="13.67" pos="127.04" lane="2/1to2/0_0" slope="0.00"/>
        <vehicle id="24" x="83.08" y="398.35" angle="90.00" type="DEFAULT_VEHTYPE" speed="13.15" pos="83.08" lane="0/2to1/2_0" slope="0.00"/>
        <vehicle id="26" x="41.61" y="398.35" angle="90.00" type="DEFAULT_VEHTYPE" speed="13.35" pos="41.61" lane="0/2to1/2_0" slope="0.00"/>
        <vehicle id="28" x="398.35" y="565.38" angle="0.00" type="DEFAULT_VEHTYPE" speed="13.78" pos="29.87" lane="2/3to2/2_0" slope="0.00"/>
        <vehicle id="32" x="232.97" y="401.65" angle="-90.00" type="DEFAULT_VEHTYPE" speed="13.34" pos="162.28" lane="2/2to1/2_0" slope="0.00"/>
        <vehicle id="35" x="201.65" y="446.41" angle="180.00" type="DEFAULT_VEHTYPE" speed="12.60" pos="41.66" lane="1/2to1/3_0" slope="0.00"/>
        <vehicle id="37" x="648.76" y="198.35" angle="90.00" type="DEFAULT_VEHTYPE" speed="12.62" pos="44.01" lane="3/1to4/1_0" slope="0.00"/>
        <vehicle id="38" x="639.48" y="201.65" angle="-90.00" type="DEFAULT_VEHTYPE" speed="12.78" pos="160.52" lane="4/1to3/1_0" slope="0.00"/>
        <vehicle id="41" x="359.35" y="401.65" angle="-90.00" type="DEFAULT_VEHTYPE" speed="12.72" pos="35.90" lane="2/2to1/2_0" slope="0.00"/>
        <vehicle id="44" x="54.47" y="401.65" angle="-90.00" type="DEFAULT_VEHTYPE" speed="13.80" pos="140.78" lane="1/2to0/2_0" slope="0.00"/>
        <vehicle id="48" x="95.44" y="401.65" angle="-90.00" type="DEFAULT_VEHTYPE" speed="13.61" pos="99.81" lane="1/2to0/2_0" slope="0.00"/>
        <vehicle id="5" x="201.65" y="412.58" angle="180.00" type="DEFAULT_VEHTYPE" speed="8.73" pos="7.83" lane="1/2to1/3_0" slope="0.00"/>
        <vehicle id="7" x="398.35" y="509.97" angle="0.00" type="DEFAULT_VEHTYPE" speed="13.29" pos="85.28" lane="2/3to2/2_0" slope="0.00"/>
        <vehicle id="8" x="228.34" y="598.35" angle="90.00" type="DEFAULT_VEHTYPE" speed="13.14" pos="23.59" lane="1/3to2/3_0" slope="0.00"/>
    </timestep>
    <timestep time="465.00">
        <vehicle id="0" x="401.65" y="793.48" angle="180.00" type="DEFAULT_VEHTYPE" speed="13.34" pos="188.73" lane="2/3to2/4_0" slope="0.00"/>
        <vehicle id="1" x="589.10" y="198.35" angle="90.00" type="DEFAULT_VEHTYPE" speed="4.63" pos="184.35" lane="2/1to3/1_0" slope="0.00"/>
        <vehicle id="17" x="398.35" y="523.32" angle="0.00" type="DEFAULT_VEHTYPE" speed="13.29" pos="71.93" lane="2/3to2/2_0" slope="0.00"/>
        <vehicle id="18" x="398.35" y="739.76" angle="0.00" type="DEFAULT_VEHTYPE" speed="12.67" pos="60.24" lane="2/4to2/3_0" slope="0.00"/>
        <vehicle id="21" x="401.34" y="602.56" angle="140.26" type="DEFAULT_VEHTYPE" speed="7.56" pos="8.11" lane=":2/3_14_0" slope="0.00"/>
        <vehicle id="22" x="398.35" y="55.43" angle="0.00" type="DEFAULT_VEHTYPE" speed="12.78" pos="139.82" lane="2/1to2/0_0" slope="0.00"/>
        <vehicle id="24" x="96.34" y="398.35" angle="90.00" type="DEFAULT_VEHTYPE" speed="13.26" pos="96.34" lane="0/2to1/2_0" slope="0.00"/>
        <vehicle id="26" x="55.48" y="398.35" angle="90.00" type="DEFAULT_VEHTYPE" speed="13.87" pos="55.48" lane="0/2to1/2_0" slope="0.00"/>
        <vehicle id="28" x="398.35" y="551.66" angle="0.00" type="DEFAULT_VEHTYPE" speed="13.72" pos="43.59" lane="2/3to2/2_0" slope="0.00"/>
        <vehicle id="32" x="222.00" y="401.65" angle="-90.00" type="DEFAULT_VEHTYPE" speed="10.97" pos="173.25" lane="2/2to1/2_0" slope="0.00"/>
        <vehicle id="35" x="201.65" y="459.23" angle="180.00" type="DEFAULT_VEHTYPE" speed="12.82" pos="54.48" lane="1/2to1/3_0" slope="0.00"/>
        <vehicle id="37" x="662.13" y="198.35" angle="90.00" type="DEFAULT_VEHTYPE" speed="13.36" pos="57.38" lane="3/1to4/1_0" slope="0.00"/>
        <vehicle id="38" x="626.50" y="201.65" angle="-90.00" type="DEFAULT_VEHTYPE" speed="12.98" pos="173.50" lane="4/1to3/1_0" slope="0.00"/>
        <vehicle id="41" x="346.06" y="401.65" angle="-90.00" type="DEFAULT_VEHTYPE" speed="13.28" pos="49.19" lane="2/2to1/2_0" slope="0.00"/>
        <vehicle id="44" x="41.08" y="401.65" angle="-90.00" type="DEFAULT_VEHTYPE" speed="13.39" pos="154.17" lane="1/2to0/2_0" slope="0.00"/>
        <vehicle id="48" x="81.67" y="401.65" angle="-90.00" type="DEFAULT_VEHTYPE" speed="13.77" pos="113.58" lane="1/2to0/2_0" slope="0.00"/>
        <vehicle id="5" x="201.65" y="423.09" angle="180.00" type="DEFAULT_VEHTYPE" speed="10.51" pos="18.34" lane="1/2to1/3_0" slope="0.00"/>
        <vehicle id="7" x="398.35" y="496.88" angle="0.00" type="DEFAULT_VEHTYPE" speed="13.09" pos="98.37" lane="2/3to2/2_0" slope="0.00"/>
        <vehicle id="8" x="241.68" y="598.35" angle="90.00" type="DEFAULT_VEHTYPE" speed="13.34" pos="36.93" lane="1/3to2/3_0" slope="0.00"/>
    </timestep>
    <timestep time="466.00">
        <vehicle id="0" x="398.35" y="798.09" angle="-34.87" type="DEFAULT_VEHTYPE" speed="13.24" pos="1.91" lane="2/4to2/3_0" slope="0.00"/>
        <vehicle id="1" x="591.66" y="198.35" angle="90.00" type="DEFAULT_VEHTYPE" speed="2.56" pos="186.91" lane="2/1to3/1_0" slope="0.00"/>
        <vehicle id="17" x="398.35" y="509.74" angle="0.00" type="DEFAULT_VEHTYPE" speed="13.58" pos="85.51" lane="2/3to2/2_0" slope="0.00"/>
        <vehicle id="18" x="398.35" y="725.90" angle="0.00" type="DEFAULT_VEHTYPE" speed="13.86" pos="74.10" lane="2/4to2/3_0" slope="0.00"/>
        <vehicle id="21" x="401.65" y="612.34" angle="180.00" type="DEFAULT_VEHTYPE" speed="9.80" pos="7.59" lane="2/3to2/4_0" slope="0.00"/>
        <vehicle id="22" x="398.35" y="42.23" angle="0.00" type="DEFAULT_VEHTYPE" speed="13.19" pos="153.02" lane="2/1to2/0_0" slope="0.00"/>
        <vehicle id="24" x="109.92" y="398.35" angle="90.00" type="DEFAULT_VEHTYPE" speed="13.58" pos="109.92" lane="0/2to1/2_0" slope="0.00"/>
        <vehicle id="26" x="68.17" y="398.35" angle="90.00" type="DEFAULT_VEHTYPE" speed="12.69" pos="68.17" lane="0/2to1/2_0" slope="0.00"/>
        <vehicle id="28" x="398.35" y="538.68" angle="0.00" type="DEFAULT_VEHTYPE" speed="12.98" pos="56.57" lane="2/3to2/2_0" slope="0.00"/>
        <vehicle id="32" x="215.28" y="401.65" angle="-90.00" type="DEFAULT_VEHTYPE" speed="6.72" pos="179.97" lane="2/2to1/2_0" slope="0.00"/>
        <vehicle id="35" x="201.65" y="472.80" angle="180.00" type="DEFAULT_VEHTYPE" speed="13.57" pos="68.05" lane="1/2to1/3_0" slope="0.00"/>
        <vehicle id="37" x="675.14" y="198.35" angle="90.00" type="DEFAULT_VEHTYPE" speed="13.01" pos="70.39" lane="3/1to4/1_0" slope="0.00"/>
        <vehicle id="38" x="618.01" y="201.65" angle="-90.00" type="DEFAULT_VEHTYPE" speed="8.49" pos="181.99" lane="4/1to3/1_0" slope="0.00"/>
        <vehicle id="41" x="332.82" y="401.65" angle="-90.00" type="DEFAULT_VEHTYPE" speed="13.24" pos="62.43" lane="2/2to1/2_0" slope="0.00"/>
        <vehicle id="44" x="27.93" y="401.65" angle="-90.00" type="DEFAULT_VEHTYPE" speed="13.15" pos="167.32" lane="1/2to0/2_0" slope="0.00"/>
        <vehicle id="48" x="68.65" y="401.65" angle="-90.00" type="DEFAULT_VEHTYPE" speed="13.02" pos="126.60" lane="1/2to0/2_0" slope="0.00"/>
        <vehicle id="5" x="201.65" y="435.85" angle="180.00" type="DEFAULT_VEHTYPE" speed="12.76" pos="31.10" lane="1/2to1/3_0" slope="0.00"/>
        <vehicle id="7" x="398.35" y="484.25" angle="0.00" type="DEFAULT_VEHTYPE" speed="12.63" pos="111.00" lane="2/3to2/2_0" slope="0.00"/>
        <vehicle id="8" x="254.56" y="598.35" angle="90.00" type="DEFAULT_VEHTYPE" speed="12.87" pos="49.81" lane="1/3to2/3_0" slope="0.00"/>
    </timestep>
    <timestep time="467.00">
        <vehicle id="0" x="398.35" y="784.96" angle="0.00" type="DEFAULT_VEHTYPE" speed="13.14" pos="15.04" lane="2/4to2/3_0" slope="0.00"/>
        <vehicle id="1" x="592.16" y="198.35" angle="90.00" type="DEFAULT_VEHTYPE" speed="0.50" pos="187.41" lane="2/1to3/1_0" slope="0.00"/>
        <vehicle id="17" x="398.35" y="496.50" angle="0.00" type="DEFAULT_VEHTYPE" speed="13.23" pos="98.75" lane="2/3to2/2_0" slope="0.00"/>
        <vehicle id="18" x="398.35" y="712.21" angle="0.00" type="DEFAULT_VEHTYPE" speed="13.69" pos="87.79" lane="2/4to2/3_0" slope="0.00"/>
        <vehicle id="21" x="401.65" y="623.82" angle="180.00" type="DEFAULT_VEHTYPE" speed="11.48" pos="19.07" lane="2/3to2/4_0" slope="0.00"/>
        <vehicle id="22" x="398.35" y="29.40" angle="0.00" type="DEFAULT_VEHTYPE" speed="12.83" pos="165.85" lane="2/1to2/0_0" slope="0.00"/>
        <vehicle id="24" x="122.78" y="398.35" angle="90.00" type="DEFAULT_VEHTYPE" speed="12.86" pos="122.78" lane="0/2to1/2_0" slope="0.00"/>
        <vehicle id="26" x="81.81" y="398.35" angle="90.00" type="DEFAULT_VEHTYPE" speed="13.64" pos="81.81" lane="0/2to1/2_0" slope="0.00"/>
        <vehicle id="28" x="398.35" y="525.20" angle="0.00" type="DEFAULT_VEHTYPE" speed="13.48" pos="70.05" lane="2/3to2/2_0" slope="0.00"/>
        <vehicle id="32" x="210.16" y="401.65" angle="-90.00" type="DEFAULT_VEHTYPE" speed="5.12" pos="185.09" lane="2/2to1/2_0" slope="0.00"/>
        <vehicle id="35" x="201.65" y="486.16" angle="180.00" type="DEFAULT_VEHTYPE" speed="13.36" pos="81.41" lane="1/2to1/3_0" slope="0.00"/>
        <vehicle id="37" x="687.85" y="198.35" angle="90.00" type="DEFAULT_VEHTYPE" speed="12.71" pos="83.10" lane="3/1to4/1_0" slope="0.00"/>
        <vehicle id="38" x="611.83" y="201.65" angle="-90.00" type="DEFAULT_VEHTYPE" speed="6.18" pos="188.17" lane="4/1to3/1_0" slope="0.00"/>
        <vehicle id="41" x="319.89" y="401.65" angle="-90.00" type="DEFAULT_VEHTYPE" speed="12.93" pos="75.36" lane="2/2to1/2_0" slope="0.00"/>
        <vehicle id="44" x="14.47" y="401.65" angle="-90.00" type="DEFAULT_VEHTYPE" speed="13.46" pos="180.78" lane="1/2to0/2_0" slope="0.00"/>
        <vehicle id="48" x="55.53" y="401.65" angle="-90.00" type="DEFAULT_VEHTYPE" speed="13.12" pos="139.72" lane="1/2to0/2_0" slope="0.00"/>
        <vehicle id="5" x="201.65" y="449.22" angle="180.00" type="DEFAULT_VEHTYPE" speed="13.37" pos="44.47" lane="1/2to1/3_0" slope="0.00"/>
        <vehicle id="7" x="398.35" y="471.22" angle="0.00" type="DEFAULT_VEHTYPE" speed="13.03" pos="124.03" lane="2/3to2/2_0" slope="0.00"/>
        <vehicle id="8" x="267.36" y="598.35" angle="90.00" type="DEFAULT_VEHTYPE" speed="12.80" pos="62.61" lane="1/3to2/3_0" slope="0.00"/>
    </timestep>
    <timestep time="468.00">
        <vehicle id="0" x="398.35" y="772.16" angle="0.00" type="DEFAULT_VEHTYPE" speed="12.80" pos="27.84" lane="2/4to2/3_0" slope="0.00"/>
        <vehicle id="1" x="592.56" y="198.35" angle="90.00" type="DEFAULT_VEHTYPE" speed="0.40" pos="187.81" lane="2/1to3/1_0" slope="0.00"/>
        <vehicle id="17" x="398.35" y="482.72" angle="0.00" type="DEFAULT_VEHTYPE" speed="13.78" pos="112.53" lane="2/3to2/2_0" slope="0.00"/>
        <vehicle id="18" x="398.35" y="698.72" angle="0.00" type="DEFAULT_VEHTYPE" speed="13.49" pos="101.28" lane="2/4to2/3_0" slope="0.00"/>
        <vehicle id="21" x="401.65" y="636.98" angle="180.00" type="DEFAULT_VEHTYPE" speed="13.16" pos="32.23" lane="2/3to2/4_0" slope="0.00"/>
        <vehicle id="22" x="398.35" y="16.31" angle="0.00" type="DEFAULT_VEHTYPE" speed="13.08" pos="178.94" lane="2/1to2/0_0" slope="0.00"/>
        <vehicle id="24" x="136.36" y="398.35" angle="90.00" type="DEFAULT_VEHTYPE" speed="13.58" pos="136.36" lane="0/2to1/2_0" slope="0.00"/>
        <vehicle id="26" x="95.68" y="398.35" angle="90.00" type="DEFAULT_VEHTYPE" speed="13.87" pos="95.68" lane="0/2to1/2_0" slope="0.00"/>
        <vehicle id="28" x="398.35" y="511.81" angle="0.00" type="DEFAULT_VEHTYPE" speed="13.39" pos="83.44" lane="2/3to2/2_0" slope="0.00"/>
        <vehicle id="32" x="202.96" y="401.65" angle="-90.00" type="DEFAULT_VEHTYPE" speed="7.20" pos="1.79" lane=":1/2_5_0" slope="0.00"/>
        <vehicle id="35" x="201.65" y="500.03" angle="180.00" type="DEFAULT_VEHTYPE" speed="13.87" pos="95.28" lane="1/2to1/3_0" slope="0.00"/>
        <vehicle id="37" x="700.55" y="198.35" angle="90.00" type="DEFAULT_VEHTYPE" speed="12.70" pos="95.80" lane="3/1to4/1_0" slope="0.00"/>
        <vehicle id="38" x="609.57" y="201.65" angle="-90.00" type="DEFAULT_VEHTYPE" speed="2.27" pos="190.43" lane="4/1to3/1_0" slope="0.00"/>
        <vehicle id="41" x="307.15" y="401.65" angle="-90.00" type="DEFAULT_VEHTYPE" speed="12.75" pos="88.10" lane="2/2to1/2_0" slope="0.00"/>
        <vehicle id="44" x="1.52" y="401.65" angle="-90.00" type="DEFAULT_VEHTYPE" speed="12.95" pos="193.73" lane="1/2to0/2_0" slope="0.00"/>
        <vehicle id="48" x="41.71" y="401.65" angle="-90.00" type="DEFAULT_VEHTYPE" speed="13.82" pos="153.54" lane="1/2to0/2_0" slope="0.00"/>
        <vehicle id="5" x="201.65" y="462.83" angle="180.00" type="DEFAULT_VEHTYPE" speed="13.61" pos="58.08" lane="1/2to1/3_0" slope="0.00"/>
        <vehicle id="7" x="398.35" y="457.60" angle="0.00" type="DEFAULT_VEHTYPE" speed="13.63" pos="137.65" lane="2/3to2/2_0" slope="0.00"/>
        <vehicle id="8" x="280.63" y="598.35" angle="90.00" type="DEFAULT_VEHTYPE" speed="13.27" pos="75.88" lane="1/3to2/3_0" slope="0.00"/>
    </timestep>
    <timestep time="469.00">
        <vehicle id="0" x="398.35" y="758.97" angle="0.00" type="DEFAULT_VEHTYPE" speed="13.19" pos="41.03" lane="2/4to2/3_0" slope="0.00"/>
        <vehicle id="1" x="592.67" y="198.35" angle="90.00" type="DEFAULT_VEHTYPE" speed="0.10" pos="187.92" lane="2/1to3/1_0" slope="0.00"/>
        <vehicle id="17" x="398.35" y="469.12" angle="0.00" type="DEFAULT_VEHTYPE" speed="13.61" pos="126.13" lane="2/3to2/2_0" slope="0.00"/>
        <vehicle id="18" x="398.35" y="685.99" angle="0.00" type="DEFAULT_VEHTYPE" speed="12.72" pos="114.01" lane="2/4to2/3_0" slope="0.00"/>
        <vehicle id="21" x="401.65" y="649.85" angle="180.00" type="DEFAULT_VEHTYPE" speed="12.87" pos="45.10" lane="2/3to2/4_0" slope="0.00"/>
        <vehicle id="22" x="398.35" y="3.33" angle="0.00" type="DEFAULT_VEHTYPE" speed="12.98" pos="191.92" lane="2/1to2/0_0" slope="0.00"/>
        <vehicle id="24" x="149.85" y="398.35" angle="90.00" type="DEFAULT_VEHTYPE" speed="13.50" pos="149.85" lane="0/2to1/2_0" slope="0.00"/>
        <vehicle id="26" x="108.77" y="398.35" angle="90.00" type="DEFAULT_VEHTYPE" speed="13.09" pos="108.77" lane="0/2to1/2_0" slope="0.00"/>
        <vehicle id="28" x="398.35" y="497.96" angle="0.00" type="DEFAULT_VEHTYPE" speed="13.85" pos="97.29" lane="2/3to2/2_0" slope="0.00"/>
        <vehicle id="32" x="193.74" y="401.65" angle="-90.00" type="DEFAULT_VEHTYPE" speed="9.21" pos="1.51" lane="1/2to0/2_0" slope="0.00"/>
        <vehicle id="35" x="201.65" y="512.88" angle="180.00" type="DEFAULT_VEHTYPE" speed="12.85" pos="108.13" lane="1/2to1/3_0" slope="0.00"/>
        <vehicle id="37" x="713.30" y="198.35" angle="90.00" type="DEFAULT_VEHTYPE" speed="12.76" pos="108.55" lane="3/1to4/1_0" slope="0.00"/>
        <vehicle id="38" x="605.28" y="201.65" angle="-90.00" type="DEFAULT_VEHTYPE" speed="4.29" pos="194.72" lane="4/1to3/1_0" slope="0.00"/>
        <vehicle id="41" x="294.12" y="401.65" angle="-90.00" type="DEFAULT_VEHTYPE" speed="13.02" pos="101.13" lane="2/2to1/2_0" slope="0.00"/>
        <vehicle id="44" x="6.56" y="398.35" angle="90.00" type="DEFAULT_VEHTYPE" speed="12.91" pos="6.56" lane="0/2to1/2_0" slope="0.00"/>
        <vehicle id="48" x="27.86" y="401.65" angle="-90.00" type="DEFAULT_VEHTYPE" speed="13.85" pos="167.39" lane="1/2to0/2_0" slope="0.00"/>
        <vehicle id="5" x="201.65" y="476.47" angle="180.00" type="DEFAULT_VEHTYPE" speed="13.64" pos="71.72" lane="1/2to1/3_0" slope="0.00"/>
        <vehicle id="7" x="398.35" y="444.28" angle="0.00" type="DEFAULT_VEHTYPE" speed="13.31" pos="150.97" lane="2/3to2/2_0" slope="0.00"/>
        <vehicle id="8" x="294.19" y="598.35" angle="90.00" type="DEFAULT_VEHTYPE" speed="13.57" pos="89.44" lane="1/3to2/3_0" slope="0.00"/>
    </timestep>
    <timestep time="470.00">
        <vehicle id="0" x="398.35" y="745.74" angle="0.00" type="DEFAULT_VEHTYPE" speed="13.22" pos="54.26" lane="2/4to2/3_0" slope="0.00"/>
        <vehicle id="1" x="592.74" y="198.35" angle="90.00" type="DEFAULT_VEHTYPE" speed="0.07" pos="187.99" lane="2/1to3/1_0" slope="0.00"/>
        <vehicle id="17" x="398.35" y="456.25" angle="0.00" type="DEFAULT_VEHTYPE" speed="12.87" pos="139.00" lane="2/3to2/2_0" slope="0.00"/>
        <vehicle id="18" x="398.35" y="673.34" angle="0.00" type="DEFAULT_VEHTYPE" speed="12.66" pos="126.66" lane="2/4to2/3_0" slope="0.00"/>
        <vehicle id="21" x="401.65" y="662.48" angle="180.00" type="DEFAULT_VEHTYPE" speed="12.63" pos="57.73" lane="2/3to2/4_0" slope="0.00"/>
        <vehicle id="22" x="401.65" y="4.83" angle="178.93" type="DEFAULT_VEHTYPE" speed="12.99" pos="4.83" lane="2/0to2/1_0" slope="0.00"/>
        <vehicle id="24" x="162.64" y="398.35" angle="90.00" type="DEFAULT_VEHTYPE" speed="12.78" pos="162.64" lane="0/2to1/2_0" slope="0.00"/>
        <vehicle id="26" x="122.31" y="398.35" angle="90.00" type="DEFAULT_VEHTYPE" speed="13.54" pos="122.31" lane="0/2to1/2_0" slope="0.00"/>
        <vehicle id="28" x="398.35" y="484.68" angle="0.00" type="DEFAULT_VEHTYPE" speed="13.27" pos="110.57" lane="2/3to2/2_0" slope="0.00"/>
        <vehicle id="32" x="182.64" y="401.65" angle="-90.00" type="DEFAULT_VEHTYPE" speed="11.10" pos="12.61" lane="1/2to0/2_0" slope="0.00"/>
        <vehicle id="35" x="201.65" y="526.29" angle="180.00" type="DEFAULT_VEHTYPE" speed="13.41" pos="121.54" lane="1/2to1/3_0" slope="0.00"/>
        <vehicle id="37" x="726.53" y="198.35" angle="90.00" type="DEFAULT_VEHTYPE" speed="13.23" pos="121.78" lane="3/1to4/1_0" slope="0.00"/>
        <vehicle id="38" x="601.65" y="206.01" angle="-156.09" type="DEFAULT_VEHTYPE" speed="6.79" pos="1.26" lane="3/1to3/2_0" slope="0.00"/>
        <vehicle id="41" x="281.16" y="401.65" angle="-90.00" type="DEFAULT_VEHTYPE" speed="12.96" pos="114.09" lane="2/2to1/2_0" slope="0.00"/>
        <vehicle id="44" x="19.56" y="398.35" angle="90.00" type="DEFAULT_VEHTYPE" speed="13.00" pos="19.56" lane="0/2to1/2_0" slope="0.00"/>
        <vehicle id="48" x="14.05" y="401.65" angle="-90.00" type="DEFAULT_VEHTYPE" speed="13.80" pos="181.20" lane="1/2to0/2_0" slope="0.00"/>
        <vehicle id="5" x="201.65" y="490.06" angle="180.00" type="DEFAULT_VEHTYPE" speed="13.59" pos="85.31" lane="1/2to1/3_0" slope="0.00"/>
        <vehicle id="7" x="398.35" y="431.49" angle="0.00" type="DEFAULT_VEHTYPE" speed="12.79" pos="163.76" lane="2/3to2/2_0" slope="0.00"/>
        <vehicle id="8" x="307.87" y="598.35" angle="90.00" type="DEFAULT_VEHTYPE" speed="13.67" pos="103.12" lane="1/3to2/3_0" slope="0.00"/>
    </timestep>
    <timestep time="471.00">
        <vehicle id="0" x="398.35" y="732.10" angle="0.00" type="DEFAULT_VEHTYPE" speed="13.64" pos="67.90" lane="2/4to2/3_0" slope="0.00"/>
        <vehicle id="1" x="592.74" y="198.35" angle="90.00" type="DEFAULT_VEHTYPE" speed="0.01" pos="187.99" lane="2/1to3/1_0" slope="0.00"/>
        <vehicle id="17" x="398.35" y="443.24" angle="0.00" type="DEFAULT_VEHTYPE" speed="13.00" pos="152.01" lane="2/3to2/2_0" slope="0.00"/>
        <vehicle id="18" x="398.35" y="660.23" angle="0.00" type="DEFAULT_VEHTYPE" speed="13.10" pos="139.77" lane="2/4to2/3_0" slope="0.00"/>
        <vehicle id="21" x="401.65" y="675.16" angle="180.00" type="DEFAULT_VEHTYPE" speed="12.68" pos="70.41" lane="2/3to2/4_0" slope="0.00"/>
        <vehicle id="22" x="401.65" y="18.23" angle="180.00" type="DEFAULT_VEHTYPE" speed="13.39" pos="18.23" lane="2/0to2/1_0" slope="0.00"/>
        <vehicle id="24" x="174.51" y="398.35" angle="90.00" type="DEFAULT_VEHTYPE" speed="11.87" pos="174.51" lane="0/2to1/2_0" slope="0.00"/>
        <vehicle id="26" x="135.15" y="398.35" angle="90.00" type="DEFAULT_VEHTYPE" speed="12.83" pos="135.15" lane="0/2to1/2_0" slope="0.00"/>
        <vehicle id="28" x="398.35" y="471.92" angle="0.00" type="DEFAULT_VEHTYPE" speed="12.76" pos="123.33" lane="2/3to2/2_0" slope="0.00"/>
        <vehicle id="32" x="169.24" y="401.65" angle="-90.00" type="DEFAULT_VEHTYPE" speed="13.40" pos="26.01" lane="1/2to0/2_0" slope="0.00"/>
        <vehicle id="35" x="201.65" y="539.78" angle="180.00" type="DEFAULT_VEHTYPE" speed="13.49" pos="135.03" lane="1/2to1/3_0" slope="0.00"/>
        <vehicle id="37" x="739.74" y="198.35" angle="90.00" type="DEFAULT_VEHTYPE" speed="13.21" pos="134.99" lane="3/1to4/1_0" slope="0.00"/>
        <vehicle id="38" x="601.65" y="214.77" angle="180.00" type="DEFAULT_VEHTYPE" speed="8.76" pos="10.02" lane="3/1to3/2_0" slope="0.00"/>
        <vehicle id="41" x="267.97" y="401.65" angle="-90.00" type="DEFAULT_VEHTYPE" speed="13.19" pos="127.28" lane="2/2to1/2_0" slope="0.00"/>
        <vehicle id="44" x="32.53" y="398.35" angle="90.00" type="DEFAULT_VEHTYPE" speed="12.97" pos="32.53" lane="0/2to1/2_0" slope="0.00"/>
        <vehicle id="48" x="0.60" y="401.65" angle="-90.00" type="DEFAULT_VEHTYPE" speed="13.45" pos="194.65" lane="1/2to0/2_0" slope="0.00"/>
        <vehicle id="5" x="201.65" y="502.98" angle="180.00" type="DEFAULT_VEHTYPE" speed="12.93" pos="98.23" lane="1/2to1/3_0" slope="0.00"/>
        <vehicle id="7" x="398.35" y="417.70" angle="0.00" type="DEFAULT_VEHTYPE" speed="13.79" pos="177.55" lane="2/3to2/2_0" slope="0.00"/>
        <vehicle id="8" x="320.97" y="598.35" angle="90.00" type="DEFAULT_VEHTYPE" speed="13.11" pos="116.22" lane="1/3to2/3_0" slope="0.00"/>
    </timestep>
    <timestep time="472.00">
        <vehicle id="0" x="398.35" y="719.39" angle="0.00" type="DEFAULT_VEHTYPE" speed="12.71" pos="80.61" lane="2/4to2/3_0" slope="0.00"/>
        <vehicle id="1" x="594.07" y="198.35" angle="90.00" type="DEFAULT_VEHTYPE" speed="1.33" pos="189.32" lane="2/1to3/1_0" slope="0.00"/>
        <vehicle id="17" x="398.35" y="429.84" angle="0.00" type="DEFAULT_VEHTYPE" speed="13.40" pos="165.41" lane="2/3to2/2_0" slope="0.00"/>
        <vehicle id="18" x="398.35" y="646.82" angle="0.00" type="DEFAULT_VEHTYPE" speed="13.41" pos="153.18" lane="2/4to2/3_0" slope="0.00"/>
        <vehicle id="21" x="401.65" y="688.80" angle="180.00" type="DEFAULT_VEHTYPE" speed="13.64" pos="84.05" lane="2/3to2/4_0" slope="0.00"/>
        <vehicle id="22" x="401.65" y="30.84" angle="180.00" type="DEFAULT_VEHTYPE" speed="12.62" pos="30.84" lane="2/0to2/1_0" slope="0.00"/>
        <vehicle id="24" x="183.01" y="398.35" angle="90.00" type="DEFAULT_VEHTYPE" speed="8.51" pos="183.01" lane="0/2to1/2_0" slope="0.00"/>
        <vehicle id="26" x="148.66" y="398.35" angle="90.00" type="DEFAULT_VEHTYPE" speed="13.52" pos="148.66" lane="0/2to1/2_0" slope="0.00"/>
        <vehicle id="28" x="398.35" y="458.23" angle="0.00" type="DEFAULT_VEHTYPE" speed="13.69" pos="137.02" lane="2/3to2/2_0" slope="0.00"/>
        <vehicle id="32" x="155.72" y="401.65" angle="-90.00" type="DEFAULT_VEHTYPE" speed="13.52" pos="39.53" lane="1/2to0/2_0" slope="0.00"/>
        <vehicle id="35" x="201.65" y="552.82" angle="180.00" type="DEFAULT_VEHTYPE" speed="13.04" pos="148.07" lane="1/2to1/3_0" slope="0.00"/>
        <vehicle id="37" x="753.02" y="198.35" angle="90.00" type="DEFAULT_VEHTYPE" speed="13.29" pos="148.27" lane="3/1to4/1_0" slope="0.00"/>
        <vehicle id="38" x="601.65" y="225.41" angle="180.00" type="DEFAULT_VEHTYPE" speed="10.64" pos="20.66" lane="3/1to3/2_0" slope="0.00"/>
        <vehicle id="41" x="254.40" y="401.65" angle="-90.00" type="DEFAULT_VEHTYPE" speed="13.57" pos="140.85" lane="2/2to1/2_0" slope="0.00"/>
        <vehicle id="44" x="45.32" y="398.35" angle="90.00" type="DEFAULT_VEHTYPE" speed="12.79" pos="45.32" lane="0/2to1/2_0" slope="0.00"/>
        <vehicle id="48" x="7.84" y="398.35" angle="90.00" type="DEFAULT_VEHTYPE" speed="13.26" pos="7.84" lane="0/2to1/2_0" slope="0.00"/>
        <vehicle id="5" x="201.65" y="515.67" angle="180.00" type="DEFAULT_VEHTYPE" speed="12.69" pos="110.92" lane="1/2to1/3_0" slope="0.00"/>
        <vehicle id="7" x="398.32" y="404.50" angle="-0.39" type="DEFAULT_VEHTYPE" speed="13.19" pos="0.25" lane=":2/2_0_0" slope="0.00"/>
        <vehicle id="8" x="334.02" y="598.35" angle="90.00" type="DEFAULT_VEHTYPE" speed="13.04" pos="129.27" lane="1/3to2/3_0" slope="0.00"/>
    </timestep>
    <timestep time="473.00">
        <vehicle id="0" x="398.35" y="706.40" angle="0.00" type="DEFAULT_VEHTYPE" speed="12.99" pos="93.60" lane="2/4to2/3_0" slope="0.00"/>
        <vehicle id="1" x="596.99" y="198.60" angle="92.85" type="DEFAULT_VEHTYPE" speed="2.93" pos="1.75" lane=":3/1_14_0" slope="0.00"/>
        <vehicle id="17" x="398.35" y="417.21" angle="0.00" type="DEFAULT_VEHTYPE" speed="12.63" pos="178.04" lane="2/3to2/2_0" slope="0.00"/>
        <vehicle id="18" x="398.35" y="633.84" angle="0.00" type="DEFAULT_VEHTYPE" speed="12.98" pos="166.16" lane="2/4to2/3_0" slope="0.00"/>
        <vehicle id="21" x="401.65" y="701.65" angle="180.00" type="DEFAULT_VEHTYPE" speed="12.86" pos="96.90" lane="2/3to2/4_0" slope="0.00"/>
        <vehicle id="22" x="401.65" y="44.47" angle="180.00" type="DEFAULT_VEHTYPE" speed="13.63" pos="44.47" lane="2/0to2/1_0" slope="0.00"/>
        <vehicle id="24" x="187.64" y="398.35" angle="90.00" type="DEFAULT_VEHTYPE" speed="4.63" pos="187.64" lane="0/2to1/2_0" slope="0.00"/>
        <vehicle id="26" x="162.24" y="398.35" angle="90.00" type="DEFAULT_VEHTYPE" speed="13.57" pos="162.24" lane="0/2to1/2_0" slope="0.00"/>
        <vehicle id="28" x="398.35" y="444.86" angle="0.00" type="DEFAULT_VEHTYPE" speed="13.37" pos="150.39" lane="2/3to2/2_0" slope="0.00"/>
        <vehicle id="32" x="142.56" y="401.65" angle="-90.00" type="DEFAULT_VEHTYPE" speed="13.16" pos="52.69" lane="1/2to0/2_0" slope="0.00"/>
        <vehicle id="35" x="201.65" y="565.72" angle="180.00" type="DEFAULT_VEHTYPE" speed="12.90" pos="160.97" lane="1/2to1/3_0" slope="0.00"/>
        <vehicle id="37" x="765.73" y="198.35" angle="90.00" type="DEFAULT_VEHTYPE" speed="12.71" pos="160.98" lane="3/1to4/1_0" slope="0.00"/>
        <vehicle id="38" x="601.65" y="238.11" angle="180.00" type="DEFAULT_VEHTYPE" speed="12.70" pos="33.36" lane="3/1to3/2_0" slope="0.00"/>
        <vehicle id="41" x="240.90" y="401.65" angle="-90.00" type="DEFAULT_VEHTYPE" speed="13.50" pos="154.35" lane="2/2to1/2_0" slope="0.00"/>
        <vehicle id="44" x="58.26" y="398.35" angle="90.00" type="DEFAULT_VEHTYPE" speed="12.94" pos="58.26" lane="0/2to1/2_0" slope="0.00"/>
        <vehicle id="48" x="21.04" y="398.35" angle="90.00" type="DEFAULT_VEHTYPE" speed="13.21" pos="21.04" lane="0/2to1/2_0" slope="0.00"/>
        <vehicle id="5" x="201.65" y="528.98" angle="180.00" type="DEFAULT_VEHTYPE" speed="13.31" pos="124.23" lane="1/2to1/3_0" slope="0.00"/>
        <vehicle id="7" x="386.22" y="401.65" angle="-90.00" type="DEFAULT_VEHTYPE" speed="13.79" pos="9.03" lane="2/2to1/2_0" slope="0.00"/>
        <vehicle id="8" x="347.51" y="598.35" angle="90.00" type="DEFAULT_VEHTYPE" speed="13.50" pos="142.76" lane="1/3to2/3_0" slope="0.00"/>
    </timestep>
    <timestep time="474.00">
        <vehicle id="0" x="398.35" y="693.69" angle="0.00" type="DEFAULT_VEHTYPE" speed="12.71" pos="106.31" lane="2/4to2/3_0" slope="0.00"/>
        <vehicle id="1" x="600.93" y="201.42" angle="126.24" type="DEFAULT_VEHTYPE" speed="5.12" pos="6.87" lane=":3/1_14_0" slope="0.00"/>
        <vehicle id="17" x="398.35" y="404.28" angle="0.00" type="DEFAULT_VEHTYPE" speed="12.93" pos="0.47" lane=":2/2_1_0" slope="0.00"/>
        <vehicle id="18" x="398.35" y="620.72" angle="0.00" type="DEFAULT_VEHTYPE" speed="13.12" pos="179.28" lane="2/4to2/3_0" slope="0.00"/>
        <vehicle id="21" x="401.65" y="714.52" angle="180.00" type="DEFAULT_VEHTYPE" speed="12.86" pos="109.77" lane="2/3to2/4_0" slope="0.00"/>
        <vehicle id="22" x="401.65" y="57.24" angle="180.00" type="DEFAULT_VEHTYPE" speed="12.77" pos="57.24" lane="2/0to2/1_0" slope="0.00"/>
        <vehicle id="24" x="190.25" y="398.35" angle="90.00" type="DEFAULT_VEHTYPE" speed="2.60" pos="190.25" lane="0/2to1/2_0" slope="0.00"/>
        <vehicle id="26" x="172.22" y="398.35" angle="90.00" type="DEFAULT_VEHTYPE" speed="9.98" pos="172.22" lane="0/2to1/2_0" slope="0.00"/>
        <vehicle id="28" x="398.35" y="432.24" angle="0.00" type="DEFAULT_VEHTYPE" speed="12.62" pos="163.01" lane="2/3to2/2_0" slope="0.00"/>
        <vehicle id="32" x="128.72" y="401.65" angle="-90.00" type="DEFAULT_VEHTYPE" speed="13.84" pos="66.53" lane="1/2to0/2_0" slope="0.00"/>
        <vehicle id="35" x="201.65" y="578.37" angle="180.00" type="DEFAULT_VEHTYPE" speed="12.65" pos="173.62" lane="1/2to1/3_0" slope="0.00"/>
        <vehicle id="37" x="778.70" y="198.35" angle="90.00" type="DEFAULT_VEHTYPE" speed="12.97" pos="173.95" lane="3/1to4/1_0" slope="0.00"/>
        <vehicle id="38" x="601.65" y="251.47" angle="180.00" type="DEFAULT_VEHTYPE" speed="13.36" pos="46.72" lane="3/1to3/2_0" slope="0.00"/>
        <vehicle id="41" x="228.21" y="401.65" angle="-90.00" type="DEFAULT_VEHTYPE" speed="12.69" pos="167.04" lane="2/2to1/2_0" slope="0.00"/>
        <vehicle id="44" x="71.74" y="398.35" angle="90.00" type="DEFAULT_VEHTYPE" speed="13.47" pos="71.74" lane="0/2to1/2_0" slope="0.00"/>
        <vehicle id="48" x="34.44" y="398.35" angle="90.00" type="DEFAULT_VEHTYPE" speed="13.40" pos="34.44" lane="0/2to1/2_0" slope="0.00"/>
        <vehicle id="5" x="201.65" y="542.26" angle="180.00" type="DEFAULT_VEHTYPE" speed="13.28" pos="137.51" lane="1/2to1/3_0" slope="0.00"/>
        <vehicle id="7" x="372.44" y="401.65" angle="-90.00" type="DEFAULT_VEHTYPE" speed="13.78" pos="22.81" lane="2/2to1/2_0" slope="0.00"/>
        <vehicle id="8" x="360.95" y="598.35" angle="90.00" type="DEFAULT_VEHTYPE" speed="13.43" pos="156.20" lane="1/3to2/3_0" slope="0.00"/>
    </timestep>
    <timestep time="475.00">
        <vehicle id="0" x="398.35" y="681.08" angle="0.00" type="DEFAULT_VEHTYPE" speed="12.61" pos="118.92" lane="2/4to2/3_0" slope="0.00"/>
        <vehicle id="1" x="601.65" y="208.21" angle="177.50" type="DEFAULT_VEHTYPE" speed="6.91" pos="3.46" lane="3/1to3/2_0" slope="0.00"/>
        <vehicle id="17" x="398.35" y="391.57" angle="0.00" type="DEFAULT_VEHTYPE" speed="12.71" pos="3.68" lane="2/2to2/1_0" slope="0.00"/>
        <vehicle id="18" x="398.35" y="608.08" angle="0.00" type="DEFAULT_VEHTYPE" speed="12.64" pos="191.92" lane="2/4to2/3_0" slope="0.00"/>
        <vehicle id="21" x="401.65" y="727.25" angle="180.00" type="DEFAULT_VEHTYPE" speed="12.73" pos="122.50" lane="2/3to2/4_0" slope="0.00"/>
        <vehicle id="22" x="401.65" y="70.98" angle="180.00" type="DEFAULT_VEHTYPE" speed="13.74" pos="70.98" lane="2/0to2/1_0" slope="0.00"/>
        <vehicle id="24" x="191.99" y="398.35" angle="90.00" type="DEFAULT_VEHTYPE" speed="1.75" pos="191.99" lane="0/2to1/2_0" slope="0.00"/>
        <vehicle id="26" x="177.81" y="398.35" angle="90.00" type="DEFAULT_VEHTYPE" speed="5.59" pos="177.81" lane="0/2to1/2_0" slope="0.00"/>
        <vehicle id="28" x="398.35" y="418.72" angle="0.00" type="DEFAULT_VEHTYPE" speed="13.52" pos="176.53" lane="2/3to2/2_0" slope="0.00"/>
        <vehicle id="32" x="115.03" y="401.65" angle="-90.00" type="DEFAULT_VEHTYPE" speed="13.69" pos="80.22" lane="1/2to0/2_0" slope="0.00"/>
        <vehicle id="35" x="201.65" y="591.28" angle="180.00" type="DEFAULT_VEHTYPE" speed="12.91" pos="186.53" lane="1/2to1/3_0" slope="0.00"/>
        <vehicle id="37" x="791.83" y="198.35" angle="90.00" type="DEFAULT_VEHTYPE" speed="13.13" pos="187.08" lane="3/1to4/1_0" slope="0.00"/>
        <vehicle id="38" x="601.65" y="264.52" angle="180.00" type="DEFAULT_VEHTYPE" speed="13.05" pos="59.77" lane="3/1to3/2_0" slope="0.00"/>
        <vehicle id="41" x="219.16" y="401.65" angle="-90.00" type="DEFAULT_VEHTYPE" speed="9.05" pos="176.09" lane="2/2to1/2_0" slope="0.00"/>
        <vehicle id="44" x="84.58" y="398.35" angle="90.00" type="DEFAULT_VEHTYPE" speed="12.84" pos="84.58" lane="0/2to1/2_0" slope="0.00"/>
        <vehicle id="48" x="47.46" y="398.35" angle="90.00" type="DEFAULT_VEHTYPE" speed="13.02" pos="47.46" lane="0/2to1/2_0" slope="0.00"/>
        <vehicle id="5" x="201.65" y="554.97" angle="180.00" type="DEFAULT_VEHTYPE" speed="12.72" pos="150.22" lane="1/2to1/3_0" slope="0.00"/>
        <vehicle id="7" x="358.93" y="401.65" angle="-90.00" type="DEFAULT_VEHTYPE" speed="13.51" pos="36.32" lane="2/2to1/2_0" slope="0.00"/>
        <vehicle id="8" x="372.76" y="598.35" angle="90.00" type="DEFAULT_VEHTYPE" speed="11.81" pos="168.01" lane="1/3to2/3_0" slope="0.00"/>
    </timestep>
    <timestep time="476.00">
        <vehicle id="0" x="398.35" y="668.05" angle="0.00" type="DEFAULT_VEHTYPE" speed="13.03" pos="131.95" lane="2/4to2/3_0" slope="0.00"/>
        <vehicle id="1" x="601.65" y="217.65" angle="180.00" type="DEFAULT_VEHTYPE" speed="9.44" pos="12.90" lane="3/1to3/2_0" slope="0.00"/>
        <vehicle id="17" x="398.35" y="378.06" angle="0.00" type="DEFAULT_VEHTYPE" speed="13.51" pos="17.19" lane="2/2to2/1_0" slope="0.00"/>
        <vehicle id="18" x="398.35" y="594.87" angle="0.00" type="DEFAULT_VEHTYPE" speed="13.21" pos="0.38" lane="2/3to2/2_0" slope="0.00"/>
        <vehicle id="21" x="401.65" y="740.16" angle="180.00" type="DEFAULT_VEHTYPE" speed="12.91" pos="135.41" lane="2/3to2/4_0" slope="0.00"/>
        <vehicle id="22" x="401.65" y="84.20" angle="180.00" type="DEFAULT_VEHTYPE" speed="13.23" pos="84.20" lane="2/0to2/1_0" slope="0.00"/>
        <vehicle id="24" x="192.70" y="398.35" angle="90.00" type="DEFAULT_VEHTYPE" speed="0.70" pos="192.70" lane="0/2to1/2_0" slope="0.00"/>
        <vehicle id="26" x="182.21" y="398.35" angle="90.00" type="DEFAULT_VEHTYPE" speed="4.40" pos="182.21" lane="0/2to1/2_0" slope="0.00"/>
        <vehicle id="28" x="398.35" y="405.12" angle="0.00" type="DEFAULT_VEHTYPE" speed="13.60" pos="190.13" lane="2/3to2/2_0" slope="0.00"/>
        <vehicle id="32" x="101.32" y="401.65" angle="-90.00" type="DEFAULT_VEHTYPE" speed="13.71" pos="93.93" lane="1/2to0/2_0" slope="0.00"/>
        <vehicle id="35" x="208.81" y="598.35" angle="91.50" type="DEFAULT_VEHTYPE" speed="13.03" pos="4.06" lane="1/3to2/3_0" slope="0.00"/>
        <vehicle id="37" x="800.26" y="201.48" angle="166.47" type="DEFAULT_VEHTYPE" speed="12.68" pos="4.51" lane=":4/1_0_0" slope="0.00"/>
        <vehicle id="38" x="601.65" y="277.29" angle="180.00" type="DEFAULT_VEHTYPE" speed="12.76" pos="72.54" lane="3/1to3/2_0" slope="0.00"/>
        <vehicle id="41" x="212.92" y="401.65" angle="-90.00" type="DEFAULT_VEHTYPE" speed="6.24" pos="182.33" lane="2/2to1/2_0" slope="0.00"/>
        <vehicle id="44" x="98.01" y="398.35" angle="90.00" type="DEFAULT_VEHTYPE" speed="13.43" pos="98.01" lane="0/2to1/2_0" slope="0.00"/>
        <vehicle id="48" x="60.76" y="398.35" angle="90.00" type="DEFAULT_VEHTYPE" speed="13.30" pos="60.76" lane="0/2to1/2_0" slope="0.00"/>
        <vehicle id="5" x="201.65" y="568.22" angle="180.00" type="DEFAULT_VEHTYPE" speed="13.25" pos="163.47" lane="1/2to1/3_0" slope="0.00"/>
        <vehicle id="7" x="345.76" y="401.65" angle="-90.00" type="DEFAULT_VEHTYPE" speed="13.16" pos="49.49" lane="2/2to1/2_0" slope="0.00"/>
        <vehicle id="8" x="382.09" y="598.35" angle="90.00" type="DEFAULT_VEHTYPE" speed="9.33" pos="177.34" lane="1/3to2/3_0" slope="0.00"/>
    </timestep>
    <timestep time="477.00">
        <vehicle id="0" x="398.35" y="654.69" angle="0.00" type="DEFAULT_VEHTYPE" speed="13.36" pos="145.31" lane="2/4to2/3_0" slope="0.00"/>
        <vehicle id="1" x="601.65" y="228.97" angle="180.00" type="DEFAULT_VEHTYPE" speed="11.32" pos="24.22" lane="3/1to3/2_0" slope="0.00"/>
        <vehicle id="17" x="398.35" y="364.20" angle="0.00" type="DEFAULT_VEHTYPE" speed="13.86" pos="31.05" lane="2/2to2/1_0" slope="0.00"/>
        <vehicle id="18" x="398.35" y="582.09" angle="0.00" type="DEFAULT_VEHTYPE" speed="12.78" pos="13.16" lane="2/3to2/2_0" slope="0.00"/>
        <vehicle id="21" x="401.65" y="752.81" angle="180.00" type="DEFAULT_VEHTYPE" speed="12.65" pos="148.06" lane="2/3to2/4_0" slope="0.00"/>
        <vehicle id="22" x="401.65" y="98.08" angle="180.00" type="DEFAULT_VEHTYPE" speed="13.88" pos="98.08" lane="2/0to2/1_0" slope="0.00"/>
        <vehicle id="24" x="192.72" y="398.35" angle="90.00" type="DEFAULT_VEHTYPE" speed="0.03" pos="192.72" lane="0/2to1/2_0" slope="0.00"/>
        <vehicle id="26" x="183.53" y="398.35" angle="90.00" type="DEFAULT_VEHTYPE" speed="1.33" pos="183.53" lane="0/2to1/2_0" slope="0.00"/>
        <vehicle id="28" x="398.35" y="391.88" angle="0.00" type="DEFAULT_VEHTYPE" speed="13.23" pos="3.37" lane="2/2to2/1_0" slope="0.00"/>
        <vehicle id="32" x="88.56" y="401.65" angle="-90.00" type="DEFAULT_VEHTYPE" speed="12.76" pos="106.69" lane="1/2to0/2_0" slope="0.00"/>
        <vehicle id="35" x="221.74" y="598.35" angle="90.00" type="DEFAULT_VEHTYPE" speed="12.93" pos="16.99" lane="1/3to2/3_0" slope="0.00"/>
        <vehicle id="37" x="787.10" y="201.65" angle="-90.00" type="DEFAULT_VEHTYPE" speed="13.21" pos="12.90" lane="4/1to3/1_0" slope="0.00"/>
        <vehicle id="38" x="601.65" y="290.60" angle="180.00" type="DEFAULT_VEHTYPE" speed="13.32" pos="85.85" lane="3/1to3/2_0" slope="0.00"/>
        <vehicle id="41" x="209.06" y="401.65" angle="-90.00" type="DEFAULT_VEHTYPE" speed="3.86" pos="186.19" lane="2/2to1/2_0" slope="0.00"/>
        <vehicle id="44" x="110.68" y="398.35" angle="90.00" type="DEFAULT_VEHTYPE" speed="12.67" pos="110.68" lane="0/2to1/2_0" slope="0.00"/>
        <vehicle id="48" x="73.61" y="398.35" angle="90.00" type="DEFAULT_VEHTYPE" speed="12.85" pos="73.61" lane="0/2to1/2_0" slope="0.00"/>
        <vehicle id="5" x="201.65" y="581.71" angle="180.00" type="DEFAULT_VEHTYPE" speed="13.49" pos="176.96" lane="1/2to1/3_0" slope="0.00"/>
        <vehicle id="7" x="332.70" y="401.65" angle="-90.00" type="DEFAULT_VEHTYPE" speed="13.07" pos="62.55" lane="2/2to1/2_0" slope="0.00"/>
        <vehicle id="8" x="387.62" y="598.35" angle="90.00" type="DEFAULT_VEHTYPE" speed="5.53" pos="182.87" lane="1/3to2/3_0" slope="0.00"/>
    </timestep>
    <timestep time="478.00">
        <vehicle id="0" x="398.35" y="642.04" angle="0.00" type="DEFAULT_VEHTYPE" speed="12.65" pos="157.96" lane="2/4to2/3_0" slope="0.00"/>
        <vehicle id="1" x="601.65" y="242.10" angle="180.00" type="DEFAULT_VEHTYPE" speed="13.13" pos="37.35" lane="3/1to3/2_0" slope="0.00"/>
        <vehicle id="17" x="398.35" y="351.45" angle="0.00" type="DEFAULT_VEHTYPE" speed="12.75" pos="43.80" lane="2/2to2/1_0" slope="0.00"/>
        <vehicle id="18" x="398.35" y="568.90" angle="0.00" type="DEFAULT_VEHTYPE" speed="13.19" pos="26.35" lane="2/3to2/2_0" slope="0.00"/>
        <vehicle id="21" x="401.65" y="765.50" angle="180.00" type="DEFAULT_VEHTYPE" speed="12.69" pos="160.75" lane="2/3to2/4_0" slope="0.00"/>
        <vehicle id="22" x="401.65" y="111.76" angle="180.00" type="DEFAULT_VEHTYPE" speed="13.68" pos="111.76" lane="2/0to2/1_0" slope="0.00"/>
        <vehicle id="24" x="192.75" y="398.35" angle="90.00" type="DEFAULT_VEHTYPE" speed="0.02" pos="192.75" lane="0/2to1/2_0" slope="0.00"/>
        <vehicle id="26" x="184.76" y="398.35" angle="90.00" type="DEFAULT_VEHTYPE" speed="1.22" pos="184.76" lane="0/2to1/2_0" slope="0.00"/>
        <vehicle id="28" x="398.35" y="378.29" angle="0.00" type="DEFAULT_VEHTYPE" speed="13.59" pos="16.96" lane="2/2to2/1_0" slope="0.00"/>
        <vehicle id="32" x="75.05" y="401.65" angle="-90.00" type="DEFAULT_VEHTYPE" speed="13.51" pos="120.20" lane="1/2to0/2_0" slope="0.00"/>
        <vehicle id="35" x="234.66" y="598.35" angle="90.00" type="DEFAULT_VEHTYPE" speed="12.91" pos="29.91" lane="1/3to2/3_0" slope="0.00"/>
        <vehicle id="37" x="773.28" y="201.65" angle="-90.00" type="DEFAULT_VEHTYPE" speed="13.82" pos="26.72" lane="4/1to3/1_0" slope="0.00"/>
        <vehicle id="38" x="601.65" y="304.29" angle="180.00" type="DEFAULT_VEHTYPE" speed="13.69" pos="99.54" lane="3/1to3/2_0" slope="0.00"/>
        <vehicle id="41" x="203.27" y="401.65" angle="-90.00" type="DEFAULT_VEHTYPE" speed="5.80" pos="1.48" lane=":1/2_5_0" slope="0.00"/>
        <vehicle id="44" x="123.69" y="398.35" angle="90.00" type="DEFAULT_VEHTYPE" speed="13.01" pos="123.69" lane="0/2to1/2_0" slope="0.00"/>
        <vehicle id="48" x="86.86" y="398.35" angle="90.00" type="DEFAULT_VEHTYPE" speed="13.25" pos="86.86" lane="0/2to1/2_0" slope="0.00"/>
        <vehicle id="5" x="201.70" y="595.59" angle="179.45" type="DEFAULT_VEHTYPE" speed="13.88" pos="0.34" lane=":1/3_8_0" slope="0.00"/>
        <vehicle id="7" x="319.84" y="401.65" angle="-90.00" type="DEFAULT_VEHTYPE" speed="12.85" pos="75.41" lane="2/2to1/2_0" slope="0.00"/>
        <vehicle id="8" x="390.16" y="598.35" angle="90.00" type="DEFAULT_VEHTYPE" speed="2.54" pos="185.41" lane="1/3to2/3_0" slope="0.00"/>
    </timestep>
    <timestep time="479.00">
        <vehicle id="0" x="398.35" y="628.96" angle="0.00" type="DEFAULT_VEHTYPE" speed="13.07" pos="171.04" lane="2/4to2/3_0" slope="0.00"/>
        <vehicle id="1" x="601.65" y="255.44" angle="180.00" type="DEFAULT_VEHTYPE" speed="13.33" pos="50.69" lane="3/1to3/2_0" slope="0.00"/>
        <vehicle id="17" x="398.35" y="338.54" angle="0.00" type="DEFAULT_VEHTYPE" speed="12.91" pos="56.71" lane="2/2to2/1_0" slope="0.00"/>
        <vehicle id="18" x="398.35" y="555.97" angle="0.00" type="DEFAULT_VEHTYPE" speed="12.93" pos="39.28" lane="2/3to2/2_0" slope="0.00"/>
        <vehicle id="21" x="401.65" y="778.60" angle="180.00" type="DEFAULT_VEHTYPE" speed="13.10" pos="173.85" lane="2/3to2/4_0" slope="0.00"/>
        <vehicle id="22" x="401.65" y="125.27" angle="180.00" type="DEFAULT_VEHTYPE" speed="13.50" pos="125.27" lane="2/0to2/1_0" slope="0.00"/>
        <vehicle id="24" x="192.75" y="398.35" angle="90.00" type="DEFAULT_VEHTYPE" speed="0.00" pos="192.75" lane="0/2to1/2_0" slope="0.00"/>
        <vehicle id="26" x="185.13" y="398.35" angle="90.00" type="DEFAULT_VEHTYPE" speed="0.38" pos="185.13" lane="0/2to1/2_0" slope="0.00"/>
        <vehicle id="28" x="398.35" y="365.39" angle="0.00" type="DEFAULT_VEHTYPE" speed="12.90" pos="29.86" lane="2/2to2/1_0" slope="0.00"/>
        <vehicle id="32" x="62.30" y="401.65" angle="-90.00" type="DEFAULT_VEHTYPE" speed="12.76" pos="132.95" lane="1/2to0/2_0" slope="0.00"/>
        <vehicle id="35" x="247.75" y="598.35" angle="90.00" type="DEFAULT_VEHTYPE" speed="13.09" pos="43.00" lane="1/3to2/3_0" slope="0.00"/>
        <vehicle id="37" x="760.27" y="201.65" angle="-90.00" type="DEFAULT_VEHTYPE" speed="13.01" pos="39.73" lane="4/1to3/1_0" slope="0.00"/>
        <vehicle id="38" x="601.65" y="317.20" angle="180.00" type="DEFAULT_VEHTYPE" speed="12.91" pos="112.45" lane="3/1to3/2_0" slope="0.00"/>
        <vehicle id="41" x="195.84" y="401.65" angle="-90.00" type="DEFAULT_VEHTYPE" speed="7.43" pos="8.91" lane=":1/2_5_0" slope="0.00"/>
        <vehicle id="44" x="137.03" y="398.35" angle="90.00" type="DEFAULT_VEHTYPE" speed="13.34" pos="137.03" lane="0/2to1/2_0" slope="0.00"/>
        <vehicle id="48" x="100.57" y="398.35" angle="90.00" type="DEFAULT_VEHTYPE" speed="13.71" pos="100.57" lane="0/2to1/2_0" slope="0.00"/>
        <vehicle id="5" x="213.17" y="598.35" angle="90.00" type="DEFAULT_VEHTYPE" speed="13.08" pos="8.42" lane="1/3to2/3_0" slope="0.00"/>
        <vehicle id="7" x="306.81" y="401.65" angle="-90.00" type="DEFAULT_VEHTYPE" speed="13.04" pos="88.44" lane="2/2to1/2_0" slope="0.00"/>
        <vehicle id="8" x="391.88" y="598.35" angle="90.00" type="DEFAULT_VEHTYPE" speed="1.71" pos="187.13" lane="1/3to2/3_0" slope="0.00"/>
    </timestep>
    <timestep time="480.00">
        <vehicle id="0" x="398.35" y="615.84" angle="0.00" type="DEFAULT_VEHTYPE" speed="13.12" pos="184.16" lane="2/4to2/3_0" slope="0.00"/>
        <vehicle id="1" x="601.65" y="268.82" angle="180.00" type="DEFAULT_VEHTYPE" speed="13.39" pos="64.07" lane="3/1to3/2_0" slope="0.00"/>
        <vehicle id="17" x="398.35" y="325.38" angle="0.00" type="DEFAULT_VEHTYPE" speed="13.16" pos="69.87" lane="2/2to2/1_0" slope="0.00"/>
        <vehicle id="18" x="398.35" y="542.56" angle="0.00" type="DEFAULT_VEHTYPE" speed="13.41" pos="52.69" lane="2/3to2/2_0" slope="0.00"/>
        <vehicle id="21" x="401.65" y="791.67" angle="180.00" type="DEFAULT_VEHTYPE" speed="13.06" pos="186.92" lane="2/3to2/4_0" slope="0.00"/>
        <vehicle id="22" x="401.65" y="138.41" angle="180.00" type="DEFAULT_VEHTYPE" speed="13.14" pos="138.41" lane="2/0to2/1_0" slope="0.00"/>
        <vehicle id="24" x="194.36" y="398.35" angle="90.00" type="DEFAULT_VEHTYPE" speed="1.61" pos="194.36" lane="0/2to1/2_0" slope="0.00"/>
        <vehicle id="26" x="185.21" y="398.35" angle="90.00" type="DEFAULT_VEHTYPE" speed="0.08" pos="185.21" lane="0/2to1/2_0" slope="0.00"/>
        <vehicle id="28" x="398.35" y="351.74" angle="0.00" type="DEFAULT_VEHTYPE" speed="13.65" pos="43.51" lane="2/2to2/1_0" slope="0.00"/>
        <vehicle id="32" x="48.69" y="401.65" angle="-90.00" type="DEFAULT_VEHTYPE" speed="13.60" pos="146.56" lane="1/2to0/2_0" slope="0.00"/>
        <vehicle id="35" x="260.61" y="598.35" angle="90.00" type="DEFAULT_VEHTYPE" speed="12.86" pos="55.86" lane="1/3to2/3_0" slope="0.00"/>
        <vehicle id="37" x="746.84" y="201.65" angle="-90.00" type="DEFAULT_VEHTYPE" speed="13.43" pos="53.16" lane="4/1to3/1_0" slope="0.00"/>
        <vehicle id="38" x="601.65" y="330.10" angle="180.00" type="DEFAULT_VEHTYPE" speed="12.90" pos="125.35" lane="3/1to3/2_0" slope="0.00"/>
        <vehicle id="41" x="186.51" y="401.65" angle="-90.00" type="DEFAULT_VEHTYPE" speed="9.33" pos="8.74" lane="1/2to0/2_0" slope="0.00"/>
        <vehicle id="44" x="149.86" y="398.35" angle="90.00" type="DEFAULT_VEHTYPE" speed="12.83" pos="149.86" lane="0/2to1/2_0" slope="0.00"/>
        <vehicle id="48" x="113.43" y="398.35" angle="90.00" type="DEFAULT_VEHTYPE" speed="12.86" pos="113.43" lane="0/2to1/2_0" slope="0.00"/>
        <vehicle id="5" x="226.83" y="598.35" angle="90.00" type="DEFAULT_VEHTYPE" speed="13.66" pos="22.08" lane="1/3to2/3_0" slope="0.00"/>
        <vehicle id="7" x="293.58" y="401.65" angle="-90.00" type="DEFAULT_VEHTYPE" speed="13.23" pos="101.67" lane="2/2to1/2_0" slope="0.00"/>
        <vehicle id="8" x="392.65" y="598.35" angle="90.00" type="DEFAULT_VEHTYPE" speed="0.77" pos="187.90" lane="1/3to2/3_0" slope="0.00"/>
    </timestep>
    <timestep time="481.00">
        <vehicle id="0" x="398.35" y="603.02" angle="0.00" type="DEFAULT_VEHTYPE" speed="12.82" pos="1.73" lane=":2/3_1_0" slope="0.00"/>
        <vehicle id="1" x="601.65" y="282.41" angle="180.00" type="DEFAULT_VEHTYPE" speed="13.59" pos="77.66" lane="3/1to3/2_0" slope="0.00"/>
        <vehicle id="17" x="398.35" y="312.24" angle="0.00" type="DEFAULT_VEHTYPE" speed="13.14" pos="83.01" lane="2/2to2/1_0" slope="0.00"/>
        <vehicle id="18" x="398.35" y="529.46" angle="0.00" type="DEFAULT_VEHTYPE" speed="13.10" pos="65.79" lane="2/3to2/2_0" slope="0.00"/>
        <vehicle id="21" x="398.35" y="799.57" angle="-78.62" type="DEFAULT_VEHTYPE" speed="13.58" pos="0.43" lane="2/4to2/3_0" slope="0.00"/>
        <vehicle id="22" x="401.65" y="152.13" angle="180.00" type="DEFAULT_VEHTYPE" speed="13.72" pos="152.13" lane="2/0to2/1_0" slope="0.00"/>
        <vehicle id="24" x="197.83" y="398.72" angle="94.24" type="DEFAULT_VEHTYPE" speed="3.50" pos="2.60" lane=":1/2_14_0" slope="0.00"/>
        <vehicle id="26" x="186.42" y="398.35" angle="90.00" type="DEFAULT_VEHTYPE" speed="1.21" pos="186.42" lane="0/2to1/2_0" slope="0.00"/>
        <vehicle id="28" x="398.35" y="337.87" angle="0.00" type="DEFAULT_VEHTYPE" speed="13.87" pos="57.38" lane="2/2to2/1_0" slope="0.00"/>
        <vehicle id="32" x="35.29" y="401.65" angle="-90.00" type="DEFAULT_VEHTYPE" speed="13.40" pos="159.96" lane="1/2to0/2_0" slope="0.00"/>
        <vehicle id="35" x="273.47" y="598.35" angle="90.00" type="DEFAULT_VEHTYPE" speed="12.86" pos="68.72" lane="1/3to2/3_0" slope="0.00"/>
        <vehicle id="37" x="733.87" y="201.65" angle="-90.00" type="DEFAULT_VEHTYPE" speed="12.97" pos="66.13" lane="4/1to3/1_0" slope="0.00"/>
        <vehicle id="38" x="601.65" y="343.96" angle="180.00" type="DEFAULT_VEHTYPE" speed="13.86" pos="139.21" lane="3/1to3/2_0" slope="0.00"/>
        <vehicle id="41" x="174.59" y="401.65" angle="-90.00" type="DEFAULT_VEHTYPE" speed="11.92" pos="20.66" lane="1/2to0/2_0" slope="0.00"/>
        <vehicle id="44" x="160.85" y="398.35" angle="90.00" type="DEFAULT_VEHTYPE" speed="10.99" pos="160.85" lane="0/2to1/2_0" slope="0.00"/>
        <vehicle id="48" x="127.20" y="398.35" angle="90.00" type="DEFAULT_VEHTYPE" speed="13.77" pos="127.20" lane="0/2to1/2_0" slope="0.00"/>
        <vehicle id="5" x="240.16" y="598.35" angle="90.00" type="DEFAULT_VEHTYPE" speed="13.33" pos="35.41" lane="1/3to2/3_0" slope="0.00"/>
        <vehicle id="7" x="280.69" y="401.65" angle="-90.00" type="DEFAULT_VEHTYPE" speed="12.89" pos="114.56" lane="2/2to1/2_0" slope="0.00"/>
        <vehicle id="8" x="392.72" y="598.35" angle="90.00" type="DEFAULT_VEHTYPE" speed="0.08" pos="187.97" lane="1/3to2/3_0" slope="0.00"/>
    </timestep>
    <timestep time="482.00">
        <vehicle id="0" x="398.35" y="589.65" angle="0.00" type="DEFAULT_VEHTYPE" speed="13.37" pos="5.60" lane="2/3to2/2_0" slope="0.00"/>
        <vehicle id="1" x="601.65" y="295.07" angle="180.00" type="DEFAULT_VEHTYPE" speed="12.65" pos="90.32" lane="3/1to3/2_0" slope="0.00"/>
        <vehicle id="17" x="398.35" y="299.09" angle="0.00" type="DEFAULT_VEHTYPE" speed="13.15" pos="96.16" lane="2/2to2/1_0" slope="0.00"/>
        <vehicle id="18" x="398.35" y="516.27" angle="0.00" type="DEFAULT_VEHTYPE" speed="13.18" pos="78.98" lane="2/3to2/2_0" slope="0.00"/>
        <vehicle id="21" x="398.35" y="785.81" angle="0.00" type="DEFAULT_VEHTYPE" speed="13.76" pos="14.19" lane="2/4to2/3_0" slope="0.00"/>
        <vehicle id="22" x="401.65" y="165.65" angle="180.00" type="DEFAULT_VEHTYPE" speed="13.52" pos="165.65" lane="2/0to2/1_0" slope="0.00"/>
        <vehicle id="24" x="201.33" y="402.52" angle="139.82" type="DEFAULT_VEHTYPE" speed="5.46" pos="8.07" lane=":1/2_14_0" slope="0.00"/>
        <vehicle id="26" x="188.83" y="398.35" angle="90.00" type="DEFAULT_VEHTYPE" speed="2.41" pos="188.83" lane="0/2to1/2_0" slope="0.00"/>
        <vehicle id="28" x="398.35" y="324.32" angle="0.00" type="DEFAULT_VEHTYPE" speed="13.55" pos="70.93" lane="2/2to2/1_0" slope="0.00"/>
        <vehicle id="32" x="21.39" y="401.65" angle="-90.00" type="DEFAULT_VEHTYPE" speed="13.90" pos="173.86" lane="1/2to0/2_0" slope="0.00"/>
        <vehicle id="35" x="287.30" y="598.35" angle="90.00" type="DEFAULT_VEHTYPE" speed="13.83" pos="82.55" lane="1/3to2/3_0" slope="0.00"/>
        <vehicle id="37" x="720.28" y="201.65" angle="-90.00" type="DEFAULT_VEHTYPE" speed="13.59" pos="79.72" lane="4/1to3/1_0" slope="0.00"/>
        <vehicle id="38" x="601.65" y="357.05" angle="180.00" type="DEFAULT_VEHTYPE" speed="13.09" pos="152.30" lane="3/1to3/2_0" slope="0.00"/>
        <vehicle id="41" x="161.50" y="401.65" angle="-90.00" type="DEFAULT_VEHTYPE" speed="13.10" pos="33.75" lane="1/2to0/2_0" slope="0.00"/>
        <vehicle id="44" x="168.66" y="398.35" angle="90.00" type="DEFAULT_VEHTYPE" speed="7.81" pos="168.66" lane="0/2to1/2_0" slope="0.00"/>
        <vehicle id="48" x="140.48" y="398.35" angle="90.00" type="DEFAULT_VEHTYPE" speed="13.28" pos="140.48" lane="0/2to1/2_0" slope="0.00"/>
        <vehicle id="5" x="253.72" y="598.35" angle="90.00" type="DEFAULT_VEHTYPE" speed="13.55" pos="48.97" lane="1/3to2/3_0" slope="0.00"/>
        <vehicle id="7" x="267.07" y="401.65" angle="-90.00" type="DEFAULT_VEHTYPE" speed="13.63" pos="128.18" lane="2/2to1/2_0" slope="0.00"/>
        <vehicle id="8" x="394.63" y="598.35" angle="90.00" type="DEFAULT_VEHTYPE" speed="1.90" pos="189.88" lane="1/3to2/3_0" slope="0.00"/>
    </timestep>
    <timestep time="483.00">
        <vehicle id="0" x="398.35" y="576.42" angle="0.00" type="DEFAULT_VEHTYPE" speed="13.23" pos="18.83" lane="2/3to2/2_0" slope="0.00"/>
        <vehicle id="1" x="601.65" y="307.68" angle="180.00" type="DEFAULT_VEHTYPE" speed="12.61" pos="102.93" lane="3/1to3/2_0" slope="0.00"/>
        <vehicle id="17" x="398.35" y="285.97" angle="0.00" type="DEFAULT_VEHTYPE" speed="13.12" pos="109.28" lane="2/2to2/1_0" slope="0.00"/>
        <vehicle id="18" x="398.35" y="502.62" angle="0.00" type="DEFAULT_VEHTYPE" speed="13.65" pos="92.63" lane="2/3to2/2_0" slope="0.00"/>
        <vehicle id="21" x="398.35" y="773.13" angle="0.00" type="DEFAULT_VEHTYPE" speed="12.69" pos="26.87" lane="2/4to2/3_0" slope="0.00"/>
        <vehicle id="22" x="401.65" y="178.40" angle="180.00" type="DEFAULT_VEHTYPE" speed="12.76" pos="178.40" lane="2/0to2/1_0" slope="0.00"/>
        <vehicle id="24" x="201.65" y="410.15" angle="180.00" type="DEFAULT_VEHTYPE" speed="7.66" pos="5.40" lane="1/2to1/3_0" slope="0.00"/>
        <vehicle id="26" x="192.91" y="398.35" angle="90.00" type="DEFAULT_VEHTYPE" speed="4.07" pos="192.91" lane="0/2to1/2_0" slope="0.00"/>
        <vehicle id="28" x="398.35" y="310.91" angle="0.00" type="DEFAULT_VEHTYPE" speed="13.41" pos="84.34" lane="2/2to2/1_0" slope="0.00"/>
        <vehicle id="32" x="8.16" y="401.65" angle="-90.00" type="DEFAULT_VEHTYPE" speed="13.23" pos="187.09" lane="1/2to0/2_0" slope="0.00"/>
        <vehicle id="35" x="300.17" y="598.35" angle="90.00" type="DEFAULT_VEHTYPE" speed="12.87" pos="95.42" lane="1/3to2/3_0" slope="0.00"/>
        <vehicle id="37" x="707.18" y="201.65" angle="-90.00" type="DEFAULT_VEHTYPE" speed="13.09" pos="92.82" lane="4/1to3/1_0" slope="0.00"/>
        <vehicle id="38" x="601.65" y="370.40" angle="180.00" type="DEFAULT_VEHTYPE" speed="13.35" pos="165.65" lane="3/1to3/2_0" slope="0.00"/>
        <vehicle id="41" x="148.22" y="401.65" angle="-90.00" type="DEFAULT_VEHTYPE" speed="13.27" pos="47.03" lane="1/2to0/2_0" slope="0.00"/>
        <vehicle id="44" x="174.78" y="398.35" angle="90.00" type="DEFAULT_VEHTYPE" speed="6.12" pos="174.78" lane="0/2to1/2_0" slope="0.00"/>
        <vehicle id="48" x="152.43" y="398.35" angle="90.00" type="DEFAULT_VEHTYPE" speed="11.95" pos="152.43" lane="0/2to1/2_0" slope="0.00"/>
        <vehicle id="5" x="267.58" y="598.35" angle="90.00" type="DEFAULT_VEHTYPE" speed="13.86" pos="62.83" lane="1/3to2/3_0" slope="0.00"/>
        <vehicle id="7" x="254.17" y="401.65" angle="-90.00" type="DEFAULT_VEHTYPE" speed="12.90" pos="141.08" lane="2/2to1/2_0" slope="0.00"/>
        <vehicle id="8" x="397.86" y="598.72" angle="94.28" type="DEFAULT_VEHTYPE" speed="3.26" pos="2.63" lane=":2/3_14_0" slope="0.00"/>
    </timestep>
    <timestep time="484.00">
        <vehicle id="0" x="398.35" y="562.96" angle="0.00" type="DEFAULT_VEHTYPE" speed="13.46" pos="32.29" lane="2/3to2/2_0" slope="0.00"/>
        <vehicle id="1" x="601.65" y="321.03" angle="180.00" type="DEFAULT_VEHTYPE" speed="13.35" pos="116.28" lane="3/1to3/2_0" slope="0.00"/>
        <vehicle id="17" x="398.35" y="272.41" angle="0.00" type="DEFAULT_VEHTYPE" speed="13.56" pos="122.84" lane="2/2to2/1_0" slope="0.00"/>
        <vehicle id="18" x="398.35" y="489.88" angle="0.00" type="DEFAULT_VEHTYPE" speed="12.75" pos="105.37" lane="2/3to2/2_0" slope="0.00"/>
        <vehicle id="21" x="398.35" y="759.24" angle="0.00" type="DEFAULT_VEHTYPE" speed="13.89" pos="40.76" lane="2/4to2/3_0" slope="0.00"/>
        <vehicle id="22" x="401.65" y="191.71" angle="180.00" type="DEFAULT_VEHTYPE" speed="13.30" pos="191.71" lane="2/0to2/1_0" slope="0.00"/>
        <vehicle id="24" x="201.65" y="419.13" angle="180.00" type="DEFAULT_VEHTYPE" speed="8.98" pos="14.38" lane="1/2to1/3_0" slope="0.00"/>
        <vehicle id="26" x="198.29" y="398.89" angle="96.29" type="DEFAULT_VEHTYPE" speed="5.45" pos="3.11" lane=":1/2_14_0" slope="0.00"/>
        <vehicle id="28" x="398.35" y="298.05" angle="0.00" type="DEFAULT_VEHTYPE" speed="12.87" pos="97.20" lane="2/2to2/1_0" slope="0.00"/>
        <vehicle id="32" x="-0.28" y="398.54" angle="-14.53" type="DEFAULT_VEHTYPE" speed="12.64" pos="4.48" lane=":0/2_0_0" slope="0.00"/>
        <vehicle id="35" x="313.82" y="598.35" angle="90.00" type="DEFAULT_VEHTYPE" speed="13.64" pos="109.07" lane="1/3to2/3_0" slope="0.00"/>
        <vehicle id="37" x="693.90" y="201.65" angle="-90.00" type="DEFAULT_VEHTYPE" speed="13.28" pos="106.10" lane="4/1to3/1_0" slope="0.00"/>
        <vehicle id="38" x="601.65" y="380.42" angle="180.00" type="DEFAULT_VEHTYPE" speed="10.02" pos="175.67" lane="3/1to3/2_0" slope="0.00"/>
        <vehicle id="41" x="135.31" y="401.65" angle="-90.00" type="DEFAULT_VEHTYPE" speed="12.91" pos="59.94" lane="1/2to0/2_0" slope="0.00"/>
        <vehicle id="44" x="179.98" y="398.35" angle="90.00" type="DEFAULT_VEHTYPE" speed="5.20" pos="179.98" lane="0/2to1/2_0" slope="0.00"/>
        <vehicle id="48" x="161.32" y="398.35" angle="90.00" type="DEFAULT_VEHTYPE" speed="8.89" pos="161.32" lane="0/2to1/2_0" slope="0.00"/>
        <vehicle id="5" x="281.19" y="598.35" angle="90.00" type="DEFAULT_VEHTYPE" speed="13.61" pos="76.44" lane="1/3to2/3_0" slope="0.00"/>
        <vehicle id="7" x="241.10" y="401.65" angle="-90.00" type="DEFAULT_VEHTYPE" speed="13.07" pos="154.15" lane="2/2to1/2_0" slope="0.00"/>
        <vehicle id="8" x="401.25" y="601.98" angle="132.96" type="DEFAULT_VEHTYPE" speed="4.88" pos="7.52" lane=":2/3_14_0" slope="0.00"/>
    </timestep>
    <timestep time="485.00">
        <vehicle id="0" x="398.35" y="550.15" angle="0.00" type="DEFAULT_VEHTYPE" speed="12.80" pos="45.10" lane="2/3to2/2_0" slope="0.00"/>
        <vehicle id="1" x="601.65" y="333.91" angle="180.00" type="DEFAULT_VEHTYPE" speed="12.88" pos="129.16" lane="3/1to3/2_0" slope="0.00"/>
        <vehicle id="17" x="398.35" y="259.41" angle="0.00" type="DEFAULT_VEHTYPE" speed="13.01" pos="135.84" lane="2/2to2/1_0" slope="0.00"/>
        <vehicle id="18" x="398.35" y="476.51" angle="0.00" type="DEFAULT_VEHTYPE" speed="13.37" pos="118.74" lane="2/3to2/2_0" slope="0.00"/>
        <vehicle id="21" x="398.35" y="745.47" angle="0.00" type="DEFAULT_VEHTYPE" speed="13.77" pos="54.53" lane="2/4to2/3_0" slope="0.00"/>
        <vehicle id="22" x="409.47" y="198.35" angle="90.46" type="DEFAULT_VEHTYPE" speed="13.26" pos="4.72" lane="2/1to3/1_0" slope="0.00"/>
        <vehicle id="24" x="201.65" y="430.00" angle="180.00" type="DEFAULT_VEHTYPE" speed="10.87" pos="25.25" lane="1/2to1/3_0" slope="0.00"/>
        <vehicle id="26" x="201.65" y="405.32" angle="165.53" type="DEFAULT_VEHTYPE" speed="7.78" pos="0.57" lane="1/2to1/3_0" slope="0.00"/>
        <vehicle id="28" x="398.35" y="285.27" angle="0.00" type="DEFAULT_VEHTYPE" speed="12.78" pos="109.98" lane="2/2to2/1_0" slope="0.00"/>
        <vehicle id="32" x="13.25" y="398.35" angle="90.00" type="DEFAULT_VEHTYPE" speed="13.59" pos="13.25" lane="0/2to1/2_0" slope="0.00"/>
        <vehicle id="35" x="327.60" y="598.35" angle="90.00" type="DEFAULT_VEHTYPE" speed="13.79" pos="122.85" lane="1/3to2/3_0" slope="0.00"/>
        <vehicle id="37" x="680.88" y="201.65" angle="-90.00" type="DEFAULT_VEHTYPE" speed="13.02" pos="119.12" lane="4/1to3/1_0" slope="0.00"/>
        <vehicle id="38" x="601.65" y="386.82" angle="180.00" type="DEFAULT_VEHTYPE" speed="6.40" pos="182.07" lane="3/1to3/2_0" slope="0.00"/>
        <vehicle id="41" x="121.82" y="401.65" angle="-90.00" type="DEFAULT_VEHTYPE" speed="13.50" pos="73.43" lane="1/2to0/2_0" slope="0.00"/>
        <vehicle id="44" x="186.09" y="398.35" angle="90.00" type="DEFAULT_VEHTYPE" speed="6.11" pos="186.09" lane="0/2to1/2_0" slope="0.00"/>
        <vehicle id="48" x="168.36" y="398.35" angle="90.00" type="DEFAULT_VEHTYPE" speed="7.04" pos="168.36" lane="0/2to1/2_0" slope="0.00"/>
        <vehicle id="5" x="295.08" y="598.35" angle="90.00" type="DEFAULT_VEHTYPE" speed="13.89" pos="90.33" lane="1/3to2/3_0" slope="0.00"/>
        <vehicle id="7" x="228.69" y="401.65" angle="-90.00" type="DEFAULT_VEHTYPE" speed="12.41" pos="166.56" lane="2/2to1/2_0" slope="0.00"/>
        <vehicle id="8" x="401.65" y="609.37" angle="179.39" type="DEFAULT_VEHTYPE" speed="7.43" pos="4.62" lane="2/3to2/4_0" slope="0.00"/>
    </timestep>
    <timestep time="486.00">
        <vehicle id="0" x="398.35" y="536.64" angle="0.00" type="DEFAULT_VEHTYPE" speed="13.51" pos="58.61" lane="2/3to2/2_0" slope="0.00"/>
        <vehicle id="1" x="601.65" y="347.32" angle="180.00" type="DEFAULT_VEHTYPE" speed="13.41" pos="142.57" lane="3/1to3/2_0" slope="0.00"/>
        <vehicle id="17" x="398.35" y="246.27" angle="0.00" type="DEFAULT_VEHTYPE" speed="13.14" pos="148.98" lane="2/2to2/1_0" slope="0.00"/>
        <vehicle id="18" x="398.35" y="463.74" angle="0.00" type="DEFAULT_VEHTYPE" speed="12.76" pos="131.51" lane="2/3to2/2_0" slope="0.00"/>
        <vehicle id="21" x="398.35" y="732.18" angle="0.00" type="DEFAULT_VEHTYPE" speed="13.29" pos="67.82" lane="2/4to2/3_0" slope="0.00"/>
        <vehicle id="22" x="423.12" y="198.35" angle="90.00" type="DEFAULT_VEHTYPE" speed="13.66" pos="18.37" lane="2/1to3/1_0" slope="0.00"/>
        <vehicle id="24" x="201.65" y="443.27" angle="180.00" type="DEFAULT_VEHTYPE" speed="13.28" pos="38.52" lane="1/2to1/3_0" slope="0.00"/>
        <vehicle id="26" x="201.65" y="415.16" angle="180.00" type="DEFAULT_VEHTYPE" speed="9.84" pos="10.41" lane="1/2to1/3_0" slope="0.00"/>
        <vehicle id="28" x="398.35" y="272.07" angle="0.00" type="DEFAULT_VEHTYPE" speed="13.20" pos="123.18" lane="2/2to2/1_0" slope="0.00"/>
        <vehicle id="32" x="26.69" y="398.35" angle="90.00" type="DEFAULT_VEHTYPE" speed="13.44" pos="26.69" lane="0/2to1/2_0" slope="0.00"/>
        <vehicle id="35" x="340.99" y="598.35" angle="90.00" type="DEFAULT_VEHTYPE" speed="13.38" pos="136.24" lane="1/3to2/3_0" slope="0.00"/>
        <vehicle id="37" x="667.21" y="201.65" angle="-90.00" type="DEFAULT_VEHTYPE" speed="13.67" pos="132.79" lane="4/1to3/1_0" slope="0.00"/>
        <vehicle id="38" x="601.65" y="389.93" angle="180.00" type="DEFAULT_VEHTYPE" speed="3.11" pos="185.18" lane="3/1to3/2_0" slope="0.00"/>
        <vehicle id="41" x="108.36" y="401.65" angle="-90.00" type="DEFAULT_VEHTYPE" speed="13.46" pos="86.89" lane="1/2to0/2_0" slope="0.00"/>
        <vehicle id="44" x="190.36" y="398.35" angle="90.00" type="DEFAULT_VEHTYPE" speed="4.27" pos="190.36" lane="0/2to1/2_0" slope="0.00"/>
        <vehicle id="48" x="175.82" y="398.35" angle="90.00" type="DEFAULT_VEHTYPE" speed="7.46" pos="175.82" lane="0/2to1/2_0" slope="0.00"/>
        <vehicle id="5" x="308.19" y="598.35" angle="90.00" type="DEFAULT_VEHTYPE" speed="13.11" pos="103.44" lane="1/3to2/3_0" slope="0.00"/>
        <vehicle id="7" x="219.80" y="401.65" angle="-90.00" type="DEFAULT_VEHTYPE" speed="8.90" pos="175.45" lane="2/2to1/2_0" slope="0.00"/>
        <vehicle id="8" x="401.65" y="618.28" angle="180.00" type="DEFAULT_VEHTYPE" speed="8.91" pos="13.53" lane="2/3to2/4_0" slope="0.00"/>
    </timestep>
    <timestep time="487.00">
        <vehicle id="0" x="398.35" y="523.46" angle="0.00" type="DEFAULT_VEHTYPE" speed="13.18" pos="71.79" lane="2/3to2/2_0" slope="0.00"/>
        <vehicle id="1" x="601.65" y="360.17" angle="180.00" type="DEFAULT_VEHTYPE" speed="12.86" pos="155.42" lane="3/1to3/2_0" slope="0.00"/>
        <vehicle id="17" x="398.35" y="232.65" angle="0.00" type="DEFAULT_VEHTYPE" speed="13.62" pos="162.60" lane="2/2to2/1_0" slope="0.00"/>
        <vehicle id="18" x="398.35" y="450.11" angle="0.00" type="DEFAULT_VEHTYPE" speed="13.63" pos="145.14" lane="2/3to2/2_0" slope="0.00"/>
        <vehicle id="21" x="398.35" y="719.26" angle="0.00" type="DEFAULT_VEHTYPE" speed="12.92" pos="80.74" lane="2/4to2/3_0" slope="0.00"/>
        <vehicle id="22" x="436.26" y="198.35" angle="90.00" type="DEFAULT_VEHTYPE" speed="13.14" pos="31.51" lane="2/1to3/1_0" slope="0.00"/>
        <vehicle id="24" x="201.65" y="457.16" angle="180.00" type="DEFAULT_VEHTYPE" speed="13.89" pos="52.41" lane="1/2to1/3_0" slope="0.00"/>
        <vehicle id="26" x="201.65" y="426.86" angle="180.00" type="DEFAULT_VEHTYPE" speed="11.70" pos="22.11" lane="1/2to1/3_0" slope="0.00"/>
        <vehicle id="28" x="398.35" y="259.11" angle="0.00" type="DEFAULT_VEHTYPE" speed="12.96" pos="136.14" lane="2/2to2/1_0" slope="0.00"/>
        <vehicle id="32" x="39.59" y="398.35" angle="90.00" type="DEFAULT_VEHTYPE" speed="12.90" pos="39.59" lane="0/2to1/2_0" slope="0.00"/>
        <vehicle id="35" x="354.77" y="598.35" angle="90.00" type="DEFAULT_VEHTYPE" speed="13.78" pos="150.02" lane="1/3to2/3_0" slope="0.00"/>
        <vehicle id="37" x="653.44" y="201.65" angle="-90.00" type="DEFAULT_VEHTYPE" speed="13.77" pos="146.56" lane="4/1to3/1_0" slope="0.00"/>
        <vehicle id="38" x="601.65" y="394.41" angle="180.00" type="DEFAULT_VEHTYPE" speed="4.49" pos="189.66" lane="3/1to3/2_0" slope="0.00"/>
        <vehicle id="41" x="95.48" y="401.65" angle="-90.00" type="DEFAULT_VEHTYPE" speed="12.88" pos="99.77" lane="1/2to0/2_0" slope="0.00"/>
        <vehicle id="44" x="191.76" y="398.35" angle="90.00" type="DEFAULT_VEHTYPE" speed="1.41" pos="191.76" lane="0/2to1/2_0" slope="0.00"/>
        <vehicle id="48" x="180.40" y="398.35" angle="90.00" type="DEFAULT_VEHTYPE" speed="4.58" pos="180.40" lane="0/2to1/2_0" slope="0.00"/>
        <vehicle id="5" x="321.57" y="598.35" angle="90.00" type="DEFAULT_VEHTYPE" speed="13.38" pos="116.82" lane="1/3to2/3_0" slope="0.00"/>
        <vehicle id="7" x="212.96" y="401.65" angle="-90.00" type="DEFAULT_VEHTYPE" speed="6.83" pos="182.29" lane="2/2to1/2_0" slope="0.00"/>
        <vehicle id="8" x="401.65" y="629.53" angle="180.00" type="DEFAULT_VEHTYPE" speed="11.25" pos="24.78" lane="2/3to2/4_0" slope="0.00"/>
    </timestep>
    <timestep time="488.00">
        <vehicle id="0" x="398.35" y="510.15" angle="0.00" type="DEFAULT_VEHTYPE" speed="13.30" pos="85.10" lane="2/3to2/2_0" slope="0.00"/>
        <vehicle id="1" x="601.65" y="370.60" angle="180.00" type="DEFAULT_VEHTYPE" speed="10.43" pos="165.85" lane="3/1to3/2_0" slope="0.00"/>
        <vehicle id="17" x="398.35" y="219.37" angle="0.00" type="DEFAULT_VEHTYPE" speed="13.28" pos="175.88" lane="2/2to2/1_0" slope="0.00"/>
        <vehicle id="18" x="398.35" y="437.28" angle="0.00" type="DEFAULT_VEHTYPE" speed="12.83" pos="157.97" lane="2/3to2/2_0" slope="0.00"/>
        <vehicle id="21" x="398.35" y="706.55" angle="0.00" type="DEFAULT_VEHTYPE" speed="12.72" pos="93.45" lane="2/4to2/3_0" slope="0.00"/>
        <vehicle id="22" x="449.84" y="198.35" angle="90.00" type="DEFAULT_VEHTYPE" speed="13.57" pos="45.09" lane="2/1to3/1_0" slope="0.00"/>
        <vehicle id="24" x="201.65" y="470.35" angle="180.00" type="DEFAULT_VEHTYPE" speed="13.19" pos="65.60" lane="1/2to1/3_0" slope="0.00"/>
        <vehicle id="26" x="201.65" y="440.16" angle="180.00" type="DEFAULT_VEHTYPE" speed="13.30" pos="35.41" lane="1/2to1/3_0" slope="0.00"/>
        <vehicle id="28" x="398.35" y="246.38" angle="0.00" type="DEFAULT_VEHTYPE" speed="12.73" pos="148.87" lane="2/2to2/1_0" slope="0.00"/>
        <vehicle id="32" x="52.84" y="398.35" angle="90.00" type="DEFAULT_VEHTYPE" speed="13.25" pos="52.84" lane="0/2to1/2_0" slope="0.00"/>
        <vehicle id="35" x="368.34" y="598.35" angle="90.00" type="DEFAULT_VEHTYPE" speed="13.57" pos="163.59" lane="1/3to2/3_0" slope="0.00"/>
        <vehicle id="37" x="639.90" y="201.65" angle="-90.00" type="DEFAULT_VEHTYPE" speed="13.54" pos="160.10" lane="4/1to3/1_0" slope="0.00"/>
        <vehicle id="38" x="600.08" y="400.00" angle="-161.49" type="DEFAULT_VEHTYPE" speed="5.94" pos="5.10" lane=":3/2_10_0" slope="0.00"/>
        <vehicle id="41" x="82.29" y="401.65" angle="-90.00" type="DEFAULT_VEHTYPE" speed="13.19" pos="112.96" lane="1/2to0/2_0" slope="0.00"/>
        <vehicle id="44" x="192.59" y="398.35" angle="90.00" type="DEFAULT_VEHTYPE" speed="0.83" pos="192.59" lane="0/2to1/2_0" slope="0.00"/>
        <vehicle id="48" x="183.26" y="398.35" angle="90.00" type="DEFAULT_VEHTYPE" speed="2.87" pos="183.26" lane="0/2to1/2_0" slope="0.00"/>
        <vehicle id="5" x="334.72" y="598.35" angle="90.00" type="DEFAULT_VEHTYPE" speed="13.15" pos="129.97" lane="1/3to2/3_0" slope="0.00"/>
        <vehicle id="7" x="209.31" y="401.65" angle="-90.00" type="DEFAULT_VEHTYPE" speed="3.65" pos="185.94" lane="2/2to1/2_0" slope="0.00"/>
        <vehicle id="8" x="401.65" y="642.13" angle="180.00" type="DEFAULT_VEHTYPE" speed="12.60" pos="37.38" lane="2/3to2/4_0" slope="0.00"/>
    </timestep>
    <timestep time="489.00">
        <vehicle id="0" x="398.35" y="496.82" angle="0.00" type="DEFAULT_VEHTYPE" speed="13.34" pos="98.43" lane="2/3to2/2_0" slope="0.00"/>
        <vehicle id="1" x="601.65" y="383.05" angle="180.00" type="DEFAULT_VEHTYPE" speed="12.45" pos="178.30" lane="3/1to3/2_0" slope="0.00"/>
        <vehicle id="17" x="398.35" y="205.73" angle="0.00" type="DEFAULT_VEHTYPE" speed="13.64" pos="189.52" lane="2/2to2/1_0" slope="0.00"/>
        <vehicle id="18" x="398.35" y="424.56" angle="0.00" type="DEFAULT_VEHTYPE" speed="12.73" pos="170.69" lane="2/3to2/2_0" slope="0.00"/>
        <vehicle id="21" x="398.35" y="693.43" angle="0.00" type="DEFAULT_VEHTYPE" speed="13.11" pos="106.57" lane="2/4to2/3_0" slope="0.00"/>
        <vehicle id="22" x="462.65" y="198.35" angle="90.00" type="DEFAULT_VEHTYPE" speed="12.81" pos="57.90" lane="2/1to3/1_0" slope="0.00"/>
        <vehicle id="24" x="201.65" y="484.02" angle="180.00" type="DEFAULT_VEHTYPE" speed="13.68" pos="79.27" lane="1/2to1/3_0" slope="0.00"/>
        <vehicle id="26" x="201.65" y="453.17" angle="180.00" type="DEFAULT_VEHTYPE" speed="13.01" pos="48.42" lane="1/2to1/3_0" slope="0.00"/>
        <vehicle id="28" x="398.35" y="232.65" angle="0.00" type="DEFAULT_VEHTYPE" speed="13.73" pos="162.60" lane="2/2to2/1_0" slope="0.00"/>
        <vehicle id="32" x="66.25" y="398.35" angle="90.00" type="DEFAULT_VEHTYPE" speed="13.41" pos="66.25" lane="0/2to1/2_0" slope="0.00"/>
        <vehicle id="35" x="378.56" y="598.35" angle="90.00" type="DEFAULT_VEHTYPE" speed="10.23" pos="173.81" lane="1/3to2/3_0" slope="0.00"/>
        <vehicle id="37" x="627.77" y="201.65" angle="-90.00" type="DEFAULT_VEHTYPE" speed="12.13" pos="172.23" lane="4/1to3/1_0" slope="0.00"/>
        <vehicle id="38" x="592.76" y="401.65" angle="-94.08" type="DEFAULT_VEHTYPE" speed="7.70" pos="2.49" lane="3/2to2/2_0" slope="0.00"/>
        <vehicle id="41" x="68.40" y="401.65" angle="-90.00" type="DEFAULT_VEHTYPE" speed="13.89" pos="126.85" lane="1/2to0/2_0" slope="0.00"/>
        <vehicle id="44" x="192.72" y="398.35" angle="90.00" type="DEFAULT_VEHTYPE" speed="0.13" pos="192.72" lane="0/2to1/2_0" slope="0.00"/>
        <vehicle id="48" x="184.61" y="398.35" angle="90.00" type="DEFAULT_VEHTYPE" speed="1.35" pos="184.61" lane="0/2to1/2_0" slope="0.00"/>
        <vehicle id="5" x="348.01" y="598.35" angle="90.00" type="DEFAULT_VEHTYPE" speed="13.29" pos="143.26" lane="1/3to2/3_0" slope="0.00"/>
        <vehicle id="7" x="203.80" y="401.65" angle="-90.00" type="DEFAULT_VEHTYPE" speed="5.51" pos="0.95" lane=":1/2_5_0" slope="0.00"/>
        <vehicle id="8" x="401.65" y="655.14" angle="180.00" type="DEFAULT_VEHTYPE" speed="13.01" pos="50.39" lane="2/3to2/4_0" slope="0.00"/>
    </timestep>
    <timestep time="490.00">
        <vehicle id="0" x="398.35" y="483.76" angle="0.00" type="DEFAULT_VEHTYPE" speed="13.05" pos="111.49" lane="2/3to2/2_0" slope="0.00"/>
        <vehicle id="1" x="601.65" y="395.89" angle="180.00" type="DEFAULT_VEHTYPE" speed="12.84" pos="0.64" lane=":3/2_9_0" slope="0.00"/>
        <vehicle id="17" x="388.43" y="201.65" angle="-90.00" type="DEFAULT_VEHTYPE" speed="12.81" pos="6.82" lane="2/1to1/1_0" slope="0.00"/>
        <vehicle id="18" x="398.35" y="411.02" angle="0.00" type="DEFAULT_VEHTYPE" speed="13.53" pos="184.23" lane="2/3to2/2_0" slope="0.00"/>
        <vehicle id="21" x="398.35" y="680.57" angle="0.00" type="DEFAULT_VEHTYPE" speed="12.87" pos="119.43" lane="2/4to2/3_0" slope="0.00"/>
        <vehicle id="22" x="475.66" y="198.35" angle="90.00" type="DEFAULT_VEHTYPE" speed="13.01" pos="70.91" lane="2/1to3/1_0" slope="0.00"/>
        <vehicle id="24" x="201.65" y="497.44" angle="180.00" type="DEFAULT_VEHTYPE" speed="13.41" pos="92.69" lane="1/2to1/3_0" slope="0.00"/>
        <vehicle id="26" x="201.65" y="466.43" angle="180.00" type="DEFAULT_VEHTYPE" speed="13.26" pos="61.68" lane="1/2to1/3_0" slope="0.00"/>
        <vehicle id="28" x="398.35" y="220.04" angle="0.00" type="DEFAULT_VEHTYPE" speed="12.61" pos="175.21" lane="2/2to2/1_0" slope="0.00"/>
        <vehicle id="32" x="79.27" y="398.35" angle="90.00" type="DEFAULT_VEHTYPE" speed="13.02" pos="79.27" lane="0/2to1/2_0" slope="0.00"/>
        <vehicle id="35" x="385.23" y="598.35" angle="90.00" type="DEFAULT_VEHTYPE" speed="6.67" pos="180.48" lane="1/3to2/3_0" slope="0.00"/>
        <vehicle id="37" x="619.09" y="201.65" angle="-90.00" type="DEFAULT_VEHTYPE" speed="8.68" pos="180.91" lane="4/1to3/1_0" slope="0.00"/>
        <vehicle id="38" x="582.75" y="401.65" angle="-90.00" type="DEFAULT_VEHTYPE" speed="10.01" pos="12.50" lane="3/2to2/2_0" slope="0.00"/>
        <vehicle id="41" x="54.52" y="401.65" angle="-90.00" type="DEFAULT_VEHTYPE" speed="13.89" pos="140.73" lane="1/2to0/2_0" slope="0.00"/>
        <vehicle id="44" x="192.74" y="398.35" angle="90.00" type="DEFAULT_VEHTYPE" speed="0.02" pos="192.74" lane="0/2to1/2_0" slope="0.00"/>
        <vehicle id="48" x="184.96" y="398.35" angle="90.00" type="DEFAULT_VEHTYPE" speed="0.35" pos="184.96" lane="0/2to1/2_0" slope="0.00"/>
        <vehicle id="5" x="360.93" y="598.35" angle="90.00" type="DEFAULT_VEHTYPE" speed="12.92" pos="156.18" lane="1/3to2/3_0" slope="0.00"/>
        <vehicle id="7" x="196.72" y="401.65" angle="-90.00" type="DEFAULT_VEHTYPE" speed="7.08" pos="8.03" lane=":1/2_5_0" slope="0.00"/>
        <vehicle id="8" x="401.65" y="668.04" angle="180.00" type="DEFAULT_VEHTYPE" speed="12.90" pos="63.29" lane="2/3to2/4_0" slope="0.00"/>
    </timestep>
    <timestep time="491.00">
        <vehicle id="0" x="398.35" y="470.47" angle="0.00" type="DEFAULT_VEHTYPE" speed="13.30" pos="124.78" lane="2/3to2/2_0" slope="0.00"/>
        <vehicle id="1" x="601.65" y="408.74" angle="180.00" type="DEFAULT_VEHTYPE" speed="12.85" pos="3.99" lane="3/2to3/3_0" slope="0.00"/>
        <vehicle id="17" x="375.27" y="201.65" angle="-90.00" type="DEFAULT_VEHTYPE" speed="13.15" pos="19.98" lane="2/1to1/1_0" slope="0.00"/>
        <vehicle id="18" x="398.35" y="397.48" angle="0.00" type="DEFAULT_VEHTYPE" speed="13.54" pos="7.27" lane=":2/2_1_0" slope="0.00"/>
        <vehicle id="21" x="398.35" y="667.76" angle="0.00" type="DEFAULT_VEHTYPE" speed="12.81" pos="132.24" lane="2/4to2/3_0" slope="0.00"/>
        <vehicle id="22" x="488.71" y="198.35" angle="90.00" type="DEFAULT_VEHTYPE" speed="13.04" pos="83.96" lane="2/1to3/1_0" slope="0.00"/>
        <vehicle id="24" x="201.65" y="510.86" angle="180.00" type="DEFAULT_VEHTYPE" speed="13.42" pos="106.11" lane="1/2to1/3_0" slope="0.00"/>
        <vehicle id="26" x="201.65" y="479.22" angle="180.00" type="DEFAULT_VEHTYPE" speed="12.79" pos="74.47" lane="1/2to1/3_0" slope="0.00"/>
        <vehicle id="28" x="398.35" y="206.28" angle="0.00" type="DEFAULT_VEHTYPE" speed="13.77" pos="188.97" lane="2/2to2/1_0" slope="0.00"/>
        <vehicle id="32" x="92.03" y="398.35" angle="90.00" type="DEFAULT_VEHTYPE" speed="12.77" pos="92.03" lane="0/2to1/2_0" slope="0.00"/>
        <vehicle id="35" x="388.84" y="598.35" angle="90.00" type="DEFAULT_VEHTYPE" speed="3.61" pos="184.09" lane="1/3to2/3_0" slope="0.00"/>
        <vehicle id="37" x="613.54" y="201.65" angle="-90.00" type="DEFAULT_VEHTYPE" speed="5.55" pos="186.46" lane="4/1to3/1_0" slope="0.00"/>
        <vehicle id="38" x="571.33" y="401.65" angle="-90.00" type="DEFAULT_VEHTYPE" speed="11.42" pos="23.92" lane="3/2to2/2_0" slope="0.00"/>
        <vehicle id="41" x="41.04" y="401.65" angle="-90.00" type="DEFAULT_VEHTYPE" speed="13.48" pos="154.21" lane="1/2to0/2_0" slope="0.00"/>
        <vehicle id="44" x="194.61" y="398.35" angle="90.00" type="DEFAULT_VEHTYPE" speed="1.87" pos="194.61" lane="0/2to1/2_0" slope="0.00"/>
        <vehicle id="48" x="185.16" y="398.35" angle="90.00" type="DEFAULT_VEHTYPE" speed="0.19" pos="185.16" lane="0/2to1/2_0" slope="0.00"/>
        <vehicle id="5" x="371.10" y="598.35" angle="90.00" type="DEFAULT_VEHTYPE" speed="10.17" pos="166.35" lane="1/3to2/3_0" slope="0.00"/>
        <vehicle id="7" x="187.57" y="401.65" angle="-90.00" type="DEFAULT_VEHTYPE" speed="9.15" pos="7.68" lane="1/2to0/2_0" slope="0.00"/>
        <vehicle id="8" x="401.65" y="681.39" angle="180.00" type="DEFAULT_VEHTYPE" speed="13.35" pos="76.64" lane="2/3to2/4_0" slope="0.00"/>
    </timestep>
    <timestep time="492.00">
        <vehicle id="0" x="398.35" y="456.63" angle="0.00" type="DEFAULT_VEHTYPE" speed="13.83" pos="138.62" lane="2/3to2/2_0" slope="0.00"/>
        <vehicle id="1" x="601.65" y="422.05" angle="180.00" type="DEFAULT_VEHTYPE" speed="13.31" pos="17.30" lane="3/2to3/3_0" slope="0.00"/>
        <vehicle id="17" x="362.26" y="201.65" angle="-90.00" type="DEFAULT_VEHTYPE" speed="13.02" pos="32.99" lane="2/1to1/1_0" slope="0.00"/>
        <vehicle id="18" x="398.35" y="384.83" angle="0.00" type="DEFAULT_VEHTYPE" speed="12.65" pos="10.42" lane="2/2to2/1_0" slope="0.00"/>
        <vehicle id="21" x="398.35" y="654.80" angle="0.00" type="DEFAULT_VEHTYPE" speed="12.96" pos="145.20" lane="2/4to2/3_0" slope="0.00"/>
        <vehicle id="22" x="502.34" y="198.35" angle="90.00" type="DEFAULT_VEHTYPE" speed="13.63" pos="97.59" lane="2/1to3/1_0" slope="0.00"/>
        <vehicle id="24" x="201.65" y="524.52" angle="180.00" type="DEFAULT_VEHTYPE" speed="13.66" pos="119.77" lane="1/2to1/3_0" slope="0.00"/>
        <vehicle id="26" x="201.65" y="492.91" angle="180.00" type="DEFAULT_VEHTYPE" speed="13.69" pos="88.16" lane="1/2to1/3_0" slope="0.00"/>
        <vehicle id="28" x="389.07" y="201.65" angle="-90.00" type="DEFAULT_VEHTYPE" speed="12.71" pos="6.18" lane="2/1to1/1_0" slope="0.00"/>
        <vehicle id="32" x="105.74" y="398.35" angle="90.00" type="DEFAULT_VEHTYPE" speed="13.71" pos="105.74" lane="0/2to1/2_0" slope="0.00"/>
        <vehicle id="35" x="393.96" y="598.35" angle="90.00" type="DEFAULT_VEHTYPE" speed="5.12" pos="189.21" lane="1/3to2/3_0" slope="0.00"/>
        <vehicle id="37" x="609.67" y="201.65" angle="-90.00" type="DEFAULT_VEHTYPE" speed="3.87" pos="190.33" lane="4/1to3/1_0" slope="0.00"/>
        <vehicle id="38" x="557.58" y="401.65" angle="-90.00" type="DEFAULT_VEHTYPE" speed="13.75" pos="37.67" lane="3/2to2/2_0" slope="0.00"/>
        <vehicle id="41" x="28.19" y="401.65" angle="-90.00" type="DEFAULT_VEHTYPE" speed="12.85" pos="167.06" lane="1/2to0/2_0" slope="0.00"/>
        <vehicle id="44" x="197.91" y="398.73" angle="94.37" type="DEFAULT_VEHTYPE" speed="3.33" pos="2.69" lane=":1/2_14_0" slope="0.00"/>
        <vehicle id="48" x="186.17" y="398.35" angle="90.00" type="DEFAULT_VEHTYPE" speed="1.01" pos="186.17" lane="0/2to1/2_0" slope="0.00"/>
        <vehicle id="5" x="376.77" y="598.35" angle="90.00" type="DEFAULT_VEHTYPE" speed="5.67" pos="172.02" lane="1/3to2/3_0" slope="0.00"/>
        <vehicle id="7" x="176.25" y="401.65" angle="-90.00" type="DEFAULT_VEHTYPE" speed="11.32" pos="19.00" lane="1/2to0/2_0" slope="0.00"/>
        <vehicle id="8" x="401.65" y="695.04" angle="180.00" type="DEFAULT_VEHTYPE" speed="13.65" pos="90.29" lane="2/3to2/4_0" slope="0.00"/>
    </timestep>
    <timestep time="493.00">
        <vehicle id="0" x="398.35" y="442.76" angle="0.00" type="DEFAULT_VEHTYPE" speed="13.87" pos="152.49" lane="2/3to2/2_0" slope="0.00"/>
        <vehicle id="1" x="601.65" y="435.11" angle="180.00" type="DEFAULT_VEHTYPE" speed="13.06" pos="30.36" lane="3/2to3/3_0" slope="0.00"/>
        <vehicle id="17" x="348.62" y="201.65" angle="-90.00" type="DEFAULT_VEHTYPE" speed="13.64" pos="46.63" lane="2/1to1/1_0" slope="0.00"/>
        <vehicle id="18" x="398.35" y="371.16" angle="0.00" type="DEFAULT_VEHTYPE" speed="13.67" pos="24.09" lane="2/2to2/1_0" slope="0.00"/>
        <vehicle id="21" x="398.35" y="640.92" angle="0.00" type="DEFAULT_VEHTYPE" speed="13.88" pos="159.08" lane="2/4to2/3_0" slope="0.00"/>
        <vehicle id="22" x="515.72" y="198.35" angle="90.00" type="DEFAULT_VEHTYPE" speed="13.38" pos="110.97" lane="2/1to3/1_0" slope="0.00"/>
        <vehicle id="24" x="201.65" y="537.41" angle="180.00" type="DEFAULT_VEHTYPE" speed="12.88" pos="132.66" lane="1/2to1/3_0" slope="0.00"/>
        <vehicle id="26" x="201.65" y="506.56" angle="180.00" type="DEFAULT_VEHTYPE" speed="13.65" pos="101.81" lane="1/2to1/3_0" slope="0.00"/>
        <vehicle id="28" x="376.24" y="201.65" angle="-90.00" type="DEFAULT_VEHTYPE" speed="12.83" pos="19.01" lane="2/1to1/1_0" slope="0.00"/>
        <vehicle id="32" x="118.41" y="398.35" angle="90.00" type="DEFAULT_VEHTYPE" speed="12.68" pos="118.41" lane="0/2to1/2_0" slope="0.00"/>
        <vehicle id="35" x="400.12" y="600.07" angle="110.12" type="DEFAULT_VEHTYPE" speed="6.59" pos="5.30" lane=":2/3_14_0" slope="0.00"/>
        <vehicle id="37" x="604.04" y="201.75" angle="-91.14" type="DEFAULT_VEHTYPE" speed="5.64" pos="0.72" lane=":3/1_4_0" slope="0.00"/>
        <vehicle id="38" x="543.75" y="401.65" angle="-90.00" type="DEFAULT_VEHTYPE" speed="13.83" pos="51.50" lane="3/2to2/2_0" slope="0.00"/>
        <vehicle id="41" x="14.94" y="401.65" angle="-90.00" type="DEFAULT_VEHTYPE" speed="13.25" pos="180.31" lane="1/2to0/2_0" slope="0.00"/>
        <vehicle id="44" x="201.36" y="402.73" angle="141.99" type="DEFAULT_VEHTYPE" speed="5.59" pos="8.28" lane=":1/2_14_0" slope="0.00"/>
        <vehicle id="48" x="188.41" y="398.35" angle="90.00" type="DEFAULT_VEHTYPE" speed="2.24" pos="188.41" lane="0/2to1/2_0" slope="0.00"/>
        <vehicle id="5" x="383.98" y="598.35" angle="90.00" type="DEFAULT_VEHTYPE" speed="7.20" pos="179.23" lane="1/3to2/3_0" slope="0.00"/>
        <vehicle id="7" x="162.86" y="401.65" angle="-90.00" type="DEFAULT_VEHTYPE" speed="13.39" pos="32.39" lane="1/2to0/2_0" slope="0.00"/>
        <vehicle id="8" x="401.65" y="708.68" angle="180.00" type="DEFAULT_VEHTYPE" speed="13.64" pos="103.93" lane="2/3to2/4_0" slope="0.00"/>
    </timestep>
    <timestep time="494.00">
        <vehicle id="0" x="398.35" y="429.52" angle="0.00" type="DEFAULT_VEHTYPE" speed="13.24" pos="165.73" lane="2/3to2/2_0" slope="0.00"/>
        <vehicle id="1" x="601.65" y="447.84" angle="180.00" type="DEFAULT_VEHTYPE" speed="12.72" pos="43.09" lane="3/2to3/3_0" slope="0.00"/>
        <vehicle id="17" x="335.92" y="201.65" angle="-90.00" type="DEFAULT_VEHTYPE" speed="12.70" pos="59.33" lane="2/1to1/1_0" slope="0.00"/>
        <vehicle id="18" x="398.35" y="357.90" angle="0.00" type="DEFAULT_VEHTYPE" speed="13.26" pos="37.35" lane="2/2to2/1_0" slope="0.00"/>
        <vehicle id="21" x="398.35" y="627.37" angle="0.00" type="DEFAULT_VEHTYPE" speed="13.55" pos="172.63" lane="2/4to2/3_0" slope="0.00"/>
        <vehicle id="22" x="529.09" y="198.35" angle="90.00" type="DEFAULT_VEHTYPE" speed="13.37" pos="124.34" lane="2/1to3/1_0" slope="0.00"/>
        <vehicle id="24" x="201.65" y="550.59" angle="180.00" type="DEFAULT_VEHTYPE" speed="13.18" pos="145.84" lane="1/2to1/3_0" slope="0.00"/>
        <vehicle id="26" x="201.65" y="519.36" angle="180.00" type="DEFAULT_VEHTYPE" speed="12.79" pos="114.61" lane="1/2to1/3_0" slope="0.00"/>
        <vehicle id="28" x="363.30" y="201.65" angle="-90.00" type="DEFAULT_VEHTYPE" speed="12.93" pos="31.95" lane="2/1to1/1_0" slope="0.00"/>
        <vehicle id="32" x="131.61" y="398.35" angle="90.00" type="DEFAULT_VEHTYPE" speed="13.20" pos="131.61" lane="0/2to1/2_0" slope="0.00"/>
        <vehicle id="35" x="401.65" y="608.87" angle="178.56" type="DEFAULT_VEHTYPE" speed="9.14" pos="4.12" lane="2/3to2/4_0" slope="0.00"/>
        <vehicle id="37" x="601.65" y="208.19" angle="-176.67" type="DEFAULT_VEHTYPE" speed="7.72" pos="3.44" lane="3/1to3/2_0" slope="0.00"/>
        <vehicle id="38" x="531.06" y="401.65" angle="-90.00" type="DEFAULT_VEHTYPE" speed="12.69" pos="64.19" lane="3/2to2/2_0" slope="0.00"/>
        <vehicle id="41" x="2.11" y="401.65" angle="-90.00" type="DEFAULT_VEHTYPE" speed="12.83" pos="193.14" lane="1/2to0/2_0" slope="0.00"/>
        <vehicle id="44" x="201.65" y="409.78" angle="180.00" type="DEFAULT_VEHTYPE" speed="7.07" pos="5.03" lane="1/2to1/3_0" slope="0.00"/>
        <vehicle id="48" x="192.43" y="398.35" angle="90.00" type="DEFAULT_VEHTYPE" speed="4.02" pos="192.43" lane="0/2to1/2_0" slope="0.00"/>
        <vehicle id="5" x="388.34" y="598.35" angle="90.00" type="DEFAULT_VEHTYPE" speed="4.37" pos="183.59" lane="1/3to2/3_0" slope="0.00"/>
        <vehicle id="7" x="149.53" y="401.65" angle="-90.00" type="DEFAULT_VEHTYPE" speed="13.32" pos="45.72" lane="1/2to0/2_0" slope="0.00"/>
        <vehicle id="8" x="401.65" y="722.07" angle="180.00" type="DEFAULT_VEHTYPE" speed="13.39" pos="117.32" lane="2/3to2/4_0" slope="0.00"/>
    </timestep>
    <timestep time="495.00">
        <vehicle id="0" x="398.35" y="416.84" angle="0.00" type="DEFAULT_VEHTYPE" speed="12.68" pos="178.41" lane="2/3to2/2_0" slope="0.00"/>
        <vehicle id="1" x="601.65" y="460.68" angle="180.00" type="DEFAULT_VEHTYPE" speed="12.84" pos="55.93" lane="3/2to3/3_0" slope="0.00"/>
        <vehicle id="17" x="322.39" y="201.65" angle="-90.00" type="DEFAULT_VEHTYPE" speed="13.52" pos="72.86" lane="2/1to1/1_0" slope="0.00"/>
        <vehicle id="18" x="398.35" y="344.57" angle="0.00" type="DEFAULT_VEHTYPE" speed="13.33" pos="50.68" lane="2/2to2/1_0" slope="0.00"/>
        <vehicle id="21" x="398.35" y="614.41" angle="0.00" type="DEFAULT_VEHTYPE" speed="12.96" pos="185.59" lane="2/4to2/3_0" slope="0.00"/>
        <vehicle id="22" x="542.67" y="198.35" angle="90.00" type="DEFAULT_VEHTYPE" speed="13.57" pos="137.92" lane="2/1to3/1_0" slope="0.00"/>
        <vehicle id="24" x="201.65" y="563.43" angle="180.00" type="DEFAULT_VEHTYPE" speed="12.84" pos="158.68" lane="1/2to1/3_0" slope="0.00"/>
        <vehicle id="26" x="201.65" y="532.03" angle="180.00" type="DEFAULT_VEHTYPE" speed="12.67" pos="127.28" lane="1/2to1/3_0" slope="0.00"/>
        <vehicle id="28" x="350.64" y="201.65" angle="-90.00" type="DEFAULT_VEHTYPE" speed="12.67" pos="44.61" lane="2/1to1/1_0" slope="0.00"/>
        <vehicle id="32" x="144.37" y="398.35" angle="90.00" type="DEFAULT_VEHTYPE" speed="12.76" pos="144.37" lane="0/2to1/2_0" slope="0.00"/>
        <vehicle id="35" x="401.65" y="620.31" angle="180.00" type="DEFAULT_VEHTYPE" speed="11.44" pos="15.56" lane="2/3to2/4_0" slope="0.00"/>
        <vehicle id="37" x="601.65" y="218.44" angle="180.00" type="DEFAULT_VEHTYPE" speed="10.25" pos="13.69" lane="3/1to3/2_0" slope="0.00"/>
        <vehicle id="38" x="517.97" y="401.65" angle="-90.00" type="DEFAULT_VEHTYPE" speed="13.10" pos="77.28" lane="3/2to2/2_0" slope="0.00"/>
        <vehicle id="41" x="6.72" y="398.35" angle="90.00" type="DEFAULT_VEHTYPE" speed="13.65" pos="6.72" lane="0/2to1/2_0" slope="0.00"/>
        <vehicle id="44" x="201.65" y="418.61" angle="180.00" type="DEFAULT_VEHTYPE" speed="8.83" pos="13.86" lane="1/2to1/3_0" slope="0.00"/>
        <vehicle id="48" x="198.14" y="398.81" angle="95.26" type="DEFAULT_VEHTYPE" speed="5.76" pos="2.94" lane=":1/2_14_0" slope="0.00"/>
        <vehicle id="5" x="391.36" y="598.35" angle="90.00" type="DEFAULT_VEHTYPE" speed="3.02" pos="186.61" lane="1/3to2/3_0" slope="0.00"/>
        <vehicle id="7" x="136.24" y="401.65" angle="-90.00" type="DEFAULT_VEHTYPE" speed="13.29" pos="59.01" lane="1/2to0/2_0" slope="0.00"/>
        <vehicle id="8" x="401.65" y="734.88" angle="180.00" type="DEFAULT_VEHTYPE" speed="12.80" pos="130.13" lane="2/3to2/4_0" slope="0.00"/>
    </timestep>
    <timestep time="496.00">
        <vehicle id="0" x="397.99" y="403.11" angle="-4.11" type="DEFAULT_VEHTYPE" speed="13.78" pos="1.69" lane=":2/2_0_0" slope="0.00"/>
        <vehicle id="1" x="601.65" y="474.27" angle="180.00" type="DEFAULT_VEHTYPE" speed="13.60" pos="69.52" lane="3/2to3/3_0" slope="0.00"/>
        <vehicle id="17" x="308.72" y="201.65" angle="-90.00" type="DEFAULT_VEHTYPE" speed="13.68" pos="86.53" lane="2/1to1/1_0" slope="0.00"/>
        <vehicle id="18" x="398.35" y="331.50" angle="0.00" type="DEFAULT_VEHTYPE" speed="13.07" pos="63.75" lane="2/2to2/1_0" slope="0.00"/>
        <vehicle id="21" x="398.35" y="601.27" angle="0.00" type="DEFAULT_VEHTYPE" speed="13.14" pos="3.48" lane=":2/3_1_0" slope="0.00"/>
        <vehicle id="22" x="555.79" y="198.35" angle="90.00" type="DEFAULT_VEHTYPE" speed="13.12" pos="151.04" lane="2/1to3/1_0" slope="0.00"/>
        <vehicle id="24" x="201.65" y="576.52" angle="180.00" type="DEFAULT_VEHTYPE" speed="13.09" pos="171.77" lane="1/2to1/3_0" slope="0.00"/>
        <vehicle id="26" x="201.65" y="545.82" angle="180.00" type="DEFAULT_VEHTYPE" speed="13.80" pos="141.07" lane="1/2to1/3_0" slope="0.00"/>
        <vehicle id="28" x="337.86" y="201.65" angle="-90.00" type="DEFAULT_VEHTYPE" speed="12.77" pos="57.39" lane="2/1to1/1_0" slope="0.00"/>
        <vehicle id="32" x="158.10" y="398.35" angle="90.00" type="DEFAULT_VEHTYPE" speed="13.73" pos="158.10" lane="0/2to1/2_0" slope="0.00"/>
        <vehicle id="35" x="401.65" y="633.06" angle="180.00" type="DEFAULT_VEHTYPE" speed="12.75" pos="28.31" lane="2/3to2/4_0" slope="0.00"/>
        <vehicle id="37" x="601.65" y="231.10" angle="180.00" type="DEFAULT_VEHTYPE" speed="12.65" pos="26.35" lane="3/1to3/2_0" slope="0.00"/>
        <vehicle id="38" x="504.48" y="401.65" angle="-90.00" type="DEFAULT_VEHTYPE" speed="13.48" pos="90.77" lane="3/2to2/2_0" slope="0.00"/>
        <vehicle id="41" x="19.36" y="398.35" angle="90.00" type="DEFAULT_VEHTYPE" speed="12.64" pos="19.36" lane="0/2to1/2_0" slope="0.00"/>
        <vehicle id="44" x="201.65" y="429.21" angle="180.00" type="DEFAULT_VEHTYPE" speed="10.60" pos="24.46" lane="1/2to1/3_0" slope="0.00"/>
        <vehicle id="48" x="201.65" y="404.78" angle="162.13" type="DEFAULT_VEHTYPE" speed="7.41" pos="0.03" lane="1/2to1/3_0" slope="0.00"/>
        <vehicle id="5" x="391.99" y="598.35" angle="90.00" type="DEFAULT_VEHTYPE" speed="0.63" pos="187.24" lane="1/3to2/3_0" slope="0.00"/>
        <vehicle id="7" x="123.11" y="401.65" angle="-90.00" type="DEFAULT_VEHTYPE" speed="13.13" pos="72.14" lane="1/2to0/2_0" slope="0.00"/>
        <vehicle id="8" x="401.65" y="748.14" angle="180.00" type="DEFAULT_VEHTYPE" speed="13.27" pos="143.39" lane="2/3to2/4_0" slope="0.00"/>
    </timestep>
    <timestep time="497.00">
        <vehicle id="0" x="384.74" y="401.65" angle="-90.00" type="DEFAULT_VEHTYPE" speed="13.82" pos="10.51" lane="2/2to1/2_0" slope="0.00"/>
        <vehicle id="1" x="601.65" y="487.66" angle="180.00" type="DEFAULT_VEHTYPE" speed="13.39" pos="82.91" lane="3/2to3/3_0" slope="0.00"/>
        <vehicle id="17" x="295.92" y="201.65" angle="-90.00" type="DEFAULT_VEHTYPE" speed="12.80" pos="99.33" lane="2/1to1/1_0" slope="0.00"/>
        <vehicle id="18" x="398.35" y="318.78" angle="0.00" type="DEFAULT_VEHTYPE" speed="12.72" pos="76.47" lane="2/2to2/1_0" slope="0.00"/>
        <vehicle id="21" x="398.35" y="588.32" angle="0.00" type="DEFAULT_VEHTYPE" speed="12.95" pos="6.93" lane="2/3to2/2_0" slope="0.00"/>
        <vehicle id="22" x="568.44" y="198.35" angle="90.00" type="DEFAULT_VEHTYPE" speed="12.65" pos="163.69" lane="2/1to3/1_0" slope="0.00"/>
        <vehicle id="24" x="201.65" y="589.44" angle="180.00" type="DEFAULT_VEHTYPE" speed="12.93" pos="184.69" lane="1/2to1/3_0" slope="0.00"/>
        <vehicle id="26" x="201.65" y="559.21" angle="180.00" type="DEFAULT_VEHTYPE" speed="13.39" pos="154.46" lane="1/2to1/3_0" slope="0.00"/>
        <vehicle id="28" x="324.11" y="201.65" angle="-90.00" type="DEFAULT_VEHTYPE" speed="13.75" pos="71.14" lane="2/1to1/1_0" slope="0.00"/>
        <vehicle id="32" x="171.24" y="398.35" angle="90.00" type="DEFAULT_VEHTYPE" speed="13.14" pos="171.24" lane="0/2to1/2_0" slope="0.00"/>
        <vehicle id="35" x="401.65" y="646.17" angle="180.00" type="DEFAULT_VEHTYPE" speed="13.11" pos="41.42" lane="2/3to2/4_0" slope="0.00"/>
        <vehicle id="37" x="601.65" y="244.87" angle="180.00" type="DEFAULT_VEHTYPE" speed="13.77" pos="40.12" lane="3/1to3/2_0" slope="0.00"/>
        <vehicle id="38" x="491.48" y="401.65" angle="-90.00" type="DEFAULT_VEHTYPE" speed="13.00" pos="103.77" lane="3/2to2/2_0" slope="0.00"/>
        <vehicle id="41" x="32.49" y="398.35" angle="90.00" type="DEFAULT_VEHTYPE" speed="13.14" pos="32.49" lane="0/2to1/2_0" slope="0.00"/>
        <vehicle id="44" x="201.65" y="442.22" angle="180.00" type="DEFAULT_VEHTYPE" speed="13.01" pos="37.47" lane="1/2to1/3_0" slope="0.00"/>
        <vehicle id="48" x="201.65" y="413.52" angle="180.00" type="DEFAULT_VEHTYPE" speed="8.74" pos="8.77" lane="1/2to1/3_0" slope="0.00"/>
        <vehicle id="5" x="392.54" y="598.35" angle="90.00" type="DEFAULT_VEHTYPE" speed="0.55" pos="187.79" lane="1/3to2/3_0" slope="0.00"/>
        <vehicle id="7" x="110.37" y="401.65" angle="-90.00" type="DEFAULT_VEHTYPE" speed="12.74" pos="84.88" lane="1/2to0/2_0" slope="0.00"/>
        <vehicle id="8" x="401.65" y="761.92" angle="180.00" type="DEFAULT_VEHTYPE" speed="13.77" pos="157.17" lane="2/3to2/4_0" slope="0.00"/>
    </timestep>
    <timestep time="498.00">
        <vehicle id="0" x="371.76" y="401.65" angle="-90.00" type="DEFAULT_VEHTYPE" speed="12.97" pos="23.49" lane="2/2to1/2_0" slope="0.00"/>
        <vehicle id="1" x="601.65" y="501.48" angle="180.00" type="DEFAULT_VEHTYPE" speed="13.81" pos="96.73" lane="3/2to3/3_0" slope="0.00"/>
        <vehicle id="17" x="282.31" y="201.65" angle="-90.00" type="DEFAULT_VEHTYPE" speed="13.61" pos="112.94" lane="2/1to1/1_0" slope="0.00"/>
        <vehicle id="18" x="398.35" y="305.36" angle="0.00" type="DEFAULT_VEHTYPE" speed="13.43" pos="89.89" lane="2/2to2/1_0" slope="0.00"/>
        <vehicle id="21" x="398.35" y="574.46" angle="0.00" type="DEFAULT_VEHTYPE" speed="13.86" pos="20.79" lane="2/3to2/2_0" slope="0.00"/>
        <vehicle id="22" x="578.31" y="198.35" angle="90.00" type="DEFAULT_VEHTYPE" speed="9.88" pos="173.56" lane="2/1to3/1_0" slope="0.00"/>
        <vehicle id="24" x="207.59" y="598.35" angle="97.00" type="DEFAULT_VEHTYPE" speed="13.65" pos="2.84" lane="1/3to2/3_0" slope="0.00"/>
        <vehicle id="26" x="201.65" y="572.25" angle="180.00" type="DEFAULT_VEHTYPE" speed="13.03" pos="167.50" lane="1/2to1/3_0" slope="0.00"/>
        <vehicle id="28" x="310.25" y="201.65" angle="-90.00" type="DEFAULT_VEHTYPE" speed="13.86" pos="85.00" lane="2/1to1/1_0" slope="0.00"/>
        <vehicle id="32" x="181.02" y="398.35" angle="90.00" type="DEFAULT_VEHTYPE" speed="9.78" pos="181.02" lane="0/2to1/2_0" slope="0.00"/>
        <vehicle id="35" x="401.65" y="659.55" angle="180.00" type="DEFAULT_VEHTYPE" speed="13.38" pos="54.80" lane="2/3to2/4_0" slope="0.00"/>
        <vehicle id="37" x="601.65" y="258.39" angle="180.00" type="DEFAULT_VEHTYPE" speed="13.52" pos="53.64" lane="3/1to3/2_0" slope="0.00"/>
        <vehicle id="38" x="478.70" y="401.65" angle="-90.00" type="DEFAULT_VEHTYPE" speed="12.78" pos="116.55" lane="3/2to2/2_0" slope="0.00"/>
        <vehicle id="41" x="45.73" y="398.35" angle="90.00" type="DEFAULT_VEHTYPE" speed="13.23" pos="45.73" lane="0/2to1/2_0" slope="0.00"/>
        <vehicle id="44" x="201.65" y="455.57" angle="180.00" type="DEFAULT_VEHTYPE" speed="13.36" pos="50.82" lane="1/2to1/3_0" slope="0.00"/>
        <vehicle id="48" x="201.65" y="423.67" angle="180.00" type="DEFAULT_VEHTYPE" speed="10.15" pos="18.92" lane="1/2to1/3_0" slope="0.00"/>
        <vehicle id="5" x="395.43" y="598.38" angle="90.30" type="DEFAULT_VEHTYPE" speed="2.89" pos="0.18" lane=":2/3_14_0" slope="0.00"/>
        <vehicle id="7" x="96.82" y="401.65" angle="-90.00" type="DEFAULT_VEHTYPE" speed="13.56" pos="98.43" lane="1/2to0/2_0" slope="0.00"/>
        <vehicle id="8" x="401.65" y="775.78" angle="180.00" type="DEFAULT_VEHTYPE" speed="13.87" pos="171.03" lane="2/3to2/4_0" slope="0.00"/>
    </timestep>
    <timestep time="499.00">
        <vehicle id="0" x="359.12" y="401.65" angle="-90.00" type="DEFAULT_VEHTYPE" speed="12.65" pos="36.13" lane="2/2to1/2_0" slope="0.00"/>
        <vehicle id="1" x="601.65" y="514.65" angle="180.00" type="DEFAULT_VEHTYPE" speed="13.17" pos="109.90" lane="3/2to3/3_0" slope="0.00"/>
        <vehicle id="17" x="268.70" y="201.65" angle="-90.00" type="DEFAULT_VEHTYPE" speed="13.61" pos="126.55" lane="2/1to1/1_0" slope="0.00"/>
        <vehicle id="18" x="398.35" y="292.72" angle="0.00" type="DEFAULT_VEHTYPE" speed="12.64" pos="102.53" lane="2/2to2/1_0" slope="0.00"/>
        <vehicle id="21" x="398.35" y="561.82" angle="0.00" type="DEFAULT_VEHTYPE" speed="12.64" pos="33.43" lane="2/3to2/2_0" slope="0.00"/>
        <vehicle id="22" x="585.83" y="198.35" angle="90.00" type="DEFAULT_VEHTYPE" speed="7.52" pos="181.08" lane="2/1to3/1_0" slope="0.00"/>
        <vehicle id="24" x="220.94" y="598.35" angle="90.00" type="DEFAULT_VEHTYPE" speed="13.35" pos="16.19" lane="1/3to2/3_0" slope="0.00"/>
        <vehicle id="26" x="201.65" y="585.82" angle="180.00" type="DEFAULT_VEHTYPE" speed="13.58" pos="181.07" lane="1/2to1/3_0" slope="0.00"/>
        <vehicle id="28" x="297.55" y="201.65" angle="-90.00" type="DEFAULT_VEHTYPE" speed="12.70" pos="97.70" lane="2/1to1/1_0" slope="0.00"/>
        <vehicle id="32" x="187.40" y="398.35" angle="90.00" type="DEFAULT_VEHTYPE" speed="6.37" pos="187.40" lane="0/2to1/2_0" slope="0.00"/>
        <vehicle id="35" x="401.65" y="672.22" angle="180.00" type="DEFAULT_VEHTYPE" speed="12.66" pos="67.47" lane="2/3to2/4_0" slope="0.00"/>
        <vehicle id="37" x="601.65" y="272.22" angle="180.00" type="DEFAULT_VEHTYPE" speed="13.84" pos="67.47" lane="3/1to3/2_0" slope="0.00"/>
        <vehicle id="38" x="464.94" y="401.65" angle="-90.00" type="DEFAULT_VEHTYPE" speed="13.76" pos="130.31" lane="3/2to2/2_0" slope="0.00"/>
        <vehicle id="41" x="58.70" y="398.35" angle="90.00" type="DEFAULT_VEHTYPE" speed="12.98" pos="58.70" lane="0/2to1/2_0" slope="0.00"/>
        <vehicle id="44" x="201.65" y="468.30" angle="180.00" type="DEFAULT_VEHTYPE" speed="12.73" pos="63.55" lane="1/2to1/3_0" slope="0.00"/>
        <vehicle id="48" x="201.65" y="435.26" angle="180.00" type="DEFAULT_VEHTYPE" speed="11.59" pos="30.51" lane="1/2to1/3_0" slope="0.00"/>
        <vehicle id="5" x="400.05" y="599.96" angle="108.84" type="DEFAULT_VEHTYPE" speed="4.98" pos="5.17" lane=":2/3_14_0" slope="0.00"/>
        <vehicle id="7" x="83.89" y="401.65" angle="-90.00" type="DEFAULT_VEHTYPE" speed="12.93" pos="111.36" lane="1/2to0/2_0" slope="0.00"/>
        <vehicle id="8" x="401.65" y="789.44" angle="180.00" type="DEFAULT_VEHTYPE" speed="13.66" pos="184.69" lane="2/3to2/4_0" slope="0.00"/>
    </timestep>
    <timestep time="500.00">
        <vehicle id="0" x="346.51" y="401.65" angle="-90.00" type="DEFAULT_VEHTYPE" speed="12.61" pos="48.74" lane="2/2to1/2_0" slope="0.00"/>
        <vehicle id="1" x="601.65" y="527.51" angle="180.00" type="DEFAULT_VEHTYPE" speed="12.87" pos="122.76" lane="3/2to3/3_0" slope="0.00"/>
        <vehicle id="17" x="254.95" y="201.65" angle="-90.00" type="DEFAULT_VEHTYPE" speed="13.75" pos="140.30" lane="2/1to1/1_0" slope="0.00"/>
        <vehicle id="18" x="398.35" y="280.00" angle="0.00" type="DEFAULT_VEHTYPE" speed="12.71" pos="115.25" lane="2/2to2/1_0" slope="0.00"/>
        <vehicle id="21" x="398.35" y="548.66" angle="0.00" type="DEFAULT_VEHTYPE" speed="13.16" pos="46.59" lane="2/3to2/2_0" slope="0.00"/>
        <vehicle id="22" x="589.24" y="198.35" angle="90.00" type="DEFAULT_VEHTYPE" speed="3.41" pos="184.49" lane="2/1to3/1_0" slope="0.00"/>
        <vehicle id="24" x="234.76" y="598.35" angle="90.00" type="DEFAULT_VEHTYPE" speed="13.83" pos="30.01" lane="1/3to2/3_0" slope="0.00"/>
        <vehicle id="26" x="203.07" y="597.97" angle="162.35" type="DEFAULT_VEHTYPE" speed="12.68" pos="3.26" lane=":1/3_8_0" slope="0.00"/>
        <vehicle id="28" x="284.66" y="201.65" angle="-90.00" type="DEFAULT_VEHTYPE" speed="12.88" pos="110.59" lane="2/1to1/1_0" slope="0.00"/>
        <vehicle id="32" x="190.05" y="398.35" angle="90.00" type="DEFAULT_VEHTYPE" speed="2.65" pos="190.05" lane="0/2to1/2_0" slope="0.00"/>
        <vehicle id="35" x="401.65" y="685.00" angle="180.00" type="DEFAULT_VEHTYPE" speed="12.78" pos="80.25" lane="2/3to2/4_0" slope="0.00"/>
        <vehicle id="37" x="601.65" y="285.50" angle="180.00" type="DEFAULT_VEHTYPE" speed="13.27" pos="80.75" lane="3/1to3/2_0" slope="0.00"/>
        <vehicle id="38" x="452.27" y="401.65" angle="-90.00" type="DEFAULT_VEHTYPE" speed="12.67" pos="142.98" lane="3/2to2/2_0" slope="0.00"/>
        <vehicle id="41" x="72.53" y="398.35" angle="90.00" type="DEFAULT_VEHTYPE" speed="13.83" pos="72.53" lane="0/2to1/2_0" slope="0.00"/>
        <vehicle id="44" x="201.65" y="481.44" angle="180.00" type="DEFAULT_VEHTYPE" speed="13.13" pos="76.69" lane="1/2to1/3_0" slope="0.00"/>
        <vehicle id="48" x="201.65" y="448.07" angle="180.00" type="DEFAULT_VEHTYPE" speed="12.81" pos="43.32" lane="1/2to1/3_0" slope="0.00"/>
        <vehicle id="5" x="401.65" y="606.53" angle="173.04" type="DEFAULT_VEHTYPE" speed="6.94" pos="1.78" lane="2/3to2/4_0" slope="0.00"/>
        <vehicle id="7" x="70.67" y="401.65" angle="-90.00" type="DEFAULT_VEHTYPE" speed="13.22" pos="124.58" lane="1/2to0/2_0" slope="0.00"/>
        <vehicle id="8" x="399.22" y="801.26" angle="-140.91" type="DEFAULT_VEHTYPE" speed="13.84" pos="3.28" lane=":2/4_0_0" slope="0.00"/>
    </timestep>
    <timestep time="501.00">
        <vehicle id="0" x="332.74" y="401.65" angle="-90.00" type="DEFAULT_VEHTYPE" speed="13.76" pos="62.51" lane="2/2to1/2_0" slope="0.00"/>
        <vehicle id="1" x="601.65" y="540.77" angle="180.00" type="DEFAULT_VEHTYPE" speed="13.25" pos="136.02" lane="3/2to3/3_0" slope="0.00"/>
        <vehicle id="17" x="241.57" y="201.65" angle="-90.00" type="DEFAULT_VEHTYPE" speed="13.37" pos="153.68" lane="2/1to1/1_0" slope="0.00"/>
        <vehicle id="18" x="398.35" y="266.57" angle="0.00" type="DEFAULT_VEHTYPE" speed="13.43" pos="128.68" lane="2/2to2/1_0" slope="0.00"/>
        <vehicle id="21" x="398.35" y="536.00" angle="0.00" type="DEFAULT_VEHTYPE" speed="12.67" pos="59.25" lane="2/3to2/2_0" slope="0.00"/>
        <vehicle id="22" x="594.25" y="198.35" angle="90.00" type="DEFAULT_VEHTYPE" speed="5.01" pos="189.50" lane="2/1to3/1_0" slope="0.00"/>
        <vehicle id="24" x="247.83" y="598.35" angle="90.00" type="DEFAULT_VEHTYPE" speed="13.06" pos="43.08" lane="1/3to2/3_0" slope="0.00"/>
        <vehicle id="26" x="216.16" y="598.35" angle="90.00" type="DEFAULT_VEHTYPE" speed="13.15" pos="11.41" lane="1/3to2/3_0" slope="0.00"/>
        <vehicle id="28" x="271.77" y="201.65" angle="-90.00" type="DEFAULT_VEHTYPE" speed="12.89" pos="123.48" lane="2/1to1/1_0" slope="0.00"/>
        <vehicle id="32" x="194.48" y="398.35" angle="90.00" type="DEFAULT_VEHTYPE" speed="4.43" pos="194.48" lane="0/2to1/2_0" slope="0.00"/>
        <vehicle id="35" x="401.65" y="698.83" angle="180.00" type="DEFAULT_VEHTYPE" speed="13.83" pos="94.08" lane="2/3to2/4_0" slope="0.00"/>
        <vehicle id="37" x="601.65" y="298.85" angle="180.00" type="DEFAULT_VEHTYPE" speed="13.35" pos="94.10" lane="3/1to3/2_0" slope="0.00"/>
        <vehicle id="38" x="438.52" y="401.65" angle="-90.00" type="DEFAULT_VEHTYPE" speed="13.75" pos="156.73" lane="3/2to2/2_0" slope="0.00"/>
        <vehicle id="41" x="85.88" y="398.35" angle="90.00" type="DEFAULT_VEHTYPE" speed="13.35" pos="85.88" lane="0/2to1/2_0" slope="0.00"/>
        <vehicle id="44" x="201.65" y="494.74" angle="180.00" type="DEFAULT_VEHTYPE" speed="13.31" pos="89.99" lane="1/2to1/3_0" slope="0.00"/>
        <vehicle id="48" x="201.65" y="461.71" angle="180.00" type="DEFAULT_VEHTYPE" speed="13.64" pos="56.96" lane="1/2to1/3_0" slope="0.00"/>
        <vehicle id="5" x="401.65" y="615.26" angle="180.00" type="DEFAULT_VEHTYPE" speed="8.72" pos="10.51" lane="2/3to2/4_0" slope="0.00"/>
        <vehicle id="7" x="57.55" y="401.65" angle="-90.00" type="DEFAULT_VEHTYPE" speed="13.12" pos="137.70" lane="1/2to0/2_0" slope="0.00"/>
        <vehicle id="8" x="398.35" y="788.93" angle="0.00" type="DEFAULT_VEHTYPE" speed="12.61" pos="11.07" lane="2/4to2/3_0" slope="0.00"/>
    </timestep>
    <timestep time="502.00">
        <vehicle id="0" x="319.36" y="401.65" angle="-90.00" type="DEFAULT_VEHTYPE" speed="13.39" pos="75.89" lane="2/2to1/2_0" slope="0.00"/>
        <vehicle id="1" x="601.65" y="553.95" angle="180.00" type="DEFAULT_VEHTYPE" speed="13.18" pos="149.20" lane="3/2to3/3_0" slope="0.00"/>
        <vehicle id="17" x="228.28" y="201.65" angle="-90.00" type="DEFAULT_VEHTYPE" speed="13.30" pos="166.97" lane="2/1to1/1_0" slope="0.00"/>
        <vehicle id="18" x="398.35" y="252.92" angle="0.00" type="DEFAULT_VEHTYPE" speed="13.65" pos="142.33" lane="2/2to2/1_0" slope="0.00"/>
        <vehicle id="21" x="398.35" y="523.06" angle="0.00" type="DEFAULT_VEHTYPE" speed="12.94" pos="72.19" lane="2/3to2/2_0" slope="0.00"/>
        <vehicle id="22" x="600.98" y="198.35" angle="90.00" type="DEFAULT_VEHTYPE" speed="6.73" pos="5.73" lane=":3/1_13_0" slope="0.00"/>
        <vehicle id="24" x="260.44" y="598.35" angle="90.00" type="DEFAULT_VEHTYPE" speed="12.61" pos="55.69" lane="1/3to2/3_0" slope="0.00"/>
        <vehicle id="26" x="229.79" y="598.35" angle="90.00" type="DEFAULT_VEHTYPE" speed="13.63" pos="25.04" lane="1/3to2/3_0" slope="0.00"/>
        <vehicle id="28" x="259.08" y="201.65" angle="-90.00" type="DEFAULT_VEHTYPE" speed="12.69" pos="136.17" lane="2/1to1/1_0" slope="0.00"/>
        <vehicle id="32" x="200.20" y="400.20" angle="111.68" type="DEFAULT_VEHTYPE" speed="6.23" pos="5.46" lane=":1/2_14_0" slope="0.00"/>
        <vehicle id="35" x="401.65" y="712.18" angle="180.00" type="DEFAULT_VEHTYPE" speed="13.35" pos="107.43" lane="2/3to2/4_0" slope="0.00"/>
        <vehicle id="37" x="601.65" y="312.62" angle="180.00" type="DEFAULT_VEHTYPE" speed="13.77" pos="107.87" lane="3/1to3/2_0" slope="0.00"/>
        <vehicle id="38" x="426.83" y="401.65" angle="-90.00" type="DEFAULT_VEHTYPE" speed="11.69" pos="168.42" lane="3/2to2/2_0" slope="0.00"/>
        <vehicle id="41" x="98.70" y="398.35" angle="90.00" type="DEFAULT_VEHTYPE" speed="12.82" pos="98.70" lane="0/2to1/2_0" slope="0.00"/>
        <vehicle id="44" x="201.65" y="507.69" angle="180.00" type="DEFAULT_VEHTYPE" speed="12.95" pos="102.94" lane="1/2to1/3_0" slope="0.00"/>
        <vehicle id="48" x="201.65" y="474.44" angle="180.00" type="DEFAULT_VEHTYPE" speed="12.73" pos="69.69" lane="1/2to1/3_0" slope="0.00"/>
        <vehicle id="5" x="401.65" y="625.88" angle="180.00" type="DEFAULT_VEHTYPE" speed="10.62" pos="21.13" lane="2/3to2/4_0" slope="0.00"/>
        <vehicle id="7" x="44.90" y="401.65" angle="-90.00" type="DEFAULT_VEHTYPE" speed="12.65" pos="150.35" lane="1/2to0/2_0" slope="0.00"/>
        <vehicle id="8" x="398.35" y="775.30" angle="0.00" type="DEFAULT_VEHTYPE" speed="13.63" pos="24.70" lane="2/4to2/3_0" slope="0.00"/>
    </timestep>
    <timestep time="503.00">
        <vehicle id="0" x="306.04" y="401.65" angle="-90.00" type="DEFAULT_VEHTYPE" speed="13.32" pos="89.21" lane="2/2to1/2_0" slope="0.00"/>
        <vehicle id="1" x="601.65" y="566.82" angle="180.00" type="DEFAULT_VEHTYPE" speed="12.88" pos="162.07" lane="3/2to3/3_0" slope="0.00"/>
        <vehicle id="17" x="219.48" y="201.65" angle="-90.00" type="DEFAULT_VEHTYPE" speed="8.80" pos="175.77" lane="2/1to1/1_0" slope="0.00"/>
        <vehicle id="18" x="398.35" y="239.17" angle="0.00" type="DEFAULT_VEHTYPE" speed="13.75" pos="156.08" lane="2/2to2/1_0" slope="0.00"/>
        <vehicle id="21" x="398.35" y="509.56" angle="0.00" type="DEFAULT_VEHTYPE" speed="13.50" pos="85.69" lane="2/3to2/2_0" slope="0.00"/>
        <vehicle id="22" x="609.07" y="198.35" angle="90.00" type="DEFAULT_VEHTYPE" speed="8.10" pos="4.32" lane="3/1to4/1_0" slope="0.00"/>
        <vehicle id="24" x="274.05" y="598.35" angle="90.00" type="DEFAULT_VEHTYPE" speed="13.61" pos="69.30" lane="1/3to2/3_0" slope="0.00"/>
        <vehicle id="26" x="243.04" y="598.35" angle="90.00" type="DEFAULT_VEHTYPE" speed="13.26" pos="38.29" lane="1/3to2/3_0" slope="0.00"/>
        <vehicle id="28" x="246.16" y="201.65" angle="-90.00" type="DEFAULT_VEHTYPE" speed="12.91" pos="149.09" lane="2/1to1/1_0" slope="0.00"/>
        <vehicle id="32" x="201.65" y="408.59" angle="178.11" type="DEFAULT_VEHTYPE" speed="8.70" pos="3.84" lane="1/2to1/3_0" slope="0.00"/>
        <vehicle id="35" x="401.65" y="725.60" angle="180.00" type="DEFAULT_VEHTYPE" speed="13.42" pos="120.85" lane="2/3to2/4_0" slope="0.00"/>
        <vehicle id="37" x="601.65" y="326.45" angle="180.00" type="DEFAULT_VEHTYPE" speed="13.84" pos="121.70" lane="3/1to3/2_0" slope="0.00"/>
        <vehicle id="38" x="417.89" y="401.65" angle="-90.00" type="DEFAULT_VEHTYPE" speed="8.94" pos="177.36" lane="3/2to2/2_0" slope="0.00"/>
        <vehicle id="41" x="111.59" y="398.35" angle="90.00" type="DEFAULT_VEHTYPE" speed="12.89" pos="111.59" lane="0/2to1/2_0" slope="0.00"/>
        <vehicle id="44" x="201.65" y="521.52" angle="180.00" type="DEFAULT_VEHTYPE" speed="13.83" pos="116.77" lane="1/2to1/3_0" slope="0.00"/>
        <vehicle id="48" x="201.65" y="487.60" angle="180.00" type="DEFAULT_VEHTYPE" speed="13.16" pos="82.85" lane="1/2to1/3_0" slope="0.00"/>
        <vehicle id="5" x="401.65" y="638.82" angle="180.00" type="DEFAULT_VEHTYPE" speed="12.94" pos="34.07" lane="2/3to2/4_0" slope="0.00"/>
        <vehicle id="7" x="31.10" y="401.65" angle="-90.00" type="DEFAULT_VEHTYPE" speed="13.80" pos="164.15" lane="1/2to0/2_0" slope="0.00"/>
        <vehicle id="8" x="398.35" y="762.02" angle="0.00" type="DEFAULT_VEHTYPE" speed="13.28" pos="37.98" lane="2/4to2/3_0" slope="0.00"/>
    </timestep>
    <timestep time="504.00">
        <vehicle id="0" x="292.36" y="401.65" angle="-90.00" type="DEFAULT_VEHTYPE" speed="13.68" pos="102.89" lane="2/2to1/2_0" slope="0.00"/>
        <vehicle id="1" x="601.65" y="580.07" angle="180.00" type="DEFAULT_VEHTYPE" speed="13.25" pos="175.32" lane="3/2to3/3_0" slope="0.00"/>
        <vehicle id="17" x="212.83" y="201.65" angle="-90.00" type="DEFAULT_VEHTYPE" speed="6.65" pos="182.42" lane="2/1to1/1_0" slope="0.00"/>
        <vehicle id="18" x="398.35" y="225.53" angle="0.00" type="DEFAULT_VEHTYPE" speed="13.64" pos="169.72" lane="2/2to2/1_0" slope="0.00"/>
        <vehicle id="21" x="398.35" y="496.37" angle="0.00" type="DEFAULT_VEHTYPE" speed="13.19" pos="98.88" lane="2/3to2/2_0" slope="0.00"/>
        <vehicle id="22" x="618.61" y="198.35" angle="90.00" type="DEFAULT_VEHTYPE" speed="9.54" pos="13.86" lane="3/1to4/1_0" slope="0.00"/>
        <vehicle id="24" x="286.70" y="598.35" angle="90.00" type="DEFAULT_VEHTYPE" speed="12.65" pos="81.95" lane="1/3to2/3_0" slope="0.00"/>
        <vehicle id="26" x="256.03" y="598.35" angle="90.00" type="DEFAULT_VEHTYPE" speed="12.99" pos="51.28" lane="1/3to2/3_0" slope="0.00"/>
        <vehicle id="28" x="234.36" y="201.65" angle="-90.00" type="DEFAULT_VEHTYPE" speed="11.80" pos="160.89" lane="2/1to1/1_0" slope="0.00"/>
        <vehicle id="32" x="201.65" y="419.76" angle="180.00" type="DEFAULT_VEHTYPE" speed="11.17" pos="15.01" lane="1/2to1/3_0" slope="0.00"/>
        <vehicle id="35" x="401.65" y="739.14" angle="180.00" type="DEFAULT_VEHTYPE" speed="13.54" pos="134.39" lane="2/3to2/4_0" slope="0.00"/>
        <vehicle id="37" x="601.65" y="339.87" angle="180.00" type="DEFAULT_VEHTYPE" speed="13.42" pos="135.12" lane="3/1to3/2_0" slope="0.00"/>
        <vehicle id="38" x="411.90" y="401.65" angle="-90.00" type="DEFAULT_VEHTYPE" speed="5.99" pos="183.35" lane="3/2to2/2_0" slope="0.00"/>
        <vehicle id="41" x="124.75" y="398.35" angle="90.00" type="DEFAULT_VEHTYPE" speed="13.15" pos="124.75" lane="0/2to1/2_0" slope="0.00"/>
        <vehicle id="44" x="201.65" y="534.56" angle="180.00" type="DEFAULT_VEHTYPE" speed="13.04" pos="129.81" lane="1/2to1/3_0" slope="0.00"/>
        <vehicle id="48" x="201.65" y="500.34" angle="180.00" type="DEFAULT_VEHTYPE" speed="12.73" pos="95.59" lane="1/2to1/3_0" slope="0.00"/>
        <vehicle id="5" x="401.65" y="651.89" angle="180.00" type="DEFAULT_VEHTYPE" speed="13.07" pos="47.14" lane="2/3to2/4_0" slope="0.00"/>
        <vehicle id="7" x="18.46" y="401.65" angle="-90.00" type="DEFAULT_VEHTYPE" speed="12.65" pos="176.79" lane="1/2to0/2_0" slope="0.00"/>
        <vehicle id="8" x="398.35" y="748.44" angle="0.00" type="DEFAULT_VEHTYPE" speed="13.58" pos="51.56" lane="2/4to2/3_0" slope="0.00"/>
    </timestep>
    <timestep time="505.00">
        <vehicle id="0" x="278.69" y="401.65" angle="-90.00" type="DEFAULT_VEHTYPE" speed="13.67" pos="116.56" lane="2/2to1/2_0" slope="0.00"/>
        <vehicle id="1" x="601.65" y="593.04" angle="180.00" type="DEFAULT_VEHTYPE" speed="12.97" pos="188.29" lane="3/2to3/3_0" slope="0.00"/>
        <vehicle id="17" x="209.37" y="201.65" angle="-90.00" type="DEFAULT_VEHTYPE" speed="3.46" pos="185.88" lane="2/1to1/1_0" slope="0.00"/>
        <vehicle id="18" x="398.35" y="212.59" angle="0.00" type="DEFAULT_VEHTYPE" speed="12.93" pos="182.66" lane="2/2to2/1_0" slope="0.00"/>
        <vehicle id="21" x="398.35" y="482.56" angle="0.00" type="DEFAULT_VEHTYPE" speed="13.81" pos="112.69" lane="2/3to2/2_0" slope="0.00"/>
        <vehicle id="22" x="630.41" y="198.35" angle="90.00" type="DEFAULT_VEHTYPE" speed="11.80" pos="25.66" lane="3/1to4/1_0" slope="0.00"/>
        <vehicle id="24" x="299.62" y="598.35" angle="90.00" type="DEFAULT_VEHTYPE" speed="12.92" pos="94.87" lane="1/3to2/3_0" slope="0.00"/>
        <vehicle id="26" x="269.66" y="598.35" angle="90.00" type="DEFAULT_VEHTYPE" speed="13.63" pos="64.91" lane="1/3to2/3_0" slope="0.00"/>
        <vehicle id="28" x="225.46" y="201.65" angle="-90.00" type="DEFAULT_VEHTYPE" speed="8.90" pos="169.79" lane="2/1to1/1_0" slope="0.00"/>
        <vehicle id="32" x="201.65" y="433.03" angle="180.00" type="DEFAULT_VEHTYPE" speed="13.27" pos="28.28" lane="1/2to1/3_0" slope="0.00"/>
        <vehicle id="35" x="401.65" y="752.02" angle="180.00" type="DEFAULT_VEHTYPE" speed="12.88" pos="147.27" lane="2/3to2/4_0" slope="0.00"/>
        <vehicle id="37" x="601.65" y="352.76" angle="180.00" type="DEFAULT_VEHTYPE" speed="12.90" pos="148.01" lane="3/1to3/2_0" slope="0.00"/>
        <vehicle id="38" x="409.65" y="401.65" angle="-90.00" type="DEFAULT_VEHTYPE" speed="2.25" pos="185.60" lane="3/2to2/2_0" slope="0.00"/>
        <vehicle id="41" x="138.40" y="398.35" angle="90.00" type="DEFAULT_VEHTYPE" speed="13.65" pos="138.40" lane="0/2to1/2_0" slope="0.00"/>
        <vehicle id="44" x="201.65" y="547.18" angle="180.00" type="DEFAULT_VEHTYPE" speed="12.62" pos="142.43" lane="1/2to1/3_0" slope="0.00"/>
        <vehicle id="48" x="201.65" y="514.09" angle="180.00" type="DEFAULT_VEHTYPE" speed="13.75" pos="109.34" lane="1/2to1/3_0" slope="0.00"/>
        <vehicle id="5" x="401.65" y="665.56" angle="180.00" type="DEFAULT_VEHTYPE" speed="13.67" pos="60.81" lane="2/3to2/4_0" slope="0.00"/>
        <vehicle id="7" x="5.07" y="401.65" angle="-90.00" type="DEFAULT_VEHTYPE" speed="13.38" pos="190.18" lane="1/2to0/2_0" slope="0.00"/>
        <vehicle id="8" x="398.35" y="735.66" angle="0.00" type="DEFAULT_VEHTYPE" speed="12.78" pos="64.34" lane="2/4to2/3_0" slope="0.00"/>
    </timestep>
    <timestep time="506.00">
        <vehicle id="0" x="265.22" y="401.65" angle="-90.00" type="DEFAULT_VEHTYPE" speed="13.47" pos="130.03" lane="2/2to1/2_0" slope="0.00"/>
        <vehicle id="1" x="610.99" y="598.35" angle="90.00" type="DEFAULT_VEHTYPE" speed="13.45" pos="6.24" lane="3/3to4/3_0" slope="0.00"/>
        <vehicle id="17" x="203.44" y="201.83" angle="-92.11" type="DEFAULT_VEHTYPE" speed="5.94" pos="1.33" lane=":1/1_4_0" slope="0.00"/>
        <vehicle id="18" x="394.44" y="201.65" angle="-58.80" type="DEFAULT_VEHTYPE" speed="13.65" pos="0.81" lane="2/1to1/1_0" slope="0.00"/>
        <vehicle id="21" x="398.35" y="468.75" angle="0.00" type="DEFAULT_VEHTYPE" speed="13.81" pos="126.50" lane="2/3to2/2_0" slope="0.00"/>
        <vehicle id="22" x="643.63" y="198.35" angle="90.00" type="DEFAULT_VEHTYPE" speed="13.22" pos="38.88" lane="3/1to4/1_0" slope="0.00"/>
        <vehicle id="24" x="313.05" y="598.35" angle="90.00" type="DEFAULT_VEHTYPE" speed="13.43" pos="108.30" lane="1/3to2/3_0" slope="0.00"/>
        <vehicle id="26" x="282.42" y="598.35" angle="90.00" type="DEFAULT_VEHTYPE" speed="12.76" pos="77.67" lane="1/3to2/3_0" slope="0.00"/>
        <vehicle id="28" x="220.60" y="201.65" angle="-90.00" type="DEFAULT_VEHTYPE" speed="4.86" pos="174.65" lane="2/1to1/1_0" slope="0.00"/>
        <vehicle id="32" x="201.65" y="446.43" angle="180.00" type="DEFAULT_VEHTYPE" speed="13.41" pos="41.68" lane="1/2to1/3_0" slope="0.00"/>
        <vehicle id="35" x="401.65" y="765.37" angle="180.00" type="DEFAULT_VEHTYPE" speed="13.36" pos="160.62" lane="2/3to2/4_0" slope="0.00"/>
        <vehicle id="37" x="601.65" y="365.72" angle="180.00" type="DEFAULT_VEHTYPE" speed="12.95" pos="160.97" lane="3/1to3/2_0" slope="0.00"/>
        <vehicle id="38" x="406.09" y="401.65" angle="-90.00" type="DEFAULT_VEHTYPE" speed="3.56" pos="189.16" lane="3/2to2/2_0" slope="0.00"/>
        <vehicle id="41" x="151.92" y="398.35" angle="90.00" type="DEFAULT_VEHTYPE" speed="13.52" pos="151.92" lane="0/2to1/2_0" slope="0.00"/>
        <vehicle id="44" x="201.65" y="560.95" angle="180.00" type="DEFAULT_VEHTYPE" speed="13.77" pos="156.20" lane="1/2to1/3_0" slope="0.00"/>
        <vehicle id="48" x="201.65" y="527.68" angle="180.00" type="DEFAULT_VEHTYPE" speed="13.59" pos="122.93" lane="1/2to1/3_0" slope="0.00"/>
        <vehicle id="5" x="401.65" y="678.58" angle="180.00" type="DEFAULT_VEHTYPE" speed="13.02" pos="73.83" lane="2/3to2/4_0" slope="0.00"/>
        <vehicle id="7" x="2.75" y="398.35" angle="70.80" type="DEFAULT_VEHTYPE" speed="12.65" pos="2.75" lane="0/2to1/2_0" slope="0.00"/>
        <vehicle id="8" x="398.35" y="722.05" angle="0.00" type="DEFAULT_VEHTYPE" speed="13.61" pos="77.95" lane="2/4to2/3_0" slope="0.00"/>
    </timestep>
    <timestep time="507.00">
        <vehicle id="0" x="252.53" y="401.65" angle="-90.00" type="DEFAULT_VEHTYPE" speed="12.69" pos="142.72" lane="2/2to1/2_0" slope="0.00"/>
        <vehicle id="1" x="624.46" y="598.35" angle="90.00" type="DEFAULT_VEHTYPE" speed="13.47" pos="19.71" lane="3/3to4/3_0" slope="0.00"/>
        <vehicle id="17" x="201.65" y="209.38" angle="-179.41" type="DEFAULT_VEHTYPE" speed="8.31" pos="4.63" lane="1/1to1/2_0" slope="0.00"/>
        <vehicle id="18" x="380.71" y="201.65" angle="-90.00" type="DEFAULT_VEHTYPE" speed="13.73" pos="14.54" lane="2/1to1/1_0" slope="0.00"/>
        <vehicle id="21" x="398.35" y="455.88" angle="0.00" type="DEFAULT_VEHTYPE" speed="12.87" pos="139.37" lane="2/3to2/2_0" slope="0.00"/>
        <vehicle id="22" x="657.00" y="198.35" angle="90.00" type="DEFAULT_VEHTYPE" speed="13.37" pos="52.25" lane="3/1to4/1_0" slope="0.00"/>
        <vehicle id="24" x="326.38" y="598.35" angle="90.00" type="DEFAULT_VEHTYPE" speed="13.33" pos="121.63" lane="1/3to2/3_0" slope="0.00"/>
        <vehicle id="26" x="295.67" y="598.35" angle="90.00" type="DEFAULT_VEHTYPE" speed="13.25" pos="90.92" lane="1/3to2/3_0" slope="0.00"/>
        <vehicle id="28" x="213.34" y="201.65" angle="-90.00" type="DEFAULT_VEHTYPE" speed="7.26" pos="181.91" lane="2/1to1/1_0" slope="0.00"/>
        <vehicle id="32" x="201.65" y="459.24" angle="180.00" type="DEFAULT_VEHTYPE" speed="12.81" pos="54.49" lane="1/2to1/3_0" slope="0.00"/>
        <vehicle id="35" x="401.65" y="778.14" angle="180.00" type="DEFAULT_VEHTYPE" speed="12.77" pos="173.39" lane="2/3to2/4_0" slope="0.00"/>
        <vehicle id="37" x="601.65" y="376.54" angle="180.00" type="DEFAULT_VEHTYPE" speed="10.83" pos="171.79" lane="3/1to3/2_0" slope="0.00"/>
        <vehicle id="38" x="400.31" y="401.65" angle="-90.00" type="DEFAULT_VEHTYPE" speed="5.78" pos="4.44" lane=":2/2_5_0" slope="0.00"/>
        <vehicle id="41" x="164.71" y="398.35" angle="90.00" type="DEFAULT_VEHTYPE" speed="12.79" pos="164.71" lane="0/2to1/2_0" slope="0.00"/>
        <vehicle id="44" x="201.65" y="574.84" angle="180.00" type="DEFAULT_VEHTYPE" speed="13.89" pos="170.09" lane="1/2to1/3_0" slope="0.00"/>
        <vehicle id="48" x="201.65" y="541.21" angle="180.00" type="DEFAULT_VEHTYPE" speed="13.53" pos="136.46" lane="1/2to1/3_0" slope="0.00"/>
        <vehicle id="5" x="401.65" y="692.09" angle="180.00" type="DEFAULT_VEHTYPE" speed="13.51" pos="87.34" lane="2/3to2/4_0" slope="0.00"/>
        <vehicle id="7" x="15.99" y="398.35" angle="90.00" type="DEFAULT_VEHTYPE" speed="13.24" pos="15.99" lane="0/2to1/2_0" slope="0.00"/>
        <vehicle id="8" x="398.35" y="708.96" angle="0.00" type="DEFAULT_VEHTYPE" speed="13.08" pos="91.04" lane="2/4to2/3_0" slope="0.00"/>
    </timestep>
    <timestep time="508.00">
        <vehicle id="0" x="239.19" y="401.65" angle="-90.00" type="DEFAULT_VEHTYPE" speed="13.33" pos="156.06" lane="2/2to1/2_0" slope="0.00"/>
        <vehicle id="1" x="638.06" y="598.35" angle="90.00" type="DEFAULT_VEHTYPE" speed="13.60" pos="33.31" lane="3/3to4/3_0" slope="0.00"/>
        <vehicle id="17" x="201.65" y="219.30" angle="180.00" type="DEFAULT_VEHTYPE" speed="9.92" pos="14.55" lane="1/1to1/2_0" slope="0.00"/>
        <vehicle id="18" x="367.45" y="201.65" angle="-90.00" type="DEFAULT_VEHTYPE" speed="13.26" pos="27.80" lane="2/1to1/1_0" slope="0.00"/>
        <vehicle id="21" x="398.35" y="443.25" angle="0.00" type="DEFAULT_VEHTYPE" speed="12.63" pos="152.00" lane="2/3to2/2_0" slope="0.00"/>
        <vehicle id="22" x="669.87" y="198.35" angle="90.00" type="DEFAULT_VEHTYPE" speed="12.87" pos="65.12" lane="3/1to4/1_0" slope="0.00"/>
        <vehicle id="24" x="340.19" y="598.35" angle="90.00" type="DEFAULT_VEHTYPE" speed="13.81" pos="135.44" lane="1/3to2/3_0" slope="0.00"/>
        <vehicle id="26" x="309.35" y="598.35" angle="90.00" type="DEFAULT_VEHTYPE" speed="13.68" pos="104.60" lane="1/3to2/3_0" slope="0.00"/>
        <vehicle id="28" x="210.24" y="201.65" angle="-90.00" type="DEFAULT_VEHTYPE" speed="3.10" pos="185.01" lane="2/1to1/1_0" slope="0.00"/>
        <vehicle id="32" x="201.65" y="472.44" angle="180.00" type="DEFAULT_VEHTYPE" speed="13.20" pos="67.69" lane="1/2to1/3_0" slope="0.00"/>
        <vehicle id="35" x="401.65" y="791.15" angle="180.00" type="DEFAULT_VEHTYPE" speed="13.00" pos="186.40" lane="2/3to2/4_0" slope="0.00"/>
        <vehicle id="37" x="601.65" y="384.13" angle="180.00" type="DEFAULT_VEHTYPE" speed="7.59" pos="179.38" lane="3/1to3/2_0" slope="0.00"/>
        <vehicle id="38" x="393.01" y="401.65" angle="-90.00" type="DEFAULT_VEHTYPE" speed="7.30" pos="2.24" lane="2/2to1/2_0" slope="0.00"/>
        <vehicle id="41" x="176.71" y="398.35" angle="90.00" type="DEFAULT_VEHTYPE" speed="12.00" pos="176.71" lane="0/2to1/2_0" slope="0.00"/>
        <vehicle id="44" x="201.65" y="587.51" angle="180.00" type="DEFAULT_VEHTYPE" speed="12.67" pos="182.76" lane="1/2to1/3_0" slope="0.00"/>
        <vehicle id="48" x="201.65" y="554.70" angle="180.00" type="DEFAULT_VEHTYPE" speed="13.48" pos="149.95" lane="1/2to1/3_0" slope="0.00"/>
        <vehicle id="5" x="401.65" y="705.86" angle="180.00" type="DEFAULT_VEHTYPE" speed="13.77" pos="101.11" lane="2/3to2/4_0" slope="0.00"/>
        <vehicle id="7" x="28.77" y="398.35" angle="90.00" type="DEFAULT_VEHTYPE" speed="12.78" pos="28.77" lane="0/2to1/2_0" slope="0.00"/>
        <vehicle id="8" x="398.35" y="696.22" angle="0.00" type="DEFAULT_VEHTYPE" speed="12.75" pos="103.78" lane="2/4to2/3_0" slope="0.00"/>
    </timestep>
    <timestep time="509.00">
        <vehicle id="0" x="227.12" y="401.65" angle="-90.00" type="DEFAULT_VEHTYPE" speed="12.08" pos="168.13" lane="2/2to1/2_0" slope="0.00"/>
        <vehicle id="1" x="651.29" y="598.35" angle="90.00" type="DEFAULT_VEHTYPE" speed="13.23" pos="46.54" lane="3/3to4/3_0" slope="0.00"/>
        <vehicle id="17" x="201.65" y="230.53" angle="180.00" type="DEFAULT_VEHTYPE" speed="11.23" pos="25.78" lane="1/1to1/2_0" slope="0.00"/>
        <vehicle id="18" x="354.45" y="201.65" angle="-90.00" type="DEFAULT_VEHTYPE" speed="13.00" pos="40.80" lane="2/1to1/1_0" slope="0.00"/>
        <vehicle id="21" x="398.35" y="429.42" angle="0.00" type="DEFAULT_VEHTYPE" speed="13.83" pos="165.83" lane="2/3to2/2_0" slope="0.00"/>
        <vehicle id="22" x="683.01" y="198.35" angle="90.00" type="DEFAULT_VEHTYPE" speed="13.14" pos="78.26" lane="3/1to4/1_0" slope="0.00"/>
        <vehicle id="24" x="354.08" y="598.35" angle="90.00" type="DEFAULT_VEHTYPE" speed="13.89" pos="149.33" lane="1/3to2/3_0" slope="0.00"/>
        <vehicle id="26" x="322.46" y="598.35" angle="90.00" type="DEFAULT_VEHTYPE" speed="13.11" pos="117.71" lane="1/3to2/3_0" slope="0.00"/>
        <vehicle id="28" x="204.71" y="201.66" angle="-90.07" type="DEFAULT_VEHTYPE" speed="5.53" pos="0.05" lane=":1/1_4_0" slope="0.00"/>
        <vehicle id="32" x="201.65" y="485.62" angle="180.00" type="DEFAULT_VEHTYPE" speed="13.18" pos="80.87" lane="1/2to1/3_0" slope="0.00"/>
        <vehicle id="35" x="398.84" y="800.74" angle="-122.76" type="DEFAULT_VEHTYPE" speed="12.79" pos="3.93" lane=":2/4_0_0" slope="0.00"/>
        <vehicle id="37" x="601.65" y="389.32" angle="180.00" type="DEFAULT_VEHTYPE" speed="5.19" pos="184.57" lane="3/1to3/2_0" slope="0.00"/>
        <vehicle id="38" x="384.20" y="401.65" angle="-90.00" type="DEFAULT_VEHTYPE" speed="8.81" pos="11.05" lane="2/2to1/2_0" slope="0.00"/>
        <vehicle id="41" x="184.84" y="398.35" angle="90.00" type="DEFAULT_VEHTYPE" speed="8.13" pos="184.84" lane="0/2to1/2_0" slope="0.00"/>
        <vehicle id="44" x="204.61" y="598.33" angle="137.37" type="DEFAULT_VEHTYPE" speed="12.60" pos="4.86" lane=":1/3_8_0" slope="0.00"/>
        <vehicle id="48" x="201.65" y="567.44" angle="180.00" type="DEFAULT_VEHTYPE" speed="12.74" pos="162.69" lane="1/2to1/3_0" slope="0.00"/>
        <vehicle id="5" x="401.65" y="718.55" angle="180.00" type="DEFAULT_VEHTYPE" speed="12.69" pos="113.80" lane="2/3to2/4_0" slope="0.00"/>
        <vehicle id="7" x="41.61" y="398.35" angle="90.00" type="DEFAULT_VEHTYPE" speed="12.83" pos="41.61" lane="0/2to1/2_0" slope="0.00"/>
        <vehicle id="8" x="398.35" y="683.04" angle="0.00" type="DEFAULT_VEHTYPE" speed="13.18" pos="116.96" lane="2/4to2/3_0" slope="0.00"/>
    </timestep>
    <timestep time="510.00">
        <vehicle id="0" x="217.58" y="401.65" angle="-90.00" type="DEFAULT_VEHTYPE" speed="9.54" pos="177.67" lane="2/2to1/2_0" slope="0.00"/>
        <vehicle id="1" x="664.59" y="598.35" angle="90.00" type="DEFAULT_VEHTYPE" speed="13.29" pos="59.84" lane="3/3to4/3_0" slope="0.00"/>
        <vehicle id="17" x="201.65" y="243.10" angle="180.00" type="DEFAULT_VEHTYPE" speed="12.57" pos="38.35" lane="1/1to1/2_0" slope="0.00"/>
        <vehicle id="18" x="341.37" y="201.65" angle="-90.00" type="DEFAULT_VEHTYPE" speed="13.08" pos="53.88" lane="2/1to1/1_0" slope="0.00"/>
        <vehicle id="21" x="398.35" y="415.56" angle="0.00" type="DEFAULT_VEHTYPE" speed="13.85" pos="179.69" lane="2/3to2/2_0" slope="0.00"/>
        <vehicle id="22" x="695.93" y="198.35" angle="90.00" type="DEFAULT_VEHTYPE" speed="12.93" pos="91.18" lane="3/1to4/1_0" slope="0.00"/>
        <vehicle id="24" x="367.38" y="598.35" angle="90.00" type="DEFAULT_VEHTYPE" speed="13.29" pos="162.63" lane="1/3to2/3_0" slope="0.00"/>
        <vehicle id="26" x="335.45" y="598.35" angle="90.00" type="DEFAULT_VEHTYPE" speed="12.99" pos="130.70" lane="1/3to2/3_0" slope="0.00"/>
        <vehicle id="28" x="201.65" y="207.17" angle="-170.02" type="DEFAULT_VEHTYPE" speed="7.38" pos="2.42" lane="1/1to1/2_0" slope="0.00"/>
        <vehicle id="32" x="201.65" y="498.72" angle="180.00" type="DEFAULT_VEHTYPE" speed="13.10" pos="93.97" lane="1/2to1/3_0" slope="0.00"/>
        <vehicle id="35" x="398.35" y="787.01" angle="0.00" type="DEFAULT_VEHTYPE" speed="13.87" pos="12.99" lane="2/4to2/3_0" slope="0.00"/>
        <vehicle id="37" x="601.46" y="396.56" angle="-177.85" type="DEFAULT_VEHTYPE" speed="7.26" pos="1.33" lane=":3/2_10_0" slope="0.00"/>
        <vehicle id="38" x="373.55" y="401.65" angle="-90.00" type="DEFAULT_VEHTYPE" speed="10.65" pos="21.70" lane="2/2to1/2_0" slope="0.00"/>
        <vehicle id="41" x="189.25" y="398.35" angle="90.00" type="DEFAULT_VEHTYPE" speed="4.41" pos="189.25" lane="0/2to1/2_0" slope="0.00"/>
        <vehicle id="44" x="217.58" y="598.35" angle="90.00" type="DEFAULT_VEHTYPE" speed="12.97" pos="12.83" lane="1/3to2/3_0" slope="0.00"/>
        <vehicle id="48" x="201.65" y="581.33" angle="180.00" type="DEFAULT_VEHTYPE" speed="13.89" pos="176.58" lane="1/2to1/3_0" slope="0.00"/>
        <vehicle id="5" x="401.65" y="731.15" angle="180.00" type="DEFAULT_VEHTYPE" speed="12.60" pos="126.40" lane="2/3to2/4_0" slope="0.00"/>
        <vehicle id="7" x="55.36" y="398.35" angle="90.00" type="DEFAULT_VEHTYPE" speed="13.75" pos="55.36" lane="0/2to1/2_0" slope="0.00"/>
        <vehicle id="8" x="398.35" y="669.48" angle="0.00" type="DEFAULT_VEHTYPE" speed="13.55" pos="130.52" lane="2/4to2/3_0" slope="0.00"/>
    </timestep>
    <timestep time="511.00">
        <vehicle id="0" x="212.18" y="401.65" angle="-90.00" type="DEFAULT_VEHTYPE" speed="5.40" pos="183.07" lane="2/2to1/2_0" slope="0.00"/>
        <vehicle id="1" x="677.30" y="598.35" angle="90.00" type="DEFAULT_VEHTYPE" speed="12.71" pos="72.55" lane="3/3to4/3_0" slope="0.00"/>
        <vehicle id="17" x="201.65" y="256.45" angle="180.00" type="DEFAULT_VEHTYPE" speed="13.34" pos="51.70" lane="1/1to1/2_0" slope="0.00"/>
        <vehicle id="18" x="328.52" y="201.65" angle="-90.00" type="DEFAULT_VEHTYPE" speed="12.85" pos="66.73" lane="2/1to1/1_0" slope="0.00"/>
        <vehicle id="21" x="397.29" y="402.25" angle="-12.76" type="DEFAULT_VEHTYPE" speed="13.65" pos="2.84" lane=":2/2_0_0" slope="0.00"/>
        <vehicle id="22" x="709.75" y="198.35" angle="90.00" type="DEFAULT_VEHTYPE" speed="13.81" pos="105.00" lane="3/1to4/1_0" slope="0.00"/>
        <vehicle id="24" x="377.39" y="598.35" angle="90.00" type="DEFAULT_VEHTYPE" speed="10.02" pos="172.64" lane="1/3to2/3_0" slope="0.00"/>
        <vehicle id="26" x="348.78" y="598.35" angle="90.00" type="DEFAULT_VEHTYPE" speed="13.32" pos="144.03" lane="1/3to2/3_0" slope="0.00"/>
        <vehicle id="28" x="201.65" y="215.88" angle="180.00" type="DEFAULT_VEHTYPE" speed="8.71" pos="11.13" lane="1/1to1/2_0" slope="0.00"/>
        <vehicle id="32" x="201.65" y="511.41" angle="180.00" type="DEFAULT_VEHTYPE" speed="12.69" pos="106.66" lane="1/2to1/3_0" slope="0.00"/>
        <vehicle id="35" x="398.35" y="773.54" angle="0.00" type="DEFAULT_VEHTYPE" speed="13.47" pos="26.46" lane="2/4to2/3_0" slope="0.00"/>
        <vehicle id="37" x="594.87" y="401.65" angle="-105.66" type="DEFAULT_VEHTYPE" speed="9.38" pos="0.38" lane="3/2to2/2_0" slope="0.00"/>
        <vehicle id="38" x="360.36" y="401.65" angle="-90.00" type="DEFAULT_VEHTYPE" speed="13.19" pos="34.89" lane="2/2to1/2_0" slope="0.00"/>
        <vehicle id="41" x="191.59" y="398.35" angle="90.00" type="DEFAULT_VEHTYPE" speed="2.34" pos="191.59" lane="0/2to1/2_0" slope="0.00"/>
        <vehicle id="44" x="230.68" y="598.35" angle="90.00" type="DEFAULT_VEHTYPE" speed="13.09" pos="25.93" lane="1/3to2/3_0" slope="0.00"/>
        <vehicle id="48" x="201.65" y="595.05" angle="180.00" type="DEFAULT_VEHTYPE" speed="13.73" pos="190.30" lane="1/2to1/3_0" slope="0.00"/>
        <vehicle id="5" x="401.65" y="743.98" angle="180.00" type="DEFAULT_VEHTYPE" speed="12.83" pos="139.23" lane="2/3to2/4_0" slope="0.00"/>
        <vehicle id="7" x="68.03" y="398.35" angle="90.00" type="DEFAULT_VEHTYPE" speed="12.67" pos="68.03" lane="0/2to1/2_0" slope="0.00"/>
        <vehicle id="8" x="398.35" y="656.80" angle="0.00" type="DEFAULT_VEHTYPE" speed="12.68" pos="143.20" lane="2/4to2/3_0" slope="0.00"/>
    </timestep>
    <timestep time="512.00">
        <vehicle id="0" x="208.82" y="401.65" angle="-90.00" type="DEFAULT_VEHTYPE" speed="3.36" pos="186.43" lane="2/2to1/2_0" slope="0.00"/>
        <vehicle id="1" x="690.58" y="598.35" angle="90.00" type="DEFAULT_VEHTYPE" speed="13.28" pos="85.83" lane="3/3to4/3_0" slope="0.00"/>
        <vehicle id="17" x="201.65" y="269.54" angle="180.00" type="DEFAULT_VEHTYPE" speed="13.10" pos="64.79" lane="1/1to1/2_0" slope="0.00"/>
        <vehicle id="18" x="315.60" y="201.65" angle="-90.00" type="DEFAULT_VEHTYPE" speed="12.91" pos="79.65" lane="2/1to1/1_0" slope="0.00"/>
        <vehicle id="21" x="383.53" y="401.65" angle="-90.00" type="DEFAULT_VEHTYPE" speed="13.89" pos="11.72" lane="2/2to1/2_0" slope="0.00"/>
        <vehicle id="22" x="723.50" y="198.35" angle="90.00" type="DEFAULT_VEHTYPE" speed="13.75" pos="118.75" lane="3/1to4/1_0" slope="0.00"/>
        <vehicle id="24" x="384.52" y="598.35" angle="90.00" type="DEFAULT_VEHTYPE" speed="7.13" pos="179.77" lane="1/3to2/3_0" slope="0.00"/>
        <vehicle id="26" x="361.44" y="598.35" angle="90.00" type="DEFAULT_VEHTYPE" speed="12.66" pos="156.69" lane="1/3to2/3_0" slope="0.00"/>
        <vehicle id="28" x="201.65" y="226.41" angle="180.00" type="DEFAULT_VEHTYPE" speed="10.53" pos="21.66" lane="1/1to1/2_0" slope="0.00"/>
        <vehicle id="32" x="201.65" y="525.19" angle="180.00" type="DEFAULT_VEHTYPE" speed="13.78" pos="120.44" lane="1/2to1/3_0" slope="0.00"/>
        <vehicle id="35" x="398.35" y="759.68" angle="0.00" type="DEFAULT_VEHTYPE" speed="13.85" pos="40.32" lane="2/4to2/3_0" slope="0.00"/>
        <vehicle id="37" x="583.60" y="401.65" angle="-90.00" type="DEFAULT_VEHTYPE" speed="11.27" pos="11.65" lane="3/2to2/2_0" slope="0.00"/>
        <vehicle id="38" x="347.64" y="401.65" angle="-90.00" type="DEFAULT_VEHTYPE" speed="12.72" pos="47.61" lane="2/2to1/2_0" slope="0.00"/>
        <vehicle id="41" x="192.58" y="398.35" angle="90.00" type="DEFAULT_VEHTYPE" speed="1.00" pos="192.58" lane="0/2to1/2_0" slope="0.00"/>
        <vehicle id="44" x="243.73" y="598.35" angle="90.00" type="DEFAULT_VEHTYPE" speed="13.05" pos="38.98" lane="1/3to2/3_0" slope="0.00"/>
        <vehicle id="48" x="213.24" y="598.35" angle="90.00" type="DEFAULT_VEHTYPE" speed="13.69" pos="8.49" lane="1/3to2/3_0" slope="0.00"/>
        <vehicle id="5" x="401.65" y="757.17" angle="180.00" type="DEFAULT_VEHTYPE" speed="13.19" pos="152.42" lane="2/3to2/4_0" slope="0.00"/>
        <vehicle id="7" x="81.08" y="398.35" angle="90.00" type="DEFAULT_VEHTYPE" speed="13.05" pos="81.08" lane="0/2to1/2_0" slope="0.00"/>
        <vehicle id="8" x="398.35" y="643.24" angle="0.00" type="DEFAULT_VEHTYPE" speed="13.56" pos="156.76" lane="2/4to2/3_0" slope="0.00"/>
    </timestep>
    <timestep time="513.00">
        <vehicle id="0" x="203.30" y="401.65" angle="-90.00" type="DEFAULT_VEHTYPE" speed="5.51" pos="1.45" lane=":1/2_5_0" slope="0.00"/>
        <vehicle id="1" x="703.75" y="598.35" angle="90.00" type="DEFAULT_VEHTYPE" speed="13.17" pos="99.00" lane="3/3to4/3_0" slope="0.00"/>
        <vehicle id="17" x="201.65" y="282.30" angle="180.00" type="DEFAULT_VEHTYPE" speed="12.76" pos="77.55" lane="1/1to1/2_0" slope="0.00"/>
        <vehicle id="18" x="303.00" y="201.65" angle="-90.00" type="DEFAULT_VEHTYPE" speed="12.60" pos="92.25" lane="2/1to1/1_0" slope="0.00"/>
        <vehicle id="21" x="370.24" y="401.65" angle="-90.00" type="DEFAULT_VEHTYPE" speed="13.28" pos="25.01" lane="2/2to1/2_0" slope="0.00"/>
        <vehicle id="22" x="736.80" y="198.35" angle="90.00" type="DEFAULT_VEHTYPE" speed="13.30" pos="132.05" lane="3/1to4/1_0" slope="0.00"/>
        <vehicle id="24" x="388.52" y="598.35" angle="90.00" type="DEFAULT_VEHTYPE" speed="3.99" pos="183.77" lane="1/3to2/3_0" slope="0.00"/>
        <vehicle id="26" x="371.04" y="598.35" angle="90.00" type="DEFAULT_VEHTYPE" speed="9.60" pos="166.29" lane="1/3to2/3_0" slope="0.00"/>
        <vehicle id="28" x="201.65" y="239.06" angle="180.00" type="DEFAULT_VEHTYPE" speed="12.65" pos="34.31" lane="1/1to1/2_0" slope="0.00"/>
        <vehicle id="32" x="201.65" y="538.09" angle="180.00" type="DEFAULT_VEHTYPE" speed="12.90" pos="133.34" lane="1/2to1/3_0" slope="0.00"/>
        <vehicle id="35" x="398.35" y="747.04" angle="0.00" type="DEFAULT_VEHTYPE" speed="12.65" pos="52.96" lane="2/4to2/3_0" slope="0.00"/>
        <vehicle id="37" x="569.77" y="401.65" angle="-90.00" type="DEFAULT_VEHTYPE" speed="13.83" pos="25.48" lane="3/2to2/2_0" slope="0.00"/>
        <vehicle id="38" x="334.14" y="401.65" angle="-90.00" type="DEFAULT_VEHTYPE" speed="13.50" pos="61.11" lane="2/2to1/2_0" slope="0.00"/>
        <vehicle id="41" x="192.69" y="398.35" angle="90.00" type="DEFAULT_VEHTYPE" speed="0.11" pos="192.69" lane="0/2to1/2_0" slope="0.00"/>
        <vehicle id="44" x="257.27" y="598.35" angle="90.00" type="DEFAULT_VEHTYPE" speed="13.54" pos="52.52" lane="1/3to2/3_0" slope="0.00"/>
        <vehicle id="48" x="226.23" y="598.35" angle="90.00" type="DEFAULT_VEHTYPE" speed="12.99" pos="21.48" lane="1/3to2/3_0" slope="0.00"/>
        <vehicle id="5" x="401.65" y="770.40" angle="180.00" type="DEFAULT_VEHTYPE" speed="13.23" pos="165.65" lane="2/3to2/4_0" slope="0.00"/>
        <vehicle id="7" x="94.49" y="398.35" angle="90.00" type="DEFAULT_VEHTYPE" speed="13.40" pos="94.49" lane="0/2to1/2_0" slope="0.00"/>
        <vehicle id="8" x="398.35" y="630.53" angle="0.00" type="DEFAULT_VEHTYPE" speed="12.71" pos="169.47" lane="2/4to2/3_0" slope="0.00"/>
    </timestep>
    <timestep time="514.00">
        <vehicle id="0" x="195.79" y="401.65" angle="-90.00" type="DEFAULT_VEHTYPE" speed="7.52" pos="8.96" lane=":1/2_5_0" slope="0.00"/>
        <vehicle id="1" x="716.64" y="598.35" angle="90.00" type="DEFAULT_VEHTYPE" speed="12.89" pos="111.89" lane="3/3to4/3_0" slope="0.00"/>
        <vehicle id="17" x="201.65" y="295.43" angle="180.00" type="DEFAULT_VEHTYPE" speed="13.13" pos="90.68" lane="1/1to1/2_0" slope="0.00"/>
        <vehicle id="18" x="289.77" y="201.65" angle="-90.00" type="DEFAULT_VEHTYPE" speed="13.23" pos="105.48" lane="2/1to1/1_0" slope="0.00"/>
        <vehicle id="21" x="357.39" y="401.65" angle="-90.00" type="DEFAULT_VEHTYPE" speed="12.85" pos="37.86" lane="2/2to1/2_0" slope="0.00"/>
        <vehicle id="22" x="749.43" y="198.35" angle="90.00" type="DEFAULT_VEHTYPE" speed="12.63" pos="144.68" lane="3/1to4/1_0" slope="0.00"/>
        <vehicle id="24" x="391.13" y="598.35" angle="90.00" type="DEFAULT_VEHTYPE" speed="2.61" pos="186.38" lane="1/3to2/3_0" slope="0.00"/>
        <vehicle id="26" x="376.37" y="598.35" angle="90.00" type="DEFAULT_VEHTYPE" speed="5.33" pos="171.62" lane="1/3to2/3_0" slope="0.00"/>
        <vehicle id="28" x="201.65" y="252.36" angle="180.00" type="DEFAULT_VEHTYPE" speed="13.30" pos="47.61" lane="1/1to1/2_0" slope="0.00"/>
        <vehicle id="32" x="201.65" y="551.57" angle="180.00" type="DEFAULT_VEHTYPE" speed="13.48" pos="146.82" lane="1/2to1/3_0" slope="0.00"/>
        <vehicle id="35" x="398.35" y="734.32" angle="0.00" type="DEFAULT_VEHTYPE" speed="12.72" pos="65.68" lane="2/4to2/3_0" slope="0.00"/>
        <vehicle id="37" x="556.41" y="401.65" angle="-90.00" type="DEFAULT_VEHTYPE" speed="13.35" pos="38.84" lane="3/2to2/2_0" slope="0.00"/>
        <vehicle id="38" x="320.83" y="401.65" angle="-90.00" type="DEFAULT_VEHTYPE" speed="13.31" pos="74.42" lane="2/2to1/2_0" slope="0.00"/>
        <vehicle id="41" x="192.74" y="398.35" angle="90.00" type="DEFAULT_VEHTYPE" speed="0.05" pos="192.74" lane="0/2to1/2_0" slope="0.00"/>
        <vehicle id="44" x="270.18" y="598.35" angle="90.00" type="DEFAULT_VEHTYPE" speed="12.92" pos="65.43" lane="1/3to2/3_0" slope="0.00"/>
        <vehicle id="48" x="239.32" y="598.35" angle="90.00" type="DEFAULT_VEHTYPE" speed="13.09" pos="34.57" lane="1/3to2/3_0" slope="0.00"/>
        <vehicle id="5" x="401.65" y="783.66" angle="180.00" type="DEFAULT_VEHTYPE" speed="13.26" pos="178.91" lane="2/3to2/4_0" slope="0.00"/>
        <vehicle id="7" x="107.57" y="398.35" angle="90.00" type="DEFAULT_VEHTYPE" speed="13.08" pos="107.57" lane="0/2to1/2_0" slope="0.00"/>
        <vehicle id="8" x="398.35" y="617.48" angle="0.00" type="DEFAULT_VEHTYPE" speed="13.05" pos="182.52" lane="2/4to2/3_0" slope="0.00"/>
    </timestep>
    <timestep time="515.00">
        <vehicle id="0" x="186.74" y="401.65" angle="-90.00" type="DEFAULT_VEHTYPE" speed="9.05" pos="8.51" lane="1/2to0/2_0" slope="0.00"/>
        <vehicle id="1" x="729.84" y="598.35" angle="90.00" type="DEFAULT_VEHTYPE" speed="13.20" pos="125.09" lane="3/3to4/3_0" slope="0.00"/>
        <vehicle id="17" x="201.65" y="308.84" angle="180.00" type="DEFAULT_VEHTYPE" speed="13.41" pos="104.09" lane="1/1to1/2_0" slope="0.00"/>
        <vehicle id="18" x="276.22" y="201.65" angle="-90.00" type="DEFAULT_VEHTYPE" speed="13.55" pos="119.03" lane="2/1to1/1_0" slope="0.00"/>
        <vehicle id="21" x="344.65" y="401.65" angle="-90.00" type="DEFAULT_VEHTYPE" speed="12.75" pos="50.60" lane="2/2to1/2_0" slope="0.00"/>
        <vehicle id="22" x="762.96" y="198.35" angle="90.00" type="DEFAULT_VEHTYPE" speed="13.53" pos="158.21" lane="3/1to4/1_0" slope="0.00"/>
        <vehicle id="24" x="392.27" y="598.35" angle="90.00" type="DEFAULT_VEHTYPE" speed="1.14" pos="187.52" lane="1/3to2/3_0" slope="0.00"/>
        <vehicle id="26" x="380.10" y="598.35" angle="90.00" type="DEFAULT_VEHTYPE" speed="3.72" pos="175.35" lane="1/3to2/3_0" slope="0.00"/>
        <vehicle id="28" x="201.65" y="265.85" angle="180.00" type="DEFAULT_VEHTYPE" speed="13.49" pos="61.10" lane="1/1to1/2_0" slope="0.00"/>
        <vehicle id="32" x="201.65" y="564.92" angle="180.00" type="DEFAULT_VEHTYPE" speed="13.35" pos="160.17" lane="1/2to1/3_0" slope="0.00"/>
        <vehicle id="35" x="398.35" y="720.61" angle="0.00" type="DEFAULT_VEHTYPE" speed="13.72" pos="79.39" lane="2/4to2/3_0" slope="0.00"/>
        <vehicle id="37" x="542.54" y="401.65" angle="-90.00" type="DEFAULT_VEHTYPE" speed="13.88" pos="52.71" lane="3/2to2/2_0" slope="0.00"/>
        <vehicle id="38" x="307.24" y="401.65" angle="-90.00" type="DEFAULT_VEHTYPE" speed="13.58" pos="88.01" lane="2/2to1/2_0" slope="0.00"/>
        <vehicle id="41" x="195.23" y="398.35" angle="90.00" type="DEFAULT_VEHTYPE" speed="2.49" pos="195.23" lane="0/2to1/2_0" slope="0.00"/>
        <vehicle id="44" x="283.34" y="598.35" angle="90.00" type="DEFAULT_VEHTYPE" speed="13.15" pos="78.59" lane="1/3to2/3_0" slope="0.00"/>
        <vehicle id="48" x="252.19" y="598.35" angle="90.00" type="DEFAULT_VEHTYPE" speed="12.87" pos="47.44" lane="1/3to2/3_0" slope="0.00"/>
        <vehicle id="5" x="401.65" y="797.31" angle="180.00" type="DEFAULT_VEHTYPE" speed="13.65" pos="192.56" lane="2/3to2/4_0" slope="0.00"/>
        <vehicle id="7" x="120.52" y="398.35" angle="90.00" type="DEFAULT_VEHTYPE" speed="12.95" pos="120.52" lane="0/2to1/2_0" slope="0.00"/>
        <vehicle id="8" x="398.35" y="604.24" angle="0.00" type="DEFAULT_VEHTYPE" speed="13.23" pos="0.51" lane=":2/3_1_0" slope="0.00"/>
    </timestep>
    <timestep time="516.00">
        <vehicle id="0" x="175.26" y="401.65" angle="-90.00" type="DEFAULT_VEHTYPE" speed="11.48" pos="19.99" lane="1/2to0/2_0" slope="0.00"/>
        <vehicle id="1" x="742.91" y="598.35" angle="90.00" type="DEFAULT_VEHTYPE" speed="13.07" pos="138.16" lane="3/3to4/3_0" slope="0.00"/>
        <vehicle id="17" x="201.65" y="321.99" angle="180.00" type="DEFAULT_VEHTYPE" speed="13.14" pos="117.24" lane="1/1to1/2_0" slope="0.00"/>
        <vehicle id="18" x="262.52" y="201.65" angle="-90.00" type="DEFAULT_VEHTYPE" speed="13.70" pos="132.73" lane="2/1to1/1_0" slope="0.00"/>
        <vehicle id="21" x="331.31" y="401.65" angle="-90.00" type="DEFAULT_VEHTYPE" speed="13.34" pos="63.94" lane="2/2to1/2_0" slope="0.00"/>
        <vehicle id="22" x="776.41" y="198.35" angle="90.00" type="DEFAULT_VEHTYPE" speed="13.45" pos="171.66" lane="3/1to4/1_0" slope="0.00"/>
        <vehicle id="24" x="392.61" y="598.35" angle="90.00" type="DEFAULT_VEHTYPE" speed="0.34" pos="187.86" lane="1/3to2/3_0" slope="0.00"/>
        <vehicle id="26" x="382.95" y="598.35" angle="90.00" type="DEFAULT_VEHTYPE" speed="2.85" pos="178.20" lane="1/3to2/3_0" slope="0.00"/>
        <vehicle id="28" x="201.65" y="279.24" angle="180.00" type="DEFAULT_VEHTYPE" speed="13.38" pos="74.49" lane="1/1to1/2_0" slope="0.00"/>
        <vehicle id="32" x="201.65" y="578.25" angle="180.00" type="DEFAULT_VEHTYPE" speed="13.33" pos="173.50" lane="1/2to1/3_0" slope="0.00"/>
        <vehicle id="35" x="398.35" y="707.30" angle="0.00" type="DEFAULT_VEHTYPE" speed="13.31" pos="92.70" lane="2/4to2/3_0" slope="0.00"/>
        <vehicle id="37" x="529.90" y="401.65" angle="-90.00" type="DEFAULT_VEHTYPE" speed="12.63" pos="65.35" lane="3/2to2/2_0" slope="0.00"/>
        <vehicle id="38" x="293.96" y="401.65" angle="-90.00" type="DEFAULT_VEHTYPE" speed="13.28" pos="101.29" lane="2/2to1/2_0" slope="0.00"/>
        <vehicle id="41" x="199.67" y="399.72" angle="106.29" type="DEFAULT_VEHTYPE" speed="4.74" pos="4.72" lane=":1/2_14_0" slope="0.00"/>
        <vehicle id="44" x="296.49" y="598.35" angle="90.00" type="DEFAULT_VEHTYPE" speed="13.15" pos="91.74" lane="1/3to2/3_0" slope="0.00"/>
        <vehicle id="48" x="265.53" y="598.35" angle="90.00" type="DEFAULT_VEHTYPE" speed="13.33" pos="60.78" lane="1/3to2/3_0" slope="0.00"/>
        <vehicle id="5" x="398.35" y="794.39" angle="0.00" type="DEFAULT_VEHTYPE" speed="13.12" pos="5.61" lane="2/4to2/3_0" slope="0.00"/>
        <vehicle id="7" x="133.70" y="398.35" angle="90.00" type="DEFAULT_VEHTYPE" speed="13.18" pos="133.70" lane="0/2to1/2_0" slope="0.00"/>
        <vehicle id="8" x="398.35" y="591.64" angle="0.00" type="DEFAULT_VEHTYPE" speed="12.60" pos="3.61" lane="2/3to2/2_0" slope="0.00"/>
    </timestep>
    <timestep time="517.00">
        <vehicle id="0" x="161.74" y="401.65" angle="-90.00" type="DEFAULT_VEHTYPE" speed="13.52" pos="33.51" lane="1/2to0/2_0" slope="0.00"/>
        <vehicle id="1" x="756.49" y="598.35" angle="90.00" type="DEFAULT_VEHTYPE" speed="13.58" pos="151.74" lane="3/3to4/3_0" slope="0.00"/>
        <vehicle id="17" x="201.65" y="335.36" angle="180.00" type="DEFAULT_VEHTYPE" speed="13.37" pos="130.61" lane="1/1to1/2_0" slope="0.00"/>
        <vehicle id="18" x="249.15" y="201.65" angle="-90.00" type="DEFAULT_VEHTYPE" speed="13.38" pos="146.10" lane="2/1to1/1_0" slope="0.00"/>
        <vehicle id="21" x="318.10" y="401.65" angle="-90.00" type="DEFAULT_VEHTYPE" speed="13.20" pos="77.15" lane="2/2to1/2_0" slope="0.00"/>
        <vehicle id="22" x="789.19" y="198.35" angle="90.00" type="DEFAULT_VEHTYPE" speed="12.78" pos="184.44" lane="3/1to4/1_0" slope="0.00"/>
        <vehicle id="24" x="395.24" y="598.35" angle="90.00" type="DEFAULT_VEHTYPE" speed="2.64" pos="190.49" lane="1/3to2/3_0" slope="0.00"/>
        <vehicle id="26" x="384.53" y="598.35" angle="90.00" type="DEFAULT_VEHTYPE" speed="1.57" pos="179.78" lane="1/3to2/3_0" slope="0.00"/>
        <vehicle id="28" x="201.65" y="292.06" angle="180.00" type="DEFAULT_VEHTYPE" speed="12.82" pos="87.31" lane="1/1to1/2_0" slope="0.00"/>
        <vehicle id="32" x="201.65" y="591.35" angle="180.00" type="DEFAULT_VEHTYPE" speed="13.11" pos="186.60" lane="1/2to1/3_0" slope="0.00"/>
        <vehicle id="35" x="398.35" y="693.46" angle="0.00" type="DEFAULT_VEHTYPE" speed="13.84" pos="106.54" lane="2/4to2/3_0" slope="0.00"/>
        <vehicle id="37" x="516.60" y="401.65" angle="-90.00" type="DEFAULT_VEHTYPE" speed="13.30" pos="78.65" lane="3/2to2/2_0" slope="0.00"/>
        <vehicle id="38" x="280.64" y="401.65" angle="-90.00" type="DEFAULT_VEHTYPE" speed="13.32" pos="114.61" lane="2/2to1/2_0" slope="0.00"/>
        <vehicle id="41" x="201.65" y="405.81" angle="168.56" type="DEFAULT_VEHTYPE" speed="6.66" pos="1.06" lane="1/2to1/3_0" slope="0.00"/>
        <vehicle id="44" x="309.44" y="598.35" angle="90.00" type="DEFAULT_VEHTYPE" speed="12.95" pos="104.69" lane="1/3to2/3_0" slope="0.00"/>
        <vehicle id="48" x="278.75" y="598.35" angle="90.00" type="DEFAULT_VEHTYPE" speed="13.22" pos="74.00" lane="1/3to2/3_0" slope="0.00"/>
        <vehicle id="5" x="398.35" y="780.55" angle="0.00" type="DEFAULT_VEHTYPE" speed="13.84" pos="19.45" lane="2/4to2/3_0" slope="0.00"/>
        <vehicle id="7" x="147.57" y="398.35" angle="90.00" type="DEFAULT_VEHTYPE" speed="13.87" pos="147.57" lane="0/2to1/2_0" slope="0.00"/>
        <vehicle id="8" x="398.35" y="577.94" angle="0.00" type="DEFAULT_VEHTYPE" speed="13.71" pos="17.31" lane="2/3to2/2_0" slope="0.00"/>
    </timestep>
    <timestep time="518.00">
        <vehicle id="0" x="148.01" y="401.65" angle="-90.00" type="DEFAULT_VEHTYPE" speed="13.72" pos="47.24" lane="1/2to0/2_0" slope="0.00"/>
        <vehicle id="1" x="769.96" y="598.35" angle="90.00" type="DEFAULT_VEHTYPE" speed="13.47" pos="165.21" lane="3/3to4/3_0" slope="0.00"/>
        <vehicle id="17" x="201.65" y="348.01" angle="180.00" type="DEFAULT_VEHTYPE" speed="12.65" pos="143.26" lane="1/1to1/2_0" slope="0.00"/>
        <vehicle id="18" x="236.37" y="201.65" angle="-90.00" type="DEFAULT_VEHTYPE" speed="12.78" pos="158.88" lane="2/1to1/1_0" slope="0.00"/>
        <vehicle id="21" x="304.90" y="401.65" angle="-90.00" type="DEFAULT_VEHTYPE" speed="13.20" pos="90.35" lane="2/2to1/2_0" slope="0.00"/>
        <vehicle id="22" x="801.64" y="199.97" angle="110.90" type="DEFAULT_VEHTYPE" speed="13.20" pos="2.38" lane=":4/1_0_0" slope="0.00"/>
        <vehicle id="24" x="399.50" y="599.62" angle="105.04" type="DEFAULT_VEHTYPE" speed="4.53" pos="4.52" lane=":2/3_14_0" slope="0.00"/>
        <vehicle id="26" x="387.01" y="598.35" angle="90.00" type="DEFAULT_VEHTYPE" speed="2.49" pos="182.26" lane="1/3to2/3_0" slope="0.00"/>
        <vehicle id="28" x="201.65" y="305.69" angle="180.00" type="DEFAULT_VEHTYPE" speed="13.63" pos="100.94" lane="1/1to1/2_0" slope="0.00"/>
        <vehicle id="32" x="209.38" y="598.35" angle="90.60" type="DEFAULT_VEHTYPE" speed="13.52" pos="4.63" lane="1/3to2/3_0" slope="0.00"/>
        <vehicle id="35" x="398.35" y="679.68" angle="0.00" type="DEFAULT_VEHTYPE" speed="13.78" pos="120.32" lane="2/4to2/3_0" slope="0.00"/>
        <vehicle id="37" x="502.85" y="401.65" angle="-90.00" type="DEFAULT_VEHTYPE" speed="13.75" pos="92.40" lane="3/2to2/2_0" slope="0.00"/>
        <vehicle id="38" x="267.85" y="401.65" angle="-90.00" type="DEFAULT_VEHTYPE" speed="12.78" pos="127.40" lane="2/2to1/2_0" slope="0.00"/>
        <vehicle id="41" x="201.65" y="414.12" angle="180.00" type="DEFAULT_VEHTYPE" speed="8.32" pos="9.37" lane="1/2to1/3_0" slope="0.00"/>
        <vehicle id="44" x="322.52" y="598.35" angle="90.00" type="DEFAULT_VEHTYPE" speed="13.08" pos="117.77" lane="1/3to2/3_0" slope="0.00"/>
        <vehicle id="48" x="292.47" y="598.35" angle="90.00" type="DEFAULT_VEHTYPE" speed="13.73" pos="87.72" lane="1/3to2/3_0" slope="0.00"/>
        <vehicle id="5" x="398.35" y="766.82" angle="0.00" type="DEFAULT_VEHTYPE" speed="13.73" pos="33.18" lane="2/4to2/3_0" slope="0.00"/>
        <vehicle id="7" x="160.19" y="398.35" angle="90.00" type="DEFAULT_VEHTYPE" speed="12.62" pos="160.19" lane="0/2to1/2_0" slope="0.00"/>
        <vehicle id="8" x="398.35" y="564.78" angle="0.00" type="DEFAULT_VEHTYPE" speed="13.15" pos="30.47" lane="2/3to2/2_0" slope="0.00"/>
    </timestep>
    <timestep time="519.00">
        <vehicle id="0" x="134.66" y="401.65" angle="-90.00" type="DEFAULT_VEHTYPE" speed="13.35" pos="60.59" lane="1/2to0/2_0" slope="0.00"/>
        <vehicle id="1" x="783.51" y="598.35" angle="90.00" type="DEFAULT_VEHTYPE" speed="13.55" pos="178.76" lane="3/3to4/3_0" slope="0.00"/>
        <vehicle id="17" x="201.65" y="361.42" angle="180.00" type="DEFAULT_VEHTYPE" speed="13.41" pos="156.67" lane="1/1to1/2_0" slope="0.00"/>
        <vehicle id="18" x="224.70" y="201.65" angle="-90.00" type="DEFAULT_VEHTYPE" speed="11.68" pos="170.55" lane="2/1to1/1_0" slope="0.00"/>
        <vehicle id="21" x="292.08" y="401.65" angle="-90.00" type="DEFAULT_VEHTYPE" speed="12.83" pos="103.17" lane="2/2to1/2_0" slope="0.00"/>
        <vehicle id="22" x="789.58" y="201.65" angle="-90.00" type="DEFAULT_VEHTYPE" speed="12.85" pos="10.42" lane="4/1to3/1_0" slope="0.00"/>
        <vehicle id="24" x="401.65" y="605.03" angle="163.74" type="DEFAULT_VEHTYPE" speed="6.08" pos="0.28" lane="2/3to2/4_0" slope="0.00"/>
        <vehicle id="26" x="390.69" y="598.35" angle="90.00" type="DEFAULT_VEHTYPE" speed="3.68" pos="185.94" lane="1/3to2/3_0" slope="0.00"/>
        <vehicle id="28" x="201.65" y="319.01" angle="180.00" type="DEFAULT_VEHTYPE" speed="13.32" pos="114.26" lane="1/1to1/2_0" slope="0.00"/>
        <vehicle id="32" x="222.89" y="598.35" angle="90.00" type="DEFAULT_VEHTYPE" speed="13.52" pos="18.14" lane="1/3to2/3_0" slope="0.00"/>
        <vehicle id="35" x="398.35" y="666.95" angle="0.00" type="DEFAULT_VEHTYPE" speed="12.73" pos="133.05" lane="2/4to2/3_0" slope="0.00"/>
        <vehicle id="37" x="489.40" y="401.65" angle="-90.00" type="DEFAULT_VEHTYPE" speed="13.45" pos="105.85" lane="3/2to2/2_0" slope="0.00"/>
        <vehicle id="38" x="254.22" y="401.65" angle="-90.00" type="DEFAULT_VEHTYPE" speed="13.63" pos="141.03" lane="2/2to1/2_0" slope="0.00"/>
        <vehicle id="41" x="201.65" y="424.14" angle="180.00" type="DEFAULT_VEHTYPE" speed="10.02" pos="19.39" lane="1/2to1/3_0" slope="0.00"/>
        <vehicle id="44" x="336.19" y="598.35" angle="90.00" type="DEFAULT_VEHTYPE" speed="13.67" pos="131.44" lane="1/3to2/3_0" slope="0.00"/>
        <vehicle id="48" x="305.65" y="598.35" angle="90.00" type="DEFAULT_VEHTYPE" speed="13.18" pos="100.90" lane="1/3to2/3_0" slope="0.00"/>
        <vehicle id="5" x="398.35" y="753.59" angle="0.00" type="DEFAULT_VEHTYPE" speed="13.22" pos="46.41" lane="2/4to2/3_0" slope="0.00"/>
        <vehicle id="7" x="172.94" y="398.35" angle="90.00" type="DEFAULT_VEHTYPE" speed="12.75" pos="172.94" lane="0/2to1/2_0" slope="0.00"/>
        <vehicle id="8" x="398.35" y="552.15" angle="0.00" type="DEFAULT_VEHTYPE" speed="12.63" pos="43.10" lane="2/3to2/2_0" slope="0.00"/>
    </timestep>
    <timestep time="520.00">
        <vehicle id="0" x="120.85" y="401.65" angle="-90.00" type="DEFAULT_VEHTYPE" speed="13.81" pos="74.40" lane="1/2to0/2_0" slope="0.00"/>
        <vehicle id="1" x="797.27" y="598.35" angle="90.00" type="DEFAULT_VEHTYPE" speed="13.76" pos="192.52" lane="3/3to4/3_0" slope="0.00"/>
        <vehicle id="17" x="201.65" y="375.29" angle="180.00" type="DEFAULT_VEHTYPE" speed="13.87" pos="170.54" lane="1/1to1/2_0" slope="0.00"/>
        <vehicle id="18" x="217.12" y="201.65" angle="-90.00" type="DEFAULT_VEHTYPE" speed="7.57" pos="178.13" lane="2/1to1/1_0" slope="0.00"/>
        <vehicle id="21" x="278.43" y="401.65" angle="-90.00" type="DEFAULT_VEHTYPE" speed="13.65" pos="116.82" lane="2/2to1/2_0" slope="0.00"/>
        <vehicle id="22" x="776.71" y="201.65" angle="-90.00" type="DEFAULT_VEHTYPE" speed="12.88" pos="23.29" lane="4/1to3/1_0" slope="0.00"/>
        <vehicle id="24" x="401.65" y="613.39" angle="180.00" type="DEFAULT_VEHTYPE" speed="8.36" pos="8.64" lane="2/3to2/4_0" slope="0.00"/>
        <vehicle id="26" x="396.43" y="598.52" angle="91.93" type="DEFAULT_VEHTYPE" speed="5.75" pos="1.19" lane=":2/3_14_0" slope="0.00"/>
        <vehicle id="28" x="201.65" y="331.87" angle="180.00" type="DEFAULT_VEHTYPE" speed="12.86" pos="127.12" lane="1/1to1/2_0" slope="0.00"/>
        <vehicle id="32" x="235.67" y="598.35" angle="90.00" type="DEFAULT_VEHTYPE" speed="12.77" pos="30.92" lane="1/3to2/3_0" slope="0.00"/>
        <vehicle id="35" x="398.35" y="654.15" angle="0.00" type="DEFAULT_VEHTYPE" speed="12.80" pos="145.85" lane="2/4to2/3_0" slope="0.00"/>
        <vehicle id="37" x="475.60" y="401.65" angle="-90.00" type="DEFAULT_VEHTYPE" speed="13.80" pos="119.65" lane="3/2to2/2_0" slope="0.00"/>
        <vehicle id="38" x="240.66" y="401.65" angle="-90.00" type="DEFAULT_VEHTYPE" speed="13.57" pos="154.59" lane="2/2to1/2_0" slope="0.00"/>
        <vehicle id="41" x="201.65" y="436.20" angle="180.00" type="DEFAULT_VEHTYPE" speed="12.06" pos="31.45" lane="1/2to1/3_0" slope="0.00"/>
        <vehicle id="44" x="349.81" y="598.35" angle="90.00" type="DEFAULT_VEHTYPE" speed="13.61" pos="145.06" lane="1/3to2/3_0" slope="0.00"/>
        <vehicle id="48" x="318.65" y="598.35" angle="90.00" type="DEFAULT_VEHTYPE" speed="13.00" pos="113.90" lane="1/3to2/3_0" slope="0.00"/>
        <vehicle id="5" x="398.35" y="740.42" angle="0.00" type="DEFAULT_VEHTYPE" speed="13.17" pos="59.58" lane="2/4to2/3_0" slope="0.00"/>
        <vehicle id="7" x="182.41" y="398.35" angle="90.00" type="DEFAULT_VEHTYPE" speed="9.47" pos="182.41" lane="0/2to1/2_0" slope="0.00"/>
        <vehicle id="8" x="398.35" y="538.49" angle="0.00" type="DEFAULT_VEHTYPE" speed="13.66" pos="56.76" lane="2/3to2/2_0" slope="0.00"/>
    </timestep>
    <timestep time="521.00">
        <vehicle id="0" x="107.99" y="401.65" angle="-90.00" type="DEFAULT_VEHTYPE" speed="12.86" pos="87.26" lane="1/2to0/2_0" slope="0.00"/>
        <vehicle id="1" x="794.49" y="601.65" angle="-90.00" type="DEFAULT_VEHTYPE" speed="13.06" pos="5.51" lane="4/3to3/3_0" slope="0.00"/>
        <vehicle id="17" x="201.65" y="388.48" angle="180.00" type="DEFAULT_VEHTYPE" speed="13.19" pos="183.73" lane="1/1to1/2_0" slope="0.00"/>
        <vehicle id="18" x="211.68" y="201.65" angle="-90.00" type="DEFAULT_VEHTYPE" speed="5.44" pos="183.57" lane="2/1to1/1_0" slope="0.00"/>
        <vehicle id="21" x="265.82" y="401.65" angle="-90.00" type="DEFAULT_VEHTYPE" speed="12.61" pos="129.43" lane="2/2to1/2_0" slope="0.00"/>
        <vehicle id="22" x="763.54" y="201.65" angle="-90.00" type="DEFAULT_VEHTYPE" speed="13.16" pos="36.46" lane="4/1to3/1_0" slope="0.00"/>
        <vehicle id="24" x="401.65" y="623.28" angle="180.00" type="DEFAULT_VEHTYPE" speed="9.89" pos="18.53" lane="2/3to2/4_0" slope="0.00"/>
        <vehicle id="26" x="401.53" y="603.91" angle="154.40" type="DEFAULT_VEHTYPE" speed="8.29" pos="9.48" lane=":2/3_14_0" slope="0.00"/>
        <vehicle id="28" x="201.65" y="345.66" angle="180.00" type="DEFAULT_VEHTYPE" speed="13.79" pos="140.91" lane="1/1to1/2_0" slope="0.00"/>
        <vehicle id="32" x="248.77" y="598.35" angle="90.00" type="DEFAULT_VEHTYPE" speed="13.11" pos="44.02" lane="1/3to2/3_0" slope="0.00"/>
        <vehicle id="35" x="398.35" y="641.38" angle="0.00" type="DEFAULT_VEHTYPE" speed="12.77" pos="158.62" lane="2/4to2/3_0" slope="0.00"/>
        <vehicle id="37" x="462.87" y="401.65" angle="-90.00" type="DEFAULT_VEHTYPE" speed="12.73" pos="132.38" lane="3/2to2/2_0" slope="0.00"/>
        <vehicle id="38" x="227.98" y="401.65" angle="-90.00" type="DEFAULT_VEHTYPE" speed="12.68" pos="167.27" lane="2/2to1/2_0" slope="0.00"/>
        <vehicle id="41" x="201.65" y="449.73" angle="180.00" type="DEFAULT_VEHTYPE" speed="13.54" pos="44.98" lane="1/2to1/3_0" slope="0.00"/>
        <vehicle id="44" x="363.62" y="598.35" angle="90.00" type="DEFAULT_VEHTYPE" speed="13.82" pos="158.87" lane="1/3to2/3_0" slope="0.00"/>
        <vehicle id="48" x="332.47" y="598.35" angle="90.00" type="DEFAULT_VEHTYPE" speed="13.82" pos="127.72" lane="1/3to2/3_0" slope="0.00"/>
        <vehicle id="5" x="398.35" y="727.25" angle="0.00" type="DEFAULT_VEHTYPE" speed="13.17" pos="72.75" lane="2/4to2/3_0" slope="0.00"/>
        <vehicle id="7" x="188.17" y="398.35" angle="90.00" type="DEFAULT_VEHTYPE" speed="5.75" pos="188.17" lane="0/2to1/2_0" slope="0.00"/>
        <vehicle id="8" x="398.35" y="524.87" angle="0.00" type="DEFAULT_VEHTYPE" speed="13.62" pos="70.38" lane="2/3to2/2_0" slope="0.00"/>
    </timestep>
    <timestep time="522.00">
        <vehicle id="0" x="95.12" y="401.65" angle="-90.00" type="DEFAULT_VEHTYPE" speed="12.87" pos="100.13" lane="1/2to0/2_0" slope="0.00"/>
        <vehicle id="1" x="780.64" y="601.65" angle="-90.00" type="DEFAULT_VEHTYPE" speed="13.84" pos="19.36" lane="4/3to3/3_0" slope="0.00"/>
        <vehicle id="17" x="201.65" y="401.15" angle="180.00" type="DEFAULT_VEHTYPE" speed="12.67" pos="5.90" lane=":1/2_9_0" slope="0.00"/>
        <vehicle id="18" x="203.74" y="201.79" angle="-91.62" type="DEFAULT_VEHTYPE" speed="7.95" pos="1.02" lane=":1/1_4_0" slope="0.00"/>
        <vehicle id="21" x="252.82" y="401.65" angle="-90.00" type="DEFAULT_VEHTYPE" speed="13.00" pos="142.43" lane="2/2to1/2_0" slope="0.00"/>
        <vehicle id="22" x="749.71" y="201.65" angle="-90.00" type="DEFAULT_VEHTYPE" speed="13.83" pos="50.29" lane="4/1to3/1_0" slope="0.00"/>
        <vehicle id="24" x="401.65" y="635.50" angle="180.00" type="DEFAULT_VEHTYPE" speed="12.21" pos="30.75" lane="2/3to2/4_0" slope="0.00"/>
        <vehicle id="26" x="401.65" y="614.21" angle="180.00" type="DEFAULT_VEHTYPE" speed="10.31" pos="9.46" lane="2/3to2/4_0" slope="0.00"/>
        <vehicle id="28" x="201.65" y="358.77" angle="180.00" type="DEFAULT_VEHTYPE" speed="13.11" pos="154.02" lane="1/1to1/2_0" slope="0.00"/>
        <vehicle id="32" x="262.30" y="598.35" angle="90.00" type="DEFAULT_VEHTYPE" speed="13.53" pos="57.55" lane="1/3to2/3_0" slope="0.00"/>
        <vehicle id="35" x="398.35" y="628.40" angle="0.00" type="DEFAULT_VEHTYPE" speed="12.98" pos="171.60" lane="2/4to2/3_0" slope="0.00"/>
        <vehicle id="37" x="449.37" y="401.65" angle="-90.00" type="DEFAULT_VEHTYPE" speed="13.50" pos="145.88" lane="3/2to2/2_0" slope="0.00"/>
        <vehicle id="38" x="218.45" y="401.65" angle="-90.00" type="DEFAULT_VEHTYPE" speed="9.53" pos="176.80" lane="2/2to1/2_0" slope="0.00"/>
        <vehicle id="41" x="201.65" y="462.94" angle="180.00" type="DEFAULT_VEHTYPE" speed="13.20" pos="58.19" lane="1/2to1/3_0" slope="0.00"/>
        <vehicle id="44" x="375.09" y="598.35" angle="90.00" type="DEFAULT_VEHTYPE" speed="11.47" pos="170.34" lane="1/3to2/3_0" slope="0.00"/>
        <vehicle id="48" x="345.42" y="598.35" angle="90.00" type="DEFAULT_VEHTYPE" speed="12.95" pos="140.67" lane="1/3to2/3_0" slope="0.00"/>
        <vehicle id="5" x="398.35" y="713.90" angle="0.00" type="DEFAULT_VEHTYPE" speed="13.35" pos="86.10" lane="2/4to2/3_0" slope="0.00"/>
        <vehicle id="7" x="191.09" y="398.35" angle="90.00" type="DEFAULT_VEHTYPE" speed="2.92" pos="191.09" lane="0/2to1/2_0" slope="0.00"/>
        <vehicle id="8" x="398.35" y="511.15" angle="0.00" type="DEFAULT_VEHTYPE" speed="13.72" pos="84.10" lane="2/3to2/2_0" slope="0.00"/>
    </timestep>
    <timestep time="523.00">
        <vehicle id="0" x="81.74" y="401.65" angle="-90.00" type="DEFAULT_VEHTYPE" speed="13.38" pos="113.51" lane="1/2to0/2_0" slope="0.00"/>
        <vehicle id="1" x="766.79" y="601.65" angle="-90.00" type="DEFAULT_VEHTYPE" speed="13.86" pos="33.21" lane="4/3to3/3_0" slope="0.00"/>
        <vehicle id="17" x="201.65" y="414.62" angle="180.00" type="DEFAULT_VEHTYPE" speed="13.47" pos="9.87" lane="1/2to1/3_0" slope="0.00"/>
        <vehicle id="18" x="201.65" y="210.41" angle="180.00" type="DEFAULT_VEHTYPE" speed="9.64" pos="5.66" lane="1/1to1/2_0" slope="0.00"/>
        <vehicle id="21" x="239.83" y="401.65" angle="-90.00" type="DEFAULT_VEHTYPE" speed="12.99" pos="155.42" lane="2/2to1/2_0" slope="0.00"/>
        <vehicle id="22" x="736.50" y="201.65" angle="-90.00" type="DEFAULT_VEHTYPE" speed="13.22" pos="63.50" lane="4/1to3/1_0" slope="0.00"/>
        <vehicle id="24" x="401.65" y="648.27" angle="180.00" type="DEFAULT_VEHTYPE" speed="12.78" pos="43.52" lane="2/3to2/4_0" slope="0.00"/>
        <vehicle id="26" x="401.65" y="626.59" angle="180.00" type="DEFAULT_VEHTYPE" speed="12.38" pos="21.84" lane="2/3to2/4_0" slope="0.00"/>
        <vehicle id="28" x="201.65" y="371.95" angle="180.00" type="DEFAULT_VEHTYPE" speed="13.18" pos="167.20" lane="1/1to1/2_0" slope="0.00"/>
        <vehicle id="32" x="276.18" y="598.35" angle="90.00" type="DEFAULT_VEHTYPE" speed="13.88" pos="71.43" lane="1/3to2/3_0" slope="0.00"/>
        <vehicle id="35" x="398.35" y="614.99" angle="0.00" type="DEFAULT_VEHTYPE" speed="13.41" pos="185.01" lane="2/4to2/3_0" slope="0.00"/>
        <vehicle id="37" x="435.93" y="401.65" angle="-90.00" type="DEFAULT_VEHTYPE" speed="13.45" pos="159.32" lane="3/2to2/2_0" slope="0.00"/>
        <vehicle id="38" x="212.79" y="401.65" angle="-90.00" type="DEFAULT_VEHTYPE" speed="5.67" pos="182.46" lane="2/2to1/2_0" slope="0.00"/>
        <vehicle id="41" x="201.65" y="475.96" angle="180.00" type="DEFAULT_VEHTYPE" speed="13.02" pos="71.21" lane="1/2to1/3_0" slope="0.00"/>
        <vehicle id="44" x="383.47" y="598.35" angle="90.00" type="DEFAULT_VEHTYPE" speed="8.37" pos="178.72" lane="1/3to2/3_0" slope="0.00"/>
        <vehicle id="48" x="358.38" y="598.35" angle="90.00" type="DEFAULT_VEHTYPE" speed="12.96" pos="153.63" lane="1/3to2/3_0" slope="0.00"/>
        <vehicle id="5" x="398.35" y="700.82" angle="0.00" type="DEFAULT_VEHTYPE" speed="13.08" pos="99.18" lane="2/4to2/3_0" slope="0.00"/>
        <vehicle id="7" x="192.30" y="398.35" angle="90.00" type="DEFAULT_VEHTYPE" speed="1.21" pos="192.30" lane="0/2to1/2_0" slope="0.00"/>
        <vehicle id="8" x="398.35" y="498.21" angle="0.00" type="DEFAULT_VEHTYPE" speed="12.94" pos="97.04" lane="2/3to2/2_0" slope="0.00"/>
    </timestep>
    <timestep time="524.00">
        <vehicle id="0" x="68.99" y="401.65" angle="-90.00" type="DEFAULT_VEHTYPE" speed="12.75" pos="126.26" lane="1/2to0/2_0" slope="0.00"/>
        <vehicle id="1" x="753.30" y="601.65" angle="-90.00" type="DEFAULT_VEHTYPE" speed="13.49" pos="46.70" lane="4/3to3/3_0" slope="0.00"/>
        <vehicle id="17" x="201.65" y="428.44" angle="180.00" type="DEFAULT_VEHTYPE" speed="13.82" pos="23.69" lane="1/2to1/3_0" slope="0.00"/>
        <vehicle id="18" x="201.65" y="222.32" angle="180.00" type="DEFAULT_VEHTYPE" speed="11.92" pos="17.57" lane="1/1to1/2_0" slope="0.00"/>
        <vehicle id="21" x="229.26" y="401.65" angle="-90.00" type="DEFAULT_VEHTYPE" speed="10.56" pos="165.99" lane="2/2to1/2_0" slope="0.00"/>
        <vehicle id="22" x="723.61" y="201.65" angle="-90.00" type="DEFAULT_VEHTYPE" speed="12.88" pos="76.39" lane="4/1to3/1_0" slope="0.00"/>
        <vehicle id="24" x="401.65" y="661.26" angle="180.00" type="DEFAULT_VEHTYPE" speed="12.99" pos="56.51" lane="2/3to2/4_0" slope="0.00"/>
        <vehicle id="26" x="401.65" y="639.42" angle="180.00" type="DEFAULT_VEHTYPE" speed="12.83" pos="34.67" lane="2/3to2/4_0" slope="0.00"/>
        <vehicle id="28" x="201.65" y="385.01" angle="180.00" type="DEFAULT_VEHTYPE" speed="13.06" pos="180.26" lane="1/1to1/2_0" slope="0.00"/>
        <vehicle id="32" x="289.50" y="598.35" angle="90.00" type="DEFAULT_VEHTYPE" speed="13.32" pos="84.75" lane="1/3to2/3_0" slope="0.00"/>
        <vehicle id="35" x="398.35" y="601.49" angle="0.00" type="DEFAULT_VEHTYPE" speed="13.50" pos="3.26" lane=":2/3_1_0" slope="0.00"/>
        <vehicle id="37" x="424.05" y="401.65" angle="-90.00" type="DEFAULT_VEHTYPE" speed="11.88" pos="171.20" lane="3/2to2/2_0" slope="0.00"/>
        <vehicle id="38" x="209.08" y="401.65" angle="-90.00" type="DEFAULT_VEHTYPE" speed="3.71" pos="186.17" lane="2/2to1/2_0" slope="0.00"/>
        <vehicle id="41" x="201.65" y="489.42" angle="180.00" type="DEFAULT_VEHTYPE" speed="13.47" pos="84.67" lane="1/2to1/3_0" slope="0.00"/>
        <vehicle id="44" x="388.14" y="598.35" angle="90.00" type="DEFAULT_VEHTYPE" speed="4.67" pos="183.39" lane="1/3to2/3_0" slope="0.00"/>
        <vehicle id="48" x="368.93" y="598.35" angle="90.00" type="DEFAULT_VEHTYPE" speed="10.55" pos="164.18" lane="1/3to2/3_0" slope="0.00"/>
        <vehicle id="5" x="398.35" y="687.84" angle="0.00" type="DEFAULT_VEHTYPE" speed="12.98" pos="112.16" lane="2/4to2/3_0" slope="0.00"/>
        <vehicle id="7" x="192.55" y="398.35" angle="90.00" type="DEFAULT_VEHTYPE" speed="0.25" pos="192.55" lane="0/2to1/2_0" slope="0.00"/>
        <vehicle id="8" x="398.35" y="485.58" angle="0.00" type="DEFAULT_VEHTYPE" speed="12.62" pos="109.67" lane="2/3to2/2_0" slope="0.00"/>
    </timestep>
    <timestep time="525.00">
        <vehicle id="0" x="55.54" y="401.65" angle="-90.00" type="DEFAULT_VEHTYPE" speed="13.45" pos="139.71" lane="1/2to0/2_0" slope="0.00"/>
        <vehicle id="1" x="740.02" y="601.65" angle="-90.00" type="DEFAULT_VEHTYPE" speed="13.29" pos="59.98" lane="4/3to3/3_0" slope="0.00"/>
        <vehicle id="17" x="201.65" y="441.65" angle="180.00" type="DEFAULT_VEHTYPE" speed="13.20" pos="36.90" lane="1/2to1/3_0" slope="0.00"/>
        <vehicle id="18" x="201.65" y="236.21" angle="180.00" type="DEFAULT_VEHTYPE" speed="13.89" pos="31.46" lane="1/1to1/2_0" slope="0.00"/>
        <vehicle id="21" x="222.39" y="401.65" angle="-90.00" type="DEFAULT_VEHTYPE" speed="6.88" pos="172.86" lane="2/2to1/2_0" slope="0.00"/>
        <vehicle id="22" x="710.17" y="201.65" angle="-90.00" type="DEFAULT_VEHTYPE" speed="13.45" pos="89.83" lane="4/1to3/1_0" slope="0.00"/>
        <vehicle id="24" x="401.65" y="674.19" angle="180.00" type="DEFAULT_VEHTYPE" speed="12.93" pos="69.44" lane="2/3to2/4_0" slope="0.00"/>
        <vehicle id="26" x="401.65" y="652.12" angle="180.00" type="DEFAULT_VEHTYPE" speed="12.70" pos="47.37" lane="2/3to2/4_0" slope="0.00"/>
        <vehicle id="28" x="201.65" y="398.00" angle="180.00" type="DEFAULT_VEHTYPE" speed="12.99" pos="2.75" lane=":1/2_9_0" slope="0.00"/>
        <vehicle id="32" x="302.72" y="598.35" angle="90.00" type="DEFAULT_VEHTYPE" speed="13.22" pos="97.97" lane="1/3to2/3_0" slope="0.00"/>
        <vehicle id="35" x="398.35" y="588.12" angle="0.00" type="DEFAULT_VEHTYPE" speed="13.38" pos="7.13" lane="2/3to2/2_0" slope="0.00"/>
        <vehicle id="37" x="416.04" y="401.65" angle="-90.00" type="DEFAULT_VEHTYPE" speed="8.01" pos="179.21" lane="3/2to2/2_0" slope="0.00"/>
        <vehicle id="38" x="207.65" y="401.65" angle="-90.00" type="DEFAULT_VEHTYPE" speed="1.42" pos="187.60" lane="2/2to1/2_0" slope="0.00"/>
        <vehicle id="41" x="201.65" y="503.28" angle="180.00" type="DEFAULT_VEHTYPE" speed="13.85" pos="98.53" lane="1/2to1/3_0" slope="0.00"/>
        <vehicle id="44" x="391.05" y="598.35" angle="90.00" type="DEFAULT_VEHTYPE" speed="2.91" pos="186.30" lane="1/3to2/3_0" slope="0.00"/>
        <vehicle id="48" x="376.46" y="598.35" angle="90.00" type="DEFAULT_VEHTYPE" speed="7.53" pos="171.71" lane="1/3to2/3_0" slope="0.00"/>
        <vehicle id="5" x="398.35" y="674.91" angle="0.00" type="DEFAULT_VEHTYPE" speed="12.93" pos="125.09" lane="2/4to2/3_0" slope="0.00"/>
        <vehicle id="7" x="192.69" y="398.35" angle="90.00" type="DEFAULT_VEHTYPE" speed="0.14" pos="192.69" lane="0/2to1/2_0" slope="0.00"/>
        <vehicle id="8" x="398.35" y="471.87" angle="0.00" type="DEFAULT_VEHTYPE" speed="13.71" pos="123.38" lane="2/3to2/2_0" slope="0.00"/>
    </timestep>
    <timestep time="526.00">
        <vehicle id="0" x="42.15" y="401.65" angle="-90.00" type="DEFAULT_VEHTYPE" speed="13.39" pos="153.10" lane="1/2to0/2_0" slope="0.00"/>
        <vehicle id="1" x="726.93" y="601.65" angle="-90.00" type="DEFAULT_VEHTYPE" speed="13.09" pos="73.07" lane="4/3to3/3_0" slope="0.00"/>
        <vehicle id="17" x="201.65" y="455.21" angle="180.00" type="DEFAULT_VEHTYPE" speed="13.57" pos="50.46" lane="1/2to1/3_0" slope="0.00"/>
        <vehicle id="18" x="201.65" y="249.08" angle="180.00" type="DEFAULT_VEHTYPE" speed="12.86" pos="44.33" lane="1/1to1/2_0" slope="0.00"/>
        <vehicle id="21" x="218.77" y="401.65" angle="-90.00" type="DEFAULT_VEHTYPE" speed="3.62" pos="176.48" lane="2/2to1/2_0" slope="0.00"/>
        <vehicle id="22" x="696.70" y="201.65" angle="-90.00" type="DEFAULT_VEHTYPE" speed="13.47" pos="103.30" lane="4/1to3/1_0" slope="0.00"/>
        <vehicle id="24" x="401.65" y="687.34" angle="180.00" type="DEFAULT_VEHTYPE" speed="13.15" pos="82.59" lane="2/3to2/4_0" slope="0.00"/>
        <vehicle id="26" x="401.65" y="665.03" angle="180.00" type="DEFAULT_VEHTYPE" speed="12.91" pos="60.28" lane="2/3to2/4_0" slope="0.00"/>
        <vehicle id="28" x="201.65" y="410.89" angle="180.00" type="DEFAULT_VEHTYPE" speed="12.89" pos="6.14" lane="1/2to1/3_0" slope="0.00"/>
        <vehicle id="32" x="316.37" y="598.35" angle="90.00" type="DEFAULT_VEHTYPE" speed="13.65" pos="111.62" lane="1/3to2/3_0" slope="0.00"/>
        <vehicle id="35" x="398.35" y="574.87" angle="0.00" type="DEFAULT_VEHTYPE" speed="13.25" pos="20.38" lane="2/3to2/2_0" slope="0.00"/>
        <vehicle id="37" x="411.85" y="401.65" angle="-90.00" type="DEFAULT_VEHTYPE" speed="4.18" pos="183.40" lane="3/2to2/2_0" slope="0.00"/>
        <vehicle id="38" x="205.95" y="401.65" angle="-90.00" type="DEFAULT_VEHTYPE" speed="1.71" pos="189.30" lane="2/2to1/2_0" slope="0.00"/>
        <vehicle id="41" x="201.65" y="515.93" angle="180.00" type="DEFAULT_VEHTYPE" speed="12.65" pos="111.18" lane="1/2to1/3_0" slope="0.00"/>
        <vehicle id="44" x="395.88" y="598.44" angle="91.04" type="DEFAULT_VEHTYPE" speed="4.84" pos="0.64" lane=":2/3_14_0" slope="0.00"/>
        <vehicle id="48" x="380.33" y="598.35" angle="90.00" type="DEFAULT_VEHTYPE" speed="3.87" pos="175.58" lane="1/3to2/3_0" slope="0.00"/>
        <vehicle id="5" x="398.35" y="661.49" angle="0.00" type="DEFAULT_VEHTYPE" speed="13.42" pos="138.51" lane="2/4to2/3_0" slope="0.00"/>
        <vehicle id="7" x="192.72" y="398.35" angle="90.00" type="DEFAULT_VEHTYPE" speed="0.03" pos="192.72" lane="0/2to1/2_0" slope="0.00"/>
        <vehicle id="8" x="398.35" y="458.44" angle="0.00" type="DEFAULT_VEHTYPE" speed="13.43" pos="136.81" lane="2/3to2/2_0" slope="0.00"/>
    </timestep>
    <timestep time="527.00">
        <vehicle id="0" x="28.72" y="401.65" angle="-90.00" type="DEFAULT_VEHTYPE" speed="13.42" pos="166.53" lane="1/2to0/2_0" slope="0.00"/>
        <vehicle id="1" x="714.33" y="601.65" angle="-90.00" type="DEFAULT_VEHTYPE" speed="12.61" pos="85.67" lane="4/3to3/3_0" slope="0.00"/>
        <vehicle id="17" x="201.65" y="467.86" angle="180.00" type="DEFAULT_VEHTYPE" speed="12.64" pos="63.11" lane="1/2to1/3_0" slope="0.00"/>
        <vehicle id="18" x="201.65" y="262.30" angle="180.00" type="DEFAULT_VEHTYPE" speed="13.23" pos="57.55" lane="1/1to1/2_0" slope="0.00"/>
        <vehicle id="21" x="216.05" y="401.65" angle="-90.00" type="DEFAULT_VEHTYPE" speed="2.71" pos="179.20" lane="2/2to1/2_0" slope="0.00"/>
        <vehicle id="22" x="682.85" y="201.65" angle="-90.00" type="DEFAULT_VEHTYPE" speed="13.85" pos="117.15" lane="4/1to3/1_0" slope="0.00"/>
        <vehicle id="24" x="401.65" y="700.50" angle="180.00" type="DEFAULT_VEHTYPE" speed="13.15" pos="95.75" lane="2/3to2/4_0" slope="0.00"/>
        <vehicle id="26" x="401.65" y="677.80" angle="180.00" type="DEFAULT_VEHTYPE" speed="12.77" pos="73.05" lane="2/3to2/4_0" slope="0.00"/>
        <vehicle id="28" x="201.65" y="423.57" angle="180.00" type="DEFAULT_VEHTYPE" speed="12.68" pos="18.82" lane="1/2to1/3_0" slope="0.00"/>
        <vehicle id="32" x="329.07" y="598.35" angle="90.00" type="DEFAULT_VEHTYPE" speed="12.70" pos="124.32" lane="1/3to2/3_0" slope="0.00"/>
        <vehicle id="35" x="398.35" y="561.81" angle="0.00" type="DEFAULT_VEHTYPE" speed="13.05" pos="33.44" lane="2/3to2/2_0" slope="0.00"/>
        <vehicle id="37" x="409.14" y="401.65" angle="-90.00" type="DEFAULT_VEHTYPE" speed="2.71" pos="186.11" lane="3/2to2/2_0" slope="0.00"/>
        <vehicle id="38" x="202.10" y="401.27" angle="-85.65" type="DEFAULT_VEHTYPE" speed="3.87" pos="2.68" lane=":1/2_6_0" slope="0.00"/>
        <vehicle id="41" x="201.65" y="528.98" angle="180.00" type="DEFAULT_VEHTYPE" speed="13.05" pos="124.23" lane="1/2to1/3_0" slope="0.00"/>
        <vehicle id="44" x="401.22" y="601.90" angle="131.98" type="DEFAULT_VEHTYPE" speed="6.79" pos="7.43" lane=":2/3_14_0" slope="0.00"/>
        <vehicle id="48" x="385.87" y="598.35" angle="90.00" type="DEFAULT_VEHTYPE" speed="5.55" pos="181.12" lane="1/3to2/3_0" slope="0.00"/>
        <vehicle id="5" x="398.35" y="647.79" angle="0.00" type="DEFAULT_VEHTYPE" speed="13.70" pos="152.21" lane="2/4to2/3_0" slope="0.00"/>
        <vehicle id="7" x="192.74" y="398.35" angle="90.00" type="DEFAULT_VEHTYPE" speed="0.02" pos="192.74" lane="0/2to1/2_0" slope="0.00"/>
        <vehicle id="8" x="398.35" y="445.68" angle="0.00" type="DEFAULT_VEHTYPE" speed="12.76" pos="149.57" lane="2/3to2/2_0" slope="0.00"/>
    </timestep>
    <timestep time="528.00">
        <vehicle id="0" x="15.11" y="401.65" angle="-90.00" type="DEFAULT_VEHTYPE" speed="13.61" pos="180.14" lane="1/2to0/2_0" slope="0.00"/>
        <vehicle id="1" x="701.52" y="601.65" angle="-90.00" type="DEFAULT_VEHTYPE" speed="12.80" pos="98.48" lane="4/3to3/3_0" slope="0.00"/>
        <vehicle id="17" x="201.65" y="480.70" angle="180.00" type="DEFAULT_VEHTYPE" speed="12.84" pos="75.95" lane="1/2to1/3_0" slope="0.00"/>
        <vehicle id="18" x="201.65" y="275.98" angle="180.00" type="DEFAULT_VEHTYPE" speed="13.67" pos="71.23" lane="1/1to1/2_0" slope="0.00"/>
        <vehicle id="21" x="212.77" y="401.65" angle="-90.00" type="DEFAULT_VEHTYPE" speed="3.29" pos="182.48" lane="2/2to1/2_0" slope="0.00"/>
        <vehicle id="22" x="669.38" y="201.65" angle="-90.00" type="DEFAULT_VEHTYPE" speed="13.47" pos="130.62" lane="4/1to3/1_0" slope="0.00"/>
        <vehicle id="24" x="401.65" y="714.24" angle="180.00" type="DEFAULT_VEHTYPE" speed="13.75" pos="109.49" lane="2/3to2/4_0" slope="0.00"/>
        <vehicle id="26" x="401.65" y="691.15" angle="180.00" type="DEFAULT_VEHTYPE" speed="13.35" pos="86.40" lane="2/3to2/4_0" slope="0.00"/>
        <vehicle id="28" x="201.65" y="436.58" angle="180.00" type="DEFAULT_VEHTYPE" speed="13.00" pos="31.83" lane="1/2to1/3_0" slope="0.00"/>
        <vehicle id="32" x="342.00" y="598.35" angle="90.00" type="DEFAULT_VEHTYPE" speed="12.93" pos="137.25" lane="1/3to2/3_0" slope="0.00"/>
        <vehicle id="35" x="398.35" y="548.23" angle="0.00" type="DEFAULT_VEHTYPE" speed="13.58" pos="47.02" lane="2/3to2/2_0" slope="0.00"/>
        <vehicle id="37" x="407.83" y="401.65" angle="-90.00" type="DEFAULT_VEHTYPE" speed="1.31" pos="187.42" lane="3/2to2/2_0" slope="0.00"/>
        <vehicle id="38" x="198.62" y="397.11" angle="-36.25" type="DEFAULT_VEHTYPE" speed="5.77" pos="8.45" lane=":1/2_6_0" slope="0.00"/>
        <vehicle id="41" x="201.65" y="541.98" angle="180.00" type="DEFAULT_VEHTYPE" speed="13.00" pos="137.23" lane="1/2to1/3_0" slope="0.00"/>
        <vehicle id="44" x="401.65" y="610.64" angle="180.00" type="DEFAULT_VEHTYPE" speed="8.78" pos="5.89" lane="2/3to2/4_0" slope="0.00"/>
        <vehicle id="48" x="389.20" y="598.35" angle="90.00" type="DEFAULT_VEHTYPE" speed="3.33" pos="184.45" lane="1/3to2/3_0" slope="0.00"/>
        <vehicle id="5" x="398.35" y="634.29" angle="0.00" type="DEFAULT_VEHTYPE" speed="13.50" pos="165.71" lane="2/4to2/3_0" slope="0.00"/>
        <vehicle id="7" x="192.75" y="398.35" angle="90.00" type="DEFAULT_VEHTYPE" speed="0.01" pos="192.75" lane="0/2to1/2_0" slope="0.00"/>
        <vehicle id="8" x="398.35" y="432.14" angle="0.00" type="DEFAULT_VEHTYPE" speed="13.54" pos="163.11" lane="2/3to2/2_0" slope="0.00"/>
    </timestep>
    <timestep time="529.00">
        <vehicle id="0" x="1.84" y="401.65" angle="-90.00" type="DEFAULT_VEHTYPE" speed="13.27" pos="193.41" lane="1/2to0/2_0" slope="0.00"/>
        <vehicle id="1" x="688.67" y="601.65" angle="-90.00" type="DEFAULT_VEHTYPE" speed="12.85" pos="111.33" lane="4/3to3/3_0" slope="0.00"/>
        <vehicle id="17" x="201.65" y="494.35" angle="180.00" type="DEFAULT_VEHTYPE" speed="13.65" pos="89.60" lane="1/2to1/3_0" slope="0.00"/>
        <vehicle id="18" x="201.65" y="289.27" angle="180.00" type="DEFAULT_VEHTYPE" speed="13.29" pos="84.52" lane="1/1to1/2_0" slope="0.00"/>
        <vehicle id="21" x="209.42" y="401.65" angle="-90.00" type="DEFAULT_VEHTYPE" speed="3.35" pos="185.83" lane="2/2to1/2_0" slope="0.00"/>
        <vehicle id="22" x="656.71" y="201.65" angle="-90.00" type="DEFAULT_VEHTYPE" speed="12.67" pos="143.29" lane="4/1to3/1_0" slope="0.00"/>
        <vehicle id="24" x="401.65" y="727.84" angle="180.00" type="DEFAULT_VEHTYPE" speed="13.60" pos="123.09" lane="2/3to2/4_0" slope="0.00"/>
        <vehicle id="26" x="401.65" y="703.83" angle="180.00" type="DEFAULT_VEHTYPE" speed="12.68" pos="99.08" lane="2/3to2/4_0" slope="0.00"/>
        <vehicle id="28" x="201.65" y="449.80" angle="180.00" type="DEFAULT_VEHTYPE" speed="13.23" pos="45.05" lane="1/2to1/3_0" slope="0.00"/>
        <vehicle id="32" x="355.23" y="598.35" angle="90.00" type="DEFAULT_VEHTYPE" speed="13.23" pos="150.48" lane="1/3to2/3_0" slope="0.00"/>
        <vehicle id="35" x="398.35" y="534.35" angle="0.00" type="DEFAULT_VEHTYPE" speed="13.88" pos="60.90" lane="2/3to2/2_0" slope="0.00"/>
        <vehicle id="37" x="407.29" y="401.65" angle="-90.00" type="DEFAULT_VEHTYPE" speed="0.54" pos="187.96" lane="3/2to2/2_0" slope="0.00"/>
        <vehicle id="38" x="198.35" y="389.98" angle="0.00" type="DEFAULT_VEHTYPE" speed="7.15" pos="5.27" lane="1/2to1/1_0" slope="0.00"/>
        <vehicle id="41" x="201.65" y="555.54" angle="180.00" type="DEFAULT_VEHTYPE" speed="13.56" pos="150.79" lane="1/2to1/3_0" slope="0.00"/>
        <vehicle id="44" x="401.65" y="621.41" angle="180.00" type="DEFAULT_VEHTYPE" speed="10.76" pos="16.66" lane="2/3to2/4_0" slope="0.00"/>
        <vehicle id="48" x="391.34" y="598.35" angle="90.00" type="DEFAULT_VEHTYPE" speed="2.14" pos="186.59" lane="1/3to2/3_0" slope="0.00"/>
        <vehicle id="5" x="398.35" y="621.68" angle="0.00" type="DEFAULT_VEHTYPE" speed="12.61" pos="178.32" lane="2/4to2/3_0" slope="0.00"/>
        <vehicle id="7" x="192.75" y="398.35" angle="90.00" type="DEFAULT_VEHTYPE" speed="0.00" pos="192.75" lane="0/2to1/2_0" slope="0.00"/>
        <vehicle id="8" x="398.35" y="419.52" angle="0.00" type="DEFAULT_VEHTYPE" speed="12.62" pos="175.73" lane="2/3to2/2_0" slope="0.00"/>
    </timestep>
    <timestep time="530.00">
        <vehicle id="0" x="6.62" y="398.35" angle="90.00" type="DEFAULT_VEHTYPE" speed="13.28" pos="6.62" lane="0/2to1/2_0" slope="0.00"/>
        <vehicle id="1" x="675.94" y="601.65" angle="-90.00" type="DEFAULT_VEHTYPE" speed="12.73" pos="124.06" lane="4/3to3/3_0" slope="0.00"/>
        <vehicle id="17" x="201.65" y="507.10" angle="180.00" type="DEFAULT_VEHTYPE" speed="12.76" pos="102.35" lane="1/2to1/3_0" slope="0.00"/>
        <vehicle id="18" x="201.65" y="303.06" angle="180.00" type="DEFAULT_VEHTYPE" speed="13.80" pos="98.31" lane="1/1to1/2_0" slope="0.00"/>
        <vehicle id="21" x="203.74" y="401.65" angle="-90.00" type="DEFAULT_VEHTYPE" speed="5.68" pos="1.01" lane=":1/2_5_0" slope="0.00"/>
        <vehicle id="22" x="643.63" y="201.65" angle="-90.00" type="DEFAULT_VEHTYPE" speed="13.08" pos="156.37" lane="4/1to3/1_0" slope="0.00"/>
        <vehicle id="24" x="401.65" y="741.55" angle="180.00" type="DEFAULT_VEHTYPE" speed="13.71" pos="136.80" lane="2/3to2/4_0" slope="0.00"/>
        <vehicle id="26" x="401.65" y="717.13" angle="180.00" type="DEFAULT_VEHTYPE" speed="13.30" pos="112.38" lane="2/3to2/4_0" slope="0.00"/>
        <vehicle id="28" x="201.65" y="462.80" angle="180.00" type="DEFAULT_VEHTYPE" speed="12.99" pos="58.05" lane="1/2to1/3_0" slope="0.00"/>
        <vehicle id="32" x="367.24" y="598.35" angle="90.00" type="DEFAULT_VEHTYPE" speed="12.01" pos="162.49" lane="1/3to2/3_0" slope="0.00"/>
        <vehicle id="35" x="398.35" y="521.66" angle="0.00" type="DEFAULT_VEHTYPE" speed="12.69" pos="73.59" lane="2/3to2/2_0" slope="0.00"/>
        <vehicle id="37" x="407.26" y="401.65" angle="-90.00" type="DEFAULT_VEHTYPE" speed="0.03" pos="187.99" lane="3/2to2/2_0" slope="0.00"/>
        <vehicle id="38" x="198.35" y="380.83" angle="0.00" type="DEFAULT_VEHTYPE" speed="9.15" pos="14.42" lane="1/2to1/1_0" slope="0.00"/>
        <vehicle id="41" x="201.65" y="568.49" angle="180.00" type="DEFAULT_VEHTYPE" speed="12.95" pos="163.74" lane="1/2to1/3_0" slope="0.00"/>
        <vehicle id="44" x="401.65" y="633.56" angle="180.00" type="DEFAULT_VEHTYPE" speed="12.15" pos="28.81" lane="2/3to2/4_0" slope="0.00"/>
        <vehicle id="48" x="391.96" y="598.35" angle="90.00" type="DEFAULT_VEHTYPE" speed="0.62" pos="187.21" lane="1/3to2/3_0" slope="0.00"/>
        <vehicle id="5" x="398.35" y="607.84" angle="0.00" type="DEFAULT_VEHTYPE" speed="13.85" pos="192.16" lane="2/4to2/3_0" slope="0.00"/>
        <vehicle id="7" x="192.75" y="398.35" angle="90.00" type="DEFAULT_VEHTYPE" speed="0.00" pos="192.75" lane="0/2to1/2_0" slope="0.00"/>
        <vehicle id="8" x="398.35" y="406.11" angle="0.00" type="DEFAULT_VEHTYPE" speed="13.41" pos="189.14" lane="2/3to2/2_0" slope="0.00"/>
    </timestep>
    <timestep time="531.00">
        <vehicle id="0" x="20.00" y="398.35" angle="90.00" type="DEFAULT_VEHTYPE" speed="13.38" pos="20.00" lane="0/2to1/2_0" slope="0.00"/>
        <vehicle id="1" x="663.20" y="601.65" angle="-90.00" type="DEFAULT_VEHTYPE" speed="12.74" pos="136.80" lane="4/3to3/3_0" slope="0.00"/>
        <vehicle id="17" x="201.65" y="519.84" angle="180.00" type="DEFAULT_VEHTYPE" speed="12.73" pos="115.09" lane="1/2to1/3_0" slope="0.00"/>
        <vehicle id="18" x="201.65" y="316.00" angle="180.00" type="DEFAULT_VEHTYPE" speed="12.94" pos="111.25" lane="1/1to1/2_0" slope="0.00"/>
        <vehicle id="21" x="195.66" y="401.65" angle="-90.00" type="DEFAULT_VEHTYPE" speed="8.09" pos="9.09" lane=":1/2_5_0" slope="0.00"/>
        <vehicle id="22" x="630.71" y="201.65" angle="-90.00" type="DEFAULT_VEHTYPE" speed="12.92" pos="169.29" lane="4/1to3/1_0" slope="0.00"/>
        <vehicle id="24" x="401.65" y="754.97" angle="180.00" type="DEFAULT_VEHTYPE" speed="13.42" pos="150.22" lane="2/3to2/4_0" slope="0.00"/>
        <vehicle id="26" x="401.65" y="730.50" angle="180.00" type="DEFAULT_VEHTYPE" speed="13.37" pos="125.75" lane="2/3to2/4_0" slope="0.00"/>
        <vehicle id="28" x="201.65" y="475.62" angle="180.00" type="DEFAULT_VEHTYPE" speed="12.82" pos="70.87" lane="1/2to1/3_0" slope="0.00"/>
        <vehicle id="32" x="375.91" y="598.35" angle="90.00" type="DEFAULT_VEHTYPE" speed="8.67" pos="171.16" lane="1/3to2/3_0" slope="0.00"/>
        <vehicle id="35" x="398.35" y="507.96" angle="0.00" type="DEFAULT_VEHTYPE" speed="13.70" pos="87.29" lane="2/3to2/2_0" slope="0.00"/>
        <vehicle id="37" x="407.25" y="401.65" angle="-90.00" type="DEFAULT_VEHTYPE" speed="0.01" pos="188.00" lane="3/2to2/2_0" slope="0.00"/>
        <vehicle id="38" x="198.35" y="369.63" angle="0.00" type="DEFAULT_VEHTYPE" speed="11.20" pos="25.62" lane="1/2to1/1_0" slope="0.00"/>
        <vehicle id="41" x="201.65" y="581.91" angle="180.00" type="DEFAULT_VEHTYPE" speed="13.42" pos="177.16" lane="1/2to1/3_0" slope="0.00"/>
        <vehicle id="44" x="401.65" y="646.62" angle="180.00" type="DEFAULT_VEHTYPE" speed="13.06" pos="41.87" lane="2/3to2/4_0" slope="0.00"/>
        <vehicle id="48" x="392.57" y="598.35" angle="90.00" type="DEFAULT_VEHTYPE" speed="0.61" pos="187.82" lane="1/3to2/3_0" slope="0.00"/>
        <vehicle id="5" x="398.35" y="595.03" angle="0.00" type="DEFAULT_VEHTYPE" speed="12.80" pos="0.22" lane="2/3to2/2_0" slope="0.00"/>
        <vehicle id="7" x="192.75" y="398.35" angle="90.00" type="DEFAULT_VEHTYPE" speed="0.00" pos="192.75" lane="0/2to1/2_0" slope="0.00"/>
        <vehicle id="8" x="398.35" y="392.29" angle="0.00" type="DEFAULT_VEHTYPE" speed="13.82" pos="2.96" lane="2/2to2/1_0" slope="0.00"/>
    </timestep>
    <timestep time="532.00">
        <vehicle id="0" x="33.26" y="398.35" angle="90.00" type="DEFAULT_VEHTYPE" speed="13.26" pos="33.26" lane="0/2to1/2_0" slope="0.00"/>
        <vehicle id="1" x="650.34" y="601.65" angle="-90.00" type="DEFAULT_VEHTYPE" speed="12.87" pos="149.66" lane="4/3to3/3_0" slope="0.00"/>
        <vehicle id="17" x="201.65" y="533.01" angle="180.00" type="DEFAULT_VEHTYPE" speed="13.17" pos="128.26" lane="1/2to1/3_0" slope="0.00"/>
        <vehicle id="18" x="201.65" y="329.31" angle="180.00" type="DEFAULT_VEHTYPE" speed="13.31" pos="124.56" lane="1/1to1/2_0" slope="0.00"/>
        <vehicle id="21" x="186.05" y="401.65" angle="-90.00" type="DEFAULT_VEHTYPE" speed="9.60" pos="9.20" lane="1/2to0/2_0" slope="0.00"/>
        <vehicle id="22" x="620.53" y="201.65" angle="-90.00" type="DEFAULT_VEHTYPE" speed="10.19" pos="179.47" lane="4/1to3/1_0" slope="0.00"/>
        <vehicle id="24" x="401.65" y="768.09" angle="180.00" type="DEFAULT_VEHTYPE" speed="13.13" pos="163.34" lane="2/3to2/4_0" slope="0.00"/>
        <vehicle id="26" x="401.65" y="744.03" angle="180.00" type="DEFAULT_VEHTYPE" speed="13.53" pos="139.28" lane="2/3to2/4_0" slope="0.00"/>
        <vehicle id="28" x="201.65" y="489.50" angle="180.00" type="DEFAULT_VEHTYPE" speed="13.88" pos="84.75" lane="1/2to1/3_0" slope="0.00"/>
        <vehicle id="32" x="380.71" y="598.35" angle="90.00" type="DEFAULT_VEHTYPE" speed="4.80" pos="175.96" lane="1/3to2/3_0" slope="0.00"/>
        <vehicle id="35" x="398.35" y="494.17" angle="0.00" type="DEFAULT_VEHTYPE" speed="13.79" pos="101.08" lane="2/3to2/2_0" slope="0.00"/>
        <vehicle id="37" x="407.25" y="401.65" angle="-90.00" type="DEFAULT_VEHTYPE" speed="0.00" pos="188.00" lane="3/2to2/2_0" slope="0.00"/>
        <vehicle id="38" x="198.35" y="356.78" angle="0.00" type="DEFAULT_VEHTYPE" speed="12.85" pos="38.47" lane="1/2to1/1_0" slope="0.00"/>
        <vehicle id="41" x="201.65" y="594.65" angle="180.00" type="DEFAULT_VEHTYPE" speed="12.74" pos="189.90" lane="1/2to1/3_0" slope="0.00"/>
        <vehicle id="44" x="401.65" y="660.30" angle="180.00" type="DEFAULT_VEHTYPE" speed="13.67" pos="55.55" lane="2/3to2/4_0" slope="0.00"/>
        <vehicle id="48" x="395.34" y="598.36" angle="90.15" type="DEFAULT_VEHTYPE" speed="2.77" pos="0.10" lane=":2/3_14_0" slope="0.00"/>
        <vehicle id="5" x="398.35" y="582.34" angle="0.00" type="DEFAULT_VEHTYPE" speed="12.69" pos="12.91" lane="2/3to2/2_0" slope="0.00"/>
        <vehicle id="7" x="194.89" y="398.35" angle="90.00" type="DEFAULT_VEHTYPE" speed="2.15" pos="194.89" lane="0/2to1/2_0" slope="0.00"/>
        <vehicle id="8" x="398.35" y="379.31" angle="0.00" type="DEFAULT_VEHTYPE" speed="12.98" pos="15.94" lane="2/2to2/1_0" slope="0.00"/>
    </timestep>
    <timestep time="533.00">
        <vehicle id="0" x="46.26" y="398.35" angle="90.00" type="DEFAULT_VEHTYPE" speed="13.00" pos="46.26" lane="0/2to1/2_0" slope="0.00"/>
        <vehicle id="1" x="636.98" y="601.65" angle="-90.00" type="DEFAULT_VEHTYPE" speed="13.36" pos="163.02" lane="4/3to3/3_0" slope="0.00"/>
        <vehicle id="17" x="201.65" y="546.74" angle="180.00" type="DEFAULT_VEHTYPE" speed="13.72" pos="141.99" lane="1/2to1/3_0" slope="0.00"/>
        <vehicle id="18" x="201.65" y="342.04" angle="180.00" type="DEFAULT_VEHTYPE" speed="12.73" pos="137.29" lane="1/1to1/2_0" slope="0.00"/>
        <vehicle id="21" x="174.76" y="401.65" angle="-90.00" type="DEFAULT_VEHTYPE" speed="11.29" pos="20.49" lane="1/2to0/2_0" slope="0.00"/>
        <vehicle id="22" x="614.20" y="201.65" angle="-90.00" type="DEFAULT_VEHTYPE" speed="6.33" pos="185.80" lane="4/1to3/1_0" slope="0.00"/>
        <vehicle id="24" x="401.65" y="780.81" angle="180.00" type="DEFAULT_VEHTYPE" speed="12.72" pos="176.06" lane="2/3to2/4_0" slope="0.00"/>
        <vehicle id="26" x="401.65" y="756.64" angle="180.00" type="DEFAULT_VEHTYPE" speed="12.61" pos="151.89" lane="2/3to2/4_0" slope="0.00"/>
        <vehicle id="28" x="201.65" y="502.14" angle="180.00" type="DEFAULT_VEHTYPE" speed="12.64" pos="97.39" lane="1/2to1/3_0" slope="0.00"/>
        <vehicle id="32" x="384.60" y="598.35" angle="90.00" type="DEFAULT_VEHTYPE" speed="3.89" pos="179.85" lane="1/3to2/3_0" slope="0.00"/>
        <vehicle id="35" x="398.35" y="481.13" angle="0.00" type="DEFAULT_VEHTYPE" speed="13.03" pos="114.12" lane="2/3to2/2_0" slope="0.00"/>
        <vehicle id="37" x="405.84" y="401.65" angle="-90.00" type="DEFAULT_VEHTYPE" speed="1.41" pos="189.41" lane="3/2to2/2_0" slope="0.00"/>
        <vehicle id="38" x="198.35" y="342.96" angle="0.00" type="DEFAULT_VEHTYPE" speed="13.82" pos="52.29" lane="1/2to1/1_0" slope="0.00"/>
        <vehicle id="41" x="212.18" y="598.35" angle="90.00" type="DEFAULT_VEHTYPE" speed="13.02" pos="7.43" lane="1/3to2/3_0" slope="0.00"/>
        <vehicle id="44" x="401.65" y="673.22" angle="180.00" type="DEFAULT_VEHTYPE" speed="12.92" pos="68.47" lane="2/3to2/4_0" slope="0.00"/>
        <vehicle id="48" x="399.93" y="599.88" angle="108.13" type="DEFAULT_VEHTYPE" speed="4.93" pos="5.02" lane=":2/3_14_0" slope="0.00"/>
        <vehicle id="5" x="398.35" y="569.02" angle="0.00" type="DEFAULT_VEHTYPE" speed="13.33" pos="26.23" lane="2/3to2/2_0" slope="0.00"/>
        <vehicle id="7" x="198.99" y="399.31" angle="101.30" type="DEFAULT_VEHTYPE" speed="4.28" pos="3.92" lane=":1/2_14_0" slope="0.00"/>
        <vehicle id="8" x="398.35" y="366.14" angle="0.00" type="DEFAULT_VEHTYPE" speed="13.17" pos="29.11" lane="2/2to2/1_0" slope="0.00"/>
    </timestep>
    <timestep time="534.00">
        <vehicle id="0" x="58.95" y="398.35" angle="90.00" type="DEFAULT_VEHTYPE" speed="12.70" pos="58.95" lane="0/2to1/2_0" slope="0.00"/>
        <vehicle id="1" x="625.72" y="601.65" angle="-90.00" type="DEFAULT_VEHTYPE" speed="11.26" pos="174.28" lane="4/3to3/3_0" slope="0.00"/>
        <vehicle id="17" x="201.65" y="560.42" angle="180.00" type="DEFAULT_VEHTYPE" speed="13.69" pos="155.67" lane="1/2to1/3_0" slope="0.00"/>
        <vehicle id="18" x="201.65" y="355.48" angle="180.00" type="DEFAULT_VEHTYPE" speed="13.44" pos="150.73" lane="1/1to1/2_0" slope="0.00"/>
        <vehicle id="21" x="162.06" y="401.65" angle="-90.00" type="DEFAULT_VEHTYPE" speed="12.70" pos="33.19" lane="1/2to0/2_0" slope="0.00"/>
        <vehicle id="22" x="610.18" y="201.65" angle="-90.00" type="DEFAULT_VEHTYPE" speed="4.02" pos="189.82" lane="4/1to3/1_0" slope="0.00"/>
        <vehicle id="24" x="401.65" y="794.26" angle="180.00" type="DEFAULT_VEHTYPE" speed="13.44" pos="189.51" lane="2/3to2/4_0" slope="0.00"/>
        <vehicle id="26" x="401.65" y="769.92" angle="180.00" type="DEFAULT_VEHTYPE" speed="13.28" pos="165.17" lane="2/3to2/4_0" slope="0.00"/>
        <vehicle id="28" x="201.65" y="514.76" angle="180.00" type="DEFAULT_VEHTYPE" speed="12.62" pos="110.01" lane="1/2to1/3_0" slope="0.00"/>
        <vehicle id="32" x="388.48" y="598.35" angle="90.00" type="DEFAULT_VEHTYPE" speed="3.88" pos="183.73" lane="1/3to2/3_0" slope="0.00"/>
        <vehicle id="35" x="398.35" y="467.45" angle="0.00" type="DEFAULT_VEHTYPE" speed="13.68" pos="127.80" lane="2/3to2/2_0" slope="0.00"/>
        <vehicle id="37" x="402.22" y="401.29" angle="-85.85" type="DEFAULT_VEHTYPE" speed="3.65" pos="2.56" lane=":2/2_6_0" slope="0.00"/>
        <vehicle id="38" x="198.35" y="329.51" angle="0.00" type="DEFAULT_VEHTYPE" speed="13.45" pos="65.74" lane="1/2to1/1_0" slope="0.00"/>
        <vehicle id="41" x="225.33" y="598.35" angle="90.00" type="DEFAULT_VEHTYPE" speed="13.15" pos="20.58" lane="1/3to2/3_0" slope="0.00"/>
        <vehicle id="44" x="401.65" y="686.61" angle="180.00" type="DEFAULT_VEHTYPE" speed="13.39" pos="81.86" lane="2/3to2/4_0" slope="0.00"/>
        <vehicle id="48" x="401.65" y="606.69" angle="173.96" type="DEFAULT_VEHTYPE" speed="7.23" pos="1.94" lane="2/3to2/4_0" slope="0.00"/>
        <vehicle id="5" x="398.35" y="555.64" angle="0.00" type="DEFAULT_VEHTYPE" speed="13.37" pos="39.61" lane="2/3to2/2_0" slope="0.00"/>
        <vehicle id="7" x="201.65" y="404.92" angle="163.05" type="DEFAULT_VEHTYPE" speed="6.57" pos="0.17" lane="1/2to1/3_0" slope="0.00"/>
        <vehicle id="8" x="398.35" y="352.28" angle="0.00" type="DEFAULT_VEHTYPE" speed="13.86" pos="42.97" lane="2/2to2/1_0" slope="0.00"/>
    </timestep>
    <timestep time="535.00">
        <vehicle id="0" x="72.06" y="398.35" angle="90.00" type="DEFAULT_VEHTYPE" speed="13.11" pos="72.06" lane="0/2to1/2_0" slope="0.00"/>
        <vehicle id="1" x="616.75" y="601.65" angle="-90.00" type="DEFAULT_VEHTYPE" speed="8.98" pos="183.25" lane="4/3to3/3_0" slope="0.00"/>
        <vehicle id="17" x="201.65" y="573.99" angle="180.00" type="DEFAULT_VEHTYPE" speed="13.57" pos="169.24" lane="1/2to1/3_0" slope="0.00"/>
        <vehicle id="18" x="201.65" y="368.20" angle="180.00" type="DEFAULT_VEHTYPE" speed="12.72" pos="163.45" lane="1/1to1/2_0" slope="0.00"/>
        <vehicle id="21" x="148.61" y="401.65" angle="-90.00" type="DEFAULT_VEHTYPE" speed="13.45" pos="46.64" lane="1/2to0/2_0" slope="0.00"/>
        <vehicle id="22" x="604.83" y="201.65" angle="-90.00" type="DEFAULT_VEHTYPE" speed="5.35" pos="195.17" lane="4/1to3/1_0" slope="0.00"/>
        <vehicle id="24" x="398.35" y="796.81" angle="-13.68" type="DEFAULT_VEHTYPE" speed="13.76" pos="3.19" lane="2/4to2/3_0" slope="0.00"/>
        <vehicle id="26" x="401.65" y="783.14" angle="180.00" type="DEFAULT_VEHTYPE" speed="13.22" pos="178.39" lane="2/3to2/4_0" slope="0.00"/>
        <vehicle id="28" x="201.65" y="528.22" angle="180.00" type="DEFAULT_VEHTYPE" speed="13.46" pos="123.47" lane="1/2to1/3_0" slope="0.00"/>
        <vehicle id="32" x="394.76" y="598.35" angle="90.00" type="DEFAULT_VEHTYPE" speed="6.28" pos="190.01" lane="1/3to2/3_0" slope="0.00"/>
        <vehicle id="35" x="398.35" y="453.59" angle="0.00" type="DEFAULT_VEHTYPE" speed="13.86" pos="141.66" lane="2/3to2/2_0" slope="0.00"/>
        <vehicle id="37" x="398.65" y="397.37" angle="-38.98" type="DEFAULT_VEHTYPE" speed="5.63" pos="8.18" lane=":2/2_6_0" slope="0.00"/>
        <vehicle id="38" x="198.35" y="316.75" angle="0.00" type="DEFAULT_VEHTYPE" speed="12.76" pos="78.50" lane="1/2to1/1_0" slope="0.00"/>
        <vehicle id="41" x="238.40" y="598.35" angle="90.00" type="DEFAULT_VEHTYPE" speed="13.07" pos="33.65" lane="1/3to2/3_0" slope="0.00"/>
        <vehicle id="44" x="401.65" y="700.39" angle="180.00" type="DEFAULT_VEHTYPE" speed="13.78" pos="95.64" lane="2/3to2/4_0" slope="0.00"/>
        <vehicle id="48" x="401.65" y="615.88" angle="180.00" type="DEFAULT_VEHTYPE" speed="9.20" pos="11.13" lane="2/3to2/4_0" slope="0.00"/>
        <vehicle id="5" x="398.35" y="542.08" angle="0.00" type="DEFAULT_VEHTYPE" speed="13.56" pos="53.17" lane="2/3to2/2_0" slope="0.00"/>
        <vehicle id="7" x="201.65" y="413.59" angle="180.00" type="DEFAULT_VEHTYPE" speed="8.66" pos="8.84" lane="1/2to1/3_0" slope="0.00"/>
        <vehicle id="8" x="398.35" y="339.32" angle="0.00" type="DEFAULT_VEHTYPE" speed="12.96" pos="55.93" lane="2/2to2/1_0" slope="0.00"/>
    </timestep>
    <timestep time="536.00">
        <vehicle id="0" x="84.81" y="398.35" angle="90.00" type="DEFAULT_VEHTYPE" speed="12.74" pos="84.81" lane="0/2to1/2_0" slope="0.00"/>
        <vehicle id="1" x="611.26" y="601.65" angle="-90.00" type="DEFAULT_VEHTYPE" speed="5.48" pos="188.74" lane="4/3to3/3_0" slope="0.00"/>
        <vehicle id="17" x="201.65" y="586.71" angle="180.00" type="DEFAULT_VEHTYPE" speed="12.72" pos="181.96" lane="1/2to1/3_0" slope="0.00"/>
        <vehicle id="18" x="201.65" y="380.81" angle="180.00" type="DEFAULT_VEHTYPE" speed="12.60" pos="176.06" lane="1/1to1/2_0" slope="0.00"/>
        <vehicle id="21" x="135.14" y="401.65" angle="-90.00" type="DEFAULT_VEHTYPE" speed="13.47" pos="60.11" lane="1/2to0/2_0" slope="0.00"/>
        <vehicle id="22" x="601.65" y="206.62" angle="-163.78" type="DEFAULT_VEHTYPE" speed="6.95" pos="1.87" lane="3/1to3/2_0" slope="0.00"/>
        <vehicle id="24" x="398.35" y="783.28" angle="0.00" type="DEFAULT_VEHTYPE" speed="13.52" pos="16.72" lane="2/4to2/3_0" slope="0.00"/>
        <vehicle id="26" x="401.65" y="797.00" angle="180.00" type="DEFAULT_VEHTYPE" speed="13.85" pos="192.25" lane="2/3to2/4_0" slope="0.00"/>
        <vehicle id="28" x="201.65" y="541.11" angle="180.00" type="DEFAULT_VEHTYPE" speed="12.88" pos="136.36" lane="1/2to1/3_0" slope="0.00"/>
        <vehicle id="32" x="401.36" y="602.73" angle="141.99" type="DEFAULT_VEHTYPE" speed="8.77" pos="8.28" lane=":2/3_14_0" slope="0.00"/>
        <vehicle id="35" x="398.35" y="440.31" angle="0.00" type="DEFAULT_VEHTYPE" speed="13.29" pos="154.94" lane="2/3to2/2_0" slope="0.00"/>
        <vehicle id="37" x="398.35" y="389.99" angle="0.00" type="DEFAULT_VEHTYPE" speed="7.40" pos="5.26" lane="2/2to2/1_0" slope="0.00"/>
        <vehicle id="38" x="198.35" y="303.91" angle="0.00" type="DEFAULT_VEHTYPE" speed="12.83" pos="91.34" lane="1/2to1/1_0" slope="0.00"/>
        <vehicle id="41" x="251.38" y="598.35" angle="90.00" type="DEFAULT_VEHTYPE" speed="12.98" pos="46.63" lane="1/3to2/3_0" slope="0.00"/>
        <vehicle id="44" x="401.65" y="713.92" angle="180.00" type="DEFAULT_VEHTYPE" speed="13.53" pos="109.17" lane="2/3to2/4_0" slope="0.00"/>
        <vehicle id="48" x="401.65" y="626.58" angle="180.00" type="DEFAULT_VEHTYPE" speed="10.70" pos="21.83" lane="2/3to2/4_0" slope="0.00"/>
        <vehicle id="5" x="398.35" y="528.37" angle="0.00" type="DEFAULT_VEHTYPE" speed="13.71" pos="66.88" lane="2/3to2/2_0" slope="0.00"/>
        <vehicle id="7" x="201.65" y="423.86" angle="180.00" type="DEFAULT_VEHTYPE" speed="10.27" pos="19.11" lane="1/2to1/3_0" slope="0.00"/>
        <vehicle id="8" x="398.35" y="326.70" angle="0.00" type="DEFAULT_VEHTYPE" speed="12.62" pos="68.55" lane="2/2to2/1_0" slope="0.00"/>
    </timestep>
    <timestep time="537.00">
        <vehicle id="0" x="97.97" y="398.35" angle="90.00" type="DEFAULT_VEHTYPE" speed="13.16" pos="97.97" lane="0/2to1/2_0" slope="0.00"/>
        <vehicle id="1" x="603.51" y="601.47" angle="-87.96" type="DEFAULT_VEHTYPE" speed="7.77" pos="1.26" lane=":3/3_6_0" slope="0.00"/>
        <vehicle id="17" x="203.98" y="598.24" angle="148.37" type="DEFAULT_VEHTYPE" speed="12.76" pos="4.22" lane=":1/3_8_0" slope="0.00"/>
        <vehicle id="18" x="201.65" y="393.84" angle="180.00" type="DEFAULT_VEHTYPE" speed="13.03" pos="189.09" lane="1/1to1/2_0" slope="0.00"/>
        <vehicle id="21" x="121.40" y="401.65" angle="-90.00" type="DEFAULT_VEHTYPE" speed="13.74" pos="73.85" lane="1/2to0/2_0" slope="0.00"/>
        <vehicle id="22" x="601.65" y="215.89" angle="180.00" type="DEFAULT_VEHTYPE" speed="9.27" pos="11.14" lane="3/1to3/2_0" slope="0.00"/>
        <vehicle id="24" x="398.35" y="770.57" angle="0.00" type="DEFAULT_VEHTYPE" speed="12.71" pos="29.43" lane="2/4to2/3_0" slope="0.00"/>
        <vehicle id="26" x="398.35" y="795.06" angle="-0.39" type="DEFAULT_VEHTYPE" speed="12.76" pos="4.94" lane="2/4to2/3_0" slope="0.00"/>
        <vehicle id="28" x="201.65" y="554.85" angle="180.00" type="DEFAULT_VEHTYPE" speed="13.74" pos="150.10" lane="1/2to1/3_0" slope="0.00"/>
        <vehicle id="32" x="401.65" y="613.09" angle="180.00" type="DEFAULT_VEHTYPE" speed="10.38" pos="8.34" lane="2/3to2/4_0" slope="0.00"/>
        <vehicle id="35" x="398.35" y="427.32" angle="0.00" type="DEFAULT_VEHTYPE" speed="12.99" pos="167.93" lane="2/3to2/2_0" slope="0.00"/>
        <vehicle id="37" x="398.35" y="380.46" angle="0.00" type="DEFAULT_VEHTYPE" speed="9.53" pos="14.79" lane="2/2to2/1_0" slope="0.00"/>
        <vehicle id="38" x="198.35" y="290.80" angle="0.00" type="DEFAULT_VEHTYPE" speed="13.12" pos="104.45" lane="1/2to1/1_0" slope="0.00"/>
        <vehicle id="41" x="264.41" y="598.35" angle="90.00" type="DEFAULT_VEHTYPE" speed="13.04" pos="59.66" lane="1/3to2/3_0" slope="0.00"/>
        <vehicle id="44" x="401.65" y="727.30" angle="180.00" type="DEFAULT_VEHTYPE" speed="13.37" pos="122.55" lane="2/3to2/4_0" slope="0.00"/>
        <vehicle id="48" x="401.65" y="638.67" angle="180.00" type="DEFAULT_VEHTYPE" speed="12.09" pos="33.92" lane="2/3to2/4_0" slope="0.00"/>
        <vehicle id="5" x="398.35" y="515.49" angle="0.00" type="DEFAULT_VEHTYPE" speed="12.88" pos="79.76" lane="2/3to2/2_0" slope="0.00"/>
        <vehicle id="7" x="201.65" y="436.51" angle="180.00" type="DEFAULT_VEHTYPE" speed="12.65" pos="31.76" lane="1/2to1/3_0" slope="0.00"/>
        <vehicle id="8" x="398.35" y="313.12" angle="0.00" type="DEFAULT_VEHTYPE" speed="13.58" pos="82.13" lane="2/2to2/1_0" slope="0.00"/>
    </timestep>
    <timestep time="538.00">
        <vehicle id="0" x="111.57" y="398.35" angle="90.00" type="DEFAULT_VEHTYPE" speed="13.60" pos="111.57" lane="0/2to1/2_0" slope="0.00"/>
        <vehicle id="1" x="598.35" y="595.15" angle="-17.41" type="DEFAULT_VEHTYPE" speed="9.16" pos="0.10" lane="3/3to3/2_0" slope="0.00"/>
        <vehicle id="17" x="217.48" y="598.35" angle="90.00" type="DEFAULT_VEHTYPE" speed="13.51" pos="12.73" lane="1/3to2/3_0" slope="0.00"/>
        <vehicle id="18" x="201.65" y="406.98" angle="180.00" type="DEFAULT_VEHTYPE" speed="13.14" pos="2.23" lane="1/2to1/3_0" slope="0.00"/>
        <vehicle id="21" x="107.60" y="401.65" angle="-90.00" type="DEFAULT_VEHTYPE" speed="13.80" pos="87.65" lane="1/2to0/2_0" slope="0.00"/>
        <vehicle id="22" x="601.65" y="226.98" angle="180.00" type="DEFAULT_VEHTYPE" speed="11.09" pos="22.23" lane="3/1to3/2_0" slope="0.00"/>
        <vehicle id="24" x="398.35" y="756.99" angle="0.00" type="DEFAULT_VEHTYPE" speed="13.58" pos="43.01" lane="2/4to2/3_0" slope="0.00"/>
        <vehicle id="26" x="398.35" y="781.84" angle="0.00" type="DEFAULT_VEHTYPE" speed="13.22" pos="18.16" lane="2/4to2/3_0" slope="0.00"/>
        <vehicle id="28" x="201.65" y="567.62" angle="180.00" type="DEFAULT_VEHTYPE" speed="12.77" pos="162.87" lane="1/2to1/3_0" slope="0.00"/>
        <vehicle id="32" x="401.65" y="625.58" angle="180.00" type="DEFAULT_VEHTYPE" speed="12.49" pos="20.83" lane="2/3to2/4_0" slope="0.00"/>
        <vehicle id="35" x="398.35" y="414.56" angle="0.00" type="DEFAULT_VEHTYPE" speed="12.76" pos="180.69" lane="2/3to2/2_0" slope="0.00"/>
        <vehicle id="37" x="398.35" y="368.61" angle="0.00" type="DEFAULT_VEHTYPE" speed="11.84" pos="26.64" lane="2/2to2/1_0" slope="0.00"/>
        <vehicle id="38" x="198.35" y="277.37" angle="0.00" type="DEFAULT_VEHTYPE" speed="13.43" pos="117.88" lane="1/2to1/1_0" slope="0.00"/>
        <vehicle id="41" x="277.83" y="598.35" angle="90.00" type="DEFAULT_VEHTYPE" speed="13.42" pos="73.08" lane="1/3to2/3_0" slope="0.00"/>
        <vehicle id="44" x="401.65" y="740.03" angle="180.00" type="DEFAULT_VEHTYPE" speed="12.73" pos="135.28" lane="2/3to2/4_0" slope="0.00"/>
        <vehicle id="48" x="401.65" y="651.66" angle="180.00" type="DEFAULT_VEHTYPE" speed="12.99" pos="46.91" lane="2/3to2/4_0" slope="0.00"/>
        <vehicle id="5" x="398.35" y="502.60" angle="0.00" type="DEFAULT_VEHTYPE" speed="12.88" pos="92.65" lane="2/3to2/2_0" slope="0.00"/>
        <vehicle id="7" x="201.65" y="450.34" angle="180.00" type="DEFAULT_VEHTYPE" speed="13.83" pos="45.59" lane="1/2to1/3_0" slope="0.00"/>
        <vehicle id="8" x="398.35" y="299.27" angle="0.00" type="DEFAULT_VEHTYPE" speed="13.85" pos="95.98" lane="2/2to2/1_0" slope="0.00"/>
    </timestep>
    <timestep time="539.00">
        <vehicle id="0" x="124.57" y="398.35" angle="90.00" type="DEFAULT_VEHTYPE" speed="13.00" pos="124.57" lane="0/2to1/2_0" slope="0.00"/>
        <vehicle id="1" x="598.35" y="584.62" angle="0.00" type="DEFAULT_VEHTYPE" speed="10.53" pos="10.63" lane="3/3to3/2_0" slope="0.00"/>
        <vehicle id="17" x="230.53" y="598.35" angle="90.00" type="DEFAULT_VEHTYPE" speed="13.05" pos="25.78" lane="1/3to2/3_0" slope="0.00"/>
        <vehicle id="18" x="201.65" y="420.65" angle="180.00" type="DEFAULT_VEHTYPE" speed="13.67" pos="15.90" lane="1/2to1/3_0" slope="0.00"/>
        <vehicle id="21" x="94.31" y="401.65" angle="-90.00" type="DEFAULT_VEHTYPE" speed="13.29" pos="100.94" lane="1/2to0/2_0" slope="0.00"/>
        <vehicle id="22" x="601.65" y="240.52" angle="180.00" type="DEFAULT_VEHTYPE" speed="13.54" pos="35.77" lane="3/1to3/2_0" slope="0.00"/>
        <vehicle id="24" x="398.35" y="743.82" angle="0.00" type="DEFAULT_VEHTYPE" speed="13.17" pos="56.18" lane="2/4to2/3_0" slope="0.00"/>
        <vehicle id="26" x="398.35" y="767.96" angle="0.00" type="DEFAULT_VEHTYPE" speed="13.88" pos="32.04" lane="2/4to2/3_0" slope="0.00"/>
        <vehicle id="28" x="201.65" y="580.97" angle="180.00" type="DEFAULT_VEHTYPE" speed="13.36" pos="176.22" lane="1/2to1/3_0" slope="0.00"/>
        <vehicle id="32" x="401.65" y="639.34" angle="180.00" type="DEFAULT_VEHTYPE" speed="13.76" pos="34.59" lane="2/3to2/4_0" slope="0.00"/>
        <vehicle id="35" x="398.35" y="400.89" angle="0.00" type="DEFAULT_VEHTYPE" speed="13.67" pos="3.86" lane=":2/2_1_0" slope="0.00"/>
        <vehicle id="37" x="398.35" y="355.25" angle="0.00" type="DEFAULT_VEHTYPE" speed="13.37" pos="40.00" lane="2/2to2/1_0" slope="0.00"/>
        <vehicle id="38" x="198.35" y="263.48" angle="0.00" type="DEFAULT_VEHTYPE" speed="13.88" pos="131.77" lane="1/2to1/1_0" slope="0.00"/>
        <vehicle id="41" x="290.98" y="598.35" angle="90.00" type="DEFAULT_VEHTYPE" speed="13.15" pos="86.23" lane="1/3to2/3_0" slope="0.00"/>
        <vehicle id="44" x="401.65" y="753.81" angle="180.00" type="DEFAULT_VEHTYPE" speed="13.78" pos="149.06" lane="2/3to2/4_0" slope="0.00"/>
        <vehicle id="48" x="401.65" y="664.55" angle="180.00" type="DEFAULT_VEHTYPE" speed="12.89" pos="59.80" lane="2/3to2/4_0" slope="0.00"/>
        <vehicle id="5" x="398.35" y="488.76" angle="0.00" type="DEFAULT_VEHTYPE" speed="13.84" pos="106.49" lane="2/3to2/2_0" slope="0.00"/>
        <vehicle id="7" x="201.65" y="464.09" angle="180.00" type="DEFAULT_VEHTYPE" speed="13.75" pos="59.34" lane="1/2to1/3_0" slope="0.00"/>
        <vehicle id="8" x="398.35" y="285.42" angle="0.00" type="DEFAULT_VEHTYPE" speed="13.86" pos="109.83" lane="2/2to2/1_0" slope="0.00"/>
    </timestep>
    <timestep time="540.00">
        <vehicle id="0" x="138.39" y="398.35" angle="90.00" type="DEFAULT_VEHTYPE" speed="13.82" pos="138.39" lane="0/2to1/2_0" slope="0.00"/>
        <vehicle id="1" x="598.35" y="572.18" angle="0.00" type="DEFAULT_VEHTYPE" speed="12.44" pos="23.07" lane="3/3to3/2_0" slope="0.00"/>
        <vehicle id="17" x="243.76" y="598.35" angle="90.00" type="DEFAULT_VEHTYPE" speed="13.23" pos="39.01" lane="1/3to2/3_0" slope="0.00"/>
        <vehicle id="18" x="201.65" y="433.50" angle="180.00" type="DEFAULT_VEHTYPE" speed="12.85" pos="28.75" lane="1/2to1/3_0" slope="0.00"/>
        <vehicle id="21" x="80.92" y="401.65" angle="-90.00" type="DEFAULT_VEHTYPE" speed="13.39" pos="114.33" lane="1/2to0/2_0" slope="0.00"/>
        <vehicle id="22" x="601.65" y="253.52" angle="180.00" type="DEFAULT_VEHTYPE" speed="13.01" pos="48.77" lane="3/1to3/2_0" slope="0.00"/>
        <vehicle id="24" x="398.35" y="730.32" angle="0.00" type="DEFAULT_VEHTYPE" speed="13.51" pos="69.68" lane="2/4to2/3_0" slope="0.00"/>
        <vehicle id="26" x="398.35" y="754.74" angle="0.00" type="DEFAULT_VEHTYPE" speed="13.22" pos="45.26" lane="2/4to2/3_0" slope="0.00"/>
        <vehicle id="28" x="201.65" y="594.20" angle="180.00" type="DEFAULT_VEHTYPE" speed="13.23" pos="189.45" lane="1/2to1/3_0" slope="0.00"/>
        <vehicle id="32" x="401.65" y="652.49" angle="180.00" type="DEFAULT_VEHTYPE" speed="13.15" pos="47.74" lane="2/3to2/4_0" slope="0.00"/>
        <vehicle id="35" x="398.35" y="388.12" angle="0.00" type="DEFAULT_VEHTYPE" speed="12.77" pos="7.13" lane="2/2to2/1_0" slope="0.00"/>
        <vehicle id="37" x="398.35" y="342.32" angle="0.00" type="DEFAULT_VEHTYPE" speed="12.93" pos="52.93" lane="2/2to2/1_0" slope="0.00"/>
        <vehicle id="38" x="198.35" y="249.80" angle="0.00" type="DEFAULT_VEHTYPE" speed="13.68" pos="145.45" lane="1/2to1/1_0" slope="0.00"/>
        <vehicle id="41" x="304.03" y="598.35" angle="90.00" type="DEFAULT_VEHTYPE" speed="13.05" pos="99.28" lane="1/3to2/3_0" slope="0.00"/>
        <vehicle id="44" x="401.65" y="767.28" angle="180.00" type="DEFAULT_VEHTYPE" speed="13.47" pos="162.53" lane="2/3to2/4_0" slope="0.00"/>
        <vehicle id="48" x="401.65" y="677.76" angle="180.00" type="DEFAULT_VEHTYPE" speed="13.20" pos="73.01" lane="2/3to2/4_0" slope="0.00"/>
        <vehicle id="5" x="398.35" y="475.57" angle="0.00" type="DEFAULT_VEHTYPE" speed="13.19" pos="119.68" lane="2/3to2/2_0" slope="0.00"/>
        <vehicle id="7" x="201.65" y="477.00" angle="180.00" type="DEFAULT_VEHTYPE" speed="12.91" pos="72.25" lane="1/2to1/3_0" slope="0.00"/>
        <vehicle id="8" x="398.35" y="272.01" angle="0.00" type="DEFAULT_VEHTYPE" speed="13.40" pos="123.24" lane="2/2to2/1_0" slope="0.00"/>
    </timestep>
    <timestep time="541.00">
        <vehicle id="0" x="151.20" y="398.35" angle="90.00" type="DEFAULT_VEHTYPE" speed="12.82" pos="151.20" lane="0/2to1/2_0" slope="0.00"/>
        <vehicle id="1" x="598.35" y="558.36" angle="0.00" type="DEFAULT_VEHTYPE" speed="13.81" pos="36.89" lane="3/3to3/2_0" slope="0.00"/>
        <vehicle id="17" x="256.67" y="598.35" angle="90.00" type="DEFAULT_VEHTYPE" speed="12.91" pos="51.92" lane="1/3to2/3_0" slope="0.00"/>
        <vehicle id="18" x="201.65" y="446.26" angle="180.00" type="DEFAULT_VEHTYPE" speed="12.76" pos="41.51" lane="1/2to1/3_0" slope="0.00"/>
        <vehicle id="21" x="68.06" y="401.65" angle="-90.00" type="DEFAULT_VEHTYPE" speed="12.86" pos="127.19" lane="1/2to0/2_0" slope="0.00"/>
        <vehicle id="22" x="601.65" y="266.26" angle="180.00" type="DEFAULT_VEHTYPE" speed="12.74" pos="61.51" lane="3/1to3/2_0" slope="0.00"/>
        <vehicle id="24" x="398.35" y="716.98" angle="0.00" type="DEFAULT_VEHTYPE" speed="13.33" pos="83.02" lane="2/4to2/3_0" slope="0.00"/>
        <vehicle id="26" x="398.35" y="741.06" angle="0.00" type="DEFAULT_VEHTYPE" speed="13.67" pos="58.94" lane="2/4to2/3_0" slope="0.00"/>
        <vehicle id="28" x="211.98" y="598.35" angle="90.00" type="DEFAULT_VEHTYPE" speed="13.28" pos="7.23" lane="1/3to2/3_0" slope="0.00"/>
        <vehicle id="32" x="401.65" y="666.18" angle="180.00" type="DEFAULT_VEHTYPE" speed="13.68" pos="61.43" lane="2/3to2/4_0" slope="0.00"/>
        <vehicle id="35" x="398.35" y="374.43" angle="0.00" type="DEFAULT_VEHTYPE" speed="13.69" pos="20.82" lane="2/2to2/1_0" slope="0.00"/>
        <vehicle id="37" x="398.35" y="328.78" angle="0.00" type="DEFAULT_VEHTYPE" speed="13.54" pos="66.47" lane="2/2to2/1_0" slope="0.00"/>
        <vehicle id="38" x="198.35" y="236.06" angle="0.00" type="DEFAULT_VEHTYPE" speed="13.74" pos="159.19" lane="1/2to1/1_0" slope="0.00"/>
        <vehicle id="41" x="317.38" y="598.35" angle="90.00" type="DEFAULT_VEHTYPE" speed="13.35" pos="112.63" lane="1/3to2/3_0" slope="0.00"/>
        <vehicle id="44" x="401.65" y="780.04" angle="180.00" type="DEFAULT_VEHTYPE" speed="12.76" pos="175.29" lane="2/3to2/4_0" slope="0.00"/>
        <vehicle id="48" x="401.65" y="691.02" angle="180.00" type="DEFAULT_VEHTYPE" speed="13.27" pos="86.27" lane="2/3to2/4_0" slope="0.00"/>
        <vehicle id="5" x="398.35" y="461.74" angle="0.00" type="DEFAULT_VEHTYPE" speed="13.84" pos="133.51" lane="2/3to2/2_0" slope="0.00"/>
        <vehicle id="7" x="201.65" y="490.53" angle="180.00" type="DEFAULT_VEHTYPE" speed="13.53" pos="85.78" lane="1/2to1/3_0" slope="0.00"/>
        <vehicle id="8" x="398.35" y="259.03" angle="0.00" type="DEFAULT_VEHTYPE" speed="12.99" pos="136.22" lane="2/2to2/1_0" slope="0.00"/>
    </timestep>
    <timestep time="542.00">
        <vehicle id="0" x="163.94" y="398.35" angle="90.00" type="DEFAULT_VEHTYPE" speed="12.73" pos="163.94" lane="0/2to1/2_0" slope="0.00"/>
        <vehicle id="1" x="598.35" y="545.52" angle="0.00" type="DEFAULT_VEHTYPE" speed="12.84" pos="49.73" lane="3/3to3/2_0" slope="0.00"/>
        <vehicle id="17" x="269.75" y="598.35" angle="90.00" type="DEFAULT_VEHTYPE" speed="13.08" pos="65.00" lane="1/3to2/3_0" slope="0.00"/>
        <vehicle id="18" x="201.65" y="460.14" angle="180.00" type="DEFAULT_VEHTYPE" speed="13.88" pos="55.39" lane="1/2to1/3_0" slope="0.00"/>
        <vehicle id="21" x="54.19" y="401.65" angle="-90.00" type="DEFAULT_VEHTYPE" speed="13.87" pos="141.06" lane="1/2to0/2_0" slope="0.00"/>
        <vehicle id="22" x="601.65" y="279.59" angle="180.00" type="DEFAULT_VEHTYPE" speed="13.33" pos="74.84" lane="3/1to3/2_0" slope="0.00"/>
        <vehicle id="24" x="398.35" y="703.32" angle="0.00" type="DEFAULT_VEHTYPE" speed="13.66" pos="96.68" lane="2/4to2/3_0" slope="0.00"/>
        <vehicle id="26" x="398.35" y="727.22" angle="0.00" type="DEFAULT_VEHTYPE" speed="13.84" pos="72.78" lane="2/4to2/3_0" slope="0.00"/>
        <vehicle id="28" x="225.17" y="598.35" angle="90.00" type="DEFAULT_VEHTYPE" speed="13.20" pos="20.42" lane="1/3to2/3_0" slope="0.00"/>
        <vehicle id="32" x="401.65" y="679.33" angle="180.00" type="DEFAULT_VEHTYPE" speed="13.15" pos="74.58" lane="2/3to2/4_0" slope="0.00"/>
        <vehicle id="35" x="398.35" y="361.78" angle="0.00" type="DEFAULT_VEHTYPE" speed="12.65" pos="33.47" lane="2/2to2/1_0" slope="0.00"/>
        <vehicle id="37" x="398.35" y="315.24" angle="0.00" type="DEFAULT_VEHTYPE" speed="13.54" pos="80.01" lane="2/2to2/1_0" slope="0.00"/>
        <vehicle id="38" x="198.35" y="222.23" angle="0.00" type="DEFAULT_VEHTYPE" speed="13.82" pos="173.02" lane="1/2to1/1_0" slope="0.00"/>
        <vehicle id="41" x="330.04" y="598.35" angle="90.00" type="DEFAULT_VEHTYPE" speed="12.67" pos="125.29" lane="1/3to2/3_0" slope="0.00"/>
        <vehicle id="44" x="401.65" y="793.05" angle="180.00" type="DEFAULT_VEHTYPE" speed="13.01" pos="188.30" lane="2/3to2/4_0" slope="0.00"/>
        <vehicle id="48" x="401.65" y="704.91" angle="180.00" type="DEFAULT_VEHTYPE" speed="13.89" pos="100.16" lane="2/3to2/4_0" slope="0.00"/>
        <vehicle id="5" x="398.35" y="448.48" angle="0.00" type="DEFAULT_VEHTYPE" speed="13.25" pos="146.77" lane="2/3to2/2_0" slope="0.00"/>
        <vehicle id="7" x="201.65" y="503.59" angle="180.00" type="DEFAULT_VEHTYPE" speed="13.06" pos="98.84" lane="1/2to1/3_0" slope="0.00"/>
        <vehicle id="8" x="398.35" y="246.13" angle="0.00" type="DEFAULT_VEHTYPE" speed="12.89" pos="149.12" lane="2/2to2/1_0" slope="0.00"/>
    </timestep>
    <timestep time="543.00">
        <vehicle id="0" x="175.07" y="398.35" angle="90.00" type="DEFAULT_VEHTYPE" speed="11.13" pos="175.07" lane="0/2to1/2_0" slope="0.00"/>
        <vehicle id="1" x="598.35" y="531.95" angle="0.00" type="DEFAULT_VEHTYPE" speed="13.56" pos="63.30" lane="3/3to3/2_0" slope="0.00"/>
        <vehicle id="17" x="283.26" y="598.35" angle="90.00" type="DEFAULT_VEHTYPE" speed="13.50" pos="78.51" lane="1/3to2/3_0" slope="0.00"/>
        <vehicle id="18" x="201.65" y="473.29" angle="180.00" type="DEFAULT_VEHTYPE" speed="13.15" pos="68.54" lane="1/2to1/3_0" slope="0.00"/>
        <vehicle id="21" x="41.08" y="401.65" angle="-90.00" type="DEFAULT_VEHTYPE" speed="13.10" pos="154.17" lane="1/2to0/2_0" slope="0.00"/>
        <vehicle id="22" x="601.65" y="292.66" angle="180.00" type="DEFAULT_VEHTYPE" speed="13.07" pos="87.91" lane="3/1to3/2_0" slope="0.00"/>
        <vehicle id="24" x="398.35" y="690.55" angle="0.00" type="DEFAULT_VEHTYPE" speed="12.77" pos="109.45" lane="2/4to2/3_0" slope="0.00"/>
        <vehicle id="26" x="398.35" y="714.47" angle="0.00" type="DEFAULT_VEHTYPE" speed="12.75" pos="85.53" lane="2/4to2/3_0" slope="0.00"/>
        <vehicle id="28" x="237.90" y="598.35" angle="90.00" type="DEFAULT_VEHTYPE" speed="12.73" pos="33.15" lane="1/3to2/3_0" slope="0.00"/>
        <vehicle id="32" x="401.65" y="693.06" angle="180.00" type="DEFAULT_VEHTYPE" speed="13.73" pos="88.31" lane="2/3to2/4_0" slope="0.00"/>
        <vehicle id="35" x="398.35" y="348.43" angle="0.00" type="DEFAULT_VEHTYPE" speed="13.35" pos="46.82" lane="2/2to2/1_0" slope="0.00"/>
        <vehicle id="37" x="398.35" y="301.71" angle="0.00" type="DEFAULT_VEHTYPE" speed="13.53" pos="93.54" lane="2/2to2/1_0" slope="0.00"/>
        <vehicle id="38" x="198.35" y="208.34" angle="0.00" type="DEFAULT_VEHTYPE" speed="13.90" pos="186.91" lane="1/2to1/1_0" slope="0.00"/>
        <vehicle id="41" x="343.16" y="598.35" angle="90.00" type="DEFAULT_VEHTYPE" speed="13.12" pos="138.41" lane="1/3to2/3_0" slope="0.00"/>
        <vehicle id="44" x="398.35" y="798.70" angle="-50.25" type="DEFAULT_VEHTYPE" speed="13.07" pos="1.30" lane="2/4to2/3_0" slope="0.00"/>
        <vehicle id="48" x="401.65" y="717.97" angle="180.00" type="DEFAULT_VEHTYPE" speed="13.06" pos="113.22" lane="2/3to2/4_0" slope="0.00"/>
        <vehicle id="5" x="398.35" y="435.73" angle="0.00" type="DEFAULT_VEHTYPE" speed="12.76" pos="159.52" lane="2/3to2/2_0" slope="0.00"/>
        <vehicle id="7" x="201.65" y="516.77" angle="180.00" type="DEFAULT_VEHTYPE" speed="13.18" pos="112.02" lane="1/2to1/3_0" slope="0.00"/>
        <vehicle id="8" x="398.35" y="232.97" angle="0.00" type="DEFAULT_VEHTYPE" speed="13.16" pos="162.28" lane="2/2to2/1_0" slope="0.00"/>
    </timestep>
    <timestep time="544.00">
        <vehicle id="0" x="182.85" y="398.35" angle="90.00" type="DEFAULT_VEHTYPE" speed="7.78" pos="182.85" lane="0/2to1/2_0" slope="0.00"/>
        <vehicle id="1" x="598.35" y="519.05" angle="0.00" type="DEFAULT_VEHTYPE" speed="12.91" pos="76.20" lane="3/3to3/2_0" slope="0.00"/>
        <vehicle id="17" x="296.90" y="598.35" angle="90.00" type="DEFAULT_VEHTYPE" speed="13.64" pos="92.15" lane="1/3to2/3_0" slope="0.00"/>
        <vehicle id="18" x="201.65" y="486.88" angle="180.00" type="DEFAULT_VEHTYPE" speed="13.59" pos="82.13" lane="1/2to1/3_0" slope="0.00"/>
        <vehicle id="21" x="27.21" y="401.65" angle="-90.00" type="DEFAULT_VEHTYPE" speed="13.88" pos="168.04" lane="1/2to0/2_0" slope="0.00"/>
        <vehicle id="22" x="601.65" y="305.27" angle="180.00" type="DEFAULT_VEHTYPE" speed="12.61" pos="100.52" lane="3/1to3/2_0" slope="0.00"/>
        <vehicle id="24" x="398.35" y="677.69" angle="0.00" type="DEFAULT_VEHTYPE" speed="12.86" pos="122.31" lane="2/4to2/3_0" slope="0.00"/>
        <vehicle id="26" x="398.35" y="700.97" angle="0.00" type="DEFAULT_VEHTYPE" speed="13.50" pos="99.03" lane="2/4to2/3_0" slope="0.00"/>
        <vehicle id="28" x="251.28" y="598.35" angle="90.00" type="DEFAULT_VEHTYPE" speed="13.38" pos="46.53" lane="1/3to2/3_0" slope="0.00"/>
        <vehicle id="32" x="401.65" y="705.81" angle="180.00" type="DEFAULT_VEHTYPE" speed="12.75" pos="101.06" lane="2/3to2/4_0" slope="0.00"/>
        <vehicle id="35" x="398.35" y="335.75" angle="0.00" type="DEFAULT_VEHTYPE" speed="12.68" pos="59.50" lane="2/2to2/1_0" slope="0.00"/>
        <vehicle id="37" x="398.35" y="287.91" angle="0.00" type="DEFAULT_VEHTYPE" speed="13.80" pos="107.34" lane="2/2to2/1_0" slope="0.00"/>
        <vehicle id="38" x="190.67" y="201.65" angle="-89.33" type="DEFAULT_VEHTYPE" speed="13.17" pos="4.58" lane="1/1to0/1_0" slope="0.00"/>
        <vehicle id="41" x="356.81" y="598.35" angle="90.00" type="DEFAULT_VEHTYPE" speed="13.65" pos="152.06" lane="1/3to2/3_0" slope="0.00"/>
        <vehicle id="44" x="398.35" y="785.01" angle="0.00" type="DEFAULT_VEHTYPE" speed="13.69" pos="14.99" lane="2/4to2/3_0" slope="0.00"/>
        <vehicle id="48" x="401.65" y="731.42" angle="180.00" type="DEFAULT_VEHTYPE" speed="13.45" pos="126.67" lane="2/3to2/4_0" slope="0.00"/>
        <vehicle id="5" x="398.35" y="422.86" angle="0.00" type="DEFAULT_VEHTYPE" speed="12.87" pos="172.39" lane="2/3to2/2_0" slope="0.00"/>
        <vehicle id="7" x="201.65" y="529.60" angle="180.00" type="DEFAULT_VEHTYPE" speed="12.83" pos="124.85" lane="1/2to1/3_0" slope="0.00"/>
        <vehicle id="8" x="398.35" y="219.94" angle="0.00" type="DEFAULT_VEHTYPE" speed="13.03" pos="175.31" lane="2/2to2/1_0" slope="0.00"/>
    </timestep>
    <timestep time="545.00">
        <vehicle id="0" x="188.37" y="398.35" angle="90.00" type="DEFAULT_VEHTYPE" speed="5.52" pos="188.37" lane="0/2to1/2_0" slope="0.00"/>
        <vehicle id="1" x="598.35" y="505.50" angle="0.00" type="DEFAULT_VEHTYPE" speed="13.55" pos="89.75" lane="3/3to3/2_0" slope="0.00"/>
        <vehicle id="17" x="309.51" y="598.35" angle="90.00" type="DEFAULT_VEHTYPE" speed="12.61" pos="104.76" lane="1/3to2/3_0" slope="0.00"/>
        <vehicle id="18" x="201.65" y="499.70" angle="180.00" type="DEFAULT_VEHTYPE" speed="12.81" pos="94.95" lane="1/2to1/3_0" slope="0.00"/>
        <vehicle id="21" x="13.39" y="401.65" angle="-90.00" type="DEFAULT_VEHTYPE" speed="13.82" pos="181.86" lane="1/2to0/2_0" slope="0.00"/>
        <vehicle id="22" x="601.65" y="318.27" angle="180.00" type="DEFAULT_VEHTYPE" speed="13.01" pos="113.52" lane="3/1to3/2_0" slope="0.00"/>
        <vehicle id="24" x="398.35" y="664.15" angle="0.00" type="DEFAULT_VEHTYPE" speed="13.54" pos="135.85" lane="2/4to2/3_0" slope="0.00"/>
        <vehicle id="26" x="398.35" y="687.92" angle="0.00" type="DEFAULT_VEHTYPE" speed="13.05" pos="112.08" lane="2/4to2/3_0" slope="0.00"/>
        <vehicle id="28" x="264.60" y="598.35" angle="90.00" type="DEFAULT_VEHTYPE" speed="13.32" pos="59.85" lane="1/3to2/3_0" slope="0.00"/>
        <vehicle id="32" x="401.65" y="719.46" angle="180.00" type="DEFAULT_VEHTYPE" speed="13.65" pos="114.71" lane="2/3to2/4_0" slope="0.00"/>
        <vehicle id="35" x="398.35" y="322.14" angle="0.00" type="DEFAULT_VEHTYPE" speed="13.61" pos="73.11" lane="2/2to2/1_0" slope="0.00"/>
        <vehicle id="37" x="398.35" y="274.25" angle="0.00" type="DEFAULT_VEHTYPE" speed="13.66" pos="121.00" lane="2/2to2/1_0" slope="0.00"/>
        <vehicle id="38" x="177.85" y="201.65" angle="-90.00" type="DEFAULT_VEHTYPE" speed="12.81" pos="17.40" lane="1/1to0/1_0" slope="0.00"/>
        <vehicle id="41" x="370.06" y="598.35" angle="90.00" type="DEFAULT_VEHTYPE" speed="13.25" pos="165.31" lane="1/3to2/3_0" slope="0.00"/>
        <vehicle id="44" x="398.35" y="771.89" angle="0.00" type="DEFAULT_VEHTYPE" speed="13.12" pos="28.11" lane="2/4to2/3_0" slope="0.00"/>
        <vehicle id="48" x="401.65" y="745.19" angle="180.00" type="DEFAULT_VEHTYPE" speed="13.77" pos="140.44" lane="2/3to2/4_0" slope="0.00"/>
        <vehicle id="5" x="398.35" y="409.09" angle="0.00" type="DEFAULT_VEHTYPE" speed="13.77" pos="186.16" lane="2/3to2/2_0" slope="0.00"/>
        <vehicle id="7" x="201.65" y="542.70" angle="180.00" type="DEFAULT_VEHTYPE" speed="13.10" pos="137.95" lane="1/2to1/3_0" slope="0.00"/>
        <vehicle id="8" x="398.35" y="206.76" angle="0.00" type="DEFAULT_VEHTYPE" speed="13.18" pos="188.49" lane="2/2to2/1_0" slope="0.00"/>
    </timestep>
    <timestep time="546.00">
        <vehicle id="0" x="195.28" y="398.35" angle="90.05" type="DEFAULT_VEHTYPE" speed="6.90" pos="0.03" lane=":1/2_14_0" slope="0.00"/>
        <vehicle id="1" x="598.35" y="492.66" angle="0.00" type="DEFAULT_VEHTYPE" speed="12.84" pos="102.59" lane="3/3to3/2_0" slope="0.00"/>
        <vehicle id="17" x="322.61" y="598.35" angle="90.00" type="DEFAULT_VEHTYPE" speed="13.10" pos="117.86" lane="1/3to2/3_0" slope="0.00"/>
        <vehicle id="18" x="201.65" y="512.42" angle="180.00" type="DEFAULT_VEHTYPE" speed="12.72" pos="107.67" lane="1/2to1/3_0" slope="0.00"/>
        <vehicle id="21" x="0.62" y="401.65" angle="-90.00" type="DEFAULT_VEHTYPE" speed="12.77" pos="194.63" lane="1/2to0/2_0" slope="0.00"/>
        <vehicle id="22" x="601.65" y="331.38" angle="180.00" type="DEFAULT_VEHTYPE" speed="13.11" pos="126.63" lane="3/1to3/2_0" slope="0.00"/>
        <vehicle id="24" x="398.35" y="651.12" angle="0.00" type="DEFAULT_VEHTYPE" speed="13.03" pos="148.88" lane="2/4to2/3_0" slope="0.00"/>
        <vehicle id="26" x="398.35" y="675.02" angle="0.00" type="DEFAULT_VEHTYPE" speed="12.90" pos="124.98" lane="2/4to2/3_0" slope="0.00"/>
        <vehicle id="28" x="277.55" y="598.35" angle="90.00" type="DEFAULT_VEHTYPE" speed="12.95" pos="72.80" lane="1/3to2/3_0" slope="0.00"/>
        <vehicle id="32" x="401.65" y="733.15" angle="180.00" type="DEFAULT_VEHTYPE" speed="13.69" pos="128.40" lane="2/3to2/4_0" slope="0.00"/>
        <vehicle id="35" x="398.35" y="308.55" angle="0.00" type="DEFAULT_VEHTYPE" speed="13.59" pos="86.70" lane="2/2to2/1_0" slope="0.00"/>
        <vehicle id="37" x="398.35" y="261.21" angle="0.00" type="DEFAULT_VEHTYPE" speed="13.04" pos="134.04" lane="2/2to2/1_0" slope="0.00"/>
        <vehicle id="38" x="164.35" y="201.65" angle="-90.00" type="DEFAULT_VEHTYPE" speed="13.50" pos="30.90" lane="1/1to0/1_0" slope="0.00"/>
        <vehicle id="41" x="379.91" y="598.35" angle="90.00" type="DEFAULT_VEHTYPE" speed="9.85" pos="175.16" lane="1/3to2/3_0" slope="0.00"/>
        <vehicle id="44" x="398.35" y="758.99" angle="0.00" type="DEFAULT_VEHTYPE" speed="12.90" pos="41.01" lane="2/4to2/3_0" slope="0.00"/>
        <vehicle id="48" x="401.65" y="757.97" angle="180.00" type="DEFAULT_VEHTYPE" speed="12.78" pos="153.22" lane="2/3to2/4_0" slope="0.00"/>
        <vehicle id="5" x="398.35" y="396.38" angle="0.00" type="DEFAULT_VEHTYPE" speed="12.71" pos="8.37" lane=":2/2_1_0" slope="0.00"/>
        <vehicle id="7" x="201.65" y="556.58" angle="180.00" type="DEFAULT_VEHTYPE" speed="13.88" pos="151.83" lane="1/2to1/3_0" slope="0.00"/>
        <vehicle id="8" x="389.02" y="201.65" angle="-90.00" type="DEFAULT_VEHTYPE" speed="13.24" pos="6.23" lane="2/1to1/1_0" slope="0.00"/>
    </timestep>
    <timestep time="547.00">
        <vehicle id="0" x="201.41" y="403.08" angle="145.67" type="DEFAULT_VEHTYPE" speed="8.60" pos="8.63" lane=":1/2_14_0" slope="0.00"/>
        <vehicle id="1" x="598.35" y="479.37" angle="0.00" type="DEFAULT_VEHTYPE" speed="13.29" pos="115.88" lane="3/3to3/2_0" slope="0.00"/>
        <vehicle id="17" x="336.23" y="598.35" angle="90.00" type="DEFAULT_VEHTYPE" speed="13.63" pos="131.48" lane="1/3to2/3_0" slope="0.00"/>
        <vehicle id="18" x="201.65" y="525.96" angle="180.00" type="DEFAULT_VEHTYPE" speed="13.54" pos="121.21" lane="1/2to1/3_0" slope="0.00"/>
        <vehicle id="21" x="7.63" y="398.35" angle="90.00" type="DEFAULT_VEHTYPE" speed="13.07" pos="7.63" lane="0/2to1/2_0" slope="0.00"/>
        <vehicle id="22" x="601.65" y="344.21" angle="180.00" type="DEFAULT_VEHTYPE" speed="12.83" pos="139.46" lane="3/1to3/2_0" slope="0.00"/>
        <vehicle id="24" x="398.35" y="637.70" angle="0.00" type="DEFAULT_VEHTYPE" speed="13.43" pos="162.30" lane="2/4to2/3_0" slope="0.00"/>
        <vehicle id="26" x="398.35" y="662.07" angle="0.00" type="DEFAULT_VEHTYPE" speed="12.94" pos="137.93" lane="2/4to2/3_0" slope="0.00"/>
        <vehicle id="28" x="290.28" y="598.35" angle="90.00" type="DEFAULT_VEHTYPE" speed="12.73" pos="85.53" lane="1/3to2/3_0" slope="0.00"/>
        <vehicle id="32" x="401.65" y="746.91" angle="180.00" type="DEFAULT_VEHTYPE" speed="13.76" pos="142.16" lane="2/3to2/4_0" slope="0.00"/>
        <vehicle id="35" x="398.35" y="295.26" angle="0.00" type="DEFAULT_VEHTYPE" speed="13.29" pos="99.99" lane="2/2to2/1_0" slope="0.00"/>
        <vehicle id="37" x="398.35" y="248.55" angle="0.00" type="DEFAULT_VEHTYPE" speed="12.66" pos="146.70" lane="2/2to2/1_0" slope="0.00"/>
        <vehicle id="38" x="151.14" y="201.65" angle="-90.00" type="DEFAULT_VEHTYPE" speed="13.21" pos="44.11" lane="1/1to0/1_0" slope="0.00"/>
        <vehicle id="41" x="386.18" y="598.35" angle="90.00" type="DEFAULT_VEHTYPE" speed="6.27" pos="181.43" lane="1/3to2/3_0" slope="0.00"/>
        <vehicle id="44" x="398.35" y="746.16" angle="0.00" type="DEFAULT_VEHTYPE" speed="12.83" pos="53.84" lane="2/4to2/3_0" slope="0.00"/>
        <vehicle id="48" x="401.65" y="771.02" angle="180.00" type="DEFAULT_VEHTYPE" speed="13.05" pos="166.27" lane="2/3to2/4_0" slope="0.00"/>
        <vehicle id="5" x="398.35" y="383.31" angle="0.00" type="DEFAULT_VEHTYPE" speed="13.07" pos="11.94" lane="2/2to2/1_0" slope="0.00"/>
        <vehicle id="7" x="201.65" y="569.54" angle="180.00" type="DEFAULT_VEHTYPE" speed="12.96" pos="164.79" lane="1/2to1/3_0" slope="0.00"/>
        <vehicle id="8" x="376.03" y="201.65" angle="-90.00" type="DEFAULT_VEHTYPE" speed="12.99" pos="19.22" lane="2/1to1/1_0" slope="0.00"/>
    </timestep>
    <timestep time="548.00">
        <vehicle id="0" x="201.65" y="413.74" angle="180.00" type="DEFAULT_VEHTYPE" speed="10.68" pos="8.99" lane="1/2to1/3_0" slope="0.00"/>
        <vehicle id="1" x="598.35" y="465.90" angle="0.00" type="DEFAULT_VEHTYPE" speed="13.47" pos="129.35" lane="3/3to3/2_0" slope="0.00"/>
        <vehicle id="17" x="349.22" y="598.35" angle="90.00" type="DEFAULT_VEHTYPE" speed="12.99" pos="144.47" lane="1/3to2/3_0" slope="0.00"/>
        <vehicle id="18" x="201.65" y="539.20" angle="180.00" type="DEFAULT_VEHTYPE" speed="13.24" pos="134.45" lane="1/2to1/3_0" slope="0.00"/>
        <vehicle id="21" x="20.86" y="398.35" angle="90.00" type="DEFAULT_VEHTYPE" speed="13.23" pos="20.86" lane="0/2to1/2_0" slope="0.00"/>
        <vehicle id="22" x="601.65" y="356.83" angle="180.00" type="DEFAULT_VEHTYPE" speed="12.62" pos="152.08" lane="3/1to3/2_0" slope="0.00"/>
        <vehicle id="24" x="398.35" y="624.01" angle="0.00" type="DEFAULT_VEHTYPE" speed="13.69" pos="175.99" lane="2/4to2/3_0" slope="0.00"/>
        <vehicle id="26" x="398.35" y="648.51" angle="0.00" type="DEFAULT_VEHTYPE" speed="13.57" pos="151.49" lane="2/4to2/3_0" slope="0.00"/>
        <vehicle id="28" x="303.86" y="598.35" angle="90.00" type="DEFAULT_VEHTYPE" speed="13.58" pos="99.11" lane="1/3to2/3_0" slope="0.00"/>
        <vehicle id="32" x="401.65" y="759.95" angle="180.00" type="DEFAULT_VEHTYPE" speed="13.04" pos="155.20" lane="2/3to2/4_0" slope="0.00"/>
        <vehicle id="35" x="398.35" y="281.55" angle="0.00" type="DEFAULT_VEHTYPE" speed="13.72" pos="113.70" lane="2/2to2/1_0" slope="0.00"/>
        <vehicle id="37" x="398.35" y="235.14" angle="0.00" type="DEFAULT_VEHTYPE" speed="13.41" pos="160.11" lane="2/2to2/1_0" slope="0.00"/>
        <vehicle id="38" x="138.38" y="201.65" angle="-90.00" type="DEFAULT_VEHTYPE" speed="12.76" pos="56.87" lane="1/1to0/1_0" slope="0.00"/>
        <vehicle id="41" x="390.15" y="598.35" angle="90.00" type="DEFAULT_VEHTYPE" speed="3.97" pos="185.40" lane="1/3to2/3_0" slope="0.00"/>
        <vehicle id="44" x="398.35" y="733.28" angle="0.00" type="DEFAULT_VEHTYPE" speed="12.88" pos="66.72" lane="2/4to2/3_0" slope="0.00"/>
        <vehicle id="48" x="401.65" y="784.78" angle="180.00" type="DEFAULT_VEHTYPE" speed="13.76" pos="180.03" lane="2/3to2/4_0" slope="0.00"/>
        <vehicle id="5" x="398.35" y="370.08" angle="0.00" type="DEFAULT_VEHTYPE" speed="13.23" pos="25.17" lane="2/2to2/1_0" slope="0.00"/>
        <vehicle id="7" x="201.65" y="582.17" angle="180.00" type="DEFAULT_VEHTYPE" speed="12.64" pos="177.42" lane="1/2to1/3_0" slope="0.00"/>
        <vehicle id="8" x="363.10" y="201.65" angle="-90.00" type="DEFAULT_VEHTYPE" speed="12.93" pos="32.15" lane="2/1to1/1_0" slope="0.00"/>
    </timestep>
    <timestep time="549.00">
        <vehicle id="0" x="201.65" y="426.77" angle="180.00" type="DEFAULT_VEHTYPE" speed="13.03" pos="22.02" lane="1/2to1/3_0" slope="0.00"/>
        <vehicle id="1" x="598.35" y="452.98" angle="0.00" type="DEFAULT_VEHTYPE" speed="12.92" pos="142.27" lane="3/3to3/2_0" slope="0.00"/>
        <vehicle id="17" x="362.55" y="598.35" angle="90.00" type="DEFAULT_VEHTYPE" speed="13.32" pos="157.80" lane="1/3to2/3_0" slope="0.00"/>
        <vehicle id="18" x="201.65" y="552.96" angle="180.00" type="DEFAULT_VEHTYPE" speed="13.76" pos="148.21" lane="1/2to1/3_0" slope="0.00"/>
        <vehicle id="21" x="34.15" y="398.35" angle="90.00" type="DEFAULT_VEHTYPE" speed="13.29" pos="34.15" lane="0/2to1/2_0" slope="0.00"/>
        <vehicle id="22" x="601.65" y="369.87" angle="180.00" type="DEFAULT_VEHTYPE" speed="13.03" pos="165.12" lane="3/1to3/2_0" slope="0.00"/>
        <vehicle id="24" x="398.35" y="610.43" angle="0.00" type="DEFAULT_VEHTYPE" speed="13.58" pos="189.57" lane="2/4to2/3_0" slope="0.00"/>
        <vehicle id="26" x="398.35" y="635.52" angle="0.00" type="DEFAULT_VEHTYPE" speed="12.98" pos="164.48" lane="2/4to2/3_0" slope="0.00"/>
        <vehicle id="28" x="316.56" y="598.35" angle="90.00" type="DEFAULT_VEHTYPE" speed="12.70" pos="111.81" lane="1/3to2/3_0" slope="0.00"/>
        <vehicle id="32" x="401.65" y="773.38" angle="180.00" type="DEFAULT_VEHTYPE" speed="13.43" pos="168.63" lane="2/3to2/4_0" slope="0.00"/>
        <vehicle id="35" x="398.35" y="267.86" angle="0.00" type="DEFAULT_VEHTYPE" speed="13.68" pos="127.39" lane="2/2to2/1_0" slope="0.00"/>
        <vehicle id="37" x="398.35" y="222.48" angle="0.00" type="DEFAULT_VEHTYPE" speed="12.65" pos="172.77" lane="2/2to2/1_0" slope="0.00"/>
        <vehicle id="38" x="125.55" y="201.65" angle="-90.00" type="DEFAULT_VEHTYPE" speed="12.83" pos="69.70" lane="1/1to0/1_0" slope="0.00"/>
        <vehicle id="41" x="391.67" y="598.35" angle="90.00" type="DEFAULT_VEHTYPE" speed="1.52" pos="186.92" lane="1/3to2/3_0" slope="0.00"/>
        <vehicle id="44" x="398.35" y="720.20" angle="0.00" type="DEFAULT_VEHTYPE" speed="13.07" pos="79.80" lane="2/4to2/3_0" slope="0.00"/>
        <vehicle id="48" x="401.65" y="797.61" angle="180.00" type="DEFAULT_VEHTYPE" speed="12.83" pos="192.86" lane="2/3to2/4_0" slope="0.00"/>
        <vehicle id="5" x="398.35" y="356.34" angle="0.00" type="DEFAULT_VEHTYPE" speed="13.74" pos="38.91" lane="2/2to2/1_0" slope="0.00"/>
        <vehicle id="7" x="201.65" y="595.08" angle="180.00" type="DEFAULT_VEHTYPE" speed="12.90" pos="190.33" lane="1/2to1/3_0" slope="0.00"/>
        <vehicle id="8" x="349.88" y="201.65" angle="-90.00" type="DEFAULT_VEHTYPE" speed="13.22" pos="45.37" lane="2/1to1/1_0" slope="0.00"/>
    </timestep>
    <timestep time="550.00">
        <vehicle id="0" x="201.65" y="440.17" angle="180.00" type="DEFAULT_VEHTYPE" speed="13.40" pos="35.42" lane="1/2to1/3_0" slope="0.00"/>
        <vehicle id="1" x="598.35" y="439.71" angle="0.00" type="DEFAULT_VEHTYPE" speed="13.28" pos="155.54" lane="3/3to3/2_0" slope="0.00"/>
        <vehicle id="17" x="371.56" y="598.35" angle="90.00" type="DEFAULT_VEHTYPE" speed="9.01" pos="166.81" lane="1/3to2/3_0" slope="0.00"/>
        <vehicle id="18" x="201.65" y="566.82" angle="180.00" type="DEFAULT_VEHTYPE" speed="13.86" pos="162.07" lane="1/2to1/3_0" slope="0.00"/>
        <vehicle id="21" x="46.78" y="398.35" angle="90.00" type="DEFAULT_VEHTYPE" speed="12.63" pos="46.78" lane="0/2to1/2_0" slope="0.00"/>
        <vehicle id="22" x="601.65" y="380.15" angle="180.00" type="DEFAULT_VEHTYPE" speed="10.29" pos="175.40" lane="3/1to3/2_0" slope="0.00"/>
        <vehicle id="24" x="398.35" y="597.79" angle="0.00" type="DEFAULT_VEHTYPE" speed="12.64" pos="6.96" lane=":2/3_1_0" slope="0.00"/>
        <vehicle id="26" x="398.35" y="622.44" angle="0.00" type="DEFAULT_VEHTYPE" speed="13.08" pos="177.56" lane="2/4to2/3_0" slope="0.00"/>
        <vehicle id="28" x="330.06" y="598.35" angle="90.00" type="DEFAULT_VEHTYPE" speed="13.50" pos="125.31" lane="1/3to2/3_0" slope="0.00"/>
        <vehicle id="32" x="401.65" y="786.62" angle="180.00" type="DEFAULT_VEHTYPE" speed="13.25" pos="181.87" lane="2/3to2/4_0" slope="0.00"/>
        <vehicle id="35" x="398.35" y="254.12" angle="0.00" type="DEFAULT_VEHTYPE" speed="13.75" pos="141.13" lane="2/2to2/1_0" slope="0.00"/>
        <vehicle id="37" x="398.35" y="209.32" angle="0.00" type="DEFAULT_VEHTYPE" speed="13.16" pos="185.93" lane="2/2to2/1_0" slope="0.00"/>
        <vehicle id="38" x="112.83" y="201.65" angle="-90.00" type="DEFAULT_VEHTYPE" speed="12.72" pos="82.42" lane="1/1to0/1_0" slope="0.00"/>
        <vehicle id="41" x="392.25" y="598.35" angle="90.00" type="DEFAULT_VEHTYPE" speed="0.58" pos="187.50" lane="1/3to2/3_0" slope="0.00"/>
        <vehicle id="44" x="398.35" y="707.36" angle="0.00" type="DEFAULT_VEHTYPE" speed="12.85" pos="92.64" lane="2/4to2/3_0" slope="0.00"/>
        <vehicle id="48" x="398.35" y="793.50" angle="0.00" type="DEFAULT_VEHTYPE" speed="13.70" pos="6.50" lane="2/4to2/3_0" slope="0.00"/>
        <vehicle id="5" x="398.35" y="343.42" angle="0.00" type="DEFAULT_VEHTYPE" speed="12.93" pos="51.83" lane="2/2to2/1_0" slope="0.00"/>
        <vehicle id="7" x="212.24" y="598.35" angle="90.00" type="DEFAULT_VEHTYPE" speed="12.66" pos="7.49" lane="1/3to2/3_0" slope="0.00"/>
        <vehicle id="8" x="336.38" y="201.65" angle="-90.00" type="DEFAULT_VEHTYPE" speed="13.50" pos="58.87" lane="2/1to1/1_0" slope="0.00"/>
    </timestep>
    <timestep time="551.00">
        <vehicle id="0" x="201.65" y="453.75" angle="180.00" type="DEFAULT_VEHTYPE" speed="13.58" pos="49.00" lane="1/2to1/3_0" slope="0.00"/>
        <vehicle id="1" x="598.35" y="426.66" angle="0.00" type="DEFAULT_VEHTYPE" speed="13.05" pos="168.59" lane="3/3to3/2_0" slope="0.00"/>
        <vehicle id="17" x="378.82" y="598.35" angle="90.00" type="DEFAULT_VEHTYPE" speed="7.26" pos="174.07" lane="1/3to2/3_0" slope="0.00"/>
        <vehicle id="18" x="201.65" y="580.11" angle="180.00" type="DEFAULT_VEHTYPE" speed="13.29" pos="175.36" lane="1/2to1/3_0" slope="0.00"/>
        <vehicle id="21" x="60.52" y="398.35" angle="90.00" type="DEFAULT_VEHTYPE" speed="13.74" pos="60.52" lane="0/2to1/2_0" slope="0.00"/>
        <vehicle id="22" x="601.65" y="386.56" angle="180.00" type="DEFAULT_VEHTYPE" speed="6.41" pos="181.81" lane="3/1to3/2_0" slope="0.00"/>
        <vehicle id="24" x="398.35" y="584.53" angle="0.00" type="DEFAULT_VEHTYPE" speed="13.26" pos="10.72" lane="2/3to2/2_0" slope="0.00"/>
        <vehicle id="26" x="398.35" y="609.58" angle="0.00" type="DEFAULT_VEHTYPE" speed="12.86" pos="190.42" lane="2/4to2/3_0" slope="0.00"/>
        <vehicle id="28" x="343.12" y="598.35" angle="90.00" type="DEFAULT_VEHTYPE" speed="13.06" pos="138.37" lane="1/3to2/3_0" slope="0.00"/>
        <vehicle id="32" x="401.65" y="799.63" angle="180.00" type="DEFAULT_VEHTYPE" speed="13.01" pos="194.88" lane="2/3to2/4_0" slope="0.00"/>
        <vehicle id="35" x="398.35" y="240.84" angle="0.00" type="DEFAULT_VEHTYPE" speed="13.27" pos="154.41" lane="2/2to2/1_0" slope="0.00"/>
        <vehicle id="37" x="398.35" y="195.47" angle="0.00" type="DEFAULT_VEHTYPE" speed="13.85" pos="9.28" lane=":2/1_1_0" slope="0.00"/>
        <vehicle id="38" x="99.30" y="201.65" angle="-90.00" type="DEFAULT_VEHTYPE" speed="13.53" pos="95.95" lane="1/1to0/1_0" slope="0.00"/>
        <vehicle id="41" x="392.56" y="598.35" angle="90.00" type="DEFAULT_VEHTYPE" speed="0.30" pos="187.81" lane="1/3to2/3_0" slope="0.00"/>
        <vehicle id="44" x="398.35" y="693.94" angle="0.00" type="DEFAULT_VEHTYPE" speed="13.42" pos="106.06" lane="2/4to2/3_0" slope="0.00"/>
        <vehicle id="48" x="398.35" y="780.00" angle="0.00" type="DEFAULT_VEHTYPE" speed="13.50" pos="20.00" lane="2/4to2/3_0" slope="0.00"/>
        <vehicle id="5" x="398.35" y="330.26" angle="0.00" type="DEFAULT_VEHTYPE" speed="13.16" pos="64.99" lane="2/2to2/1_0" slope="0.00"/>
        <vehicle id="7" x="224.97" y="598.35" angle="90.00" type="DEFAULT_VEHTYPE" speed="12.73" pos="20.22" lane="1/3to2/3_0" slope="0.00"/>
        <vehicle id="8" x="323.40" y="201.65" angle="-90.00" type="DEFAULT_VEHTYPE" speed="12.98" pos="71.85" lane="2/1to1/1_0" slope="0.00"/>
    </timestep>
    <timestep time="552.00">
        <vehicle id="0" x="201.65" y="466.66" angle="180.00" type="DEFAULT_VEHTYPE" speed="12.91" pos="61.91" lane="1/2to1/3_0" slope="0.00"/>
        <vehicle id="1" x="598.35" y="413.78" angle="0.00" type="DEFAULT_VEHTYPE" speed="12.88" pos="181.47" lane="3/3to3/2_0" slope="0.00"/>
        <vehicle id="17" x="382.11" y="598.35" angle="90.00" type="DEFAULT_VEHTYPE" speed="3.29" pos="177.36" lane="1/3to2/3_0" slope="0.00"/>
        <vehicle id="18" x="201.65" y="593.78" angle="180.00" type="DEFAULT_VEHTYPE" speed="13.67" pos="189.03" lane="1/2to1/3_0" slope="0.00"/>
        <vehicle id="21" x="73.39" y="398.35" angle="90.00" type="DEFAULT_VEHTYPE" speed="12.86" pos="73.39" lane="0/2to1/2_0" slope="0.00"/>
        <vehicle id="22" x="601.65" y="389.48" angle="180.00" type="DEFAULT_VEHTYPE" speed="2.92" pos="184.73" lane="3/1to3/2_0" slope="0.00"/>
        <vehicle id="24" x="398.35" y="571.08" angle="0.00" type="DEFAULT_VEHTYPE" speed="13.45" pos="24.17" lane="2/3to2/2_0" slope="0.00"/>
        <vehicle id="26" x="398.35" y="596.88" angle="0.00" type="DEFAULT_VEHTYPE" speed="12.70" pos="7.87" lane=":2/3_1_0" slope="0.00"/>
        <vehicle id="28" x="356.35" y="598.35" angle="90.00" type="DEFAULT_VEHTYPE" speed="13.23" pos="151.60" lane="1/3to2/3_0" slope="0.00"/>
        <vehicle id="32" x="398.35" y="792.51" angle="0.00" type="DEFAULT_VEHTYPE" speed="12.67" pos="7.49" lane="2/4to2/3_0" slope="0.00"/>
        <vehicle id="35" x="398.35" y="227.46" angle="0.00" type="DEFAULT_VEHTYPE" speed="13.38" pos="167.79" lane="2/2to2/1_0" slope="0.00"/>
        <vehicle id="37" x="398.35" y="182.57" angle="0.00" type="DEFAULT_VEHTYPE" speed="12.90" pos="12.68" lane="2/1to2/0_0" slope="0.00"/>
        <vehicle id="38" x="85.54" y="201.65" angle="-90.00" type="DEFAULT_VEHTYPE" speed="13.76" pos="109.71" lane="1/1to0/1_0" slope="0.00"/>
        <vehicle id="41" x="392.68" y="598.35" angle="90.00" type="DEFAULT_VEHTYPE" speed="0.12" pos="187.93" lane="1/3to2/3_0" slope="0.00"/>
        <vehicle id="44" x="398.35" y="680.70" angle="0.00" type="DEFAULT_VEHTYPE" speed="13.24" pos="119.30" lane="2/4to2/3_0" slope="0.00"/>
        <vehicle id="48" x="398.35" y="767.14" angle="0.00" type="DEFAULT_VEHTYPE" speed="12.86" pos="32.86" lane="2/4to2/3_0" slope="0.00"/>
        <vehicle id="5" x="398.35" y="317.51" angle="0.00" type="DEFAULT_VEHTYPE" speed="12.75" pos="77.74" lane="2/2to2/1_0" slope="0.00"/>
        <vehicle id="7" x="238.51" y="598.35" angle="90.00" type="DEFAULT_VEHTYPE" speed="13.54" pos="33.76" lane="1/3to2/3_0" slope="0.00"/>
        <vehicle id="8" x="310.18" y="201.65" angle="-90.00" type="DEFAULT_VEHTYPE" speed="13.22" pos="85.07" lane="2/1to1/1_0" slope="0.00"/>
    </timestep>
    <timestep time="553.00">
        <vehicle id="0" x="201.65" y="479.98" angle="180.00" type="DEFAULT_VEHTYPE" speed="13.31" pos="75.23" lane="1/2to1/3_0" slope="0.00"/>
        <vehicle id="1" x="595.59" y="401.70" angle="-39.06" type="DEFAULT_VEHTYPE" speed="13.69" pos="4.66" lane=":3/2_0_0" slope="0.00"/>
        <vehicle id="17" x="383.46" y="598.35" angle="90.00" type="DEFAULT_VEHTYPE" speed="1.35" pos="178.71" lane="1/3to2/3_0" slope="0.00"/>
        <vehicle id="18" x="212.03" y="598.35" angle="90.00" type="DEFAULT_VEHTYPE" speed="13.75" pos="7.28" lane="1/3to2/3_0" slope="0.00"/>
        <vehicle id="21" x="86.05" y="398.35" angle="90.00" type="DEFAULT_VEHTYPE" speed="12.66" pos="86.05" lane="0/2to1/2_0" slope="0.00"/>
        <vehicle id="22" x="601.65" y="394.37" angle="180.00" type="DEFAULT_VEHTYPE" speed="4.89" pos="189.62" lane="3/1to3/2_0" slope="0.00"/>
        <vehicle id="24" x="398.35" y="557.52" angle="0.00" type="DEFAULT_VEHTYPE" speed="13.57" pos="37.73" lane="2/3to2/2_0" slope="0.00"/>
        <vehicle id="26" x="398.35" y="583.74" angle="0.00" type="DEFAULT_VEHTYPE" speed="13.14" pos="11.51" lane="2/3to2/2_0" slope="0.00"/>
        <vehicle id="28" x="365.07" y="598.35" angle="90.00" type="DEFAULT_VEHTYPE" speed="8.73" pos="160.32" lane="1/3to2/3_0" slope="0.00"/>
        <vehicle id="32" x="398.35" y="778.68" angle="0.00" type="DEFAULT_VEHTYPE" speed="13.83" pos="21.32" lane="2/4to2/3_0" slope="0.00"/>
        <vehicle id="35" x="398.35" y="214.06" angle="0.00" type="DEFAULT_VEHTYPE" speed="13.40" pos="181.19" lane="2/2to2/1_0" slope="0.00"/>
        <vehicle id="37" x="398.35" y="169.95" angle="0.00" type="DEFAULT_VEHTYPE" speed="12.62" pos="25.30" lane="2/1to2/0_0" slope="0.00"/>
        <vehicle id="38" x="71.74" y="201.65" angle="-90.00" type="DEFAULT_VEHTYPE" speed="13.80" pos="123.51" lane="1/1to0/1_0" slope="0.00"/>
        <vehicle id="41" x="392.74" y="598.35" angle="90.00" type="DEFAULT_VEHTYPE" speed="0.06" pos="187.99" lane="1/3to2/3_0" slope="0.00"/>
        <vehicle id="44" x="398.35" y="667.93" angle="0.00" type="DEFAULT_VEHTYPE" speed="12.77" pos="132.07" lane="2/4to2/3_0" slope="0.00"/>
        <vehicle id="48" x="398.35" y="753.43" angle="0.00" type="DEFAULT_VEHTYPE" speed="13.71" pos="46.57" lane="2/4to2/3_0" slope="0.00"/>
        <vehicle id="5" x="398.35" y="304.24" angle="0.00" type="DEFAULT_VEHTYPE" speed="13.27" pos="91.01" lane="2/2to2/1_0" slope="0.00"/>
        <vehicle id="7" x="251.68" y="598.35" angle="90.00" type="DEFAULT_VEHTYPE" speed="13.17" pos="46.93" lane="1/3to2/3_0" slope="0.00"/>
        <vehicle id="8" x="296.88" y="201.65" angle="-90.00" type="DEFAULT_VEHTYPE" speed="13.30" pos="98.37" lane="2/1to1/1_0" slope="0.00"/>
    </timestep>
    <timestep time="554.00">
        <vehicle id="0" x="201.65" y="492.99" angle="180.00" type="DEFAULT_VEHTYPE" speed="13.01" pos="88.24" lane="1/2to1/3_0" slope="0.00"/>
        <vehicle id="1" x="581.84" y="401.65" angle="-90.00" type="DEFAULT_VEHTYPE" speed="13.75" pos="13.41" lane="3/2to2/2_0" slope="0.00"/>
        <vehicle id="17" x="384.73" y="598.35" angle="90.00" type="DEFAULT_VEHTYPE" speed="1.27" pos="179.98" lane="1/3to2/3_0" slope="0.00"/>
        <vehicle id="18" x="225.48" y="598.35" angle="90.00" type="DEFAULT_VEHTYPE" speed="13.45" pos="20.73" lane="1/3to2/3_0" slope="0.00"/>
        <vehicle id="21" x="99.31" y="398.35" angle="90.00" type="DEFAULT_VEHTYPE" speed="13.27" pos="99.31" lane="0/2to1/2_0" slope="0.00"/>
        <vehicle id="22" x="599.43" y="400.42" angle="-154.06" type="DEFAULT_VEHTYPE" speed="6.76" pos="5.88" lane=":3/2_10_0" slope="0.00"/>
        <vehicle id="24" x="398.35" y="544.44" angle="0.00" type="DEFAULT_VEHTYPE" speed="13.08" pos="50.81" lane="2/3to2/2_0" slope="0.00"/>
        <vehicle id="26" x="398.35" y="570.57" angle="0.00" type="DEFAULT_VEHTYPE" speed="13.17" pos="24.68" lane="2/3to2/2_0" slope="0.00"/>
        <vehicle id="28" x="371.21" y="598.35" angle="90.00" type="DEFAULT_VEHTYPE" speed="6.13" pos="166.46" lane="1/3to2/3_0" slope="0.00"/>
        <vehicle id="32" x="398.35" y="764.93" angle="0.00" type="DEFAULT_VEHTYPE" speed="13.75" pos="35.07" lane="2/4to2/3_0" slope="0.00"/>
        <vehicle id="35" x="396.32" y="201.80" angle="-26.63" type="DEFAULT_VEHTYPE" speed="13.22" pos="3.92" lane=":2/1_0_0" slope="0.00"/>
        <vehicle id="37" x="398.35" y="156.26" angle="0.00" type="DEFAULT_VEHTYPE" speed="13.69" pos="38.99" lane="2/1to2/0_0" slope="0.00"/>
        <vehicle id="38" x="59.06" y="201.65" angle="-90.00" type="DEFAULT_VEHTYPE" speed="12.68" pos="136.19" lane="1/1to0/1_0" slope="0.00"/>
        <vehicle id="41" x="394.15" y="598.35" angle="90.00" type="DEFAULT_VEHTYPE" speed="1.41" pos="189.40" lane="1/3to2/3_0" slope="0.00"/>
        <vehicle id="44" x="398.35" y="655.12" angle="0.00" type="DEFAULT_VEHTYPE" speed="12.81" pos="144.88" lane="2/4to2/3_0" slope="0.00"/>
        <vehicle id="48" x="398.35" y="739.81" angle="0.00" type="DEFAULT_VEHTYPE" speed="13.62" pos="60.19" lane="2/4to2/3_0" slope="0.00"/>
        <vehicle id="5" x="398.35" y="290.93" angle="0.00" type="DEFAULT_VEHTYPE" speed="13.31" pos="104.32" lane="2/2to2/1_0" slope="0.00"/>
        <vehicle id="7" x="264.73" y="598.35" angle="90.00" type="DEFAULT_VEHTYPE" speed="13.05" pos="59.98" lane="1/3to2/3_0" slope="0.00"/>
        <vehicle id="8" x="283.43" y="201.65" angle="-90.00" type="DEFAULT_VEHTYPE" speed="13.45" pos="111.82" lane="2/1to1/1_0" slope="0.00"/>
    </timestep>
    <timestep time="555.00">
        <vehicle id="0" x="201.65" y="506.05" angle="180.00" type="DEFAULT_VEHTYPE" speed="13.05" pos="101.30" lane="1/2to1/3_0" slope="0.00"/>
        <vehicle id="1" x="568.59" y="401.65" angle="-90.00" type="DEFAULT_VEHTYPE" speed="13.26" pos="26.66" lane="3/2to2/2_0" slope="0.00"/>
        <vehicle id="17" x="386.26" y="598.35" angle="90.00" type="DEFAULT_VEHTYPE" speed="1.52" pos="181.51" lane="1/3to2/3_0" slope="0.00"/>
        <vehicle id="18" x="239.26" y="598.35" angle="90.00" type="DEFAULT_VEHTYPE" speed="13.79" pos="34.51" lane="1/3to2/3_0" slope="0.00"/>
        <vehicle id="21" x="112.18" y="398.35" angle="90.00" type="DEFAULT_VEHTYPE" speed="12.87" pos="112.18" lane="0/2to1/2_0" slope="0.00"/>
        <vehicle id="22" x="590.46" y="401.65" angle="-90.33" type="DEFAULT_VEHTYPE" speed="9.23" pos="4.79" lane="3/2to2/2_0" slope="0.00"/>
        <vehicle id="24" x="398.35" y="531.65" angle="0.00" type="DEFAULT_VEHTYPE" speed="12.79" pos="63.60" lane="2/3to2/2_0" slope="0.00"/>
        <vehicle id="26" x="398.35" y="557.81" angle="0.00" type="DEFAULT_VEHTYPE" speed="12.76" pos="37.44" lane="2/3to2/2_0" slope="0.00"/>
        <vehicle id="28" x="374.73" y="598.35" angle="90.00" type="DEFAULT_VEHTYPE" speed="3.52" pos="169.98" lane="1/3to2/3_0" slope="0.00"/>
        <vehicle id="32" x="398.35" y="752.05" angle="0.00" type="DEFAULT_VEHTYPE" speed="12.88" pos="47.95" lane="2/4to2/3_0" slope="0.00"/>
        <vehicle id="35" x="382.58" y="201.65" angle="-90.00" type="DEFAULT_VEHTYPE" speed="13.75" pos="12.67" lane="2/1to1/1_0" slope="0.00"/>
        <vehicle id="37" x="398.35" y="143.20" angle="0.00" type="DEFAULT_VEHTYPE" speed="13.06" pos="52.05" lane="2/1to2/0_0" slope="0.00"/>
        <vehicle id="38" x="46.27" y="201.65" angle="-90.00" type="DEFAULT_VEHTYPE" speed="12.79" pos="148.98" lane="1/1to0/1_0" slope="0.00"/>
        <vehicle id="41" x="397.32" y="598.65" angle="93.41" type="DEFAULT_VEHTYPE" speed="3.19" pos="2.10" lane=":2/3_14_0" slope="0.00"/>
        <vehicle id="44" x="398.35" y="641.54" angle="0.00" type="DEFAULT_VEHTYPE" speed="13.58" pos="158.46" lane="2/4to2/3_0" slope="0.00"/>
        <vehicle id="48" x="398.35" y="726.78" angle="0.00" type="DEFAULT_VEHTYPE" speed="13.03" pos="73.22" lane="2/4to2/3_0" slope="0.00"/>
        <vehicle id="5" x="398.35" y="277.36" angle="0.00" type="DEFAULT_VEHTYPE" speed="13.57" pos="117.89" lane="2/2to2/1_0" slope="0.00"/>
        <vehicle id="7" x="277.53" y="598.35" angle="90.00" type="DEFAULT_VEHTYPE" speed="12.80" pos="72.78" lane="1/3to2/3_0" slope="0.00"/>
        <vehicle id="8" x="270.05" y="201.65" angle="-90.00" type="DEFAULT_VEHTYPE" speed="13.37" pos="125.20" lane="2/1to1/1_0" slope="0.00"/>
    </timestep>
    <timestep time="556.00">
        <vehicle id="0" x="201.65" y="519.34" angle="180.00" type="DEFAULT_VEHTYPE" speed="13.29" pos="114.59" lane="1/2to1/3_0" slope="0.00"/>
        <vehicle id="1" x="555.07" y="401.65" angle="-90.00" type="DEFAULT_VEHTYPE" speed="13.52" pos="40.18" lane="3/2to2/2_0" slope="0.00"/>
        <vehicle id="17" x="388.58" y="598.35" angle="90.00" type="DEFAULT_VEHTYPE" speed="2.32" pos="183.83" lane="1/3to2/3_0" slope="0.00"/>
        <vehicle id="18" x="251.95" y="598.35" angle="90.00" type="DEFAULT_VEHTYPE" speed="12.69" pos="47.20" lane="1/3to2/3_0" slope="0.00"/>
        <vehicle id="21" x="125.95" y="398.35" angle="90.00" type="DEFAULT_VEHTYPE" speed="13.76" pos="125.95" lane="0/2to1/2_0" slope="0.00"/>
        <vehicle id="22" x="579.07" y="401.65" angle="-90.00" type="DEFAULT_VEHTYPE" speed="11.39" pos="16.18" lane="3/2to2/2_0" slope="0.00"/>
        <vehicle id="24" x="398.35" y="517.82" angle="0.00" type="DEFAULT_VEHTYPE" speed="13.83" pos="77.43" lane="2/3to2/2_0" slope="0.00"/>
        <vehicle id="26" x="398.35" y="545.19" angle="0.00" type="DEFAULT_VEHTYPE" speed="12.62" pos="50.06" lane="2/3to2/2_0" slope="0.00"/>
        <vehicle id="28" x="376.77" y="598.35" angle="90.00" type="DEFAULT_VEHTYPE" speed="2.05" pos="172.02" lane="1/3to2/3_0" slope="0.00"/>
        <vehicle id="32" x="398.35" y="739.41" angle="0.00" type="DEFAULT_VEHTYPE" speed="12.64" pos="60.59" lane="2/4to2/3_0" slope="0.00"/>
        <vehicle id="35" x="369.10" y="201.65" angle="-90.00" type="DEFAULT_VEHTYPE" speed="13.48" pos="26.15" lane="2/1to1/1_0" slope="0.00"/>
        <vehicle id="37" x="398.35" y="130.10" angle="0.00" type="DEFAULT_VEHTYPE" speed="13.10" pos="65.15" lane="2/1to2/0_0" slope="0.00"/>
        <vehicle id="38" x="33.20" y="201.65" angle="-90.00" type="DEFAULT_VEHTYPE" speed="13.07" pos="162.05" lane="1/1to0/1_0" slope="0.00"/>
        <vehicle id="41" x="401.29" y="602.26" angle="137.03" type="DEFAULT_VEHTYPE" speed="5.71" pos="7.80" lane=":2/3_14_0" slope="0.00"/>
        <vehicle id="44" x="398.35" y="630.07" angle="0.00" type="DEFAULT_VEHTYPE" speed="11.47" pos="169.93" lane="2/4to2/3_0" slope="0.00"/>
        <vehicle id="48" x="398.35" y="713.26" angle="0.00" type="DEFAULT_VEHTYPE" speed="13.52" pos="86.74" lane="2/4to2/3_0" slope="0.00"/>
        <vehicle id="5" x="398.35" y="264.31" angle="0.00" type="DEFAULT_VEHTYPE" speed="13.05" pos="130.94" lane="2/2to2/1_0" slope="0.00"/>
        <vehicle id="7" x="290.64" y="598.35" angle="90.00" type="DEFAULT_VEHTYPE" speed="13.11" pos="85.89" lane="1/3to2/3_0" slope="0.00"/>
        <vehicle id="8" x="256.74" y="201.65" angle="-90.00" type="DEFAULT_VEHTYPE" speed="13.31" pos="138.51" lane="2/1to1/1_0" slope="0.00"/>
    </timestep>
    <timestep time="557.00">
        <vehicle id="0" x="201.65" y="532.31" angle="180.00" type="DEFAULT_VEHTYPE" speed="12.97" pos="127.56" lane="1/2to1/3_0" slope="0.00"/>
        <vehicle id="1" x="542.27" y="401.65" angle="-90.00" type="DEFAULT_VEHTYPE" speed="12.80" pos="52.98" lane="3/2to2/2_0" slope="0.00"/>
        <vehicle id="17" x="390.95" y="598.35" angle="90.00" type="DEFAULT_VEHTYPE" speed="2.37" pos="186.20" lane="1/3to2/3_0" slope="0.00"/>
        <vehicle id="18" x="264.65" y="598.35" angle="90.00" type="DEFAULT_VEHTYPE" speed="12.70" pos="59.90" lane="1/3to2/3_0" slope="0.00"/>
        <vehicle id="21" x="139.66" y="398.35" angle="90.00" type="DEFAULT_VEHTYPE" speed="13.72" pos="139.66" lane="0/2to1/2_0" slope="0.00"/>
        <vehicle id="22" x="565.34" y="401.65" angle="-90.00" type="DEFAULT_VEHTYPE" speed="13.73" pos="29.91" lane="3/2to2/2_0" slope="0.00"/>
        <vehicle id="24" x="398.35" y="504.65" angle="0.00" type="DEFAULT_VEHTYPE" speed="13.17" pos="90.60" lane="2/3to2/2_0" slope="0.00"/>
        <vehicle id="26" x="398.35" y="532.01" angle="0.00" type="DEFAULT_VEHTYPE" speed="13.18" pos="63.24" lane="2/3to2/2_0" slope="0.00"/>
        <vehicle id="28" x="379.67" y="598.35" angle="90.00" type="DEFAULT_VEHTYPE" speed="2.90" pos="174.92" lane="1/3to2/3_0" slope="0.00"/>
        <vehicle id="32" x="398.35" y="726.63" angle="0.00" type="DEFAULT_VEHTYPE" speed="12.78" pos="73.37" lane="2/4to2/3_0" slope="0.00"/>
        <vehicle id="35" x="356.15" y="201.65" angle="-90.00" type="DEFAULT_VEHTYPE" speed="12.95" pos="39.10" lane="2/1to1/1_0" slope="0.00"/>
        <vehicle id="37" x="398.35" y="117.03" angle="0.00" type="DEFAULT_VEHTYPE" speed="13.08" pos="78.22" lane="2/1to2/0_0" slope="0.00"/>
        <vehicle id="38" x="20.13" y="201.65" angle="-90.00" type="DEFAULT_VEHTYPE" speed="13.08" pos="175.12" lane="1/1to0/1_0" slope="0.00"/>
        <vehicle id="41" x="401.65" y="610.23" angle="180.00" type="DEFAULT_VEHTYPE" speed="7.99" pos="5.48" lane="2/3to2/4_0" slope="0.00"/>
        <vehicle id="44" x="398.35" y="618.01" angle="0.00" type="DEFAULT_VEHTYPE" speed="12.06" pos="181.99" lane="2/4to2/3_0" slope="0.00"/>
        <vehicle id="48" x="398.35" y="700.04" angle="0.00" type="DEFAULT_VEHTYPE" speed="13.22" pos="99.96" lane="2/4to2/3_0" slope="0.00"/>
        <vehicle id="5" x="398.35" y="251.49" angle="0.00" type="DEFAULT_VEHTYPE" speed="12.82" pos="143.76" lane="2/2to2/1_0" slope="0.00"/>
        <vehicle id="7" x="304.12" y="598.35" angle="90.00" type="DEFAULT_VEHTYPE" speed="13.49" pos="99.37" lane="1/3to2/3_0" slope="0.00"/>
        <vehicle id="8" x="243.73" y="201.65" angle="-90.00" type="DEFAULT_VEHTYPE" speed="13.02" pos="151.52" lane="2/1to1/1_0" slope="0.00"/>
    </timestep>
    <timestep time="558.00">
        <vehicle id="0" x="201.65" y="545.42" angle="180.00" type="DEFAULT_VEHTYPE" speed="13.11" pos="140.67" lane="1/2to1/3_0" slope="0.00"/>
        <vehicle id="1" x="528.69" y="401.65" angle="-90.00" type="DEFAULT_VEHTYPE" speed="13.57" pos="66.56" lane="3/2to2/2_0" slope="0.00"/>
        <vehicle id="17" x="392.01" y="598.35" angle="90.00" type="DEFAULT_VEHTYPE" speed="1.06" pos="187.26" lane="1/3to2/3_0" slope="0.00"/>
        <vehicle id="18" x="277.90" y="598.35" angle="90.00" type="DEFAULT_VEHTYPE" speed="13.26" pos="73.15" lane="1/3to2/3_0" slope="0.00"/>
        <vehicle id="21" x="152.58" y="398.35" angle="90.00" type="DEFAULT_VEHTYPE" speed="12.92" pos="152.58" lane="0/2to1/2_0" slope="0.00"/>
        <vehicle id="22" x="553.13" y="401.65" angle="-90.00" type="DEFAULT_VEHTYPE" speed="12.21" pos="42.12" lane="3/2to2/2_0" slope="0.00"/>
        <vehicle id="24" x="398.35" y="492.00" angle="0.00" type="DEFAULT_VEHTYPE" speed="12.64" pos="103.25" lane="2/3to2/2_0" slope="0.00"/>
        <vehicle id="26" x="398.35" y="518.57" angle="0.00" type="DEFAULT_VEHTYPE" speed="13.44" pos="76.68" lane="2/3to2/2_0" slope="0.00"/>
        <vehicle id="28" x="382.01" y="598.35" angle="90.00" type="DEFAULT_VEHTYPE" speed="2.34" pos="177.26" lane="1/3to2/3_0" slope="0.00"/>
        <vehicle id="32" x="398.35" y="713.69" angle="0.00" type="DEFAULT_VEHTYPE" speed="12.94" pos="86.31" lane="2/4to2/3_0" slope="0.00"/>
        <vehicle id="35" x="342.90" y="201.65" angle="-90.00" type="DEFAULT_VEHTYPE" speed="13.26" pos="52.35" lane="2/1to1/1_0" slope="0.00"/>
        <vehicle id="37" x="398.35" y="104.40" angle="0.00" type="DEFAULT_VEHTYPE" speed="12.63" pos="90.85" lane="2/1to2/0_0" slope="0.00"/>
        <vehicle id="38" x="7.09" y="201.65" angle="-90.00" type="DEFAULT_VEHTYPE" speed="13.04" pos="188.16" lane="1/1to0/1_0" slope="0.00"/>
        <vehicle id="41" x="401.65" y="620.69" angle="180.00" type="DEFAULT_VEHTYPE" speed="10.46" pos="15.94" lane="2/3to2/4_0" slope="0.00"/>
        <vehicle id="44" x="398.35" y="605.26" angle="0.00" type="DEFAULT_VEHTYPE" speed="12.76" pos="194.74" lane="2/4to2/3_0" slope="0.00"/>
        <vehicle id="48" x="398.35" y="686.61" angle="0.00" type="DEFAULT_VEHTYPE" speed="13.43" pos="113.39" lane="2/4to2/3_0" slope="0.00"/>
        <vehicle id="5" x="398.35" y="238.06" angle="0.00" type="DEFAULT_VEHTYPE" speed="13.43" pos="157.19" lane="2/2to2/1_0" slope="0.00"/>
        <vehicle id="7" x="317.96" y="598.35" angle="90.00" type="DEFAULT_VEHTYPE" speed="13.83" pos="113.21" lane="1/3to2/3_0" slope="0.00"/>
        <vehicle id="8" x="229.93" y="201.65" angle="-90.00" type="DEFAULT_VEHTYPE" speed="13.79" pos="165.32" lane="2/1to1/1_0" slope="0.00"/>
    </timestep>
    <timestep time="559.00">
        <vehicle id="0" x="201.65" y="558.59" angle="180.00" type="DEFAULT_VEHTYPE" speed="13.17" pos="153.84" lane="1/2to1/3_0" slope="0.00"/>
        <vehicle id="1" x="515.36" y="401.65" angle="-90.00" type="DEFAULT_VEHTYPE" speed="13.34" pos="79.89" lane="3/2to2/2_0" slope="0.00"/>
        <vehicle id="17" x="392.54" y="598.35" angle="90.00" type="DEFAULT_VEHTYPE" speed="0.53" pos="187.79" lane="1/3to2/3_0" slope="0.00"/>
        <vehicle id="18" x="291.61" y="598.35" angle="90.00" type="DEFAULT_VEHTYPE" speed="13.71" pos="86.86" lane="1/3to2/3_0" slope="0.00"/>
        <vehicle id="21" x="166.22" y="398.35" angle="90.00" type="DEFAULT_VEHTYPE" speed="13.64" pos="166.22" lane="0/2to1/2_0" slope="0.00"/>
        <vehicle id="22" x="539.74" y="401.65" angle="-90.00" type="DEFAULT_VEHTYPE" speed="13.39" pos="55.51" lane="3/2to2/2_0" slope="0.00"/>
        <vehicle id="24" x="398.35" y="478.74" angle="0.00" type="DEFAULT_VEHTYPE" speed="13.26" pos="116.51" lane="2/3to2/2_0" slope="0.00"/>
        <vehicle id="26" x="398.35" y="505.66" angle="0.00" type="DEFAULT_VEHTYPE" speed="12.92" pos="89.59" lane="2/3to2/2_0" slope="0.00"/>
        <vehicle id="28" x="383.60" y="598.35" angle="90.00" type="DEFAULT_VEHTYPE" speed="1.59" pos="178.85" lane="1/3to2/3_0" slope="0.00"/>
        <vehicle id="32" x="398.35" y="699.86" angle="0.00" type="DEFAULT_VEHTYPE" speed="13.84" pos="100.14" lane="2/4to2/3_0" slope="0.00"/>
        <vehicle id="35" x="329.98" y="201.65" angle="-90.00" type="DEFAULT_VEHTYPE" speed="12.92" pos="65.27" lane="2/1to1/1_0" slope="0.00"/>
        <vehicle id="37" x="398.35" y="90.78" angle="0.00" type="DEFAULT_VEHTYPE" speed="13.62" pos="104.47" lane="2/1to2/0_0" slope="0.00"/>
        <vehicle id="38" x="1.50" y="198.35" angle="45.19" type="DEFAULT_VEHTYPE" speed="13.40" pos="1.50" lane="0/1to1/1_0" slope="0.00"/>
        <vehicle id="41" x="401.65" y="633.44" angle="180.00" type="DEFAULT_VEHTYPE" speed="12.75" pos="28.69" lane="2/3to2/4_0" slope="0.00"/>
        <vehicle id="44" x="398.35" y="591.43" angle="0.00" type="DEFAULT_VEHTYPE" speed="13.82" pos="3.82" lane="2/3to2/2_0" slope="0.00"/>
        <vehicle id="48" x="398.35" y="673.65" angle="0.00" type="DEFAULT_VEHTYPE" speed="12.96" pos="126.35" lane="2/4to2/3_0" slope="0.00"/>
        <vehicle id="5" x="398.35" y="224.50" angle="0.00" type="DEFAULT_VEHTYPE" speed="13.57" pos="170.75" lane="2/2to2/1_0" slope="0.00"/>
        <vehicle id="7" x="330.88" y="598.35" angle="90.00" type="DEFAULT_VEHTYPE" speed="12.92" pos="126.13" lane="1/3to2/3_0" slope="0.00"/>
        <vehicle id="8" x="220.40" y="201.65" angle="-90.00" type="DEFAULT_VEHTYPE" speed="9.53" pos="174.85" lane="2/1to1/1_0" slope="0.00"/>
    </timestep>
    <timestep time="560.00">
        <vehicle id="0" x="201.65" y="571.81" angle="180.00" type="DEFAULT_VEHTYPE" speed="13.21" pos="167.06" lane="1/2to1/3_0" slope="0.00"/>
        <vehicle id="1" x="502.02" y="401.65" angle="-90.00" type="DEFAULT_VEHTYPE" speed="13.34" pos="93.23" lane="3/2to2/2_0" slope="0.00"/>
        <vehicle id="17" x="392.72" y="598.35" angle="90.00" type="DEFAULT_VEHTYPE" speed="0.19" pos="187.97" lane="1/3to2/3_0" slope="0.00"/>
        <vehicle id="18" x="304.61" y="598.35" angle="90.00" type="DEFAULT_VEHTYPE" speed="13.00" pos="99.86" lane="1/3to2/3_0" slope="0.00"/>
        <vehicle id="21" x="177.70" y="398.35" angle="90.00" type="DEFAULT_VEHTYPE" speed="11.49" pos="177.70" lane="0/2to1/2_0" slope="0.00"/>
        <vehicle id="22" x="526.84" y="401.65" angle="-90.00" type="DEFAULT_VEHTYPE" speed="12.90" pos="68.41" lane="3/2to2/2_0" slope="0.00"/>
        <vehicle id="24" x="398.35" y="465.51" angle="0.00" type="DEFAULT_VEHTYPE" speed="13.24" pos="129.74" lane="2/3to2/2_0" slope="0.00"/>
        <vehicle id="26" x="398.35" y="491.86" angle="0.00" type="DEFAULT_VEHTYPE" speed="13.80" pos="103.39" lane="2/3to2/2_0" slope="0.00"/>
        <vehicle id="28" x="384.42" y="598.35" angle="90.00" type="DEFAULT_VEHTYPE" speed="0.82" pos="179.67" lane="1/3to2/3_0" slope="0.00"/>
        <vehicle id="32" x="398.35" y="686.17" angle="0.00" type="DEFAULT_VEHTYPE" speed="13.69" pos="113.83" lane="2/4to2/3_0" slope="0.00"/>
        <vehicle id="35" x="317.07" y="201.65" angle="-90.00" type="DEFAULT_VEHTYPE" speed="12.91" pos="78.18" lane="2/1to1/1_0" slope="0.00"/>
        <vehicle id="37" x="398.35" y="77.02" angle="0.00" type="DEFAULT_VEHTYPE" speed="13.76" pos="118.23" lane="2/1to2/0_0" slope="0.00"/>
        <vehicle id="38" x="14.72" y="198.35" angle="90.00" type="DEFAULT_VEHTYPE" speed="13.23" pos="14.72" lane="0/1to1/1_0" slope="0.00"/>
        <vehicle id="41" x="401.65" y="647.07" angle="180.00" type="DEFAULT_VEHTYPE" speed="13.62" pos="42.32" lane="2/3to2/4_0" slope="0.00"/>
        <vehicle id="44" x="398.35" y="578.47" angle="0.00" type="DEFAULT_VEHTYPE" speed="12.96" pos="16.78" lane="2/3to2/2_0" slope="0.00"/>
        <vehicle id="48" x="398.35" y="660.22" angle="0.00" type="DEFAULT_VEHTYPE" speed="13.43" pos="139.78" lane="2/4to2/3_0" slope="0.00"/>
        <vehicle id="5" x="398.35" y="211.45" angle="0.00" type="DEFAULT_VEHTYPE" speed="13.04" pos="183.80" lane="2/2to2/1_0" slope="0.00"/>
        <vehicle id="7" x="344.05" y="598.35" angle="90.00" type="DEFAULT_VEHTYPE" speed="13.18" pos="139.30" lane="1/3to2/3_0" slope="0.00"/>
        <vehicle id="8" x="213.17" y="201.65" angle="-90.00" type="DEFAULT_VEHTYPE" speed="7.23" pos="182.08" lane="2/1to1/1_0" slope="0.00"/>
    </timestep>
    <timestep time="561.00">
        <vehicle id="0" x="201.65" y="585.46" angle="180.00" type="DEFAULT_VEHTYPE" speed="13.65" pos="180.71" lane="1/2to1/3_0" slope="0.00"/>
        <vehicle id="1" x="488.77" y="401.65" angle="-90.00" type="DEFAULT_VEHTYPE" speed="13.25" pos="106.48" lane="3/2to2/2_0" slope="0.00"/>
        <vehicle id="17" x="395.20" y="598.35" angle="90.00" type="DEFAULT_VEHTYPE" speed="2.48" pos="190.45" lane="1/3to2/3_0" slope="0.00"/>
        <vehicle id="18" x="318.31" y="598.35" angle="90.00" type="DEFAULT_VEHTYPE" speed="13.70" pos="113.56" lane="1/3to2/3_0" slope="0.00"/>
        <vehicle id="21" x="185.15" y="398.35" angle="90.00" type="DEFAULT_VEHTYPE" speed="7.45" pos="185.15" lane="0/2to1/2_0" slope="0.00"/>
        <vehicle id="22" x="514.20" y="401.65" angle="-90.00" type="DEFAULT_VEHTYPE" speed="12.64" pos="81.05" lane="3/2to2/2_0" slope="0.00"/>
        <vehicle id="24" x="398.35" y="452.61" angle="0.00" type="DEFAULT_VEHTYPE" speed="12.90" pos="142.64" lane="2/3to2/2_0" slope="0.00"/>
        <vehicle id="26" x="398.35" y="479.06" angle="0.00" type="DEFAULT_VEHTYPE" speed="12.79" pos="116.19" lane="2/3to2/2_0" slope="0.00"/>
        <vehicle id="28" x="384.88" y="598.35" angle="90.00" type="DEFAULT_VEHTYPE" speed="0.46" pos="180.13" lane="1/3to2/3_0" slope="0.00"/>
        <vehicle id="32" x="398.35" y="672.59" angle="0.00" type="DEFAULT_VEHTYPE" speed="13.58" pos="127.41" lane="2/4to2/3_0" slope="0.00"/>
        <vehicle id="35" x="303.89" y="201.65" angle="-90.00" type="DEFAULT_VEHTYPE" speed="13.18" pos="91.36" lane="2/1to1/1_0" slope="0.00"/>
        <vehicle id="37" x="398.35" y="63.23" angle="0.00" type="DEFAULT_VEHTYPE" speed="13.79" pos="132.02" lane="2/1to2/0_0" slope="0.00"/>
        <vehicle id="38" x="27.52" y="198.35" angle="90.00" type="DEFAULT_VEHTYPE" speed="12.79" pos="27.52" lane="0/1to1/1_0" slope="0.00"/>
        <vehicle id="41" x="401.65" y="659.81" angle="180.00" type="DEFAULT_VEHTYPE" speed="12.75" pos="55.06" lane="2/3to2/4_0" slope="0.00"/>
        <vehicle id="44" x="398.35" y="565.67" angle="0.00" type="DEFAULT_VEHTYPE" speed="12.80" pos="29.58" lane="2/3to2/2_0" slope="0.00"/>
        <vehicle id="48" x="398.35" y="647.05" angle="0.00" type="DEFAULT_VEHTYPE" speed="13.17" pos="152.95" lane="2/4to2/3_0" slope="0.00"/>
        <vehicle id="5" x="393.86" y="201.65" angle="-68.12" type="DEFAULT_VEHTYPE" speed="13.09" pos="1.39" lane="2/1to1/1_0" slope="0.00"/>
        <vehicle id="7" x="356.32" y="598.35" angle="90.00" type="DEFAULT_VEHTYPE" speed="12.27" pos="151.57" lane="1/3to2/3_0" slope="0.00"/>
        <vehicle id="8" x="210.23" y="201.65" angle="-90.00" type="DEFAULT_VEHTYPE" speed="2.94" pos="185.02" lane="2/1to1/1_0" slope="0.00"/>
    </timestep>
    <timestep time="562.00">
        <vehicle id="0" x="203.43" y="598.17" angle="157.27" type="DEFAULT_VEHTYPE" speed="13.46" pos="3.67" lane=":1/3_8_0" slope="0.00"/>
        <vehicle id="1" x="475.08" y="401.65" angle="-90.00" type="DEFAULT_VEHTYPE" speed="13.69" pos="120.17" lane="3/2to2/2_0" slope="0.00"/>
        <vehicle id="17" x="399.82" y="599.81" angle="107.38" type="DEFAULT_VEHTYPE" speed="4.95" pos="4.90" lane=":2/3_14_0" slope="0.00"/>
        <vehicle id="18" x="331.21" y="598.35" angle="90.00" type="DEFAULT_VEHTYPE" speed="12.90" pos="126.46" lane="1/3to2/3_0" slope="0.00"/>
        <vehicle id="21" x="189.14" y="398.35" angle="90.00" type="DEFAULT_VEHTYPE" speed="3.99" pos="189.14" lane="0/2to1/2_0" slope="0.00"/>
        <vehicle id="22" x="500.79" y="401.65" angle="-90.00" type="DEFAULT_VEHTYPE" speed="13.41" pos="94.46" lane="3/2to2/2_0" slope="0.00"/>
        <vehicle id="24" x="398.35" y="439.20" angle="0.00" type="DEFAULT_VEHTYPE" speed="13.41" pos="156.05" lane="2/3to2/2_0" slope="0.00"/>
        <vehicle id="26" x="398.35" y="465.99" angle="0.00" type="DEFAULT_VEHTYPE" speed="13.07" pos="129.26" lane="2/3to2/2_0" slope="0.00"/>
        <vehicle id="28" x="387.07" y="598.35" angle="90.00" type="DEFAULT_VEHTYPE" speed="2.19" pos="182.32" lane="1/3to2/3_0" slope="0.00"/>
        <vehicle id="32" x="398.35" y="659.77" angle="0.00" type="DEFAULT_VEHTYPE" speed="12.82" pos="140.23" lane="2/4to2/3_0" slope="0.00"/>
        <vehicle id="35" x="291.11" y="201.65" angle="-90.00" type="DEFAULT_VEHTYPE" speed="12.78" pos="104.14" lane="2/1to1/1_0" slope="0.00"/>
        <vehicle id="37" x="398.35" y="50.10" angle="0.00" type="DEFAULT_VEHTYPE" speed="13.13" pos="145.15" lane="2/1to2/0_0" slope="0.00"/>
        <vehicle id="38" x="40.19" y="198.35" angle="90.00" type="DEFAULT_VEHTYPE" speed="12.67" pos="40.19" lane="0/1to1/1_0" slope="0.00"/>
        <vehicle id="41" x="401.65" y="673.26" angle="180.00" type="DEFAULT_VEHTYPE" speed="13.45" pos="68.51" lane="2/3to2/4_0" slope="0.00"/>
        <vehicle id="44" x="398.35" y="552.20" angle="0.00" type="DEFAULT_VEHTYPE" speed="13.47" pos="43.05" lane="2/3to2/2_0" slope="0.00"/>
        <vehicle id="48" x="398.35" y="634.23" angle="0.00" type="DEFAULT_VEHTYPE" speed="12.82" pos="165.77" lane="2/4to2/3_0" slope="0.00"/>
        <vehicle id="5" x="380.85" y="201.65" angle="-90.00" type="DEFAULT_VEHTYPE" speed="13.01" pos="14.40" lane="2/1to1/1_0" slope="0.00"/>
        <vehicle id="7" x="365.27" y="598.35" angle="90.00" type="DEFAULT_VEHTYPE" speed="8.95" pos="160.52" lane="1/3to2/3_0" slope="0.00"/>
        <vehicle id="8" x="205.50" y="201.65" angle="-90.00" type="DEFAULT_VEHTYPE" speed="4.73" pos="189.75" lane="2/1to1/1_0" slope="0.00"/>
    </timestep>
    <timestep time="563.00">
        <vehicle id="0" x="216.18" y="598.35" angle="90.00" type="DEFAULT_VEHTYPE" speed="12.76" pos="11.43" lane="1/3to2/3_0" slope="0.00"/>
        <vehicle id="1" x="461.82" y="401.65" angle="-90.00" type="DEFAULT_VEHTYPE" speed="13.26" pos="133.43" lane="3/2to2/2_0" slope="0.00"/>
        <vehicle id="17" x="401.65" y="606.14" angle="170.61" type="DEFAULT_VEHTYPE" speed="6.81" pos="1.39" lane="2/3to2/4_0" slope="0.00"/>
        <vehicle id="18" x="344.96" y="598.35" angle="90.00" type="DEFAULT_VEHTYPE" speed="13.74" pos="140.21" lane="1/3to2/3_0" slope="0.00"/>
        <vehicle id="21" x="195.28" y="398.35" angle="90.05" type="DEFAULT_VEHTYPE" speed="6.14" pos="0.03" lane=":1/2_14_0" slope="0.00"/>
        <vehicle id="22" x="487.33" y="401.65" angle="-90.00" type="DEFAULT_VEHTYPE" speed="13.46" pos="107.92" lane="3/2to2/2_0" slope="0.00"/>
        <vehicle id="24" x="398.35" y="426.17" angle="0.00" type="DEFAULT_VEHTYPE" speed="13.03" pos="169.08" lane="2/3to2/2_0" slope="0.00"/>
        <vehicle id="26" x="398.35" y="453.36" angle="0.00" type="DEFAULT_VEHTYPE" speed="12.63" pos="141.89" lane="2/3to2/2_0" slope="0.00"/>
        <vehicle id="28" x="389.84" y="598.35" angle="90.00" type="DEFAULT_VEHTYPE" speed="2.77" pos="185.09" lane="1/3to2/3_0" slope="0.00"/>
        <vehicle id="32" x="398.35" y="646.08" angle="0.00" type="DEFAULT_VEHTYPE" speed="13.69" pos="153.92" lane="2/4to2/3_0" slope="0.00"/>
        <vehicle id="35" x="278.39" y="201.65" angle="-90.00" type="DEFAULT_VEHTYPE" speed="12.72" pos="116.86" lane="2/1to1/1_0" slope="0.00"/>
        <vehicle id="37" x="398.35" y="36.98" angle="0.00" type="DEFAULT_VEHTYPE" speed="13.12" pos="158.27" lane="2/1to2/0_0" slope="0.00"/>
        <vehicle id="38" x="53.01" y="198.35" angle="90.00" type="DEFAULT_VEHTYPE" speed="12.82" pos="53.01" lane="0/1to1/1_0" slope="0.00"/>
        <vehicle id="41" x="401.65" y="686.00" angle="180.00" type="DEFAULT_VEHTYPE" speed="12.74" pos="81.25" lane="2/3to2/4_0" slope="0.00"/>
        <vehicle id="44" x="398.35" y="538.78" angle="0.00" type="DEFAULT_VEHTYPE" speed="13.42" pos="56.47" lane="2/3to2/2_0" slope="0.00"/>
        <vehicle id="48" x="398.35" y="621.39" angle="0.00" type="DEFAULT_VEHTYPE" speed="12.84" pos="178.61" lane="2/4to2/3_0" slope="0.00"/>
        <vehicle id="5" x="367.33" y="201.65" angle="-90.00" type="DEFAULT_VEHTYPE" speed="13.52" pos="27.92" lane="2/1to1/1_0" slope="0.00"/>
        <vehicle id="7" x="371.98" y="598.35" angle="90.00" type="DEFAULT_VEHTYPE" speed="6.70" pos="167.23" lane="1/3to2/3_0" slope="0.00"/>
        <vehicle id="8" x="201.65" y="205.70" angle="-151.15" type="DEFAULT_VEHTYPE" speed="6.71" pos="0.95" lane="1/1to1/2_0" slope="0.00"/>
    </timestep>
    <timestep time="564.00">
        <vehicle id="0" x="229.49" y="598.35" angle="90.00" type="DEFAULT_VEHTYPE" speed="13.31" pos="24.74" lane="1/3to2/3_0" slope="0.00"/>
        <vehicle id="1" x="448.75" y="401.65" angle="-90.00" type="DEFAULT_VEHTYPE" speed="13.07" pos="146.50" lane="3/2to2/2_0" slope="0.00"/>
        <vehicle id="17" x="401.65" y="614.81" angle="180.00" type="DEFAULT_VEHTYPE" speed="8.68" pos="10.06" lane="2/3to2/4_0" slope="0.00"/>
        <vehicle id="18" x="356.19" y="598.35" angle="90.00" type="DEFAULT_VEHTYPE" speed="11.23" pos="151.44" lane="1/3to2/3_0" slope="0.00"/>
        <vehicle id="21" x="201.24" y="401.93" angle="132.37" type="DEFAULT_VEHTYPE" speed="7.44" pos="7.47" lane=":1/2_14_0" slope="0.00"/>
        <vehicle id="22" x="473.59" y="401.65" angle="-90.00" type="DEFAULT_VEHTYPE" speed="13.74" pos="121.66" lane="3/2to2/2_0" slope="0.00"/>
        <vehicle id="24" x="398.35" y="413.06" angle="0.00" type="DEFAULT_VEHTYPE" speed="13.11" pos="182.19" lane="2/3to2/2_0" slope="0.00"/>
        <vehicle id="26" x="398.35" y="440.58" angle="0.00" type="DEFAULT_VEHTYPE" speed="12.77" pos="154.67" lane="2/3to2/2_0" slope="0.00"/>
        <vehicle id="28" x="391.96" y="598.35" angle="90.00" type="DEFAULT_VEHTYPE" speed="2.12" pos="187.21" lane="1/3to2/3_0" slope="0.00"/>
        <vehicle id="32" x="398.35" y="632.76" angle="0.00" type="DEFAULT_VEHTYPE" speed="13.32" pos="167.24" lane="2/4to2/3_0" slope="0.00"/>
        <vehicle id="35" x="265.09" y="201.65" angle="-90.00" type="DEFAULT_VEHTYPE" speed="13.30" pos="130.16" lane="2/1to1/1_0" slope="0.00"/>
        <vehicle id="37" x="398.35" y="23.75" angle="0.00" type="DEFAULT_VEHTYPE" speed="13.23" pos="171.50" lane="2/1to2/0_0" slope="0.00"/>
        <vehicle id="38" x="66.41" y="198.35" angle="90.00" type="DEFAULT_VEHTYPE" speed="13.40" pos="66.41" lane="0/1to1/1_0" slope="0.00"/>
        <vehicle id="41" x="401.65" y="699.21" angle="180.00" type="DEFAULT_VEHTYPE" speed="13.21" pos="94.46" lane="2/3to2/4_0" slope="0.00"/>
        <vehicle id="44" x="398.35" y="525.93" angle="0.00" type="DEFAULT_VEHTYPE" speed="12.84" pos="69.32" lane="2/3to2/2_0" slope="0.00"/>
        <vehicle id="48" x="398.35" y="609.64" angle="0.00" type="DEFAULT_VEHTYPE" speed="11.75" pos="190.36" lane="2/4to2/3_0" slope="0.00"/>
        <vehicle id="5" x="354.28" y="201.65" angle="-90.00" type="DEFAULT_VEHTYPE" speed="13.05" pos="40.97" lane="2/1to1/1_0" slope="0.00"/>
        <vehicle id="7" x="377.34" y="598.35" angle="90.00" type="DEFAULT_VEHTYPE" speed="5.37" pos="172.59" lane="1/3to2/3_0" slope="0.00"/>
        <vehicle id="8" x="201.65" y="214.54" angle="180.00" type="DEFAULT_VEHTYPE" speed="8.84" pos="9.79" lane="1/1to1/2_0" slope="0.00"/>
    </timestep>
    <timestep time="565.00">
        <vehicle id="0" x="242.40" y="598.35" angle="90.00" type="DEFAULT_VEHTYPE" speed="12.91" pos="37.65" lane="1/3to2/3_0" slope="0.00"/>
        <vehicle id="1" x="435.92" y="401.65" angle="-90.00" type="DEFAULT_VEHTYPE" speed="12.83" pos="159.33" lane="3/2to2/2_0" slope="0.00"/>
        <vehicle id="17" x="401.65" y="625.09" angle="180.00" type="DEFAULT_VEHTYPE" speed="10.28" pos="20.34" lane="2/3to2/4_0" slope="0.00"/>
        <vehicle id="18" x="364.66" y="598.35" angle="90.00" type="DEFAULT_VEHTYPE" speed="8.47" pos="159.91" lane="1/3to2/3_0" slope="0.00"/>
        <vehicle id="21" x="201.65" y="411.76" angle="180.00" type="DEFAULT_VEHTYPE" speed="9.86" pos="7.01" lane="1/2to1/3_0" slope="0.00"/>
        <vehicle id="22" x="460.22" y="401.65" angle="-90.00" type="DEFAULT_VEHTYPE" speed="13.36" pos="135.03" lane="3/2to2/2_0" slope="0.00"/>
        <vehicle id="24" x="395.16" y="401.65" angle="-46.55" type="DEFAULT_VEHTYPE" speed="13.40" pos="0.09" lane="2/2to1/2_0" slope="0.00"/>
        <vehicle id="26" x="398.35" y="426.82" angle="0.00" type="DEFAULT_VEHTYPE" speed="13.76" pos="168.43" lane="2/3to2/2_0" slope="0.00"/>
        <vehicle id="28" x="392.59" y="598.35" angle="90.00" type="DEFAULT_VEHTYPE" speed="0.63" pos="187.84" lane="1/3to2/3_0" slope="0.00"/>
        <vehicle id="32" x="398.35" y="620.07" angle="0.00" type="DEFAULT_VEHTYPE" speed="12.69" pos="179.93" lane="2/4to2/3_0" slope="0.00"/>
        <vehicle id="35" x="251.34" y="201.65" angle="-90.00" type="DEFAULT_VEHTYPE" speed="13.75" pos="143.91" lane="2/1to1/1_0" slope="0.00"/>
        <vehicle id="37" x="398.35" y="10.54" angle="0.00" type="DEFAULT_VEHTYPE" speed="13.20" pos="184.71" lane="2/1to2/0_0" slope="0.00"/>
        <vehicle id="38" x="79.04" y="198.35" angle="90.00" type="DEFAULT_VEHTYPE" speed="12.64" pos="79.04" lane="0/1to1/1_0" slope="0.00"/>
        <vehicle id="41" x="401.65" y="712.02" angle="180.00" type="DEFAULT_VEHTYPE" speed="12.80" pos="107.27" lane="2/3to2/4_0" slope="0.00"/>
        <vehicle id="44" x="398.35" y="512.68" angle="0.00" type="DEFAULT_VEHTYPE" speed="13.25" pos="82.57" lane="2/3to2/2_0" slope="0.00"/>
        <vehicle id="48" x="398.35" y="596.75" angle="0.00" type="DEFAULT_VEHTYPE" speed="12.90" pos="8.00" lane=":2/3_1_0" slope="0.00"/>
        <vehicle id="5" x="340.78" y="201.65" angle="-90.00" type="DEFAULT_VEHTYPE" speed="13.50" pos="54.47" lane="2/1to1/1_0" slope="0.00"/>
        <vehicle id="7" x="381.79" y="598.35" angle="90.00" type="DEFAULT_VEHTYPE" speed="4.45" pos="177.04" lane="1/3to2/3_0" slope="0.00"/>
        <vehicle id="8" x="201.65" y="225.45" angle="180.00" type="DEFAULT_VEHTYPE" speed="10.90" pos="20.70" lane="1/1to1/2_0" slope="0.00"/>
    </timestep>
    <timestep time="566.00">
        <vehicle id="0" x="255.70" y="598.35" angle="90.00" type="DEFAULT_VEHTYPE" speed="13.30" pos="50.95" lane="1/3to2/3_0" slope="0.00"/>
        <vehicle id="1" x="423.89" y="401.65" angle="-90.00" type="DEFAULT_VEHTYPE" speed="12.03" pos="171.36" lane="3/2to2/2_0" slope="0.00"/>
        <vehicle id="17" x="401.65" y="637.00" angle="180.00" type="DEFAULT_VEHTYPE" speed="11.91" pos="32.25" lane="2/3to2/4_0" slope="0.00"/>
        <vehicle id="18" x="369.55" y="598.35" angle="90.00" type="DEFAULT_VEHTYPE" speed="4.89" pos="164.80" lane="1/3to2/3_0" slope="0.00"/>
        <vehicle id="21" x="201.65" y="423.98" angle="180.00" type="DEFAULT_VEHTYPE" speed="12.22" pos="19.23" lane="1/2to1/3_0" slope="0.00"/>
        <vehicle id="22" x="447.16" y="401.65" angle="-90.00" type="DEFAULT_VEHTYPE" speed="13.06" pos="148.09" lane="3/2to2/2_0" slope="0.00"/>
        <vehicle id="24" x="381.52" y="401.65" angle="-90.00" type="DEFAULT_VEHTYPE" speed="13.64" pos="13.73" lane="2/2to1/2_0" slope="0.00"/>
        <vehicle id="26" x="398.35" y="413.20" angle="0.00" type="DEFAULT_VEHTYPE" speed="13.62" pos="182.05" lane="2/3to2/2_0" slope="0.00"/>
        <vehicle id="28" x="392.74" y="598.35" angle="90.00" type="DEFAULT_VEHTYPE" speed="0.15" pos="187.99" lane="1/3to2/3_0" slope="0.00"/>
        <vehicle id="32" x="398.35" y="606.82" angle="0.00" type="DEFAULT_VEHTYPE" speed="13.25" pos="193.18" lane="2/4to2/3_0" slope="0.00"/>
        <vehicle id="35" x="238.21" y="201.65" angle="-90.00" type="DEFAULT_VEHTYPE" speed="13.13" pos="157.04" lane="2/1to1/1_0" slope="0.00"/>
        <vehicle id="37" x="400.47" y="-1.42" angle="31.26" type="DEFAULT_VEHTYPE" speed="13.48" pos="2.93" lane=":2/0_0_0" slope="0.00"/>
        <vehicle id="38" x="91.82" y="198.35" angle="90.00" type="DEFAULT_VEHTYPE" speed="12.78" pos="91.82" lane="0/1to1/1_0" slope="0.00"/>
        <vehicle id="41" x="401.65" y="725.86" angle="180.00" type="DEFAULT_VEHTYPE" speed="13.84" pos="121.11" lane="2/3to2/4_0" slope="0.00"/>
        <vehicle id="44" x="398.35" y="499.24" angle="0.00" type="DEFAULT_VEHTYPE" speed="13.45" pos="96.01" lane="2/3to2/2_0" slope="0.00"/>
        <vehicle id="48" x="398.35" y="583.92" angle="0.00" type="DEFAULT_VEHTYPE" speed="12.83" pos="11.33" lane="2/3to2/2_0" slope="0.00"/>
        <vehicle id="5" x="327.38" y="201.65" angle="-90.00" type="DEFAULT_VEHTYPE" speed="13.40" pos="67.87" lane="2/1to1/1_0" slope="0.00"/>
        <vehicle id="7" x="383.68" y="598.35" angle="90.00" type="DEFAULT_VEHTYPE" speed="1.89" pos="178.93" lane="1/3to2/3_0" slope="0.00"/>
        <vehicle id="8" x="201.65" y="237.72" angle="180.00" type="DEFAULT_VEHTYPE" speed="12.28" pos="32.97" lane="1/1to1/2_0" slope="0.00"/>
    </timestep>
    <timestep time="567.00">
        <vehicle id="0" x="268.44" y="598.35" angle="90.00" type="DEFAULT_VEHTYPE" speed="12.75" pos="63.69" lane="1/3to2/3_0" slope="0.00"/>
        <vehicle id="1" x="415.46" y="401.65" angle="-90.00" type="DEFAULT_VEHTYPE" speed="8.43" pos="179.79" lane="3/2to2/2_0" slope="0.00"/>
        <vehicle id="17" x="401.65" y="650.50" angle="180.00" type="DEFAULT_VEHTYPE" speed="13.50" pos="45.75" lane="2/3to2/4_0" slope="0.00"/>
        <vehicle id="18" x="373.67" y="598.35" angle="90.00" type="DEFAULT_VEHTYPE" speed="4.12" pos="168.92" lane="1/3to2/3_0" slope="0.00"/>
        <vehicle id="21" x="201.65" y="437.65" angle="180.00" type="DEFAULT_VEHTYPE" speed="13.67" pos="32.90" lane="1/2to1/3_0" slope="0.00"/>
        <vehicle id="22" x="434.98" y="401.65" angle="-90.00" type="DEFAULT_VEHTYPE" speed="12.18" pos="160.27" lane="3/2to2/2_0" slope="0.00"/>
        <vehicle id="24" x="368.23" y="401.65" angle="-90.00" type="DEFAULT_VEHTYPE" speed="13.29" pos="27.02" lane="2/2to1/2_0" slope="0.00"/>
        <vehicle id="26" x="395.42" y="401.67" angle="-42.02" type="DEFAULT_VEHTYPE" speed="13.28" pos="4.83" lane=":2/2_0_0" slope="0.00"/>
        <vehicle id="28" x="392.75" y="598.35" angle="90.00" type="DEFAULT_VEHTYPE" speed="0.01" pos="188.00" lane="1/3to2/3_0" slope="0.00"/>
        <vehicle id="32" x="398.35" y="594.41" angle="0.00" type="DEFAULT_VEHTYPE" speed="12.42" pos="0.84" lane="2/3to2/2_0" slope="0.00"/>
        <vehicle id="35" x="225.71" y="201.65" angle="-90.00" type="DEFAULT_VEHTYPE" speed="12.50" pos="169.54" lane="2/1to1/1_0" slope="0.00"/>
        <vehicle id="37" x="401.65" y="10.72" angle="180.00" type="DEFAULT_VEHTYPE" speed="12.61" pos="10.72" lane="2/0to2/1_0" slope="0.00"/>
        <vehicle id="38" x="105.12" y="198.35" angle="90.00" type="DEFAULT_VEHTYPE" speed="13.30" pos="105.12" lane="0/1to1/1_0" slope="0.00"/>
        <vehicle id="41" x="401.65" y="739.03" angle="180.00" type="DEFAULT_VEHTYPE" speed="13.18" pos="134.28" lane="2/3to2/4_0" slope="0.00"/>
        <vehicle id="44" x="398.35" y="486.15" angle="0.00" type="DEFAULT_VEHTYPE" speed="13.08" pos="109.10" lane="2/3to2/2_0" slope="0.00"/>
        <vehicle id="48" x="398.35" y="570.87" angle="0.00" type="DEFAULT_VEHTYPE" speed="13.05" pos="24.38" lane="2/3to2/2_0" slope="0.00"/>
        <vehicle id="5" x="313.86" y="201.65" angle="-90.00" type="DEFAULT_VEHTYPE" speed="13.52" pos="81.39" lane="2/1to1/1_0" slope="0.00"/>
        <vehicle id="7" x="384.65" y="598.35" angle="90.00" type="DEFAULT_VEHTYPE" speed="0.97" pos="179.90" lane="1/3to2/3_0" slope="0.00"/>
        <vehicle id="8" x="201.65" y="251.42" angle="180.00" type="DEFAULT_VEHTYPE" speed="13.69" pos="46.67" lane="1/1to1/2_0" slope="0.00"/>
    </timestep>
    <timestep time="568.00">
        <vehicle id="0" x="282.19" y="598.35" angle="90.00" type="DEFAULT_VEHTYPE" speed="13.75" pos="77.44" lane="1/3to2/3_0" slope="0.00"/>
        <vehicle id="1" x="411.15" y="401.65" angle="-90.00" type="DEFAULT_VEHTYPE" speed="4.31" pos="184.10" lane="3/2to2/2_0" slope="0.00"/>
        <vehicle id="17" x="401.65" y="663.84" angle="180.00" type="DEFAULT_VEHTYPE" speed="13.34" pos="59.09" lane="2/3to2/4_0" slope="0.00"/>
        <vehicle id="18" x="376.13" y="598.35" angle="90.00" type="DEFAULT_VEHTYPE" speed="2.46" pos="171.38" lane="1/3to2/3_0" slope="0.00"/>
        <vehicle id="21" x="201.65" y="451.31" angle="180.00" type="DEFAULT_VEHTYPE" speed="13.67" pos="46.56" lane="1/2to1/3_0" slope="0.00"/>
        <vehicle id="22" x="425.78" y="401.65" angle="-90.00" type="DEFAULT_VEHTYPE" speed="9.20" pos="169.47" lane="3/2to2/2_0" slope="0.00"/>
        <vehicle id="24" x="355.12" y="401.65" angle="-90.00" type="DEFAULT_VEHTYPE" speed="13.11" pos="40.13" lane="2/2to1/2_0" slope="0.00"/>
        <vehicle id="26" x="382.00" y="401.65" angle="-90.00" type="DEFAULT_VEHTYPE" speed="13.42" pos="13.25" lane="2/2to1/2_0" slope="0.00"/>
        <vehicle id="28" x="394.62" y="598.35" angle="90.00" type="DEFAULT_VEHTYPE" speed="1.87" pos="189.87" lane="1/3to2/3_0" slope="0.00"/>
        <vehicle id="32" x="398.35" y="581.41" angle="0.00" type="DEFAULT_VEHTYPE" speed="13.00" pos="13.84" lane="2/3to2/2_0" slope="0.00"/>
        <vehicle id="35" x="217.64" y="201.65" angle="-90.00" type="DEFAULT_VEHTYPE" speed="8.08" pos="177.61" lane="2/1to1/1_0" slope="0.00"/>
        <vehicle id="37" x="401.65" y="24.10" angle="180.00" type="DEFAULT_VEHTYPE" speed="13.38" pos="24.10" lane="2/0to2/1_0" slope="0.00"/>
        <vehicle id="38" x="118.51" y="198.35" angle="90.00" type="DEFAULT_VEHTYPE" speed="13.38" pos="118.51" lane="0/1to1/1_0" slope="0.00"/>
        <vehicle id="41" x="401.65" y="751.89" angle="180.00" type="DEFAULT_VEHTYPE" speed="12.86" pos="147.14" lane="2/3to2/4_0" slope="0.00"/>
        <vehicle id="44" x="398.35" y="472.46" angle="0.00" type="DEFAULT_VEHTYPE" speed="13.69" pos="122.79" lane="2/3to2/2_0" slope="0.00"/>
        <vehicle id="48" x="398.35" y="557.41" angle="0.00" type="DEFAULT_VEHTYPE" speed="13.45" pos="37.84" lane="2/3to2/2_0" slope="0.00"/>
        <vehicle id="5" x="300.23" y="201.65" angle="-90.00" type="DEFAULT_VEHTYPE" speed="13.63" pos="95.02" lane="2/1to1/1_0" slope="0.00"/>
        <vehicle id="7" x="385.20" y="598.35" angle="90.00" type="DEFAULT_VEHTYPE" speed="0.55" pos="180.45" lane="1/3to2/3_0" slope="0.00"/>
        <vehicle id="8" x="201.65" y="264.72" angle="180.00" type="DEFAULT_VEHTYPE" speed="13.30" pos="59.97" lane="1/1to1/2_0" slope="0.00"/>
    </timestep>
    <timestep time="569.00">
        <vehicle id="0" x="294.96" y="598.35" angle="90.00" type="DEFAULT_VEHTYPE" speed="12.77" pos="90.21" lane="1/3to2/3_0" slope="0.00"/>
        <vehicle id="1" x="405.42" y="401.65" angle="-90.00" type="DEFAULT_VEHTYPE" speed="5.73" pos="189.83" lane="3/2to2/2_0" slope="0.00"/>
        <vehicle id="17" x="401.65" y="677.23" angle="180.00" type="DEFAULT_VEHTYPE" speed="13.39" pos="72.48" lane="2/3to2/4_0" slope="0.00"/>
        <vehicle id="18" x="377.27" y="598.35" angle="90.00" type="DEFAULT_VEHTYPE" speed="1.14" pos="172.52" lane="1/3to2/3_0" slope="0.00"/>
        <vehicle id="21" x="201.65" y="464.93" angle="180.00" type="DEFAULT_VEHTYPE" speed="13.62" pos="60.18" lane="1/2to1/3_0" slope="0.00"/>
        <vehicle id="22" x="421.08" y="401.65" angle="-90.00" type="DEFAULT_VEHTYPE" speed="4.70" pos="174.17" lane="3/2to2/2_0" slope="0.00"/>
        <vehicle id="24" x="341.77" y="401.65" angle="-90.00" type="DEFAULT_VEHTYPE" speed="13.35" pos="53.48" lane="2/2to1/2_0" slope="0.00"/>
        <vehicle id="26" x="368.31" y="401.65" angle="-90.00" type="DEFAULT_VEHTYPE" speed="13.68" pos="26.94" lane="2/2to1/2_0" slope="0.00"/>
        <vehicle id="28" x="398.68" y="599.13" angle="99.10" type="DEFAULT_VEHTYPE" speed="4.19" pos="3.57" lane=":2/3_14_0" slope="0.00"/>
        <vehicle id="32" x="398.35" y="568.19" angle="0.00" type="DEFAULT_VEHTYPE" speed="13.21" pos="27.06" lane="2/3to2/2_0" slope="0.00"/>
        <vehicle id="35" x="211.93" y="201.65" angle="-90.00" type="DEFAULT_VEHTYPE" speed="5.70" pos="183.32" lane="2/1to1/1_0" slope="0.00"/>
        <vehicle id="37" x="401.65" y="37.63" angle="180.00" type="DEFAULT_VEHTYPE" speed="13.53" pos="37.63" lane="2/0to2/1_0" slope="0.00"/>
        <vehicle id="38" x="131.50" y="198.35" angle="90.00" type="DEFAULT_VEHTYPE" speed="12.99" pos="131.50" lane="0/1to1/1_0" slope="0.00"/>
        <vehicle id="41" x="401.65" y="764.80" angle="180.00" type="DEFAULT_VEHTYPE" speed="12.91" pos="160.05" lane="2/3to2/4_0" slope="0.00"/>
        <vehicle id="44" x="398.35" y="459.40" angle="0.00" type="DEFAULT_VEHTYPE" speed="13.06" pos="135.85" lane="2/3to2/2_0" slope="0.00"/>
        <vehicle id="48" x="398.35" y="543.83" angle="0.00" type="DEFAULT_VEHTYPE" speed="13.58" pos="51.42" lane="2/3to2/2_0" slope="0.00"/>
        <vehicle id="5" x="286.85" y="201.65" angle="-90.00" type="DEFAULT_VEHTYPE" speed="13.38" pos="108.40" lane="2/1to1/1_0" slope="0.00"/>
        <vehicle id="7" x="386.42" y="598.35" angle="90.00" type="DEFAULT_VEHTYPE" speed="1.22" pos="181.67" lane="1/3to2/3_0" slope="0.00"/>
        <vehicle id="8" x="201.65" y="277.68" angle="180.00" type="DEFAULT_VEHTYPE" speed="12.96" pos="72.93" lane="1/1to1/2_0" slope="0.00"/>
    </timestep>
    <timestep time="570.00">
        <vehicle id="0" x="308.04" y="598.35" angle="90.00" type="DEFAULT_VEHTYPE" speed="13.08" pos="103.29" lane="1/3to2/3_0" slope="0.00"/>
        <vehicle id="1" x="399.02" y="398.50" angle="-52.79" type="DEFAULT_VEHTYPE" speed="7.64" pos="6.97" lane=":2/2_6_0" slope="0.00"/>
        <vehicle id="17" x="401.65" y="690.94" angle="180.00" type="DEFAULT_VEHTYPE" speed="13.71" pos="86.19" lane="2/3to2/4_0" slope="0.00"/>
        <vehicle id="18" x="378.67" y="598.35" angle="90.00" type="DEFAULT_VEHTYPE" speed="1.40" pos="173.92" lane="1/3to2/3_0" slope="0.00"/>
        <vehicle id="21" x="201.65" y="478.75" angle="180.00" type="DEFAULT_VEHTYPE" speed="13.82" pos="74.00" lane="1/2to1/3_0" slope="0.00"/>
        <vehicle id="22" x="415.35" y="401.65" angle="-90.00" type="DEFAULT_VEHTYPE" speed="5.73" pos="179.90" lane="3/2to2/2_0" slope="0.00"/>
        <vehicle id="24" x="328.71" y="401.65" angle="-90.00" type="DEFAULT_VEHTYPE" speed="13.06" pos="66.54" lane="2/2to1/2_0" slope="0.00"/>
        <vehicle id="26" x="355.04" y="401.65" angle="-90.00" type="DEFAULT_VEHTYPE" speed="13.28" pos="40.21" lane="2/2to1/2_0" slope="0.00"/>
        <vehicle id="28" x="401.62" y="604.55" angle="160.84" type="DEFAULT_VEHTYPE" speed="6.56" pos="10.12" lane=":2/3_14_0" slope="0.00"/>
        <vehicle id="32" x="398.35" y="554.86" angle="0.00" type="DEFAULT_VEHTYPE" speed="13.33" pos="40.39" lane="2/3to2/2_0" slope="0.00"/>
        <vehicle id="35" x="209.15" y="201.65" angle="-90.00" type="DEFAULT_VEHTYPE" speed="2.78" pos="186.10" lane="2/1to1/1_0" slope="0.00"/>
        <vehicle id="37" x="401.65" y="50.91" angle="180.00" type="DEFAULT_VEHTYPE" speed="13.28" pos="50.91" lane="2/0to2/1_0" slope="0.00"/>
        <vehicle id="38" x="144.24" y="198.35" angle="90.00" type="DEFAULT_VEHTYPE" speed="12.74" pos="144.24" lane="0/1to1/1_0" slope="0.00"/>
        <vehicle id="41" x="401.65" y="778.53" angle="180.00" type="DEFAULT_VEHTYPE" speed="13.73" pos="173.78" lane="2/3to2/4_0" slope="0.00"/>
        <vehicle id="44" x="398.35" y="446.73" angle="0.00" type="DEFAULT_VEHTYPE" speed="12.66" pos="148.52" lane="2/3to2/2_0" slope="0.00"/>
        <vehicle id="48" x="398.35" y="530.01" angle="0.00" type="DEFAULT_VEHTYPE" speed="13.82" pos="65.24" lane="2/3to2/2_0" slope="0.00"/>
        <vehicle id="5" x="273.44" y="201.65" angle="-90.00" type="DEFAULT_VEHTYPE" speed="13.41" pos="121.81" lane="2/1to1/1_0" slope="0.00"/>
        <vehicle id="7" x="389.47" y="598.35" angle="90.00" type="DEFAULT_VEHTYPE" speed="3.06" pos="184.72" lane="1/3to2/3_0" slope="0.00"/>
        <vehicle id="8" x="201.65" y="290.50" angle="180.00" type="DEFAULT_VEHTYPE" speed="12.82" pos="85.75" lane="1/1to1/2_0" slope="0.00"/>
    </timestep>
    <timestep time="571.00">
        <vehicle id="0" x="321.89" y="598.35" angle="90.00" type="DEFAULT_VEHTYPE" speed="13.85" pos="117.14" lane="1/3to2/3_0" slope="0.00"/>
        <vehicle id="1" x="398.35" y="388.72" angle="0.00" type="DEFAULT_VEHTYPE" speed="9.88" pos="6.53" lane="2/2to2/1_0" slope="0.00"/>
        <vehicle id="17" x="401.65" y="704.50" angle="180.00" type="DEFAULT_VEHTYPE" speed="13.56" pos="99.75" lane="2/3to2/4_0" slope="0.00"/>
        <vehicle id="18" x="381.01" y="598.35" angle="90.00" type="DEFAULT_VEHTYPE" speed="2.34" pos="176.26" lane="1/3to2/3_0" slope="0.00"/>
        <vehicle id="21" x="201.65" y="491.69" angle="180.00" type="DEFAULT_VEHTYPE" speed="12.94" pos="86.94" lane="1/2to1/3_0" slope="0.00"/>
        <vehicle id="22" x="411.49" y="401.65" angle="-90.00" type="DEFAULT_VEHTYPE" speed="3.85" pos="183.76" lane="3/2to2/2_0" slope="0.00"/>
        <vehicle id="24" x="315.73" y="401.65" angle="-90.00" type="DEFAULT_VEHTYPE" speed="12.98" pos="79.52" lane="2/2to1/2_0" slope="0.00"/>
        <vehicle id="26" x="341.14" y="401.65" angle="-90.00" type="DEFAULT_VEHTYPE" speed="13.90" pos="54.11" lane="2/2to1/2_0" slope="0.00"/>
        <vehicle id="28" x="401.65" y="612.41" angle="180.00" type="DEFAULT_VEHTYPE" speed="7.86" pos="7.66" lane="2/3to2/4_0" slope="0.00"/>
        <vehicle id="32" x="398.35" y="541.64" angle="0.00" type="DEFAULT_VEHTYPE" speed="13.23" pos="53.61" lane="2/3to2/2_0" slope="0.00"/>
        <vehicle id="35" x="204.00" y="201.75" angle="-91.20" type="DEFAULT_VEHTYPE" speed="5.16" pos="0.75" lane=":1/1_4_0" slope="0.00"/>
        <vehicle id="37" x="401.65" y="64.05" angle="180.00" type="DEFAULT_VEHTYPE" speed="13.14" pos="64.05" lane="2/0to2/1_0" slope="0.00"/>
        <vehicle id="38" x="157.96" y="198.35" angle="90.00" type="DEFAULT_VEHTYPE" speed="13.72" pos="157.96" lane="0/1to1/1_0" slope="0.00"/>
        <vehicle id="41" x="401.65" y="791.57" angle="180.00" type="DEFAULT_VEHTYPE" speed="13.04" pos="186.82" lane="2/3to2/4_0" slope="0.00"/>
        <vehicle id="44" x="398.35" y="433.01" angle="0.00" type="DEFAULT_VEHTYPE" speed="13.72" pos="162.24" lane="2/3to2/2_0" slope="0.00"/>
        <vehicle id="48" x="398.35" y="516.22" angle="0.00" type="DEFAULT_VEHTYPE" speed="13.79" pos="79.03" lane="2/3to2/2_0" slope="0.00"/>
        <vehicle id="5" x="259.83" y="201.65" angle="-90.00" type="DEFAULT_VEHTYPE" speed="13.62" pos="135.42" lane="2/1to1/1_0" slope="0.00"/>
        <vehicle id="7" x="394.44" y="598.35" angle="90.00" type="DEFAULT_VEHTYPE" speed="4.97" pos="189.69" lane="1/3to2/3_0" slope="0.00"/>
        <vehicle id="8" x="201.65" y="303.87" angle="180.00" type="DEFAULT_VEHTYPE" speed="13.37" pos="99.12" lane="1/1to1/2_0" slope="0.00"/>
    </timestep>
    <timestep time="572.00">
        <vehicle id="0" x="335.68" y="598.35" angle="90.00" type="DEFAULT_VEHTYPE" speed="13.79" pos="130.93" lane="1/3to2/3_0" slope="0.00"/>
        <vehicle id="1" x="398.35" y="376.66" angle="0.00" type="DEFAULT_VEHTYPE" speed="12.05" pos="18.59" lane="2/2to2/1_0" slope="0.00"/>
        <vehicle id="17" x="401.65" y="718.38" angle="180.00" type="DEFAULT_VEHTYPE" speed="13.88" pos="113.63" lane="2/3to2/4_0" slope="0.00"/>
        <vehicle id="18" x="385.94" y="598.35" angle="90.00" type="DEFAULT_VEHTYPE" speed="4.93" pos="181.19" lane="1/3to2/3_0" slope="0.00"/>
        <vehicle id="21" x="201.65" y="505.34" angle="180.00" type="DEFAULT_VEHTYPE" speed="13.64" pos="100.59" lane="1/2to1/3_0" slope="0.00"/>
        <vehicle id="22" x="405.92" y="401.65" angle="-90.00" type="DEFAULT_VEHTYPE" speed="5.58" pos="189.33" lane="3/2to2/2_0" slope="0.00"/>
        <vehicle id="24" x="302.60" y="401.65" angle="-90.00" type="DEFAULT_VEHTYPE" speed="13.14" pos="92.65" lane="2/2to1/2_0" slope="0.00"/>
        <vehicle id="26" x="327.67" y="401.65" angle="-90.00" type="DEFAULT_VEHTYPE" speed="13.47" pos="67.58" lane="2/2to1/2_0" slope="0.00"/>
        <vehicle id="28" x="401.65" y="622.44" angle="180.00" type="DEFAULT_VEHTYPE" speed="10.02" pos="17.69" lane="2/3to2/4_0" slope="0.00"/>
        <vehicle id="32" x="398.35" y="527.75" angle="0.00" type="DEFAULT_VEHTYPE" speed="13.88" pos="67.50" lane="2/3to2/2_0" slope="0.00"/>
        <vehicle id="35" x="201.65" y="207.69" angle="-173.61" type="DEFAULT_VEHTYPE" speed="7.18" pos="2.94" lane="1/1to1/2_0" slope="0.00"/>
        <vehicle id="37" x="401.65" y="76.94" angle="180.00" type="DEFAULT_VEHTYPE" speed="12.89" pos="76.94" lane="2/0to2/1_0" slope="0.00"/>
        <vehicle id="38" x="170.64" y="198.35" angle="90.00" type="DEFAULT_VEHTYPE" speed="12.69" pos="170.64" lane="0/1to1/1_0" slope="0.00"/>
        <vehicle id="41" x="398.63" y="800.41" angle="-109.89" type="DEFAULT_VEHTYPE" speed="12.75" pos="4.32" lane=":2/4_0_0" slope="0.00"/>
        <vehicle id="44" x="398.35" y="419.76" angle="0.00" type="DEFAULT_VEHTYPE" speed="13.25" pos="175.49" lane="2/3to2/2_0" slope="0.00"/>
        <vehicle id="48" x="398.35" y="502.85" angle="0.00" type="DEFAULT_VEHTYPE" speed="13.37" pos="92.40" lane="2/3to2/2_0" slope="0.00"/>
        <vehicle id="5" x="247.16" y="201.65" angle="-90.00" type="DEFAULT_VEHTYPE" speed="12.67" pos="148.09" lane="2/1to1/1_0" slope="0.00"/>
        <vehicle id="7" x="400.44" y="600.60" angle="116.28" type="DEFAULT_VEHTYPE" speed="6.72" pos="5.91" lane=":2/3_14_0" slope="0.00"/>
        <vehicle id="8" x="201.65" y="316.52" angle="180.00" type="DEFAULT_VEHTYPE" speed="12.65" pos="111.77" lane="1/1to1/2_0" slope="0.00"/>
    </timestep>
    <timestep time="573.00">
        <vehicle id="0" x="348.81" y="598.35" angle="90.00" type="DEFAULT_VEHTYPE" speed="13.13" pos="144.06" lane="1/3to2/3_0" slope="0.00"/>
        <vehicle id="1" x="398.35" y="363.41" angle="0.00" type="DEFAULT_VEHTYPE" speed="13.25" pos="31.84" lane="2/2to2/1_0" slope="0.00"/>
        <vehicle id="17" x="401.65" y="731.38" angle="180.00" type="DEFAULT_VEHTYPE" speed="13.00" pos="126.63" lane="2/3to2/4_0" slope="0.00"/>
        <vehicle id="18" x="389.91" y="598.35" angle="90.00" type="DEFAULT_VEHTYPE" speed="3.98" pos="185.16" lane="1/3to2/3_0" slope="0.00"/>
        <vehicle id="21" x="201.65" y="518.44" angle="180.00" type="DEFAULT_VEHTYPE" speed="13.11" pos="113.69" lane="1/2to1/3_0" slope="0.00"/>
        <vehicle id="22" x="399.64" y="399.53" angle="-65.21" type="DEFAULT_VEHTYPE" speed="6.93" pos="5.77" lane=":2/2_6_0" slope="0.00"/>
        <vehicle id="24" x="289.65" y="401.65" angle="-90.00" type="DEFAULT_VEHTYPE" speed="12.95" pos="105.60" lane="2/2to1/2_0" slope="0.00"/>
        <vehicle id="26" x="314.38" y="401.65" angle="-90.00" type="DEFAULT_VEHTYPE" speed="13.29" pos="80.87" lane="2/2to1/2_0" slope="0.00"/>
        <vehicle id="28" x="401.65" y="634.84" angle="180.00" type="DEFAULT_VEHTYPE" speed="12.40" pos="30.09" lane="2/3to2/4_0" slope="0.00"/>
        <vehicle id="32" x="398.35" y="514.15" angle="0.00" type="DEFAULT_VEHTYPE" speed="13.60" pos="81.10" lane="2/3to2/2_0" slope="0.00"/>
        <vehicle id="35" x="201.65" y="217.02" angle="180.00" type="DEFAULT_VEHTYPE" speed="9.33" pos="12.27" lane="1/1to1/2_0" slope="0.00"/>
        <vehicle id="37" x="401.65" y="90.61" angle="180.00" type="DEFAULT_VEHTYPE" speed="13.67" pos="90.61" lane="2/0to2/1_0" slope="0.00"/>
        <vehicle id="38" x="180.68" y="198.35" angle="90.00" type="DEFAULT_VEHTYPE" speed="10.04" pos="180.68" lane="0/1to1/1_0" slope="0.00"/>
        <vehicle id="41" x="398.35" y="786.98" angle="0.00" type="DEFAULT_VEHTYPE" speed="13.52" pos="13.02" lane="2/4to2/3_0" slope="0.00"/>
        <vehicle id="44" x="398.35" y="406.57" angle="0.00" type="DEFAULT_VEHTYPE" speed="13.19" pos="188.68" lane="2/3to2/2_0" slope="0.00"/>
        <vehicle id="48" x="398.35" y="490.18" angle="0.00" type="DEFAULT_VEHTYPE" speed="12.67" pos="105.07" lane="2/3to2/2_0" slope="0.00"/>
        <vehicle id="5" x="234.35" y="201.65" angle="-90.00" type="DEFAULT_VEHTYPE" speed="12.82" pos="160.90" lane="2/1to1/1_0" slope="0.00"/>
        <vehicle id="7" x="401.65" y="609.16" angle="179.04" type="DEFAULT_VEHTYPE" speed="8.82" pos="4.41" lane="2/3to2/4_0" slope="0.00"/>
        <vehicle id="8" x="201.65" y="329.72" angle="180.00" type="DEFAULT_VEHTYPE" speed="13.20" pos="124.97" lane="1/1to1/2_0" slope="0.00"/>
    </timestep>
    <timestep time="574.00">
        <vehicle id="0" x="361.92" y="598.35" angle="90.00" type="DEFAULT_VEHTYPE" speed="13.11" pos="157.17" lane="1/3to2/3_0" slope="0.00"/>
        <vehicle id="1" x="398.35" y="350.60" angle="0.00" type="DEFAULT_VEHTYPE" speed="12.82" pos="44.65" lane="2/2to2/1_0" slope="0.00"/>
        <vehicle id="17" x="401.65" y="745.28" angle="180.00" type="DEFAULT_VEHTYPE" speed="13.90" pos="140.53" lane="2/3to2/4_0" slope="0.00"/>
        <vehicle id="18" x="396.15" y="598.48" angle="91.48" type="DEFAULT_VEHTYPE" speed="6.24" pos="0.91" lane=":2/3_14_0" slope="0.00"/>
        <vehicle id="21" x="201.65" y="531.84" angle="180.00" type="DEFAULT_VEHTYPE" speed="13.40" pos="127.09" lane="1/2to1/3_0" slope="0.00"/>
        <vehicle id="22" x="398.35" y="390.31" angle="-0.11" type="DEFAULT_VEHTYPE" speed="9.49" pos="4.94" lane="2/2to2/1_0" slope="0.00"/>
        <vehicle id="24" x="276.84" y="401.65" angle="-90.00" type="DEFAULT_VEHTYPE" speed="12.81" pos="118.41" lane="2/2to1/2_0" slope="0.00"/>
        <vehicle id="26" x="300.54" y="401.65" angle="-90.00" type="DEFAULT_VEHTYPE" speed="13.84" pos="94.71" lane="2/2to1/2_0" slope="0.00"/>
        <vehicle id="28" x="401.65" y="648.69" angle="180.00" type="DEFAULT_VEHTYPE" speed="13.85" pos="43.94" lane="2/3to2/4_0" slope="0.00"/>
        <vehicle id="32" x="398.35" y="501.49" angle="0.00" type="DEFAULT_VEHTYPE" speed="12.66" pos="93.76" lane="2/3to2/2_0" slope="0.00"/>
        <vehicle id="35" x="201.65" y="227.72" angle="180.00" type="DEFAULT_VEHTYPE" speed="10.70" pos="22.97" lane="1/1to1/2_0" slope="0.00"/>
        <vehicle id="37" x="401.65" y="104.37" angle="180.00" type="DEFAULT_VEHTYPE" speed="13.77" pos="104.37" lane="2/0to2/1_0" slope="0.00"/>
        <vehicle id="38" x="186.83" y="198.35" angle="90.00" type="DEFAULT_VEHTYPE" speed="6.15" pos="186.83" lane="0/1to1/1_0" slope="0.00"/>
        <vehicle id="41" x="398.35" y="773.95" angle="0.00" type="DEFAULT_VEHTYPE" speed="13.03" pos="26.05" lane="2/4to2/3_0" slope="0.00"/>
        <vehicle id="44" x="388.72" y="401.65" angle="-90.00" type="DEFAULT_VEHTYPE" speed="13.35" pos="6.53" lane="2/2to1/2_0" slope="0.00"/>
        <vehicle id="48" x="398.35" y="477.48" angle="0.00" type="DEFAULT_VEHTYPE" speed="12.70" pos="117.77" lane="2/3to2/2_0" slope="0.00"/>
        <vehicle id="5" x="223.64" y="201.65" angle="-90.00" type="DEFAULT_VEHTYPE" speed="10.71" pos="171.61" lane="2/1to1/1_0" slope="0.00"/>
        <vehicle id="7" x="401.65" y="619.75" angle="180.00" type="DEFAULT_VEHTYPE" speed="10.59" pos="15.00" lane="2/3to2/4_0" slope="0.00"/>
        <vehicle id="8" x="201.65" y="343.24" angle="180.00" type="DEFAULT_VEHTYPE" speed="13.52" pos="138.49" lane="1/1to1/2_0" slope="0.00"/>
    </timestep>
    <timestep time="575.00">
        <vehicle id="0" x="373.37" y="598.35" angle="90.00" type="DEFAULT_VEHTYPE" speed="11.46" pos="168.62" lane="1/3to2/3_0" slope="0.00"/>
        <vehicle id="1" x="398.35" y="337.97" angle="0.00" type="DEFAULT_VEHTYPE" speed="12.63" pos="57.28" lane="2/2to2/1_0" slope="0.00"/>
        <vehicle id="17" x="401.65" y="758.48" angle="180.00" type="DEFAULT_VEHTYPE" speed="13.20" pos="153.73" lane="2/3to2/4_0" slope="0.00"/>
        <vehicle id="18" x="401.52" y="603.82" angle="153.47" type="DEFAULT_VEHTYPE" speed="8.48" pos="9.39" lane=":2/3_14_0" slope="0.00"/>
        <vehicle id="21" x="201.65" y="545.34" angle="180.00" type="DEFAULT_VEHTYPE" speed="13.50" pos="140.59" lane="1/2to1/3_0" slope="0.00"/>
        <vehicle id="22" x="398.35" y="378.47" angle="0.00" type="DEFAULT_VEHTYPE" speed="11.85" pos="16.78" lane="2/2to2/1_0" slope="0.00"/>
        <vehicle id="24" x="263.99" y="401.65" angle="-90.00" type="DEFAULT_VEHTYPE" speed="12.85" pos="131.26" lane="2/2to1/2_0" slope="0.00"/>
        <vehicle id="26" x="287.41" y="401.65" angle="-90.00" type="DEFAULT_VEHTYPE" speed="13.14" pos="107.84" lane="2/2to1/2_0" slope="0.00"/>
        <vehicle id="28" x="401.65" y="661.57" angle="180.00" type="DEFAULT_VEHTYPE" speed="12.88" pos="56.82" lane="2/3to2/4_0" slope="0.00"/>
        <vehicle id="32" x="398.35" y="488.25" angle="0.00" type="DEFAULT_VEHTYPE" speed="13.25" pos="107.00" lane="2/3to2/2_0" slope="0.00"/>
        <vehicle id="35" x="201.65" y="239.95" angle="180.00" type="DEFAULT_VEHTYPE" speed="12.23" pos="35.20" lane="1/1to1/2_0" slope="0.00"/>
        <vehicle id="37" x="401.65" y="118.06" angle="180.00" type="DEFAULT_VEHTYPE" speed="13.68" pos="118.06" lane="2/0to2/1_0" slope="0.00"/>
        <vehicle id="38" x="189.95" y="198.35" angle="90.00" type="DEFAULT_VEHTYPE" speed="3.13" pos="189.95" lane="0/1to1/1_0" slope="0.00"/>
        <vehicle id="41" x="398.35" y="760.62" angle="0.00" type="DEFAULT_VEHTYPE" speed="13.33" pos="39.38" lane="2/4to2/3_0" slope="0.00"/>
        <vehicle id="44" x="375.55" y="401.65" angle="-90.00" type="DEFAULT_VEHTYPE" speed="13.17" pos="19.70" lane="2/2to1/2_0" slope="0.00"/>
        <vehicle id="48" x="398.35" y="464.28" angle="0.00" type="DEFAULT_VEHTYPE" speed="13.20" pos="130.97" lane="2/3to2/2_0" slope="0.00"/>
        <vehicle id="5" x="216.07" y="201.65" angle="-90.00" type="DEFAULT_VEHTYPE" speed="7.57" pos="179.18" lane="2/1to1/1_0" slope="0.00"/>
        <vehicle id="7" x="401.65" y="632.51" angle="180.00" type="DEFAULT_VEHTYPE" speed="12.76" pos="27.76" lane="2/3to2/4_0" slope="0.00"/>
        <vehicle id="8" x="201.65" y="356.86" angle="180.00" type="DEFAULT_VEHTYPE" speed="13.63" pos="152.11" lane="1/1to1/2_0" slope="0.00"/>
    </timestep>
    <timestep time="576.00">
        <vehicle id="0" x="381.84" y="598.35" angle="90.00" type="DEFAULT_VEHTYPE" speed="8.46" pos="177.09" lane="1/3to2/3_0" slope="0.00"/>
        <vehicle id="1" x="398.35" y="324.13" angle="0.00" type="DEFAULT_VEHTYPE" speed="13.84" pos="71.12" lane="2/2to2/1_0" slope="0.00"/>
        <vehicle id="17" x="401.65" y="772.35" angle="180.00" type="DEFAULT_VEHTYPE" speed="13.87" pos="167.60" lane="2/3to2/4_0" slope="0.00"/>
        <vehicle id="18" x="401.65" y="613.96" angle="180.00" type="DEFAULT_VEHTYPE" speed="10.14" pos="9.21" lane="2/3to2/4_0" slope="0.00"/>
        <vehicle id="21" x="201.65" y="558.96" angle="180.00" type="DEFAULT_VEHTYPE" speed="13.62" pos="154.21" lane="1/2to1/3_0" slope="0.00"/>
        <vehicle id="22" x="398.35" y="364.72" angle="0.00" type="DEFAULT_VEHTYPE" speed="13.75" pos="30.53" lane="2/2to2/1_0" slope="0.00"/>
        <vehicle id="24" x="250.82" y="401.65" angle="-90.00" type="DEFAULT_VEHTYPE" speed="13.17" pos="144.43" lane="2/2to1/2_0" slope="0.00"/>
        <vehicle id="26" x="274.20" y="401.65" angle="-90.00" type="DEFAULT_VEHTYPE" speed="13.21" pos="121.05" lane="2/2to1/2_0" slope="0.00"/>
        <vehicle id="28" x="401.65" y="675.30" angle="180.00" type="DEFAULT_VEHTYPE" speed="13.73" pos="70.55" lane="2/3to2/4_0" slope="0.00"/>
        <vehicle id="32" x="398.35" y="474.72" angle="0.00" type="DEFAULT_VEHTYPE" speed="13.53" pos="120.53" lane="2/3to2/2_0" slope="0.00"/>
        <vehicle id="35" x="201.65" y="253.24" angle="180.00" type="DEFAULT_VEHTYPE" speed="13.29" pos="48.49" lane="1/1to1/2_0" slope="0.00"/>
        <vehicle id="37" x="401.65" y="131.24" angle="180.00" type="DEFAULT_VEHTYPE" speed="13.18" pos="131.24" lane="2/0to2/1_0" slope="0.00"/>
        <vehicle id="38" x="195.13" y="198.35" angle="90.00" type="DEFAULT_VEHTYPE" speed="5.17" pos="195.13" lane="0/1to1/1_0" slope="0.00"/>
        <vehicle id="41" x="398.35" y="746.86" angle="0.00" type="DEFAULT_VEHTYPE" speed="13.76" pos="53.14" lane="2/4to2/3_0" slope="0.00"/>
        <vehicle id="44" x="362.75" y="401.65" angle="-90.00" type="DEFAULT_VEHTYPE" speed="12.80" pos="32.50" lane="2/2to1/2_0" slope="0.00"/>
        <vehicle id="48" x="398.35" y="451.12" angle="0.00" type="DEFAULT_VEHTYPE" speed="13.16" pos="144.13" lane="2/3to2/2_0" slope="0.00"/>
        <vehicle id="5" x="211.65" y="201.65" angle="-90.00" type="DEFAULT_VEHTYPE" speed="4.42" pos="183.60" lane="2/1to1/1_0" slope="0.00"/>
        <vehicle id="7" x="401.65" y="645.76" angle="180.00" type="DEFAULT_VEHTYPE" speed="13.25" pos="41.01" lane="2/3to2/4_0" slope="0.00"/>
        <vehicle id="8" x="201.65" y="370.16" angle="180.00" type="DEFAULT_VEHTYPE" speed="13.30" pos="165.41" lane="1/1to1/2_0" slope="0.00"/>
    </timestep>
    <timestep time="577.00">
        <vehicle id="0" x="386.98" y="598.35" angle="90.00" type="DEFAULT_VEHTYPE" speed="5.14" pos="182.23" lane="1/3to2/3_0" slope="0.00"/>
        <vehicle id="1" x="398.35" y="310.75" angle="0.00" type="DEFAULT_VEHTYPE" speed="13.38" pos="84.50" lane="2/2to2/1_0" slope="0.00"/>
        <vehicle id="17" x="401.65" y="785.14" angle="180.00" type="DEFAULT_VEHTYPE" speed="12.79" pos="180.39" lane="2/3to2/4_0" slope="0.00"/>
        <vehicle id="18" x="401.65" y="626.39" angle="180.00" type="DEFAULT_VEHTYPE" speed="12.43" pos="21.64" lane="2/3to2/4_0" slope="0.00"/>
        <vehicle id="21" x="201.65" y="571.65" angle="180.00" type="DEFAULT_VEHTYPE" speed="12.69" pos="166.90" lane="1/2to1/3_0" slope="0.00"/>
        <vehicle id="22" x="398.35" y="351.02" angle="0.00" type="DEFAULT_VEHTYPE" speed="13.70" pos="44.23" lane="2/2to2/1_0" slope="0.00"/>
        <vehicle id="24" x="237.12" y="401.65" angle="-90.00" type="DEFAULT_VEHTYPE" speed="13.70" pos="158.13" lane="2/2to1/2_0" slope="0.00"/>
        <vehicle id="26" x="260.87" y="401.65" angle="-90.00" type="DEFAULT_VEHTYPE" speed="13.33" pos="134.38" lane="2/2to1/2_0" slope="0.00"/>
        <vehicle id="28" x="401.65" y="688.66" angle="180.00" type="DEFAULT_VEHTYPE" speed="13.36" pos="83.91" lane="2/3to2/4_0" slope="0.00"/>
        <vehicle id="32" x="398.35" y="461.06" angle="0.00" type="DEFAULT_VEHTYPE" speed="13.66" pos="134.19" lane="2/3to2/2_0" slope="0.00"/>
        <vehicle id="35" x="201.65" y="266.36" angle="180.00" type="DEFAULT_VEHTYPE" speed="13.12" pos="61.61" lane="1/1to1/2_0" slope="0.00"/>
        <vehicle id="37" x="401.65" y="144.77" angle="180.00" type="DEFAULT_VEHTYPE" speed="13.53" pos="144.77" lane="2/0to2/1_0" slope="0.00"/>
        <vehicle id="38" x="198.35" y="193.42" angle="16.69" type="DEFAULT_VEHTYPE" speed="6.95" pos="1.83" lane="1/1to1/0_0" slope="0.00"/>
        <vehicle id="41" x="398.35" y="733.88" angle="0.00" type="DEFAULT_VEHTYPE" speed="12.98" pos="66.12" lane="2/4to2/3_0" slope="0.00"/>
        <vehicle id="44" x="349.67" y="401.65" angle="-90.00" type="DEFAULT_VEHTYPE" speed="13.08" pos="45.58" lane="2/2to1/2_0" slope="0.00"/>
        <vehicle id="48" x="398.35" y="438.09" angle="0.00" type="DEFAULT_VEHTYPE" speed="13.02" pos="157.16" lane="2/3to2/2_0" slope="0.00"/>
        <vehicle id="5" x="204.77" y="201.65" angle="-90.00" type="DEFAULT_VEHTYPE" speed="6.88" pos="190.48" lane="2/1to1/1_0" slope="0.00"/>
        <vehicle id="7" x="401.65" y="659.47" angle="180.00" type="DEFAULT_VEHTYPE" speed="13.70" pos="54.72" lane="2/3to2/4_0" slope="0.00"/>
        <vehicle id="8" x="201.65" y="383.68" angle="180.00" type="DEFAULT_VEHTYPE" speed="13.51" pos="178.93" lane="1/1to1/2_0" slope="0.00"/>
    </timestep>
    <timestep time="578.00">
        <vehicle id="0" x="390.28" y="598.35" angle="90.00" type="DEFAULT_VEHTYPE" speed="3.30" pos="185.53" lane="1/3to2/3_0" slope="0.00"/>
        <vehicle id="1" x="398.35" y="297.37" angle="0.00" type="DEFAULT_VEHTYPE" speed="13.38" pos="97.88" lane="2/2to2/1_0" slope="0.00"/>
        <vehicle id="17" x="401.65" y="798.67" angle="180.00" type="DEFAULT_VEHTYPE" speed="13.53" pos="193.92" lane="2/3to2/4_0" slope="0.00"/>
        <vehicle id="18" x="401.65" y="639.20" angle="180.00" type="DEFAULT_VEHTYPE" speed="12.81" pos="34.45" lane="2/3to2/4_0" slope="0.00"/>
        <vehicle id="21" x="201.65" y="585.24" angle="180.00" type="DEFAULT_VEHTYPE" speed="13.58" pos="180.49" lane="1/2to1/3_0" slope="0.00"/>
        <vehicle id="22" x="398.35" y="337.42" angle="0.00" type="DEFAULT_VEHTYPE" speed="13.60" pos="57.83" lane="2/2to2/1_0" slope="0.00"/>
        <vehicle id="24" x="225.83" y="401.65" angle="-90.00" type="DEFAULT_VEHTYPE" speed="11.29" pos="169.42" lane="2/2to1/2_0" slope="0.00"/>
        <vehicle id="26" x="247.40" y="401.65" angle="-90.00" type="DEFAULT_VEHTYPE" speed="13.47" pos="147.85" lane="2/2to1/2_0" slope="0.00"/>
        <vehicle id="28" x="401.65" y="701.56" angle="180.00" type="DEFAULT_VEHTYPE" speed="12.90" pos="96.81" lane="2/3to2/4_0" slope="0.00"/>
        <vehicle id="32" x="398.35" y="448.00" angle="0.00" type="DEFAULT_VEHTYPE" speed="13.06" pos="147.25" lane="2/3to2/2_0" slope="0.00"/>
        <vehicle id="35" x="201.65" y="280.02" angle="180.00" type="DEFAULT_VEHTYPE" speed="13.66" pos="75.27" lane="1/1to1/2_0" slope="0.00"/>
        <vehicle id="37" x="401.65" y="157.38" angle="180.00" type="DEFAULT_VEHTYPE" speed="12.62" pos="157.38" lane="2/0to2/1_0" slope="0.00"/>
        <vehicle id="38" x="198.35" y="184.15" angle="0.00" type="DEFAULT_VEHTYPE" speed="9.27" pos="11.10" lane="1/1to1/0_0" slope="0.00"/>
        <vehicle id="41" x="398.35" y="721.03" angle="0.00" type="DEFAULT_VEHTYPE" speed="12.86" pos="78.97" lane="2/4to2/3_0" slope="0.00"/>
        <vehicle id="44" x="336.89" y="401.65" angle="-90.00" type="DEFAULT_VEHTYPE" speed="12.78" pos="58.36" lane="2/2to1/2_0" slope="0.00"/>
        <vehicle id="48" x="398.35" y="424.48" angle="0.00" type="DEFAULT_VEHTYPE" speed="13.61" pos="170.77" lane="2/3to2/2_0" slope="0.00"/>
        <vehicle id="5" x="201.65" y="208.02" angle="-175.63" type="DEFAULT_VEHTYPE" speed="8.29" pos="3.27" lane="1/1to1/2_0" slope="0.00"/>
        <vehicle id="7" x="401.65" y="672.75" angle="180.00" type="DEFAULT_VEHTYPE" speed="13.28" pos="68.00" lane="2/3to2/4_0" slope="0.00"/>
        <vehicle id="8" x="201.65" y="397.36" angle="180.00" type="DEFAULT_VEHTYPE" speed="13.68" pos="2.11" lane=":1/2_9_0" slope="0.00"/>
    </timestep>
    <timestep time="579.00">
        <vehicle id="0" x="395.63" y="598.40" angle="90.62" type="DEFAULT_VEHTYPE" speed="5.35" pos="0.38" lane=":2/3_14_0" slope="0.00"/>
        <vehicle id="1" x="398.35" y="284.50" angle="0.00" type="DEFAULT_VEHTYPE" speed="12.87" pos="110.75" lane="2/2to2/1_0" slope="0.00"/>
        <vehicle id="17" x="398.35" y="792.58" angle="0.00" type="DEFAULT_VEHTYPE" speed="13.57" pos="7.42" lane="2/4to2/3_0" slope="0.00"/>
        <vehicle id="18" x="401.65" y="652.47" angle="180.00" type="DEFAULT_VEHTYPE" speed="13.28" pos="47.72" lane="2/3to2/4_0" slope="0.00"/>
        <vehicle id="21" x="203.48" y="598.17" angle="156.58" type="DEFAULT_VEHTYPE" speed="13.73" pos="3.71" lane=":1/3_8_0" slope="0.00"/>
        <vehicle id="22" x="398.35" y="324.19" angle="0.00" type="DEFAULT_VEHTYPE" speed="13.24" pos="71.06" lane="2/2to2/1_0" slope="0.00"/>
        <vehicle id="24" x="216.98" y="401.65" angle="-90.00" type="DEFAULT_VEHTYPE" speed="8.85" pos="178.27" lane="2/2to1/2_0" slope="0.00"/>
        <vehicle id="26" x="235.73" y="401.65" angle="-90.00" type="DEFAULT_VEHTYPE" speed="11.67" pos="159.52" lane="2/2to1/2_0" slope="0.00"/>
        <vehicle id="28" x="401.65" y="714.58" angle="180.00" type="DEFAULT_VEHTYPE" speed="13.02" pos="109.83" lane="2/3to2/4_0" slope="0.00"/>
        <vehicle id="32" x="398.35" y="434.82" angle="0.00" type="DEFAULT_VEHTYPE" speed="13.19" pos="160.43" lane="2/3to2/2_0" slope="0.00"/>
        <vehicle id="35" x="201.65" y="293.64" angle="180.00" type="DEFAULT_VEHTYPE" speed="13.62" pos="88.89" lane="1/1to1/2_0" slope="0.00"/>
        <vehicle id="37" x="401.65" y="170.79" angle="180.00" type="DEFAULT_VEHTYPE" speed="13.40" pos="170.79" lane="2/0to2/1_0" slope="0.00"/>
        <vehicle id="38" x="198.35" y="172.80" angle="0.00" type="DEFAULT_VEHTYPE" speed="11.35" pos="22.45" lane="1/1to1/0_0" slope="0.00"/>
        <vehicle id="41" x="398.35" y="707.86" angle="0.00" type="DEFAULT_VEHTYPE" speed="13.17" pos="92.14" lane="2/4to2/3_0" slope="0.00"/>
        <vehicle id="44" x="324.13" y="401.65" angle="-90.00" type="DEFAULT_VEHTYPE" speed="12.76" pos="71.12" lane="2/2to1/2_0" slope="0.00"/>
        <vehicle id="48" x="398.35" y="411.07" angle="0.00" type="DEFAULT_VEHTYPE" speed="13.41" pos="184.18" lane="2/3to2/2_0" slope="0.00"/>
        <vehicle id="5" x="201.65" y="218.90" angle="180.00" type="DEFAULT_VEHTYPE" speed="10.89" pos="14.15" lane="1/1to1/2_0" slope="0.00"/>
        <vehicle id="7" x="401.65" y="685.77" angle="180.00" type="DEFAULT_VEHTYPE" speed="13.02" pos="81.02" lane="2/3to2/4_0" slope="0.00"/>
        <vehicle id="8" x="201.65" y="410.41" angle="180.00" type="DEFAULT_VEHTYPE" speed="13.05" pos="5.66" lane="1/2to1/3_0" slope="0.00"/>
    </timestep>
    <timestep time="580.00">
        <vehicle id="0" x="401.33" y="602.52" angle="139.82" type="DEFAULT_VEHTYPE" speed="7.68" pos="8.07" lane=":2/3_14_0" slope="0.00"/>
        <vehicle id="1" x="398.35" y="270.83" angle="0.00" type="DEFAULT_VEHTYPE" speed="13.67" pos="124.42" lane="2/2to2/1_0" slope="0.00"/>
        <vehicle id="17" x="398.35" y="779.27" angle="0.00" type="DEFAULT_VEHTYPE" speed="13.31" pos="20.73" lane="2/4to2/3_0" slope="0.00"/>
        <vehicle id="18" x="401.65" y="666.23" angle="180.00" type="DEFAULT_VEHTYPE" speed="13.76" pos="61.48" lane="2/3to2/4_0" slope="0.00"/>
        <vehicle id="21" x="216.19" y="598.35" angle="90.00" type="DEFAULT_VEHTYPE" speed="12.73" pos="11.44" lane="1/3to2/3_0" slope="0.00"/>
        <vehicle id="22" x="398.35" y="311.21" angle="0.00" type="DEFAULT_VEHTYPE" speed="12.97" pos="84.04" lane="2/2to2/1_0" slope="0.00"/>
        <vehicle id="24" x="211.49" y="401.65" angle="-90.00" type="DEFAULT_VEHTYPE" speed="5.49" pos="183.76" lane="2/2to1/2_0" slope="0.00"/>
        <vehicle id="26" x="226.15" y="401.65" angle="-90.00" type="DEFAULT_VEHTYPE" speed="9.58" pos="169.10" lane="2/2to1/2_0" slope="0.00"/>
        <vehicle id="28" x="401.65" y="727.46" angle="180.00" type="DEFAULT_VEHTYPE" speed="12.88" pos="122.71" lane="2/3to2/4_0" slope="0.00"/>
        <vehicle id="32" x="398.35" y="421.24" angle="0.00" type="DEFAULT_VEHTYPE" speed="13.58" pos="174.01" lane="2/3to2/2_0" slope="0.00"/>
        <vehicle id="35" x="201.65" y="306.94" angle="180.00" type="DEFAULT_VEHTYPE" speed="13.29" pos="102.19" lane="1/1to1/2_0" slope="0.00"/>
        <vehicle id="37" x="401.65" y="183.75" angle="180.00" type="DEFAULT_VEHTYPE" speed="12.96" pos="183.75" lane="2/0to2/1_0" slope="0.00"/>
        <vehicle id="38" x="198.35" y="159.15" angle="0.00" type="DEFAULT_VEHTYPE" speed="13.65" pos="36.10" lane="1/1to1/0_0" slope="0.00"/>
        <vehicle id="41" x="398.35" y="694.78" angle="0.00" type="DEFAULT_VEHTYPE" speed="13.09" pos="105.22" lane="2/4to2/3_0" slope="0.00"/>
        <vehicle id="44" x="311.03" y="401.65" angle="-90.00" type="DEFAULT_VEHTYPE" speed="13.10" pos="84.22" lane="2/2to1/2_0" slope="0.00"/>
        <vehicle id="48" x="398.35" y="397.44" angle="0.00" type="DEFAULT_VEHTYPE" speed="13.63" pos="7.31" lane=":2/2_1_0" slope="0.00"/>
        <vehicle id="5" x="201.65" y="231.81" angle="180.00" type="DEFAULT_VEHTYPE" speed="12.90" pos="27.06" lane="1/1to1/2_0" slope="0.00"/>
        <vehicle id="7" x="401.65" y="699.11" angle="180.00" type="DEFAULT_VEHTYPE" speed="13.34" pos="94.36" lane="2/3to2/4_0" slope="0.00"/>
        <vehicle id="8" x="201.65" y="423.76" angle="180.00" type="DEFAULT_VEHTYPE" speed="13.35" pos="19.01" lane="1/2to1/3_0" slope="0.00"/>
    </timestep>
    <timestep time="581.00">
        <vehicle id="0" x="401.65" y="612.20" angle="180.00" type="DEFAULT_VEHTYPE" speed="9.70" pos="7.45" lane="2/3to2/4_0" slope="0.00"/>
        <vehicle id="1" x="398.35" y="258.18" angle="0.00" type="DEFAULT_VEHTYPE" speed="12.65" pos="137.07" lane="2/2to2/1_0" slope="0.00"/>
        <vehicle id="17" x="398.35" y="766.59" angle="0.00" type="DEFAULT_VEHTYPE" speed="12.67" pos="33.41" lane="2/4to2/3_0" slope="0.00"/>
        <vehicle id="18" x="401.65" y="679.34" angle="180.00" type="DEFAULT_VEHTYPE" speed="13.11" pos="74.59" lane="2/3to2/4_0" slope="0.00"/>
        <vehicle id="21" x="229.60" y="598.35" angle="90.00" type="DEFAULT_VEHTYPE" speed="13.41" pos="24.85" lane="1/3to2/3_0" slope="0.00"/>
        <vehicle id="22" x="398.35" y="297.78" angle="0.00" type="DEFAULT_VEHTYPE" speed="13.43" pos="97.47" lane="2/2to2/1_0" slope="0.00"/>
        <vehicle id="24" x="203.64" y="401.65" angle="-90.00" type="DEFAULT_VEHTYPE" speed="7.85" pos="1.11" lane=":1/2_5_0" slope="0.00"/>
        <vehicle id="26" x="220.38" y="401.65" angle="-90.00" type="DEFAULT_VEHTYPE" speed="5.77" pos="174.87" lane="2/2to1/2_0" slope="0.00"/>
        <vehicle id="28" x="401.65" y="741.20" angle="180.00" type="DEFAULT_VEHTYPE" speed="13.74" pos="136.45" lane="2/3to2/4_0" slope="0.00"/>
        <vehicle id="32" x="398.35" y="408.29" angle="0.00" type="DEFAULT_VEHTYPE" speed="12.94" pos="186.96" lane="2/3to2/2_0" slope="0.00"/>
        <vehicle id="35" x="201.65" y="320.78" angle="180.00" type="DEFAULT_VEHTYPE" speed="13.85" pos="116.03" lane="1/1to1/2_0" slope="0.00"/>
        <vehicle id="37" x="402.17" y="197.15" angle="174.01" type="DEFAULT_VEHTYPE" speed="13.51" pos="2.00" lane=":2/1_8_0" slope="0.00"/>
        <vehicle id="38" x="198.35" y="145.70" angle="0.00" type="DEFAULT_VEHTYPE" speed="13.45" pos="49.55" lane="1/1to1/0_0" slope="0.00"/>
        <vehicle id="41" x="398.35" y="681.10" angle="0.00" type="DEFAULT_VEHTYPE" speed="13.68" pos="118.90" lane="2/4to2/3_0" slope="0.00"/>
        <vehicle id="44" x="298.34" y="401.65" angle="-90.00" type="DEFAULT_VEHTYPE" speed="12.70" pos="96.91" lane="2/2to1/2_0" slope="0.00"/>
        <vehicle id="48" x="398.35" y="383.95" angle="0.00" type="DEFAULT_VEHTYPE" speed="13.49" pos="11.30" lane="2/2to2/1_0" slope="0.00"/>
        <vehicle id="5" x="201.65" y="245.05" angle="180.00" type="DEFAULT_VEHTYPE" speed="13.24" pos="40.30" lane="1/1to1/2_0" slope="0.00"/>
        <vehicle id="7" x="401.65" y="712.47" angle="180.00" type="DEFAULT_VEHTYPE" speed="13.35" pos="107.72" lane="2/3to2/4_0" slope="0.00"/>
        <vehicle id="8" x="201.65" y="437.04" angle="180.00" type="DEFAULT_VEHTYPE" speed="13.28" pos="32.29" lane="1/2to1/3_0" slope="0.00"/>
    </timestep>
    <timestep time="582.00">
        <vehicle id="0" x="401.65" y="624.46" angle="180.00" type="DEFAULT_VEHTYPE" speed="12.26" pos="19.71" lane="2/3to2/4_0" slope="0.00"/>
        <vehicle id="1" x="398.35" y="245.19" angle="0.00" type="DEFAULT_VEHTYPE" speed="12.99" pos="150.06" lane="2/2to2/1_0" slope="0.00"/>
        <vehicle id="17" x="398.35" y="753.23" angle="0.00" type="DEFAULT_VEHTYPE" speed="13.37" pos="46.77" lane="2/4to2/3_0" slope="0.00"/>
        <vehicle id="18" x="401.65" y="692.23" angle="180.00" type="DEFAULT_VEHTYPE" speed="12.88" pos="87.48" lane="2/3to2/4_0" slope="0.00"/>
        <vehicle id="21" x="243.40" y="598.35" angle="90.00" type="DEFAULT_VEHTYPE" speed="13.80" pos="38.65" lane="1/3to2/3_0" slope="0.00"/>
        <vehicle id="22" x="398.35" y="284.38" angle="0.00" type="DEFAULT_VEHTYPE" speed="13.41" pos="110.87" lane="2/2to2/1_0" slope="0.00"/>
        <vehicle id="24" x="193.64" y="401.65" angle="-90.00" type="DEFAULT_VEHTYPE" speed="10.00" pos="1.61" lane="1/2to0/2_0" slope="0.00"/>
        <vehicle id="26" x="213.99" y="401.65" angle="-90.00" type="DEFAULT_VEHTYPE" speed="6.39" pos="181.26" lane="2/2to1/2_0" slope="0.00"/>
        <vehicle id="28" x="401.65" y="754.65" angle="180.00" type="DEFAULT_VEHTYPE" speed="13.45" pos="149.90" lane="2/3to2/4_0" slope="0.00"/>
        <vehicle id="32" x="390.00" y="401.65" angle="-90.00" type="DEFAULT_VEHTYPE" speed="13.80" pos="5.25" lane="2/2to1/2_0" slope="0.00"/>
        <vehicle id="35" x="201.65" y="334.37" angle="180.00" type="DEFAULT_VEHTYPE" speed="13.59" pos="129.62" lane="1/1to1/2_0" slope="0.00"/>
        <vehicle id="37" x="415.06" y="198.35" angle="90.00" type="DEFAULT_VEHTYPE" speed="13.30" pos="10.31" lane="2/1to3/1_0" slope="0.00"/>
        <vehicle id="38" x="198.35" y="132.99" angle="0.00" type="DEFAULT_VEHTYPE" speed="12.71" pos="62.26" lane="1/1to1/0_0" slope="0.00"/>
        <vehicle id="41" x="398.35" y="668.01" angle="0.00" type="DEFAULT_VEHTYPE" speed="13.09" pos="131.99" lane="2/4to2/3_0" slope="0.00"/>
        <vehicle id="44" x="284.87" y="401.65" angle="-90.00" type="DEFAULT_VEHTYPE" speed="13.46" pos="110.38" lane="2/2to1/2_0" slope="0.00"/>
        <vehicle id="48" x="398.35" y="370.58" angle="0.00" type="DEFAULT_VEHTYPE" speed="13.37" pos="24.67" lane="2/2to2/1_0" slope="0.00"/>
        <vehicle id="5" x="201.65" y="258.93" angle="180.00" type="DEFAULT_VEHTYPE" speed="13.88" pos="54.18" lane="1/1to1/2_0" slope="0.00"/>
        <vehicle id="7" x="401.65" y="726.21" angle="180.00" type="DEFAULT_VEHTYPE" speed="13.74" pos="121.46" lane="2/3to2/4_0" slope="0.00"/>
        <vehicle id="8" x="201.65" y="450.52" angle="180.00" type="DEFAULT_VEHTYPE" speed="13.49" pos="45.77" lane="1/2to1/3_0" slope="0.00"/>
    </timestep>
    <timestep time="583.00">
        <vehicle id="0" x="401.65" y="638.08" angle="180.00" type="DEFAULT_VEHTYPE" speed="13.61" pos="33.33" lane="2/3to2/4_0" slope="0.00"/>
        <vehicle id="1" x="398.35" y="232.13" angle="0.00" type="DEFAULT_VEHTYPE" speed="13.06" pos="163.12" lane="2/2to2/1_0" slope="0.00"/>
        <vehicle id="17" x="398.35" y="739.75" angle="0.00" type="DEFAULT_VEHTYPE" speed="13.47" pos="60.25" lane="2/4to2/3_0" slope="0.00"/>
        <vehicle id="18" x="401.65" y="706.13" angle="180.00" type="DEFAULT_VEHTYPE" speed="13.90" pos="101.38" lane="2/3to2/4_0" slope="0.00"/>
        <vehicle id="21" x="256.12" y="598.35" angle="90.00" type="DEFAULT_VEHTYPE" speed="12.72" pos="51.37" lane="1/3to2/3_0" slope="0.00"/>
        <vehicle id="22" x="398.35" y="271.65" angle="0.00" type="DEFAULT_VEHTYPE" speed="12.73" pos="123.60" lane="2/2to2/1_0" slope="0.00"/>
        <vehicle id="24" x="182.25" y="401.65" angle="-90.00" type="DEFAULT_VEHTYPE" speed="11.39" pos="13.00" lane="1/2to0/2_0" slope="0.00"/>
        <vehicle id="26" x="210.37" y="401.65" angle="-90.00" type="DEFAULT_VEHTYPE" speed="3.62" pos="184.88" lane="2/2to1/2_0" slope="0.00"/>
        <vehicle id="28" x="401.65" y="768.33" angle="180.00" type="DEFAULT_VEHTYPE" speed="13.68" pos="163.58" lane="2/3to2/4_0" slope="0.00"/>
        <vehicle id="32" x="377.13" y="401.65" angle="-90.00" type="DEFAULT_VEHTYPE" speed="12.87" pos="18.12" lane="2/2to1/2_0" slope="0.00"/>
        <vehicle id="35" x="201.65" y="347.70" angle="180.00" type="DEFAULT_VEHTYPE" speed="13.32" pos="142.95" lane="1/1to1/2_0" slope="0.00"/>
        <vehicle id="37" x="428.92" y="198.35" angle="90.00" type="DEFAULT_VEHTYPE" speed="13.86" pos="24.17" lane="2/1to3/1_0" slope="0.00"/>
        <vehicle id="38" x="198.35" y="119.54" angle="0.00" type="DEFAULT_VEHTYPE" speed="13.44" pos="75.71" lane="1/1to1/0_0" slope="0.00"/>
        <vehicle id="41" x="398.35" y="654.22" angle="0.00" type="DEFAULT_VEHTYPE" speed="13.79" pos="145.78" lane="2/4to2/3_0" slope="0.00"/>
        <vehicle id="44" x="271.68" y="401.65" angle="-90.00" type="DEFAULT_VEHTYPE" speed="13.19" pos="123.57" lane="2/2to1/2_0" slope="0.00"/>
        <vehicle id="48" x="398.35" y="357.74" angle="0.00" type="DEFAULT_VEHTYPE" speed="12.84" pos="37.51" lane="2/2to2/1_0" slope="0.00"/>
        <vehicle id="5" x="201.65" y="272.29" angle="180.00" type="DEFAULT_VEHTYPE" speed="13.36" pos="67.54" lane="1/1to1/2_0" slope="0.00"/>
        <vehicle id="7" x="401.65" y="738.91" angle="180.00" type="DEFAULT_VEHTYPE" speed="12.70" pos="134.16" lane="2/3to2/4_0" slope="0.00"/>
        <vehicle id="8" x="201.65" y="463.70" angle="180.00" type="DEFAULT_VEHTYPE" speed="13.17" pos="58.95" lane="1/2to1/3_0" slope="0.00"/>
    </timestep>
    <timestep time="584.00">
        <vehicle id="0" x="401.65" y="650.84" angle="180.00" type="DEFAULT_VEHTYPE" speed="12.76" pos="46.09" lane="2/3to2/4_0" slope="0.00"/>
        <vehicle id="1" x="398.35" y="219.32" angle="0.00" type="DEFAULT_VEHTYPE" speed="12.81" pos="175.93" lane="2/2to2/1_0" slope="0.00"/>
        <vehicle id="17" x="398.35" y="726.83" angle="0.00" type="DEFAULT_VEHTYPE" speed="12.92" pos="73.17" lane="2/4to2/3_0" slope="0.00"/>
        <vehicle id="18" x="401.65" y="719.27" angle="180.00" type="DEFAULT_VEHTYPE" speed="13.14" pos="114.52" lane="2/3to2/4_0" slope="0.00"/>
        <vehicle id="21" x="268.95" y="598.35" angle="90.00" type="DEFAULT_VEHTYPE" speed="12.83" pos="64.20" lane="1/3to2/3_0" slope="0.00"/>
        <vehicle id="22" x="398.35" y="258.30" angle="0.00" type="DEFAULT_VEHTYPE" speed="13.35" pos="136.95" lane="2/2to2/1_0" slope="0.00"/>
        <vehicle id="24" x="169.49" y="401.65" angle="-90.00" type="DEFAULT_VEHTYPE" speed="12.76" pos="25.76" lane="1/2to0/2_0" slope="0.00"/>
        <vehicle id="26" x="204.19" y="401.65" angle="-90.00" type="DEFAULT_VEHTYPE" speed="6.18" pos="0.56" lane=":1/2_5_0" slope="0.00"/>
        <vehicle id="28" x="401.65" y="781.59" angle="180.00" type="DEFAULT_VEHTYPE" speed="13.26" pos="176.84" lane="2/3to2/4_0" slope="0.00"/>
        <vehicle id="32" x="364.41" y="401.65" angle="-90.00" type="DEFAULT_VEHTYPE" speed="12.72" pos="30.84" lane="2/2to1/2_0" slope="0.00"/>
        <vehicle id="35" x="201.65" y="361.12" angle="180.00" type="DEFAULT_VEHTYPE" speed="13.43" pos="156.37" lane="1/1to1/2_0" slope="0.00"/>
        <vehicle id="37" x="441.96" y="198.35" angle="90.00" type="DEFAULT_VEHTYPE" speed="13.04" pos="37.21" lane="2/1to3/1_0" slope="0.00"/>
        <vehicle id="38" x="198.35" y="106.90" angle="0.00" type="DEFAULT_VEHTYPE" speed="12.65" pos="88.35" lane="1/1to1/0_0" slope="0.00"/>
        <vehicle id="41" x="398.35" y="641.47" angle="0.00" type="DEFAULT_VEHTYPE" speed="12.75" pos="158.53" lane="2/4to2/3_0" slope="0.00"/>
        <vehicle id="44" x="258.15" y="401.65" angle="-90.00" type="DEFAULT_VEHTYPE" speed="13.53" pos="137.10" lane="2/2to1/2_0" slope="0.00"/>
        <vehicle id="48" x="398.35" y="344.84" angle="0.00" type="DEFAULT_VEHTYPE" speed="12.90" pos="50.41" lane="2/2to2/1_0" slope="0.00"/>
        <vehicle id="5" x="201.65" y="285.23" angle="180.00" type="DEFAULT_VEHTYPE" speed="12.93" pos="80.48" lane="1/1to1/2_0" slope="0.00"/>
        <vehicle id="7" x="401.65" y="752.42" angle="180.00" type="DEFAULT_VEHTYPE" speed="13.51" pos="147.67" lane="2/3to2/4_0" slope="0.00"/>
        <vehicle id="8" x="201.65" y="477.25" angle="180.00" type="DEFAULT_VEHTYPE" speed="13.55" pos="72.50" lane="1/2to1/3_0" slope="0.00"/>
    </timestep>
    <timestep time="585.00">
        <vehicle id="0" x="401.65" y="664.63" angle="180.00" type="DEFAULT_VEHTYPE" speed="13.79" pos="59.88" lane="2/3to2/4_0" slope="0.00"/>
        <vehicle id="1" x="398.35" y="206.05" angle="0.00" type="DEFAULT_VEHTYPE" speed="13.27" pos="189.20" lane="2/2to2/1_0" slope="0.00"/>
        <vehicle id="17" x="398.35" y="713.91" angle="0.00" type="DEFAULT_VEHTYPE" speed="12.93" pos="86.09" lane="2/4to2/3_0" slope="0.00"/>
        <vehicle id="18" x="401.65" y="732.63" angle="180.00" type="DEFAULT_VEHTYPE" speed="13.36" pos="127.88" lane="2/3to2/4_0" slope="0.00"/>
        <vehicle id="21" x="281.74" y="598.35" angle="90.00" type="DEFAULT_VEHTYPE" speed="12.79" pos="76.99" lane="1/3to2/3_0" slope="0.00"/>
        <vehicle id="22" x="398.35" y="244.68" angle="0.00" type="DEFAULT_VEHTYPE" speed="13.61" pos="150.57" lane="2/2to2/1_0" slope="0.00"/>
        <vehicle id="24" x="155.79" y="401.65" angle="-90.00" type="DEFAULT_VEHTYPE" speed="13.69" pos="39.46" lane="1/2to0/2_0" slope="0.00"/>
        <vehicle id="26" x="196.47" y="401.65" angle="-90.00" type="DEFAULT_VEHTYPE" speed="7.72" pos="8.28" lane=":1/2_5_0" slope="0.00"/>
        <vehicle id="28" x="401.65" y="794.42" angle="180.00" type="DEFAULT_VEHTYPE" speed="12.83" pos="189.67" lane="2/3to2/4_0" slope="0.00"/>
        <vehicle id="32" x="351.67" y="401.65" angle="-90.00" type="DEFAULT_VEHTYPE" speed="12.74" pos="43.58" lane="2/2to1/2_0" slope="0.00"/>
        <vehicle id="35" x="201.65" y="373.76" angle="180.00" type="DEFAULT_VEHTYPE" speed="12.64" pos="169.01" lane="1/1to1/2_0" slope="0.00"/>
        <vehicle id="37" x="455.56" y="198.35" angle="90.00" type="DEFAULT_VEHTYPE" speed="13.61" pos="50.81" lane="2/1to3/1_0" slope="0.00"/>
        <vehicle id="38" x="198.35" y="93.40" angle="0.00" type="DEFAULT_VEHTYPE" speed="13.49" pos="101.85" lane="1/1to1/0_0" slope="0.00"/>
        <vehicle id="41" x="398.35" y="628.42" angle="0.00" type="DEFAULT_VEHTYPE" speed="13.05" pos="171.58" lane="2/4to2/3_0" slope="0.00"/>
        <vehicle id="44" x="244.52" y="401.65" angle="-90.00" type="DEFAULT_VEHTYPE" speed="13.63" pos="150.73" lane="2/2to1/2_0" slope="0.00"/>
        <vehicle id="48" x="398.35" y="331.85" angle="0.00" type="DEFAULT_VEHTYPE" speed="13.00" pos="63.40" lane="2/2to2/1_0" slope="0.00"/>
        <vehicle id="5" x="201.65" y="298.74" angle="180.00" type="DEFAULT_VEHTYPE" speed="13.51" pos="93.99" lane="1/1to1/2_0" slope="0.00"/>
        <vehicle id="7" x="401.65" y="765.43" angle="180.00" type="DEFAULT_VEHTYPE" speed="13.01" pos="160.68" lane="2/3to2/4_0" slope="0.00"/>
        <vehicle id="8" x="201.65" y="490.73" angle="180.00" type="DEFAULT_VEHTYPE" speed="13.48" pos="85.98" lane="1/2to1/3_0" slope="0.00"/>
    </timestep>
    <timestep time="586.00">
        <vehicle id="0" x="401.65" y="678.03" angle="180.00" type="DEFAULT_VEHTYPE" speed="13.40" pos="73.28" lane="2/3to2/4_0" slope="0.00"/>
        <vehicle id="1" x="398.35" y="192.43" angle="0.00" type="DEFAULT_VEHTYPE" speed="13.62" pos="2.82" lane="2/1to2/0_0" slope="0.00"/>
        <vehicle id="17" x="398.35" y="700.83" angle="0.00" type="DEFAULT_VEHTYPE" speed="13.08" pos="99.17" lane="2/4to2/3_0" slope="0.00"/>
        <vehicle id="18" x="401.65" y="745.66" angle="180.00" type="DEFAULT_VEHTYPE" speed="13.03" pos="140.91" lane="2/3to2/4_0" slope="0.00"/>
        <vehicle id="21" x="295.06" y="598.35" angle="90.00" type="DEFAULT_VEHTYPE" speed="13.32" pos="90.31" lane="1/3to2/3_0" slope="0.00"/>
        <vehicle id="22" x="398.35" y="230.96" angle="0.00" type="DEFAULT_VEHTYPE" speed="13.73" pos="164.29" lane="2/2to2/1_0" slope="0.00"/>
        <vehicle id="24" x="142.58" y="401.65" angle="-90.00" type="DEFAULT_VEHTYPE" speed="13.21" pos="52.67" lane="1/2to0/2_0" slope="0.00"/>
        <vehicle id="26" x="186.85" y="401.65" angle="-90.00" type="DEFAULT_VEHTYPE" speed="9.61" pos="8.40" lane="1/2to0/2_0" slope="0.00"/>
        <vehicle id="28" x="398.35" y="797.52" angle="-23.19" type="DEFAULT_VEHTYPE" speed="12.88" pos="2.48" lane="2/4to2/3_0" slope="0.00"/>
        <vehicle id="32" x="338.01" y="401.65" angle="-90.00" type="DEFAULT_VEHTYPE" speed="13.66" pos="57.24" lane="2/2to1/2_0" slope="0.00"/>
        <vehicle id="35" x="201.65" y="386.94" angle="180.00" type="DEFAULT_VEHTYPE" speed="13.18" pos="182.19" lane="1/1to1/2_0" slope="0.00"/>
        <vehicle id="37" x="468.25" y="198.35" angle="90.00" type="DEFAULT_VEHTYPE" speed="12.69" pos="63.50" lane="2/1to3/1_0" slope="0.00"/>
        <vehicle id="38" x="198.35" y="80.75" angle="0.00" type="DEFAULT_VEHTYPE" speed="12.66" pos="114.50" lane="1/1to1/0_0" slope="0.00"/>
        <vehicle id="41" x="398.35" y="615.52" angle="0.00" type="DEFAULT_VEHTYPE" speed="12.90" pos="184.48" lane="2/4to2/3_0" slope="0.00"/>
        <vehicle id="44" x="230.92" y="401.65" angle="-90.00" type="DEFAULT_VEHTYPE" speed="13.60" pos="164.33" lane="2/2to1/2_0" slope="0.00"/>
        <vehicle id="48" x="398.35" y="318.68" angle="0.00" type="DEFAULT_VEHTYPE" speed="13.17" pos="76.57" lane="2/2to2/1_0" slope="0.00"/>
        <vehicle id="5" x="201.65" y="311.49" angle="180.00" type="DEFAULT_VEHTYPE" speed="12.75" pos="106.74" lane="1/1to1/2_0" slope="0.00"/>
        <vehicle id="7" x="401.65" y="778.27" angle="180.00" type="DEFAULT_VEHTYPE" speed="12.84" pos="173.52" lane="2/3to2/4_0" slope="0.00"/>
        <vehicle id="8" x="201.65" y="504.02" angle="180.00" type="DEFAULT_VEHTYPE" speed="13.29" pos="99.27" lane="1/2to1/3_0" slope="0.00"/>
    </timestep>
    <timestep time="587.00">
        <vehicle id="0" x="401.65" y="690.84" angle="180.00" type="DEFAULT_VEHTYPE" speed="12.81" pos="86.09" lane="2/3to2/4_0" slope="0.00"/>
        <vehicle id="1" x="398.35" y="179.77" angle="0.00" type="DEFAULT_VEHTYPE" speed="12.65" pos="15.48" lane="2/1to2/0_0" slope="0.00"/>
        <vehicle id="17" x="398.35" y="687.51" angle="0.00" type="DEFAULT_VEHTYPE" speed="13.32" pos="112.49" lane="2/4to2/3_0" slope="0.00"/>
        <vehicle id="18" x="401.65" y="759.54" angle="180.00" type="DEFAULT_VEHTYPE" speed="13.88" pos="154.79" lane="2/3to2/4_0" slope="0.00"/>
        <vehicle id="21" x="308.42" y="598.35" angle="90.00" type="DEFAULT_VEHTYPE" speed="13.36" pos="103.67" lane="1/3to2/3_0" slope="0.00"/>
        <vehicle id="22" x="398.35" y="217.18" angle="0.00" type="DEFAULT_VEHTYPE" speed="13.77" pos="178.07" lane="2/2to2/1_0" slope="0.00"/>
        <vehicle id="24" x="129.17" y="401.65" angle="-90.00" type="DEFAULT_VEHTYPE" speed="13.42" pos="66.08" lane="1/2to0/2_0" slope="0.00"/>
        <vehicle id="26" x="175.19" y="401.65" angle="-90.00" type="DEFAULT_VEHTYPE" speed="11.67" pos="20.06" lane="1/2to0/2_0" slope="0.00"/>
        <vehicle id="28" x="398.35" y="783.72" angle="0.00" type="DEFAULT_VEHTYPE" speed="13.80" pos="16.28" lane="2/4to2/3_0" slope="0.00"/>
        <vehicle id="32" x="325.00" y="401.65" angle="-90.00" type="DEFAULT_VEHTYPE" speed="13.02" pos="70.25" lane="2/2to1/2_0" slope="0.00"/>
        <vehicle id="35" x="201.65" y="400.38" angle="180.00" type="DEFAULT_VEHTYPE" speed="13.45" pos="5.13" lane=":1/2_9_0" slope="0.00"/>
        <vehicle id="37" x="481.01" y="198.35" angle="90.00" type="DEFAULT_VEHTYPE" speed="12.76" pos="76.26" lane="2/1to3/1_0" slope="0.00"/>
        <vehicle id="38" x="198.35" y="67.09" angle="0.00" type="DEFAULT_VEHTYPE" speed="13.66" pos="128.16" lane="1/1to1/0_0" slope="0.00"/>
        <vehicle id="41" x="398.35" y="602.67" angle="0.00" type="DEFAULT_VEHTYPE" speed="12.85" pos="2.08" lane=":2/3_1_0" slope="0.00"/>
        <vehicle id="44" x="221.44" y="401.65" angle="-90.00" type="DEFAULT_VEHTYPE" speed="9.48" pos="173.81" lane="2/2to1/2_0" slope="0.00"/>
        <vehicle id="48" x="398.35" y="305.97" angle="0.00" type="DEFAULT_VEHTYPE" speed="12.71" pos="89.28" lane="2/2to2/1_0" slope="0.00"/>
        <vehicle id="5" x="201.65" y="324.35" angle="180.00" type="DEFAULT_VEHTYPE" speed="12.87" pos="119.60" lane="1/1to1/2_0" slope="0.00"/>
        <vehicle id="7" x="401.65" y="791.91" angle="180.00" type="DEFAULT_VEHTYPE" speed="13.64" pos="187.16" lane="2/3to2/4_0" slope="0.00"/>
        <vehicle id="8" x="201.65" y="517.83" angle="180.00" type="DEFAULT_VEHTYPE" speed="13.81" pos="113.08" lane="1/2to1/3_0" slope="0.00"/>
    </timestep>
    <timestep time="588.00">
        <vehicle id="0" x="401.65" y="704.10" angle="180.00" type="DEFAULT_VEHTYPE" speed="13.25" pos="99.35" lane="2/3to2/4_0" slope="0.00"/>
        <vehicle id="1" x="398.35" y="166.63" angle="0.00" type="DEFAULT_VEHTYPE" speed="13.14" pos="28.62" lane="2/1to2/0_0" slope="0.00"/>
        <vehicle id="17" x="398.35" y="674.84" angle="0.00" type="DEFAULT_VEHTYPE" speed="12.67" pos="125.16" lane="2/4to2/3_0" slope="0.00"/>
        <vehicle id="18" x="401.65" y="772.51" angle="180.00" type="DEFAULT_VEHTYPE" speed="12.98" pos="167.76" lane="2/3to2/4_0" slope="0.00"/>
        <vehicle id="21" x="321.86" y="598.35" angle="90.00" type="DEFAULT_VEHTYPE" speed="13.44" pos="117.11" lane="1/3to2/3_0" slope="0.00"/>
        <vehicle id="22" x="398.35" y="204.57" angle="0.00" type="DEFAULT_VEHTYPE" speed="12.61" pos="0.18" lane=":2/1_1_0" slope="0.00"/>
        <vehicle id="24" x="115.29" y="401.65" angle="-90.00" type="DEFAULT_VEHTYPE" speed="13.88" pos="79.96" lane="1/2to0/2_0" slope="0.00"/>
        <vehicle id="26" x="161.32" y="401.65" angle="-90.00" type="DEFAULT_VEHTYPE" speed="13.86" pos="33.93" lane="1/2to0/2_0" slope="0.00"/>
        <vehicle id="28" x="398.35" y="770.15" angle="0.00" type="DEFAULT_VEHTYPE" speed="13.56" pos="29.85" lane="2/4to2/3_0" slope="0.00"/>
        <vehicle id="32" x="311.32" y="401.65" angle="-90.00" type="DEFAULT_VEHTYPE" speed="13.67" pos="83.93" lane="2/2to1/2_0" slope="0.00"/>
        <vehicle id="35" x="201.65" y="414.24" angle="180.00" type="DEFAULT_VEHTYPE" speed="13.86" pos="9.49" lane="1/2to1/3_0" slope="0.00"/>
        <vehicle id="37" x="494.08" y="198.35" angle="90.00" type="DEFAULT_VEHTYPE" speed="13.08" pos="89.33" lane="2/1to3/1_0" slope="0.00"/>
        <vehicle id="38" x="198.35" y="54.27" angle="0.00" type="DEFAULT_VEHTYPE" speed="12.83" pos="140.98" lane="1/1to1/0_0" slope="0.00"/>
        <vehicle id="41" x="398.35" y="588.95" angle="0.00" type="DEFAULT_VEHTYPE" speed="13.71" pos="6.30" lane="2/3to2/2_0" slope="0.00"/>
        <vehicle id="44" x="214.68" y="401.65" angle="-90.00" type="DEFAULT_VEHTYPE" speed="6.76" pos="180.57" lane="2/2to1/2_0" slope="0.00"/>
        <vehicle id="48" x="398.35" y="292.21" angle="0.00" type="DEFAULT_VEHTYPE" speed="13.76" pos="103.04" lane="2/2to2/1_0" slope="0.00"/>
        <vehicle id="5" x="201.65" y="336.97" angle="180.00" type="DEFAULT_VEHTYPE" speed="12.61" pos="132.22" lane="1/1to1/2_0" slope="0.00"/>
        <vehicle id="7" x="398.35" y="799.93" angle="-90.72" type="DEFAULT_VEHTYPE" speed="12.98" pos="0.07" lane="2/4to2/3_0" slope="0.00"/>
        <vehicle id="8" x="201.65" y="530.63" angle="180.00" type="DEFAULT_VEHTYPE" speed="12.79" pos="125.88" lane="1/2to1/3_0" slope="0.00"/>
    </timestep>
    <timestep time="589.00">
        <vehicle id="0" x="401.65" y="717.84" angle="180.00" type="DEFAULT_VEHTYPE" speed="13.74" pos="113.09" lane="2/3to2/4_0" slope="0.00"/>
        <vehicle id="1" x="398.35" y="154.03" angle="0.00" type="DEFAULT_VEHTYPE" speed="12.60" pos="41.22" lane="2/1to2/0_0" slope="0.00"/>
        <vehicle id="17" x="398.35" y="662.00" angle="0.00" type="DEFAULT_VEHTYPE" speed="12.83" pos="138.00" lane="2/4to2/3_0" slope="0.00"/>
        <vehicle id="18" x="401.65" y="786.29" angle="180.00" type="DEFAULT_VEHTYPE" speed="13.78" pos="181.54" lane="2/3to2/4_0" slope="0.00"/>
        <vehicle id="21" x="335.76" y="598.35" angle="90.00" type="DEFAULT_VEHTYPE" speed="13.90" pos="131.01" lane="1/3to2/3_0" slope="0.00"/>
        <vehicle id="22" x="398.35" y="191.97" angle="0.00" type="DEFAULT_VEHTYPE" speed="12.60" pos="3.28" lane="2/1to2/0_0" slope="0.00"/>
        <vehicle id="24" x="102.32" y="401.65" angle="-90.00" type="DEFAULT_VEHTYPE" speed="12.96" pos="92.93" lane="1/2to0/2_0" slope="0.00"/>
        <vehicle id="26" x="148.42" y="401.65" angle="-90.00" type="DEFAULT_VEHTYPE" speed="12.90" pos="46.83" lane="1/2to0/2_0" slope="0.00"/>
        <vehicle id="28" x="398.35" y="756.30" angle="0.00" type="DEFAULT_VEHTYPE" speed="13.86" pos="43.70" lane="2/4to2/3_0" slope="0.00"/>
        <vehicle id="32" x="298.59" y="401.65" angle="-90.00" type="DEFAULT_VEHTYPE" speed="12.73" pos="96.66" lane="2/2to1/2_0" slope="0.00"/>
        <vehicle id="35" x="201.65" y="428.06" angle="180.00" type="DEFAULT_VEHTYPE" speed="13.82" pos="23.31" lane="1/2to1/3_0" slope="0.00"/>
        <vehicle id="37" x="507.27" y="198.35" angle="90.00" type="DEFAULT_VEHTYPE" speed="13.19" pos="102.52" lane="2/1to3/1_0" slope="0.00"/>
        <vehicle id="38" x="198.35" y="41.16" angle="0.00" type="DEFAULT_VEHTYPE" speed="13.10" pos="154.09" lane="1/1to1/0_0" slope="0.00"/>
        <vehicle id="41" x="398.35" y="576.14" angle="0.00" type="DEFAULT_VEHTYPE" speed="12.81" pos="19.11" lane="2/3to2/2_0" slope="0.00"/>
        <vehicle id="44" x="210.51" y="401.65" angle="-90.00" type="DEFAULT_VEHTYPE" speed="4.17" pos="184.74" lane="2/2to1/2_0" slope="0.00"/>
        <vehicle id="48" x="398.35" y="278.81" angle="0.00" type="DEFAULT_VEHTYPE" speed="13.40" pos="116.44" lane="2/2to2/1_0" slope="0.00"/>
        <vehicle id="5" x="201.65" y="350.35" angle="180.00" type="DEFAULT_VEHTYPE" speed="13.38" pos="145.60" lane="1/1to1/2_0" slope="0.00"/>
        <vehicle id="7" x="398.35" y="786.75" angle="0.00" type="DEFAULT_VEHTYPE" speed="13.18" pos="13.25" lane="2/4to2/3_0" slope="0.00"/>
        <vehicle id="8" x="201.65" y="543.47" angle="180.00" type="DEFAULT_VEHTYPE" speed="12.84" pos="138.72" lane="1/2to1/3_0" slope="0.00"/>
    </timestep>
    <timestep time="590.00">
        <vehicle id="0" x="401.65" y="731.24" angle="180.00" type="DEFAULT_VEHTYPE" speed="13.40" pos="126.49" lane="2/3to2/4_0" slope="0.00"/>
        <vehicle id="1" x="398.35" y="141.36" angle="0.00" type="DEFAULT_VEHTYPE" speed="12.67" pos="53.89" lane="2/1to2/0_0" slope="0.00"/>
        <vehicle id="17" x="398.35" y="648.18" angle="0.00" type="DEFAULT_VEHTYPE" speed="13.82" pos="151.82" lane="2/4to2/3_0" slope="0.00"/>
        <vehicle id="18" x="401.65" y="799.41" angle="180.00" type="DEFAULT_VEHTYPE" speed="13.12" pos="194.66" lane="2/3to2/4_0" slope="0.00"/>
        <vehicle id="21" x="348.78" y="598.35" angle="90.00" type="DEFAULT_VEHTYPE" speed="13.03" pos="144.03" lane="1/3to2/3_0" slope="0.00"/>
        <vehicle id="22" x="398.35" y="178.14" angle="0.00" type="DEFAULT_VEHTYPE" speed="13.83" pos="17.11" lane="2/1to2/0_0" slope="0.00"/>
        <vehicle id="24" x="89.52" y="401.65" angle="-90.00" type="DEFAULT_VEHTYPE" speed="12.80" pos="105.73" lane="1/2to0/2_0" slope="0.00"/>
        <vehicle id="26" x="135.44" y="401.65" angle="-90.00" type="DEFAULT_VEHTYPE" speed="12.98" pos="59.81" lane="1/2to0/2_0" slope="0.00"/>
        <vehicle id="28" x="398.35" y="742.65" angle="0.00" type="DEFAULT_VEHTYPE" speed="13.65" pos="57.35" lane="2/4to2/3_0" slope="0.00"/>
        <vehicle id="32" x="285.85" y="401.65" angle="-90.00" type="DEFAULT_VEHTYPE" speed="12.74" pos="109.40" lane="2/2to1/2_0" slope="0.00"/>
        <vehicle id="35" x="201.65" y="441.37" angle="180.00" type="DEFAULT_VEHTYPE" speed="13.31" pos="36.62" lane="1/2to1/3_0" slope="0.00"/>
        <vehicle id="37" x="521.08" y="198.35" angle="90.00" type="DEFAULT_VEHTYPE" speed="13.81" pos="116.33" lane="2/1to3/1_0" slope="0.00"/>
        <vehicle id="38" x="198.35" y="27.42" angle="0.00" type="DEFAULT_VEHTYPE" speed="13.74" pos="167.83" lane="1/1to1/0_0" slope="0.00"/>
        <vehicle id="41" x="398.35" y="562.83" angle="0.00" type="DEFAULT_VEHTYPE" speed="13.31" pos="32.42" lane="2/3to2/2_0" slope="0.00"/>
        <vehicle id="44" x="204.15" y="401.65" angle="-90.00" type="DEFAULT_VEHTYPE" speed="6.36" pos="0.60" lane=":1/2_5_0" slope="0.00"/>
        <vehicle id="48" x="398.35" y="265.58" angle="0.00" type="DEFAULT_VEHTYPE" speed="13.23" pos="129.67" lane="2/2to2/1_0" slope="0.00"/>
        <vehicle id="5" x="201.65" y="363.12" angle="180.00" type="DEFAULT_VEHTYPE" speed="12.77" pos="158.37" lane="1/1to1/2_0" slope="0.00"/>
        <vehicle id="7" x="398.35" y="773.45" angle="0.00" type="DEFAULT_VEHTYPE" speed="13.30" pos="26.55" lane="2/4to2/3_0" slope="0.00"/>
        <vehicle id="8" x="201.65" y="556.16" angle="180.00" type="DEFAULT_VEHTYPE" speed="12.69" pos="151.41" lane="1/2to1/3_0" slope="0.00"/>
    </timestep>
    <timestep time="591.00">
        <vehicle id="0" x="401.65" y="744.39" angle="180.00" type="DEFAULT_VEHTYPE" speed="13.15" pos="139.64" lane="2/3to2/4_0" slope="0.00"/>
        <vehicle id="1" x="398.35" y="127.51" angle="0.00" type="DEFAULT_VEHTYPE" speed="13.85" pos="67.74" lane="2/1to2/0_0" slope="0.00"/>
        <vehicle id="17" x="398.35" y="634.63" angle="0.00" type="DEFAULT_VEHTYPE" speed="13.56" pos="165.37" lane="2/4to2/3_0" slope="0.00"/>
        <vehicle id="18" x="398.35" y="791.81" angle="0.00" type="DEFAULT_VEHTYPE" speed="13.60" pos="8.19" lane="2/4to2/3_0" slope="0.00"/>
        <vehicle id="21" x="362.03" y="598.35" angle="90.00" type="DEFAULT_VEHTYPE" speed="13.25" pos="157.28" lane="1/3to2/3_0" slope="0.00"/>
        <vehicle id="22" x="398.35" y="165.40" angle="0.00" type="DEFAULT_VEHTYPE" speed="12.75" pos="29.85" lane="2/1to2/0_0" slope="0.00"/>
        <vehicle id="24" x="76.56" y="401.65" angle="-90.00" type="DEFAULT_VEHTYPE" speed="12.96" pos="118.69" lane="1/2to0/2_0" slope="0.00"/>
        <vehicle id="26" x="122.69" y="401.65" angle="-90.00" type="DEFAULT_VEHTYPE" speed="12.75" pos="72.56" lane="1/2to0/2_0" slope="0.00"/>
        <vehicle id="28" x="398.35" y="730.02" angle="0.00" type="DEFAULT_VEHTYPE" speed="12.63" pos="69.98" lane="2/4to2/3_0" slope="0.00"/>
        <vehicle id="32" x="272.36" y="401.65" angle="-90.00" type="DEFAULT_VEHTYPE" speed="13.49" pos="122.89" lane="2/2to1/2_0" slope="0.00"/>
        <vehicle id="35" x="201.65" y="454.56" angle="180.00" type="DEFAULT_VEHTYPE" speed="13.19" pos="49.81" lane="1/2to1/3_0" slope="0.00"/>
        <vehicle id="37" x="533.83" y="198.35" angle="90.00" type="DEFAULT_VEHTYPE" speed="12.75" pos="129.08" lane="2/1to3/1_0" slope="0.00"/>
        <vehicle id="38" x="198.35" y="13.53" angle="0.00" type="DEFAULT_VEHTYPE" speed="13.89" pos="181.72" lane="1/1to1/0_0" slope="0.00"/>
        <vehicle id="41" x="398.35" y="549.06" angle="0.00" type="DEFAULT_VEHTYPE" speed="13.77" pos="46.19" lane="2/3to2/2_0" slope="0.00"/>
        <vehicle id="44" x="195.78" y="401.65" angle="-90.00" type="DEFAULT_VEHTYPE" speed="8.37" pos="8.97" lane=":1/2_5_0" slope="0.00"/>
        <vehicle id="48" x="398.35" y="252.47" angle="0.00" type="DEFAULT_VEHTYPE" speed="13.11" pos="142.78" lane="2/2to2/1_0" slope="0.00"/>
        <vehicle id="5" x="201.65" y="376.97" angle="180.00" type="DEFAULT_VEHTYPE" speed="13.84" pos="172.22" lane="1/1to1/2_0" slope="0.00"/>
        <vehicle id="7" x="398.35" y="759.74" angle="0.00" type="DEFAULT_VEHTYPE" speed="13.71" pos="40.26" lane="2/4to2/3_0" slope="0.00"/>
        <vehicle id="8" x="201.65" y="569.84" angle="180.00" type="DEFAULT_VEHTYPE" speed="13.68" pos="165.09" lane="1/2to1/3_0" slope="0.00"/>
    </timestep>
    <timestep time="592.00">
        <vehicle id="0" x="401.65" y="757.97" angle="180.00" type="DEFAULT_VEHTYPE" speed="13.59" pos="153.22" lane="2/3to2/4_0" slope="0.00"/>
        <vehicle id="1" x="398.35" y="114.07" angle="0.00" type="DEFAULT_VEHTYPE" speed="13.44" pos="81.18" lane="2/1to2/0_0" slope="0.00"/>
        <vehicle id="17" x="398.35" y="620.93" angle="0.00" type="DEFAULT_VEHTYPE" speed="13.69" pos="179.07" lane="2/4to2/3_0" slope="0.00"/>
        <vehicle id="18" x="398.35" y="778.96" angle="0.00" type="DEFAULT_VEHTYPE" speed="12.85" pos="21.04" lane="2/4to2/3_0" slope="0.00"/>
        <vehicle id="21" x="374.08" y="598.35" angle="90.00" type="DEFAULT_VEHTYPE" speed="12.05" pos="169.33" lane="1/3to2/3_0" slope="0.00"/>
        <vehicle id="22" x="398.35" y="152.75" angle="0.00" type="DEFAULT_VEHTYPE" speed="12.64" pos="42.50" lane="2/1to2/0_0" slope="0.00"/>
        <vehicle id="24" x="63.77" y="401.65" angle="-90.00" type="DEFAULT_VEHTYPE" speed="12.80" pos="131.48" lane="1/2to0/2_0" slope="0.00"/>
        <vehicle id="26" x="109.41" y="401.65" angle="-90.00" type="DEFAULT_VEHTYPE" speed="13.28" pos="85.84" lane="1/2to0/2_0" slope="0.00"/>
        <vehicle id="28" x="398.35" y="716.26" angle="0.00" type="DEFAULT_VEHTYPE" speed="13.76" pos="83.74" lane="2/4to2/3_0" slope="0.00"/>
        <vehicle id="32" x="259.06" y="401.65" angle="-90.00" type="DEFAULT_VEHTYPE" speed="13.30" pos="136.19" lane="2/2to1/2_0" slope="0.00"/>
        <vehicle id="35" x="201.65" y="468.26" angle="180.00" type="DEFAULT_VEHTYPE" speed="13.69" pos="63.51" lane="1/2to1/3_0" slope="0.00"/>
        <vehicle id="37" x="546.53" y="198.35" angle="90.00" type="DEFAULT_VEHTYPE" speed="12.70" pos="141.78" lane="2/1to3/1_0" slope="0.00"/>
        <vehicle id="38" x="198.35" y="0.30" angle="0.00" type="DEFAULT_VEHTYPE" speed="13.24" pos="194.95" lane="1/1to1/0_0" slope="0.00"/>
        <vehicle id="41" x="398.35" y="535.46" angle="0.00" type="DEFAULT_VEHTYPE" speed="13.59" pos="59.79" lane="2/3to2/2_0" slope="0.00"/>
        <vehicle id="44" x="184.85" y="401.65" angle="-90.00" type="DEFAULT_VEHTYPE" speed="10.93" pos="10.40" lane="1/2to0/2_0" slope="0.00"/>
        <vehicle id="48" x="398.35" y="239.74" angle="0.00" type="DEFAULT_VEHTYPE" speed="12.73" pos="155.51" lane="2/2to2/1_0" slope="0.00"/>
        <vehicle id="5" x="201.65" y="390.31" angle="180.00" type="DEFAULT_VEHTYPE" speed="13.34" pos="185.56" lane="1/1to1/2_0" slope="0.00"/>
        <vehicle id="7" x="398.35" y="746.53" angle="0.00" type="DEFAULT_VEHTYPE" speed="13.21" pos="53.47" lane="2/4to2/3_0" slope="0.00"/>
        <vehicle id="8" x="201.65" y="582.49" angle="180.00" type="DEFAULT_VEHTYPE" speed="12.65" pos="177.74" lane="1/2to1/3_0" slope="0.00"/>
    </timestep>
    <timestep time="593.00">
        <vehicle id="0" x="401.65" y="771.61" angle="180.00" type="DEFAULT_VEHTYPE" speed="13.64" pos="166.86" lane="2/3to2/4_0" slope="0.00"/>
        <vehicle id="1" x="398.35" y="100.72" angle="0.00" type="DEFAULT_VEHTYPE" speed="13.35" pos="94.53" lane="2/1to2/0_0" slope="0.00"/>
        <vehicle id="17" x="398.35" y="607.40" angle="0.00" type="DEFAULT_VEHTYPE" speed="13.53" pos="192.60" lane="2/4to2/3_0" slope="0.00"/>
        <vehicle id="18" x="398.35" y="765.64" angle="0.00" type="DEFAULT_VEHTYPE" speed="13.32" pos="34.36" lane="2/4to2/3_0" slope="0.00"/>
        <vehicle id="21" x="382.90" y="598.35" angle="90.00" type="DEFAULT_VEHTYPE" speed="8.82" pos="178.15" lane="1/3to2/3_0" slope="0.00"/>
        <vehicle id="22" x="398.35" y="139.37" angle="0.00" type="DEFAULT_VEHTYPE" speed="13.38" pos="55.88" lane="2/1to2/0_0" slope="0.00"/>
        <vehicle id="24" x="50.45" y="401.65" angle="-90.00" type="DEFAULT_VEHTYPE" speed="13.32" pos="144.80" lane="1/2to0/2_0" slope="0.00"/>
        <vehicle id="26" x="96.01" y="401.65" angle="-90.00" type="DEFAULT_VEHTYPE" speed="13.40" pos="99.24" lane="1/2to0/2_0" slope="0.00"/>
        <vehicle id="28" x="398.35" y="702.60" angle="0.00" type="DEFAULT_VEHTYPE" speed="13.67" pos="97.40" lane="2/4to2/3_0" slope="0.00"/>
        <vehicle id="32" x="246.46" y="401.65" angle="-90.00" type="DEFAULT_VEHTYPE" speed="12.60" pos="148.79" lane="2/2to1/2_0" slope="0.00"/>
        <vehicle id="35" x="201.65" y="481.73" angle="180.00" type="DEFAULT_VEHTYPE" speed="13.48" pos="76.98" lane="1/2to1/3_0" slope="0.00"/>
        <vehicle id="37" x="560.41" y="198.35" angle="90.00" type="DEFAULT_VEHTYPE" speed="13.88" pos="155.66" lane="2/1to3/1_0" slope="0.00"/>
        <vehicle id="38" x="201.65" y="7.77" angle="180.00" type="DEFAULT_VEHTYPE" speed="12.89" pos="7.77" lane="1/0to1/1_0" slope="0.00"/>
        <vehicle id="41" x="398.35" y="521.64" angle="0.00" type="DEFAULT_VEHTYPE" speed="13.82" pos="73.61" lane="2/3to2/2_0" slope="0.00"/>
        <vehicle id="44" x="171.92" y="401.65" angle="-90.00" type="DEFAULT_VEHTYPE" speed="12.93" pos="23.33" lane="1/2to0/2_0" slope="0.00"/>
        <vehicle id="48" x="398.35" y="226.32" angle="0.00" type="DEFAULT_VEHTYPE" speed="13.42" pos="168.93" lane="2/2to2/1_0" slope="0.00"/>
        <vehicle id="5" x="201.65" y="403.42" angle="180.00" type="DEFAULT_VEHTYPE" speed="13.11" pos="8.17" lane=":1/2_9_0" slope="0.00"/>
        <vehicle id="7" x="398.35" y="733.80" angle="0.00" type="DEFAULT_VEHTYPE" speed="12.73" pos="66.20" lane="2/4to2/3_0" slope="0.00"/>
        <vehicle id="8" x="201.76" y="596.02" angle="178.76" type="DEFAULT_VEHTYPE" speed="13.54" pos="0.78" lane=":1/3_8_0" slope="0.00"/>
    </timestep>
    <timestep time="594.00">
        <vehicle id="0" x="401.65" y="784.85" angle="180.00" type="DEFAULT_VEHTYPE" speed="13.24" pos="180.10" lane="2/3to2/4_0" slope="0.00"/>
        <vehicle id="1" x="398.35" y="87.64" angle="0.00" type="DEFAULT_VEHTYPE" speed="13.08" pos="107.61" lane="2/1to2/0_0" slope="0.00"/>
        <vehicle id="17" x="398.35" y="594.39" angle="0.00" type="DEFAULT_VEHTYPE" speed="13.01" pos="0.86" lane="2/3to2/2_0" slope="0.00"/>
        <vehicle id="18" x="398.35" y="751.94" angle="0.00" type="DEFAULT_VEHTYPE" speed="13.70" pos="48.06" lane="2/4to2/3_0" slope="0.00"/>
        <vehicle id="21" x="387.54" y="598.35" angle="90.00" type="DEFAULT_VEHTYPE" speed="4.64" pos="182.79" lane="1/3to2/3_0" slope="0.00"/>
        <vehicle id="22" x="398.35" y="125.51" angle="0.00" type="DEFAULT_VEHTYPE" speed="13.85" pos="69.74" lane="2/1to2/0_0" slope="0.00"/>
        <vehicle id="24" x="37.58" y="401.65" angle="-90.00" type="DEFAULT_VEHTYPE" speed="12.87" pos="157.67" lane="1/2to0/2_0" slope="0.00"/>
        <vehicle id="26" x="82.90" y="401.65" angle="-90.00" type="DEFAULT_VEHTYPE" speed="13.11" pos="112.35" lane="1/2to0/2_0" slope="0.00"/>
        <vehicle id="28" x="398.35" y="689.07" angle="0.00" type="DEFAULT_VEHTYPE" speed="13.52" pos="110.93" lane="2/4to2/3_0" slope="0.00"/>
        <vehicle id="32" x="233.24" y="401.65" angle="-90.00" type="DEFAULT_VEHTYPE" speed="13.22" pos="162.01" lane="2/2to1/2_0" slope="0.00"/>
        <vehicle id="35" x="201.65" y="495.24" angle="180.00" type="DEFAULT_VEHTYPE" speed="13.50" pos="90.49" lane="1/2to1/3_0" slope="0.00"/>
        <vehicle id="37" x="573.07" y="198.35" angle="90.00" type="DEFAULT_VEHTYPE" speed="12.66" pos="168.32" lane="2/1to3/1_0" slope="0.00"/>
        <vehicle id="38" x="201.65" y="21.44" angle="180.00" type="DEFAULT_VEHTYPE" speed="13.67" pos="21.44" lane="1/0to1/1_0" slope="0.00"/>
        <vehicle id="41" x="398.35" y="508.41" angle="0.00" type="DEFAULT_VEHTYPE" speed="13.23" pos="86.84" lane="2/3to2/2_0" slope="0.00"/>
        <vehicle id="44" x="159.25" y="401.65" angle="-90.00" type="DEFAULT_VEHTYPE" speed="12.67" pos="36.00" lane="1/2to0/2_0" slope="0.00"/>
        <vehicle id="48" x="398.35" y="213.59" angle="0.00" type="DEFAULT_VEHTYPE" speed="12.73" pos="181.66" lane="2/2to2/1_0" slope="0.00"/>
        <vehicle id="5" x="201.65" y="416.28" angle="180.00" type="DEFAULT_VEHTYPE" speed="12.87" pos="11.53" lane="1/2to1/3_0" slope="0.00"/>
        <vehicle id="7" x="398.35" y="720.97" angle="0.00" type="DEFAULT_VEHTYPE" speed="12.84" pos="79.03" lane="2/4to2/3_0" slope="0.00"/>
        <vehicle id="8" x="213.56" y="598.35" angle="90.00" type="DEFAULT_VEHTYPE" speed="13.02" pos="8.81" lane="1/3to2/3_0" slope="0.00"/>
    </timestep>
    <timestep time="595.00">
        <vehicle id="0" x="401.65" y="797.49" angle="180.00" type="DEFAULT_VEHTYPE" speed="12.64" pos="192.74" lane="2/3to2/4_0" slope="0.00"/>
        <vehicle id="1" x="398.35" y="74.30" angle="0.00" type="DEFAULT_VEHTYPE" speed="13.34" pos="120.95" lane="2/1to2/0_0" slope="0.00"/>
        <vehicle id="17" x="398.35" y="580.69" angle="0.00" type="DEFAULT_VEHTYPE" speed="13.71" pos="14.56" lane="2/3to2/2_0" slope="0.00"/>
        <vehicle id="18" x="398.35" y="738.39" angle="0.00" type="DEFAULT_VEHTYPE" speed="13.55" pos="61.61" lane="2/4to2/3_0" slope="0.00"/>
        <vehicle id="21" x="390.79" y="598.35" angle="90.00" type="DEFAULT_VEHTYPE" speed="3.25" pos="186.04" lane="1/3to2/3_0" slope="0.00"/>
        <vehicle id="22" x="398.35" y="112.40" angle="0.00" type="DEFAULT_VEHTYPE" speed="13.12" pos="82.85" lane="2/1to2/0_0" slope="0.00"/>
        <vehicle id="24" x="24.16" y="401.65" angle="-90.00" type="DEFAULT_VEHTYPE" speed="13.42" pos="171.09" lane="1/2to0/2_0" slope="0.00"/>
        <vehicle id="26" x="69.61" y="401.65" angle="-90.00" type="DEFAULT_VEHTYPE" speed="13.29" pos="125.64" lane="1/2to0/2_0" slope="0.00"/>
        <vehicle id="28" x="398.35" y="676.07" angle="0.00" type="DEFAULT_VEHTYPE" speed="13.00" pos="123.93" lane="2/4to2/3_0" slope="0.00"/>
        <vehicle id="32" x="222.28" y="401.65" angle="-90.00" type="DEFAULT_VEHTYPE" speed="10.96" pos="172.97" lane="2/2to1/2_0" slope="0.00"/>
        <vehicle id="35" x="201.65" y="508.14" angle="180.00" type="DEFAULT_VEHTYPE" speed="12.90" pos="103.39" lane="1/2to1/3_0" slope="0.00"/>
        <vehicle id="37" x="581.99" y="198.35" angle="90.00" type="DEFAULT_VEHTYPE" speed="8.92" pos="177.24" lane="2/1to3/1_0" slope="0.00"/>
        <vehicle id="38" x="201.65" y="34.96" angle="180.00" type="DEFAULT_VEHTYPE" speed="13.52" pos="34.96" lane="1/0to1/1_0" slope="0.00"/>
        <vehicle id="41" x="398.35" y="495.64" angle="0.00" type="DEFAULT_VEHTYPE" speed="12.77" pos="99.61" lane="2/3to2/2_0" slope="0.00"/>
        <vehicle id="44" x="145.79" y="401.65" angle="-90.00" type="DEFAULT_VEHTYPE" speed="13.46" pos="49.46" lane="1/2to0/2_0" slope="0.00"/>
        <vehicle id="48" x="395.27" y="201.65" angle="-44.56" type="DEFAULT_VEHTYPE" speed="13.81" pos="4.98" lane=":2/1_0_0" slope="0.00"/>
        <vehicle id="5" x="201.65" y="430.02" angle="180.00" type="DEFAULT_VEHTYPE" speed="13.73" pos="25.27" lane="1/2to1/3_0" slope="0.00"/>
        <vehicle id="7" x="398.35" y="707.35" angle="0.00" type="DEFAULT_VEHTYPE" speed="13.61" pos="92.65" lane="2/4to2/3_0" slope="0.00"/>
        <vehicle id="8" x="226.86" y="598.35" angle="90.00" type="DEFAULT_VEHTYPE" speed="13.31" pos="22.11" lane="1/3to2/3_0" slope="0.00"/>
    </timestep>
    <timestep time="596.00">
        <vehicle id="0" x="398.35" y="794.62" angle="0.00" type="DEFAULT_VEHTYPE" speed="12.71" pos="5.38" lane="2/4to2/3_0" slope="0.00"/>
        <vehicle id="1" x="398.35" y="60.40" angle="0.00" type="DEFAULT_VEHTYPE" speed="13.90" pos="134.85" lane="2/1to2/0_0" slope="0.00"/>
        <vehicle id="17" x="398.35" y="567.37" angle="0.00" type="DEFAULT_VEHTYPE" speed="13.32" pos="27.88" lane="2/3to2/2_0" slope="0.00"/>
        <vehicle id="18" x="398.35" y="725.00" angle="0.00" type="DEFAULT_VEHTYPE" speed="13.39" pos="75.00" lane="2/4to2/3_0" slope="0.00"/>
        <vehicle id="21" x="396.13" y="598.48" angle="91.44" type="DEFAULT_VEHTYPE" speed="5.35" pos="0.89" lane=":2/3_14_0" slope="0.00"/>
        <vehicle id="22" x="398.35" y="98.95" angle="0.00" type="DEFAULT_VEHTYPE" speed="13.44" pos="96.30" lane="2/1to2/0_0" slope="0.00"/>
        <vehicle id="24" x="10.69" y="401.65" angle="-90.00" type="DEFAULT_VEHTYPE" speed="13.47" pos="184.56" lane="1/2to0/2_0" slope="0.00"/>
        <vehicle id="26" x="56.17" y="401.65" angle="-90.00" type="DEFAULT_VEHTYPE" speed="13.44" pos="139.08" lane="1/2to0/2_0" slope="0.00"/>
        <vehicle id="28" x="398.35" y="662.97" angle="0.00" type="DEFAULT_VEHTYPE" speed="13.11" pos="137.03" lane="2/4to2/3_0" slope="0.00"/>
        <vehicle id="32" x="214.60" y="401.65" angle="-90.00" type="DEFAULT_VEHTYPE" speed="7.68" pos="180.65" lane="2/2to1/2_0" slope="0.00"/>
        <vehicle id="35" x="201.65" y="521.04" angle="180.00" type="DEFAULT_VEHTYPE" speed="12.89" pos="116.29" lane="1/2to1/3_0" slope="0.00"/>
        <vehicle id="37" x="587.55" y="198.35" angle="90.00" type="DEFAULT_VEHTYPE" speed="5.56" pos="182.80" lane="2/1to3/1_0" slope="0.00"/>
        <vehicle id="38" x="201.65" y="47.70" angle="180.00" type="DEFAULT_VEHTYPE" speed="12.74" pos="47.70" lane="1/0to1/1_0" slope="0.00"/>
        <vehicle id="41" x="398.35" y="481.98" angle="0.00" type="DEFAULT_VEHTYPE" speed="13.67" pos="113.27" lane="2/3to2/2_0" slope="0.00"/>
        <vehicle id="44" x="133.10" y="401.65" angle="-90.00" type="DEFAULT_VEHTYPE" speed="12.69" pos="62.15" lane="1/2to0/2_0" slope="0.00"/>
        <vehicle id="48" x="382.08" y="201.65" angle="-90.00" type="DEFAULT_VEHTYPE" speed="13.19" pos="13.17" lane="2/1to1/1_0" slope="0.00"/>
        <vehicle id="5" x="201.65" y="442.94" angle="180.00" type="DEFAULT_VEHTYPE" speed="12.92" pos="38.19" lane="1/2to1/3_0" slope="0.00"/>
        <vehicle id="7" x="398.35" y="693.90" angle="0.00" type="DEFAULT_VEHTYPE" speed="13.46" pos="106.10" lane="2/4to2/3_0" slope="0.00"/>
        <vehicle id="8" x="239.64" y="598.35" angle="90.00" type="DEFAULT_VEHTYPE" speed="12.78" pos="34.89" lane="1/3to2/3_0" slope="0.00"/>
    </timestep>
    <timestep time="597.00">
        <vehicle id="0" x="398.35" y="780.91" angle="0.00" type="DEFAULT_VEHTYPE" speed="13.71" pos="19.09" lane="2/4to2/3_0" slope="0.00"/>
        <vehicle id="1" x="398.35" y="47.01" angle="0.00" type="DEFAULT_VEHTYPE" speed="13.39" pos="148.24" lane="2/1to2/0_0" slope="0.00"/>
        <vehicle id="17" x="398.35" y="554.65" angle="0.00" type="DEFAULT_VEHTYPE" speed="12.72" pos="40.60" lane="2/3to2/2_0" slope="0.00"/>
        <vehicle id="18" x="398.35" y="711.17" angle="0.00" type="DEFAULT_VEHTYPE" speed="13.84" pos="88.83" lane="2/4to2/3_0" slope="0.00"/>
        <vehicle id="21" x="401.33" y="602.49" angle="139.53" type="DEFAULT_VEHTYPE" speed="7.15" pos="8.04" lane=":2/3_14_0" slope="0.00"/>
        <vehicle id="22" x="398.35" y="85.47" angle="0.00" type="DEFAULT_VEHTYPE" speed="13.49" pos="109.78" lane="2/1to2/0_0" slope="0.00"/>
        <vehicle id="24" x="-1.57" y="399.84" angle="-65.50" type="DEFAULT_VEHTYPE" speed="13.29" pos="2.59" lane=":0/2_0_0" slope="0.00"/>
        <vehicle id="26" x="43.43" y="401.65" angle="-90.00" type="DEFAULT_VEHTYPE" speed="12.74" pos="151.82" lane="1/2to0/2_0" slope="0.00"/>
        <vehicle id="28" x="398.35" y="649.31" angle="0.00" type="DEFAULT_VEHTYPE" speed="13.65" pos="150.69" lane="2/4to2/3_0" slope="0.00"/>
        <vehicle id="32" x="210.96" y="401.65" angle="-90.00" type="DEFAULT_VEHTYPE" speed="3.64" pos="184.29" lane="2/2to1/2_0" slope="0.00"/>
        <vehicle id="35" x="201.65" y="534.30" angle="180.00" type="DEFAULT_VEHTYPE" speed="13.26" pos="129.55" lane="1/2to1/3_0" slope="0.00"/>
        <vehicle id="37" x="590.59" y="198.35" angle="90.00" type="DEFAULT_VEHTYPE" speed="3.04" pos="185.84" lane="2/1to3/1_0" slope="0.00"/>
        <vehicle id="38" x="201.65" y="61.18" angle="180.00" type="DEFAULT_VEHTYPE" speed="13.48" pos="61.18" lane="1/0to1/1_0" slope="0.00"/>
        <vehicle id="41" x="398.35" y="468.85" angle="0.00" type="DEFAULT_VEHTYPE" speed="13.13" pos="126.40" lane="2/3to2/2_0" slope="0.00"/>
        <vehicle id="44" x="120.20" y="401.65" angle="-90.00" type="DEFAULT_VEHTYPE" speed="12.90" pos="75.05" lane="1/2to0/2_0" slope="0.00"/>
        <vehicle id="48" x="369.09" y="201.65" angle="-90.00" type="DEFAULT_VEHTYPE" speed="12.99" pos="26.16" lane="2/1to1/1_0" slope="0.00"/>
        <vehicle id="5" x="201.65" y="456.16" angle="180.00" type="DEFAULT_VEHTYPE" speed="13.22" pos="51.41" lane="1/2to1/3_0" slope="0.00"/>
        <vehicle id="7" x="398.35" y="680.18" angle="0.00" type="DEFAULT_VEHTYPE" speed="13.72" pos="119.82" lane="2/4to2/3_0" slope="0.00"/>
        <vehicle id="8" x="253.50" y="598.35" angle="90.00" type="DEFAULT_VEHTYPE" speed="13.86" pos="48.75" lane="1/3to2/3_0" slope="0.00"/>
    </timestep>
    <timestep time="598.00">
        <vehicle id="0" x="398.35" y="767.44" angle="0.00" type="DEFAULT_VEHTYPE" speed="13.46" pos="32.56" lane="2/4to2/3_0" slope="0.00"/>
        <vehicle id="1" x="398.35" y="33.86" angle="0.00" type="DEFAULT_VEHTYPE" speed="13.15" pos="161.39" lane="2/1to2/0_0" slope="0.00"/>
        <vehicle id="17" x="398.35" y="541.09" angle="0.00" type="DEFAULT_VEHTYPE" speed="13.57" pos="54.16" lane="2/3to2/2_0" slope="0.00"/>
        <vehicle id="18" x="398.35" y="697.66" angle="0.00" type="DEFAULT_VEHTYPE" speed="13.50" pos="102.34" lane="2/4to2/3_0" slope="0.00"/>
        <vehicle id="21" x="401.65" y="611.66" angle="180.00" type="DEFAULT_VEHTYPE" speed="9.19" pos="6.91" lane="2/3to2/4_0" slope="0.00"/>
        <vehicle id="22" x="398.35" y="72.61" angle="0.00" type="DEFAULT_VEHTYPE" speed="12.86" pos="122.64" lane="2/1to2/0_0" slope="0.00"/>
        <vehicle id="24" x="11.53" y="398.35" angle="90.00" type="DEFAULT_VEHTYPE" speed="13.75" pos="11.53" lane="0/2to1/2_0" slope="0.00"/>
        <vehicle id="26" x="30.54" y="401.65" angle="-90.00" type="DEFAULT_VEHTYPE" speed="12.88" pos="164.71" lane="1/2to0/2_0" slope="0.00"/>
        <vehicle id="28" x="398.35" y="636.12" angle="0.00" type="DEFAULT_VEHTYPE" speed="13.19" pos="163.88" lane="2/4to2/3_0" slope="0.00"/>
        <vehicle id="32" x="205.38" y="401.65" angle="-90.00" type="DEFAULT_VEHTYPE" speed="5.58" pos="189.87" lane="2/2to1/2_0" slope="0.00"/>
        <vehicle id="35" x="201.65" y="548.10" angle="180.00" type="DEFAULT_VEHTYPE" speed="13.80" pos="143.35" lane="1/2to1/3_0" slope="0.00"/>
        <vehicle id="37" x="595.00" y="198.35" angle="90.00" type="DEFAULT_VEHTYPE" speed="4.40" pos="190.25" lane="2/1to3/1_0" slope="0.00"/>
        <vehicle id="38" x="201.65" y="74.66" angle="180.00" type="DEFAULT_VEHTYPE" speed="13.48" pos="74.66" lane="1/0to1/1_0" slope="0.00"/>
        <vehicle id="41" x="398.35" y="455.03" angle="0.00" type="DEFAULT_VEHTYPE" speed="13.82" pos="140.22" lane="2/3to2/2_0" slope="0.00"/>
        <vehicle id="44" x="107.14" y="401.65" angle="-90.00" type="DEFAULT_VEHTYPE" speed="13.06" pos="88.11" lane="1/2to0/2_0" slope="0.00"/>
        <vehicle id="48" x="356.31" y="201.65" angle="-90.00" type="DEFAULT_VEHTYPE" speed="12.79" pos="38.94" lane="2/1to1/1_0" slope="0.00"/>
        <vehicle id="5" x="201.65" y="468.99" angle="180.00" type="DEFAULT_VEHTYPE" speed="12.83" pos="64.24" lane="1/2to1/3_0" slope="0.00"/>
        <vehicle id="7" x="398.35" y="667.45" angle="0.00" type="DEFAULT_VEHTYPE" speed="12.73" pos="132.55" lane="2/4to2/3_0" slope="0.00"/>
        <vehicle id="8" x="267.28" y="598.35" angle="90.00" type="DEFAULT_VEHTYPE" speed="13.78" pos="62.53" lane="1/3to2/3_0" slope="0.00"/>
    </timestep>
    <timestep time="599.00">
        <vehicle id="0" x="398.35" y="754.40" angle="0.00" type="DEFAULT_VEHTYPE" speed="13.05" pos="45.60" lane="2/4to2/3_0" slope="0.00"/>
        <vehicle id="1" x="398.35" y="21.07" angle="0.00" type="DEFAULT_VEHTYPE" speed="12.79" pos="174.18" lane="2/1to2/0_0" slope="0.00"/>
        <vehicle id="17" x="398.35" y="528.18" angle="0.00" type="DEFAULT_VEHTYPE" speed="12.90" pos="67.07" lane="2/3to2/2_0" slope="0.00"/>
        <vehicle id="18" x="398.35" y="684.69" angle="0.00" type="DEFAULT_VEHTYPE" speed="12.97" pos="115.31" lane="2/4to2/3_0" slope="0.00"/>
        <vehicle id="21" x="401.65" y="623.36" angle="180.00" type="DEFAULT_VEHTYPE" speed="11.70" pos="18.61" lane="2/3to2/4_0" slope="0.00"/>
        <vehicle id="22" x="398.35" y="59.30" angle="0.00" type="DEFAULT_VEHTYPE" speed="13.31" pos="135.95" lane="2/1to2/0_0" slope="0.00"/>
        <vehicle id="24" x="24.32" y="398.35" angle="90.00" type="DEFAULT_VEHTYPE" speed="12.80" pos="24.32" lane="0/2to1/2_0" slope="0.00"/>
        <vehicle id="26" x="16.68" y="401.65" angle="-90.00" type="DEFAULT_VEHTYPE" speed="13.86" pos="178.57" lane="1/2to0/2_0" slope="0.00"/>
        <vehicle id="28" x="398.35" y="622.44" angle="0.00" type="DEFAULT_VEHTYPE" speed="13.68" pos="177.56" lane="2/4to2/3_0" slope="0.00"/>
        <vehicle id="32" x="198.34" y="401.65" angle="-90.00" type="DEFAULT_VEHTYPE" speed="7.04" pos="6.41" lane=":1/2_5_0" slope="0.00"/>
        <vehicle id="35" x="201.65" y="561.10" angle="180.00" type="DEFAULT_VEHTYPE" speed="13.00" pos="156.35" lane="1/2to1/3_0" slope="0.00"/>
        <vehicle id="37" x="601.10" y="198.35" angle="90.00" type="DEFAULT_VEHTYPE" speed="6.10" pos="5.85" lane=":3/1_13_0" slope="0.00"/>
        <vehicle id="38" x="201.65" y="88.18" angle="180.00" type="DEFAULT_VEHTYPE" speed="13.52" pos="88.18" lane="1/0to1/1_0" slope="0.00"/>
        <vehicle id="41" x="398.35" y="442.38" angle="0.00" type="DEFAULT_VEHTYPE" speed="12.65" pos="152.87" lane="2/3to2/2_0" slope="0.00"/>
        <vehicle id="44" x="94.09" y="401.65" angle="-90.00" type="DEFAULT_VEHTYPE" speed="13.05" pos="101.16" lane="1/2to0/2_0" slope="0.00"/>
        <vehicle id="48" x="342.44" y="201.65" angle="-90.00" type="DEFAULT_VEHTYPE" speed="13.86" pos="52.81" lane="2/1to1/1_0" slope="0.00"/>
        <vehicle id="5" x="201.65" y="481.68" angle="180.00" type="DEFAULT_VEHTYPE" speed="12.69" pos="76.93" lane="1/2to1/3_0" slope="0.00"/>
        <vehicle id="7" x="398.35" y="653.88" angle="0.00" type="DEFAULT_VEHTYPE" speed="13.57" pos="146.12" lane="2/4to2/3_0" slope="0.00"/>
        <vehicle id="8" x="280.50" y="598.35" angle="90.00" type="DEFAULT_VEHTYPE" speed="13.22" pos="75.75" lane="1/3to2/3_0" slope="0.00"/>
    </timestep>
    <timestep time="600.00">
        <vehicle id="0" x="398.35" y="741.37" angle="0.00" type="DEFAULT_VEHTYPE" speed="13.03" pos="58.63" lane="2/4to2/3_0" slope="0.00"/>
        <vehicle id="1" x="398.35" y="7.49" angle="0.00" type="DEFAULT_VEHTYPE" speed="13.59" pos="187.76" lane="2/1to2/0_0" slope="0.00"/>
        <vehicle id="17" x="398.35" y="514.43" angle="0.00" type="DEFAULT_VEHTYPE" speed="13.76" pos="80.82" lane="2/3to2/2_0" slope="0.00"/>
        <vehicle id="18" x="398.35" y="671.86" angle="0.00" type="DEFAULT_VEHTYPE" speed="12.83" pos="128.14" lane="2/4to2/3_0" slope="0.00"/>
        <vehicle id="21" x="401.65" y="636.30" angle="180.00" type="DEFAULT_VEHTYPE" speed="12.94" pos="31.55" lane="2/3to2/4_0" slope="0.00"/>
        <vehicle id="22" x="398.35" y="45.89" angle="0.00" type="DEFAULT_VEHTYPE" speed="13.40" pos="149.36" lane="2/1to2/0_0" slope="0.00"/>
        <vehicle id="24" x="37.50" y="398.35" angle="90.00" type="DEFAULT_VEHTYPE" speed="13.18" pos="37.50" lane="0/2to1/2_0" slope="0.00"/>
        <vehicle id="26" x="3.09" y="401.65" angle="-90.00" type="DEFAULT_VEHTYPE" speed="13.59" pos="192.16" lane="1/2to0/2_0" slope="0.00"/>
        <vehicle id="28" x="398.35" y="609.25" angle="0.00" type="DEFAULT_VEHTYPE" speed="13.19" pos="190.75" lane="2/4to2/3_0" slope="0.00"/>
        <vehicle id="32" x="189.39" y="401.65" angle="-90.00" type="DEFAULT_VEHTYPE" speed="8.95" pos="5.86" lane="1/2to0/2_0" slope="0.00"/>
        <vehicle id="35" x="201.65" y="574.09" angle="180.00" type="DEFAULT_VEHTYPE" speed="12.99" pos="169.34" lane="1/2to1/3_0" slope="0.00"/>
        <vehicle id="37" x="609.37" y="198.35" angle="90.00" type="DEFAULT_VEHTYPE" speed="8.27" pos="4.62" lane="3/1to4/1_0" slope="0.00"/>
        <vehicle id="38" x="201.65" y="101.61" angle="180.00" type="DEFAULT_VEHTYPE" speed="13.43" pos="101.61" lane="1/0to1/1_0" slope="0.00"/>
        <vehicle id="41" x="398.35" y="429.40" angle="0.00" type="DEFAULT_VEHTYPE" speed="12.98" pos="165.85" lane="2/3to2/2_0" slope="0.00"/>
        <vehicle id="44" x="80.91" y="401.65" angle="-90.00" type="DEFAULT_VEHTYPE" speed="13.18" pos="114.34" lane="1/2to0/2_0" slope="0.00"/>
        <vehicle id="48" x="328.82" y="201.65" angle="-90.00" type="DEFAULT_VEHTYPE" speed="13.62" pos="66.43" lane="2/1to1/1_0" slope="0.00"/>
        <vehicle id="5" x="201.65" y="495.33" angle="180.00" type="DEFAULT_VEHTYPE" speed="13.65" pos="90.58" lane="1/2to1/3_0" slope="0.00"/>
        <vehicle id="7" x="398.35" y="640.28" angle="0.00" type="DEFAULT_VEHTYPE" speed="13.60" pos="159.72" lane="2/4to2/3_0" slope="0.00"/>
        <vehicle id="8" x="294.04" y="598.35" angle="90.00" type="DEFAULT_VEHTYPE" speed="13.53" pos="89.29" lane="1/3to2/3_0" slope="0.00"/>
    </timestep>
    <timestep time="601.00">
        <vehicle id="0" x="398.35" y="728.61" angle="0.00" type="DEFAULT_VEHTYPE" speed="12.76" pos="71.39" lane="2/4to2/3_0" slope="0.00"/>
        <vehicle id="1" x="401.65" y="0.62" angle="108.05" type="DEFAULT_VEHTYPE" speed="12.93" pos="0.62" lane="2/0to2/1_0" slope="0.00"/>
        <vehicle id="17" x="398.35" y="500.95" angle="0.00" type="DEFAULT_VEHTYPE" speed="13.47" pos="94.30" lane="2/3to2/2_0" slope="0.00"/>
        <vehicle id="18" x="398.35" y="658.60" angle="0.00" type="DEFAULT_VEHTYPE" speed="13.26" pos="141.40" lane="2/4to2/3_0" slope="0.00"/>
        <vehicle id="21" x="401.65" y="649.44" angle="180.00" type="DEFAULT_VEHTYPE" speed="13.14" pos="44.69" lane="2/3to2/4_0" slope="0.00"/>
        <vehicle id="22" x="398.35" y="33.23" angle="0.00" type="DEFAULT_VEHTYPE" speed="12.67" pos="162.02" lane="2/1to2/0_0" slope="0.00"/>
        <vehicle id="24" x="50.87" y="398.35" angle="90.00" type="DEFAULT_VEHTYPE" speed="13.37" pos="50.87" lane="0/2to1/2_0" slope="0.00"/>
        <vehicle id="26" x="5.29" y="398.35" angle="90.00" type="DEFAULT_VEHTYPE" speed="13.20" pos="5.29" lane="0/2to1/2_0" slope="0.00"/>
        <vehicle id="28" x="398.35" y="595.80" angle="0.00" type="DEFAULT_VEHTYPE" speed="13.45" pos="8.95" lane=":2/3_1_0" slope="0.00"/>
        <vehicle id="32" x="178.74" y="401.65" angle="-90.00" type="DEFAULT_VEHTYPE" speed="10.65" pos="16.51" lane="1/2to0/2_0" slope="0.00"/>
        <vehicle id="35" x="201.65" y="587.51" angle="180.00" type="DEFAULT_VEHTYPE" speed="13.42" pos="182.76" lane="1/2to1/3_0" slope="0.00"/>
        <vehicle id="37" x="619.28" y="198.35" angle="90.00" type="DEFAULT_VEHTYPE" speed="9.92" pos="14.53" lane="3/1to4/1_0" slope="0.00"/>
        <vehicle id="38" x="201.65" y="114.48" angle="180.00" type="DEFAULT_VEHTYPE" speed="12.87" pos="114.48" lane="1/0to1/1_0" slope="0.00"/>
        <vehicle id="41" x="398.35" y="415.89" angle="0.00" type="DEFAULT_VEHTYPE" speed="13.52" pos="179.36" lane="2/3to2/2_0" slope="0.00"/>
        <vehicle id="44" x="67.04" y="401.65" angle="-90.00" type="DEFAULT_VEHTYPE" speed="13.87" pos="128.21" lane="1/2to0/2_0" slope="0.00"/>
        <vehicle id="48" x="315.09" y="201.65" angle="-90.00" type="DEFAULT_VEHTYPE" speed="13.73" pos="80.16" lane="2/1to1/1_0" slope="0.00"/>
        <vehicle id="5" x="201.65" y="509.00" angle="180.00" type="DEFAULT_VEHTYPE" speed="13.67" pos="104.25" lane="1/2to1/3_0" slope="0.00"/>
        <vehicle id="7" x="398.35" y="627.02" angle="0.00" type="DEFAULT_VEHTYPE" speed="13.26" pos="172.98" lane="2/4to2/3_0" slope="0.00"/>
        <vehicle id="8" x="306.68" y="598.35" angle="90.00" type="DEFAULT_VEHTYPE" speed="12.64" pos="101.93" lane="1/3to2/3_0" slope="0.00"/>
    </timestep>
    <timestep time="602.00">
        <vehicle id="0" x="398.35" y="715.03" angle="0.00" type="DEFAULT_VEHTYPE" speed="13.58" pos="84.97" lane="2/4to2/3_0" slope="0.00"/>
        <vehicle id="1" x="401.65" y="13.62" angle="180.00" type="DEFAULT_VEHTYPE" speed="13.00" pos="13.62" lane="2/0to2/1_0" slope="0.00"/>
        <vehicle id="17" x="398.35" y="487.72" angle="0.00" type="DEFAULT_VEHTYPE" speed="13.24" pos="107.53" lane="2/3to2/2_0" slope="0.00"/>
        <vehicle id="18" x="398.35" y="644.74" angle="0.00" type="DEFAULT_VEHTYPE" speed="13.86" pos="155.26" lane="2/4to2/3_0" slope="0.00"/>
        <vehicle id="21" x="401.65" y="662.95" angle="180.00" type="DEFAULT_VEHTYPE" speed="13.51" pos="58.20" lane="2/3to2/4_0" slope="0.00"/>
        <vehicle id="22" x="398.35" y="19.43" angle="0.00" type="DEFAULT_VEHTYPE" speed="13.79" pos="175.82" lane="2/1to2/0_0" slope="0.00"/>
        <vehicle id="24" x="64.50" y="398.35" angle="90.00" type="DEFAULT_VEHTYPE" speed="13.63" pos="64.50" lane="0/2to1/2_0" slope="0.00"/>
        <vehicle id="26" x="18.90" y="398.35" angle="90.00" type="DEFAULT_VEHTYPE" speed="13.61" pos="18.90" lane="0/2to1/2_0" slope="0.00"/>
        <vehicle id="28" x="398.35" y="582.45" angle="0.00" type="DEFAULT_VEHTYPE" speed="13.35" pos="12.80" lane="2/3to2/2_0" slope="0.00"/>
        <vehicle id="32" x="166.52" y="401.65" angle="-90.00" type="DEFAULT_VEHTYPE" speed="12.22" pos="28.73" lane="1/2to0/2_0" slope="0.00"/>
        <vehicle id="35" x="205.70" y="598.35" angle="118.78" type="DEFAULT_VEHTYPE" speed="13.70" pos="0.95" lane="1/3to2/3_0" slope="0.00"/>
        <vehicle id="37" x="631.64" y="198.35" angle="90.00" type="DEFAULT_VEHTYPE" speed="12.36" pos="26.89" lane="3/1to4/1_0" slope="0.00"/>
        <vehicle id="38" x="201.65" y="128.31" angle="180.00" type="DEFAULT_VEHTYPE" speed="13.83" pos="128.31" lane="1/0to1/1_0" slope="0.00"/>
        <vehicle id="41" x="398.35" y="402.61" angle="0.00" type="DEFAULT_VEHTYPE" speed="13.27" pos="2.14" lane=":2/2_1_0" slope="0.00"/>
        <vehicle id="44" x="54.06" y="401.65" angle="-90.00" type="DEFAULT_VEHTYPE" speed="12.98" pos="141.19" lane="1/2to0/2_0" slope="0.00"/>
        <vehicle id="48" x="302.14" y="201.65" angle="-90.00" type="DEFAULT_VEHTYPE" speed="12.95" pos="93.11" lane="2/1to1/1_0" slope="0.00"/>
        <vehicle id="5" x="201.65" y="521.99" angle="180.00" type="DEFAULT_VEHTYPE" speed="12.99" pos="117.24" lane="1/2to1/3_0" slope="0.00"/>
        <vehicle id="7" x="398.35" y="613.87" angle="0.00" type="DEFAULT_VEHTYPE" speed="13.15" pos="186.13" lane="2/4to2/3_0" slope="0.00"/>
        <vehicle id="8" x="319.84" y="598.35" angle="90.00" type="DEFAULT_VEHTYPE" speed="13.16" pos="115.09" lane="1/3to2/3_0" slope="0.00"/>
    </timestep>
    <timestep time="603.00">
        <vehicle id="0" x="398.35" y="701.67" angle="0.00" type="DEFAULT_VEHTYPE" speed="13.37" pos="98.33" lane="2/4to2/3_0" slope="0.00"/>
        <vehicle id="1" x="401.65" y="26.82" angle="180.00" type="DEFAULT_VEHTYPE" speed="13.19" pos="26.82" lane="2/0to2/1_0" slope="0.00"/>
        <vehicle id="17" x="398.35" y="475.07" angle="0.00" type="DEFAULT_VEHTYPE" speed="12.65" pos="120.18" lane="2/3to2/2_0" slope="0.00"/>
        <vehicle id="18" x="398.35" y="631.32" angle="0.00" type="DEFAULT_VEHTYPE" speed="13.43" pos="168.68" lane="2/4to2/3_0" slope="0.00"/>
        <vehicle id="21" x="401.65" y="676.79" angle="180.00" type="DEFAULT_VEHTYPE" speed="13.84" pos="72.04" lane="2/3to2/4_0" slope="0.00"/>
        <vehicle id="22" x="398.35" y="6.29" angle="0.00" type="DEFAULT_VEHTYPE" speed="13.14" pos="188.96" lane="2/1to2/0_0" slope="0.00"/>
        <vehicle id="24" x="77.99" y="398.35" angle="90.00" type="DEFAULT_VEHTYPE" speed="13.49" pos="77.99" lane="0/2to1/2_0" slope="0.00"/>
        <vehicle id="26" x="32.75" y="398.35" angle="90.00" type="DEFAULT_VEHTYPE" speed="13.85" pos="32.75" lane="0/2to1/2_0" slope="0.00"/>
        <vehicle id="28" x="398.35" y="569.67" angle="0.00" type="DEFAULT_VEHTYPE" speed="12.78" pos="25.58" lane="2/3to2/2_0" slope="0.00"/>
        <vehicle id="32" x="152.98" y="401.65" angle="-90.00" type="DEFAULT_VEHTYPE" speed="13.54" pos="42.27" lane="1/2to0/2_0" slope="0.00"/>
        <vehicle id="35" x="218.58" y="598.35" angle="90.00" type="DEFAULT_VEHTYPE" speed="12.88" pos="13.83" lane="1/3to2/3_0" slope="0.00"/>
        <vehicle id="37" x="645.36" y="198.35" angle="90.00" type="DEFAULT_VEHTYPE" speed="13.72" pos="40.61" lane="3/1to4/1_0" slope="0.00"/>
        <vehicle id="38" x="201.65" y="141.81" angle="180.00" type="DEFAULT_VEHTYPE" speed="13.50" pos="141.81" lane="1/0to1/1_0" slope="0.00"/>
        <vehicle id="41" x="398.35" y="389.08" angle="0.00" type="DEFAULT_VEHTYPE" speed="13.53" pos="6.17" lane="2/2to2/1_0" slope="0.00"/>
        <vehicle id="44" x="41.06" y="401.65" angle="-90.00" type="DEFAULT_VEHTYPE" speed="13.00" pos="154.19" lane="1/2to0/2_0" slope="0.00"/>
        <vehicle id="48" x="289.44" y="201.65" angle="-90.00" type="DEFAULT_VEHTYPE" speed="12.69" pos="105.81" lane="2/1to1/1_0" slope="0.00"/>
        <vehicle id="5" x="201.65" y="534.70" angle="180.00" type="DEFAULT_VEHTYPE" speed="12.72" pos="129.95" lane="1/2to1/3_0" slope="0.00"/>
        <vehicle id="7" x="398.35" y="600.58" angle="0.00" type="DEFAULT_VEHTYPE" speed="13.28" pos="4.17" lane=":2/3_1_0" slope="0.00"/>
        <vehicle id="8" x="333.59" y="598.35" angle="90.00" type="DEFAULT_VEHTYPE" speed="13.75" pos="128.84" lane="1/3to2/3_0" slope="0.00"/>
    </timestep>
    <timestep time="604.00">
        <vehicle id="0" x="398.35" y="687.94" angle="0.00" type="DEFAULT_VEHTYPE" speed="13.73" pos="112.06" lane="2/4to2/3_0" slope="0.00"/>
        <vehicle id="1" x="401.65" y="39.46" angle="180.00" type="DEFAULT_VEHTYPE" speed="12.64" pos="39.46" lane="2/0to2/1_0" slope="0.00"/>
        <vehicle id="17" x="398.35" y="462.29" angle="0.00" type="DEFAULT_VEHTYPE" speed="12.78" pos="132.96" lane="2/3to2/2_0" slope="0.00"/>
        <vehicle id="18" x="398.35" y="618.11" angle="0.00" type="DEFAULT_VEHTYPE" speed="13.21" pos="181.89" lane="2/4to2/3_0" slope="0.00"/>
        <vehicle id="21" x="401.65" y="690.60" angle="180.00" type="DEFAULT_VEHTYPE" speed="13.80" pos="85.85" lane="2/3to2/4_0" slope="0.00"/>
        <vehicle id="22" x="401.65" y="1.53" angle="136.22" type="DEFAULT_VEHTYPE" speed="12.65" pos="1.53" lane="2/0to2/1_0" slope="0.00"/>
        <vehicle id="24" x="91.25" y="398.35" angle="90.00" type="DEFAULT_VEHTYPE" speed="13.26" pos="91.25" lane="0/2to1/2_0" slope="0.00"/>
        <vehicle id="26" x="46.05" y="398.35" angle="90.00" type="DEFAULT_VEHTYPE" speed="13.30" pos="46.05" lane="0/2to1/2_0" slope="0.00"/>
        <vehicle id="28" x="398.35" y="557.06" angle="0.00" type="DEFAULT_VEHTYPE" speed="12.61" pos="38.19" lane="2/3to2/2_0" slope="0.00"/>
        <vehicle id="32" x="139.73" y="401.65" angle="-90.00" type="DEFAULT_VEHTYPE" speed="13.25" pos="55.52" lane="1/2to0/2_0" slope="0.00"/>
        <vehicle id="35" x="232.44" y="598.35" angle="90.00" type="DEFAULT_VEHTYPE" speed="13.86" pos="27.69" lane="1/3to2/3_0" slope="0.00"/>
        <vehicle id="37" x="658.21" y="198.35" angle="90.00" type="DEFAULT_VEHTYPE" speed="12.85" pos="53.46" lane="3/1to4/1_0" slope="0.00"/>
        <vehicle id="38" x="201.65" y="155.05" angle="180.00" type="DEFAULT_VEHTYPE" speed="13.23" pos="155.05" lane="1/0to1/1_0" slope="0.00"/>
        <vehicle id="41" x="398.35" y="376.17" angle="0.00" type="DEFAULT_VEHTYPE" speed="12.91" pos="19.08" lane="2/2to2/1_0" slope="0.00"/>
        <vehicle id="44" x="28.05" y="401.65" angle="-90.00" type="DEFAULT_VEHTYPE" speed="13.01" pos="167.20" lane="1/2to0/2_0" slope="0.00"/>
        <vehicle id="48" x="275.76" y="201.65" angle="-90.00" type="DEFAULT_VEHTYPE" speed="13.68" pos="119.49" lane="2/1to1/1_0" slope="0.00"/>
        <vehicle id="5" x="201.65" y="547.82" angle="180.00" type="DEFAULT_VEHTYPE" speed="13.12" pos="143.07" lane="1/2to1/3_0" slope="0.00"/>
        <vehicle id="7" x="398.35" y="587.06" angle="0.00" type="DEFAULT_VEHTYPE" speed="13.52" pos="8.19" lane="2/3to2/2_0" slope="0.00"/>
        <vehicle id="8" x="346.48" y="598.35" angle="90.00" type="DEFAULT_VEHTYPE" speed="12.90" pos="141.73" lane="1/3to2/3_0" slope="0.00"/>
    </timestep>
    <timestep time="605.00">
        <vehicle id="0" x="398.35" y="674.84" angle="0.00" type="DEFAULT_VEHTYPE" speed="13.10" pos="125.16" lane="2/4to2/3_0" slope="0.00"/>
        <vehicle id="1" x="401.65" y="52.57" angle="180.00" type="DEFAULT_VEHTYPE" speed="13.11" pos="52.57" lane="2/0to2/1_0" slope="0.00"/>
        <vehicle id="17" x="398.35" y="448.95" angle="0.00" type="DEFAULT_VEHTYPE" speed="13.34" pos="146.30" lane="2/3to2/2_0" slope="0.00"/>
        <vehicle id="18" x="398.35" y="604.72" angle="0.00" type="DEFAULT_VEHTYPE" speed="13.39" pos="0.03" lane=":2/3_1_0" slope="0.00"/>
        <vehicle id="21" x="401.65" y="703.89" angle="180.00" type="DEFAULT_VEHTYPE" speed="13.30" pos="99.14" lane="2/3to2/4_0" slope="0.00"/>
        <vehicle id="22" x="401.65" y="14.51" angle="180.00" type="DEFAULT_VEHTYPE" speed="12.97" pos="14.51" lane="2/0to2/1_0" slope="0.00"/>
        <vehicle id="24" x="104.59" y="398.35" angle="90.00" type="DEFAULT_VEHTYPE" speed="13.34" pos="104.59" lane="0/2to1/2_0" slope="0.00"/>
        <vehicle id="26" x="59.86" y="398.35" angle="90.00" type="DEFAULT_VEHTYPE" speed="13.81" pos="59.86" lane="0/2to1/2_0" slope="0.00"/>
        <vehicle id="28" x="398.35" y="544.23" angle="0.00" type="DEFAULT_VEHTYPE" speed="12.83" pos="51.02" lane="2/3to2/2_0" slope="0.00"/>
        <vehicle id="32" x="126.39" y="401.65" angle="-90.00" type="DEFAULT_VEHTYPE" speed="13.34" pos="68.86" lane="1/2to0/2_0" slope="0.00"/>
        <vehicle id="35" x="245.35" y="598.35" angle="90.00" type="DEFAULT_VEHTYPE" speed="12.91" pos="40.60" lane="1/3to2/3_0" slope="0.00"/>
        <vehicle id="37" x="671.24" y="198.35" angle="90.00" type="DEFAULT_VEHTYPE" speed="13.03" pos="66.49" lane="3/1to4/1_0" slope="0.00"/>
        <vehicle id="38" x="201.65" y="168.68" angle="180.00" type="DEFAULT_VEHTYPE" speed="13.63" pos="168.68" lane="1/0to1/1_0" slope="0.00"/>
        <vehicle id="41" x="398.35" y="363.31" angle="0.00" type="DEFAULT_VEHTYPE" speed="12.86" pos="31.94" lane="2/2to2/1_0" slope="0.00"/>
        <vehicle id="44" x="14.38" y="401.65" angle="-90.00" type="DEFAULT_VEHTYPE" speed="13.67" pos="180.87" lane="1/2to0/2_0" slope="0.00"/>
        <vehicle id="48" x="262.24" y="201.65" angle="-90.00" type="DEFAULT_VEHTYPE" speed="13.53" pos="133.01" lane="2/1to1/1_0" slope="0.00"/>
        <vehicle id="5" x="201.65" y="561.50" angle="180.00" type="DEFAULT_VEHTYPE" speed="13.68" pos="156.75" lane="1/2to1/3_0" slope="0.00"/>
        <vehicle id="7" x="398.35" y="573.57" angle="0.00" type="DEFAULT_VEHTYPE" speed="13.50" pos="21.68" lane="2/3to2/2_0" slope="0.00"/>
        <vehicle id="8" x="359.74" y="598.35" angle="90.00" type="DEFAULT_VEHTYPE" speed="13.26" pos="154.99" lane="1/3to2/3_0" slope="0.00"/>
    </timestep>
    <timestep time="606.00">
        <vehicle id="0" x="398.35" y="661.25" angle="0.00" type="DEFAULT_VEHTYPE" speed="13.59" pos="138.75" lane="2/4to2/3_0" slope="0.00"/>
        <vehicle id="1" x="401.65" y="66.01" angle="180.00" type="DEFAULT_VEHTYPE" speed="13.44" pos="66.01" lane="2/0to2/1_0" slope="0.00"/>
        <vehicle id="17" x="398.35" y="436.11" angle="0.00" type="DEFAULT_VEHTYPE" speed="12.84" pos="159.14" lane="2/3to2/2_0" slope="0.00"/>
        <vehicle id="18" x="398.35" y="591.00" angle="0.00" type="DEFAULT_VEHTYPE" speed="13.72" pos="4.25" lane="2/3to2/2_0" slope="0.00"/>
        <vehicle id="21" x="401.65" y="716.81" angle="180.00" type="DEFAULT_VEHTYPE" speed="12.92" pos="112.06" lane="2/3to2/4_0" slope="0.00"/>
        <vehicle id="22" x="401.65" y="27.71" angle="180.00" type="DEFAULT_VEHTYPE" speed="13.21" pos="27.71" lane="2/0to2/1_0" slope="0.00"/>
        <vehicle id="24" x="117.41" y="398.35" angle="90.00" type="DEFAULT_VEHTYPE" speed="12.82" pos="117.41" lane="0/2to1/2_0" slope="0.00"/>
        <vehicle id="26" x="72.75" y="398.35" angle="90.00" type="DEFAULT_VEHTYPE" speed="12.89" pos="72.75" lane="0/2to1/2_0" slope="0.00"/>
        <vehicle id="28" x="398.35" y="531.61" angle="0.00" type="DEFAULT_VEHTYPE" speed="12.62" pos="63.64" lane="2/3to2/2_0" slope="0.00"/>
        <vehicle id="32" x="113.04" y="401.65" angle="-90.00" type="DEFAULT_VEHTYPE" speed="13.36" pos="82.21" lane="1/2to0/2_0" slope="0.00"/>
        <vehicle id="35" x="258.37" y="598.35" angle="90.00" type="DEFAULT_VEHTYPE" speed="13.03" pos="53.62" lane="1/3to2/3_0" slope="0.00"/>
        <vehicle id="37" x="684.60" y="198.35" angle="90.00" type="DEFAULT_VEHTYPE" speed="13.36" pos="79.85" lane="3/1to4/1_0" slope="0.00"/>
        <vehicle id="38" x="201.65" y="182.27" angle="180.00" type="DEFAULT_VEHTYPE" speed="13.59" pos="182.27" lane="1/0to1/1_0" slope="0.00"/>
        <vehicle id="41" x="398.35" y="349.71" angle="0.00" type="DEFAULT_VEHTYPE" speed="13.60" pos="45.54" lane="2/2to2/1_0" slope="0.00"/>
        <vehicle id="44" x="0.57" y="401.65" angle="-90.00" type="DEFAULT_VEHTYPE" speed="13.81" pos="194.68" lane="1/2to0/2_0" slope="0.00"/>
        <vehicle id="48" x="248.65" y="201.65" angle="-90.00" type="DEFAULT_VEHTYPE" speed="13.59" pos="146.60" lane="2/1to1/1_0" slope="0.00"/>
        <vehicle id="5" x="201.65" y="574.79" angle="180.00" type="DEFAULT_VEHTYPE" speed="13.28" pos="170.04" lane="1/2to1/3_0" slope="0.00"/>
        <vehicle id="7" x="398.35" y="559.89" angle="0.00" type="DEFAULT_VEHTYPE" speed="13.68" pos="35.36" lane="2/3to2/2_0" slope="0.00"/>
        <vehicle id="8" x="372.43" y="598.35" angle="90.00" type="DEFAULT_VEHTYPE" speed="12.69" pos="167.68" lane="1/3to2/3_0" slope="0.00"/>
    </timestep>
    <timestep time="607.00">
        <vehicle id="0" x="398.35" y="648.19" angle="0.00" type="DEFAULT_VEHTYPE" speed="13.06" pos="151.81" lane="2/4to2/3_0" slope="0.00"/>
        <vehicle id="1" x="401.65" y="79.00" angle="180.00" type="DEFAULT_VEHTYPE" speed="13.00" pos="79.00" lane="2/0to2/1_0" slope="0.00"/>
        <vehicle id="17" x="398.35" y="423.27" angle="0.00" type="DEFAULT_VEHTYPE" speed="12.84" pos="171.98" lane="2/3to2/2_0" slope="0.00"/>
        <vehicle id="18" x="398.35" y="578.29" angle="0.00" type="DEFAULT_VEHTYPE" speed="12.71" pos="16.96" lane="2/3to2/2_0" slope="0.00"/>
        <vehicle id="21" x="401.65" y="729.84" angle="180.00" type="DEFAULT_VEHTYPE" speed="13.02" pos="125.09" lane="2/3to2/4_0" slope="0.00"/>
        <vehicle id="22" x="401.65" y="40.40" angle="180.00" type="DEFAULT_VEHTYPE" speed="12.69" pos="40.40" lane="2/0to2/1_0" slope="0.00"/>
        <vehicle id="24" x="130.59" y="398.35" angle="90.00" type="DEFAULT_VEHTYPE" speed="13.18" pos="130.59" lane="0/2to1/2_0" slope="0.00"/>
        <vehicle id="26" x="86.04" y="398.35" angle="90.00" type="DEFAULT_VEHTYPE" speed="13.28" pos="86.04" lane="0/2to1/2_0" slope="0.00"/>
        <vehicle id="28" x="398.35" y="518.07" angle="0.00" type="DEFAULT_VEHTYPE" speed="13.54" pos="77.18" lane="2/3to2/2_0" slope="0.00"/>
        <vehicle id="32" x="100.12" y="401.65" angle="-90.00" type="DEFAULT_VEHTYPE" speed="12.91" pos="95.13" lane="1/2to0/2_0" slope="0.00"/>
        <vehicle id="35" x="271.42" y="598.35" angle="90.00" type="DEFAULT_VEHTYPE" speed="13.05" pos="66.67" lane="1/3to2/3_0" slope="0.00"/>
        <vehicle id="37" x="697.91" y="198.35" angle="90.00" type="DEFAULT_VEHTYPE" speed="13.32" pos="93.16" lane="3/1to4/1_0" slope="0.00"/>
        <vehicle id="38" x="201.77" y="196.10" angle="178.64" type="DEFAULT_VEHTYPE" speed="13.84" pos="0.85" lane=":1/1_8_0" slope="0.00"/>
        <vehicle id="41" x="398.35" y="336.57" angle="0.00" type="DEFAULT_VEHTYPE" speed="13.14" pos="58.68" lane="2/2to2/1_0" slope="0.00"/>
        <vehicle id="44" x="7.86" y="398.35" angle="90.00" type="DEFAULT_VEHTYPE" speed="13.25" pos="7.86" lane="0/2to1/2_0" slope="0.00"/>
        <vehicle id="48" x="235.63" y="201.65" angle="-90.00" type="DEFAULT_VEHTYPE" speed="13.02" pos="159.62" lane="2/1to1/1_0" slope="0.00"/>
        <vehicle id="5" x="201.65" y="588.42" angle="180.00" type="DEFAULT_VEHTYPE" speed="13.63" pos="183.67" lane="1/2to1/3_0" slope="0.00"/>
        <vehicle id="7" x="398.35" y="546.15" angle="0.00" type="DEFAULT_VEHTYPE" speed="13.74" pos="49.10" lane="2/3to2/2_0" slope="0.00"/>
        <vehicle id="8" x="380.89" y="598.35" angle="90.00" type="DEFAULT_VEHTYPE" speed="8.46" pos="176.14" lane="1/3to2/3_0" slope="0.00"/>
    </timestep>
    <timestep time="608.00">
        <vehicle id="0" x="398.35" y="634.44" angle="0.00" type="DEFAULT_VEHTYPE" speed="13.75" pos="165.56" lane="2/4to2/3_0" slope="0.00"/>
        <vehicle id="1" x="401.65" y="92.60" angle="180.00" type="DEFAULT_VEHTYPE" speed="13.60" pos="92.60" lane="2/0to2/1_0" slope="0.00"/>
        <vehicle id="17" x="398.35" y="410.17" angle="0.00" type="DEFAULT_VEHTYPE" speed="13.10" pos="185.08" lane="2/3to2/2_0" slope="0.00"/>
        <vehicle id="18" x="398.35" y="564.52" angle="0.00" type="DEFAULT_VEHTYPE" speed="13.77" pos="30.73" lane="2/3to2/2_0" slope="0.00"/>
        <vehicle id="21" x="401.65" y="743.43" angle="180.00" type="DEFAULT_VEHTYPE" speed="13.59" pos="138.68" lane="2/3to2/4_0" slope="0.00"/>
        <vehicle id="22" x="401.65" y="53.79" angle="180.00" type="DEFAULT_VEHTYPE" speed="13.39" pos="53.79" lane="2/0to2/1_0" slope="0.00"/>
        <vehicle id="24" x="144.00" y="398.35" angle="90.00" type="DEFAULT_VEHTYPE" speed="13.41" pos="144.00" lane="0/2to1/2_0" slope="0.00"/>
        <vehicle id="26" x="99.42" y="398.35" angle="90.00" type="DEFAULT_VEHTYPE" speed="13.38" pos="99.42" lane="0/2to1/2_0" slope="0.00"/>
        <vehicle id="28" x="398.35" y="505.25" angle="0.00" type="DEFAULT_VEHTYPE" speed="12.81" pos="90.00" lane="2/3to2/2_0" slope="0.00"/>
        <vehicle id="32" x="86.69" y="401.65" angle="-90.00" type="DEFAULT_VEHTYPE" speed="13.43" pos="108.56" lane="1/2to0/2_0" slope="0.00"/>
        <vehicle id="35" x="284.64" y="598.35" angle="90.00" type="DEFAULT_VEHTYPE" speed="13.22" pos="79.89" lane="1/3to2/3_0" slope="0.00"/>
        <vehicle id="37" x="711.14" y="198.35" angle="90.00" type="DEFAULT_VEHTYPE" speed="13.23" pos="106.39" lane="3/1to4/1_0" slope="0.00"/>
        <vehicle id="38" x="213.34" y="198.35" angle="90.00" type="DEFAULT_VEHTYPE" speed="12.74" pos="8.59" lane="1/1to2/1_0" slope="0.00"/>
        <vehicle id="41" x="398.35" y="323.80" angle="0.00" type="DEFAULT_VEHTYPE" speed="12.76" pos="71.45" lane="2/2to2/1_0" slope="0.00"/>
        <vehicle id="44" x="21.45" y="398.35" angle="90.00" type="DEFAULT_VEHTYPE" speed="13.59" pos="21.45" lane="0/2to1/2_0" slope="0.00"/>
        <vehicle id="48" x="224.26" y="201.65" angle="-90.00" type="DEFAULT_VEHTYPE" speed="11.37" pos="170.99" lane="2/1to1/1_0" slope="0.00"/>
        <vehicle id="5" x="206.77" y="598.35" angle="104.54" type="DEFAULT_VEHTYPE" speed="13.85" pos="2.02" lane="1/3to2/3_0" slope="0.00"/>
        <vehicle id="7" x="398.35" y="533.30" angle="0.00" type="DEFAULT_VEHTYPE" speed="12.85" pos="61.95" lane="2/3to2/2_0" slope="0.00"/>
        <vehicle id="8" x="386.91" y="598.35" angle="90.00" type="DEFAULT_VEHTYPE" speed="6.02" pos="182.16" lane="1/3to2/3_0" slope="0.00"/>
    </timestep>
    <timestep time="609.00">
        <vehicle id="0" x="398.35" y="621.70" angle="0.00" type="DEFAULT_VEHTYPE" speed="12.74" pos="178.30" lane="2/4to2/3_0" slope="0.00"/>
        <vehicle id="1" x="401.65" y="106.14" angle="180.00" type="DEFAULT_VEHTYPE" speed="13.53" pos="106.14" lane="2/0to2/1_0" slope="0.00"/>
        <vehicle id="17" x="398.35" y="397.08" angle="0.00" type="DEFAULT_VEHTYPE" speed="13.10" pos="7.67" lane=":2/2_1_0" slope="0.00"/>
        <vehicle id="18" x="398.35" y="551.17" angle="0.00" type="DEFAULT_VEHTYPE" speed="13.34" pos="44.08" lane="2/3to2/2_0" slope="0.00"/>
        <vehicle id="21" x="401.65" y="756.44" angle="180.00" type="DEFAULT_VEHTYPE" speed="13.01" pos="151.69" lane="2/3to2/4_0" slope="0.00"/>
        <vehicle id="22" x="401.65" y="66.72" angle="180.00" type="DEFAULT_VEHTYPE" speed="12.93" pos="66.72" lane="2/0to2/1_0" slope="0.00"/>
        <vehicle id="24" x="157.45" y="398.35" angle="90.00" type="DEFAULT_VEHTYPE" speed="13.46" pos="157.45" lane="0/2to1/2_0" slope="0.00"/>
        <vehicle id="26" x="112.57" y="398.35" angle="90.00" type="DEFAULT_VEHTYPE" speed="13.16" pos="112.57" lane="0/2to1/2_0" slope="0.00"/>
        <vehicle id="28" x="398.35" y="491.90" angle="0.00" type="DEFAULT_VEHTYPE" speed="13.35" pos="103.35" lane="2/3to2/2_0" slope="0.00"/>
        <vehicle id="32" x="72.87" y="401.65" angle="-90.00" type="DEFAULT_VEHTYPE" speed="13.82" pos="122.38" lane="1/2to0/2_0" slope="0.00"/>
        <vehicle id="35" x="297.48" y="598.35" angle="90.00" type="DEFAULT_VEHTYPE" speed="12.84" pos="92.73" lane="1/3to2/3_0" slope="0.00"/>
        <vehicle id="37" x="724.42" y="198.35" angle="90.00" type="DEFAULT_VEHTYPE" speed="13.28" pos="119.67" lane="3/1to4/1_0" slope="0.00"/>
        <vehicle id="38" x="226.05" y="198.35" angle="90.00" type="DEFAULT_VEHTYPE" speed="12.71" pos="21.30" lane="1/1to2/1_0" slope="0.00"/>
        <vehicle id="41" x="398.35" y="310.58" angle="0.00" type="DEFAULT_VEHTYPE" speed="13.22" pos="84.67" lane="2/2to2/1_0" slope="0.00"/>
        <vehicle id="44" x="34.34" y="398.35" angle="90.00" type="DEFAULT_VEHTYPE" speed="12.88" pos="34.34" lane="0/2to1/2_0" slope="0.00"/>
        <vehicle id="48" x="215.79" y="201.65" angle="-90.00" type="DEFAULT_VEHTYPE" speed="8.47" pos="179.46" lane="2/1to1/1_0" slope="0.00"/>
        <vehicle id="5" x="219.79" y="598.35" angle="90.00" type="DEFAULT_VEHTYPE" speed="13.02" pos="15.04" lane="1/3to2/3_0" slope="0.00"/>
        <vehicle id="7" x="398.35" y="519.43" angle="0.00" type="DEFAULT_VEHTYPE" speed="13.86" pos="75.82" lane="2/3to2/2_0" slope="0.00"/>
        <vehicle id="8" x="390.17" y="598.35" angle="90.00" type="DEFAULT_VEHTYPE" speed="3.27" pos="185.42" lane="1/3to2/3_0" slope="0.00"/>
    </timestep>
    <timestep time="610.00">
        <vehicle id="0" x="398.35" y="608.59" angle="0.00" type="DEFAULT_VEHTYPE" speed="13.12" pos="191.41" lane="2/4to2/3_0" slope="0.00"/>
        <vehicle id="1" x="401.65" y="118.76" angle="180.00" type="DEFAULT_VEHTYPE" speed="12.62" pos="118.76" lane="2/0to2/1_0" slope="0.00"/>
        <vehicle id="17" x="398.35" y="383.97" angle="0.00" type="DEFAULT_VEHTYPE" speed="13.11" pos="11.28" lane="2/2to2/1_0" slope="0.00"/>
        <vehicle id="18" x="398.35" y="537.64" angle="0.00" type="DEFAULT_VEHTYPE" speed="13.53" pos="57.61" lane="2/3to2/2_0" slope="0.00"/>
        <vehicle id="21" x="401.65" y="769.80" angle="180.00" type="DEFAULT_VEHTYPE" speed="13.36" pos="165.05" lane="2/3to2/4_0" slope="0.00"/>
        <vehicle id="22" x="401.65" y="80.33" angle="180.00" type="DEFAULT_VEHTYPE" speed="13.61" pos="80.33" lane="2/0to2/1_0" slope="0.00"/>
        <vehicle id="24" x="170.96" y="398.35" angle="90.00" type="DEFAULT_VEHTYPE" speed="13.51" pos="170.96" lane="0/2to1/2_0" slope="0.00"/>
        <vehicle id="26" x="126.10" y="398.35" angle="90.00" type="DEFAULT_VEHTYPE" speed="13.53" pos="126.10" lane="0/2to1/2_0" slope="0.00"/>
        <vehicle id="28" x="398.35" y="478.70" angle="0.00" type="DEFAULT_VEHTYPE" speed="13.20" pos="116.55" lane="2/3to2/2_0" slope="0.00"/>
        <vehicle id="32" x="60.23" y="401.65" angle="-90.00" type="DEFAULT_VEHTYPE" speed="12.64" pos="135.02" lane="1/2to0/2_0" slope="0.00"/>
        <vehicle id="35" x="310.68" y="598.35" angle="90.00" type="DEFAULT_VEHTYPE" speed="13.20" pos="105.93" lane="1/3to2/3_0" slope="0.00"/>
        <vehicle id="37" x="737.96" y="198.35" angle="90.00" type="DEFAULT_VEHTYPE" speed="13.54" pos="133.21" lane="3/1to4/1_0" slope="0.00"/>
        <vehicle id="38" x="239.43" y="198.35" angle="90.00" type="DEFAULT_VEHTYPE" speed="13.38" pos="34.68" lane="1/1to2/1_0" slope="0.00"/>
        <vehicle id="41" x="398.35" y="297.65" angle="0.00" type="DEFAULT_VEHTYPE" speed="12.93" pos="97.60" lane="2/2to2/1_0" slope="0.00"/>
        <vehicle id="44" x="47.01" y="398.35" angle="90.00" type="DEFAULT_VEHTYPE" speed="12.67" pos="47.01" lane="0/2to1/2_0" slope="0.00"/>
        <vehicle id="48" x="211.32" y="201.65" angle="-90.00" type="DEFAULT_VEHTYPE" speed="4.47" pos="183.93" lane="2/1to1/1_0" slope="0.00"/>
        <vehicle id="5" x="233.56" y="598.35" angle="90.00" type="DEFAULT_VEHTYPE" speed="13.77" pos="28.81" lane="1/3to2/3_0" slope="0.00"/>
        <vehicle id="7" x="398.35" y="506.41" angle="0.00" type="DEFAULT_VEHTYPE" speed="13.03" pos="88.84" lane="2/3to2/2_0" slope="0.00"/>
        <vehicle id="8" x="391.35" y="598.35" angle="90.00" type="DEFAULT_VEHTYPE" speed="1.18" pos="186.60" lane="1/3to2/3_0" slope="0.00"/>
    </timestep>
    <timestep time="611.00">
        <vehicle id="0" x="398.35" y="595.44" angle="0.00" type="DEFAULT_VEHTYPE" speed="13.15" pos="9.31" lane=":2/3_1_0" slope="0.00"/>
        <vehicle id="1" x="401.65" y="131.67" angle="180.00" type="DEFAULT_VEHTYPE" speed="12.91" pos="131.67" lane="2/0to2/1_0" slope="0.00"/>
        <vehicle id="17" x="398.35" y="371.07" angle="0.00" type="DEFAULT_VEHTYPE" speed="12.90" pos="24.18" lane="2/2to2/1_0" slope="0.00"/>
        <vehicle id="18" x="398.35" y="524.24" angle="0.00" type="DEFAULT_VEHTYPE" speed="13.40" pos="71.01" lane="2/3to2/2_0" slope="0.00"/>
        <vehicle id="21" x="401.65" y="782.78" angle="180.00" type="DEFAULT_VEHTYPE" speed="12.98" pos="178.03" lane="2/3to2/4_0" slope="0.00"/>
        <vehicle id="22" x="401.65" y="92.99" angle="180.00" type="DEFAULT_VEHTYPE" speed="12.66" pos="92.99" lane="2/0to2/1_0" slope="0.00"/>
        <vehicle id="24" x="180.66" y="398.35" angle="90.00" type="DEFAULT_VEHTYPE" speed="9.70" pos="180.66" lane="0/2to1/2_0" slope="0.00"/>
        <vehicle id="26" x="139.82" y="398.35" angle="90.00" type="DEFAULT_VEHTYPE" speed="13.71" pos="139.82" lane="0/2to1/2_0" slope="0.00"/>
        <vehicle id="28" x="398.35" y="465.72" angle="0.00" type="DEFAULT_VEHTYPE" speed="12.98" pos="129.53" lane="2/3to2/2_0" slope="0.00"/>
        <vehicle id="32" x="47.30" y="401.65" angle="-90.00" type="DEFAULT_VEHTYPE" speed="12.93" pos="147.95" lane="1/2to0/2_0" slope="0.00"/>
        <vehicle id="35" x="324.07" y="598.35" angle="90.00" type="DEFAULT_VEHTYPE" speed="13.38" pos="119.32" lane="1/3to2/3_0" slope="0.00"/>
        <vehicle id="37" x="750.75" y="198.35" angle="90.00" type="DEFAULT_VEHTYPE" speed="12.79" pos="146.00" lane="3/1to4/1_0" slope="0.00"/>
        <vehicle id="38" x="253.10" y="198.35" angle="90.00" type="DEFAULT_VEHTYPE" speed="13.67" pos="48.35" lane="1/1to2/1_0" slope="0.00"/>
        <vehicle id="41" x="398.35" y="283.99" angle="0.00" type="DEFAULT_VEHTYPE" speed="13.66" pos="111.26" lane="2/2to2/1_0" slope="0.00"/>
        <vehicle id="44" x="60.47" y="398.35" angle="90.00" type="DEFAULT_VEHTYPE" speed="13.46" pos="60.47" lane="0/2to1/2_0" slope="0.00"/>
        <vehicle id="48" x="204.87" y="201.65" angle="-90.00" type="DEFAULT_VEHTYPE" speed="6.44" pos="190.38" lane="2/1to1/1_0" slope="0.00"/>
        <vehicle id="5" x="247.21" y="598.35" angle="90.00" type="DEFAULT_VEHTYPE" speed="13.65" pos="42.46" lane="1/3to2/3_0" slope="0.00"/>
        <vehicle id="7" x="398.35" y="493.60" angle="0.00" type="DEFAULT_VEHTYPE" speed="12.80" pos="101.65" lane="2/3to2/2_0" slope="0.00"/>
        <vehicle id="8" x="392.48" y="598.35" angle="90.00" type="DEFAULT_VEHTYPE" speed="1.13" pos="187.73" lane="1/3to2/3_0" slope="0.00"/>
    </timestep>
    <timestep time="612.00">
        <vehicle id="0" x="398.35" y="582.33" angle="0.00" type="DEFAULT_VEHTYPE" speed="13.12" pos="12.92" lane="2/3to2/2_0" slope="0.00"/>
        <vehicle id="1" x="401.65" y="144.30" angle="180.00" type="DEFAULT_VEHTYPE" speed="12.63" pos="144.30" lane="2/0to2/1_0" slope="0.00"/>
        <vehicle id="17" x="398.35" y="358.12" angle="0.00" type="DEFAULT_VEHTYPE" speed="12.95" pos="37.13" lane="2/2to2/1_0" slope="0.00"/>
        <vehicle id="18" x="398.35" y="510.88" angle="0.00" type="DEFAULT_VEHTYPE" speed="13.36" pos="84.37" lane="2/3to2/2_0" slope="0.00"/>
        <vehicle id="21" x="401.65" y="796.12" angle="180.00" type="DEFAULT_VEHTYPE" speed="13.34" pos="191.37" lane="2/3to2/4_0" slope="0.00"/>
        <vehicle id="22" x="401.65" y="106.09" angle="180.00" type="DEFAULT_VEHTYPE" speed="13.09" pos="106.09" lane="2/0to2/1_0" slope="0.00"/>
        <vehicle id="24" x="187.01" y="398.35" angle="90.00" type="DEFAULT_VEHTYPE" speed="6.35" pos="187.01" lane="0/2to1/2_0" slope="0.00"/>
        <vehicle id="26" x="153.02" y="398.35" angle="90.00" type="DEFAULT_VEHTYPE" speed="13.21" pos="153.02" lane="0/2to1/2_0" slope="0.00"/>
        <vehicle id="28" x="398.35" y="453.08" angle="0.00" type="DEFAULT_VEHTYPE" speed="12.64" pos="142.17" lane="2/3to2/2_0" slope="0.00"/>
        <vehicle id="32" x="34.35" y="401.65" angle="-90.00" type="DEFAULT_VEHTYPE" speed="12.95" pos="160.90" lane="1/2to0/2_0" slope="0.00"/>
        <vehicle id="35" x="337.19" y="598.35" angle="90.00" type="DEFAULT_VEHTYPE" speed="13.12" pos="132.44" lane="1/3to2/3_0" slope="0.00"/>
        <vehicle id="37" x="763.72" y="198.35" angle="90.00" type="DEFAULT_VEHTYPE" speed="12.97" pos="158.97" lane="3/1to4/1_0" slope="0.00"/>
        <vehicle id="38" x="266.23" y="198.35" angle="90.00" type="DEFAULT_VEHTYPE" speed="13.14" pos="61.48" lane="1/1to2/1_0" slope="0.00"/>
        <vehicle id="41" x="398.35" y="271.12" angle="0.00" type="DEFAULT_VEHTYPE" speed="12.87" pos="124.13" lane="2/2to2/1_0" slope="0.00"/>
        <vehicle id="44" x="74.12" y="398.35" angle="90.00" type="DEFAULT_VEHTYPE" speed="13.65" pos="74.12" lane="0/2to1/2_0" slope="0.00"/>
        <vehicle id="48" x="201.65" y="208.08" angle="-176.00" type="DEFAULT_VEHTYPE" speed="8.45" pos="3.33" lane="1/1to1/2_0" slope="0.00"/>
        <vehicle id="5" x="260.60" y="598.35" angle="90.00" type="DEFAULT_VEHTYPE" speed="13.39" pos="55.85" lane="1/3to2/3_0" slope="0.00"/>
        <vehicle id="7" x="398.35" y="480.32" angle="0.00" type="DEFAULT_VEHTYPE" speed="13.28" pos="114.93" lane="2/3to2/2_0" slope="0.00"/>
        <vehicle id="8" x="395.97" y="598.45" angle="91.18" type="DEFAULT_VEHTYPE" speed="3.50" pos="0.73" lane=":2/3_14_0" slope="0.00"/>
    </timestep>
    <timestep time="613.00">
        <vehicle id="0" x="398.35" y="569.45" angle="0.00" type="DEFAULT_VEHTYPE" speed="12.87" pos="25.80" lane="2/3to2/2_0" slope="0.00"/>
        <vehicle id="1" x="401.65" y="158.06" angle="180.00" type="DEFAULT_VEHTYPE" speed="13.77" pos="158.06" lane="2/0to2/1_0" slope="0.00"/>
        <vehicle id="17" x="398.35" y="345.48" angle="0.00" type="DEFAULT_VEHTYPE" speed="12.64" pos="49.77" lane="2/2to2/1_0" slope="0.00"/>
        <vehicle id="18" x="398.35" y="498.17" angle="0.00" type="DEFAULT_VEHTYPE" speed="12.71" pos="97.08" lane="2/3to2/2_0" slope="0.00"/>
        <vehicle id="21" x="398.35" y="795.33" angle="-2.13" type="DEFAULT_VEHTYPE" speed="13.37" pos="4.67" lane="2/4to2/3_0" slope="0.00"/>
        <vehicle id="22" x="401.65" y="119.17" angle="180.00" type="DEFAULT_VEHTYPE" speed="13.08" pos="119.17" lane="2/0to2/1_0" slope="0.00"/>
        <vehicle id="24" x="190.93" y="398.35" angle="90.00" type="DEFAULT_VEHTYPE" speed="3.92" pos="190.93" lane="0/2to1/2_0" slope="0.00"/>
        <vehicle id="26" x="165.47" y="398.35" angle="90.00" type="DEFAULT_VEHTYPE" speed="12.45" pos="165.47" lane="0/2to1/2_0" slope="0.00"/>
        <vehicle id="28" x="398.35" y="439.45" angle="0.00" type="DEFAULT_VEHTYPE" speed="13.63" pos="155.80" lane="2/3to2/2_0" slope="0.00"/>
        <vehicle id="32" x="21.29" y="401.65" angle="-90.00" type="DEFAULT_VEHTYPE" speed="13.06" pos="173.96" lane="1/2to0/2_0" slope="0.00"/>
        <vehicle id="35" x="350.54" y="598.35" angle="90.00" type="DEFAULT_VEHTYPE" speed="13.35" pos="145.79" lane="1/3to2/3_0" slope="0.00"/>
        <vehicle id="37" x="776.62" y="198.35" angle="90.00" type="DEFAULT_VEHTYPE" speed="12.90" pos="171.87" lane="3/1to4/1_0" slope="0.00"/>
        <vehicle id="38" x="279.15" y="198.35" angle="90.00" type="DEFAULT_VEHTYPE" speed="12.92" pos="74.40" lane="1/1to2/1_0" slope="0.00"/>
        <vehicle id="41" x="398.35" y="257.97" angle="0.00" type="DEFAULT_VEHTYPE" speed="13.15" pos="137.28" lane="2/2to2/1_0" slope="0.00"/>
        <vehicle id="44" x="87.02" y="398.35" angle="90.00" type="DEFAULT_VEHTYPE" speed="12.90" pos="87.02" lane="0/2to1/2_0" slope="0.00"/>
        <vehicle id="48" x="201.65" y="218.23" angle="180.00" type="DEFAULT_VEHTYPE" speed="10.15" pos="13.48" lane="1/1to1/2_0" slope="0.00"/>
        <vehicle id="5" x="273.35" y="598.35" angle="90.00" type="DEFAULT_VEHTYPE" speed="12.75" pos="68.60" lane="1/3to2/3_0" slope="0.00"/>
        <vehicle id="7" x="398.35" y="467.66" angle="0.00" type="DEFAULT_VEHTYPE" speed="12.67" pos="127.59" lane="2/3to2/2_0" slope="0.00"/>
        <vehicle id="8" x="400.55" y="600.79" angle="118.63" type="DEFAULT_VEHTYPE" speed="5.41" pos="6.14" lane=":2/3_14_0" slope="0.00"/>
    </timestep>
    <timestep time="614.00">
        <vehicle id="0" x="398.35" y="555.81" angle="0.00" type="DEFAULT_VEHTYPE" speed="13.64" pos="39.44" lane="2/3to2/2_0" slope="0.00"/>
        <vehicle id="1" x="401.65" y="171.26" angle="180.00" type="DEFAULT_VEHTYPE" speed="13.20" pos="171.26" lane="2/0to2/1_0" slope="0.00"/>
        <vehicle id="17" x="398.35" y="332.78" angle="0.00" type="DEFAULT_VEHTYPE" speed="12.69" pos="62.47" lane="2/2to2/1_0" slope="0.00"/>
        <vehicle id="18" x="398.35" y="484.96" angle="0.00" type="DEFAULT_VEHTYPE" speed="13.21" pos="110.29" lane="2/3to2/2_0" slope="0.00"/>
        <vehicle id="21" x="398.35" y="782.22" angle="0.00" type="DEFAULT_VEHTYPE" speed="13.11" pos="17.78" lane="2/4to2/3_0" slope="0.00"/>
        <vehicle id="22" x="401.65" y="133.06" angle="180.00" type="DEFAULT_VEHTYPE" speed="13.89" pos="133.06" lane="2/0to2/1_0" slope="0.00"/>
        <vehicle id="24" x="196.33" y="398.50" angle="91.78" type="DEFAULT_VEHTYPE" speed="5.41" pos="1.09" lane=":1/2_14_0" slope="0.00"/>
        <vehicle id="26" x="173.45" y="398.35" angle="90.00" type="DEFAULT_VEHTYPE" speed="7.98" pos="173.45" lane="0/2to1/2_0" slope="0.00"/>
        <vehicle id="28" x="398.35" y="426.13" angle="0.00" type="DEFAULT_VEHTYPE" speed="13.32" pos="169.12" lane="2/3to2/2_0" slope="0.00"/>
        <vehicle id="32" x="7.98" y="401.65" angle="-90.00" type="DEFAULT_VEHTYPE" speed="13.31" pos="187.27" lane="1/2to0/2_0" slope="0.00"/>
        <vehicle id="35" x="363.28" y="598.35" angle="90.00" type="DEFAULT_VEHTYPE" speed="12.75" pos="158.53" lane="1/3to2/3_0" slope="0.00"/>
        <vehicle id="37" x="789.32" y="198.35" angle="90.00" type="DEFAULT_VEHTYPE" speed="12.70" pos="184.57" lane="3/1to4/1_0" slope="0.00"/>
        <vehicle id="38" x="292.22" y="198.35" angle="90.00" type="DEFAULT_VEHTYPE" speed="13.07" pos="87.47" lane="1/1to2/1_0" slope="0.00"/>
        <vehicle id="41" x="398.35" y="244.87" angle="0.00" type="DEFAULT_VEHTYPE" speed="13.10" pos="150.38" lane="2/2to2/1_0" slope="0.00"/>
        <vehicle id="44" x="100.12" y="398.35" angle="90.00" type="DEFAULT_VEHTYPE" speed="13.10" pos="100.12" lane="0/2to1/2_0" slope="0.00"/>
        <vehicle id="48" x="201.65" y="230.00" angle="180.00" type="DEFAULT_VEHTYPE" speed="11.77" pos="25.25" lane="1/1to1/2_0" slope="0.00"/>
        <vehicle id="5" x="286.71" y="598.35" angle="90.00" type="DEFAULT_VEHTYPE" speed="13.36" pos="81.96" lane="1/3to2/3_0" slope="0.00"/>
        <vehicle id="7" x="398.35" y="454.08" angle="0.00" type="DEFAULT_VEHTYPE" speed="13.57" pos="141.17" lane="2/3to2/2_0" slope="0.00"/>
        <vehicle id="8" x="401.65" y="607.53" angle="176.38" type="DEFAULT_VEHTYPE" speed="6.96" pos="2.78" lane="2/3to2/4_0" slope="0.00"/>
    </timestep>
    <timestep time="615.00">
        <vehicle id="0" x="398.35" y="542.60" angle="0.00" type="DEFAULT_VEHTYPE" speed="13.21" pos="52.65" lane="2/3to2/2_0" slope="0.00"/>
        <vehicle id="1" x="401.65" y="185.00" angle="180.00" type="DEFAULT_VEHTYPE" speed="13.74" pos="185.00" lane="2/0to2/1_0" slope="0.00"/>
        <vehicle id="17" x="398.35" y="319.06" angle="0.00" type="DEFAULT_VEHTYPE" speed="13.72" pos="76.19" lane="2/2to2/1_0" slope="0.00"/>
        <vehicle id="18" x="398.35" y="471.34" angle="0.00" type="DEFAULT_VEHTYPE" speed="13.63" pos="123.91" lane="2/3to2/2_0" slope="0.00"/>
        <vehicle id="21" x="398.35" y="768.78" angle="0.00" type="DEFAULT_VEHTYPE" speed="13.44" pos="31.22" lane="2/4to2/3_0" slope="0.00"/>
        <vehicle id="22" x="401.65" y="145.79" angle="180.00" type="DEFAULT_VEHTYPE" speed="12.73" pos="145.79" lane="2/0to2/1_0" slope="0.00"/>
        <vehicle id="24" x="201.39" y="402.95" angle="144.34" type="DEFAULT_VEHTYPE" speed="7.41" pos="8.50" lane=":1/2_14_0" slope="0.00"/>
        <vehicle id="26" x="182.46" y="398.35" angle="90.00" type="DEFAULT_VEHTYPE" speed="9.01" pos="182.46" lane="0/2to1/2_0" slope="0.00"/>
        <vehicle id="28" x="398.35" y="412.49" angle="0.00" type="DEFAULT_VEHTYPE" speed="13.64" pos="182.76" lane="2/3to2/2_0" slope="0.00"/>
        <vehicle id="32" x="0.58" y="398.35" angle="16.42" type="DEFAULT_VEHTYPE" speed="13.38" pos="0.58" lane="0/2to1/2_0" slope="0.00"/>
        <vehicle id="35" x="375.58" y="598.35" angle="90.00" type="DEFAULT_VEHTYPE" speed="12.30" pos="170.83" lane="1/3to2/3_0" slope="0.00"/>
        <vehicle id="37" x="801.32" y="200.66" angle="126.00" type="DEFAULT_VEHTYPE" speed="13.82" pos="3.15" lane=":4/1_0_0" slope="0.00"/>
        <vehicle id="38" x="305.07" y="198.35" angle="90.00" type="DEFAULT_VEHTYPE" speed="12.85" pos="100.32" lane="1/1to2/1_0" slope="0.00"/>
        <vehicle id="41" x="398.35" y="231.29" angle="0.00" type="DEFAULT_VEHTYPE" speed="13.59" pos="163.96" lane="2/2to2/1_0" slope="0.00"/>
        <vehicle id="44" x="112.75" y="398.35" angle="90.00" type="DEFAULT_VEHTYPE" speed="12.62" pos="112.75" lane="0/2to1/2_0" slope="0.00"/>
        <vehicle id="48" x="201.65" y="243.31" angle="180.00" type="DEFAULT_VEHTYPE" speed="13.31" pos="38.56" lane="1/1to1/2_0" slope="0.00"/>
        <vehicle id="5" x="299.51" y="598.35" angle="90.00" type="DEFAULT_VEHTYPE" speed="12.80" pos="94.76" lane="1/3to2/3_0" slope="0.00"/>
        <vehicle id="7" x="398.35" y="441.42" angle="0.00" type="DEFAULT_VEHTYPE" speed="12.66" pos="153.83" lane="2/3to2/2_0" slope="0.00"/>
        <vehicle id="8" x="401.65" y="616.48" angle="180.00" type="DEFAULT_VEHTYPE" speed="8.96" pos="11.73" lane="2/3to2/4_0" slope="0.00"/>
    </timestep>
    <timestep time="616.00">
        <vehicle id="0" x="398.35" y="528.84" angle="0.00" type="DEFAULT_VEHTYPE" speed="13.76" pos="66.41" lane="2/3to2/2_0" slope="0.00"/>
        <vehicle id="1" x="402.60" y="197.69" angle="168.65" type="DEFAULT_VEHTYPE" speed="12.96" pos="2.71" lane=":2/1_8_0" slope="0.00"/>
        <vehicle id="17" x="398.35" y="306.10" angle="0.00" type="DEFAULT_VEHTYPE" speed="12.97" pos="89.15" lane="2/2to2/1_0" slope="0.00"/>
        <vehicle id="18" x="398.35" y="458.04" angle="0.00" type="DEFAULT_VEHTYPE" speed="13.30" pos="137.21" lane="2/3to2/2_0" slope="0.00"/>
        <vehicle id="21" x="398.35" y="754.98" angle="0.00" type="DEFAULT_VEHTYPE" speed="13.80" pos="45.02" lane="2/4to2/3_0" slope="0.00"/>
        <vehicle id="22" x="401.65" y="159.42" angle="180.00" type="DEFAULT_VEHTYPE" speed="13.63" pos="159.42" lane="2/0to2/1_0" slope="0.00"/>
        <vehicle id="24" x="201.65" y="412.36" angle="180.00" type="DEFAULT_VEHTYPE" speed="9.43" pos="7.61" lane="1/2to1/3_0" slope="0.00"/>
        <vehicle id="26" x="187.44" y="398.35" angle="90.00" type="DEFAULT_VEHTYPE" speed="4.98" pos="187.44" lane="0/2to1/2_0" slope="0.00"/>
        <vehicle id="28" x="394.90" y="401.65" angle="-51.00" type="DEFAULT_VEHTYPE" speed="13.09" pos="0.35" lane="2/2to1/2_0" slope="0.00"/>
        <vehicle id="32" x="13.34" y="398.35" angle="90.00" type="DEFAULT_VEHTYPE" speed="12.76" pos="13.34" lane="0/2to1/2_0" slope="0.00"/>
        <vehicle id="35" x="383.72" y="598.35" angle="90.00" type="DEFAULT_VEHTYPE" speed="8.14" pos="178.97" lane="1/3to2/3_0" slope="0.00"/>
        <vehicle id="37" x="788.26" y="201.65" angle="-90.00" type="DEFAULT_VEHTYPE" speed="13.42" pos="11.74" lane="4/1to3/1_0" slope="0.00"/>
        <vehicle id="38" x="318.78" y="198.35" angle="90.00" type="DEFAULT_VEHTYPE" speed="13.71" pos="114.03" lane="1/1to2/1_0" slope="0.00"/>
        <vehicle id="41" x="398.35" y="218.65" angle="0.00" type="DEFAULT_VEHTYPE" speed="12.64" pos="176.60" lane="2/2to2/1_0" slope="0.00"/>
        <vehicle id="44" x="125.86" y="398.35" angle="90.00" type="DEFAULT_VEHTYPE" speed="13.11" pos="125.86" lane="0/2to1/2_0" slope="0.00"/>
        <vehicle id="48" x="201.65" y="256.16" angle="180.00" type="DEFAULT_VEHTYPE" speed="12.85" pos="51.41" lane="1/1to1/2_0" slope="0.00"/>
        <vehicle id="5" x="313.38" y="598.35" angle="90.00" type="DEFAULT_VEHTYPE" speed="13.86" pos="108.63" lane="1/3to2/3_0" slope="0.00"/>
        <vehicle id="7" x="398.35" y="427.75" angle="0.00" type="DEFAULT_VEHTYPE" speed="13.68" pos="167.50" lane="2/3to2/2_0" slope="0.00"/>
        <vehicle id="8" x="401.65" y="627.05" angle="180.00" type="DEFAULT_VEHTYPE" speed="10.57" pos="22.30" lane="2/3to2/4_0" slope="0.00"/>
    </timestep>
    <timestep time="617.00">
        <vehicle id="0" x="398.35" y="515.79" angle="0.00" type="DEFAULT_VEHTYPE" speed="13.05" pos="79.46" lane="2/3to2/2_0" slope="0.00"/>
        <vehicle id="1" x="416.11" y="198.35" angle="90.00" type="DEFAULT_VEHTYPE" speed="13.64" pos="11.36" lane="2/1to3/1_0" slope="0.00"/>
        <vehicle id="17" x="398.35" y="292.49" angle="0.00" type="DEFAULT_VEHTYPE" speed="13.61" pos="102.76" lane="2/2to2/1_0" slope="0.00"/>
        <vehicle id="18" x="398.35" y="445.07" angle="0.00" type="DEFAULT_VEHTYPE" speed="12.98" pos="150.18" lane="2/3to2/2_0" slope="0.00"/>
        <vehicle id="21" x="398.35" y="741.57" angle="0.00" type="DEFAULT_VEHTYPE" speed="13.40" pos="58.43" lane="2/4to2/3_0" slope="0.00"/>
        <vehicle id="22" x="401.65" y="173.08" angle="180.00" type="DEFAULT_VEHTYPE" speed="13.67" pos="173.08" lane="2/0to2/1_0" slope="0.00"/>
        <vehicle id="24" x="201.65" y="424.19" angle="180.00" type="DEFAULT_VEHTYPE" speed="11.82" pos="19.44" lane="1/2to1/3_0" slope="0.00"/>
        <vehicle id="26" x="190.69" y="398.35" angle="90.00" type="DEFAULT_VEHTYPE" speed="3.25" pos="190.69" lane="0/2to1/2_0" slope="0.00"/>
        <vehicle id="28" x="381.94" y="401.65" angle="-90.00" type="DEFAULT_VEHTYPE" speed="12.96" pos="13.31" lane="2/2to1/2_0" slope="0.00"/>
        <vehicle id="32" x="26.38" y="398.35" angle="90.00" type="DEFAULT_VEHTYPE" speed="13.04" pos="26.38" lane="0/2to1/2_0" slope="0.00"/>
        <vehicle id="35" x="388.44" y="598.35" angle="90.00" type="DEFAULT_VEHTYPE" speed="4.73" pos="183.69" lane="1/3to2/3_0" slope="0.00"/>
        <vehicle id="37" x="774.83" y="201.65" angle="-90.00" type="DEFAULT_VEHTYPE" speed="13.43" pos="25.17" lane="4/1to3/1_0" slope="0.00"/>
        <vehicle id="38" x="332.59" y="198.35" angle="90.00" type="DEFAULT_VEHTYPE" speed="13.81" pos="127.84" lane="1/1to2/1_0" slope="0.00"/>
        <vehicle id="41" x="398.35" y="205.78" angle="0.00" type="DEFAULT_VEHTYPE" speed="12.87" pos="189.47" lane="2/2to2/1_0" slope="0.00"/>
        <vehicle id="44" x="138.90" y="398.35" angle="90.00" type="DEFAULT_VEHTYPE" speed="13.04" pos="138.90" lane="0/2to1/2_0" slope="0.00"/>
        <vehicle id="48" x="201.65" y="268.80" angle="180.00" type="DEFAULT_VEHTYPE" speed="12.64" pos="64.05" lane="1/1to1/2_0" slope="0.00"/>
        <vehicle id="5" x="327.06" y="598.35" angle="90.00" type="DEFAULT_VEHTYPE" speed="13.68" pos="122.31" lane="1/3to2/3_0" slope="0.00"/>
        <vehicle id="7" x="398.35" y="414.16" angle="0.00" type="DEFAULT_VEHTYPE" speed="13.58" pos="181.09" lane="2/3to2/2_0" slope="0.00"/>
        <vehicle id="8" x="401.65" y="639.13" angle="180.00" type="DEFAULT_VEHTYPE" speed="12.08" pos="34.38" lane="2/3to2/4_0" slope="0.00"/>
    </timestep>
    <timestep time="618.00">
        <vehicle id="0" x="398.35" y="502.27" angle="0.00" type="DEFAULT_VEHTYPE" speed="13.52" pos="92.98" lane="2/3to2/2_0" slope="0.00"/>
        <vehicle id="1" x="429.20" y="198.35" angle="90.00" type="DEFAULT_VEHTYPE" speed="13.09" pos="24.45" lane="2/1to3/1_0" slope="0.00"/>
        <vehicle id="17" x="398.35" y="278.75" angle="0.00" type="DEFAULT_VEHTYPE" speed="13.74" pos="116.50" lane="2/2to2/1_0" slope="0.00"/>
        <vehicle id="18" x="398.35" y="431.71" angle="0.00" type="DEFAULT_VEHTYPE" speed="13.36" pos="163.54" lane="2/3to2/2_0" slope="0.00"/>
        <vehicle id="21" x="398.35" y="728.09" angle="0.00" type="DEFAULT_VEHTYPE" speed="13.48" pos="71.91" lane="2/4to2/3_0" slope="0.00"/>
        <vehicle id="22" x="401.65" y="186.09" angle="180.00" type="DEFAULT_VEHTYPE" speed="13.01" pos="186.09" lane="2/0to2/1_0" slope="0.00"/>
        <vehicle id="24" x="201.65" y="437.13" angle="180.00" type="DEFAULT_VEHTYPE" speed="12.95" pos="32.38" lane="1/2to1/3_0" slope="0.00"/>
        <vehicle id="26" x="195.89" y="398.44" angle="91.05" type="DEFAULT_VEHTYPE" speed="5.21" pos="0.65" lane=":1/2_14_0" slope="0.00"/>
        <vehicle id="28" x="368.68" y="401.65" angle="-90.00" type="DEFAULT_VEHTYPE" speed="13.25" pos="26.57" lane="2/2to1/2_0" slope="0.00"/>
        <vehicle id="32" x="39.85" y="398.35" angle="90.00" type="DEFAULT_VEHTYPE" speed="13.47" pos="39.85" lane="0/2to1/2_0" slope="0.00"/>
        <vehicle id="35" x="395.04" y="598.35" angle="90.00" type="DEFAULT_VEHTYPE" speed="6.60" pos="190.29" lane="1/3to2/3_0" slope="0.00"/>
        <vehicle id="37" x="761.83" y="201.65" angle="-90.00" type="DEFAULT_VEHTYPE" speed="13.00" pos="38.17" lane="4/1to3/1_0" slope="0.00"/>
        <vehicle id="38" x="346.25" y="198.35" angle="90.00" type="DEFAULT_VEHTYPE" speed="13.66" pos="141.50" lane="1/1to2/1_0" slope="0.00"/>
        <vehicle id="41" x="387.68" y="201.65" angle="-90.00" type="DEFAULT_VEHTYPE" speed="13.60" pos="7.57" lane="2/1to1/1_0" slope="0.00"/>
        <vehicle id="44" x="151.92" y="398.35" angle="90.00" type="DEFAULT_VEHTYPE" speed="13.02" pos="151.92" lane="0/2to1/2_0" slope="0.00"/>
        <vehicle id="48" x="201.65" y="281.68" angle="180.00" type="DEFAULT_VEHTYPE" speed="12.89" pos="76.93" lane="1/1to1/2_0" slope="0.00"/>
        <vehicle id="5" x="340.73" y="598.35" angle="90.00" type="DEFAULT_VEHTYPE" speed="13.67" pos="135.98" lane="1/3to2/3_0" slope="0.00"/>
        <vehicle id="7" x="396.41" y="401.81" angle="-25.27" type="DEFAULT_VEHTYPE" speed="13.25" pos="3.83" lane=":2/2_0_0" slope="0.00"/>
        <vehicle id="8" x="401.65" y="651.77" angle="180.00" type="DEFAULT_VEHTYPE" speed="12.64" pos="47.02" lane="2/3to2/4_0" slope="0.00"/>
    </timestep>
    <timestep time="619.00">
        <vehicle id="0" x="398.35" y="489.63" angle="0.00" type="DEFAULT_VEHTYPE" speed="12.65" pos="105.62" lane="2/3to2/2_0" slope="0.00"/>
        <vehicle id="1" x="442.83" y="198.35" angle="90.00" type="DEFAULT_VEHTYPE" speed="13.63" pos="38.08" lane="2/1to3/1_0" slope="0.00"/>
        <vehicle id="17" x="398.35" y="265.38" angle="0.00" type="DEFAULT_VEHTYPE" speed="13.38" pos="129.87" lane="2/2to2/1_0" slope="0.00"/>
        <vehicle id="18" x="398.35" y="418.76" angle="0.00" type="DEFAULT_VEHTYPE" speed="12.95" pos="176.49" lane="2/3to2/2_0" slope="0.00"/>
        <vehicle id="21" x="398.35" y="714.98" angle="0.00" type="DEFAULT_VEHTYPE" speed="13.11" pos="85.02" lane="2/4to2/3_0" slope="0.00"/>
        <vehicle id="22" x="404.18" y="198.27" angle="144.84" type="DEFAULT_VEHTYPE" speed="13.59" pos="4.43" lane=":2/1_8_0" slope="0.00"/>
        <vehicle id="24" x="201.65" y="450.83" angle="180.00" type="DEFAULT_VEHTYPE" speed="13.70" pos="46.08" lane="1/2to1/3_0" slope="0.00"/>
        <vehicle id="26" x="201.36" y="402.75" angle="142.25" type="DEFAULT_VEHTYPE" speed="7.65" pos="8.30" lane=":1/2_14_0" slope="0.00"/>
        <vehicle id="28" x="356.06" y="401.65" angle="-90.00" type="DEFAULT_VEHTYPE" speed="12.62" pos="39.19" lane="2/2to1/2_0" slope="0.00"/>
        <vehicle id="32" x="53.74" y="398.35" angle="90.00" type="DEFAULT_VEHTYPE" speed="13.89" pos="53.74" lane="0/2to1/2_0" slope="0.00"/>
        <vehicle id="35" x="401.30" y="602.30" angle="137.53" type="DEFAULT_VEHTYPE" speed="8.05" pos="7.84" lane=":2/3_14_0" slope="0.00"/>
        <vehicle id="37" x="747.93" y="201.65" angle="-90.00" type="DEFAULT_VEHTYPE" speed="13.90" pos="52.07" lane="4/1to3/1_0" slope="0.00"/>
        <vehicle id="38" x="359.47" y="198.35" angle="90.00" type="DEFAULT_VEHTYPE" speed="13.22" pos="154.72" lane="1/1to2/1_0" slope="0.00"/>
        <vehicle id="41" x="374.09" y="201.65" angle="-90.00" type="DEFAULT_VEHTYPE" speed="13.59" pos="21.16" lane="2/1to1/1_0" slope="0.00"/>
        <vehicle id="44" x="164.79" y="398.35" angle="90.00" type="DEFAULT_VEHTYPE" speed="12.87" pos="164.79" lane="0/2to1/2_0" slope="0.00"/>
        <vehicle id="48" x="201.65" y="294.92" angle="180.00" type="DEFAULT_VEHTYPE" speed="13.24" pos="90.17" lane="1/1to1/2_0" slope="0.00"/>
        <vehicle id="5" x="353.43" y="598.35" angle="90.00" type="DEFAULT_VEHTYPE" speed="12.70" pos="148.68" lane="1/3to2/3_0" slope="0.00"/>
        <vehicle id="7" x="383.25" y="401.65" angle="-90.00" type="DEFAULT_VEHTYPE" speed="13.17" pos="12.00" lane="2/2to1/2_0" slope="0.00"/>
        <vehicle id="8" x="401.65" y="664.50" angle="180.00" type="DEFAULT_VEHTYPE" speed="12.73" pos="59.75" lane="2/3to2/4_0" slope="0.00"/>
    </timestep>
    <timestep time="620.00">
        <vehicle id="0" x="398.35" y="476.04" angle="0.00" type="DEFAULT_VEHTYPE" speed="13.59" pos="119.21" lane="2/3to2/2_0" slope="0.00"/>
        <vehicle id="1" x="456.03" y="198.35" angle="90.00" type="DEFAULT_VEHTYPE" speed="13.20" pos="51.28" lane="2/1to3/1_0" slope="0.00"/>
        <vehicle id="17" x="398.35" y="252.18" angle="0.00" type="DEFAULT_VEHTYPE" speed="13.20" pos="143.07" lane="2/2to2/1_0" slope="0.00"/>
        <vehicle id="18" x="398.35" y="405.26" angle="0.00" type="DEFAULT_VEHTYPE" speed="13.51" pos="189.99" lane="2/3to2/2_0" slope="0.00"/>
        <vehicle id="21" x="398.35" y="701.65" angle="0.00" type="DEFAULT_VEHTYPE" speed="13.33" pos="98.35" lane="2/4to2/3_0" slope="0.00"/>
        <vehicle id="22" x="417.23" y="198.35" angle="90.00" type="DEFAULT_VEHTYPE" speed="13.05" pos="12.48" lane="2/1to3/1_0" slope="0.00"/>
        <vehicle id="24" x="201.65" y="463.71" angle="180.00" type="DEFAULT_VEHTYPE" speed="12.88" pos="58.96" lane="1/2to1/3_0" slope="0.00"/>
        <vehicle id="26" x="201.65" y="412.90" angle="180.00" type="DEFAULT_VEHTYPE" speed="10.16" pos="8.15" lane="1/2to1/3_0" slope="0.00"/>
        <vehicle id="28" x="343.45" y="401.65" angle="-90.00" type="DEFAULT_VEHTYPE" speed="12.61" pos="51.80" lane="2/2to1/2_0" slope="0.00"/>
        <vehicle id="32" x="67.21" y="398.35" angle="90.00" type="DEFAULT_VEHTYPE" speed="13.47" pos="67.21" lane="0/2to1/2_0" slope="0.00"/>
        <vehicle id="35" x="401.65" y="612.31" angle="180.00" type="DEFAULT_VEHTYPE" speed="10.04" pos="7.56" lane="2/3to2/4_0" slope="0.00"/>
        <vehicle id="37" x="734.22" y="201.65" angle="-90.00" type="DEFAULT_VEHTYPE" speed="13.71" pos="65.78" lane="4/1to3/1_0" slope="0.00"/>
        <vehicle id="38" x="372.30" y="198.35" angle="90.00" type="DEFAULT_VEHTYPE" speed="12.82" pos="167.55" lane="1/1to2/1_0" slope="0.00"/>
        <vehicle id="41" x="360.46" y="201.65" angle="-90.00" type="DEFAULT_VEHTYPE" speed="13.64" pos="34.79" lane="2/1to1/1_0" slope="0.00"/>
        <vehicle id="44" x="176.18" y="398.35" angle="90.00" type="DEFAULT_VEHTYPE" speed="11.39" pos="176.18" lane="0/2to1/2_0" slope="0.00"/>
        <vehicle id="48" x="201.65" y="308.18" angle="180.00" type="DEFAULT_VEHTYPE" speed="13.26" pos="103.43" lane="1/1to1/2_0" slope="0.00"/>
        <vehicle id="5" x="367.29" y="598.35" angle="90.00" type="DEFAULT_VEHTYPE" speed="13.86" pos="162.54" lane="1/3to2/3_0" slope="0.00"/>
        <vehicle id="7" x="369.88" y="401.65" angle="-90.00" type="DEFAULT_VEHTYPE" speed="13.36" pos="25.37" lane="2/2to1/2_0" slope="0.00"/>
        <vehicle id="8" x="401.65" y="677.39" angle="180.00" type="DEFAULT_VEHTYPE" speed="12.89" pos="72.64" lane="2/3to2/4_0" slope="0.00"/>
    </timestep>
    <timestep time="621.00">
        <vehicle id="0" x="398.35" y="463.18" angle="0.00" type="DEFAULT_VEHTYPE" speed="12.86" pos="132.07" lane="2/3to2/2_0" slope="0.00"/>
        <vehicle id="1" x="469.42" y="198.35" angle="90.00" type="DEFAULT_VEHTYPE" speed="13.39" pos="64.67" lane="2/1to3/1_0" slope="0.00"/>
        <vehicle id="17" x="398.35" y="239.07" angle="0.00" type="DEFAULT_VEHTYPE" speed="13.11" pos="156.18" lane="2/2to2/1_0" slope="0.00"/>
        <vehicle id="18" x="398.35" y="391.99" angle="0.00" type="DEFAULT_VEHTYPE" speed="13.27" pos="3.26" lane="2/2to2/1_0" slope="0.00"/>
        <vehicle id="21" x="398.35" y="687.96" angle="0.00" type="DEFAULT_VEHTYPE" speed="13.70" pos="112.04" lane="2/4to2/3_0" slope="0.00"/>
        <vehicle id="22" x="431.10" y="198.35" angle="90.00" type="DEFAULT_VEHTYPE" speed="13.87" pos="26.35" lane="2/1to3/1_0" slope="0.00"/>
        <vehicle id="24" x="201.65" y="476.69" angle="180.00" type="DEFAULT_VEHTYPE" speed="12.98" pos="71.94" lane="1/2to1/3_0" slope="0.00"/>
        <vehicle id="26" x="201.65" y="424.55" angle="180.00" type="DEFAULT_VEHTYPE" speed="11.65" pos="19.80" lane="1/2to1/3_0" slope="0.00"/>
        <vehicle id="28" x="330.50" y="401.65" angle="-90.00" type="DEFAULT_VEHTYPE" speed="12.96" pos="64.75" lane="2/2to1/2_0" slope="0.00"/>
        <vehicle id="32" x="80.69" y="398.35" angle="90.00" type="DEFAULT_VEHTYPE" speed="13.49" pos="80.69" lane="0/2to1/2_0" slope="0.00"/>
        <vehicle id="35" x="401.65" y="623.66" angle="180.00" type="DEFAULT_VEHTYPE" speed="11.35" pos="18.91" lane="2/3to2/4_0" slope="0.00"/>
        <vehicle id="37" x="720.37" y="201.65" angle="-90.00" type="DEFAULT_VEHTYPE" speed="13.85" pos="79.63" lane="4/1to3/1_0" slope="0.00"/>
        <vehicle id="38" x="381.53" y="198.35" angle="90.00" type="DEFAULT_VEHTYPE" speed="9.23" pos="176.78" lane="1/1to2/1_0" slope="0.00"/>
        <vehicle id="41" x="346.70" y="201.65" angle="-90.00" type="DEFAULT_VEHTYPE" speed="13.76" pos="48.55" lane="2/1to1/1_0" slope="0.00"/>
        <vehicle id="44" x="184.50" y="398.35" angle="90.00" type="DEFAULT_VEHTYPE" speed="8.33" pos="184.50" lane="0/2to1/2_0" slope="0.00"/>
        <vehicle id="48" x="201.65" y="321.29" angle="180.00" type="DEFAULT_VEHTYPE" speed="13.10" pos="116.54" lane="1/1to1/2_0" slope="0.00"/>
        <vehicle id="5" x="377.56" y="598.35" angle="90.00" type="DEFAULT_VEHTYPE" speed="10.27" pos="172.81" lane="1/3to2/3_0" slope="0.00"/>
        <vehicle id="7" x="356.65" y="401.65" angle="-90.00" type="DEFAULT_VEHTYPE" speed="13.24" pos="38.60" lane="2/2to1/2_0" slope="0.00"/>
        <vehicle id="8" x="401.65" y="690.88" angle="180.00" type="DEFAULT_VEHTYPE" speed="13.49" pos="86.13" lane="2/3to2/4_0" slope="0.00"/>
    </timestep>
    <timestep time="622.00">
        <vehicle id="0" x="398.35" y="449.84" angle="0.00" type="DEFAULT_VEHTYPE" speed="13.34" pos="145.41" lane="2/3to2/2_0" slope="0.00"/>
        <vehicle id="1" x="482.43" y="198.35" angle="90.00" type="DEFAULT_VEHTYPE" speed="13.01" pos="77.68" lane="2/1to3/1_0" slope="0.00"/>
        <vehicle id="17" x="398.35" y="226.00" angle="0.00" type="DEFAULT_VEHTYPE" speed="13.07" pos="169.25" lane="2/2to2/1_0" slope="0.00"/>
        <vehicle id="18" x="398.35" y="379.13" angle="0.00" type="DEFAULT_VEHTYPE" speed="12.86" pos="16.12" lane="2/2to2/1_0" slope="0.00"/>
        <vehicle id="21" x="398.35" y="674.57" angle="0.00" type="DEFAULT_VEHTYPE" speed="13.38" pos="125.43" lane="2/4to2/3_0" slope="0.00"/>
        <vehicle id="22" x="443.93" y="198.35" angle="90.00" type="DEFAULT_VEHTYPE" speed="12.83" pos="39.18" lane="2/1to3/1_0" slope="0.00"/>
        <vehicle id="24" x="201.65" y="489.96" angle="180.00" type="DEFAULT_VEHTYPE" speed="13.27" pos="85.21" lane="1/2to1/3_0" slope="0.00"/>
        <vehicle id="26" x="201.65" y="438.36" angle="180.00" type="DEFAULT_VEHTYPE" speed="13.81" pos="33.61" lane="1/2to1/3_0" slope="0.00"/>
        <vehicle id="28" x="316.78" y="401.65" angle="-90.00" type="DEFAULT_VEHTYPE" speed="13.72" pos="78.47" lane="2/2to1/2_0" slope="0.00"/>
        <vehicle id="32" x="93.44" y="398.35" angle="90.00" type="DEFAULT_VEHTYPE" speed="12.75" pos="93.44" lane="0/2to1/2_0" slope="0.00"/>
        <vehicle id="35" x="401.65" y="637.45" angle="180.00" type="DEFAULT_VEHTYPE" speed="13.79" pos="32.70" lane="2/3to2/4_0" slope="0.00"/>
        <vehicle id="37" x="707.59" y="201.65" angle="-90.00" type="DEFAULT_VEHTYPE" speed="12.78" pos="92.41" lane="4/1to3/1_0" slope="0.00"/>
        <vehicle id="38" x="387.84" y="198.35" angle="90.00" type="DEFAULT_VEHTYPE" speed="6.31" pos="183.09" lane="1/1to2/1_0" slope="0.00"/>
        <vehicle id="41" x="333.78" y="201.65" angle="-90.00" type="DEFAULT_VEHTYPE" speed="12.92" pos="61.47" lane="2/1to1/1_0" slope="0.00"/>
        <vehicle id="44" x="189.33" y="398.35" angle="90.00" type="DEFAULT_VEHTYPE" speed="4.82" pos="189.33" lane="0/2to1/2_0" slope="0.00"/>
        <vehicle id="48" x="201.65" y="334.57" angle="180.00" type="DEFAULT_VEHTYPE" speed="13.29" pos="129.82" lane="1/1to1/2_0" slope="0.00"/>
        <vehicle id="5" x="384.93" y="598.35" angle="90.00" type="DEFAULT_VEHTYPE" speed="7.37" pos="180.18" lane="1/3to2/3_0" slope="0.00"/>
        <vehicle id="7" x="343.02" y="401.65" angle="-90.00" type="DEFAULT_VEHTYPE" speed="13.63" pos="52.23" lane="2/2to1/2_0" slope="0.00"/>
        <vehicle id="8" x="401.65" y="704.66" angle="180.00" type="DEFAULT_VEHTYPE" speed="13.78" pos="99.91" lane="2/3to2/4_0" slope="0.00"/>
    </timestep>
    <timestep time="623.00">
        <vehicle id="0" x="398.35" y="436.77" angle="0.00" type="DEFAULT_VEHTYPE" speed="13.07" pos="158.48" lane="2/3to2/2_0" slope="0.00"/>
        <vehicle id="1" x="495.06" y="198.35" angle="90.00" type="DEFAULT_VEHTYPE" speed="12.63" pos="90.31" lane="2/1to3/1_0" slope="0.00"/>
        <vehicle id="17" x="398.35" y="212.70" angle="0.00" type="DEFAULT_VEHTYPE" speed="13.31" pos="182.55" lane="2/2to2/1_0" slope="0.00"/>
        <vehicle id="18" x="398.35" y="365.42" angle="0.00" type="DEFAULT_VEHTYPE" speed="13.71" pos="29.83" lane="2/2to2/1_0" slope="0.00"/>
        <vehicle id="21" x="398.35" y="660.70" angle="0.00" type="DEFAULT_VEHTYPE" speed="13.88" pos="139.30" lane="2/4to2/3_0" slope="0.00"/>
        <vehicle id="22" x="457.70" y="198.35" angle="90.00" type="DEFAULT_VEHTYPE" speed="13.77" pos="52.95" lane="2/1to3/1_0" slope="0.00"/>
        <vehicle id="24" x="201.65" y="503.71" angle="180.00" type="DEFAULT_VEHTYPE" speed="13.74" pos="98.96" lane="1/2to1/3_0" slope="0.00"/>
        <vehicle id="26" x="201.65" y="452.12" angle="180.00" type="DEFAULT_VEHTYPE" speed="13.76" pos="47.37" lane="1/2to1/3_0" slope="0.00"/>
        <vehicle id="28" x="303.65" y="401.65" angle="-90.00" type="DEFAULT_VEHTYPE" speed="13.13" pos="91.60" lane="2/2to1/2_0" slope="0.00"/>
        <vehicle id="32" x="106.50" y="398.35" angle="90.00" type="DEFAULT_VEHTYPE" speed="13.06" pos="106.50" lane="0/2to1/2_0" slope="0.00"/>
        <vehicle id="35" x="401.65" y="650.25" angle="180.00" type="DEFAULT_VEHTYPE" speed="12.79" pos="45.50" lane="2/3to2/4_0" slope="0.00"/>
        <vehicle id="37" x="694.33" y="201.65" angle="-90.00" type="DEFAULT_VEHTYPE" speed="13.26" pos="105.67" lane="4/1to3/1_0" slope="0.00"/>
        <vehicle id="38" x="390.88" y="198.35" angle="90.00" type="DEFAULT_VEHTYPE" speed="3.05" pos="186.13" lane="1/1to2/1_0" slope="0.00"/>
        <vehicle id="41" x="321.04" y="201.65" angle="-90.00" type="DEFAULT_VEHTYPE" speed="12.74" pos="74.21" lane="2/1to1/1_0" slope="0.00"/>
        <vehicle id="44" x="196.71" y="398.56" angle="92.39" type="DEFAULT_VEHTYPE" speed="7.40" pos="1.47" lane=":1/2_14_0" slope="0.00"/>
        <vehicle id="48" x="201.65" y="347.86" angle="180.00" type="DEFAULT_VEHTYPE" speed="13.29" pos="143.11" lane="1/1to1/2_0" slope="0.00"/>
        <vehicle id="5" x="389.42" y="598.35" angle="90.00" type="DEFAULT_VEHTYPE" speed="4.49" pos="184.67" lane="1/3to2/3_0" slope="0.00"/>
        <vehicle id="7" x="330.36" y="401.65" angle="-90.00" type="DEFAULT_VEHTYPE" speed="12.65" pos="64.89" lane="2/2to1/2_0" slope="0.00"/>
        <vehicle id="8" x="401.65" y="718.34" angle="180.00" type="DEFAULT_VEHTYPE" speed="13.68" pos="113.59" lane="2/3to2/4_0" slope="0.00"/>
    </timestep>
    <timestep time="624.00">
        <vehicle id="0" x="398.35" y="423.34" angle="0.00" type="DEFAULT_VEHTYPE" speed="13.43" pos="171.91" lane="2/3to2/2_0" slope="0.00"/>
        <vehicle id="1" x="508.42" y="198.35" angle="90.00" type="DEFAULT_VEHTYPE" speed="13.36" pos="103.67" lane="2/1to3/1_0" slope="0.00"/>
        <vehicle id="17" x="394.40" y="201.65" angle="-59.49" type="DEFAULT_VEHTYPE" speed="13.80" pos="0.85" lane="2/1to1/1_0" slope="0.00"/>
        <vehicle id="18" x="398.35" y="352.24" angle="0.00" type="DEFAULT_VEHTYPE" speed="13.18" pos="43.01" lane="2/2to2/1_0" slope="0.00"/>
        <vehicle id="21" x="398.35" y="647.60" angle="0.00" type="DEFAULT_VEHTYPE" speed="13.10" pos="152.40" lane="2/4to2/3_0" slope="0.00"/>
        <vehicle id="22" x="470.95" y="198.35" angle="90.00" type="DEFAULT_VEHTYPE" speed="13.25" pos="66.20" lane="2/1to3/1_0" slope="0.00"/>
        <vehicle id="24" x="201.65" y="516.97" angle="180.00" type="DEFAULT_VEHTYPE" speed="13.26" pos="112.22" lane="1/2to1/3_0" slope="0.00"/>
        <vehicle id="26" x="201.65" y="464.83" angle="180.00" type="DEFAULT_VEHTYPE" speed="12.71" pos="60.08" lane="1/2to1/3_0" slope="0.00"/>
        <vehicle id="28" x="290.91" y="401.65" angle="-90.00" type="DEFAULT_VEHTYPE" speed="12.74" pos="104.34" lane="2/2to1/2_0" slope="0.00"/>
        <vehicle id="32" x="120.09" y="398.35" angle="90.00" type="DEFAULT_VEHTYPE" speed="13.59" pos="120.09" lane="0/2to1/2_0" slope="0.00"/>
        <vehicle id="35" x="401.65" y="663.83" angle="180.00" type="DEFAULT_VEHTYPE" speed="13.58" pos="59.08" lane="2/3to2/4_0" slope="0.00"/>
        <vehicle id="37" x="680.64" y="201.65" angle="-90.00" type="DEFAULT_VEHTYPE" speed="13.69" pos="119.36" lane="4/1to3/1_0" slope="0.00"/>
        <vehicle id="38" x="395.37" y="198.35" angle="90.00" type="DEFAULT_VEHTYPE" speed="4.48" pos="0.12" lane=":2/1_13_0" slope="0.00"/>
        <vehicle id="41" x="307.90" y="201.65" angle="-90.00" type="DEFAULT_VEHTYPE" speed="13.14" pos="87.35" lane="2/1to1/1_0" slope="0.00"/>
        <vehicle id="44" x="201.65" y="405.49" angle="166.56" type="DEFAULT_VEHTYPE" speed="9.58" pos="0.74" lane="1/2to1/3_0" slope="0.00"/>
        <vehicle id="48" x="201.65" y="361.20" angle="180.00" type="DEFAULT_VEHTYPE" speed="13.34" pos="156.45" lane="1/1to1/2_0" slope="0.00"/>
        <vehicle id="5" x="396.18" y="598.48" angle="91.53" type="DEFAULT_VEHTYPE" speed="6.77" pos="0.94" lane=":2/3_14_0" slope="0.00"/>
        <vehicle id="7" x="317.69" y="401.65" angle="-90.00" type="DEFAULT_VEHTYPE" speed="12.68" pos="77.56" lane="2/2to1/2_0" slope="0.00"/>
        <vehicle id="8" x="401.65" y="732.11" angle="180.00" type="DEFAULT_VEHTYPE" speed="13.77" pos="127.36" lane="2/3to2/4_0" slope="0.00"/>
    </timestep>
    <timestep time="625.00">
        <vehicle id="0" x="398.35" y="410.36" angle="0.00" type="DEFAULT_VEHTYPE" speed="12.97" pos="184.89" lane="2/3to2/2_0" slope="0.00"/>
        <vehicle id="1" x="522.05" y="198.35" angle="90.00" type="DEFAULT_VEHTYPE" speed="13.63" pos="117.30" lane="2/1to3/1_0" slope="0.00"/>
        <vehicle id="17" x="380.62" y="201.65" angle="-90.00" type="DEFAULT_VEHTYPE" speed="13.78" pos="14.63" lane="2/1to1/1_0" slope="0.00"/>
        <vehicle id="18" x="398.35" y="338.59" angle="0.00" type="DEFAULT_VEHTYPE" speed="13.65" pos="56.66" lane="2/2to2/1_0" slope="0.00"/>
        <vehicle id="21" x="398.35" y="633.76" angle="0.00" type="DEFAULT_VEHTYPE" speed="13.84" pos="166.24" lane="2/4to2/3_0" slope="0.00"/>
        <vehicle id="22" x="484.50" y="198.35" angle="90.00" type="DEFAULT_VEHTYPE" speed="13.55" pos="79.75" lane="2/1to3/1_0" slope="0.00"/>
        <vehicle id="24" x="201.65" y="529.71" angle="180.00" type="DEFAULT_VEHTYPE" speed="12.75" pos="124.96" lane="1/2to1/3_0" slope="0.00"/>
        <vehicle id="26" x="201.65" y="477.73" angle="180.00" type="DEFAULT_VEHTYPE" speed="12.90" pos="72.98" lane="1/2to1/3_0" slope="0.00"/>
        <vehicle id="28" x="277.11" y="401.65" angle="-90.00" type="DEFAULT_VEHTYPE" speed="13.81" pos="118.14" lane="2/2to1/2_0" slope="0.00"/>
        <vehicle id="32" x="133.98" y="398.35" angle="90.00" type="DEFAULT_VEHTYPE" speed="13.89" pos="133.98" lane="0/2to1/2_0" slope="0.00"/>
        <vehicle id="35" x="401.65" y="677.15" angle="180.00" type="DEFAULT_VEHTYPE" speed="13.33" pos="72.40" lane="2/3to2/4_0" slope="0.00"/>
        <vehicle id="37" x="666.82" y="201.65" angle="-90.00" type="DEFAULT_VEHTYPE" speed="13.82" pos="133.18" lane="4/1to3/1_0" slope="0.00"/>
        <vehicle id="38" x="402.03" y="198.35" angle="90.00" type="DEFAULT_VEHTYPE" speed="6.67" pos="6.78" lane=":2/1_13_0" slope="0.00"/>
        <vehicle id="41" x="294.11" y="201.65" angle="-90.00" type="DEFAULT_VEHTYPE" speed="13.78" pos="101.14" lane="2/1to1/1_0" slope="0.00"/>
        <vehicle id="44" x="201.65" y="417.10" angle="180.00" type="DEFAULT_VEHTYPE" speed="11.62" pos="12.35" lane="1/2to1/3_0" slope="0.00"/>
        <vehicle id="48" x="201.65" y="374.67" angle="180.00" type="DEFAULT_VEHTYPE" speed="13.46" pos="169.92" lane="1/1to1/2_0" slope="0.00"/>
        <vehicle id="5" x="401.56" y="604.09" angle="156.19" type="DEFAULT_VEHTYPE" speed="8.71" pos="9.65" lane=":2/3_14_0" slope="0.00"/>
        <vehicle id="7" x="304.30" y="401.65" angle="-90.00" type="DEFAULT_VEHTYPE" speed="13.39" pos="90.95" lane="2/2to1/2_0" slope="0.00"/>
        <vehicle id="8" x="401.65" y="745.81" angle="180.00" type="DEFAULT_VEHTYPE" speed="13.69" pos="141.06" lane="2/3to2/4_0" slope="0.00"/>
    </timestep>
    <timestep time="626.00">
        <vehicle id="0" x="392.12" y="401.65" angle="-84.79" type="DEFAULT_VEHTYPE" speed="13.74" pos="3.13" lane="2/2to1/2_0" slope="0.00"/>
        <vehicle id="1" x="535.83" y="198.35" angle="90.00" type="DEFAULT_VEHTYPE" speed="13.78" pos="131.08" lane="2/1to3/1_0" slope="0.00"/>
        <vehicle id="17" x="367.26" y="201.65" angle="-90.00" type="DEFAULT_VEHTYPE" speed="13.35" pos="27.99" lane="2/1to1/1_0" slope="0.00"/>
        <vehicle id="18" x="398.35" y="325.82" angle="0.00" type="DEFAULT_VEHTYPE" speed="12.77" pos="69.43" lane="2/2to2/1_0" slope="0.00"/>
        <vehicle id="21" x="398.35" y="620.31" angle="0.00" type="DEFAULT_VEHTYPE" speed="13.45" pos="179.69" lane="2/4to2/3_0" slope="0.00"/>
        <vehicle id="22" x="497.31" y="198.35" angle="90.00" type="DEFAULT_VEHTYPE" speed="12.80" pos="92.56" lane="2/1to3/1_0" slope="0.00"/>
        <vehicle id="24" x="201.65" y="542.54" angle="180.00" type="DEFAULT_VEHTYPE" speed="12.83" pos="137.79" lane="1/2to1/3_0" slope="0.00"/>
        <vehicle id="26" x="201.65" y="490.45" angle="180.00" type="DEFAULT_VEHTYPE" speed="12.72" pos="85.70" lane="1/2to1/3_0" slope="0.00"/>
        <vehicle id="28" x="263.86" y="401.65" angle="-90.00" type="DEFAULT_VEHTYPE" speed="13.25" pos="131.39" lane="2/2to1/2_0" slope="0.00"/>
        <vehicle id="32" x="146.86" y="398.35" angle="90.00" type="DEFAULT_VEHTYPE" speed="12.89" pos="146.86" lane="0/2to1/2_0" slope="0.00"/>
        <vehicle id="35" x="401.65" y="689.98" angle="180.00" type="DEFAULT_VEHTYPE" speed="12.83" pos="85.23" lane="2/3to2/4_0" slope="0.00"/>
        <vehicle id="37" x="653.09" y="201.65" angle="-90.00" type="DEFAULT_VEHTYPE" speed="13.72" pos="146.91" lane="4/1to3/1_0" slope="0.00"/>
        <vehicle id="38" x="410.45" y="198.35" angle="90.00" type="DEFAULT_VEHTYPE" speed="8.42" pos="5.70" lane="2/1to3/1_0" slope="0.00"/>
        <vehicle id="41" x="280.43" y="201.65" angle="-90.00" type="DEFAULT_VEHTYPE" speed="13.69" pos="114.82" lane="2/1to1/1_0" slope="0.00"/>
        <vehicle id="44" x="201.65" y="430.39" angle="180.00" type="DEFAULT_VEHTYPE" speed="13.29" pos="25.64" lane="1/2to1/3_0" slope="0.00"/>
        <vehicle id="48" x="201.65" y="387.40" angle="180.00" type="DEFAULT_VEHTYPE" speed="12.74" pos="182.65" lane="1/1to1/2_0" slope="0.00"/>
        <vehicle id="5" x="401.65" y="614.43" angle="180.00" type="DEFAULT_VEHTYPE" speed="10.34" pos="9.68" lane="2/3to2/4_0" slope="0.00"/>
        <vehicle id="7" x="290.90" y="401.65" angle="-90.00" type="DEFAULT_VEHTYPE" speed="13.40" pos="104.35" lane="2/2to1/2_0" slope="0.00"/>
        <vehicle id="8" x="401.65" y="759.55" angle="180.00" type="DEFAULT_VEHTYPE" speed="13.74" pos="154.80" lane="2/3to2/4_0" slope="0.00"/>
    </timestep>
    <timestep time="627.00">
        <vehicle id="0" x="379.40" y="401.65" angle="-90.00" type="DEFAULT_VEHTYPE" speed="12.72" pos="15.85" lane="2/2to1/2_0" slope="0.00"/>
        <vehicle id="1" x="549.27" y="198.35" angle="90.00" type="DEFAULT_VEHTYPE" speed="13.43" pos="144.52" lane="2/1to3/1_0" slope="0.00"/>
        <vehicle id="17" x="353.94" y="201.65" angle="-90.00" type="DEFAULT_VEHTYPE" speed="13.33" pos="41.31" lane="2/1to1/1_0" slope="0.00"/>
        <vehicle id="18" x="398.35" y="312.43" angle="0.00" type="DEFAULT_VEHTYPE" speed="13.39" pos="82.82" lane="2/2to2/1_0" slope="0.00"/>
        <vehicle id="21" x="398.35" y="607.67" angle="0.00" type="DEFAULT_VEHTYPE" speed="12.63" pos="192.33" lane="2/4to2/3_0" slope="0.00"/>
        <vehicle id="22" x="510.60" y="198.35" angle="90.00" type="DEFAULT_VEHTYPE" speed="13.29" pos="105.85" lane="2/1to3/1_0" slope="0.00"/>
        <vehicle id="24" x="201.65" y="555.81" angle="180.00" type="DEFAULT_VEHTYPE" speed="13.27" pos="151.06" lane="1/2to1/3_0" slope="0.00"/>
        <vehicle id="26" x="201.65" y="504.01" angle="180.00" type="DEFAULT_VEHTYPE" speed="13.56" pos="99.26" lane="1/2to1/3_0" slope="0.00"/>
        <vehicle id="28" x="250.26" y="401.65" angle="-90.00" type="DEFAULT_VEHTYPE" speed="13.60" pos="144.99" lane="2/2to1/2_0" slope="0.00"/>
        <vehicle id="32" x="160.33" y="398.35" angle="90.00" type="DEFAULT_VEHTYPE" speed="13.47" pos="160.33" lane="0/2to1/2_0" slope="0.00"/>
        <vehicle id="35" x="401.65" y="703.18" angle="180.00" type="DEFAULT_VEHTYPE" speed="13.19" pos="98.43" lane="2/3to2/4_0" slope="0.00"/>
        <vehicle id="37" x="639.20" y="201.65" angle="-90.00" type="DEFAULT_VEHTYPE" speed="13.89" pos="160.80" lane="4/1to3/1_0" slope="0.00"/>
        <vehicle id="38" x="421.30" y="198.35" angle="90.00" type="DEFAULT_VEHTYPE" speed="10.84" pos="16.55" lane="2/1to3/1_0" slope="0.00"/>
        <vehicle id="41" x="267.04" y="201.65" angle="-90.00" type="DEFAULT_VEHTYPE" speed="13.39" pos="128.21" lane="2/1to1/1_0" slope="0.00"/>
        <vehicle id="44" x="201.65" y="443.80" angle="180.00" type="DEFAULT_VEHTYPE" speed="13.41" pos="39.05" lane="1/2to1/3_0" slope="0.00"/>
        <vehicle id="48" x="201.65" y="400.53" angle="180.00" type="DEFAULT_VEHTYPE" speed="13.13" pos="5.28" lane=":1/2_9_0" slope="0.00"/>
        <vehicle id="5" x="401.65" y="626.17" angle="180.00" type="DEFAULT_VEHTYPE" speed="11.74" pos="21.42" lane="2/3to2/4_0" slope="0.00"/>
        <vehicle id="7" x="277.45" y="401.65" angle="-90.00" type="DEFAULT_VEHTYPE" speed="13.45" pos="117.80" lane="2/2to1/2_0" slope="0.00"/>
        <vehicle id="8" x="401.65" y="773.11" angle="180.00" type="DEFAULT_VEHTYPE" speed="13.56" pos="168.36" lane="2/3to2/4_0" slope="0.00"/>
    </timestep>
    <timestep time="628.00">
        <vehicle id="0" x="366.45" y="401.65" angle="-90.00" type="DEFAULT_VEHTYPE" speed="12.95" pos="28.80" lane="2/2to1/2_0" slope="0.00"/>
        <vehicle id="1" x="561.87" y="198.35" angle="90.00" type="DEFAULT_VEHTYPE" speed="12.60" pos="157.12" lane="2/1to3/1_0" slope="0.00"/>
        <vehicle id="17" x="340.67" y="201.65" angle="-90.00" type="DEFAULT_VEHTYPE" speed="13.27" pos="54.58" lane="2/1to1/1_0" slope="0.00"/>
        <vehicle id="18" x="398.35" y="299.83" angle="0.00" type="DEFAULT_VEHTYPE" speed="12.61" pos="95.42" lane="2/2to2/1_0" slope="0.00"/>
        <vehicle id="21" x="398.35" y="594.46" angle="0.00" type="DEFAULT_VEHTYPE" speed="13.21" pos="0.79" lane="2/3to2/2_0" slope="0.00"/>
        <vehicle id="22" x="523.38" y="198.35" angle="90.00" type="DEFAULT_VEHTYPE" speed="12.78" pos="118.63" lane="2/1to3/1_0" slope="0.00"/>
        <vehicle id="24" x="201.65" y="569.57" angle="180.00" type="DEFAULT_VEHTYPE" speed="13.76" pos="164.82" lane="1/2to1/3_0" slope="0.00"/>
        <vehicle id="26" x="201.65" y="516.62" angle="180.00" type="DEFAULT_VEHTYPE" speed="12.60" pos="111.87" lane="1/2to1/3_0" slope="0.00"/>
        <vehicle id="28" x="237.04" y="401.65" angle="-90.00" type="DEFAULT_VEHTYPE" speed="13.22" pos="158.21" lane="2/2to1/2_0" slope="0.00"/>
        <vehicle id="32" x="172.90" y="398.35" angle="90.00" type="DEFAULT_VEHTYPE" speed="12.56" pos="172.90" lane="0/2to1/2_0" slope="0.00"/>
        <vehicle id="35" x="401.65" y="716.00" angle="180.00" type="DEFAULT_VEHTYPE" speed="12.83" pos="111.25" lane="2/3to2/4_0" slope="0.00"/>
        <vehicle id="37" x="626.32" y="201.65" angle="-90.00" type="DEFAULT_VEHTYPE" speed="12.88" pos="173.68" lane="4/1to3/1_0" slope="0.00"/>
        <vehicle id="38" x="433.83" y="198.35" angle="90.00" type="DEFAULT_VEHTYPE" speed="12.53" pos="29.08" lane="2/1to3/1_0" slope="0.00"/>
        <vehicle id="41" x="254.35" y="201.65" angle="-90.00" type="DEFAULT_VEHTYPE" speed="12.69" pos="140.90" lane="2/1to1/1_0" slope="0.00"/>
        <vehicle id="44" x="201.65" y="457.14" angle="180.00" type="DEFAULT_VEHTYPE" speed="13.34" pos="52.39" lane="1/2to1/3_0" slope="0.00"/>
        <vehicle id="48" x="201.65" y="413.45" angle="180.00" type="DEFAULT_VEHTYPE" speed="12.92" pos="8.70" lane="1/2to1/3_0" slope="0.00"/>
        <vehicle id="5" x="401.65" y="638.78" angle="180.00" type="DEFAULT_VEHTYPE" speed="12.62" pos="34.03" lane="2/3to2/4_0" slope="0.00"/>
        <vehicle id="7" x="263.97" y="401.65" angle="-90.00" type="DEFAULT_VEHTYPE" speed="13.49" pos="131.28" lane="2/2to1/2_0" slope="0.00"/>
        <vehicle id="8" x="401.65" y="785.93" angle="180.00" type="DEFAULT_VEHTYPE" speed="12.82" pos="181.18" lane="2/3to2/4_0" slope="0.00"/>
    </timestep>
    <timestep time="629.00">
        <vehicle id="0" x="353.54" y="401.65" angle="-90.00" type="DEFAULT_VEHTYPE" speed="12.91" pos="41.71" lane="2/2to1/2_0" slope="0.00"/>
        <vehicle id="1" x="574.30" y="198.35" angle="90.00" type="DEFAULT_VEHTYPE" speed="12.43" pos="169.55" lane="2/1to3/1_0" slope="0.00"/>
        <vehicle id="17" x="328.01" y="201.65" angle="-90.00" type="DEFAULT_VEHTYPE" speed="12.65" pos="67.24" lane="2/1to1/1_0" slope="0.00"/>
        <vehicle id="18" x="398.35" y="286.77" angle="0.00" type="DEFAULT_VEHTYPE" speed="13.05" pos="108.48" lane="2/2to2/1_0" slope="0.00"/>
        <vehicle id="21" x="398.35" y="580.75" angle="0.00" type="DEFAULT_VEHTYPE" speed="13.71" pos="14.50" lane="2/3to2/2_0" slope="0.00"/>
        <vehicle id="22" x="536.51" y="198.35" angle="90.00" type="DEFAULT_VEHTYPE" speed="13.13" pos="131.76" lane="2/1to3/1_0" slope="0.00"/>
        <vehicle id="24" x="201.65" y="583.35" angle="180.00" type="DEFAULT_VEHTYPE" speed="13.78" pos="178.60" lane="1/2to1/3_0" slope="0.00"/>
        <vehicle id="26" x="201.65" y="530.29" angle="180.00" type="DEFAULT_VEHTYPE" speed="13.68" pos="125.54" lane="1/2to1/3_0" slope="0.00"/>
        <vehicle id="28" x="225.54" y="401.65" angle="-90.00" type="DEFAULT_VEHTYPE" speed="11.50" pos="169.71" lane="2/2to1/2_0" slope="0.00"/>
        <vehicle id="32" x="181.39" y="398.35" angle="90.00" type="DEFAULT_VEHTYPE" speed="8.50" pos="181.39" lane="0/2to1/2_0" slope="0.00"/>
        <vehicle id="35" x="401.65" y="728.61" angle="180.00" type="DEFAULT_VEHTYPE" speed="12.61" pos="123.86" lane="2/3to2/4_0" slope="0.00"/>
        <vehicle id="37" x="617.95" y="201.65" angle="-90.00" type="DEFAULT_VEHTYPE" speed="8.38" pos="182.05" lane="4/1to3/1_0" slope="0.00"/>
        <vehicle id="38" x="446.75" y="198.35" angle="90.00" type="DEFAULT_VEHTYPE" speed="12.92" pos="42.00" lane="2/1to3/1_0" slope="0.00"/>
        <vehicle id="41" x="240.80" y="201.65" angle="-90.00" type="DEFAULT_VEHTYPE" speed="13.55" pos="154.45" lane="2/1to1/1_0" slope="0.00"/>
        <vehicle id="44" x="201.65" y="470.99" angle="180.00" type="DEFAULT_VEHTYPE" speed="13.85" pos="66.24" lane="1/2to1/3_0" slope="0.00"/>
        <vehicle id="48" x="201.65" y="426.88" angle="180.00" type="DEFAULT_VEHTYPE" speed="13.43" pos="22.13" lane="1/2to1/3_0" slope="0.00"/>
        <vehicle id="5" x="401.65" y="652.13" angle="180.00" type="DEFAULT_VEHTYPE" speed="13.35" pos="47.38" lane="2/3to2/4_0" slope="0.00"/>
        <vehicle id="7" x="250.46" y="401.65" angle="-90.00" type="DEFAULT_VEHTYPE" speed="13.51" pos="144.79" lane="2/2to1/2_0" slope="0.00"/>
        <vehicle id="8" x="401.65" y="799.78" angle="180.00" type="DEFAULT_VEHTYPE" speed="13.85" pos="195.03" lane="2/3to2/4_0" slope="0.00"/>
    </timestep>
    <timestep time="630.00">
        <vehicle id="0" x="340.90" y="401.65" angle="-90.00" type="DEFAULT_VEHTYPE" speed="12.64" pos="54.35" lane="2/2to1/2_0" slope="0.00"/>
        <vehicle id="1" x="582.56" y="198.35" angle="90.00" type="DEFAULT_VEHTYPE" speed="8.26" pos="177.81" lane="2/1to3/1_0" slope="0.00"/>
        <vehicle id="17" x="314.80" y="201.65" angle="-90.00" type="DEFAULT_VEHTYPE" speed="13.22" pos="80.45" lane="2/1to1/1_0" slope="0.00"/>
        <vehicle id="18" x="398.35" y="273.60" angle="0.00" type="DEFAULT_VEHTYPE" speed="13.17" pos="121.65" lane="2/2to2/1_0" slope="0.00"/>
        <vehicle id="21" x="398.35" y="568.03" angle="0.00" type="DEFAULT_VEHTYPE" speed="12.72" pos="27.22" lane="2/3to2/2_0" slope="0.00"/>
        <vehicle id="22" x="549.75" y="198.35" angle="90.00" type="DEFAULT_VEHTYPE" speed="13.24" pos="145.00" lane="2/1to3/1_0" slope="0.00"/>
        <vehicle id="24" x="201.75" y="595.97" angle="178.85" type="DEFAULT_VEHTYPE" speed="12.63" pos="0.73" lane=":1/3_8_0" slope="0.00"/>
        <vehicle id="26" x="201.65" y="543.31" angle="180.00" type="DEFAULT_VEHTYPE" speed="13.02" pos="138.56" lane="1/2to1/3_0" slope="0.00"/>
        <vehicle id="28" x="217.04" y="401.65" angle="-90.00" type="DEFAULT_VEHTYPE" speed="8.50" pos="178.21" lane="2/2to1/2_0" slope="0.00"/>
        <vehicle id="32" x="187.54" y="398.35" angle="90.00" type="DEFAULT_VEHTYPE" speed="6.14" pos="187.54" lane="0/2to1/2_0" slope="0.00"/>
        <vehicle id="35" x="401.65" y="741.85" angle="180.00" type="DEFAULT_VEHTYPE" speed="13.24" pos="137.10" lane="2/3to2/4_0" slope="0.00"/>
        <vehicle id="37" x="612.44" y="201.65" angle="-90.00" type="DEFAULT_VEHTYPE" speed="5.51" pos="187.56" lane="4/1to3/1_0" slope="0.00"/>
        <vehicle id="38" x="459.35" y="198.35" angle="90.00" type="DEFAULT_VEHTYPE" speed="12.60" pos="54.60" lane="2/1to3/1_0" slope="0.00"/>
        <vehicle id="41" x="227.68" y="201.65" angle="-90.00" type="DEFAULT_VEHTYPE" speed="13.12" pos="167.57" lane="2/1to1/1_0" slope="0.00"/>
        <vehicle id="44" x="201.65" y="484.55" angle="180.00" type="DEFAULT_VEHTYPE" speed="13.56" pos="79.80" lane="1/2to1/3_0" slope="0.00"/>
        <vehicle id="48" x="201.65" y="439.49" angle="180.00" type="DEFAULT_VEHTYPE" speed="12.61" pos="34.74" lane="1/2to1/3_0" slope="0.00"/>
        <vehicle id="5" x="401.65" y="664.81" angle="180.00" type="DEFAULT_VEHTYPE" speed="12.68" pos="60.06" lane="2/3to2/4_0" slope="0.00"/>
        <vehicle id="7" x="237.82" y="401.65" angle="-90.00" type="DEFAULT_VEHTYPE" speed="12.64" pos="157.43" lane="2/2to1/2_0" slope="0.00"/>
        <vehicle id="8" x="398.35" y="791.14" angle="0.00" type="DEFAULT_VEHTYPE" speed="13.90" pos="8.86" lane="2/4to2/3_0" slope="0.00"/>
    </timestep>
    <timestep time="631.00">
        <vehicle id="0" x="327.74" y="401.65" angle="-90.00" type="DEFAULT_VEHTYPE" speed="13.16" pos="67.51" lane="2/2to1/2_0" slope="0.00"/>
        <vehicle id="1" x="588.03" y="198.35" angle="90.00" type="DEFAULT_VEHTYPE" speed="5.47" pos="183.28" lane="2/1to3/1_0" slope="0.00"/>
        <vehicle id="17" x="301.09" y="201.65" angle="-90.00" type="DEFAULT_VEHTYPE" speed="13.71" pos="94.16" lane="2/1to1/1_0" slope="0.00"/>
        <vehicle id="18" x="398.35" y="259.80" angle="0.00" type="DEFAULT_VEHTYPE" speed="13.80" pos="135.45" lane="2/2to2/1_0" slope="0.00"/>
        <vehicle id="21" x="398.35" y="554.87" angle="0.00" type="DEFAULT_VEHTYPE" speed="13.16" pos="40.38" lane="2/3to2/2_0" slope="0.00"/>
        <vehicle id="22" x="563.23" y="198.35" angle="90.00" type="DEFAULT_VEHTYPE" speed="13.48" pos="158.48" lane="2/1to3/1_0" slope="0.00"/>
        <vehicle id="24" x="214.12" y="598.35" angle="90.00" type="DEFAULT_VEHTYPE" speed="13.64" pos="9.37" lane="1/3to2/3_0" slope="0.00"/>
        <vehicle id="26" x="201.65" y="556.14" angle="180.00" type="DEFAULT_VEHTYPE" speed="12.83" pos="151.39" lane="1/2to1/3_0" slope="0.00"/>
        <vehicle id="28" x="212.37" y="401.65" angle="-90.00" type="DEFAULT_VEHTYPE" speed="4.67" pos="182.88" lane="2/2to1/2_0" slope="0.00"/>
        <vehicle id="32" x="190.62" y="398.35" angle="90.00" type="DEFAULT_VEHTYPE" speed="3.08" pos="190.62" lane="0/2to1/2_0" slope="0.00"/>
        <vehicle id="35" x="401.65" y="755.45" angle="180.00" type="DEFAULT_VEHTYPE" speed="13.59" pos="150.70" lane="2/3to2/4_0" slope="0.00"/>
        <vehicle id="37" x="609.46" y="201.65" angle="-90.00" type="DEFAULT_VEHTYPE" speed="2.98" pos="190.54" lane="4/1to3/1_0" slope="0.00"/>
        <vehicle id="38" x="473.22" y="198.35" angle="90.00" type="DEFAULT_VEHTYPE" speed="13.87" pos="68.47" lane="2/1to3/1_0" slope="0.00"/>
        <vehicle id="41" x="218.25" y="201.65" angle="-90.00" type="DEFAULT_VEHTYPE" speed="9.44" pos="177.00" lane="2/1to1/1_0" slope="0.00"/>
        <vehicle id="44" x="201.65" y="498.39" angle="180.00" type="DEFAULT_VEHTYPE" speed="13.84" pos="93.64" lane="1/2to1/3_0" slope="0.00"/>
        <vehicle id="48" x="201.65" y="453.24" angle="180.00" type="DEFAULT_VEHTYPE" speed="13.75" pos="48.49" lane="1/2to1/3_0" slope="0.00"/>
        <vehicle id="5" x="401.65" y="678.50" angle="180.00" type="DEFAULT_VEHTYPE" speed="13.69" pos="73.75" lane="2/3to2/4_0" slope="0.00"/>
        <vehicle id="7" x="228.92" y="401.65" angle="-90.00" type="DEFAULT_VEHTYPE" speed="8.90" pos="166.33" lane="2/2to1/2_0" slope="0.00"/>
        <vehicle id="8" x="398.35" y="777.35" angle="0.00" type="DEFAULT_VEHTYPE" speed="13.80" pos="22.65" lane="2/4to2/3_0" slope="0.00"/>
    </timestep>
    <timestep time="632.00">
        <vehicle id="0" x="315.09" y="401.65" angle="-90.00" type="DEFAULT_VEHTYPE" speed="12.64" pos="80.16" lane="2/2to1/2_0" slope="0.00"/>
        <vehicle id="1" x="590.72" y="198.35" angle="90.00" type="DEFAULT_VEHTYPE" speed="2.69" pos="185.97" lane="2/1to3/1_0" slope="0.00"/>
        <vehicle id="17" x="288.39" y="201.65" angle="-90.00" type="DEFAULT_VEHTYPE" speed="12.70" pos="106.86" lane="2/1to1/1_0" slope="0.00"/>
        <vehicle id="18" x="398.35" y="246.60" angle="0.00" type="DEFAULT_VEHTYPE" speed="13.20" pos="148.65" lane="2/2to2/1_0" slope="0.00"/>
        <vehicle id="21" x="398.35" y="541.50" angle="0.00" type="DEFAULT_VEHTYPE" speed="13.38" pos="53.75" lane="2/3to2/2_0" slope="0.00"/>
        <vehicle id="22" x="572.65" y="198.35" angle="90.00" type="DEFAULT_VEHTYPE" speed="9.42" pos="167.90" lane="2/1to3/1_0" slope="0.00"/>
        <vehicle id="24" x="227.32" y="598.35" angle="90.00" type="DEFAULT_VEHTYPE" speed="13.20" pos="22.57" lane="1/3to2/3_0" slope="0.00"/>
        <vehicle id="26" x="201.65" y="569.82" angle="180.00" type="DEFAULT_VEHTYPE" speed="13.68" pos="165.07" lane="1/2to1/3_0" slope="0.00"/>
        <vehicle id="28" x="209.75" y="401.65" angle="-90.00" type="DEFAULT_VEHTYPE" speed="2.62" pos="185.50" lane="2/2to1/2_0" slope="0.00"/>
        <vehicle id="32" x="191.76" y="398.35" angle="90.00" type="DEFAULT_VEHTYPE" speed="1.14" pos="191.76" lane="0/2to1/2_0" slope="0.00"/>
        <vehicle id="35" x="401.65" y="768.08" angle="180.00" type="DEFAULT_VEHTYPE" speed="12.64" pos="163.33" lane="2/3to2/4_0" slope="0.00"/>
        <vehicle id="37" x="604.19" y="201.73" angle="-90.90" type="DEFAULT_VEHTYPE" speed="5.27" pos="0.57" lane=":3/1_4_0" slope="0.00"/>
        <vehicle id="38" x="486.58" y="198.35" angle="90.00" type="DEFAULT_VEHTYPE" speed="13.36" pos="81.83" lane="2/1to3/1_0" slope="0.00"/>
        <vehicle id="41" x="212.38" y="201.65" angle="-90.00" type="DEFAULT_VEHTYPE" speed="5.87" pos="182.87" lane="2/1to1/1_0" slope="0.00"/>
        <vehicle id="44" x="201.65" y="511.42" angle="180.00" type="DEFAULT_VEHTYPE" speed="13.03" pos="106.67" lane="1/2to1/3_0" slope="0.00"/>
        <vehicle id="48" x="201.65" y="467.09" angle="180.00" type="DEFAULT_VEHTYPE" speed="13.86" pos="62.34" lane="1/2to1/3_0" slope="0.00"/>
        <vehicle id="5" x="401.65" y="691.26" angle="180.00" type="DEFAULT_VEHTYPE" speed="12.76" pos="86.51" lane="2/3to2/4_0" slope="0.00"/>
        <vehicle id="7" x="222.80" y="401.65" angle="-90.00" type="DEFAULT_VEHTYPE" speed="6.12" pos="172.45" lane="2/2to1/2_0" slope="0.00"/>
        <vehicle id="8" x="398.35" y="763.58" angle="0.00" type="DEFAULT_VEHTYPE" speed="13.77" pos="36.42" lane="2/4to2/3_0" slope="0.00"/>
    </timestep>
    <timestep time="633.00">
        <vehicle id="0" x="302.43" y="401.65" angle="-90.00" type="DEFAULT_VEHTYPE" speed="12.67" pos="92.82" lane="2/2to1/2_0" slope="0.00"/>
        <vehicle id="1" x="593.54" y="198.35" angle="90.00" type="DEFAULT_VEHTYPE" speed="2.82" pos="188.79" lane="2/1to3/1_0" slope="0.00"/>
        <vehicle id="17" x="275.74" y="201.65" angle="-90.00" type="DEFAULT_VEHTYPE" speed="12.66" pos="119.51" lane="2/1to1/1_0" slope="0.00"/>
        <vehicle id="18" x="398.35" y="233.28" angle="0.00" type="DEFAULT_VEHTYPE" speed="13.32" pos="161.97" lane="2/2to2/1_0" slope="0.00"/>
        <vehicle id="21" x="398.35" y="528.84" angle="0.00" type="DEFAULT_VEHTYPE" speed="12.66" pos="66.41" lane="2/3to2/2_0" slope="0.00"/>
        <vehicle id="22" x="578.50" y="198.35" angle="90.00" type="DEFAULT_VEHTYPE" speed="5.85" pos="173.75" lane="2/1to3/1_0" slope="0.00"/>
        <vehicle id="24" x="239.93" y="598.35" angle="90.00" type="DEFAULT_VEHTYPE" speed="12.60" pos="35.18" lane="1/3to2/3_0" slope="0.00"/>
        <vehicle id="26" x="201.65" y="583.03" angle="180.00" type="DEFAULT_VEHTYPE" speed="13.21" pos="178.28" lane="1/2to1/3_0" slope="0.00"/>
        <vehicle id="28" x="205.71" y="401.65" angle="-90.00" type="DEFAULT_VEHTYPE" speed="4.04" pos="189.54" lane="2/2to1/2_0" slope="0.00"/>
        <vehicle id="32" x="192.33" y="398.35" angle="90.00" type="DEFAULT_VEHTYPE" speed="0.57" pos="192.33" lane="0/2to1/2_0" slope="0.00"/>
        <vehicle id="35" x="401.65" y="780.94" angle="180.00" type="DEFAULT_VEHTYPE" speed="12.86" pos="176.19" lane="2/3to2/4_0" slope="0.00"/>
        <vehicle id="37" x="601.65" y="207.40" angle="-171.83" type="DEFAULT_VEHTYPE" speed="7.09" pos="2.65" lane="3/1to3/2_0" slope="0.00"/>
        <vehicle id="38" x="499.60" y="198.35" angle="90.00" type="DEFAULT_VEHTYPE" speed="13.02" pos="94.85" lane="2/1to3/1_0" slope="0.00"/>
        <vehicle id="41" x="209.06" y="201.65" angle="-90.00" type="DEFAULT_VEHTYPE" speed="3.32" pos="186.19" lane="2/1to1/1_0" slope="0.00"/>
        <vehicle id="44" x="201.65" y="524.30" angle="180.00" type="DEFAULT_VEHTYPE" speed="12.88" pos="119.55" lane="1/2to1/3_0" slope="0.00"/>
        <vehicle id="48" x="201.65" y="480.04" angle="180.00" type="DEFAULT_VEHTYPE" speed="12.95" pos="75.29" lane="1/2to1/3_0" slope="0.00"/>
        <vehicle id="5" x="401.65" y="704.33" angle="180.00" type="DEFAULT_VEHTYPE" speed="13.07" pos="99.58" lane="2/3to2/4_0" slope="0.00"/>
        <vehicle id="7" x="219.31" y="401.65" angle="-90.00" type="DEFAULT_VEHTYPE" speed="3.49" pos="175.94" lane="2/2to1/2_0" slope="0.00"/>
        <vehicle id="8" x="398.35" y="750.72" angle="0.00" type="DEFAULT_VEHTYPE" speed="12.86" pos="49.28" lane="2/4to2/3_0" slope="0.00"/>
    </timestep>
    <timestep time="634.00">
        <vehicle id="0" x="289.67" y="401.65" angle="-90.00" type="DEFAULT_VEHTYPE" speed="12.76" pos="105.58" lane="2/2to1/2_0" slope="0.00"/>
        <vehicle id="1" x="598.23" y="198.86" angle="95.89" type="DEFAULT_VEHTYPE" speed="4.75" pos="3.04" lane=":3/1_14_0" slope="0.00"/>
        <vehicle id="17" x="262.87" y="201.65" angle="-90.00" type="DEFAULT_VEHTYPE" speed="12.86" pos="132.38" lane="2/1to1/1_0" slope="0.00"/>
        <vehicle id="18" x="398.35" y="220.19" angle="0.00" type="DEFAULT_VEHTYPE" speed="13.09" pos="175.06" lane="2/2to2/1_0" slope="0.00"/>
        <vehicle id="21" x="398.35" y="514.95" angle="0.00" type="DEFAULT_VEHTYPE" speed="13.89" pos="80.30" lane="2/3to2/2_0" slope="0.00"/>
        <vehicle id="22" x="582.24" y="198.35" angle="90.00" type="DEFAULT_VEHTYPE" speed="3.74" pos="177.49" lane="2/1to3/1_0" slope="0.00"/>
        <vehicle id="24" x="253.76" y="598.35" angle="90.00" type="DEFAULT_VEHTYPE" speed="13.83" pos="49.01" lane="1/3to2/3_0" slope="0.00"/>
        <vehicle id="26" x="201.82" y="596.44" angle="178.09" type="DEFAULT_VEHTYPE" speed="13.43" pos="1.20" lane=":1/3_8_0" slope="0.00"/>
        <vehicle id="28" x="199.89" y="401.65" angle="-90.00" type="DEFAULT_VEHTYPE" speed="5.82" pos="4.86" lane=":1/2_5_0" slope="0.00"/>
        <vehicle id="32" x="192.61" y="398.35" angle="90.00" type="DEFAULT_VEHTYPE" speed="0.29" pos="192.61" lane="0/2to1/2_0" slope="0.00"/>
        <vehicle id="35" x="401.65" y="794.48" angle="180.00" type="DEFAULT_VEHTYPE" speed="13.55" pos="189.73" lane="2/3to2/4_0" slope="0.00"/>
        <vehicle id="37" x="601.65" y="215.82" angle="180.00" type="DEFAULT_VEHTYPE" speed="8.41" pos="11.07" lane="3/1to3/2_0" slope="0.00"/>
        <vehicle id="38" x="512.43" y="198.35" angle="90.00" type="DEFAULT_VEHTYPE" speed="12.83" pos="107.68" lane="2/1to3/1_0" slope="0.00"/>
        <vehicle id="41" x="203.72" y="201.79" angle="-91.64" type="DEFAULT_VEHTYPE" speed="5.34" pos="1.03" lane=":1/1_4_0" slope="0.00"/>
        <vehicle id="44" x="201.65" y="537.60" angle="180.00" type="DEFAULT_VEHTYPE" speed="13.30" pos="132.85" lane="1/2to1/3_0" slope="0.00"/>
        <vehicle id="48" x="201.65" y="493.53" angle="180.00" type="DEFAULT_VEHTYPE" speed="13.49" pos="88.78" lane="1/2to1/3_0" slope="0.00"/>
        <vehicle id="5" x="401.65" y="716.95" angle="180.00" type="DEFAULT_VEHTYPE" speed="12.62" pos="112.20" lane="2/3to2/4_0" slope="0.00"/>
        <vehicle id="7" x="215.71" y="401.65" angle="-90.00" type="DEFAULT_VEHTYPE" speed="3.59" pos="179.54" lane="2/2to1/2_0" slope="0.00"/>
        <vehicle id="8" x="398.35" y="737.74" angle="0.00" type="DEFAULT_VEHTYPE" speed="12.98" pos="62.26" lane="2/4to2/3_0" slope="0.00"/>
    </timestep>
    <timestep time="635.00">
        <vehicle id="0" x="276.87" y="401.65" angle="-90.00" type="DEFAULT_VEHTYPE" speed="12.80" pos="118.38" lane="2/2to1/2_0" slope="0.00"/>
        <vehicle id="1" x="601.57" y="204.16" angle="156.94" type="DEFAULT_VEHTYPE" speed="6.69" pos="9.73" lane=":3/1_14_0" slope="0.00"/>
        <vehicle id="17" x="249.96" y="201.65" angle="-90.00" type="DEFAULT_VEHTYPE" speed="12.91" pos="145.29" lane="2/1to1/1_0" slope="0.00"/>
        <vehicle id="18" x="398.35" y="207.08" angle="0.00" type="DEFAULT_VEHTYPE" speed="13.11" pos="188.17" lane="2/2to2/1_0" slope="0.00"/>
        <vehicle id="21" x="398.35" y="501.57" angle="0.00" type="DEFAULT_VEHTYPE" speed="13.38" pos="93.68" lane="2/3to2/2_0" slope="0.00"/>
        <vehicle id="22" x="588.37" y="198.35" angle="90.00" type="DEFAULT_VEHTYPE" speed="6.13" pos="183.62" lane="2/1to3/1_0" slope="0.00"/>
        <vehicle id="24" x="266.74" y="598.35" angle="90.00" type="DEFAULT_VEHTYPE" speed="12.98" pos="61.99" lane="1/3to2/3_0" slope="0.00"/>
        <vehicle id="26" x="214.17" y="598.35" angle="90.00" type="DEFAULT_VEHTYPE" speed="13.22" pos="9.42" lane="1/3to2/3_0" slope="0.00"/>
        <vehicle id="28" x="192.30" y="401.65" angle="-90.00" type="DEFAULT_VEHTYPE" speed="7.59" pos="2.95" lane="1/2to0/2_0" slope="0.00"/>
        <vehicle id="32" x="192.68" y="398.35" angle="90.00" type="DEFAULT_VEHTYPE" speed="0.07" pos="192.68" lane="0/2to1/2_0" slope="0.00"/>
        <vehicle id="35" x="398.35" y="796.89" angle="-14.69" type="DEFAULT_VEHTYPE" speed="13.45" pos="3.11" lane="2/4to2/3_0" slope="0.00"/>
        <vehicle id="37" x="601.65" y="226.22" angle="180.00" type="DEFAULT_VEHTYPE" speed="10.40" pos="21.47" lane="3/1to3/2_0" slope="0.00"/>
        <vehicle id="38" x="525.06" y="198.35" angle="90.00" type="DEFAULT_VEHTYPE" speed="12.63" pos="120.31" lane="2/1to3/1_0" slope="0.00"/>
        <vehicle id="41" x="201.65" y="208.34" angle="-177.57" type="DEFAULT_VEHTYPE" speed="7.55" pos="3.59" lane="1/1to1/2_0" slope="0.00"/>
        <vehicle id="44" x="201.65" y="550.62" angle="180.00" type="DEFAULT_VEHTYPE" speed="13.02" pos="145.87" lane="1/2to1/3_0" slope="0.00"/>
        <vehicle id="48" x="201.65" y="506.29" angle="180.00" type="DEFAULT_VEHTYPE" speed="12.76" pos="101.54" lane="1/2to1/3_0" slope="0.00"/>
        <vehicle id="5" x="401.65" y="730.29" angle="180.00" type="DEFAULT_VEHTYPE" speed="13.34" pos="125.54" lane="2/3to2/4_0" slope="0.00"/>
        <vehicle id="7" x="211.01" y="401.65" angle="-90.00" type="DEFAULT_VEHTYPE" speed="4.71" pos="184.24" lane="2/2to1/2_0" slope="0.00"/>
        <vehicle id="8" x="398.35" y="724.20" angle="0.00" type="DEFAULT_VEHTYPE" speed="13.54" pos="75.80" lane="2/4to2/3_0" slope="0.00"/>
    </timestep>
    <timestep time="636.00">
        <vehicle id="0" x="263.89" y="401.65" angle="-90.00" type="DEFAULT_VEHTYPE" speed="12.97" pos="131.36" lane="2/2to1/2_0" slope="0.00"/>
        <vehicle id="1" x="601.65" y="213.02" angle="180.00" type="DEFAULT_VEHTYPE" speed="8.86" pos="8.27" lane="3/1to3/2_0" slope="0.00"/>
        <vehicle id="17" x="236.84" y="201.65" angle="-90.00" type="DEFAULT_VEHTYPE" speed="13.11" pos="158.41" lane="2/1to1/1_0" slope="0.00"/>
        <vehicle id="18" x="388.75" y="201.65" angle="-90.00" type="DEFAULT_VEHTYPE" speed="13.83" pos="6.50" lane="2/1to1/1_0" slope="0.00"/>
        <vehicle id="21" x="398.35" y="488.81" angle="0.00" type="DEFAULT_VEHTYPE" speed="12.76" pos="106.44" lane="2/3to2/2_0" slope="0.00"/>
        <vehicle id="22" x="596.52" y="198.35" angle="90.00" type="DEFAULT_VEHTYPE" speed="8.15" pos="1.27" lane=":3/1_13_0" slope="0.00"/>
        <vehicle id="24" x="280.48" y="598.35" angle="90.00" type="DEFAULT_VEHTYPE" speed="13.74" pos="75.73" lane="1/3to2/3_0" slope="0.00"/>
        <vehicle id="26" x="227.88" y="598.35" angle="90.00" type="DEFAULT_VEHTYPE" speed="13.71" pos="23.13" lane="1/3to2/3_0" slope="0.00"/>
        <vehicle id="28" x="182.93" y="401.65" angle="-90.00" type="DEFAULT_VEHTYPE" speed="9.37" pos="12.32" lane="1/2to0/2_0" slope="0.00"/>
        <vehicle id="32" x="192.73" y="398.35" angle="90.00" type="DEFAULT_VEHTYPE" speed="0.05" pos="192.73" lane="0/2to1/2_0" slope="0.00"/>
        <vehicle id="35" x="398.35" y="783.66" angle="0.00" type="DEFAULT_VEHTYPE" speed="13.23" pos="16.34" lane="2/4to2/3_0" slope="0.00"/>
        <vehicle id="37" x="601.65" y="238.83" angle="180.00" type="DEFAULT_VEHTYPE" speed="12.61" pos="34.08" lane="3/1to3/2_0" slope="0.00"/>
        <vehicle id="38" x="537.83" y="198.35" angle="90.00" type="DEFAULT_VEHTYPE" speed="12.78" pos="133.08" lane="2/1to3/1_0" slope="0.00"/>
        <vehicle id="41" x="201.65" y="218.04" angle="180.00" type="DEFAULT_VEHTYPE" speed="9.70" pos="13.29" lane="1/1to1/2_0" slope="0.00"/>
        <vehicle id="44" x="201.65" y="563.66" angle="180.00" type="DEFAULT_VEHTYPE" speed="13.05" pos="158.91" lane="1/2to1/3_0" slope="0.00"/>
        <vehicle id="48" x="201.65" y="519.70" angle="180.00" type="DEFAULT_VEHTYPE" speed="13.42" pos="114.95" lane="1/2to1/3_0" slope="0.00"/>
        <vehicle id="5" x="401.65" y="744.05" angle="180.00" type="DEFAULT_VEHTYPE" speed="13.76" pos="139.30" lane="2/3to2/4_0" slope="0.00"/>
        <vehicle id="7" x="204.26" y="401.65" angle="-90.00" type="DEFAULT_VEHTYPE" speed="6.75" pos="0.49" lane=":1/2_5_0" slope="0.00"/>
        <vehicle id="8" x="398.35" y="710.52" angle="0.00" type="DEFAULT_VEHTYPE" speed="13.68" pos="89.48" lane="2/4to2/3_0" slope="0.00"/>
    </timestep>
    <timestep time="637.00">
        <vehicle id="0" x="250.93" y="401.65" angle="-90.00" type="DEFAULT_VEHTYPE" speed="12.96" pos="144.32" lane="2/2to1/2_0" slope="0.00"/>
        <vehicle id="1" x="601.65" y="223.76" angle="180.00" type="DEFAULT_VEHTYPE" speed="10.74" pos="19.01" lane="3/1to3/2_0" slope="0.00"/>
        <vehicle id="17" x="225.39" y="201.65" angle="-90.00" type="DEFAULT_VEHTYPE" speed="11.46" pos="169.86" lane="2/1to1/1_0" slope="0.00"/>
        <vehicle id="18" x="375.70" y="201.65" angle="-90.00" type="DEFAULT_VEHTYPE" speed="13.05" pos="19.55" lane="2/1to1/1_0" slope="0.00"/>
        <vehicle id="21" x="398.35" y="475.22" angle="0.00" type="DEFAULT_VEHTYPE" speed="13.58" pos="120.03" lane="2/3to2/2_0" slope="0.00"/>
        <vehicle id="22" x="606.63" y="198.35" angle="90.00" type="DEFAULT_VEHTYPE" speed="10.12" pos="1.88" lane="3/1to4/1_0" slope="0.00"/>
        <vehicle id="24" x="294.16" y="598.35" angle="90.00" type="DEFAULT_VEHTYPE" speed="13.68" pos="89.41" lane="1/3to2/3_0" slope="0.00"/>
        <vehicle id="26" x="241.25" y="598.35" angle="90.00" type="DEFAULT_VEHTYPE" speed="13.37" pos="36.50" lane="1/3to2/3_0" slope="0.00"/>
        <vehicle id="28" x="171.96" y="401.65" angle="-90.00" type="DEFAULT_VEHTYPE" speed="10.97" pos="23.29" lane="1/2to0/2_0" slope="0.00"/>
        <vehicle id="32" x="192.74" y="398.35" angle="90.00" type="DEFAULT_VEHTYPE" speed="0.01" pos="192.74" lane="0/2to1/2_0" slope="0.00"/>
        <vehicle id="35" x="398.35" y="770.56" angle="0.00" type="DEFAULT_VEHTYPE" speed="13.10" pos="29.44" lane="2/4to2/3_0" slope="0.00"/>
        <vehicle id="37" x="601.65" y="252.57" angle="180.00" type="DEFAULT_VEHTYPE" speed="13.74" pos="47.82" lane="3/1to3/2_0" slope="0.00"/>
        <vehicle id="38" x="550.56" y="198.35" angle="90.00" type="DEFAULT_VEHTYPE" speed="12.72" pos="145.81" lane="2/1to3/1_0" slope="0.00"/>
        <vehicle id="41" x="201.65" y="229.48" angle="180.00" type="DEFAULT_VEHTYPE" speed="11.44" pos="24.73" lane="1/1to1/2_0" slope="0.00"/>
        <vehicle id="44" x="201.65" y="576.93" angle="180.00" type="DEFAULT_VEHTYPE" speed="13.27" pos="172.18" lane="1/2to1/3_0" slope="0.00"/>
        <vehicle id="48" x="201.65" y="533.01" angle="180.00" type="DEFAULT_VEHTYPE" speed="13.31" pos="128.26" lane="1/2to1/3_0" slope="0.00"/>
        <vehicle id="5" x="401.65" y="756.81" angle="180.00" type="DEFAULT_VEHTYPE" speed="12.75" pos="152.06" lane="2/3to2/4_0" slope="0.00"/>
        <vehicle id="7" x="196.07" y="401.65" angle="-90.00" type="DEFAULT_VEHTYPE" speed="8.20" pos="8.68" lane=":1/2_5_0" slope="0.00"/>
        <vehicle id="8" x="398.35" y="696.82" angle="0.00" type="DEFAULT_VEHTYPE" speed="13.70" pos="103.18" lane="2/4to2/3_0" slope="0.00"/>
    </timestep>
    <timestep time="638.00">
        <vehicle id="0" x="237.21" y="401.65" angle="-90.00" type="DEFAULT_VEHTYPE" speed="13.73" pos="158.04" lane="2/2to1/2_0" slope="0.00"/>
        <vehicle id="1" x="601.65" y="236.91" angle="180.00" type="DEFAULT_VEHTYPE" speed="13.15" pos="32.16" lane="3/1to3/2_0" slope="0.00"/>
        <vehicle id="17" x="217.04" y="201.65" angle="-90.00" type="DEFAULT_VEHTYPE" speed="8.34" pos="178.21" lane="2/1to1/1_0" slope="0.00"/>
        <vehicle id="18" x="362.51" y="201.65" angle="-90.00" type="DEFAULT_VEHTYPE" speed="13.20" pos="32.74" lane="2/1to1/1_0" slope="0.00"/>
        <vehicle id="21" x="398.35" y="461.87" angle="0.00" type="DEFAULT_VEHTYPE" speed="13.36" pos="133.38" lane="2/3to2/2_0" slope="0.00"/>
        <vehicle id="22" x="618.82" y="198.35" angle="90.00" type="DEFAULT_VEHTYPE" speed="12.19" pos="14.07" lane="3/1to4/1_0" slope="0.00"/>
        <vehicle id="24" x="307.93" y="598.35" angle="90.00" type="DEFAULT_VEHTYPE" speed="13.78" pos="103.18" lane="1/3to2/3_0" slope="0.00"/>
        <vehicle id="26" x="254.64" y="598.35" angle="90.00" type="DEFAULT_VEHTYPE" speed="13.39" pos="49.89" lane="1/3to2/3_0" slope="0.00"/>
        <vehicle id="28" x="159.28" y="401.65" angle="-90.00" type="DEFAULT_VEHTYPE" speed="12.68" pos="35.97" lane="1/2to0/2_0" slope="0.00"/>
        <vehicle id="32" x="192.74" y="398.35" angle="90.00" type="DEFAULT_VEHTYPE" speed="0.00" pos="192.74" lane="0/2to1/2_0" slope="0.00"/>
        <vehicle id="35" x="398.35" y="757.00" angle="0.00" type="DEFAULT_VEHTYPE" speed="13.56" pos="43.00" lane="2/4to2/3_0" slope="0.00"/>
        <vehicle id="37" x="601.65" y="265.41" angle="180.00" type="DEFAULT_VEHTYPE" speed="12.85" pos="60.66" lane="3/1to3/2_0" slope="0.00"/>
        <vehicle id="38" x="564.27" y="198.35" angle="90.00" type="DEFAULT_VEHTYPE" speed="13.72" pos="159.52" lane="2/1to3/1_0" slope="0.00"/>
        <vehicle id="41" x="201.65" y="243.00" angle="180.00" type="DEFAULT_VEHTYPE" speed="13.52" pos="38.25" lane="1/1to1/2_0" slope="0.00"/>
        <vehicle id="44" x="201.65" y="590.54" angle="180.00" type="DEFAULT_VEHTYPE" speed="13.61" pos="185.79" lane="1/2to1/3_0" slope="0.00"/>
        <vehicle id="48" x="201.65" y="546.04" angle="180.00" type="DEFAULT_VEHTYPE" speed="13.03" pos="141.29" lane="1/2to1/3_0" slope="0.00"/>
        <vehicle id="5" x="401.65" y="770.02" angle="180.00" type="DEFAULT_VEHTYPE" speed="13.22" pos="165.27" lane="2/3to2/4_0" slope="0.00"/>
        <vehicle id="7" x="185.79" y="401.65" angle="-90.00" type="DEFAULT_VEHTYPE" speed="10.27" pos="9.46" lane="1/2to0/2_0" slope="0.00"/>
        <vehicle id="8" x="398.35" y="684.02" angle="0.00" type="DEFAULT_VEHTYPE" speed="12.80" pos="115.98" lane="2/4to2/3_0" slope="0.00"/>
    </timestep>
    <timestep time="639.00">
        <vehicle id="0" x="225.81" y="401.65" angle="-90.00" type="DEFAULT_VEHTYPE" speed="11.40" pos="169.44" lane="2/2to1/2_0" slope="0.00"/>
        <vehicle id="1" x="601.65" y="250.50" angle="180.00" type="DEFAULT_VEHTYPE" speed="13.59" pos="45.75" lane="3/1to3/2_0" slope="0.00"/>
        <vehicle id="17" x="211.35" y="201.65" angle="-90.00" type="DEFAULT_VEHTYPE" speed="5.69" pos="183.90" lane="2/1to1/1_0" slope="0.00"/>
        <vehicle id="18" x="349.09" y="201.65" angle="-90.00" type="DEFAULT_VEHTYPE" speed="13.41" pos="46.16" lane="2/1to1/1_0" slope="0.00"/>
        <vehicle id="21" x="398.35" y="448.19" angle="0.00" type="DEFAULT_VEHTYPE" speed="13.68" pos="147.06" lane="2/3to2/2_0" slope="0.00"/>
        <vehicle id="22" x="631.65" y="198.35" angle="90.00" type="DEFAULT_VEHTYPE" speed="12.83" pos="26.90" lane="3/1to4/1_0" slope="0.00"/>
        <vehicle id="24" x="320.77" y="598.35" angle="90.00" type="DEFAULT_VEHTYPE" speed="12.84" pos="116.02" lane="1/3to2/3_0" slope="0.00"/>
        <vehicle id="26" x="267.78" y="598.35" angle="90.00" type="DEFAULT_VEHTYPE" speed="13.13" pos="63.03" lane="1/3to2/3_0" slope="0.00"/>
        <vehicle id="28" x="145.50" y="401.65" angle="-90.00" type="DEFAULT_VEHTYPE" speed="13.77" pos="49.75" lane="1/2to0/2_0" slope="0.00"/>
        <vehicle id="32" x="192.74" y="398.35" angle="90.00" type="DEFAULT_VEHTYPE" speed="0.00" pos="192.74" lane="0/2to1/2_0" slope="0.00"/>
        <vehicle id="35" x="398.35" y="743.27" angle="0.00" type="DEFAULT_VEHTYPE" speed="13.73" pos="56.73" lane="2/4to2/3_0" slope="0.00"/>
        <vehicle id="37" x="601.65" y="278.07" angle="180.00" type="DEFAULT_VEHTYPE" speed="12.66" pos="73.32" lane="3/1to3/2_0" slope="0.00"/>
        <vehicle id="38" x="576.08" y="198.35" angle="90.00" type="DEFAULT_VEHTYPE" speed="11.81" pos="171.33" lane="2/1to3/1_0" slope="0.00"/>
        <vehicle id="41" x="201.65" y="255.73" angle="180.00" type="DEFAULT_VEHTYPE" speed="12.73" pos="50.98" lane="1/1to1/2_0" slope="0.00"/>
        <vehicle id="44" x="207.83" y="598.35" angle="95.51" type="DEFAULT_VEHTYPE" speed="12.79" pos="3.08" lane="1/3to2/3_0" slope="0.00"/>
        <vehicle id="48" x="201.65" y="559.88" angle="180.00" type="DEFAULT_VEHTYPE" speed="13.84" pos="155.13" lane="1/2to1/3_0" slope="0.00"/>
        <vehicle id="5" x="401.65" y="783.51" angle="180.00" type="DEFAULT_VEHTYPE" speed="13.49" pos="178.76" lane="2/3to2/4_0" slope="0.00"/>
        <vehicle id="7" x="173.68" y="401.65" angle="-90.00" type="DEFAULT_VEHTYPE" speed="12.11" pos="21.57" lane="1/2to0/2_0" slope="0.00"/>
        <vehicle id="8" x="398.35" y="670.80" angle="0.00" type="DEFAULT_VEHTYPE" speed="13.21" pos="129.20" lane="2/4to2/3_0" slope="0.00"/>
    </timestep>
    <timestep time="640.00">
        <vehicle id="0" x="217.43" y="401.65" angle="-90.00" type="DEFAULT_VEHTYPE" speed="8.38" pos="177.82" lane="2/2to1/2_0" slope="0.00"/>
        <vehicle id="1" x="601.65" y="263.14" angle="180.00" type="DEFAULT_VEHTYPE" speed="12.63" pos="58.39" lane="3/1to3/2_0" slope="0.00"/>
        <vehicle id="17" x="204.29" y="201.71" angle="-90.74" type="DEFAULT_VEHTYPE" speed="7.07" pos="0.47" lane=":1/1_4_0" slope="0.00"/>
        <vehicle id="18" x="336.19" y="201.65" angle="-90.00" type="DEFAULT_VEHTYPE" speed="12.91" pos="59.06" lane="2/1to1/1_0" slope="0.00"/>
        <vehicle id="21" x="398.35" y="434.49" angle="0.00" type="DEFAULT_VEHTYPE" speed="13.71" pos="160.76" lane="2/3to2/2_0" slope="0.00"/>
        <vehicle id="22" x="645.22" y="198.35" angle="90.00" type="DEFAULT_VEHTYPE" speed="13.57" pos="40.47" lane="3/1to4/1_0" slope="0.00"/>
        <vehicle id="24" x="333.88" y="598.35" angle="90.00" type="DEFAULT_VEHTYPE" speed="13.10" pos="129.13" lane="1/3to2/3_0" slope="0.00"/>
        <vehicle id="26" x="280.96" y="598.35" angle="90.00" type="DEFAULT_VEHTYPE" speed="13.18" pos="76.21" lane="1/3to2/3_0" slope="0.00"/>
        <vehicle id="28" x="131.64" y="401.65" angle="-90.00" type="DEFAULT_VEHTYPE" speed="13.86" pos="63.61" lane="1/2to0/2_0" slope="0.00"/>
        <vehicle id="32" x="192.74" y="398.35" angle="90.00" type="DEFAULT_VEHTYPE" speed="0.00" pos="192.74" lane="0/2to1/2_0" slope="0.00"/>
        <vehicle id="35" x="398.35" y="729.49" angle="0.00" type="DEFAULT_VEHTYPE" speed="13.78" pos="70.51" lane="2/4to2/3_0" slope="0.00"/>
        <vehicle id="37" x="601.65" y="291.69" angle="180.00" type="DEFAULT_VEHTYPE" speed="13.62" pos="86.94" lane="3/1to3/2_0" slope="0.00"/>
        <vehicle id="38" x="583.57" y="198.35" angle="90.00" type="DEFAULT_VEHTYPE" speed="7.48" pos="178.82" lane="2/1to3/1_0" slope="0.00"/>
        <vehicle id="41" x="201.65" y="269.47" angle="180.00" type="DEFAULT_VEHTYPE" speed="13.73" pos="64.72" lane="1/1to1/2_0" slope="0.00"/>
        <vehicle id="44" x="220.49" y="598.35" angle="90.00" type="DEFAULT_VEHTYPE" speed="12.66" pos="15.74" lane="1/3to2/3_0" slope="0.00"/>
        <vehicle id="48" x="201.65" y="573.57" angle="180.00" type="DEFAULT_VEHTYPE" speed="13.69" pos="168.82" lane="1/2to1/3_0" slope="0.00"/>
        <vehicle id="5" x="401.65" y="797.36" angle="180.00" type="DEFAULT_VEHTYPE" speed="13.85" pos="192.61" lane="2/3to2/4_0" slope="0.00"/>
        <vehicle id="7" x="159.80" y="401.65" angle="-90.00" type="DEFAULT_VEHTYPE" speed="13.88" pos="35.45" lane="1/2to0/2_0" slope="0.00"/>
        <vehicle id="8" x="398.35" y="657.95" angle="0.00" type="DEFAULT_VEHTYPE" speed="12.85" pos="142.05" lane="2/4to2/3_0" slope="0.00"/>
    </timestep>
    <timestep time="641.00">
        <vehicle id="0" x="211.66" y="401.65" angle="-90.00" type="DEFAULT_VEHTYPE" speed="5.77" pos="183.59" lane="2/2to1/2_0" slope="0.00"/>
        <vehicle id="1" x="601.65" y="276.26" angle="180.00" type="DEFAULT_VEHTYPE" speed="13.13" pos="71.51" lane="3/1to3/2_0" slope="0.00"/>
        <vehicle id="17" x="201.65" y="209.07" angle="-178.91" type="DEFAULT_VEHTYPE" speed="8.85" pos="4.32" lane="1/1to1/2_0" slope="0.00"/>
        <vehicle id="18" x="322.52" y="201.65" angle="-90.00" type="DEFAULT_VEHTYPE" speed="13.67" pos="72.73" lane="2/1to1/1_0" slope="0.00"/>
        <vehicle id="21" x="398.35" y="421.78" angle="0.00" type="DEFAULT_VEHTYPE" speed="12.70" pos="173.47" lane="2/3to2/2_0" slope="0.00"/>
        <vehicle id="22" x="659.11" y="198.35" angle="90.00" type="DEFAULT_VEHTYPE" speed="13.90" pos="54.36" lane="3/1to4/1_0" slope="0.00"/>
        <vehicle id="24" x="347.46" y="598.35" angle="90.00" type="DEFAULT_VEHTYPE" speed="13.59" pos="142.71" lane="1/3to2/3_0" slope="0.00"/>
        <vehicle id="26" x="294.85" y="598.35" angle="90.00" type="DEFAULT_VEHTYPE" speed="13.89" pos="90.10" lane="1/3to2/3_0" slope="0.00"/>
        <vehicle id="28" x="118.55" y="401.65" angle="-90.00" type="DEFAULT_VEHTYPE" speed="13.09" pos="76.70" lane="1/2to0/2_0" slope="0.00"/>
        <vehicle id="32" x="192.74" y="398.35" angle="90.00" type="DEFAULT_VEHTYPE" speed="0.00" pos="192.74" lane="0/2to1/2_0" slope="0.00"/>
        <vehicle id="35" x="398.35" y="715.93" angle="0.00" type="DEFAULT_VEHTYPE" speed="13.56" pos="84.07" lane="2/4to2/3_0" slope="0.00"/>
        <vehicle id="37" x="601.65" y="304.51" angle="180.00" type="DEFAULT_VEHTYPE" speed="12.82" pos="99.76" lane="3/1to3/2_0" slope="0.00"/>
        <vehicle id="38" x="588.34" y="198.35" angle="90.00" type="DEFAULT_VEHTYPE" speed="4.78" pos="183.59" lane="2/1to3/1_0" slope="0.00"/>
        <vehicle id="41" x="201.65" y="283.12" angle="180.00" type="DEFAULT_VEHTYPE" speed="13.66" pos="78.37" lane="1/1to1/2_0" slope="0.00"/>
        <vehicle id="44" x="233.69" y="598.35" angle="90.00" type="DEFAULT_VEHTYPE" speed="13.20" pos="28.94" lane="1/3to2/3_0" slope="0.00"/>
        <vehicle id="48" x="201.65" y="586.34" angle="180.00" type="DEFAULT_VEHTYPE" speed="12.77" pos="181.59" lane="1/2to1/3_0" slope="0.00"/>
        <vehicle id="5" x="398.35" y="794.20" angle="0.00" type="DEFAULT_VEHTYPE" speed="13.26" pos="5.80" lane="2/4to2/3_0" slope="0.00"/>
        <vehicle id="7" x="146.08" y="401.65" angle="-90.00" type="DEFAULT_VEHTYPE" speed="13.72" pos="49.17" lane="1/2to0/2_0" slope="0.00"/>
        <vehicle id="8" x="398.35" y="645.06" angle="0.00" type="DEFAULT_VEHTYPE" speed="12.89" pos="154.94" lane="2/4to2/3_0" slope="0.00"/>
    </timestep>
    <timestep time="642.00">
        <vehicle id="0" x="204.39" y="401.65" angle="-90.00" type="DEFAULT_VEHTYPE" speed="7.27" pos="0.36" lane=":1/2_5_0" slope="0.00"/>
        <vehicle id="1" x="601.65" y="289.57" angle="180.00" type="DEFAULT_VEHTYPE" speed="13.31" pos="84.82" lane="3/1to3/2_0" slope="0.00"/>
        <vehicle id="17" x="201.65" y="219.26" angle="180.00" type="DEFAULT_VEHTYPE" speed="10.19" pos="14.51" lane="1/1to1/2_0" slope="0.00"/>
        <vehicle id="18" x="308.67" y="201.65" angle="-90.00" type="DEFAULT_VEHTYPE" speed="13.85" pos="86.58" lane="2/1to1/1_0" slope="0.00"/>
        <vehicle id="21" x="398.35" y="408.76" angle="0.00" type="DEFAULT_VEHTYPE" speed="13.02" pos="186.49" lane="2/3to2/2_0" slope="0.00"/>
        <vehicle id="22" x="672.50" y="198.35" angle="90.00" type="DEFAULT_VEHTYPE" speed="13.39" pos="67.75" lane="3/1to4/1_0" slope="0.00"/>
        <vehicle id="24" x="360.64" y="598.35" angle="90.00" type="DEFAULT_VEHTYPE" speed="13.18" pos="155.89" lane="1/3to2/3_0" slope="0.00"/>
        <vehicle id="26" x="308.69" y="598.35" angle="90.00" type="DEFAULT_VEHTYPE" speed="13.84" pos="103.94" lane="1/3to2/3_0" slope="0.00"/>
        <vehicle id="28" x="105.74" y="401.65" angle="-90.00" type="DEFAULT_VEHTYPE" speed="12.82" pos="89.51" lane="1/2to0/2_0" slope="0.00"/>
        <vehicle id="32" x="192.74" y="398.35" angle="90.00" type="DEFAULT_VEHTYPE" speed="0.00" pos="192.74" lane="0/2to1/2_0" slope="0.00"/>
        <vehicle id="35" x="398.35" y="703.33" angle="0.00" type="DEFAULT_VEHTYPE" speed="12.61" pos="96.67" lane="2/4to2/3_0" slope="0.00"/>
        <vehicle id="37" x="601.65" y="318.19" angle="180.00" type="DEFAULT_VEHTYPE" speed="13.68" pos="113.44" lane="3/1to3/2_0" slope="0.00"/>
        <vehicle id="38" x="595.09" y="198.35" angle="90.00" type="DEFAULT_VEHTYPE" speed="6.74" pos="190.34" lane="2/1to3/1_0" slope="0.00"/>
        <vehicle id="41" x="201.65" y="296.23" angle="180.00" type="DEFAULT_VEHTYPE" speed="13.11" pos="91.48" lane="1/1to1/2_0" slope="0.00"/>
        <vehicle id="44" x="246.80" y="598.35" angle="90.00" type="DEFAULT_VEHTYPE" speed="13.11" pos="42.05" lane="1/3to2/3_0" slope="0.00"/>
        <vehicle id="48" x="204.19" y="598.27" angle="144.64" type="DEFAULT_VEHTYPE" speed="13.35" pos="4.44" lane=":1/3_8_0" slope="0.00"/>
        <vehicle id="5" x="398.35" y="780.90" angle="0.00" type="DEFAULT_VEHTYPE" speed="13.29" pos="19.10" lane="2/4to2/3_0" slope="0.00"/>
        <vehicle id="7" x="132.37" y="401.65" angle="-90.00" type="DEFAULT_VEHTYPE" speed="13.71" pos="62.88" lane="1/2to0/2_0" slope="0.00"/>
        <vehicle id="8" x="398.35" y="631.18" angle="0.00" type="DEFAULT_VEHTYPE" speed="13.88" pos="168.82" lane="2/4to2/3_0" slope="0.00"/>
    </timestep>
    <timestep time="643.00">
        <vehicle id="0" x="194.60" y="401.65" angle="-90.00" type="DEFAULT_VEHTYPE" speed="9.79" pos="0.65" lane="1/2to0/2_0" slope="0.00"/>
        <vehicle id="1" x="601.65" y="302.66" angle="180.00" type="DEFAULT_VEHTYPE" speed="13.09" pos="97.91" lane="3/1to3/2_0" slope="0.00"/>
        <vehicle id="17" x="201.65" y="231.45" angle="180.00" type="DEFAULT_VEHTYPE" speed="12.19" pos="26.70" lane="1/1to1/2_0" slope="0.00"/>
        <vehicle id="18" x="294.98" y="201.65" angle="-90.00" type="DEFAULT_VEHTYPE" speed="13.69" pos="100.27" lane="2/1to1/1_0" slope="0.00"/>
        <vehicle id="21" x="398.35" y="395.68" angle="0.00" type="DEFAULT_VEHTYPE" speed="13.09" pos="9.07" lane=":2/2_1_0" slope="0.00"/>
        <vehicle id="22" x="686.16" y="198.35" angle="90.00" type="DEFAULT_VEHTYPE" speed="13.65" pos="81.41" lane="3/1to4/1_0" slope="0.00"/>
        <vehicle id="24" x="372.77" y="598.35" angle="90.00" type="DEFAULT_VEHTYPE" speed="12.13" pos="168.02" lane="1/3to2/3_0" slope="0.00"/>
        <vehicle id="26" x="321.69" y="598.35" angle="90.00" type="DEFAULT_VEHTYPE" speed="13.01" pos="116.94" lane="1/3to2/3_0" slope="0.00"/>
        <vehicle id="28" x="92.43" y="401.65" angle="-90.00" type="DEFAULT_VEHTYPE" speed="13.31" pos="102.82" lane="1/2to0/2_0" slope="0.00"/>
        <vehicle id="32" x="192.74" y="398.35" angle="90.00" type="DEFAULT_VEHTYPE" speed="0.00" pos="192.74" lane="0/2to1/2_0" slope="0.00"/>
        <vehicle id="35" x="398.35" y="690.18" angle="0.00" type="DEFAULT_VEHTYPE" speed="13.15" pos="109.82" lane="2/4to2/3_0" slope="0.00"/>
        <vehicle id="37" x="601.65" y="331.84" angle="180.00" type="DEFAULT_VEHTYPE" speed="13.65" pos="127.09" lane="3/1to3/2_0" slope="0.00"/>
        <vehicle id="38" x="601.34" y="202.58" angle="140.44" type="DEFAULT_VEHTYPE" speed="8.29" pos="8.13" lane=":3/1_14_0" slope="0.00"/>
        <vehicle id="41" x="201.65" y="309.35" angle="180.00" type="DEFAULT_VEHTYPE" speed="13.12" pos="104.60" lane="1/1to1/2_0" slope="0.00"/>
        <vehicle id="44" x="260.18" y="598.35" angle="90.00" type="DEFAULT_VEHTYPE" speed="13.37" pos="55.43" lane="1/3to2/3_0" slope="0.00"/>
        <vehicle id="48" x="217.04" y="598.35" angle="90.00" type="DEFAULT_VEHTYPE" speed="12.85" pos="12.29" lane="1/3to2/3_0" slope="0.00"/>
        <vehicle id="5" x="398.35" y="768.21" angle="0.00" type="DEFAULT_VEHTYPE" speed="12.70" pos="31.79" lane="2/4to2/3_0" slope="0.00"/>
        <vehicle id="7" x="118.69" y="401.65" angle="-90.00" type="DEFAULT_VEHTYPE" speed="13.68" pos="76.56" lane="1/2to0/2_0" slope="0.00"/>
        <vehicle id="8" x="398.35" y="618.12" angle="0.00" type="DEFAULT_VEHTYPE" speed="13.06" pos="181.88" lane="2/4to2/3_0" slope="0.00"/>
    </timestep>
    <timestep time="644.00">
        <vehicle id="0" x="182.94" y="401.65" angle="-90.00" type="DEFAULT_VEHTYPE" speed="11.66" pos="12.31" lane="1/2to0/2_0" slope="0.00"/>
        <vehicle id="1" x="601.65" y="315.84" angle="180.00" type="DEFAULT_VEHTYPE" speed="13.18" pos="111.09" lane="3/1to3/2_0" slope="0.00"/>
        <vehicle id="17" x="201.65" y="245.27" angle="180.00" type="DEFAULT_VEHTYPE" speed="13.82" pos="40.52" lane="1/1to1/2_0" slope="0.00"/>
        <vehicle id="18" x="281.74" y="201.65" angle="-90.00" type="DEFAULT_VEHTYPE" speed="13.24" pos="113.51" lane="2/1to1/1_0" slope="0.00"/>
        <vehicle id="21" x="398.35" y="382.32" angle="0.00" type="DEFAULT_VEHTYPE" speed="13.36" pos="12.93" lane="2/2to2/1_0" slope="0.00"/>
        <vehicle id="22" x="698.78" y="198.35" angle="90.00" type="DEFAULT_VEHTYPE" speed="12.62" pos="94.03" lane="3/1to4/1_0" slope="0.00"/>
        <vehicle id="24" x="381.65" y="598.35" angle="90.00" type="DEFAULT_VEHTYPE" speed="8.87" pos="176.90" lane="1/3to2/3_0" slope="0.00"/>
        <vehicle id="26" x="334.89" y="598.35" angle="90.00" type="DEFAULT_VEHTYPE" speed="13.19" pos="130.14" lane="1/3to2/3_0" slope="0.00"/>
        <vehicle id="28" x="79.10" y="401.65" angle="-90.00" type="DEFAULT_VEHTYPE" speed="13.32" pos="116.15" lane="1/2to0/2_0" slope="0.00"/>
        <vehicle id="32" x="194.18" y="398.35" angle="90.00" type="DEFAULT_VEHTYPE" speed="1.44" pos="194.18" lane="0/2to1/2_0" slope="0.00"/>
        <vehicle id="35" x="398.35" y="677.56" angle="0.00" type="DEFAULT_VEHTYPE" speed="12.61" pos="122.44" lane="2/4to2/3_0" slope="0.00"/>
        <vehicle id="37" x="601.65" y="344.66" angle="180.00" type="DEFAULT_VEHTYPE" speed="12.82" pos="139.91" lane="3/1to3/2_0" slope="0.00"/>
        <vehicle id="38" x="601.65" y="212.63" angle="180.00" type="DEFAULT_VEHTYPE" speed="10.08" pos="7.88" lane="3/1to3/2_0" slope="0.00"/>
        <vehicle id="41" x="201.65" y="322.12" angle="180.00" type="DEFAULT_VEHTYPE" speed="12.77" pos="117.37" lane="1/1to1/2_0" slope="0.00"/>
        <vehicle id="44" x="272.89" y="598.35" angle="90.00" type="DEFAULT_VEHTYPE" speed="12.71" pos="68.14" lane="1/3to2/3_0" slope="0.00"/>
        <vehicle id="48" x="229.96" y="598.35" angle="90.00" type="DEFAULT_VEHTYPE" speed="12.92" pos="25.21" lane="1/3to2/3_0" slope="0.00"/>
        <vehicle id="5" x="398.35" y="754.64" angle="0.00" type="DEFAULT_VEHTYPE" speed="13.56" pos="45.36" lane="2/4to2/3_0" slope="0.00"/>
        <vehicle id="7" x="105.42" y="401.65" angle="-90.00" type="DEFAULT_VEHTYPE" speed="13.28" pos="89.83" lane="1/2to0/2_0" slope="0.00"/>
        <vehicle id="8" x="398.35" y="604.47" angle="0.00" type="DEFAULT_VEHTYPE" speed="13.65" pos="0.28" lane=":2/3_1_0" slope="0.00"/>
    </timestep>
    <timestep time="645.00">
        <vehicle id="0" x="169.14" y="401.65" angle="-90.00" type="DEFAULT_VEHTYPE" speed="13.80" pos="26.11" lane="1/2to0/2_0" slope="0.00"/>
        <vehicle id="1" x="601.65" y="328.65" angle="180.00" type="DEFAULT_VEHTYPE" speed="12.81" pos="123.90" lane="3/1to3/2_0" slope="0.00"/>
        <vehicle id="17" x="201.65" y="258.25" angle="180.00" type="DEFAULT_VEHTYPE" speed="12.98" pos="53.50" lane="1/1to1/2_0" slope="0.00"/>
        <vehicle id="18" x="268.70" y="201.65" angle="-90.00" type="DEFAULT_VEHTYPE" speed="13.04" pos="126.55" lane="2/1to1/1_0" slope="0.00"/>
        <vehicle id="21" x="398.35" y="369.49" angle="0.00" type="DEFAULT_VEHTYPE" speed="12.82" pos="25.76" lane="2/2to2/1_0" slope="0.00"/>
        <vehicle id="22" x="712.22" y="198.35" angle="90.00" type="DEFAULT_VEHTYPE" speed="13.44" pos="107.47" lane="3/1to4/1_0" slope="0.00"/>
        <vehicle id="24" x="386.90" y="598.35" angle="90.00" type="DEFAULT_VEHTYPE" speed="5.25" pos="182.15" lane="1/3to2/3_0" slope="0.00"/>
        <vehicle id="26" x="347.61" y="598.35" angle="90.00" type="DEFAULT_VEHTYPE" speed="12.72" pos="142.86" lane="1/3to2/3_0" slope="0.00"/>
        <vehicle id="28" x="65.22" y="401.65" angle="-90.00" type="DEFAULT_VEHTYPE" speed="13.88" pos="130.03" lane="1/2to0/2_0" slope="0.00"/>
        <vehicle id="32" x="197.55" y="398.68" angle="93.77" type="DEFAULT_VEHTYPE" speed="3.39" pos="2.32" lane=":1/2_14_0" slope="0.00"/>
        <vehicle id="35" x="398.35" y="664.60" angle="0.00" type="DEFAULT_VEHTYPE" speed="12.97" pos="135.40" lane="2/4to2/3_0" slope="0.00"/>
        <vehicle id="37" x="601.65" y="358.00" angle="180.00" type="DEFAULT_VEHTYPE" speed="13.34" pos="153.25" lane="3/1to3/2_0" slope="0.00"/>
        <vehicle id="38" x="601.65" y="224.18" angle="180.00" type="DEFAULT_VEHTYPE" speed="11.55" pos="19.43" lane="3/1to3/2_0" slope="0.00"/>
        <vehicle id="41" x="201.65" y="335.64" angle="180.00" type="DEFAULT_VEHTYPE" speed="13.52" pos="130.89" lane="1/1to1/2_0" slope="0.00"/>
        <vehicle id="44" x="285.69" y="598.35" angle="90.00" type="DEFAULT_VEHTYPE" speed="12.80" pos="80.94" lane="1/3to2/3_0" slope="0.00"/>
        <vehicle id="48" x="243.84" y="598.35" angle="90.00" type="DEFAULT_VEHTYPE" speed="13.87" pos="39.09" lane="1/3to2/3_0" slope="0.00"/>
        <vehicle id="5" x="398.35" y="741.57" angle="0.00" type="DEFAULT_VEHTYPE" speed="13.08" pos="58.43" lane="2/4to2/3_0" slope="0.00"/>
        <vehicle id="7" x="92.33" y="401.65" angle="-90.00" type="DEFAULT_VEHTYPE" speed="13.09" pos="102.92" lane="1/2to0/2_0" slope="0.00"/>
        <vehicle id="8" x="398.35" y="591.19" angle="0.00" type="DEFAULT_VEHTYPE" speed="13.28" pos="4.06" lane="2/3to2/2_0" slope="0.00"/>
    </timestep>
    <timestep time="646.00">
        <vehicle id="0" x="155.33" y="401.65" angle="-90.00" type="DEFAULT_VEHTYPE" speed="13.81" pos="39.92" lane="1/2to0/2_0" slope="0.00"/>
        <vehicle id="1" x="601.65" y="342.19" angle="180.00" type="DEFAULT_VEHTYPE" speed="13.54" pos="137.44" lane="3/1to3/2_0" slope="0.00"/>
        <vehicle id="17" x="201.65" y="271.05" angle="180.00" type="DEFAULT_VEHTYPE" speed="12.80" pos="66.30" lane="1/1to1/2_0" slope="0.00"/>
        <vehicle id="18" x="255.33" y="201.65" angle="-90.00" type="DEFAULT_VEHTYPE" speed="13.37" pos="139.92" lane="2/1to1/1_0" slope="0.00"/>
        <vehicle id="21" x="398.35" y="356.38" angle="0.00" type="DEFAULT_VEHTYPE" speed="13.11" pos="38.87" lane="2/2to2/1_0" slope="0.00"/>
        <vehicle id="22" x="725.44" y="198.35" angle="90.00" type="DEFAULT_VEHTYPE" speed="13.22" pos="120.69" lane="3/1to4/1_0" slope="0.00"/>
        <vehicle id="24" x="390.90" y="598.35" angle="90.00" type="DEFAULT_VEHTYPE" speed="4.01" pos="186.15" lane="1/3to2/3_0" slope="0.00"/>
        <vehicle id="26" x="360.60" y="598.35" angle="90.00" type="DEFAULT_VEHTYPE" speed="13.00" pos="155.85" lane="1/3to2/3_0" slope="0.00"/>
        <vehicle id="28" x="51.38" y="401.65" angle="-90.00" type="DEFAULT_VEHTYPE" speed="13.83" pos="143.87" lane="1/2to0/2_0" slope="0.00"/>
        <vehicle id="32" x="201.34" y="402.56" angle="140.21" type="DEFAULT_VEHTYPE" speed="5.78" pos="8.10" lane=":1/2_14_0" slope="0.00"/>
        <vehicle id="35" x="398.35" y="650.84" angle="0.00" type="DEFAULT_VEHTYPE" speed="13.76" pos="149.16" lane="2/4to2/3_0" slope="0.00"/>
        <vehicle id="37" x="601.65" y="371.61" angle="180.00" type="DEFAULT_VEHTYPE" speed="13.61" pos="166.86" lane="3/1to3/2_0" slope="0.00"/>
        <vehicle id="38" x="601.65" y="237.16" angle="180.00" type="DEFAULT_VEHTYPE" speed="12.98" pos="32.41" lane="3/1to3/2_0" slope="0.00"/>
        <vehicle id="41" x="201.65" y="348.72" angle="180.00" type="DEFAULT_VEHTYPE" speed="13.08" pos="143.97" lane="1/1to1/2_0" slope="0.00"/>
        <vehicle id="44" x="298.77" y="598.35" angle="90.00" type="DEFAULT_VEHTYPE" speed="13.09" pos="94.02" lane="1/3to2/3_0" slope="0.00"/>
        <vehicle id="48" x="256.86" y="598.35" angle="90.00" type="DEFAULT_VEHTYPE" speed="13.03" pos="52.11" lane="1/3to2/3_0" slope="0.00"/>
        <vehicle id="5" x="398.35" y="728.72" angle="0.00" type="DEFAULT_VEHTYPE" speed="12.84" pos="71.28" lane="2/4to2/3_0" slope="0.00"/>
        <vehicle id="7" x="79.08" y="401.65" angle="-90.00" type="DEFAULT_VEHTYPE" speed="13.24" pos="116.17" lane="1/2to0/2_0" slope="0.00"/>
        <vehicle id="8" x="398.35" y="578.10" angle="0.00" type="DEFAULT_VEHTYPE" speed="13.09" pos="17.15" lane="2/3to2/2_0" slope="0.00"/>
    </timestep>
    <timestep time="647.00">
        <vehicle id="0" x="141.69" y="401.65" angle="-90.00" type="DEFAULT_VEHTYPE" speed="13.63" pos="53.56" lane="1/2to0/2_0" slope="0.00"/>
        <vehicle id="1" x="601.65" y="355.69" angle="180.00" type="DEFAULT_VEHTYPE" speed="13.50" pos="150.94" lane="3/1to3/2_0" slope="0.00"/>
        <vehicle id="17" x="201.65" y="284.28" angle="180.00" type="DEFAULT_VEHTYPE" speed="13.24" pos="79.53" lane="1/1to1/2_0" slope="0.00"/>
        <vehicle id="18" x="242.25" y="201.65" angle="-90.00" type="DEFAULT_VEHTYPE" speed="13.08" pos="153.00" lane="2/1to1/1_0" slope="0.00"/>
        <vehicle id="21" x="398.35" y="342.53" angle="0.00" type="DEFAULT_VEHTYPE" speed="13.85" pos="52.72" lane="2/2to2/1_0" slope="0.00"/>
        <vehicle id="22" x="738.94" y="198.35" angle="90.00" type="DEFAULT_VEHTYPE" speed="13.50" pos="134.19" lane="3/1to4/1_0" slope="0.00"/>
        <vehicle id="24" x="396.66" y="598.55" angle="92.32" type="DEFAULT_VEHTYPE" speed="5.78" pos="1.43" lane=":2/3_14_0" slope="0.00"/>
        <vehicle id="26" x="370.44" y="598.35" angle="90.00" type="DEFAULT_VEHTYPE" speed="9.84" pos="165.69" lane="1/3to2/3_0" slope="0.00"/>
        <vehicle id="28" x="37.56" y="401.65" angle="-90.00" type="DEFAULT_VEHTYPE" speed="13.83" pos="157.69" lane="1/2to0/2_0" slope="0.00"/>
        <vehicle id="32" x="201.65" y="410.57" angle="180.00" type="DEFAULT_VEHTYPE" speed="8.04" pos="5.82" lane="1/2to1/3_0" slope="0.00"/>
        <vehicle id="35" x="398.35" y="637.00" angle="0.00" type="DEFAULT_VEHTYPE" speed="13.84" pos="163.00" lane="2/4to2/3_0" slope="0.00"/>
        <vehicle id="37" x="601.65" y="380.73" angle="180.00" type="DEFAULT_VEHTYPE" speed="9.11" pos="175.98" lane="3/1to3/2_0" slope="0.00"/>
        <vehicle id="38" x="601.65" y="250.53" angle="180.00" type="DEFAULT_VEHTYPE" speed="13.36" pos="45.78" lane="3/1to3/2_0" slope="0.00"/>
        <vehicle id="41" x="201.65" y="361.51" angle="180.00" type="DEFAULT_VEHTYPE" speed="12.80" pos="156.76" lane="1/1to1/2_0" slope="0.00"/>
        <vehicle id="44" x="311.70" y="598.35" angle="90.00" type="DEFAULT_VEHTYPE" speed="12.92" pos="106.95" lane="1/3to2/3_0" slope="0.00"/>
        <vehicle id="48" x="270.75" y="598.35" angle="90.00" type="DEFAULT_VEHTYPE" speed="13.88" pos="66.00" lane="1/3to2/3_0" slope="0.00"/>
        <vehicle id="5" x="398.35" y="715.62" angle="0.00" type="DEFAULT_VEHTYPE" speed="13.10" pos="84.38" lane="2/4to2/3_0" slope="0.00"/>
        <vehicle id="7" x="65.46" y="401.65" angle="-90.00" type="DEFAULT_VEHTYPE" speed="13.62" pos="129.79" lane="1/2to0/2_0" slope="0.00"/>
        <vehicle id="8" x="398.35" y="564.30" angle="0.00" type="DEFAULT_VEHTYPE" speed="13.80" pos="30.95" lane="2/3to2/2_0" slope="0.00"/>
    </timestep>
    <timestep time="648.00">
        <vehicle id="0" x="128.97" y="401.65" angle="-90.00" type="DEFAULT_VEHTYPE" speed="12.73" pos="66.28" lane="1/2to0/2_0" slope="0.00"/>
        <vehicle id="1" x="601.65" y="367.38" angle="180.00" type="DEFAULT_VEHTYPE" speed="11.69" pos="162.63" lane="3/1to3/2_0" slope="0.00"/>
        <vehicle id="17" x="201.65" y="297.66" angle="180.00" type="DEFAULT_VEHTYPE" speed="13.38" pos="92.91" lane="1/1to1/2_0" slope="0.00"/>
        <vehicle id="18" x="229.65" y="201.65" angle="-90.00" type="DEFAULT_VEHTYPE" speed="12.60" pos="165.60" lane="2/1to1/1_0" slope="0.00"/>
        <vehicle id="21" x="398.35" y="329.59" angle="0.00" type="DEFAULT_VEHTYPE" speed="12.94" pos="65.66" lane="2/2to2/1_0" slope="0.00"/>
        <vehicle id="22" x="751.71" y="198.35" angle="90.00" type="DEFAULT_VEHTYPE" speed="12.77" pos="146.96" lane="3/1to4/1_0" slope="0.00"/>
        <vehicle id="24" x="401.46" y="603.44" angle="149.46" type="DEFAULT_VEHTYPE" speed="7.57" pos="9.00" lane=":2/3_14_0" slope="0.00"/>
        <vehicle id="26" x="380.42" y="598.35" angle="90.00" type="DEFAULT_VEHTYPE" speed="9.98" pos="175.67" lane="1/3to2/3_0" slope="0.00"/>
        <vehicle id="28" x="23.78" y="401.65" angle="-90.00" type="DEFAULT_VEHTYPE" speed="13.77" pos="171.47" lane="1/2to0/2_0" slope="0.00"/>
        <vehicle id="32" x="201.65" y="420.53" angle="180.00" type="DEFAULT_VEHTYPE" speed="9.96" pos="15.78" lane="1/2to1/3_0" slope="0.00"/>
        <vehicle id="35" x="398.35" y="623.19" angle="0.00" type="DEFAULT_VEHTYPE" speed="13.81" pos="176.81" lane="2/4to2/3_0" slope="0.00"/>
        <vehicle id="37" x="601.65" y="386.60" angle="180.00" type="DEFAULT_VEHTYPE" speed="5.87" pos="181.85" lane="3/1to3/2_0" slope="0.00"/>
        <vehicle id="38" x="601.65" y="264.11" angle="180.00" type="DEFAULT_VEHTYPE" speed="13.59" pos="59.36" lane="3/1to3/2_0" slope="0.00"/>
        <vehicle id="41" x="201.65" y="375.41" angle="180.00" type="DEFAULT_VEHTYPE" speed="13.89" pos="170.66" lane="1/1to1/2_0" slope="0.00"/>
        <vehicle id="44" x="324.87" y="598.35" angle="90.00" type="DEFAULT_VEHTYPE" speed="13.17" pos="120.12" lane="1/3to2/3_0" slope="0.00"/>
        <vehicle id="48" x="283.93" y="598.35" angle="90.00" type="DEFAULT_VEHTYPE" speed="13.19" pos="79.18" lane="1/3to2/3_0" slope="0.00"/>
        <vehicle id="5" x="398.35" y="702.48" angle="0.00" type="DEFAULT_VEHTYPE" speed="13.14" pos="97.52" lane="2/4to2/3_0" slope="0.00"/>
        <vehicle id="7" x="52.09" y="401.65" angle="-90.00" type="DEFAULT_VEHTYPE" speed="13.37" pos="143.16" lane="1/2to0/2_0" slope="0.00"/>
        <vehicle id="8" x="398.35" y="550.86" angle="0.00" type="DEFAULT_VEHTYPE" speed="13.44" pos="44.39" lane="2/3to2/2_0" slope="0.00"/>
    </timestep>
    <timestep time="649.00">
        <vehicle id="0" x="115.68" y="401.65" angle="-90.00" type="DEFAULT_VEHTYPE" speed="13.29" pos="79.57" lane="1/2to0/2_0" slope="0.00"/>
        <vehicle id="1" x="601.65" y="375.06" angle="180.00" type="DEFAULT_VEHTYPE" speed="7.68" pos="170.31" lane="3/1to3/2_0" slope="0.00"/>
        <vehicle id="17" x="201.65" y="311.42" angle="180.00" type="DEFAULT_VEHTYPE" speed="13.75" pos="106.67" lane="1/1to1/2_0" slope="0.00"/>
        <vehicle id="18" x="219.90" y="201.65" angle="-90.00" type="DEFAULT_VEHTYPE" speed="9.74" pos="175.35" lane="2/1to1/1_0" slope="0.00"/>
        <vehicle id="21" x="398.35" y="316.95" angle="0.00" type="DEFAULT_VEHTYPE" speed="12.64" pos="78.30" lane="2/2to2/1_0" slope="0.00"/>
        <vehicle id="22" x="764.98" y="198.35" angle="90.00" type="DEFAULT_VEHTYPE" speed="13.28" pos="160.23" lane="3/1to4/1_0" slope="0.00"/>
        <vehicle id="24" x="401.65" y="613.03" angle="180.00" type="DEFAULT_VEHTYPE" speed="9.60" pos="8.28" lane="2/3to2/4_0" slope="0.00"/>
        <vehicle id="26" x="386.82" y="598.35" angle="90.00" type="DEFAULT_VEHTYPE" speed="6.40" pos="182.07" lane="1/3to2/3_0" slope="0.00"/>
        <vehicle id="28" x="10.93" y="401.65" angle="-90.00" type="DEFAULT_VEHTYPE" speed="12.85" pos="184.32" lane="1/2to0/2_0" slope="0.00"/>
        <vehicle id="32" x="201.65" y="431.90" angle="180.00" type="DEFAULT_VEHTYPE" speed="11.37" pos="27.15" lane="1/2to1/3_0" slope="0.00"/>
        <vehicle id="35" x="398.35" y="609.32" angle="0.00" type="DEFAULT_VEHTYPE" speed="13.86" pos="190.68" lane="2/4to2/3_0" slope="0.00"/>
        <vehicle id="37" x="601.65" y="390.02" angle="180.00" type="DEFAULT_VEHTYPE" speed="3.42" pos="185.27" lane="3/1to3/2_0" slope="0.00"/>
        <vehicle id="38" x="601.65" y="277.00" angle="180.00" type="DEFAULT_VEHTYPE" speed="12.89" pos="72.25" lane="3/1to3/2_0" slope="0.00"/>
        <vehicle id="41" x="201.65" y="388.24" angle="180.00" type="DEFAULT_VEHTYPE" speed="12.83" pos="183.49" lane="1/1to1/2_0" slope="0.00"/>
        <vehicle id="44" x="338.70" y="598.35" angle="90.00" type="DEFAULT_VEHTYPE" speed="13.83" pos="133.95" lane="1/3to2/3_0" slope="0.00"/>
        <vehicle id="48" x="296.56" y="598.35" angle="90.00" type="DEFAULT_VEHTYPE" speed="12.62" pos="91.81" lane="1/3to2/3_0" slope="0.00"/>
        <vehicle id="5" x="398.35" y="688.70" angle="0.00" type="DEFAULT_VEHTYPE" speed="13.78" pos="111.30" lane="2/4to2/3_0" slope="0.00"/>
        <vehicle id="7" x="38.49" y="401.65" angle="-90.00" type="DEFAULT_VEHTYPE" speed="13.60" pos="156.76" lane="1/2to0/2_0" slope="0.00"/>
        <vehicle id="8" x="398.35" y="538.16" angle="0.00" type="DEFAULT_VEHTYPE" speed="12.70" pos="57.09" lane="2/3to2/2_0" slope="0.00"/>
    </timestep>
    <timestep time="650.00">
        <vehicle id="0" x="102.85" y="401.65" angle="-90.00" type="DEFAULT_VEHTYPE" speed="12.83" pos="92.40" lane="1/2to0/2_0" slope="0.00"/>
        <vehicle id="1" x="601.65" y="379.73" angle="180.00" type="DEFAULT_VEHTYPE" speed="4.67" pos="174.98" lane="3/1to3/2_0" slope="0.00"/>
        <vehicle id="17" x="201.65" y="324.33" angle="180.00" type="DEFAULT_VEHTYPE" speed="12.91" pos="119.58" lane="1/1to1/2_0" slope="0.00"/>
        <vehicle id="18" x="213.77" y="201.65" angle="-90.00" type="DEFAULT_VEHTYPE" speed="6.14" pos="181.48" lane="2/1to1/1_0" slope="0.00"/>
        <vehicle id="21" x="398.35" y="303.83" angle="0.00" type="DEFAULT_VEHTYPE" speed="13.12" pos="91.42" lane="2/2to2/1_0" slope="0.00"/>
        <vehicle id="22" x="777.59" y="198.35" angle="90.00" type="DEFAULT_VEHTYPE" speed="12.60" pos="172.84" lane="3/1to4/1_0" slope="0.00"/>
        <vehicle id="24" x="401.65" y="624.38" angle="180.00" type="DEFAULT_VEHTYPE" speed="11.35" pos="19.63" lane="2/3to2/4_0" slope="0.00"/>
        <vehicle id="26" x="390.40" y="598.35" angle="90.00" type="DEFAULT_VEHTYPE" speed="3.58" pos="185.65" lane="1/3to2/3_0" slope="0.00"/>
        <vehicle id="28" x="-1.44" y="399.59" angle="-59.98" type="DEFAULT_VEHTYPE" speed="13.81" pos="2.87" lane=":0/2_0_0" slope="0.00"/>
        <vehicle id="32" x="201.65" y="445.28" angle="180.00" type="DEFAULT_VEHTYPE" speed="13.38" pos="40.53" lane="1/2to1/3_0" slope="0.00"/>
        <vehicle id="35" x="398.35" y="596.11" angle="0.00" type="DEFAULT_VEHTYPE" speed="13.21" pos="8.64" lane=":2/3_1_0" slope="0.00"/>
        <vehicle id="37" x="601.61" y="395.54" angle="-179.53" type="DEFAULT_VEHTYPE" speed="5.52" pos="0.29" lane=":3/2_10_0" slope="0.00"/>
        <vehicle id="38" x="601.65" y="290.75" angle="180.00" type="DEFAULT_VEHTYPE" speed="13.75" pos="86.00" lane="3/1to3/2_0" slope="0.00"/>
        <vehicle id="41" x="201.65" y="402.09" angle="180.00" type="DEFAULT_VEHTYPE" speed="13.85" pos="6.84" lane=":1/2_9_0" slope="0.00"/>
        <vehicle id="44" x="352.31" y="598.35" angle="90.00" type="DEFAULT_VEHTYPE" speed="13.61" pos="147.56" lane="1/3to2/3_0" slope="0.00"/>
        <vehicle id="48" x="309.32" y="598.35" angle="90.00" type="DEFAULT_VEHTYPE" speed="12.76" pos="104.57" lane="1/3to2/3_0" slope="0.00"/>
        <vehicle id="5" x="398.35" y="675.04" angle="0.00" type="DEFAULT_VEHTYPE" speed="13.66" pos="124.96" lane="2/4to2/3_0" slope="0.00"/>
        <vehicle id="7" x="25.67" y="401.65" angle="-90.00" type="DEFAULT_VEHTYPE" speed="12.82" pos="169.58" lane="1/2to0/2_0" slope="0.00"/>
        <vehicle id="8" x="398.35" y="524.78" angle="0.00" type="DEFAULT_VEHTYPE" speed="13.39" pos="70.47" lane="2/3to2/2_0" slope="0.00"/>
    </timestep>
    <timestep time="651.00">
        <vehicle id="0" x="89.77" y="401.65" angle="-90.00" type="DEFAULT_VEHTYPE" speed="13.08" pos="105.48" lane="1/2to0/2_0" slope="0.00"/>
        <vehicle id="1" x="601.65" y="386.18" angle="180.00" type="DEFAULT_VEHTYPE" speed="6.45" pos="181.43" lane="3/1to3/2_0" slope="0.00"/>
        <vehicle id="17" x="201.65" y="337.63" angle="180.00" type="DEFAULT_VEHTYPE" speed="13.30" pos="132.88" lane="1/1to1/2_0" slope="0.00"/>
        <vehicle id="18" x="210.29" y="201.65" angle="-90.00" type="DEFAULT_VEHTYPE" speed="3.48" pos="184.96" lane="2/1to1/1_0" slope="0.00"/>
        <vehicle id="21" x="398.35" y="290.62" angle="0.00" type="DEFAULT_VEHTYPE" speed="13.21" pos="104.63" lane="2/2to2/1_0" slope="0.00"/>
        <vehicle id="22" x="790.45" y="198.35" angle="90.00" type="DEFAULT_VEHTYPE" speed="12.86" pos="185.70" lane="3/1to4/1_0" slope="0.00"/>
        <vehicle id="24" x="401.65" y="637.47" angle="180.00" type="DEFAULT_VEHTYPE" speed="13.09" pos="32.72" lane="2/3to2/4_0" slope="0.00"/>
        <vehicle id="26" x="396.00" y="598.46" angle="91.24" type="DEFAULT_VEHTYPE" speed="5.61" pos="0.76" lane=":2/3_14_0" slope="0.00"/>
        <vehicle id="28" x="11.76" y="398.35" angle="90.00" type="DEFAULT_VEHTYPE" speed="13.70" pos="11.76" lane="0/2to1/2_0" slope="0.00"/>
        <vehicle id="32" x="201.65" y="458.91" angle="180.00" type="DEFAULT_VEHTYPE" speed="13.63" pos="54.16" lane="1/2to1/3_0" slope="0.00"/>
        <vehicle id="35" x="398.35" y="582.90" angle="0.00" type="DEFAULT_VEHTYPE" speed="13.21" pos="12.35" lane="2/3to2/2_0" slope="0.00"/>
        <vehicle id="37" x="598.30" y="401.10" angle="-140.44" type="DEFAULT_VEHTYPE" speed="6.90" pos="0.05" lane=":3/2_18_0" slope="0.00"/>
        <vehicle id="38" x="601.65" y="303.93" angle="180.00" type="DEFAULT_VEHTYPE" speed="13.18" pos="99.18" lane="3/1to3/2_0" slope="0.00"/>
        <vehicle id="41" x="201.65" y="414.84" angle="180.00" type="DEFAULT_VEHTYPE" speed="12.75" pos="10.09" lane="1/2to1/3_0" slope="0.00"/>
        <vehicle id="44" x="364.33" y="598.35" angle="90.00" type="DEFAULT_VEHTYPE" speed="12.02" pos="159.58" lane="1/3to2/3_0" slope="0.00"/>
        <vehicle id="48" x="322.45" y="598.35" angle="90.00" type="DEFAULT_VEHTYPE" speed="13.13" pos="117.70" lane="1/3to2/3_0" slope="0.00"/>
        <vehicle id="5" x="398.35" y="661.83" angle="0.00" type="DEFAULT_VEHTYPE" speed="13.21" pos="138.17" lane="2/4to2/3_0" slope="0.00"/>
        <vehicle id="7" x="12.16" y="401.65" angle="-90.00" type="DEFAULT_VEHTYPE" speed="13.51" pos="183.09" lane="1/2to0/2_0" slope="0.00"/>
        <vehicle id="8" x="398.35" y="511.84" angle="0.00" type="DEFAULT_VEHTYPE" speed="12.94" pos="83.41" lane="2/3to2/2_0" slope="0.00"/>
    </timestep>
    <timestep time="652.00">
        <vehicle id="0" x="76.71" y="401.65" angle="-90.00" type="DEFAULT_VEHTYPE" speed="13.05" pos="118.54" lane="1/2to0/2_0" slope="0.00"/>
        <vehicle id="1" x="601.65" y="394.15" angle="180.00" type="DEFAULT_VEHTYPE" speed="7.97" pos="189.40" lane="3/1to3/2_0" slope="0.00"/>
        <vehicle id="17" x="201.65" y="350.49" angle="180.00" type="DEFAULT_VEHTYPE" speed="12.86" pos="145.74" lane="1/1to1/2_0" slope="0.00"/>
        <vehicle id="18" x="204.82" y="201.65" angle="-90.00" type="DEFAULT_VEHTYPE" speed="5.47" pos="190.43" lane="2/1to1/1_0" slope="0.00"/>
        <vehicle id="21" x="398.35" y="277.01" angle="0.00" type="DEFAULT_VEHTYPE" speed="13.61" pos="118.24" lane="2/2to2/1_0" slope="0.00"/>
        <vehicle id="22" x="800.61" y="201.24" angle="152.27" type="DEFAULT_VEHTYPE" speed="13.64" pos="4.09" lane=":4/1_0_0" slope="0.00"/>
        <vehicle id="24" x="401.65" y="650.13" angle="180.00" type="DEFAULT_VEHTYPE" speed="12.66" pos="45.38" lane="2/3to2/4_0" slope="0.00"/>
        <vehicle id="26" x="401.34" y="602.57" angle="140.32" type="DEFAULT_VEHTYPE" speed="7.35" pos="8.11" lane=":2/3_14_0" slope="0.00"/>
        <vehicle id="28" x="25.60" y="398.35" angle="90.00" type="DEFAULT_VEHTYPE" speed="13.84" pos="25.60" lane="0/2to1/2_0" slope="0.00"/>
        <vehicle id="32" x="201.65" y="471.93" angle="180.00" type="DEFAULT_VEHTYPE" speed="13.02" pos="67.18" lane="1/2to1/3_0" slope="0.00"/>
        <vehicle id="35" x="398.35" y="569.94" angle="0.00" type="DEFAULT_VEHTYPE" speed="12.95" pos="25.31" lane="2/3to2/2_0" slope="0.00"/>
        <vehicle id="37" x="589.44" y="401.65" angle="-90.00" type="DEFAULT_VEHTYPE" speed="8.94" pos="5.81" lane="3/2to2/2_0" slope="0.00"/>
        <vehicle id="38" x="601.65" y="316.87" angle="180.00" type="DEFAULT_VEHTYPE" speed="12.94" pos="112.12" lane="3/1to3/2_0" slope="0.00"/>
        <vehicle id="41" x="201.65" y="428.33" angle="180.00" type="DEFAULT_VEHTYPE" speed="13.49" pos="23.58" lane="1/2to1/3_0" slope="0.00"/>
        <vehicle id="44" x="375.56" y="598.35" angle="90.00" type="DEFAULT_VEHTYPE" speed="11.24" pos="170.81" lane="1/3to2/3_0" slope="0.00"/>
        <vehicle id="48" x="335.93" y="598.35" angle="90.00" type="DEFAULT_VEHTYPE" speed="13.48" pos="131.18" lane="1/3to2/3_0" slope="0.00"/>
        <vehicle id="5" x="398.35" y="648.51" angle="0.00" type="DEFAULT_VEHTYPE" speed="13.32" pos="151.49" lane="2/4to2/3_0" slope="0.00"/>
        <vehicle id="7" x="-1.27" y="400.77" angle="-79.47" type="DEFAULT_VEHTYPE" speed="13.71" pos="1.55" lane=":0/2_0_0" slope="0.00"/>
        <vehicle id="8" x="398.35" y="498.28" angle="0.00" type="DEFAULT_VEHTYPE" speed="13.56" pos="96.97" lane="2/3to2/2_0" slope="0.00"/>
    </timestep>
    <timestep time="653.00">
        <vehicle id="0" x="63.09" y="401.65" angle="-90.00" type="DEFAULT_VEHTYPE" speed="13.62" pos="132.16" lane="1/2to0/2_0" slope="0.00"/>
        <vehicle id="1" x="601.65" y="404.66" angle="180.00" type="DEFAULT_VEHTYPE" speed="10.51" pos="9.41" lane=":3/2_9_0" slope="0.00"/>
        <vehicle id="17" x="201.65" y="363.73" angle="180.00" type="DEFAULT_VEHTYPE" speed="13.24" pos="158.98" lane="1/1to1/2_0" slope="0.00"/>
        <vehicle id="18" x="201.65" y="207.28" angle="-171.06" type="DEFAULT_VEHTYPE" speed="7.60" pos="2.53" lane="1/1to1/2_0" slope="0.00"/>
        <vehicle id="21" x="398.35" y="263.81" angle="0.00" type="DEFAULT_VEHTYPE" speed="13.20" pos="131.44" lane="2/2to2/1_0" slope="0.00"/>
        <vehicle id="22" x="788.05" y="201.65" angle="-90.00" type="DEFAULT_VEHTYPE" speed="12.68" pos="11.95" lane="4/1to3/1_0" slope="0.00"/>
        <vehicle id="24" x="401.65" y="663.61" angle="180.00" type="DEFAULT_VEHTYPE" speed="13.48" pos="58.86" lane="2/3to2/4_0" slope="0.00"/>
        <vehicle id="26" x="401.65" y="612.39" angle="180.00" type="DEFAULT_VEHTYPE" speed="9.84" pos="7.64" lane="2/3to2/4_0" slope="0.00"/>
        <vehicle id="28" x="38.49" y="398.35" angle="90.00" type="DEFAULT_VEHTYPE" speed="12.89" pos="38.49" lane="0/2to1/2_0" slope="0.00"/>
        <vehicle id="32" x="201.65" y="484.73" angle="180.00" type="DEFAULT_VEHTYPE" speed="12.79" pos="79.98" lane="1/2to1/3_0" slope="0.00"/>
        <vehicle id="35" x="398.35" y="556.25" angle="0.00" type="DEFAULT_VEHTYPE" speed="13.70" pos="39.00" lane="2/3to2/2_0" slope="0.00"/>
        <vehicle id="37" x="578.99" y="401.65" angle="-90.00" type="DEFAULT_VEHTYPE" speed="10.45" pos="16.26" lane="3/2to2/2_0" slope="0.00"/>
        <vehicle id="38" x="601.65" y="330.03" angle="180.00" type="DEFAULT_VEHTYPE" speed="13.16" pos="125.28" lane="3/1to3/2_0" slope="0.00"/>
        <vehicle id="41" x="201.65" y="441.14" angle="180.00" type="DEFAULT_VEHTYPE" speed="12.80" pos="36.39" lane="1/2to1/3_0" slope="0.00"/>
        <vehicle id="44" x="383.14" y="598.35" angle="90.00" type="DEFAULT_VEHTYPE" speed="7.57" pos="178.39" lane="1/3to2/3_0" slope="0.00"/>
        <vehicle id="48" x="349.12" y="598.35" angle="90.00" type="DEFAULT_VEHTYPE" speed="13.18" pos="144.37" lane="1/3to2/3_0" slope="0.00"/>
        <vehicle id="5" x="398.35" y="635.82" angle="0.00" type="DEFAULT_VEHTYPE" speed="12.69" pos="164.18" lane="2/4to2/3_0" slope="0.00"/>
        <vehicle id="7" x="9.65" y="398.35" angle="90.00" type="DEFAULT_VEHTYPE" speed="12.92" pos="9.65" lane="0/2to1/2_0" slope="0.00"/>
        <vehicle id="8" x="398.35" y="484.65" angle="0.00" type="DEFAULT_VEHTYPE" speed="13.64" pos="110.60" lane="2/3to2/2_0" slope="0.00"/>
    </timestep>
    <timestep time="654.00">
        <vehicle id="0" x="49.87" y="401.65" angle="-90.00" type="DEFAULT_VEHTYPE" speed="13.22" pos="145.38" lane="1/2to0/2_0" slope="0.00"/>
        <vehicle id="1" x="601.65" y="416.63" angle="180.00" type="DEFAULT_VEHTYPE" speed="11.97" pos="11.88" lane="3/2to3/3_0" slope="0.00"/>
        <vehicle id="17" x="201.65" y="376.40" angle="180.00" type="DEFAULT_VEHTYPE" speed="12.67" pos="171.65" lane="1/1to1/2_0" slope="0.00"/>
        <vehicle id="18" x="201.65" y="216.22" angle="180.00" type="DEFAULT_VEHTYPE" speed="8.94" pos="11.47" lane="1/1to1/2_0" slope="0.00"/>
        <vehicle id="21" x="398.35" y="250.81" angle="0.00" type="DEFAULT_VEHTYPE" speed="13.00" pos="144.44" lane="2/2to2/1_0" slope="0.00"/>
        <vehicle id="22" x="775.15" y="201.65" angle="-90.00" type="DEFAULT_VEHTYPE" speed="12.91" pos="24.85" lane="4/1to3/1_0" slope="0.00"/>
        <vehicle id="24" x="401.65" y="676.63" angle="180.00" type="DEFAULT_VEHTYPE" speed="13.03" pos="71.88" lane="2/3to2/4_0" slope="0.00"/>
        <vehicle id="26" x="401.65" y="624.69" angle="180.00" type="DEFAULT_VEHTYPE" speed="12.30" pos="19.94" lane="2/3to2/4_0" slope="0.00"/>
        <vehicle id="28" x="51.73" y="398.35" angle="90.00" type="DEFAULT_VEHTYPE" speed="13.25" pos="51.73" lane="0/2to1/2_0" slope="0.00"/>
        <vehicle id="32" x="201.65" y="498.44" angle="180.00" type="DEFAULT_VEHTYPE" speed="13.71" pos="93.69" lane="1/2to1/3_0" slope="0.00"/>
        <vehicle id="35" x="398.35" y="543.13" angle="0.00" type="DEFAULT_VEHTYPE" speed="13.12" pos="52.12" lane="2/3to2/2_0" slope="0.00"/>
        <vehicle id="37" x="566.30" y="401.65" angle="-90.00" type="DEFAULT_VEHTYPE" speed="12.69" pos="28.95" lane="3/2to2/2_0" slope="0.00"/>
        <vehicle id="38" x="601.65" y="343.80" angle="180.00" type="DEFAULT_VEHTYPE" speed="13.77" pos="139.05" lane="3/1to3/2_0" slope="0.00"/>
        <vehicle id="41" x="201.65" y="455.01" angle="180.00" type="DEFAULT_VEHTYPE" speed="13.87" pos="50.26" lane="1/2to1/3_0" slope="0.00"/>
        <vehicle id="44" x="388.68" y="598.35" angle="90.00" type="DEFAULT_VEHTYPE" speed="5.54" pos="183.93" lane="1/3to2/3_0" slope="0.00"/>
        <vehicle id="48" x="362.62" y="598.35" angle="90.00" type="DEFAULT_VEHTYPE" speed="13.50" pos="157.87" lane="1/3to2/3_0" slope="0.00"/>
        <vehicle id="5" x="398.35" y="622.42" angle="0.00" type="DEFAULT_VEHTYPE" speed="13.40" pos="177.58" lane="2/4to2/3_0" slope="0.00"/>
        <vehicle id="7" x="23.17" y="398.35" angle="90.00" type="DEFAULT_VEHTYPE" speed="13.53" pos="23.17" lane="0/2to1/2_0" slope="0.00"/>
        <vehicle id="8" x="398.35" y="470.93" angle="0.00" type="DEFAULT_VEHTYPE" speed="13.71" pos="124.32" lane="2/3to2/2_0" slope="0.00"/>
    </timestep>
    <timestep time="655.00">
        <vehicle id="0" x="36.23" y="401.65" angle="-90.00" type="DEFAULT_VEHTYPE" speed="13.64" pos="159.02" lane="1/2to0/2_0" slope="0.00"/>
        <vehicle id="1" x="601.65" y="429.77" angle="180.00" type="DEFAULT_VEHTYPE" speed="13.14" pos="25.02" lane="3/2to3/3_0" slope="0.00"/>
        <vehicle id="17" x="201.65" y="390.12" angle="180.00" type="DEFAULT_VEHTYPE" speed="13.72" pos="185.37" lane="1/1to1/2_0" slope="0.00"/>
        <vehicle id="18" x="201.65" y="227.65" angle="180.00" type="DEFAULT_VEHTYPE" speed="11.42" pos="22.90" lane="1/1to1/2_0" slope="0.00"/>
        <vehicle id="21" x="398.35" y="237.24" angle="0.00" type="DEFAULT_VEHTYPE" speed="13.56" pos="158.01" lane="2/2to2/1_0" slope="0.00"/>
        <vehicle id="22" x="762.35" y="201.65" angle="-90.00" type="DEFAULT_VEHTYPE" speed="12.80" pos="37.65" lane="4/1to3/1_0" slope="0.00"/>
        <vehicle id="24" x="401.65" y="689.35" angle="180.00" type="DEFAULT_VEHTYPE" speed="12.71" pos="84.60" lane="2/3to2/4_0" slope="0.00"/>
        <vehicle id="26" x="401.65" y="637.77" angle="180.00" type="DEFAULT_VEHTYPE" speed="13.08" pos="33.02" lane="2/3to2/4_0" slope="0.00"/>
        <vehicle id="28" x="64.86" y="398.35" angle="90.00" type="DEFAULT_VEHTYPE" speed="13.12" pos="64.86" lane="0/2to1/2_0" slope="0.00"/>
        <vehicle id="32" x="201.65" y="512.09" angle="180.00" type="DEFAULT_VEHTYPE" speed="13.65" pos="107.34" lane="1/2to1/3_0" slope="0.00"/>
        <vehicle id="35" x="398.35" y="530.37" angle="0.00" type="DEFAULT_VEHTYPE" speed="12.76" pos="64.88" lane="2/3to2/2_0" slope="0.00"/>
        <vehicle id="37" x="552.68" y="401.65" angle="-90.00" type="DEFAULT_VEHTYPE" speed="13.62" pos="42.57" lane="3/2to2/2_0" slope="0.00"/>
        <vehicle id="38" x="601.65" y="357.50" angle="180.00" type="DEFAULT_VEHTYPE" speed="13.70" pos="152.75" lane="3/1to3/2_0" slope="0.00"/>
        <vehicle id="41" x="201.65" y="468.62" angle="180.00" type="DEFAULT_VEHTYPE" speed="13.61" pos="63.87" lane="1/2to1/3_0" slope="0.00"/>
        <vehicle id="44" x="391.46" y="598.35" angle="90.00" type="DEFAULT_VEHTYPE" speed="2.77" pos="186.71" lane="1/3to2/3_0" slope="0.00"/>
        <vehicle id="48" x="372.82" y="598.35" angle="90.00" type="DEFAULT_VEHTYPE" speed="10.20" pos="168.07" lane="1/3to2/3_0" slope="0.00"/>
        <vehicle id="5" x="398.35" y="609.55" angle="0.00" type="DEFAULT_VEHTYPE" speed="12.87" pos="190.45" lane="2/4to2/3_0" slope="0.00"/>
        <vehicle id="7" x="35.87" y="398.35" angle="90.00" type="DEFAULT_VEHTYPE" speed="12.70" pos="35.87" lane="0/2to1/2_0" slope="0.00"/>
        <vehicle id="8" x="398.35" y="458.14" angle="0.00" type="DEFAULT_VEHTYPE" speed="12.79" pos="137.11" lane="2/3to2/2_0" slope="0.00"/>
    </timestep>
    <timestep time="656.00">
        <vehicle id="0" x="23.30" y="401.65" angle="-90.00" type="DEFAULT_VEHTYPE" speed="12.93" pos="171.95" lane="1/2to0/2_0" slope="0.00"/>
        <vehicle id="1" x="601.65" y="442.39" angle="180.00" type="DEFAULT_VEHTYPE" speed="12.62" pos="37.64" lane="3/2to3/3_0" slope="0.00"/>
        <vehicle id="17" x="201.65" y="403.71" angle="180.00" type="DEFAULT_VEHTYPE" speed="13.59" pos="8.46" lane=":1/2_9_0" slope="0.00"/>
        <vehicle id="18" x="201.65" y="240.96" angle="180.00" type="DEFAULT_VEHTYPE" speed="13.32" pos="36.21" lane="1/1to1/2_0" slope="0.00"/>
        <vehicle id="21" x="398.35" y="224.21" angle="0.00" type="DEFAULT_VEHTYPE" speed="13.03" pos="171.04" lane="2/2to2/1_0" slope="0.00"/>
        <vehicle id="22" x="748.51" y="201.65" angle="-90.00" type="DEFAULT_VEHTYPE" speed="13.84" pos="51.49" lane="4/1to3/1_0" slope="0.00"/>
        <vehicle id="24" x="401.65" y="702.80" angle="180.00" type="DEFAULT_VEHTYPE" speed="13.46" pos="98.05" lane="2/3to2/4_0" slope="0.00"/>
        <vehicle id="26" x="401.65" y="651.55" angle="180.00" type="DEFAULT_VEHTYPE" speed="13.78" pos="46.80" lane="2/3to2/4_0" slope="0.00"/>
        <vehicle id="28" x="78.13" y="398.35" angle="90.00" type="DEFAULT_VEHTYPE" speed="13.27" pos="78.13" lane="0/2to1/2_0" slope="0.00"/>
        <vehicle id="32" x="201.65" y="524.82" angle="180.00" type="DEFAULT_VEHTYPE" speed="12.73" pos="120.07" lane="1/2to1/3_0" slope="0.00"/>
        <vehicle id="35" x="398.35" y="516.70" angle="0.00" type="DEFAULT_VEHTYPE" speed="13.67" pos="78.55" lane="2/3to2/2_0" slope="0.00"/>
        <vehicle id="37" x="539.86" y="401.65" angle="-90.00" type="DEFAULT_VEHTYPE" speed="12.82" pos="55.39" lane="3/2to2/2_0" slope="0.00"/>
        <vehicle id="38" x="601.65" y="370.19" angle="180.00" type="DEFAULT_VEHTYPE" speed="12.69" pos="165.44" lane="3/1to3/2_0" slope="0.00"/>
        <vehicle id="41" x="201.65" y="481.86" angle="180.00" type="DEFAULT_VEHTYPE" speed="13.24" pos="77.11" lane="1/2to1/3_0" slope="0.00"/>
        <vehicle id="44" x="392.23" y="598.35" angle="90.00" type="DEFAULT_VEHTYPE" speed="0.77" pos="187.48" lane="1/3to2/3_0" slope="0.00"/>
        <vehicle id="48" x="378.53" y="598.35" angle="90.00" type="DEFAULT_VEHTYPE" speed="5.70" pos="173.78" lane="1/3to2/3_0" slope="0.00"/>
        <vehicle id="5" x="398.35" y="596.44" angle="0.00" type="DEFAULT_VEHTYPE" speed="13.12" pos="8.31" lane=":2/3_1_0" slope="0.00"/>
        <vehicle id="7" x="48.90" y="398.35" angle="90.00" type="DEFAULT_VEHTYPE" speed="13.02" pos="48.90" lane="0/2to1/2_0" slope="0.00"/>
        <vehicle id="8" x="398.35" y="444.52" angle="0.00" type="DEFAULT_VEHTYPE" speed="13.62" pos="150.73" lane="2/3to2/2_0" slope="0.00"/>
    </timestep>
    <timestep time="657.00">
        <vehicle id="0" x="10.11" y="401.65" angle="-90.00" type="DEFAULT_VEHTYPE" speed="13.19" pos="185.14" lane="1/2to0/2_0" slope="0.00"/>
        <vehicle id="1" x="601.65" y="455.31" angle="180.00" type="DEFAULT_VEHTYPE" speed="12.92" pos="50.56" lane="3/2to3/3_0" slope="0.00"/>
        <vehicle id="17" x="201.65" y="416.64" angle="180.00" type="DEFAULT_VEHTYPE" speed="12.93" pos="11.89" lane="1/2to1/3_0" slope="0.00"/>
        <vehicle id="18" x="201.65" y="254.69" angle="180.00" type="DEFAULT_VEHTYPE" speed="13.73" pos="49.94" lane="1/1to1/2_0" slope="0.00"/>
        <vehicle id="21" x="398.35" y="211.28" angle="0.00" type="DEFAULT_VEHTYPE" speed="12.93" pos="183.97" lane="2/2to2/1_0" slope="0.00"/>
        <vehicle id="22" x="735.73" y="201.65" angle="-90.00" type="DEFAULT_VEHTYPE" speed="12.78" pos="64.27" lane="4/1to3/1_0" slope="0.00"/>
        <vehicle id="24" x="401.65" y="715.45" angle="180.00" type="DEFAULT_VEHTYPE" speed="12.65" pos="110.70" lane="2/3to2/4_0" slope="0.00"/>
        <vehicle id="26" x="401.65" y="664.22" angle="180.00" type="DEFAULT_VEHTYPE" speed="12.67" pos="59.47" lane="2/3to2/4_0" slope="0.00"/>
        <vehicle id="28" x="91.43" y="398.35" angle="90.00" type="DEFAULT_VEHTYPE" speed="13.31" pos="91.43" lane="0/2to1/2_0" slope="0.00"/>
        <vehicle id="32" x="201.65" y="538.11" angle="180.00" type="DEFAULT_VEHTYPE" speed="13.29" pos="133.36" lane="1/2to1/3_0" slope="0.00"/>
        <vehicle id="35" x="398.35" y="503.68" angle="0.00" type="DEFAULT_VEHTYPE" speed="13.02" pos="91.57" lane="2/3to2/2_0" slope="0.00"/>
        <vehicle id="37" x="527.15" y="401.65" angle="-90.00" type="DEFAULT_VEHTYPE" speed="12.71" pos="68.10" lane="3/2to2/2_0" slope="0.00"/>
        <vehicle id="38" x="601.65" y="383.72" angle="180.00" type="DEFAULT_VEHTYPE" speed="13.53" pos="178.97" lane="3/1to3/2_0" slope="0.00"/>
        <vehicle id="41" x="201.65" y="494.55" angle="180.00" type="DEFAULT_VEHTYPE" speed="12.69" pos="89.80" lane="1/2to1/3_0" slope="0.00"/>
        <vehicle id="44" x="395.03" y="598.35" angle="90.00" type="DEFAULT_VEHTYPE" speed="2.80" pos="190.28" lane="1/3to2/3_0" slope="0.00"/>
        <vehicle id="48" x="382.29" y="598.35" angle="90.00" type="DEFAULT_VEHTYPE" speed="3.77" pos="177.54" lane="1/3to2/3_0" slope="0.00"/>
        <vehicle id="5" x="398.35" y="582.91" angle="0.00" type="DEFAULT_VEHTYPE" speed="13.52" pos="12.34" lane="2/3to2/2_0" slope="0.00"/>
        <vehicle id="7" x="62.20" y="398.35" angle="90.00" type="DEFAULT_VEHTYPE" speed="13.31" pos="62.20" lane="0/2to1/2_0" slope="0.00"/>
        <vehicle id="8" x="398.35" y="431.75" angle="0.00" type="DEFAULT_VEHTYPE" speed="12.77" pos="163.50" lane="2/3to2/2_0" slope="0.00"/>
    </timestep>
    <timestep time="658.00">
        <vehicle id="0" x="-1.45" y="399.60" angle="-60.23" type="DEFAULT_VEHTYPE" speed="12.97" pos="2.86" lane=":0/2_0_0" slope="0.00"/>
        <vehicle id="1" x="601.65" y="467.92" angle="180.00" type="DEFAULT_VEHTYPE" speed="12.61" pos="63.17" lane="3/2to3/3_0" slope="0.00"/>
        <vehicle id="17" x="201.65" y="430.26" angle="180.00" type="DEFAULT_VEHTYPE" speed="13.62" pos="25.51" lane="1/2to1/3_0" slope="0.00"/>
        <vehicle id="18" x="201.65" y="268.53" angle="180.00" type="DEFAULT_VEHTYPE" speed="13.84" pos="63.78" lane="1/1to1/2_0" slope="0.00"/>
        <vehicle id="21" x="393.65" y="201.65" angle="-70.59" type="DEFAULT_VEHTYPE" speed="13.13" pos="1.60" lane="2/1to1/1_0" slope="0.00"/>
        <vehicle id="22" x="722.72" y="201.65" angle="-90.00" type="DEFAULT_VEHTYPE" speed="13.01" pos="77.28" lane="4/1to3/1_0" slope="0.00"/>
        <vehicle id="24" x="401.65" y="729.08" angle="180.00" type="DEFAULT_VEHTYPE" speed="13.63" pos="124.33" lane="2/3to2/4_0" slope="0.00"/>
        <vehicle id="26" x="401.65" y="677.53" angle="180.00" type="DEFAULT_VEHTYPE" speed="13.31" pos="72.78" lane="2/3to2/4_0" slope="0.00"/>
        <vehicle id="28" x="104.50" y="398.35" angle="90.00" type="DEFAULT_VEHTYPE" speed="13.06" pos="104.50" lane="0/2to1/2_0" slope="0.00"/>
        <vehicle id="32" x="201.65" y="551.75" angle="180.00" type="DEFAULT_VEHTYPE" speed="13.64" pos="147.00" lane="1/2to1/3_0" slope="0.00"/>
        <vehicle id="35" x="398.35" y="490.97" angle="0.00" type="DEFAULT_VEHTYPE" speed="12.71" pos="104.28" lane="2/3to2/2_0" slope="0.00"/>
        <vehicle id="37" x="513.74" y="401.65" angle="-90.00" type="DEFAULT_VEHTYPE" speed="13.41" pos="81.51" lane="3/2to2/2_0" slope="0.00"/>
        <vehicle id="38" x="601.65" y="397.13" angle="180.00" type="DEFAULT_VEHTYPE" speed="13.41" pos="1.88" lane=":3/2_9_0" slope="0.00"/>
        <vehicle id="41" x="201.65" y="507.65" angle="180.00" type="DEFAULT_VEHTYPE" speed="13.11" pos="102.90" lane="1/2to1/3_0" slope="0.00"/>
        <vehicle id="44" x="400.00" y="599.92" angle="108.48" type="DEFAULT_VEHTYPE" speed="5.32" pos="5.10" lane=":2/3_14_0" slope="0.00"/>
        <vehicle id="48" x="385.33" y="598.35" angle="90.00" type="DEFAULT_VEHTYPE" speed="3.04" pos="180.58" lane="1/3to2/3_0" slope="0.00"/>
        <vehicle id="5" x="398.35" y="569.07" angle="0.00" type="DEFAULT_VEHTYPE" speed="13.85" pos="26.18" lane="2/3to2/2_0" slope="0.00"/>
        <vehicle id="7" x="75.26" y="398.35" angle="90.00" type="DEFAULT_VEHTYPE" speed="13.05" pos="75.26" lane="0/2to1/2_0" slope="0.00"/>
        <vehicle id="8" x="398.35" y="418.00" angle="0.00" type="DEFAULT_VEHTYPE" speed="13.75" pos="177.25" lane="2/3to2/2_0" slope="0.00"/>
    </timestep>
    <timestep time="659.00">
        <vehicle id="0" x="11.56" y="398.35" angle="90.00" type="DEFAULT_VEHTYPE" speed="13.52" pos="11.56" lane="0/2to1/2_0" slope="0.00"/>
        <vehicle id="1" x="601.65" y="480.58" angle="180.00" type="DEFAULT_VEHTYPE" speed="12.66" pos="75.83" lane="3/2to3/3_0" slope="0.00"/>
        <vehicle id="17" x="201.65" y="443.41" angle="180.00" type="DEFAULT_VEHTYPE" speed="13.15" pos="38.66" lane="1/2to1/3_0" slope="0.00"/>
        <vehicle id="18" x="201.65" y="282.23" angle="180.00" type="DEFAULT_VEHTYPE" speed="13.69" pos="77.48" lane="1/1to1/2_0" slope="0.00"/>
        <vehicle id="21" x="380.73" y="201.65" angle="-90.00" type="DEFAULT_VEHTYPE" speed="12.93" pos="14.52" lane="2/1to1/1_0" slope="0.00"/>
        <vehicle id="22" x="709.84" y="201.65" angle="-90.00" type="DEFAULT_VEHTYPE" speed="12.88" pos="90.16" lane="4/1to3/1_0" slope="0.00"/>
        <vehicle id="24" x="401.65" y="742.40" angle="180.00" type="DEFAULT_VEHTYPE" speed="13.32" pos="137.65" lane="2/3to2/4_0" slope="0.00"/>
        <vehicle id="26" x="401.65" y="690.75" angle="180.00" type="DEFAULT_VEHTYPE" speed="13.21" pos="86.00" lane="2/3to2/4_0" slope="0.00"/>
        <vehicle id="28" x="118.22" y="398.35" angle="90.00" type="DEFAULT_VEHTYPE" speed="13.73" pos="118.22" lane="0/2to1/2_0" slope="0.00"/>
        <vehicle id="32" x="201.65" y="564.44" angle="180.00" type="DEFAULT_VEHTYPE" speed="12.69" pos="159.69" lane="1/2to1/3_0" slope="0.00"/>
        <vehicle id="35" x="398.35" y="478.15" angle="0.00" type="DEFAULT_VEHTYPE" speed="12.82" pos="117.10" lane="2/3to2/2_0" slope="0.00"/>
        <vehicle id="37" x="500.77" y="401.65" angle="-90.00" type="DEFAULT_VEHTYPE" speed="12.97" pos="94.48" lane="3/2to2/2_0" slope="0.00"/>
        <vehicle id="38" x="601.65" y="410.83" angle="180.00" type="DEFAULT_VEHTYPE" speed="13.70" pos="6.08" lane="3/2to3/3_0" slope="0.00"/>
        <vehicle id="41" x="201.65" y="521.27" angle="180.00" type="DEFAULT_VEHTYPE" speed="13.62" pos="116.52" lane="1/2to1/3_0" slope="0.00"/>
        <vehicle id="44" x="401.65" y="606.66" angle="173.82" type="DEFAULT_VEHTYPE" speed="7.13" pos="1.91" lane="2/3to2/4_0" slope="0.00"/>
        <vehicle id="48" x="389.90" y="598.35" angle="90.00" type="DEFAULT_VEHTYPE" speed="4.57" pos="185.15" lane="1/3to2/3_0" slope="0.00"/>
        <vehicle id="5" x="398.35" y="555.64" angle="0.00" type="DEFAULT_VEHTYPE" speed="13.43" pos="39.61" lane="2/3to2/2_0" slope="0.00"/>
        <vehicle id="7" x="87.91" y="398.35" angle="90.00" type="DEFAULT_VEHTYPE" speed="12.66" pos="87.91" lane="0/2to1/2_0" slope="0.00"/>
        <vehicle id="8" x="398.35" y="404.94" angle="0.00" type="DEFAULT_VEHTYPE" speed="13.06" pos="190.31" lane="2/3to2/2_0" slope="0.00"/>
    </timestep>
    <timestep time="660.00">
        <vehicle id="0" x="24.89" y="398.35" angle="90.00" type="DEFAULT_VEHTYPE" speed="13.33" pos="24.89" lane="0/2to1/2_0" slope="0.00"/>
        <vehicle id="1" x="601.65" y="493.50" angle="180.00" type="DEFAULT_VEHTYPE" speed="12.92" pos="88.75" lane="3/2to3/3_0" slope="0.00"/>
        <vehicle id="17" x="201.65" y="456.49" angle="180.00" type="DEFAULT_VEHTYPE" speed="13.08" pos="51.74" lane="1/2to1/3_0" slope="0.00"/>
        <vehicle id="18" x="201.65" y="295.93" angle="180.00" type="DEFAULT_VEHTYPE" speed="13.70" pos="91.18" lane="1/1to1/2_0" slope="0.00"/>
        <vehicle id="21" x="366.92" y="201.65" angle="-90.00" type="DEFAULT_VEHTYPE" speed="13.81" pos="28.33" lane="2/1to1/1_0" slope="0.00"/>
        <vehicle id="22" x="697.12" y="201.65" angle="-90.00" type="DEFAULT_VEHTYPE" speed="12.72" pos="102.88" lane="4/1to3/1_0" slope="0.00"/>
        <vehicle id="24" x="401.65" y="755.26" angle="180.00" type="DEFAULT_VEHTYPE" speed="12.86" pos="150.51" lane="2/3to2/4_0" slope="0.00"/>
        <vehicle id="26" x="401.65" y="704.27" angle="180.00" type="DEFAULT_VEHTYPE" speed="13.53" pos="99.52" lane="2/3to2/4_0" slope="0.00"/>
        <vehicle id="28" x="131.51" y="398.35" angle="90.00" type="DEFAULT_VEHTYPE" speed="13.29" pos="131.51" lane="0/2to1/2_0" slope="0.00"/>
        <vehicle id="32" x="201.65" y="577.31" angle="180.00" type="DEFAULT_VEHTYPE" speed="12.87" pos="172.56" lane="1/2to1/3_0" slope="0.00"/>
        <vehicle id="35" x="398.35" y="465.23" angle="0.00" type="DEFAULT_VEHTYPE" speed="12.92" pos="130.02" lane="2/3to2/2_0" slope="0.00"/>
        <vehicle id="37" x="487.96" y="401.65" angle="-90.00" type="DEFAULT_VEHTYPE" speed="12.80" pos="107.29" lane="3/2to2/2_0" slope="0.00"/>
        <vehicle id="38" x="601.65" y="423.59" angle="180.00" type="DEFAULT_VEHTYPE" speed="12.76" pos="18.84" lane="3/2to3/3_0" slope="0.00"/>
        <vehicle id="41" x="201.65" y="534.37" angle="180.00" type="DEFAULT_VEHTYPE" speed="13.10" pos="129.62" lane="1/2to1/3_0" slope="0.00"/>
        <vehicle id="44" x="401.65" y="615.55" angle="180.00" type="DEFAULT_VEHTYPE" speed="8.88" pos="10.80" lane="2/3to2/4_0" slope="0.00"/>
        <vehicle id="48" x="396.14" y="598.48" angle="91.45" type="DEFAULT_VEHTYPE" speed="6.25" pos="0.89" lane=":2/3_14_0" slope="0.00"/>
        <vehicle id="5" x="398.35" y="542.75" angle="0.00" type="DEFAULT_VEHTYPE" speed="12.88" pos="52.50" lane="2/3to2/2_0" slope="0.00"/>
        <vehicle id="7" x="101.15" y="398.35" angle="90.00" type="DEFAULT_VEHTYPE" speed="13.24" pos="101.15" lane="0/2to1/2_0" slope="0.00"/>
        <vehicle id="8" x="398.35" y="391.19" angle="0.00" type="DEFAULT_VEHTYPE" speed="13.75" pos="4.06" lane="2/2to2/1_0" slope="0.00"/>
    </timestep>
    <timestep time="661.00">
        <vehicle id="0" x="38.38" y="398.35" angle="90.00" type="DEFAULT_VEHTYPE" speed="13.49" pos="38.38" lane="0/2to1/2_0" slope="0.00"/>
        <vehicle id="1" x="601.65" y="506.91" angle="180.00" type="DEFAULT_VEHTYPE" speed="13.41" pos="102.16" lane="3/2to3/3_0" slope="0.00"/>
        <vehicle id="17" x="201.65" y="469.40" angle="180.00" type="DEFAULT_VEHTYPE" speed="12.91" pos="64.65" lane="1/2to1/3_0" slope="0.00"/>
        <vehicle id="18" x="201.65" y="308.63" angle="180.00" type="DEFAULT_VEHTYPE" speed="12.70" pos="103.88" lane="1/1to1/2_0" slope="0.00"/>
        <vehicle id="21" x="353.46" y="201.65" angle="-90.00" type="DEFAULT_VEHTYPE" speed="13.45" pos="41.79" lane="2/1to1/1_0" slope="0.00"/>
        <vehicle id="22" x="683.81" y="201.65" angle="-90.00" type="DEFAULT_VEHTYPE" speed="13.30" pos="116.19" lane="4/1to3/1_0" slope="0.00"/>
        <vehicle id="24" x="401.65" y="769.00" angle="180.00" type="DEFAULT_VEHTYPE" speed="13.74" pos="164.25" lane="2/3to2/4_0" slope="0.00"/>
        <vehicle id="26" x="401.65" y="718.00" angle="180.00" type="DEFAULT_VEHTYPE" speed="13.73" pos="113.25" lane="2/3to2/4_0" slope="0.00"/>
        <vehicle id="28" x="145.01" y="398.35" angle="90.00" type="DEFAULT_VEHTYPE" speed="13.50" pos="145.01" lane="0/2to1/2_0" slope="0.00"/>
        <vehicle id="32" x="201.65" y="590.30" angle="180.00" type="DEFAULT_VEHTYPE" speed="12.99" pos="185.55" lane="1/2to1/3_0" slope="0.00"/>
        <vehicle id="35" x="398.35" y="452.44" angle="0.00" type="DEFAULT_VEHTYPE" speed="12.79" pos="142.81" lane="2/3to2/2_0" slope="0.00"/>
        <vehicle id="37" x="475.06" y="401.65" angle="-90.00" type="DEFAULT_VEHTYPE" speed="12.90" pos="120.19" lane="3/2to2/2_0" slope="0.00"/>
        <vehicle id="38" x="601.65" y="436.59" angle="180.00" type="DEFAULT_VEHTYPE" speed="13.00" pos="31.84" lane="3/2to3/3_0" slope="0.00"/>
        <vehicle id="41" x="201.65" y="547.23" angle="180.00" type="DEFAULT_VEHTYPE" speed="12.85" pos="142.48" lane="1/2to1/3_0" slope="0.00"/>
        <vehicle id="44" x="401.65" y="626.97" angle="180.00" type="DEFAULT_VEHTYPE" speed="11.43" pos="22.22" lane="2/3to2/4_0" slope="0.00"/>
        <vehicle id="48" x="401.49" y="603.64" angle="151.56" type="DEFAULT_VEHTYPE" speed="8.30" pos="9.20" lane=":2/3_14_0" slope="0.00"/>
        <vehicle id="5" x="398.35" y="530.06" angle="0.00" type="DEFAULT_VEHTYPE" speed="12.69" pos="65.19" lane="2/3to2/2_0" slope="0.00"/>
        <vehicle id="7" x="114.99" y="398.35" angle="90.00" type="DEFAULT_VEHTYPE" speed="13.84" pos="114.99" lane="0/2to1/2_0" slope="0.00"/>
        <vehicle id="8" x="398.35" y="377.71" angle="0.00" type="DEFAULT_VEHTYPE" speed="13.48" pos="17.54" lane="2/2to2/1_0" slope="0.00"/>
    </timestep>
    <timestep time="662.00">
        <vehicle id="0" x="51.03" y="398.35" angle="90.00" type="DEFAULT_VEHTYPE" speed="12.65" pos="51.03" lane="0/2to1/2_0" slope="0.00"/>
        <vehicle id="1" x="601.65" y="519.61" angle="180.00" type="DEFAULT_VEHTYPE" speed="12.71" pos="114.86" lane="3/2to3/3_0" slope="0.00"/>
        <vehicle id="17" x="201.65" y="483.05" angle="180.00" type="DEFAULT_VEHTYPE" speed="13.65" pos="78.30" lane="1/2to1/3_0" slope="0.00"/>
        <vehicle id="18" x="201.65" y="322.07" angle="180.00" type="DEFAULT_VEHTYPE" speed="13.45" pos="117.32" lane="1/1to1/2_0" slope="0.00"/>
        <vehicle id="21" x="339.74" y="201.65" angle="-90.00" type="DEFAULT_VEHTYPE" speed="13.72" pos="55.51" lane="2/1to1/1_0" slope="0.00"/>
        <vehicle id="22" x="670.41" y="201.65" angle="-90.00" type="DEFAULT_VEHTYPE" speed="13.40" pos="129.59" lane="4/1to3/1_0" slope="0.00"/>
        <vehicle id="24" x="401.65" y="782.86" angle="180.00" type="DEFAULT_VEHTYPE" speed="13.85" pos="178.11" lane="2/3to2/4_0" slope="0.00"/>
        <vehicle id="26" x="401.65" y="731.74" angle="180.00" type="DEFAULT_VEHTYPE" speed="13.74" pos="126.99" lane="2/3to2/4_0" slope="0.00"/>
        <vehicle id="28" x="158.77" y="398.35" angle="90.00" type="DEFAULT_VEHTYPE" speed="13.76" pos="158.77" lane="0/2to1/2_0" slope="0.00"/>
        <vehicle id="32" x="208.23" y="598.35" angle="93.08" type="DEFAULT_VEHTYPE" speed="13.43" pos="3.48" lane="1/3to2/3_0" slope="0.00"/>
        <vehicle id="35" x="398.35" y="439.42" angle="0.00" type="DEFAULT_VEHTYPE" speed="13.03" pos="155.83" lane="2/3to2/2_0" slope="0.00"/>
        <vehicle id="37" x="462.05" y="401.65" angle="-90.00" type="DEFAULT_VEHTYPE" speed="13.01" pos="133.20" lane="3/2to2/2_0" slope="0.00"/>
        <vehicle id="38" x="601.65" y="450.22" angle="180.00" type="DEFAULT_VEHTYPE" speed="13.63" pos="45.47" lane="3/2to3/3_0" slope="0.00"/>
        <vehicle id="41" x="201.65" y="559.87" angle="180.00" type="DEFAULT_VEHTYPE" speed="12.64" pos="155.12" lane="1/2to1/3_0" slope="0.00"/>
        <vehicle id="44" x="401.65" y="640.42" angle="180.00" type="DEFAULT_VEHTYPE" speed="13.45" pos="35.67" lane="2/3to2/4_0" slope="0.00"/>
        <vehicle id="48" x="401.65" y="614.41" angle="180.00" type="DEFAULT_VEHTYPE" speed="10.78" pos="9.66" lane="2/3to2/4_0" slope="0.00"/>
        <vehicle id="5" x="398.35" y="516.19" angle="0.00" type="DEFAULT_VEHTYPE" speed="13.87" pos="79.06" lane="2/3to2/2_0" slope="0.00"/>
        <vehicle id="7" x="127.74" y="398.35" angle="90.00" type="DEFAULT_VEHTYPE" speed="12.75" pos="127.74" lane="0/2to1/2_0" slope="0.00"/>
        <vehicle id="8" x="398.35" y="364.52" angle="0.00" type="DEFAULT_VEHTYPE" speed="13.19" pos="30.73" lane="2/2to2/1_0" slope="0.00"/>
    </timestep>
    <timestep time="663.00">
        <vehicle id="0" x="64.33" y="398.35" angle="90.00" type="DEFAULT_VEHTYPE" speed="13.30" pos="64.33" lane="0/2to1/2_0" slope="0.00"/>
        <vehicle id="1" x="601.65" y="532.69" angle="180.00" type="DEFAULT_VEHTYPE" speed="13.07" pos="127.94" lane="3/2to3/3_0" slope="0.00"/>
        <vehicle id="17" x="201.65" y="496.48" angle="180.00" type="DEFAULT_VEHTYPE" speed="13.44" pos="91.73" lane="1/2to1/3_0" slope="0.00"/>
        <vehicle id="18" x="201.65" y="335.62" angle="180.00" type="DEFAULT_VEHTYPE" speed="13.54" pos="130.87" lane="1/1to1/2_0" slope="0.00"/>
        <vehicle id="21" x="325.85" y="201.65" angle="-90.00" type="DEFAULT_VEHTYPE" speed="13.90" pos="69.40" lane="2/1to1/1_0" slope="0.00"/>
        <vehicle id="22" x="657.44" y="201.65" angle="-90.00" type="DEFAULT_VEHTYPE" speed="12.97" pos="142.56" lane="4/1to3/1_0" slope="0.00"/>
        <vehicle id="24" x="401.65" y="796.70" angle="180.00" type="DEFAULT_VEHTYPE" speed="13.84" pos="191.95" lane="2/3to2/4_0" slope="0.00"/>
        <vehicle id="26" x="401.65" y="744.94" angle="180.00" type="DEFAULT_VEHTYPE" speed="13.20" pos="140.19" lane="2/3to2/4_0" slope="0.00"/>
        <vehicle id="28" x="171.23" y="398.35" angle="90.00" type="DEFAULT_VEHTYPE" speed="12.47" pos="171.23" lane="0/2to1/2_0" slope="0.00"/>
        <vehicle id="32" x="221.83" y="598.35" angle="90.00" type="DEFAULT_VEHTYPE" speed="13.60" pos="17.08" lane="1/3to2/3_0" slope="0.00"/>
        <vehicle id="35" x="398.35" y="426.08" angle="0.00" type="DEFAULT_VEHTYPE" speed="13.34" pos="169.17" lane="2/3to2/2_0" slope="0.00"/>
        <vehicle id="37" x="448.77" y="401.65" angle="-90.00" type="DEFAULT_VEHTYPE" speed="13.28" pos="146.48" lane="3/2to2/2_0" slope="0.00"/>
        <vehicle id="38" x="601.65" y="463.34" angle="180.00" type="DEFAULT_VEHTYPE" speed="13.12" pos="58.59" lane="3/2to3/3_0" slope="0.00"/>
        <vehicle id="41" x="201.65" y="573.33" angle="180.00" type="DEFAULT_VEHTYPE" speed="13.46" pos="168.58" lane="1/2to1/3_0" slope="0.00"/>
        <vehicle id="44" x="401.65" y="653.77" angle="180.00" type="DEFAULT_VEHTYPE" speed="13.34" pos="49.02" lane="2/3to2/4_0" slope="0.00"/>
        <vehicle id="48" x="401.65" y="626.68" angle="180.00" type="DEFAULT_VEHTYPE" speed="12.27" pos="21.93" lane="2/3to2/4_0" slope="0.00"/>
        <vehicle id="5" x="398.35" y="503.02" angle="0.00" type="DEFAULT_VEHTYPE" speed="13.17" pos="92.23" lane="2/3to2/2_0" slope="0.00"/>
        <vehicle id="7" x="141.60" y="398.35" angle="90.00" type="DEFAULT_VEHTYPE" speed="13.86" pos="141.60" lane="0/2to1/2_0" slope="0.00"/>
        <vehicle id="8" x="398.35" y="350.95" angle="0.00" type="DEFAULT_VEHTYPE" speed="13.57" pos="44.30" lane="2/2to2/1_0" slope="0.00"/>
    </timestep>
    <timestep time="664.00">
        <vehicle id="0" x="77.90" y="398.35" angle="90.00" type="DEFAULT_VEHTYPE" speed="13.57" pos="77.90" lane="0/2to1/2_0" slope="0.00"/>
        <vehicle id="1" x="601.65" y="545.44" angle="180.00" type="DEFAULT_VEHTYPE" speed="12.76" pos="140.69" lane="3/2to3/3_0" slope="0.00"/>
        <vehicle id="17" x="201.65" y="509.85" angle="180.00" type="DEFAULT_VEHTYPE" speed="13.36" pos="105.10" lane="1/2to1/3_0" slope="0.00"/>
        <vehicle id="18" x="201.65" y="349.31" angle="180.00" type="DEFAULT_VEHTYPE" speed="13.70" pos="144.56" lane="1/1to1/2_0" slope="0.00"/>
        <vehicle id="21" x="312.45" y="201.65" angle="-90.00" type="DEFAULT_VEHTYPE" speed="13.39" pos="82.80" lane="2/1to1/1_0" slope="0.00"/>
        <vehicle id="22" x="644.00" y="201.65" angle="-90.00" type="DEFAULT_VEHTYPE" speed="13.44" pos="156.00" lane="4/1to3/1_0" slope="0.00"/>
        <vehicle id="24" x="398.35" y="794.28" angle="0.00" type="DEFAULT_VEHTYPE" speed="13.84" pos="5.72" lane="2/4to2/3_0" slope="0.00"/>
        <vehicle id="26" x="401.65" y="757.67" angle="180.00" type="DEFAULT_VEHTYPE" speed="12.73" pos="152.92" lane="2/3to2/4_0" slope="0.00"/>
        <vehicle id="28" x="180.47" y="398.35" angle="90.00" type="DEFAULT_VEHTYPE" speed="9.24" pos="180.47" lane="0/2to1/2_0" slope="0.00"/>
        <vehicle id="32" x="235.25" y="598.35" angle="90.00" type="DEFAULT_VEHTYPE" speed="13.42" pos="30.50" lane="1/3to2/3_0" slope="0.00"/>
        <vehicle id="35" x="398.35" y="412.70" angle="0.00" type="DEFAULT_VEHTYPE" speed="13.39" pos="182.55" lane="2/3to2/2_0" slope="0.00"/>
        <vehicle id="37" x="435.97" y="401.65" angle="-90.00" type="DEFAULT_VEHTYPE" speed="12.79" pos="159.28" lane="3/2to2/2_0" slope="0.00"/>
        <vehicle id="38" x="601.65" y="476.96" angle="180.00" type="DEFAULT_VEHTYPE" speed="13.62" pos="72.21" lane="3/2to3/3_0" slope="0.00"/>
        <vehicle id="41" x="201.65" y="586.78" angle="180.00" type="DEFAULT_VEHTYPE" speed="13.45" pos="182.03" lane="1/2to1/3_0" slope="0.00"/>
        <vehicle id="44" x="401.65" y="666.96" angle="180.00" type="DEFAULT_VEHTYPE" speed="13.19" pos="62.21" lane="2/3to2/4_0" slope="0.00"/>
        <vehicle id="48" x="401.65" y="640.48" angle="180.00" type="DEFAULT_VEHTYPE" speed="13.81" pos="35.73" lane="2/3to2/4_0" slope="0.00"/>
        <vehicle id="5" x="398.35" y="489.22" angle="0.00" type="DEFAULT_VEHTYPE" speed="13.81" pos="106.03" lane="2/3to2/2_0" slope="0.00"/>
        <vehicle id="7" x="154.84" y="398.35" angle="90.00" type="DEFAULT_VEHTYPE" speed="13.23" pos="154.84" lane="0/2to1/2_0" slope="0.00"/>
        <vehicle id="8" x="398.35" y="337.90" angle="0.00" type="DEFAULT_VEHTYPE" speed="13.05" pos="57.35" lane="2/2to2/1_0" slope="0.00"/>
    </timestep>
    <timestep time="665.00">
        <vehicle id="0" x="91.54" y="398.35" angle="90.00" type="DEFAULT_VEHTYPE" speed="13.64" pos="91.54" lane="0/2to1/2_0" slope="0.00"/>
        <vehicle id="1" x="601.65" y="558.82" angle="180.00" type="DEFAULT_VEHTYPE" speed="13.37" pos="154.07" lane="3/2to3/3_0" slope="0.00"/>
        <vehicle id="17" x="201.65" y="522.45" angle="180.00" type="DEFAULT_VEHTYPE" speed="12.60" pos="117.70" lane="1/2to1/3_0" slope="0.00"/>
        <vehicle id="18" x="201.65" y="363.12" angle="180.00" type="DEFAULT_VEHTYPE" speed="13.81" pos="158.37" lane="1/1to1/2_0" slope="0.00"/>
        <vehicle id="21" x="299.10" y="201.65" angle="-90.00" type="DEFAULT_VEHTYPE" speed="13.35" pos="96.15" lane="2/1to1/1_0" slope="0.00"/>
        <vehicle id="22" x="631.24" y="201.65" angle="-90.00" type="DEFAULT_VEHTYPE" speed="12.76" pos="168.76" lane="4/1to3/1_0" slope="0.00"/>
        <vehicle id="24" x="398.35" y="781.30" angle="0.00" type="DEFAULT_VEHTYPE" speed="12.98" pos="18.70" lane="2/4to2/3_0" slope="0.00"/>
        <vehicle id="26" x="401.65" y="770.89" angle="180.00" type="DEFAULT_VEHTYPE" speed="13.22" pos="166.14" lane="2/3to2/4_0" slope="0.00"/>
        <vehicle id="28" x="186.30" y="398.35" angle="90.00" type="DEFAULT_VEHTYPE" speed="5.83" pos="186.30" lane="0/2to1/2_0" slope="0.00"/>
        <vehicle id="32" x="248.05" y="598.35" angle="90.00" type="DEFAULT_VEHTYPE" speed="12.80" pos="43.30" lane="1/3to2/3_0" slope="0.00"/>
        <vehicle id="35" x="395.14" y="401.65" angle="-46.85" type="DEFAULT_VEHTYPE" speed="13.05" pos="0.11" lane="2/2to1/2_0" slope="0.00"/>
        <vehicle id="37" x="424.76" y="401.65" angle="-90.00" type="DEFAULT_VEHTYPE" speed="11.21" pos="170.49" lane="3/2to2/2_0" slope="0.00"/>
        <vehicle id="38" x="601.65" y="490.46" angle="180.00" type="DEFAULT_VEHTYPE" speed="13.50" pos="85.71" lane="3/2to3/3_0" slope="0.00"/>
        <vehicle id="41" x="204.76" y="598.35" angle="134.85" type="DEFAULT_VEHTYPE" speed="13.48" pos="0.01" lane="1/3to2/3_0" slope="0.00"/>
        <vehicle id="44" x="401.65" y="680.75" angle="180.00" type="DEFAULT_VEHTYPE" speed="13.79" pos="76.00" lane="2/3to2/4_0" slope="0.00"/>
        <vehicle id="48" x="401.65" y="653.85" angle="180.00" type="DEFAULT_VEHTYPE" speed="13.36" pos="49.10" lane="2/3to2/4_0" slope="0.00"/>
        <vehicle id="5" x="398.35" y="475.44" angle="0.00" type="DEFAULT_VEHTYPE" speed="13.78" pos="119.81" lane="2/3to2/2_0" slope="0.00"/>
        <vehicle id="7" x="166.36" y="398.35" angle="90.00" type="DEFAULT_VEHTYPE" speed="11.53" pos="166.36" lane="0/2to1/2_0" slope="0.00"/>
        <vehicle id="8" x="398.35" y="324.61" angle="0.00" type="DEFAULT_VEHTYPE" speed="13.29" pos="70.64" lane="2/2to2/1_0" slope="0.00"/>
    </timestep>
    <timestep time="666.00">
        <vehicle id="0" x="104.55" y="398.35" angle="90.00" type="DEFAULT_VEHTYPE" speed="13.01" pos="104.55" lane="0/2to1/2_0" slope="0.00"/>
        <vehicle id="1" x="601.65" y="572.46" angle="180.00" type="DEFAULT_VEHTYPE" speed="13.64" pos="167.71" lane="3/2to3/3_0" slope="0.00"/>
        <vehicle id="17" x="201.65" y="535.92" angle="180.00" type="DEFAULT_VEHTYPE" speed="13.47" pos="131.17" lane="1/2to1/3_0" slope="0.00"/>
        <vehicle id="18" x="201.65" y="375.76" angle="180.00" type="DEFAULT_VEHTYPE" speed="12.64" pos="171.01" lane="1/1to1/2_0" slope="0.00"/>
        <vehicle id="21" x="286.25" y="201.65" angle="-90.00" type="DEFAULT_VEHTYPE" speed="12.86" pos="109.00" lane="2/1to1/1_0" slope="0.00"/>
        <vehicle id="22" x="620.45" y="201.65" angle="-90.00" type="DEFAULT_VEHTYPE" speed="10.79" pos="179.55" lane="4/1to3/1_0" slope="0.00"/>
        <vehicle id="24" x="398.35" y="768.36" angle="0.00" type="DEFAULT_VEHTYPE" speed="12.94" pos="31.64" lane="2/4to2/3_0" slope="0.00"/>
        <vehicle id="26" x="401.65" y="783.86" angle="180.00" type="DEFAULT_VEHTYPE" speed="12.97" pos="179.11" lane="2/3to2/4_0" slope="0.00"/>
        <vehicle id="28" x="190.28" y="398.35" angle="90.00" type="DEFAULT_VEHTYPE" speed="3.97" pos="190.28" lane="0/2to1/2_0" slope="0.00"/>
        <vehicle id="32" x="261.42" y="598.35" angle="90.00" type="DEFAULT_VEHTYPE" speed="13.37" pos="56.67" lane="1/3to2/3_0" slope="0.00"/>
        <vehicle id="35" x="381.26" y="401.65" angle="-90.00" type="DEFAULT_VEHTYPE" speed="13.88" pos="13.99" lane="2/2to1/2_0" slope="0.00"/>
        <vehicle id="37" x="416.43" y="401.65" angle="-90.00" type="DEFAULT_VEHTYPE" speed="8.33" pos="178.82" lane="3/2to2/2_0" slope="0.00"/>
        <vehicle id="38" x="601.65" y="504.06" angle="180.00" type="DEFAULT_VEHTYPE" speed="13.60" pos="99.31" lane="3/2to3/3_0" slope="0.00"/>
        <vehicle id="41" x="218.03" y="598.35" angle="90.00" type="DEFAULT_VEHTYPE" speed="13.27" pos="13.28" lane="1/3to2/3_0" slope="0.00"/>
        <vehicle id="44" x="401.65" y="693.82" angle="180.00" type="DEFAULT_VEHTYPE" speed="13.06" pos="89.07" lane="2/3to2/4_0" slope="0.00"/>
        <vehicle id="48" x="401.65" y="667.52" angle="180.00" type="DEFAULT_VEHTYPE" speed="13.68" pos="62.77" lane="2/3to2/4_0" slope="0.00"/>
        <vehicle id="5" x="398.35" y="462.54" angle="0.00" type="DEFAULT_VEHTYPE" speed="12.90" pos="132.71" lane="2/3to2/2_0" slope="0.00"/>
        <vehicle id="7" x="174.92" y="398.35" angle="90.00" type="DEFAULT_VEHTYPE" speed="8.56" pos="174.92" lane="0/2to1/2_0" slope="0.00"/>
        <vehicle id="8" x="398.35" y="310.97" angle="0.00" type="DEFAULT_VEHTYPE" speed="13.63" pos="84.28" lane="2/2to2/1_0" slope="0.00"/>
    </timestep>
    <timestep time="667.00">
        <vehicle id="0" x="117.19" y="398.35" angle="90.00" type="DEFAULT_VEHTYPE" speed="12.64" pos="117.19" lane="0/2to1/2_0" slope="0.00"/>
        <vehicle id="1" x="601.65" y="586.19" angle="180.00" type="DEFAULT_VEHTYPE" speed="13.73" pos="181.44" lane="3/2to3/3_0" slope="0.00"/>
        <vehicle id="17" x="201.65" y="548.79" angle="180.00" type="DEFAULT_VEHTYPE" speed="12.87" pos="144.04" lane="1/2to1/3_0" slope="0.00"/>
        <vehicle id="18" x="201.65" y="389.30" angle="180.00" type="DEFAULT_VEHTYPE" speed="13.54" pos="184.55" lane="1/1to1/2_0" slope="0.00"/>
        <vehicle id="21" x="272.82" y="201.65" angle="-90.00" type="DEFAULT_VEHTYPE" speed="13.42" pos="122.43" lane="2/1to1/1_0" slope="0.00"/>
        <vehicle id="22" x="613.98" y="201.65" angle="-90.00" type="DEFAULT_VEHTYPE" speed="6.47" pos="186.02" lane="4/1to3/1_0" slope="0.00"/>
        <vehicle id="24" x="398.35" y="755.07" angle="0.00" type="DEFAULT_VEHTYPE" speed="13.29" pos="44.93" lane="2/4to2/3_0" slope="0.00"/>
        <vehicle id="26" x="401.65" y="797.18" angle="180.00" type="DEFAULT_VEHTYPE" speed="13.33" pos="192.43" lane="2/3to2/4_0" slope="0.00"/>
        <vehicle id="28" x="191.99" y="398.35" angle="90.00" type="DEFAULT_VEHTYPE" speed="1.72" pos="191.99" lane="0/2to1/2_0" slope="0.00"/>
        <vehicle id="32" x="275.26" y="598.35" angle="90.00" type="DEFAULT_VEHTYPE" speed="13.84" pos="70.51" lane="1/3to2/3_0" slope="0.00"/>
        <vehicle id="35" x="368.36" y="401.65" angle="-90.00" type="DEFAULT_VEHTYPE" speed="12.90" pos="26.89" lane="2/2to1/2_0" slope="0.00"/>
        <vehicle id="37" x="411.92" y="401.65" angle="-90.00" type="DEFAULT_VEHTYPE" speed="4.51" pos="183.33" lane="3/2to2/2_0" slope="0.00"/>
        <vehicle id="38" x="601.65" y="517.44" angle="180.00" type="DEFAULT_VEHTYPE" speed="13.38" pos="112.69" lane="3/2to3/3_0" slope="0.00"/>
        <vehicle id="41" x="230.90" y="598.35" angle="90.00" type="DEFAULT_VEHTYPE" speed="12.87" pos="26.15" lane="1/3to2/3_0" slope="0.00"/>
        <vehicle id="44" x="401.65" y="706.43" angle="180.00" type="DEFAULT_VEHTYPE" speed="12.62" pos="101.68" lane="2/3to2/4_0" slope="0.00"/>
        <vehicle id="48" x="401.65" y="680.72" angle="180.00" type="DEFAULT_VEHTYPE" speed="13.19" pos="75.97" lane="2/3to2/4_0" slope="0.00"/>
        <vehicle id="5" x="398.35" y="449.44" angle="0.00" type="DEFAULT_VEHTYPE" speed="13.10" pos="145.81" lane="2/3to2/2_0" slope="0.00"/>
        <vehicle id="7" x="179.26" y="398.35" angle="90.00" type="DEFAULT_VEHTYPE" speed="4.34" pos="179.26" lane="0/2to1/2_0" slope="0.00"/>
        <vehicle id="8" x="398.35" y="298.08" angle="0.00" type="DEFAULT_VEHTYPE" speed="12.89" pos="97.17" lane="2/2to2/1_0" slope="0.00"/>
    </timestep>
    <timestep time="668.00">
        <vehicle id="0" x="129.95" y="398.35" angle="90.00" type="DEFAULT_VEHTYPE" speed="12.76" pos="129.95" lane="0/2to1/2_0" slope="0.00"/>
        <vehicle id="1" x="604.17" y="598.27" angle="145.10" type="DEFAULT_VEHTYPE" speed="13.48" pos="4.41" lane=":3/3_8_0" slope="0.00"/>
        <vehicle id="17" x="201.65" y="561.39" angle="180.00" type="DEFAULT_VEHTYPE" speed="12.60" pos="156.64" lane="1/2to1/3_0" slope="0.00"/>
        <vehicle id="18" x="201.65" y="402.26" angle="180.00" type="DEFAULT_VEHTYPE" speed="12.96" pos="7.01" lane=":1/2_9_0" slope="0.00"/>
        <vehicle id="21" x="259.65" y="201.65" angle="-90.00" type="DEFAULT_VEHTYPE" speed="13.18" pos="135.60" lane="2/1to1/1_0" slope="0.00"/>
        <vehicle id="22" x="609.95" y="201.65" angle="-90.00" type="DEFAULT_VEHTYPE" speed="4.03" pos="190.05" lane="4/1to3/1_0" slope="0.00"/>
        <vehicle id="24" x="398.35" y="741.42" angle="0.00" type="DEFAULT_VEHTYPE" speed="13.66" pos="58.58" lane="2/4to2/3_0" slope="0.00"/>
        <vehicle id="26" x="398.35" y="794.49" angle="0.00" type="DEFAULT_VEHTYPE" speed="13.15" pos="5.51" lane="2/4to2/3_0" slope="0.00"/>
        <vehicle id="28" x="192.44" y="398.35" angle="90.00" type="DEFAULT_VEHTYPE" speed="0.45" pos="192.44" lane="0/2to1/2_0" slope="0.00"/>
        <vehicle id="32" x="289.16" y="598.35" angle="90.00" type="DEFAULT_VEHTYPE" speed="13.89" pos="84.41" lane="1/3to2/3_0" slope="0.00"/>
        <vehicle id="35" x="355.52" y="401.65" angle="-90.00" type="DEFAULT_VEHTYPE" speed="12.83" pos="39.73" lane="2/2to1/2_0" slope="0.00"/>
        <vehicle id="37" x="408.94" y="401.65" angle="-90.00" type="DEFAULT_VEHTYPE" speed="2.98" pos="186.31" lane="3/2to2/2_0" slope="0.00"/>
        <vehicle id="38" x="601.65" y="530.94" angle="180.00" type="DEFAULT_VEHTYPE" speed="13.49" pos="126.19" lane="3/2to3/3_0" slope="0.00"/>
        <vehicle id="41" x="243.56" y="598.35" angle="90.00" type="DEFAULT_VEHTYPE" speed="12.66" pos="38.81" lane="1/3to2/3_0" slope="0.00"/>
        <vehicle id="44" x="401.65" y="720.10" angle="180.00" type="DEFAULT_VEHTYPE" speed="13.67" pos="115.35" lane="2/3to2/4_0" slope="0.00"/>
        <vehicle id="48" x="401.65" y="694.21" angle="180.00" type="DEFAULT_VEHTYPE" speed="13.50" pos="89.46" lane="2/3to2/4_0" slope="0.00"/>
        <vehicle id="5" x="398.35" y="435.63" angle="0.00" type="DEFAULT_VEHTYPE" speed="13.81" pos="159.62" lane="2/3to2/2_0" slope="0.00"/>
        <vehicle id="7" x="182.94" y="398.35" angle="90.00" type="DEFAULT_VEHTYPE" speed="3.68" pos="182.94" lane="0/2to1/2_0" slope="0.00"/>
        <vehicle id="8" x="398.35" y="284.67" angle="0.00" type="DEFAULT_VEHTYPE" speed="13.41" pos="110.58" lane="2/2to2/1_0" slope="0.00"/>
    </timestep>
    <timestep time="669.00">
        <vehicle id="0" x="143.23" y="398.35" angle="90.00" type="DEFAULT_VEHTYPE" speed="13.28" pos="143.23" lane="0/2to1/2_0" slope="0.00"/>
        <vehicle id="1" x="617.62" y="598.35" angle="90.00" type="DEFAULT_VEHTYPE" speed="13.46" pos="12.87" lane="3/3to4/3_0" slope="0.00"/>
        <vehicle id="17" x="201.65" y="575.05" angle="180.00" type="DEFAULT_VEHTYPE" speed="13.66" pos="170.30" lane="1/2to1/3_0" slope="0.00"/>
        <vehicle id="18" x="201.65" y="415.37" angle="180.00" type="DEFAULT_VEHTYPE" speed="13.11" pos="10.62" lane="1/2to1/3_0" slope="0.00"/>
        <vehicle id="21" x="246.63" y="201.65" angle="-90.00" type="DEFAULT_VEHTYPE" speed="13.01" pos="148.62" lane="2/1to1/1_0" slope="0.00"/>
        <vehicle id="22" x="603.81" y="201.78" angle="-91.51" type="DEFAULT_VEHTYPE" speed="6.15" pos="0.95" lane=":3/1_4_0" slope="0.00"/>
        <vehicle id="24" x="398.35" y="728.75" angle="0.00" type="DEFAULT_VEHTYPE" speed="12.67" pos="71.25" lane="2/4to2/3_0" slope="0.00"/>
        <vehicle id="26" x="398.35" y="781.10" angle="0.00" type="DEFAULT_VEHTYPE" speed="13.38" pos="18.90" lane="2/4to2/3_0" slope="0.00"/>
        <vehicle id="28" x="192.64" y="398.35" angle="90.00" type="DEFAULT_VEHTYPE" speed="0.20" pos="192.64" lane="0/2to1/2_0" slope="0.00"/>
        <vehicle id="32" x="301.92" y="598.35" angle="90.00" type="DEFAULT_VEHTYPE" speed="12.76" pos="97.17" lane="1/3to2/3_0" slope="0.00"/>
        <vehicle id="35" x="342.04" y="401.65" angle="-90.00" type="DEFAULT_VEHTYPE" speed="13.48" pos="53.21" lane="2/2to1/2_0" slope="0.00"/>
        <vehicle id="37" x="403.80" y="401.51" angle="-88.44" type="DEFAULT_VEHTYPE" speed="5.15" pos="0.96" lane=":2/2_6_0" slope="0.00"/>
        <vehicle id="38" x="601.65" y="544.70" angle="180.00" type="DEFAULT_VEHTYPE" speed="13.77" pos="139.95" lane="3/2to3/3_0" slope="0.00"/>
        <vehicle id="41" x="256.27" y="598.35" angle="90.00" type="DEFAULT_VEHTYPE" speed="12.70" pos="51.52" lane="1/3to2/3_0" slope="0.00"/>
        <vehicle id="44" x="401.65" y="733.92" angle="180.00" type="DEFAULT_VEHTYPE" speed="13.82" pos="129.17" lane="2/3to2/4_0" slope="0.00"/>
        <vehicle id="48" x="401.65" y="707.97" angle="180.00" type="DEFAULT_VEHTYPE" speed="13.76" pos="103.22" lane="2/3to2/4_0" slope="0.00"/>
        <vehicle id="5" x="398.35" y="422.62" angle="0.00" type="DEFAULT_VEHTYPE" speed="13.01" pos="172.63" lane="2/3to2/2_0" slope="0.00"/>
        <vehicle id="7" x="183.81" y="398.35" angle="90.00" type="DEFAULT_VEHTYPE" speed="0.87" pos="183.81" lane="0/2to1/2_0" slope="0.00"/>
        <vehicle id="8" x="398.35" y="271.09" angle="0.00" type="DEFAULT_VEHTYPE" speed="13.59" pos="124.16" lane="2/2to2/1_0" slope="0.00"/>
    </timestep>
    <timestep time="670.00">
        <vehicle id="0" x="156.15" y="398.35" angle="90.00" type="DEFAULT_VEHTYPE" speed="12.93" pos="156.15" lane="0/2to1/2_0" slope="0.00"/>
        <vehicle id="1" x="631.41" y="598.35" angle="90.00" type="DEFAULT_VEHTYPE" speed="13.79" pos="26.66" lane="3/3to4/3_0" slope="0.00"/>
        <vehicle id="17" x="201.65" y="588.29" angle="180.00" type="DEFAULT_VEHTYPE" speed="13.24" pos="183.54" lane="1/2to1/3_0" slope="0.00"/>
        <vehicle id="18" x="201.65" y="429.10" angle="180.00" type="DEFAULT_VEHTYPE" speed="13.73" pos="24.35" lane="1/2to1/3_0" slope="0.00"/>
        <vehicle id="21" x="233.58" y="201.65" angle="-90.00" type="DEFAULT_VEHTYPE" speed="13.05" pos="161.67" lane="2/1to1/1_0" slope="0.00"/>
        <vehicle id="22" x="601.65" y="209.23" angle="-179.17" type="DEFAULT_VEHTYPE" speed="8.53" pos="4.48" lane="3/1to3/2_0" slope="0.00"/>
        <vehicle id="24" x="398.35" y="715.98" angle="0.00" type="DEFAULT_VEHTYPE" speed="12.77" pos="84.02" lane="2/4to2/3_0" slope="0.00"/>
        <vehicle id="26" x="398.35" y="767.56" angle="0.00" type="DEFAULT_VEHTYPE" speed="13.54" pos="32.44" lane="2/4to2/3_0" slope="0.00"/>
        <vehicle id="28" x="194.54" y="398.35" angle="90.00" type="DEFAULT_VEHTYPE" speed="1.90" pos="194.54" lane="0/2to1/2_0" slope="0.00"/>
        <vehicle id="32" x="315.49" y="598.35" angle="90.00" type="DEFAULT_VEHTYPE" speed="13.57" pos="110.74" lane="1/3to2/3_0" slope="0.00"/>
        <vehicle id="35" x="329.35" y="401.65" angle="-90.00" type="DEFAULT_VEHTYPE" speed="12.69" pos="65.90" lane="2/2to1/2_0" slope="0.00"/>
        <vehicle id="37" x="398.63" y="397.23" angle="-37.53" type="DEFAULT_VEHTYPE" speed="7.36" pos="8.32" lane=":2/2_6_0" slope="0.00"/>
        <vehicle id="38" x="601.65" y="557.86" angle="180.00" type="DEFAULT_VEHTYPE" speed="13.15" pos="153.11" lane="3/2to3/3_0" slope="0.00"/>
        <vehicle id="41" x="269.71" y="598.35" angle="90.00" type="DEFAULT_VEHTYPE" speed="13.44" pos="64.96" lane="1/3to2/3_0" slope="0.00"/>
        <vehicle id="44" x="401.65" y="746.85" angle="180.00" type="DEFAULT_VEHTYPE" speed="12.93" pos="142.10" lane="2/3to2/4_0" slope="0.00"/>
        <vehicle id="48" x="401.65" y="721.28" angle="180.00" type="DEFAULT_VEHTYPE" speed="13.31" pos="116.53" lane="2/3to2/4_0" slope="0.00"/>
        <vehicle id="5" x="398.35" y="409.96" angle="0.00" type="DEFAULT_VEHTYPE" speed="12.66" pos="185.29" lane="2/3to2/2_0" slope="0.00"/>
        <vehicle id="7" x="184.90" y="398.35" angle="90.00" type="DEFAULT_VEHTYPE" speed="1.09" pos="184.90" lane="0/2to1/2_0" slope="0.00"/>
        <vehicle id="8" x="398.35" y="258.21" angle="0.00" type="DEFAULT_VEHTYPE" speed="12.88" pos="137.04" lane="2/2to2/1_0" slope="0.00"/>
    </timestep>
    <timestep time="671.00">
        <vehicle id="0" x="165.44" y="398.35" angle="90.00" type="DEFAULT_VEHTYPE" speed="9.29" pos="165.44" lane="0/2to1/2_0" slope="0.00"/>
        <vehicle id="1" x="645.18" y="598.35" angle="90.00" type="DEFAULT_VEHTYPE" speed="13.77" pos="40.43" lane="3/3to4/3_0" slope="0.00"/>
        <vehicle id="17" x="206.22" y="598.35" angle="110.90" type="DEFAULT_VEHTYPE" speed="13.43" pos="1.47" lane="1/3to2/3_0" slope="0.00"/>
        <vehicle id="18" x="201.65" y="442.66" angle="180.00" type="DEFAULT_VEHTYPE" speed="13.56" pos="37.91" lane="1/2to1/3_0" slope="0.00"/>
        <vehicle id="21" x="223.23" y="201.65" angle="-90.00" type="DEFAULT_VEHTYPE" speed="10.35" pos="172.02" lane="2/1to1/1_0" slope="0.00"/>
        <vehicle id="22" x="601.65" y="219.52" angle="180.00" type="DEFAULT_VEHTYPE" speed="10.29" pos="14.77" lane="3/1to3/2_0" slope="0.00"/>
        <vehicle id="24" x="398.35" y="703.22" angle="0.00" type="DEFAULT_VEHTYPE" speed="12.75" pos="96.78" lane="2/4to2/3_0" slope="0.00"/>
        <vehicle id="26" x="398.35" y="754.54" angle="0.00" type="DEFAULT_VEHTYPE" speed="13.02" pos="45.46" lane="2/4to2/3_0" slope="0.00"/>
        <vehicle id="28" x="198.71" y="399.14" angle="99.27" type="DEFAULT_VEHTYPE" speed="4.30" pos="3.59" lane=":1/2_14_0" slope="0.00"/>
        <vehicle id="32" x="328.68" y="598.35" angle="90.00" type="DEFAULT_VEHTYPE" speed="13.19" pos="123.93" lane="1/3to2/3_0" slope="0.00"/>
        <vehicle id="35" x="316.66" y="401.65" angle="-90.00" type="DEFAULT_VEHTYPE" speed="12.69" pos="78.59" lane="2/2to1/2_0" slope="0.00"/>
        <vehicle id="37" x="398.35" y="387.99" angle="0.00" type="DEFAULT_VEHTYPE" speed="9.26" pos="7.26" lane="2/2to2/1_0" slope="0.00"/>
        <vehicle id="38" x="601.65" y="570.83" angle="180.00" type="DEFAULT_VEHTYPE" speed="12.98" pos="166.08" lane="3/2to3/3_0" slope="0.00"/>
        <vehicle id="41" x="283.39" y="598.35" angle="90.00" type="DEFAULT_VEHTYPE" speed="13.68" pos="78.64" lane="1/3to2/3_0" slope="0.00"/>
        <vehicle id="44" x="401.65" y="760.08" angle="180.00" type="DEFAULT_VEHTYPE" speed="13.23" pos="155.33" lane="2/3to2/4_0" slope="0.00"/>
        <vehicle id="48" x="401.65" y="735.01" angle="180.00" type="DEFAULT_VEHTYPE" speed="13.73" pos="130.26" lane="2/3to2/4_0" slope="0.00"/>
        <vehicle id="5" x="391.78" y="401.65" angle="-86.83" type="DEFAULT_VEHTYPE" speed="13.68" pos="3.47" lane="2/2to1/2_0" slope="0.00"/>
        <vehicle id="7" x="186.22" y="398.35" angle="90.00" type="DEFAULT_VEHTYPE" speed="1.32" pos="186.22" lane="0/2to1/2_0" slope="0.00"/>
        <vehicle id="8" x="398.35" y="244.93" angle="0.00" type="DEFAULT_VEHTYPE" speed="13.27" pos="150.32" lane="2/2to2/1_0" slope="0.00"/>
    </timestep>
    <timestep time="672.00">
        <vehicle id="0" x="172.49" y="398.35" angle="90.00" type="DEFAULT_VEHTYPE" speed="7.05" pos="172.49" lane="0/2to1/2_0" slope="0.00"/>
        <vehicle id="1" x="658.21" y="598.35" angle="90.00" type="DEFAULT_VEHTYPE" speed="13.03" pos="53.46" lane="3/3to4/3_0" slope="0.00"/>
        <vehicle id="17" x="219.13" y="598.35" angle="90.00" type="DEFAULT_VEHTYPE" speed="12.91" pos="14.38" lane="1/3to2/3_0" slope="0.00"/>
        <vehicle id="18" x="201.65" y="455.53" angle="180.00" type="DEFAULT_VEHTYPE" speed="12.86" pos="50.78" lane="1/2to1/3_0" slope="0.00"/>
        <vehicle id="21" x="215.58" y="201.65" angle="-90.00" type="DEFAULT_VEHTYPE" speed="7.66" pos="179.67" lane="2/1to1/1_0" slope="0.00"/>
        <vehicle id="22" x="601.65" y="231.28" angle="180.00" type="DEFAULT_VEHTYPE" speed="11.76" pos="26.53" lane="3/1to3/2_0" slope="0.00"/>
        <vehicle id="24" x="398.35" y="689.90" angle="0.00" type="DEFAULT_VEHTYPE" speed="13.32" pos="110.10" lane="2/4to2/3_0" slope="0.00"/>
        <vehicle id="26" x="398.35" y="740.87" angle="0.00" type="DEFAULT_VEHTYPE" speed="13.67" pos="59.13" lane="2/4to2/3_0" slope="0.00"/>
        <vehicle id="28" x="201.63" y="404.59" angle="161.16" type="DEFAULT_VEHTYPE" speed="6.56" pos="10.15" lane=":1/2_14_0" slope="0.00"/>
        <vehicle id="32" x="342.56" y="598.35" angle="90.00" type="DEFAULT_VEHTYPE" speed="13.88" pos="137.81" lane="1/3to2/3_0" slope="0.00"/>
        <vehicle id="35" x="302.76" y="401.65" angle="-90.00" type="DEFAULT_VEHTYPE" speed="13.90" pos="92.49" lane="2/2to1/2_0" slope="0.00"/>
        <vehicle id="37" x="398.35" y="376.40" angle="0.00" type="DEFAULT_VEHTYPE" speed="11.58" pos="18.85" lane="2/2to2/1_0" slope="0.00"/>
        <vehicle id="38" x="601.65" y="584.19" angle="180.00" type="DEFAULT_VEHTYPE" speed="13.35" pos="179.44" lane="3/2to3/3_0" slope="0.00"/>
        <vehicle id="41" x="296.55" y="598.35" angle="90.00" type="DEFAULT_VEHTYPE" speed="13.16" pos="91.80" lane="1/3to2/3_0" slope="0.00"/>
        <vehicle id="44" x="401.65" y="773.88" angle="180.00" type="DEFAULT_VEHTYPE" speed="13.81" pos="169.13" lane="2/3to2/4_0" slope="0.00"/>
        <vehicle id="48" x="401.65" y="748.30" angle="180.00" type="DEFAULT_VEHTYPE" speed="13.29" pos="143.55" lane="2/3to2/4_0" slope="0.00"/>
        <vehicle id="5" x="378.16" y="401.65" angle="-90.00" type="DEFAULT_VEHTYPE" speed="13.63" pos="17.09" lane="2/2to1/2_0" slope="0.00"/>
        <vehicle id="7" x="188.65" y="398.35" angle="90.00" type="DEFAULT_VEHTYPE" speed="2.43" pos="188.65" lane="0/2to1/2_0" slope="0.00"/>
        <vehicle id="8" x="398.35" y="231.04" angle="0.00" type="DEFAULT_VEHTYPE" speed="13.90" pos="164.21" lane="2/2to2/1_0" slope="0.00"/>
    </timestep>
    <timestep time="673.00">
        <vehicle id="0" x="177.36" y="398.35" angle="90.00" type="DEFAULT_VEHTYPE" speed="4.86" pos="177.36" lane="0/2to1/2_0" slope="0.00"/>
        <vehicle id="1" x="671.74" y="598.35" angle="90.00" type="DEFAULT_VEHTYPE" speed="13.52" pos="66.99" lane="3/3to4/3_0" slope="0.00"/>
        <vehicle id="17" x="231.83" y="598.35" angle="90.00" type="DEFAULT_VEHTYPE" speed="12.70" pos="27.08" lane="1/3to2/3_0" slope="0.00"/>
        <vehicle id="18" x="201.65" y="469.14" angle="180.00" type="DEFAULT_VEHTYPE" speed="13.61" pos="64.39" lane="1/2to1/3_0" slope="0.00"/>
        <vehicle id="21" x="210.41" y="201.65" angle="-90.00" type="DEFAULT_VEHTYPE" speed="5.17" pos="184.84" lane="2/1to1/1_0" slope="0.00"/>
        <vehicle id="22" x="601.65" y="244.73" angle="180.00" type="DEFAULT_VEHTYPE" speed="13.44" pos="39.98" lane="3/1to3/2_0" slope="0.00"/>
        <vehicle id="24" x="398.35" y="676.58" angle="0.00" type="DEFAULT_VEHTYPE" speed="13.32" pos="123.42" lane="2/4to2/3_0" slope="0.00"/>
        <vehicle id="26" x="398.35" y="727.17" angle="0.00" type="DEFAULT_VEHTYPE" speed="13.70" pos="72.83" lane="2/4to2/3_0" slope="0.00"/>
        <vehicle id="28" x="201.65" y="413.36" angle="180.00" type="DEFAULT_VEHTYPE" speed="8.78" pos="8.61" lane="1/2to1/3_0" slope="0.00"/>
        <vehicle id="32" x="355.84" y="598.35" angle="90.00" type="DEFAULT_VEHTYPE" speed="13.28" pos="151.09" lane="1/3to2/3_0" slope="0.00"/>
        <vehicle id="35" x="289.04" y="401.65" angle="-90.00" type="DEFAULT_VEHTYPE" speed="13.72" pos="106.21" lane="2/2to1/2_0" slope="0.00"/>
        <vehicle id="37" x="398.35" y="363.66" angle="0.00" type="DEFAULT_VEHTYPE" speed="12.74" pos="31.59" lane="2/2to2/1_0" slope="0.00"/>
        <vehicle id="38" x="602.30" y="597.37" angle="172.46" type="DEFAULT_VEHTYPE" speed="13.32" pos="2.26" lane=":3/3_8_0" slope="0.00"/>
        <vehicle id="41" x="310.31" y="598.35" angle="90.00" type="DEFAULT_VEHTYPE" speed="13.76" pos="105.56" lane="1/3to2/3_0" slope="0.00"/>
        <vehicle id="44" x="401.65" y="787.15" angle="180.00" type="DEFAULT_VEHTYPE" speed="13.27" pos="182.40" lane="2/3to2/4_0" slope="0.00"/>
        <vehicle id="48" x="401.65" y="761.15" angle="180.00" type="DEFAULT_VEHTYPE" speed="12.85" pos="156.40" lane="2/3to2/4_0" slope="0.00"/>
        <vehicle id="5" x="364.86" y="401.65" angle="-90.00" type="DEFAULT_VEHTYPE" speed="13.30" pos="30.39" lane="2/2to1/2_0" slope="0.00"/>
        <vehicle id="7" x="192.56" y="398.35" angle="90.00" type="DEFAULT_VEHTYPE" speed="3.91" pos="192.56" lane="0/2to1/2_0" slope="0.00"/>
        <vehicle id="8" x="398.35" y="218.09" angle="0.00" type="DEFAULT_VEHTYPE" speed="12.95" pos="177.16" lane="2/2to2/1_0" slope="0.00"/>
    </timestep>
    <timestep time="674.00">
        <vehicle id="0" x="181.24" y="398.35" angle="90.00" type="DEFAULT_VEHTYPE" speed="3.88" pos="181.24" lane="0/2to1/2_0" slope="0.00"/>
        <vehicle id="1" x="685.10" y="598.35" angle="90.00" type="DEFAULT_VEHTYPE" speed="13.36" pos="80.35" lane="3/3to4/3_0" slope="0.00"/>
        <vehicle id="17" x="245.05" y="598.35" angle="90.00" type="DEFAULT_VEHTYPE" speed="13.22" pos="40.30" lane="1/3to2/3_0" slope="0.00"/>
        <vehicle id="18" x="201.65" y="482.36" angle="180.00" type="DEFAULT_VEHTYPE" speed="13.22" pos="77.61" lane="1/2to1/3_0" slope="0.00"/>
        <vehicle id="21" x="203.52" y="201.82" angle="-91.98" type="DEFAULT_VEHTYPE" speed="6.90" pos="1.24" lane=":1/1_4_0" slope="0.00"/>
        <vehicle id="22" x="601.65" y="257.92" angle="180.00" type="DEFAULT_VEHTYPE" speed="13.19" pos="53.17" lane="3/1to3/2_0" slope="0.00"/>
        <vehicle id="24" x="398.35" y="663.90" angle="0.00" type="DEFAULT_VEHTYPE" speed="12.67" pos="136.10" lane="2/4to2/3_0" slope="0.00"/>
        <vehicle id="26" x="398.35" y="713.88" angle="0.00" type="DEFAULT_VEHTYPE" speed="13.29" pos="86.12" lane="2/4to2/3_0" slope="0.00"/>
        <vehicle id="28" x="201.65" y="424.54" angle="180.00" type="DEFAULT_VEHTYPE" speed="11.18" pos="19.79" lane="1/2to1/3_0" slope="0.00"/>
        <vehicle id="32" x="368.53" y="598.35" angle="90.00" type="DEFAULT_VEHTYPE" speed="12.69" pos="163.78" lane="1/3to2/3_0" slope="0.00"/>
        <vehicle id="35" x="276.08" y="401.65" angle="-90.00" type="DEFAULT_VEHTYPE" speed="12.96" pos="119.17" lane="2/2to1/2_0" slope="0.00"/>
        <vehicle id="37" x="398.35" y="350.49" angle="0.00" type="DEFAULT_VEHTYPE" speed="13.17" pos="44.76" lane="2/2to2/1_0" slope="0.00"/>
        <vehicle id="38" x="615.35" y="598.35" angle="90.00" type="DEFAULT_VEHTYPE" speed="13.34" pos="10.60" lane="3/3to4/3_0" slope="0.00"/>
        <vehicle id="41" x="323.37" y="598.35" angle="90.00" type="DEFAULT_VEHTYPE" speed="13.05" pos="118.62" lane="1/3to2/3_0" slope="0.00"/>
        <vehicle id="44" x="401.50" y="800.22" angle="-178.31" type="DEFAULT_VEHTYPE" speed="13.11" pos="0.27" lane=":2/4_0_0" slope="0.00"/>
        <vehicle id="48" x="401.65" y="774.12" angle="180.00" type="DEFAULT_VEHTYPE" speed="12.97" pos="169.37" lane="2/3to2/4_0" slope="0.00"/>
        <vehicle id="5" x="351.73" y="401.65" angle="-90.00" type="DEFAULT_VEHTYPE" speed="13.12" pos="43.52" lane="2/2to1/2_0" slope="0.00"/>
        <vehicle id="7" x="198.32" y="398.91" angle="96.54" type="DEFAULT_VEHTYPE" speed="5.84" pos="3.15" lane=":1/2_14_0" slope="0.00"/>
        <vehicle id="8" x="398.35" y="204.82" angle="0.00" type="DEFAULT_VEHTYPE" speed="13.27" pos="190.43" lane="2/2to2/1_0" slope="0.00"/>
    </timestep>
    <timestep time="675.00">
        <vehicle id="0" x="187.65" y="398.35" angle="90.00" type="DEFAULT_VEHTYPE" speed="6.42" pos="187.65" lane="0/2to1/2_0" slope="0.00"/>
        <vehicle id="1" x="698.22" y="598.35" angle="90.00" type="DEFAULT_VEHTYPE" speed="13.12" pos="93.47" lane="3/3to4/3_0" slope="0.00"/>
        <vehicle id="17" x="258.02" y="598.35" angle="90.00" type="DEFAULT_VEHTYPE" speed="12.97" pos="53.27" lane="1/3to2/3_0" slope="0.00"/>
        <vehicle id="18" x="201.65" y="496.23" angle="180.00" type="DEFAULT_VEHTYPE" speed="13.87" pos="91.48" lane="1/2to1/3_0" slope="0.00"/>
        <vehicle id="21" x="201.65" y="210.33" angle="180.00" type="DEFAULT_VEHTYPE" speed="9.34" pos="5.58" lane="1/1to1/2_0" slope="0.00"/>
        <vehicle id="22" x="601.65" y="271.36" angle="180.00" type="DEFAULT_VEHTYPE" speed="13.44" pos="66.61" lane="3/1to3/2_0" slope="0.00"/>
        <vehicle id="24" x="398.35" y="650.48" angle="0.00" type="DEFAULT_VEHTYPE" speed="13.43" pos="149.52" lane="2/4to2/3_0" slope="0.00"/>
        <vehicle id="26" x="398.35" y="700.09" angle="0.00" type="DEFAULT_VEHTYPE" speed="13.79" pos="99.91" lane="2/4to2/3_0" slope="0.00"/>
        <vehicle id="28" x="201.65" y="437.66" angle="180.00" type="DEFAULT_VEHTYPE" speed="13.12" pos="32.91" lane="1/2to1/3_0" slope="0.00"/>
        <vehicle id="32" x="379.32" y="598.35" angle="90.00" type="DEFAULT_VEHTYPE" speed="10.79" pos="174.57" lane="1/3to2/3_0" slope="0.00"/>
        <vehicle id="35" x="262.24" y="401.65" angle="-90.00" type="DEFAULT_VEHTYPE" speed="13.85" pos="133.01" lane="2/2to1/2_0" slope="0.00"/>
        <vehicle id="37" x="398.35" y="336.90" angle="0.00" type="DEFAULT_VEHTYPE" speed="13.59" pos="58.35" lane="2/2to2/1_0" slope="0.00"/>
        <vehicle id="38" x="628.75" y="598.35" angle="90.00" type="DEFAULT_VEHTYPE" speed="13.39" pos="24.00" lane="3/3to4/3_0" slope="0.00"/>
        <vehicle id="41" x="336.32" y="598.35" angle="90.00" type="DEFAULT_VEHTYPE" speed="12.95" pos="131.57" lane="1/3to2/3_0" slope="0.00"/>
        <vehicle id="44" x="398.35" y="790.93" angle="0.00" type="DEFAULT_VEHTYPE" speed="13.63" pos="9.07" lane="2/4to2/3_0" slope="0.00"/>
        <vehicle id="48" x="401.65" y="787.88" angle="180.00" type="DEFAULT_VEHTYPE" speed="13.76" pos="183.13" lane="2/3to2/4_0" slope="0.00"/>
        <vehicle id="5" x="338.39" y="401.65" angle="-90.00" type="DEFAULT_VEHTYPE" speed="13.35" pos="56.86" lane="2/2to1/2_0" slope="0.00"/>
        <vehicle id="7" x="201.65" y="404.86" angle="162.65" type="DEFAULT_VEHTYPE" speed="7.28" pos="0.11" lane="1/2to1/3_0" slope="0.00"/>
        <vehicle id="8" x="387.46" y="201.65" angle="-90.00" type="DEFAULT_VEHTYPE" speed="12.86" pos="7.79" lane="2/1to1/1_0" slope="0.00"/>
    </timestep>
    <timestep time="676.00">
        <vehicle id="0" x="190.08" y="398.35" angle="90.00" type="DEFAULT_VEHTYPE" speed="2.43" pos="190.08" lane="0/2to1/2_0" slope="0.00"/>
        <vehicle id="1" x="711.02" y="598.35" angle="90.00" type="DEFAULT_VEHTYPE" speed="12.80" pos="106.27" lane="3/3to4/3_0" slope="0.00"/>
        <vehicle id="17" x="271.74" y="598.35" angle="90.00" type="DEFAULT_VEHTYPE" speed="13.73" pos="66.99" lane="1/3to2/3_0" slope="0.00"/>
        <vehicle id="18" x="201.65" y="510.05" angle="180.00" type="DEFAULT_VEHTYPE" speed="13.82" pos="105.30" lane="1/2to1/3_0" slope="0.00"/>
        <vehicle id="21" x="201.65" y="222.08" angle="180.00" type="DEFAULT_VEHTYPE" speed="11.75" pos="17.33" lane="1/1to1/2_0" slope="0.00"/>
        <vehicle id="22" x="601.65" y="285.24" angle="180.00" type="DEFAULT_VEHTYPE" speed="13.88" pos="80.49" lane="3/1to3/2_0" slope="0.00"/>
        <vehicle id="24" x="398.35" y="637.31" angle="0.00" type="DEFAULT_VEHTYPE" speed="13.16" pos="162.69" lane="2/4to2/3_0" slope="0.00"/>
        <vehicle id="26" x="398.35" y="687.43" angle="0.00" type="DEFAULT_VEHTYPE" speed="12.66" pos="112.57" lane="2/4to2/3_0" slope="0.00"/>
        <vehicle id="28" x="201.65" y="450.49" angle="180.00" type="DEFAULT_VEHTYPE" speed="12.83" pos="45.74" lane="1/2to1/3_0" slope="0.00"/>
        <vehicle id="32" x="386.62" y="598.35" angle="90.00" type="DEFAULT_VEHTYPE" speed="7.30" pos="181.87" lane="1/3to2/3_0" slope="0.00"/>
        <vehicle id="35" x="248.98" y="401.65" angle="-90.00" type="DEFAULT_VEHTYPE" speed="13.26" pos="146.27" lane="2/2to1/2_0" slope="0.00"/>
        <vehicle id="37" x="398.35" y="323.98" angle="0.00" type="DEFAULT_VEHTYPE" speed="12.92" pos="71.27" lane="2/2to2/1_0" slope="0.00"/>
        <vehicle id="38" x="641.67" y="598.35" angle="90.00" type="DEFAULT_VEHTYPE" speed="12.92" pos="36.92" lane="3/3to4/3_0" slope="0.00"/>
        <vehicle id="41" x="349.96" y="598.35" angle="90.00" type="DEFAULT_VEHTYPE" speed="13.64" pos="145.21" lane="1/3to2/3_0" slope="0.00"/>
        <vehicle id="44" x="398.35" y="778.18" angle="0.00" type="DEFAULT_VEHTYPE" speed="12.75" pos="21.82" lane="2/4to2/3_0" slope="0.00"/>
        <vehicle id="48" x="400.68" y="801.32" angle="-168.18" type="DEFAULT_VEHTYPE" speed="13.78" pos="1.66" lane=":2/4_0_0" slope="0.00"/>
        <vehicle id="5" x="324.50" y="401.65" angle="-90.00" type="DEFAULT_VEHTYPE" speed="13.89" pos="70.75" lane="2/2to1/2_0" slope="0.00"/>
        <vehicle id="7" x="201.65" y="413.86" angle="180.00" type="DEFAULT_VEHTYPE" speed="9.00" pos="9.11" lane="1/2to1/3_0" slope="0.00"/>
        <vehicle id="8" x="373.81" y="201.65" angle="-90.00" type="DEFAULT_VEHTYPE" speed="13.66" pos="21.44" lane="2/1to1/1_0" slope="0.00"/>
    </timestep>
    <timestep time="677.00">
        <vehicle id="0" x="194.51" y="398.35" angle="90.00" type="DEFAULT_VEHTYPE" speed="4.43" pos="194.51" lane="0/2to1/2_0" slope="0.00"/>
        <vehicle id="1" x="723.99" y="598.35" angle="90.00" type="DEFAULT_VEHTYPE" speed="12.97" pos="119.24" lane="3/3to4/3_0" slope="0.00"/>
        <vehicle id="17" x="285.48" y="598.35" angle="90.00" type="DEFAULT_VEHTYPE" speed="13.74" pos="80.73" lane="1/3to2/3_0" slope="0.00"/>
        <vehicle id="18" x="201.65" y="523.05" angle="180.00" type="DEFAULT_VEHTYPE" speed="13.00" pos="118.30" lane="1/2to1/3_0" slope="0.00"/>
        <vehicle id="21" x="201.65" y="235.68" angle="180.00" type="DEFAULT_VEHTYPE" speed="13.60" pos="30.93" lane="1/1to1/2_0" slope="0.00"/>
        <vehicle id="22" x="601.65" y="298.71" angle="180.00" type="DEFAULT_VEHTYPE" speed="13.47" pos="93.96" lane="3/1to3/2_0" slope="0.00"/>
        <vehicle id="24" x="398.35" y="623.75" angle="0.00" type="DEFAULT_VEHTYPE" speed="13.56" pos="176.25" lane="2/4to2/3_0" slope="0.00"/>
        <vehicle id="26" x="398.35" y="674.40" angle="0.00" type="DEFAULT_VEHTYPE" speed="13.03" pos="125.60" lane="2/4to2/3_0" slope="0.00"/>
        <vehicle id="28" x="201.65" y="464.23" angle="180.00" type="DEFAULT_VEHTYPE" speed="13.73" pos="59.48" lane="1/2to1/3_0" slope="0.00"/>
        <vehicle id="32" x="390.46" y="598.35" angle="90.00" type="DEFAULT_VEHTYPE" speed="3.84" pos="185.71" lane="1/3to2/3_0" slope="0.00"/>
        <vehicle id="35" x="235.23" y="401.65" angle="-90.00" type="DEFAULT_VEHTYPE" speed="13.75" pos="160.02" lane="2/2to1/2_0" slope="0.00"/>
        <vehicle id="37" x="398.35" y="310.59" angle="0.00" type="DEFAULT_VEHTYPE" speed="13.40" pos="84.66" lane="2/2to2/1_0" slope="0.00"/>
        <vehicle id="38" x="655.27" y="598.35" angle="90.00" type="DEFAULT_VEHTYPE" speed="13.60" pos="50.52" lane="3/3to4/3_0" slope="0.00"/>
        <vehicle id="41" x="363.77" y="598.35" angle="90.00" type="DEFAULT_VEHTYPE" speed="13.81" pos="159.02" lane="1/3to2/3_0" slope="0.00"/>
        <vehicle id="44" x="398.35" y="765.36" angle="0.00" type="DEFAULT_VEHTYPE" speed="12.82" pos="34.64" lane="2/4to2/3_0" slope="0.00"/>
        <vehicle id="48" x="398.35" y="790.02" angle="0.00" type="DEFAULT_VEHTYPE" speed="13.14" pos="9.98" lane="2/4to2/3_0" slope="0.00"/>
        <vehicle id="5" x="310.67" y="401.65" angle="-90.00" type="DEFAULT_VEHTYPE" speed="13.83" pos="84.58" lane="2/2to1/2_0" slope="0.00"/>
        <vehicle id="7" x="201.65" y="425.18" angle="180.00" type="DEFAULT_VEHTYPE" speed="11.31" pos="20.43" lane="1/2to1/3_0" slope="0.00"/>
        <vehicle id="8" x="361.19" y="201.65" angle="-90.00" type="DEFAULT_VEHTYPE" speed="12.61" pos="34.06" lane="2/1to1/1_0" slope="0.00"/>
    </timestep>
    <timestep time="678.00">
        <vehicle id="0" x="200.46" y="400.63" angle="116.71" type="DEFAULT_VEHTYPE" speed="6.69" pos="5.95" lane=":1/2_14_0" slope="0.00"/>
        <vehicle id="1" x="737.58" y="598.35" angle="90.00" type="DEFAULT_VEHTYPE" speed="13.60" pos="132.83" lane="3/3to4/3_0" slope="0.00"/>
        <vehicle id="17" x="299.26" y="598.35" angle="90.00" type="DEFAULT_VEHTYPE" speed="13.78" pos="94.51" lane="1/3to2/3_0" slope="0.00"/>
        <vehicle id="18" x="201.65" y="536.82" angle="180.00" type="DEFAULT_VEHTYPE" speed="13.77" pos="132.07" lane="1/2to1/3_0" slope="0.00"/>
        <vehicle id="21" x="201.65" y="249.33" angle="180.00" type="DEFAULT_VEHTYPE" speed="13.65" pos="44.58" lane="1/1to1/2_0" slope="0.00"/>
        <vehicle id="22" x="601.65" y="312.44" angle="180.00" type="DEFAULT_VEHTYPE" speed="13.73" pos="107.69" lane="3/1to3/2_0" slope="0.00"/>
        <vehicle id="24" x="398.35" y="611.07" angle="0.00" type="DEFAULT_VEHTYPE" speed="12.68" pos="188.93" lane="2/4to2/3_0" slope="0.00"/>
        <vehicle id="26" x="398.35" y="661.53" angle="0.00" type="DEFAULT_VEHTYPE" speed="12.87" pos="138.47" lane="2/4to2/3_0" slope="0.00"/>
        <vehicle id="28" x="201.65" y="477.76" angle="180.00" type="DEFAULT_VEHTYPE" speed="13.54" pos="73.01" lane="1/2to1/3_0" slope="0.00"/>
        <vehicle id="32" x="391.94" y="598.35" angle="90.00" type="DEFAULT_VEHTYPE" speed="1.48" pos="187.19" lane="1/3to2/3_0" slope="0.00"/>
        <vehicle id="35" x="223.25" y="401.65" angle="-90.00" type="DEFAULT_VEHTYPE" speed="11.99" pos="172.00" lane="2/2to1/2_0" slope="0.00"/>
        <vehicle id="37" x="398.35" y="296.89" angle="0.00" type="DEFAULT_VEHTYPE" speed="13.70" pos="98.36" lane="2/2to2/1_0" slope="0.00"/>
        <vehicle id="38" x="668.41" y="598.35" angle="90.00" type="DEFAULT_VEHTYPE" speed="13.13" pos="63.66" lane="3/3to4/3_0" slope="0.00"/>
        <vehicle id="41" x="373.08" y="598.35" angle="90.00" type="DEFAULT_VEHTYPE" speed="9.31" pos="168.33" lane="1/3to2/3_0" slope="0.00"/>
        <vehicle id="44" x="398.35" y="751.89" angle="0.00" type="DEFAULT_VEHTYPE" speed="13.47" pos="48.11" lane="2/4to2/3_0" slope="0.00"/>
        <vehicle id="48" x="398.35" y="777.00" angle="0.00" type="DEFAULT_VEHTYPE" speed="13.02" pos="23.00" lane="2/4to2/3_0" slope="0.00"/>
        <vehicle id="5" x="297.68" y="401.65" angle="-90.00" type="DEFAULT_VEHTYPE" speed="12.99" pos="97.57" lane="2/2to1/2_0" slope="0.00"/>
        <vehicle id="7" x="201.65" y="438.97" angle="180.00" type="DEFAULT_VEHTYPE" speed="13.80" pos="34.22" lane="1/2to1/3_0" slope="0.00"/>
        <vehicle id="8" x="347.68" y="201.65" angle="-90.00" type="DEFAULT_VEHTYPE" speed="13.51" pos="47.57" lane="2/1to1/1_0" slope="0.00"/>
    </timestep>
    <timestep time="679.00">
        <vehicle id="0" x="201.65" y="409.39" angle="179.41" type="DEFAULT_VEHTYPE" speed="9.01" pos="4.64" lane="1/2to1/3_0" slope="0.00"/>
        <vehicle id="1" x="750.20" y="598.35" angle="90.00" type="DEFAULT_VEHTYPE" speed="12.62" pos="145.45" lane="3/3to4/3_0" slope="0.00"/>
        <vehicle id="17" x="312.33" y="598.35" angle="90.00" type="DEFAULT_VEHTYPE" speed="13.07" pos="107.58" lane="1/3to2/3_0" slope="0.00"/>
        <vehicle id="18" x="201.65" y="550.66" angle="180.00" type="DEFAULT_VEHTYPE" speed="13.84" pos="145.91" lane="1/2to1/3_0" slope="0.00"/>
        <vehicle id="21" x="201.65" y="261.94" angle="180.00" type="DEFAULT_VEHTYPE" speed="12.61" pos="57.19" lane="1/1to1/2_0" slope="0.00"/>
        <vehicle id="22" x="601.65" y="325.24" angle="180.00" type="DEFAULT_VEHTYPE" speed="12.80" pos="120.49" lane="3/1to3/2_0" slope="0.00"/>
        <vehicle id="24" x="398.35" y="598.39" angle="0.00" type="DEFAULT_VEHTYPE" speed="12.67" pos="6.36" lane=":2/3_1_0" slope="0.00"/>
        <vehicle id="26" x="398.35" y="648.45" angle="0.00" type="DEFAULT_VEHTYPE" speed="13.08" pos="151.55" lane="2/4to2/3_0" slope="0.00"/>
        <vehicle id="28" x="201.65" y="490.41" angle="180.00" type="DEFAULT_VEHTYPE" speed="12.65" pos="85.66" lane="1/2to1/3_0" slope="0.00"/>
        <vehicle id="32" x="392.56" y="598.35" angle="90.00" type="DEFAULT_VEHTYPE" speed="0.62" pos="187.81" lane="1/3to2/3_0" slope="0.00"/>
        <vehicle id="35" x="215.76" y="401.65" angle="-90.00" type="DEFAULT_VEHTYPE" speed="7.49" pos="179.49" lane="2/2to1/2_0" slope="0.00"/>
        <vehicle id="37" x="398.35" y="283.11" angle="0.00" type="DEFAULT_VEHTYPE" speed="13.77" pos="112.14" lane="2/2to2/1_0" slope="0.00"/>
        <vehicle id="38" x="681.03" y="598.35" angle="90.00" type="DEFAULT_VEHTYPE" speed="12.63" pos="76.28" lane="3/3to4/3_0" slope="0.00"/>
        <vehicle id="41" x="379.28" y="598.35" angle="90.00" type="DEFAULT_VEHTYPE" speed="6.20" pos="174.53" lane="1/3to2/3_0" slope="0.00"/>
        <vehicle id="44" x="398.35" y="738.64" angle="0.00" type="DEFAULT_VEHTYPE" speed="13.25" pos="61.36" lane="2/4to2/3_0" slope="0.00"/>
        <vehicle id="48" x="398.35" y="764.30" angle="0.00" type="DEFAULT_VEHTYPE" speed="12.70" pos="35.70" lane="2/4to2/3_0" slope="0.00"/>
        <vehicle id="5" x="284.17" y="401.65" angle="-90.00" type="DEFAULT_VEHTYPE" speed="13.51" pos="111.08" lane="2/2to1/2_0" slope="0.00"/>
        <vehicle id="7" x="201.65" y="451.96" angle="180.00" type="DEFAULT_VEHTYPE" speed="12.99" pos="47.21" lane="1/2to1/3_0" slope="0.00"/>
        <vehicle id="8" x="334.40" y="201.65" angle="-90.00" type="DEFAULT_VEHTYPE" speed="13.28" pos="60.85" lane="2/1to1/1_0" slope="0.00"/>
    </timestep>
    <timestep time="680.00">
        <vehicle id="0" x="201.65" y="420.74" angle="180.00" type="DEFAULT_VEHTYPE" speed="11.35" pos="15.99" lane="1/2to1/3_0" slope="0.00"/>
        <vehicle id="1" x="764.10" y="598.35" angle="90.00" type="DEFAULT_VEHTYPE" speed="13.90" pos="159.35" lane="3/3to4/3_0" slope="0.00"/>
        <vehicle id="17" x="325.09" y="598.35" angle="90.00" type="DEFAULT_VEHTYPE" speed="12.77" pos="120.34" lane="1/3to2/3_0" slope="0.00"/>
        <vehicle id="18" x="201.65" y="563.34" angle="180.00" type="DEFAULT_VEHTYPE" speed="12.68" pos="158.59" lane="1/2to1/3_0" slope="0.00"/>
        <vehicle id="21" x="201.65" y="275.76" angle="180.00" type="DEFAULT_VEHTYPE" speed="13.83" pos="71.01" lane="1/1to1/2_0" slope="0.00"/>
        <vehicle id="22" x="601.65" y="337.93" angle="180.00" type="DEFAULT_VEHTYPE" speed="12.69" pos="133.18" lane="3/1to3/2_0" slope="0.00"/>
        <vehicle id="24" x="398.35" y="584.63" angle="0.00" type="DEFAULT_VEHTYPE" speed="13.77" pos="10.62" lane="2/3to2/2_0" slope="0.00"/>
        <vehicle id="26" x="398.35" y="635.78" angle="0.00" type="DEFAULT_VEHTYPE" speed="12.66" pos="164.22" lane="2/4to2/3_0" slope="0.00"/>
        <vehicle id="28" x="201.65" y="503.14" angle="180.00" type="DEFAULT_VEHTYPE" speed="12.72" pos="98.39" lane="1/2to1/3_0" slope="0.00"/>
        <vehicle id="32" x="392.67" y="598.35" angle="90.00" type="DEFAULT_VEHTYPE" speed="0.11" pos="187.92" lane="1/3to2/3_0" slope="0.00"/>
        <vehicle id="35" x="211.12" y="401.65" angle="-90.00" type="DEFAULT_VEHTYPE" speed="4.64" pos="184.13" lane="2/2to1/2_0" slope="0.00"/>
        <vehicle id="37" x="398.35" y="269.24" angle="0.00" type="DEFAULT_VEHTYPE" speed="13.87" pos="126.01" lane="2/2to2/1_0" slope="0.00"/>
        <vehicle id="38" x="693.85" y="598.35" angle="90.00" type="DEFAULT_VEHTYPE" speed="12.82" pos="89.10" lane="3/3to4/3_0" slope="0.00"/>
        <vehicle id="41" x="383.13" y="598.35" angle="90.00" type="DEFAULT_VEHTYPE" speed="3.85" pos="178.38" lane="1/3to2/3_0" slope="0.00"/>
        <vehicle id="44" x="398.35" y="725.14" angle="0.00" type="DEFAULT_VEHTYPE" speed="13.50" pos="74.86" lane="2/4to2/3_0" slope="0.00"/>
        <vehicle id="48" x="398.35" y="751.04" angle="0.00" type="DEFAULT_VEHTYPE" speed="13.26" pos="48.96" lane="2/4to2/3_0" slope="0.00"/>
        <vehicle id="5" x="271.29" y="401.65" angle="-90.00" type="DEFAULT_VEHTYPE" speed="12.88" pos="123.96" lane="2/2to1/2_0" slope="0.00"/>
        <vehicle id="7" x="201.65" y="464.85" angle="180.00" type="DEFAULT_VEHTYPE" speed="12.89" pos="60.10" lane="1/2to1/3_0" slope="0.00"/>
        <vehicle id="8" x="320.80" y="201.65" angle="-90.00" type="DEFAULT_VEHTYPE" speed="13.60" pos="74.45" lane="2/1to1/1_0" slope="0.00"/>
    </timestep>
    <timestep time="681.00">
        <vehicle id="0" x="201.65" y="434.10" angle="180.00" type="DEFAULT_VEHTYPE" speed="13.36" pos="29.35" lane="1/2to1/3_0" slope="0.00"/>
        <vehicle id="1" x="776.75" y="598.35" angle="90.00" type="DEFAULT_VEHTYPE" speed="12.65" pos="172.00" lane="3/3to4/3_0" slope="0.00"/>
        <vehicle id="17" x="337.74" y="598.35" angle="90.00" type="DEFAULT_VEHTYPE" speed="12.65" pos="132.99" lane="1/3to2/3_0" slope="0.00"/>
        <vehicle id="18" x="201.65" y="576.41" angle="180.00" type="DEFAULT_VEHTYPE" speed="13.08" pos="171.66" lane="1/2to1/3_0" slope="0.00"/>
        <vehicle id="21" x="201.65" y="289.28" angle="180.00" type="DEFAULT_VEHTYPE" speed="13.51" pos="84.53" lane="1/1to1/2_0" slope="0.00"/>
        <vehicle id="22" x="601.65" y="351.06" angle="180.00" type="DEFAULT_VEHTYPE" speed="13.12" pos="146.31" lane="3/1to3/2_0" slope="0.00"/>
        <vehicle id="24" x="398.35" y="570.99" angle="0.00" type="DEFAULT_VEHTYPE" speed="13.63" pos="24.26" lane="2/3to2/2_0" slope="0.00"/>
        <vehicle id="26" x="398.35" y="622.88" angle="0.00" type="DEFAULT_VEHTYPE" speed="12.91" pos="177.12" lane="2/4to2/3_0" slope="0.00"/>
        <vehicle id="28" x="201.65" y="516.97" angle="180.00" type="DEFAULT_VEHTYPE" speed="13.83" pos="112.22" lane="1/2to1/3_0" slope="0.00"/>
        <vehicle id="32" x="392.72" y="598.35" angle="90.00" type="DEFAULT_VEHTYPE" speed="0.05" pos="187.97" lane="1/3to2/3_0" slope="0.00"/>
        <vehicle id="35" x="204.75" y="401.65" angle="-90.00" type="DEFAULT_VEHTYPE" speed="6.38" pos="0.00" lane=":1/2_5_0" slope="0.00"/>
        <vehicle id="37" x="398.35" y="255.48" angle="0.00" type="DEFAULT_VEHTYPE" speed="13.76" pos="139.77" lane="2/2to2/1_0" slope="0.00"/>
        <vehicle id="38" x="706.75" y="598.35" angle="90.00" type="DEFAULT_VEHTYPE" speed="12.90" pos="102.00" lane="3/3to4/3_0" slope="0.00"/>
        <vehicle id="41" x="384.24" y="598.35" angle="90.00" type="DEFAULT_VEHTYPE" speed="1.11" pos="179.49" lane="1/3to2/3_0" slope="0.00"/>
        <vehicle id="44" x="398.35" y="711.57" angle="0.00" type="DEFAULT_VEHTYPE" speed="13.57" pos="88.43" lane="2/4to2/3_0" slope="0.00"/>
        <vehicle id="48" x="398.35" y="738.09" angle="0.00" type="DEFAULT_VEHTYPE" speed="12.95" pos="61.91" lane="2/4to2/3_0" slope="0.00"/>
        <vehicle id="5" x="257.41" y="401.65" angle="-90.00" type="DEFAULT_VEHTYPE" speed="13.88" pos="137.84" lane="2/2to1/2_0" slope="0.00"/>
        <vehicle id="7" x="201.65" y="478.58" angle="180.00" type="DEFAULT_VEHTYPE" speed="13.72" pos="73.83" lane="1/2to1/3_0" slope="0.00"/>
        <vehicle id="8" x="308.05" y="201.65" angle="-90.00" type="DEFAULT_VEHTYPE" speed="12.75" pos="87.20" lane="2/1to1/1_0" slope="0.00"/>
    </timestep>
    <timestep time="682.00">
        <vehicle id="0" x="201.65" y="447.56" angle="180.00" type="DEFAULT_VEHTYPE" speed="13.46" pos="42.81" lane="1/2to1/3_0" slope="0.00"/>
        <vehicle id="1" x="790.64" y="598.35" angle="90.00" type="DEFAULT_VEHTYPE" speed="13.89" pos="185.89" lane="3/3to4/3_0" slope="0.00"/>
        <vehicle id="17" x="351.18" y="598.35" angle="90.00" type="DEFAULT_VEHTYPE" speed="13.44" pos="146.43" lane="1/3to2/3_0" slope="0.00"/>
        <vehicle id="18" x="201.65" y="589.63" angle="180.00" type="DEFAULT_VEHTYPE" speed="13.21" pos="184.88" lane="1/2to1/3_0" slope="0.00"/>
        <vehicle id="21" x="201.65" y="302.53" angle="180.00" type="DEFAULT_VEHTYPE" speed="13.26" pos="97.78" lane="1/1to1/2_0" slope="0.00"/>
        <vehicle id="22" x="601.65" y="364.60" angle="180.00" type="DEFAULT_VEHTYPE" speed="13.54" pos="159.85" lane="3/1to3/2_0" slope="0.00"/>
        <vehicle id="24" x="398.35" y="557.86" angle="0.00" type="DEFAULT_VEHTYPE" speed="13.13" pos="37.39" lane="2/3to2/2_0" slope="0.00"/>
        <vehicle id="26" x="398.35" y="609.19" angle="0.00" type="DEFAULT_VEHTYPE" speed="13.68" pos="190.81" lane="2/4to2/3_0" slope="0.00"/>
        <vehicle id="28" x="201.65" y="530.24" angle="180.00" type="DEFAULT_VEHTYPE" speed="13.27" pos="125.49" lane="1/2to1/3_0" slope="0.00"/>
        <vehicle id="32" x="392.75" y="598.35" angle="90.00" type="DEFAULT_VEHTYPE" speed="0.03" pos="188.00" lane="1/3to2/3_0" slope="0.00"/>
        <vehicle id="35" x="196.70" y="401.65" angle="-90.00" type="DEFAULT_VEHTYPE" speed="8.04" pos="8.05" lane=":1/2_5_0" slope="0.00"/>
        <vehicle id="37" x="398.35" y="242.31" angle="0.00" type="DEFAULT_VEHTYPE" speed="13.17" pos="152.94" lane="2/2to2/1_0" slope="0.00"/>
        <vehicle id="38" x="720.32" y="598.35" angle="90.00" type="DEFAULT_VEHTYPE" speed="13.58" pos="115.57" lane="3/3to4/3_0" slope="0.00"/>
        <vehicle id="41" x="384.90" y="598.35" angle="90.00" type="DEFAULT_VEHTYPE" speed="0.66" pos="180.15" lane="1/3to2/3_0" slope="0.00"/>
        <vehicle id="44" x="398.35" y="698.12" angle="0.00" type="DEFAULT_VEHTYPE" speed="13.45" pos="101.88" lane="2/4to2/3_0" slope="0.00"/>
        <vehicle id="48" x="398.35" y="724.24" angle="0.00" type="DEFAULT_VEHTYPE" speed="13.85" pos="75.76" lane="2/4to2/3_0" slope="0.00"/>
        <vehicle id="5" x="243.99" y="401.65" angle="-90.00" type="DEFAULT_VEHTYPE" speed="13.43" pos="151.26" lane="2/2to1/2_0" slope="0.00"/>
        <vehicle id="7" x="201.65" y="491.93" angle="180.00" type="DEFAULT_VEHTYPE" speed="13.36" pos="87.18" lane="1/2to1/3_0" slope="0.00"/>
        <vehicle id="8" x="295.17" y="201.65" angle="-90.00" type="DEFAULT_VEHTYPE" speed="12.88" pos="100.08" lane="2/1to1/1_0" slope="0.00"/>
    </timestep>
    <timestep time="683.00">
        <vehicle id="0" x="201.65" y="460.70" angle="180.00" type="DEFAULT_VEHTYPE" speed="13.14" pos="55.95" lane="1/2to1/3_0" slope="0.00"/>
        <vehicle id="1" x="800.46" y="601.35" angle="158.30" type="DEFAULT_VEHTYPE" speed="13.63" pos="4.27" lane=":4/3_0_0" slope="0.00"/>
        <vehicle id="17" x="362.27" y="598.35" angle="90.00" type="DEFAULT_VEHTYPE" speed="11.09" pos="157.52" lane="1/3to2/3_0" slope="0.00"/>
        <vehicle id="18" x="207.03" y="598.35" angle="101.56" type="DEFAULT_VEHTYPE" speed="12.90" pos="2.28" lane="1/3to2/3_0" slope="0.00"/>
        <vehicle id="21" x="201.65" y="315.61" angle="180.00" type="DEFAULT_VEHTYPE" speed="13.08" pos="110.86" lane="1/1to1/2_0" slope="0.00"/>
        <vehicle id="22" x="601.65" y="375.65" angle="180.00" type="DEFAULT_VEHTYPE" speed="11.06" pos="170.90" lane="3/1to3/2_0" slope="0.00"/>
        <vehicle id="24" x="398.35" y="545.00" angle="0.00" type="DEFAULT_VEHTYPE" speed="12.86" pos="50.25" lane="2/3to2/2_0" slope="0.00"/>
        <vehicle id="26" x="398.35" y="595.97" angle="0.00" type="DEFAULT_VEHTYPE" speed="13.22" pos="8.78" lane=":2/3_1_0" slope="0.00"/>
        <vehicle id="28" x="201.65" y="542.98" angle="180.00" type="DEFAULT_VEHTYPE" speed="12.73" pos="138.23" lane="1/2to1/3_0" slope="0.00"/>
        <vehicle id="32" x="392.75" y="598.35" angle="90.00" type="DEFAULT_VEHTYPE" speed="0.00" pos="188.00" lane="1/3to2/3_0" slope="0.00"/>
        <vehicle id="35" x="186.78" y="401.65" angle="-90.00" type="DEFAULT_VEHTYPE" speed="9.92" pos="8.47" lane="1/2to0/2_0" slope="0.00"/>
        <vehicle id="37" x="398.35" y="228.43" angle="0.00" type="DEFAULT_VEHTYPE" speed="13.88" pos="166.82" lane="2/2to2/1_0" slope="0.00"/>
        <vehicle id="38" x="733.66" y="598.35" angle="90.00" type="DEFAULT_VEHTYPE" speed="13.34" pos="128.91" lane="3/3to4/3_0" slope="0.00"/>
        <vehicle id="41" x="385.12" y="598.35" angle="90.00" type="DEFAULT_VEHTYPE" speed="0.22" pos="180.37" lane="1/3to2/3_0" slope="0.00"/>
        <vehicle id="44" x="398.35" y="684.74" angle="0.00" type="DEFAULT_VEHTYPE" speed="13.38" pos="115.26" lane="2/4to2/3_0" slope="0.00"/>
        <vehicle id="48" x="398.35" y="710.47" angle="0.00" type="DEFAULT_VEHTYPE" speed="13.77" pos="89.53" lane="2/4to2/3_0" slope="0.00"/>
        <vehicle id="5" x="230.89" y="401.65" angle="-90.00" type="DEFAULT_VEHTYPE" speed="13.09" pos="164.36" lane="2/2to1/2_0" slope="0.00"/>
        <vehicle id="7" x="201.65" y="504.72" angle="180.00" type="DEFAULT_VEHTYPE" speed="12.79" pos="99.97" lane="1/2to1/3_0" slope="0.00"/>
        <vehicle id="8" x="281.43" y="201.65" angle="-90.00" type="DEFAULT_VEHTYPE" speed="13.74" pos="113.82" lane="2/1to1/1_0" slope="0.00"/>
    </timestep>
    <timestep time="684.00">
        <vehicle id="0" x="201.65" y="474.11" angle="180.00" type="DEFAULT_VEHTYPE" speed="13.41" pos="69.36" lane="1/2to1/3_0" slope="0.00"/>
        <vehicle id="1" x="787.17" y="601.65" angle="-90.00" type="DEFAULT_VEHTYPE" speed="13.38" pos="12.83" lane="4/3to3/3_0" slope="0.00"/>
        <vehicle id="17" x="369.73" y="598.35" angle="90.00" type="DEFAULT_VEHTYPE" speed="7.46" pos="164.98" lane="1/3to2/3_0" slope="0.00"/>
        <vehicle id="18" x="220.71" y="598.35" angle="90.00" type="DEFAULT_VEHTYPE" speed="13.68" pos="15.96" lane="1/3to2/3_0" slope="0.00"/>
        <vehicle id="21" x="201.65" y="329.37" angle="180.00" type="DEFAULT_VEHTYPE" speed="13.76" pos="124.62" lane="1/1to1/2_0" slope="0.00"/>
        <vehicle id="22" x="601.65" y="383.22" angle="180.00" type="DEFAULT_VEHTYPE" speed="7.56" pos="178.47" lane="3/1to3/2_0" slope="0.00"/>
        <vehicle id="24" x="398.35" y="532.22" angle="0.00" type="DEFAULT_VEHTYPE" speed="12.78" pos="63.03" lane="2/3to2/2_0" slope="0.00"/>
        <vehicle id="26" x="398.35" y="582.22" angle="0.00" type="DEFAULT_VEHTYPE" speed="13.75" pos="13.03" lane="2/3to2/2_0" slope="0.00"/>
        <vehicle id="28" x="201.65" y="555.73" angle="180.00" type="DEFAULT_VEHTYPE" speed="12.75" pos="150.98" lane="1/2to1/3_0" slope="0.00"/>
        <vehicle id="32" x="394.22" y="598.35" angle="90.00" type="DEFAULT_VEHTYPE" speed="1.47" pos="189.47" lane="1/3to2/3_0" slope="0.00"/>
        <vehicle id="35" x="175.15" y="401.65" angle="-90.00" type="DEFAULT_VEHTYPE" speed="11.63" pos="20.10" lane="1/2to0/2_0" slope="0.00"/>
        <vehicle id="37" x="398.35" y="215.71" angle="0.00" type="DEFAULT_VEHTYPE" speed="12.73" pos="179.54" lane="2/2to2/1_0" slope="0.00"/>
        <vehicle id="38" x="747.56" y="598.35" angle="90.00" type="DEFAULT_VEHTYPE" speed="13.90" pos="142.81" lane="3/3to4/3_0" slope="0.00"/>
        <vehicle id="41" x="385.22" y="598.35" angle="90.00" type="DEFAULT_VEHTYPE" speed="0.10" pos="180.47" lane="1/3to2/3_0" slope="0.00"/>
        <vehicle id="44" x="398.35" y="671.59" angle="0.00" type="DEFAULT_VEHTYPE" speed="13.15" pos="128.41" lane="2/4to2/3_0" slope="0.00"/>
        <vehicle id="48" x="398.35" y="697.35" angle="0.00" type="DEFAULT_VEHTYPE" speed="13.12" pos="102.65" lane="2/4to2/3_0" slope="0.00"/>
        <vehicle id="5" x="220.39" y="401.65" angle="-90.00" type="DEFAULT_VEHTYPE" speed="10.50" pos="174.86" lane="2/2to1/2_0" slope="0.00"/>
        <vehicle id="7" x="201.65" y="518.54" angle="180.00" type="DEFAULT_VEHTYPE" speed="13.81" pos="113.79" lane="1/2to1/3_0" slope="0.00"/>
        <vehicle id="8" x="268.41" y="201.65" angle="-90.00" type="DEFAULT_VEHTYPE" speed="13.02" pos="126.84" lane="2/1to1/1_0" slope="0.00"/>
    </timestep>
    <timestep time="685.00">
        <vehicle id="0" x="201.65" y="486.85" angle="180.00" type="DEFAULT_VEHTYPE" speed="12.74" pos="82.10" lane="1/2to1/3_0" slope="0.00"/>
        <vehicle id="1" x="773.36" y="601.65" angle="-90.00" type="DEFAULT_VEHTYPE" speed="13.81" pos="26.64" lane="4/3to3/3_0" slope="0.00"/>
        <vehicle id="17" x="373.85" y="598.35" angle="90.00" type="DEFAULT_VEHTYPE" speed="4.12" pos="169.10" lane="1/3to2/3_0" slope="0.00"/>
        <vehicle id="18" x="233.51" y="598.35" angle="90.00" type="DEFAULT_VEHTYPE" speed="12.80" pos="28.76" lane="1/3to2/3_0" slope="0.00"/>
        <vehicle id="21" x="201.65" y="343.21" angle="180.00" type="DEFAULT_VEHTYPE" speed="13.85" pos="138.46" lane="1/1to1/2_0" slope="0.00"/>
        <vehicle id="22" x="601.65" y="388.59" angle="180.00" type="DEFAULT_VEHTYPE" speed="5.37" pos="183.84" lane="3/1to3/2_0" slope="0.00"/>
        <vehicle id="24" x="398.35" y="518.35" angle="0.00" type="DEFAULT_VEHTYPE" speed="13.87" pos="76.90" lane="2/3to2/2_0" slope="0.00"/>
        <vehicle id="26" x="398.35" y="568.79" angle="0.00" type="DEFAULT_VEHTYPE" speed="13.44" pos="26.46" lane="2/3to2/2_0" slope="0.00"/>
        <vehicle id="28" x="201.65" y="568.80" angle="180.00" type="DEFAULT_VEHTYPE" speed="13.07" pos="164.05" lane="1/2to1/3_0" slope="0.00"/>
        <vehicle id="32" x="397.92" y="598.73" angle="94.38" type="DEFAULT_VEHTYPE" speed="3.72" pos="2.69" lane=":2/3_14_0" slope="0.00"/>
        <vehicle id="35" x="162.53" y="401.65" angle="-90.00" type="DEFAULT_VEHTYPE" speed="12.62" pos="32.72" lane="1/2to0/2_0" slope="0.00"/>
        <vehicle id="37" x="398.35" y="202.97" angle="0.00" type="DEFAULT_VEHTYPE" speed="12.73" pos="1.78" lane=":2/1_1_0" slope="0.00"/>
        <vehicle id="38" x="761.30" y="598.35" angle="90.00" type="DEFAULT_VEHTYPE" speed="13.73" pos="156.55" lane="3/3to4/3_0" slope="0.00"/>
        <vehicle id="41" x="386.02" y="598.35" angle="90.00" type="DEFAULT_VEHTYPE" speed="0.80" pos="181.27" lane="1/3to2/3_0" slope="0.00"/>
        <vehicle id="44" x="398.35" y="658.36" angle="0.00" type="DEFAULT_VEHTYPE" speed="13.23" pos="141.64" lane="2/4to2/3_0" slope="0.00"/>
        <vehicle id="48" x="398.35" y="684.31" angle="0.00" type="DEFAULT_VEHTYPE" speed="13.04" pos="115.69" lane="2/4to2/3_0" slope="0.00"/>
        <vehicle id="5" x="213.43" y="401.65" angle="-90.00" type="DEFAULT_VEHTYPE" speed="6.97" pos="181.82" lane="2/2to1/2_0" slope="0.00"/>
        <vehicle id="7" x="201.65" y="531.20" angle="180.00" type="DEFAULT_VEHTYPE" speed="12.66" pos="126.45" lane="1/2to1/3_0" slope="0.00"/>
        <vehicle id="8" x="255.35" y="201.65" angle="-90.00" type="DEFAULT_VEHTYPE" speed="13.07" pos="139.90" lane="2/1to1/1_0" slope="0.00"/>
    </timestep>
    <timestep time="686.00">
        <vehicle id="0" x="201.65" y="499.54" angle="180.00" type="DEFAULT_VEHTYPE" speed="12.69" pos="94.79" lane="1/2to1/3_0" slope="0.00"/>
        <vehicle id="1" x="759.50" y="601.65" angle="-90.00" type="DEFAULT_VEHTYPE" speed="13.87" pos="40.50" lane="4/3to3/3_0" slope="0.00"/>
        <vehicle id="17" x="376.02" y="598.35" angle="90.00" type="DEFAULT_VEHTYPE" speed="2.18" pos="171.27" lane="1/3to2/3_0" slope="0.00"/>
        <vehicle id="18" x="246.28" y="598.35" angle="90.00" type="DEFAULT_VEHTYPE" speed="12.77" pos="41.53" lane="1/3to2/3_0" slope="0.00"/>
        <vehicle id="21" x="201.65" y="356.71" angle="180.00" type="DEFAULT_VEHTYPE" speed="13.50" pos="151.96" lane="1/1to1/2_0" slope="0.00"/>
        <vehicle id="22" x="601.56" y="395.85" angle="-179.02" type="DEFAULT_VEHTYPE" speed="7.26" pos="0.60" lane=":3/2_10_0" slope="0.00"/>
        <vehicle id="24" x="398.35" y="504.64" angle="0.00" type="DEFAULT_VEHTYPE" speed="13.71" pos="90.61" lane="2/3to2/2_0" slope="0.00"/>
        <vehicle id="26" x="398.35" y="555.96" angle="0.00" type="DEFAULT_VEHTYPE" speed="12.83" pos="39.29" lane="2/3to2/2_0" slope="0.00"/>
        <vehicle id="28" x="201.65" y="582.35" angle="180.00" type="DEFAULT_VEHTYPE" speed="13.55" pos="177.60" lane="1/2to1/3_0" slope="0.00"/>
        <vehicle id="32" x="401.46" y="603.45" angle="149.58" type="DEFAULT_VEHTYPE" speed="6.32" pos="9.01" lane=":2/3_14_0" slope="0.00"/>
        <vehicle id="35" x="148.83" y="401.65" angle="-90.00" type="DEFAULT_VEHTYPE" speed="13.69" pos="46.42" lane="1/2to0/2_0" slope="0.00"/>
        <vehicle id="37" x="398.35" y="190.36" angle="0.00" type="DEFAULT_VEHTYPE" speed="12.61" pos="4.89" lane="2/1to2/0_0" slope="0.00"/>
        <vehicle id="38" x="775.12" y="598.35" angle="90.00" type="DEFAULT_VEHTYPE" speed="13.82" pos="170.37" lane="3/3to4/3_0" slope="0.00"/>
        <vehicle id="41" x="388.28" y="598.35" angle="90.00" type="DEFAULT_VEHTYPE" speed="2.26" pos="183.53" lane="1/3to2/3_0" slope="0.00"/>
        <vehicle id="44" x="398.35" y="645.67" angle="0.00" type="DEFAULT_VEHTYPE" speed="12.68" pos="154.33" lane="2/4to2/3_0" slope="0.00"/>
        <vehicle id="48" x="398.35" y="670.50" angle="0.00" type="DEFAULT_VEHTYPE" speed="13.82" pos="129.50" lane="2/4to2/3_0" slope="0.00"/>
        <vehicle id="5" x="210.50" y="401.65" angle="-90.00" type="DEFAULT_VEHTYPE" speed="2.93" pos="184.75" lane="2/2to1/2_0" slope="0.00"/>
        <vehicle id="7" x="201.65" y="544.89" angle="180.00" type="DEFAULT_VEHTYPE" speed="13.69" pos="140.14" lane="1/2to1/3_0" slope="0.00"/>
        <vehicle id="8" x="242.36" y="201.65" angle="-90.00" type="DEFAULT_VEHTYPE" speed="12.99" pos="152.89" lane="2/1to1/1_0" slope="0.00"/>
    </timestep>
    <timestep time="687.00">
        <vehicle id="0" x="201.65" y="512.92" angle="180.00" type="DEFAULT_VEHTYPE" speed="13.38" pos="108.17" lane="1/2to1/3_0" slope="0.00"/>
        <vehicle id="1" x="746.52" y="601.65" angle="-90.00" type="DEFAULT_VEHTYPE" speed="12.98" pos="53.48" lane="4/3to3/3_0" slope="0.00"/>
        <vehicle id="17" x="379.37" y="598.35" angle="90.00" type="DEFAULT_VEHTYPE" speed="3.35" pos="174.62" lane="1/3to2/3_0" slope="0.00"/>
        <vehicle id="18" x="259.13" y="598.35" angle="90.00" type="DEFAULT_VEHTYPE" speed="12.86" pos="54.38" lane="1/3to2/3_0" slope="0.00"/>
        <vehicle id="21" x="201.65" y="369.41" angle="180.00" type="DEFAULT_VEHTYPE" speed="12.70" pos="164.66" lane="1/1to1/2_0" slope="0.00"/>
        <vehicle id="22" x="596.14" y="401.52" angle="-116.18" type="DEFAULT_VEHTYPE" speed="8.81" pos="2.28" lane=":3/2_18_0" slope="0.00"/>
        <vehicle id="24" x="398.35" y="491.75" angle="0.00" type="DEFAULT_VEHTYPE" speed="12.89" pos="103.50" lane="2/3to2/2_0" slope="0.00"/>
        <vehicle id="26" x="398.35" y="543.09" angle="0.00" type="DEFAULT_VEHTYPE" speed="12.87" pos="52.16" lane="2/3to2/2_0" slope="0.00"/>
        <vehicle id="28" x="201.65" y="595.15" angle="180.00" type="DEFAULT_VEHTYPE" speed="12.80" pos="190.40" lane="1/2to1/3_0" slope="0.00"/>
        <vehicle id="32" x="401.65" y="611.42" angle="180.00" type="DEFAULT_VEHTYPE" speed="7.98" pos="6.67" lane="2/3to2/4_0" slope="0.00"/>
        <vehicle id="35" x="135.43" y="401.65" angle="-90.00" type="DEFAULT_VEHTYPE" speed="13.40" pos="59.82" lane="1/2to0/2_0" slope="0.00"/>
        <vehicle id="37" x="398.35" y="176.79" angle="0.00" type="DEFAULT_VEHTYPE" speed="13.57" pos="18.46" lane="2/1to2/0_0" slope="0.00"/>
        <vehicle id="38" x="788.04" y="598.35" angle="90.00" type="DEFAULT_VEHTYPE" speed="12.92" pos="183.29" lane="3/3to4/3_0" slope="0.00"/>
        <vehicle id="41" x="391.16" y="598.35" angle="90.00" type="DEFAULT_VEHTYPE" speed="2.87" pos="186.41" lane="1/3to2/3_0" slope="0.00"/>
        <vehicle id="44" x="398.35" y="633.04" angle="0.00" type="DEFAULT_VEHTYPE" speed="12.63" pos="166.96" lane="2/4to2/3_0" slope="0.00"/>
        <vehicle id="48" x="398.35" y="657.25" angle="0.00" type="DEFAULT_VEHTYPE" speed="13.24" pos="142.75" lane="2/4to2/3_0" slope="0.00"/>
        <vehicle id="5" x="204.98" y="401.65" angle="-90.00" type="DEFAULT_VEHTYPE" speed="5.52" pos="190.27" lane="2/2to1/2_0" slope="0.00"/>
        <vehicle id="7" x="201.65" y="557.88" angle="180.00" type="DEFAULT_VEHTYPE" speed="12.99" pos="153.13" lane="1/2to1/3_0" slope="0.00"/>
        <vehicle id="8" x="229.28" y="201.65" angle="-90.00" type="DEFAULT_VEHTYPE" speed="13.07" pos="165.97" lane="2/1to1/1_0" slope="0.00"/>
    </timestep>
    <timestep time="688.00">
        <vehicle id="0" x="201.65" y="526.32" angle="180.00" type="DEFAULT_VEHTYPE" speed="13.40" pos="121.57" lane="1/2to1/3_0" slope="0.00"/>
        <vehicle id="1" x="732.73" y="601.65" angle="-90.00" type="DEFAULT_VEHTYPE" speed="13.79" pos="67.27" lane="4/3to3/3_0" slope="0.00"/>
        <vehicle id="17" x="382.46" y="598.35" angle="90.00" type="DEFAULT_VEHTYPE" speed="3.09" pos="177.71" lane="1/3to2/3_0" slope="0.00"/>
        <vehicle id="18" x="272.42" y="598.35" angle="90.00" type="DEFAULT_VEHTYPE" speed="13.29" pos="67.67" lane="1/3to2/3_0" slope="0.00"/>
        <vehicle id="21" x="201.65" y="382.24" angle="180.00" type="DEFAULT_VEHTYPE" speed="12.82" pos="177.49" lane="1/1to1/2_0" slope="0.00"/>
        <vehicle id="22" x="585.54" y="401.65" angle="-90.00" type="DEFAULT_VEHTYPE" speed="10.61" pos="9.71" lane="3/2to2/2_0" slope="0.00"/>
        <vehicle id="24" x="398.35" y="478.95" angle="0.00" type="DEFAULT_VEHTYPE" speed="12.80" pos="116.30" lane="2/3to2/2_0" slope="0.00"/>
        <vehicle id="26" x="398.35" y="530.45" angle="0.00" type="DEFAULT_VEHTYPE" speed="12.63" pos="64.80" lane="2/3to2/2_0" slope="0.00"/>
        <vehicle id="28" x="212.74" y="598.35" angle="90.00" type="DEFAULT_VEHTYPE" speed="13.09" pos="7.99" lane="1/3to2/3_0" slope="0.00"/>
        <vehicle id="32" x="401.65" y="621.44" angle="180.00" type="DEFAULT_VEHTYPE" speed="10.02" pos="16.69" lane="2/3to2/4_0" slope="0.00"/>
        <vehicle id="35" x="122.56" y="401.65" angle="-90.00" type="DEFAULT_VEHTYPE" speed="12.88" pos="72.69" lane="1/2to0/2_0" slope="0.00"/>
        <vehicle id="37" x="398.35" y="163.49" angle="0.00" type="DEFAULT_VEHTYPE" speed="13.30" pos="31.76" lane="2/1to2/0_0" slope="0.00"/>
        <vehicle id="38" x="800.60" y="598.75" angle="94.69" type="DEFAULT_VEHTYPE" speed="12.68" pos="0.72" lane=":4/3_0_0" slope="0.00"/>
        <vehicle id="41" x="392.51" y="598.35" angle="90.00" type="DEFAULT_VEHTYPE" speed="1.35" pos="187.76" lane="1/3to2/3_0" slope="0.00"/>
        <vehicle id="44" x="398.35" y="620.14" angle="0.00" type="DEFAULT_VEHTYPE" speed="12.90" pos="179.86" lane="2/4to2/3_0" slope="0.00"/>
        <vehicle id="48" x="398.35" y="643.81" angle="0.00" type="DEFAULT_VEHTYPE" speed="13.45" pos="156.19" lane="2/4to2/3_0" slope="0.00"/>
        <vehicle id="5" x="200.42" y="401.65" angle="-90.00" type="DEFAULT_VEHTYPE" speed="4.56" pos="4.33" lane=":1/2_5_0" slope="0.00"/>
        <vehicle id="7" x="201.65" y="570.70" angle="180.00" type="DEFAULT_VEHTYPE" speed="12.82" pos="165.95" lane="1/2to1/3_0" slope="0.00"/>
        <vehicle id="8" x="219.78" y="201.65" angle="-90.00" type="DEFAULT_VEHTYPE" speed="9.50" pos="175.47" lane="2/1to1/1_0" slope="0.00"/>
    </timestep>
    <timestep time="689.00">
        <vehicle id="0" x="201.65" y="539.77" angle="180.00" type="DEFAULT_VEHTYPE" speed="13.45" pos="135.02" lane="1/2to1/3_0" slope="0.00"/>
        <vehicle id="1" x="718.95" y="601.65" angle="-90.00" type="DEFAULT_VEHTYPE" speed="13.78" pos="81.05" lane="4/3to3/3_0" slope="0.00"/>
        <vehicle id="17" x="384.08" y="598.35" angle="90.00" type="DEFAULT_VEHTYPE" speed="1.62" pos="179.33" lane="1/3to2/3_0" slope="0.00"/>
        <vehicle id="18" x="285.45" y="598.35" angle="90.00" type="DEFAULT_VEHTYPE" speed="13.03" pos="80.70" lane="1/3to2/3_0" slope="0.00"/>
        <vehicle id="21" x="201.65" y="390.56" angle="180.00" type="DEFAULT_VEHTYPE" speed="8.32" pos="185.81" lane="1/1to1/2_0" slope="0.00"/>
        <vehicle id="22" x="573.50" y="401.65" angle="-90.00" type="DEFAULT_VEHTYPE" speed="12.04" pos="21.75" lane="3/2to2/2_0" slope="0.00"/>
        <vehicle id="24" x="398.35" y="465.13" angle="0.00" type="DEFAULT_VEHTYPE" speed="13.82" pos="130.12" lane="2/3to2/2_0" slope="0.00"/>
        <vehicle id="26" x="398.35" y="517.15" angle="0.00" type="DEFAULT_VEHTYPE" speed="13.30" pos="78.10" lane="2/3to2/2_0" slope="0.00"/>
        <vehicle id="28" x="225.38" y="598.35" angle="90.00" type="DEFAULT_VEHTYPE" speed="12.63" pos="20.63" lane="1/3to2/3_0" slope="0.00"/>
        <vehicle id="32" x="401.65" y="633.49" angle="180.00" type="DEFAULT_VEHTYPE" speed="12.04" pos="28.74" lane="2/3to2/4_0" slope="0.00"/>
        <vehicle id="35" x="109.22" y="401.65" angle="-90.00" type="DEFAULT_VEHTYPE" speed="13.34" pos="86.03" lane="1/2to0/2_0" slope="0.00"/>
        <vehicle id="37" x="398.35" y="149.59" angle="0.00" type="DEFAULT_VEHTYPE" speed="13.90" pos="45.66" lane="2/1to2/0_0" slope="0.00"/>
        <vehicle id="38" x="790.44" y="601.65" angle="-90.00" type="DEFAULT_VEHTYPE" speed="13.66" pos="9.56" lane="4/3to3/3_0" slope="0.00"/>
        <vehicle id="41" x="392.71" y="598.35" angle="90.00" type="DEFAULT_VEHTYPE" speed="0.21" pos="187.96" lane="1/3to2/3_0" slope="0.00"/>
        <vehicle id="44" x="398.35" y="606.62" angle="0.00" type="DEFAULT_VEHTYPE" speed="13.52" pos="193.38" lane="2/4to2/3_0" slope="0.00"/>
        <vehicle id="48" x="398.35" y="630.92" angle="0.00" type="DEFAULT_VEHTYPE" speed="12.89" pos="169.08" lane="2/4to2/3_0" slope="0.00"/>
        <vehicle id="5" x="194.28" y="401.65" angle="-90.00" type="DEFAULT_VEHTYPE" speed="6.14" pos="0.97" lane="1/2to0/2_0" slope="0.00"/>
        <vehicle id="7" x="201.65" y="584.24" angle="180.00" type="DEFAULT_VEHTYPE" speed="13.54" pos="179.49" lane="1/2to1/3_0" slope="0.00"/>
        <vehicle id="8" x="213.92" y="201.65" angle="-90.00" type="DEFAULT_VEHTYPE" speed="5.86" pos="181.33" lane="2/1to1/1_0" slope="0.00"/>
    </timestep>
    <timestep time="690.00">
        <vehicle id="0" x="201.65" y="553.47" angle="180.00" type="DEFAULT_VEHTYPE" speed="13.71" pos="148.72" lane="1/2to1/3_0" slope="0.00"/>
        <vehicle id="1" x="705.21" y="601.65" angle="-90.00" type="DEFAULT_VEHTYPE" speed="13.74" pos="94.79" lane="4/3to3/3_0" slope="0.00"/>
        <vehicle id="17" x="384.80" y="598.35" angle="90.00" type="DEFAULT_VEHTYPE" speed="0.72" pos="180.05" lane="1/3to2/3_0" slope="0.00"/>
        <vehicle id="18" x="299.17" y="598.35" angle="90.00" type="DEFAULT_VEHTYPE" speed="13.72" pos="94.42" lane="1/3to2/3_0" slope="0.00"/>
        <vehicle id="21" x="201.65" y="396.62" angle="180.00" type="DEFAULT_VEHTYPE" speed="6.06" pos="1.37" lane=":1/2_9_0" slope="0.00"/>
        <vehicle id="22" x="560.29" y="401.65" angle="-90.00" type="DEFAULT_VEHTYPE" speed="13.21" pos="34.96" lane="3/2to2/2_0" slope="0.00"/>
        <vehicle id="24" x="398.35" y="452.13" angle="0.00" type="DEFAULT_VEHTYPE" speed="12.99" pos="143.12" lane="2/3to2/2_0" slope="0.00"/>
        <vehicle id="26" x="398.35" y="503.54" angle="0.00" type="DEFAULT_VEHTYPE" speed="13.61" pos="91.71" lane="2/3to2/2_0" slope="0.00"/>
        <vehicle id="28" x="238.64" y="598.35" angle="90.00" type="DEFAULT_VEHTYPE" speed="13.26" pos="33.89" lane="1/3to2/3_0" slope="0.00"/>
        <vehicle id="32" x="401.65" y="646.25" angle="180.00" type="DEFAULT_VEHTYPE" speed="12.76" pos="41.50" lane="2/3to2/4_0" slope="0.00"/>
        <vehicle id="35" x="95.56" y="401.65" angle="-90.00" type="DEFAULT_VEHTYPE" speed="13.66" pos="99.69" lane="1/2to0/2_0" slope="0.00"/>
        <vehicle id="37" x="398.35" y="136.48" angle="0.00" type="DEFAULT_VEHTYPE" speed="13.11" pos="58.77" lane="2/1to2/0_0" slope="0.00"/>
        <vehicle id="38" x="776.95" y="601.65" angle="-90.00" type="DEFAULT_VEHTYPE" speed="13.49" pos="23.05" lane="4/3to3/3_0" slope="0.00"/>
        <vehicle id="41" x="392.73" y="598.35" angle="90.00" type="DEFAULT_VEHTYPE" speed="0.02" pos="187.98" lane="1/3to2/3_0" slope="0.00"/>
        <vehicle id="44" x="398.35" y="592.87" angle="0.00" type="DEFAULT_VEHTYPE" speed="13.75" pos="2.38" lane="2/3to2/2_0" slope="0.00"/>
        <vehicle id="48" x="398.35" y="618.01" angle="0.00" type="DEFAULT_VEHTYPE" speed="12.91" pos="181.99" lane="2/4to2/3_0" slope="0.00"/>
        <vehicle id="5" x="185.88" y="401.65" angle="-90.00" type="DEFAULT_VEHTYPE" speed="8.40" pos="9.37" lane="1/2to0/2_0" slope="0.00"/>
        <vehicle id="7" x="202.14" y="597.11" angle="174.29" type="DEFAULT_VEHTYPE" speed="12.96" pos="1.95" lane=":1/3_8_0" slope="0.00"/>
        <vehicle id="8" x="210.21" y="201.65" angle="-90.00" type="DEFAULT_VEHTYPE" speed="3.72" pos="185.04" lane="2/1to1/1_0" slope="0.00"/>
    </timestep>
    <timestep time="691.00">
        <vehicle id="0" x="201.65" y="566.91" angle="180.00" type="DEFAULT_VEHTYPE" speed="13.44" pos="162.16" lane="1/2to1/3_0" slope="0.00"/>
        <vehicle id="1" x="692.22" y="601.65" angle="-90.00" type="DEFAULT_VEHTYPE" speed="12.98" pos="107.78" lane="4/3to3/3_0" slope="0.00"/>
        <vehicle id="17" x="385.05" y="598.35" angle="90.00" type="DEFAULT_VEHTYPE" speed="0.25" pos="180.30" lane="1/3to2/3_0" slope="0.00"/>
        <vehicle id="18" x="312.74" y="598.35" angle="90.00" type="DEFAULT_VEHTYPE" speed="13.57" pos="107.99" lane="1/3to2/3_0" slope="0.00"/>
        <vehicle id="21" x="201.65" y="405.02" angle="180.00" type="DEFAULT_VEHTYPE" speed="8.41" pos="0.27" lane="1/2to1/3_0" slope="0.00"/>
        <vehicle id="22" x="547.16" y="401.65" angle="-90.00" type="DEFAULT_VEHTYPE" speed="13.12" pos="48.09" lane="3/2to2/2_0" slope="0.00"/>
        <vehicle id="24" x="398.35" y="439.44" angle="0.00" type="DEFAULT_VEHTYPE" speed="12.69" pos="155.81" lane="2/3to2/2_0" slope="0.00"/>
        <vehicle id="26" x="398.35" y="490.34" angle="0.00" type="DEFAULT_VEHTYPE" speed="13.20" pos="104.91" lane="2/3to2/2_0" slope="0.00"/>
        <vehicle id="28" x="251.28" y="598.35" angle="90.00" type="DEFAULT_VEHTYPE" speed="12.64" pos="46.53" lane="1/3to2/3_0" slope="0.00"/>
        <vehicle id="32" x="401.65" y="659.64" angle="180.00" type="DEFAULT_VEHTYPE" speed="13.40" pos="54.89" lane="2/3to2/4_0" slope="0.00"/>
        <vehicle id="35" x="82.73" y="401.65" angle="-90.00" type="DEFAULT_VEHTYPE" speed="12.83" pos="112.52" lane="1/2to0/2_0" slope="0.00"/>
        <vehicle id="37" x="398.35" y="122.91" angle="0.00" type="DEFAULT_VEHTYPE" speed="13.57" pos="72.34" lane="2/1to2/0_0" slope="0.00"/>
        <vehicle id="38" x="763.33" y="601.65" angle="-90.00" type="DEFAULT_VEHTYPE" speed="13.61" pos="36.67" lane="4/3to3/3_0" slope="0.00"/>
        <vehicle id="41" x="392.74" y="598.35" angle="90.00" type="DEFAULT_VEHTYPE" speed="0.01" pos="187.99" lane="1/3to2/3_0" slope="0.00"/>
        <vehicle id="44" x="398.35" y="580.02" angle="0.00" type="DEFAULT_VEHTYPE" speed="12.85" pos="15.23" lane="2/3to2/2_0" slope="0.00"/>
        <vehicle id="48" x="398.35" y="604.30" angle="0.00" type="DEFAULT_VEHTYPE" speed="13.71" pos="0.45" lane=":2/3_1_0" slope="0.00"/>
        <vehicle id="5" x="176.00" y="401.65" angle="-90.00" type="DEFAULT_VEHTYPE" speed="9.88" pos="19.25" lane="1/2to0/2_0" slope="0.00"/>
        <vehicle id="7" x="215.53" y="598.35" angle="90.00" type="DEFAULT_VEHTYPE" speed="13.83" pos="10.78" lane="1/3to2/3_0" slope="0.00"/>
        <vehicle id="8" x="204.29" y="201.71" angle="-90.74" type="DEFAULT_VEHTYPE" speed="5.92" pos="0.46" lane=":1/1_4_0" slope="0.00"/>
    </timestep>
    <timestep time="692.00">
        <vehicle id="0" x="201.65" y="580.54" angle="180.00" type="DEFAULT_VEHTYPE" speed="13.63" pos="175.79" lane="1/2to1/3_0" slope="0.00"/>
        <vehicle id="1" x="678.98" y="601.65" angle="-90.00" type="DEFAULT_VEHTYPE" speed="13.25" pos="121.02" lane="4/3to3/3_0" slope="0.00"/>
        <vehicle id="17" x="385.19" y="598.35" angle="90.00" type="DEFAULT_VEHTYPE" speed="0.14" pos="180.44" lane="1/3to2/3_0" slope="0.00"/>
        <vehicle id="18" x="325.91" y="598.35" angle="90.00" type="DEFAULT_VEHTYPE" speed="13.17" pos="121.16" lane="1/3to2/3_0" slope="0.00"/>
        <vehicle id="21" x="201.65" y="415.51" angle="180.00" type="DEFAULT_VEHTYPE" speed="10.49" pos="10.76" lane="1/2to1/3_0" slope="0.00"/>
        <vehicle id="22" x="534.13" y="401.65" angle="-90.00" type="DEFAULT_VEHTYPE" speed="13.04" pos="61.12" lane="3/2to2/2_0" slope="0.00"/>
        <vehicle id="24" x="398.35" y="425.74" angle="0.00" type="DEFAULT_VEHTYPE" speed="13.70" pos="169.51" lane="2/3to2/2_0" slope="0.00"/>
        <vehicle id="26" x="398.35" y="477.19" angle="0.00" type="DEFAULT_VEHTYPE" speed="13.15" pos="118.06" lane="2/3to2/2_0" slope="0.00"/>
        <vehicle id="28" x="264.66" y="598.35" angle="90.00" type="DEFAULT_VEHTYPE" speed="13.38" pos="59.91" lane="1/3to2/3_0" slope="0.00"/>
        <vehicle id="32" x="401.65" y="672.60" angle="180.00" type="DEFAULT_VEHTYPE" speed="12.96" pos="67.85" lane="2/3to2/4_0" slope="0.00"/>
        <vehicle id="35" x="69.82" y="401.65" angle="-90.00" type="DEFAULT_VEHTYPE" speed="12.91" pos="125.43" lane="1/2to0/2_0" slope="0.00"/>
        <vehicle id="37" x="398.35" y="109.39" angle="0.00" type="DEFAULT_VEHTYPE" speed="13.52" pos="85.86" lane="2/1to2/0_0" slope="0.00"/>
        <vehicle id="38" x="750.48" y="601.65" angle="-90.00" type="DEFAULT_VEHTYPE" speed="12.86" pos="49.52" lane="4/3to3/3_0" slope="0.00"/>
        <vehicle id="41" x="392.74" y="598.35" angle="90.00" type="DEFAULT_VEHTYPE" speed="0.00" pos="187.99" lane="1/3to2/3_0" slope="0.00"/>
        <vehicle id="44" x="398.35" y="567.14" angle="0.00" type="DEFAULT_VEHTYPE" speed="12.88" pos="28.11" lane="2/3to2/2_0" slope="0.00"/>
        <vehicle id="48" x="398.35" y="591.56" angle="0.00" type="DEFAULT_VEHTYPE" speed="12.74" pos="3.69" lane="2/3to2/2_0" slope="0.00"/>
        <vehicle id="5" x="164.74" y="401.65" angle="-90.00" type="DEFAULT_VEHTYPE" speed="11.27" pos="30.51" lane="1/2to0/2_0" slope="0.00"/>
        <vehicle id="7" x="229.36" y="598.35" angle="90.00" type="DEFAULT_VEHTYPE" speed="13.83" pos="24.61" lane="1/3to2/3_0" slope="0.00"/>
        <vehicle id="8" x="201.65" y="208.54" angle="-178.07" type="DEFAULT_VEHTYPE" speed="8.33" pos="3.79" lane="1/1to1/2_0" slope="0.00"/>
    </timestep>
    <timestep time="693.00">
        <vehicle id="0" x="201.65" y="594.17" angle="180.00" type="DEFAULT_VEHTYPE" speed="13.63" pos="189.42" lane="1/2to1/3_0" slope="0.00"/>
        <vehicle id="1" x="665.78" y="601.65" angle="-90.00" type="DEFAULT_VEHTYPE" speed="13.20" pos="134.22" lane="4/3to3/3_0" slope="0.00"/>
        <vehicle id="17" x="385.23" y="598.35" angle="90.00" type="DEFAULT_VEHTYPE" speed="0.04" pos="180.48" lane="1/3to2/3_0" slope="0.00"/>
        <vehicle id="18" x="339.72" y="598.35" angle="90.00" type="DEFAULT_VEHTYPE" speed="13.81" pos="134.97" lane="1/3to2/3_0" slope="0.00"/>
        <vehicle id="21" x="201.65" y="427.64" angle="180.00" type="DEFAULT_VEHTYPE" speed="12.12" pos="22.89" lane="1/2to1/3_0" slope="0.00"/>
        <vehicle id="22" x="521.33" y="401.65" angle="-90.00" type="DEFAULT_VEHTYPE" speed="12.80" pos="73.92" lane="3/2to2/2_0" slope="0.00"/>
        <vehicle id="24" x="398.35" y="412.33" angle="0.00" type="DEFAULT_VEHTYPE" speed="13.41" pos="182.92" lane="2/3to2/2_0" slope="0.00"/>
        <vehicle id="26" x="398.35" y="463.29" angle="0.00" type="DEFAULT_VEHTYPE" speed="13.90" pos="131.96" lane="2/3to2/2_0" slope="0.00"/>
        <vehicle id="28" x="277.61" y="598.35" angle="90.00" type="DEFAULT_VEHTYPE" speed="12.95" pos="72.86" lane="1/3to2/3_0" slope="0.00"/>
        <vehicle id="32" x="401.65" y="685.94" angle="180.00" type="DEFAULT_VEHTYPE" speed="13.34" pos="81.19" lane="2/3to2/4_0" slope="0.00"/>
        <vehicle id="35" x="55.98" y="401.65" angle="-90.00" type="DEFAULT_VEHTYPE" speed="13.84" pos="139.27" lane="1/2to0/2_0" slope="0.00"/>
        <vehicle id="37" x="398.35" y="95.91" angle="0.00" type="DEFAULT_VEHTYPE" speed="13.48" pos="99.34" lane="2/1to2/0_0" slope="0.00"/>
        <vehicle id="38" x="737.46" y="601.65" angle="-90.00" type="DEFAULT_VEHTYPE" speed="13.01" pos="62.54" lane="4/3to3/3_0" slope="0.00"/>
        <vehicle id="41" x="395.31" y="598.36" angle="90.10" type="DEFAULT_VEHTYPE" speed="2.57" pos="0.06" lane=":2/3_14_0" slope="0.00"/>
        <vehicle id="44" x="398.35" y="554.08" angle="0.00" type="DEFAULT_VEHTYPE" speed="13.06" pos="41.17" lane="2/3to2/2_0" slope="0.00"/>
        <vehicle id="48" x="398.35" y="578.82" angle="0.00" type="DEFAULT_VEHTYPE" speed="12.74" pos="16.43" lane="2/3to2/2_0" slope="0.00"/>
        <vehicle id="5" x="151.12" y="401.65" angle="-90.00" type="DEFAULT_VEHTYPE" speed="13.61" pos="44.13" lane="1/2to0/2_0" slope="0.00"/>
        <vehicle id="7" x="242.78" y="598.35" angle="90.00" type="DEFAULT_VEHTYPE" speed="13.42" pos="38.03" lane="1/3to2/3_0" slope="0.00"/>
        <vehicle id="8" x="201.65" y="218.83" angle="180.00" type="DEFAULT_VEHTYPE" speed="10.29" pos="14.08" lane="1/1to1/2_0" slope="0.00"/>
    </timestep>
    <timestep time="694.00">
        <vehicle id="0" x="211.41" y="598.35" angle="90.00" type="DEFAULT_VEHTYPE" speed="12.74" pos="6.66" lane="1/3to2/3_0" slope="0.00"/>
        <vehicle id="1" x="653.04" y="601.65" angle="-90.00" type="DEFAULT_VEHTYPE" speed="12.73" pos="146.96" lane="4/3to3/3_0" slope="0.00"/>
        <vehicle id="17" x="386.70" y="598.35" angle="90.00" type="DEFAULT_VEHTYPE" speed="1.47" pos="181.95" lane="1/3to2/3_0" slope="0.00"/>
        <vehicle id="18" x="352.87" y="598.35" angle="90.00" type="DEFAULT_VEHTYPE" speed="13.15" pos="148.12" lane="1/3to2/3_0" slope="0.00"/>
        <vehicle id="21" x="201.65" y="440.54" angle="180.00" type="DEFAULT_VEHTYPE" speed="12.90" pos="35.79" lane="1/2to1/3_0" slope="0.00"/>
        <vehicle id="22" x="507.54" y="401.65" angle="-90.00" type="DEFAULT_VEHTYPE" speed="13.80" pos="87.71" lane="3/2to2/2_0" slope="0.00"/>
        <vehicle id="24" x="394.42" y="401.65" angle="-59.17" type="DEFAULT_VEHTYPE" speed="13.41" pos="0.83" lane="2/2to1/2_0" slope="0.00"/>
        <vehicle id="26" x="398.35" y="450.54" angle="0.00" type="DEFAULT_VEHTYPE" speed="12.75" pos="144.71" lane="2/3to2/2_0" slope="0.00"/>
        <vehicle id="28" x="291.13" y="598.35" angle="90.00" type="DEFAULT_VEHTYPE" speed="13.52" pos="86.38" lane="1/3to2/3_0" slope="0.00"/>
        <vehicle id="32" x="401.65" y="699.01" angle="180.00" type="DEFAULT_VEHTYPE" speed="13.07" pos="94.26" lane="2/3to2/4_0" slope="0.00"/>
        <vehicle id="35" x="42.65" y="401.65" angle="-90.00" type="DEFAULT_VEHTYPE" speed="13.33" pos="152.60" lane="1/2to0/2_0" slope="0.00"/>
        <vehicle id="37" x="398.35" y="83.28" angle="0.00" type="DEFAULT_VEHTYPE" speed="12.63" pos="111.97" lane="2/1to2/0_0" slope="0.00"/>
        <vehicle id="38" x="723.86" y="601.65" angle="-90.00" type="DEFAULT_VEHTYPE" speed="13.60" pos="76.14" lane="4/3to3/3_0" slope="0.00"/>
        <vehicle id="41" x="399.30" y="599.50" angle="103.58" type="DEFAULT_VEHTYPE" speed="4.22" pos="4.29" lane=":2/3_14_0" slope="0.00"/>
        <vehicle id="44" x="398.35" y="540.39" angle="0.00" type="DEFAULT_VEHTYPE" speed="13.68" pos="54.86" lane="2/3to2/2_0" slope="0.00"/>
        <vehicle id="48" x="398.35" y="565.19" angle="0.00" type="DEFAULT_VEHTYPE" speed="13.63" pos="30.06" lane="2/3to2/2_0" slope="0.00"/>
        <vehicle id="5" x="138.27" y="401.65" angle="-90.00" type="DEFAULT_VEHTYPE" speed="12.85" pos="56.98" lane="1/2to0/2_0" slope="0.00"/>
        <vehicle id="7" x="255.61" y="598.35" angle="90.00" type="DEFAULT_VEHTYPE" speed="12.83" pos="50.86" lane="1/3to2/3_0" slope="0.00"/>
        <vehicle id="8" x="201.65" y="231.59" angle="180.00" type="DEFAULT_VEHTYPE" speed="12.76" pos="26.84" lane="1/1to1/2_0" slope="0.00"/>
    </timestep>
    <timestep time="695.00">
        <vehicle id="0" x="225.25" y="598.35" angle="90.00" type="DEFAULT_VEHTYPE" speed="13.84" pos="20.50" lane="1/3to2/3_0" slope="0.00"/>
        <vehicle id="1" x="639.53" y="601.65" angle="-90.00" type="DEFAULT_VEHTYPE" speed="13.51" pos="160.47" lane="4/3to3/3_0" slope="0.00"/>
        <vehicle id="17" x="389.35" y="598.35" angle="90.00" type="DEFAULT_VEHTYPE" speed="2.65" pos="184.60" lane="1/3to2/3_0" slope="0.00"/>
        <vehicle id="18" x="364.35" y="598.35" angle="90.00" type="DEFAULT_VEHTYPE" speed="11.48" pos="159.60" lane="1/3to2/3_0" slope="0.00"/>
        <vehicle id="21" x="201.65" y="453.92" angle="180.00" type="DEFAULT_VEHTYPE" speed="13.38" pos="49.17" lane="1/2to1/3_0" slope="0.00"/>
        <vehicle id="22" x="494.20" y="401.65" angle="-90.00" type="DEFAULT_VEHTYPE" speed="13.33" pos="101.05" lane="3/2to2/2_0" slope="0.00"/>
        <vehicle id="24" x="381.30" y="401.65" angle="-90.00" type="DEFAULT_VEHTYPE" speed="13.12" pos="13.95" lane="2/2to1/2_0" slope="0.00"/>
        <vehicle id="26" x="398.35" y="436.69" angle="0.00" type="DEFAULT_VEHTYPE" speed="13.85" pos="158.56" lane="2/3to2/2_0" slope="0.00"/>
        <vehicle id="28" x="304.18" y="598.35" angle="90.00" type="DEFAULT_VEHTYPE" speed="13.05" pos="99.43" lane="1/3to2/3_0" slope="0.00"/>
        <vehicle id="32" x="401.65" y="712.81" angle="180.00" type="DEFAULT_VEHTYPE" speed="13.80" pos="108.06" lane="2/3to2/4_0" slope="0.00"/>
        <vehicle id="35" x="28.99" y="401.65" angle="-90.00" type="DEFAULT_VEHTYPE" speed="13.65" pos="166.26" lane="1/2to0/2_0" slope="0.00"/>
        <vehicle id="37" x="398.35" y="69.94" angle="0.00" type="DEFAULT_VEHTYPE" speed="13.33" pos="125.31" lane="2/1to2/0_0" slope="0.00"/>
        <vehicle id="38" x="710.10" y="601.65" angle="-90.00" type="DEFAULT_VEHTYPE" speed="13.76" pos="89.90" lane="4/3to3/3_0" slope="0.00"/>
        <vehicle id="41" x="401.65" y="605.49" angle="166.57" type="DEFAULT_VEHTYPE" speed="6.77" pos="0.74" lane="2/3to2/4_0" slope="0.00"/>
        <vehicle id="44" x="398.35" y="527.07" angle="0.00" type="DEFAULT_VEHTYPE" speed="13.33" pos="68.18" lane="2/3to2/2_0" slope="0.00"/>
        <vehicle id="48" x="398.35" y="552.13" angle="0.00" type="DEFAULT_VEHTYPE" speed="13.06" pos="43.12" lane="2/3to2/2_0" slope="0.00"/>
        <vehicle id="5" x="124.95" y="401.65" angle="-90.00" type="DEFAULT_VEHTYPE" speed="13.32" pos="70.30" lane="1/2to0/2_0" slope="0.00"/>
        <vehicle id="7" x="269.12" y="598.35" angle="90.00" type="DEFAULT_VEHTYPE" speed="13.51" pos="64.37" lane="1/3to2/3_0" slope="0.00"/>
        <vehicle id="8" x="201.65" y="244.74" angle="180.00" type="DEFAULT_VEHTYPE" speed="13.15" pos="39.99" lane="1/1to1/2_0" slope="0.00"/>
    </timestep>
    <timestep time="696.00">
        <vehicle id="0" x="238.12" y="598.35" angle="90.00" type="DEFAULT_VEHTYPE" speed="12.86" pos="33.37" lane="1/3to2/3_0" slope="0.00"/>
        <vehicle id="1" x="627.08" y="601.65" angle="-90.00" type="DEFAULT_VEHTYPE" speed="12.45" pos="172.92" lane="4/3to3/3_0" slope="0.00"/>
        <vehicle id="17" x="393.64" y="598.35" angle="90.00" type="DEFAULT_VEHTYPE" speed="4.29" pos="188.89" lane="1/3to2/3_0" slope="0.00"/>
        <vehicle id="18" x="372.66" y="598.35" angle="90.00" type="DEFAULT_VEHTYPE" speed="8.30" pos="167.91" lane="1/3to2/3_0" slope="0.00"/>
        <vehicle id="21" x="201.65" y="467.22" angle="180.00" type="DEFAULT_VEHTYPE" speed="13.30" pos="62.47" lane="1/2to1/3_0" slope="0.00"/>
        <vehicle id="22" x="480.79" y="401.65" angle="-90.00" type="DEFAULT_VEHTYPE" speed="13.41" pos="114.46" lane="3/2to2/2_0" slope="0.00"/>
        <vehicle id="24" x="368.51" y="401.65" angle="-90.00" type="DEFAULT_VEHTYPE" speed="12.80" pos="26.74" lane="2/2to1/2_0" slope="0.00"/>
        <vehicle id="26" x="398.35" y="423.20" angle="0.00" type="DEFAULT_VEHTYPE" speed="13.49" pos="172.05" lane="2/3to2/2_0" slope="0.00"/>
        <vehicle id="28" x="317.11" y="598.35" angle="90.00" type="DEFAULT_VEHTYPE" speed="12.93" pos="112.36" lane="1/3to2/3_0" slope="0.00"/>
        <vehicle id="32" x="401.65" y="726.45" angle="180.00" type="DEFAULT_VEHTYPE" speed="13.64" pos="121.70" lane="2/3to2/4_0" slope="0.00"/>
        <vehicle id="35" x="15.90" y="401.65" angle="-90.00" type="DEFAULT_VEHTYPE" speed="13.09" pos="179.35" lane="1/2to0/2_0" slope="0.00"/>
        <vehicle id="37" x="398.35" y="56.46" angle="0.00" type="DEFAULT_VEHTYPE" speed="13.48" pos="138.79" lane="2/1to2/0_0" slope="0.00"/>
        <vehicle id="38" x="696.99" y="601.65" angle="-90.00" type="DEFAULT_VEHTYPE" speed="13.12" pos="103.01" lane="4/3to3/3_0" slope="0.00"/>
        <vehicle id="41" x="401.65" y="613.70" angle="180.00" type="DEFAULT_VEHTYPE" speed="8.22" pos="8.95" lane="2/3to2/4_0" slope="0.00"/>
        <vehicle id="44" x="398.35" y="513.92" angle="0.00" type="DEFAULT_VEHTYPE" speed="13.14" pos="81.33" lane="2/3to2/2_0" slope="0.00"/>
        <vehicle id="48" x="398.35" y="538.82" angle="0.00" type="DEFAULT_VEHTYPE" speed="13.31" pos="56.43" lane="2/3to2/2_0" slope="0.00"/>
        <vehicle id="5" x="111.89" y="401.65" angle="-90.00" type="DEFAULT_VEHTYPE" speed="13.06" pos="83.36" lane="1/2to0/2_0" slope="0.00"/>
        <vehicle id="7" x="281.77" y="598.35" angle="90.00" type="DEFAULT_VEHTYPE" speed="12.65" pos="77.02" lane="1/3to2/3_0" slope="0.00"/>
        <vehicle id="8" x="201.65" y="257.83" angle="180.00" type="DEFAULT_VEHTYPE" speed="13.09" pos="53.08" lane="1/1to1/2_0" slope="0.00"/>
    </timestep>
    <timestep time="697.00">
        <vehicle id="0" x="251.22" y="598.35" angle="90.00" type="DEFAULT_VEHTYPE" speed="13.11" pos="46.47" lane="1/3to2/3_0" slope="0.00"/>
        <vehicle id="1" x="617.84" y="601.65" angle="-90.00" type="DEFAULT_VEHTYPE" speed="9.23" pos="182.16" lane="4/3to3/3_0" slope="0.00"/>
        <vehicle id="17" x="400.09" y="600.01" angle="109.47" type="DEFAULT_VEHTYPE" speed="6.84" pos="5.23" lane=":2/3_14_0" slope="0.00"/>
        <vehicle id="18" x="379.36" y="598.35" angle="90.00" type="DEFAULT_VEHTYPE" speed="6.71" pos="174.61" lane="1/3to2/3_0" slope="0.00"/>
        <vehicle id="21" x="201.65" y="479.82" angle="180.00" type="DEFAULT_VEHTYPE" speed="12.60" pos="75.07" lane="1/2to1/3_0" slope="0.00"/>
        <vehicle id="22" x="467.74" y="401.65" angle="-90.00" type="DEFAULT_VEHTYPE" speed="13.05" pos="127.51" lane="3/2to2/2_0" slope="0.00"/>
        <vehicle id="24" x="354.97" y="401.65" angle="-90.00" type="DEFAULT_VEHTYPE" speed="13.53" pos="40.28" lane="2/2to1/2_0" slope="0.00"/>
        <vehicle id="26" x="398.35" y="410.39" angle="0.00" type="DEFAULT_VEHTYPE" speed="12.81" pos="184.86" lane="2/3to2/2_0" slope="0.00"/>
        <vehicle id="28" x="329.93" y="598.35" angle="90.00" type="DEFAULT_VEHTYPE" speed="12.82" pos="125.18" lane="1/3to2/3_0" slope="0.00"/>
        <vehicle id="32" x="401.65" y="740.01" angle="180.00" type="DEFAULT_VEHTYPE" speed="13.56" pos="135.26" lane="2/3to2/4_0" slope="0.00"/>
        <vehicle id="35" x="3.20" y="401.65" angle="-90.00" type="DEFAULT_VEHTYPE" speed="12.70" pos="192.05" lane="1/2to0/2_0" slope="0.00"/>
        <vehicle id="37" x="398.35" y="42.81" angle="0.00" type="DEFAULT_VEHTYPE" speed="13.65" pos="152.44" lane="2/1to2/0_0" slope="0.00"/>
        <vehicle id="38" x="684.14" y="601.65" angle="-90.00" type="DEFAULT_VEHTYPE" speed="12.84" pos="115.86" lane="4/3to3/3_0" slope="0.00"/>
        <vehicle id="41" x="401.65" y="624.52" angle="180.00" type="DEFAULT_VEHTYPE" speed="10.82" pos="19.77" lane="2/3to2/4_0" slope="0.00"/>
        <vehicle id="44" x="398.35" y="500.32" angle="0.00" type="DEFAULT_VEHTYPE" speed="13.60" pos="94.93" lane="2/3to2/2_0" slope="0.00"/>
        <vehicle id="48" x="398.35" y="525.96" angle="0.00" type="DEFAULT_VEHTYPE" speed="12.85" pos="69.29" lane="2/3to2/2_0" slope="0.00"/>
        <vehicle id="5" x="98.65" y="401.65" angle="-90.00" type="DEFAULT_VEHTYPE" speed="13.23" pos="96.60" lane="1/2to0/2_0" slope="0.00"/>
        <vehicle id="7" x="294.87" y="598.35" angle="90.00" type="DEFAULT_VEHTYPE" speed="13.10" pos="90.12" lane="1/3to2/3_0" slope="0.00"/>
        <vehicle id="8" x="201.65" y="270.96" angle="180.00" type="DEFAULT_VEHTYPE" speed="13.13" pos="66.21" lane="1/1to1/2_0" slope="0.00"/>
    </timestep>
    <timestep time="698.00">
        <vehicle id="0" x="264.84" y="598.35" angle="90.00" type="DEFAULT_VEHTYPE" speed="13.61" pos="60.09" lane="1/3to2/3_0" slope="0.00"/>
        <vehicle id="1" x="611.76" y="601.65" angle="-90.00" type="DEFAULT_VEHTYPE" speed="6.08" pos="188.24" lane="4/3to3/3_0" slope="0.00"/>
        <vehicle id="17" x="401.65" y="608.09" angle="177.30" type="DEFAULT_VEHTYPE" speed="8.43" pos="3.34" lane="2/3to2/4_0" slope="0.00"/>
        <vehicle id="18" x="385.87" y="598.35" angle="90.00" type="DEFAULT_VEHTYPE" speed="6.51" pos="181.12" lane="1/3to2/3_0" slope="0.00"/>
        <vehicle id="21" x="201.65" y="492.45" angle="180.00" type="DEFAULT_VEHTYPE" speed="12.63" pos="87.70" lane="1/2to1/3_0" slope="0.00"/>
        <vehicle id="22" x="454.61" y="401.65" angle="-90.00" type="DEFAULT_VEHTYPE" speed="13.13" pos="140.64" lane="3/2to2/2_0" slope="0.00"/>
        <vehicle id="24" x="341.78" y="401.65" angle="-90.00" type="DEFAULT_VEHTYPE" speed="13.19" pos="53.47" lane="2/2to1/2_0" slope="0.00"/>
        <vehicle id="26" x="392.85" y="401.65" angle="-79.84" type="DEFAULT_VEHTYPE" speed="13.04" pos="2.40" lane="2/2to1/2_0" slope="0.00"/>
        <vehicle id="28" x="343.70" y="598.35" angle="90.00" type="DEFAULT_VEHTYPE" speed="13.77" pos="138.95" lane="1/3to2/3_0" slope="0.00"/>
        <vehicle id="32" x="401.65" y="753.37" angle="180.00" type="DEFAULT_VEHTYPE" speed="13.35" pos="148.62" lane="2/3to2/4_0" slope="0.00"/>
        <vehicle id="35" x="5.55" y="398.35" angle="90.00" type="DEFAULT_VEHTYPE" speed="13.57" pos="5.55" lane="0/2to1/2_0" slope="0.00"/>
        <vehicle id="37" x="398.35" y="29.76" angle="0.00" type="DEFAULT_VEHTYPE" speed="13.05" pos="165.49" lane="2/1to2/0_0" slope="0.00"/>
        <vehicle id="38" x="670.88" y="601.65" angle="-90.00" type="DEFAULT_VEHTYPE" speed="13.27" pos="129.12" lane="4/3to3/3_0" slope="0.00"/>
        <vehicle id="41" x="401.65" y="637.18" angle="180.00" type="DEFAULT_VEHTYPE" speed="12.66" pos="32.43" lane="2/3to2/4_0" slope="0.00"/>
        <vehicle id="44" x="398.35" y="487.22" angle="0.00" type="DEFAULT_VEHTYPE" speed="13.11" pos="108.03" lane="2/3to2/2_0" slope="0.00"/>
        <vehicle id="48" x="398.35" y="512.90" angle="0.00" type="DEFAULT_VEHTYPE" speed="13.06" pos="82.35" lane="2/3to2/2_0" slope="0.00"/>
        <vehicle id="5" x="85.52" y="401.65" angle="-90.00" type="DEFAULT_VEHTYPE" speed="13.13" pos="109.73" lane="1/2to0/2_0" slope="0.00"/>
        <vehicle id="7" x="307.97" y="598.35" angle="90.00" type="DEFAULT_VEHTYPE" speed="13.10" pos="103.22" lane="1/3to2/3_0" slope="0.00"/>
        <vehicle id="8" x="201.65" y="284.12" angle="180.00" type="DEFAULT_VEHTYPE" speed="13.16" pos="79.37" lane="1/1to1/2_0" slope="0.00"/>
    </timestep>
    <timestep time="699.00">
        <vehicle id="0" x="277.49" y="598.35" angle="90.00" type="DEFAULT_VEHTYPE" speed="12.66" pos="72.74" lane="1/3to2/3_0" slope="0.00"/>
        <vehicle id="1" x="609.46" y="601.65" angle="-90.00" type="DEFAULT_VEHTYPE" speed="2.30" pos="190.54" lane="4/3to3/3_0" slope="0.00"/>
        <vehicle id="17" x="401.65" y="619.10" angle="180.00" type="DEFAULT_VEHTYPE" speed="11.01" pos="14.35" lane="2/3to2/4_0" slope="0.00"/>
        <vehicle id="18" x="390.31" y="598.35" angle="90.00" type="DEFAULT_VEHTYPE" speed="4.44" pos="185.56" lane="1/3to2/3_0" slope="0.00"/>
        <vehicle id="21" x="201.65" y="505.50" angle="180.00" type="DEFAULT_VEHTYPE" speed="13.05" pos="100.75" lane="1/2to1/3_0" slope="0.00"/>
        <vehicle id="22" x="441.14" y="401.65" angle="-90.00" type="DEFAULT_VEHTYPE" speed="13.47" pos="154.11" lane="3/2to2/2_0" slope="0.00"/>
        <vehicle id="24" x="328.52" y="401.65" angle="-90.00" type="DEFAULT_VEHTYPE" speed="13.27" pos="66.73" lane="2/2to1/2_0" slope="0.00"/>
        <vehicle id="26" x="379.30" y="401.65" angle="-90.00" type="DEFAULT_VEHTYPE" speed="13.55" pos="15.95" lane="2/2to1/2_0" slope="0.00"/>
        <vehicle id="28" x="357.44" y="598.35" angle="90.00" type="DEFAULT_VEHTYPE" speed="13.73" pos="152.69" lane="1/3to2/3_0" slope="0.00"/>
        <vehicle id="32" x="401.65" y="767.20" angle="180.00" type="DEFAULT_VEHTYPE" speed="13.83" pos="162.45" lane="2/3to2/4_0" slope="0.00"/>
        <vehicle id="35" x="19.14" y="398.35" angle="90.00" type="DEFAULT_VEHTYPE" speed="13.59" pos="19.14" lane="0/2to1/2_0" slope="0.00"/>
        <vehicle id="37" x="398.35" y="16.71" angle="0.00" type="DEFAULT_VEHTYPE" speed="13.05" pos="178.54" lane="2/1to2/0_0" slope="0.00"/>
        <vehicle id="38" x="657.15" y="601.65" angle="-90.00" type="DEFAULT_VEHTYPE" speed="13.73" pos="142.85" lane="4/3to3/3_0" slope="0.00"/>
        <vehicle id="41" x="401.65" y="650.49" angle="180.00" type="DEFAULT_VEHTYPE" speed="13.31" pos="45.74" lane="2/3to2/4_0" slope="0.00"/>
        <vehicle id="44" x="398.35" y="473.42" angle="0.00" type="DEFAULT_VEHTYPE" speed="13.79" pos="121.83" lane="2/3to2/2_0" slope="0.00"/>
        <vehicle id="48" x="398.35" y="499.81" angle="0.00" type="DEFAULT_VEHTYPE" speed="13.09" pos="95.44" lane="2/3to2/2_0" slope="0.00"/>
        <vehicle id="5" x="72.88" y="401.65" angle="-90.00" type="DEFAULT_VEHTYPE" speed="12.64" pos="122.37" lane="1/2to0/2_0" slope="0.00"/>
        <vehicle id="7" x="321.63" y="598.35" angle="90.00" type="DEFAULT_VEHTYPE" speed="13.66" pos="116.88" lane="1/3to2/3_0" slope="0.00"/>
        <vehicle id="8" x="201.65" y="296.91" angle="180.00" type="DEFAULT_VEHTYPE" speed="12.79" pos="92.16" lane="1/1to1/2_0" slope="0.00"/>
    </timestep>
    <timestep time="700.00">
        <vehicle id="0" x="290.94" y="598.35" angle="90.00" type="DEFAULT_VEHTYPE" speed="13.45" pos="86.19" lane="1/3to2/3_0" slope="0.00"/>
        <vehicle id="1" x="605.71" y="601.65" angle="-90.00" type="DEFAULT_VEHTYPE" speed="3.75" pos="194.29" lane="4/3to3/3_0" slope="0.00"/>
        <vehicle id="17" x="401.65" y="631.74" angle="180.00" type="DEFAULT_VEHTYPE" speed="12.64" pos="26.99" lane="2/3to2/4_0" slope="0.00"/>
        <vehicle id="18" x="396.95" y="598.59" angle="92.79" type="DEFAULT_VEHTYPE" speed="6.65" pos="1.71" lane=":2/3_14_0" slope="0.00"/>
        <vehicle id="21" x="201.65" y="518.93" angle="180.00" type="DEFAULT_VEHTYPE" speed="13.43" pos="114.18" lane="1/2to1/3_0" slope="0.00"/>
        <vehicle id="22" x="427.68" y="401.65" angle="-90.00" type="DEFAULT_VEHTYPE" speed="13.46" pos="167.57" lane="3/2to2/2_0" slope="0.00"/>
        <vehicle id="24" x="315.55" y="401.65" angle="-90.00" type="DEFAULT_VEHTYPE" speed="12.96" pos="79.70" lane="2/2to1/2_0" slope="0.00"/>
        <vehicle id="26" x="365.44" y="401.65" angle="-90.00" type="DEFAULT_VEHTYPE" speed="13.86" pos="29.81" lane="2/2to1/2_0" slope="0.00"/>
        <vehicle id="28" x="368.03" y="598.35" angle="90.00" type="DEFAULT_VEHTYPE" speed="10.60" pos="163.28" lane="1/3to2/3_0" slope="0.00"/>
        <vehicle id="32" x="401.65" y="780.55" angle="180.00" type="DEFAULT_VEHTYPE" speed="13.36" pos="175.80" lane="2/3to2/4_0" slope="0.00"/>
        <vehicle id="35" x="32.37" y="398.35" angle="90.00" type="DEFAULT_VEHTYPE" speed="13.23" pos="32.37" lane="0/2to1/2_0" slope="0.00"/>
        <vehicle id="37" x="398.35" y="3.78" angle="0.00" type="DEFAULT_VEHTYPE" speed="12.94" pos="191.47" lane="2/1to2/0_0" slope="0.00"/>
        <vehicle id="38" x="643.47" y="601.65" angle="-90.00" type="DEFAULT_VEHTYPE" speed="13.68" pos="156.53" lane="4/3to3/3_0" slope="0.00"/>
        <vehicle id="41" x="401.65" y="663.64" angle="180.00" type="DEFAULT_VEHTYPE" speed="13.15" pos="58.89" lane="2/3to2/4_0" slope="0.00"/>
        <vehicle id="44" x="398.35" y="460.06" angle="0.00" type="DEFAULT_VEHTYPE" speed="13.36" pos="135.19" lane="2/3to2/2_0" slope="0.00"/>
        <vehicle id="48" x="398.35" y="486.71" angle="0.00" type="DEFAULT_VEHTYPE" speed="13.10" pos="108.54" lane="2/3to2/2_0" slope="0.00"/>
        <vehicle id="5" x="60.28" y="401.65" angle="-90.00" type="DEFAULT_VEHTYPE" speed="12.61" pos="134.97" lane="1/2to0/2_0" slope="0.00"/>
        <vehicle id="7" x="335.37" y="598.35" angle="90.00" type="DEFAULT_VEHTYPE" speed="13.73" pos="130.62" lane="1/3to2/3_0" slope="0.00"/>
        <vehicle id="8" x="201.65" y="310.20" angle="180.00" type="DEFAULT_VEHTYPE" speed="13.29" pos="105.45" lane="1/1to1/2_0" slope="0.00"/>
    </timestep>
    <timestep time="701.00">
        <vehicle id="0" x="304.56" y="598.35" angle="90.00" type="DEFAULT_VEHTYPE" speed="13.62" pos="99.81" lane="1/3to2/3_0" slope="0.00"/>
        <vehicle id="1" x="600.32" y="600.27" angle="-73.67" type="DEFAULT_VEHTYPE" speed="5.69" pos="4.73" lane=":3/3_6_0" slope="0.00"/>
        <vehicle id="17" x="401.65" y="644.43" angle="180.00" type="DEFAULT_VEHTYPE" speed="12.69" pos="39.68" lane="2/3to2/4_0" slope="0.00"/>
        <vehicle id="18" x="401.65" y="604.93" angle="163.12" type="DEFAULT_VEHTYPE" speed="8.79" pos="0.18" lane="2/3to2/4_0" slope="0.00"/>
        <vehicle id="21" x="201.65" y="532.66" angle="180.00" type="DEFAULT_VEHTYPE" speed="13.73" pos="127.91" lane="1/2to1/3_0" slope="0.00"/>
        <vehicle id="22" x="418.68" y="401.65" angle="-90.00" type="DEFAULT_VEHTYPE" speed="8.99" pos="176.57" lane="3/2to2/2_0" slope="0.00"/>
        <vehicle id="24" x="302.84" y="401.65" angle="-90.00" type="DEFAULT_VEHTYPE" speed="12.72" pos="92.41" lane="2/2to1/2_0" slope="0.00"/>
        <vehicle id="26" x="352.52" y="401.65" angle="-90.00" type="DEFAULT_VEHTYPE" speed="12.92" pos="42.73" lane="2/2to1/2_0" slope="0.00"/>
        <vehicle id="28" x="379.05" y="598.35" angle="90.00" type="DEFAULT_VEHTYPE" speed="11.02" pos="174.30" lane="1/3to2/3_0" slope="0.00"/>
        <vehicle id="32" x="401.65" y="794.23" angle="180.00" type="DEFAULT_VEHTYPE" speed="13.68" pos="189.48" lane="2/3to2/4_0" slope="0.00"/>
        <vehicle id="35" x="46.15" y="398.35" angle="90.00" type="DEFAULT_VEHTYPE" speed="13.78" pos="46.15" lane="0/2to1/2_0" slope="0.00"/>
        <vehicle id="37" x="401.65" y="5.11" angle="180.00" type="DEFAULT_VEHTYPE" speed="13.70" pos="5.11" lane="2/0to2/1_0" slope="0.00"/>
        <vehicle id="38" x="631.33" y="601.65" angle="-90.00" type="DEFAULT_VEHTYPE" speed="12.13" pos="168.67" lane="4/3to3/3_0" slope="0.00"/>
        <vehicle id="41" x="401.65" y="676.94" angle="180.00" type="DEFAULT_VEHTYPE" speed="13.31" pos="72.19" lane="2/3to2/4_0" slope="0.00"/>
        <vehicle id="44" x="398.35" y="447.11" angle="0.00" type="DEFAULT_VEHTYPE" speed="12.95" pos="148.14" lane="2/3to2/2_0" slope="0.00"/>
        <vehicle id="48" x="398.35" y="473.39" angle="0.00" type="DEFAULT_VEHTYPE" speed="13.32" pos="121.86" lane="2/3to2/2_0" slope="0.00"/>
        <vehicle id="5" x="46.54" y="401.65" angle="-90.00" type="DEFAULT_VEHTYPE" speed="13.74" pos="148.71" lane="1/2to0/2_0" slope="0.00"/>
        <vehicle id="7" x="348.77" y="598.35" angle="90.00" type="DEFAULT_VEHTYPE" speed="13.41" pos="144.02" lane="1/3to2/3_0" slope="0.00"/>
        <vehicle id="8" x="201.65" y="322.87" angle="180.00" type="DEFAULT_VEHTYPE" speed="12.67" pos="118.12" lane="1/1to1/2_0" slope="0.00"/>
    </timestep>
    <timestep time="702.00">
        <vehicle id="0" x="318.19" y="598.35" angle="90.00" type="DEFAULT_VEHTYPE" speed="13.62" pos="113.44" lane="1/3to2/3_0" slope="0.00"/>
        <vehicle id="1" x="598.35" y="593.28" angle="-5.82" type="DEFAULT_VEHTYPE" speed="7.56" pos="1.97" lane="3/3to3/2_0" slope="0.00"/>
        <vehicle id="17" x="401.65" y="657.50" angle="180.00" type="DEFAULT_VEHTYPE" speed="13.07" pos="52.75" lane="2/3to2/4_0" slope="0.00"/>
        <vehicle id="18" x="401.65" y="615.19" angle="180.00" type="DEFAULT_VEHTYPE" speed="10.25" pos="10.44" lane="2/3to2/4_0" slope="0.00"/>
        <vehicle id="21" x="201.65" y="546.43" angle="180.00" type="DEFAULT_VEHTYPE" speed="13.77" pos="141.68" lane="1/2to1/3_0" slope="0.00"/>
        <vehicle id="22" x="412.15" y="401.65" angle="-90.00" type="DEFAULT_VEHTYPE" speed="6.53" pos="183.10" lane="3/2to2/2_0" slope="0.00"/>
        <vehicle id="24" x="289.65" y="401.65" angle="-90.00" type="DEFAULT_VEHTYPE" speed="13.19" pos="105.60" lane="2/2to1/2_0" slope="0.00"/>
        <vehicle id="26" x="339.46" y="401.65" angle="-90.00" type="DEFAULT_VEHTYPE" speed="13.06" pos="55.79" lane="2/2to1/2_0" slope="0.00"/>
        <vehicle id="28" x="385.94" y="598.35" angle="90.00" type="DEFAULT_VEHTYPE" speed="6.88" pos="181.19" lane="1/3to2/3_0" slope="0.00"/>
        <vehicle id="32" x="398.35" y="797.36" angle="-20.65" type="DEFAULT_VEHTYPE" speed="13.23" pos="2.64" lane="2/4to2/3_0" slope="0.00"/>
        <vehicle id="35" x="59.93" y="398.35" angle="90.00" type="DEFAULT_VEHTYPE" speed="13.77" pos="59.93" lane="0/2to1/2_0" slope="0.00"/>
        <vehicle id="37" x="401.65" y="18.82" angle="180.00" type="DEFAULT_VEHTYPE" speed="13.72" pos="18.82" lane="2/0to2/1_0" slope="0.00"/>
        <vehicle id="38" x="621.41" y="601.65" angle="-90.00" type="DEFAULT_VEHTYPE" speed="9.92" pos="178.59" lane="4/3to3/3_0" slope="0.00"/>
        <vehicle id="41" x="401.65" y="689.72" angle="180.00" type="DEFAULT_VEHTYPE" speed="12.77" pos="84.97" lane="2/3to2/4_0" slope="0.00"/>
        <vehicle id="44" x="398.35" y="433.45" angle="0.00" type="DEFAULT_VEHTYPE" speed="13.66" pos="161.80" lane="2/3to2/2_0" slope="0.00"/>
        <vehicle id="48" x="398.35" y="459.67" angle="0.00" type="DEFAULT_VEHTYPE" speed="13.72" pos="135.58" lane="2/3to2/2_0" slope="0.00"/>
        <vehicle id="5" x="32.99" y="401.65" angle="-90.00" type="DEFAULT_VEHTYPE" speed="13.55" pos="162.26" lane="1/2to0/2_0" slope="0.00"/>
        <vehicle id="7" x="361.85" y="598.35" angle="90.00" type="DEFAULT_VEHTYPE" speed="13.07" pos="157.10" lane="1/3to2/3_0" slope="0.00"/>
        <vehicle id="8" x="201.65" y="336.56" angle="180.00" type="DEFAULT_VEHTYPE" speed="13.68" pos="131.81" lane="1/1to1/2_0" slope="0.00"/>
    </timestep>
    <timestep time="703.00">
        <vehicle id="0" x="331.01" y="598.35" angle="90.00" type="DEFAULT_VEHTYPE" speed="12.82" pos="126.26" lane="1/3to2/3_0" slope="0.00"/>
        <vehicle id="1" x="598.35" y="583.78" angle="0.00" type="DEFAULT_VEHTYPE" speed="9.50" pos="11.47" lane="3/3to3/2_0" slope="0.00"/>
        <vehicle id="17" x="401.65" y="670.35" angle="180.00" type="DEFAULT_VEHTYPE" speed="12.85" pos="65.60" lane="2/3to2/4_0" slope="0.00"/>
        <vehicle id="18" x="401.65" y="626.97" angle="180.00" type="DEFAULT_VEHTYPE" speed="11.78" pos="22.22" lane="2/3to2/4_0" slope="0.00"/>
        <vehicle id="21" x="201.65" y="559.36" angle="180.00" type="DEFAULT_VEHTYPE" speed="12.93" pos="154.61" lane="1/2to1/3_0" slope="0.00"/>
        <vehicle id="22" x="409.86" y="401.65" angle="-90.00" type="DEFAULT_VEHTYPE" speed="2.29" pos="185.39" lane="3/2to2/2_0" slope="0.00"/>
        <vehicle id="24" x="276.28" y="401.65" angle="-90.00" type="DEFAULT_VEHTYPE" speed="13.37" pos="118.97" lane="2/2to1/2_0" slope="0.00"/>
        <vehicle id="26" x="326.50" y="401.65" angle="-90.00" type="DEFAULT_VEHTYPE" speed="12.96" pos="68.75" lane="2/2to1/2_0" slope="0.00"/>
        <vehicle id="28" x="389.27" y="598.35" angle="90.00" type="DEFAULT_VEHTYPE" speed="3.34" pos="184.52" lane="1/3to2/3_0" slope="0.00"/>
        <vehicle id="32" x="398.35" y="783.94" angle="0.00" type="DEFAULT_VEHTYPE" speed="13.43" pos="16.06" lane="2/4to2/3_0" slope="0.00"/>
        <vehicle id="35" x="72.57" y="398.35" angle="90.00" type="DEFAULT_VEHTYPE" speed="12.65" pos="72.57" lane="0/2to1/2_0" slope="0.00"/>
        <vehicle id="37" x="401.65" y="31.88" angle="180.00" type="DEFAULT_VEHTYPE" speed="13.06" pos="31.88" lane="2/0to2/1_0" slope="0.00"/>
        <vehicle id="38" x="614.65" y="601.65" angle="-90.00" type="DEFAULT_VEHTYPE" speed="6.76" pos="185.35" lane="4/3to3/3_0" slope="0.00"/>
        <vehicle id="41" x="401.65" y="702.62" angle="180.00" type="DEFAULT_VEHTYPE" speed="12.90" pos="97.87" lane="2/3to2/4_0" slope="0.00"/>
        <vehicle id="44" x="398.35" y="420.50" angle="0.00" type="DEFAULT_VEHTYPE" speed="12.95" pos="174.75" lane="2/3to2/2_0" slope="0.00"/>
        <vehicle id="48" x="398.35" y="446.89" angle="0.00" type="DEFAULT_VEHTYPE" speed="12.78" pos="148.36" lane="2/3to2/2_0" slope="0.00"/>
        <vehicle id="5" x="19.24" y="401.65" angle="-90.00" type="DEFAULT_VEHTYPE" speed="13.74" pos="176.01" lane="1/2to0/2_0" slope="0.00"/>
        <vehicle id="7" x="372.33" y="598.35" angle="90.00" type="DEFAULT_VEHTYPE" speed="10.48" pos="167.58" lane="1/3to2/3_0" slope="0.00"/>
        <vehicle id="8" x="201.65" y="350.27" angle="180.00" type="DEFAULT_VEHTYPE" speed="13.71" pos="145.52" lane="1/1to1/2_0" slope="0.00"/>
    </timestep>
    <timestep time="704.00">
        <vehicle id="0" x="344.55" y="598.35" angle="90.00" type="DEFAULT_VEHTYPE" speed="13.54" pos="139.80" lane="1/3to2/3_0" slope="0.00"/>
        <vehicle id="1" x="598.35" y="572.63" angle="0.00" type="DEFAULT_VEHTYPE" speed="11.15" pos="22.62" lane="3/3to3/2_0" slope="0.00"/>
        <vehicle id="17" x="401.65" y="684.00" angle="180.00" type="DEFAULT_VEHTYPE" speed="13.65" pos="79.25" lane="2/3to2/4_0" slope="0.00"/>
        <vehicle id="18" x="401.65" y="640.47" angle="180.00" type="DEFAULT_VEHTYPE" speed="13.50" pos="35.72" lane="2/3to2/4_0" slope="0.00"/>
        <vehicle id="21" x="201.65" y="572.59" angle="180.00" type="DEFAULT_VEHTYPE" speed="13.23" pos="167.84" lane="1/2to1/3_0" slope="0.00"/>
        <vehicle id="22" x="408.60" y="401.65" angle="-90.00" type="DEFAULT_VEHTYPE" speed="1.26" pos="186.65" lane="3/2to2/2_0" slope="0.00"/>
        <vehicle id="24" x="262.60" y="401.65" angle="-90.00" type="DEFAULT_VEHTYPE" speed="13.68" pos="132.65" lane="2/2to1/2_0" slope="0.00"/>
        <vehicle id="26" x="313.82" y="401.65" angle="-90.00" type="DEFAULT_VEHTYPE" speed="12.68" pos="81.43" lane="2/2to1/2_0" slope="0.00"/>
        <vehicle id="28" x="395.13" y="598.35" angle="90.00" type="DEFAULT_VEHTYPE" speed="5.86" pos="190.38" lane="1/3to2/3_0" slope="0.00"/>
        <vehicle id="32" x="398.35" y="770.21" angle="0.00" type="DEFAULT_VEHTYPE" speed="13.72" pos="29.79" lane="2/4to2/3_0" slope="0.00"/>
        <vehicle id="35" x="85.24" y="398.35" angle="90.00" type="DEFAULT_VEHTYPE" speed="12.67" pos="85.24" lane="0/2to1/2_0" slope="0.00"/>
        <vehicle id="37" x="401.65" y="44.98" angle="180.00" type="DEFAULT_VEHTYPE" speed="13.10" pos="44.98" lane="2/0to2/1_0" slope="0.00"/>
        <vehicle id="38" x="610.84" y="601.65" angle="-90.00" type="DEFAULT_VEHTYPE" speed="3.81" pos="189.16" lane="4/3to3/3_0" slope="0.00"/>
        <vehicle id="41" x="401.65" y="715.79" angle="180.00" type="DEFAULT_VEHTYPE" speed="13.17" pos="111.04" lane="2/3to2/4_0" slope="0.00"/>
        <vehicle id="44" x="398.35" y="406.63" angle="0.00" type="DEFAULT_VEHTYPE" speed="13.88" pos="188.62" lane="2/3to2/2_0" slope="0.00"/>
        <vehicle id="48" x="398.35" y="434.15" angle="0.00" type="DEFAULT_VEHTYPE" speed="12.74" pos="161.10" lane="2/3to2/2_0" slope="0.00"/>
        <vehicle id="5" x="5.81" y="401.65" angle="-90.00" type="DEFAULT_VEHTYPE" speed="13.43" pos="189.44" lane="1/2to0/2_0" slope="0.00"/>
        <vehicle id="7" x="378.31" y="598.35" angle="90.00" type="DEFAULT_VEHTYPE" speed="5.98" pos="173.56" lane="1/3to2/3_0" slope="0.00"/>
        <vehicle id="8" x="201.65" y="363.43" angle="180.00" type="DEFAULT_VEHTYPE" speed="13.16" pos="158.68" lane="1/1to1/2_0" slope="0.00"/>
    </timestep>
    <timestep time="705.00">
        <vehicle id="0" x="357.08" y="598.35" angle="90.00" type="DEFAULT_VEHTYPE" speed="12.53" pos="152.33" lane="1/3to2/3_0" slope="0.00"/>
        <vehicle id="1" x="598.35" y="559.19" angle="0.00" type="DEFAULT_VEHTYPE" speed="13.44" pos="36.06" lane="3/3to3/2_0" slope="0.00"/>
        <vehicle id="17" x="401.65" y="697.67" angle="180.00" type="DEFAULT_VEHTYPE" speed="13.68" pos="92.92" lane="2/3to2/4_0" slope="0.00"/>
        <vehicle id="18" x="401.65" y="653.20" angle="180.00" type="DEFAULT_VEHTYPE" speed="12.74" pos="48.45" lane="2/3to2/4_0" slope="0.00"/>
        <vehicle id="21" x="201.65" y="585.31" angle="180.00" type="DEFAULT_VEHTYPE" speed="12.72" pos="180.56" lane="1/2to1/3_0" slope="0.00"/>
        <vehicle id="22" x="407.66" y="401.65" angle="-90.00" type="DEFAULT_VEHTYPE" speed="0.94" pos="187.59" lane="3/2to2/2_0" slope="0.00"/>
        <vehicle id="24" x="248.95" y="401.65" angle="-90.00" type="DEFAULT_VEHTYPE" speed="13.64" pos="146.30" lane="2/2to1/2_0" slope="0.00"/>
        <vehicle id="26" x="300.53" y="401.65" angle="-90.00" type="DEFAULT_VEHTYPE" speed="13.29" pos="94.72" lane="2/2to1/2_0" slope="0.00"/>
        <vehicle id="28" x="401.08" y="601.67" angle="129.24" type="DEFAULT_VEHTYPE" speed="7.28" pos="7.16" lane=":2/3_14_0" slope="0.00"/>
        <vehicle id="32" x="398.35" y="756.38" angle="0.00" type="DEFAULT_VEHTYPE" speed="13.84" pos="43.62" lane="2/4to2/3_0" slope="0.00"/>
        <vehicle id="35" x="98.93" y="398.35" angle="90.00" type="DEFAULT_VEHTYPE" speed="13.69" pos="98.93" lane="0/2to1/2_0" slope="0.00"/>
        <vehicle id="37" x="401.65" y="58.13" angle="180.00" type="DEFAULT_VEHTYPE" speed="13.15" pos="58.13" lane="2/0to2/1_0" slope="0.00"/>
        <vehicle id="38" x="605.01" y="601.65" angle="-90.00" type="DEFAULT_VEHTYPE" speed="5.83" pos="194.99" lane="4/3to3/3_0" slope="0.00"/>
        <vehicle id="41" x="401.65" y="729.66" angle="180.00" type="DEFAULT_VEHTYPE" speed="13.87" pos="124.91" lane="2/3to2/4_0" slope="0.00"/>
        <vehicle id="44" x="398.35" y="393.89" angle="0.00" type="DEFAULT_VEHTYPE" speed="12.74" pos="1.36" lane="2/2to2/1_0" slope="0.00"/>
        <vehicle id="48" x="398.35" y="421.33" angle="0.00" type="DEFAULT_VEHTYPE" speed="12.81" pos="173.92" lane="2/3to2/2_0" slope="0.00"/>
        <vehicle id="5" x="3.04" y="398.35" angle="74.40" type="DEFAULT_VEHTYPE" speed="13.67" pos="3.04" lane="0/2to1/2_0" slope="0.00"/>
        <vehicle id="7" x="385.67" y="598.35" angle="90.00" type="DEFAULT_VEHTYPE" speed="7.36" pos="180.92" lane="1/3to2/3_0" slope="0.00"/>
        <vehicle id="8" x="201.65" y="376.33" angle="180.00" type="DEFAULT_VEHTYPE" speed="12.90" pos="171.58" lane="1/1to1/2_0" slope="0.00"/>
    </timestep>
    <timestep time="706.00">
        <vehicle id="0" x="369.33" y="598.35" angle="90.00" type="DEFAULT_VEHTYPE" speed="12.25" pos="164.58" lane="1/3to2/3_0" slope="0.00"/>
        <vehicle id="1" x="598.35" y="546.51" angle="0.00" type="DEFAULT_VEHTYPE" speed="12.68" pos="48.74" lane="3/3to3/2_0" slope="0.00"/>
        <vehicle id="17" x="401.65" y="710.98" angle="180.00" type="DEFAULT_VEHTYPE" speed="13.31" pos="106.23" lane="2/3to2/4_0" slope="0.00"/>
        <vehicle id="18" x="401.65" y="665.81" angle="180.00" type="DEFAULT_VEHTYPE" speed="12.61" pos="61.06" lane="2/3to2/4_0" slope="0.00"/>
        <vehicle id="21" x="203.33" y="598.12" angle="158.76" type="DEFAULT_VEHTYPE" speed="13.50" pos="3.56" lane=":1/3_8_0" slope="0.00"/>
        <vehicle id="22" x="407.46" y="401.65" angle="-90.00" type="DEFAULT_VEHTYPE" speed="0.21" pos="187.79" lane="3/2to2/2_0" slope="0.00"/>
        <vehicle id="24" x="235.45" y="401.65" angle="-90.00" type="DEFAULT_VEHTYPE" speed="13.50" pos="159.80" lane="2/2to1/2_0" slope="0.00"/>
        <vehicle id="26" x="287.17" y="401.65" angle="-90.00" type="DEFAULT_VEHTYPE" speed="13.36" pos="108.08" lane="2/2to1/2_0" slope="0.00"/>
        <vehicle id="28" x="401.65" y="610.76" angle="180.00" type="DEFAULT_VEHTYPE" speed="9.17" pos="6.01" lane="2/3to2/4_0" slope="0.00"/>
        <vehicle id="32" x="398.35" y="742.50" angle="0.00" type="DEFAULT_VEHTYPE" speed="13.87" pos="57.50" lane="2/4to2/3_0" slope="0.00"/>
        <vehicle id="35" x="112.26" y="398.35" angle="90.00" type="DEFAULT_VEHTYPE" speed="13.33" pos="112.26" lane="0/2to1/2_0" slope="0.00"/>
        <vehicle id="37" x="401.65" y="71.98" angle="180.00" type="DEFAULT_VEHTYPE" speed="13.86" pos="71.98" lane="2/0to2/1_0" slope="0.00"/>
        <vehicle id="38" x="598.73" y="597.91" angle="-45.40" type="DEFAULT_VEHTYPE" speed="7.89" pos="7.63" lane=":3/3_6_0" slope="0.00"/>
        <vehicle id="41" x="401.65" y="742.67" angle="180.00" type="DEFAULT_VEHTYPE" speed="13.01" pos="137.92" lane="2/3to2/4_0" slope="0.00"/>
        <vehicle id="44" x="398.35" y="380.14" angle="0.00" type="DEFAULT_VEHTYPE" speed="13.74" pos="15.11" lane="2/2to2/1_0" slope="0.00"/>
        <vehicle id="48" x="398.35" y="408.34" angle="0.00" type="DEFAULT_VEHTYPE" speed="13.00" pos="186.91" lane="2/3to2/2_0" slope="0.00"/>
        <vehicle id="5" x="15.94" y="398.35" angle="90.00" type="DEFAULT_VEHTYPE" speed="12.90" pos="15.94" lane="0/2to1/2_0" slope="0.00"/>
        <vehicle id="7" x="390.25" y="598.35" angle="90.00" type="DEFAULT_VEHTYPE" speed="4.58" pos="185.50" lane="1/3to2/3_0" slope="0.00"/>
        <vehicle id="8" x="201.65" y="389.19" angle="180.00" type="DEFAULT_VEHTYPE" speed="12.86" pos="184.44" lane="1/1to1/2_0" slope="0.00"/>
    </timestep>
    <timestep time="707.00">
        <vehicle id="0" x="377.77" y="598.35" angle="90.00" type="DEFAULT_VEHTYPE" speed="8.44" pos="173.02" lane="1/3to2/3_0" slope="0.00"/>
        <vehicle id="1" x="598.35" y="533.04" angle="0.00" type="DEFAULT_VEHTYPE" speed="13.47" pos="62.21" lane="3/3to3/2_0" slope="0.00"/>
        <vehicle id="17" x="401.65" y="723.97" angle="180.00" type="DEFAULT_VEHTYPE" speed="12.99" pos="119.22" lane="2/3to2/4_0" slope="0.00"/>
        <vehicle id="18" x="401.65" y="678.48" angle="180.00" type="DEFAULT_VEHTYPE" speed="12.67" pos="73.73" lane="2/3to2/4_0" slope="0.00"/>
        <vehicle id="21" x="217.12" y="598.35" angle="90.00" type="DEFAULT_VEHTYPE" speed="13.81" pos="12.37" lane="1/3to2/3_0" slope="0.00"/>
        <vehicle id="22" x="407.34" y="401.65" angle="-90.00" type="DEFAULT_VEHTYPE" speed="0.12" pos="187.91" lane="3/2to2/2_0" slope="0.00"/>
        <vehicle id="24" x="223.44" y="401.65" angle="-90.00" type="DEFAULT_VEHTYPE" speed="12.01" pos="171.81" lane="2/2to1/2_0" slope="0.00"/>
        <vehicle id="26" x="273.27" y="401.65" angle="-90.00" type="DEFAULT_VEHTYPE" speed="13.90" pos="121.98" lane="2/2to1/2_0" slope="0.00"/>
        <vehicle id="28" x="401.65" y="622.23" angle="180.00" type="DEFAULT_VEHTYPE" speed="11.46" pos="17.48" lane="2/3to2/4_0" slope="0.00"/>
        <vehicle id="32" x="398.35" y="729.40" angle="0.00" type="DEFAULT_VEHTYPE" speed="13.10" pos="70.60" lane="2/4to2/3_0" slope="0.00"/>
        <vehicle id="35" x="125.67" y="398.35" angle="90.00" type="DEFAULT_VEHTYPE" speed="13.42" pos="125.67" lane="0/2to1/2_0" slope="0.00"/>
        <vehicle id="37" x="401.65" y="85.21" angle="180.00" type="DEFAULT_VEHTYPE" speed="13.23" pos="85.21" lane="2/0to2/1_0" slope="0.00"/>
        <vehicle id="38" x="598.35" y="588.58" angle="0.00" type="DEFAULT_VEHTYPE" speed="9.36" pos="6.67" lane="3/3to3/2_0" slope="0.00"/>
        <vehicle id="41" x="401.65" y="755.82" angle="180.00" type="DEFAULT_VEHTYPE" speed="13.15" pos="151.07" lane="2/3to2/4_0" slope="0.00"/>
        <vehicle id="44" x="398.35" y="367.03" angle="0.00" type="DEFAULT_VEHTYPE" speed="13.12" pos="28.22" lane="2/2to2/1_0" slope="0.00"/>
        <vehicle id="48" x="390.76" y="401.65" angle="-89.19" type="DEFAULT_VEHTYPE" speed="13.08" pos="4.49" lane="2/2to1/2_0" slope="0.00"/>
        <vehicle id="5" x="29.20" y="398.35" angle="90.00" type="DEFAULT_VEHTYPE" speed="13.26" pos="29.20" lane="0/2to1/2_0" slope="0.00"/>
        <vehicle id="7" x="397.28" y="598.64" angle="93.33" type="DEFAULT_VEHTYPE" speed="7.05" pos="2.05" lane=":2/3_14_0" slope="0.00"/>
        <vehicle id="8" x="201.65" y="402.11" angle="180.00" type="DEFAULT_VEHTYPE" speed="12.92" pos="6.86" lane=":1/2_9_0" slope="0.00"/>
    </timestep>
    <timestep time="708.00">
        <vehicle id="0" x="385.01" y="598.35" angle="90.00" type="DEFAULT_VEHTYPE" speed="7.24" pos="180.26" lane="1/3to2/3_0" slope="0.00"/>
        <vehicle id="1" x="598.35" y="520.36" angle="0.00" type="DEFAULT_VEHTYPE" speed="12.68" pos="74.89" lane="3/3to3/2_0" slope="0.00"/>
        <vehicle id="17" x="401.65" y="736.59" angle="180.00" type="DEFAULT_VEHTYPE" speed="12.62" pos="131.84" lane="2/3to2/4_0" slope="0.00"/>
        <vehicle id="18" x="401.65" y="692.27" angle="180.00" type="DEFAULT_VEHTYPE" speed="13.78" pos="87.52" lane="2/3to2/4_0" slope="0.00"/>
        <vehicle id="21" x="230.54" y="598.35" angle="90.00" type="DEFAULT_VEHTYPE" speed="13.42" pos="25.79" lane="1/3to2/3_0" slope="0.00"/>
        <vehicle id="22" x="407.26" y="401.65" angle="-90.00" type="DEFAULT_VEHTYPE" speed="0.08" pos="187.99" lane="3/2to2/2_0" slope="0.00"/>
        <vehicle id="24" x="215.86" y="401.65" angle="-90.00" type="DEFAULT_VEHTYPE" speed="7.58" pos="179.39" lane="2/2to1/2_0" slope="0.00"/>
        <vehicle id="26" x="260.24" y="401.65" angle="-90.00" type="DEFAULT_VEHTYPE" speed="13.04" pos="135.01" lane="2/2to1/2_0" slope="0.00"/>
        <vehicle id="28" x="401.65" y="634.90" angle="180.00" type="DEFAULT_VEHTYPE" speed="12.68" pos="30.15" lane="2/3to2/4_0" slope="0.00"/>
        <vehicle id="32" x="398.35" y="715.92" angle="0.00" type="DEFAULT_VEHTYPE" speed="13.48" pos="84.08" lane="2/4to2/3_0" slope="0.00"/>
        <vehicle id="35" x="138.64" y="398.35" angle="90.00" type="DEFAULT_VEHTYPE" speed="12.96" pos="138.64" lane="0/2to1/2_0" slope="0.00"/>
        <vehicle id="37" x="401.65" y="98.87" angle="180.00" type="DEFAULT_VEHTYPE" speed="13.66" pos="98.87" lane="2/0to2/1_0" slope="0.00"/>
        <vehicle id="38" x="598.35" y="577.86" angle="0.00" type="DEFAULT_VEHTYPE" speed="10.72" pos="17.39" lane="3/3to3/2_0" slope="0.00"/>
        <vehicle id="41" x="401.65" y="769.21" angle="180.00" type="DEFAULT_VEHTYPE" speed="13.39" pos="164.46" lane="2/3to2/4_0" slope="0.00"/>
        <vehicle id="44" x="398.35" y="353.51" angle="0.00" type="DEFAULT_VEHTYPE" speed="13.52" pos="41.74" lane="2/2to2/1_0" slope="0.00"/>
        <vehicle id="48" x="378.00" y="401.65" angle="-90.00" type="DEFAULT_VEHTYPE" speed="12.75" pos="17.25" lane="2/2to1/2_0" slope="0.00"/>
        <vehicle id="5" x="42.18" y="398.35" angle="90.00" type="DEFAULT_VEHTYPE" speed="12.98" pos="42.18" lane="0/2to1/2_0" slope="0.00"/>
        <vehicle id="7" x="401.65" y="605.93" angle="169.35" type="DEFAULT_VEHTYPE" speed="9.45" pos="1.18" lane="2/3to2/4_0" slope="0.00"/>
        <vehicle id="8" x="201.65" y="415.26" angle="180.00" type="DEFAULT_VEHTYPE" speed="13.15" pos="10.51" lane="1/2to1/3_0" slope="0.00"/>
    </timestep>
    <timestep time="709.00">
        <vehicle id="0" x="389.38" y="598.35" angle="90.00" type="DEFAULT_VEHTYPE" speed="4.37" pos="184.63" lane="1/3to2/3_0" slope="0.00"/>
        <vehicle id="1" x="598.35" y="507.06" angle="0.00" type="DEFAULT_VEHTYPE" speed="13.30" pos="88.19" lane="3/3to3/2_0" slope="0.00"/>
        <vehicle id="17" x="401.65" y="750.35" angle="180.00" type="DEFAULT_VEHTYPE" speed="13.76" pos="145.60" lane="2/3to2/4_0" slope="0.00"/>
        <vehicle id="18" x="401.65" y="705.65" angle="180.00" type="DEFAULT_VEHTYPE" speed="13.39" pos="100.90" lane="2/3to2/4_0" slope="0.00"/>
        <vehicle id="21" x="243.86" y="598.35" angle="90.00" type="DEFAULT_VEHTYPE" speed="13.32" pos="39.11" lane="1/3to2/3_0" slope="0.00"/>
        <vehicle id="22" x="404.98" y="401.65" angle="-90.00" type="DEFAULT_VEHTYPE" speed="2.28" pos="190.27" lane="3/2to2/2_0" slope="0.00"/>
        <vehicle id="24" x="211.31" y="401.65" angle="-90.00" type="DEFAULT_VEHTYPE" speed="4.54" pos="183.94" lane="2/2to1/2_0" slope="0.00"/>
        <vehicle id="26" x="247.21" y="401.65" angle="-90.00" type="DEFAULT_VEHTYPE" speed="13.02" pos="148.04" lane="2/2to1/2_0" slope="0.00"/>
        <vehicle id="28" x="401.65" y="647.83" angle="180.00" type="DEFAULT_VEHTYPE" speed="12.93" pos="43.08" lane="2/3to2/4_0" slope="0.00"/>
        <vehicle id="32" x="398.35" y="703.19" angle="0.00" type="DEFAULT_VEHTYPE" speed="12.73" pos="96.81" lane="2/4to2/3_0" slope="0.00"/>
        <vehicle id="35" x="152.49" y="398.35" angle="90.00" type="DEFAULT_VEHTYPE" speed="13.86" pos="152.49" lane="0/2to1/2_0" slope="0.00"/>
        <vehicle id="37" x="401.65" y="111.57" angle="180.00" type="DEFAULT_VEHTYPE" speed="12.70" pos="111.57" lane="2/0to2/1_0" slope="0.00"/>
        <vehicle id="38" x="598.35" y="565.26" angle="0.00" type="DEFAULT_VEHTYPE" speed="12.60" pos="29.99" lane="3/3to3/2_0" slope="0.00"/>
        <vehicle id="41" x="401.65" y="783.10" angle="180.00" type="DEFAULT_VEHTYPE" speed="13.89" pos="178.35" lane="2/3to2/4_0" slope="0.00"/>
        <vehicle id="44" x="398.35" y="340.65" angle="0.00" type="DEFAULT_VEHTYPE" speed="12.85" pos="54.60" lane="2/2to2/1_0" slope="0.00"/>
        <vehicle id="48" x="364.94" y="401.65" angle="-90.00" type="DEFAULT_VEHTYPE" speed="13.06" pos="30.31" lane="2/2to1/2_0" slope="0.00"/>
        <vehicle id="5" x="55.65" y="398.35" angle="90.00" type="DEFAULT_VEHTYPE" speed="13.47" pos="55.65" lane="0/2to1/2_0" slope="0.00"/>
        <vehicle id="7" x="401.65" y="616.72" angle="180.00" type="DEFAULT_VEHTYPE" speed="10.79" pos="11.97" lane="2/3to2/4_0" slope="0.00"/>
        <vehicle id="8" x="201.65" y="428.84" angle="180.00" type="DEFAULT_VEHTYPE" speed="13.58" pos="24.09" lane="1/2to1/3_0" slope="0.00"/>
    </timestep>
    <timestep time="710.00">
        <vehicle id="0" x="396.23" y="598.49" angle="91.61" type="DEFAULT_VEHTYPE" speed="6.86" pos="0.99" lane=":2/3_14_0" slope="0.00"/>
        <vehicle id="1" x="598.35" y="493.41" angle="0.00" type="DEFAULT_VEHTYPE" speed="13.65" pos="101.84" lane="3/3to3/2_0" slope="0.00"/>
        <vehicle id="17" x="401.65" y="764.06" angle="180.00" type="DEFAULT_VEHTYPE" speed="13.71" pos="159.31" lane="2/3to2/4_0" slope="0.00"/>
        <vehicle id="18" x="401.65" y="719.46" angle="180.00" type="DEFAULT_VEHTYPE" speed="13.81" pos="114.71" lane="2/3to2/4_0" slope="0.00"/>
        <vehicle id="21" x="256.51" y="598.35" angle="90.00" type="DEFAULT_VEHTYPE" speed="12.65" pos="51.76" lane="1/3to2/3_0" slope="0.00"/>
        <vehicle id="22" x="401.25" y="401.65" angle="-90.00" type="DEFAULT_VEHTYPE" speed="3.73" pos="3.50" lane=":2/2_5_0" slope="0.00"/>
        <vehicle id="24" x="204.53" y="401.65" angle="-90.00" type="DEFAULT_VEHTYPE" speed="6.78" pos="0.22" lane=":1/2_5_0" slope="0.00"/>
        <vehicle id="26" x="234.45" y="401.65" angle="-90.00" type="DEFAULT_VEHTYPE" speed="12.77" pos="160.80" lane="2/2to1/2_0" slope="0.00"/>
        <vehicle id="28" x="401.65" y="660.88" angle="180.00" type="DEFAULT_VEHTYPE" speed="13.04" pos="56.13" lane="2/3to2/4_0" slope="0.00"/>
        <vehicle id="32" x="398.35" y="690.53" angle="0.00" type="DEFAULT_VEHTYPE" speed="12.66" pos="109.47" lane="2/4to2/3_0" slope="0.00"/>
        <vehicle id="35" x="166.09" y="398.35" angle="90.00" type="DEFAULT_VEHTYPE" speed="13.59" pos="166.09" lane="0/2to1/2_0" slope="0.00"/>
        <vehicle id="37" x="401.65" y="124.71" angle="180.00" type="DEFAULT_VEHTYPE" speed="13.14" pos="124.71" lane="2/0to2/1_0" slope="0.00"/>
        <vehicle id="38" x="598.35" y="551.89" angle="0.00" type="DEFAULT_VEHTYPE" speed="13.37" pos="43.36" lane="3/3to3/2_0" slope="0.00"/>
        <vehicle id="41" x="401.65" y="796.91" angle="180.00" type="DEFAULT_VEHTYPE" speed="13.81" pos="192.16" lane="2/3to2/4_0" slope="0.00"/>
        <vehicle id="44" x="398.35" y="327.69" angle="0.00" type="DEFAULT_VEHTYPE" speed="12.96" pos="67.56" lane="2/2to2/1_0" slope="0.00"/>
        <vehicle id="48" x="351.45" y="401.65" angle="-90.00" type="DEFAULT_VEHTYPE" speed="13.49" pos="43.80" lane="2/2to1/2_0" slope="0.00"/>
        <vehicle id="5" x="69.04" y="398.35" angle="90.00" type="DEFAULT_VEHTYPE" speed="13.39" pos="69.04" lane="0/2to1/2_0" slope="0.00"/>
        <vehicle id="7" x="401.65" y="629.70" angle="180.00" type="DEFAULT_VEHTYPE" speed="12.97" pos="24.95" lane="2/3to2/4_0" slope="0.00"/>
        <vehicle id="8" x="201.65" y="442.34" angle="180.00" type="DEFAULT_VEHTYPE" speed="13.49" pos="37.59" lane="1/2to1/3_0" slope="0.00"/>
    </timestep>
    <timestep time="711.00">
        <vehicle id="0" x="401.62" y="604.56" angle="160.92" type="DEFAULT_VEHTYPE" speed="9.14" pos="10.13" lane=":2/3_14_0" slope="0.00"/>
        <vehicle id="1" x="598.35" y="479.87" angle="0.00" type="DEFAULT_VEHTYPE" speed="13.54" pos="115.38" lane="3/3to3/2_0" slope="0.00"/>
        <vehicle id="17" x="401.65" y="776.87" angle="180.00" type="DEFAULT_VEHTYPE" speed="12.81" pos="172.12" lane="2/3to2/4_0" slope="0.00"/>
        <vehicle id="18" x="401.65" y="733.08" angle="180.00" type="DEFAULT_VEHTYPE" speed="13.62" pos="128.33" lane="2/3to2/4_0" slope="0.00"/>
        <vehicle id="21" x="269.64" y="598.35" angle="90.00" type="DEFAULT_VEHTYPE" speed="13.13" pos="64.89" lane="1/3to2/3_0" slope="0.00"/>
        <vehicle id="22" x="395.39" y="401.65" angle="-90.00" type="DEFAULT_VEHTYPE" speed="5.85" pos="9.36" lane=":2/2_5_0" slope="0.00"/>
        <vehicle id="24" x="195.78" y="401.65" angle="-90.00" type="DEFAULT_VEHTYPE" speed="8.75" pos="8.97" lane=":1/2_5_0" slope="0.00"/>
        <vehicle id="26" x="223.68" y="401.65" angle="-90.00" type="DEFAULT_VEHTYPE" speed="10.77" pos="171.57" lane="2/2to1/2_0" slope="0.00"/>
        <vehicle id="28" x="401.65" y="673.50" angle="180.00" type="DEFAULT_VEHTYPE" speed="12.63" pos="68.75" lane="2/3to2/4_0" slope="0.00"/>
        <vehicle id="32" x="398.35" y="677.47" angle="0.00" type="DEFAULT_VEHTYPE" speed="13.06" pos="122.53" lane="2/4to2/3_0" slope="0.00"/>
        <vehicle id="35" x="176.63" y="398.35" angle="90.00" type="DEFAULT_VEHTYPE" speed="10.54" pos="176.63" lane="0/2to1/2_0" slope="0.00"/>
        <vehicle id="37" x="401.65" y="137.93" angle="180.00" type="DEFAULT_VEHTYPE" speed="13.23" pos="137.93" lane="2/0to2/1_0" slope="0.00"/>
        <vehicle id="38" x="598.35" y="539.14" angle="0.00" type="DEFAULT_VEHTYPE" speed="12.75" pos="56.11" lane="3/3to3/2_0" slope="0.00"/>
        <vehicle id="41" x="398.35" y="794.91" angle="0.00" type="DEFAULT_VEHTYPE" speed="13.01" pos="5.09" lane="2/4to2/3_0" slope="0.00"/>
        <vehicle id="44" x="398.35" y="314.41" angle="0.00" type="DEFAULT_VEHTYPE" speed="13.28" pos="80.84" lane="2/2to2/1_0" slope="0.00"/>
        <vehicle id="48" x="338.24" y="401.65" angle="-90.00" type="DEFAULT_VEHTYPE" speed="13.21" pos="57.01" lane="2/2to1/2_0" slope="0.00"/>
        <vehicle id="5" x="81.70" y="398.35" angle="90.00" type="DEFAULT_VEHTYPE" speed="12.66" pos="81.70" lane="0/2to1/2_0" slope="0.00"/>
        <vehicle id="7" x="401.65" y="642.59" angle="180.00" type="DEFAULT_VEHTYPE" speed="12.89" pos="37.84" lane="2/3to2/4_0" slope="0.00"/>
        <vehicle id="8" x="201.65" y="455.06" angle="180.00" type="DEFAULT_VEHTYPE" speed="12.72" pos="50.31" lane="1/2to1/3_0" slope="0.00"/>
    </timestep>
    <timestep time="712.00">
        <vehicle id="0" x="401.65" y="615.66" angle="180.00" type="DEFAULT_VEHTYPE" speed="11.10" pos="10.91" lane="2/3to2/4_0" slope="0.00"/>
        <vehicle id="1" x="598.35" y="466.06" angle="0.00" type="DEFAULT_VEHTYPE" speed="13.81" pos="129.19" lane="3/3to3/2_0" slope="0.00"/>
        <vehicle id="17" x="401.65" y="790.51" angle="180.00" type="DEFAULT_VEHTYPE" speed="13.65" pos="185.76" lane="2/3to2/4_0" slope="0.00"/>
        <vehicle id="18" x="401.65" y="745.85" angle="180.00" type="DEFAULT_VEHTYPE" speed="12.76" pos="141.10" lane="2/3to2/4_0" slope="0.00"/>
        <vehicle id="21" x="282.95" y="598.35" angle="90.00" type="DEFAULT_VEHTYPE" speed="13.31" pos="78.20" lane="1/3to2/3_0" slope="0.00"/>
        <vehicle id="22" x="388.23" y="401.65" angle="-90.00" type="DEFAULT_VEHTYPE" speed="7.16" pos="7.02" lane="2/2to1/2_0" slope="0.00"/>
        <vehicle id="24" x="185.38" y="401.65" angle="-90.00" type="DEFAULT_VEHTYPE" speed="10.41" pos="9.87" lane="1/2to0/2_0" slope="0.00"/>
        <vehicle id="26" x="215.89" y="401.65" angle="-90.00" type="DEFAULT_VEHTYPE" speed="7.79" pos="179.36" lane="2/2to1/2_0" slope="0.00"/>
        <vehicle id="28" x="401.65" y="686.21" angle="180.00" type="DEFAULT_VEHTYPE" speed="12.70" pos="81.46" lane="2/3to2/4_0" slope="0.00"/>
        <vehicle id="32" x="398.35" y="663.71" angle="0.00" type="DEFAULT_VEHTYPE" speed="13.76" pos="136.29" lane="2/4to2/3_0" slope="0.00"/>
        <vehicle id="35" x="184.80" y="398.35" angle="90.00" type="DEFAULT_VEHTYPE" speed="8.17" pos="184.80" lane="0/2to1/2_0" slope="0.00"/>
        <vehicle id="37" x="401.65" y="150.59" angle="180.00" type="DEFAULT_VEHTYPE" speed="12.65" pos="150.59" lane="2/0to2/1_0" slope="0.00"/>
        <vehicle id="38" x="598.35" y="525.43" angle="0.00" type="DEFAULT_VEHTYPE" speed="13.70" pos="69.82" lane="3/3to3/2_0" slope="0.00"/>
        <vehicle id="41" x="398.35" y="781.82" angle="0.00" type="DEFAULT_VEHTYPE" speed="13.09" pos="18.18" lane="2/4to2/3_0" slope="0.00"/>
        <vehicle id="44" x="398.35" y="301.25" angle="0.00" type="DEFAULT_VEHTYPE" speed="13.16" pos="94.00" lane="2/2to2/1_0" slope="0.00"/>
        <vehicle id="48" x="325.30" y="401.65" angle="-90.00" type="DEFAULT_VEHTYPE" speed="12.94" pos="69.95" lane="2/2to1/2_0" slope="0.00"/>
        <vehicle id="5" x="95.35" y="398.35" angle="90.00" type="DEFAULT_VEHTYPE" speed="13.65" pos="95.35" lane="0/2to1/2_0" slope="0.00"/>
        <vehicle id="7" x="401.65" y="655.95" angle="180.00" type="DEFAULT_VEHTYPE" speed="13.36" pos="51.20" lane="2/3to2/4_0" slope="0.00"/>
        <vehicle id="8" x="201.65" y="468.54" angle="180.00" type="DEFAULT_VEHTYPE" speed="13.48" pos="63.79" lane="1/2to1/3_0" slope="0.00"/>
    </timestep>
    <timestep time="713.00">
        <vehicle id="0" x="401.65" y="629.22" angle="180.00" type="DEFAULT_VEHTYPE" speed="13.55" pos="24.47" lane="2/3to2/4_0" slope="0.00"/>
        <vehicle id="1" x="598.35" y="452.44" angle="0.00" type="DEFAULT_VEHTYPE" speed="13.62" pos="142.81" lane="3/3to3/2_0" slope="0.00"/>
        <vehicle id="17" x="398.84" y="800.73" angle="-122.53" type="DEFAULT_VEHTYPE" speed="13.43" pos="3.94" lane=":2/4_0_0" slope="0.00"/>
        <vehicle id="18" x="401.65" y="758.82" angle="180.00" type="DEFAULT_VEHTYPE" speed="12.97" pos="154.07" lane="2/3to2/4_0" slope="0.00"/>
        <vehicle id="21" x="296.41" y="598.35" angle="90.00" type="DEFAULT_VEHTYPE" speed="13.46" pos="91.66" lane="1/3to2/3_0" slope="0.00"/>
        <vehicle id="22" x="378.67" y="401.65" angle="-90.00" type="DEFAULT_VEHTYPE" speed="9.56" pos="16.58" lane="2/2to1/2_0" slope="0.00"/>
        <vehicle id="24" x="172.92" y="401.65" angle="-90.00" type="DEFAULT_VEHTYPE" speed="12.46" pos="22.33" lane="1/2to0/2_0" slope="0.00"/>
        <vehicle id="26" x="210.92" y="401.65" angle="-90.00" type="DEFAULT_VEHTYPE" speed="4.96" pos="184.33" lane="2/2to1/2_0" slope="0.00"/>
        <vehicle id="28" x="401.65" y="698.96" angle="180.00" type="DEFAULT_VEHTYPE" speed="12.75" pos="94.21" lane="2/3to2/4_0" slope="0.00"/>
        <vehicle id="32" x="398.35" y="650.88" angle="0.00" type="DEFAULT_VEHTYPE" speed="12.83" pos="149.12" lane="2/4to2/3_0" slope="0.00"/>
        <vehicle id="35" x="189.12" y="398.35" angle="90.00" type="DEFAULT_VEHTYPE" speed="4.32" pos="189.12" lane="0/2to1/2_0" slope="0.00"/>
        <vehicle id="37" x="401.65" y="164.05" angle="180.00" type="DEFAULT_VEHTYPE" speed="13.46" pos="164.05" lane="2/0to2/1_0" slope="0.00"/>
        <vehicle id="38" x="598.35" y="512.51" angle="0.00" type="DEFAULT_VEHTYPE" speed="12.92" pos="82.74" lane="3/3to3/2_0" slope="0.00"/>
        <vehicle id="41" x="398.35" y="768.72" angle="0.00" type="DEFAULT_VEHTYPE" speed="13.10" pos="31.28" lane="2/4to2/3_0" slope="0.00"/>
        <vehicle id="44" x="398.35" y="288.49" angle="0.00" type="DEFAULT_VEHTYPE" speed="12.76" pos="106.76" lane="2/2to2/1_0" slope="0.00"/>
        <vehicle id="48" x="312.33" y="401.65" angle="-90.00" type="DEFAULT_VEHTYPE" speed="12.97" pos="82.92" lane="2/2to1/2_0" slope="0.00"/>
        <vehicle id="5" x="108.22" y="398.35" angle="90.00" type="DEFAULT_VEHTYPE" speed="12.87" pos="108.22" lane="0/2to1/2_0" slope="0.00"/>
        <vehicle id="7" x="401.65" y="669.08" angle="180.00" type="DEFAULT_VEHTYPE" speed="13.14" pos="64.33" lane="2/3to2/4_0" slope="0.00"/>
        <vehicle id="8" x="201.65" y="481.19" angle="180.00" type="DEFAULT_VEHTYPE" speed="12.65" pos="76.44" lane="1/2to1/3_0" slope="0.00"/>
    </timestep>
    <timestep time="714.00">
        <vehicle id="0" x="401.65" y="642.66" angle="180.00" type="DEFAULT_VEHTYPE" speed="13.44" pos="37.91" lane="2/3to2/4_0" slope="0.00"/>
        <vehicle id="1" x="598.35" y="438.73" angle="0.00" type="DEFAULT_VEHTYPE" speed="13.71" pos="156.52" lane="3/3to3/2_0" slope="0.00"/>
        <vehicle id="17" x="398.35" y="787.82" angle="0.00" type="DEFAULT_VEHTYPE" speed="13.06" pos="12.18" lane="2/4to2/3_0" slope="0.00"/>
        <vehicle id="18" x="401.65" y="772.69" angle="180.00" type="DEFAULT_VEHTYPE" speed="13.87" pos="167.94" lane="2/3to2/4_0" slope="0.00"/>
        <vehicle id="21" x="309.88" y="598.35" angle="90.00" type="DEFAULT_VEHTYPE" speed="13.46" pos="105.13" lane="1/3to2/3_0" slope="0.00"/>
        <vehicle id="22" x="367.51" y="401.65" angle="-90.00" type="DEFAULT_VEHTYPE" speed="11.16" pos="27.74" lane="2/2to1/2_0" slope="0.00"/>
        <vehicle id="24" x="159.90" y="401.65" angle="-90.00" type="DEFAULT_VEHTYPE" speed="13.02" pos="35.35" lane="1/2to0/2_0" slope="0.00"/>
        <vehicle id="26" x="203.75" y="401.65" angle="-90.00" type="DEFAULT_VEHTYPE" speed="7.18" pos="1.00" lane=":1/2_5_0" slope="0.00"/>
        <vehicle id="28" x="401.65" y="712.76" angle="180.00" type="DEFAULT_VEHTYPE" speed="13.80" pos="108.01" lane="2/3to2/4_0" slope="0.00"/>
        <vehicle id="32" x="398.35" y="637.37" angle="0.00" type="DEFAULT_VEHTYPE" speed="13.51" pos="162.63" lane="2/4to2/3_0" slope="0.00"/>
        <vehicle id="35" x="191.56" y="398.35" angle="90.00" type="DEFAULT_VEHTYPE" speed="2.44" pos="191.56" lane="0/2to1/2_0" slope="0.00"/>
        <vehicle id="37" x="401.65" y="176.84" angle="180.00" type="DEFAULT_VEHTYPE" speed="12.79" pos="176.84" lane="2/0to2/1_0" slope="0.00"/>
        <vehicle id="38" x="598.35" y="499.56" angle="0.00" type="DEFAULT_VEHTYPE" speed="12.95" pos="95.69" lane="3/3to3/2_0" slope="0.00"/>
        <vehicle id="41" x="398.35" y="755.98" angle="0.00" type="DEFAULT_VEHTYPE" speed="12.74" pos="44.02" lane="2/4to2/3_0" slope="0.00"/>
        <vehicle id="44" x="398.35" y="275.06" angle="0.00" type="DEFAULT_VEHTYPE" speed="13.43" pos="120.19" lane="2/2to2/1_0" slope="0.00"/>
        <vehicle id="48" x="299.32" y="401.65" angle="-90.00" type="DEFAULT_VEHTYPE" speed="13.01" pos="95.93" lane="2/2to1/2_0" slope="0.00"/>
        <vehicle id="5" x="121.04" y="398.35" angle="90.00" type="DEFAULT_VEHTYPE" speed="12.82" pos="121.04" lane="0/2to1/2_0" slope="0.00"/>
        <vehicle id="7" x="401.65" y="682.32" angle="180.00" type="DEFAULT_VEHTYPE" speed="13.23" pos="77.57" lane="2/3to2/4_0" slope="0.00"/>
        <vehicle id="8" x="201.65" y="494.88" angle="180.00" type="DEFAULT_VEHTYPE" speed="13.69" pos="90.13" lane="1/2to1/3_0" slope="0.00"/>
    </timestep>
    <timestep time="715.00">
        <vehicle id="0" x="401.65" y="656.34" angle="180.00" type="DEFAULT_VEHTYPE" speed="13.68" pos="51.59" lane="2/3to2/4_0" slope="0.00"/>
        <vehicle id="1" x="598.35" y="424.85" angle="0.00" type="DEFAULT_VEHTYPE" speed="13.88" pos="170.40" lane="3/3to3/2_0" slope="0.00"/>
        <vehicle id="17" x="398.35" y="775.05" angle="0.00" type="DEFAULT_VEHTYPE" speed="12.77" pos="24.95" lane="2/4to2/3_0" slope="0.00"/>
        <vehicle id="18" x="401.65" y="785.58" angle="180.00" type="DEFAULT_VEHTYPE" speed="12.89" pos="180.83" lane="2/3to2/4_0" slope="0.00"/>
        <vehicle id="21" x="323.66" y="598.35" angle="90.00" type="DEFAULT_VEHTYPE" speed="13.78" pos="118.91" lane="1/3to2/3_0" slope="0.00"/>
        <vehicle id="22" x="354.88" y="401.65" angle="-90.00" type="DEFAULT_VEHTYPE" speed="12.62" pos="40.37" lane="2/2to1/2_0" slope="0.00"/>
        <vehicle id="24" x="147.24" y="401.65" angle="-90.00" type="DEFAULT_VEHTYPE" speed="12.66" pos="48.01" lane="1/2to0/2_0" slope="0.00"/>
        <vehicle id="26" x="194.86" y="401.65" angle="-90.00" type="DEFAULT_VEHTYPE" speed="8.89" pos="0.39" lane="1/2to0/2_0" slope="0.00"/>
        <vehicle id="28" x="401.65" y="726.42" angle="180.00" type="DEFAULT_VEHTYPE" speed="13.66" pos="121.67" lane="2/3to2/4_0" slope="0.00"/>
        <vehicle id="32" x="398.35" y="624.43" angle="0.00" type="DEFAULT_VEHTYPE" speed="12.94" pos="175.57" lane="2/4to2/3_0" slope="0.00"/>
        <vehicle id="35" x="192.58" y="398.35" angle="90.00" type="DEFAULT_VEHTYPE" speed="1.02" pos="192.58" lane="0/2to1/2_0" slope="0.00"/>
        <vehicle id="37" x="401.65" y="190.58" angle="180.00" type="DEFAULT_VEHTYPE" speed="13.74" pos="190.58" lane="2/0to2/1_0" slope="0.00"/>
        <vehicle id="38" x="598.35" y="486.13" angle="0.00" type="DEFAULT_VEHTYPE" speed="13.43" pos="109.12" lane="3/3to3/2_0" slope="0.00"/>
        <vehicle id="41" x="398.35" y="742.09" angle="0.00" type="DEFAULT_VEHTYPE" speed="13.89" pos="57.91" lane="2/4to2/3_0" slope="0.00"/>
        <vehicle id="44" x="398.35" y="262.26" angle="0.00" type="DEFAULT_VEHTYPE" speed="12.80" pos="132.99" lane="2/2to2/1_0" slope="0.00"/>
        <vehicle id="48" x="285.67" y="401.65" angle="-90.00" type="DEFAULT_VEHTYPE" speed="13.66" pos="109.58" lane="2/2to1/2_0" slope="0.00"/>
        <vehicle id="5" x="134.00" y="398.35" angle="90.00" type="DEFAULT_VEHTYPE" speed="12.96" pos="134.00" lane="0/2to1/2_0" slope="0.00"/>
        <vehicle id="7" x="401.65" y="695.78" angle="180.00" type="DEFAULT_VEHTYPE" speed="13.46" pos="91.03" lane="2/3to2/4_0" slope="0.00"/>
        <vehicle id="8" x="201.65" y="508.63" angle="180.00" type="DEFAULT_VEHTYPE" speed="13.75" pos="103.88" lane="1/2to1/3_0" slope="0.00"/>
    </timestep>
    <timestep time="716.00">
        <vehicle id="0" x="401.65" y="669.76" angle="180.00" type="DEFAULT_VEHTYPE" speed="13.43" pos="65.01" lane="2/3to2/4_0" slope="0.00"/>
        <vehicle id="1" x="598.35" y="411.05" angle="0.00" type="DEFAULT_VEHTYPE" speed="13.80" pos="184.20" lane="3/3to3/2_0" slope="0.00"/>
        <vehicle id="17" x="398.35" y="761.69" angle="0.00" type="DEFAULT_VEHTYPE" speed="13.36" pos="38.31" lane="2/4to2/3_0" slope="0.00"/>
        <vehicle id="18" x="401.65" y="799.25" angle="180.00" type="DEFAULT_VEHTYPE" speed="13.68" pos="194.50" lane="2/3to2/4_0" slope="0.00"/>
        <vehicle id="21" x="336.31" y="598.35" angle="90.00" type="DEFAULT_VEHTYPE" speed="12.65" pos="131.56" lane="1/3to2/3_0" slope="0.00"/>
        <vehicle id="22" x="341.73" y="401.65" angle="-90.00" type="DEFAULT_VEHTYPE" speed="13.15" pos="53.52" lane="2/2to1/2_0" slope="0.00"/>
        <vehicle id="24" x="134.62" y="401.65" angle="-90.00" type="DEFAULT_VEHTYPE" speed="12.62" pos="60.63" lane="1/2to0/2_0" slope="0.00"/>
        <vehicle id="26" x="184.37" y="401.65" angle="-90.00" type="DEFAULT_VEHTYPE" speed="10.50" pos="10.88" lane="1/2to0/2_0" slope="0.00"/>
        <vehicle id="28" x="401.65" y="740.24" angle="180.00" type="DEFAULT_VEHTYPE" speed="13.82" pos="135.49" lane="2/3to2/4_0" slope="0.00"/>
        <vehicle id="32" x="398.35" y="611.48" angle="0.00" type="DEFAULT_VEHTYPE" speed="12.95" pos="188.52" lane="2/4to2/3_0" slope="0.00"/>
        <vehicle id="35" x="195.76" y="398.42" angle="90.84" type="DEFAULT_VEHTYPE" speed="3.19" pos="0.52" lane=":1/2_14_0" slope="0.00"/>
        <vehicle id="37" x="407.89" y="198.35" angle="95.13" type="DEFAULT_VEHTYPE" speed="12.81" pos="3.14" lane="2/1to3/1_0" slope="0.00"/>
        <vehicle id="38" x="598.35" y="473.47" angle="0.00" type="DEFAULT_VEHTYPE" speed="12.66" pos="121.78" lane="3/3to3/2_0" slope="0.00"/>
        <vehicle id="41" x="398.35" y="729.14" angle="0.00" type="DEFAULT_VEHTYPE" speed="12.95" pos="70.86" lane="2/4to2/3_0" slope="0.00"/>
        <vehicle id="44" x="398.35" y="248.73" angle="0.00" type="DEFAULT_VEHTYPE" speed="13.53" pos="146.52" lane="2/2to2/1_0" slope="0.00"/>
        <vehicle id="48" x="272.31" y="401.65" angle="-90.00" type="DEFAULT_VEHTYPE" speed="13.36" pos="122.94" lane="2/2to1/2_0" slope="0.00"/>
        <vehicle id="5" x="147.21" y="398.35" angle="90.00" type="DEFAULT_VEHTYPE" speed="13.21" pos="147.21" lane="0/2to1/2_0" slope="0.00"/>
        <vehicle id="7" x="401.65" y="709.31" angle="180.00" type="DEFAULT_VEHTYPE" speed="13.53" pos="104.56" lane="2/3to2/4_0" slope="0.00"/>
        <vehicle id="8" x="201.65" y="522.53" angle="180.00" type="DEFAULT_VEHTYPE" speed="13.90" pos="117.78" lane="1/2to1/3_0" slope="0.00"/>
    </timestep>
    <timestep time="717.00">
        <vehicle id="0" x="401.65" y="682.65" angle="180.00" type="DEFAULT_VEHTYPE" speed="12.88" pos="77.90" lane="2/3to2/4_0" slope="0.00"/>
        <vehicle id="1" x="593.69" y="401.65" angle="-70.18" type="DEFAULT_VEHTYPE" speed="12.87" pos="1.56" lane="3/2to2/2_0" slope="0.00"/>
        <vehicle id="17" x="398.35" y="748.58" angle="0.00" type="DEFAULT_VEHTYPE" speed="13.11" pos="51.42" lane="2/4to2/3_0" slope="0.00"/>
        <vehicle id="18" x="398.35" y="792.94" angle="0.00" type="DEFAULT_VEHTYPE" speed="12.62" pos="7.06" lane="2/4to2/3_0" slope="0.00"/>
        <vehicle id="21" x="349.86" y="598.35" angle="90.00" type="DEFAULT_VEHTYPE" speed="13.55" pos="145.11" lane="1/3to2/3_0" slope="0.00"/>
        <vehicle id="22" x="328.40" y="401.65" angle="-90.00" type="DEFAULT_VEHTYPE" speed="13.33" pos="66.85" lane="2/2to1/2_0" slope="0.00"/>
        <vehicle id="24" x="121.63" y="401.65" angle="-90.00" type="DEFAULT_VEHTYPE" speed="12.99" pos="73.62" lane="1/2to0/2_0" slope="0.00"/>
        <vehicle id="26" x="171.92" y="401.65" angle="-90.00" type="DEFAULT_VEHTYPE" speed="12.45" pos="23.33" lane="1/2to0/2_0" slope="0.00"/>
        <vehicle id="28" x="401.65" y="752.88" angle="180.00" type="DEFAULT_VEHTYPE" speed="12.63" pos="148.13" lane="2/3to2/4_0" slope="0.00"/>
        <vehicle id="32" x="398.35" y="597.75" angle="0.00" type="DEFAULT_VEHTYPE" speed="13.72" pos="7.00" lane=":2/3_1_0" slope="0.00"/>
        <vehicle id="35" x="200.29" y="400.35" angle="113.37" type="DEFAULT_VEHTYPE" speed="5.11" pos="5.62" lane=":1/2_14_0" slope="0.00"/>
        <vehicle id="37" x="420.82" y="198.35" angle="90.00" type="DEFAULT_VEHTYPE" speed="12.92" pos="16.07" lane="2/1to3/1_0" slope="0.00"/>
        <vehicle id="38" x="598.35" y="459.60" angle="0.00" type="DEFAULT_VEHTYPE" speed="13.87" pos="135.65" lane="3/3to3/2_0" slope="0.00"/>
        <vehicle id="41" x="398.35" y="716.40" angle="0.00" type="DEFAULT_VEHTYPE" speed="12.74" pos="83.60" lane="2/4to2/3_0" slope="0.00"/>
        <vehicle id="44" x="398.35" y="235.24" angle="0.00" type="DEFAULT_VEHTYPE" speed="13.49" pos="160.01" lane="2/2to2/1_0" slope="0.00"/>
        <vehicle id="48" x="258.93" y="401.65" angle="-90.00" type="DEFAULT_VEHTYPE" speed="13.39" pos="136.32" lane="2/2to1/2_0" slope="0.00"/>
        <vehicle id="5" x="160.67" y="398.35" angle="90.00" type="DEFAULT_VEHTYPE" speed="13.47" pos="160.67" lane="0/2to1/2_0" slope="0.00"/>
        <vehicle id="7" x="401.65" y="722.45" angle="180.00" type="DEFAULT_VEHTYPE" speed="13.14" pos="117.70" lane="2/3to2/4_0" slope="0.00"/>
        <vehicle id="8" x="201.65" y="535.73" angle="180.00" type="DEFAULT_VEHTYPE" speed="13.21" pos="130.98" lane="1/2to1/3_0" slope="0.00"/>
    </timestep>
    <timestep time="718.00">
        <vehicle id="0" x="401.65" y="695.46" angle="180.00" type="DEFAULT_VEHTYPE" speed="12.82" pos="90.71" lane="2/3to2/4_0" slope="0.00"/>
        <vehicle id="1" x="580.83" y="401.65" angle="-90.00" type="DEFAULT_VEHTYPE" speed="12.86" pos="14.42" lane="3/2to2/2_0" slope="0.00"/>
        <vehicle id="17" x="398.35" y="735.91" angle="0.00" type="DEFAULT_VEHTYPE" speed="12.66" pos="64.09" lane="2/4to2/3_0" slope="0.00"/>
        <vehicle id="18" x="398.35" y="780.24" angle="0.00" type="DEFAULT_VEHTYPE" speed="12.70" pos="19.76" lane="2/4to2/3_0" slope="0.00"/>
        <vehicle id="21" x="362.98" y="598.35" angle="90.00" type="DEFAULT_VEHTYPE" speed="13.12" pos="158.23" lane="1/3to2/3_0" slope="0.00"/>
        <vehicle id="22" x="314.94" y="401.65" angle="-90.00" type="DEFAULT_VEHTYPE" speed="13.45" pos="80.31" lane="2/2to1/2_0" slope="0.00"/>
        <vehicle id="24" x="108.40" y="401.65" angle="-90.00" type="DEFAULT_VEHTYPE" speed="13.23" pos="86.85" lane="1/2to0/2_0" slope="0.00"/>
        <vehicle id="26" x="159.28" y="401.65" angle="-90.00" type="DEFAULT_VEHTYPE" speed="12.64" pos="35.97" lane="1/2to0/2_0" slope="0.00"/>
        <vehicle id="28" x="401.65" y="765.81" angle="180.00" type="DEFAULT_VEHTYPE" speed="12.93" pos="161.06" lane="2/3to2/4_0" slope="0.00"/>
        <vehicle id="32" x="398.35" y="584.77" angle="0.00" type="DEFAULT_VEHTYPE" speed="12.99" pos="10.48" lane="2/3to2/2_0" slope="0.00"/>
        <vehicle id="35" x="201.65" y="407.07" angle="175.64" type="DEFAULT_VEHTYPE" speed="7.01" pos="2.32" lane="1/2to1/3_0" slope="0.00"/>
        <vehicle id="37" x="433.91" y="198.35" angle="90.00" type="DEFAULT_VEHTYPE" speed="13.09" pos="29.16" lane="2/1to3/1_0" slope="0.00"/>
        <vehicle id="38" x="598.35" y="445.92" angle="0.00" type="DEFAULT_VEHTYPE" speed="13.68" pos="149.33" lane="3/3to3/2_0" slope="0.00"/>
        <vehicle id="41" x="398.35" y="703.66" angle="0.00" type="DEFAULT_VEHTYPE" speed="12.74" pos="96.34" lane="2/4to2/3_0" slope="0.00"/>
        <vehicle id="44" x="398.35" y="222.10" angle="0.00" type="DEFAULT_VEHTYPE" speed="13.14" pos="173.15" lane="2/2to2/1_0" slope="0.00"/>
        <vehicle id="48" x="245.69" y="401.65" angle="-90.00" type="DEFAULT_VEHTYPE" speed="13.23" pos="149.56" lane="2/2to1/2_0" slope="0.00"/>
        <vehicle id="5" x="173.67" y="398.35" angle="90.00" type="DEFAULT_VEHTYPE" speed="13.00" pos="173.67" lane="0/2to1/2_0" slope="0.00"/>
        <vehicle id="7" x="401.65" y="736.27" angle="180.00" type="DEFAULT_VEHTYPE" speed="13.82" pos="131.52" lane="2/3to2/4_0" slope="0.00"/>
        <vehicle id="8" x="201.65" y="548.45" angle="180.00" type="DEFAULT_VEHTYPE" speed="12.72" pos="143.70" lane="1/2to1/3_0" slope="0.00"/>
    </timestep>
    <timestep time="719.00">
        <vehicle id="0" x="401.65" y="708.92" angle="180.00" type="DEFAULT_VEHTYPE" speed="13.46" pos="104.17" lane="2/3to2/4_0" slope="0.00"/>
        <vehicle id="1" x="567.38" y="401.65" angle="-90.00" type="DEFAULT_VEHTYPE" speed="13.45" pos="27.87" lane="3/2to2/2_0" slope="0.00"/>
        <vehicle id="17" x="398.35" y="722.67" angle="0.00" type="DEFAULT_VEHTYPE" speed="13.25" pos="77.33" lane="2/4to2/3_0" slope="0.00"/>
        <vehicle id="18" x="398.35" y="767.20" angle="0.00" type="DEFAULT_VEHTYPE" speed="13.05" pos="32.80" lane="2/4to2/3_0" slope="0.00"/>
        <vehicle id="21" x="374.86" y="598.35" angle="90.00" type="DEFAULT_VEHTYPE" speed="11.88" pos="170.11" lane="1/3to2/3_0" slope="0.00"/>
        <vehicle id="22" x="301.51" y="401.65" angle="-90.00" type="DEFAULT_VEHTYPE" speed="13.43" pos="93.74" lane="2/2to1/2_0" slope="0.00"/>
        <vehicle id="24" x="95.10" y="401.65" angle="-90.00" type="DEFAULT_VEHTYPE" speed="13.31" pos="100.15" lane="1/2to0/2_0" slope="0.00"/>
        <vehicle id="26" x="146.38" y="401.65" angle="-90.00" type="DEFAULT_VEHTYPE" speed="12.89" pos="48.87" lane="1/2to0/2_0" slope="0.00"/>
        <vehicle id="28" x="401.65" y="779.33" angle="180.00" type="DEFAULT_VEHTYPE" speed="13.52" pos="174.58" lane="2/3to2/4_0" slope="0.00"/>
        <vehicle id="32" x="398.35" y="571.76" angle="0.00" type="DEFAULT_VEHTYPE" speed="13.00" pos="23.49" lane="2/3to2/2_0" slope="0.00"/>
        <vehicle id="35" x="201.65" y="415.41" angle="180.00" type="DEFAULT_VEHTYPE" speed="8.35" pos="10.66" lane="1/2to1/3_0" slope="0.00"/>
        <vehicle id="37" x="446.80" y="198.35" angle="90.00" type="DEFAULT_VEHTYPE" speed="12.88" pos="42.05" lane="2/1to3/1_0" slope="0.00"/>
        <vehicle id="38" x="598.35" y="432.24" angle="0.00" type="DEFAULT_VEHTYPE" speed="13.69" pos="163.01" lane="3/3to3/2_0" slope="0.00"/>
        <vehicle id="41" x="398.35" y="690.63" angle="0.00" type="DEFAULT_VEHTYPE" speed="13.03" pos="109.37" lane="2/4to2/3_0" slope="0.00"/>
        <vehicle id="44" x="398.35" y="208.44" angle="0.00" type="DEFAULT_VEHTYPE" speed="13.66" pos="186.81" lane="2/2to2/1_0" slope="0.00"/>
        <vehicle id="48" x="232.53" y="401.65" angle="-90.00" type="DEFAULT_VEHTYPE" speed="13.16" pos="162.72" lane="2/2to1/2_0" slope="0.00"/>
        <vehicle id="5" x="182.31" y="398.35" angle="90.00" type="DEFAULT_VEHTYPE" speed="8.64" pos="182.31" lane="0/2to1/2_0" slope="0.00"/>
        <vehicle id="7" x="401.65" y="749.50" angle="180.00" type="DEFAULT_VEHTYPE" speed="13.23" pos="144.75" lane="2/3to2/4_0" slope="0.00"/>
        <vehicle id="8" x="201.65" y="562.12" angle="180.00" type="DEFAULT_VEHTYPE" speed="13.67" pos="157.37" lane="1/2to1/3_0" slope="0.00"/>
    </timestep>
    <timestep time="720.00">
        <vehicle id="0" x="401.65" y="722.33" angle="180.00" type="DEFAULT_VEHTYPE" speed="13.41" pos="117.58" lane="2/3to2/4_0" slope="0.00"/>
        <vehicle id="1" x="554.28" y="401.65" angle="-90.00" type="DEFAULT_VEHTYPE" speed="13.10" pos="40.97" lane="3/2to2/2_0" slope="0.00"/>
        <vehicle id="17" x="398.35" y="709.30" angle="0.00" type="DEFAULT_VEHTYPE" speed="13.37" pos="90.70" lane="2/4to2/3_0" slope="0.00"/>
        <vehicle id="18" x="398.35" y="753.46" angle="0.00" type="DEFAULT_VEHTYPE" speed="13.74" pos="46.54" lane="2/4to2/3_0" slope="0.00"/>
        <vehicle id="21" x="382.68" y="598.35" angle="90.00" type="DEFAULT_VEHTYPE" speed="7.82" pos="177.93" lane="1/3to2/3_0" slope="0.00"/>
        <vehicle id="22" x="287.63" y="401.65" angle="-90.00" type="DEFAULT_VEHTYPE" speed="13.88" pos="107.62" lane="2/2to1/2_0" slope="0.00"/>
        <vehicle id="24" x="81.65" y="401.65" angle="-90.00" type="DEFAULT_VEHTYPE" speed="13.44" pos="113.60" lane="1/2to0/2_0" slope="0.00"/>
        <vehicle id="26" x="133.42" y="401.65" angle="-90.00" type="DEFAULT_VEHTYPE" speed="12.96" pos="61.83" lane="1/2to0/2_0" slope="0.00"/>
        <vehicle id="28" x="401.65" y="793.17" angle="180.00" type="DEFAULT_VEHTYPE" speed="13.84" pos="188.42" lane="2/3to2/4_0" slope="0.00"/>
        <vehicle id="32" x="398.35" y="558.98" angle="0.00" type="DEFAULT_VEHTYPE" speed="12.79" pos="36.27" lane="2/3to2/2_0" slope="0.00"/>
        <vehicle id="35" x="201.65" y="425.15" angle="180.00" type="DEFAULT_VEHTYPE" speed="9.74" pos="20.40" lane="1/2to1/3_0" slope="0.00"/>
        <vehicle id="37" x="460.57" y="198.35" angle="90.00" type="DEFAULT_VEHTYPE" speed="13.78" pos="55.82" lane="2/1to3/1_0" slope="0.00"/>
        <vehicle id="38" x="598.35" y="419.51" angle="0.00" type="DEFAULT_VEHTYPE" speed="12.73" pos="175.74" lane="3/3to3/2_0" slope="0.00"/>
        <vehicle id="41" x="398.35" y="677.46" angle="0.00" type="DEFAULT_VEHTYPE" speed="13.17" pos="122.54" lane="2/4to2/3_0" slope="0.00"/>
        <vehicle id="44" x="390.06" y="201.65" angle="-90.00" type="DEFAULT_VEHTYPE" speed="13.88" pos="5.19" lane="2/1to1/1_0" slope="0.00"/>
        <vehicle id="48" x="221.68" y="401.65" angle="-90.00" type="DEFAULT_VEHTYPE" speed="10.85" pos="173.57" lane="2/2to1/2_0" slope="0.00"/>
        <vehicle id="5" x="188.09" y="398.35" angle="90.00" type="DEFAULT_VEHTYPE" speed="5.78" pos="188.09" lane="0/2to1/2_0" slope="0.00"/>
        <vehicle id="7" x="401.65" y="762.76" angle="180.00" type="DEFAULT_VEHTYPE" speed="13.27" pos="158.01" lane="2/3to2/4_0" slope="0.00"/>
        <vehicle id="8" x="201.65" y="575.91" angle="180.00" type="DEFAULT_VEHTYPE" speed="13.78" pos="171.16" lane="1/2to1/3_0" slope="0.00"/>
    </timestep>
    <timestep time="721.00">
        <vehicle id="0" x="401.65" y="735.52" angle="180.00" type="DEFAULT_VEHTYPE" speed="13.19" pos="130.77" lane="2/3to2/4_0" slope="0.00"/>
        <vehicle id="1" x="540.44" y="401.65" angle="-90.00" type="DEFAULT_VEHTYPE" speed="13.84" pos="54.81" lane="3/2to2/2_0" slope="0.00"/>
        <vehicle id="17" x="398.35" y="695.68" angle="0.00" type="DEFAULT_VEHTYPE" speed="13.62" pos="104.32" lane="2/4to2/3_0" slope="0.00"/>
        <vehicle id="18" x="398.35" y="740.23" angle="0.00" type="DEFAULT_VEHTYPE" speed="13.23" pos="59.77" lane="2/4to2/3_0" slope="0.00"/>
        <vehicle id="21" x="388.45" y="598.35" angle="90.00" type="DEFAULT_VEHTYPE" speed="5.77" pos="183.70" lane="1/3to2/3_0" slope="0.00"/>
        <vehicle id="22" x="274.45" y="401.65" angle="-90.00" type="DEFAULT_VEHTYPE" speed="13.19" pos="120.80" lane="2/2to1/2_0" slope="0.00"/>
        <vehicle id="24" x="68.47" y="401.65" angle="-90.00" type="DEFAULT_VEHTYPE" speed="13.19" pos="126.78" lane="1/2to0/2_0" slope="0.00"/>
        <vehicle id="26" x="120.07" y="401.65" angle="-90.00" type="DEFAULT_VEHTYPE" speed="13.35" pos="75.18" lane="1/2to0/2_0" slope="0.00"/>
        <vehicle id="28" x="398.35" y="798.45" angle="-43.25" type="DEFAULT_VEHTYPE" speed="13.21" pos="1.55" lane="2/4to2/3_0" slope="0.00"/>
        <vehicle id="32" x="398.35" y="545.52" angle="0.00" type="DEFAULT_VEHTYPE" speed="13.45" pos="49.73" lane="2/3to2/2_0" slope="0.00"/>
        <vehicle id="35" x="201.65" y="437.23" angle="180.00" type="DEFAULT_VEHTYPE" speed="12.07" pos="32.48" lane="1/2to1/3_0" slope="0.00"/>
        <vehicle id="37" x="474.34" y="198.35" angle="90.00" type="DEFAULT_VEHTYPE" speed="13.77" pos="69.59" lane="2/1to3/1_0" slope="0.00"/>
        <vehicle id="38" x="598.35" y="406.77" angle="0.00" type="DEFAULT_VEHTYPE" speed="12.74" pos="188.48" lane="3/3to3/2_0" slope="0.00"/>
        <vehicle id="41" x="398.35" y="664.53" angle="0.00" type="DEFAULT_VEHTYPE" speed="12.93" pos="135.47" lane="2/4to2/3_0" slope="0.00"/>
        <vehicle id="44" x="376.82" y="201.65" angle="-90.00" type="DEFAULT_VEHTYPE" speed="13.24" pos="18.43" lane="2/1to1/1_0" slope="0.00"/>
        <vehicle id="48" x="214.32" y="401.65" angle="-90.00" type="DEFAULT_VEHTYPE" speed="7.36" pos="180.93" lane="2/2to1/2_0" slope="0.00"/>
        <vehicle id="5" x="190.46" y="398.35" angle="90.00" type="DEFAULT_VEHTYPE" speed="2.37" pos="190.46" lane="0/2to1/2_0" slope="0.00"/>
        <vehicle id="7" x="401.65" y="775.46" angle="180.00" type="DEFAULT_VEHTYPE" speed="12.70" pos="170.71" lane="2/3to2/4_0" slope="0.00"/>
        <vehicle id="8" x="201.65" y="589.43" angle="180.00" type="DEFAULT_VEHTYPE" speed="13.53" pos="184.68" lane="1/2to1/3_0" slope="0.00"/>
    </timestep>
    <timestep time="722.00">
        <vehicle id="0" x="401.65" y="748.24" angle="180.00" type="DEFAULT_VEHTYPE" speed="12.71" pos="143.49" lane="2/3to2/4_0" slope="0.00"/>
        <vehicle id="1" x="526.91" y="401.65" angle="-90.00" type="DEFAULT_VEHTYPE" speed="13.53" pos="68.34" lane="3/2to2/2_0" slope="0.00"/>
        <vehicle id="17" x="398.35" y="682.60" angle="0.00" type="DEFAULT_VEHTYPE" speed="13.08" pos="117.40" lane="2/4to2/3_0" slope="0.00"/>
        <vehicle id="18" x="398.35" y="727.20" angle="0.00" type="DEFAULT_VEHTYPE" speed="13.03" pos="72.80" lane="2/4to2/3_0" slope="0.00"/>
        <vehicle id="21" x="395.72" y="598.42" angle="90.78" type="DEFAULT_VEHTYPE" speed="7.28" pos="0.48" lane=":2/3_14_0" slope="0.00"/>
        <vehicle id="22" x="260.58" y="401.65" angle="-90.00" type="DEFAULT_VEHTYPE" speed="13.86" pos="134.67" lane="2/2to1/2_0" slope="0.00"/>
        <vehicle id="24" x="55.37" y="401.65" angle="-90.00" type="DEFAULT_VEHTYPE" speed="13.10" pos="139.88" lane="1/2to0/2_0" slope="0.00"/>
        <vehicle id="26" x="106.96" y="401.65" angle="-90.00" type="DEFAULT_VEHTYPE" speed="13.11" pos="88.29" lane="1/2to0/2_0" slope="0.00"/>
        <vehicle id="28" x="398.35" y="785.28" angle="0.00" type="DEFAULT_VEHTYPE" speed="13.16" pos="14.72" lane="2/4to2/3_0" slope="0.00"/>
        <vehicle id="32" x="398.35" y="532.47" angle="0.00" type="DEFAULT_VEHTYPE" speed="13.05" pos="62.78" lane="2/3to2/2_0" slope="0.00"/>
        <vehicle id="35" x="201.65" y="451.01" angle="180.00" type="DEFAULT_VEHTYPE" speed="13.78" pos="46.26" lane="1/2to1/3_0" slope="0.00"/>
        <vehicle id="37" x="487.50" y="198.35" angle="90.00" type="DEFAULT_VEHTYPE" speed="13.16" pos="82.75" lane="2/1to3/1_0" slope="0.00"/>
        <vehicle id="38" x="588.55" y="401.65" angle="-90.00" type="DEFAULT_VEHTYPE" speed="13.72" pos="6.70" lane="3/2to2/2_0" slope="0.00"/>
        <vehicle id="41" x="398.35" y="651.34" angle="0.00" type="DEFAULT_VEHTYPE" speed="13.19" pos="148.66" lane="2/4to2/3_0" slope="0.00"/>
        <vehicle id="44" x="364.20" y="201.65" angle="-90.00" type="DEFAULT_VEHTYPE" speed="12.62" pos="31.05" lane="2/1to1/1_0" slope="0.00"/>
        <vehicle id="48" x="210.69" y="401.65" angle="-90.00" type="DEFAULT_VEHTYPE" speed="3.63" pos="184.56" lane="2/2to1/2_0" slope="0.00"/>
        <vehicle id="5" x="192.12" y="398.35" angle="90.00" type="DEFAULT_VEHTYPE" speed="1.66" pos="192.12" lane="0/2to1/2_0" slope="0.00"/>
        <vehicle id="7" x="401.65" y="788.08" angle="180.00" type="DEFAULT_VEHTYPE" speed="12.62" pos="183.33" lane="2/3to2/4_0" slope="0.00"/>
        <vehicle id="8" x="207.21" y="598.35" angle="99.59" type="DEFAULT_VEHTYPE" speed="13.28" pos="2.46" lane="1/3to2/3_0" slope="0.00"/>
    </timestep>
    <timestep time="723.00">
        <vehicle id="0" x="401.65" y="761.56" angle="180.00" type="DEFAULT_VEHTYPE" speed="13.32" pos="156.81" lane="2/3to2/4_0" slope="0.00"/>
        <vehicle id="1" x="513.31" y="401.65" angle="-90.00" type="DEFAULT_VEHTYPE" speed="13.60" pos="81.94" lane="3/2to2/2_0" slope="0.00"/>
        <vehicle id="17" x="398.35" y="669.39" angle="0.00" type="DEFAULT_VEHTYPE" speed="13.21" pos="130.61" lane="2/4to2/3_0" slope="0.00"/>
        <vehicle id="18" x="398.35" y="714.14" angle="0.00" type="DEFAULT_VEHTYPE" speed="13.06" pos="85.86" lane="2/4to2/3_0" slope="0.00"/>
        <vehicle id="21" x="401.49" y="603.61" angle="151.27" type="DEFAULT_VEHTYPE" speed="8.69" pos="9.17" lane=":2/3_14_0" slope="0.00"/>
        <vehicle id="22" x="246.93" y="401.65" angle="-90.00" type="DEFAULT_VEHTYPE" speed="13.65" pos="148.32" lane="2/2to1/2_0" slope="0.00"/>
        <vehicle id="24" x="42.13" y="401.65" angle="-90.00" type="DEFAULT_VEHTYPE" speed="13.24" pos="153.12" lane="1/2to0/2_0" slope="0.00"/>
        <vehicle id="26" x="93.61" y="401.65" angle="-90.00" type="DEFAULT_VEHTYPE" speed="13.35" pos="101.64" lane="1/2to0/2_0" slope="0.00"/>
        <vehicle id="28" x="398.35" y="772.32" angle="0.00" type="DEFAULT_VEHTYPE" speed="12.97" pos="27.68" lane="2/4to2/3_0" slope="0.00"/>
        <vehicle id="32" x="398.35" y="518.90" angle="0.00" type="DEFAULT_VEHTYPE" speed="13.58" pos="76.35" lane="2/3to2/2_0" slope="0.00"/>
        <vehicle id="35" x="201.65" y="464.06" angle="180.00" type="DEFAULT_VEHTYPE" speed="13.05" pos="59.31" lane="1/2to1/3_0" slope="0.00"/>
        <vehicle id="37" x="500.47" y="198.35" angle="90.00" type="DEFAULT_VEHTYPE" speed="12.97" pos="95.72" lane="2/1to3/1_0" slope="0.00"/>
        <vehicle id="38" x="575.10" y="401.65" angle="-90.00" type="DEFAULT_VEHTYPE" speed="13.44" pos="20.15" lane="3/2to2/2_0" slope="0.00"/>
        <vehicle id="41" x="398.35" y="638.16" angle="0.00" type="DEFAULT_VEHTYPE" speed="13.17" pos="161.84" lane="2/4to2/3_0" slope="0.00"/>
        <vehicle id="44" x="350.64" y="201.65" angle="-90.00" type="DEFAULT_VEHTYPE" speed="13.56" pos="44.61" lane="2/1to1/1_0" slope="0.00"/>
        <vehicle id="48" x="205.47" y="401.65" angle="-90.00" type="DEFAULT_VEHTYPE" speed="5.22" pos="189.78" lane="2/2to1/2_0" slope="0.00"/>
        <vehicle id="5" x="192.48" y="398.35" angle="90.00" type="DEFAULT_VEHTYPE" speed="0.36" pos="192.48" lane="0/2to1/2_0" slope="0.00"/>
        <vehicle id="7" x="401.18" y="800.71" angle="-174.52" type="DEFAULT_VEHTYPE" speed="12.76" pos="0.85" lane=":2/4_0_0" slope="0.00"/>
        <vehicle id="8" x="219.94" y="598.35" angle="90.00" type="DEFAULT_VEHTYPE" speed="12.73" pos="15.19" lane="1/3to2/3_0" slope="0.00"/>
    </timestep>
    <timestep time="724.00">
        <vehicle id="0" x="401.65" y="775.02" angle="180.00" type="DEFAULT_VEHTYPE" speed="13.46" pos="170.27" lane="2/3to2/4_0" slope="0.00"/>
        <vehicle id="1" x="499.52" y="401.65" angle="-90.00" type="DEFAULT_VEHTYPE" speed="13.78" pos="95.73" lane="3/2to2/2_0" slope="0.00"/>
        <vehicle id="17" x="398.35" y="655.63" angle="0.00" type="DEFAULT_VEHTYPE" speed="13.75" pos="144.37" lane="2/4to2/3_0" slope="0.00"/>
        <vehicle id="18" x="398.35" y="701.15" angle="0.00" type="DEFAULT_VEHTYPE" speed="12.99" pos="98.85" lane="2/4to2/3_0" slope="0.00"/>
        <vehicle id="21" x="401.65" y="613.91" angle="180.00" type="DEFAULT_VEHTYPE" speed="10.31" pos="9.16" lane="2/3to2/4_0" slope="0.00"/>
        <vehicle id="22" x="234.27" y="401.65" angle="-90.00" type="DEFAULT_VEHTYPE" speed="12.66" pos="160.98" lane="2/2to1/2_0" slope="0.00"/>
        <vehicle id="24" x="29.38" y="401.65" angle="-90.00" type="DEFAULT_VEHTYPE" speed="12.75" pos="165.87" lane="1/2to0/2_0" slope="0.00"/>
        <vehicle id="26" x="80.77" y="401.65" angle="-90.00" type="DEFAULT_VEHTYPE" speed="12.84" pos="114.48" lane="1/2to0/2_0" slope="0.00"/>
        <vehicle id="28" x="398.35" y="759.16" angle="0.00" type="DEFAULT_VEHTYPE" speed="13.16" pos="40.84" lane="2/4to2/3_0" slope="0.00"/>
        <vehicle id="32" x="398.35" y="505.11" angle="0.00" type="DEFAULT_VEHTYPE" speed="13.79" pos="90.14" lane="2/3to2/2_0" slope="0.00"/>
        <vehicle id="35" x="201.65" y="477.77" angle="180.00" type="DEFAULT_VEHTYPE" speed="13.72" pos="73.02" lane="1/2to1/3_0" slope="0.00"/>
        <vehicle id="37" x="514.05" y="198.35" angle="90.00" type="DEFAULT_VEHTYPE" speed="13.58" pos="109.30" lane="2/1to3/1_0" slope="0.00"/>
        <vehicle id="38" x="561.75" y="401.65" angle="-90.00" type="DEFAULT_VEHTYPE" speed="13.35" pos="33.50" lane="3/2to2/2_0" slope="0.00"/>
        <vehicle id="41" x="398.35" y="624.94" angle="0.00" type="DEFAULT_VEHTYPE" speed="13.22" pos="175.06" lane="2/4to2/3_0" slope="0.00"/>
        <vehicle id="44" x="336.81" y="201.65" angle="-90.00" type="DEFAULT_VEHTYPE" speed="13.83" pos="58.44" lane="2/1to1/1_0" slope="0.00"/>
        <vehicle id="48" x="198.49" y="401.65" angle="-90.00" type="DEFAULT_VEHTYPE" speed="6.99" pos="6.26" lane=":1/2_5_0" slope="0.00"/>
        <vehicle id="5" x="192.63" y="398.35" angle="90.00" type="DEFAULT_VEHTYPE" speed="0.15" pos="192.63" lane="0/2to1/2_0" slope="0.00"/>
        <vehicle id="7" x="398.35" y="791.01" angle="0.00" type="DEFAULT_VEHTYPE" speed="12.96" pos="8.99" lane="2/4to2/3_0" slope="0.00"/>
        <vehicle id="8" x="232.92" y="598.35" angle="90.00" type="DEFAULT_VEHTYPE" speed="12.99" pos="28.17" lane="1/3to2/3_0" slope="0.00"/>
    </timestep>
    <timestep time="725.00">
        <vehicle id="0" x="401.65" y="787.83" angle="180.00" type="DEFAULT_VEHTYPE" speed="12.81" pos="183.08" lane="2/3to2/4_0" slope="0.00"/>
        <vehicle id="1" x="485.74" y="401.65" angle="-90.00" type="DEFAULT_VEHTYPE" speed="13.79" pos="109.51" lane="3/2to2/2_0" slope="0.00"/>
        <vehicle id="17" x="398.35" y="641.88" angle="0.00" type="DEFAULT_VEHTYPE" speed="13.75" pos="158.12" lane="2/4to2/3_0" slope="0.00"/>
        <vehicle id="18" x="398.35" y="688.47" angle="0.00" type="DEFAULT_VEHTYPE" speed="12.68" pos="111.53" lane="2/4to2/3_0" slope="0.00"/>
        <vehicle id="21" x="401.65" y="626.52" angle="180.00" type="DEFAULT_VEHTYPE" speed="12.61" pos="21.77" lane="2/3to2/4_0" slope="0.00"/>
        <vehicle id="22" x="222.83" y="401.65" angle="-90.00" type="DEFAULT_VEHTYPE" speed="11.44" pos="172.42" lane="2/2to1/2_0" slope="0.00"/>
        <vehicle id="24" x="15.79" y="401.65" angle="-90.00" type="DEFAULT_VEHTYPE" speed="13.59" pos="179.46" lane="1/2to0/2_0" slope="0.00"/>
        <vehicle id="26" x="67.00" y="401.65" angle="-90.00" type="DEFAULT_VEHTYPE" speed="13.77" pos="128.25" lane="1/2to0/2_0" slope="0.00"/>
        <vehicle id="28" x="398.35" y="745.43" angle="0.00" type="DEFAULT_VEHTYPE" speed="13.73" pos="54.57" lane="2/4to2/3_0" slope="0.00"/>
        <vehicle id="32" x="398.35" y="491.54" angle="0.00" type="DEFAULT_VEHTYPE" speed="13.57" pos="103.71" lane="2/3to2/2_0" slope="0.00"/>
        <vehicle id="35" x="201.65" y="491.22" angle="180.00" type="DEFAULT_VEHTYPE" speed="13.44" pos="86.47" lane="1/2to1/3_0" slope="0.00"/>
        <vehicle id="37" x="526.82" y="198.35" angle="90.00" type="DEFAULT_VEHTYPE" speed="12.77" pos="122.07" lane="2/1to3/1_0" slope="0.00"/>
        <vehicle id="38" x="548.98" y="401.65" angle="-90.00" type="DEFAULT_VEHTYPE" speed="12.77" pos="46.27" lane="3/2to2/2_0" slope="0.00"/>
        <vehicle id="41" x="398.35" y="611.79" angle="0.00" type="DEFAULT_VEHTYPE" speed="13.16" pos="188.21" lane="2/4to2/3_0" slope="0.00"/>
        <vehicle id="44" x="323.96" y="201.65" angle="-90.00" type="DEFAULT_VEHTYPE" speed="12.85" pos="71.29" lane="2/1to1/1_0" slope="0.00"/>
        <vehicle id="48" x="189.45" y="401.65" angle="-90.00" type="DEFAULT_VEHTYPE" speed="9.04" pos="5.80" lane="1/2to0/2_0" slope="0.00"/>
        <vehicle id="5" x="192.71" y="398.35" angle="90.00" type="DEFAULT_VEHTYPE" speed="0.08" pos="192.71" lane="0/2to1/2_0" slope="0.00"/>
        <vehicle id="7" x="398.35" y="777.44" angle="0.00" type="DEFAULT_VEHTYPE" speed="13.57" pos="22.56" lane="2/4to2/3_0" slope="0.00"/>
        <vehicle id="8" x="246.81" y="598.35" angle="90.00" type="DEFAULT_VEHTYPE" speed="13.88" pos="42.06" lane="1/3to2/3_0" slope="0.00"/>
    </timestep>
    <timestep time="726.00">
        <vehicle id="0" x="400.88" y="801.16" angle="-170.84" type="DEFAULT_VEHTYPE" speed="13.57" pos="1.39" lane=":2/4_0_0" slope="0.00"/>
        <vehicle id="1" x="472.56" y="401.65" angle="-90.00" type="DEFAULT_VEHTYPE" speed="13.17" pos="122.69" lane="3/2to2/2_0" slope="0.00"/>
        <vehicle id="17" x="398.35" y="628.32" angle="0.00" type="DEFAULT_VEHTYPE" speed="13.56" pos="171.68" lane="2/4to2/3_0" slope="0.00"/>
        <vehicle id="18" x="398.35" y="675.51" angle="0.00" type="DEFAULT_VEHTYPE" speed="12.96" pos="124.49" lane="2/4to2/3_0" slope="0.00"/>
        <vehicle id="21" x="401.65" y="639.50" angle="180.00" type="DEFAULT_VEHTYPE" speed="12.97" pos="34.75" lane="2/3to2/4_0" slope="0.00"/>
        <vehicle id="22" x="215.10" y="401.65" angle="-90.00" type="DEFAULT_VEHTYPE" speed="7.74" pos="180.15" lane="2/2to1/2_0" slope="0.00"/>
        <vehicle id="24" x="2.38" y="401.65" angle="-90.00" type="DEFAULT_VEHTYPE" speed="13.41" pos="192.87" lane="1/2to0/2_0" slope="0.00"/>
        <vehicle id="26" x="53.16" y="401.65" angle="-90.00" type="DEFAULT_VEHTYPE" speed="13.83" pos="142.09" lane="1/2to0/2_0" slope="0.00"/>
        <vehicle id="28" x="398.35" y="732.68" angle="0.00" type="DEFAULT_VEHTYPE" speed="12.74" pos="67.32" lane="2/4to2/3_0" slope="0.00"/>
        <vehicle id="32" x="398.35" y="478.58" angle="0.00" type="DEFAULT_VEHTYPE" speed="12.96" pos="116.67" lane="2/3to2/2_0" slope="0.00"/>
        <vehicle id="35" x="201.65" y="504.97" angle="180.00" type="DEFAULT_VEHTYPE" speed="13.76" pos="100.22" lane="1/2to1/3_0" slope="0.00"/>
        <vehicle id="37" x="540.23" y="198.35" angle="90.00" type="DEFAULT_VEHTYPE" speed="13.41" pos="135.48" lane="2/1to3/1_0" slope="0.00"/>
        <vehicle id="38" x="536.30" y="401.65" angle="-90.00" type="DEFAULT_VEHTYPE" speed="12.69" pos="58.95" lane="3/2to2/2_0" slope="0.00"/>
        <vehicle id="41" x="398.35" y="597.98" angle="0.00" type="DEFAULT_VEHTYPE" speed="13.81" pos="6.77" lane=":2/3_1_0" slope="0.00"/>
        <vehicle id="44" x="310.69" y="201.65" angle="-90.00" type="DEFAULT_VEHTYPE" speed="13.27" pos="84.56" lane="2/1to1/1_0" slope="0.00"/>
        <vehicle id="48" x="178.93" y="401.65" angle="-90.00" type="DEFAULT_VEHTYPE" speed="10.52" pos="16.32" lane="1/2to0/2_0" slope="0.00"/>
        <vehicle id="5" x="194.49" y="398.35" angle="90.00" type="DEFAULT_VEHTYPE" speed="1.77" pos="194.49" lane="0/2to1/2_0" slope="0.00"/>
        <vehicle id="7" x="398.35" y="764.17" angle="0.00" type="DEFAULT_VEHTYPE" speed="13.27" pos="35.83" lane="2/4to2/3_0" slope="0.00"/>
        <vehicle id="8" x="260.36" y="598.35" angle="90.00" type="DEFAULT_VEHTYPE" speed="13.55" pos="55.61" lane="1/3to2/3_0" slope="0.00"/>
    </timestep>
    <timestep time="727.00">
        <vehicle id="0" x="398.35" y="789.86" angle="0.00" type="DEFAULT_VEHTYPE" speed="13.56" pos="10.14" lane="2/4to2/3_0" slope="0.00"/>
        <vehicle id="1" x="459.86" y="401.65" angle="-90.00" type="DEFAULT_VEHTYPE" speed="12.70" pos="135.39" lane="3/2to2/2_0" slope="0.00"/>
        <vehicle id="17" x="398.35" y="614.94" angle="0.00" type="DEFAULT_VEHTYPE" speed="13.38" pos="185.06" lane="2/4to2/3_0" slope="0.00"/>
        <vehicle id="18" x="398.35" y="662.60" angle="0.00" type="DEFAULT_VEHTYPE" speed="12.90" pos="137.40" lane="2/4to2/3_0" slope="0.00"/>
        <vehicle id="21" x="401.65" y="652.22" angle="180.00" type="DEFAULT_VEHTYPE" speed="12.73" pos="47.47" lane="2/3to2/4_0" slope="0.00"/>
        <vehicle id="22" x="211.14" y="401.65" angle="-90.00" type="DEFAULT_VEHTYPE" speed="3.96" pos="184.11" lane="2/2to1/2_0" slope="0.00"/>
        <vehicle id="24" x="5.70" y="398.35" angle="90.00" type="DEFAULT_VEHTYPE" speed="12.90" pos="5.70" lane="0/2to1/2_0" slope="0.00"/>
        <vehicle id="26" x="40.19" y="401.65" angle="-90.00" type="DEFAULT_VEHTYPE" speed="12.97" pos="155.06" lane="1/2to0/2_0" slope="0.00"/>
        <vehicle id="28" x="398.35" y="719.11" angle="0.00" type="DEFAULT_VEHTYPE" speed="13.57" pos="80.89" lane="2/4to2/3_0" slope="0.00"/>
        <vehicle id="32" x="398.35" y="465.26" angle="0.00" type="DEFAULT_VEHTYPE" speed="13.33" pos="129.99" lane="2/3to2/2_0" slope="0.00"/>
        <vehicle id="35" x="201.65" y="517.91" angle="180.00" type="DEFAULT_VEHTYPE" speed="12.94" pos="113.16" lane="1/2to1/3_0" slope="0.00"/>
        <vehicle id="37" x="553.82" y="198.35" angle="90.00" type="DEFAULT_VEHTYPE" speed="13.59" pos="149.07" lane="2/1to3/1_0" slope="0.00"/>
        <vehicle id="38" x="523.69" y="401.65" angle="-90.00" type="DEFAULT_VEHTYPE" speed="12.61" pos="71.56" lane="3/2to2/2_0" slope="0.00"/>
        <vehicle id="41" x="398.35" y="584.99" angle="0.00" type="DEFAULT_VEHTYPE" speed="12.98" pos="10.26" lane="2/3to2/2_0" slope="0.00"/>
        <vehicle id="44" x="297.42" y="201.65" angle="-90.00" type="DEFAULT_VEHTYPE" speed="13.27" pos="97.83" lane="2/1to1/1_0" slope="0.00"/>
        <vehicle id="48" x="165.92" y="401.65" angle="-90.00" type="DEFAULT_VEHTYPE" speed="13.00" pos="29.33" lane="1/2to0/2_0" slope="0.00"/>
        <vehicle id="5" x="198.34" y="398.92" angle="96.63" type="DEFAULT_VEHTYPE" speed="3.93" pos="3.16" lane=":1/2_14_0" slope="0.00"/>
        <vehicle id="7" x="398.35" y="750.64" angle="0.00" type="DEFAULT_VEHTYPE" speed="13.53" pos="49.36" lane="2/4to2/3_0" slope="0.00"/>
        <vehicle id="8" x="273.64" y="598.35" angle="90.00" type="DEFAULT_VEHTYPE" speed="13.28" pos="68.89" lane="1/3to2/3_0" slope="0.00"/>
    </timestep>
    <timestep time="728.00">
        <vehicle id="0" x="398.35" y="775.99" angle="0.00" type="DEFAULT_VEHTYPE" speed="13.87" pos="24.01" lane="2/4to2/3_0" slope="0.00"/>
        <vehicle id="1" x="446.02" y="401.65" angle="-90.00" type="DEFAULT_VEHTYPE" speed="13.84" pos="149.23" lane="3/2to2/2_0" slope="0.00"/>
        <vehicle id="17" x="398.35" y="601.85" angle="0.00" type="DEFAULT_VEHTYPE" speed="13.09" pos="2.90" lane=":2/3_1_0" slope="0.00"/>
        <vehicle id="18" x="398.35" y="649.46" angle="0.00" type="DEFAULT_VEHTYPE" speed="13.15" pos="150.54" lane="2/4to2/3_0" slope="0.00"/>
        <vehicle id="21" x="401.65" y="665.62" angle="180.00" type="DEFAULT_VEHTYPE" speed="13.39" pos="60.87" lane="2/3to2/4_0" slope="0.00"/>
        <vehicle id="22" x="204.78" y="401.65" angle="-90.00" type="DEFAULT_VEHTYPE" speed="6.36" pos="190.47" lane="2/2to1/2_0" slope="0.00"/>
        <vehicle id="24" x="19.41" y="398.35" angle="90.00" type="DEFAULT_VEHTYPE" speed="13.71" pos="19.41" lane="0/2to1/2_0" slope="0.00"/>
        <vehicle id="26" x="27.47" y="401.65" angle="-90.00" type="DEFAULT_VEHTYPE" speed="12.72" pos="167.78" lane="1/2to0/2_0" slope="0.00"/>
        <vehicle id="28" x="398.35" y="706.40" angle="0.00" type="DEFAULT_VEHTYPE" speed="12.71" pos="93.60" lane="2/4to2/3_0" slope="0.00"/>
        <vehicle id="32" x="398.35" y="452.27" angle="0.00" type="DEFAULT_VEHTYPE" speed="12.98" pos="142.98" lane="2/3to2/2_0" slope="0.00"/>
        <vehicle id="35" x="201.65" y="530.53" angle="180.00" type="DEFAULT_VEHTYPE" speed="12.62" pos="125.78" lane="1/2to1/3_0" slope="0.00"/>
        <vehicle id="37" x="567.52" y="198.35" angle="90.00" type="DEFAULT_VEHTYPE" speed="13.70" pos="162.77" lane="2/1to3/1_0" slope="0.00"/>
        <vehicle id="38" x="510.60" y="401.65" angle="-90.00" type="DEFAULT_VEHTYPE" speed="13.09" pos="84.65" lane="3/2to2/2_0" slope="0.00"/>
        <vehicle id="41" x="398.35" y="571.15" angle="0.00" type="DEFAULT_VEHTYPE" speed="13.84" pos="24.10" lane="2/3to2/2_0" slope="0.00"/>
        <vehicle id="44" x="284.48" y="201.65" angle="-90.00" type="DEFAULT_VEHTYPE" speed="12.94" pos="110.77" lane="2/1to1/1_0" slope="0.00"/>
        <vehicle id="48" x="152.02" y="401.65" angle="-90.00" type="DEFAULT_VEHTYPE" speed="13.90" pos="43.23" lane="1/2to0/2_0" slope="0.00"/>
        <vehicle id="5" x="201.45" y="403.37" angle="148.71" type="DEFAULT_VEHTYPE" speed="5.76" pos="8.92" lane=":1/2_14_0" slope="0.00"/>
        <vehicle id="7" x="398.35" y="737.32" angle="0.00" type="DEFAULT_VEHTYPE" speed="13.32" pos="62.68" lane="2/4to2/3_0" slope="0.00"/>
        <vehicle id="8" x="286.29" y="598.35" angle="90.00" type="DEFAULT_VEHTYPE" speed="12.65" pos="81.54" lane="1/3to2/3_0" slope="0.00"/>
    </timestep>
    <timestep time="729.00">
        <vehicle id="0" x="398.35" y="762.53" angle="0.00" type="DEFAULT_VEHTYPE" speed="13.46" pos="37.47" lane="2/4to2/3_0" slope="0.00"/>
        <vehicle id="1" x="432.96" y="401.65" angle="-90.00" type="DEFAULT_VEHTYPE" speed="13.06" pos="162.29" lane="3/2to2/2_0" slope="0.00"/>
        <vehicle id="17" x="398.35" y="589.16" angle="0.00" type="DEFAULT_VEHTYPE" speed="12.69" pos="6.09" lane="2/3to2/2_0" slope="0.00"/>
        <vehicle id="18" x="398.35" y="636.12" angle="0.00" type="DEFAULT_VEHTYPE" speed="13.33" pos="163.88" lane="2/4to2/3_0" slope="0.00"/>
        <vehicle id="21" x="401.65" y="679.28" angle="180.00" type="DEFAULT_VEHTYPE" speed="13.67" pos="74.53" lane="2/3to2/4_0" slope="0.00"/>
        <vehicle id="22" x="198.58" y="396.84" angle="-33.44" type="DEFAULT_VEHTYPE" speed="8.75" pos="8.72" lane=":1/2_6_0" slope="0.00"/>
        <vehicle id="24" x="32.17" y="398.35" angle="90.00" type="DEFAULT_VEHTYPE" speed="12.76" pos="32.17" lane="0/2to1/2_0" slope="0.00"/>
        <vehicle id="26" x="14.87" y="401.65" angle="-90.00" type="DEFAULT_VEHTYPE" speed="12.61" pos="180.38" lane="1/2to0/2_0" slope="0.00"/>
        <vehicle id="28" x="398.35" y="692.94" angle="0.00" type="DEFAULT_VEHTYPE" speed="13.46" pos="107.06" lane="2/4to2/3_0" slope="0.00"/>
        <vehicle id="32" x="398.35" y="438.93" angle="0.00" type="DEFAULT_VEHTYPE" speed="13.34" pos="156.32" lane="2/3to2/2_0" slope="0.00"/>
        <vehicle id="35" x="201.65" y="543.89" angle="180.00" type="DEFAULT_VEHTYPE" speed="13.36" pos="139.14" lane="1/2to1/3_0" slope="0.00"/>
        <vehicle id="37" x="577.95" y="198.35" angle="90.00" type="DEFAULT_VEHTYPE" speed="10.43" pos="173.20" lane="2/1to3/1_0" slope="0.00"/>
        <vehicle id="38" x="497.55" y="401.65" angle="-90.00" type="DEFAULT_VEHTYPE" speed="13.05" pos="97.70" lane="3/2to2/2_0" slope="0.00"/>
        <vehicle id="41" x="398.35" y="557.38" angle="0.00" type="DEFAULT_VEHTYPE" speed="13.77" pos="37.87" lane="2/3to2/2_0" slope="0.00"/>
        <vehicle id="44" x="271.60" y="201.65" angle="-90.00" type="DEFAULT_VEHTYPE" speed="12.88" pos="123.65" lane="2/1to1/1_0" slope="0.00"/>
        <vehicle id="48" x="139.40" y="401.65" angle="-90.00" type="DEFAULT_VEHTYPE" speed="12.63" pos="55.85" lane="1/2to0/2_0" slope="0.00"/>
        <vehicle id="5" x="201.65" y="411.17" angle="180.00" type="DEFAULT_VEHTYPE" speed="7.81" pos="6.42" lane="1/2to1/3_0" slope="0.00"/>
        <vehicle id="7" x="398.35" y="724.31" angle="0.00" type="DEFAULT_VEHTYPE" speed="13.01" pos="75.69" lane="2/4to2/3_0" slope="0.00"/>
        <vehicle id="8" x="299.97" y="598.35" angle="90.00" type="DEFAULT_VEHTYPE" speed="13.68" pos="95.22" lane="1/3to2/3_0" slope="0.00"/>
    </timestep>
    <timestep time="730.00">
        <vehicle id="0" x="398.35" y="749.56" angle="0.00" type="DEFAULT_VEHTYPE" speed="12.97" pos="50.44" lane="2/4to2/3_0" slope="0.00"/>
        <vehicle id="1" x="421.89" y="401.65" angle="-90.00" type="DEFAULT_VEHTYPE" speed="11.08" pos="173.36" lane="3/2to2/2_0" slope="0.00"/>
        <vehicle id="17" x="398.35" y="575.47" angle="0.00" type="DEFAULT_VEHTYPE" speed="13.69" pos="19.78" lane="2/3to2/2_0" slope="0.00"/>
        <vehicle id="18" x="398.35" y="623.23" angle="0.00" type="DEFAULT_VEHTYPE" speed="12.90" pos="176.77" lane="2/4to2/3_0" slope="0.00"/>
        <vehicle id="21" x="401.65" y="691.90" angle="180.00" type="DEFAULT_VEHTYPE" speed="12.62" pos="87.15" lane="2/3to2/4_0" slope="0.00"/>
        <vehicle id="22" x="198.35" y="386.76" angle="0.00" type="DEFAULT_VEHTYPE" speed="10.09" pos="8.49" lane="1/2to1/1_0" slope="0.00"/>
        <vehicle id="24" x="45.19" y="398.35" angle="90.00" type="DEFAULT_VEHTYPE" speed="13.02" pos="45.19" lane="0/2to1/2_0" slope="0.00"/>
        <vehicle id="26" x="1.17" y="401.65" angle="-90.00" type="DEFAULT_VEHTYPE" speed="13.70" pos="194.08" lane="1/2to0/2_0" slope="0.00"/>
        <vehicle id="28" x="398.35" y="679.90" angle="0.00" type="DEFAULT_VEHTYPE" speed="13.04" pos="120.10" lane="2/4to2/3_0" slope="0.00"/>
        <vehicle id="32" x="398.35" y="425.78" angle="0.00" type="DEFAULT_VEHTYPE" speed="13.15" pos="169.47" lane="2/3to2/2_0" slope="0.00"/>
        <vehicle id="35" x="201.65" y="556.65" angle="180.00" type="DEFAULT_VEHTYPE" speed="12.76" pos="151.90" lane="1/2to1/3_0" slope="0.00"/>
        <vehicle id="37" x="585.27" y="198.35" angle="90.00" type="DEFAULT_VEHTYPE" speed="7.32" pos="180.52" lane="2/1to3/1_0" slope="0.00"/>
        <vehicle id="38" x="484.14" y="401.65" angle="-90.00" type="DEFAULT_VEHTYPE" speed="13.41" pos="111.11" lane="3/2to2/2_0" slope="0.00"/>
        <vehicle id="41" x="398.35" y="543.79" angle="0.00" type="DEFAULT_VEHTYPE" speed="13.58" pos="51.46" lane="2/3to2/2_0" slope="0.00"/>
        <vehicle id="44" x="258.16" y="201.65" angle="-90.00" type="DEFAULT_VEHTYPE" speed="13.43" pos="137.09" lane="2/1to1/1_0" slope="0.00"/>
        <vehicle id="48" x="126.02" y="401.65" angle="-90.00" type="DEFAULT_VEHTYPE" speed="13.38" pos="69.23" lane="1/2to0/2_0" slope="0.00"/>
        <vehicle id="5" x="201.65" y="421.56" angle="180.00" type="DEFAULT_VEHTYPE" speed="10.39" pos="16.81" lane="1/2to1/3_0" slope="0.00"/>
        <vehicle id="7" x="398.35" y="711.26" angle="0.00" type="DEFAULT_VEHTYPE" speed="13.05" pos="88.74" lane="2/4to2/3_0" slope="0.00"/>
        <vehicle id="8" x="312.63" y="598.35" angle="90.00" type="DEFAULT_VEHTYPE" speed="12.66" pos="107.88" lane="1/3to2/3_0" slope="0.00"/>
    </timestep>
    <timestep time="731.00">
        <vehicle id="0" x="398.35" y="736.62" angle="0.00" type="DEFAULT_VEHTYPE" speed="12.94" pos="63.38" lane="2/4to2/3_0" slope="0.00"/>
        <vehicle id="1" x="414.07" y="401.65" angle="-90.00" type="DEFAULT_VEHTYPE" speed="7.82" pos="181.18" lane="3/2to2/2_0" slope="0.00"/>
        <vehicle id="17" x="398.35" y="561.73" angle="0.00" type="DEFAULT_VEHTYPE" speed="13.74" pos="33.52" lane="2/3to2/2_0" slope="0.00"/>
        <vehicle id="18" x="398.35" y="609.90" angle="0.00" type="DEFAULT_VEHTYPE" speed="13.33" pos="190.10" lane="2/4to2/3_0" slope="0.00"/>
        <vehicle id="21" x="401.65" y="705.06" angle="180.00" type="DEFAULT_VEHTYPE" speed="13.16" pos="100.31" lane="2/3to2/4_0" slope="0.00"/>
        <vehicle id="22" x="198.35" y="374.37" angle="0.00" type="DEFAULT_VEHTYPE" speed="12.40" pos="20.88" lane="1/2to1/1_0" slope="0.00"/>
        <vehicle id="24" x="58.02" y="398.35" angle="90.00" type="DEFAULT_VEHTYPE" speed="12.83" pos="58.02" lane="0/2to1/2_0" slope="0.00"/>
        <vehicle id="26" x="7.81" y="398.35" angle="90.00" type="DEFAULT_VEHTYPE" speed="13.80" pos="7.81" lane="0/2to1/2_0" slope="0.00"/>
        <vehicle id="28" x="398.35" y="666.19" angle="0.00" type="DEFAULT_VEHTYPE" speed="13.70" pos="133.81" lane="2/4to2/3_0" slope="0.00"/>
        <vehicle id="32" x="398.35" y="412.79" angle="0.00" type="DEFAULT_VEHTYPE" speed="12.99" pos="182.46" lane="2/3to2/2_0" slope="0.00"/>
        <vehicle id="35" x="201.65" y="569.40" angle="180.00" type="DEFAULT_VEHTYPE" speed="12.74" pos="164.65" lane="1/2to1/3_0" slope="0.00"/>
        <vehicle id="37" x="589.44" y="198.35" angle="90.00" type="DEFAULT_VEHTYPE" speed="4.17" pos="184.69" lane="2/1to3/1_0" slope="0.00"/>
        <vehicle id="38" x="471.41" y="401.65" angle="-90.00" type="DEFAULT_VEHTYPE" speed="12.74" pos="123.84" lane="3/2to2/2_0" slope="0.00"/>
        <vehicle id="41" x="398.35" y="530.59" angle="0.00" type="DEFAULT_VEHTYPE" speed="13.20" pos="64.66" lane="2/3to2/2_0" slope="0.00"/>
        <vehicle id="44" x="244.66" y="201.65" angle="-90.00" type="DEFAULT_VEHTYPE" speed="13.50" pos="150.59" lane="2/1to1/1_0" slope="0.00"/>
        <vehicle id="48" x="113.16" y="401.65" angle="-90.00" type="DEFAULT_VEHTYPE" speed="12.86" pos="82.09" lane="1/2to0/2_0" slope="0.00"/>
        <vehicle id="5" x="201.65" y="433.49" angle="180.00" type="DEFAULT_VEHTYPE" speed="11.93" pos="28.74" lane="1/2to1/3_0" slope="0.00"/>
        <vehicle id="7" x="398.35" y="698.63" angle="0.00" type="DEFAULT_VEHTYPE" speed="12.63" pos="101.37" lane="2/4to2/3_0" slope="0.00"/>
        <vehicle id="8" x="325.35" y="598.35" angle="90.00" type="DEFAULT_VEHTYPE" speed="12.72" pos="120.60" lane="1/3to2/3_0" slope="0.00"/>
    </timestep>
    <timestep time="732.00">
        <vehicle id="0" x="398.35" y="722.85" angle="0.00" type="DEFAULT_VEHTYPE" speed="13.77" pos="77.15" lane="2/4to2/3_0" slope="0.00"/>
        <vehicle id="1" x="410.58" y="401.65" angle="-90.00" type="DEFAULT_VEHTYPE" speed="3.48" pos="184.67" lane="3/2to2/2_0" slope="0.00"/>
        <vehicle id="17" x="398.35" y="548.13" angle="0.00" type="DEFAULT_VEHTYPE" speed="13.59" pos="47.12" lane="2/3to2/2_0" slope="0.00"/>
        <vehicle id="18" x="398.35" y="596.53" angle="0.00" type="DEFAULT_VEHTYPE" speed="13.37" pos="8.22" lane=":2/3_1_0" slope="0.00"/>
        <vehicle id="21" x="401.65" y="717.97" angle="180.00" type="DEFAULT_VEHTYPE" speed="12.91" pos="113.22" lane="2/3to2/4_0" slope="0.00"/>
        <vehicle id="22" x="198.35" y="360.56" angle="0.00" type="DEFAULT_VEHTYPE" speed="13.81" pos="34.69" lane="1/2to1/1_0" slope="0.00"/>
        <vehicle id="24" x="70.67" y="398.35" angle="90.00" type="DEFAULT_VEHTYPE" speed="12.64" pos="70.67" lane="0/2to1/2_0" slope="0.00"/>
        <vehicle id="26" x="21.07" y="398.35" angle="90.00" type="DEFAULT_VEHTYPE" speed="13.26" pos="21.07" lane="0/2to1/2_0" slope="0.00"/>
        <vehicle id="28" x="398.35" y="653.26" angle="0.00" type="DEFAULT_VEHTYPE" speed="12.93" pos="146.74" lane="2/4to2/3_0" slope="0.00"/>
        <vehicle id="32" x="394.82" y="401.65" angle="-52.37" type="DEFAULT_VEHTYPE" speed="13.47" pos="0.43" lane="2/2to1/2_0" slope="0.00"/>
        <vehicle id="35" x="201.65" y="583.14" angle="180.00" type="DEFAULT_VEHTYPE" speed="13.74" pos="178.39" lane="1/2to1/3_0" slope="0.00"/>
        <vehicle id="37" x="595.42" y="198.37" angle="90.28" type="DEFAULT_VEHTYPE" speed="5.99" pos="0.18" lane=":3/1_14_0" slope="0.00"/>
        <vehicle id="38" x="458.38" y="401.65" angle="-90.00" type="DEFAULT_VEHTYPE" speed="13.02" pos="136.87" lane="3/2to2/2_0" slope="0.00"/>
        <vehicle id="41" x="398.35" y="516.91" angle="0.00" type="DEFAULT_VEHTYPE" speed="13.68" pos="78.34" lane="2/3to2/2_0" slope="0.00"/>
        <vehicle id="44" x="231.54" y="201.65" angle="-90.00" type="DEFAULT_VEHTYPE" speed="13.12" pos="163.71" lane="2/1to1/1_0" slope="0.00"/>
        <vehicle id="48" x="100.28" y="401.65" angle="-90.00" type="DEFAULT_VEHTYPE" speed="12.88" pos="94.97" lane="1/2to0/2_0" slope="0.00"/>
        <vehicle id="5" x="201.65" y="446.97" angle="180.00" type="DEFAULT_VEHTYPE" speed="13.48" pos="42.22" lane="1/2to1/3_0" slope="0.00"/>
        <vehicle id="7" x="398.35" y="685.45" angle="0.00" type="DEFAULT_VEHTYPE" speed="13.18" pos="114.55" lane="2/4to2/3_0" slope="0.00"/>
        <vehicle id="8" x="338.54" y="598.35" angle="90.00" type="DEFAULT_VEHTYPE" speed="13.19" pos="133.79" lane="1/3to2/3_0" slope="0.00"/>
    </timestep>
    <timestep time="733.00">
        <vehicle id="0" x="398.35" y="709.35" angle="0.00" type="DEFAULT_VEHTYPE" speed="13.49" pos="90.65" lane="2/4to2/3_0" slope="0.00"/>
        <vehicle id="1" x="408.77" y="401.65" angle="-90.00" type="DEFAULT_VEHTYPE" speed="1.81" pos="186.48" lane="3/2to2/2_0" slope="0.00"/>
        <vehicle id="17" x="398.35" y="534.85" angle="0.00" type="DEFAULT_VEHTYPE" speed="13.28" pos="60.40" lane="2/3to2/2_0" slope="0.00"/>
        <vehicle id="18" x="398.35" y="583.89" angle="0.00" type="DEFAULT_VEHTYPE" speed="12.64" pos="11.36" lane="2/3to2/2_0" slope="0.00"/>
        <vehicle id="21" x="401.65" y="730.98" angle="180.00" type="DEFAULT_VEHTYPE" speed="13.01" pos="126.23" lane="2/3to2/4_0" slope="0.00"/>
        <vehicle id="22" x="198.35" y="346.89" angle="0.00" type="DEFAULT_VEHTYPE" speed="13.66" pos="48.36" lane="1/2to1/1_0" slope="0.00"/>
        <vehicle id="24" x="83.30" y="398.35" angle="90.00" type="DEFAULT_VEHTYPE" speed="12.63" pos="83.30" lane="0/2to1/2_0" slope="0.00"/>
        <vehicle id="26" x="34.65" y="398.35" angle="90.00" type="DEFAULT_VEHTYPE" speed="13.58" pos="34.65" lane="0/2to1/2_0" slope="0.00"/>
        <vehicle id="28" x="398.35" y="639.86" angle="0.00" type="DEFAULT_VEHTYPE" speed="13.40" pos="160.14" lane="2/4to2/3_0" slope="0.00"/>
        <vehicle id="32" x="381.30" y="401.65" angle="-90.00" type="DEFAULT_VEHTYPE" speed="13.52" pos="13.95" lane="2/2to1/2_0" slope="0.00"/>
        <vehicle id="35" x="201.72" y="595.76" angle="179.19" type="DEFAULT_VEHTYPE" speed="12.62" pos="0.51" lane=":1/3_8_0" slope="0.00"/>
        <vehicle id="37" x="601.26" y="202.02" angle="133.52" type="DEFAULT_VEHTYPE" speed="7.38" pos="7.56" lane=":3/1_14_0" slope="0.00"/>
        <vehicle id="38" x="444.89" y="401.65" angle="-90.00" type="DEFAULT_VEHTYPE" speed="13.49" pos="150.36" lane="3/2to2/2_0" slope="0.00"/>
        <vehicle id="41" x="398.35" y="503.22" angle="0.00" type="DEFAULT_VEHTYPE" speed="13.69" pos="92.03" lane="2/3to2/2_0" slope="0.00"/>
        <vehicle id="44" x="221.28" y="201.65" angle="-90.00" type="DEFAULT_VEHTYPE" speed="10.26" pos="173.97" lane="2/1to1/1_0" slope="0.00"/>
        <vehicle id="48" x="86.90" y="401.65" angle="-90.00" type="DEFAULT_VEHTYPE" speed="13.38" pos="108.35" lane="1/2to0/2_0" slope="0.00"/>
        <vehicle id="5" x="201.65" y="460.27" angle="180.00" type="DEFAULT_VEHTYPE" speed="13.30" pos="55.52" lane="1/2to1/3_0" slope="0.00"/>
        <vehicle id="7" x="398.35" y="671.82" angle="0.00" type="DEFAULT_VEHTYPE" speed="13.64" pos="128.18" lane="2/4to2/3_0" slope="0.00"/>
        <vehicle id="8" x="352.30" y="598.35" angle="90.00" type="DEFAULT_VEHTYPE" speed="13.77" pos="147.55" lane="1/3to2/3_0" slope="0.00"/>
    </timestep>
    <timestep time="734.00">
        <vehicle id="0" x="398.35" y="696.28" angle="0.00" type="DEFAULT_VEHTYPE" speed="13.07" pos="103.72" lane="2/4to2/3_0" slope="0.00"/>
        <vehicle id="1" x="404.71" y="401.65" angle="-90.00" type="DEFAULT_VEHTYPE" speed="4.07" pos="0.04" lane=":2/2_5_0" slope="0.00"/>
        <vehicle id="17" x="398.35" y="521.90" angle="0.00" type="DEFAULT_VEHTYPE" speed="12.95" pos="73.35" lane="2/3to2/2_0" slope="0.00"/>
        <vehicle id="18" x="398.35" y="570.24" angle="0.00" type="DEFAULT_VEHTYPE" speed="13.65" pos="25.01" lane="2/3to2/2_0" slope="0.00"/>
        <vehicle id="21" x="401.65" y="743.79" angle="180.00" type="DEFAULT_VEHTYPE" speed="12.81" pos="139.04" lane="2/3to2/4_0" slope="0.00"/>
        <vehicle id="22" x="198.35" y="333.57" angle="0.00" type="DEFAULT_VEHTYPE" speed="13.32" pos="61.68" lane="1/2to1/1_0" slope="0.00"/>
        <vehicle id="24" x="97.09" y="398.35" angle="90.00" type="DEFAULT_VEHTYPE" speed="13.80" pos="97.09" lane="0/2to1/2_0" slope="0.00"/>
        <vehicle id="26" x="48.08" y="398.35" angle="90.00" type="DEFAULT_VEHTYPE" speed="13.43" pos="48.08" lane="0/2to1/2_0" slope="0.00"/>
        <vehicle id="28" x="398.35" y="626.76" angle="0.00" type="DEFAULT_VEHTYPE" speed="13.11" pos="173.24" lane="2/4to2/3_0" slope="0.00"/>
        <vehicle id="32" x="367.51" y="401.65" angle="-90.00" type="DEFAULT_VEHTYPE" speed="13.79" pos="27.74" lane="2/2to1/2_0" slope="0.00"/>
        <vehicle id="35" x="214.09" y="598.35" angle="90.00" type="DEFAULT_VEHTYPE" speed="13.82" pos="9.34" lane="1/3to2/3_0" slope="0.00"/>
        <vehicle id="37" x="601.65" y="211.21" angle="180.00" type="DEFAULT_VEHTYPE" speed="9.22" pos="6.46" lane="3/1to3/2_0" slope="0.00"/>
        <vehicle id="38" x="432.95" y="401.65" angle="-90.00" type="DEFAULT_VEHTYPE" speed="11.94" pos="162.30" lane="3/2to2/2_0" slope="0.00"/>
        <vehicle id="41" x="398.35" y="490.06" angle="0.00" type="DEFAULT_VEHTYPE" speed="13.16" pos="105.19" lane="2/3to2/2_0" slope="0.00"/>
        <vehicle id="44" x="214.79" y="201.65" angle="-90.00" type="DEFAULT_VEHTYPE" speed="6.49" pos="180.46" lane="2/1to1/1_0" slope="0.00"/>
        <vehicle id="48" x="73.04" y="401.65" angle="-90.00" type="DEFAULT_VEHTYPE" speed="13.87" pos="122.21" lane="1/2to0/2_0" slope="0.00"/>
        <vehicle id="5" x="201.65" y="473.53" angle="180.00" type="DEFAULT_VEHTYPE" speed="13.26" pos="68.78" lane="1/2to1/3_0" slope="0.00"/>
        <vehicle id="7" x="398.35" y="658.63" angle="0.00" type="DEFAULT_VEHTYPE" speed="13.19" pos="141.37" lane="2/4to2/3_0" slope="0.00"/>
        <vehicle id="8" x="365.88" y="598.35" angle="90.00" type="DEFAULT_VEHTYPE" speed="13.57" pos="161.13" lane="1/3to2/3_0" slope="0.00"/>
    </timestep>
    <timestep time="735.00">
        <vehicle id="0" x="398.35" y="682.57" angle="0.00" type="DEFAULT_VEHTYPE" speed="13.71" pos="117.43" lane="2/4to2/3_0" slope="0.00"/>
        <vehicle id="1" x="399.12" y="401.65" angle="-90.00" type="DEFAULT_VEHTYPE" speed="5.58" pos="5.63" lane=":2/2_5_0" slope="0.00"/>
        <vehicle id="17" x="398.35" y="508.99" angle="0.00" type="DEFAULT_VEHTYPE" speed="12.90" pos="86.26" lane="2/3to2/2_0" slope="0.00"/>
        <vehicle id="18" x="398.35" y="556.48" angle="0.00" type="DEFAULT_VEHTYPE" speed="13.76" pos="38.77" lane="2/3to2/2_0" slope="0.00"/>
        <vehicle id="21" x="401.65" y="757.20" angle="180.00" type="DEFAULT_VEHTYPE" speed="13.41" pos="152.45" lane="2/3to2/4_0" slope="0.00"/>
        <vehicle id="22" x="198.35" y="320.31" angle="0.00" type="DEFAULT_VEHTYPE" speed="13.26" pos="74.94" lane="1/2to1/1_0" slope="0.00"/>
        <vehicle id="24" x="110.75" y="398.35" angle="90.00" type="DEFAULT_VEHTYPE" speed="13.66" pos="110.75" lane="0/2to1/2_0" slope="0.00"/>
        <vehicle id="26" x="61.44" y="398.35" angle="90.00" type="DEFAULT_VEHTYPE" speed="13.36" pos="61.44" lane="0/2to1/2_0" slope="0.00"/>
        <vehicle id="28" x="398.35" y="613.78" angle="0.00" type="DEFAULT_VEHTYPE" speed="12.98" pos="186.22" lane="2/4to2/3_0" slope="0.00"/>
        <vehicle id="32" x="354.65" y="401.65" angle="-90.00" type="DEFAULT_VEHTYPE" speed="12.87" pos="40.60" lane="2/2to1/2_0" slope="0.00"/>
        <vehicle id="35" x="227.51" y="598.35" angle="90.00" type="DEFAULT_VEHTYPE" speed="13.42" pos="22.76" lane="1/3to2/3_0" slope="0.00"/>
        <vehicle id="37" x="601.65" y="222.51" angle="180.00" type="DEFAULT_VEHTYPE" speed="11.30" pos="17.76" lane="3/1to3/2_0" slope="0.00"/>
        <vehicle id="38" x="423.56" y="401.65" angle="-90.00" type="DEFAULT_VEHTYPE" speed="9.40" pos="171.69" lane="3/2to2/2_0" slope="0.00"/>
        <vehicle id="41" x="398.35" y="476.17" angle="0.00" type="DEFAULT_VEHTYPE" speed="13.90" pos="119.08" lane="2/3to2/2_0" slope="0.00"/>
        <vehicle id="44" x="210.67" y="201.65" angle="-90.00" type="DEFAULT_VEHTYPE" speed="4.12" pos="184.58" lane="2/1to1/1_0" slope="0.00"/>
        <vehicle id="48" x="59.99" y="401.65" angle="-90.00" type="DEFAULT_VEHTYPE" speed="13.05" pos="135.26" lane="1/2to0/2_0" slope="0.00"/>
        <vehicle id="5" x="201.65" y="486.38" angle="180.00" type="DEFAULT_VEHTYPE" speed="12.85" pos="81.63" lane="1/2to1/3_0" slope="0.00"/>
        <vehicle id="7" x="398.35" y="645.80" angle="0.00" type="DEFAULT_VEHTYPE" speed="12.83" pos="154.20" lane="2/4to2/3_0" slope="0.00"/>
        <vehicle id="8" x="376.45" y="598.35" angle="90.00" type="DEFAULT_VEHTYPE" speed="10.57" pos="171.70" lane="1/3to2/3_0" slope="0.00"/>
    </timestep>
    <timestep time="736.00">
        <vehicle id="0" x="398.35" y="669.91" angle="0.00" type="DEFAULT_VEHTYPE" speed="12.66" pos="130.09" lane="2/4to2/3_0" slope="0.00"/>
        <vehicle id="1" x="392.15" y="401.65" angle="-90.00" type="DEFAULT_VEHTYPE" speed="6.97" pos="3.10" lane="2/2to1/2_0" slope="0.00"/>
        <vehicle id="17" x="398.35" y="496.10" angle="0.00" type="DEFAULT_VEHTYPE" speed="12.90" pos="99.15" lane="2/3to2/2_0" slope="0.00"/>
        <vehicle id="18" x="398.35" y="543.02" angle="0.00" type="DEFAULT_VEHTYPE" speed="13.47" pos="52.23" lane="2/3to2/2_0" slope="0.00"/>
        <vehicle id="21" x="401.65" y="770.30" angle="180.00" type="DEFAULT_VEHTYPE" speed="13.10" pos="165.55" lane="2/3to2/4_0" slope="0.00"/>
        <vehicle id="22" x="198.35" y="307.70" angle="0.00" type="DEFAULT_VEHTYPE" speed="12.62" pos="87.55" lane="1/2to1/1_0" slope="0.00"/>
        <vehicle id="24" x="124.28" y="398.35" angle="90.00" type="DEFAULT_VEHTYPE" speed="13.52" pos="124.28" lane="0/2to1/2_0" slope="0.00"/>
        <vehicle id="26" x="75.08" y="398.35" angle="90.00" type="DEFAULT_VEHTYPE" speed="13.64" pos="75.08" lane="0/2to1/2_0" slope="0.00"/>
        <vehicle id="28" x="398.35" y="600.13" angle="0.00" type="DEFAULT_VEHTYPE" speed="13.65" pos="4.62" lane=":2/3_1_0" slope="0.00"/>
        <vehicle id="32" x="341.63" y="401.65" angle="-90.00" type="DEFAULT_VEHTYPE" speed="13.02" pos="53.62" lane="2/2to1/2_0" slope="0.00"/>
        <vehicle id="35" x="240.81" y="598.35" angle="90.00" type="DEFAULT_VEHTYPE" speed="13.30" pos="36.06" lane="1/3to2/3_0" slope="0.00"/>
        <vehicle id="37" x="601.65" y="235.46" angle="180.00" type="DEFAULT_VEHTYPE" speed="12.95" pos="30.71" lane="3/1to3/2_0" slope="0.00"/>
        <vehicle id="38" x="416.27" y="401.65" angle="-90.00" type="DEFAULT_VEHTYPE" speed="7.28" pos="178.98" lane="3/2to2/2_0" slope="0.00"/>
        <vehicle id="41" x="398.35" y="463.07" angle="0.00" type="DEFAULT_VEHTYPE" speed="13.10" pos="132.18" lane="2/3to2/2_0" slope="0.00"/>
        <vehicle id="44" x="204.25" y="201.72" angle="-90.79" type="DEFAULT_VEHTYPE" speed="6.42" pos="0.50" lane=":1/1_4_0" slope="0.00"/>
        <vehicle id="48" x="46.34" y="401.65" angle="-90.00" type="DEFAULT_VEHTYPE" speed="13.65" pos="148.91" lane="1/2to0/2_0" slope="0.00"/>
        <vehicle id="5" x="201.65" y="499.09" angle="180.00" type="DEFAULT_VEHTYPE" speed="12.72" pos="94.34" lane="1/2to1/3_0" slope="0.00"/>
        <vehicle id="7" x="398.35" y="632.66" angle="0.00" type="DEFAULT_VEHTYPE" speed="13.14" pos="167.34" lane="2/4to2/3_0" slope="0.00"/>
        <vehicle id="8" x="383.68" y="598.35" angle="90.00" type="DEFAULT_VEHTYPE" speed="7.23" pos="178.93" lane="1/3to2/3_0" slope="0.00"/>
    </timestep>
    <timestep time="737.00">
        <vehicle id="0" x="398.35" y="656.02" angle="0.00" type="DEFAULT_VEHTYPE" speed="13.89" pos="143.98" lane="2/4to2/3_0" slope="0.00"/>
        <vehicle id="1" x="382.66" y="401.65" angle="-90.00" type="DEFAULT_VEHTYPE" speed="9.50" pos="12.59" lane="2/2to1/2_0" slope="0.00"/>
        <vehicle id="17" x="398.35" y="482.91" angle="0.00" type="DEFAULT_VEHTYPE" speed="13.19" pos="112.34" lane="2/3to2/2_0" slope="0.00"/>
        <vehicle id="18" x="398.35" y="530.35" angle="0.00" type="DEFAULT_VEHTYPE" speed="12.66" pos="64.90" lane="2/3to2/2_0" slope="0.00"/>
        <vehicle id="21" x="401.65" y="783.09" angle="180.00" type="DEFAULT_VEHTYPE" speed="12.79" pos="178.34" lane="2/3to2/4_0" slope="0.00"/>
        <vehicle id="22" x="198.35" y="294.74" angle="0.00" type="DEFAULT_VEHTYPE" speed="12.96" pos="100.51" lane="1/2to1/1_0" slope="0.00"/>
        <vehicle id="24" x="137.57" y="398.35" angle="90.00" type="DEFAULT_VEHTYPE" speed="13.30" pos="137.57" lane="0/2to1/2_0" slope="0.00"/>
        <vehicle id="26" x="88.39" y="398.35" angle="90.00" type="DEFAULT_VEHTYPE" speed="13.31" pos="88.39" lane="0/2to1/2_0" slope="0.00"/>
        <vehicle id="28" x="398.35" y="587.16" angle="0.00" type="DEFAULT_VEHTYPE" speed="12.96" pos="8.09" lane="2/3to2/2_0" slope="0.00"/>
        <vehicle id="32" x="328.90" y="401.65" angle="-90.00" type="DEFAULT_VEHTYPE" speed="12.73" pos="66.35" lane="2/2to1/2_0" slope="0.00"/>
        <vehicle id="35" x="253.86" y="598.35" angle="90.00" type="DEFAULT_VEHTYPE" speed="13.05" pos="49.11" lane="1/3to2/3_0" slope="0.00"/>
        <vehicle id="37" x="601.65" y="248.46" angle="180.00" type="DEFAULT_VEHTYPE" speed="13.01" pos="43.71" lane="3/1to3/2_0" slope="0.00"/>
        <vehicle id="38" x="411.25" y="401.65" angle="-90.00" type="DEFAULT_VEHTYPE" speed="5.03" pos="184.00" lane="3/2to2/2_0" slope="0.00"/>
        <vehicle id="41" x="398.35" y="449.26" angle="0.00" type="DEFAULT_VEHTYPE" speed="13.80" pos="145.99" lane="2/3to2/2_0" slope="0.00"/>
        <vehicle id="44" x="201.65" y="208.05" angle="-175.85" type="DEFAULT_VEHTYPE" speed="7.80" pos="3.30" lane="1/1to1/2_0" slope="0.00"/>
        <vehicle id="48" x="32.58" y="401.65" angle="-90.00" type="DEFAULT_VEHTYPE" speed="13.76" pos="162.67" lane="1/2to0/2_0" slope="0.00"/>
        <vehicle id="5" x="201.65" y="512.74" angle="180.00" type="DEFAULT_VEHTYPE" speed="13.64" pos="107.99" lane="1/2to1/3_0" slope="0.00"/>
        <vehicle id="7" x="398.35" y="619.51" angle="0.00" type="DEFAULT_VEHTYPE" speed="13.15" pos="180.49" lane="2/4to2/3_0" slope="0.00"/>
        <vehicle id="8" x="389.10" y="598.35" angle="90.00" type="DEFAULT_VEHTYPE" speed="5.42" pos="184.35" lane="1/3to2/3_0" slope="0.00"/>
    </timestep>
    <timestep time="738.00">
        <vehicle id="0" x="398.35" y="642.73" angle="0.00" type="DEFAULT_VEHTYPE" speed="13.29" pos="157.27" lane="2/4to2/3_0" slope="0.00"/>
        <vehicle id="1" x="370.90" y="401.65" angle="-90.00" type="DEFAULT_VEHTYPE" speed="11.76" pos="24.35" lane="2/2to1/2_0" slope="0.00"/>
        <vehicle id="17" x="398.35" y="469.57" angle="0.00" type="DEFAULT_VEHTYPE" speed="13.34" pos="125.68" lane="2/3to2/2_0" slope="0.00"/>
        <vehicle id="18" x="398.35" y="517.73" angle="0.00" type="DEFAULT_VEHTYPE" speed="12.63" pos="77.52" lane="2/3to2/2_0" slope="0.00"/>
        <vehicle id="21" x="401.65" y="796.80" angle="180.00" type="DEFAULT_VEHTYPE" speed="13.71" pos="192.05" lane="2/3to2/4_0" slope="0.00"/>
        <vehicle id="22" x="198.35" y="282.09" angle="0.00" type="DEFAULT_VEHTYPE" speed="12.66" pos="113.16" lane="1/2to1/1_0" slope="0.00"/>
        <vehicle id="24" x="150.98" y="398.35" angle="90.00" type="DEFAULT_VEHTYPE" speed="13.41" pos="150.98" lane="0/2to1/2_0" slope="0.00"/>
        <vehicle id="26" x="101.27" y="398.35" angle="90.00" type="DEFAULT_VEHTYPE" speed="12.89" pos="101.27" lane="0/2to1/2_0" slope="0.00"/>
        <vehicle id="28" x="398.35" y="573.63" angle="0.00" type="DEFAULT_VEHTYPE" speed="13.53" pos="21.62" lane="2/3to2/2_0" slope="0.00"/>
        <vehicle id="32" x="315.80" y="401.65" angle="-90.00" type="DEFAULT_VEHTYPE" speed="13.11" pos="79.45" lane="2/2to1/2_0" slope="0.00"/>
        <vehicle id="35" x="267.17" y="598.35" angle="90.00" type="DEFAULT_VEHTYPE" speed="13.31" pos="62.42" lane="1/3to2/3_0" slope="0.00"/>
        <vehicle id="37" x="601.65" y="261.94" angle="180.00" type="DEFAULT_VEHTYPE" speed="13.48" pos="57.19" lane="3/1to3/2_0" slope="0.00"/>
        <vehicle id="38" x="409.09" y="401.65" angle="-90.00" type="DEFAULT_VEHTYPE" speed="2.16" pos="186.16" lane="3/2to2/2_0" slope="0.00"/>
        <vehicle id="41" x="398.35" y="435.81" angle="0.00" type="DEFAULT_VEHTYPE" speed="13.45" pos="159.44" lane="2/3to2/2_0" slope="0.00"/>
        <vehicle id="44" x="201.65" y="217.39" angle="180.00" type="DEFAULT_VEHTYPE" speed="9.34" pos="12.64" lane="1/1to1/2_0" slope="0.00"/>
        <vehicle id="48" x="19.50" y="401.65" angle="-90.00" type="DEFAULT_VEHTYPE" speed="13.08" pos="175.75" lane="1/2to0/2_0" slope="0.00"/>
        <vehicle id="5" x="201.65" y="525.53" angle="180.00" type="DEFAULT_VEHTYPE" speed="12.80" pos="120.78" lane="1/2to1/3_0" slope="0.00"/>
        <vehicle id="7" x="398.35" y="606.87" angle="0.00" type="DEFAULT_VEHTYPE" speed="12.64" pos="193.13" lane="2/4to2/3_0" slope="0.00"/>
        <vehicle id="8" x="391.88" y="598.35" angle="90.00" type="DEFAULT_VEHTYPE" speed="2.79" pos="187.13" lane="1/3to2/3_0" slope="0.00"/>
    </timestep>
    <timestep time="739.00">
        <vehicle id="0" x="398.35" y="629.12" angle="0.00" type="DEFAULT_VEHTYPE" speed="13.60" pos="170.88" lane="2/4to2/3_0" slope="0.00"/>
        <vehicle id="1" x="358.06" y="401.65" angle="-90.00" type="DEFAULT_VEHTYPE" speed="12.83" pos="37.19" lane="2/2to1/2_0" slope="0.00"/>
        <vehicle id="17" x="398.35" y="456.74" angle="0.00" type="DEFAULT_VEHTYPE" speed="12.83" pos="138.51" lane="2/3to2/2_0" slope="0.00"/>
        <vehicle id="18" x="398.35" y="503.84" angle="0.00" type="DEFAULT_VEHTYPE" speed="13.89" pos="91.41" lane="2/3to2/2_0" slope="0.00"/>
        <vehicle id="21" x="398.35" y="795.01" angle="-0.10" type="DEFAULT_VEHTYPE" speed="13.00" pos="4.99" lane="2/4to2/3_0" slope="0.00"/>
        <vehicle id="22" x="198.35" y="268.69" angle="0.00" type="DEFAULT_VEHTYPE" speed="13.40" pos="126.56" lane="1/2to1/1_0" slope="0.00"/>
        <vehicle id="24" x="164.62" y="398.35" angle="90.00" type="DEFAULT_VEHTYPE" speed="13.63" pos="164.62" lane="0/2to1/2_0" slope="0.00"/>
        <vehicle id="26" x="114.85" y="398.35" angle="90.00" type="DEFAULT_VEHTYPE" speed="13.58" pos="114.85" lane="0/2to1/2_0" slope="0.00"/>
        <vehicle id="28" x="398.35" y="560.25" angle="0.00" type="DEFAULT_VEHTYPE" speed="13.38" pos="35.00" lane="2/3to2/2_0" slope="0.00"/>
        <vehicle id="32" x="303.07" y="401.65" angle="-90.00" type="DEFAULT_VEHTYPE" speed="12.73" pos="92.18" lane="2/2to1/2_0" slope="0.00"/>
        <vehicle id="35" x="280.35" y="598.35" angle="90.00" type="DEFAULT_VEHTYPE" speed="13.18" pos="75.60" lane="1/3to2/3_0" slope="0.00"/>
        <vehicle id="37" x="601.65" y="275.17" angle="180.00" type="DEFAULT_VEHTYPE" speed="13.23" pos="70.42" lane="3/1to3/2_0" slope="0.00"/>
        <vehicle id="38" x="408.30" y="401.65" angle="-90.00" type="DEFAULT_VEHTYPE" speed="0.79" pos="186.95" lane="3/2to2/2_0" slope="0.00"/>
        <vehicle id="41" x="398.35" y="422.78" angle="0.00" type="DEFAULT_VEHTYPE" speed="13.03" pos="172.47" lane="2/3to2/2_0" slope="0.00"/>
        <vehicle id="44" x="201.65" y="228.10" angle="180.00" type="DEFAULT_VEHTYPE" speed="10.70" pos="23.35" lane="1/1to1/2_0" slope="0.00"/>
        <vehicle id="48" x="6.22" y="401.65" angle="-90.00" type="DEFAULT_VEHTYPE" speed="13.29" pos="189.03" lane="1/2to0/2_0" slope="0.00"/>
        <vehicle id="5" x="201.65" y="539.33" angle="180.00" type="DEFAULT_VEHTYPE" speed="13.79" pos="134.58" lane="1/2to1/3_0" slope="0.00"/>
        <vehicle id="7" x="398.35" y="594.17" angle="0.00" type="DEFAULT_VEHTYPE" speed="12.70" pos="1.08" lane="2/3to2/2_0" slope="0.00"/>
        <vehicle id="8" x="392.35" y="598.35" angle="90.00" type="DEFAULT_VEHTYPE" speed="0.46" pos="187.60" lane="1/3to2/3_0" slope="0.00"/>
    </timestep>
    <timestep time="740.00">
        <vehicle id="0" x="398.35" y="615.97" angle="0.00" type="DEFAULT_VEHTYPE" speed="13.16" pos="184.03" lane="2/4to2/3_0" slope="0.00"/>
        <vehicle id="1" x="344.70" y="401.65" angle="-90.00" type="DEFAULT_VEHTYPE" speed="13.36" pos="50.55" lane="2/2to1/2_0" slope="0.00"/>
        <vehicle id="17" x="398.35" y="443.47" angle="0.00" type="DEFAULT_VEHTYPE" speed="13.26" pos="151.78" lane="2/3to2/2_0" slope="0.00"/>
        <vehicle id="18" x="398.35" y="490.60" angle="0.00" type="DEFAULT_VEHTYPE" speed="13.24" pos="104.65" lane="2/3to2/2_0" slope="0.00"/>
        <vehicle id="21" x="398.35" y="781.83" angle="0.00" type="DEFAULT_VEHTYPE" speed="13.18" pos="18.17" lane="2/4to2/3_0" slope="0.00"/>
        <vehicle id="22" x="198.35" y="255.32" angle="0.00" type="DEFAULT_VEHTYPE" speed="13.37" pos="139.93" lane="1/2to1/1_0" slope="0.00"/>
        <vehicle id="24" x="176.55" y="398.35" angle="90.00" type="DEFAULT_VEHTYPE" speed="11.93" pos="176.55" lane="0/2to1/2_0" slope="0.00"/>
        <vehicle id="26" x="127.85" y="398.35" angle="90.00" type="DEFAULT_VEHTYPE" speed="12.99" pos="127.85" lane="0/2to1/2_0" slope="0.00"/>
        <vehicle id="28" x="398.35" y="546.44" angle="0.00" type="DEFAULT_VEHTYPE" speed="13.81" pos="48.81" lane="2/3to2/2_0" slope="0.00"/>
        <vehicle id="32" x="289.96" y="401.65" angle="-90.00" type="DEFAULT_VEHTYPE" speed="13.11" pos="105.29" lane="2/2to1/2_0" slope="0.00"/>
        <vehicle id="35" x="293.32" y="598.35" angle="90.00" type="DEFAULT_VEHTYPE" speed="12.97" pos="88.57" lane="1/3to2/3_0" slope="0.00"/>
        <vehicle id="37" x="601.65" y="288.94" angle="180.00" type="DEFAULT_VEHTYPE" speed="13.76" pos="84.19" lane="3/1to3/2_0" slope="0.00"/>
        <vehicle id="38" x="407.57" y="401.65" angle="-90.00" type="DEFAULT_VEHTYPE" speed="0.73" pos="187.68" lane="3/2to2/2_0" slope="0.00"/>
        <vehicle id="41" x="398.35" y="409.81" angle="0.00" type="DEFAULT_VEHTYPE" speed="12.97" pos="185.44" lane="2/3to2/2_0" slope="0.00"/>
        <vehicle id="44" x="201.65" y="240.47" angle="180.00" type="DEFAULT_VEHTYPE" speed="12.37" pos="35.72" lane="1/1to1/2_0" slope="0.00"/>
        <vehicle id="48" x="1.95" y="398.35" angle="56.14" type="DEFAULT_VEHTYPE" speed="12.99" pos="1.95" lane="0/2to1/2_0" slope="0.00"/>
        <vehicle id="5" x="201.65" y="552.00" angle="180.00" type="DEFAULT_VEHTYPE" speed="12.67" pos="147.25" lane="1/2to1/3_0" slope="0.00"/>
        <vehicle id="7" x="398.35" y="580.76" angle="0.00" type="DEFAULT_VEHTYPE" speed="13.40" pos="14.49" lane="2/3to2/2_0" slope="0.00"/>
        <vehicle id="8" x="392.67" y="598.35" angle="90.00" type="DEFAULT_VEHTYPE" speed="0.32" pos="187.92" lane="1/3to2/3_0" slope="0.00"/>
    </timestep>
    <timestep time="741.00">
        <vehicle id="0" x="398.35" y="603.14" angle="0.00" type="DEFAULT_VEHTYPE" speed="12.82" pos="1.61" lane=":2/3_1_0" slope="0.00"/>
        <vehicle id="1" x="331.21" y="401.65" angle="-90.00" type="DEFAULT_VEHTYPE" speed="13.49" pos="64.04" lane="2/2to1/2_0" slope="0.00"/>
        <vehicle id="17" x="398.35" y="429.75" angle="0.00" type="DEFAULT_VEHTYPE" speed="13.72" pos="165.50" lane="2/3to2/2_0" slope="0.00"/>
        <vehicle id="18" x="398.35" y="477.35" angle="0.00" type="DEFAULT_VEHTYPE" speed="13.24" pos="117.90" lane="2/3to2/2_0" slope="0.00"/>
        <vehicle id="21" x="398.35" y="768.50" angle="0.00" type="DEFAULT_VEHTYPE" speed="13.33" pos="31.50" lane="2/4to2/3_0" slope="0.00"/>
        <vehicle id="22" x="198.35" y="242.04" angle="0.00" type="DEFAULT_VEHTYPE" speed="13.29" pos="153.21" lane="1/2to1/1_0" slope="0.00"/>
        <vehicle id="24" x="184.18" y="398.35" angle="90.00" type="DEFAULT_VEHTYPE" speed="7.63" pos="184.18" lane="0/2to1/2_0" slope="0.00"/>
        <vehicle id="26" x="140.84" y="398.35" angle="90.00" type="DEFAULT_VEHTYPE" speed="12.99" pos="140.84" lane="0/2to1/2_0" slope="0.00"/>
        <vehicle id="28" x="398.35" y="533.38" angle="0.00" type="DEFAULT_VEHTYPE" speed="13.06" pos="61.87" lane="2/3to2/2_0" slope="0.00"/>
        <vehicle id="32" x="276.51" y="401.65" angle="-90.00" type="DEFAULT_VEHTYPE" speed="13.45" pos="118.74" lane="2/2to1/2_0" slope="0.00"/>
        <vehicle id="35" x="306.52" y="598.35" angle="90.00" type="DEFAULT_VEHTYPE" speed="13.20" pos="101.77" lane="1/3to2/3_0" slope="0.00"/>
        <vehicle id="37" x="601.65" y="302.60" angle="180.00" type="DEFAULT_VEHTYPE" speed="13.66" pos="97.85" lane="3/1to3/2_0" slope="0.00"/>
        <vehicle id="38" x="407.37" y="401.65" angle="-90.00" type="DEFAULT_VEHTYPE" speed="0.19" pos="187.88" lane="3/2to2/2_0" slope="0.00"/>
        <vehicle id="41" x="398.35" y="396.04" angle="0.00" type="DEFAULT_VEHTYPE" speed="13.77" pos="8.71" lane=":2/2_1_0" slope="0.00"/>
        <vehicle id="44" x="201.65" y="253.84" angle="180.00" type="DEFAULT_VEHTYPE" speed="13.37" pos="49.09" lane="1/1to1/2_0" slope="0.00"/>
        <vehicle id="48" x="14.71" y="398.35" angle="90.00" type="DEFAULT_VEHTYPE" speed="12.76" pos="14.71" lane="0/2to1/2_0" slope="0.00"/>
        <vehicle id="5" x="201.65" y="565.79" angle="180.00" type="DEFAULT_VEHTYPE" speed="13.80" pos="161.04" lane="1/2to1/3_0" slope="0.00"/>
        <vehicle id="7" x="398.35" y="568.16" angle="0.00" type="DEFAULT_VEHTYPE" speed="12.60" pos="27.09" lane="2/3to2/2_0" slope="0.00"/>
        <vehicle id="8" x="392.75" y="598.35" angle="90.00" type="DEFAULT_VEHTYPE" speed="0.08" pos="188.00" lane="1/3to2/3_0" slope="0.00"/>
    </timestep>
    <timestep time="742.00">
        <vehicle id="0" x="398.35" y="589.81" angle="0.00" type="DEFAULT_VEHTYPE" speed="13.33" pos="5.44" lane="2/3to2/2_0" slope="0.00"/>
        <vehicle id="1" x="317.89" y="401.65" angle="-90.00" type="DEFAULT_VEHTYPE" speed="13.33" pos="77.36" lane="2/2to1/2_0" slope="0.00"/>
        <vehicle id="17" x="398.35" y="417.15" angle="0.00" type="DEFAULT_VEHTYPE" speed="12.60" pos="178.10" lane="2/3to2/2_0" slope="0.00"/>
        <vehicle id="18" x="398.35" y="464.58" angle="0.00" type="DEFAULT_VEHTYPE" speed="12.77" pos="130.67" lane="2/3to2/2_0" slope="0.00"/>
        <vehicle id="21" x="398.35" y="755.44" angle="0.00" type="DEFAULT_VEHTYPE" speed="13.06" pos="44.56" lane="2/4to2/3_0" slope="0.00"/>
        <vehicle id="22" x="198.35" y="228.88" angle="0.00" type="DEFAULT_VEHTYPE" speed="13.16" pos="166.37" lane="1/2to1/1_0" slope="0.00"/>
        <vehicle id="24" x="188.40" y="398.35" angle="90.00" type="DEFAULT_VEHTYPE" speed="4.22" pos="188.40" lane="0/2to1/2_0" slope="0.00"/>
        <vehicle id="26" x="154.06" y="398.35" angle="90.00" type="DEFAULT_VEHTYPE" speed="13.22" pos="154.06" lane="0/2to1/2_0" slope="0.00"/>
        <vehicle id="28" x="398.35" y="519.70" angle="0.00" type="DEFAULT_VEHTYPE" speed="13.69" pos="75.55" lane="2/3to2/2_0" slope="0.00"/>
        <vehicle id="32" x="263.37" y="401.65" angle="-90.00" type="DEFAULT_VEHTYPE" speed="13.14" pos="131.88" lane="2/2to1/2_0" slope="0.00"/>
        <vehicle id="35" x="319.72" y="598.35" angle="90.00" type="DEFAULT_VEHTYPE" speed="13.21" pos="114.97" lane="1/3to2/3_0" slope="0.00"/>
        <vehicle id="37" x="601.65" y="315.41" angle="180.00" type="DEFAULT_VEHTYPE" speed="12.81" pos="110.66" lane="3/1to3/2_0" slope="0.00"/>
        <vehicle id="38" x="405.72" y="401.65" angle="-90.00" type="DEFAULT_VEHTYPE" speed="1.65" pos="189.53" lane="3/2to2/2_0" slope="0.00"/>
        <vehicle id="41" x="398.35" y="383.09" angle="0.00" type="DEFAULT_VEHTYPE" speed="12.95" pos="12.16" lane="2/2to2/1_0" slope="0.00"/>
        <vehicle id="44" x="201.65" y="266.58" angle="180.00" type="DEFAULT_VEHTYPE" speed="12.74" pos="61.83" lane="1/1to1/2_0" slope="0.00"/>
        <vehicle id="48" x="27.44" y="398.35" angle="90.00" type="DEFAULT_VEHTYPE" speed="12.73" pos="27.44" lane="0/2to1/2_0" slope="0.00"/>
        <vehicle id="5" x="201.65" y="578.84" angle="180.00" type="DEFAULT_VEHTYPE" speed="13.04" pos="174.09" lane="1/2to1/3_0" slope="0.00"/>
        <vehicle id="7" x="398.35" y="555.27" angle="0.00" type="DEFAULT_VEHTYPE" speed="12.89" pos="39.98" lane="2/3to2/2_0" slope="0.00"/>
        <vehicle id="8" x="394.64" y="598.35" angle="90.00" type="DEFAULT_VEHTYPE" speed="1.90" pos="189.89" lane="1/3to2/3_0" slope="0.00"/>
    </timestep>
    <timestep time="743.00">
        <vehicle id="0" x="398.35" y="576.13" angle="0.00" type="DEFAULT_VEHTYPE" speed="13.69" pos="19.12" lane="2/3to2/2_0" slope="0.00"/>
        <vehicle id="1" x="305.15" y="401.65" angle="-90.00" type="DEFAULT_VEHTYPE" speed="12.74" pos="90.10" lane="2/2to1/2_0" slope="0.00"/>
        <vehicle id="17" x="398.25" y="404.01" angle="-1.18" type="DEFAULT_VEHTYPE" speed="13.14" pos="0.74" lane=":2/2_0_0" slope="0.00"/>
        <vehicle id="18" x="398.35" y="450.89" angle="0.00" type="DEFAULT_VEHTYPE" speed="13.69" pos="144.36" lane="2/3to2/2_0" slope="0.00"/>
        <vehicle id="21" x="398.35" y="742.42" angle="0.00" type="DEFAULT_VEHTYPE" speed="13.02" pos="57.58" lane="2/4to2/3_0" slope="0.00"/>
        <vehicle id="22" x="198.35" y="215.92" angle="0.00" type="DEFAULT_VEHTYPE" speed="12.96" pos="179.33" lane="1/2to1/1_0" slope="0.00"/>
        <vehicle id="24" x="194.95" y="398.35" angle="90.00" type="DEFAULT_VEHTYPE" speed="6.55" pos="194.95" lane="0/2to1/2_0" slope="0.00"/>
        <vehicle id="26" x="165.74" y="398.35" angle="90.00" type="DEFAULT_VEHTYPE" speed="11.68" pos="165.74" lane="0/2to1/2_0" slope="0.00"/>
        <vehicle id="28" x="398.35" y="505.84" angle="0.00" type="DEFAULT_VEHTYPE" speed="13.85" pos="89.41" lane="2/3to2/2_0" slope="0.00"/>
        <vehicle id="32" x="250.32" y="401.65" angle="-90.00" type="DEFAULT_VEHTYPE" speed="13.05" pos="144.93" lane="2/2to1/2_0" slope="0.00"/>
        <vehicle id="35" x="332.44" y="598.35" angle="90.00" type="DEFAULT_VEHTYPE" speed="12.72" pos="127.69" lane="1/3to2/3_0" slope="0.00"/>
        <vehicle id="37" x="601.65" y="328.28" angle="180.00" type="DEFAULT_VEHTYPE" speed="12.87" pos="123.53" lane="3/1to3/2_0" slope="0.00"/>
        <vehicle id="38" x="401.72" y="401.11" angle="-83.78" type="DEFAULT_VEHTYPE" speed="4.07" pos="3.10" lane=":2/2_6_0" slope="0.00"/>
        <vehicle id="41" x="398.35" y="370.09" angle="0.00" type="DEFAULT_VEHTYPE" speed="13.00" pos="25.16" lane="2/2to2/1_0" slope="0.00"/>
        <vehicle id="44" x="201.65" y="280.23" angle="180.00" type="DEFAULT_VEHTYPE" speed="13.65" pos="75.48" lane="1/1to1/2_0" slope="0.00"/>
        <vehicle id="48" x="40.65" y="398.35" angle="90.00" type="DEFAULT_VEHTYPE" speed="13.21" pos="40.65" lane="0/2to1/2_0" slope="0.00"/>
        <vehicle id="5" x="201.65" y="591.93" angle="180.00" type="DEFAULT_VEHTYPE" speed="13.09" pos="187.18" lane="1/2to1/3_0" slope="0.00"/>
        <vehicle id="7" x="398.35" y="542.06" angle="0.00" type="DEFAULT_VEHTYPE" speed="13.21" pos="53.19" lane="2/3to2/2_0" slope="0.00"/>
        <vehicle id="8" x="398.59" y="599.08" angle="98.46" type="DEFAULT_VEHTYPE" speed="4.07" pos="3.46" lane=":2/3_14_0" slope="0.00"/>
    </timestep>
    <timestep time="744.00">
        <vehicle id="0" x="398.35" y="563.47" angle="0.00" type="DEFAULT_VEHTYPE" speed="12.66" pos="31.78" lane="2/3to2/2_0" slope="0.00"/>
        <vehicle id="1" x="292.16" y="401.65" angle="-90.00" type="DEFAULT_VEHTYPE" speed="12.99" pos="103.09" lane="2/2to1/2_0" slope="0.00"/>
        <vehicle id="17" x="385.79" y="401.65" angle="-90.00" type="DEFAULT_VEHTYPE" speed="13.71" pos="9.46" lane="2/2to1/2_0" slope="0.00"/>
        <vehicle id="18" x="398.35" y="437.78" angle="0.00" type="DEFAULT_VEHTYPE" speed="13.11" pos="157.47" lane="2/3to2/2_0" slope="0.00"/>
        <vehicle id="21" x="398.35" y="729.63" angle="0.00" type="DEFAULT_VEHTYPE" speed="12.78" pos="70.37" lane="2/4to2/3_0" slope="0.00"/>
        <vehicle id="22" x="198.12" y="203.32" angle="-2.68" type="DEFAULT_VEHTYPE" speed="12.63" pos="1.46" lane=":1/1_0_0" slope="0.00"/>
        <vehicle id="24" x="201.41" y="403.06" angle="145.52" type="DEFAULT_VEHTYPE" speed="8.92" pos="8.62" lane=":1/2_14_0" slope="0.00"/>
        <vehicle id="26" x="176.32" y="398.35" angle="90.00" type="DEFAULT_VEHTYPE" speed="10.58" pos="176.32" lane="0/2to1/2_0" slope="0.00"/>
        <vehicle id="28" x="398.35" y="492.04" angle="0.00" type="DEFAULT_VEHTYPE" speed="13.81" pos="103.21" lane="2/3to2/2_0" slope="0.00"/>
        <vehicle id="32" x="236.86" y="401.65" angle="-90.00" type="DEFAULT_VEHTYPE" speed="13.46" pos="158.39" lane="2/2to1/2_0" slope="0.00"/>
        <vehicle id="35" x="345.05" y="598.35" angle="90.00" type="DEFAULT_VEHTYPE" speed="12.61" pos="140.30" lane="1/3to2/3_0" slope="0.00"/>
        <vehicle id="37" x="601.65" y="341.67" angle="180.00" type="DEFAULT_VEHTYPE" speed="13.39" pos="136.92" lane="3/1to3/2_0" slope="0.00"/>
        <vehicle id="38" x="398.60" y="396.98" angle="-34.91" type="DEFAULT_VEHTYPE" speed="5.48" pos="8.58" lane=":2/2_6_0" slope="0.00"/>
        <vehicle id="41" x="398.35" y="356.44" angle="0.00" type="DEFAULT_VEHTYPE" speed="13.64" pos="38.81" lane="2/2to2/1_0" slope="0.00"/>
        <vehicle id="44" x="201.65" y="293.50" angle="180.00" type="DEFAULT_VEHTYPE" speed="13.27" pos="88.75" lane="1/1to1/2_0" slope="0.00"/>
        <vehicle id="48" x="54.53" y="398.35" angle="90.00" type="DEFAULT_VEHTYPE" speed="13.88" pos="54.53" lane="0/2to1/2_0" slope="0.00"/>
        <vehicle id="5" x="210.13" y="598.35" angle="90.00" type="DEFAULT_VEHTYPE" speed="13.71" pos="5.38" lane="1/3to2/3_0" slope="0.00"/>
        <vehicle id="7" x="398.35" y="528.71" angle="0.00" type="DEFAULT_VEHTYPE" speed="13.34" pos="66.54" lane="2/3to2/2_0" slope="0.00"/>
        <vehicle id="8" x="401.50" y="603.70" angle="152.18" type="DEFAULT_VEHTYPE" speed="5.80" pos="9.26" lane=":2/3_14_0" slope="0.00"/>
    </timestep>
    <timestep time="745.00">
        <vehicle id="0" x="398.35" y="550.02" angle="0.00" type="DEFAULT_VEHTYPE" speed="13.45" pos="45.23" lane="2/3to2/2_0" slope="0.00"/>
        <vehicle id="1" x="279.22" y="401.65" angle="-90.00" type="DEFAULT_VEHTYPE" speed="12.94" pos="116.03" lane="2/2to1/2_0" slope="0.00"/>
        <vehicle id="17" x="371.98" y="401.65" angle="-90.00" type="DEFAULT_VEHTYPE" speed="13.81" pos="23.27" lane="2/2to1/2_0" slope="0.00"/>
        <vehicle id="18" x="398.35" y="424.87" angle="0.00" type="DEFAULT_VEHTYPE" speed="12.91" pos="170.38" lane="2/3to2/2_0" slope="0.00"/>
        <vehicle id="21" x="398.35" y="716.19" angle="0.00" type="DEFAULT_VEHTYPE" speed="13.45" pos="83.81" lane="2/4to2/3_0" slope="0.00"/>
        <vehicle id="22" x="186.04" y="201.65" angle="-90.00" type="DEFAULT_VEHTYPE" speed="12.76" pos="9.21" lane="1/1to0/1_0" slope="0.00"/>
        <vehicle id="24" x="201.65" y="413.38" angle="180.00" type="DEFAULT_VEHTYPE" speed="10.33" pos="8.63" lane="1/2to1/3_0" slope="0.00"/>
        <vehicle id="26" x="183.75" y="398.35" angle="90.00" type="DEFAULT_VEHTYPE" speed="7.43" pos="183.75" lane="0/2to1/2_0" slope="0.00"/>
        <vehicle id="28" x="398.35" y="478.28" angle="0.00" type="DEFAULT_VEHTYPE" speed="13.75" pos="116.97" lane="2/3to2/2_0" slope="0.00"/>
        <vehicle id="32" x="224.93" y="401.65" angle="-90.00" type="DEFAULT_VEHTYPE" speed="11.93" pos="170.32" lane="2/2to1/2_0" slope="0.00"/>
        <vehicle id="35" x="358.86" y="598.35" angle="90.00" type="DEFAULT_VEHTYPE" speed="13.81" pos="154.11" lane="1/3to2/3_0" slope="0.00"/>
        <vehicle id="37" x="601.65" y="354.48" angle="180.00" type="DEFAULT_VEHTYPE" speed="12.81" pos="149.73" lane="3/1to3/2_0" slope="0.00"/>
        <vehicle id="38" x="398.35" y="389.06" angle="0.00" type="DEFAULT_VEHTYPE" speed="7.94" pos="6.19" lane="2/2to2/1_0" slope="0.00"/>
        <vehicle id="41" x="398.35" y="343.05" angle="0.00" type="DEFAULT_VEHTYPE" speed="13.39" pos="52.20" lane="2/2to2/1_0" slope="0.00"/>
        <vehicle id="44" x="201.65" y="306.77" angle="180.00" type="DEFAULT_VEHTYPE" speed="13.28" pos="102.02" lane="1/1to1/2_0" slope="0.00"/>
        <vehicle id="48" x="67.13" y="398.35" angle="90.00" type="DEFAULT_VEHTYPE" speed="12.60" pos="67.13" lane="0/2to1/2_0" slope="0.00"/>
        <vehicle id="5" x="223.26" y="598.35" angle="90.00" type="DEFAULT_VEHTYPE" speed="13.13" pos="18.51" lane="1/3to2/3_0" slope="0.00"/>
        <vehicle id="7" x="398.35" y="516.05" angle="0.00" type="DEFAULT_VEHTYPE" speed="12.67" pos="79.20" lane="2/3to2/2_0" slope="0.00"/>
        <vehicle id="8" x="401.65" y="610.89" angle="180.00" type="DEFAULT_VEHTYPE" speed="7.20" pos="6.14" lane="2/3to2/4_0" slope="0.00"/>
    </timestep>
    <timestep time="746.00">
        <vehicle id="0" x="398.35" y="536.22" angle="0.00" type="DEFAULT_VEHTYPE" speed="13.81" pos="59.03" lane="2/3to2/2_0" slope="0.00"/>
        <vehicle id="1" x="265.76" y="401.65" angle="-90.00" type="DEFAULT_VEHTYPE" speed="13.46" pos="129.49" lane="2/2to1/2_0" slope="0.00"/>
        <vehicle id="17" x="358.71" y="401.65" angle="-90.00" type="DEFAULT_VEHTYPE" speed="13.27" pos="36.54" lane="2/2to1/2_0" slope="0.00"/>
        <vehicle id="18" x="398.35" y="411.82" angle="0.00" type="DEFAULT_VEHTYPE" speed="13.05" pos="183.43" lane="2/3to2/2_0" slope="0.00"/>
        <vehicle id="21" x="398.35" y="702.67" angle="0.00" type="DEFAULT_VEHTYPE" speed="13.51" pos="97.33" lane="2/4to2/3_0" slope="0.00"/>
        <vehicle id="22" x="173.32" y="201.65" angle="-90.00" type="DEFAULT_VEHTYPE" speed="12.72" pos="21.93" lane="1/1to0/1_0" slope="0.00"/>
        <vehicle id="24" x="201.65" y="425.45" angle="180.00" type="DEFAULT_VEHTYPE" speed="12.07" pos="20.70" lane="1/2to1/3_0" slope="0.00"/>
        <vehicle id="26" x="188.69" y="398.35" angle="90.00" type="DEFAULT_VEHTYPE" speed="4.93" pos="188.69" lane="0/2to1/2_0" slope="0.00"/>
        <vehicle id="28" x="398.35" y="465.43" angle="0.00" type="DEFAULT_VEHTYPE" speed="12.86" pos="129.82" lane="2/3to2/2_0" slope="0.00"/>
        <vehicle id="32" x="217.24" y="401.65" angle="-90.00" type="DEFAULT_VEHTYPE" speed="7.69" pos="178.01" lane="2/2to1/2_0" slope="0.00"/>
        <vehicle id="35" x="371.71" y="598.35" angle="90.00" type="DEFAULT_VEHTYPE" speed="12.84" pos="166.96" lane="1/3to2/3_0" slope="0.00"/>
        <vehicle id="37" x="601.65" y="367.21" angle="180.00" type="DEFAULT_VEHTYPE" speed="12.73" pos="162.46" lane="3/1to3/2_0" slope="0.00"/>
        <vehicle id="38" x="398.35" y="379.06" angle="0.00" type="DEFAULT_VEHTYPE" speed="9.99" pos="16.19" lane="2/2to2/1_0" slope="0.00"/>
        <vehicle id="41" x="398.35" y="329.49" angle="0.00" type="DEFAULT_VEHTYPE" speed="13.57" pos="65.76" lane="2/2to2/1_0" slope="0.00"/>
        <vehicle id="44" x="201.65" y="319.61" angle="180.00" type="DEFAULT_VEHTYPE" speed="12.84" pos="114.86" lane="1/1to1/2_0" slope="0.00"/>
        <vehicle id="48" x="80.08" y="398.35" angle="90.00" type="DEFAULT_VEHTYPE" speed="12.95" pos="80.08" lane="0/2to1/2_0" slope="0.00"/>
        <vehicle id="5" x="235.89" y="598.35" angle="90.00" type="DEFAULT_VEHTYPE" speed="12.63" pos="31.14" lane="1/3to2/3_0" slope="0.00"/>
        <vehicle id="7" x="398.35" y="502.31" angle="0.00" type="DEFAULT_VEHTYPE" speed="13.74" pos="92.94" lane="2/3to2/2_0" slope="0.00"/>
        <vehicle id="8" x="401.65" y="619.64" angle="180.00" type="DEFAULT_VEHTYPE" speed="8.76" pos="14.89" lane="2/3to2/4_0" slope="0.00"/>
    </timestep>
    <timestep time="747.00">
        <vehicle id="0" x="398.35" y="522.85" angle="0.00" type="DEFAULT_VEHTYPE" speed="13.37" pos="72.40" lane="2/3to2/2_0" slope="0.00"/>
        <vehicle id="1" x="252.52" y="401.65" angle="-90.00" type="DEFAULT_VEHTYPE" speed="13.23" pos="142.73" lane="2/2to1/2_0" slope="0.00"/>
        <vehicle id="17" x="345.23" y="401.65" angle="-90.00" type="DEFAULT_VEHTYPE" speed="13.48" pos="50.02" lane="2/2to1/2_0" slope="0.00"/>
        <vehicle id="18" x="394.20" y="401.65" angle="-62.77" type="DEFAULT_VEHTYPE" speed="13.12" pos="1.05" lane="2/2to1/2_0" slope="0.00"/>
        <vehicle id="21" x="398.35" y="689.58" angle="0.00" type="DEFAULT_VEHTYPE" speed="13.09" pos="110.42" lane="2/4to2/3_0" slope="0.00"/>
        <vehicle id="22" x="159.77" y="201.65" angle="-90.00" type="DEFAULT_VEHTYPE" speed="13.55" pos="35.48" lane="1/1to0/1_0" slope="0.00"/>
        <vehicle id="24" x="201.65" y="438.90" angle="180.00" type="DEFAULT_VEHTYPE" speed="13.45" pos="34.15" lane="1/2to1/3_0" slope="0.00"/>
        <vehicle id="26" x="190.66" y="398.35" angle="90.00" type="DEFAULT_VEHTYPE" speed="1.97" pos="190.66" lane="0/2to1/2_0" slope="0.00"/>
        <vehicle id="28" x="398.35" y="451.90" angle="0.00" type="DEFAULT_VEHTYPE" speed="13.53" pos="143.35" lane="2/3to2/2_0" slope="0.00"/>
        <vehicle id="32" x="211.50" y="401.65" angle="-90.00" type="DEFAULT_VEHTYPE" speed="5.74" pos="183.75" lane="2/2to1/2_0" slope="0.00"/>
        <vehicle id="35" x="381.01" y="598.35" angle="90.00" type="DEFAULT_VEHTYPE" speed="9.31" pos="176.26" lane="1/3to2/3_0" slope="0.00"/>
        <vehicle id="37" x="601.65" y="380.06" angle="180.00" type="DEFAULT_VEHTYPE" speed="12.85" pos="175.31" lane="3/1to3/2_0" slope="0.00"/>
        <vehicle id="38" x="398.35" y="366.79" angle="0.00" type="DEFAULT_VEHTYPE" speed="12.27" pos="28.46" lane="2/2to2/1_0" slope="0.00"/>
        <vehicle id="41" x="398.35" y="315.74" angle="0.00" type="DEFAULT_VEHTYPE" speed="13.75" pos="79.51" lane="2/2to2/1_0" slope="0.00"/>
        <vehicle id="44" x="201.65" y="333.17" angle="180.00" type="DEFAULT_VEHTYPE" speed="13.55" pos="128.42" lane="1/1to1/2_0" slope="0.00"/>
        <vehicle id="48" x="93.29" y="398.35" angle="90.00" type="DEFAULT_VEHTYPE" speed="13.21" pos="93.29" lane="0/2to1/2_0" slope="0.00"/>
        <vehicle id="5" x="249.17" y="598.35" angle="90.00" type="DEFAULT_VEHTYPE" speed="13.28" pos="44.42" lane="1/3to2/3_0" slope="0.00"/>
        <vehicle id="7" x="398.35" y="488.62" angle="0.00" type="DEFAULT_VEHTYPE" speed="13.69" pos="106.63" lane="2/3to2/2_0" slope="0.00"/>
        <vehicle id="8" x="401.65" y="630.30" angle="180.00" type="DEFAULT_VEHTYPE" speed="10.66" pos="25.55" lane="2/3to2/4_0" slope="0.00"/>
    </timestep>
    <timestep time="748.00">
        <vehicle id="0" x="398.35" y="509.40" angle="0.00" type="DEFAULT_VEHTYPE" speed="13.45" pos="85.85" lane="2/3to2/2_0" slope="0.00"/>
        <vehicle id="1" x="238.83" y="401.65" angle="-90.00" type="DEFAULT_VEHTYPE" speed="13.70" pos="156.42" lane="2/2to1/2_0" slope="0.00"/>
        <vehicle id="17" x="332.58" y="401.65" angle="-90.00" type="DEFAULT_VEHTYPE" speed="12.65" pos="62.67" lane="2/2to1/2_0" slope="0.00"/>
        <vehicle id="18" x="380.55" y="401.65" angle="-90.00" type="DEFAULT_VEHTYPE" speed="13.65" pos="14.70" lane="2/2to1/2_0" slope="0.00"/>
        <vehicle id="21" x="398.35" y="676.17" angle="0.00" type="DEFAULT_VEHTYPE" speed="13.41" pos="123.83" lane="2/4to2/3_0" slope="0.00"/>
        <vehicle id="22" x="146.70" y="201.65" angle="-90.00" type="DEFAULT_VEHTYPE" speed="13.07" pos="48.55" lane="1/1to0/1_0" slope="0.00"/>
        <vehicle id="24" x="201.65" y="451.53" angle="180.00" type="DEFAULT_VEHTYPE" speed="12.62" pos="46.78" lane="1/2to1/3_0" slope="0.00"/>
        <vehicle id="26" x="192.17" y="398.35" angle="90.00" type="DEFAULT_VEHTYPE" speed="1.52" pos="192.17" lane="0/2to1/2_0" slope="0.00"/>
        <vehicle id="28" x="398.35" y="439.11" angle="0.00" type="DEFAULT_VEHTYPE" speed="12.79" pos="156.14" lane="2/3to2/2_0" slope="0.00"/>
        <vehicle id="32" x="204.24" y="401.65" angle="-90.00" type="DEFAULT_VEHTYPE" speed="7.27" pos="0.51" lane=":1/2_5_0" slope="0.00"/>
        <vehicle id="35" x="387.40" y="598.35" angle="90.00" type="DEFAULT_VEHTYPE" speed="6.39" pos="182.65" lane="1/3to2/3_0" slope="0.00"/>
        <vehicle id="37" x="601.65" y="393.88" angle="180.00" type="DEFAULT_VEHTYPE" speed="13.82" pos="189.13" lane="3/1to3/2_0" slope="0.00"/>
        <vehicle id="38" x="398.35" y="353.15" angle="0.00" type="DEFAULT_VEHTYPE" speed="13.64" pos="42.10" lane="2/2to2/1_0" slope="0.00"/>
        <vehicle id="41" x="398.35" y="303.14" angle="0.00" type="DEFAULT_VEHTYPE" speed="12.60" pos="92.11" lane="2/2to2/1_0" slope="0.00"/>
        <vehicle id="44" x="201.65" y="346.20" angle="180.00" type="DEFAULT_VEHTYPE" speed="13.03" pos="141.45" lane="1/1to1/2_0" slope="0.00"/>
        <vehicle id="48" x="105.93" y="398.35" angle="90.00" type="DEFAULT_VEHTYPE" speed="12.64" pos="105.93" lane="0/2to1/2_0" slope="0.00"/>
        <vehicle id="5" x="262.70" y="598.35" angle="90.00" type="DEFAULT_VEHTYPE" speed="13.53" pos="57.95" lane="1/3to2/3_0" slope="0.00"/>
        <vehicle id="7" x="398.35" y="475.84" angle="0.00" type="DEFAULT_VEHTYPE" speed="12.78" pos="119.41" lane="2/3to2/2_0" slope="0.00"/>
        <vehicle id="8" x="401.65" y="643.02" angle="180.00" type="DEFAULT_VEHTYPE" speed="12.72" pos="38.27" lane="2/3to2/4_0" slope="0.00"/>
    </timestep>
    <timestep time="749.00">
        <vehicle id="0" x="398.35" y="496.40" angle="0.00" type="DEFAULT_VEHTYPE" speed="13.00" pos="98.85" lane="2/3to2/2_0" slope="0.00"/>
        <vehicle id="1" x="226.13" y="401.65" angle="-90.00" type="DEFAULT_VEHTYPE" speed="12.70" pos="169.12" lane="2/2to1/2_0" slope="0.00"/>
        <vehicle id="17" x="319.14" y="401.65" angle="-90.00" type="DEFAULT_VEHTYPE" speed="13.44" pos="76.11" lane="2/2to1/2_0" slope="0.00"/>
        <vehicle id="18" x="367.72" y="401.65" angle="-90.00" type="DEFAULT_VEHTYPE" speed="12.83" pos="27.53" lane="2/2to1/2_0" slope="0.00"/>
        <vehicle id="21" x="398.35" y="663.45" angle="0.00" type="DEFAULT_VEHTYPE" speed="12.72" pos="136.55" lane="2/4to2/3_0" slope="0.00"/>
        <vehicle id="22" x="133.57" y="201.65" angle="-90.00" type="DEFAULT_VEHTYPE" speed="13.13" pos="61.68" lane="1/1to0/1_0" slope="0.00"/>
        <vehicle id="24" x="201.65" y="465.19" angle="180.00" type="DEFAULT_VEHTYPE" speed="13.66" pos="60.44" lane="1/2to1/3_0" slope="0.00"/>
        <vehicle id="26" x="192.67" y="398.35" angle="90.00" type="DEFAULT_VEHTYPE" speed="0.49" pos="192.67" lane="0/2to1/2_0" slope="0.00"/>
        <vehicle id="28" x="398.35" y="426.35" angle="0.00" type="DEFAULT_VEHTYPE" speed="12.76" pos="168.90" lane="2/3to2/2_0" slope="0.00"/>
        <vehicle id="32" x="195.16" y="401.65" angle="-90.00" type="DEFAULT_VEHTYPE" speed="9.08" pos="0.09" lane="1/2to0/2_0" slope="0.00"/>
        <vehicle id="35" x="390.49" y="598.35" angle="90.00" type="DEFAULT_VEHTYPE" speed="3.09" pos="185.74" lane="1/3to2/3_0" slope="0.00"/>
        <vehicle id="37" x="601.65" y="407.61" angle="180.00" type="DEFAULT_VEHTYPE" speed="13.72" pos="2.86" lane="3/2to3/3_0" slope="0.00"/>
        <vehicle id="38" x="398.35" y="340.02" angle="0.00" type="DEFAULT_VEHTYPE" speed="13.14" pos="55.23" lane="2/2to2/1_0" slope="0.00"/>
        <vehicle id="41" x="398.35" y="290.53" angle="0.00" type="DEFAULT_VEHTYPE" speed="12.60" pos="104.72" lane="2/2to2/1_0" slope="0.00"/>
        <vehicle id="44" x="201.65" y="360.06" angle="180.00" type="DEFAULT_VEHTYPE" speed="13.87" pos="155.31" lane="1/1to1/2_0" slope="0.00"/>
        <vehicle id="48" x="118.80" y="398.35" angle="90.00" type="DEFAULT_VEHTYPE" speed="12.87" pos="118.80" lane="0/2to1/2_0" slope="0.00"/>
        <vehicle id="5" x="275.92" y="598.35" angle="90.00" type="DEFAULT_VEHTYPE" speed="13.22" pos="71.17" lane="1/3to2/3_0" slope="0.00"/>
        <vehicle id="7" x="398.35" y="462.13" angle="0.00" type="DEFAULT_VEHTYPE" speed="13.71" pos="133.12" lane="2/3to2/2_0" slope="0.00"/>
        <vehicle id="8" x="401.65" y="656.66" angle="180.00" type="DEFAULT_VEHTYPE" speed="13.64" pos="51.91" lane="2/3to2/4_0" slope="0.00"/>
    </timestep>
    <timestep time="750.00">
        <vehicle id="0" x="398.35" y="482.62" angle="0.00" type="DEFAULT_VEHTYPE" speed="13.77" pos="112.63" lane="2/3to2/2_0" slope="0.00"/>
        <vehicle id="1" x="216.90" y="401.65" angle="-90.00" type="DEFAULT_VEHTYPE" speed="9.23" pos="178.35" lane="2/2to1/2_0" slope="0.00"/>
        <vehicle id="17" x="306.36" y="401.65" angle="-90.00" type="DEFAULT_VEHTYPE" speed="12.78" pos="88.89" lane="2/2to1/2_0" slope="0.00"/>
        <vehicle id="18" x="354.49" y="401.65" angle="-90.00" type="DEFAULT_VEHTYPE" speed="13.23" pos="40.76" lane="2/2to1/2_0" slope="0.00"/>
        <vehicle id="21" x="398.35" y="649.99" angle="0.00" type="DEFAULT_VEHTYPE" speed="13.46" pos="150.01" lane="2/4to2/3_0" slope="0.00"/>
        <vehicle id="22" x="120.75" y="201.65" angle="-90.00" type="DEFAULT_VEHTYPE" speed="12.82" pos="74.50" lane="1/1to0/1_0" slope="0.00"/>
        <vehicle id="24" x="201.65" y="478.62" angle="180.00" type="DEFAULT_VEHTYPE" speed="13.43" pos="73.87" lane="1/2to1/3_0" slope="0.00"/>
        <vehicle id="26" x="192.71" y="398.35" angle="90.00" type="DEFAULT_VEHTYPE" speed="0.04" pos="192.71" lane="0/2to1/2_0" slope="0.00"/>
        <vehicle id="28" x="398.35" y="413.16" angle="0.00" type="DEFAULT_VEHTYPE" speed="13.18" pos="182.09" lane="2/3to2/2_0" slope="0.00"/>
        <vehicle id="32" x="183.82" y="401.65" angle="-90.00" type="DEFAULT_VEHTYPE" speed="11.35" pos="11.43" lane="1/2to0/2_0" slope="0.00"/>
        <vehicle id="35" x="396.17" y="598.48" angle="91.51" type="DEFAULT_VEHTYPE" speed="5.68" pos="0.93" lane=":2/3_14_0" slope="0.00"/>
        <vehicle id="37" x="601.65" y="420.97" angle="180.00" type="DEFAULT_VEHTYPE" speed="13.36" pos="16.22" lane="3/2to3/3_0" slope="0.00"/>
        <vehicle id="38" x="398.35" y="327.42" angle="0.00" type="DEFAULT_VEHTYPE" speed="12.60" pos="67.83" lane="2/2to2/1_0" slope="0.00"/>
        <vehicle id="41" x="398.35" y="277.31" angle="0.00" type="DEFAULT_VEHTYPE" speed="13.22" pos="117.94" lane="2/2to2/1_0" slope="0.00"/>
        <vehicle id="44" x="201.65" y="373.57" angle="180.00" type="DEFAULT_VEHTYPE" speed="13.50" pos="168.82" lane="1/1to1/2_0" slope="0.00"/>
        <vehicle id="48" x="132.58" y="398.35" angle="90.00" type="DEFAULT_VEHTYPE" speed="13.79" pos="132.58" lane="0/2to1/2_0" slope="0.00"/>
        <vehicle id="5" x="289.27" y="598.35" angle="90.00" type="DEFAULT_VEHTYPE" speed="13.35" pos="84.52" lane="1/3to2/3_0" slope="0.00"/>
        <vehicle id="7" x="398.35" y="449.39" angle="0.00" type="DEFAULT_VEHTYPE" speed="12.74" pos="145.86" lane="2/3to2/2_0" slope="0.00"/>
        <vehicle id="8" x="401.65" y="669.69" angle="180.00" type="DEFAULT_VEHTYPE" speed="13.03" pos="64.94" lane="2/3to2/4_0" slope="0.00"/>
    </timestep>
    <timestep time="751.00">
        <vehicle id="0" x="398.35" y="469.57" angle="0.00" type="DEFAULT_VEHTYPE" speed="13.06" pos="125.68" lane="2/3to2/2_0" slope="0.00"/>
        <vehicle id="1" x="212.13" y="401.65" angle="-90.00" type="DEFAULT_VEHTYPE" speed="4.77" pos="183.12" lane="2/2to1/2_0" slope="0.00"/>
        <vehicle id="17" x="292.49" y="401.65" angle="-90.00" type="DEFAULT_VEHTYPE" speed="13.87" pos="102.76" lane="2/2to1/2_0" slope="0.00"/>
        <vehicle id="18" x="341.20" y="401.65" angle="-90.00" type="DEFAULT_VEHTYPE" speed="13.29" pos="54.05" lane="2/2to1/2_0" slope="0.00"/>
        <vehicle id="21" x="398.35" y="636.20" angle="0.00" type="DEFAULT_VEHTYPE" speed="13.80" pos="163.80" lane="2/4to2/3_0" slope="0.00"/>
        <vehicle id="22" x="107.18" y="201.65" angle="-90.00" type="DEFAULT_VEHTYPE" speed="13.58" pos="88.07" lane="1/1to0/1_0" slope="0.00"/>
        <vehicle id="24" x="201.65" y="492.17" angle="180.00" type="DEFAULT_VEHTYPE" speed="13.55" pos="87.42" lane="1/2to1/3_0" slope="0.00"/>
        <vehicle id="26" x="192.74" y="398.35" angle="90.00" type="DEFAULT_VEHTYPE" speed="0.02" pos="192.74" lane="0/2to1/2_0" slope="0.00"/>
        <vehicle id="28" x="398.35" y="399.89" angle="0.00" type="DEFAULT_VEHTYPE" speed="13.27" pos="4.86" lane=":2/2_1_0" slope="0.00"/>
        <vehicle id="32" x="171.06" y="401.65" angle="-90.00" type="DEFAULT_VEHTYPE" speed="12.76" pos="24.19" lane="1/2to0/2_0" slope="0.00"/>
        <vehicle id="35" x="401.36" y="602.74" angle="142.13" type="DEFAULT_VEHTYPE" speed="7.36" pos="8.29" lane=":2/3_14_0" slope="0.00"/>
        <vehicle id="37" x="601.65" y="434.75" angle="180.00" type="DEFAULT_VEHTYPE" speed="13.78" pos="30.00" lane="3/2to3/3_0" slope="0.00"/>
        <vehicle id="38" x="398.35" y="314.22" angle="0.00" type="DEFAULT_VEHTYPE" speed="13.20" pos="81.03" lane="2/2to2/1_0" slope="0.00"/>
        <vehicle id="41" x="398.35" y="264.33" angle="0.00" type="DEFAULT_VEHTYPE" speed="12.98" pos="130.92" lane="2/2to2/1_0" slope="0.00"/>
        <vehicle id="44" x="201.65" y="387.19" angle="180.00" type="DEFAULT_VEHTYPE" speed="13.63" pos="182.44" lane="1/1to1/2_0" slope="0.00"/>
        <vehicle id="48" x="146.26" y="398.35" angle="90.00" type="DEFAULT_VEHTYPE" speed="13.68" pos="146.26" lane="0/2to1/2_0" slope="0.00"/>
        <vehicle id="5" x="302.67" y="598.35" angle="90.00" type="DEFAULT_VEHTYPE" speed="13.40" pos="97.92" lane="1/3to2/3_0" slope="0.00"/>
        <vehicle id="7" x="398.35" y="436.13" angle="0.00" type="DEFAULT_VEHTYPE" speed="13.26" pos="159.12" lane="2/3to2/2_0" slope="0.00"/>
        <vehicle id="8" x="401.65" y="683.38" angle="180.00" type="DEFAULT_VEHTYPE" speed="13.69" pos="78.63" lane="2/3to2/4_0" slope="0.00"/>
    </timestep>
    <timestep time="752.00">
        <vehicle id="0" x="398.35" y="456.43" angle="0.00" type="DEFAULT_VEHTYPE" speed="13.14" pos="138.82" lane="2/3to2/2_0" slope="0.00"/>
        <vehicle id="1" x="209.80" y="401.65" angle="-90.00" type="DEFAULT_VEHTYPE" speed="2.33" pos="185.45" lane="2/2to1/2_0" slope="0.00"/>
        <vehicle id="17" x="279.28" y="401.65" angle="-90.00" type="DEFAULT_VEHTYPE" speed="13.21" pos="115.97" lane="2/2to1/2_0" slope="0.00"/>
        <vehicle id="18" x="327.72" y="401.65" angle="-90.00" type="DEFAULT_VEHTYPE" speed="13.48" pos="67.53" lane="2/2to1/2_0" slope="0.00"/>
        <vehicle id="21" x="398.35" y="623.00" angle="0.00" type="DEFAULT_VEHTYPE" speed="13.20" pos="177.00" lane="2/4to2/3_0" slope="0.00"/>
        <vehicle id="22" x="93.47" y="201.65" angle="-90.00" type="DEFAULT_VEHTYPE" speed="13.71" pos="101.78" lane="1/1to0/1_0" slope="0.00"/>
        <vehicle id="24" x="201.65" y="505.84" angle="180.00" type="DEFAULT_VEHTYPE" speed="13.67" pos="101.09" lane="1/2to1/3_0" slope="0.00"/>
        <vehicle id="26" x="192.75" y="398.35" angle="90.00" type="DEFAULT_VEHTYPE" speed="0.01" pos="192.75" lane="0/2to1/2_0" slope="0.00"/>
        <vehicle id="28" x="398.35" y="387.05" angle="0.00" type="DEFAULT_VEHTYPE" speed="12.84" pos="8.20" lane="2/2to2/1_0" slope="0.00"/>
        <vehicle id="32" x="158.30" y="401.65" angle="-90.00" type="DEFAULT_VEHTYPE" speed="12.76" pos="36.95" lane="1/2to0/2_0" slope="0.00"/>
        <vehicle id="35" x="401.65" y="611.54" angle="180.00" type="DEFAULT_VEHTYPE" speed="8.82" pos="6.79" lane="2/3to2/4_0" slope="0.00"/>
        <vehicle id="37" x="601.65" y="447.93" angle="180.00" type="DEFAULT_VEHTYPE" speed="13.18" pos="43.18" lane="3/2to3/3_0" slope="0.00"/>
        <vehicle id="38" x="398.35" y="300.53" angle="0.00" type="DEFAULT_VEHTYPE" speed="13.69" pos="94.72" lane="2/2to2/1_0" slope="0.00"/>
        <vehicle id="41" x="398.35" y="251.31" angle="0.00" type="DEFAULT_VEHTYPE" speed="13.02" pos="143.94" lane="2/2to2/1_0" slope="0.00"/>
        <vehicle id="44" x="201.65" y="400.02" angle="180.00" type="DEFAULT_VEHTYPE" speed="12.82" pos="4.77" lane=":1/2_9_0" slope="0.00"/>
        <vehicle id="48" x="159.12" y="398.35" angle="90.00" type="DEFAULT_VEHTYPE" speed="12.86" pos="159.12" lane="0/2to1/2_0" slope="0.00"/>
        <vehicle id="5" x="316.46" y="598.35" angle="90.00" type="DEFAULT_VEHTYPE" speed="13.80" pos="111.71" lane="1/3to2/3_0" slope="0.00"/>
        <vehicle id="7" x="398.35" y="422.73" angle="0.00" type="DEFAULT_VEHTYPE" speed="13.40" pos="172.52" lane="2/3to2/2_0" slope="0.00"/>
        <vehicle id="8" x="401.65" y="696.26" angle="180.00" type="DEFAULT_VEHTYPE" speed="12.88" pos="91.51" lane="2/3to2/4_0" slope="0.00"/>
    </timestep>
    <timestep time="753.00">
        <vehicle id="0" x="398.35" y="443.14" angle="0.00" type="DEFAULT_VEHTYPE" speed="13.30" pos="152.11" lane="2/3to2/2_0" slope="0.00"/>
        <vehicle id="1" x="206.06" y="401.65" angle="-90.00" type="DEFAULT_VEHTYPE" speed="3.75" pos="189.19" lane="2/2to1/2_0" slope="0.00"/>
        <vehicle id="17" x="265.61" y="401.65" angle="-90.00" type="DEFAULT_VEHTYPE" speed="13.67" pos="129.64" lane="2/2to1/2_0" slope="0.00"/>
        <vehicle id="18" x="314.92" y="401.65" angle="-90.00" type="DEFAULT_VEHTYPE" speed="12.81" pos="80.33" lane="2/2to1/2_0" slope="0.00"/>
        <vehicle id="21" x="398.35" y="609.69" angle="0.00" type="DEFAULT_VEHTYPE" speed="13.31" pos="190.31" lane="2/4to2/3_0" slope="0.00"/>
        <vehicle id="22" x="79.89" y="201.65" angle="-90.00" type="DEFAULT_VEHTYPE" speed="13.58" pos="115.36" lane="1/1to0/1_0" slope="0.00"/>
        <vehicle id="24" x="201.65" y="519.42" angle="180.00" type="DEFAULT_VEHTYPE" speed="13.58" pos="114.67" lane="1/2to1/3_0" slope="0.00"/>
        <vehicle id="26" x="192.75" y="398.35" angle="90.00" type="DEFAULT_VEHTYPE" speed="0.00" pos="192.75" lane="0/2to1/2_0" slope="0.00"/>
        <vehicle id="28" x="398.35" y="373.49" angle="0.00" type="DEFAULT_VEHTYPE" speed="13.56" pos="21.76" lane="2/2to2/1_0" slope="0.00"/>
        <vehicle id="32" x="145.11" y="401.65" angle="-90.00" type="DEFAULT_VEHTYPE" speed="13.18" pos="50.14" lane="1/2to0/2_0" slope="0.00"/>
        <vehicle id="35" x="401.65" y="621.86" angle="180.00" type="DEFAULT_VEHTYPE" speed="10.32" pos="17.11" lane="2/3to2/4_0" slope="0.00"/>
        <vehicle id="37" x="601.65" y="461.35" angle="180.00" type="DEFAULT_VEHTYPE" speed="13.42" pos="56.60" lane="3/2to3/3_0" slope="0.00"/>
        <vehicle id="38" x="398.35" y="286.98" angle="0.00" type="DEFAULT_VEHTYPE" speed="13.55" pos="108.27" lane="2/2to2/1_0" slope="0.00"/>
        <vehicle id="41" x="398.35" y="238.53" angle="0.00" type="DEFAULT_VEHTYPE" speed="12.78" pos="156.72" lane="2/2to2/1_0" slope="0.00"/>
        <vehicle id="44" x="201.65" y="413.04" angle="180.00" type="DEFAULT_VEHTYPE" speed="13.02" pos="8.29" lane="1/2to1/3_0" slope="0.00"/>
        <vehicle id="48" x="170.26" y="398.35" angle="90.00" type="DEFAULT_VEHTYPE" speed="11.14" pos="170.26" lane="0/2to1/2_0" slope="0.00"/>
        <vehicle id="5" x="329.83" y="598.35" angle="90.00" type="DEFAULT_VEHTYPE" speed="13.37" pos="125.08" lane="1/3to2/3_0" slope="0.00"/>
        <vehicle id="7" x="398.35" y="409.92" angle="0.00" type="DEFAULT_VEHTYPE" speed="12.81" pos="185.33" lane="2/3to2/2_0" slope="0.00"/>
        <vehicle id="8" x="401.65" y="708.90" angle="180.00" type="DEFAULT_VEHTYPE" speed="12.64" pos="104.15" lane="2/3to2/4_0" slope="0.00"/>
    </timestep>
    <timestep time="754.00">
        <vehicle id="0" x="398.35" y="430.20" angle="0.00" type="DEFAULT_VEHTYPE" speed="12.93" pos="165.05" lane="2/3to2/2_0" slope="0.00"/>
        <vehicle id="1" x="200.85" y="400.59" angle="-77.52" type="DEFAULT_VEHTYPE" speed="5.42" pos="4.11" lane=":1/2_6_0" slope="0.00"/>
        <vehicle id="17" x="252.27" y="401.65" angle="-90.00" type="DEFAULT_VEHTYPE" speed="13.35" pos="142.98" lane="2/2to1/2_0" slope="0.00"/>
        <vehicle id="18" x="301.19" y="401.65" angle="-90.00" type="DEFAULT_VEHTYPE" speed="13.73" pos="94.06" lane="2/2to1/2_0" slope="0.00"/>
        <vehicle id="21" x="398.35" y="596.65" angle="0.00" type="DEFAULT_VEHTYPE" speed="13.03" pos="8.10" lane=":2/3_1_0" slope="0.00"/>
        <vehicle id="22" x="66.53" y="201.65" angle="-90.00" type="DEFAULT_VEHTYPE" speed="13.36" pos="128.72" lane="1/1to0/1_0" slope="0.00"/>
        <vehicle id="24" x="201.65" y="532.09" angle="180.00" type="DEFAULT_VEHTYPE" speed="12.67" pos="127.34" lane="1/2to1/3_0" slope="0.00"/>
        <vehicle id="26" x="194.51" y="398.35" angle="90.00" type="DEFAULT_VEHTYPE" speed="1.76" pos="194.51" lane="0/2to1/2_0" slope="0.00"/>
        <vehicle id="28" x="398.35" y="359.75" angle="0.00" type="DEFAULT_VEHTYPE" speed="13.74" pos="35.50" lane="2/2to2/1_0" slope="0.00"/>
        <vehicle id="32" x="131.64" y="401.65" angle="-90.00" type="DEFAULT_VEHTYPE" speed="13.47" pos="63.61" lane="1/2to0/2_0" slope="0.00"/>
        <vehicle id="35" x="401.65" y="634.20" angle="180.00" type="DEFAULT_VEHTYPE" speed="12.34" pos="29.45" lane="2/3to2/4_0" slope="0.00"/>
        <vehicle id="37" x="601.65" y="474.39" angle="180.00" type="DEFAULT_VEHTYPE" speed="13.04" pos="69.64" lane="3/2to3/3_0" slope="0.00"/>
        <vehicle id="38" x="398.35" y="273.65" angle="0.00" type="DEFAULT_VEHTYPE" speed="13.32" pos="121.60" lane="2/2to2/1_0" slope="0.00"/>
        <vehicle id="41" x="398.35" y="225.16" angle="0.00" type="DEFAULT_VEHTYPE" speed="13.37" pos="170.09" lane="2/2to2/1_0" slope="0.00"/>
        <vehicle id="44" x="201.65" y="426.53" angle="180.00" type="DEFAULT_VEHTYPE" speed="13.49" pos="21.78" lane="1/2to1/3_0" slope="0.00"/>
        <vehicle id="48" x="177.75" y="398.35" angle="90.00" type="DEFAULT_VEHTYPE" speed="7.50" pos="177.75" lane="0/2to1/2_0" slope="0.00"/>
        <vehicle id="5" x="342.58" y="598.35" angle="90.00" type="DEFAULT_VEHTYPE" speed="12.74" pos="137.83" lane="1/3to2/3_0" slope="0.00"/>
        <vehicle id="7" x="392.42" y="401.65" angle="-82.95" type="DEFAULT_VEHTYPE" speed="13.00" pos="2.83" lane="2/2to1/2_0" slope="0.00"/>
        <vehicle id="8" x="401.65" y="721.81" angle="180.00" type="DEFAULT_VEHTYPE" speed="12.92" pos="117.06" lane="2/3to2/4_0" slope="0.00"/>
    </timestep>
    <timestep time="755.00">
        <vehicle id="0" x="398.35" y="416.87" angle="0.00" type="DEFAULT_VEHTYPE" speed="13.33" pos="178.38" lane="2/3to2/2_0" slope="0.00"/>
        <vehicle id="1" x="198.35" y="394.34" angle="-12.37" type="DEFAULT_VEHTYPE" speed="7.12" pos="0.91" lane="1/2to1/1_0" slope="0.00"/>
        <vehicle id="17" x="238.90" y="401.65" angle="-90.00" type="DEFAULT_VEHTYPE" speed="13.36" pos="156.35" lane="2/2to1/2_0" slope="0.00"/>
        <vehicle id="18" x="288.56" y="401.65" angle="-90.00" type="DEFAULT_VEHTYPE" speed="12.63" pos="106.69" lane="2/2to1/2_0" slope="0.00"/>
        <vehicle id="21" x="398.35" y="583.53" angle="0.00" type="DEFAULT_VEHTYPE" speed="13.12" pos="11.72" lane="2/3to2/2_0" slope="0.00"/>
        <vehicle id="22" x="53.50" y="201.65" angle="-90.00" type="DEFAULT_VEHTYPE" speed="13.04" pos="141.75" lane="1/1to0/1_0" slope="0.00"/>
        <vehicle id="24" x="201.65" y="545.68" angle="180.00" type="DEFAULT_VEHTYPE" speed="13.59" pos="140.93" lane="1/2to1/3_0" slope="0.00"/>
        <vehicle id="26" x="198.62" y="399.09" angle="98.65" type="DEFAULT_VEHTYPE" speed="4.24" pos="3.49" lane=":1/2_14_0" slope="0.00"/>
        <vehicle id="28" x="398.35" y="347.09" angle="0.00" type="DEFAULT_VEHTYPE" speed="12.65" pos="48.16" lane="2/2to2/1_0" slope="0.00"/>
        <vehicle id="32" x="118.58" y="401.65" angle="-90.00" type="DEFAULT_VEHTYPE" speed="13.06" pos="76.67" lane="1/2to0/2_0" slope="0.00"/>
        <vehicle id="35" x="401.65" y="647.22" angle="180.00" type="DEFAULT_VEHTYPE" speed="13.02" pos="42.47" lane="2/3to2/4_0" slope="0.00"/>
        <vehicle id="37" x="601.65" y="487.90" angle="180.00" type="DEFAULT_VEHTYPE" speed="13.51" pos="83.15" lane="3/2to3/3_0" slope="0.00"/>
        <vehicle id="38" x="398.35" y="260.18" angle="0.00" type="DEFAULT_VEHTYPE" speed="13.47" pos="135.07" lane="2/2to2/1_0" slope="0.00"/>
        <vehicle id="41" x="398.35" y="212.10" angle="0.00" type="DEFAULT_VEHTYPE" speed="13.06" pos="183.15" lane="2/2to2/1_0" slope="0.00"/>
        <vehicle id="44" x="201.65" y="439.75" angle="180.00" type="DEFAULT_VEHTYPE" speed="13.22" pos="35.00" lane="1/2to1/3_0" slope="0.00"/>
        <vehicle id="48" x="182.47" y="398.35" angle="90.00" type="DEFAULT_VEHTYPE" speed="4.71" pos="182.47" lane="0/2to1/2_0" slope="0.00"/>
        <vehicle id="5" x="355.76" y="598.35" angle="90.00" type="DEFAULT_VEHTYPE" speed="13.18" pos="151.01" lane="1/3to2/3_0" slope="0.00"/>
        <vehicle id="7" x="379.58" y="401.65" angle="-90.00" type="DEFAULT_VEHTYPE" speed="12.85" pos="15.67" lane="2/2to1/2_0" slope="0.00"/>
        <vehicle id="8" x="401.65" y="734.46" angle="180.00" type="DEFAULT_VEHTYPE" speed="12.65" pos="129.71" lane="2/3to2/4_0" slope="0.00"/>
    </timestep>
    <timestep time="756.00">
        <vehicle id="0" x="397.97" y="403.07" angle="-4.43" type="DEFAULT_VEHTYPE" speed="13.87" pos="1.75" lane=":2/2_0_0" slope="0.00"/>
        <vehicle id="1" x="198.35" y="385.92" angle="0.00" type="DEFAULT_VEHTYPE" speed="8.42" pos="9.33" lane="1/2to1/1_0" slope="0.00"/>
        <vehicle id="17" x="227.15" y="401.65" angle="-90.00" type="DEFAULT_VEHTYPE" speed="11.75" pos="168.10" lane="2/2to1/2_0" slope="0.00"/>
        <vehicle id="18" x="275.79" y="401.65" angle="-90.00" type="DEFAULT_VEHTYPE" speed="12.77" pos="119.46" lane="2/2to1/2_0" slope="0.00"/>
        <vehicle id="21" x="398.35" y="569.68" angle="0.00" type="DEFAULT_VEHTYPE" speed="13.85" pos="25.57" lane="2/3to2/2_0" slope="0.00"/>
        <vehicle id="22" x="40.05" y="201.65" angle="-90.00" type="DEFAULT_VEHTYPE" speed="13.44" pos="155.20" lane="1/1to0/1_0" slope="0.00"/>
        <vehicle id="24" x="201.65" y="559.48" angle="180.00" type="DEFAULT_VEHTYPE" speed="13.80" pos="154.73" lane="1/2to1/3_0" slope="0.00"/>
        <vehicle id="26" x="201.53" y="403.92" angle="154.42" type="DEFAULT_VEHTYPE" speed="5.98" pos="9.48" lane=":1/2_14_0" slope="0.00"/>
        <vehicle id="28" x="398.35" y="333.36" angle="0.00" type="DEFAULT_VEHTYPE" speed="13.74" pos="61.89" lane="2/2to2/1_0" slope="0.00"/>
        <vehicle id="32" x="105.92" y="401.65" angle="-90.00" type="DEFAULT_VEHTYPE" speed="12.66" pos="89.33" lane="1/2to0/2_0" slope="0.00"/>
        <vehicle id="35" x="401.65" y="660.83" angle="180.00" type="DEFAULT_VEHTYPE" speed="13.62" pos="56.08" lane="2/3to2/4_0" slope="0.00"/>
        <vehicle id="37" x="601.65" y="501.20" angle="180.00" type="DEFAULT_VEHTYPE" speed="13.30" pos="96.45" lane="3/2to3/3_0" slope="0.00"/>
        <vehicle id="38" x="398.35" y="247.15" angle="0.00" type="DEFAULT_VEHTYPE" speed="13.04" pos="148.10" lane="2/2to2/1_0" slope="0.00"/>
        <vehicle id="41" x="394.96" y="201.65" angle="-50.06" type="DEFAULT_VEHTYPE" speed="12.65" pos="0.29" lane="2/1to1/1_0" slope="0.00"/>
        <vehicle id="44" x="201.65" y="453.29" angle="180.00" type="DEFAULT_VEHTYPE" speed="13.54" pos="48.54" lane="1/2to1/3_0" slope="0.00"/>
        <vehicle id="48" x="187.29" y="398.35" angle="90.00" type="DEFAULT_VEHTYPE" speed="4.82" pos="187.29" lane="0/2to1/2_0" slope="0.00"/>
        <vehicle id="5" x="368.69" y="598.35" angle="90.00" type="DEFAULT_VEHTYPE" speed="12.93" pos="163.94" lane="1/3to2/3_0" slope="0.00"/>
        <vehicle id="7" x="366.94" y="401.65" angle="-90.00" type="DEFAULT_VEHTYPE" speed="12.64" pos="28.31" lane="2/2to1/2_0" slope="0.00"/>
        <vehicle id="8" x="401.65" y="747.94" angle="180.00" type="DEFAULT_VEHTYPE" speed="13.48" pos="143.19" lane="2/3to2/4_0" slope="0.00"/>
    </timestep>
    <timestep time="757.00">
        <vehicle id="0" x="384.80" y="401.65" angle="-90.00" type="DEFAULT_VEHTYPE" speed="13.70" pos="10.45" lane="2/2to1/2_0" slope="0.00"/>
        <vehicle id="1" x="198.35" y="375.01" angle="0.00" type="DEFAULT_VEHTYPE" speed="10.91" pos="20.24" lane="1/2to1/1_0" slope="0.00"/>
        <vehicle id="17" x="217.89" y="401.65" angle="-90.00" type="DEFAULT_VEHTYPE" speed="9.27" pos="177.36" lane="2/2to1/2_0" slope="0.00"/>
        <vehicle id="18" x="262.82" y="401.65" angle="-90.00" type="DEFAULT_VEHTYPE" speed="12.97" pos="132.43" lane="2/2to1/2_0" slope="0.00"/>
        <vehicle id="21" x="398.35" y="556.24" angle="0.00" type="DEFAULT_VEHTYPE" speed="13.44" pos="39.01" lane="2/3to2/2_0" slope="0.00"/>
        <vehicle id="22" x="26.85" y="201.65" angle="-90.00" type="DEFAULT_VEHTYPE" speed="13.21" pos="168.40" lane="1/1to0/1_0" slope="0.00"/>
        <vehicle id="24" x="201.65" y="572.26" angle="180.00" type="DEFAULT_VEHTYPE" speed="12.78" pos="167.51" lane="1/2to1/3_0" slope="0.00"/>
        <vehicle id="26" x="201.65" y="411.57" angle="180.00" type="DEFAULT_VEHTYPE" speed="7.66" pos="6.82" lane="1/2to1/3_0" slope="0.00"/>
        <vehicle id="28" x="398.35" y="320.70" angle="0.00" type="DEFAULT_VEHTYPE" speed="12.65" pos="74.55" lane="2/2to2/1_0" slope="0.00"/>
        <vehicle id="32" x="92.13" y="401.65" angle="-90.00" type="DEFAULT_VEHTYPE" speed="13.79" pos="103.12" lane="1/2to0/2_0" slope="0.00"/>
        <vehicle id="35" x="401.65" y="674.20" angle="180.00" type="DEFAULT_VEHTYPE" speed="13.37" pos="69.45" lane="2/3to2/4_0" slope="0.00"/>
        <vehicle id="37" x="601.65" y="514.16" angle="180.00" type="DEFAULT_VEHTYPE" speed="12.96" pos="109.41" lane="3/2to3/3_0" slope="0.00"/>
        <vehicle id="38" x="398.35" y="234.54" angle="0.00" type="DEFAULT_VEHTYPE" speed="12.61" pos="160.71" lane="2/2to2/1_0" slope="0.00"/>
        <vehicle id="41" x="381.38" y="201.65" angle="-90.00" type="DEFAULT_VEHTYPE" speed="13.58" pos="13.87" lane="2/1to1/1_0" slope="0.00"/>
        <vehicle id="44" x="201.65" y="466.41" angle="180.00" type="DEFAULT_VEHTYPE" speed="13.12" pos="61.66" lane="1/2to1/3_0" slope="0.00"/>
        <vehicle id="48" x="190.95" y="398.35" angle="90.00" type="DEFAULT_VEHTYPE" speed="3.66" pos="190.95" lane="0/2to1/2_0" slope="0.00"/>
        <vehicle id="5" x="378.69" y="598.35" angle="90.00" type="DEFAULT_VEHTYPE" speed="10.00" pos="173.94" lane="1/3to2/3_0" slope="0.00"/>
        <vehicle id="7" x="354.25" y="401.65" angle="-90.00" type="DEFAULT_VEHTYPE" speed="12.69" pos="41.00" lane="2/2to1/2_0" slope="0.00"/>
        <vehicle id="8" x="401.65" y="761.59" angle="180.00" type="DEFAULT_VEHTYPE" speed="13.65" pos="156.84" lane="2/3to2/4_0" slope="0.00"/>
    </timestep>
    <timestep time="758.00">
        <vehicle id="0" x="371.74" y="401.65" angle="-90.00" type="DEFAULT_VEHTYPE" speed="13.05" pos="23.51" lane="2/2to1/2_0" slope="0.00"/>
        <vehicle id="1" x="198.35" y="362.20" angle="0.00" type="DEFAULT_VEHTYPE" speed="12.81" pos="33.05" lane="1/2to1/1_0" slope="0.00"/>
        <vehicle id="17" x="211.76" y="401.65" angle="-90.00" type="DEFAULT_VEHTYPE" speed="6.12" pos="183.49" lane="2/2to1/2_0" slope="0.00"/>
        <vehicle id="18" x="249.35" y="401.65" angle="-90.00" type="DEFAULT_VEHTYPE" speed="13.47" pos="145.90" lane="2/2to1/2_0" slope="0.00"/>
        <vehicle id="21" x="398.35" y="542.84" angle="0.00" type="DEFAULT_VEHTYPE" speed="13.40" pos="52.41" lane="2/3to2/2_0" slope="0.00"/>
        <vehicle id="22" x="14.00" y="201.65" angle="-90.00" type="DEFAULT_VEHTYPE" speed="12.84" pos="181.25" lane="1/1to0/1_0" slope="0.00"/>
        <vehicle id="24" x="201.65" y="585.29" angle="180.00" type="DEFAULT_VEHTYPE" speed="13.02" pos="180.54" lane="1/2to1/3_0" slope="0.00"/>
        <vehicle id="26" x="201.65" y="421.15" angle="180.00" type="DEFAULT_VEHTYPE" speed="9.58" pos="16.40" lane="1/2to1/3_0" slope="0.00"/>
        <vehicle id="28" x="398.35" y="307.25" angle="0.00" type="DEFAULT_VEHTYPE" speed="13.45" pos="88.00" lane="2/2to2/1_0" slope="0.00"/>
        <vehicle id="32" x="78.78" y="401.65" angle="-90.00" type="DEFAULT_VEHTYPE" speed="13.34" pos="116.47" lane="1/2to0/2_0" slope="0.00"/>
        <vehicle id="35" x="401.65" y="687.52" angle="180.00" type="DEFAULT_VEHTYPE" speed="13.32" pos="82.77" lane="2/3to2/4_0" slope="0.00"/>
        <vehicle id="37" x="601.65" y="528.00" angle="180.00" type="DEFAULT_VEHTYPE" speed="13.84" pos="123.25" lane="3/2to3/3_0" slope="0.00"/>
        <vehicle id="38" x="398.35" y="220.89" angle="0.00" type="DEFAULT_VEHTYPE" speed="13.65" pos="174.36" lane="2/2to2/1_0" slope="0.00"/>
        <vehicle id="41" x="367.54" y="201.65" angle="-90.00" type="DEFAULT_VEHTYPE" speed="13.84" pos="27.71" lane="2/1to1/1_0" slope="0.00"/>
        <vehicle id="44" x="201.65" y="479.58" angle="180.00" type="DEFAULT_VEHTYPE" speed="13.17" pos="74.83" lane="1/2to1/3_0" slope="0.00"/>
        <vehicle id="48" x="192.18" y="398.35" angle="90.00" type="DEFAULT_VEHTYPE" speed="1.23" pos="192.18" lane="0/2to1/2_0" slope="0.00"/>
        <vehicle id="5" x="385.18" y="598.35" angle="90.00" type="DEFAULT_VEHTYPE" speed="6.49" pos="180.43" lane="1/3to2/3_0" slope="0.00"/>
        <vehicle id="7" x="341.17" y="401.65" angle="-90.00" type="DEFAULT_VEHTYPE" speed="13.08" pos="54.08" lane="2/2to1/2_0" slope="0.00"/>
        <vehicle id="8" x="401.65" y="774.97" angle="180.00" type="DEFAULT_VEHTYPE" speed="13.38" pos="170.22" lane="2/3to2/4_0" slope="0.00"/>
    </timestep>
    <timestep time="759.00">
        <vehicle id="0" x="358.10" y="401.65" angle="-90.00" type="DEFAULT_VEHTYPE" speed="13.65" pos="37.15" lane="2/2to1/2_0" slope="0.00"/>
        <vehicle id="1" x="198.35" y="348.34" angle="0.00" type="DEFAULT_VEHTYPE" speed="13.86" pos="46.91" lane="1/2to1/1_0" slope="0.00"/>
        <vehicle id="17" x="209.06" y="401.65" angle="-90.00" type="DEFAULT_VEHTYPE" speed="2.70" pos="186.19" lane="2/2to1/2_0" slope="0.00"/>
        <vehicle id="18" x="235.94" y="401.65" angle="-90.00" type="DEFAULT_VEHTYPE" speed="13.41" pos="159.31" lane="2/2to1/2_0" slope="0.00"/>
        <vehicle id="21" x="398.35" y="529.81" angle="0.00" type="DEFAULT_VEHTYPE" speed="13.04" pos="65.44" lane="2/3to2/2_0" slope="0.00"/>
        <vehicle id="22" x="0.71" y="201.65" angle="-90.00" type="DEFAULT_VEHTYPE" speed="13.30" pos="194.54" lane="1/1to0/1_0" slope="0.00"/>
        <vehicle id="24" x="203.18" y="598.03" angle="160.83" type="DEFAULT_VEHTYPE" speed="13.35" pos="3.38" lane=":1/3_8_0" slope="0.00"/>
        <vehicle id="26" x="201.65" y="433.16" angle="180.00" type="DEFAULT_VEHTYPE" speed="12.00" pos="28.41" lane="1/2to1/3_0" slope="0.00"/>
        <vehicle id="28" x="398.35" y="293.72" angle="0.00" type="DEFAULT_VEHTYPE" speed="13.53" pos="101.53" lane="2/2to2/1_0" slope="0.00"/>
        <vehicle id="32" x="65.33" y="401.65" angle="-90.00" type="DEFAULT_VEHTYPE" speed="13.46" pos="129.92" lane="1/2to0/2_0" slope="0.00"/>
        <vehicle id="35" x="401.65" y="700.70" angle="180.00" type="DEFAULT_VEHTYPE" speed="13.17" pos="95.95" lane="2/3to2/4_0" slope="0.00"/>
        <vehicle id="37" x="601.65" y="540.84" angle="180.00" type="DEFAULT_VEHTYPE" speed="12.84" pos="136.09" lane="3/2to3/3_0" slope="0.00"/>
        <vehicle id="38" x="398.35" y="208.07" angle="0.00" type="DEFAULT_VEHTYPE" speed="12.82" pos="187.18" lane="2/2to2/1_0" slope="0.00"/>
        <vehicle id="41" x="354.85" y="201.65" angle="-90.00" type="DEFAULT_VEHTYPE" speed="12.69" pos="40.40" lane="2/1to1/1_0" slope="0.00"/>
        <vehicle id="44" x="201.65" y="492.27" angle="180.00" type="DEFAULT_VEHTYPE" speed="12.69" pos="87.52" lane="1/2to1/3_0" slope="0.00"/>
        <vehicle id="48" x="192.51" y="398.35" angle="90.00" type="DEFAULT_VEHTYPE" speed="0.33" pos="192.51" lane="0/2to1/2_0" slope="0.00"/>
        <vehicle id="5" x="389.00" y="598.35" angle="90.00" type="DEFAULT_VEHTYPE" speed="3.82" pos="184.25" lane="1/3to2/3_0" slope="0.00"/>
        <vehicle id="7" x="328.11" y="401.65" angle="-90.00" type="DEFAULT_VEHTYPE" speed="13.06" pos="67.14" lane="2/2to1/2_0" slope="0.00"/>
        <vehicle id="8" x="401.65" y="788.30" angle="180.00" type="DEFAULT_VEHTYPE" speed="13.33" pos="183.55" lane="2/3to2/4_0" slope="0.00"/>
    </timestep>
    <timestep time="760.00">
        <vehicle id="0" x="344.56" y="401.65" angle="-90.00" type="DEFAULT_VEHTYPE" speed="13.54" pos="50.69" lane="2/2to1/2_0" slope="0.00"/>
        <vehicle id="1" x="198.35" y="335.48" angle="0.00" type="DEFAULT_VEHTYPE" speed="12.86" pos="59.77" lane="1/2to1/1_0" slope="0.00"/>
        <vehicle id="17" x="203.96" y="401.65" angle="-90.00" type="DEFAULT_VEHTYPE" speed="5.10" pos="0.79" lane=":1/2_5_0" slope="0.00"/>
        <vehicle id="18" x="226.99" y="401.65" angle="-90.00" type="DEFAULT_VEHTYPE" speed="8.94" pos="168.26" lane="2/2to1/2_0" slope="0.00"/>
        <vehicle id="21" x="398.35" y="516.96" angle="0.00" type="DEFAULT_VEHTYPE" speed="12.84" pos="78.29" lane="2/3to2/2_0" slope="0.00"/>
        <vehicle id="22" x="8.10" y="198.35" angle="90.00" type="DEFAULT_VEHTYPE" speed="13.62" pos="8.10" lane="0/1to1/1_0" slope="0.00"/>
        <vehicle id="24" x="215.97" y="598.35" angle="90.00" type="DEFAULT_VEHTYPE" speed="12.83" pos="11.22" lane="1/3to2/3_0" slope="0.00"/>
        <vehicle id="26" x="201.65" y="446.52" angle="180.00" type="DEFAULT_VEHTYPE" speed="13.36" pos="41.77" lane="1/2to1/3_0" slope="0.00"/>
        <vehicle id="28" x="398.35" y="280.36" angle="0.00" type="DEFAULT_VEHTYPE" speed="13.36" pos="114.89" lane="2/2to2/1_0" slope="0.00"/>
        <vehicle id="32" x="52.53" y="401.65" angle="-90.00" type="DEFAULT_VEHTYPE" speed="12.80" pos="142.72" lane="1/2to0/2_0" slope="0.00"/>
        <vehicle id="35" x="401.65" y="713.84" angle="180.00" type="DEFAULT_VEHTYPE" speed="13.14" pos="109.09" lane="2/3to2/4_0" slope="0.00"/>
        <vehicle id="37" x="601.65" y="554.44" angle="180.00" type="DEFAULT_VEHTYPE" speed="13.60" pos="149.69" lane="3/2to3/3_0" slope="0.00"/>
        <vehicle id="38" x="398.35" y="195.15" angle="0.00" type="DEFAULT_VEHTYPE" speed="12.92" pos="0.10" lane="2/1to2/0_0" slope="0.00"/>
        <vehicle id="41" x="341.18" y="201.65" angle="-90.00" type="DEFAULT_VEHTYPE" speed="13.67" pos="54.07" lane="2/1to1/1_0" slope="0.00"/>
        <vehicle id="44" x="201.65" y="505.67" angle="180.00" type="DEFAULT_VEHTYPE" speed="13.40" pos="100.92" lane="1/2to1/3_0" slope="0.00"/>
        <vehicle id="48" x="192.71" y="398.35" angle="90.00" type="DEFAULT_VEHTYPE" speed="0.20" pos="192.71" lane="0/2to1/2_0" slope="0.00"/>
        <vehicle id="5" x="395.31" y="598.36" angle="90.10" type="DEFAULT_VEHTYPE" speed="6.32" pos="0.06" lane=":2/3_14_0" slope="0.00"/>
        <vehicle id="7" x="315.31" y="401.65" angle="-90.00" type="DEFAULT_VEHTYPE" speed="12.80" pos="79.94" lane="2/2to1/2_0" slope="0.00"/>
        <vehicle id="8" x="400.62" y="801.34" angle="-167.47" type="DEFAULT_VEHTYPE" speed="13.42" pos="1.72" lane=":2/4_0_0" slope="0.00"/>
    </timestep>
    <timestep time="761.00">
        <vehicle id="0" x="331.53" y="401.65" angle="-90.00" type="DEFAULT_VEHTYPE" speed="13.03" pos="63.72" lane="2/2to1/2_0" slope="0.00"/>
        <vehicle id="1" x="198.35" y="322.13" angle="0.00" type="DEFAULT_VEHTYPE" speed="13.35" pos="73.12" lane="1/2to1/1_0" slope="0.00"/>
        <vehicle id="17" x="197.45" y="401.65" angle="-90.00" type="DEFAULT_VEHTYPE" speed="6.52" pos="7.30" lane=":1/2_5_0" slope="0.00"/>
        <vehicle id="18" x="218.72" y="401.65" angle="-90.00" type="DEFAULT_VEHTYPE" speed="8.28" pos="176.53" lane="2/2to1/2_0" slope="0.00"/>
        <vehicle id="21" x="398.35" y="503.42" angle="0.00" type="DEFAULT_VEHTYPE" speed="13.54" pos="91.83" lane="2/3to2/2_0" slope="0.00"/>
        <vehicle id="22" x="20.97" y="198.35" angle="90.00" type="DEFAULT_VEHTYPE" speed="12.88" pos="20.97" lane="0/1to1/1_0" slope="0.00"/>
        <vehicle id="24" x="229.69" y="598.35" angle="90.00" type="DEFAULT_VEHTYPE" speed="13.72" pos="24.94" lane="1/3to2/3_0" slope="0.00"/>
        <vehicle id="26" x="201.65" y="459.60" angle="180.00" type="DEFAULT_VEHTYPE" speed="13.08" pos="54.85" lane="1/2to1/3_0" slope="0.00"/>
        <vehicle id="28" x="398.35" y="266.49" angle="0.00" type="DEFAULT_VEHTYPE" speed="13.87" pos="128.76" lane="2/2to2/1_0" slope="0.00"/>
        <vehicle id="32" x="38.80" y="401.65" angle="-90.00" type="DEFAULT_VEHTYPE" speed="13.73" pos="156.45" lane="1/2to0/2_0" slope="0.00"/>
        <vehicle id="35" x="401.65" y="726.69" angle="180.00" type="DEFAULT_VEHTYPE" speed="12.85" pos="121.94" lane="2/3to2/4_0" slope="0.00"/>
        <vehicle id="37" x="601.65" y="567.76" angle="180.00" type="DEFAULT_VEHTYPE" speed="13.32" pos="163.01" lane="3/2to3/3_0" slope="0.00"/>
        <vehicle id="38" x="398.35" y="182.40" angle="0.00" type="DEFAULT_VEHTYPE" speed="12.75" pos="12.85" lane="2/1to2/0_0" slope="0.00"/>
        <vehicle id="41" x="327.48" y="201.65" angle="-90.00" type="DEFAULT_VEHTYPE" speed="13.70" pos="67.77" lane="2/1to1/1_0" slope="0.00"/>
        <vehicle id="44" x="201.65" y="519.09" angle="180.00" type="DEFAULT_VEHTYPE" speed="13.42" pos="114.34" lane="1/2to1/3_0" slope="0.00"/>
        <vehicle id="48" x="192.74" y="398.35" angle="90.00" type="DEFAULT_VEHTYPE" speed="0.02" pos="192.74" lane="0/2to1/2_0" slope="0.00"/>
        <vehicle id="5" x="401.42" y="603.17" angle="146.67" type="DEFAULT_VEHTYPE" speed="8.67" pos="8.73" lane=":2/3_14_0" slope="0.00"/>
        <vehicle id="7" x="301.98" y="401.65" angle="-90.00" type="DEFAULT_VEHTYPE" speed="13.33" pos="93.27" lane="2/2to1/2_0" slope="0.00"/>
        <vehicle id="8" x="398.35" y="789.32" angle="0.00" type="DEFAULT_VEHTYPE" speed="13.78" pos="10.68" lane="2/4to2/3_0" slope="0.00"/>
    </timestep>
    <timestep time="762.00">
        <vehicle id="0" x="318.19" y="401.65" angle="-90.00" type="DEFAULT_VEHTYPE" speed="13.33" pos="77.06" lane="2/2to1/2_0" slope="0.00"/>
        <vehicle id="1" x="198.35" y="308.45" angle="0.00" type="DEFAULT_VEHTYPE" speed="13.68" pos="86.80" lane="1/2to1/1_0" slope="0.00"/>
        <vehicle id="17" x="188.71" y="401.65" angle="-90.00" type="DEFAULT_VEHTYPE" speed="8.74" pos="6.54" lane="1/2to0/2_0" slope="0.00"/>
        <vehicle id="18" x="212.79" y="401.65" angle="-90.00" type="DEFAULT_VEHTYPE" speed="5.92" pos="182.46" lane="2/2to1/2_0" slope="0.00"/>
        <vehicle id="21" x="398.35" y="490.49" angle="0.00" type="DEFAULT_VEHTYPE" speed="12.93" pos="104.76" lane="2/3to2/2_0" slope="0.00"/>
        <vehicle id="22" x="33.93" y="198.35" angle="90.00" type="DEFAULT_VEHTYPE" speed="12.96" pos="33.93" lane="0/1to1/1_0" slope="0.00"/>
        <vehicle id="24" x="243.40" y="598.35" angle="90.00" type="DEFAULT_VEHTYPE" speed="13.71" pos="38.65" lane="1/3to2/3_0" slope="0.00"/>
        <vehicle id="26" x="201.65" y="473.36" angle="180.00" type="DEFAULT_VEHTYPE" speed="13.76" pos="68.61" lane="1/2to1/3_0" slope="0.00"/>
        <vehicle id="28" x="398.35" y="252.89" angle="0.00" type="DEFAULT_VEHTYPE" speed="13.60" pos="142.36" lane="2/2to2/1_0" slope="0.00"/>
        <vehicle id="32" x="25.12" y="401.65" angle="-90.00" type="DEFAULT_VEHTYPE" speed="13.68" pos="170.13" lane="1/2to0/2_0" slope="0.00"/>
        <vehicle id="35" x="401.65" y="739.77" angle="180.00" type="DEFAULT_VEHTYPE" speed="13.08" pos="135.02" lane="2/3to2/4_0" slope="0.00"/>
        <vehicle id="37" x="601.65" y="580.96" angle="180.00" type="DEFAULT_VEHTYPE" speed="13.20" pos="176.21" lane="3/2to3/3_0" slope="0.00"/>
        <vehicle id="38" x="398.35" y="169.30" angle="0.00" type="DEFAULT_VEHTYPE" speed="13.09" pos="25.95" lane="2/1to2/0_0" slope="0.00"/>
        <vehicle id="41" x="314.21" y="201.65" angle="-90.00" type="DEFAULT_VEHTYPE" speed="13.27" pos="81.04" lane="2/1to1/1_0" slope="0.00"/>
        <vehicle id="44" x="201.65" y="532.88" angle="180.00" type="DEFAULT_VEHTYPE" speed="13.79" pos="128.13" lane="1/2to1/3_0" slope="0.00"/>
        <vehicle id="48" x="192.75" y="398.35" angle="90.00" type="DEFAULT_VEHTYPE" speed="0.01" pos="192.75" lane="0/2to1/2_0" slope="0.00"/>
        <vehicle id="5" x="401.65" y="614.05" angle="180.00" type="DEFAULT_VEHTYPE" speed="10.90" pos="9.30" lane="2/3to2/4_0" slope="0.00"/>
        <vehicle id="7" x="288.09" y="401.65" angle="-90.00" type="DEFAULT_VEHTYPE" speed="13.89" pos="107.16" lane="2/2to1/2_0" slope="0.00"/>
        <vehicle id="8" x="398.35" y="776.60" angle="0.00" type="DEFAULT_VEHTYPE" speed="12.73" pos="23.40" lane="2/4to2/3_0" slope="0.00"/>
    </timestep>
    <timestep time="763.00">
        <vehicle id="0" x="304.38" y="401.65" angle="-90.00" type="DEFAULT_VEHTYPE" speed="13.81" pos="90.87" lane="2/2to1/2_0" slope="0.00"/>
        <vehicle id="1" x="198.35" y="295.48" angle="0.00" type="DEFAULT_VEHTYPE" speed="12.96" pos="99.77" lane="1/2to1/1_0" slope="0.00"/>
        <vehicle id="17" x="177.83" y="401.65" angle="-90.00" type="DEFAULT_VEHTYPE" speed="10.88" pos="17.42" lane="1/2to0/2_0" slope="0.00"/>
        <vehicle id="18" x="210.00" y="401.65" angle="-90.00" type="DEFAULT_VEHTYPE" speed="2.79" pos="185.25" lane="2/2to1/2_0" slope="0.00"/>
        <vehicle id="21" x="398.35" y="476.99" angle="0.00" type="DEFAULT_VEHTYPE" speed="13.50" pos="118.26" lane="2/3to2/2_0" slope="0.00"/>
        <vehicle id="22" x="47.37" y="198.35" angle="90.00" type="DEFAULT_VEHTYPE" speed="13.44" pos="47.37" lane="0/1to1/1_0" slope="0.00"/>
        <vehicle id="24" x="257.27" y="598.35" angle="90.00" type="DEFAULT_VEHTYPE" speed="13.87" pos="52.52" lane="1/3to2/3_0" slope="0.00"/>
        <vehicle id="26" x="201.65" y="486.22" angle="180.00" type="DEFAULT_VEHTYPE" speed="12.85" pos="81.47" lane="1/2to1/3_0" slope="0.00"/>
        <vehicle id="28" x="398.35" y="239.11" angle="0.00" type="DEFAULT_VEHTYPE" speed="13.77" pos="156.14" lane="2/2to2/1_0" slope="0.00"/>
        <vehicle id="32" x="12.33" y="401.65" angle="-90.00" type="DEFAULT_VEHTYPE" speed="12.79" pos="182.92" lane="1/2to0/2_0" slope="0.00"/>
        <vehicle id="35" x="401.65" y="752.63" angle="180.00" type="DEFAULT_VEHTYPE" speed="12.86" pos="147.88" lane="2/3to2/4_0" slope="0.00"/>
        <vehicle id="37" x="601.65" y="594.26" angle="180.00" type="DEFAULT_VEHTYPE" speed="13.30" pos="189.51" lane="3/2to3/3_0" slope="0.00"/>
        <vehicle id="38" x="398.35" y="156.51" angle="0.00" type="DEFAULT_VEHTYPE" speed="12.80" pos="38.74" lane="2/1to2/0_0" slope="0.00"/>
        <vehicle id="41" x="300.72" y="201.65" angle="-90.00" type="DEFAULT_VEHTYPE" speed="13.49" pos="94.53" lane="2/1to1/1_0" slope="0.00"/>
        <vehicle id="44" x="201.65" y="545.94" angle="180.00" type="DEFAULT_VEHTYPE" speed="13.06" pos="141.19" lane="1/2to1/3_0" slope="0.00"/>
        <vehicle id="48" x="192.75" y="398.35" angle="90.00" type="DEFAULT_VEHTYPE" speed="0.00" pos="192.75" lane="0/2to1/2_0" slope="0.00"/>
        <vehicle id="5" x="401.65" y="626.73" angle="180.00" type="DEFAULT_VEHTYPE" speed="12.68" pos="21.98" lane="2/3to2/4_0" slope="0.00"/>
        <vehicle id="7" x="275.18" y="401.65" angle="-90.00" type="DEFAULT_VEHTYPE" speed="12.91" pos="120.07" lane="2/2to1/2_0" slope="0.00"/>
        <vehicle id="8" x="398.35" y="763.52" angle="0.00" type="DEFAULT_VEHTYPE" speed="13.08" pos="36.48" lane="2/4to2/3_0" slope="0.00"/>
    </timestep>
    <timestep time="764.00">
        <vehicle id="0" x="291.66" y="401.65" angle="-90.00" type="DEFAULT_VEHTYPE" speed="12.73" pos="103.59" lane="2/2to1/2_0" slope="0.00"/>
        <vehicle id="1" x="198.35" y="281.86" angle="0.00" type="DEFAULT_VEHTYPE" speed="13.62" pos="113.39" lane="1/2to1/1_0" slope="0.00"/>
        <vehicle id="17" x="165.45" y="401.65" angle="-90.00" type="DEFAULT_VEHTYPE" speed="12.39" pos="29.80" lane="1/2to0/2_0" slope="0.00"/>
        <vehicle id="18" x="205.20" y="401.65" angle="-90.00" type="DEFAULT_VEHTYPE" speed="4.80" pos="190.05" lane="2/2to1/2_0" slope="0.00"/>
        <vehicle id="21" x="398.35" y="464.22" angle="0.00" type="DEFAULT_VEHTYPE" speed="12.76" pos="131.03" lane="2/3to2/2_0" slope="0.00"/>
        <vehicle id="22" x="61.10" y="198.35" angle="90.00" type="DEFAULT_VEHTYPE" speed="13.73" pos="61.10" lane="0/1to1/1_0" slope="0.00"/>
        <vehicle id="24" x="271.04" y="598.35" angle="90.00" type="DEFAULT_VEHTYPE" speed="13.77" pos="66.29" lane="1/3to2/3_0" slope="0.00"/>
        <vehicle id="26" x="201.65" y="499.20" angle="180.00" type="DEFAULT_VEHTYPE" speed="12.98" pos="94.45" lane="1/2to1/3_0" slope="0.00"/>
        <vehicle id="28" x="398.35" y="226.18" angle="0.00" type="DEFAULT_VEHTYPE" speed="12.94" pos="169.07" lane="2/2to2/1_0" slope="0.00"/>
        <vehicle id="32" x="-0.64" y="401.23" angle="-85.07" type="DEFAULT_VEHTYPE" speed="13.09" pos="0.76" lane=":0/2_0_0" slope="0.00"/>
        <vehicle id="35" x="401.65" y="766.11" angle="180.00" type="DEFAULT_VEHTYPE" speed="13.49" pos="161.36" lane="2/3to2/4_0" slope="0.00"/>
        <vehicle id="37" x="612.06" y="598.35" angle="90.00" type="DEFAULT_VEHTYPE" speed="13.31" pos="7.31" lane="3/3to4/3_0" slope="0.00"/>
        <vehicle id="38" x="398.35" y="142.87" angle="0.00" type="DEFAULT_VEHTYPE" speed="13.64" pos="52.38" lane="2/1to2/0_0" slope="0.00"/>
        <vehicle id="41" x="287.63" y="201.65" angle="-90.00" type="DEFAULT_VEHTYPE" speed="13.08" pos="107.62" lane="2/1to1/1_0" slope="0.00"/>
        <vehicle id="44" x="201.65" y="559.37" angle="180.00" type="DEFAULT_VEHTYPE" speed="13.43" pos="154.62" lane="1/2to1/3_0" slope="0.00"/>
        <vehicle id="48" x="192.75" y="398.35" angle="90.00" type="DEFAULT_VEHTYPE" speed="0.00" pos="192.75" lane="0/2to1/2_0" slope="0.00"/>
        <vehicle id="5" x="401.65" y="640.19" angle="180.00" type="DEFAULT_VEHTYPE" speed="13.46" pos="35.44" lane="2/3to2/4_0" slope="0.00"/>
        <vehicle id="7" x="261.61" y="401.65" angle="-90.00" type="DEFAULT_VEHTYPE" speed="13.58" pos="133.64" lane="2/2to1/2_0" slope="0.00"/>
        <vehicle id="8" x="398.35" y="750.09" angle="0.00" type="DEFAULT_VEHTYPE" speed="13.43" pos="49.91" lane="2/4to2/3_0" slope="0.00"/>
    </timestep>
    <timestep time="765.00">
        <vehicle id="0" x="278.79" y="401.65" angle="-90.00" type="DEFAULT_VEHTYPE" speed="12.87" pos="116.46" lane="2/2to1/2_0" slope="0.00"/>
        <vehicle id="1" x="198.35" y="268.33" angle="0.00" type="DEFAULT_VEHTYPE" speed="13.53" pos="126.92" lane="1/2to1/1_0" slope="0.00"/>
        <vehicle id="17" x="151.92" y="401.65" angle="-90.00" type="DEFAULT_VEHTYPE" speed="13.52" pos="43.33" lane="1/2to0/2_0" slope="0.00"/>
        <vehicle id="18" x="198.88" y="401.65" angle="-90.00" type="DEFAULT_VEHTYPE" speed="6.32" pos="5.87" lane=":1/2_5_0" slope="0.00"/>
        <vehicle id="21" x="398.35" y="451.37" angle="0.00" type="DEFAULT_VEHTYPE" speed="12.85" pos="143.88" lane="2/3to2/2_0" slope="0.00"/>
        <vehicle id="22" x="74.88" y="198.35" angle="90.00" type="DEFAULT_VEHTYPE" speed="13.78" pos="74.88" lane="0/1to1/1_0" slope="0.00"/>
        <vehicle id="24" x="284.39" y="598.35" angle="90.00" type="DEFAULT_VEHTYPE" speed="13.34" pos="79.64" lane="1/3to2/3_0" slope="0.00"/>
        <vehicle id="26" x="201.65" y="512.93" angle="180.00" type="DEFAULT_VEHTYPE" speed="13.72" pos="108.18" lane="1/2to1/3_0" slope="0.00"/>
        <vehicle id="28" x="398.35" y="213.06" angle="0.00" type="DEFAULT_VEHTYPE" speed="13.12" pos="182.19" lane="2/2to2/1_0" slope="0.00"/>
        <vehicle id="32" x="9.50" y="398.35" angle="90.00" type="DEFAULT_VEHTYPE" speed="13.56" pos="9.50" lane="0/2to1/2_0" slope="0.00"/>
        <vehicle id="35" x="401.65" y="779.88" angle="180.00" type="DEFAULT_VEHTYPE" speed="13.76" pos="175.13" lane="2/3to2/4_0" slope="0.00"/>
        <vehicle id="37" x="625.49" y="598.35" angle="90.00" type="DEFAULT_VEHTYPE" speed="13.43" pos="20.74" lane="3/3to4/3_0" slope="0.00"/>
        <vehicle id="38" x="398.35" y="129.74" angle="0.00" type="DEFAULT_VEHTYPE" speed="13.12" pos="65.51" lane="2/1to2/0_0" slope="0.00"/>
        <vehicle id="41" x="274.79" y="201.65" angle="-90.00" type="DEFAULT_VEHTYPE" speed="12.85" pos="120.46" lane="2/1to1/1_0" slope="0.00"/>
        <vehicle id="44" x="201.65" y="572.20" angle="180.00" type="DEFAULT_VEHTYPE" speed="12.83" pos="167.45" lane="1/2to1/3_0" slope="0.00"/>
        <vehicle id="48" x="192.75" y="398.35" angle="90.00" type="DEFAULT_VEHTYPE" speed="0.00" pos="192.75" lane="0/2to1/2_0" slope="0.00"/>
        <vehicle id="5" x="401.65" y="653.86" angle="180.00" type="DEFAULT_VEHTYPE" speed="13.67" pos="49.11" lane="2/3to2/4_0" slope="0.00"/>
        <vehicle id="7" x="248.74" y="401.65" angle="-90.00" type="DEFAULT_VEHTYPE" speed="12.87" pos="146.51" lane="2/2to1/2_0" slope="0.00"/>
        <vehicle id="8" x="398.35" y="736.97" angle="0.00" type="DEFAULT_VEHTYPE" speed="13.11" pos="63.03" lane="2/4to2/3_0" slope="0.00"/>
    </timestep>
    <timestep time="766.00">
        <vehicle id="0" x="265.91" y="401.65" angle="-90.00" type="DEFAULT_VEHTYPE" speed="12.88" pos="129.34" lane="2/2to1/2_0" slope="0.00"/>
        <vehicle id="1" x="198.35" y="255.56" angle="0.00" type="DEFAULT_VEHTYPE" speed="12.77" pos="139.69" lane="1/2to1/1_0" slope="0.00"/>
        <vehicle id="17" x="139.16" y="401.65" angle="-90.00" type="DEFAULT_VEHTYPE" speed="12.76" pos="56.09" lane="1/2to0/2_0" slope="0.00"/>
        <vehicle id="18" x="191.12" y="401.65" angle="-90.00" type="DEFAULT_VEHTYPE" speed="7.77" pos="4.13" lane="1/2to0/2_0" slope="0.00"/>
        <vehicle id="21" x="398.35" y="437.67" angle="0.00" type="DEFAULT_VEHTYPE" speed="13.70" pos="157.58" lane="2/3to2/2_0" slope="0.00"/>
        <vehicle id="22" x="88.49" y="198.35" angle="90.00" type="DEFAULT_VEHTYPE" speed="13.61" pos="88.49" lane="0/1to1/1_0" slope="0.00"/>
        <vehicle id="24" x="297.28" y="598.35" angle="90.00" type="DEFAULT_VEHTYPE" speed="12.89" pos="92.53" lane="1/3to2/3_0" slope="0.00"/>
        <vehicle id="26" x="201.65" y="526.27" angle="180.00" type="DEFAULT_VEHTYPE" speed="13.34" pos="121.52" lane="1/2to1/3_0" slope="0.00"/>
        <vehicle id="28" x="395.56" y="201.69" angle="-39.51" type="DEFAULT_VEHTYPE" speed="12.99" pos="4.68" lane=":2/1_0_0" slope="0.00"/>
        <vehicle id="32" x="22.13" y="398.35" angle="90.00" type="DEFAULT_VEHTYPE" speed="12.62" pos="22.13" lane="0/2to1/2_0" slope="0.00"/>
        <vehicle id="35" x="401.65" y="792.64" angle="180.00" type="DEFAULT_VEHTYPE" speed="12.76" pos="187.89" lane="2/3to2/4_0" slope="0.00"/>
        <vehicle id="37" x="638.84" y="598.35" angle="90.00" type="DEFAULT_VEHTYPE" speed="13.35" pos="34.09" lane="3/3to4/3_0" slope="0.00"/>
        <vehicle id="38" x="398.35" y="116.86" angle="0.00" type="DEFAULT_VEHTYPE" speed="12.88" pos="78.39" lane="2/1to2/0_0" slope="0.00"/>
        <vehicle id="41" x="261.34" y="201.65" angle="-90.00" type="DEFAULT_VEHTYPE" speed="13.44" pos="133.91" lane="2/1to1/1_0" slope="0.00"/>
        <vehicle id="44" x="201.65" y="585.32" angle="180.00" type="DEFAULT_VEHTYPE" speed="13.12" pos="180.57" lane="1/2to1/3_0" slope="0.00"/>
        <vehicle id="48" x="192.75" y="398.35" angle="90.00" type="DEFAULT_VEHTYPE" speed="0.00" pos="192.75" lane="0/2to1/2_0" slope="0.00"/>
        <vehicle id="5" x="401.65" y="666.83" angle="180.00" type="DEFAULT_VEHTYPE" speed="12.97" pos="62.08" lane="2/3to2/4_0" slope="0.00"/>
        <vehicle id="7" x="235.50" y="401.65" angle="-90.00" type="DEFAULT_VEHTYPE" speed="13.24" pos="159.75" lane="2/2to1/2_0" slope="0.00"/>
        <vehicle id="8" x="398.35" y="723.86" angle="0.00" type="DEFAULT_VEHTYPE" speed="13.11" pos="76.14" lane="2/4to2/3_0" slope="0.00"/>
    </timestep>
    <timestep time="767.00">
        <vehicle id="0" x="252.99" y="401.65" angle="-90.00" type="DEFAULT_VEHTYPE" speed="12.92" pos="142.26" lane="2/2to1/2_0" slope="0.00"/>
        <vehicle id="1" x="198.35" y="242.35" angle="0.00" type="DEFAULT_VEHTYPE" speed="13.21" pos="152.90" lane="1/2to1/1_0" slope="0.00"/>
        <vehicle id="17" x="125.65" y="401.65" angle="-90.00" type="DEFAULT_VEHTYPE" speed="13.52" pos="69.60" lane="1/2to0/2_0" slope="0.00"/>
        <vehicle id="18" x="181.67" y="401.65" angle="-90.00" type="DEFAULT_VEHTYPE" speed="9.45" pos="13.58" lane="1/2to0/2_0" slope="0.00"/>
        <vehicle id="21" x="398.35" y="424.13" angle="0.00" type="DEFAULT_VEHTYPE" speed="13.54" pos="171.12" lane="2/3to2/2_0" slope="0.00"/>
        <vehicle id="22" x="102.33" y="198.35" angle="90.00" type="DEFAULT_VEHTYPE" speed="13.83" pos="102.33" lane="0/1to1/1_0" slope="0.00"/>
        <vehicle id="24" x="310.15" y="598.35" angle="90.00" type="DEFAULT_VEHTYPE" speed="12.87" pos="105.40" lane="1/3to2/3_0" slope="0.00"/>
        <vehicle id="26" x="201.65" y="539.91" angle="180.00" type="DEFAULT_VEHTYPE" speed="13.65" pos="135.16" lane="1/2to1/3_0" slope="0.00"/>
        <vehicle id="28" x="382.50" y="201.65" angle="-90.00" type="DEFAULT_VEHTYPE" speed="13.07" pos="12.75" lane="2/1to1/1_0" slope="0.00"/>
        <vehicle id="32" x="35.99" y="398.35" angle="90.00" type="DEFAULT_VEHTYPE" speed="13.86" pos="35.99" lane="0/2to1/2_0" slope="0.00"/>
        <vehicle id="35" x="398.35" y="798.29" angle="-39.43" type="DEFAULT_VEHTYPE" speed="13.89" pos="1.71" lane="2/4to2/3_0" slope="0.00"/>
        <vehicle id="37" x="651.60" y="598.35" angle="90.00" type="DEFAULT_VEHTYPE" speed="12.76" pos="46.85" lane="3/3to4/3_0" slope="0.00"/>
        <vehicle id="38" x="398.35" y="103.27" angle="0.00" type="DEFAULT_VEHTYPE" speed="13.59" pos="91.98" lane="2/1to2/0_0" slope="0.00"/>
        <vehicle id="41" x="248.58" y="201.65" angle="-90.00" type="DEFAULT_VEHTYPE" speed="12.77" pos="146.67" lane="2/1to1/1_0" slope="0.00"/>
        <vehicle id="44" x="202.82" y="597.82" angle="165.73" type="DEFAULT_VEHTYPE" speed="12.89" pos="2.96" lane=":1/3_8_0" slope="0.00"/>
        <vehicle id="48" x="192.75" y="398.35" angle="90.00" type="DEFAULT_VEHTYPE" speed="0.00" pos="192.75" lane="0/2to1/2_0" slope="0.00"/>
        <vehicle id="5" x="401.65" y="680.43" angle="180.00" type="DEFAULT_VEHTYPE" speed="13.60" pos="75.68" lane="2/3to2/4_0" slope="0.00"/>
        <vehicle id="7" x="223.79" y="401.65" angle="-90.00" type="DEFAULT_VEHTYPE" speed="11.71" pos="171.46" lane="2/2to1/2_0" slope="0.00"/>
        <vehicle id="8" x="398.35" y="710.61" angle="0.00" type="DEFAULT_VEHTYPE" speed="13.26" pos="89.39" lane="2/4to2/3_0" slope="0.00"/>
    </timestep>
    <timestep time="768.00">
        <vehicle id="0" x="240.08" y="401.65" angle="-90.00" type="DEFAULT_VEHTYPE" speed="12.91" pos="155.17" lane="2/2to1/2_0" slope="0.00"/>
        <vehicle id="1" x="198.35" y="228.47" angle="0.00" type="DEFAULT_VEHTYPE" speed="13.88" pos="166.78" lane="1/2to1/1_0" slope="0.00"/>
        <vehicle id="17" x="112.09" y="401.65" angle="-90.00" type="DEFAULT_VEHTYPE" speed="13.56" pos="83.16" lane="1/2to0/2_0" slope="0.00"/>
        <vehicle id="18" x="170.19" y="401.65" angle="-90.00" type="DEFAULT_VEHTYPE" speed="11.48" pos="25.06" lane="1/2to0/2_0" slope="0.00"/>
        <vehicle id="21" x="398.35" y="411.04" angle="0.00" type="DEFAULT_VEHTYPE" speed="13.09" pos="184.21" lane="2/3to2/2_0" slope="0.00"/>
        <vehicle id="22" x="115.36" y="198.35" angle="90.00" type="DEFAULT_VEHTYPE" speed="13.04" pos="115.36" lane="0/1to1/1_0" slope="0.00"/>
        <vehicle id="24" x="323.45" y="598.35" angle="90.00" type="DEFAULT_VEHTYPE" speed="13.30" pos="118.70" lane="1/3to2/3_0" slope="0.00"/>
        <vehicle id="26" x="201.65" y="553.66" angle="180.00" type="DEFAULT_VEHTYPE" speed="13.75" pos="148.91" lane="1/2to1/3_0" slope="0.00"/>
        <vehicle id="28" x="368.82" y="201.65" angle="-90.00" type="DEFAULT_VEHTYPE" speed="13.68" pos="26.43" lane="2/1to1/1_0" slope="0.00"/>
        <vehicle id="32" x="49.28" y="398.35" angle="90.00" type="DEFAULT_VEHTYPE" speed="13.29" pos="49.28" lane="0/2to1/2_0" slope="0.00"/>
        <vehicle id="35" x="398.35" y="785.37" angle="0.00" type="DEFAULT_VEHTYPE" speed="12.92" pos="14.63" lane="2/4to2/3_0" slope="0.00"/>
        <vehicle id="37" x="664.72" y="598.35" angle="90.00" type="DEFAULT_VEHTYPE" speed="13.12" pos="59.97" lane="3/3to4/3_0" slope="0.00"/>
        <vehicle id="38" x="398.35" y="90.21" angle="0.00" type="DEFAULT_VEHTYPE" speed="13.06" pos="105.04" lane="2/1to2/0_0" slope="0.00"/>
        <vehicle id="41" x="234.82" y="201.65" angle="-90.00" type="DEFAULT_VEHTYPE" speed="13.76" pos="160.43" lane="2/1to1/1_0" slope="0.00"/>
        <vehicle id="44" x="215.34" y="598.35" angle="90.00" type="DEFAULT_VEHTYPE" speed="12.63" pos="10.59" lane="1/3to2/3_0" slope="0.00"/>
        <vehicle id="48" x="192.75" y="398.35" angle="90.00" type="DEFAULT_VEHTYPE" speed="0.00" pos="192.75" lane="0/2to1/2_0" slope="0.00"/>
        <vehicle id="5" x="401.65" y="693.21" angle="180.00" type="DEFAULT_VEHTYPE" speed="12.78" pos="88.46" lane="2/3to2/4_0" slope="0.00"/>
        <vehicle id="7" x="215.37" y="401.65" angle="-90.00" type="DEFAULT_VEHTYPE" speed="8.42" pos="179.88" lane="2/2to1/2_0" slope="0.00"/>
        <vehicle id="8" x="398.35" y="697.85" angle="0.00" type="DEFAULT_VEHTYPE" speed="12.76" pos="102.15" lane="2/4to2/3_0" slope="0.00"/>
    </timestep>
    <timestep time="769.00">
        <vehicle id="0" x="228.88" y="401.65" angle="-90.00" type="DEFAULT_VEHTYPE" speed="11.20" pos="166.37" lane="2/2to1/2_0" slope="0.00"/>
        <vehicle id="1" x="198.35" y="214.85" angle="0.00" type="DEFAULT_VEHTYPE" speed="13.62" pos="180.40" lane="1/2to1/1_0" slope="0.00"/>
        <vehicle id="17" x="99.00" y="401.65" angle="-90.00" type="DEFAULT_VEHTYPE" speed="13.09" pos="96.25" lane="1/2to0/2_0" slope="0.00"/>
        <vehicle id="18" x="157.29" y="401.65" angle="-90.00" type="DEFAULT_VEHTYPE" speed="12.90" pos="37.96" lane="1/2to0/2_0" slope="0.00"/>
        <vehicle id="21" x="392.84" y="401.65" angle="-79.96" type="DEFAULT_VEHTYPE" speed="13.70" pos="2.41" lane="2/2to1/2_0" slope="0.00"/>
        <vehicle id="22" x="128.69" y="198.35" angle="90.00" type="DEFAULT_VEHTYPE" speed="13.33" pos="128.69" lane="0/1to1/1_0" slope="0.00"/>
        <vehicle id="24" x="337.04" y="598.35" angle="90.00" type="DEFAULT_VEHTYPE" speed="13.59" pos="132.29" lane="1/3to2/3_0" slope="0.00"/>
        <vehicle id="26" x="201.65" y="567.25" angle="180.00" type="DEFAULT_VEHTYPE" speed="13.59" pos="162.50" lane="1/2to1/3_0" slope="0.00"/>
        <vehicle id="28" x="355.47" y="201.65" angle="-90.00" type="DEFAULT_VEHTYPE" speed="13.34" pos="39.78" lane="2/1to1/1_0" slope="0.00"/>
        <vehicle id="32" x="62.52" y="398.35" angle="90.00" type="DEFAULT_VEHTYPE" speed="13.24" pos="62.52" lane="0/2to1/2_0" slope="0.00"/>
        <vehicle id="35" x="398.35" y="772.61" angle="0.00" type="DEFAULT_VEHTYPE" speed="12.76" pos="27.39" lane="2/4to2/3_0" slope="0.00"/>
        <vehicle id="37" x="677.64" y="598.35" angle="90.00" type="DEFAULT_VEHTYPE" speed="12.92" pos="72.89" lane="3/3to4/3_0" slope="0.00"/>
        <vehicle id="38" x="398.35" y="76.61" angle="0.00" type="DEFAULT_VEHTYPE" speed="13.60" pos="118.64" lane="2/1to2/0_0" slope="0.00"/>
        <vehicle id="41" x="223.51" y="201.65" angle="-90.00" type="DEFAULT_VEHTYPE" speed="11.32" pos="171.74" lane="2/1to1/1_0" slope="0.00"/>
        <vehicle id="44" x="228.25" y="598.35" angle="90.00" type="DEFAULT_VEHTYPE" speed="12.91" pos="23.50" lane="1/3to2/3_0" slope="0.00"/>
        <vehicle id="48" x="192.75" y="398.35" angle="90.00" type="DEFAULT_VEHTYPE" speed="0.00" pos="192.75" lane="0/2to1/2_0" slope="0.00"/>
        <vehicle id="5" x="401.65" y="706.74" angle="180.00" type="DEFAULT_VEHTYPE" speed="13.53" pos="101.99" lane="2/3to2/4_0" slope="0.00"/>
        <vehicle id="7" x="211.08" y="401.65" angle="-90.00" type="DEFAULT_VEHTYPE" speed="4.30" pos="184.17" lane="2/2to1/2_0" slope="0.00"/>
        <vehicle id="8" x="398.35" y="685.00" angle="0.00" type="DEFAULT_VEHTYPE" speed="12.85" pos="115.00" lane="2/4to2/3_0" slope="0.00"/>
    </timestep>
    <timestep time="770.00">
        <vehicle id="0" x="222.18" y="401.65" angle="-90.00" type="DEFAULT_VEHTYPE" speed="6.70" pos="173.07" lane="2/2to1/2_0" slope="0.00"/>
        <vehicle id="1" x="197.45" y="202.35" angle="-10.75" type="DEFAULT_VEHTYPE" speed="12.76" pos="2.65" lane=":1/1_0_0" slope="0.00"/>
        <vehicle id="17" x="85.25" y="401.65" angle="-90.00" type="DEFAULT_VEHTYPE" speed="13.75" pos="110.00" lane="1/2to0/2_0" slope="0.00"/>
        <vehicle id="18" x="144.43" y="401.65" angle="-90.00" type="DEFAULT_VEHTYPE" speed="12.87" pos="50.82" lane="1/2to0/2_0" slope="0.00"/>
        <vehicle id="21" x="379.60" y="401.65" angle="-90.00" type="DEFAULT_VEHTYPE" speed="13.24" pos="15.65" lane="2/2to1/2_0" slope="0.00"/>
        <vehicle id="22" x="142.46" y="198.35" angle="90.00" type="DEFAULT_VEHTYPE" speed="13.77" pos="142.46" lane="0/1to1/1_0" slope="0.00"/>
        <vehicle id="24" x="349.81" y="598.35" angle="90.00" type="DEFAULT_VEHTYPE" speed="12.77" pos="145.06" lane="1/3to2/3_0" slope="0.00"/>
        <vehicle id="26" x="201.65" y="580.62" angle="180.00" type="DEFAULT_VEHTYPE" speed="13.37" pos="175.87" lane="1/2to1/3_0" slope="0.00"/>
        <vehicle id="28" x="342.33" y="201.65" angle="-90.00" type="DEFAULT_VEHTYPE" speed="13.14" pos="52.92" lane="2/1to1/1_0" slope="0.00"/>
        <vehicle id="32" x="75.59" y="398.35" angle="90.00" type="DEFAULT_VEHTYPE" speed="13.07" pos="75.59" lane="0/2to1/2_0" slope="0.00"/>
        <vehicle id="35" x="398.35" y="758.85" angle="0.00" type="DEFAULT_VEHTYPE" speed="13.76" pos="41.15" lane="2/4to2/3_0" slope="0.00"/>
        <vehicle id="37" x="690.50" y="598.35" angle="90.00" type="DEFAULT_VEHTYPE" speed="12.86" pos="85.75" lane="3/3to4/3_0" slope="0.00"/>
        <vehicle id="38" x="398.35" y="62.76" angle="0.00" type="DEFAULT_VEHTYPE" speed="13.86" pos="132.49" lane="2/1to2/0_0" slope="0.00"/>
        <vehicle id="41" x="216.22" y="201.65" angle="-90.00" type="DEFAULT_VEHTYPE" speed="7.28" pos="179.03" lane="2/1to1/1_0" slope="0.00"/>
        <vehicle id="44" x="241.41" y="598.35" angle="90.00" type="DEFAULT_VEHTYPE" speed="13.16" pos="36.66" lane="1/3to2/3_0" slope="0.00"/>
        <vehicle id="48" x="192.75" y="398.35" angle="90.00" type="DEFAULT_VEHTYPE" speed="0.00" pos="192.75" lane="0/2to1/2_0" slope="0.00"/>
        <vehicle id="5" x="401.65" y="719.90" angle="180.00" type="DEFAULT_VEHTYPE" speed="13.16" pos="115.15" lane="2/3to2/4_0" slope="0.00"/>
        <vehicle id="7" x="204.48" y="401.65" angle="-90.00" type="DEFAULT_VEHTYPE" speed="6.60" pos="0.27" lane=":1/2_5_0" slope="0.00"/>
        <vehicle id="8" x="398.35" y="672.07" angle="0.00" type="DEFAULT_VEHTYPE" speed="12.93" pos="127.93" lane="2/4to2/3_0" slope="0.00"/>
    </timestep>
    <timestep time="771.00">
        <vehicle id="0" x="214.26" y="401.65" angle="-90.00" type="DEFAULT_VEHTYPE" speed="7.92" pos="180.99" lane="2/2to1/2_0" slope="0.00"/>
        <vehicle id="1" x="184.35" y="201.65" angle="-90.00" type="DEFAULT_VEHTYPE" speed="13.24" pos="10.90" lane="1/1to0/1_0" slope="0.00"/>
        <vehicle id="17" x="71.78" y="401.65" angle="-90.00" type="DEFAULT_VEHTYPE" speed="13.48" pos="123.47" lane="1/2to0/2_0" slope="0.00"/>
        <vehicle id="18" x="131.44" y="401.65" angle="-90.00" type="DEFAULT_VEHTYPE" speed="12.99" pos="63.81" lane="1/2to0/2_0" slope="0.00"/>
        <vehicle id="21" x="366.83" y="401.65" angle="-90.00" type="DEFAULT_VEHTYPE" speed="12.77" pos="28.42" lane="2/2to1/2_0" slope="0.00"/>
        <vehicle id="22" x="155.28" y="198.35" angle="90.00" type="DEFAULT_VEHTYPE" speed="12.82" pos="155.28" lane="0/1to1/1_0" slope="0.00"/>
        <vehicle id="24" x="362.66" y="598.35" angle="90.00" type="DEFAULT_VEHTYPE" speed="12.86" pos="157.91" lane="1/3to2/3_0" slope="0.00"/>
        <vehicle id="26" x="201.65" y="593.67" angle="180.00" type="DEFAULT_VEHTYPE" speed="13.05" pos="188.92" lane="1/2to1/3_0" slope="0.00"/>
        <vehicle id="28" x="329.02" y="201.65" angle="-90.00" type="DEFAULT_VEHTYPE" speed="13.31" pos="66.23" lane="2/1to1/1_0" slope="0.00"/>
        <vehicle id="32" x="88.86" y="398.35" angle="90.00" type="DEFAULT_VEHTYPE" speed="13.27" pos="88.86" lane="0/2to1/2_0" slope="0.00"/>
        <vehicle id="35" x="398.35" y="745.27" angle="0.00" type="DEFAULT_VEHTYPE" speed="13.58" pos="54.73" lane="2/4to2/3_0" slope="0.00"/>
        <vehicle id="37" x="703.99" y="598.35" angle="90.00" type="DEFAULT_VEHTYPE" speed="13.49" pos="99.24" lane="3/3to4/3_0" slope="0.00"/>
        <vehicle id="38" x="398.35" y="49.33" angle="0.00" type="DEFAULT_VEHTYPE" speed="13.43" pos="145.92" lane="2/1to2/0_0" slope="0.00"/>
        <vehicle id="41" x="211.38" y="201.65" angle="-90.00" type="DEFAULT_VEHTYPE" speed="4.84" pos="183.87" lane="2/1to1/1_0" slope="0.00"/>
        <vehicle id="44" x="254.30" y="598.35" angle="90.00" type="DEFAULT_VEHTYPE" speed="12.89" pos="49.55" lane="1/3to2/3_0" slope="0.00"/>
        <vehicle id="48" x="192.75" y="398.35" angle="90.00" type="DEFAULT_VEHTYPE" speed="0.00" pos="192.75" lane="0/2to1/2_0" slope="0.00"/>
        <vehicle id="5" x="401.65" y="732.69" angle="180.00" type="DEFAULT_VEHTYPE" speed="12.79" pos="127.94" lane="2/3to2/4_0" slope="0.00"/>
        <vehicle id="7" x="196.48" y="401.65" angle="-90.00" type="DEFAULT_VEHTYPE" speed="8.00" pos="8.27" lane=":1/2_5_0" slope="0.00"/>
        <vehicle id="8" x="398.35" y="658.26" angle="0.00" type="DEFAULT_VEHTYPE" speed="13.81" pos="141.74" lane="2/4to2/3_0" slope="0.00"/>
    </timestep>
    <timestep time="772.00">
        <vehicle id="0" x="210.47" y="401.65" angle="-90.00" type="DEFAULT_VEHTYPE" speed="3.79" pos="184.78" lane="2/2to1/2_0" slope="0.00"/>
        <vehicle id="1" x="170.46" y="201.65" angle="-90.00" type="DEFAULT_VEHTYPE" speed="13.90" pos="24.79" lane="1/1to0/1_0" slope="0.00"/>
        <vehicle id="17" x="58.58" y="401.65" angle="-90.00" type="DEFAULT_VEHTYPE" speed="13.20" pos="136.67" lane="1/2to0/2_0" slope="0.00"/>
        <vehicle id="18" x="117.78" y="401.65" angle="-90.00" type="DEFAULT_VEHTYPE" speed="13.65" pos="77.47" lane="1/2to0/2_0" slope="0.00"/>
        <vehicle id="21" x="354.01" y="401.65" angle="-90.00" type="DEFAULT_VEHTYPE" speed="12.83" pos="41.24" lane="2/2to1/2_0" slope="0.00"/>
        <vehicle id="22" x="168.60" y="198.35" angle="90.00" type="DEFAULT_VEHTYPE" speed="13.33" pos="168.60" lane="0/1to1/1_0" slope="0.00"/>
        <vehicle id="24" x="374.00" y="598.35" angle="90.00" type="DEFAULT_VEHTYPE" speed="11.34" pos="169.25" lane="1/3to2/3_0" slope="0.00"/>
        <vehicle id="26" x="211.74" y="598.35" angle="90.00" type="DEFAULT_VEHTYPE" speed="13.56" pos="6.99" lane="1/3to2/3_0" slope="0.00"/>
        <vehicle id="28" x="316.28" y="201.65" angle="-90.00" type="DEFAULT_VEHTYPE" speed="12.74" pos="78.97" lane="2/1to1/1_0" slope="0.00"/>
        <vehicle id="32" x="102.50" y="398.35" angle="90.00" type="DEFAULT_VEHTYPE" speed="13.64" pos="102.50" lane="0/2to1/2_0" slope="0.00"/>
        <vehicle id="35" x="398.35" y="732.64" angle="0.00" type="DEFAULT_VEHTYPE" speed="12.63" pos="67.36" lane="2/4to2/3_0" slope="0.00"/>
        <vehicle id="37" x="717.02" y="598.35" angle="90.00" type="DEFAULT_VEHTYPE" speed="13.03" pos="112.27" lane="3/3to4/3_0" slope="0.00"/>
        <vehicle id="38" x="398.35" y="36.21" angle="0.00" type="DEFAULT_VEHTYPE" speed="13.12" pos="159.04" lane="2/1to2/0_0" slope="0.00"/>
        <vehicle id="41" x="205.12" y="201.65" angle="-90.00" type="DEFAULT_VEHTYPE" speed="6.26" pos="190.13" lane="2/1to1/1_0" slope="0.00"/>
        <vehicle id="44" x="268.20" y="598.35" angle="90.00" type="DEFAULT_VEHTYPE" speed="13.90" pos="63.45" lane="1/3to2/3_0" slope="0.00"/>
        <vehicle id="48" x="192.75" y="398.35" angle="90.00" type="DEFAULT_VEHTYPE" speed="0.00" pos="192.75" lane="0/2to1/2_0" slope="0.00"/>
        <vehicle id="5" x="401.65" y="746.54" angle="180.00" type="DEFAULT_VEHTYPE" speed="13.85" pos="141.79" lane="2/3to2/4_0" slope="0.00"/>
        <vehicle id="7" x="186.24" y="401.65" angle="-90.00" type="DEFAULT_VEHTYPE" speed="10.24" pos="9.01" lane="1/2to0/2_0" slope="0.00"/>
        <vehicle id="8" x="398.35" y="645.05" angle="0.00" type="DEFAULT_VEHTYPE" speed="13.21" pos="154.95" lane="2/4to2/3_0" slope="0.00"/>
    </timestep>
    <timestep time="773.00">
        <vehicle id="0" x="205.33" y="401.65" angle="-90.00" type="DEFAULT_VEHTYPE" speed="5.14" pos="189.92" lane="2/2to1/2_0" slope="0.00"/>
        <vehicle id="1" x="157.53" y="201.65" angle="-90.00" type="DEFAULT_VEHTYPE" speed="12.93" pos="37.72" lane="1/1to0/1_0" slope="0.00"/>
        <vehicle id="17" x="44.77" y="401.65" angle="-90.00" type="DEFAULT_VEHTYPE" speed="13.81" pos="150.48" lane="1/2to0/2_0" slope="0.00"/>
        <vehicle id="18" x="104.05" y="401.65" angle="-90.00" type="DEFAULT_VEHTYPE" speed="13.73" pos="91.20" lane="1/2to0/2_0" slope="0.00"/>
        <vehicle id="21" x="340.12" y="401.65" angle="-90.00" type="DEFAULT_VEHTYPE" speed="13.89" pos="55.13" lane="2/2to1/2_0" slope="0.00"/>
        <vehicle id="22" x="178.82" y="198.35" angle="90.00" type="DEFAULT_VEHTYPE" speed="10.22" pos="178.82" lane="0/1to1/1_0" slope="0.00"/>
        <vehicle id="24" x="382.36" y="598.35" angle="90.00" type="DEFAULT_VEHTYPE" speed="8.36" pos="177.61" lane="1/3to2/3_0" slope="0.00"/>
        <vehicle id="26" x="225.17" y="598.35" angle="90.00" type="DEFAULT_VEHTYPE" speed="13.43" pos="20.42" lane="1/3to2/3_0" slope="0.00"/>
        <vehicle id="28" x="303.64" y="201.65" angle="-90.00" type="DEFAULT_VEHTYPE" speed="12.64" pos="91.61" lane="2/1to1/1_0" slope="0.00"/>
        <vehicle id="32" x="116.35" y="398.35" angle="90.00" type="DEFAULT_VEHTYPE" speed="13.85" pos="116.35" lane="0/2to1/2_0" slope="0.00"/>
        <vehicle id="35" x="398.35" y="719.66" angle="0.00" type="DEFAULT_VEHTYPE" speed="12.99" pos="80.34" lane="2/4to2/3_0" slope="0.00"/>
        <vehicle id="37" x="730.08" y="598.35" angle="90.00" type="DEFAULT_VEHTYPE" speed="13.06" pos="125.33" lane="3/3to4/3_0" slope="0.00"/>
        <vehicle id="38" x="398.35" y="22.78" angle="0.00" type="DEFAULT_VEHTYPE" speed="13.42" pos="172.47" lane="2/1to2/0_0" slope="0.00"/>
        <vehicle id="41" x="201.65" y="207.57" angle="-172.90" type="DEFAULT_VEHTYPE" speed="8.19" pos="2.82" lane="1/1to1/2_0" slope="0.00"/>
        <vehicle id="44" x="281.58" y="598.35" angle="90.00" type="DEFAULT_VEHTYPE" speed="13.38" pos="76.83" lane="1/3to2/3_0" slope="0.00"/>
        <vehicle id="48" x="192.75" y="398.35" angle="90.00" type="DEFAULT_VEHTYPE" speed="0.00" pos="192.75" lane="0/2to1/2_0" slope="0.00"/>
        <vehicle id="5" x="401.65" y="759.42" angle="180.00" type="DEFAULT_VEHTYPE" speed="12.88" pos="154.67" lane="2/3to2/4_0" slope="0.00"/>
        <vehicle id="7" x="174.09" y="401.65" angle="-90.00" type="DEFAULT_VEHTYPE" speed="12.15" pos="21.16" lane="1/2to0/2_0" slope="0.00"/>
        <vehicle id="8" x="398.35" y="631.77" angle="0.00" type="DEFAULT_VEHTYPE" speed="13.28" pos="168.23" lane="2/4to2/3_0" slope="0.00"/>
    </timestep>
    <timestep time="774.00">
        <vehicle id="0" x="197.68" y="401.65" angle="-90.00" type="DEFAULT_VEHTYPE" speed="7.64" pos="7.07" lane=":1/2_5_0" slope="0.00"/>
        <vehicle id="1" x="144.66" y="201.65" angle="-90.00" type="DEFAULT_VEHTYPE" speed="12.87" pos="50.59" lane="1/1to0/1_0" slope="0.00"/>
        <vehicle id="17" x="31.19" y="401.65" angle="-90.00" type="DEFAULT_VEHTYPE" speed="13.57" pos="164.06" lane="1/2to0/2_0" slope="0.00"/>
        <vehicle id="18" x="91.02" y="401.65" angle="-90.00" type="DEFAULT_VEHTYPE" speed="13.03" pos="104.23" lane="1/2to0/2_0" slope="0.00"/>
        <vehicle id="21" x="326.39" y="401.65" angle="-90.00" type="DEFAULT_VEHTYPE" speed="13.73" pos="68.86" lane="2/2to1/2_0" slope="0.00"/>
        <vehicle id="22" x="185.83" y="198.35" angle="90.00" type="DEFAULT_VEHTYPE" speed="7.01" pos="185.83" lane="0/1to1/1_0" slope="0.00"/>
        <vehicle id="24" x="387.32" y="598.35" angle="90.00" type="DEFAULT_VEHTYPE" speed="4.96" pos="182.57" lane="1/3to2/3_0" slope="0.00"/>
        <vehicle id="26" x="238.47" y="598.35" angle="90.00" type="DEFAULT_VEHTYPE" speed="13.30" pos="33.72" lane="1/3to2/3_0" slope="0.00"/>
        <vehicle id="28" x="290.32" y="201.65" angle="-90.00" type="DEFAULT_VEHTYPE" speed="13.32" pos="104.93" lane="2/1to1/1_0" slope="0.00"/>
        <vehicle id="32" x="129.12" y="398.35" angle="90.00" type="DEFAULT_VEHTYPE" speed="12.78" pos="129.12" lane="0/2to1/2_0" slope="0.00"/>
        <vehicle id="35" x="398.35" y="706.03" angle="0.00" type="DEFAULT_VEHTYPE" speed="13.62" pos="93.97" lane="2/4to2/3_0" slope="0.00"/>
        <vehicle id="37" x="742.93" y="598.35" angle="90.00" type="DEFAULT_VEHTYPE" speed="12.85" pos="138.18" lane="3/3to4/3_0" slope="0.00"/>
        <vehicle id="38" x="398.35" y="9.19" angle="0.00" type="DEFAULT_VEHTYPE" speed="13.60" pos="186.06" lane="2/1to2/0_0" slope="0.00"/>
        <vehicle id="41" x="201.65" y="217.79" angle="180.00" type="DEFAULT_VEHTYPE" speed="10.21" pos="13.04" lane="1/1to1/2_0" slope="0.00"/>
        <vehicle id="44" x="295.03" y="598.35" angle="90.00" type="DEFAULT_VEHTYPE" speed="13.45" pos="90.28" lane="1/3to2/3_0" slope="0.00"/>
        <vehicle id="48" x="192.75" y="398.35" angle="90.00" type="DEFAULT_VEHTYPE" speed="0.00" pos="192.75" lane="0/2to1/2_0" slope="0.00"/>
        <vehicle id="5" x="401.65" y="772.38" angle="180.00" type="DEFAULT_VEHTYPE" speed="12.96" pos="167.63" lane="2/3to2/4_0" slope="0.00"/>
        <vehicle id="7" x="160.29" y="401.65" angle="-90.00" type="DEFAULT_VEHTYPE" speed="13.80" pos="34.96" lane="1/2to0/2_0" slope="0.00"/>
        <vehicle id="8" x="398.35" y="618.26" angle="0.00" type="DEFAULT_VEHTYPE" speed="13.51" pos="181.74" lane="2/4to2/3_0" slope="0.00"/>
    </timestep>
    <timestep time="775.00">
        <vehicle id="0" x="188.03" y="401.65" angle="-90.00" type="DEFAULT_VEHTYPE" speed="9.65" pos="7.22" lane="1/2to0/2_0" slope="0.00"/>
        <vehicle id="1" x="131.72" y="201.65" angle="-90.00" type="DEFAULT_VEHTYPE" speed="12.94" pos="63.53" lane="1/1to0/1_0" slope="0.00"/>
        <vehicle id="17" x="17.49" y="401.65" angle="-90.00" type="DEFAULT_VEHTYPE" speed="13.70" pos="177.76" lane="1/2to0/2_0" slope="0.00"/>
        <vehicle id="18" x="77.90" y="401.65" angle="-90.00" type="DEFAULT_VEHTYPE" speed="13.12" pos="117.35" lane="1/2to0/2_0" slope="0.00"/>
        <vehicle id="21" x="312.94" y="401.65" angle="-90.00" type="DEFAULT_VEHTYPE" speed="13.45" pos="82.31" lane="2/2to1/2_0" slope="0.00"/>
        <vehicle id="22" x="190.36" y="198.35" angle="90.00" type="DEFAULT_VEHTYPE" speed="4.52" pos="190.36" lane="0/1to1/1_0" slope="0.00"/>
        <vehicle id="24" x="390.32" y="598.35" angle="90.00" type="DEFAULT_VEHTYPE" speed="2.99" pos="185.57" lane="1/3to2/3_0" slope="0.00"/>
        <vehicle id="26" x="251.45" y="598.35" angle="90.00" type="DEFAULT_VEHTYPE" speed="12.98" pos="46.70" lane="1/3to2/3_0" slope="0.00"/>
        <vehicle id="28" x="276.91" y="201.65" angle="-90.00" type="DEFAULT_VEHTYPE" speed="13.41" pos="118.34" lane="2/1to1/1_0" slope="0.00"/>
        <vehicle id="32" x="142.62" y="398.35" angle="90.00" type="DEFAULT_VEHTYPE" speed="13.49" pos="142.62" lane="0/2to1/2_0" slope="0.00"/>
        <vehicle id="35" x="398.35" y="692.52" angle="0.00" type="DEFAULT_VEHTYPE" speed="13.51" pos="107.48" lane="2/4to2/3_0" slope="0.00"/>
        <vehicle id="37" x="755.90" y="598.35" angle="90.00" type="DEFAULT_VEHTYPE" speed="12.98" pos="151.15" lane="3/3to4/3_0" slope="0.00"/>
        <vehicle id="38" x="401.17" y="-0.72" angle="58.07" type="DEFAULT_VEHTYPE" speed="13.14" pos="3.96" lane=":2/0_0_0" slope="0.00"/>
        <vehicle id="41" x="201.65" y="230.45" angle="180.00" type="DEFAULT_VEHTYPE" speed="12.66" pos="25.70" lane="1/1to1/2_0" slope="0.00"/>
        <vehicle id="44" x="308.14" y="598.35" angle="90.00" type="DEFAULT_VEHTYPE" speed="13.11" pos="103.39" lane="1/3to2/3_0" slope="0.00"/>
        <vehicle id="48" x="194.97" y="398.35" angle="90.00" type="DEFAULT_VEHTYPE" speed="2.22" pos="194.97" lane="0/2to1/2_0" slope="0.00"/>
        <vehicle id="5" x="401.65" y="786.12" angle="180.00" type="DEFAULT_VEHTYPE" speed="13.74" pos="181.37" lane="2/3to2/4_0" slope="0.00"/>
        <vehicle id="7" x="146.75" y="401.65" angle="-90.00" type="DEFAULT_VEHTYPE" speed="13.54" pos="48.50" lane="1/2to0/2_0" slope="0.00"/>
        <vehicle id="8" x="398.35" y="605.30" angle="0.00" type="DEFAULT_VEHTYPE" speed="12.96" pos="194.70" lane="2/4to2/3_0" slope="0.00"/>
    </timestep>
    <timestep time="776.00">
        <vehicle id="0" x="176.88" y="401.65" angle="-90.00" type="DEFAULT_VEHTYPE" speed="11.15" pos="18.37" lane="1/2to0/2_0" slope="0.00"/>
        <vehicle id="1" x="118.74" y="201.65" angle="-90.00" type="DEFAULT_VEHTYPE" speed="12.97" pos="76.51" lane="1/1to0/1_0" slope="0.00"/>
        <vehicle id="17" x="3.98" y="401.65" angle="-90.00" type="DEFAULT_VEHTYPE" speed="13.51" pos="191.27" lane="1/2to0/2_0" slope="0.00"/>
        <vehicle id="18" x="64.04" y="401.65" angle="-90.00" type="DEFAULT_VEHTYPE" speed="13.86" pos="131.21" lane="1/2to0/2_0" slope="0.00"/>
        <vehicle id="21" x="300.25" y="401.65" angle="-90.00" type="DEFAULT_VEHTYPE" speed="12.69" pos="95.00" lane="2/2to1/2_0" slope="0.00"/>
        <vehicle id="22" x="196.20" y="198.22" angle="88.49" type="DEFAULT_VEHTYPE" speed="5.85" pos="0.95" lane=":1/1_12_0" slope="0.00"/>
        <vehicle id="24" x="391.75" y="598.35" angle="90.00" type="DEFAULT_VEHTYPE" speed="1.44" pos="187.00" lane="1/3to2/3_0" slope="0.00"/>
        <vehicle id="26" x="264.09" y="598.35" angle="90.00" type="DEFAULT_VEHTYPE" speed="12.64" pos="59.34" lane="1/3to2/3_0" slope="0.00"/>
        <vehicle id="28" x="264.29" y="201.65" angle="-90.00" type="DEFAULT_VEHTYPE" speed="12.62" pos="130.96" lane="2/1to1/1_0" slope="0.00"/>
        <vehicle id="32" x="155.29" y="398.35" angle="90.00" type="DEFAULT_VEHTYPE" speed="12.68" pos="155.29" lane="0/2to1/2_0" slope="0.00"/>
        <vehicle id="35" x="398.35" y="679.61" angle="0.00" type="DEFAULT_VEHTYPE" speed="12.91" pos="120.39" lane="2/4to2/3_0" slope="0.00"/>
        <vehicle id="37" x="768.85" y="598.35" angle="90.00" type="DEFAULT_VEHTYPE" speed="12.95" pos="164.10" lane="3/3to4/3_0" slope="0.00"/>
        <vehicle id="38" x="401.65" y="12.13" angle="180.00" type="DEFAULT_VEHTYPE" speed="12.99" pos="12.13" lane="2/0to2/1_0" slope="0.00"/>
        <vehicle id="41" x="201.65" y="243.25" angle="180.00" type="DEFAULT_VEHTYPE" speed="12.80" pos="38.50" lane="1/1to1/2_0" slope="0.00"/>
        <vehicle id="44" x="321.05" y="598.35" angle="90.00" type="DEFAULT_VEHTYPE" speed="12.91" pos="116.30" lane="1/3to2/3_0" slope="0.00"/>
        <vehicle id="48" x="199.51" y="399.63" angle="105.08" type="DEFAULT_VEHTYPE" speed="4.81" pos="4.53" lane=":1/2_14_0" slope="0.00"/>
        <vehicle id="5" x="401.65" y="799.75" angle="180.00" type="DEFAULT_VEHTYPE" speed="13.63" pos="195.00" lane="2/3to2/4_0" slope="0.00"/>
        <vehicle id="7" x="133.44" y="401.65" angle="-90.00" type="DEFAULT_VEHTYPE" speed="13.30" pos="61.81" lane="1/2to0/2_0" slope="0.00"/>
        <vehicle id="8" x="398.35" y="592.65" angle="0.00" type="DEFAULT_VEHTYPE" speed="12.64" pos="2.60" lane="2/3to2/2_0" slope="0.00"/>
    </timestep>
    <timestep time="777.00">
        <vehicle id="0" x="163.29" y="401.65" angle="-90.00" type="DEFAULT_VEHTYPE" speed="13.59" pos="31.96" lane="1/2to0/2_0" slope="0.00"/>
        <vehicle id="1" x="105.90" y="201.65" angle="-90.00" type="DEFAULT_VEHTYPE" speed="12.85" pos="89.35" lane="1/1to0/1_0" slope="0.00"/>
        <vehicle id="17" x="4.69" y="398.35" angle="87.99" type="DEFAULT_VEHTYPE" speed="13.49" pos="4.69" lane="0/2to1/2_0" slope="0.00"/>
        <vehicle id="18" x="50.50" y="401.65" angle="-90.00" type="DEFAULT_VEHTYPE" speed="13.54" pos="144.75" lane="1/2to0/2_0" slope="0.00"/>
        <vehicle id="21" x="287.43" y="401.65" angle="-90.00" type="DEFAULT_VEHTYPE" speed="12.82" pos="107.82" lane="2/2to1/2_0" slope="0.00"/>
        <vehicle id="22" x="198.35" y="191.55" angle="2.07" type="DEFAULT_VEHTYPE" speed="7.75" pos="3.70" lane="1/1to1/0_0" slope="0.00"/>
        <vehicle id="24" x="395.38" y="598.37" angle="90.21" type="DEFAULT_VEHTYPE" speed="3.63" pos="0.13" lane=":2/3_14_0" slope="0.00"/>
        <vehicle id="26" x="276.94" y="598.35" angle="90.00" type="DEFAULT_VEHTYPE" speed="12.85" pos="72.19" lane="1/3to2/3_0" slope="0.00"/>
        <vehicle id="28" x="251.29" y="201.65" angle="-90.00" type="DEFAULT_VEHTYPE" speed="13.00" pos="143.96" lane="2/1to1/1_0" slope="0.00"/>
        <vehicle id="32" x="168.25" y="398.35" angle="90.00" type="DEFAULT_VEHTYPE" speed="12.96" pos="168.25" lane="0/2to1/2_0" slope="0.00"/>
        <vehicle id="35" x="398.35" y="666.27" angle="0.00" type="DEFAULT_VEHTYPE" speed="13.34" pos="133.73" lane="2/4to2/3_0" slope="0.00"/>
        <vehicle id="37" x="781.66" y="598.35" angle="90.00" type="DEFAULT_VEHTYPE" speed="12.81" pos="176.91" lane="3/3to4/3_0" slope="0.00"/>
        <vehicle id="38" x="401.65" y="25.23" angle="180.00" type="DEFAULT_VEHTYPE" speed="13.10" pos="25.23" lane="2/0to2/1_0" slope="0.00"/>
        <vehicle id="41" x="201.65" y="256.58" angle="180.00" type="DEFAULT_VEHTYPE" speed="13.33" pos="51.83" lane="1/1to1/2_0" slope="0.00"/>
        <vehicle id="44" x="334.04" y="598.35" angle="90.00" type="DEFAULT_VEHTYPE" speed="12.99" pos="129.29" lane="1/3to2/3_0" slope="0.00"/>
        <vehicle id="48" x="201.65" y="405.50" angle="166.64" type="DEFAULT_VEHTYPE" speed="6.54" pos="0.75" lane="1/2to1/3_0" slope="0.00"/>
        <vehicle id="5" x="398.35" y="792.06" angle="0.00" type="DEFAULT_VEHTYPE" speed="13.01" pos="7.94" lane="2/4to2/3_0" slope="0.00"/>
        <vehicle id="7" x="119.96" y="401.65" angle="-90.00" type="DEFAULT_VEHTYPE" speed="13.49" pos="75.29" lane="1/2to0/2_0" slope="0.00"/>
        <vehicle id="8" x="398.35" y="579.11" angle="0.00" type="DEFAULT_VEHTYPE" speed="13.54" pos="16.14" lane="2/3to2/2_0" slope="0.00"/>
    </timestep>
    <timestep time="778.00">
        <vehicle id="0" x="150.34" y="401.65" angle="-90.00" type="DEFAULT_VEHTYPE" speed="12.94" pos="44.91" lane="1/2to0/2_0" slope="0.00"/>
        <vehicle id="1" x="93.04" y="201.65" angle="-90.00" type="DEFAULT_VEHTYPE" speed="12.85" pos="102.21" lane="1/1to0/1_0" slope="0.00"/>
        <vehicle id="17" x="17.93" y="398.35" angle="90.00" type="DEFAULT_VEHTYPE" speed="13.24" pos="17.93" lane="0/2to1/2_0" slope="0.00"/>
        <vehicle id="18" x="37.10" y="401.65" angle="-90.00" type="DEFAULT_VEHTYPE" speed="13.39" pos="158.15" lane="1/2to0/2_0" slope="0.00"/>
        <vehicle id="21" x="274.43" y="401.65" angle="-90.00" type="DEFAULT_VEHTYPE" speed="13.00" pos="120.82" lane="2/2to1/2_0" slope="0.00"/>
        <vehicle id="22" x="198.35" y="181.82" angle="0.00" type="DEFAULT_VEHTYPE" speed="9.73" pos="13.43" lane="1/1to1/0_0" slope="0.00"/>
        <vehicle id="24" x="400.51" y="600.71" angle="117.70" type="DEFAULT_VEHTYPE" speed="5.92" pos="6.05" lane=":2/3_14_0" slope="0.00"/>
        <vehicle id="26" x="289.78" y="598.35" angle="90.00" type="DEFAULT_VEHTYPE" speed="12.85" pos="85.03" lane="1/3to2/3_0" slope="0.00"/>
        <vehicle id="28" x="237.49" y="201.65" angle="-90.00" type="DEFAULT_VEHTYPE" speed="13.80" pos="157.76" lane="2/1to1/1_0" slope="0.00"/>
        <vehicle id="32" x="178.09" y="398.35" angle="90.00" type="DEFAULT_VEHTYPE" speed="9.84" pos="178.09" lane="0/2to1/2_0" slope="0.00"/>
        <vehicle id="35" x="398.35" y="653.55" angle="0.00" type="DEFAULT_VEHTYPE" speed="12.73" pos="146.45" lane="2/4to2/3_0" slope="0.00"/>
        <vehicle id="37" x="795.02" y="598.35" angle="90.00" type="DEFAULT_VEHTYPE" speed="13.37" pos="190.27" lane="3/3to4/3_0" slope="0.00"/>
        <vehicle id="38" x="401.65" y="38.45" angle="180.00" type="DEFAULT_VEHTYPE" speed="13.23" pos="38.45" lane="2/0to2/1_0" slope="0.00"/>
        <vehicle id="41" x="201.65" y="269.56" angle="180.00" type="DEFAULT_VEHTYPE" speed="12.98" pos="64.81" lane="1/1to1/2_0" slope="0.00"/>
        <vehicle id="44" x="346.77" y="598.35" angle="90.00" type="DEFAULT_VEHTYPE" speed="12.74" pos="142.02" lane="1/3to2/3_0" slope="0.00"/>
        <vehicle id="48" x="201.65" y="414.17" angle="180.00" type="DEFAULT_VEHTYPE" speed="8.67" pos="9.42" lane="1/2to1/3_0" slope="0.00"/>
        <vehicle id="5" x="398.35" y="779.15" angle="0.00" type="DEFAULT_VEHTYPE" speed="12.91" pos="20.85" lane="2/4to2/3_0" slope="0.00"/>
        <vehicle id="7" x="106.62" y="401.65" angle="-90.00" type="DEFAULT_VEHTYPE" speed="13.34" pos="88.63" lane="1/2to0/2_0" slope="0.00"/>
        <vehicle id="8" x="398.35" y="566.14" angle="0.00" type="DEFAULT_VEHTYPE" speed="12.97" pos="29.11" lane="2/3to2/2_0" slope="0.00"/>
    </timestep>
    <timestep time="779.00">
        <vehicle id="0" x="136.52" y="401.65" angle="-90.00" type="DEFAULT_VEHTYPE" speed="13.82" pos="58.73" lane="1/2to0/2_0" slope="0.00"/>
        <vehicle id="1" x="79.88" y="201.65" angle="-90.00" type="DEFAULT_VEHTYPE" speed="13.16" pos="115.37" lane="1/1to0/1_0" slope="0.00"/>
        <vehicle id="17" x="30.61" y="398.35" angle="90.00" type="DEFAULT_VEHTYPE" speed="12.68" pos="30.61" lane="0/2to1/2_0" slope="0.00"/>
        <vehicle id="18" x="24.07" y="401.65" angle="-90.00" type="DEFAULT_VEHTYPE" speed="13.03" pos="171.18" lane="1/2to0/2_0" slope="0.00"/>
        <vehicle id="21" x="261.54" y="401.65" angle="-90.00" type="DEFAULT_VEHTYPE" speed="12.89" pos="133.71" lane="2/2to1/2_0" slope="0.00"/>
        <vehicle id="22" x="198.35" y="170.38" angle="0.00" type="DEFAULT_VEHTYPE" speed="11.44" pos="24.87" lane="1/1to1/0_0" slope="0.00"/>
        <vehicle id="24" x="401.65" y="608.96" angle="178.71" type="DEFAULT_VEHTYPE" speed="8.48" pos="4.21" lane="2/3to2/4_0" slope="0.00"/>
        <vehicle id="26" x="303.41" y="598.35" angle="90.00" type="DEFAULT_VEHTYPE" speed="13.62" pos="98.66" lane="1/3to2/3_0" slope="0.00"/>
        <vehicle id="28" x="225.37" y="201.65" angle="-90.00" type="DEFAULT_VEHTYPE" speed="12.13" pos="169.88" lane="2/1to1/1_0" slope="0.00"/>
        <vehicle id="32" x="184.87" y="398.35" angle="90.00" type="DEFAULT_VEHTYPE" speed="6.78" pos="184.87" lane="0/2to1/2_0" slope="0.00"/>
        <vehicle id="35" x="398.35" y="640.54" angle="0.00" type="DEFAULT_VEHTYPE" speed="13.01" pos="159.46" lane="2/4to2/3_0" slope="0.00"/>
        <vehicle id="37" x="796.28" y="601.65" angle="-98.36" type="DEFAULT_VEHTYPE" speed="13.52" pos="3.72" lane="4/3to3/3_0" slope="0.00"/>
        <vehicle id="38" x="401.65" y="52.13" angle="180.00" type="DEFAULT_VEHTYPE" speed="13.68" pos="52.13" lane="2/0to2/1_0" slope="0.00"/>
        <vehicle id="41" x="201.65" y="282.68" angle="180.00" type="DEFAULT_VEHTYPE" speed="13.12" pos="77.93" lane="1/1to1/2_0" slope="0.00"/>
        <vehicle id="44" x="359.90" y="598.35" angle="90.00" type="DEFAULT_VEHTYPE" speed="13.13" pos="155.15" lane="1/3to2/3_0" slope="0.00"/>
        <vehicle id="48" x="201.65" y="424.86" angle="180.00" type="DEFAULT_VEHTYPE" speed="10.69" pos="20.11" lane="1/2to1/3_0" slope="0.00"/>
        <vehicle id="5" x="398.35" y="766.07" angle="0.00" type="DEFAULT_VEHTYPE" speed="13.08" pos="33.93" lane="2/4to2/3_0" slope="0.00"/>
        <vehicle id="7" x="93.88" y="401.65" angle="-90.00" type="DEFAULT_VEHTYPE" speed="12.74" pos="101.37" lane="1/2to0/2_0" slope="0.00"/>
        <vehicle id="8" x="398.35" y="552.58" angle="0.00" type="DEFAULT_VEHTYPE" speed="13.56" pos="42.67" lane="2/3to2/2_0" slope="0.00"/>
    </timestep>
    <timestep time="780.00">
        <vehicle id="0" x="123.22" y="401.65" angle="-90.00" type="DEFAULT_VEHTYPE" speed="13.29" pos="72.03" lane="1/2to0/2_0" slope="0.00"/>
        <vehicle id="1" x="67.13" y="201.65" angle="-90.00" type="DEFAULT_VEHTYPE" speed="12.75" pos="128.12" lane="1/1to0/1_0" slope="0.00"/>
        <vehicle id="17" x="43.51" y="398.35" angle="90.00" type="DEFAULT_VEHTYPE" speed="12.91" pos="43.51" lane="0/2to1/2_0" slope="0.00"/>
        <vehicle id="18" x="10.25" y="401.65" angle="-90.00" type="DEFAULT_VEHTYPE" speed="13.82" pos="185.00" lane="1/2to0/2_0" slope="0.00"/>
        <vehicle id="21" x="248.16" y="401.65" angle="-90.00" type="DEFAULT_VEHTYPE" speed="13.38" pos="147.09" lane="2/2to1/2_0" slope="0.00"/>
        <vehicle id="22" x="198.35" y="157.77" angle="0.00" type="DEFAULT_VEHTYPE" speed="12.61" pos="37.48" lane="1/1to1/0_0" slope="0.00"/>
        <vehicle id="24" x="401.65" y="619.06" angle="180.00" type="DEFAULT_VEHTYPE" speed="10.10" pos="14.31" lane="2/3to2/4_0" slope="0.00"/>
        <vehicle id="26" x="316.80" y="598.35" angle="90.00" type="DEFAULT_VEHTYPE" speed="13.39" pos="112.05" lane="1/3to2/3_0" slope="0.00"/>
        <vehicle id="28" x="216.91" y="201.65" angle="-90.00" type="DEFAULT_VEHTYPE" speed="8.45" pos="178.34" lane="2/1to1/1_0" slope="0.00"/>
        <vehicle id="32" x="189.60" y="398.35" angle="90.00" type="DEFAULT_VEHTYPE" speed="4.72" pos="189.60" lane="0/2to1/2_0" slope="0.00"/>
        <vehicle id="35" x="398.35" y="627.92" angle="0.00" type="DEFAULT_VEHTYPE" speed="12.62" pos="172.08" lane="2/4to2/3_0" slope="0.00"/>
        <vehicle id="37" x="782.54" y="601.65" angle="-90.00" type="DEFAULT_VEHTYPE" speed="13.73" pos="17.46" lane="4/3to3/3_0" slope="0.00"/>
        <vehicle id="38" x="401.65" y="65.08" angle="180.00" type="DEFAULT_VEHTYPE" speed="12.95" pos="65.08" lane="2/0to2/1_0" slope="0.00"/>
        <vehicle id="41" x="201.65" y="296.43" angle="180.00" type="DEFAULT_VEHTYPE" speed="13.75" pos="91.68" lane="1/1to1/2_0" slope="0.00"/>
        <vehicle id="44" x="372.54" y="598.35" angle="90.00" type="DEFAULT_VEHTYPE" speed="12.63" pos="167.79" lane="1/3to2/3_0" slope="0.00"/>
        <vehicle id="48" x="201.65" y="437.85" angle="180.00" type="DEFAULT_VEHTYPE" speed="12.99" pos="33.10" lane="1/2to1/3_0" slope="0.00"/>
        <vehicle id="5" x="398.35" y="752.46" angle="0.00" type="DEFAULT_VEHTYPE" speed="13.61" pos="47.54" lane="2/4to2/3_0" slope="0.00"/>
        <vehicle id="7" x="80.08" y="401.65" angle="-90.00" type="DEFAULT_VEHTYPE" speed="13.80" pos="115.17" lane="1/2to0/2_0" slope="0.00"/>
        <vehicle id="8" x="398.35" y="539.45" angle="0.00" type="DEFAULT_VEHTYPE" speed="13.13" pos="55.80" lane="2/3to2/2_0" slope="0.00"/>
    </timestep>
    <timestep time="781.00">
        <vehicle id="0" x="109.43" y="401.65" angle="-90.00" type="DEFAULT_VEHTYPE" speed="13.79" pos="85.82" lane="1/2to0/2_0" slope="0.00"/>
        <vehicle id="1" x="53.48" y="201.65" angle="-90.00" type="DEFAULT_VEHTYPE" speed="13.65" pos="141.77" lane="1/1to0/1_0" slope="0.00"/>
        <vehicle id="17" x="56.33" y="398.35" angle="90.00" type="DEFAULT_VEHTYPE" speed="12.82" pos="56.33" lane="0/2to1/2_0" slope="0.00"/>
        <vehicle id="18" x="-1.05" y="399.05" angle="-43.82" type="DEFAULT_VEHTYPE" speed="13.81" pos="3.56" lane=":0/2_0_0" slope="0.00"/>
        <vehicle id="21" x="235.17" y="401.65" angle="-90.00" type="DEFAULT_VEHTYPE" speed="12.99" pos="160.08" lane="2/2to1/2_0" slope="0.00"/>
        <vehicle id="22" x="198.35" y="144.15" angle="0.00" type="DEFAULT_VEHTYPE" speed="13.61" pos="51.10" lane="1/1to1/0_0" slope="0.00"/>
        <vehicle id="24" x="401.65" y="630.98" angle="180.00" type="DEFAULT_VEHTYPE" speed="11.92" pos="26.23" lane="2/3to2/4_0" slope="0.00"/>
        <vehicle id="26" x="330.53" y="598.35" angle="90.00" type="DEFAULT_VEHTYPE" speed="13.74" pos="125.78" lane="1/3to2/3_0" slope="0.00"/>
        <vehicle id="28" x="212.26" y="201.65" angle="-90.00" type="DEFAULT_VEHTYPE" speed="4.65" pos="182.99" lane="2/1to1/1_0" slope="0.00"/>
        <vehicle id="32" x="196.30" y="398.50" angle="91.72" type="DEFAULT_VEHTYPE" speed="6.71" pos="1.06" lane=":1/2_14_0" slope="0.00"/>
        <vehicle id="35" x="398.35" y="614.84" angle="0.00" type="DEFAULT_VEHTYPE" speed="13.08" pos="185.16" lane="2/4to2/3_0" slope="0.00"/>
        <vehicle id="37" x="769.59" y="601.65" angle="-90.00" type="DEFAULT_VEHTYPE" speed="12.95" pos="30.41" lane="4/3to3/3_0" slope="0.00"/>
        <vehicle id="38" x="401.65" y="78.11" angle="180.00" type="DEFAULT_VEHTYPE" speed="13.03" pos="78.11" lane="2/0to2/1_0" slope="0.00"/>
        <vehicle id="41" x="201.65" y="309.27" angle="180.00" type="DEFAULT_VEHTYPE" speed="12.84" pos="104.52" lane="1/1to1/2_0" slope="0.00"/>
        <vehicle id="44" x="381.95" y="598.35" angle="90.00" type="DEFAULT_VEHTYPE" speed="9.41" pos="177.20" lane="1/3to2/3_0" slope="0.00"/>
        <vehicle id="48" x="201.65" y="450.97" angle="180.00" type="DEFAULT_VEHTYPE" speed="13.13" pos="46.22" lane="1/2to1/3_0" slope="0.00"/>
        <vehicle id="5" x="398.35" y="738.79" angle="0.00" type="DEFAULT_VEHTYPE" speed="13.67" pos="61.21" lane="2/4to2/3_0" slope="0.00"/>
        <vehicle id="7" x="66.81" y="401.65" angle="-90.00" type="DEFAULT_VEHTYPE" speed="13.26" pos="128.44" lane="1/2to0/2_0" slope="0.00"/>
        <vehicle id="8" x="398.35" y="526.25" angle="0.00" type="DEFAULT_VEHTYPE" speed="13.20" pos="69.00" lane="2/3to2/2_0" slope="0.00"/>
    </timestep>
    <timestep time="782.00">
        <vehicle id="0" x="95.74" y="401.65" angle="-90.00" type="DEFAULT_VEHTYPE" speed="13.70" pos="99.51" lane="1/2to0/2_0" slope="0.00"/>
        <vehicle id="1" x="40.03" y="201.65" angle="-90.00" type="DEFAULT_VEHTYPE" speed="13.45" pos="155.22" lane="1/1to0/1_0" slope="0.00"/>
        <vehicle id="17" x="69.25" y="398.35" angle="90.00" type="DEFAULT_VEHTYPE" speed="12.92" pos="69.25" lane="0/2to1/2_0" slope="0.00"/>
        <vehicle id="18" x="11.84" y="398.35" angle="90.00" type="DEFAULT_VEHTYPE" speed="13.10" pos="11.84" lane="0/2to1/2_0" slope="0.00"/>
        <vehicle id="21" x="223.38" y="401.65" angle="-90.00" type="DEFAULT_VEHTYPE" speed="11.79" pos="171.87" lane="2/2to1/2_0" slope="0.00"/>
        <vehicle id="22" x="198.35" y="131.17" angle="0.00" type="DEFAULT_VEHTYPE" speed="12.99" pos="64.08" lane="1/1to1/0_0" slope="0.00"/>
        <vehicle id="24" x="401.65" y="644.29" angle="180.00" type="DEFAULT_VEHTYPE" speed="13.31" pos="39.54" lane="2/3to2/4_0" slope="0.00"/>
        <vehicle id="26" x="344.25" y="598.35" angle="90.00" type="DEFAULT_VEHTYPE" speed="13.72" pos="139.50" lane="1/3to2/3_0" slope="0.00"/>
        <vehicle id="28" x="209.34" y="201.65" angle="-90.00" type="DEFAULT_VEHTYPE" speed="2.92" pos="185.91" lane="2/1to1/1_0" slope="0.00"/>
        <vehicle id="32" x="201.63" y="404.64" angle="161.47" type="DEFAULT_VEHTYPE" speed="9.15" pos="10.21" lane=":1/2_14_0" slope="0.00"/>
        <vehicle id="35" x="398.35" y="601.42" angle="0.00" type="DEFAULT_VEHTYPE" speed="13.43" pos="3.33" lane=":2/3_1_0" slope="0.00"/>
        <vehicle id="37" x="756.09" y="601.65" angle="-90.00" type="DEFAULT_VEHTYPE" speed="13.49" pos="43.91" lane="4/3to3/3_0" slope="0.00"/>
        <vehicle id="38" x="401.65" y="90.96" angle="180.00" type="DEFAULT_VEHTYPE" speed="12.85" pos="90.96" lane="2/0to2/1_0" slope="0.00"/>
        <vehicle id="41" x="201.65" y="322.15" angle="180.00" type="DEFAULT_VEHTYPE" speed="12.89" pos="117.40" lane="1/1to1/2_0" slope="0.00"/>
        <vehicle id="44" x="387.57" y="598.35" angle="90.00" type="DEFAULT_VEHTYPE" speed="5.62" pos="182.82" lane="1/3to2/3_0" slope="0.00"/>
        <vehicle id="48" x="201.65" y="464.04" angle="180.00" type="DEFAULT_VEHTYPE" speed="13.07" pos="59.29" lane="1/2to1/3_0" slope="0.00"/>
        <vehicle id="5" x="398.35" y="725.82" angle="0.00" type="DEFAULT_VEHTYPE" speed="12.98" pos="74.18" lane="2/4to2/3_0" slope="0.00"/>
        <vehicle id="7" x="53.14" y="401.65" angle="-90.00" type="DEFAULT_VEHTYPE" speed="13.67" pos="142.11" lane="1/2to0/2_0" slope="0.00"/>
        <vehicle id="8" x="398.35" y="513.28" angle="0.00" type="DEFAULT_VEHTYPE" speed="12.97" pos="81.97" lane="2/3to2/2_0" slope="0.00"/>
    </timestep>
    <timestep time="783.00">
        <vehicle id="0" x="82.19" y="401.65" angle="-90.00" type="DEFAULT_VEHTYPE" speed="13.55" pos="113.06" lane="1/2to0/2_0" slope="0.00"/>
        <vehicle id="1" x="26.62" y="201.65" angle="-90.00" type="DEFAULT_VEHTYPE" speed="13.41" pos="168.63" lane="1/1to0/1_0" slope="0.00"/>
        <vehicle id="17" x="81.87" y="398.35" angle="90.00" type="DEFAULT_VEHTYPE" speed="12.61" pos="81.87" lane="0/2to1/2_0" slope="0.00"/>
        <vehicle id="18" x="25.20" y="398.35" angle="90.00" type="DEFAULT_VEHTYPE" speed="13.36" pos="25.20" lane="0/2to1/2_0" slope="0.00"/>
        <vehicle id="21" x="215.68" y="401.65" angle="-90.00" type="DEFAULT_VEHTYPE" speed="7.70" pos="179.57" lane="2/2to1/2_0" slope="0.00"/>
        <vehicle id="22" x="198.35" y="118.11" angle="0.00" type="DEFAULT_VEHTYPE" speed="13.05" pos="77.14" lane="1/1to1/0_0" slope="0.00"/>
        <vehicle id="24" x="401.65" y="657.72" angle="180.00" type="DEFAULT_VEHTYPE" speed="13.42" pos="52.97" lane="2/3to2/4_0" slope="0.00"/>
        <vehicle id="26" x="357.71" y="598.35" angle="90.00" type="DEFAULT_VEHTYPE" speed="13.45" pos="152.96" lane="1/3to2/3_0" slope="0.00"/>
        <vehicle id="28" x="204.70" y="201.66" angle="-90.08" type="DEFAULT_VEHTYPE" speed="4.65" pos="0.05" lane=":1/1_4_0" slope="0.00"/>
        <vehicle id="32" x="201.65" y="416.09" angle="180.00" type="DEFAULT_VEHTYPE" speed="11.45" pos="11.34" lane="1/2to1/3_0" slope="0.00"/>
        <vehicle id="35" x="398.35" y="588.24" angle="0.00" type="DEFAULT_VEHTYPE" speed="13.18" pos="7.01" lane="2/3to2/2_0" slope="0.00"/>
        <vehicle id="37" x="742.70" y="601.65" angle="-90.00" type="DEFAULT_VEHTYPE" speed="13.39" pos="57.30" lane="4/3to3/3_0" slope="0.00"/>
        <vehicle id="38" x="401.65" y="103.93" angle="180.00" type="DEFAULT_VEHTYPE" speed="12.97" pos="103.93" lane="2/0to2/1_0" slope="0.00"/>
        <vehicle id="41" x="201.65" y="334.88" angle="180.00" type="DEFAULT_VEHTYPE" speed="12.73" pos="130.13" lane="1/1to1/2_0" slope="0.00"/>
        <vehicle id="44" x="390.14" y="598.35" angle="90.00" type="DEFAULT_VEHTYPE" speed="2.57" pos="185.39" lane="1/3to2/3_0" slope="0.00"/>
        <vehicle id="48" x="201.65" y="477.25" angle="180.00" type="DEFAULT_VEHTYPE" speed="13.21" pos="72.50" lane="1/2to1/3_0" slope="0.00"/>
        <vehicle id="5" x="398.35" y="711.94" angle="0.00" type="DEFAULT_VEHTYPE" speed="13.88" pos="88.06" lane="2/4to2/3_0" slope="0.00"/>
        <vehicle id="7" x="39.37" y="401.65" angle="-90.00" type="DEFAULT_VEHTYPE" speed="13.77" pos="155.88" lane="1/2to0/2_0" slope="0.00"/>
        <vehicle id="8" x="398.35" y="500.56" angle="0.00" type="DEFAULT_VEHTYPE" speed="12.72" pos="94.69" lane="2/3to2/2_0" slope="0.00"/>
    </timestep>
    <timestep time="784.00">
        <vehicle id="0" x="69.21" y="401.65" angle="-90.00" type="DEFAULT_VEHTYPE" speed="12.98" pos="126.04" lane="1/2to0/2_0" slope="0.00"/>
        <vehicle id="1" x="13.90" y="201.65" angle="-90.00" type="DEFAULT_VEHTYPE" speed="12.72" pos="181.35" lane="1/1to0/1_0" slope="0.00"/>
        <vehicle id="17" x="94.62" y="398.35" angle="90.00" type="DEFAULT_VEHTYPE" speed="12.75" pos="94.62" lane="0/2to1/2_0" slope="0.00"/>
        <vehicle id="18" x="37.96" y="398.35" angle="90.00" type="DEFAULT_VEHTYPE" speed="12.76" pos="37.96" lane="0/2to1/2_0" slope="0.00"/>
        <vehicle id="21" x="211.10" y="401.65" angle="-90.00" type="DEFAULT_VEHTYPE" speed="4.58" pos="184.15" lane="2/2to1/2_0" slope="0.00"/>
        <vehicle id="22" x="198.35" y="105.34" angle="0.00" type="DEFAULT_VEHTYPE" speed="12.77" pos="89.91" lane="1/1to1/0_0" slope="0.00"/>
        <vehicle id="24" x="401.65" y="670.73" angle="180.00" type="DEFAULT_VEHTYPE" speed="13.01" pos="65.98" lane="2/3to2/4_0" slope="0.00"/>
        <vehicle id="26" x="368.51" y="598.35" angle="90.00" type="DEFAULT_VEHTYPE" speed="10.80" pos="163.76" lane="1/3to2/3_0" slope="0.00"/>
        <vehicle id="28" x="201.65" y="206.30" angle="-160.05" type="DEFAULT_VEHTYPE" speed="6.50" pos="1.55" lane="1/1to1/2_0" slope="0.00"/>
        <vehicle id="32" x="201.65" y="429.02" angle="180.00" type="DEFAULT_VEHTYPE" speed="12.93" pos="24.27" lane="1/2to1/3_0" slope="0.00"/>
        <vehicle id="35" x="398.35" y="575.10" angle="0.00" type="DEFAULT_VEHTYPE" speed="13.14" pos="20.15" lane="2/3to2/2_0" slope="0.00"/>
        <vehicle id="37" x="728.92" y="601.65" angle="-90.00" type="DEFAULT_VEHTYPE" speed="13.78" pos="71.08" lane="4/3to3/3_0" slope="0.00"/>
        <vehicle id="38" x="401.65" y="116.56" angle="180.00" type="DEFAULT_VEHTYPE" speed="12.63" pos="116.56" lane="2/0to2/1_0" slope="0.00"/>
        <vehicle id="41" x="201.65" y="348.45" angle="180.00" type="DEFAULT_VEHTYPE" speed="13.57" pos="143.70" lane="1/1to1/2_0" slope="0.00"/>
        <vehicle id="44" x="394.89" y="598.35" angle="90.00" type="DEFAULT_VEHTYPE" speed="4.75" pos="190.14" lane="1/3to2/3_0" slope="0.00"/>
        <vehicle id="48" x="201.65" y="490.84" angle="180.00" type="DEFAULT_VEHTYPE" speed="13.59" pos="86.09" lane="1/2to1/3_0" slope="0.00"/>
        <vehicle id="5" x="398.35" y="699.19" angle="0.00" type="DEFAULT_VEHTYPE" speed="12.75" pos="100.81" lane="2/4to2/3_0" slope="0.00"/>
        <vehicle id="7" x="26.42" y="401.65" angle="-90.00" type="DEFAULT_VEHTYPE" speed="12.95" pos="168.83" lane="1/2to0/2_0" slope="0.00"/>
        <vehicle id="8" x="398.35" y="487.05" angle="0.00" type="DEFAULT_VEHTYPE" speed="13.51" pos="108.20" lane="2/3to2/2_0" slope="0.00"/>
    </timestep>
    <timestep time="785.00">
        <vehicle id="0" x="55.41" y="401.65" angle="-90.00" type="DEFAULT_VEHTYPE" speed="13.79" pos="139.84" lane="1/2to0/2_0" slope="0.00"/>
        <vehicle id="1" x="0.32" y="201.65" angle="-90.00" type="DEFAULT_VEHTYPE" speed="13.58" pos="194.93" lane="1/1to0/1_0" slope="0.00"/>
        <vehicle id="17" x="107.27" y="398.35" angle="90.00" type="DEFAULT_VEHTYPE" speed="12.65" pos="107.27" lane="0/2to1/2_0" slope="0.00"/>
        <vehicle id="18" x="51.56" y="398.35" angle="90.00" type="DEFAULT_VEHTYPE" speed="13.61" pos="51.56" lane="0/2to1/2_0" slope="0.00"/>
        <vehicle id="21" x="203.95" y="401.65" angle="-90.00" type="DEFAULT_VEHTYPE" speed="7.15" pos="0.80" lane=":1/2_5_0" slope="0.00"/>
        <vehicle id="22" x="198.35" y="92.21" angle="0.00" type="DEFAULT_VEHTYPE" speed="13.13" pos="103.04" lane="1/1to1/0_0" slope="0.00"/>
        <vehicle id="24" x="401.65" y="683.68" angle="180.00" type="DEFAULT_VEHTYPE" speed="12.95" pos="78.93" lane="2/3to2/4_0" slope="0.00"/>
        <vehicle id="26" x="378.60" y="598.35" angle="90.00" type="DEFAULT_VEHTYPE" speed="10.09" pos="173.85" lane="1/3to2/3_0" slope="0.00"/>
        <vehicle id="28" x="201.65" y="214.88" angle="180.00" type="DEFAULT_VEHTYPE" speed="8.57" pos="10.13" lane="1/1to1/2_0" slope="0.00"/>
        <vehicle id="32" x="201.65" y="442.57" angle="180.00" type="DEFAULT_VEHTYPE" speed="13.55" pos="37.82" lane="1/2to1/3_0" slope="0.00"/>
        <vehicle id="35" x="398.35" y="561.54" angle="0.00" type="DEFAULT_VEHTYPE" speed="13.56" pos="33.71" lane="2/3to2/2_0" slope="0.00"/>
        <vehicle id="37" x="715.45" y="601.65" angle="-90.00" type="DEFAULT_VEHTYPE" speed="13.47" pos="84.55" lane="4/3to3/3_0" slope="0.00"/>
        <vehicle id="38" x="401.65" y="130.02" angle="180.00" type="DEFAULT_VEHTYPE" speed="13.46" pos="130.02" lane="2/0to2/1_0" slope="0.00"/>
        <vehicle id="41" x="201.65" y="361.65" angle="180.00" type="DEFAULT_VEHTYPE" speed="13.20" pos="156.90" lane="1/1to1/2_0" slope="0.00"/>
        <vehicle id="44" x="400.76" y="601.13" angle="122.75" type="DEFAULT_VEHTYPE" speed="6.90" pos="6.54" lane=":2/3_14_0" slope="0.00"/>
        <vehicle id="48" x="201.65" y="504.46" angle="180.00" type="DEFAULT_VEHTYPE" speed="13.62" pos="99.71" lane="1/2to1/3_0" slope="0.00"/>
        <vehicle id="5" x="398.35" y="686.35" angle="0.00" type="DEFAULT_VEHTYPE" speed="12.84" pos="113.65" lane="2/4to2/3_0" slope="0.00"/>
        <vehicle id="7" x="13.06" y="401.65" angle="-90.00" type="DEFAULT_VEHTYPE" speed="13.36" pos="182.19" lane="1/2to0/2_0" slope="0.00"/>
        <vehicle id="8" x="398.35" y="473.92" angle="0.00" type="DEFAULT_VEHTYPE" speed="13.13" pos="121.33" lane="2/3to2/2_0" slope="0.00"/>
    </timestep>
    <timestep time="786.00">
        <vehicle id="0" x="42.71" y="401.65" angle="-90.00" type="DEFAULT_VEHTYPE" speed="12.70" pos="152.54" lane="1/2to0/2_0" slope="0.00"/>
        <vehicle id="1" x="7.94" y="198.35" angle="90.00" type="DEFAULT_VEHTYPE" speed="13.07" pos="7.94" lane="0/1to1/1_0" slope="0.00"/>
        <vehicle id="17" x="120.09" y="398.35" angle="90.00" type="DEFAULT_VEHTYPE" speed="12.82" pos="120.09" lane="0/2to1/2_0" slope="0.00"/>
        <vehicle id="18" x="64.92" y="398.35" angle="90.00" type="DEFAULT_VEHTYPE" speed="13.35" pos="64.92" lane="0/2to1/2_0" slope="0.00"/>
        <vehicle id="21" x="195.46" y="401.65" angle="-90.00" type="DEFAULT_VEHTYPE" speed="8.49" pos="9.29" lane=":1/2_5_0" slope="0.00"/>
        <vehicle id="22" x="198.35" y="78.39" angle="0.00" type="DEFAULT_VEHTYPE" speed="13.82" pos="116.86" lane="1/1to1/0_0" slope="0.00"/>
        <vehicle id="24" x="401.65" y="697.30" angle="180.00" type="DEFAULT_VEHTYPE" speed="13.63" pos="92.55" lane="2/3to2/4_0" slope="0.00"/>
        <vehicle id="26" x="385.98" y="598.35" angle="90.00" type="DEFAULT_VEHTYPE" speed="7.38" pos="181.23" lane="1/3to2/3_0" slope="0.00"/>
        <vehicle id="28" x="201.65" y="225.61" angle="180.00" type="DEFAULT_VEHTYPE" speed="10.73" pos="20.86" lane="1/1to1/2_0" slope="0.00"/>
        <vehicle id="32" x="201.65" y="455.47" angle="180.00" type="DEFAULT_VEHTYPE" speed="12.91" pos="50.72" lane="1/2to1/3_0" slope="0.00"/>
        <vehicle id="35" x="398.35" y="547.82" angle="0.00" type="DEFAULT_VEHTYPE" speed="13.72" pos="47.43" lane="2/3to2/2_0" slope="0.00"/>
        <vehicle id="37" x="702.18" y="601.65" angle="-90.00" type="DEFAULT_VEHTYPE" speed="13.27" pos="97.82" lane="4/3to3/3_0" slope="0.00"/>
        <vehicle id="38" x="401.65" y="143.23" angle="180.00" type="DEFAULT_VEHTYPE" speed="13.21" pos="143.23" lane="2/0to2/1_0" slope="0.00"/>
        <vehicle id="41" x="201.65" y="375.32" angle="180.00" type="DEFAULT_VEHTYPE" speed="13.66" pos="170.57" lane="1/1to1/2_0" slope="0.00"/>
        <vehicle id="44" x="401.65" y="609.66" angle="179.84" type="DEFAULT_VEHTYPE" speed="8.69" pos="4.91" lane="2/3to2/4_0" slope="0.00"/>
        <vehicle id="48" x="201.65" y="517.25" angle="180.00" type="DEFAULT_VEHTYPE" speed="12.79" pos="112.50" lane="1/2to1/3_0" slope="0.00"/>
        <vehicle id="5" x="398.35" y="672.65" angle="0.00" type="DEFAULT_VEHTYPE" speed="13.70" pos="127.35" lane="2/4to2/3_0" slope="0.00"/>
        <vehicle id="7" x="0.41" y="401.65" angle="-90.00" type="DEFAULT_VEHTYPE" speed="12.65" pos="194.84" lane="1/2to0/2_0" slope="0.00"/>
        <vehicle id="8" x="398.35" y="460.21" angle="0.00" type="DEFAULT_VEHTYPE" speed="13.71" pos="135.04" lane="2/3to2/2_0" slope="0.00"/>
    </timestep>
    <timestep time="787.00">
        <vehicle id="0" x="29.33" y="401.65" angle="-90.00" type="DEFAULT_VEHTYPE" speed="13.38" pos="165.92" lane="1/2to0/2_0" slope="0.00"/>
        <vehicle id="1" x="21.02" y="198.35" angle="90.00" type="DEFAULT_VEHTYPE" speed="13.08" pos="21.02" lane="0/1to1/1_0" slope="0.00"/>
        <vehicle id="17" x="133.31" y="398.35" angle="90.00" type="DEFAULT_VEHTYPE" speed="13.22" pos="133.31" lane="0/2to1/2_0" slope="0.00"/>
        <vehicle id="18" x="78.43" y="398.35" angle="90.00" type="DEFAULT_VEHTYPE" speed="13.51" pos="78.43" lane="0/2to1/2_0" slope="0.00"/>
        <vehicle id="21" x="184.61" y="401.65" angle="-90.00" type="DEFAULT_VEHTYPE" speed="10.85" pos="10.64" lane="1/2to0/2_0" slope="0.00"/>
        <vehicle id="22" x="198.35" y="64.80" angle="0.00" type="DEFAULT_VEHTYPE" speed="13.59" pos="130.45" lane="1/1to1/0_0" slope="0.00"/>
        <vehicle id="24" x="401.65" y="710.53" angle="180.00" type="DEFAULT_VEHTYPE" speed="13.22" pos="105.78" lane="2/3to2/4_0" slope="0.00"/>
        <vehicle id="26" x="389.61" y="598.35" angle="90.00" type="DEFAULT_VEHTYPE" speed="3.62" pos="184.86" lane="1/3to2/3_0" slope="0.00"/>
        <vehicle id="28" x="201.65" y="238.28" angle="180.00" type="DEFAULT_VEHTYPE" speed="12.68" pos="33.53" lane="1/1to1/2_0" slope="0.00"/>
        <vehicle id="32" x="201.65" y="468.32" angle="180.00" type="DEFAULT_VEHTYPE" speed="12.84" pos="63.57" lane="1/2to1/3_0" slope="0.00"/>
        <vehicle id="35" x="398.35" y="534.39" angle="0.00" type="DEFAULT_VEHTYPE" speed="13.44" pos="60.86" lane="2/3to2/2_0" slope="0.00"/>
        <vehicle id="37" x="689.15" y="601.65" angle="-90.00" type="DEFAULT_VEHTYPE" speed="13.03" pos="110.85" lane="4/3to3/3_0" slope="0.00"/>
        <vehicle id="38" x="401.65" y="156.44" angle="180.00" type="DEFAULT_VEHTYPE" speed="13.21" pos="156.44" lane="2/0to2/1_0" slope="0.00"/>
        <vehicle id="41" x="201.65" y="388.34" angle="180.00" type="DEFAULT_VEHTYPE" speed="13.03" pos="183.59" lane="1/1to1/2_0" slope="0.00"/>
        <vehicle id="44" x="401.65" y="620.07" angle="180.00" type="DEFAULT_VEHTYPE" speed="10.42" pos="15.32" lane="2/3to2/4_0" slope="0.00"/>
        <vehicle id="48" x="201.65" y="530.23" angle="180.00" type="DEFAULT_VEHTYPE" speed="12.98" pos="125.48" lane="1/2to1/3_0" slope="0.00"/>
        <vehicle id="5" x="398.35" y="659.38" angle="0.00" type="DEFAULT_VEHTYPE" speed="13.27" pos="140.62" lane="2/4to2/3_0" slope="0.00"/>
        <vehicle id="7" x="8.55" y="398.35" angle="90.00" type="DEFAULT_VEHTYPE" speed="13.78" pos="8.55" lane="0/2to1/2_0" slope="0.00"/>
        <vehicle id="8" x="398.35" y="446.80" angle="0.00" type="DEFAULT_VEHTYPE" speed="13.41" pos="148.45" lane="2/3to2/2_0" slope="0.00"/>
    </timestep>
    <timestep time="788.00">
        <vehicle id="0" x="16.04" y="401.65" angle="-90.00" type="DEFAULT_VEHTYPE" speed="13.29" pos="179.21" lane="1/2to0/2_0" slope="0.00"/>
        <vehicle id="1" x="34.72" y="198.35" angle="90.00" type="DEFAULT_VEHTYPE" speed="13.70" pos="34.72" lane="0/1to1/1_0" slope="0.00"/>
        <vehicle id="17" x="147.11" y="398.35" angle="90.00" type="DEFAULT_VEHTYPE" speed="13.80" pos="147.11" lane="0/2to1/2_0" slope="0.00"/>
        <vehicle id="18" x="91.19" y="398.35" angle="90.00" type="DEFAULT_VEHTYPE" speed="12.76" pos="91.19" lane="0/2to1/2_0" slope="0.00"/>
        <vehicle id="21" x="171.56" y="401.65" angle="-90.00" type="DEFAULT_VEHTYPE" speed="13.05" pos="23.69" lane="1/2to0/2_0" slope="0.00"/>
        <vehicle id="22" x="198.35" y="51.91" angle="0.00" type="DEFAULT_VEHTYPE" speed="12.89" pos="143.34" lane="1/1to1/0_0" slope="0.00"/>
        <vehicle id="24" x="401.65" y="724.07" angle="180.00" type="DEFAULT_VEHTYPE" speed="13.54" pos="119.32" lane="2/3to2/4_0" slope="0.00"/>
        <vehicle id="26" x="394.96" y="598.35" angle="90.00" type="DEFAULT_VEHTYPE" speed="5.35" pos="190.21" lane="1/3to2/3_0" slope="0.00"/>
        <vehicle id="28" x="201.65" y="251.12" angle="180.00" type="DEFAULT_VEHTYPE" speed="12.84" pos="46.37" lane="1/1to1/2_0" slope="0.00"/>
        <vehicle id="32" x="201.65" y="481.33" angle="180.00" type="DEFAULT_VEHTYPE" speed="13.01" pos="76.58" lane="1/2to1/3_0" slope="0.00"/>
        <vehicle id="35" x="398.35" y="521.40" angle="0.00" type="DEFAULT_VEHTYPE" speed="12.99" pos="73.85" lane="2/3to2/2_0" slope="0.00"/>
        <vehicle id="37" x="676.00" y="601.65" angle="-90.00" type="DEFAULT_VEHTYPE" speed="13.15" pos="124.00" lane="4/3to3/3_0" slope="0.00"/>
        <vehicle id="38" x="401.65" y="170.10" angle="180.00" type="DEFAULT_VEHTYPE" speed="13.66" pos="170.10" lane="2/0to2/1_0" slope="0.00"/>
        <vehicle id="41" x="201.65" y="401.36" angle="180.00" type="DEFAULT_VEHTYPE" speed="13.02" pos="6.11" lane=":1/2_9_0" slope="0.00"/>
        <vehicle id="44" x="401.65" y="632.38" angle="180.00" type="DEFAULT_VEHTYPE" speed="12.31" pos="27.63" lane="2/3to2/4_0" slope="0.00"/>
        <vehicle id="48" x="201.65" y="542.88" angle="180.00" type="DEFAULT_VEHTYPE" speed="12.65" pos="138.13" lane="1/2to1/3_0" slope="0.00"/>
        <vehicle id="5" x="398.35" y="645.79" angle="0.00" type="DEFAULT_VEHTYPE" speed="13.58" pos="154.21" lane="2/4to2/3_0" slope="0.00"/>
        <vehicle id="7" x="22.18" y="398.35" angle="90.00" type="DEFAULT_VEHTYPE" speed="13.63" pos="22.18" lane="0/2to1/2_0" slope="0.00"/>
        <vehicle id="8" x="398.35" y="433.30" angle="0.00" type="DEFAULT_VEHTYPE" speed="13.50" pos="161.95" lane="2/3to2/2_0" slope="0.00"/>
    </timestep>
    <timestep time="789.00">
        <vehicle id="0" x="2.88" y="401.65" angle="-90.00" type="DEFAULT_VEHTYPE" speed="13.15" pos="192.37" lane="1/2to0/2_0" slope="0.00"/>
        <vehicle id="1" x="47.33" y="198.35" angle="90.00" type="DEFAULT_VEHTYPE" speed="12.61" pos="47.33" lane="0/1to1/1_0" slope="0.00"/>
        <vehicle id="17" x="159.98" y="398.35" angle="90.00" type="DEFAULT_VEHTYPE" speed="12.87" pos="159.98" lane="0/2to1/2_0" slope="0.00"/>
        <vehicle id="18" x="104.85" y="398.35" angle="90.00" type="DEFAULT_VEHTYPE" speed="13.66" pos="104.85" lane="0/2to1/2_0" slope="0.00"/>
        <vehicle id="21" x="158.23" y="401.65" angle="-90.00" type="DEFAULT_VEHTYPE" speed="13.33" pos="37.02" lane="1/2to0/2_0" slope="0.00"/>
        <vehicle id="22" x="198.35" y="38.62" angle="0.00" type="DEFAULT_VEHTYPE" speed="13.29" pos="156.63" lane="1/1to1/0_0" slope="0.00"/>
        <vehicle id="24" x="401.65" y="737.80" angle="180.00" type="DEFAULT_VEHTYPE" speed="13.73" pos="133.05" lane="2/3to2/4_0" slope="0.00"/>
        <vehicle id="26" x="400.96" y="601.47" angle="126.89" type="DEFAULT_VEHTYPE" speed="7.23" pos="6.94" lane=":2/3_14_0" slope="0.00"/>
        <vehicle id="28" x="201.65" y="264.56" angle="180.00" type="DEFAULT_VEHTYPE" speed="13.44" pos="59.81" lane="1/1to1/2_0" slope="0.00"/>
        <vehicle id="32" x="201.65" y="495.14" angle="180.00" type="DEFAULT_VEHTYPE" speed="13.81" pos="90.39" lane="1/2to1/3_0" slope="0.00"/>
        <vehicle id="35" x="398.35" y="508.60" angle="0.00" type="DEFAULT_VEHTYPE" speed="12.80" pos="86.65" lane="2/3to2/2_0" slope="0.00"/>
        <vehicle id="37" x="662.25" y="601.65" angle="-90.00" type="DEFAULT_VEHTYPE" speed="13.75" pos="137.75" lane="4/3to3/3_0" slope="0.00"/>
        <vehicle id="38" x="401.65" y="182.92" angle="180.00" type="DEFAULT_VEHTYPE" speed="12.83" pos="182.92" lane="2/0to2/1_0" slope="0.00"/>
        <vehicle id="41" x="201.65" y="414.54" angle="180.00" type="DEFAULT_VEHTYPE" speed="13.18" pos="9.79" lane="1/2to1/3_0" slope="0.00"/>
        <vehicle id="44" x="401.65" y="645.77" angle="180.00" type="DEFAULT_VEHTYPE" speed="13.39" pos="41.02" lane="2/3to2/4_0" slope="0.00"/>
        <vehicle id="48" x="201.65" y="555.71" angle="180.00" type="DEFAULT_VEHTYPE" speed="12.83" pos="150.96" lane="1/2to1/3_0" slope="0.00"/>
        <vehicle id="5" x="398.35" y="633.19" angle="0.00" type="DEFAULT_VEHTYPE" speed="12.61" pos="166.81" lane="2/4to2/3_0" slope="0.00"/>
        <vehicle id="7" x="35.98" y="398.35" angle="90.00" type="DEFAULT_VEHTYPE" speed="13.80" pos="35.98" lane="0/2to1/2_0" slope="0.00"/>
        <vehicle id="8" x="398.35" y="420.51" angle="0.00" type="DEFAULT_VEHTYPE" speed="12.79" pos="174.74" lane="2/3to2/2_0" slope="0.00"/>
    </timestep>
    <timestep time="790.00">
        <vehicle id="0" x="5.05" y="398.35" angle="90.00" type="DEFAULT_VEHTYPE" speed="12.76" pos="5.05" lane="0/2to1/2_0" slope="0.00"/>
        <vehicle id="1" x="60.45" y="198.35" angle="90.00" type="DEFAULT_VEHTYPE" speed="13.12" pos="60.45" lane="0/1to1/1_0" slope="0.00"/>
        <vehicle id="17" x="173.00" y="398.35" angle="90.00" type="DEFAULT_VEHTYPE" speed="13.03" pos="173.00" lane="0/2to1/2_0" slope="0.00"/>
        <vehicle id="18" x="118.53" y="398.35" angle="90.00" type="DEFAULT_VEHTYPE" speed="13.67" pos="118.53" lane="0/2to1/2_0" slope="0.00"/>
        <vehicle id="21" x="144.89" y="401.65" angle="-90.00" type="DEFAULT_VEHTYPE" speed="13.34" pos="50.36" lane="1/2to0/2_0" slope="0.00"/>
        <vehicle id="22" x="198.35" y="24.76" angle="0.00" type="DEFAULT_VEHTYPE" speed="13.87" pos="170.49" lane="1/1to1/0_0" slope="0.00"/>
        <vehicle id="24" x="401.65" y="751.31" angle="180.00" type="DEFAULT_VEHTYPE" speed="13.50" pos="146.56" lane="2/3to2/4_0" slope="0.00"/>
        <vehicle id="26" x="401.65" y="610.47" angle="180.00" type="DEFAULT_VEHTYPE" speed="9.11" pos="5.72" lane="2/3to2/4_0" slope="0.00"/>
        <vehicle id="28" x="201.65" y="278.26" angle="180.00" type="DEFAULT_VEHTYPE" speed="13.70" pos="73.51" lane="1/1to1/2_0" slope="0.00"/>
        <vehicle id="32" x="201.65" y="508.05" angle="180.00" type="DEFAULT_VEHTYPE" speed="12.91" pos="103.30" lane="1/2to1/3_0" slope="0.00"/>
        <vehicle id="35" x="398.35" y="495.16" angle="0.00" type="DEFAULT_VEHTYPE" speed="13.45" pos="100.09" lane="2/3to2/2_0" slope="0.00"/>
        <vehicle id="37" x="649.62" y="601.65" angle="-90.00" type="DEFAULT_VEHTYPE" speed="12.63" pos="150.38" lane="4/3to3/3_0" slope="0.00"/>
        <vehicle id="38" x="401.77" y="196.09" angle="178.65" type="DEFAULT_VEHTYPE" speed="13.17" pos="0.85" lane=":2/1_8_0" slope="0.00"/>
        <vehicle id="41" x="201.65" y="427.33" angle="180.00" type="DEFAULT_VEHTYPE" speed="12.79" pos="22.58" lane="1/2to1/3_0" slope="0.00"/>
        <vehicle id="44" x="401.65" y="659.51" angle="180.00" type="DEFAULT_VEHTYPE" speed="13.74" pos="54.76" lane="2/3to2/4_0" slope="0.00"/>
        <vehicle id="48" x="201.65" y="569.21" angle="180.00" type="DEFAULT_VEHTYPE" speed="13.50" pos="164.46" lane="1/2to1/3_0" slope="0.00"/>
        <vehicle id="5" x="398.35" y="619.58" angle="0.00" type="DEFAULT_VEHTYPE" speed="13.61" pos="180.42" lane="2/4to2/3_0" slope="0.00"/>
        <vehicle id="7" x="48.70" y="398.35" angle="90.00" type="DEFAULT_VEHTYPE" speed="12.72" pos="48.70" lane="0/2to1/2_0" slope="0.00"/>
        <vehicle id="8" x="398.35" y="407.10" angle="0.00" type="DEFAULT_VEHTYPE" speed="13.40" pos="188.15" lane="2/3to2/2_0" slope="0.00"/>
    </timestep>
    <timestep time="791.00">
        <vehicle id="0" x="17.82" y="398.35" angle="90.00" type="DEFAULT_VEHTYPE" speed="12.77" pos="17.82" lane="0/2to1/2_0" slope="0.00"/>
        <vehicle id="1" x="74.00" y="198.35" angle="90.00" type="DEFAULT_VEHTYPE" speed="13.54" pos="74.00" lane="0/1to1/1_0" slope="0.00"/>
        <vehicle id="17" x="181.93" y="398.35" angle="90.00" type="DEFAULT_VEHTYPE" speed="8.93" pos="181.93" lane="0/2to1/2_0" slope="0.00"/>
        <vehicle id="18" x="131.89" y="398.35" angle="90.00" type="DEFAULT_VEHTYPE" speed="13.36" pos="131.89" lane="0/2to1/2_0" slope="0.00"/>
        <vehicle id="21" x="131.04" y="401.65" angle="-90.00" type="DEFAULT_VEHTYPE" speed="13.85" pos="64.21" lane="1/2to0/2_0" slope="0.00"/>
        <vehicle id="22" x="198.35" y="11.57" angle="0.00" type="DEFAULT_VEHTYPE" speed="13.18" pos="183.68" lane="1/1to1/0_0" slope="0.00"/>
        <vehicle id="24" x="401.65" y="764.84" angle="180.00" type="DEFAULT_VEHTYPE" speed="13.54" pos="160.09" lane="2/3to2/4_0" slope="0.00"/>
        <vehicle id="26" x="401.65" y="621.78" angle="180.00" type="DEFAULT_VEHTYPE" speed="11.30" pos="17.03" lane="2/3to2/4_0" slope="0.00"/>
        <vehicle id="28" x="201.65" y="291.10" angle="180.00" type="DEFAULT_VEHTYPE" speed="12.83" pos="86.35" lane="1/1to1/2_0" slope="0.00"/>
        <vehicle id="32" x="201.65" y="521.89" angle="180.00" type="DEFAULT_VEHTYPE" speed="13.83" pos="117.14" lane="1/2to1/3_0" slope="0.00"/>
        <vehicle id="35" x="398.35" y="482.27" angle="0.00" type="DEFAULT_VEHTYPE" speed="12.89" pos="112.98" lane="2/3to2/2_0" slope="0.00"/>
        <vehicle id="37" x="635.85" y="601.65" angle="-90.00" type="DEFAULT_VEHTYPE" speed="13.77" pos="164.15" lane="4/3to3/3_0" slope="0.00"/>
        <vehicle id="38" x="413.44" y="198.35" angle="90.00" type="DEFAULT_VEHTYPE" speed="12.85" pos="8.69" lane="2/1to3/1_0" slope="0.00"/>
        <vehicle id="41" x="201.65" y="440.60" angle="180.00" type="DEFAULT_VEHTYPE" speed="13.27" pos="35.85" lane="1/2to1/3_0" slope="0.00"/>
        <vehicle id="44" x="401.65" y="672.88" angle="180.00" type="DEFAULT_VEHTYPE" speed="13.37" pos="68.13" lane="2/3to2/4_0" slope="0.00"/>
        <vehicle id="48" x="201.65" y="582.27" angle="180.00" type="DEFAULT_VEHTYPE" speed="13.06" pos="177.52" lane="1/2to1/3_0" slope="0.00"/>
        <vehicle id="5" x="398.35" y="606.01" angle="0.00" type="DEFAULT_VEHTYPE" speed="13.57" pos="193.99" lane="2/4to2/3_0" slope="0.00"/>
        <vehicle id="7" x="61.50" y="398.35" angle="90.00" type="DEFAULT_VEHTYPE" speed="12.80" pos="61.50" lane="0/2to1/2_0" slope="0.00"/>
        <vehicle id="8" x="389.39" y="401.65" angle="-90.00" type="DEFAULT_VEHTYPE" speed="13.21" pos="5.86" lane="2/2to1/2_0" slope="0.00"/>
    </timestep>
    <timestep time="792.00">
        <vehicle id="0" x="30.87" y="398.35" angle="90.00" type="DEFAULT_VEHTYPE" speed="13.05" pos="30.87" lane="0/2to1/2_0" slope="0.00"/>
        <vehicle id="1" x="86.88" y="198.35" angle="90.00" type="DEFAULT_VEHTYPE" speed="12.88" pos="86.88" lane="0/1to1/1_0" slope="0.00"/>
        <vehicle id="17" x="187.00" y="398.35" angle="90.00" type="DEFAULT_VEHTYPE" speed="5.07" pos="187.00" lane="0/2to1/2_0" slope="0.00"/>
        <vehicle id="18" x="145.67" y="398.35" angle="90.00" type="DEFAULT_VEHTYPE" speed="13.79" pos="145.67" lane="0/2to1/2_0" slope="0.00"/>
        <vehicle id="21" x="117.56" y="401.65" angle="-90.00" type="DEFAULT_VEHTYPE" speed="13.49" pos="77.69" lane="1/2to0/2_0" slope="0.00"/>
        <vehicle id="22" x="199.67" y="-1.49" angle="16.56" type="DEFAULT_VEHTYPE" speed="13.62" pos="2.05" lane=":1/0_0_0" slope="0.00"/>
        <vehicle id="24" x="401.65" y="777.58" angle="180.00" type="DEFAULT_VEHTYPE" speed="12.74" pos="172.83" lane="2/3to2/4_0" slope="0.00"/>
        <vehicle id="26" x="401.65" y="635.28" angle="180.00" type="DEFAULT_VEHTYPE" speed="13.50" pos="30.53" lane="2/3to2/4_0" slope="0.00"/>
        <vehicle id="28" x="201.65" y="303.95" angle="180.00" type="DEFAULT_VEHTYPE" speed="12.85" pos="99.20" lane="1/1to1/2_0" slope="0.00"/>
        <vehicle id="32" x="201.65" y="534.87" angle="180.00" type="DEFAULT_VEHTYPE" speed="12.98" pos="130.12" lane="1/2to1/3_0" slope="0.00"/>
        <vehicle id="35" x="398.35" y="469.29" angle="0.00" type="DEFAULT_VEHTYPE" speed="12.98" pos="125.96" lane="2/3to2/2_0" slope="0.00"/>
        <vehicle id="37" x="623.89" y="601.65" angle="-90.00" type="DEFAULT_VEHTYPE" speed="11.96" pos="176.11" lane="4/3to3/3_0" slope="0.00"/>
        <vehicle id="38" x="426.69" y="198.35" angle="90.00" type="DEFAULT_VEHTYPE" speed="13.25" pos="21.94" lane="2/1to3/1_0" slope="0.00"/>
        <vehicle id="41" x="201.65" y="453.52" angle="180.00" type="DEFAULT_VEHTYPE" speed="12.91" pos="48.77" lane="1/2to1/3_0" slope="0.00"/>
        <vehicle id="44" x="401.65" y="686.12" angle="180.00" type="DEFAULT_VEHTYPE" speed="13.24" pos="81.37" lane="2/3to2/4_0" slope="0.00"/>
        <vehicle id="48" x="201.70" y="595.58" angle="179.47" type="DEFAULT_VEHTYPE" speed="13.31" pos="0.33" lane=":1/3_8_0" slope="0.00"/>
        <vehicle id="5" x="398.35" y="593.32" angle="0.00" type="DEFAULT_VEHTYPE" speed="12.69" pos="1.93" lane="2/3to2/2_0" slope="0.00"/>
        <vehicle id="7" x="74.11" y="398.35" angle="90.00" type="DEFAULT_VEHTYPE" speed="12.61" pos="74.11" lane="0/2to1/2_0" slope="0.00"/>
        <vehicle id="8" x="375.96" y="401.65" angle="-90.00" type="DEFAULT_VEHTYPE" speed="13.43" pos="19.29" lane="2/2to1/2_0" slope="0.00"/>
    </timestep>
    <timestep time="793.00">
        <vehicle id="0" x="44.24" y="398.35" angle="90.00" type="DEFAULT_VEHTYPE" speed="13.37" pos="44.24" lane="0/2to1/2_0" slope="0.00"/>
        <vehicle id="1" x="100.54" y="198.35" angle="90.00" type="DEFAULT_VEHTYPE" speed="13.67" pos="100.54" lane="0/1to1/1_0" slope="0.00"/>
        <vehicle id="17" x="190.40" y="398.35" angle="90.00" type="DEFAULT_VEHTYPE" speed="3.40" pos="190.40" lane="0/2to1/2_0" slope="0.00"/>
        <vehicle id="18" x="159.15" y="398.35" angle="90.00" type="DEFAULT_VEHTYPE" speed="13.47" pos="159.15" lane="0/2to1/2_0" slope="0.00"/>
        <vehicle id="21" x="104.20" y="401.65" angle="-90.00" type="DEFAULT_VEHTYPE" speed="13.36" pos="91.05" lane="1/2to0/2_0" slope="0.00"/>
        <vehicle id="22" x="201.65" y="10.35" angle="180.00" type="DEFAULT_VEHTYPE" speed="13.12" pos="10.35" lane="1/0to1/1_0" slope="0.00"/>
        <vehicle id="24" x="401.65" y="790.34" angle="180.00" type="DEFAULT_VEHTYPE" speed="12.76" pos="185.59" lane="2/3to2/4_0" slope="0.00"/>
        <vehicle id="26" x="401.65" y="647.97" angle="180.00" type="DEFAULT_VEHTYPE" speed="12.69" pos="43.22" lane="2/3to2/4_0" slope="0.00"/>
        <vehicle id="28" x="201.65" y="317.34" angle="180.00" type="DEFAULT_VEHTYPE" speed="13.39" pos="112.59" lane="1/1to1/2_0" slope="0.00"/>
        <vehicle id="32" x="201.65" y="548.19" angle="180.00" type="DEFAULT_VEHTYPE" speed="13.32" pos="143.44" lane="1/2to1/3_0" slope="0.00"/>
        <vehicle id="35" x="398.35" y="456.44" angle="0.00" type="DEFAULT_VEHTYPE" speed="12.85" pos="138.81" lane="2/3to2/2_0" slope="0.00"/>
        <vehicle id="37" x="616.21" y="601.65" angle="-90.00" type="DEFAULT_VEHTYPE" speed="7.68" pos="183.79" lane="4/3to3/3_0" slope="0.00"/>
        <vehicle id="38" x="439.37" y="198.35" angle="90.00" type="DEFAULT_VEHTYPE" speed="12.68" pos="34.62" lane="2/1to3/1_0" slope="0.00"/>
        <vehicle id="41" x="201.65" y="466.31" angle="180.00" type="DEFAULT_VEHTYPE" speed="12.80" pos="61.56" lane="1/2to1/3_0" slope="0.00"/>
        <vehicle id="44" x="401.65" y="698.94" angle="180.00" type="DEFAULT_VEHTYPE" speed="12.83" pos="94.19" lane="2/3to2/4_0" slope="0.00"/>
        <vehicle id="48" x="213.42" y="598.35" angle="90.00" type="DEFAULT_VEHTYPE" speed="13.33" pos="8.67" lane="1/3to2/3_0" slope="0.00"/>
        <vehicle id="5" x="398.35" y="579.99" angle="0.00" type="DEFAULT_VEHTYPE" speed="13.32" pos="15.26" lane="2/3to2/2_0" slope="0.00"/>
        <vehicle id="7" x="86.84" y="398.35" angle="90.00" type="DEFAULT_VEHTYPE" speed="12.73" pos="86.84" lane="0/2to1/2_0" slope="0.00"/>
        <vehicle id="8" x="362.11" y="401.65" angle="-90.00" type="DEFAULT_VEHTYPE" speed="13.85" pos="33.14" lane="2/2to1/2_0" slope="0.00"/>
    </timestep>
    <timestep time="794.00">
        <vehicle id="0" x="57.67" y="398.35" angle="90.00" type="DEFAULT_VEHTYPE" speed="13.43" pos="57.67" lane="0/2to1/2_0" slope="0.00"/>
        <vehicle id="1" x="113.61" y="198.35" angle="90.00" type="DEFAULT_VEHTYPE" speed="13.07" pos="113.61" lane="0/1to1/1_0" slope="0.00"/>
        <vehicle id="17" x="196.34" y="398.51" angle="91.79" type="DEFAULT_VEHTYPE" speed="5.95" pos="1.10" lane=":1/2_14_0" slope="0.00"/>
        <vehicle id="18" x="169.44" y="398.35" angle="90.00" type="DEFAULT_VEHTYPE" speed="10.29" pos="169.44" lane="0/2to1/2_0" slope="0.00"/>
        <vehicle id="21" x="90.90" y="401.65" angle="-90.00" type="DEFAULT_VEHTYPE" speed="13.30" pos="104.35" lane="1/2to0/2_0" slope="0.00"/>
        <vehicle id="22" x="201.65" y="24.04" angle="180.00" type="DEFAULT_VEHTYPE" speed="13.69" pos="24.04" lane="1/0to1/1_0" slope="0.00"/>
        <vehicle id="24" x="398.75" y="800.59" angle="-117.07" type="DEFAULT_VEHTYPE" speed="13.76" pos="4.11" lane=":2/4_0_0" slope="0.00"/>
        <vehicle id="26" x="401.65" y="661.75" angle="180.00" type="DEFAULT_VEHTYPE" speed="13.78" pos="57.00" lane="2/3to2/4_0" slope="0.00"/>
        <vehicle id="28" x="201.65" y="331.20" angle="180.00" type="DEFAULT_VEHTYPE" speed="13.86" pos="126.45" lane="1/1to1/2_0" slope="0.00"/>
        <vehicle id="32" x="201.65" y="562.07" angle="180.00" type="DEFAULT_VEHTYPE" speed="13.88" pos="157.32" lane="1/2to1/3_0" slope="0.00"/>
        <vehicle id="35" x="398.35" y="442.60" angle="0.00" type="DEFAULT_VEHTYPE" speed="13.84" pos="152.65" lane="2/3to2/2_0" slope="0.00"/>
        <vehicle id="37" x="610.71" y="601.65" angle="-90.00" type="DEFAULT_VEHTYPE" speed="5.51" pos="189.29" lane="4/3to3/3_0" slope="0.00"/>
        <vehicle id="38" x="452.19" y="198.35" angle="90.00" type="DEFAULT_VEHTYPE" speed="12.82" pos="47.44" lane="2/1to3/1_0" slope="0.00"/>
        <vehicle id="41" x="201.65" y="480.01" angle="180.00" type="DEFAULT_VEHTYPE" speed="13.69" pos="75.26" lane="1/2to1/3_0" slope="0.00"/>
        <vehicle id="44" x="401.65" y="711.83" angle="180.00" type="DEFAULT_VEHTYPE" speed="12.89" pos="107.08" lane="2/3to2/4_0" slope="0.00"/>
        <vehicle id="48" x="226.85" y="598.35" angle="90.00" type="DEFAULT_VEHTYPE" speed="13.43" pos="22.10" lane="1/3to2/3_0" slope="0.00"/>
        <vehicle id="5" x="398.35" y="566.61" angle="0.00" type="DEFAULT_VEHTYPE" speed="13.39" pos="28.64" lane="2/3to2/2_0" slope="0.00"/>
        <vehicle id="7" x="99.68" y="398.35" angle="90.00" type="DEFAULT_VEHTYPE" speed="12.84" pos="99.68" lane="0/2to1/2_0" slope="0.00"/>
        <vehicle id="8" x="348.85" y="401.65" angle="-90.00" type="DEFAULT_VEHTYPE" speed="13.26" pos="46.40" lane="2/2to1/2_0" slope="0.00"/>
    </timestep>
    <timestep time="795.00">
        <vehicle id="0" x="70.90" y="398.35" angle="90.00" type="DEFAULT_VEHTYPE" speed="13.22" pos="70.90" lane="0/2to1/2_0" slope="0.00"/>
        <vehicle id="1" x="127.00" y="198.35" angle="90.00" type="DEFAULT_VEHTYPE" speed="13.39" pos="127.00" lane="0/1to1/1_0" slope="0.00"/>
        <vehicle id="17" x="201.42" y="403.12" angle="146.09" type="DEFAULT_VEHTYPE" speed="7.57" pos="8.67" lane=":1/2_14_0" slope="0.00"/>
        <vehicle id="18" x="179.65" y="398.35" angle="90.00" type="DEFAULT_VEHTYPE" speed="10.21" pos="179.65" lane="0/2to1/2_0" slope="0.00"/>
        <vehicle id="21" x="77.24" y="401.65" angle="-90.00" type="DEFAULT_VEHTYPE" speed="13.66" pos="118.01" lane="1/2to0/2_0" slope="0.00"/>
        <vehicle id="22" x="201.65" y="36.97" angle="180.00" type="DEFAULT_VEHTYPE" speed="12.93" pos="36.97" lane="1/0to1/1_0" slope="0.00"/>
        <vehicle id="24" x="398.35" y="787.36" angle="0.00" type="DEFAULT_VEHTYPE" speed="13.36" pos="12.64" lane="2/4to2/3_0" slope="0.00"/>
        <vehicle id="26" x="401.65" y="674.87" angle="180.00" type="DEFAULT_VEHTYPE" speed="13.12" pos="70.12" lane="2/3to2/4_0" slope="0.00"/>
        <vehicle id="28" x="201.65" y="344.53" angle="180.00" type="DEFAULT_VEHTYPE" speed="13.33" pos="139.78" lane="1/1to1/2_0" slope="0.00"/>
        <vehicle id="32" x="201.65" y="575.85" angle="180.00" type="DEFAULT_VEHTYPE" speed="13.78" pos="171.10" lane="1/2to1/3_0" slope="0.00"/>
        <vehicle id="35" x="398.35" y="429.28" angle="0.00" type="DEFAULT_VEHTYPE" speed="13.32" pos="165.97" lane="2/3to2/2_0" slope="0.00"/>
        <vehicle id="37" x="603.04" y="601.41" angle="-87.19" type="DEFAULT_VEHTYPE" speed="7.69" pos="1.73" lane=":3/3_6_0" slope="0.00"/>
        <vehicle id="38" x="466.05" y="198.35" angle="90.00" type="DEFAULT_VEHTYPE" speed="13.86" pos="61.30" lane="2/1to3/1_0" slope="0.00"/>
        <vehicle id="41" x="201.65" y="493.59" angle="180.00" type="DEFAULT_VEHTYPE" speed="13.58" pos="88.84" lane="1/2to1/3_0" slope="0.00"/>
        <vehicle id="44" x="401.65" y="725.04" angle="180.00" type="DEFAULT_VEHTYPE" speed="13.20" pos="120.29" lane="2/3to2/4_0" slope="0.00"/>
        <vehicle id="48" x="240.55" y="598.35" angle="90.00" type="DEFAULT_VEHTYPE" speed="13.70" pos="35.80" lane="1/3to2/3_0" slope="0.00"/>
        <vehicle id="5" x="398.35" y="553.50" angle="0.00" type="DEFAULT_VEHTYPE" speed="13.10" pos="41.75" lane="2/3to2/2_0" slope="0.00"/>
        <vehicle id="7" x="113.11" y="398.35" angle="90.00" type="DEFAULT_VEHTYPE" speed="13.43" pos="113.11" lane="0/2to1/2_0" slope="0.00"/>
        <vehicle id="8" x="335.21" y="401.65" angle="-90.00" type="DEFAULT_VEHTYPE" speed="13.64" pos="60.04" lane="2/2to1/2_0" slope="0.00"/>
    </timestep>
    <timestep time="796.00">
        <vehicle id="0" x="84.47" y="398.35" angle="90.00" type="DEFAULT_VEHTYPE" speed="13.57" pos="84.47" lane="0/2to1/2_0" slope="0.00"/>
        <vehicle id="1" x="140.65" y="198.35" angle="90.00" type="DEFAULT_VEHTYPE" speed="13.65" pos="140.65" lane="0/1to1/1_0" slope="0.00"/>
        <vehicle id="17" x="201.65" y="412.25" angle="180.00" type="DEFAULT_VEHTYPE" speed="9.15" pos="7.50" lane="1/2to1/3_0" slope="0.00"/>
        <vehicle id="18" x="186.01" y="398.35" angle="90.00" type="DEFAULT_VEHTYPE" speed="6.36" pos="186.01" lane="0/2to1/2_0" slope="0.00"/>
        <vehicle id="21" x="63.49" y="401.65" angle="-90.00" type="DEFAULT_VEHTYPE" speed="13.76" pos="131.76" lane="1/2to0/2_0" slope="0.00"/>
        <vehicle id="22" x="201.65" y="49.71" angle="180.00" type="DEFAULT_VEHTYPE" speed="12.74" pos="49.71" lane="1/0to1/1_0" slope="0.00"/>
        <vehicle id="24" x="398.35" y="774.26" angle="0.00" type="DEFAULT_VEHTYPE" speed="13.09" pos="25.74" lane="2/4to2/3_0" slope="0.00"/>
        <vehicle id="26" x="401.65" y="687.78" angle="180.00" type="DEFAULT_VEHTYPE" speed="12.91" pos="83.03" lane="2/3to2/4_0" slope="0.00"/>
        <vehicle id="28" x="201.65" y="358.32" angle="180.00" type="DEFAULT_VEHTYPE" speed="13.79" pos="153.57" lane="1/1to1/2_0" slope="0.00"/>
        <vehicle id="32" x="201.65" y="589.47" angle="180.00" type="DEFAULT_VEHTYPE" speed="13.61" pos="184.72" lane="1/2to1/3_0" slope="0.00"/>
        <vehicle id="35" x="398.35" y="415.44" angle="0.00" type="DEFAULT_VEHTYPE" speed="13.84" pos="179.81" lane="2/3to2/2_0" slope="0.00"/>
        <vehicle id="37" x="598.35" y="594.76" angle="-14.96" type="DEFAULT_VEHTYPE" speed="9.08" pos="0.49" lane="3/3to3/2_0" slope="0.00"/>
        <vehicle id="38" x="478.71" y="198.35" angle="90.00" type="DEFAULT_VEHTYPE" speed="12.66" pos="73.96" lane="2/1to3/1_0" slope="0.00"/>
        <vehicle id="41" x="201.65" y="507.47" angle="180.00" type="DEFAULT_VEHTYPE" speed="13.89" pos="102.72" lane="1/2to1/3_0" slope="0.00"/>
        <vehicle id="44" x="401.65" y="738.76" angle="180.00" type="DEFAULT_VEHTYPE" speed="13.72" pos="134.01" lane="2/3to2/4_0" slope="0.00"/>
        <vehicle id="48" x="253.70" y="598.35" angle="90.00" type="DEFAULT_VEHTYPE" speed="13.15" pos="48.95" lane="1/3to2/3_0" slope="0.00"/>
        <vehicle id="5" x="398.35" y="540.49" angle="0.00" type="DEFAULT_VEHTYPE" speed="13.01" pos="54.76" lane="2/3to2/2_0" slope="0.00"/>
        <vehicle id="7" x="126.25" y="398.35" angle="90.00" type="DEFAULT_VEHTYPE" speed="13.14" pos="126.25" lane="0/2to1/2_0" slope="0.00"/>
        <vehicle id="8" x="321.81" y="401.65" angle="-90.00" type="DEFAULT_VEHTYPE" speed="13.40" pos="73.44" lane="2/2to1/2_0" slope="0.00"/>
    </timestep>
    <timestep time="797.00">
        <vehicle id="0" x="97.77" y="398.35" angle="90.00" type="DEFAULT_VEHTYPE" speed="13.30" pos="97.77" lane="0/2to1/2_0" slope="0.00"/>
        <vehicle id="1" x="153.97" y="198.35" angle="90.00" type="DEFAULT_VEHTYPE" speed="13.32" pos="153.97" lane="0/1to1/1_0" slope="0.00"/>
        <vehicle id="17" x="201.65" y="422.93" angle="180.00" type="DEFAULT_VEHTYPE" speed="10.68" pos="18.18" lane="1/2to1/3_0" slope="0.00"/>
        <vehicle id="18" x="189.90" y="398.35" angle="90.00" type="DEFAULT_VEHTYPE" speed="3.90" pos="189.90" lane="0/2to1/2_0" slope="0.00"/>
        <vehicle id="21" x="49.67" y="401.65" angle="-90.00" type="DEFAULT_VEHTYPE" speed="13.81" pos="145.58" lane="1/2to0/2_0" slope="0.00"/>
        <vehicle id="22" x="201.65" y="63.35" angle="180.00" type="DEFAULT_VEHTYPE" speed="13.64" pos="63.35" lane="1/0to1/1_0" slope="0.00"/>
        <vehicle id="24" x="398.35" y="761.25" angle="0.00" type="DEFAULT_VEHTYPE" speed="13.01" pos="38.75" lane="2/4to2/3_0" slope="0.00"/>
        <vehicle id="26" x="401.65" y="701.63" angle="180.00" type="DEFAULT_VEHTYPE" speed="13.85" pos="96.88" lane="2/3to2/4_0" slope="0.00"/>
        <vehicle id="28" x="201.65" y="371.31" angle="180.00" type="DEFAULT_VEHTYPE" speed="12.99" pos="166.56" lane="1/1to1/2_0" slope="0.00"/>
        <vehicle id="32" x="206.79" y="598.35" angle="104.23" type="DEFAULT_VEHTYPE" speed="12.83" pos="2.04" lane="1/3to2/3_0" slope="0.00"/>
        <vehicle id="35" x="397.04" y="402.10" angle="-16.07" type="DEFAULT_VEHTYPE" speed="13.81" pos="3.12" lane=":2/2_0_0" slope="0.00"/>
        <vehicle id="37" x="598.35" y="583.93" angle="0.00" type="DEFAULT_VEHTYPE" speed="10.83" pos="11.32" lane="3/3to3/2_0" slope="0.00"/>
        <vehicle id="38" x="491.80" y="198.35" angle="90.00" type="DEFAULT_VEHTYPE" speed="13.09" pos="87.05" lane="2/1to3/1_0" slope="0.00"/>
        <vehicle id="41" x="201.65" y="520.52" angle="180.00" type="DEFAULT_VEHTYPE" speed="13.04" pos="115.77" lane="1/2to1/3_0" slope="0.00"/>
        <vehicle id="44" x="401.65" y="752.41" angle="180.00" type="DEFAULT_VEHTYPE" speed="13.65" pos="147.66" lane="2/3to2/4_0" slope="0.00"/>
        <vehicle id="48" x="266.32" y="598.35" angle="90.00" type="DEFAULT_VEHTYPE" speed="12.62" pos="61.57" lane="1/3to2/3_0" slope="0.00"/>
        <vehicle id="5" x="398.35" y="526.80" angle="0.00" type="DEFAULT_VEHTYPE" speed="13.69" pos="68.45" lane="2/3to2/2_0" slope="0.00"/>
        <vehicle id="7" x="139.59" y="398.35" angle="90.00" type="DEFAULT_VEHTYPE" speed="13.34" pos="139.59" lane="0/2to1/2_0" slope="0.00"/>
        <vehicle id="8" x="307.92" y="401.65" angle="-90.00" type="DEFAULT_VEHTYPE" speed="13.89" pos="87.33" lane="2/2to1/2_0" slope="0.00"/>
    </timestep>
    <timestep time="798.00">
        <vehicle id="0" x="110.43" y="398.35" angle="90.00" type="DEFAULT_VEHTYPE" speed="12.66" pos="110.43" lane="0/2to1/2_0" slope="0.00"/>
        <vehicle id="1" x="167.83" y="198.35" angle="90.00" type="DEFAULT_VEHTYPE" speed="13.85" pos="167.83" lane="0/1to1/1_0" slope="0.00"/>
        <vehicle id="17" x="201.65" y="434.92" angle="180.00" type="DEFAULT_VEHTYPE" speed="11.99" pos="30.17" lane="1/2to1/3_0" slope="0.00"/>
        <vehicle id="18" x="191.68" y="398.35" angle="90.00" type="DEFAULT_VEHTYPE" speed="1.78" pos="191.68" lane="0/2to1/2_0" slope="0.00"/>
        <vehicle id="21" x="36.20" y="401.65" angle="-90.00" type="DEFAULT_VEHTYPE" speed="13.47" pos="159.05" lane="1/2to0/2_0" slope="0.00"/>
        <vehicle id="22" x="201.65" y="76.44" angle="180.00" type="DEFAULT_VEHTYPE" speed="13.09" pos="76.44" lane="1/0to1/1_0" slope="0.00"/>
        <vehicle id="24" x="398.35" y="747.53" angle="0.00" type="DEFAULT_VEHTYPE" speed="13.71" pos="52.47" lane="2/4to2/3_0" slope="0.00"/>
        <vehicle id="26" x="401.65" y="714.71" angle="180.00" type="DEFAULT_VEHTYPE" speed="13.08" pos="109.96" lane="2/3to2/4_0" slope="0.00"/>
        <vehicle id="28" x="201.65" y="384.37" angle="180.00" type="DEFAULT_VEHTYPE" speed="13.06" pos="179.62" lane="1/1to1/2_0" slope="0.00"/>
        <vehicle id="32" x="220.35" y="598.35" angle="90.00" type="DEFAULT_VEHTYPE" speed="13.55" pos="15.60" lane="1/3to2/3_0" slope="0.00"/>
        <vehicle id="35" x="383.71" y="401.65" angle="-90.00" type="DEFAULT_VEHTYPE" speed="13.42" pos="11.54" lane="2/2to1/2_0" slope="0.00"/>
        <vehicle id="37" x="598.35" y="571.67" angle="0.00" type="DEFAULT_VEHTYPE" speed="12.26" pos="23.58" lane="3/3to3/2_0" slope="0.00"/>
        <vehicle id="38" x="504.66" y="198.35" angle="90.00" type="DEFAULT_VEHTYPE" speed="12.86" pos="99.91" lane="2/1to3/1_0" slope="0.00"/>
        <vehicle id="41" x="201.65" y="533.85" angle="180.00" type="DEFAULT_VEHTYPE" speed="13.34" pos="129.10" lane="1/2to1/3_0" slope="0.00"/>
        <vehicle id="44" x="401.65" y="766.06" angle="180.00" type="DEFAULT_VEHTYPE" speed="13.65" pos="161.31" lane="2/3to2/4_0" slope="0.00"/>
        <vehicle id="48" x="279.37" y="598.35" angle="90.00" type="DEFAULT_VEHTYPE" speed="13.04" pos="74.62" lane="1/3to2/3_0" slope="0.00"/>
        <vehicle id="5" x="398.35" y="513.16" angle="0.00" type="DEFAULT_VEHTYPE" speed="13.64" pos="82.09" lane="2/3to2/2_0" slope="0.00"/>
        <vehicle id="7" x="153.38" y="398.35" angle="90.00" type="DEFAULT_VEHTYPE" speed="13.79" pos="153.38" lane="0/2to1/2_0" slope="0.00"/>
        <vehicle id="8" x="294.90" y="401.65" angle="-90.00" type="DEFAULT_VEHTYPE" speed="13.02" pos="100.35" lane="2/2to1/2_0" slope="0.00"/>
    </timestep>
    <timestep time="799.00">
        <vehicle id="0" x="123.75" y="398.35" angle="90.00" type="DEFAULT_VEHTYPE" speed="13.32" pos="123.75" lane="0/2to1/2_0" slope="0.00"/>
        <vehicle id="1" x="178.70" y="198.35" angle="90.00" type="DEFAULT_VEHTYPE" speed="10.88" pos="178.70" lane="0/1to1/1_0" slope="0.00"/>
        <vehicle id="17" x="201.65" y="448.07" angle="180.00" type="DEFAULT_VEHTYPE" speed="13.15" pos="43.32" lane="1/2to1/3_0" slope="0.00"/>
        <vehicle id="18" x="192.49" y="398.35" angle="90.00" type="DEFAULT_VEHTYPE" speed="0.82" pos="192.49" lane="0/2to1/2_0" slope="0.00"/>
        <vehicle id="21" x="23.21" y="401.65" angle="-90.00" type="DEFAULT_VEHTYPE" speed="12.99" pos="172.04" lane="1/2to0/2_0" slope="0.00"/>
        <vehicle id="22" x="201.65" y="89.20" angle="180.00" type="DEFAULT_VEHTYPE" speed="12.76" pos="89.20" lane="1/0to1/1_0" slope="0.00"/>
        <vehicle id="24" x="398.35" y="734.14" angle="0.00" type="DEFAULT_VEHTYPE" speed="13.40" pos="65.86" lane="2/4to2/3_0" slope="0.00"/>
        <vehicle id="26" x="401.65" y="728.43" angle="180.00" type="DEFAULT_VEHTYPE" speed="13.72" pos="123.68" lane="2/3to2/4_0" slope="0.00"/>
        <vehicle id="28" x="201.65" y="397.25" angle="180.00" type="DEFAULT_VEHTYPE" speed="12.87" pos="2.00" lane=":1/2_9_0" slope="0.00"/>
        <vehicle id="32" x="234.01" y="598.35" angle="90.00" type="DEFAULT_VEHTYPE" speed="13.66" pos="29.26" lane="1/3to2/3_0" slope="0.00"/>
        <vehicle id="35" x="369.87" y="401.65" angle="-90.00" type="DEFAULT_VEHTYPE" speed="13.84" pos="25.38" lane="2/2to1/2_0" slope="0.00"/>
        <vehicle id="37" x="598.35" y="558.37" angle="0.00" type="DEFAULT_VEHTYPE" speed="13.31" pos="36.88" lane="3/3to3/2_0" slope="0.00"/>
        <vehicle id="38" x="518.07" y="198.35" angle="90.00" type="DEFAULT_VEHTYPE" speed="13.41" pos="113.32" lane="2/1to3/1_0" slope="0.00"/>
        <vehicle id="41" x="201.65" y="547.55" angle="180.00" type="DEFAULT_VEHTYPE" speed="13.69" pos="142.80" lane="1/2to1/3_0" slope="0.00"/>
        <vehicle id="44" x="401.65" y="779.75" angle="180.00" type="DEFAULT_VEHTYPE" speed="13.69" pos="175.00" lane="2/3to2/4_0" slope="0.00"/>
        <vehicle id="48" x="292.39" y="598.35" angle="90.00" type="DEFAULT_VEHTYPE" speed="13.02" pos="87.64" lane="1/3to2/3_0" slope="0.00"/>
        <vehicle id="5" x="398.35" y="499.69" angle="0.00" type="DEFAULT_VEHTYPE" speed="13.47" pos="95.56" lane="2/3to2/2_0" slope="0.00"/>
        <vehicle id="7" x="165.61" y="398.35" angle="90.00" type="DEFAULT_VEHTYPE" speed="12.23" pos="165.61" lane="0/2to1/2_0" slope="0.00"/>
        <vehicle id="8" x="281.20" y="401.65" angle="-90.00" type="DEFAULT_VEHTYPE" speed="13.70" pos="114.05" lane="2/2to1/2_0" slope="0.00"/>
    </timestep>
</fcd-export>
