<?xml version="1.0" encoding="UTF-8"?>

<!-- generated on Thu Oct 31 14:43:02 2013 by SUMO sumo Version 0.18.0
<?xml version="1.0" encoding="UTF-8"?>

<configuration xmlns:xsi="http://www.w3.org/2001/XMLSchema-instance" xsi:noNamespaceSchemaLocation="http://sumo.sf.net/xsd/sumoConfiguration.xsd">

    <input>
        <net-file value="test.net.xml"/>
        <route-files value="test.rou.xml"/>
        <additional-files value="test.rerouter.xml"/>
    </input>

    <output>
        <fcd-output value="test-25.fcd.xml"/>
        <save-state.prefix value="state"/>
    </output>

    <time>
        <begin value="0"/>
        <end value="800"/>
    </time>

    <gui_only>
        <gui-settings-file value="test.settings.xml"/>
    </gui_only>

</configuration>
-->

<fcd-export>
    <timestep time="0.00">
        <vehicle id="0" x="190.15" y="401.65" angle="-90.00" type="DEFAULT_VEHTYPE" speed="0.00" pos="5.10" lane="1/2to0/2_0" slope="0.00"/>
    </timestep>
    <timestep time="1.00">
        <vehicle id="0" x="188.71" y="401.65" angle="-90.00" type="DEFAULT_VEHTYPE" speed="1.44" pos="6.54" lane="1/2to0/2_0" slope="0.00"/>
        <vehicle id="1" x="609.85" y="598.35" angle="90.00" type="DEFAULT_VEHTYPE" speed="0.00" pos="5.10" lane="3/3to4/3_0" slope="0.00"/>
    </timestep>
    <timestep time="2.00">
        <vehicle id="0" x="185.59" y="401.65" angle="-90.00" type="DEFAULT_VEHTYPE" speed="3.12" pos="9.66" lane="1/2to0/2_0" slope="0.00"/>
        <vehicle id="1" x="612.39" y="598.35" angle="90.00" type="DEFAULT_VEHTYPE" speed="2.54" pos="7.64" lane="3/3to4/3_0" slope="0.00"/>
        <vehicle id="2" x="409.85" y="198.35" angle="90.00" type="DEFAULT_VEHTYPE" speed="0.00" pos="5.10" lane="2/1to3/1_0" slope="0.00"/>
    </timestep>
    <timestep time="3.00">
        <vehicle id="0" x="179.93" y="401.65" angle="-90.00" type="DEFAULT_VEHTYPE" speed="5.66" pos="15.32" lane="1/2to0/2_0" slope="0.00"/>
        <vehicle id="1" x="616.57" y="598.35" angle="90.00" type="DEFAULT_VEHTYPE" speed="4.17" pos="11.82" lane="3/3to4/3_0" slope="0.00"/>
        <vehicle id="2" x="412.13" y="198.35" angle="90.00" type="DEFAULT_VEHTYPE" speed="2.28" pos="7.38" lane="2/1to3/1_0" slope="0.00"/>
        <vehicle id="3" x="209.85" y="398.35" angle="90.00" type="DEFAULT_VEHTYPE" speed="0.00" pos="5.10" lane="1/2to2/2_0" slope="0.00"/>
    </timestep>
    <timestep time="4.00">
        <vehicle id="0" x="172.38" y="401.65" angle="-90.00" type="DEFAULT_VEHTYPE" speed="7.55" pos="22.87" lane="1/2to0/2_0" slope="0.00"/>
        <vehicle id="1" x="622.37" y="598.35" angle="90.00" type="DEFAULT_VEHTYPE" speed="5.81" pos="17.62" lane="3/3to4/3_0" slope="0.00"/>
        <vehicle id="2" x="417.00" y="198.35" angle="90.00" type="DEFAULT_VEHTYPE" speed="4.87" pos="12.25" lane="2/1to3/1_0" slope="0.00"/>
        <vehicle id="3" x="211.58" y="398.35" angle="90.00" type="DEFAULT_VEHTYPE" speed="1.73" pos="6.83" lane="1/2to2/2_0" slope="0.00"/>
        <vehicle id="4" x="601.65" y="5.10" angle="180.00" type="DEFAULT_VEHTYPE" speed="0.00" pos="5.10" lane="3/0to3/1_0" slope="0.00"/>
    </timestep>
    <timestep time="5.00">
        <vehicle id="0" x="162.84" y="401.65" angle="-90.00" type="DEFAULT_VEHTYPE" speed="9.54" pos="32.41" lane="1/2to0/2_0" slope="0.00"/>
        <vehicle id="1" x="630.19" y="598.35" angle="90.00" type="DEFAULT_VEHTYPE" speed="7.82" pos="25.44" lane="3/3to4/3_0" slope="0.00"/>
        <vehicle id="2" x="423.73" y="198.35" angle="90.00" type="DEFAULT_VEHTYPE" speed="6.73" pos="18.98" lane="2/1to3/1_0" slope="0.00"/>
        <vehicle id="3" x="215.56" y="398.35" angle="90.00" type="DEFAULT_VEHTYPE" speed="3.98" pos="10.81" lane="1/2to2/2_0" slope="0.00"/>
        <vehicle id="4" x="601.65" y="7.62" angle="180.00" type="DEFAULT_VEHTYPE" speed="2.52" pos="7.62" lane="3/0to3/1_0" slope="0.00"/>
        <vehicle id="5" x="5.10" y="198.35" angle="90.00" type="DEFAULT_VEHTYPE" speed="0.00" pos="5.10" lane="0/1to1/1_0" slope="0.00"/>
    </timestep>
    <timestep time="6.00">
        <vehicle id="0" x="151.83" y="401.65" angle="-90.00" type="DEFAULT_VEHTYPE" speed="11.01" pos="43.42" lane="1/2to0/2_0" slope="0.00"/>
        <vehicle id="1" x="640.19" y="598.35" angle="90.00" type="DEFAULT_VEHTYPE" speed="10.00" pos="35.44" lane="3/3to4/3_0" slope="0.00"/>
        <vehicle id="2" x="432.18" y="198.35" angle="90.00" type="DEFAULT_VEHTYPE" speed="8.45" pos="27.43" lane="2/1to3/1_0" slope="0.00"/>
        <vehicle id="3" x="222.08" y="398.35" angle="90.00" type="DEFAULT_VEHTYPE" speed="6.52" pos="17.33" lane="1/2to2/2_0" slope="0.00"/>
        <vehicle id="4" x="601.65" y="12.08" angle="180.00" type="DEFAULT_VEHTYPE" speed="4.45" pos="12.08" lane="3/0to3/1_0" slope="0.00"/>
        <vehicle id="5" x="7.30" y="198.35" angle="90.00" type="DEFAULT_VEHTYPE" speed="2.20" pos="7.30" lane="0/1to1/1_0" slope="0.00"/>
        <vehicle id="6" x="398.35" y="590.15" angle="0.00" type="DEFAULT_VEHTYPE" speed="0.00" pos="5.10" lane="2/3to2/2_0" slope="0.00"/>
    </timestep>
    <timestep time="7.00">
        <vehicle id="0" x="139.30" y="401.65" angle="-90.00" type="DEFAULT_VEHTYPE" speed="12.53" pos="55.95" lane="1/2to0/2_0" slope="0.00"/>
        <vehicle id="1" x="651.64" y="598.35" angle="90.00" type="DEFAULT_VEHTYPE" speed="11.45" pos="46.89" lane="3/3to4/3_0" slope="0.00"/>
        <vehicle id="2" x="442.71" y="198.35" angle="90.00" type="DEFAULT_VEHTYPE" speed="10.53" pos="37.96" lane="2/1to3/1_0" slope="0.00"/>
        <vehicle id="3" x="230.49" y="398.35" angle="90.00" type="DEFAULT_VEHTYPE" speed="8.41" pos="25.74" lane="1/2to2/2_0" slope="0.00"/>
        <vehicle id="4" x="601.65" y="18.82" angle="180.00" type="DEFAULT_VEHTYPE" speed="6.75" pos="18.82" lane="3/0to3/1_0" slope="0.00"/>
        <vehicle id="5" x="12.06" y="198.35" angle="90.00" type="DEFAULT_VEHTYPE" speed="4.76" pos="12.06" lane="0/1to1/1_0" slope="0.00"/>
        <vehicle id="6" x="398.35" y="587.94" angle="0.00" type="DEFAULT_VEHTYPE" speed="2.21" pos="7.31" lane="2/3to2/2_0" slope="0.00"/>
        <vehicle id="7" x="5.10" y="398.35" angle="90.00" type="DEFAULT_VEHTYPE" speed="0.00" pos="5.10" lane="0/2to1/2_0" slope="0.00"/>
    </timestep>
    <timestep time="8.00">
        <vehicle id="0" x="126.39" y="401.65" angle="-90.00" type="DEFAULT_VEHTYPE" speed="12.91" pos="68.86" lane="1/2to0/2_0" slope="0.00"/>
        <vehicle id="1" x="665.33" y="598.35" angle="90.00" type="DEFAULT_VEHTYPE" speed="13.69" pos="60.58" lane="3/3to4/3_0" slope="0.00"/>
        <vehicle id="2" x="454.59" y="198.35" angle="90.00" type="DEFAULT_VEHTYPE" speed="11.89" pos="49.84" lane="2/1to3/1_0" slope="0.00"/>
        <vehicle id="3" x="241.47" y="398.35" angle="90.00" type="DEFAULT_VEHTYPE" speed="10.97" pos="36.72" lane="1/2to2/2_0" slope="0.00"/>
        <vehicle id="4" x="601.65" y="27.28" angle="180.00" type="DEFAULT_VEHTYPE" speed="8.46" pos="27.28" lane="3/0to3/1_0" slope="0.00"/>
        <vehicle id="5" x="18.99" y="198.35" angle="90.00" type="DEFAULT_VEHTYPE" speed="6.93" pos="18.99" lane="0/1to1/1_0" slope="0.00"/>
        <vehicle id="6" x="398.35" y="583.30" angle="0.00" type="DEFAULT_VEHTYPE" speed="4.64" pos="11.95" lane="2/3to2/2_0" slope="0.00"/>
        <vehicle id="7" x="7.54" y="398.35" angle="90.00" type="DEFAULT_VEHTYPE" speed="2.44" pos="7.54" lane="0/2to1/2_0" slope="0.00"/>
        <vehicle id="8" x="409.85" y="198.35" angle="90.00" type="DEFAULT_VEHTYPE" speed="0.00" pos="5.10" lane="2/1to3/1_0" slope="0.00"/>
    </timestep>
    <timestep time="9.00">
        <vehicle id="0" x="112.84" y="401.65" angle="-90.00" type="DEFAULT_VEHTYPE" speed="13.56" pos="82.41" lane="1/2to0/2_0" slope="0.00"/>
        <vehicle id="1" x="678.94" y="598.35" angle="90.00" type="DEFAULT_VEHTYPE" speed="13.61" pos="74.19" lane="3/3to4/3_0" slope="0.00"/>
        <vehicle id="2" x="467.75" y="198.35" angle="90.00" type="DEFAULT_VEHTYPE" speed="13.16" pos="63.00" lane="2/1to3/1_0" slope="0.00"/>
        <vehicle id="3" x="254.73" y="398.35" angle="90.00" type="DEFAULT_VEHTYPE" speed="13.26" pos="49.98" lane="1/2to2/2_0" slope="0.00"/>
        <vehicle id="4" x="601.65" y="37.28" angle="180.00" type="DEFAULT_VEHTYPE" speed="10.00" pos="37.28" lane="3/0to3/1_0" slope="0.00"/>
        <vehicle id="5" x="28.40" y="198.35" angle="90.00" type="DEFAULT_VEHTYPE" speed="9.41" pos="28.40" lane="0/1to1/1_0" slope="0.00"/>
        <vehicle id="6" x="398.35" y="576.93" angle="0.00" type="DEFAULT_VEHTYPE" speed="6.37" pos="18.32" lane="2/3to2/2_0" slope="0.00"/>
        <vehicle id="7" x="11.64" y="398.35" angle="90.00" type="DEFAULT_VEHTYPE" speed="4.11" pos="11.64" lane="0/2to1/2_0" slope="0.00"/>
        <vehicle id="8" x="412.23" y="198.35" angle="90.00" type="DEFAULT_VEHTYPE" speed="2.38" pos="7.48" lane="2/1to3/1_0" slope="0.00"/>
        <vehicle id="9" x="601.65" y="5.10" angle="180.00" type="DEFAULT_VEHTYPE" speed="0.00" pos="5.10" lane="3/0to3/1_0" slope="0.00"/>
    </timestep>
    <timestep time="10.00">
        <vehicle id="0" x="99.71" y="401.65" angle="-90.00" type="DEFAULT_VEHTYPE" speed="13.12" pos="95.54" lane="1/2to0/2_0" slope="0.00"/>
        <vehicle id="1" x="691.94" y="598.35" angle="90.00" type="DEFAULT_VEHTYPE" speed="13.00" pos="87.19" lane="3/3to4/3_0" slope="0.00"/>
        <vehicle id="10" x="609.85" y="398.35" angle="90.00" type="DEFAULT_VEHTYPE" speed="0.00" pos="5.10" lane="3/2to4/2_0" slope="0.00"/>
        <vehicle id="2" x="480.40" y="198.35" angle="90.00" type="DEFAULT_VEHTYPE" speed="12.65" pos="75.65" lane="2/1to3/1_0" slope="0.00"/>
        <vehicle id="3" x="268.23" y="398.35" angle="90.00" type="DEFAULT_VEHTYPE" speed="13.50" pos="63.48" lane="1/2to2/2_0" slope="0.00"/>
        <vehicle id="4" x="601.65" y="49.13" angle="180.00" type="DEFAULT_VEHTYPE" speed="11.85" pos="49.13" lane="3/0to3/1_0" slope="0.00"/>
        <vehicle id="5" x="40.19" y="198.35" angle="90.00" type="DEFAULT_VEHTYPE" speed="11.79" pos="40.19" lane="0/1to1/1_0" slope="0.00"/>
        <vehicle id="6" x="398.35" y="569.20" angle="0.00" type="DEFAULT_VEHTYPE" speed="7.73" pos="26.05" lane="2/3to2/2_0" slope="0.00"/>
        <vehicle id="7" x="18.11" y="398.35" angle="90.00" type="DEFAULT_VEHTYPE" speed="6.47" pos="18.11" lane="0/2to1/2_0" slope="0.00"/>
        <vehicle id="8" x="416.00" y="198.35" angle="90.00" type="DEFAULT_VEHTYPE" speed="3.77" pos="11.25" lane="2/1to3/1_0" slope="0.00"/>
        <vehicle id="9" x="601.65" y="7.06" angle="180.00" type="DEFAULT_VEHTYPE" speed="1.96" pos="7.06" lane="3/0to3/1_0" slope="0.00"/>
    </timestep>
    <timestep time="11.00">
        <vehicle id="0" x="86.65" y="401.65" angle="-90.00" type="DEFAULT_VEHTYPE" speed="13.07" pos="108.60" lane="1/2to0/2_0" slope="0.00"/>
        <vehicle id="1" x="705.64" y="598.35" angle="90.00" type="DEFAULT_VEHTYPE" speed="13.70" pos="100.89" lane="3/3to4/3_0" slope="0.00"/>
        <vehicle id="10" x="612.01" y="398.35" angle="90.00" type="DEFAULT_VEHTYPE" speed="2.16" pos="7.26" lane="3/2to4/2_0" slope="0.00"/>
        <vehicle id="11" x="590.15" y="401.65" angle="-90.00" type="DEFAULT_VEHTYPE" speed="0.00" pos="5.10" lane="3/2to2/2_0" slope="0.00"/>
        <vehicle id="2" x="493.94" y="198.35" angle="90.00" type="DEFAULT_VEHTYPE" speed="13.54" pos="89.19" lane="2/1to3/1_0" slope="0.00"/>
        <vehicle id="3" x="281.42" y="398.35" angle="90.00" type="DEFAULT_VEHTYPE" speed="13.19" pos="76.67" lane="1/2to2/2_0" slope="0.00"/>
        <vehicle id="4" x="601.65" y="62.94" angle="180.00" type="DEFAULT_VEHTYPE" speed="13.81" pos="62.94" lane="3/0to3/1_0" slope="0.00"/>
        <vehicle id="5" x="53.86" y="198.35" angle="90.00" type="DEFAULT_VEHTYPE" speed="13.67" pos="53.86" lane="0/1to1/1_0" slope="0.00"/>
        <vehicle id="6" x="398.35" y="560.16" angle="0.00" type="DEFAULT_VEHTYPE" speed="9.04" pos="35.09" lane="2/3to2/2_0" slope="0.00"/>
        <vehicle id="7" x="26.77" y="398.35" angle="90.00" type="DEFAULT_VEHTYPE" speed="8.66" pos="26.77" lane="0/2to1/2_0" slope="0.00"/>
        <vehicle id="8" x="422.33" y="198.35" angle="90.00" type="DEFAULT_VEHTYPE" speed="6.33" pos="17.58" lane="2/1to3/1_0" slope="0.00"/>
        <vehicle id="9" x="601.65" y="10.41" angle="180.00" type="DEFAULT_VEHTYPE" speed="3.35" pos="10.41" lane="3/0to3/1_0" slope="0.00"/>
    </timestep>
    <timestep time="12.00">
        <vehicle id="0" x="73.02" y="401.65" angle="-90.00" type="DEFAULT_VEHTYPE" speed="13.63" pos="122.23" lane="1/2to0/2_0" slope="0.00"/>
        <vehicle id="1" x="719.31" y="598.35" angle="90.00" type="DEFAULT_VEHTYPE" speed="13.67" pos="114.56" lane="3/3to4/3_0" slope="0.00"/>
        <vehicle id="10" x="615.97" y="398.35" angle="90.00" type="DEFAULT_VEHTYPE" speed="3.96" pos="11.22" lane="3/2to4/2_0" slope="0.00"/>
        <vehicle id="11" x="588.06" y="401.65" angle="-90.00" type="DEFAULT_VEHTYPE" speed="2.09" pos="7.19" lane="3/2to2/2_0" slope="0.00"/>
        <vehicle id="12" x="390.15" y="401.65" angle="-90.00" type="DEFAULT_VEHTYPE" speed="0.00" pos="5.10" lane="2/2to1/2_0" slope="0.00"/>
        <vehicle id="2" x="507.74" y="198.35" angle="90.00" type="DEFAULT_VEHTYPE" speed="13.80" pos="102.99" lane="2/1to3/1_0" slope="0.00"/>
        <vehicle id="3" x="294.38" y="398.35" angle="90.00" type="DEFAULT_VEHTYPE" speed="12.96" pos="89.63" lane="1/2to2/2_0" slope="0.00"/>
        <vehicle id="4" x="601.65" y="76.46" angle="180.00" type="DEFAULT_VEHTYPE" speed="13.52" pos="76.46" lane="3/0to3/1_0" slope="0.00"/>
        <vehicle id="5" x="67.48" y="198.35" angle="90.00" type="DEFAULT_VEHTYPE" speed="13.62" pos="67.48" lane="0/1to1/1_0" slope="0.00"/>
        <vehicle id="6" x="398.35" y="549.41" angle="0.00" type="DEFAULT_VEHTYPE" speed="10.76" pos="45.84" lane="2/3to2/2_0" slope="0.00"/>
        <vehicle id="7" x="37.48" y="398.35" angle="90.00" type="DEFAULT_VEHTYPE" speed="10.71" pos="37.48" lane="0/2to1/2_0" slope="0.00"/>
        <vehicle id="8" x="431.20" y="198.35" angle="90.00" type="DEFAULT_VEHTYPE" speed="8.87" pos="26.45" lane="2/1to3/1_0" slope="0.00"/>
        <vehicle id="9" x="601.65" y="15.91" angle="180.00" type="DEFAULT_VEHTYPE" speed="5.50" pos="15.91" lane="3/0to3/1_0" slope="0.00"/>
    </timestep>
    <timestep time="13.00">
        <vehicle id="0" x="59.78" y="401.65" angle="-90.00" type="DEFAULT_VEHTYPE" speed="13.23" pos="135.47" lane="1/2to0/2_0" slope="0.00"/>
        <vehicle id="1" x="732.13" y="598.35" angle="90.00" type="DEFAULT_VEHTYPE" speed="12.83" pos="127.38" lane="3/3to4/3_0" slope="0.00"/>
        <vehicle id="10" x="621.72" y="398.35" angle="90.00" type="DEFAULT_VEHTYPE" speed="5.75" pos="16.97" lane="3/2to4/2_0" slope="0.00"/>
        <vehicle id="11" x="584.57" y="401.65" angle="-90.00" type="DEFAULT_VEHTYPE" speed="3.49" pos="10.68" lane="3/2to2/2_0" slope="0.00"/>
        <vehicle id="12" x="388.19" y="401.65" angle="-90.00" type="DEFAULT_VEHTYPE" speed="1.96" pos="7.06" lane="2/2to1/2_0" slope="0.00"/>
        <vehicle id="13" x="398.35" y="390.15" angle="0.00" type="DEFAULT_VEHTYPE" speed="0.00" pos="5.10" lane="2/2to2/1_0" slope="0.00"/>
        <vehicle id="2" x="521.10" y="198.35" angle="90.00" type="DEFAULT_VEHTYPE" speed="13.36" pos="116.35" lane="2/1to3/1_0" slope="0.00"/>
        <vehicle id="3" x="307.80" y="398.35" angle="90.00" type="DEFAULT_VEHTYPE" speed="13.43" pos="103.05" lane="1/2to2/2_0" slope="0.00"/>
        <vehicle id="4" x="601.65" y="90.33" angle="180.00" type="DEFAULT_VEHTYPE" speed="13.87" pos="90.33" lane="3/0to3/1_0" slope="0.00"/>
        <vehicle id="5" x="80.99" y="198.35" angle="90.00" type="DEFAULT_VEHTYPE" speed="13.51" pos="80.99" lane="0/1to1/1_0" slope="0.00"/>
        <vehicle id="6" x="398.35" y="536.18" angle="0.00" type="DEFAULT_VEHTYPE" speed="13.22" pos="59.07" lane="2/3to2/2_0" slope="0.00"/>
        <vehicle id="7" x="49.65" y="398.35" angle="90.00" type="DEFAULT_VEHTYPE" speed="12.17" pos="49.65" lane="0/2to1/2_0" slope="0.00"/>
        <vehicle id="8" x="441.91" y="198.35" angle="90.00" type="DEFAULT_VEHTYPE" speed="10.71" pos="37.16" lane="2/1to3/1_0" slope="0.00"/>
        <vehicle id="9" x="601.65" y="22.73" angle="180.00" type="DEFAULT_VEHTYPE" speed="6.83" pos="22.73" lane="3/0to3/1_0" slope="0.00"/>
    </timestep>
    <timestep time="14.00">
        <vehicle id="0" x="46.44" y="401.65" angle="-90.00" type="DEFAULT_VEHTYPE" speed="13.35" pos="148.81" lane="1/2to0/2_0" slope="0.00"/>
        <vehicle id="1" x="745.11" y="598.35" angle="90.00" type="DEFAULT_VEHTYPE" speed="12.98" pos="140.36" lane="3/3to4/3_0" slope="0.00"/>
        <vehicle id="10" x="629.93" y="398.35" angle="90.00" type="DEFAULT_VEHTYPE" speed="8.21" pos="25.18" lane="3/2to4/2_0" slope="0.00"/>
        <vehicle id="11" x="579.08" y="401.65" angle="-90.00" type="DEFAULT_VEHTYPE" speed="5.48" pos="16.17" lane="3/2to2/2_0" slope="0.00"/>
        <vehicle id="12" x="384.49" y="401.65" angle="-90.00" type="DEFAULT_VEHTYPE" speed="3.70" pos="10.76" lane="2/2to1/2_0" slope="0.00"/>
        <vehicle id="13" x="398.35" y="388.57" angle="0.00" type="DEFAULT_VEHTYPE" speed="1.58" pos="6.68" lane="2/2to2/1_0" slope="0.00"/>
        <vehicle id="14" x="5.10" y="398.35" angle="90.00" type="DEFAULT_VEHTYPE" speed="0.00" pos="5.10" lane="0/2to1/2_0" slope="0.00"/>
        <vehicle id="2" x="533.86" y="198.35" angle="90.00" type="DEFAULT_VEHTYPE" speed="12.76" pos="129.11" lane="2/1to3/1_0" slope="0.00"/>
        <vehicle id="3" x="320.96" y="398.35" angle="90.00" type="DEFAULT_VEHTYPE" speed="13.15" pos="116.21" lane="1/2to2/2_0" slope="0.00"/>
        <vehicle id="4" x="601.65" y="103.85" angle="180.00" type="DEFAULT_VEHTYPE" speed="13.51" pos="103.85" lane="3/0to3/1_0" slope="0.00"/>
        <vehicle id="5" x="94.36" y="198.35" angle="90.00" type="DEFAULT_VEHTYPE" speed="13.37" pos="94.36" lane="0/1to1/1_0" slope="0.00"/>
        <vehicle id="6" x="398.35" y="522.73" angle="0.00" type="DEFAULT_VEHTYPE" speed="13.45" pos="72.52" lane="2/3to2/2_0" slope="0.00"/>
        <vehicle id="7" x="62.65" y="398.35" angle="90.00" type="DEFAULT_VEHTYPE" speed="12.99" pos="62.65" lane="0/2to1/2_0" slope="0.00"/>
        <vehicle id="8" x="454.62" y="198.35" angle="90.00" type="DEFAULT_VEHTYPE" speed="12.72" pos="49.87" lane="2/1to3/1_0" slope="0.00"/>
        <vehicle id="9" x="601.65" y="30.90" angle="180.00" type="DEFAULT_VEHTYPE" speed="8.16" pos="30.90" lane="3/0to3/1_0" slope="0.00"/>
    </timestep>
    <timestep time="15.00">
        <vehicle id="0" x="32.90" y="401.65" angle="-90.00" type="DEFAULT_VEHTYPE" speed="13.53" pos="162.35" lane="1/2to0/2_0" slope="0.00"/>
        <vehicle id="1" x="758.08" y="598.35" angle="90.00" type="DEFAULT_VEHTYPE" speed="12.97" pos="153.33" lane="3/3to4/3_0" slope="0.00"/>
        <vehicle id="10" x="639.47" y="398.35" angle="90.00" type="DEFAULT_VEHTYPE" speed="9.54" pos="34.72" lane="3/2to4/2_0" slope="0.00"/>
        <vehicle id="11" x="572.10" y="401.65" angle="-90.00" type="DEFAULT_VEHTYPE" speed="6.99" pos="23.15" lane="3/2to2/2_0" slope="0.00"/>
        <vehicle id="12" x="378.39" y="401.65" angle="-90.00" type="DEFAULT_VEHTYPE" speed="6.10" pos="16.86" lane="2/2to1/2_0" slope="0.00"/>
        <vehicle id="13" x="398.35" y="385.56" angle="0.00" type="DEFAULT_VEHTYPE" speed="3.01" pos="9.69" lane="2/2to2/1_0" slope="0.00"/>
        <vehicle id="14" x="7.19" y="398.35" angle="90.00" type="DEFAULT_VEHTYPE" speed="2.09" pos="7.19" lane="0/2to1/2_0" slope="0.00"/>
        <vehicle id="15" x="409.85" y="198.35" angle="90.00" type="DEFAULT_VEHTYPE" speed="0.00" pos="5.10" lane="2/1to3/1_0" slope="0.00"/>
        <vehicle id="2" x="546.83" y="198.35" angle="90.00" type="DEFAULT_VEHTYPE" speed="12.97" pos="142.08" lane="2/1to3/1_0" slope="0.00"/>
        <vehicle id="3" x="334.67" y="398.35" angle="90.00" type="DEFAULT_VEHTYPE" speed="13.72" pos="129.92" lane="1/2to2/2_0" slope="0.00"/>
        <vehicle id="4" x="601.65" y="117.27" angle="180.00" type="DEFAULT_VEHTYPE" speed="13.42" pos="117.27" lane="3/0to3/1_0" slope="0.00"/>
        <vehicle id="5" x="107.63" y="198.35" angle="90.00" type="DEFAULT_VEHTYPE" speed="13.28" pos="107.63" lane="0/1to1/1_0" slope="0.00"/>
        <vehicle id="6" x="398.35" y="508.89" angle="0.00" type="DEFAULT_VEHTYPE" speed="13.84" pos="86.36" lane="2/3to2/2_0" slope="0.00"/>
        <vehicle id="7" x="75.67" y="398.35" angle="90.00" type="DEFAULT_VEHTYPE" speed="13.02" pos="75.67" lane="0/2to1/2_0" slope="0.00"/>
        <vehicle id="8" x="468.36" y="198.35" angle="90.00" type="DEFAULT_VEHTYPE" speed="13.74" pos="63.61" lane="2/1to3/1_0" slope="0.00"/>
        <vehicle id="9" x="601.65" y="40.51" angle="180.00" type="DEFAULT_VEHTYPE" speed="9.62" pos="40.51" lane="3/0to3/1_0" slope="0.00"/>
    </timestep>
    <timestep time="16.00">
        <vehicle id="0" x="19.56" y="401.65" angle="-90.00" type="DEFAULT_VEHTYPE" speed="13.34" pos="175.69" lane="1/2to0/2_0" slope="0.00"/>
        <vehicle id="1" x="771.22" y="598.35" angle="90.00" type="DEFAULT_VEHTYPE" speed="13.13" pos="166.47" lane="3/3to4/3_0" slope="0.00"/>
        <vehicle id="10" x="650.90" y="398.35" angle="90.00" type="DEFAULT_VEHTYPE" speed="11.43" pos="46.15" lane="3/2to4/2_0" slope="0.00"/>
        <vehicle id="11" x="562.53" y="401.65" angle="-90.00" type="DEFAULT_VEHTYPE" speed="9.57" pos="32.72" lane="3/2to2/2_0" slope="0.00"/>
        <vehicle id="12" x="370.97" y="401.65" angle="-90.00" type="DEFAULT_VEHTYPE" speed="7.42" pos="24.28" lane="2/2to1/2_0" slope="0.00"/>
        <vehicle id="13" x="398.35" y="381.10" angle="0.00" type="DEFAULT_VEHTYPE" speed="4.46" pos="14.15" lane="2/2to2/1_0" slope="0.00"/>
        <vehicle id="14" x="10.82" y="398.35" angle="90.00" type="DEFAULT_VEHTYPE" speed="3.62" pos="10.82" lane="0/2to1/2_0" slope="0.00"/>
        <vehicle id="15" x="412.09" y="198.35" angle="90.00" type="DEFAULT_VEHTYPE" speed="2.24" pos="7.34" lane="2/1to3/1_0" slope="0.00"/>
        <vehicle id="16" x="201.65" y="209.85" angle="180.00" type="DEFAULT_VEHTYPE" speed="0.00" pos="5.10" lane="1/1to1/2_0" slope="0.00"/>
        <vehicle id="2" x="559.85" y="198.35" angle="90.00" type="DEFAULT_VEHTYPE" speed="13.01" pos="155.10" lane="2/1to3/1_0" slope="0.00"/>
        <vehicle id="3" x="347.80" y="398.35" angle="90.00" type="DEFAULT_VEHTYPE" speed="13.13" pos="143.05" lane="1/2to2/2_0" slope="0.00"/>
        <vehicle id="4" x="601.65" y="131.03" angle="180.00" type="DEFAULT_VEHTYPE" speed="13.77" pos="131.03" lane="3/0to3/1_0" slope="0.00"/>
        <vehicle id="5" x="120.42" y="198.35" angle="90.00" type="DEFAULT_VEHTYPE" speed="12.79" pos="120.42" lane="0/1to1/1_0" slope="0.00"/>
        <vehicle id="6" x="398.35" y="495.82" angle="0.00" type="DEFAULT_VEHTYPE" speed="13.07" pos="99.43" lane="2/3to2/2_0" slope="0.00"/>
        <vehicle id="7" x="88.34" y="398.35" angle="90.00" type="DEFAULT_VEHTYPE" speed="12.67" pos="88.34" lane="0/2to1/2_0" slope="0.00"/>
        <vehicle id="8" x="481.77" y="198.35" angle="90.00" type="DEFAULT_VEHTYPE" speed="13.41" pos="77.02" lane="2/1to3/1_0" slope="0.00"/>
        <vehicle id="9" x="601.65" y="51.98" angle="180.00" type="DEFAULT_VEHTYPE" speed="11.47" pos="51.98" lane="3/0to3/1_0" slope="0.00"/>
    </timestep>
    <timestep time="17.00">
        <vehicle id="0" x="8.27" y="401.65" angle="-90.00" type="DEFAULT_VEHTYPE" speed="11.29" pos="186.98" lane="1/2to0/2_0" slope="0.00"/>
        <vehicle id="1" x="783.94" y="598.35" angle="90.00" type="DEFAULT_VEHTYPE" speed="12.73" pos="179.19" lane="3/3to4/3_0" slope="0.00"/>
        <vehicle id="10" x="663.62" y="398.35" angle="90.00" type="DEFAULT_VEHTYPE" speed="12.72" pos="58.87" lane="3/2to4/2_0" slope="0.00"/>
        <vehicle id="11" x="550.90" y="401.65" angle="-90.00" type="DEFAULT_VEHTYPE" speed="11.63" pos="44.35" lane="3/2to2/2_0" slope="0.00"/>
        <vehicle id="12" x="361.09" y="401.65" angle="-90.00" type="DEFAULT_VEHTYPE" speed="9.88" pos="34.16" lane="2/2to1/2_0" slope="0.00"/>
        <vehicle id="13" x="398.35" y="375.15" angle="0.00" type="DEFAULT_VEHTYPE" speed="5.95" pos="20.10" lane="2/2to2/1_0" slope="0.00"/>
        <vehicle id="14" x="17.03" y="398.35" angle="90.00" type="DEFAULT_VEHTYPE" speed="6.21" pos="17.03" lane="0/2to1/2_0" slope="0.00"/>
        <vehicle id="15" x="416.71" y="198.35" angle="90.00" type="DEFAULT_VEHTYPE" speed="4.62" pos="11.96" lane="2/1to3/1_0" slope="0.00"/>
        <vehicle id="16" x="201.65" y="211.38" angle="180.00" type="DEFAULT_VEHTYPE" speed="1.53" pos="6.63" lane="1/1to1/2_0" slope="0.00"/>
        <vehicle id="17" x="190.15" y="601.65" angle="-90.00" type="DEFAULT_VEHTYPE" speed="0.00" pos="5.10" lane="1/3to0/3_0" slope="0.00"/>
        <vehicle id="2" x="572.10" y="198.35" angle="90.00" type="DEFAULT_VEHTYPE" speed="12.25" pos="167.35" lane="2/1to3/1_0" slope="0.00"/>
        <vehicle id="3" x="361.09" y="398.35" angle="90.00" type="DEFAULT_VEHTYPE" speed="13.29" pos="156.34" lane="1/2to2/2_0" slope="0.00"/>
        <vehicle id="4" x="601.65" y="144.93" angle="180.00" type="DEFAULT_VEHTYPE" speed="13.90" pos="144.93" lane="3/0to3/1_0" slope="0.00"/>
        <vehicle id="5" x="133.46" y="198.35" angle="90.00" type="DEFAULT_VEHTYPE" speed="13.04" pos="133.46" lane="0/1to1/1_0" slope="0.00"/>
        <vehicle id="6" x="398.35" y="483.11" angle="0.00" type="DEFAULT_VEHTYPE" speed="12.71" pos="112.14" lane="2/3to2/2_0" slope="0.00"/>
        <vehicle id="7" x="101.61" y="398.35" angle="90.00" type="DEFAULT_VEHTYPE" speed="13.27" pos="101.61" lane="0/2to1/2_0" slope="0.00"/>
        <vehicle id="8" x="495.22" y="198.35" angle="90.00" type="DEFAULT_VEHTYPE" speed="13.45" pos="90.47" lane="2/1to3/1_0" slope="0.00"/>
        <vehicle id="9" x="601.65" y="65.44" angle="180.00" type="DEFAULT_VEHTYPE" speed="13.46" pos="65.44" lane="3/0to3/1_0" slope="0.00"/>
    </timestep>
    <timestep time="18.00">
        <vehicle id="0" x="-1.00" y="399.02" angle="-42.07" type="DEFAULT_VEHTYPE" speed="11.89" pos="3.62" lane=":0/2_0_0" slope="0.00"/>
        <vehicle id="1" x="796.55" y="598.35" angle="90.00" type="DEFAULT_VEHTYPE" speed="12.60" pos="191.80" lane="3/3to4/3_0" slope="0.00"/>
        <vehicle id="10" x="676.58" y="398.35" angle="90.00" type="DEFAULT_VEHTYPE" speed="12.96" pos="71.83" lane="3/2to4/2_0" slope="0.00"/>
        <vehicle id="11" x="537.58" y="401.65" angle="-90.00" type="DEFAULT_VEHTYPE" speed="13.32" pos="57.67" lane="3/2to2/2_0" slope="0.00"/>
        <vehicle id="12" x="349.09" y="401.65" angle="-90.00" type="DEFAULT_VEHTYPE" speed="12.00" pos="46.16" lane="2/2to1/2_0" slope="0.00"/>
        <vehicle id="13" x="398.35" y="367.65" angle="0.00" type="DEFAULT_VEHTYPE" speed="7.51" pos="27.60" lane="2/2to2/1_0" slope="0.00"/>
        <vehicle id="14" x="25.26" y="398.35" angle="90.00" type="DEFAULT_VEHTYPE" speed="8.23" pos="25.26" lane="0/2to1/2_0" slope="0.00"/>
        <vehicle id="15" x="423.30" y="198.35" angle="90.00" type="DEFAULT_VEHTYPE" speed="6.59" pos="18.55" lane="2/1to3/1_0" slope="0.00"/>
        <vehicle id="16" x="201.65" y="215.31" angle="180.00" type="DEFAULT_VEHTYPE" speed="3.93" pos="10.56" lane="1/1to1/2_0" slope="0.00"/>
        <vehicle id="17" x="188.30" y="601.65" angle="-90.00" type="DEFAULT_VEHTYPE" speed="1.85" pos="6.95" lane="1/3to0/3_0" slope="0.00"/>
        <vehicle id="18" x="598.35" y="390.15" angle="0.00" type="DEFAULT_VEHTYPE" speed="0.00" pos="5.10" lane="3/2to3/1_0" slope="0.00"/>
        <vehicle id="2" x="580.93" y="198.35" angle="90.00" type="DEFAULT_VEHTYPE" speed="8.84" pos="176.18" lane="2/1to3/1_0" slope="0.00"/>
        <vehicle id="3" x="373.46" y="398.35" angle="90.00" type="DEFAULT_VEHTYPE" speed="12.37" pos="168.71" lane="1/2to2/2_0" slope="0.00"/>
        <vehicle id="4" x="601.65" y="158.40" angle="180.00" type="DEFAULT_VEHTYPE" speed="13.47" pos="158.40" lane="3/0to3/1_0" slope="0.00"/>
        <vehicle id="5" x="147.09" y="198.35" angle="90.00" type="DEFAULT_VEHTYPE" speed="13.63" pos="147.09" lane="0/1to1/1_0" slope="0.00"/>
        <vehicle id="6" x="398.35" y="469.41" angle="0.00" type="DEFAULT_VEHTYPE" speed="13.70" pos="125.84" lane="2/3to2/2_0" slope="0.00"/>
        <vehicle id="7" x="115.09" y="398.35" angle="90.00" type="DEFAULT_VEHTYPE" speed="13.48" pos="115.09" lane="0/2to1/2_0" slope="0.00"/>
        <vehicle id="8" x="507.90" y="198.35" angle="90.00" type="DEFAULT_VEHTYPE" speed="12.68" pos="103.15" lane="2/1to3/1_0" slope="0.00"/>
        <vehicle id="9" x="601.65" y="78.25" angle="180.00" type="DEFAULT_VEHTYPE" speed="12.80" pos="78.25" lane="3/0to3/1_0" slope="0.00"/>
    </timestep>
    <timestep time="19.00">
        <vehicle id="0" x="10.02" y="398.35" angle="90.00" type="DEFAULT_VEHTYPE" speed="11.22" pos="10.02" lane="0/2to1/2_0" slope="0.00"/>
        <vehicle id="1" x="794.54" y="601.65" angle="-90.00" type="DEFAULT_VEHTYPE" speed="13.73" pos="5.46" lane="4/3to3/3_0" slope="0.00"/>
        <vehicle id="10" x="689.88" y="398.35" angle="90.00" type="DEFAULT_VEHTYPE" speed="13.29" pos="85.13" lane="3/2to4/2_0" slope="0.00"/>
        <vehicle id="11" x="523.92" y="401.65" angle="-90.00" type="DEFAULT_VEHTYPE" speed="13.65" pos="71.33" lane="3/2to2/2_0" slope="0.00"/>
        <vehicle id="12" x="335.50" y="401.65" angle="-90.00" type="DEFAULT_VEHTYPE" speed="13.59" pos="59.75" lane="2/2to1/2_0" slope="0.00"/>
        <vehicle id="13" x="398.35" y="358.76" angle="0.00" type="DEFAULT_VEHTYPE" speed="8.88" pos="36.49" lane="2/2to2/1_0" slope="0.00"/>
        <vehicle id="14" x="35.76" y="398.35" angle="90.00" type="DEFAULT_VEHTYPE" speed="10.50" pos="35.76" lane="0/2to1/2_0" slope="0.00"/>
        <vehicle id="15" x="431.46" y="198.35" angle="90.00" type="DEFAULT_VEHTYPE" speed="8.16" pos="26.71" lane="2/1to3/1_0" slope="0.00"/>
        <vehicle id="16" x="201.65" y="221.56" angle="180.00" type="DEFAULT_VEHTYPE" speed="6.24" pos="16.81" lane="1/1to1/2_0" slope="0.00"/>
        <vehicle id="17" x="185.05" y="601.65" angle="-90.00" type="DEFAULT_VEHTYPE" speed="3.25" pos="10.20" lane="1/3to0/3_0" slope="0.00"/>
        <vehicle id="18" x="598.35" y="388.58" angle="0.00" type="DEFAULT_VEHTYPE" speed="1.57" pos="6.67" lane="3/2to3/1_0" slope="0.00"/>
        <vehicle id="19" x="409.85" y="598.35" angle="90.00" type="DEFAULT_VEHTYPE" speed="0.00" pos="5.10" lane="2/3to3/3_0" slope="0.00"/>
        <vehicle id="2" x="587.56" y="198.35" angle="90.00" type="DEFAULT_VEHTYPE" speed="6.62" pos="182.81" lane="2/1to3/1_0" slope="0.00"/>
        <vehicle id="3" x="382.59" y="398.35" angle="90.00" type="DEFAULT_VEHTYPE" speed="9.13" pos="177.84" lane="1/2to2/2_0" slope="0.00"/>
        <vehicle id="4" x="601.65" y="171.79" angle="180.00" type="DEFAULT_VEHTYPE" speed="13.40" pos="171.79" lane="3/0to3/1_0" slope="0.00"/>
        <vehicle id="5" x="159.80" y="198.35" angle="90.00" type="DEFAULT_VEHTYPE" speed="12.70" pos="159.80" lane="0/1to1/1_0" slope="0.00"/>
        <vehicle id="6" x="398.35" y="455.93" angle="0.00" type="DEFAULT_VEHTYPE" speed="13.48" pos="139.32" lane="2/3to2/2_0" slope="0.00"/>
        <vehicle id="7" x="127.88" y="398.35" angle="90.00" type="DEFAULT_VEHTYPE" speed="12.79" pos="127.88" lane="0/2to1/2_0" slope="0.00"/>
        <vehicle id="8" x="521.65" y="198.35" angle="90.00" type="DEFAULT_VEHTYPE" speed="13.75" pos="116.90" lane="2/1to3/1_0" slope="0.00"/>
        <vehicle id="9" x="601.65" y="91.85" angle="180.00" type="DEFAULT_VEHTYPE" speed="13.60" pos="91.85" lane="3/0to3/1_0" slope="0.00"/>
    </timestep>
    <timestep time="20.00">
        <vehicle id="0" x="22.27" y="398.35" angle="90.00" type="DEFAULT_VEHTYPE" speed="12.25" pos="22.27" lane="0/2to1/2_0" slope="0.00"/>
        <vehicle id="1" x="781.15" y="601.65" angle="-90.00" type="DEFAULT_VEHTYPE" speed="13.39" pos="18.85" lane="4/3to3/3_0" slope="0.00"/>
        <vehicle id="10" x="703.66" y="398.35" angle="90.00" type="DEFAULT_VEHTYPE" speed="13.79" pos="98.91" lane="3/2to4/2_0" slope="0.00"/>
        <vehicle id="11" x="510.58" y="401.65" angle="-90.00" type="DEFAULT_VEHTYPE" speed="13.34" pos="84.67" lane="3/2to2/2_0" slope="0.00"/>
        <vehicle id="12" x="322.63" y="401.65" angle="-90.00" type="DEFAULT_VEHTYPE" speed="12.87" pos="72.62" lane="2/2to1/2_0" slope="0.00"/>
        <vehicle id="13" x="398.35" y="348.24" angle="0.00" type="DEFAULT_VEHTYPE" speed="10.52" pos="47.01" lane="2/2to2/1_0" slope="0.00"/>
        <vehicle id="14" x="48.85" y="398.35" angle="90.00" type="DEFAULT_VEHTYPE" speed="13.09" pos="48.85" lane="0/2to1/2_0" slope="0.00"/>
        <vehicle id="15" x="441.70" y="198.35" angle="90.00" type="DEFAULT_VEHTYPE" speed="10.24" pos="36.95" lane="2/1to3/1_0" slope="0.00"/>
        <vehicle id="16" x="201.65" y="229.62" angle="180.00" type="DEFAULT_VEHTYPE" speed="8.06" pos="24.87" lane="1/1to1/2_0" slope="0.00"/>
        <vehicle id="17" x="179.44" y="601.65" angle="-90.00" type="DEFAULT_VEHTYPE" speed="5.61" pos="15.81" lane="1/3to0/3_0" slope="0.00"/>
        <vehicle id="18" x="598.35" y="385.69" angle="0.00" type="DEFAULT_VEHTYPE" speed="2.89" pos="9.56" lane="3/2to3/1_0" slope="0.00"/>
        <vehicle id="19" x="412.31" y="598.35" angle="90.00" type="DEFAULT_VEHTYPE" speed="2.46" pos="7.56" lane="2/3to3/3_0" slope="0.00"/>
        <vehicle id="2" x="590.50" y="198.35" angle="90.00" type="DEFAULT_VEHTYPE" speed="2.94" pos="185.75" lane="2/1to3/1_0" slope="0.00"/>
        <vehicle id="20" x="409.85" y="198.35" angle="90.00" type="DEFAULT_VEHTYPE" speed="0.00" pos="5.10" lane="2/1to3/1_0" slope="0.00"/>
        <vehicle id="3" x="388.61" y="398.35" angle="90.00" type="DEFAULT_VEHTYPE" speed="6.02" pos="183.86" lane="1/2to2/2_0" slope="0.00"/>
        <vehicle id="4" x="601.65" y="180.78" angle="180.00" type="DEFAULT_VEHTYPE" speed="8.99" pos="180.78" lane="3/0to3/1_0" slope="0.00"/>
        <vehicle id="5" x="172.23" y="198.35" angle="90.00" type="DEFAULT_VEHTYPE" speed="12.43" pos="172.23" lane="0/1to1/1_0" slope="0.00"/>
        <vehicle id="6" x="398.35" y="442.18" angle="0.00" type="DEFAULT_VEHTYPE" speed="13.74" pos="153.07" lane="2/3to2/2_0" slope="0.00"/>
        <vehicle id="7" x="141.02" y="398.35" angle="90.00" type="DEFAULT_VEHTYPE" speed="13.14" pos="141.02" lane="0/2to1/2_0" slope="0.00"/>
        <vehicle id="8" x="535.44" y="198.35" angle="90.00" type="DEFAULT_VEHTYPE" speed="13.79" pos="130.69" lane="2/1to3/1_0" slope="0.00"/>
        <vehicle id="9" x="601.65" y="104.78" angle="180.00" type="DEFAULT_VEHTYPE" speed="12.93" pos="104.78" lane="3/0to3/1_0" slope="0.00"/>
    </timestep>
    <timestep time="21.00">
        <vehicle id="0" x="35.72" y="398.35" angle="90.00" type="DEFAULT_VEHTYPE" speed="13.45" pos="35.72" lane="0/2to1/2_0" slope="0.00"/>
        <vehicle id="1" x="767.53" y="601.65" angle="-90.00" type="DEFAULT_VEHTYPE" speed="13.62" pos="32.47" lane="4/3to3/3_0" slope="0.00"/>
        <vehicle id="10" x="717.17" y="398.35" angle="90.00" type="DEFAULT_VEHTYPE" speed="13.51" pos="112.42" lane="3/2to4/2_0" slope="0.00"/>
        <vehicle id="11" x="497.67" y="401.65" angle="-90.00" type="DEFAULT_VEHTYPE" speed="12.91" pos="97.58" lane="3/2to2/2_0" slope="0.00"/>
        <vehicle id="12" x="309.81" y="401.65" angle="-90.00" type="DEFAULT_VEHTYPE" speed="12.82" pos="85.44" lane="2/2to1/2_0" slope="0.00"/>
        <vehicle id="13" x="398.35" y="335.52" angle="0.00" type="DEFAULT_VEHTYPE" speed="12.72" pos="59.73" lane="2/2to2/1_0" slope="0.00"/>
        <vehicle id="14" x="62.41" y="398.35" angle="90.00" type="DEFAULT_VEHTYPE" speed="13.56" pos="62.41" lane="0/2to1/2_0" slope="0.00"/>
        <vehicle id="15" x="454.24" y="198.35" angle="90.00" type="DEFAULT_VEHTYPE" speed="12.54" pos="49.49" lane="2/1to3/1_0" slope="0.00"/>
        <vehicle id="16" x="201.65" y="239.05" angle="180.00" type="DEFAULT_VEHTYPE" speed="9.44" pos="34.30" lane="1/1to1/2_0" slope="0.00"/>
        <vehicle id="17" x="171.71" y="601.65" angle="-90.00" type="DEFAULT_VEHTYPE" speed="7.73" pos="23.54" lane="1/3to0/3_0" slope="0.00"/>
        <vehicle id="18" x="598.35" y="380.21" angle="0.00" type="DEFAULT_VEHTYPE" speed="5.47" pos="15.04" lane="3/2to3/1_0" slope="0.00"/>
        <vehicle id="19" x="416.62" y="598.35" angle="90.00" type="DEFAULT_VEHTYPE" speed="4.31" pos="11.87" lane="2/3to3/3_0" slope="0.00"/>
        <vehicle id="2" x="591.49" y="198.35" angle="90.00" type="DEFAULT_VEHTYPE" speed="0.99" pos="186.74" lane="2/1to3/1_0" slope="0.00"/>
        <vehicle id="20" x="411.70" y="198.35" angle="90.00" type="DEFAULT_VEHTYPE" speed="1.85" pos="6.95" lane="2/1to3/1_0" slope="0.00"/>
        <vehicle id="21" x="590.15" y="601.65" angle="-90.00" type="DEFAULT_VEHTYPE" speed="0.00" pos="5.10" lane="3/3to2/3_0" slope="0.00"/>
        <vehicle id="3" x="395.93" y="398.80" angle="95.25" type="DEFAULT_VEHTYPE" speed="7.45" pos="0.81" lane=":2/2_15_0" slope="0.00"/>
        <vehicle id="4" x="601.65" y="186.40" angle="180.00" type="DEFAULT_VEHTYPE" speed="5.62" pos="186.40" lane="3/0to3/1_0" slope="0.00"/>
        <vehicle id="5" x="181.75" y="198.35" angle="90.00" type="DEFAULT_VEHTYPE" speed="9.51" pos="181.75" lane="0/1to1/1_0" slope="0.00"/>
        <vehicle id="6" x="398.35" y="428.53" angle="0.00" type="DEFAULT_VEHTYPE" speed="13.66" pos="166.72" lane="2/3to2/2_0" slope="0.00"/>
        <vehicle id="7" x="154.33" y="398.35" angle="90.00" type="DEFAULT_VEHTYPE" speed="13.32" pos="154.33" lane="0/2to1/2_0" slope="0.00"/>
        <vehicle id="8" x="548.63" y="198.35" angle="90.00" type="DEFAULT_VEHTYPE" speed="13.19" pos="143.88" lane="2/1to3/1_0" slope="0.00"/>
        <vehicle id="9" x="601.65" y="118.39" angle="180.00" type="DEFAULT_VEHTYPE" speed="13.61" pos="118.39" lane="3/0to3/1_0" slope="0.00"/>
    </timestep>
    <timestep time="22.00">
        <vehicle id="0" x="48.58" y="398.35" angle="90.00" type="DEFAULT_VEHTYPE" speed="12.87" pos="48.58" lane="0/2to1/2_0" slope="0.00"/>
        <vehicle id="1" x="754.78" y="601.65" angle="-90.00" type="DEFAULT_VEHTYPE" speed="12.75" pos="45.22" lane="4/3to3/3_0" slope="0.00"/>
        <vehicle id="10" x="730.41" y="398.35" angle="90.00" type="DEFAULT_VEHTYPE" speed="13.24" pos="125.66" lane="3/2to4/2_0" slope="0.00"/>
        <vehicle id="11" x="484.39" y="401.65" angle="-90.00" type="DEFAULT_VEHTYPE" speed="13.28" pos="110.86" lane="3/2to2/2_0" slope="0.00"/>
        <vehicle id="12" x="296.83" y="401.65" angle="-90.00" type="DEFAULT_VEHTYPE" speed="12.98" pos="98.42" lane="2/2to1/2_0" slope="0.00"/>
        <vehicle id="13" x="398.35" y="322.65" angle="0.00" type="DEFAULT_VEHTYPE" speed="12.86" pos="72.60" lane="2/2to2/1_0" slope="0.00"/>
        <vehicle id="14" x="75.60" y="398.35" angle="90.00" type="DEFAULT_VEHTYPE" speed="13.19" pos="75.60" lane="0/2to1/2_0" slope="0.00"/>
        <vehicle id="15" x="468.10" y="198.35" angle="90.00" type="DEFAULT_VEHTYPE" speed="13.86" pos="63.35" lane="2/1to3/1_0" slope="0.00"/>
        <vehicle id="16" x="201.65" y="250.47" angle="180.00" type="DEFAULT_VEHTYPE" speed="11.42" pos="45.72" lane="1/1to1/2_0" slope="0.00"/>
        <vehicle id="17" x="161.88" y="601.65" angle="-90.00" type="DEFAULT_VEHTYPE" speed="9.83" pos="33.37" lane="1/3to0/3_0" slope="0.00"/>
        <vehicle id="18" x="598.35" y="372.58" angle="0.00" type="DEFAULT_VEHTYPE" speed="7.63" pos="22.67" lane="3/2to3/1_0" slope="0.00"/>
        <vehicle id="19" x="423.14" y="598.35" angle="90.00" type="DEFAULT_VEHTYPE" speed="6.53" pos="18.39" lane="2/3to3/3_0" slope="0.00"/>
        <vehicle id="2" x="592.09" y="198.35" angle="90.00" type="DEFAULT_VEHTYPE" speed="0.61" pos="187.34" lane="2/1to3/1_0" slope="0.00"/>
        <vehicle id="20" x="416.08" y="198.35" angle="90.00" type="DEFAULT_VEHTYPE" speed="4.38" pos="11.33" lane="2/1to3/1_0" slope="0.00"/>
        <vehicle id="21" x="587.83" y="601.65" angle="-90.00" type="DEFAULT_VEHTYPE" speed="2.32" pos="7.42" lane="3/3to2/3_0" slope="0.00"/>
        <vehicle id="22" x="201.65" y="5.10" angle="180.00" type="DEFAULT_VEHTYPE" speed="0.00" pos="5.10" lane="1/0to1/1_0" slope="0.00"/>
        <vehicle id="3" x="389.41" y="401.65" angle="-90.00" type="DEFAULT_VEHTYPE" speed="9.85" pos="5.84" lane="2/2to1/2_0" slope="0.00"/>
        <vehicle id="4" x="601.65" y="190.25" angle="180.00" type="DEFAULT_VEHTYPE" speed="3.85" pos="190.25" lane="3/0to3/1_0" slope="0.00"/>
        <vehicle id="5" x="187.80" y="198.35" angle="90.00" type="DEFAULT_VEHTYPE" speed="6.05" pos="187.80" lane="0/1to1/1_0" slope="0.00"/>
        <vehicle id="6" x="398.35" y="414.68" angle="0.00" type="DEFAULT_VEHTYPE" speed="13.85" pos="180.57" lane="2/3to2/2_0" slope="0.00"/>
        <vehicle id="7" x="167.48" y="398.35" angle="90.00" type="DEFAULT_VEHTYPE" speed="13.14" pos="167.48" lane="0/2to1/2_0" slope="0.00"/>
        <vehicle id="8" x="562.49" y="198.35" angle="90.00" type="DEFAULT_VEHTYPE" speed="13.86" pos="157.74" lane="2/1to3/1_0" slope="0.00"/>
        <vehicle id="9" x="601.65" y="132.03" angle="180.00" type="DEFAULT_VEHTYPE" speed="13.64" pos="132.03" lane="3/0to3/1_0" slope="0.00"/>
    </timestep>
    <timestep time="23.00">
        <vehicle id="0" x="61.52" y="398.35" angle="90.00" type="DEFAULT_VEHTYPE" speed="12.94" pos="61.52" lane="0/2to1/2_0" slope="0.00"/>
        <vehicle id="1" x="741.12" y="601.65" angle="-90.00" type="DEFAULT_VEHTYPE" speed="13.66" pos="58.88" lane="4/3to3/3_0" slope="0.00"/>
        <vehicle id="10" x="743.12" y="398.35" angle="90.00" type="DEFAULT_VEHTYPE" speed="12.71" pos="138.37" lane="3/2to4/2_0" slope="0.00"/>
        <vehicle id="11" x="471.50" y="401.65" angle="-90.00" type="DEFAULT_VEHTYPE" speed="12.89" pos="123.75" lane="3/2to2/2_0" slope="0.00"/>
        <vehicle id="12" x="283.96" y="401.65" angle="-90.00" type="DEFAULT_VEHTYPE" speed="12.86" pos="111.29" lane="2/2to1/2_0" slope="0.00"/>
        <vehicle id="13" x="398.35" y="308.79" angle="0.00" type="DEFAULT_VEHTYPE" speed="13.87" pos="86.46" lane="2/2to2/1_0" slope="0.00"/>
        <vehicle id="14" x="89.49" y="398.35" angle="90.00" type="DEFAULT_VEHTYPE" speed="13.89" pos="89.49" lane="0/2to1/2_0" slope="0.00"/>
        <vehicle id="15" x="481.15" y="198.35" angle="90.00" type="DEFAULT_VEHTYPE" speed="13.05" pos="76.40" lane="2/1to3/1_0" slope="0.00"/>
        <vehicle id="16" x="201.65" y="263.62" angle="180.00" type="DEFAULT_VEHTYPE" speed="13.15" pos="58.87" lane="1/1to1/2_0" slope="0.00"/>
        <vehicle id="17" x="150.06" y="601.65" angle="-90.00" type="DEFAULT_VEHTYPE" speed="11.82" pos="45.19" lane="1/3to0/3_0" slope="0.00"/>
        <vehicle id="18" x="598.35" y="362.87" angle="0.00" type="DEFAULT_VEHTYPE" speed="9.72" pos="32.38" lane="3/2to3/1_0" slope="0.00"/>
        <vehicle id="19" x="431.58" y="598.35" angle="90.00" type="DEFAULT_VEHTYPE" speed="8.44" pos="26.83" lane="2/3to3/3_0" slope="0.00"/>
        <vehicle id="2" x="592.40" y="198.35" angle="90.00" type="DEFAULT_VEHTYPE" speed="0.31" pos="187.65" lane="2/1to3/1_0" slope="0.00"/>
        <vehicle id="20" x="422.65" y="198.35" angle="90.00" type="DEFAULT_VEHTYPE" speed="6.57" pos="17.90" lane="2/1to3/1_0" slope="0.00"/>
        <vehicle id="21" x="584.01" y="601.65" angle="-90.00" type="DEFAULT_VEHTYPE" speed="3.82" pos="11.24" lane="3/3to2/3_0" slope="0.00"/>
        <vehicle id="22" x="201.65" y="6.86" angle="180.00" type="DEFAULT_VEHTYPE" speed="1.76" pos="6.86" lane="1/0to1/1_0" slope="0.00"/>
        <vehicle id="23" x="5.10" y="598.35" angle="90.00" type="DEFAULT_VEHTYPE" speed="0.00" pos="5.10" lane="0/3to1/3_0" slope="0.00"/>
        <vehicle id="3" x="377.93" y="401.65" angle="-90.00" type="DEFAULT_VEHTYPE" speed="11.49" pos="17.32" lane="2/2to1/2_0" slope="0.00"/>
        <vehicle id="4" x="601.56" y="195.85" angle="-179.02" type="DEFAULT_VEHTYPE" speed="5.60" pos="0.60" lane=":3/1_10_0" slope="0.00"/>
        <vehicle id="5" x="191.29" y="198.35" angle="90.00" type="DEFAULT_VEHTYPE" speed="3.49" pos="191.29" lane="0/1to1/1_0" slope="0.00"/>
        <vehicle id="6" x="398.35" y="401.97" angle="0.00" type="DEFAULT_VEHTYPE" speed="12.71" pos="2.78" lane=":2/2_1_0" slope="0.00"/>
        <vehicle id="7" x="178.25" y="398.35" angle="90.00" type="DEFAULT_VEHTYPE" speed="10.77" pos="178.25" lane="0/2to1/2_0" slope="0.00"/>
        <vehicle id="8" x="572.48" y="198.35" angle="90.00" type="DEFAULT_VEHTYPE" speed="9.99" pos="167.73" lane="2/1to3/1_0" slope="0.00"/>
        <vehicle id="9" x="601.65" y="144.76" angle="180.00" type="DEFAULT_VEHTYPE" speed="12.74" pos="144.76" lane="3/0to3/1_0" slope="0.00"/>
    </timestep>
    <timestep time="24.00">
        <vehicle id="0" x="74.25" y="398.35" angle="90.00" type="DEFAULT_VEHTYPE" speed="12.73" pos="74.25" lane="0/2to1/2_0" slope="0.00"/>
        <vehicle id="1" x="728.47" y="601.65" angle="-90.00" type="DEFAULT_VEHTYPE" speed="12.66" pos="71.53" lane="4/3to3/3_0" slope="0.00"/>
        <vehicle id="10" x="756.28" y="398.35" angle="90.00" type="DEFAULT_VEHTYPE" speed="13.16" pos="151.53" lane="3/2to4/2_0" slope="0.00"/>
        <vehicle id="11" x="458.02" y="401.65" angle="-90.00" type="DEFAULT_VEHTYPE" speed="13.47" pos="137.23" lane="3/2to2/2_0" slope="0.00"/>
        <vehicle id="12" x="271.24" y="401.65" angle="-90.00" type="DEFAULT_VEHTYPE" speed="12.72" pos="124.01" lane="2/2to1/2_0" slope="0.00"/>
        <vehicle id="13" x="398.35" y="295.92" angle="0.00" type="DEFAULT_VEHTYPE" speed="12.87" pos="99.33" lane="2/2to2/1_0" slope="0.00"/>
        <vehicle id="14" x="102.15" y="398.35" angle="90.00" type="DEFAULT_VEHTYPE" speed="12.66" pos="102.15" lane="0/2to1/2_0" slope="0.00"/>
        <vehicle id="15" x="494.73" y="198.35" angle="90.00" type="DEFAULT_VEHTYPE" speed="13.59" pos="89.98" lane="2/1to3/1_0" slope="0.00"/>
        <vehicle id="16" x="201.65" y="276.73" angle="180.00" type="DEFAULT_VEHTYPE" speed="13.11" pos="71.98" lane="1/1to1/2_0" slope="0.00"/>
        <vehicle id="17" x="136.19" y="601.65" angle="-90.00" type="DEFAULT_VEHTYPE" speed="13.88" pos="59.06" lane="1/3to0/3_0" slope="0.00"/>
        <vehicle id="18" x="598.35" y="351.11" angle="0.00" type="DEFAULT_VEHTYPE" speed="11.76" pos="44.14" lane="3/2to3/1_0" slope="0.00"/>
        <vehicle id="19" x="441.47" y="598.35" angle="90.00" type="DEFAULT_VEHTYPE" speed="9.88" pos="36.72" lane="2/3to3/3_0" slope="0.00"/>
        <vehicle id="2" x="592.65" y="198.35" angle="90.00" type="DEFAULT_VEHTYPE" speed="0.25" pos="187.90" lane="2/1to3/1_0" slope="0.00"/>
        <vehicle id="20" x="430.61" y="198.35" angle="90.00" type="DEFAULT_VEHTYPE" speed="7.97" pos="25.86" lane="2/1to3/1_0" slope="0.00"/>
        <vehicle id="21" x="578.00" y="601.65" angle="-90.00" type="DEFAULT_VEHTYPE" speed="6.01" pos="17.25" lane="3/3to2/3_0" slope="0.00"/>
        <vehicle id="22" x="201.65" y="11.11" angle="180.00" type="DEFAULT_VEHTYPE" speed="4.25" pos="11.11" lane="1/0to1/1_0" slope="0.00"/>
        <vehicle id="23" x="7.69" y="598.35" angle="90.00" type="DEFAULT_VEHTYPE" speed="2.59" pos="7.69" lane="0/3to1/3_0" slope="0.00"/>
        <vehicle id="24" x="398.35" y="794.90" angle="0.00" type="DEFAULT_VEHTYPE" speed="0.00" pos="5.10" lane="2/4to2/3_0" slope="0.00"/>
        <vehicle id="3" x="365.29" y="401.65" angle="-90.00" type="DEFAULT_VEHTYPE" speed="12.63" pos="29.96" lane="2/2to1/2_0" slope="0.00"/>
        <vehicle id="4" x="597.85" y="201.28" angle="-134.54" type="DEFAULT_VEHTYPE" speed="7.09" pos="0.55" lane=":3/1_18_0" slope="0.00"/>
        <vehicle id="5" x="196.96" y="198.59" angle="92.81" type="DEFAULT_VEHTYPE" speed="5.69" pos="1.73" lane=":1/1_14_0" slope="0.00"/>
        <vehicle id="6" x="398.35" y="388.53" angle="0.00" type="DEFAULT_VEHTYPE" speed="13.45" pos="6.72" lane="2/2to2/1_0" slope="0.00"/>
        <vehicle id="7" x="185.13" y="398.35" angle="90.00" type="DEFAULT_VEHTYPE" speed="6.88" pos="185.13" lane="0/2to1/2_0" slope="0.00"/>
        <vehicle id="8" x="578.31" y="198.35" angle="90.00" type="DEFAULT_VEHTYPE" speed="5.83" pos="173.56" lane="2/1to3/1_0" slope="0.00"/>
        <vehicle id="9" x="601.65" y="158.14" angle="180.00" type="DEFAULT_VEHTYPE" speed="13.37" pos="158.14" lane="3/0to3/1_0" slope="0.00"/>
    </timestep>
    <timestep time="25.00">
        <vehicle id="0" x="87.83" y="398.35" angle="90.00" type="DEFAULT_VEHTYPE" speed="13.58" pos="87.83" lane="0/2to1/2_0" slope="0.00"/>
        <vehicle id="1" x="715.06" y="601.65" angle="-90.00" type="DEFAULT_VEHTYPE" speed="13.41" pos="84.94" lane="4/3to3/3_0" slope="0.00"/>
        <vehicle id="10" x="769.29" y="398.35" angle="90.00" type="DEFAULT_VEHTYPE" speed="13.01" pos="164.54" lane="3/2to4/2_0" slope="0.00"/>
        <vehicle id="11" x="445.04" y="401.65" angle="-90.00" type="DEFAULT_VEHTYPE" speed="12.98" pos="150.21" lane="3/2to2/2_0" slope="0.00"/>
        <vehicle id="12" x="257.63" y="401.65" angle="-90.00" type="DEFAULT_VEHTYPE" speed="13.61" pos="137.62" lane="2/2to1/2_0" slope="0.00"/>
        <vehicle id="13" x="398.35" y="283.19" angle="0.00" type="DEFAULT_VEHTYPE" speed="12.73" pos="112.06" lane="2/2to2/1_0" slope="0.00"/>
        <vehicle id="14" x="115.99" y="398.35" angle="90.00" type="DEFAULT_VEHTYPE" speed="13.84" pos="115.99" lane="0/2to1/2_0" slope="0.00"/>
        <vehicle id="15" x="507.52" y="198.35" angle="90.00" type="DEFAULT_VEHTYPE" speed="12.79" pos="102.77" lane="2/1to3/1_0" slope="0.00"/>
        <vehicle id="16" x="201.65" y="289.86" angle="180.00" type="DEFAULT_VEHTYPE" speed="13.13" pos="85.11" lane="1/1to1/2_0" slope="0.00"/>
        <vehicle id="17" x="122.63" y="601.65" angle="-90.00" type="DEFAULT_VEHTYPE" speed="13.56" pos="72.62" lane="1/3to0/3_0" slope="0.00"/>
        <vehicle id="18" x="598.35" y="338.09" angle="0.00" type="DEFAULT_VEHTYPE" speed="13.02" pos="57.16" lane="3/2to3/1_0" slope="0.00"/>
        <vehicle id="19" x="452.89" y="598.35" angle="90.00" type="DEFAULT_VEHTYPE" speed="11.42" pos="48.14" lane="2/3to3/3_0" slope="0.00"/>
        <vehicle id="2" x="592.75" y="198.35" angle="90.00" type="DEFAULT_VEHTYPE" speed="0.09" pos="188.00" lane="2/1to3/1_0" slope="0.00"/>
        <vehicle id="20" x="439.89" y="198.35" angle="90.00" type="DEFAULT_VEHTYPE" speed="9.28" pos="35.14" lane="2/1to3/1_0" slope="0.00"/>
        <vehicle id="21" x="569.59" y="601.65" angle="-90.00" type="DEFAULT_VEHTYPE" speed="8.41" pos="25.66" lane="3/3to2/3_0" slope="0.00"/>
        <vehicle id="22" x="201.65" y="17.60" angle="180.00" type="DEFAULT_VEHTYPE" speed="6.50" pos="17.60" lane="1/0to1/1_0" slope="0.00"/>
        <vehicle id="23" x="12.21" y="598.35" angle="90.00" type="DEFAULT_VEHTYPE" speed="4.52" pos="12.21" lane="0/3to1/3_0" slope="0.00"/>
        <vehicle id="24" x="398.35" y="792.41" angle="0.00" type="DEFAULT_VEHTYPE" speed="2.49" pos="7.59" lane="2/4to2/3_0" slope="0.00"/>
        <vehicle id="3" x="352.55" y="401.65" angle="-90.00" type="DEFAULT_VEHTYPE" speed="12.74" pos="42.70" lane="2/2to1/2_0" slope="0.00"/>
        <vehicle id="4" x="588.30" y="201.65" angle="-90.00" type="DEFAULT_VEHTYPE" speed="9.58" pos="6.95" lane="3/1to2/1_0" slope="0.00"/>
        <vehicle id="5" x="201.59" y="204.31" angle="158.45" type="DEFAULT_VEHTYPE" speed="8.15" pos="9.88" lane=":1/1_14_0" slope="0.00"/>
        <vehicle id="6" x="398.35" y="375.62" angle="0.00" type="DEFAULT_VEHTYPE" speed="12.91" pos="19.63" lane="2/2to2/1_0" slope="0.00"/>
        <vehicle id="7" x="189.35" y="398.35" angle="90.00" type="DEFAULT_VEHTYPE" speed="4.22" pos="189.35" lane="0/2to1/2_0" slope="0.00"/>
        <vehicle id="8" x="582.67" y="198.35" angle="90.00" type="DEFAULT_VEHTYPE" speed="4.36" pos="177.92" lane="2/1to3/1_0" slope="0.00"/>
        <vehicle id="9" x="601.65" y="171.95" angle="180.00" type="DEFAULT_VEHTYPE" speed="13.82" pos="171.95" lane="3/0to3/1_0" slope="0.00"/>
    </timestep>
    <timestep time="26.00">
        <vehicle id="0" x="101.65" y="398.35" angle="90.00" type="DEFAULT_VEHTYPE" speed="13.82" pos="101.65" lane="0/2to1/2_0" slope="0.00"/>
        <vehicle id="1" x="702.42" y="601.65" angle="-90.00" type="DEFAULT_VEHTYPE" speed="12.64" pos="97.58" lane="4/3to3/3_0" slope="0.00"/>
        <vehicle id="10" x="783.03" y="398.35" angle="90.00" type="DEFAULT_VEHTYPE" speed="13.74" pos="178.28" lane="3/2to4/2_0" slope="0.00"/>
        <vehicle id="11" x="431.82" y="401.65" angle="-90.00" type="DEFAULT_VEHTYPE" speed="13.22" pos="163.43" lane="3/2to2/2_0" slope="0.00"/>
        <vehicle id="12" x="244.84" y="401.65" angle="-90.00" type="DEFAULT_VEHTYPE" speed="12.79" pos="150.41" lane="2/2to1/2_0" slope="0.00"/>
        <vehicle id="13" x="398.35" y="269.84" angle="0.00" type="DEFAULT_VEHTYPE" speed="13.34" pos="125.41" lane="2/2to2/1_0" slope="0.00"/>
        <vehicle id="14" x="128.74" y="398.35" angle="90.00" type="DEFAULT_VEHTYPE" speed="12.75" pos="128.74" lane="0/2to1/2_0" slope="0.00"/>
        <vehicle id="15" x="520.33" y="198.35" angle="90.00" type="DEFAULT_VEHTYPE" speed="12.81" pos="115.58" lane="2/1to3/1_0" slope="0.00"/>
        <vehicle id="16" x="201.65" y="303.45" angle="180.00" type="DEFAULT_VEHTYPE" speed="13.59" pos="98.70" lane="1/1to1/2_0" slope="0.00"/>
        <vehicle id="17" x="109.02" y="601.65" angle="-90.00" type="DEFAULT_VEHTYPE" speed="13.60" pos="86.23" lane="1/3to0/3_0" slope="0.00"/>
        <vehicle id="18" x="598.35" y="325.41" angle="0.00" type="DEFAULT_VEHTYPE" speed="12.68" pos="69.84" lane="3/2to3/1_0" slope="0.00"/>
        <vehicle id="19" x="466.00" y="598.35" angle="90.00" type="DEFAULT_VEHTYPE" speed="13.12" pos="61.25" lane="2/3to3/3_0" slope="0.00"/>
        <vehicle id="2" x="592.75" y="198.35" angle="90.00" type="DEFAULT_VEHTYPE" speed="0.00" pos="188.00" lane="2/1to3/1_0" slope="0.00"/>
        <vehicle id="20" x="451.51" y="198.35" angle="90.00" type="DEFAULT_VEHTYPE" speed="11.62" pos="46.76" lane="2/1to3/1_0" slope="0.00"/>
        <vehicle id="21" x="559.69" y="601.65" angle="-90.00" type="DEFAULT_VEHTYPE" speed="9.90" pos="35.56" lane="3/3to2/3_0" slope="0.00"/>
        <vehicle id="22" x="201.65" y="25.41" angle="180.00" type="DEFAULT_VEHTYPE" speed="7.81" pos="25.41" lane="1/0to1/1_0" slope="0.00"/>
        <vehicle id="23" x="18.51" y="598.35" angle="90.00" type="DEFAULT_VEHTYPE" speed="6.30" pos="18.51" lane="0/3to1/3_0" slope="0.00"/>
        <vehicle id="24" x="398.35" y="788.11" angle="0.00" type="DEFAULT_VEHTYPE" speed="4.29" pos="11.89" lane="2/4to2/3_0" slope="0.00"/>
        <vehicle id="3" x="339.12" y="401.65" angle="-90.00" type="DEFAULT_VEHTYPE" speed="13.43" pos="56.13" lane="2/2to1/2_0" slope="0.00"/>
        <vehicle id="4" x="576.12" y="201.65" angle="-90.00" type="DEFAULT_VEHTYPE" speed="12.17" pos="19.13" lane="3/1to2/1_0" slope="0.00"/>
        <vehicle id="5" x="201.65" y="214.38" angle="180.00" type="DEFAULT_VEHTYPE" speed="10.08" pos="9.63" lane="1/1to1/2_0" slope="0.00"/>
        <vehicle id="6" x="398.35" y="362.06" angle="0.00" type="DEFAULT_VEHTYPE" speed="13.55" pos="33.19" lane="2/2to2/1_0" slope="0.00"/>
        <vehicle id="7" x="195.48" y="398.32" angle="89.63" type="DEFAULT_VEHTYPE" speed="6.13" pos="0.24" lane=":1/2_12_0" slope="0.00"/>
        <vehicle id="8" x="584.32" y="198.35" angle="90.00" type="DEFAULT_VEHTYPE" speed="1.65" pos="179.57" lane="2/1to3/1_0" slope="0.00"/>
        <vehicle id="9" x="601.65" y="184.59" angle="180.00" type="DEFAULT_VEHTYPE" speed="12.63" pos="184.59" lane="3/0to3/1_0" slope="0.00"/>
    </timestep>
    <timestep time="27.00">
        <vehicle id="0" x="115.36" y="398.35" angle="90.00" type="DEFAULT_VEHTYPE" speed="13.71" pos="115.36" lane="0/2to1/2_0" slope="0.00"/>
        <vehicle id="1" x="689.40" y="601.65" angle="-90.00" type="DEFAULT_VEHTYPE" speed="13.02" pos="110.60" lane="4/3to3/3_0" slope="0.00"/>
        <vehicle id="10" x="796.91" y="398.35" angle="90.00" type="DEFAULT_VEHTYPE" speed="13.88" pos="192.16" lane="3/2to4/2_0" slope="0.00"/>
        <vehicle id="11" x="420.94" y="401.65" angle="-90.00" type="DEFAULT_VEHTYPE" speed="10.88" pos="174.31" lane="3/2to2/2_0" slope="0.00"/>
        <vehicle id="12" x="232.00" y="401.65" angle="-90.00" type="DEFAULT_VEHTYPE" speed="12.84" pos="163.25" lane="2/2to1/2_0" slope="0.00"/>
        <vehicle id="13" x="398.35" y="256.13" angle="0.00" type="DEFAULT_VEHTYPE" speed="13.72" pos="139.12" lane="2/2to2/1_0" slope="0.00"/>
        <vehicle id="14" x="141.90" y="398.35" angle="90.00" type="DEFAULT_VEHTYPE" speed="13.16" pos="141.90" lane="0/2to1/2_0" slope="0.00"/>
        <vehicle id="15" x="533.10" y="198.35" angle="90.00" type="DEFAULT_VEHTYPE" speed="12.77" pos="128.35" lane="2/1to3/1_0" slope="0.00"/>
        <vehicle id="16" x="201.65" y="316.09" angle="180.00" type="DEFAULT_VEHTYPE" speed="12.64" pos="111.34" lane="1/1to1/2_0" slope="0.00"/>
        <vehicle id="17" x="96.36" y="601.65" angle="-90.00" type="DEFAULT_VEHTYPE" speed="12.66" pos="98.89" lane="1/3to0/3_0" slope="0.00"/>
        <vehicle id="18" x="598.35" y="312.34" angle="0.00" type="DEFAULT_VEHTYPE" speed="13.06" pos="82.91" lane="3/2to3/1_0" slope="0.00"/>
        <vehicle id="19" x="478.93" y="598.35" angle="90.00" type="DEFAULT_VEHTYPE" speed="12.92" pos="74.18" lane="2/3to3/3_0" slope="0.00"/>
        <vehicle id="2" x="592.75" y="198.35" angle="90.00" type="DEFAULT_VEHTYPE" speed="0.00" pos="188.00" lane="2/1to3/1_0" slope="0.00"/>
        <vehicle id="20" x="464.71" y="198.35" angle="90.00" type="DEFAULT_VEHTYPE" speed="13.20" pos="59.96" lane="2/1to3/1_0" slope="0.00"/>
        <vehicle id="21" x="547.88" y="601.65" angle="-90.00" type="DEFAULT_VEHTYPE" speed="11.81" pos="47.37" lane="3/3to2/3_0" slope="0.00"/>
        <vehicle id="22" x="201.65" y="35.55" angle="180.00" type="DEFAULT_VEHTYPE" speed="10.14" pos="35.55" lane="1/0to1/1_0" slope="0.00"/>
        <vehicle id="23" x="26.38" y="598.35" angle="90.00" type="DEFAULT_VEHTYPE" speed="7.87" pos="26.38" lane="0/3to1/3_0" slope="0.00"/>
        <vehicle id="24" x="398.35" y="782.28" angle="0.00" type="DEFAULT_VEHTYPE" speed="5.84" pos="17.72" lane="2/4to2/3_0" slope="0.00"/>
        <vehicle id="3" x="326.21" y="401.65" angle="-90.00" type="DEFAULT_VEHTYPE" speed="12.91" pos="69.04" lane="2/2to1/2_0" slope="0.00"/>
        <vehicle id="4" x="562.77" y="201.65" angle="-90.00" type="DEFAULT_VEHTYPE" speed="13.35" pos="32.48" lane="3/1to2/1_0" slope="0.00"/>
        <vehicle id="5" x="201.65" y="226.99" angle="180.00" type="DEFAULT_VEHTYPE" speed="12.61" pos="22.24" lane="1/1to1/2_0" slope="0.00"/>
        <vehicle id="6" x="398.35" y="348.22" angle="0.00" type="DEFAULT_VEHTYPE" speed="13.85" pos="47.03" lane="2/2to2/1_0" slope="0.00"/>
        <vehicle id="7" x="198.35" y="391.84" angle="3.49" type="DEFAULT_VEHTYPE" speed="8.18" pos="3.41" lane="1/2to1/1_0" slope="0.00"/>
        <vehicle id="8" x="584.86" y="198.35" angle="90.00" type="DEFAULT_VEHTYPE" speed="0.54" pos="180.11" lane="2/1to3/1_0" slope="0.00"/>
        <vehicle id="9" x="601.65" y="197.39" angle="180.00" type="DEFAULT_VEHTYPE" speed="12.80" pos="2.14" lane=":3/1_9_0" slope="0.00"/>
    </timestep>
    <timestep time="28.00">
        <vehicle id="0" x="128.71" y="398.35" angle="90.00" type="DEFAULT_VEHTYPE" speed="13.35" pos="128.71" lane="0/2to1/2_0" slope="0.00"/>
        <vehicle id="1" x="675.88" y="601.65" angle="-90.00" type="DEFAULT_VEHTYPE" speed="13.52" pos="124.12" lane="4/3to3/3_0" slope="0.00"/>
        <vehicle id="10" x="795.29" y="401.65" angle="-91.90" type="DEFAULT_VEHTYPE" speed="12.61" pos="4.71" lane="4/2to3/2_0" slope="0.00"/>
        <vehicle id="11" x="413.57" y="401.65" angle="-90.00" type="DEFAULT_VEHTYPE" speed="7.37" pos="181.68" lane="3/2to2/2_0" slope="0.00"/>
        <vehicle id="12" x="221.06" y="401.65" angle="-90.00" type="DEFAULT_VEHTYPE" speed="10.93" pos="174.19" lane="2/2to1/2_0" slope="0.00"/>
        <vehicle id="13" x="398.35" y="243.44" angle="0.00" type="DEFAULT_VEHTYPE" speed="12.68" pos="151.81" lane="2/2to2/1_0" slope="0.00"/>
        <vehicle id="14" x="155.08" y="398.35" angle="90.00" type="DEFAULT_VEHTYPE" speed="13.18" pos="155.08" lane="0/2to1/2_0" slope="0.00"/>
        <vehicle id="15" x="546.32" y="198.35" angle="90.00" type="DEFAULT_VEHTYPE" speed="13.22" pos="141.57" lane="2/1to3/1_0" slope="0.00"/>
        <vehicle id="16" x="201.65" y="329.19" angle="180.00" type="DEFAULT_VEHTYPE" speed="13.10" pos="124.44" lane="1/1to1/2_0" slope="0.00"/>
        <vehicle id="17" x="82.68" y="601.65" angle="-90.00" type="DEFAULT_VEHTYPE" speed="13.67" pos="112.57" lane="1/3to0/3_0" slope="0.00"/>
        <vehicle id="18" x="598.35" y="298.53" angle="0.00" type="DEFAULT_VEHTYPE" speed="13.81" pos="96.72" lane="3/2to3/1_0" slope="0.00"/>
        <vehicle id="19" x="491.77" y="598.35" angle="90.00" type="DEFAULT_VEHTYPE" speed="12.85" pos="87.02" lane="2/3to3/3_0" slope="0.00"/>
        <vehicle id="2" x="594.57" y="198.35" angle="90.00" type="DEFAULT_VEHTYPE" speed="1.82" pos="189.82" lane="2/1to3/1_0" slope="0.00"/>
        <vehicle id="20" x="477.93" y="198.35" angle="90.00" type="DEFAULT_VEHTYPE" speed="13.23" pos="73.18" lane="2/1to3/1_0" slope="0.00"/>
        <vehicle id="21" x="534.13" y="601.65" angle="-90.00" type="DEFAULT_VEHTYPE" speed="13.76" pos="61.12" lane="3/3to2/3_0" slope="0.00"/>
        <vehicle id="22" x="201.65" y="47.17" angle="180.00" type="DEFAULT_VEHTYPE" speed="11.62" pos="47.17" lane="1/0to1/1_0" slope="0.00"/>
        <vehicle id="23" x="36.49" y="598.35" angle="90.00" type="DEFAULT_VEHTYPE" speed="10.10" pos="36.49" lane="0/3to1/3_0" slope="0.00"/>
        <vehicle id="24" x="398.35" y="774.09" angle="0.00" type="DEFAULT_VEHTYPE" speed="8.19" pos="25.91" lane="2/4to2/3_0" slope="0.00"/>
        <vehicle id="3" x="312.65" y="401.65" angle="-90.00" type="DEFAULT_VEHTYPE" speed="13.56" pos="82.60" lane="2/2to1/2_0" slope="0.00"/>
        <vehicle id="4" x="549.20" y="201.65" angle="-90.00" type="DEFAULT_VEHTYPE" speed="13.58" pos="46.05" lane="3/1to2/1_0" slope="0.00"/>
        <vehicle id="5" x="201.65" y="240.72" angle="180.00" type="DEFAULT_VEHTYPE" speed="13.73" pos="35.97" lane="1/1to1/2_0" slope="0.00"/>
        <vehicle id="6" x="398.35" y="335.52" angle="0.00" type="DEFAULT_VEHTYPE" speed="12.69" pos="59.73" lane="2/2to2/1_0" slope="0.00"/>
        <vehicle id="7" x="198.35" y="382.19" angle="0.00" type="DEFAULT_VEHTYPE" speed="9.65" pos="13.06" lane="1/2to1/1_0" slope="0.00"/>
        <vehicle id="8" x="585.13" y="198.35" angle="90.00" type="DEFAULT_VEHTYPE" speed="0.27" pos="180.38" lane="2/1to3/1_0" slope="0.00"/>
        <vehicle id="9" x="601.65" y="210.05" angle="180.00" type="DEFAULT_VEHTYPE" speed="12.66" pos="5.30" lane="3/1to3/2_0" slope="0.00"/>
    </timestep>
    <timestep time="29.00">
        <vehicle id="0" x="141.40" y="398.35" angle="90.00" type="DEFAULT_VEHTYPE" speed="12.70" pos="141.40" lane="0/2to1/2_0" slope="0.00"/>
        <vehicle id="1" x="662.53" y="601.65" angle="-90.00" type="DEFAULT_VEHTYPE" speed="13.35" pos="137.47" lane="4/3to3/3_0" slope="0.00"/>
        <vehicle id="10" x="781.70" y="401.65" angle="-90.00" type="DEFAULT_VEHTYPE" speed="13.60" pos="18.30" lane="4/2to3/2_0" slope="0.00"/>
        <vehicle id="11" x="410.15" y="401.65" angle="-90.00" type="DEFAULT_VEHTYPE" speed="3.41" pos="185.10" lane="3/2to2/2_0" slope="0.00"/>
        <vehicle id="12" x="214.63" y="401.65" angle="-90.00" type="DEFAULT_VEHTYPE" speed="6.43" pos="180.62" lane="2/2to1/2_0" slope="0.00"/>
        <vehicle id="13" x="398.35" y="230.79" angle="0.00" type="DEFAULT_VEHTYPE" speed="12.65" pos="164.46" lane="2/2to2/1_0" slope="0.00"/>
        <vehicle id="14" x="167.85" y="398.35" angle="90.00" type="DEFAULT_VEHTYPE" speed="12.77" pos="167.85" lane="0/2to1/2_0" slope="0.00"/>
        <vehicle id="15" x="558.69" y="198.35" angle="90.00" type="DEFAULT_VEHTYPE" speed="12.37" pos="153.94" lane="2/1to3/1_0" slope="0.00"/>
        <vehicle id="16" x="201.65" y="342.84" angle="180.00" type="DEFAULT_VEHTYPE" speed="13.65" pos="138.09" lane="1/1to1/2_0" slope="0.00"/>
        <vehicle id="17" x="69.16" y="601.65" angle="-90.00" type="DEFAULT_VEHTYPE" speed="13.52" pos="126.09" lane="1/3to0/3_0" slope="0.00"/>
        <vehicle id="18" x="598.35" y="285.65" angle="0.00" type="DEFAULT_VEHTYPE" speed="12.89" pos="109.60" lane="3/2to3/1_0" slope="0.00"/>
        <vehicle id="19" x="504.39" y="598.35" angle="90.00" type="DEFAULT_VEHTYPE" speed="12.62" pos="99.64" lane="2/3to3/3_0" slope="0.00"/>
        <vehicle id="2" x="598.46" y="199.00" angle="97.53" type="DEFAULT_VEHTYPE" speed="3.99" pos="3.31" lane=":3/1_14_0" slope="0.00"/>
        <vehicle id="20" x="490.62" y="198.35" angle="90.00" type="DEFAULT_VEHTYPE" speed="12.69" pos="85.87" lane="2/1to3/1_0" slope="0.00"/>
        <vehicle id="21" x="520.53" y="601.65" angle="-90.00" type="DEFAULT_VEHTYPE" speed="13.60" pos="74.72" lane="3/3to2/3_0" slope="0.00"/>
        <vehicle id="22" x="201.65" y="60.86" angle="180.00" type="DEFAULT_VEHTYPE" speed="13.69" pos="60.86" lane="1/0to1/1_0" slope="0.00"/>
        <vehicle id="23" x="48.61" y="598.35" angle="90.00" type="DEFAULT_VEHTYPE" speed="12.13" pos="48.61" lane="0/3to1/3_0" slope="0.00"/>
        <vehicle id="24" x="398.35" y="764.07" angle="0.00" type="DEFAULT_VEHTYPE" speed="10.02" pos="35.93" lane="2/4to2/3_0" slope="0.00"/>
        <vehicle id="3" x="299.29" y="401.65" angle="-90.00" type="DEFAULT_VEHTYPE" speed="13.36" pos="95.96" lane="2/2to1/2_0" slope="0.00"/>
        <vehicle id="4" x="535.70" y="201.65" angle="-90.00" type="DEFAULT_VEHTYPE" speed="13.50" pos="59.55" lane="3/1to2/1_0" slope="0.00"/>
        <vehicle id="5" x="201.65" y="254.52" angle="180.00" type="DEFAULT_VEHTYPE" speed="13.79" pos="49.77" lane="1/1to1/2_0" slope="0.00"/>
        <vehicle id="6" x="398.35" y="322.35" angle="0.00" type="DEFAULT_VEHTYPE" speed="13.17" pos="72.90" lane="2/2to2/1_0" slope="0.00"/>
        <vehicle id="7" x="198.35" y="370.57" angle="0.00" type="DEFAULT_VEHTYPE" speed="11.62" pos="24.68" lane="1/2to1/1_0" slope="0.00"/>
        <vehicle id="8" x="586.18" y="198.35" angle="90.00" type="DEFAULT_VEHTYPE" speed="1.06" pos="181.43" lane="2/1to3/1_0" slope="0.00"/>
        <vehicle id="9" x="601.65" y="222.89" angle="180.00" type="DEFAULT_VEHTYPE" speed="12.85" pos="18.14" lane="3/1to3/2_0" slope="0.00"/>
    </timestep>
    <timestep time="30.00">
        <vehicle id="0" x="154.18" y="398.35" angle="90.00" type="DEFAULT_VEHTYPE" speed="12.78" pos="154.18" lane="0/2to1/2_0" slope="0.00"/>
        <vehicle id="1" x="649.73" y="601.65" angle="-90.00" type="DEFAULT_VEHTYPE" speed="12.80" pos="150.27" lane="4/3to3/3_0" slope="0.00"/>
        <vehicle id="10" x="768.55" y="401.65" angle="-90.00" type="DEFAULT_VEHTYPE" speed="13.15" pos="31.45" lane="4/2to3/2_0" slope="0.00"/>
        <vehicle id="11" x="404.58" y="401.63" angle="-89.73" type="DEFAULT_VEHTYPE" speed="5.57" pos="0.17" lane=":2/2_6_0" slope="0.00"/>
        <vehicle id="12" x="210.48" y="401.65" angle="-90.00" type="DEFAULT_VEHTYPE" speed="4.15" pos="184.77" lane="2/2to1/2_0" slope="0.00"/>
        <vehicle id="13" x="398.35" y="220.09" angle="0.00" type="DEFAULT_VEHTYPE" speed="10.71" pos="175.16" lane="2/2to2/1_0" slope="0.00"/>
        <vehicle id="14" x="180.62" y="398.35" angle="90.00" type="DEFAULT_VEHTYPE" speed="12.77" pos="180.62" lane="0/2to1/2_0" slope="0.00"/>
        <vehicle id="15" x="567.66" y="198.35" angle="90.00" type="DEFAULT_VEHTYPE" speed="8.97" pos="162.91" lane="2/1to3/1_0" slope="0.00"/>
        <vehicle id="16" x="201.65" y="356.08" angle="180.00" type="DEFAULT_VEHTYPE" speed="13.24" pos="151.33" lane="1/1to1/2_0" slope="0.00"/>
        <vehicle id="17" x="56.03" y="601.65" angle="-90.00" type="DEFAULT_VEHTYPE" speed="13.13" pos="139.22" lane="1/3to0/3_0" slope="0.00"/>
        <vehicle id="18" x="598.35" y="272.34" angle="0.00" type="DEFAULT_VEHTYPE" speed="13.31" pos="122.91" lane="3/2to3/1_0" slope="0.00"/>
        <vehicle id="19" x="517.94" y="598.35" angle="90.00" type="DEFAULT_VEHTYPE" speed="13.55" pos="113.19" lane="2/3to3/3_0" slope="0.00"/>
        <vehicle id="2" x="601.47" y="203.52" angle="150.31" type="DEFAULT_VEHTYPE" speed="5.77" pos="9.08" lane=":3/1_14_0" slope="0.00"/>
        <vehicle id="20" x="503.75" y="198.35" angle="90.00" type="DEFAULT_VEHTYPE" speed="13.13" pos="99.00" lane="2/1to3/1_0" slope="0.00"/>
        <vehicle id="21" x="506.87" y="601.65" angle="-90.00" type="DEFAULT_VEHTYPE" speed="13.66" pos="88.38" lane="3/3to2/3_0" slope="0.00"/>
        <vehicle id="22" x="201.65" y="74.03" angle="180.00" type="DEFAULT_VEHTYPE" speed="13.17" pos="74.03" lane="1/0to1/1_0" slope="0.00"/>
        <vehicle id="23" x="61.68" y="598.35" angle="90.00" type="DEFAULT_VEHTYPE" speed="13.07" pos="61.68" lane="0/3to1/3_0" slope="0.00"/>
        <vehicle id="24" x="398.35" y="751.91" angle="0.00" type="DEFAULT_VEHTYPE" speed="12.16" pos="48.09" lane="2/4to2/3_0" slope="0.00"/>
        <vehicle id="3" x="286.34" y="401.65" angle="-90.00" type="DEFAULT_VEHTYPE" speed="12.95" pos="108.91" lane="2/2to1/2_0" slope="0.00"/>
        <vehicle id="4" x="522.69" y="201.65" angle="-90.00" type="DEFAULT_VEHTYPE" speed="13.00" pos="72.56" lane="3/1to2/1_0" slope="0.00"/>
        <vehicle id="5" x="201.65" y="267.33" angle="180.00" type="DEFAULT_VEHTYPE" speed="12.82" pos="62.58" lane="1/1to1/2_0" slope="0.00"/>
        <vehicle id="6" x="398.35" y="308.71" angle="0.00" type="DEFAULT_VEHTYPE" speed="13.64" pos="86.54" lane="2/2to2/1_0" slope="0.00"/>
        <vehicle id="7" x="198.35" y="356.85" angle="0.00" type="DEFAULT_VEHTYPE" speed="13.72" pos="38.40" lane="1/2to1/1_0" slope="0.00"/>
        <vehicle id="8" x="589.17" y="198.35" angle="90.00" type="DEFAULT_VEHTYPE" speed="2.99" pos="184.42" lane="2/1to3/1_0" slope="0.00"/>
        <vehicle id="9" x="601.65" y="235.87" angle="180.00" type="DEFAULT_VEHTYPE" speed="12.98" pos="31.12" lane="3/1to3/2_0" slope="0.00"/>
    </timestep>
    <timestep time="31.00">
        <vehicle id="0" x="167.99" y="398.35" angle="90.00" type="DEFAULT_VEHTYPE" speed="13.81" pos="167.99" lane="0/2to1/2_0" slope="0.00"/>
        <vehicle id="1" x="636.96" y="601.65" angle="-90.00" type="DEFAULT_VEHTYPE" speed="12.77" pos="163.04" lane="4/3to3/3_0" slope="0.00"/>
        <vehicle id="10" x="754.91" y="401.65" angle="-90.00" type="DEFAULT_VEHTYPE" speed="13.63" pos="45.09" lane="4/2to3/2_0" slope="0.00"/>
        <vehicle id="11" x="398.87" y="398.24" angle="-49.73" type="DEFAULT_VEHTYPE" speed="7.10" pos="7.26" lane=":2/2_6_0" slope="0.00"/>
        <vehicle id="12" x="204.92" y="401.65" angle="-90.00" type="DEFAULT_VEHTYPE" speed="5.56" pos="190.33" lane="2/2to1/2_0" slope="0.00"/>
        <vehicle id="13" x="398.35" y="213.88" angle="0.00" type="DEFAULT_VEHTYPE" speed="6.21" pos="181.37" lane="2/2to2/1_0" slope="0.00"/>
        <vehicle id="14" x="194.35" y="398.35" angle="90.00" type="DEFAULT_VEHTYPE" speed="13.73" pos="194.35" lane="0/2to1/2_0" slope="0.00"/>
        <vehicle id="15" x="574.20" y="198.35" angle="90.00" type="DEFAULT_VEHTYPE" speed="6.53" pos="169.45" lane="2/1to3/1_0" slope="0.00"/>
        <vehicle id="16" x="201.65" y="368.75" angle="180.00" type="DEFAULT_VEHTYPE" speed="12.67" pos="164.00" lane="1/1to1/2_0" slope="0.00"/>
        <vehicle id="17" x="42.16" y="601.65" angle="-90.00" type="DEFAULT_VEHTYPE" speed="13.88" pos="153.09" lane="1/3to0/3_0" slope="0.00"/>
        <vehicle id="18" x="598.35" y="259.24" angle="0.00" type="DEFAULT_VEHTYPE" speed="13.10" pos="136.01" lane="3/2to3/1_0" slope="0.00"/>
        <vehicle id="19" x="530.78" y="598.35" angle="90.00" type="DEFAULT_VEHTYPE" speed="12.84" pos="126.03" lane="2/3to3/3_0" slope="0.00"/>
        <vehicle id="2" x="601.65" y="211.67" angle="180.00" type="DEFAULT_VEHTYPE" speed="8.17" pos="6.92" lane="3/1to3/2_0" slope="0.00"/>
        <vehicle id="20" x="517.42" y="198.35" angle="90.00" type="DEFAULT_VEHTYPE" speed="13.67" pos="112.67" lane="2/1to3/1_0" slope="0.00"/>
        <vehicle id="21" x="494.25" y="601.65" angle="-90.00" type="DEFAULT_VEHTYPE" speed="12.62" pos="101.00" lane="3/3to2/3_0" slope="0.00"/>
        <vehicle id="22" x="201.65" y="87.22" angle="180.00" type="DEFAULT_VEHTYPE" speed="13.19" pos="87.22" lane="1/0to1/1_0" slope="0.00"/>
        <vehicle id="23" x="75.09" y="598.35" angle="90.00" type="DEFAULT_VEHTYPE" speed="13.41" pos="75.09" lane="0/3to1/3_0" slope="0.00"/>
        <vehicle id="24" x="398.35" y="739.19" angle="0.00" type="DEFAULT_VEHTYPE" speed="12.72" pos="60.81" lane="2/4to2/3_0" slope="0.00"/>
        <vehicle id="3" x="273.32" y="401.65" angle="-90.00" type="DEFAULT_VEHTYPE" speed="13.02" pos="121.93" lane="2/2to1/2_0" slope="0.00"/>
        <vehicle id="4" x="508.83" y="201.65" angle="-90.00" type="DEFAULT_VEHTYPE" speed="13.86" pos="86.42" lane="3/1to2/1_0" slope="0.00"/>
        <vehicle id="5" x="201.65" y="280.32" angle="180.00" type="DEFAULT_VEHTYPE" speed="12.99" pos="75.57" lane="1/1to1/2_0" slope="0.00"/>
        <vehicle id="6" x="398.35" y="296.06" angle="0.00" type="DEFAULT_VEHTYPE" speed="12.65" pos="99.19" lane="2/2to2/1_0" slope="0.00"/>
        <vehicle id="7" x="198.35" y="343.85" angle="0.00" type="DEFAULT_VEHTYPE" speed="13.00" pos="51.40" lane="1/2to1/1_0" slope="0.00"/>
        <vehicle id="8" x="593.62" y="198.35" angle="90.00" type="DEFAULT_VEHTYPE" speed="4.45" pos="188.87" lane="2/1to3/1_0" slope="0.00"/>
        <vehicle id="9" x="601.65" y="248.50" angle="180.00" type="DEFAULT_VEHTYPE" speed="12.62" pos="43.75" lane="3/1to3/2_0" slope="0.00"/>
    </timestep>
    <timestep time="32.00">
        <vehicle id="0" x="178.42" y="398.35" angle="90.00" type="DEFAULT_VEHTYPE" speed="10.43" pos="178.42" lane="0/2to1/2_0" slope="0.00"/>
        <vehicle id="1" x="625.11" y="601.65" angle="-90.00" type="DEFAULT_VEHTYPE" speed="11.85" pos="174.89" lane="4/3to3/3_0" slope="0.00"/>
        <vehicle id="10" x="741.03" y="401.65" angle="-90.00" type="DEFAULT_VEHTYPE" speed="13.88" pos="58.97" lane="4/2to3/2_0" slope="0.00"/>
        <vehicle id="11" x="398.35" y="389.61" angle="0.00" type="DEFAULT_VEHTYPE" speed="8.70" pos="5.64" lane="2/2to2/1_0" slope="0.00"/>
        <vehicle id="12" x="201.65" y="406.57" angle="-163.28" type="DEFAULT_VEHTYPE" speed="7.00" pos="1.82" lane="1/2to1/3_0" slope="0.00"/>
        <vehicle id="13" x="398.35" y="209.61" angle="0.00" type="DEFAULT_VEHTYPE" speed="4.27" pos="185.64" lane="2/2to2/1_0" slope="0.00"/>
        <vehicle id="15" x="579.85" y="198.35" angle="90.00" type="DEFAULT_VEHTYPE" speed="5.65" pos="175.10" lane="2/1to3/1_0" slope="0.00"/>
        <vehicle id="16" x="201.65" y="378.64" angle="180.00" type="DEFAULT_VEHTYPE" speed="9.89" pos="173.89" lane="1/1to1/2_0" slope="0.00"/>
        <vehicle id="17" x="29.55" y="601.65" angle="-90.00" type="DEFAULT_VEHTYPE" speed="12.61" pos="165.70" lane="1/3to0/3_0" slope="0.00"/>
        <vehicle id="18" x="598.35" y="246.31" angle="0.00" type="DEFAULT_VEHTYPE" speed="12.93" pos="148.94" lane="3/2to3/1_0" slope="0.00"/>
        <vehicle id="19" x="543.88" y="598.35" angle="90.00" type="DEFAULT_VEHTYPE" speed="13.10" pos="139.13" lane="2/3to3/3_0" slope="0.00"/>
        <vehicle id="2" x="601.65" y="221.52" angle="180.00" type="DEFAULT_VEHTYPE" speed="9.85" pos="16.77" lane="3/1to3/2_0" slope="0.00"/>
        <vehicle id="20" x="530.45" y="198.35" angle="90.00" type="DEFAULT_VEHTYPE" speed="13.04" pos="125.70" lane="2/1to3/1_0" slope="0.00"/>
        <vehicle id="21" x="480.49" y="601.65" angle="-90.00" type="DEFAULT_VEHTYPE" speed="13.76" pos="114.76" lane="3/3to2/3_0" slope="0.00"/>
        <vehicle id="22" x="201.65" y="100.63" angle="180.00" type="DEFAULT_VEHTYPE" speed="13.42" pos="100.63" lane="1/0to1/1_0" slope="0.00"/>
        <vehicle id="23" x="88.07" y="598.35" angle="90.00" type="DEFAULT_VEHTYPE" speed="12.98" pos="88.07" lane="0/3to1/3_0" slope="0.00"/>
        <vehicle id="24" x="398.35" y="725.60" angle="0.00" type="DEFAULT_VEHTYPE" speed="13.59" pos="74.40" lane="2/4to2/3_0" slope="0.00"/>
        <vehicle id="3" x="260.26" y="401.65" angle="-90.00" type="DEFAULT_VEHTYPE" speed="13.06" pos="134.99" lane="2/2to1/2_0" slope="0.00"/>
        <vehicle id="4" x="495.12" y="201.65" angle="-90.00" type="DEFAULT_VEHTYPE" speed="13.72" pos="100.13" lane="3/1to2/1_0" slope="0.00"/>
        <vehicle id="5" x="201.65" y="293.29" angle="180.00" type="DEFAULT_VEHTYPE" speed="12.97" pos="88.54" lane="1/1to1/2_0" slope="0.00"/>
        <vehicle id="6" x="398.35" y="282.33" angle="0.00" type="DEFAULT_VEHTYPE" speed="13.73" pos="112.92" lane="2/2to2/1_0" slope="0.00"/>
        <vehicle id="7" x="198.35" y="330.70" angle="0.00" type="DEFAULT_VEHTYPE" speed="13.15" pos="64.55" lane="1/2to1/1_0" slope="0.00"/>
        <vehicle id="8" x="600.08" y="200.00" angle="109.33" type="DEFAULT_VEHTYPE" speed="6.84" pos="5.22" lane=":3/1_14_0" slope="0.00"/>
        <vehicle id="9" x="601.65" y="261.81" angle="180.00" type="DEFAULT_VEHTYPE" speed="13.31" pos="57.06" lane="3/1to3/2_0" slope="0.00"/>
    </timestep>
    <timestep time="33.00">
        <vehicle id="0" x="185.54" y="398.35" angle="90.00" type="DEFAULT_VEHTYPE" speed="7.13" pos="185.54" lane="0/2to1/2_0" slope="0.00"/>
        <vehicle id="1" x="616.43" y="601.65" angle="-90.00" type="DEFAULT_VEHTYPE" speed="8.68" pos="183.57" lane="4/3to3/3_0" slope="0.00"/>
        <vehicle id="10" x="728.10" y="401.65" angle="-90.00" type="DEFAULT_VEHTYPE" speed="12.92" pos="71.90" lane="4/2to3/2_0" slope="0.00"/>
        <vehicle id="11" x="398.35" y="378.66" angle="0.00" type="DEFAULT_VEHTYPE" speed="10.95" pos="16.59" lane="2/2to2/1_0" slope="0.00"/>
        <vehicle id="12" x="201.65" y="415.28" angle="180.00" type="DEFAULT_VEHTYPE" speed="8.71" pos="10.53" lane="1/2to1/3_0" slope="0.00"/>
        <vehicle id="13" x="398.93" y="203.87" angle="6.85" type="DEFAULT_VEHTYPE" speed="5.92" pos="1.05" lane=":2/1_3_0" slope="0.00"/>
        <vehicle id="15" x="586.84" y="198.35" angle="90.00" type="DEFAULT_VEHTYPE" speed="6.99" pos="182.09" lane="2/1to3/1_0" slope="0.00"/>
        <vehicle id="16" x="201.65" y="386.14" angle="180.00" type="DEFAULT_VEHTYPE" speed="7.51" pos="181.39" lane="1/1to1/2_0" slope="0.00"/>
        <vehicle id="17" x="15.84" y="601.65" angle="-90.00" type="DEFAULT_VEHTYPE" speed="13.71" pos="179.41" lane="1/3to0/3_0" slope="0.00"/>
        <vehicle id="18" x="598.35" y="233.66" angle="0.00" type="DEFAULT_VEHTYPE" speed="12.65" pos="161.59" lane="3/2to3/1_0" slope="0.00"/>
        <vehicle id="19" x="556.87" y="598.35" angle="90.00" type="DEFAULT_VEHTYPE" speed="12.99" pos="152.12" lane="2/3to3/3_0" slope="0.00"/>
        <vehicle id="2" x="601.65" y="233.75" angle="180.00" type="DEFAULT_VEHTYPE" speed="12.22" pos="29.00" lane="3/1to3/2_0" slope="0.00"/>
        <vehicle id="20" x="543.83" y="198.35" angle="90.00" type="DEFAULT_VEHTYPE" speed="13.38" pos="139.08" lane="2/1to3/1_0" slope="0.00"/>
        <vehicle id="21" x="466.86" y="601.65" angle="-90.00" type="DEFAULT_VEHTYPE" speed="13.62" pos="128.39" lane="3/3to2/3_0" slope="0.00"/>
        <vehicle id="22" x="201.65" y="113.90" angle="180.00" type="DEFAULT_VEHTYPE" speed="13.27" pos="113.90" lane="1/0to1/1_0" slope="0.00"/>
        <vehicle id="23" x="100.69" y="598.35" angle="90.00" type="DEFAULT_VEHTYPE" speed="12.62" pos="100.69" lane="0/3to1/3_0" slope="0.00"/>
        <vehicle id="24" x="398.35" y="712.00" angle="0.00" type="DEFAULT_VEHTYPE" speed="13.59" pos="88.00" lane="2/4to2/3_0" slope="0.00"/>
        <vehicle id="3" x="247.15" y="401.65" angle="-90.00" type="DEFAULT_VEHTYPE" speed="13.11" pos="148.10" lane="2/2to1/2_0" slope="0.00"/>
        <vehicle id="4" x="481.90" y="201.65" angle="-90.00" type="DEFAULT_VEHTYPE" speed="13.22" pos="113.35" lane="3/1to2/1_0" slope="0.00"/>
        <vehicle id="5" x="201.65" y="306.25" angle="180.00" type="DEFAULT_VEHTYPE" speed="12.96" pos="101.50" lane="1/1to1/2_0" slope="0.00"/>
        <vehicle id="6" x="398.35" y="268.71" angle="0.00" type="DEFAULT_VEHTYPE" speed="13.61" pos="126.54" lane="2/2to2/1_0" slope="0.00"/>
        <vehicle id="7" x="198.35" y="317.51" angle="0.00" type="DEFAULT_VEHTYPE" speed="13.19" pos="77.74" lane="1/2to1/1_0" slope="0.00"/>
        <vehicle id="8" x="601.65" y="208.35" angle="177.73" type="DEFAULT_VEHTYPE" speed="8.71" pos="3.60" lane="3/1to3/2_0" slope="0.00"/>
        <vehicle id="9" x="601.65" y="274.99" angle="180.00" type="DEFAULT_VEHTYPE" speed="13.18" pos="70.24" lane="3/1to3/2_0" slope="0.00"/>
    </timestep>
    <timestep time="34.00">
        <vehicle id="0" x="189.72" y="398.35" angle="90.00" type="DEFAULT_VEHTYPE" speed="4.18" pos="189.72" lane="0/2to1/2_0" slope="0.00"/>
        <vehicle id="1" x="611.75" y="601.65" angle="-90.00" type="DEFAULT_VEHTYPE" speed="4.69" pos="188.25" lane="4/3to3/3_0" slope="0.00"/>
        <vehicle id="10" x="714.82" y="401.65" angle="-90.00" type="DEFAULT_VEHTYPE" speed="13.29" pos="85.18" lane="4/2to3/2_0" slope="0.00"/>
        <vehicle id="11" x="398.35" y="365.55" angle="0.00" type="DEFAULT_VEHTYPE" speed="13.11" pos="29.70" lane="2/2to2/1_0" slope="0.00"/>
        <vehicle id="12" x="201.65" y="426.12" angle="180.00" type="DEFAULT_VEHTYPE" speed="10.84" pos="21.37" lane="1/2to1/3_0" slope="0.00"/>
        <vehicle id="13" x="401.65" y="209.43" angle="177.92" type="DEFAULT_VEHTYPE" speed="8.44" pos="4.68" lane="2/1to2/2_0" slope="0.00"/>
        <vehicle id="15" x="590.81" y="198.35" angle="90.00" type="DEFAULT_VEHTYPE" speed="3.97" pos="186.06" lane="2/1to3/1_0" slope="0.00"/>
        <vehicle id="16" x="201.65" y="389.83" angle="180.00" type="DEFAULT_VEHTYPE" speed="3.69" pos="185.08" lane="1/1to1/2_0" slope="0.00"/>
        <vehicle id="17" x="2.76" y="601.65" angle="-90.00" type="DEFAULT_VEHTYPE" speed="13.08" pos="192.49" lane="1/3to0/3_0" slope="0.00"/>
        <vehicle id="18" x="598.35" y="222.28" angle="0.00" type="DEFAULT_VEHTYPE" speed="11.38" pos="172.97" lane="3/2to3/1_0" slope="0.00"/>
        <vehicle id="19" x="570.37" y="598.35" angle="90.00" type="DEFAULT_VEHTYPE" speed="13.50" pos="165.62" lane="2/3to3/3_0" slope="0.00"/>
        <vehicle id="2" x="601.65" y="247.02" angle="180.00" type="DEFAULT_VEHTYPE" speed="13.28" pos="42.27" lane="3/1to3/2_0" slope="0.00"/>
        <vehicle id="20" x="556.61" y="198.35" angle="90.00" type="DEFAULT_VEHTYPE" speed="12.78" pos="151.86" lane="2/1to3/1_0" slope="0.00"/>
        <vehicle id="21" x="454.18" y="601.65" angle="-90.00" type="DEFAULT_VEHTYPE" speed="12.69" pos="141.07" lane="3/3to2/3_0" slope="0.00"/>
        <vehicle id="22" x="201.65" y="127.28" angle="180.00" type="DEFAULT_VEHTYPE" speed="13.38" pos="127.28" lane="1/0to1/1_0" slope="0.00"/>
        <vehicle id="23" x="113.63" y="598.35" angle="90.00" type="DEFAULT_VEHTYPE" speed="12.94" pos="113.63" lane="0/3to1/3_0" slope="0.00"/>
        <vehicle id="24" x="398.35" y="699.29" angle="0.00" type="DEFAULT_VEHTYPE" speed="12.71" pos="100.71" lane="2/4to2/3_0" slope="0.00"/>
        <vehicle id="3" x="234.00" y="401.65" angle="-90.00" type="DEFAULT_VEHTYPE" speed="13.15" pos="161.25" lane="2/2to1/2_0" slope="0.00"/>
        <vehicle id="4" x="468.66" y="201.65" angle="-90.00" type="DEFAULT_VEHTYPE" speed="13.24" pos="126.59" lane="3/1to2/1_0" slope="0.00"/>
        <vehicle id="5" x="201.65" y="319.55" angle="180.00" type="DEFAULT_VEHTYPE" speed="13.30" pos="114.80" lane="1/1to1/2_0" slope="0.00"/>
        <vehicle id="6" x="398.35" y="255.05" angle="0.00" type="DEFAULT_VEHTYPE" speed="13.67" pos="140.20" lane="2/2to2/1_0" slope="0.00"/>
        <vehicle id="7" x="198.35" y="304.65" angle="0.00" type="DEFAULT_VEHTYPE" speed="12.86" pos="90.60" lane="1/2to1/1_0" slope="0.00"/>
        <vehicle id="8" x="601.65" y="219.25" angle="180.00" type="DEFAULT_VEHTYPE" speed="10.90" pos="14.50" lane="3/1to3/2_0" slope="0.00"/>
        <vehicle id="9" x="601.65" y="288.40" angle="180.00" type="DEFAULT_VEHTYPE" speed="13.41" pos="83.65" lane="3/1to3/2_0" slope="0.00"/>
    </timestep>
    <timestep time="35.00">
        <vehicle id="0" x="195.76" y="398.42" angle="90.84" type="DEFAULT_VEHTYPE" speed="6.05" pos="0.52" lane=":1/2_14_0" slope="0.00"/>
        <vehicle id="1" x="605.46" y="601.65" angle="-90.00" type="DEFAULT_VEHTYPE" speed="6.29" pos="194.54" lane="4/3to3/3_0" slope="0.00"/>
        <vehicle id="10" x="702.12" y="401.65" angle="-90.00" type="DEFAULT_VEHTYPE" speed="12.70" pos="97.88" lane="4/2to3/2_0" slope="0.00"/>
        <vehicle id="11" x="398.35" y="352.92" angle="0.00" type="DEFAULT_VEHTYPE" speed="12.62" pos="42.33" lane="2/2to2/1_0" slope="0.00"/>
        <vehicle id="12" x="201.65" y="438.33" angle="180.00" type="DEFAULT_VEHTYPE" speed="12.21" pos="33.58" lane="1/2to1/3_0" slope="0.00"/>
        <vehicle id="13" x="401.65" y="219.18" angle="180.00" type="DEFAULT_VEHTYPE" speed="9.76" pos="14.43" lane="2/1to2/2_0" slope="0.00"/>
        <vehicle id="15" x="591.66" y="198.35" angle="90.00" type="DEFAULT_VEHTYPE" speed="0.85" pos="186.91" lane="2/1to3/1_0" slope="0.00"/>
        <vehicle id="16" x="201.65" y="393.84" angle="180.00" type="DEFAULT_VEHTYPE" speed="4.01" pos="189.09" lane="1/1to1/2_0" slope="0.00"/>
        <vehicle id="17" x="5.66" y="598.35" angle="90.00" type="DEFAULT_VEHTYPE" speed="13.24" pos="5.66" lane="0/3to1/3_0" slope="0.00"/>
        <vehicle id="18" x="598.35" y="215.41" angle="0.00" type="DEFAULT_VEHTYPE" speed="6.88" pos="179.84" lane="3/2to3/1_0" slope="0.00"/>
        <vehicle id="19" x="580.37" y="598.35" angle="90.00" type="DEFAULT_VEHTYPE" speed="10.00" pos="175.62" lane="2/3to3/3_0" slope="0.00"/>
        <vehicle id="2" x="601.65" y="259.64" angle="180.00" type="DEFAULT_VEHTYPE" speed="12.61" pos="54.89" lane="3/1to3/2_0" slope="0.00"/>
        <vehicle id="20" x="567.27" y="198.35" angle="90.00" type="DEFAULT_VEHTYPE" speed="10.65" pos="162.52" lane="2/1to3/1_0" slope="0.00"/>
        <vehicle id="21" x="440.66" y="601.65" angle="-90.00" type="DEFAULT_VEHTYPE" speed="13.52" pos="154.59" lane="3/3to2/3_0" slope="0.00"/>
        <vehicle id="22" x="201.65" y="140.63" angle="180.00" type="DEFAULT_VEHTYPE" speed="13.35" pos="140.63" lane="1/0to1/1_0" slope="0.00"/>
        <vehicle id="23" x="126.49" y="598.35" angle="90.00" type="DEFAULT_VEHTYPE" speed="12.87" pos="126.49" lane="0/3to1/3_0" slope="0.00"/>
        <vehicle id="24" x="398.35" y="685.75" angle="0.00" type="DEFAULT_VEHTYPE" speed="13.54" pos="114.25" lane="2/4to2/3_0" slope="0.00"/>
        <vehicle id="3" x="222.84" y="401.65" angle="-90.00" type="DEFAULT_VEHTYPE" speed="11.16" pos="172.41" lane="2/2to1/2_0" slope="0.00"/>
        <vehicle id="4" x="455.08" y="201.65" angle="-90.00" type="DEFAULT_VEHTYPE" speed="13.58" pos="140.17" lane="3/1to2/1_0" slope="0.00"/>
        <vehicle id="5" x="201.65" y="333.42" angle="180.00" type="DEFAULT_VEHTYPE" speed="13.87" pos="128.67" lane="1/1to1/2_0" slope="0.00"/>
        <vehicle id="6" x="398.35" y="241.83" angle="0.00" type="DEFAULT_VEHTYPE" speed="13.22" pos="153.42" lane="2/2to2/1_0" slope="0.00"/>
        <vehicle id="7" x="198.35" y="290.90" angle="0.00" type="DEFAULT_VEHTYPE" speed="13.75" pos="104.35" lane="1/2to1/1_0" slope="0.00"/>
        <vehicle id="8" x="601.65" y="231.57" angle="180.00" type="DEFAULT_VEHTYPE" speed="12.32" pos="26.82" lane="3/1to3/2_0" slope="0.00"/>
        <vehicle id="9" x="601.65" y="301.39" angle="180.00" type="DEFAULT_VEHTYPE" speed="12.99" pos="96.64" lane="3/1to3/2_0" slope="0.00"/>
    </timestep>
    <timestep time="36.00">
        <vehicle id="0" x="201.31" y="402.38" angle="138.44" type="DEFAULT_VEHTYPE" speed="7.41" pos="7.93" lane=":1/2_14_0" slope="0.00"/>
        <vehicle id="1" x="597.69" y="601.65" angle="-90.00" type="DEFAULT_VEHTYPE" speed="7.77" pos="7.06" lane=":3/3_5_0" slope="0.00"/>
        <vehicle id="10" x="688.25" y="401.65" angle="-90.00" type="DEFAULT_VEHTYPE" speed="13.87" pos="111.75" lane="4/2to3/2_0" slope="0.00"/>
        <vehicle id="11" x="398.35" y="339.46" angle="0.00" type="DEFAULT_VEHTYPE" speed="13.46" pos="55.79" lane="2/2to2/1_0" slope="0.00"/>
        <vehicle id="12" x="201.65" y="451.67" angle="180.00" type="DEFAULT_VEHTYPE" speed="13.34" pos="46.92" lane="1/2to1/3_0" slope="0.00"/>
        <vehicle id="13" x="401.65" y="230.52" angle="180.00" type="DEFAULT_VEHTYPE" speed="11.34" pos="25.77" lane="2/1to2/2_0" slope="0.00"/>
        <vehicle id="15" x="592.25" y="198.35" angle="90.00" type="DEFAULT_VEHTYPE" speed="0.59" pos="187.50" lane="2/1to3/1_0" slope="0.00"/>
        <vehicle id="16" x="201.56" y="395.39" angle="-178.93" type="DEFAULT_VEHTYPE" speed="1.58" pos="0.17" lane=":1/2_11_0" slope="0.00"/>
        <vehicle id="17" x="18.34" y="598.35" angle="90.00" type="DEFAULT_VEHTYPE" speed="12.67" pos="18.34" lane="0/3to1/3_0" slope="0.00"/>
        <vehicle id="18" x="598.35" y="210.26" angle="0.00" type="DEFAULT_VEHTYPE" speed="5.14" pos="184.99" lane="3/2to3/1_0" slope="0.00"/>
        <vehicle id="19" x="587.26" y="598.35" angle="90.00" type="DEFAULT_VEHTYPE" speed="6.89" pos="182.51" lane="2/3to3/3_0" slope="0.00"/>
        <vehicle id="2" x="601.65" y="273.05" angle="180.00" type="DEFAULT_VEHTYPE" speed="13.42" pos="68.30" lane="3/1to3/2_0" slope="0.00"/>
        <vehicle id="20" x="574.71" y="198.35" angle="90.00" type="DEFAULT_VEHTYPE" speed="7.45" pos="169.96" lane="2/1to3/1_0" slope="0.00"/>
        <vehicle id="21" x="427.27" y="601.65" angle="-90.00" type="DEFAULT_VEHTYPE" speed="13.39" pos="167.98" lane="3/3to2/3_0" slope="0.00"/>
        <vehicle id="22" x="201.65" y="154.36" angle="180.00" type="DEFAULT_VEHTYPE" speed="13.73" pos="154.36" lane="1/0to1/1_0" slope="0.00"/>
        <vehicle id="23" x="140.11" y="598.35" angle="90.00" type="DEFAULT_VEHTYPE" speed="13.62" pos="140.11" lane="0/3to1/3_0" slope="0.00"/>
        <vehicle id="24" x="398.35" y="671.98" angle="0.00" type="DEFAULT_VEHTYPE" speed="13.77" pos="128.02" lane="2/4to2/3_0" slope="0.00"/>
        <vehicle id="3" x="215.40" y="401.65" angle="-90.00" type="DEFAULT_VEHTYPE" speed="7.44" pos="179.85" lane="2/2to1/2_0" slope="0.00"/>
        <vehicle id="4" x="441.92" y="201.65" angle="-90.00" type="DEFAULT_VEHTYPE" speed="13.16" pos="153.33" lane="3/1to2/1_0" slope="0.00"/>
        <vehicle id="5" x="201.65" y="346.67" angle="180.00" type="DEFAULT_VEHTYPE" speed="13.25" pos="141.92" lane="1/1to1/2_0" slope="0.00"/>
        <vehicle id="6" x="398.35" y="229.16" angle="0.00" type="DEFAULT_VEHTYPE" speed="12.67" pos="166.09" lane="2/2to2/1_0" slope="0.00"/>
        <vehicle id="7" x="198.35" y="277.46" angle="0.00" type="DEFAULT_VEHTYPE" speed="13.44" pos="117.79" lane="1/2to1/1_0" slope="0.00"/>
        <vehicle id="8" x="601.65" y="244.60" angle="180.00" type="DEFAULT_VEHTYPE" speed="13.03" pos="39.85" lane="3/1to3/2_0" slope="0.00"/>
        <vehicle id="9" x="601.65" y="314.94" angle="180.00" type="DEFAULT_VEHTYPE" speed="13.55" pos="110.19" lane="3/1to3/2_0" slope="0.00"/>
    </timestep>
    <timestep time="37.00">
        <vehicle id="0" x="201.65" y="411.59" angle="180.00" type="DEFAULT_VEHTYPE" speed="9.23" pos="6.84" lane="1/2to1/3_0" slope="0.00"/>
        <vehicle id="1" x="588.26" y="601.65" angle="-90.00" type="DEFAULT_VEHTYPE" speed="9.43" pos="6.99" lane="3/3to2/3_0" slope="0.00"/>
        <vehicle id="10" x="674.63" y="401.65" angle="-90.00" type="DEFAULT_VEHTYPE" speed="13.62" pos="125.37" lane="4/2to3/2_0" slope="0.00"/>
        <vehicle id="11" x="398.35" y="325.63" angle="0.00" type="DEFAULT_VEHTYPE" speed="13.83" pos="69.62" lane="2/2to2/1_0" slope="0.00"/>
        <vehicle id="12" x="201.65" y="464.51" angle="180.00" type="DEFAULT_VEHTYPE" speed="12.84" pos="59.76" lane="1/2to1/3_0" slope="0.00"/>
        <vehicle id="13" x="401.65" y="243.47" angle="180.00" type="DEFAULT_VEHTYPE" speed="12.95" pos="38.72" lane="2/1to2/2_0" slope="0.00"/>
        <vehicle id="15" x="592.67" y="198.35" angle="90.00" type="DEFAULT_VEHTYPE" speed="0.42" pos="187.92" lane="2/1to3/1_0" slope="0.00"/>
        <vehicle id="16" x="198.77" y="395.88" angle="-118.53" type="DEFAULT_VEHTYPE" speed="3.89" pos="1.65" lane=":1/2_19_0" slope="0.00"/>
        <vehicle id="17" x="31.16" y="598.35" angle="90.00" type="DEFAULT_VEHTYPE" speed="12.82" pos="31.16" lane="0/3to1/3_0" slope="0.00"/>
        <vehicle id="18" x="598.55" y="203.32" angle="2.35" type="DEFAULT_VEHTYPE" speed="6.96" pos="1.45" lane=":3/1_2_0" slope="0.00"/>
        <vehicle id="19" x="590.49" y="598.35" angle="90.00" type="DEFAULT_VEHTYPE" speed="3.23" pos="185.74" lane="2/3to3/3_0" slope="0.00"/>
        <vehicle id="2" x="601.65" y="286.42" angle="180.00" type="DEFAULT_VEHTYPE" speed="13.37" pos="81.67" lane="3/1to3/2_0" slope="0.00"/>
        <vehicle id="20" x="579.70" y="198.35" angle="90.00" type="DEFAULT_VEHTYPE" speed="4.99" pos="174.95" lane="2/1to3/1_0" slope="0.00"/>
        <vehicle id="21" x="418.38" y="601.65" angle="-90.00" type="DEFAULT_VEHTYPE" speed="8.89" pos="176.87" lane="3/3to2/3_0" slope="0.00"/>
        <vehicle id="22" x="201.65" y="167.42" angle="180.00" type="DEFAULT_VEHTYPE" speed="13.05" pos="167.42" lane="1/0to1/1_0" slope="0.00"/>
        <vehicle id="23" x="153.61" y="598.35" angle="90.00" type="DEFAULT_VEHTYPE" speed="13.49" pos="153.61" lane="0/3to1/3_0" slope="0.00"/>
        <vehicle id="24" x="398.35" y="658.57" angle="0.00" type="DEFAULT_VEHTYPE" speed="13.41" pos="141.43" lane="2/4to2/3_0" slope="0.00"/>
        <vehicle id="3" x="211.11" y="401.65" angle="-90.00" type="DEFAULT_VEHTYPE" speed="4.29" pos="184.14" lane="2/2to1/2_0" slope="0.00"/>
        <vehicle id="4" x="429.47" y="201.65" angle="-90.00" type="DEFAULT_VEHTYPE" speed="12.46" pos="165.78" lane="3/1to2/1_0" slope="0.00"/>
        <vehicle id="5" x="201.65" y="359.42" angle="180.00" type="DEFAULT_VEHTYPE" speed="12.75" pos="154.67" lane="1/1to1/2_0" slope="0.00"/>
        <vehicle id="6" x="398.35" y="215.58" angle="0.00" type="DEFAULT_VEHTYPE" speed="13.58" pos="179.67" lane="2/2to2/1_0" slope="0.00"/>
        <vehicle id="7" x="198.35" y="264.70" angle="0.00" type="DEFAULT_VEHTYPE" speed="12.76" pos="130.55" lane="1/2to1/1_0" slope="0.00"/>
        <vehicle id="8" x="601.65" y="257.49" angle="180.00" type="DEFAULT_VEHTYPE" speed="12.89" pos="52.74" lane="3/1to3/2_0" slope="0.00"/>
        <vehicle id="9" x="601.65" y="328.66" angle="180.00" type="DEFAULT_VEHTYPE" speed="13.72" pos="123.91" lane="3/1to3/2_0" slope="0.00"/>
    </timestep>
    <timestep time="38.00">
        <vehicle id="0" x="201.65" y="423.37" angle="180.00" type="DEFAULT_VEHTYPE" speed="11.78" pos="18.62" lane="1/2to1/3_0" slope="0.00"/>
        <vehicle id="1" x="577.17" y="601.65" angle="-90.00" type="DEFAULT_VEHTYPE" speed="11.09" pos="18.08" lane="3/3to2/3_0" slope="0.00"/>
        <vehicle id="10" x="660.94" y="401.65" angle="-90.00" type="DEFAULT_VEHTYPE" speed="13.69" pos="139.06" lane="4/2to3/2_0" slope="0.00"/>
        <vehicle id="11" x="398.35" y="312.42" angle="0.00" type="DEFAULT_VEHTYPE" speed="13.21" pos="82.83" lane="2/2to2/1_0" slope="0.00"/>
        <vehicle id="12" x="201.65" y="477.13" angle="180.00" type="DEFAULT_VEHTYPE" speed="12.62" pos="72.38" lane="1/2to1/3_0" slope="0.00"/>
        <vehicle id="13" x="401.65" y="256.84" angle="180.00" type="DEFAULT_VEHTYPE" speed="13.37" pos="52.09" lane="2/1to2/2_0" slope="0.00"/>
        <vehicle id="15" x="592.74" y="198.35" angle="90.00" type="DEFAULT_VEHTYPE" speed="0.07" pos="187.99" lane="2/1to3/1_0" slope="0.00"/>
        <vehicle id="16" x="198.35" y="390.64" angle="-2.50" type="DEFAULT_VEHTYPE" speed="5.37" pos="4.61" lane="1/2to1/1_0" slope="0.00"/>
        <vehicle id="17" x="44.01" y="598.35" angle="90.00" type="DEFAULT_VEHTYPE" speed="12.85" pos="44.01" lane="0/3to1/3_0" slope="0.00"/>
        <vehicle id="18" x="604.74" y="198.35" angle="71.94" type="DEFAULT_VEHTYPE" speed="8.86" pos="3.17" lane=":3/1_16_0" slope="0.00"/>
        <vehicle id="19" x="595.39" y="598.44" angle="91.08" type="DEFAULT_VEHTYPE" speed="4.93" pos="0.17" lane=":3/3_15_0" slope="0.00"/>
        <vehicle id="2" x="601.65" y="299.99" angle="180.00" type="DEFAULT_VEHTYPE" speed="13.57" pos="95.24" lane="3/1to3/2_0" slope="0.00"/>
        <vehicle id="20" x="583.06" y="198.35" angle="90.00" type="DEFAULT_VEHTYPE" speed="3.36" pos="178.31" lane="2/1to3/1_0" slope="0.00"/>
        <vehicle id="21" x="412.08" y="601.65" angle="-90.00" type="DEFAULT_VEHTYPE" speed="6.30" pos="183.17" lane="3/3to2/3_0" slope="0.00"/>
        <vehicle id="22" x="201.65" y="181.22" angle="180.00" type="DEFAULT_VEHTYPE" speed="13.80" pos="181.22" lane="1/0to1/1_0" slope="0.00"/>
        <vehicle id="23" x="166.73" y="598.35" angle="90.00" type="DEFAULT_VEHTYPE" speed="13.13" pos="166.73" lane="0/3to1/3_0" slope="0.00"/>
        <vehicle id="24" x="398.35" y="645.12" angle="0.00" type="DEFAULT_VEHTYPE" speed="13.45" pos="154.88" lane="2/4to2/3_0" slope="0.00"/>
        <vehicle id="3" x="209.47" y="401.65" angle="-90.00" type="DEFAULT_VEHTYPE" speed="1.64" pos="185.78" lane="2/2to1/2_0" slope="0.00"/>
        <vehicle id="4" x="420.20" y="201.65" angle="-90.00" type="DEFAULT_VEHTYPE" speed="9.26" pos="175.05" lane="3/1to2/1_0" slope="0.00"/>
        <vehicle id="5" x="201.65" y="372.14" angle="180.00" type="DEFAULT_VEHTYPE" speed="12.73" pos="167.39" lane="1/1to1/2_0" slope="0.00"/>
        <vehicle id="6" x="397.49" y="202.37" angle="-10.13" type="DEFAULT_VEHTYPE" speed="13.43" pos="2.60" lane=":2/1_0_0" slope="0.00"/>
        <vehicle id="7" x="198.35" y="251.49" angle="0.00" type="DEFAULT_VEHTYPE" speed="13.20" pos="143.76" lane="1/2to1/1_0" slope="0.00"/>
        <vehicle id="8" x="601.65" y="271.29" angle="180.00" type="DEFAULT_VEHTYPE" speed="13.79" pos="66.54" lane="3/1to3/2_0" slope="0.00"/>
        <vehicle id="9" x="601.65" y="342.04" angle="180.00" type="DEFAULT_VEHTYPE" speed="13.38" pos="137.29" lane="3/1to3/2_0" slope="0.00"/>
    </timestep>
    <timestep time="39.00">
        <vehicle id="0" x="201.65" y="437.18" angle="180.00" type="DEFAULT_VEHTYPE" speed="13.81" pos="32.43" lane="1/2to1/3_0" slope="0.00"/>
        <vehicle id="1" x="564.60" y="601.65" angle="-90.00" type="DEFAULT_VEHTYPE" speed="12.57" pos="30.65" lane="3/3to2/3_0" slope="0.00"/>
        <vehicle id="10" x="647.27" y="401.65" angle="-90.00" type="DEFAULT_VEHTYPE" speed="13.67" pos="152.73" lane="4/2to3/2_0" slope="0.00"/>
        <vehicle id="11" x="398.35" y="299.74" angle="0.00" type="DEFAULT_VEHTYPE" speed="12.68" pos="95.51" lane="2/2to2/1_0" slope="0.00"/>
        <vehicle id="12" x="201.65" y="490.07" angle="180.00" type="DEFAULT_VEHTYPE" speed="12.94" pos="85.32" lane="1/2to1/3_0" slope="0.00"/>
        <vehicle id="13" x="401.65" y="270.46" angle="180.00" type="DEFAULT_VEHTYPE" speed="13.62" pos="65.71" lane="2/1to2/2_0" slope="0.00"/>
        <vehicle id="15" x="593.88" y="198.35" angle="90.00" type="DEFAULT_VEHTYPE" speed="1.14" pos="189.13" lane="2/1to3/1_0" slope="0.00"/>
        <vehicle id="16" x="198.35" y="382.77" angle="0.00" type="DEFAULT_VEHTYPE" speed="7.87" pos="12.48" lane="1/2to1/1_0" slope="0.00"/>
        <vehicle id="17" x="56.90" y="598.35" angle="90.00" type="DEFAULT_VEHTYPE" speed="12.89" pos="56.90" lane="0/3to1/3_0" slope="0.00"/>
        <vehicle id="18" x="615.54" y="198.35" angle="90.00" type="DEFAULT_VEHTYPE" speed="10.80" pos="10.79" lane="3/1to4/1_0" slope="0.00"/>
        <vehicle id="19" x="592.95" y="601.65" angle="-116.49" type="DEFAULT_VEHTYPE" speed="6.95" pos="2.30" lane="3/3to2/3_0" slope="0.00"/>
        <vehicle id="2" x="601.65" y="313.27" angle="180.00" type="DEFAULT_VEHTYPE" speed="13.28" pos="108.52" lane="3/1to3/2_0" slope="0.00"/>
        <vehicle id="20" x="584.82" y="198.35" angle="90.00" type="DEFAULT_VEHTYPE" speed="1.76" pos="180.07" lane="2/1to3/1_0" slope="0.00"/>
        <vehicle id="21" x="409.49" y="601.65" angle="-90.00" type="DEFAULT_VEHTYPE" speed="2.59" pos="185.76" lane="3/3to2/3_0" slope="0.00"/>
        <vehicle id="22" x="201.65" y="194.95" angle="180.00" type="DEFAULT_VEHTYPE" speed="13.72" pos="194.95" lane="1/0to1/1_0" slope="0.00"/>
        <vehicle id="23" x="177.65" y="598.35" angle="90.00" type="DEFAULT_VEHTYPE" speed="10.92" pos="177.65" lane="0/3to1/3_0" slope="0.00"/>
        <vehicle id="24" x="398.35" y="632.26" angle="0.00" type="DEFAULT_VEHTYPE" speed="12.86" pos="167.74" lane="2/4to2/3_0" slope="0.00"/>
        <vehicle id="3" x="208.42" y="401.65" angle="-90.00" type="DEFAULT_VEHTYPE" speed="1.05" pos="186.83" lane="2/2to1/2_0" slope="0.00"/>
        <vehicle id="4" x="413.45" y="201.65" angle="-90.00" type="DEFAULT_VEHTYPE" speed="6.75" pos="181.80" lane="3/1to2/1_0" slope="0.00"/>
        <vehicle id="5" x="201.65" y="385.51" angle="180.00" type="DEFAULT_VEHTYPE" speed="13.37" pos="180.76" lane="1/1to1/2_0" slope="0.00"/>
        <vehicle id="6" x="384.22" y="201.65" angle="-90.00" type="DEFAULT_VEHTYPE" speed="13.43" pos="11.03" lane="2/1to1/1_0" slope="0.00"/>
        <vehicle id="7" x="198.35" y="238.40" angle="0.00" type="DEFAULT_VEHTYPE" speed="13.09" pos="156.85" lane="1/2to1/1_0" slope="0.00"/>
        <vehicle id="8" x="601.65" y="284.42" angle="180.00" type="DEFAULT_VEHTYPE" speed="13.14" pos="79.67" lane="3/1to3/2_0" slope="0.00"/>
        <vehicle id="9" x="601.65" y="355.62" angle="180.00" type="DEFAULT_VEHTYPE" speed="13.58" pos="150.87" lane="3/1to3/2_0" slope="0.00"/>
    </timestep>
    <timestep time="40.00">
        <vehicle id="0" x="201.65" y="450.07" angle="180.00" type="DEFAULT_VEHTYPE" speed="12.89" pos="45.32" lane="1/2to1/3_0" slope="0.00"/>
        <vehicle id="1" x="551.38" y="601.65" angle="-90.00" type="DEFAULT_VEHTYPE" speed="13.22" pos="43.87" lane="3/3to2/3_0" slope="0.00"/>
        <vehicle id="10" x="633.91" y="401.65" angle="-90.00" type="DEFAULT_VEHTYPE" speed="13.35" pos="166.09" lane="4/2to3/2_0" slope="0.00"/>
        <vehicle id="11" x="398.35" y="287.07" angle="0.00" type="DEFAULT_VEHTYPE" speed="12.67" pos="108.18" lane="2/2to2/1_0" slope="0.00"/>
        <vehicle id="12" x="201.65" y="503.35" angle="180.00" type="DEFAULT_VEHTYPE" speed="13.28" pos="98.60" lane="1/2to1/3_0" slope="0.00"/>
        <vehicle id="13" x="401.65" y="283.56" angle="180.00" type="DEFAULT_VEHTYPE" speed="13.10" pos="78.81" lane="2/1to2/2_0" slope="0.00"/>
        <vehicle id="15" x="596.59" y="198.54" angle="92.19" type="DEFAULT_VEHTYPE" speed="2.72" pos="1.35" lane=":3/1_14_0" slope="0.00"/>
        <vehicle id="16" x="198.35" y="373.12" angle="0.00" type="DEFAULT_VEHTYPE" speed="9.65" pos="22.13" lane="1/2to1/1_0" slope="0.00"/>
        <vehicle id="17" x="70.08" y="598.35" angle="90.00" type="DEFAULT_VEHTYPE" speed="13.17" pos="70.08" lane="0/3to1/3_0" slope="0.00"/>
        <vehicle id="18" x="628.48" y="198.35" angle="90.00" type="DEFAULT_VEHTYPE" speed="12.93" pos="23.73" lane="3/1to4/1_0" slope="0.00"/>
        <vehicle id="19" x="584.05" y="601.65" angle="-90.00" type="DEFAULT_VEHTYPE" speed="8.90" pos="11.20" lane="3/3to2/3_0" slope="0.00"/>
        <vehicle id="2" x="601.65" y="326.96" angle="180.00" type="DEFAULT_VEHTYPE" speed="13.69" pos="122.21" lane="3/1to3/2_0" slope="0.00"/>
        <vehicle id="20" x="586.10" y="198.35" angle="90.00" type="DEFAULT_VEHTYPE" speed="1.28" pos="181.35" lane="2/1to3/1_0" slope="0.00"/>
        <vehicle id="21" x="407.84" y="601.65" angle="-90.00" type="DEFAULT_VEHTYPE" speed="1.64" pos="187.41" lane="3/3to2/3_0" slope="0.00"/>
        <vehicle id="22" x="201.65" y="208.50" angle="180.00" type="DEFAULT_VEHTYPE" speed="13.56" pos="3.75" lane="1/1to1/2_0" slope="0.00"/>
        <vehicle id="23" x="185.14" y="598.35" angle="90.00" type="DEFAULT_VEHTYPE" speed="7.48" pos="185.14" lane="0/3to1/3_0" slope="0.00"/>
        <vehicle id="24" x="398.35" y="619.00" angle="0.00" type="DEFAULT_VEHTYPE" speed="13.26" pos="181.00" lane="2/4to2/3_0" slope="0.00"/>
        <vehicle id="3" x="207.88" y="401.65" angle="-90.00" type="DEFAULT_VEHTYPE" speed="0.54" pos="187.37" lane="2/2to1/2_0" slope="0.00"/>
        <vehicle id="4" x="410.21" y="201.65" angle="-90.00" type="DEFAULT_VEHTYPE" speed="3.24" pos="185.04" lane="3/1to2/1_0" slope="0.00"/>
        <vehicle id="5" x="201.65" y="398.70" angle="180.00" type="DEFAULT_VEHTYPE" speed="13.18" pos="3.45" lane=":1/2_9_0" slope="0.00"/>
        <vehicle id="6" x="371.12" y="201.65" angle="-90.00" type="DEFAULT_VEHTYPE" speed="13.09" pos="24.13" lane="2/1to1/1_0" slope="0.00"/>
        <vehicle id="7" x="198.35" y="226.23" angle="0.00" type="DEFAULT_VEHTYPE" speed="12.17" pos="169.02" lane="1/2to1/1_0" slope="0.00"/>
        <vehicle id="8" x="601.65" y="297.04" angle="180.00" type="DEFAULT_VEHTYPE" speed="12.62" pos="92.29" lane="3/1to3/2_0" slope="0.00"/>
        <vehicle id="9" x="601.65" y="369.46" angle="180.00" type="DEFAULT_VEHTYPE" speed="13.84" pos="164.71" lane="3/1to3/2_0" slope="0.00"/>
    </timestep>
    <timestep time="41.00">
        <vehicle id="0" x="201.65" y="462.76" angle="180.00" type="DEFAULT_VEHTYPE" speed="12.68" pos="58.01" lane="1/2to1/3_0" slope="0.00"/>
        <vehicle id="1" x="537.59" y="601.65" angle="-90.00" type="DEFAULT_VEHTYPE" speed="13.79" pos="57.66" lane="3/3to2/3_0" slope="0.00"/>
        <vehicle id="10" x="622.86" y="401.65" angle="-90.00" type="DEFAULT_VEHTYPE" speed="11.05" pos="177.14" lane="4/2to3/2_0" slope="0.00"/>
        <vehicle id="11" x="398.35" y="273.75" angle="0.00" type="DEFAULT_VEHTYPE" speed="13.32" pos="121.50" lane="2/2to2/1_0" slope="0.00"/>
        <vehicle id="12" x="201.65" y="517.02" angle="180.00" type="DEFAULT_VEHTYPE" speed="13.68" pos="112.27" lane="1/2to1/3_0" slope="0.00"/>
        <vehicle id="13" x="401.65" y="297.35" angle="180.00" type="DEFAULT_VEHTYPE" speed="13.80" pos="92.60" lane="2/1to2/2_0" slope="0.00"/>
        <vehicle id="15" x="600.51" y="200.71" angle="117.71" type="DEFAULT_VEHTYPE" speed="4.70" pos="6.05" lane=":3/1_14_0" slope="0.00"/>
        <vehicle id="16" x="198.35" y="362.10" angle="0.00" type="DEFAULT_VEHTYPE" speed="11.02" pos="33.15" lane="1/2to1/1_0" slope="0.00"/>
        <vehicle id="17" x="83.47" y="598.35" angle="90.00" type="DEFAULT_VEHTYPE" speed="13.39" pos="83.47" lane="0/3to1/3_0" slope="0.00"/>
        <vehicle id="18" x="641.12" y="198.35" angle="90.00" type="DEFAULT_VEHTYPE" speed="12.64" pos="36.37" lane="3/1to4/1_0" slope="0.00"/>
        <vehicle id="19" x="573.63" y="601.65" angle="-90.00" type="DEFAULT_VEHTYPE" speed="10.42" pos="21.62" lane="3/3to2/3_0" slope="0.00"/>
        <vehicle id="2" x="601.65" y="340.62" angle="180.00" type="DEFAULT_VEHTYPE" speed="13.66" pos="135.87" lane="3/1to3/2_0" slope="0.00"/>
        <vehicle id="20" x="588.27" y="198.35" angle="90.00" type="DEFAULT_VEHTYPE" speed="2.17" pos="183.52" lane="2/1to3/1_0" slope="0.00"/>
        <vehicle id="21" x="407.42" y="601.65" angle="-90.00" type="DEFAULT_VEHTYPE" speed="0.43" pos="187.83" lane="3/3to2/3_0" slope="0.00"/>
        <vehicle id="22" x="201.65" y="221.87" angle="180.00" type="DEFAULT_VEHTYPE" speed="13.37" pos="17.12" lane="1/1to1/2_0" slope="0.00"/>
        <vehicle id="23" x="188.97" y="598.35" angle="90.00" type="DEFAULT_VEHTYPE" speed="3.83" pos="188.97" lane="0/3to1/3_0" slope="0.00"/>
        <vehicle id="24" x="398.35" y="605.84" angle="0.00" type="DEFAULT_VEHTYPE" speed="13.16" pos="194.16" lane="2/4to2/3_0" slope="0.00"/>
        <vehicle id="3" x="207.54" y="401.65" angle="-90.00" type="DEFAULT_VEHTYPE" speed="0.35" pos="187.71" lane="2/2to1/2_0" slope="0.00"/>
        <vehicle id="4" x="404.99" y="201.65" angle="-90.00" type="DEFAULT_VEHTYPE" speed="5.22" pos="190.26" lane="3/1to2/1_0" slope="0.00"/>
        <vehicle id="5" x="201.65" y="412.14" angle="180.00" type="DEFAULT_VEHTYPE" speed="13.44" pos="7.39" lane="1/2to1/3_0" slope="0.00"/>
        <vehicle id="6" x="358.29" y="201.65" angle="-90.00" type="DEFAULT_VEHTYPE" speed="12.83" pos="36.96" lane="2/1to1/1_0" slope="0.00"/>
        <vehicle id="7" x="198.35" y="216.99" angle="0.00" type="DEFAULT_VEHTYPE" speed="9.24" pos="178.26" lane="1/2to1/1_0" slope="0.00"/>
        <vehicle id="8" x="601.65" y="309.93" angle="180.00" type="DEFAULT_VEHTYPE" speed="12.89" pos="105.18" lane="3/1to3/2_0" slope="0.00"/>
        <vehicle id="9" x="601.65" y="382.68" angle="180.00" type="DEFAULT_VEHTYPE" speed="13.22" pos="177.93" lane="3/1to3/2_0" slope="0.00"/>
    </timestep>
    <timestep time="42.00">
        <vehicle id="0" x="201.65" y="475.62" angle="180.00" type="DEFAULT_VEHTYPE" speed="12.86" pos="70.87" lane="1/2to1/3_0" slope="0.00"/>
        <vehicle id="1" x="524.89" y="601.65" angle="-90.00" type="DEFAULT_VEHTYPE" speed="12.70" pos="70.36" lane="3/3to2/3_0" slope="0.00"/>
        <vehicle id="10" x="615.05" y="401.65" angle="-90.00" type="DEFAULT_VEHTYPE" speed="7.82" pos="184.95" lane="4/2to3/2_0" slope="0.00"/>
        <vehicle id="11" x="398.35" y="260.63" angle="0.00" type="DEFAULT_VEHTYPE" speed="13.12" pos="134.62" lane="2/2to2/1_0" slope="0.00"/>
        <vehicle id="12" x="201.65" y="529.85" angle="180.00" type="DEFAULT_VEHTYPE" speed="12.83" pos="125.10" lane="1/2to1/3_0" slope="0.00"/>
        <vehicle id="13" x="401.65" y="310.13" angle="180.00" type="DEFAULT_VEHTYPE" speed="12.77" pos="105.38" lane="2/1to2/2_0" slope="0.00"/>
        <vehicle id="15" x="601.65" y="207.10" angle="175.69" type="DEFAULT_VEHTYPE" speed="6.62" pos="2.35" lane="3/1to3/2_0" slope="0.00"/>
        <vehicle id="16" x="198.35" y="348.79" angle="0.00" type="DEFAULT_VEHTYPE" speed="13.30" pos="46.46" lane="1/2to1/1_0" slope="0.00"/>
        <vehicle id="17" x="97.01" y="598.35" angle="90.00" type="DEFAULT_VEHTYPE" speed="13.54" pos="97.01" lane="0/3to1/3_0" slope="0.00"/>
        <vehicle id="18" x="654.35" y="198.35" angle="90.00" type="DEFAULT_VEHTYPE" speed="13.23" pos="49.60" lane="3/1to4/1_0" slope="0.00"/>
        <vehicle id="19" x="560.63" y="601.65" angle="-90.00" type="DEFAULT_VEHTYPE" speed="13.00" pos="34.62" lane="3/3to2/3_0" slope="0.00"/>
        <vehicle id="2" x="601.65" y="353.37" angle="180.00" type="DEFAULT_VEHTYPE" speed="12.75" pos="148.62" lane="3/1to3/2_0" slope="0.00"/>
        <vehicle id="20" x="592.48" y="198.35" angle="90.00" type="DEFAULT_VEHTYPE" speed="4.21" pos="187.73" lane="2/1to3/1_0" slope="0.00"/>
        <vehicle id="21" x="407.32" y="601.65" angle="-90.00" type="DEFAULT_VEHTYPE" speed="0.10" pos="187.93" lane="3/3to2/3_0" slope="0.00"/>
        <vehicle id="22" x="201.65" y="235.31" angle="180.00" type="DEFAULT_VEHTYPE" speed="13.44" pos="30.56" lane="1/1to1/2_0" slope="0.00"/>
        <vehicle id="23" x="194.94" y="598.35" angle="90.00" type="DEFAULT_VEHTYPE" speed="5.98" pos="194.94" lane="0/3to1/3_0" slope="0.00"/>
        <vehicle id="24" x="398.35" y="592.81" angle="0.00" type="DEFAULT_VEHTYPE" speed="13.03" pos="2.44" lane="2/3to2/2_0" slope="0.00"/>
        <vehicle id="3" x="204.81" y="401.65" angle="-90.00" type="DEFAULT_VEHTYPE" speed="2.72" pos="190.44" lane="2/2to1/2_0" slope="0.00"/>
        <vehicle id="4" x="397.23" y="201.65" angle="-90.00" type="DEFAULT_VEHTYPE" speed="7.76" pos="7.52" lane=":2/1_5_0" slope="0.00"/>
        <vehicle id="5" x="201.65" y="425.80" angle="180.00" type="DEFAULT_VEHTYPE" speed="13.66" pos="21.05" lane="1/2to1/3_0" slope="0.00"/>
        <vehicle id="6" x="344.89" y="201.65" angle="-90.00" type="DEFAULT_VEHTYPE" speed="13.40" pos="50.36" lane="2/1to1/1_0" slope="0.00"/>
        <vehicle id="7" x="198.35" y="211.25" angle="0.00" type="DEFAULT_VEHTYPE" speed="5.74" pos="184.00" lane="1/2to1/1_0" slope="0.00"/>
        <vehicle id="8" x="601.65" y="322.60" angle="180.00" type="DEFAULT_VEHTYPE" speed="12.67" pos="117.85" lane="3/1to3/2_0" slope="0.00"/>
        <vehicle id="9" x="601.65" y="395.73" angle="180.00" type="DEFAULT_VEHTYPE" speed="13.06" pos="0.48" lane=":3/2_9_0" slope="0.00"/>
    </timestep>
    <timestep time="43.00">
        <vehicle id="0" x="201.65" y="488.35" angle="180.00" type="DEFAULT_VEHTYPE" speed="12.74" pos="83.60" lane="1/2to1/3_0" slope="0.00"/>
        <vehicle id="1" x="511.18" y="601.65" angle="-90.00" type="DEFAULT_VEHTYPE" speed="13.71" pos="84.07" lane="3/3to2/3_0" slope="0.00"/>
        <vehicle id="10" x="610.94" y="401.65" angle="-90.00" type="DEFAULT_VEHTYPE" speed="4.11" pos="189.06" lane="4/2to3/2_0" slope="0.00"/>
        <vehicle id="11" x="398.35" y="246.82" angle="0.00" type="DEFAULT_VEHTYPE" speed="13.82" pos="148.43" lane="2/2to2/1_0" slope="0.00"/>
        <vehicle id="12" x="201.65" y="542.72" angle="180.00" type="DEFAULT_VEHTYPE" speed="12.87" pos="137.97" lane="1/2to1/3_0" slope="0.00"/>
        <vehicle id="13" x="401.65" y="323.64" angle="180.00" type="DEFAULT_VEHTYPE" speed="13.52" pos="118.89" lane="2/1to2/2_0" slope="0.00"/>
        <vehicle id="15" x="601.65" y="215.64" angle="180.00" type="DEFAULT_VEHTYPE" speed="8.54" pos="10.89" lane="3/1to3/2_0" slope="0.00"/>
        <vehicle id="16" x="198.35" y="336.09" angle="0.00" type="DEFAULT_VEHTYPE" speed="12.70" pos="59.16" lane="1/2to1/1_0" slope="0.00"/>
        <vehicle id="17" x="109.94" y="598.35" angle="90.00" type="DEFAULT_VEHTYPE" speed="12.93" pos="109.94" lane="0/3to1/3_0" slope="0.00"/>
        <vehicle id="18" x="667.47" y="198.35" angle="90.00" type="DEFAULT_VEHTYPE" speed="13.11" pos="62.72" lane="3/1to4/1_0" slope="0.00"/>
        <vehicle id="19" x="547.80" y="601.65" angle="-90.00" type="DEFAULT_VEHTYPE" speed="12.83" pos="47.45" lane="3/3to2/3_0" slope="0.00"/>
        <vehicle id="2" x="601.65" y="366.24" angle="180.00" type="DEFAULT_VEHTYPE" speed="12.87" pos="161.49" lane="3/1to3/2_0" slope="0.00"/>
        <vehicle id="20" x="598.90" y="198.35" angle="90.00" type="DEFAULT_VEHTYPE" speed="6.42" pos="3.65" lane=":3/1_13_0" slope="0.00"/>
        <vehicle id="21" x="405.17" y="601.65" angle="-90.00" type="DEFAULT_VEHTYPE" speed="2.15" pos="190.08" lane="3/3to2/3_0" slope="0.00"/>
        <vehicle id="22" x="201.65" y="248.20" angle="180.00" type="DEFAULT_VEHTYPE" speed="12.89" pos="43.45" lane="1/1to1/2_0" slope="0.00"/>
        <vehicle id="23" x="202.61" y="598.35" angle="90.00" type="DEFAULT_VEHTYPE" speed="7.66" pos="7.36" lane=":1/3_13_0" slope="0.00"/>
        <vehicle id="24" x="398.35" y="579.14" angle="0.00" type="DEFAULT_VEHTYPE" speed="13.68" pos="16.11" lane="2/3to2/2_0" slope="0.00"/>
        <vehicle id="3" x="200.90" y="400.62" angle="-77.88" type="DEFAULT_VEHTYPE" speed="4.12" pos="4.05" lane=":1/2_6_0" slope="0.00"/>
        <vehicle id="4" x="387.11" y="201.65" angle="-90.00" type="DEFAULT_VEHTYPE" speed="10.12" pos="8.14" lane="2/1to1/1_0" slope="0.00"/>
        <vehicle id="5" x="201.65" y="439.31" angle="180.00" type="DEFAULT_VEHTYPE" speed="13.51" pos="34.56" lane="1/2to1/3_0" slope="0.00"/>
        <vehicle id="6" x="332.01" y="201.65" angle="-90.00" type="DEFAULT_VEHTYPE" speed="12.89" pos="63.24" lane="2/1to1/1_0" slope="0.00"/>
        <vehicle id="7" x="198.59" y="203.05" angle="2.79" type="DEFAULT_VEHTYPE" speed="8.22" pos="1.72" lane=":1/1_2_0" slope="0.00"/>
        <vehicle id="8" x="601.65" y="335.94" angle="180.00" type="DEFAULT_VEHTYPE" speed="13.33" pos="131.19" lane="3/1to3/2_0" slope="0.00"/>
        <vehicle id="9" x="601.65" y="409.42" angle="180.00" type="DEFAULT_VEHTYPE" speed="13.69" pos="4.67" lane="3/2to3/3_0" slope="0.00"/>
    </timestep>
    <timestep time="44.00">
        <vehicle id="0" x="201.65" y="501.24" angle="180.00" type="DEFAULT_VEHTYPE" speed="12.88" pos="96.49" lane="1/2to1/3_0" slope="0.00"/>
        <vehicle id="1" x="497.87" y="601.65" angle="-90.00" type="DEFAULT_VEHTYPE" speed="13.30" pos="97.38" lane="3/3to2/3_0" slope="0.00"/>
        <vehicle id="10" x="608.23" y="401.65" angle="-90.00" type="DEFAULT_VEHTYPE" speed="2.71" pos="191.77" lane="4/2to3/2_0" slope="0.00"/>
        <vehicle id="11" x="398.35" y="233.67" angle="0.00" type="DEFAULT_VEHTYPE" speed="13.14" pos="161.58" lane="2/2to2/1_0" slope="0.00"/>
        <vehicle id="12" x="201.65" y="555.37" angle="180.00" type="DEFAULT_VEHTYPE" speed="12.65" pos="150.62" lane="1/2to1/3_0" slope="0.00"/>
        <vehicle id="13" x="401.65" y="336.53" angle="180.00" type="DEFAULT_VEHTYPE" speed="12.89" pos="131.78" lane="2/1to2/2_0" slope="0.00"/>
        <vehicle id="15" x="601.65" y="226.65" angle="180.00" type="DEFAULT_VEHTYPE" speed="11.01" pos="21.90" lane="3/1to3/2_0" slope="0.00"/>
        <vehicle id="16" x="198.35" y="322.56" angle="0.00" type="DEFAULT_VEHTYPE" speed="13.53" pos="72.69" lane="1/2to1/1_0" slope="0.00"/>
        <vehicle id="17" x="123.77" y="598.35" angle="90.00" type="DEFAULT_VEHTYPE" speed="13.83" pos="123.77" lane="0/3to1/3_0" slope="0.00"/>
        <vehicle id="18" x="680.79" y="198.35" angle="90.00" type="DEFAULT_VEHTYPE" speed="13.32" pos="76.04" lane="3/1to4/1_0" slope="0.00"/>
        <vehicle id="19" x="534.36" y="601.65" angle="-90.00" type="DEFAULT_VEHTYPE" speed="13.44" pos="60.89" lane="3/3to2/3_0" slope="0.00"/>
        <vehicle id="2" x="601.65" y="379.47" angle="180.00" type="DEFAULT_VEHTYPE" speed="13.23" pos="174.72" lane="3/1to3/2_0" slope="0.00"/>
        <vehicle id="20" x="607.31" y="198.35" angle="90.00" type="DEFAULT_VEHTYPE" speed="8.41" pos="2.56" lane="3/1to4/1_0" slope="0.00"/>
        <vehicle id="21" x="401.49" y="601.65" angle="-90.00" type="DEFAULT_VEHTYPE" speed="3.68" pos="3.26" lane=":2/3_5_0" slope="0.00"/>
        <vehicle id="22" x="201.65" y="261.67" angle="180.00" type="DEFAULT_VEHTYPE" speed="13.47" pos="56.92" lane="1/1to1/2_0" slope="0.00"/>
        <vehicle id="23" x="211.76" y="598.35" angle="90.00" type="DEFAULT_VEHTYPE" speed="9.15" pos="7.01" lane="1/3to2/3_0" slope="0.00"/>
        <vehicle id="24" x="398.35" y="565.24" angle="0.00" type="DEFAULT_VEHTYPE" speed="13.89" pos="30.01" lane="2/3to2/2_0" slope="0.00"/>
        <vehicle id="3" x="198.41" y="395.68" angle="-21.47" type="DEFAULT_VEHTYPE" speed="5.83" pos="9.89" lane=":1/2_6_0" slope="0.00"/>
        <vehicle id="4" x="374.39" y="201.65" angle="-90.00" type="DEFAULT_VEHTYPE" speed="12.72" pos="20.86" lane="2/1to1/1_0" slope="0.00"/>
        <vehicle id="5" x="201.65" y="452.24" angle="180.00" type="DEFAULT_VEHTYPE" speed="12.93" pos="47.49" lane="1/2to1/3_0" slope="0.00"/>
        <vehicle id="6" x="318.34" y="201.65" angle="-90.00" type="DEFAULT_VEHTYPE" speed="13.66" pos="76.91" lane="2/1to1/1_0" slope="0.00"/>
        <vehicle id="7" x="206.38" y="198.35" angle="82.08" type="DEFAULT_VEHTYPE" speed="10.23" pos="1.63" lane="1/1to2/1_0" slope="0.00"/>
        <vehicle id="8" x="601.65" y="348.84" angle="180.00" type="DEFAULT_VEHTYPE" speed="12.90" pos="144.09" lane="3/1to3/2_0" slope="0.00"/>
        <vehicle id="9" x="601.65" y="423.10" angle="180.00" type="DEFAULT_VEHTYPE" speed="13.68" pos="18.35" lane="3/2to3/3_0" slope="0.00"/>
    </timestep>
    <timestep time="45.00">
        <vehicle id="0" x="201.65" y="514.36" angle="180.00" type="DEFAULT_VEHTYPE" speed="13.12" pos="109.61" lane="1/2to1/3_0" slope="0.00"/>
        <vehicle id="1" x="484.75" y="601.65" angle="-90.00" type="DEFAULT_VEHTYPE" speed="13.13" pos="110.50" lane="3/3to2/3_0" slope="0.00"/>
        <vehicle id="10" x="607.71" y="401.65" angle="-90.00" type="DEFAULT_VEHTYPE" speed="0.52" pos="192.29" lane="4/2to3/2_0" slope="0.00"/>
        <vehicle id="11" x="398.35" y="220.40" angle="0.00" type="DEFAULT_VEHTYPE" speed="13.28" pos="174.85" lane="2/2to2/1_0" slope="0.00"/>
        <vehicle id="12" x="201.65" y="568.26" angle="180.00" type="DEFAULT_VEHTYPE" speed="12.89" pos="163.51" lane="1/2to1/3_0" slope="0.00"/>
        <vehicle id="13" x="401.65" y="350.42" angle="180.00" type="DEFAULT_VEHTYPE" speed="13.89" pos="145.67" lane="2/1to2/2_0" slope="0.00"/>
        <vehicle id="15" x="601.65" y="239.96" angle="180.00" type="DEFAULT_VEHTYPE" speed="13.31" pos="35.21" lane="3/1to3/2_0" slope="0.00"/>
        <vehicle id="16" x="198.35" y="308.83" angle="0.00" type="DEFAULT_VEHTYPE" speed="13.73" pos="86.42" lane="1/2to1/1_0" slope="0.00"/>
        <vehicle id="17" x="136.70" y="598.35" angle="90.00" type="DEFAULT_VEHTYPE" speed="12.93" pos="136.70" lane="0/3to1/3_0" slope="0.00"/>
        <vehicle id="18" x="693.85" y="198.35" angle="90.00" type="DEFAULT_VEHTYPE" speed="13.06" pos="89.10" lane="3/1to4/1_0" slope="0.00"/>
        <vehicle id="19" x="520.97" y="601.65" angle="-90.00" type="DEFAULT_VEHTYPE" speed="13.39" pos="74.28" lane="3/3to2/3_0" slope="0.00"/>
        <vehicle id="2" x="601.65" y="392.10" angle="180.00" type="DEFAULT_VEHTYPE" speed="12.64" pos="187.35" lane="3/1to3/2_0" slope="0.00"/>
        <vehicle id="20" x="617.66" y="198.35" angle="90.00" type="DEFAULT_VEHTYPE" speed="10.34" pos="12.91" lane="3/1to4/1_0" slope="0.00"/>
        <vehicle id="21" x="395.21" y="601.65" angle="-90.00" type="DEFAULT_VEHTYPE" speed="6.28" pos="0.04" lane="2/3to1/3_0" slope="0.00"/>
        <vehicle id="22" x="201.65" y="274.65" angle="180.00" type="DEFAULT_VEHTYPE" speed="12.98" pos="69.90" lane="1/1to1/2_0" slope="0.00"/>
        <vehicle id="23" x="222.59" y="598.35" angle="90.00" type="DEFAULT_VEHTYPE" speed="10.83" pos="17.84" lane="1/3to2/3_0" slope="0.00"/>
        <vehicle id="24" x="398.35" y="552.46" angle="0.00" type="DEFAULT_VEHTYPE" speed="12.78" pos="42.79" lane="2/3to2/2_0" slope="0.00"/>
        <vehicle id="3" x="198.35" y="387.85" angle="0.00" type="DEFAULT_VEHTYPE" speed="7.83" pos="7.40" lane="1/2to1/1_0" slope="0.00"/>
        <vehicle id="4" x="360.73" y="201.65" angle="-90.00" type="DEFAULT_VEHTYPE" speed="13.66" pos="34.52" lane="2/1to1/1_0" slope="0.00"/>
        <vehicle id="5" x="201.65" y="465.75" angle="180.00" type="DEFAULT_VEHTYPE" speed="13.51" pos="61.00" lane="1/2to1/3_0" slope="0.00"/>
        <vehicle id="6" x="304.58" y="201.65" angle="-90.00" type="DEFAULT_VEHTYPE" speed="13.76" pos="90.67" lane="2/1to1/1_0" slope="0.00"/>
        <vehicle id="7" x="218.20" y="198.35" angle="90.00" type="DEFAULT_VEHTYPE" speed="11.82" pos="13.45" lane="1/1to2/1_0" slope="0.00"/>
        <vehicle id="8" x="601.65" y="362.63" angle="180.00" type="DEFAULT_VEHTYPE" speed="13.79" pos="157.88" lane="3/1to3/2_0" slope="0.00"/>
        <vehicle id="9" x="601.65" y="435.82" angle="180.00" type="DEFAULT_VEHTYPE" speed="12.72" pos="31.07" lane="3/2to3/3_0" slope="0.00"/>
    </timestep>
    <timestep time="46.00">
        <vehicle id="0" x="201.65" y="527.71" angle="180.00" type="DEFAULT_VEHTYPE" speed="13.35" pos="122.96" lane="1/2to1/3_0" slope="0.00"/>
        <vehicle id="1" x="471.71" y="601.65" angle="-90.00" type="DEFAULT_VEHTYPE" speed="13.03" pos="123.54" lane="3/3to2/3_0" slope="0.00"/>
        <vehicle id="10" x="607.42" y="401.65" angle="-90.00" type="DEFAULT_VEHTYPE" speed="0.29" pos="192.58" lane="4/2to3/2_0" slope="0.00"/>
        <vehicle id="11" x="398.35" y="207.27" angle="0.00" type="DEFAULT_VEHTYPE" speed="13.13" pos="187.98" lane="2/2to2/1_0" slope="0.00"/>
        <vehicle id="12" x="201.65" y="581.33" angle="180.00" type="DEFAULT_VEHTYPE" speed="13.07" pos="176.58" lane="1/2to1/3_0" slope="0.00"/>
        <vehicle id="13" x="401.65" y="363.49" angle="180.00" type="DEFAULT_VEHTYPE" speed="13.07" pos="158.74" lane="2/1to2/2_0" slope="0.00"/>
        <vehicle id="15" x="601.65" y="253.01" angle="180.00" type="DEFAULT_VEHTYPE" speed="13.05" pos="48.26" lane="3/1to3/2_0" slope="0.00"/>
        <vehicle id="16" x="198.35" y="295.18" angle="0.00" type="DEFAULT_VEHTYPE" speed="13.65" pos="100.07" lane="1/2to1/1_0" slope="0.00"/>
        <vehicle id="17" x="149.79" y="598.35" angle="90.00" type="DEFAULT_VEHTYPE" speed="13.09" pos="149.79" lane="0/3to1/3_0" slope="0.00"/>
        <vehicle id="18" x="707.00" y="198.35" angle="90.00" type="DEFAULT_VEHTYPE" speed="13.15" pos="102.25" lane="3/1to4/1_0" slope="0.00"/>
        <vehicle id="19" x="507.79" y="601.65" angle="-90.00" type="DEFAULT_VEHTYPE" speed="13.18" pos="87.46" lane="3/3to2/3_0" slope="0.00"/>
        <vehicle id="2" x="601.65" y="404.90" angle="180.00" type="DEFAULT_VEHTYPE" speed="12.79" pos="0.15" lane="3/2to3/3_0" slope="0.00"/>
        <vehicle id="20" x="630.37" y="198.35" angle="90.00" type="DEFAULT_VEHTYPE" speed="12.71" pos="25.62" lane="3/1to4/1_0" slope="0.00"/>
        <vehicle id="21" x="386.71" y="601.65" angle="-90.00" type="DEFAULT_VEHTYPE" speed="8.50" pos="8.54" lane="2/3to1/3_0" slope="0.00"/>
        <vehicle id="22" x="201.65" y="288.29" angle="180.00" type="DEFAULT_VEHTYPE" speed="13.64" pos="83.54" lane="1/1to1/2_0" slope="0.00"/>
        <vehicle id="23" x="235.47" y="598.35" angle="90.00" type="DEFAULT_VEHTYPE" speed="12.88" pos="30.72" lane="1/3to2/3_0" slope="0.00"/>
        <vehicle id="24" x="398.35" y="539.32" angle="0.00" type="DEFAULT_VEHTYPE" speed="13.14" pos="55.93" lane="2/3to2/2_0" slope="0.00"/>
        <vehicle id="3" x="198.35" y="377.43" angle="0.00" type="DEFAULT_VEHTYPE" speed="10.42" pos="17.82" lane="1/2to1/1_0" slope="0.00"/>
        <vehicle id="4" x="347.79" y="201.65" angle="-90.00" type="DEFAULT_VEHTYPE" speed="12.94" pos="47.46" lane="2/1to1/1_0" slope="0.00"/>
        <vehicle id="5" x="201.65" y="478.76" angle="180.00" type="DEFAULT_VEHTYPE" speed="13.01" pos="74.01" lane="1/2to1/3_0" slope="0.00"/>
        <vehicle id="6" x="291.23" y="201.65" angle="-90.00" type="DEFAULT_VEHTYPE" speed="13.35" pos="104.02" lane="2/1to1/1_0" slope="0.00"/>
        <vehicle id="7" x="231.55" y="198.35" angle="90.00" type="DEFAULT_VEHTYPE" speed="13.35" pos="26.80" lane="1/1to2/1_0" slope="0.00"/>
        <vehicle id="8" x="601.65" y="375.98" angle="180.00" type="DEFAULT_VEHTYPE" speed="13.35" pos="171.23" lane="3/1to3/2_0" slope="0.00"/>
        <vehicle id="9" x="601.65" y="449.32" angle="180.00" type="DEFAULT_VEHTYPE" speed="13.50" pos="44.57" lane="3/2to3/3_0" slope="0.00"/>
    </timestep>
    <timestep time="47.00">
        <vehicle id="0" x="201.65" y="540.37" angle="180.00" type="DEFAULT_VEHTYPE" speed="12.66" pos="135.62" lane="1/2to1/3_0" slope="0.00"/>
        <vehicle id="1" x="458.33" y="601.65" angle="-90.00" type="DEFAULT_VEHTYPE" speed="13.39" pos="136.92" lane="3/3to2/3_0" slope="0.00"/>
        <vehicle id="10" x="607.30" y="401.65" angle="-90.00" type="DEFAULT_VEHTYPE" speed="0.12" pos="192.70" lane="4/2to3/2_0" slope="0.00"/>
        <vehicle id="11" x="398.35" y="194.15" angle="0.00" type="DEFAULT_VEHTYPE" speed="13.12" pos="1.10" lane="2/1to2/0_0" slope="0.00"/>
        <vehicle id="12" x="201.65" y="595.07" angle="180.00" type="DEFAULT_VEHTYPE" speed="13.73" pos="190.32" lane="1/2to1/3_0" slope="0.00"/>
        <vehicle id="13" x="401.65" y="376.81" angle="180.00" type="DEFAULT_VEHTYPE" speed="13.33" pos="172.06" lane="2/1to2/2_0" slope="0.00"/>
        <vehicle id="15" x="601.65" y="266.89" angle="180.00" type="DEFAULT_VEHTYPE" speed="13.88" pos="62.14" lane="3/1to3/2_0" slope="0.00"/>
        <vehicle id="16" x="198.35" y="282.32" angle="0.00" type="DEFAULT_VEHTYPE" speed="12.85" pos="112.93" lane="1/2to1/1_0" slope="0.00"/>
        <vehicle id="17" x="163.32" y="598.35" angle="90.00" type="DEFAULT_VEHTYPE" speed="13.53" pos="163.32" lane="0/3to1/3_0" slope="0.00"/>
        <vehicle id="18" x="720.06" y="198.35" angle="90.00" type="DEFAULT_VEHTYPE" speed="13.06" pos="115.31" lane="3/1to4/1_0" slope="0.00"/>
        <vehicle id="19" x="495.16" y="601.65" angle="-90.00" type="DEFAULT_VEHTYPE" speed="12.63" pos="100.09" lane="3/3to2/3_0" slope="0.00"/>
        <vehicle id="2" x="601.65" y="418.38" angle="180.00" type="DEFAULT_VEHTYPE" speed="13.49" pos="13.63" lane="3/2to3/3_0" slope="0.00"/>
        <vehicle id="20" x="644.06" y="198.35" angle="90.00" type="DEFAULT_VEHTYPE" speed="13.70" pos="39.31" lane="3/1to4/1_0" slope="0.00"/>
        <vehicle id="21" x="376.59" y="601.65" angle="-90.00" type="DEFAULT_VEHTYPE" speed="10.12" pos="18.66" lane="2/3to1/3_0" slope="0.00"/>
        <vehicle id="22" x="201.65" y="302.14" angle="180.00" type="DEFAULT_VEHTYPE" speed="13.85" pos="97.39" lane="1/1to1/2_0" slope="0.00"/>
        <vehicle id="23" x="249.28" y="598.35" angle="90.00" type="DEFAULT_VEHTYPE" speed="13.82" pos="44.53" lane="1/3to2/3_0" slope="0.00"/>
        <vehicle id="24" x="398.35" y="526.69" angle="0.00" type="DEFAULT_VEHTYPE" speed="12.63" pos="68.56" lane="2/3to2/2_0" slope="0.00"/>
        <vehicle id="3" x="198.35" y="364.90" angle="0.00" type="DEFAULT_VEHTYPE" speed="12.53" pos="30.35" lane="1/2to1/1_0" slope="0.00"/>
        <vehicle id="4" x="334.84" y="201.65" angle="-90.00" type="DEFAULT_VEHTYPE" speed="12.96" pos="60.41" lane="2/1to1/1_0" slope="0.00"/>
        <vehicle id="5" x="201.65" y="491.74" angle="180.00" type="DEFAULT_VEHTYPE" speed="12.97" pos="86.99" lane="1/2to1/3_0" slope="0.00"/>
        <vehicle id="6" x="278.06" y="201.65" angle="-90.00" type="DEFAULT_VEHTYPE" speed="13.16" pos="117.19" lane="2/1to1/1_0" slope="0.00"/>
        <vehicle id="7" x="244.96" y="198.35" angle="90.00" type="DEFAULT_VEHTYPE" speed="13.41" pos="40.21" lane="1/1to2/1_0" slope="0.00"/>
        <vehicle id="8" x="601.65" y="389.52" angle="180.00" type="DEFAULT_VEHTYPE" speed="13.54" pos="184.77" lane="3/1to3/2_0" slope="0.00"/>
        <vehicle id="9" x="601.65" y="462.03" angle="180.00" type="DEFAULT_VEHTYPE" speed="12.71" pos="57.28" lane="3/2to3/3_0" slope="0.00"/>
    </timestep>
    <timestep time="48.00">
        <vehicle id="0" x="201.65" y="553.22" angle="180.00" type="DEFAULT_VEHTYPE" speed="12.85" pos="148.47" lane="1/2to1/3_0" slope="0.00"/>
        <vehicle id="1" x="445.18" y="601.65" angle="-90.00" type="DEFAULT_VEHTYPE" speed="13.15" pos="150.07" lane="3/3to2/3_0" slope="0.00"/>
        <vehicle id="10" x="607.26" y="401.65" angle="-90.00" type="DEFAULT_VEHTYPE" speed="0.04" pos="192.74" lane="4/2to3/2_0" slope="0.00"/>
        <vehicle id="11" x="398.35" y="180.42" angle="0.00" type="DEFAULT_VEHTYPE" speed="13.74" pos="14.83" lane="2/1to2/0_0" slope="0.00"/>
        <vehicle id="12" x="212.50" y="598.35" angle="90.00" type="DEFAULT_VEHTYPE" speed="12.94" pos="7.75" lane="1/3to2/3_0" slope="0.00"/>
        <vehicle id="13" x="401.65" y="390.02" angle="180.00" type="DEFAULT_VEHTYPE" speed="13.20" pos="185.27" lane="2/1to2/2_0" slope="0.00"/>
        <vehicle id="15" x="601.65" y="280.03" angle="180.00" type="DEFAULT_VEHTYPE" speed="13.14" pos="75.28" lane="3/1to3/2_0" slope="0.00"/>
        <vehicle id="16" x="198.35" y="269.38" angle="0.00" type="DEFAULT_VEHTYPE" speed="12.95" pos="125.87" lane="1/2to1/1_0" slope="0.00"/>
        <vehicle id="17" x="175.53" y="598.35" angle="90.00" type="DEFAULT_VEHTYPE" speed="12.22" pos="175.53" lane="0/3to1/3_0" slope="0.00"/>
        <vehicle id="18" x="733.47" y="198.35" angle="90.00" type="DEFAULT_VEHTYPE" speed="13.41" pos="128.72" lane="3/1to4/1_0" slope="0.00"/>
        <vehicle id="19" x="482.05" y="601.65" angle="-90.00" type="DEFAULT_VEHTYPE" speed="13.11" pos="113.20" lane="3/3to2/3_0" slope="0.00"/>
        <vehicle id="2" x="601.65" y="431.14" angle="180.00" type="DEFAULT_VEHTYPE" speed="12.76" pos="26.39" lane="3/2to3/3_0" slope="0.00"/>
        <vehicle id="20" x="657.44" y="198.35" angle="90.00" type="DEFAULT_VEHTYPE" speed="13.38" pos="52.69" lane="3/1to4/1_0" slope="0.00"/>
        <vehicle id="21" x="364.42" y="601.65" angle="-90.00" type="DEFAULT_VEHTYPE" speed="12.16" pos="30.83" lane="2/3to1/3_0" slope="0.00"/>
        <vehicle id="22" x="201.65" y="315.39" angle="180.00" type="DEFAULT_VEHTYPE" speed="13.25" pos="110.64" lane="1/1to1/2_0" slope="0.00"/>
        <vehicle id="23" x="262.69" y="598.35" angle="90.00" type="DEFAULT_VEHTYPE" speed="13.40" pos="57.94" lane="1/3to2/3_0" slope="0.00"/>
        <vehicle id="24" x="398.35" y="512.95" angle="0.00" type="DEFAULT_VEHTYPE" speed="13.74" pos="82.30" lane="2/3to2/2_0" slope="0.00"/>
        <vehicle id="3" x="198.35" y="351.63" angle="0.00" type="DEFAULT_VEHTYPE" speed="13.27" pos="43.62" lane="1/2to1/1_0" slope="0.00"/>
        <vehicle id="4" x="321.79" y="201.65" angle="-90.00" type="DEFAULT_VEHTYPE" speed="13.05" pos="73.46" lane="2/1to1/1_0" slope="0.00"/>
        <vehicle id="5" x="201.65" y="505.10" angle="180.00" type="DEFAULT_VEHTYPE" speed="13.36" pos="100.35" lane="1/2to1/3_0" slope="0.00"/>
        <vehicle id="6" x="265.06" y="201.65" angle="-90.00" type="DEFAULT_VEHTYPE" speed="13.00" pos="130.19" lane="2/1to1/1_0" slope="0.00"/>
        <vehicle id="7" x="258.59" y="198.35" angle="90.00" type="DEFAULT_VEHTYPE" speed="13.63" pos="53.84" lane="1/1to2/1_0" slope="0.00"/>
        <vehicle id="8" x="601.65" y="403.26" angle="180.00" type="DEFAULT_VEHTYPE" speed="13.74" pos="8.01" lane=":3/2_9_0" slope="0.00"/>
        <vehicle id="9" x="601.65" y="475.77" angle="180.00" type="DEFAULT_VEHTYPE" speed="13.74" pos="71.02" lane="3/2to3/3_0" slope="0.00"/>
    </timestep>
    <timestep time="49.00">
        <vehicle id="0" x="201.65" y="566.07" angle="180.00" type="DEFAULT_VEHTYPE" speed="12.85" pos="161.32" lane="1/2to1/3_0" slope="0.00"/>
        <vehicle id="1" x="432.02" y="601.65" angle="-90.00" type="DEFAULT_VEHTYPE" speed="13.16" pos="163.23" lane="3/3to2/3_0" slope="0.00"/>
        <vehicle id="10" x="605.09" y="401.65" angle="-90.00" type="DEFAULT_VEHTYPE" speed="2.18" pos="194.91" lane="4/2to3/2_0" slope="0.00"/>
        <vehicle id="11" x="398.35" y="166.67" angle="0.00" type="DEFAULT_VEHTYPE" speed="13.75" pos="28.58" lane="2/1to2/0_0" slope="0.00"/>
        <vehicle id="12" x="226.11" y="598.35" angle="90.00" type="DEFAULT_VEHTYPE" speed="13.61" pos="21.36" lane="1/3to2/3_0" slope="0.00"/>
        <vehicle id="15" x="601.65" y="293.49" angle="180.00" type="DEFAULT_VEHTYPE" speed="13.46" pos="88.74" lane="3/1to3/2_0" slope="0.00"/>
        <vehicle id="16" x="198.35" y="256.75" angle="0.00" type="DEFAULT_VEHTYPE" speed="12.62" pos="138.50" lane="1/2to1/1_0" slope="0.00"/>
        <vehicle id="17" x="183.59" y="598.35" angle="90.00" type="DEFAULT_VEHTYPE" speed="8.05" pos="183.59" lane="0/3to1/3_0" slope="0.00"/>
        <vehicle id="18" x="747.30" y="198.35" angle="90.00" type="DEFAULT_VEHTYPE" speed="13.83" pos="142.55" lane="3/1to4/1_0" slope="0.00"/>
        <vehicle id="19" x="468.21" y="601.65" angle="-90.00" type="DEFAULT_VEHTYPE" speed="13.84" pos="127.04" lane="3/3to2/3_0" slope="0.00"/>
        <vehicle id="2" x="601.65" y="443.79" angle="180.00" type="DEFAULT_VEHTYPE" speed="12.64" pos="39.04" lane="3/2to3/3_0" slope="0.00"/>
        <vehicle id="20" x="670.49" y="198.35" angle="90.00" type="DEFAULT_VEHTYPE" speed="13.04" pos="65.74" lane="3/1to4/1_0" slope="0.00"/>
        <vehicle id="21" x="351.55" y="601.65" angle="-90.00" type="DEFAULT_VEHTYPE" speed="12.87" pos="43.70" lane="2/3to1/3_0" slope="0.00"/>
        <vehicle id="22" x="201.65" y="328.13" angle="180.00" type="DEFAULT_VEHTYPE" speed="12.74" pos="123.38" lane="1/1to1/2_0" slope="0.00"/>
        <vehicle id="23" x="276.49" y="598.35" angle="90.00" type="DEFAULT_VEHTYPE" speed="13.80" pos="71.74" lane="1/3to2/3_0" slope="0.00"/>
        <vehicle id="24" x="398.35" y="500.24" angle="0.00" type="DEFAULT_VEHTYPE" speed="12.71" pos="95.01" lane="2/3to2/2_0" slope="0.00"/>
        <vehicle id="3" x="198.35" y="338.46" angle="0.00" type="DEFAULT_VEHTYPE" speed="13.17" pos="56.79" lane="1/2to1/1_0" slope="0.00"/>
        <vehicle id="4" x="308.26" y="201.65" angle="-90.00" type="DEFAULT_VEHTYPE" speed="13.53" pos="86.99" lane="2/1to1/1_0" slope="0.00"/>
        <vehicle id="5" x="201.65" y="518.46" angle="180.00" type="DEFAULT_VEHTYPE" speed="13.36" pos="113.71" lane="1/2to1/3_0" slope="0.00"/>
        <vehicle id="6" x="251.54" y="201.65" angle="-90.00" type="DEFAULT_VEHTYPE" speed="13.52" pos="143.71" lane="2/1to1/1_0" slope="0.00"/>
        <vehicle id="7" x="272.39" y="198.35" angle="90.00" type="DEFAULT_VEHTYPE" speed="13.79" pos="67.64" lane="1/1to2/1_0" slope="0.00"/>
        <vehicle id="8" x="601.65" y="416.98" angle="180.00" type="DEFAULT_VEHTYPE" speed="13.72" pos="12.23" lane="3/2to3/3_0" slope="0.00"/>
        <vehicle id="9" x="601.65" y="489.66" angle="180.00" type="DEFAULT_VEHTYPE" speed="13.89" pos="84.91" lane="3/2to3/3_0" slope="0.00"/>
    </timestep>
    <timestep time="50.00">
        <vehicle id="0" x="201.65" y="579.27" angle="180.00" type="DEFAULT_VEHTYPE" speed="13.20" pos="174.52" lane="1/2to1/3_0" slope="0.00"/>
        <vehicle id="1" x="421.66" y="601.65" angle="-90.00" type="DEFAULT_VEHTYPE" speed="10.36" pos="173.59" lane="3/3to2/3_0" slope="0.00"/>
        <vehicle id="10" x="601.50" y="401.65" angle="-90.00" type="DEFAULT_VEHTYPE" speed="3.58" pos="3.25" lane=":3/2_5_0" slope="0.00"/>
        <vehicle id="11" x="398.35" y="153.73" angle="0.00" type="DEFAULT_VEHTYPE" speed="12.95" pos="41.52" lane="2/1to2/0_0" slope="0.00"/>
        <vehicle id="12" x="238.90" y="598.35" angle="90.00" type="DEFAULT_VEHTYPE" speed="12.79" pos="34.15" lane="1/3to2/3_0" slope="0.00"/>
        <vehicle id="15" x="601.65" y="306.87" angle="180.00" type="DEFAULT_VEHTYPE" speed="13.39" pos="102.12" lane="3/1to3/2_0" slope="0.00"/>
        <vehicle id="16" x="198.35" y="243.95" angle="0.00" type="DEFAULT_VEHTYPE" speed="12.81" pos="151.30" lane="1/2to1/1_0" slope="0.00"/>
        <vehicle id="17" x="189.20" y="598.35" angle="90.00" type="DEFAULT_VEHTYPE" speed="5.61" pos="189.20" lane="0/3to1/3_0" slope="0.00"/>
        <vehicle id="18" x="760.16" y="198.35" angle="90.00" type="DEFAULT_VEHTYPE" speed="12.86" pos="155.41" lane="3/1to4/1_0" slope="0.00"/>
        <vehicle id="19" x="454.73" y="601.65" angle="-90.00" type="DEFAULT_VEHTYPE" speed="13.48" pos="140.52" lane="3/3to2/3_0" slope="0.00"/>
        <vehicle id="2" x="601.65" y="457.38" angle="180.00" type="DEFAULT_VEHTYPE" speed="13.59" pos="52.63" lane="3/2to3/3_0" slope="0.00"/>
        <vehicle id="20" x="683.22" y="198.35" angle="90.00" type="DEFAULT_VEHTYPE" speed="12.73" pos="78.47" lane="3/1to4/1_0" slope="0.00"/>
        <vehicle id="21" x="338.24" y="601.65" angle="-90.00" type="DEFAULT_VEHTYPE" speed="13.31" pos="57.01" lane="2/3to1/3_0" slope="0.00"/>
        <vehicle id="22" x="201.65" y="341.84" angle="180.00" type="DEFAULT_VEHTYPE" speed="13.71" pos="137.09" lane="1/1to1/2_0" slope="0.00"/>
        <vehicle id="23" x="289.50" y="598.35" angle="90.00" type="DEFAULT_VEHTYPE" speed="13.01" pos="84.75" lane="1/3to2/3_0" slope="0.00"/>
        <vehicle id="24" x="398.35" y="486.86" angle="0.00" type="DEFAULT_VEHTYPE" speed="13.37" pos="108.39" lane="2/3to2/2_0" slope="0.00"/>
        <vehicle id="3" x="198.35" y="325.49" angle="0.00" type="DEFAULT_VEHTYPE" speed="12.98" pos="69.76" lane="1/2to1/1_0" slope="0.00"/>
        <vehicle id="4" x="294.73" y="201.65" angle="-90.00" type="DEFAULT_VEHTYPE" speed="13.52" pos="100.52" lane="2/1to1/1_0" slope="0.00"/>
        <vehicle id="5" x="201.65" y="531.23" angle="180.00" type="DEFAULT_VEHTYPE" speed="12.77" pos="126.48" lane="1/2to1/3_0" slope="0.00"/>
        <vehicle id="6" x="238.14" y="201.65" angle="-90.00" type="DEFAULT_VEHTYPE" speed="13.40" pos="157.11" lane="2/1to1/1_0" slope="0.00"/>
        <vehicle id="7" x="286.03" y="198.35" angle="90.00" type="DEFAULT_VEHTYPE" speed="13.64" pos="81.28" lane="1/1to2/1_0" slope="0.00"/>
        <vehicle id="8" x="601.65" y="429.83" angle="180.00" type="DEFAULT_VEHTYPE" speed="12.85" pos="25.08" lane="3/2to3/3_0" slope="0.00"/>
        <vehicle id="9" x="601.65" y="502.47" angle="180.00" type="DEFAULT_VEHTYPE" speed="12.81" pos="97.72" lane="3/2to3/3_0" slope="0.00"/>
    </timestep>
    <timestep time="51.00">
        <vehicle id="0" x="201.65" y="592.51" angle="180.00" type="DEFAULT_VEHTYPE" speed="13.24" pos="187.76" lane="1/2to1/3_0" slope="0.00"/>
        <vehicle id="1" x="415.19" y="601.65" angle="-90.00" type="DEFAULT_VEHTYPE" speed="6.47" pos="180.06" lane="3/3to2/3_0" slope="0.00"/>
        <vehicle id="10" x="596.11" y="401.65" angle="-90.00" type="DEFAULT_VEHTYPE" speed="5.40" pos="8.64" lane=":3/2_5_0" slope="0.00"/>
        <vehicle id="11" x="398.35" y="140.91" angle="0.00" type="DEFAULT_VEHTYPE" speed="12.82" pos="54.34" lane="2/1to2/0_0" slope="0.00"/>
        <vehicle id="12" x="251.63" y="598.35" angle="90.00" type="DEFAULT_VEHTYPE" speed="12.73" pos="46.88" lane="1/3to2/3_0" slope="0.00"/>
        <vehicle id="15" x="601.65" y="320.30" angle="180.00" type="DEFAULT_VEHTYPE" speed="13.43" pos="115.55" lane="3/1to3/2_0" slope="0.00"/>
        <vehicle id="16" x="198.35" y="230.80" angle="0.00" type="DEFAULT_VEHTYPE" speed="13.15" pos="164.45" lane="1/2to1/1_0" slope="0.00"/>
        <vehicle id="17" x="191.75" y="598.35" angle="90.00" type="DEFAULT_VEHTYPE" speed="2.55" pos="191.75" lane="0/3to1/3_0" slope="0.00"/>
        <vehicle id="18" x="773.04" y="198.35" angle="90.00" type="DEFAULT_VEHTYPE" speed="12.88" pos="168.29" lane="3/1to4/1_0" slope="0.00"/>
        <vehicle id="19" x="440.86" y="601.65" angle="-90.00" type="DEFAULT_VEHTYPE" speed="13.87" pos="154.39" lane="3/3to2/3_0" slope="0.00"/>
        <vehicle id="2" x="601.65" y="471.12" angle="180.00" type="DEFAULT_VEHTYPE" speed="13.75" pos="66.37" lane="3/2to3/3_0" slope="0.00"/>
        <vehicle id="20" x="696.28" y="198.35" angle="90.00" type="DEFAULT_VEHTYPE" speed="13.06" pos="91.53" lane="3/1to4/1_0" slope="0.00"/>
        <vehicle id="21" x="325.22" y="601.65" angle="-90.00" type="DEFAULT_VEHTYPE" speed="13.02" pos="70.03" lane="2/3to1/3_0" slope="0.00"/>
        <vehicle id="22" x="201.65" y="355.69" angle="180.00" type="DEFAULT_VEHTYPE" speed="13.84" pos="150.94" lane="1/1to1/2_0" slope="0.00"/>
        <vehicle id="23" x="303.32" y="598.35" angle="90.00" type="DEFAULT_VEHTYPE" speed="13.82" pos="98.57" lane="1/3to2/3_0" slope="0.00"/>
        <vehicle id="24" x="398.35" y="473.58" angle="0.00" type="DEFAULT_VEHTYPE" speed="13.28" pos="121.67" lane="2/3to2/2_0" slope="0.00"/>
        <vehicle id="3" x="198.35" y="312.41" angle="0.00" type="DEFAULT_VEHTYPE" speed="13.08" pos="82.84" lane="1/2to1/1_0" slope="0.00"/>
        <vehicle id="4" x="281.47" y="201.65" angle="-90.00" type="DEFAULT_VEHTYPE" speed="13.27" pos="113.78" lane="2/1to1/1_0" slope="0.00"/>
        <vehicle id="5" x="201.65" y="544.88" angle="180.00" type="DEFAULT_VEHTYPE" speed="13.65" pos="140.13" lane="1/2to1/3_0" slope="0.00"/>
        <vehicle id="6" x="225.92" y="201.65" angle="-90.00" type="DEFAULT_VEHTYPE" speed="12.22" pos="169.33" lane="2/1to1/1_0" slope="0.00"/>
        <vehicle id="7" x="299.01" y="198.35" angle="90.00" type="DEFAULT_VEHTYPE" speed="12.99" pos="94.26" lane="1/1to2/1_0" slope="0.00"/>
        <vehicle id="8" x="601.65" y="442.58" angle="180.00" type="DEFAULT_VEHTYPE" speed="12.75" pos="37.83" lane="3/2to3/3_0" slope="0.00"/>
        <vehicle id="9" x="601.65" y="516.26" angle="180.00" type="DEFAULT_VEHTYPE" speed="13.79" pos="111.51" lane="3/2to3/3_0" slope="0.00"/>
    </timestep>
    <timestep time="52.00">
        <vehicle id="0" x="210.84" y="598.35" angle="90.00" type="DEFAULT_VEHTYPE" speed="13.83" pos="6.09" lane="1/3to2/3_0" slope="0.00"/>
        <vehicle id="1" x="410.25" y="601.65" angle="-90.00" type="DEFAULT_VEHTYPE" speed="4.94" pos="185.00" lane="3/3to2/3_0" slope="0.00"/>
        <vehicle id="10" x="588.34" y="401.65" angle="-90.00" type="DEFAULT_VEHTYPE" speed="7.77" pos="6.91" lane="3/2to2/2_0" slope="0.00"/>
        <vehicle id="11" x="398.35" y="127.88" angle="0.00" type="DEFAULT_VEHTYPE" speed="13.02" pos="67.37" lane="2/1to2/0_0" slope="0.00"/>
        <vehicle id="12" x="265.25" y="598.35" angle="90.00" type="DEFAULT_VEHTYPE" speed="13.62" pos="60.50" lane="1/3to2/3_0" slope="0.00"/>
        <vehicle id="15" x="601.65" y="333.43" angle="180.00" type="DEFAULT_VEHTYPE" speed="13.12" pos="128.68" lane="3/1to3/2_0" slope="0.00"/>
        <vehicle id="16" x="198.35" y="220.07" angle="0.00" type="DEFAULT_VEHTYPE" speed="10.72" pos="175.18" lane="1/2to1/1_0" slope="0.00"/>
        <vehicle id="17" x="192.24" y="598.35" angle="90.00" type="DEFAULT_VEHTYPE" speed="0.49" pos="192.24" lane="0/3to1/3_0" slope="0.00"/>
        <vehicle id="18" x="786.83" y="198.35" angle="90.00" type="DEFAULT_VEHTYPE" speed="13.79" pos="182.08" lane="3/1to4/1_0" slope="0.00"/>
        <vehicle id="19" x="429.87" y="601.65" angle="-90.00" type="DEFAULT_VEHTYPE" speed="10.99" pos="165.38" lane="3/3to2/3_0" slope="0.00"/>
        <vehicle id="2" x="601.65" y="484.18" angle="180.00" type="DEFAULT_VEHTYPE" speed="13.05" pos="79.43" lane="3/2to3/3_0" slope="0.00"/>
        <vehicle id="20" x="709.20" y="198.35" angle="90.00" type="DEFAULT_VEHTYPE" speed="12.92" pos="104.45" lane="3/1to4/1_0" slope="0.00"/>
        <vehicle id="21" x="311.85" y="601.65" angle="-90.00" type="DEFAULT_VEHTYPE" speed="13.38" pos="83.40" lane="2/3to1/3_0" slope="0.00"/>
        <vehicle id="22" x="201.65" y="369.36" angle="180.00" type="DEFAULT_VEHTYPE" speed="13.68" pos="164.61" lane="1/1to1/2_0" slope="0.00"/>
        <vehicle id="23" x="316.51" y="598.35" angle="90.00" type="DEFAULT_VEHTYPE" speed="13.18" pos="111.76" lane="1/3to2/3_0" slope="0.00"/>
        <vehicle id="24" x="398.35" y="460.96" angle="0.00" type="DEFAULT_VEHTYPE" speed="12.62" pos="134.29" lane="2/3to2/2_0" slope="0.00"/>
        <vehicle id="3" x="198.35" y="298.53" angle="0.00" type="DEFAULT_VEHTYPE" speed="13.88" pos="96.72" lane="1/2to1/1_0" slope="0.00"/>
        <vehicle id="4" x="268.53" y="201.65" angle="-90.00" type="DEFAULT_VEHTYPE" speed="12.93" pos="126.72" lane="2/1to1/1_0" slope="0.00"/>
        <vehicle id="5" x="201.65" y="557.57" angle="180.00" type="DEFAULT_VEHTYPE" speed="12.68" pos="152.82" lane="1/2to1/3_0" slope="0.00"/>
        <vehicle id="6" x="217.50" y="201.65" angle="-90.00" type="DEFAULT_VEHTYPE" speed="8.41" pos="177.75" lane="2/1to1/1_0" slope="0.00"/>
        <vehicle id="7" x="312.76" y="198.35" angle="90.00" type="DEFAULT_VEHTYPE" speed="13.75" pos="108.01" lane="1/1to2/1_0" slope="0.00"/>
        <vehicle id="8" x="601.65" y="455.45" angle="180.00" type="DEFAULT_VEHTYPE" speed="12.87" pos="50.70" lane="3/2to3/3_0" slope="0.00"/>
        <vehicle id="9" x="601.65" y="529.71" angle="180.00" type="DEFAULT_VEHTYPE" speed="13.46" pos="124.96" lane="3/2to3/3_0" slope="0.00"/>
    </timestep>
    <timestep time="53.00">
        <vehicle id="0" x="223.95" y="598.35" angle="90.00" type="DEFAULT_VEHTYPE" speed="13.11" pos="19.20" lane="1/3to2/3_0" slope="0.00"/>
        <vehicle id="1" x="403.14" y="601.65" angle="-90.00" type="DEFAULT_VEHTYPE" speed="7.11" pos="1.61" lane=":2/3_5_0" slope="0.00"/>
        <vehicle id="10" x="578.10" y="401.65" angle="-90.00" type="DEFAULT_VEHTYPE" speed="10.24" pos="17.15" lane="3/2to2/2_0" slope="0.00"/>
        <vehicle id="11" x="398.35" y="115.08" angle="0.00" type="DEFAULT_VEHTYPE" speed="12.81" pos="80.17" lane="2/1to2/0_0" slope="0.00"/>
        <vehicle id="12" x="278.13" y="598.35" angle="90.00" type="DEFAULT_VEHTYPE" speed="12.89" pos="73.38" lane="1/3to2/3_0" slope="0.00"/>
        <vehicle id="15" x="601.65" y="346.12" angle="180.00" type="DEFAULT_VEHTYPE" speed="12.70" pos="141.37" lane="3/1to3/2_0" slope="0.00"/>
        <vehicle id="16" x="198.35" y="213.29" angle="0.00" type="DEFAULT_VEHTYPE" speed="6.79" pos="181.96" lane="1/2to1/1_0" slope="0.00"/>
        <vehicle id="17" x="192.62" y="598.35" angle="90.00" type="DEFAULT_VEHTYPE" speed="0.38" pos="192.62" lane="0/3to1/3_0" slope="0.00"/>
        <vehicle id="19" x="422.80" y="601.65" angle="-90.00" type="DEFAULT_VEHTYPE" speed="7.07" pos="172.45" lane="3/3to2/3_0" slope="0.00"/>
        <vehicle id="2" x="601.65" y="497.87" angle="180.00" type="DEFAULT_VEHTYPE" speed="13.70" pos="93.12" lane="3/2to3/3_0" slope="0.00"/>
        <vehicle id="20" x="722.80" y="198.35" angle="90.00" type="DEFAULT_VEHTYPE" speed="13.60" pos="118.05" lane="3/1to4/1_0" slope="0.00"/>
        <vehicle id="21" x="299.20" y="601.65" angle="-90.00" type="DEFAULT_VEHTYPE" speed="12.65" pos="96.05" lane="2/3to1/3_0" slope="0.00"/>
        <vehicle id="22" x="201.65" y="379.78" angle="180.00" type="DEFAULT_VEHTYPE" speed="10.41" pos="175.03" lane="1/1to1/2_0" slope="0.00"/>
        <vehicle id="23" x="329.64" y="598.35" angle="90.00" type="DEFAULT_VEHTYPE" speed="13.13" pos="124.89" lane="1/3to2/3_0" slope="0.00"/>
        <vehicle id="24" x="398.35" y="447.69" angle="0.00" type="DEFAULT_VEHTYPE" speed="13.27" pos="147.56" lane="2/3to2/2_0" slope="0.00"/>
        <vehicle id="3" x="198.35" y="285.59" angle="0.00" type="DEFAULT_VEHTYPE" speed="12.94" pos="109.66" lane="1/2to1/1_0" slope="0.00"/>
        <vehicle id="4" x="254.96" y="201.65" angle="-90.00" type="DEFAULT_VEHTYPE" speed="13.57" pos="140.29" lane="2/1to1/1_0" slope="0.00"/>
        <vehicle id="5" x="201.65" y="570.78" angle="180.00" type="DEFAULT_VEHTYPE" speed="13.22" pos="166.03" lane="1/2to1/3_0" slope="0.00"/>
        <vehicle id="6" x="212.39" y="201.65" angle="-90.00" type="DEFAULT_VEHTYPE" speed="5.11" pos="182.86" lane="2/1to1/1_0" slope="0.00"/>
        <vehicle id="7" x="325.45" y="198.35" angle="90.00" type="DEFAULT_VEHTYPE" speed="12.69" pos="120.70" lane="1/1to2/1_0" slope="0.00"/>
        <vehicle id="8" x="601.65" y="469.09" angle="180.00" type="DEFAULT_VEHTYPE" speed="13.64" pos="64.34" lane="3/2to3/3_0" slope="0.00"/>
        <vehicle id="9" x="601.65" y="543.25" angle="180.00" type="DEFAULT_VEHTYPE" speed="13.54" pos="138.50" lane="3/2to3/3_0" slope="0.00"/>
    </timestep>
    <timestep time="54.00">
        <vehicle id="0" x="236.70" y="598.35" angle="90.00" type="DEFAULT_VEHTYPE" speed="12.75" pos="31.95" lane="1/3to2/3_0" slope="0.00"/>
        <vehicle id="1" x="394.26" y="601.65" angle="-90.00" type="DEFAULT_VEHTYPE" speed="8.88" pos="0.99" lane="2/3to1/3_0" slope="0.00"/>
        <vehicle id="10" x="566.30" y="401.65" angle="-90.00" type="DEFAULT_VEHTYPE" speed="11.80" pos="28.95" lane="3/2to2/2_0" slope="0.00"/>
        <vehicle id="11" x="398.35" y="101.89" angle="0.00" type="DEFAULT_VEHTYPE" speed="13.18" pos="93.36" lane="2/1to2/0_0" slope="0.00"/>
        <vehicle id="12" x="291.14" y="598.35" angle="90.00" type="DEFAULT_VEHTYPE" speed="13.01" pos="86.39" lane="1/3to2/3_0" slope="0.00"/>
        <vehicle id="15" x="601.65" y="359.40" angle="180.00" type="DEFAULT_VEHTYPE" speed="13.28" pos="154.65" lane="3/1to3/2_0" slope="0.00"/>
        <vehicle id="16" x="198.35" y="209.47" angle="0.00" type="DEFAULT_VEHTYPE" speed="3.82" pos="185.78" lane="1/2to1/1_0" slope="0.00"/>
        <vehicle id="17" x="192.72" y="598.35" angle="90.00" type="DEFAULT_VEHTYPE" speed="0.11" pos="192.72" lane="0/3to1/3_0" slope="0.00"/>
        <vehicle id="19" x="415.37" y="601.65" angle="-90.00" type="DEFAULT_VEHTYPE" speed="7.43" pos="179.88" lane="3/3to2/3_0" slope="0.00"/>
        <vehicle id="2" x="601.65" y="511.51" angle="180.00" type="DEFAULT_VEHTYPE" speed="13.63" pos="106.76" lane="3/2to3/3_0" slope="0.00"/>
        <vehicle id="20" x="735.80" y="198.35" angle="90.00" type="DEFAULT_VEHTYPE" speed="13.00" pos="131.05" lane="3/1to4/1_0" slope="0.00"/>
        <vehicle id="21" x="285.30" y="601.65" angle="-90.00" type="DEFAULT_VEHTYPE" speed="13.90" pos="109.95" lane="2/3to1/3_0" slope="0.00"/>
        <vehicle id="22" x="201.65" y="386.36" angle="180.00" type="DEFAULT_VEHTYPE" speed="6.58" pos="181.61" lane="1/1to1/2_0" slope="0.00"/>
        <vehicle id="23" x="342.65" y="598.35" angle="90.00" type="DEFAULT_VEHTYPE" speed="13.01" pos="137.90" lane="1/3to2/3_0" slope="0.00"/>
        <vehicle id="24" x="398.35" y="435.08" angle="0.00" type="DEFAULT_VEHTYPE" speed="12.61" pos="160.17" lane="2/3to2/2_0" slope="0.00"/>
        <vehicle id="3" x="198.35" y="272.47" angle="0.00" type="DEFAULT_VEHTYPE" speed="13.12" pos="122.78" lane="1/2to1/1_0" slope="0.00"/>
        <vehicle id="4" x="241.49" y="201.65" angle="-90.00" type="DEFAULT_VEHTYPE" speed="13.48" pos="153.76" lane="2/1to1/1_0" slope="0.00"/>
        <vehicle id="5" x="201.65" y="584.53" angle="180.00" type="DEFAULT_VEHTYPE" speed="13.75" pos="179.78" lane="1/2to1/3_0" slope="0.00"/>
        <vehicle id="6" x="209.12" y="201.65" angle="-90.00" type="DEFAULT_VEHTYPE" speed="3.27" pos="186.13" lane="2/1to1/1_0" slope="0.00"/>
        <vehicle id="7" x="338.95" y="198.35" angle="90.00" type="DEFAULT_VEHTYPE" speed="13.50" pos="134.20" lane="1/1to2/1_0" slope="0.00"/>
        <vehicle id="8" x="601.65" y="482.92" angle="180.00" type="DEFAULT_VEHTYPE" speed="13.82" pos="78.17" lane="3/2to3/3_0" slope="0.00"/>
        <vehicle id="9" x="601.65" y="556.84" angle="180.00" type="DEFAULT_VEHTYPE" speed="13.58" pos="152.09" lane="3/2to3/3_0" slope="0.00"/>
    </timestep>
    <timestep time="55.00">
        <vehicle id="0" x="249.68" y="598.35" angle="90.00" type="DEFAULT_VEHTYPE" speed="12.98" pos="44.93" lane="1/3to2/3_0" slope="0.00"/>
        <vehicle id="1" x="383.50" y="601.65" angle="-90.00" type="DEFAULT_VEHTYPE" speed="10.77" pos="11.75" lane="2/3to1/3_0" slope="0.00"/>
        <vehicle id="10" x="552.54" y="401.65" angle="-90.00" type="DEFAULT_VEHTYPE" speed="13.77" pos="42.71" lane="3/2to2/2_0" slope="0.00"/>
        <vehicle id="11" x="398.35" y="88.75" angle="0.00" type="DEFAULT_VEHTYPE" speed="13.15" pos="106.50" lane="2/1to2/0_0" slope="0.00"/>
        <vehicle id="12" x="304.78" y="598.35" angle="90.00" type="DEFAULT_VEHTYPE" speed="13.64" pos="100.03" lane="1/3to2/3_0" slope="0.00"/>
        <vehicle id="15" x="601.65" y="372.66" angle="180.00" type="DEFAULT_VEHTYPE" speed="13.26" pos="167.91" lane="3/1to3/2_0" slope="0.00"/>
        <vehicle id="16" x="198.47" y="203.90" angle="1.40" type="DEFAULT_VEHTYPE" speed="5.58" pos="0.86" lane=":1/1_2_0" slope="0.00"/>
        <vehicle id="17" x="192.74" y="598.35" angle="90.00" type="DEFAULT_VEHTYPE" speed="0.02" pos="192.74" lane="0/3to1/3_0" slope="0.00"/>
        <vehicle id="19" x="411.13" y="601.65" angle="-90.00" type="DEFAULT_VEHTYPE" speed="4.24" pos="184.12" lane="3/3to2/3_0" slope="0.00"/>
        <vehicle id="2" x="601.65" y="524.64" angle="180.00" type="DEFAULT_VEHTYPE" speed="13.13" pos="119.89" lane="3/2to3/3_0" slope="0.00"/>
        <vehicle id="20" x="748.58" y="198.35" angle="90.00" type="DEFAULT_VEHTYPE" speed="12.78" pos="143.83" lane="3/1to4/1_0" slope="0.00"/>
        <vehicle id="21" x="272.37" y="601.65" angle="-90.00" type="DEFAULT_VEHTYPE" speed="12.93" pos="122.88" lane="2/3to1/3_0" slope="0.00"/>
        <vehicle id="22" x="201.65" y="389.49" angle="180.00" type="DEFAULT_VEHTYPE" speed="3.13" pos="184.74" lane="1/1to1/2_0" slope="0.00"/>
        <vehicle id="23" x="356.09" y="598.35" angle="90.00" type="DEFAULT_VEHTYPE" speed="13.44" pos="151.34" lane="1/3to2/3_0" slope="0.00"/>
        <vehicle id="24" x="398.35" y="421.31" angle="0.00" type="DEFAULT_VEHTYPE" speed="13.77" pos="173.94" lane="2/3to2/2_0" slope="0.00"/>
        <vehicle id="3" x="198.35" y="259.44" angle="0.00" type="DEFAULT_VEHTYPE" speed="13.03" pos="135.81" lane="1/2to1/1_0" slope="0.00"/>
        <vehicle id="4" x="231.26" y="201.65" angle="-90.00" type="DEFAULT_VEHTYPE" speed="10.23" pos="163.99" lane="2/1to1/1_0" slope="0.00"/>
        <vehicle id="5" x="202.56" y="597.66" angle="169.13" type="DEFAULT_VEHTYPE" speed="13.38" pos="2.66" lane=":1/3_8_0" slope="0.00"/>
        <vehicle id="6" x="204.14" y="201.74" angle="-90.98" type="DEFAULT_VEHTYPE" speed="4.99" pos="0.62" lane=":1/1_4_0" slope="0.00"/>
        <vehicle id="7" x="351.65" y="198.35" angle="90.00" type="DEFAULT_VEHTYPE" speed="12.71" pos="146.90" lane="1/1to2/1_0" slope="0.00"/>
        <vehicle id="8" x="601.65" y="495.71" angle="180.00" type="DEFAULT_VEHTYPE" speed="12.79" pos="90.96" lane="3/2to3/3_0" slope="0.00"/>
        <vehicle id="9" x="601.65" y="570.07" angle="180.00" type="DEFAULT_VEHTYPE" speed="13.24" pos="165.32" lane="3/2to3/3_0" slope="0.00"/>
    </timestep>
    <timestep time="56.00">
        <vehicle id="0" x="263.08" y="598.35" angle="90.00" type="DEFAULT_VEHTYPE" speed="13.40" pos="58.33" lane="1/3to2/3_0" slope="0.00"/>
        <vehicle id="1" x="371.37" y="601.65" angle="-90.00" type="DEFAULT_VEHTYPE" speed="12.12" pos="23.88" lane="2/3to1/3_0" slope="0.00"/>
        <vehicle id="10" x="539.72" y="401.65" angle="-90.00" type="DEFAULT_VEHTYPE" speed="12.81" pos="55.53" lane="3/2to2/2_0" slope="0.00"/>
        <vehicle id="11" x="398.35" y="75.62" angle="0.00" type="DEFAULT_VEHTYPE" speed="13.13" pos="119.63" lane="2/1to2/0_0" slope="0.00"/>
        <vehicle id="12" x="317.88" y="598.35" angle="90.00" type="DEFAULT_VEHTYPE" speed="13.11" pos="113.13" lane="1/3to2/3_0" slope="0.00"/>
        <vehicle id="15" x="601.65" y="386.56" angle="180.00" type="DEFAULT_VEHTYPE" speed="13.90" pos="181.81" lane="3/1to3/2_0" slope="0.00"/>
        <vehicle id="16" x="202.67" y="198.65" angle="51.37" type="DEFAULT_VEHTYPE" speed="7.35" pos="1.07" lane=":1/1_16_0" slope="0.00"/>
        <vehicle id="17" x="192.74" y="598.35" angle="90.00" type="DEFAULT_VEHTYPE" speed="0.00" pos="192.74" lane="0/3to1/3_0" slope="0.00"/>
        <vehicle id="19" x="405.33" y="601.65" angle="-90.00" type="DEFAULT_VEHTYPE" speed="5.79" pos="189.92" lane="3/3to2/3_0" slope="0.00"/>
        <vehicle id="2" x="601.65" y="538.04" angle="180.00" type="DEFAULT_VEHTYPE" speed="13.40" pos="133.29" lane="3/2to3/3_0" slope="0.00"/>
        <vehicle id="20" x="761.74" y="198.35" angle="90.00" type="DEFAULT_VEHTYPE" speed="13.16" pos="156.99" lane="3/1to4/1_0" slope="0.00"/>
        <vehicle id="21" x="259.12" y="601.65" angle="-90.00" type="DEFAULT_VEHTYPE" speed="13.25" pos="136.13" lane="2/3to1/3_0" slope="0.00"/>
        <vehicle id="22" x="201.65" y="395.18" angle="180.00" type="DEFAULT_VEHTYPE" speed="5.69" pos="190.43" lane="1/1to1/2_0" slope="0.00"/>
        <vehicle id="23" x="369.91" y="598.35" angle="90.00" type="DEFAULT_VEHTYPE" speed="13.83" pos="165.16" lane="1/3to2/3_0" slope="0.00"/>
        <vehicle id="24" x="398.35" y="408.04" angle="0.00" type="DEFAULT_VEHTYPE" speed="13.27" pos="187.21" lane="2/3to2/2_0" slope="0.00"/>
        <vehicle id="3" x="198.35" y="246.78" angle="0.00" type="DEFAULT_VEHTYPE" speed="12.66" pos="148.47" lane="1/2to1/1_0" slope="0.00"/>
        <vehicle id="4" x="221.53" y="201.65" angle="-90.00" type="DEFAULT_VEHTYPE" speed="9.73" pos="173.72" lane="2/1to1/1_0" slope="0.00"/>
        <vehicle id="5" x="215.89" y="598.35" angle="90.00" type="DEFAULT_VEHTYPE" speed="13.48" pos="11.14" lane="1/3to2/3_0" slope="0.00"/>
        <vehicle id="6" x="201.65" y="207.86" angle="-174.65" type="DEFAULT_VEHTYPE" speed="7.49" pos="3.11" lane="1/1to1/2_0" slope="0.00"/>
        <vehicle id="7" x="364.34" y="198.35" angle="90.00" type="DEFAULT_VEHTYPE" speed="12.68" pos="159.59" lane="1/1to2/1_0" slope="0.00"/>
        <vehicle id="8" x="601.65" y="509.56" angle="180.00" type="DEFAULT_VEHTYPE" speed="13.85" pos="104.81" lane="3/2to3/3_0" slope="0.00"/>
        <vehicle id="9" x="601.65" y="583.44" angle="180.00" type="DEFAULT_VEHTYPE" speed="13.37" pos="178.69" lane="3/2to3/3_0" slope="0.00"/>
    </timestep>
    <timestep time="57.00">
        <vehicle id="0" x="276.64" y="598.35" angle="90.00" type="DEFAULT_VEHTYPE" speed="13.55" pos="71.89" lane="1/3to2/3_0" slope="0.00"/>
        <vehicle id="1" x="358.27" y="601.65" angle="-90.00" type="DEFAULT_VEHTYPE" speed="13.10" pos="36.98" lane="2/3to1/3_0" slope="0.00"/>
        <vehicle id="10" x="525.99" y="401.65" angle="-90.00" type="DEFAULT_VEHTYPE" speed="13.73" pos="69.26" lane="3/2to2/2_0" slope="0.00"/>
        <vehicle id="11" x="398.35" y="62.57" angle="0.00" type="DEFAULT_VEHTYPE" speed="13.05" pos="132.68" lane="2/1to2/0_0" slope="0.00"/>
        <vehicle id="12" x="330.67" y="598.35" angle="90.00" type="DEFAULT_VEHTYPE" speed="12.78" pos="125.92" lane="1/3to2/3_0" slope="0.00"/>
        <vehicle id="15" x="601.65" y="399.79" angle="180.00" type="DEFAULT_VEHTYPE" speed="13.23" pos="4.54" lane=":3/2_9_0" slope="0.00"/>
        <vehicle id="16" x="212.20" y="198.35" angle="90.00" type="DEFAULT_VEHTYPE" speed="9.55" pos="7.45" lane="1/1to2/1_0" slope="0.00"/>
        <vehicle id="17" x="194.22" y="598.35" angle="90.00" type="DEFAULT_VEHTYPE" speed="1.48" pos="194.22" lane="0/3to1/3_0" slope="0.00"/>
        <vehicle id="19" x="397.44" y="601.65" angle="-90.00" type="DEFAULT_VEHTYPE" speed="7.89" pos="7.31" lane=":2/3_5_0" slope="0.00"/>
        <vehicle id="2" x="601.65" y="550.75" angle="180.00" type="DEFAULT_VEHTYPE" speed="12.70" pos="146.00" lane="3/2to3/3_0" slope="0.00"/>
        <vehicle id="20" x="774.64" y="198.35" angle="90.00" type="DEFAULT_VEHTYPE" speed="12.90" pos="169.89" lane="3/1to4/1_0" slope="0.00"/>
        <vehicle id="21" x="246.27" y="601.65" angle="-90.00" type="DEFAULT_VEHTYPE" speed="12.85" pos="148.98" lane="2/3to1/3_0" slope="0.00"/>
        <vehicle id="22" x="198.53" y="400.96" angle="-143.19" type="DEFAULT_VEHTYPE" speed="7.00" pos="6.93" lane=":1/2_10_0" slope="0.00"/>
        <vehicle id="23" x="379.33" y="598.35" angle="90.00" type="DEFAULT_VEHTYPE" speed="9.42" pos="174.58" lane="1/3to2/3_0" slope="0.00"/>
        <vehicle id="24" x="390.93" y="401.65" angle="-88.90" type="DEFAULT_VEHTYPE" speed="12.60" pos="4.32" lane="2/2to1/2_0" slope="0.00"/>
        <vehicle id="3" x="198.35" y="233.28" angle="0.00" type="DEFAULT_VEHTYPE" speed="13.49" pos="161.97" lane="1/2to1/1_0" slope="0.00"/>
        <vehicle id="4" x="214.48" y="201.65" angle="-90.00" type="DEFAULT_VEHTYPE" speed="7.04" pos="180.77" lane="2/1to1/1_0" slope="0.00"/>
        <vehicle id="5" x="229.75" y="598.35" angle="90.00" type="DEFAULT_VEHTYPE" speed="13.86" pos="25.00" lane="1/3to2/3_0" slope="0.00"/>
        <vehicle id="6" x="201.65" y="217.41" angle="180.00" type="DEFAULT_VEHTYPE" speed="9.55" pos="12.66" lane="1/1to1/2_0" slope="0.00"/>
        <vehicle id="7" x="375.42" y="198.35" angle="90.00" type="DEFAULT_VEHTYPE" speed="11.08" pos="170.67" lane="1/1to2/1_0" slope="0.00"/>
        <vehicle id="8" x="601.65" y="522.33" angle="180.00" type="DEFAULT_VEHTYPE" speed="12.77" pos="117.58" lane="3/2to3/3_0" slope="0.00"/>
        <vehicle id="9" x="601.65" y="596.84" angle="180.00" type="DEFAULT_VEHTYPE" speed="13.40" pos="1.59" lane=":3/3_9_0" slope="0.00"/>
    </timestep>
    <timestep time="58.00">
        <vehicle id="0" x="290.42" y="598.35" angle="90.00" type="DEFAULT_VEHTYPE" speed="13.79" pos="85.67" lane="1/3to2/3_0" slope="0.00"/>
        <vehicle id="1" x="344.51" y="601.65" angle="-90.00" type="DEFAULT_VEHTYPE" speed="13.77" pos="50.74" lane="2/3to1/3_0" slope="0.00"/>
        <vehicle id="10" x="513.30" y="401.65" angle="-90.00" type="DEFAULT_VEHTYPE" speed="12.70" pos="81.95" lane="3/2to2/2_0" slope="0.00"/>
        <vehicle id="11" x="398.35" y="48.94" angle="0.00" type="DEFAULT_VEHTYPE" speed="13.63" pos="146.31" lane="2/1to2/0_0" slope="0.00"/>
        <vehicle id="12" x="343.38" y="598.35" angle="90.00" type="DEFAULT_VEHTYPE" speed="12.71" pos="138.63" lane="1/3to2/3_0" slope="0.00"/>
        <vehicle id="15" x="601.65" y="413.01" angle="180.00" type="DEFAULT_VEHTYPE" speed="13.22" pos="8.26" lane="3/2to3/3_0" slope="0.00"/>
        <vehicle id="16" x="224.19" y="198.35" angle="90.00" type="DEFAULT_VEHTYPE" speed="12.00" pos="19.44" lane="1/1to2/1_0" slope="0.00"/>
        <vehicle id="17" x="197.11" y="598.35" angle="90.00" type="DEFAULT_VEHTYPE" speed="2.88" pos="1.86" lane=":1/3_13_0" slope="0.00"/>
        <vehicle id="19" x="388.04" y="601.65" angle="-90.00" type="DEFAULT_VEHTYPE" speed="9.40" pos="7.21" lane="2/3to1/3_0" slope="0.00"/>
        <vehicle id="2" x="601.65" y="563.87" angle="180.00" type="DEFAULT_VEHTYPE" speed="13.13" pos="159.12" lane="3/2to3/3_0" slope="0.00"/>
        <vehicle id="20" x="788.40" y="198.35" angle="90.00" type="DEFAULT_VEHTYPE" speed="13.75" pos="183.65" lane="3/1to4/1_0" slope="0.00"/>
        <vehicle id="21" x="233.63" y="601.65" angle="-90.00" type="DEFAULT_VEHTYPE" speed="12.64" pos="161.62" lane="2/3to1/3_0" slope="0.00"/>
        <vehicle id="22" x="190.21" y="401.65" angle="-90.00" type="DEFAULT_VEHTYPE" speed="8.43" pos="5.04" lane="1/2to0/2_0" slope="0.00"/>
        <vehicle id="23" x="386.39" y="598.35" angle="90.00" type="DEFAULT_VEHTYPE" speed="7.06" pos="181.64" lane="1/3to2/3_0" slope="0.00"/>
        <vehicle id="24" x="377.34" y="401.65" angle="-90.00" type="DEFAULT_VEHTYPE" speed="13.59" pos="17.91" lane="2/2to1/2_0" slope="0.00"/>
        <vehicle id="3" x="198.35" y="223.07" angle="0.00" type="DEFAULT_VEHTYPE" speed="10.21" pos="172.18" lane="1/2to1/1_0" slope="0.00"/>
        <vehicle id="4" x="210.64" y="201.65" angle="-90.00" type="DEFAULT_VEHTYPE" speed="3.84" pos="184.61" lane="2/1to1/1_0" slope="0.00"/>
        <vehicle id="5" x="242.66" y="598.35" angle="90.00" type="DEFAULT_VEHTYPE" speed="12.92" pos="37.91" lane="1/3to2/3_0" slope="0.00"/>
        <vehicle id="6" x="201.65" y="229.33" angle="180.00" type="DEFAULT_VEHTYPE" speed="11.92" pos="24.58" lane="1/1to1/2_0" slope="0.00"/>
        <vehicle id="7" x="383.50" y="198.35" angle="90.00" type="DEFAULT_VEHTYPE" speed="8.08" pos="178.75" lane="1/1to2/1_0" slope="0.00"/>
        <vehicle id="8" x="601.65" y="535.96" angle="180.00" type="DEFAULT_VEHTYPE" speed="13.63" pos="131.21" lane="3/2to3/3_0" slope="0.00"/>
        <vehicle id="9" x="601.65" y="609.89" angle="180.00" type="DEFAULT_VEHTYPE" speed="13.05" pos="5.14" lane="3/3to3/4_0" slope="0.00"/>
    </timestep>
    <timestep time="59.00">
        <vehicle id="0" x="304.11" y="598.35" angle="90.00" type="DEFAULT_VEHTYPE" speed="13.69" pos="99.36" lane="1/3to2/3_0" slope="0.00"/>
        <vehicle id="1" x="331.87" y="601.65" angle="-90.00" type="DEFAULT_VEHTYPE" speed="12.63" pos="63.38" lane="2/3to1/3_0" slope="0.00"/>
        <vehicle id="10" x="500.02" y="401.65" angle="-90.00" type="DEFAULT_VEHTYPE" speed="13.28" pos="95.23" lane="3/2to2/2_0" slope="0.00"/>
        <vehicle id="11" x="398.35" y="35.85" angle="0.00" type="DEFAULT_VEHTYPE" speed="13.09" pos="159.40" lane="2/1to2/0_0" slope="0.00"/>
        <vehicle id="12" x="356.09" y="598.35" angle="90.00" type="DEFAULT_VEHTYPE" speed="12.71" pos="151.34" lane="1/3to2/3_0" slope="0.00"/>
        <vehicle id="15" x="601.65" y="425.90" angle="180.00" type="DEFAULT_VEHTYPE" speed="12.89" pos="21.15" lane="3/2to3/3_0" slope="0.00"/>
        <vehicle id="16" x="238.06" y="198.35" angle="90.00" type="DEFAULT_VEHTYPE" speed="13.87" pos="33.31" lane="1/1to2/1_0" slope="0.00"/>
        <vehicle id="17" x="201.93" y="598.35" angle="90.00" type="DEFAULT_VEHTYPE" speed="4.82" pos="6.68" lane=":1/3_13_0" slope="0.00"/>
        <vehicle id="19" x="377.28" y="601.65" angle="-90.00" type="DEFAULT_VEHTYPE" speed="10.76" pos="17.97" lane="2/3to1/3_0" slope="0.00"/>
        <vehicle id="2" x="601.65" y="577.33" angle="180.00" type="DEFAULT_VEHTYPE" speed="13.45" pos="172.58" lane="3/2to3/3_0" slope="0.00"/>
        <vehicle id="20" x="801.50" y="199.70" angle="106.92" type="DEFAULT_VEHTYPE" speed="13.68" pos="2.07" lane=":4/1_0_0" slope="0.00"/>
        <vehicle id="21" x="222.40" y="601.65" angle="-90.00" type="DEFAULT_VEHTYPE" speed="11.23" pos="172.85" lane="2/3to1/3_0" slope="0.00"/>
        <vehicle id="22" x="179.53" y="401.65" angle="-90.00" type="DEFAULT_VEHTYPE" speed="10.69" pos="15.72" lane="1/2to0/2_0" slope="0.00"/>
        <vehicle id="23" x="389.57" y="598.35" angle="90.00" type="DEFAULT_VEHTYPE" speed="3.18" pos="184.82" lane="1/3to2/3_0" slope="0.00"/>
        <vehicle id="24" x="364.11" y="401.65" angle="-90.00" type="DEFAULT_VEHTYPE" speed="13.23" pos="31.14" lane="2/2to1/2_0" slope="0.00"/>
        <vehicle id="3" x="198.35" y="215.74" angle="0.00" type="DEFAULT_VEHTYPE" speed="7.33" pos="179.51" lane="1/2to1/1_0" slope="0.00"/>
        <vehicle id="4" x="205.28" y="201.65" angle="-90.00" type="DEFAULT_VEHTYPE" speed="5.37" pos="189.97" lane="2/1to1/1_0" slope="0.00"/>
        <vehicle id="5" x="256.40" y="598.35" angle="90.00" type="DEFAULT_VEHTYPE" speed="13.74" pos="51.65" lane="1/3to2/3_0" slope="0.00"/>
        <vehicle id="6" x="201.65" y="243.13" angle="180.00" type="DEFAULT_VEHTYPE" speed="13.80" pos="38.38" lane="1/1to1/2_0" slope="0.00"/>
        <vehicle id="7" x="388.24" y="198.35" angle="90.00" type="DEFAULT_VEHTYPE" speed="4.74" pos="183.49" lane="1/1to2/1_0" slope="0.00"/>
        <vehicle id="8" x="601.65" y="548.77" angle="180.00" type="DEFAULT_VEHTYPE" speed="12.81" pos="144.02" lane="3/2to3/3_0" slope="0.00"/>
        <vehicle id="9" x="601.65" y="623.20" angle="180.00" type="DEFAULT_VEHTYPE" speed="13.31" pos="18.45" lane="3/3to3/4_0" slope="0.00"/>
    </timestep>
    <timestep time="60.00">
        <vehicle id="0" x="317.08" y="598.35" angle="90.00" type="DEFAULT_VEHTYPE" speed="12.96" pos="112.33" lane="1/3to2/3_0" slope="0.00"/>
        <vehicle id="1" x="318.75" y="601.65" angle="-90.00" type="DEFAULT_VEHTYPE" speed="13.12" pos="76.50" lane="2/3to1/3_0" slope="0.00"/>
        <vehicle id="10" x="486.58" y="401.65" angle="-90.00" type="DEFAULT_VEHTYPE" speed="13.44" pos="108.67" lane="3/2to2/2_0" slope="0.00"/>
        <vehicle id="11" x="398.35" y="22.34" angle="0.00" type="DEFAULT_VEHTYPE" speed="13.52" pos="172.91" lane="2/1to2/0_0" slope="0.00"/>
        <vehicle id="12" x="367.34" y="598.35" angle="90.00" type="DEFAULT_VEHTYPE" speed="11.25" pos="162.59" lane="1/3to2/3_0" slope="0.00"/>
        <vehicle id="15" x="601.65" y="439.48" angle="180.00" type="DEFAULT_VEHTYPE" speed="13.59" pos="34.73" lane="3/2to3/3_0" slope="0.00"/>
        <vehicle id="16" x="251.22" y="198.35" angle="90.00" type="DEFAULT_VEHTYPE" speed="13.15" pos="46.47" lane="1/1to2/1_0" slope="0.00"/>
        <vehicle id="17" x="209.11" y="598.35" angle="90.00" type="DEFAULT_VEHTYPE" speed="7.18" pos="4.36" lane="1/3to2/3_0" slope="0.00"/>
        <vehicle id="19" x="364.78" y="601.65" angle="-90.00" type="DEFAULT_VEHTYPE" speed="12.50" pos="30.47" lane="2/3to1/3_0" slope="0.00"/>
        <vehicle id="2" x="601.65" y="590.59" angle="180.00" type="DEFAULT_VEHTYPE" speed="13.27" pos="185.84" lane="3/2to3/3_0" slope="0.00"/>
        <vehicle id="20" x="789.42" y="201.65" angle="-90.00" type="DEFAULT_VEHTYPE" speed="13.33" pos="10.58" lane="4/1to3/1_0" slope="0.00"/>
        <vehicle id="21" x="214.56" y="601.65" angle="-90.00" type="DEFAULT_VEHTYPE" speed="7.84" pos="180.69" lane="2/3to1/3_0" slope="0.00"/>
        <vehicle id="22" x="167.22" y="401.65" angle="-90.00" type="DEFAULT_VEHTYPE" speed="12.31" pos="28.03" lane="1/2to0/2_0" slope="0.00"/>
        <vehicle id="23" x="394.67" y="598.35" angle="90.00" type="DEFAULT_VEHTYPE" speed="5.10" pos="189.92" lane="1/3to2/3_0" slope="0.00"/>
        <vehicle id="24" x="351.10" y="401.65" angle="-90.00" type="DEFAULT_VEHTYPE" speed="13.01" pos="44.15" lane="2/2to1/2_0" slope="0.00"/>
        <vehicle id="3" x="198.35" y="211.65" angle="0.00" type="DEFAULT_VEHTYPE" speed="4.09" pos="183.60" lane="1/2to1/1_0" slope="0.00"/>
        <vehicle id="4" x="201.65" y="206.68" angle="-164.43" type="DEFAULT_VEHTYPE" speed="7.45" pos="1.93" lane="1/1to1/2_0" slope="0.00"/>
        <vehicle id="5" x="269.16" y="598.35" angle="90.00" type="DEFAULT_VEHTYPE" speed="12.76" pos="64.41" lane="1/3to2/3_0" slope="0.00"/>
        <vehicle id="6" x="201.65" y="256.27" angle="180.00" type="DEFAULT_VEHTYPE" speed="13.14" pos="51.52" lane="1/1to1/2_0" slope="0.00"/>
        <vehicle id="7" x="391.25" y="198.35" angle="90.00" type="DEFAULT_VEHTYPE" speed="3.01" pos="186.50" lane="1/1to2/1_0" slope="0.00"/>
        <vehicle id="8" x="601.65" y="562.18" angle="180.00" type="DEFAULT_VEHTYPE" speed="13.41" pos="157.43" lane="3/2to3/3_0" slope="0.00"/>
        <vehicle id="9" x="601.65" y="635.97" angle="180.00" type="DEFAULT_VEHTYPE" speed="12.77" pos="31.22" lane="3/3to3/4_0" slope="0.00"/>
    </timestep>
    <timestep time="61.00">
        <vehicle id="0" x="330.10" y="598.35" angle="90.00" type="DEFAULT_VEHTYPE" speed="13.02" pos="125.35" lane="1/3to2/3_0" slope="0.00"/>
        <vehicle id="1" x="306.07" y="601.65" angle="-90.00" type="DEFAULT_VEHTYPE" speed="12.69" pos="89.18" lane="2/3to1/3_0" slope="0.00"/>
        <vehicle id="10" x="473.78" y="401.65" angle="-90.00" type="DEFAULT_VEHTYPE" speed="12.80" pos="121.47" lane="3/2to2/2_0" slope="0.00"/>
        <vehicle id="11" x="398.35" y="8.51" angle="0.00" type="DEFAULT_VEHTYPE" speed="13.83" pos="186.74" lane="2/1to2/0_0" slope="0.00"/>
        <vehicle id="12" x="377.89" y="598.35" angle="90.00" type="DEFAULT_VEHTYPE" speed="10.55" pos="173.14" lane="1/3to2/3_0" slope="0.00"/>
        <vehicle id="15" x="601.65" y="452.26" angle="180.00" type="DEFAULT_VEHTYPE" speed="12.78" pos="47.51" lane="3/2to3/3_0" slope="0.00"/>
        <vehicle id="16" x="264.51" y="198.35" angle="90.00" type="DEFAULT_VEHTYPE" speed="13.29" pos="59.76" lane="1/1to2/1_0" slope="0.00"/>
        <vehicle id="17" x="217.89" y="598.35" angle="90.00" type="DEFAULT_VEHTYPE" speed="8.79" pos="13.14" lane="1/3to2/3_0" slope="0.00"/>
        <vehicle id="19" x="351.68" y="601.65" angle="-90.00" type="DEFAULT_VEHTYPE" speed="13.11" pos="43.57" lane="2/3to1/3_0" slope="0.00"/>
        <vehicle id="2" x="607.88" y="598.35" angle="95.20" type="DEFAULT_VEHTYPE" speed="12.79" pos="3.13" lane="3/3to4/3_0" slope="0.00"/>
        <vehicle id="20" x="776.58" y="201.65" angle="-90.00" type="DEFAULT_VEHTYPE" speed="12.84" pos="23.42" lane="4/1to3/1_0" slope="0.00"/>
        <vehicle id="21" x="210.31" y="601.65" angle="-90.00" type="DEFAULT_VEHTYPE" speed="4.25" pos="184.94" lane="2/3to1/3_0" slope="0.00"/>
        <vehicle id="22" x="153.79" y="401.65" angle="-90.00" type="DEFAULT_VEHTYPE" speed="13.43" pos="41.46" lane="1/2to0/2_0" slope="0.00"/>
        <vehicle id="23" x="398.35" y="594.16" angle="26.57" type="DEFAULT_VEHTYPE" speed="6.67" pos="1.09" lane="2/3to2/2_0" slope="0.00"/>
        <vehicle id="24" x="337.43" y="401.65" angle="-90.00" type="DEFAULT_VEHTYPE" speed="13.67" pos="57.82" lane="2/2to1/2_0" slope="0.00"/>
        <vehicle id="3" x="198.35" y="205.78" angle="0.00" type="DEFAULT_VEHTYPE" speed="5.87" pos="189.47" lane="1/2to1/1_0" slope="0.00"/>
        <vehicle id="4" x="201.65" y="216.04" angle="180.00" type="DEFAULT_VEHTYPE" speed="9.36" pos="11.29" lane="1/1to1/2_0" slope="0.00"/>
        <vehicle id="5" x="281.88" y="598.35" angle="90.00" type="DEFAULT_VEHTYPE" speed="12.71" pos="77.13" lane="1/3to2/3_0" slope="0.00"/>
        <vehicle id="6" x="201.65" y="269.78" angle="180.00" type="DEFAULT_VEHTYPE" speed="13.51" pos="65.03" lane="1/1to1/2_0" slope="0.00"/>
        <vehicle id="7" x="395.80" y="198.35" angle="90.00" type="DEFAULT_VEHTYPE" speed="4.55" pos="0.55" lane=":2/1_13_0" slope="0.00"/>
        <vehicle id="8" x="601.65" y="575.84" angle="180.00" type="DEFAULT_VEHTYPE" speed="13.66" pos="171.09" lane="3/2to3/3_0" slope="0.00"/>
        <vehicle id="9" x="601.65" y="649.30" angle="180.00" type="DEFAULT_VEHTYPE" speed="13.33" pos="44.55" lane="3/3to3/4_0" slope="0.00"/>
    </timestep>
    <timestep time="62.00">
        <vehicle id="0" x="343.95" y="598.35" angle="90.00" type="DEFAULT_VEHTYPE" speed="13.85" pos="139.20" lane="1/3to2/3_0" slope="0.00"/>
        <vehicle id="1" x="292.47" y="601.65" angle="-90.00" type="DEFAULT_VEHTYPE" speed="13.59" pos="102.78" lane="2/3to1/3_0" slope="0.00"/>
        <vehicle id="10" x="460.35" y="401.65" angle="-90.00" type="DEFAULT_VEHTYPE" speed="13.43" pos="134.90" lane="3/2to2/2_0" slope="0.00"/>
        <vehicle id="11" x="401.65" y="0.15" angle="91.91" type="DEFAULT_VEHTYPE" speed="13.47" pos="0.15" lane="2/0to2/1_0" slope="0.00"/>
        <vehicle id="12" x="385.29" y="598.35" angle="90.00" type="DEFAULT_VEHTYPE" speed="7.40" pos="180.54" lane="1/3to2/3_0" slope="0.00"/>
        <vehicle id="15" x="601.65" y="465.40" angle="180.00" type="DEFAULT_VEHTYPE" speed="13.14" pos="60.65" lane="3/2to3/3_0" slope="0.00"/>
        <vehicle id="16" x="277.56" y="198.35" angle="90.00" type="DEFAULT_VEHTYPE" speed="13.05" pos="72.81" lane="1/1to2/1_0" slope="0.00"/>
        <vehicle id="17" x="228.97" y="598.35" angle="90.00" type="DEFAULT_VEHTYPE" speed="11.07" pos="24.22" lane="1/3to2/3_0" slope="0.00"/>
        <vehicle id="19" x="338.75" y="601.65" angle="-90.00" type="DEFAULT_VEHTYPE" speed="12.93" pos="56.50" lane="2/3to1/3_0" slope="0.00"/>
        <vehicle id="2" x="621.70" y="598.35" angle="90.00" type="DEFAULT_VEHTYPE" speed="13.82" pos="16.95" lane="3/3to4/3_0" slope="0.00"/>
        <vehicle id="20" x="762.90" y="201.65" angle="-90.00" type="DEFAULT_VEHTYPE" speed="13.68" pos="37.10" lane="4/1to3/1_0" slope="0.00"/>
        <vehicle id="21" x="204.27" y="601.58" angle="-89.21" type="DEFAULT_VEHTYPE" speed="6.04" pos="0.49" lane=":1/3_6_0" slope="0.00"/>
        <vehicle id="22" x="140.37" y="401.65" angle="-90.00" type="DEFAULT_VEHTYPE" speed="13.42" pos="54.88" lane="1/2to0/2_0" slope="0.00"/>
        <vehicle id="23" x="398.35" y="585.94" angle="0.00" type="DEFAULT_VEHTYPE" speed="8.22" pos="9.31" lane="2/3to2/2_0" slope="0.00"/>
        <vehicle id="24" x="324.11" y="401.65" angle="-90.00" type="DEFAULT_VEHTYPE" speed="13.32" pos="71.14" lane="2/2to1/2_0" slope="0.00"/>
        <vehicle id="3" x="201.65" y="206.73" angle="146.84" type="DEFAULT_VEHTYPE" speed="7.83" pos="1.98" lane="1/1to1/2_0" slope="0.00"/>
        <vehicle id="4" x="201.65" y="227.15" angle="180.00" type="DEFAULT_VEHTYPE" speed="11.11" pos="22.40" lane="1/1to1/2_0" slope="0.00"/>
        <vehicle id="5" x="295.54" y="598.35" angle="90.00" type="DEFAULT_VEHTYPE" speed="13.66" pos="90.79" lane="1/3to2/3_0" slope="0.00"/>
        <vehicle id="6" x="201.65" y="283.40" angle="180.00" type="DEFAULT_VEHTYPE" speed="13.62" pos="78.65" lane="1/1to1/2_0" slope="0.00"/>
        <vehicle id="7" x="402.44" y="198.35" angle="90.00" type="DEFAULT_VEHTYPE" speed="6.64" pos="7.19" lane=":2/1_13_0" slope="0.00"/>
        <vehicle id="8" x="601.65" y="589.66" angle="180.00" type="DEFAULT_VEHTYPE" speed="13.83" pos="184.91" lane="3/2to3/3_0" slope="0.00"/>
        <vehicle id="9" x="601.65" y="662.56" angle="180.00" type="DEFAULT_VEHTYPE" speed="13.25" pos="57.81" lane="3/3to3/4_0" slope="0.00"/>
    </timestep>
    <timestep time="63.00">
        <vehicle id="0" x="357.33" y="598.35" angle="90.00" type="DEFAULT_VEHTYPE" speed="13.38" pos="152.58" lane="1/3to2/3_0" slope="0.00"/>
        <vehicle id="1" x="278.81" y="601.65" angle="-90.00" type="DEFAULT_VEHTYPE" speed="13.66" pos="116.44" lane="2/3to1/3_0" slope="0.00"/>
        <vehicle id="10" x="447.05" y="401.65" angle="-90.00" type="DEFAULT_VEHTYPE" speed="13.30" pos="148.20" lane="3/2to2/2_0" slope="0.00"/>
        <vehicle id="11" x="401.65" y="13.83" angle="180.00" type="DEFAULT_VEHTYPE" speed="13.69" pos="13.83" lane="2/0to2/1_0" slope="0.00"/>
        <vehicle id="12" x="389.36" y="598.35" angle="90.00" type="DEFAULT_VEHTYPE" speed="4.07" pos="184.61" lane="1/3to2/3_0" slope="0.00"/>
        <vehicle id="15" x="601.65" y="478.51" angle="180.00" type="DEFAULT_VEHTYPE" speed="13.11" pos="73.76" lane="3/2to3/3_0" slope="0.00"/>
        <vehicle id="16" x="290.73" y="198.35" angle="90.00" type="DEFAULT_VEHTYPE" speed="13.18" pos="85.98" lane="1/1to2/1_0" slope="0.00"/>
        <vehicle id="17" x="242.60" y="598.35" angle="90.00" type="DEFAULT_VEHTYPE" speed="13.63" pos="37.85" lane="1/3to2/3_0" slope="0.00"/>
        <vehicle id="19" x="325.85" y="601.65" angle="-90.00" type="DEFAULT_VEHTYPE" speed="12.90" pos="69.40" lane="2/3to1/3_0" slope="0.00"/>
        <vehicle id="2" x="634.31" y="598.35" angle="90.00" type="DEFAULT_VEHTYPE" speed="12.61" pos="29.56" lane="3/3to4/3_0" slope="0.00"/>
        <vehicle id="20" x="749.55" y="201.65" angle="-90.00" type="DEFAULT_VEHTYPE" speed="13.35" pos="50.45" lane="4/1to3/1_0" slope="0.00"/>
        <vehicle id="21" x="198.63" y="597.24" angle="-37.63" type="DEFAULT_VEHTYPE" speed="7.83" pos="8.31" lane=":1/3_6_0" slope="0.00"/>
        <vehicle id="22" x="127.71" y="401.65" angle="-90.00" type="DEFAULT_VEHTYPE" speed="12.66" pos="67.54" lane="1/2to0/2_0" slope="0.00"/>
        <vehicle id="23" x="398.35" y="576.02" angle="0.00" type="DEFAULT_VEHTYPE" speed="9.92" pos="19.23" lane="2/3to2/2_0" slope="0.00"/>
        <vehicle id="24" x="310.43" y="401.65" angle="-90.00" type="DEFAULT_VEHTYPE" speed="13.69" pos="84.82" lane="2/2to1/2_0" slope="0.00"/>
        <vehicle id="3" x="201.65" y="216.88" angle="180.00" type="DEFAULT_VEHTYPE" speed="10.15" pos="12.13" lane="1/1to1/2_0" slope="0.00"/>
        <vehicle id="4" x="201.65" y="239.88" angle="180.00" type="DEFAULT_VEHTYPE" speed="12.74" pos="35.13" lane="1/1to1/2_0" slope="0.00"/>
        <vehicle id="5" x="308.52" y="598.35" angle="90.00" type="DEFAULT_VEHTYPE" speed="12.99" pos="103.77" lane="1/3to2/3_0" slope="0.00"/>
        <vehicle id="6" x="201.65" y="296.01" angle="180.00" type="DEFAULT_VEHTYPE" speed="12.61" pos="91.26" lane="1/1to1/2_0" slope="0.00"/>
        <vehicle id="7" x="411.43" y="198.35" angle="90.00" type="DEFAULT_VEHTYPE" speed="9.00" pos="6.68" lane="2/1to3/1_0" slope="0.00"/>
        <vehicle id="8" x="607.34" y="598.35" angle="98.49" type="DEFAULT_VEHTYPE" speed="13.18" pos="2.59" lane="3/3to4/3_0" slope="0.00"/>
        <vehicle id="9" x="601.65" y="676.43" angle="180.00" type="DEFAULT_VEHTYPE" speed="13.88" pos="71.68" lane="3/3to3/4_0" slope="0.00"/>
    </timestep>
    <timestep time="64.00">
        <vehicle id="0" x="367.58" y="598.35" angle="90.00" type="DEFAULT_VEHTYPE" speed="10.25" pos="162.83" lane="1/3to2/3_0" slope="0.00"/>
        <vehicle id="1" x="265.04" y="601.65" angle="-90.00" type="DEFAULT_VEHTYPE" speed="13.77" pos="130.21" lane="2/3to1/3_0" slope="0.00"/>
        <vehicle id="10" x="434.11" y="401.65" angle="-90.00" type="DEFAULT_VEHTYPE" speed="12.94" pos="161.14" lane="3/2to2/2_0" slope="0.00"/>
        <vehicle id="11" x="401.65" y="26.99" angle="180.00" type="DEFAULT_VEHTYPE" speed="13.15" pos="26.99" lane="2/0to2/1_0" slope="0.00"/>
        <vehicle id="12" x="394.98" y="598.35" angle="90.00" type="DEFAULT_VEHTYPE" speed="5.62" pos="190.23" lane="1/3to2/3_0" slope="0.00"/>
        <vehicle id="15" x="601.65" y="491.27" angle="180.00" type="DEFAULT_VEHTYPE" speed="12.76" pos="86.52" lane="3/2to3/3_0" slope="0.00"/>
        <vehicle id="16" x="303.43" y="198.35" angle="90.00" type="DEFAULT_VEHTYPE" speed="12.69" pos="98.68" lane="1/1to2/1_0" slope="0.00"/>
        <vehicle id="17" x="255.71" y="598.35" angle="90.00" type="DEFAULT_VEHTYPE" speed="13.11" pos="50.96" lane="1/3to2/3_0" slope="0.00"/>
        <vehicle id="19" x="313.22" y="601.65" angle="-90.00" type="DEFAULT_VEHTYPE" speed="12.63" pos="82.03" lane="2/3to1/3_0" slope="0.00"/>
        <vehicle id="2" x="647.68" y="598.35" angle="90.00" type="DEFAULT_VEHTYPE" speed="13.37" pos="42.93" lane="3/3to4/3_0" slope="0.00"/>
        <vehicle id="20" x="735.69" y="201.65" angle="-90.00" type="DEFAULT_VEHTYPE" speed="13.86" pos="64.31" lane="4/1to3/1_0" slope="0.00"/>
        <vehicle id="21" x="198.35" y="587.28" angle="0.00" type="DEFAULT_VEHTYPE" speed="9.98" pos="7.97" lane="1/3to1/2_0" slope="0.00"/>
        <vehicle id="22" x="114.99" y="401.65" angle="-90.00" type="DEFAULT_VEHTYPE" speed="12.72" pos="80.26" lane="1/2to0/2_0" slope="0.00"/>
        <vehicle id="23" x="398.35" y="563.60" angle="0.00" type="DEFAULT_VEHTYPE" speed="12.42" pos="31.65" lane="2/3to2/2_0" slope="0.00"/>
        <vehicle id="24" x="296.83" y="401.65" angle="-90.00" type="DEFAULT_VEHTYPE" speed="13.60" pos="98.42" lane="2/2to1/2_0" slope="0.00"/>
        <vehicle id="3" x="201.65" y="229.02" angle="180.00" type="DEFAULT_VEHTYPE" speed="12.14" pos="24.27" lane="1/1to1/2_0" slope="0.00"/>
        <vehicle id="4" x="201.65" y="253.30" angle="180.00" type="DEFAULT_VEHTYPE" speed="13.41" pos="48.55" lane="1/1to1/2_0" slope="0.00"/>
        <vehicle id="5" x="321.27" y="598.35" angle="90.00" type="DEFAULT_VEHTYPE" speed="12.75" pos="116.52" lane="1/3to2/3_0" slope="0.00"/>
        <vehicle id="6" x="201.65" y="309.02" angle="180.00" type="DEFAULT_VEHTYPE" speed="13.01" pos="104.27" lane="1/1to1/2_0" slope="0.00"/>
        <vehicle id="7" x="421.96" y="198.35" angle="90.00" type="DEFAULT_VEHTYPE" speed="10.53" pos="17.21" lane="2/1to3/1_0" slope="0.00"/>
        <vehicle id="8" x="621.02" y="598.35" angle="90.00" type="DEFAULT_VEHTYPE" speed="13.68" pos="16.27" lane="3/3to4/3_0" slope="0.00"/>
        <vehicle id="9" x="601.65" y="689.82" angle="180.00" type="DEFAULT_VEHTYPE" speed="13.39" pos="85.07" lane="3/3to3/4_0" slope="0.00"/>
    </timestep>
    <timestep time="65.00">
        <vehicle id="0" x="378.21" y="598.35" angle="90.00" type="DEFAULT_VEHTYPE" speed="10.64" pos="173.46" lane="1/3to2/3_0" slope="0.00"/>
        <vehicle id="1" x="251.94" y="601.65" angle="-90.00" type="DEFAULT_VEHTYPE" speed="13.10" pos="143.31" lane="2/3to1/3_0" slope="0.00"/>
        <vehicle id="10" x="423.07" y="401.65" angle="-90.00" type="DEFAULT_VEHTYPE" speed="11.04" pos="172.18" lane="3/2to2/2_0" slope="0.00"/>
        <vehicle id="11" x="401.65" y="40.13" angle="180.00" type="DEFAULT_VEHTYPE" speed="13.14" pos="40.13" lane="2/0to2/1_0" slope="0.00"/>
        <vehicle id="12" x="400.91" y="601.38" angle="125.78" type="DEFAULT_VEHTYPE" speed="7.10" pos="6.83" lane=":2/3_14_0" slope="0.00"/>
        <vehicle id="15" x="601.65" y="504.86" angle="180.00" type="DEFAULT_VEHTYPE" speed="13.59" pos="100.11" lane="3/2to3/3_0" slope="0.00"/>
        <vehicle id="16" x="316.14" y="198.35" angle="90.00" type="DEFAULT_VEHTYPE" speed="12.71" pos="111.39" lane="1/1to2/1_0" slope="0.00"/>
        <vehicle id="17" x="269.60" y="598.35" angle="90.00" type="DEFAULT_VEHTYPE" speed="13.89" pos="64.85" lane="1/3to2/3_0" slope="0.00"/>
        <vehicle id="19" x="299.89" y="601.65" angle="-90.00" type="DEFAULT_VEHTYPE" speed="13.33" pos="95.36" lane="2/3to1/3_0" slope="0.00"/>
        <vehicle id="2" x="661.00" y="598.35" angle="90.00" type="DEFAULT_VEHTYPE" speed="13.33" pos="56.25" lane="3/3to4/3_0" slope="0.00"/>
        <vehicle id="20" x="722.14" y="201.65" angle="-90.00" type="DEFAULT_VEHTYPE" speed="13.55" pos="77.86" lane="4/1to3/1_0" slope="0.00"/>
        <vehicle id="21" x="198.35" y="575.01" angle="0.00" type="DEFAULT_VEHTYPE" speed="12.26" pos="20.24" lane="1/3to1/2_0" slope="0.00"/>
        <vehicle id="22" x="101.85" y="401.65" angle="-90.00" type="DEFAULT_VEHTYPE" speed="13.15" pos="93.40" lane="1/2to0/2_0" slope="0.00"/>
        <vehicle id="23" x="398.35" y="550.88" angle="0.00" type="DEFAULT_VEHTYPE" speed="12.72" pos="44.37" lane="2/3to2/2_0" slope="0.00"/>
        <vehicle id="24" x="284.16" y="401.65" angle="-90.00" type="DEFAULT_VEHTYPE" speed="12.67" pos="111.09" lane="2/2to1/2_0" slope="0.00"/>
        <vehicle id="3" x="201.65" y="242.11" angle="180.00" type="DEFAULT_VEHTYPE" speed="13.09" pos="37.36" lane="1/1to1/2_0" slope="0.00"/>
        <vehicle id="4" x="201.65" y="266.97" angle="180.00" type="DEFAULT_VEHTYPE" speed="13.67" pos="62.22" lane="1/1to1/2_0" slope="0.00"/>
        <vehicle id="5" x="334.65" y="598.35" angle="90.00" type="DEFAULT_VEHTYPE" speed="13.38" pos="129.90" lane="1/3to2/3_0" slope="0.00"/>
        <vehicle id="6" x="201.65" y="321.97" angle="180.00" type="DEFAULT_VEHTYPE" speed="12.94" pos="117.22" lane="1/1to1/2_0" slope="0.00"/>
        <vehicle id="7" x="433.93" y="198.35" angle="90.00" type="DEFAULT_VEHTYPE" speed="11.97" pos="29.18" lane="2/1to3/1_0" slope="0.00"/>
        <vehicle id="8" x="634.28" y="598.35" angle="90.00" type="DEFAULT_VEHTYPE" speed="13.26" pos="29.53" lane="3/3to4/3_0" slope="0.00"/>
        <vehicle id="9" x="601.65" y="702.85" angle="180.00" type="DEFAULT_VEHTYPE" speed="13.03" pos="98.10" lane="3/3to3/4_0" slope="0.00"/>
    </timestep>
    <timestep time="66.00">
        <vehicle id="0" x="385.20" y="598.35" angle="90.00" type="DEFAULT_VEHTYPE" speed="6.98" pos="180.45" lane="1/3to2/3_0" slope="0.00"/>
        <vehicle id="1" x="238.54" y="601.65" angle="-90.00" type="DEFAULT_VEHTYPE" speed="13.40" pos="156.71" lane="2/3to1/3_0" slope="0.00"/>
        <vehicle id="10" x="415.96" y="401.65" angle="-90.00" type="DEFAULT_VEHTYPE" speed="7.11" pos="179.29" lane="3/2to2/2_0" slope="0.00"/>
        <vehicle id="11" x="401.65" y="53.07" angle="180.00" type="DEFAULT_VEHTYPE" speed="12.94" pos="53.07" lane="2/0to2/1_0" slope="0.00"/>
        <vehicle id="12" x="401.65" y="610.30" angle="180.00" type="DEFAULT_VEHTYPE" speed="9.04" pos="5.55" lane="2/3to2/4_0" slope="0.00"/>
        <vehicle id="15" x="601.65" y="518.25" angle="180.00" type="DEFAULT_VEHTYPE" speed="13.38" pos="113.50" lane="3/2to3/3_0" slope="0.00"/>
        <vehicle id="16" x="329.28" y="198.35" angle="90.00" type="DEFAULT_VEHTYPE" speed="13.14" pos="124.53" lane="1/1to2/1_0" slope="0.00"/>
        <vehicle id="17" x="282.60" y="598.35" angle="90.00" type="DEFAULT_VEHTYPE" speed="13.01" pos="77.85" lane="1/3to2/3_0" slope="0.00"/>
        <vehicle id="19" x="286.51" y="601.65" angle="-90.00" type="DEFAULT_VEHTYPE" speed="13.38" pos="108.74" lane="2/3to1/3_0" slope="0.00"/>
        <vehicle id="2" x="674.78" y="598.35" angle="90.00" type="DEFAULT_VEHTYPE" speed="13.77" pos="70.03" lane="3/3to4/3_0" slope="0.00"/>
        <vehicle id="20" x="708.37" y="201.65" angle="-90.00" type="DEFAULT_VEHTYPE" speed="13.76" pos="91.63" lane="4/1to3/1_0" slope="0.00"/>
        <vehicle id="21" x="198.35" y="561.92" angle="0.00" type="DEFAULT_VEHTYPE" speed="13.09" pos="33.33" lane="1/3to1/2_0" slope="0.00"/>
        <vehicle id="22" x="88.00" y="401.65" angle="-90.00" type="DEFAULT_VEHTYPE" speed="13.84" pos="107.25" lane="1/2to0/2_0" slope="0.00"/>
        <vehicle id="23" x="398.35" y="537.20" angle="0.00" type="DEFAULT_VEHTYPE" speed="13.68" pos="58.05" lane="2/3to2/2_0" slope="0.00"/>
        <vehicle id="24" x="270.90" y="401.65" angle="-90.00" type="DEFAULT_VEHTYPE" speed="13.26" pos="124.35" lane="2/2to1/2_0" slope="0.00"/>
        <vehicle id="3" x="201.65" y="255.80" angle="180.00" type="DEFAULT_VEHTYPE" speed="13.69" pos="51.05" lane="1/1to1/2_0" slope="0.00"/>
        <vehicle id="4" x="201.65" y="279.60" angle="180.00" type="DEFAULT_VEHTYPE" speed="12.64" pos="74.85" lane="1/1to1/2_0" slope="0.00"/>
        <vehicle id="5" x="348.10" y="598.35" angle="90.00" type="DEFAULT_VEHTYPE" speed="13.45" pos="143.35" lane="1/3to2/3_0" slope="0.00"/>
        <vehicle id="6" x="201.65" y="334.98" angle="180.00" type="DEFAULT_VEHTYPE" speed="13.01" pos="130.23" lane="1/1to1/2_0" slope="0.00"/>
        <vehicle id="7" x="447.22" y="198.35" angle="90.00" type="DEFAULT_VEHTYPE" speed="13.29" pos="42.47" lane="2/1to3/1_0" slope="0.00"/>
        <vehicle id="8" x="647.32" y="598.35" angle="90.00" type="DEFAULT_VEHTYPE" speed="13.03" pos="42.57" lane="3/3to4/3_0" slope="0.00"/>
        <vehicle id="9" x="601.65" y="716.57" angle="180.00" type="DEFAULT_VEHTYPE" speed="13.73" pos="111.82" lane="3/3to3/4_0" slope="0.00"/>
    </timestep>
    <timestep time="67.00">
        <vehicle id="0" x="389.47" y="598.35" angle="90.00" type="DEFAULT_VEHTYPE" speed="4.27" pos="184.72" lane="1/3to2/3_0" slope="0.00"/>
        <vehicle id="1" x="226.15" y="601.65" angle="-90.00" type="DEFAULT_VEHTYPE" speed="12.40" pos="169.10" lane="2/3to1/3_0" slope="0.00"/>
        <vehicle id="10" x="410.62" y="401.65" angle="-90.00" type="DEFAULT_VEHTYPE" speed="5.33" pos="184.63" lane="3/2to2/2_0" slope="0.00"/>
        <vehicle id="11" x="401.65" y="66.38" angle="180.00" type="DEFAULT_VEHTYPE" speed="13.31" pos="66.38" lane="2/0to2/1_0" slope="0.00"/>
        <vehicle id="12" x="401.65" y="620.97" angle="180.00" type="DEFAULT_VEHTYPE" speed="10.67" pos="16.22" lane="2/3to2/4_0" slope="0.00"/>
        <vehicle id="15" x="601.65" y="531.77" angle="180.00" type="DEFAULT_VEHTYPE" speed="13.53" pos="127.02" lane="3/2to3/3_0" slope="0.00"/>
        <vehicle id="16" x="342.37" y="198.35" angle="90.00" type="DEFAULT_VEHTYPE" speed="13.10" pos="137.62" lane="1/1to2/1_0" slope="0.00"/>
        <vehicle id="17" x="296.03" y="598.35" angle="90.00" type="DEFAULT_VEHTYPE" speed="13.43" pos="91.28" lane="1/3to2/3_0" slope="0.00"/>
        <vehicle id="19" x="273.69" y="601.65" angle="-90.00" type="DEFAULT_VEHTYPE" speed="12.83" pos="121.56" lane="2/3to1/3_0" slope="0.00"/>
        <vehicle id="2" x="687.50" y="598.35" angle="90.00" type="DEFAULT_VEHTYPE" speed="12.72" pos="82.75" lane="3/3to4/3_0" slope="0.00"/>
        <vehicle id="20" x="695.20" y="201.65" angle="-90.00" type="DEFAULT_VEHTYPE" speed="13.17" pos="104.80" lane="4/1to3/1_0" slope="0.00"/>
        <vehicle id="21" x="198.35" y="549.19" angle="0.00" type="DEFAULT_VEHTYPE" speed="12.74" pos="46.06" lane="1/3to1/2_0" slope="0.00"/>
        <vehicle id="22" x="74.12" y="401.65" angle="-90.00" type="DEFAULT_VEHTYPE" speed="13.89" pos="121.13" lane="1/2to0/2_0" slope="0.00"/>
        <vehicle id="23" x="398.35" y="524.33" angle="0.00" type="DEFAULT_VEHTYPE" speed="12.87" pos="70.92" lane="2/3to2/2_0" slope="0.00"/>
        <vehicle id="24" x="257.04" y="401.65" angle="-90.00" type="DEFAULT_VEHTYPE" speed="13.86" pos="138.21" lane="2/2to1/2_0" slope="0.00"/>
        <vehicle id="3" x="201.65" y="268.17" angle="180.00" type="DEFAULT_VEHTYPE" speed="12.37" pos="63.42" lane="1/1to1/2_0" slope="0.00"/>
        <vehicle id="4" x="201.65" y="293.04" angle="180.00" type="DEFAULT_VEHTYPE" speed="13.44" pos="88.29" lane="1/1to1/2_0" slope="0.00"/>
        <vehicle id="5" x="361.03" y="598.35" angle="90.00" type="DEFAULT_VEHTYPE" speed="12.93" pos="156.28" lane="1/3to2/3_0" slope="0.00"/>
        <vehicle id="6" x="201.65" y="348.66" angle="180.00" type="DEFAULT_VEHTYPE" speed="13.68" pos="143.91" lane="1/1to1/2_0" slope="0.00"/>
        <vehicle id="7" x="460.47" y="198.35" angle="90.00" type="DEFAULT_VEHTYPE" speed="13.25" pos="55.72" lane="2/1to3/1_0" slope="0.00"/>
        <vehicle id="8" x="660.06" y="598.35" angle="90.00" type="DEFAULT_VEHTYPE" speed="12.75" pos="55.31" lane="3/3to4/3_0" slope="0.00"/>
        <vehicle id="9" x="601.65" y="729.63" angle="180.00" type="DEFAULT_VEHTYPE" speed="13.06" pos="124.88" lane="3/3to3/4_0" slope="0.00"/>
    </timestep>
    <timestep time="68.00">
        <vehicle id="0" x="395.68" y="598.41" angle="90.71" type="DEFAULT_VEHTYPE" speed="6.22" pos="0.44" lane=":2/3_14_0" slope="0.00"/>
        <vehicle id="1" x="217.01" y="601.65" angle="-90.00" type="DEFAULT_VEHTYPE" speed="9.14" pos="178.24" lane="2/3to1/3_0" slope="0.00"/>
        <vehicle id="10" x="402.95" y="401.65" angle="-90.00" type="DEFAULT_VEHTYPE" speed="7.67" pos="1.80" lane=":2/2_5_0" slope="0.00"/>
        <vehicle id="11" x="401.65" y="79.41" angle="180.00" type="DEFAULT_VEHTYPE" speed="13.03" pos="79.41" lane="2/0to2/1_0" slope="0.00"/>
        <vehicle id="12" x="401.65" y="633.79" angle="180.00" type="DEFAULT_VEHTYPE" speed="12.82" pos="29.04" lane="2/3to2/4_0" slope="0.00"/>
        <vehicle id="15" x="601.65" y="545.55" angle="180.00" type="DEFAULT_VEHTYPE" speed="13.78" pos="140.80" lane="3/2to3/3_0" slope="0.00"/>
        <vehicle id="16" x="355.49" y="198.35" angle="90.00" type="DEFAULT_VEHTYPE" speed="13.12" pos="150.74" lane="1/1to2/1_0" slope="0.00"/>
        <vehicle id="17" x="309.02" y="598.35" angle="90.00" type="DEFAULT_VEHTYPE" speed="12.98" pos="104.27" lane="1/3to2/3_0" slope="0.00"/>
        <vehicle id="19" x="259.88" y="601.65" angle="-90.00" type="DEFAULT_VEHTYPE" speed="13.80" pos="135.37" lane="2/3to1/3_0" slope="0.00"/>
        <vehicle id="2" x="700.69" y="598.35" angle="90.00" type="DEFAULT_VEHTYPE" speed="13.19" pos="95.94" lane="3/3to4/3_0" slope="0.00"/>
        <vehicle id="20" x="682.01" y="201.65" angle="-90.00" type="DEFAULT_VEHTYPE" speed="13.19" pos="117.99" lane="4/1to3/1_0" slope="0.00"/>
        <vehicle id="21" x="198.35" y="535.85" angle="0.00" type="DEFAULT_VEHTYPE" speed="13.34" pos="59.40" lane="1/3to1/2_0" slope="0.00"/>
        <vehicle id="22" x="60.88" y="401.65" angle="-90.00" type="DEFAULT_VEHTYPE" speed="13.24" pos="134.37" lane="1/2to0/2_0" slope="0.00"/>
        <vehicle id="23" x="398.35" y="510.90" angle="0.00" type="DEFAULT_VEHTYPE" speed="13.43" pos="84.35" lane="2/3to2/2_0" slope="0.00"/>
        <vehicle id="24" x="243.26" y="401.65" angle="-90.00" type="DEFAULT_VEHTYPE" speed="13.78" pos="151.99" lane="2/2to1/2_0" slope="0.00"/>
        <vehicle id="3" x="201.65" y="281.04" angle="180.00" type="DEFAULT_VEHTYPE" speed="12.87" pos="76.29" lane="1/1to1/2_0" slope="0.00"/>
        <vehicle id="4" x="201.65" y="306.45" angle="180.00" type="DEFAULT_VEHTYPE" speed="13.41" pos="101.70" lane="1/1to1/2_0" slope="0.00"/>
        <vehicle id="5" x="369.73" y="598.35" angle="90.00" type="DEFAULT_VEHTYPE" speed="8.70" pos="164.98" lane="1/3to2/3_0" slope="0.00"/>
        <vehicle id="6" x="201.65" y="362.36" angle="180.00" type="DEFAULT_VEHTYPE" speed="13.69" pos="157.61" lane="1/1to1/2_0" slope="0.00"/>
        <vehicle id="7" x="474.04" y="198.35" angle="90.00" type="DEFAULT_VEHTYPE" speed="13.58" pos="69.29" lane="2/1to3/1_0" slope="0.00"/>
        <vehicle id="8" x="673.18" y="598.35" angle="90.00" type="DEFAULT_VEHTYPE" speed="13.12" pos="68.43" lane="3/3to4/3_0" slope="0.00"/>
        <vehicle id="9" x="601.65" y="742.59" angle="180.00" type="DEFAULT_VEHTYPE" speed="12.96" pos="137.84" lane="3/3to3/4_0" slope="0.00"/>
    </timestep>
    <timestep time="69.00">
        <vehicle id="0" x="401.42" y="603.17" angle="146.65" type="DEFAULT_VEHTYPE" speed="8.29" pos="8.73" lane=":2/3_14_0" slope="0.00"/>
        <vehicle id="1" x="212.02" y="601.65" angle="-90.00" type="DEFAULT_VEHTYPE" speed="4.99" pos="183.23" lane="2/3to1/3_0" slope="0.00"/>
        <vehicle id="10" x="392.84" y="401.65" angle="-90.00" type="DEFAULT_VEHTYPE" speed="10.11" pos="2.41" lane="2/2to1/2_0" slope="0.00"/>
        <vehicle id="11" x="401.65" y="93.06" angle="180.00" type="DEFAULT_VEHTYPE" speed="13.65" pos="93.06" lane="2/0to2/1_0" slope="0.00"/>
        <vehicle id="12" x="401.65" y="646.86" angle="180.00" type="DEFAULT_VEHTYPE" speed="13.07" pos="42.11" lane="2/3to2/4_0" slope="0.00"/>
        <vehicle id="15" x="601.65" y="559.13" angle="180.00" type="DEFAULT_VEHTYPE" speed="13.58" pos="154.38" lane="3/2to3/3_0" slope="0.00"/>
        <vehicle id="16" x="368.69" y="198.35" angle="90.00" type="DEFAULT_VEHTYPE" speed="13.20" pos="163.94" lane="1/1to2/1_0" slope="0.00"/>
        <vehicle id="17" x="322.75" y="598.35" angle="90.00" type="DEFAULT_VEHTYPE" speed="13.73" pos="118.00" lane="1/3to2/3_0" slope="0.00"/>
        <vehicle id="19" x="246.34" y="601.65" angle="-90.00" type="DEFAULT_VEHTYPE" speed="13.54" pos="148.91" lane="2/3to1/3_0" slope="0.00"/>
        <vehicle id="2" x="713.64" y="598.35" angle="90.00" type="DEFAULT_VEHTYPE" speed="12.96" pos="108.89" lane="3/3to4/3_0" slope="0.00"/>
        <vehicle id="20" x="668.77" y="201.65" angle="-90.00" type="DEFAULT_VEHTYPE" speed="13.24" pos="131.23" lane="4/1to3/1_0" slope="0.00"/>
        <vehicle id="21" x="198.35" y="522.30" angle="0.00" type="DEFAULT_VEHTYPE" speed="13.55" pos="72.95" lane="1/3to1/2_0" slope="0.00"/>
        <vehicle id="22" x="47.09" y="401.65" angle="-90.00" type="DEFAULT_VEHTYPE" speed="13.79" pos="148.16" lane="1/2to0/2_0" slope="0.00"/>
        <vehicle id="23" x="398.35" y="497.40" angle="0.00" type="DEFAULT_VEHTYPE" speed="13.50" pos="97.85" lane="2/3to2/2_0" slope="0.00"/>
        <vehicle id="24" x="230.44" y="401.65" angle="-90.00" type="DEFAULT_VEHTYPE" speed="12.82" pos="164.81" lane="2/2to1/2_0" slope="0.00"/>
        <vehicle id="3" x="201.65" y="294.46" angle="180.00" type="DEFAULT_VEHTYPE" speed="13.42" pos="89.71" lane="1/1to1/2_0" slope="0.00"/>
        <vehicle id="4" x="201.65" y="319.42" angle="180.00" type="DEFAULT_VEHTYPE" speed="12.97" pos="114.67" lane="1/1to1/2_0" slope="0.00"/>
        <vehicle id="5" x="380.24" y="598.35" angle="90.00" type="DEFAULT_VEHTYPE" speed="10.52" pos="175.49" lane="1/3to2/3_0" slope="0.00"/>
        <vehicle id="6" x="201.65" y="375.87" angle="180.00" type="DEFAULT_VEHTYPE" speed="13.51" pos="171.12" lane="1/1to1/2_0" slope="0.00"/>
        <vehicle id="7" x="487.90" y="198.35" angle="90.00" type="DEFAULT_VEHTYPE" speed="13.86" pos="83.15" lane="2/1to3/1_0" slope="0.00"/>
        <vehicle id="8" x="686.31" y="598.35" angle="90.00" type="DEFAULT_VEHTYPE" speed="13.13" pos="81.56" lane="3/3to4/3_0" slope="0.00"/>
        <vehicle id="9" x="601.65" y="756.42" angle="180.00" type="DEFAULT_VEHTYPE" speed="13.83" pos="151.67" lane="3/3to3/4_0" slope="0.00"/>
    </timestep>
    <timestep time="70.00">
        <vehicle id="0" x="401.65" y="614.00" angle="180.00" type="DEFAULT_VEHTYPE" speed="10.84" pos="9.25" lane="2/3to2/4_0" slope="0.00"/>
        <vehicle id="1" x="209.38" y="601.65" angle="-90.00" type="DEFAULT_VEHTYPE" speed="2.64" pos="185.87" lane="2/3to1/3_0" slope="0.00"/>
        <vehicle id="10" x="380.21" y="401.65" angle="-90.00" type="DEFAULT_VEHTYPE" speed="12.63" pos="15.04" lane="2/2to1/2_0" slope="0.00"/>
        <vehicle id="11" x="401.65" y="106.92" angle="180.00" type="DEFAULT_VEHTYPE" speed="13.86" pos="106.92" lane="2/0to2/1_0" slope="0.00"/>
        <vehicle id="12" x="401.65" y="659.69" angle="180.00" type="DEFAULT_VEHTYPE" speed="12.83" pos="54.94" lane="2/3to2/4_0" slope="0.00"/>
        <vehicle id="15" x="601.65" y="572.68" angle="180.00" type="DEFAULT_VEHTYPE" speed="13.56" pos="167.93" lane="3/2to3/3_0" slope="0.00"/>
        <vehicle id="16" x="378.38" y="198.35" angle="90.00" type="DEFAULT_VEHTYPE" speed="9.69" pos="173.63" lane="1/1to2/1_0" slope="0.00"/>
        <vehicle id="17" x="336.04" y="598.35" angle="90.00" type="DEFAULT_VEHTYPE" speed="13.29" pos="131.29" lane="1/3to2/3_0" slope="0.00"/>
        <vehicle id="19" x="233.26" y="601.65" angle="-90.00" type="DEFAULT_VEHTYPE" speed="13.08" pos="161.99" lane="2/3to1/3_0" slope="0.00"/>
        <vehicle id="2" x="726.80" y="598.35" angle="90.00" type="DEFAULT_VEHTYPE" speed="13.16" pos="122.05" lane="3/3to4/3_0" slope="0.00"/>
        <vehicle id="20" x="655.46" y="201.65" angle="-90.00" type="DEFAULT_VEHTYPE" speed="13.31" pos="144.54" lane="4/1to3/1_0" slope="0.00"/>
        <vehicle id="21" x="198.35" y="508.77" angle="0.00" type="DEFAULT_VEHTYPE" speed="13.53" pos="86.48" lane="1/3to1/2_0" slope="0.00"/>
        <vehicle id="22" x="33.27" y="401.65" angle="-90.00" type="DEFAULT_VEHTYPE" speed="13.82" pos="161.98" lane="1/2to0/2_0" slope="0.00"/>
        <vehicle id="23" x="398.35" y="483.78" angle="0.00" type="DEFAULT_VEHTYPE" speed="13.62" pos="111.47" lane="2/3to2/2_0" slope="0.00"/>
        <vehicle id="24" x="220.37" y="401.65" angle="-90.00" type="DEFAULT_VEHTYPE" speed="10.07" pos="174.88" lane="2/2to1/2_0" slope="0.00"/>
        <vehicle id="3" x="201.65" y="308.10" angle="180.00" type="DEFAULT_VEHTYPE" speed="13.64" pos="103.35" lane="1/1to1/2_0" slope="0.00"/>
        <vehicle id="4" x="201.65" y="332.19" angle="180.00" type="DEFAULT_VEHTYPE" speed="12.77" pos="127.44" lane="1/1to1/2_0" slope="0.00"/>
        <vehicle id="5" x="387.17" y="598.35" angle="90.00" type="DEFAULT_VEHTYPE" speed="6.93" pos="182.42" lane="1/3to2/3_0" slope="0.00"/>
        <vehicle id="6" x="201.65" y="389.08" angle="180.00" type="DEFAULT_VEHTYPE" speed="13.21" pos="184.33" lane="1/1to1/2_0" slope="0.00"/>
        <vehicle id="7" x="501.71" y="198.35" angle="90.00" type="DEFAULT_VEHTYPE" speed="13.81" pos="96.96" lane="2/1to3/1_0" slope="0.00"/>
        <vehicle id="8" x="698.92" y="598.35" angle="90.00" type="DEFAULT_VEHTYPE" speed="12.61" pos="94.17" lane="3/3to4/3_0" slope="0.00"/>
        <vehicle id="9" x="601.65" y="769.48" angle="180.00" type="DEFAULT_VEHTYPE" speed="13.07" pos="164.73" lane="3/3to3/4_0" slope="0.00"/>
    </timestep>
    <timestep time="71.00">
        <vehicle id="0" x="401.65" y="626.57" angle="180.00" type="DEFAULT_VEHTYPE" speed="12.57" pos="21.82" lane="2/3to2/4_0" slope="0.00"/>
        <vehicle id="1" x="204.50" y="601.61" angle="-89.60" type="DEFAULT_VEHTYPE" speed="4.88" pos="0.25" lane=":1/3_6_0" slope="0.00"/>
        <vehicle id="10" x="367.13" y="401.65" angle="-90.00" type="DEFAULT_VEHTYPE" speed="13.08" pos="28.12" lane="2/2to1/2_0" slope="0.00"/>
        <vehicle id="11" x="401.65" y="119.58" angle="180.00" type="DEFAULT_VEHTYPE" speed="12.66" pos="119.58" lane="2/0to2/1_0" slope="0.00"/>
        <vehicle id="12" x="401.65" y="673.56" angle="180.00" type="DEFAULT_VEHTYPE" speed="13.86" pos="68.81" lane="2/3to2/4_0" slope="0.00"/>
        <vehicle id="15" x="601.65" y="586.42" angle="180.00" type="DEFAULT_VEHTYPE" speed="13.74" pos="181.67" lane="3/2to3/3_0" slope="0.00"/>
        <vehicle id="16" x="385.95" y="198.35" angle="90.00" type="DEFAULT_VEHTYPE" speed="7.57" pos="181.20" lane="1/1to2/1_0" slope="0.00"/>
        <vehicle id="17" x="349.64" y="598.35" angle="90.00" type="DEFAULT_VEHTYPE" speed="13.60" pos="144.89" lane="1/3to2/3_0" slope="0.00"/>
        <vehicle id="19" x="224.68" y="601.65" angle="-90.00" type="DEFAULT_VEHTYPE" speed="8.58" pos="170.57" lane="2/3to1/3_0" slope="0.00"/>
        <vehicle id="2" x="740.40" y="598.35" angle="90.00" type="DEFAULT_VEHTYPE" speed="13.60" pos="135.65" lane="3/3to4/3_0" slope="0.00"/>
        <vehicle id="20" x="642.33" y="201.65" angle="-90.00" type="DEFAULT_VEHTYPE" speed="13.13" pos="157.67" lane="4/1to3/1_0" slope="0.00"/>
        <vehicle id="21" x="198.35" y="494.88" angle="0.00" type="DEFAULT_VEHTYPE" speed="13.89" pos="100.37" lane="1/3to1/2_0" slope="0.00"/>
        <vehicle id="22" x="19.69" y="401.65" angle="-90.00" type="DEFAULT_VEHTYPE" speed="13.58" pos="175.56" lane="1/2to0/2_0" slope="0.00"/>
        <vehicle id="23" x="398.35" y="470.86" angle="0.00" type="DEFAULT_VEHTYPE" speed="12.93" pos="124.39" lane="2/3to2/2_0" slope="0.00"/>
        <vehicle id="24" x="213.63" y="401.65" angle="-90.00" type="DEFAULT_VEHTYPE" speed="6.73" pos="181.62" lane="2/2to1/2_0" slope="0.00"/>
        <vehicle id="3" x="201.65" y="321.20" angle="180.00" type="DEFAULT_VEHTYPE" speed="13.10" pos="116.45" lane="1/1to1/2_0" slope="0.00"/>
        <vehicle id="4" x="201.65" y="345.69" angle="180.00" type="DEFAULT_VEHTYPE" speed="13.50" pos="140.94" lane="1/1to1/2_0" slope="0.00"/>
        <vehicle id="5" x="391.04" y="598.35" angle="90.00" type="DEFAULT_VEHTYPE" speed="3.87" pos="186.29" lane="1/3to2/3_0" slope="0.00"/>
        <vehicle id="6" x="201.65" y="402.01" angle="180.00" type="DEFAULT_VEHTYPE" speed="12.93" pos="6.76" lane=":1/2_9_0" slope="0.00"/>
        <vehicle id="7" x="514.38" y="198.35" angle="90.00" type="DEFAULT_VEHTYPE" speed="12.66" pos="109.63" lane="2/1to3/1_0" slope="0.00"/>
        <vehicle id="8" x="712.57" y="598.35" angle="90.00" type="DEFAULT_VEHTYPE" speed="13.64" pos="107.82" lane="3/3to4/3_0" slope="0.00"/>
        <vehicle id="9" x="601.65" y="782.83" angle="180.00" type="DEFAULT_VEHTYPE" speed="13.35" pos="178.08" lane="3/3to3/4_0" slope="0.00"/>
    </timestep>
    <timestep time="72.00">
        <vehicle id="0" x="401.65" y="639.87" angle="180.00" type="DEFAULT_VEHTYPE" speed="13.30" pos="35.12" lane="2/3to2/4_0" slope="0.00"/>
        <vehicle id="1" x="198.90" y="598.29" angle="-50.31" type="DEFAULT_VEHTYPE" speed="6.96" pos="7.21" lane=":1/3_6_0" slope="0.00"/>
        <vehicle id="10" x="354.40" y="401.65" angle="-90.00" type="DEFAULT_VEHTYPE" speed="12.73" pos="40.85" lane="2/2to1/2_0" slope="0.00"/>
        <vehicle id="11" x="401.65" y="132.78" angle="180.00" type="DEFAULT_VEHTYPE" speed="13.20" pos="132.78" lane="2/0to2/1_0" slope="0.00"/>
        <vehicle id="12" x="401.65" y="687.17" angle="180.00" type="DEFAULT_VEHTYPE" speed="13.62" pos="82.42" lane="2/3to2/4_0" slope="0.00"/>
        <vehicle id="15" x="603.88" y="598.23" angle="150.02" type="DEFAULT_VEHTYPE" speed="12.95" pos="4.12" lane=":3/3_8_0" slope="0.00"/>
        <vehicle id="16" x="389.65" y="198.35" angle="90.00" type="DEFAULT_VEHTYPE" speed="3.70" pos="184.90" lane="1/1to2/1_0" slope="0.00"/>
        <vehicle id="17" x="362.47" y="598.35" angle="90.00" type="DEFAULT_VEHTYPE" speed="12.83" pos="157.72" lane="1/3to2/3_0" slope="0.00"/>
        <vehicle id="19" x="216.29" y="601.65" angle="-90.00" type="DEFAULT_VEHTYPE" speed="8.39" pos="178.96" lane="2/3to1/3_0" slope="0.00"/>
        <vehicle id="2" x="753.41" y="598.35" angle="90.00" type="DEFAULT_VEHTYPE" speed="13.01" pos="148.66" lane="3/3to4/3_0" slope="0.00"/>
        <vehicle id="20" x="629.72" y="201.65" angle="-90.00" type="DEFAULT_VEHTYPE" speed="12.61" pos="170.28" lane="4/1to3/1_0" slope="0.00"/>
        <vehicle id="21" x="198.35" y="481.24" angle="0.00" type="DEFAULT_VEHTYPE" speed="13.63" pos="114.01" lane="1/3to1/2_0" slope="0.00"/>
        <vehicle id="22" x="6.16" y="401.65" angle="-90.00" type="DEFAULT_VEHTYPE" speed="13.53" pos="189.09" lane="1/2to0/2_0" slope="0.00"/>
        <vehicle id="23" x="398.35" y="458.25" angle="0.00" type="DEFAULT_VEHTYPE" speed="12.60" pos="137.00" lane="2/3to2/2_0" slope="0.00"/>
        <vehicle id="24" x="210.56" y="401.65" angle="-90.00" type="DEFAULT_VEHTYPE" speed="3.08" pos="184.69" lane="2/2to1/2_0" slope="0.00"/>
        <vehicle id="3" x="201.65" y="334.21" angle="180.00" type="DEFAULT_VEHTYPE" speed="13.01" pos="129.46" lane="1/1to1/2_0" slope="0.00"/>
        <vehicle id="4" x="201.65" y="358.66" angle="180.00" type="DEFAULT_VEHTYPE" speed="12.97" pos="153.91" lane="1/1to1/2_0" slope="0.00"/>
        <vehicle id="5" x="396.72" y="598.56" angle="92.42" type="DEFAULT_VEHTYPE" speed="5.70" pos="1.49" lane=":2/3_14_0" slope="0.00"/>
        <vehicle id="6" x="201.65" y="415.26" angle="180.00" type="DEFAULT_VEHTYPE" speed="13.25" pos="10.51" lane="1/2to1/3_0" slope="0.00"/>
        <vehicle id="7" x="527.50" y="198.35" angle="90.00" type="DEFAULT_VEHTYPE" speed="13.13" pos="122.75" lane="2/1to3/1_0" slope="0.00"/>
        <vehicle id="8" x="726.22" y="598.35" angle="90.00" type="DEFAULT_VEHTYPE" speed="13.65" pos="121.47" lane="3/3to4/3_0" slope="0.00"/>
        <vehicle id="9" x="601.65" y="795.94" angle="180.00" type="DEFAULT_VEHTYPE" speed="13.11" pos="191.19" lane="3/3to3/4_0" slope="0.00"/>
    </timestep>
    <timestep time="73.00">
        <vehicle id="0" x="401.65" y="652.81" angle="180.00" type="DEFAULT_VEHTYPE" speed="12.95" pos="48.06" lane="2/3to2/4_0" slope="0.00"/>
        <vehicle id="1" x="198.35" y="589.52" angle="0.00" type="DEFAULT_VEHTYPE" speed="8.84" pos="5.73" lane="1/3to1/2_0" slope="0.00"/>
        <vehicle id="10" x="340.91" y="401.65" angle="-90.00" type="DEFAULT_VEHTYPE" speed="13.49" pos="54.34" lane="2/2to1/2_0" slope="0.00"/>
        <vehicle id="11" x="401.65" y="145.45" angle="180.00" type="DEFAULT_VEHTYPE" speed="12.67" pos="145.45" lane="2/0to2/1_0" slope="0.00"/>
        <vehicle id="12" x="401.65" y="700.24" angle="180.00" type="DEFAULT_VEHTYPE" speed="13.07" pos="95.49" lane="2/3to2/4_0" slope="0.00"/>
        <vehicle id="15" x="616.49" y="598.35" angle="90.00" type="DEFAULT_VEHTYPE" speed="12.62" pos="11.74" lane="3/3to4/3_0" slope="0.00"/>
        <vehicle id="16" x="394.79" y="198.35" angle="90.00" type="DEFAULT_VEHTYPE" speed="5.14" pos="190.04" lane="1/1to2/1_0" slope="0.00"/>
        <vehicle id="17" x="374.70" y="598.35" angle="90.00" type="DEFAULT_VEHTYPE" speed="12.23" pos="169.95" lane="1/3to2/3_0" slope="0.00"/>
        <vehicle id="19" x="211.07" y="601.65" angle="-90.00" type="DEFAULT_VEHTYPE" speed="5.22" pos="184.18" lane="2/3to1/3_0" slope="0.00"/>
        <vehicle id="2" x="766.60" y="598.35" angle="90.00" type="DEFAULT_VEHTYPE" speed="13.19" pos="161.85" lane="3/3to4/3_0" slope="0.00"/>
        <vehicle id="20" x="620.51" y="201.65" angle="-90.00" type="DEFAULT_VEHTYPE" speed="9.21" pos="179.49" lane="4/1to3/1_0" slope="0.00"/>
        <vehicle id="21" x="198.35" y="468.27" angle="0.00" type="DEFAULT_VEHTYPE" speed="12.97" pos="126.98" lane="1/3to1/2_0" slope="0.00"/>
        <vehicle id="22" x="2.75" y="398.35" angle="70.82" type="DEFAULT_VEHTYPE" speed="13.73" pos="2.75" lane="0/2to1/2_0" slope="0.00"/>
        <vehicle id="23" x="398.35" y="445.39" angle="0.00" type="DEFAULT_VEHTYPE" speed="12.86" pos="149.86" lane="2/3to2/2_0" slope="0.00"/>
        <vehicle id="24" x="208.73" y="401.65" angle="-90.00" type="DEFAULT_VEHTYPE" speed="1.82" pos="186.52" lane="2/2to1/2_0" slope="0.00"/>
        <vehicle id="3" x="201.65" y="347.53" angle="180.00" type="DEFAULT_VEHTYPE" speed="13.33" pos="142.78" lane="1/1to1/2_0" slope="0.00"/>
        <vehicle id="4" x="201.65" y="371.61" angle="180.00" type="DEFAULT_VEHTYPE" speed="12.95" pos="166.86" lane="1/1to1/2_0" slope="0.00"/>
        <vehicle id="5" x="401.52" y="603.81" angle="153.34" type="DEFAULT_VEHTYPE" speed="7.88" pos="9.37" lane=":2/3_14_0" slope="0.00"/>
        <vehicle id="6" x="201.65" y="428.99" angle="180.00" type="DEFAULT_VEHTYPE" speed="13.73" pos="24.24" lane="1/2to1/3_0" slope="0.00"/>
        <vehicle id="7" x="541.05" y="198.35" angle="90.00" type="DEFAULT_VEHTYPE" speed="13.55" pos="136.30" lane="2/1to3/1_0" slope="0.00"/>
        <vehicle id="8" x="739.80" y="598.35" angle="90.00" type="DEFAULT_VEHTYPE" speed="13.58" pos="135.05" lane="3/3to4/3_0" slope="0.00"/>
    </timestep>
    <timestep time="74.00">
        <vehicle id="0" x="401.65" y="666.12" angle="180.00" type="DEFAULT_VEHTYPE" speed="13.30" pos="61.37" lane="2/3to2/4_0" slope="0.00"/>
        <vehicle id="1" x="198.35" y="578.13" angle="0.00" type="DEFAULT_VEHTYPE" speed="11.39" pos="17.12" lane="1/3to1/2_0" slope="0.00"/>
        <vehicle id="10" x="327.32" y="401.65" angle="-90.00" type="DEFAULT_VEHTYPE" speed="13.59" pos="67.93" lane="2/2to1/2_0" slope="0.00"/>
        <vehicle id="11" x="401.65" y="159.16" angle="180.00" type="DEFAULT_VEHTYPE" speed="13.71" pos="159.16" lane="2/0to2/1_0" slope="0.00"/>
        <vehicle id="12" x="401.65" y="714.06" angle="180.00" type="DEFAULT_VEHTYPE" speed="13.82" pos="109.31" lane="2/3to2/4_0" slope="0.00"/>
        <vehicle id="15" x="629.34" y="598.35" angle="90.00" type="DEFAULT_VEHTYPE" speed="12.85" pos="24.59" lane="3/3to4/3_0" slope="0.00"/>
        <vehicle id="16" x="398.35" y="193.18" angle="13.92" type="DEFAULT_VEHTYPE" speed="7.53" pos="2.07" lane="2/1to2/0_0" slope="0.00"/>
        <vehicle id="17" x="382.46" y="598.35" angle="90.00" type="DEFAULT_VEHTYPE" speed="7.76" pos="177.71" lane="1/3to2/3_0" slope="0.00"/>
        <vehicle id="19" x="203.32" y="601.45" angle="-87.65" type="DEFAULT_VEHTYPE" speed="7.77" pos="1.45" lane=":1/3_6_0" slope="0.00"/>
        <vehicle id="2" x="779.26" y="598.35" angle="90.00" type="DEFAULT_VEHTYPE" speed="12.66" pos="174.51" lane="3/3to4/3_0" slope="0.00"/>
        <vehicle id="20" x="613.54" y="201.65" angle="-90.00" type="DEFAULT_VEHTYPE" speed="6.97" pos="186.46" lane="4/1to3/1_0" slope="0.00"/>
        <vehicle id="21" x="198.35" y="454.93" angle="0.00" type="DEFAULT_VEHTYPE" speed="13.34" pos="140.32" lane="1/3to1/2_0" slope="0.00"/>
        <vehicle id="22" x="16.53" y="398.35" angle="90.00" type="DEFAULT_VEHTYPE" speed="13.78" pos="16.53" lane="0/2to1/2_0" slope="0.00"/>
        <vehicle id="23" x="398.35" y="432.62" angle="0.00" type="DEFAULT_VEHTYPE" speed="12.77" pos="162.63" lane="2/3to2/2_0" slope="0.00"/>
        <vehicle id="24" x="207.69" y="401.65" angle="-90.00" type="DEFAULT_VEHTYPE" speed="1.05" pos="187.56" lane="2/2to1/2_0" slope="0.00"/>
        <vehicle id="3" x="201.65" y="361.13" angle="180.00" type="DEFAULT_VEHTYPE" speed="13.60" pos="156.38" lane="1/1to1/2_0" slope="0.00"/>
        <vehicle id="4" x="201.65" y="384.36" angle="180.00" type="DEFAULT_VEHTYPE" speed="12.75" pos="179.61" lane="1/1to1/2_0" slope="0.00"/>
        <vehicle id="5" x="401.65" y="613.66" angle="180.00" type="DEFAULT_VEHTYPE" speed="9.86" pos="8.91" lane="2/3to2/4_0" slope="0.00"/>
        <vehicle id="6" x="201.65" y="442.80" angle="180.00" type="DEFAULT_VEHTYPE" speed="13.80" pos="38.05" lane="1/2to1/3_0" slope="0.00"/>
        <vehicle id="7" x="554.92" y="198.35" angle="90.00" type="DEFAULT_VEHTYPE" speed="13.86" pos="150.17" lane="2/1to3/1_0" slope="0.00"/>
        <vehicle id="8" x="752.95" y="598.35" angle="90.00" type="DEFAULT_VEHTYPE" speed="13.15" pos="148.20" lane="3/3to4/3_0" slope="0.00"/>
    </timestep>
    <timestep time="75.00">
        <vehicle id="0" x="401.65" y="679.21" angle="180.00" type="DEFAULT_VEHTYPE" speed="13.10" pos="74.46" lane="2/3to2/4_0" slope="0.00"/>
        <vehicle id="1" x="198.35" y="565.04" angle="0.00" type="DEFAULT_VEHTYPE" speed="13.09" pos="30.21" lane="1/3to1/2_0" slope="0.00"/>
        <vehicle id="10" x="313.88" y="401.65" angle="-90.00" type="DEFAULT_VEHTYPE" speed="13.44" pos="81.37" lane="2/2to1/2_0" slope="0.00"/>
        <vehicle id="11" x="401.65" y="172.65" angle="180.00" type="DEFAULT_VEHTYPE" speed="13.49" pos="172.65" lane="2/0to2/1_0" slope="0.00"/>
        <vehicle id="12" x="401.65" y="727.31" angle="180.00" type="DEFAULT_VEHTYPE" speed="13.25" pos="122.56" lane="2/3to2/4_0" slope="0.00"/>
        <vehicle id="15" x="642.96" y="598.35" angle="90.00" type="DEFAULT_VEHTYPE" speed="13.61" pos="38.21" lane="3/3to4/3_0" slope="0.00"/>
        <vehicle id="16" x="398.35" y="183.81" angle="0.00" type="DEFAULT_VEHTYPE" speed="9.37" pos="11.44" lane="2/1to2/0_0" slope="0.00"/>
        <vehicle id="17" x="387.87" y="598.35" angle="90.00" type="DEFAULT_VEHTYPE" speed="5.41" pos="183.12" lane="1/3to2/3_0" slope="0.00"/>
        <vehicle id="19" x="198.35" y="594.11" angle="-10.94" type="DEFAULT_VEHTYPE" speed="10.01" pos="1.14" lane="1/3to1/2_0" slope="0.00"/>
        <vehicle id="2" x="793.02" y="598.35" angle="90.00" type="DEFAULT_VEHTYPE" speed="13.76" pos="188.27" lane="3/3to4/3_0" slope="0.00"/>
        <vehicle id="20" x="609.60" y="201.65" angle="-90.00" type="DEFAULT_VEHTYPE" speed="3.94" pos="190.40" lane="4/1to3/1_0" slope="0.00"/>
        <vehicle id="21" x="198.35" y="441.41" angle="0.00" type="DEFAULT_VEHTYPE" speed="13.52" pos="153.84" lane="1/3to1/2_0" slope="0.00"/>
        <vehicle id="22" x="30.16" y="398.35" angle="90.00" type="DEFAULT_VEHTYPE" speed="13.63" pos="30.16" lane="0/2to1/2_0" slope="0.00"/>
        <vehicle id="23" x="398.35" y="419.46" angle="0.00" type="DEFAULT_VEHTYPE" speed="13.16" pos="175.79" lane="2/3to2/2_0" slope="0.00"/>
        <vehicle id="24" x="207.28" y="401.65" angle="-90.00" type="DEFAULT_VEHTYPE" speed="0.40" pos="187.97" lane="2/2to1/2_0" slope="0.00"/>
        <vehicle id="3" x="201.65" y="373.46" angle="180.00" type="DEFAULT_VEHTYPE" speed="12.32" pos="168.71" lane="1/1to1/2_0" slope="0.00"/>
        <vehicle id="4" x="201.65" y="397.92" angle="180.00" type="DEFAULT_VEHTYPE" speed="13.56" pos="2.67" lane=":1/2_9_0" slope="0.00"/>
        <vehicle id="5" x="401.65" y="625.28" angle="180.00" type="DEFAULT_VEHTYPE" speed="11.62" pos="20.53" lane="2/3to2/4_0" slope="0.00"/>
        <vehicle id="6" x="201.65" y="455.97" angle="180.00" type="DEFAULT_VEHTYPE" speed="13.17" pos="51.22" lane="1/2to1/3_0" slope="0.00"/>
        <vehicle id="7" x="568.44" y="198.35" angle="90.00" type="DEFAULT_VEHTYPE" speed="13.53" pos="163.69" lane="2/1to3/1_0" slope="0.00"/>
        <vehicle id="8" x="766.73" y="598.35" angle="90.00" type="DEFAULT_VEHTYPE" speed="13.78" pos="161.98" lane="3/3to4/3_0" slope="0.00"/>
    </timestep>
    <timestep time="76.00">
        <vehicle id="0" x="401.65" y="691.89" angle="180.00" type="DEFAULT_VEHTYPE" speed="12.68" pos="87.14" lane="2/3to2/4_0" slope="0.00"/>
        <vehicle id="1" x="198.35" y="551.18" angle="0.00" type="DEFAULT_VEHTYPE" speed="13.86" pos="44.07" lane="1/3to1/2_0" slope="0.00"/>
        <vehicle id="10" x="301.22" y="401.65" angle="-90.00" type="DEFAULT_VEHTYPE" speed="12.66" pos="94.03" lane="2/2to1/2_0" slope="0.00"/>
        <vehicle id="11" x="401.65" y="186.54" angle="180.00" type="DEFAULT_VEHTYPE" speed="13.88" pos="186.54" lane="2/0to2/1_0" slope="0.00"/>
        <vehicle id="12" x="401.65" y="741.14" angle="180.00" type="DEFAULT_VEHTYPE" speed="13.83" pos="136.39" lane="2/3to2/4_0" slope="0.00"/>
        <vehicle id="15" x="656.05" y="598.35" angle="90.00" type="DEFAULT_VEHTYPE" speed="13.09" pos="51.30" lane="3/3to4/3_0" slope="0.00"/>
        <vehicle id="16" x="398.35" y="172.11" angle="0.00" type="DEFAULT_VEHTYPE" speed="11.70" pos="23.14" lane="2/1to2/0_0" slope="0.00"/>
        <vehicle id="17" x="390.35" y="598.35" angle="90.00" type="DEFAULT_VEHTYPE" speed="2.48" pos="185.60" lane="1/3to2/3_0" slope="0.00"/>
        <vehicle id="19" x="198.35" y="582.68" angle="0.00" type="DEFAULT_VEHTYPE" speed="11.44" pos="12.57" lane="1/3to1/2_0" slope="0.00"/>
        <vehicle id="2" x="798.14" y="601.65" angle="-125.79" type="DEFAULT_VEHTYPE" speed="13.67" pos="1.86" lane="4/3to3/3_0" slope="0.00"/>
        <vehicle id="20" x="603.28" y="201.91" angle="-92.97" type="DEFAULT_VEHTYPE" speed="6.35" pos="1.50" lane=":3/1_4_0" slope="0.00"/>
        <vehicle id="21" x="198.35" y="428.30" angle="0.00" type="DEFAULT_VEHTYPE" speed="13.11" pos="166.95" lane="1/3to1/2_0" slope="0.00"/>
        <vehicle id="22" x="44.02" y="398.35" angle="90.00" type="DEFAULT_VEHTYPE" speed="13.86" pos="44.02" lane="0/2to1/2_0" slope="0.00"/>
        <vehicle id="23" x="398.35" y="406.06" angle="0.00" type="DEFAULT_VEHTYPE" speed="13.39" pos="189.19" lane="2/3to2/2_0" slope="0.00"/>
        <vehicle id="24" x="206.11" y="401.65" angle="-90.00" type="DEFAULT_VEHTYPE" speed="1.17" pos="189.14" lane="2/2to1/2_0" slope="0.00"/>
        <vehicle id="3" x="201.65" y="387.01" angle="180.00" type="DEFAULT_VEHTYPE" speed="13.55" pos="182.26" lane="1/1to1/2_0" slope="0.00"/>
        <vehicle id="4" x="201.65" y="411.58" angle="180.00" type="DEFAULT_VEHTYPE" speed="13.66" pos="6.83" lane="1/2to1/3_0" slope="0.00"/>
        <vehicle id="5" x="401.65" y="638.77" angle="180.00" type="DEFAULT_VEHTYPE" speed="13.49" pos="34.02" lane="2/3to2/4_0" slope="0.00"/>
        <vehicle id="6" x="201.65" y="469.21" angle="180.00" type="DEFAULT_VEHTYPE" speed="13.24" pos="64.46" lane="1/2to1/3_0" slope="0.00"/>
        <vehicle id="7" x="578.64" y="198.35" angle="90.00" type="DEFAULT_VEHTYPE" speed="10.19" pos="173.89" lane="2/1to3/1_0" slope="0.00"/>
        <vehicle id="8" x="780.45" y="598.35" angle="90.00" type="DEFAULT_VEHTYPE" speed="13.72" pos="175.70" lane="3/3to4/3_0" slope="0.00"/>
    </timestep>
    <timestep time="77.00">
        <vehicle id="0" x="401.65" y="704.80" angle="180.00" type="DEFAULT_VEHTYPE" speed="12.91" pos="100.05" lane="2/3to2/4_0" slope="0.00"/>
        <vehicle id="1" x="198.35" y="537.57" angle="0.00" type="DEFAULT_VEHTYPE" speed="13.61" pos="57.68" lane="1/3to1/2_0" slope="0.00"/>
        <vehicle id="10" x="288.55" y="401.65" angle="-90.00" type="DEFAULT_VEHTYPE" speed="12.67" pos="106.70" lane="2/2to1/2_0" slope="0.00"/>
        <vehicle id="11" x="404.55" y="198.32" angle="138.46" type="DEFAULT_VEHTYPE" speed="13.51" pos="4.80" lane=":2/1_8_0" slope="0.00"/>
        <vehicle id="12" x="401.65" y="754.18" angle="180.00" type="DEFAULT_VEHTYPE" speed="13.04" pos="149.43" lane="2/3to2/4_0" slope="0.00"/>
        <vehicle id="15" x="669.45" y="598.35" angle="90.00" type="DEFAULT_VEHTYPE" speed="13.40" pos="64.70" lane="3/3to4/3_0" slope="0.00"/>
        <vehicle id="16" x="398.35" y="158.70" angle="0.00" type="DEFAULT_VEHTYPE" speed="13.42" pos="36.55" lane="2/1to2/0_0" slope="0.00"/>
        <vehicle id="17" x="394.13" y="598.35" angle="90.00" type="DEFAULT_VEHTYPE" speed="3.78" pos="189.38" lane="1/3to2/3_0" slope="0.00"/>
        <vehicle id="19" x="198.35" y="568.83" angle="0.00" type="DEFAULT_VEHTYPE" speed="13.84" pos="26.42" lane="1/3to1/2_0" slope="0.00"/>
        <vehicle id="2" x="784.29" y="601.65" angle="-90.00" type="DEFAULT_VEHTYPE" speed="13.85" pos="15.71" lane="4/3to3/3_0" slope="0.00"/>
        <vehicle id="20" x="601.65" y="209.39" angle="-179.42" type="DEFAULT_VEHTYPE" speed="8.13" pos="4.64" lane="3/1to3/2_0" slope="0.00"/>
        <vehicle id="21" x="198.35" y="415.61" angle="0.00" type="DEFAULT_VEHTYPE" speed="12.69" pos="179.64" lane="1/3to1/2_0" slope="0.00"/>
        <vehicle id="22" x="57.20" y="398.35" angle="90.00" type="DEFAULT_VEHTYPE" speed="13.18" pos="57.20" lane="0/2to1/2_0" slope="0.00"/>
        <vehicle id="23" x="388.50" y="401.65" angle="-90.00" type="DEFAULT_VEHTYPE" speed="13.07" pos="6.75" lane="2/2to1/2_0" slope="0.00"/>
        <vehicle id="24" x="202.46" y="401.65" angle="-90.00" type="DEFAULT_VEHTYPE" speed="3.65" pos="2.29" lane=":1/2_5_0" slope="0.00"/>
        <vehicle id="4" x="201.65" y="424.83" angle="180.00" type="DEFAULT_VEHTYPE" speed="13.26" pos="20.08" lane="1/2to1/3_0" slope="0.00"/>
        <vehicle id="5" x="401.65" y="651.97" angle="180.00" type="DEFAULT_VEHTYPE" speed="13.20" pos="47.22" lane="2/3to2/4_0" slope="0.00"/>
        <vehicle id="6" x="201.65" y="482.70" angle="180.00" type="DEFAULT_VEHTYPE" speed="13.49" pos="77.95" lane="1/2to1/3_0" slope="0.00"/>
        <vehicle id="7" x="585.02" y="198.35" angle="90.00" type="DEFAULT_VEHTYPE" speed="6.38" pos="180.27" lane="2/1to3/1_0" slope="0.00"/>
        <vehicle id="8" x="794.33" y="598.35" angle="90.00" type="DEFAULT_VEHTYPE" speed="13.88" pos="189.58" lane="3/3to4/3_0" slope="0.00"/>
    </timestep>
    <timestep time="78.00">
        <vehicle id="0" x="401.65" y="718.45" angle="180.00" type="DEFAULT_VEHTYPE" speed="13.65" pos="113.70" lane="2/3to2/4_0" slope="0.00"/>
        <vehicle id="1" x="198.35" y="524.27" angle="0.00" type="DEFAULT_VEHTYPE" speed="13.30" pos="70.98" lane="1/3to1/2_0" slope="0.00"/>
        <vehicle id="10" x="275.75" y="401.65" angle="-90.00" type="DEFAULT_VEHTYPE" speed="12.80" pos="119.50" lane="2/2to1/2_0" slope="0.00"/>
        <vehicle id="11" x="417.78" y="198.35" angle="90.00" type="DEFAULT_VEHTYPE" speed="13.22" pos="13.03" lane="2/1to3/1_0" slope="0.00"/>
        <vehicle id="12" x="401.65" y="767.94" angle="180.00" type="DEFAULT_VEHTYPE" speed="13.76" pos="163.19" lane="2/3to2/4_0" slope="0.00"/>
        <vehicle id="15" x="683.29" y="598.35" angle="90.00" type="DEFAULT_VEHTYPE" speed="13.84" pos="78.54" lane="3/3to4/3_0" slope="0.00"/>
        <vehicle id="16" x="398.35" y="145.43" angle="0.00" type="DEFAULT_VEHTYPE" speed="13.26" pos="49.82" lane="2/1to2/0_0" slope="0.00"/>
        <vehicle id="17" x="400.03" y="598.35" angle="90.00" type="DEFAULT_VEHTYPE" speed="5.90" pos="4.78" lane=":2/3_13_0" slope="0.00"/>
        <vehicle id="19" x="198.35" y="556.17" angle="0.00" type="DEFAULT_VEHTYPE" speed="12.66" pos="39.08" lane="1/3to1/2_0" slope="0.00"/>
        <vehicle id="2" x="771.38" y="601.65" angle="-90.00" type="DEFAULT_VEHTYPE" speed="12.91" pos="28.62" lane="4/3to3/3_0" slope="0.00"/>
        <vehicle id="20" x="601.65" y="219.62" angle="180.00" type="DEFAULT_VEHTYPE" speed="10.23" pos="14.87" lane="3/1to3/2_0" slope="0.00"/>
        <vehicle id="22" x="70.32" y="398.35" angle="90.00" type="DEFAULT_VEHTYPE" speed="13.12" pos="70.32" lane="0/2to1/2_0" slope="0.00"/>
        <vehicle id="23" x="375.64" y="401.65" angle="-90.00" type="DEFAULT_VEHTYPE" speed="12.85" pos="19.61" lane="2/2to1/2_0" slope="0.00"/>
        <vehicle id="24" x="196.48" y="401.65" angle="-90.00" type="DEFAULT_VEHTYPE" speed="5.99" pos="8.27" lane=":1/2_5_0" slope="0.00"/>
        <vehicle id="4" x="201.65" y="437.56" angle="180.00" type="DEFAULT_VEHTYPE" speed="12.73" pos="32.81" lane="1/2to1/3_0" slope="0.00"/>
        <vehicle id="5" x="401.65" y="664.86" angle="180.00" type="DEFAULT_VEHTYPE" speed="12.89" pos="60.11" lane="2/3to2/4_0" slope="0.00"/>
        <vehicle id="6" x="201.65" y="496.37" angle="180.00" type="DEFAULT_VEHTYPE" speed="13.67" pos="91.62" lane="1/2to1/3_0" slope="0.00"/>
        <vehicle id="7" x="589.30" y="198.35" angle="90.00" type="DEFAULT_VEHTYPE" speed="4.28" pos="184.55" lane="2/1to3/1_0" slope="0.00"/>
        <vehicle id="8" x="797.23" y="601.65" angle="-108.93" type="DEFAULT_VEHTYPE" speed="13.26" pos="2.77" lane="4/3to3/3_0" slope="0.00"/>
    </timestep>
    <timestep time="79.00">
        <vehicle id="0" x="401.65" y="731.31" angle="180.00" type="DEFAULT_VEHTYPE" speed="12.87" pos="126.56" lane="2/3to2/4_0" slope="0.00"/>
        <vehicle id="1" x="198.35" y="511.29" angle="0.00" type="DEFAULT_VEHTYPE" speed="12.97" pos="83.96" lane="1/3to1/2_0" slope="0.00"/>
        <vehicle id="10" x="262.30" y="401.65" angle="-90.00" type="DEFAULT_VEHTYPE" speed="13.45" pos="132.95" lane="2/2to1/2_0" slope="0.00"/>
        <vehicle id="11" x="431.16" y="198.35" angle="90.00" type="DEFAULT_VEHTYPE" speed="13.38" pos="26.41" lane="2/1to3/1_0" slope="0.00"/>
        <vehicle id="12" x="401.65" y="780.55" angle="180.00" type="DEFAULT_VEHTYPE" speed="12.61" pos="175.80" lane="2/3to2/4_0" slope="0.00"/>
        <vehicle id="15" x="697.09" y="598.35" angle="90.00" type="DEFAULT_VEHTYPE" speed="13.80" pos="92.34" lane="3/3to4/3_0" slope="0.00"/>
        <vehicle id="16" x="398.35" y="131.65" angle="0.00" type="DEFAULT_VEHTYPE" speed="13.78" pos="63.60" lane="2/1to2/0_0" slope="0.00"/>
        <vehicle id="17" x="407.89" y="598.35" angle="90.00" type="DEFAULT_VEHTYPE" speed="7.85" pos="3.14" lane="2/3to3/3_0" slope="0.00"/>
        <vehicle id="19" x="198.35" y="542.42" angle="0.00" type="DEFAULT_VEHTYPE" speed="13.76" pos="52.83" lane="1/3to1/2_0" slope="0.00"/>
        <vehicle id="2" x="758.62" y="601.65" angle="-90.00" type="DEFAULT_VEHTYPE" speed="12.76" pos="41.38" lane="4/3to3/3_0" slope="0.00"/>
        <vehicle id="20" x="601.65" y="232.24" angle="180.00" type="DEFAULT_VEHTYPE" speed="12.62" pos="27.49" lane="3/1to3/2_0" slope="0.00"/>
        <vehicle id="22" x="83.58" y="398.35" angle="90.00" type="DEFAULT_VEHTYPE" speed="13.26" pos="83.58" lane="0/2to1/2_0" slope="0.00"/>
        <vehicle id="23" x="362.37" y="401.65" angle="-90.00" type="DEFAULT_VEHTYPE" speed="13.28" pos="32.88" lane="2/2to1/2_0" slope="0.00"/>
        <vehicle id="24" x="188.78" y="401.65" angle="-90.00" type="DEFAULT_VEHTYPE" speed="7.70" pos="6.47" lane="1/2to0/2_0" slope="0.00"/>
        <vehicle id="4" x="201.65" y="451.19" angle="180.00" type="DEFAULT_VEHTYPE" speed="13.62" pos="46.44" lane="1/2to1/3_0" slope="0.00"/>
        <vehicle id="5" x="401.65" y="677.86" angle="180.00" type="DEFAULT_VEHTYPE" speed="13.00" pos="73.11" lane="2/3to2/4_0" slope="0.00"/>
        <vehicle id="6" x="201.65" y="509.77" angle="180.00" type="DEFAULT_VEHTYPE" speed="13.40" pos="105.02" lane="1/2to1/3_0" slope="0.00"/>
        <vehicle id="7" x="594.96" y="198.35" angle="90.00" type="DEFAULT_VEHTYPE" speed="5.66" pos="190.21" lane="2/1to3/1_0" slope="0.00"/>
        <vehicle id="8" x="783.94" y="601.65" angle="-90.00" type="DEFAULT_VEHTYPE" speed="13.29" pos="16.06" lane="4/3to3/3_0" slope="0.00"/>
    </timestep>
    <timestep time="80.00">
        <vehicle id="0" x="401.65" y="744.49" angle="180.00" type="DEFAULT_VEHTYPE" speed="13.18" pos="139.74" lane="2/3to2/4_0" slope="0.00"/>
        <vehicle id="1" x="198.35" y="498.42" angle="0.00" type="DEFAULT_VEHTYPE" speed="12.87" pos="96.83" lane="1/3to1/2_0" slope="0.00"/>
        <vehicle id="10" x="248.68" y="401.65" angle="-90.00" type="DEFAULT_VEHTYPE" speed="13.62" pos="146.57" lane="2/2to1/2_0" slope="0.00"/>
        <vehicle id="11" x="444.51" y="198.35" angle="90.00" type="DEFAULT_VEHTYPE" speed="13.35" pos="39.76" lane="2/1to3/1_0" slope="0.00"/>
        <vehicle id="12" x="401.65" y="793.24" angle="180.00" type="DEFAULT_VEHTYPE" speed="12.69" pos="188.49" lane="2/3to2/4_0" slope="0.00"/>
        <vehicle id="15" x="710.58" y="598.35" angle="90.00" type="DEFAULT_VEHTYPE" speed="13.49" pos="105.83" lane="3/3to4/3_0" slope="0.00"/>
        <vehicle id="16" x="398.35" y="118.59" angle="0.00" type="DEFAULT_VEHTYPE" speed="13.06" pos="76.66" lane="2/1to2/0_0" slope="0.00"/>
        <vehicle id="17" x="417.79" y="598.35" angle="90.00" type="DEFAULT_VEHTYPE" speed="9.90" pos="13.04" lane="2/3to3/3_0" slope="0.00"/>
        <vehicle id="19" x="198.35" y="528.72" angle="0.00" type="DEFAULT_VEHTYPE" speed="13.69" pos="66.53" lane="1/3to1/2_0" slope="0.00"/>
        <vehicle id="2" x="745.43" y="601.65" angle="-90.00" type="DEFAULT_VEHTYPE" speed="13.20" pos="54.57" lane="4/3to3/3_0" slope="0.00"/>
        <vehicle id="20" x="601.65" y="245.29" angle="180.00" type="DEFAULT_VEHTYPE" speed="13.05" pos="40.54" lane="3/1to3/2_0" slope="0.00"/>
        <vehicle id="22" x="96.47" y="398.35" angle="90.00" type="DEFAULT_VEHTYPE" speed="12.89" pos="96.47" lane="0/2to1/2_0" slope="0.00"/>
        <vehicle id="23" x="348.63" y="401.65" angle="-90.00" type="DEFAULT_VEHTYPE" speed="13.74" pos="46.62" lane="2/2to1/2_0" slope="0.00"/>
        <vehicle id="24" x="179.53" y="401.65" angle="-90.00" type="DEFAULT_VEHTYPE" speed="9.25" pos="15.72" lane="1/2to0/2_0" slope="0.00"/>
        <vehicle id="4" x="201.65" y="464.04" angle="180.00" type="DEFAULT_VEHTYPE" speed="12.85" pos="59.29" lane="1/2to1/3_0" slope="0.00"/>
        <vehicle id="5" x="401.65" y="691.69" angle="180.00" type="DEFAULT_VEHTYPE" speed="13.83" pos="86.94" lane="2/3to2/4_0" slope="0.00"/>
        <vehicle id="6" x="201.65" y="523.35" angle="180.00" type="DEFAULT_VEHTYPE" speed="13.59" pos="118.60" lane="1/2to1/3_0" slope="0.00"/>
        <vehicle id="7" x="601.26" y="202.00" angle="133.37" type="DEFAULT_VEHTYPE" speed="7.84" pos="7.55" lane=":3/1_14_0" slope="0.00"/>
        <vehicle id="8" x="770.32" y="601.65" angle="-90.00" type="DEFAULT_VEHTYPE" speed="13.62" pos="29.68" lane="4/3to3/3_0" slope="0.00"/>
    </timestep>
    <timestep time="81.00">
        <vehicle id="0" x="401.65" y="757.56" angle="180.00" type="DEFAULT_VEHTYPE" speed="13.07" pos="152.81" lane="2/3to2/4_0" slope="0.00"/>
        <vehicle id="1" x="198.35" y="484.72" angle="0.00" type="DEFAULT_VEHTYPE" speed="13.70" pos="110.53" lane="1/3to1/2_0" slope="0.00"/>
        <vehicle id="10" x="236.05" y="401.65" angle="-90.00" type="DEFAULT_VEHTYPE" speed="12.62" pos="159.20" lane="2/2to1/2_0" slope="0.00"/>
        <vehicle id="11" x="458.30" y="198.35" angle="90.00" type="DEFAULT_VEHTYPE" speed="13.79" pos="53.55" lane="2/1to3/1_0" slope="0.00"/>
        <vehicle id="12" x="398.35" y="798.20" angle="-37.23" type="DEFAULT_VEHTYPE" speed="13.38" pos="1.80" lane="2/4to2/3_0" slope="0.00"/>
        <vehicle id="15" x="723.51" y="598.35" angle="90.00" type="DEFAULT_VEHTYPE" speed="12.93" pos="118.76" lane="3/3to4/3_0" slope="0.00"/>
        <vehicle id="16" x="398.35" y="105.75" angle="0.00" type="DEFAULT_VEHTYPE" speed="12.84" pos="89.50" lane="2/1to2/0_0" slope="0.00"/>
        <vehicle id="17" x="429.83" y="598.35" angle="90.00" type="DEFAULT_VEHTYPE" speed="12.04" pos="25.08" lane="2/3to3/3_0" slope="0.00"/>
        <vehicle id="19" x="198.35" y="515.28" angle="0.00" type="DEFAULT_VEHTYPE" speed="13.44" pos="79.97" lane="1/3to1/2_0" slope="0.00"/>
        <vehicle id="2" x="732.08" y="601.65" angle="-90.00" type="DEFAULT_VEHTYPE" speed="13.35" pos="67.92" lane="4/3to3/3_0" slope="0.00"/>
        <vehicle id="20" x="601.65" y="257.91" angle="180.00" type="DEFAULT_VEHTYPE" speed="12.62" pos="53.16" lane="3/1to3/2_0" slope="0.00"/>
        <vehicle id="22" x="110.05" y="398.35" angle="90.00" type="DEFAULT_VEHTYPE" speed="13.58" pos="110.05" lane="0/2to1/2_0" slope="0.00"/>
        <vehicle id="23" x="335.89" y="401.65" angle="-90.00" type="DEFAULT_VEHTYPE" speed="12.74" pos="59.36" lane="2/2to1/2_0" slope="0.00"/>
        <vehicle id="24" x="168.23" y="401.65" angle="-90.00" type="DEFAULT_VEHTYPE" speed="11.30" pos="27.02" lane="1/2to0/2_0" slope="0.00"/>
        <vehicle id="4" x="201.65" y="476.66" angle="180.00" type="DEFAULT_VEHTYPE" speed="12.62" pos="71.91" lane="1/2to1/3_0" slope="0.00"/>
        <vehicle id="5" x="401.65" y="704.73" angle="180.00" type="DEFAULT_VEHTYPE" speed="13.04" pos="99.98" lane="2/3to2/4_0" slope="0.00"/>
        <vehicle id="6" x="201.65" y="536.59" angle="180.00" type="DEFAULT_VEHTYPE" speed="13.23" pos="131.84" lane="1/2to1/3_0" slope="0.00"/>
        <vehicle id="7" x="601.65" y="211.62" angle="180.00" type="DEFAULT_VEHTYPE" speed="9.64" pos="6.87" lane="3/1to3/2_0" slope="0.00"/>
        <vehicle id="8" x="757.27" y="601.65" angle="-90.00" type="DEFAULT_VEHTYPE" speed="13.05" pos="42.73" lane="4/3to3/3_0" slope="0.00"/>
    </timestep>
    <timestep time="82.00">
        <vehicle id="0" x="401.65" y="770.71" angle="180.00" type="DEFAULT_VEHTYPE" speed="13.15" pos="165.96" lane="2/3to2/4_0" slope="0.00"/>
        <vehicle id="1" x="198.35" y="471.66" angle="0.00" type="DEFAULT_VEHTYPE" speed="13.06" pos="123.59" lane="1/3to1/2_0" slope="0.00"/>
        <vehicle id="10" x="224.92" y="401.65" angle="-90.00" type="DEFAULT_VEHTYPE" speed="11.13" pos="170.33" lane="2/2to1/2_0" slope="0.00"/>
        <vehicle id="11" x="471.27" y="198.35" angle="90.00" type="DEFAULT_VEHTYPE" speed="12.97" pos="66.52" lane="2/1to3/1_0" slope="0.00"/>
        <vehicle id="12" x="398.35" y="784.78" angle="0.00" type="DEFAULT_VEHTYPE" speed="13.41" pos="15.22" lane="2/4to2/3_0" slope="0.00"/>
        <vehicle id="15" x="736.12" y="598.35" angle="90.00" type="DEFAULT_VEHTYPE" speed="12.61" pos="131.37" lane="3/3to4/3_0" slope="0.00"/>
        <vehicle id="16" x="398.35" y="92.80" angle="0.00" type="DEFAULT_VEHTYPE" speed="12.95" pos="102.45" lane="2/1to2/0_0" slope="0.00"/>
        <vehicle id="17" x="443.54" y="598.35" angle="90.00" type="DEFAULT_VEHTYPE" speed="13.71" pos="38.79" lane="2/3to3/3_0" slope="0.00"/>
        <vehicle id="19" x="198.35" y="501.47" angle="0.00" type="DEFAULT_VEHTYPE" speed="13.81" pos="93.78" lane="1/3to1/2_0" slope="0.00"/>
        <vehicle id="2" x="719.30" y="601.65" angle="-90.00" type="DEFAULT_VEHTYPE" speed="12.77" pos="80.70" lane="4/3to3/3_0" slope="0.00"/>
        <vehicle id="20" x="601.65" y="271.06" angle="180.00" type="DEFAULT_VEHTYPE" speed="13.15" pos="66.31" lane="3/1to3/2_0" slope="0.00"/>
        <vehicle id="22" x="122.78" y="398.35" angle="90.00" type="DEFAULT_VEHTYPE" speed="12.72" pos="122.78" lane="0/2to1/2_0" slope="0.00"/>
        <vehicle id="23" x="322.75" y="401.65" angle="-90.00" type="DEFAULT_VEHTYPE" speed="13.14" pos="72.50" lane="2/2to1/2_0" slope="0.00"/>
        <vehicle id="24" x="155.28" y="401.65" angle="-90.00" type="DEFAULT_VEHTYPE" speed="12.95" pos="39.97" lane="1/2to0/2_0" slope="0.00"/>
        <vehicle id="4" x="201.65" y="489.75" angle="180.00" type="DEFAULT_VEHTYPE" speed="13.10" pos="85.00" lane="1/2to1/3_0" slope="0.00"/>
        <vehicle id="5" x="401.65" y="717.42" angle="180.00" type="DEFAULT_VEHTYPE" speed="12.69" pos="112.67" lane="2/3to2/4_0" slope="0.00"/>
        <vehicle id="6" x="201.65" y="550.33" angle="180.00" type="DEFAULT_VEHTYPE" speed="13.75" pos="145.58" lane="1/2to1/3_0" slope="0.00"/>
        <vehicle id="7" x="601.65" y="223.42" angle="180.00" type="DEFAULT_VEHTYPE" speed="11.81" pos="18.67" lane="3/1to3/2_0" slope="0.00"/>
        <vehicle id="8" x="744.31" y="601.65" angle="-90.00" type="DEFAULT_VEHTYPE" speed="12.96" pos="55.69" lane="4/3to3/3_0" slope="0.00"/>
    </timestep>
    <timestep time="83.00">
        <vehicle id="0" x="401.65" y="784.09" angle="180.00" type="DEFAULT_VEHTYPE" speed="13.39" pos="179.34" lane="2/3to2/4_0" slope="0.00"/>
        <vehicle id="1" x="198.35" y="458.16" angle="0.00" type="DEFAULT_VEHTYPE" speed="13.50" pos="137.09" lane="1/3to1/2_0" slope="0.00"/>
        <vehicle id="10" x="216.97" y="401.65" angle="-90.00" type="DEFAULT_VEHTYPE" speed="7.95" pos="178.28" lane="2/2to1/2_0" slope="0.00"/>
        <vehicle id="11" x="484.27" y="198.35" angle="90.00" type="DEFAULT_VEHTYPE" speed="13.00" pos="79.52" lane="2/1to3/1_0" slope="0.00"/>
        <vehicle id="12" x="398.35" y="771.04" angle="0.00" type="DEFAULT_VEHTYPE" speed="13.74" pos="28.96" lane="2/4to2/3_0" slope="0.00"/>
        <vehicle id="15" x="749.56" y="598.35" angle="90.00" type="DEFAULT_VEHTYPE" speed="13.44" pos="144.81" lane="3/3to4/3_0" slope="0.00"/>
        <vehicle id="16" x="398.35" y="79.15" angle="0.00" type="DEFAULT_VEHTYPE" speed="13.64" pos="116.10" lane="2/1to2/0_0" slope="0.00"/>
        <vehicle id="17" x="457.14" y="598.35" angle="90.00" type="DEFAULT_VEHTYPE" speed="13.60" pos="52.39" lane="2/3to3/3_0" slope="0.00"/>
        <vehicle id="19" x="198.35" y="488.26" angle="0.00" type="DEFAULT_VEHTYPE" speed="13.21" pos="106.99" lane="1/3to1/2_0" slope="0.00"/>
        <vehicle id="2" x="706.40" y="601.65" angle="-90.00" type="DEFAULT_VEHTYPE" speed="12.91" pos="93.60" lane="4/3to3/3_0" slope="0.00"/>
        <vehicle id="20" x="601.65" y="284.46" angle="180.00" type="DEFAULT_VEHTYPE" speed="13.39" pos="79.71" lane="3/1to3/2_0" slope="0.00"/>
        <vehicle id="22" x="135.99" y="398.35" angle="90.00" type="DEFAULT_VEHTYPE" speed="13.22" pos="135.99" lane="0/2to1/2_0" slope="0.00"/>
        <vehicle id="23" x="309.04" y="401.65" angle="-90.00" type="DEFAULT_VEHTYPE" speed="13.70" pos="86.21" lane="2/2to1/2_0" slope="0.00"/>
        <vehicle id="24" x="142.08" y="401.65" angle="-90.00" type="DEFAULT_VEHTYPE" speed="13.20" pos="53.17" lane="1/2to0/2_0" slope="0.00"/>
        <vehicle id="4" x="201.65" y="502.95" angle="180.00" type="DEFAULT_VEHTYPE" speed="13.20" pos="98.20" lane="1/2to1/3_0" slope="0.00"/>
        <vehicle id="5" x="401.65" y="730.08" angle="180.00" type="DEFAULT_VEHTYPE" speed="12.66" pos="125.33" lane="2/3to2/4_0" slope="0.00"/>
        <vehicle id="6" x="201.65" y="563.53" angle="180.00" type="DEFAULT_VEHTYPE" speed="13.20" pos="158.78" lane="1/2to1/3_0" slope="0.00"/>
        <vehicle id="7" x="601.65" y="236.31" angle="180.00" type="DEFAULT_VEHTYPE" speed="12.89" pos="31.56" lane="3/1to3/2_0" slope="0.00"/>
        <vehicle id="8" x="731.58" y="601.65" angle="-90.00" type="DEFAULT_VEHTYPE" speed="12.73" pos="68.42" lane="4/3to3/3_0" slope="0.00"/>
    </timestep>
    <timestep time="84.00">
        <vehicle id="0" x="401.65" y="797.75" angle="180.00" type="DEFAULT_VEHTYPE" speed="13.66" pos="193.00" lane="2/3to2/4_0" slope="0.00"/>
        <vehicle id="1" x="198.35" y="445.49" angle="0.00" type="DEFAULT_VEHTYPE" speed="12.68" pos="149.76" lane="1/3to1/2_0" slope="0.00"/>
        <vehicle id="10" x="211.09" y="401.65" angle="-90.00" type="DEFAULT_VEHTYPE" speed="5.88" pos="184.16" lane="2/2to1/2_0" slope="0.00"/>
        <vehicle id="11" x="497.55" y="198.35" angle="90.00" type="DEFAULT_VEHTYPE" speed="13.28" pos="92.80" lane="2/1to3/1_0" slope="0.00"/>
        <vehicle id="12" x="398.35" y="758.26" angle="0.00" type="DEFAULT_VEHTYPE" speed="12.78" pos="41.74" lane="2/4to2/3_0" slope="0.00"/>
        <vehicle id="15" x="763.14" y="598.35" angle="90.00" type="DEFAULT_VEHTYPE" speed="13.59" pos="158.39" lane="3/3to4/3_0" slope="0.00"/>
        <vehicle id="16" x="398.35" y="66.49" angle="0.00" type="DEFAULT_VEHTYPE" speed="12.67" pos="128.76" lane="2/1to2/0_0" slope="0.00"/>
        <vehicle id="17" x="469.87" y="598.35" angle="90.00" type="DEFAULT_VEHTYPE" speed="12.73" pos="65.12" lane="2/3to3/3_0" slope="0.00"/>
        <vehicle id="19" x="198.35" y="475.37" angle="0.00" type="DEFAULT_VEHTYPE" speed="12.89" pos="119.88" lane="1/3to1/2_0" slope="0.00"/>
        <vehicle id="2" x="693.39" y="601.65" angle="-90.00" type="DEFAULT_VEHTYPE" speed="13.01" pos="106.61" lane="4/3to3/3_0" slope="0.00"/>
        <vehicle id="20" x="601.65" y="297.80" angle="180.00" type="DEFAULT_VEHTYPE" speed="13.34" pos="93.05" lane="3/1to3/2_0" slope="0.00"/>
        <vehicle id="22" x="149.17" y="398.35" angle="90.00" type="DEFAULT_VEHTYPE" speed="13.18" pos="149.17" lane="0/2to1/2_0" slope="0.00"/>
        <vehicle id="23" x="296.29" y="401.65" angle="-90.00" type="DEFAULT_VEHTYPE" speed="12.75" pos="98.96" lane="2/2to1/2_0" slope="0.00"/>
        <vehicle id="24" x="129.14" y="401.65" angle="-90.00" type="DEFAULT_VEHTYPE" speed="12.94" pos="66.11" lane="1/2to0/2_0" slope="0.00"/>
        <vehicle id="4" x="201.65" y="516.68" angle="180.00" type="DEFAULT_VEHTYPE" speed="13.73" pos="111.93" lane="1/2to1/3_0" slope="0.00"/>
        <vehicle id="5" x="401.65" y="743.51" angle="180.00" type="DEFAULT_VEHTYPE" speed="13.42" pos="138.76" lane="2/3to2/4_0" slope="0.00"/>
        <vehicle id="6" x="201.65" y="577.35" angle="180.00" type="DEFAULT_VEHTYPE" speed="13.82" pos="172.60" lane="1/2to1/3_0" slope="0.00"/>
        <vehicle id="7" x="601.65" y="249.84" angle="180.00" type="DEFAULT_VEHTYPE" speed="13.53" pos="45.09" lane="3/1to3/2_0" slope="0.00"/>
        <vehicle id="8" x="718.19" y="601.65" angle="-90.00" type="DEFAULT_VEHTYPE" speed="13.39" pos="81.81" lane="4/3to3/3_0" slope="0.00"/>
    </timestep>
    <timestep time="85.00">
        <vehicle id="0" x="398.35" y="794.23" angle="0.00" type="DEFAULT_VEHTYPE" speed="12.84" pos="5.77" lane="2/4to2/3_0" slope="0.00"/>
        <vehicle id="1" x="198.35" y="431.94" angle="0.00" type="DEFAULT_VEHTYPE" speed="13.55" pos="163.31" lane="1/3to1/2_0" slope="0.00"/>
        <vehicle id="10" x="209.10" y="401.65" angle="-90.00" type="DEFAULT_VEHTYPE" speed="1.99" pos="186.15" lane="2/2to1/2_0" slope="0.00"/>
        <vehicle id="11" x="510.71" y="198.35" angle="90.00" type="DEFAULT_VEHTYPE" speed="13.16" pos="105.96" lane="2/1to3/1_0" slope="0.00"/>
        <vehicle id="12" x="398.35" y="745.42" angle="0.00" type="DEFAULT_VEHTYPE" speed="12.84" pos="54.58" lane="2/4to2/3_0" slope="0.00"/>
        <vehicle id="15" x="776.72" y="598.35" angle="90.00" type="DEFAULT_VEHTYPE" speed="13.57" pos="171.97" lane="3/3to4/3_0" slope="0.00"/>
        <vehicle id="16" x="398.35" y="52.73" angle="0.00" type="DEFAULT_VEHTYPE" speed="13.75" pos="142.52" lane="2/1to2/0_0" slope="0.00"/>
        <vehicle id="17" x="483.22" y="598.35" angle="90.00" type="DEFAULT_VEHTYPE" speed="13.35" pos="78.47" lane="2/3to3/3_0" slope="0.00"/>
        <vehicle id="19" x="198.35" y="461.48" angle="0.00" type="DEFAULT_VEHTYPE" speed="13.89" pos="133.77" lane="1/3to1/2_0" slope="0.00"/>
        <vehicle id="2" x="679.76" y="601.65" angle="-90.00" type="DEFAULT_VEHTYPE" speed="13.63" pos="120.24" lane="4/3to3/3_0" slope="0.00"/>
        <vehicle id="20" x="601.65" y="310.43" angle="180.00" type="DEFAULT_VEHTYPE" speed="12.63" pos="105.68" lane="3/1to3/2_0" slope="0.00"/>
        <vehicle id="22" x="162.60" y="398.35" angle="90.00" type="DEFAULT_VEHTYPE" speed="13.43" pos="162.60" lane="0/2to1/2_0" slope="0.00"/>
        <vehicle id="23" x="282.65" y="401.65" angle="-90.00" type="DEFAULT_VEHTYPE" speed="13.64" pos="112.60" lane="2/2to1/2_0" slope="0.00"/>
        <vehicle id="24" x="115.72" y="401.65" angle="-90.00" type="DEFAULT_VEHTYPE" speed="13.42" pos="79.53" lane="1/2to0/2_0" slope="0.00"/>
        <vehicle id="4" x="201.65" y="530.43" angle="180.00" type="DEFAULT_VEHTYPE" speed="13.75" pos="125.68" lane="1/2to1/3_0" slope="0.00"/>
        <vehicle id="5" x="401.65" y="756.33" angle="180.00" type="DEFAULT_VEHTYPE" speed="12.82" pos="151.58" lane="2/3to2/4_0" slope="0.00"/>
        <vehicle id="6" x="201.65" y="590.04" angle="180.00" type="DEFAULT_VEHTYPE" speed="12.68" pos="185.29" lane="1/2to1/3_0" slope="0.00"/>
        <vehicle id="7" x="601.65" y="263.56" angle="180.00" type="DEFAULT_VEHTYPE" speed="13.71" pos="58.81" lane="3/1to3/2_0" slope="0.00"/>
        <vehicle id="8" x="704.47" y="601.65" angle="-90.00" type="DEFAULT_VEHTYPE" speed="13.72" pos="95.53" lane="4/3to3/3_0" slope="0.00"/>
    </timestep>
    <timestep time="86.00">
        <vehicle id="0" x="398.35" y="780.72" angle="0.00" type="DEFAULT_VEHTYPE" speed="13.51" pos="19.28" lane="2/4to2/3_0" slope="0.00"/>
        <vehicle id="1" x="198.35" y="418.09" angle="0.00" type="DEFAULT_VEHTYPE" speed="13.84" pos="177.16" lane="1/3to1/2_0" slope="0.00"/>
        <vehicle id="10" x="208.05" y="401.65" angle="-90.00" type="DEFAULT_VEHTYPE" speed="1.06" pos="187.20" lane="2/2to1/2_0" slope="0.00"/>
        <vehicle id="11" x="524.53" y="198.35" angle="90.00" type="DEFAULT_VEHTYPE" speed="13.82" pos="119.78" lane="2/1to3/1_0" slope="0.00"/>
        <vehicle id="12" x="398.35" y="732.39" angle="0.00" type="DEFAULT_VEHTYPE" speed="13.03" pos="67.61" lane="2/4to2/3_0" slope="0.00"/>
        <vehicle id="15" x="790.56" y="598.35" angle="90.00" type="DEFAULT_VEHTYPE" speed="13.85" pos="185.81" lane="3/3to4/3_0" slope="0.00"/>
        <vehicle id="16" x="398.35" y="40.11" angle="0.00" type="DEFAULT_VEHTYPE" speed="12.62" pos="155.14" lane="2/1to2/0_0" slope="0.00"/>
        <vehicle id="17" x="496.99" y="598.35" angle="90.00" type="DEFAULT_VEHTYPE" speed="13.76" pos="92.24" lane="2/3to3/3_0" slope="0.00"/>
        <vehicle id="19" x="198.35" y="448.51" angle="0.00" type="DEFAULT_VEHTYPE" speed="12.97" pos="146.74" lane="1/3to1/2_0" slope="0.00"/>
        <vehicle id="2" x="666.05" y="601.65" angle="-90.00" type="DEFAULT_VEHTYPE" speed="13.70" pos="133.95" lane="4/3to3/3_0" slope="0.00"/>
        <vehicle id="20" x="601.65" y="323.94" angle="180.00" type="DEFAULT_VEHTYPE" speed="13.51" pos="119.19" lane="3/1to3/2_0" slope="0.00"/>
        <vehicle id="22" x="176.00" y="398.35" angle="90.00" type="DEFAULT_VEHTYPE" speed="13.40" pos="176.00" lane="0/2to1/2_0" slope="0.00"/>
        <vehicle id="23" x="268.95" y="401.65" angle="-90.00" type="DEFAULT_VEHTYPE" speed="13.69" pos="126.30" lane="2/2to1/2_0" slope="0.00"/>
        <vehicle id="24" x="102.70" y="401.65" angle="-90.00" type="DEFAULT_VEHTYPE" speed="13.03" pos="92.55" lane="1/2to0/2_0" slope="0.00"/>
        <vehicle id="4" x="201.65" y="543.80" angle="180.00" type="DEFAULT_VEHTYPE" speed="13.36" pos="139.05" lane="1/2to1/3_0" slope="0.00"/>
        <vehicle id="5" x="401.65" y="770.10" angle="180.00" type="DEFAULT_VEHTYPE" speed="13.77" pos="165.35" lane="2/3to2/4_0" slope="0.00"/>
        <vehicle id="6" x="207.62" y="598.35" angle="96.80" type="DEFAULT_VEHTYPE" speed="13.09" pos="2.87" lane="1/3to2/3_0" slope="0.00"/>
        <vehicle id="7" x="601.65" y="276.60" angle="180.00" type="DEFAULT_VEHTYPE" speed="13.05" pos="71.85" lane="3/1to3/2_0" slope="0.00"/>
        <vehicle id="8" x="691.21" y="601.65" angle="-90.00" type="DEFAULT_VEHTYPE" speed="13.27" pos="108.79" lane="4/3to3/3_0" slope="0.00"/>
    </timestep>
    <timestep time="87.00">
        <vehicle id="0" x="398.35" y="767.98" angle="0.00" type="DEFAULT_VEHTYPE" speed="12.74" pos="32.02" lane="2/4to2/3_0" slope="0.00"/>
        <vehicle id="1" x="198.35" y="404.32" angle="0.00" type="DEFAULT_VEHTYPE" speed="13.77" pos="0.43" lane=":1/2_1_0" slope="0.00"/>
        <vehicle id="10" x="207.62" y="401.65" angle="-90.00" type="DEFAULT_VEHTYPE" speed="0.42" pos="187.63" lane="2/2to1/2_0" slope="0.00"/>
        <vehicle id="11" x="537.69" y="198.35" angle="90.00" type="DEFAULT_VEHTYPE" speed="13.16" pos="132.94" lane="2/1to3/1_0" slope="0.00"/>
        <vehicle id="12" x="398.35" y="718.83" angle="0.00" type="DEFAULT_VEHTYPE" speed="13.56" pos="81.17" lane="2/4to2/3_0" slope="0.00"/>
        <vehicle id="15" x="800.62" y="601.24" angle="151.99" type="DEFAULT_VEHTYPE" speed="13.52" pos="4.08" lane=":4/3_0_0" slope="0.00"/>
        <vehicle id="16" x="398.35" y="27.02" angle="0.00" type="DEFAULT_VEHTYPE" speed="13.10" pos="168.23" lane="2/1to2/0_0" slope="0.00"/>
        <vehicle id="17" x="510.71" y="598.35" angle="90.00" type="DEFAULT_VEHTYPE" speed="13.72" pos="105.96" lane="2/3to3/3_0" slope="0.00"/>
        <vehicle id="19" x="198.35" y="434.89" angle="0.00" type="DEFAULT_VEHTYPE" speed="13.62" pos="160.36" lane="1/3to1/2_0" slope="0.00"/>
        <vehicle id="2" x="652.87" y="601.65" angle="-90.00" type="DEFAULT_VEHTYPE" speed="13.19" pos="147.13" lane="4/3to3/3_0" slope="0.00"/>
        <vehicle id="20" x="601.65" y="337.29" angle="180.00" type="DEFAULT_VEHTYPE" speed="13.35" pos="132.54" lane="3/1to3/2_0" slope="0.00"/>
        <vehicle id="22" x="188.68" y="398.35" angle="90.00" type="DEFAULT_VEHTYPE" speed="12.69" pos="188.68" lane="0/2to1/2_0" slope="0.00"/>
        <vehicle id="23" x="255.12" y="401.65" angle="-90.00" type="DEFAULT_VEHTYPE" speed="13.84" pos="140.13" lane="2/2to1/2_0" slope="0.00"/>
        <vehicle id="24" x="90.08" y="401.65" angle="-90.00" type="DEFAULT_VEHTYPE" speed="12.62" pos="105.17" lane="1/2to0/2_0" slope="0.00"/>
        <vehicle id="4" x="201.65" y="557.40" angle="180.00" type="DEFAULT_VEHTYPE" speed="13.61" pos="152.65" lane="1/2to1/3_0" slope="0.00"/>
        <vehicle id="5" x="401.65" y="783.97" angle="180.00" type="DEFAULT_VEHTYPE" speed="13.87" pos="179.22" lane="2/3to2/4_0" slope="0.00"/>
        <vehicle id="6" x="221.48" y="598.35" angle="90.00" type="DEFAULT_VEHTYPE" speed="13.86" pos="16.73" lane="1/3to2/3_0" slope="0.00"/>
        <vehicle id="7" x="601.65" y="289.71" angle="180.00" type="DEFAULT_VEHTYPE" speed="13.11" pos="84.96" lane="3/1to3/2_0" slope="0.00"/>
        <vehicle id="8" x="677.93" y="601.65" angle="-90.00" type="DEFAULT_VEHTYPE" speed="13.28" pos="122.07" lane="4/3to3/3_0" slope="0.00"/>
    </timestep>
    <timestep time="88.00">
        <vehicle id="0" x="398.35" y="755.36" angle="0.00" type="DEFAULT_VEHTYPE" speed="12.62" pos="44.64" lane="2/4to2/3_0" slope="0.00"/>
        <vehicle id="1" x="198.35" y="391.41" angle="0.00" type="DEFAULT_VEHTYPE" speed="12.91" pos="3.84" lane="1/2to1/1_0" slope="0.00"/>
        <vehicle id="10" x="206.48" y="401.65" angle="-90.00" type="DEFAULT_VEHTYPE" speed="1.14" pos="188.77" lane="2/2to1/2_0" slope="0.00"/>
        <vehicle id="11" x="551.50" y="198.35" angle="90.00" type="DEFAULT_VEHTYPE" speed="13.82" pos="146.75" lane="2/1to3/1_0" slope="0.00"/>
        <vehicle id="12" x="398.35" y="704.94" angle="0.00" type="DEFAULT_VEHTYPE" speed="13.89" pos="95.06" lane="2/4to2/3_0" slope="0.00"/>
        <vehicle id="15" x="787.72" y="601.65" angle="-90.00" type="DEFAULT_VEHTYPE" speed="13.02" pos="12.28" lane="4/3to3/3_0" slope="0.00"/>
        <vehicle id="16" x="398.35" y="13.97" angle="0.00" type="DEFAULT_VEHTYPE" speed="13.05" pos="181.28" lane="2/1to2/0_0" slope="0.00"/>
        <vehicle id="17" x="523.88" y="598.35" angle="90.00" type="DEFAULT_VEHTYPE" speed="13.16" pos="119.13" lane="2/3to3/3_0" slope="0.00"/>
        <vehicle id="19" x="198.35" y="423.61" angle="0.00" type="DEFAULT_VEHTYPE" speed="11.29" pos="171.64" lane="1/3to1/2_0" slope="0.00"/>
        <vehicle id="2" x="639.06" y="601.65" angle="-90.00" type="DEFAULT_VEHTYPE" speed="13.81" pos="160.94" lane="4/3to3/3_0" slope="0.00"/>
        <vehicle id="20" x="601.65" y="350.00" angle="180.00" type="DEFAULT_VEHTYPE" speed="12.71" pos="145.25" lane="3/1to3/2_0" slope="0.00"/>
        <vehicle id="23" x="241.31" y="401.65" angle="-90.00" type="DEFAULT_VEHTYPE" speed="13.81" pos="153.94" lane="2/2to1/2_0" slope="0.00"/>
        <vehicle id="24" x="76.27" y="401.65" angle="-90.00" type="DEFAULT_VEHTYPE" speed="13.80" pos="118.98" lane="1/2to0/2_0" slope="0.00"/>
        <vehicle id="4" x="201.65" y="570.26" angle="180.00" type="DEFAULT_VEHTYPE" speed="12.85" pos="165.51" lane="1/2to1/3_0" slope="0.00"/>
        <vehicle id="5" x="401.65" y="797.86" angle="180.00" type="DEFAULT_VEHTYPE" speed="13.89" pos="193.11" lane="2/3to2/4_0" slope="0.00"/>
        <vehicle id="6" x="234.94" y="598.35" angle="90.00" type="DEFAULT_VEHTYPE" speed="13.46" pos="30.19" lane="1/3to2/3_0" slope="0.00"/>
        <vehicle id="7" x="601.65" y="303.15" angle="180.00" type="DEFAULT_VEHTYPE" speed="13.43" pos="98.40" lane="3/1to3/2_0" slope="0.00"/>
        <vehicle id="8" x="665.02" y="601.65" angle="-90.00" type="DEFAULT_VEHTYPE" speed="12.92" pos="134.98" lane="4/3to3/3_0" slope="0.00"/>
    </timestep>
    <timestep time="89.00">
        <vehicle id="0" x="398.35" y="741.58" angle="0.00" type="DEFAULT_VEHTYPE" speed="13.78" pos="58.42" lane="2/4to2/3_0" slope="0.00"/>
        <vehicle id="1" x="198.35" y="377.62" angle="0.00" type="DEFAULT_VEHTYPE" speed="13.80" pos="17.63" lane="1/2to1/1_0" slope="0.00"/>
        <vehicle id="10" x="203.43" y="401.46" angle="-87.84" type="DEFAULT_VEHTYPE" speed="3.06" pos="1.33" lane=":1/2_6_0" slope="0.00"/>
        <vehicle id="11" x="564.99" y="198.35" angle="90.00" type="DEFAULT_VEHTYPE" speed="13.49" pos="160.24" lane="2/1to3/1_0" slope="0.00"/>
        <vehicle id="12" x="398.35" y="692.16" angle="0.00" type="DEFAULT_VEHTYPE" speed="12.78" pos="107.84" lane="2/4to2/3_0" slope="0.00"/>
        <vehicle id="15" x="774.71" y="601.65" angle="-90.00" type="DEFAULT_VEHTYPE" speed="13.01" pos="25.29" lane="4/3to3/3_0" slope="0.00"/>
        <vehicle id="16" x="398.35" y="0.44" angle="0.00" type="DEFAULT_VEHTYPE" speed="13.53" pos="194.81" lane="2/1to2/0_0" slope="0.00"/>
        <vehicle id="17" x="537.76" y="598.35" angle="90.00" type="DEFAULT_VEHTYPE" speed="13.88" pos="133.01" lane="2/3to3/3_0" slope="0.00"/>
        <vehicle id="19" x="198.35" y="416.05" angle="0.00" type="DEFAULT_VEHTYPE" speed="7.55" pos="179.20" lane="1/3to1/2_0" slope="0.00"/>
        <vehicle id="2" x="626.80" y="601.65" angle="-90.00" type="DEFAULT_VEHTYPE" speed="12.26" pos="173.20" lane="4/3to3/3_0" slope="0.00"/>
        <vehicle id="20" x="601.65" y="363.38" angle="180.00" type="DEFAULT_VEHTYPE" speed="13.38" pos="158.63" lane="3/1to3/2_0" slope="0.00"/>
        <vehicle id="23" x="230.53" y="401.65" angle="-90.00" type="DEFAULT_VEHTYPE" speed="10.77" pos="164.72" lane="2/2to1/2_0" slope="0.00"/>
        <vehicle id="24" x="63.20" y="401.65" angle="-90.00" type="DEFAULT_VEHTYPE" speed="13.08" pos="132.05" lane="1/2to0/2_0" slope="0.00"/>
        <vehicle id="4" x="201.65" y="583.96" angle="180.00" type="DEFAULT_VEHTYPE" speed="13.70" pos="179.21" lane="1/2to1/3_0" slope="0.00"/>
        <vehicle id="5" x="398.35" y="793.79" angle="0.00" type="DEFAULT_VEHTYPE" speed="13.18" pos="6.21" lane="2/4to2/3_0" slope="0.00"/>
        <vehicle id="6" x="247.99" y="598.35" angle="90.00" type="DEFAULT_VEHTYPE" speed="13.04" pos="43.24" lane="1/3to2/3_0" slope="0.00"/>
        <vehicle id="7" x="601.65" y="316.31" angle="180.00" type="DEFAULT_VEHTYPE" speed="13.17" pos="111.56" lane="3/1to3/2_0" slope="0.00"/>
        <vehicle id="8" x="651.87" y="601.65" angle="-90.00" type="DEFAULT_VEHTYPE" speed="13.15" pos="148.13" lane="4/3to3/3_0" slope="0.00"/>
    </timestep>
    <timestep time="90.00">
        <vehicle id="0" x="398.35" y="727.90" angle="0.00" type="DEFAULT_VEHTYPE" speed="13.68" pos="72.10" lane="2/4to2/3_0" slope="0.00"/>
        <vehicle id="1" x="198.35" y="364.83" angle="0.00" type="DEFAULT_VEHTYPE" speed="12.79" pos="30.42" lane="1/2to1/1_0" slope="0.00"/>
        <vehicle id="10" x="199.43" y="399.18" angle="-61.07" type="DEFAULT_VEHTYPE" speed="4.84" pos="6.17" lane=":1/2_6_0" slope="0.00"/>
        <vehicle id="11" x="576.86" y="198.35" angle="90.00" type="DEFAULT_VEHTYPE" speed="11.87" pos="172.11" lane="2/1to3/1_0" slope="0.00"/>
        <vehicle id="12" x="398.35" y="678.67" angle="0.00" type="DEFAULT_VEHTYPE" speed="13.50" pos="121.33" lane="2/4to2/3_0" slope="0.00"/>
        <vehicle id="15" x="761.01" y="601.65" angle="-90.00" type="DEFAULT_VEHTYPE" speed="13.70" pos="38.99" lane="4/3to3/3_0" slope="0.00"/>
        <vehicle id="17" x="551.30" y="598.35" angle="90.00" type="DEFAULT_VEHTYPE" speed="13.54" pos="146.55" lane="2/3to3/3_0" slope="0.00"/>
        <vehicle id="19" x="198.35" y="410.91" angle="0.00" type="DEFAULT_VEHTYPE" speed="5.15" pos="184.34" lane="1/3to1/2_0" slope="0.00"/>
        <vehicle id="2" x="618.49" y="601.65" angle="-90.00" type="DEFAULT_VEHTYPE" speed="8.31" pos="181.51" lane="4/3to3/3_0" slope="0.00"/>
        <vehicle id="20" x="601.65" y="375.02" angle="180.00" type="DEFAULT_VEHTYPE" speed="11.64" pos="170.27" lane="3/1to3/2_0" slope="0.00"/>
        <vehicle id="23" x="221.38" y="401.65" angle="-90.00" type="DEFAULT_VEHTYPE" speed="9.15" pos="173.87" lane="2/2to1/2_0" slope="0.00"/>
        <vehicle id="24" x="49.89" y="401.65" angle="-90.00" type="DEFAULT_VEHTYPE" speed="13.30" pos="145.36" lane="1/2to0/2_0" slope="0.00"/>
        <vehicle id="4" x="201.86" y="596.64" angle="177.61" type="DEFAULT_VEHTYPE" speed="12.70" pos="1.41" lane=":1/3_8_0" slope="0.00"/>
        <vehicle id="5" x="398.35" y="780.41" angle="0.00" type="DEFAULT_VEHTYPE" speed="13.38" pos="19.59" lane="2/4to2/3_0" slope="0.00"/>
        <vehicle id="6" x="261.56" y="598.35" angle="90.00" type="DEFAULT_VEHTYPE" speed="13.57" pos="56.81" lane="1/3to2/3_0" slope="0.00"/>
        <vehicle id="7" x="601.65" y="329.15" angle="180.00" type="DEFAULT_VEHTYPE" speed="12.84" pos="124.40" lane="3/1to3/2_0" slope="0.00"/>
        <vehicle id="8" x="638.98" y="601.65" angle="-90.00" type="DEFAULT_VEHTYPE" speed="12.89" pos="161.02" lane="4/3to3/3_0" slope="0.00"/>
    </timestep>
    <timestep time="91.00">
        <vehicle id="0" x="398.35" y="714.48" angle="0.00" type="DEFAULT_VEHTYPE" speed="13.42" pos="85.52" lane="2/4to2/3_0" slope="0.00"/>
        <vehicle id="1" x="198.35" y="351.79" angle="0.00" type="DEFAULT_VEHTYPE" speed="13.04" pos="43.46" lane="1/2to1/1_0" slope="0.00"/>
        <vehicle id="10" x="198.35" y="392.91" angle="-4.33" type="DEFAULT_VEHTYPE" speed="6.49" pos="2.34" lane="1/2to1/1_0" slope="0.00"/>
        <vehicle id="11" x="584.63" y="198.35" angle="90.00" type="DEFAULT_VEHTYPE" speed="7.77" pos="179.88" lane="2/1to3/1_0" slope="0.00"/>
        <vehicle id="12" x="398.35" y="664.97" angle="0.00" type="DEFAULT_VEHTYPE" speed="13.69" pos="135.03" lane="2/4to2/3_0" slope="0.00"/>
        <vehicle id="15" x="748.01" y="601.65" angle="-90.00" type="DEFAULT_VEHTYPE" speed="13.00" pos="51.99" lane="4/3to3/3_0" slope="0.00"/>
        <vehicle id="17" x="564.62" y="598.35" angle="90.00" type="DEFAULT_VEHTYPE" speed="13.32" pos="159.87" lane="2/3to3/3_0" slope="0.00"/>
        <vehicle id="19" x="198.72" y="404.19" angle="4.37" type="DEFAULT_VEHTYPE" speed="6.83" pos="0.68" lane=":1/2_3_0" slope="0.00"/>
        <vehicle id="2" x="612.55" y="601.65" angle="-90.00" type="DEFAULT_VEHTYPE" speed="5.94" pos="187.45" lane="4/3to3/3_0" slope="0.00"/>
        <vehicle id="20" x="601.65" y="383.33" angle="180.00" type="DEFAULT_VEHTYPE" speed="8.31" pos="178.58" lane="3/1to3/2_0" slope="0.00"/>
        <vehicle id="23" x="213.94" y="401.65" angle="-90.00" type="DEFAULT_VEHTYPE" speed="7.44" pos="181.31" lane="2/2to1/2_0" slope="0.00"/>
        <vehicle id="24" x="36.15" y="401.65" angle="-90.00" type="DEFAULT_VEHTYPE" speed="13.74" pos="159.10" lane="1/2to0/2_0" slope="0.00"/>
        <vehicle id="4" x="214.98" y="598.35" angle="90.00" type="DEFAULT_VEHTYPE" speed="13.82" pos="10.23" lane="1/3to2/3_0" slope="0.00"/>
        <vehicle id="5" x="398.35" y="767.62" angle="0.00" type="DEFAULT_VEHTYPE" speed="12.78" pos="32.38" lane="2/4to2/3_0" slope="0.00"/>
        <vehicle id="6" x="275.28" y="598.35" angle="90.00" type="DEFAULT_VEHTYPE" speed="13.73" pos="70.53" lane="1/3to2/3_0" slope="0.00"/>
        <vehicle id="7" x="601.65" y="342.22" angle="180.00" type="DEFAULT_VEHTYPE" speed="13.07" pos="137.47" lane="3/1to3/2_0" slope="0.00"/>
        <vehicle id="8" x="629.52" y="601.65" angle="-90.00" type="DEFAULT_VEHTYPE" speed="9.46" pos="170.48" lane="4/3to3/3_0" slope="0.00"/>
    </timestep>
    <timestep time="92.00">
        <vehicle id="0" x="398.35" y="701.28" angle="0.00" type="DEFAULT_VEHTYPE" speed="13.20" pos="98.72" lane="2/4to2/3_0" slope="0.00"/>
        <vehicle id="1" x="198.35" y="337.97" angle="0.00" type="DEFAULT_VEHTYPE" speed="13.81" pos="57.28" lane="1/2to1/1_0" slope="0.00"/>
        <vehicle id="10" x="198.35" y="384.05" angle="0.00" type="DEFAULT_VEHTYPE" speed="8.86" pos="11.20" lane="1/2to1/1_0" slope="0.00"/>
        <vehicle id="11" x="589.22" y="198.35" angle="90.00" type="DEFAULT_VEHTYPE" speed="4.59" pos="184.47" lane="2/1to3/1_0" slope="0.00"/>
        <vehicle id="12" x="398.35" y="651.99" angle="0.00" type="DEFAULT_VEHTYPE" speed="12.99" pos="148.01" lane="2/4to2/3_0" slope="0.00"/>
        <vehicle id="15" x="734.46" y="601.65" angle="-90.00" type="DEFAULT_VEHTYPE" speed="13.55" pos="65.54" lane="4/3to3/3_0" slope="0.00"/>
        <vehicle id="17" x="575.98" y="598.35" angle="90.00" type="DEFAULT_VEHTYPE" speed="11.36" pos="171.23" lane="2/3to3/3_0" slope="0.00"/>
        <vehicle id="19" x="201.65" y="409.45" angle="178.06" type="DEFAULT_VEHTYPE" speed="8.84" pos="4.70" lane="1/2to1/3_0" slope="0.00"/>
        <vehicle id="2" x="609.84" y="601.65" angle="-90.00" type="DEFAULT_VEHTYPE" speed="2.71" pos="190.16" lane="4/3to3/3_0" slope="0.00"/>
        <vehicle id="20" x="601.65" y="388.19" angle="180.00" type="DEFAULT_VEHTYPE" speed="4.86" pos="183.44" lane="3/1to3/2_0" slope="0.00"/>
        <vehicle id="23" x="210.04" y="401.65" angle="-90.00" type="DEFAULT_VEHTYPE" speed="3.90" pos="185.21" lane="2/2to1/2_0" slope="0.00"/>
        <vehicle id="24" x="22.26" y="401.65" angle="-90.00" type="DEFAULT_VEHTYPE" speed="13.89" pos="172.99" lane="1/2to0/2_0" slope="0.00"/>
        <vehicle id="4" x="227.94" y="598.35" angle="90.00" type="DEFAULT_VEHTYPE" speed="12.96" pos="23.19" lane="1/3to2/3_0" slope="0.00"/>
        <vehicle id="5" x="398.35" y="754.62" angle="0.00" type="DEFAULT_VEHTYPE" speed="13.01" pos="45.38" lane="2/4to2/3_0" slope="0.00"/>
        <vehicle id="6" x="288.52" y="598.35" angle="90.00" type="DEFAULT_VEHTYPE" speed="13.24" pos="83.77" lane="1/3to2/3_0" slope="0.00"/>
        <vehicle id="7" x="601.65" y="355.09" angle="180.00" type="DEFAULT_VEHTYPE" speed="12.87" pos="150.34" lane="3/1to3/2_0" slope="0.00"/>
        <vehicle id="8" x="623.08" y="601.65" angle="-90.00" type="DEFAULT_VEHTYPE" speed="6.44" pos="176.92" lane="4/3to3/3_0" slope="0.00"/>
    </timestep>
    <timestep time="93.00">
        <vehicle id="0" x="398.35" y="688.05" angle="0.00" type="DEFAULT_VEHTYPE" speed="13.22" pos="111.95" lane="2/4to2/3_0" slope="0.00"/>
        <vehicle id="1" x="198.35" y="324.45" angle="0.00" type="DEFAULT_VEHTYPE" speed="13.52" pos="70.80" lane="1/2to1/1_0" slope="0.00"/>
        <vehicle id="10" x="198.35" y="373.64" angle="0.00" type="DEFAULT_VEHTYPE" speed="10.41" pos="21.61" lane="1/2to1/1_0" slope="0.00"/>
        <vehicle id="11" x="595.58" y="198.40" angle="90.54" type="DEFAULT_VEHTYPE" speed="6.36" pos="0.33" lane=":3/1_14_0" slope="0.00"/>
        <vehicle id="12" x="398.35" y="638.20" angle="0.00" type="DEFAULT_VEHTYPE" speed="13.78" pos="161.80" lane="2/4to2/3_0" slope="0.00"/>
        <vehicle id="15" x="720.82" y="601.65" angle="-90.00" type="DEFAULT_VEHTYPE" speed="13.64" pos="79.18" lane="4/3to3/3_0" slope="0.00"/>
        <vehicle id="17" x="583.92" y="598.35" angle="90.00" type="DEFAULT_VEHTYPE" speed="7.95" pos="179.17" lane="2/3to3/3_0" slope="0.00"/>
        <vehicle id="19" x="201.65" y="420.40" angle="180.00" type="DEFAULT_VEHTYPE" speed="10.96" pos="15.65" lane="1/2to1/3_0" slope="0.00"/>
        <vehicle id="2" x="608.16" y="601.65" angle="-90.00" type="DEFAULT_VEHTYPE" speed="1.68" pos="191.84" lane="4/3to3/3_0" slope="0.00"/>
        <vehicle id="20" x="601.65" y="391.11" angle="180.00" type="DEFAULT_VEHTYPE" speed="2.91" pos="186.36" lane="3/1to3/2_0" slope="0.00"/>
        <vehicle id="23" x="203.65" y="401.65" angle="-90.00" type="DEFAULT_VEHTYPE" speed="6.39" pos="1.10" lane=":1/2_5_0" slope="0.00"/>
        <vehicle id="24" x="8.39" y="401.65" angle="-90.00" type="DEFAULT_VEHTYPE" speed="13.87" pos="186.86" lane="1/2to0/2_0" slope="0.00"/>
        <vehicle id="4" x="241.22" y="598.35" angle="90.00" type="DEFAULT_VEHTYPE" speed="13.28" pos="36.47" lane="1/3to2/3_0" slope="0.00"/>
        <vehicle id="5" x="398.35" y="740.72" angle="0.00" type="DEFAULT_VEHTYPE" speed="13.90" pos="59.28" lane="2/4to2/3_0" slope="0.00"/>
        <vehicle id="6" x="301.33" y="598.35" angle="90.00" type="DEFAULT_VEHTYPE" speed="12.81" pos="96.58" lane="1/3to2/3_0" slope="0.00"/>
        <vehicle id="7" x="601.65" y="367.02" angle="180.00" type="DEFAULT_VEHTYPE" speed="11.93" pos="162.27" lane="3/1to3/2_0" slope="0.00"/>
        <vehicle id="8" x="619.24" y="601.65" angle="-90.00" type="DEFAULT_VEHTYPE" speed="3.84" pos="180.76" lane="4/3to3/3_0" slope="0.00"/>
    </timestep>
    <timestep time="94.00">
        <vehicle id="0" x="398.35" y="675.42" angle="0.00" type="DEFAULT_VEHTYPE" speed="12.63" pos="124.58" lane="2/4to2/3_0" slope="0.00"/>
        <vehicle id="1" x="198.35" y="311.59" angle="0.00" type="DEFAULT_VEHTYPE" speed="12.86" pos="83.66" lane="1/2to1/1_0" slope="0.00"/>
        <vehicle id="10" x="198.35" y="360.70" angle="0.00" type="DEFAULT_VEHTYPE" speed="12.95" pos="34.55" lane="1/2to1/1_0" slope="0.00"/>
        <vehicle id="11" x="601.49" y="203.63" angle="151.42" type="DEFAULT_VEHTYPE" speed="8.86" pos="9.19" lane=":3/1_14_0" slope="0.00"/>
        <vehicle id="12" x="398.35" y="625.24" angle="0.00" type="DEFAULT_VEHTYPE" speed="12.97" pos="174.76" lane="2/4to2/3_0" slope="0.00"/>
        <vehicle id="15" x="707.50" y="601.65" angle="-90.00" type="DEFAULT_VEHTYPE" speed="13.32" pos="92.50" lane="4/3to3/3_0" slope="0.00"/>
        <vehicle id="17" x="588.48" y="598.35" angle="90.00" type="DEFAULT_VEHTYPE" speed="4.56" pos="183.73" lane="2/3to3/3_0" slope="0.00"/>
        <vehicle id="19" x="201.65" y="433.29" angle="180.00" type="DEFAULT_VEHTYPE" speed="12.89" pos="28.54" lane="1/2to1/3_0" slope="0.00"/>
        <vehicle id="2" x="607.44" y="601.65" angle="-90.00" type="DEFAULT_VEHTYPE" speed="0.72" pos="192.56" lane="4/3to3/3_0" slope="0.00"/>
        <vehicle id="20" x="601.55" y="395.94" angle="-178.88" type="DEFAULT_VEHTYPE" speed="4.84" pos="0.69" lane=":3/2_10_0" slope="0.00"/>
        <vehicle id="23" x="194.96" y="401.65" angle="-90.00" type="DEFAULT_VEHTYPE" speed="8.69" pos="0.29" lane="1/2to0/2_0" slope="0.00"/>
        <vehicle id="24" x="-0.50" y="398.68" angle="-23.40" type="DEFAULT_VEHTYPE" speed="12.60" pos="4.22" lane=":0/2_0_0" slope="0.00"/>
        <vehicle id="4" x="254.14" y="598.35" angle="90.00" type="DEFAULT_VEHTYPE" speed="12.92" pos="49.39" lane="1/3to2/3_0" slope="0.00"/>
        <vehicle id="5" x="398.35" y="727.61" angle="0.00" type="DEFAULT_VEHTYPE" speed="13.11" pos="72.39" lane="2/4to2/3_0" slope="0.00"/>
        <vehicle id="6" x="314.77" y="598.35" angle="90.00" type="DEFAULT_VEHTYPE" speed="13.44" pos="110.02" lane="1/3to2/3_0" slope="0.00"/>
        <vehicle id="7" x="601.65" y="374.49" angle="180.00" type="DEFAULT_VEHTYPE" speed="7.47" pos="169.74" lane="3/1to3/2_0" slope="0.00"/>
        <vehicle id="8" x="617.23" y="601.65" angle="-90.00" type="DEFAULT_VEHTYPE" speed="2.01" pos="182.77" lane="4/3to3/3_0" slope="0.00"/>
    </timestep>
    <timestep time="95.00">
        <vehicle id="0" x="398.35" y="662.21" angle="0.00" type="DEFAULT_VEHTYPE" speed="13.22" pos="137.79" lane="2/4to2/3_0" slope="0.00"/>
        <vehicle id="1" x="198.35" y="298.54" angle="0.00" type="DEFAULT_VEHTYPE" speed="13.05" pos="96.71" lane="1/2to1/1_0" slope="0.00"/>
        <vehicle id="10" x="198.35" y="347.25" angle="0.00" type="DEFAULT_VEHTYPE" speed="13.45" pos="48.00" lane="1/2to1/1_0" slope="0.00"/>
        <vehicle id="11" x="601.65" y="214.01" angle="180.00" type="DEFAULT_VEHTYPE" speed="10.39" pos="9.26" lane="3/1to3/2_0" slope="0.00"/>
        <vehicle id="12" x="398.35" y="612.47" angle="0.00" type="DEFAULT_VEHTYPE" speed="12.77" pos="187.53" lane="2/4to2/3_0" slope="0.00"/>
        <vehicle id="15" x="694.53" y="601.65" angle="-90.00" type="DEFAULT_VEHTYPE" speed="12.97" pos="105.47" lane="4/3to3/3_0" slope="0.00"/>
        <vehicle id="17" x="595.31" y="598.34" angle="89.90" type="DEFAULT_VEHTYPE" speed="6.83" pos="0.06" lane=":3/3_12_0" slope="0.00"/>
        <vehicle id="19" x="201.65" y="447.09" angle="180.00" type="DEFAULT_VEHTYPE" speed="13.80" pos="42.34" lane="1/2to1/3_0" slope="0.00"/>
        <vehicle id="2" x="607.31" y="601.65" angle="-90.00" type="DEFAULT_VEHTYPE" speed="0.13" pos="192.69" lane="4/3to3/3_0" slope="0.00"/>
        <vehicle id="20" x="598.56" y="400.94" angle="-143.54" type="DEFAULT_VEHTYPE" speed="6.20" pos="6.90" lane=":3/2_10_0" slope="0.00"/>
        <vehicle id="23" x="184.41" y="401.65" angle="-90.00" type="DEFAULT_VEHTYPE" speed="10.55" pos="10.84" lane="1/2to0/2_0" slope="0.00"/>
        <vehicle id="24" x="12.24" y="398.35" angle="90.00" type="DEFAULT_VEHTYPE" speed="12.84" pos="12.24" lane="0/2to1/2_0" slope="0.00"/>
        <vehicle id="4" x="267.43" y="598.35" angle="90.00" type="DEFAULT_VEHTYPE" speed="13.29" pos="62.68" lane="1/3to2/3_0" slope="0.00"/>
        <vehicle id="5" x="398.35" y="714.66" angle="0.00" type="DEFAULT_VEHTYPE" speed="12.95" pos="85.34" lane="2/4to2/3_0" slope="0.00"/>
        <vehicle id="6" x="327.90" y="598.35" angle="90.00" type="DEFAULT_VEHTYPE" speed="13.13" pos="123.15" lane="1/3to2/3_0" slope="0.00"/>
        <vehicle id="7" x="601.65" y="382.75" angle="180.00" type="DEFAULT_VEHTYPE" speed="8.27" pos="178.00" lane="3/1to3/2_0" slope="0.00"/>
        <vehicle id="8" x="615.82" y="601.65" angle="-90.00" type="DEFAULT_VEHTYPE" speed="1.41" pos="184.18" lane="4/3to3/3_0" slope="0.00"/>
    </timestep>
    <timestep time="96.00">
        <vehicle id="0" x="398.35" y="648.35" angle="0.00" type="DEFAULT_VEHTYPE" speed="13.86" pos="151.65" lane="2/4to2/3_0" slope="0.00"/>
        <vehicle id="1" x="198.35" y="285.43" angle="0.00" type="DEFAULT_VEHTYPE" speed="13.11" pos="109.82" lane="1/2to1/1_0" slope="0.00"/>
        <vehicle id="10" x="198.35" y="334.65" angle="0.00" type="DEFAULT_VEHTYPE" speed="12.60" pos="60.60" lane="1/2to1/1_0" slope="0.00"/>
        <vehicle id="11" x="601.65" y="226.67" angle="180.00" type="DEFAULT_VEHTYPE" speed="12.67" pos="21.92" lane="3/1to3/2_0" slope="0.00"/>
        <vehicle id="12" x="398.35" y="598.99" angle="0.00" type="DEFAULT_VEHTYPE" speed="13.47" pos="5.76" lane=":2/3_1_0" slope="0.00"/>
        <vehicle id="15" x="681.05" y="601.65" angle="-90.00" type="DEFAULT_VEHTYPE" speed="13.48" pos="118.95" lane="4/3to3/3_0" slope="0.00"/>
        <vehicle id="17" x="598.35" y="591.47" angle="1.94" type="DEFAULT_VEHTYPE" speed="8.72" pos="3.78" lane="3/3to3/2_0" slope="0.00"/>
        <vehicle id="19" x="201.65" y="459.74" angle="180.00" type="DEFAULT_VEHTYPE" speed="12.65" pos="54.99" lane="1/2to1/3_0" slope="0.00"/>
        <vehicle id="2" x="605.83" y="601.65" angle="-90.00" type="DEFAULT_VEHTYPE" speed="1.48" pos="194.17" lane="4/3to3/3_0" slope="0.00"/>
        <vehicle id="20" x="590.60" y="401.65" angle="-90.57" type="DEFAULT_VEHTYPE" speed="8.07" pos="4.65" lane="3/2to2/2_0" slope="0.00"/>
        <vehicle id="23" x="171.38" y="401.65" angle="-90.00" type="DEFAULT_VEHTYPE" speed="13.03" pos="23.87" lane="1/2to0/2_0" slope="0.00"/>
        <vehicle id="24" x="26.00" y="398.35" angle="90.00" type="DEFAULT_VEHTYPE" speed="13.76" pos="26.00" lane="0/2to1/2_0" slope="0.00"/>
        <vehicle id="4" x="280.58" y="598.35" angle="90.00" type="DEFAULT_VEHTYPE" speed="13.15" pos="75.83" lane="1/3to2/3_0" slope="0.00"/>
        <vehicle id="5" x="398.35" y="701.43" angle="0.00" type="DEFAULT_VEHTYPE" speed="13.22" pos="98.57" lane="2/4to2/3_0" slope="0.00"/>
        <vehicle id="6" x="341.27" y="598.35" angle="90.00" type="DEFAULT_VEHTYPE" speed="13.37" pos="136.52" lane="1/3to2/3_0" slope="0.00"/>
        <vehicle id="7" x="601.65" y="393.12" angle="180.00" type="DEFAULT_VEHTYPE" speed="10.37" pos="188.37" lane="3/1to3/2_0" slope="0.00"/>
        <vehicle id="8" x="615.23" y="601.65" angle="-90.00" type="DEFAULT_VEHTYPE" speed="0.59" pos="184.77" lane="4/3to3/3_0" slope="0.00"/>
    </timestep>
    <timestep time="97.00">
        <vehicle id="0" x="398.35" y="635.28" angle="0.00" type="DEFAULT_VEHTYPE" speed="13.06" pos="164.72" lane="2/4to2/3_0" slope="0.00"/>
        <vehicle id="1" x="198.35" y="272.78" angle="0.00" type="DEFAULT_VEHTYPE" speed="12.65" pos="122.47" lane="1/2to1/1_0" slope="0.00"/>
        <vehicle id="10" x="198.35" y="320.99" angle="0.00" type="DEFAULT_VEHTYPE" speed="13.66" pos="74.26" lane="1/2to1/1_0" slope="0.00"/>
        <vehicle id="11" x="601.65" y="239.33" angle="180.00" type="DEFAULT_VEHTYPE" speed="12.66" pos="34.58" lane="3/1to3/2_0" slope="0.00"/>
        <vehicle id="12" x="398.35" y="586.08" angle="0.00" type="DEFAULT_VEHTYPE" speed="12.92" pos="9.17" lane="2/3to2/2_0" slope="0.00"/>
        <vehicle id="15" x="667.26" y="601.65" angle="-90.00" type="DEFAULT_VEHTYPE" speed="13.79" pos="132.74" lane="4/3to3/3_0" slope="0.00"/>
        <vehicle id="17" x="598.35" y="580.59" angle="0.00" type="DEFAULT_VEHTYPE" speed="10.88" pos="14.66" lane="3/3to3/2_0" slope="0.00"/>
        <vehicle id="19" x="201.65" y="472.69" angle="180.00" type="DEFAULT_VEHTYPE" speed="12.95" pos="67.94" lane="1/2to1/3_0" slope="0.00"/>
        <vehicle id="2" x="601.98" y="601.25" angle="-85.45" type="DEFAULT_VEHTYPE" speed="3.87" pos="2.80" lane=":3/3_6_0" slope="0.00"/>
        <vehicle id="20" x="579.99" y="401.65" angle="-90.00" type="DEFAULT_VEHTYPE" speed="10.62" pos="15.26" lane="3/2to2/2_0" slope="0.00"/>
        <vehicle id="23" x="158.14" y="401.65" angle="-90.00" type="DEFAULT_VEHTYPE" speed="13.24" pos="37.11" lane="1/2to0/2_0" slope="0.00"/>
        <vehicle id="24" x="38.97" y="398.35" angle="90.00" type="DEFAULT_VEHTYPE" speed="12.97" pos="38.97" lane="0/2to1/2_0" slope="0.00"/>
        <vehicle id="4" x="293.31" y="598.35" angle="90.00" type="DEFAULT_VEHTYPE" speed="12.73" pos="88.56" lane="1/3to2/3_0" slope="0.00"/>
        <vehicle id="5" x="398.35" y="688.20" angle="0.00" type="DEFAULT_VEHTYPE" speed="13.24" pos="111.80" lane="2/4to2/3_0" slope="0.00"/>
        <vehicle id="6" x="354.74" y="598.35" angle="90.00" type="DEFAULT_VEHTYPE" speed="13.47" pos="149.99" lane="1/3to2/3_0" slope="0.00"/>
        <vehicle id="7" x="601.65" y="405.42" angle="180.00" type="DEFAULT_VEHTYPE" speed="12.29" pos="0.67" lane="3/2to3/3_0" slope="0.00"/>
        <vehicle id="8" x="614.31" y="601.65" angle="-90.00" type="DEFAULT_VEHTYPE" speed="0.92" pos="185.69" lane="4/3to3/3_0" slope="0.00"/>
    </timestep>
    <timestep time="98.00">
        <vehicle id="0" x="398.35" y="622.54" angle="0.00" type="DEFAULT_VEHTYPE" speed="12.74" pos="177.46" lane="2/4to2/3_0" slope="0.00"/>
        <vehicle id="1" x="198.35" y="259.74" angle="0.00" type="DEFAULT_VEHTYPE" speed="13.04" pos="135.51" lane="1/2to1/1_0" slope="0.00"/>
        <vehicle id="10" x="198.35" y="307.49" angle="0.00" type="DEFAULT_VEHTYPE" speed="13.49" pos="87.76" lane="1/2to1/1_0" slope="0.00"/>
        <vehicle id="11" x="601.65" y="252.36" angle="180.00" type="DEFAULT_VEHTYPE" speed="13.03" pos="47.61" lane="3/1to3/2_0" slope="0.00"/>
        <vehicle id="12" x="398.35" y="572.20" angle="0.00" type="DEFAULT_VEHTYPE" speed="13.88" pos="23.05" lane="2/3to2/2_0" slope="0.00"/>
        <vehicle id="15" x="654.39" y="601.65" angle="-90.00" type="DEFAULT_VEHTYPE" speed="12.87" pos="145.61" lane="4/3to3/3_0" slope="0.00"/>
        <vehicle id="17" x="598.35" y="567.82" angle="0.00" type="DEFAULT_VEHTYPE" speed="12.76" pos="27.43" lane="3/3to3/2_0" slope="0.00"/>
        <vehicle id="19" x="201.65" y="486.02" angle="180.00" type="DEFAULT_VEHTYPE" speed="13.33" pos="81.27" lane="1/2to1/3_0" slope="0.00"/>
        <vehicle id="2" x="598.63" y="597.21" angle="-37.31" type="DEFAULT_VEHTYPE" speed="5.55" pos="8.34" lane=":3/3_6_0" slope="0.00"/>
        <vehicle id="20" x="567.14" y="401.65" angle="-90.00" type="DEFAULT_VEHTYPE" speed="12.84" pos="28.11" lane="3/2to2/2_0" slope="0.00"/>
        <vehicle id="23" x="144.37" y="401.65" angle="-90.00" type="DEFAULT_VEHTYPE" speed="13.77" pos="50.88" lane="1/2to0/2_0" slope="0.00"/>
        <vehicle id="24" x="51.87" y="398.35" angle="90.00" type="DEFAULT_VEHTYPE" speed="12.90" pos="51.87" lane="0/2to1/2_0" slope="0.00"/>
        <vehicle id="4" x="306.01" y="598.35" angle="90.00" type="DEFAULT_VEHTYPE" speed="12.71" pos="101.26" lane="1/3to2/3_0" slope="0.00"/>
        <vehicle id="5" x="398.35" y="675.45" angle="0.00" type="DEFAULT_VEHTYPE" speed="12.75" pos="124.55" lane="2/4to2/3_0" slope="0.00"/>
        <vehicle id="6" x="368.08" y="598.35" angle="90.00" type="DEFAULT_VEHTYPE" speed="13.34" pos="163.33" lane="1/3to2/3_0" slope="0.00"/>
        <vehicle id="7" x="601.65" y="418.69" angle="180.00" type="DEFAULT_VEHTYPE" speed="13.28" pos="13.94" lane="3/2to3/3_0" slope="0.00"/>
        <vehicle id="8" x="611.75" y="601.65" angle="-90.00" type="DEFAULT_VEHTYPE" speed="2.55" pos="188.25" lane="4/3to3/3_0" slope="0.00"/>
    </timestep>
    <timestep time="99.00">
        <vehicle id="0" x="398.35" y="608.68" angle="0.00" type="DEFAULT_VEHTYPE" speed="13.86" pos="191.32" lane="2/4to2/3_0" slope="0.00"/>
        <vehicle id="1" x="198.35" y="246.84" angle="0.00" type="DEFAULT_VEHTYPE" speed="12.89" pos="148.41" lane="1/2to1/1_0" slope="0.00"/>
        <vehicle id="10" x="198.35" y="293.69" angle="0.00" type="DEFAULT_VEHTYPE" speed="13.80" pos="101.56" lane="1/2to1/1_0" slope="0.00"/>
        <vehicle id="11" x="601.65" y="265.45" angle="180.00" type="DEFAULT_VEHTYPE" speed="13.09" pos="60.70" lane="3/1to3/2_0" slope="0.00"/>
        <vehicle id="12" x="398.35" y="559.26" angle="0.00" type="DEFAULT_VEHTYPE" speed="12.94" pos="35.99" lane="2/3to2/2_0" slope="0.00"/>
        <vehicle id="15" x="640.92" y="601.65" angle="-90.00" type="DEFAULT_VEHTYPE" speed="13.46" pos="159.08" lane="4/3to3/3_0" slope="0.00"/>
        <vehicle id="17" x="598.35" y="554.21" angle="0.00" type="DEFAULT_VEHTYPE" speed="13.61" pos="41.04" lane="3/3to3/2_0" slope="0.00"/>
        <vehicle id="19" x="201.65" y="499.06" angle="180.00" type="DEFAULT_VEHTYPE" speed="13.04" pos="94.31" lane="1/2to1/3_0" slope="0.00"/>
        <vehicle id="2" x="598.35" y="589.98" angle="0.00" type="DEFAULT_VEHTYPE" speed="7.24" pos="5.27" lane="3/3to3/2_0" slope="0.00"/>
        <vehicle id="20" x="553.41" y="401.65" angle="-90.00" type="DEFAULT_VEHTYPE" speed="13.73" pos="41.84" lane="3/2to2/2_0" slope="0.00"/>
        <vehicle id="23" x="131.74" y="401.65" angle="-90.00" type="DEFAULT_VEHTYPE" speed="12.64" pos="63.51" lane="1/2to0/2_0" slope="0.00"/>
        <vehicle id="24" x="65.45" y="398.35" angle="90.00" type="DEFAULT_VEHTYPE" speed="13.57" pos="65.45" lane="0/2to1/2_0" slope="0.00"/>
        <vehicle id="4" x="319.33" y="598.35" angle="90.00" type="DEFAULT_VEHTYPE" speed="13.31" pos="114.58" lane="1/3to2/3_0" slope="0.00"/>
        <vehicle id="5" x="398.35" y="662.58" angle="0.00" type="DEFAULT_VEHTYPE" speed="12.87" pos="137.42" lane="2/4to2/3_0" slope="0.00"/>
        <vehicle id="6" x="378.69" y="598.35" angle="90.00" type="DEFAULT_VEHTYPE" speed="10.62" pos="173.94" lane="1/3to2/3_0" slope="0.00"/>
        <vehicle id="7" x="601.65" y="432.13" angle="180.00" type="DEFAULT_VEHTYPE" speed="13.44" pos="27.38" lane="3/2to3/3_0" slope="0.00"/>
        <vehicle id="8" x="608.78" y="601.65" angle="-90.00" type="DEFAULT_VEHTYPE" speed="2.98" pos="191.22" lane="4/3to3/3_0" slope="0.00"/>
    </timestep>
    <timestep time="100.00">
        <vehicle id="0" x="398.35" y="594.92" angle="0.00" type="DEFAULT_VEHTYPE" speed="13.76" pos="0.33" lane="2/3to2/2_0" slope="0.00"/>
        <vehicle id="1" x="198.35" y="233.33" angle="0.00" type="DEFAULT_VEHTYPE" speed="13.51" pos="161.92" lane="1/2to1/1_0" slope="0.00"/>
        <vehicle id="10" x="198.35" y="279.86" angle="0.00" type="DEFAULT_VEHTYPE" speed="13.83" pos="115.39" lane="1/2to1/1_0" slope="0.00"/>
        <vehicle id="11" x="601.65" y="278.69" angle="180.00" type="DEFAULT_VEHTYPE" speed="13.24" pos="73.94" lane="3/1to3/2_0" slope="0.00"/>
        <vehicle id="12" x="398.35" y="546.43" angle="0.00" type="DEFAULT_VEHTYPE" speed="12.83" pos="48.82" lane="2/3to2/2_0" slope="0.00"/>
        <vehicle id="15" x="630.09" y="601.65" angle="-90.00" type="DEFAULT_VEHTYPE" speed="10.83" pos="169.91" lane="4/3to3/3_0" slope="0.00"/>
        <vehicle id="17" x="598.35" y="540.65" angle="0.00" type="DEFAULT_VEHTYPE" speed="13.57" pos="54.60" lane="3/3to3/2_0" slope="0.00"/>
        <vehicle id="19" x="201.65" y="511.95" angle="180.00" type="DEFAULT_VEHTYPE" speed="12.89" pos="107.20" lane="1/2to1/3_0" slope="0.00"/>
        <vehicle id="2" x="598.35" y="580.36" angle="0.00" type="DEFAULT_VEHTYPE" speed="9.62" pos="14.89" lane="3/3to3/2_0" slope="0.00"/>
        <vehicle id="20" x="540.33" y="401.65" angle="-90.00" type="DEFAULT_VEHTYPE" speed="13.09" pos="54.92" lane="3/2to2/2_0" slope="0.00"/>
        <vehicle id="23" x="119.08" y="401.65" angle="-90.00" type="DEFAULT_VEHTYPE" speed="12.66" pos="76.17" lane="1/2to0/2_0" slope="0.00"/>
        <vehicle id="24" x="78.78" y="398.35" angle="90.00" type="DEFAULT_VEHTYPE" speed="13.33" pos="78.78" lane="0/2to1/2_0" slope="0.00"/>
        <vehicle id="4" x="332.44" y="598.35" angle="90.00" type="DEFAULT_VEHTYPE" speed="13.11" pos="127.69" lane="1/3to2/3_0" slope="0.00"/>
        <vehicle id="5" x="398.35" y="649.57" angle="0.00" type="DEFAULT_VEHTYPE" speed="13.01" pos="150.43" lane="2/4to2/3_0" slope="0.00"/>
        <vehicle id="6" x="386.31" y="598.35" angle="90.00" type="DEFAULT_VEHTYPE" speed="7.61" pos="181.56" lane="1/3to2/3_0" slope="0.00"/>
        <vehicle id="7" x="601.65" y="444.83" angle="180.00" type="DEFAULT_VEHTYPE" speed="12.70" pos="40.08" lane="3/2to3/3_0" slope="0.00"/>
        <vehicle id="8" x="603.40" y="601.46" angle="-87.79" type="DEFAULT_VEHTYPE" speed="5.39" pos="1.36" lane=":3/3_6_0" slope="0.00"/>
    </timestep>
    <timestep time="101.00">
        <vehicle id="0" x="398.35" y="582.25" angle="0.00" type="DEFAULT_VEHTYPE" speed="12.66" pos="13.00" lane="2/3to2/2_0" slope="0.00"/>
        <vehicle id="1" x="198.35" y="222.77" angle="0.00" type="DEFAULT_VEHTYPE" speed="10.56" pos="172.48" lane="1/2to1/1_0" slope="0.00"/>
        <vehicle id="10" x="198.35" y="266.79" angle="0.00" type="DEFAULT_VEHTYPE" speed="13.08" pos="128.46" lane="1/2to1/1_0" slope="0.00"/>
        <vehicle id="11" x="601.65" y="291.69" angle="180.00" type="DEFAULT_VEHTYPE" speed="12.99" pos="86.94" lane="3/1to3/2_0" slope="0.00"/>
        <vehicle id="12" x="398.35" y="533.07" angle="0.00" type="DEFAULT_VEHTYPE" speed="13.37" pos="62.18" lane="2/3to2/2_0" slope="0.00"/>
        <vehicle id="15" x="620.78" y="601.65" angle="-90.00" type="DEFAULT_VEHTYPE" speed="9.32" pos="179.22" lane="4/3to3/3_0" slope="0.00"/>
        <vehicle id="17" x="598.35" y="527.95" angle="0.00" type="DEFAULT_VEHTYPE" speed="12.70" pos="67.30" lane="3/3to3/2_0" slope="0.00"/>
        <vehicle id="19" x="201.65" y="525.62" angle="180.00" type="DEFAULT_VEHTYPE" speed="13.67" pos="120.87" lane="1/2to1/3_0" slope="0.00"/>
        <vehicle id="2" x="598.35" y="569.04" angle="0.00" type="DEFAULT_VEHTYPE" speed="11.33" pos="26.21" lane="3/3to3/2_0" slope="0.00"/>
        <vehicle id="20" x="527.07" y="401.65" angle="-90.00" type="DEFAULT_VEHTYPE" speed="13.26" pos="68.18" lane="3/2to2/2_0" slope="0.00"/>
        <vehicle id="23" x="106.11" y="401.65" angle="-90.00" type="DEFAULT_VEHTYPE" speed="12.97" pos="89.14" lane="1/2to0/2_0" slope="0.00"/>
        <vehicle id="24" x="91.82" y="398.35" angle="90.00" type="DEFAULT_VEHTYPE" speed="13.04" pos="91.82" lane="0/2to1/2_0" slope="0.00"/>
        <vehicle id="4" x="345.11" y="598.35" angle="90.00" type="DEFAULT_VEHTYPE" speed="12.67" pos="140.36" lane="1/3to2/3_0" slope="0.00"/>
        <vehicle id="5" x="398.35" y="636.33" angle="0.00" type="DEFAULT_VEHTYPE" speed="13.24" pos="163.67" lane="2/4to2/3_0" slope="0.00"/>
        <vehicle id="6" x="390.59" y="598.35" angle="90.00" type="DEFAULT_VEHTYPE" speed="4.28" pos="185.84" lane="1/3to2/3_0" slope="0.00"/>
        <vehicle id="7" x="601.65" y="457.83" angle="180.00" type="DEFAULT_VEHTYPE" speed="13.00" pos="53.08" lane="3/2to3/3_0" slope="0.00"/>
        <vehicle id="8" x="598.50" y="596.27" angle="-27.55" type="DEFAULT_VEHTYPE" speed="7.93" pos="9.29" lane=":3/3_6_0" slope="0.00"/>
    </timestep>
    <timestep time="102.00">
        <vehicle id="0" x="398.35" y="568.51" angle="0.00" type="DEFAULT_VEHTYPE" speed="13.75" pos="26.74" lane="2/3to2/2_0" slope="0.00"/>
        <vehicle id="1" x="198.35" y="214.70" angle="0.00" type="DEFAULT_VEHTYPE" speed="8.07" pos="180.55" lane="1/2to1/1_0" slope="0.00"/>
        <vehicle id="10" x="198.35" y="253.58" angle="0.00" type="DEFAULT_VEHTYPE" speed="13.20" pos="141.67" lane="1/2to1/1_0" slope="0.00"/>
        <vehicle id="11" x="601.65" y="304.80" angle="180.00" type="DEFAULT_VEHTYPE" speed="13.11" pos="100.05" lane="3/1to3/2_0" slope="0.00"/>
        <vehicle id="12" x="398.35" y="519.51" angle="0.00" type="DEFAULT_VEHTYPE" speed="13.55" pos="75.74" lane="2/3to2/2_0" slope="0.00"/>
        <vehicle id="15" x="613.90" y="601.65" angle="-90.00" type="DEFAULT_VEHTYPE" speed="6.87" pos="186.10" lane="4/3to3/3_0" slope="0.00"/>
        <vehicle id="17" x="598.35" y="514.89" angle="0.00" type="DEFAULT_VEHTYPE" speed="13.06" pos="80.36" lane="3/3to3/2_0" slope="0.00"/>
        <vehicle id="19" x="201.65" y="539.39" angle="180.00" type="DEFAULT_VEHTYPE" speed="13.77" pos="134.64" lane="1/2to1/3_0" slope="0.00"/>
        <vehicle id="2" x="598.35" y="555.19" angle="0.00" type="DEFAULT_VEHTYPE" speed="13.85" pos="40.06" lane="3/3to3/2_0" slope="0.00"/>
        <vehicle id="20" x="514.22" y="401.65" angle="-90.00" type="DEFAULT_VEHTYPE" speed="12.85" pos="81.03" lane="3/2to2/2_0" slope="0.00"/>
        <vehicle id="23" x="93.19" y="401.65" angle="-90.00" type="DEFAULT_VEHTYPE" speed="12.93" pos="102.06" lane="1/2to0/2_0" slope="0.00"/>
        <vehicle id="24" x="105.33" y="398.35" angle="90.00" type="DEFAULT_VEHTYPE" speed="13.51" pos="105.33" lane="0/2to1/2_0" slope="0.00"/>
        <vehicle id="4" x="358.05" y="598.35" angle="90.00" type="DEFAULT_VEHTYPE" speed="12.94" pos="153.30" lane="1/3to2/3_0" slope="0.00"/>
        <vehicle id="5" x="398.35" y="623.59" angle="0.00" type="DEFAULT_VEHTYPE" speed="12.75" pos="176.41" lane="2/4to2/3_0" slope="0.00"/>
        <vehicle id="6" x="392.05" y="598.35" angle="90.00" type="DEFAULT_VEHTYPE" speed="1.47" pos="187.30" lane="1/3to2/3_0" slope="0.00"/>
        <vehicle id="7" x="601.65" y="471.65" angle="180.00" type="DEFAULT_VEHTYPE" speed="13.82" pos="66.90" lane="3/2to3/3_0" slope="0.00"/>
        <vehicle id="8" x="598.35" y="586.65" angle="0.00" type="DEFAULT_VEHTYPE" speed="9.63" pos="8.60" lane="3/3to3/2_0" slope="0.00"/>
    </timestep>
    <timestep time="103.00">
        <vehicle id="0" x="398.35" y="555.82" angle="0.00" type="DEFAULT_VEHTYPE" speed="12.68" pos="39.43" lane="2/3to2/2_0" slope="0.00"/>
        <vehicle id="1" x="198.35" y="209.93" angle="0.00" type="DEFAULT_VEHTYPE" speed="4.77" pos="185.32" lane="1/2to1/1_0" slope="0.00"/>
        <vehicle id="10" x="198.35" y="240.36" angle="0.00" type="DEFAULT_VEHTYPE" speed="13.22" pos="154.89" lane="1/2to1/1_0" slope="0.00"/>
        <vehicle id="11" x="601.65" y="317.94" angle="180.00" type="DEFAULT_VEHTYPE" speed="13.14" pos="113.19" lane="3/1to3/2_0" slope="0.00"/>
        <vehicle id="12" x="398.35" y="506.37" angle="0.00" type="DEFAULT_VEHTYPE" speed="13.14" pos="88.88" lane="2/3to2/2_0" slope="0.00"/>
        <vehicle id="15" x="610.47" y="601.65" angle="-90.00" type="DEFAULT_VEHTYPE" speed="3.43" pos="189.53" lane="4/3to3/3_0" slope="0.00"/>
        <vehicle id="17" x="598.35" y="501.60" angle="0.00" type="DEFAULT_VEHTYPE" speed="13.28" pos="93.65" lane="3/3to3/2_0" slope="0.00"/>
        <vehicle id="19" x="201.65" y="553.25" angle="180.00" type="DEFAULT_VEHTYPE" speed="13.86" pos="148.50" lane="1/2to1/3_0" slope="0.00"/>
        <vehicle id="2" x="598.35" y="541.80" angle="0.00" type="DEFAULT_VEHTYPE" speed="13.39" pos="53.45" lane="3/3to3/2_0" slope="0.00"/>
        <vehicle id="20" x="501.41" y="401.65" angle="-90.00" type="DEFAULT_VEHTYPE" speed="12.81" pos="93.84" lane="3/2to2/2_0" slope="0.00"/>
        <vehicle id="23" x="80.35" y="401.65" angle="-90.00" type="DEFAULT_VEHTYPE" speed="12.84" pos="114.90" lane="1/2to0/2_0" slope="0.00"/>
        <vehicle id="24" x="119.03" y="398.35" angle="90.00" type="DEFAULT_VEHTYPE" speed="13.70" pos="119.03" lane="0/2to1/2_0" slope="0.00"/>
        <vehicle id="4" x="369.13" y="598.35" angle="90.00" type="DEFAULT_VEHTYPE" speed="11.08" pos="164.38" lane="1/3to2/3_0" slope="0.00"/>
        <vehicle id="5" x="398.35" y="610.03" angle="0.00" type="DEFAULT_VEHTYPE" speed="13.55" pos="189.97" lane="2/4to2/3_0" slope="0.00"/>
        <vehicle id="6" x="392.44" y="598.35" angle="90.00" type="DEFAULT_VEHTYPE" speed="0.39" pos="187.69" lane="1/3to2/3_0" slope="0.00"/>
        <vehicle id="7" x="601.65" y="485.11" angle="180.00" type="DEFAULT_VEHTYPE" speed="13.47" pos="80.36" lane="3/2to3/3_0" slope="0.00"/>
        <vehicle id="8" x="598.35" y="574.63" angle="0.00" type="DEFAULT_VEHTYPE" speed="12.02" pos="20.62" lane="3/3to3/2_0" slope="0.00"/>
    </timestep>
    <timestep time="104.00">
        <vehicle id="0" x="398.35" y="542.51" angle="0.00" type="DEFAULT_VEHTYPE" speed="13.31" pos="52.74" lane="2/3to2/2_0" slope="0.00"/>
        <vehicle id="1" x="199.09" y="203.63" angle="8.81" type="DEFAULT_VEHTYPE" speed="6.53" pos="1.34" lane=":1/1_3_0" slope="0.00"/>
        <vehicle id="10" x="198.35" y="228.46" angle="0.00" type="DEFAULT_VEHTYPE" speed="11.91" pos="166.79" lane="1/2to1/1_0" slope="0.00"/>
        <vehicle id="11" x="601.65" y="331.18" angle="180.00" type="DEFAULT_VEHTYPE" speed="13.24" pos="126.43" lane="3/1to3/2_0" slope="0.00"/>
        <vehicle id="12" x="398.35" y="492.70" angle="0.00" type="DEFAULT_VEHTYPE" speed="13.68" pos="102.55" lane="2/3to2/2_0" slope="0.00"/>
        <vehicle id="15" x="604.82" y="601.65" angle="-90.00" type="DEFAULT_VEHTYPE" speed="5.65" pos="195.18" lane="4/3to3/3_0" slope="0.00"/>
        <vehicle id="17" x="598.35" y="487.76" angle="0.00" type="DEFAULT_VEHTYPE" speed="13.84" pos="107.49" lane="3/3to3/2_0" slope="0.00"/>
        <vehicle id="19" x="201.65" y="566.42" angle="180.00" type="DEFAULT_VEHTYPE" speed="13.16" pos="161.67" lane="1/2to1/3_0" slope="0.00"/>
        <vehicle id="2" x="598.35" y="529.05" angle="0.00" type="DEFAULT_VEHTYPE" speed="12.74" pos="66.20" lane="3/3to3/2_0" slope="0.00"/>
        <vehicle id="20" x="488.12" y="401.65" angle="-90.00" type="DEFAULT_VEHTYPE" speed="13.29" pos="107.13" lane="3/2to2/2_0" slope="0.00"/>
        <vehicle id="23" x="67.45" y="401.65" angle="-90.00" type="DEFAULT_VEHTYPE" speed="12.90" pos="127.80" lane="1/2to0/2_0" slope="0.00"/>
        <vehicle id="24" x="132.36" y="398.35" angle="90.00" type="DEFAULT_VEHTYPE" speed="13.34" pos="132.36" lane="0/2to1/2_0" slope="0.00"/>
        <vehicle id="4" x="376.86" y="598.35" angle="90.00" type="DEFAULT_VEHTYPE" speed="7.73" pos="172.11" lane="1/3to2/3_0" slope="0.00"/>
        <vehicle id="5" x="398.35" y="597.32" angle="0.00" type="DEFAULT_VEHTYPE" speed="12.72" pos="7.43" lane=":2/3_1_0" slope="0.00"/>
        <vehicle id="6" x="392.67" y="598.35" angle="90.00" type="DEFAULT_VEHTYPE" speed="0.23" pos="187.92" lane="1/3to2/3_0" slope="0.00"/>
        <vehicle id="7" x="601.65" y="498.55" angle="180.00" type="DEFAULT_VEHTYPE" speed="13.44" pos="93.80" lane="3/2to3/3_0" slope="0.00"/>
        <vehicle id="8" x="598.35" y="561.69" angle="0.00" type="DEFAULT_VEHTYPE" speed="12.94" pos="33.56" lane="3/3to3/2_0" slope="0.00"/>
    </timestep>
    <timestep time="105.00">
        <vehicle id="0" x="398.35" y="529.11" angle="0.00" type="DEFAULT_VEHTYPE" speed="13.40" pos="66.14" lane="2/3to2/2_0" slope="0.00"/>
        <vehicle id="1" x="201.65" y="210.35" angle="180.00" type="DEFAULT_VEHTYPE" speed="9.08" pos="5.60" lane="1/1to1/2_0" slope="0.00"/>
        <vehicle id="10" x="198.35" y="218.62" angle="0.00" type="DEFAULT_VEHTYPE" speed="9.83" pos="176.63" lane="1/2to1/1_0" slope="0.00"/>
        <vehicle id="11" x="601.65" y="343.88" angle="180.00" type="DEFAULT_VEHTYPE" speed="12.70" pos="139.13" lane="3/1to3/2_0" slope="0.00"/>
        <vehicle id="12" x="398.35" y="479.11" angle="0.00" type="DEFAULT_VEHTYPE" speed="13.58" pos="116.14" lane="2/3to2/2_0" slope="0.00"/>
        <vehicle id="15" x="598.74" y="598.01" angle="-46.86" type="DEFAULT_VEHTYPE" speed="7.61" pos="7.53" lane=":3/3_6_0" slope="0.00"/>
        <vehicle id="17" x="598.35" y="475.07" angle="0.00" type="DEFAULT_VEHTYPE" speed="12.69" pos="120.18" lane="3/3to3/2_0" slope="0.00"/>
        <vehicle id="19" x="201.65" y="580.13" angle="180.00" type="DEFAULT_VEHTYPE" speed="13.72" pos="175.38" lane="1/2to1/3_0" slope="0.00"/>
        <vehicle id="2" x="598.35" y="515.88" angle="0.00" type="DEFAULT_VEHTYPE" speed="13.17" pos="79.37" lane="3/3to3/2_0" slope="0.00"/>
        <vehicle id="20" x="474.35" y="401.65" angle="-90.00" type="DEFAULT_VEHTYPE" speed="13.78" pos="120.90" lane="3/2to2/2_0" slope="0.00"/>
        <vehicle id="23" x="54.08" y="401.65" angle="-90.00" type="DEFAULT_VEHTYPE" speed="13.37" pos="141.17" lane="1/2to0/2_0" slope="0.00"/>
        <vehicle id="24" x="146.20" y="398.35" angle="90.00" type="DEFAULT_VEHTYPE" speed="13.83" pos="146.20" lane="0/2to1/2_0" slope="0.00"/>
        <vehicle id="4" x="381.67" y="598.35" angle="90.00" type="DEFAULT_VEHTYPE" speed="4.81" pos="176.92" lane="1/3to2/3_0" slope="0.00"/>
        <vehicle id="5" x="398.35" y="583.84" angle="0.00" type="DEFAULT_VEHTYPE" speed="13.47" pos="11.41" lane="2/3to2/2_0" slope="0.00"/>
        <vehicle id="6" x="394.33" y="598.35" angle="90.00" type="DEFAULT_VEHTYPE" speed="1.65" pos="189.58" lane="1/3to2/3_0" slope="0.00"/>
        <vehicle id="7" x="601.65" y="511.83" angle="180.00" type="DEFAULT_VEHTYPE" speed="13.28" pos="107.08" lane="3/2to3/3_0" slope="0.00"/>
        <vehicle id="8" x="598.35" y="548.08" angle="0.00" type="DEFAULT_VEHTYPE" speed="13.60" pos="47.17" lane="3/3to3/2_0" slope="0.00"/>
    </timestep>
    <timestep time="106.00">
        <vehicle id="0" x="398.35" y="515.53" angle="0.00" type="DEFAULT_VEHTYPE" speed="13.59" pos="79.72" lane="2/3to2/2_0" slope="0.00"/>
        <vehicle id="1" x="201.65" y="221.86" angle="180.00" type="DEFAULT_VEHTYPE" speed="11.50" pos="17.11" lane="1/1to1/2_0" slope="0.00"/>
        <vehicle id="10" x="198.35" y="206.23" angle="0.00" type="DEFAULT_VEHTYPE" speed="12.39" pos="189.02" lane="1/2to1/1_0" slope="0.00"/>
        <vehicle id="11" x="601.65" y="357.13" angle="180.00" type="DEFAULT_VEHTYPE" speed="13.25" pos="152.38" lane="3/1to3/2_0" slope="0.00"/>
        <vehicle id="12" x="398.35" y="465.69" angle="0.00" type="DEFAULT_VEHTYPE" speed="13.42" pos="129.56" lane="2/3to2/2_0" slope="0.00"/>
        <vehicle id="15" x="598.35" y="587.84" angle="0.00" type="DEFAULT_VEHTYPE" speed="10.20" pos="7.41" lane="3/3to3/2_0" slope="0.00"/>
        <vehicle id="17" x="598.35" y="462.30" angle="0.00" type="DEFAULT_VEHTYPE" speed="12.78" pos="132.95" lane="3/3to3/2_0" slope="0.00"/>
        <vehicle id="19" x="201.65" y="593.21" angle="180.00" type="DEFAULT_VEHTYPE" speed="13.07" pos="188.46" lane="1/2to1/3_0" slope="0.00"/>
        <vehicle id="2" x="598.35" y="502.92" angle="0.00" type="DEFAULT_VEHTYPE" speed="12.97" pos="92.33" lane="3/3to3/2_0" slope="0.00"/>
        <vehicle id="20" x="461.64" y="401.65" angle="-90.00" type="DEFAULT_VEHTYPE" speed="12.71" pos="133.61" lane="3/2to2/2_0" slope="0.00"/>
        <vehicle id="23" x="40.22" y="401.65" angle="-90.00" type="DEFAULT_VEHTYPE" speed="13.86" pos="155.03" lane="1/2to0/2_0" slope="0.00"/>
        <vehicle id="24" x="158.94" y="398.35" angle="90.00" type="DEFAULT_VEHTYPE" speed="12.74" pos="158.94" lane="0/2to1/2_0" slope="0.00"/>
        <vehicle id="4" x="384.71" y="598.35" angle="90.00" type="DEFAULT_VEHTYPE" speed="3.04" pos="179.96" lane="1/3to2/3_0" slope="0.00"/>
        <vehicle id="5" x="398.35" y="570.97" angle="0.00" type="DEFAULT_VEHTYPE" speed="12.88" pos="24.28" lane="2/3to2/2_0" slope="0.00"/>
        <vehicle id="6" x="398.00" y="598.74" angle="94.52" type="DEFAULT_VEHTYPE" speed="3.70" pos="2.78" lane=":2/3_14_0" slope="0.00"/>
        <vehicle id="7" x="601.65" y="525.54" angle="180.00" type="DEFAULT_VEHTYPE" speed="13.71" pos="120.79" lane="3/2to3/3_0" slope="0.00"/>
        <vehicle id="8" x="598.35" y="534.39" angle="0.00" type="DEFAULT_VEHTYPE" speed="13.69" pos="60.86" lane="3/3to3/2_0" slope="0.00"/>
    </timestep>
    <timestep time="107.00">
        <vehicle id="0" x="398.35" y="502.10" angle="0.00" type="DEFAULT_VEHTYPE" speed="13.43" pos="93.15" lane="2/3to2/2_0" slope="0.00"/>
        <vehicle id="1" x="201.65" y="235.04" angle="180.00" type="DEFAULT_VEHTYPE" speed="13.18" pos="30.29" lane="1/1to1/2_0" slope="0.00"/>
        <vehicle id="10" x="188.59" y="201.65" angle="-90.00" type="DEFAULT_VEHTYPE" speed="13.14" pos="6.66" lane="1/1to0/1_0" slope="0.00"/>
        <vehicle id="11" x="601.65" y="370.13" angle="180.00" type="DEFAULT_VEHTYPE" speed="13.00" pos="165.38" lane="3/1to3/2_0" slope="0.00"/>
        <vehicle id="12" x="398.35" y="451.92" angle="0.00" type="DEFAULT_VEHTYPE" speed="13.77" pos="143.33" lane="2/3to2/2_0" slope="0.00"/>
        <vehicle id="15" x="598.35" y="575.62" angle="0.00" type="DEFAULT_VEHTYPE" speed="12.22" pos="19.63" lane="3/3to3/2_0" slope="0.00"/>
        <vehicle id="17" x="598.35" y="448.78" angle="0.00" type="DEFAULT_VEHTYPE" speed="13.52" pos="146.47" lane="3/3to3/2_0" slope="0.00"/>
        <vehicle id="19" x="211.20" y="598.35" angle="90.00" type="DEFAULT_VEHTYPE" speed="13.49" pos="6.45" lane="1/3to2/3_0" slope="0.00"/>
        <vehicle id="2" x="598.35" y="489.03" angle="0.00" type="DEFAULT_VEHTYPE" speed="13.88" pos="106.22" lane="3/3to3/2_0" slope="0.00"/>
        <vehicle id="20" x="448.71" y="401.65" angle="-90.00" type="DEFAULT_VEHTYPE" speed="12.93" pos="146.54" lane="3/2to2/2_0" slope="0.00"/>
        <vehicle id="23" x="27.00" y="401.65" angle="-90.00" type="DEFAULT_VEHTYPE" speed="13.21" pos="168.25" lane="1/2to0/2_0" slope="0.00"/>
        <vehicle id="24" x="172.34" y="398.35" angle="90.00" type="DEFAULT_VEHTYPE" speed="13.41" pos="172.34" lane="0/2to1/2_0" slope="0.00"/>
        <vehicle id="4" x="388.68" y="598.35" angle="90.00" type="DEFAULT_VEHTYPE" speed="3.97" pos="183.93" lane="1/3to2/3_0" slope="0.00"/>
        <vehicle id="5" x="398.35" y="557.91" angle="0.00" type="DEFAULT_VEHTYPE" speed="13.05" pos="37.34" lane="2/3to2/2_0" slope="0.00"/>
        <vehicle id="6" x="401.42" y="603.11" angle="145.98" type="DEFAULT_VEHTYPE" speed="5.88" pos="8.66" lane=":2/3_14_0" slope="0.00"/>
        <vehicle id="7" x="601.65" y="538.22" angle="180.00" type="DEFAULT_VEHTYPE" speed="12.68" pos="133.47" lane="3/2to3/3_0" slope="0.00"/>
        <vehicle id="8" x="598.35" y="520.89" angle="0.00" type="DEFAULT_VEHTYPE" speed="13.50" pos="74.36" lane="3/3to3/2_0" slope="0.00"/>
    </timestep>
    <timestep time="108.00">
        <vehicle id="0" x="398.35" y="488.41" angle="0.00" type="DEFAULT_VEHTYPE" speed="13.69" pos="106.84" lane="2/3to2/2_0" slope="0.00"/>
        <vehicle id="1" x="201.65" y="248.67" angle="180.00" type="DEFAULT_VEHTYPE" speed="13.63" pos="43.92" lane="1/1to1/2_0" slope="0.00"/>
        <vehicle id="10" x="175.06" y="201.65" angle="-90.00" type="DEFAULT_VEHTYPE" speed="13.53" pos="20.19" lane="1/1to0/1_0" slope="0.00"/>
        <vehicle id="11" x="601.65" y="383.24" angle="180.00" type="DEFAULT_VEHTYPE" speed="13.11" pos="178.49" lane="3/1to3/2_0" slope="0.00"/>
        <vehicle id="12" x="398.35" y="439.12" angle="0.00" type="DEFAULT_VEHTYPE" speed="12.80" pos="156.13" lane="2/3to2/2_0" slope="0.00"/>
        <vehicle id="15" x="598.35" y="561.79" angle="0.00" type="DEFAULT_VEHTYPE" speed="13.83" pos="33.46" lane="3/3to3/2_0" slope="0.00"/>
        <vehicle id="17" x="598.35" y="435.90" angle="0.00" type="DEFAULT_VEHTYPE" speed="12.88" pos="159.35" lane="3/3to3/2_0" slope="0.00"/>
        <vehicle id="19" x="224.11" y="598.35" angle="90.00" type="DEFAULT_VEHTYPE" speed="12.91" pos="19.36" lane="1/3to2/3_0" slope="0.00"/>
        <vehicle id="2" x="598.35" y="475.77" angle="0.00" type="DEFAULT_VEHTYPE" speed="13.27" pos="119.48" lane="3/3to3/2_0" slope="0.00"/>
        <vehicle id="20" x="435.11" y="401.65" angle="-90.00" type="DEFAULT_VEHTYPE" speed="13.60" pos="160.14" lane="3/2to2/2_0" slope="0.00"/>
        <vehicle id="23" x="13.62" y="401.65" angle="-90.00" type="DEFAULT_VEHTYPE" speed="13.38" pos="181.63" lane="1/2to0/2_0" slope="0.00"/>
        <vehicle id="24" x="181.64" y="398.35" angle="90.00" type="DEFAULT_VEHTYPE" speed="9.29" pos="181.64" lane="0/2to1/2_0" slope="0.00"/>
        <vehicle id="4" x="394.80" y="598.35" angle="90.00" type="DEFAULT_VEHTYPE" speed="6.12" pos="190.05" lane="1/3to2/3_0" slope="0.00"/>
        <vehicle id="5" x="398.35" y="544.80" angle="0.00" type="DEFAULT_VEHTYPE" speed="13.11" pos="50.45" lane="2/3to2/2_0" slope="0.00"/>
        <vehicle id="6" x="401.65" y="610.69" angle="180.00" type="DEFAULT_VEHTYPE" speed="7.60" pos="5.94" lane="2/3to2/4_0" slope="0.00"/>
        <vehicle id="7" x="601.65" y="551.37" angle="180.00" type="DEFAULT_VEHTYPE" speed="13.15" pos="146.62" lane="3/2to3/3_0" slope="0.00"/>
        <vehicle id="8" x="598.35" y="507.90" angle="0.00" type="DEFAULT_VEHTYPE" speed="12.99" pos="87.35" lane="3/3to3/2_0" slope="0.00"/>
    </timestep>
    <timestep time="109.00">
        <vehicle id="0" x="398.35" y="475.45" angle="0.00" type="DEFAULT_VEHTYPE" speed="12.96" pos="119.80" lane="2/3to2/2_0" slope="0.00"/>
        <vehicle id="1" x="201.65" y="261.52" angle="180.00" type="DEFAULT_VEHTYPE" speed="12.85" pos="56.77" lane="1/1to1/2_0" slope="0.00"/>
        <vehicle id="10" x="161.59" y="201.65" angle="-90.00" type="DEFAULT_VEHTYPE" speed="13.47" pos="33.66" lane="1/1to0/1_0" slope="0.00"/>
        <vehicle id="11" x="601.65" y="396.25" angle="180.00" type="DEFAULT_VEHTYPE" speed="13.01" pos="1.00" lane=":3/2_9_0" slope="0.00"/>
        <vehicle id="12" x="398.35" y="426.10" angle="0.00" type="DEFAULT_VEHTYPE" speed="13.01" pos="169.15" lane="2/3to2/2_0" slope="0.00"/>
        <vehicle id="15" x="598.35" y="548.73" angle="0.00" type="DEFAULT_VEHTYPE" speed="13.06" pos="46.52" lane="3/3to3/2_0" slope="0.00"/>
        <vehicle id="17" x="598.35" y="422.29" angle="0.00" type="DEFAULT_VEHTYPE" speed="13.61" pos="172.96" lane="3/3to3/2_0" slope="0.00"/>
        <vehicle id="19" x="237.67" y="598.35" angle="90.00" type="DEFAULT_VEHTYPE" speed="13.56" pos="32.92" lane="1/3to2/3_0" slope="0.00"/>
        <vehicle id="2" x="598.35" y="462.39" angle="0.00" type="DEFAULT_VEHTYPE" speed="13.38" pos="132.86" lane="3/3to3/2_0" slope="0.00"/>
        <vehicle id="20" x="423.82" y="401.65" angle="-90.00" type="DEFAULT_VEHTYPE" speed="11.29" pos="171.43" lane="3/2to2/2_0" slope="0.00"/>
        <vehicle id="23" x="0.61" y="401.65" angle="-90.00" type="DEFAULT_VEHTYPE" speed="13.01" pos="194.64" lane="1/2to0/2_0" slope="0.00"/>
        <vehicle id="24" x="188.00" y="398.35" angle="90.00" type="DEFAULT_VEHTYPE" speed="6.36" pos="188.00" lane="0/2to1/2_0" slope="0.00"/>
        <vehicle id="4" x="401.03" y="601.59" angle="128.23" type="DEFAULT_VEHTYPE" speed="7.51" pos="7.07" lane=":2/3_14_0" slope="0.00"/>
        <vehicle id="5" x="398.35" y="531.74" angle="0.00" type="DEFAULT_VEHTYPE" speed="13.06" pos="63.51" lane="2/3to2/2_0" slope="0.00"/>
        <vehicle id="6" x="401.65" y="620.87" angle="180.00" type="DEFAULT_VEHTYPE" speed="10.18" pos="16.12" lane="2/3to2/4_0" slope="0.00"/>
        <vehicle id="7" x="601.65" y="564.56" angle="180.00" type="DEFAULT_VEHTYPE" speed="13.19" pos="159.81" lane="3/2to3/3_0" slope="0.00"/>
        <vehicle id="8" x="598.35" y="495.17" angle="0.00" type="DEFAULT_VEHTYPE" speed="12.74" pos="100.08" lane="3/3to3/2_0" slope="0.00"/>
    </timestep>
    <timestep time="110.00">
        <vehicle id="0" x="398.35" y="462.81" angle="0.00" type="DEFAULT_VEHTYPE" speed="12.64" pos="132.44" lane="2/3to2/2_0" slope="0.00"/>
        <vehicle id="1" x="201.65" y="274.23" angle="180.00" type="DEFAULT_VEHTYPE" speed="12.71" pos="69.48" lane="1/1to1/2_0" slope="0.00"/>
        <vehicle id="10" x="148.34" y="201.65" angle="-90.00" type="DEFAULT_VEHTYPE" speed="13.24" pos="46.91" lane="1/1to0/1_0" slope="0.00"/>
        <vehicle id="11" x="601.65" y="408.96" angle="180.00" type="DEFAULT_VEHTYPE" speed="12.71" pos="4.21" lane="3/2to3/3_0" slope="0.00"/>
        <vehicle id="12" x="398.35" y="412.81" angle="0.00" type="DEFAULT_VEHTYPE" speed="13.29" pos="182.44" lane="2/3to2/2_0" slope="0.00"/>
        <vehicle id="15" x="598.35" y="535.26" angle="0.00" type="DEFAULT_VEHTYPE" speed="13.46" pos="59.99" lane="3/3to3/2_0" slope="0.00"/>
        <vehicle id="17" x="598.35" y="408.97" angle="0.00" type="DEFAULT_VEHTYPE" speed="13.32" pos="186.28" lane="3/3to3/2_0" slope="0.00"/>
        <vehicle id="19" x="251.25" y="598.35" angle="90.00" type="DEFAULT_VEHTYPE" speed="13.57" pos="46.50" lane="1/3to2/3_0" slope="0.00"/>
        <vehicle id="2" x="598.35" y="449.23" angle="0.00" type="DEFAULT_VEHTYPE" speed="13.16" pos="146.02" lane="3/3to3/2_0" slope="0.00"/>
        <vehicle id="20" x="415.74" y="401.65" angle="-90.00" type="DEFAULT_VEHTYPE" speed="8.08" pos="179.51" lane="3/2to2/2_0" slope="0.00"/>
        <vehicle id="23" x="7.18" y="398.35" angle="90.00" type="DEFAULT_VEHTYPE" speed="12.61" pos="7.18" lane="0/2to1/2_0" slope="0.00"/>
        <vehicle id="24" x="190.48" y="398.35" angle="90.00" type="DEFAULT_VEHTYPE" speed="2.48" pos="190.48" lane="0/2to1/2_0" slope="0.00"/>
        <vehicle id="4" x="401.65" y="611.54" angle="180.00" type="DEFAULT_VEHTYPE" speed="10.04" pos="6.79" lane="2/3to2/4_0" slope="0.00"/>
        <vehicle id="5" x="398.35" y="519.04" angle="0.00" type="DEFAULT_VEHTYPE" speed="12.70" pos="76.21" lane="2/3to2/2_0" slope="0.00"/>
        <vehicle id="6" x="401.65" y="632.47" angle="180.00" type="DEFAULT_VEHTYPE" speed="11.60" pos="27.72" lane="2/3to2/4_0" slope="0.00"/>
        <vehicle id="7" x="601.65" y="578.31" angle="180.00" type="DEFAULT_VEHTYPE" speed="13.74" pos="173.56" lane="3/2to3/3_0" slope="0.00"/>
        <vehicle id="8" x="598.35" y="481.78" angle="0.00" type="DEFAULT_VEHTYPE" speed="13.39" pos="113.47" lane="3/3to3/2_0" slope="0.00"/>
    </timestep>
    <timestep time="111.00">
        <vehicle id="0" x="398.35" y="449.60" angle="0.00" type="DEFAULT_VEHTYPE" speed="13.20" pos="145.65" lane="2/3to2/2_0" slope="0.00"/>
        <vehicle id="1" x="201.65" y="287.11" angle="180.00" type="DEFAULT_VEHTYPE" speed="12.88" pos="82.36" lane="1/1to1/2_0" slope="0.00"/>
        <vehicle id="10" x="134.48" y="201.65" angle="-90.00" type="DEFAULT_VEHTYPE" speed="13.86" pos="60.77" lane="1/1to0/1_0" slope="0.00"/>
        <vehicle id="11" x="601.65" y="422.86" angle="180.00" type="DEFAULT_VEHTYPE" speed="13.89" pos="18.11" lane="3/2to3/3_0" slope="0.00"/>
        <vehicle id="12" x="395.53" y="401.69" angle="-40.05" type="DEFAULT_VEHTYPE" speed="12.78" pos="4.72" lane=":2/2_0_0" slope="0.00"/>
        <vehicle id="15" x="598.35" y="522.02" angle="0.00" type="DEFAULT_VEHTYPE" speed="13.24" pos="73.23" lane="3/3to3/2_0" slope="0.00"/>
        <vehicle id="19" x="264.57" y="598.35" angle="90.00" type="DEFAULT_VEHTYPE" speed="13.33" pos="59.82" lane="1/3to2/3_0" slope="0.00"/>
        <vehicle id="2" x="598.35" y="436.47" angle="0.00" type="DEFAULT_VEHTYPE" speed="12.76" pos="158.78" lane="3/3to3/2_0" slope="0.00"/>
        <vehicle id="20" x="411.67" y="401.65" angle="-90.00" type="DEFAULT_VEHTYPE" speed="4.07" pos="183.58" lane="3/2to2/2_0" slope="0.00"/>
        <vehicle id="23" x="19.82" y="398.35" angle="90.00" type="DEFAULT_VEHTYPE" speed="12.64" pos="19.82" lane="0/2to1/2_0" slope="0.00"/>
        <vehicle id="24" x="195.24" y="398.35" angle="90.00" type="DEFAULT_VEHTYPE" speed="4.76" pos="195.24" lane="0/2to1/2_0" slope="0.00"/>
        <vehicle id="4" x="401.65" y="622.48" angle="180.00" type="DEFAULT_VEHTYPE" speed="10.95" pos="17.73" lane="2/3to2/4_0" slope="0.00"/>
        <vehicle id="5" x="398.35" y="505.68" angle="0.00" type="DEFAULT_VEHTYPE" speed="13.35" pos="89.57" lane="2/3to2/2_0" slope="0.00"/>
        <vehicle id="6" x="401.65" y="645.14" angle="180.00" type="DEFAULT_VEHTYPE" speed="12.67" pos="40.39" lane="2/3to2/4_0" slope="0.00"/>
        <vehicle id="7" x="601.65" y="591.31" angle="180.00" type="DEFAULT_VEHTYPE" speed="13.01" pos="186.56" lane="3/2to3/3_0" slope="0.00"/>
        <vehicle id="8" x="598.35" y="467.90" angle="0.00" type="DEFAULT_VEHTYPE" speed="13.88" pos="127.35" lane="3/3to3/2_0" slope="0.00"/>
    </timestep>
    <timestep time="112.00">
        <vehicle id="0" x="398.35" y="436.84" angle="0.00" type="DEFAULT_VEHTYPE" speed="12.76" pos="158.41" lane="2/3to2/2_0" slope="0.00"/>
        <vehicle id="1" x="201.65" y="300.56" angle="180.00" type="DEFAULT_VEHTYPE" speed="13.45" pos="95.81" lane="1/1to1/2_0" slope="0.00"/>
        <vehicle id="10" x="121.20" y="201.65" angle="-90.00" type="DEFAULT_VEHTYPE" speed="13.28" pos="74.05" lane="1/1to0/1_0" slope="0.00"/>
        <vehicle id="11" x="601.65" y="436.10" angle="180.00" type="DEFAULT_VEHTYPE" speed="13.25" pos="31.35" lane="3/2to3/3_0" slope="0.00"/>
        <vehicle id="12" x="381.82" y="401.65" angle="-90.00" type="DEFAULT_VEHTYPE" speed="13.71" pos="13.43" lane="2/2to1/2_0" slope="0.00"/>
        <vehicle id="15" x="598.35" y="508.40" angle="0.00" type="DEFAULT_VEHTYPE" speed="13.62" pos="86.85" lane="3/3to3/2_0" slope="0.00"/>
        <vehicle id="19" x="277.38" y="598.35" angle="90.00" type="DEFAULT_VEHTYPE" speed="12.81" pos="72.63" lane="1/3to2/3_0" slope="0.00"/>
        <vehicle id="2" x="598.35" y="423.39" angle="0.00" type="DEFAULT_VEHTYPE" speed="13.08" pos="171.86" lane="3/3to3/2_0" slope="0.00"/>
        <vehicle id="20" x="405.65" y="401.65" angle="-90.00" type="DEFAULT_VEHTYPE" speed="6.02" pos="189.60" lane="3/2to2/2_0" slope="0.00"/>
        <vehicle id="23" x="32.86" y="398.35" angle="90.00" type="DEFAULT_VEHTYPE" speed="13.04" pos="32.86" lane="0/2to1/2_0" slope="0.00"/>
        <vehicle id="24" x="200.79" y="401.18" angle="123.29" type="DEFAULT_VEHTYPE" speed="6.60" pos="6.59" lane=":1/2_14_0" slope="0.00"/>
        <vehicle id="4" x="401.65" y="634.83" angle="180.00" type="DEFAULT_VEHTYPE" speed="12.35" pos="30.08" lane="2/3to2/4_0" slope="0.00"/>
        <vehicle id="5" x="398.35" y="492.48" angle="0.00" type="DEFAULT_VEHTYPE" speed="13.21" pos="102.77" lane="2/3to2/2_0" slope="0.00"/>
        <vehicle id="6" x="401.65" y="658.73" angle="180.00" type="DEFAULT_VEHTYPE" speed="13.58" pos="53.98" lane="2/3to2/4_0" slope="0.00"/>
        <vehicle id="7" x="608.79" y="598.35" angle="91.54" type="DEFAULT_VEHTYPE" speed="12.97" pos="4.04" lane="3/3to4/3_0" slope="0.00"/>
        <vehicle id="8" x="598.35" y="454.83" angle="0.00" type="DEFAULT_VEHTYPE" speed="13.06" pos="140.42" lane="3/3to3/2_0" slope="0.00"/>
    </timestep>
    <timestep time="113.00">
        <vehicle id="0" x="398.35" y="423.56" angle="0.00" type="DEFAULT_VEHTYPE" speed="13.28" pos="171.69" lane="2/3to2/2_0" slope="0.00"/>
        <vehicle id="1" x="201.65" y="313.41" angle="180.00" type="DEFAULT_VEHTYPE" speed="12.85" pos="108.66" lane="1/1to1/2_0" slope="0.00"/>
        <vehicle id="10" x="108.50" y="201.65" angle="-90.00" type="DEFAULT_VEHTYPE" speed="12.71" pos="86.75" lane="1/1to0/1_0" slope="0.00"/>
        <vehicle id="11" x="601.65" y="449.61" angle="180.00" type="DEFAULT_VEHTYPE" speed="13.51" pos="44.86" lane="3/2to3/3_0" slope="0.00"/>
        <vehicle id="12" x="367.96" y="401.65" angle="-90.00" type="DEFAULT_VEHTYPE" speed="13.87" pos="27.29" lane="2/2to1/2_0" slope="0.00"/>
        <vehicle id="15" x="598.35" y="494.52" angle="0.00" type="DEFAULT_VEHTYPE" speed="13.88" pos="100.73" lane="3/3to3/2_0" slope="0.00"/>
        <vehicle id="19" x="290.08" y="598.35" angle="90.00" type="DEFAULT_VEHTYPE" speed="12.70" pos="85.33" lane="1/3to2/3_0" slope="0.00"/>
        <vehicle id="2" x="598.35" y="410.57" angle="0.00" type="DEFAULT_VEHTYPE" speed="12.83" pos="184.68" lane="3/3to3/2_0" slope="0.00"/>
        <vehicle id="20" x="397.97" y="401.65" angle="-90.00" type="DEFAULT_VEHTYPE" speed="7.68" pos="6.78" lane=":2/2_5_0" slope="0.00"/>
        <vehicle id="23" x="45.46" y="398.35" angle="90.00" type="DEFAULT_VEHTYPE" speed="12.60" pos="45.46" lane="0/2to1/2_0" slope="0.00"/>
        <vehicle id="24" x="201.65" y="409.07" angle="178.90" type="DEFAULT_VEHTYPE" speed="8.05" pos="4.32" lane="1/2to1/3_0" slope="0.00"/>
        <vehicle id="4" x="401.65" y="647.53" angle="180.00" type="DEFAULT_VEHTYPE" speed="12.70" pos="42.78" lane="2/3to2/4_0" slope="0.00"/>
        <vehicle id="5" x="398.35" y="479.19" angle="0.00" type="DEFAULT_VEHTYPE" speed="13.29" pos="116.06" lane="2/3to2/2_0" slope="0.00"/>
        <vehicle id="6" x="401.65" y="671.55" angle="180.00" type="DEFAULT_VEHTYPE" speed="12.82" pos="66.80" lane="2/3to2/4_0" slope="0.00"/>
        <vehicle id="7" x="622.64" y="598.35" angle="90.00" type="DEFAULT_VEHTYPE" speed="13.85" pos="17.89" lane="3/3to4/3_0" slope="0.00"/>
        <vehicle id="8" x="598.35" y="441.65" angle="0.00" type="DEFAULT_VEHTYPE" speed="13.19" pos="153.60" lane="3/3to3/2_0" slope="0.00"/>
    </timestep>
    <timestep time="114.00">
        <vehicle id="0" x="398.35" y="413.17" angle="0.00" type="DEFAULT_VEHTYPE" speed="10.39" pos="182.08" lane="2/3to2/2_0" slope="0.00"/>
        <vehicle id="1" x="201.65" y="326.42" angle="180.00" type="DEFAULT_VEHTYPE" speed="13.01" pos="121.67" lane="1/1to1/2_0" slope="0.00"/>
        <vehicle id="10" x="94.75" y="201.65" angle="-90.00" type="DEFAULT_VEHTYPE" speed="13.75" pos="100.50" lane="1/1to0/1_0" slope="0.00"/>
        <vehicle id="11" x="601.65" y="463.26" angle="180.00" type="DEFAULT_VEHTYPE" speed="13.65" pos="58.51" lane="3/2to3/3_0" slope="0.00"/>
        <vehicle id="12" x="354.33" y="401.65" angle="-90.00" type="DEFAULT_VEHTYPE" speed="13.62" pos="40.92" lane="2/2to1/2_0" slope="0.00"/>
        <vehicle id="15" x="598.35" y="481.18" angle="0.00" type="DEFAULT_VEHTYPE" speed="13.34" pos="114.07" lane="3/3to3/2_0" slope="0.00"/>
        <vehicle id="19" x="302.89" y="598.35" angle="90.00" type="DEFAULT_VEHTYPE" speed="12.81" pos="98.14" lane="1/3to2/3_0" slope="0.00"/>
        <vehicle id="2" x="592.40" y="401.65" angle="-83.11" type="DEFAULT_VEHTYPE" speed="13.67" pos="2.85" lane="3/2to2/2_0" slope="0.00"/>
        <vehicle id="20" x="387.79" y="401.65" angle="-90.00" type="DEFAULT_VEHTYPE" speed="10.17" pos="7.46" lane="2/2to1/2_0" slope="0.00"/>
        <vehicle id="23" x="59.20" y="398.35" angle="90.00" type="DEFAULT_VEHTYPE" speed="13.74" pos="59.20" lane="0/2to1/2_0" slope="0.00"/>
        <vehicle id="24" x="201.65" y="419.14" angle="180.00" type="DEFAULT_VEHTYPE" speed="10.07" pos="14.39" lane="1/2to1/3_0" slope="0.00"/>
        <vehicle id="4" x="401.65" y="660.27" angle="180.00" type="DEFAULT_VEHTYPE" speed="12.74" pos="55.52" lane="2/3to2/4_0" slope="0.00"/>
        <vehicle id="5" x="398.35" y="465.88" angle="0.00" type="DEFAULT_VEHTYPE" speed="13.31" pos="129.37" lane="2/3to2/2_0" slope="0.00"/>
        <vehicle id="6" x="401.65" y="685.35" angle="180.00" type="DEFAULT_VEHTYPE" speed="13.81" pos="80.60" lane="2/3to2/4_0" slope="0.00"/>
        <vehicle id="7" x="635.54" y="598.35" angle="90.00" type="DEFAULT_VEHTYPE" speed="12.90" pos="30.79" lane="3/3to4/3_0" slope="0.00"/>
        <vehicle id="8" x="598.35" y="427.94" angle="0.00" type="DEFAULT_VEHTYPE" speed="13.71" pos="167.31" lane="3/3to3/2_0" slope="0.00"/>
    </timestep>
    <timestep time="115.00">
        <vehicle id="0" x="398.35" y="400.60" angle="0.00" type="DEFAULT_VEHTYPE" speed="12.57" pos="4.15" lane=":2/2_1_0" slope="0.00"/>
        <vehicle id="1" x="201.65" y="340.27" angle="180.00" type="DEFAULT_VEHTYPE" speed="13.84" pos="135.52" lane="1/1to1/2_0" slope="0.00"/>
        <vehicle id="10" x="81.24" y="201.65" angle="-90.00" type="DEFAULT_VEHTYPE" speed="13.51" pos="114.01" lane="1/1to0/1_0" slope="0.00"/>
        <vehicle id="11" x="601.65" y="475.95" angle="180.00" type="DEFAULT_VEHTYPE" speed="12.68" pos="71.20" lane="3/2to3/3_0" slope="0.00"/>
        <vehicle id="12" x="341.58" y="401.65" angle="-90.00" type="DEFAULT_VEHTYPE" speed="12.75" pos="53.67" lane="2/2to1/2_0" slope="0.00"/>
        <vehicle id="15" x="598.35" y="468.04" angle="0.00" type="DEFAULT_VEHTYPE" speed="13.13" pos="127.21" lane="3/3to3/2_0" slope="0.00"/>
        <vehicle id="19" x="315.88" y="598.35" angle="90.00" type="DEFAULT_VEHTYPE" speed="12.99" pos="111.13" lane="1/3to2/3_0" slope="0.00"/>
        <vehicle id="2" x="579.44" y="401.65" angle="-90.00" type="DEFAULT_VEHTYPE" speed="12.96" pos="15.81" lane="3/2to2/2_0" slope="0.00"/>
        <vehicle id="20" x="375.32" y="401.65" angle="-90.00" type="DEFAULT_VEHTYPE" speed="12.48" pos="19.93" lane="2/2to1/2_0" slope="0.00"/>
        <vehicle id="23" x="72.96" y="398.35" angle="90.00" type="DEFAULT_VEHTYPE" speed="13.76" pos="72.96" lane="0/2to1/2_0" slope="0.00"/>
        <vehicle id="24" x="201.65" y="431.63" angle="180.00" type="DEFAULT_VEHTYPE" speed="12.49" pos="26.88" lane="1/2to1/3_0" slope="0.00"/>
        <vehicle id="4" x="401.65" y="673.38" angle="180.00" type="DEFAULT_VEHTYPE" speed="13.11" pos="68.63" lane="2/3to2/4_0" slope="0.00"/>
        <vehicle id="5" x="398.35" y="452.02" angle="0.00" type="DEFAULT_VEHTYPE" speed="13.86" pos="143.23" lane="2/3to2/2_0" slope="0.00"/>
        <vehicle id="6" x="401.65" y="699.05" angle="180.00" type="DEFAULT_VEHTYPE" speed="13.70" pos="94.30" lane="2/3to2/4_0" slope="0.00"/>
        <vehicle id="7" x="648.56" y="598.35" angle="90.00" type="DEFAULT_VEHTYPE" speed="13.03" pos="43.81" lane="3/3to4/3_0" slope="0.00"/>
        <vehicle id="8" x="598.35" y="415.08" angle="0.00" type="DEFAULT_VEHTYPE" speed="12.87" pos="180.17" lane="3/3to3/2_0" slope="0.00"/>
    </timestep>
    <timestep time="116.00">
        <vehicle id="0" x="398.35" y="386.80" angle="0.00" type="DEFAULT_VEHTYPE" speed="13.80" pos="8.45" lane="2/2to2/1_0" slope="0.00"/>
        <vehicle id="1" x="201.65" y="353.59" angle="180.00" type="DEFAULT_VEHTYPE" speed="13.32" pos="148.84" lane="1/1to1/2_0" slope="0.00"/>
        <vehicle id="10" x="67.86" y="201.65" angle="-90.00" type="DEFAULT_VEHTYPE" speed="13.37" pos="127.39" lane="1/1to0/1_0" slope="0.00"/>
        <vehicle id="11" x="601.65" y="489.15" angle="180.00" type="DEFAULT_VEHTYPE" speed="13.21" pos="84.40" lane="3/2to3/3_0" slope="0.00"/>
        <vehicle id="12" x="328.93" y="401.65" angle="-90.00" type="DEFAULT_VEHTYPE" speed="12.65" pos="66.32" lane="2/2to1/2_0" slope="0.00"/>
        <vehicle id="15" x="598.35" y="455.31" angle="0.00" type="DEFAULT_VEHTYPE" speed="12.74" pos="139.94" lane="3/3to3/2_0" slope="0.00"/>
        <vehicle id="19" x="329.18" y="598.35" angle="90.00" type="DEFAULT_VEHTYPE" speed="13.30" pos="124.43" lane="1/3to2/3_0" slope="0.00"/>
        <vehicle id="2" x="566.51" y="401.65" angle="-90.00" type="DEFAULT_VEHTYPE" speed="12.93" pos="28.74" lane="3/2to2/2_0" slope="0.00"/>
        <vehicle id="20" x="362.55" y="401.65" angle="-90.00" type="DEFAULT_VEHTYPE" speed="12.76" pos="32.70" lane="2/2to1/2_0" slope="0.00"/>
        <vehicle id="23" x="86.79" y="398.35" angle="90.00" type="DEFAULT_VEHTYPE" speed="13.83" pos="86.79" lane="0/2to1/2_0" slope="0.00"/>
        <vehicle id="24" x="201.65" y="444.43" angle="180.00" type="DEFAULT_VEHTYPE" speed="12.80" pos="39.68" lane="1/2to1/3_0" slope="0.00"/>
        <vehicle id="4" x="401.65" y="686.39" angle="180.00" type="DEFAULT_VEHTYPE" speed="13.01" pos="81.64" lane="2/3to2/4_0" slope="0.00"/>
        <vehicle id="5" x="398.35" y="438.64" angle="0.00" type="DEFAULT_VEHTYPE" speed="13.38" pos="156.61" lane="2/3to2/2_0" slope="0.00"/>
        <vehicle id="6" x="401.65" y="712.86" angle="180.00" type="DEFAULT_VEHTYPE" speed="13.80" pos="108.11" lane="2/3to2/4_0" slope="0.00"/>
        <vehicle id="7" x="661.53" y="598.35" angle="90.00" type="DEFAULT_VEHTYPE" speed="12.97" pos="56.78" lane="3/3to4/3_0" slope="0.00"/>
        <vehicle id="8" x="596.91" y="402.02" angle="-17.83" type="DEFAULT_VEHTYPE" speed="13.60" pos="3.27" lane=":3/2_0_0" slope="0.00"/>
    </timestep>
    <timestep time="117.00">
        <vehicle id="0" x="398.35" y="373.15" angle="0.00" type="DEFAULT_VEHTYPE" speed="13.65" pos="22.10" lane="2/2to2/1_0" slope="0.00"/>
        <vehicle id="1" x="201.65" y="367.40" angle="180.00" type="DEFAULT_VEHTYPE" speed="13.81" pos="162.65" lane="1/1to1/2_0" slope="0.00"/>
        <vehicle id="10" x="54.00" y="201.65" angle="-90.00" type="DEFAULT_VEHTYPE" speed="13.87" pos="141.25" lane="1/1to0/1_0" slope="0.00"/>
        <vehicle id="11" x="601.65" y="502.44" angle="180.00" type="DEFAULT_VEHTYPE" speed="13.29" pos="97.69" lane="3/2to3/3_0" slope="0.00"/>
        <vehicle id="12" x="315.94" y="401.65" angle="-90.00" type="DEFAULT_VEHTYPE" speed="13.00" pos="79.31" lane="2/2to1/2_0" slope="0.00"/>
        <vehicle id="15" x="598.35" y="442.50" angle="0.00" type="DEFAULT_VEHTYPE" speed="12.81" pos="152.75" lane="3/3to3/2_0" slope="0.00"/>
        <vehicle id="19" x="341.95" y="598.35" angle="90.00" type="DEFAULT_VEHTYPE" speed="12.77" pos="137.20" lane="1/3to2/3_0" slope="0.00"/>
        <vehicle id="2" x="553.19" y="401.65" angle="-90.00" type="DEFAULT_VEHTYPE" speed="13.31" pos="42.06" lane="3/2to2/2_0" slope="0.00"/>
        <vehicle id="20" x="349.20" y="401.65" angle="-90.00" type="DEFAULT_VEHTYPE" speed="13.35" pos="46.05" lane="2/2to1/2_0" slope="0.00"/>
        <vehicle id="23" x="99.47" y="398.35" angle="90.00" type="DEFAULT_VEHTYPE" speed="12.68" pos="99.47" lane="0/2to1/2_0" slope="0.00"/>
        <vehicle id="24" x="201.65" y="457.79" angle="180.00" type="DEFAULT_VEHTYPE" speed="13.36" pos="53.04" lane="1/2to1/3_0" slope="0.00"/>
        <vehicle id="4" x="401.65" y="699.34" angle="180.00" type="DEFAULT_VEHTYPE" speed="12.95" pos="94.59" lane="2/3to2/4_0" slope="0.00"/>
        <vehicle id="5" x="398.35" y="424.86" angle="0.00" type="DEFAULT_VEHTYPE" speed="13.79" pos="170.39" lane="2/3to2/2_0" slope="0.00"/>
        <vehicle id="6" x="401.65" y="726.70" angle="180.00" type="DEFAULT_VEHTYPE" speed="13.85" pos="121.95" lane="2/3to2/4_0" slope="0.00"/>
        <vehicle id="7" x="674.69" y="598.35" angle="90.00" type="DEFAULT_VEHTYPE" speed="13.16" pos="69.94" lane="3/3to4/3_0" slope="0.00"/>
        <vehicle id="8" x="584.16" y="401.65" angle="-90.00" type="DEFAULT_VEHTYPE" speed="12.81" pos="11.09" lane="3/2to2/2_0" slope="0.00"/>
    </timestep>
    <timestep time="118.00">
        <vehicle id="0" x="398.35" y="360.30" angle="0.00" type="DEFAULT_VEHTYPE" speed="12.85" pos="34.95" lane="2/2to2/1_0" slope="0.00"/>
        <vehicle id="1" x="201.65" y="380.48" angle="180.00" type="DEFAULT_VEHTYPE" speed="13.08" pos="175.73" lane="1/1to1/2_0" slope="0.00"/>
        <vehicle id="10" x="41.35" y="201.65" angle="-90.00" type="DEFAULT_VEHTYPE" speed="12.65" pos="153.90" lane="1/1to0/1_0" slope="0.00"/>
        <vehicle id="11" x="601.65" y="516.25" angle="180.00" type="DEFAULT_VEHTYPE" speed="13.81" pos="111.50" lane="3/2to3/3_0" slope="0.00"/>
        <vehicle id="12" x="303.07" y="401.65" angle="-90.00" type="DEFAULT_VEHTYPE" speed="12.87" pos="92.18" lane="2/2to1/2_0" slope="0.00"/>
        <vehicle id="15" x="598.35" y="429.41" angle="0.00" type="DEFAULT_VEHTYPE" speed="13.09" pos="165.84" lane="3/3to3/2_0" slope="0.00"/>
        <vehicle id="19" x="355.34" y="598.35" angle="90.00" type="DEFAULT_VEHTYPE" speed="13.40" pos="150.59" lane="1/3to2/3_0" slope="0.00"/>
        <vehicle id="2" x="539.66" y="401.65" angle="-90.00" type="DEFAULT_VEHTYPE" speed="13.54" pos="55.59" lane="3/2to2/2_0" slope="0.00"/>
        <vehicle id="20" x="336.58" y="401.65" angle="-90.00" type="DEFAULT_VEHTYPE" speed="12.62" pos="58.67" lane="2/2to1/2_0" slope="0.00"/>
        <vehicle id="23" x="112.72" y="398.35" angle="90.00" type="DEFAULT_VEHTYPE" speed="13.25" pos="112.72" lane="0/2to1/2_0" slope="0.00"/>
        <vehicle id="24" x="201.65" y="471.45" angle="180.00" type="DEFAULT_VEHTYPE" speed="13.66" pos="66.70" lane="1/2to1/3_0" slope="0.00"/>
        <vehicle id="4" x="401.65" y="712.77" angle="180.00" type="DEFAULT_VEHTYPE" speed="13.43" pos="108.02" lane="2/3to2/4_0" slope="0.00"/>
        <vehicle id="5" x="398.35" y="411.43" angle="0.00" type="DEFAULT_VEHTYPE" speed="13.42" pos="183.82" lane="2/3to2/2_0" slope="0.00"/>
        <vehicle id="6" x="401.65" y="739.78" angle="180.00" type="DEFAULT_VEHTYPE" speed="13.08" pos="135.03" lane="2/3to2/4_0" slope="0.00"/>
        <vehicle id="7" x="688.12" y="598.35" angle="90.00" type="DEFAULT_VEHTYPE" speed="13.43" pos="83.37" lane="3/3to4/3_0" slope="0.00"/>
        <vehicle id="8" x="571.39" y="401.65" angle="-90.00" type="DEFAULT_VEHTYPE" speed="12.77" pos="23.86" lane="3/2to2/2_0" slope="0.00"/>
    </timestep>
    <timestep time="119.00">
        <vehicle id="0" x="398.35" y="346.84" angle="0.00" type="DEFAULT_VEHTYPE" speed="13.45" pos="48.41" lane="2/2to2/1_0" slope="0.00"/>
        <vehicle id="1" x="201.65" y="393.77" angle="180.00" type="DEFAULT_VEHTYPE" speed="13.30" pos="189.02" lane="1/1to1/2_0" slope="0.00"/>
        <vehicle id="10" x="28.72" y="201.65" angle="-90.00" type="DEFAULT_VEHTYPE" speed="12.63" pos="166.53" lane="1/1to0/1_0" slope="0.00"/>
        <vehicle id="11" x="601.65" y="529.98" angle="180.00" type="DEFAULT_VEHTYPE" speed="13.73" pos="125.23" lane="3/2to3/3_0" slope="0.00"/>
        <vehicle id="12" x="289.56" y="401.65" angle="-90.00" type="DEFAULT_VEHTYPE" speed="13.51" pos="105.69" lane="2/2to1/2_0" slope="0.00"/>
        <vehicle id="15" x="598.35" y="416.34" angle="0.00" type="DEFAULT_VEHTYPE" speed="13.07" pos="178.91" lane="3/3to3/2_0" slope="0.00"/>
        <vehicle id="19" x="368.44" y="598.35" angle="90.00" type="DEFAULT_VEHTYPE" speed="13.09" pos="163.69" lane="1/3to2/3_0" slope="0.00"/>
        <vehicle id="2" x="526.38" y="401.65" angle="-90.00" type="DEFAULT_VEHTYPE" speed="13.28" pos="68.87" lane="3/2to2/2_0" slope="0.00"/>
        <vehicle id="20" x="322.84" y="401.65" angle="-90.00" type="DEFAULT_VEHTYPE" speed="13.74" pos="72.41" lane="2/2to1/2_0" slope="0.00"/>
        <vehicle id="23" x="125.63" y="398.35" angle="90.00" type="DEFAULT_VEHTYPE" speed="12.92" pos="125.63" lane="0/2to1/2_0" slope="0.00"/>
        <vehicle id="24" x="201.65" y="485.20" angle="180.00" type="DEFAULT_VEHTYPE" speed="13.74" pos="80.45" lane="1/2to1/3_0" slope="0.00"/>
        <vehicle id="4" x="401.65" y="725.42" angle="180.00" type="DEFAULT_VEHTYPE" speed="12.65" pos="120.67" lane="2/3to2/4_0" slope="0.00"/>
        <vehicle id="5" x="398.35" y="398.01" angle="0.00" type="DEFAULT_VEHTYPE" speed="13.42" pos="6.74" lane=":2/2_1_0" slope="0.00"/>
        <vehicle id="6" x="401.65" y="752.98" angle="180.00" type="DEFAULT_VEHTYPE" speed="13.20" pos="148.23" lane="2/3to2/4_0" slope="0.00"/>
        <vehicle id="7" x="701.47" y="598.35" angle="90.00" type="DEFAULT_VEHTYPE" speed="13.34" pos="96.72" lane="3/3to4/3_0" slope="0.00"/>
        <vehicle id="8" x="558.19" y="401.65" angle="-90.00" type="DEFAULT_VEHTYPE" speed="13.20" pos="37.06" lane="3/2to2/2_0" slope="0.00"/>
    </timestep>
    <timestep time="120.00">
        <vehicle id="0" x="398.35" y="333.63" angle="0.00" type="DEFAULT_VEHTYPE" speed="13.21" pos="61.62" lane="2/2to2/1_0" slope="0.00"/>
        <vehicle id="10" x="15.49" y="201.65" angle="-90.00" type="DEFAULT_VEHTYPE" speed="13.23" pos="179.76" lane="1/1to0/1_0" slope="0.00"/>
        <vehicle id="11" x="601.65" y="543.52" angle="180.00" type="DEFAULT_VEHTYPE" speed="13.53" pos="138.77" lane="3/2to3/3_0" slope="0.00"/>
        <vehicle id="12" x="276.43" y="401.65" angle="-90.00" type="DEFAULT_VEHTYPE" speed="13.13" pos="118.82" lane="2/2to1/2_0" slope="0.00"/>
        <vehicle id="15" x="598.17" y="403.45" angle="-2.08" type="DEFAULT_VEHTYPE" speed="12.90" pos="1.31" lane=":3/2_0_0" slope="0.00"/>
        <vehicle id="19" x="378.32" y="598.35" angle="90.00" type="DEFAULT_VEHTYPE" speed="9.88" pos="173.57" lane="1/3to2/3_0" slope="0.00"/>
        <vehicle id="2" x="512.98" y="401.65" angle="-90.00" type="DEFAULT_VEHTYPE" speed="13.40" pos="82.27" lane="3/2to2/2_0" slope="0.00"/>
        <vehicle id="20" x="309.04" y="401.65" angle="-90.00" type="DEFAULT_VEHTYPE" speed="13.80" pos="86.21" lane="2/2to1/2_0" slope="0.00"/>
        <vehicle id="23" x="139.47" y="398.35" angle="90.00" type="DEFAULT_VEHTYPE" speed="13.84" pos="139.47" lane="0/2to1/2_0" slope="0.00"/>
        <vehicle id="24" x="201.65" y="498.10" angle="180.00" type="DEFAULT_VEHTYPE" speed="12.91" pos="93.35" lane="1/2to1/3_0" slope="0.00"/>
        <vehicle id="4" x="401.65" y="739.02" angle="180.00" type="DEFAULT_VEHTYPE" speed="13.60" pos="134.27" lane="2/3to2/4_0" slope="0.00"/>
        <vehicle id="5" x="398.35" y="385.28" angle="0.00" type="DEFAULT_VEHTYPE" speed="12.73" pos="9.97" lane="2/2to2/1_0" slope="0.00"/>
        <vehicle id="6" x="401.65" y="765.93" angle="180.00" type="DEFAULT_VEHTYPE" speed="12.95" pos="161.18" lane="2/3to2/4_0" slope="0.00"/>
        <vehicle id="7" x="714.87" y="598.35" angle="90.00" type="DEFAULT_VEHTYPE" speed="13.41" pos="110.12" lane="3/3to4/3_0" slope="0.00"/>
        <vehicle id="8" x="545.49" y="401.65" angle="-90.00" type="DEFAULT_VEHTYPE" speed="12.70" pos="49.76" lane="3/2to2/2_0" slope="0.00"/>
    </timestep>
    <timestep time="121.00">
        <vehicle id="0" x="398.35" y="320.46" angle="0.00" type="DEFAULT_VEHTYPE" speed="13.17" pos="74.79" lane="2/2to2/1_0" slope="0.00"/>
        <vehicle id="10" x="2.57" y="201.65" angle="-90.00" type="DEFAULT_VEHTYPE" speed="12.93" pos="192.68" lane="1/1to0/1_0" slope="0.00"/>
        <vehicle id="11" x="601.65" y="557.14" angle="180.00" type="DEFAULT_VEHTYPE" speed="13.62" pos="152.39" lane="3/2to3/3_0" slope="0.00"/>
        <vehicle id="12" x="262.72" y="401.65" angle="-90.00" type="DEFAULT_VEHTYPE" speed="13.70" pos="132.53" lane="2/2to1/2_0" slope="0.00"/>
        <vehicle id="15" x="585.19" y="401.65" angle="-90.00" type="DEFAULT_VEHTYPE" speed="13.75" pos="10.06" lane="3/2to2/2_0" slope="0.00"/>
        <vehicle id="19" x="385.13" y="598.35" angle="90.00" type="DEFAULT_VEHTYPE" speed="6.81" pos="180.38" lane="1/3to2/3_0" slope="0.00"/>
        <vehicle id="2" x="500.11" y="401.65" angle="-90.00" type="DEFAULT_VEHTYPE" speed="12.86" pos="95.14" lane="3/2to2/2_0" slope="0.00"/>
        <vehicle id="20" x="295.89" y="401.65" angle="-90.00" type="DEFAULT_VEHTYPE" speed="13.16" pos="99.36" lane="2/2to1/2_0" slope="0.00"/>
        <vehicle id="23" x="152.29" y="398.35" angle="90.00" type="DEFAULT_VEHTYPE" speed="12.82" pos="152.29" lane="0/2to1/2_0" slope="0.00"/>
        <vehicle id="24" x="201.65" y="511.56" angle="180.00" type="DEFAULT_VEHTYPE" speed="13.46" pos="106.81" lane="1/2to1/3_0" slope="0.00"/>
        <vehicle id="4" x="401.65" y="752.71" angle="180.00" type="DEFAULT_VEHTYPE" speed="13.69" pos="147.96" lane="2/3to2/4_0" slope="0.00"/>
        <vehicle id="5" x="398.35" y="372.35" angle="0.00" type="DEFAULT_VEHTYPE" speed="12.94" pos="22.90" lane="2/2to2/1_0" slope="0.00"/>
        <vehicle id="6" x="401.65" y="778.61" angle="180.00" type="DEFAULT_VEHTYPE" speed="12.68" pos="173.86" lane="2/3to2/4_0" slope="0.00"/>
        <vehicle id="7" x="727.63" y="598.35" angle="90.00" type="DEFAULT_VEHTYPE" speed="12.76" pos="122.88" lane="3/3to4/3_0" slope="0.00"/>
        <vehicle id="8" x="532.76" y="401.65" angle="-90.00" type="DEFAULT_VEHTYPE" speed="12.73" pos="62.49" lane="3/2to2/2_0" slope="0.00"/>
    </timestep>
    <timestep time="122.00">
        <vehicle id="0" x="398.35" y="307.55" angle="0.00" type="DEFAULT_VEHTYPE" speed="12.91" pos="87.70" lane="2/2to2/1_0" slope="0.00"/>
        <vehicle id="10" x="5.92" y="198.35" angle="90.00" type="DEFAULT_VEHTYPE" speed="13.31" pos="5.92" lane="0/1to1/1_0" slope="0.00"/>
        <vehicle id="11" x="601.65" y="570.63" angle="180.00" type="DEFAULT_VEHTYPE" speed="13.49" pos="165.88" lane="3/2to3/3_0" slope="0.00"/>
        <vehicle id="12" x="249.85" y="401.65" angle="-90.00" type="DEFAULT_VEHTYPE" speed="12.87" pos="145.40" lane="2/2to1/2_0" slope="0.00"/>
        <vehicle id="15" x="571.86" y="401.65" angle="-90.00" type="DEFAULT_VEHTYPE" speed="13.33" pos="23.39" lane="3/2to2/2_0" slope="0.00"/>
        <vehicle id="19" x="389.75" y="598.35" angle="90.00" type="DEFAULT_VEHTYPE" speed="4.62" pos="185.00" lane="1/3to2/3_0" slope="0.00"/>
        <vehicle id="2" x="486.41" y="401.65" angle="-90.00" type="DEFAULT_VEHTYPE" speed="13.71" pos="108.84" lane="3/2to2/2_0" slope="0.00"/>
        <vehicle id="20" x="282.01" y="401.65" angle="-90.00" type="DEFAULT_VEHTYPE" speed="13.87" pos="113.24" lane="2/2to1/2_0" slope="0.00"/>
        <vehicle id="23" x="165.35" y="398.35" angle="90.00" type="DEFAULT_VEHTYPE" speed="13.06" pos="165.35" lane="0/2to1/2_0" slope="0.00"/>
        <vehicle id="24" x="201.65" y="524.31" angle="180.00" type="DEFAULT_VEHTYPE" speed="12.75" pos="119.56" lane="1/2to1/3_0" slope="0.00"/>
        <vehicle id="4" x="401.65" y="766.52" angle="180.00" type="DEFAULT_VEHTYPE" speed="13.80" pos="161.77" lane="2/3to2/4_0" slope="0.00"/>
        <vehicle id="5" x="398.35" y="358.48" angle="0.00" type="DEFAULT_VEHTYPE" speed="13.87" pos="36.77" lane="2/2to2/1_0" slope="0.00"/>
        <vehicle id="6" x="401.65" y="791.65" angle="180.00" type="DEFAULT_VEHTYPE" speed="13.03" pos="186.90" lane="2/3to2/4_0" slope="0.00"/>
        <vehicle id="7" x="741.39" y="598.35" angle="90.00" type="DEFAULT_VEHTYPE" speed="13.76" pos="136.64" lane="3/3to4/3_0" slope="0.00"/>
        <vehicle id="8" x="519.92" y="401.65" angle="-90.00" type="DEFAULT_VEHTYPE" speed="12.84" pos="75.33" lane="3/2to2/2_0" slope="0.00"/>
    </timestep>
    <timestep time="123.00">
        <vehicle id="0" x="398.35" y="293.71" angle="0.00" type="DEFAULT_VEHTYPE" speed="13.84" pos="101.54" lane="2/2to2/1_0" slope="0.00"/>
        <vehicle id="10" x="18.66" y="198.35" angle="90.00" type="DEFAULT_VEHTYPE" speed="12.74" pos="18.66" lane="0/1to1/1_0" slope="0.00"/>
        <vehicle id="11" x="601.65" y="584.48" angle="180.00" type="DEFAULT_VEHTYPE" speed="13.85" pos="179.73" lane="3/2to3/3_0" slope="0.00"/>
        <vehicle id="12" x="236.45" y="401.65" angle="-90.00" type="DEFAULT_VEHTYPE" speed="13.40" pos="158.80" lane="2/2to1/2_0" slope="0.00"/>
        <vehicle id="15" x="558.42" y="401.65" angle="-90.00" type="DEFAULT_VEHTYPE" speed="13.44" pos="36.83" lane="3/2to2/2_0" slope="0.00"/>
        <vehicle id="19" x="396.75" y="598.56" angle="92.45" type="DEFAULT_VEHTYPE" speed="7.01" pos="1.51" lane=":2/3_14_0" slope="0.00"/>
        <vehicle id="2" x="473.74" y="401.65" angle="-90.00" type="DEFAULT_VEHTYPE" speed="12.67" pos="121.51" lane="3/2to2/2_0" slope="0.00"/>
        <vehicle id="20" x="269.05" y="401.65" angle="-90.00" type="DEFAULT_VEHTYPE" speed="12.96" pos="126.20" lane="2/2to1/2_0" slope="0.00"/>
        <vehicle id="23" x="176.04" y="398.35" angle="90.00" type="DEFAULT_VEHTYPE" speed="10.69" pos="176.04" lane="0/2to1/2_0" slope="0.00"/>
        <vehicle id="24" x="201.65" y="537.62" angle="180.00" type="DEFAULT_VEHTYPE" speed="13.31" pos="132.87" lane="1/2to1/3_0" slope="0.00"/>
        <vehicle id="4" x="401.65" y="779.21" angle="180.00" type="DEFAULT_VEHTYPE" speed="12.70" pos="174.46" lane="2/3to2/4_0" slope="0.00"/>
        <vehicle id="5" x="398.35" y="345.03" angle="0.00" type="DEFAULT_VEHTYPE" speed="13.45" pos="50.22" lane="2/2to2/1_0" slope="0.00"/>
        <vehicle id="6" x="398.60" y="800.37" angle="-108.20" type="DEFAULT_VEHTYPE" speed="12.72" pos="4.37" lane=":2/4_0_0" slope="0.00"/>
        <vehicle id="7" x="754.58" y="598.35" angle="90.00" type="DEFAULT_VEHTYPE" speed="13.19" pos="149.83" lane="3/3to4/3_0" slope="0.00"/>
        <vehicle id="8" x="507.06" y="401.65" angle="-90.00" type="DEFAULT_VEHTYPE" speed="12.86" pos="88.19" lane="3/2to2/2_0" slope="0.00"/>
    </timestep>
    <timestep time="124.00">
        <vehicle id="0" x="398.35" y="280.12" angle="0.00" type="DEFAULT_VEHTYPE" speed="13.59" pos="115.13" lane="2/2to2/1_0" slope="0.00"/>
        <vehicle id="10" x="31.80" y="198.35" angle="90.00" type="DEFAULT_VEHTYPE" speed="13.13" pos="31.80" lane="0/1to1/1_0" slope="0.00"/>
        <vehicle id="11" x="602.47" y="597.61" angle="170.39" type="DEFAULT_VEHTYPE" speed="13.32" pos="2.55" lane=":3/3_8_0" slope="0.00"/>
        <vehicle id="12" x="224.47" y="401.65" angle="-90.00" type="DEFAULT_VEHTYPE" speed="11.98" pos="170.78" lane="2/2to1/2_0" slope="0.00"/>
        <vehicle id="15" x="544.91" y="401.65" angle="-90.00" type="DEFAULT_VEHTYPE" speed="13.51" pos="50.34" lane="3/2to2/2_0" slope="0.00"/>
        <vehicle id="19" x="401.59" y="604.31" angle="158.39" type="DEFAULT_VEHTYPE" speed="8.36" pos="9.87" lane=":2/3_14_0" slope="0.00"/>
        <vehicle id="2" x="460.44" y="401.65" angle="-90.00" type="DEFAULT_VEHTYPE" speed="13.30" pos="134.81" lane="3/2to2/2_0" slope="0.00"/>
        <vehicle id="20" x="255.51" y="401.65" angle="-90.00" type="DEFAULT_VEHTYPE" speed="13.54" pos="139.74" lane="2/2to1/2_0" slope="0.00"/>
        <vehicle id="23" x="183.83" y="398.35" angle="90.00" type="DEFAULT_VEHTYPE" speed="7.79" pos="183.83" lane="0/2to1/2_0" slope="0.00"/>
        <vehicle id="24" x="201.65" y="551.11" angle="180.00" type="DEFAULT_VEHTYPE" speed="13.48" pos="146.36" lane="1/2to1/3_0" slope="0.00"/>
        <vehicle id="4" x="401.65" y="792.81" angle="180.00" type="DEFAULT_VEHTYPE" speed="13.60" pos="188.06" lane="2/3to2/4_0" slope="0.00"/>
        <vehicle id="5" x="398.35" y="331.39" angle="0.00" type="DEFAULT_VEHTYPE" speed="13.63" pos="63.86" lane="2/2to2/1_0" slope="0.00"/>
        <vehicle id="6" x="398.35" y="787.79" angle="0.00" type="DEFAULT_VEHTYPE" speed="12.66" pos="12.21" lane="2/4to2/3_0" slope="0.00"/>
        <vehicle id="7" x="767.24" y="598.35" angle="90.00" type="DEFAULT_VEHTYPE" speed="12.66" pos="162.49" lane="3/3to4/3_0" slope="0.00"/>
        <vehicle id="8" x="494.34" y="401.65" angle="-90.00" type="DEFAULT_VEHTYPE" speed="12.72" pos="100.91" lane="3/2to2/2_0" slope="0.00"/>
    </timestep>
    <timestep time="125.00">
        <vehicle id="0" x="398.35" y="266.89" angle="0.00" type="DEFAULT_VEHTYPE" speed="13.23" pos="128.36" lane="2/2to2/1_0" slope="0.00"/>
        <vehicle id="10" x="45.32" y="198.35" angle="90.00" type="DEFAULT_VEHTYPE" speed="13.53" pos="45.32" lane="0/1to1/1_0" slope="0.00"/>
        <vehicle id="11" x="615.39" y="598.35" angle="90.00" type="DEFAULT_VEHTYPE" speed="13.08" pos="10.64" lane="3/3to4/3_0" slope="0.00"/>
        <vehicle id="12" x="216.92" y="401.65" angle="-90.00" type="DEFAULT_VEHTYPE" speed="7.55" pos="178.33" lane="2/2to1/2_0" slope="0.00"/>
        <vehicle id="15" x="531.41" y="401.65" angle="-90.00" type="DEFAULT_VEHTYPE" speed="13.50" pos="63.84" lane="3/2to2/2_0" slope="0.00"/>
        <vehicle id="19" x="401.65" y="615.05" angle="180.00" type="DEFAULT_VEHTYPE" speed="10.75" pos="10.30" lane="2/3to2/4_0" slope="0.00"/>
        <vehicle id="2" x="447.10" y="401.65" angle="-90.00" type="DEFAULT_VEHTYPE" speed="13.34" pos="148.15" lane="3/2to2/2_0" slope="0.00"/>
        <vehicle id="20" x="241.79" y="401.65" angle="-90.00" type="DEFAULT_VEHTYPE" speed="13.73" pos="153.46" lane="2/2to1/2_0" slope="0.00"/>
        <vehicle id="23" x="188.75" y="398.35" angle="90.00" type="DEFAULT_VEHTYPE" speed="4.92" pos="188.75" lane="0/2to1/2_0" slope="0.00"/>
        <vehicle id="24" x="201.65" y="564.48" angle="180.00" type="DEFAULT_VEHTYPE" speed="13.37" pos="159.73" lane="1/2to1/3_0" slope="0.00"/>
        <vehicle id="4" x="398.35" y="798.41" angle="-42.32" type="DEFAULT_VEHTYPE" speed="13.60" pos="1.59" lane="2/4to2/3_0" slope="0.00"/>
        <vehicle id="5" x="398.35" y="317.61" angle="0.00" type="DEFAULT_VEHTYPE" speed="13.78" pos="77.64" lane="2/2to2/1_0" slope="0.00"/>
        <vehicle id="6" x="398.35" y="774.27" angle="0.00" type="DEFAULT_VEHTYPE" speed="13.51" pos="25.73" lane="2/4to2/3_0" slope="0.00"/>
        <vehicle id="7" x="779.86" y="598.35" angle="90.00" type="DEFAULT_VEHTYPE" speed="12.63" pos="175.11" lane="3/3to4/3_0" slope="0.00"/>
        <vehicle id="8" x="480.84" y="401.65" angle="-90.00" type="DEFAULT_VEHTYPE" speed="13.50" pos="114.41" lane="3/2to2/2_0" slope="0.00"/>
    </timestep>
    <timestep time="126.00">
        <vehicle id="0" x="398.35" y="253.26" angle="0.00" type="DEFAULT_VEHTYPE" speed="13.63" pos="141.99" lane="2/2to2/1_0" slope="0.00"/>
        <vehicle id="10" x="58.37" y="198.35" angle="90.00" type="DEFAULT_VEHTYPE" speed="13.05" pos="58.37" lane="0/1to1/1_0" slope="0.00"/>
        <vehicle id="11" x="628.14" y="598.35" angle="90.00" type="DEFAULT_VEHTYPE" speed="12.75" pos="23.39" lane="3/3to4/3_0" slope="0.00"/>
        <vehicle id="12" x="211.59" y="401.65" angle="-90.00" type="DEFAULT_VEHTYPE" speed="5.32" pos="183.66" lane="2/2to1/2_0" slope="0.00"/>
        <vehicle id="15" x="517.71" y="401.65" angle="-90.00" type="DEFAULT_VEHTYPE" speed="13.70" pos="77.54" lane="3/2to2/2_0" slope="0.00"/>
        <vehicle id="19" x="401.65" y="628.34" angle="180.00" type="DEFAULT_VEHTYPE" speed="13.29" pos="23.59" lane="2/3to2/4_0" slope="0.00"/>
        <vehicle id="2" x="433.46" y="401.65" angle="-90.00" type="DEFAULT_VEHTYPE" speed="13.64" pos="161.79" lane="3/2to2/2_0" slope="0.00"/>
        <vehicle id="20" x="231.05" y="401.65" angle="-90.00" type="DEFAULT_VEHTYPE" speed="10.74" pos="164.20" lane="2/2to1/2_0" slope="0.00"/>
        <vehicle id="23" x="190.65" y="398.35" angle="90.00" type="DEFAULT_VEHTYPE" speed="1.90" pos="190.65" lane="0/2to1/2_0" slope="0.00"/>
        <vehicle id="24" x="201.65" y="577.17" angle="180.00" type="DEFAULT_VEHTYPE" speed="12.69" pos="172.42" lane="1/2to1/3_0" slope="0.00"/>
        <vehicle id="4" x="398.35" y="785.43" angle="0.00" type="DEFAULT_VEHTYPE" speed="12.98" pos="14.57" lane="2/4to2/3_0" slope="0.00"/>
        <vehicle id="5" x="398.35" y="304.94" angle="0.00" type="DEFAULT_VEHTYPE" speed="12.67" pos="90.31" lane="2/2to2/1_0" slope="0.00"/>
        <vehicle id="6" x="398.35" y="760.80" angle="0.00" type="DEFAULT_VEHTYPE" speed="13.48" pos="39.20" lane="2/4to2/3_0" slope="0.00"/>
        <vehicle id="7" x="793.15" y="598.35" angle="90.00" type="DEFAULT_VEHTYPE" speed="13.28" pos="188.40" lane="3/3to4/3_0" slope="0.00"/>
        <vehicle id="8" x="467.81" y="401.65" angle="-90.00" type="DEFAULT_VEHTYPE" speed="13.03" pos="127.44" lane="3/2to2/2_0" slope="0.00"/>
    </timestep>
    <timestep time="127.00">
        <vehicle id="0" x="398.35" y="239.99" angle="0.00" type="DEFAULT_VEHTYPE" speed="13.28" pos="155.26" lane="2/2to2/1_0" slope="0.00"/>
        <vehicle id="10" x="70.98" y="198.35" angle="90.00" type="DEFAULT_VEHTYPE" speed="12.61" pos="70.98" lane="0/1to1/1_0" slope="0.00"/>
        <vehicle id="11" x="641.84" y="598.35" angle="90.00" type="DEFAULT_VEHTYPE" speed="13.70" pos="37.09" lane="3/3to4/3_0" slope="0.00"/>
        <vehicle id="12" x="204.86" y="401.65" angle="-90.00" type="DEFAULT_VEHTYPE" speed="6.73" pos="190.39" lane="2/2to1/2_0" slope="0.00"/>
        <vehicle id="15" x="504.19" y="401.65" angle="-90.00" type="DEFAULT_VEHTYPE" speed="13.52" pos="91.06" lane="3/2to2/2_0" slope="0.00"/>
        <vehicle id="19" x="401.65" y="642.07" angle="180.00" type="DEFAULT_VEHTYPE" speed="13.73" pos="37.32" lane="2/3to2/4_0" slope="0.00"/>
        <vehicle id="2" x="422.84" y="401.65" angle="-90.00" type="DEFAULT_VEHTYPE" speed="10.61" pos="172.41" lane="3/2to2/2_0" slope="0.00"/>
        <vehicle id="20" x="223.12" y="401.65" angle="-90.00" type="DEFAULT_VEHTYPE" speed="7.92" pos="172.13" lane="2/2to1/2_0" slope="0.00"/>
        <vehicle id="23" x="191.81" y="398.35" angle="90.00" type="DEFAULT_VEHTYPE" speed="1.17" pos="191.81" lane="0/2to1/2_0" slope="0.00"/>
        <vehicle id="24" x="201.65" y="590.33" angle="180.00" type="DEFAULT_VEHTYPE" speed="13.17" pos="185.58" lane="1/2to1/3_0" slope="0.00"/>
        <vehicle id="4" x="398.35" y="771.74" angle="0.00" type="DEFAULT_VEHTYPE" speed="13.69" pos="28.26" lane="2/4to2/3_0" slope="0.00"/>
        <vehicle id="5" x="398.35" y="291.08" angle="0.00" type="DEFAULT_VEHTYPE" speed="13.86" pos="104.17" lane="2/2to2/1_0" slope="0.00"/>
        <vehicle id="6" x="398.35" y="747.33" angle="0.00" type="DEFAULT_VEHTYPE" speed="13.47" pos="52.67" lane="2/4to2/3_0" slope="0.00"/>
        <vehicle id="7" x="799.05" y="601.65" angle="-151.01" type="DEFAULT_VEHTYPE" speed="12.62" pos="0.95" lane="4/3to3/3_0" slope="0.00"/>
        <vehicle id="8" x="454.39" y="401.65" angle="-90.00" type="DEFAULT_VEHTYPE" speed="13.42" pos="140.86" lane="3/2to2/2_0" slope="0.00"/>
    </timestep>
    <timestep time="128.00">
        <vehicle id="0" x="398.35" y="227.04" angle="0.00" type="DEFAULT_VEHTYPE" speed="12.95" pos="168.21" lane="2/2to2/1_0" slope="0.00"/>
        <vehicle id="10" x="83.75" y="198.35" angle="90.00" type="DEFAULT_VEHTYPE" speed="12.77" pos="83.75" lane="0/1to1/1_0" slope="0.00"/>
        <vehicle id="11" x="655.67" y="598.35" angle="90.00" type="DEFAULT_VEHTYPE" speed="13.83" pos="50.92" lane="3/3to4/3_0" slope="0.00"/>
        <vehicle id="12" x="196.66" y="401.65" angle="-90.00" type="DEFAULT_VEHTYPE" speed="8.20" pos="8.09" lane=":1/2_5_0" slope="0.00"/>
        <vehicle id="15" x="490.75" y="401.65" angle="-90.00" type="DEFAULT_VEHTYPE" speed="13.44" pos="104.50" lane="3/2to2/2_0" slope="0.00"/>
        <vehicle id="19" x="401.65" y="655.03" angle="180.00" type="DEFAULT_VEHTYPE" speed="12.96" pos="50.28" lane="2/3to2/4_0" slope="0.00"/>
        <vehicle id="2" x="414.70" y="401.65" angle="-90.00" type="DEFAULT_VEHTYPE" speed="8.14" pos="180.55" lane="3/2to2/2_0" slope="0.00"/>
        <vehicle id="20" x="216.02" y="401.65" angle="-90.00" type="DEFAULT_VEHTYPE" speed="7.10" pos="179.23" lane="2/2to1/2_0" slope="0.00"/>
        <vehicle id="23" x="192.31" y="398.35" angle="90.00" type="DEFAULT_VEHTYPE" speed="0.50" pos="192.31" lane="0/2to1/2_0" slope="0.00"/>
        <vehicle id="24" x="208.44" y="598.35" angle="92.08" type="DEFAULT_VEHTYPE" speed="13.61" pos="3.69" lane="1/3to2/3_0" slope="0.00"/>
        <vehicle id="4" x="398.35" y="759.04" angle="0.00" type="DEFAULT_VEHTYPE" speed="12.70" pos="40.96" lane="2/4to2/3_0" slope="0.00"/>
        <vehicle id="5" x="398.35" y="277.65" angle="0.00" type="DEFAULT_VEHTYPE" speed="13.43" pos="117.60" lane="2/2to2/1_0" slope="0.00"/>
        <vehicle id="6" x="398.35" y="733.80" angle="0.00" type="DEFAULT_VEHTYPE" speed="13.53" pos="66.20" lane="2/4to2/3_0" slope="0.00"/>
        <vehicle id="7" x="785.16" y="601.65" angle="-90.00" type="DEFAULT_VEHTYPE" speed="13.89" pos="14.84" lane="4/3to3/3_0" slope="0.00"/>
        <vehicle id="8" x="441.16" y="401.65" angle="-90.00" type="DEFAULT_VEHTYPE" speed="13.23" pos="154.09" lane="3/2to2/2_0" slope="0.00"/>
    </timestep>
    <timestep time="129.00">
        <vehicle id="0" x="398.35" y="214.23" angle="0.00" type="DEFAULT_VEHTYPE" speed="12.81" pos="181.02" lane="2/2to2/1_0" slope="0.00"/>
        <vehicle id="10" x="96.84" y="198.35" angle="90.00" type="DEFAULT_VEHTYPE" speed="13.10" pos="96.84" lane="0/1to1/1_0" slope="0.00"/>
        <vehicle id="11" x="668.68" y="598.35" angle="90.00" type="DEFAULT_VEHTYPE" speed="13.01" pos="63.93" lane="3/3to4/3_0" slope="0.00"/>
        <vehicle id="12" x="186.80" y="401.65" angle="-90.00" type="DEFAULT_VEHTYPE" speed="9.85" pos="8.45" lane="1/2to0/2_0" slope="0.00"/>
        <vehicle id="15" x="478.06" y="401.65" angle="-90.00" type="DEFAULT_VEHTYPE" speed="12.69" pos="117.19" lane="3/2to2/2_0" slope="0.00"/>
        <vehicle id="19" x="401.65" y="668.16" angle="180.00" type="DEFAULT_VEHTYPE" speed="13.13" pos="63.41" lane="2/3to2/4_0" slope="0.00"/>
        <vehicle id="2" x="410.38" y="401.65" angle="-90.00" type="DEFAULT_VEHTYPE" speed="4.32" pos="184.87" lane="3/2to2/2_0" slope="0.00"/>
        <vehicle id="20" x="210.66" y="401.65" angle="-90.00" type="DEFAULT_VEHTYPE" speed="5.37" pos="184.59" lane="2/2to1/2_0" slope="0.00"/>
        <vehicle id="23" x="195.10" y="398.35" angle="90.00" type="DEFAULT_VEHTYPE" speed="2.79" pos="195.10" lane="0/2to1/2_0" slope="0.00"/>
        <vehicle id="24" x="221.33" y="598.35" angle="90.00" type="DEFAULT_VEHTYPE" speed="12.89" pos="16.58" lane="1/3to2/3_0" slope="0.00"/>
        <vehicle id="4" x="398.35" y="745.92" angle="0.00" type="DEFAULT_VEHTYPE" speed="13.12" pos="54.08" lane="2/4to2/3_0" slope="0.00"/>
        <vehicle id="5" x="398.35" y="264.61" angle="0.00" type="DEFAULT_VEHTYPE" speed="13.03" pos="130.64" lane="2/2to2/1_0" slope="0.00"/>
        <vehicle id="6" x="398.35" y="721.18" angle="0.00" type="DEFAULT_VEHTYPE" speed="12.62" pos="78.82" lane="2/4to2/3_0" slope="0.00"/>
        <vehicle id="7" x="772.54" y="601.65" angle="-90.00" type="DEFAULT_VEHTYPE" speed="12.62" pos="27.46" lane="4/3to3/3_0" slope="0.00"/>
        <vehicle id="8" x="430.33" y="401.65" angle="-90.00" type="DEFAULT_VEHTYPE" speed="10.83" pos="164.92" lane="3/2to2/2_0" slope="0.00"/>
    </timestep>
    <timestep time="130.00">
        <vehicle id="0" x="396.52" y="201.83" angle="-23.48" type="DEFAULT_VEHTYPE" speed="13.20" pos="3.72" lane=":2/1_0_0" slope="0.00"/>
        <vehicle id="10" x="109.50" y="198.35" angle="90.00" type="DEFAULT_VEHTYPE" speed="12.65" pos="109.50" lane="0/1to1/1_0" slope="0.00"/>
        <vehicle id="11" x="682.05" y="598.35" angle="90.00" type="DEFAULT_VEHTYPE" speed="13.37" pos="77.30" lane="3/3to4/3_0" slope="0.00"/>
        <vehicle id="12" x="175.16" y="401.65" angle="-90.00" type="DEFAULT_VEHTYPE" speed="11.64" pos="20.09" lane="1/2to0/2_0" slope="0.00"/>
        <vehicle id="15" x="465.40" y="401.65" angle="-90.00" type="DEFAULT_VEHTYPE" speed="12.66" pos="129.85" lane="3/2to2/2_0" slope="0.00"/>
        <vehicle id="19" x="401.65" y="681.75" angle="180.00" type="DEFAULT_VEHTYPE" speed="13.59" pos="77.00" lane="2/3to2/4_0" slope="0.00"/>
        <vehicle id="2" x="403.56" y="401.48" angle="-88.04" type="DEFAULT_VEHTYPE" speed="6.84" pos="1.20" lane=":2/2_6_0" slope="0.00"/>
        <vehicle id="20" x="203.08" y="401.41" angle="-87.25" type="DEFAULT_VEHTYPE" speed="7.60" pos="1.69" lane=":1/2_6_0" slope="0.00"/>
        <vehicle id="23" x="199.62" y="399.69" angle="105.89" type="DEFAULT_VEHTYPE" speed="4.80" pos="4.66" lane=":1/2_14_0" slope="0.00"/>
        <vehicle id="24" x="234.69" y="598.35" angle="90.00" type="DEFAULT_VEHTYPE" speed="13.36" pos="29.94" lane="1/3to2/3_0" slope="0.00"/>
        <vehicle id="4" x="398.35" y="732.29" angle="0.00" type="DEFAULT_VEHTYPE" speed="13.63" pos="67.71" lane="2/4to2/3_0" slope="0.00"/>
        <vehicle id="5" x="398.35" y="251.06" angle="0.00" type="DEFAULT_VEHTYPE" speed="13.55" pos="144.19" lane="2/2to2/1_0" slope="0.00"/>
        <vehicle id="6" x="398.35" y="707.66" angle="0.00" type="DEFAULT_VEHTYPE" speed="13.51" pos="92.34" lane="2/4to2/3_0" slope="0.00"/>
        <vehicle id="7" x="759.75" y="601.65" angle="-90.00" type="DEFAULT_VEHTYPE" speed="12.79" pos="40.25" lane="4/3to3/3_0" slope="0.00"/>
        <vehicle id="8" x="423.96" y="401.65" angle="-90.00" type="DEFAULT_VEHTYPE" speed="6.37" pos="171.29" lane="3/2to2/2_0" slope="0.00"/>
    </timestep>
    <timestep time="131.00">
        <vehicle id="0" x="383.00" y="201.65" angle="-90.00" type="DEFAULT_VEHTYPE" speed="13.53" pos="12.25" lane="2/1to1/1_0" slope="0.00"/>
        <vehicle id="10" x="122.44" y="198.35" angle="90.00" type="DEFAULT_VEHTYPE" speed="12.94" pos="122.44" lane="0/1to1/1_0" slope="0.00"/>
        <vehicle id="11" x="695.56" y="598.35" angle="90.00" type="DEFAULT_VEHTYPE" speed="13.51" pos="90.81" lane="3/3to4/3_0" slope="0.00"/>
        <vehicle id="12" x="161.74" y="401.65" angle="-90.00" type="DEFAULT_VEHTYPE" speed="13.42" pos="33.51" lane="1/2to0/2_0" slope="0.00"/>
        <vehicle id="15" x="452.64" y="401.65" angle="-90.00" type="DEFAULT_VEHTYPE" speed="12.76" pos="142.61" lane="3/2to2/2_0" slope="0.00"/>
        <vehicle id="19" x="401.65" y="694.48" angle="180.00" type="DEFAULT_VEHTYPE" speed="12.73" pos="89.73" lane="2/3to2/4_0" slope="0.00"/>
        <vehicle id="2" x="398.40" y="395.62" angle="-20.85" type="DEFAULT_VEHTYPE" speed="8.74" pos="9.95" lane=":2/2_6_0" slope="0.00"/>
        <vehicle id="20" x="198.35" y="394.51" angle="-13.39" type="DEFAULT_VEHTYPE" speed="9.37" pos="0.74" lane="1/2to1/1_0" slope="0.00"/>
        <vehicle id="23" x="201.65" y="405.41" angle="166.08" type="DEFAULT_VEHTYPE" speed="6.32" pos="0.66" lane="1/2to1/3_0" slope="0.00"/>
        <vehicle id="24" x="248.42" y="598.35" angle="90.00" type="DEFAULT_VEHTYPE" speed="13.73" pos="43.67" lane="1/3to2/3_0" slope="0.00"/>
        <vehicle id="4" x="398.35" y="718.91" angle="0.00" type="DEFAULT_VEHTYPE" speed="13.39" pos="81.09" lane="2/4to2/3_0" slope="0.00"/>
        <vehicle id="5" x="398.35" y="238.35" angle="0.00" type="DEFAULT_VEHTYPE" speed="12.71" pos="156.90" lane="2/2to2/1_0" slope="0.00"/>
        <vehicle id="6" x="398.35" y="694.49" angle="0.00" type="DEFAULT_VEHTYPE" speed="13.17" pos="105.51" lane="2/4to2/3_0" slope="0.00"/>
        <vehicle id="7" x="746.78" y="601.65" angle="-90.00" type="DEFAULT_VEHTYPE" speed="12.97" pos="53.22" lane="4/3to3/3_0" slope="0.00"/>
        <vehicle id="8" x="415.81" y="401.65" angle="-90.00" type="DEFAULT_VEHTYPE" speed="8.15" pos="179.44" lane="3/2to2/2_0" slope="0.00"/>
    </timestep>
    <timestep time="132.00">
        <vehicle id="0" x="370.23" y="201.65" angle="-90.00" type="DEFAULT_VEHTYPE" speed="12.77" pos="25.02" lane="2/1to1/1_0" slope="0.00"/>
        <vehicle id="10" x="136.26" y="198.35" angle="90.00" type="DEFAULT_VEHTYPE" speed="13.82" pos="136.26" lane="0/1to1/1_0" slope="0.00"/>
        <vehicle id="11" x="708.89" y="598.35" angle="90.00" type="DEFAULT_VEHTYPE" speed="13.32" pos="104.14" lane="3/3to4/3_0" slope="0.00"/>
        <vehicle id="12" x="149.09" y="401.65" angle="-90.00" type="DEFAULT_VEHTYPE" speed="12.65" pos="46.16" lane="1/2to0/2_0" slope="0.00"/>
        <vehicle id="15" x="439.79" y="401.65" angle="-90.00" type="DEFAULT_VEHTYPE" speed="12.85" pos="155.46" lane="3/2to2/2_0" slope="0.00"/>
        <vehicle id="19" x="401.65" y="707.92" angle="180.00" type="DEFAULT_VEHTYPE" speed="13.44" pos="103.17" lane="2/3to2/4_0" slope="0.00"/>
        <vehicle id="2" x="398.35" y="384.74" angle="0.00" type="DEFAULT_VEHTYPE" speed="10.89" pos="10.51" lane="2/2to2/1_0" slope="0.00"/>
        <vehicle id="20" x="198.35" y="383.30" angle="0.00" type="DEFAULT_VEHTYPE" speed="11.20" pos="11.95" lane="1/2to1/1_0" slope="0.00"/>
        <vehicle id="23" x="201.65" y="413.51" angle="180.00" type="DEFAULT_VEHTYPE" speed="8.10" pos="8.76" lane="1/2to1/3_0" slope="0.00"/>
        <vehicle id="24" x="261.11" y="598.35" angle="90.00" type="DEFAULT_VEHTYPE" speed="12.69" pos="56.36" lane="1/3to2/3_0" slope="0.00"/>
        <vehicle id="4" x="398.35" y="706.20" angle="0.00" type="DEFAULT_VEHTYPE" speed="12.70" pos="93.80" lane="2/4to2/3_0" slope="0.00"/>
        <vehicle id="5" x="398.35" y="225.61" angle="0.00" type="DEFAULT_VEHTYPE" speed="12.74" pos="169.64" lane="2/2to2/1_0" slope="0.00"/>
        <vehicle id="6" x="398.35" y="680.75" angle="0.00" type="DEFAULT_VEHTYPE" speed="13.74" pos="119.25" lane="2/4to2/3_0" slope="0.00"/>
        <vehicle id="7" x="733.27" y="601.65" angle="-90.00" type="DEFAULT_VEHTYPE" speed="13.52" pos="66.73" lane="4/3to3/3_0" slope="0.00"/>
        <vehicle id="8" x="410.64" y="401.65" angle="-90.00" type="DEFAULT_VEHTYPE" speed="5.18" pos="184.61" lane="3/2to2/2_0" slope="0.00"/>
    </timestep>
    <timestep time="133.00">
        <vehicle id="0" x="357.03" y="201.65" angle="-90.00" type="DEFAULT_VEHTYPE" speed="13.20" pos="38.22" lane="2/1to1/1_0" slope="0.00"/>
        <vehicle id="10" x="149.04" y="198.35" angle="90.00" type="DEFAULT_VEHTYPE" speed="12.78" pos="149.04" lane="0/1to1/1_0" slope="0.00"/>
        <vehicle id="11" x="722.16" y="598.35" angle="90.00" type="DEFAULT_VEHTYPE" speed="13.27" pos="117.41" lane="3/3to4/3_0" slope="0.00"/>
        <vehicle id="12" x="136.02" y="401.65" angle="-90.00" type="DEFAULT_VEHTYPE" speed="13.07" pos="59.23" lane="1/2to0/2_0" slope="0.00"/>
        <vehicle id="15" x="428.89" y="401.65" angle="-90.00" type="DEFAULT_VEHTYPE" speed="10.91" pos="166.36" lane="3/2to2/2_0" slope="0.00"/>
        <vehicle id="19" x="401.65" y="721.60" angle="180.00" type="DEFAULT_VEHTYPE" speed="13.68" pos="116.85" lane="2/3to2/4_0" slope="0.00"/>
        <vehicle id="2" x="398.35" y="372.26" angle="0.00" type="DEFAULT_VEHTYPE" speed="12.48" pos="22.99" lane="2/2to2/1_0" slope="0.00"/>
        <vehicle id="20" x="198.35" y="370.50" angle="0.00" type="DEFAULT_VEHTYPE" speed="12.80" pos="24.75" lane="1/2to1/1_0" slope="0.00"/>
        <vehicle id="23" x="201.65" y="423.56" angle="180.00" type="DEFAULT_VEHTYPE" speed="10.05" pos="18.81" lane="1/2to1/3_0" slope="0.00"/>
        <vehicle id="24" x="274.52" y="598.35" angle="90.00" type="DEFAULT_VEHTYPE" speed="13.41" pos="69.77" lane="1/3to2/3_0" slope="0.00"/>
        <vehicle id="4" x="398.35" y="692.66" angle="0.00" type="DEFAULT_VEHTYPE" speed="13.54" pos="107.34" lane="2/4to2/3_0" slope="0.00"/>
        <vehicle id="5" x="398.35" y="212.64" angle="0.00" type="DEFAULT_VEHTYPE" speed="12.97" pos="182.61" lane="2/2to2/1_0" slope="0.00"/>
        <vehicle id="6" x="398.35" y="666.95" angle="0.00" type="DEFAULT_VEHTYPE" speed="13.80" pos="133.05" lane="2/4to2/3_0" slope="0.00"/>
        <vehicle id="7" x="719.83" y="601.65" angle="-90.00" type="DEFAULT_VEHTYPE" speed="13.43" pos="80.17" lane="4/3to3/3_0" slope="0.00"/>
        <vehicle id="8" x="402.92" y="401.65" angle="-90.00" type="DEFAULT_VEHTYPE" speed="7.71" pos="1.83" lane=":2/2_5_0" slope="0.00"/>
    </timestep>
    <timestep time="134.00">
        <vehicle id="0" x="344.39" y="201.65" angle="-90.00" type="DEFAULT_VEHTYPE" speed="12.64" pos="50.86" lane="2/1to1/1_0" slope="0.00"/>
        <vehicle id="10" x="162.80" y="198.35" angle="90.00" type="DEFAULT_VEHTYPE" speed="13.76" pos="162.80" lane="0/1to1/1_0" slope="0.00"/>
        <vehicle id="11" x="735.20" y="598.35" angle="90.00" type="DEFAULT_VEHTYPE" speed="13.04" pos="130.45" lane="3/3to4/3_0" slope="0.00"/>
        <vehicle id="12" x="123.27" y="401.65" angle="-90.00" type="DEFAULT_VEHTYPE" speed="12.75" pos="71.98" lane="1/2to0/2_0" slope="0.00"/>
        <vehicle id="15" x="418.94" y="401.65" angle="-90.00" type="DEFAULT_VEHTYPE" speed="9.95" pos="176.31" lane="3/2to2/2_0" slope="0.00"/>
        <vehicle id="19" x="401.65" y="734.91" angle="180.00" type="DEFAULT_VEHTYPE" speed="13.30" pos="130.16" lane="2/3to2/4_0" slope="0.00"/>
        <vehicle id="2" x="398.35" y="359.11" angle="0.00" type="DEFAULT_VEHTYPE" speed="13.14" pos="36.14" lane="2/2to2/1_0" slope="0.00"/>
        <vehicle id="20" x="198.35" y="356.80" angle="0.00" type="DEFAULT_VEHTYPE" speed="13.70" pos="38.45" lane="1/2to1/1_0" slope="0.00"/>
        <vehicle id="23" x="201.65" y="435.69" angle="180.00" type="DEFAULT_VEHTYPE" speed="12.13" pos="30.94" lane="1/2to1/3_0" slope="0.00"/>
        <vehicle id="24" x="287.85" y="598.35" angle="90.00" type="DEFAULT_VEHTYPE" speed="13.33" pos="83.10" lane="1/3to2/3_0" slope="0.00"/>
        <vehicle id="4" x="398.35" y="679.90" angle="0.00" type="DEFAULT_VEHTYPE" speed="12.76" pos="120.10" lane="2/4to2/3_0" slope="0.00"/>
        <vehicle id="5" x="395.11" y="201.65" angle="-47.48" type="DEFAULT_VEHTYPE" speed="13.03" pos="0.14" lane="2/1to1/1_0" slope="0.00"/>
        <vehicle id="6" x="398.35" y="654.16" angle="0.00" type="DEFAULT_VEHTYPE" speed="12.79" pos="145.84" lane="2/4to2/3_0" slope="0.00"/>
        <vehicle id="7" x="706.58" y="601.65" angle="-90.00" type="DEFAULT_VEHTYPE" speed="13.25" pos="93.42" lane="4/3to3/3_0" slope="0.00"/>
        <vehicle id="8" x="393.61" y="401.65" angle="-90.00" type="DEFAULT_VEHTYPE" speed="9.31" pos="1.64" lane="2/2to1/2_0" slope="0.00"/>
    </timestep>
    <timestep time="135.00">
        <vehicle id="0" x="331.65" y="201.65" angle="-90.00" type="DEFAULT_VEHTYPE" speed="12.74" pos="63.60" lane="2/1to1/1_0" slope="0.00"/>
        <vehicle id="10" x="175.14" y="198.35" angle="90.00" type="DEFAULT_VEHTYPE" speed="12.33" pos="175.14" lane="0/1to1/1_0" slope="0.00"/>
        <vehicle id="11" x="748.79" y="598.35" angle="90.00" type="DEFAULT_VEHTYPE" speed="13.59" pos="144.04" lane="3/3to4/3_0" slope="0.00"/>
        <vehicle id="12" x="109.68" y="401.65" angle="-90.00" type="DEFAULT_VEHTYPE" speed="13.60" pos="85.57" lane="1/2to0/2_0" slope="0.00"/>
        <vehicle id="15" x="412.78" y="401.65" angle="-90.00" type="DEFAULT_VEHTYPE" speed="6.16" pos="182.47" lane="3/2to2/2_0" slope="0.00"/>
        <vehicle id="19" x="401.65" y="748.32" angle="180.00" type="DEFAULT_VEHTYPE" speed="13.41" pos="143.57" lane="2/3to2/4_0" slope="0.00"/>
        <vehicle id="2" x="398.35" y="345.73" angle="0.00" type="DEFAULT_VEHTYPE" speed="13.38" pos="49.52" lane="2/2to2/1_0" slope="0.00"/>
        <vehicle id="20" x="198.35" y="343.27" angle="0.00" type="DEFAULT_VEHTYPE" speed="13.53" pos="51.98" lane="1/2to1/1_0" slope="0.00"/>
        <vehicle id="23" x="201.65" y="449.39" angle="180.00" type="DEFAULT_VEHTYPE" speed="13.70" pos="44.64" lane="1/2to1/3_0" slope="0.00"/>
        <vehicle id="24" x="301.20" y="598.35" angle="90.00" type="DEFAULT_VEHTYPE" speed="13.35" pos="96.45" lane="1/3to2/3_0" slope="0.00"/>
        <vehicle id="4" x="398.35" y="666.22" angle="0.00" type="DEFAULT_VEHTYPE" speed="13.69" pos="133.78" lane="2/4to2/3_0" slope="0.00"/>
        <vehicle id="5" x="382.01" y="201.65" angle="-90.00" type="DEFAULT_VEHTYPE" speed="13.10" pos="13.24" lane="2/1to1/1_0" slope="0.00"/>
        <vehicle id="6" x="398.35" y="641.16" angle="0.00" type="DEFAULT_VEHTYPE" speed="13.00" pos="158.84" lane="2/4to2/3_0" slope="0.00"/>
        <vehicle id="7" x="693.52" y="601.65" angle="-90.00" type="DEFAULT_VEHTYPE" speed="13.06" pos="106.48" lane="4/3to3/3_0" slope="0.00"/>
        <vehicle id="8" x="382.83" y="401.65" angle="-90.00" type="DEFAULT_VEHTYPE" speed="10.78" pos="12.42" lane="2/2to1/2_0" slope="0.00"/>
    </timestep>
    <timestep time="136.00">
        <vehicle id="0" x="318.45" y="201.65" angle="-90.00" type="DEFAULT_VEHTYPE" speed="13.20" pos="76.80" lane="2/1to1/1_0" slope="0.00"/>
        <vehicle id="10" x="183.96" y="198.35" angle="90.00" type="DEFAULT_VEHTYPE" speed="8.83" pos="183.96" lane="0/1to1/1_0" slope="0.00"/>
        <vehicle id="11" x="761.95" y="598.35" angle="90.00" type="DEFAULT_VEHTYPE" speed="13.16" pos="157.20" lane="3/3to4/3_0" slope="0.00"/>
        <vehicle id="12" x="95.92" y="401.65" angle="-90.00" type="DEFAULT_VEHTYPE" speed="13.76" pos="99.33" lane="1/2to0/2_0" slope="0.00"/>
        <vehicle id="15" x="409.33" y="401.65" angle="-90.00" type="DEFAULT_VEHTYPE" speed="3.44" pos="185.92" lane="3/2to2/2_0" slope="0.00"/>
        <vehicle id="19" x="401.65" y="762.05" angle="180.00" type="DEFAULT_VEHTYPE" speed="13.73" pos="157.30" lane="2/3to2/4_0" slope="0.00"/>
        <vehicle id="2" x="398.35" y="332.71" angle="0.00" type="DEFAULT_VEHTYPE" speed="13.02" pos="62.54" lane="2/2to2/1_0" slope="0.00"/>
        <vehicle id="20" x="198.35" y="329.73" angle="0.00" type="DEFAULT_VEHTYPE" speed="13.54" pos="65.52" lane="1/2to1/1_0" slope="0.00"/>
        <vehicle id="23" x="201.65" y="463.10" angle="180.00" type="DEFAULT_VEHTYPE" speed="13.71" pos="58.35" lane="1/2to1/3_0" slope="0.00"/>
        <vehicle id="24" x="313.83" y="598.35" angle="90.00" type="DEFAULT_VEHTYPE" speed="12.63" pos="109.08" lane="1/3to2/3_0" slope="0.00"/>
        <vehicle id="4" x="398.35" y="652.92" angle="0.00" type="DEFAULT_VEHTYPE" speed="13.29" pos="147.08" lane="2/4to2/3_0" slope="0.00"/>
        <vehicle id="5" x="368.79" y="201.65" angle="-90.00" type="DEFAULT_VEHTYPE" speed="13.22" pos="26.46" lane="2/1to1/1_0" slope="0.00"/>
        <vehicle id="6" x="398.35" y="628.16" angle="0.00" type="DEFAULT_VEHTYPE" speed="13.00" pos="171.84" lane="2/4to2/3_0" slope="0.00"/>
        <vehicle id="7" x="680.03" y="601.65" angle="-90.00" type="DEFAULT_VEHTYPE" speed="13.49" pos="119.97" lane="4/3to3/3_0" slope="0.00"/>
        <vehicle id="8" x="369.75" y="401.65" angle="-90.00" type="DEFAULT_VEHTYPE" speed="13.09" pos="25.50" lane="2/2to1/2_0" slope="0.00"/>
    </timestep>
    <timestep time="137.00">
        <vehicle id="0" x="305.30" y="201.65" angle="-90.00" type="DEFAULT_VEHTYPE" speed="13.15" pos="89.95" lane="2/1to1/1_0" slope="0.00"/>
        <vehicle id="10" x="188.53" y="198.35" angle="90.00" type="DEFAULT_VEHTYPE" speed="4.56" pos="188.53" lane="0/1to1/1_0" slope="0.00"/>
        <vehicle id="11" x="774.93" y="598.35" angle="90.00" type="DEFAULT_VEHTYPE" speed="12.99" pos="170.18" lane="3/3to4/3_0" slope="0.00"/>
        <vehicle id="12" x="83.06" y="401.65" angle="-90.00" type="DEFAULT_VEHTYPE" speed="12.86" pos="112.19" lane="1/2to0/2_0" slope="0.00"/>
        <vehicle id="15" x="404.17" y="401.65" angle="-90.00" type="DEFAULT_VEHTYPE" speed="5.16" pos="0.58" lane=":2/2_5_0" slope="0.00"/>
        <vehicle id="19" x="401.65" y="774.66" angle="180.00" type="DEFAULT_VEHTYPE" speed="12.61" pos="169.91" lane="2/3to2/4_0" slope="0.00"/>
        <vehicle id="2" x="398.35" y="319.47" angle="0.00" type="DEFAULT_VEHTYPE" speed="13.24" pos="75.78" lane="2/2to2/1_0" slope="0.00"/>
        <vehicle id="20" x="198.35" y="316.10" angle="0.00" type="DEFAULT_VEHTYPE" speed="13.63" pos="79.15" lane="1/2to1/1_0" slope="0.00"/>
        <vehicle id="23" x="201.65" y="476.55" angle="180.00" type="DEFAULT_VEHTYPE" speed="13.45" pos="71.80" lane="1/2to1/3_0" slope="0.00"/>
        <vehicle id="24" x="326.57" y="598.35" angle="90.00" type="DEFAULT_VEHTYPE" speed="12.74" pos="121.82" lane="1/3to2/3_0" slope="0.00"/>
        <vehicle id="4" x="398.35" y="640.18" angle="0.00" type="DEFAULT_VEHTYPE" speed="12.75" pos="159.82" lane="2/4to2/3_0" slope="0.00"/>
        <vehicle id="5" x="355.04" y="201.65" angle="-90.00" type="DEFAULT_VEHTYPE" speed="13.75" pos="40.21" lane="2/1to1/1_0" slope="0.00"/>
        <vehicle id="6" x="398.35" y="615.22" angle="0.00" type="DEFAULT_VEHTYPE" speed="12.94" pos="184.78" lane="2/4to2/3_0" slope="0.00"/>
        <vehicle id="7" x="667.17" y="601.65" angle="-90.00" type="DEFAULT_VEHTYPE" speed="12.86" pos="132.83" lane="4/3to3/3_0" slope="0.00"/>
        <vehicle id="8" x="356.53" y="401.65" angle="-90.00" type="DEFAULT_VEHTYPE" speed="13.22" pos="38.72" lane="2/2to1/2_0" slope="0.00"/>
    </timestep>
    <timestep time="138.00">
        <vehicle id="0" x="292.28" y="201.65" angle="-90.00" type="DEFAULT_VEHTYPE" speed="13.02" pos="102.97" lane="2/1to1/1_0" slope="0.00"/>
        <vehicle id="10" x="194.99" y="198.35" angle="90.00" type="DEFAULT_VEHTYPE" speed="6.46" pos="194.99" lane="0/1to1/1_0" slope="0.00"/>
        <vehicle id="11" x="788.20" y="598.35" angle="90.00" type="DEFAULT_VEHTYPE" speed="13.27" pos="183.45" lane="3/3to4/3_0" slope="0.00"/>
        <vehicle id="12" x="69.81" y="401.65" angle="-90.00" type="DEFAULT_VEHTYPE" speed="13.24" pos="125.44" lane="1/2to0/2_0" slope="0.00"/>
        <vehicle id="15" x="397.22" y="401.65" angle="-90.00" type="DEFAULT_VEHTYPE" speed="6.95" pos="7.53" lane=":2/2_5_0" slope="0.00"/>
        <vehicle id="19" x="401.65" y="788.18" angle="180.00" type="DEFAULT_VEHTYPE" speed="13.53" pos="183.43" lane="2/3to2/4_0" slope="0.00"/>
        <vehicle id="2" x="398.35" y="305.76" angle="0.00" type="DEFAULT_VEHTYPE" speed="13.71" pos="89.49" lane="2/2to2/1_0" slope="0.00"/>
        <vehicle id="20" x="198.35" y="302.68" angle="0.00" type="DEFAULT_VEHTYPE" speed="13.42" pos="92.57" lane="1/2to1/1_0" slope="0.00"/>
        <vehicle id="23" x="201.65" y="489.82" angle="180.00" type="DEFAULT_VEHTYPE" speed="13.28" pos="85.07" lane="1/2to1/3_0" slope="0.00"/>
        <vehicle id="24" x="339.96" y="598.35" angle="90.00" type="DEFAULT_VEHTYPE" speed="13.40" pos="135.21" lane="1/3to2/3_0" slope="0.00"/>
        <vehicle id="4" x="398.35" y="626.62" angle="0.00" type="DEFAULT_VEHTYPE" speed="13.56" pos="173.38" lane="2/4to2/3_0" slope="0.00"/>
        <vehicle id="5" x="341.80" y="201.65" angle="-90.00" type="DEFAULT_VEHTYPE" speed="13.24" pos="53.45" lane="2/1to1/1_0" slope="0.00"/>
        <vehicle id="6" x="398.35" y="601.62" angle="0.00" type="DEFAULT_VEHTYPE" speed="13.61" pos="3.13" lane=":2/3_1_0" slope="0.00"/>
        <vehicle id="7" x="653.47" y="601.65" angle="-90.00" type="DEFAULT_VEHTYPE" speed="13.70" pos="146.53" lane="4/3to3/3_0" slope="0.00"/>
        <vehicle id="8" x="342.84" y="401.65" angle="-90.00" type="DEFAULT_VEHTYPE" speed="13.69" pos="52.41" lane="2/2to1/2_0" slope="0.00"/>
    </timestep>
    <timestep time="139.00">
        <vehicle id="0" x="278.57" y="201.65" angle="-90.00" type="DEFAULT_VEHTYPE" speed="13.71" pos="116.68" lane="2/1to1/1_0" slope="0.00"/>
        <vehicle id="10" x="198.35" y="191.80" angle="3.28" type="DEFAULT_VEHTYPE" speed="8.71" pos="3.45" lane="1/1to1/0_0" slope="0.00"/>
        <vehicle id="11" x="801.10" y="599.08" angle="98.74" type="DEFAULT_VEHTYPE" speed="13.12" pos="1.32" lane=":4/3_0_0" slope="0.00"/>
        <vehicle id="12" x="56.97" y="401.65" angle="-90.00" type="DEFAULT_VEHTYPE" speed="12.85" pos="138.28" lane="1/2to0/2_0" slope="0.00"/>
        <vehicle id="15" x="388.43" y="401.65" angle="-90.00" type="DEFAULT_VEHTYPE" speed="8.79" pos="6.82" lane="2/2to1/2_0" slope="0.00"/>
        <vehicle id="19" x="400.85" y="801.21" angle="-170.42" type="DEFAULT_VEHTYPE" speed="13.27" pos="1.46" lane=":2/4_0_0" slope="0.00"/>
        <vehicle id="2" x="398.35" y="293.11" angle="0.00" type="DEFAULT_VEHTYPE" speed="12.65" pos="102.14" lane="2/2to2/1_0" slope="0.00"/>
        <vehicle id="20" x="198.35" y="289.64" angle="0.00" type="DEFAULT_VEHTYPE" speed="13.05" pos="105.61" lane="1/2to1/1_0" slope="0.00"/>
        <vehicle id="23" x="201.65" y="503.59" angle="180.00" type="DEFAULT_VEHTYPE" speed="13.77" pos="98.84" lane="1/2to1/3_0" slope="0.00"/>
        <vehicle id="24" x="352.95" y="598.35" angle="90.00" type="DEFAULT_VEHTYPE" speed="12.98" pos="148.20" lane="1/3to2/3_0" slope="0.00"/>
        <vehicle id="4" x="398.35" y="613.34" angle="0.00" type="DEFAULT_VEHTYPE" speed="13.28" pos="186.66" lane="2/4to2/3_0" slope="0.00"/>
        <vehicle id="5" x="328.05" y="201.65" angle="-90.00" type="DEFAULT_VEHTYPE" speed="13.76" pos="67.20" lane="2/1to1/1_0" slope="0.00"/>
        <vehicle id="6" x="398.35" y="588.74" angle="0.00" type="DEFAULT_VEHTYPE" speed="12.88" pos="6.51" lane="2/3to2/2_0" slope="0.00"/>
        <vehicle id="7" x="640.10" y="601.65" angle="-90.00" type="DEFAULT_VEHTYPE" speed="13.36" pos="159.90" lane="4/3to3/3_0" slope="0.00"/>
        <vehicle id="8" x="329.26" y="401.65" angle="-90.00" type="DEFAULT_VEHTYPE" speed="13.58" pos="65.99" lane="2/2to1/2_0" slope="0.00"/>
    </timestep>
    <timestep time="140.00">
        <vehicle id="0" x="265.01" y="201.65" angle="-90.00" type="DEFAULT_VEHTYPE" speed="13.55" pos="130.24" lane="2/1to1/1_0" slope="0.00"/>
        <vehicle id="10" x="198.35" y="181.51" angle="0.00" type="DEFAULT_VEHTYPE" speed="10.29" pos="13.74" lane="1/1to1/0_0" slope="0.00"/>
        <vehicle id="11" x="790.31" y="601.65" angle="-90.00" type="DEFAULT_VEHTYPE" speed="13.19" pos="9.69" lane="4/3to3/3_0" slope="0.00"/>
        <vehicle id="12" x="43.67" y="401.65" angle="-90.00" type="DEFAULT_VEHTYPE" speed="13.30" pos="151.58" lane="1/2to0/2_0" slope="0.00"/>
        <vehicle id="15" x="377.41" y="401.65" angle="-90.00" type="DEFAULT_VEHTYPE" speed="11.02" pos="17.84" lane="2/2to1/2_0" slope="0.00"/>
        <vehicle id="19" x="398.35" y="790.40" angle="0.00" type="DEFAULT_VEHTYPE" speed="12.97" pos="9.60" lane="2/4to2/3_0" slope="0.00"/>
        <vehicle id="2" x="398.35" y="280.43" angle="0.00" type="DEFAULT_VEHTYPE" speed="12.68" pos="114.82" lane="2/2to2/1_0" slope="0.00"/>
        <vehicle id="20" x="198.35" y="275.94" angle="0.00" type="DEFAULT_VEHTYPE" speed="13.70" pos="119.31" lane="1/2to1/1_0" slope="0.00"/>
        <vehicle id="23" x="201.65" y="517.06" angle="180.00" type="DEFAULT_VEHTYPE" speed="13.47" pos="112.31" lane="1/2to1/3_0" slope="0.00"/>
        <vehicle id="24" x="365.69" y="598.35" angle="90.00" type="DEFAULT_VEHTYPE" speed="12.74" pos="160.94" lane="1/3to2/3_0" slope="0.00"/>
        <vehicle id="4" x="398.35" y="600.69" angle="0.00" type="DEFAULT_VEHTYPE" speed="12.65" pos="4.06" lane=":2/3_1_0" slope="0.00"/>
        <vehicle id="5" x="314.61" y="201.65" angle="-90.00" type="DEFAULT_VEHTYPE" speed="13.44" pos="80.64" lane="2/1to1/1_0" slope="0.00"/>
        <vehicle id="6" x="398.35" y="575.53" angle="0.00" type="DEFAULT_VEHTYPE" speed="13.22" pos="19.72" lane="2/3to2/2_0" slope="0.00"/>
        <vehicle id="7" x="627.03" y="601.65" angle="-90.00" type="DEFAULT_VEHTYPE" speed="13.07" pos="172.97" lane="4/3to3/3_0" slope="0.00"/>
        <vehicle id="8" x="315.89" y="401.65" angle="-90.00" type="DEFAULT_VEHTYPE" speed="13.37" pos="79.36" lane="2/2to1/2_0" slope="0.00"/>
    </timestep>
    <timestep time="141.00">
        <vehicle id="0" x="251.54" y="201.65" angle="-90.00" type="DEFAULT_VEHTYPE" speed="13.48" pos="143.71" lane="2/1to1/1_0" slope="0.00"/>
        <vehicle id="10" x="198.35" y="169.49" angle="0.00" type="DEFAULT_VEHTYPE" speed="12.03" pos="25.76" lane="1/1to1/0_0" slope="0.00"/>
        <vehicle id="11" x="777.66" y="601.65" angle="-90.00" type="DEFAULT_VEHTYPE" speed="12.65" pos="22.34" lane="4/3to3/3_0" slope="0.00"/>
        <vehicle id="12" x="30.12" y="401.65" angle="-90.00" type="DEFAULT_VEHTYPE" speed="13.55" pos="165.13" lane="1/2to0/2_0" slope="0.00"/>
        <vehicle id="15" x="364.02" y="401.65" angle="-90.00" type="DEFAULT_VEHTYPE" speed="13.39" pos="31.23" lane="2/2to1/2_0" slope="0.00"/>
        <vehicle id="19" x="398.35" y="777.17" angle="0.00" type="DEFAULT_VEHTYPE" speed="13.23" pos="22.83" lane="2/4to2/3_0" slope="0.00"/>
        <vehicle id="2" x="398.35" y="267.24" angle="0.00" type="DEFAULT_VEHTYPE" speed="13.18" pos="128.01" lane="2/2to2/1_0" slope="0.00"/>
        <vehicle id="20" x="198.35" y="262.07" angle="0.00" type="DEFAULT_VEHTYPE" speed="13.86" pos="133.18" lane="1/2to1/1_0" slope="0.00"/>
        <vehicle id="23" x="201.65" y="530.87" angle="180.00" type="DEFAULT_VEHTYPE" speed="13.81" pos="126.12" lane="1/2to1/3_0" slope="0.00"/>
        <vehicle id="24" x="376.73" y="598.35" angle="90.00" type="DEFAULT_VEHTYPE" speed="11.04" pos="171.98" lane="1/3to2/3_0" slope="0.00"/>
        <vehicle id="4" x="398.35" y="587.85" angle="0.00" type="DEFAULT_VEHTYPE" speed="12.84" pos="7.40" lane="2/3to2/2_0" slope="0.00"/>
        <vehicle id="5" x="301.68" y="201.65" angle="-90.00" type="DEFAULT_VEHTYPE" speed="12.93" pos="93.57" lane="2/1to1/1_0" slope="0.00"/>
        <vehicle id="6" x="398.35" y="562.57" angle="0.00" type="DEFAULT_VEHTYPE" speed="12.96" pos="32.68" lane="2/3to2/2_0" slope="0.00"/>
        <vehicle id="7" x="617.89" y="601.65" angle="-90.00" type="DEFAULT_VEHTYPE" speed="9.13" pos="182.11" lane="4/3to3/3_0" slope="0.00"/>
        <vehicle id="8" x="302.56" y="401.65" angle="-90.00" type="DEFAULT_VEHTYPE" speed="13.33" pos="92.69" lane="2/2to1/2_0" slope="0.00"/>
    </timestep>
    <timestep time="142.00">
        <vehicle id="0" x="238.01" y="201.65" angle="-90.00" type="DEFAULT_VEHTYPE" speed="13.53" pos="157.24" lane="2/1to1/1_0" slope="0.00"/>
        <vehicle id="10" x="198.35" y="156.47" angle="0.00" type="DEFAULT_VEHTYPE" speed="13.01" pos="38.78" lane="1/1to1/0_0" slope="0.00"/>
        <vehicle id="11" x="764.98" y="601.65" angle="-90.00" type="DEFAULT_VEHTYPE" speed="12.68" pos="35.02" lane="4/3to3/3_0" slope="0.00"/>
        <vehicle id="12" x="16.51" y="401.65" angle="-90.00" type="DEFAULT_VEHTYPE" speed="13.61" pos="178.74" lane="1/2to0/2_0" slope="0.00"/>
        <vehicle id="15" x="350.15" y="401.65" angle="-90.00" type="DEFAULT_VEHTYPE" speed="13.87" pos="45.10" lane="2/2to1/2_0" slope="0.00"/>
        <vehicle id="19" x="398.35" y="764.16" angle="0.00" type="DEFAULT_VEHTYPE" speed="13.00" pos="35.84" lane="2/4to2/3_0" slope="0.00"/>
        <vehicle id="2" x="398.35" y="254.38" angle="0.00" type="DEFAULT_VEHTYPE" speed="12.87" pos="140.87" lane="2/2to2/1_0" slope="0.00"/>
        <vehicle id="20" x="198.35" y="249.13" angle="0.00" type="DEFAULT_VEHTYPE" speed="12.94" pos="146.12" lane="1/2to1/1_0" slope="0.00"/>
        <vehicle id="23" x="201.65" y="543.59" angle="180.00" type="DEFAULT_VEHTYPE" speed="12.72" pos="138.84" lane="1/2to1/3_0" slope="0.00"/>
        <vehicle id="24" x="385.04" y="598.35" angle="90.00" type="DEFAULT_VEHTYPE" speed="8.31" pos="180.29" lane="1/3to2/3_0" slope="0.00"/>
        <vehicle id="4" x="398.35" y="574.94" angle="0.00" type="DEFAULT_VEHTYPE" speed="12.91" pos="20.31" lane="2/3to2/2_0" slope="0.00"/>
        <vehicle id="5" x="289.07" y="201.65" angle="-90.00" type="DEFAULT_VEHTYPE" speed="12.61" pos="106.18" lane="2/1to1/1_0" slope="0.00"/>
        <vehicle id="6" x="398.35" y="548.68" angle="0.00" type="DEFAULT_VEHTYPE" speed="13.89" pos="46.57" lane="2/3to2/2_0" slope="0.00"/>
        <vehicle id="7" x="612.58" y="601.65" angle="-90.00" type="DEFAULT_VEHTYPE" speed="5.32" pos="187.42" lane="4/3to3/3_0" slope="0.00"/>
        <vehicle id="8" x="289.71" y="401.65" angle="-90.00" type="DEFAULT_VEHTYPE" speed="12.86" pos="105.54" lane="2/2to1/2_0" slope="0.00"/>
    </timestep>
    <timestep time="143.00">
        <vehicle id="0" x="225.99" y="201.65" angle="-90.00" type="DEFAULT_VEHTYPE" speed="12.02" pos="169.26" lane="2/1to1/1_0" slope="0.00"/>
        <vehicle id="10" x="198.35" y="143.01" angle="0.00" type="DEFAULT_VEHTYPE" speed="13.46" pos="52.24" lane="1/1to1/0_0" slope="0.00"/>
        <vehicle id="11" x="751.98" y="601.65" angle="-90.00" type="DEFAULT_VEHTYPE" speed="12.99" pos="48.02" lane="4/3to3/3_0" slope="0.00"/>
        <vehicle id="12" x="3.62" y="401.65" angle="-90.00" type="DEFAULT_VEHTYPE" speed="12.89" pos="191.63" lane="1/2to0/2_0" slope="0.00"/>
        <vehicle id="15" x="336.29" y="401.65" angle="-90.00" type="DEFAULT_VEHTYPE" speed="13.86" pos="58.96" lane="2/2to1/2_0" slope="0.00"/>
        <vehicle id="19" x="398.35" y="750.59" angle="0.00" type="DEFAULT_VEHTYPE" speed="13.57" pos="49.41" lane="2/4to2/3_0" slope="0.00"/>
        <vehicle id="2" x="398.35" y="241.37" angle="0.00" type="DEFAULT_VEHTYPE" speed="13.01" pos="153.88" lane="2/2to2/1_0" slope="0.00"/>
        <vehicle id="20" x="198.35" y="236.49" angle="0.00" type="DEFAULT_VEHTYPE" speed="12.65" pos="158.76" lane="1/2to1/1_0" slope="0.00"/>
        <vehicle id="23" x="201.65" y="557.12" angle="180.00" type="DEFAULT_VEHTYPE" speed="13.53" pos="152.37" lane="1/2to1/3_0" slope="0.00"/>
        <vehicle id="24" x="389.53" y="598.35" angle="90.00" type="DEFAULT_VEHTYPE" speed="4.49" pos="184.78" lane="1/3to2/3_0" slope="0.00"/>
        <vehicle id="4" x="398.35" y="561.36" angle="0.00" type="DEFAULT_VEHTYPE" speed="13.58" pos="33.89" lane="2/3to2/2_0" slope="0.00"/>
        <vehicle id="5" x="275.84" y="201.65" angle="-90.00" type="DEFAULT_VEHTYPE" speed="13.22" pos="119.41" lane="2/1to1/1_0" slope="0.00"/>
        <vehicle id="6" x="398.35" y="535.95" angle="0.00" type="DEFAULT_VEHTYPE" speed="12.73" pos="59.30" lane="2/3to2/2_0" slope="0.00"/>
        <vehicle id="7" x="609.79" y="601.65" angle="-90.00" type="DEFAULT_VEHTYPE" speed="2.79" pos="190.21" lane="4/3to3/3_0" slope="0.00"/>
        <vehicle id="8" x="276.25" y="401.65" angle="-90.00" type="DEFAULT_VEHTYPE" speed="13.45" pos="119.00" lane="2/2to1/2_0" slope="0.00"/>
    </timestep>
    <timestep time="144.00">
        <vehicle id="0" x="216.75" y="201.65" angle="-90.00" type="DEFAULT_VEHTYPE" speed="9.23" pos="178.50" lane="2/1to1/1_0" slope="0.00"/>
        <vehicle id="10" x="198.35" y="129.36" angle="0.00" type="DEFAULT_VEHTYPE" speed="13.65" pos="65.89" lane="1/1to1/0_0" slope="0.00"/>
        <vehicle id="11" x="738.43" y="601.65" angle="-90.00" type="DEFAULT_VEHTYPE" speed="13.55" pos="61.57" lane="4/3to3/3_0" slope="0.00"/>
        <vehicle id="12" x="4.38" y="398.35" angle="85.93" type="DEFAULT_VEHTYPE" speed="12.82" pos="4.38" lane="0/2to1/2_0" slope="0.00"/>
        <vehicle id="15" x="323.07" y="401.65" angle="-90.00" type="DEFAULT_VEHTYPE" speed="13.22" pos="72.18" lane="2/2to1/2_0" slope="0.00"/>
        <vehicle id="19" x="398.35" y="736.93" angle="0.00" type="DEFAULT_VEHTYPE" speed="13.67" pos="63.07" lane="2/4to2/3_0" slope="0.00"/>
        <vehicle id="2" x="398.35" y="228.15" angle="0.00" type="DEFAULT_VEHTYPE" speed="13.22" pos="167.10" lane="2/2to2/1_0" slope="0.00"/>
        <vehicle id="20" x="198.35" y="223.07" angle="0.00" type="DEFAULT_VEHTYPE" speed="13.41" pos="172.18" lane="1/2to1/1_0" slope="0.00"/>
        <vehicle id="23" x="201.65" y="570.23" angle="180.00" type="DEFAULT_VEHTYPE" speed="13.11" pos="165.48" lane="1/2to1/3_0" slope="0.00"/>
        <vehicle id="24" x="396.42" y="598.52" angle="91.91" type="DEFAULT_VEHTYPE" speed="6.90" pos="1.18" lane=":2/3_14_0" slope="0.00"/>
        <vehicle id="4" x="398.35" y="548.40" angle="0.00" type="DEFAULT_VEHTYPE" speed="12.96" pos="46.85" lane="2/3to2/2_0" slope="0.00"/>
        <vehicle id="5" x="262.35" y="201.65" angle="-90.00" type="DEFAULT_VEHTYPE" speed="13.49" pos="132.90" lane="2/1to1/1_0" slope="0.00"/>
        <vehicle id="6" x="398.35" y="522.68" angle="0.00" type="DEFAULT_VEHTYPE" speed="13.27" pos="72.57" lane="2/3to2/2_0" slope="0.00"/>
        <vehicle id="7" x="605.52" y="601.65" angle="-90.00" type="DEFAULT_VEHTYPE" speed="4.27" pos="194.48" lane="4/3to3/3_0" slope="0.00"/>
        <vehicle id="8" x="262.97" y="401.65" angle="-90.00" type="DEFAULT_VEHTYPE" speed="13.28" pos="132.28" lane="2/2to1/2_0" slope="0.00"/>
    </timestep>
    <timestep time="145.00">
        <vehicle id="0" x="212.02" y="201.65" angle="-90.00" type="DEFAULT_VEHTYPE" speed="4.73" pos="183.23" lane="2/1to1/1_0" slope="0.00"/>
        <vehicle id="10" x="198.35" y="115.96" angle="0.00" type="DEFAULT_VEHTYPE" speed="13.40" pos="79.29" lane="1/1to1/0_0" slope="0.00"/>
        <vehicle id="11" x="725.50" y="601.65" angle="-90.00" type="DEFAULT_VEHTYPE" speed="12.93" pos="74.50" lane="4/3to3/3_0" slope="0.00"/>
        <vehicle id="12" x="17.44" y="398.35" angle="90.00" type="DEFAULT_VEHTYPE" speed="13.06" pos="17.44" lane="0/2to1/2_0" slope="0.00"/>
        <vehicle id="15" x="310.43" y="401.65" angle="-90.00" type="DEFAULT_VEHTYPE" speed="12.64" pos="84.82" lane="2/2to1/2_0" slope="0.00"/>
        <vehicle id="19" x="398.35" y="723.66" angle="0.00" type="DEFAULT_VEHTYPE" speed="13.26" pos="76.34" lane="2/4to2/3_0" slope="0.00"/>
        <vehicle id="2" x="398.35" y="214.41" angle="0.00" type="DEFAULT_VEHTYPE" speed="13.75" pos="180.84" lane="2/2to2/1_0" slope="0.00"/>
        <vehicle id="20" x="198.35" y="209.66" angle="0.00" type="DEFAULT_VEHTYPE" speed="13.41" pos="185.59" lane="1/2to1/1_0" slope="0.00"/>
        <vehicle id="23" x="201.65" y="583.36" angle="180.00" type="DEFAULT_VEHTYPE" speed="13.12" pos="178.61" lane="1/2to1/3_0" slope="0.00"/>
        <vehicle id="24" x="401.65" y="604.74" angle="161.91" type="DEFAULT_VEHTYPE" speed="9.13" pos="10.31" lane=":2/3_14_0" slope="0.00"/>
        <vehicle id="4" x="398.35" y="535.56" angle="0.00" type="DEFAULT_VEHTYPE" speed="12.84" pos="59.69" lane="2/3to2/2_0" slope="0.00"/>
        <vehicle id="5" x="248.58" y="201.65" angle="-90.00" type="DEFAULT_VEHTYPE" speed="13.77" pos="146.67" lane="2/1to1/1_0" slope="0.00"/>
        <vehicle id="6" x="398.35" y="509.31" angle="0.00" type="DEFAULT_VEHTYPE" speed="13.37" pos="85.94" lane="2/3to2/2_0" slope="0.00"/>
        <vehicle id="7" x="600.06" y="600.12" angle="-71.84" type="DEFAULT_VEHTYPE" speed="5.80" pos="5.03" lane=":3/3_6_0" slope="0.00"/>
        <vehicle id="8" x="249.39" y="401.65" angle="-90.00" type="DEFAULT_VEHTYPE" speed="13.59" pos="145.86" lane="2/2to1/2_0" slope="0.00"/>
    </timestep>
    <timestep time="146.00">
        <vehicle id="0" x="209.59" y="201.65" angle="-90.00" type="DEFAULT_VEHTYPE" speed="2.43" pos="185.66" lane="2/1to1/1_0" slope="0.00"/>
        <vehicle id="10" x="198.35" y="102.19" angle="0.00" type="DEFAULT_VEHTYPE" speed="13.78" pos="93.06" lane="1/1to1/0_0" slope="0.00"/>
        <vehicle id="11" x="712.14" y="601.65" angle="-90.00" type="DEFAULT_VEHTYPE" speed="13.36" pos="87.86" lane="4/3to3/3_0" slope="0.00"/>
        <vehicle id="12" x="30.75" y="398.35" angle="90.00" type="DEFAULT_VEHTYPE" speed="13.31" pos="30.75" lane="0/2to1/2_0" slope="0.00"/>
        <vehicle id="15" x="297.75" y="401.65" angle="-90.00" type="DEFAULT_VEHTYPE" speed="12.68" pos="97.50" lane="2/2to1/2_0" slope="0.00"/>
        <vehicle id="19" x="398.35" y="710.76" angle="0.00" type="DEFAULT_VEHTYPE" speed="12.90" pos="89.24" lane="2/4to2/3_0" slope="0.00"/>
        <vehicle id="2" x="398.35" y="200.74" angle="0.00" type="DEFAULT_VEHTYPE" speed="13.66" pos="4.01" lane=":2/1_1_0" slope="0.00"/>
        <vehicle id="20" x="192.02" y="201.65" angle="-85.42" type="DEFAULT_VEHTYPE" speed="13.15" pos="3.23" lane="1/1to0/1_0" slope="0.00"/>
        <vehicle id="23" x="201.77" y="596.10" angle="178.64" type="DEFAULT_VEHTYPE" speed="12.75" pos="0.86" lane=":1/3_8_0" slope="0.00"/>
        <vehicle id="24" x="401.65" y="615.67" angle="180.00" type="DEFAULT_VEHTYPE" speed="10.93" pos="10.92" lane="2/3to2/4_0" slope="0.00"/>
        <vehicle id="4" x="398.35" y="522.01" angle="0.00" type="DEFAULT_VEHTYPE" speed="13.55" pos="73.24" lane="2/3to2/2_0" slope="0.00"/>
        <vehicle id="5" x="234.98" y="201.65" angle="-90.00" type="DEFAULT_VEHTYPE" speed="13.60" pos="160.27" lane="2/1to1/1_0" slope="0.00"/>
        <vehicle id="6" x="398.35" y="495.96" angle="0.00" type="DEFAULT_VEHTYPE" speed="13.35" pos="99.29" lane="2/3to2/2_0" slope="0.00"/>
        <vehicle id="7" x="598.35" y="592.57" angle="-3.77" type="DEFAULT_VEHTYPE" speed="7.97" pos="2.68" lane="3/3to3/2_0" slope="0.00"/>
        <vehicle id="8" x="236.65" y="401.65" angle="-90.00" type="DEFAULT_VEHTYPE" speed="12.74" pos="158.60" lane="2/2to1/2_0" slope="0.00"/>
    </timestep>
    <timestep time="147.00">
        <vehicle id="0" x="205.65" y="201.65" angle="-90.00" type="DEFAULT_VEHTYPE" speed="3.93" pos="189.60" lane="2/1to1/1_0" slope="0.00"/>
        <vehicle id="10" x="198.35" y="88.33" angle="0.00" type="DEFAULT_VEHTYPE" speed="13.86" pos="106.92" lane="1/1to1/0_0" slope="0.00"/>
        <vehicle id="11" x="698.43" y="601.65" angle="-90.00" type="DEFAULT_VEHTYPE" speed="13.72" pos="101.57" lane="4/3to3/3_0" slope="0.00"/>
        <vehicle id="12" x="44.38" y="398.35" angle="90.00" type="DEFAULT_VEHTYPE" speed="13.63" pos="44.38" lane="0/2to1/2_0" slope="0.00"/>
        <vehicle id="15" x="284.69" y="401.65" angle="-90.00" type="DEFAULT_VEHTYPE" speed="13.06" pos="110.56" lane="2/2to1/2_0" slope="0.00"/>
        <vehicle id="19" x="398.35" y="696.96" angle="0.00" type="DEFAULT_VEHTYPE" speed="13.80" pos="103.04" lane="2/4to2/3_0" slope="0.00"/>
        <vehicle id="2" x="398.35" y="187.55" angle="0.00" type="DEFAULT_VEHTYPE" speed="13.19" pos="7.70" lane="2/1to2/0_0" slope="0.00"/>
        <vehicle id="20" x="178.73" y="201.65" angle="-90.00" type="DEFAULT_VEHTYPE" speed="13.29" pos="16.52" lane="1/1to0/1_0" slope="0.00"/>
        <vehicle id="23" x="214.01" y="598.35" angle="90.00" type="DEFAULT_VEHTYPE" speed="13.40" pos="9.26" lane="1/3to2/3_0" slope="0.00"/>
        <vehicle id="24" x="401.65" y="629.01" angle="180.00" type="DEFAULT_VEHTYPE" speed="13.35" pos="24.26" lane="2/3to2/4_0" slope="0.00"/>
        <vehicle id="4" x="398.35" y="509.22" angle="0.00" type="DEFAULT_VEHTYPE" speed="12.79" pos="86.03" lane="2/3to2/2_0" slope="0.00"/>
        <vehicle id="5" x="225.87" y="201.65" angle="-90.00" type="DEFAULT_VEHTYPE" speed="9.10" pos="169.38" lane="2/1to1/1_0" slope="0.00"/>
        <vehicle id="6" x="398.35" y="482.58" angle="0.00" type="DEFAULT_VEHTYPE" speed="13.39" pos="112.67" lane="2/3to2/2_0" slope="0.00"/>
        <vehicle id="7" x="598.35" y="582.30" angle="0.00" type="DEFAULT_VEHTYPE" speed="10.27" pos="12.95" lane="3/3to3/2_0" slope="0.00"/>
        <vehicle id="8" x="224.92" y="401.65" angle="-90.00" type="DEFAULT_VEHTYPE" speed="11.72" pos="170.33" lane="2/2to1/2_0" slope="0.00"/>
    </timestep>
    <timestep time="148.00">
        <vehicle id="0" x="201.67" y="204.57" angle="-131.91" type="DEFAULT_VEHTYPE" speed="5.73" pos="4.82" lane=":1/1_4_0" slope="0.00"/>
        <vehicle id="10" x="198.35" y="74.85" angle="0.00" type="DEFAULT_VEHTYPE" speed="13.48" pos="120.40" lane="1/1to1/0_0" slope="0.00"/>
        <vehicle id="11" x="684.65" y="601.65" angle="-90.00" type="DEFAULT_VEHTYPE" speed="13.77" pos="115.35" lane="4/3to3/3_0" slope="0.00"/>
        <vehicle id="12" x="57.81" y="398.35" angle="90.00" type="DEFAULT_VEHTYPE" speed="13.43" pos="57.81" lane="0/2to1/2_0" slope="0.00"/>
        <vehicle id="15" x="271.61" y="401.65" angle="-90.00" type="DEFAULT_VEHTYPE" speed="13.09" pos="123.64" lane="2/2to1/2_0" slope="0.00"/>
        <vehicle id="19" x="398.35" y="683.95" angle="0.00" type="DEFAULT_VEHTYPE" speed="13.01" pos="116.05" lane="2/4to2/3_0" slope="0.00"/>
        <vehicle id="2" x="398.35" y="173.92" angle="0.00" type="DEFAULT_VEHTYPE" speed="13.63" pos="21.33" lane="2/1to2/0_0" slope="0.00"/>
        <vehicle id="20" x="165.40" y="201.65" angle="-90.00" type="DEFAULT_VEHTYPE" speed="13.34" pos="29.85" lane="1/1to0/1_0" slope="0.00"/>
        <vehicle id="23" x="226.68" y="598.35" angle="90.00" type="DEFAULT_VEHTYPE" speed="12.67" pos="21.93" lane="1/3to2/3_0" slope="0.00"/>
        <vehicle id="24" x="401.65" y="642.02" angle="180.00" type="DEFAULT_VEHTYPE" speed="13.01" pos="37.27" lane="2/3to2/4_0" slope="0.00"/>
        <vehicle id="4" x="398.35" y="496.57" angle="0.00" type="DEFAULT_VEHTYPE" speed="12.65" pos="98.68" lane="2/3to2/2_0" slope="0.00"/>
        <vehicle id="5" x="219.36" y="201.65" angle="-90.00" type="DEFAULT_VEHTYPE" speed="6.52" pos="175.89" lane="2/1to1/1_0" slope="0.00"/>
        <vehicle id="6" x="398.35" y="469.24" angle="0.00" type="DEFAULT_VEHTYPE" speed="13.34" pos="126.01" lane="2/3to2/2_0" slope="0.00"/>
        <vehicle id="7" x="598.35" y="569.43" angle="0.00" type="DEFAULT_VEHTYPE" speed="12.87" pos="25.82" lane="3/3to3/2_0" slope="0.00"/>
        <vehicle id="8" x="217.25" y="401.65" angle="-90.00" type="DEFAULT_VEHTYPE" speed="7.68" pos="178.00" lane="2/2to1/2_0" slope="0.00"/>
    </timestep>
    <timestep time="149.00">
        <vehicle id="0" x="201.65" y="212.28" angle="180.00" type="DEFAULT_VEHTYPE" speed="7.71" pos="7.53" lane="1/1to1/2_0" slope="0.00"/>
        <vehicle id="10" x="198.35" y="62.20" angle="0.00" type="DEFAULT_VEHTYPE" speed="12.66" pos="133.05" lane="1/1to1/0_0" slope="0.00"/>
        <vehicle id="11" x="671.65" y="601.65" angle="-90.00" type="DEFAULT_VEHTYPE" speed="13.00" pos="128.35" lane="4/3to3/3_0" slope="0.00"/>
        <vehicle id="12" x="70.57" y="398.35" angle="90.00" type="DEFAULT_VEHTYPE" speed="12.76" pos="70.57" lane="0/2to1/2_0" slope="0.00"/>
        <vehicle id="15" x="258.44" y="401.65" angle="-90.00" type="DEFAULT_VEHTYPE" speed="13.16" pos="136.81" lane="2/2to1/2_0" slope="0.00"/>
        <vehicle id="19" x="398.35" y="670.46" angle="0.00" type="DEFAULT_VEHTYPE" speed="13.49" pos="129.54" lane="2/4to2/3_0" slope="0.00"/>
        <vehicle id="2" x="398.35" y="161.23" angle="0.00" type="DEFAULT_VEHTYPE" speed="12.69" pos="34.02" lane="2/1to2/0_0" slope="0.00"/>
        <vehicle id="20" x="152.25" y="201.65" angle="-90.00" type="DEFAULT_VEHTYPE" speed="13.15" pos="43.00" lane="1/1to0/1_0" slope="0.00"/>
        <vehicle id="23" x="239.90" y="598.35" angle="90.00" type="DEFAULT_VEHTYPE" speed="13.23" pos="35.15" lane="1/3to2/3_0" slope="0.00"/>
        <vehicle id="24" x="401.65" y="654.71" angle="180.00" type="DEFAULT_VEHTYPE" speed="12.69" pos="49.96" lane="2/3to2/4_0" slope="0.00"/>
        <vehicle id="4" x="398.35" y="483.12" angle="0.00" type="DEFAULT_VEHTYPE" speed="13.45" pos="112.13" lane="2/3to2/2_0" slope="0.00"/>
        <vehicle id="5" x="213.23" y="201.65" angle="-90.00" type="DEFAULT_VEHTYPE" speed="6.12" pos="182.02" lane="2/1to1/1_0" slope="0.00"/>
        <vehicle id="6" x="398.35" y="456.35" angle="0.00" type="DEFAULT_VEHTYPE" speed="12.89" pos="138.90" lane="2/3to2/2_0" slope="0.00"/>
        <vehicle id="7" x="598.35" y="555.71" angle="0.00" type="DEFAULT_VEHTYPE" speed="13.72" pos="39.54" lane="3/3to3/2_0" slope="0.00"/>
        <vehicle id="8" x="212.02" y="401.65" angle="-90.00" type="DEFAULT_VEHTYPE" speed="5.23" pos="183.23" lane="2/2to1/2_0" slope="0.00"/>
    </timestep>
    <timestep time="150.00">
        <vehicle id="0" x="201.65" y="222.16" angle="180.00" type="DEFAULT_VEHTYPE" speed="9.88" pos="17.41" lane="1/1to1/2_0" slope="0.00"/>
        <vehicle id="10" x="198.35" y="49.19" angle="0.00" type="DEFAULT_VEHTYPE" speed="13.01" pos="146.06" lane="1/1to1/0_0" slope="0.00"/>
        <vehicle id="11" x="659.04" y="601.65" angle="-90.00" type="DEFAULT_VEHTYPE" speed="12.61" pos="140.96" lane="4/3to3/3_0" slope="0.00"/>
        <vehicle id="12" x="83.98" y="398.35" angle="90.00" type="DEFAULT_VEHTYPE" speed="13.42" pos="83.98" lane="0/2to1/2_0" slope="0.00"/>
        <vehicle id="15" x="245.47" y="401.65" angle="-90.00" type="DEFAULT_VEHTYPE" speed="12.97" pos="149.78" lane="2/2to1/2_0" slope="0.00"/>
        <vehicle id="19" x="398.35" y="656.89" angle="0.00" type="DEFAULT_VEHTYPE" speed="13.58" pos="143.11" lane="2/4to2/3_0" slope="0.00"/>
        <vehicle id="2" x="398.35" y="148.39" angle="0.00" type="DEFAULT_VEHTYPE" speed="12.84" pos="46.86" lane="2/1to2/0_0" slope="0.00"/>
        <vehicle id="20" x="138.57" y="201.65" angle="-90.00" type="DEFAULT_VEHTYPE" speed="13.68" pos="56.68" lane="1/1to0/1_0" slope="0.00"/>
        <vehicle id="23" x="253.35" y="598.35" angle="90.00" type="DEFAULT_VEHTYPE" speed="13.45" pos="48.60" lane="1/3to2/3_0" slope="0.00"/>
        <vehicle id="24" x="401.65" y="667.58" angle="180.00" type="DEFAULT_VEHTYPE" speed="12.87" pos="62.83" lane="2/3to2/4_0" slope="0.00"/>
        <vehicle id="4" x="398.35" y="470.35" angle="0.00" type="DEFAULT_VEHTYPE" speed="12.77" pos="124.90" lane="2/3to2/2_0" slope="0.00"/>
        <vehicle id="5" x="209.37" y="201.65" angle="-90.00" type="DEFAULT_VEHTYPE" speed="3.86" pos="185.88" lane="2/1to1/1_0" slope="0.00"/>
        <vehicle id="6" x="398.35" y="442.90" angle="0.00" type="DEFAULT_VEHTYPE" speed="13.45" pos="152.35" lane="2/3to2/2_0" slope="0.00"/>
        <vehicle id="7" x="598.35" y="541.87" angle="0.00" type="DEFAULT_VEHTYPE" speed="13.83" pos="53.38" lane="3/3to3/2_0" slope="0.00"/>
        <vehicle id="8" x="208.82" y="401.65" angle="-90.00" type="DEFAULT_VEHTYPE" speed="3.20" pos="186.43" lane="2/2to1/2_0" slope="0.00"/>
    </timestep>
    <timestep time="151.00">
        <vehicle id="0" x="201.65" y="233.35" angle="180.00" type="DEFAULT_VEHTYPE" speed="11.19" pos="28.60" lane="1/1to1/2_0" slope="0.00"/>
        <vehicle id="10" x="198.35" y="35.92" angle="0.00" type="DEFAULT_VEHTYPE" speed="13.27" pos="159.33" lane="1/1to1/0_0" slope="0.00"/>
        <vehicle id="11" x="645.75" y="601.65" angle="-90.00" type="DEFAULT_VEHTYPE" speed="13.29" pos="154.25" lane="4/3to3/3_0" slope="0.00"/>
        <vehicle id="12" x="97.47" y="398.35" angle="90.00" type="DEFAULT_VEHTYPE" speed="13.49" pos="97.47" lane="0/2to1/2_0" slope="0.00"/>
        <vehicle id="15" x="233.46" y="401.65" angle="-90.00" type="DEFAULT_VEHTYPE" speed="12.01" pos="161.79" lane="2/2to1/2_0" slope="0.00"/>
        <vehicle id="19" x="398.35" y="643.72" angle="0.00" type="DEFAULT_VEHTYPE" speed="13.17" pos="156.28" lane="2/4to2/3_0" slope="0.00"/>
        <vehicle id="2" x="398.35" y="134.79" angle="0.00" type="DEFAULT_VEHTYPE" speed="13.60" pos="60.46" lane="2/1to2/0_0" slope="0.00"/>
        <vehicle id="20" x="124.91" y="201.65" angle="-90.00" type="DEFAULT_VEHTYPE" speed="13.66" pos="70.34" lane="1/1to0/1_0" slope="0.00"/>
        <vehicle id="23" x="266.64" y="598.35" angle="90.00" type="DEFAULT_VEHTYPE" speed="13.28" pos="61.89" lane="1/3to2/3_0" slope="0.00"/>
        <vehicle id="24" x="401.65" y="681.43" angle="180.00" type="DEFAULT_VEHTYPE" speed="13.85" pos="76.68" lane="2/3to2/4_0" slope="0.00"/>
        <vehicle id="4" x="398.35" y="457.14" angle="0.00" type="DEFAULT_VEHTYPE" speed="13.21" pos="138.11" lane="2/3to2/2_0" slope="0.00"/>
        <vehicle id="5" x="203.39" y="201.84" angle="-92.18" type="DEFAULT_VEHTYPE" speed="5.99" pos="1.37" lane=":1/1_4_0" slope="0.00"/>
        <vehicle id="6" x="398.35" y="429.60" angle="0.00" type="DEFAULT_VEHTYPE" speed="13.30" pos="165.65" lane="2/3to2/2_0" slope="0.00"/>
        <vehicle id="7" x="598.35" y="528.62" angle="0.00" type="DEFAULT_VEHTYPE" speed="13.25" pos="66.63" lane="3/3to3/2_0" slope="0.00"/>
        <vehicle id="8" x="204.31" y="401.59" angle="-89.28" type="DEFAULT_VEHTYPE" speed="4.51" pos="0.44" lane=":1/2_6_0" slope="0.00"/>
    </timestep>
    <timestep time="152.00">
        <vehicle id="0" x="201.65" y="247.04" angle="180.00" type="DEFAULT_VEHTYPE" speed="13.68" pos="42.29" lane="1/1to1/2_0" slope="0.00"/>
        <vehicle id="10" x="198.35" y="22.76" angle="0.00" type="DEFAULT_VEHTYPE" speed="13.15" pos="172.49" lane="1/1to1/0_0" slope="0.00"/>
        <vehicle id="11" x="632.06" y="601.65" angle="-90.00" type="DEFAULT_VEHTYPE" speed="13.69" pos="167.94" lane="4/3to3/3_0" slope="0.00"/>
        <vehicle id="12" x="110.77" y="398.35" angle="90.00" type="DEFAULT_VEHTYPE" speed="13.30" pos="110.77" lane="0/2to1/2_0" slope="0.00"/>
        <vehicle id="15" x="222.69" y="401.65" angle="-90.00" type="DEFAULT_VEHTYPE" speed="10.77" pos="172.56" lane="2/2to1/2_0" slope="0.00"/>
        <vehicle id="19" x="398.35" y="630.07" angle="0.00" type="DEFAULT_VEHTYPE" speed="13.65" pos="169.93" lane="2/4to2/3_0" slope="0.00"/>
        <vehicle id="2" x="398.35" y="121.80" angle="0.00" type="DEFAULT_VEHTYPE" speed="12.99" pos="73.45" lane="2/1to2/0_0" slope="0.00"/>
        <vehicle id="20" x="111.84" y="201.65" angle="-90.00" type="DEFAULT_VEHTYPE" speed="13.07" pos="83.41" lane="1/1to0/1_0" slope="0.00"/>
        <vehicle id="23" x="279.39" y="598.35" angle="90.00" type="DEFAULT_VEHTYPE" speed="12.75" pos="74.64" lane="1/3to2/3_0" slope="0.00"/>
        <vehicle id="24" x="401.65" y="694.49" angle="180.00" type="DEFAULT_VEHTYPE" speed="13.06" pos="89.74" lane="2/3to2/4_0" slope="0.00"/>
        <vehicle id="4" x="398.35" y="443.78" angle="0.00" type="DEFAULT_VEHTYPE" speed="13.35" pos="151.47" lane="2/3to2/2_0" slope="0.00"/>
        <vehicle id="5" x="201.65" y="208.86" angle="-178.59" type="DEFAULT_VEHTYPE" speed="7.74" pos="4.11" lane="1/1to1/2_0" slope="0.00"/>
        <vehicle id="6" x="398.35" y="416.93" angle="0.00" type="DEFAULT_VEHTYPE" speed="12.68" pos="178.32" lane="2/3to2/2_0" slope="0.00"/>
        <vehicle id="7" x="598.35" y="515.59" angle="0.00" type="DEFAULT_VEHTYPE" speed="13.04" pos="79.66" lane="3/3to3/2_0" slope="0.00"/>
        <vehicle id="8" x="199.37" y="399.08" angle="-59.79" type="DEFAULT_VEHTYPE" speed="5.85" pos="6.29" lane=":1/2_6_0" slope="0.00"/>
    </timestep>
    <timestep time="153.00">
        <vehicle id="0" x="201.65" y="260.44" angle="180.00" type="DEFAULT_VEHTYPE" speed="13.40" pos="55.69" lane="1/1to1/2_0" slope="0.00"/>
        <vehicle id="10" x="198.35" y="9.68" angle="0.00" type="DEFAULT_VEHTYPE" speed="13.08" pos="185.57" lane="1/1to1/0_0" slope="0.00"/>
        <vehicle id="11" x="621.78" y="601.65" angle="-90.00" type="DEFAULT_VEHTYPE" speed="10.28" pos="178.22" lane="4/3to3/3_0" slope="0.00"/>
        <vehicle id="12" x="123.54" y="398.35" angle="90.00" type="DEFAULT_VEHTYPE" speed="12.77" pos="123.54" lane="0/2to1/2_0" slope="0.00"/>
        <vehicle id="15" x="214.72" y="401.65" angle="-90.00" type="DEFAULT_VEHTYPE" speed="7.97" pos="180.53" lane="2/2to1/2_0" slope="0.00"/>
        <vehicle id="19" x="398.35" y="616.94" angle="0.00" type="DEFAULT_VEHTYPE" speed="13.13" pos="183.06" lane="2/4to2/3_0" slope="0.00"/>
        <vehicle id="2" x="398.35" y="108.85" angle="0.00" type="DEFAULT_VEHTYPE" speed="12.96" pos="86.40" lane="2/1to2/0_0" slope="0.00"/>
        <vehicle id="20" x="98.00" y="201.65" angle="-90.00" type="DEFAULT_VEHTYPE" speed="13.84" pos="97.25" lane="1/1to0/1_0" slope="0.00"/>
        <vehicle id="23" x="292.67" y="598.35" angle="90.00" type="DEFAULT_VEHTYPE" speed="13.28" pos="87.92" lane="1/3to2/3_0" slope="0.00"/>
        <vehicle id="24" x="401.65" y="707.42" angle="180.00" type="DEFAULT_VEHTYPE" speed="12.93" pos="102.67" lane="2/3to2/4_0" slope="0.00"/>
        <vehicle id="4" x="398.35" y="430.87" angle="0.00" type="DEFAULT_VEHTYPE" speed="12.92" pos="164.38" lane="2/3to2/2_0" slope="0.00"/>
        <vehicle id="5" x="201.65" y="218.57" angle="180.00" type="DEFAULT_VEHTYPE" speed="9.70" pos="13.82" lane="1/1to1/2_0" slope="0.00"/>
        <vehicle id="6" x="398.15" y="403.38" angle="-2.26" type="DEFAULT_VEHTYPE" speed="13.56" pos="1.39" lane=":2/2_0_0" slope="0.00"/>
        <vehicle id="7" x="598.35" y="502.41" angle="0.00" type="DEFAULT_VEHTYPE" speed="13.18" pos="92.84" lane="3/3to3/2_0" slope="0.00"/>
        <vehicle id="8" x="198.35" y="391.62" angle="-2.23" type="DEFAULT_VEHTYPE" speed="7.66" pos="3.63" lane="1/2to1/1_0" slope="0.00"/>
    </timestep>
    <timestep time="154.00">
        <vehicle id="0" x="201.65" y="274.11" angle="180.00" type="DEFAULT_VEHTYPE" speed="13.67" pos="69.36" lane="1/1to1/2_0" slope="0.00"/>
        <vehicle id="10" x="201.20" y="-0.67" angle="59.99" type="DEFAULT_VEHTYPE" speed="13.70" pos="4.02" lane=":1/0_0_0" slope="0.00"/>
        <vehicle id="11" x="615.18" y="601.65" angle="-90.00" type="DEFAULT_VEHTYPE" speed="6.60" pos="184.82" lane="4/3to3/3_0" slope="0.00"/>
        <vehicle id="12" x="137.19" y="398.35" angle="90.00" type="DEFAULT_VEHTYPE" speed="13.65" pos="137.19" lane="0/2to1/2_0" slope="0.00"/>
        <vehicle id="15" x="210.41" y="401.65" angle="-90.00" type="DEFAULT_VEHTYPE" speed="4.30" pos="184.84" lane="2/2to1/2_0" slope="0.00"/>
        <vehicle id="19" x="398.35" y="603.82" angle="0.00" type="DEFAULT_VEHTYPE" speed="13.11" pos="0.93" lane=":2/3_1_0" slope="0.00"/>
        <vehicle id="2" x="398.35" y="95.94" angle="0.00" type="DEFAULT_VEHTYPE" speed="12.91" pos="99.31" lane="2/1to2/0_0" slope="0.00"/>
        <vehicle id="20" x="84.27" y="201.65" angle="-90.00" type="DEFAULT_VEHTYPE" speed="13.72" pos="110.98" lane="1/1to0/1_0" slope="0.00"/>
        <vehicle id="23" x="306.39" y="598.35" angle="90.00" type="DEFAULT_VEHTYPE" speed="13.72" pos="101.64" lane="1/3to2/3_0" slope="0.00"/>
        <vehicle id="24" x="401.65" y="720.51" angle="180.00" type="DEFAULT_VEHTYPE" speed="13.09" pos="115.76" lane="2/3to2/4_0" slope="0.00"/>
        <vehicle id="4" x="398.35" y="418.23" angle="0.00" type="DEFAULT_VEHTYPE" speed="12.64" pos="177.02" lane="2/3to2/2_0" slope="0.00"/>
        <vehicle id="5" x="201.65" y="230.84" angle="180.00" type="DEFAULT_VEHTYPE" speed="12.28" pos="26.09" lane="1/1to1/2_0" slope="0.00"/>
        <vehicle id="6" x="385.57" y="401.65" angle="-90.00" type="DEFAULT_VEHTYPE" speed="13.29" pos="9.68" lane="2/2to1/2_0" slope="0.00"/>
        <vehicle id="7" x="598.35" y="489.11" angle="0.00" type="DEFAULT_VEHTYPE" speed="13.30" pos="106.14" lane="3/3to3/2_0" slope="0.00"/>
        <vehicle id="8" x="198.35" y="382.21" angle="0.00" type="DEFAULT_VEHTYPE" speed="9.41" pos="13.04" lane="1/2to1/1_0" slope="0.00"/>
    </timestep>
    <timestep time="155.00">
        <vehicle id="0" x="201.65" y="286.77" angle="180.00" type="DEFAULT_VEHTYPE" speed="12.66" pos="82.02" lane="1/1to1/2_0" slope="0.00"/>
        <vehicle id="10" x="201.65" y="12.92" angle="180.00" type="DEFAULT_VEHTYPE" speed="13.72" pos="12.92" lane="1/0to1/1_0" slope="0.00"/>
        <vehicle id="11" x="610.23" y="601.65" angle="-90.00" type="DEFAULT_VEHTYPE" speed="4.96" pos="189.77" lane="4/3to3/3_0" slope="0.00"/>
        <vehicle id="12" x="151.06" y="398.35" angle="90.00" type="DEFAULT_VEHTYPE" speed="13.87" pos="151.06" lane="0/2to1/2_0" slope="0.00"/>
        <vehicle id="15" x="204.18" y="401.57" angle="-89.06" type="DEFAULT_VEHTYPE" speed="6.24" pos="0.58" lane=":1/2_6_0" slope="0.00"/>
        <vehicle id="19" x="398.35" y="590.35" angle="0.00" type="DEFAULT_VEHTYPE" speed="13.47" pos="4.90" lane="2/3to2/2_0" slope="0.00"/>
        <vehicle id="2" x="398.35" y="82.73" angle="0.00" type="DEFAULT_VEHTYPE" speed="13.21" pos="112.52" lane="2/1to2/0_0" slope="0.00"/>
        <vehicle id="20" x="70.82" y="201.65" angle="-90.00" type="DEFAULT_VEHTYPE" speed="13.46" pos="124.43" lane="1/1to0/1_0" slope="0.00"/>
        <vehicle id="23" x="319.94" y="598.35" angle="90.00" type="DEFAULT_VEHTYPE" speed="13.55" pos="115.19" lane="1/3to2/3_0" slope="0.00"/>
        <vehicle id="24" x="401.65" y="733.49" angle="180.00" type="DEFAULT_VEHTYPE" speed="12.98" pos="128.74" lane="2/3to2/4_0" slope="0.00"/>
        <vehicle id="4" x="398.35" y="405.09" angle="0.00" type="DEFAULT_VEHTYPE" speed="13.14" pos="190.16" lane="2/3to2/2_0" slope="0.00"/>
        <vehicle id="5" x="201.65" y="243.52" angle="180.00" type="DEFAULT_VEHTYPE" speed="12.68" pos="38.77" lane="1/1to1/2_0" slope="0.00"/>
        <vehicle id="6" x="371.91" y="401.65" angle="-90.00" type="DEFAULT_VEHTYPE" speed="13.67" pos="23.34" lane="2/2to1/2_0" slope="0.00"/>
        <vehicle id="7" x="598.35" y="475.80" angle="0.00" type="DEFAULT_VEHTYPE" speed="13.31" pos="119.45" lane="3/3to3/2_0" slope="0.00"/>
        <vehicle id="8" x="198.35" y="371.38" angle="0.00" type="DEFAULT_VEHTYPE" speed="10.83" pos="23.87" lane="1/2to1/1_0" slope="0.00"/>
    </timestep>
    <timestep time="156.00">
        <vehicle id="0" x="201.65" y="299.95" angle="180.00" type="DEFAULT_VEHTYPE" speed="13.19" pos="95.20" lane="1/1to1/2_0" slope="0.00"/>
        <vehicle id="10" x="201.65" y="25.79" angle="180.00" type="DEFAULT_VEHTYPE" speed="12.86" pos="25.79" lane="1/0to1/1_0" slope="0.00"/>
        <vehicle id="11" x="603.40" y="601.46" angle="-87.78" type="DEFAULT_VEHTYPE" speed="6.84" pos="1.37" lane=":3/3_6_0" slope="0.00"/>
        <vehicle id="12" x="164.83" y="398.35" angle="90.00" type="DEFAULT_VEHTYPE" speed="13.77" pos="164.83" lane="0/2to1/2_0" slope="0.00"/>
        <vehicle id="15" x="198.64" y="397.30" angle="-38.27" type="DEFAULT_VEHTYPE" speed="7.67" pos="8.25" lane=":1/2_6_0" slope="0.00"/>
        <vehicle id="19" x="398.35" y="576.71" angle="0.00" type="DEFAULT_VEHTYPE" speed="13.63" pos="18.54" lane="2/3to2/2_0" slope="0.00"/>
        <vehicle id="2" x="398.35" y="69.66" angle="0.00" type="DEFAULT_VEHTYPE" speed="13.07" pos="125.59" lane="2/1to2/0_0" slope="0.00"/>
        <vehicle id="20" x="57.75" y="201.65" angle="-90.00" type="DEFAULT_VEHTYPE" speed="13.07" pos="137.50" lane="1/1to0/1_0" slope="0.00"/>
        <vehicle id="23" x="332.66" y="598.35" angle="90.00" type="DEFAULT_VEHTYPE" speed="12.72" pos="127.91" lane="1/3to2/3_0" slope="0.00"/>
        <vehicle id="24" x="401.65" y="747.08" angle="180.00" type="DEFAULT_VEHTYPE" speed="13.59" pos="142.33" lane="2/3to2/4_0" slope="0.00"/>
        <vehicle id="4" x="398.35" y="391.29" angle="0.00" type="DEFAULT_VEHTYPE" speed="13.80" pos="3.96" lane="2/2to2/1_0" slope="0.00"/>
        <vehicle id="5" x="201.65" y="256.83" angle="180.00" type="DEFAULT_VEHTYPE" speed="13.30" pos="52.08" lane="1/1to1/2_0" slope="0.00"/>
        <vehicle id="6" x="359.16" y="401.65" angle="-90.00" type="DEFAULT_VEHTYPE" speed="12.74" pos="36.09" lane="2/2to1/2_0" slope="0.00"/>
        <vehicle id="7" x="598.35" y="462.38" angle="0.00" type="DEFAULT_VEHTYPE" speed="13.42" pos="132.87" lane="3/3to3/2_0" slope="0.00"/>
        <vehicle id="8" x="198.35" y="358.81" angle="0.00" type="DEFAULT_VEHTYPE" speed="12.57" pos="36.44" lane="1/2to1/1_0" slope="0.00"/>
    </timestep>
    <timestep time="157.00">
        <vehicle id="0" x="201.65" y="313.84" angle="180.00" type="DEFAULT_VEHTYPE" speed="13.88" pos="109.09" lane="1/1to1/2_0" slope="0.00"/>
        <vehicle id="10" x="201.65" y="39.32" angle="180.00" type="DEFAULT_VEHTYPE" speed="13.54" pos="39.32" lane="1/0to1/1_0" slope="0.00"/>
        <vehicle id="11" x="598.35" y="595.23" angle="-17.90" type="DEFAULT_VEHTYPE" speed="8.97" pos="0.02" lane="3/3to3/2_0" slope="0.00"/>
        <vehicle id="12" x="176.23" y="398.35" angle="90.00" type="DEFAULT_VEHTYPE" speed="11.39" pos="176.23" lane="0/2to1/2_0" slope="0.00"/>
        <vehicle id="15" x="198.35" y="387.05" angle="0.00" type="DEFAULT_VEHTYPE" speed="10.26" pos="8.20" lane="1/2to1/1_0" slope="0.00"/>
        <vehicle id="19" x="398.35" y="562.89" angle="0.00" type="DEFAULT_VEHTYPE" speed="13.82" pos="32.36" lane="2/3to2/2_0" slope="0.00"/>
        <vehicle id="2" x="398.35" y="57.04" angle="0.00" type="DEFAULT_VEHTYPE" speed="12.62" pos="138.21" lane="2/1to2/0_0" slope="0.00"/>
        <vehicle id="20" x="44.82" y="201.65" angle="-90.00" type="DEFAULT_VEHTYPE" speed="12.92" pos="150.43" lane="1/1to0/1_0" slope="0.00"/>
        <vehicle id="23" x="345.65" y="598.35" angle="90.00" type="DEFAULT_VEHTYPE" speed="12.98" pos="140.90" lane="1/3to2/3_0" slope="0.00"/>
        <vehicle id="24" x="401.65" y="760.09" angle="180.00" type="DEFAULT_VEHTYPE" speed="13.01" pos="155.34" lane="2/3to2/4_0" slope="0.00"/>
        <vehicle id="4" x="398.35" y="378.50" angle="0.00" type="DEFAULT_VEHTYPE" speed="12.79" pos="16.75" lane="2/2to2/1_0" slope="0.00"/>
        <vehicle id="5" x="201.65" y="269.80" angle="180.00" type="DEFAULT_VEHTYPE" speed="12.97" pos="65.05" lane="1/1to1/2_0" slope="0.00"/>
        <vehicle id="6" x="345.50" y="401.65" angle="-90.00" type="DEFAULT_VEHTYPE" speed="13.67" pos="49.75" lane="2/2to1/2_0" slope="0.00"/>
        <vehicle id="7" x="598.35" y="448.82" angle="0.00" type="DEFAULT_VEHTYPE" speed="13.57" pos="146.43" lane="3/3to3/2_0" slope="0.00"/>
        <vehicle id="8" x="198.35" y="345.75" angle="0.00" type="DEFAULT_VEHTYPE" speed="13.06" pos="49.50" lane="1/2to1/1_0" slope="0.00"/>
    </timestep>
    <timestep time="158.00">
        <vehicle id="0" x="201.65" y="327.70" angle="180.00" type="DEFAULT_VEHTYPE" speed="13.87" pos="122.95" lane="1/1to1/2_0" slope="0.00"/>
        <vehicle id="10" x="201.65" y="52.32" angle="180.00" type="DEFAULT_VEHTYPE" speed="13.00" pos="52.32" lane="1/0to1/1_0" slope="0.00"/>
        <vehicle id="11" x="598.35" y="583.95" angle="0.00" type="DEFAULT_VEHTYPE" speed="11.28" pos="11.30" lane="3/3to3/2_0" slope="0.00"/>
        <vehicle id="12" x="184.12" y="398.35" angle="90.00" type="DEFAULT_VEHTYPE" speed="7.90" pos="184.12" lane="0/2to1/2_0" slope="0.00"/>
        <vehicle id="15" x="198.35" y="375.32" angle="0.00" type="DEFAULT_VEHTYPE" speed="11.74" pos="19.93" lane="1/2to1/1_0" slope="0.00"/>
        <vehicle id="19" x="398.35" y="549.31" angle="0.00" type="DEFAULT_VEHTYPE" speed="13.58" pos="45.94" lane="2/3to2/2_0" slope="0.00"/>
        <vehicle id="2" x="398.35" y="43.55" angle="0.00" type="DEFAULT_VEHTYPE" speed="13.49" pos="151.70" lane="2/1to2/0_0" slope="0.00"/>
        <vehicle id="20" x="31.06" y="201.65" angle="-90.00" type="DEFAULT_VEHTYPE" speed="13.76" pos="164.19" lane="1/1to0/1_0" slope="0.00"/>
        <vehicle id="23" x="359.54" y="598.35" angle="90.00" type="DEFAULT_VEHTYPE" speed="13.89" pos="154.79" lane="1/3to2/3_0" slope="0.00"/>
        <vehicle id="24" x="401.65" y="773.40" angle="180.00" type="DEFAULT_VEHTYPE" speed="13.31" pos="168.65" lane="2/3to2/4_0" slope="0.00"/>
        <vehicle id="4" x="398.35" y="364.93" angle="0.00" type="DEFAULT_VEHTYPE" speed="13.57" pos="30.32" lane="2/2to2/1_0" slope="0.00"/>
        <vehicle id="5" x="201.65" y="283.53" angle="180.00" type="DEFAULT_VEHTYPE" speed="13.73" pos="78.78" lane="1/1to1/2_0" slope="0.00"/>
        <vehicle id="6" x="332.25" y="401.65" angle="-90.00" type="DEFAULT_VEHTYPE" speed="13.25" pos="63.00" lane="2/2to1/2_0" slope="0.00"/>
        <vehicle id="7" x="598.35" y="435.66" angle="0.00" type="DEFAULT_VEHTYPE" speed="13.15" pos="159.59" lane="3/3to3/2_0" slope="0.00"/>
        <vehicle id="8" x="198.35" y="332.09" angle="0.00" type="DEFAULT_VEHTYPE" speed="13.65" pos="63.16" lane="1/2to1/1_0" slope="0.00"/>
    </timestep>
    <timestep time="159.00">
        <vehicle id="0" x="201.65" y="340.67" angle="180.00" type="DEFAULT_VEHTYPE" speed="12.97" pos="135.92" lane="1/1to1/2_0" slope="0.00"/>
        <vehicle id="10" x="201.65" y="65.42" angle="180.00" type="DEFAULT_VEHTYPE" speed="13.09" pos="65.42" lane="1/0to1/1_0" slope="0.00"/>
        <vehicle id="11" x="598.35" y="570.60" angle="0.00" type="DEFAULT_VEHTYPE" speed="13.35" pos="24.65" lane="3/3to3/2_0" slope="0.00"/>
        <vehicle id="12" x="189.32" y="398.35" angle="90.00" type="DEFAULT_VEHTYPE" speed="5.20" pos="189.32" lane="0/2to1/2_0" slope="0.00"/>
        <vehicle id="15" x="198.35" y="361.84" angle="0.00" type="DEFAULT_VEHTYPE" speed="13.48" pos="33.41" lane="1/2to1/1_0" slope="0.00"/>
        <vehicle id="19" x="398.35" y="536.64" angle="0.00" type="DEFAULT_VEHTYPE" speed="12.67" pos="58.61" lane="2/3to2/2_0" slope="0.00"/>
        <vehicle id="2" x="398.35" y="30.10" angle="0.00" type="DEFAULT_VEHTYPE" speed="13.45" pos="165.15" lane="2/1to2/0_0" slope="0.00"/>
        <vehicle id="20" x="17.21" y="201.65" angle="-90.00" type="DEFAULT_VEHTYPE" speed="13.85" pos="178.04" lane="1/1to0/1_0" slope="0.00"/>
        <vehicle id="23" x="371.91" y="598.35" angle="90.00" type="DEFAULT_VEHTYPE" speed="12.37" pos="167.16" lane="1/3to2/3_0" slope="0.00"/>
        <vehicle id="24" x="401.65" y="786.35" angle="180.00" type="DEFAULT_VEHTYPE" speed="12.95" pos="181.60" lane="2/3to2/4_0" slope="0.00"/>
        <vehicle id="4" x="398.35" y="351.68" angle="0.00" type="DEFAULT_VEHTYPE" speed="13.25" pos="43.57" lane="2/2to2/1_0" slope="0.00"/>
        <vehicle id="5" x="201.65" y="296.20" angle="180.00" type="DEFAULT_VEHTYPE" speed="12.68" pos="91.45" lane="1/1to1/2_0" slope="0.00"/>
        <vehicle id="6" x="319.47" y="401.65" angle="-90.00" type="DEFAULT_VEHTYPE" speed="12.78" pos="75.78" lane="2/2to1/2_0" slope="0.00"/>
        <vehicle id="7" x="598.35" y="422.64" angle="0.00" type="DEFAULT_VEHTYPE" speed="13.02" pos="172.61" lane="3/3to3/2_0" slope="0.00"/>
        <vehicle id="8" x="198.35" y="318.61" angle="0.00" type="DEFAULT_VEHTYPE" speed="13.49" pos="76.64" lane="1/2to1/1_0" slope="0.00"/>
    </timestep>
    <timestep time="160.00">
        <vehicle id="0" x="201.65" y="353.64" angle="180.00" type="DEFAULT_VEHTYPE" speed="12.97" pos="148.89" lane="1/1to1/2_0" slope="0.00"/>
        <vehicle id="10" x="201.65" y="78.99" angle="180.00" type="DEFAULT_VEHTYPE" speed="13.57" pos="78.99" lane="1/0to1/1_0" slope="0.00"/>
        <vehicle id="11" x="598.35" y="557.20" angle="0.00" type="DEFAULT_VEHTYPE" speed="13.40" pos="38.05" lane="3/3to3/2_0" slope="0.00"/>
        <vehicle id="12" x="196.79" y="398.57" angle="92.53" type="DEFAULT_VEHTYPE" speed="7.48" pos="1.56" lane=":1/2_14_0" slope="0.00"/>
        <vehicle id="15" x="198.35" y="347.99" angle="0.00" type="DEFAULT_VEHTYPE" speed="13.85" pos="47.26" lane="1/2to1/1_0" slope="0.00"/>
        <vehicle id="19" x="398.35" y="523.93" angle="0.00" type="DEFAULT_VEHTYPE" speed="12.71" pos="71.32" lane="2/3to2/2_0" slope="0.00"/>
        <vehicle id="2" x="398.35" y="17.12" angle="0.00" type="DEFAULT_VEHTYPE" speed="12.99" pos="178.13" lane="2/1to2/0_0" slope="0.00"/>
        <vehicle id="20" x="3.51" y="201.65" angle="-90.00" type="DEFAULT_VEHTYPE" speed="13.70" pos="191.74" lane="1/1to0/1_0" slope="0.00"/>
        <vehicle id="23" x="381.14" y="598.35" angle="90.00" type="DEFAULT_VEHTYPE" speed="9.23" pos="176.39" lane="1/3to2/3_0" slope="0.00"/>
        <vehicle id="24" x="401.65" y="799.80" angle="180.00" type="DEFAULT_VEHTYPE" speed="13.45" pos="195.05" lane="2/3to2/4_0" slope="0.00"/>
        <vehicle id="4" x="398.35" y="338.37" angle="0.00" type="DEFAULT_VEHTYPE" speed="13.31" pos="56.88" lane="2/2to2/1_0" slope="0.00"/>
        <vehicle id="5" x="201.65" y="309.60" angle="180.00" type="DEFAULT_VEHTYPE" speed="13.40" pos="104.85" lane="1/1to1/2_0" slope="0.00"/>
        <vehicle id="6" x="306.44" y="401.65" angle="-90.00" type="DEFAULT_VEHTYPE" speed="13.02" pos="88.81" lane="2/2to1/2_0" slope="0.00"/>
        <vehicle id="7" x="598.35" y="409.49" angle="0.00" type="DEFAULT_VEHTYPE" speed="13.15" pos="185.76" lane="3/3to3/2_0" slope="0.00"/>
        <vehicle id="8" x="198.35" y="305.19" angle="0.00" type="DEFAULT_VEHTYPE" speed="13.41" pos="90.06" lane="1/2to1/1_0" slope="0.00"/>
    </timestep>
    <timestep time="161.00">
        <vehicle id="0" x="201.65" y="366.43" angle="180.00" type="DEFAULT_VEHTYPE" speed="12.79" pos="161.68" lane="1/1to1/2_0" slope="0.00"/>
        <vehicle id="10" x="201.65" y="91.94" angle="180.00" type="DEFAULT_VEHTYPE" speed="12.95" pos="91.94" lane="1/0to1/1_0" slope="0.00"/>
        <vehicle id="11" x="598.35" y="543.66" angle="0.00" type="DEFAULT_VEHTYPE" speed="13.54" pos="51.59" lane="3/3to3/2_0" slope="0.00"/>
        <vehicle id="12" x="201.65" y="405.48" angle="166.54" type="DEFAULT_VEHTYPE" speed="9.50" pos="0.73" lane="1/2to1/3_0" slope="0.00"/>
        <vehicle id="15" x="198.35" y="334.39" angle="0.00" type="DEFAULT_VEHTYPE" speed="13.59" pos="60.86" lane="1/2to1/1_0" slope="0.00"/>
        <vehicle id="19" x="398.35" y="510.75" angle="0.00" type="DEFAULT_VEHTYPE" speed="13.19" pos="84.50" lane="2/3to2/2_0" slope="0.00"/>
        <vehicle id="2" x="398.35" y="3.23" angle="0.00" type="DEFAULT_VEHTYPE" speed="13.89" pos="192.02" lane="2/1to2/0_0" slope="0.00"/>
        <vehicle id="20" x="5.47" y="198.35" angle="90.00" type="DEFAULT_VEHTYPE" speed="13.80" pos="5.47" lane="0/1to1/1_0" slope="0.00"/>
        <vehicle id="23" x="386.70" y="598.35" angle="90.00" type="DEFAULT_VEHTYPE" speed="5.56" pos="181.95" lane="1/3to2/3_0" slope="0.00"/>
        <vehicle id="24" x="398.35" y="791.68" angle="0.00" type="DEFAULT_VEHTYPE" speed="13.34" pos="8.32" lane="2/4to2/3_0" slope="0.00"/>
        <vehicle id="4" x="398.35" y="324.76" angle="0.00" type="DEFAULT_VEHTYPE" speed="13.62" pos="70.49" lane="2/2to2/1_0" slope="0.00"/>
        <vehicle id="5" x="201.65" y="323.23" angle="180.00" type="DEFAULT_VEHTYPE" speed="13.62" pos="118.48" lane="1/1to1/2_0" slope="0.00"/>
        <vehicle id="6" x="293.30" y="401.65" angle="-90.00" type="DEFAULT_VEHTYPE" speed="13.15" pos="101.95" lane="2/2to1/2_0" slope="0.00"/>
        <vehicle id="7" x="592.16" y="401.65" angle="-84.53" type="DEFAULT_VEHTYPE" speed="12.83" pos="3.09" lane="3/2to2/2_0" slope="0.00"/>
        <vehicle id="8" x="198.35" y="291.81" angle="0.00" type="DEFAULT_VEHTYPE" speed="13.38" pos="103.44" lane="1/2to1/1_0" slope="0.00"/>
    </timestep>
    <timestep time="162.00">
        <vehicle id="0" x="201.65" y="379.40" angle="180.00" type="DEFAULT_VEHTYPE" speed="12.97" pos="174.65" lane="1/1to1/2_0" slope="0.00"/>
        <vehicle id="10" x="201.65" y="104.89" angle="180.00" type="DEFAULT_VEHTYPE" speed="12.96" pos="104.89" lane="1/0to1/1_0" slope="0.00"/>
        <vehicle id="11" x="598.35" y="529.80" angle="0.00" type="DEFAULT_VEHTYPE" speed="13.86" pos="65.45" lane="3/3to3/2_0" slope="0.00"/>
        <vehicle id="12" x="201.65" y="416.93" angle="180.00" type="DEFAULT_VEHTYPE" speed="11.45" pos="12.18" lane="1/2to1/3_0" slope="0.00"/>
        <vehicle id="15" x="198.35" y="320.92" angle="0.00" type="DEFAULT_VEHTYPE" speed="13.48" pos="74.33" lane="1/2to1/1_0" slope="0.00"/>
        <vehicle id="19" x="398.35" y="497.64" angle="0.00" type="DEFAULT_VEHTYPE" speed="13.10" pos="97.61" lane="2/3to2/2_0" slope="0.00"/>
        <vehicle id="2" x="401.65" y="5.05" angle="180.00" type="DEFAULT_VEHTYPE" speed="13.09" pos="5.05" lane="2/0to2/1_0" slope="0.00"/>
        <vehicle id="20" x="18.54" y="198.35" angle="90.00" type="DEFAULT_VEHTYPE" speed="13.07" pos="18.54" lane="0/1to1/1_0" slope="0.00"/>
        <vehicle id="23" x="390.45" y="598.35" angle="90.00" type="DEFAULT_VEHTYPE" speed="3.75" pos="185.70" lane="1/3to2/3_0" slope="0.00"/>
        <vehicle id="24" x="398.35" y="778.37" angle="0.00" type="DEFAULT_VEHTYPE" speed="13.31" pos="21.63" lane="2/4to2/3_0" slope="0.00"/>
        <vehicle id="4" x="398.35" y="310.99" angle="0.00" type="DEFAULT_VEHTYPE" speed="13.77" pos="84.26" lane="2/2to2/1_0" slope="0.00"/>
        <vehicle id="5" x="201.65" y="336.14" angle="180.00" type="DEFAULT_VEHTYPE" speed="12.91" pos="131.39" lane="1/1to1/2_0" slope="0.00"/>
        <vehicle id="6" x="280.16" y="401.65" angle="-90.00" type="DEFAULT_VEHTYPE" speed="13.13" pos="115.09" lane="2/2to1/2_0" slope="0.00"/>
        <vehicle id="7" x="579.02" y="401.65" angle="-90.00" type="DEFAULT_VEHTYPE" speed="13.14" pos="16.23" lane="3/2to2/2_0" slope="0.00"/>
        <vehicle id="8" x="198.35" y="278.17" angle="0.00" type="DEFAULT_VEHTYPE" speed="13.64" pos="117.08" lane="1/2to1/1_0" slope="0.00"/>
    </timestep>
    <timestep time="163.00">
        <vehicle id="0" x="201.65" y="392.65" angle="180.00" type="DEFAULT_VEHTYPE" speed="13.24" pos="187.90" lane="1/1to1/2_0" slope="0.00"/>
        <vehicle id="10" x="201.65" y="118.63" angle="180.00" type="DEFAULT_VEHTYPE" speed="13.74" pos="118.63" lane="1/0to1/1_0" slope="0.00"/>
        <vehicle id="11" x="598.35" y="516.68" angle="0.00" type="DEFAULT_VEHTYPE" speed="13.12" pos="78.57" lane="3/3to3/2_0" slope="0.00"/>
        <vehicle id="12" x="201.65" y="430.04" angle="180.00" type="DEFAULT_VEHTYPE" speed="13.11" pos="25.29" lane="1/2to1/3_0" slope="0.00"/>
        <vehicle id="15" x="198.35" y="307.20" angle="0.00" type="DEFAULT_VEHTYPE" speed="13.72" pos="88.05" lane="1/2to1/1_0" slope="0.00"/>
        <vehicle id="19" x="398.35" y="484.78" angle="0.00" type="DEFAULT_VEHTYPE" speed="12.86" pos="110.47" lane="2/3to2/2_0" slope="0.00"/>
        <vehicle id="2" x="401.65" y="18.54" angle="180.00" type="DEFAULT_VEHTYPE" speed="13.50" pos="18.54" lane="2/0to2/1_0" slope="0.00"/>
        <vehicle id="20" x="31.99" y="198.35" angle="90.00" type="DEFAULT_VEHTYPE" speed="13.45" pos="31.99" lane="0/1to1/1_0" slope="0.00"/>
        <vehicle id="23" x="396.63" y="598.55" angle="92.27" type="DEFAULT_VEHTYPE" speed="6.20" pos="1.40" lane=":2/3_14_0" slope="0.00"/>
        <vehicle id="24" x="398.35" y="764.86" angle="0.00" type="DEFAULT_VEHTYPE" speed="13.51" pos="35.14" lane="2/4to2/3_0" slope="0.00"/>
        <vehicle id="4" x="398.35" y="297.16" angle="0.00" type="DEFAULT_VEHTYPE" speed="13.83" pos="98.09" lane="2/2to2/1_0" slope="0.00"/>
        <vehicle id="5" x="201.65" y="349.68" angle="180.00" type="DEFAULT_VEHTYPE" speed="13.54" pos="144.93" lane="1/1to1/2_0" slope="0.00"/>
        <vehicle id="6" x="266.94" y="401.65" angle="-90.00" type="DEFAULT_VEHTYPE" speed="13.22" pos="128.31" lane="2/2to1/2_0" slope="0.00"/>
        <vehicle id="7" x="565.28" y="401.65" angle="-90.00" type="DEFAULT_VEHTYPE" speed="13.74" pos="29.97" lane="3/2to2/2_0" slope="0.00"/>
        <vehicle id="8" x="198.35" y="264.39" angle="0.00" type="DEFAULT_VEHTYPE" speed="13.78" pos="130.86" lane="1/2to1/1_0" slope="0.00"/>
    </timestep>
    <timestep time="164.00">
        <vehicle id="0" x="201.65" y="405.53" angle="180.00" type="DEFAULT_VEHTYPE" speed="12.88" pos="0.78" lane="1/2to1/3_0" slope="0.00"/>
        <vehicle id="10" x="201.65" y="132.22" angle="180.00" type="DEFAULT_VEHTYPE" speed="13.59" pos="132.22" lane="1/0to1/1_0" slope="0.00"/>
        <vehicle id="11" x="598.35" y="503.61" angle="0.00" type="DEFAULT_VEHTYPE" speed="13.07" pos="91.64" lane="3/3to3/2_0" slope="0.00"/>
        <vehicle id="12" x="201.65" y="443.32" angle="180.00" type="DEFAULT_VEHTYPE" speed="13.28" pos="38.57" lane="1/2to1/3_0" slope="0.00"/>
        <vehicle id="15" x="198.35" y="294.33" angle="0.00" type="DEFAULT_VEHTYPE" speed="12.87" pos="100.92" lane="1/2to1/1_0" slope="0.00"/>
        <vehicle id="19" x="398.35" y="471.69" angle="0.00" type="DEFAULT_VEHTYPE" speed="13.09" pos="123.56" lane="2/3to2/2_0" slope="0.00"/>
        <vehicle id="2" x="401.65" y="32.21" angle="180.00" type="DEFAULT_VEHTYPE" speed="13.67" pos="32.21" lane="2/0to2/1_0" slope="0.00"/>
        <vehicle id="20" x="45.28" y="198.35" angle="90.00" type="DEFAULT_VEHTYPE" speed="13.29" pos="45.28" lane="0/1to1/1_0" slope="0.00"/>
        <vehicle id="23" x="401.58" y="604.25" angle="157.86" type="DEFAULT_VEHTYPE" speed="8.42" pos="9.82" lane=":2/3_14_0" slope="0.00"/>
        <vehicle id="24" x="398.35" y="751.08" angle="0.00" type="DEFAULT_VEHTYPE" speed="13.78" pos="48.92" lane="2/4to2/3_0" slope="0.00"/>
        <vehicle id="4" x="398.35" y="284.51" angle="0.00" type="DEFAULT_VEHTYPE" speed="12.65" pos="110.74" lane="2/2to2/1_0" slope="0.00"/>
        <vehicle id="5" x="201.65" y="362.95" angle="180.00" type="DEFAULT_VEHTYPE" speed="13.27" pos="158.20" lane="1/1to1/2_0" slope="0.00"/>
        <vehicle id="6" x="253.52" y="401.65" angle="-90.00" type="DEFAULT_VEHTYPE" speed="13.42" pos="141.73" lane="2/2to1/2_0" slope="0.00"/>
        <vehicle id="7" x="551.48" y="401.65" angle="-90.00" type="DEFAULT_VEHTYPE" speed="13.80" pos="43.77" lane="3/2to2/2_0" slope="0.00"/>
        <vehicle id="8" x="198.35" y="251.08" angle="0.00" type="DEFAULT_VEHTYPE" speed="13.31" pos="144.17" lane="1/2to1/1_0" slope="0.00"/>
    </timestep>
    <timestep time="165.00">
        <vehicle id="0" x="201.65" y="418.87" angle="180.00" type="DEFAULT_VEHTYPE" speed="13.34" pos="14.12" lane="1/2to1/3_0" slope="0.00"/>
        <vehicle id="10" x="201.65" y="145.30" angle="180.00" type="DEFAULT_VEHTYPE" speed="13.08" pos="145.30" lane="1/0to1/1_0" slope="0.00"/>
        <vehicle id="11" x="598.35" y="490.76" angle="0.00" type="DEFAULT_VEHTYPE" speed="12.85" pos="104.49" lane="3/3to3/2_0" slope="0.00"/>
        <vehicle id="12" x="201.65" y="456.41" angle="180.00" type="DEFAULT_VEHTYPE" speed="13.08" pos="51.66" lane="1/2to1/3_0" slope="0.00"/>
        <vehicle id="15" x="198.35" y="281.00" angle="0.00" type="DEFAULT_VEHTYPE" speed="13.33" pos="114.25" lane="1/2to1/1_0" slope="0.00"/>
        <vehicle id="19" x="398.35" y="458.47" angle="0.00" type="DEFAULT_VEHTYPE" speed="13.22" pos="136.78" lane="2/3to2/2_0" slope="0.00"/>
        <vehicle id="2" x="401.65" y="45.22" angle="180.00" type="DEFAULT_VEHTYPE" speed="13.00" pos="45.22" lane="2/0to2/1_0" slope="0.00"/>
        <vehicle id="20" x="58.96" y="198.35" angle="90.00" type="DEFAULT_VEHTYPE" speed="13.68" pos="58.96" lane="0/1to1/1_0" slope="0.00"/>
        <vehicle id="23" x="401.65" y="614.79" angle="180.00" type="DEFAULT_VEHTYPE" speed="10.54" pos="10.04" lane="2/3to2/4_0" slope="0.00"/>
        <vehicle id="24" x="398.35" y="737.63" angle="0.00" type="DEFAULT_VEHTYPE" speed="13.45" pos="62.37" lane="2/4to2/3_0" slope="0.00"/>
        <vehicle id="4" x="398.35" y="270.73" angle="0.00" type="DEFAULT_VEHTYPE" speed="13.78" pos="124.52" lane="2/2to2/1_0" slope="0.00"/>
        <vehicle id="5" x="201.65" y="375.86" angle="180.00" type="DEFAULT_VEHTYPE" speed="12.91" pos="171.11" lane="1/1to1/2_0" slope="0.00"/>
        <vehicle id="6" x="240.68" y="401.65" angle="-90.00" type="DEFAULT_VEHTYPE" speed="12.83" pos="154.57" lane="2/2to1/2_0" slope="0.00"/>
        <vehicle id="7" x="537.76" y="401.65" angle="-90.00" type="DEFAULT_VEHTYPE" speed="13.72" pos="57.49" lane="3/2to2/2_0" slope="0.00"/>
        <vehicle id="8" x="198.35" y="238.07" angle="0.00" type="DEFAULT_VEHTYPE" speed="13.01" pos="157.18" lane="1/2to1/1_0" slope="0.00"/>
    </timestep>
    <timestep time="166.00">
        <vehicle id="0" x="201.65" y="432.00" angle="180.00" type="DEFAULT_VEHTYPE" speed="13.13" pos="27.25" lane="1/2to1/3_0" slope="0.00"/>
        <vehicle id="10" x="201.65" y="158.85" angle="180.00" type="DEFAULT_VEHTYPE" speed="13.55" pos="158.85" lane="1/0to1/1_0" slope="0.00"/>
        <vehicle id="11" x="598.35" y="477.78" angle="0.00" type="DEFAULT_VEHTYPE" speed="12.98" pos="117.47" lane="3/3to3/2_0" slope="0.00"/>
        <vehicle id="12" x="201.65" y="470.31" angle="180.00" type="DEFAULT_VEHTYPE" speed="13.90" pos="65.56" lane="1/2to1/3_0" slope="0.00"/>
        <vehicle id="15" x="198.35" y="267.66" angle="0.00" type="DEFAULT_VEHTYPE" speed="13.33" pos="127.59" lane="1/2to1/1_0" slope="0.00"/>
        <vehicle id="19" x="398.35" y="444.99" angle="0.00" type="DEFAULT_VEHTYPE" speed="13.48" pos="150.26" lane="2/3to2/2_0" slope="0.00"/>
        <vehicle id="2" x="401.65" y="58.53" angle="180.00" type="DEFAULT_VEHTYPE" speed="13.31" pos="58.53" lane="2/0to2/1_0" slope="0.00"/>
        <vehicle id="20" x="72.12" y="198.35" angle="90.00" type="DEFAULT_VEHTYPE" speed="13.16" pos="72.12" lane="0/1to1/1_0" slope="0.00"/>
        <vehicle id="23" x="401.65" y="626.94" angle="180.00" type="DEFAULT_VEHTYPE" speed="12.15" pos="22.19" lane="2/3to2/4_0" slope="0.00"/>
        <vehicle id="24" x="398.35" y="724.40" angle="0.00" type="DEFAULT_VEHTYPE" speed="13.24" pos="75.60" lane="2/4to2/3_0" slope="0.00"/>
        <vehicle id="4" x="398.35" y="258.09" angle="0.00" type="DEFAULT_VEHTYPE" speed="12.64" pos="137.16" lane="2/2to2/1_0" slope="0.00"/>
        <vehicle id="5" x="201.65" y="388.51" angle="180.00" type="DEFAULT_VEHTYPE" speed="12.65" pos="183.76" lane="1/1to1/2_0" slope="0.00"/>
        <vehicle id="6" x="227.38" y="401.65" angle="-90.00" type="DEFAULT_VEHTYPE" speed="13.30" pos="167.87" lane="2/2to1/2_0" slope="0.00"/>
        <vehicle id="7" x="524.27" y="401.65" angle="-90.00" type="DEFAULT_VEHTYPE" speed="13.49" pos="70.98" lane="3/2to2/2_0" slope="0.00"/>
        <vehicle id="8" x="198.35" y="224.64" angle="0.00" type="DEFAULT_VEHTYPE" speed="13.43" pos="170.61" lane="1/2to1/1_0" slope="0.00"/>
    </timestep>
    <timestep time="167.00">
        <vehicle id="0" x="201.65" y="445.33" angle="180.00" type="DEFAULT_VEHTYPE" speed="13.32" pos="40.58" lane="1/2to1/3_0" slope="0.00"/>
        <vehicle id="10" x="201.65" y="172.21" angle="180.00" type="DEFAULT_VEHTYPE" speed="13.36" pos="172.21" lane="1/0to1/1_0" slope="0.00"/>
        <vehicle id="11" x="598.35" y="464.91" angle="0.00" type="DEFAULT_VEHTYPE" speed="12.87" pos="130.34" lane="3/3to3/2_0" slope="0.00"/>
        <vehicle id="12" x="201.65" y="483.40" angle="180.00" type="DEFAULT_VEHTYPE" speed="13.09" pos="78.65" lane="1/2to1/3_0" slope="0.00"/>
        <vehicle id="15" x="198.35" y="254.31" angle="0.00" type="DEFAULT_VEHTYPE" speed="13.35" pos="140.94" lane="1/2to1/1_0" slope="0.00"/>
        <vehicle id="19" x="398.35" y="431.42" angle="0.00" type="DEFAULT_VEHTYPE" speed="13.57" pos="163.83" lane="2/3to2/2_0" slope="0.00"/>
        <vehicle id="2" x="401.65" y="72.08" angle="180.00" type="DEFAULT_VEHTYPE" speed="13.55" pos="72.08" lane="2/0to2/1_0" slope="0.00"/>
        <vehicle id="20" x="85.41" y="198.35" angle="90.00" type="DEFAULT_VEHTYPE" speed="13.30" pos="85.41" lane="0/1to1/1_0" slope="0.00"/>
        <vehicle id="23" x="401.65" y="640.50" angle="180.00" type="DEFAULT_VEHTYPE" speed="13.56" pos="35.75" lane="2/3to2/4_0" slope="0.00"/>
        <vehicle id="24" x="398.35" y="711.49" angle="0.00" type="DEFAULT_VEHTYPE" speed="12.91" pos="88.51" lane="2/4to2/3_0" slope="0.00"/>
        <vehicle id="4" x="398.35" y="245.16" angle="0.00" type="DEFAULT_VEHTYPE" speed="12.92" pos="150.09" lane="2/2to2/1_0" slope="0.00"/>
        <vehicle id="5" x="201.65" y="401.17" angle="180.00" type="DEFAULT_VEHTYPE" speed="12.66" pos="5.92" lane=":1/2_9_0" slope="0.00"/>
        <vehicle id="6" x="218.58" y="401.65" angle="-90.00" type="DEFAULT_VEHTYPE" speed="8.80" pos="176.67" lane="2/2to1/2_0" slope="0.00"/>
        <vehicle id="7" x="510.76" y="401.65" angle="-90.00" type="DEFAULT_VEHTYPE" speed="13.51" pos="84.49" lane="3/2to2/2_0" slope="0.00"/>
        <vehicle id="8" x="198.35" y="211.46" angle="0.00" type="DEFAULT_VEHTYPE" speed="13.18" pos="183.79" lane="1/2to1/1_0" slope="0.00"/>
    </timestep>
    <timestep time="168.00">
        <vehicle id="0" x="201.65" y="459.13" angle="180.00" type="DEFAULT_VEHTYPE" speed="13.81" pos="54.38" lane="1/2to1/3_0" slope="0.00"/>
        <vehicle id="10" x="201.65" y="184.89" angle="180.00" type="DEFAULT_VEHTYPE" speed="12.67" pos="184.89" lane="1/0to1/1_0" slope="0.00"/>
        <vehicle id="11" x="598.35" y="451.58" angle="0.00" type="DEFAULT_VEHTYPE" speed="13.33" pos="143.67" lane="3/3to3/2_0" slope="0.00"/>
        <vehicle id="12" x="201.65" y="496.34" angle="180.00" type="DEFAULT_VEHTYPE" speed="12.94" pos="91.59" lane="1/2to1/3_0" slope="0.00"/>
        <vehicle id="15" x="198.35" y="241.17" angle="0.00" type="DEFAULT_VEHTYPE" speed="13.14" pos="154.08" lane="1/2to1/1_0" slope="0.00"/>
        <vehicle id="19" x="398.35" y="417.75" angle="0.00" type="DEFAULT_VEHTYPE" speed="13.67" pos="177.50" lane="2/3to2/2_0" slope="0.00"/>
        <vehicle id="2" x="401.65" y="85.73" angle="180.00" type="DEFAULT_VEHTYPE" speed="13.65" pos="85.73" lane="2/0to2/1_0" slope="0.00"/>
        <vehicle id="20" x="98.17" y="198.35" angle="90.00" type="DEFAULT_VEHTYPE" speed="12.75" pos="98.17" lane="0/1to1/1_0" slope="0.00"/>
        <vehicle id="23" x="401.65" y="654.25" angle="180.00" type="DEFAULT_VEHTYPE" speed="13.75" pos="49.50" lane="2/3to2/4_0" slope="0.00"/>
        <vehicle id="24" x="398.35" y="698.36" angle="0.00" type="DEFAULT_VEHTYPE" speed="13.13" pos="101.64" lane="2/4to2/3_0" slope="0.00"/>
        <vehicle id="4" x="398.35" y="232.20" angle="0.00" type="DEFAULT_VEHTYPE" speed="12.96" pos="163.05" lane="2/2to2/1_0" slope="0.00"/>
        <vehicle id="5" x="201.65" y="414.94" angle="180.00" type="DEFAULT_VEHTYPE" speed="13.78" pos="10.19" lane="1/2to1/3_0" slope="0.00"/>
        <vehicle id="6" x="213.14" y="401.65" angle="-90.00" type="DEFAULT_VEHTYPE" speed="5.44" pos="182.11" lane="2/2to1/2_0" slope="0.00"/>
        <vehicle id="7" x="497.04" y="401.65" angle="-90.00" type="DEFAULT_VEHTYPE" speed="13.72" pos="98.21" lane="3/2to2/2_0" slope="0.00"/>
        <vehicle id="8" x="194.12" y="201.65" angle="-64.06" type="DEFAULT_VEHTYPE" speed="12.84" pos="1.13" lane="1/1to0/1_0" slope="0.00"/>
    </timestep>
    <timestep time="169.00">
        <vehicle id="0" x="201.65" y="472.97" angle="180.00" type="DEFAULT_VEHTYPE" speed="13.84" pos="68.22" lane="1/2to1/3_0" slope="0.00"/>
        <vehicle id="10" x="203.17" y="198.03" angle="160.95" type="DEFAULT_VEHTYPE" speed="13.74" pos="3.37" lane=":1/1_8_0" slope="0.00"/>
        <vehicle id="11" x="598.35" y="438.27" angle="0.00" type="DEFAULT_VEHTYPE" speed="13.32" pos="156.98" lane="3/3to3/2_0" slope="0.00"/>
        <vehicle id="12" x="201.65" y="509.77" angle="180.00" type="DEFAULT_VEHTYPE" speed="13.42" pos="105.02" lane="1/2to1/3_0" slope="0.00"/>
        <vehicle id="15" x="198.35" y="227.42" angle="0.00" type="DEFAULT_VEHTYPE" speed="13.75" pos="167.83" lane="1/2to1/1_0" slope="0.00"/>
        <vehicle id="19" x="398.25" y="404.04" angle="-1.14" type="DEFAULT_VEHTYPE" speed="13.72" pos="0.72" lane=":2/2_0_0" slope="0.00"/>
        <vehicle id="2" x="401.65" y="99.51" angle="180.00" type="DEFAULT_VEHTYPE" speed="13.78" pos="99.51" lane="2/0to2/1_0" slope="0.00"/>
        <vehicle id="20" x="110.92" y="198.35" angle="90.00" type="DEFAULT_VEHTYPE" speed="12.75" pos="110.92" lane="0/1to1/1_0" slope="0.00"/>
        <vehicle id="23" x="401.65" y="667.74" angle="180.00" type="DEFAULT_VEHTYPE" speed="13.49" pos="62.99" lane="2/3to2/4_0" slope="0.00"/>
        <vehicle id="24" x="398.35" y="684.58" angle="0.00" type="DEFAULT_VEHTYPE" speed="13.78" pos="115.42" lane="2/4to2/3_0" slope="0.00"/>
        <vehicle id="4" x="398.35" y="219.47" angle="0.00" type="DEFAULT_VEHTYPE" speed="12.73" pos="175.78" lane="2/2to2/1_0" slope="0.00"/>
        <vehicle id="5" x="201.65" y="428.02" angle="180.00" type="DEFAULT_VEHTYPE" speed="13.07" pos="23.27" lane="1/2to1/3_0" slope="0.00"/>
        <vehicle id="6" x="209.15" y="401.65" angle="-90.00" type="DEFAULT_VEHTYPE" speed="3.99" pos="186.10" lane="2/2to1/2_0" slope="0.00"/>
        <vehicle id="7" x="483.98" y="401.65" angle="-90.00" type="DEFAULT_VEHTYPE" speed="13.06" pos="111.27" lane="3/2to2/2_0" slope="0.00"/>
        <vehicle id="8" x="180.66" y="201.65" angle="-90.00" type="DEFAULT_VEHTYPE" speed="13.46" pos="14.59" lane="1/1to0/1_0" slope="0.00"/>
    </timestep>
    <timestep time="170.00">
        <vehicle id="0" x="201.65" y="486.77" angle="180.00" type="DEFAULT_VEHTYPE" speed="13.80" pos="82.02" lane="1/2to1/3_0" slope="0.00"/>
        <vehicle id="10" x="216.41" y="198.35" angle="90.00" type="DEFAULT_VEHTYPE" speed="13.28" pos="11.66" lane="1/1to2/1_0" slope="0.00"/>
        <vehicle id="11" x="598.35" y="424.90" angle="0.00" type="DEFAULT_VEHTYPE" speed="13.36" pos="170.35" lane="3/3to3/2_0" slope="0.00"/>
        <vehicle id="12" x="201.65" y="522.58" angle="180.00" type="DEFAULT_VEHTYPE" speed="12.81" pos="117.83" lane="1/2to1/3_0" slope="0.00"/>
        <vehicle id="15" x="198.35" y="214.35" angle="0.00" type="DEFAULT_VEHTYPE" speed="13.07" pos="180.90" lane="1/2to1/1_0" slope="0.00"/>
        <vehicle id="19" x="386.54" y="401.65" angle="-90.00" type="DEFAULT_VEHTYPE" speed="12.99" pos="8.71" lane="2/2to1/2_0" slope="0.00"/>
        <vehicle id="2" x="401.65" y="113.21" angle="180.00" type="DEFAULT_VEHTYPE" speed="13.71" pos="113.21" lane="2/0to2/1_0" slope="0.00"/>
        <vehicle id="20" x="123.72" y="198.35" angle="90.00" type="DEFAULT_VEHTYPE" speed="12.80" pos="123.72" lane="0/1to1/1_0" slope="0.00"/>
        <vehicle id="23" x="401.65" y="681.35" angle="180.00" type="DEFAULT_VEHTYPE" speed="13.61" pos="76.60" lane="2/3to2/4_0" slope="0.00"/>
        <vehicle id="24" x="398.35" y="671.92" angle="0.00" type="DEFAULT_VEHTYPE" speed="12.66" pos="128.08" lane="2/4to2/3_0" slope="0.00"/>
        <vehicle id="4" x="398.35" y="206.68" angle="0.00" type="DEFAULT_VEHTYPE" speed="12.79" pos="188.57" lane="2/2to2/1_0" slope="0.00"/>
        <vehicle id="5" x="201.65" y="440.67" angle="180.00" type="DEFAULT_VEHTYPE" speed="12.65" pos="35.92" lane="1/2to1/3_0" slope="0.00"/>
        <vehicle id="6" x="203.40" y="401.65" angle="-90.00" type="DEFAULT_VEHTYPE" speed="5.76" pos="1.35" lane=":1/2_5_0" slope="0.00"/>
        <vehicle id="7" x="471.11" y="401.65" angle="-90.00" type="DEFAULT_VEHTYPE" speed="12.87" pos="124.14" lane="3/2to2/2_0" slope="0.00"/>
        <vehicle id="8" x="166.91" y="201.65" angle="-90.00" type="DEFAULT_VEHTYPE" speed="13.75" pos="28.34" lane="1/1to0/1_0" slope="0.00"/>
    </timestep>
    <timestep time="171.00">
        <vehicle id="0" x="201.65" y="500.48" angle="180.00" type="DEFAULT_VEHTYPE" speed="13.71" pos="95.73" lane="1/2to1/3_0" slope="0.00"/>
        <vehicle id="10" x="229.80" y="198.35" angle="90.00" type="DEFAULT_VEHTYPE" speed="13.40" pos="25.05" lane="1/1to2/1_0" slope="0.00"/>
        <vehicle id="11" x="598.35" y="411.55" angle="0.00" type="DEFAULT_VEHTYPE" speed="13.35" pos="183.70" lane="3/3to3/2_0" slope="0.00"/>
        <vehicle id="12" x="201.65" y="535.62" angle="180.00" type="DEFAULT_VEHTYPE" speed="13.04" pos="130.87" lane="1/2to1/3_0" slope="0.00"/>
        <vehicle id="15" x="196.00" y="201.75" angle="-32.04" type="DEFAULT_VEHTYPE" speed="13.84" pos="4.24" lane=":1/1_0_0" slope="0.00"/>
        <vehicle id="19" x="373.62" y="401.65" angle="-90.00" type="DEFAULT_VEHTYPE" speed="12.92" pos="21.63" lane="2/2to1/2_0" slope="0.00"/>
        <vehicle id="2" x="401.65" y="126.41" angle="180.00" type="DEFAULT_VEHTYPE" speed="13.20" pos="126.41" lane="2/0to2/1_0" slope="0.00"/>
        <vehicle id="20" x="137.37" y="198.35" angle="90.00" type="DEFAULT_VEHTYPE" speed="13.64" pos="137.37" lane="0/1to1/1_0" slope="0.00"/>
        <vehicle id="23" x="401.65" y="694.55" angle="180.00" type="DEFAULT_VEHTYPE" speed="13.20" pos="89.80" lane="2/3to2/4_0" slope="0.00"/>
        <vehicle id="24" x="398.35" y="658.12" angle="0.00" type="DEFAULT_VEHTYPE" speed="13.80" pos="141.88" lane="2/4to2/3_0" slope="0.00"/>
        <vehicle id="4" x="388.85" y="201.65" angle="-90.00" type="DEFAULT_VEHTYPE" speed="13.33" pos="6.40" lane="2/1to1/1_0" slope="0.00"/>
        <vehicle id="5" x="201.65" y="454.32" angle="180.00" type="DEFAULT_VEHTYPE" speed="13.65" pos="49.57" lane="1/2to1/3_0" slope="0.00"/>
        <vehicle id="6" x="196.16" y="401.65" angle="-90.00" type="DEFAULT_VEHTYPE" speed="7.24" pos="8.59" lane=":1/2_5_0" slope="0.00"/>
        <vehicle id="7" x="457.85" y="401.65" angle="-90.00" type="DEFAULT_VEHTYPE" speed="13.27" pos="137.40" lane="3/2to2/2_0" slope="0.00"/>
        <vehicle id="8" x="154.14" y="201.65" angle="-90.00" type="DEFAULT_VEHTYPE" speed="12.77" pos="41.11" lane="1/1to0/1_0" slope="0.00"/>
    </timestep>
    <timestep time="172.00">
        <vehicle id="0" x="201.65" y="513.35" angle="180.00" type="DEFAULT_VEHTYPE" speed="12.87" pos="108.60" lane="1/2to1/3_0" slope="0.00"/>
        <vehicle id="10" x="242.45" y="198.35" angle="90.00" type="DEFAULT_VEHTYPE" speed="12.65" pos="37.70" lane="1/1to2/1_0" slope="0.00"/>
        <vehicle id="11" x="593.74" y="401.65" angle="-69.50" type="DEFAULT_VEHTYPE" speed="13.31" pos="1.51" lane="3/2to2/2_0" slope="0.00"/>
        <vehicle id="12" x="201.65" y="549.11" angle="180.00" type="DEFAULT_VEHTYPE" speed="13.49" pos="144.36" lane="1/2to1/3_0" slope="0.00"/>
        <vehicle id="15" x="183.10" y="201.65" angle="-90.00" type="DEFAULT_VEHTYPE" speed="12.91" pos="12.15" lane="1/1to0/1_0" slope="0.00"/>
        <vehicle id="19" x="360.27" y="401.65" angle="-90.00" type="DEFAULT_VEHTYPE" speed="13.35" pos="34.98" lane="2/2to1/2_0" slope="0.00"/>
        <vehicle id="2" x="401.65" y="139.09" angle="180.00" type="DEFAULT_VEHTYPE" speed="12.68" pos="139.09" lane="2/0to2/1_0" slope="0.00"/>
        <vehicle id="20" x="151.15" y="198.35" angle="90.00" type="DEFAULT_VEHTYPE" speed="13.79" pos="151.15" lane="0/1to1/1_0" slope="0.00"/>
        <vehicle id="23" x="401.65" y="708.39" angle="180.00" type="DEFAULT_VEHTYPE" speed="13.84" pos="103.64" lane="2/3to2/4_0" slope="0.00"/>
        <vehicle id="24" x="398.35" y="645.21" angle="0.00" type="DEFAULT_VEHTYPE" speed="12.90" pos="154.79" lane="2/4to2/3_0" slope="0.00"/>
        <vehicle id="4" x="375.80" y="201.65" angle="-90.00" type="DEFAULT_VEHTYPE" speed="13.05" pos="19.45" lane="2/1to1/1_0" slope="0.00"/>
        <vehicle id="5" x="201.65" y="467.52" angle="180.00" type="DEFAULT_VEHTYPE" speed="13.20" pos="62.77" lane="1/2to1/3_0" slope="0.00"/>
        <vehicle id="6" x="186.70" y="401.65" angle="-90.00" type="DEFAULT_VEHTYPE" speed="9.46" pos="8.55" lane="1/2to0/2_0" slope="0.00"/>
        <vehicle id="7" x="443.98" y="401.65" angle="-90.00" type="DEFAULT_VEHTYPE" speed="13.87" pos="151.27" lane="3/2to2/2_0" slope="0.00"/>
        <vehicle id="8" x="140.36" y="201.65" angle="-90.00" type="DEFAULT_VEHTYPE" speed="13.78" pos="54.89" lane="1/1to0/1_0" slope="0.00"/>
    </timestep>
    <timestep time="173.00">
        <vehicle id="0" x="201.65" y="526.28" angle="180.00" type="DEFAULT_VEHTYPE" speed="12.94" pos="121.53" lane="1/2to1/3_0" slope="0.00"/>
        <vehicle id="10" x="256.32" y="198.35" angle="90.00" type="DEFAULT_VEHTYPE" speed="13.87" pos="51.57" lane="1/1to2/1_0" slope="0.00"/>
        <vehicle id="11" x="580.22" y="401.65" angle="-90.00" type="DEFAULT_VEHTYPE" speed="13.53" pos="15.03" lane="3/2to2/2_0" slope="0.00"/>
        <vehicle id="12" x="201.65" y="562.12" angle="180.00" type="DEFAULT_VEHTYPE" speed="13.02" pos="157.37" lane="1/2to1/3_0" slope="0.00"/>
        <vehicle id="15" x="170.31" y="201.65" angle="-90.00" type="DEFAULT_VEHTYPE" speed="12.78" pos="24.94" lane="1/1to0/1_0" slope="0.00"/>
        <vehicle id="19" x="346.92" y="401.65" angle="-90.00" type="DEFAULT_VEHTYPE" speed="13.36" pos="48.33" lane="2/2to1/2_0" slope="0.00"/>
        <vehicle id="2" x="401.65" y="152.90" angle="180.00" type="DEFAULT_VEHTYPE" speed="13.81" pos="152.90" lane="2/0to2/1_0" slope="0.00"/>
        <vehicle id="20" x="164.59" y="198.35" angle="90.00" type="DEFAULT_VEHTYPE" speed="13.44" pos="164.59" lane="0/1to1/1_0" slope="0.00"/>
        <vehicle id="23" x="401.65" y="722.19" angle="180.00" type="DEFAULT_VEHTYPE" speed="13.80" pos="117.44" lane="2/3to2/4_0" slope="0.00"/>
        <vehicle id="24" x="398.35" y="631.41" angle="0.00" type="DEFAULT_VEHTYPE" speed="13.80" pos="168.59" lane="2/4to2/3_0" slope="0.00"/>
        <vehicle id="4" x="363.12" y="201.65" angle="-90.00" type="DEFAULT_VEHTYPE" speed="12.68" pos="32.13" lane="2/1to1/1_0" slope="0.00"/>
        <vehicle id="5" x="201.65" y="480.35" angle="180.00" type="DEFAULT_VEHTYPE" speed="12.83" pos="75.60" lane="1/2to1/3_0" slope="0.00"/>
        <vehicle id="6" x="175.82" y="401.65" angle="-90.00" type="DEFAULT_VEHTYPE" speed="10.88" pos="19.43" lane="1/2to0/2_0" slope="0.00"/>
        <vehicle id="7" x="430.97" y="401.65" angle="-90.00" type="DEFAULT_VEHTYPE" speed="13.01" pos="164.28" lane="3/2to2/2_0" slope="0.00"/>
        <vehicle id="8" x="126.91" y="201.65" angle="-90.00" type="DEFAULT_VEHTYPE" speed="13.46" pos="68.34" lane="1/1to0/1_0" slope="0.00"/>
    </timestep>
    <timestep time="174.00">
        <vehicle id="0" x="201.65" y="540.01" angle="180.00" type="DEFAULT_VEHTYPE" speed="13.73" pos="135.26" lane="1/2to1/3_0" slope="0.00"/>
        <vehicle id="10" x="269.97" y="198.35" angle="90.00" type="DEFAULT_VEHTYPE" speed="13.65" pos="65.22" lane="1/1to2/1_0" slope="0.00"/>
        <vehicle id="11" x="567.17" y="401.65" angle="-90.00" type="DEFAULT_VEHTYPE" speed="13.05" pos="28.08" lane="3/2to2/2_0" slope="0.00"/>
        <vehicle id="12" x="201.65" y="575.76" angle="180.00" type="DEFAULT_VEHTYPE" speed="13.64" pos="171.01" lane="1/2to1/3_0" slope="0.00"/>
        <vehicle id="15" x="157.44" y="201.65" angle="-90.00" type="DEFAULT_VEHTYPE" speed="12.88" pos="37.81" lane="1/1to0/1_0" slope="0.00"/>
        <vehicle id="19" x="334.31" y="401.65" angle="-90.00" type="DEFAULT_VEHTYPE" speed="12.60" pos="60.94" lane="2/2to1/2_0" slope="0.00"/>
        <vehicle id="2" x="401.65" y="166.31" angle="180.00" type="DEFAULT_VEHTYPE" speed="13.41" pos="166.31" lane="2/0to2/1_0" slope="0.00"/>
        <vehicle id="20" x="176.57" y="198.35" angle="90.00" type="DEFAULT_VEHTYPE" speed="11.97" pos="176.57" lane="0/1to1/1_0" slope="0.00"/>
        <vehicle id="23" x="401.65" y="734.95" angle="180.00" type="DEFAULT_VEHTYPE" speed="12.76" pos="130.20" lane="2/3to2/4_0" slope="0.00"/>
        <vehicle id="24" x="398.35" y="618.60" angle="0.00" type="DEFAULT_VEHTYPE" speed="12.81" pos="181.40" lane="2/4to2/3_0" slope="0.00"/>
        <vehicle id="4" x="350.07" y="201.65" angle="-90.00" type="DEFAULT_VEHTYPE" speed="13.05" pos="45.18" lane="2/1to1/1_0" slope="0.00"/>
        <vehicle id="5" x="201.65" y="493.44" angle="180.00" type="DEFAULT_VEHTYPE" speed="13.09" pos="88.69" lane="1/2to1/3_0" slope="0.00"/>
        <vehicle id="6" x="162.46" y="401.65" angle="-90.00" type="DEFAULT_VEHTYPE" speed="13.36" pos="32.79" lane="1/2to0/2_0" slope="0.00"/>
        <vehicle id="7" x="421.36" y="401.65" angle="-90.00" type="DEFAULT_VEHTYPE" speed="9.61" pos="173.89" lane="3/2to2/2_0" slope="0.00"/>
        <vehicle id="8" x="113.37" y="201.65" angle="-90.00" type="DEFAULT_VEHTYPE" speed="13.53" pos="81.88" lane="1/1to0/1_0" slope="0.00"/>
    </timestep>
    <timestep time="175.00">
        <vehicle id="0" x="201.65" y="553.26" angle="180.00" type="DEFAULT_VEHTYPE" speed="13.25" pos="148.51" lane="1/2to1/3_0" slope="0.00"/>
        <vehicle id="10" x="282.66" y="198.35" angle="90.00" type="DEFAULT_VEHTYPE" speed="12.69" pos="77.91" lane="1/1to2/1_0" slope="0.00"/>
        <vehicle id="11" x="554.15" y="401.65" angle="-90.00" type="DEFAULT_VEHTYPE" speed="13.02" pos="41.10" lane="3/2to2/2_0" slope="0.00"/>
        <vehicle id="12" x="201.65" y="589.11" angle="180.00" type="DEFAULT_VEHTYPE" speed="13.35" pos="184.36" lane="1/2to1/3_0" slope="0.00"/>
        <vehicle id="15" x="144.13" y="201.65" angle="-90.00" type="DEFAULT_VEHTYPE" speed="13.30" pos="51.12" lane="1/1to0/1_0" slope="0.00"/>
        <vehicle id="19" x="321.36" y="401.65" angle="-90.00" type="DEFAULT_VEHTYPE" speed="12.96" pos="73.89" lane="2/2to1/2_0" slope="0.00"/>
        <vehicle id="2" x="401.65" y="179.89" angle="180.00" type="DEFAULT_VEHTYPE" speed="13.58" pos="179.89" lane="2/0to2/1_0" slope="0.00"/>
        <vehicle id="20" x="184.04" y="198.35" angle="90.00" type="DEFAULT_VEHTYPE" speed="7.47" pos="184.04" lane="0/1to1/1_0" slope="0.00"/>
        <vehicle id="23" x="401.65" y="747.95" angle="180.00" type="DEFAULT_VEHTYPE" speed="12.99" pos="143.20" lane="2/3to2/4_0" slope="0.00"/>
        <vehicle id="24" x="398.35" y="604.86" angle="0.00" type="DEFAULT_VEHTYPE" speed="13.74" pos="195.14" lane="2/4to2/3_0" slope="0.00"/>
        <vehicle id="4" x="336.67" y="201.65" angle="-90.00" type="DEFAULT_VEHTYPE" speed="13.39" pos="58.58" lane="2/1to1/1_0" slope="0.00"/>
        <vehicle id="5" x="201.65" y="506.25" angle="180.00" type="DEFAULT_VEHTYPE" speed="12.81" pos="101.50" lane="1/2to1/3_0" slope="0.00"/>
        <vehicle id="6" x="149.55" y="401.65" angle="-90.00" type="DEFAULT_VEHTYPE" speed="12.91" pos="45.70" lane="1/2to0/2_0" slope="0.00"/>
        <vehicle id="7" x="414.70" y="401.65" angle="-90.00" type="DEFAULT_VEHTYPE" speed="6.65" pos="180.55" lane="3/2to2/2_0" slope="0.00"/>
        <vehicle id="8" x="99.82" y="201.65" angle="-90.00" type="DEFAULT_VEHTYPE" speed="13.55" pos="95.43" lane="1/1to0/1_0" slope="0.00"/>
    </timestep>
    <timestep time="176.00">
        <vehicle id="0" x="201.65" y="566.02" angle="180.00" type="DEFAULT_VEHTYPE" speed="12.76" pos="161.27" lane="1/2to1/3_0" slope="0.00"/>
        <vehicle id="10" x="296.28" y="198.35" angle="90.00" type="DEFAULT_VEHTYPE" speed="13.62" pos="91.53" lane="1/1to2/1_0" slope="0.00"/>
        <vehicle id="11" x="540.77" y="401.65" angle="-90.00" type="DEFAULT_VEHTYPE" speed="13.37" pos="54.48" lane="3/2to2/2_0" slope="0.00"/>
        <vehicle id="12" x="207.45" y="598.35" angle="97.86" type="DEFAULT_VEHTYPE" speed="13.84" pos="2.70" lane="1/3to2/3_0" slope="0.00"/>
        <vehicle id="15" x="130.25" y="201.65" angle="-90.00" type="DEFAULT_VEHTYPE" speed="13.88" pos="65.00" lane="1/1to0/1_0" slope="0.00"/>
        <vehicle id="19" x="308.53" y="401.65" angle="-90.00" type="DEFAULT_VEHTYPE" speed="12.83" pos="86.72" lane="2/2to1/2_0" slope="0.00"/>
        <vehicle id="2" x="401.65" y="193.16" angle="180.00" type="DEFAULT_VEHTYPE" speed="13.27" pos="193.16" lane="2/0to2/1_0" slope="0.00"/>
        <vehicle id="20" x="188.74" y="198.35" angle="90.00" type="DEFAULT_VEHTYPE" speed="4.70" pos="188.74" lane="0/1to1/1_0" slope="0.00"/>
        <vehicle id="23" x="401.65" y="760.74" angle="180.00" type="DEFAULT_VEHTYPE" speed="12.79" pos="155.99" lane="2/3to2/4_0" slope="0.00"/>
        <vehicle id="24" x="398.35" y="591.83" angle="0.00" type="DEFAULT_VEHTYPE" speed="13.02" pos="3.42" lane="2/3to2/2_0" slope="0.00"/>
        <vehicle id="4" x="323.05" y="201.65" angle="-90.00" type="DEFAULT_VEHTYPE" speed="13.62" pos="72.20" lane="2/1to1/1_0" slope="0.00"/>
        <vehicle id="5" x="201.65" y="519.74" angle="180.00" type="DEFAULT_VEHTYPE" speed="13.50" pos="114.99" lane="1/2to1/3_0" slope="0.00"/>
        <vehicle id="6" x="136.24" y="401.65" angle="-90.00" type="DEFAULT_VEHTYPE" speed="13.30" pos="59.01" lane="1/2to0/2_0" slope="0.00"/>
        <vehicle id="7" x="410.64" y="401.65" angle="-90.00" type="DEFAULT_VEHTYPE" speed="4.07" pos="184.61" lane="3/2to2/2_0" slope="0.00"/>
        <vehicle id="8" x="86.88" y="201.65" angle="-90.00" type="DEFAULT_VEHTYPE" speed="12.94" pos="108.37" lane="1/1to0/1_0" slope="0.00"/>
    </timestep>
    <timestep time="177.00">
        <vehicle id="0" x="201.65" y="578.62" angle="180.00" type="DEFAULT_VEHTYPE" speed="12.60" pos="173.87" lane="1/2to1/3_0" slope="0.00"/>
        <vehicle id="10" x="309.74" y="198.35" angle="90.00" type="DEFAULT_VEHTYPE" speed="13.46" pos="104.99" lane="1/1to2/1_0" slope="0.00"/>
        <vehicle id="11" x="527.86" y="401.65" angle="-90.00" type="DEFAULT_VEHTYPE" speed="12.92" pos="67.39" lane="3/2to2/2_0" slope="0.00"/>
        <vehicle id="12" x="220.80" y="598.35" angle="90.00" type="DEFAULT_VEHTYPE" speed="13.35" pos="16.05" lane="1/3to2/3_0" slope="0.00"/>
        <vehicle id="15" x="116.58" y="201.65" angle="-90.00" type="DEFAULT_VEHTYPE" speed="13.68" pos="78.67" lane="1/1to0/1_0" slope="0.00"/>
        <vehicle id="19" x="295.81" y="401.65" angle="-90.00" type="DEFAULT_VEHTYPE" speed="12.72" pos="99.44" lane="2/2to1/2_0" slope="0.00"/>
        <vehicle id="2" x="411.52" y="198.35" angle="90.00" type="DEFAULT_VEHTYPE" speed="13.86" pos="6.77" lane="2/1to3/1_0" slope="0.00"/>
        <vehicle id="20" x="194.74" y="198.35" angle="90.00" type="DEFAULT_VEHTYPE" speed="6.00" pos="194.74" lane="0/1to1/1_0" slope="0.00"/>
        <vehicle id="23" x="401.65" y="773.62" angle="180.00" type="DEFAULT_VEHTYPE" speed="12.88" pos="168.87" lane="2/3to2/4_0" slope="0.00"/>
        <vehicle id="24" x="398.35" y="578.48" angle="0.00" type="DEFAULT_VEHTYPE" speed="13.35" pos="16.77" lane="2/3to2/2_0" slope="0.00"/>
        <vehicle id="4" x="309.54" y="201.65" angle="-90.00" type="DEFAULT_VEHTYPE" speed="13.51" pos="85.71" lane="2/1to1/1_0" slope="0.00"/>
        <vehicle id="5" x="201.65" y="532.93" angle="180.00" type="DEFAULT_VEHTYPE" speed="13.19" pos="128.18" lane="1/2to1/3_0" slope="0.00"/>
        <vehicle id="6" x="123.56" y="401.65" angle="-90.00" type="DEFAULT_VEHTYPE" speed="12.68" pos="71.69" lane="1/2to0/2_0" slope="0.00"/>
        <vehicle id="7" x="405.17" y="401.65" angle="-90.00" type="DEFAULT_VEHTYPE" speed="5.47" pos="190.08" lane="3/2to2/2_0" slope="0.00"/>
        <vehicle id="8" x="74.09" y="201.65" angle="-90.00" type="DEFAULT_VEHTYPE" speed="12.79" pos="121.16" lane="1/1to0/1_0" slope="0.00"/>
    </timestep>
    <timestep time="178.00">
        <vehicle id="0" x="201.65" y="592.14" angle="180.00" type="DEFAULT_VEHTYPE" speed="13.52" pos="187.39" lane="1/2to1/3_0" slope="0.00"/>
        <vehicle id="10" x="323.10" y="198.35" angle="90.00" type="DEFAULT_VEHTYPE" speed="13.36" pos="118.35" lane="1/1to2/1_0" slope="0.00"/>
        <vehicle id="11" x="514.43" y="401.65" angle="-90.00" type="DEFAULT_VEHTYPE" speed="13.43" pos="80.82" lane="3/2to2/2_0" slope="0.00"/>
        <vehicle id="12" x="234.40" y="598.35" angle="90.00" type="DEFAULT_VEHTYPE" speed="13.60" pos="29.65" lane="1/3to2/3_0" slope="0.00"/>
        <vehicle id="15" x="103.62" y="201.65" angle="-90.00" type="DEFAULT_VEHTYPE" speed="12.96" pos="91.63" lane="1/1to0/1_0" slope="0.00"/>
        <vehicle id="19" x="282.59" y="401.65" angle="-90.00" type="DEFAULT_VEHTYPE" speed="13.21" pos="112.66" lane="2/2to1/2_0" slope="0.00"/>
        <vehicle id="2" x="425.14" y="198.35" angle="90.00" type="DEFAULT_VEHTYPE" speed="13.62" pos="20.39" lane="2/1to3/1_0" slope="0.00"/>
        <vehicle id="20" x="198.35" y="192.16" angle="5.48" type="DEFAULT_VEHTYPE" speed="8.60" pos="3.09" lane="1/1to1/0_0" slope="0.00"/>
        <vehicle id="23" x="401.65" y="786.89" angle="180.00" type="DEFAULT_VEHTYPE" speed="13.27" pos="182.14" lane="2/3to2/4_0" slope="0.00"/>
        <vehicle id="24" x="398.35" y="564.99" angle="0.00" type="DEFAULT_VEHTYPE" speed="13.49" pos="30.26" lane="2/3to2/2_0" slope="0.00"/>
        <vehicle id="4" x="296.10" y="201.65" angle="-90.00" type="DEFAULT_VEHTYPE" speed="13.44" pos="99.15" lane="2/1to1/1_0" slope="0.00"/>
        <vehicle id="5" x="201.65" y="546.71" angle="180.00" type="DEFAULT_VEHTYPE" speed="13.78" pos="141.96" lane="1/2to1/3_0" slope="0.00"/>
        <vehicle id="6" x="110.37" y="401.65" angle="-90.00" type="DEFAULT_VEHTYPE" speed="13.20" pos="84.88" lane="1/2to0/2_0" slope="0.00"/>
        <vehicle id="7" x="397.50" y="401.65" angle="-90.00" type="DEFAULT_VEHTYPE" speed="7.66" pos="7.25" lane=":2/2_5_0" slope="0.00"/>
        <vehicle id="8" x="61.03" y="201.65" angle="-90.00" type="DEFAULT_VEHTYPE" speed="13.06" pos="134.22" lane="1/1to0/1_0" slope="0.00"/>
    </timestep>
    <timestep time="179.00">
        <vehicle id="0" x="209.97" y="598.35" angle="90.00" type="DEFAULT_VEHTYPE" speed="13.33" pos="5.22" lane="1/3to2/3_0" slope="0.00"/>
        <vehicle id="10" x="336.11" y="198.35" angle="90.00" type="DEFAULT_VEHTYPE" speed="13.01" pos="131.36" lane="1/1to2/1_0" slope="0.00"/>
        <vehicle id="11" x="501.24" y="401.65" angle="-90.00" type="DEFAULT_VEHTYPE" speed="13.19" pos="94.01" lane="3/2to2/2_0" slope="0.00"/>
        <vehicle id="12" x="247.96" y="598.35" angle="90.00" type="DEFAULT_VEHTYPE" speed="13.56" pos="43.21" lane="1/3to2/3_0" slope="0.00"/>
        <vehicle id="15" x="90.68" y="201.65" angle="-90.00" type="DEFAULT_VEHTYPE" speed="12.94" pos="104.57" lane="1/1to0/1_0" slope="0.00"/>
        <vehicle id="19" x="269.67" y="401.65" angle="-90.00" type="DEFAULT_VEHTYPE" speed="12.93" pos="125.58" lane="2/2to1/2_0" slope="0.00"/>
        <vehicle id="2" x="438.90" y="198.35" angle="90.00" type="DEFAULT_VEHTYPE" speed="13.75" pos="34.15" lane="2/1to3/1_0" slope="0.00"/>
        <vehicle id="20" x="198.35" y="181.29" angle="0.00" type="DEFAULT_VEHTYPE" speed="10.88" pos="13.96" lane="1/1to1/0_0" slope="0.00"/>
        <vehicle id="23" x="401.44" y="800.32" angle="-177.52" type="DEFAULT_VEHTYPE" speed="13.50" pos="0.39" lane=":2/4_0_0" slope="0.00"/>
        <vehicle id="24" x="398.35" y="551.76" angle="0.00" type="DEFAULT_VEHTYPE" speed="13.23" pos="43.49" lane="2/3to2/2_0" slope="0.00"/>
        <vehicle id="4" x="282.34" y="201.65" angle="-90.00" type="DEFAULT_VEHTYPE" speed="13.76" pos="112.91" lane="2/1to1/1_0" slope="0.00"/>
        <vehicle id="5" x="201.65" y="559.45" angle="180.00" type="DEFAULT_VEHTYPE" speed="12.74" pos="154.70" lane="1/2to1/3_0" slope="0.00"/>
        <vehicle id="6" x="96.88" y="401.65" angle="-90.00" type="DEFAULT_VEHTYPE" speed="13.49" pos="98.37" lane="1/2to0/2_0" slope="0.00"/>
        <vehicle id="7" x="388.15" y="401.65" angle="-90.00" type="DEFAULT_VEHTYPE" speed="9.36" pos="7.10" lane="2/2to1/2_0" slope="0.00"/>
        <vehicle id="8" x="47.84" y="201.65" angle="-90.00" type="DEFAULT_VEHTYPE" speed="13.19" pos="147.41" lane="1/1to0/1_0" slope="0.00"/>
    </timestep>
    <timestep time="180.00">
        <vehicle id="0" x="223.84" y="598.35" angle="90.00" type="DEFAULT_VEHTYPE" speed="13.87" pos="19.09" lane="1/3to2/3_0" slope="0.00"/>
        <vehicle id="10" x="348.96" y="198.35" angle="90.00" type="DEFAULT_VEHTYPE" speed="12.85" pos="144.21" lane="1/1to2/1_0" slope="0.00"/>
        <vehicle id="11" x="488.01" y="401.65" angle="-90.00" type="DEFAULT_VEHTYPE" speed="13.24" pos="107.24" lane="3/2to2/2_0" slope="0.00"/>
        <vehicle id="12" x="261.18" y="598.35" angle="90.00" type="DEFAULT_VEHTYPE" speed="13.22" pos="56.43" lane="1/3to2/3_0" slope="0.00"/>
        <vehicle id="15" x="77.05" y="201.65" angle="-90.00" type="DEFAULT_VEHTYPE" speed="13.63" pos="118.20" lane="1/1to0/1_0" slope="0.00"/>
        <vehicle id="19" x="256.24" y="401.65" angle="-90.00" type="DEFAULT_VEHTYPE" speed="13.43" pos="139.01" lane="2/2to1/2_0" slope="0.00"/>
        <vehicle id="2" x="452.50" y="198.35" angle="90.00" type="DEFAULT_VEHTYPE" speed="13.60" pos="47.75" lane="2/1to3/1_0" slope="0.00"/>
        <vehicle id="20" x="198.35" y="168.25" angle="0.00" type="DEFAULT_VEHTYPE" speed="13.03" pos="27.00" lane="1/1to1/0_0" slope="0.00"/>
        <vehicle id="23" x="398.35" y="791.10" angle="0.00" type="DEFAULT_VEHTYPE" speed="13.33" pos="8.90" lane="2/4to2/3_0" slope="0.00"/>
        <vehicle id="24" x="398.35" y="539.05" angle="0.00" type="DEFAULT_VEHTYPE" speed="12.72" pos="56.20" lane="2/3to2/2_0" slope="0.00"/>
        <vehicle id="4" x="269.07" y="201.65" angle="-90.00" type="DEFAULT_VEHTYPE" speed="13.27" pos="126.18" lane="2/1to1/1_0" slope="0.00"/>
        <vehicle id="5" x="201.65" y="573.13" angle="180.00" type="DEFAULT_VEHTYPE" speed="13.68" pos="168.38" lane="1/2to1/3_0" slope="0.00"/>
        <vehicle id="6" x="83.12" y="401.65" angle="-90.00" type="DEFAULT_VEHTYPE" speed="13.76" pos="112.13" lane="1/2to0/2_0" slope="0.00"/>
        <vehicle id="7" x="376.99" y="401.65" angle="-90.00" type="DEFAULT_VEHTYPE" speed="11.16" pos="18.26" lane="2/2to1/2_0" slope="0.00"/>
        <vehicle id="8" x="34.86" y="201.65" angle="-90.00" type="DEFAULT_VEHTYPE" speed="12.97" pos="160.39" lane="1/1to0/1_0" slope="0.00"/>
    </timestep>
    <timestep time="181.00">
        <vehicle id="0" x="237.73" y="598.35" angle="90.00" type="DEFAULT_VEHTYPE" speed="13.89" pos="32.98" lane="1/3to2/3_0" slope="0.00"/>
        <vehicle id="10" x="362.03" y="198.35" angle="90.00" type="DEFAULT_VEHTYPE" speed="13.07" pos="157.28" lane="1/1to2/1_0" slope="0.00"/>
        <vehicle id="11" x="474.13" y="401.65" angle="-90.00" type="DEFAULT_VEHTYPE" speed="13.88" pos="121.12" lane="3/2to2/2_0" slope="0.00"/>
        <vehicle id="12" x="274.90" y="598.35" angle="90.00" type="DEFAULT_VEHTYPE" speed="13.72" pos="70.15" lane="1/3to2/3_0" slope="0.00"/>
        <vehicle id="15" x="63.45" y="201.65" angle="-90.00" type="DEFAULT_VEHTYPE" speed="13.60" pos="131.80" lane="1/1to0/1_0" slope="0.00"/>
        <vehicle id="19" x="242.46" y="401.65" angle="-90.00" type="DEFAULT_VEHTYPE" speed="13.78" pos="152.79" lane="2/2to1/2_0" slope="0.00"/>
        <vehicle id="2" x="466.17" y="198.35" angle="90.00" type="DEFAULT_VEHTYPE" speed="13.68" pos="61.42" lane="2/1to3/1_0" slope="0.00"/>
        <vehicle id="20" x="198.35" y="154.96" angle="0.00" type="DEFAULT_VEHTYPE" speed="13.29" pos="40.29" lane="1/1to1/0_0" slope="0.00"/>
        <vehicle id="23" x="398.35" y="778.04" angle="0.00" type="DEFAULT_VEHTYPE" speed="13.06" pos="21.96" lane="2/4to2/3_0" slope="0.00"/>
        <vehicle id="24" x="398.35" y="525.43" angle="0.00" type="DEFAULT_VEHTYPE" speed="13.62" pos="69.82" lane="2/3to2/2_0" slope="0.00"/>
        <vehicle id="4" x="255.56" y="201.65" angle="-90.00" type="DEFAULT_VEHTYPE" speed="13.51" pos="139.69" lane="2/1to1/1_0" slope="0.00"/>
        <vehicle id="5" x="201.65" y="586.22" angle="180.00" type="DEFAULT_VEHTYPE" speed="13.10" pos="181.47" lane="1/2to1/3_0" slope="0.00"/>
        <vehicle id="6" x="69.29" y="401.65" angle="-90.00" type="DEFAULT_VEHTYPE" speed="13.83" pos="125.96" lane="1/2to0/2_0" slope="0.00"/>
        <vehicle id="7" x="363.98" y="401.65" angle="-90.00" type="DEFAULT_VEHTYPE" speed="13.01" pos="31.27" lane="2/2to1/2_0" slope="0.00"/>
        <vehicle id="8" x="22.01" y="201.65" angle="-90.00" type="DEFAULT_VEHTYPE" speed="12.86" pos="173.24" lane="1/1to0/1_0" slope="0.00"/>
    </timestep>
    <timestep time="182.00">
        <vehicle id="0" x="250.80" y="598.35" angle="90.00" type="DEFAULT_VEHTYPE" speed="13.07" pos="46.05" lane="1/3to2/3_0" slope="0.00"/>
        <vehicle id="10" x="374.35" y="198.35" angle="90.00" type="DEFAULT_VEHTYPE" speed="12.32" pos="169.60" lane="1/1to2/1_0" slope="0.00"/>
        <vehicle id="11" x="460.30" y="401.65" angle="-90.00" type="DEFAULT_VEHTYPE" speed="13.83" pos="134.95" lane="3/2to2/2_0" slope="0.00"/>
        <vehicle id="12" x="287.82" y="598.35" angle="90.00" type="DEFAULT_VEHTYPE" speed="12.92" pos="83.07" lane="1/3to2/3_0" slope="0.00"/>
        <vehicle id="15" x="50.80" y="201.65" angle="-90.00" type="DEFAULT_VEHTYPE" speed="12.64" pos="144.45" lane="1/1to0/1_0" slope="0.00"/>
        <vehicle id="19" x="229.24" y="401.65" angle="-90.00" type="DEFAULT_VEHTYPE" speed="13.22" pos="166.01" lane="2/2to1/2_0" slope="0.00"/>
        <vehicle id="2" x="479.66" y="198.35" angle="90.00" type="DEFAULT_VEHTYPE" speed="13.49" pos="74.91" lane="2/1to3/1_0" slope="0.00"/>
        <vehicle id="20" x="198.35" y="141.49" angle="0.00" type="DEFAULT_VEHTYPE" speed="13.48" pos="53.76" lane="1/1to1/0_0" slope="0.00"/>
        <vehicle id="23" x="398.35" y="765.32" angle="0.00" type="DEFAULT_VEHTYPE" speed="12.72" pos="34.68" lane="2/4to2/3_0" slope="0.00"/>
        <vehicle id="24" x="398.35" y="512.34" angle="0.00" type="DEFAULT_VEHTYPE" speed="13.09" pos="82.91" lane="2/3to2/2_0" slope="0.00"/>
        <vehicle id="4" x="242.23" y="201.65" angle="-90.00" type="DEFAULT_VEHTYPE" speed="13.33" pos="153.02" lane="2/1to1/1_0" slope="0.00"/>
        <vehicle id="5" x="203.87" y="598.23" angle="150.14" type="DEFAULT_VEHTYPE" speed="13.14" pos="4.11" lane=":1/3_8_0" slope="0.00"/>
        <vehicle id="6" x="56.68" y="401.65" angle="-90.00" type="DEFAULT_VEHTYPE" speed="12.61" pos="138.57" lane="1/2to0/2_0" slope="0.00"/>
        <vehicle id="7" x="350.80" y="401.65" angle="-90.00" type="DEFAULT_VEHTYPE" speed="13.18" pos="44.45" lane="2/2to1/2_0" slope="0.00"/>
        <vehicle id="8" x="8.33" y="201.65" angle="-90.00" type="DEFAULT_VEHTYPE" speed="13.68" pos="186.92" lane="1/1to0/1_0" slope="0.00"/>
    </timestep>
    <timestep time="183.00">
        <vehicle id="0" x="263.41" y="598.35" angle="90.00" type="DEFAULT_VEHTYPE" speed="12.61" pos="58.66" lane="1/3to2/3_0" slope="0.00"/>
        <vehicle id="10" x="382.35" y="198.35" angle="90.00" type="DEFAULT_VEHTYPE" speed="8.00" pos="177.60" lane="1/1to2/1_0" slope="0.00"/>
        <vehicle id="11" x="446.42" y="401.65" angle="-90.00" type="DEFAULT_VEHTYPE" speed="13.87" pos="148.83" lane="3/2to2/2_0" slope="0.00"/>
        <vehicle id="12" x="300.47" y="598.35" angle="90.00" type="DEFAULT_VEHTYPE" speed="12.65" pos="95.72" lane="1/3to2/3_0" slope="0.00"/>
        <vehicle id="15" x="36.92" y="201.65" angle="-90.00" type="DEFAULT_VEHTYPE" speed="13.89" pos="158.33" lane="1/1to0/1_0" slope="0.00"/>
        <vehicle id="19" x="220.22" y="401.65" angle="-90.00" type="DEFAULT_VEHTYPE" speed="9.02" pos="175.03" lane="2/2to1/2_0" slope="0.00"/>
        <vehicle id="2" x="492.54" y="198.35" angle="90.00" type="DEFAULT_VEHTYPE" speed="12.88" pos="87.79" lane="2/1to3/1_0" slope="0.00"/>
        <vehicle id="20" x="198.35" y="128.15" angle="0.00" type="DEFAULT_VEHTYPE" speed="13.34" pos="67.10" lane="1/1to1/0_0" slope="0.00"/>
        <vehicle id="23" x="398.35" y="752.17" angle="0.00" type="DEFAULT_VEHTYPE" speed="13.15" pos="47.83" lane="2/4to2/3_0" slope="0.00"/>
        <vehicle id="24" x="398.35" y="498.81" angle="0.00" type="DEFAULT_VEHTYPE" speed="13.53" pos="96.44" lane="2/3to2/2_0" slope="0.00"/>
        <vehicle id="4" x="228.49" y="201.65" angle="-90.00" type="DEFAULT_VEHTYPE" speed="13.74" pos="166.76" lane="2/1to1/1_0" slope="0.00"/>
        <vehicle id="5" x="217.56" y="598.35" angle="90.00" type="DEFAULT_VEHTYPE" speed="13.70" pos="12.81" lane="1/3to2/3_0" slope="0.00"/>
        <vehicle id="6" x="43.96" y="401.65" angle="-90.00" type="DEFAULT_VEHTYPE" speed="12.72" pos="151.29" lane="1/2to0/2_0" slope="0.00"/>
        <vehicle id="7" x="337.88" y="401.65" angle="-90.00" type="DEFAULT_VEHTYPE" speed="12.92" pos="57.37" lane="2/2to1/2_0" slope="0.00"/>
        <vehicle id="8" x="0.74" y="198.35" angle="22.12" type="DEFAULT_VEHTYPE" speed="13.89" pos="0.74" lane="0/1to1/1_0" slope="0.00"/>
    </timestep>
    <timestep time="184.00">
        <vehicle id="0" x="276.70" y="598.35" angle="90.00" type="DEFAULT_VEHTYPE" speed="13.29" pos="71.95" lane="1/3to2/3_0" slope="0.00"/>
        <vehicle id="10" x="387.42" y="198.35" angle="90.00" type="DEFAULT_VEHTYPE" speed="5.07" pos="182.67" lane="1/1to2/1_0" slope="0.00"/>
        <vehicle id="11" x="432.58" y="401.65" angle="-90.00" type="DEFAULT_VEHTYPE" speed="13.84" pos="162.67" lane="3/2to2/2_0" slope="0.00"/>
        <vehicle id="12" x="313.21" y="598.35" angle="90.00" type="DEFAULT_VEHTYPE" speed="12.74" pos="108.46" lane="1/3to2/3_0" slope="0.00"/>
        <vehicle id="15" x="23.60" y="201.65" angle="-90.00" type="DEFAULT_VEHTYPE" speed="13.31" pos="171.65" lane="1/1to0/1_0" slope="0.00"/>
        <vehicle id="19" x="214.05" y="401.65" angle="-90.00" type="DEFAULT_VEHTYPE" speed="6.17" pos="181.20" lane="2/2to1/2_0" slope="0.00"/>
        <vehicle id="2" x="506.27" y="198.35" angle="90.00" type="DEFAULT_VEHTYPE" speed="13.73" pos="101.52" lane="2/1to3/1_0" slope="0.00"/>
        <vehicle id="20" x="198.35" y="114.53" angle="0.00" type="DEFAULT_VEHTYPE" speed="13.62" pos="80.72" lane="1/1to1/0_0" slope="0.00"/>
        <vehicle id="23" x="398.35" y="739.51" angle="0.00" type="DEFAULT_VEHTYPE" speed="12.66" pos="60.49" lane="2/4to2/3_0" slope="0.00"/>
        <vehicle id="24" x="398.35" y="485.46" angle="0.00" type="DEFAULT_VEHTYPE" speed="13.35" pos="109.79" lane="2/3to2/2_0" slope="0.00"/>
        <vehicle id="4" x="219.25" y="201.65" angle="-90.00" type="DEFAULT_VEHTYPE" speed="9.24" pos="176.00" lane="2/1to1/1_0" slope="0.00"/>
        <vehicle id="5" x="231.07" y="598.35" angle="90.00" type="DEFAULT_VEHTYPE" speed="13.51" pos="26.32" lane="1/3to2/3_0" slope="0.00"/>
        <vehicle id="6" x="30.24" y="401.65" angle="-90.00" type="DEFAULT_VEHTYPE" speed="13.72" pos="165.01" lane="1/2to0/2_0" slope="0.00"/>
        <vehicle id="7" x="325.17" y="401.65" angle="-90.00" type="DEFAULT_VEHTYPE" speed="12.70" pos="70.08" lane="2/2to1/2_0" slope="0.00"/>
        <vehicle id="8" x="14.40" y="198.35" angle="90.00" type="DEFAULT_VEHTYPE" speed="13.66" pos="14.40" lane="0/1to1/1_0" slope="0.00"/>
    </timestep>
    <timestep time="185.00">
        <vehicle id="0" x="290.07" y="598.35" angle="90.00" type="DEFAULT_VEHTYPE" speed="13.37" pos="85.32" lane="1/3to2/3_0" slope="0.00"/>
        <vehicle id="10" x="390.84" y="198.35" angle="90.00" type="DEFAULT_VEHTYPE" speed="3.41" pos="186.09" lane="1/1to2/1_0" slope="0.00"/>
        <vehicle id="11" x="422.39" y="401.65" angle="-90.00" type="DEFAULT_VEHTYPE" speed="10.19" pos="172.86" lane="3/2to2/2_0" slope="0.00"/>
        <vehicle id="12" x="326.40" y="598.35" angle="90.00" type="DEFAULT_VEHTYPE" speed="13.18" pos="121.65" lane="1/3to2/3_0" slope="0.00"/>
        <vehicle id="15" x="9.92" y="201.65" angle="-90.00" type="DEFAULT_VEHTYPE" speed="13.68" pos="185.33" lane="1/1to0/1_0" slope="0.00"/>
        <vehicle id="19" x="210.34" y="401.65" angle="-90.00" type="DEFAULT_VEHTYPE" speed="3.71" pos="184.91" lane="2/2to1/2_0" slope="0.00"/>
        <vehicle id="2" x="519.29" y="198.35" angle="90.00" type="DEFAULT_VEHTYPE" speed="13.02" pos="114.54" lane="2/1to3/1_0" slope="0.00"/>
        <vehicle id="20" x="198.35" y="100.69" angle="0.00" type="DEFAULT_VEHTYPE" speed="13.84" pos="94.56" lane="1/1to1/0_0" slope="0.00"/>
        <vehicle id="23" x="398.35" y="726.03" angle="0.00" type="DEFAULT_VEHTYPE" speed="13.48" pos="73.97" lane="2/4to2/3_0" slope="0.00"/>
        <vehicle id="24" x="398.35" y="471.93" angle="0.00" type="DEFAULT_VEHTYPE" speed="13.53" pos="123.32" lane="2/3to2/2_0" slope="0.00"/>
        <vehicle id="4" x="213.37" y="201.65" angle="-90.00" type="DEFAULT_VEHTYPE" speed="5.89" pos="181.88" lane="2/1to1/1_0" slope="0.00"/>
        <vehicle id="5" x="243.99" y="598.35" angle="90.00" type="DEFAULT_VEHTYPE" speed="12.91" pos="39.24" lane="1/3to2/3_0" slope="0.00"/>
        <vehicle id="6" x="16.57" y="401.65" angle="-90.00" type="DEFAULT_VEHTYPE" speed="13.67" pos="178.68" lane="1/2to0/2_0" slope="0.00"/>
        <vehicle id="7" x="311.52" y="401.65" angle="-90.00" type="DEFAULT_VEHTYPE" speed="13.66" pos="83.73" lane="2/2to1/2_0" slope="0.00"/>
        <vehicle id="8" x="28.03" y="198.35" angle="90.00" type="DEFAULT_VEHTYPE" speed="13.63" pos="28.03" lane="0/1to1/1_0" slope="0.00"/>
    </timestep>
    <timestep time="186.00">
        <vehicle id="0" x="303.82" y="598.35" angle="90.00" type="DEFAULT_VEHTYPE" speed="13.75" pos="99.07" lane="1/3to2/3_0" slope="0.00"/>
        <vehicle id="10" x="395.94" y="198.35" angle="90.00" type="DEFAULT_VEHTYPE" speed="5.10" pos="0.69" lane=":2/1_13_0" slope="0.00"/>
        <vehicle id="11" x="414.81" y="401.65" angle="-90.00" type="DEFAULT_VEHTYPE" speed="7.58" pos="180.44" lane="3/2to2/2_0" slope="0.00"/>
        <vehicle id="12" x="340.28" y="598.35" angle="90.00" type="DEFAULT_VEHTYPE" speed="13.88" pos="135.53" lane="1/3to2/3_0" slope="0.00"/>
        <vehicle id="15" x="-1.35" y="199.40" angle="-55.51" type="DEFAULT_VEHTYPE" speed="13.00" pos="3.08" lane=":0/1_0_0" slope="0.00"/>
        <vehicle id="19" x="205.06" y="401.65" angle="-90.00" type="DEFAULT_VEHTYPE" speed="5.29" pos="190.19" lane="2/2to1/2_0" slope="0.00"/>
        <vehicle id="2" x="532.10" y="198.35" angle="90.00" type="DEFAULT_VEHTYPE" speed="12.81" pos="127.35" lane="2/1to3/1_0" slope="0.00"/>
        <vehicle id="20" x="198.35" y="87.84" angle="0.00" type="DEFAULT_VEHTYPE" speed="12.84" pos="107.41" lane="1/1to1/0_0" slope="0.00"/>
        <vehicle id="23" x="398.35" y="713.16" angle="0.00" type="DEFAULT_VEHTYPE" speed="12.87" pos="86.84" lane="2/4to2/3_0" slope="0.00"/>
        <vehicle id="24" x="398.35" y="458.23" angle="0.00" type="DEFAULT_VEHTYPE" speed="13.69" pos="137.02" lane="2/3to2/2_0" slope="0.00"/>
        <vehicle id="4" x="210.01" y="201.65" angle="-90.00" type="DEFAULT_VEHTYPE" speed="3.36" pos="185.24" lane="2/1to1/1_0" slope="0.00"/>
        <vehicle id="5" x="257.03" y="598.35" angle="90.00" type="DEFAULT_VEHTYPE" speed="13.04" pos="52.28" lane="1/3to2/3_0" slope="0.00"/>
        <vehicle id="6" x="2.73" y="401.65" angle="-90.00" type="DEFAULT_VEHTYPE" speed="13.84" pos="192.52" lane="1/2to0/2_0" slope="0.00"/>
        <vehicle id="7" x="298.27" y="401.65" angle="-90.00" type="DEFAULT_VEHTYPE" speed="13.25" pos="96.98" lane="2/2to1/2_0" slope="0.00"/>
        <vehicle id="8" x="41.70" y="198.35" angle="90.00" type="DEFAULT_VEHTYPE" speed="13.66" pos="41.70" lane="0/1to1/1_0" slope="0.00"/>
    </timestep>
    <timestep time="187.00">
        <vehicle id="0" x="317.49" y="598.35" angle="90.00" type="DEFAULT_VEHTYPE" speed="13.68" pos="112.74" lane="1/3to2/3_0" slope="0.00"/>
        <vehicle id="10" x="403.62" y="198.35" angle="90.00" type="DEFAULT_VEHTYPE" speed="7.68" pos="8.37" lane=":2/1_13_0" slope="0.00"/>
        <vehicle id="11" x="410.70" y="401.65" angle="-90.00" type="DEFAULT_VEHTYPE" speed="4.11" pos="184.55" lane="3/2to2/2_0" slope="0.00"/>
        <vehicle id="12" x="353.30" y="598.35" angle="90.00" type="DEFAULT_VEHTYPE" speed="13.02" pos="148.55" lane="1/3to2/3_0" slope="0.00"/>
        <vehicle id="15" x="11.39" y="198.35" angle="90.00" type="DEFAULT_VEHTYPE" speed="13.13" pos="11.39" lane="0/1to1/1_0" slope="0.00"/>
        <vehicle id="19" x="198.45" y="401.65" angle="-90.00" type="DEFAULT_VEHTYPE" speed="6.60" pos="6.30" lane=":1/2_5_0" slope="0.00"/>
        <vehicle id="2" x="545.50" y="198.35" angle="90.00" type="DEFAULT_VEHTYPE" speed="13.41" pos="140.75" lane="2/1to3/1_0" slope="0.00"/>
        <vehicle id="20" x="198.35" y="75.14" angle="0.00" type="DEFAULT_VEHTYPE" speed="12.70" pos="120.11" lane="1/1to1/0_0" slope="0.00"/>
        <vehicle id="23" x="398.35" y="699.74" angle="0.00" type="DEFAULT_VEHTYPE" speed="13.42" pos="100.26" lane="2/4to2/3_0" slope="0.00"/>
        <vehicle id="24" x="398.35" y="445.47" angle="0.00" type="DEFAULT_VEHTYPE" speed="12.76" pos="149.78" lane="2/3to2/2_0" slope="0.00"/>
        <vehicle id="4" x="205.13" y="201.65" angle="-90.00" type="DEFAULT_VEHTYPE" speed="4.88" pos="190.12" lane="2/1to1/1_0" slope="0.00"/>
        <vehicle id="5" x="269.75" y="598.35" angle="90.00" type="DEFAULT_VEHTYPE" speed="12.72" pos="65.00" lane="1/3to2/3_0" slope="0.00"/>
        <vehicle id="6" x="5.29" y="398.35" angle="90.00" type="DEFAULT_VEHTYPE" speed="12.85" pos="5.29" lane="0/2to1/2_0" slope="0.00"/>
        <vehicle id="7" x="285.13" y="401.65" angle="-90.00" type="DEFAULT_VEHTYPE" speed="13.13" pos="110.12" lane="2/2to1/2_0" slope="0.00"/>
        <vehicle id="8" x="54.55" y="198.35" angle="90.00" type="DEFAULT_VEHTYPE" speed="12.85" pos="54.55" lane="0/1to1/1_0" slope="0.00"/>
    </timestep>
    <timestep time="188.00">
        <vehicle id="0" x="330.52" y="598.35" angle="90.00" type="DEFAULT_VEHTYPE" speed="13.03" pos="125.77" lane="1/3to2/3_0" slope="0.00"/>
        <vehicle id="10" x="413.24" y="198.35" angle="90.00" type="DEFAULT_VEHTYPE" speed="9.62" pos="8.49" lane="2/1to3/1_0" slope="0.00"/>
        <vehicle id="11" x="409.07" y="401.65" angle="-90.00" type="DEFAULT_VEHTYPE" speed="1.62" pos="186.18" lane="3/2to2/2_0" slope="0.00"/>
        <vehicle id="12" x="366.50" y="598.35" angle="90.00" type="DEFAULT_VEHTYPE" speed="13.20" pos="161.75" lane="1/3to2/3_0" slope="0.00"/>
        <vehicle id="15" x="24.54" y="198.35" angle="90.00" type="DEFAULT_VEHTYPE" speed="13.15" pos="24.54" lane="0/1to1/1_0" slope="0.00"/>
        <vehicle id="19" x="189.86" y="401.65" angle="-90.00" type="DEFAULT_VEHTYPE" speed="8.60" pos="5.39" lane="1/2to0/2_0" slope="0.00"/>
        <vehicle id="2" x="558.79" y="198.35" angle="90.00" type="DEFAULT_VEHTYPE" speed="13.29" pos="154.04" lane="2/1to3/1_0" slope="0.00"/>
        <vehicle id="20" x="198.35" y="62.38" angle="0.00" type="DEFAULT_VEHTYPE" speed="12.76" pos="132.87" lane="1/1to1/0_0" slope="0.00"/>
        <vehicle id="23" x="398.35" y="686.03" angle="0.00" type="DEFAULT_VEHTYPE" speed="13.71" pos="113.97" lane="2/4to2/3_0" slope="0.00"/>
        <vehicle id="24" x="398.35" y="431.58" angle="0.00" type="DEFAULT_VEHTYPE" speed="13.89" pos="163.67" lane="2/3to2/2_0" slope="0.00"/>
        <vehicle id="4" x="201.65" y="205.56" angle="-148.82" type="DEFAULT_VEHTYPE" speed="6.19" pos="0.81" lane="1/1to1/2_0" slope="0.00"/>
        <vehicle id="5" x="282.40" y="598.35" angle="90.00" type="DEFAULT_VEHTYPE" speed="12.65" pos="77.65" lane="1/3to2/3_0" slope="0.00"/>
        <vehicle id="6" x="19.18" y="398.35" angle="90.00" type="DEFAULT_VEHTYPE" speed="13.88" pos="19.18" lane="0/2to1/2_0" slope="0.00"/>
        <vehicle id="7" x="272.52" y="401.65" angle="-90.00" type="DEFAULT_VEHTYPE" speed="12.62" pos="122.73" lane="2/2to1/2_0" slope="0.00"/>
        <vehicle id="8" x="68.11" y="198.35" angle="90.00" type="DEFAULT_VEHTYPE" speed="13.56" pos="68.11" lane="0/1to1/1_0" slope="0.00"/>
    </timestep>
    <timestep time="189.00">
        <vehicle id="0" x="343.80" y="598.35" angle="90.00" type="DEFAULT_VEHTYPE" speed="13.28" pos="139.05" lane="1/3to2/3_0" slope="0.00"/>
        <vehicle id="10" x="425.18" y="198.35" angle="90.00" type="DEFAULT_VEHTYPE" speed="11.94" pos="20.43" lane="2/1to3/1_0" slope="0.00"/>
        <vehicle id="11" x="407.57" y="401.65" angle="-90.00" type="DEFAULT_VEHTYPE" speed="1.50" pos="187.68" lane="3/2to2/2_0" slope="0.00"/>
        <vehicle id="12" x="377.31" y="598.35" angle="90.00" type="DEFAULT_VEHTYPE" speed="10.81" pos="172.56" lane="1/3to2/3_0" slope="0.00"/>
        <vehicle id="15" x="37.88" y="198.35" angle="90.00" type="DEFAULT_VEHTYPE" speed="13.34" pos="37.88" lane="0/1to1/1_0" slope="0.00"/>
        <vehicle id="19" x="179.06" y="401.65" angle="-90.00" type="DEFAULT_VEHTYPE" speed="10.80" pos="16.19" lane="1/2to0/2_0" slope="0.00"/>
        <vehicle id="2" x="572.04" y="198.35" angle="90.00" type="DEFAULT_VEHTYPE" speed="13.25" pos="167.29" lane="2/1to3/1_0" slope="0.00"/>
        <vehicle id="20" x="198.35" y="49.24" angle="0.00" type="DEFAULT_VEHTYPE" speed="13.14" pos="146.01" lane="1/1to1/0_0" slope="0.00"/>
        <vehicle id="23" x="398.35" y="672.34" angle="0.00" type="DEFAULT_VEHTYPE" speed="13.69" pos="127.66" lane="2/4to2/3_0" slope="0.00"/>
        <vehicle id="24" x="398.35" y="418.91" angle="0.00" type="DEFAULT_VEHTYPE" speed="12.67" pos="176.34" lane="2/3to2/2_0" slope="0.00"/>
        <vehicle id="4" x="201.65" y="213.50" angle="180.00" type="DEFAULT_VEHTYPE" speed="7.94" pos="8.75" lane="1/1to1/2_0" slope="0.00"/>
        <vehicle id="5" x="295.82" y="598.35" angle="90.00" type="DEFAULT_VEHTYPE" speed="13.41" pos="91.07" lane="1/3to2/3_0" slope="0.00"/>
        <vehicle id="6" x="32.65" y="398.35" angle="90.00" type="DEFAULT_VEHTYPE" speed="13.47" pos="32.65" lane="0/2to1/2_0" slope="0.00"/>
        <vehicle id="7" x="258.83" y="401.65" angle="-90.00" type="DEFAULT_VEHTYPE" speed="13.68" pos="136.42" lane="2/2to1/2_0" slope="0.00"/>
        <vehicle id="8" x="81.35" y="198.35" angle="90.00" type="DEFAULT_VEHTYPE" speed="13.24" pos="81.35" lane="0/1to1/1_0" slope="0.00"/>
    </timestep>
    <timestep time="190.00">
        <vehicle id="0" x="356.92" y="598.35" angle="90.00" type="DEFAULT_VEHTYPE" speed="13.12" pos="152.17" lane="1/3to2/3_0" slope="0.00"/>
        <vehicle id="10" x="439.05" y="198.35" angle="90.00" type="DEFAULT_VEHTYPE" speed="13.87" pos="34.30" lane="2/1to3/1_0" slope="0.00"/>
        <vehicle id="11" x="407.32" y="401.65" angle="-90.00" type="DEFAULT_VEHTYPE" speed="0.25" pos="187.93" lane="3/2to2/2_0" slope="0.00"/>
        <vehicle id="12" x="384.23" y="598.35" angle="90.00" type="DEFAULT_VEHTYPE" speed="6.92" pos="179.48" lane="1/3to2/3_0" slope="0.00"/>
        <vehicle id="15" x="51.08" y="198.35" angle="90.00" type="DEFAULT_VEHTYPE" speed="13.20" pos="51.08" lane="0/1to1/1_0" slope="0.00"/>
        <vehicle id="19" x="165.71" y="401.65" angle="-90.00" type="DEFAULT_VEHTYPE" speed="13.35" pos="29.54" lane="1/2to0/2_0" slope="0.00"/>
        <vehicle id="2" x="581.01" y="198.35" angle="90.00" type="DEFAULT_VEHTYPE" speed="8.97" pos="176.26" lane="2/1to3/1_0" slope="0.00"/>
        <vehicle id="20" x="198.35" y="36.60" angle="0.00" type="DEFAULT_VEHTYPE" speed="12.65" pos="158.65" lane="1/1to1/0_0" slope="0.00"/>
        <vehicle id="23" x="398.35" y="658.48" angle="0.00" type="DEFAULT_VEHTYPE" speed="13.86" pos="141.52" lane="2/4to2/3_0" slope="0.00"/>
        <vehicle id="24" x="398.35" y="406.03" angle="0.00" type="DEFAULT_VEHTYPE" speed="12.88" pos="189.22" lane="2/3to2/2_0" slope="0.00"/>
        <vehicle id="4" x="201.65" y="223.65" angle="180.00" type="DEFAULT_VEHTYPE" speed="10.15" pos="18.90" lane="1/1to1/2_0" slope="0.00"/>
        <vehicle id="5" x="308.89" y="598.35" angle="90.00" type="DEFAULT_VEHTYPE" speed="13.08" pos="104.14" lane="1/3to2/3_0" slope="0.00"/>
        <vehicle id="6" x="45.55" y="398.35" angle="90.00" type="DEFAULT_VEHTYPE" speed="12.90" pos="45.55" lane="0/2to1/2_0" slope="0.00"/>
        <vehicle id="7" x="245.79" y="401.65" angle="-90.00" type="DEFAULT_VEHTYPE" speed="13.05" pos="149.46" lane="2/2to1/2_0" slope="0.00"/>
        <vehicle id="8" x="95.23" y="198.35" angle="90.00" type="DEFAULT_VEHTYPE" speed="13.88" pos="95.23" lane="0/1to1/1_0" slope="0.00"/>
    </timestep>
    <timestep time="191.00">
        <vehicle id="0" x="367.63" y="598.35" angle="90.00" type="DEFAULT_VEHTYPE" speed="10.71" pos="162.88" lane="1/3to2/3_0" slope="0.00"/>
        <vehicle id="10" x="451.76" y="198.35" angle="90.00" type="DEFAULT_VEHTYPE" speed="12.71" pos="47.01" lane="2/1to3/1_0" slope="0.00"/>
        <vehicle id="11" x="407.26" y="401.65" angle="-90.00" type="DEFAULT_VEHTYPE" speed="0.06" pos="187.99" lane="3/2to2/2_0" slope="0.00"/>
        <vehicle id="12" x="388.95" y="598.35" angle="90.00" type="DEFAULT_VEHTYPE" speed="4.72" pos="184.20" lane="1/3to2/3_0" slope="0.00"/>
        <vehicle id="15" x="64.19" y="198.35" angle="90.00" type="DEFAULT_VEHTYPE" speed="13.11" pos="64.19" lane="0/1to1/1_0" slope="0.00"/>
        <vehicle id="19" x="151.86" y="401.65" angle="-90.00" type="DEFAULT_VEHTYPE" speed="13.85" pos="43.39" lane="1/2to0/2_0" slope="0.00"/>
        <vehicle id="2" x="586.93" y="198.35" angle="90.00" type="DEFAULT_VEHTYPE" speed="5.93" pos="182.18" lane="2/1to3/1_0" slope="0.00"/>
        <vehicle id="20" x="198.35" y="23.11" angle="0.00" type="DEFAULT_VEHTYPE" speed="13.48" pos="172.14" lane="1/1to1/0_0" slope="0.00"/>
        <vehicle id="23" x="398.35" y="645.37" angle="0.00" type="DEFAULT_VEHTYPE" speed="13.11" pos="154.63" lane="2/4to2/3_0" slope="0.00"/>
        <vehicle id="24" x="388.45" y="401.65" angle="-90.00" type="DEFAULT_VEHTYPE" speed="13.08" pos="6.80" lane="2/2to1/2_0" slope="0.00"/>
        <vehicle id="4" x="201.65" y="235.43" angle="180.00" type="DEFAULT_VEHTYPE" speed="11.77" pos="30.68" lane="1/1to1/2_0" slope="0.00"/>
        <vehicle id="5" x="322.14" y="598.35" angle="90.00" type="DEFAULT_VEHTYPE" speed="13.25" pos="117.39" lane="1/3to2/3_0" slope="0.00"/>
        <vehicle id="6" x="58.96" y="398.35" angle="90.00" type="DEFAULT_VEHTYPE" speed="13.42" pos="58.96" lane="0/2to1/2_0" slope="0.00"/>
        <vehicle id="7" x="232.39" y="401.65" angle="-90.00" type="DEFAULT_VEHTYPE" speed="13.39" pos="162.86" lane="2/2to1/2_0" slope="0.00"/>
        <vehicle id="8" x="108.99" y="198.35" angle="90.00" type="DEFAULT_VEHTYPE" speed="13.76" pos="108.99" lane="0/1to1/1_0" slope="0.00"/>
    </timestep>
    <timestep time="192.00">
        <vehicle id="0" x="375.56" y="598.35" angle="90.00" type="DEFAULT_VEHTYPE" speed="7.93" pos="170.81" lane="1/3to2/3_0" slope="0.00"/>
        <vehicle id="10" x="465.20" y="198.35" angle="90.00" type="DEFAULT_VEHTYPE" speed="13.44" pos="60.45" lane="2/1to3/1_0" slope="0.00"/>
        <vehicle id="11" x="407.26" y="401.65" angle="-90.00" type="DEFAULT_VEHTYPE" speed="0.00" pos="187.99" lane="3/2to2/2_0" slope="0.00"/>
        <vehicle id="12" x="395.07" y="598.35" angle="90.00" type="DEFAULT_VEHTYPE" speed="6.12" pos="190.32" lane="1/3to2/3_0" slope="0.00"/>
        <vehicle id="15" x="77.92" y="198.35" angle="90.00" type="DEFAULT_VEHTYPE" speed="13.74" pos="77.92" lane="0/1to1/1_0" slope="0.00"/>
        <vehicle id="19" x="138.07" y="401.65" angle="-90.00" type="DEFAULT_VEHTYPE" speed="13.79" pos="57.18" lane="1/2to0/2_0" slope="0.00"/>
        <vehicle id="2" x="590.02" y="198.35" angle="90.00" type="DEFAULT_VEHTYPE" speed="3.09" pos="185.27" lane="2/1to3/1_0" slope="0.00"/>
        <vehicle id="20" x="198.35" y="9.98" angle="0.00" type="DEFAULT_VEHTYPE" speed="13.13" pos="185.27" lane="1/1to1/0_0" slope="0.00"/>
        <vehicle id="23" x="398.35" y="631.85" angle="0.00" type="DEFAULT_VEHTYPE" speed="13.52" pos="168.15" lane="2/4to2/3_0" slope="0.00"/>
        <vehicle id="24" x="375.05" y="401.65" angle="-90.00" type="DEFAULT_VEHTYPE" speed="13.40" pos="20.20" lane="2/2to1/2_0" slope="0.00"/>
        <vehicle id="4" x="201.65" y="249.07" angle="180.00" type="DEFAULT_VEHTYPE" speed="13.65" pos="44.32" lane="1/1to1/2_0" slope="0.00"/>
        <vehicle id="5" x="335.27" y="598.35" angle="90.00" type="DEFAULT_VEHTYPE" speed="13.13" pos="130.52" lane="1/3to2/3_0" slope="0.00"/>
        <vehicle id="6" x="72.35" y="398.35" angle="90.00" type="DEFAULT_VEHTYPE" speed="13.39" pos="72.35" lane="0/2to1/2_0" slope="0.00"/>
        <vehicle id="7" x="221.35" y="401.65" angle="-90.00" type="DEFAULT_VEHTYPE" speed="11.04" pos="173.90" lane="2/2to1/2_0" slope="0.00"/>
        <vehicle id="8" x="122.43" y="198.35" angle="90.00" type="DEFAULT_VEHTYPE" speed="13.44" pos="122.43" lane="0/1to1/1_0" slope="0.00"/>
    </timestep>
    <timestep time="193.00">
        <vehicle id="0" x="383.19" y="598.35" angle="90.00" type="DEFAULT_VEHTYPE" speed="7.63" pos="178.44" lane="1/3to2/3_0" slope="0.00"/>
        <vehicle id="10" x="478.16" y="198.35" angle="90.00" type="DEFAULT_VEHTYPE" speed="12.96" pos="73.41" lane="2/1to3/1_0" slope="0.00"/>
        <vehicle id="11" x="405.71" y="401.65" angle="-90.00" type="DEFAULT_VEHTYPE" speed="1.55" pos="189.54" lane="3/2to2/2_0" slope="0.00"/>
        <vehicle id="12" x="401.39" y="602.92" angle="144.06" type="DEFAULT_VEHTYPE" speed="8.66" pos="8.48" lane=":2/3_14_0" slope="0.00"/>
        <vehicle id="15" x="91.41" y="198.35" angle="90.00" type="DEFAULT_VEHTYPE" speed="13.49" pos="91.41" lane="0/1to1/1_0" slope="0.00"/>
        <vehicle id="19" x="124.20" y="401.65" angle="-90.00" type="DEFAULT_VEHTYPE" speed="13.87" pos="71.05" lane="1/2to0/2_0" slope="0.00"/>
        <vehicle id="2" x="594.98" y="198.35" angle="90.00" type="DEFAULT_VEHTYPE" speed="4.95" pos="190.23" lane="2/1to3/1_0" slope="0.00"/>
        <vehicle id="20" x="200.21" y="-1.54" angle="25.57" type="DEFAULT_VEHTYPE" speed="12.63" pos="2.65" lane=":1/0_0_0" slope="0.00"/>
        <vehicle id="23" x="398.35" y="618.24" angle="0.00" type="DEFAULT_VEHTYPE" speed="13.61" pos="181.76" lane="2/4to2/3_0" slope="0.00"/>
        <vehicle id="24" x="362.25" y="401.65" angle="-90.00" type="DEFAULT_VEHTYPE" speed="12.80" pos="33.00" lane="2/2to1/2_0" slope="0.00"/>
        <vehicle id="4" x="201.65" y="261.85" angle="180.00" type="DEFAULT_VEHTYPE" speed="12.78" pos="57.10" lane="1/1to1/2_0" slope="0.00"/>
        <vehicle id="5" x="348.77" y="598.35" angle="90.00" type="DEFAULT_VEHTYPE" speed="13.50" pos="144.02" lane="1/3to2/3_0" slope="0.00"/>
        <vehicle id="6" x="85.73" y="398.35" angle="90.00" type="DEFAULT_VEHTYPE" speed="13.38" pos="85.73" lane="0/2to1/2_0" slope="0.00"/>
        <vehicle id="7" x="214.33" y="401.65" angle="-90.00" type="DEFAULT_VEHTYPE" speed="7.02" pos="180.92" lane="2/2to1/2_0" slope="0.00"/>
        <vehicle id="8" x="135.52" y="198.35" angle="90.00" type="DEFAULT_VEHTYPE" speed="13.09" pos="135.52" lane="0/1to1/1_0" slope="0.00"/>
    </timestep>
    <timestep time="194.00">
        <vehicle id="0" x="387.87" y="598.35" angle="90.00" type="DEFAULT_VEHTYPE" speed="4.69" pos="183.12" lane="1/3to2/3_0" slope="0.00"/>
        <vehicle id="10" x="491.25" y="198.35" angle="90.00" type="DEFAULT_VEHTYPE" speed="13.09" pos="86.50" lane="2/1to3/1_0" slope="0.00"/>
        <vehicle id="11" x="401.80" y="401.65" angle="-90.00" type="DEFAULT_VEHTYPE" speed="3.91" pos="2.95" lane=":2/2_5_0" slope="0.00"/>
        <vehicle id="12" x="401.65" y="614.15" angle="180.00" type="DEFAULT_VEHTYPE" speed="11.24" pos="9.40" lane="2/3to2/4_0" slope="0.00"/>
        <vehicle id="15" x="104.78" y="198.35" angle="90.00" type="DEFAULT_VEHTYPE" speed="13.37" pos="104.78" lane="0/1to1/1_0" slope="0.00"/>
        <vehicle id="19" x="110.57" y="401.65" angle="-90.00" type="DEFAULT_VEHTYPE" speed="13.63" pos="84.68" lane="1/2to0/2_0" slope="0.00"/>
        <vehicle id="2" x="600.62" y="200.90" angle="119.91" type="DEFAULT_VEHTYPE" speed="6.54" pos="6.26" lane=":3/1_14_0" slope="0.00"/>
        <vehicle id="20" x="201.65" y="11.23" angle="180.00" type="DEFAULT_VEHTYPE" speed="13.40" pos="11.23" lane="1/0to1/1_0" slope="0.00"/>
        <vehicle id="23" x="398.35" y="609.04" angle="0.00" type="DEFAULT_VEHTYPE" speed="9.21" pos="190.96" lane="2/4to2/3_0" slope="0.00"/>
        <vehicle id="24" x="349.63" y="401.65" angle="-90.00" type="DEFAULT_VEHTYPE" speed="12.62" pos="45.62" lane="2/2to1/2_0" slope="0.00"/>
        <vehicle id="4" x="201.65" y="275.73" angle="180.00" type="DEFAULT_VEHTYPE" speed="13.88" pos="70.98" lane="1/1to1/2_0" slope="0.00"/>
        <vehicle id="5" x="361.60" y="598.35" angle="90.00" type="DEFAULT_VEHTYPE" speed="12.83" pos="156.85" lane="1/3to2/3_0" slope="0.00"/>
        <vehicle id="6" x="99.28" y="398.35" angle="90.00" type="DEFAULT_VEHTYPE" speed="13.55" pos="99.28" lane="0/2to1/2_0" slope="0.00"/>
        <vehicle id="7" x="210.66" y="401.65" angle="-90.00" type="DEFAULT_VEHTYPE" speed="3.68" pos="184.59" lane="2/2to1/2_0" slope="0.00"/>
        <vehicle id="8" x="148.53" y="198.35" angle="90.00" type="DEFAULT_VEHTYPE" speed="13.01" pos="148.53" lane="0/1to1/1_0" slope="0.00"/>
    </timestep>
    <timestep time="195.00">
        <vehicle id="0" x="391.19" y="598.35" angle="90.00" type="DEFAULT_VEHTYPE" speed="3.31" pos="186.44" lane="1/3to2/3_0" slope="0.00"/>
        <vehicle id="10" x="503.91" y="198.35" angle="90.00" type="DEFAULT_VEHTYPE" speed="12.66" pos="99.16" lane="2/1to3/1_0" slope="0.00"/>
        <vehicle id="11" x="395.45" y="401.65" angle="-90.00" type="DEFAULT_VEHTYPE" speed="6.35" pos="9.30" lane=":2/2_5_0" slope="0.00"/>
        <vehicle id="12" x="401.65" y="627.29" angle="180.00" type="DEFAULT_VEHTYPE" speed="13.14" pos="22.54" lane="2/3to2/4_0" slope="0.00"/>
        <vehicle id="15" x="117.62" y="198.35" angle="90.00" type="DEFAULT_VEHTYPE" speed="12.84" pos="117.62" lane="0/1to1/1_0" slope="0.00"/>
        <vehicle id="19" x="96.72" y="401.65" angle="-90.00" type="DEFAULT_VEHTYPE" speed="13.85" pos="98.53" lane="1/2to0/2_0" slope="0.00"/>
        <vehicle id="2" x="601.65" y="209.29" angle="179.24" type="DEFAULT_VEHTYPE" speed="8.59" pos="4.54" lane="3/1to3/2_0" slope="0.00"/>
        <vehicle id="20" x="201.65" y="24.04" angle="180.00" type="DEFAULT_VEHTYPE" speed="12.81" pos="24.04" lane="1/0to1/1_0" slope="0.00"/>
        <vehicle id="23" x="398.35" y="598.32" angle="0.00" type="DEFAULT_VEHTYPE" speed="10.72" pos="6.43" lane=":2/3_1_0" slope="0.00"/>
        <vehicle id="24" x="335.76" y="401.65" angle="-90.00" type="DEFAULT_VEHTYPE" speed="13.87" pos="59.49" lane="2/2to1/2_0" slope="0.00"/>
        <vehicle id="4" x="201.65" y="288.83" angle="180.00" type="DEFAULT_VEHTYPE" speed="13.11" pos="84.08" lane="1/1to1/2_0" slope="0.00"/>
        <vehicle id="5" x="371.70" y="598.35" angle="90.00" type="DEFAULT_VEHTYPE" speed="10.10" pos="166.95" lane="1/3to2/3_0" slope="0.00"/>
        <vehicle id="6" x="111.91" y="398.35" angle="90.00" type="DEFAULT_VEHTYPE" speed="12.63" pos="111.91" lane="0/2to1/2_0" slope="0.00"/>
        <vehicle id="7" x="204.92" y="401.65" angle="-90.00" type="DEFAULT_VEHTYPE" speed="5.74" pos="190.33" lane="2/2to1/2_0" slope="0.00"/>
        <vehicle id="8" x="162.03" y="198.35" angle="90.00" type="DEFAULT_VEHTYPE" speed="13.50" pos="162.03" lane="0/1to1/1_0" slope="0.00"/>
    </timestep>
    <timestep time="196.00">
        <vehicle id="0" x="392.06" y="598.35" angle="90.00" type="DEFAULT_VEHTYPE" speed="0.87" pos="187.31" lane="1/3to2/3_0" slope="0.00"/>
        <vehicle id="10" x="517.40" y="198.35" angle="90.00" type="DEFAULT_VEHTYPE" speed="13.49" pos="112.65" lane="2/1to3/1_0" slope="0.00"/>
        <vehicle id="11" x="387.60" y="401.65" angle="-90.00" type="DEFAULT_VEHTYPE" speed="7.85" pos="7.65" lane="2/2to1/2_0" slope="0.00"/>
        <vehicle id="12" x="401.65" y="640.58" angle="180.00" type="DEFAULT_VEHTYPE" speed="13.29" pos="35.83" lane="2/3to2/4_0" slope="0.00"/>
        <vehicle id="15" x="131.36" y="198.35" angle="90.00" type="DEFAULT_VEHTYPE" speed="13.74" pos="131.36" lane="0/1to1/1_0" slope="0.00"/>
        <vehicle id="19" x="83.70" y="401.65" angle="-90.00" type="DEFAULT_VEHTYPE" speed="13.03" pos="111.55" lane="1/2to0/2_0" slope="0.00"/>
        <vehicle id="2" x="601.65" y="219.52" angle="180.00" type="DEFAULT_VEHTYPE" speed="10.24" pos="14.77" lane="3/1to3/2_0" slope="0.00"/>
        <vehicle id="20" x="201.65" y="37.12" angle="180.00" type="DEFAULT_VEHTYPE" speed="13.09" pos="37.12" lane="1/0to1/1_0" slope="0.00"/>
        <vehicle id="23" x="398.35" y="585.26" angle="0.00" type="DEFAULT_VEHTYPE" speed="13.05" pos="9.99" lane="2/3to2/2_0" slope="0.00"/>
        <vehicle id="24" x="323.11" y="401.65" angle="-90.00" type="DEFAULT_VEHTYPE" speed="12.65" pos="72.14" lane="2/2to1/2_0" slope="0.00"/>
        <vehicle id="4" x="201.65" y="301.82" angle="180.00" type="DEFAULT_VEHTYPE" speed="12.98" pos="97.07" lane="1/1to1/2_0" slope="0.00"/>
        <vehicle id="5" x="377.83" y="598.35" angle="90.00" type="DEFAULT_VEHTYPE" speed="6.14" pos="173.08" lane="1/3to2/3_0" slope="0.00"/>
        <vehicle id="6" x="125.49" y="398.35" angle="90.00" type="DEFAULT_VEHTYPE" speed="13.59" pos="125.49" lane="0/2to1/2_0" slope="0.00"/>
        <vehicle id="7" x="198.66" y="397.43" angle="-39.63" type="DEFAULT_VEHTYPE" speed="8.29" pos="8.12" lane=":1/2_6_0" slope="0.00"/>
        <vehicle id="8" x="174.20" y="198.35" angle="90.00" type="DEFAULT_VEHTYPE" speed="12.18" pos="174.20" lane="0/1to1/1_0" slope="0.00"/>
    </timestep>
    <timestep time="197.00">
        <vehicle id="0" x="395.42" y="598.37" angle="90.28" type="DEFAULT_VEHTYPE" speed="3.36" pos="0.17" lane=":2/3_14_0" slope="0.00"/>
        <vehicle id="10" x="530.10" y="198.35" angle="90.00" type="DEFAULT_VEHTYPE" speed="12.70" pos="125.35" lane="2/1to3/1_0" slope="0.00"/>
        <vehicle id="11" x="378.27" y="401.65" angle="-90.00" type="DEFAULT_VEHTYPE" speed="9.32" pos="16.98" lane="2/2to1/2_0" slope="0.00"/>
        <vehicle id="12" x="401.65" y="653.39" angle="180.00" type="DEFAULT_VEHTYPE" speed="12.81" pos="48.64" lane="2/3to2/4_0" slope="0.00"/>
        <vehicle id="15" x="144.13" y="198.35" angle="90.00" type="DEFAULT_VEHTYPE" speed="12.77" pos="144.13" lane="0/1to1/1_0" slope="0.00"/>
        <vehicle id="19" x="70.30" y="401.65" angle="-90.00" type="DEFAULT_VEHTYPE" speed="13.39" pos="124.95" lane="1/2to0/2_0" slope="0.00"/>
        <vehicle id="2" x="601.65" y="231.92" angle="180.00" type="DEFAULT_VEHTYPE" speed="12.39" pos="27.17" lane="3/1to3/2_0" slope="0.00"/>
        <vehicle id="20" x="201.65" y="50.45" angle="180.00" type="DEFAULT_VEHTYPE" speed="13.32" pos="50.45" lane="1/0to1/1_0" slope="0.00"/>
        <vehicle id="23" x="398.35" y="572.59" angle="0.00" type="DEFAULT_VEHTYPE" speed="12.68" pos="22.66" lane="2/3to2/2_0" slope="0.00"/>
        <vehicle id="24" x="310.02" y="401.65" angle="-90.00" type="DEFAULT_VEHTYPE" speed="13.09" pos="85.23" lane="2/2to1/2_0" slope="0.00"/>
        <vehicle id="4" x="201.65" y="315.33" angle="180.00" type="DEFAULT_VEHTYPE" speed="13.52" pos="110.58" lane="1/1to1/2_0" slope="0.00"/>
        <vehicle id="5" x="381.78" y="598.35" angle="90.00" type="DEFAULT_VEHTYPE" speed="3.95" pos="177.03" lane="1/3to2/3_0" slope="0.00"/>
        <vehicle id="6" x="138.23" y="398.35" angle="90.00" type="DEFAULT_VEHTYPE" speed="12.74" pos="138.23" lane="0/2to1/2_0" slope="0.00"/>
        <vehicle id="7" x="198.35" y="387.23" angle="0.00" type="DEFAULT_VEHTYPE" speed="10.22" pos="8.02" lane="1/2to1/1_0" slope="0.00"/>
        <vehicle id="8" x="183.31" y="198.35" angle="90.00" type="DEFAULT_VEHTYPE" speed="9.11" pos="183.31" lane="0/1to1/1_0" slope="0.00"/>
    </timestep>
    <timestep time="198.00">
        <vehicle id="0" x="400.00" y="599.92" angle="108.52" type="DEFAULT_VEHTYPE" speed="4.93" pos="5.11" lane=":2/3_14_0" slope="0.00"/>
        <vehicle id="10" x="543.31" y="198.35" angle="90.00" type="DEFAULT_VEHTYPE" speed="13.21" pos="138.56" lane="2/1to3/1_0" slope="0.00"/>
        <vehicle id="11" x="367.04" y="401.65" angle="-90.00" type="DEFAULT_VEHTYPE" speed="11.24" pos="28.21" lane="2/2to1/2_0" slope="0.00"/>
        <vehicle id="12" x="401.65" y="666.01" angle="180.00" type="DEFAULT_VEHTYPE" speed="12.62" pos="61.26" lane="2/3to2/4_0" slope="0.00"/>
        <vehicle id="15" x="157.55" y="198.35" angle="90.00" type="DEFAULT_VEHTYPE" speed="13.42" pos="157.55" lane="0/1to1/1_0" slope="0.00"/>
        <vehicle id="19" x="56.48" y="401.65" angle="-90.00" type="DEFAULT_VEHTYPE" speed="13.82" pos="138.77" lane="1/2to0/2_0" slope="0.00"/>
        <vehicle id="2" x="601.65" y="245.08" angle="180.00" type="DEFAULT_VEHTYPE" speed="13.17" pos="40.33" lane="3/1to3/2_0" slope="0.00"/>
        <vehicle id="20" x="201.65" y="64.17" angle="180.00" type="DEFAULT_VEHTYPE" speed="13.72" pos="64.17" lane="1/0to1/1_0" slope="0.00"/>
        <vehicle id="23" x="398.35" y="558.90" angle="0.00" type="DEFAULT_VEHTYPE" speed="13.68" pos="36.35" lane="2/3to2/2_0" slope="0.00"/>
        <vehicle id="24" x="297.02" y="401.65" angle="-90.00" type="DEFAULT_VEHTYPE" speed="13.00" pos="98.23" lane="2/2to1/2_0" slope="0.00"/>
        <vehicle id="4" x="201.65" y="328.25" angle="180.00" type="DEFAULT_VEHTYPE" speed="12.92" pos="123.50" lane="1/1to1/2_0" slope="0.00"/>
        <vehicle id="5" x="385.73" y="598.35" angle="90.00" type="DEFAULT_VEHTYPE" speed="3.95" pos="180.98" lane="1/3to2/3_0" slope="0.00"/>
        <vehicle id="6" x="151.15" y="398.35" angle="90.00" type="DEFAULT_VEHTYPE" speed="12.92" pos="151.15" lane="0/2to1/2_0" slope="0.00"/>
        <vehicle id="7" x="198.35" y="375.18" angle="0.00" type="DEFAULT_VEHTYPE" speed="12.05" pos="20.07" lane="1/2to1/1_0" slope="0.00"/>
        <vehicle id="8" x="188.27" y="198.35" angle="90.00" type="DEFAULT_VEHTYPE" speed="4.96" pos="188.27" lane="0/1to1/1_0" slope="0.00"/>
    </timestep>
    <timestep time="199.00">
        <vehicle id="0" x="401.65" y="605.80" angle="168.49" type="DEFAULT_VEHTYPE" speed="6.26" pos="1.05" lane="2/3to2/4_0" slope="0.00"/>
        <vehicle id="10" x="556.58" y="198.35" angle="90.00" type="DEFAULT_VEHTYPE" speed="13.27" pos="151.83" lane="2/1to3/1_0" slope="0.00"/>
        <vehicle id="11" x="353.21" y="401.65" angle="-90.00" type="DEFAULT_VEHTYPE" speed="13.83" pos="42.04" lane="2/2to1/2_0" slope="0.00"/>
        <vehicle id="12" x="401.65" y="679.34" angle="180.00" type="DEFAULT_VEHTYPE" speed="13.33" pos="74.59" lane="2/3to2/4_0" slope="0.00"/>
        <vehicle id="15" x="169.10" y="198.35" angle="90.00" type="DEFAULT_VEHTYPE" speed="11.55" pos="169.10" lane="0/1to1/1_0" slope="0.00"/>
        <vehicle id="19" x="43.73" y="401.65" angle="-90.00" type="DEFAULT_VEHTYPE" speed="12.76" pos="151.52" lane="1/2to0/2_0" slope="0.00"/>
        <vehicle id="2" x="601.65" y="258.97" angle="180.00" type="DEFAULT_VEHTYPE" speed="13.88" pos="54.22" lane="3/1to3/2_0" slope="0.00"/>
        <vehicle id="20" x="201.65" y="77.46" angle="180.00" type="DEFAULT_VEHTYPE" speed="13.29" pos="77.46" lane="1/0to1/1_0" slope="0.00"/>
        <vehicle id="23" x="398.35" y="546.20" angle="0.00" type="DEFAULT_VEHTYPE" speed="12.70" pos="49.05" lane="2/3to2/2_0" slope="0.00"/>
        <vehicle id="24" x="283.15" y="401.65" angle="-90.00" type="DEFAULT_VEHTYPE" speed="13.87" pos="112.10" lane="2/2to1/2_0" slope="0.00"/>
        <vehicle id="4" x="201.65" y="341.06" angle="180.00" type="DEFAULT_VEHTYPE" speed="12.81" pos="136.31" lane="1/1to1/2_0" slope="0.00"/>
        <vehicle id="5" x="390.00" y="598.35" angle="90.00" type="DEFAULT_VEHTYPE" speed="4.27" pos="185.25" lane="1/3to2/3_0" slope="0.00"/>
        <vehicle id="6" x="164.88" y="398.35" angle="90.00" type="DEFAULT_VEHTYPE" speed="13.73" pos="164.88" lane="0/2to1/2_0" slope="0.00"/>
        <vehicle id="7" x="198.35" y="361.71" angle="0.00" type="DEFAULT_VEHTYPE" speed="13.47" pos="33.54" lane="1/2to1/1_0" slope="0.00"/>
        <vehicle id="8" x="194.54" y="198.35" angle="90.00" type="DEFAULT_VEHTYPE" speed="6.27" pos="194.54" lane="0/1to1/1_0" slope="0.00"/>
    </timestep>
    <timestep time="200.00">
        <vehicle id="0" x="401.65" y="614.15" angle="180.00" type="DEFAULT_VEHTYPE" speed="8.36" pos="9.40" lane="2/3to2/4_0" slope="0.00"/>
        <vehicle id="10" x="569.59" y="198.35" angle="90.00" type="DEFAULT_VEHTYPE" speed="13.01" pos="164.84" lane="2/1to3/1_0" slope="0.00"/>
        <vehicle id="11" x="340.38" y="401.65" angle="-90.00" type="DEFAULT_VEHTYPE" speed="12.83" pos="54.87" lane="2/2to1/2_0" slope="0.00"/>
        <vehicle id="12" x="401.65" y="692.93" angle="180.00" type="DEFAULT_VEHTYPE" speed="13.59" pos="88.18" lane="2/3to2/4_0" slope="0.00"/>
        <vehicle id="15" x="179.09" y="198.35" angle="90.00" type="DEFAULT_VEHTYPE" speed="9.99" pos="179.09" lane="0/1to1/1_0" slope="0.00"/>
        <vehicle id="19" x="29.94" y="401.65" angle="-90.00" type="DEFAULT_VEHTYPE" speed="13.78" pos="165.31" lane="1/2to0/2_0" slope="0.00"/>
        <vehicle id="2" x="601.65" y="272.03" angle="180.00" type="DEFAULT_VEHTYPE" speed="13.06" pos="67.28" lane="3/1to3/2_0" slope="0.00"/>
        <vehicle id="20" x="201.65" y="90.39" angle="180.00" type="DEFAULT_VEHTYPE" speed="12.93" pos="90.39" lane="1/0to1/1_0" slope="0.00"/>
        <vehicle id="23" x="398.35" y="532.44" angle="0.00" type="DEFAULT_VEHTYPE" speed="13.77" pos="62.81" lane="2/3to2/2_0" slope="0.00"/>
        <vehicle id="24" x="269.95" y="401.65" angle="-90.00" type="DEFAULT_VEHTYPE" speed="13.20" pos="125.30" lane="2/2to1/2_0" slope="0.00"/>
        <vehicle id="4" x="201.65" y="354.76" angle="180.00" type="DEFAULT_VEHTYPE" speed="13.70" pos="150.01" lane="1/1to1/2_0" slope="0.00"/>
        <vehicle id="5" x="396.26" y="598.49" angle="91.66" type="DEFAULT_VEHTYPE" speed="6.27" pos="1.03" lane=":2/3_14_0" slope="0.00"/>
        <vehicle id="6" x="175.95" y="398.35" angle="90.00" type="DEFAULT_VEHTYPE" speed="11.07" pos="175.95" lane="0/2to1/2_0" slope="0.00"/>
        <vehicle id="7" x="198.35" y="347.96" angle="0.00" type="DEFAULT_VEHTYPE" speed="13.75" pos="47.29" lane="1/2to1/1_0" slope="0.00"/>
        <vehicle id="8" x="198.35" y="192.37" angle="6.75" type="DEFAULT_VEHTYPE" speed="8.59" pos="2.88" lane="1/1to1/0_0" slope="0.00"/>
    </timestep>
    <timestep time="201.00">
        <vehicle id="0" x="401.65" y="624.16" angle="180.00" type="DEFAULT_VEHTYPE" speed="10.01" pos="19.41" lane="2/3to2/4_0" slope="0.00"/>
        <vehicle id="10" x="579.04" y="198.35" angle="90.00" type="DEFAULT_VEHTYPE" speed="9.45" pos="174.29" lane="2/1to3/1_0" slope="0.00"/>
        <vehicle id="11" x="327.76" y="401.65" angle="-90.00" type="DEFAULT_VEHTYPE" speed="12.62" pos="67.49" lane="2/2to1/2_0" slope="0.00"/>
        <vehicle id="12" x="401.65" y="706.21" angle="180.00" type="DEFAULT_VEHTYPE" speed="13.28" pos="101.46" lane="2/3to2/4_0" slope="0.00"/>
        <vehicle id="15" x="185.77" y="198.35" angle="90.00" type="DEFAULT_VEHTYPE" speed="6.67" pos="185.77" lane="0/1to1/1_0" slope="0.00"/>
        <vehicle id="19" x="16.21" y="401.65" angle="-90.00" type="DEFAULT_VEHTYPE" speed="13.73" pos="179.04" lane="1/2to0/2_0" slope="0.00"/>
        <vehicle id="2" x="601.65" y="285.29" angle="180.00" type="DEFAULT_VEHTYPE" speed="13.26" pos="80.54" lane="3/1to3/2_0" slope="0.00"/>
        <vehicle id="20" x="201.65" y="103.28" angle="180.00" type="DEFAULT_VEHTYPE" speed="12.88" pos="103.28" lane="1/0to1/1_0" slope="0.00"/>
        <vehicle id="23" x="398.35" y="518.63" angle="0.00" type="DEFAULT_VEHTYPE" speed="13.81" pos="76.62" lane="2/3to2/2_0" slope="0.00"/>
        <vehicle id="24" x="256.90" y="401.65" angle="-90.00" type="DEFAULT_VEHTYPE" speed="13.05" pos="138.35" lane="2/2to1/2_0" slope="0.00"/>
        <vehicle id="4" x="201.65" y="367.80" angle="180.00" type="DEFAULT_VEHTYPE" speed="13.04" pos="163.05" lane="1/1to1/2_0" slope="0.00"/>
        <vehicle id="5" x="401.48" y="603.54" angle="150.50" type="DEFAULT_VEHTYPE" speed="8.07" pos="9.10" lane=":2/3_14_0" slope="0.00"/>
        <vehicle id="6" x="183.26" y="398.35" angle="90.00" type="DEFAULT_VEHTYPE" speed="7.31" pos="183.26" lane="0/2to1/2_0" slope="0.00"/>
        <vehicle id="7" x="198.35" y="334.95" angle="0.00" type="DEFAULT_VEHTYPE" speed="13.01" pos="60.30" lane="1/2to1/1_0" slope="0.00"/>
        <vehicle id="8" x="198.35" y="182.01" angle="0.00" type="DEFAULT_VEHTYPE" speed="10.36" pos="13.24" lane="1/1to1/0_0" slope="0.00"/>
    </timestep>
    <timestep time="202.00">
        <vehicle id="0" x="401.65" y="635.85" angle="180.00" type="DEFAULT_VEHTYPE" speed="11.69" pos="31.10" lane="2/3to2/4_0" slope="0.00"/>
        <vehicle id="10" x="585.36" y="198.35" angle="90.00" type="DEFAULT_VEHTYPE" speed="6.32" pos="180.61" lane="2/1to3/1_0" slope="0.00"/>
        <vehicle id="11" x="314.33" y="401.65" angle="-90.00" type="DEFAULT_VEHTYPE" speed="13.43" pos="80.92" lane="2/2to1/2_0" slope="0.00"/>
        <vehicle id="12" x="401.65" y="718.89" angle="180.00" type="DEFAULT_VEHTYPE" speed="12.68" pos="114.14" lane="2/3to2/4_0" slope="0.00"/>
        <vehicle id="15" x="189.91" y="198.35" angle="90.00" type="DEFAULT_VEHTYPE" speed="4.15" pos="189.91" lane="0/1to1/1_0" slope="0.00"/>
        <vehicle id="19" x="3.10" y="401.65" angle="-90.00" type="DEFAULT_VEHTYPE" speed="13.12" pos="192.15" lane="1/2to0/2_0" slope="0.00"/>
        <vehicle id="2" x="601.65" y="298.35" angle="180.00" type="DEFAULT_VEHTYPE" speed="13.06" pos="93.60" lane="3/1to3/2_0" slope="0.00"/>
        <vehicle id="20" x="201.65" y="116.60" angle="180.00" type="DEFAULT_VEHTYPE" speed="13.33" pos="116.60" lane="1/0to1/1_0" slope="0.00"/>
        <vehicle id="23" x="398.35" y="504.92" angle="0.00" type="DEFAULT_VEHTYPE" speed="13.71" pos="90.33" lane="2/3to2/2_0" slope="0.00"/>
        <vehicle id="24" x="243.43" y="401.65" angle="-90.00" type="DEFAULT_VEHTYPE" speed="13.47" pos="151.82" lane="2/2to1/2_0" slope="0.00"/>
        <vehicle id="4" x="201.65" y="381.38" angle="180.00" type="DEFAULT_VEHTYPE" speed="13.58" pos="176.63" lane="1/1to1/2_0" slope="0.00"/>
        <vehicle id="5" x="401.65" y="614.06" angle="180.00" type="DEFAULT_VEHTYPE" speed="10.54" pos="9.31" lane="2/3to2/4_0" slope="0.00"/>
        <vehicle id="6" x="188.82" y="398.35" angle="90.00" type="DEFAULT_VEHTYPE" speed="5.56" pos="188.82" lane="0/2to1/2_0" slope="0.00"/>
        <vehicle id="7" x="198.35" y="322.23" angle="0.00" type="DEFAULT_VEHTYPE" speed="12.72" pos="73.02" lane="1/2to1/1_0" slope="0.00"/>
        <vehicle id="8" x="198.35" y="169.95" angle="0.00" type="DEFAULT_VEHTYPE" speed="12.06" pos="25.30" lane="1/1to1/0_0" slope="0.00"/>
    </timestep>
    <timestep time="203.00">
        <vehicle id="0" x="401.65" y="649.07" angle="180.00" type="DEFAULT_VEHTYPE" speed="13.22" pos="44.32" lane="2/3to2/4_0" slope="0.00"/>
        <vehicle id="10" x="589.95" y="198.35" angle="90.00" type="DEFAULT_VEHTYPE" speed="4.60" pos="185.20" lane="2/1to3/1_0" slope="0.00"/>
        <vehicle id="11" x="301.66" y="401.65" angle="-90.00" type="DEFAULT_VEHTYPE" speed="12.67" pos="93.59" lane="2/2to1/2_0" slope="0.00"/>
        <vehicle id="12" x="401.65" y="732.25" angle="180.00" type="DEFAULT_VEHTYPE" speed="13.36" pos="127.50" lane="2/3to2/4_0" slope="0.00"/>
        <vehicle id="15" x="196.44" y="198.18" angle="88.10" type="DEFAULT_VEHTYPE" speed="6.53" pos="1.20" lane=":1/1_12_0" slope="0.00"/>
        <vehicle id="19" x="4.97" y="398.35" angle="89.81" type="DEFAULT_VEHTYPE" speed="12.89" pos="4.97" lane="0/2to1/2_0" slope="0.00"/>
        <vehicle id="2" x="601.65" y="311.45" angle="180.00" type="DEFAULT_VEHTYPE" speed="13.11" pos="106.70" lane="3/1to3/2_0" slope="0.00"/>
        <vehicle id="20" x="201.65" y="129.44" angle="180.00" type="DEFAULT_VEHTYPE" speed="12.84" pos="129.44" lane="1/0to1/1_0" slope="0.00"/>
        <vehicle id="23" x="398.35" y="492.09" angle="0.00" type="DEFAULT_VEHTYPE" speed="12.83" pos="103.16" lane="2/3to2/2_0" slope="0.00"/>
        <vehicle id="24" x="230.73" y="401.65" angle="-90.00" type="DEFAULT_VEHTYPE" speed="12.70" pos="164.52" lane="2/2to1/2_0" slope="0.00"/>
        <vehicle id="4" x="201.65" y="394.12" angle="180.00" type="DEFAULT_VEHTYPE" speed="12.74" pos="189.37" lane="1/1to1/2_0" slope="0.00"/>
        <vehicle id="5" x="401.65" y="626.33" angle="180.00" type="DEFAULT_VEHTYPE" speed="12.27" pos="21.58" lane="2/3to2/4_0" slope="0.00"/>
        <vehicle id="6" x="191.11" y="398.35" angle="90.00" type="DEFAULT_VEHTYPE" speed="2.29" pos="191.11" lane="0/2to1/2_0" slope="0.00"/>
        <vehicle id="7" x="198.35" y="308.35" angle="0.00" type="DEFAULT_VEHTYPE" speed="13.88" pos="86.90" lane="1/2to1/1_0" slope="0.00"/>
        <vehicle id="8" x="198.35" y="156.84" angle="0.00" type="DEFAULT_VEHTYPE" speed="13.11" pos="38.41" lane="1/1to1/0_0" slope="0.00"/>
    </timestep>
    <timestep time="204.00">
        <vehicle id="0" x="401.65" y="662.45" angle="180.00" type="DEFAULT_VEHTYPE" speed="13.38" pos="57.70" lane="2/3to2/4_0" slope="0.00"/>
        <vehicle id="10" x="596.03" y="198.35" angle="90.00" type="DEFAULT_VEHTYPE" speed="6.08" pos="0.78" lane=":3/1_13_0" slope="0.00"/>
        <vehicle id="11" x="288.33" y="401.65" angle="-90.00" type="DEFAULT_VEHTYPE" speed="13.33" pos="106.92" lane="2/2to1/2_0" slope="0.00"/>
        <vehicle id="12" x="401.65" y="745.18" angle="180.00" type="DEFAULT_VEHTYPE" speed="12.94" pos="140.43" lane="2/3to2/4_0" slope="0.00"/>
        <vehicle id="15" x="198.35" y="191.04" angle="1.25" type="DEFAULT_VEHTYPE" speed="8.02" pos="4.21" lane="1/1to1/0_0" slope="0.00"/>
        <vehicle id="19" x="18.11" y="398.35" angle="90.00" type="DEFAULT_VEHTYPE" speed="13.14" pos="18.11" lane="0/2to1/2_0" slope="0.00"/>
        <vehicle id="2" x="601.65" y="324.11" angle="180.00" type="DEFAULT_VEHTYPE" speed="12.65" pos="119.36" lane="3/1to3/2_0" slope="0.00"/>
        <vehicle id="20" x="201.65" y="143.03" angle="180.00" type="DEFAULT_VEHTYPE" speed="13.59" pos="143.03" lane="1/0to1/1_0" slope="0.00"/>
        <vehicle id="23" x="398.35" y="478.93" angle="0.00" type="DEFAULT_VEHTYPE" speed="13.16" pos="116.32" lane="2/3to2/2_0" slope="0.00"/>
        <vehicle id="24" x="220.02" y="401.65" angle="-90.00" type="DEFAULT_VEHTYPE" speed="10.70" pos="175.23" lane="2/2to1/2_0" slope="0.00"/>
        <vehicle id="4" x="201.65" y="407.52" angle="180.00" type="DEFAULT_VEHTYPE" speed="13.39" pos="2.77" lane="1/2to1/3_0" slope="0.00"/>
        <vehicle id="5" x="401.65" y="638.99" angle="180.00" type="DEFAULT_VEHTYPE" speed="12.66" pos="34.24" lane="2/3to2/4_0" slope="0.00"/>
        <vehicle id="6" x="192.14" y="398.35" angle="90.00" type="DEFAULT_VEHTYPE" speed="1.03" pos="192.14" lane="0/2to1/2_0" slope="0.00"/>
        <vehicle id="7" x="198.35" y="294.92" angle="0.00" type="DEFAULT_VEHTYPE" speed="13.42" pos="100.33" lane="1/2to1/1_0" slope="0.00"/>
        <vehicle id="8" x="198.35" y="143.95" angle="0.00" type="DEFAULT_VEHTYPE" speed="12.88" pos="51.30" lane="1/1to1/0_0" slope="0.00"/>
    </timestep>
    <timestep time="205.00">
        <vehicle id="0" x="401.65" y="675.88" angle="180.00" type="DEFAULT_VEHTYPE" speed="13.43" pos="71.13" lane="2/3to2/4_0" slope="0.00"/>
        <vehicle id="10" x="604.06" y="198.35" angle="90.00" type="DEFAULT_VEHTYPE" speed="8.03" pos="8.81" lane=":3/1_13_0" slope="0.00"/>
        <vehicle id="11" x="275.01" y="401.65" angle="-90.00" type="DEFAULT_VEHTYPE" speed="13.32" pos="120.24" lane="2/2to1/2_0" slope="0.00"/>
        <vehicle id="12" x="401.65" y="758.59" angle="180.00" type="DEFAULT_VEHTYPE" speed="13.41" pos="153.84" lane="2/3to2/4_0" slope="0.00"/>
        <vehicle id="15" x="198.35" y="180.53" angle="0.00" type="DEFAULT_VEHTYPE" speed="10.50" pos="14.72" lane="1/1to1/0_0" slope="0.00"/>
        <vehicle id="19" x="31.71" y="398.35" angle="90.00" type="DEFAULT_VEHTYPE" speed="13.60" pos="31.71" lane="0/2to1/2_0" slope="0.00"/>
        <vehicle id="2" x="601.65" y="337.11" angle="180.00" type="DEFAULT_VEHTYPE" speed="13.00" pos="132.36" lane="3/1to3/2_0" slope="0.00"/>
        <vehicle id="20" x="201.65" y="156.22" angle="180.00" type="DEFAULT_VEHTYPE" speed="13.19" pos="156.22" lane="1/0to1/1_0" slope="0.00"/>
        <vehicle id="23" x="398.35" y="465.16" angle="0.00" type="DEFAULT_VEHTYPE" speed="13.77" pos="130.09" lane="2/3to2/2_0" slope="0.00"/>
        <vehicle id="24" x="212.93" y="401.65" angle="-90.00" type="DEFAULT_VEHTYPE" speed="7.09" pos="182.32" lane="2/2to1/2_0" slope="0.00"/>
        <vehicle id="4" x="201.65" y="420.94" angle="180.00" type="DEFAULT_VEHTYPE" speed="13.43" pos="16.19" lane="1/2to1/3_0" slope="0.00"/>
        <vehicle id="5" x="401.65" y="652.38" angle="180.00" type="DEFAULT_VEHTYPE" speed="13.39" pos="47.63" lane="2/3to2/4_0" slope="0.00"/>
        <vehicle id="6" x="192.63" y="398.35" angle="90.00" type="DEFAULT_VEHTYPE" speed="0.49" pos="192.63" lane="0/2to1/2_0" slope="0.00"/>
        <vehicle id="7" x="198.35" y="281.18" angle="0.00" type="DEFAULT_VEHTYPE" speed="13.74" pos="114.07" lane="1/2to1/1_0" slope="0.00"/>
        <vehicle id="8" x="198.35" y="130.10" angle="0.00" type="DEFAULT_VEHTYPE" speed="13.85" pos="65.15" lane="1/1to1/0_0" slope="0.00"/>
    </timestep>
    <timestep time="206.00">
        <vehicle id="0" x="401.65" y="689.03" angle="180.00" type="DEFAULT_VEHTYPE" speed="13.15" pos="84.28" lane="2/3to2/4_0" slope="0.00"/>
        <vehicle id="10" x="613.78" y="198.35" angle="90.00" type="DEFAULT_VEHTYPE" speed="9.72" pos="9.03" lane="3/1to4/1_0" slope="0.00"/>
        <vehicle id="11" x="261.94" y="401.65" angle="-90.00" type="DEFAULT_VEHTYPE" speed="13.07" pos="133.31" lane="2/2to1/2_0" slope="0.00"/>
        <vehicle id="12" x="401.65" y="771.88" angle="180.00" type="DEFAULT_VEHTYPE" speed="13.28" pos="167.13" lane="2/3to2/4_0" slope="0.00"/>
        <vehicle id="15" x="198.35" y="167.90" angle="0.00" type="DEFAULT_VEHTYPE" speed="12.64" pos="27.35" lane="1/1to1/0_0" slope="0.00"/>
        <vehicle id="19" x="44.46" y="398.35" angle="90.00" type="DEFAULT_VEHTYPE" speed="12.75" pos="44.46" lane="0/2to1/2_0" slope="0.00"/>
        <vehicle id="2" x="601.65" y="350.53" angle="180.00" type="DEFAULT_VEHTYPE" speed="13.42" pos="145.78" lane="3/1to3/2_0" slope="0.00"/>
        <vehicle id="20" x="201.65" y="169.49" angle="180.00" type="DEFAULT_VEHTYPE" speed="13.27" pos="169.49" lane="1/0to1/1_0" slope="0.00"/>
        <vehicle id="23" x="398.35" y="451.73" angle="0.00" type="DEFAULT_VEHTYPE" speed="13.42" pos="143.52" lane="2/3to2/2_0" slope="0.00"/>
        <vehicle id="24" x="210.23" y="401.65" angle="-90.00" type="DEFAULT_VEHTYPE" speed="2.70" pos="185.02" lane="2/2to1/2_0" slope="0.00"/>
        <vehicle id="4" x="201.65" y="433.65" angle="180.00" type="DEFAULT_VEHTYPE" speed="12.71" pos="28.90" lane="1/2to1/3_0" slope="0.00"/>
        <vehicle id="5" x="401.65" y="665.07" angle="180.00" type="DEFAULT_VEHTYPE" speed="12.70" pos="60.32" lane="2/3to2/4_0" slope="0.00"/>
        <vehicle id="6" x="192.71" y="398.35" angle="90.00" type="DEFAULT_VEHTYPE" speed="0.09" pos="192.71" lane="0/2to1/2_0" slope="0.00"/>
        <vehicle id="7" x="198.35" y="268.11" angle="0.00" type="DEFAULT_VEHTYPE" speed="13.07" pos="127.14" lane="1/2to1/1_0" slope="0.00"/>
        <vehicle id="8" x="198.35" y="116.80" angle="0.00" type="DEFAULT_VEHTYPE" speed="13.30" pos="78.45" lane="1/1to1/0_0" slope="0.00"/>
    </timestep>
    <timestep time="207.00">
        <vehicle id="0" x="401.65" y="702.65" angle="180.00" type="DEFAULT_VEHTYPE" speed="13.62" pos="97.90" lane="2/3to2/4_0" slope="0.00"/>
        <vehicle id="10" x="625.98" y="198.35" angle="90.00" type="DEFAULT_VEHTYPE" speed="12.19" pos="21.23" lane="3/1to4/1_0" slope="0.00"/>
        <vehicle id="11" x="248.24" y="401.65" angle="-90.00" type="DEFAULT_VEHTYPE" speed="13.70" pos="147.01" lane="2/2to1/2_0" slope="0.00"/>
        <vehicle id="12" x="401.65" y="785.01" angle="180.00" type="DEFAULT_VEHTYPE" speed="13.14" pos="180.26" lane="2/3to2/4_0" slope="0.00"/>
        <vehicle id="15" x="198.35" y="154.66" angle="0.00" type="DEFAULT_VEHTYPE" speed="13.23" pos="40.59" lane="1/1to1/0_0" slope="0.00"/>
        <vehicle id="19" x="57.07" y="398.35" angle="90.00" type="DEFAULT_VEHTYPE" speed="12.61" pos="57.07" lane="0/2to1/2_0" slope="0.00"/>
        <vehicle id="2" x="601.65" y="363.28" angle="180.00" type="DEFAULT_VEHTYPE" speed="12.75" pos="158.53" lane="3/1to3/2_0" slope="0.00"/>
        <vehicle id="20" x="201.65" y="182.62" angle="180.00" type="DEFAULT_VEHTYPE" speed="13.13" pos="182.62" lane="1/0to1/1_0" slope="0.00"/>
        <vehicle id="23" x="398.35" y="438.64" angle="0.00" type="DEFAULT_VEHTYPE" speed="13.10" pos="156.61" lane="2/3to2/2_0" slope="0.00"/>
        <vehicle id="24" x="205.29" y="401.65" angle="-90.00" type="DEFAULT_VEHTYPE" speed="4.95" pos="189.96" lane="2/2to1/2_0" slope="0.00"/>
        <vehicle id="4" x="201.65" y="446.29" angle="180.00" type="DEFAULT_VEHTYPE" speed="12.64" pos="41.54" lane="1/2to1/3_0" slope="0.00"/>
        <vehicle id="5" x="401.65" y="678.23" angle="180.00" type="DEFAULT_VEHTYPE" speed="13.16" pos="73.48" lane="2/3to2/4_0" slope="0.00"/>
        <vehicle id="6" x="192.75" y="398.35" angle="90.00" type="DEFAULT_VEHTYPE" speed="0.04" pos="192.75" lane="0/2to1/2_0" slope="0.00"/>
        <vehicle id="7" x="198.35" y="254.84" angle="0.00" type="DEFAULT_VEHTYPE" speed="13.27" pos="140.41" lane="1/2to1/1_0" slope="0.00"/>
        <vehicle id="8" x="198.35" y="104.11" angle="0.00" type="DEFAULT_VEHTYPE" speed="12.69" pos="91.14" lane="1/1to1/0_0" slope="0.00"/>
    </timestep>
    <timestep time="208.00">
        <vehicle id="0" x="401.65" y="716.34" angle="180.00" type="DEFAULT_VEHTYPE" speed="13.69" pos="111.59" lane="2/3to2/4_0" slope="0.00"/>
        <vehicle id="10" x="639.23" y="198.35" angle="90.00" type="DEFAULT_VEHTYPE" speed="13.26" pos="34.48" lane="3/1to4/1_0" slope="0.00"/>
        <vehicle id="11" x="235.47" y="401.65" angle="-90.00" type="DEFAULT_VEHTYPE" speed="12.77" pos="159.78" lane="2/2to1/2_0" slope="0.00"/>
        <vehicle id="12" x="401.65" y="798.89" angle="180.00" type="DEFAULT_VEHTYPE" speed="13.88" pos="194.14" lane="2/3to2/4_0" slope="0.00"/>
        <vehicle id="15" x="198.35" y="141.19" angle="0.00" type="DEFAULT_VEHTYPE" speed="13.47" pos="54.06" lane="1/1to1/0_0" slope="0.00"/>
        <vehicle id="19" x="70.18" y="398.35" angle="90.00" type="DEFAULT_VEHTYPE" speed="13.11" pos="70.18" lane="0/2to1/2_0" slope="0.00"/>
        <vehicle id="2" x="601.65" y="376.92" angle="180.00" type="DEFAULT_VEHTYPE" speed="13.64" pos="172.17" lane="3/1to3/2_0" slope="0.00"/>
        <vehicle id="20" x="201.81" y="196.39" angle="178.18" type="DEFAULT_VEHTYPE" speed="13.78" pos="1.15" lane=":1/1_8_0" slope="0.00"/>
        <vehicle id="23" x="398.35" y="425.69" angle="0.00" type="DEFAULT_VEHTYPE" speed="12.95" pos="169.56" lane="2/3to2/2_0" slope="0.00"/>
        <vehicle id="24" x="198.78" y="401.65" angle="-90.00" type="DEFAULT_VEHTYPE" speed="6.51" pos="5.97" lane=":1/2_5_0" slope="0.00"/>
        <vehicle id="4" x="201.65" y="459.64" angle="180.00" type="DEFAULT_VEHTYPE" speed="13.35" pos="54.89" lane="1/2to1/3_0" slope="0.00"/>
        <vehicle id="5" x="401.65" y="691.20" angle="180.00" type="DEFAULT_VEHTYPE" speed="12.97" pos="86.45" lane="2/3to2/4_0" slope="0.00"/>
        <vehicle id="6" x="192.75" y="398.35" angle="90.00" type="DEFAULT_VEHTYPE" speed="0.00" pos="192.75" lane="0/2to1/2_0" slope="0.00"/>
        <vehicle id="7" x="198.35" y="241.62" angle="0.00" type="DEFAULT_VEHTYPE" speed="13.22" pos="153.63" lane="1/2to1/1_0" slope="0.00"/>
        <vehicle id="8" x="198.35" y="90.47" angle="0.00" type="DEFAULT_VEHTYPE" speed="13.64" pos="104.78" lane="1/1to1/0_0" slope="0.00"/>
    </timestep>
    <timestep time="209.00">
        <vehicle id="0" x="401.65" y="730.16" angle="180.00" type="DEFAULT_VEHTYPE" speed="13.82" pos="125.41" lane="2/3to2/4_0" slope="0.00"/>
        <vehicle id="10" x="652.92" y="198.35" angle="90.00" type="DEFAULT_VEHTYPE" speed="13.69" pos="48.17" lane="3/1to4/1_0" slope="0.00"/>
        <vehicle id="11" x="224.07" y="401.65" angle="-90.00" type="DEFAULT_VEHTYPE" speed="11.40" pos="171.18" lane="2/2to1/2_0" slope="0.00"/>
        <vehicle id="12" x="398.35" y="792.28" angle="0.00" type="DEFAULT_VEHTYPE" speed="13.65" pos="7.72" lane="2/4to2/3_0" slope="0.00"/>
        <vehicle id="15" x="198.35" y="128.16" angle="0.00" type="DEFAULT_VEHTYPE" speed="13.03" pos="67.09" lane="1/1to1/0_0" slope="0.00"/>
        <vehicle id="19" x="83.75" y="398.35" angle="90.00" type="DEFAULT_VEHTYPE" speed="13.56" pos="83.75" lane="0/2to1/2_0" slope="0.00"/>
        <vehicle id="2" x="601.65" y="390.61" angle="180.00" type="DEFAULT_VEHTYPE" speed="13.69" pos="185.86" lane="3/1to3/2_0" slope="0.00"/>
        <vehicle id="20" x="214.36" y="198.35" angle="90.00" type="DEFAULT_VEHTYPE" speed="13.46" pos="9.61" lane="1/1to2/1_0" slope="0.00"/>
        <vehicle id="23" x="398.35" y="412.89" angle="0.00" type="DEFAULT_VEHTYPE" speed="12.79" pos="182.36" lane="2/3to2/2_0" slope="0.00"/>
        <vehicle id="24" x="190.72" y="401.65" angle="-90.00" type="DEFAULT_VEHTYPE" speed="8.06" pos="4.53" lane="1/2to0/2_0" slope="0.00"/>
        <vehicle id="4" x="201.65" y="472.33" angle="180.00" type="DEFAULT_VEHTYPE" speed="12.69" pos="67.58" lane="1/2to1/3_0" slope="0.00"/>
        <vehicle id="5" x="401.65" y="704.10" angle="180.00" type="DEFAULT_VEHTYPE" speed="12.89" pos="99.35" lane="2/3to2/4_0" slope="0.00"/>
        <vehicle id="6" x="192.75" y="398.35" angle="90.00" type="DEFAULT_VEHTYPE" speed="0.00" pos="192.75" lane="0/2to1/2_0" slope="0.00"/>
        <vehicle id="7" x="198.35" y="228.76" angle="0.00" type="DEFAULT_VEHTYPE" speed="12.86" pos="166.49" lane="1/2to1/1_0" slope="0.00"/>
        <vehicle id="8" x="198.35" y="76.97" angle="0.00" type="DEFAULT_VEHTYPE" speed="13.50" pos="118.28" lane="1/1to1/0_0" slope="0.00"/>
    </timestep>
    <timestep time="210.00">
        <vehicle id="0" x="401.65" y="743.81" angle="180.00" type="DEFAULT_VEHTYPE" speed="13.65" pos="139.06" lane="2/3to2/4_0" slope="0.00"/>
        <vehicle id="10" x="665.96" y="198.35" angle="90.00" type="DEFAULT_VEHTYPE" speed="13.04" pos="61.21" lane="3/1to4/1_0" slope="0.00"/>
        <vehicle id="11" x="216.55" y="401.65" angle="-90.00" type="DEFAULT_VEHTYPE" speed="7.52" pos="178.70" lane="2/2to1/2_0" slope="0.00"/>
        <vehicle id="12" x="398.35" y="778.45" angle="0.00" type="DEFAULT_VEHTYPE" speed="13.83" pos="21.55" lane="2/4to2/3_0" slope="0.00"/>
        <vehicle id="15" x="198.35" y="115.24" angle="0.00" type="DEFAULT_VEHTYPE" speed="12.92" pos="80.01" lane="1/1to1/0_0" slope="0.00"/>
        <vehicle id="19" x="97.57" y="398.35" angle="90.00" type="DEFAULT_VEHTYPE" speed="13.82" pos="97.57" lane="0/2to1/2_0" slope="0.00"/>
        <vehicle id="2" x="601.65" y="403.42" angle="180.00" type="DEFAULT_VEHTYPE" speed="12.81" pos="8.17" lane=":3/2_9_0" slope="0.00"/>
        <vehicle id="20" x="227.32" y="198.35" angle="90.00" type="DEFAULT_VEHTYPE" speed="12.96" pos="22.57" lane="1/1to2/1_0" slope="0.00"/>
        <vehicle id="23" x="395.41" y="401.67" angle="-42.24" type="DEFAULT_VEHTYPE" speed="12.99" pos="4.84" lane=":2/2_0_0" slope="0.00"/>
        <vehicle id="24" x="180.63" y="401.65" angle="-90.00" type="DEFAULT_VEHTYPE" speed="10.09" pos="14.62" lane="1/2to0/2_0" slope="0.00"/>
        <vehicle id="4" x="201.65" y="485.38" angle="180.00" type="DEFAULT_VEHTYPE" speed="13.04" pos="80.63" lane="1/2to1/3_0" slope="0.00"/>
        <vehicle id="5" x="401.65" y="716.81" angle="180.00" type="DEFAULT_VEHTYPE" speed="12.71" pos="112.06" lane="2/3to2/4_0" slope="0.00"/>
        <vehicle id="6" x="194.83" y="398.35" angle="90.00" type="DEFAULT_VEHTYPE" speed="2.08" pos="194.83" lane="0/2to1/2_0" slope="0.00"/>
        <vehicle id="7" x="198.35" y="215.96" angle="0.00" type="DEFAULT_VEHTYPE" speed="12.81" pos="179.29" lane="1/2to1/1_0" slope="0.00"/>
        <vehicle id="8" x="198.35" y="64.04" angle="0.00" type="DEFAULT_VEHTYPE" speed="12.93" pos="131.21" lane="1/1to1/0_0" slope="0.00"/>
    </timestep>
    <timestep time="211.00">
        <vehicle id="0" x="401.65" y="756.78" angle="180.00" type="DEFAULT_VEHTYPE" speed="12.97" pos="152.03" lane="2/3to2/4_0" slope="0.00"/>
        <vehicle id="10" x="679.17" y="198.35" angle="90.00" type="DEFAULT_VEHTYPE" speed="13.22" pos="74.42" lane="3/1to4/1_0" slope="0.00"/>
        <vehicle id="11" x="211.18" y="401.65" angle="-90.00" type="DEFAULT_VEHTYPE" speed="5.37" pos="184.07" lane="2/2to1/2_0" slope="0.00"/>
        <vehicle id="12" x="398.35" y="764.74" angle="0.00" type="DEFAULT_VEHTYPE" speed="13.71" pos="35.26" lane="2/4to2/3_0" slope="0.00"/>
        <vehicle id="15" x="198.35" y="102.28" angle="0.00" type="DEFAULT_VEHTYPE" speed="12.96" pos="92.97" lane="1/1to1/0_0" slope="0.00"/>
        <vehicle id="19" x="111.23" y="398.35" angle="90.00" type="DEFAULT_VEHTYPE" speed="13.66" pos="111.23" lane="0/2to1/2_0" slope="0.00"/>
        <vehicle id="2" x="601.65" y="416.80" angle="180.00" type="DEFAULT_VEHTYPE" speed="13.39" pos="12.05" lane="3/2to3/3_0" slope="0.00"/>
        <vehicle id="20" x="239.96" y="198.35" angle="90.00" type="DEFAULT_VEHTYPE" speed="12.64" pos="35.21" lane="1/1to2/1_0" slope="0.00"/>
        <vehicle id="23" x="382.42" y="401.65" angle="-90.00" type="DEFAULT_VEHTYPE" speed="12.99" pos="12.83" lane="2/2to1/2_0" slope="0.00"/>
        <vehicle id="24" x="169.04" y="401.65" angle="-90.00" type="DEFAULT_VEHTYPE" speed="11.59" pos="26.21" lane="1/2to0/2_0" slope="0.00"/>
        <vehicle id="4" x="201.65" y="499.18" angle="180.00" type="DEFAULT_VEHTYPE" speed="13.80" pos="94.43" lane="1/2to1/3_0" slope="0.00"/>
        <vehicle id="5" x="401.65" y="729.51" angle="180.00" type="DEFAULT_VEHTYPE" speed="12.70" pos="124.76" lane="2/3to2/4_0" slope="0.00"/>
        <vehicle id="6" x="198.57" y="399.06" angle="98.26" type="DEFAULT_VEHTYPE" speed="3.85" pos="3.43" lane=":1/2_14_0" slope="0.00"/>
        <vehicle id="7" x="197.68" y="202.59" angle="-7.90" type="DEFAULT_VEHTYPE" speed="13.51" pos="2.30" lane=":1/1_0_0" slope="0.00"/>
        <vehicle id="8" x="198.35" y="51.03" angle="0.00" type="DEFAULT_VEHTYPE" speed="13.01" pos="144.22" lane="1/1to1/0_0" slope="0.00"/>
    </timestep>
    <timestep time="212.00">
        <vehicle id="0" x="401.65" y="769.44" angle="180.00" type="DEFAULT_VEHTYPE" speed="12.66" pos="164.69" lane="2/3to2/4_0" slope="0.00"/>
        <vehicle id="10" x="693.07" y="198.35" angle="90.00" type="DEFAULT_VEHTYPE" speed="13.90" pos="88.32" lane="3/1to4/1_0" slope="0.00"/>
        <vehicle id="11" x="203.55" y="401.48" angle="-88.03" type="DEFAULT_VEHTYPE" speed="7.65" pos="1.21" lane=":1/2_6_0" slope="0.00"/>
        <vehicle id="12" x="398.35" y="751.29" angle="0.00" type="DEFAULT_VEHTYPE" speed="13.45" pos="48.71" lane="2/4to2/3_0" slope="0.00"/>
        <vehicle id="15" x="198.35" y="89.62" angle="0.00" type="DEFAULT_VEHTYPE" speed="12.66" pos="105.63" lane="1/1to1/0_0" slope="0.00"/>
        <vehicle id="19" x="124.33" y="398.35" angle="90.00" type="DEFAULT_VEHTYPE" speed="13.10" pos="124.33" lane="0/2to1/2_0" slope="0.00"/>
        <vehicle id="2" x="601.65" y="429.82" angle="180.00" type="DEFAULT_VEHTYPE" speed="13.01" pos="25.07" lane="3/2to3/3_0" slope="0.00"/>
        <vehicle id="20" x="253.84" y="198.35" angle="90.00" type="DEFAULT_VEHTYPE" speed="13.88" pos="49.09" lane="1/1to2/1_0" slope="0.00"/>
        <vehicle id="23" x="368.69" y="401.65" angle="-90.00" type="DEFAULT_VEHTYPE" speed="13.73" pos="26.56" lane="2/2to1/2_0" slope="0.00"/>
        <vehicle id="24" x="156.26" y="401.65" angle="-90.00" type="DEFAULT_VEHTYPE" speed="12.78" pos="38.99" lane="1/2to0/2_0" slope="0.00"/>
        <vehicle id="4" x="201.65" y="512.91" angle="180.00" type="DEFAULT_VEHTYPE" speed="13.73" pos="108.16" lane="1/2to1/3_0" slope="0.00"/>
        <vehicle id="5" x="401.65" y="742.22" angle="180.00" type="DEFAULT_VEHTYPE" speed="12.71" pos="137.47" lane="2/3to2/4_0" slope="0.00"/>
        <vehicle id="6" x="201.57" y="404.18" angle="157.12" type="DEFAULT_VEHTYPE" speed="6.31" pos="9.75" lane=":1/2_14_0" slope="0.00"/>
        <vehicle id="7" x="184.32" y="201.65" angle="-90.00" type="DEFAULT_VEHTYPE" speed="13.63" pos="10.93" lane="1/1to0/1_0" slope="0.00"/>
        <vehicle id="8" x="198.35" y="37.71" angle="0.00" type="DEFAULT_VEHTYPE" speed="13.32" pos="157.54" lane="1/1to1/0_0" slope="0.00"/>
    </timestep>
    <timestep time="213.00">
        <vehicle id="0" x="401.65" y="782.95" angle="180.00" type="DEFAULT_VEHTYPE" speed="13.50" pos="178.20" lane="2/3to2/4_0" slope="0.00"/>
        <vehicle id="10" x="706.29" y="198.35" angle="90.00" type="DEFAULT_VEHTYPE" speed="13.22" pos="101.54" lane="3/1to4/1_0" slope="0.00"/>
        <vehicle id="11" x="198.35" y="394.38" angle="-12.58" type="DEFAULT_VEHTYPE" speed="9.98" pos="0.87" lane="1/2to1/1_0" slope="0.00"/>
        <vehicle id="12" x="398.35" y="737.77" angle="0.00" type="DEFAULT_VEHTYPE" speed="13.52" pos="62.23" lane="2/4to2/3_0" slope="0.00"/>
        <vehicle id="15" x="198.35" y="76.57" angle="0.00" type="DEFAULT_VEHTYPE" speed="13.05" pos="118.68" lane="1/1to1/0_0" slope="0.00"/>
        <vehicle id="19" x="137.81" y="398.35" angle="90.00" type="DEFAULT_VEHTYPE" speed="13.48" pos="137.81" lane="0/2to1/2_0" slope="0.00"/>
        <vehicle id="2" x="601.65" y="442.77" angle="180.00" type="DEFAULT_VEHTYPE" speed="12.96" pos="38.02" lane="3/2to3/3_0" slope="0.00"/>
        <vehicle id="20" x="267.53" y="198.35" angle="90.00" type="DEFAULT_VEHTYPE" speed="13.69" pos="62.78" lane="1/1to2/1_0" slope="0.00"/>
        <vehicle id="23" x="355.79" y="401.65" angle="-90.00" type="DEFAULT_VEHTYPE" speed="12.90" pos="39.46" lane="2/2to1/2_0" slope="0.00"/>
        <vehicle id="24" x="142.76" y="401.65" angle="-90.00" type="DEFAULT_VEHTYPE" speed="13.50" pos="52.49" lane="1/2to0/2_0" slope="0.00"/>
        <vehicle id="4" x="201.65" y="526.11" angle="180.00" type="DEFAULT_VEHTYPE" speed="13.20" pos="121.36" lane="1/2to1/3_0" slope="0.00"/>
        <vehicle id="5" x="401.65" y="755.44" angle="180.00" type="DEFAULT_VEHTYPE" speed="13.23" pos="150.69" lane="2/3to2/4_0" slope="0.00"/>
        <vehicle id="6" x="201.65" y="412.67" angle="180.00" type="DEFAULT_VEHTYPE" speed="8.49" pos="7.92" lane="1/2to1/3_0" slope="0.00"/>
        <vehicle id="7" x="170.45" y="201.65" angle="-90.00" type="DEFAULT_VEHTYPE" speed="13.86" pos="24.80" lane="1/1to0/1_0" slope="0.00"/>
        <vehicle id="8" x="198.35" y="24.77" angle="0.00" type="DEFAULT_VEHTYPE" speed="12.93" pos="170.48" lane="1/1to1/0_0" slope="0.00"/>
    </timestep>
    <timestep time="214.00">
        <vehicle id="0" x="401.65" y="796.35" angle="180.00" type="DEFAULT_VEHTYPE" speed="13.40" pos="191.60" lane="2/3to2/4_0" slope="0.00"/>
        <vehicle id="10" x="719.52" y="198.35" angle="90.00" type="DEFAULT_VEHTYPE" speed="13.23" pos="114.77" lane="3/1to4/1_0" slope="0.00"/>
        <vehicle id="11" x="198.35" y="382.83" angle="0.00" type="DEFAULT_VEHTYPE" speed="11.54" pos="12.42" lane="1/2to1/1_0" slope="0.00"/>
        <vehicle id="12" x="398.35" y="724.19" angle="0.00" type="DEFAULT_VEHTYPE" speed="13.58" pos="75.81" lane="2/4to2/3_0" slope="0.00"/>
        <vehicle id="15" x="198.35" y="62.92" angle="0.00" type="DEFAULT_VEHTYPE" speed="13.65" pos="132.33" lane="1/1to1/0_0" slope="0.00"/>
        <vehicle id="19" x="150.58" y="398.35" angle="90.00" type="DEFAULT_VEHTYPE" speed="12.76" pos="150.58" lane="0/2to1/2_0" slope="0.00"/>
        <vehicle id="2" x="601.65" y="455.45" angle="180.00" type="DEFAULT_VEHTYPE" speed="12.68" pos="50.70" lane="3/2to3/3_0" slope="0.00"/>
        <vehicle id="20" x="281.16" y="198.35" angle="90.00" type="DEFAULT_VEHTYPE" speed="13.64" pos="76.41" lane="1/1to2/1_0" slope="0.00"/>
        <vehicle id="23" x="343.09" y="401.65" angle="-90.00" type="DEFAULT_VEHTYPE" speed="12.70" pos="52.16" lane="2/2to1/2_0" slope="0.00"/>
        <vehicle id="24" x="129.84" y="401.65" angle="-90.00" type="DEFAULT_VEHTYPE" speed="12.92" pos="65.41" lane="1/2to0/2_0" slope="0.00"/>
        <vehicle id="4" x="201.65" y="538.76" angle="180.00" type="DEFAULT_VEHTYPE" speed="12.65" pos="134.01" lane="1/2to1/3_0" slope="0.00"/>
        <vehicle id="5" x="401.65" y="768.12" angle="180.00" type="DEFAULT_VEHTYPE" speed="12.68" pos="163.37" lane="2/3to2/4_0" slope="0.00"/>
        <vehicle id="6" x="201.65" y="423.07" angle="180.00" type="DEFAULT_VEHTYPE" speed="10.41" pos="18.32" lane="1/2to1/3_0" slope="0.00"/>
        <vehicle id="7" x="157.14" y="201.65" angle="-90.00" type="DEFAULT_VEHTYPE" speed="13.31" pos="38.11" lane="1/1to0/1_0" slope="0.00"/>
        <vehicle id="8" x="198.35" y="11.83" angle="0.00" type="DEFAULT_VEHTYPE" speed="12.94" pos="183.42" lane="1/1to1/0_0" slope="0.00"/>
    </timestep>
    <timestep time="215.00">
        <vehicle id="0" x="398.35" y="795.33" angle="-2.11" type="DEFAULT_VEHTYPE" speed="13.14" pos="4.67" lane="2/4to2/3_0" slope="0.00"/>
        <vehicle id="10" x="733.16" y="198.35" angle="90.00" type="DEFAULT_VEHTYPE" speed="13.63" pos="128.41" lane="3/1to4/1_0" slope="0.00"/>
        <vehicle id="11" x="198.35" y="369.47" angle="0.00" type="DEFAULT_VEHTYPE" speed="13.37" pos="25.78" lane="1/2to1/1_0" slope="0.00"/>
        <vehicle id="12" x="398.35" y="710.37" angle="0.00" type="DEFAULT_VEHTYPE" speed="13.82" pos="89.63" lane="2/4to2/3_0" slope="0.00"/>
        <vehicle id="15" x="198.35" y="49.92" angle="0.00" type="DEFAULT_VEHTYPE" speed="13.01" pos="145.33" lane="1/1to1/0_0" slope="0.00"/>
        <vehicle id="19" x="164.10" y="398.35" angle="90.00" type="DEFAULT_VEHTYPE" speed="13.52" pos="164.10" lane="0/2to1/2_0" slope="0.00"/>
        <vehicle id="2" x="601.65" y="469.22" angle="180.00" type="DEFAULT_VEHTYPE" speed="13.77" pos="64.47" lane="3/2to3/3_0" slope="0.00"/>
        <vehicle id="20" x="293.76" y="198.35" angle="90.00" type="DEFAULT_VEHTYPE" speed="12.60" pos="89.01" lane="1/1to2/1_0" slope="0.00"/>
        <vehicle id="23" x="329.24" y="401.65" angle="-90.00" type="DEFAULT_VEHTYPE" speed="13.85" pos="66.01" lane="2/2to1/2_0" slope="0.00"/>
        <vehicle id="24" x="116.11" y="401.65" angle="-90.00" type="DEFAULT_VEHTYPE" speed="13.73" pos="79.14" lane="1/2to0/2_0" slope="0.00"/>
        <vehicle id="4" x="201.65" y="552.01" angle="180.00" type="DEFAULT_VEHTYPE" speed="13.26" pos="147.26" lane="1/2to1/3_0" slope="0.00"/>
        <vehicle id="5" x="401.65" y="780.85" angle="180.00" type="DEFAULT_VEHTYPE" speed="12.72" pos="176.10" lane="2/3to2/4_0" slope="0.00"/>
        <vehicle id="6" x="201.65" y="435.87" angle="180.00" type="DEFAULT_VEHTYPE" speed="12.80" pos="31.12" lane="1/2to1/3_0" slope="0.00"/>
        <vehicle id="7" x="144.25" y="201.65" angle="-90.00" type="DEFAULT_VEHTYPE" speed="12.89" pos="51.00" lane="1/1to0/1_0" slope="0.00"/>
        <vehicle id="8" x="199.08" y="-1.10" angle="8.67" type="DEFAULT_VEHTYPE" speed="13.15" pos="1.32" lane=":1/0_0_0" slope="0.00"/>
    </timestep>
    <timestep time="216.00">
        <vehicle id="0" x="398.35" y="782.61" angle="0.00" type="DEFAULT_VEHTYPE" speed="12.72" pos="17.39" lane="2/4to2/3_0" slope="0.00"/>
        <vehicle id="10" x="746.33" y="198.35" angle="90.00" type="DEFAULT_VEHTYPE" speed="13.18" pos="141.58" lane="3/1to4/1_0" slope="0.00"/>
        <vehicle id="11" x="198.35" y="356.06" angle="0.00" type="DEFAULT_VEHTYPE" speed="13.40" pos="39.19" lane="1/2to1/1_0" slope="0.00"/>
        <vehicle id="12" x="398.35" y="696.64" angle="0.00" type="DEFAULT_VEHTYPE" speed="13.73" pos="103.36" lane="2/4to2/3_0" slope="0.00"/>
        <vehicle id="15" x="198.35" y="37.13" angle="0.00" type="DEFAULT_VEHTYPE" speed="12.78" pos="158.12" lane="1/1to1/0_0" slope="0.00"/>
        <vehicle id="19" x="175.91" y="398.35" angle="90.00" type="DEFAULT_VEHTYPE" speed="11.81" pos="175.91" lane="0/2to1/2_0" slope="0.00"/>
        <vehicle id="2" x="601.65" y="482.56" angle="180.00" type="DEFAULT_VEHTYPE" speed="13.35" pos="77.81" lane="3/2to3/3_0" slope="0.00"/>
        <vehicle id="20" x="307.55" y="198.35" angle="90.00" type="DEFAULT_VEHTYPE" speed="13.79" pos="102.80" lane="1/1to2/1_0" slope="0.00"/>
        <vehicle id="23" x="316.01" y="401.65" angle="-90.00" type="DEFAULT_VEHTYPE" speed="13.23" pos="79.24" lane="2/2to1/2_0" slope="0.00"/>
        <vehicle id="24" x="103.46" y="401.65" angle="-90.00" type="DEFAULT_VEHTYPE" speed="12.66" pos="91.79" lane="1/2to0/2_0" slope="0.00"/>
        <vehicle id="4" x="201.65" y="565.68" angle="180.00" type="DEFAULT_VEHTYPE" speed="13.66" pos="160.93" lane="1/2to1/3_0" slope="0.00"/>
        <vehicle id="5" x="401.65" y="793.61" angle="180.00" type="DEFAULT_VEHTYPE" speed="12.77" pos="188.86" lane="2/3to2/4_0" slope="0.00"/>
        <vehicle id="6" x="201.65" y="448.73" angle="180.00" type="DEFAULT_VEHTYPE" speed="12.86" pos="43.98" lane="1/2to1/3_0" slope="0.00"/>
        <vehicle id="7" x="130.85" y="201.65" angle="-90.00" type="DEFAULT_VEHTYPE" speed="13.40" pos="64.40" lane="1/1to0/1_0" slope="0.00"/>
        <vehicle id="8" x="201.65" y="9.57" angle="180.00" type="DEFAULT_VEHTYPE" speed="13.06" pos="9.57" lane="1/0to1/1_0" slope="0.00"/>
    </timestep>
    <timestep time="217.00">
        <vehicle id="0" x="398.35" y="769.90" angle="0.00" type="DEFAULT_VEHTYPE" speed="12.71" pos="30.10" lane="2/4to2/3_0" slope="0.00"/>
        <vehicle id="10" x="759.32" y="198.35" angle="90.00" type="DEFAULT_VEHTYPE" speed="12.99" pos="154.57" lane="3/1to4/1_0" slope="0.00"/>
        <vehicle id="11" x="198.35" y="343.42" angle="0.00" type="DEFAULT_VEHTYPE" speed="12.64" pos="51.83" lane="1/2to1/1_0" slope="0.00"/>
        <vehicle id="12" x="398.35" y="683.86" angle="0.00" type="DEFAULT_VEHTYPE" speed="12.78" pos="116.14" lane="2/4to2/3_0" slope="0.00"/>
        <vehicle id="15" x="198.35" y="23.36" angle="0.00" type="DEFAULT_VEHTYPE" speed="13.77" pos="171.89" lane="1/1to1/0_0" slope="0.00"/>
        <vehicle id="19" x="183.39" y="398.35" angle="90.00" type="DEFAULT_VEHTYPE" speed="7.48" pos="183.39" lane="0/2to1/2_0" slope="0.00"/>
        <vehicle id="2" x="601.65" y="495.77" angle="180.00" type="DEFAULT_VEHTYPE" speed="13.21" pos="91.02" lane="3/2to3/3_0" slope="0.00"/>
        <vehicle id="20" x="320.75" y="198.35" angle="90.00" type="DEFAULT_VEHTYPE" speed="13.20" pos="116.00" lane="1/1to2/1_0" slope="0.00"/>
        <vehicle id="23" x="303.10" y="401.65" angle="-90.00" type="DEFAULT_VEHTYPE" speed="12.91" pos="92.15" lane="2/2to1/2_0" slope="0.00"/>
        <vehicle id="24" x="89.57" y="401.65" angle="-90.00" type="DEFAULT_VEHTYPE" speed="13.89" pos="105.68" lane="1/2to0/2_0" slope="0.00"/>
        <vehicle id="4" x="201.65" y="578.57" angle="180.00" type="DEFAULT_VEHTYPE" speed="12.89" pos="173.82" lane="1/2to1/3_0" slope="0.00"/>
        <vehicle id="5" x="398.35" y="797.71" angle="-26.84" type="DEFAULT_VEHTYPE" speed="13.49" pos="2.29" lane="2/4to2/3_0" slope="0.00"/>
        <vehicle id="6" x="201.65" y="461.57" angle="180.00" type="DEFAULT_VEHTYPE" speed="12.83" pos="56.82" lane="1/2to1/3_0" slope="0.00"/>
        <vehicle id="7" x="117.27" y="201.65" angle="-90.00" type="DEFAULT_VEHTYPE" speed="13.58" pos="77.98" lane="1/1to0/1_0" slope="0.00"/>
        <vehicle id="8" x="201.65" y="23.07" angle="180.00" type="DEFAULT_VEHTYPE" speed="13.50" pos="23.07" lane="1/0to1/1_0" slope="0.00"/>
    </timestep>
    <timestep time="218.00">
        <vehicle id="0" x="398.35" y="756.31" angle="0.00" type="DEFAULT_VEHTYPE" speed="13.59" pos="43.69" lane="2/4to2/3_0" slope="0.00"/>
        <vehicle id="10" x="772.48" y="198.35" angle="90.00" type="DEFAULT_VEHTYPE" speed="13.16" pos="167.73" lane="3/1to4/1_0" slope="0.00"/>
        <vehicle id="11" x="198.35" y="330.41" angle="0.00" type="DEFAULT_VEHTYPE" speed="13.01" pos="64.84" lane="1/2to1/1_0" slope="0.00"/>
        <vehicle id="12" x="398.35" y="670.31" angle="0.00" type="DEFAULT_VEHTYPE" speed="13.54" pos="129.69" lane="2/4to2/3_0" slope="0.00"/>
        <vehicle id="15" x="198.35" y="10.74" angle="0.00" type="DEFAULT_VEHTYPE" speed="12.62" pos="184.51" lane="1/1to1/0_0" slope="0.00"/>
        <vehicle id="19" x="188.28" y="398.35" angle="90.00" type="DEFAULT_VEHTYPE" speed="4.89" pos="188.28" lane="0/2to1/2_0" slope="0.00"/>
        <vehicle id="2" x="601.65" y="509.65" angle="180.00" type="DEFAULT_VEHTYPE" speed="13.87" pos="104.90" lane="3/2to3/3_0" slope="0.00"/>
        <vehicle id="20" x="334.63" y="198.35" angle="90.00" type="DEFAULT_VEHTYPE" speed="13.89" pos="129.88" lane="1/1to2/1_0" slope="0.00"/>
        <vehicle id="23" x="290.20" y="401.65" angle="-90.00" type="DEFAULT_VEHTYPE" speed="12.90" pos="105.05" lane="2/2to1/2_0" slope="0.00"/>
        <vehicle id="24" x="76.81" y="401.65" angle="-90.00" type="DEFAULT_VEHTYPE" speed="12.76" pos="118.44" lane="1/2to0/2_0" slope="0.00"/>
        <vehicle id="4" x="201.65" y="591.47" angle="180.00" type="DEFAULT_VEHTYPE" speed="12.90" pos="186.72" lane="1/2to1/3_0" slope="0.00"/>
        <vehicle id="5" x="398.35" y="784.23" angle="0.00" type="DEFAULT_VEHTYPE" speed="13.49" pos="15.77" lane="2/4to2/3_0" slope="0.00"/>
        <vehicle id="6" x="201.65" y="475.09" angle="180.00" type="DEFAULT_VEHTYPE" speed="13.53" pos="70.34" lane="1/2to1/3_0" slope="0.00"/>
        <vehicle id="7" x="103.81" y="201.65" angle="-90.00" type="DEFAULT_VEHTYPE" speed="13.47" pos="91.44" lane="1/1to0/1_0" slope="0.00"/>
        <vehicle id="8" x="201.65" y="36.27" angle="180.00" type="DEFAULT_VEHTYPE" speed="13.20" pos="36.27" lane="1/0to1/1_0" slope="0.00"/>
    </timestep>
    <timestep time="219.00">
        <vehicle id="0" x="398.35" y="743.41" angle="0.00" type="DEFAULT_VEHTYPE" speed="12.90" pos="56.59" lane="2/4to2/3_0" slope="0.00"/>
        <vehicle id="10" x="785.65" y="198.35" angle="90.00" type="DEFAULT_VEHTYPE" speed="13.17" pos="180.90" lane="3/1to4/1_0" slope="0.00"/>
        <vehicle id="11" x="198.35" y="317.64" angle="0.00" type="DEFAULT_VEHTYPE" speed="12.78" pos="77.61" lane="1/2to1/1_0" slope="0.00"/>
        <vehicle id="12" x="398.35" y="657.60" angle="0.00" type="DEFAULT_VEHTYPE" speed="12.71" pos="142.40" lane="2/4to2/3_0" slope="0.00"/>
        <vehicle id="15" x="199.70" y="-1.50" angle="17.00" type="DEFAULT_VEHTYPE" speed="12.82" pos="2.08" lane=":1/0_0_0" slope="0.00"/>
        <vehicle id="19" x="194.68" y="398.35" angle="90.00" type="DEFAULT_VEHTYPE" speed="6.39" pos="194.68" lane="0/2to1/2_0" slope="0.00"/>
        <vehicle id="2" x="601.65" y="522.65" angle="180.00" type="DEFAULT_VEHTYPE" speed="13.00" pos="117.90" lane="3/2to3/3_0" slope="0.00"/>
        <vehicle id="20" x="347.64" y="198.35" angle="90.00" type="DEFAULT_VEHTYPE" speed="13.01" pos="142.89" lane="1/1to2/1_0" slope="0.00"/>
        <vehicle id="23" x="276.66" y="401.65" angle="-90.00" type="DEFAULT_VEHTYPE" speed="13.54" pos="118.59" lane="2/2to1/2_0" slope="0.00"/>
        <vehicle id="24" x="63.57" y="401.65" angle="-90.00" type="DEFAULT_VEHTYPE" speed="13.25" pos="131.68" lane="1/2to0/2_0" slope="0.00"/>
        <vehicle id="4" x="209.37" y="598.35" angle="90.61" type="DEFAULT_VEHTYPE" speed="13.40" pos="4.62" lane="1/3to2/3_0" slope="0.00"/>
        <vehicle id="5" x="398.35" y="771.60" angle="0.00" type="DEFAULT_VEHTYPE" speed="12.62" pos="28.40" lane="2/4to2/3_0" slope="0.00"/>
        <vehicle id="6" x="201.65" y="488.05" angle="180.00" type="DEFAULT_VEHTYPE" speed="12.96" pos="83.30" lane="1/2to1/3_0" slope="0.00"/>
        <vehicle id="7" x="90.16" y="201.65" angle="-90.00" type="DEFAULT_VEHTYPE" speed="13.64" pos="105.09" lane="1/1to0/1_0" slope="0.00"/>
        <vehicle id="8" x="201.65" y="49.23" angle="180.00" type="DEFAULT_VEHTYPE" speed="12.96" pos="49.23" lane="1/0to1/1_0" slope="0.00"/>
    </timestep>
    <timestep time="220.00">
        <vehicle id="0" x="398.35" y="730.06" angle="0.00" type="DEFAULT_VEHTYPE" speed="13.35" pos="69.94" lane="2/4to2/3_0" slope="0.00"/>
        <vehicle id="10" x="798.59" y="198.35" angle="90.00" type="DEFAULT_VEHTYPE" speed="12.94" pos="193.84" lane="3/1to4/1_0" slope="0.00"/>
        <vehicle id="11" x="198.35" y="304.41" angle="0.00" type="DEFAULT_VEHTYPE" speed="13.23" pos="90.84" lane="1/2to1/1_0" slope="0.00"/>
        <vehicle id="12" x="398.35" y="644.01" angle="0.00" type="DEFAULT_VEHTYPE" speed="13.59" pos="155.99" lane="2/4to2/3_0" slope="0.00"/>
        <vehicle id="15" x="201.65" y="10.73" angle="180.00" type="DEFAULT_VEHTYPE" speed="13.47" pos="10.73" lane="1/0to1/1_0" slope="0.00"/>
        <vehicle id="19" x="201.16" y="401.80" angle="130.80" type="DEFAULT_VEHTYPE" speed="7.89" pos="7.32" lane=":1/2_14_0" slope="0.00"/>
        <vehicle id="2" x="601.65" y="535.25" angle="180.00" type="DEFAULT_VEHTYPE" speed="12.60" pos="130.50" lane="3/2to3/3_0" slope="0.00"/>
        <vehicle id="20" x="361.42" y="198.35" angle="90.00" type="DEFAULT_VEHTYPE" speed="13.78" pos="156.67" lane="1/1to2/1_0" slope="0.00"/>
        <vehicle id="23" x="263.97" y="401.65" angle="-90.00" type="DEFAULT_VEHTYPE" speed="12.69" pos="131.28" lane="2/2to1/2_0" slope="0.00"/>
        <vehicle id="24" x="49.92" y="401.65" angle="-90.00" type="DEFAULT_VEHTYPE" speed="13.65" pos="145.33" lane="1/2to0/2_0" slope="0.00"/>
        <vehicle id="4" x="223.12" y="598.35" angle="90.00" type="DEFAULT_VEHTYPE" speed="13.75" pos="18.37" lane="1/3to2/3_0" slope="0.00"/>
        <vehicle id="5" x="398.35" y="758.96" angle="0.00" type="DEFAULT_VEHTYPE" speed="12.65" pos="41.04" lane="2/4to2/3_0" slope="0.00"/>
        <vehicle id="6" x="201.65" y="501.49" angle="180.00" type="DEFAULT_VEHTYPE" speed="13.45" pos="96.74" lane="1/2to1/3_0" slope="0.00"/>
        <vehicle id="7" x="76.63" y="201.65" angle="-90.00" type="DEFAULT_VEHTYPE" speed="13.53" pos="118.62" lane="1/1to0/1_0" slope="0.00"/>
        <vehicle id="8" x="201.65" y="62.17" angle="180.00" type="DEFAULT_VEHTYPE" speed="12.94" pos="62.17" lane="1/0to1/1_0" slope="0.00"/>
    </timestep>
    <timestep time="221.00">
        <vehicle id="0" x="398.35" y="716.43" angle="0.00" type="DEFAULT_VEHTYPE" speed="13.63" pos="83.57" lane="2/4to2/3_0" slope="0.00"/>
        <vehicle id="10" x="792.49" y="201.65" angle="-90.00" type="DEFAULT_VEHTYPE" speed="13.74" pos="7.51" lane="4/1to3/1_0" slope="0.00"/>
        <vehicle id="11" x="198.35" y="291.52" angle="0.00" type="DEFAULT_VEHTYPE" speed="12.89" pos="103.73" lane="1/2to1/1_0" slope="0.00"/>
        <vehicle id="12" x="398.35" y="631.25" angle="0.00" type="DEFAULT_VEHTYPE" speed="12.76" pos="168.75" lane="2/4to2/3_0" slope="0.00"/>
        <vehicle id="15" x="201.65" y="24.52" angle="180.00" type="DEFAULT_VEHTYPE" speed="13.79" pos="24.52" lane="1/0to1/1_0" slope="0.00"/>
        <vehicle id="19" x="201.65" y="411.25" angle="180.00" type="DEFAULT_VEHTYPE" speed="9.50" pos="6.50" lane="1/2to1/3_0" slope="0.00"/>
        <vehicle id="2" x="601.65" y="548.87" angle="180.00" type="DEFAULT_VEHTYPE" speed="13.62" pos="144.12" lane="3/2to3/3_0" slope="0.00"/>
        <vehicle id="20" x="373.54" y="198.35" angle="90.00" type="DEFAULT_VEHTYPE" speed="12.12" pos="168.79" lane="1/1to2/1_0" slope="0.00"/>
        <vehicle id="23" x="250.46" y="401.65" angle="-90.00" type="DEFAULT_VEHTYPE" speed="13.51" pos="144.79" lane="2/2to1/2_0" slope="0.00"/>
        <vehicle id="24" x="36.08" y="401.65" angle="-90.00" type="DEFAULT_VEHTYPE" speed="13.84" pos="159.17" lane="1/2to0/2_0" slope="0.00"/>
        <vehicle id="4" x="236.07" y="598.35" angle="90.00" type="DEFAULT_VEHTYPE" speed="12.95" pos="31.32" lane="1/3to2/3_0" slope="0.00"/>
        <vehicle id="5" x="398.35" y="745.97" angle="0.00" type="DEFAULT_VEHTYPE" speed="12.98" pos="54.03" lane="2/4to2/3_0" slope="0.00"/>
        <vehicle id="6" x="201.65" y="515.37" angle="180.00" type="DEFAULT_VEHTYPE" speed="13.87" pos="110.62" lane="1/2to1/3_0" slope="0.00"/>
        <vehicle id="7" x="62.75" y="201.65" angle="-90.00" type="DEFAULT_VEHTYPE" speed="13.88" pos="132.50" lane="1/1to0/1_0" slope="0.00"/>
        <vehicle id="8" x="201.65" y="74.85" angle="180.00" type="DEFAULT_VEHTYPE" speed="12.69" pos="74.85" lane="1/0to1/1_0" slope="0.00"/>
    </timestep>
    <timestep time="222.00">
        <vehicle id="0" x="398.35" y="703.22" angle="0.00" type="DEFAULT_VEHTYPE" speed="13.21" pos="96.78" lane="2/4to2/3_0" slope="0.00"/>
        <vehicle id="10" x="779.13" y="201.65" angle="-90.00" type="DEFAULT_VEHTYPE" speed="13.37" pos="20.87" lane="4/1to3/1_0" slope="0.00"/>
        <vehicle id="11" x="198.35" y="277.73" angle="0.00" type="DEFAULT_VEHTYPE" speed="13.78" pos="117.52" lane="1/2to1/1_0" slope="0.00"/>
        <vehicle id="12" x="398.35" y="617.54" angle="0.00" type="DEFAULT_VEHTYPE" speed="13.70" pos="182.46" lane="2/4to2/3_0" slope="0.00"/>
        <vehicle id="15" x="201.65" y="37.89" angle="180.00" type="DEFAULT_VEHTYPE" speed="13.37" pos="37.89" lane="1/0to1/1_0" slope="0.00"/>
        <vehicle id="19" x="201.65" y="422.39" angle="180.00" type="DEFAULT_VEHTYPE" speed="11.14" pos="17.64" lane="1/2to1/3_0" slope="0.00"/>
        <vehicle id="2" x="601.65" y="561.49" angle="180.00" type="DEFAULT_VEHTYPE" speed="12.62" pos="156.74" lane="3/2to3/3_0" slope="0.00"/>
        <vehicle id="20" x="382.86" y="198.35" angle="90.00" type="DEFAULT_VEHTYPE" speed="9.31" pos="178.11" lane="1/1to2/1_0" slope="0.00"/>
        <vehicle id="23" x="237.37" y="401.65" angle="-90.00" type="DEFAULT_VEHTYPE" speed="13.09" pos="157.88" lane="2/2to1/2_0" slope="0.00"/>
        <vehicle id="24" x="22.61" y="401.65" angle="-90.00" type="DEFAULT_VEHTYPE" speed="13.47" pos="172.64" lane="1/2to0/2_0" slope="0.00"/>
        <vehicle id="4" x="249.79" y="598.35" angle="90.00" type="DEFAULT_VEHTYPE" speed="13.72" pos="45.04" lane="1/3to2/3_0" slope="0.00"/>
        <vehicle id="5" x="398.35" y="732.32" angle="0.00" type="DEFAULT_VEHTYPE" speed="13.66" pos="67.68" lane="2/4to2/3_0" slope="0.00"/>
        <vehicle id="6" x="201.65" y="529.17" angle="180.00" type="DEFAULT_VEHTYPE" speed="13.80" pos="124.42" lane="1/2to1/3_0" slope="0.00"/>
        <vehicle id="7" x="49.68" y="201.65" angle="-90.00" type="DEFAULT_VEHTYPE" speed="13.07" pos="145.57" lane="1/1to0/1_0" slope="0.00"/>
        <vehicle id="8" x="201.65" y="87.68" angle="180.00" type="DEFAULT_VEHTYPE" speed="12.82" pos="87.68" lane="1/0to1/1_0" slope="0.00"/>
    </timestep>
    <timestep time="223.00">
        <vehicle id="0" x="398.35" y="689.91" angle="0.00" type="DEFAULT_VEHTYPE" speed="13.32" pos="110.09" lane="2/4to2/3_0" slope="0.00"/>
        <vehicle id="10" x="766.35" y="201.65" angle="-90.00" type="DEFAULT_VEHTYPE" speed="12.77" pos="33.65" lane="4/1to3/1_0" slope="0.00"/>
        <vehicle id="11" x="198.35" y="265.02" angle="0.00" type="DEFAULT_VEHTYPE" speed="12.72" pos="130.23" lane="1/2to1/1_0" slope="0.00"/>
        <vehicle id="12" x="398.35" y="604.51" angle="0.00" type="DEFAULT_VEHTYPE" speed="13.03" pos="0.24" lane=":2/3_1_0" slope="0.00"/>
        <vehicle id="15" x="201.65" y="50.64" angle="180.00" type="DEFAULT_VEHTYPE" speed="12.75" pos="50.64" lane="1/0to1/1_0" slope="0.00"/>
        <vehicle id="19" x="201.65" y="436.02" angle="180.00" type="DEFAULT_VEHTYPE" speed="13.63" pos="31.27" lane="1/2to1/3_0" slope="0.00"/>
        <vehicle id="2" x="601.65" y="575.19" angle="180.00" type="DEFAULT_VEHTYPE" speed="13.70" pos="170.44" lane="3/2to3/3_0" slope="0.00"/>
        <vehicle id="20" x="387.67" y="198.35" angle="90.00" type="DEFAULT_VEHTYPE" speed="4.81" pos="182.92" lane="1/1to2/1_0" slope="0.00"/>
        <vehicle id="23" x="225.23" y="401.65" angle="-90.00" type="DEFAULT_VEHTYPE" speed="12.14" pos="170.02" lane="2/2to1/2_0" slope="0.00"/>
        <vehicle id="24" x="9.32" y="401.65" angle="-90.00" type="DEFAULT_VEHTYPE" speed="13.29" pos="185.93" lane="1/2to0/2_0" slope="0.00"/>
        <vehicle id="4" x="262.86" y="598.35" angle="90.00" type="DEFAULT_VEHTYPE" speed="13.07" pos="58.11" lane="1/3to2/3_0" slope="0.00"/>
        <vehicle id="5" x="398.35" y="719.67" angle="0.00" type="DEFAULT_VEHTYPE" speed="12.65" pos="80.33" lane="2/4to2/3_0" slope="0.00"/>
        <vehicle id="6" x="201.65" y="542.41" angle="180.00" type="DEFAULT_VEHTYPE" speed="13.24" pos="137.66" lane="1/2to1/3_0" slope="0.00"/>
        <vehicle id="7" x="35.86" y="201.65" angle="-90.00" type="DEFAULT_VEHTYPE" speed="13.82" pos="159.39" lane="1/1to0/1_0" slope="0.00"/>
        <vehicle id="8" x="201.65" y="100.95" angle="180.00" type="DEFAULT_VEHTYPE" speed="13.27" pos="100.95" lane="1/0to1/1_0" slope="0.00"/>
    </timestep>
    <timestep time="224.00">
        <vehicle id="0" x="398.35" y="677.22" angle="0.00" type="DEFAULT_VEHTYPE" speed="12.69" pos="122.78" lane="2/4to2/3_0" slope="0.00"/>
        <vehicle id="10" x="752.80" y="201.65" angle="-90.00" type="DEFAULT_VEHTYPE" speed="13.55" pos="47.20" lane="4/1to3/1_0" slope="0.00"/>
        <vehicle id="11" x="198.35" y="252.13" angle="0.00" type="DEFAULT_VEHTYPE" speed="12.89" pos="143.12" lane="1/2to1/1_0" slope="0.00"/>
        <vehicle id="12" x="398.35" y="591.69" angle="0.00" type="DEFAULT_VEHTYPE" speed="12.81" pos="3.56" lane="2/3to2/2_0" slope="0.00"/>
        <vehicle id="15" x="201.65" y="64.11" angle="180.00" type="DEFAULT_VEHTYPE" speed="13.47" pos="64.11" lane="1/0to1/1_0" slope="0.00"/>
        <vehicle id="19" x="201.65" y="448.65" angle="180.00" type="DEFAULT_VEHTYPE" speed="12.63" pos="43.90" lane="1/2to1/3_0" slope="0.00"/>
        <vehicle id="2" x="601.65" y="589.03" angle="180.00" type="DEFAULT_VEHTYPE" speed="13.84" pos="184.28" lane="3/2to3/3_0" slope="0.00"/>
        <vehicle id="20" x="390.27" y="198.35" angle="90.00" type="DEFAULT_VEHTYPE" speed="2.60" pos="185.52" lane="1/1to2/1_0" slope="0.00"/>
        <vehicle id="23" x="216.67" y="401.65" angle="-90.00" type="DEFAULT_VEHTYPE" speed="8.55" pos="178.58" lane="2/2to1/2_0" slope="0.00"/>
        <vehicle id="24" x="-0.65" y="398.78" angle="-29.21" type="DEFAULT_VEHTYPE" speed="13.36" pos="4.04" lane=":0/2_0_0" slope="0.00"/>
        <vehicle id="4" x="276.76" y="598.35" angle="90.00" type="DEFAULT_VEHTYPE" speed="13.90" pos="72.01" lane="1/3to2/3_0" slope="0.00"/>
        <vehicle id="5" x="398.35" y="706.52" angle="0.00" type="DEFAULT_VEHTYPE" speed="13.15" pos="93.48" lane="2/4to2/3_0" slope="0.00"/>
        <vehicle id="6" x="201.65" y="556.27" angle="180.00" type="DEFAULT_VEHTYPE" speed="13.86" pos="151.52" lane="1/2to1/3_0" slope="0.00"/>
        <vehicle id="7" x="22.34" y="201.65" angle="-90.00" type="DEFAULT_VEHTYPE" speed="13.53" pos="172.91" lane="1/1to0/1_0" slope="0.00"/>
        <vehicle id="8" x="201.65" y="113.67" angle="180.00" type="DEFAULT_VEHTYPE" speed="12.73" pos="113.67" lane="1/0to1/1_0" slope="0.00"/>
    </timestep>
    <timestep time="225.00">
        <vehicle id="0" x="398.35" y="663.98" angle="0.00" type="DEFAULT_VEHTYPE" speed="13.24" pos="136.02" lane="2/4to2/3_0" slope="0.00"/>
        <vehicle id="10" x="739.90" y="201.65" angle="-90.00" type="DEFAULT_VEHTYPE" speed="12.90" pos="60.10" lane="4/1to3/1_0" slope="0.00"/>
        <vehicle id="11" x="198.35" y="238.53" angle="0.00" type="DEFAULT_VEHTYPE" speed="13.60" pos="156.72" lane="1/2to1/1_0" slope="0.00"/>
        <vehicle id="12" x="398.35" y="578.41" angle="0.00" type="DEFAULT_VEHTYPE" speed="13.29" pos="16.84" lane="2/3to2/2_0" slope="0.00"/>
        <vehicle id="15" x="201.65" y="76.87" angle="180.00" type="DEFAULT_VEHTYPE" speed="12.76" pos="76.87" lane="1/0to1/1_0" slope="0.00"/>
        <vehicle id="19" x="201.65" y="462.37" angle="180.00" type="DEFAULT_VEHTYPE" speed="13.73" pos="57.62" lane="1/2to1/3_0" slope="0.00"/>
        <vehicle id="2" x="606.98" y="598.35" angle="102.01" type="DEFAULT_VEHTYPE" speed="13.45" pos="2.23" lane="3/3to4/3_0" slope="0.00"/>
        <vehicle id="20" x="394.30" y="198.35" angle="90.00" type="DEFAULT_VEHTYPE" speed="4.03" pos="189.55" lane="1/1to2/1_0" slope="0.00"/>
        <vehicle id="23" x="211.05" y="401.65" angle="-90.00" type="DEFAULT_VEHTYPE" speed="5.63" pos="184.20" lane="2/2to1/2_0" slope="0.00"/>
        <vehicle id="24" x="12.07" y="398.35" angle="90.00" type="DEFAULT_VEHTYPE" speed="12.85" pos="12.07" lane="0/2to1/2_0" slope="0.00"/>
        <vehicle id="4" x="289.62" y="598.35" angle="90.00" type="DEFAULT_VEHTYPE" speed="12.86" pos="84.87" lane="1/3to2/3_0" slope="0.00"/>
        <vehicle id="5" x="398.35" y="693.27" angle="0.00" type="DEFAULT_VEHTYPE" speed="13.25" pos="106.73" lane="2/4to2/3_0" slope="0.00"/>
        <vehicle id="6" x="201.65" y="570.13" angle="180.00" type="DEFAULT_VEHTYPE" speed="13.86" pos="165.38" lane="1/2to1/3_0" slope="0.00"/>
        <vehicle id="7" x="9.23" y="201.65" angle="-90.00" type="DEFAULT_VEHTYPE" speed="13.11" pos="186.02" lane="1/1to0/1_0" slope="0.00"/>
        <vehicle id="8" x="201.65" y="127.49" angle="180.00" type="DEFAULT_VEHTYPE" speed="13.82" pos="127.49" lane="1/0to1/1_0" slope="0.00"/>
    </timestep>
    <timestep time="226.00">
        <vehicle id="0" x="398.35" y="650.52" angle="0.00" type="DEFAULT_VEHTYPE" speed="13.46" pos="149.48" lane="2/4to2/3_0" slope="0.00"/>
        <vehicle id="10" x="727.24" y="201.65" angle="-90.00" type="DEFAULT_VEHTYPE" speed="12.66" pos="72.76" lane="4/1to3/1_0" slope="0.00"/>
        <vehicle id="11" x="198.35" y="225.70" angle="0.00" type="DEFAULT_VEHTYPE" speed="12.83" pos="169.55" lane="1/2to1/1_0" slope="0.00"/>
        <vehicle id="12" x="398.35" y="564.62" angle="0.00" type="DEFAULT_VEHTYPE" speed="13.79" pos="30.63" lane="2/3to2/2_0" slope="0.00"/>
        <vehicle id="15" x="201.65" y="90.60" angle="180.00" type="DEFAULT_VEHTYPE" speed="13.73" pos="90.60" lane="1/0to1/1_0" slope="0.00"/>
        <vehicle id="19" x="201.65" y="475.96" angle="180.00" type="DEFAULT_VEHTYPE" speed="13.59" pos="71.21" lane="1/2to1/3_0" slope="0.00"/>
        <vehicle id="2" x="620.84" y="598.35" angle="90.00" type="DEFAULT_VEHTYPE" speed="13.85" pos="16.09" lane="3/3to4/3_0" slope="0.00"/>
        <vehicle id="20" x="400.79" y="198.35" angle="90.00" type="DEFAULT_VEHTYPE" speed="6.49" pos="5.54" lane=":2/1_13_0" slope="0.00"/>
        <vehicle id="23" x="204.07" y="401.65" angle="-90.00" type="DEFAULT_VEHTYPE" speed="6.98" pos="0.68" lane=":1/2_5_0" slope="0.00"/>
        <vehicle id="24" x="25.48" y="398.35" angle="90.00" type="DEFAULT_VEHTYPE" speed="13.41" pos="25.48" lane="0/2to1/2_0" slope="0.00"/>
        <vehicle id="4" x="302.25" y="598.35" angle="90.00" type="DEFAULT_VEHTYPE" speed="12.63" pos="97.50" lane="1/3to2/3_0" slope="0.00"/>
        <vehicle id="5" x="398.35" y="679.92" angle="0.00" type="DEFAULT_VEHTYPE" speed="13.35" pos="120.08" lane="2/4to2/3_0" slope="0.00"/>
        <vehicle id="6" x="201.65" y="583.72" angle="180.00" type="DEFAULT_VEHTYPE" speed="13.59" pos="178.97" lane="1/2to1/3_0" slope="0.00"/>
        <vehicle id="7" x="-0.18" y="198.47" angle="-10.34" type="DEFAULT_VEHTYPE" speed="13.83" pos="4.60" lane=":0/1_0_0" slope="0.00"/>
        <vehicle id="8" x="201.65" y="141.25" angle="180.00" type="DEFAULT_VEHTYPE" speed="13.76" pos="141.25" lane="1/0to1/1_0" slope="0.00"/>
    </timestep>
    <timestep time="227.00">
        <vehicle id="0" x="398.35" y="637.34" angle="0.00" type="DEFAULT_VEHTYPE" speed="13.18" pos="162.66" lane="2/4to2/3_0" slope="0.00"/>
        <vehicle id="10" x="713.82" y="201.65" angle="-90.00" type="DEFAULT_VEHTYPE" speed="13.42" pos="86.18" lane="4/1to3/1_0" slope="0.00"/>
        <vehicle id="11" x="198.35" y="212.07" angle="0.00" type="DEFAULT_VEHTYPE" speed="13.62" pos="183.18" lane="1/2to1/1_0" slope="0.00"/>
        <vehicle id="12" x="398.35" y="552.02" angle="0.00" type="DEFAULT_VEHTYPE" speed="12.60" pos="43.23" lane="2/3to2/2_0" slope="0.00"/>
        <vehicle id="15" x="201.65" y="104.38" angle="180.00" type="DEFAULT_VEHTYPE" speed="13.77" pos="104.38" lane="1/0to1/1_0" slope="0.00"/>
        <vehicle id="19" x="201.65" y="488.71" angle="180.00" type="DEFAULT_VEHTYPE" speed="12.74" pos="83.96" lane="1/2to1/3_0" slope="0.00"/>
        <vehicle id="2" x="634.07" y="598.35" angle="90.00" type="DEFAULT_VEHTYPE" speed="13.24" pos="29.32" lane="3/3to4/3_0" slope="0.00"/>
        <vehicle id="20" x="409.30" y="198.35" angle="90.00" type="DEFAULT_VEHTYPE" speed="8.50" pos="4.55" lane="2/1to3/1_0" slope="0.00"/>
        <vehicle id="23" x="195.30" y="401.65" angle="-90.00" type="DEFAULT_VEHTYPE" speed="8.77" pos="9.45" lane=":1/2_5_0" slope="0.00"/>
        <vehicle id="24" x="38.40" y="398.35" angle="90.00" type="DEFAULT_VEHTYPE" speed="12.92" pos="38.40" lane="0/2to1/2_0" slope="0.00"/>
        <vehicle id="4" x="315.99" y="598.35" angle="90.00" type="DEFAULT_VEHTYPE" speed="13.74" pos="111.24" lane="1/3to2/3_0" slope="0.00"/>
        <vehicle id="5" x="398.35" y="666.59" angle="0.00" type="DEFAULT_VEHTYPE" speed="13.33" pos="133.41" lane="2/4to2/3_0" slope="0.00"/>
        <vehicle id="6" x="202.08" y="597.00" angle="175.05" type="DEFAULT_VEHTYPE" speed="13.36" pos="1.83" lane=":1/3_8_0" slope="0.00"/>
        <vehicle id="7" x="12.51" y="198.35" angle="90.00" type="DEFAULT_VEHTYPE" speed="12.73" pos="12.51" lane="0/1to1/1_0" slope="0.00"/>
        <vehicle id="8" x="201.65" y="154.14" angle="180.00" type="DEFAULT_VEHTYPE" speed="12.90" pos="154.14" lane="1/0to1/1_0" slope="0.00"/>
    </timestep>
    <timestep time="228.00">
        <vehicle id="0" x="398.35" y="624.16" angle="0.00" type="DEFAULT_VEHTYPE" speed="13.18" pos="175.84" lane="2/4to2/3_0" slope="0.00"/>
        <vehicle id="10" x="700.08" y="201.65" angle="-90.00" type="DEFAULT_VEHTYPE" speed="13.74" pos="99.92" lane="4/1to3/1_0" slope="0.00"/>
        <vehicle id="11" x="194.96" y="201.65" angle="-49.94" type="DEFAULT_VEHTYPE" speed="12.61" pos="0.29" lane="1/1to0/1_0" slope="0.00"/>
        <vehicle id="12" x="398.35" y="538.88" angle="0.00" type="DEFAULT_VEHTYPE" speed="13.14" pos="56.37" lane="2/3to2/2_0" slope="0.00"/>
        <vehicle id="15" x="201.65" y="117.78" angle="180.00" type="DEFAULT_VEHTYPE" speed="13.40" pos="117.78" lane="1/0to1/1_0" slope="0.00"/>
        <vehicle id="19" x="201.65" y="502.50" angle="180.00" type="DEFAULT_VEHTYPE" speed="13.80" pos="97.75" lane="1/2to1/3_0" slope="0.00"/>
        <vehicle id="2" x="647.15" y="598.35" angle="90.00" type="DEFAULT_VEHTYPE" speed="13.08" pos="42.40" lane="3/3to4/3_0" slope="0.00"/>
        <vehicle id="20" x="419.36" y="198.35" angle="90.00" type="DEFAULT_VEHTYPE" speed="10.07" pos="14.61" lane="2/1to3/1_0" slope="0.00"/>
        <vehicle id="23" x="184.52" y="401.65" angle="-90.00" type="DEFAULT_VEHTYPE" speed="10.78" pos="10.73" lane="1/2to0/2_0" slope="0.00"/>
        <vehicle id="24" x="51.42" y="398.35" angle="90.00" type="DEFAULT_VEHTYPE" speed="13.02" pos="51.42" lane="0/2to1/2_0" slope="0.00"/>
        <vehicle id="4" x="328.76" y="598.35" angle="90.00" type="DEFAULT_VEHTYPE" speed="12.77" pos="124.01" lane="1/3to2/3_0" slope="0.00"/>
        <vehicle id="5" x="398.35" y="652.80" angle="0.00" type="DEFAULT_VEHTYPE" speed="13.79" pos="147.20" lane="2/4to2/3_0" slope="0.00"/>
        <vehicle id="6" x="214.50" y="598.35" angle="90.00" type="DEFAULT_VEHTYPE" speed="12.92" pos="9.75" lane="1/3to2/3_0" slope="0.00"/>
        <vehicle id="7" x="25.87" y="198.35" angle="90.00" type="DEFAULT_VEHTYPE" speed="13.35" pos="25.87" lane="0/1to1/1_0" slope="0.00"/>
        <vehicle id="8" x="201.65" y="167.19" angle="180.00" type="DEFAULT_VEHTYPE" speed="13.05" pos="167.19" lane="1/0to1/1_0" slope="0.00"/>
    </timestep>
    <timestep time="229.00">
        <vehicle id="0" x="398.35" y="611.05" angle="0.00" type="DEFAULT_VEHTYPE" speed="13.11" pos="188.95" lane="2/4to2/3_0" slope="0.00"/>
        <vehicle id="10" x="686.29" y="201.65" angle="-90.00" type="DEFAULT_VEHTYPE" speed="13.79" pos="113.71" lane="4/1to3/1_0" slope="0.00"/>
        <vehicle id="11" x="181.53" y="201.65" angle="-90.00" type="DEFAULT_VEHTYPE" speed="13.43" pos="13.72" lane="1/1to0/1_0" slope="0.00"/>
        <vehicle id="12" x="398.35" y="525.15" angle="0.00" type="DEFAULT_VEHTYPE" speed="13.73" pos="70.10" lane="2/3to2/2_0" slope="0.00"/>
        <vehicle id="15" x="201.65" y="130.90" angle="180.00" type="DEFAULT_VEHTYPE" speed="13.12" pos="130.90" lane="1/0to1/1_0" slope="0.00"/>
        <vehicle id="19" x="201.65" y="515.98" angle="180.00" type="DEFAULT_VEHTYPE" speed="13.48" pos="111.23" lane="1/2to1/3_0" slope="0.00"/>
        <vehicle id="2" x="660.54" y="598.35" angle="90.00" type="DEFAULT_VEHTYPE" speed="13.38" pos="55.79" lane="3/3to4/3_0" slope="0.00"/>
        <vehicle id="20" x="431.47" y="198.35" angle="90.00" type="DEFAULT_VEHTYPE" speed="12.10" pos="26.72" lane="2/1to3/1_0" slope="0.00"/>
        <vehicle id="23" x="172.11" y="401.65" angle="-90.00" type="DEFAULT_VEHTYPE" speed="12.41" pos="23.14" lane="1/2to0/2_0" slope="0.00"/>
        <vehicle id="24" x="64.36" y="398.35" angle="90.00" type="DEFAULT_VEHTYPE" speed="12.94" pos="64.36" lane="0/2to1/2_0" slope="0.00"/>
        <vehicle id="4" x="342.46" y="598.35" angle="90.00" type="DEFAULT_VEHTYPE" speed="13.70" pos="137.71" lane="1/3to2/3_0" slope="0.00"/>
        <vehicle id="5" x="398.35" y="639.26" angle="0.00" type="DEFAULT_VEHTYPE" speed="13.55" pos="160.74" lane="2/4to2/3_0" slope="0.00"/>
        <vehicle id="6" x="227.35" y="598.35" angle="90.00" type="DEFAULT_VEHTYPE" speed="12.85" pos="22.60" lane="1/3to2/3_0" slope="0.00"/>
        <vehicle id="7" x="38.89" y="198.35" angle="90.00" type="DEFAULT_VEHTYPE" speed="13.03" pos="38.89" lane="0/1to1/1_0" slope="0.00"/>
        <vehicle id="8" x="201.65" y="180.04" angle="180.00" type="DEFAULT_VEHTYPE" speed="12.84" pos="180.04" lane="1/0to1/1_0" slope="0.00"/>
    </timestep>
    <timestep time="230.00">
        <vehicle id="0" x="398.35" y="597.50" angle="0.00" type="DEFAULT_VEHTYPE" speed="13.55" pos="7.25" lane=":2/3_1_0" slope="0.00"/>
        <vehicle id="10" x="672.68" y="201.65" angle="-90.00" type="DEFAULT_VEHTYPE" speed="13.61" pos="127.32" lane="4/1to3/1_0" slope="0.00"/>
        <vehicle id="11" x="168.87" y="201.65" angle="-90.00" type="DEFAULT_VEHTYPE" speed="12.66" pos="26.38" lane="1/1to0/1_0" slope="0.00"/>
        <vehicle id="12" x="398.35" y="511.95" angle="0.00" type="DEFAULT_VEHTYPE" speed="13.20" pos="83.30" lane="2/3to2/2_0" slope="0.00"/>
        <vehicle id="15" x="201.65" y="144.49" angle="180.00" type="DEFAULT_VEHTYPE" speed="13.59" pos="144.49" lane="1/0to1/1_0" slope="0.00"/>
        <vehicle id="19" x="201.65" y="528.66" angle="180.00" type="DEFAULT_VEHTYPE" speed="12.68" pos="123.91" lane="1/2to1/3_0" slope="0.00"/>
        <vehicle id="2" x="673.83" y="598.35" angle="90.00" type="DEFAULT_VEHTYPE" speed="13.29" pos="69.08" lane="3/3to4/3_0" slope="0.00"/>
        <vehicle id="20" x="444.21" y="198.35" angle="90.00" type="DEFAULT_VEHTYPE" speed="12.74" pos="39.46" lane="2/1to3/1_0" slope="0.00"/>
        <vehicle id="23" x="159.19" y="401.65" angle="-90.00" type="DEFAULT_VEHTYPE" speed="12.92" pos="36.06" lane="1/2to0/2_0" slope="0.00"/>
        <vehicle id="24" x="77.69" y="398.35" angle="90.00" type="DEFAULT_VEHTYPE" speed="13.33" pos="77.69" lane="0/2to1/2_0" slope="0.00"/>
        <vehicle id="4" x="355.08" y="598.35" angle="90.00" type="DEFAULT_VEHTYPE" speed="12.62" pos="150.33" lane="1/3to2/3_0" slope="0.00"/>
        <vehicle id="5" x="398.35" y="625.92" angle="0.00" type="DEFAULT_VEHTYPE" speed="13.34" pos="174.08" lane="2/4to2/3_0" slope="0.00"/>
        <vehicle id="6" x="240.67" y="598.35" angle="90.00" type="DEFAULT_VEHTYPE" speed="13.32" pos="35.92" lane="1/3to2/3_0" slope="0.00"/>
        <vehicle id="7" x="51.97" y="198.35" angle="90.00" type="DEFAULT_VEHTYPE" speed="13.07" pos="51.97" lane="0/1to1/1_0" slope="0.00"/>
        <vehicle id="8" x="201.65" y="192.70" angle="180.00" type="DEFAULT_VEHTYPE" speed="12.66" pos="192.70" lane="1/0to1/1_0" slope="0.00"/>
    </timestep>
    <timestep time="231.00">
        <vehicle id="0" x="398.35" y="583.72" angle="0.00" type="DEFAULT_VEHTYPE" speed="13.78" pos="11.53" lane="2/3to2/2_0" slope="0.00"/>
        <vehicle id="10" x="659.23" y="201.65" angle="-90.00" type="DEFAULT_VEHTYPE" speed="13.45" pos="140.77" lane="4/1to3/1_0" slope="0.00"/>
        <vehicle id="11" x="155.65" y="201.65" angle="-90.00" type="DEFAULT_VEHTYPE" speed="13.22" pos="39.60" lane="1/1to0/1_0" slope="0.00"/>
        <vehicle id="12" x="398.35" y="498.91" angle="0.00" type="DEFAULT_VEHTYPE" speed="13.04" pos="96.34" lane="2/3to2/2_0" slope="0.00"/>
        <vehicle id="15" x="201.65" y="157.76" angle="180.00" type="DEFAULT_VEHTYPE" speed="13.28" pos="157.76" lane="1/0to1/1_0" slope="0.00"/>
        <vehicle id="19" x="201.65" y="542.21" angle="180.00" type="DEFAULT_VEHTYPE" speed="13.55" pos="137.46" lane="1/2to1/3_0" slope="0.00"/>
        <vehicle id="2" x="687.62" y="598.35" angle="90.00" type="DEFAULT_VEHTYPE" speed="13.79" pos="82.87" lane="3/3to4/3_0" slope="0.00"/>
        <vehicle id="20" x="457.70" y="198.35" angle="90.00" type="DEFAULT_VEHTYPE" speed="13.49" pos="52.95" lane="2/1to3/1_0" slope="0.00"/>
        <vehicle id="23" x="145.74" y="401.65" angle="-90.00" type="DEFAULT_VEHTYPE" speed="13.45" pos="49.51" lane="1/2to0/2_0" slope="0.00"/>
        <vehicle id="24" x="91.32" y="398.35" angle="90.00" type="DEFAULT_VEHTYPE" speed="13.64" pos="91.32" lane="0/2to1/2_0" slope="0.00"/>
        <vehicle id="4" x="368.20" y="598.35" angle="90.00" type="DEFAULT_VEHTYPE" speed="13.11" pos="163.45" lane="1/3to2/3_0" slope="0.00"/>
        <vehicle id="5" x="398.35" y="613.05" angle="0.00" type="DEFAULT_VEHTYPE" speed="12.86" pos="186.95" lane="2/4to2/3_0" slope="0.00"/>
        <vehicle id="6" x="253.67" y="598.35" angle="90.00" type="DEFAULT_VEHTYPE" speed="13.00" pos="48.92" lane="1/3to2/3_0" slope="0.00"/>
        <vehicle id="7" x="64.99" y="198.35" angle="90.00" type="DEFAULT_VEHTYPE" speed="13.03" pos="64.99" lane="0/1to1/1_0" slope="0.00"/>
        <vehicle id="8" x="209.93" y="198.35" angle="90.00" type="DEFAULT_VEHTYPE" speed="12.73" pos="5.18" lane="1/1to2/1_0" slope="0.00"/>
    </timestep>
    <timestep time="232.00">
        <vehicle id="0" x="398.35" y="570.99" angle="0.00" type="DEFAULT_VEHTYPE" speed="12.73" pos="24.26" lane="2/3to2/2_0" slope="0.00"/>
        <vehicle id="10" x="645.95" y="201.65" angle="-90.00" type="DEFAULT_VEHTYPE" speed="13.28" pos="154.05" lane="4/1to3/1_0" slope="0.00"/>
        <vehicle id="11" x="142.22" y="201.65" angle="-90.00" type="DEFAULT_VEHTYPE" speed="13.43" pos="53.03" lane="1/1to0/1_0" slope="0.00"/>
        <vehicle id="12" x="398.35" y="485.35" angle="0.00" type="DEFAULT_VEHTYPE" speed="13.56" pos="109.90" lane="2/3to2/2_0" slope="0.00"/>
        <vehicle id="15" x="201.65" y="170.76" angle="180.00" type="DEFAULT_VEHTYPE" speed="13.00" pos="170.76" lane="1/0to1/1_0" slope="0.00"/>
        <vehicle id="19" x="201.65" y="555.94" angle="180.00" type="DEFAULT_VEHTYPE" speed="13.73" pos="151.19" lane="1/2to1/3_0" slope="0.00"/>
        <vehicle id="2" x="700.28" y="598.35" angle="90.00" type="DEFAULT_VEHTYPE" speed="12.66" pos="95.53" lane="3/3to4/3_0" slope="0.00"/>
        <vehicle id="20" x="470.48" y="198.35" angle="90.00" type="DEFAULT_VEHTYPE" speed="12.79" pos="65.73" lane="2/1to3/1_0" slope="0.00"/>
        <vehicle id="23" x="132.92" y="401.65" angle="-90.00" type="DEFAULT_VEHTYPE" speed="12.82" pos="62.33" lane="1/2to0/2_0" slope="0.00"/>
        <vehicle id="24" x="104.66" y="398.35" angle="90.00" type="DEFAULT_VEHTYPE" speed="13.34" pos="104.66" lane="0/2to1/2_0" slope="0.00"/>
        <vehicle id="4" x="378.23" y="598.35" angle="90.00" type="DEFAULT_VEHTYPE" speed="10.04" pos="173.48" lane="1/3to2/3_0" slope="0.00"/>
        <vehicle id="5" x="398.35" y="599.16" angle="0.00" type="DEFAULT_VEHTYPE" speed="13.89" pos="5.59" lane=":2/3_1_0" slope="0.00"/>
        <vehicle id="6" x="266.30" y="598.35" angle="90.00" type="DEFAULT_VEHTYPE" speed="12.63" pos="61.55" lane="1/3to2/3_0" slope="0.00"/>
        <vehicle id="7" x="78.46" y="198.35" angle="90.00" type="DEFAULT_VEHTYPE" speed="13.46" pos="78.46" lane="0/1to1/1_0" slope="0.00"/>
        <vehicle id="8" x="223.67" y="198.35" angle="90.00" type="DEFAULT_VEHTYPE" speed="13.74" pos="18.92" lane="1/1to2/1_0" slope="0.00"/>
    </timestep>
    <timestep time="233.00">
        <vehicle id="0" x="398.35" y="557.66" angle="0.00" type="DEFAULT_VEHTYPE" speed="13.33" pos="37.59" lane="2/3to2/2_0" slope="0.00"/>
        <vehicle id="10" x="632.37" y="201.65" angle="-90.00" type="DEFAULT_VEHTYPE" speed="13.58" pos="167.63" lane="4/1to3/1_0" slope="0.00"/>
        <vehicle id="11" x="129.07" y="201.65" angle="-90.00" type="DEFAULT_VEHTYPE" speed="13.15" pos="66.18" lane="1/1to0/1_0" slope="0.00"/>
        <vehicle id="12" x="398.35" y="471.88" angle="0.00" type="DEFAULT_VEHTYPE" speed="13.46" pos="123.37" lane="2/3to2/2_0" slope="0.00"/>
        <vehicle id="15" x="201.65" y="184.56" angle="180.00" type="DEFAULT_VEHTYPE" speed="13.79" pos="184.56" lane="1/0to1/1_0" slope="0.00"/>
        <vehicle id="19" x="201.65" y="568.59" angle="180.00" type="DEFAULT_VEHTYPE" speed="12.65" pos="163.84" lane="1/2to1/3_0" slope="0.00"/>
        <vehicle id="2" x="713.00" y="598.35" angle="90.00" type="DEFAULT_VEHTYPE" speed="12.72" pos="108.25" lane="3/3to4/3_0" slope="0.00"/>
        <vehicle id="20" x="483.46" y="198.35" angle="90.00" type="DEFAULT_VEHTYPE" speed="12.98" pos="78.71" lane="2/1to3/1_0" slope="0.00"/>
        <vehicle id="23" x="120.19" y="401.65" angle="-90.00" type="DEFAULT_VEHTYPE" speed="12.73" pos="75.06" lane="1/2to0/2_0" slope="0.00"/>
        <vehicle id="24" x="117.99" y="398.35" angle="90.00" type="DEFAULT_VEHTYPE" speed="13.33" pos="117.99" lane="0/2to1/2_0" slope="0.00"/>
        <vehicle id="4" x="384.82" y="598.35" angle="90.00" type="DEFAULT_VEHTYPE" speed="6.59" pos="180.07" lane="1/3to2/3_0" slope="0.00"/>
        <vehicle id="5" x="398.35" y="585.47" angle="0.00" type="DEFAULT_VEHTYPE" speed="13.69" pos="9.78" lane="2/3to2/2_0" slope="0.00"/>
        <vehicle id="6" x="280.11" y="598.35" angle="90.00" type="DEFAULT_VEHTYPE" speed="13.81" pos="75.36" lane="1/3to2/3_0" slope="0.00"/>
        <vehicle id="7" x="92.35" y="198.35" angle="90.00" type="DEFAULT_VEHTYPE" speed="13.89" pos="92.35" lane="0/1to1/1_0" slope="0.00"/>
        <vehicle id="8" x="237.29" y="198.35" angle="90.00" type="DEFAULT_VEHTYPE" speed="13.63" pos="32.54" lane="1/1to2/1_0" slope="0.00"/>
    </timestep>
    <timestep time="234.00">
        <vehicle id="0" x="398.35" y="544.70" angle="0.00" type="DEFAULT_VEHTYPE" speed="12.96" pos="50.55" lane="2/3to2/2_0" slope="0.00"/>
        <vehicle id="10" x="621.44" y="201.65" angle="-90.00" type="DEFAULT_VEHTYPE" speed="10.93" pos="178.56" lane="4/1to3/1_0" slope="0.00"/>
        <vehicle id="11" x="116.46" y="201.65" angle="-90.00" type="DEFAULT_VEHTYPE" speed="12.61" pos="78.79" lane="1/1to0/1_0" slope="0.00"/>
        <vehicle id="12" x="398.35" y="458.05" angle="0.00" type="DEFAULT_VEHTYPE" speed="13.83" pos="137.20" lane="2/3to2/2_0" slope="0.00"/>
        <vehicle id="15" x="202.51" y="197.63" angle="169.77" type="DEFAULT_VEHTYPE" speed="13.30" pos="2.60" lane=":1/1_8_0" slope="0.00"/>
        <vehicle id="19" x="201.65" y="582.41" angle="180.00" type="DEFAULT_VEHTYPE" speed="13.82" pos="177.66" lane="1/2to1/3_0" slope="0.00"/>
        <vehicle id="2" x="726.39" y="598.35" angle="90.00" type="DEFAULT_VEHTYPE" speed="13.38" pos="121.64" lane="3/3to4/3_0" slope="0.00"/>
        <vehicle id="20" x="496.72" y="198.35" angle="90.00" type="DEFAULT_VEHTYPE" speed="13.26" pos="91.97" lane="2/1to3/1_0" slope="0.00"/>
        <vehicle id="23" x="106.39" y="401.65" angle="-90.00" type="DEFAULT_VEHTYPE" speed="13.80" pos="88.86" lane="1/2to0/2_0" slope="0.00"/>
        <vehicle id="24" x="131.45" y="398.35" angle="90.00" type="DEFAULT_VEHTYPE" speed="13.46" pos="131.45" lane="0/2to1/2_0" slope="0.00"/>
        <vehicle id="4" x="388.76" y="598.35" angle="90.00" type="DEFAULT_VEHTYPE" speed="3.94" pos="184.01" lane="1/3to2/3_0" slope="0.00"/>
        <vehicle id="5" x="398.35" y="572.56" angle="0.00" type="DEFAULT_VEHTYPE" speed="12.91" pos="22.69" lane="2/3to2/2_0" slope="0.00"/>
        <vehicle id="6" x="293.61" y="598.35" angle="90.00" type="DEFAULT_VEHTYPE" speed="13.50" pos="88.86" lane="1/3to2/3_0" slope="0.00"/>
        <vehicle id="7" x="105.45" y="198.35" angle="90.00" type="DEFAULT_VEHTYPE" speed="13.10" pos="105.45" lane="0/1to1/1_0" slope="0.00"/>
        <vehicle id="8" x="251.10" y="198.35" angle="90.00" type="DEFAULT_VEHTYPE" speed="13.81" pos="46.35" lane="1/1to2/1_0" slope="0.00"/>
    </timestep>
    <timestep time="235.00">
        <vehicle id="0" x="398.35" y="532.08" angle="0.00" type="DEFAULT_VEHTYPE" speed="12.62" pos="63.17" lane="2/3to2/2_0" slope="0.00"/>
        <vehicle id="10" x="614.91" y="201.65" angle="-90.00" type="DEFAULT_VEHTYPE" speed="6.53" pos="185.09" lane="4/1to3/1_0" slope="0.00"/>
        <vehicle id="11" x="103.60" y="201.65" angle="-90.00" type="DEFAULT_VEHTYPE" speed="12.86" pos="91.65" lane="1/1to0/1_0" slope="0.00"/>
        <vehicle id="12" x="398.35" y="444.69" angle="0.00" type="DEFAULT_VEHTYPE" speed="13.36" pos="150.56" lane="2/3to2/2_0" slope="0.00"/>
        <vehicle id="15" x="215.06" y="198.35" angle="90.00" type="DEFAULT_VEHTYPE" speed="12.70" pos="10.31" lane="1/1to2/1_0" slope="0.00"/>
        <vehicle id="19" x="201.73" y="595.79" angle="179.14" type="DEFAULT_VEHTYPE" speed="13.38" pos="0.54" lane=":1/3_8_0" slope="0.00"/>
        <vehicle id="2" x="739.14" y="598.35" angle="90.00" type="DEFAULT_VEHTYPE" speed="12.75" pos="134.39" lane="3/3to4/3_0" slope="0.00"/>
        <vehicle id="20" x="510.47" y="198.35" angle="90.00" type="DEFAULT_VEHTYPE" speed="13.75" pos="105.72" lane="2/1to3/1_0" slope="0.00"/>
        <vehicle id="23" x="93.32" y="401.65" angle="-90.00" type="DEFAULT_VEHTYPE" speed="13.07" pos="101.93" lane="1/2to0/2_0" slope="0.00"/>
        <vehicle id="24" x="144.78" y="398.35" angle="90.00" type="DEFAULT_VEHTYPE" speed="13.33" pos="144.78" lane="0/2to1/2_0" slope="0.00"/>
        <vehicle id="4" x="394.02" y="598.35" angle="90.00" type="DEFAULT_VEHTYPE" speed="5.26" pos="189.27" lane="1/3to2/3_0" slope="0.00"/>
        <vehicle id="5" x="398.35" y="559.07" angle="0.00" type="DEFAULT_VEHTYPE" speed="13.49" pos="36.18" lane="2/3to2/2_0" slope="0.00"/>
        <vehicle id="6" x="306.28" y="598.35" angle="90.00" type="DEFAULT_VEHTYPE" speed="12.67" pos="101.53" lane="1/3to2/3_0" slope="0.00"/>
        <vehicle id="7" x="118.52" y="198.35" angle="90.00" type="DEFAULT_VEHTYPE" speed="13.07" pos="118.52" lane="0/1to1/1_0" slope="0.00"/>
        <vehicle id="8" x="264.62" y="198.35" angle="90.00" type="DEFAULT_VEHTYPE" speed="13.51" pos="59.87" lane="1/1to2/1_0" slope="0.00"/>
    </timestep>
    <timestep time="236.00">
        <vehicle id="0" x="398.35" y="519.04" angle="0.00" type="DEFAULT_VEHTYPE" speed="13.04" pos="76.21" lane="2/3to2/2_0" slope="0.00"/>
        <vehicle id="10" x="610.56" y="201.65" angle="-90.00" type="DEFAULT_VEHTYPE" speed="4.35" pos="189.44" lane="4/1to3/1_0" slope="0.00"/>
        <vehicle id="11" x="90.41" y="201.65" angle="-90.00" type="DEFAULT_VEHTYPE" speed="13.19" pos="104.84" lane="1/1to0/1_0" slope="0.00"/>
        <vehicle id="12" x="398.35" y="431.63" angle="0.00" type="DEFAULT_VEHTYPE" speed="13.06" pos="163.62" lane="2/3to2/2_0" slope="0.00"/>
        <vehicle id="15" x="228.11" y="198.35" angle="90.00" type="DEFAULT_VEHTYPE" speed="13.05" pos="23.36" lane="1/1to2/1_0" slope="0.00"/>
        <vehicle id="19" x="213.21" y="598.35" angle="90.00" type="DEFAULT_VEHTYPE" speed="12.92" pos="8.46" lane="1/3to2/3_0" slope="0.00"/>
        <vehicle id="2" x="752.62" y="598.35" angle="90.00" type="DEFAULT_VEHTYPE" speed="13.48" pos="147.87" lane="3/3to4/3_0" slope="0.00"/>
        <vehicle id="20" x="523.18" y="198.35" angle="90.00" type="DEFAULT_VEHTYPE" speed="12.71" pos="118.43" lane="2/1to3/1_0" slope="0.00"/>
        <vehicle id="23" x="79.98" y="401.65" angle="-90.00" type="DEFAULT_VEHTYPE" speed="13.34" pos="115.27" lane="1/2to0/2_0" slope="0.00"/>
        <vehicle id="24" x="157.62" y="398.35" angle="90.00" type="DEFAULT_VEHTYPE" speed="12.84" pos="157.62" lane="0/2to1/2_0" slope="0.00"/>
        <vehicle id="4" x="400.33" y="600.41" angle="114.13" type="DEFAULT_VEHTYPE" speed="6.93" pos="5.70" lane=":2/3_14_0" slope="0.00"/>
        <vehicle id="5" x="398.35" y="546.26" angle="0.00" type="DEFAULT_VEHTYPE" speed="12.81" pos="48.99" lane="2/3to2/2_0" slope="0.00"/>
        <vehicle id="6" x="319.18" y="598.35" angle="90.00" type="DEFAULT_VEHTYPE" speed="12.90" pos="114.43" lane="1/3to2/3_0" slope="0.00"/>
        <vehicle id="7" x="132.12" y="198.35" angle="90.00" type="DEFAULT_VEHTYPE" speed="13.60" pos="132.12" lane="0/1to1/1_0" slope="0.00"/>
        <vehicle id="8" x="278.41" y="198.35" angle="90.00" type="DEFAULT_VEHTYPE" speed="13.80" pos="73.66" lane="1/1to2/1_0" slope="0.00"/>
    </timestep>
    <timestep time="237.00">
        <vehicle id="0" x="398.35" y="505.31" angle="0.00" type="DEFAULT_VEHTYPE" speed="13.73" pos="89.94" lane="2/3to2/2_0" slope="0.00"/>
        <vehicle id="10" x="603.88" y="201.77" angle="-91.39" type="DEFAULT_VEHTYPE" speed="6.69" pos="0.87" lane=":3/1_4_0" slope="0.00"/>
        <vehicle id="11" x="77.30" y="201.65" angle="-90.00" type="DEFAULT_VEHTYPE" speed="13.11" pos="117.95" lane="1/1to0/1_0" slope="0.00"/>
        <vehicle id="12" x="398.35" y="418.54" angle="0.00" type="DEFAULT_VEHTYPE" speed="13.09" pos="176.71" lane="2/3to2/2_0" slope="0.00"/>
        <vehicle id="15" x="241.01" y="198.35" angle="90.00" type="DEFAULT_VEHTYPE" speed="12.90" pos="36.26" lane="1/1to2/1_0" slope="0.00"/>
        <vehicle id="19" x="225.96" y="598.35" angle="90.00" type="DEFAULT_VEHTYPE" speed="12.75" pos="21.21" lane="1/3to2/3_0" slope="0.00"/>
        <vehicle id="2" x="766.42" y="598.35" angle="90.00" type="DEFAULT_VEHTYPE" speed="13.80" pos="161.67" lane="3/3to4/3_0" slope="0.00"/>
        <vehicle id="20" x="536.22" y="198.35" angle="90.00" type="DEFAULT_VEHTYPE" speed="13.04" pos="131.47" lane="2/1to3/1_0" slope="0.00"/>
        <vehicle id="23" x="67.24" y="401.65" angle="-90.00" type="DEFAULT_VEHTYPE" speed="12.74" pos="128.01" lane="1/2to0/2_0" slope="0.00"/>
        <vehicle id="24" x="171.13" y="398.35" angle="90.00" type="DEFAULT_VEHTYPE" speed="13.51" pos="171.13" lane="0/2to1/2_0" slope="0.00"/>
        <vehicle id="4" x="401.65" y="609.61" angle="179.76" type="DEFAULT_VEHTYPE" speed="9.48" pos="4.86" lane="2/3to2/4_0" slope="0.00"/>
        <vehicle id="5" x="398.35" y="532.37" angle="0.00" type="DEFAULT_VEHTYPE" speed="13.89" pos="62.88" lane="2/3to2/2_0" slope="0.00"/>
        <vehicle id="6" x="332.19" y="598.35" angle="90.00" type="DEFAULT_VEHTYPE" speed="13.01" pos="127.44" lane="1/3to2/3_0" slope="0.00"/>
        <vehicle id="7" x="145.80" y="198.35" angle="90.00" type="DEFAULT_VEHTYPE" speed="13.68" pos="145.80" lane="0/1to1/1_0" slope="0.00"/>
        <vehicle id="8" x="291.40" y="198.35" angle="90.00" type="DEFAULT_VEHTYPE" speed="12.99" pos="86.65" lane="1/1to2/1_0" slope="0.00"/>
    </timestep>
    <timestep time="238.00">
        <vehicle id="0" x="398.35" y="492.33" angle="0.00" type="DEFAULT_VEHTYPE" speed="12.98" pos="102.92" lane="2/3to2/2_0" slope="0.00"/>
        <vehicle id="10" x="601.65" y="209.43" angle="-179.49" type="DEFAULT_VEHTYPE" speed="8.81" pos="4.68" lane="3/1to3/2_0" slope="0.00"/>
        <vehicle id="11" x="64.08" y="201.65" angle="-90.00" type="DEFAULT_VEHTYPE" speed="13.22" pos="131.17" lane="1/1to0/1_0" slope="0.00"/>
        <vehicle id="12" x="398.35" y="405.02" angle="0.00" type="DEFAULT_VEHTYPE" speed="13.53" pos="190.23" lane="2/3to2/2_0" slope="0.00"/>
        <vehicle id="15" x="254.22" y="198.35" angle="90.00" type="DEFAULT_VEHTYPE" speed="13.21" pos="49.47" lane="1/1to2/1_0" slope="0.00"/>
        <vehicle id="19" x="239.72" y="598.35" angle="90.00" type="DEFAULT_VEHTYPE" speed="13.75" pos="34.97" lane="1/3to2/3_0" slope="0.00"/>
        <vehicle id="2" x="780.17" y="598.35" angle="90.00" type="DEFAULT_VEHTYPE" speed="13.75" pos="175.42" lane="3/3to4/3_0" slope="0.00"/>
        <vehicle id="20" x="550.09" y="198.35" angle="90.00" type="DEFAULT_VEHTYPE" speed="13.86" pos="145.34" lane="2/1to3/1_0" slope="0.00"/>
        <vehicle id="23" x="53.66" y="401.65" angle="-90.00" type="DEFAULT_VEHTYPE" speed="13.58" pos="141.59" lane="1/2to0/2_0" slope="0.00"/>
        <vehicle id="24" x="180.17" y="398.35" angle="90.00" type="DEFAULT_VEHTYPE" speed="9.04" pos="180.17" lane="0/2to1/2_0" slope="0.00"/>
        <vehicle id="4" x="401.65" y="620.95" angle="180.00" type="DEFAULT_VEHTYPE" speed="11.34" pos="16.20" lane="2/3to2/4_0" slope="0.00"/>
        <vehicle id="5" x="398.35" y="519.23" angle="0.00" type="DEFAULT_VEHTYPE" speed="13.14" pos="76.02" lane="2/3to2/2_0" slope="0.00"/>
        <vehicle id="6" x="345.58" y="598.35" angle="90.00" type="DEFAULT_VEHTYPE" speed="13.39" pos="140.83" lane="1/3to2/3_0" slope="0.00"/>
        <vehicle id="7" x="158.88" y="198.35" angle="90.00" type="DEFAULT_VEHTYPE" speed="13.08" pos="158.88" lane="0/1to1/1_0" slope="0.00"/>
        <vehicle id="8" x="304.19" y="198.35" angle="90.00" type="DEFAULT_VEHTYPE" speed="12.79" pos="99.44" lane="1/1to2/1_0" slope="0.00"/>
    </timestep>
    <timestep time="239.00">
        <vehicle id="0" x="398.35" y="478.44" angle="0.00" type="DEFAULT_VEHTYPE" speed="13.89" pos="116.81" lane="2/3to2/2_0" slope="0.00"/>
        <vehicle id="10" x="601.65" y="219.61" angle="180.00" type="DEFAULT_VEHTYPE" speed="10.18" pos="14.86" lane="3/1to3/2_0" slope="0.00"/>
        <vehicle id="11" x="50.23" y="201.65" angle="-90.00" type="DEFAULT_VEHTYPE" speed="13.85" pos="145.02" lane="1/1to0/1_0" slope="0.00"/>
        <vehicle id="12" x="398.35" y="391.96" angle="0.00" type="DEFAULT_VEHTYPE" speed="13.06" pos="3.29" lane="2/2to2/1_0" slope="0.00"/>
        <vehicle id="15" x="267.55" y="198.35" angle="90.00" type="DEFAULT_VEHTYPE" speed="13.33" pos="62.80" lane="1/1to2/1_0" slope="0.00"/>
        <vehicle id="19" x="253.40" y="598.35" angle="90.00" type="DEFAULT_VEHTYPE" speed="13.68" pos="48.65" lane="1/3to2/3_0" slope="0.00"/>
        <vehicle id="2" x="793.97" y="598.35" angle="90.00" type="DEFAULT_VEHTYPE" speed="13.80" pos="189.22" lane="3/3to4/3_0" slope="0.00"/>
        <vehicle id="20" x="562.76" y="198.35" angle="90.00" type="DEFAULT_VEHTYPE" speed="12.68" pos="158.01" lane="2/1to3/1_0" slope="0.00"/>
        <vehicle id="23" x="40.35" y="401.65" angle="-90.00" type="DEFAULT_VEHTYPE" speed="13.31" pos="154.90" lane="1/2to0/2_0" slope="0.00"/>
        <vehicle id="24" x="187.18" y="398.35" angle="90.00" type="DEFAULT_VEHTYPE" speed="7.00" pos="187.18" lane="0/2to1/2_0" slope="0.00"/>
        <vehicle id="4" x="401.65" y="633.89" angle="180.00" type="DEFAULT_VEHTYPE" speed="12.94" pos="29.14" lane="2/3to2/4_0" slope="0.00"/>
        <vehicle id="5" x="398.35" y="506.54" angle="0.00" type="DEFAULT_VEHTYPE" speed="12.69" pos="88.71" lane="2/3to2/2_0" slope="0.00"/>
        <vehicle id="6" x="359.25" y="598.35" angle="90.00" type="DEFAULT_VEHTYPE" speed="13.68" pos="154.50" lane="1/3to2/3_0" slope="0.00"/>
        <vehicle id="7" x="172.08" y="198.35" angle="90.00" type="DEFAULT_VEHTYPE" speed="13.20" pos="172.08" lane="0/1to1/1_0" slope="0.00"/>
        <vehicle id="8" x="317.00" y="198.35" angle="90.00" type="DEFAULT_VEHTYPE" speed="12.80" pos="112.25" lane="1/1to2/1_0" slope="0.00"/>
    </timestep>
    <timestep time="240.00">
        <vehicle id="0" x="398.35" y="465.41" angle="0.00" type="DEFAULT_VEHTYPE" speed="13.03" pos="129.84" lane="2/3to2/2_0" slope="0.00"/>
        <vehicle id="10" x="601.65" y="231.70" angle="180.00" type="DEFAULT_VEHTYPE" speed="12.09" pos="26.95" lane="3/1to3/2_0" slope="0.00"/>
        <vehicle id="11" x="37.41" y="201.65" angle="-90.00" type="DEFAULT_VEHTYPE" speed="12.83" pos="157.84" lane="1/1to0/1_0" slope="0.00"/>
        <vehicle id="12" x="398.35" y="378.25" angle="0.00" type="DEFAULT_VEHTYPE" speed="13.71" pos="17.00" lane="2/2to2/1_0" slope="0.00"/>
        <vehicle id="15" x="280.50" y="198.35" angle="90.00" type="DEFAULT_VEHTYPE" speed="12.95" pos="75.75" lane="1/1to2/1_0" slope="0.00"/>
        <vehicle id="19" x="266.79" y="598.35" angle="90.00" type="DEFAULT_VEHTYPE" speed="13.39" pos="62.04" lane="1/3to2/3_0" slope="0.00"/>
        <vehicle id="2" x="797.00" y="601.65" angle="-106.00" type="DEFAULT_VEHTYPE" speed="13.85" pos="3.00" lane="4/3to3/3_0" slope="0.00"/>
        <vehicle id="20" x="574.02" y="198.35" angle="90.00" type="DEFAULT_VEHTYPE" speed="11.26" pos="169.27" lane="2/1to3/1_0" slope="0.00"/>
        <vehicle id="23" x="27.27" y="401.65" angle="-90.00" type="DEFAULT_VEHTYPE" speed="13.08" pos="167.98" lane="1/2to0/2_0" slope="0.00"/>
        <vehicle id="24" x="190.38" y="398.35" angle="90.00" type="DEFAULT_VEHTYPE" speed="3.20" pos="190.38" lane="0/2to1/2_0" slope="0.00"/>
        <vehicle id="4" x="401.65" y="647.27" angle="180.00" type="DEFAULT_VEHTYPE" speed="13.38" pos="42.52" lane="2/3to2/4_0" slope="0.00"/>
        <vehicle id="5" x="398.35" y="493.55" angle="0.00" type="DEFAULT_VEHTYPE" speed="12.99" pos="101.70" lane="2/3to2/2_0" slope="0.00"/>
        <vehicle id="6" x="371.55" y="598.35" angle="90.00" type="DEFAULT_VEHTYPE" speed="12.30" pos="166.80" lane="1/3to2/3_0" slope="0.00"/>
        <vehicle id="7" x="180.77" y="198.35" angle="90.00" type="DEFAULT_VEHTYPE" speed="8.70" pos="180.77" lane="0/1to1/1_0" slope="0.00"/>
        <vehicle id="8" x="330.36" y="198.35" angle="90.00" type="DEFAULT_VEHTYPE" speed="13.37" pos="125.61" lane="1/1to2/1_0" slope="0.00"/>
    </timestep>
    <timestep time="241.00">
        <vehicle id="0" x="398.35" y="451.81" angle="0.00" type="DEFAULT_VEHTYPE" speed="13.60" pos="143.44" lane="2/3to2/2_0" slope="0.00"/>
        <vehicle id="10" x="601.65" y="245.33" angle="180.00" type="DEFAULT_VEHTYPE" speed="13.63" pos="40.58" lane="3/1to3/2_0" slope="0.00"/>
        <vehicle id="11" x="24.48" y="201.65" angle="-90.00" type="DEFAULT_VEHTYPE" speed="12.93" pos="170.77" lane="1/1to0/1_0" slope="0.00"/>
        <vehicle id="12" x="398.35" y="365.31" angle="0.00" type="DEFAULT_VEHTYPE" speed="12.93" pos="29.94" lane="2/2to2/1_0" slope="0.00"/>
        <vehicle id="15" x="293.36" y="198.35" angle="90.00" type="DEFAULT_VEHTYPE" speed="12.86" pos="88.61" lane="1/1to2/1_0" slope="0.00"/>
        <vehicle id="19" x="280.66" y="598.35" angle="90.00" type="DEFAULT_VEHTYPE" speed="13.87" pos="75.91" lane="1/3to2/3_0" slope="0.00"/>
        <vehicle id="2" x="784.36" y="601.65" angle="-90.00" type="DEFAULT_VEHTYPE" speed="12.64" pos="15.64" lane="4/3to3/3_0" slope="0.00"/>
        <vehicle id="20" x="583.22" y="198.35" angle="90.00" type="DEFAULT_VEHTYPE" speed="9.21" pos="178.47" lane="2/1to3/1_0" slope="0.00"/>
        <vehicle id="23" x="13.59" y="401.65" angle="-90.00" type="DEFAULT_VEHTYPE" speed="13.68" pos="181.66" lane="1/2to0/2_0" slope="0.00"/>
        <vehicle id="24" x="195.88" y="398.44" angle="91.03" type="DEFAULT_VEHTYPE" speed="5.50" pos="0.63" lane=":1/2_14_0" slope="0.00"/>
        <vehicle id="4" x="401.65" y="660.60" angle="180.00" type="DEFAULT_VEHTYPE" speed="13.33" pos="55.85" lane="2/3to2/4_0" slope="0.00"/>
        <vehicle id="5" x="398.35" y="480.86" angle="0.00" type="DEFAULT_VEHTYPE" speed="12.70" pos="114.39" lane="2/3to2/2_0" slope="0.00"/>
        <vehicle id="6" x="380.38" y="598.35" angle="90.00" type="DEFAULT_VEHTYPE" speed="8.83" pos="175.63" lane="1/3to2/3_0" slope="0.00"/>
        <vehicle id="7" x="187.55" y="198.35" angle="90.00" type="DEFAULT_VEHTYPE" speed="6.78" pos="187.55" lane="0/1to1/1_0" slope="0.00"/>
        <vehicle id="8" x="343.93" y="198.35" angle="90.00" type="DEFAULT_VEHTYPE" speed="13.57" pos="139.18" lane="1/1to2/1_0" slope="0.00"/>
    </timestep>
    <timestep time="242.00">
        <vehicle id="0" x="398.35" y="438.67" angle="0.00" type="DEFAULT_VEHTYPE" speed="13.14" pos="156.58" lane="2/3to2/2_0" slope="0.00"/>
        <vehicle id="10" x="601.65" y="257.99" angle="180.00" type="DEFAULT_VEHTYPE" speed="12.66" pos="53.24" lane="3/1to3/2_0" slope="0.00"/>
        <vehicle id="11" x="11.69" y="201.65" angle="-90.00" type="DEFAULT_VEHTYPE" speed="12.79" pos="183.56" lane="1/1to0/1_0" slope="0.00"/>
        <vehicle id="12" x="398.35" y="352.05" angle="0.00" type="DEFAULT_VEHTYPE" speed="13.26" pos="43.20" lane="2/2to2/1_0" slope="0.00"/>
        <vehicle id="15" x="307.14" y="198.35" angle="90.00" type="DEFAULT_VEHTYPE" speed="13.78" pos="102.39" lane="1/1to2/1_0" slope="0.00"/>
        <vehicle id="19" x="293.41" y="598.35" angle="90.00" type="DEFAULT_VEHTYPE" speed="12.75" pos="88.66" lane="1/3to2/3_0" slope="0.00"/>
        <vehicle id="2" x="771.14" y="601.65" angle="-90.00" type="DEFAULT_VEHTYPE" speed="13.22" pos="28.86" lane="4/3to3/3_0" slope="0.00"/>
        <vehicle id="20" x="588.96" y="198.35" angle="90.00" type="DEFAULT_VEHTYPE" speed="5.74" pos="184.21" lane="2/1to3/1_0" slope="0.00"/>
        <vehicle id="23" x="0.98" y="401.65" angle="-90.00" type="DEFAULT_VEHTYPE" speed="12.61" pos="194.27" lane="1/2to0/2_0" slope="0.00"/>
        <vehicle id="24" x="201.35" y="402.63" angle="140.98" type="DEFAULT_VEHTYPE" speed="7.55" pos="8.18" lane=":1/2_14_0" slope="0.00"/>
        <vehicle id="4" x="401.65" y="674.09" angle="180.00" type="DEFAULT_VEHTYPE" speed="13.48" pos="69.34" lane="2/3to2/4_0" slope="0.00"/>
        <vehicle id="5" x="398.35" y="467.17" angle="0.00" type="DEFAULT_VEHTYPE" speed="13.69" pos="128.08" lane="2/3to2/2_0" slope="0.00"/>
        <vehicle id="6" x="386.85" y="598.35" angle="90.00" type="DEFAULT_VEHTYPE" speed="6.47" pos="182.10" lane="1/3to2/3_0" slope="0.00"/>
        <vehicle id="7" x="190.52" y="198.35" angle="90.00" type="DEFAULT_VEHTYPE" speed="2.96" pos="190.52" lane="0/1to1/1_0" slope="0.00"/>
        <vehicle id="8" x="357.49" y="198.35" angle="90.00" type="DEFAULT_VEHTYPE" speed="13.56" pos="152.74" lane="1/1to2/1_0" slope="0.00"/>
    </timestep>
    <timestep time="243.00">
        <vehicle id="0" x="398.35" y="425.65" angle="0.00" type="DEFAULT_VEHTYPE" speed="13.02" pos="169.60" lane="2/3to2/2_0" slope="0.00"/>
        <vehicle id="10" x="601.65" y="270.80" angle="180.00" type="DEFAULT_VEHTYPE" speed="12.82" pos="66.05" lane="3/1to3/2_0" slope="0.00"/>
        <vehicle id="11" x="-1.26" y="200.78" angle="-79.62" type="DEFAULT_VEHTYPE" speed="13.23" pos="1.54" lane=":0/1_0_0" slope="0.00"/>
        <vehicle id="12" x="398.35" y="339.10" angle="0.00" type="DEFAULT_VEHTYPE" speed="12.94" pos="56.15" lane="2/2to2/1_0" slope="0.00"/>
        <vehicle id="15" x="319.95" y="198.35" angle="90.00" type="DEFAULT_VEHTYPE" speed="12.81" pos="115.20" lane="1/1to2/1_0" slope="0.00"/>
        <vehicle id="19" x="306.77" y="598.35" angle="90.00" type="DEFAULT_VEHTYPE" speed="13.36" pos="102.02" lane="1/3to2/3_0" slope="0.00"/>
        <vehicle id="2" x="758.24" y="601.65" angle="-90.00" type="DEFAULT_VEHTYPE" speed="12.90" pos="41.76" lane="4/3to3/3_0" slope="0.00"/>
        <vehicle id="20" x="596.57" y="198.54" angle="92.17" type="DEFAULT_VEHTYPE" speed="7.62" pos="1.34" lane=":3/1_14_0" slope="0.00"/>
        <vehicle id="23" x="7.82" y="398.35" angle="90.00" type="DEFAULT_VEHTYPE" speed="13.62" pos="7.82" lane="0/2to1/2_0" slope="0.00"/>
        <vehicle id="24" x="201.65" y="411.75" angle="180.00" type="DEFAULT_VEHTYPE" speed="9.14" pos="7.00" lane="1/2to1/3_0" slope="0.00"/>
        <vehicle id="4" x="401.65" y="687.17" angle="180.00" type="DEFAULT_VEHTYPE" speed="13.08" pos="82.42" lane="2/3to2/4_0" slope="0.00"/>
        <vehicle id="5" x="398.35" y="453.77" angle="0.00" type="DEFAULT_VEHTYPE" speed="13.39" pos="141.48" lane="2/3to2/2_0" slope="0.00"/>
        <vehicle id="6" x="390.59" y="598.35" angle="90.00" type="DEFAULT_VEHTYPE" speed="3.74" pos="185.84" lane="1/3to2/3_0" slope="0.00"/>
        <vehicle id="7" x="195.77" y="198.28" angle="89.18" type="DEFAULT_VEHTYPE" speed="5.25" pos="0.52" lane=":1/1_12_0" slope="0.00"/>
        <vehicle id="8" x="370.18" y="198.35" angle="90.00" type="DEFAULT_VEHTYPE" speed="12.69" pos="165.43" lane="1/1to2/1_0" slope="0.00"/>
    </timestep>
    <timestep time="244.00">
        <vehicle id="0" x="398.35" y="412.04" angle="0.00" type="DEFAULT_VEHTYPE" speed="13.61" pos="183.21" lane="2/3to2/2_0" slope="0.00"/>
        <vehicle id="10" x="601.65" y="284.57" angle="180.00" type="DEFAULT_VEHTYPE" speed="13.77" pos="79.82" lane="3/1to3/2_0" slope="0.00"/>
        <vehicle id="11" x="10.00" y="198.35" angle="90.00" type="DEFAULT_VEHTYPE" speed="13.28" pos="10.00" lane="0/1to1/1_0" slope="0.00"/>
        <vehicle id="12" x="398.35" y="326.28" angle="0.00" type="DEFAULT_VEHTYPE" speed="12.82" pos="68.97" lane="2/2to2/1_0" slope="0.00"/>
        <vehicle id="15" x="332.98" y="198.35" angle="90.00" type="DEFAULT_VEHTYPE" speed="13.03" pos="128.23" lane="1/1to2/1_0" slope="0.00"/>
        <vehicle id="19" x="319.52" y="598.35" angle="90.00" type="DEFAULT_VEHTYPE" speed="12.75" pos="114.77" lane="1/3to2/3_0" slope="0.00"/>
        <vehicle id="2" x="744.96" y="601.65" angle="-90.00" type="DEFAULT_VEHTYPE" speed="13.28" pos="55.04" lane="4/3to3/3_0" slope="0.00"/>
        <vehicle id="20" x="601.65" y="205.04" angle="163.76" type="DEFAULT_VEHTYPE" speed="9.27" pos="0.29" lane="3/1to3/2_0" slope="0.00"/>
        <vehicle id="23" x="21.34" y="398.35" angle="90.00" type="DEFAULT_VEHTYPE" speed="13.53" pos="21.34" lane="0/2to1/2_0" slope="0.00"/>
        <vehicle id="24" x="201.65" y="423.11" angle="180.00" type="DEFAULT_VEHTYPE" speed="11.37" pos="18.36" lane="1/2to1/3_0" slope="0.00"/>
        <vehicle id="4" x="401.65" y="700.35" angle="180.00" type="DEFAULT_VEHTYPE" speed="13.18" pos="95.60" lane="2/3to2/4_0" slope="0.00"/>
        <vehicle id="5" x="398.35" y="440.69" angle="0.00" type="DEFAULT_VEHTYPE" speed="13.08" pos="154.56" lane="2/3to2/2_0" slope="0.00"/>
        <vehicle id="6" x="396.31" y="598.50" angle="91.75" type="DEFAULT_VEHTYPE" speed="5.73" pos="1.08" lane=":2/3_14_0" slope="0.00"/>
        <vehicle id="7" x="198.35" y="192.21" angle="5.77" type="DEFAULT_VEHTYPE" speed="7.52" pos="3.04" lane="1/1to1/0_0" slope="0.00"/>
        <vehicle id="8" x="379.67" y="198.35" angle="90.00" type="DEFAULT_VEHTYPE" speed="9.49" pos="174.92" lane="1/1to2/1_0" slope="0.00"/>
    </timestep>
    <timestep time="245.00">
        <vehicle id="0" x="398.35" y="398.28" angle="0.00" type="DEFAULT_VEHTYPE" speed="13.76" pos="6.47" lane=":2/2_1_0" slope="0.00"/>
        <vehicle id="10" x="601.65" y="297.76" angle="180.00" type="DEFAULT_VEHTYPE" speed="13.19" pos="93.01" lane="3/1to3/2_0" slope="0.00"/>
        <vehicle id="11" x="23.55" y="198.35" angle="90.00" type="DEFAULT_VEHTYPE" speed="13.55" pos="23.55" lane="0/1to1/1_0" slope="0.00"/>
        <vehicle id="12" x="398.35" y="312.88" angle="0.00" type="DEFAULT_VEHTYPE" speed="13.41" pos="82.37" lane="2/2to2/1_0" slope="0.00"/>
        <vehicle id="15" x="346.56" y="198.35" angle="90.00" type="DEFAULT_VEHTYPE" speed="13.58" pos="141.81" lane="1/1to2/1_0" slope="0.00"/>
        <vehicle id="19" x="332.87" y="598.35" angle="90.00" type="DEFAULT_VEHTYPE" speed="13.35" pos="128.12" lane="1/3to2/3_0" slope="0.00"/>
        <vehicle id="2" x="732.32" y="601.65" angle="-90.00" type="DEFAULT_VEHTYPE" speed="12.65" pos="67.68" lane="4/3to3/3_0" slope="0.00"/>
        <vehicle id="20" x="601.65" y="216.32" angle="180.00" type="DEFAULT_VEHTYPE" speed="11.28" pos="11.57" lane="3/1to3/2_0" slope="0.00"/>
        <vehicle id="23" x="34.58" y="398.35" angle="90.00" type="DEFAULT_VEHTYPE" speed="13.24" pos="34.58" lane="0/2to1/2_0" slope="0.00"/>
        <vehicle id="24" x="201.65" y="436.01" angle="180.00" type="DEFAULT_VEHTYPE" speed="12.90" pos="31.26" lane="1/2to1/3_0" slope="0.00"/>
        <vehicle id="4" x="401.65" y="714.21" angle="180.00" type="DEFAULT_VEHTYPE" speed="13.86" pos="109.46" lane="2/3to2/4_0" slope="0.00"/>
        <vehicle id="5" x="398.35" y="427.64" angle="0.00" type="DEFAULT_VEHTYPE" speed="13.05" pos="167.61" lane="2/3to2/2_0" slope="0.00"/>
        <vehicle id="6" x="401.51" y="603.77" angle="152.88" type="DEFAULT_VEHTYPE" speed="8.25" pos="9.33" lane=":2/3_14_0" slope="0.00"/>
        <vehicle id="7" x="198.35" y="182.34" angle="0.00" type="DEFAULT_VEHTYPE" speed="9.87" pos="12.91" lane="1/1to1/0_0" slope="0.00"/>
        <vehicle id="8" x="386.58" y="198.35" angle="90.00" type="DEFAULT_VEHTYPE" speed="6.90" pos="181.83" lane="1/1to2/1_0" slope="0.00"/>
    </timestep>
    <timestep time="246.00">
        <vehicle id="0" x="398.35" y="385.10" angle="0.00" type="DEFAULT_VEHTYPE" speed="13.18" pos="10.15" lane="2/2to2/1_0" slope="0.00"/>
        <vehicle id="10" x="601.65" y="310.65" angle="180.00" type="DEFAULT_VEHTYPE" speed="12.88" pos="105.90" lane="3/1to3/2_0" slope="0.00"/>
        <vehicle id="11" x="36.33" y="198.35" angle="90.00" type="DEFAULT_VEHTYPE" speed="12.77" pos="36.33" lane="0/1to1/1_0" slope="0.00"/>
        <vehicle id="12" x="398.35" y="299.91" angle="0.00" type="DEFAULT_VEHTYPE" speed="12.97" pos="95.34" lane="2/2to2/1_0" slope="0.00"/>
        <vehicle id="15" x="360.31" y="198.35" angle="90.00" type="DEFAULT_VEHTYPE" speed="13.75" pos="155.56" lane="1/1to2/1_0" slope="0.00"/>
        <vehicle id="19" x="346.11" y="598.35" angle="90.00" type="DEFAULT_VEHTYPE" speed="13.24" pos="141.36" lane="1/3to2/3_0" slope="0.00"/>
        <vehicle id="2" x="719.55" y="601.65" angle="-90.00" type="DEFAULT_VEHTYPE" speed="12.76" pos="80.45" lane="4/3to3/3_0" slope="0.00"/>
        <vehicle id="20" x="601.65" y="228.96" angle="180.00" type="DEFAULT_VEHTYPE" speed="12.63" pos="24.21" lane="3/1to3/2_0" slope="0.00"/>
        <vehicle id="23" x="47.99" y="398.35" angle="90.00" type="DEFAULT_VEHTYPE" speed="13.41" pos="47.99" lane="0/2to1/2_0" slope="0.00"/>
        <vehicle id="24" x="201.65" y="448.72" angle="180.00" type="DEFAULT_VEHTYPE" speed="12.71" pos="43.97" lane="1/2to1/3_0" slope="0.00"/>
        <vehicle id="4" x="401.65" y="728.11" angle="180.00" type="DEFAULT_VEHTYPE" speed="13.90" pos="123.36" lane="2/3to2/4_0" slope="0.00"/>
        <vehicle id="5" x="398.35" y="414.22" angle="0.00" type="DEFAULT_VEHTYPE" speed="13.42" pos="181.03" lane="2/3to2/2_0" slope="0.00"/>
        <vehicle id="6" x="401.65" y="614.28" angle="180.00" type="DEFAULT_VEHTYPE" speed="10.52" pos="9.53" lane="2/3to2/4_0" slope="0.00"/>
        <vehicle id="7" x="198.35" y="170.91" angle="0.00" type="DEFAULT_VEHTYPE" speed="11.43" pos="24.34" lane="1/1to1/0_0" slope="0.00"/>
        <vehicle id="8" x="390.70" y="198.35" angle="90.00" type="DEFAULT_VEHTYPE" speed="4.12" pos="185.95" lane="1/1to2/1_0" slope="0.00"/>
    </timestep>
    <timestep time="247.00">
        <vehicle id="0" x="398.35" y="371.84" angle="0.00" type="DEFAULT_VEHTYPE" speed="13.26" pos="23.41" lane="2/2to2/1_0" slope="0.00"/>
        <vehicle id="10" x="601.65" y="323.46" angle="180.00" type="DEFAULT_VEHTYPE" speed="12.81" pos="118.71" lane="3/1to3/2_0" slope="0.00"/>
        <vehicle id="11" x="49.29" y="198.35" angle="90.00" type="DEFAULT_VEHTYPE" speed="12.96" pos="49.29" lane="0/1to1/1_0" slope="0.00"/>
        <vehicle id="12" x="398.35" y="286.30" angle="0.00" type="DEFAULT_VEHTYPE" speed="13.61" pos="108.95" lane="2/2to2/1_0" slope="0.00"/>
        <vehicle id="15" x="369.57" y="198.35" angle="90.00" type="DEFAULT_VEHTYPE" speed="9.26" pos="164.82" lane="1/1to2/1_0" slope="0.00"/>
        <vehicle id="19" x="359.93" y="598.35" angle="90.00" type="DEFAULT_VEHTYPE" speed="13.82" pos="155.18" lane="1/3to2/3_0" slope="0.00"/>
        <vehicle id="2" x="705.74" y="601.65" angle="-90.00" type="DEFAULT_VEHTYPE" speed="13.81" pos="94.26" lane="4/3to3/3_0" slope="0.00"/>
        <vehicle id="20" x="601.65" y="242.07" angle="180.00" type="DEFAULT_VEHTYPE" speed="13.12" pos="37.32" lane="3/1to3/2_0" slope="0.00"/>
        <vehicle id="23" x="61.87" y="398.35" angle="90.00" type="DEFAULT_VEHTYPE" speed="13.88" pos="61.87" lane="0/2to1/2_0" slope="0.00"/>
        <vehicle id="24" x="201.65" y="461.77" angle="180.00" type="DEFAULT_VEHTYPE" speed="13.05" pos="57.02" lane="1/2to1/3_0" slope="0.00"/>
        <vehicle id="4" x="401.65" y="741.13" angle="180.00" type="DEFAULT_VEHTYPE" speed="13.02" pos="136.38" lane="2/3to2/4_0" slope="0.00"/>
        <vehicle id="5" x="398.35" y="401.27" angle="0.00" type="DEFAULT_VEHTYPE" speed="12.96" pos="3.48" lane=":2/2_1_0" slope="0.00"/>
        <vehicle id="6" x="401.65" y="626.95" angle="180.00" type="DEFAULT_VEHTYPE" speed="12.67" pos="22.20" lane="2/3to2/4_0" slope="0.00"/>
        <vehicle id="7" x="198.35" y="157.45" angle="0.00" type="DEFAULT_VEHTYPE" speed="13.47" pos="37.80" lane="1/1to1/0_0" slope="0.00"/>
        <vehicle id="8" x="396.54" y="198.35" angle="90.00" type="DEFAULT_VEHTYPE" speed="5.84" pos="1.29" lane=":2/1_13_0" slope="0.00"/>
    </timestep>
    <timestep time="248.00">
        <vehicle id="0" x="398.35" y="358.83" angle="0.00" type="DEFAULT_VEHTYPE" speed="13.00" pos="36.42" lane="2/2to2/1_0" slope="0.00"/>
        <vehicle id="10" x="601.65" y="337.32" angle="180.00" type="DEFAULT_VEHTYPE" speed="13.87" pos="132.57" lane="3/1to3/2_0" slope="0.00"/>
        <vehicle id="11" x="61.98" y="198.35" angle="90.00" type="DEFAULT_VEHTYPE" speed="12.69" pos="61.98" lane="0/1to1/1_0" slope="0.00"/>
        <vehicle id="12" x="398.35" y="272.59" angle="0.00" type="DEFAULT_VEHTYPE" speed="13.71" pos="122.66" lane="2/2to2/1_0" slope="0.00"/>
        <vehicle id="15" x="378.92" y="198.35" angle="90.00" type="DEFAULT_VEHTYPE" speed="9.35" pos="174.17" lane="1/1to2/1_0" slope="0.00"/>
        <vehicle id="19" x="372.91" y="598.35" angle="90.00" type="DEFAULT_VEHTYPE" speed="12.98" pos="168.16" lane="1/3to2/3_0" slope="0.00"/>
        <vehicle id="2" x="691.92" y="601.65" angle="-90.00" type="DEFAULT_VEHTYPE" speed="13.83" pos="108.08" lane="4/3to3/3_0" slope="0.00"/>
        <vehicle id="20" x="601.65" y="255.54" angle="180.00" type="DEFAULT_VEHTYPE" speed="13.47" pos="50.79" lane="3/1to3/2_0" slope="0.00"/>
        <vehicle id="23" x="74.50" y="398.35" angle="90.00" type="DEFAULT_VEHTYPE" speed="12.63" pos="74.50" lane="0/2to1/2_0" slope="0.00"/>
        <vehicle id="24" x="201.65" y="475.32" angle="180.00" type="DEFAULT_VEHTYPE" speed="13.55" pos="70.57" lane="1/2to1/3_0" slope="0.00"/>
        <vehicle id="4" x="401.65" y="753.74" angle="180.00" type="DEFAULT_VEHTYPE" speed="12.61" pos="148.99" lane="2/3to2/4_0" slope="0.00"/>
        <vehicle id="5" x="398.35" y="388.36" angle="0.00" type="DEFAULT_VEHTYPE" speed="12.90" pos="6.89" lane="2/2to2/1_0" slope="0.00"/>
        <vehicle id="6" x="401.65" y="640.48" angle="180.00" type="DEFAULT_VEHTYPE" speed="13.53" pos="35.73" lane="2/3to2/4_0" slope="0.00"/>
        <vehicle id="7" x="198.35" y="144.19" angle="0.00" type="DEFAULT_VEHTYPE" speed="13.25" pos="51.06" lane="1/1to1/0_0" slope="0.00"/>
        <vehicle id="8" x="403.86" y="198.35" angle="90.00" type="DEFAULT_VEHTYPE" speed="7.32" pos="8.61" lane=":2/1_13_0" slope="0.00"/>
    </timestep>
    <timestep time="249.00">
        <vehicle id="0" x="398.35" y="345.74" angle="0.00" type="DEFAULT_VEHTYPE" speed="13.09" pos="49.51" lane="2/2to2/1_0" slope="0.00"/>
        <vehicle id="10" x="601.65" y="350.49" angle="180.00" type="DEFAULT_VEHTYPE" speed="13.17" pos="145.74" lane="3/1to3/2_0" slope="0.00"/>
        <vehicle id="11" x="75.66" y="198.35" angle="90.00" type="DEFAULT_VEHTYPE" speed="13.68" pos="75.66" lane="0/1to1/1_0" slope="0.00"/>
        <vehicle id="12" x="398.35" y="258.88" angle="0.00" type="DEFAULT_VEHTYPE" speed="13.71" pos="136.37" lane="2/2to2/1_0" slope="0.00"/>
        <vehicle id="15" x="386.07" y="198.35" angle="90.00" type="DEFAULT_VEHTYPE" speed="7.15" pos="181.32" lane="1/1to2/1_0" slope="0.00"/>
        <vehicle id="19" x="381.71" y="598.35" angle="90.00" type="DEFAULT_VEHTYPE" speed="8.80" pos="176.96" lane="1/3to2/3_0" slope="0.00"/>
        <vehicle id="2" x="679.14" y="601.65" angle="-90.00" type="DEFAULT_VEHTYPE" speed="12.77" pos="120.86" lane="4/3to3/3_0" slope="0.00"/>
        <vehicle id="20" x="601.65" y="268.71" angle="180.00" type="DEFAULT_VEHTYPE" speed="13.17" pos="63.96" lane="3/1to3/2_0" slope="0.00"/>
        <vehicle id="23" x="87.86" y="398.35" angle="90.00" type="DEFAULT_VEHTYPE" speed="13.36" pos="87.86" lane="0/2to1/2_0" slope="0.00"/>
        <vehicle id="24" x="201.65" y="488.55" angle="180.00" type="DEFAULT_VEHTYPE" speed="13.23" pos="83.80" lane="1/2to1/3_0" slope="0.00"/>
        <vehicle id="4" x="401.65" y="767.46" angle="180.00" type="DEFAULT_VEHTYPE" speed="13.71" pos="162.71" lane="2/3to2/4_0" slope="0.00"/>
        <vehicle id="5" x="398.35" y="375.48" angle="0.00" type="DEFAULT_VEHTYPE" speed="12.89" pos="19.77" lane="2/2to2/1_0" slope="0.00"/>
        <vehicle id="6" x="401.65" y="653.20" angle="180.00" type="DEFAULT_VEHTYPE" speed="12.72" pos="48.45" lane="2/3to2/4_0" slope="0.00"/>
        <vehicle id="7" x="198.35" y="130.62" angle="0.00" type="DEFAULT_VEHTYPE" speed="13.57" pos="64.63" lane="1/1to1/0_0" slope="0.00"/>
        <vehicle id="8" x="413.06" y="198.35" angle="90.00" type="DEFAULT_VEHTYPE" speed="9.20" pos="8.31" lane="2/1to3/1_0" slope="0.00"/>
    </timestep>
    <timestep time="250.00">
        <vehicle id="0" x="398.35" y="332.11" angle="0.00" type="DEFAULT_VEHTYPE" speed="13.63" pos="63.14" lane="2/2to2/1_0" slope="0.00"/>
        <vehicle id="10" x="601.65" y="363.46" angle="180.00" type="DEFAULT_VEHTYPE" speed="12.96" pos="158.71" lane="3/1to3/2_0" slope="0.00"/>
        <vehicle id="11" x="89.02" y="198.35" angle="90.00" type="DEFAULT_VEHTYPE" speed="13.36" pos="89.02" lane="0/1to1/1_0" slope="0.00"/>
        <vehicle id="12" x="398.35" y="245.61" angle="0.00" type="DEFAULT_VEHTYPE" speed="13.27" pos="149.64" lane="2/2to2/1_0" slope="0.00"/>
        <vehicle id="15" x="389.79" y="198.35" angle="90.00" type="DEFAULT_VEHTYPE" speed="3.72" pos="185.04" lane="1/1to2/1_0" slope="0.00"/>
        <vehicle id="19" x="387.15" y="598.35" angle="90.00" type="DEFAULT_VEHTYPE" speed="5.44" pos="182.40" lane="1/3to2/3_0" slope="0.00"/>
        <vehicle id="2" x="665.40" y="601.65" angle="-90.00" type="DEFAULT_VEHTYPE" speed="13.75" pos="134.60" lane="4/3to3/3_0" slope="0.00"/>
        <vehicle id="20" x="601.65" y="282.32" angle="180.00" type="DEFAULT_VEHTYPE" speed="13.61" pos="77.57" lane="3/1to3/2_0" slope="0.00"/>
        <vehicle id="23" x="101.47" y="398.35" angle="90.00" type="DEFAULT_VEHTYPE" speed="13.61" pos="101.47" lane="0/2to1/2_0" slope="0.00"/>
        <vehicle id="24" x="201.65" y="501.43" angle="180.00" type="DEFAULT_VEHTYPE" speed="12.88" pos="96.68" lane="1/2to1/3_0" slope="0.00"/>
        <vehicle id="4" x="401.65" y="780.12" angle="180.00" type="DEFAULT_VEHTYPE" speed="12.66" pos="175.37" lane="2/3to2/4_0" slope="0.00"/>
        <vehicle id="5" x="398.35" y="361.99" angle="0.00" type="DEFAULT_VEHTYPE" speed="13.49" pos="33.26" lane="2/2to2/1_0" slope="0.00"/>
        <vehicle id="6" x="401.65" y="666.52" angle="180.00" type="DEFAULT_VEHTYPE" speed="13.32" pos="61.77" lane="2/3to2/4_0" slope="0.00"/>
        <vehicle id="7" x="198.35" y="117.24" angle="0.00" type="DEFAULT_VEHTYPE" speed="13.38" pos="78.01" lane="1/1to1/0_0" slope="0.00"/>
        <vehicle id="8" x="424.70" y="198.35" angle="90.00" type="DEFAULT_VEHTYPE" speed="11.64" pos="19.95" lane="2/1to3/1_0" slope="0.00"/>
    </timestep>
    <timestep time="251.00">
        <vehicle id="0" x="398.35" y="319.32" angle="0.00" type="DEFAULT_VEHTYPE" speed="12.80" pos="75.93" lane="2/2to2/1_0" slope="0.00"/>
        <vehicle id="10" x="601.65" y="374.86" angle="180.00" type="DEFAULT_VEHTYPE" speed="11.41" pos="170.11" lane="3/1to3/2_0" slope="0.00"/>
        <vehicle id="11" x="102.53" y="198.35" angle="90.00" type="DEFAULT_VEHTYPE" speed="13.51" pos="102.53" lane="0/1to1/1_0" slope="0.00"/>
        <vehicle id="12" x="398.35" y="232.73" angle="0.00" type="DEFAULT_VEHTYPE" speed="12.88" pos="162.52" lane="2/2to2/1_0" slope="0.00"/>
        <vehicle id="15" x="395.56" y="198.35" angle="90.00" type="DEFAULT_VEHTYPE" speed="5.76" pos="0.31" lane=":2/1_13_0" slope="0.00"/>
        <vehicle id="19" x="390.11" y="598.35" angle="90.00" type="DEFAULT_VEHTYPE" speed="2.96" pos="185.36" lane="1/3to2/3_0" slope="0.00"/>
        <vehicle id="2" x="651.58" y="601.65" angle="-90.00" type="DEFAULT_VEHTYPE" speed="13.82" pos="148.42" lane="4/3to3/3_0" slope="0.00"/>
        <vehicle id="20" x="601.65" y="295.43" angle="180.00" type="DEFAULT_VEHTYPE" speed="13.11" pos="90.68" lane="3/1to3/2_0" slope="0.00"/>
        <vehicle id="23" x="115.17" y="398.35" angle="90.00" type="DEFAULT_VEHTYPE" speed="13.70" pos="115.17" lane="0/2to1/2_0" slope="0.00"/>
        <vehicle id="24" x="201.65" y="514.64" angle="180.00" type="DEFAULT_VEHTYPE" speed="13.21" pos="109.89" lane="1/2to1/3_0" slope="0.00"/>
        <vehicle id="4" x="401.65" y="792.96" angle="180.00" type="DEFAULT_VEHTYPE" speed="12.85" pos="188.21" lane="2/3to2/4_0" slope="0.00"/>
        <vehicle id="5" x="398.35" y="349.20" angle="0.00" type="DEFAULT_VEHTYPE" speed="12.79" pos="46.05" lane="2/2to2/1_0" slope="0.00"/>
        <vehicle id="6" x="401.65" y="679.74" angle="180.00" type="DEFAULT_VEHTYPE" speed="13.22" pos="74.99" lane="2/3to2/4_0" slope="0.00"/>
        <vehicle id="7" x="198.35" y="103.85" angle="0.00" type="DEFAULT_VEHTYPE" speed="13.39" pos="91.40" lane="1/1to1/0_0" slope="0.00"/>
        <vehicle id="8" x="438.47" y="198.35" angle="90.00" type="DEFAULT_VEHTYPE" speed="13.77" pos="33.72" lane="2/1to3/1_0" slope="0.00"/>
    </timestep>
    <timestep time="252.00">
        <vehicle id="0" x="398.35" y="305.53" angle="0.00" type="DEFAULT_VEHTYPE" speed="13.78" pos="89.72" lane="2/2to2/1_0" slope="0.00"/>
        <vehicle id="10" x="601.65" y="383.68" angle="180.00" type="DEFAULT_VEHTYPE" speed="8.82" pos="178.93" lane="3/1to3/2_0" slope="0.00"/>
        <vehicle id="11" x="116.14" y="198.35" angle="90.00" type="DEFAULT_VEHTYPE" speed="13.62" pos="116.14" lane="0/1to1/1_0" slope="0.00"/>
        <vehicle id="12" x="398.35" y="220.02" angle="0.00" type="DEFAULT_VEHTYPE" speed="12.71" pos="175.23" lane="2/2to2/1_0" slope="0.00"/>
        <vehicle id="15" x="403.67" y="198.35" angle="90.00" type="DEFAULT_VEHTYPE" speed="8.11" pos="8.42" lane=":2/1_13_0" slope="0.00"/>
        <vehicle id="19" x="395.58" y="598.40" angle="90.54" type="DEFAULT_VEHTYPE" speed="5.47" pos="0.33" lane=":2/3_14_0" slope="0.00"/>
        <vehicle id="2" x="638.12" y="601.65" angle="-90.00" type="DEFAULT_VEHTYPE" speed="13.45" pos="161.88" lane="4/3to3/3_0" slope="0.00"/>
        <vehicle id="20" x="601.65" y="308.55" angle="180.00" type="DEFAULT_VEHTYPE" speed="13.11" pos="103.80" lane="3/1to3/2_0" slope="0.00"/>
        <vehicle id="23" x="128.98" y="398.35" angle="90.00" type="DEFAULT_VEHTYPE" speed="13.80" pos="128.98" lane="0/2to1/2_0" slope="0.00"/>
        <vehicle id="24" x="201.65" y="528.27" angle="180.00" type="DEFAULT_VEHTYPE" speed="13.63" pos="123.52" lane="1/2to1/3_0" slope="0.00"/>
        <vehicle id="4" x="398.35" y="799.24" angle="-67.23" type="DEFAULT_VEHTYPE" speed="12.62" pos="0.76" lane="2/4to2/3_0" slope="0.00"/>
        <vehicle id="5" x="398.35" y="336.43" angle="0.00" type="DEFAULT_VEHTYPE" speed="12.77" pos="58.82" lane="2/2to2/1_0" slope="0.00"/>
        <vehicle id="6" x="401.65" y="692.44" angle="180.00" type="DEFAULT_VEHTYPE" speed="12.70" pos="87.69" lane="2/3to2/4_0" slope="0.00"/>
        <vehicle id="7" x="198.35" y="90.73" angle="0.00" type="DEFAULT_VEHTYPE" speed="13.11" pos="104.52" lane="1/1to1/0_0" slope="0.00"/>
        <vehicle id="8" x="451.70" y="198.35" angle="90.00" type="DEFAULT_VEHTYPE" speed="13.22" pos="46.95" lane="2/1to3/1_0" slope="0.00"/>
    </timestep>
    <timestep time="253.00">
        <vehicle id="0" x="398.35" y="292.74" angle="0.00" type="DEFAULT_VEHTYPE" speed="12.80" pos="102.51" lane="2/2to2/1_0" slope="0.00"/>
        <vehicle id="10" x="601.65" y="389.17" angle="180.00" type="DEFAULT_VEHTYPE" speed="5.48" pos="184.42" lane="3/1to3/2_0" slope="0.00"/>
        <vehicle id="11" x="129.33" y="198.35" angle="90.00" type="DEFAULT_VEHTYPE" speed="13.18" pos="129.33" lane="0/1to1/1_0" slope="0.00"/>
        <vehicle id="12" x="398.35" y="206.77" angle="0.00" type="DEFAULT_VEHTYPE" speed="13.25" pos="188.48" lane="2/2to2/1_0" slope="0.00"/>
        <vehicle id="15" x="414.22" y="198.35" angle="90.00" type="DEFAULT_VEHTYPE" speed="10.55" pos="9.47" lane="2/1to3/1_0" slope="0.00"/>
        <vehicle id="19" x="401.28" y="602.14" angle="135.40" type="DEFAULT_VEHTYPE" speed="7.35" pos="7.69" lane=":2/3_14_0" slope="0.00"/>
        <vehicle id="2" x="625.94" y="601.65" angle="-90.00" type="DEFAULT_VEHTYPE" speed="12.18" pos="174.06" lane="4/3to3/3_0" slope="0.00"/>
        <vehicle id="20" x="601.65" y="322.36" angle="180.00" type="DEFAULT_VEHTYPE" speed="13.81" pos="117.61" lane="3/1to3/2_0" slope="0.00"/>
        <vehicle id="23" x="142.80" y="398.35" angle="90.00" type="DEFAULT_VEHTYPE" speed="13.82" pos="142.80" lane="0/2to1/2_0" slope="0.00"/>
        <vehicle id="24" x="201.65" y="541.54" angle="180.00" type="DEFAULT_VEHTYPE" speed="13.27" pos="136.79" lane="1/2to1/3_0" slope="0.00"/>
        <vehicle id="4" x="398.35" y="785.64" angle="0.00" type="DEFAULT_VEHTYPE" speed="13.59" pos="14.36" lane="2/4to2/3_0" slope="0.00"/>
        <vehicle id="5" x="398.35" y="322.86" angle="0.00" type="DEFAULT_VEHTYPE" speed="13.57" pos="72.39" lane="2/2to2/1_0" slope="0.00"/>
        <vehicle id="6" x="401.65" y="705.28" angle="180.00" type="DEFAULT_VEHTYPE" speed="12.84" pos="100.53" lane="2/3to2/4_0" slope="0.00"/>
        <vehicle id="7" x="198.35" y="77.32" angle="0.00" type="DEFAULT_VEHTYPE" speed="13.42" pos="117.93" lane="1/1to1/0_0" slope="0.00"/>
        <vehicle id="8" x="464.44" y="198.35" angle="90.00" type="DEFAULT_VEHTYPE" speed="12.74" pos="59.69" lane="2/1to3/1_0" slope="0.00"/>
    </timestep>
    <timestep time="254.00">
        <vehicle id="0" x="398.35" y="279.47" angle="0.00" type="DEFAULT_VEHTYPE" speed="13.27" pos="115.78" lane="2/2to2/1_0" slope="0.00"/>
        <vehicle id="10" x="601.41" y="396.90" angle="-177.29" type="DEFAULT_VEHTYPE" speed="7.75" pos="1.67" lane=":3/2_10_0" slope="0.00"/>
        <vehicle id="11" x="142.11" y="198.35" angle="90.00" type="DEFAULT_VEHTYPE" speed="12.78" pos="142.11" lane="0/1to1/1_0" slope="0.00"/>
        <vehicle id="12" x="389.33" y="201.65" angle="-90.00" type="DEFAULT_VEHTYPE" speed="12.94" pos="5.92" lane="2/1to1/1_0" slope="0.00"/>
        <vehicle id="15" x="426.11" y="198.35" angle="90.00" type="DEFAULT_VEHTYPE" speed="11.90" pos="21.36" lane="2/1to3/1_0" slope="0.00"/>
        <vehicle id="19" x="401.65" y="611.83" angle="180.00" type="DEFAULT_VEHTYPE" speed="9.71" pos="7.08" lane="2/3to2/4_0" slope="0.00"/>
        <vehicle id="2" x="617.64" y="601.65" angle="-90.00" type="DEFAULT_VEHTYPE" speed="8.29" pos="182.36" lane="4/3to3/3_0" slope="0.00"/>
        <vehicle id="20" x="601.65" y="336.18" angle="180.00" type="DEFAULT_VEHTYPE" speed="13.82" pos="131.43" lane="3/1to3/2_0" slope="0.00"/>
        <vehicle id="23" x="156.38" y="398.35" angle="90.00" type="DEFAULT_VEHTYPE" speed="13.58" pos="156.38" lane="0/2to1/2_0" slope="0.00"/>
        <vehicle id="24" x="201.65" y="555.36" angle="180.00" type="DEFAULT_VEHTYPE" speed="13.82" pos="150.61" lane="1/2to1/3_0" slope="0.00"/>
        <vehicle id="4" x="398.35" y="772.34" angle="0.00" type="DEFAULT_VEHTYPE" speed="13.30" pos="27.66" lane="2/4to2/3_0" slope="0.00"/>
        <vehicle id="5" x="398.35" y="310.17" angle="0.00" type="DEFAULT_VEHTYPE" speed="12.68" pos="85.08" lane="2/2to2/1_0" slope="0.00"/>
        <vehicle id="6" x="401.65" y="719.12" angle="180.00" type="DEFAULT_VEHTYPE" speed="13.84" pos="114.37" lane="2/3to2/4_0" slope="0.00"/>
        <vehicle id="7" x="198.35" y="64.42" angle="0.00" type="DEFAULT_VEHTYPE" speed="12.90" pos="130.83" lane="1/1to1/0_0" slope="0.00"/>
        <vehicle id="8" x="477.23" y="198.35" angle="90.00" type="DEFAULT_VEHTYPE" speed="12.79" pos="72.48" lane="2/1to3/1_0" slope="0.00"/>
    </timestep>
    <timestep time="255.00">
        <vehicle id="0" x="398.35" y="265.77" angle="0.00" type="DEFAULT_VEHTYPE" speed="13.70" pos="129.48" lane="2/2to2/1_0" slope="0.00"/>
        <vehicle id="10" x="594.53" y="401.65" angle="-103.54" type="DEFAULT_VEHTYPE" speed="9.37" pos="0.72" lane="3/2to2/2_0" slope="0.00"/>
        <vehicle id="11" x="155.15" y="198.35" angle="90.00" type="DEFAULT_VEHTYPE" speed="13.04" pos="155.15" lane="0/1to1/1_0" slope="0.00"/>
        <vehicle id="12" x="375.89" y="201.65" angle="-90.00" type="DEFAULT_VEHTYPE" speed="13.44" pos="19.36" lane="2/1to1/1_0" slope="0.00"/>
        <vehicle id="15" x="439.36" y="198.35" angle="90.00" type="DEFAULT_VEHTYPE" speed="13.25" pos="34.61" lane="2/1to3/1_0" slope="0.00"/>
        <vehicle id="19" x="401.65" y="623.18" angle="180.00" type="DEFAULT_VEHTYPE" speed="11.36" pos="18.43" lane="2/3to2/4_0" slope="0.00"/>
        <vehicle id="2" x="611.80" y="601.65" angle="-90.00" type="DEFAULT_VEHTYPE" speed="5.84" pos="188.20" lane="4/3to3/3_0" slope="0.00"/>
        <vehicle id="20" x="601.65" y="348.81" angle="180.00" type="DEFAULT_VEHTYPE" speed="12.63" pos="144.06" lane="3/1to3/2_0" slope="0.00"/>
        <vehicle id="23" x="170.17" y="398.35" angle="90.00" type="DEFAULT_VEHTYPE" speed="13.79" pos="170.17" lane="0/2to1/2_0" slope="0.00"/>
        <vehicle id="24" x="201.65" y="568.13" angle="180.00" type="DEFAULT_VEHTYPE" speed="12.78" pos="163.38" lane="1/2to1/3_0" slope="0.00"/>
        <vehicle id="4" x="398.35" y="758.97" angle="0.00" type="DEFAULT_VEHTYPE" speed="13.37" pos="41.03" lane="2/4to2/3_0" slope="0.00"/>
        <vehicle id="5" x="398.35" y="296.36" angle="0.00" type="DEFAULT_VEHTYPE" speed="13.81" pos="98.89" lane="2/2to2/1_0" slope="0.00"/>
        <vehicle id="6" x="401.65" y="731.72" angle="180.00" type="DEFAULT_VEHTYPE" speed="12.60" pos="126.97" lane="2/3to2/4_0" slope="0.00"/>
        <vehicle id="7" x="198.35" y="51.26" angle="0.00" type="DEFAULT_VEHTYPE" speed="13.16" pos="143.99" lane="1/1to1/0_0" slope="0.00"/>
        <vehicle id="8" x="490.95" y="198.35" angle="90.00" type="DEFAULT_VEHTYPE" speed="13.72" pos="86.20" lane="2/1to3/1_0" slope="0.00"/>
    </timestep>
    <timestep time="256.00">
        <vehicle id="0" x="398.35" y="252.36" angle="0.00" type="DEFAULT_VEHTYPE" speed="13.41" pos="142.89" lane="2/2to2/1_0" slope="0.00"/>
        <vehicle id="10" x="582.84" y="401.65" angle="-90.00" type="DEFAULT_VEHTYPE" speed="11.69" pos="12.41" lane="3/2to2/2_0" slope="0.00"/>
        <vehicle id="11" x="168.17" y="198.35" angle="90.00" type="DEFAULT_VEHTYPE" speed="13.02" pos="168.17" lane="0/1to1/1_0" slope="0.00"/>
        <vehicle id="12" x="362.58" y="201.65" angle="-90.00" type="DEFAULT_VEHTYPE" speed="13.30" pos="32.67" lane="2/1to1/1_0" slope="0.00"/>
        <vehicle id="15" x="452.34" y="198.35" angle="90.00" type="DEFAULT_VEHTYPE" speed="12.98" pos="47.59" lane="2/1to3/1_0" slope="0.00"/>
        <vehicle id="19" x="401.65" y="635.90" angle="180.00" type="DEFAULT_VEHTYPE" speed="12.72" pos="31.15" lane="2/3to2/4_0" slope="0.00"/>
        <vehicle id="2" x="608.58" y="601.65" angle="-90.00" type="DEFAULT_VEHTYPE" speed="3.22" pos="191.42" lane="4/3to3/3_0" slope="0.00"/>
        <vehicle id="20" x="601.65" y="362.38" angle="180.00" type="DEFAULT_VEHTYPE" speed="13.57" pos="157.63" lane="3/1to3/2_0" slope="0.00"/>
        <vehicle id="23" x="179.57" y="398.35" angle="90.00" type="DEFAULT_VEHTYPE" speed="9.41" pos="179.57" lane="0/2to1/2_0" slope="0.00"/>
        <vehicle id="24" x="201.65" y="581.65" angle="180.00" type="DEFAULT_VEHTYPE" speed="13.52" pos="176.90" lane="1/2to1/3_0" slope="0.00"/>
        <vehicle id="4" x="398.35" y="746.25" angle="0.00" type="DEFAULT_VEHTYPE" speed="12.73" pos="53.75" lane="2/4to2/3_0" slope="0.00"/>
        <vehicle id="5" x="398.35" y="283.67" angle="0.00" type="DEFAULT_VEHTYPE" speed="12.69" pos="111.58" lane="2/2to2/1_0" slope="0.00"/>
        <vehicle id="6" x="401.65" y="744.43" angle="180.00" type="DEFAULT_VEHTYPE" speed="12.71" pos="139.68" lane="2/3to2/4_0" slope="0.00"/>
        <vehicle id="7" x="198.35" y="38.58" angle="0.00" type="DEFAULT_VEHTYPE" speed="12.68" pos="156.67" lane="1/1to1/0_0" slope="0.00"/>
        <vehicle id="8" x="504.39" y="198.35" angle="90.00" type="DEFAULT_VEHTYPE" speed="13.44" pos="99.64" lane="2/1to3/1_0" slope="0.00"/>
    </timestep>
    <timestep time="257.00">
        <vehicle id="0" x="398.35" y="239.67" angle="0.00" type="DEFAULT_VEHTYPE" speed="12.69" pos="155.58" lane="2/2to2/1_0" slope="0.00"/>
        <vehicle id="10" x="569.38" y="401.65" angle="-90.00" type="DEFAULT_VEHTYPE" speed="13.47" pos="25.87" lane="3/2to2/2_0" slope="0.00"/>
        <vehicle id="11" x="179.03" y="198.35" angle="90.00" type="DEFAULT_VEHTYPE" speed="10.86" pos="179.03" lane="0/1to1/1_0" slope="0.00"/>
        <vehicle id="12" x="349.06" y="201.65" angle="-90.00" type="DEFAULT_VEHTYPE" speed="13.52" pos="46.19" lane="2/1to1/1_0" slope="0.00"/>
        <vehicle id="15" x="465.80" y="198.35" angle="90.00" type="DEFAULT_VEHTYPE" speed="13.46" pos="61.05" lane="2/1to3/1_0" slope="0.00"/>
        <vehicle id="19" x="401.65" y="648.95" angle="180.00" type="DEFAULT_VEHTYPE" speed="13.05" pos="44.20" lane="2/3to2/4_0" slope="0.00"/>
        <vehicle id="2" x="603.53" y="601.48" angle="-88.00" type="DEFAULT_VEHTYPE" speed="5.05" pos="1.23" lane=":3/3_6_0" slope="0.00"/>
        <vehicle id="20" x="601.65" y="376.09" angle="180.00" type="DEFAULT_VEHTYPE" speed="13.71" pos="171.34" lane="3/1to3/2_0" slope="0.00"/>
        <vehicle id="23" x="185.86" y="398.35" angle="90.00" type="DEFAULT_VEHTYPE" speed="6.28" pos="185.86" lane="0/2to1/2_0" slope="0.00"/>
        <vehicle id="24" x="201.65" y="594.54" angle="180.00" type="DEFAULT_VEHTYPE" speed="12.88" pos="189.79" lane="1/2to1/3_0" slope="0.00"/>
        <vehicle id="4" x="398.35" y="733.14" angle="0.00" type="DEFAULT_VEHTYPE" speed="13.11" pos="66.86" lane="2/4to2/3_0" slope="0.00"/>
        <vehicle id="5" x="398.35" y="270.90" angle="0.00" type="DEFAULT_VEHTYPE" speed="12.77" pos="124.35" lane="2/2to2/1_0" slope="0.00"/>
        <vehicle id="6" x="401.65" y="757.89" angle="180.00" type="DEFAULT_VEHTYPE" speed="13.46" pos="153.14" lane="2/3to2/4_0" slope="0.00"/>
        <vehicle id="7" x="198.35" y="25.54" angle="0.00" type="DEFAULT_VEHTYPE" speed="13.04" pos="169.71" lane="1/1to1/0_0" slope="0.00"/>
        <vehicle id="8" x="517.97" y="198.35" angle="90.00" type="DEFAULT_VEHTYPE" speed="13.57" pos="113.22" lane="2/1to3/1_0" slope="0.00"/>
    </timestep>
    <timestep time="258.00">
        <vehicle id="0" x="398.35" y="226.49" angle="0.00" type="DEFAULT_VEHTYPE" speed="13.18" pos="168.76" lane="2/2to2/1_0" slope="0.00"/>
        <vehicle id="10" x="556.64" y="401.65" angle="-90.00" type="DEFAULT_VEHTYPE" speed="12.74" pos="38.61" lane="3/2to2/2_0" slope="0.00"/>
        <vehicle id="11" x="186.47" y="198.35" angle="90.00" type="DEFAULT_VEHTYPE" speed="7.44" pos="186.47" lane="0/1to1/1_0" slope="0.00"/>
        <vehicle id="12" x="336.15" y="201.65" angle="-90.00" type="DEFAULT_VEHTYPE" speed="12.92" pos="59.10" lane="2/1to1/1_0" slope="0.00"/>
        <vehicle id="15" x="479.25" y="198.35" angle="90.00" type="DEFAULT_VEHTYPE" speed="13.46" pos="74.50" lane="2/1to3/1_0" slope="0.00"/>
        <vehicle id="19" x="401.65" y="662.71" angle="180.00" type="DEFAULT_VEHTYPE" speed="13.75" pos="57.96" lane="2/3to2/4_0" slope="0.00"/>
        <vehicle id="2" x="598.69" y="597.63" angle="-41.72" type="DEFAULT_VEHTYPE" speed="6.69" pos="7.92" lane=":3/3_6_0" slope="0.00"/>
        <vehicle id="20" x="601.65" y="389.97" angle="180.00" type="DEFAULT_VEHTYPE" speed="13.88" pos="185.22" lane="3/1to3/2_0" slope="0.00"/>
        <vehicle id="23" x="189.31" y="398.35" angle="90.00" type="DEFAULT_VEHTYPE" speed="3.45" pos="189.31" lane="0/2to1/2_0" slope="0.00"/>
        <vehicle id="24" x="212.83" y="598.35" angle="90.00" type="DEFAULT_VEHTYPE" speed="13.79" pos="8.08" lane="1/3to2/3_0" slope="0.00"/>
        <vehicle id="4" x="398.35" y="719.33" angle="0.00" type="DEFAULT_VEHTYPE" speed="13.81" pos="80.67" lane="2/4to2/3_0" slope="0.00"/>
        <vehicle id="5" x="398.35" y="258.01" angle="0.00" type="DEFAULT_VEHTYPE" speed="12.89" pos="137.24" lane="2/2to2/1_0" slope="0.00"/>
        <vehicle id="6" x="401.65" y="770.53" angle="180.00" type="DEFAULT_VEHTYPE" speed="12.64" pos="165.78" lane="2/3to2/4_0" slope="0.00"/>
        <vehicle id="7" x="198.35" y="12.29" angle="0.00" type="DEFAULT_VEHTYPE" speed="13.26" pos="182.96" lane="1/1to1/0_0" slope="0.00"/>
        <vehicle id="8" x="530.96" y="198.35" angle="90.00" type="DEFAULT_VEHTYPE" speed="12.99" pos="126.21" lane="2/1to3/1_0" slope="0.00"/>
    </timestep>
    <timestep time="259.00">
        <vehicle id="0" x="398.35" y="213.13" angle="0.00" type="DEFAULT_VEHTYPE" speed="13.36" pos="182.12" lane="2/2to2/1_0" slope="0.00"/>
        <vehicle id="10" x="543.21" y="401.65" angle="-90.00" type="DEFAULT_VEHTYPE" speed="13.42" pos="52.04" lane="3/2to2/2_0" slope="0.00"/>
        <vehicle id="11" x="189.92" y="198.35" angle="90.00" type="DEFAULT_VEHTYPE" speed="3.45" pos="189.92" lane="0/1to1/1_0" slope="0.00"/>
        <vehicle id="12" x="323.40" y="201.65" angle="-90.00" type="DEFAULT_VEHTYPE" speed="12.75" pos="71.85" lane="2/1to1/1_0" slope="0.00"/>
        <vehicle id="15" x="491.88" y="198.35" angle="90.00" type="DEFAULT_VEHTYPE" speed="12.63" pos="87.13" lane="2/1to3/1_0" slope="0.00"/>
        <vehicle id="19" x="401.65" y="675.75" angle="180.00" type="DEFAULT_VEHTYPE" speed="13.04" pos="71.00" lane="2/3to2/4_0" slope="0.00"/>
        <vehicle id="2" x="598.35" y="588.77" angle="0.00" type="DEFAULT_VEHTYPE" speed="8.89" pos="6.48" lane="3/3to3/2_0" slope="0.00"/>
        <vehicle id="20" x="601.65" y="402.73" angle="180.00" type="DEFAULT_VEHTYPE" speed="12.76" pos="7.48" lane=":3/2_9_0" slope="0.00"/>
        <vehicle id="23" x="195.08" y="398.35" angle="90.00" type="DEFAULT_VEHTYPE" speed="5.78" pos="195.08" lane="0/2to1/2_0" slope="0.00"/>
        <vehicle id="24" x="225.76" y="598.35" angle="90.00" type="DEFAULT_VEHTYPE" speed="12.93" pos="21.01" lane="1/3to2/3_0" slope="0.00"/>
        <vehicle id="4" x="398.35" y="705.64" angle="0.00" type="DEFAULT_VEHTYPE" speed="13.69" pos="94.36" lane="2/4to2/3_0" slope="0.00"/>
        <vehicle id="5" x="398.35" y="244.98" angle="0.00" type="DEFAULT_VEHTYPE" speed="13.03" pos="150.27" lane="2/2to2/1_0" slope="0.00"/>
        <vehicle id="6" x="401.65" y="784.20" angle="180.00" type="DEFAULT_VEHTYPE" speed="13.67" pos="179.45" lane="2/3to2/4_0" slope="0.00"/>
        <vehicle id="7" x="199.25" y="-1.28" angle="10.87" type="DEFAULT_VEHTYPE" speed="13.87" pos="1.58" lane=":1/0_0_0" slope="0.00"/>
        <vehicle id="8" x="544.17" y="198.35" angle="90.00" type="DEFAULT_VEHTYPE" speed="13.21" pos="139.42" lane="2/1to3/1_0" slope="0.00"/>
    </timestep>
    <timestep time="260.00">
        <vehicle id="0" x="395.67" y="201.71" angle="-37.75" type="DEFAULT_VEHTYPE" speed="12.96" pos="4.58" lane=":2/1_0_0" slope="0.00"/>
        <vehicle id="10" x="529.82" y="401.65" angle="-90.00" type="DEFAULT_VEHTYPE" speed="13.39" pos="65.43" lane="3/2to2/2_0" slope="0.00"/>
        <vehicle id="11" x="195.17" y="198.35" angle="90.00" type="DEFAULT_VEHTYPE" speed="5.25" pos="195.17" lane="0/1to1/1_0" slope="0.00"/>
        <vehicle id="12" x="310.64" y="201.65" angle="-90.00" type="DEFAULT_VEHTYPE" speed="12.76" pos="84.61" lane="2/1to1/1_0" slope="0.00"/>
        <vehicle id="15" x="505.37" y="198.35" angle="90.00" type="DEFAULT_VEHTYPE" speed="13.49" pos="100.62" lane="2/1to3/1_0" slope="0.00"/>
        <vehicle id="19" x="401.65" y="689.61" angle="180.00" type="DEFAULT_VEHTYPE" speed="13.86" pos="84.86" lane="2/3to2/4_0" slope="0.00"/>
        <vehicle id="2" x="598.35" y="578.48" angle="0.00" type="DEFAULT_VEHTYPE" speed="10.28" pos="16.77" lane="3/3to3/2_0" slope="0.00"/>
        <vehicle id="20" x="601.65" y="416.29" angle="180.00" type="DEFAULT_VEHTYPE" speed="13.56" pos="11.54" lane="3/2to3/3_0" slope="0.00"/>
        <vehicle id="23" x="201.06" y="401.64" angle="128.88" type="DEFAULT_VEHTYPE" speed="7.29" pos="7.13" lane=":1/2_14_0" slope="0.00"/>
        <vehicle id="24" x="239.41" y="598.35" angle="90.00" type="DEFAULT_VEHTYPE" speed="13.65" pos="34.66" lane="1/3to2/3_0" slope="0.00"/>
        <vehicle id="4" x="398.35" y="691.93" angle="0.00" type="DEFAULT_VEHTYPE" speed="13.71" pos="108.07" lane="2/4to2/3_0" slope="0.00"/>
        <vehicle id="5" x="398.35" y="232.00" angle="0.00" type="DEFAULT_VEHTYPE" speed="12.98" pos="163.25" lane="2/2to2/1_0" slope="0.00"/>
        <vehicle id="6" x="401.65" y="797.29" angle="180.00" type="DEFAULT_VEHTYPE" speed="13.09" pos="192.54" lane="2/3to2/4_0" slope="0.00"/>
        <vehicle id="7" x="201.65" y="10.05" angle="180.00" type="DEFAULT_VEHTYPE" speed="13.29" pos="10.05" lane="1/0to1/1_0" slope="0.00"/>
        <vehicle id="8" x="557.96" y="198.35" angle="90.00" type="DEFAULT_VEHTYPE" speed="13.79" pos="153.21" lane="2/1to3/1_0" slope="0.00"/>
    </timestep>
    <timestep time="261.00">
        <vehicle id="0" x="382.43" y="201.65" angle="-90.00" type="DEFAULT_VEHTYPE" speed="13.24" pos="12.82" lane="2/1to1/1_0" slope="0.00"/>
        <vehicle id="10" x="516.90" y="401.65" angle="-90.00" type="DEFAULT_VEHTYPE" speed="12.92" pos="78.35" lane="3/2to2/2_0" slope="0.00"/>
        <vehicle id="11" x="198.35" y="193.41" angle="16.51" type="DEFAULT_VEHTYPE" speed="6.92" pos="1.84" lane="1/1to1/0_0" slope="0.00"/>
        <vehicle id="12" x="297.80" y="201.65" angle="-90.00" type="DEFAULT_VEHTYPE" speed="12.83" pos="97.45" lane="2/1to1/1_0" slope="0.00"/>
        <vehicle id="15" x="518.54" y="198.35" angle="90.00" type="DEFAULT_VEHTYPE" speed="13.17" pos="113.79" lane="2/1to3/1_0" slope="0.00"/>
        <vehicle id="19" x="401.65" y="703.50" angle="180.00" type="DEFAULT_VEHTYPE" speed="13.89" pos="98.75" lane="2/3to2/4_0" slope="0.00"/>
        <vehicle id="2" x="598.35" y="565.93" angle="0.00" type="DEFAULT_VEHTYPE" speed="12.56" pos="29.32" lane="3/3to3/2_0" slope="0.00"/>
        <vehicle id="20" x="601.65" y="428.95" angle="180.00" type="DEFAULT_VEHTYPE" speed="12.66" pos="24.20" lane="3/2to3/3_0" slope="0.00"/>
        <vehicle id="23" x="201.65" y="410.49" angle="180.00" type="DEFAULT_VEHTYPE" speed="8.93" pos="5.74" lane="1/2to1/3_0" slope="0.00"/>
        <vehicle id="24" x="252.30" y="598.35" angle="90.00" type="DEFAULT_VEHTYPE" speed="12.89" pos="47.55" lane="1/3to2/3_0" slope="0.00"/>
        <vehicle id="4" x="398.35" y="678.32" angle="0.00" type="DEFAULT_VEHTYPE" speed="13.61" pos="121.68" lane="2/4to2/3_0" slope="0.00"/>
        <vehicle id="5" x="398.35" y="218.27" angle="0.00" type="DEFAULT_VEHTYPE" speed="13.72" pos="176.98" lane="2/2to2/1_0" slope="0.00"/>
        <vehicle id="6" x="398.35" y="794.63" angle="0.00" type="DEFAULT_VEHTYPE" speed="12.90" pos="5.37" lane="2/4to2/3_0" slope="0.00"/>
        <vehicle id="7" x="201.65" y="23.78" angle="180.00" type="DEFAULT_VEHTYPE" speed="13.73" pos="23.78" lane="1/0to1/1_0" slope="0.00"/>
        <vehicle id="8" x="571.62" y="198.35" angle="90.00" type="DEFAULT_VEHTYPE" speed="13.65" pos="166.87" lane="2/1to3/1_0" slope="0.00"/>
    </timestep>
    <timestep time="262.00">
        <vehicle id="0" x="368.65" y="201.65" angle="-90.00" type="DEFAULT_VEHTYPE" speed="13.78" pos="26.60" lane="2/1to1/1_0" slope="0.00"/>
        <vehicle id="10" x="503.33" y="401.65" angle="-90.00" type="DEFAULT_VEHTYPE" speed="13.57" pos="91.92" lane="3/2to2/2_0" slope="0.00"/>
        <vehicle id="11" x="198.35" y="184.36" angle="0.00" type="DEFAULT_VEHTYPE" speed="9.04" pos="10.89" lane="1/1to1/0_0" slope="0.00"/>
        <vehicle id="12" x="284.38" y="201.65" angle="-90.00" type="DEFAULT_VEHTYPE" speed="13.42" pos="110.87" lane="2/1to1/1_0" slope="0.00"/>
        <vehicle id="15" x="531.53" y="198.35" angle="90.00" type="DEFAULT_VEHTYPE" speed="13.00" pos="126.78" lane="2/1to3/1_0" slope="0.00"/>
        <vehicle id="19" x="401.65" y="717.26" angle="180.00" type="DEFAULT_VEHTYPE" speed="13.76" pos="112.51" lane="2/3to2/4_0" slope="0.00"/>
        <vehicle id="2" x="598.35" y="552.32" angle="0.00" type="DEFAULT_VEHTYPE" speed="13.61" pos="42.93" lane="3/3to3/2_0" slope="0.00"/>
        <vehicle id="20" x="601.65" y="442.09" angle="180.00" type="DEFAULT_VEHTYPE" speed="13.14" pos="37.34" lane="3/2to3/3_0" slope="0.00"/>
        <vehicle id="23" x="201.65" y="420.95" angle="180.00" type="DEFAULT_VEHTYPE" speed="10.46" pos="16.20" lane="1/2to1/3_0" slope="0.00"/>
        <vehicle id="24" x="265.13" y="598.35" angle="90.00" type="DEFAULT_VEHTYPE" speed="12.83" pos="60.38" lane="1/3to2/3_0" slope="0.00"/>
        <vehicle id="4" x="398.35" y="664.71" angle="0.00" type="DEFAULT_VEHTYPE" speed="13.61" pos="135.29" lane="2/4to2/3_0" slope="0.00"/>
        <vehicle id="5" x="398.33" y="204.59" angle="-0.26" type="DEFAULT_VEHTYPE" speed="13.69" pos="0.16" lane=":2/1_0_0" slope="0.00"/>
        <vehicle id="6" x="398.35" y="781.59" angle="0.00" type="DEFAULT_VEHTYPE" speed="13.03" pos="18.41" lane="2/4to2/3_0" slope="0.00"/>
        <vehicle id="7" x="201.65" y="37.59" angle="180.00" type="DEFAULT_VEHTYPE" speed="13.81" pos="37.59" lane="1/0to1/1_0" slope="0.00"/>
        <vehicle id="8" x="580.84" y="198.35" angle="90.00" type="DEFAULT_VEHTYPE" speed="9.22" pos="176.09" lane="2/1to3/1_0" slope="0.00"/>
    </timestep>
    <timestep time="263.00">
        <vehicle id="0" x="355.76" y="201.65" angle="-90.00" type="DEFAULT_VEHTYPE" speed="12.89" pos="39.49" lane="2/1to1/1_0" slope="0.00"/>
        <vehicle id="10" x="490.07" y="401.65" angle="-90.00" type="DEFAULT_VEHTYPE" speed="13.27" pos="105.18" lane="3/2to2/2_0" slope="0.00"/>
        <vehicle id="11" x="198.35" y="173.04" angle="0.00" type="DEFAULT_VEHTYPE" speed="11.32" pos="22.21" lane="1/1to1/0_0" slope="0.00"/>
        <vehicle id="12" x="270.84" y="201.65" angle="-90.00" type="DEFAULT_VEHTYPE" speed="13.54" pos="124.41" lane="2/1to1/1_0" slope="0.00"/>
        <vehicle id="15" x="544.95" y="198.35" angle="90.00" type="DEFAULT_VEHTYPE" speed="13.42" pos="140.20" lane="2/1to3/1_0" slope="0.00"/>
        <vehicle id="19" x="401.65" y="730.98" angle="180.00" type="DEFAULT_VEHTYPE" speed="13.72" pos="126.23" lane="2/3to2/4_0" slope="0.00"/>
        <vehicle id="2" x="598.35" y="539.22" angle="0.00" type="DEFAULT_VEHTYPE" speed="13.10" pos="56.03" lane="3/3to3/2_0" slope="0.00"/>
        <vehicle id="20" x="601.65" y="455.12" angle="180.00" type="DEFAULT_VEHTYPE" speed="13.03" pos="50.37" lane="3/2to3/3_0" slope="0.00"/>
        <vehicle id="23" x="201.65" y="433.21" angle="180.00" type="DEFAULT_VEHTYPE" speed="12.27" pos="28.46" lane="1/2to1/3_0" slope="0.00"/>
        <vehicle id="24" x="277.88" y="598.35" angle="90.00" type="DEFAULT_VEHTYPE" speed="12.75" pos="73.13" lane="1/3to2/3_0" slope="0.00"/>
        <vehicle id="4" x="398.35" y="651.58" angle="0.00" type="DEFAULT_VEHTYPE" speed="13.13" pos="148.42" lane="2/4to2/3_0" slope="0.00"/>
        <vehicle id="5" x="386.24" y="201.65" angle="-90.00" type="DEFAULT_VEHTYPE" speed="13.85" pos="9.01" lane="2/1to1/1_0" slope="0.00"/>
        <vehicle id="6" x="398.35" y="767.81" angle="0.00" type="DEFAULT_VEHTYPE" speed="13.79" pos="32.19" lane="2/4to2/3_0" slope="0.00"/>
        <vehicle id="7" x="201.65" y="50.86" angle="180.00" type="DEFAULT_VEHTYPE" speed="13.27" pos="50.86" lane="1/0to1/1_0" slope="0.00"/>
        <vehicle id="8" x="587.43" y="198.35" angle="90.00" type="DEFAULT_VEHTYPE" speed="6.59" pos="182.68" lane="2/1to3/1_0" slope="0.00"/>
    </timestep>
    <timestep time="264.00">
        <vehicle id="0" x="342.32" y="201.65" angle="-90.00" type="DEFAULT_VEHTYPE" speed="13.44" pos="52.93" lane="2/1to1/1_0" slope="0.00"/>
        <vehicle id="10" x="476.72" y="401.65" angle="-90.00" type="DEFAULT_VEHTYPE" speed="13.34" pos="118.53" lane="3/2to2/2_0" slope="0.00"/>
        <vehicle id="11" x="198.35" y="160.23" angle="0.00" type="DEFAULT_VEHTYPE" speed="12.81" pos="35.02" lane="1/1to1/0_0" slope="0.00"/>
        <vehicle id="12" x="257.90" y="201.65" angle="-90.00" type="DEFAULT_VEHTYPE" speed="12.94" pos="137.35" lane="2/1to1/1_0" slope="0.00"/>
        <vehicle id="15" x="558.49" y="198.35" angle="90.00" type="DEFAULT_VEHTYPE" speed="13.54" pos="153.74" lane="2/1to3/1_0" slope="0.00"/>
        <vehicle id="19" x="401.65" y="744.20" angle="180.00" type="DEFAULT_VEHTYPE" speed="13.21" pos="139.45" lane="2/3to2/4_0" slope="0.00"/>
        <vehicle id="2" x="598.35" y="525.44" angle="0.00" type="DEFAULT_VEHTYPE" speed="13.77" pos="69.81" lane="3/3to3/2_0" slope="0.00"/>
        <vehicle id="20" x="601.65" y="467.99" angle="180.00" type="DEFAULT_VEHTYPE" speed="12.87" pos="63.24" lane="3/2to3/3_0" slope="0.00"/>
        <vehicle id="23" x="201.65" y="446.16" angle="180.00" type="DEFAULT_VEHTYPE" speed="12.95" pos="41.41" lane="1/2to1/3_0" slope="0.00"/>
        <vehicle id="24" x="291.38" y="598.35" angle="90.00" type="DEFAULT_VEHTYPE" speed="13.49" pos="86.63" lane="1/3to2/3_0" slope="0.00"/>
        <vehicle id="4" x="398.35" y="638.97" angle="0.00" type="DEFAULT_VEHTYPE" speed="12.61" pos="161.03" lane="2/4to2/3_0" slope="0.00"/>
        <vehicle id="5" x="372.45" y="201.65" angle="-90.00" type="DEFAULT_VEHTYPE" speed="13.78" pos="22.80" lane="2/1to1/1_0" slope="0.00"/>
        <vehicle id="6" x="398.35" y="754.97" angle="0.00" type="DEFAULT_VEHTYPE" speed="12.83" pos="45.03" lane="2/4to2/3_0" slope="0.00"/>
        <vehicle id="7" x="201.65" y="64.28" angle="180.00" type="DEFAULT_VEHTYPE" speed="13.42" pos="64.28" lane="1/0to1/1_0" slope="0.00"/>
        <vehicle id="8" x="590.95" y="198.35" angle="90.00" type="DEFAULT_VEHTYPE" speed="3.52" pos="186.20" lane="2/1to3/1_0" slope="0.00"/>
    </timestep>
    <timestep time="265.00">
        <vehicle id="0" x="329.19" y="201.65" angle="-90.00" type="DEFAULT_VEHTYPE" speed="13.13" pos="66.06" lane="2/1to1/1_0" slope="0.00"/>
        <vehicle id="10" x="463.86" y="401.65" angle="-90.00" type="DEFAULT_VEHTYPE" speed="12.86" pos="131.39" lane="3/2to2/2_0" slope="0.00"/>
        <vehicle id="11" x="198.35" y="147.45" angle="0.00" type="DEFAULT_VEHTYPE" speed="12.78" pos="47.80" lane="1/1to1/0_0" slope="0.00"/>
        <vehicle id="12" x="244.76" y="201.65" angle="-90.00" type="DEFAULT_VEHTYPE" speed="13.14" pos="150.49" lane="2/1to1/1_0" slope="0.00"/>
        <vehicle id="15" x="569.12" y="198.35" angle="90.00" type="DEFAULT_VEHTYPE" speed="10.62" pos="164.37" lane="2/1to3/1_0" slope="0.00"/>
        <vehicle id="19" x="401.65" y="756.99" angle="180.00" type="DEFAULT_VEHTYPE" speed="12.79" pos="152.24" lane="2/3to2/4_0" slope="0.00"/>
        <vehicle id="2" x="598.35" y="512.09" angle="0.00" type="DEFAULT_VEHTYPE" speed="13.35" pos="83.16" lane="3/3to3/2_0" slope="0.00"/>
        <vehicle id="20" x="601.65" y="480.80" angle="180.00" type="DEFAULT_VEHTYPE" speed="12.80" pos="76.05" lane="3/2to3/3_0" slope="0.00"/>
        <vehicle id="23" x="201.65" y="459.87" angle="180.00" type="DEFAULT_VEHTYPE" speed="13.71" pos="55.12" lane="1/2to1/3_0" slope="0.00"/>
        <vehicle id="24" x="304.62" y="598.35" angle="90.00" type="DEFAULT_VEHTYPE" speed="13.24" pos="99.87" lane="1/3to2/3_0" slope="0.00"/>
        <vehicle id="4" x="398.35" y="625.43" angle="0.00" type="DEFAULT_VEHTYPE" speed="13.55" pos="174.57" lane="2/4to2/3_0" slope="0.00"/>
        <vehicle id="5" x="359.04" y="201.65" angle="-90.00" type="DEFAULT_VEHTYPE" speed="13.42" pos="36.21" lane="2/1to1/1_0" slope="0.00"/>
        <vehicle id="6" x="398.35" y="741.93" angle="0.00" type="DEFAULT_VEHTYPE" speed="13.05" pos="58.07" lane="2/4to2/3_0" slope="0.00"/>
        <vehicle id="7" x="201.65" y="77.18" angle="180.00" type="DEFAULT_VEHTYPE" speed="12.90" pos="77.18" lane="1/0to1/1_0" slope="0.00"/>
        <vehicle id="8" x="596.84" y="198.58" angle="92.60" type="DEFAULT_VEHTYPE" speed="5.90" pos="1.60" lane=":3/1_14_0" slope="0.00"/>
    </timestep>
    <timestep time="266.00">
        <vehicle id="0" x="316.28" y="201.65" angle="-90.00" type="DEFAULT_VEHTYPE" speed="12.91" pos="78.97" lane="2/1to1/1_0" slope="0.00"/>
        <vehicle id="10" x="450.06" y="401.65" angle="-90.00" type="DEFAULT_VEHTYPE" speed="13.80" pos="145.19" lane="3/2to2/2_0" slope="0.00"/>
        <vehicle id="11" x="198.35" y="134.61" angle="0.00" type="DEFAULT_VEHTYPE" speed="12.83" pos="60.64" lane="1/1to1/0_0" slope="0.00"/>
        <vehicle id="12" x="231.61" y="201.65" angle="-90.00" type="DEFAULT_VEHTYPE" speed="13.15" pos="163.64" lane="2/1to1/1_0" slope="0.00"/>
        <vehicle id="15" x="579.64" y="198.35" angle="90.00" type="DEFAULT_VEHTYPE" speed="10.52" pos="174.89" lane="2/1to3/1_0" slope="0.00"/>
        <vehicle id="19" x="401.65" y="770.71" angle="180.00" type="DEFAULT_VEHTYPE" speed="13.72" pos="165.96" lane="2/3to2/4_0" slope="0.00"/>
        <vehicle id="2" x="598.35" y="498.34" angle="0.00" type="DEFAULT_VEHTYPE" speed="13.75" pos="96.91" lane="3/3to3/2_0" slope="0.00"/>
        <vehicle id="20" x="601.65" y="494.00" angle="180.00" type="DEFAULT_VEHTYPE" speed="13.21" pos="89.25" lane="3/2to3/3_0" slope="0.00"/>
        <vehicle id="23" x="201.65" y="472.78" angle="180.00" type="DEFAULT_VEHTYPE" speed="12.91" pos="68.03" lane="1/2to1/3_0" slope="0.00"/>
        <vehicle id="24" x="318.18" y="598.35" angle="90.00" type="DEFAULT_VEHTYPE" speed="13.56" pos="113.43" lane="1/3to2/3_0" slope="0.00"/>
        <vehicle id="4" x="398.35" y="612.59" angle="0.00" type="DEFAULT_VEHTYPE" speed="12.83" pos="187.41" lane="2/4to2/3_0" slope="0.00"/>
        <vehicle id="5" x="345.55" y="201.65" angle="-90.00" type="DEFAULT_VEHTYPE" speed="13.49" pos="49.70" lane="2/1to1/1_0" slope="0.00"/>
        <vehicle id="6" x="398.35" y="728.94" angle="0.00" type="DEFAULT_VEHTYPE" speed="12.99" pos="71.06" lane="2/4to2/3_0" slope="0.00"/>
        <vehicle id="7" x="201.65" y="90.36" angle="180.00" type="DEFAULT_VEHTYPE" speed="13.18" pos="90.36" lane="1/0to1/1_0" slope="0.00"/>
        <vehicle id="8" x="601.58" y="204.29" angle="158.20" type="DEFAULT_VEHTYPE" speed="8.25" pos="9.85" lane=":3/1_14_0" slope="0.00"/>
    </timestep>
    <timestep time="267.00">
        <vehicle id="0" x="302.59" y="201.65" angle="-90.00" type="DEFAULT_VEHTYPE" speed="13.69" pos="92.66" lane="2/1to1/1_0" slope="0.00"/>
        <vehicle id="10" x="436.17" y="401.65" angle="-90.00" type="DEFAULT_VEHTYPE" speed="13.89" pos="159.08" lane="3/2to2/2_0" slope="0.00"/>
        <vehicle id="11" x="198.35" y="121.43" angle="0.00" type="DEFAULT_VEHTYPE" speed="13.18" pos="73.82" lane="1/1to1/0_0" slope="0.00"/>
        <vehicle id="12" x="221.58" y="201.65" angle="-90.00" type="DEFAULT_VEHTYPE" speed="10.03" pos="173.67" lane="2/1to1/1_0" slope="0.00"/>
        <vehicle id="15" x="586.18" y="198.35" angle="90.00" type="DEFAULT_VEHTYPE" speed="6.54" pos="181.43" lane="2/1to3/1_0" slope="0.00"/>
        <vehicle id="19" x="401.65" y="783.97" angle="180.00" type="DEFAULT_VEHTYPE" speed="13.27" pos="179.22" lane="2/3to2/4_0" slope="0.00"/>
        <vehicle id="2" x="598.35" y="485.66" angle="0.00" type="DEFAULT_VEHTYPE" speed="12.68" pos="109.59" lane="3/3to3/2_0" slope="0.00"/>
        <vehicle id="20" x="601.65" y="507.67" angle="180.00" type="DEFAULT_VEHTYPE" speed="13.66" pos="102.92" lane="3/2to3/3_0" slope="0.00"/>
        <vehicle id="23" x="201.65" y="486.10" angle="180.00" type="DEFAULT_VEHTYPE" speed="13.32" pos="81.35" lane="1/2to1/3_0" slope="0.00"/>
        <vehicle id="24" x="331.14" y="598.35" angle="90.00" type="DEFAULT_VEHTYPE" speed="12.97" pos="126.39" lane="1/3to2/3_0" slope="0.00"/>
        <vehicle id="4" x="398.35" y="599.70" angle="0.00" type="DEFAULT_VEHTYPE" speed="12.89" pos="5.05" lane=":2/3_1_0" slope="0.00"/>
        <vehicle id="5" x="332.08" y="201.65" angle="-90.00" type="DEFAULT_VEHTYPE" speed="13.47" pos="63.17" lane="2/1to1/1_0" slope="0.00"/>
        <vehicle id="6" x="398.35" y="715.25" angle="0.00" type="DEFAULT_VEHTYPE" speed="13.69" pos="84.75" lane="2/4to2/3_0" slope="0.00"/>
        <vehicle id="7" x="201.65" y="104.06" angle="180.00" type="DEFAULT_VEHTYPE" speed="13.70" pos="104.06" lane="1/0to1/1_0" slope="0.00"/>
        <vehicle id="8" x="601.65" y="214.84" angle="180.00" type="DEFAULT_VEHTYPE" speed="10.56" pos="10.09" lane="3/1to3/2_0" slope="0.00"/>
    </timestep>
    <timestep time="268.00">
        <vehicle id="0" x="288.96" y="201.65" angle="-90.00" type="DEFAULT_VEHTYPE" speed="13.63" pos="106.29" lane="2/1to1/1_0" slope="0.00"/>
        <vehicle id="10" x="424.32" y="401.65" angle="-90.00" type="DEFAULT_VEHTYPE" speed="11.85" pos="170.93" lane="3/2to2/2_0" slope="0.00"/>
        <vehicle id="11" x="198.35" y="108.73" angle="0.00" type="DEFAULT_VEHTYPE" speed="12.70" pos="86.52" lane="1/1to1/0_0" slope="0.00"/>
        <vehicle id="12" x="214.10" y="201.65" angle="-90.00" type="DEFAULT_VEHTYPE" speed="7.47" pos="181.15" lane="2/1to1/1_0" slope="0.00"/>
        <vehicle id="15" x="589.36" y="198.35" angle="90.00" type="DEFAULT_VEHTYPE" speed="3.18" pos="184.61" lane="2/1to3/1_0" slope="0.00"/>
        <vehicle id="19" x="401.65" y="796.98" angle="180.00" type="DEFAULT_VEHTYPE" speed="13.01" pos="192.23" lane="2/3to2/4_0" slope="0.00"/>
        <vehicle id="2" x="598.35" y="472.25" angle="0.00" type="DEFAULT_VEHTYPE" speed="13.41" pos="123.00" lane="3/3to3/2_0" slope="0.00"/>
        <vehicle id="20" x="601.65" y="521.50" angle="180.00" type="DEFAULT_VEHTYPE" speed="13.83" pos="116.75" lane="3/2to3/3_0" slope="0.00"/>
        <vehicle id="23" x="201.65" y="499.44" angle="180.00" type="DEFAULT_VEHTYPE" speed="13.34" pos="94.69" lane="1/2to1/3_0" slope="0.00"/>
        <vehicle id="24" x="344.31" y="598.35" angle="90.00" type="DEFAULT_VEHTYPE" speed="13.17" pos="139.56" lane="1/3to2/3_0" slope="0.00"/>
        <vehicle id="4" x="398.35" y="586.93" angle="0.00" type="DEFAULT_VEHTYPE" speed="12.77" pos="8.32" lane="2/3to2/2_0" slope="0.00"/>
        <vehicle id="5" x="319.21" y="201.65" angle="-90.00" type="DEFAULT_VEHTYPE" speed="12.87" pos="76.04" lane="2/1to1/1_0" slope="0.00"/>
        <vehicle id="6" x="398.35" y="702.05" angle="0.00" type="DEFAULT_VEHTYPE" speed="13.20" pos="97.95" lane="2/4to2/3_0" slope="0.00"/>
        <vehicle id="7" x="201.65" y="116.68" angle="180.00" type="DEFAULT_VEHTYPE" speed="12.62" pos="116.68" lane="1/0to1/1_0" slope="0.00"/>
        <vehicle id="8" x="601.65" y="226.80" angle="180.00" type="DEFAULT_VEHTYPE" speed="11.97" pos="22.05" lane="3/1to3/2_0" slope="0.00"/>
    </timestep>
    <timestep time="269.00">
        <vehicle id="0" x="276.17" y="201.65" angle="-90.00" type="DEFAULT_VEHTYPE" speed="12.79" pos="119.08" lane="2/1to1/1_0" slope="0.00"/>
        <vehicle id="10" x="416.61" y="401.65" angle="-90.00" type="DEFAULT_VEHTYPE" speed="7.71" pos="178.64" lane="3/2to2/2_0" slope="0.00"/>
        <vehicle id="11" x="198.35" y="95.05" angle="0.00" type="DEFAULT_VEHTYPE" speed="13.68" pos="100.20" lane="1/1to1/0_0" slope="0.00"/>
        <vehicle id="12" x="209.71" y="201.65" angle="-90.00" type="DEFAULT_VEHTYPE" speed="4.40" pos="185.54" lane="2/1to1/1_0" slope="0.00"/>
        <vehicle id="15" x="594.54" y="198.35" angle="90.00" type="DEFAULT_VEHTYPE" speed="5.18" pos="189.79" lane="2/1to3/1_0" slope="0.00"/>
        <vehicle id="19" x="398.35" y="794.48" angle="0.00" type="DEFAULT_VEHTYPE" speed="13.36" pos="5.52" lane="2/4to2/3_0" slope="0.00"/>
        <vehicle id="2" x="598.35" y="458.90" angle="0.00" type="DEFAULT_VEHTYPE" speed="13.35" pos="136.35" lane="3/3to3/2_0" slope="0.00"/>
        <vehicle id="20" x="601.65" y="534.85" angle="180.00" type="DEFAULT_VEHTYPE" speed="13.36" pos="130.10" lane="3/2to3/3_0" slope="0.00"/>
        <vehicle id="23" x="201.65" y="513.28" angle="180.00" type="DEFAULT_VEHTYPE" speed="13.84" pos="108.53" lane="1/2to1/3_0" slope="0.00"/>
        <vehicle id="24" x="357.68" y="598.35" angle="90.00" type="DEFAULT_VEHTYPE" speed="13.37" pos="152.93" lane="1/3to2/3_0" slope="0.00"/>
        <vehicle id="4" x="398.35" y="573.58" angle="0.00" type="DEFAULT_VEHTYPE" speed="13.35" pos="21.67" lane="2/3to2/2_0" slope="0.00"/>
        <vehicle id="5" x="306.09" y="201.65" angle="-90.00" type="DEFAULT_VEHTYPE" speed="13.12" pos="89.16" lane="2/1to1/1_0" slope="0.00"/>
        <vehicle id="6" x="398.35" y="688.54" angle="0.00" type="DEFAULT_VEHTYPE" speed="13.51" pos="111.46" lane="2/4to2/3_0" slope="0.00"/>
        <vehicle id="7" x="201.65" y="129.70" angle="180.00" type="DEFAULT_VEHTYPE" speed="13.02" pos="129.70" lane="1/0to1/1_0" slope="0.00"/>
        <vehicle id="8" x="601.65" y="240.63" angle="180.00" type="DEFAULT_VEHTYPE" speed="13.82" pos="35.88" lane="3/1to3/2_0" slope="0.00"/>
    </timestep>
    <timestep time="270.00">
        <vehicle id="0" x="263.40" y="201.65" angle="-90.00" type="DEFAULT_VEHTYPE" speed="12.77" pos="131.85" lane="2/1to1/1_0" slope="0.00"/>
        <vehicle id="10" x="411.19" y="401.65" angle="-90.00" type="DEFAULT_VEHTYPE" speed="5.42" pos="184.06" lane="3/2to2/2_0" slope="0.00"/>
        <vehicle id="11" x="198.35" y="81.51" angle="0.00" type="DEFAULT_VEHTYPE" speed="13.54" pos="113.74" lane="1/1to1/0_0" slope="0.00"/>
        <vehicle id="12" x="203.18" y="201.97" angle="-93.64" type="DEFAULT_VEHTYPE" speed="6.57" pos="1.61" lane=":1/1_4_0" slope="0.00"/>
        <vehicle id="15" x="601.32" y="198.35" angle="90.00" type="DEFAULT_VEHTYPE" speed="6.79" pos="6.07" lane=":3/1_13_0" slope="0.00"/>
        <vehicle id="19" x="398.35" y="780.74" angle="0.00" type="DEFAULT_VEHTYPE" speed="13.74" pos="19.26" lane="2/4to2/3_0" slope="0.00"/>
        <vehicle id="2" x="598.35" y="445.41" angle="0.00" type="DEFAULT_VEHTYPE" speed="13.49" pos="149.84" lane="3/3to3/2_0" slope="0.00"/>
        <vehicle id="20" x="601.65" y="548.16" angle="180.00" type="DEFAULT_VEHTYPE" speed="13.31" pos="143.41" lane="3/2to3/3_0" slope="0.00"/>
        <vehicle id="23" x="201.65" y="526.97" angle="180.00" type="DEFAULT_VEHTYPE" speed="13.69" pos="122.22" lane="1/2to1/3_0" slope="0.00"/>
        <vehicle id="24" x="371.44" y="598.35" angle="90.00" type="DEFAULT_VEHTYPE" speed="13.76" pos="166.69" lane="1/3to2/3_0" slope="0.00"/>
        <vehicle id="4" x="398.35" y="560.75" angle="0.00" type="DEFAULT_VEHTYPE" speed="12.83" pos="34.50" lane="2/3to2/2_0" slope="0.00"/>
        <vehicle id="5" x="292.71" y="201.65" angle="-90.00" type="DEFAULT_VEHTYPE" speed="13.38" pos="102.54" lane="2/1to1/1_0" slope="0.00"/>
        <vehicle id="6" x="398.35" y="674.86" angle="0.00" type="DEFAULT_VEHTYPE" speed="13.68" pos="125.14" lane="2/4to2/3_0" slope="0.00"/>
        <vehicle id="7" x="201.65" y="142.92" angle="180.00" type="DEFAULT_VEHTYPE" speed="13.22" pos="142.92" lane="1/0to1/1_0" slope="0.00"/>
        <vehicle id="8" x="601.65" y="253.46" angle="180.00" type="DEFAULT_VEHTYPE" speed="12.83" pos="48.71" lane="3/1to3/2_0" slope="0.00"/>
    </timestep>
    <timestep time="271.00">
        <vehicle id="0" x="250.27" y="201.65" angle="-90.00" type="DEFAULT_VEHTYPE" speed="13.13" pos="144.98" lane="2/1to1/1_0" slope="0.00"/>
        <vehicle id="10" x="404.09" y="401.65" angle="-90.00" type="DEFAULT_VEHTYPE" speed="7.09" pos="0.66" lane=":2/2_5_0" slope="0.00"/>
        <vehicle id="11" x="198.35" y="68.13" angle="0.00" type="DEFAULT_VEHTYPE" speed="13.38" pos="127.12" lane="1/1to1/0_0" slope="0.00"/>
        <vehicle id="12" x="201.65" y="209.79" angle="180.00" type="DEFAULT_VEHTYPE" speed="8.42" pos="5.04" lane="1/1to1/2_0" slope="0.00"/>
        <vehicle id="15" x="609.80" y="198.35" angle="90.00" type="DEFAULT_VEHTYPE" speed="8.47" pos="5.05" lane="3/1to4/1_0" slope="0.00"/>
        <vehicle id="19" x="398.35" y="768.06" angle="0.00" type="DEFAULT_VEHTYPE" speed="12.68" pos="31.94" lane="2/4to2/3_0" slope="0.00"/>
        <vehicle id="2" x="598.35" y="431.58" angle="0.00" type="DEFAULT_VEHTYPE" speed="13.83" pos="163.67" lane="3/3to3/2_0" slope="0.00"/>
        <vehicle id="20" x="601.65" y="561.78" angle="180.00" type="DEFAULT_VEHTYPE" speed="13.62" pos="157.03" lane="3/2to3/3_0" slope="0.00"/>
        <vehicle id="23" x="201.65" y="539.70" angle="180.00" type="DEFAULT_VEHTYPE" speed="12.73" pos="134.95" lane="1/2to1/3_0" slope="0.00"/>
        <vehicle id="24" x="380.70" y="598.35" angle="90.00" type="DEFAULT_VEHTYPE" speed="9.26" pos="175.95" lane="1/3to2/3_0" slope="0.00"/>
        <vehicle id="4" x="398.35" y="548.04" angle="0.00" type="DEFAULT_VEHTYPE" speed="12.71" pos="47.21" lane="2/3to2/2_0" slope="0.00"/>
        <vehicle id="5" x="280.06" y="201.65" angle="-90.00" type="DEFAULT_VEHTYPE" speed="12.65" pos="115.19" lane="2/1to1/1_0" slope="0.00"/>
        <vehicle id="6" x="398.35" y="661.48" angle="0.00" type="DEFAULT_VEHTYPE" speed="13.38" pos="138.52" lane="2/4to2/3_0" slope="0.00"/>
        <vehicle id="7" x="201.65" y="156.22" angle="180.00" type="DEFAULT_VEHTYPE" speed="13.30" pos="156.22" lane="1/0to1/1_0" slope="0.00"/>
        <vehicle id="8" x="601.65" y="266.16" angle="180.00" type="DEFAULT_VEHTYPE" speed="12.71" pos="61.41" lane="3/1to3/2_0" slope="0.00"/>
    </timestep>
    <timestep time="272.00">
        <vehicle id="0" x="237.47" y="201.65" angle="-90.00" type="DEFAULT_VEHTYPE" speed="12.81" pos="157.78" lane="2/1to1/1_0" slope="0.00"/>
        <vehicle id="10" x="395.14" y="401.65" angle="-90.00" type="DEFAULT_VEHTYPE" speed="8.95" pos="0.11" lane="2/2to1/2_0" slope="0.00"/>
        <vehicle id="11" x="198.35" y="55.50" angle="0.00" type="DEFAULT_VEHTYPE" speed="12.63" pos="139.75" lane="1/1to1/0_0" slope="0.00"/>
        <vehicle id="12" x="201.65" y="220.14" angle="180.00" type="DEFAULT_VEHTYPE" speed="10.36" pos="15.39" lane="1/1to1/2_0" slope="0.00"/>
        <vehicle id="15" x="620.76" y="198.35" angle="90.00" type="DEFAULT_VEHTYPE" speed="10.97" pos="16.01" lane="3/1to4/1_0" slope="0.00"/>
        <vehicle id="19" x="398.35" y="755.46" angle="0.00" type="DEFAULT_VEHTYPE" speed="12.60" pos="44.54" lane="2/4to2/3_0" slope="0.00"/>
        <vehicle id="2" x="598.35" y="418.56" angle="0.00" type="DEFAULT_VEHTYPE" speed="13.03" pos="176.69" lane="3/3to3/2_0" slope="0.00"/>
        <vehicle id="20" x="601.65" y="575.03" angle="180.00" type="DEFAULT_VEHTYPE" speed="13.25" pos="170.28" lane="3/2to3/3_0" slope="0.00"/>
        <vehicle id="23" x="201.65" y="553.33" angle="180.00" type="DEFAULT_VEHTYPE" speed="13.63" pos="148.58" lane="1/2to1/3_0" slope="0.00"/>
        <vehicle id="24" x="387.32" y="598.35" angle="90.00" type="DEFAULT_VEHTYPE" speed="6.62" pos="182.57" lane="1/3to2/3_0" slope="0.00"/>
        <vehicle id="4" x="398.35" y="534.83" angle="0.00" type="DEFAULT_VEHTYPE" speed="13.21" pos="60.42" lane="2/3to2/2_0" slope="0.00"/>
        <vehicle id="5" x="266.50" y="201.65" angle="-90.00" type="DEFAULT_VEHTYPE" speed="13.56" pos="128.75" lane="2/1to1/1_0" slope="0.00"/>
        <vehicle id="6" x="398.35" y="648.22" angle="0.00" type="DEFAULT_VEHTYPE" speed="13.26" pos="151.78" lane="2/4to2/3_0" slope="0.00"/>
        <vehicle id="7" x="201.65" y="168.94" angle="180.00" type="DEFAULT_VEHTYPE" speed="12.72" pos="168.94" lane="1/0to1/1_0" slope="0.00"/>
        <vehicle id="8" x="601.65" y="278.92" angle="180.00" type="DEFAULT_VEHTYPE" speed="12.76" pos="74.17" lane="3/1to3/2_0" slope="0.00"/>
    </timestep>
    <timestep time="273.00">
        <vehicle id="0" x="224.95" y="201.65" angle="-90.00" type="DEFAULT_VEHTYPE" speed="12.51" pos="170.30" lane="2/1to1/1_0" slope="0.00"/>
        <vehicle id="10" x="383.91" y="401.65" angle="-90.00" type="DEFAULT_VEHTYPE" speed="11.22" pos="11.34" lane="2/2to1/2_0" slope="0.00"/>
        <vehicle id="11" x="198.35" y="42.90" angle="0.00" type="DEFAULT_VEHTYPE" speed="12.60" pos="152.35" lane="1/1to1/0_0" slope="0.00"/>
        <vehicle id="12" x="201.65" y="232.12" angle="180.00" type="DEFAULT_VEHTYPE" speed="11.98" pos="27.37" lane="1/1to1/2_0" slope="0.00"/>
        <vehicle id="15" x="633.35" y="198.35" angle="90.00" type="DEFAULT_VEHTYPE" speed="12.59" pos="28.60" lane="3/1to4/1_0" slope="0.00"/>
        <vehicle id="19" x="398.35" y="741.60" angle="0.00" type="DEFAULT_VEHTYPE" speed="13.86" pos="58.40" lane="2/4to2/3_0" slope="0.00"/>
        <vehicle id="2" x="598.35" y="405.82" angle="0.00" type="DEFAULT_VEHTYPE" speed="12.74" pos="189.43" lane="3/3to3/2_0" slope="0.00"/>
        <vehicle id="20" x="601.65" y="587.98" angle="180.00" type="DEFAULT_VEHTYPE" speed="12.95" pos="183.23" lane="3/2to3/3_0" slope="0.00"/>
        <vehicle id="23" x="201.65" y="566.81" angle="180.00" type="DEFAULT_VEHTYPE" speed="13.48" pos="162.06" lane="1/2to1/3_0" slope="0.00"/>
        <vehicle id="24" x="389.92" y="598.35" angle="90.00" type="DEFAULT_VEHTYPE" speed="2.60" pos="185.17" lane="1/3to2/3_0" slope="0.00"/>
        <vehicle id="4" x="398.35" y="521.20" angle="0.00" type="DEFAULT_VEHTYPE" speed="13.63" pos="74.05" lane="2/3to2/2_0" slope="0.00"/>
        <vehicle id="5" x="253.17" y="201.65" angle="-90.00" type="DEFAULT_VEHTYPE" speed="13.33" pos="142.08" lane="2/1to1/1_0" slope="0.00"/>
        <vehicle id="6" x="398.35" y="635.50" angle="0.00" type="DEFAULT_VEHTYPE" speed="12.72" pos="164.50" lane="2/4to2/3_0" slope="0.00"/>
        <vehicle id="7" x="201.65" y="182.35" angle="180.00" type="DEFAULT_VEHTYPE" speed="13.41" pos="182.35" lane="1/0to1/1_0" slope="0.00"/>
        <vehicle id="8" x="601.65" y="292.19" angle="180.00" type="DEFAULT_VEHTYPE" speed="13.27" pos="87.44" lane="3/1to3/2_0" slope="0.00"/>
    </timestep>
    <timestep time="274.00">
        <vehicle id="0" x="216.58" y="201.65" angle="-90.00" type="DEFAULT_VEHTYPE" speed="8.37" pos="178.67" lane="2/1to1/1_0" slope="0.00"/>
        <vehicle id="10" x="370.75" y="401.65" angle="-90.00" type="DEFAULT_VEHTYPE" speed="13.17" pos="24.50" lane="2/2to1/2_0" slope="0.00"/>
        <vehicle id="11" x="198.35" y="30.15" angle="0.00" type="DEFAULT_VEHTYPE" speed="12.74" pos="165.10" lane="1/1to1/0_0" slope="0.00"/>
        <vehicle id="12" x="201.65" y="244.81" angle="180.00" type="DEFAULT_VEHTYPE" speed="12.68" pos="40.06" lane="1/1to1/2_0" slope="0.00"/>
        <vehicle id="15" x="646.52" y="198.35" angle="90.00" type="DEFAULT_VEHTYPE" speed="13.16" pos="41.77" lane="3/1to4/1_0" slope="0.00"/>
        <vehicle id="19" x="398.35" y="728.50" angle="0.00" type="DEFAULT_VEHTYPE" speed="13.09" pos="71.50" lane="2/4to2/3_0" slope="0.00"/>
        <vehicle id="2" x="587.95" y="401.65" angle="-90.00" type="DEFAULT_VEHTYPE" speed="13.36" pos="7.30" lane="3/2to2/2_0" slope="0.00"/>
        <vehicle id="20" x="605.59" y="598.35" angle="120.74" type="DEFAULT_VEHTYPE" speed="13.10" pos="0.84" lane="3/3to4/3_0" slope="0.00"/>
        <vehicle id="23" x="201.65" y="580.58" angle="180.00" type="DEFAULT_VEHTYPE" speed="13.77" pos="175.83" lane="1/2to1/3_0" slope="0.00"/>
        <vehicle id="24" x="391.99" y="598.35" angle="90.00" type="DEFAULT_VEHTYPE" speed="2.07" pos="187.24" lane="1/3to2/3_0" slope="0.00"/>
        <vehicle id="4" x="398.35" y="508.26" angle="0.00" type="DEFAULT_VEHTYPE" speed="12.94" pos="86.99" lane="2/3to2/2_0" slope="0.00"/>
        <vehicle id="5" x="239.35" y="201.65" angle="-90.00" type="DEFAULT_VEHTYPE" speed="13.82" pos="155.90" lane="2/1to1/1_0" slope="0.00"/>
        <vehicle id="6" x="398.35" y="622.14" angle="0.00" type="DEFAULT_VEHTYPE" speed="13.36" pos="177.86" lane="2/4to2/3_0" slope="0.00"/>
        <vehicle id="7" x="201.77" y="196.11" angle="178.63" type="DEFAULT_VEHTYPE" speed="13.76" pos="0.86" lane=":1/1_8_0" slope="0.00"/>
        <vehicle id="8" x="601.65" y="305.81" angle="180.00" type="DEFAULT_VEHTYPE" speed="13.62" pos="101.06" lane="3/1to3/2_0" slope="0.00"/>
    </timestep>
    <timestep time="275.00">
        <vehicle id="0" x="211.26" y="201.65" angle="-90.00" type="DEFAULT_VEHTYPE" speed="5.33" pos="183.99" lane="2/1to1/1_0" slope="0.00"/>
        <vehicle id="10" x="356.86" y="401.65" angle="-90.00" type="DEFAULT_VEHTYPE" speed="13.88" pos="38.39" lane="2/2to1/2_0" slope="0.00"/>
        <vehicle id="11" x="198.35" y="16.76" angle="0.00" type="DEFAULT_VEHTYPE" speed="13.39" pos="178.49" lane="1/1to1/0_0" slope="0.00"/>
        <vehicle id="12" x="201.65" y="258.24" angle="180.00" type="DEFAULT_VEHTYPE" speed="13.43" pos="53.49" lane="1/1to1/2_0" slope="0.00"/>
        <vehicle id="15" x="659.18" y="198.35" angle="90.00" type="DEFAULT_VEHTYPE" speed="12.66" pos="54.43" lane="3/1to4/1_0" slope="0.00"/>
        <vehicle id="19" x="398.35" y="714.80" angle="0.00" type="DEFAULT_VEHTYPE" speed="13.71" pos="85.20" lane="2/4to2/3_0" slope="0.00"/>
        <vehicle id="2" x="574.35" y="401.65" angle="-90.00" type="DEFAULT_VEHTYPE" speed="13.60" pos="20.90" lane="3/2to2/2_0" slope="0.00"/>
        <vehicle id="20" x="618.90" y="598.35" angle="90.00" type="DEFAULT_VEHTYPE" speed="13.32" pos="14.15" lane="3/3to4/3_0" slope="0.00"/>
        <vehicle id="23" x="201.65" y="594.42" angle="180.00" type="DEFAULT_VEHTYPE" speed="13.84" pos="189.67" lane="1/2to1/3_0" slope="0.00"/>
        <vehicle id="24" x="392.68" y="598.35" angle="90.00" type="DEFAULT_VEHTYPE" speed="0.70" pos="187.93" lane="1/3to2/3_0" slope="0.00"/>
        <vehicle id="4" x="398.35" y="495.28" angle="0.00" type="DEFAULT_VEHTYPE" speed="12.98" pos="99.97" lane="2/3to2/2_0" slope="0.00"/>
        <vehicle id="5" x="228.83" y="201.65" angle="-90.00" type="DEFAULT_VEHTYPE" speed="10.52" pos="166.42" lane="2/1to1/1_0" slope="0.00"/>
        <vehicle id="6" x="398.35" y="608.63" angle="0.00" type="DEFAULT_VEHTYPE" speed="13.51" pos="191.37" lane="2/4to2/3_0" slope="0.00"/>
        <vehicle id="7" x="214.44" y="198.35" angle="90.00" type="DEFAULT_VEHTYPE" speed="13.83" pos="9.69" lane="1/1to2/1_0" slope="0.00"/>
        <vehicle id="8" x="601.65" y="319.37" angle="180.00" type="DEFAULT_VEHTYPE" speed="13.56" pos="114.62" lane="3/1to3/2_0" slope="0.00"/>
    </timestep>
    <timestep time="276.00">
        <vehicle id="0" x="203.79" y="201.78" angle="-91.54" type="DEFAULT_VEHTYPE" speed="7.47" pos="0.97" lane=":1/1_4_0" slope="0.00"/>
        <vehicle id="10" x="343.50" y="401.65" angle="-90.00" type="DEFAULT_VEHTYPE" speed="13.37" pos="51.75" lane="2/2to1/2_0" slope="0.00"/>
        <vehicle id="11" x="198.35" y="3.62" angle="0.00" type="DEFAULT_VEHTYPE" speed="13.14" pos="191.63" lane="1/1to1/0_0" slope="0.00"/>
        <vehicle id="12" x="201.65" y="271.45" angle="180.00" type="DEFAULT_VEHTYPE" speed="13.20" pos="66.70" lane="1/1to1/2_0" slope="0.00"/>
        <vehicle id="15" x="671.80" y="198.35" angle="90.00" type="DEFAULT_VEHTYPE" speed="12.62" pos="67.05" lane="3/1to4/1_0" slope="0.00"/>
        <vehicle id="19" x="398.35" y="701.96" angle="0.00" type="DEFAULT_VEHTYPE" speed="12.83" pos="98.04" lane="2/4to2/3_0" slope="0.00"/>
        <vehicle id="2" x="560.96" y="401.65" angle="-90.00" type="DEFAULT_VEHTYPE" speed="13.39" pos="34.29" lane="3/2to2/2_0" slope="0.00"/>
        <vehicle id="20" x="631.73" y="598.35" angle="90.00" type="DEFAULT_VEHTYPE" speed="12.83" pos="26.98" lane="3/3to4/3_0" slope="0.00"/>
        <vehicle id="23" x="211.80" y="598.35" angle="90.00" type="DEFAULT_VEHTYPE" speed="12.89" pos="7.05" lane="1/3to2/3_0" slope="0.00"/>
        <vehicle id="24" x="392.75" y="598.35" angle="90.00" type="DEFAULT_VEHTYPE" speed="0.07" pos="188.00" lane="1/3to2/3_0" slope="0.00"/>
        <vehicle id="4" x="398.35" y="482.14" angle="0.00" type="DEFAULT_VEHTYPE" speed="13.14" pos="113.11" lane="2/3to2/2_0" slope="0.00"/>
        <vehicle id="5" x="221.99" y="201.65" angle="-90.00" type="DEFAULT_VEHTYPE" speed="6.84" pos="173.26" lane="2/1to1/1_0" slope="0.00"/>
        <vehicle id="6" x="398.35" y="594.86" angle="0.00" type="DEFAULT_VEHTYPE" speed="13.77" pos="0.39" lane="2/3to2/2_0" slope="0.00"/>
        <vehicle id="7" x="227.10" y="198.35" angle="90.00" type="DEFAULT_VEHTYPE" speed="12.65" pos="22.35" lane="1/1to2/1_0" slope="0.00"/>
        <vehicle id="8" x="601.65" y="332.51" angle="180.00" type="DEFAULT_VEHTYPE" speed="13.14" pos="127.76" lane="3/1to3/2_0" slope="0.00"/>
    </timestep>
    <timestep time="277.00">
        <vehicle id="0" x="201.65" y="210.38" angle="180.00" type="DEFAULT_VEHTYPE" speed="9.67" pos="5.63" lane="1/1to1/2_0" slope="0.00"/>
        <vehicle id="10" x="329.85" y="401.65" angle="-90.00" type="DEFAULT_VEHTYPE" speed="13.65" pos="65.40" lane="2/2to1/2_0" slope="0.00"/>
        <vehicle id="11" x="201.65" y="5.20" angle="180.00" type="DEFAULT_VEHTYPE" speed="13.64" pos="5.20" lane="1/0to1/1_0" slope="0.00"/>
        <vehicle id="12" x="201.65" y="285.27" angle="180.00" type="DEFAULT_VEHTYPE" speed="13.83" pos="80.52" lane="1/1to1/2_0" slope="0.00"/>
        <vehicle id="15" x="685.08" y="198.35" angle="90.00" type="DEFAULT_VEHTYPE" speed="13.27" pos="80.33" lane="3/1to4/1_0" slope="0.00"/>
        <vehicle id="19" x="398.35" y="688.27" angle="0.00" type="DEFAULT_VEHTYPE" speed="13.69" pos="111.73" lane="2/4to2/3_0" slope="0.00"/>
        <vehicle id="2" x="547.72" y="401.65" angle="-90.00" type="DEFAULT_VEHTYPE" speed="13.24" pos="47.53" lane="3/2to2/2_0" slope="0.00"/>
        <vehicle id="20" x="644.79" y="598.35" angle="90.00" type="DEFAULT_VEHTYPE" speed="13.06" pos="40.04" lane="3/3to4/3_0" slope="0.00"/>
        <vehicle id="23" x="224.75" y="598.35" angle="90.00" type="DEFAULT_VEHTYPE" speed="12.95" pos="20.00" lane="1/3to2/3_0" slope="0.00"/>
        <vehicle id="24" x="394.62" y="598.35" angle="90.00" type="DEFAULT_VEHTYPE" speed="1.87" pos="189.87" lane="1/3to2/3_0" slope="0.00"/>
        <vehicle id="4" x="398.35" y="468.27" angle="0.00" type="DEFAULT_VEHTYPE" speed="13.87" pos="126.98" lane="2/3to2/2_0" slope="0.00"/>
        <vehicle id="5" x="215.42" y="201.65" angle="-90.00" type="DEFAULT_VEHTYPE" speed="6.57" pos="179.83" lane="2/1to1/1_0" slope="0.00"/>
        <vehicle id="6" x="398.35" y="581.01" angle="0.00" type="DEFAULT_VEHTYPE" speed="13.85" pos="14.24" lane="2/3to2/2_0" slope="0.00"/>
        <vehicle id="7" x="240.47" y="198.35" angle="90.00" type="DEFAULT_VEHTYPE" speed="13.37" pos="35.72" lane="1/1to2/1_0" slope="0.00"/>
        <vehicle id="8" x="601.65" y="345.52" angle="180.00" type="DEFAULT_VEHTYPE" speed="13.01" pos="140.77" lane="3/1to3/2_0" slope="0.00"/>
    </timestep>
    <timestep time="278.00">
        <vehicle id="0" x="201.65" y="222.64" angle="180.00" type="DEFAULT_VEHTYPE" speed="12.25" pos="17.89" lane="1/1to1/2_0" slope="0.00"/>
        <vehicle id="10" x="316.89" y="401.65" angle="-90.00" type="DEFAULT_VEHTYPE" speed="12.96" pos="78.36" lane="2/2to1/2_0" slope="0.00"/>
        <vehicle id="11" x="201.65" y="18.39" angle="180.00" type="DEFAULT_VEHTYPE" speed="13.19" pos="18.39" lane="1/0to1/1_0" slope="0.00"/>
        <vehicle id="12" x="201.65" y="298.98" angle="180.00" type="DEFAULT_VEHTYPE" speed="13.70" pos="94.23" lane="1/1to1/2_0" slope="0.00"/>
        <vehicle id="15" x="698.43" y="198.35" angle="90.00" type="DEFAULT_VEHTYPE" speed="13.35" pos="93.68" lane="3/1to4/1_0" slope="0.00"/>
        <vehicle id="19" x="398.35" y="674.79" angle="0.00" type="DEFAULT_VEHTYPE" speed="13.48" pos="125.21" lane="2/4to2/3_0" slope="0.00"/>
        <vehicle id="2" x="534.70" y="401.65" angle="-90.00" type="DEFAULT_VEHTYPE" speed="13.02" pos="60.55" lane="3/2to2/2_0" slope="0.00"/>
        <vehicle id="20" x="658.23" y="598.35" angle="90.00" type="DEFAULT_VEHTYPE" speed="13.44" pos="53.48" lane="3/3to4/3_0" slope="0.00"/>
        <vehicle id="23" x="237.40" y="598.35" angle="90.00" type="DEFAULT_VEHTYPE" speed="12.65" pos="32.65" lane="1/3to2/3_0" slope="0.00"/>
        <vehicle id="24" x="398.19" y="598.83" angle="95.59" type="DEFAULT_VEHTYPE" speed="3.63" pos="2.99" lane=":2/3_14_0" slope="0.00"/>
        <vehicle id="4" x="398.35" y="455.50" angle="0.00" type="DEFAULT_VEHTYPE" speed="12.77" pos="139.75" lane="2/3to2/2_0" slope="0.00"/>
        <vehicle id="5" x="210.87" y="201.65" angle="-90.00" type="DEFAULT_VEHTYPE" speed="4.55" pos="184.38" lane="2/1to1/1_0" slope="0.00"/>
        <vehicle id="6" x="398.35" y="567.78" angle="0.00" type="DEFAULT_VEHTYPE" speed="13.23" pos="27.47" lane="2/3to2/2_0" slope="0.00"/>
        <vehicle id="7" x="253.10" y="198.35" angle="90.00" type="DEFAULT_VEHTYPE" speed="12.63" pos="48.35" lane="1/1to2/1_0" slope="0.00"/>
        <vehicle id="8" x="601.65" y="358.63" angle="180.00" type="DEFAULT_VEHTYPE" speed="13.11" pos="153.88" lane="3/1to3/2_0" slope="0.00"/>
    </timestep>
    <timestep time="279.00">
        <vehicle id="0" x="201.65" y="235.36" angle="180.00" type="DEFAULT_VEHTYPE" speed="12.72" pos="30.61" lane="1/1to1/2_0" slope="0.00"/>
        <vehicle id="10" x="303.41" y="401.65" angle="-90.00" type="DEFAULT_VEHTYPE" speed="13.48" pos="91.84" lane="2/2to1/2_0" slope="0.00"/>
        <vehicle id="11" x="201.65" y="31.66" angle="180.00" type="DEFAULT_VEHTYPE" speed="13.27" pos="31.66" lane="1/0to1/1_0" slope="0.00"/>
        <vehicle id="12" x="201.65" y="312.29" angle="180.00" type="DEFAULT_VEHTYPE" speed="13.31" pos="107.54" lane="1/1to1/2_0" slope="0.00"/>
        <vehicle id="15" x="711.23" y="198.35" angle="90.00" type="DEFAULT_VEHTYPE" speed="12.80" pos="106.48" lane="3/1to4/1_0" slope="0.00"/>
        <vehicle id="19" x="398.35" y="662.19" angle="0.00" type="DEFAULT_VEHTYPE" speed="12.60" pos="137.81" lane="2/4to2/3_0" slope="0.00"/>
        <vehicle id="2" x="521.84" y="401.65" angle="-90.00" type="DEFAULT_VEHTYPE" speed="12.86" pos="73.41" lane="3/2to2/2_0" slope="0.00"/>
        <vehicle id="20" x="672.12" y="598.35" angle="90.00" type="DEFAULT_VEHTYPE" speed="13.89" pos="67.37" lane="3/3to4/3_0" slope="0.00"/>
        <vehicle id="23" x="250.98" y="598.35" angle="90.00" type="DEFAULT_VEHTYPE" speed="13.58" pos="46.23" lane="1/3to2/3_0" slope="0.00"/>
        <vehicle id="24" x="401.46" y="603.45" angle="149.61" type="DEFAULT_VEHTYPE" speed="6.02" pos="9.01" lane=":2/3_14_0" slope="0.00"/>
        <vehicle id="4" x="398.35" y="442.13" angle="0.00" type="DEFAULT_VEHTYPE" speed="13.37" pos="153.12" lane="2/3to2/2_0" slope="0.00"/>
        <vehicle id="5" x="204.12" y="201.74" angle="-91.02" type="DEFAULT_VEHTYPE" speed="6.76" pos="0.64" lane=":1/1_4_0" slope="0.00"/>
        <vehicle id="6" x="398.35" y="554.02" angle="0.00" type="DEFAULT_VEHTYPE" speed="13.76" pos="41.23" lane="2/3to2/2_0" slope="0.00"/>
        <vehicle id="7" x="266.26" y="198.35" angle="90.00" type="DEFAULT_VEHTYPE" speed="13.15" pos="61.51" lane="1/1to2/1_0" slope="0.00"/>
        <vehicle id="8" x="601.65" y="371.29" angle="180.00" type="DEFAULT_VEHTYPE" speed="12.67" pos="166.54" lane="3/1to3/2_0" slope="0.00"/>
    </timestep>
    <timestep time="280.00">
        <vehicle id="0" x="201.65" y="248.35" angle="180.00" type="DEFAULT_VEHTYPE" speed="12.99" pos="43.60" lane="1/1to1/2_0" slope="0.00"/>
        <vehicle id="10" x="290.45" y="401.65" angle="-90.00" type="DEFAULT_VEHTYPE" speed="12.95" pos="104.80" lane="2/2to1/2_0" slope="0.00"/>
        <vehicle id="11" x="201.65" y="44.75" angle="180.00" type="DEFAULT_VEHTYPE" speed="13.09" pos="44.75" lane="1/0to1/1_0" slope="0.00"/>
        <vehicle id="12" x="201.65" y="325.71" angle="180.00" type="DEFAULT_VEHTYPE" speed="13.42" pos="120.96" lane="1/1to1/2_0" slope="0.00"/>
        <vehicle id="15" x="724.26" y="198.35" angle="90.00" type="DEFAULT_VEHTYPE" speed="13.03" pos="119.51" lane="3/1to4/1_0" slope="0.00"/>
        <vehicle id="19" x="398.35" y="649.02" angle="0.00" type="DEFAULT_VEHTYPE" speed="13.17" pos="150.98" lane="2/4to2/3_0" slope="0.00"/>
        <vehicle id="2" x="508.26" y="401.65" angle="-90.00" type="DEFAULT_VEHTYPE" speed="13.58" pos="86.99" lane="3/2to2/2_0" slope="0.00"/>
        <vehicle id="20" x="685.80" y="598.35" angle="90.00" type="DEFAULT_VEHTYPE" speed="13.69" pos="81.05" lane="3/3to4/3_0" slope="0.00"/>
        <vehicle id="23" x="264.71" y="598.35" angle="90.00" type="DEFAULT_VEHTYPE" speed="13.73" pos="59.96" lane="1/3to2/3_0" slope="0.00"/>
        <vehicle id="24" x="401.65" y="611.93" angle="180.00" type="DEFAULT_VEHTYPE" speed="8.49" pos="7.18" lane="2/3to2/4_0" slope="0.00"/>
        <vehicle id="4" x="398.35" y="428.91" angle="0.00" type="DEFAULT_VEHTYPE" speed="13.21" pos="166.34" lane="2/3to2/2_0" slope="0.00"/>
        <vehicle id="5" x="201.65" y="208.50" angle="-178.01" type="DEFAULT_VEHTYPE" speed="8.11" pos="3.75" lane="1/1to1/2_0" slope="0.00"/>
        <vehicle id="6" x="398.35" y="540.17" angle="0.00" type="DEFAULT_VEHTYPE" speed="13.85" pos="55.08" lane="2/3to2/2_0" slope="0.00"/>
        <vehicle id="7" x="279.18" y="198.35" angle="90.00" type="DEFAULT_VEHTYPE" speed="12.92" pos="74.43" lane="1/1to2/1_0" slope="0.00"/>
        <vehicle id="8" x="601.65" y="384.04" angle="180.00" type="DEFAULT_VEHTYPE" speed="12.75" pos="179.29" lane="3/1to3/2_0" slope="0.00"/>
    </timestep>
    <timestep time="281.00">
        <vehicle id="0" x="201.65" y="261.05" angle="180.00" type="DEFAULT_VEHTYPE" speed="12.70" pos="56.30" lane="1/1to1/2_0" slope="0.00"/>
        <vehicle id="10" x="276.97" y="401.65" angle="-90.00" type="DEFAULT_VEHTYPE" speed="13.48" pos="118.28" lane="2/2to1/2_0" slope="0.00"/>
        <vehicle id="11" x="201.65" y="57.51" angle="180.00" type="DEFAULT_VEHTYPE" speed="12.76" pos="57.51" lane="1/0to1/1_0" slope="0.00"/>
        <vehicle id="12" x="201.65" y="339.60" angle="180.00" type="DEFAULT_VEHTYPE" speed="13.89" pos="134.85" lane="1/1to1/2_0" slope="0.00"/>
        <vehicle id="15" x="737.83" y="198.35" angle="90.00" type="DEFAULT_VEHTYPE" speed="13.57" pos="133.08" lane="3/1to4/1_0" slope="0.00"/>
        <vehicle id="19" x="398.35" y="635.32" angle="0.00" type="DEFAULT_VEHTYPE" speed="13.70" pos="164.68" lane="2/4to2/3_0" slope="0.00"/>
        <vehicle id="2" x="494.77" y="401.65" angle="-90.00" type="DEFAULT_VEHTYPE" speed="13.48" pos="100.48" lane="3/2to2/2_0" slope="0.00"/>
        <vehicle id="20" x="699.22" y="598.35" angle="90.00" type="DEFAULT_VEHTYPE" speed="13.41" pos="94.47" lane="3/3to4/3_0" slope="0.00"/>
        <vehicle id="23" x="278.03" y="598.35" angle="90.00" type="DEFAULT_VEHTYPE" speed="13.32" pos="73.28" lane="1/3to2/3_0" slope="0.00"/>
        <vehicle id="24" x="401.65" y="622.06" angle="180.00" type="DEFAULT_VEHTYPE" speed="10.13" pos="17.31" lane="2/3to2/4_0" slope="0.00"/>
        <vehicle id="4" x="398.35" y="415.50" angle="0.00" type="DEFAULT_VEHTYPE" speed="13.41" pos="179.75" lane="2/3to2/2_0" slope="0.00"/>
        <vehicle id="5" x="201.65" y="218.74" angle="180.00" type="DEFAULT_VEHTYPE" speed="10.24" pos="13.99" lane="1/1to1/2_0" slope="0.00"/>
        <vehicle id="6" x="398.35" y="526.66" angle="0.00" type="DEFAULT_VEHTYPE" speed="13.51" pos="68.59" lane="2/3to2/2_0" slope="0.00"/>
        <vehicle id="7" x="292.97" y="198.35" angle="90.00" type="DEFAULT_VEHTYPE" speed="13.79" pos="88.22" lane="1/1to2/1_0" slope="0.00"/>
        <vehicle id="8" x="601.65" y="396.68" angle="180.00" type="DEFAULT_VEHTYPE" speed="12.63" pos="1.43" lane=":3/2_9_0" slope="0.00"/>
    </timestep>
    <timestep time="282.00">
        <vehicle id="0" x="201.65" y="274.55" angle="180.00" type="DEFAULT_VEHTYPE" speed="13.50" pos="69.80" lane="1/1to1/2_0" slope="0.00"/>
        <vehicle id="10" x="263.44" y="401.65" angle="-90.00" type="DEFAULT_VEHTYPE" speed="13.54" pos="131.81" lane="2/2to1/2_0" slope="0.00"/>
        <vehicle id="11" x="201.65" y="71.25" angle="180.00" type="DEFAULT_VEHTYPE" speed="13.73" pos="71.25" lane="1/0to1/1_0" slope="0.00"/>
        <vehicle id="12" x="201.65" y="352.62" angle="180.00" type="DEFAULT_VEHTYPE" speed="13.02" pos="147.87" lane="1/1to1/2_0" slope="0.00"/>
        <vehicle id="15" x="751.23" y="198.35" angle="90.00" type="DEFAULT_VEHTYPE" speed="13.40" pos="146.48" lane="3/1to4/1_0" slope="0.00"/>
        <vehicle id="19" x="398.35" y="622.69" angle="0.00" type="DEFAULT_VEHTYPE" speed="12.63" pos="177.31" lane="2/4to2/3_0" slope="0.00"/>
        <vehicle id="2" x="481.49" y="401.65" angle="-90.00" type="DEFAULT_VEHTYPE" speed="13.28" pos="113.76" lane="3/2to2/2_0" slope="0.00"/>
        <vehicle id="20" x="712.16" y="598.35" angle="90.00" type="DEFAULT_VEHTYPE" speed="12.94" pos="107.41" lane="3/3to4/3_0" slope="0.00"/>
        <vehicle id="23" x="291.09" y="598.35" angle="90.00" type="DEFAULT_VEHTYPE" speed="13.06" pos="86.34" lane="1/3to2/3_0" slope="0.00"/>
        <vehicle id="24" x="401.65" y="633.71" angle="180.00" type="DEFAULT_VEHTYPE" speed="11.65" pos="28.96" lane="2/3to2/4_0" slope="0.00"/>
        <vehicle id="4" x="397.13" y="402.15" angle="-14.84" type="DEFAULT_VEHTYPE" speed="13.77" pos="3.02" lane=":2/2_0_0" slope="0.00"/>
        <vehicle id="5" x="201.65" y="230.64" angle="180.00" type="DEFAULT_VEHTYPE" speed="11.90" pos="25.89" lane="1/1to1/2_0" slope="0.00"/>
        <vehicle id="6" x="398.35" y="513.10" angle="0.00" type="DEFAULT_VEHTYPE" speed="13.56" pos="82.15" lane="2/3to2/2_0" slope="0.00"/>
        <vehicle id="7" x="305.98" y="198.35" angle="90.00" type="DEFAULT_VEHTYPE" speed="13.00" pos="101.23" lane="1/1to2/1_0" slope="0.00"/>
        <vehicle id="8" x="601.65" y="410.15" angle="180.00" type="DEFAULT_VEHTYPE" speed="13.48" pos="5.40" lane="3/2to3/3_0" slope="0.00"/>
    </timestep>
    <timestep time="283.00">
        <vehicle id="0" x="201.65" y="287.40" angle="180.00" type="DEFAULT_VEHTYPE" speed="12.85" pos="82.65" lane="1/1to1/2_0" slope="0.00"/>
        <vehicle id="10" x="250.30" y="401.65" angle="-90.00" type="DEFAULT_VEHTYPE" speed="13.14" pos="144.95" lane="2/2to1/2_0" slope="0.00"/>
        <vehicle id="11" x="201.65" y="84.43" angle="180.00" type="DEFAULT_VEHTYPE" speed="13.18" pos="84.43" lane="1/0to1/1_0" slope="0.00"/>
        <vehicle id="12" x="201.65" y="365.29" angle="180.00" type="DEFAULT_VEHTYPE" speed="12.66" pos="160.54" lane="1/1to1/2_0" slope="0.00"/>
        <vehicle id="15" x="764.26" y="198.35" angle="90.00" type="DEFAULT_VEHTYPE" speed="13.02" pos="159.51" lane="3/1to4/1_0" slope="0.00"/>
        <vehicle id="19" x="398.35" y="608.96" angle="0.00" type="DEFAULT_VEHTYPE" speed="13.74" pos="191.04" lane="2/4to2/3_0" slope="0.00"/>
        <vehicle id="2" x="467.91" y="401.65" angle="-90.00" type="DEFAULT_VEHTYPE" speed="13.58" pos="127.34" lane="3/2to2/2_0" slope="0.00"/>
        <vehicle id="20" x="725.33" y="598.35" angle="90.00" type="DEFAULT_VEHTYPE" speed="13.17" pos="120.58" lane="3/3to4/3_0" slope="0.00"/>
        <vehicle id="23" x="304.07" y="598.35" angle="90.00" type="DEFAULT_VEHTYPE" speed="12.98" pos="99.32" lane="1/3to2/3_0" slope="0.00"/>
        <vehicle id="24" x="401.65" y="647.21" angle="180.00" type="DEFAULT_VEHTYPE" speed="13.51" pos="42.46" lane="2/3to2/4_0" slope="0.00"/>
        <vehicle id="4" x="383.73" y="401.65" angle="-90.00" type="DEFAULT_VEHTYPE" speed="13.51" pos="11.52" lane="2/2to1/2_0" slope="0.00"/>
        <vehicle id="5" x="201.65" y="243.52" angle="180.00" type="DEFAULT_VEHTYPE" speed="12.88" pos="38.77" lane="1/1to1/2_0" slope="0.00"/>
        <vehicle id="6" x="398.35" y="499.76" angle="0.00" type="DEFAULT_VEHTYPE" speed="13.34" pos="95.49" lane="2/3to2/2_0" slope="0.00"/>
        <vehicle id="7" x="319.21" y="198.35" angle="90.00" type="DEFAULT_VEHTYPE" speed="13.23" pos="114.46" lane="1/1to2/1_0" slope="0.00"/>
        <vehicle id="8" x="601.65" y="423.77" angle="180.00" type="DEFAULT_VEHTYPE" speed="13.62" pos="19.02" lane="3/2to3/3_0" slope="0.00"/>
    </timestep>
    <timestep time="284.00">
        <vehicle id="0" x="201.65" y="300.07" angle="180.00" type="DEFAULT_VEHTYPE" speed="12.67" pos="95.32" lane="1/1to1/2_0" slope="0.00"/>
        <vehicle id="10" x="236.46" y="401.65" angle="-90.00" type="DEFAULT_VEHTYPE" speed="13.84" pos="158.79" lane="2/2to1/2_0" slope="0.00"/>
        <vehicle id="11" x="201.65" y="98.22" angle="180.00" type="DEFAULT_VEHTYPE" speed="13.80" pos="98.22" lane="1/0to1/1_0" slope="0.00"/>
        <vehicle id="12" x="201.65" y="378.10" angle="180.00" type="DEFAULT_VEHTYPE" speed="12.82" pos="173.35" lane="1/1to1/2_0" slope="0.00"/>
        <vehicle id="15" x="777.07" y="198.35" angle="90.00" type="DEFAULT_VEHTYPE" speed="12.81" pos="172.32" lane="3/1to4/1_0" slope="0.00"/>
        <vehicle id="19" x="398.35" y="596.12" angle="0.00" type="DEFAULT_VEHTYPE" speed="12.83" pos="8.63" lane=":2/3_1_0" slope="0.00"/>
        <vehicle id="2" x="454.11" y="401.65" angle="-90.00" type="DEFAULT_VEHTYPE" speed="13.80" pos="141.14" lane="3/2to2/2_0" slope="0.00"/>
        <vehicle id="20" x="738.60" y="598.35" angle="90.00" type="DEFAULT_VEHTYPE" speed="13.26" pos="133.85" lane="3/3to4/3_0" slope="0.00"/>
        <vehicle id="23" x="316.92" y="598.35" angle="90.00" type="DEFAULT_VEHTYPE" speed="12.86" pos="112.17" lane="1/3to2/3_0" slope="0.00"/>
        <vehicle id="24" x="401.65" y="660.95" angle="180.00" type="DEFAULT_VEHTYPE" speed="13.74" pos="56.20" lane="2/3to2/4_0" slope="0.00"/>
        <vehicle id="4" x="371.13" y="401.65" angle="-90.00" type="DEFAULT_VEHTYPE" speed="12.60" pos="24.12" lane="2/2to1/2_0" slope="0.00"/>
        <vehicle id="5" x="201.65" y="256.84" angle="180.00" type="DEFAULT_VEHTYPE" speed="13.33" pos="52.09" lane="1/1to1/2_0" slope="0.00"/>
        <vehicle id="6" x="398.35" y="486.88" angle="0.00" type="DEFAULT_VEHTYPE" speed="12.88" pos="108.37" lane="2/3to2/2_0" slope="0.00"/>
        <vehicle id="7" x="332.79" y="198.35" angle="90.00" type="DEFAULT_VEHTYPE" speed="13.58" pos="128.04" lane="1/1to2/1_0" slope="0.00"/>
        <vehicle id="8" x="601.65" y="437.08" angle="180.00" type="DEFAULT_VEHTYPE" speed="13.30" pos="32.33" lane="3/2to3/3_0" slope="0.00"/>
    </timestep>
    <timestep time="285.00">
        <vehicle id="0" x="201.65" y="313.24" angle="180.00" type="DEFAULT_VEHTYPE" speed="13.18" pos="108.49" lane="1/1to1/2_0" slope="0.00"/>
        <vehicle id="10" x="225.40" y="401.65" angle="-90.00" type="DEFAULT_VEHTYPE" speed="11.06" pos="169.85" lane="2/2to1/2_0" slope="0.00"/>
        <vehicle id="11" x="201.65" y="110.92" angle="180.00" type="DEFAULT_VEHTYPE" speed="12.69" pos="110.92" lane="1/0to1/1_0" slope="0.00"/>
        <vehicle id="12" x="201.65" y="391.10" angle="180.00" type="DEFAULT_VEHTYPE" speed="12.99" pos="186.35" lane="1/1to1/2_0" slope="0.00"/>
        <vehicle id="15" x="790.44" y="198.35" angle="90.00" type="DEFAULT_VEHTYPE" speed="13.37" pos="185.69" lane="3/1to4/1_0" slope="0.00"/>
        <vehicle id="19" x="398.35" y="582.44" angle="0.00" type="DEFAULT_VEHTYPE" speed="13.69" pos="12.81" lane="2/3to2/2_0" slope="0.00"/>
        <vehicle id="2" x="440.82" y="401.65" angle="-90.00" type="DEFAULT_VEHTYPE" speed="13.30" pos="154.43" lane="3/2to2/2_0" slope="0.00"/>
        <vehicle id="20" x="752.28" y="598.35" angle="90.00" type="DEFAULT_VEHTYPE" speed="13.68" pos="147.53" lane="3/3to4/3_0" slope="0.00"/>
        <vehicle id="23" x="329.55" y="598.35" angle="90.00" type="DEFAULT_VEHTYPE" speed="12.63" pos="124.80" lane="1/3to2/3_0" slope="0.00"/>
        <vehicle id="24" x="401.65" y="673.81" angle="180.00" type="DEFAULT_VEHTYPE" speed="12.85" pos="69.06" lane="2/3to2/4_0" slope="0.00"/>
        <vehicle id="4" x="357.23" y="401.65" angle="-90.00" type="DEFAULT_VEHTYPE" speed="13.90" pos="38.02" lane="2/2to1/2_0" slope="0.00"/>
        <vehicle id="5" x="201.65" y="270.31" angle="180.00" type="DEFAULT_VEHTYPE" speed="13.46" pos="65.56" lane="1/1to1/2_0" slope="0.00"/>
        <vehicle id="6" x="398.35" y="473.86" angle="0.00" type="DEFAULT_VEHTYPE" speed="13.02" pos="121.39" lane="2/3to2/2_0" slope="0.00"/>
        <vehicle id="7" x="346.31" y="198.35" angle="90.00" type="DEFAULT_VEHTYPE" speed="13.51" pos="141.56" lane="1/1to2/1_0" slope="0.00"/>
        <vehicle id="8" x="601.65" y="450.36" angle="180.00" type="DEFAULT_VEHTYPE" speed="13.28" pos="45.61" lane="3/2to3/3_0" slope="0.00"/>
    </timestep>
    <timestep time="286.00">
        <vehicle id="0" x="201.65" y="326.41" angle="180.00" type="DEFAULT_VEHTYPE" speed="13.16" pos="121.66" lane="1/1to1/2_0" slope="0.00"/>
        <vehicle id="10" x="216.74" y="401.65" angle="-90.00" type="DEFAULT_VEHTYPE" speed="8.66" pos="178.51" lane="2/2to1/2_0" slope="0.00"/>
        <vehicle id="11" x="201.65" y="124.53" angle="180.00" type="DEFAULT_VEHTYPE" speed="13.61" pos="124.53" lane="1/0to1/1_0" slope="0.00"/>
        <vehicle id="12" x="201.65" y="403.96" angle="180.00" type="DEFAULT_VEHTYPE" speed="12.86" pos="8.71" lane=":1/2_9_0" slope="0.00"/>
        <vehicle id="15" x="800.69" y="201.19" angle="149.11" type="DEFAULT_VEHTYPE" speed="13.55" pos="3.99" lane=":4/1_0_0" slope="0.00"/>
        <vehicle id="19" x="398.35" y="569.16" angle="0.00" type="DEFAULT_VEHTYPE" speed="13.28" pos="26.09" lane="2/3to2/2_0" slope="0.00"/>
        <vehicle id="2" x="427.86" y="401.65" angle="-90.00" type="DEFAULT_VEHTYPE" speed="12.95" pos="167.39" lane="3/2to2/2_0" slope="0.00"/>
        <vehicle id="20" x="765.17" y="598.35" angle="90.00" type="DEFAULT_VEHTYPE" speed="12.90" pos="160.42" lane="3/3to4/3_0" slope="0.00"/>
        <vehicle id="23" x="342.68" y="598.35" angle="90.00" type="DEFAULT_VEHTYPE" speed="13.13" pos="137.93" lane="1/3to2/3_0" slope="0.00"/>
        <vehicle id="24" x="401.65" y="686.65" angle="180.00" type="DEFAULT_VEHTYPE" speed="12.85" pos="81.90" lane="2/3to2/4_0" slope="0.00"/>
        <vehicle id="4" x="344.45" y="401.65" angle="-90.00" type="DEFAULT_VEHTYPE" speed="12.77" pos="50.80" lane="2/2to1/2_0" slope="0.00"/>
        <vehicle id="5" x="201.65" y="283.15" angle="180.00" type="DEFAULT_VEHTYPE" speed="12.84" pos="78.40" lane="1/1to1/2_0" slope="0.00"/>
        <vehicle id="6" x="398.35" y="460.43" angle="0.00" type="DEFAULT_VEHTYPE" speed="13.43" pos="134.82" lane="2/3to2/2_0" slope="0.00"/>
        <vehicle id="7" x="359.89" y="198.35" angle="90.00" type="DEFAULT_VEHTYPE" speed="13.59" pos="155.14" lane="1/1to2/1_0" slope="0.00"/>
        <vehicle id="8" x="601.65" y="463.81" angle="180.00" type="DEFAULT_VEHTYPE" speed="13.45" pos="59.06" lane="3/2to3/3_0" slope="0.00"/>
    </timestep>
    <timestep time="287.00">
        <vehicle id="0" x="201.65" y="339.47" angle="180.00" type="DEFAULT_VEHTYPE" speed="13.06" pos="134.72" lane="1/1to1/2_0" slope="0.00"/>
        <vehicle id="10" x="211.29" y="401.65" angle="-90.00" type="DEFAULT_VEHTYPE" speed="5.45" pos="183.96" lane="2/2to1/2_0" slope="0.00"/>
        <vehicle id="11" x="201.65" y="138.18" angle="180.00" type="DEFAULT_VEHTYPE" speed="13.66" pos="138.18" lane="1/0to1/1_0" slope="0.00"/>
        <vehicle id="12" x="201.65" y="417.54" angle="180.00" type="DEFAULT_VEHTYPE" speed="13.58" pos="12.79" lane="1/2to1/3_0" slope="0.00"/>
        <vehicle id="15" x="787.20" y="201.65" angle="-90.00" type="DEFAULT_VEHTYPE" speed="13.63" pos="12.80" lane="4/1to3/1_0" slope="0.00"/>
        <vehicle id="19" x="398.35" y="556.34" angle="0.00" type="DEFAULT_VEHTYPE" speed="12.82" pos="38.91" lane="2/3to2/2_0" slope="0.00"/>
        <vehicle id="2" x="418.74" y="401.65" angle="-90.00" type="DEFAULT_VEHTYPE" speed="9.12" pos="176.51" lane="3/2to2/2_0" slope="0.00"/>
        <vehicle id="20" x="777.95" y="598.35" angle="90.00" type="DEFAULT_VEHTYPE" speed="12.77" pos="173.20" lane="3/3to4/3_0" slope="0.00"/>
        <vehicle id="23" x="356.20" y="598.35" angle="90.00" type="DEFAULT_VEHTYPE" speed="13.51" pos="151.45" lane="1/3to2/3_0" slope="0.00"/>
        <vehicle id="24" x="401.65" y="699.42" angle="180.00" type="DEFAULT_VEHTYPE" speed="12.76" pos="94.67" lane="2/3to2/4_0" slope="0.00"/>
        <vehicle id="4" x="331.07" y="401.65" angle="-90.00" type="DEFAULT_VEHTYPE" speed="13.38" pos="64.18" lane="2/2to1/2_0" slope="0.00"/>
        <vehicle id="5" x="201.65" y="295.88" angle="180.00" type="DEFAULT_VEHTYPE" speed="12.73" pos="91.13" lane="1/1to1/2_0" slope="0.00"/>
        <vehicle id="6" x="398.35" y="446.93" angle="0.00" type="DEFAULT_VEHTYPE" speed="13.50" pos="148.32" lane="2/3to2/2_0" slope="0.00"/>
        <vehicle id="7" x="372.75" y="198.35" angle="90.00" type="DEFAULT_VEHTYPE" speed="12.86" pos="168.00" lane="1/1to2/1_0" slope="0.00"/>
        <vehicle id="8" x="601.65" y="476.61" angle="180.00" type="DEFAULT_VEHTYPE" speed="12.80" pos="71.86" lane="3/2to3/3_0" slope="0.00"/>
    </timestep>
    <timestep time="288.00">
        <vehicle id="0" x="201.65" y="352.18" angle="180.00" type="DEFAULT_VEHTYPE" speed="12.71" pos="147.43" lane="1/1to1/2_0" slope="0.00"/>
        <vehicle id="10" x="203.37" y="401.45" angle="-87.74" type="DEFAULT_VEHTYPE" speed="7.93" pos="1.39" lane=":1/2_6_0" slope="0.00"/>
        <vehicle id="11" x="201.65" y="151.01" angle="180.00" type="DEFAULT_VEHTYPE" speed="12.82" pos="151.01" lane="1/0to1/1_0" slope="0.00"/>
        <vehicle id="12" x="201.65" y="430.26" angle="180.00" type="DEFAULT_VEHTYPE" speed="12.72" pos="25.51" lane="1/2to1/3_0" slope="0.00"/>
        <vehicle id="15" x="773.71" y="201.65" angle="-90.00" type="DEFAULT_VEHTYPE" speed="13.49" pos="26.29" lane="4/1to3/1_0" slope="0.00"/>
        <vehicle id="19" x="398.35" y="542.67" angle="0.00" type="DEFAULT_VEHTYPE" speed="13.67" pos="52.58" lane="2/3to2/2_0" slope="0.00"/>
        <vehicle id="2" x="413.21" y="401.65" angle="-90.00" type="DEFAULT_VEHTYPE" speed="5.54" pos="182.04" lane="3/2to2/2_0" slope="0.00"/>
        <vehicle id="20" x="790.76" y="598.35" angle="90.00" type="DEFAULT_VEHTYPE" speed="12.81" pos="186.01" lane="3/3to4/3_0" slope="0.00"/>
        <vehicle id="23" x="369.83" y="598.35" angle="90.00" type="DEFAULT_VEHTYPE" speed="13.63" pos="165.08" lane="1/3to2/3_0" slope="0.00"/>
        <vehicle id="24" x="401.65" y="713.05" angle="180.00" type="DEFAULT_VEHTYPE" speed="13.63" pos="108.30" lane="2/3to2/4_0" slope="0.00"/>
        <vehicle id="4" x="318.06" y="401.65" angle="-90.00" type="DEFAULT_VEHTYPE" speed="13.01" pos="77.19" lane="2/2to1/2_0" slope="0.00"/>
        <vehicle id="5" x="201.65" y="308.84" angle="180.00" type="DEFAULT_VEHTYPE" speed="12.96" pos="104.09" lane="1/1to1/2_0" slope="0.00"/>
        <vehicle id="6" x="398.35" y="433.99" angle="0.00" type="DEFAULT_VEHTYPE" speed="12.94" pos="161.26" lane="2/3to2/2_0" slope="0.00"/>
        <vehicle id="7" x="382.26" y="198.35" angle="90.00" type="DEFAULT_VEHTYPE" speed="9.51" pos="177.51" lane="1/1to2/1_0" slope="0.00"/>
        <vehicle id="8" x="601.65" y="489.22" angle="180.00" type="DEFAULT_VEHTYPE" speed="12.61" pos="84.47" lane="3/2to3/3_0" slope="0.00"/>
    </timestep>
    <timestep time="289.00">
        <vehicle id="0" x="201.65" y="365.28" angle="180.00" type="DEFAULT_VEHTYPE" speed="13.10" pos="160.53" lane="1/1to1/2_0" slope="0.00"/>
        <vehicle id="10" x="198.35" y="394.42" angle="-12.87" type="DEFAULT_VEHTYPE" speed="9.76" pos="0.83" lane="1/2to1/1_0" slope="0.00"/>
        <vehicle id="11" x="201.65" y="164.47" angle="180.00" type="DEFAULT_VEHTYPE" speed="13.46" pos="164.47" lane="1/0to1/1_0" slope="0.00"/>
        <vehicle id="12" x="201.65" y="443.47" angle="180.00" type="DEFAULT_VEHTYPE" speed="13.21" pos="38.72" lane="1/2to1/3_0" slope="0.00"/>
        <vehicle id="15" x="760.57" y="201.65" angle="-90.00" type="DEFAULT_VEHTYPE" speed="13.14" pos="39.43" lane="4/1to3/1_0" slope="0.00"/>
        <vehicle id="19" x="398.35" y="529.09" angle="0.00" type="DEFAULT_VEHTYPE" speed="13.58" pos="66.16" lane="2/3to2/2_0" slope="0.00"/>
        <vehicle id="2" x="409.37" y="401.65" angle="-90.00" type="DEFAULT_VEHTYPE" speed="3.83" pos="185.88" lane="3/2to2/2_0" slope="0.00"/>
        <vehicle id="20" x="801.21" y="600.85" angle="131.37" type="DEFAULT_VEHTYPE" speed="12.61" pos="3.37" lane=":4/3_0_0" slope="0.00"/>
        <vehicle id="23" x="380.03" y="598.35" angle="90.00" type="DEFAULT_VEHTYPE" speed="10.20" pos="175.28" lane="1/3to2/3_0" slope="0.00"/>
        <vehicle id="24" x="401.65" y="726.27" angle="180.00" type="DEFAULT_VEHTYPE" speed="13.22" pos="121.52" lane="2/3to2/4_0" slope="0.00"/>
        <vehicle id="4" x="304.73" y="401.65" angle="-90.00" type="DEFAULT_VEHTYPE" speed="13.34" pos="90.52" lane="2/2to1/2_0" slope="0.00"/>
        <vehicle id="5" x="201.65" y="321.49" angle="180.00" type="DEFAULT_VEHTYPE" speed="12.65" pos="116.74" lane="1/1to1/2_0" slope="0.00"/>
        <vehicle id="6" x="398.35" y="420.21" angle="0.00" type="DEFAULT_VEHTYPE" speed="13.78" pos="175.04" lane="2/3to2/2_0" slope="0.00"/>
        <vehicle id="7" x="388.29" y="198.35" angle="90.00" type="DEFAULT_VEHTYPE" speed="6.03" pos="183.54" lane="1/1to2/1_0" slope="0.00"/>
        <vehicle id="8" x="601.65" y="501.90" angle="180.00" type="DEFAULT_VEHTYPE" speed="12.68" pos="97.15" lane="3/2to3/3_0" slope="0.00"/>
    </timestep>
    <timestep time="290.00">
        <vehicle id="0" x="201.65" y="378.13" angle="180.00" type="DEFAULT_VEHTYPE" speed="12.84" pos="173.38" lane="1/1to1/2_0" slope="0.00"/>
        <vehicle id="10" x="198.35" y="382.16" angle="0.00" type="DEFAULT_VEHTYPE" speed="12.27" pos="13.09" lane="1/2to1/1_0" slope="0.00"/>
        <vehicle id="11" x="201.65" y="178.15" angle="180.00" type="DEFAULT_VEHTYPE" speed="13.68" pos="178.15" lane="1/0to1/1_0" slope="0.00"/>
        <vehicle id="12" x="201.65" y="457.28" angle="180.00" type="DEFAULT_VEHTYPE" speed="13.82" pos="52.53" lane="1/2to1/3_0" slope="0.00"/>
        <vehicle id="15" x="747.44" y="201.65" angle="-90.00" type="DEFAULT_VEHTYPE" speed="13.13" pos="52.56" lane="4/1to3/1_0" slope="0.00"/>
        <vehicle id="19" x="398.35" y="516.15" angle="0.00" type="DEFAULT_VEHTYPE" speed="12.94" pos="79.10" lane="2/3to2/2_0" slope="0.00"/>
        <vehicle id="2" x="403.35" y="401.45" angle="-87.70" type="DEFAULT_VEHTYPE" speed="6.04" pos="1.42" lane=":2/2_6_0" slope="0.00"/>
        <vehicle id="20" x="788.27" y="601.65" angle="-90.00" type="DEFAULT_VEHTYPE" speed="13.18" pos="11.73" lane="4/3to3/3_0" slope="0.00"/>
        <vehicle id="23" x="386.55" y="598.35" angle="90.00" type="DEFAULT_VEHTYPE" speed="6.53" pos="181.80" lane="1/3to2/3_0" slope="0.00"/>
        <vehicle id="24" x="401.65" y="739.78" angle="180.00" type="DEFAULT_VEHTYPE" speed="13.52" pos="135.03" lane="2/3to2/4_0" slope="0.00"/>
        <vehicle id="4" x="291.83" y="401.65" angle="-90.00" type="DEFAULT_VEHTYPE" speed="12.90" pos="103.42" lane="2/2to1/2_0" slope="0.00"/>
        <vehicle id="5" x="201.65" y="335.07" angle="180.00" type="DEFAULT_VEHTYPE" speed="13.58" pos="130.32" lane="1/1to1/2_0" slope="0.00"/>
        <vehicle id="6" x="398.35" y="406.47" angle="0.00" type="DEFAULT_VEHTYPE" speed="13.74" pos="188.78" lane="2/3to2/2_0" slope="0.00"/>
        <vehicle id="7" x="396.43" y="198.35" angle="90.00" type="DEFAULT_VEHTYPE" speed="8.14" pos="1.18" lane=":2/1_13_0" slope="0.00"/>
        <vehicle id="8" x="601.65" y="515.15" angle="180.00" type="DEFAULT_VEHTYPE" speed="13.24" pos="110.40" lane="3/2to3/3_0" slope="0.00"/>
    </timestep>
    <timestep time="291.00">
        <vehicle id="0" x="201.65" y="390.90" angle="180.00" type="DEFAULT_VEHTYPE" speed="12.78" pos="186.15" lane="1/1to1/2_0" slope="0.00"/>
        <vehicle id="10" x="198.35" y="369.25" angle="0.00" type="DEFAULT_VEHTYPE" speed="12.91" pos="26.00" lane="1/2to1/1_0" slope="0.00"/>
        <vehicle id="11" x="201.65" y="191.89" angle="180.00" type="DEFAULT_VEHTYPE" speed="13.74" pos="191.89" lane="1/0to1/1_0" slope="0.00"/>
        <vehicle id="12" x="201.65" y="470.43" angle="180.00" type="DEFAULT_VEHTYPE" speed="13.14" pos="65.68" lane="1/2to1/3_0" slope="0.00"/>
        <vehicle id="15" x="734.34" y="201.65" angle="-90.00" type="DEFAULT_VEHTYPE" speed="13.10" pos="65.66" lane="4/1to3/1_0" slope="0.00"/>
        <vehicle id="19" x="398.35" y="502.53" angle="0.00" type="DEFAULT_VEHTYPE" speed="13.62" pos="92.72" lane="2/3to2/2_0" slope="0.00"/>
        <vehicle id="2" x="398.48" y="396.16" angle="-26.35" type="DEFAULT_VEHTYPE" speed="7.98" pos="9.40" lane=":2/2_6_0" slope="0.00"/>
        <vehicle id="20" x="775.55" y="601.65" angle="-90.00" type="DEFAULT_VEHTYPE" speed="12.72" pos="24.45" lane="4/3to3/3_0" slope="0.00"/>
        <vehicle id="23" x="390.41" y="598.35" angle="90.00" type="DEFAULT_VEHTYPE" speed="3.86" pos="185.66" lane="1/3to2/3_0" slope="0.00"/>
        <vehicle id="24" x="401.65" y="753.57" angle="180.00" type="DEFAULT_VEHTYPE" speed="13.79" pos="148.82" lane="2/3to2/4_0" slope="0.00"/>
        <vehicle id="4" x="279.04" y="401.65" angle="-90.00" type="DEFAULT_VEHTYPE" speed="12.79" pos="116.21" lane="2/2to1/2_0" slope="0.00"/>
        <vehicle id="5" x="201.65" y="347.93" angle="180.00" type="DEFAULT_VEHTYPE" speed="12.87" pos="143.18" lane="1/1to1/2_0" slope="0.00"/>
        <vehicle id="6" x="388.28" y="401.65" angle="-90.00" type="DEFAULT_VEHTYPE" speed="13.69" pos="6.97" lane="2/2to1/2_0" slope="0.00"/>
        <vehicle id="7" x="407.02" y="198.35" angle="90.00" type="DEFAULT_VEHTYPE" speed="10.59" pos="2.27" lane="2/1to3/1_0" slope="0.00"/>
        <vehicle id="8" x="601.65" y="528.21" angle="180.00" type="DEFAULT_VEHTYPE" speed="13.06" pos="123.46" lane="3/2to3/3_0" slope="0.00"/>
    </timestep>
    <timestep time="292.00">
        <vehicle id="0" x="201.65" y="404.35" angle="180.00" type="DEFAULT_VEHTYPE" speed="13.45" pos="9.10" lane=":1/2_9_0" slope="0.00"/>
        <vehicle id="10" x="198.35" y="355.57" angle="0.00" type="DEFAULT_VEHTYPE" speed="13.68" pos="39.68" lane="1/2to1/1_0" slope="0.00"/>
        <vehicle id="11" x="209.71" y="198.35" angle="90.07" type="DEFAULT_VEHTYPE" speed="13.32" pos="4.96" lane="1/1to2/1_0" slope="0.00"/>
        <vehicle id="12" x="201.65" y="483.89" angle="180.00" type="DEFAULT_VEHTYPE" speed="13.47" pos="79.14" lane="1/2to1/3_0" slope="0.00"/>
        <vehicle id="15" x="720.64" y="201.65" angle="-90.00" type="DEFAULT_VEHTYPE" speed="13.70" pos="79.36" lane="4/1to3/1_0" slope="0.00"/>
        <vehicle id="19" x="398.35" y="489.84" angle="0.00" type="DEFAULT_VEHTYPE" speed="12.69" pos="105.41" lane="2/3to2/2_0" slope="0.00"/>
        <vehicle id="2" x="398.35" y="385.77" angle="0.00" type="DEFAULT_VEHTYPE" speed="10.40" pos="9.48" lane="2/2to2/1_0" slope="0.00"/>
        <vehicle id="20" x="762.57" y="601.65" angle="-90.00" type="DEFAULT_VEHTYPE" speed="12.98" pos="37.43" lane="4/3to3/3_0" slope="0.00"/>
        <vehicle id="23" x="396.15" y="598.48" angle="91.48" type="DEFAULT_VEHTYPE" speed="5.75" pos="0.91" lane=":2/3_14_0" slope="0.00"/>
        <vehicle id="24" x="401.65" y="766.72" angle="180.00" type="DEFAULT_VEHTYPE" speed="13.15" pos="161.97" lane="2/3to2/4_0" slope="0.00"/>
        <vehicle id="4" x="266.24" y="401.65" angle="-90.00" type="DEFAULT_VEHTYPE" speed="12.80" pos="129.01" lane="2/2to1/2_0" slope="0.00"/>
        <vehicle id="5" x="201.65" y="360.57" angle="180.00" type="DEFAULT_VEHTYPE" speed="12.63" pos="155.82" lane="1/1to1/2_0" slope="0.00"/>
        <vehicle id="6" x="375.38" y="401.65" angle="-90.00" type="DEFAULT_VEHTYPE" speed="12.90" pos="19.87" lane="2/2to1/2_0" slope="0.00"/>
        <vehicle id="7" x="419.77" y="198.35" angle="90.00" type="DEFAULT_VEHTYPE" speed="12.74" pos="15.02" lane="2/1to3/1_0" slope="0.00"/>
        <vehicle id="8" x="601.65" y="542.00" angle="180.00" type="DEFAULT_VEHTYPE" speed="13.79" pos="137.25" lane="3/2to3/3_0" slope="0.00"/>
    </timestep>
    <timestep time="293.00">
        <vehicle id="0" x="201.65" y="417.65" angle="180.00" type="DEFAULT_VEHTYPE" speed="13.30" pos="12.90" lane="1/2to1/3_0" slope="0.00"/>
        <vehicle id="10" x="198.35" y="342.69" angle="0.00" type="DEFAULT_VEHTYPE" speed="12.87" pos="52.56" lane="1/2to1/1_0" slope="0.00"/>
        <vehicle id="11" x="223.07" y="198.35" angle="90.00" type="DEFAULT_VEHTYPE" speed="13.36" pos="18.32" lane="1/1to2/1_0" slope="0.00"/>
        <vehicle id="12" x="201.65" y="497.36" angle="180.00" type="DEFAULT_VEHTYPE" speed="13.47" pos="92.61" lane="1/2to1/3_0" slope="0.00"/>
        <vehicle id="15" x="706.74" y="201.65" angle="-90.00" type="DEFAULT_VEHTYPE" speed="13.90" pos="93.26" lane="4/1to3/1_0" slope="0.00"/>
        <vehicle id="19" x="398.35" y="476.67" angle="0.00" type="DEFAULT_VEHTYPE" speed="13.17" pos="118.58" lane="2/3to2/2_0" slope="0.00"/>
        <vehicle id="2" x="398.35" y="374.00" angle="0.00" type="DEFAULT_VEHTYPE" speed="11.77" pos="21.25" lane="2/2to2/1_0" slope="0.00"/>
        <vehicle id="20" x="748.71" y="601.65" angle="-90.00" type="DEFAULT_VEHTYPE" speed="13.86" pos="51.29" lane="4/3to3/3_0" slope="0.00"/>
        <vehicle id="23" x="401.34" y="602.61" angle="140.82" type="DEFAULT_VEHTYPE" speed="7.25" pos="8.16" lane=":2/3_14_0" slope="0.00"/>
        <vehicle id="24" x="401.65" y="779.70" angle="180.00" type="DEFAULT_VEHTYPE" speed="12.98" pos="174.95" lane="2/3to2/4_0" slope="0.00"/>
        <vehicle id="4" x="252.92" y="401.65" angle="-90.00" type="DEFAULT_VEHTYPE" speed="13.32" pos="142.33" lane="2/2to1/2_0" slope="0.00"/>
        <vehicle id="5" x="201.65" y="374.34" angle="180.00" type="DEFAULT_VEHTYPE" speed="13.77" pos="169.59" lane="1/1to1/2_0" slope="0.00"/>
        <vehicle id="6" x="361.68" y="401.65" angle="-90.00" type="DEFAULT_VEHTYPE" speed="13.70" pos="33.57" lane="2/2to1/2_0" slope="0.00"/>
        <vehicle id="7" x="433.57" y="198.35" angle="90.00" type="DEFAULT_VEHTYPE" speed="13.81" pos="28.82" lane="2/1to3/1_0" slope="0.00"/>
        <vehicle id="8" x="601.65" y="554.73" angle="180.00" type="DEFAULT_VEHTYPE" speed="12.73" pos="149.98" lane="3/2to3/3_0" slope="0.00"/>
    </timestep>
    <timestep time="294.00">
        <vehicle id="0" x="201.65" y="430.55" angle="180.00" type="DEFAULT_VEHTYPE" speed="12.90" pos="25.80" lane="1/2to1/3_0" slope="0.00"/>
        <vehicle id="10" x="198.35" y="329.78" angle="0.00" type="DEFAULT_VEHTYPE" speed="12.91" pos="65.47" lane="1/2to1/1_0" slope="0.00"/>
        <vehicle id="11" x="236.49" y="198.35" angle="90.00" type="DEFAULT_VEHTYPE" speed="13.43" pos="31.74" lane="1/1to2/1_0" slope="0.00"/>
        <vehicle id="12" x="201.65" y="510.77" angle="180.00" type="DEFAULT_VEHTYPE" speed="13.41" pos="106.02" lane="1/2to1/3_0" slope="0.00"/>
        <vehicle id="15" x="693.03" y="201.65" angle="-90.00" type="DEFAULT_VEHTYPE" speed="13.71" pos="106.97" lane="4/1to3/1_0" slope="0.00"/>
        <vehicle id="19" x="398.35" y="462.88" angle="0.00" type="DEFAULT_VEHTYPE" speed="13.78" pos="132.37" lane="2/3to2/2_0" slope="0.00"/>
        <vehicle id="2" x="398.35" y="360.44" angle="0.00" type="DEFAULT_VEHTYPE" speed="13.56" pos="34.81" lane="2/2to2/1_0" slope="0.00"/>
        <vehicle id="20" x="735.83" y="601.65" angle="-90.00" type="DEFAULT_VEHTYPE" speed="12.88" pos="64.17" lane="4/3to3/3_0" slope="0.00"/>
        <vehicle id="23" x="401.65" y="611.65" angle="180.00" type="DEFAULT_VEHTYPE" speed="9.06" pos="6.90" lane="2/3to2/4_0" slope="0.00"/>
        <vehicle id="24" x="401.65" y="793.05" angle="180.00" type="DEFAULT_VEHTYPE" speed="13.35" pos="188.30" lane="2/3to2/4_0" slope="0.00"/>
        <vehicle id="4" x="240.21" y="401.65" angle="-90.00" type="DEFAULT_VEHTYPE" speed="12.71" pos="155.04" lane="2/2to1/2_0" slope="0.00"/>
        <vehicle id="5" x="201.65" y="387.31" angle="180.00" type="DEFAULT_VEHTYPE" speed="12.97" pos="182.56" lane="1/1to1/2_0" slope="0.00"/>
        <vehicle id="6" x="348.44" y="401.65" angle="-90.00" type="DEFAULT_VEHTYPE" speed="13.24" pos="46.81" lane="2/2to1/2_0" slope="0.00"/>
        <vehicle id="7" x="446.79" y="198.35" angle="90.00" type="DEFAULT_VEHTYPE" speed="13.22" pos="42.04" lane="2/1to3/1_0" slope="0.00"/>
        <vehicle id="8" x="601.65" y="568.31" angle="180.00" type="DEFAULT_VEHTYPE" speed="13.58" pos="163.56" lane="3/2to3/3_0" slope="0.00"/>
    </timestep>
    <timestep time="295.00">
        <vehicle id="0" x="201.65" y="443.20" angle="180.00" type="DEFAULT_VEHTYPE" speed="12.66" pos="38.45" lane="1/2to1/3_0" slope="0.00"/>
        <vehicle id="10" x="198.35" y="316.15" angle="0.00" type="DEFAULT_VEHTYPE" speed="13.63" pos="79.10" lane="1/2to1/1_0" slope="0.00"/>
        <vehicle id="11" x="249.65" y="198.35" angle="90.00" type="DEFAULT_VEHTYPE" speed="13.16" pos="44.90" lane="1/1to2/1_0" slope="0.00"/>
        <vehicle id="12" x="201.65" y="524.17" angle="180.00" type="DEFAULT_VEHTYPE" speed="13.40" pos="119.42" lane="1/2to1/3_0" slope="0.00"/>
        <vehicle id="15" x="679.64" y="201.65" angle="-90.00" type="DEFAULT_VEHTYPE" speed="13.39" pos="120.36" lane="4/1to3/1_0" slope="0.00"/>
        <vehicle id="19" x="398.35" y="449.26" angle="0.00" type="DEFAULT_VEHTYPE" speed="13.62" pos="145.99" lane="2/3to2/2_0" slope="0.00"/>
        <vehicle id="2" x="398.35" y="347.42" angle="0.00" type="DEFAULT_VEHTYPE" speed="13.02" pos="47.83" lane="2/2to2/1_0" slope="0.00"/>
        <vehicle id="20" x="723.16" y="601.65" angle="-90.00" type="DEFAULT_VEHTYPE" speed="12.67" pos="76.84" lane="4/3to3/3_0" slope="0.00"/>
        <vehicle id="23" x="401.65" y="622.72" angle="180.00" type="DEFAULT_VEHTYPE" speed="11.07" pos="17.97" lane="2/3to2/4_0" slope="0.00"/>
        <vehicle id="24" x="398.35" y="799.12" angle="-63.20" type="DEFAULT_VEHTYPE" speed="12.66" pos="0.88" lane="2/4to2/3_0" slope="0.00"/>
        <vehicle id="4" x="227.31" y="401.65" angle="-90.00" type="DEFAULT_VEHTYPE" speed="12.90" pos="167.94" lane="2/2to1/2_0" slope="0.00"/>
        <vehicle id="5" x="201.65" y="400.60" angle="180.00" type="DEFAULT_VEHTYPE" speed="13.30" pos="5.35" lane=":1/2_9_0" slope="0.00"/>
        <vehicle id="6" x="334.58" y="401.65" angle="-90.00" type="DEFAULT_VEHTYPE" speed="13.85" pos="60.67" lane="2/2to1/2_0" slope="0.00"/>
        <vehicle id="7" x="459.86" y="198.35" angle="90.00" type="DEFAULT_VEHTYPE" speed="13.07" pos="55.11" lane="2/1to3/1_0" slope="0.00"/>
        <vehicle id="8" x="601.65" y="582.05" angle="180.00" type="DEFAULT_VEHTYPE" speed="13.74" pos="177.30" lane="3/2to3/3_0" slope="0.00"/>
    </timestep>
    <timestep time="296.00">
        <vehicle id="0" x="201.65" y="456.26" angle="180.00" type="DEFAULT_VEHTYPE" speed="13.06" pos="51.51" lane="1/2to1/3_0" slope="0.00"/>
        <vehicle id="10" x="198.35" y="302.37" angle="0.00" type="DEFAULT_VEHTYPE" speed="13.78" pos="92.88" lane="1/2to1/1_0" slope="0.00"/>
        <vehicle id="11" x="262.88" y="198.35" angle="90.00" type="DEFAULT_VEHTYPE" speed="13.23" pos="58.13" lane="1/1to2/1_0" slope="0.00"/>
        <vehicle id="12" x="201.65" y="537.90" angle="180.00" type="DEFAULT_VEHTYPE" speed="13.73" pos="133.15" lane="1/2to1/3_0" slope="0.00"/>
        <vehicle id="15" x="666.36" y="201.65" angle="-90.00" type="DEFAULT_VEHTYPE" speed="13.28" pos="133.64" lane="4/1to3/1_0" slope="0.00"/>
        <vehicle id="19" x="398.35" y="436.19" angle="0.00" type="DEFAULT_VEHTYPE" speed="13.07" pos="159.06" lane="2/3to2/2_0" slope="0.00"/>
        <vehicle id="2" x="398.35" y="333.74" angle="0.00" type="DEFAULT_VEHTYPE" speed="13.68" pos="61.51" lane="2/2to2/1_0" slope="0.00"/>
        <vehicle id="20" x="710.30" y="601.65" angle="-90.00" type="DEFAULT_VEHTYPE" speed="12.87" pos="89.70" lane="4/3to3/3_0" slope="0.00"/>
        <vehicle id="23" x="401.65" y="636.31" angle="180.00" type="DEFAULT_VEHTYPE" speed="13.59" pos="31.56" lane="2/3to2/4_0" slope="0.00"/>
        <vehicle id="24" x="398.35" y="786.33" angle="0.00" type="DEFAULT_VEHTYPE" speed="12.78" pos="13.67" lane="2/4to2/3_0" slope="0.00"/>
        <vehicle id="4" x="218.34" y="401.65" angle="-90.00" type="DEFAULT_VEHTYPE" speed="8.97" pos="176.91" lane="2/2to1/2_0" slope="0.00"/>
        <vehicle id="5" x="201.65" y="413.48" angle="180.00" type="DEFAULT_VEHTYPE" speed="12.88" pos="8.73" lane="1/2to1/3_0" slope="0.00"/>
        <vehicle id="6" x="320.97" y="401.65" angle="-90.00" type="DEFAULT_VEHTYPE" speed="13.61" pos="74.28" lane="2/2to1/2_0" slope="0.00"/>
        <vehicle id="7" x="472.81" y="198.35" angle="90.00" type="DEFAULT_VEHTYPE" speed="12.95" pos="68.06" lane="2/1to3/1_0" slope="0.00"/>
        <vehicle id="8" x="601.71" y="595.67" angle="179.33" type="DEFAULT_VEHTYPE" speed="13.62" pos="0.42" lane=":3/3_8_0" slope="0.00"/>
    </timestep>
    <timestep time="297.00">
        <vehicle id="0" x="201.65" y="469.70" angle="180.00" type="DEFAULT_VEHTYPE" speed="13.44" pos="64.95" lane="1/2to1/3_0" slope="0.00"/>
        <vehicle id="10" x="198.35" y="289.55" angle="0.00" type="DEFAULT_VEHTYPE" speed="12.82" pos="105.70" lane="1/2to1/1_0" slope="0.00"/>
        <vehicle id="11" x="275.97" y="198.35" angle="90.00" type="DEFAULT_VEHTYPE" speed="13.09" pos="71.22" lane="1/1to2/1_0" slope="0.00"/>
        <vehicle id="12" x="201.65" y="551.22" angle="180.00" type="DEFAULT_VEHTYPE" speed="13.32" pos="146.47" lane="1/2to1/3_0" slope="0.00"/>
        <vehicle id="15" x="653.57" y="201.65" angle="-90.00" type="DEFAULT_VEHTYPE" speed="12.79" pos="146.43" lane="4/1to3/1_0" slope="0.00"/>
        <vehicle id="19" x="398.35" y="422.68" angle="0.00" type="DEFAULT_VEHTYPE" speed="13.52" pos="172.57" lane="2/3to2/2_0" slope="0.00"/>
        <vehicle id="2" x="398.35" y="320.33" angle="0.00" type="DEFAULT_VEHTYPE" speed="13.40" pos="74.92" lane="2/2to2/1_0" slope="0.00"/>
        <vehicle id="20" x="696.78" y="601.65" angle="-90.00" type="DEFAULT_VEHTYPE" speed="13.51" pos="103.22" lane="4/3to3/3_0" slope="0.00"/>
        <vehicle id="23" x="401.65" y="649.21" angle="180.00" type="DEFAULT_VEHTYPE" speed="12.90" pos="44.46" lane="2/3to2/4_0" slope="0.00"/>
        <vehicle id="24" x="398.35" y="772.61" angle="0.00" type="DEFAULT_VEHTYPE" speed="13.72" pos="27.39" lane="2/4to2/3_0" slope="0.00"/>
        <vehicle id="4" x="212.75" y="401.65" angle="-90.00" type="DEFAULT_VEHTYPE" speed="5.59" pos="182.50" lane="2/2to1/2_0" slope="0.00"/>
        <vehicle id="5" x="201.65" y="426.42" angle="180.00" type="DEFAULT_VEHTYPE" speed="12.94" pos="21.67" lane="1/2to1/3_0" slope="0.00"/>
        <vehicle id="6" x="307.90" y="401.65" angle="-90.00" type="DEFAULT_VEHTYPE" speed="13.08" pos="87.35" lane="2/2to1/2_0" slope="0.00"/>
        <vehicle id="7" x="485.82" y="198.35" angle="90.00" type="DEFAULT_VEHTYPE" speed="13.01" pos="81.07" lane="2/1to3/1_0" slope="0.00"/>
        <vehicle id="8" x="613.45" y="598.35" angle="90.00" type="DEFAULT_VEHTYPE" speed="13.27" pos="8.70" lane="3/3to4/3_0" slope="0.00"/>
    </timestep>
    <timestep time="298.00">
        <vehicle id="0" x="201.65" y="483.18" angle="180.00" type="DEFAULT_VEHTYPE" speed="13.48" pos="78.43" lane="1/2to1/3_0" slope="0.00"/>
        <vehicle id="10" x="198.35" y="275.74" angle="0.00" type="DEFAULT_VEHTYPE" speed="13.82" pos="119.51" lane="1/2to1/1_0" slope="0.00"/>
        <vehicle id="11" x="289.36" y="198.35" angle="90.00" type="DEFAULT_VEHTYPE" speed="13.39" pos="84.61" lane="1/1to2/1_0" slope="0.00"/>
        <vehicle id="12" x="201.65" y="564.69" angle="180.00" type="DEFAULT_VEHTYPE" speed="13.46" pos="159.94" lane="1/2to1/3_0" slope="0.00"/>
        <vehicle id="15" x="640.36" y="201.65" angle="-90.00" type="DEFAULT_VEHTYPE" speed="13.21" pos="159.64" lane="4/1to3/1_0" slope="0.00"/>
        <vehicle id="19" x="398.35" y="409.56" angle="0.00" type="DEFAULT_VEHTYPE" speed="13.11" pos="185.69" lane="2/3to2/2_0" slope="0.00"/>
        <vehicle id="2" x="398.35" y="306.93" angle="0.00" type="DEFAULT_VEHTYPE" speed="13.40" pos="88.32" lane="2/2to2/1_0" slope="0.00"/>
        <vehicle id="20" x="683.50" y="601.65" angle="-90.00" type="DEFAULT_VEHTYPE" speed="13.28" pos="116.50" lane="4/3to3/3_0" slope="0.00"/>
        <vehicle id="23" x="401.65" y="662.46" angle="180.00" type="DEFAULT_VEHTYPE" speed="13.25" pos="57.71" lane="2/3to2/4_0" slope="0.00"/>
        <vehicle id="24" x="398.35" y="758.80" angle="0.00" type="DEFAULT_VEHTYPE" speed="13.81" pos="41.20" lane="2/4to2/3_0" slope="0.00"/>
        <vehicle id="4" x="209.50" y="401.65" angle="-90.00" type="DEFAULT_VEHTYPE" speed="3.26" pos="185.75" lane="2/2to1/2_0" slope="0.00"/>
        <vehicle id="5" x="201.65" y="440.22" angle="180.00" type="DEFAULT_VEHTYPE" speed="13.80" pos="35.47" lane="1/2to1/3_0" slope="0.00"/>
        <vehicle id="6" x="294.16" y="401.65" angle="-90.00" type="DEFAULT_VEHTYPE" speed="13.74" pos="101.09" lane="2/2to1/2_0" slope="0.00"/>
        <vehicle id="7" x="498.72" y="198.35" angle="90.00" type="DEFAULT_VEHTYPE" speed="12.90" pos="93.97" lane="2/1to3/1_0" slope="0.00"/>
        <vehicle id="8" x="626.08" y="598.35" angle="90.00" type="DEFAULT_VEHTYPE" speed="12.63" pos="21.33" lane="3/3to4/3_0" slope="0.00"/>
    </timestep>
    <timestep time="299.00">
        <vehicle id="0" x="201.65" y="495.84" angle="180.00" type="DEFAULT_VEHTYPE" speed="12.66" pos="91.09" lane="1/2to1/3_0" slope="0.00"/>
        <vehicle id="10" x="198.35" y="262.67" angle="0.00" type="DEFAULT_VEHTYPE" speed="13.07" pos="132.58" lane="1/2to1/1_0" slope="0.00"/>
        <vehicle id="11" x="302.61" y="198.35" angle="90.00" type="DEFAULT_VEHTYPE" speed="13.26" pos="97.86" lane="1/1to2/1_0" slope="0.00"/>
        <vehicle id="12" x="201.65" y="578.00" angle="180.00" type="DEFAULT_VEHTYPE" speed="13.31" pos="173.25" lane="1/2to1/3_0" slope="0.00"/>
        <vehicle id="15" x="627.78" y="201.65" angle="-90.00" type="DEFAULT_VEHTYPE" speed="12.58" pos="172.22" lane="4/1to3/1_0" slope="0.00"/>
        <vehicle id="19" x="398.35" y="396.10" angle="0.00" type="DEFAULT_VEHTYPE" speed="13.46" pos="8.65" lane=":2/2_1_0" slope="0.00"/>
        <vehicle id="2" x="398.35" y="293.82" angle="0.00" type="DEFAULT_VEHTYPE" speed="13.11" pos="101.43" lane="2/2to2/1_0" slope="0.00"/>
        <vehicle id="20" x="669.63" y="601.65" angle="-90.00" type="DEFAULT_VEHTYPE" speed="13.87" pos="130.37" lane="4/3to3/3_0" slope="0.00"/>
        <vehicle id="23" x="401.65" y="675.98" angle="180.00" type="DEFAULT_VEHTYPE" speed="13.52" pos="71.23" lane="2/3to2/4_0" slope="0.00"/>
        <vehicle id="24" x="398.35" y="746.15" angle="0.00" type="DEFAULT_VEHTYPE" speed="12.64" pos="53.85" lane="2/4to2/3_0" slope="0.00"/>
        <vehicle id="4" x="204.09" y="401.65" angle="-90.00" type="DEFAULT_VEHTYPE" speed="5.41" pos="0.66" lane=":1/2_5_0" slope="0.00"/>
        <vehicle id="5" x="201.65" y="452.94" angle="180.00" type="DEFAULT_VEHTYPE" speed="12.72" pos="48.19" lane="1/2to1/3_0" slope="0.00"/>
        <vehicle id="6" x="280.78" y="401.65" angle="-90.00" type="DEFAULT_VEHTYPE" speed="13.38" pos="114.47" lane="2/2to1/2_0" slope="0.00"/>
        <vehicle id="7" x="512.11" y="198.35" angle="90.00" type="DEFAULT_VEHTYPE" speed="13.40" pos="107.36" lane="2/1to3/1_0" slope="0.00"/>
        <vehicle id="8" x="639.01" y="598.35" angle="90.00" type="DEFAULT_VEHTYPE" speed="12.93" pos="34.26" lane="3/3to4/3_0" slope="0.00"/>
    </timestep>
    <timestep time="300.00">
        <vehicle id="0" x="201.65" y="509.21" angle="180.00" type="DEFAULT_VEHTYPE" speed="13.37" pos="104.46" lane="1/2to1/3_0" slope="0.00"/>
        <vehicle id="10" x="198.35" y="248.89" angle="0.00" type="DEFAULT_VEHTYPE" speed="13.77" pos="146.36" lane="1/2to1/1_0" slope="0.00"/>
        <vehicle id="11" x="316.22" y="198.35" angle="90.00" type="DEFAULT_VEHTYPE" speed="13.60" pos="111.47" lane="1/1to2/1_0" slope="0.00"/>
        <vehicle id="12" x="201.65" y="591.57" angle="180.00" type="DEFAULT_VEHTYPE" speed="13.58" pos="186.82" lane="1/2to1/3_0" slope="0.00"/>
        <vehicle id="15" x="618.44" y="201.65" angle="-90.00" type="DEFAULT_VEHTYPE" speed="9.35" pos="181.56" lane="4/1to3/1_0" slope="0.00"/>
        <vehicle id="19" x="398.35" y="383.32" angle="0.00" type="DEFAULT_VEHTYPE" speed="12.78" pos="11.93" lane="2/2to2/1_0" slope="0.00"/>
        <vehicle id="2" x="398.35" y="280.46" angle="0.00" type="DEFAULT_VEHTYPE" speed="13.36" pos="114.79" lane="2/2to2/1_0" slope="0.00"/>
        <vehicle id="20" x="656.40" y="601.65" angle="-90.00" type="DEFAULT_VEHTYPE" speed="13.23" pos="143.60" lane="4/3to3/3_0" slope="0.00"/>
        <vehicle id="23" x="401.65" y="689.57" angle="180.00" type="DEFAULT_VEHTYPE" speed="13.58" pos="84.82" lane="2/3to2/4_0" slope="0.00"/>
        <vehicle id="24" x="398.35" y="733.07" angle="0.00" type="DEFAULT_VEHTYPE" speed="13.08" pos="66.93" lane="2/4to2/3_0" slope="0.00"/>
        <vehicle id="4" x="196.64" y="401.65" angle="-90.00" type="DEFAULT_VEHTYPE" speed="7.45" pos="8.11" lane=":1/2_5_0" slope="0.00"/>
        <vehicle id="5" x="201.65" y="466.40" angle="180.00" type="DEFAULT_VEHTYPE" speed="13.46" pos="61.65" lane="1/2to1/3_0" slope="0.00"/>
        <vehicle id="6" x="267.69" y="401.65" angle="-90.00" type="DEFAULT_VEHTYPE" speed="13.09" pos="127.56" lane="2/2to1/2_0" slope="0.00"/>
        <vehicle id="7" x="525.93" y="198.35" angle="90.00" type="DEFAULT_VEHTYPE" speed="13.82" pos="121.18" lane="2/1to3/1_0" slope="0.00"/>
        <vehicle id="8" x="651.84" y="598.35" angle="90.00" type="DEFAULT_VEHTYPE" speed="12.84" pos="47.09" lane="3/3to4/3_0" slope="0.00"/>
    </timestep>
    <timestep time="301.00">
        <vehicle id="0" x="201.65" y="522.46" angle="180.00" type="DEFAULT_VEHTYPE" speed="13.25" pos="117.71" lane="1/2to1/3_0" slope="0.00"/>
        <vehicle id="10" x="198.35" y="235.38" angle="0.00" type="DEFAULT_VEHTYPE" speed="13.51" pos="159.87" lane="1/2to1/1_0" slope="0.00"/>
        <vehicle id="11" x="329.92" y="198.35" angle="90.00" type="DEFAULT_VEHTYPE" speed="13.71" pos="125.17" lane="1/1to2/1_0" slope="0.00"/>
        <vehicle id="12" x="209.17" y="598.35" angle="90.93" type="DEFAULT_VEHTYPE" speed="13.10" pos="4.42" lane="1/3to2/3_0" slope="0.00"/>
        <vehicle id="15" x="612.25" y="201.65" angle="-90.00" type="DEFAULT_VEHTYPE" speed="6.19" pos="187.75" lane="4/1to3/1_0" slope="0.00"/>
        <vehicle id="19" x="398.35" y="369.58" angle="0.00" type="DEFAULT_VEHTYPE" speed="13.75" pos="25.67" lane="2/2to2/1_0" slope="0.00"/>
        <vehicle id="2" x="398.35" y="266.80" angle="0.00" type="DEFAULT_VEHTYPE" speed="13.66" pos="128.45" lane="2/2to2/1_0" slope="0.00"/>
        <vehicle id="20" x="642.77" y="601.65" angle="-90.00" type="DEFAULT_VEHTYPE" speed="13.62" pos="157.23" lane="4/3to3/3_0" slope="0.00"/>
        <vehicle id="23" x="401.65" y="703.03" angle="180.00" type="DEFAULT_VEHTYPE" speed="13.46" pos="98.28" lane="2/3to2/4_0" slope="0.00"/>
        <vehicle id="24" x="398.35" y="719.76" angle="0.00" type="DEFAULT_VEHTYPE" speed="13.31" pos="80.24" lane="2/4to2/3_0" slope="0.00"/>
        <vehicle id="4" x="186.87" y="401.65" angle="-90.00" type="DEFAULT_VEHTYPE" speed="9.77" pos="8.38" lane="1/2to0/2_0" slope="0.00"/>
        <vehicle id="5" x="201.65" y="480.09" angle="180.00" type="DEFAULT_VEHTYPE" speed="13.69" pos="75.34" lane="1/2to1/3_0" slope="0.00"/>
        <vehicle id="6" x="254.36" y="401.65" angle="-90.00" type="DEFAULT_VEHTYPE" speed="13.33" pos="140.89" lane="2/2to1/2_0" slope="0.00"/>
        <vehicle id="7" x="539.55" y="198.35" angle="90.00" type="DEFAULT_VEHTYPE" speed="13.62" pos="134.80" lane="2/1to3/1_0" slope="0.00"/>
        <vehicle id="8" x="664.60" y="598.35" angle="90.00" type="DEFAULT_VEHTYPE" speed="12.75" pos="59.85" lane="3/3to4/3_0" slope="0.00"/>
    </timestep>
    <timestep time="302.00">
        <vehicle id="0" x="201.65" y="535.65" angle="180.00" type="DEFAULT_VEHTYPE" speed="13.19" pos="130.90" lane="1/2to1/3_0" slope="0.00"/>
        <vehicle id="10" x="198.35" y="222.37" angle="0.00" type="DEFAULT_VEHTYPE" speed="13.01" pos="172.88" lane="1/2to1/1_0" slope="0.00"/>
        <vehicle id="11" x="343.17" y="198.35" angle="90.00" type="DEFAULT_VEHTYPE" speed="13.25" pos="138.42" lane="1/1to2/1_0" slope="0.00"/>
        <vehicle id="12" x="222.00" y="598.35" angle="90.00" type="DEFAULT_VEHTYPE" speed="12.83" pos="17.25" lane="1/3to2/3_0" slope="0.00"/>
        <vehicle id="15" x="609.45" y="201.65" angle="-90.00" type="DEFAULT_VEHTYPE" speed="2.80" pos="190.55" lane="4/1to3/1_0" slope="0.00"/>
        <vehicle id="19" x="398.35" y="356.59" angle="0.00" type="DEFAULT_VEHTYPE" speed="12.99" pos="38.66" lane="2/2to2/1_0" slope="0.00"/>
        <vehicle id="2" x="398.35" y="253.36" angle="0.00" type="DEFAULT_VEHTYPE" speed="13.44" pos="141.89" lane="2/2to2/1_0" slope="0.00"/>
        <vehicle id="20" x="629.45" y="601.65" angle="-90.00" type="DEFAULT_VEHTYPE" speed="13.33" pos="170.55" lane="4/3to3/3_0" slope="0.00"/>
        <vehicle id="23" x="401.65" y="716.22" angle="180.00" type="DEFAULT_VEHTYPE" speed="13.19" pos="111.47" lane="2/3to2/4_0" slope="0.00"/>
        <vehicle id="24" x="398.35" y="706.17" angle="0.00" type="DEFAULT_VEHTYPE" speed="13.59" pos="93.83" lane="2/4to2/3_0" slope="0.00"/>
        <vehicle id="4" x="174.91" y="401.65" angle="-90.00" type="DEFAULT_VEHTYPE" speed="11.97" pos="20.34" lane="1/2to0/2_0" slope="0.00"/>
        <vehicle id="5" x="201.65" y="492.94" angle="180.00" type="DEFAULT_VEHTYPE" speed="12.85" pos="88.19" lane="1/2to1/3_0" slope="0.00"/>
        <vehicle id="6" x="241.39" y="401.65" angle="-90.00" type="DEFAULT_VEHTYPE" speed="12.97" pos="153.86" lane="2/2to1/2_0" slope="0.00"/>
        <vehicle id="7" x="552.76" y="198.35" angle="90.00" type="DEFAULT_VEHTYPE" speed="13.21" pos="148.01" lane="2/1to3/1_0" slope="0.00"/>
        <vehicle id="8" x="678.48" y="598.35" angle="90.00" type="DEFAULT_VEHTYPE" speed="13.89" pos="73.73" lane="3/3to4/3_0" slope="0.00"/>
    </timestep>
    <timestep time="303.00">
        <vehicle id="0" x="201.65" y="548.90" angle="180.00" type="DEFAULT_VEHTYPE" speed="13.24" pos="144.15" lane="1/2to1/3_0" slope="0.00"/>
        <vehicle id="10" x="198.35" y="208.75" angle="0.00" type="DEFAULT_VEHTYPE" speed="13.62" pos="186.50" lane="1/2to1/1_0" slope="0.00"/>
        <vehicle id="11" x="356.82" y="198.35" angle="90.00" type="DEFAULT_VEHTYPE" speed="13.65" pos="152.07" lane="1/1to2/1_0" slope="0.00"/>
        <vehicle id="12" x="235.15" y="598.35" angle="90.00" type="DEFAULT_VEHTYPE" speed="13.16" pos="30.40" lane="1/3to2/3_0" slope="0.00"/>
        <vehicle id="15" x="604.27" y="201.72" angle="-90.76" type="DEFAULT_VEHTYPE" speed="5.18" pos="0.48" lane=":3/1_4_0" slope="0.00"/>
        <vehicle id="19" x="398.35" y="342.75" angle="0.00" type="DEFAULT_VEHTYPE" speed="13.84" pos="52.50" lane="2/2to2/1_0" slope="0.00"/>
        <vehicle id="2" x="398.35" y="240.43" angle="0.00" type="DEFAULT_VEHTYPE" speed="12.93" pos="154.82" lane="2/2to2/1_0" slope="0.00"/>
        <vehicle id="20" x="619.84" y="601.65" angle="-90.00" type="DEFAULT_VEHTYPE" speed="9.60" pos="180.16" lane="4/3to3/3_0" slope="0.00"/>
        <vehicle id="23" x="401.65" y="729.53" angle="180.00" type="DEFAULT_VEHTYPE" speed="13.31" pos="124.78" lane="2/3to2/4_0" slope="0.00"/>
        <vehicle id="24" x="398.35" y="693.45" angle="0.00" type="DEFAULT_VEHTYPE" speed="12.73" pos="106.55" lane="2/4to2/3_0" slope="0.00"/>
        <vehicle id="4" x="161.79" y="401.65" angle="-90.00" type="DEFAULT_VEHTYPE" speed="13.12" pos="33.46" lane="1/2to0/2_0" slope="0.00"/>
        <vehicle id="5" x="201.65" y="506.60" angle="180.00" type="DEFAULT_VEHTYPE" speed="13.66" pos="101.85" lane="1/2to1/3_0" slope="0.00"/>
        <vehicle id="6" x="228.61" y="401.65" angle="-90.00" type="DEFAULT_VEHTYPE" speed="12.77" pos="166.64" lane="2/2to1/2_0" slope="0.00"/>
        <vehicle id="7" x="566.65" y="198.35" angle="90.00" type="DEFAULT_VEHTYPE" speed="13.90" pos="161.90" lane="2/1to3/1_0" slope="0.00"/>
        <vehicle id="8" x="691.25" y="598.35" angle="90.00" type="DEFAULT_VEHTYPE" speed="12.77" pos="86.50" lane="3/3to4/3_0" slope="0.00"/>
    </timestep>
    <timestep time="304.00">
        <vehicle id="0" x="201.65" y="562.24" angle="180.00" type="DEFAULT_VEHTYPE" speed="13.34" pos="157.49" lane="1/2to1/3_0" slope="0.00"/>
        <vehicle id="10" x="191.17" y="201.65" angle="-88.54" type="DEFAULT_VEHTYPE" speed="13.08" pos="4.08" lane="1/1to0/1_0" slope="0.00"/>
        <vehicle id="11" x="370.52" y="198.35" angle="90.00" type="DEFAULT_VEHTYPE" speed="13.70" pos="165.77" lane="1/1to2/1_0" slope="0.00"/>
        <vehicle id="12" x="248.39" y="598.35" angle="90.00" type="DEFAULT_VEHTYPE" speed="13.23" pos="43.64" lane="1/3to2/3_0" slope="0.00"/>
        <vehicle id="15" x="601.65" y="206.89" angle="-166.89" type="DEFAULT_VEHTYPE" speed="6.66" pos="2.14" lane="3/1to3/2_0" slope="0.00"/>
        <vehicle id="19" x="398.35" y="329.94" angle="0.00" type="DEFAULT_VEHTYPE" speed="12.81" pos="65.31" lane="2/2to2/1_0" slope="0.00"/>
        <vehicle id="2" x="398.35" y="227.34" angle="0.00" type="DEFAULT_VEHTYPE" speed="13.09" pos="167.91" lane="2/2to2/1_0" slope="0.00"/>
        <vehicle id="20" x="613.66" y="601.65" angle="-90.00" type="DEFAULT_VEHTYPE" speed="6.18" pos="186.34" lane="4/3to3/3_0" slope="0.00"/>
        <vehicle id="23" x="401.65" y="742.81" angle="180.00" type="DEFAULT_VEHTYPE" speed="13.28" pos="138.06" lane="2/3to2/4_0" slope="0.00"/>
        <vehicle id="24" x="398.35" y="679.88" angle="0.00" type="DEFAULT_VEHTYPE" speed="13.57" pos="120.12" lane="2/4to2/3_0" slope="0.00"/>
        <vehicle id="4" x="148.41" y="401.65" angle="-90.00" type="DEFAULT_VEHTYPE" speed="13.38" pos="46.84" lane="1/2to0/2_0" slope="0.00"/>
        <vehicle id="5" x="201.65" y="520.20" angle="180.00" type="DEFAULT_VEHTYPE" speed="13.60" pos="115.45" lane="1/2to1/3_0" slope="0.00"/>
        <vehicle id="6" x="218.86" y="401.65" angle="-90.00" type="DEFAULT_VEHTYPE" speed="9.75" pos="176.39" lane="2/2to1/2_0" slope="0.00"/>
        <vehicle id="7" x="577.59" y="198.35" angle="90.00" type="DEFAULT_VEHTYPE" speed="10.93" pos="172.84" lane="2/1to3/1_0" slope="0.00"/>
        <vehicle id="8" x="704.30" y="598.35" angle="90.00" type="DEFAULT_VEHTYPE" speed="13.05" pos="99.55" lane="3/3to4/3_0" slope="0.00"/>
    </timestep>
    <timestep time="305.00">
        <vehicle id="0" x="201.65" y="574.85" angle="180.00" type="DEFAULT_VEHTYPE" speed="12.61" pos="170.10" lane="1/2to1/3_0" slope="0.00"/>
        <vehicle id="10" x="177.54" y="201.65" angle="-90.00" type="DEFAULT_VEHTYPE" speed="13.63" pos="17.71" lane="1/1to0/1_0" slope="0.00"/>
        <vehicle id="11" x="380.06" y="198.35" angle="90.00" type="DEFAULT_VEHTYPE" speed="9.54" pos="175.31" lane="1/1to2/1_0" slope="0.00"/>
        <vehicle id="12" x="262.17" y="598.35" angle="90.00" type="DEFAULT_VEHTYPE" speed="13.78" pos="57.42" lane="1/3to2/3_0" slope="0.00"/>
        <vehicle id="15" x="601.65" y="215.40" angle="180.00" type="DEFAULT_VEHTYPE" speed="8.51" pos="10.65" lane="3/1to3/2_0" slope="0.00"/>
        <vehicle id="19" x="398.35" y="316.86" angle="0.00" type="DEFAULT_VEHTYPE" speed="13.08" pos="78.39" lane="2/2to2/1_0" slope="0.00"/>
        <vehicle id="2" x="398.35" y="214.22" angle="0.00" type="DEFAULT_VEHTYPE" speed="13.13" pos="181.03" lane="2/2to2/1_0" slope="0.00"/>
        <vehicle id="20" x="609.67" y="601.65" angle="-90.00" type="DEFAULT_VEHTYPE" speed="3.99" pos="190.33" lane="4/3to3/3_0" slope="0.00"/>
        <vehicle id="23" x="401.65" y="756.49" angle="180.00" type="DEFAULT_VEHTYPE" speed="13.68" pos="151.74" lane="2/3to2/4_0" slope="0.00"/>
        <vehicle id="24" x="398.35" y="666.84" angle="0.00" type="DEFAULT_VEHTYPE" speed="13.04" pos="133.16" lane="2/4to2/3_0" slope="0.00"/>
        <vehicle id="4" x="135.64" y="401.65" angle="-90.00" type="DEFAULT_VEHTYPE" speed="12.78" pos="59.61" lane="1/2to0/2_0" slope="0.00"/>
        <vehicle id="5" x="201.65" y="533.92" angle="180.00" type="DEFAULT_VEHTYPE" speed="13.72" pos="129.17" lane="1/2to1/3_0" slope="0.00"/>
        <vehicle id="6" x="212.22" y="401.65" angle="-90.00" type="DEFAULT_VEHTYPE" speed="6.64" pos="183.03" lane="2/2to1/2_0" slope="0.00"/>
        <vehicle id="7" x="585.34" y="198.35" angle="90.00" type="DEFAULT_VEHTYPE" speed="7.76" pos="180.59" lane="2/1to3/1_0" slope="0.00"/>
        <vehicle id="8" x="716.98" y="598.35" angle="90.00" type="DEFAULT_VEHTYPE" speed="12.68" pos="112.23" lane="3/3to4/3_0" slope="0.00"/>
    </timestep>
    <timestep time="306.00">
        <vehicle id="0" x="201.65" y="588.30" angle="180.00" type="DEFAULT_VEHTYPE" speed="13.46" pos="183.55" lane="1/2to1/3_0" slope="0.00"/>
        <vehicle id="10" x="163.73" y="201.65" angle="-90.00" type="DEFAULT_VEHTYPE" speed="13.81" pos="31.52" lane="1/1to0/1_0" slope="0.00"/>
        <vehicle id="11" x="385.87" y="198.35" angle="90.00" type="DEFAULT_VEHTYPE" speed="5.82" pos="181.12" lane="1/1to2/1_0" slope="0.00"/>
        <vehicle id="12" x="275.83" y="598.35" angle="90.00" type="DEFAULT_VEHTYPE" speed="13.66" pos="71.08" lane="1/3to2/3_0" slope="0.00"/>
        <vehicle id="15" x="601.65" y="225.45" angle="180.00" type="DEFAULT_VEHTYPE" speed="10.06" pos="20.70" lane="3/1to3/2_0" slope="0.00"/>
        <vehicle id="19" x="398.35" y="303.43" angle="0.00" type="DEFAULT_VEHTYPE" speed="13.43" pos="91.82" lane="2/2to2/1_0" slope="0.00"/>
        <vehicle id="2" x="398.35" y="201.57" angle="0.00" type="DEFAULT_VEHTYPE" speed="12.64" pos="3.18" lane=":2/1_1_0" slope="0.00"/>
        <vehicle id="20" x="603.20" y="601.43" angle="-87.46" type="DEFAULT_VEHTYPE" speed="6.48" pos="1.56" lane=":3/3_6_0" slope="0.00"/>
        <vehicle id="23" x="401.65" y="769.19" angle="180.00" type="DEFAULT_VEHTYPE" speed="12.70" pos="164.44" lane="2/3to2/4_0" slope="0.00"/>
        <vehicle id="24" x="398.35" y="653.58" angle="0.00" type="DEFAULT_VEHTYPE" speed="13.26" pos="146.42" lane="2/4to2/3_0" slope="0.00"/>
        <vehicle id="4" x="122.40" y="401.65" angle="-90.00" type="DEFAULT_VEHTYPE" speed="13.24" pos="72.85" lane="1/2to0/2_0" slope="0.00"/>
        <vehicle id="5" x="201.65" y="546.90" angle="180.00" type="DEFAULT_VEHTYPE" speed="12.98" pos="142.15" lane="1/2to1/3_0" slope="0.00"/>
        <vehicle id="6" x="208.84" y="401.65" angle="-90.00" type="DEFAULT_VEHTYPE" speed="3.38" pos="186.41" lane="2/2to1/2_0" slope="0.00"/>
        <vehicle id="7" x="589.12" y="198.35" angle="90.00" type="DEFAULT_VEHTYPE" speed="3.78" pos="184.37" lane="2/1to3/1_0" slope="0.00"/>
        <vehicle id="8" x="729.62" y="598.35" angle="90.00" type="DEFAULT_VEHTYPE" speed="12.64" pos="124.87" lane="3/3to4/3_0" slope="0.00"/>
    </timestep>
    <timestep time="307.00">
        <vehicle id="0" x="206.17" y="598.35" angle="111.60" type="DEFAULT_VEHTYPE" speed="13.36" pos="1.42" lane="1/3to2/3_0" slope="0.00"/>
        <vehicle id="10" x="150.06" y="201.65" angle="-90.00" type="DEFAULT_VEHTYPE" speed="13.67" pos="45.19" lane="1/1to0/1_0" slope="0.00"/>
        <vehicle id="11" x="390.20" y="198.35" angle="90.00" type="DEFAULT_VEHTYPE" speed="4.33" pos="185.45" lane="1/1to2/1_0" slope="0.00"/>
        <vehicle id="12" x="288.57" y="598.35" angle="90.00" type="DEFAULT_VEHTYPE" speed="12.74" pos="83.82" lane="1/3to2/3_0" slope="0.00"/>
        <vehicle id="15" x="601.65" y="237.45" angle="180.00" type="DEFAULT_VEHTYPE" speed="11.99" pos="32.70" lane="3/1to3/2_0" slope="0.00"/>
        <vehicle id="19" x="398.35" y="290.12" angle="0.00" type="DEFAULT_VEHTYPE" speed="13.31" pos="105.13" lane="2/2to2/1_0" slope="0.00"/>
        <vehicle id="2" x="398.35" y="188.53" angle="0.00" type="DEFAULT_VEHTYPE" speed="13.04" pos="6.72" lane="2/1to2/0_0" slope="0.00"/>
        <vehicle id="20" x="598.41" y="595.64" angle="-21.03" type="DEFAULT_VEHTYPE" speed="8.37" pos="9.93" lane=":3/3_6_0" slope="0.00"/>
        <vehicle id="23" x="401.65" y="782.59" angle="180.00" type="DEFAULT_VEHTYPE" speed="13.40" pos="177.84" lane="2/3to2/4_0" slope="0.00"/>
        <vehicle id="24" x="398.35" y="640.29" angle="0.00" type="DEFAULT_VEHTYPE" speed="13.29" pos="159.71" lane="2/4to2/3_0" slope="0.00"/>
        <vehicle id="4" x="109.80" y="401.65" angle="-90.00" type="DEFAULT_VEHTYPE" speed="12.60" pos="85.45" lane="1/2to0/2_0" slope="0.00"/>
        <vehicle id="5" x="201.65" y="560.63" angle="180.00" type="DEFAULT_VEHTYPE" speed="13.73" pos="155.88" lane="1/2to1/3_0" slope="0.00"/>
        <vehicle id="6" x="203.62" y="401.65" angle="-90.00" type="DEFAULT_VEHTYPE" speed="5.23" pos="1.13" lane=":1/2_5_0" slope="0.00"/>
        <vehicle id="7" x="594.62" y="198.35" angle="90.00" type="DEFAULT_VEHTYPE" speed="5.50" pos="189.87" lane="2/1to3/1_0" slope="0.00"/>
        <vehicle id="8" x="742.62" y="598.35" angle="90.00" type="DEFAULT_VEHTYPE" speed="13.00" pos="137.87" lane="3/3to4/3_0" slope="0.00"/>
    </timestep>
    <timestep time="308.00">
        <vehicle id="0" x="219.87" y="598.35" angle="90.00" type="DEFAULT_VEHTYPE" speed="13.70" pos="15.12" lane="1/3to2/3_0" slope="0.00"/>
        <vehicle id="10" x="137.27" y="201.65" angle="-90.00" type="DEFAULT_VEHTYPE" speed="12.78" pos="57.98" lane="1/1to0/1_0" slope="0.00"/>
        <vehicle id="11" x="396.84" y="198.35" angle="90.00" type="DEFAULT_VEHTYPE" speed="6.64" pos="1.59" lane=":2/1_13_0" slope="0.00"/>
        <vehicle id="12" x="301.29" y="598.35" angle="90.00" type="DEFAULT_VEHTYPE" speed="12.71" pos="96.54" lane="1/3to2/3_0" slope="0.00"/>
        <vehicle id="15" x="601.65" y="251.11" angle="180.00" type="DEFAULT_VEHTYPE" speed="13.67" pos="46.36" lane="3/1to3/2_0" slope="0.00"/>
        <vehicle id="19" x="398.35" y="277.44" angle="0.00" type="DEFAULT_VEHTYPE" speed="12.68" pos="117.81" lane="2/2to2/1_0" slope="0.00"/>
        <vehicle id="2" x="398.35" y="175.38" angle="0.00" type="DEFAULT_VEHTYPE" speed="13.16" pos="19.87" lane="2/1to2/0_0" slope="0.00"/>
        <vehicle id="20" x="598.35" y="585.01" angle="0.00" type="DEFAULT_VEHTYPE" speed="10.63" pos="10.24" lane="3/3to3/2_0" slope="0.00"/>
        <vehicle id="23" x="401.65" y="795.19" angle="180.00" type="DEFAULT_VEHTYPE" speed="12.60" pos="190.44" lane="2/3to2/4_0" slope="0.00"/>
        <vehicle id="24" x="398.35" y="627.56" angle="0.00" type="DEFAULT_VEHTYPE" speed="12.73" pos="172.44" lane="2/4to2/3_0" slope="0.00"/>
        <vehicle id="4" x="96.09" y="401.65" angle="-90.00" type="DEFAULT_VEHTYPE" speed="13.71" pos="99.16" lane="1/2to0/2_0" slope="0.00"/>
        <vehicle id="5" x="201.65" y="573.37" angle="180.00" type="DEFAULT_VEHTYPE" speed="12.75" pos="168.62" lane="1/2to1/3_0" slope="0.00"/>
        <vehicle id="6" x="195.93" y="401.65" angle="-90.00" type="DEFAULT_VEHTYPE" speed="7.68" pos="8.82" lane=":1/2_5_0" slope="0.00"/>
        <vehicle id="7" x="602.38" y="198.35" angle="90.00" type="DEFAULT_VEHTYPE" speed="7.76" pos="7.13" lane=":3/1_13_0" slope="0.00"/>
        <vehicle id="8" x="755.50" y="598.35" angle="90.00" type="DEFAULT_VEHTYPE" speed="12.88" pos="150.75" lane="3/3to4/3_0" slope="0.00"/>
    </timestep>
    <timestep time="309.00">
        <vehicle id="0" x="232.94" y="598.35" angle="90.00" type="DEFAULT_VEHTYPE" speed="13.07" pos="28.19" lane="1/3to2/3_0" slope="0.00"/>
        <vehicle id="10" x="124.15" y="201.65" angle="-90.00" type="DEFAULT_VEHTYPE" speed="13.12" pos="71.10" lane="1/1to0/1_0" slope="0.00"/>
        <vehicle id="11" x="405.40" y="198.35" angle="90.00" type="DEFAULT_VEHTYPE" speed="8.56" pos="0.65" lane="2/1to3/1_0" slope="0.00"/>
        <vehicle id="12" x="315.04" y="598.35" angle="90.00" type="DEFAULT_VEHTYPE" speed="13.75" pos="110.29" lane="1/3to2/3_0" slope="0.00"/>
        <vehicle id="15" x="601.65" y="264.27" angle="180.00" type="DEFAULT_VEHTYPE" speed="13.15" pos="59.52" lane="3/1to3/2_0" slope="0.00"/>
        <vehicle id="19" x="398.35" y="264.72" angle="0.00" type="DEFAULT_VEHTYPE" speed="12.72" pos="130.53" lane="2/2to2/1_0" slope="0.00"/>
        <vehicle id="2" x="398.35" y="161.97" angle="0.00" type="DEFAULT_VEHTYPE" speed="13.40" pos="33.28" lane="2/1to2/0_0" slope="0.00"/>
        <vehicle id="20" x="598.35" y="572.63" angle="0.00" type="DEFAULT_VEHTYPE" speed="12.38" pos="22.62" lane="3/3to3/2_0" slope="0.00"/>
        <vehicle id="23" x="398.35" y="796.14" angle="-7.53" type="DEFAULT_VEHTYPE" speed="13.49" pos="3.86" lane="2/4to2/3_0" slope="0.00"/>
        <vehicle id="24" x="398.35" y="614.06" angle="0.00" type="DEFAULT_VEHTYPE" speed="13.50" pos="185.94" lane="2/4to2/3_0" slope="0.00"/>
        <vehicle id="4" x="82.73" y="401.65" angle="-90.00" type="DEFAULT_VEHTYPE" speed="13.36" pos="112.52" lane="1/2to0/2_0" slope="0.00"/>
        <vehicle id="5" x="201.65" y="587.12" angle="180.00" type="DEFAULT_VEHTYPE" speed="13.75" pos="182.37" lane="1/2to1/3_0" slope="0.00"/>
        <vehicle id="6" x="186.48" y="401.65" angle="-90.00" type="DEFAULT_VEHTYPE" speed="9.45" pos="8.77" lane="1/2to0/2_0" slope="0.00"/>
        <vehicle id="7" x="612.13" y="198.35" angle="90.00" type="DEFAULT_VEHTYPE" speed="9.75" pos="7.38" lane="3/1to4/1_0" slope="0.00"/>
        <vehicle id="8" x="768.32" y="598.35" angle="90.00" type="DEFAULT_VEHTYPE" speed="12.82" pos="163.57" lane="3/3to4/3_0" slope="0.00"/>
    </timestep>
    <timestep time="310.00">
        <vehicle id="0" x="246.18" y="598.35" angle="90.00" type="DEFAULT_VEHTYPE" speed="13.24" pos="41.43" lane="1/3to2/3_0" slope="0.00"/>
        <vehicle id="10" x="111.49" y="201.65" angle="-90.00" type="DEFAULT_VEHTYPE" speed="12.66" pos="83.76" lane="1/1to0/1_0" slope="0.00"/>
        <vehicle id="11" x="416.33" y="198.35" angle="90.00" type="DEFAULT_VEHTYPE" speed="10.93" pos="11.58" lane="2/1to3/1_0" slope="0.00"/>
        <vehicle id="12" x="328.04" y="598.35" angle="90.00" type="DEFAULT_VEHTYPE" speed="13.00" pos="123.29" lane="1/3to2/3_0" slope="0.00"/>
        <vehicle id="15" x="601.65" y="277.22" angle="180.00" type="DEFAULT_VEHTYPE" speed="12.95" pos="72.47" lane="3/1to3/2_0" slope="0.00"/>
        <vehicle id="19" x="398.35" y="251.23" angle="0.00" type="DEFAULT_VEHTYPE" speed="13.49" pos="144.02" lane="2/2to2/1_0" slope="0.00"/>
        <vehicle id="2" x="398.35" y="149.22" angle="0.00" type="DEFAULT_VEHTYPE" speed="12.75" pos="46.03" lane="2/1to2/0_0" slope="0.00"/>
        <vehicle id="20" x="598.35" y="559.66" angle="0.00" type="DEFAULT_VEHTYPE" speed="12.97" pos="35.59" lane="3/3to3/2_0" slope="0.00"/>
        <vehicle id="23" x="398.35" y="782.44" angle="0.00" type="DEFAULT_VEHTYPE" speed="13.70" pos="17.56" lane="2/4to2/3_0" slope="0.00"/>
        <vehicle id="24" x="398.35" y="600.46" angle="0.00" type="DEFAULT_VEHTYPE" speed="13.60" pos="4.29" lane=":2/3_1_0" slope="0.00"/>
        <vehicle id="4" x="69.97" y="401.65" angle="-90.00" type="DEFAULT_VEHTYPE" speed="12.76" pos="125.28" lane="1/2to0/2_0" slope="0.00"/>
        <vehicle id="5" x="204.34" y="598.29" angle="142.10" type="DEFAULT_VEHTYPE" speed="12.72" pos="4.59" lane=":1/3_8_0" slope="0.00"/>
        <vehicle id="6" x="175.62" y="401.65" angle="-90.00" type="DEFAULT_VEHTYPE" speed="10.86" pos="19.63" lane="1/2to0/2_0" slope="0.00"/>
        <vehicle id="7" x="624.30" y="198.35" angle="90.00" type="DEFAULT_VEHTYPE" speed="12.17" pos="19.55" lane="3/1to4/1_0" slope="0.00"/>
        <vehicle id="8" x="781.55" y="598.35" angle="90.00" type="DEFAULT_VEHTYPE" speed="13.24" pos="176.80" lane="3/3to4/3_0" slope="0.00"/>
    </timestep>
    <timestep time="311.00">
        <vehicle id="0" x="259.02" y="598.35" angle="90.00" type="DEFAULT_VEHTYPE" speed="12.84" pos="54.27" lane="1/3to2/3_0" slope="0.00"/>
        <vehicle id="10" x="97.64" y="201.65" angle="-90.00" type="DEFAULT_VEHTYPE" speed="13.85" pos="97.61" lane="1/1to0/1_0" slope="0.00"/>
        <vehicle id="11" x="429.47" y="198.35" angle="90.00" type="DEFAULT_VEHTYPE" speed="13.14" pos="24.72" lane="2/1to3/1_0" slope="0.00"/>
        <vehicle id="12" x="341.79" y="598.35" angle="90.00" type="DEFAULT_VEHTYPE" speed="13.75" pos="137.04" lane="1/3to2/3_0" slope="0.00"/>
        <vehicle id="15" x="601.65" y="291.09" angle="180.00" type="DEFAULT_VEHTYPE" speed="13.87" pos="86.34" lane="3/1to3/2_0" slope="0.00"/>
        <vehicle id="19" x="398.35" y="237.58" angle="0.00" type="DEFAULT_VEHTYPE" speed="13.65" pos="157.67" lane="2/2to2/1_0" slope="0.00"/>
        <vehicle id="2" x="398.35" y="135.64" angle="0.00" type="DEFAULT_VEHTYPE" speed="13.58" pos="59.61" lane="2/1to2/0_0" slope="0.00"/>
        <vehicle id="20" x="598.35" y="546.91" angle="0.00" type="DEFAULT_VEHTYPE" speed="12.75" pos="48.34" lane="3/3to3/2_0" slope="0.00"/>
        <vehicle id="23" x="398.35" y="768.90" angle="0.00" type="DEFAULT_VEHTYPE" speed="13.55" pos="31.10" lane="2/4to2/3_0" slope="0.00"/>
        <vehicle id="24" x="398.35" y="586.63" angle="0.00" type="DEFAULT_VEHTYPE" speed="13.83" pos="8.62" lane="2/3to2/2_0" slope="0.00"/>
        <vehicle id="4" x="56.83" y="401.65" angle="-90.00" type="DEFAULT_VEHTYPE" speed="13.14" pos="138.42" lane="1/2to0/2_0" slope="0.00"/>
        <vehicle id="5" x="217.98" y="598.35" angle="90.00" type="DEFAULT_VEHTYPE" speed="13.64" pos="13.23" lane="1/3to2/3_0" slope="0.00"/>
        <vehicle id="6" x="163.03" y="401.65" angle="-90.00" type="DEFAULT_VEHTYPE" speed="12.58" pos="32.22" lane="1/2to0/2_0" slope="0.00"/>
        <vehicle id="7" x="637.80" y="198.35" angle="90.00" type="DEFAULT_VEHTYPE" speed="13.50" pos="33.05" lane="3/1to4/1_0" slope="0.00"/>
        <vehicle id="8" x="794.21" y="598.35" angle="90.00" type="DEFAULT_VEHTYPE" speed="12.66" pos="189.46" lane="3/3to4/3_0" slope="0.00"/>
    </timestep>
    <timestep time="312.00">
        <vehicle id="0" x="271.70" y="598.35" angle="90.00" type="DEFAULT_VEHTYPE" speed="12.68" pos="66.95" lane="1/3to2/3_0" slope="0.00"/>
        <vehicle id="10" x="84.14" y="201.65" angle="-90.00" type="DEFAULT_VEHTYPE" speed="13.50" pos="111.11" lane="1/1to0/1_0" slope="0.00"/>
        <vehicle id="11" x="442.88" y="198.35" angle="90.00" type="DEFAULT_VEHTYPE" speed="13.42" pos="38.13" lane="2/1to3/1_0" slope="0.00"/>
        <vehicle id="12" x="354.49" y="598.35" angle="90.00" type="DEFAULT_VEHTYPE" speed="12.70" pos="149.74" lane="1/3to2/3_0" slope="0.00"/>
        <vehicle id="15" x="601.65" y="303.81" angle="180.00" type="DEFAULT_VEHTYPE" speed="12.72" pos="99.06" lane="3/1to3/2_0" slope="0.00"/>
        <vehicle id="19" x="398.35" y="224.88" angle="0.00" type="DEFAULT_VEHTYPE" speed="12.70" pos="170.37" lane="2/2to2/1_0" slope="0.00"/>
        <vehicle id="2" x="398.35" y="122.41" angle="0.00" type="DEFAULT_VEHTYPE" speed="13.23" pos="72.84" lane="2/1to2/0_0" slope="0.00"/>
        <vehicle id="20" x="598.35" y="533.87" angle="0.00" type="DEFAULT_VEHTYPE" speed="13.04" pos="61.38" lane="3/3to3/2_0" slope="0.00"/>
        <vehicle id="23" x="398.35" y="755.74" angle="0.00" type="DEFAULT_VEHTYPE" speed="13.16" pos="44.26" lane="2/4to2/3_0" slope="0.00"/>
        <vehicle id="24" x="398.35" y="573.53" angle="0.00" type="DEFAULT_VEHTYPE" speed="13.10" pos="21.72" lane="2/3to2/2_0" slope="0.00"/>
        <vehicle id="4" x="43.32" y="401.65" angle="-90.00" type="DEFAULT_VEHTYPE" speed="13.51" pos="151.93" lane="1/2to0/2_0" slope="0.00"/>
        <vehicle id="5" x="230.79" y="598.35" angle="90.00" type="DEFAULT_VEHTYPE" speed="12.81" pos="26.04" lane="1/3to2/3_0" slope="0.00"/>
        <vehicle id="6" x="150.32" y="401.65" angle="-90.00" type="DEFAULT_VEHTYPE" speed="12.71" pos="44.93" lane="1/2to0/2_0" slope="0.00"/>
        <vehicle id="7" x="651.00" y="198.35" angle="90.00" type="DEFAULT_VEHTYPE" speed="13.19" pos="46.25" lane="3/1to4/1_0" slope="0.00"/>
        <vehicle id="8" x="797.19" y="601.65" angle="-108.43" type="DEFAULT_VEHTYPE" speed="13.42" pos="2.81" lane="4/3to3/3_0" slope="0.00"/>
    </timestep>
    <timestep time="313.00">
        <vehicle id="0" x="285.49" y="598.35" angle="90.00" type="DEFAULT_VEHTYPE" speed="13.79" pos="80.74" lane="1/3to2/3_0" slope="0.00"/>
        <vehicle id="10" x="70.53" y="201.65" angle="-90.00" type="DEFAULT_VEHTYPE" speed="13.61" pos="124.72" lane="1/1to0/1_0" slope="0.00"/>
        <vehicle id="11" x="456.02" y="198.35" angle="90.00" type="DEFAULT_VEHTYPE" speed="13.14" pos="51.27" lane="2/1to3/1_0" slope="0.00"/>
        <vehicle id="12" x="367.96" y="598.35" angle="90.00" type="DEFAULT_VEHTYPE" speed="13.47" pos="163.21" lane="1/3to2/3_0" slope="0.00"/>
        <vehicle id="15" x="601.65" y="316.46" angle="180.00" type="DEFAULT_VEHTYPE" speed="12.65" pos="111.71" lane="3/1to3/2_0" slope="0.00"/>
        <vehicle id="19" x="398.35" y="211.02" angle="0.00" type="DEFAULT_VEHTYPE" speed="13.86" pos="184.23" lane="2/2to2/1_0" slope="0.00"/>
        <vehicle id="2" x="398.35" y="109.07" angle="0.00" type="DEFAULT_VEHTYPE" speed="13.34" pos="86.18" lane="2/1to2/0_0" slope="0.00"/>
        <vehicle id="20" x="598.35" y="520.07" angle="0.00" type="DEFAULT_VEHTYPE" speed="13.80" pos="75.18" lane="3/3to3/2_0" slope="0.00"/>
        <vehicle id="23" x="398.35" y="742.45" angle="0.00" type="DEFAULT_VEHTYPE" speed="13.29" pos="57.55" lane="2/4to2/3_0" slope="0.00"/>
        <vehicle id="24" x="398.35" y="560.12" angle="0.00" type="DEFAULT_VEHTYPE" speed="13.41" pos="35.13" lane="2/3to2/2_0" slope="0.00"/>
        <vehicle id="4" x="29.62" y="401.65" angle="-90.00" type="DEFAULT_VEHTYPE" speed="13.70" pos="165.63" lane="1/2to0/2_0" slope="0.00"/>
        <vehicle id="5" x="243.78" y="598.35" angle="90.00" type="DEFAULT_VEHTYPE" speed="12.99" pos="39.03" lane="1/3to2/3_0" slope="0.00"/>
        <vehicle id="6" x="137.49" y="401.65" angle="-90.00" type="DEFAULT_VEHTYPE" speed="12.82" pos="57.76" lane="1/2to0/2_0" slope="0.00"/>
        <vehicle id="7" x="663.74" y="198.35" angle="90.00" type="DEFAULT_VEHTYPE" speed="12.74" pos="58.99" lane="3/1to4/1_0" slope="0.00"/>
        <vehicle id="8" x="783.70" y="601.65" angle="-90.00" type="DEFAULT_VEHTYPE" speed="13.49" pos="16.30" lane="4/3to3/3_0" slope="0.00"/>
    </timestep>
    <timestep time="314.00">
        <vehicle id="0" x="298.94" y="598.35" angle="90.00" type="DEFAULT_VEHTYPE" speed="13.45" pos="94.19" lane="1/3to2/3_0" slope="0.00"/>
        <vehicle id="10" x="56.72" y="201.65" angle="-90.00" type="DEFAULT_VEHTYPE" speed="13.81" pos="138.53" lane="1/1to0/1_0" slope="0.00"/>
        <vehicle id="11" x="469.51" y="198.35" angle="90.00" type="DEFAULT_VEHTYPE" speed="13.50" pos="64.76" lane="2/1to3/1_0" slope="0.00"/>
        <vehicle id="12" x="379.02" y="598.35" angle="90.00" type="DEFAULT_VEHTYPE" speed="11.06" pos="174.27" lane="1/3to2/3_0" slope="0.00"/>
        <vehicle id="15" x="601.65" y="329.18" angle="180.00" type="DEFAULT_VEHTYPE" speed="12.72" pos="124.43" lane="3/1to3/2_0" slope="0.00"/>
        <vehicle id="19" x="393.07" y="201.65" angle="-77.42" type="DEFAULT_VEHTYPE" speed="13.46" pos="2.18" lane="2/1to1/1_0" slope="0.00"/>
        <vehicle id="2" x="398.35" y="96.16" angle="0.00" type="DEFAULT_VEHTYPE" speed="12.92" pos="99.09" lane="2/1to2/0_0" slope="0.00"/>
        <vehicle id="20" x="598.35" y="506.54" angle="0.00" type="DEFAULT_VEHTYPE" speed="13.53" pos="88.71" lane="3/3to3/2_0" slope="0.00"/>
        <vehicle id="23" x="398.35" y="729.60" angle="0.00" type="DEFAULT_VEHTYPE" speed="12.85" pos="70.40" lane="2/4to2/3_0" slope="0.00"/>
        <vehicle id="24" x="398.35" y="546.34" angle="0.00" type="DEFAULT_VEHTYPE" speed="13.78" pos="48.91" lane="2/3to2/2_0" slope="0.00"/>
        <vehicle id="4" x="15.78" y="401.65" angle="-90.00" type="DEFAULT_VEHTYPE" speed="13.84" pos="179.47" lane="1/2to0/2_0" slope="0.00"/>
        <vehicle id="5" x="257.34" y="598.35" angle="90.00" type="DEFAULT_VEHTYPE" speed="13.56" pos="52.59" lane="1/3to2/3_0" slope="0.00"/>
        <vehicle id="6" x="124.55" y="401.65" angle="-90.00" type="DEFAULT_VEHTYPE" speed="12.95" pos="70.70" lane="1/2to0/2_0" slope="0.00"/>
        <vehicle id="7" x="676.55" y="198.35" angle="90.00" type="DEFAULT_VEHTYPE" speed="12.81" pos="71.80" lane="3/1to4/1_0" slope="0.00"/>
        <vehicle id="8" x="770.63" y="601.65" angle="-90.00" type="DEFAULT_VEHTYPE" speed="13.07" pos="29.37" lane="4/3to3/3_0" slope="0.00"/>
    </timestep>
    <timestep time="315.00">
        <vehicle id="0" x="312.49" y="598.35" angle="90.00" type="DEFAULT_VEHTYPE" speed="13.55" pos="107.74" lane="1/3to2/3_0" slope="0.00"/>
        <vehicle id="10" x="43.87" y="201.65" angle="-90.00" type="DEFAULT_VEHTYPE" speed="12.85" pos="151.38" lane="1/1to0/1_0" slope="0.00"/>
        <vehicle id="11" x="482.31" y="198.35" angle="90.00" type="DEFAULT_VEHTYPE" speed="12.80" pos="77.56" lane="2/1to3/1_0" slope="0.00"/>
        <vehicle id="12" x="385.57" y="598.35" angle="90.00" type="DEFAULT_VEHTYPE" speed="6.56" pos="180.82" lane="1/3to2/3_0" slope="0.00"/>
        <vehicle id="15" x="601.65" y="342.55" angle="180.00" type="DEFAULT_VEHTYPE" speed="13.37" pos="137.80" lane="3/1to3/2_0" slope="0.00"/>
        <vehicle id="19" x="379.36" y="201.65" angle="-90.00" type="DEFAULT_VEHTYPE" speed="13.71" pos="15.89" lane="2/1to1/1_0" slope="0.00"/>
        <vehicle id="2" x="398.35" y="82.29" angle="0.00" type="DEFAULT_VEHTYPE" speed="13.87" pos="112.96" lane="2/1to2/0_0" slope="0.00"/>
        <vehicle id="20" x="598.35" y="492.79" angle="0.00" type="DEFAULT_VEHTYPE" speed="13.74" pos="102.46" lane="3/3to3/2_0" slope="0.00"/>
        <vehicle id="23" x="398.35" y="716.55" angle="0.00" type="DEFAULT_VEHTYPE" speed="13.05" pos="83.45" lane="2/4to2/3_0" slope="0.00"/>
        <vehicle id="24" x="398.35" y="532.82" angle="0.00" type="DEFAULT_VEHTYPE" speed="13.53" pos="62.43" lane="2/3to2/2_0" slope="0.00"/>
        <vehicle id="4" x="1.90" y="401.65" angle="-90.00" type="DEFAULT_VEHTYPE" speed="13.88" pos="193.35" lane="1/2to0/2_0" slope="0.00"/>
        <vehicle id="5" x="270.31" y="598.35" angle="90.00" type="DEFAULT_VEHTYPE" speed="12.98" pos="65.56" lane="1/3to2/3_0" slope="0.00"/>
        <vehicle id="6" x="110.84" y="401.65" angle="-90.00" type="DEFAULT_VEHTYPE" speed="13.71" pos="84.41" lane="1/2to0/2_0" slope="0.00"/>
        <vehicle id="7" x="690.14" y="198.35" angle="90.00" type="DEFAULT_VEHTYPE" speed="13.59" pos="85.39" lane="3/1to4/1_0" slope="0.00"/>
        <vehicle id="8" x="757.67" y="601.65" angle="-90.00" type="DEFAULT_VEHTYPE" speed="12.96" pos="42.33" lane="4/3to3/3_0" slope="0.00"/>
    </timestep>
    <timestep time="316.00">
        <vehicle id="0" x="326.05" y="598.35" angle="90.00" type="DEFAULT_VEHTYPE" speed="13.56" pos="121.30" lane="1/3to2/3_0" slope="0.00"/>
        <vehicle id="10" x="30.83" y="201.65" angle="-90.00" type="DEFAULT_VEHTYPE" speed="13.04" pos="164.42" lane="1/1to0/1_0" slope="0.00"/>
        <vehicle id="11" x="495.84" y="198.35" angle="90.00" type="DEFAULT_VEHTYPE" speed="13.53" pos="91.09" lane="2/1to3/1_0" slope="0.00"/>
        <vehicle id="12" x="389.57" y="598.35" angle="90.00" type="DEFAULT_VEHTYPE" speed="4.00" pos="184.82" lane="1/3to2/3_0" slope="0.00"/>
        <vehicle id="15" x="601.65" y="355.70" angle="180.00" type="DEFAULT_VEHTYPE" speed="13.15" pos="150.95" lane="3/1to3/2_0" slope="0.00"/>
        <vehicle id="19" x="366.35" y="201.65" angle="-90.00" type="DEFAULT_VEHTYPE" speed="13.01" pos="28.90" lane="2/1to1/1_0" slope="0.00"/>
        <vehicle id="2" x="398.35" y="68.41" angle="0.00" type="DEFAULT_VEHTYPE" speed="13.88" pos="126.84" lane="2/1to2/0_0" slope="0.00"/>
        <vehicle id="20" x="598.35" y="479.55" angle="0.00" type="DEFAULT_VEHTYPE" speed="13.24" pos="115.70" lane="3/3to3/2_0" slope="0.00"/>
        <vehicle id="23" x="398.35" y="702.85" angle="0.00" type="DEFAULT_VEHTYPE" speed="13.70" pos="97.15" lane="2/4to2/3_0" slope="0.00"/>
        <vehicle id="24" x="398.35" y="519.55" angle="0.00" type="DEFAULT_VEHTYPE" speed="13.27" pos="75.70" lane="2/3to2/2_0" slope="0.00"/>
        <vehicle id="4" x="6.07" y="398.35" angle="90.00" type="DEFAULT_VEHTYPE" speed="12.79" pos="6.07" lane="0/2to1/2_0" slope="0.00"/>
        <vehicle id="5" x="283.89" y="598.35" angle="90.00" type="DEFAULT_VEHTYPE" speed="13.58" pos="79.14" lane="1/3to2/3_0" slope="0.00"/>
        <vehicle id="6" x="97.00" y="401.65" angle="-90.00" type="DEFAULT_VEHTYPE" speed="13.84" pos="98.25" lane="1/2to0/2_0" slope="0.00"/>
        <vehicle id="7" x="703.53" y="198.35" angle="90.00" type="DEFAULT_VEHTYPE" speed="13.39" pos="98.78" lane="3/1to4/1_0" slope="0.00"/>
        <vehicle id="8" x="743.93" y="601.65" angle="-90.00" type="DEFAULT_VEHTYPE" speed="13.74" pos="56.07" lane="4/3to3/3_0" slope="0.00"/>
    </timestep>
    <timestep time="317.00">
        <vehicle id="0" x="339.60" y="598.35" angle="90.00" type="DEFAULT_VEHTYPE" speed="13.54" pos="134.85" lane="1/3to2/3_0" slope="0.00"/>
        <vehicle id="10" x="17.56" y="201.65" angle="-90.00" type="DEFAULT_VEHTYPE" speed="13.27" pos="177.69" lane="1/1to0/1_0" slope="0.00"/>
        <vehicle id="11" x="508.51" y="198.35" angle="90.00" type="DEFAULT_VEHTYPE" speed="12.67" pos="103.76" lane="2/1to3/1_0" slope="0.00"/>
        <vehicle id="12" x="395.96" y="598.45" angle="91.17" type="DEFAULT_VEHTYPE" speed="6.40" pos="0.72" lane=":2/3_14_0" slope="0.00"/>
        <vehicle id="15" x="601.65" y="369.01" angle="180.00" type="DEFAULT_VEHTYPE" speed="13.31" pos="164.26" lane="3/1to3/2_0" slope="0.00"/>
        <vehicle id="19" x="353.45" y="201.65" angle="-90.00" type="DEFAULT_VEHTYPE" speed="12.90" pos="41.80" lane="2/1to1/1_0" slope="0.00"/>
        <vehicle id="2" x="398.35" y="55.75" angle="0.00" type="DEFAULT_VEHTYPE" speed="12.66" pos="139.50" lane="2/1to2/0_0" slope="0.00"/>
        <vehicle id="20" x="598.35" y="466.46" angle="0.00" type="DEFAULT_VEHTYPE" speed="13.09" pos="128.79" lane="3/3to3/2_0" slope="0.00"/>
        <vehicle id="23" x="398.35" y="689.15" angle="0.00" type="DEFAULT_VEHTYPE" speed="13.70" pos="110.85" lane="2/4to2/3_0" slope="0.00"/>
        <vehicle id="24" x="398.35" y="506.08" angle="0.00" type="DEFAULT_VEHTYPE" speed="13.47" pos="89.17" lane="2/3to2/2_0" slope="0.00"/>
        <vehicle id="4" x="19.80" y="398.35" angle="90.00" type="DEFAULT_VEHTYPE" speed="13.73" pos="19.80" lane="0/2to1/2_0" slope="0.00"/>
        <vehicle id="5" x="297.52" y="598.35" angle="90.00" type="DEFAULT_VEHTYPE" speed="13.62" pos="92.77" lane="1/3to2/3_0" slope="0.00"/>
        <vehicle id="6" x="83.34" y="401.65" angle="-90.00" type="DEFAULT_VEHTYPE" speed="13.65" pos="111.91" lane="1/2to0/2_0" slope="0.00"/>
        <vehicle id="7" x="716.81" y="198.35" angle="90.00" type="DEFAULT_VEHTYPE" speed="13.28" pos="112.06" lane="3/1to4/1_0" slope="0.00"/>
        <vehicle id="8" x="730.98" y="601.65" angle="-90.00" type="DEFAULT_VEHTYPE" speed="12.95" pos="69.02" lane="4/3to3/3_0" slope="0.00"/>
    </timestep>
    <timestep time="318.00">
        <vehicle id="0" x="352.30" y="598.35" angle="90.00" type="DEFAULT_VEHTYPE" speed="12.71" pos="147.55" lane="1/3to2/3_0" slope="0.00"/>
        <vehicle id="10" x="4.91" y="201.65" angle="-90.00" type="DEFAULT_VEHTYPE" speed="12.64" pos="190.34" lane="1/1to0/1_0" slope="0.00"/>
        <vehicle id="11" x="521.51" y="198.35" angle="90.00" type="DEFAULT_VEHTYPE" speed="13.01" pos="116.76" lane="2/1to3/1_0" slope="0.00"/>
        <vehicle id="12" x="401.55" y="604.08" angle="156.13" type="DEFAULT_VEHTYPE" speed="8.93" pos="9.65" lane=":2/3_14_0" slope="0.00"/>
        <vehicle id="15" x="601.65" y="379.06" angle="180.00" type="DEFAULT_VEHTYPE" speed="10.05" pos="174.31" lane="3/1to3/2_0" slope="0.00"/>
        <vehicle id="19" x="340.48" y="201.65" angle="-90.00" type="DEFAULT_VEHTYPE" speed="12.97" pos="54.77" lane="2/1to1/1_0" slope="0.00"/>
        <vehicle id="2" x="398.35" y="43.00" angle="0.00" type="DEFAULT_VEHTYPE" speed="12.75" pos="152.25" lane="2/1to2/0_0" slope="0.00"/>
        <vehicle id="20" x="598.35" y="453.54" angle="0.00" type="DEFAULT_VEHTYPE" speed="12.92" pos="141.71" lane="3/3to3/2_0" slope="0.00"/>
        <vehicle id="23" x="398.35" y="675.36" angle="0.00" type="DEFAULT_VEHTYPE" speed="13.79" pos="124.64" lane="2/4to2/3_0" slope="0.00"/>
        <vehicle id="24" x="398.35" y="492.93" angle="0.00" type="DEFAULT_VEHTYPE" speed="13.14" pos="102.32" lane="2/3to2/2_0" slope="0.00"/>
        <vehicle id="4" x="32.55" y="398.35" angle="90.00" type="DEFAULT_VEHTYPE" speed="12.75" pos="32.55" lane="0/2to1/2_0" slope="0.00"/>
        <vehicle id="5" x="310.85" y="598.35" angle="90.00" type="DEFAULT_VEHTYPE" speed="13.33" pos="106.10" lane="1/3to2/3_0" slope="0.00"/>
        <vehicle id="6" x="70.31" y="401.65" angle="-90.00" type="DEFAULT_VEHTYPE" speed="13.03" pos="124.94" lane="1/2to0/2_0" slope="0.00"/>
        <vehicle id="7" x="730.24" y="198.35" angle="90.00" type="DEFAULT_VEHTYPE" speed="13.43" pos="125.49" lane="3/1to4/1_0" slope="0.00"/>
        <vehicle id="8" x="717.97" y="601.65" angle="-90.00" type="DEFAULT_VEHTYPE" speed="13.01" pos="82.03" lane="4/3to3/3_0" slope="0.00"/>
    </timestep>
    <timestep time="319.00">
        <vehicle id="0" x="365.00" y="598.35" angle="90.00" type="DEFAULT_VEHTYPE" speed="12.69" pos="160.25" lane="1/3to2/3_0" slope="0.00"/>
        <vehicle id="10" x="3.19" y="198.35" angle="76.27" type="DEFAULT_VEHTYPE" speed="12.92" pos="3.19" lane="0/1to1/1_0" slope="0.00"/>
        <vehicle id="11" x="534.48" y="198.35" angle="90.00" type="DEFAULT_VEHTYPE" speed="12.97" pos="129.73" lane="2/1to3/1_0" slope="0.00"/>
        <vehicle id="12" x="401.65" y="614.35" angle="180.00" type="DEFAULT_VEHTYPE" speed="10.27" pos="9.60" lane="2/3to2/4_0" slope="0.00"/>
        <vehicle id="15" x="601.65" y="385.66" angle="180.00" type="DEFAULT_VEHTYPE" speed="6.60" pos="180.91" lane="3/1to3/2_0" slope="0.00"/>
        <vehicle id="19" x="327.39" y="201.65" angle="-90.00" type="DEFAULT_VEHTYPE" speed="13.08" pos="67.86" lane="2/1to1/1_0" slope="0.00"/>
        <vehicle id="2" x="398.35" y="30.23" angle="0.00" type="DEFAULT_VEHTYPE" speed="12.77" pos="165.02" lane="2/1to2/0_0" slope="0.00"/>
        <vehicle id="20" x="598.35" y="440.46" angle="0.00" type="DEFAULT_VEHTYPE" speed="13.07" pos="154.79" lane="3/3to3/2_0" slope="0.00"/>
        <vehicle id="23" x="398.35" y="661.52" angle="0.00" type="DEFAULT_VEHTYPE" speed="13.84" pos="138.48" lane="2/4to2/3_0" slope="0.00"/>
        <vehicle id="24" x="398.35" y="480.06" angle="0.00" type="DEFAULT_VEHTYPE" speed="12.88" pos="115.19" lane="2/3to2/2_0" slope="0.00"/>
        <vehicle id="4" x="45.78" y="398.35" angle="90.00" type="DEFAULT_VEHTYPE" speed="13.23" pos="45.78" lane="0/2to1/2_0" slope="0.00"/>
        <vehicle id="5" x="324.41" y="598.35" angle="90.00" type="DEFAULT_VEHTYPE" speed="13.56" pos="119.66" lane="1/3to2/3_0" slope="0.00"/>
        <vehicle id="6" x="56.61" y="401.65" angle="-90.00" type="DEFAULT_VEHTYPE" speed="13.70" pos="138.64" lane="1/2to0/2_0" slope="0.00"/>
        <vehicle id="7" x="743.29" y="198.35" angle="90.00" type="DEFAULT_VEHTYPE" speed="13.05" pos="138.54" lane="3/1to4/1_0" slope="0.00"/>
        <vehicle id="8" x="704.57" y="601.65" angle="-90.00" type="DEFAULT_VEHTYPE" speed="13.40" pos="95.43" lane="4/3to3/3_0" slope="0.00"/>
    </timestep>
    <timestep time="320.00">
        <vehicle id="0" x="376.16" y="598.35" angle="90.00" type="DEFAULT_VEHTYPE" speed="11.17" pos="171.41" lane="1/3to2/3_0" slope="0.00"/>
        <vehicle id="10" x="16.55" y="198.35" angle="90.00" type="DEFAULT_VEHTYPE" speed="13.36" pos="16.55" lane="0/1to1/1_0" slope="0.00"/>
        <vehicle id="11" x="548.31" y="198.35" angle="90.00" type="DEFAULT_VEHTYPE" speed="13.83" pos="143.56" lane="2/1to3/1_0" slope="0.00"/>
        <vehicle id="12" x="401.65" y="626.13" angle="180.00" type="DEFAULT_VEHTYPE" speed="11.78" pos="21.38" lane="2/3to2/4_0" slope="0.00"/>
        <vehicle id="15" x="601.65" y="389.84" angle="180.00" type="DEFAULT_VEHTYPE" speed="4.18" pos="185.09" lane="3/1to3/2_0" slope="0.00"/>
        <vehicle id="19" x="314.35" y="201.65" angle="-90.00" type="DEFAULT_VEHTYPE" speed="13.05" pos="80.90" lane="2/1to1/1_0" slope="0.00"/>
        <vehicle id="2" x="398.35" y="17.26" angle="0.00" type="DEFAULT_VEHTYPE" speed="12.97" pos="177.99" lane="2/1to2/0_0" slope="0.00"/>
        <vehicle id="20" x="598.35" y="426.94" angle="0.00" type="DEFAULT_VEHTYPE" speed="13.52" pos="168.31" lane="3/3to3/2_0" slope="0.00"/>
        <vehicle id="23" x="398.35" y="648.45" angle="0.00" type="DEFAULT_VEHTYPE" speed="13.08" pos="151.55" lane="2/4to2/3_0" slope="0.00"/>
        <vehicle id="24" x="398.35" y="466.38" angle="0.00" type="DEFAULT_VEHTYPE" speed="13.68" pos="128.87" lane="2/3to2/2_0" slope="0.00"/>
        <vehicle id="4" x="59.21" y="398.35" angle="90.00" type="DEFAULT_VEHTYPE" speed="13.43" pos="59.21" lane="0/2to1/2_0" slope="0.00"/>
        <vehicle id="5" x="338.30" y="598.35" angle="90.00" type="DEFAULT_VEHTYPE" speed="13.89" pos="133.55" lane="1/3to2/3_0" slope="0.00"/>
        <vehicle id="6" x="42.75" y="401.65" angle="-90.00" type="DEFAULT_VEHTYPE" speed="13.87" pos="152.50" lane="1/2to0/2_0" slope="0.00"/>
        <vehicle id="7" x="756.81" y="198.35" angle="90.00" type="DEFAULT_VEHTYPE" speed="13.52" pos="152.06" lane="3/1to4/1_0" slope="0.00"/>
        <vehicle id="8" x="691.91" y="601.65" angle="-90.00" type="DEFAULT_VEHTYPE" speed="12.66" pos="108.09" lane="4/3to3/3_0" slope="0.00"/>
    </timestep>
    <timestep time="321.00">
        <vehicle id="0" x="384.55" y="598.35" angle="90.00" type="DEFAULT_VEHTYPE" speed="8.39" pos="179.80" lane="1/3to2/3_0" slope="0.00"/>
        <vehicle id="10" x="30.24" y="198.35" angle="90.00" type="DEFAULT_VEHTYPE" speed="13.69" pos="30.24" lane="0/1to1/1_0" slope="0.00"/>
        <vehicle id="11" x="561.61" y="198.35" angle="90.00" type="DEFAULT_VEHTYPE" speed="13.30" pos="156.86" lane="2/1to3/1_0" slope="0.00"/>
        <vehicle id="12" x="401.65" y="638.89" angle="180.00" type="DEFAULT_VEHTYPE" speed="12.76" pos="34.14" lane="2/3to2/4_0" slope="0.00"/>
        <vehicle id="15" x="601.65" y="394.61" angle="180.00" type="DEFAULT_VEHTYPE" speed="4.77" pos="189.86" lane="3/1to3/2_0" slope="0.00"/>
        <vehicle id="19" x="301.75" y="201.65" angle="-90.00" type="DEFAULT_VEHTYPE" speed="12.60" pos="93.50" lane="2/1to1/1_0" slope="0.00"/>
        <vehicle id="2" x="398.35" y="4.20" angle="0.00" type="DEFAULT_VEHTYPE" speed="13.06" pos="191.05" lane="2/1to2/0_0" slope="0.00"/>
        <vehicle id="20" x="598.35" y="413.69" angle="0.00" type="DEFAULT_VEHTYPE" speed="13.25" pos="181.56" lane="3/3to3/2_0" slope="0.00"/>
        <vehicle id="23" x="398.35" y="635.21" angle="0.00" type="DEFAULT_VEHTYPE" speed="13.24" pos="164.79" lane="2/4to2/3_0" slope="0.00"/>
        <vehicle id="24" x="398.35" y="452.89" angle="0.00" type="DEFAULT_VEHTYPE" speed="13.49" pos="142.36" lane="2/3to2/2_0" slope="0.00"/>
        <vehicle id="4" x="71.96" y="398.35" angle="90.00" type="DEFAULT_VEHTYPE" speed="12.75" pos="71.96" lane="0/2to1/2_0" slope="0.00"/>
        <vehicle id="5" x="351.53" y="598.35" angle="90.00" type="DEFAULT_VEHTYPE" speed="13.23" pos="146.78" lane="1/3to2/3_0" slope="0.00"/>
        <vehicle id="6" x="28.91" y="401.65" angle="-90.00" type="DEFAULT_VEHTYPE" speed="13.84" pos="166.34" lane="1/2to0/2_0" slope="0.00"/>
        <vehicle id="7" x="769.76" y="198.35" angle="90.00" type="DEFAULT_VEHTYPE" speed="12.95" pos="165.01" lane="3/1to4/1_0" slope="0.00"/>
        <vehicle id="8" x="678.30" y="601.65" angle="-90.00" type="DEFAULT_VEHTYPE" speed="13.61" pos="121.70" lane="4/3to3/3_0" slope="0.00"/>
    </timestep>
    <timestep time="322.00">
        <vehicle id="0" x="389.20" y="598.35" angle="90.00" type="DEFAULT_VEHTYPE" speed="4.65" pos="184.45" lane="1/3to2/3_0" slope="0.00"/>
        <vehicle id="10" x="44.06" y="198.35" angle="90.00" type="DEFAULT_VEHTYPE" speed="13.82" pos="44.06" lane="0/1to1/1_0" slope="0.00"/>
        <vehicle id="11" x="574.01" y="198.35" angle="90.00" type="DEFAULT_VEHTYPE" speed="12.40" pos="169.26" lane="2/1to3/1_0" slope="0.00"/>
        <vehicle id="12" x="401.65" y="651.59" angle="180.00" type="DEFAULT_VEHTYPE" speed="12.70" pos="46.84" lane="2/3to2/4_0" slope="0.00"/>
        <vehicle id="15" x="601.36" y="397.27" angle="-176.69" type="DEFAULT_VEHTYPE" speed="2.68" pos="2.04" lane=":3/2_10_0" slope="0.00"/>
        <vehicle id="19" x="288.59" y="201.65" angle="-90.00" type="DEFAULT_VEHTYPE" speed="13.15" pos="106.66" lane="2/1to1/1_0" slope="0.00"/>
        <vehicle id="2" x="401.65" y="3.97" angle="173.24" type="DEFAULT_VEHTYPE" speed="12.99" pos="3.97" lane="2/0to2/1_0" slope="0.00"/>
        <vehicle id="20" x="595.70" y="401.71" angle="-37.23" type="DEFAULT_VEHTYPE" speed="13.49" pos="4.55" lane=":3/2_0_0" slope="0.00"/>
        <vehicle id="23" x="398.35" y="622.38" angle="0.00" type="DEFAULT_VEHTYPE" speed="12.84" pos="177.62" lane="2/4to2/3_0" slope="0.00"/>
        <vehicle id="24" x="398.35" y="440.12" angle="0.00" type="DEFAULT_VEHTYPE" speed="12.77" pos="155.13" lane="2/3to2/2_0" slope="0.00"/>
        <vehicle id="4" x="84.63" y="398.35" angle="90.00" type="DEFAULT_VEHTYPE" speed="12.66" pos="84.63" lane="0/2to1/2_0" slope="0.00"/>
        <vehicle id="5" x="364.90" y="598.35" angle="90.00" type="DEFAULT_VEHTYPE" speed="13.37" pos="160.15" lane="1/3to2/3_0" slope="0.00"/>
        <vehicle id="6" x="15.15" y="401.65" angle="-90.00" type="DEFAULT_VEHTYPE" speed="13.75" pos="180.10" lane="1/2to0/2_0" slope="0.00"/>
        <vehicle id="7" x="782.63" y="198.35" angle="90.00" type="DEFAULT_VEHTYPE" speed="12.87" pos="177.88" lane="3/1to4/1_0" slope="0.00"/>
        <vehicle id="8" x="664.88" y="601.65" angle="-90.00" type="DEFAULT_VEHTYPE" speed="13.42" pos="135.12" lane="4/3to3/3_0" slope="0.00"/>
    </timestep>
    <timestep time="323.00">
        <vehicle id="0" x="390.91" y="598.35" angle="90.00" type="DEFAULT_VEHTYPE" speed="1.71" pos="186.16" lane="1/3to2/3_0" slope="0.00"/>
        <vehicle id="10" x="56.73" y="198.35" angle="90.00" type="DEFAULT_VEHTYPE" speed="12.68" pos="56.73" lane="0/1to1/1_0" slope="0.00"/>
        <vehicle id="11" x="582.37" y="198.35" angle="90.00" type="DEFAULT_VEHTYPE" speed="8.36" pos="177.62" lane="2/1to3/1_0" slope="0.00"/>
        <vehicle id="12" x="401.65" y="664.58" angle="180.00" type="DEFAULT_VEHTYPE" speed="12.99" pos="59.83" lane="2/3to2/4_0" slope="0.00"/>
        <vehicle id="15" x="598.39" y="401.04" angle="-141.54" type="DEFAULT_VEHTYPE" speed="5.05" pos="7.09" lane=":3/2_10_0" slope="0.00"/>
        <vehicle id="19" x="274.84" y="201.65" angle="-90.00" type="DEFAULT_VEHTYPE" speed="13.75" pos="120.41" lane="2/1to1/1_0" slope="0.00"/>
        <vehicle id="2" x="401.65" y="16.98" angle="180.00" type="DEFAULT_VEHTYPE" speed="13.01" pos="16.98" lane="2/0to2/1_0" slope="0.00"/>
        <vehicle id="20" x="582.86" y="401.65" angle="-90.00" type="DEFAULT_VEHTYPE" speed="12.84" pos="12.39" lane="3/2to2/2_0" slope="0.00"/>
        <vehicle id="23" x="398.35" y="608.78" angle="0.00" type="DEFAULT_VEHTYPE" speed="13.60" pos="191.22" lane="2/4to2/3_0" slope="0.00"/>
        <vehicle id="24" x="398.35" y="427.08" angle="0.00" type="DEFAULT_VEHTYPE" speed="13.04" pos="168.17" lane="2/3to2/2_0" slope="0.00"/>
        <vehicle id="4" x="98.26" y="398.35" angle="90.00" type="DEFAULT_VEHTYPE" speed="13.64" pos="98.26" lane="0/2to1/2_0" slope="0.00"/>
        <vehicle id="5" x="373.97" y="598.35" angle="90.00" type="DEFAULT_VEHTYPE" speed="9.07" pos="169.22" lane="1/3to2/3_0" slope="0.00"/>
        <vehicle id="6" x="1.68" y="401.65" angle="-90.00" type="DEFAULT_VEHTYPE" speed="13.48" pos="193.57" lane="1/2to0/2_0" slope="0.00"/>
        <vehicle id="7" x="795.33" y="198.35" angle="90.00" type="DEFAULT_VEHTYPE" speed="12.71" pos="190.58" lane="3/1to4/1_0" slope="0.00"/>
        <vehicle id="8" x="651.88" y="601.65" angle="-90.00" type="DEFAULT_VEHTYPE" speed="13.00" pos="148.12" lane="4/3to3/3_0" slope="0.00"/>
    </timestep>
    <timestep time="324.00">
        <vehicle id="0" x="391.83" y="598.35" angle="90.00" type="DEFAULT_VEHTYPE" speed="0.93" pos="187.08" lane="1/3to2/3_0" slope="0.00"/>
        <vehicle id="10" x="70.37" y="198.35" angle="90.00" type="DEFAULT_VEHTYPE" speed="13.63" pos="70.37" lane="0/1to1/1_0" slope="0.00"/>
        <vehicle id="11" x="588.41" y="198.35" angle="90.00" type="DEFAULT_VEHTYPE" speed="6.04" pos="183.66" lane="2/1to3/1_0" slope="0.00"/>
        <vehicle id="12" x="401.65" y="678.39" angle="180.00" type="DEFAULT_VEHTYPE" speed="13.81" pos="73.64" lane="2/3to2/4_0" slope="0.00"/>
        <vehicle id="15" x="590.97" y="401.65" angle="-91.17" type="DEFAULT_VEHTYPE" speed="7.51" pos="4.28" lane="3/2to2/2_0" slope="0.00"/>
        <vehicle id="19" x="261.46" y="201.65" angle="-90.00" type="DEFAULT_VEHTYPE" speed="13.38" pos="133.79" lane="2/1to1/1_0" slope="0.00"/>
        <vehicle id="2" x="401.65" y="29.95" angle="180.00" type="DEFAULT_VEHTYPE" speed="12.97" pos="29.95" lane="2/0to2/1_0" slope="0.00"/>
        <vehicle id="20" x="570.13" y="401.65" angle="-90.00" type="DEFAULT_VEHTYPE" speed="12.73" pos="25.12" lane="3/2to2/2_0" slope="0.00"/>
        <vehicle id="23" x="398.35" y="595.85" angle="0.00" type="DEFAULT_VEHTYPE" speed="12.93" pos="8.90" lane=":2/3_1_0" slope="0.00"/>
        <vehicle id="24" x="398.35" y="413.64" angle="0.00" type="DEFAULT_VEHTYPE" speed="13.43" pos="181.61" lane="2/3to2/2_0" slope="0.00"/>
        <vehicle id="4" x="110.88" y="398.35" angle="90.00" type="DEFAULT_VEHTYPE" speed="12.62" pos="110.88" lane="0/2to1/2_0" slope="0.00"/>
        <vehicle id="5" x="379.37" y="598.35" angle="90.00" type="DEFAULT_VEHTYPE" speed="5.40" pos="174.62" lane="1/3to2/3_0" slope="0.00"/>
        <vehicle id="6" x="6.92" y="398.35" angle="90.00" type="DEFAULT_VEHTYPE" speed="13.42" pos="6.92" lane="0/2to1/2_0" slope="0.00"/>
        <vehicle id="7" x="795.85" y="201.65" angle="-95.54" type="DEFAULT_VEHTYPE" speed="13.64" pos="4.15" lane="4/1to3/1_0" slope="0.00"/>
        <vehicle id="8" x="638.31" y="601.65" angle="-90.00" type="DEFAULT_VEHTYPE" speed="13.57" pos="161.69" lane="4/3to3/3_0" slope="0.00"/>
    </timestep>
    <timestep time="325.00">
        <vehicle id="0" x="394.91" y="598.35" angle="90.00" type="DEFAULT_VEHTYPE" speed="3.08" pos="190.16" lane="1/3to2/3_0" slope="0.00"/>
        <vehicle id="10" x="83.79" y="198.35" angle="90.00" type="DEFAULT_VEHTYPE" speed="13.42" pos="83.79" lane="0/1to1/1_0" slope="0.00"/>
        <vehicle id="11" x="596.78" y="198.35" angle="90.00" type="DEFAULT_VEHTYPE" speed="8.36" pos="1.53" lane=":3/1_13_0" slope="0.00"/>
        <vehicle id="12" x="401.65" y="691.16" angle="180.00" type="DEFAULT_VEHTYPE" speed="12.77" pos="86.41" lane="2/3to2/4_0" slope="0.00"/>
        <vehicle id="15" x="581.70" y="401.65" angle="-90.00" type="DEFAULT_VEHTYPE" speed="9.27" pos="13.55" lane="3/2to2/2_0" slope="0.00"/>
        <vehicle id="19" x="248.49" y="201.65" angle="-90.00" type="DEFAULT_VEHTYPE" speed="12.97" pos="146.76" lane="2/1to1/1_0" slope="0.00"/>
        <vehicle id="2" x="401.65" y="43.80" angle="180.00" type="DEFAULT_VEHTYPE" speed="13.84" pos="43.80" lane="2/0to2/1_0" slope="0.00"/>
        <vehicle id="20" x="556.77" y="401.65" angle="-90.00" type="DEFAULT_VEHTYPE" speed="13.36" pos="38.48" lane="3/2to2/2_0" slope="0.00"/>
        <vehicle id="23" x="398.35" y="582.94" angle="0.00" type="DEFAULT_VEHTYPE" speed="12.91" pos="12.31" lane="2/3to2/2_0" slope="0.00"/>
        <vehicle id="24" x="395.29" y="401.66" angle="-44.23" type="DEFAULT_VEHTYPE" speed="13.85" pos="4.96" lane=":2/2_0_0" slope="0.00"/>
        <vehicle id="4" x="124.45" y="398.35" angle="90.00" type="DEFAULT_VEHTYPE" speed="13.57" pos="124.45" lane="0/2to1/2_0" slope="0.00"/>
        <vehicle id="5" x="382.36" y="598.35" angle="90.00" type="DEFAULT_VEHTYPE" speed="2.99" pos="177.61" lane="1/3to2/3_0" slope="0.00"/>
        <vehicle id="6" x="20.49" y="398.35" angle="90.00" type="DEFAULT_VEHTYPE" speed="13.56" pos="20.49" lane="0/2to1/2_0" slope="0.00"/>
        <vehicle id="7" x="783.24" y="201.65" angle="-90.00" type="DEFAULT_VEHTYPE" speed="12.60" pos="16.76" lane="4/1to3/1_0" slope="0.00"/>
        <vehicle id="8" x="626.08" y="601.65" angle="-90.00" type="DEFAULT_VEHTYPE" speed="12.23" pos="173.92" lane="4/3to3/3_0" slope="0.00"/>
    </timestep>
    <timestep time="326.00">
        <vehicle id="0" x="399.26" y="599.48" angle="103.28" type="DEFAULT_VEHTYPE" speed="4.58" pos="4.24" lane=":2/3_14_0" slope="0.00"/>
        <vehicle id="10" x="96.94" y="198.35" angle="90.00" type="DEFAULT_VEHTYPE" speed="13.16" pos="96.94" lane="0/1to1/1_0" slope="0.00"/>
        <vehicle id="11" x="607.27" y="198.35" angle="90.00" type="DEFAULT_VEHTYPE" speed="10.50" pos="2.52" lane="3/1to4/1_0" slope="0.00"/>
        <vehicle id="12" x="401.65" y="704.68" angle="180.00" type="DEFAULT_VEHTYPE" speed="13.52" pos="99.93" lane="2/3to2/4_0" slope="0.00"/>
        <vehicle id="15" x="570.65" y="401.65" angle="-90.00" type="DEFAULT_VEHTYPE" speed="11.05" pos="24.60" lane="3/2to2/2_0" slope="0.00"/>
        <vehicle id="19" x="235.12" y="201.65" angle="-90.00" type="DEFAULT_VEHTYPE" speed="13.37" pos="160.13" lane="2/1to1/1_0" slope="0.00"/>
        <vehicle id="2" x="401.65" y="57.64" angle="180.00" type="DEFAULT_VEHTYPE" speed="13.85" pos="57.64" lane="2/0to2/1_0" slope="0.00"/>
        <vehicle id="20" x="543.66" y="401.65" angle="-90.00" type="DEFAULT_VEHTYPE" speed="13.11" pos="51.59" lane="3/2to2/2_0" slope="0.00"/>
        <vehicle id="23" x="398.35" y="570.12" angle="0.00" type="DEFAULT_VEHTYPE" speed="12.82" pos="25.13" lane="2/3to2/2_0" slope="0.00"/>
        <vehicle id="24" x="381.62" y="401.65" angle="-90.00" type="DEFAULT_VEHTYPE" speed="13.67" pos="13.63" lane="2/2to1/2_0" slope="0.00"/>
        <vehicle id="4" x="137.09" y="398.35" angle="90.00" type="DEFAULT_VEHTYPE" speed="12.64" pos="137.09" lane="0/2to1/2_0" slope="0.00"/>
        <vehicle id="5" x="385.63" y="598.35" angle="90.00" type="DEFAULT_VEHTYPE" speed="3.27" pos="180.88" lane="1/3to2/3_0" slope="0.00"/>
        <vehicle id="6" x="33.22" y="398.35" angle="90.00" type="DEFAULT_VEHTYPE" speed="12.73" pos="33.22" lane="0/2to1/2_0" slope="0.00"/>
        <vehicle id="7" x="770.39" y="201.65" angle="-90.00" type="DEFAULT_VEHTYPE" speed="12.85" pos="29.61" lane="4/1to3/1_0" slope="0.00"/>
        <vehicle id="8" x="617.11" y="601.65" angle="-90.00" type="DEFAULT_VEHTYPE" speed="8.97" pos="182.89" lane="4/3to3/3_0" slope="0.00"/>
    </timestep>
    <timestep time="327.00">
        <vehicle id="0" x="401.65" y="605.08" angle="164.00" type="DEFAULT_VEHTYPE" speed="6.41" pos="0.33" lane="2/3to2/4_0" slope="0.00"/>
        <vehicle id="10" x="110.09" y="198.35" angle="90.00" type="DEFAULT_VEHTYPE" speed="13.14" pos="110.09" lane="0/1to1/1_0" slope="0.00"/>
        <vehicle id="11" x="619.57" y="198.35" angle="90.00" type="DEFAULT_VEHTYPE" speed="12.30" pos="14.82" lane="3/1to4/1_0" slope="0.00"/>
        <vehicle id="12" x="401.65" y="717.92" angle="180.00" type="DEFAULT_VEHTYPE" speed="13.24" pos="113.17" lane="2/3to2/4_0" slope="0.00"/>
        <vehicle id="15" x="557.12" y="401.65" angle="-90.00" type="DEFAULT_VEHTYPE" speed="13.53" pos="38.13" lane="3/2to2/2_0" slope="0.00"/>
        <vehicle id="19" x="224.25" y="201.65" angle="-90.00" type="DEFAULT_VEHTYPE" speed="10.87" pos="171.00" lane="2/1to1/1_0" slope="0.00"/>
        <vehicle id="2" x="401.65" y="71.25" angle="180.00" type="DEFAULT_VEHTYPE" speed="13.61" pos="71.25" lane="2/0to2/1_0" slope="0.00"/>
        <vehicle id="20" x="530.88" y="401.65" angle="-90.00" type="DEFAULT_VEHTYPE" speed="12.78" pos="64.37" lane="3/2to2/2_0" slope="0.00"/>
        <vehicle id="23" x="398.35" y="556.67" angle="0.00" type="DEFAULT_VEHTYPE" speed="13.45" pos="38.58" lane="2/3to2/2_0" slope="0.00"/>
        <vehicle id="24" x="369.01" y="401.65" angle="-90.00" type="DEFAULT_VEHTYPE" speed="12.60" pos="26.24" lane="2/2to1/2_0" slope="0.00"/>
        <vehicle id="4" x="150.42" y="398.35" angle="90.00" type="DEFAULT_VEHTYPE" speed="13.33" pos="150.42" lane="0/2to1/2_0" slope="0.00"/>
        <vehicle id="5" x="389.77" y="598.35" angle="90.00" type="DEFAULT_VEHTYPE" speed="4.15" pos="185.02" lane="1/3to2/3_0" slope="0.00"/>
        <vehicle id="6" x="46.75" y="398.35" angle="90.00" type="DEFAULT_VEHTYPE" speed="13.53" pos="46.75" lane="0/2to1/2_0" slope="0.00"/>
        <vehicle id="7" x="757.62" y="201.65" angle="-90.00" type="DEFAULT_VEHTYPE" speed="12.77" pos="42.38" lane="4/1to3/1_0" slope="0.00"/>
        <vehicle id="8" x="611.57" y="601.65" angle="-90.00" type="DEFAULT_VEHTYPE" speed="5.54" pos="188.43" lane="4/3to3/3_0" slope="0.00"/>
    </timestep>
    <timestep time="328.00">
        <vehicle id="0" x="401.65" y="613.64" angle="180.00" type="DEFAULT_VEHTYPE" speed="8.57" pos="8.89" lane="2/3to2/4_0" slope="0.00"/>
        <vehicle id="10" x="123.73" y="198.35" angle="90.00" type="DEFAULT_VEHTYPE" speed="13.65" pos="123.73" lane="0/1to1/1_0" slope="0.00"/>
        <vehicle id="11" x="632.57" y="198.35" angle="90.00" type="DEFAULT_VEHTYPE" speed="13.00" pos="27.82" lane="3/1to4/1_0" slope="0.00"/>
        <vehicle id="12" x="401.65" y="731.16" angle="180.00" type="DEFAULT_VEHTYPE" speed="13.24" pos="126.41" lane="2/3to2/4_0" slope="0.00"/>
        <vehicle id="15" x="544.36" y="401.65" angle="-90.00" type="DEFAULT_VEHTYPE" speed="12.76" pos="50.89" lane="3/2to2/2_0" slope="0.00"/>
        <vehicle id="19" x="216.53" y="201.65" angle="-90.00" type="DEFAULT_VEHTYPE" speed="7.72" pos="178.72" lane="2/1to1/1_0" slope="0.00"/>
        <vehicle id="2" x="401.65" y="85.02" angle="180.00" type="DEFAULT_VEHTYPE" speed="13.77" pos="85.02" lane="2/0to2/1_0" slope="0.00"/>
        <vehicle id="20" x="517.08" y="401.65" angle="-90.00" type="DEFAULT_VEHTYPE" speed="13.80" pos="78.17" lane="3/2to2/2_0" slope="0.00"/>
        <vehicle id="23" x="398.35" y="543.37" angle="0.00" type="DEFAULT_VEHTYPE" speed="13.30" pos="51.88" lane="2/3to2/2_0" slope="0.00"/>
        <vehicle id="24" x="356.24" y="401.65" angle="-90.00" type="DEFAULT_VEHTYPE" speed="12.77" pos="39.01" lane="2/2to1/2_0" slope="0.00"/>
        <vehicle id="4" x="163.89" y="398.35" angle="90.00" type="DEFAULT_VEHTYPE" speed="13.47" pos="163.89" lane="0/2to1/2_0" slope="0.00"/>
        <vehicle id="5" x="395.25" y="598.35" angle="90.01" type="DEFAULT_VEHTYPE" speed="5.48" pos="0.00" lane=":2/3_14_0" slope="0.00"/>
        <vehicle id="6" x="59.48" y="398.35" angle="90.00" type="DEFAULT_VEHTYPE" speed="12.72" pos="59.48" lane="0/2to1/2_0" slope="0.00"/>
        <vehicle id="7" x="744.49" y="201.65" angle="-90.00" type="DEFAULT_VEHTYPE" speed="13.13" pos="55.51" lane="4/1to3/1_0" slope="0.00"/>
        <vehicle id="8" x="603.91" y="601.53" angle="-88.63" type="DEFAULT_VEHTYPE" speed="7.66" pos="0.84" lane=":3/3_6_0" slope="0.00"/>
    </timestep>
    <timestep time="329.00">
        <vehicle id="0" x="401.65" y="624.60" angle="180.00" type="DEFAULT_VEHTYPE" speed="10.96" pos="19.85" lane="2/3to2/4_0" slope="0.00"/>
        <vehicle id="10" x="136.50" y="198.35" angle="90.00" type="DEFAULT_VEHTYPE" speed="12.77" pos="136.50" lane="0/1to1/1_0" slope="0.00"/>
        <vehicle id="11" x="645.28" y="198.35" angle="90.00" type="DEFAULT_VEHTYPE" speed="12.72" pos="40.53" lane="3/1to4/1_0" slope="0.00"/>
        <vehicle id="12" x="401.65" y="744.33" angle="180.00" type="DEFAULT_VEHTYPE" speed="13.18" pos="139.58" lane="2/3to2/4_0" slope="0.00"/>
        <vehicle id="15" x="530.91" y="401.65" angle="-90.00" type="DEFAULT_VEHTYPE" speed="13.45" pos="64.34" lane="3/2to2/2_0" slope="0.00"/>
        <vehicle id="19" x="211.68" y="201.65" angle="-90.00" type="DEFAULT_VEHTYPE" speed="4.84" pos="183.57" lane="2/1to1/1_0" slope="0.00"/>
        <vehicle id="2" x="401.65" y="98.60" angle="180.00" type="DEFAULT_VEHTYPE" speed="13.58" pos="98.60" lane="2/0to2/1_0" slope="0.00"/>
        <vehicle id="20" x="503.50" y="401.65" angle="-90.00" type="DEFAULT_VEHTYPE" speed="13.58" pos="91.75" lane="3/2to2/2_0" slope="0.00"/>
        <vehicle id="23" x="398.35" y="530.05" angle="0.00" type="DEFAULT_VEHTYPE" speed="13.32" pos="65.20" lane="2/3to2/2_0" slope="0.00"/>
        <vehicle id="24" x="343.08" y="401.65" angle="-90.00" type="DEFAULT_VEHTYPE" speed="13.16" pos="52.17" lane="2/2to1/2_0" slope="0.00"/>
        <vehicle id="4" x="175.14" y="398.35" angle="90.00" type="DEFAULT_VEHTYPE" speed="11.26" pos="175.14" lane="0/2to1/2_0" slope="0.00"/>
        <vehicle id="5" x="401.32" y="602.45" angle="139.17" type="DEFAULT_VEHTYPE" speed="8.00" pos="8.00" lane=":2/3_14_0" slope="0.00"/>
        <vehicle id="6" x="73.09" y="398.35" angle="90.00" type="DEFAULT_VEHTYPE" speed="13.61" pos="73.09" lane="0/2to1/2_0" slope="0.00"/>
        <vehicle id="7" x="731.82" y="201.65" angle="-90.00" type="DEFAULT_VEHTYPE" speed="12.67" pos="68.18" lane="4/1to3/1_0" slope="0.00"/>
        <vehicle id="8" x="598.35" y="594.82" angle="-15.36" type="DEFAULT_VEHTYPE" speed="9.90" pos="0.43" lane="3/3to3/2_0" slope="0.00"/>
    </timestep>
    <timestep time="330.00">
        <vehicle id="0" x="401.65" y="637.22" angle="180.00" type="DEFAULT_VEHTYPE" speed="12.62" pos="32.47" lane="2/3to2/4_0" slope="0.00"/>
        <vehicle id="10" x="150.39" y="198.35" angle="90.00" type="DEFAULT_VEHTYPE" speed="13.89" pos="150.39" lane="0/1to1/1_0" slope="0.00"/>
        <vehicle id="11" x="658.45" y="198.35" angle="90.00" type="DEFAULT_VEHTYPE" speed="13.17" pos="53.70" lane="3/1to4/1_0" slope="0.00"/>
        <vehicle id="12" x="401.65" y="757.84" angle="180.00" type="DEFAULT_VEHTYPE" speed="13.50" pos="153.09" lane="2/3to2/4_0" slope="0.00"/>
        <vehicle id="15" x="517.50" y="401.65" angle="-90.00" type="DEFAULT_VEHTYPE" speed="13.41" pos="77.75" lane="3/2to2/2_0" slope="0.00"/>
        <vehicle id="19" x="205.04" y="201.65" angle="-90.00" type="DEFAULT_VEHTYPE" speed="6.64" pos="190.21" lane="2/1to1/1_0" slope="0.00"/>
        <vehicle id="2" x="401.65" y="111.46" angle="180.00" type="DEFAULT_VEHTYPE" speed="12.86" pos="111.46" lane="2/0to2/1_0" slope="0.00"/>
        <vehicle id="20" x="490.86" y="401.65" angle="-90.00" type="DEFAULT_VEHTYPE" speed="12.64" pos="104.39" lane="3/2to2/2_0" slope="0.00"/>
        <vehicle id="23" x="398.35" y="516.51" angle="0.00" type="DEFAULT_VEHTYPE" speed="13.54" pos="78.74" lane="2/3to2/2_0" slope="0.00"/>
        <vehicle id="24" x="330.05" y="401.65" angle="-90.00" type="DEFAULT_VEHTYPE" speed="13.03" pos="65.20" lane="2/2to1/2_0" slope="0.00"/>
        <vehicle id="4" x="182.72" y="398.35" angle="90.00" type="DEFAULT_VEHTYPE" speed="7.57" pos="182.72" lane="0/2to1/2_0" slope="0.00"/>
        <vehicle id="5" x="401.65" y="612.49" angle="180.00" type="DEFAULT_VEHTYPE" speed="10.05" pos="7.74" lane="2/3to2/4_0" slope="0.00"/>
        <vehicle id="6" x="86.40" y="398.35" angle="90.00" type="DEFAULT_VEHTYPE" speed="13.31" pos="86.40" lane="0/2to1/2_0" slope="0.00"/>
        <vehicle id="7" x="718.01" y="201.65" angle="-90.00" type="DEFAULT_VEHTYPE" speed="13.81" pos="81.99" lane="4/1to3/1_0" slope="0.00"/>
        <vehicle id="8" x="598.35" y="583.34" angle="0.00" type="DEFAULT_VEHTYPE" speed="11.49" pos="11.91" lane="3/3to3/2_0" slope="0.00"/>
    </timestep>
    <timestep time="331.00">
        <vehicle id="0" x="401.65" y="650.21" angle="180.00" type="DEFAULT_VEHTYPE" speed="12.99" pos="45.46" lane="2/3to2/4_0" slope="0.00"/>
        <vehicle id="10" x="163.88" y="198.35" angle="90.00" type="DEFAULT_VEHTYPE" speed="13.49" pos="163.88" lane="0/1to1/1_0" slope="0.00"/>
        <vehicle id="11" x="671.70" y="198.35" angle="90.00" type="DEFAULT_VEHTYPE" speed="13.24" pos="66.95" lane="3/1to4/1_0" slope="0.00"/>
        <vehicle id="12" x="401.65" y="771.59" angle="180.00" type="DEFAULT_VEHTYPE" speed="13.75" pos="166.84" lane="2/3to2/4_0" slope="0.00"/>
        <vehicle id="15" x="503.87" y="401.65" angle="-90.00" type="DEFAULT_VEHTYPE" speed="13.62" pos="91.38" lane="3/2to2/2_0" slope="0.00"/>
        <vehicle id="19" x="201.65" y="208.22" angle="-176.85" type="DEFAULT_VEHTYPE" speed="8.76" pos="3.47" lane="1/1to1/2_0" slope="0.00"/>
        <vehicle id="2" x="401.65" y="125.01" angle="180.00" type="DEFAULT_VEHTYPE" speed="13.56" pos="125.01" lane="2/0to2/1_0" slope="0.00"/>
        <vehicle id="20" x="477.95" y="401.65" angle="-90.00" type="DEFAULT_VEHTYPE" speed="12.91" pos="117.30" lane="3/2to2/2_0" slope="0.00"/>
        <vehicle id="23" x="398.35" y="503.40" angle="0.00" type="DEFAULT_VEHTYPE" speed="13.12" pos="91.85" lane="2/3to2/2_0" slope="0.00"/>
        <vehicle id="24" x="317.36" y="401.65" angle="-90.00" type="DEFAULT_VEHTYPE" speed="12.69" pos="77.89" lane="2/2to1/2_0" slope="0.00"/>
        <vehicle id="4" x="188.31" y="398.35" angle="90.00" type="DEFAULT_VEHTYPE" speed="5.59" pos="188.31" lane="0/2to1/2_0" slope="0.00"/>
        <vehicle id="5" x="401.65" y="624.09" angle="180.00" type="DEFAULT_VEHTYPE" speed="11.60" pos="19.34" lane="2/3to2/4_0" slope="0.00"/>
        <vehicle id="6" x="100.15" y="398.35" angle="90.00" type="DEFAULT_VEHTYPE" speed="13.76" pos="100.15" lane="0/2to1/2_0" slope="0.00"/>
        <vehicle id="7" x="705.25" y="201.65" angle="-90.00" type="DEFAULT_VEHTYPE" speed="12.76" pos="94.75" lane="4/1to3/1_0" slope="0.00"/>
        <vehicle id="8" x="598.35" y="569.84" angle="0.00" type="DEFAULT_VEHTYPE" speed="13.49" pos="25.41" lane="3/3to3/2_0" slope="0.00"/>
    </timestep>
    <timestep time="332.00">
        <vehicle id="0" x="401.65" y="663.78" angle="180.00" type="DEFAULT_VEHTYPE" speed="13.58" pos="59.03" lane="2/3to2/4_0" slope="0.00"/>
        <vehicle id="10" x="175.82" y="198.35" angle="90.00" type="DEFAULT_VEHTYPE" speed="11.95" pos="175.82" lane="0/1to1/1_0" slope="0.00"/>
        <vehicle id="11" x="684.45" y="198.35" angle="90.00" type="DEFAULT_VEHTYPE" speed="12.75" pos="79.70" lane="3/1to4/1_0" slope="0.00"/>
        <vehicle id="12" x="401.65" y="785.12" angle="180.00" type="DEFAULT_VEHTYPE" speed="13.53" pos="180.37" lane="2/3to2/4_0" slope="0.00"/>
        <vehicle id="15" x="490.40" y="401.65" angle="-90.00" type="DEFAULT_VEHTYPE" speed="13.47" pos="104.85" lane="3/2to2/2_0" slope="0.00"/>
        <vehicle id="19" x="201.65" y="218.45" angle="180.00" type="DEFAULT_VEHTYPE" speed="10.23" pos="13.70" lane="1/1to1/2_0" slope="0.00"/>
        <vehicle id="2" x="401.65" y="137.75" angle="180.00" type="DEFAULT_VEHTYPE" speed="12.74" pos="137.75" lane="2/0to2/1_0" slope="0.00"/>
        <vehicle id="20" x="464.29" y="401.65" angle="-90.00" type="DEFAULT_VEHTYPE" speed="13.66" pos="130.96" lane="3/2to2/2_0" slope="0.00"/>
        <vehicle id="23" x="398.35" y="489.95" angle="0.00" type="DEFAULT_VEHTYPE" speed="13.44" pos="105.30" lane="2/3to2/2_0" slope="0.00"/>
        <vehicle id="24" x="304.15" y="401.65" angle="-90.00" type="DEFAULT_VEHTYPE" speed="13.20" pos="91.10" lane="2/2to1/2_0" slope="0.00"/>
        <vehicle id="4" x="195.98" y="398.45" angle="91.20" type="DEFAULT_VEHTYPE" speed="7.68" pos="0.74" lane=":1/2_14_0" slope="0.00"/>
        <vehicle id="5" x="401.65" y="637.73" angle="180.00" type="DEFAULT_VEHTYPE" speed="13.64" pos="32.98" lane="2/3to2/4_0" slope="0.00"/>
        <vehicle id="6" x="113.87" y="398.35" angle="90.00" type="DEFAULT_VEHTYPE" speed="13.72" pos="113.87" lane="0/2to1/2_0" slope="0.00"/>
        <vehicle id="7" x="692.48" y="201.65" angle="-90.00" type="DEFAULT_VEHTYPE" speed="12.77" pos="107.52" lane="4/1to3/1_0" slope="0.00"/>
        <vehicle id="8" x="598.35" y="556.15" angle="0.00" type="DEFAULT_VEHTYPE" speed="13.69" pos="39.10" lane="3/3to3/2_0" slope="0.00"/>
    </timestep>
    <timestep time="333.00">
        <vehicle id="0" x="401.65" y="677.37" angle="180.00" type="DEFAULT_VEHTYPE" speed="13.58" pos="72.62" lane="2/3to2/4_0" slope="0.00"/>
        <vehicle id="10" x="183.79" y="198.35" angle="90.00" type="DEFAULT_VEHTYPE" speed="7.97" pos="183.79" lane="0/1to1/1_0" slope="0.00"/>
        <vehicle id="11" x="697.43" y="198.35" angle="90.00" type="DEFAULT_VEHTYPE" speed="12.98" pos="92.68" lane="3/1to4/1_0" slope="0.00"/>
        <vehicle id="12" x="401.65" y="798.04" angle="180.00" type="DEFAULT_VEHTYPE" speed="12.92" pos="193.29" lane="2/3to2/4_0" slope="0.00"/>
        <vehicle id="15" x="476.79" y="401.65" angle="-90.00" type="DEFAULT_VEHTYPE" speed="13.61" pos="118.46" lane="3/2to2/2_0" slope="0.00"/>
        <vehicle id="19" x="201.65" y="230.09" angle="180.00" type="DEFAULT_VEHTYPE" speed="11.64" pos="25.34" lane="1/1to1/2_0" slope="0.00"/>
        <vehicle id="2" x="401.65" y="151.39" angle="180.00" type="DEFAULT_VEHTYPE" speed="13.64" pos="151.39" lane="2/0to2/1_0" slope="0.00"/>
        <vehicle id="20" x="451.52" y="401.65" angle="-90.00" type="DEFAULT_VEHTYPE" speed="12.77" pos="143.73" lane="3/2to2/2_0" slope="0.00"/>
        <vehicle id="23" x="398.35" y="476.69" angle="0.00" type="DEFAULT_VEHTYPE" speed="13.27" pos="118.56" lane="2/3to2/2_0" slope="0.00"/>
        <vehicle id="24" x="290.55" y="401.65" angle="-90.00" type="DEFAULT_VEHTYPE" speed="13.61" pos="104.70" lane="2/2to1/2_0" slope="0.00"/>
        <vehicle id="4" x="201.57" y="404.18" angle="157.09" type="DEFAULT_VEHTYPE" speed="9.00" pos="9.74" lane=":1/2_14_0" slope="0.00"/>
        <vehicle id="5" x="401.65" y="650.70" angle="180.00" type="DEFAULT_VEHTYPE" speed="12.97" pos="45.95" lane="2/3to2/4_0" slope="0.00"/>
        <vehicle id="6" x="127.43" y="398.35" angle="90.00" type="DEFAULT_VEHTYPE" speed="13.56" pos="127.43" lane="0/2to1/2_0" slope="0.00"/>
        <vehicle id="7" x="679.48" y="201.65" angle="-90.00" type="DEFAULT_VEHTYPE" speed="13.00" pos="120.52" lane="4/1to3/1_0" slope="0.00"/>
        <vehicle id="8" x="598.35" y="543.39" angle="0.00" type="DEFAULT_VEHTYPE" speed="12.76" pos="51.86" lane="3/3to3/2_0" slope="0.00"/>
    </timestep>
    <timestep time="334.00">
        <vehicle id="0" x="401.65" y="691.20" angle="180.00" type="DEFAULT_VEHTYPE" speed="13.84" pos="86.45" lane="2/3to2/4_0" slope="0.00"/>
        <vehicle id="10" x="189.33" y="198.35" angle="90.00" type="DEFAULT_VEHTYPE" speed="5.54" pos="189.33" lane="0/1to1/1_0" slope="0.00"/>
        <vehicle id="11" x="710.73" y="198.35" angle="90.00" type="DEFAULT_VEHTYPE" speed="13.31" pos="105.98" lane="3/1to4/1_0" slope="0.00"/>
        <vehicle id="12" x="398.35" y="793.90" angle="0.00" type="DEFAULT_VEHTYPE" speed="12.88" pos="6.10" lane="2/4to2/3_0" slope="0.00"/>
        <vehicle id="15" x="463.58" y="401.65" angle="-90.00" type="DEFAULT_VEHTYPE" speed="13.21" pos="131.67" lane="3/2to2/2_0" slope="0.00"/>
        <vehicle id="19" x="201.65" y="243.66" angle="180.00" type="DEFAULT_VEHTYPE" speed="13.57" pos="38.91" lane="1/1to1/2_0" slope="0.00"/>
        <vehicle id="2" x="401.65" y="164.87" angle="180.00" type="DEFAULT_VEHTYPE" speed="13.48" pos="164.87" lane="2/0to2/1_0" slope="0.00"/>
        <vehicle id="20" x="438.02" y="401.65" angle="-90.00" type="DEFAULT_VEHTYPE" speed="13.50" pos="157.23" lane="3/2to2/2_0" slope="0.00"/>
        <vehicle id="23" x="398.35" y="463.43" angle="0.00" type="DEFAULT_VEHTYPE" speed="13.26" pos="131.82" lane="2/3to2/2_0" slope="0.00"/>
        <vehicle id="24" x="276.94" y="401.65" angle="-90.00" type="DEFAULT_VEHTYPE" speed="13.60" pos="118.31" lane="2/2to1/2_0" slope="0.00"/>
        <vehicle id="4" x="201.65" y="414.64" angle="180.00" type="DEFAULT_VEHTYPE" speed="10.47" pos="9.89" lane="1/2to1/3_0" slope="0.00"/>
        <vehicle id="5" x="401.65" y="663.91" angle="180.00" type="DEFAULT_VEHTYPE" speed="13.21" pos="59.16" lane="2/3to2/4_0" slope="0.00"/>
        <vehicle id="6" x="140.81" y="398.35" angle="90.00" type="DEFAULT_VEHTYPE" speed="13.37" pos="140.81" lane="0/2to1/2_0" slope="0.00"/>
        <vehicle id="7" x="666.03" y="201.65" angle="-90.00" type="DEFAULT_VEHTYPE" speed="13.45" pos="133.97" lane="4/1to3/1_0" slope="0.00"/>
        <vehicle id="8" x="598.35" y="530.35" angle="0.00" type="DEFAULT_VEHTYPE" speed="13.04" pos="64.90" lane="3/3to3/2_0" slope="0.00"/>
    </timestep>
    <timestep time="335.00">
        <vehicle id="0" x="401.65" y="704.33" angle="180.00" type="DEFAULT_VEHTYPE" speed="13.12" pos="99.58" lane="2/3to2/4_0" slope="0.00"/>
        <vehicle id="10" x="197.17" y="197.82" angle="83.80" type="DEFAULT_VEHTYPE" speed="7.95" pos="2.03" lane=":1/1_12_0" slope="0.00"/>
        <vehicle id="11" x="723.59" y="198.35" angle="90.00" type="DEFAULT_VEHTYPE" speed="12.85" pos="118.84" lane="3/1to4/1_0" slope="0.00"/>
        <vehicle id="12" x="398.35" y="781.26" angle="0.00" type="DEFAULT_VEHTYPE" speed="12.65" pos="18.74" lane="2/4to2/3_0" slope="0.00"/>
        <vehicle id="15" x="450.02" y="401.65" angle="-90.00" type="DEFAULT_VEHTYPE" speed="13.56" pos="145.23" lane="3/2to2/2_0" slope="0.00"/>
        <vehicle id="19" x="201.65" y="257.11" angle="180.00" type="DEFAULT_VEHTYPE" speed="13.45" pos="52.36" lane="1/1to1/2_0" slope="0.00"/>
        <vehicle id="2" x="401.65" y="178.41" angle="180.00" type="DEFAULT_VEHTYPE" speed="13.54" pos="178.41" lane="2/0to2/1_0" slope="0.00"/>
        <vehicle id="20" x="425.97" y="401.65" angle="-90.00" type="DEFAULT_VEHTYPE" speed="12.05" pos="169.28" lane="3/2to2/2_0" slope="0.00"/>
        <vehicle id="23" x="398.35" y="450.73" angle="0.00" type="DEFAULT_VEHTYPE" speed="12.70" pos="144.52" lane="2/3to2/2_0" slope="0.00"/>
        <vehicle id="24" x="263.34" y="401.65" angle="-90.00" type="DEFAULT_VEHTYPE" speed="13.61" pos="131.91" lane="2/2to1/2_0" slope="0.00"/>
        <vehicle id="4" x="201.65" y="426.96" angle="180.00" type="DEFAULT_VEHTYPE" speed="12.32" pos="22.21" lane="1/2to1/3_0" slope="0.00"/>
        <vehicle id="5" x="401.65" y="677.04" angle="180.00" type="DEFAULT_VEHTYPE" speed="13.14" pos="72.29" lane="2/3to2/4_0" slope="0.00"/>
        <vehicle id="6" x="153.82" y="398.35" angle="90.00" type="DEFAULT_VEHTYPE" speed="13.01" pos="153.82" lane="0/2to1/2_0" slope="0.00"/>
        <vehicle id="7" x="653.39" y="201.65" angle="-90.00" type="DEFAULT_VEHTYPE" speed="12.64" pos="146.61" lane="4/1to3/1_0" slope="0.00"/>
        <vehicle id="8" x="598.35" y="517.26" angle="0.00" type="DEFAULT_VEHTYPE" speed="13.09" pos="77.99" lane="3/3to3/2_0" slope="0.00"/>
    </timestep>
    <timestep time="336.00">
        <vehicle id="0" x="401.65" y="717.67" angle="180.00" type="DEFAULT_VEHTYPE" speed="13.35" pos="112.92" lane="2/3to2/4_0" slope="0.00"/>
        <vehicle id="10" x="198.35" y="188.31" angle="0.00" type="DEFAULT_VEHTYPE" speed="9.91" pos="6.94" lane="1/1to1/0_0" slope="0.00"/>
        <vehicle id="11" x="736.53" y="198.35" angle="90.00" type="DEFAULT_VEHTYPE" speed="12.94" pos="131.78" lane="3/1to4/1_0" slope="0.00"/>
        <vehicle id="12" x="398.35" y="768.03" angle="0.00" type="DEFAULT_VEHTYPE" speed="13.23" pos="31.97" lane="2/4to2/3_0" slope="0.00"/>
        <vehicle id="15" x="436.88" y="401.65" angle="-90.00" type="DEFAULT_VEHTYPE" speed="13.14" pos="158.37" lane="3/2to2/2_0" slope="0.00"/>
        <vehicle id="19" x="201.65" y="269.89" angle="180.00" type="DEFAULT_VEHTYPE" speed="12.78" pos="65.14" lane="1/1to1/2_0" slope="0.00"/>
        <vehicle id="2" x="401.65" y="192.17" angle="180.00" type="DEFAULT_VEHTYPE" speed="13.76" pos="192.17" lane="2/0to2/1_0" slope="0.00"/>
        <vehicle id="20" x="417.93" y="401.65" angle="-90.00" type="DEFAULT_VEHTYPE" speed="8.04" pos="177.32" lane="3/2to2/2_0" slope="0.00"/>
        <vehicle id="23" x="398.35" y="437.18" angle="0.00" type="DEFAULT_VEHTYPE" speed="13.55" pos="158.07" lane="2/3to2/2_0" slope="0.00"/>
        <vehicle id="24" x="250.04" y="401.65" angle="-90.00" type="DEFAULT_VEHTYPE" speed="13.30" pos="145.21" lane="2/2to1/2_0" slope="0.00"/>
        <vehicle id="4" x="201.65" y="440.17" angle="180.00" type="DEFAULT_VEHTYPE" speed="13.21" pos="35.42" lane="1/2to1/3_0" slope="0.00"/>
        <vehicle id="5" x="401.65" y="689.67" angle="180.00" type="DEFAULT_VEHTYPE" speed="12.62" pos="84.92" lane="2/3to2/4_0" slope="0.00"/>
        <vehicle id="6" x="167.04" y="398.35" angle="90.00" type="DEFAULT_VEHTYPE" speed="13.22" pos="167.04" lane="0/2to1/2_0" slope="0.00"/>
        <vehicle id="7" x="639.75" y="201.65" angle="-90.00" type="DEFAULT_VEHTYPE" speed="13.65" pos="160.25" lane="4/1to3/1_0" slope="0.00"/>
        <vehicle id="8" x="598.35" y="504.07" angle="0.00" type="DEFAULT_VEHTYPE" speed="13.19" pos="91.18" lane="3/3to3/2_0" slope="0.00"/>
    </timestep>
    <timestep time="337.00">
        <vehicle id="0" x="401.65" y="730.69" angle="180.00" type="DEFAULT_VEHTYPE" speed="13.01" pos="125.94" lane="2/3to2/4_0" slope="0.00"/>
        <vehicle id="10" x="198.35" y="176.98" angle="0.00" type="DEFAULT_VEHTYPE" speed="11.34" pos="18.27" lane="1/1to1/0_0" slope="0.00"/>
        <vehicle id="11" x="750.27" y="198.35" angle="90.00" type="DEFAULT_VEHTYPE" speed="13.74" pos="145.52" lane="3/1to4/1_0" slope="0.00"/>
        <vehicle id="12" x="398.35" y="754.57" angle="0.00" type="DEFAULT_VEHTYPE" speed="13.45" pos="45.43" lane="2/4to2/3_0" slope="0.00"/>
        <vehicle id="15" x="428.17" y="401.65" angle="-90.00" type="DEFAULT_VEHTYPE" speed="8.71" pos="167.08" lane="3/2to2/2_0" slope="0.00"/>
        <vehicle id="19" x="201.65" y="282.63" angle="180.00" type="DEFAULT_VEHTYPE" speed="12.74" pos="77.88" lane="1/1to1/2_0" slope="0.00"/>
        <vehicle id="2" x="410.10" y="198.35" angle="90.00" type="DEFAULT_VEHTYPE" speed="13.43" pos="5.35" lane="2/1to3/1_0" slope="0.00"/>
        <vehicle id="20" x="412.58" y="401.65" angle="-90.00" type="DEFAULT_VEHTYPE" speed="5.35" pos="182.67" lane="3/2to2/2_0" slope="0.00"/>
        <vehicle id="23" x="398.35" y="423.44" angle="0.00" type="DEFAULT_VEHTYPE" speed="13.74" pos="171.81" lane="2/3to2/2_0" slope="0.00"/>
        <vehicle id="24" x="237.00" y="401.65" angle="-90.00" type="DEFAULT_VEHTYPE" speed="13.04" pos="158.25" lane="2/2to1/2_0" slope="0.00"/>
        <vehicle id="4" x="201.65" y="453.55" angle="180.00" type="DEFAULT_VEHTYPE" speed="13.38" pos="48.80" lane="1/2to1/3_0" slope="0.00"/>
        <vehicle id="5" x="401.65" y="702.70" angle="180.00" type="DEFAULT_VEHTYPE" speed="13.03" pos="97.95" lane="2/3to2/4_0" slope="0.00"/>
        <vehicle id="6" x="177.54" y="398.35" angle="90.00" type="DEFAULT_VEHTYPE" speed="10.50" pos="177.54" lane="0/2to1/2_0" slope="0.00"/>
        <vehicle id="7" x="627.56" y="201.65" angle="-90.00" type="DEFAULT_VEHTYPE" speed="12.18" pos="172.44" lane="4/1to3/1_0" slope="0.00"/>
        <vehicle id="8" x="598.35" y="490.88" angle="0.00" type="DEFAULT_VEHTYPE" speed="13.19" pos="104.37" lane="3/3to3/2_0" slope="0.00"/>
    </timestep>
    <timestep time="338.00">
        <vehicle id="0" x="401.65" y="743.36" angle="180.00" type="DEFAULT_VEHTYPE" speed="12.67" pos="138.61" lane="2/3to2/4_0" slope="0.00"/>
        <vehicle id="10" x="198.35" y="163.81" angle="0.00" type="DEFAULT_VEHTYPE" speed="13.17" pos="31.44" lane="1/1to1/0_0" slope="0.00"/>
        <vehicle id="11" x="762.88" y="198.35" angle="90.00" type="DEFAULT_VEHTYPE" speed="12.61" pos="158.13" lane="3/1to4/1_0" slope="0.00"/>
        <vehicle id="12" x="398.35" y="741.62" angle="0.00" type="DEFAULT_VEHTYPE" speed="12.95" pos="58.38" lane="2/4to2/3_0" slope="0.00"/>
        <vehicle id="15" x="422.10" y="401.65" angle="-90.00" type="DEFAULT_VEHTYPE" speed="6.07" pos="173.15" lane="3/2to2/2_0" slope="0.00"/>
        <vehicle id="19" x="201.65" y="295.69" angle="180.00" type="DEFAULT_VEHTYPE" speed="13.06" pos="90.94" lane="1/1to1/2_0" slope="0.00"/>
        <vehicle id="2" x="423.31" y="198.35" angle="90.00" type="DEFAULT_VEHTYPE" speed="13.20" pos="18.56" lane="2/1to3/1_0" slope="0.00"/>
        <vehicle id="20" x="409.61" y="401.65" angle="-90.00" type="DEFAULT_VEHTYPE" speed="2.97" pos="185.64" lane="3/2to2/2_0" slope="0.00"/>
        <vehicle id="23" x="398.35" y="410.43" angle="0.00" type="DEFAULT_VEHTYPE" speed="13.01" pos="184.82" lane="2/3to2/2_0" slope="0.00"/>
        <vehicle id="24" x="224.69" y="401.65" angle="-90.00" type="DEFAULT_VEHTYPE" speed="12.31" pos="170.56" lane="2/2to1/2_0" slope="0.00"/>
        <vehicle id="4" x="201.65" y="467.39" angle="180.00" type="DEFAULT_VEHTYPE" speed="13.84" pos="62.64" lane="1/2to1/3_0" slope="0.00"/>
        <vehicle id="5" x="401.65" y="716.01" angle="180.00" type="DEFAULT_VEHTYPE" speed="13.31" pos="111.26" lane="2/3to2/4_0" slope="0.00"/>
        <vehicle id="6" x="184.35" y="398.35" angle="90.00" type="DEFAULT_VEHTYPE" speed="6.82" pos="184.35" lane="0/2to1/2_0" slope="0.00"/>
        <vehicle id="7" x="618.21" y="201.65" angle="-90.00" type="DEFAULT_VEHTYPE" speed="9.36" pos="181.79" lane="4/1to3/1_0" slope="0.00"/>
        <vehicle id="8" x="598.35" y="477.24" angle="0.00" type="DEFAULT_VEHTYPE" speed="13.64" pos="118.01" lane="3/3to3/2_0" slope="0.00"/>
    </timestep>
    <timestep time="339.00">
        <vehicle id="0" x="401.65" y="756.63" angle="180.00" type="DEFAULT_VEHTYPE" speed="13.27" pos="151.88" lane="2/3to2/4_0" slope="0.00"/>
        <vehicle id="10" x="198.35" y="150.44" angle="0.00" type="DEFAULT_VEHTYPE" speed="13.37" pos="44.81" lane="1/1to1/0_0" slope="0.00"/>
        <vehicle id="11" x="776.50" y="198.35" angle="90.00" type="DEFAULT_VEHTYPE" speed="13.62" pos="171.75" lane="3/1to4/1_0" slope="0.00"/>
        <vehicle id="12" x="398.35" y="728.30" angle="0.00" type="DEFAULT_VEHTYPE" speed="13.32" pos="71.70" lane="2/4to2/3_0" slope="0.00"/>
        <vehicle id="15" x="419.52" y="401.65" angle="-90.00" type="DEFAULT_VEHTYPE" speed="2.59" pos="175.73" lane="3/2to2/2_0" slope="0.00"/>
        <vehicle id="19" x="201.65" y="308.79" angle="180.00" type="DEFAULT_VEHTYPE" speed="13.09" pos="104.04" lane="1/1to1/2_0" slope="0.00"/>
        <vehicle id="2" x="437.02" y="198.35" angle="90.00" type="DEFAULT_VEHTYPE" speed="13.72" pos="32.27" lane="2/1to3/1_0" slope="0.00"/>
        <vehicle id="20" x="408.21" y="401.65" angle="-90.00" type="DEFAULT_VEHTYPE" speed="1.40" pos="187.04" lane="3/2to2/2_0" slope="0.00"/>
        <vehicle id="23" x="398.35" y="397.00" angle="0.00" type="DEFAULT_VEHTYPE" speed="13.42" pos="7.75" lane=":2/2_1_0" slope="0.00"/>
        <vehicle id="24" x="216.35" y="401.65" angle="-90.00" type="DEFAULT_VEHTYPE" speed="8.34" pos="178.90" lane="2/2to1/2_0" slope="0.00"/>
        <vehicle id="4" x="201.65" y="480.62" angle="180.00" type="DEFAULT_VEHTYPE" speed="13.23" pos="75.87" lane="1/2to1/3_0" slope="0.00"/>
        <vehicle id="5" x="401.65" y="729.91" angle="180.00" type="DEFAULT_VEHTYPE" speed="13.90" pos="125.16" lane="2/3to2/4_0" slope="0.00"/>
        <vehicle id="6" x="189.27" y="398.35" angle="90.00" type="DEFAULT_VEHTYPE" speed="4.92" pos="189.27" lane="0/2to1/2_0" slope="0.00"/>
        <vehicle id="7" x="612.22" y="201.65" angle="-90.00" type="DEFAULT_VEHTYPE" speed="5.99" pos="187.78" lane="4/1to3/1_0" slope="0.00"/>
        <vehicle id="8" x="598.35" y="464.41" angle="0.00" type="DEFAULT_VEHTYPE" speed="12.84" pos="130.84" lane="3/3to3/2_0" slope="0.00"/>
    </timestep>
    <timestep time="340.00">
        <vehicle id="0" x="401.65" y="770.37" angle="180.00" type="DEFAULT_VEHTYPE" speed="13.74" pos="165.62" lane="2/3to2/4_0" slope="0.00"/>
        <vehicle id="10" x="198.35" y="137.08" angle="0.00" type="DEFAULT_VEHTYPE" speed="13.37" pos="58.17" lane="1/1to1/0_0" slope="0.00"/>
        <vehicle id="11" x="789.75" y="198.35" angle="90.00" type="DEFAULT_VEHTYPE" speed="13.25" pos="185.00" lane="3/1to4/1_0" slope="0.00"/>
        <vehicle id="12" x="398.35" y="715.03" angle="0.00" type="DEFAULT_VEHTYPE" speed="13.27" pos="84.97" lane="2/4to2/3_0" slope="0.00"/>
        <vehicle id="15" x="417.10" y="401.65" angle="-90.00" type="DEFAULT_VEHTYPE" speed="2.42" pos="178.15" lane="3/2to2/2_0" slope="0.00"/>
        <vehicle id="19" x="201.65" y="322.43" angle="180.00" type="DEFAULT_VEHTYPE" speed="13.64" pos="117.68" lane="1/1to1/2_0" slope="0.00"/>
        <vehicle id="2" x="450.86" y="198.35" angle="90.00" type="DEFAULT_VEHTYPE" speed="13.84" pos="46.11" lane="2/1to3/1_0" slope="0.00"/>
        <vehicle id="20" x="404.46" y="401.65" angle="-90.00" type="DEFAULT_VEHTYPE" speed="3.75" pos="0.29" lane=":2/2_5_0" slope="0.00"/>
        <vehicle id="23" x="398.35" y="383.14" angle="0.00" type="DEFAULT_VEHTYPE" speed="13.86" pos="12.11" lane="2/2to2/1_0" slope="0.00"/>
        <vehicle id="24" x="211.33" y="401.65" angle="-90.00" type="DEFAULT_VEHTYPE" speed="5.01" pos="183.92" lane="2/2to1/2_0" slope="0.00"/>
        <vehicle id="4" x="201.65" y="493.42" angle="180.00" type="DEFAULT_VEHTYPE" speed="12.80" pos="88.67" lane="1/2to1/3_0" slope="0.00"/>
        <vehicle id="5" x="401.65" y="743.24" angle="180.00" type="DEFAULT_VEHTYPE" speed="13.34" pos="138.49" lane="2/3to2/4_0" slope="0.00"/>
        <vehicle id="6" x="191.38" y="398.35" angle="90.00" type="DEFAULT_VEHTYPE" speed="2.11" pos="191.38" lane="0/2to1/2_0" slope="0.00"/>
        <vehicle id="7" x="609.22" y="201.65" angle="-90.00" type="DEFAULT_VEHTYPE" speed="3.00" pos="190.78" lane="4/1to3/1_0" slope="0.00"/>
        <vehicle id="8" x="598.35" y="451.40" angle="0.00" type="DEFAULT_VEHTYPE" speed="13.01" pos="143.85" lane="3/3to3/2_0" slope="0.00"/>
    </timestep>
    <timestep time="341.00">
        <vehicle id="0" x="401.65" y="783.94" angle="180.00" type="DEFAULT_VEHTYPE" speed="13.56" pos="179.19" lane="2/3to2/4_0" slope="0.00"/>
        <vehicle id="10" x="198.35" y="123.36" angle="0.00" type="DEFAULT_VEHTYPE" speed="13.71" pos="71.89" lane="1/1to1/0_0" slope="0.00"/>
        <vehicle id="11" x="801.28" y="200.74" angle="128.14" type="DEFAULT_VEHTYPE" speed="13.49" pos="3.24" lane=":4/1_0_0" slope="0.00"/>
        <vehicle id="12" x="398.35" y="702.18" angle="0.00" type="DEFAULT_VEHTYPE" speed="12.86" pos="97.82" lane="2/4to2/3_0" slope="0.00"/>
        <vehicle id="15" x="414.67" y="401.65" angle="-90.00" type="DEFAULT_VEHTYPE" speed="2.43" pos="180.58" lane="3/2to2/2_0" slope="0.00"/>
        <vehicle id="19" x="201.65" y="335.84" angle="180.00" type="DEFAULT_VEHTYPE" speed="13.41" pos="131.09" lane="1/1to1/2_0" slope="0.00"/>
        <vehicle id="2" x="464.58" y="198.35" angle="90.00" type="DEFAULT_VEHTYPE" speed="13.72" pos="59.83" lane="2/1to3/1_0" slope="0.00"/>
        <vehicle id="20" x="398.68" y="401.65" angle="-90.00" type="DEFAULT_VEHTYPE" speed="5.78" pos="6.07" lane=":2/2_5_0" slope="0.00"/>
        <vehicle id="23" x="398.35" y="370.50" angle="0.00" type="DEFAULT_VEHTYPE" speed="12.64" pos="24.75" lane="2/2to2/1_0" slope="0.00"/>
        <vehicle id="24" x="204.17" y="401.65" angle="-90.00" type="DEFAULT_VEHTYPE" speed="7.17" pos="0.58" lane=":1/2_5_0" slope="0.00"/>
        <vehicle id="4" x="201.65" y="506.93" angle="180.00" type="DEFAULT_VEHTYPE" speed="13.52" pos="102.18" lane="1/2to1/3_0" slope="0.00"/>
        <vehicle id="5" x="401.65" y="756.49" angle="180.00" type="DEFAULT_VEHTYPE" speed="13.25" pos="151.74" lane="2/3to2/4_0" slope="0.00"/>
        <vehicle id="6" x="192.11" y="398.35" angle="90.00" type="DEFAULT_VEHTYPE" speed="0.72" pos="192.11" lane="0/2to1/2_0" slope="0.00"/>
        <vehicle id="7" x="604.57" y="201.68" angle="-90.29" type="DEFAULT_VEHTYPE" speed="4.65" pos="0.19" lane=":3/1_4_0" slope="0.00"/>
        <vehicle id="8" x="598.35" y="437.87" angle="0.00" type="DEFAULT_VEHTYPE" speed="13.53" pos="157.38" lane="3/3to3/2_0" slope="0.00"/>
    </timestep>
    <timestep time="342.00">
        <vehicle id="0" x="401.65" y="796.95" angle="180.00" type="DEFAULT_VEHTYPE" speed="13.01" pos="192.20" lane="2/3to2/4_0" slope="0.00"/>
        <vehicle id="10" x="198.35" y="110.47" angle="0.00" type="DEFAULT_VEHTYPE" speed="12.89" pos="84.78" lane="1/1to1/0_0" slope="0.00"/>
        <vehicle id="11" x="787.97" y="201.65" angle="-90.00" type="DEFAULT_VEHTYPE" speed="13.61" pos="12.03" lane="4/1to3/1_0" slope="0.00"/>
        <vehicle id="12" x="398.35" y="689.47" angle="0.00" type="DEFAULT_VEHTYPE" speed="12.71" pos="110.53" lane="2/4to2/3_0" slope="0.00"/>
        <vehicle id="15" x="409.96" y="401.65" angle="-90.00" type="DEFAULT_VEHTYPE" speed="4.70" pos="185.29" lane="3/2to2/2_0" slope="0.00"/>
        <vehicle id="19" x="201.65" y="349.15" angle="180.00" type="DEFAULT_VEHTYPE" speed="13.32" pos="144.40" lane="1/1to1/2_0" slope="0.00"/>
        <vehicle id="2" x="477.57" y="198.35" angle="90.00" type="DEFAULT_VEHTYPE" speed="12.99" pos="72.82" lane="2/1to3/1_0" slope="0.00"/>
        <vehicle id="20" x="390.42" y="401.65" angle="-90.00" type="DEFAULT_VEHTYPE" speed="8.26" pos="4.83" lane="2/2to1/2_0" slope="0.00"/>
        <vehicle id="23" x="398.35" y="357.73" angle="0.00" type="DEFAULT_VEHTYPE" speed="12.77" pos="37.52" lane="2/2to2/1_0" slope="0.00"/>
        <vehicle id="24" x="195.28" y="401.65" angle="-90.00" type="DEFAULT_VEHTYPE" speed="8.89" pos="9.47" lane=":1/2_5_0" slope="0.00"/>
        <vehicle id="4" x="201.65" y="519.85" angle="180.00" type="DEFAULT_VEHTYPE" speed="12.91" pos="115.10" lane="1/2to1/3_0" slope="0.00"/>
        <vehicle id="5" x="401.65" y="769.59" angle="180.00" type="DEFAULT_VEHTYPE" speed="13.10" pos="164.84" lane="2/3to2/4_0" slope="0.00"/>
        <vehicle id="6" x="192.70" y="398.35" angle="90.00" type="DEFAULT_VEHTYPE" speed="0.59" pos="192.70" lane="0/2to1/2_0" slope="0.00"/>
        <vehicle id="7" x="601.65" y="206.35" angle="-160.55" type="DEFAULT_VEHTYPE" speed="6.41" pos="1.60" lane="3/1to3/2_0" slope="0.00"/>
        <vehicle id="8" x="598.35" y="424.59" angle="0.00" type="DEFAULT_VEHTYPE" speed="13.28" pos="170.66" lane="3/3to3/2_0" slope="0.00"/>
    </timestep>
    <timestep time="343.00">
        <vehicle id="0" x="398.35" y="794.93" angle="0.00" type="DEFAULT_VEHTYPE" speed="12.94" pos="5.07" lane="2/4to2/3_0" slope="0.00"/>
        <vehicle id="10" x="198.35" y="97.53" angle="0.00" type="DEFAULT_VEHTYPE" speed="12.94" pos="97.72" lane="1/1to1/0_0" slope="0.00"/>
        <vehicle id="11" x="774.80" y="201.65" angle="-90.00" type="DEFAULT_VEHTYPE" speed="13.17" pos="25.20" lane="4/1to3/1_0" slope="0.00"/>
        <vehicle id="12" x="398.35" y="676.59" angle="0.00" type="DEFAULT_VEHTYPE" speed="12.88" pos="123.41" lane="2/4to2/3_0" slope="0.00"/>
        <vehicle id="15" x="403.87" y="401.52" angle="-88.56" type="DEFAULT_VEHTYPE" speed="6.10" pos="0.89" lane=":2/2_6_0" slope="0.00"/>
        <vehicle id="19" x="201.65" y="362.25" angle="180.00" type="DEFAULT_VEHTYPE" speed="13.10" pos="157.50" lane="1/1to1/2_0" slope="0.00"/>
        <vehicle id="2" x="490.28" y="198.35" angle="90.00" type="DEFAULT_VEHTYPE" speed="12.70" pos="85.53" lane="2/1to3/1_0" slope="0.00"/>
        <vehicle id="20" x="379.58" y="401.65" angle="-90.00" type="DEFAULT_VEHTYPE" speed="10.84" pos="15.67" lane="2/2to1/2_0" slope="0.00"/>
        <vehicle id="23" x="398.35" y="344.98" angle="0.00" type="DEFAULT_VEHTYPE" speed="12.75" pos="50.27" lane="2/2to2/1_0" slope="0.00"/>
        <vehicle id="24" x="184.05" y="401.65" angle="-90.00" type="DEFAULT_VEHTYPE" speed="11.23" pos="11.20" lane="1/2to0/2_0" slope="0.00"/>
        <vehicle id="4" x="201.65" y="532.51" angle="180.00" type="DEFAULT_VEHTYPE" speed="12.66" pos="127.76" lane="1/2to1/3_0" slope="0.00"/>
        <vehicle id="5" x="401.65" y="782.64" angle="180.00" type="DEFAULT_VEHTYPE" speed="13.06" pos="177.89" lane="2/3to2/4_0" slope="0.00"/>
        <vehicle id="6" x="192.74" y="398.35" angle="90.00" type="DEFAULT_VEHTYPE" speed="0.04" pos="192.74" lane="0/2to1/2_0" slope="0.00"/>
        <vehicle id="7" x="601.65" y="215.16" angle="180.00" type="DEFAULT_VEHTYPE" speed="8.82" pos="10.41" lane="3/1to3/2_0" slope="0.00"/>
        <vehicle id="8" x="598.35" y="411.00" angle="0.00" type="DEFAULT_VEHTYPE" speed="13.59" pos="184.25" lane="3/3to3/2_0" slope="0.00"/>
    </timestep>
    <timestep time="344.00">
        <vehicle id="0" x="398.35" y="782.20" angle="0.00" type="DEFAULT_VEHTYPE" speed="12.72" pos="17.80" lane="2/4to2/3_0" slope="0.00"/>
        <vehicle id="10" x="198.35" y="84.62" angle="0.00" type="DEFAULT_VEHTYPE" speed="12.91" pos="110.63" lane="1/1to1/0_0" slope="0.00"/>
        <vehicle id="11" x="762.05" y="201.65" angle="-90.00" type="DEFAULT_VEHTYPE" speed="12.75" pos="37.95" lane="4/1to3/1_0" slope="0.00"/>
        <vehicle id="12" x="398.35" y="663.03" angle="0.00" type="DEFAULT_VEHTYPE" speed="13.56" pos="136.97" lane="2/4to2/3_0" slope="0.00"/>
        <vehicle id="15" x="398.55" y="396.65" angle="-31.52" type="DEFAULT_VEHTYPE" speed="8.01" pos="8.90" lane=":2/2_6_0" slope="0.00"/>
        <vehicle id="19" x="201.65" y="375.99" angle="180.00" type="DEFAULT_VEHTYPE" speed="13.74" pos="171.24" lane="1/1to1/2_0" slope="0.00"/>
        <vehicle id="2" x="503.87" y="198.35" angle="90.00" type="DEFAULT_VEHTYPE" speed="13.59" pos="99.12" lane="2/1to3/1_0" slope="0.00"/>
        <vehicle id="20" x="367.25" y="401.65" angle="-90.00" type="DEFAULT_VEHTYPE" speed="12.33" pos="28.00" lane="2/2to1/2_0" slope="0.00"/>
        <vehicle id="23" x="398.35" y="331.08" angle="0.00" type="DEFAULT_VEHTYPE" speed="13.90" pos="64.17" lane="2/2to2/1_0" slope="0.00"/>
        <vehicle id="24" x="171.31" y="401.65" angle="-90.00" type="DEFAULT_VEHTYPE" speed="12.74" pos="23.94" lane="1/2to0/2_0" slope="0.00"/>
        <vehicle id="4" x="201.65" y="546.05" angle="180.00" type="DEFAULT_VEHTYPE" speed="13.55" pos="141.30" lane="1/2to1/3_0" slope="0.00"/>
        <vehicle id="5" x="401.65" y="796.27" angle="180.00" type="DEFAULT_VEHTYPE" speed="13.63" pos="191.52" lane="2/3to2/4_0" slope="0.00"/>
        <vehicle id="6" x="192.75" y="398.35" angle="90.00" type="DEFAULT_VEHTYPE" speed="0.01" pos="192.75" lane="0/2to1/2_0" slope="0.00"/>
        <vehicle id="7" x="601.65" y="226.38" angle="180.00" type="DEFAULT_VEHTYPE" speed="11.22" pos="21.63" lane="3/1to3/2_0" slope="0.00"/>
        <vehicle id="8" x="592.81" y="401.65" angle="-80.22" type="DEFAULT_VEHTYPE" speed="13.68" pos="2.44" lane="3/2to2/2_0" slope="0.00"/>
    </timestep>
    <timestep time="345.00">
        <vehicle id="0" x="398.35" y="768.84" angle="0.00" type="DEFAULT_VEHTYPE" speed="13.37" pos="31.16" lane="2/4to2/3_0" slope="0.00"/>
        <vehicle id="10" x="198.35" y="71.53" angle="0.00" type="DEFAULT_VEHTYPE" speed="13.09" pos="123.72" lane="1/1to1/0_0" slope="0.00"/>
        <vehicle id="11" x="748.59" y="201.65" angle="-90.00" type="DEFAULT_VEHTYPE" speed="13.46" pos="51.41" lane="4/1to3/1_0" slope="0.00"/>
        <vehicle id="12" x="398.35" y="649.54" angle="0.00" type="DEFAULT_VEHTYPE" speed="13.49" pos="150.46" lane="2/4to2/3_0" slope="0.00"/>
        <vehicle id="15" x="398.35" y="387.05" angle="0.00" type="DEFAULT_VEHTYPE" speed="9.62" pos="8.20" lane="2/2to2/1_0" slope="0.00"/>
        <vehicle id="19" x="201.65" y="388.74" angle="180.00" type="DEFAULT_VEHTYPE" speed="12.75" pos="183.99" lane="1/1to1/2_0" slope="0.00"/>
        <vehicle id="2" x="517.04" y="198.35" angle="90.00" type="DEFAULT_VEHTYPE" speed="13.18" pos="112.29" lane="2/1to3/1_0" slope="0.00"/>
        <vehicle id="20" x="354.39" y="401.65" angle="-90.00" type="DEFAULT_VEHTYPE" speed="12.86" pos="40.86" lane="2/2to1/2_0" slope="0.00"/>
        <vehicle id="23" x="398.35" y="318.21" angle="0.00" type="DEFAULT_VEHTYPE" speed="12.88" pos="77.04" lane="2/2to2/1_0" slope="0.00"/>
        <vehicle id="24" x="157.82" y="401.65" angle="-90.00" type="DEFAULT_VEHTYPE" speed="13.49" pos="37.43" lane="1/2to0/2_0" slope="0.00"/>
        <vehicle id="4" x="201.65" y="559.52" angle="180.00" type="DEFAULT_VEHTYPE" speed="13.47" pos="154.77" lane="1/2to1/3_0" slope="0.00"/>
        <vehicle id="5" x="398.35" y="795.27" angle="-1.76" type="DEFAULT_VEHTYPE" speed="13.27" pos="4.73" lane="2/4to2/3_0" slope="0.00"/>
        <vehicle id="6" x="192.75" y="398.35" angle="90.00" type="DEFAULT_VEHTYPE" speed="0.00" pos="192.75" lane="0/2to1/2_0" slope="0.00"/>
        <vehicle id="7" x="601.65" y="240.19" angle="180.00" type="DEFAULT_VEHTYPE" speed="13.81" pos="35.44" lane="3/1to3/2_0" slope="0.00"/>
        <vehicle id="8" x="579.93" y="401.65" angle="-90.00" type="DEFAULT_VEHTYPE" speed="12.89" pos="15.32" lane="3/2to2/2_0" slope="0.00"/>
    </timestep>
    <timestep time="346.00">
        <vehicle id="0" x="398.35" y="755.94" angle="0.00" type="DEFAULT_VEHTYPE" speed="12.90" pos="44.06" lane="2/4to2/3_0" slope="0.00"/>
        <vehicle id="10" x="198.35" y="58.45" angle="0.00" type="DEFAULT_VEHTYPE" speed="13.08" pos="136.80" lane="1/1to1/0_0" slope="0.00"/>
        <vehicle id="11" x="735.14" y="201.65" angle="-90.00" type="DEFAULT_VEHTYPE" speed="13.45" pos="64.86" lane="4/1to3/1_0" slope="0.00"/>
        <vehicle id="12" x="398.35" y="636.24" angle="0.00" type="DEFAULT_VEHTYPE" speed="13.30" pos="163.76" lane="2/4to2/3_0" slope="0.00"/>
        <vehicle id="15" x="398.35" y="375.22" angle="0.00" type="DEFAULT_VEHTYPE" speed="11.83" pos="20.03" lane="2/2to2/1_0" slope="0.00"/>
        <vehicle id="19" x="201.65" y="401.99" angle="180.00" type="DEFAULT_VEHTYPE" speed="13.24" pos="6.74" lane=":1/2_9_0" slope="0.00"/>
        <vehicle id="2" x="530.55" y="198.35" angle="90.00" type="DEFAULT_VEHTYPE" speed="13.51" pos="125.80" lane="2/1to3/1_0" slope="0.00"/>
        <vehicle id="20" x="340.98" y="401.65" angle="-90.00" type="DEFAULT_VEHTYPE" speed="13.41" pos="54.27" lane="2/2to1/2_0" slope="0.00"/>
        <vehicle id="23" x="398.35" y="304.51" angle="0.00" type="DEFAULT_VEHTYPE" speed="13.70" pos="90.74" lane="2/2to2/1_0" slope="0.00"/>
        <vehicle id="24" x="144.11" y="401.65" angle="-90.00" type="DEFAULT_VEHTYPE" speed="13.71" pos="51.14" lane="1/2to0/2_0" slope="0.00"/>
        <vehicle id="4" x="201.65" y="573.11" angle="180.00" type="DEFAULT_VEHTYPE" speed="13.59" pos="168.36" lane="1/2to1/3_0" slope="0.00"/>
        <vehicle id="5" x="398.35" y="782.09" angle="0.00" type="DEFAULT_VEHTYPE" speed="13.19" pos="17.91" lane="2/4to2/3_0" slope="0.00"/>
        <vehicle id="6" x="192.75" y="398.35" angle="90.00" type="DEFAULT_VEHTYPE" speed="0.00" pos="192.75" lane="0/2to1/2_0" slope="0.00"/>
        <vehicle id="7" x="601.65" y="253.98" angle="180.00" type="DEFAULT_VEHTYPE" speed="13.78" pos="49.23" lane="3/1to3/2_0" slope="0.00"/>
        <vehicle id="8" x="566.41" y="401.65" angle="-90.00" type="DEFAULT_VEHTYPE" speed="13.52" pos="28.84" lane="3/2to2/2_0" slope="0.00"/>
    </timestep>
    <timestep time="347.00">
        <vehicle id="0" x="398.35" y="742.07" angle="0.00" type="DEFAULT_VEHTYPE" speed="13.87" pos="57.93" lane="2/4to2/3_0" slope="0.00"/>
        <vehicle id="10" x="198.35" y="45.60" angle="0.00" type="DEFAULT_VEHTYPE" speed="12.85" pos="149.65" lane="1/1to1/0_0" slope="0.00"/>
        <vehicle id="11" x="721.40" y="201.65" angle="-90.00" type="DEFAULT_VEHTYPE" speed="13.74" pos="78.60" lane="4/1to3/1_0" slope="0.00"/>
        <vehicle id="12" x="398.35" y="623.49" angle="0.00" type="DEFAULT_VEHTYPE" speed="12.75" pos="176.51" lane="2/4to2/3_0" slope="0.00"/>
        <vehicle id="15" x="398.35" y="361.59" angle="0.00" type="DEFAULT_VEHTYPE" speed="13.63" pos="33.66" lane="2/2to2/1_0" slope="0.00"/>
        <vehicle id="19" x="201.65" y="414.70" angle="180.00" type="DEFAULT_VEHTYPE" speed="12.72" pos="9.95" lane="1/2to1/3_0" slope="0.00"/>
        <vehicle id="2" x="544.15" y="198.35" angle="90.00" type="DEFAULT_VEHTYPE" speed="13.60" pos="139.40" lane="2/1to3/1_0" slope="0.00"/>
        <vehicle id="20" x="327.99" y="401.65" angle="-90.00" type="DEFAULT_VEHTYPE" speed="12.99" pos="67.26" lane="2/2to1/2_0" slope="0.00"/>
        <vehicle id="23" x="398.35" y="291.38" angle="0.00" type="DEFAULT_VEHTYPE" speed="13.13" pos="103.87" lane="2/2to2/1_0" slope="0.00"/>
        <vehicle id="24" x="130.23" y="401.65" angle="-90.00" type="DEFAULT_VEHTYPE" speed="13.88" pos="65.02" lane="1/2to0/2_0" slope="0.00"/>
        <vehicle id="4" x="201.65" y="586.71" angle="180.00" type="DEFAULT_VEHTYPE" speed="13.61" pos="181.96" lane="1/2to1/3_0" slope="0.00"/>
        <vehicle id="5" x="398.35" y="769.12" angle="0.00" type="DEFAULT_VEHTYPE" speed="12.97" pos="30.88" lane="2/4to2/3_0" slope="0.00"/>
        <vehicle id="6" x="192.75" y="398.35" angle="90.00" type="DEFAULT_VEHTYPE" speed="0.00" pos="192.75" lane="0/2to1/2_0" slope="0.00"/>
        <vehicle id="7" x="601.65" y="267.80" angle="180.00" type="DEFAULT_VEHTYPE" speed="13.82" pos="63.05" lane="3/1to3/2_0" slope="0.00"/>
        <vehicle id="8" x="553.56" y="401.65" angle="-90.00" type="DEFAULT_VEHTYPE" speed="12.85" pos="41.69" lane="3/2to2/2_0" slope="0.00"/>
    </timestep>
    <timestep time="348.00">
        <vehicle id="0" x="398.35" y="728.46" angle="0.00" type="DEFAULT_VEHTYPE" speed="13.61" pos="71.54" lane="2/4to2/3_0" slope="0.00"/>
        <vehicle id="10" x="198.35" y="32.09" angle="0.00" type="DEFAULT_VEHTYPE" speed="13.51" pos="163.16" lane="1/1to1/0_0" slope="0.00"/>
        <vehicle id="11" x="708.57" y="201.65" angle="-90.00" type="DEFAULT_VEHTYPE" speed="12.83" pos="91.43" lane="4/1to3/1_0" slope="0.00"/>
        <vehicle id="12" x="398.35" y="610.78" angle="0.00" type="DEFAULT_VEHTYPE" speed="12.72" pos="189.22" lane="2/4to2/3_0" slope="0.00"/>
        <vehicle id="15" x="398.35" y="348.41" angle="0.00" type="DEFAULT_VEHTYPE" speed="13.18" pos="46.84" lane="2/2to2/1_0" slope="0.00"/>
        <vehicle id="19" x="201.65" y="428.04" angle="180.00" type="DEFAULT_VEHTYPE" speed="13.34" pos="23.29" lane="1/2to1/3_0" slope="0.00"/>
        <vehicle id="2" x="557.21" y="198.35" angle="90.00" type="DEFAULT_VEHTYPE" speed="13.05" pos="152.46" lane="2/1to3/1_0" slope="0.00"/>
        <vehicle id="20" x="315.02" y="401.65" angle="-90.00" type="DEFAULT_VEHTYPE" speed="12.96" pos="80.23" lane="2/2to1/2_0" slope="0.00"/>
        <vehicle id="23" x="398.35" y="278.14" angle="0.00" type="DEFAULT_VEHTYPE" speed="13.24" pos="117.11" lane="2/2to2/1_0" slope="0.00"/>
        <vehicle id="24" x="117.21" y="401.65" angle="-90.00" type="DEFAULT_VEHTYPE" speed="13.02" pos="78.04" lane="1/2to0/2_0" slope="0.00"/>
        <vehicle id="4" x="204.53" y="598.32" angle="138.87" type="DEFAULT_VEHTYPE" speed="13.31" pos="4.78" lane=":1/3_8_0" slope="0.00"/>
        <vehicle id="5" x="398.35" y="756.42" angle="0.00" type="DEFAULT_VEHTYPE" speed="12.70" pos="43.58" lane="2/4to2/3_0" slope="0.00"/>
        <vehicle id="6" x="195.23" y="398.35" angle="90.00" type="DEFAULT_VEHTYPE" speed="2.49" pos="195.23" lane="0/2to1/2_0" slope="0.00"/>
        <vehicle id="7" x="601.65" y="281.56" angle="180.00" type="DEFAULT_VEHTYPE" speed="13.76" pos="76.81" lane="3/1to3/2_0" slope="0.00"/>
        <vehicle id="8" x="540.03" y="401.65" angle="-90.00" type="DEFAULT_VEHTYPE" speed="13.53" pos="55.22" lane="3/2to2/2_0" slope="0.00"/>
    </timestep>
    <timestep time="349.00">
        <vehicle id="0" x="398.35" y="715.82" angle="0.00" type="DEFAULT_VEHTYPE" speed="12.65" pos="84.18" lane="2/4to2/3_0" slope="0.00"/>
        <vehicle id="10" x="198.35" y="19.12" angle="0.00" type="DEFAULT_VEHTYPE" speed="12.97" pos="176.13" lane="1/1to1/0_0" slope="0.00"/>
        <vehicle id="11" x="695.13" y="201.65" angle="-90.00" type="DEFAULT_VEHTYPE" speed="13.44" pos="104.87" lane="4/1to3/1_0" slope="0.00"/>
        <vehicle id="12" x="398.35" y="597.13" angle="0.00" type="DEFAULT_VEHTYPE" speed="13.65" pos="7.62" lane=":2/3_1_0" slope="0.00"/>
        <vehicle id="15" x="398.35" y="334.58" angle="0.00" type="DEFAULT_VEHTYPE" speed="13.83" pos="60.67" lane="2/2to2/1_0" slope="0.00"/>
        <vehicle id="19" x="201.65" y="441.21" angle="180.00" type="DEFAULT_VEHTYPE" speed="13.17" pos="36.46" lane="1/2to1/3_0" slope="0.00"/>
        <vehicle id="2" x="570.56" y="198.35" angle="90.00" type="DEFAULT_VEHTYPE" speed="13.36" pos="165.81" lane="2/1to3/1_0" slope="0.00"/>
        <vehicle id="20" x="302.42" y="401.65" angle="-90.00" type="DEFAULT_VEHTYPE" speed="12.61" pos="92.83" lane="2/2to1/2_0" slope="0.00"/>
        <vehicle id="23" x="398.35" y="264.56" angle="0.00" type="DEFAULT_VEHTYPE" speed="13.58" pos="130.69" lane="2/2to2/1_0" slope="0.00"/>
        <vehicle id="24" x="104.48" y="401.65" angle="-90.00" type="DEFAULT_VEHTYPE" speed="12.73" pos="90.77" lane="1/2to0/2_0" slope="0.00"/>
        <vehicle id="4" x="217.62" y="598.35" angle="90.00" type="DEFAULT_VEHTYPE" speed="13.10" pos="12.87" lane="1/3to2/3_0" slope="0.00"/>
        <vehicle id="5" x="398.35" y="742.92" angle="0.00" type="DEFAULT_VEHTYPE" speed="13.50" pos="57.08" lane="2/4to2/3_0" slope="0.00"/>
        <vehicle id="6" x="199.56" y="399.66" angle="105.47" type="DEFAULT_VEHTYPE" speed="4.61" pos="4.59" lane=":1/2_14_0" slope="0.00"/>
        <vehicle id="7" x="601.65" y="295.02" angle="180.00" type="DEFAULT_VEHTYPE" speed="13.46" pos="90.27" lane="3/1to3/2_0" slope="0.00"/>
        <vehicle id="8" x="526.54" y="401.65" angle="-90.00" type="DEFAULT_VEHTYPE" speed="13.49" pos="68.71" lane="3/2to2/2_0" slope="0.00"/>
    </timestep>
    <timestep time="350.00">
        <vehicle id="0" x="398.35" y="702.28" angle="0.00" type="DEFAULT_VEHTYPE" speed="13.54" pos="97.72" lane="2/4to2/3_0" slope="0.00"/>
        <vehicle id="10" x="198.35" y="6.48" angle="0.00" type="DEFAULT_VEHTYPE" speed="12.64" pos="188.77" lane="1/1to1/0_0" slope="0.00"/>
        <vehicle id="11" x="682.34" y="201.65" angle="-90.00" type="DEFAULT_VEHTYPE" speed="12.79" pos="117.66" lane="4/1to3/1_0" slope="0.00"/>
        <vehicle id="12" x="398.35" y="583.43" angle="0.00" type="DEFAULT_VEHTYPE" speed="13.70" pos="11.82" lane="2/3to2/2_0" slope="0.00"/>
        <vehicle id="15" x="398.35" y="320.83" angle="0.00" type="DEFAULT_VEHTYPE" speed="13.75" pos="74.42" lane="2/2to2/1_0" slope="0.00"/>
        <vehicle id="19" x="201.65" y="453.83" angle="180.00" type="DEFAULT_VEHTYPE" speed="12.62" pos="49.08" lane="1/2to1/3_0" slope="0.00"/>
        <vehicle id="2" x="580.49" y="198.35" angle="90.00" type="DEFAULT_VEHTYPE" speed="9.93" pos="175.74" lane="2/1to3/1_0" slope="0.00"/>
        <vehicle id="20" x="289.44" y="401.65" angle="-90.00" type="DEFAULT_VEHTYPE" speed="12.98" pos="105.81" lane="2/2to1/2_0" slope="0.00"/>
        <vehicle id="23" x="398.35" y="251.93" angle="0.00" type="DEFAULT_VEHTYPE" speed="12.63" pos="143.32" lane="2/2to2/1_0" slope="0.00"/>
        <vehicle id="24" x="91.44" y="401.65" angle="-90.00" type="DEFAULT_VEHTYPE" speed="13.04" pos="103.81" lane="1/2to0/2_0" slope="0.00"/>
        <vehicle id="4" x="230.44" y="598.35" angle="90.00" type="DEFAULT_VEHTYPE" speed="12.82" pos="25.69" lane="1/3to2/3_0" slope="0.00"/>
        <vehicle id="5" x="398.35" y="729.49" angle="0.00" type="DEFAULT_VEHTYPE" speed="13.43" pos="70.51" lane="2/4to2/3_0" slope="0.00"/>
        <vehicle id="6" x="201.65" y="405.29" angle="165.35" type="DEFAULT_VEHTYPE" speed="6.27" pos="0.54" lane="1/2to1/3_0" slope="0.00"/>
        <vehicle id="7" x="601.65" y="308.14" angle="180.00" type="DEFAULT_VEHTYPE" speed="13.12" pos="103.39" lane="3/1to3/2_0" slope="0.00"/>
        <vehicle id="8" x="513.83" y="401.65" angle="-90.00" type="DEFAULT_VEHTYPE" speed="12.70" pos="81.42" lane="3/2to2/2_0" slope="0.00"/>
    </timestep>
    <timestep time="351.00">
        <vehicle id="0" x="398.35" y="689.62" angle="0.00" type="DEFAULT_VEHTYPE" speed="12.66" pos="110.38" lane="2/4to2/3_0" slope="0.00"/>
        <vehicle id="10" x="201.65" y="1.57" angle="137.21" type="DEFAULT_VEHTYPE" speed="12.87" pos="1.57" lane="1/0to1/1_0" slope="0.00"/>
        <vehicle id="11" x="669.10" y="201.65" angle="-90.00" type="DEFAULT_VEHTYPE" speed="13.24" pos="130.90" lane="4/1to3/1_0" slope="0.00"/>
        <vehicle id="12" x="398.35" y="569.54" angle="0.00" type="DEFAULT_VEHTYPE" speed="13.89" pos="25.71" lane="2/3to2/2_0" slope="0.00"/>
        <vehicle id="15" x="398.35" y="307.65" angle="0.00" type="DEFAULT_VEHTYPE" speed="13.18" pos="87.60" lane="2/2to2/1_0" slope="0.00"/>
        <vehicle id="19" x="201.65" y="467.28" angle="180.00" type="DEFAULT_VEHTYPE" speed="13.45" pos="62.53" lane="1/2to1/3_0" slope="0.00"/>
        <vehicle id="2" x="586.46" y="198.35" angle="90.00" type="DEFAULT_VEHTYPE" speed="5.97" pos="181.71" lane="2/1to3/1_0" slope="0.00"/>
        <vehicle id="20" x="275.62" y="401.65" angle="-90.00" type="DEFAULT_VEHTYPE" speed="13.82" pos="119.63" lane="2/2to1/2_0" slope="0.00"/>
        <vehicle id="23" x="398.35" y="238.34" angle="0.00" type="DEFAULT_VEHTYPE" speed="13.59" pos="156.91" lane="2/2to2/1_0" slope="0.00"/>
        <vehicle id="24" x="77.91" y="401.65" angle="-90.00" type="DEFAULT_VEHTYPE" speed="13.53" pos="117.34" lane="1/2to0/2_0" slope="0.00"/>
        <vehicle id="4" x="244.04" y="598.35" angle="90.00" type="DEFAULT_VEHTYPE" speed="13.60" pos="39.29" lane="1/3to2/3_0" slope="0.00"/>
        <vehicle id="5" x="398.35" y="716.61" angle="0.00" type="DEFAULT_VEHTYPE" speed="12.88" pos="83.39" lane="2/4to2/3_0" slope="0.00"/>
        <vehicle id="6" x="201.65" y="413.88" angle="180.00" type="DEFAULT_VEHTYPE" speed="8.59" pos="9.13" lane="1/2to1/3_0" slope="0.00"/>
        <vehicle id="7" x="601.65" y="320.99" angle="180.00" type="DEFAULT_VEHTYPE" speed="12.85" pos="116.24" lane="3/1to3/2_0" slope="0.00"/>
        <vehicle id="8" x="500.94" y="401.65" angle="-90.00" type="DEFAULT_VEHTYPE" speed="12.89" pos="94.31" lane="3/2to2/2_0" slope="0.00"/>
    </timestep>
    <timestep time="352.00">
        <vehicle id="0" x="398.35" y="676.53" angle="0.00" type="DEFAULT_VEHTYPE" speed="13.09" pos="123.47" lane="2/4to2/3_0" slope="0.00"/>
        <vehicle id="10" x="201.65" y="14.61" angle="180.00" type="DEFAULT_VEHTYPE" speed="13.04" pos="14.61" lane="1/0to1/1_0" slope="0.00"/>
        <vehicle id="11" x="655.43" y="201.65" angle="-90.00" type="DEFAULT_VEHTYPE" speed="13.67" pos="144.57" lane="4/1to3/1_0" slope="0.00"/>
        <vehicle id="12" x="398.35" y="555.94" angle="0.00" type="DEFAULT_VEHTYPE" speed="13.60" pos="39.31" lane="2/3to2/2_0" slope="0.00"/>
        <vehicle id="15" x="398.35" y="294.51" angle="0.00" type="DEFAULT_VEHTYPE" speed="13.15" pos="100.74" lane="2/2to2/1_0" slope="0.00"/>
        <vehicle id="19" x="201.65" y="480.54" angle="180.00" type="DEFAULT_VEHTYPE" speed="13.26" pos="75.79" lane="1/2to1/3_0" slope="0.00"/>
        <vehicle id="2" x="589.81" y="198.35" angle="90.00" type="DEFAULT_VEHTYPE" speed="3.34" pos="185.06" lane="2/1to3/1_0" slope="0.00"/>
        <vehicle id="20" x="261.90" y="401.65" angle="-90.00" type="DEFAULT_VEHTYPE" speed="13.72" pos="133.35" lane="2/2to1/2_0" slope="0.00"/>
        <vehicle id="23" x="398.35" y="224.87" angle="0.00" type="DEFAULT_VEHTYPE" speed="13.48" pos="170.38" lane="2/2to2/1_0" slope="0.00"/>
        <vehicle id="24" x="64.52" y="401.65" angle="-90.00" type="DEFAULT_VEHTYPE" speed="13.39" pos="130.73" lane="1/2to0/2_0" slope="0.00"/>
        <vehicle id="4" x="257.03" y="598.35" angle="90.00" type="DEFAULT_VEHTYPE" speed="12.99" pos="52.28" lane="1/3to2/3_0" slope="0.00"/>
        <vehicle id="5" x="398.35" y="703.42" angle="0.00" type="DEFAULT_VEHTYPE" speed="13.20" pos="96.58" lane="2/4to2/3_0" slope="0.00"/>
        <vehicle id="6" x="201.65" y="424.77" angle="180.00" type="DEFAULT_VEHTYPE" speed="10.89" pos="20.02" lane="1/2to1/3_0" slope="0.00"/>
        <vehicle id="7" x="601.65" y="334.05" angle="180.00" type="DEFAULT_VEHTYPE" speed="13.06" pos="129.30" lane="3/1to3/2_0" slope="0.00"/>
        <vehicle id="8" x="487.70" y="401.65" angle="-90.00" type="DEFAULT_VEHTYPE" speed="13.24" pos="107.55" lane="3/2to2/2_0" slope="0.00"/>
    </timestep>
    <timestep time="353.00">
        <vehicle id="0" x="398.35" y="663.12" angle="0.00" type="DEFAULT_VEHTYPE" speed="13.41" pos="136.88" lane="2/4to2/3_0" slope="0.00"/>
        <vehicle id="10" x="201.65" y="28.30" angle="180.00" type="DEFAULT_VEHTYPE" speed="13.69" pos="28.30" lane="1/0to1/1_0" slope="0.00"/>
        <vehicle id="11" x="642.44" y="201.65" angle="-90.00" type="DEFAULT_VEHTYPE" speed="12.99" pos="157.56" lane="4/1to3/1_0" slope="0.00"/>
        <vehicle id="12" x="398.35" y="542.91" angle="0.00" type="DEFAULT_VEHTYPE" speed="13.04" pos="52.34" lane="2/3to2/2_0" slope="0.00"/>
        <vehicle id="15" x="398.35" y="281.76" angle="0.00" type="DEFAULT_VEHTYPE" speed="12.75" pos="113.49" lane="2/2to2/1_0" slope="0.00"/>
        <vehicle id="19" x="201.65" y="493.50" angle="180.00" type="DEFAULT_VEHTYPE" speed="12.96" pos="88.75" lane="1/2to1/3_0" slope="0.00"/>
        <vehicle id="2" x="595.58" y="198.40" angle="90.54" type="DEFAULT_VEHTYPE" speed="5.78" pos="0.33" lane=":3/1_14_0" slope="0.00"/>
        <vehicle id="20" x="248.87" y="401.65" angle="-90.00" type="DEFAULT_VEHTYPE" speed="13.03" pos="146.38" lane="2/2to1/2_0" slope="0.00"/>
        <vehicle id="23" x="398.35" y="211.28" angle="0.00" type="DEFAULT_VEHTYPE" speed="13.59" pos="183.97" lane="2/2to2/1_0" slope="0.00"/>
        <vehicle id="24" x="50.99" y="401.65" angle="-90.00" type="DEFAULT_VEHTYPE" speed="13.53" pos="144.26" lane="1/2to0/2_0" slope="0.00"/>
        <vehicle id="4" x="270.60" y="598.35" angle="90.00" type="DEFAULT_VEHTYPE" speed="13.57" pos="65.85" lane="1/3to2/3_0" slope="0.00"/>
        <vehicle id="5" x="398.35" y="690.60" angle="0.00" type="DEFAULT_VEHTYPE" speed="12.81" pos="109.40" lane="2/4to2/3_0" slope="0.00"/>
        <vehicle id="6" x="201.65" y="437.33" angle="180.00" type="DEFAULT_VEHTYPE" speed="12.55" pos="32.58" lane="1/2to1/3_0" slope="0.00"/>
        <vehicle id="7" x="601.65" y="347.73" angle="180.00" type="DEFAULT_VEHTYPE" speed="13.68" pos="142.98" lane="3/1to3/2_0" slope="0.00"/>
        <vehicle id="8" x="474.21" y="401.65" angle="-90.00" type="DEFAULT_VEHTYPE" speed="13.50" pos="121.04" lane="3/2to2/2_0" slope="0.00"/>
    </timestep>
    <timestep time="354.00">
        <vehicle id="0" x="398.35" y="649.77" angle="0.00" type="DEFAULT_VEHTYPE" speed="13.35" pos="150.23" lane="2/4to2/3_0" slope="0.00"/>
        <vehicle id="10" x="201.65" y="41.66" angle="180.00" type="DEFAULT_VEHTYPE" speed="13.36" pos="41.66" lane="1/0to1/1_0" slope="0.00"/>
        <vehicle id="11" x="628.86" y="201.65" angle="-90.00" type="DEFAULT_VEHTYPE" speed="13.58" pos="171.14" lane="4/1to3/1_0" slope="0.00"/>
        <vehicle id="12" x="398.35" y="529.11" angle="0.00" type="DEFAULT_VEHTYPE" speed="13.80" pos="66.14" lane="2/3to2/2_0" slope="0.00"/>
        <vehicle id="15" x="398.35" y="268.68" angle="0.00" type="DEFAULT_VEHTYPE" speed="13.08" pos="126.57" lane="2/2to2/1_0" slope="0.00"/>
        <vehicle id="19" x="201.65" y="506.86" angle="180.00" type="DEFAULT_VEHTYPE" speed="13.36" pos="102.11" lane="1/2to1/3_0" slope="0.00"/>
        <vehicle id="2" x="601.34" y="202.60" angle="140.71" type="DEFAULT_VEHTYPE" speed="7.82" pos="8.15" lane=":3/1_14_0" slope="0.00"/>
        <vehicle id="20" x="235.82" y="401.65" angle="-90.00" type="DEFAULT_VEHTYPE" speed="13.05" pos="159.43" lane="2/2to1/2_0" slope="0.00"/>
        <vehicle id="23" x="393.91" y="201.65" angle="-67.37" type="DEFAULT_VEHTYPE" speed="12.87" pos="1.34" lane="2/1to1/1_0" slope="0.00"/>
        <vehicle id="24" x="37.93" y="401.65" angle="-90.00" type="DEFAULT_VEHTYPE" speed="13.06" pos="157.32" lane="1/2to0/2_0" slope="0.00"/>
        <vehicle id="4" x="284.10" y="598.35" angle="90.00" type="DEFAULT_VEHTYPE" speed="13.50" pos="79.35" lane="1/3to2/3_0" slope="0.00"/>
        <vehicle id="5" x="398.35" y="676.93" angle="0.00" type="DEFAULT_VEHTYPE" speed="13.67" pos="123.07" lane="2/4to2/3_0" slope="0.00"/>
        <vehicle id="6" x="201.65" y="450.01" angle="180.00" type="DEFAULT_VEHTYPE" speed="12.68" pos="45.26" lane="1/2to1/3_0" slope="0.00"/>
        <vehicle id="7" x="601.65" y="360.42" angle="180.00" type="DEFAULT_VEHTYPE" speed="12.69" pos="155.67" lane="3/1to3/2_0" slope="0.00"/>
        <vehicle id="8" x="460.36" y="401.65" angle="-90.00" type="DEFAULT_VEHTYPE" speed="13.85" pos="134.89" lane="3/2to2/2_0" slope="0.00"/>
    </timestep>
    <timestep time="355.00">
        <vehicle id="0" x="398.35" y="636.28" angle="0.00" type="DEFAULT_VEHTYPE" speed="13.49" pos="163.72" lane="2/4to2/3_0" slope="0.00"/>
        <vehicle id="10" x="201.65" y="54.35" angle="180.00" type="DEFAULT_VEHTYPE" speed="12.69" pos="54.35" lane="1/0to1/1_0" slope="0.00"/>
        <vehicle id="11" x="618.93" y="201.65" angle="-90.00" type="DEFAULT_VEHTYPE" speed="9.93" pos="181.07" lane="4/1to3/1_0" slope="0.00"/>
        <vehicle id="12" x="398.35" y="516.01" angle="0.00" type="DEFAULT_VEHTYPE" speed="13.09" pos="79.24" lane="2/3to2/2_0" slope="0.00"/>
        <vehicle id="15" x="398.35" y="255.64" angle="0.00" type="DEFAULT_VEHTYPE" speed="13.04" pos="139.61" lane="2/2to2/1_0" slope="0.00"/>
        <vehicle id="19" x="201.65" y="520.73" angle="180.00" type="DEFAULT_VEHTYPE" speed="13.88" pos="115.98" lane="1/2to1/3_0" slope="0.00"/>
        <vehicle id="2" x="601.65" y="211.83" angle="180.00" type="DEFAULT_VEHTYPE" speed="9.24" pos="7.08" lane="3/1to3/2_0" slope="0.00"/>
        <vehicle id="20" x="224.69" y="401.65" angle="-90.00" type="DEFAULT_VEHTYPE" speed="11.13" pos="170.56" lane="2/2to1/2_0" slope="0.00"/>
        <vehicle id="23" x="380.21" y="201.65" angle="-90.00" type="DEFAULT_VEHTYPE" speed="13.70" pos="15.04" lane="2/1to1/1_0" slope="0.00"/>
        <vehicle id="24" x="24.43" y="401.65" angle="-90.00" type="DEFAULT_VEHTYPE" speed="13.50" pos="170.82" lane="1/2to0/2_0" slope="0.00"/>
        <vehicle id="4" x="296.70" y="598.35" angle="90.00" type="DEFAULT_VEHTYPE" speed="12.61" pos="91.95" lane="1/3to2/3_0" slope="0.00"/>
        <vehicle id="5" x="398.35" y="663.34" angle="0.00" type="DEFAULT_VEHTYPE" speed="13.59" pos="136.66" lane="2/4to2/3_0" slope="0.00"/>
        <vehicle id="6" x="201.65" y="463.05" angle="180.00" type="DEFAULT_VEHTYPE" speed="13.04" pos="58.30" lane="1/2to1/3_0" slope="0.00"/>
        <vehicle id="7" x="601.65" y="373.10" angle="180.00" type="DEFAULT_VEHTYPE" speed="12.68" pos="168.35" lane="3/1to3/2_0" slope="0.00"/>
        <vehicle id="8" x="447.47" y="401.65" angle="-90.00" type="DEFAULT_VEHTYPE" speed="12.89" pos="147.78" lane="3/2to2/2_0" slope="0.00"/>
    </timestep>
    <timestep time="356.00">
        <vehicle id="0" x="398.35" y="622.61" angle="0.00" type="DEFAULT_VEHTYPE" speed="13.67" pos="177.39" lane="2/4to2/3_0" slope="0.00"/>
        <vehicle id="10" x="201.65" y="67.90" angle="180.00" type="DEFAULT_VEHTYPE" speed="13.56" pos="67.90" lane="1/0to1/1_0" slope="0.00"/>
        <vehicle id="11" x="612.26" y="201.65" angle="-90.00" type="DEFAULT_VEHTYPE" speed="6.66" pos="187.74" lane="4/1to3/1_0" slope="0.00"/>
        <vehicle id="12" x="398.35" y="502.58" angle="0.00" type="DEFAULT_VEHTYPE" speed="13.43" pos="92.67" lane="2/3to2/2_0" slope="0.00"/>
        <vehicle id="15" x="398.35" y="242.63" angle="0.00" type="DEFAULT_VEHTYPE" speed="13.01" pos="152.62" lane="2/2to2/1_0" slope="0.00"/>
        <vehicle id="19" x="201.65" y="534.42" angle="180.00" type="DEFAULT_VEHTYPE" speed="13.69" pos="129.67" lane="1/2to1/3_0" slope="0.00"/>
        <vehicle id="2" x="601.65" y="223.54" angle="180.00" type="DEFAULT_VEHTYPE" speed="11.71" pos="18.79" lane="3/1to3/2_0" slope="0.00"/>
        <vehicle id="20" x="216.37" y="401.65" angle="-90.00" type="DEFAULT_VEHTYPE" speed="8.32" pos="178.88" lane="2/2to1/2_0" slope="0.00"/>
        <vehicle id="23" x="366.71" y="201.65" angle="-90.00" type="DEFAULT_VEHTYPE" speed="13.49" pos="28.54" lane="2/1to1/1_0" slope="0.00"/>
        <vehicle id="24" x="11.74" y="401.65" angle="-90.00" type="DEFAULT_VEHTYPE" speed="12.69" pos="183.51" lane="1/2to0/2_0" slope="0.00"/>
        <vehicle id="4" x="310.26" y="598.35" angle="90.00" type="DEFAULT_VEHTYPE" speed="13.56" pos="105.51" lane="1/3to2/3_0" slope="0.00"/>
        <vehicle id="5" x="398.35" y="649.58" angle="0.00" type="DEFAULT_VEHTYPE" speed="13.76" pos="150.42" lane="2/4to2/3_0" slope="0.00"/>
        <vehicle id="6" x="201.65" y="476.46" angle="180.00" type="DEFAULT_VEHTYPE" speed="13.41" pos="71.71" lane="1/2to1/3_0" slope="0.00"/>
        <vehicle id="7" x="601.65" y="381.98" angle="180.00" type="DEFAULT_VEHTYPE" speed="8.88" pos="177.23" lane="3/1to3/2_0" slope="0.00"/>
        <vehicle id="8" x="433.86" y="401.65" angle="-90.00" type="DEFAULT_VEHTYPE" speed="13.61" pos="161.39" lane="3/2to2/2_0" slope="0.00"/>
    </timestep>
    <timestep time="357.00">
        <vehicle id="0" x="398.35" y="609.81" angle="0.00" type="DEFAULT_VEHTYPE" speed="12.80" pos="190.19" lane="2/4to2/3_0" slope="0.00"/>
        <vehicle id="10" x="201.65" y="81.50" angle="180.00" type="DEFAULT_VEHTYPE" speed="13.60" pos="81.50" lane="1/0to1/1_0" slope="0.00"/>
        <vehicle id="11" x="609.01" y="201.65" angle="-90.00" type="DEFAULT_VEHTYPE" speed="3.26" pos="190.99" lane="4/1to3/1_0" slope="0.00"/>
        <vehicle id="12" x="398.35" y="488.91" angle="0.00" type="DEFAULT_VEHTYPE" speed="13.68" pos="106.34" lane="2/3to2/2_0" slope="0.00"/>
        <vehicle id="15" x="398.35" y="229.37" angle="0.00" type="DEFAULT_VEHTYPE" speed="13.26" pos="165.88" lane="2/2to2/1_0" slope="0.00"/>
        <vehicle id="19" x="201.65" y="548.10" angle="180.00" type="DEFAULT_VEHTYPE" speed="13.68" pos="143.35" lane="1/2to1/3_0" slope="0.00"/>
        <vehicle id="2" x="601.65" y="236.65" angle="180.00" type="DEFAULT_VEHTYPE" speed="13.11" pos="31.90" lane="3/1to3/2_0" slope="0.00"/>
        <vehicle id="20" x="210.82" y="401.65" angle="-90.00" type="DEFAULT_VEHTYPE" speed="5.55" pos="184.43" lane="2/2to1/2_0" slope="0.00"/>
        <vehicle id="23" x="353.33" y="201.65" angle="-90.00" type="DEFAULT_VEHTYPE" speed="13.38" pos="41.92" lane="2/1to1/1_0" slope="0.00"/>
        <vehicle id="24" x="-0.84" y="401.09" angle="-83.42" type="DEFAULT_VEHTYPE" speed="12.75" pos="1.01" lane=":0/2_0_0" slope="0.00"/>
        <vehicle id="4" x="323.99" y="598.35" angle="90.00" type="DEFAULT_VEHTYPE" speed="13.73" pos="119.24" lane="1/3to2/3_0" slope="0.00"/>
        <vehicle id="5" x="398.35" y="635.91" angle="0.00" type="DEFAULT_VEHTYPE" speed="13.68" pos="164.09" lane="2/4to2/3_0" slope="0.00"/>
        <vehicle id="6" x="201.65" y="489.28" angle="180.00" type="DEFAULT_VEHTYPE" speed="12.82" pos="84.53" lane="1/2to1/3_0" slope="0.00"/>
        <vehicle id="7" x="601.65" y="387.85" angle="180.00" type="DEFAULT_VEHTYPE" speed="5.88" pos="183.10" lane="3/1to3/2_0" slope="0.00"/>
        <vehicle id="8" x="422.92" y="401.65" angle="-90.00" type="DEFAULT_VEHTYPE" speed="10.94" pos="172.33" lane="3/2to2/2_0" slope="0.00"/>
    </timestep>
    <timestep time="358.00">
        <vehicle id="0" x="398.35" y="595.94" angle="0.00" type="DEFAULT_VEHTYPE" speed="13.87" pos="8.81" lane=":2/3_1_0" slope="0.00"/>
        <vehicle id="10" x="201.65" y="94.84" angle="180.00" type="DEFAULT_VEHTYPE" speed="13.34" pos="94.84" lane="1/0to1/1_0" slope="0.00"/>
        <vehicle id="11" x="604.23" y="201.72" angle="-90.84" type="DEFAULT_VEHTYPE" speed="4.79" pos="0.53" lane=":3/1_4_0" slope="0.00"/>
        <vehicle id="12" x="398.35" y="476.10" angle="0.00" type="DEFAULT_VEHTYPE" speed="12.81" pos="119.15" lane="2/3to2/2_0" slope="0.00"/>
        <vehicle id="15" x="398.35" y="215.72" angle="0.00" type="DEFAULT_VEHTYPE" speed="13.65" pos="179.53" lane="2/2to2/1_0" slope="0.00"/>
        <vehicle id="19" x="201.65" y="560.84" angle="180.00" type="DEFAULT_VEHTYPE" speed="12.74" pos="156.09" lane="1/2to1/3_0" slope="0.00"/>
        <vehicle id="2" x="601.65" y="249.45" angle="180.00" type="DEFAULT_VEHTYPE" speed="12.80" pos="44.70" lane="3/1to3/2_0" slope="0.00"/>
        <vehicle id="20" x="203.23" y="401.43" angle="-87.51" type="DEFAULT_VEHTYPE" speed="7.60" pos="1.53" lane=":1/2_6_0" slope="0.00"/>
        <vehicle id="23" x="340.43" y="201.65" angle="-90.00" type="DEFAULT_VEHTYPE" speed="12.90" pos="54.82" lane="2/1to1/1_0" slope="0.00"/>
        <vehicle id="24" x="8.81" y="398.35" angle="90.00" type="DEFAULT_VEHTYPE" speed="12.62" pos="8.81" lane="0/2to1/2_0" slope="0.00"/>
        <vehicle id="4" x="336.89" y="598.35" angle="90.00" type="DEFAULT_VEHTYPE" speed="12.90" pos="132.14" lane="1/3to2/3_0" slope="0.00"/>
        <vehicle id="5" x="398.35" y="622.76" angle="0.00" type="DEFAULT_VEHTYPE" speed="13.14" pos="177.24" lane="2/4to2/3_0" slope="0.00"/>
        <vehicle id="6" x="201.65" y="502.84" angle="180.00" type="DEFAULT_VEHTYPE" speed="13.56" pos="98.09" lane="1/2to1/3_0" slope="0.00"/>
        <vehicle id="7" x="601.65" y="390.20" angle="180.00" type="DEFAULT_VEHTYPE" speed="2.34" pos="185.45" lane="3/1to3/2_0" slope="0.00"/>
        <vehicle id="8" x="415.69" y="401.65" angle="-90.00" type="DEFAULT_VEHTYPE" speed="7.23" pos="179.56" lane="3/2to2/2_0" slope="0.00"/>
    </timestep>
    <timestep time="359.00">
        <vehicle id="0" x="398.35" y="583.03" angle="0.00" type="DEFAULT_VEHTYPE" speed="12.90" pos="12.22" lane="2/3to2/2_0" slope="0.00"/>
        <vehicle id="10" x="201.65" y="108.70" angle="180.00" type="DEFAULT_VEHTYPE" speed="13.86" pos="108.70" lane="1/0to1/1_0" slope="0.00"/>
        <vehicle id="11" x="601.65" y="207.06" angle="-168.75" type="DEFAULT_VEHTYPE" speed="6.78" pos="2.31" lane="3/1to3/2_0" slope="0.00"/>
        <vehicle id="12" x="398.35" y="462.22" angle="0.00" type="DEFAULT_VEHTYPE" speed="13.88" pos="133.03" lane="2/3to2/2_0" slope="0.00"/>
        <vehicle id="15" x="398.35" y="202.06" angle="0.00" type="DEFAULT_VEHTYPE" speed="13.66" pos="2.69" lane=":2/1_1_0" slope="0.00"/>
        <vehicle id="19" x="201.65" y="573.80" angle="180.00" type="DEFAULT_VEHTYPE" speed="12.96" pos="169.05" lane="1/2to1/3_0" slope="0.00"/>
        <vehicle id="2" x="601.65" y="262.23" angle="180.00" type="DEFAULT_VEHTYPE" speed="12.79" pos="57.48" lane="3/1to3/2_0" slope="0.00"/>
        <vehicle id="20" x="198.35" y="393.91" angle="-9.68" type="DEFAULT_VEHTYPE" speed="10.13" pos="1.34" lane="1/2to1/1_0" slope="0.00"/>
        <vehicle id="23" x="327.07" y="201.65" angle="-90.00" type="DEFAULT_VEHTYPE" speed="13.36" pos="68.18" lane="2/1to1/1_0" slope="0.00"/>
        <vehicle id="24" x="22.49" y="398.35" angle="90.00" type="DEFAULT_VEHTYPE" speed="13.68" pos="22.49" lane="0/2to1/2_0" slope="0.00"/>
        <vehicle id="4" x="349.84" y="598.35" angle="90.00" type="DEFAULT_VEHTYPE" speed="12.95" pos="145.09" lane="1/3to2/3_0" slope="0.00"/>
        <vehicle id="5" x="398.35" y="609.95" angle="0.00" type="DEFAULT_VEHTYPE" speed="12.81" pos="190.05" lane="2/4to2/3_0" slope="0.00"/>
        <vehicle id="6" x="201.65" y="516.06" angle="180.00" type="DEFAULT_VEHTYPE" speed="13.22" pos="111.31" lane="1/2to1/3_0" slope="0.00"/>
        <vehicle id="7" x="601.65" y="394.29" angle="180.00" type="DEFAULT_VEHTYPE" speed="4.09" pos="189.54" lane="3/1to3/2_0" slope="0.00"/>
        <vehicle id="8" x="411.14" y="401.65" angle="-90.00" type="DEFAULT_VEHTYPE" speed="4.55" pos="184.11" lane="3/2to2/2_0" slope="0.00"/>
    </timestep>
    <timestep time="360.00">
        <vehicle id="0" x="398.35" y="570.32" angle="0.00" type="DEFAULT_VEHTYPE" speed="12.72" pos="24.93" lane="2/3to2/2_0" slope="0.00"/>
        <vehicle id="10" x="201.65" y="122.16" angle="180.00" type="DEFAULT_VEHTYPE" speed="13.46" pos="122.16" lane="1/0to1/1_0" slope="0.00"/>
        <vehicle id="11" x="601.65" y="215.87" angle="180.00" type="DEFAULT_VEHTYPE" speed="8.81" pos="11.12" lane="3/1to3/2_0" slope="0.00"/>
        <vehicle id="12" x="398.35" y="449.04" angle="0.00" type="DEFAULT_VEHTYPE" speed="13.18" pos="146.21" lane="2/3to2/2_0" slope="0.00"/>
        <vehicle id="15" x="398.35" y="188.56" angle="0.00" type="DEFAULT_VEHTYPE" speed="13.50" pos="6.69" lane="2/1to2/0_0" slope="0.00"/>
        <vehicle id="19" x="201.65" y="587.49" angle="180.00" type="DEFAULT_VEHTYPE" speed="13.70" pos="182.74" lane="1/2to1/3_0" slope="0.00"/>
        <vehicle id="2" x="601.65" y="275.33" angle="180.00" type="DEFAULT_VEHTYPE" speed="13.10" pos="70.58" lane="3/1to3/2_0" slope="0.00"/>
        <vehicle id="20" x="198.35" y="381.70" angle="0.00" type="DEFAULT_VEHTYPE" speed="12.21" pos="13.55" lane="1/2to1/1_0" slope="0.00"/>
        <vehicle id="23" x="314.33" y="201.65" angle="-90.00" type="DEFAULT_VEHTYPE" speed="12.74" pos="80.92" lane="2/1to1/1_0" slope="0.00"/>
        <vehicle id="24" x="35.36" y="398.35" angle="90.00" type="DEFAULT_VEHTYPE" speed="12.87" pos="35.36" lane="0/2to1/2_0" slope="0.00"/>
        <vehicle id="4" x="363.55" y="598.35" angle="90.00" type="DEFAULT_VEHTYPE" speed="13.71" pos="158.80" lane="1/3to2/3_0" slope="0.00"/>
        <vehicle id="5" x="398.35" y="596.19" angle="0.00" type="DEFAULT_VEHTYPE" speed="13.76" pos="8.56" lane=":2/3_1_0" slope="0.00"/>
        <vehicle id="6" x="201.65" y="529.74" angle="180.00" type="DEFAULT_VEHTYPE" speed="13.68" pos="124.99" lane="1/2to1/3_0" slope="0.00"/>
        <vehicle id="7" x="599.99" y="400.09" angle="-160.58" type="DEFAULT_VEHTYPE" speed="6.19" pos="5.23" lane=":3/2_10_0" slope="0.00"/>
        <vehicle id="8" x="405.15" y="401.65" angle="-90.00" type="DEFAULT_VEHTYPE" speed="5.99" pos="190.10" lane="3/2to2/2_0" slope="0.00"/>
    </timestep>
    <timestep time="361.00">
        <vehicle id="0" x="398.35" y="557.63" angle="0.00" type="DEFAULT_VEHTYPE" speed="12.69" pos="37.62" lane="2/3to2/2_0" slope="0.00"/>
        <vehicle id="10" x="201.65" y="135.47" angle="180.00" type="DEFAULT_VEHTYPE" speed="13.31" pos="135.47" lane="1/0to1/1_0" slope="0.00"/>
        <vehicle id="11" x="601.65" y="226.02" angle="180.00" type="DEFAULT_VEHTYPE" speed="10.15" pos="21.27" lane="3/1to3/2_0" slope="0.00"/>
        <vehicle id="12" x="398.35" y="435.85" angle="0.00" type="DEFAULT_VEHTYPE" speed="13.19" pos="159.40" lane="2/3to2/2_0" slope="0.00"/>
        <vehicle id="15" x="398.35" y="175.45" angle="0.00" type="DEFAULT_VEHTYPE" speed="13.11" pos="19.80" lane="2/1to2/0_0" slope="0.00"/>
        <vehicle id="19" x="205.36" y="598.35" angle="124.57" type="DEFAULT_VEHTYPE" speed="13.37" pos="0.61" lane="1/3to2/3_0" slope="0.00"/>
        <vehicle id="2" x="601.65" y="289.06" angle="180.00" type="DEFAULT_VEHTYPE" speed="13.73" pos="84.31" lane="3/1to3/2_0" slope="0.00"/>
        <vehicle id="20" x="198.35" y="368.74" angle="0.00" type="DEFAULT_VEHTYPE" speed="12.96" pos="26.51" lane="1/2to1/1_0" slope="0.00"/>
        <vehicle id="23" x="301.30" y="201.65" angle="-90.00" type="DEFAULT_VEHTYPE" speed="13.03" pos="93.95" lane="2/1to1/1_0" slope="0.00"/>
        <vehicle id="24" x="48.99" y="398.35" angle="90.00" type="DEFAULT_VEHTYPE" speed="13.63" pos="48.99" lane="0/2to1/2_0" slope="0.00"/>
        <vehicle id="4" x="375.23" y="598.35" angle="90.00" type="DEFAULT_VEHTYPE" speed="11.68" pos="170.48" lane="1/3to2/3_0" slope="0.00"/>
        <vehicle id="5" x="398.35" y="582.47" angle="0.00" type="DEFAULT_VEHTYPE" speed="13.72" pos="12.78" lane="2/3to2/2_0" slope="0.00"/>
        <vehicle id="6" x="201.65" y="542.36" angle="180.00" type="DEFAULT_VEHTYPE" speed="12.62" pos="137.61" lane="1/2to1/3_0" slope="0.00"/>
        <vehicle id="7" x="592.07" y="401.65" angle="-92.96" type="DEFAULT_VEHTYPE" speed="8.27" pos="3.18" lane="3/2to2/2_0" slope="0.00"/>
        <vehicle id="8" x="398.71" y="397.79" angle="-43.70" type="DEFAULT_VEHTYPE" speed="8.15" pos="7.75" lane=":2/2_6_0" slope="0.00"/>
    </timestep>
    <timestep time="362.00">
        <vehicle id="0" x="398.35" y="544.34" angle="0.00" type="DEFAULT_VEHTYPE" speed="13.29" pos="50.91" lane="2/3to2/2_0" slope="0.00"/>
        <vehicle id="10" x="201.65" y="148.23" angle="180.00" type="DEFAULT_VEHTYPE" speed="12.77" pos="148.23" lane="1/0to1/1_0" slope="0.00"/>
        <vehicle id="11" x="601.65" y="238.45" angle="180.00" type="DEFAULT_VEHTYPE" speed="12.43" pos="33.70" lane="3/1to3/2_0" slope="0.00"/>
        <vehicle id="12" x="398.35" y="422.70" angle="0.00" type="DEFAULT_VEHTYPE" speed="13.14" pos="172.55" lane="2/3to2/2_0" slope="0.00"/>
        <vehicle id="15" x="398.35" y="161.77" angle="0.00" type="DEFAULT_VEHTYPE" speed="13.67" pos="33.48" lane="2/1to2/0_0" slope="0.00"/>
        <vehicle id="19" x="218.57" y="598.35" angle="90.00" type="DEFAULT_VEHTYPE" speed="13.21" pos="13.82" lane="1/3to2/3_0" slope="0.00"/>
        <vehicle id="2" x="601.65" y="302.56" angle="180.00" type="DEFAULT_VEHTYPE" speed="13.50" pos="97.81" lane="3/1to3/2_0" slope="0.00"/>
        <vehicle id="20" x="198.35" y="355.43" angle="0.00" type="DEFAULT_VEHTYPE" speed="13.31" pos="39.82" lane="1/2to1/1_0" slope="0.00"/>
        <vehicle id="23" x="288.16" y="201.65" angle="-90.00" type="DEFAULT_VEHTYPE" speed="13.14" pos="107.09" lane="2/1to1/1_0" slope="0.00"/>
        <vehicle id="24" x="61.88" y="398.35" angle="90.00" type="DEFAULT_VEHTYPE" speed="12.89" pos="61.88" lane="0/2to1/2_0" slope="0.00"/>
        <vehicle id="4" x="383.33" y="598.35" angle="90.00" type="DEFAULT_VEHTYPE" speed="8.11" pos="178.58" lane="1/3to2/3_0" slope="0.00"/>
        <vehicle id="5" x="398.35" y="569.33" angle="0.00" type="DEFAULT_VEHTYPE" speed="13.14" pos="25.92" lane="2/3to2/2_0" slope="0.00"/>
        <vehicle id="6" x="201.65" y="556.19" angle="180.00" type="DEFAULT_VEHTYPE" speed="13.83" pos="151.44" lane="1/2to1/3_0" slope="0.00"/>
        <vehicle id="7" x="581.23" y="401.65" angle="-90.00" type="DEFAULT_VEHTYPE" speed="10.85" pos="14.02" lane="3/2to2/2_0" slope="0.00"/>
        <vehicle id="8" x="398.35" y="387.09" angle="0.00" type="DEFAULT_VEHTYPE" speed="10.72" pos="8.16" lane="2/2to2/1_0" slope="0.00"/>
    </timestep>
    <timestep time="363.00">
        <vehicle id="0" x="398.35" y="531.41" angle="0.00" type="DEFAULT_VEHTYPE" speed="12.92" pos="63.84" lane="2/3to2/2_0" slope="0.00"/>
        <vehicle id="10" x="201.65" y="161.28" angle="180.00" type="DEFAULT_VEHTYPE" speed="13.05" pos="161.28" lane="1/0to1/1_0" slope="0.00"/>
        <vehicle id="11" x="601.65" y="251.11" angle="180.00" type="DEFAULT_VEHTYPE" speed="12.66" pos="46.36" lane="3/1to3/2_0" slope="0.00"/>
        <vehicle id="12" x="398.35" y="409.68" angle="0.00" type="DEFAULT_VEHTYPE" speed="13.02" pos="185.57" lane="2/3to2/2_0" slope="0.00"/>
        <vehicle id="15" x="398.35" y="149.01" angle="0.00" type="DEFAULT_VEHTYPE" speed="12.76" pos="46.24" lane="2/1to2/0_0" slope="0.00"/>
        <vehicle id="19" x="231.77" y="598.35" angle="90.00" type="DEFAULT_VEHTYPE" speed="13.20" pos="27.02" lane="1/3to2/3_0" slope="0.00"/>
        <vehicle id="2" x="601.65" y="316.14" angle="180.00" type="DEFAULT_VEHTYPE" speed="13.58" pos="111.39" lane="3/1to3/2_0" slope="0.00"/>
        <vehicle id="20" x="198.35" y="342.77" angle="0.00" type="DEFAULT_VEHTYPE" speed="12.66" pos="52.48" lane="1/2to1/1_0" slope="0.00"/>
        <vehicle id="23" x="275.03" y="201.65" angle="-90.00" type="DEFAULT_VEHTYPE" speed="13.13" pos="120.22" lane="2/1to1/1_0" slope="0.00"/>
        <vehicle id="24" x="74.95" y="398.35" angle="90.00" type="DEFAULT_VEHTYPE" speed="13.07" pos="74.95" lane="0/2to1/2_0" slope="0.00"/>
        <vehicle id="4" x="388.99" y="598.35" angle="90.00" type="DEFAULT_VEHTYPE" speed="5.66" pos="184.24" lane="1/3to2/3_0" slope="0.00"/>
        <vehicle id="5" x="398.35" y="556.34" angle="0.00" type="DEFAULT_VEHTYPE" speed="12.98" pos="38.91" lane="2/3to2/2_0" slope="0.00"/>
        <vehicle id="6" x="201.65" y="568.86" angle="180.00" type="DEFAULT_VEHTYPE" speed="12.67" pos="164.11" lane="1/2to1/3_0" slope="0.00"/>
        <vehicle id="7" x="569.03" y="401.65" angle="-90.00" type="DEFAULT_VEHTYPE" speed="12.19" pos="26.22" lane="3/2to2/2_0" slope="0.00"/>
        <vehicle id="8" x="398.35" y="374.95" angle="0.00" type="DEFAULT_VEHTYPE" speed="12.15" pos="20.30" lane="2/2to2/1_0" slope="0.00"/>
    </timestep>
    <timestep time="364.00">
        <vehicle id="0" x="398.35" y="518.44" angle="0.00" type="DEFAULT_VEHTYPE" speed="12.97" pos="76.81" lane="2/3to2/2_0" slope="0.00"/>
        <vehicle id="10" x="201.65" y="174.52" angle="180.00" type="DEFAULT_VEHTYPE" speed="13.24" pos="174.52" lane="1/0to1/1_0" slope="0.00"/>
        <vehicle id="11" x="601.65" y="263.85" angle="180.00" type="DEFAULT_VEHTYPE" speed="12.74" pos="59.10" lane="3/1to3/2_0" slope="0.00"/>
        <vehicle id="12" x="398.35" y="397.05" angle="0.00" type="DEFAULT_VEHTYPE" speed="12.63" pos="7.70" lane=":2/2_1_0" slope="0.00"/>
        <vehicle id="15" x="398.35" y="136.38" angle="0.00" type="DEFAULT_VEHTYPE" speed="12.63" pos="58.87" lane="2/1to2/0_0" slope="0.00"/>
        <vehicle id="19" x="244.48" y="598.35" angle="90.00" type="DEFAULT_VEHTYPE" speed="12.71" pos="39.73" lane="1/3to2/3_0" slope="0.00"/>
        <vehicle id="2" x="601.65" y="328.84" angle="180.00" type="DEFAULT_VEHTYPE" speed="12.69" pos="124.09" lane="3/1to3/2_0" slope="0.00"/>
        <vehicle id="20" x="198.35" y="328.96" angle="0.00" type="DEFAULT_VEHTYPE" speed="13.81" pos="66.29" lane="1/2to1/1_0" slope="0.00"/>
        <vehicle id="23" x="262.33" y="201.65" angle="-90.00" type="DEFAULT_VEHTYPE" speed="12.71" pos="132.92" lane="2/1to1/1_0" slope="0.00"/>
        <vehicle id="24" x="88.18" y="398.35" angle="90.00" type="DEFAULT_VEHTYPE" speed="13.23" pos="88.18" lane="0/2to1/2_0" slope="0.00"/>
        <vehicle id="4" x="396.63" y="598.55" angle="92.26" type="DEFAULT_VEHTYPE" speed="7.65" pos="1.39" lane=":2/3_14_0" slope="0.00"/>
        <vehicle id="5" x="398.35" y="543.29" angle="0.00" type="DEFAULT_VEHTYPE" speed="13.05" pos="51.96" lane="2/3to2/2_0" slope="0.00"/>
        <vehicle id="6" x="201.65" y="582.60" angle="180.00" type="DEFAULT_VEHTYPE" speed="13.74" pos="177.85" lane="1/2to1/3_0" slope="0.00"/>
        <vehicle id="7" x="555.52" y="401.65" angle="-90.00" type="DEFAULT_VEHTYPE" speed="13.51" pos="39.73" lane="3/2to2/2_0" slope="0.00"/>
        <vehicle id="8" x="398.35" y="361.42" angle="0.00" type="DEFAULT_VEHTYPE" speed="13.53" pos="33.83" lane="2/2to2/1_0" slope="0.00"/>
    </timestep>
    <timestep time="365.00">
        <vehicle id="0" x="398.35" y="505.43" angle="0.00" type="DEFAULT_VEHTYPE" speed="13.01" pos="89.82" lane="2/3to2/2_0" slope="0.00"/>
        <vehicle id="10" x="201.65" y="187.92" angle="180.00" type="DEFAULT_VEHTYPE" speed="13.41" pos="187.92" lane="1/0to1/1_0" slope="0.00"/>
        <vehicle id="11" x="601.65" y="277.22" angle="180.00" type="DEFAULT_VEHTYPE" speed="13.37" pos="72.47" lane="3/1to3/2_0" slope="0.00"/>
        <vehicle id="12" x="398.35" y="383.94" angle="0.00" type="DEFAULT_VEHTYPE" speed="13.11" pos="11.31" lane="2/2to2/1_0" slope="0.00"/>
        <vehicle id="15" x="398.35" y="123.36" angle="0.00" type="DEFAULT_VEHTYPE" speed="13.02" pos="71.89" lane="2/1to2/0_0" slope="0.00"/>
        <vehicle id="19" x="258.32" y="598.35" angle="90.00" type="DEFAULT_VEHTYPE" speed="13.84" pos="53.57" lane="1/3to2/3_0" slope="0.00"/>
        <vehicle id="2" x="601.65" y="342.24" angle="180.00" type="DEFAULT_VEHTYPE" speed="13.41" pos="137.49" lane="3/1to3/2_0" slope="0.00"/>
        <vehicle id="20" x="198.35" y="315.26" angle="0.00" type="DEFAULT_VEHTYPE" speed="13.70" pos="79.99" lane="1/2to1/1_0" slope="0.00"/>
        <vehicle id="23" x="249.72" y="201.65" angle="-90.00" type="DEFAULT_VEHTYPE" speed="12.61" pos="145.53" lane="2/1to1/1_0" slope="0.00"/>
        <vehicle id="24" x="101.20" y="398.35" angle="90.00" type="DEFAULT_VEHTYPE" speed="13.02" pos="101.20" lane="0/2to1/2_0" slope="0.00"/>
        <vehicle id="4" x="401.65" y="605.20" angle="164.79" type="DEFAULT_VEHTYPE" speed="9.38" pos="0.45" lane="2/3to2/4_0" slope="0.00"/>
        <vehicle id="5" x="398.35" y="529.65" angle="0.00" type="DEFAULT_VEHTYPE" speed="13.64" pos="65.60" lane="2/3to2/2_0" slope="0.00"/>
        <vehicle id="6" x="201.78" y="596.16" angle="178.54" type="DEFAULT_VEHTYPE" speed="13.57" pos="0.92" lane=":1/3_8_0" slope="0.00"/>
        <vehicle id="7" x="541.89" y="401.65" angle="-90.00" type="DEFAULT_VEHTYPE" speed="13.63" pos="53.36" lane="3/2to2/2_0" slope="0.00"/>
        <vehicle id="8" x="398.35" y="348.58" angle="0.00" type="DEFAULT_VEHTYPE" speed="12.84" pos="46.67" lane="2/2to2/1_0" slope="0.00"/>
    </timestep>
    <timestep time="366.00">
        <vehicle id="0" x="398.35" y="492.48" angle="0.00" type="DEFAULT_VEHTYPE" speed="12.95" pos="102.77" lane="2/3to2/2_0" slope="0.00"/>
        <vehicle id="10" x="205.76" y="198.35" angle="117.81" type="DEFAULT_VEHTYPE" speed="13.34" pos="1.01" lane="1/1to2/1_0" slope="0.00"/>
        <vehicle id="11" x="601.65" y="291.10" angle="180.00" type="DEFAULT_VEHTYPE" speed="13.88" pos="86.35" lane="3/1to3/2_0" slope="0.00"/>
        <vehicle id="12" x="398.35" y="370.15" angle="0.00" type="DEFAULT_VEHTYPE" speed="13.79" pos="25.10" lane="2/2to2/1_0" slope="0.00"/>
        <vehicle id="15" x="398.35" y="110.58" angle="0.00" type="DEFAULT_VEHTYPE" speed="12.78" pos="84.67" lane="2/1to2/0_0" slope="0.00"/>
        <vehicle id="19" x="270.93" y="598.35" angle="90.00" type="DEFAULT_VEHTYPE" speed="12.61" pos="66.18" lane="1/3to2/3_0" slope="0.00"/>
        <vehicle id="2" x="601.65" y="355.96" angle="180.00" type="DEFAULT_VEHTYPE" speed="13.72" pos="151.21" lane="3/1to3/2_0" slope="0.00"/>
        <vehicle id="20" x="198.35" y="302.06" angle="0.00" type="DEFAULT_VEHTYPE" speed="13.20" pos="93.19" lane="1/2to1/1_0" slope="0.00"/>
        <vehicle id="23" x="236.63" y="201.65" angle="-90.00" type="DEFAULT_VEHTYPE" speed="13.09" pos="158.62" lane="2/1to1/1_0" slope="0.00"/>
        <vehicle id="24" x="114.52" y="398.35" angle="90.00" type="DEFAULT_VEHTYPE" speed="13.32" pos="114.52" lane="0/2to1/2_0" slope="0.00"/>
        <vehicle id="4" x="401.65" y="616.49" angle="180.00" type="DEFAULT_VEHTYPE" speed="11.29" pos="11.74" lane="2/3to2/4_0" slope="0.00"/>
        <vehicle id="5" x="398.35" y="516.37" angle="0.00" type="DEFAULT_VEHTYPE" speed="13.28" pos="78.88" lane="2/3to2/2_0" slope="0.00"/>
        <vehicle id="6" x="213.96" y="598.35" angle="90.00" type="DEFAULT_VEHTYPE" speed="13.29" pos="9.21" lane="1/3to2/3_0" slope="0.00"/>
        <vehicle id="7" x="529.12" y="401.65" angle="-90.00" type="DEFAULT_VEHTYPE" speed="12.77" pos="66.13" lane="3/2to2/2_0" slope="0.00"/>
        <vehicle id="8" x="398.35" y="335.70" angle="0.00" type="DEFAULT_VEHTYPE" speed="12.88" pos="59.55" lane="2/2to2/1_0" slope="0.00"/>
    </timestep>
    <timestep time="367.00">
        <vehicle id="0" x="398.35" y="479.74" angle="0.00" type="DEFAULT_VEHTYPE" speed="12.74" pos="115.51" lane="2/3to2/2_0" slope="0.00"/>
        <vehicle id="10" x="219.35" y="198.35" angle="90.00" type="DEFAULT_VEHTYPE" speed="13.59" pos="14.60" lane="1/1to2/1_0" slope="0.00"/>
        <vehicle id="11" x="601.65" y="304.28" angle="180.00" type="DEFAULT_VEHTYPE" speed="13.18" pos="99.53" lane="3/1to3/2_0" slope="0.00"/>
        <vehicle id="12" x="398.35" y="357.50" angle="0.00" type="DEFAULT_VEHTYPE" speed="12.65" pos="37.75" lane="2/2to2/1_0" slope="0.00"/>
        <vehicle id="15" x="398.35" y="97.00" angle="0.00" type="DEFAULT_VEHTYPE" speed="13.59" pos="98.25" lane="2/1to2/0_0" slope="0.00"/>
        <vehicle id="19" x="284.13" y="598.35" angle="90.00" type="DEFAULT_VEHTYPE" speed="13.20" pos="79.38" lane="1/3to2/3_0" slope="0.00"/>
        <vehicle id="2" x="601.65" y="368.90" angle="180.00" type="DEFAULT_VEHTYPE" speed="12.94" pos="164.15" lane="3/1to3/2_0" slope="0.00"/>
        <vehicle id="20" x="198.35" y="289.36" angle="0.00" type="DEFAULT_VEHTYPE" speed="12.70" pos="105.89" lane="1/2to1/1_0" slope="0.00"/>
        <vehicle id="23" x="225.55" y="201.65" angle="-90.00" type="DEFAULT_VEHTYPE" speed="11.08" pos="169.70" lane="2/1to1/1_0" slope="0.00"/>
        <vehicle id="24" x="127.72" y="398.35" angle="90.00" type="DEFAULT_VEHTYPE" speed="13.19" pos="127.72" lane="0/2to1/2_0" slope="0.00"/>
        <vehicle id="4" x="401.65" y="629.86" angle="180.00" type="DEFAULT_VEHTYPE" speed="13.37" pos="25.11" lane="2/3to2/4_0" slope="0.00"/>
        <vehicle id="5" x="398.35" y="503.50" angle="0.00" type="DEFAULT_VEHTYPE" speed="12.87" pos="91.75" lane="2/3to2/2_0" slope="0.00"/>
        <vehicle id="6" x="227.63" y="598.35" angle="90.00" type="DEFAULT_VEHTYPE" speed="13.67" pos="22.88" lane="1/3to2/3_0" slope="0.00"/>
        <vehicle id="7" x="515.54" y="401.65" angle="-90.00" type="DEFAULT_VEHTYPE" speed="13.58" pos="79.71" lane="3/2to2/2_0" slope="0.00"/>
        <vehicle id="8" x="398.35" y="321.96" angle="0.00" type="DEFAULT_VEHTYPE" speed="13.74" pos="73.29" lane="2/2to2/1_0" slope="0.00"/>
    </timestep>
    <timestep time="368.00">
        <vehicle id="0" x="398.35" y="466.61" angle="0.00" type="DEFAULT_VEHTYPE" speed="13.13" pos="128.64" lane="2/3to2/2_0" slope="0.00"/>
        <vehicle id="10" x="232.05" y="198.35" angle="90.00" type="DEFAULT_VEHTYPE" speed="12.70" pos="27.30" lane="1/1to2/1_0" slope="0.00"/>
        <vehicle id="11" x="601.65" y="316.93" angle="180.00" type="DEFAULT_VEHTYPE" speed="12.65" pos="112.18" lane="3/1to3/2_0" slope="0.00"/>
        <vehicle id="12" x="398.35" y="343.82" angle="0.00" type="DEFAULT_VEHTYPE" speed="13.68" pos="51.43" lane="2/2to2/1_0" slope="0.00"/>
        <vehicle id="15" x="398.35" y="84.38" angle="0.00" type="DEFAULT_VEHTYPE" speed="12.62" pos="110.87" lane="2/1to2/0_0" slope="0.00"/>
        <vehicle id="19" x="297.45" y="598.35" angle="90.00" type="DEFAULT_VEHTYPE" speed="13.32" pos="92.70" lane="1/3to2/3_0" slope="0.00"/>
        <vehicle id="2" x="601.65" y="382.19" angle="180.00" type="DEFAULT_VEHTYPE" speed="13.29" pos="177.44" lane="3/1to3/2_0" slope="0.00"/>
        <vehicle id="20" x="198.35" y="275.95" angle="0.00" type="DEFAULT_VEHTYPE" speed="13.41" pos="119.30" lane="1/2to1/1_0" slope="0.00"/>
        <vehicle id="23" x="217.14" y="201.65" angle="-90.00" type="DEFAULT_VEHTYPE" speed="8.41" pos="178.11" lane="2/1to1/1_0" slope="0.00"/>
        <vehicle id="24" x="140.62" y="398.35" angle="90.00" type="DEFAULT_VEHTYPE" speed="12.91" pos="140.62" lane="0/2to1/2_0" slope="0.00"/>
        <vehicle id="4" x="401.65" y="642.99" angle="180.00" type="DEFAULT_VEHTYPE" speed="13.13" pos="38.24" lane="2/3to2/4_0" slope="0.00"/>
        <vehicle id="5" x="398.35" y="490.86" angle="0.00" type="DEFAULT_VEHTYPE" speed="12.65" pos="104.39" lane="2/3to2/2_0" slope="0.00"/>
        <vehicle id="6" x="240.87" y="598.35" angle="90.00" type="DEFAULT_VEHTYPE" speed="13.24" pos="36.12" lane="1/3to2/3_0" slope="0.00"/>
        <vehicle id="7" x="502.04" y="401.65" angle="-90.00" type="DEFAULT_VEHTYPE" speed="13.50" pos="93.21" lane="3/2to2/2_0" slope="0.00"/>
        <vehicle id="8" x="398.35" y="308.22" angle="0.00" type="DEFAULT_VEHTYPE" speed="13.74" pos="87.03" lane="2/2to2/1_0" slope="0.00"/>
    </timestep>
    <timestep time="369.00">
        <vehicle id="0" x="398.35" y="453.86" angle="0.00" type="DEFAULT_VEHTYPE" speed="12.76" pos="141.39" lane="2/3to2/2_0" slope="0.00"/>
        <vehicle id="10" x="244.81" y="198.35" angle="90.00" type="DEFAULT_VEHTYPE" speed="12.75" pos="40.06" lane="1/1to2/1_0" slope="0.00"/>
        <vehicle id="11" x="601.65" y="330.73" angle="180.00" type="DEFAULT_VEHTYPE" speed="13.80" pos="125.98" lane="3/1to3/2_0" slope="0.00"/>
        <vehicle id="12" x="398.35" y="330.39" angle="0.00" type="DEFAULT_VEHTYPE" speed="13.43" pos="64.86" lane="2/2to2/1_0" slope="0.00"/>
        <vehicle id="15" x="398.35" y="71.70" angle="0.00" type="DEFAULT_VEHTYPE" speed="12.68" pos="123.55" lane="2/1to2/0_0" slope="0.00"/>
        <vehicle id="19" x="310.34" y="598.35" angle="90.00" type="DEFAULT_VEHTYPE" speed="12.89" pos="105.59" lane="1/3to2/3_0" slope="0.00"/>
        <vehicle id="2" x="601.65" y="395.54" angle="180.00" type="DEFAULT_VEHTYPE" speed="13.34" pos="0.29" lane=":3/2_9_0" slope="0.00"/>
        <vehicle id="20" x="198.35" y="262.24" angle="0.00" type="DEFAULT_VEHTYPE" speed="13.71" pos="133.01" lane="1/2to1/1_0" slope="0.00"/>
        <vehicle id="23" x="211.22" y="201.65" angle="-90.00" type="DEFAULT_VEHTYPE" speed="5.92" pos="184.03" lane="2/1to1/1_0" slope="0.00"/>
        <vehicle id="24" x="154.32" y="398.35" angle="90.00" type="DEFAULT_VEHTYPE" speed="13.70" pos="154.32" lane="0/2to1/2_0" slope="0.00"/>
        <vehicle id="4" x="401.65" y="656.56" angle="180.00" type="DEFAULT_VEHTYPE" speed="13.57" pos="51.81" lane="2/3to2/4_0" slope="0.00"/>
        <vehicle id="5" x="398.35" y="477.35" angle="0.00" type="DEFAULT_VEHTYPE" speed="13.50" pos="117.90" lane="2/3to2/2_0" slope="0.00"/>
        <vehicle id="6" x="253.80" y="598.35" angle="90.00" type="DEFAULT_VEHTYPE" speed="12.93" pos="49.05" lane="1/3to2/3_0" slope="0.00"/>
        <vehicle id="7" x="488.73" y="401.65" angle="-90.00" type="DEFAULT_VEHTYPE" speed="13.31" pos="106.52" lane="3/2to2/2_0" slope="0.00"/>
        <vehicle id="8" x="398.35" y="295.27" angle="0.00" type="DEFAULT_VEHTYPE" speed="12.95" pos="99.98" lane="2/2to2/1_0" slope="0.00"/>
    </timestep>
    <timestep time="370.00">
        <vehicle id="0" x="398.35" y="440.62" angle="0.00" type="DEFAULT_VEHTYPE" speed="13.23" pos="154.63" lane="2/3to2/2_0" slope="0.00"/>
        <vehicle id="10" x="257.89" y="198.35" angle="90.00" type="DEFAULT_VEHTYPE" speed="13.09" pos="53.14" lane="1/1to2/1_0" slope="0.00"/>
        <vehicle id="11" x="601.65" y="343.48" angle="180.00" type="DEFAULT_VEHTYPE" speed="12.75" pos="138.73" lane="3/1to3/2_0" slope="0.00"/>
        <vehicle id="12" x="398.35" y="317.26" angle="0.00" type="DEFAULT_VEHTYPE" speed="13.13" pos="77.99" lane="2/2to2/1_0" slope="0.00"/>
        <vehicle id="15" x="398.35" y="58.86" angle="0.00" type="DEFAULT_VEHTYPE" speed="12.84" pos="136.39" lane="2/1to2/0_0" slope="0.00"/>
        <vehicle id="19" x="323.37" y="598.35" angle="90.00" type="DEFAULT_VEHTYPE" speed="13.03" pos="118.62" lane="1/3to2/3_0" slope="0.00"/>
        <vehicle id="2" x="601.65" y="409.21" angle="180.00" type="DEFAULT_VEHTYPE" speed="13.67" pos="4.46" lane="3/2to3/3_0" slope="0.00"/>
        <vehicle id="20" x="198.35" y="248.62" angle="0.00" type="DEFAULT_VEHTYPE" speed="13.61" pos="146.63" lane="1/2to1/1_0" slope="0.00"/>
        <vehicle id="23" x="203.03" y="202.06" angle="-94.74" type="DEFAULT_VEHTYPE" speed="8.27" pos="1.79" lane=":1/1_4_0" slope="0.00"/>
        <vehicle id="24" x="167.18" y="398.35" angle="90.00" type="DEFAULT_VEHTYPE" speed="12.85" pos="167.18" lane="0/2to1/2_0" slope="0.00"/>
        <vehicle id="4" x="401.65" y="669.88" angle="180.00" type="DEFAULT_VEHTYPE" speed="13.32" pos="65.13" lane="2/3to2/4_0" slope="0.00"/>
        <vehicle id="5" x="398.35" y="464.08" angle="0.00" type="DEFAULT_VEHTYPE" speed="13.28" pos="131.17" lane="2/3to2/2_0" slope="0.00"/>
        <vehicle id="6" x="266.53" y="598.35" angle="90.00" type="DEFAULT_VEHTYPE" speed="12.73" pos="61.78" lane="1/3to2/3_0" slope="0.00"/>
        <vehicle id="7" x="475.99" y="401.65" angle="-90.00" type="DEFAULT_VEHTYPE" speed="12.74" pos="119.26" lane="3/2to2/2_0" slope="0.00"/>
        <vehicle id="8" x="398.35" y="282.03" angle="0.00" type="DEFAULT_VEHTYPE" speed="13.24" pos="113.22" lane="2/2to2/1_0" slope="0.00"/>
    </timestep>
    <timestep time="371.00">
        <vehicle id="0" x="398.35" y="427.19" angle="0.00" type="DEFAULT_VEHTYPE" speed="13.43" pos="168.06" lane="2/3to2/2_0" slope="0.00"/>
        <vehicle id="10" x="271.27" y="198.35" angle="90.00" type="DEFAULT_VEHTYPE" speed="13.38" pos="66.52" lane="1/1to2/1_0" slope="0.00"/>
        <vehicle id="11" x="601.65" y="356.50" angle="180.00" type="DEFAULT_VEHTYPE" speed="13.02" pos="151.75" lane="3/1to3/2_0" slope="0.00"/>
        <vehicle id="12" x="398.35" y="304.22" angle="0.00" type="DEFAULT_VEHTYPE" speed="13.04" pos="91.03" lane="2/2to2/1_0" slope="0.00"/>
        <vehicle id="15" x="398.35" y="46.04" angle="0.00" type="DEFAULT_VEHTYPE" speed="12.82" pos="149.21" lane="2/1to2/0_0" slope="0.00"/>
        <vehicle id="19" x="336.31" y="598.35" angle="90.00" type="DEFAULT_VEHTYPE" speed="12.94" pos="131.56" lane="1/3to2/3_0" slope="0.00"/>
        <vehicle id="2" x="601.65" y="422.63" angle="180.00" type="DEFAULT_VEHTYPE" speed="13.42" pos="17.88" lane="3/2to3/3_0" slope="0.00"/>
        <vehicle id="20" x="198.35" y="235.23" angle="0.00" type="DEFAULT_VEHTYPE" speed="13.39" pos="160.02" lane="1/2to1/1_0" slope="0.00"/>
        <vehicle id="23" x="201.65" y="211.14" angle="180.00" type="DEFAULT_VEHTYPE" speed="9.60" pos="6.39" lane="1/1to1/2_0" slope="0.00"/>
        <vehicle id="24" x="177.23" y="398.35" angle="90.00" type="DEFAULT_VEHTYPE" speed="10.06" pos="177.23" lane="0/2to1/2_0" slope="0.00"/>
        <vehicle id="4" x="401.65" y="683.67" angle="180.00" type="DEFAULT_VEHTYPE" speed="13.79" pos="78.92" lane="2/3to2/4_0" slope="0.00"/>
        <vehicle id="5" x="398.35" y="451.31" angle="0.00" type="DEFAULT_VEHTYPE" speed="12.77" pos="143.94" lane="2/3to2/2_0" slope="0.00"/>
        <vehicle id="6" x="279.91" y="598.35" angle="90.00" type="DEFAULT_VEHTYPE" speed="13.38" pos="75.16" lane="1/3to2/3_0" slope="0.00"/>
        <vehicle id="7" x="462.84" y="401.65" angle="-90.00" type="DEFAULT_VEHTYPE" speed="13.15" pos="132.41" lane="3/2to2/2_0" slope="0.00"/>
        <vehicle id="8" x="398.35" y="268.85" angle="0.00" type="DEFAULT_VEHTYPE" speed="13.18" pos="126.40" lane="2/2to2/1_0" slope="0.00"/>
    </timestep>
    <timestep time="372.00">
        <vehicle id="0" x="398.35" y="413.37" angle="0.00" type="DEFAULT_VEHTYPE" speed="13.83" pos="181.88" lane="2/3to2/2_0" slope="0.00"/>
        <vehicle id="10" x="284.94" y="198.35" angle="90.00" type="DEFAULT_VEHTYPE" speed="13.66" pos="80.19" lane="1/1to2/1_0" slope="0.00"/>
        <vehicle id="11" x="601.65" y="369.16" angle="180.00" type="DEFAULT_VEHTYPE" speed="12.66" pos="164.41" lane="3/1to3/2_0" slope="0.00"/>
        <vehicle id="12" x="398.35" y="291.20" angle="0.00" type="DEFAULT_VEHTYPE" speed="13.02" pos="104.05" lane="2/2to2/1_0" slope="0.00"/>
        <vehicle id="15" x="398.35" y="32.58" angle="0.00" type="DEFAULT_VEHTYPE" speed="13.45" pos="162.67" lane="2/1to2/0_0" slope="0.00"/>
        <vehicle id="19" x="348.99" y="598.35" angle="90.00" type="DEFAULT_VEHTYPE" speed="12.68" pos="144.24" lane="1/3to2/3_0" slope="0.00"/>
        <vehicle id="2" x="601.65" y="435.82" angle="180.00" type="DEFAULT_VEHTYPE" speed="13.19" pos="31.07" lane="3/2to3/3_0" slope="0.00"/>
        <vehicle id="20" x="198.35" y="222.24" angle="0.00" type="DEFAULT_VEHTYPE" speed="12.99" pos="173.01" lane="1/2to1/1_0" slope="0.00"/>
        <vehicle id="23" x="201.65" y="223.21" angle="180.00" type="DEFAULT_VEHTYPE" speed="12.07" pos="18.46" lane="1/1to1/2_0" slope="0.00"/>
        <vehicle id="24" x="184.14" y="398.35" angle="90.00" type="DEFAULT_VEHTYPE" speed="6.91" pos="184.14" lane="0/2to1/2_0" slope="0.00"/>
        <vehicle id="4" x="401.65" y="697.29" angle="180.00" type="DEFAULT_VEHTYPE" speed="13.62" pos="92.54" lane="2/3to2/4_0" slope="0.00"/>
        <vehicle id="5" x="398.35" y="437.58" angle="0.00" type="DEFAULT_VEHTYPE" speed="13.73" pos="157.67" lane="2/3to2/2_0" slope="0.00"/>
        <vehicle id="6" x="293.72" y="598.35" angle="90.00" type="DEFAULT_VEHTYPE" speed="13.81" pos="88.97" lane="1/3to2/3_0" slope="0.00"/>
        <vehicle id="7" x="449.90" y="401.65" angle="-90.00" type="DEFAULT_VEHTYPE" speed="12.94" pos="145.35" lane="3/2to2/2_0" slope="0.00"/>
        <vehicle id="8" x="398.35" y="256.00" angle="0.00" type="DEFAULT_VEHTYPE" speed="12.86" pos="139.25" lane="2/2to2/1_0" slope="0.00"/>
    </timestep>
    <timestep time="373.00">
        <vehicle id="0" x="395.07" y="401.65" angle="-48.13" type="DEFAULT_VEHTYPE" speed="13.80" pos="0.18" lane="2/2to1/2_0" slope="0.00"/>
        <vehicle id="10" x="297.64" y="198.35" angle="90.00" type="DEFAULT_VEHTYPE" speed="12.70" pos="92.89" lane="1/1to2/1_0" slope="0.00"/>
        <vehicle id="11" x="601.65" y="379.78" angle="180.00" type="DEFAULT_VEHTYPE" speed="10.61" pos="175.03" lane="3/1to3/2_0" slope="0.00"/>
        <vehicle id="12" x="398.35" y="277.98" angle="0.00" type="DEFAULT_VEHTYPE" speed="13.22" pos="117.27" lane="2/2to2/1_0" slope="0.00"/>
        <vehicle id="15" x="398.35" y="19.70" angle="0.00" type="DEFAULT_VEHTYPE" speed="12.88" pos="175.55" lane="2/1to2/0_0" slope="0.00"/>
        <vehicle id="19" x="362.12" y="598.35" angle="90.00" type="DEFAULT_VEHTYPE" speed="13.13" pos="157.37" lane="1/3to2/3_0" slope="0.00"/>
        <vehicle id="2" x="601.65" y="449.48" angle="180.00" type="DEFAULT_VEHTYPE" speed="13.66" pos="44.73" lane="3/2to3/3_0" slope="0.00"/>
        <vehicle id="20" x="198.35" y="209.59" angle="0.00" type="DEFAULT_VEHTYPE" speed="12.65" pos="185.66" lane="1/2to1/1_0" slope="0.00"/>
        <vehicle id="23" x="201.65" y="235.93" angle="180.00" type="DEFAULT_VEHTYPE" speed="12.72" pos="31.18" lane="1/1to1/2_0" slope="0.00"/>
        <vehicle id="24" x="188.74" y="398.35" angle="90.00" type="DEFAULT_VEHTYPE" speed="4.60" pos="188.74" lane="0/2to1/2_0" slope="0.00"/>
        <vehicle id="4" x="401.65" y="710.79" angle="180.00" type="DEFAULT_VEHTYPE" speed="13.50" pos="106.04" lane="2/3to2/4_0" slope="0.00"/>
        <vehicle id="5" x="398.35" y="424.45" angle="0.00" type="DEFAULT_VEHTYPE" speed="13.13" pos="170.80" lane="2/3to2/2_0" slope="0.00"/>
        <vehicle id="6" x="306.95" y="598.35" angle="90.00" type="DEFAULT_VEHTYPE" speed="13.23" pos="102.20" lane="1/3to2/3_0" slope="0.00"/>
        <vehicle id="7" x="436.43" y="401.65" angle="-90.00" type="DEFAULT_VEHTYPE" speed="13.47" pos="158.82" lane="3/2to2/2_0" slope="0.00"/>
        <vehicle id="8" x="398.35" y="243.13" angle="0.00" type="DEFAULT_VEHTYPE" speed="12.87" pos="152.12" lane="2/2to2/1_0" slope="0.00"/>
    </timestep>
    <timestep time="374.00">
        <vehicle id="0" x="382.14" y="401.65" angle="-90.00" type="DEFAULT_VEHTYPE" speed="12.93" pos="13.11" lane="2/2to1/2_0" slope="0.00"/>
        <vehicle id="10" x="310.85" y="198.35" angle="90.00" type="DEFAULT_VEHTYPE" speed="13.21" pos="106.10" lane="1/1to2/1_0" slope="0.00"/>
        <vehicle id="11" x="601.65" y="386.63" angle="180.00" type="DEFAULT_VEHTYPE" speed="6.85" pos="181.88" lane="3/1to3/2_0" slope="0.00"/>
        <vehicle id="12" x="398.35" y="264.84" angle="0.00" type="DEFAULT_VEHTYPE" speed="13.14" pos="130.41" lane="2/2to2/1_0" slope="0.00"/>
        <vehicle id="15" x="398.35" y="6.42" angle="0.00" type="DEFAULT_VEHTYPE" speed="13.28" pos="188.83" lane="2/1to2/0_0" slope="0.00"/>
        <vehicle id="19" x="374.10" y="598.35" angle="90.00" type="DEFAULT_VEHTYPE" speed="11.98" pos="169.35" lane="1/3to2/3_0" slope="0.00"/>
        <vehicle id="2" x="601.65" y="462.16" angle="180.00" type="DEFAULT_VEHTYPE" speed="12.68" pos="57.41" lane="3/2to3/3_0" slope="0.00"/>
        <vehicle id="20" x="191.22" y="201.65" angle="-88.46" type="DEFAULT_VEHTYPE" speed="13.87" pos="4.03" lane="1/1to0/1_0" slope="0.00"/>
        <vehicle id="23" x="201.65" y="249.79" angle="180.00" type="DEFAULT_VEHTYPE" speed="13.86" pos="45.04" lane="1/1to1/2_0" slope="0.00"/>
        <vehicle id="24" x="195.33" y="398.36" angle="90.13" type="DEFAULT_VEHTYPE" speed="6.59" pos="0.08" lane=":1/2_14_0" slope="0.00"/>
        <vehicle id="4" x="401.65" y="723.74" angle="180.00" type="DEFAULT_VEHTYPE" speed="12.95" pos="118.99" lane="2/3to2/4_0" slope="0.00"/>
        <vehicle id="5" x="398.35" y="411.46" angle="0.00" type="DEFAULT_VEHTYPE" speed="12.99" pos="183.79" lane="2/3to2/2_0" slope="0.00"/>
        <vehicle id="6" x="319.86" y="598.35" angle="90.00" type="DEFAULT_VEHTYPE" speed="12.91" pos="115.11" lane="1/3to2/3_0" slope="0.00"/>
        <vehicle id="7" x="425.13" y="401.65" angle="-90.00" type="DEFAULT_VEHTYPE" speed="11.30" pos="170.12" lane="3/2to2/2_0" slope="0.00"/>
        <vehicle id="8" x="398.35" y="230.37" angle="0.00" type="DEFAULT_VEHTYPE" speed="12.76" pos="164.88" lane="2/2to2/1_0" slope="0.00"/>
    </timestep>
    <timestep time="375.00">
        <vehicle id="0" x="368.27" y="401.65" angle="-90.00" type="DEFAULT_VEHTYPE" speed="13.86" pos="26.98" lane="2/2to1/2_0" slope="0.00"/>
        <vehicle id="10" x="324.40" y="198.35" angle="90.00" type="DEFAULT_VEHTYPE" speed="13.55" pos="119.65" lane="1/1to2/1_0" slope="0.00"/>
        <vehicle id="11" x="601.65" y="390.41" angle="180.00" type="DEFAULT_VEHTYPE" speed="3.78" pos="185.66" lane="3/1to3/2_0" slope="0.00"/>
        <vehicle id="12" x="398.35" y="251.86" angle="0.00" type="DEFAULT_VEHTYPE" speed="12.97" pos="143.39" lane="2/2to2/1_0" slope="0.00"/>
        <vehicle id="15" x="401.65" y="2.34" angle="154.15" type="DEFAULT_VEHTYPE" speed="13.58" pos="2.34" lane="2/0to2/1_0" slope="0.00"/>
        <vehicle id="19" x="383.23" y="598.35" angle="90.00" type="DEFAULT_VEHTYPE" speed="9.14" pos="178.48" lane="1/3to2/3_0" slope="0.00"/>
        <vehicle id="2" x="601.65" y="475.65" angle="180.00" type="DEFAULT_VEHTYPE" speed="13.48" pos="70.90" lane="3/2to3/3_0" slope="0.00"/>
        <vehicle id="20" x="177.51" y="201.65" angle="-90.00" type="DEFAULT_VEHTYPE" speed="13.70" pos="17.74" lane="1/1to0/1_0" slope="0.00"/>
        <vehicle id="23" x="201.65" y="263.69" angle="180.00" type="DEFAULT_VEHTYPE" speed="13.90" pos="58.94" lane="1/1to1/2_0" slope="0.00"/>
        <vehicle id="24" x="201.45" y="403.32" angle="148.19" type="DEFAULT_VEHTYPE" speed="8.80" pos="8.87" lane=":1/2_14_0" slope="0.00"/>
        <vehicle id="4" x="401.65" y="736.96" angle="180.00" type="DEFAULT_VEHTYPE" speed="13.22" pos="132.21" lane="2/3to2/4_0" slope="0.00"/>
        <vehicle id="5" x="398.35" y="398.39" angle="0.00" type="DEFAULT_VEHTYPE" speed="13.07" pos="6.36" lane=":2/2_1_0" slope="0.00"/>
        <vehicle id="6" x="332.74" y="598.35" angle="90.00" type="DEFAULT_VEHTYPE" speed="12.88" pos="127.99" lane="1/3to2/3_0" slope="0.00"/>
        <vehicle id="7" x="416.38" y="401.65" angle="-90.00" type="DEFAULT_VEHTYPE" speed="8.75" pos="178.87" lane="3/2to2/2_0" slope="0.00"/>
        <vehicle id="8" x="398.35" y="216.67" angle="0.00" type="DEFAULT_VEHTYPE" speed="13.71" pos="178.58" lane="2/2to2/1_0" slope="0.00"/>
    </timestep>
    <timestep time="376.00">
        <vehicle id="0" x="355.05" y="401.65" angle="-90.00" type="DEFAULT_VEHTYPE" speed="13.23" pos="40.20" lane="2/2to1/2_0" slope="0.00"/>
        <vehicle id="10" x="337.50" y="198.35" angle="90.00" type="DEFAULT_VEHTYPE" speed="13.10" pos="132.75" lane="1/1to2/1_0" slope="0.00"/>
        <vehicle id="11" x="601.51" y="396.21" angle="-178.43" type="DEFAULT_VEHTYPE" speed="5.80" pos="0.97" lane=":3/2_10_0" slope="0.00"/>
        <vehicle id="12" x="398.35" y="238.14" angle="0.00" type="DEFAULT_VEHTYPE" speed="13.73" pos="157.11" lane="2/2to2/1_0" slope="0.00"/>
        <vehicle id="15" x="401.65" y="16.00" angle="180.00" type="DEFAULT_VEHTYPE" speed="13.66" pos="16.00" lane="2/0to2/1_0" slope="0.00"/>
        <vehicle id="19" x="387.93" y="598.35" angle="90.00" type="DEFAULT_VEHTYPE" speed="4.69" pos="183.18" lane="1/3to2/3_0" slope="0.00"/>
        <vehicle id="2" x="601.65" y="488.49" angle="180.00" type="DEFAULT_VEHTYPE" speed="12.85" pos="83.74" lane="3/2to3/3_0" slope="0.00"/>
        <vehicle id="20" x="164.24" y="201.65" angle="-90.00" type="DEFAULT_VEHTYPE" speed="13.28" pos="31.01" lane="1/1to0/1_0" slope="0.00"/>
        <vehicle id="23" x="201.65" y="277.41" angle="180.00" type="DEFAULT_VEHTYPE" speed="13.72" pos="72.66" lane="1/1to1/2_0" slope="0.00"/>
        <vehicle id="24" x="201.65" y="413.72" angle="180.00" type="DEFAULT_VEHTYPE" speed="10.41" pos="8.97" lane="1/2to1/3_0" slope="0.00"/>
        <vehicle id="4" x="401.65" y="749.75" angle="180.00" type="DEFAULT_VEHTYPE" speed="12.79" pos="145.00" lane="2/3to2/4_0" slope="0.00"/>
        <vehicle id="5" x="398.35" y="385.57" angle="0.00" type="DEFAULT_VEHTYPE" speed="12.82" pos="9.68" lane="2/2to2/1_0" slope="0.00"/>
        <vehicle id="6" x="345.78" y="598.35" angle="90.00" type="DEFAULT_VEHTYPE" speed="13.04" pos="141.03" lane="1/3to2/3_0" slope="0.00"/>
        <vehicle id="7" x="411.71" y="401.65" angle="-90.00" type="DEFAULT_VEHTYPE" speed="4.67" pos="183.54" lane="3/2to2/2_0" slope="0.00"/>
        <vehicle id="8" x="398.35" y="203.11" angle="0.00" type="DEFAULT_VEHTYPE" speed="13.56" pos="1.64" lane=":2/1_1_0" slope="0.00"/>
    </timestep>
    <timestep time="377.00">
        <vehicle id="0" x="342.34" y="401.65" angle="-90.00" type="DEFAULT_VEHTYPE" speed="12.71" pos="52.91" lane="2/2to1/2_0" slope="0.00"/>
        <vehicle id="10" x="350.88" y="198.35" angle="90.00" type="DEFAULT_VEHTYPE" speed="13.38" pos="146.13" lane="1/1to2/1_0" slope="0.00"/>
        <vehicle id="11" x="597.45" y="401.34" angle="-129.83" type="DEFAULT_VEHTYPE" speed="7.13" pos="0.96" lane=":3/2_18_0" slope="0.00"/>
        <vehicle id="12" x="398.35" y="224.66" angle="0.00" type="DEFAULT_VEHTYPE" speed="13.47" pos="170.59" lane="2/2to2/1_0" slope="0.00"/>
        <vehicle id="15" x="401.65" y="28.82" angle="180.00" type="DEFAULT_VEHTYPE" speed="12.82" pos="28.82" lane="2/0to2/1_0" slope="0.00"/>
        <vehicle id="19" x="390.65" y="598.35" angle="90.00" type="DEFAULT_VEHTYPE" speed="2.72" pos="185.90" lane="1/3to2/3_0" slope="0.00"/>
        <vehicle id="2" x="601.65" y="501.34" angle="180.00" type="DEFAULT_VEHTYPE" speed="12.85" pos="96.59" lane="3/2to3/3_0" slope="0.00"/>
        <vehicle id="20" x="151.58" y="201.65" angle="-90.00" type="DEFAULT_VEHTYPE" speed="12.66" pos="43.67" lane="1/1to0/1_0" slope="0.00"/>
        <vehicle id="23" x="201.65" y="290.90" angle="180.00" type="DEFAULT_VEHTYPE" speed="13.50" pos="86.15" lane="1/1to1/2_0" slope="0.00"/>
        <vehicle id="24" x="201.65" y="426.70" angle="180.00" type="DEFAULT_VEHTYPE" speed="12.99" pos="21.95" lane="1/2to1/3_0" slope="0.00"/>
        <vehicle id="4" x="401.65" y="763.03" angle="180.00" type="DEFAULT_VEHTYPE" speed="13.28" pos="158.28" lane="2/3to2/4_0" slope="0.00"/>
        <vehicle id="5" x="398.35" y="372.16" angle="0.00" type="DEFAULT_VEHTYPE" speed="13.40" pos="23.09" lane="2/2to2/1_0" slope="0.00"/>
        <vehicle id="6" x="359.04" y="598.35" angle="90.00" type="DEFAULT_VEHTYPE" speed="13.26" pos="154.29" lane="1/3to2/3_0" slope="0.00"/>
        <vehicle id="7" x="405.40" y="401.65" angle="-90.00" type="DEFAULT_VEHTYPE" speed="6.30" pos="189.85" lane="3/2to2/2_0" slope="0.00"/>
        <vehicle id="8" x="398.35" y="190.19" angle="0.00" type="DEFAULT_VEHTYPE" speed="12.92" pos="5.06" lane="2/1to2/0_0" slope="0.00"/>
    </timestep>
    <timestep time="378.00">
        <vehicle id="0" x="329.07" y="401.65" angle="-90.00" type="DEFAULT_VEHTYPE" speed="13.27" pos="66.18" lane="2/2to1/2_0" slope="0.00"/>
        <vehicle id="10" x="364.76" y="198.35" angle="90.00" type="DEFAULT_VEHTYPE" speed="13.88" pos="160.01" lane="1/1to2/1_0" slope="0.00"/>
        <vehicle id="11" x="588.32" y="401.65" angle="-90.00" type="DEFAULT_VEHTYPE" speed="9.15" pos="6.93" lane="3/2to2/2_0" slope="0.00"/>
        <vehicle id="12" x="398.35" y="211.06" angle="0.00" type="DEFAULT_VEHTYPE" speed="13.60" pos="184.19" lane="2/2to2/1_0" slope="0.00"/>
        <vehicle id="15" x="401.65" y="41.90" angle="180.00" type="DEFAULT_VEHTYPE" speed="13.08" pos="41.90" lane="2/0to2/1_0" slope="0.00"/>
        <vehicle id="19" x="395.08" y="598.35" angle="90.00" type="DEFAULT_VEHTYPE" speed="4.43" pos="190.33" lane="1/3to2/3_0" slope="0.00"/>
        <vehicle id="2" x="601.65" y="514.12" angle="180.00" type="DEFAULT_VEHTYPE" speed="12.78" pos="109.37" lane="3/2to3/3_0" slope="0.00"/>
        <vehicle id="20" x="138.26" y="201.65" angle="-90.00" type="DEFAULT_VEHTYPE" speed="13.32" pos="56.99" lane="1/1to0/1_0" slope="0.00"/>
        <vehicle id="23" x="201.65" y="303.66" angle="180.00" type="DEFAULT_VEHTYPE" speed="12.76" pos="98.91" lane="1/1to1/2_0" slope="0.00"/>
        <vehicle id="24" x="201.65" y="440.40" angle="180.00" type="DEFAULT_VEHTYPE" speed="13.70" pos="35.65" lane="1/2to1/3_0" slope="0.00"/>
        <vehicle id="4" x="401.65" y="775.80" angle="180.00" type="DEFAULT_VEHTYPE" speed="12.77" pos="171.05" lane="2/3to2/4_0" slope="0.00"/>
        <vehicle id="5" x="398.35" y="358.65" angle="0.00" type="DEFAULT_VEHTYPE" speed="13.51" pos="36.60" lane="2/2to2/1_0" slope="0.00"/>
        <vehicle id="6" x="368.70" y="598.35" angle="90.00" type="DEFAULT_VEHTYPE" speed="9.66" pos="163.95" lane="1/3to2/3_0" slope="0.00"/>
        <vehicle id="7" x="396.82" y="401.65" angle="-90.00" type="DEFAULT_VEHTYPE" speed="8.58" pos="7.93" lane=":2/2_5_0" slope="0.00"/>
        <vehicle id="8" x="398.35" y="176.55" angle="0.00" type="DEFAULT_VEHTYPE" speed="13.64" pos="18.70" lane="2/1to2/0_0" slope="0.00"/>
    </timestep>
    <timestep time="379.00">
        <vehicle id="0" x="315.61" y="401.65" angle="-90.00" type="DEFAULT_VEHTYPE" speed="13.46" pos="79.64" lane="2/2to1/2_0" slope="0.00"/>
        <vehicle id="10" x="376.59" y="198.35" angle="90.00" type="DEFAULT_VEHTYPE" speed="11.83" pos="171.84" lane="1/1to2/1_0" slope="0.00"/>
        <vehicle id="11" x="577.10" y="401.65" angle="-90.00" type="DEFAULT_VEHTYPE" speed="11.22" pos="18.15" lane="3/2to2/2_0" slope="0.00"/>
        <vehicle id="12" x="393.24" y="201.65" angle="-75.48" type="DEFAULT_VEHTYPE" speed="13.33" pos="2.01" lane="2/1to1/1_0" slope="0.00"/>
        <vehicle id="15" x="401.65" y="54.82" angle="180.00" type="DEFAULT_VEHTYPE" speed="12.93" pos="54.82" lane="2/0to2/1_0" slope="0.00"/>
        <vehicle id="19" x="400.84" y="601.26" angle="124.34" type="DEFAULT_VEHTYPE" speed="6.86" pos="6.69" lane=":2/3_14_0" slope="0.00"/>
        <vehicle id="2" x="601.65" y="527.56" angle="180.00" type="DEFAULT_VEHTYPE" speed="13.44" pos="122.81" lane="3/2to3/3_0" slope="0.00"/>
        <vehicle id="20" x="125.39" y="201.65" angle="-90.00" type="DEFAULT_VEHTYPE" speed="12.87" pos="69.86" lane="1/1to0/1_0" slope="0.00"/>
        <vehicle id="23" x="201.65" y="316.66" angle="180.00" type="DEFAULT_VEHTYPE" speed="13.00" pos="111.91" lane="1/1to1/2_0" slope="0.00"/>
        <vehicle id="24" x="201.65" y="453.21" angle="180.00" type="DEFAULT_VEHTYPE" speed="12.81" pos="48.46" lane="1/2to1/3_0" slope="0.00"/>
        <vehicle id="4" x="401.65" y="788.49" angle="180.00" type="DEFAULT_VEHTYPE" speed="12.69" pos="183.74" lane="2/3to2/4_0" slope="0.00"/>
        <vehicle id="5" x="398.35" y="345.45" angle="0.00" type="DEFAULT_VEHTYPE" speed="13.21" pos="49.80" lane="2/2to2/1_0" slope="0.00"/>
        <vehicle id="6" x="377.93" y="598.35" angle="90.00" type="DEFAULT_VEHTYPE" speed="9.23" pos="173.18" lane="1/3to2/3_0" slope="0.00"/>
        <vehicle id="7" x="385.78" y="401.65" angle="-90.00" type="DEFAULT_VEHTYPE" speed="11.04" pos="9.47" lane="2/2to1/2_0" slope="0.00"/>
        <vehicle id="8" x="398.35" y="163.83" angle="0.00" type="DEFAULT_VEHTYPE" speed="12.71" pos="31.42" lane="2/1to2/0_0" slope="0.00"/>
    </timestep>
    <timestep time="380.00">
        <vehicle id="0" x="302.28" y="401.65" angle="-90.00" type="DEFAULT_VEHTYPE" speed="13.34" pos="92.97" lane="2/2to1/2_0" slope="0.00"/>
        <vehicle id="10" x="384.17" y="198.35" angle="90.00" type="DEFAULT_VEHTYPE" speed="7.57" pos="179.42" lane="1/1to2/1_0" slope="0.00"/>
        <vehicle id="11" x="563.92" y="401.65" angle="-90.00" type="DEFAULT_VEHTYPE" speed="13.18" pos="31.33" lane="3/2to2/2_0" slope="0.00"/>
        <vehicle id="12" x="379.67" y="201.65" angle="-90.00" type="DEFAULT_VEHTYPE" speed="13.56" pos="15.58" lane="2/1to1/1_0" slope="0.00"/>
        <vehicle id="15" x="401.65" y="67.98" angle="180.00" type="DEFAULT_VEHTYPE" speed="13.15" pos="67.98" lane="2/0to2/1_0" slope="0.00"/>
        <vehicle id="19" x="401.65" y="609.47" angle="179.54" type="DEFAULT_VEHTYPE" speed="8.34" pos="4.72" lane="2/3to2/4_0" slope="0.00"/>
        <vehicle id="2" x="601.65" y="540.74" angle="180.00" type="DEFAULT_VEHTYPE" speed="13.18" pos="135.99" lane="3/2to3/3_0" slope="0.00"/>
        <vehicle id="20" x="112.11" y="201.65" angle="-90.00" type="DEFAULT_VEHTYPE" speed="13.28" pos="83.14" lane="1/1to0/1_0" slope="0.00"/>
        <vehicle id="23" x="201.65" y="329.66" angle="180.00" type="DEFAULT_VEHTYPE" speed="12.99" pos="124.91" lane="1/1to1/2_0" slope="0.00"/>
        <vehicle id="24" x="201.65" y="466.26" angle="180.00" type="DEFAULT_VEHTYPE" speed="13.06" pos="61.51" lane="1/2to1/3_0" slope="0.00"/>
        <vehicle id="4" x="400.60" y="801.35" angle="-167.23" type="DEFAULT_VEHTYPE" speed="13.25" pos="1.74" lane=":2/4_0_0" slope="0.00"/>
        <vehicle id="5" x="398.35" y="331.74" angle="0.00" type="DEFAULT_VEHTYPE" speed="13.70" pos="63.51" lane="2/2to2/1_0" slope="0.00"/>
        <vehicle id="6" x="384.77" y="598.35" angle="90.00" type="DEFAULT_VEHTYPE" speed="6.84" pos="180.02" lane="1/3to2/3_0" slope="0.00"/>
        <vehicle id="7" x="373.19" y="401.65" angle="-90.00" type="DEFAULT_VEHTYPE" speed="12.59" pos="22.06" lane="2/2to1/2_0" slope="0.00"/>
        <vehicle id="8" x="398.35" y="150.87" angle="0.00" type="DEFAULT_VEHTYPE" speed="12.96" pos="44.38" lane="2/1to2/0_0" slope="0.00"/>
    </timestep>
    <timestep time="381.00">
        <vehicle id="0" x="288.89" y="401.65" angle="-90.00" type="DEFAULT_VEHTYPE" speed="13.39" pos="106.36" lane="2/2to1/2_0" slope="0.00"/>
        <vehicle id="10" x="389.49" y="198.35" angle="90.00" type="DEFAULT_VEHTYPE" speed="5.32" pos="184.74" lane="1/1to2/1_0" slope="0.00"/>
        <vehicle id="11" x="550.63" y="401.65" angle="-90.00" type="DEFAULT_VEHTYPE" speed="13.29" pos="44.62" lane="3/2to2/2_0" slope="0.00"/>
        <vehicle id="12" x="367.03" y="201.65" angle="-90.00" type="DEFAULT_VEHTYPE" speed="12.64" pos="28.22" lane="2/1to1/1_0" slope="0.00"/>
        <vehicle id="15" x="401.65" y="80.82" angle="180.00" type="DEFAULT_VEHTYPE" speed="12.85" pos="80.82" lane="2/0to2/1_0" slope="0.00"/>
        <vehicle id="19" x="401.65" y="619.86" angle="180.00" type="DEFAULT_VEHTYPE" speed="10.39" pos="15.11" lane="2/3to2/4_0" slope="0.00"/>
        <vehicle id="2" x="601.65" y="553.67" angle="180.00" type="DEFAULT_VEHTYPE" speed="12.92" pos="148.92" lane="3/2to3/3_0" slope="0.00"/>
        <vehicle id="20" x="99.06" y="201.65" angle="-90.00" type="DEFAULT_VEHTYPE" speed="13.05" pos="96.19" lane="1/1to0/1_0" slope="0.00"/>
        <vehicle id="23" x="201.65" y="343.17" angle="180.00" type="DEFAULT_VEHTYPE" speed="13.51" pos="138.42" lane="1/1to1/2_0" slope="0.00"/>
        <vehicle id="24" x="201.65" y="479.97" angle="180.00" type="DEFAULT_VEHTYPE" speed="13.71" pos="75.22" lane="1/2to1/3_0" slope="0.00"/>
        <vehicle id="4" x="398.35" y="789.63" angle="0.00" type="DEFAULT_VEHTYPE" speed="13.45" pos="10.37" lane="2/4to2/3_0" slope="0.00"/>
        <vehicle id="5" x="398.35" y="318.06" angle="0.00" type="DEFAULT_VEHTYPE" speed="13.68" pos="77.19" lane="2/2to2/1_0" slope="0.00"/>
        <vehicle id="6" x="389.31" y="598.35" angle="90.00" type="DEFAULT_VEHTYPE" speed="4.55" pos="184.56" lane="1/3to2/3_0" slope="0.00"/>
        <vehicle id="7" x="360.50" y="401.65" angle="-90.00" type="DEFAULT_VEHTYPE" speed="12.69" pos="34.75" lane="2/2to1/2_0" slope="0.00"/>
        <vehicle id="8" x="398.35" y="137.68" angle="0.00" type="DEFAULT_VEHTYPE" speed="13.19" pos="57.57" lane="2/1to2/0_0" slope="0.00"/>
    </timestep>
    <timestep time="382.00">
        <vehicle id="0" x="275.86" y="401.65" angle="-90.00" type="DEFAULT_VEHTYPE" speed="13.03" pos="119.39" lane="2/2to1/2_0" slope="0.00"/>
        <vehicle id="10" x="396.50" y="198.35" angle="90.00" type="DEFAULT_VEHTYPE" speed="7.01" pos="1.25" lane=":2/1_13_0" slope="0.00"/>
        <vehicle id="11" x="536.99" y="401.65" angle="-90.00" type="DEFAULT_VEHTYPE" speed="13.63" pos="58.26" lane="3/2to2/2_0" slope="0.00"/>
        <vehicle id="12" x="353.99" y="201.65" angle="-90.00" type="DEFAULT_VEHTYPE" speed="13.04" pos="41.26" lane="2/1to1/1_0" slope="0.00"/>
        <vehicle id="15" x="401.65" y="94.61" angle="180.00" type="DEFAULT_VEHTYPE" speed="13.79" pos="94.61" lane="2/0to2/1_0" slope="0.00"/>
        <vehicle id="19" x="401.65" y="632.07" angle="180.00" type="DEFAULT_VEHTYPE" speed="12.22" pos="27.32" lane="2/3to2/4_0" slope="0.00"/>
        <vehicle id="2" x="601.65" y="566.54" angle="180.00" type="DEFAULT_VEHTYPE" speed="12.88" pos="161.79" lane="3/2to3/3_0" slope="0.00"/>
        <vehicle id="20" x="85.34" y="201.65" angle="-90.00" type="DEFAULT_VEHTYPE" speed="13.72" pos="109.91" lane="1/1to0/1_0" slope="0.00"/>
        <vehicle id="23" x="201.65" y="356.07" angle="180.00" type="DEFAULT_VEHTYPE" speed="12.90" pos="151.32" lane="1/1to1/2_0" slope="0.00"/>
        <vehicle id="24" x="201.65" y="493.85" angle="180.00" type="DEFAULT_VEHTYPE" speed="13.88" pos="89.10" lane="1/2to1/3_0" slope="0.00"/>
        <vehicle id="4" x="398.35" y="775.84" angle="0.00" type="DEFAULT_VEHTYPE" speed="13.79" pos="24.16" lane="2/4to2/3_0" slope="0.00"/>
        <vehicle id="5" x="398.35" y="304.67" angle="0.00" type="DEFAULT_VEHTYPE" speed="13.40" pos="90.58" lane="2/2to2/1_0" slope="0.00"/>
        <vehicle id="6" x="395.91" y="598.44" angle="91.08" type="DEFAULT_VEHTYPE" speed="6.60" pos="0.67" lane=":2/3_14_0" slope="0.00"/>
        <vehicle id="7" x="347.36" y="401.65" angle="-90.00" type="DEFAULT_VEHTYPE" speed="13.14" pos="47.89" lane="2/2to1/2_0" slope="0.00"/>
        <vehicle id="8" x="398.35" y="124.65" angle="0.00" type="DEFAULT_VEHTYPE" speed="13.04" pos="70.60" lane="2/1to2/0_0" slope="0.00"/>
    </timestep>
    <timestep time="383.00">
        <vehicle id="0" x="262.82" y="401.65" angle="-90.00" type="DEFAULT_VEHTYPE" speed="13.04" pos="132.43" lane="2/2to1/2_0" slope="0.00"/>
        <vehicle id="10" x="405.79" y="198.35" angle="90.00" type="DEFAULT_VEHTYPE" speed="9.29" pos="1.04" lane="2/1to3/1_0" slope="0.00"/>
        <vehicle id="11" x="523.35" y="401.65" angle="-90.00" type="DEFAULT_VEHTYPE" speed="13.65" pos="71.90" lane="3/2to2/2_0" slope="0.00"/>
        <vehicle id="12" x="340.97" y="201.65" angle="-90.00" type="DEFAULT_VEHTYPE" speed="13.02" pos="54.28" lane="2/1to1/1_0" slope="0.00"/>
        <vehicle id="15" x="401.65" y="108.13" angle="180.00" type="DEFAULT_VEHTYPE" speed="13.51" pos="108.13" lane="2/0to2/1_0" slope="0.00"/>
        <vehicle id="19" x="401.65" y="644.94" angle="180.00" type="DEFAULT_VEHTYPE" speed="12.86" pos="40.19" lane="2/3to2/4_0" slope="0.00"/>
        <vehicle id="2" x="601.65" y="579.35" angle="180.00" type="DEFAULT_VEHTYPE" speed="12.81" pos="174.60" lane="3/2to3/3_0" slope="0.00"/>
        <vehicle id="20" x="71.80" y="201.65" angle="-90.00" type="DEFAULT_VEHTYPE" speed="13.54" pos="123.45" lane="1/1to0/1_0" slope="0.00"/>
        <vehicle id="23" x="201.65" y="368.90" angle="180.00" type="DEFAULT_VEHTYPE" speed="12.83" pos="164.15" lane="1/1to1/2_0" slope="0.00"/>
        <vehicle id="24" x="201.65" y="507.22" angle="180.00" type="DEFAULT_VEHTYPE" speed="13.37" pos="102.47" lane="1/2to1/3_0" slope="0.00"/>
        <vehicle id="4" x="398.35" y="762.80" angle="0.00" type="DEFAULT_VEHTYPE" speed="13.04" pos="37.20" lane="2/4to2/3_0" slope="0.00"/>
        <vehicle id="5" x="398.35" y="290.93" angle="0.00" type="DEFAULT_VEHTYPE" speed="13.74" pos="104.32" lane="2/2to2/1_0" slope="0.00"/>
        <vehicle id="6" x="401.47" y="603.48" angle="149.88" type="DEFAULT_VEHTYPE" speed="8.37" pos="9.04" lane=":2/3_14_0" slope="0.00"/>
        <vehicle id="7" x="333.48" y="401.65" angle="-90.00" type="DEFAULT_VEHTYPE" speed="13.87" pos="61.77" lane="2/2to1/2_0" slope="0.00"/>
        <vehicle id="8" x="398.35" y="111.94" angle="0.00" type="DEFAULT_VEHTYPE" speed="12.70" pos="83.31" lane="2/1to2/0_0" slope="0.00"/>
    </timestep>
    <timestep time="384.00">
        <vehicle id="0" x="249.09" y="401.65" angle="-90.00" type="DEFAULT_VEHTYPE" speed="13.73" pos="146.16" lane="2/2to1/2_0" slope="0.00"/>
        <vehicle id="10" x="416.62" y="198.35" angle="90.00" type="DEFAULT_VEHTYPE" speed="10.83" pos="11.87" lane="2/1to3/1_0" slope="0.00"/>
        <vehicle id="11" x="509.72" y="401.65" angle="-90.00" type="DEFAULT_VEHTYPE" speed="13.63" pos="85.53" lane="3/2to2/2_0" slope="0.00"/>
        <vehicle id="12" x="328.35" y="201.65" angle="-90.00" type="DEFAULT_VEHTYPE" speed="12.62" pos="66.90" lane="2/1to1/1_0" slope="0.00"/>
        <vehicle id="15" x="401.65" y="121.04" angle="180.00" type="DEFAULT_VEHTYPE" speed="12.91" pos="121.04" lane="2/0to2/1_0" slope="0.00"/>
        <vehicle id="19" x="401.65" y="658.74" angle="180.00" type="DEFAULT_VEHTYPE" speed="13.80" pos="53.99" lane="2/3to2/4_0" slope="0.00"/>
        <vehicle id="2" x="601.65" y="592.28" angle="180.00" type="DEFAULT_VEHTYPE" speed="12.92" pos="187.53" lane="3/2to3/3_0" slope="0.00"/>
        <vehicle id="20" x="58.19" y="201.65" angle="-90.00" type="DEFAULT_VEHTYPE" speed="13.61" pos="137.06" lane="1/1to0/1_0" slope="0.00"/>
        <vehicle id="23" x="201.65" y="382.73" angle="180.00" type="DEFAULT_VEHTYPE" speed="13.83" pos="177.98" lane="1/1to1/2_0" slope="0.00"/>
        <vehicle id="24" x="201.65" y="520.62" angle="180.00" type="DEFAULT_VEHTYPE" speed="13.40" pos="115.87" lane="1/2to1/3_0" slope="0.00"/>
        <vehicle id="4" x="398.35" y="749.14" angle="0.00" type="DEFAULT_VEHTYPE" speed="13.66" pos="50.86" lane="2/4to2/3_0" slope="0.00"/>
        <vehicle id="5" x="398.35" y="278.05" angle="0.00" type="DEFAULT_VEHTYPE" speed="12.88" pos="117.20" lane="2/2to2/1_0" slope="0.00"/>
        <vehicle id="6" x="401.65" y="613.43" angle="180.00" type="DEFAULT_VEHTYPE" speed="9.97" pos="8.68" lane="2/3to2/4_0" slope="0.00"/>
        <vehicle id="7" x="320.08" y="401.65" angle="-90.00" type="DEFAULT_VEHTYPE" speed="13.40" pos="75.17" lane="2/2to1/2_0" slope="0.00"/>
        <vehicle id="8" x="398.35" y="99.03" angle="0.00" type="DEFAULT_VEHTYPE" speed="12.91" pos="96.22" lane="2/1to2/0_0" slope="0.00"/>
    </timestep>
    <timestep time="385.00">
        <vehicle id="0" x="235.33" y="401.65" angle="-90.00" type="DEFAULT_VEHTYPE" speed="13.76" pos="159.92" lane="2/2to1/2_0" slope="0.00"/>
        <vehicle id="10" x="430.02" y="198.35" angle="90.00" type="DEFAULT_VEHTYPE" speed="13.40" pos="25.27" lane="2/1to3/1_0" slope="0.00"/>
        <vehicle id="11" x="496.25" y="401.65" angle="-90.00" type="DEFAULT_VEHTYPE" speed="13.47" pos="99.00" lane="3/2to2/2_0" slope="0.00"/>
        <vehicle id="12" x="314.51" y="201.65" angle="-90.00" type="DEFAULT_VEHTYPE" speed="13.84" pos="80.74" lane="2/1to1/1_0" slope="0.00"/>
        <vehicle id="15" x="401.65" y="134.03" angle="180.00" type="DEFAULT_VEHTYPE" speed="12.99" pos="134.03" lane="2/0to2/1_0" slope="0.00"/>
        <vehicle id="19" x="401.65" y="671.44" angle="180.00" type="DEFAULT_VEHTYPE" speed="12.70" pos="66.69" lane="2/3to2/4_0" slope="0.00"/>
        <vehicle id="2" x="609.40" y="598.35" angle="90.57" type="DEFAULT_VEHTYPE" speed="12.62" pos="4.65" lane="3/3to4/3_0" slope="0.00"/>
        <vehicle id="20" x="44.75" y="201.65" angle="-90.00" type="DEFAULT_VEHTYPE" speed="13.44" pos="150.50" lane="1/1to0/1_0" slope="0.00"/>
        <vehicle id="23" x="201.65" y="395.98" angle="180.00" type="DEFAULT_VEHTYPE" speed="13.25" pos="0.73" lane=":1/2_9_0" slope="0.00"/>
        <vehicle id="24" x="201.65" y="533.29" angle="180.00" type="DEFAULT_VEHTYPE" speed="12.67" pos="128.54" lane="1/2to1/3_0" slope="0.00"/>
        <vehicle id="4" x="398.35" y="735.34" angle="0.00" type="DEFAULT_VEHTYPE" speed="13.80" pos="64.66" lane="2/4to2/3_0" slope="0.00"/>
        <vehicle id="5" x="398.35" y="265.33" angle="0.00" type="DEFAULT_VEHTYPE" speed="12.72" pos="129.92" lane="2/2to2/1_0" slope="0.00"/>
        <vehicle id="6" x="401.65" y="625.71" angle="180.00" type="DEFAULT_VEHTYPE" speed="12.28" pos="20.96" lane="2/3to2/4_0" slope="0.00"/>
        <vehicle id="7" x="306.38" y="401.65" angle="-90.00" type="DEFAULT_VEHTYPE" speed="13.70" pos="88.87" lane="2/2to1/2_0" slope="0.00"/>
        <vehicle id="8" x="398.35" y="85.49" angle="0.00" type="DEFAULT_VEHTYPE" speed="13.54" pos="109.76" lane="2/1to2/0_0" slope="0.00"/>
    </timestep>
    <timestep time="386.00">
        <vehicle id="0" x="224.35" y="401.65" angle="-90.00" type="DEFAULT_VEHTYPE" speed="10.98" pos="170.90" lane="2/2to1/2_0" slope="0.00"/>
        <vehicle id="10" x="442.80" y="198.35" angle="90.00" type="DEFAULT_VEHTYPE" speed="12.78" pos="38.05" lane="2/1to3/1_0" slope="0.00"/>
        <vehicle id="11" x="483.15" y="401.65" angle="-90.00" type="DEFAULT_VEHTYPE" speed="13.10" pos="112.10" lane="3/2to2/2_0" slope="0.00"/>
        <vehicle id="12" x="301.59" y="201.65" angle="-90.00" type="DEFAULT_VEHTYPE" speed="12.92" pos="93.66" lane="2/1to1/1_0" slope="0.00"/>
        <vehicle id="15" x="401.65" y="147.79" angle="180.00" type="DEFAULT_VEHTYPE" speed="13.75" pos="147.79" lane="2/0to2/1_0" slope="0.00"/>
        <vehicle id="19" x="401.65" y="684.48" angle="180.00" type="DEFAULT_VEHTYPE" speed="13.03" pos="79.73" lane="2/3to2/4_0" slope="0.00"/>
        <vehicle id="2" x="622.30" y="598.35" angle="90.00" type="DEFAULT_VEHTYPE" speed="12.90" pos="17.55" lane="3/3to4/3_0" slope="0.00"/>
        <vehicle id="20" x="31.69" y="201.65" angle="-90.00" type="DEFAULT_VEHTYPE" speed="13.06" pos="163.56" lane="1/1to0/1_0" slope="0.00"/>
        <vehicle id="23" x="201.65" y="408.58" angle="180.00" type="DEFAULT_VEHTYPE" speed="12.61" pos="3.83" lane="1/2to1/3_0" slope="0.00"/>
        <vehicle id="24" x="201.65" y="547.03" angle="180.00" type="DEFAULT_VEHTYPE" speed="13.74" pos="142.28" lane="1/2to1/3_0" slope="0.00"/>
        <vehicle id="4" x="398.35" y="722.49" angle="0.00" type="DEFAULT_VEHTYPE" speed="12.85" pos="77.51" lane="2/4to2/3_0" slope="0.00"/>
        <vehicle id="5" x="398.35" y="252.25" angle="0.00" type="DEFAULT_VEHTYPE" speed="13.09" pos="143.00" lane="2/2to2/1_0" slope="0.00"/>
        <vehicle id="6" x="401.65" y="638.74" angle="180.00" type="DEFAULT_VEHTYPE" speed="13.03" pos="33.99" lane="2/3to2/4_0" slope="0.00"/>
        <vehicle id="7" x="292.88" y="401.65" angle="-90.00" type="DEFAULT_VEHTYPE" speed="13.50" pos="102.37" lane="2/2to1/2_0" slope="0.00"/>
        <vehicle id="8" x="398.35" y="72.81" angle="0.00" type="DEFAULT_VEHTYPE" speed="12.68" pos="122.44" lane="2/1to2/0_0" slope="0.00"/>
    </timestep>
    <timestep time="387.00">
        <vehicle id="0" x="216.53" y="401.65" angle="-90.00" type="DEFAULT_VEHTYPE" speed="7.82" pos="178.72" lane="2/2to1/2_0" slope="0.00"/>
        <vehicle id="10" x="456.17" y="198.35" angle="90.00" type="DEFAULT_VEHTYPE" speed="13.37" pos="51.42" lane="2/1to3/1_0" slope="0.00"/>
        <vehicle id="11" x="469.74" y="401.65" angle="-90.00" type="DEFAULT_VEHTYPE" speed="13.42" pos="125.51" lane="3/2to2/2_0" slope="0.00"/>
        <vehicle id="12" x="288.57" y="201.65" angle="-90.00" type="DEFAULT_VEHTYPE" speed="13.02" pos="106.68" lane="2/1to1/1_0" slope="0.00"/>
        <vehicle id="15" x="401.65" y="160.54" angle="180.00" type="DEFAULT_VEHTYPE" speed="12.76" pos="160.54" lane="2/0to2/1_0" slope="0.00"/>
        <vehicle id="19" x="401.65" y="697.15" angle="180.00" type="DEFAULT_VEHTYPE" speed="12.67" pos="92.40" lane="2/3to2/4_0" slope="0.00"/>
        <vehicle id="2" x="635.09" y="598.35" angle="90.00" type="DEFAULT_VEHTYPE" speed="12.79" pos="30.34" lane="3/3to4/3_0" slope="0.00"/>
        <vehicle id="20" x="17.99" y="201.65" angle="-90.00" type="DEFAULT_VEHTYPE" speed="13.70" pos="177.26" lane="1/1to0/1_0" slope="0.00"/>
        <vehicle id="23" x="201.65" y="421.62" angle="180.00" type="DEFAULT_VEHTYPE" speed="13.03" pos="16.87" lane="1/2to1/3_0" slope="0.00"/>
        <vehicle id="24" x="201.65" y="560.28" angle="180.00" type="DEFAULT_VEHTYPE" speed="13.25" pos="155.53" lane="1/2to1/3_0" slope="0.00"/>
        <vehicle id="4" x="398.35" y="709.74" angle="0.00" type="DEFAULT_VEHTYPE" speed="12.75" pos="90.26" lane="2/4to2/3_0" slope="0.00"/>
        <vehicle id="5" x="398.35" y="238.55" angle="0.00" type="DEFAULT_VEHTYPE" speed="13.69" pos="156.70" lane="2/2to2/1_0" slope="0.00"/>
        <vehicle id="6" x="401.65" y="652.02" angle="180.00" type="DEFAULT_VEHTYPE" speed="13.27" pos="47.27" lane="2/3to2/4_0" slope="0.00"/>
        <vehicle id="7" x="279.72" y="401.65" angle="-90.00" type="DEFAULT_VEHTYPE" speed="13.16" pos="115.53" lane="2/2to1/2_0" slope="0.00"/>
        <vehicle id="8" x="398.35" y="60.07" angle="0.00" type="DEFAULT_VEHTYPE" speed="12.75" pos="135.18" lane="2/1to2/0_0" slope="0.00"/>
    </timestep>
    <timestep time="388.00">
        <vehicle id="0" x="211.70" y="401.65" angle="-90.00" type="DEFAULT_VEHTYPE" speed="4.84" pos="183.55" lane="2/2to1/2_0" slope="0.00"/>
        <vehicle id="10" x="469.49" y="198.35" angle="90.00" type="DEFAULT_VEHTYPE" speed="13.32" pos="64.74" lane="2/1to3/1_0" slope="0.00"/>
        <vehicle id="11" x="456.00" y="401.65" angle="-90.00" type="DEFAULT_VEHTYPE" speed="13.73" pos="139.25" lane="3/2to2/2_0" slope="0.00"/>
        <vehicle id="12" x="275.72" y="201.65" angle="-90.00" type="DEFAULT_VEHTYPE" speed="12.86" pos="119.53" lane="2/1to1/1_0" slope="0.00"/>
        <vehicle id="15" x="401.65" y="173.96" angle="180.00" type="DEFAULT_VEHTYPE" speed="13.42" pos="173.96" lane="2/0to2/1_0" slope="0.00"/>
        <vehicle id="19" x="401.65" y="710.41" angle="180.00" type="DEFAULT_VEHTYPE" speed="13.26" pos="105.66" lane="2/3to2/4_0" slope="0.00"/>
        <vehicle id="2" x="648.70" y="598.35" angle="90.00" type="DEFAULT_VEHTYPE" speed="13.61" pos="43.95" lane="3/3to4/3_0" slope="0.00"/>
        <vehicle id="20" x="4.10" y="201.65" angle="-90.00" type="DEFAULT_VEHTYPE" speed="13.89" pos="191.15" lane="1/1to0/1_0" slope="0.00"/>
        <vehicle id="23" x="201.65" y="434.34" angle="180.00" type="DEFAULT_VEHTYPE" speed="12.73" pos="29.59" lane="1/2to1/3_0" slope="0.00"/>
        <vehicle id="24" x="201.65" y="573.51" angle="180.00" type="DEFAULT_VEHTYPE" speed="13.23" pos="168.76" lane="1/2to1/3_0" slope="0.00"/>
        <vehicle id="4" x="398.35" y="696.39" angle="0.00" type="DEFAULT_VEHTYPE" speed="13.35" pos="103.61" lane="2/4to2/3_0" slope="0.00"/>
        <vehicle id="5" x="398.35" y="225.54" angle="0.00" type="DEFAULT_VEHTYPE" speed="13.01" pos="169.71" lane="2/2to2/1_0" slope="0.00"/>
        <vehicle id="6" x="401.65" y="665.69" angle="180.00" type="DEFAULT_VEHTYPE" speed="13.68" pos="60.94" lane="2/3to2/4_0" slope="0.00"/>
        <vehicle id="7" x="266.51" y="401.65" angle="-90.00" type="DEFAULT_VEHTYPE" speed="13.21" pos="128.74" lane="2/2to1/2_0" slope="0.00"/>
        <vehicle id="8" x="398.35" y="46.73" angle="0.00" type="DEFAULT_VEHTYPE" speed="13.34" pos="148.52" lane="2/1to2/0_0" slope="0.00"/>
    </timestep>
    <timestep time="389.00">
        <vehicle id="0" x="204.63" y="401.65" angle="-90.00" type="DEFAULT_VEHTYPE" speed="7.07" pos="0.12" lane=":1/2_5_0" slope="0.00"/>
        <vehicle id="10" x="483.35" y="198.35" angle="90.00" type="DEFAULT_VEHTYPE" speed="13.86" pos="78.60" lane="2/1to3/1_0" slope="0.00"/>
        <vehicle id="11" x="442.89" y="401.65" angle="-90.00" type="DEFAULT_VEHTYPE" speed="13.11" pos="152.36" lane="3/2to2/2_0" slope="0.00"/>
        <vehicle id="12" x="262.72" y="201.65" angle="-90.00" type="DEFAULT_VEHTYPE" speed="12.99" pos="132.53" lane="2/1to1/1_0" slope="0.00"/>
        <vehicle id="15" x="401.65" y="187.28" angle="180.00" type="DEFAULT_VEHTYPE" speed="13.33" pos="187.28" lane="2/0to2/1_0" slope="0.00"/>
        <vehicle id="19" x="401.65" y="723.81" angle="180.00" type="DEFAULT_VEHTYPE" speed="13.40" pos="119.06" lane="2/3to2/4_0" slope="0.00"/>
        <vehicle id="2" x="662.59" y="598.35" angle="90.00" type="DEFAULT_VEHTYPE" speed="13.89" pos="57.84" lane="3/3to4/3_0" slope="0.00"/>
        <vehicle id="20" x="4.05" y="198.35" angle="83.79" type="DEFAULT_VEHTYPE" speed="12.97" pos="4.05" lane="0/1to1/1_0" slope="0.00"/>
        <vehicle id="23" x="201.65" y="447.50" angle="180.00" type="DEFAULT_VEHTYPE" speed="13.16" pos="42.75" lane="1/2to1/3_0" slope="0.00"/>
        <vehicle id="24" x="201.65" y="586.57" angle="180.00" type="DEFAULT_VEHTYPE" speed="13.06" pos="181.82" lane="1/2to1/3_0" slope="0.00"/>
        <vehicle id="4" x="398.35" y="683.49" angle="0.00" type="DEFAULT_VEHTYPE" speed="12.90" pos="116.51" lane="2/4to2/3_0" slope="0.00"/>
        <vehicle id="5" x="398.35" y="211.83" angle="0.00" type="DEFAULT_VEHTYPE" speed="13.72" pos="183.42" lane="2/2to2/1_0" slope="0.00"/>
        <vehicle id="6" x="401.65" y="679.17" angle="180.00" type="DEFAULT_VEHTYPE" speed="13.48" pos="74.42" lane="2/3to2/4_0" slope="0.00"/>
        <vehicle id="7" x="253.90" y="401.65" angle="-90.00" type="DEFAULT_VEHTYPE" speed="12.61" pos="141.35" lane="2/2to1/2_0" slope="0.00"/>
        <vehicle id="8" x="398.35" y="33.47" angle="0.00" type="DEFAULT_VEHTYPE" speed="13.26" pos="161.78" lane="2/1to2/0_0" slope="0.00"/>
    </timestep>
    <timestep time="390.00">
        <vehicle id="0" x="195.19" y="401.65" angle="-90.00" type="DEFAULT_VEHTYPE" speed="9.44" pos="0.06" lane="1/2to0/2_0" slope="0.00"/>
        <vehicle id="10" x="497.21" y="198.35" angle="90.00" type="DEFAULT_VEHTYPE" speed="13.86" pos="92.46" lane="2/1to3/1_0" slope="0.00"/>
        <vehicle id="11" x="429.20" y="401.65" angle="-90.00" type="DEFAULT_VEHTYPE" speed="13.69" pos="166.05" lane="3/2to2/2_0" slope="0.00"/>
        <vehicle id="12" x="249.57" y="201.65" angle="-90.00" type="DEFAULT_VEHTYPE" speed="13.15" pos="145.68" lane="2/1to1/1_0" slope="0.00"/>
        <vehicle id="15" x="405.65" y="198.35" angle="119.65" type="DEFAULT_VEHTYPE" speed="13.87" pos="0.90" lane="2/1to3/1_0" slope="0.00"/>
        <vehicle id="19" x="401.65" y="737.25" angle="180.00" type="DEFAULT_VEHTYPE" speed="13.43" pos="132.50" lane="2/3to2/4_0" slope="0.00"/>
        <vehicle id="2" x="675.55" y="598.35" angle="90.00" type="DEFAULT_VEHTYPE" speed="12.95" pos="70.80" lane="3/3to4/3_0" slope="0.00"/>
        <vehicle id="20" x="16.90" y="198.35" angle="90.00" type="DEFAULT_VEHTYPE" speed="12.85" pos="16.90" lane="0/1to1/1_0" slope="0.00"/>
        <vehicle id="23" x="201.65" y="460.46" angle="180.00" type="DEFAULT_VEHTYPE" speed="12.96" pos="55.71" lane="1/2to1/3_0" slope="0.00"/>
        <vehicle id="24" x="203.98" y="598.24" angle="148.28" type="DEFAULT_VEHTYPE" speed="12.90" pos="4.22" lane=":1/3_8_0" slope="0.00"/>
        <vehicle id="4" x="398.35" y="669.79" angle="0.00" type="DEFAULT_VEHTYPE" speed="13.70" pos="130.21" lane="2/4to2/3_0" slope="0.00"/>
        <vehicle id="5" x="394.26" y="201.65" angle="-61.85" type="DEFAULT_VEHTYPE" speed="13.07" pos="0.99" lane="2/1to1/1_0" slope="0.00"/>
        <vehicle id="6" x="401.65" y="692.16" angle="180.00" type="DEFAULT_VEHTYPE" speed="12.99" pos="87.41" lane="2/3to2/4_0" slope="0.00"/>
        <vehicle id="7" x="241.27" y="401.65" angle="-90.00" type="DEFAULT_VEHTYPE" speed="12.63" pos="153.98" lane="2/2to1/2_0" slope="0.00"/>
        <vehicle id="8" x="398.35" y="19.61" angle="0.00" type="DEFAULT_VEHTYPE" speed="13.86" pos="175.64" lane="2/1to2/0_0" slope="0.00"/>
    </timestep>
    <timestep time="391.00">
        <vehicle id="0" x="183.21" y="401.65" angle="-90.00" type="DEFAULT_VEHTYPE" speed="11.99" pos="12.04" lane="1/2to0/2_0" slope="0.00"/>
        <vehicle id="10" x="509.91" y="198.35" angle="90.00" type="DEFAULT_VEHTYPE" speed="12.70" pos="105.16" lane="2/1to3/1_0" slope="0.00"/>
        <vehicle id="11" x="419.78" y="401.65" angle="-90.00" type="DEFAULT_VEHTYPE" speed="9.42" pos="175.47" lane="3/2to2/2_0" slope="0.00"/>
        <vehicle id="12" x="235.92" y="201.65" angle="-90.00" type="DEFAULT_VEHTYPE" speed="13.65" pos="159.33" lane="2/1to1/1_0" slope="0.00"/>
        <vehicle id="15" x="419.50" y="198.35" angle="90.00" type="DEFAULT_VEHTYPE" speed="13.85" pos="14.75" lane="2/1to3/1_0" slope="0.00"/>
        <vehicle id="19" x="401.65" y="749.88" angle="180.00" type="DEFAULT_VEHTYPE" speed="12.63" pos="145.13" lane="2/3to2/4_0" slope="0.00"/>
        <vehicle id="2" x="688.87" y="598.35" angle="90.00" type="DEFAULT_VEHTYPE" speed="13.33" pos="84.12" lane="3/3to4/3_0" slope="0.00"/>
        <vehicle id="20" x="30.25" y="198.35" angle="90.00" type="DEFAULT_VEHTYPE" speed="13.34" pos="30.25" lane="0/1to1/1_0" slope="0.00"/>
        <vehicle id="23" x="201.65" y="473.42" angle="180.00" type="DEFAULT_VEHTYPE" speed="12.96" pos="68.67" lane="1/2to1/3_0" slope="0.00"/>
        <vehicle id="24" x="217.55" y="598.35" angle="90.00" type="DEFAULT_VEHTYPE" speed="13.57" pos="12.80" lane="1/3to2/3_0" slope="0.00"/>
        <vehicle id="4" x="398.35" y="656.98" angle="0.00" type="DEFAULT_VEHTYPE" speed="12.81" pos="143.02" lane="2/4to2/3_0" slope="0.00"/>
        <vehicle id="5" x="380.67" y="201.65" angle="-90.00" type="DEFAULT_VEHTYPE" speed="13.59" pos="14.58" lane="2/1to1/1_0" slope="0.00"/>
        <vehicle id="6" x="401.65" y="705.80" angle="180.00" type="DEFAULT_VEHTYPE" speed="13.64" pos="101.05" lane="2/3to2/4_0" slope="0.00"/>
        <vehicle id="7" x="227.78" y="401.65" angle="-90.00" type="DEFAULT_VEHTYPE" speed="13.49" pos="167.47" lane="2/2to1/2_0" slope="0.00"/>
        <vehicle id="8" x="398.35" y="5.72" angle="0.00" type="DEFAULT_VEHTYPE" speed="13.89" pos="189.53" lane="2/1to2/0_0" slope="0.00"/>
    </timestep>
    <timestep time="392.00">
        <vehicle id="0" x="170.60" y="401.65" angle="-90.00" type="DEFAULT_VEHTYPE" speed="12.60" pos="24.65" lane="1/2to0/2_0" slope="0.00"/>
        <vehicle id="10" x="523.16" y="198.35" angle="90.00" type="DEFAULT_VEHTYPE" speed="13.25" pos="118.41" lane="2/1to3/1_0" slope="0.00"/>
        <vehicle id="11" x="412.75" y="401.65" angle="-90.00" type="DEFAULT_VEHTYPE" speed="7.03" pos="182.50" lane="3/2to2/2_0" slope="0.00"/>
        <vehicle id="12" x="223.95" y="201.65" angle="-90.00" type="DEFAULT_VEHTYPE" speed="11.97" pos="171.30" lane="2/1to1/1_0" slope="0.00"/>
        <vehicle id="15" x="433.23" y="198.35" angle="90.00" type="DEFAULT_VEHTYPE" speed="13.73" pos="28.48" lane="2/1to3/1_0" slope="0.00"/>
        <vehicle id="19" x="401.65" y="763.65" angle="180.00" type="DEFAULT_VEHTYPE" speed="13.77" pos="158.90" lane="2/3to2/4_0" slope="0.00"/>
        <vehicle id="2" x="702.63" y="598.35" angle="90.00" type="DEFAULT_VEHTYPE" speed="13.76" pos="97.88" lane="3/3to4/3_0" slope="0.00"/>
        <vehicle id="20" x="44.12" y="198.35" angle="90.00" type="DEFAULT_VEHTYPE" speed="13.87" pos="44.12" lane="0/1to1/1_0" slope="0.00"/>
        <vehicle id="23" x="201.65" y="486.84" angle="180.00" type="DEFAULT_VEHTYPE" speed="13.42" pos="82.09" lane="1/2to1/3_0" slope="0.00"/>
        <vehicle id="24" x="231.32" y="598.35" angle="90.00" type="DEFAULT_VEHTYPE" speed="13.77" pos="26.57" lane="1/3to2/3_0" slope="0.00"/>
        <vehicle id="4" x="398.35" y="644.30" angle="0.00" type="DEFAULT_VEHTYPE" speed="12.68" pos="155.70" lane="2/4to2/3_0" slope="0.00"/>
        <vehicle id="5" x="367.99" y="201.65" angle="-90.00" type="DEFAULT_VEHTYPE" speed="12.68" pos="27.26" lane="2/1to1/1_0" slope="0.00"/>
        <vehicle id="6" x="401.65" y="719.51" angle="180.00" type="DEFAULT_VEHTYPE" speed="13.71" pos="114.76" lane="2/3to2/4_0" slope="0.00"/>
        <vehicle id="7" x="218.80" y="401.65" angle="-90.00" type="DEFAULT_VEHTYPE" speed="8.99" pos="176.45" lane="2/2to1/2_0" slope="0.00"/>
        <vehicle id="8" x="401.65" y="2.17" angle="150.86" type="DEFAULT_VEHTYPE" speed="12.71" pos="2.17" lane="2/0to2/1_0" slope="0.00"/>
    </timestep>
    <timestep time="393.00">
        <vehicle id="0" x="156.98" y="401.65" angle="-90.00" type="DEFAULT_VEHTYPE" speed="13.63" pos="38.27" lane="1/2to0/2_0" slope="0.00"/>
        <vehicle id="10" x="536.52" y="198.35" angle="90.00" type="DEFAULT_VEHTYPE" speed="13.36" pos="131.77" lane="2/1to3/1_0" slope="0.00"/>
        <vehicle id="11" x="409.33" y="401.65" angle="-90.00" type="DEFAULT_VEHTYPE" speed="3.42" pos="185.92" lane="3/2to2/2_0" slope="0.00"/>
        <vehicle id="12" x="215.72" y="201.65" angle="-90.00" type="DEFAULT_VEHTYPE" speed="8.23" pos="179.53" lane="2/1to1/1_0" slope="0.00"/>
        <vehicle id="15" x="446.05" y="198.35" angle="90.00" type="DEFAULT_VEHTYPE" speed="12.82" pos="41.30" lane="2/1to3/1_0" slope="0.00"/>
        <vehicle id="19" x="401.65" y="776.94" angle="180.00" type="DEFAULT_VEHTYPE" speed="13.29" pos="172.19" lane="2/3to2/4_0" slope="0.00"/>
        <vehicle id="2" x="715.67" y="598.35" angle="90.00" type="DEFAULT_VEHTYPE" speed="13.04" pos="110.92" lane="3/3to4/3_0" slope="0.00"/>
        <vehicle id="20" x="57.46" y="198.35" angle="90.00" type="DEFAULT_VEHTYPE" speed="13.34" pos="57.46" lane="0/1to1/1_0" slope="0.00"/>
        <vehicle id="23" x="201.65" y="500.66" angle="180.00" type="DEFAULT_VEHTYPE" speed="13.82" pos="95.91" lane="1/2to1/3_0" slope="0.00"/>
        <vehicle id="24" x="244.25" y="598.35" angle="90.00" type="DEFAULT_VEHTYPE" speed="12.93" pos="39.50" lane="1/3to2/3_0" slope="0.00"/>
        <vehicle id="4" x="398.35" y="631.29" angle="0.00" type="DEFAULT_VEHTYPE" speed="13.01" pos="168.71" lane="2/4to2/3_0" slope="0.00"/>
        <vehicle id="5" x="354.70" y="201.65" angle="-90.00" type="DEFAULT_VEHTYPE" speed="13.29" pos="40.55" lane="2/1to1/1_0" slope="0.00"/>
        <vehicle id="6" x="401.65" y="732.50" angle="180.00" type="DEFAULT_VEHTYPE" speed="12.98" pos="127.75" lane="2/3to2/4_0" slope="0.00"/>
        <vehicle id="7" x="212.35" y="401.65" angle="-90.00" type="DEFAULT_VEHTYPE" speed="6.44" pos="182.90" lane="2/2to1/2_0" slope="0.00"/>
        <vehicle id="8" x="401.65" y="15.72" angle="180.00" type="DEFAULT_VEHTYPE" speed="13.55" pos="15.72" lane="2/0to2/1_0" slope="0.00"/>
    </timestep>
    <timestep time="394.00">
        <vehicle id="0" x="143.13" y="401.65" angle="-90.00" type="DEFAULT_VEHTYPE" speed="13.84" pos="52.12" lane="1/2to0/2_0" slope="0.00"/>
        <vehicle id="10" x="550.29" y="198.35" angle="90.00" type="DEFAULT_VEHTYPE" speed="13.77" pos="145.54" lane="2/1to3/1_0" slope="0.00"/>
        <vehicle id="11" x="403.78" y="401.65" angle="-90.00" type="DEFAULT_VEHTYPE" speed="5.55" pos="0.97" lane=":2/2_5_0" slope="0.00"/>
        <vehicle id="12" x="211.38" y="201.65" angle="-90.00" type="DEFAULT_VEHTYPE" speed="4.35" pos="183.87" lane="2/1to1/1_0" slope="0.00"/>
        <vehicle id="15" x="459.66" y="198.35" angle="90.00" type="DEFAULT_VEHTYPE" speed="13.62" pos="54.91" lane="2/1to3/1_0" slope="0.00"/>
        <vehicle id="19" x="401.65" y="790.64" angle="180.00" type="DEFAULT_VEHTYPE" speed="13.70" pos="185.89" lane="2/3to2/4_0" slope="0.00"/>
        <vehicle id="2" x="729.23" y="598.35" angle="90.00" type="DEFAULT_VEHTYPE" speed="13.56" pos="124.48" lane="3/3to4/3_0" slope="0.00"/>
        <vehicle id="20" x="70.18" y="198.35" angle="90.00" type="DEFAULT_VEHTYPE" speed="12.71" pos="70.18" lane="0/1to1/1_0" slope="0.00"/>
        <vehicle id="23" x="201.65" y="514.48" angle="180.00" type="DEFAULT_VEHTYPE" speed="13.82" pos="109.73" lane="1/2to1/3_0" slope="0.00"/>
        <vehicle id="24" x="257.15" y="598.35" angle="90.00" type="DEFAULT_VEHTYPE" speed="12.89" pos="52.40" lane="1/3to2/3_0" slope="0.00"/>
        <vehicle id="4" x="398.35" y="618.36" angle="0.00" type="DEFAULT_VEHTYPE" speed="12.93" pos="181.64" lane="2/4to2/3_0" slope="0.00"/>
        <vehicle id="5" x="341.27" y="201.65" angle="-90.00" type="DEFAULT_VEHTYPE" speed="13.42" pos="53.98" lane="2/1to1/1_0" slope="0.00"/>
        <vehicle id="6" x="401.65" y="745.66" angle="180.00" type="DEFAULT_VEHTYPE" speed="13.16" pos="140.91" lane="2/3to2/4_0" slope="0.00"/>
        <vehicle id="7" x="209.98" y="401.65" angle="-90.00" type="DEFAULT_VEHTYPE" speed="2.37" pos="185.27" lane="2/2to1/2_0" slope="0.00"/>
        <vehicle id="8" x="401.65" y="29.41" angle="180.00" type="DEFAULT_VEHTYPE" speed="13.69" pos="29.41" lane="2/0to2/1_0" slope="0.00"/>
    </timestep>
    <timestep time="395.00">
        <vehicle id="0" x="129.35" y="401.65" angle="-90.00" type="DEFAULT_VEHTYPE" speed="13.78" pos="65.90" lane="1/2to0/2_0" slope="0.00"/>
        <vehicle id="10" x="563.69" y="198.35" angle="90.00" type="DEFAULT_VEHTYPE" speed="13.40" pos="158.94" lane="2/1to3/1_0" slope="0.00"/>
        <vehicle id="11" x="396.69" y="401.65" angle="-90.00" type="DEFAULT_VEHTYPE" speed="7.09" pos="8.06" lane=":2/2_5_0" slope="0.00"/>
        <vehicle id="12" x="205.72" y="201.65" angle="-90.00" type="DEFAULT_VEHTYPE" speed="5.65" pos="189.53" lane="2/1to1/1_0" slope="0.00"/>
        <vehicle id="15" x="473.01" y="198.35" angle="90.00" type="DEFAULT_VEHTYPE" speed="13.34" pos="68.26" lane="2/1to3/1_0" slope="0.00"/>
        <vehicle id="19" x="398.97" y="800.93" angle="-129.68" type="DEFAULT_VEHTYPE" speed="13.06" pos="3.71" lane=":2/4_0_0" slope="0.00"/>
        <vehicle id="2" x="743.08" y="598.35" angle="90.00" type="DEFAULT_VEHTYPE" speed="13.85" pos="138.33" lane="3/3to4/3_0" slope="0.00"/>
        <vehicle id="20" x="83.70" y="198.35" angle="90.00" type="DEFAULT_VEHTYPE" speed="13.52" pos="83.70" lane="0/1to1/1_0" slope="0.00"/>
        <vehicle id="23" x="201.65" y="527.63" angle="180.00" type="DEFAULT_VEHTYPE" speed="13.16" pos="122.88" lane="1/2to1/3_0" slope="0.00"/>
        <vehicle id="24" x="270.24" y="598.35" angle="90.00" type="DEFAULT_VEHTYPE" speed="13.10" pos="65.49" lane="1/3to2/3_0" slope="0.00"/>
        <vehicle id="4" x="398.35" y="605.40" angle="0.00" type="DEFAULT_VEHTYPE" speed="12.96" pos="194.60" lane="2/4to2/3_0" slope="0.00"/>
        <vehicle id="5" x="327.82" y="201.65" angle="-90.00" type="DEFAULT_VEHTYPE" speed="13.45" pos="67.43" lane="2/1to1/1_0" slope="0.00"/>
        <vehicle id="6" x="401.65" y="759.52" angle="180.00" type="DEFAULT_VEHTYPE" speed="13.85" pos="154.77" lane="2/3to2/4_0" slope="0.00"/>
        <vehicle id="7" x="206.09" y="401.65" angle="-90.00" type="DEFAULT_VEHTYPE" speed="3.89" pos="189.16" lane="2/2to1/2_0" slope="0.00"/>
        <vehicle id="8" x="401.65" y="43.09" angle="180.00" type="DEFAULT_VEHTYPE" speed="13.69" pos="43.09" lane="2/0to2/1_0" slope="0.00"/>
    </timestep>
    <timestep time="396.00">
        <vehicle id="0" x="116.26" y="401.65" angle="-90.00" type="DEFAULT_VEHTYPE" speed="13.09" pos="78.99" lane="1/2to0/2_0" slope="0.00"/>
        <vehicle id="10" x="575.97" y="198.35" angle="90.00" type="DEFAULT_VEHTYPE" speed="12.29" pos="171.22" lane="2/1to3/1_0" slope="0.00"/>
        <vehicle id="11" x="387.74" y="401.65" angle="-90.00" type="DEFAULT_VEHTYPE" speed="8.96" pos="7.51" lane="2/2to1/2_0" slope="0.00"/>
        <vehicle id="12" x="201.65" y="206.38" angle="-161.01" type="DEFAULT_VEHTYPE" speed="7.61" pos="1.63" lane="1/1to1/2_0" slope="0.00"/>
        <vehicle id="15" x="486.33" y="198.35" angle="90.00" type="DEFAULT_VEHTYPE" speed="13.32" pos="81.58" lane="2/1to3/1_0" slope="0.00"/>
        <vehicle id="19" x="398.35" y="787.97" angle="0.00" type="DEFAULT_VEHTYPE" speed="13.15" pos="12.03" lane="2/4to2/3_0" slope="0.00"/>
        <vehicle id="2" x="756.97" y="598.35" angle="90.00" type="DEFAULT_VEHTYPE" speed="13.90" pos="152.22" lane="3/3to4/3_0" slope="0.00"/>
        <vehicle id="20" x="97.53" y="198.35" angle="90.00" type="DEFAULT_VEHTYPE" speed="13.83" pos="97.53" lane="0/1to1/1_0" slope="0.00"/>
        <vehicle id="23" x="201.65" y="541.24" angle="180.00" type="DEFAULT_VEHTYPE" speed="13.60" pos="136.49" lane="1/2to1/3_0" slope="0.00"/>
        <vehicle id="24" x="283.13" y="598.35" angle="90.00" type="DEFAULT_VEHTYPE" speed="12.88" pos="78.38" lane="1/3to2/3_0" slope="0.00"/>
        <vehicle id="4" x="398.35" y="592.20" angle="0.00" type="DEFAULT_VEHTYPE" speed="13.20" pos="3.05" lane="2/3to2/2_0" slope="0.00"/>
        <vehicle id="5" x="314.67" y="201.65" angle="-90.00" type="DEFAULT_VEHTYPE" speed="13.15" pos="80.58" lane="2/1to1/1_0" slope="0.00"/>
        <vehicle id="6" x="401.65" y="772.71" angle="180.00" type="DEFAULT_VEHTYPE" speed="13.19" pos="167.96" lane="2/3to2/4_0" slope="0.00"/>
        <vehicle id="7" x="200.06" y="400.12" angle="-71.84" type="DEFAULT_VEHTYPE" speed="6.37" pos="5.03" lane=":1/2_6_0" slope="0.00"/>
        <vehicle id="8" x="401.65" y="56.24" angle="180.00" type="DEFAULT_VEHTYPE" speed="13.15" pos="56.24" lane="2/0to2/1_0" slope="0.00"/>
    </timestep>
    <timestep time="397.00">
        <vehicle id="0" x="103.16" y="401.65" angle="-90.00" type="DEFAULT_VEHTYPE" speed="13.10" pos="92.09" lane="1/2to0/2_0" slope="0.00"/>
        <vehicle id="10" x="583.89" y="198.35" angle="90.00" type="DEFAULT_VEHTYPE" speed="7.92" pos="179.14" lane="2/1to3/1_0" slope="0.00"/>
        <vehicle id="11" x="377.36" y="401.65" angle="-90.00" type="DEFAULT_VEHTYPE" speed="10.37" pos="17.89" lane="2/2to1/2_0" slope="0.00"/>
        <vehicle id="12" x="201.65" y="215.83" angle="180.00" type="DEFAULT_VEHTYPE" speed="9.44" pos="11.08" lane="1/1to1/2_0" slope="0.00"/>
        <vehicle id="15" x="499.83" y="198.35" angle="90.00" type="DEFAULT_VEHTYPE" speed="13.50" pos="95.08" lane="2/1to3/1_0" slope="0.00"/>
        <vehicle id="19" x="398.35" y="774.73" angle="0.00" type="DEFAULT_VEHTYPE" speed="13.24" pos="25.27" lane="2/4to2/3_0" slope="0.00"/>
        <vehicle id="2" x="770.20" y="598.35" angle="90.00" type="DEFAULT_VEHTYPE" speed="13.23" pos="165.45" lane="3/3to4/3_0" slope="0.00"/>
        <vehicle id="20" x="110.23" y="198.35" angle="90.00" type="DEFAULT_VEHTYPE" speed="12.71" pos="110.23" lane="0/1to1/1_0" slope="0.00"/>
        <vehicle id="23" x="201.65" y="554.48" angle="180.00" type="DEFAULT_VEHTYPE" speed="13.25" pos="149.73" lane="1/2to1/3_0" slope="0.00"/>
        <vehicle id="24" x="296.39" y="598.35" angle="90.00" type="DEFAULT_VEHTYPE" speed="13.26" pos="91.64" lane="1/3to2/3_0" slope="0.00"/>
        <vehicle id="4" x="398.35" y="578.76" angle="0.00" type="DEFAULT_VEHTYPE" speed="13.44" pos="16.49" lane="2/3to2/2_0" slope="0.00"/>
        <vehicle id="5" x="301.58" y="201.65" angle="-90.00" type="DEFAULT_VEHTYPE" speed="13.09" pos="93.67" lane="2/1to1/1_0" slope="0.00"/>
        <vehicle id="6" x="401.65" y="785.64" angle="180.00" type="DEFAULT_VEHTYPE" speed="12.93" pos="180.89" lane="2/3to2/4_0" slope="0.00"/>
        <vehicle id="7" x="198.35" y="392.18" angle="-3.13" type="DEFAULT_VEHTYPE" speed="8.36" pos="3.07" lane="1/2to1/1_0" slope="0.00"/>
        <vehicle id="8" x="401.65" y="69.12" angle="180.00" type="DEFAULT_VEHTYPE" speed="12.88" pos="69.12" lane="2/0to2/1_0" slope="0.00"/>
    </timestep>
    <timestep time="398.00">
        <vehicle id="0" x="89.67" y="401.65" angle="-90.00" type="DEFAULT_VEHTYPE" speed="13.50" pos="105.58" lane="1/2to0/2_0" slope="0.00"/>
        <vehicle id="10" x="589.01" y="198.35" angle="90.00" type="DEFAULT_VEHTYPE" speed="5.11" pos="184.26" lane="2/1to3/1_0" slope="0.00"/>
        <vehicle id="11" x="364.76" y="401.65" angle="-90.00" type="DEFAULT_VEHTYPE" speed="12.60" pos="30.49" lane="2/2to1/2_0" slope="0.00"/>
        <vehicle id="12" x="201.65" y="227.19" angle="180.00" type="DEFAULT_VEHTYPE" speed="11.36" pos="22.44" lane="1/1to1/2_0" slope="0.00"/>
        <vehicle id="15" x="512.52" y="198.35" angle="90.00" type="DEFAULT_VEHTYPE" speed="12.69" pos="107.77" lane="2/1to3/1_0" slope="0.00"/>
        <vehicle id="19" x="398.35" y="762.07" angle="0.00" type="DEFAULT_VEHTYPE" speed="12.67" pos="37.93" lane="2/4to2/3_0" slope="0.00"/>
        <vehicle id="2" x="784.08" y="598.35" angle="90.00" type="DEFAULT_VEHTYPE" speed="13.88" pos="179.33" lane="3/3to4/3_0" slope="0.00"/>
        <vehicle id="20" x="123.35" y="198.35" angle="90.00" type="DEFAULT_VEHTYPE" speed="13.11" pos="123.35" lane="0/1to1/1_0" slope="0.00"/>
        <vehicle id="23" x="201.65" y="567.38" angle="180.00" type="DEFAULT_VEHTYPE" speed="12.89" pos="162.63" lane="1/2to1/3_0" slope="0.00"/>
        <vehicle id="24" x="309.02" y="598.35" angle="90.00" type="DEFAULT_VEHTYPE" speed="12.63" pos="104.27" lane="1/3to2/3_0" slope="0.00"/>
        <vehicle id="4" x="398.35" y="565.85" angle="0.00" type="DEFAULT_VEHTYPE" speed="12.91" pos="29.40" lane="2/3to2/2_0" slope="0.00"/>
        <vehicle id="5" x="288.01" y="201.65" angle="-90.00" type="DEFAULT_VEHTYPE" speed="13.57" pos="107.24" lane="2/1to1/1_0" slope="0.00"/>
        <vehicle id="6" x="401.65" y="799.31" angle="180.00" type="DEFAULT_VEHTYPE" speed="13.67" pos="194.56" lane="2/3to2/4_0" slope="0.00"/>
        <vehicle id="7" x="198.35" y="381.90" angle="0.00" type="DEFAULT_VEHTYPE" speed="10.27" pos="13.35" lane="1/2to1/1_0" slope="0.00"/>
        <vehicle id="8" x="401.65" y="82.55" angle="180.00" type="DEFAULT_VEHTYPE" speed="13.43" pos="82.55" lane="2/0to2/1_0" slope="0.00"/>
    </timestep>
    <timestep time="399.00">
        <vehicle id="0" x="76.05" y="401.65" angle="-90.00" type="DEFAULT_VEHTYPE" speed="13.61" pos="119.20" lane="1/2to0/2_0" slope="0.00"/>
        <vehicle id="10" x="595.44" y="198.38" angle="90.30" type="DEFAULT_VEHTYPE" speed="6.43" pos="0.19" lane=":3/1_14_0" slope="0.00"/>
        <vehicle id="11" x="351.26" y="401.65" angle="-90.00" type="DEFAULT_VEHTYPE" speed="13.50" pos="43.99" lane="2/2to1/2_0" slope="0.00"/>
        <vehicle id="12" x="201.65" y="239.92" angle="180.00" type="DEFAULT_VEHTYPE" speed="12.73" pos="35.17" lane="1/1to1/2_0" slope="0.00"/>
        <vehicle id="15" x="525.66" y="198.35" angle="90.00" type="DEFAULT_VEHTYPE" speed="13.14" pos="120.91" lane="2/1to3/1_0" slope="0.00"/>
        <vehicle id="19" x="398.35" y="748.84" angle="0.00" type="DEFAULT_VEHTYPE" speed="13.23" pos="51.16" lane="2/4to2/3_0" slope="0.00"/>
        <vehicle id="2" x="797.48" y="598.35" angle="90.00" type="DEFAULT_VEHTYPE" speed="13.39" pos="192.73" lane="3/3to4/3_0" slope="0.00"/>
        <vehicle id="20" x="135.97" y="198.35" angle="90.00" type="DEFAULT_VEHTYPE" speed="12.63" pos="135.97" lane="0/1to1/1_0" slope="0.00"/>
        <vehicle id="23" x="201.65" y="580.53" angle="180.00" type="DEFAULT_VEHTYPE" speed="13.15" pos="175.78" lane="1/2to1/3_0" slope="0.00"/>
        <vehicle id="24" x="321.86" y="598.35" angle="90.00" type="DEFAULT_VEHTYPE" speed="12.84" pos="117.11" lane="1/3to2/3_0" slope="0.00"/>
        <vehicle id="4" x="398.35" y="552.47" angle="0.00" type="DEFAULT_VEHTYPE" speed="13.38" pos="42.78" lane="2/3to2/2_0" slope="0.00"/>
        <vehicle id="5" x="275.25" y="201.65" angle="-90.00" type="DEFAULT_VEHTYPE" speed="12.76" pos="120.00" lane="2/1to1/1_0" slope="0.00"/>
        <vehicle id="6" x="398.35" y="791.85" angle="0.00" type="DEFAULT_VEHTYPE" speed="13.66" pos="8.15" lane="2/4to2/3_0" slope="0.00"/>
        <vehicle id="7" x="198.35" y="369.36" angle="0.00" type="DEFAULT_VEHTYPE" speed="12.55" pos="25.89" lane="1/2to1/1_0" slope="0.00"/>
        <vehicle id="8" x="401.65" y="95.27" angle="180.00" type="DEFAULT_VEHTYPE" speed="12.72" pos="95.27" lane="2/0to2/1_0" slope="0.00"/>
    </timestep>
    <timestep time="400.00">
        <vehicle id="0" x="62.61" y="401.65" angle="-90.00" type="DEFAULT_VEHTYPE" speed="13.44" pos="132.64" lane="1/2to0/2_0" slope="0.00"/>
        <vehicle id="10" x="601.42" y="203.17" angle="146.63" type="DEFAULT_VEHTYPE" speed="8.54" pos="8.72" lane=":3/1_14_0" slope="0.00"/>
        <vehicle id="11" x="338.25" y="401.65" angle="-90.00" type="DEFAULT_VEHTYPE" speed="13.02" pos="57.00" lane="2/2to1/2_0" slope="0.00"/>
        <vehicle id="12" x="201.65" y="253.44" angle="180.00" type="DEFAULT_VEHTYPE" speed="13.51" pos="48.69" lane="1/1to1/2_0" slope="0.00"/>
        <vehicle id="15" x="538.73" y="198.35" angle="90.00" type="DEFAULT_VEHTYPE" speed="13.07" pos="133.98" lane="2/1to3/1_0" slope="0.00"/>
        <vehicle id="19" x="398.35" y="735.72" angle="0.00" type="DEFAULT_VEHTYPE" speed="13.12" pos="64.28" lane="2/4to2/3_0" slope="0.00"/>
        <vehicle id="2" x="793.53" y="601.65" angle="-90.00" type="DEFAULT_VEHTYPE" speed="13.81" pos="6.47" lane="4/3to3/3_0" slope="0.00"/>
        <vehicle id="20" x="149.06" y="198.35" angle="90.00" type="DEFAULT_VEHTYPE" speed="13.08" pos="149.06" lane="0/1to1/1_0" slope="0.00"/>
        <vehicle id="23" x="201.65" y="593.94" angle="180.00" type="DEFAULT_VEHTYPE" speed="13.41" pos="189.19" lane="1/2to1/3_0" slope="0.00"/>
        <vehicle id="24" x="335.16" y="598.35" angle="90.00" type="DEFAULT_VEHTYPE" speed="13.30" pos="130.41" lane="1/3to2/3_0" slope="0.00"/>
        <vehicle id="4" x="398.35" y="539.75" angle="0.00" type="DEFAULT_VEHTYPE" speed="12.72" pos="55.50" lane="2/3to2/2_0" slope="0.00"/>
        <vehicle id="5" x="261.82" y="201.65" angle="-90.00" type="DEFAULT_VEHTYPE" speed="13.43" pos="133.43" lane="2/1to1/1_0" slope="0.00"/>
        <vehicle id="6" x="398.35" y="778.87" angle="0.00" type="DEFAULT_VEHTYPE" speed="12.98" pos="21.13" lane="2/4to2/3_0" slope="0.00"/>
        <vehicle id="7" x="198.35" y="355.91" angle="0.00" type="DEFAULT_VEHTYPE" speed="13.44" pos="39.34" lane="1/2to1/1_0" slope="0.00"/>
        <vehicle id="8" x="401.65" y="108.80" angle="180.00" type="DEFAULT_VEHTYPE" speed="13.53" pos="108.80" lane="2/0to2/1_0" slope="0.00"/>
    </timestep>
    <timestep time="401.00">
        <vehicle id="0" x="49.34" y="401.65" angle="-90.00" type="DEFAULT_VEHTYPE" speed="13.27" pos="145.91" lane="1/2to0/2_0" slope="0.00"/>
        <vehicle id="10" x="601.65" y="213.78" angle="180.00" type="DEFAULT_VEHTYPE" speed="10.62" pos="9.03" lane="3/1to3/2_0" slope="0.00"/>
        <vehicle id="11" x="325.22" y="401.65" angle="-90.00" type="DEFAULT_VEHTYPE" speed="13.02" pos="70.03" lane="2/2to1/2_0" slope="0.00"/>
        <vehicle id="12" x="201.65" y="266.45" angle="180.00" type="DEFAULT_VEHTYPE" speed="13.01" pos="61.70" lane="1/1to1/2_0" slope="0.00"/>
        <vehicle id="15" x="552.55" y="198.35" angle="90.00" type="DEFAULT_VEHTYPE" speed="13.82" pos="147.80" lane="2/1to3/1_0" slope="0.00"/>
        <vehicle id="19" x="398.35" y="722.65" angle="0.00" type="DEFAULT_VEHTYPE" speed="13.07" pos="77.35" lane="2/4to2/3_0" slope="0.00"/>
        <vehicle id="2" x="780.86" y="601.65" angle="-90.00" type="DEFAULT_VEHTYPE" speed="12.67" pos="19.14" lane="4/3to3/3_0" slope="0.00"/>
        <vehicle id="20" x="162.79" y="198.35" angle="90.00" type="DEFAULT_VEHTYPE" speed="13.73" pos="162.79" lane="0/1to1/1_0" slope="0.00"/>
        <vehicle id="23" x="211.47" y="598.35" angle="90.00" type="DEFAULT_VEHTYPE" speed="13.03" pos="6.72" lane="1/3to2/3_0" slope="0.00"/>
        <vehicle id="24" x="347.92" y="598.35" angle="90.00" type="DEFAULT_VEHTYPE" speed="12.76" pos="143.17" lane="1/3to2/3_0" slope="0.00"/>
        <vehicle id="4" x="398.35" y="526.36" angle="0.00" type="DEFAULT_VEHTYPE" speed="13.39" pos="68.89" lane="2/3to2/2_0" slope="0.00"/>
        <vehicle id="5" x="248.99" y="201.65" angle="-90.00" type="DEFAULT_VEHTYPE" speed="12.83" pos="146.26" lane="2/1to1/1_0" slope="0.00"/>
        <vehicle id="6" x="398.35" y="765.88" angle="0.00" type="DEFAULT_VEHTYPE" speed="12.99" pos="34.12" lane="2/4to2/3_0" slope="0.00"/>
        <vehicle id="7" x="198.35" y="343.12" angle="0.00" type="DEFAULT_VEHTYPE" speed="12.80" pos="52.13" lane="1/2to1/1_0" slope="0.00"/>
        <vehicle id="8" x="401.65" y="121.96" angle="180.00" type="DEFAULT_VEHTYPE" speed="13.16" pos="121.96" lane="2/0to2/1_0" slope="0.00"/>
    </timestep>
    <timestep time="402.00">
        <vehicle id="0" x="36.29" y="401.65" angle="-90.00" type="DEFAULT_VEHTYPE" speed="13.05" pos="158.96" lane="1/2to0/2_0" slope="0.00"/>
        <vehicle id="10" x="601.65" y="226.65" angle="180.00" type="DEFAULT_VEHTYPE" speed="12.87" pos="21.90" lane="3/1to3/2_0" slope="0.00"/>
        <vehicle id="11" x="311.89" y="401.65" angle="-90.00" type="DEFAULT_VEHTYPE" speed="13.33" pos="83.36" lane="2/2to1/2_0" slope="0.00"/>
        <vehicle id="12" x="201.65" y="280.00" angle="180.00" type="DEFAULT_VEHTYPE" speed="13.55" pos="75.25" lane="1/1to1/2_0" slope="0.00"/>
        <vehicle id="15" x="566.07" y="198.35" angle="90.00" type="DEFAULT_VEHTYPE" speed="13.52" pos="161.32" lane="2/1to3/1_0" slope="0.00"/>
        <vehicle id="19" x="398.35" y="709.55" angle="0.00" type="DEFAULT_VEHTYPE" speed="13.10" pos="90.45" lane="2/4to2/3_0" slope="0.00"/>
        <vehicle id="2" x="767.44" y="601.65" angle="-90.00" type="DEFAULT_VEHTYPE" speed="13.42" pos="32.56" lane="4/3to3/3_0" slope="0.00"/>
        <vehicle id="20" x="174.78" y="198.35" angle="90.00" type="DEFAULT_VEHTYPE" speed="11.99" pos="174.78" lane="0/1to1/1_0" slope="0.00"/>
        <vehicle id="23" x="224.90" y="598.35" angle="90.00" type="DEFAULT_VEHTYPE" speed="13.43" pos="20.15" lane="1/3to2/3_0" slope="0.00"/>
        <vehicle id="24" x="361.69" y="598.35" angle="90.00" type="DEFAULT_VEHTYPE" speed="13.77" pos="156.94" lane="1/3to2/3_0" slope="0.00"/>
        <vehicle id="4" x="398.35" y="513.12" angle="0.00" type="DEFAULT_VEHTYPE" speed="13.23" pos="82.13" lane="2/3to2/2_0" slope="0.00"/>
        <vehicle id="5" x="235.88" y="201.65" angle="-90.00" type="DEFAULT_VEHTYPE" speed="13.11" pos="159.37" lane="2/1to1/1_0" slope="0.00"/>
        <vehicle id="6" x="398.35" y="752.88" angle="0.00" type="DEFAULT_VEHTYPE" speed="13.00" pos="47.12" lane="2/4to2/3_0" slope="0.00"/>
        <vehicle id="7" x="198.35" y="329.28" angle="0.00" type="DEFAULT_VEHTYPE" speed="13.84" pos="65.97" lane="1/2to1/1_0" slope="0.00"/>
        <vehicle id="8" x="401.65" y="135.34" angle="180.00" type="DEFAULT_VEHTYPE" speed="13.38" pos="135.34" lane="2/0to2/1_0" slope="0.00"/>
    </timestep>
    <timestep time="403.00">
        <vehicle id="0" x="22.94" y="401.65" angle="-90.00" type="DEFAULT_VEHTYPE" speed="13.35" pos="172.31" lane="1/2to0/2_0" slope="0.00"/>
        <vehicle id="10" x="601.65" y="240.19" angle="180.00" type="DEFAULT_VEHTYPE" speed="13.54" pos="35.44" lane="3/1to3/2_0" slope="0.00"/>
        <vehicle id="11" x="298.79" y="401.65" angle="-90.00" type="DEFAULT_VEHTYPE" speed="13.10" pos="96.46" lane="2/2to1/2_0" slope="0.00"/>
        <vehicle id="12" x="201.65" y="293.08" angle="180.00" type="DEFAULT_VEHTYPE" speed="13.08" pos="88.33" lane="1/1to1/2_0" slope="0.00"/>
        <vehicle id="15" x="576.97" y="198.35" angle="90.00" type="DEFAULT_VEHTYPE" speed="10.89" pos="172.22" lane="2/1to3/1_0" slope="0.00"/>
        <vehicle id="19" x="398.35" y="696.91" angle="0.00" type="DEFAULT_VEHTYPE" speed="12.64" pos="103.09" lane="2/4to2/3_0" slope="0.00"/>
        <vehicle id="2" x="754.77" y="601.65" angle="-90.00" type="DEFAULT_VEHTYPE" speed="12.66" pos="45.23" lane="4/3to3/3_0" slope="0.00"/>
        <vehicle id="20" x="182.58" y="198.35" angle="90.00" type="DEFAULT_VEHTYPE" speed="7.80" pos="182.58" lane="0/1to1/1_0" slope="0.00"/>
        <vehicle id="23" x="238.21" y="598.35" angle="90.00" type="DEFAULT_VEHTYPE" speed="13.32" pos="33.46" lane="1/3to2/3_0" slope="0.00"/>
        <vehicle id="24" x="374.47" y="598.35" angle="90.00" type="DEFAULT_VEHTYPE" speed="12.78" pos="169.72" lane="1/3to2/3_0" slope="0.00"/>
        <vehicle id="4" x="398.35" y="500.06" angle="0.00" type="DEFAULT_VEHTYPE" speed="13.06" pos="95.19" lane="2/3to2/2_0" slope="0.00"/>
        <vehicle id="5" x="224.94" y="201.65" angle="-90.00" type="DEFAULT_VEHTYPE" speed="10.94" pos="170.31" lane="2/1to1/1_0" slope="0.00"/>
        <vehicle id="6" x="398.35" y="739.88" angle="0.00" type="DEFAULT_VEHTYPE" speed="13.00" pos="60.12" lane="2/4to2/3_0" slope="0.00"/>
        <vehicle id="7" x="198.35" y="315.51" angle="0.00" type="DEFAULT_VEHTYPE" speed="13.77" pos="79.74" lane="1/2to1/1_0" slope="0.00"/>
        <vehicle id="8" x="401.65" y="148.77" angle="180.00" type="DEFAULT_VEHTYPE" speed="13.44" pos="148.77" lane="2/0to2/1_0" slope="0.00"/>
    </timestep>
    <timestep time="404.00">
        <vehicle id="0" x="10.22" y="401.65" angle="-90.00" type="DEFAULT_VEHTYPE" speed="12.72" pos="185.03" lane="1/2to0/2_0" slope="0.00"/>
        <vehicle id="10" x="601.65" y="253.57" angle="180.00" type="DEFAULT_VEHTYPE" speed="13.38" pos="48.82" lane="3/1to3/2_0" slope="0.00"/>
        <vehicle id="11" x="285.61" y="401.65" angle="-90.00" type="DEFAULT_VEHTYPE" speed="13.18" pos="109.64" lane="2/2to1/2_0" slope="0.00"/>
        <vehicle id="12" x="201.65" y="306.84" angle="180.00" type="DEFAULT_VEHTYPE" speed="13.76" pos="102.09" lane="1/1to1/2_0" slope="0.00"/>
        <vehicle id="15" x="584.88" y="198.35" angle="90.00" type="DEFAULT_VEHTYPE" speed="7.92" pos="180.13" lane="2/1to3/1_0" slope="0.00"/>
        <vehicle id="19" x="398.35" y="684.23" angle="0.00" type="DEFAULT_VEHTYPE" speed="12.68" pos="115.77" lane="2/4to2/3_0" slope="0.00"/>
        <vehicle id="2" x="742.14" y="601.65" angle="-90.00" type="DEFAULT_VEHTYPE" speed="12.64" pos="57.86" lane="4/3to3/3_0" slope="0.00"/>
        <vehicle id="20" x="187.85" y="198.35" angle="90.00" type="DEFAULT_VEHTYPE" speed="5.27" pos="187.85" lane="0/1to1/1_0" slope="0.00"/>
        <vehicle id="23" x="252.04" y="598.35" angle="90.00" type="DEFAULT_VEHTYPE" speed="13.82" pos="47.29" lane="1/3to2/3_0" slope="0.00"/>
        <vehicle id="24" x="382.75" y="598.35" angle="90.00" type="DEFAULT_VEHTYPE" speed="8.28" pos="178.00" lane="1/3to2/3_0" slope="0.00"/>
        <vehicle id="4" x="398.35" y="486.17" angle="0.00" type="DEFAULT_VEHTYPE" speed="13.89" pos="109.08" lane="2/3to2/2_0" slope="0.00"/>
        <vehicle id="5" x="217.07" y="201.65" angle="-90.00" type="DEFAULT_VEHTYPE" speed="7.87" pos="178.18" lane="2/1to1/1_0" slope="0.00"/>
        <vehicle id="6" x="398.35" y="726.63" angle="0.00" type="DEFAULT_VEHTYPE" speed="13.25" pos="73.37" lane="2/4to2/3_0" slope="0.00"/>
        <vehicle id="7" x="198.35" y="302.16" angle="0.00" type="DEFAULT_VEHTYPE" speed="13.35" pos="93.09" lane="1/2to1/1_0" slope="0.00"/>
        <vehicle id="8" x="401.65" y="161.42" angle="180.00" type="DEFAULT_VEHTYPE" speed="12.65" pos="161.42" lane="2/0to2/1_0" slope="0.00"/>
    </timestep>
    <timestep time="405.00">
        <vehicle id="0" x="-1.65" y="399.99" angle="-68.55" type="DEFAULT_VEHTYPE" speed="12.64" pos="2.42" lane=":0/2_0_0" slope="0.00"/>
        <vehicle id="10" x="601.65" y="266.45" angle="180.00" type="DEFAULT_VEHTYPE" speed="12.88" pos="61.70" lane="3/1to3/2_0" slope="0.00"/>
        <vehicle id="11" x="272.91" y="401.65" angle="-90.00" type="DEFAULT_VEHTYPE" speed="12.69" pos="122.34" lane="2/2to1/2_0" slope="0.00"/>
        <vehicle id="12" x="201.65" y="320.10" angle="180.00" type="DEFAULT_VEHTYPE" speed="13.26" pos="115.35" lane="1/1to1/2_0" slope="0.00"/>
        <vehicle id="15" x="589.04" y="198.35" angle="90.00" type="DEFAULT_VEHTYPE" speed="4.16" pos="184.29" lane="2/1to3/1_0" slope="0.00"/>
        <vehicle id="19" x="398.35" y="670.57" angle="0.00" type="DEFAULT_VEHTYPE" speed="13.66" pos="129.43" lane="2/4to2/3_0" slope="0.00"/>
        <vehicle id="2" x="728.71" y="601.65" angle="-90.00" type="DEFAULT_VEHTYPE" speed="13.43" pos="71.29" lane="4/3to3/3_0" slope="0.00"/>
        <vehicle id="20" x="190.89" y="198.35" angle="90.00" type="DEFAULT_VEHTYPE" speed="3.04" pos="190.89" lane="0/1to1/1_0" slope="0.00"/>
        <vehicle id="23" x="264.92" y="598.35" angle="90.00" type="DEFAULT_VEHTYPE" speed="12.88" pos="60.17" lane="1/3to2/3_0" slope="0.00"/>
        <vehicle id="24" x="388.56" y="598.35" angle="90.00" type="DEFAULT_VEHTYPE" speed="5.80" pos="183.81" lane="1/3to2/3_0" slope="0.00"/>
        <vehicle id="4" x="398.35" y="472.47" angle="0.00" type="DEFAULT_VEHTYPE" speed="13.70" pos="122.78" lane="2/3to2/2_0" slope="0.00"/>
        <vehicle id="5" x="212.34" y="201.65" angle="-90.00" type="DEFAULT_VEHTYPE" speed="4.73" pos="182.91" lane="2/1to1/1_0" slope="0.00"/>
        <vehicle id="6" x="398.35" y="713.89" angle="0.00" type="DEFAULT_VEHTYPE" speed="12.74" pos="86.11" lane="2/4to2/3_0" slope="0.00"/>
        <vehicle id="7" x="198.35" y="289.19" angle="0.00" type="DEFAULT_VEHTYPE" speed="12.97" pos="106.06" lane="1/2to1/1_0" slope="0.00"/>
        <vehicle id="8" x="401.65" y="174.03" angle="180.00" type="DEFAULT_VEHTYPE" speed="12.61" pos="174.03" lane="2/0to2/1_0" slope="0.00"/>
    </timestep>
    <timestep time="406.00">
        <vehicle id="0" x="10.42" y="398.35" angle="90.00" type="DEFAULT_VEHTYPE" speed="12.82" pos="10.42" lane="0/2to1/2_0" slope="0.00"/>
        <vehicle id="10" x="601.65" y="279.77" angle="180.00" type="DEFAULT_VEHTYPE" speed="13.32" pos="75.02" lane="3/1to3/2_0" slope="0.00"/>
        <vehicle id="11" x="259.68" y="401.65" angle="-90.00" type="DEFAULT_VEHTYPE" speed="13.23" pos="135.57" lane="2/2to1/2_0" slope="0.00"/>
        <vehicle id="12" x="201.65" y="332.90" angle="180.00" type="DEFAULT_VEHTYPE" speed="12.80" pos="128.15" lane="1/1to1/2_0" slope="0.00"/>
        <vehicle id="15" x="595.22" y="198.35" angle="90.00" type="DEFAULT_VEHTYPE" speed="6.18" pos="190.47" lane="2/1to3/1_0" slope="0.00"/>
        <vehicle id="19" x="398.35" y="656.76" angle="0.00" type="DEFAULT_VEHTYPE" speed="13.81" pos="143.24" lane="2/4to2/3_0" slope="0.00"/>
        <vehicle id="2" x="715.20" y="601.65" angle="-90.00" type="DEFAULT_VEHTYPE" speed="13.51" pos="84.80" lane="4/3to3/3_0" slope="0.00"/>
        <vehicle id="20" x="195.51" y="198.31" angle="89.59" type="DEFAULT_VEHTYPE" speed="4.62" pos="0.26" lane=":1/1_12_0" slope="0.00"/>
        <vehicle id="23" x="277.69" y="598.35" angle="90.00" type="DEFAULT_VEHTYPE" speed="12.78" pos="72.94" lane="1/3to2/3_0" slope="0.00"/>
        <vehicle id="24" x="396.63" y="598.55" angle="92.26" type="DEFAULT_VEHTYPE" speed="8.08" pos="1.39" lane=":2/3_14_0" slope="0.00"/>
        <vehicle id="4" x="398.35" y="458.90" angle="0.00" type="DEFAULT_VEHTYPE" speed="13.57" pos="136.35" lane="2/3to2/2_0" slope="0.00"/>
        <vehicle id="5" x="209.83" y="201.65" angle="-90.00" type="DEFAULT_VEHTYPE" speed="2.52" pos="185.42" lane="2/1to1/1_0" slope="0.00"/>
        <vehicle id="6" x="398.35" y="701.22" angle="0.00" type="DEFAULT_VEHTYPE" speed="12.67" pos="98.78" lane="2/4to2/3_0" slope="0.00"/>
        <vehicle id="7" x="198.35" y="276.08" angle="0.00" type="DEFAULT_VEHTYPE" speed="13.11" pos="119.17" lane="1/2to1/1_0" slope="0.00"/>
        <vehicle id="8" x="401.65" y="187.00" angle="180.00" type="DEFAULT_VEHTYPE" speed="12.97" pos="187.00" lane="2/0to2/1_0" slope="0.00"/>
    </timestep>
    <timestep time="407.00">
        <vehicle id="0" x="24.16" y="398.35" angle="90.00" type="DEFAULT_VEHTYPE" speed="13.74" pos="24.16" lane="0/2to1/2_0" slope="0.00"/>
        <vehicle id="10" x="601.65" y="293.09" angle="180.00" type="DEFAULT_VEHTYPE" speed="13.32" pos="88.34" lane="3/1to3/2_0" slope="0.00"/>
        <vehicle id="11" x="246.52" y="401.65" angle="-90.00" type="DEFAULT_VEHTYPE" speed="13.16" pos="148.73" lane="2/2to1/2_0" slope="0.00"/>
        <vehicle id="12" x="201.65" y="345.64" angle="180.00" type="DEFAULT_VEHTYPE" speed="12.74" pos="140.89" lane="1/1to1/2_0" slope="0.00"/>
        <vehicle id="15" x="603.95" y="198.35" angle="90.00" type="DEFAULT_VEHTYPE" speed="8.73" pos="8.70" lane=":3/1_13_0" slope="0.00"/>
        <vehicle id="19" x="398.35" y="644.10" angle="0.00" type="DEFAULT_VEHTYPE" speed="12.66" pos="155.90" lane="2/4to2/3_0" slope="0.00"/>
        <vehicle id="2" x="701.94" y="601.65" angle="-90.00" type="DEFAULT_VEHTYPE" speed="13.26" pos="98.06" lane="4/3to3/3_0" slope="0.00"/>
        <vehicle id="20" x="198.35" y="193.90" angle="22.42" type="DEFAULT_VEHTYPE" speed="6.09" pos="1.35" lane="1/1to1/0_0" slope="0.00"/>
        <vehicle id="23" x="291.46" y="598.35" angle="90.00" type="DEFAULT_VEHTYPE" speed="13.76" pos="86.71" lane="1/3to2/3_0" slope="0.00"/>
        <vehicle id="24" x="401.65" y="605.91" angle="169.18" type="DEFAULT_VEHTYPE" speed="10.09" pos="1.16" lane="2/3to2/4_0" slope="0.00"/>
        <vehicle id="4" x="398.35" y="445.97" angle="0.00" type="DEFAULT_VEHTYPE" speed="12.93" pos="149.28" lane="2/3to2/2_0" slope="0.00"/>
        <vehicle id="5" x="204.99" y="201.65" angle="-90.00" type="DEFAULT_VEHTYPE" speed="4.83" pos="190.26" lane="2/1to1/1_0" slope="0.00"/>
        <vehicle id="6" x="398.35" y="687.40" angle="0.00" type="DEFAULT_VEHTYPE" speed="13.82" pos="112.60" lane="2/4to2/3_0" slope="0.00"/>
        <vehicle id="7" x="198.35" y="263.03" angle="0.00" type="DEFAULT_VEHTYPE" speed="13.06" pos="132.22" lane="1/2to1/1_0" slope="0.00"/>
        <vehicle id="8" x="404.20" y="198.27" angle="144.56" type="DEFAULT_VEHTYPE" speed="12.70" pos="4.45" lane=":2/1_8_0" slope="0.00"/>
    </timestep>
    <timestep time="408.00">
        <vehicle id="0" x="37.35" y="398.35" angle="90.00" type="DEFAULT_VEHTYPE" speed="13.20" pos="37.35" lane="0/2to1/2_0" slope="0.00"/>
        <vehicle id="10" x="601.65" y="305.75" angle="180.00" type="DEFAULT_VEHTYPE" speed="12.66" pos="101.00" lane="3/1to3/2_0" slope="0.00"/>
        <vehicle id="11" x="233.69" y="401.65" angle="-90.00" type="DEFAULT_VEHTYPE" speed="12.83" pos="161.56" lane="2/2to1/2_0" slope="0.00"/>
        <vehicle id="12" x="201.65" y="359.34" angle="180.00" type="DEFAULT_VEHTYPE" speed="13.70" pos="154.59" lane="1/1to1/2_0" slope="0.00"/>
        <vehicle id="15" x="615.15" y="198.35" angle="90.00" type="DEFAULT_VEHTYPE" speed="11.21" pos="10.40" lane="3/1to4/1_0" slope="0.00"/>
        <vehicle id="19" x="398.35" y="630.80" angle="0.00" type="DEFAULT_VEHTYPE" speed="13.30" pos="169.20" lane="2/4to2/3_0" slope="0.00"/>
        <vehicle id="2" x="688.46" y="601.65" angle="-90.00" type="DEFAULT_VEHTYPE" speed="13.48" pos="111.54" lane="4/3to3/3_0" slope="0.00"/>
        <vehicle id="20" x="198.35" y="186.23" angle="0.00" type="DEFAULT_VEHTYPE" speed="7.66" pos="9.02" lane="1/1to1/0_0" slope="0.00"/>
        <vehicle id="23" x="304.96" y="598.35" angle="90.00" type="DEFAULT_VEHTYPE" speed="13.50" pos="100.21" lane="1/3to2/3_0" slope="0.00"/>
        <vehicle id="24" x="401.65" y="617.88" angle="180.00" type="DEFAULT_VEHTYPE" speed="11.97" pos="13.13" lane="2/3to2/4_0" slope="0.00"/>
        <vehicle id="4" x="398.35" y="432.97" angle="0.00" type="DEFAULT_VEHTYPE" speed="13.00" pos="162.28" lane="2/3to2/2_0" slope="0.00"/>
        <vehicle id="5" x="201.65" y="205.98" angle="-155.62" type="DEFAULT_VEHTYPE" speed="6.47" pos="1.23" lane="1/1to1/2_0" slope="0.00"/>
        <vehicle id="6" x="398.35" y="674.31" angle="0.00" type="DEFAULT_VEHTYPE" speed="13.09" pos="125.69" lane="2/4to2/3_0" slope="0.00"/>
        <vehicle id="7" x="198.35" y="249.56" angle="0.00" type="DEFAULT_VEHTYPE" speed="13.47" pos="145.69" lane="1/2to1/1_0" slope="0.00"/>
        <vehicle id="8" x="417.70" y="198.35" angle="90.00" type="DEFAULT_VEHTYPE" speed="13.50" pos="12.95" lane="2/1to3/1_0" slope="0.00"/>
    </timestep>
    <timestep time="409.00">
        <vehicle id="0" x="50.07" y="398.35" angle="90.00" type="DEFAULT_VEHTYPE" speed="12.72" pos="50.07" lane="0/2to1/2_0" slope="0.00"/>
        <vehicle id="10" x="601.65" y="319.16" angle="180.00" type="DEFAULT_VEHTYPE" speed="13.41" pos="114.41" lane="3/1to3/2_0" slope="0.00"/>
        <vehicle id="11" x="222.70" y="401.65" angle="-90.00" type="DEFAULT_VEHTYPE" speed="10.98" pos="172.55" lane="2/2to1/2_0" slope="0.00"/>
        <vehicle id="12" x="201.65" y="371.94" angle="180.00" type="DEFAULT_VEHTYPE" speed="12.60" pos="167.19" lane="1/1to1/2_0" slope="0.00"/>
        <vehicle id="15" x="627.72" y="198.35" angle="90.00" type="DEFAULT_VEHTYPE" speed="12.56" pos="22.97" lane="3/1to4/1_0" slope="0.00"/>
        <vehicle id="19" x="398.35" y="618.11" angle="0.00" type="DEFAULT_VEHTYPE" speed="12.69" pos="181.89" lane="2/4to2/3_0" slope="0.00"/>
        <vehicle id="2" x="674.75" y="601.65" angle="-90.00" type="DEFAULT_VEHTYPE" speed="13.71" pos="125.25" lane="4/3to3/3_0" slope="0.00"/>
        <vehicle id="20" x="198.35" y="176.20" angle="0.00" type="DEFAULT_VEHTYPE" speed="10.03" pos="19.05" lane="1/1to1/0_0" slope="0.00"/>
        <vehicle id="23" x="318.00" y="598.35" angle="90.00" type="DEFAULT_VEHTYPE" speed="13.04" pos="113.25" lane="1/3to2/3_0" slope="0.00"/>
        <vehicle id="24" x="401.65" y="631.73" angle="180.00" type="DEFAULT_VEHTYPE" speed="13.85" pos="26.98" lane="2/3to2/4_0" slope="0.00"/>
        <vehicle id="4" x="398.35" y="419.49" angle="0.00" type="DEFAULT_VEHTYPE" speed="13.48" pos="175.76" lane="2/3to2/2_0" slope="0.00"/>
        <vehicle id="5" x="201.65" y="215.04" angle="180.00" type="DEFAULT_VEHTYPE" speed="9.06" pos="10.29" lane="1/1to1/2_0" slope="0.00"/>
        <vehicle id="6" x="398.35" y="661.18" angle="0.00" type="DEFAULT_VEHTYPE" speed="13.12" pos="138.82" lane="2/4to2/3_0" slope="0.00"/>
        <vehicle id="7" x="198.35" y="235.78" angle="0.00" type="DEFAULT_VEHTYPE" speed="13.78" pos="159.47" lane="1/2to1/1_0" slope="0.00"/>
        <vehicle id="8" x="431.02" y="198.35" angle="90.00" type="DEFAULT_VEHTYPE" speed="13.33" pos="26.27" lane="2/1to3/1_0" slope="0.00"/>
    </timestep>
    <timestep time="410.00">
        <vehicle id="0" x="62.88" y="398.35" angle="90.00" type="DEFAULT_VEHTYPE" speed="12.81" pos="62.88" lane="0/2to1/2_0" slope="0.00"/>
        <vehicle id="10" x="601.65" y="332.48" angle="180.00" type="DEFAULT_VEHTYPE" speed="13.32" pos="127.73" lane="3/1to3/2_0" slope="0.00"/>
        <vehicle id="11" x="215.36" y="401.65" angle="-90.00" type="DEFAULT_VEHTYPE" speed="7.35" pos="179.89" lane="2/2to1/2_0" slope="0.00"/>
        <vehicle id="12" x="201.65" y="385.83" angle="180.00" type="DEFAULT_VEHTYPE" speed="13.89" pos="181.08" lane="1/1to1/2_0" slope="0.00"/>
        <vehicle id="15" x="640.95" y="198.35" angle="90.00" type="DEFAULT_VEHTYPE" speed="13.24" pos="36.20" lane="3/1to4/1_0" slope="0.00"/>
        <vehicle id="19" x="398.35" y="605.01" angle="0.00" type="DEFAULT_VEHTYPE" speed="13.10" pos="194.99" lane="2/4to2/3_0" slope="0.00"/>
        <vehicle id="2" x="661.52" y="601.65" angle="-90.00" type="DEFAULT_VEHTYPE" speed="13.23" pos="138.48" lane="4/3to3/3_0" slope="0.00"/>
        <vehicle id="20" x="198.35" y="164.16" angle="0.00" type="DEFAULT_VEHTYPE" speed="12.04" pos="31.09" lane="1/1to1/0_0" slope="0.00"/>
        <vehicle id="23" x="330.88" y="598.35" angle="90.00" type="DEFAULT_VEHTYPE" speed="12.88" pos="126.13" lane="1/3to2/3_0" slope="0.00"/>
        <vehicle id="24" x="401.65" y="644.40" angle="180.00" type="DEFAULT_VEHTYPE" speed="12.67" pos="39.65" lane="2/3to2/4_0" slope="0.00"/>
        <vehicle id="4" x="398.35" y="406.09" angle="0.00" type="DEFAULT_VEHTYPE" speed="13.40" pos="189.16" lane="2/3to2/2_0" slope="0.00"/>
        <vehicle id="5" x="201.65" y="226.56" angle="180.00" type="DEFAULT_VEHTYPE" speed="11.52" pos="21.81" lane="1/1to1/2_0" slope="0.00"/>
        <vehicle id="6" x="398.35" y="648.29" angle="0.00" type="DEFAULT_VEHTYPE" speed="12.90" pos="151.71" lane="2/4to2/3_0" slope="0.00"/>
        <vehicle id="7" x="198.35" y="222.00" angle="0.00" type="DEFAULT_VEHTYPE" speed="13.78" pos="173.25" lane="1/2to1/1_0" slope="0.00"/>
        <vehicle id="8" x="444.73" y="198.35" angle="90.00" type="DEFAULT_VEHTYPE" speed="13.70" pos="39.98" lane="2/1to3/1_0" slope="0.00"/>
    </timestep>
    <timestep time="411.00">
        <vehicle id="0" x="76.22" y="398.35" angle="90.00" type="DEFAULT_VEHTYPE" speed="13.34" pos="76.22" lane="0/2to1/2_0" slope="0.00"/>
        <vehicle id="10" x="601.65" y="345.94" angle="180.00" type="DEFAULT_VEHTYPE" speed="13.46" pos="141.19" lane="3/1to3/2_0" slope="0.00"/>
        <vehicle id="11" x="210.57" y="401.65" angle="-90.00" type="DEFAULT_VEHTYPE" speed="4.79" pos="184.68" lane="2/2to1/2_0" slope="0.00"/>
        <vehicle id="12" x="201.65" y="399.19" angle="180.00" type="DEFAULT_VEHTYPE" speed="13.36" pos="3.94" lane=":1/2_9_0" slope="0.00"/>
        <vehicle id="15" x="653.85" y="198.35" angle="90.00" type="DEFAULT_VEHTYPE" speed="12.89" pos="49.10" lane="3/1to4/1_0" slope="0.00"/>
        <vehicle id="19" x="398.35" y="591.90" angle="0.00" type="DEFAULT_VEHTYPE" speed="13.11" pos="3.35" lane="2/3to2/2_0" slope="0.00"/>
        <vehicle id="2" x="648.30" y="601.65" angle="-90.00" type="DEFAULT_VEHTYPE" speed="13.22" pos="151.70" lane="4/3to3/3_0" slope="0.00"/>
        <vehicle id="20" x="198.35" y="150.97" angle="0.00" type="DEFAULT_VEHTYPE" speed="13.19" pos="44.28" lane="1/1to1/0_0" slope="0.00"/>
        <vehicle id="23" x="344.33" y="598.35" angle="90.00" type="DEFAULT_VEHTYPE" speed="13.45" pos="139.58" lane="1/3to2/3_0" slope="0.00"/>
        <vehicle id="24" x="401.65" y="657.53" angle="180.00" type="DEFAULT_VEHTYPE" speed="13.13" pos="52.78" lane="2/3to2/4_0" slope="0.00"/>
        <vehicle id="4" x="398.35" y="393.17" angle="0.00" type="DEFAULT_VEHTYPE" speed="12.92" pos="2.08" lane="2/2to2/1_0" slope="0.00"/>
        <vehicle id="5" x="201.65" y="239.79" angle="180.00" type="DEFAULT_VEHTYPE" speed="13.24" pos="35.04" lane="1/1to1/2_0" slope="0.00"/>
        <vehicle id="6" x="398.35" y="635.36" angle="0.00" type="DEFAULT_VEHTYPE" speed="12.93" pos="164.64" lane="2/4to2/3_0" slope="0.00"/>
        <vehicle id="7" x="198.35" y="208.94" angle="0.00" type="DEFAULT_VEHTYPE" speed="13.06" pos="186.31" lane="1/2to1/1_0" slope="0.00"/>
        <vehicle id="8" x="457.63" y="198.35" angle="90.00" type="DEFAULT_VEHTYPE" speed="12.90" pos="52.88" lane="2/1to3/1_0" slope="0.00"/>
    </timestep>
    <timestep time="412.00">
        <vehicle id="0" x="89.87" y="398.35" angle="90.00" type="DEFAULT_VEHTYPE" speed="13.65" pos="89.87" lane="0/2to1/2_0" slope="0.00"/>
        <vehicle id="10" x="601.65" y="358.74" angle="180.00" type="DEFAULT_VEHTYPE" speed="12.80" pos="153.99" lane="3/1to3/2_0" slope="0.00"/>
        <vehicle id="11" x="208.52" y="401.65" angle="-90.00" type="DEFAULT_VEHTYPE" speed="2.05" pos="186.73" lane="2/2to1/2_0" slope="0.00"/>
        <vehicle id="12" x="201.65" y="412.23" angle="180.00" type="DEFAULT_VEHTYPE" speed="13.04" pos="7.48" lane="1/2to1/3_0" slope="0.00"/>
        <vehicle id="15" x="667.50" y="198.35" angle="90.00" type="DEFAULT_VEHTYPE" speed="13.65" pos="62.75" lane="3/1to4/1_0" slope="0.00"/>
        <vehicle id="19" x="398.35" y="579.09" angle="0.00" type="DEFAULT_VEHTYPE" speed="12.81" pos="16.16" lane="2/3to2/2_0" slope="0.00"/>
        <vehicle id="2" x="634.64" y="601.65" angle="-90.00" type="DEFAULT_VEHTYPE" speed="13.66" pos="165.36" lane="4/3to3/3_0" slope="0.00"/>
        <vehicle id="20" x="198.35" y="138.29" angle="0.00" type="DEFAULT_VEHTYPE" speed="12.68" pos="56.96" lane="1/1to1/0_0" slope="0.00"/>
        <vehicle id="23" x="358.10" y="598.35" angle="90.00" type="DEFAULT_VEHTYPE" speed="13.77" pos="153.35" lane="1/3to2/3_0" slope="0.00"/>
        <vehicle id="24" x="401.65" y="671.10" angle="180.00" type="DEFAULT_VEHTYPE" speed="13.57" pos="66.35" lane="2/3to2/4_0" slope="0.00"/>
        <vehicle id="4" x="398.35" y="380.33" angle="0.00" type="DEFAULT_VEHTYPE" speed="12.84" pos="14.92" lane="2/2to2/1_0" slope="0.00"/>
        <vehicle id="5" x="201.65" y="252.47" angle="180.00" type="DEFAULT_VEHTYPE" speed="12.68" pos="47.72" lane="1/1to1/2_0" slope="0.00"/>
        <vehicle id="6" x="398.35" y="621.84" angle="0.00" type="DEFAULT_VEHTYPE" speed="13.52" pos="178.16" lane="2/4to2/3_0" slope="0.00"/>
        <vehicle id="7" x="190.78" y="201.65" angle="-89.15" type="DEFAULT_VEHTYPE" speed="13.66" pos="4.47" lane="1/1to0/1_0" slope="0.00"/>
        <vehicle id="8" x="471.20" y="198.35" angle="90.00" type="DEFAULT_VEHTYPE" speed="13.57" pos="66.45" lane="2/1to3/1_0" slope="0.00"/>
    </timestep>
    <timestep time="413.00">
        <vehicle id="0" x="102.91" y="398.35" angle="90.00" type="DEFAULT_VEHTYPE" speed="13.04" pos="102.91" lane="0/2to1/2_0" slope="0.00"/>
        <vehicle id="10" x="601.65" y="372.53" angle="180.00" type="DEFAULT_VEHTYPE" speed="13.79" pos="167.78" lane="3/1to3/2_0" slope="0.00"/>
        <vehicle id="11" x="204.52" y="401.62" angle="-89.62" type="DEFAULT_VEHTYPE" speed="4.00" pos="0.24" lane=":1/2_6_0" slope="0.00"/>
        <vehicle id="12" x="201.65" y="426.06" angle="180.00" type="DEFAULT_VEHTYPE" speed="13.82" pos="21.31" lane="1/2to1/3_0" slope="0.00"/>
        <vehicle id="15" x="680.42" y="198.35" angle="90.00" type="DEFAULT_VEHTYPE" speed="12.92" pos="75.67" lane="3/1to4/1_0" slope="0.00"/>
        <vehicle id="19" x="398.35" y="565.56" angle="0.00" type="DEFAULT_VEHTYPE" speed="13.53" pos="29.69" lane="2/3to2/2_0" slope="0.00"/>
        <vehicle id="2" x="623.66" y="601.65" angle="-90.00" type="DEFAULT_VEHTYPE" speed="10.98" pos="176.34" lane="4/3to3/3_0" slope="0.00"/>
        <vehicle id="20" x="198.35" y="125.62" angle="0.00" type="DEFAULT_VEHTYPE" speed="12.67" pos="69.63" lane="1/1to1/0_0" slope="0.00"/>
        <vehicle id="23" x="371.06" y="598.35" angle="90.00" type="DEFAULT_VEHTYPE" speed="12.96" pos="166.31" lane="1/3to2/3_0" slope="0.00"/>
        <vehicle id="24" x="401.65" y="684.05" angle="180.00" type="DEFAULT_VEHTYPE" speed="12.96" pos="79.30" lane="2/3to2/4_0" slope="0.00"/>
        <vehicle id="4" x="398.35" y="366.48" angle="0.00" type="DEFAULT_VEHTYPE" speed="13.84" pos="28.77" lane="2/2to2/1_0" slope="0.00"/>
        <vehicle id="5" x="201.65" y="265.50" angle="180.00" type="DEFAULT_VEHTYPE" speed="13.03" pos="60.75" lane="1/1to1/2_0" slope="0.00"/>
        <vehicle id="6" x="398.35" y="609.13" angle="0.00" type="DEFAULT_VEHTYPE" speed="12.71" pos="190.87" lane="2/4to2/3_0" slope="0.00"/>
        <vehicle id="7" x="177.55" y="201.65" angle="-90.00" type="DEFAULT_VEHTYPE" speed="13.23" pos="17.70" lane="1/1to0/1_0" slope="0.00"/>
        <vehicle id="8" x="484.62" y="198.35" angle="90.00" type="DEFAULT_VEHTYPE" speed="13.41" pos="79.87" lane="2/1to3/1_0" slope="0.00"/>
    </timestep>
    <timestep time="414.00">
        <vehicle id="0" x="115.52" y="398.35" angle="90.00" type="DEFAULT_VEHTYPE" speed="12.61" pos="115.52" lane="0/2to1/2_0" slope="0.00"/>
        <vehicle id="10" x="601.65" y="385.25" angle="180.00" type="DEFAULT_VEHTYPE" speed="12.72" pos="180.50" lane="3/1to3/2_0" slope="0.00"/>
        <vehicle id="11" x="199.37" y="399.09" angle="-59.89" type="DEFAULT_VEHTYPE" speed="6.05" pos="6.28" lane=":1/2_6_0" slope="0.00"/>
        <vehicle id="12" x="201.65" y="439.10" angle="180.00" type="DEFAULT_VEHTYPE" speed="13.04" pos="34.35" lane="1/2to1/3_0" slope="0.00"/>
        <vehicle id="15" x="693.98" y="198.35" angle="90.00" type="DEFAULT_VEHTYPE" speed="13.57" pos="89.23" lane="3/1to4/1_0" slope="0.00"/>
        <vehicle id="19" x="398.35" y="552.31" angle="0.00" type="DEFAULT_VEHTYPE" speed="13.25" pos="42.94" lane="2/3to2/2_0" slope="0.00"/>
        <vehicle id="2" x="616.38" y="601.65" angle="-90.00" type="DEFAULT_VEHTYPE" speed="7.27" pos="183.62" lane="4/3to3/3_0" slope="0.00"/>
        <vehicle id="20" x="198.35" y="112.26" angle="0.00" type="DEFAULT_VEHTYPE" speed="13.36" pos="82.99" lane="1/1to1/0_0" slope="0.00"/>
        <vehicle id="23" x="380.70" y="598.35" angle="90.00" type="DEFAULT_VEHTYPE" speed="9.65" pos="175.95" lane="1/3to2/3_0" slope="0.00"/>
        <vehicle id="24" x="401.65" y="697.17" angle="180.00" type="DEFAULT_VEHTYPE" speed="13.11" pos="92.42" lane="2/3to2/4_0" slope="0.00"/>
        <vehicle id="4" x="398.35" y="353.85" angle="0.00" type="DEFAULT_VEHTYPE" speed="12.63" pos="41.40" lane="2/2to2/1_0" slope="0.00"/>
        <vehicle id="5" x="201.65" y="279.16" angle="180.00" type="DEFAULT_VEHTYPE" speed="13.65" pos="74.41" lane="1/1to1/2_0" slope="0.00"/>
        <vehicle id="6" x="398.35" y="596.20" angle="0.00" type="DEFAULT_VEHTYPE" speed="12.94" pos="8.55" lane=":2/3_1_0" slope="0.00"/>
        <vehicle id="7" x="163.72" y="201.65" angle="-90.00" type="DEFAULT_VEHTYPE" speed="13.83" pos="31.53" lane="1/1to0/1_0" slope="0.00"/>
        <vehicle id="8" x="498.00" y="198.35" angle="90.00" type="DEFAULT_VEHTYPE" speed="13.38" pos="93.25" lane="2/1to3/1_0" slope="0.00"/>
    </timestep>
    <timestep time="415.00">
        <vehicle id="0" x="129.32" y="398.35" angle="90.00" type="DEFAULT_VEHTYPE" speed="13.80" pos="129.32" lane="0/2to1/2_0" slope="0.00"/>
        <vehicle id="10" x="601.65" y="398.02" angle="180.00" type="DEFAULT_VEHTYPE" speed="12.77" pos="2.77" lane=":3/2_9_0" slope="0.00"/>
        <vehicle id="11" x="198.35" y="391.13" angle="-1.43" type="DEFAULT_VEHTYPE" speed="8.15" pos="4.12" lane="1/2to1/1_0" slope="0.00"/>
        <vehicle id="12" x="201.65" y="452.87" angle="180.00" type="DEFAULT_VEHTYPE" speed="13.77" pos="48.12" lane="1/2to1/3_0" slope="0.00"/>
        <vehicle id="15" x="707.51" y="198.35" angle="90.00" type="DEFAULT_VEHTYPE" speed="13.53" pos="102.76" lane="3/1to4/1_0" slope="0.00"/>
        <vehicle id="19" x="398.35" y="538.46" angle="0.00" type="DEFAULT_VEHTYPE" speed="13.85" pos="56.79" lane="2/3to2/2_0" slope="0.00"/>
        <vehicle id="2" x="611.06" y="601.65" angle="-90.00" type="DEFAULT_VEHTYPE" speed="5.33" pos="188.94" lane="4/3to3/3_0" slope="0.00"/>
        <vehicle id="20" x="198.35" y="99.04" angle="0.00" type="DEFAULT_VEHTYPE" speed="13.22" pos="96.21" lane="1/1to1/0_0" slope="0.00"/>
        <vehicle id="23" x="386.92" y="598.35" angle="90.00" type="DEFAULT_VEHTYPE" speed="6.21" pos="182.17" lane="1/3to2/3_0" slope="0.00"/>
        <vehicle id="24" x="401.65" y="710.73" angle="180.00" type="DEFAULT_VEHTYPE" speed="13.56" pos="105.98" lane="2/3to2/4_0" slope="0.00"/>
        <vehicle id="4" x="398.35" y="341.13" angle="0.00" type="DEFAULT_VEHTYPE" speed="12.71" pos="54.12" lane="2/2to2/1_0" slope="0.00"/>
        <vehicle id="5" x="201.65" y="292.43" angle="180.00" type="DEFAULT_VEHTYPE" speed="13.28" pos="87.68" lane="1/1to1/2_0" slope="0.00"/>
        <vehicle id="6" x="398.35" y="582.35" angle="0.00" type="DEFAULT_VEHTYPE" speed="13.85" pos="12.90" lane="2/3to2/2_0" slope="0.00"/>
        <vehicle id="7" x="150.50" y="201.65" angle="-90.00" type="DEFAULT_VEHTYPE" speed="13.23" pos="44.75" lane="1/1to0/1_0" slope="0.00"/>
        <vehicle id="8" x="510.96" y="198.35" angle="90.00" type="DEFAULT_VEHTYPE" speed="12.96" pos="106.21" lane="2/1to3/1_0" slope="0.00"/>
    </timestep>
    <timestep time="416.00">
        <vehicle id="0" x="142.34" y="398.35" angle="90.00" type="DEFAULT_VEHTYPE" speed="13.02" pos="142.34" lane="0/2to1/2_0" slope="0.00"/>
        <vehicle id="10" x="601.65" y="411.86" angle="180.00" type="DEFAULT_VEHTYPE" speed="13.85" pos="7.11" lane="3/2to3/3_0" slope="0.00"/>
        <vehicle id="11" x="198.35" y="380.49" angle="0.00" type="DEFAULT_VEHTYPE" speed="10.64" pos="14.76" lane="1/2to1/1_0" slope="0.00"/>
        <vehicle id="12" x="201.65" y="465.86" angle="180.00" type="DEFAULT_VEHTYPE" speed="12.99" pos="61.11" lane="1/2to1/3_0" slope="0.00"/>
        <vehicle id="15" x="720.42" y="198.35" angle="90.00" type="DEFAULT_VEHTYPE" speed="12.91" pos="115.67" lane="3/1to4/1_0" slope="0.00"/>
        <vehicle id="19" x="398.35" y="525.80" angle="0.00" type="DEFAULT_VEHTYPE" speed="12.66" pos="69.45" lane="2/3to2/2_0" slope="0.00"/>
        <vehicle id="2" x="603.80" y="601.51" angle="-88.45" type="DEFAULT_VEHTYPE" speed="7.26" pos="0.95" lane=":3/3_6_0" slope="0.00"/>
        <vehicle id="20" x="198.35" y="85.38" angle="0.00" type="DEFAULT_VEHTYPE" speed="13.66" pos="109.87" lane="1/1to1/0_0" slope="0.00"/>
        <vehicle id="23" x="390.27" y="598.35" angle="90.00" type="DEFAULT_VEHTYPE" speed="3.35" pos="185.52" lane="1/3to2/3_0" slope="0.00"/>
        <vehicle id="24" x="401.65" y="724.48" angle="180.00" type="DEFAULT_VEHTYPE" speed="13.75" pos="119.73" lane="2/3to2/4_0" slope="0.00"/>
        <vehicle id="4" x="398.35" y="328.23" angle="0.00" type="DEFAULT_VEHTYPE" speed="12.91" pos="67.02" lane="2/2to2/1_0" slope="0.00"/>
        <vehicle id="5" x="201.65" y="305.48" angle="180.00" type="DEFAULT_VEHTYPE" speed="13.04" pos="100.73" lane="1/1to1/2_0" slope="0.00"/>
        <vehicle id="6" x="398.35" y="568.69" angle="0.00" type="DEFAULT_VEHTYPE" speed="13.66" pos="26.56" lane="2/3to2/2_0" slope="0.00"/>
        <vehicle id="7" x="137.04" y="201.65" angle="-90.00" type="DEFAULT_VEHTYPE" speed="13.46" pos="58.21" lane="1/1to0/1_0" slope="0.00"/>
        <vehicle id="8" x="524.70" y="198.35" angle="90.00" type="DEFAULT_VEHTYPE" speed="13.74" pos="119.95" lane="2/1to3/1_0" slope="0.00"/>
    </timestep>
    <timestep time="417.00">
        <vehicle id="0" x="155.24" y="398.35" angle="90.00" type="DEFAULT_VEHTYPE" speed="12.90" pos="155.24" lane="0/2to1/2_0" slope="0.00"/>
        <vehicle id="10" x="601.65" y="424.55" angle="180.00" type="DEFAULT_VEHTYPE" speed="12.68" pos="19.80" lane="3/2to3/3_0" slope="0.00"/>
        <vehicle id="11" x="198.35" y="368.11" angle="0.00" type="DEFAULT_VEHTYPE" speed="12.38" pos="27.14" lane="1/2to1/1_0" slope="0.00"/>
        <vehicle id="12" x="201.65" y="479.69" angle="180.00" type="DEFAULT_VEHTYPE" speed="13.83" pos="74.94" lane="1/2to1/3_0" slope="0.00"/>
        <vehicle id="15" x="733.61" y="198.35" angle="90.00" type="DEFAULT_VEHTYPE" speed="13.19" pos="128.86" lane="3/1to4/1_0" slope="0.00"/>
        <vehicle id="19" x="398.35" y="512.66" angle="0.00" type="DEFAULT_VEHTYPE" speed="13.14" pos="82.59" lane="2/3to2/2_0" slope="0.00"/>
        <vehicle id="2" x="598.46" y="596.04" angle="-25.12" type="DEFAULT_VEHTYPE" speed="8.57" pos="9.52" lane=":3/3_6_0" slope="0.00"/>
        <vehicle id="20" x="198.35" y="72.57" angle="0.00" type="DEFAULT_VEHTYPE" speed="12.80" pos="122.68" lane="1/1to1/0_0" slope="0.00"/>
        <vehicle id="23" x="395.95" y="598.45" angle="91.15" type="DEFAULT_VEHTYPE" speed="5.69" pos="0.71" lane=":2/3_14_0" slope="0.00"/>
        <vehicle id="24" x="401.65" y="737.35" angle="180.00" type="DEFAULT_VEHTYPE" speed="12.87" pos="132.60" lane="2/3to2/4_0" slope="0.00"/>
        <vehicle id="4" x="398.35" y="315.37" angle="0.00" type="DEFAULT_VEHTYPE" speed="12.85" pos="79.88" lane="2/2to2/1_0" slope="0.00"/>
        <vehicle id="5" x="201.65" y="318.95" angle="180.00" type="DEFAULT_VEHTYPE" speed="13.48" pos="114.20" lane="1/1to1/2_0" slope="0.00"/>
        <vehicle id="6" x="398.35" y="555.43" angle="0.00" type="DEFAULT_VEHTYPE" speed="13.27" pos="39.82" lane="2/3to2/2_0" slope="0.00"/>
        <vehicle id="7" x="123.92" y="201.65" angle="-90.00" type="DEFAULT_VEHTYPE" speed="13.12" pos="71.33" lane="1/1to0/1_0" slope="0.00"/>
        <vehicle id="8" x="538.29" y="198.35" angle="90.00" type="DEFAULT_VEHTYPE" speed="13.59" pos="133.54" lane="2/1to3/1_0" slope="0.00"/>
    </timestep>
    <timestep time="418.00">
        <vehicle id="0" x="168.44" y="398.35" angle="90.00" type="DEFAULT_VEHTYPE" speed="13.19" pos="168.44" lane="0/2to1/2_0" slope="0.00"/>
        <vehicle id="10" x="601.65" y="437.17" angle="180.00" type="DEFAULT_VEHTYPE" speed="12.63" pos="32.42" lane="3/2to3/3_0" slope="0.00"/>
        <vehicle id="11" x="198.35" y="355.20" angle="0.00" type="DEFAULT_VEHTYPE" speed="12.91" pos="40.05" lane="1/2to1/1_0" slope="0.00"/>
        <vehicle id="12" x="201.65" y="492.93" angle="180.00" type="DEFAULT_VEHTYPE" speed="13.24" pos="88.18" lane="1/2to1/3_0" slope="0.00"/>
        <vehicle id="15" x="746.29" y="198.35" angle="90.00" type="DEFAULT_VEHTYPE" speed="12.68" pos="141.54" lane="3/1to4/1_0" slope="0.00"/>
        <vehicle id="19" x="398.35" y="499.58" angle="0.00" type="DEFAULT_VEHTYPE" speed="13.08" pos="95.67" lane="2/3to2/2_0" slope="0.00"/>
        <vehicle id="2" x="598.35" y="585.94" angle="0.00" type="DEFAULT_VEHTYPE" speed="10.11" pos="9.31" lane="3/3to3/2_0" slope="0.00"/>
        <vehicle id="20" x="198.35" y="59.40" angle="0.00" type="DEFAULT_VEHTYPE" speed="13.17" pos="135.85" lane="1/1to1/0_0" slope="0.00"/>
        <vehicle id="23" x="401.41" y="603.04" angle="145.26" type="DEFAULT_VEHTYPE" speed="7.88" pos="8.59" lane=":2/3_14_0" slope="0.00"/>
        <vehicle id="24" x="401.65" y="750.25" angle="180.00" type="DEFAULT_VEHTYPE" speed="12.90" pos="145.50" lane="2/3to2/4_0" slope="0.00"/>
        <vehicle id="4" x="398.35" y="302.06" angle="0.00" type="DEFAULT_VEHTYPE" speed="13.31" pos="93.19" lane="2/2to2/1_0" slope="0.00"/>
        <vehicle id="5" x="201.65" y="331.58" angle="180.00" type="DEFAULT_VEHTYPE" speed="12.63" pos="126.83" lane="1/1to1/2_0" slope="0.00"/>
        <vehicle id="6" x="398.35" y="542.47" angle="0.00" type="DEFAULT_VEHTYPE" speed="12.96" pos="52.78" lane="2/3to2/2_0" slope="0.00"/>
        <vehicle id="7" x="110.29" y="201.65" angle="-90.00" type="DEFAULT_VEHTYPE" speed="13.63" pos="84.96" lane="1/1to0/1_0" slope="0.00"/>
        <vehicle id="8" x="551.25" y="198.35" angle="90.00" type="DEFAULT_VEHTYPE" speed="12.96" pos="146.50" lane="2/1to3/1_0" slope="0.00"/>
    </timestep>
    <timestep time="419.00">
        <vehicle id="0" x="178.65" y="398.35" angle="90.00" type="DEFAULT_VEHTYPE" speed="10.22" pos="178.65" lane="0/2to1/2_0" slope="0.00"/>
        <vehicle id="10" x="601.65" y="450.16" angle="180.00" type="DEFAULT_VEHTYPE" speed="12.99" pos="45.41" lane="3/2to3/3_0" slope="0.00"/>
        <vehicle id="11" x="198.35" y="342.42" angle="0.00" type="DEFAULT_VEHTYPE" speed="12.78" pos="52.83" lane="1/2to1/1_0" slope="0.00"/>
        <vehicle id="12" x="201.65" y="506.51" angle="180.00" type="DEFAULT_VEHTYPE" speed="13.58" pos="101.76" lane="1/2to1/3_0" slope="0.00"/>
        <vehicle id="15" x="760.15" y="198.35" angle="90.00" type="DEFAULT_VEHTYPE" speed="13.87" pos="155.40" lane="3/1to4/1_0" slope="0.00"/>
        <vehicle id="19" x="398.35" y="486.42" angle="0.00" type="DEFAULT_VEHTYPE" speed="13.17" pos="108.83" lane="2/3to2/2_0" slope="0.00"/>
        <vehicle id="2" x="598.35" y="574.11" angle="0.00" type="DEFAULT_VEHTYPE" speed="11.83" pos="21.14" lane="3/3to3/2_0" slope="0.00"/>
        <vehicle id="20" x="198.35" y="46.21" angle="0.00" type="DEFAULT_VEHTYPE" speed="13.18" pos="149.04" lane="1/1to1/0_0" slope="0.00"/>
        <vehicle id="23" x="401.65" y="612.63" angle="180.00" type="DEFAULT_VEHTYPE" speed="9.61" pos="7.88" lane="2/3to2/4_0" slope="0.00"/>
        <vehicle id="24" x="401.65" y="763.40" angle="180.00" type="DEFAULT_VEHTYPE" speed="13.16" pos="158.65" lane="2/3to2/4_0" slope="0.00"/>
        <vehicle id="4" x="398.35" y="288.89" angle="0.00" type="DEFAULT_VEHTYPE" speed="13.17" pos="106.36" lane="2/2to2/1_0" slope="0.00"/>
        <vehicle id="5" x="201.65" y="345.24" angle="180.00" type="DEFAULT_VEHTYPE" speed="13.66" pos="140.49" lane="1/1to1/2_0" slope="0.00"/>
        <vehicle id="6" x="398.35" y="528.83" angle="0.00" type="DEFAULT_VEHTYPE" speed="13.64" pos="66.42" lane="2/3to2/2_0" slope="0.00"/>
        <vehicle id="7" x="96.46" y="201.65" angle="-90.00" type="DEFAULT_VEHTYPE" speed="13.82" pos="98.79" lane="1/1to0/1_0" slope="0.00"/>
        <vehicle id="8" x="564.78" y="198.35" angle="90.00" type="DEFAULT_VEHTYPE" speed="13.52" pos="160.03" lane="2/1to3/1_0" slope="0.00"/>
    </timestep>
    <timestep time="420.00">
        <vehicle id="0" x="185.03" y="398.35" angle="90.00" type="DEFAULT_VEHTYPE" speed="6.37" pos="185.03" lane="0/2to1/2_0" slope="0.00"/>
        <vehicle id="10" x="601.65" y="463.94" angle="180.00" type="DEFAULT_VEHTYPE" speed="13.78" pos="59.19" lane="3/2to3/3_0" slope="0.00"/>
        <vehicle id="11" x="198.35" y="328.86" angle="0.00" type="DEFAULT_VEHTYPE" speed="13.56" pos="66.39" lane="1/2to1/1_0" slope="0.00"/>
        <vehicle id="12" x="201.65" y="520.31" angle="180.00" type="DEFAULT_VEHTYPE" speed="13.80" pos="115.56" lane="1/2to1/3_0" slope="0.00"/>
        <vehicle id="15" x="772.88" y="198.35" angle="90.00" type="DEFAULT_VEHTYPE" speed="12.73" pos="168.13" lane="3/1to4/1_0" slope="0.00"/>
        <vehicle id="19" x="398.35" y="473.06" angle="0.00" type="DEFAULT_VEHTYPE" speed="13.35" pos="122.19" lane="2/3to2/2_0" slope="0.00"/>
        <vehicle id="2" x="598.35" y="561.36" angle="0.00" type="DEFAULT_VEHTYPE" speed="12.76" pos="33.89" lane="3/3to3/2_0" slope="0.00"/>
        <vehicle id="20" x="198.35" y="33.30" angle="0.00" type="DEFAULT_VEHTYPE" speed="12.91" pos="161.95" lane="1/1to1/0_0" slope="0.00"/>
        <vehicle id="23" x="401.65" y="624.30" angle="180.00" type="DEFAULT_VEHTYPE" speed="11.67" pos="19.55" lane="2/3to2/4_0" slope="0.00"/>
        <vehicle id="24" x="401.65" y="776.95" angle="180.00" type="DEFAULT_VEHTYPE" speed="13.54" pos="172.20" lane="2/3to2/4_0" slope="0.00"/>
        <vehicle id="4" x="398.35" y="275.74" angle="0.00" type="DEFAULT_VEHTYPE" speed="13.16" pos="119.51" lane="2/2to2/1_0" slope="0.00"/>
        <vehicle id="5" x="201.65" y="358.22" angle="180.00" type="DEFAULT_VEHTYPE" speed="12.98" pos="153.47" lane="1/1to1/2_0" slope="0.00"/>
        <vehicle id="6" x="398.35" y="515.24" angle="0.00" type="DEFAULT_VEHTYPE" speed="13.60" pos="80.01" lane="2/3to2/2_0" slope="0.00"/>
        <vehicle id="7" x="82.63" y="201.65" angle="-90.00" type="DEFAULT_VEHTYPE" speed="13.84" pos="112.62" lane="1/1to0/1_0" slope="0.00"/>
        <vehicle id="8" x="576.50" y="198.35" angle="90.00" type="DEFAULT_VEHTYPE" speed="11.73" pos="171.75" lane="2/1to3/1_0" slope="0.00"/>
    </timestep>
    <timestep time="421.00">
        <vehicle id="0" x="189.19" y="398.35" angle="90.00" type="DEFAULT_VEHTYPE" speed="4.17" pos="189.19" lane="0/2to1/2_0" slope="0.00"/>
        <vehicle id="10" x="601.65" y="476.84" angle="180.00" type="DEFAULT_VEHTYPE" speed="12.90" pos="72.09" lane="3/2to3/3_0" slope="0.00"/>
        <vehicle id="11" x="198.35" y="316.16" angle="0.00" type="DEFAULT_VEHTYPE" speed="12.70" pos="79.09" lane="1/2to1/1_0" slope="0.00"/>
        <vehicle id="12" x="201.65" y="533.43" angle="180.00" type="DEFAULT_VEHTYPE" speed="13.13" pos="128.68" lane="1/2to1/3_0" slope="0.00"/>
        <vehicle id="15" x="785.94" y="198.35" angle="90.00" type="DEFAULT_VEHTYPE" speed="13.06" pos="181.19" lane="3/1to4/1_0" slope="0.00"/>
        <vehicle id="19" x="398.35" y="459.24" angle="0.00" type="DEFAULT_VEHTYPE" speed="13.82" pos="136.01" lane="2/3to2/2_0" slope="0.00"/>
        <vehicle id="2" x="598.35" y="548.33" angle="0.00" type="DEFAULT_VEHTYPE" speed="13.03" pos="46.92" lane="3/3to3/2_0" slope="0.00"/>
        <vehicle id="20" x="198.35" y="19.63" angle="0.00" type="DEFAULT_VEHTYPE" speed="13.68" pos="175.62" lane="1/1to1/0_0" slope="0.00"/>
        <vehicle id="23" x="401.65" y="637.82" angle="180.00" type="DEFAULT_VEHTYPE" speed="13.52" pos="33.07" lane="2/3to2/4_0" slope="0.00"/>
        <vehicle id="24" x="401.65" y="789.84" angle="180.00" type="DEFAULT_VEHTYPE" speed="12.89" pos="185.09" lane="2/3to2/4_0" slope="0.00"/>
        <vehicle id="4" x="398.35" y="262.27" angle="0.00" type="DEFAULT_VEHTYPE" speed="13.47" pos="132.98" lane="2/2to2/1_0" slope="0.00"/>
        <vehicle id="5" x="201.65" y="371.82" angle="180.00" type="DEFAULT_VEHTYPE" speed="13.60" pos="167.07" lane="1/1to1/2_0" slope="0.00"/>
        <vehicle id="6" x="398.35" y="501.61" angle="0.00" type="DEFAULT_VEHTYPE" speed="13.62" pos="93.64" lane="2/3to2/2_0" slope="0.00"/>
        <vehicle id="7" x="69.98" y="201.65" angle="-90.00" type="DEFAULT_VEHTYPE" speed="12.65" pos="125.27" lane="1/1to0/1_0" slope="0.00"/>
        <vehicle id="8" x="584.63" y="198.35" angle="90.00" type="DEFAULT_VEHTYPE" speed="8.12" pos="179.88" lane="2/1to3/1_0" slope="0.00"/>
    </timestep>
    <timestep time="422.00">
        <vehicle id="0" x="191.03" y="398.35" angle="90.00" type="DEFAULT_VEHTYPE" speed="1.83" pos="191.03" lane="0/2to1/2_0" slope="0.00"/>
        <vehicle id="10" x="601.65" y="489.79" angle="180.00" type="DEFAULT_VEHTYPE" speed="12.95" pos="85.04" lane="3/2to3/3_0" slope="0.00"/>
        <vehicle id="11" x="198.35" y="303.42" angle="0.00" type="DEFAULT_VEHTYPE" speed="12.74" pos="91.83" lane="1/2to1/1_0" slope="0.00"/>
        <vehicle id="12" x="201.65" y="546.92" angle="180.00" type="DEFAULT_VEHTYPE" speed="13.49" pos="142.17" lane="1/2to1/3_0" slope="0.00"/>
        <vehicle id="15" x="799.57" y="198.35" angle="90.00" type="DEFAULT_VEHTYPE" speed="13.63" pos="194.82" lane="3/1to4/1_0" slope="0.00"/>
        <vehicle id="19" x="398.35" y="446.48" angle="0.00" type="DEFAULT_VEHTYPE" speed="12.75" pos="148.77" lane="2/3to2/2_0" slope="0.00"/>
        <vehicle id="2" x="598.35" y="535.28" angle="0.00" type="DEFAULT_VEHTYPE" speed="13.05" pos="59.97" lane="3/3to3/2_0" slope="0.00"/>
        <vehicle id="20" x="198.35" y="6.56" angle="0.00" type="DEFAULT_VEHTYPE" speed="13.07" pos="188.69" lane="1/1to1/0_0" slope="0.00"/>
        <vehicle id="23" x="401.65" y="651.28" angle="180.00" type="DEFAULT_VEHTYPE" speed="13.46" pos="46.53" lane="2/3to2/4_0" slope="0.00"/>
        <vehicle id="24" x="398.97" y="800.93" angle="-129.84" type="DEFAULT_VEHTYPE" speed="13.86" pos="3.70" lane=":2/4_0_0" slope="0.00"/>
        <vehicle id="4" x="398.35" y="249.12" angle="0.00" type="DEFAULT_VEHTYPE" speed="13.15" pos="146.13" lane="2/2to2/1_0" slope="0.00"/>
        <vehicle id="5" x="201.65" y="385.60" angle="180.00" type="DEFAULT_VEHTYPE" speed="13.78" pos="180.85" lane="1/1to1/2_0" slope="0.00"/>
        <vehicle id="6" x="398.35" y="488.45" angle="0.00" type="DEFAULT_VEHTYPE" speed="13.16" pos="106.80" lane="2/3to2/2_0" slope="0.00"/>
        <vehicle id="7" x="56.22" y="201.65" angle="-90.00" type="DEFAULT_VEHTYPE" speed="13.76" pos="139.03" lane="1/1to0/1_0" slope="0.00"/>
        <vehicle id="8" x="589.49" y="198.35" angle="90.00" type="DEFAULT_VEHTYPE" speed="4.86" pos="184.74" lane="2/1to3/1_0" slope="0.00"/>
    </timestep>
    <timestep time="423.00">
        <vehicle id="0" x="192.06" y="398.35" angle="90.00" type="DEFAULT_VEHTYPE" speed="1.04" pos="192.06" lane="0/2to1/2_0" slope="0.00"/>
        <vehicle id="10" x="601.65" y="503.38" angle="180.00" type="DEFAULT_VEHTYPE" speed="13.59" pos="98.63" lane="3/2to3/3_0" slope="0.00"/>
        <vehicle id="11" x="198.35" y="290.03" angle="0.00" type="DEFAULT_VEHTYPE" speed="13.40" pos="105.22" lane="1/2to1/1_0" slope="0.00"/>
        <vehicle id="12" x="201.65" y="560.59" angle="180.00" type="DEFAULT_VEHTYPE" speed="13.67" pos="155.84" lane="1/2to1/3_0" slope="0.00"/>
        <vehicle id="15" x="791.50" y="201.65" angle="-90.00" type="DEFAULT_VEHTYPE" speed="13.75" pos="8.50" lane="4/1to3/1_0" slope="0.00"/>
        <vehicle id="19" x="398.35" y="433.58" angle="0.00" type="DEFAULT_VEHTYPE" speed="12.90" pos="161.67" lane="2/3to2/2_0" slope="0.00"/>
        <vehicle id="2" x="598.35" y="522.17" angle="0.00" type="DEFAULT_VEHTYPE" speed="13.11" pos="73.08" lane="3/3to3/2_0" slope="0.00"/>
        <vehicle id="20" x="201.65" y="1.98" angle="146.74" type="DEFAULT_VEHTYPE" speed="13.36" pos="1.98" lane="1/0to1/1_0" slope="0.00"/>
        <vehicle id="23" x="401.65" y="664.91" angle="180.00" type="DEFAULT_VEHTYPE" speed="13.63" pos="60.16" lane="2/3to2/4_0" slope="0.00"/>
        <vehicle id="24" x="398.35" y="787.78" angle="0.00" type="DEFAULT_VEHTYPE" speed="13.34" pos="12.22" lane="2/4to2/3_0" slope="0.00"/>
        <vehicle id="4" x="398.35" y="236.33" angle="0.00" type="DEFAULT_VEHTYPE" speed="12.78" pos="158.92" lane="2/2to2/1_0" slope="0.00"/>
        <vehicle id="5" x="201.65" y="398.44" angle="180.00" type="DEFAULT_VEHTYPE" speed="12.85" pos="3.19" lane=":1/2_9_0" slope="0.00"/>
        <vehicle id="6" x="398.35" y="475.74" angle="0.00" type="DEFAULT_VEHTYPE" speed="12.71" pos="119.51" lane="2/3to2/2_0" slope="0.00"/>
        <vehicle id="7" x="42.54" y="201.65" angle="-90.00" type="DEFAULT_VEHTYPE" speed="13.68" pos="152.71" lane="1/1to0/1_0" slope="0.00"/>
        <vehicle id="8" x="596.19" y="198.48" angle="91.54" type="DEFAULT_VEHTYPE" speed="6.71" pos="0.95" lane=":3/1_14_0" slope="0.00"/>
    </timestep>
    <timestep time="424.00">
        <vehicle id="0" x="192.64" y="398.35" angle="90.00" type="DEFAULT_VEHTYPE" speed="0.58" pos="192.64" lane="0/2to1/2_0" slope="0.00"/>
        <vehicle id="10" x="601.65" y="516.56" angle="180.00" type="DEFAULT_VEHTYPE" speed="13.17" pos="111.81" lane="3/2to3/3_0" slope="0.00"/>
        <vehicle id="11" x="198.35" y="277.03" angle="0.00" type="DEFAULT_VEHTYPE" speed="12.99" pos="118.22" lane="1/2to1/1_0" slope="0.00"/>
        <vehicle id="12" x="201.65" y="573.80" angle="180.00" type="DEFAULT_VEHTYPE" speed="13.21" pos="169.05" lane="1/2to1/3_0" slope="0.00"/>
        <vehicle id="15" x="778.16" y="201.65" angle="-90.00" type="DEFAULT_VEHTYPE" speed="13.34" pos="21.84" lane="4/1to3/1_0" slope="0.00"/>
        <vehicle id="19" x="398.35" y="419.96" angle="0.00" type="DEFAULT_VEHTYPE" speed="13.62" pos="175.29" lane="2/3to2/2_0" slope="0.00"/>
        <vehicle id="2" x="598.35" y="509.35" angle="0.00" type="DEFAULT_VEHTYPE" speed="12.82" pos="85.90" lane="3/3to3/2_0" slope="0.00"/>
        <vehicle id="20" x="201.65" y="15.08" angle="180.00" type="DEFAULT_VEHTYPE" speed="13.10" pos="15.08" lane="1/0to1/1_0" slope="0.00"/>
        <vehicle id="23" x="401.65" y="678.38" angle="180.00" type="DEFAULT_VEHTYPE" speed="13.46" pos="73.63" lane="2/3to2/4_0" slope="0.00"/>
        <vehicle id="24" x="398.35" y="774.99" angle="0.00" type="DEFAULT_VEHTYPE" speed="12.79" pos="25.01" lane="2/4to2/3_0" slope="0.00"/>
        <vehicle id="4" x="398.35" y="222.98" angle="0.00" type="DEFAULT_VEHTYPE" speed="13.35" pos="172.27" lane="2/2to2/1_0" slope="0.00"/>
        <vehicle id="5" x="201.65" y="412.22" angle="180.00" type="DEFAULT_VEHTYPE" speed="13.78" pos="7.47" lane="1/2to1/3_0" slope="0.00"/>
        <vehicle id="6" x="398.35" y="462.59" angle="0.00" type="DEFAULT_VEHTYPE" speed="13.15" pos="132.66" lane="2/3to2/2_0" slope="0.00"/>
        <vehicle id="7" x="28.80" y="201.65" angle="-90.00" type="DEFAULT_VEHTYPE" speed="13.75" pos="166.45" lane="1/1to0/1_0" slope="0.00"/>
        <vehicle id="8" x="601.47" y="203.50" angle="150.07" type="DEFAULT_VEHTYPE" speed="8.11" pos="9.06" lane=":3/1_14_0" slope="0.00"/>
    </timestep>
    <timestep time="425.00">
        <vehicle id="0" x="194.86" y="398.35" angle="90.00" type="DEFAULT_VEHTYPE" speed="2.22" pos="194.86" lane="0/2to1/2_0" slope="0.00"/>
        <vehicle id="10" x="601.65" y="530.42" angle="180.00" type="DEFAULT_VEHTYPE" speed="13.87" pos="125.67" lane="3/2to3/3_0" slope="0.00"/>
        <vehicle id="11" x="198.35" y="263.53" angle="0.00" type="DEFAULT_VEHTYPE" speed="13.50" pos="131.72" lane="1/2to1/1_0" slope="0.00"/>
        <vehicle id="12" x="201.65" y="587.20" angle="180.00" type="DEFAULT_VEHTYPE" speed="13.40" pos="182.45" lane="1/2to1/3_0" slope="0.00"/>
        <vehicle id="15" x="765.38" y="201.65" angle="-90.00" type="DEFAULT_VEHTYPE" speed="12.78" pos="34.62" lane="4/1to3/1_0" slope="0.00"/>
        <vehicle id="19" x="398.35" y="407.23" angle="0.00" type="DEFAULT_VEHTYPE" speed="12.74" pos="188.02" lane="2/3to2/2_0" slope="0.00"/>
        <vehicle id="2" x="598.35" y="495.51" angle="0.00" type="DEFAULT_VEHTYPE" speed="13.84" pos="99.74" lane="3/3to3/2_0" slope="0.00"/>
        <vehicle id="20" x="201.65" y="28.50" angle="180.00" type="DEFAULT_VEHTYPE" speed="13.42" pos="28.50" lane="1/0to1/1_0" slope="0.00"/>
        <vehicle id="23" x="401.65" y="692.14" angle="180.00" type="DEFAULT_VEHTYPE" speed="13.76" pos="87.39" lane="2/3to2/4_0" slope="0.00"/>
        <vehicle id="24" x="398.35" y="761.90" angle="0.00" type="DEFAULT_VEHTYPE" speed="13.09" pos="38.10" lane="2/4to2/3_0" slope="0.00"/>
        <vehicle id="4" x="398.35" y="209.11" angle="0.00" type="DEFAULT_VEHTYPE" speed="13.88" pos="186.14" lane="2/2to2/1_0" slope="0.00"/>
        <vehicle id="5" x="201.65" y="425.24" angle="180.00" type="DEFAULT_VEHTYPE" speed="13.02" pos="20.49" lane="1/2to1/3_0" slope="0.00"/>
        <vehicle id="6" x="398.35" y="449.89" angle="0.00" type="DEFAULT_VEHTYPE" speed="12.70" pos="145.36" lane="2/3to2/2_0" slope="0.00"/>
        <vehicle id="7" x="16.02" y="201.65" angle="-90.00" type="DEFAULT_VEHTYPE" speed="12.77" pos="179.23" lane="1/1to0/1_0" slope="0.00"/>
        <vehicle id="8" x="601.65" y="214.17" angle="180.00" type="DEFAULT_VEHTYPE" speed="10.69" pos="9.42" lane="3/1to3/2_0" slope="0.00"/>
    </timestep>
    <timestep time="426.00">
        <vehicle id="0" x="199.37" y="399.54" angle="104.09" type="DEFAULT_VEHTYPE" speed="4.75" pos="4.37" lane=":1/2_14_0" slope="0.00"/>
        <vehicle id="10" x="601.65" y="544.01" angle="180.00" type="DEFAULT_VEHTYPE" speed="13.58" pos="139.26" lane="3/2to3/3_0" slope="0.00"/>
        <vehicle id="11" x="198.35" y="250.27" angle="0.00" type="DEFAULT_VEHTYPE" speed="13.25" pos="144.98" lane="1/2to1/1_0" slope="0.00"/>
        <vehicle id="12" x="205.34" y="598.35" angle="124.86" type="DEFAULT_VEHTYPE" speed="13.64" pos="0.59" lane="1/3to2/3_0" slope="0.00"/>
        <vehicle id="15" x="752.75" y="201.65" angle="-90.00" type="DEFAULT_VEHTYPE" speed="12.63" pos="47.25" lane="4/1to3/1_0" slope="0.00"/>
        <vehicle id="19" x="398.35" y="394.55" angle="0.00" type="DEFAULT_VEHTYPE" speed="12.67" pos="0.70" lane="2/2to2/1_0" slope="0.00"/>
        <vehicle id="2" x="598.35" y="481.70" angle="0.00" type="DEFAULT_VEHTYPE" speed="13.81" pos="113.55" lane="3/3to3/2_0" slope="0.00"/>
        <vehicle id="20" x="201.65" y="42.05" angle="180.00" type="DEFAULT_VEHTYPE" speed="13.55" pos="42.05" lane="1/0to1/1_0" slope="0.00"/>
        <vehicle id="23" x="401.65" y="704.90" angle="180.00" type="DEFAULT_VEHTYPE" speed="12.76" pos="100.15" lane="2/3to2/4_0" slope="0.00"/>
        <vehicle id="24" x="398.35" y="748.19" angle="0.00" type="DEFAULT_VEHTYPE" speed="13.72" pos="51.81" lane="2/4to2/3_0" slope="0.00"/>
        <vehicle id="4" x="390.75" y="201.65" angle="-89.20" type="DEFAULT_VEHTYPE" speed="13.86" pos="4.50" lane="2/1to1/1_0" slope="0.00"/>
        <vehicle id="5" x="201.65" y="439.02" angle="180.00" type="DEFAULT_VEHTYPE" speed="13.78" pos="34.27" lane="1/2to1/3_0" slope="0.00"/>
        <vehicle id="6" x="398.35" y="436.03" angle="0.00" type="DEFAULT_VEHTYPE" speed="13.87" pos="159.22" lane="2/3to2/2_0" slope="0.00"/>
        <vehicle id="7" x="3.31" y="201.65" angle="-90.00" type="DEFAULT_VEHTYPE" speed="12.71" pos="191.94" lane="1/1to0/1_0" slope="0.00"/>
        <vehicle id="8" x="601.65" y="226.21" angle="180.00" type="DEFAULT_VEHTYPE" speed="12.04" pos="21.46" lane="3/1to3/2_0" slope="0.00"/>
    </timestep>
    <timestep time="427.00">
        <vehicle id="0" x="201.65" y="405.92" angle="169.28" type="DEFAULT_VEHTYPE" speed="7.13" pos="1.17" lane="1/2to1/3_0" slope="0.00"/>
        <vehicle id="10" x="601.65" y="557.12" angle="180.00" type="DEFAULT_VEHTYPE" speed="13.11" pos="152.37" lane="3/2to3/3_0" slope="0.00"/>
        <vehicle id="11" x="198.35" y="236.85" angle="0.00" type="DEFAULT_VEHTYPE" speed="13.42" pos="158.40" lane="1/2to1/1_0" slope="0.00"/>
        <vehicle id="12" x="218.34" y="598.35" angle="90.00" type="DEFAULT_VEHTYPE" speed="13.00" pos="13.59" lane="1/3to2/3_0" slope="0.00"/>
        <vehicle id="15" x="738.94" y="201.65" angle="-90.00" type="DEFAULT_VEHTYPE" speed="13.81" pos="61.06" lane="4/1to3/1_0" slope="0.00"/>
        <vehicle id="19" x="398.35" y="381.78" angle="0.00" type="DEFAULT_VEHTYPE" speed="12.77" pos="13.47" lane="2/2to2/1_0" slope="0.00"/>
        <vehicle id="2" x="598.35" y="468.22" angle="0.00" type="DEFAULT_VEHTYPE" speed="13.48" pos="127.03" lane="3/3to3/2_0" slope="0.00"/>
        <vehicle id="20" x="201.65" y="55.49" angle="180.00" type="DEFAULT_VEHTYPE" speed="13.44" pos="55.49" lane="1/0to1/1_0" slope="0.00"/>
        <vehicle id="23" x="401.65" y="717.71" angle="180.00" type="DEFAULT_VEHTYPE" speed="12.81" pos="112.96" lane="2/3to2/4_0" slope="0.00"/>
        <vehicle id="24" x="398.35" y="734.90" angle="0.00" type="DEFAULT_VEHTYPE" speed="13.29" pos="65.10" lane="2/4to2/3_0" slope="0.00"/>
        <vehicle id="4" x="378.06" y="201.65" angle="-90.00" type="DEFAULT_VEHTYPE" speed="12.69" pos="17.19" lane="2/1to1/1_0" slope="0.00"/>
        <vehicle id="5" x="201.65" y="452.00" angle="180.00" type="DEFAULT_VEHTYPE" speed="12.98" pos="47.25" lane="1/2to1/3_0" slope="0.00"/>
        <vehicle id="6" x="398.35" y="423.36" angle="0.00" type="DEFAULT_VEHTYPE" speed="12.66" pos="171.89" lane="2/3to2/2_0" slope="0.00"/>
        <vehicle id="7" x="5.62" y="198.35" angle="90.00" type="DEFAULT_VEHTYPE" speed="13.76" pos="5.62" lane="0/1to1/1_0" slope="0.00"/>
        <vehicle id="8" x="601.65" y="239.37" angle="180.00" type="DEFAULT_VEHTYPE" speed="13.16" pos="34.62" lane="3/1to3/2_0" slope="0.00"/>
    </timestep>
    <timestep time="428.00">
        <vehicle id="0" x="201.65" y="415.49" angle="180.00" type="DEFAULT_VEHTYPE" speed="9.57" pos="10.74" lane="1/2to1/3_0" slope="0.00"/>
        <vehicle id="10" x="601.65" y="570.35" angle="180.00" type="DEFAULT_VEHTYPE" speed="13.23" pos="165.60" lane="3/2to3/3_0" slope="0.00"/>
        <vehicle id="11" x="198.35" y="223.01" angle="0.00" type="DEFAULT_VEHTYPE" speed="13.84" pos="172.24" lane="1/2to1/1_0" slope="0.00"/>
        <vehicle id="12" x="231.36" y="598.35" angle="90.00" type="DEFAULT_VEHTYPE" speed="13.02" pos="26.61" lane="1/3to2/3_0" slope="0.00"/>
        <vehicle id="15" x="726.06" y="201.65" angle="-90.00" type="DEFAULT_VEHTYPE" speed="12.87" pos="73.94" lane="4/1to3/1_0" slope="0.00"/>
        <vehicle id="19" x="398.35" y="368.20" angle="0.00" type="DEFAULT_VEHTYPE" speed="13.58" pos="27.05" lane="2/2to2/1_0" slope="0.00"/>
        <vehicle id="2" x="598.35" y="455.36" angle="0.00" type="DEFAULT_VEHTYPE" speed="12.86" pos="139.89" lane="3/3to3/2_0" slope="0.00"/>
        <vehicle id="20" x="201.65" y="69.24" angle="180.00" type="DEFAULT_VEHTYPE" speed="13.75" pos="69.24" lane="1/0to1/1_0" slope="0.00"/>
        <vehicle id="23" x="401.65" y="730.87" angle="180.00" type="DEFAULT_VEHTYPE" speed="13.16" pos="126.12" lane="2/3to2/4_0" slope="0.00"/>
        <vehicle id="24" x="398.35" y="721.63" angle="0.00" type="DEFAULT_VEHTYPE" speed="13.27" pos="78.37" lane="2/4to2/3_0" slope="0.00"/>
        <vehicle id="4" x="364.85" y="201.65" angle="-90.00" type="DEFAULT_VEHTYPE" speed="13.21" pos="30.40" lane="2/1to1/1_0" slope="0.00"/>
        <vehicle id="5" x="201.65" y="465.15" angle="180.00" type="DEFAULT_VEHTYPE" speed="13.15" pos="60.40" lane="1/2to1/3_0" slope="0.00"/>
        <vehicle id="6" x="398.35" y="409.93" angle="0.00" type="DEFAULT_VEHTYPE" speed="13.43" pos="185.32" lane="2/3to2/2_0" slope="0.00"/>
        <vehicle id="7" x="19.40" y="198.35" angle="90.00" type="DEFAULT_VEHTYPE" speed="13.77" pos="19.40" lane="0/1to1/1_0" slope="0.00"/>
        <vehicle id="8" x="601.65" y="252.43" angle="180.00" type="DEFAULT_VEHTYPE" speed="13.06" pos="47.68" lane="3/1to3/2_0" slope="0.00"/>
    </timestep>
    <timestep time="429.00">
        <vehicle id="0" x="201.65" y="426.85" angle="180.00" type="DEFAULT_VEHTYPE" speed="11.36" pos="22.10" lane="1/2to1/3_0" slope="0.00"/>
        <vehicle id="10" x="601.65" y="583.15" angle="180.00" type="DEFAULT_VEHTYPE" speed="12.80" pos="178.40" lane="3/2to3/3_0" slope="0.00"/>
        <vehicle id="11" x="198.35" y="210.33" angle="0.00" type="DEFAULT_VEHTYPE" speed="12.68" pos="184.92" lane="1/2to1/1_0" slope="0.00"/>
        <vehicle id="12" x="244.32" y="598.35" angle="90.00" type="DEFAULT_VEHTYPE" speed="12.97" pos="39.57" lane="1/3to2/3_0" slope="0.00"/>
        <vehicle id="15" x="713.16" y="201.65" angle="-90.00" type="DEFAULT_VEHTYPE" speed="12.90" pos="86.84" lane="4/1to3/1_0" slope="0.00"/>
        <vehicle id="19" x="398.35" y="355.36" angle="0.00" type="DEFAULT_VEHTYPE" speed="12.84" pos="39.89" lane="2/2to2/1_0" slope="0.00"/>
        <vehicle id="2" x="598.35" y="442.57" angle="0.00" type="DEFAULT_VEHTYPE" speed="12.79" pos="152.68" lane="3/3to3/2_0" slope="0.00"/>
        <vehicle id="20" x="201.65" y="81.96" angle="180.00" type="DEFAULT_VEHTYPE" speed="12.72" pos="81.96" lane="1/0to1/1_0" slope="0.00"/>
        <vehicle id="23" x="401.65" y="744.04" angle="180.00" type="DEFAULT_VEHTYPE" speed="13.17" pos="139.29" lane="2/3to2/4_0" slope="0.00"/>
        <vehicle id="24" x="398.35" y="708.05" angle="0.00" type="DEFAULT_VEHTYPE" speed="13.59" pos="91.95" lane="2/4to2/3_0" slope="0.00"/>
        <vehicle id="4" x="351.44" y="201.65" angle="-90.00" type="DEFAULT_VEHTYPE" speed="13.41" pos="43.81" lane="2/1to1/1_0" slope="0.00"/>
        <vehicle id="5" x="201.65" y="478.79" angle="180.00" type="DEFAULT_VEHTYPE" speed="13.64" pos="74.04" lane="1/2to1/3_0" slope="0.00"/>
        <vehicle id="6" x="392.55" y="401.65" angle="-82.18" type="DEFAULT_VEHTYPE" speed="12.89" pos="2.70" lane="2/2to1/2_0" slope="0.00"/>
        <vehicle id="7" x="32.99" y="198.35" angle="90.00" type="DEFAULT_VEHTYPE" speed="13.60" pos="32.99" lane="0/1to1/1_0" slope="0.00"/>
        <vehicle id="8" x="601.65" y="266.05" angle="180.00" type="DEFAULT_VEHTYPE" speed="13.61" pos="61.30" lane="3/1to3/2_0" slope="0.00"/>
    </timestep>
    <timestep time="430.00">
        <vehicle id="0" x="201.65" y="440.72" angle="180.00" type="DEFAULT_VEHTYPE" speed="13.87" pos="35.97" lane="1/2to1/3_0" slope="0.00"/>
        <vehicle id="10" x="601.99" y="596.86" angle="176.07" type="DEFAULT_VEHTYPE" speed="13.77" pos="1.67" lane=":3/3_8_0" slope="0.00"/>
        <vehicle id="11" x="193.17" y="201.65" angle="-76.14" type="DEFAULT_VEHTYPE" speed="12.65" pos="2.08" lane="1/1to0/1_0" slope="0.00"/>
        <vehicle id="12" x="257.10" y="598.35" angle="90.00" type="DEFAULT_VEHTYPE" speed="12.78" pos="52.35" lane="1/3to2/3_0" slope="0.00"/>
        <vehicle id="15" x="699.86" y="201.65" angle="-90.00" type="DEFAULT_VEHTYPE" speed="13.30" pos="100.14" lane="4/1to3/1_0" slope="0.00"/>
        <vehicle id="19" x="398.35" y="342.14" angle="0.00" type="DEFAULT_VEHTYPE" speed="13.22" pos="53.11" lane="2/2to2/1_0" slope="0.00"/>
        <vehicle id="2" x="598.35" y="429.80" angle="0.00" type="DEFAULT_VEHTYPE" speed="12.77" pos="165.45" lane="3/3to3/2_0" slope="0.00"/>
        <vehicle id="20" x="201.65" y="94.93" angle="180.00" type="DEFAULT_VEHTYPE" speed="12.97" pos="94.93" lane="1/0to1/1_0" slope="0.00"/>
        <vehicle id="23" x="401.65" y="757.08" angle="180.00" type="DEFAULT_VEHTYPE" speed="13.04" pos="152.33" lane="2/3to2/4_0" slope="0.00"/>
        <vehicle id="24" x="398.35" y="694.24" angle="0.00" type="DEFAULT_VEHTYPE" speed="13.80" pos="105.76" lane="2/4to2/3_0" slope="0.00"/>
        <vehicle id="4" x="338.18" y="201.65" angle="-90.00" type="DEFAULT_VEHTYPE" speed="13.27" pos="57.07" lane="2/1to1/1_0" slope="0.00"/>
        <vehicle id="5" x="201.65" y="491.89" angle="180.00" type="DEFAULT_VEHTYPE" speed="13.10" pos="87.14" lane="1/2to1/3_0" slope="0.00"/>
        <vehicle id="6" x="378.76" y="401.65" angle="-90.00" type="DEFAULT_VEHTYPE" speed="13.79" pos="16.49" lane="2/2to1/2_0" slope="0.00"/>
        <vehicle id="7" x="46.09" y="198.35" angle="90.00" type="DEFAULT_VEHTYPE" speed="13.10" pos="46.09" lane="0/1to1/1_0" slope="0.00"/>
        <vehicle id="8" x="601.65" y="279.12" angle="180.00" type="DEFAULT_VEHTYPE" speed="13.08" pos="74.37" lane="3/1to3/2_0" slope="0.00"/>
    </timestep>
    <timestep time="431.00">
        <vehicle id="0" x="201.65" y="454.38" angle="180.00" type="DEFAULT_VEHTYPE" speed="13.66" pos="49.63" lane="1/2to1/3_0" slope="0.00"/>
        <vehicle id="10" x="614.34" y="598.35" angle="90.00" type="DEFAULT_VEHTYPE" speed="12.92" pos="9.59" lane="3/3to4/3_0" slope="0.00"/>
        <vehicle id="11" x="179.45" y="201.65" angle="-90.00" type="DEFAULT_VEHTYPE" speed="13.72" pos="15.80" lane="1/1to0/1_0" slope="0.00"/>
        <vehicle id="12" x="270.62" y="598.35" angle="90.00" type="DEFAULT_VEHTYPE" speed="13.52" pos="65.87" lane="1/3to2/3_0" slope="0.00"/>
        <vehicle id="15" x="686.63" y="201.65" angle="-90.00" type="DEFAULT_VEHTYPE" speed="13.23" pos="113.37" lane="4/1to3/1_0" slope="0.00"/>
        <vehicle id="19" x="398.35" y="328.85" angle="0.00" type="DEFAULT_VEHTYPE" speed="13.29" pos="66.40" lane="2/2to2/1_0" slope="0.00"/>
        <vehicle id="2" x="598.35" y="416.70" angle="0.00" type="DEFAULT_VEHTYPE" speed="13.09" pos="178.55" lane="3/3to3/2_0" slope="0.00"/>
        <vehicle id="20" x="201.65" y="108.25" angle="180.00" type="DEFAULT_VEHTYPE" speed="13.33" pos="108.25" lane="1/0to1/1_0" slope="0.00"/>
        <vehicle id="23" x="401.65" y="769.96" angle="180.00" type="DEFAULT_VEHTYPE" speed="12.88" pos="165.21" lane="2/3to2/4_0" slope="0.00"/>
        <vehicle id="24" x="398.35" y="680.63" angle="0.00" type="DEFAULT_VEHTYPE" speed="13.62" pos="119.37" lane="2/4to2/3_0" slope="0.00"/>
        <vehicle id="4" x="324.83" y="201.65" angle="-90.00" type="DEFAULT_VEHTYPE" speed="13.34" pos="70.42" lane="2/1to1/1_0" slope="0.00"/>
        <vehicle id="5" x="201.65" y="504.52" angle="180.00" type="DEFAULT_VEHTYPE" speed="12.64" pos="99.77" lane="1/2to1/3_0" slope="0.00"/>
        <vehicle id="6" x="366.13" y="401.65" angle="-90.00" type="DEFAULT_VEHTYPE" speed="12.63" pos="29.12" lane="2/2to1/2_0" slope="0.00"/>
        <vehicle id="7" x="59.59" y="198.35" angle="90.00" type="DEFAULT_VEHTYPE" speed="13.50" pos="59.59" lane="0/1to1/1_0" slope="0.00"/>
        <vehicle id="8" x="601.65" y="292.76" angle="180.00" type="DEFAULT_VEHTYPE" speed="13.64" pos="88.01" lane="3/1to3/2_0" slope="0.00"/>
    </timestep>
    <timestep time="432.00">
        <vehicle id="0" x="201.65" y="468.07" angle="180.00" type="DEFAULT_VEHTYPE" speed="13.69" pos="63.32" lane="1/2to1/3_0" slope="0.00"/>
        <vehicle id="10" x="628.06" y="598.35" angle="90.00" type="DEFAULT_VEHTYPE" speed="13.72" pos="23.31" lane="3/3to4/3_0" slope="0.00"/>
        <vehicle id="11" x="166.61" y="201.65" angle="-90.00" type="DEFAULT_VEHTYPE" speed="12.84" pos="28.64" lane="1/1to0/1_0" slope="0.00"/>
        <vehicle id="12" x="284.28" y="598.35" angle="90.00" type="DEFAULT_VEHTYPE" speed="13.66" pos="79.53" lane="1/3to2/3_0" slope="0.00"/>
        <vehicle id="15" x="673.57" y="201.65" angle="-90.00" type="DEFAULT_VEHTYPE" speed="13.06" pos="126.43" lane="4/1to3/1_0" slope="0.00"/>
        <vehicle id="19" x="398.35" y="315.82" angle="0.00" type="DEFAULT_VEHTYPE" speed="13.03" pos="79.43" lane="2/2to2/1_0" slope="0.00"/>
        <vehicle id="2" x="598.19" y="403.60" angle="-1.83" type="DEFAULT_VEHTYPE" speed="13.11" pos="1.15" lane=":3/2_0_0" slope="0.00"/>
        <vehicle id="20" x="201.65" y="121.55" angle="180.00" type="DEFAULT_VEHTYPE" speed="13.30" pos="121.55" lane="1/0to1/1_0" slope="0.00"/>
        <vehicle id="23" x="401.65" y="783.80" angle="180.00" type="DEFAULT_VEHTYPE" speed="13.85" pos="179.05" lane="2/3to2/4_0" slope="0.00"/>
        <vehicle id="24" x="398.35" y="667.10" angle="0.00" type="DEFAULT_VEHTYPE" speed="13.53" pos="132.90" lane="2/4to2/3_0" slope="0.00"/>
        <vehicle id="4" x="311.86" y="201.65" angle="-90.00" type="DEFAULT_VEHTYPE" speed="12.97" pos="83.39" lane="2/1to1/1_0" slope="0.00"/>
        <vehicle id="5" x="201.65" y="517.51" angle="180.00" type="DEFAULT_VEHTYPE" speed="12.99" pos="112.76" lane="1/2to1/3_0" slope="0.00"/>
        <vehicle id="6" x="353.40" y="401.65" angle="-90.00" type="DEFAULT_VEHTYPE" speed="12.73" pos="41.85" lane="2/2to1/2_0" slope="0.00"/>
        <vehicle id="7" x="72.24" y="198.35" angle="90.00" type="DEFAULT_VEHTYPE" speed="12.65" pos="72.24" lane="0/1to1/1_0" slope="0.00"/>
        <vehicle id="8" x="601.65" y="306.02" angle="180.00" type="DEFAULT_VEHTYPE" speed="13.26" pos="101.27" lane="3/1to3/2_0" slope="0.00"/>
    </timestep>
    <timestep time="433.00">
        <vehicle id="0" x="201.65" y="481.88" angle="180.00" type="DEFAULT_VEHTYPE" speed="13.81" pos="77.13" lane="1/2to1/3_0" slope="0.00"/>
        <vehicle id="10" x="640.87" y="598.35" angle="90.00" type="DEFAULT_VEHTYPE" speed="12.81" pos="36.12" lane="3/3to4/3_0" slope="0.00"/>
        <vehicle id="11" x="152.90" y="201.65" angle="-90.00" type="DEFAULT_VEHTYPE" speed="13.70" pos="42.35" lane="1/1to0/1_0" slope="0.00"/>
        <vehicle id="12" x="298.03" y="598.35" angle="90.00" type="DEFAULT_VEHTYPE" speed="13.74" pos="93.28" lane="1/3to2/3_0" slope="0.00"/>
        <vehicle id="15" x="660.77" y="201.65" angle="-90.00" type="DEFAULT_VEHTYPE" speed="12.80" pos="139.23" lane="4/1to3/1_0" slope="0.00"/>
        <vehicle id="19" x="398.35" y="301.98" angle="0.00" type="DEFAULT_VEHTYPE" speed="13.83" pos="93.27" lane="2/2to2/1_0" slope="0.00"/>
        <vehicle id="2" x="585.59" y="401.65" angle="-90.00" type="DEFAULT_VEHTYPE" speed="13.50" pos="9.66" lane="3/2to2/2_0" slope="0.00"/>
        <vehicle id="20" x="201.65" y="134.49" angle="180.00" type="DEFAULT_VEHTYPE" speed="12.94" pos="134.49" lane="1/0to1/1_0" slope="0.00"/>
        <vehicle id="23" x="401.65" y="796.50" angle="180.00" type="DEFAULT_VEHTYPE" speed="12.70" pos="191.75" lane="2/3to2/4_0" slope="0.00"/>
        <vehicle id="24" x="398.35" y="653.95" angle="0.00" type="DEFAULT_VEHTYPE" speed="13.15" pos="146.05" lane="2/4to2/3_0" slope="0.00"/>
        <vehicle id="4" x="298.63" y="201.65" angle="-90.00" type="DEFAULT_VEHTYPE" speed="13.23" pos="96.62" lane="2/1to1/1_0" slope="0.00"/>
        <vehicle id="5" x="201.65" y="531.34" angle="180.00" type="DEFAULT_VEHTYPE" speed="13.83" pos="126.59" lane="1/2to1/3_0" slope="0.00"/>
        <vehicle id="6" x="340.19" y="401.65" angle="-90.00" type="DEFAULT_VEHTYPE" speed="13.21" pos="55.06" lane="2/2to1/2_0" slope="0.00"/>
        <vehicle id="7" x="86.01" y="198.35" angle="90.00" type="DEFAULT_VEHTYPE" speed="13.77" pos="86.01" lane="0/1to1/1_0" slope="0.00"/>
        <vehicle id="8" x="601.65" y="318.93" angle="180.00" type="DEFAULT_VEHTYPE" speed="12.92" pos="114.18" lane="3/1to3/2_0" slope="0.00"/>
    </timestep>
    <timestep time="434.00">
        <vehicle id="0" x="201.65" y="494.66" angle="180.00" type="DEFAULT_VEHTYPE" speed="12.78" pos="89.91" lane="1/2to1/3_0" slope="0.00"/>
        <vehicle id="10" x="654.38" y="598.35" angle="90.00" type="DEFAULT_VEHTYPE" speed="13.51" pos="49.63" lane="3/3to4/3_0" slope="0.00"/>
        <vehicle id="11" x="139.89" y="201.65" angle="-90.00" type="DEFAULT_VEHTYPE" speed="13.02" pos="55.36" lane="1/1to0/1_0" slope="0.00"/>
        <vehicle id="12" x="311.22" y="598.35" angle="90.00" type="DEFAULT_VEHTYPE" speed="13.20" pos="106.47" lane="1/3to2/3_0" slope="0.00"/>
        <vehicle id="15" x="646.90" y="201.65" angle="-90.00" type="DEFAULT_VEHTYPE" speed="13.87" pos="153.10" lane="4/1to3/1_0" slope="0.00"/>
        <vehicle id="19" x="398.35" y="288.61" angle="0.00" type="DEFAULT_VEHTYPE" speed="13.37" pos="106.64" lane="2/2to2/1_0" slope="0.00"/>
        <vehicle id="2" x="572.89" y="401.65" angle="-90.00" type="DEFAULT_VEHTYPE" speed="12.70" pos="22.36" lane="3/2to2/2_0" slope="0.00"/>
        <vehicle id="20" x="201.65" y="147.10" angle="180.00" type="DEFAULT_VEHTYPE" speed="12.60" pos="147.10" lane="1/0to1/1_0" slope="0.00"/>
        <vehicle id="23" x="398.35" y="794.80" angle="0.00" type="DEFAULT_VEHTYPE" speed="13.52" pos="5.20" lane="2/4to2/3_0" slope="0.00"/>
        <vehicle id="24" x="398.35" y="641.18" angle="0.00" type="DEFAULT_VEHTYPE" speed="12.77" pos="158.82" lane="2/4to2/3_0" slope="0.00"/>
        <vehicle id="4" x="285.37" y="201.65" angle="-90.00" type="DEFAULT_VEHTYPE" speed="13.26" pos="109.88" lane="2/1to1/1_0" slope="0.00"/>
        <vehicle id="5" x="201.65" y="544.62" angle="180.00" type="DEFAULT_VEHTYPE" speed="13.28" pos="139.87" lane="1/2to1/3_0" slope="0.00"/>
        <vehicle id="6" x="327.31" y="401.65" angle="-90.00" type="DEFAULT_VEHTYPE" speed="12.87" pos="67.94" lane="2/2to1/2_0" slope="0.00"/>
        <vehicle id="7" x="98.70" y="198.35" angle="90.00" type="DEFAULT_VEHTYPE" speed="12.70" pos="98.70" lane="0/1to1/1_0" slope="0.00"/>
        <vehicle id="8" x="601.65" y="332.71" angle="180.00" type="DEFAULT_VEHTYPE" speed="13.78" pos="127.96" lane="3/1to3/2_0" slope="0.00"/>
    </timestep>
    <timestep time="435.00">
        <vehicle id="0" x="201.65" y="507.74" angle="180.00" type="DEFAULT_VEHTYPE" speed="13.08" pos="102.99" lane="1/2to1/3_0" slope="0.00"/>
        <vehicle id="10" x="668.16" y="598.35" angle="90.00" type="DEFAULT_VEHTYPE" speed="13.78" pos="63.41" lane="3/3to4/3_0" slope="0.00"/>
        <vehicle id="11" x="126.58" y="201.65" angle="-90.00" type="DEFAULT_VEHTYPE" speed="13.30" pos="68.67" lane="1/1to0/1_0" slope="0.00"/>
        <vehicle id="12" x="324.16" y="598.35" angle="90.00" type="DEFAULT_VEHTYPE" speed="12.94" pos="119.41" lane="1/3to2/3_0" slope="0.00"/>
        <vehicle id="15" x="634.19" y="201.65" angle="-90.00" type="DEFAULT_VEHTYPE" speed="12.71" pos="165.81" lane="4/1to3/1_0" slope="0.00"/>
        <vehicle id="19" x="398.35" y="274.82" angle="0.00" type="DEFAULT_VEHTYPE" speed="13.79" pos="120.43" lane="2/2to2/1_0" slope="0.00"/>
        <vehicle id="2" x="559.13" y="401.65" angle="-90.00" type="DEFAULT_VEHTYPE" speed="13.76" pos="36.12" lane="3/2to2/2_0" slope="0.00"/>
        <vehicle id="20" x="201.65" y="160.66" angle="180.00" type="DEFAULT_VEHTYPE" speed="13.56" pos="160.66" lane="1/0to1/1_0" slope="0.00"/>
        <vehicle id="23" x="398.35" y="781.36" angle="0.00" type="DEFAULT_VEHTYPE" speed="13.44" pos="18.64" lane="2/4to2/3_0" slope="0.00"/>
        <vehicle id="24" x="398.35" y="627.34" angle="0.00" type="DEFAULT_VEHTYPE" speed="13.85" pos="172.66" lane="2/4to2/3_0" slope="0.00"/>
        <vehicle id="4" x="272.70" y="201.65" angle="-90.00" type="DEFAULT_VEHTYPE" speed="12.66" pos="122.55" lane="2/1to1/1_0" slope="0.00"/>
        <vehicle id="5" x="201.65" y="557.32" angle="180.00" type="DEFAULT_VEHTYPE" speed="12.70" pos="152.57" lane="1/2to1/3_0" slope="0.00"/>
        <vehicle id="6" x="314.59" y="401.65" angle="-90.00" type="DEFAULT_VEHTYPE" speed="12.73" pos="80.66" lane="2/2to1/2_0" slope="0.00"/>
        <vehicle id="7" x="111.93" y="198.35" angle="90.00" type="DEFAULT_VEHTYPE" speed="13.23" pos="111.93" lane="0/1to1/1_0" slope="0.00"/>
        <vehicle id="8" x="601.65" y="346.44" angle="180.00" type="DEFAULT_VEHTYPE" speed="13.73" pos="141.69" lane="3/1to3/2_0" slope="0.00"/>
    </timestep>
    <timestep time="436.00">
        <vehicle id="0" x="201.65" y="521.43" angle="180.00" type="DEFAULT_VEHTYPE" speed="13.69" pos="116.68" lane="1/2to1/3_0" slope="0.00"/>
        <vehicle id="10" x="680.84" y="598.35" angle="90.00" type="DEFAULT_VEHTYPE" speed="12.68" pos="76.09" lane="3/3to4/3_0" slope="0.00"/>
        <vehicle id="11" x="113.11" y="201.65" angle="-90.00" type="DEFAULT_VEHTYPE" speed="13.47" pos="82.14" lane="1/1to0/1_0" slope="0.00"/>
        <vehicle id="12" x="337.41" y="598.35" angle="90.00" type="DEFAULT_VEHTYPE" speed="13.25" pos="132.66" lane="1/3to2/3_0" slope="0.00"/>
        <vehicle id="15" x="623.07" y="201.65" angle="-90.00" type="DEFAULT_VEHTYPE" speed="11.11" pos="176.93" lane="4/1to3/1_0" slope="0.00"/>
        <vehicle id="19" x="398.35" y="261.70" angle="0.00" type="DEFAULT_VEHTYPE" speed="13.12" pos="133.55" lane="2/2to2/1_0" slope="0.00"/>
        <vehicle id="2" x="546.29" y="401.65" angle="-90.00" type="DEFAULT_VEHTYPE" speed="12.84" pos="48.96" lane="3/2to2/2_0" slope="0.00"/>
        <vehicle id="20" x="201.65" y="173.56" angle="180.00" type="DEFAULT_VEHTYPE" speed="12.90" pos="173.56" lane="1/0to1/1_0" slope="0.00"/>
        <vehicle id="23" x="398.35" y="768.73" angle="0.00" type="DEFAULT_VEHTYPE" speed="12.63" pos="31.27" lane="2/4to2/3_0" slope="0.00"/>
        <vehicle id="24" x="398.35" y="613.90" angle="0.00" type="DEFAULT_VEHTYPE" speed="13.44" pos="186.10" lane="2/4to2/3_0" slope="0.00"/>
        <vehicle id="4" x="259.54" y="201.65" angle="-90.00" type="DEFAULT_VEHTYPE" speed="13.17" pos="135.71" lane="2/1to1/1_0" slope="0.00"/>
        <vehicle id="5" x="201.65" y="570.99" angle="180.00" type="DEFAULT_VEHTYPE" speed="13.66" pos="166.24" lane="1/2to1/3_0" slope="0.00"/>
        <vehicle id="6" x="301.15" y="401.65" angle="-90.00" type="DEFAULT_VEHTYPE" speed="13.44" pos="94.10" lane="2/2to1/2_0" slope="0.00"/>
        <vehicle id="7" x="124.79" y="198.35" angle="90.00" type="DEFAULT_VEHTYPE" speed="12.86" pos="124.79" lane="0/1to1/1_0" slope="0.00"/>
        <vehicle id="8" x="601.65" y="359.67" angle="180.00" type="DEFAULT_VEHTYPE" speed="13.23" pos="154.92" lane="3/1to3/2_0" slope="0.00"/>
    </timestep>
    <timestep time="437.00">
        <vehicle id="0" x="201.65" y="534.21" angle="180.00" type="DEFAULT_VEHTYPE" speed="12.78" pos="129.46" lane="1/2to1/3_0" slope="0.00"/>
        <vehicle id="10" x="694.11" y="598.35" angle="90.00" type="DEFAULT_VEHTYPE" speed="13.27" pos="89.36" lane="3/3to4/3_0" slope="0.00"/>
        <vehicle id="11" x="99.93" y="201.65" angle="-90.00" type="DEFAULT_VEHTYPE" speed="13.19" pos="95.32" lane="1/1to0/1_0" slope="0.00"/>
        <vehicle id="12" x="350.92" y="598.35" angle="90.00" type="DEFAULT_VEHTYPE" speed="13.51" pos="146.17" lane="1/3to2/3_0" slope="0.00"/>
        <vehicle id="15" x="615.67" y="201.65" angle="-90.00" type="DEFAULT_VEHTYPE" speed="7.40" pos="184.33" lane="4/1to3/1_0" slope="0.00"/>
        <vehicle id="19" x="398.35" y="248.78" angle="0.00" type="DEFAULT_VEHTYPE" speed="12.92" pos="146.47" lane="2/2to2/1_0" slope="0.00"/>
        <vehicle id="2" x="533.13" y="401.65" angle="-90.00" type="DEFAULT_VEHTYPE" speed="13.16" pos="62.12" lane="3/2to2/2_0" slope="0.00"/>
        <vehicle id="20" x="201.65" y="187.05" angle="180.00" type="DEFAULT_VEHTYPE" speed="13.49" pos="187.05" lane="1/0to1/1_0" slope="0.00"/>
        <vehicle id="23" x="398.35" y="756.05" angle="0.00" type="DEFAULT_VEHTYPE" speed="12.68" pos="43.95" lane="2/4to2/3_0" slope="0.00"/>
        <vehicle id="24" x="398.35" y="601.06" angle="0.00" type="DEFAULT_VEHTYPE" speed="12.84" pos="3.69" lane=":2/3_1_0" slope="0.00"/>
        <vehicle id="4" x="246.01" y="201.65" angle="-90.00" type="DEFAULT_VEHTYPE" speed="13.53" pos="149.24" lane="2/1to1/1_0" slope="0.00"/>
        <vehicle id="5" x="201.65" y="584.58" angle="180.00" type="DEFAULT_VEHTYPE" speed="13.59" pos="179.83" lane="1/2to1/3_0" slope="0.00"/>
        <vehicle id="6" x="287.86" y="401.65" angle="-90.00" type="DEFAULT_VEHTYPE" speed="13.29" pos="107.39" lane="2/2to1/2_0" slope="0.00"/>
        <vehicle id="7" x="137.71" y="198.35" angle="90.00" type="DEFAULT_VEHTYPE" speed="12.92" pos="137.71" lane="0/1to1/1_0" slope="0.00"/>
        <vehicle id="8" x="601.65" y="372.86" angle="180.00" type="DEFAULT_VEHTYPE" speed="13.18" pos="168.11" lane="3/1to3/2_0" slope="0.00"/>
    </timestep>
    <timestep time="438.00">
        <vehicle id="0" x="201.65" y="547.90" angle="180.00" type="DEFAULT_VEHTYPE" speed="13.69" pos="143.15" lane="1/2to1/3_0" slope="0.00"/>
        <vehicle id="10" x="706.86" y="598.35" angle="90.00" type="DEFAULT_VEHTYPE" speed="12.75" pos="102.11" lane="3/3to4/3_0" slope="0.00"/>
        <vehicle id="11" x="86.63" y="201.65" angle="-90.00" type="DEFAULT_VEHTYPE" speed="13.30" pos="108.62" lane="1/1to0/1_0" slope="0.00"/>
        <vehicle id="12" x="364.00" y="598.35" angle="90.00" type="DEFAULT_VEHTYPE" speed="13.08" pos="159.25" lane="1/3to2/3_0" slope="0.00"/>
        <vehicle id="15" x="611.12" y="201.65" angle="-90.00" type="DEFAULT_VEHTYPE" speed="4.55" pos="188.88" lane="4/1to3/1_0" slope="0.00"/>
        <vehicle id="19" x="398.35" y="235.46" angle="0.00" type="DEFAULT_VEHTYPE" speed="13.32" pos="159.79" lane="2/2to2/1_0" slope="0.00"/>
        <vehicle id="2" x="519.49" y="401.65" angle="-90.00" type="DEFAULT_VEHTYPE" speed="13.64" pos="75.76" lane="3/2to2/2_0" slope="0.00"/>
        <vehicle id="20" x="204.46" y="198.31" angle="140.11" type="DEFAULT_VEHTYPE" speed="12.90" pos="4.70" lane=":1/1_8_0" slope="0.00"/>
        <vehicle id="23" x="398.35" y="743.40" angle="0.00" type="DEFAULT_VEHTYPE" speed="12.65" pos="56.60" lane="2/4to2/3_0" slope="0.00"/>
        <vehicle id="24" x="398.35" y="587.33" angle="0.00" type="DEFAULT_VEHTYPE" speed="13.72" pos="7.92" lane="2/3to2/2_0" slope="0.00"/>
        <vehicle id="4" x="232.44" y="201.65" angle="-90.00" type="DEFAULT_VEHTYPE" speed="13.56" pos="162.81" lane="2/1to1/1_0" slope="0.00"/>
        <vehicle id="5" x="202.24" y="597.27" angle="173.07" type="DEFAULT_VEHTYPE" speed="12.82" pos="2.15" lane=":1/3_8_0" slope="0.00"/>
        <vehicle id="6" x="274.55" y="401.65" angle="-90.00" type="DEFAULT_VEHTYPE" speed="13.31" pos="120.70" lane="2/2to1/2_0" slope="0.00"/>
        <vehicle id="7" x="150.70" y="198.35" angle="90.00" type="DEFAULT_VEHTYPE" speed="12.99" pos="150.70" lane="0/1to1/1_0" slope="0.00"/>
        <vehicle id="8" x="601.65" y="386.50" angle="180.00" type="DEFAULT_VEHTYPE" speed="13.64" pos="181.75" lane="3/1to3/2_0" slope="0.00"/>
    </timestep>
    <timestep time="439.00">
        <vehicle id="0" x="201.65" y="561.29" angle="180.00" type="DEFAULT_VEHTYPE" speed="13.39" pos="156.54" lane="1/2to1/3_0" slope="0.00"/>
        <vehicle id="10" x="719.61" y="598.35" angle="90.00" type="DEFAULT_VEHTYPE" speed="12.75" pos="114.86" lane="3/3to4/3_0" slope="0.00"/>
        <vehicle id="11" x="73.37" y="201.65" angle="-90.00" type="DEFAULT_VEHTYPE" speed="13.26" pos="121.88" lane="1/1to0/1_0" slope="0.00"/>
        <vehicle id="12" x="375.78" y="598.35" angle="90.00" type="DEFAULT_VEHTYPE" speed="11.77" pos="171.03" lane="1/3to2/3_0" slope="0.00"/>
        <vehicle id="15" x="604.15" y="201.73" angle="-90.97" type="DEFAULT_VEHTYPE" speed="6.98" pos="0.61" lane=":3/1_4_0" slope="0.00"/>
        <vehicle id="19" x="398.35" y="221.96" angle="0.00" type="DEFAULT_VEHTYPE" speed="13.50" pos="173.29" lane="2/2to2/1_0" slope="0.00"/>
        <vehicle id="2" x="506.06" y="401.65" angle="-90.00" type="DEFAULT_VEHTYPE" speed="13.43" pos="89.19" lane="3/2to2/2_0" slope="0.00"/>
        <vehicle id="20" x="218.21" y="198.35" angle="90.00" type="DEFAULT_VEHTYPE" speed="13.76" pos="13.46" lane="1/1to2/1_0" slope="0.00"/>
        <vehicle id="23" x="398.35" y="730.00" angle="0.00" type="DEFAULT_VEHTYPE" speed="13.41" pos="70.00" lane="2/4to2/3_0" slope="0.00"/>
        <vehicle id="24" x="398.35" y="574.40" angle="0.00" type="DEFAULT_VEHTYPE" speed="12.94" pos="20.85" lane="2/3to2/2_0" slope="0.00"/>
        <vehicle id="4" x="221.40" y="201.65" angle="-90.00" type="DEFAULT_VEHTYPE" speed="11.04" pos="173.85" lane="2/1to1/1_0" slope="0.00"/>
        <vehicle id="5" x="215.58" y="598.35" angle="90.00" type="DEFAULT_VEHTYPE" speed="13.68" pos="10.83" lane="1/3to2/3_0" slope="0.00"/>
        <vehicle id="6" x="260.90" y="401.65" angle="-90.00" type="DEFAULT_VEHTYPE" speed="13.65" pos="134.35" lane="2/2to1/2_0" slope="0.00"/>
        <vehicle id="7" x="164.27" y="198.35" angle="90.00" type="DEFAULT_VEHTYPE" speed="13.57" pos="164.27" lane="0/1to1/1_0" slope="0.00"/>
        <vehicle id="8" x="601.65" y="399.15" angle="180.00" type="DEFAULT_VEHTYPE" speed="12.64" pos="3.90" lane=":3/2_9_0" slope="0.00"/>
    </timestep>
    <timestep time="440.00">
        <vehicle id="0" x="201.65" y="574.18" angle="180.00" type="DEFAULT_VEHTYPE" speed="12.90" pos="169.43" lane="1/2to1/3_0" slope="0.00"/>
        <vehicle id="10" x="732.50" y="598.35" angle="90.00" type="DEFAULT_VEHTYPE" speed="12.89" pos="127.75" lane="3/3to4/3_0" slope="0.00"/>
        <vehicle id="11" x="60.46" y="201.65" angle="-90.00" type="DEFAULT_VEHTYPE" speed="12.91" pos="134.79" lane="1/1to0/1_0" slope="0.00"/>
        <vehicle id="12" x="384.29" y="598.35" angle="90.00" type="DEFAULT_VEHTYPE" speed="8.52" pos="179.54" lane="1/3to2/3_0" slope="0.00"/>
        <vehicle id="15" x="601.65" y="209.19" angle="-179.11" type="DEFAULT_VEHTYPE" speed="8.83" pos="4.44" lane="3/1to3/2_0" slope="0.00"/>
        <vehicle id="19" x="398.35" y="208.74" angle="0.00" type="DEFAULT_VEHTYPE" speed="13.22" pos="186.51" lane="2/2to2/1_0" slope="0.00"/>
        <vehicle id="2" x="492.78" y="401.65" angle="-90.00" type="DEFAULT_VEHTYPE" speed="13.28" pos="102.47" lane="3/2to2/2_0" slope="0.00"/>
        <vehicle id="20" x="231.40" y="198.35" angle="90.00" type="DEFAULT_VEHTYPE" speed="13.18" pos="26.65" lane="1/1to2/1_0" slope="0.00"/>
        <vehicle id="23" x="398.35" y="717.29" angle="0.00" type="DEFAULT_VEHTYPE" speed="12.71" pos="82.71" lane="2/4to2/3_0" slope="0.00"/>
        <vehicle id="24" x="398.35" y="561.52" angle="0.00" type="DEFAULT_VEHTYPE" speed="12.87" pos="33.73" lane="2/3to2/2_0" slope="0.00"/>
        <vehicle id="4" x="213.94" y="201.65" angle="-90.00" type="DEFAULT_VEHTYPE" speed="7.46" pos="181.31" lane="2/1to1/1_0" slope="0.00"/>
        <vehicle id="5" x="228.87" y="598.35" angle="90.00" type="DEFAULT_VEHTYPE" speed="13.29" pos="24.12" lane="1/3to2/3_0" slope="0.00"/>
        <vehicle id="6" x="247.99" y="401.65" angle="-90.00" type="DEFAULT_VEHTYPE" speed="12.91" pos="147.26" lane="2/2to1/2_0" slope="0.00"/>
        <vehicle id="7" x="175.99" y="198.35" angle="90.00" type="DEFAULT_VEHTYPE" speed="11.72" pos="175.99" lane="0/1to1/1_0" slope="0.00"/>
        <vehicle id="8" x="601.65" y="412.43" angle="180.00" type="DEFAULT_VEHTYPE" speed="13.28" pos="7.68" lane="3/2to3/3_0" slope="0.00"/>
    </timestep>
    <timestep time="441.00">
        <vehicle id="0" x="201.65" y="587.77" angle="180.00" type="DEFAULT_VEHTYPE" speed="13.59" pos="183.02" lane="1/2to1/3_0" slope="0.00"/>
        <vehicle id="10" x="745.67" y="598.35" angle="90.00" type="DEFAULT_VEHTYPE" speed="13.18" pos="140.92" lane="3/3to4/3_0" slope="0.00"/>
        <vehicle id="11" x="46.73" y="201.65" angle="-90.00" type="DEFAULT_VEHTYPE" speed="13.73" pos="148.52" lane="1/1to0/1_0" slope="0.00"/>
        <vehicle id="12" x="388.43" y="598.35" angle="90.00" type="DEFAULT_VEHTYPE" speed="4.14" pos="183.68" lane="1/3to2/3_0" slope="0.00"/>
        <vehicle id="15" x="601.65" y="219.41" angle="180.00" type="DEFAULT_VEHTYPE" speed="10.22" pos="14.66" lane="3/1to3/2_0" slope="0.00"/>
        <vehicle id="19" x="390.41" y="201.65" angle="-89.73" type="DEFAULT_VEHTYPE" speed="13.83" pos="4.84" lane="2/1to1/1_0" slope="0.00"/>
        <vehicle id="2" x="479.28" y="401.65" angle="-90.00" type="DEFAULT_VEHTYPE" speed="13.50" pos="115.97" lane="3/2to2/2_0" slope="0.00"/>
        <vehicle id="20" x="244.92" y="198.35" angle="90.00" type="DEFAULT_VEHTYPE" speed="13.53" pos="40.17" lane="1/1to2/1_0" slope="0.00"/>
        <vehicle id="23" x="398.35" y="703.60" angle="0.00" type="DEFAULT_VEHTYPE" speed="13.68" pos="96.40" lane="2/4to2/3_0" slope="0.00"/>
        <vehicle id="24" x="398.35" y="547.88" angle="0.00" type="DEFAULT_VEHTYPE" speed="13.64" pos="47.37" lane="2/3to2/2_0" slope="0.00"/>
        <vehicle id="4" x="209.92" y="201.65" angle="-90.00" type="DEFAULT_VEHTYPE" speed="4.02" pos="185.33" lane="2/1to1/1_0" slope="0.00"/>
        <vehicle id="5" x="242.40" y="598.35" angle="90.00" type="DEFAULT_VEHTYPE" speed="13.53" pos="37.65" lane="1/3to2/3_0" slope="0.00"/>
        <vehicle id="6" x="235.19" y="401.65" angle="-90.00" type="DEFAULT_VEHTYPE" speed="12.80" pos="160.06" lane="2/2to1/2_0" slope="0.00"/>
        <vehicle id="7" x="183.65" y="198.35" angle="90.00" type="DEFAULT_VEHTYPE" speed="7.65" pos="183.65" lane="0/1to1/1_0" slope="0.00"/>
        <vehicle id="8" x="601.65" y="426.21" angle="180.00" type="DEFAULT_VEHTYPE" speed="13.78" pos="21.46" lane="3/2to3/3_0" slope="0.00"/>
    </timestep>
    <timestep time="442.00">
        <vehicle id="0" x="205.25" y="598.35" angle="126.40" type="DEFAULT_VEHTYPE" speed="12.98" pos="0.50" lane="1/3to2/3_0" slope="0.00"/>
        <vehicle id="10" x="758.52" y="598.35" angle="90.00" type="DEFAULT_VEHTYPE" speed="12.85" pos="153.77" lane="3/3to4/3_0" slope="0.00"/>
        <vehicle id="11" x="33.89" y="201.65" angle="-90.00" type="DEFAULT_VEHTYPE" speed="12.84" pos="161.36" lane="1/1to0/1_0" slope="0.00"/>
        <vehicle id="12" x="394.23" y="598.35" angle="90.00" type="DEFAULT_VEHTYPE" speed="5.80" pos="189.48" lane="1/3to2/3_0" slope="0.00"/>
        <vehicle id="15" x="601.65" y="231.09" angle="180.00" type="DEFAULT_VEHTYPE" speed="11.68" pos="26.34" lane="3/1to3/2_0" slope="0.00"/>
        <vehicle id="19" x="377.10" y="201.65" angle="-90.00" type="DEFAULT_VEHTYPE" speed="13.32" pos="18.15" lane="2/1to1/1_0" slope="0.00"/>
        <vehicle id="2" x="465.59" y="401.65" angle="-90.00" type="DEFAULT_VEHTYPE" speed="13.70" pos="129.66" lane="3/2to2/2_0" slope="0.00"/>
        <vehicle id="20" x="258.62" y="198.35" angle="90.00" type="DEFAULT_VEHTYPE" speed="13.70" pos="53.87" lane="1/1to2/1_0" slope="0.00"/>
        <vehicle id="23" x="398.35" y="690.06" angle="0.00" type="DEFAULT_VEHTYPE" speed="13.55" pos="109.94" lane="2/4to2/3_0" slope="0.00"/>
        <vehicle id="24" x="398.35" y="535.28" angle="0.00" type="DEFAULT_VEHTYPE" speed="12.60" pos="59.97" lane="2/3to2/2_0" slope="0.00"/>
        <vehicle id="4" x="204.49" y="201.69" angle="-90.42" type="DEFAULT_VEHTYPE" speed="5.43" pos="0.26" lane=":1/1_4_0" slope="0.00"/>
        <vehicle id="5" x="256.02" y="598.35" angle="90.00" type="DEFAULT_VEHTYPE" speed="13.62" pos="51.27" lane="1/3to2/3_0" slope="0.00"/>
        <vehicle id="6" x="223.82" y="401.65" angle="-90.00" type="DEFAULT_VEHTYPE" speed="11.37" pos="171.43" lane="2/2to1/2_0" slope="0.00"/>
        <vehicle id="7" x="189.21" y="198.35" angle="90.00" type="DEFAULT_VEHTYPE" speed="5.56" pos="189.21" lane="0/1to1/1_0" slope="0.00"/>
        <vehicle id="8" x="601.65" y="439.31" angle="180.00" type="DEFAULT_VEHTYPE" speed="13.10" pos="34.56" lane="3/2to3/3_0" slope="0.00"/>
    </timestep>
    <timestep time="443.00">
        <vehicle id="0" x="218.89" y="598.35" angle="90.00" type="DEFAULT_VEHTYPE" speed="13.64" pos="14.14" lane="1/3to2/3_0" slope="0.00"/>
        <vehicle id="10" x="771.14" y="598.35" angle="90.00" type="DEFAULT_VEHTYPE" speed="12.62" pos="166.39" lane="3/3to4/3_0" slope="0.00"/>
        <vehicle id="11" x="21.15" y="201.65" angle="-90.00" type="DEFAULT_VEHTYPE" speed="12.74" pos="174.10" lane="1/1to0/1_0" slope="0.00"/>
        <vehicle id="12" x="400.55" y="600.79" angle="118.57" type="DEFAULT_VEHTYPE" speed="7.15" pos="6.14" lane=":2/3_14_0" slope="0.00"/>
        <vehicle id="15" x="601.65" y="244.47" angle="180.00" type="DEFAULT_VEHTYPE" speed="13.38" pos="39.72" lane="3/1to3/2_0" slope="0.00"/>
        <vehicle id="19" x="364.11" y="201.65" angle="-90.00" type="DEFAULT_VEHTYPE" speed="12.99" pos="31.14" lane="2/1to1/1_0" slope="0.00"/>
        <vehicle id="2" x="452.40" y="401.65" angle="-90.00" type="DEFAULT_VEHTYPE" speed="13.18" pos="142.85" lane="3/2to2/2_0" slope="0.00"/>
        <vehicle id="20" x="272.06" y="198.35" angle="90.00" type="DEFAULT_VEHTYPE" speed="13.43" pos="67.31" lane="1/1to2/1_0" slope="0.00"/>
        <vehicle id="23" x="398.35" y="677.23" angle="0.00" type="DEFAULT_VEHTYPE" speed="12.83" pos="122.77" lane="2/4to2/3_0" slope="0.00"/>
        <vehicle id="24" x="398.35" y="521.73" angle="0.00" type="DEFAULT_VEHTYPE" speed="13.54" pos="73.52" lane="2/3to2/2_0" slope="0.00"/>
        <vehicle id="4" x="201.65" y="207.89" angle="-174.88" type="DEFAULT_VEHTYPE" speed="7.88" pos="3.14" lane="1/1to1/2_0" slope="0.00"/>
        <vehicle id="5" x="269.16" y="598.35" angle="90.00" type="DEFAULT_VEHTYPE" speed="13.14" pos="64.41" lane="1/3to2/3_0" slope="0.00"/>
        <vehicle id="6" x="215.81" y="401.65" angle="-90.00" type="DEFAULT_VEHTYPE" speed="8.00" pos="179.44" lane="2/2to1/2_0" slope="0.00"/>
        <vehicle id="7" x="196.67" y="198.12" angle="87.40" type="DEFAULT_VEHTYPE" speed="7.49" pos="1.44" lane=":1/1_12_0" slope="0.00"/>
        <vehicle id="8" x="601.65" y="452.97" angle="180.00" type="DEFAULT_VEHTYPE" speed="13.66" pos="48.22" lane="3/2to3/3_0" slope="0.00"/>
    </timestep>
    <timestep time="444.00">
        <vehicle id="0" x="232.02" y="598.35" angle="90.00" type="DEFAULT_VEHTYPE" speed="13.13" pos="27.27" lane="1/3to2/3_0" slope="0.00"/>
        <vehicle id="10" x="783.92" y="598.35" angle="90.00" type="DEFAULT_VEHTYPE" speed="12.77" pos="179.17" lane="3/3to4/3_0" slope="0.00"/>
        <vehicle id="11" x="8.41" y="201.65" angle="-90.00" type="DEFAULT_VEHTYPE" speed="12.75" pos="186.84" lane="1/1to0/1_0" slope="0.00"/>
        <vehicle id="12" x="401.65" y="609.16" angle="179.04" type="DEFAULT_VEHTYPE" speed="8.60" pos="4.41" lane="2/3to2/4_0" slope="0.00"/>
        <vehicle id="15" x="601.65" y="257.18" angle="180.00" type="DEFAULT_VEHTYPE" speed="12.70" pos="52.43" lane="3/1to3/2_0" slope="0.00"/>
        <vehicle id="19" x="350.44" y="201.65" angle="-90.00" type="DEFAULT_VEHTYPE" speed="13.67" pos="44.81" lane="2/1to1/1_0" slope="0.00"/>
        <vehicle id="2" x="439.70" y="401.65" angle="-90.00" type="DEFAULT_VEHTYPE" speed="12.70" pos="155.55" lane="3/2to2/2_0" slope="0.00"/>
        <vehicle id="20" x="284.74" y="198.35" angle="90.00" type="DEFAULT_VEHTYPE" speed="12.68" pos="79.99" lane="1/1to2/1_0" slope="0.00"/>
        <vehicle id="23" x="398.35" y="664.04" angle="0.00" type="DEFAULT_VEHTYPE" speed="13.19" pos="135.96" lane="2/4to2/3_0" slope="0.00"/>
        <vehicle id="24" x="398.35" y="507.95" angle="0.00" type="DEFAULT_VEHTYPE" speed="13.78" pos="87.30" lane="2/3to2/2_0" slope="0.00"/>
        <vehicle id="4" x="201.65" y="218.17" angle="180.00" type="DEFAULT_VEHTYPE" speed="10.28" pos="13.42" lane="1/1to1/2_0" slope="0.00"/>
        <vehicle id="5" x="282.19" y="598.35" angle="90.00" type="DEFAULT_VEHTYPE" speed="13.02" pos="77.44" lane="1/3to2/3_0" slope="0.00"/>
        <vehicle id="6" x="210.90" y="401.65" angle="-90.00" type="DEFAULT_VEHTYPE" speed="4.91" pos="184.35" lane="2/2to1/2_0" slope="0.00"/>
        <vehicle id="7" x="198.35" y="189.43" angle="0.00" type="DEFAULT_VEHTYPE" speed="9.38" pos="5.82" lane="1/1to1/0_0" slope="0.00"/>
        <vehicle id="8" x="601.65" y="466.80" angle="180.00" type="DEFAULT_VEHTYPE" speed="13.83" pos="62.05" lane="3/2to3/3_0" slope="0.00"/>
    </timestep>
    <timestep time="445.00">
        <vehicle id="0" x="245.46" y="598.35" angle="90.00" type="DEFAULT_VEHTYPE" speed="13.44" pos="40.71" lane="1/3to2/3_0" slope="0.00"/>
        <vehicle id="10" x="797.13" y="598.35" angle="90.00" type="DEFAULT_VEHTYPE" speed="13.21" pos="192.38" lane="3/3to4/3_0" slope="0.00"/>
        <vehicle id="11" x="0.19" y="198.35" angle="3.41" type="DEFAULT_VEHTYPE" speed="13.41" pos="0.19" lane="0/1to1/1_0" slope="0.00"/>
        <vehicle id="12" x="401.65" y="619.92" angle="180.00" type="DEFAULT_VEHTYPE" speed="10.76" pos="15.17" lane="2/3to2/4_0" slope="0.00"/>
        <vehicle id="15" x="601.65" y="270.16" angle="180.00" type="DEFAULT_VEHTYPE" speed="12.98" pos="65.41" lane="3/1to3/2_0" slope="0.00"/>
        <vehicle id="19" x="336.73" y="201.65" angle="-90.00" type="DEFAULT_VEHTYPE" speed="13.71" pos="58.52" lane="2/1to1/1_0" slope="0.00"/>
        <vehicle id="2" x="427.16" y="401.65" angle="-90.00" type="DEFAULT_VEHTYPE" speed="12.55" pos="168.09" lane="3/2to2/2_0" slope="0.00"/>
        <vehicle id="20" x="297.46" y="198.35" angle="90.00" type="DEFAULT_VEHTYPE" speed="12.72" pos="92.71" lane="1/1to2/1_0" slope="0.00"/>
        <vehicle id="23" x="398.35" y="651.00" angle="0.00" type="DEFAULT_VEHTYPE" speed="13.04" pos="149.00" lane="2/4to2/3_0" slope="0.00"/>
        <vehicle id="24" x="398.35" y="494.51" angle="0.00" type="DEFAULT_VEHTYPE" speed="13.45" pos="100.74" lane="2/3to2/2_0" slope="0.00"/>
        <vehicle id="4" x="201.65" y="229.90" angle="180.00" type="DEFAULT_VEHTYPE" speed="11.73" pos="25.15" lane="1/1to1/2_0" slope="0.00"/>
        <vehicle id="5" x="295.70" y="598.35" angle="90.00" type="DEFAULT_VEHTYPE" speed="13.52" pos="90.95" lane="1/3to2/3_0" slope="0.00"/>
        <vehicle id="6" x="204.46" y="401.65" angle="-90.00" type="DEFAULT_VEHTYPE" speed="6.45" pos="0.29" lane=":1/2_5_0" slope="0.00"/>
        <vehicle id="7" x="198.35" y="177.86" angle="0.00" type="DEFAULT_VEHTYPE" speed="11.56" pos="17.39" lane="1/1to1/0_0" slope="0.00"/>
        <vehicle id="8" x="601.65" y="479.58" angle="180.00" type="DEFAULT_VEHTYPE" speed="12.78" pos="74.83" lane="3/2to3/3_0" slope="0.00"/>
    </timestep>
    <timestep time="446.00">
        <vehicle id="0" x="258.73" y="598.35" angle="90.00" type="DEFAULT_VEHTYPE" speed="13.27" pos="53.98" lane="1/3to2/3_0" slope="0.00"/>
        <vehicle id="10" x="793.79" y="601.65" angle="-90.00" type="DEFAULT_VEHTYPE" speed="13.90" pos="6.21" lane="4/3to3/3_0" slope="0.00"/>
        <vehicle id="11" x="12.87" y="198.35" angle="90.00" type="DEFAULT_VEHTYPE" speed="12.68" pos="12.87" lane="0/1to1/1_0" slope="0.00"/>
        <vehicle id="12" x="401.65" y="632.62" angle="180.00" type="DEFAULT_VEHTYPE" speed="12.70" pos="27.87" lane="2/3to2/4_0" slope="0.00"/>
        <vehicle id="15" x="601.65" y="283.35" angle="180.00" type="DEFAULT_VEHTYPE" speed="13.20" pos="78.60" lane="3/1to3/2_0" slope="0.00"/>
        <vehicle id="19" x="323.60" y="201.65" angle="-90.00" type="DEFAULT_VEHTYPE" speed="13.13" pos="71.65" lane="2/1to1/1_0" slope="0.00"/>
        <vehicle id="2" x="417.70" y="401.65" angle="-90.00" type="DEFAULT_VEHTYPE" speed="9.45" pos="177.55" lane="3/2to2/2_0" slope="0.00"/>
        <vehicle id="20" x="310.94" y="198.35" angle="90.00" type="DEFAULT_VEHTYPE" speed="13.49" pos="106.19" lane="1/1to2/1_0" slope="0.00"/>
        <vehicle id="23" x="398.35" y="637.68" angle="0.00" type="DEFAULT_VEHTYPE" speed="13.31" pos="162.32" lane="2/4to2/3_0" slope="0.00"/>
        <vehicle id="24" x="398.35" y="481.87" angle="0.00" type="DEFAULT_VEHTYPE" speed="12.64" pos="113.38" lane="2/3to2/2_0" slope="0.00"/>
        <vehicle id="4" x="201.65" y="243.24" angle="180.00" type="DEFAULT_VEHTYPE" speed="13.34" pos="38.49" lane="1/1to1/2_0" slope="0.00"/>
        <vehicle id="5" x="309.10" y="598.35" angle="90.00" type="DEFAULT_VEHTYPE" speed="13.39" pos="104.35" lane="1/3to2/3_0" slope="0.00"/>
        <vehicle id="6" x="196.65" y="401.65" angle="-90.00" type="DEFAULT_VEHTYPE" speed="7.80" pos="8.10" lane=":1/2_5_0" slope="0.00"/>
        <vehicle id="7" x="198.35" y="164.00" angle="0.00" type="DEFAULT_VEHTYPE" speed="13.86" pos="31.25" lane="1/1to1/0_0" slope="0.00"/>
        <vehicle id="8" x="601.65" y="492.21" angle="180.00" type="DEFAULT_VEHTYPE" speed="12.62" pos="87.46" lane="3/2to3/3_0" slope="0.00"/>
    </timestep>
    <timestep time="447.00">
        <vehicle id="0" x="271.97" y="598.35" angle="90.00" type="DEFAULT_VEHTYPE" speed="13.24" pos="67.22" lane="1/3to2/3_0" slope="0.00"/>
        <vehicle id="10" x="779.92" y="601.65" angle="-90.00" type="DEFAULT_VEHTYPE" speed="13.87" pos="20.08" lane="4/3to3/3_0" slope="0.00"/>
        <vehicle id="11" x="25.81" y="198.35" angle="90.00" type="DEFAULT_VEHTYPE" speed="12.93" pos="25.81" lane="0/1to1/1_0" slope="0.00"/>
        <vehicle id="12" x="401.65" y="645.25" angle="180.00" type="DEFAULT_VEHTYPE" speed="12.63" pos="40.50" lane="2/3to2/4_0" slope="0.00"/>
        <vehicle id="15" x="601.65" y="296.27" angle="180.00" type="DEFAULT_VEHTYPE" speed="12.92" pos="91.52" lane="3/1to3/2_0" slope="0.00"/>
        <vehicle id="19" x="310.82" y="201.65" angle="-90.00" type="DEFAULT_VEHTYPE" speed="12.78" pos="84.43" lane="2/1to1/1_0" slope="0.00"/>
        <vehicle id="2" x="412.17" y="401.65" angle="-90.00" type="DEFAULT_VEHTYPE" speed="5.53" pos="183.08" lane="3/2to2/2_0" slope="0.00"/>
        <vehicle id="20" x="323.77" y="198.35" angle="90.00" type="DEFAULT_VEHTYPE" speed="12.82" pos="119.02" lane="1/1to2/1_0" slope="0.00"/>
        <vehicle id="23" x="398.35" y="623.96" angle="0.00" type="DEFAULT_VEHTYPE" speed="13.73" pos="176.04" lane="2/4to2/3_0" slope="0.00"/>
        <vehicle id="24" x="398.35" y="469.20" angle="0.00" type="DEFAULT_VEHTYPE" speed="12.66" pos="126.05" lane="2/3to2/2_0" slope="0.00"/>
        <vehicle id="4" x="201.65" y="256.96" angle="180.00" type="DEFAULT_VEHTYPE" speed="13.72" pos="52.21" lane="1/1to1/2_0" slope="0.00"/>
        <vehicle id="5" x="322.71" y="598.35" angle="90.00" type="DEFAULT_VEHTYPE" speed="13.62" pos="117.96" lane="1/3to2/3_0" slope="0.00"/>
        <vehicle id="6" x="186.63" y="401.65" angle="-90.00" type="DEFAULT_VEHTYPE" speed="10.02" pos="8.62" lane="1/2to0/2_0" slope="0.00"/>
        <vehicle id="7" x="198.35" y="151.10" angle="0.00" type="DEFAULT_VEHTYPE" speed="12.90" pos="44.15" lane="1/1to1/0_0" slope="0.00"/>
        <vehicle id="8" x="601.65" y="505.47" angle="180.00" type="DEFAULT_VEHTYPE" speed="13.27" pos="100.72" lane="3/2to3/3_0" slope="0.00"/>
    </timestep>
    <timestep time="448.00">
        <vehicle id="0" x="284.94" y="598.35" angle="90.00" type="DEFAULT_VEHTYPE" speed="12.97" pos="80.19" lane="1/3to2/3_0" slope="0.00"/>
        <vehicle id="10" x="766.58" y="601.65" angle="-90.00" type="DEFAULT_VEHTYPE" speed="13.33" pos="33.42" lane="4/3to3/3_0" slope="0.00"/>
        <vehicle id="11" x="38.44" y="198.35" angle="90.00" type="DEFAULT_VEHTYPE" speed="12.64" pos="38.44" lane="0/1to1/1_0" slope="0.00"/>
        <vehicle id="12" x="401.65" y="658.35" angle="180.00" type="DEFAULT_VEHTYPE" speed="13.10" pos="53.60" lane="2/3to2/4_0" slope="0.00"/>
        <vehicle id="15" x="601.65" y="309.75" angle="180.00" type="DEFAULT_VEHTYPE" speed="13.47" pos="105.00" lane="3/1to3/2_0" slope="0.00"/>
        <vehicle id="19" x="297.39" y="201.65" angle="-90.00" type="DEFAULT_VEHTYPE" speed="13.43" pos="97.86" lane="2/1to1/1_0" slope="0.00"/>
        <vehicle id="2" x="409.79" y="401.65" angle="-90.00" type="DEFAULT_VEHTYPE" speed="2.38" pos="185.46" lane="3/2to2/2_0" slope="0.00"/>
        <vehicle id="20" x="336.52" y="198.35" angle="90.00" type="DEFAULT_VEHTYPE" speed="12.76" pos="131.77" lane="1/1to2/1_0" slope="0.00"/>
        <vehicle id="23" x="398.35" y="611.25" angle="0.00" type="DEFAULT_VEHTYPE" speed="12.71" pos="188.75" lane="2/4to2/3_0" slope="0.00"/>
        <vehicle id="24" x="398.35" y="455.90" angle="0.00" type="DEFAULT_VEHTYPE" speed="13.31" pos="139.35" lane="2/3to2/2_0" slope="0.00"/>
        <vehicle id="4" x="201.65" y="269.71" angle="180.00" type="DEFAULT_VEHTYPE" speed="12.75" pos="64.96" lane="1/1to1/2_0" slope="0.00"/>
        <vehicle id="5" x="336.22" y="598.35" angle="90.00" type="DEFAULT_VEHTYPE" speed="13.51" pos="131.47" lane="1/3to2/3_0" slope="0.00"/>
        <vehicle id="6" x="174.87" y="401.65" angle="-90.00" type="DEFAULT_VEHTYPE" speed="11.76" pos="20.38" lane="1/2to0/2_0" slope="0.00"/>
        <vehicle id="7" x="198.35" y="138.11" angle="0.00" type="DEFAULT_VEHTYPE" speed="12.99" pos="57.14" lane="1/1to1/0_0" slope="0.00"/>
        <vehicle id="8" x="601.65" y="518.14" angle="180.00" type="DEFAULT_VEHTYPE" speed="12.67" pos="113.39" lane="3/2to3/3_0" slope="0.00"/>
    </timestep>
    <timestep time="449.00">
        <vehicle id="0" x="297.87" y="598.35" angle="90.00" type="DEFAULT_VEHTYPE" speed="12.93" pos="93.12" lane="1/3to2/3_0" slope="0.00"/>
        <vehicle id="10" x="753.01" y="601.65" angle="-90.00" type="DEFAULT_VEHTYPE" speed="13.58" pos="46.99" lane="4/3to3/3_0" slope="0.00"/>
        <vehicle id="11" x="51.59" y="198.35" angle="90.00" type="DEFAULT_VEHTYPE" speed="13.15" pos="51.59" lane="0/1to1/1_0" slope="0.00"/>
        <vehicle id="12" x="401.65" y="672.18" angle="180.00" type="DEFAULT_VEHTYPE" speed="13.83" pos="67.43" lane="2/3to2/4_0" slope="0.00"/>
        <vehicle id="15" x="601.65" y="322.92" angle="180.00" type="DEFAULT_VEHTYPE" speed="13.17" pos="118.17" lane="3/1to3/2_0" slope="0.00"/>
        <vehicle id="19" x="283.95" y="201.65" angle="-90.00" type="DEFAULT_VEHTYPE" speed="13.44" pos="111.30" lane="2/1to1/1_0" slope="0.00"/>
        <vehicle id="2" x="407.82" y="401.65" angle="-90.00" type="DEFAULT_VEHTYPE" speed="1.98" pos="187.43" lane="3/2to2/2_0" slope="0.00"/>
        <vehicle id="20" x="349.14" y="198.35" angle="90.00" type="DEFAULT_VEHTYPE" speed="12.61" pos="144.39" lane="1/1to2/1_0" slope="0.00"/>
        <vehicle id="23" x="398.35" y="597.53" angle="0.00" type="DEFAULT_VEHTYPE" speed="13.72" pos="7.22" lane=":2/3_1_0" slope="0.00"/>
        <vehicle id="24" x="398.35" y="443.06" angle="0.00" type="DEFAULT_VEHTYPE" speed="12.84" pos="152.19" lane="2/3to2/2_0" slope="0.00"/>
        <vehicle id="4" x="201.65" y="282.60" angle="180.00" type="DEFAULT_VEHTYPE" speed="12.89" pos="77.85" lane="1/1to1/2_0" slope="0.00"/>
        <vehicle id="5" x="349.30" y="598.35" angle="90.00" type="DEFAULT_VEHTYPE" speed="13.08" pos="144.55" lane="1/3to2/3_0" slope="0.00"/>
        <vehicle id="6" x="162.25" y="401.65" angle="-90.00" type="DEFAULT_VEHTYPE" speed="12.62" pos="33.00" lane="1/2to0/2_0" slope="0.00"/>
        <vehicle id="7" x="198.35" y="124.31" angle="0.00" type="DEFAULT_VEHTYPE" speed="13.80" pos="70.94" lane="1/1to1/0_0" slope="0.00"/>
        <vehicle id="8" x="601.65" y="531.21" angle="180.00" type="DEFAULT_VEHTYPE" speed="13.07" pos="126.46" lane="3/2to3/3_0" slope="0.00"/>
    </timestep>
    <timestep time="450.00">
        <vehicle id="0" x="310.97" y="598.35" angle="90.00" type="DEFAULT_VEHTYPE" speed="13.10" pos="106.22" lane="1/3to2/3_0" slope="0.00"/>
        <vehicle id="10" x="739.63" y="601.65" angle="-90.00" type="DEFAULT_VEHTYPE" speed="13.38" pos="60.37" lane="4/3to3/3_0" slope="0.00"/>
        <vehicle id="11" x="65.04" y="198.35" angle="90.00" type="DEFAULT_VEHTYPE" speed="13.45" pos="65.04" lane="0/1to1/1_0" slope="0.00"/>
        <vehicle id="12" x="401.65" y="685.09" angle="180.00" type="DEFAULT_VEHTYPE" speed="12.91" pos="80.34" lane="2/3to2/4_0" slope="0.00"/>
        <vehicle id="15" x="601.65" y="336.28" angle="180.00" type="DEFAULT_VEHTYPE" speed="13.36" pos="131.53" lane="3/1to3/2_0" slope="0.00"/>
        <vehicle id="19" x="270.51" y="201.65" angle="-90.00" type="DEFAULT_VEHTYPE" speed="13.45" pos="124.74" lane="2/1to1/1_0" slope="0.00"/>
        <vehicle id="2" x="407.33" y="401.65" angle="-90.00" type="DEFAULT_VEHTYPE" speed="0.48" pos="187.92" lane="3/2to2/2_0" slope="0.00"/>
        <vehicle id="20" x="362.40" y="198.35" angle="90.00" type="DEFAULT_VEHTYPE" speed="13.27" pos="157.65" lane="1/1to2/1_0" slope="0.00"/>
        <vehicle id="23" x="398.35" y="583.80" angle="0.00" type="DEFAULT_VEHTYPE" speed="13.73" pos="11.45" lane="2/3to2/2_0" slope="0.00"/>
        <vehicle id="24" x="398.35" y="429.88" angle="0.00" type="DEFAULT_VEHTYPE" speed="13.18" pos="165.37" lane="2/3to2/2_0" slope="0.00"/>
        <vehicle id="4" x="201.65" y="295.45" angle="180.00" type="DEFAULT_VEHTYPE" speed="12.85" pos="90.70" lane="1/1to1/2_0" slope="0.00"/>
        <vehicle id="5" x="362.99" y="598.35" angle="90.00" type="DEFAULT_VEHTYPE" speed="13.69" pos="158.24" lane="1/3to2/3_0" slope="0.00"/>
        <vehicle id="6" x="149.02" y="401.65" angle="-90.00" type="DEFAULT_VEHTYPE" speed="13.23" pos="46.23" lane="1/2to0/2_0" slope="0.00"/>
        <vehicle id="7" x="198.35" y="110.75" angle="0.00" type="DEFAULT_VEHTYPE" speed="13.56" pos="84.50" lane="1/1to1/0_0" slope="0.00"/>
        <vehicle id="8" x="601.65" y="544.32" angle="180.00" type="DEFAULT_VEHTYPE" speed="13.11" pos="139.57" lane="3/2to3/3_0" slope="0.00"/>
    </timestep>
    <timestep time="451.00">
        <vehicle id="0" x="323.97" y="598.35" angle="90.00" type="DEFAULT_VEHTYPE" speed="13.00" pos="119.22" lane="1/3to2/3_0" slope="0.00"/>
        <vehicle id="10" x="726.75" y="601.65" angle="-90.00" type="DEFAULT_VEHTYPE" speed="12.88" pos="73.25" lane="4/3to3/3_0" slope="0.00"/>
        <vehicle id="11" x="78.49" y="198.35" angle="90.00" type="DEFAULT_VEHTYPE" speed="13.44" pos="78.49" lane="0/1to1/1_0" slope="0.00"/>
        <vehicle id="12" x="401.65" y="698.46" angle="180.00" type="DEFAULT_VEHTYPE" speed="13.37" pos="93.71" lane="2/3to2/4_0" slope="0.00"/>
        <vehicle id="15" x="601.65" y="349.77" angle="180.00" type="DEFAULT_VEHTYPE" speed="13.49" pos="145.02" lane="3/1to3/2_0" slope="0.00"/>
        <vehicle id="19" x="256.96" y="201.65" angle="-90.00" type="DEFAULT_VEHTYPE" speed="13.55" pos="138.29" lane="2/1to1/1_0" slope="0.00"/>
        <vehicle id="2" x="407.27" y="401.65" angle="-90.00" type="DEFAULT_VEHTYPE" speed="0.06" pos="187.98" lane="3/2to2/2_0" slope="0.00"/>
        <vehicle id="20" x="374.56" y="198.35" angle="90.00" type="DEFAULT_VEHTYPE" speed="12.16" pos="169.81" lane="1/1to2/1_0" slope="0.00"/>
        <vehicle id="23" x="398.35" y="570.97" angle="0.00" type="DEFAULT_VEHTYPE" speed="12.83" pos="24.28" lane="2/3to2/2_0" slope="0.00"/>
        <vehicle id="24" x="398.35" y="416.16" angle="0.00" type="DEFAULT_VEHTYPE" speed="13.72" pos="179.09" lane="2/3to2/2_0" slope="0.00"/>
        <vehicle id="4" x="201.65" y="309.16" angle="180.00" type="DEFAULT_VEHTYPE" speed="13.71" pos="104.41" lane="1/1to1/2_0" slope="0.00"/>
        <vehicle id="5" x="374.24" y="598.35" angle="90.00" type="DEFAULT_VEHTYPE" speed="11.25" pos="169.49" lane="1/3to2/3_0" slope="0.00"/>
        <vehicle id="6" x="136.29" y="401.65" angle="-90.00" type="DEFAULT_VEHTYPE" speed="12.73" pos="58.96" lane="1/2to0/2_0" slope="0.00"/>
        <vehicle id="7" x="198.35" y="98.06" angle="0.00" type="DEFAULT_VEHTYPE" speed="12.70" pos="97.19" lane="1/1to1/0_0" slope="0.00"/>
        <vehicle id="8" x="601.65" y="557.46" angle="180.00" type="DEFAULT_VEHTYPE" speed="13.13" pos="152.71" lane="3/2to3/3_0" slope="0.00"/>
    </timestep>
    <timestep time="452.00">
        <vehicle id="0" x="337.31" y="598.35" angle="90.00" type="DEFAULT_VEHTYPE" speed="13.34" pos="132.56" lane="1/3to2/3_0" slope="0.00"/>
        <vehicle id="10" x="713.48" y="601.65" angle="-90.00" type="DEFAULT_VEHTYPE" speed="13.27" pos="86.52" lane="4/3to3/3_0" slope="0.00"/>
        <vehicle id="11" x="91.96" y="198.35" angle="90.00" type="DEFAULT_VEHTYPE" speed="13.48" pos="91.96" lane="0/1to1/1_0" slope="0.00"/>
        <vehicle id="12" x="401.65" y="711.82" angle="180.00" type="DEFAULT_VEHTYPE" speed="13.36" pos="107.07" lane="2/3to2/4_0" slope="0.00"/>
        <vehicle id="15" x="601.65" y="362.64" angle="180.00" type="DEFAULT_VEHTYPE" speed="12.87" pos="157.89" lane="3/1to3/2_0" slope="0.00"/>
        <vehicle id="19" x="243.64" y="201.65" angle="-90.00" type="DEFAULT_VEHTYPE" speed="13.32" pos="151.61" lane="2/1to1/1_0" slope="0.00"/>
        <vehicle id="2" x="407.25" y="401.65" angle="-90.00" type="DEFAULT_VEHTYPE" speed="0.02" pos="188.00" lane="3/2to2/2_0" slope="0.00"/>
        <vehicle id="20" x="382.36" y="198.35" angle="90.00" type="DEFAULT_VEHTYPE" speed="7.80" pos="177.61" lane="1/1to2/1_0" slope="0.00"/>
        <vehicle id="23" x="398.35" y="557.24" angle="0.00" type="DEFAULT_VEHTYPE" speed="13.73" pos="38.01" lane="2/3to2/2_0" slope="0.00"/>
        <vehicle id="24" x="398.35" y="402.92" angle="0.00" type="DEFAULT_VEHTYPE" speed="13.24" pos="1.83" lane=":2/2_1_0" slope="0.00"/>
        <vehicle id="4" x="201.65" y="322.07" angle="180.00" type="DEFAULT_VEHTYPE" speed="12.90" pos="117.32" lane="1/1to1/2_0" slope="0.00"/>
        <vehicle id="5" x="383.04" y="598.35" angle="90.00" type="DEFAULT_VEHTYPE" speed="8.79" pos="178.29" lane="1/3to2/3_0" slope="0.00"/>
        <vehicle id="6" x="123.42" y="401.65" angle="-90.00" type="DEFAULT_VEHTYPE" speed="12.86" pos="71.83" lane="1/2to0/2_0" slope="0.00"/>
        <vehicle id="7" x="198.35" y="84.80" angle="0.00" type="DEFAULT_VEHTYPE" speed="13.26" pos="110.45" lane="1/1to1/0_0" slope="0.00"/>
        <vehicle id="8" x="601.65" y="570.20" angle="180.00" type="DEFAULT_VEHTYPE" speed="12.75" pos="165.45" lane="3/2to3/3_0" slope="0.00"/>
    </timestep>
    <timestep time="453.00">
        <vehicle id="0" x="350.48" y="598.35" angle="90.00" type="DEFAULT_VEHTYPE" speed="13.17" pos="145.73" lane="1/3to2/3_0" slope="0.00"/>
        <vehicle id="10" x="700.30" y="601.65" angle="-90.00" type="DEFAULT_VEHTYPE" speed="13.18" pos="99.70" lane="4/3to3/3_0" slope="0.00"/>
        <vehicle id="11" x="105.58" y="198.35" angle="90.00" type="DEFAULT_VEHTYPE" speed="13.62" pos="105.58" lane="0/1to1/1_0" slope="0.00"/>
        <vehicle id="12" x="401.65" y="724.48" angle="180.00" type="DEFAULT_VEHTYPE" speed="12.66" pos="119.73" lane="2/3to2/4_0" slope="0.00"/>
        <vehicle id="15" x="601.65" y="374.88" angle="180.00" type="DEFAULT_VEHTYPE" speed="12.24" pos="170.13" lane="3/1to3/2_0" slope="0.00"/>
        <vehicle id="19" x="230.71" y="201.65" angle="-90.00" type="DEFAULT_VEHTYPE" speed="12.93" pos="164.54" lane="2/1to1/1_0" slope="0.00"/>
        <vehicle id="2" x="405.37" y="401.65" angle="-90.00" type="DEFAULT_VEHTYPE" speed="1.88" pos="189.88" lane="3/2to2/2_0" slope="0.00"/>
        <vehicle id="20" x="388.49" y="198.35" angle="90.00" type="DEFAULT_VEHTYPE" speed="6.13" pos="183.74" lane="1/1to2/1_0" slope="0.00"/>
        <vehicle id="23" x="398.35" y="543.83" angle="0.00" type="DEFAULT_VEHTYPE" speed="13.42" pos="51.42" lane="2/3to2/2_0" slope="0.00"/>
        <vehicle id="24" x="398.35" y="390.00" angle="0.00" type="DEFAULT_VEHTYPE" speed="12.92" pos="5.25" lane="2/2to2/1_0" slope="0.00"/>
        <vehicle id="4" x="201.65" y="334.76" angle="180.00" type="DEFAULT_VEHTYPE" speed="12.69" pos="130.01" lane="1/1to1/2_0" slope="0.00"/>
        <vehicle id="5" x="388.55" y="598.35" angle="90.00" type="DEFAULT_VEHTYPE" speed="5.51" pos="183.80" lane="1/3to2/3_0" slope="0.00"/>
        <vehicle id="6" x="110.01" y="401.65" angle="-90.00" type="DEFAULT_VEHTYPE" speed="13.41" pos="85.24" lane="1/2to0/2_0" slope="0.00"/>
        <vehicle id="7" x="198.35" y="71.44" angle="0.00" type="DEFAULT_VEHTYPE" speed="13.36" pos="123.81" lane="1/1to1/0_0" slope="0.00"/>
        <vehicle id="8" x="601.65" y="583.06" angle="180.00" type="DEFAULT_VEHTYPE" speed="12.85" pos="178.31" lane="3/2to3/3_0" slope="0.00"/>
    </timestep>
    <timestep time="454.00">
        <vehicle id="0" x="363.82" y="598.35" angle="90.00" type="DEFAULT_VEHTYPE" speed="13.34" pos="159.07" lane="1/3to2/3_0" slope="0.00"/>
        <vehicle id="10" x="686.86" y="601.65" angle="-90.00" type="DEFAULT_VEHTYPE" speed="13.44" pos="113.14" lane="4/3to3/3_0" slope="0.00"/>
        <vehicle id="11" x="118.26" y="198.35" angle="90.00" type="DEFAULT_VEHTYPE" speed="12.67" pos="118.26" lane="0/1to1/1_0" slope="0.00"/>
        <vehicle id="12" x="401.65" y="738.21" angle="180.00" type="DEFAULT_VEHTYPE" speed="13.73" pos="133.46" lane="2/3to2/4_0" slope="0.00"/>
        <vehicle id="15" x="601.65" y="383.34" angle="180.00" type="DEFAULT_VEHTYPE" speed="8.47" pos="178.59" lane="3/1to3/2_0" slope="0.00"/>
        <vehicle id="19" x="220.42" y="201.65" angle="-90.00" type="DEFAULT_VEHTYPE" speed="10.29" pos="174.83" lane="2/1to1/1_0" slope="0.00"/>
        <vehicle id="2" x="401.95" y="401.25" angle="-85.38" type="DEFAULT_VEHTYPE" speed="3.45" pos="2.83" lane=":2/2_6_0" slope="0.00"/>
        <vehicle id="20" x="396.85" y="198.35" angle="90.00" type="DEFAULT_VEHTYPE" speed="8.36" pos="1.60" lane=":2/1_13_0" slope="0.00"/>
        <vehicle id="23" x="398.35" y="529.93" angle="0.00" type="DEFAULT_VEHTYPE" speed="13.90" pos="65.32" lane="2/3to2/2_0" slope="0.00"/>
        <vehicle id="24" x="398.35" y="376.33" angle="0.00" type="DEFAULT_VEHTYPE" speed="13.67" pos="18.92" lane="2/2to2/1_0" slope="0.00"/>
        <vehicle id="4" x="201.65" y="347.69" angle="180.00" type="DEFAULT_VEHTYPE" speed="12.93" pos="142.94" lane="1/1to1/2_0" slope="0.00"/>
        <vehicle id="5" x="395.85" y="598.44" angle="90.98" type="DEFAULT_VEHTYPE" speed="7.30" pos="0.60" lane=":2/3_14_0" slope="0.00"/>
        <vehicle id="6" x="96.60" y="401.65" angle="-90.00" type="DEFAULT_VEHTYPE" speed="13.41" pos="98.65" lane="1/2to0/2_0" slope="0.00"/>
        <vehicle id="7" x="198.35" y="58.11" angle="0.00" type="DEFAULT_VEHTYPE" speed="13.33" pos="137.14" lane="1/1to1/0_0" slope="0.00"/>
        <vehicle id="8" x="601.97" y="596.82" angle="176.36" type="DEFAULT_VEHTYPE" speed="13.81" pos="1.62" lane=":3/3_8_0" slope="0.00"/>
    </timestep>
    <timestep time="455.00">
        <vehicle id="0" x="375.94" y="598.35" angle="90.00" type="DEFAULT_VEHTYPE" speed="12.12" pos="171.19" lane="1/3to2/3_0" slope="0.00"/>
        <vehicle id="10" x="673.55" y="601.65" angle="-90.00" type="DEFAULT_VEHTYPE" speed="13.31" pos="126.45" lane="4/3to3/3_0" slope="0.00"/>
        <vehicle id="11" x="132.14" y="198.35" angle="90.00" type="DEFAULT_VEHTYPE" speed="13.88" pos="132.14" lane="0/1to1/1_0" slope="0.00"/>
        <vehicle id="12" x="401.65" y="750.93" angle="180.00" type="DEFAULT_VEHTYPE" speed="12.72" pos="146.18" lane="2/3to2/4_0" slope="0.00"/>
        <vehicle id="15" x="601.65" y="388.64" angle="180.00" type="DEFAULT_VEHTYPE" speed="5.30" pos="183.89" lane="3/1to3/2_0" slope="0.00"/>
        <vehicle id="19" x="214.41" y="201.65" angle="-90.00" type="DEFAULT_VEHTYPE" speed="6.02" pos="180.84" lane="2/1to1/1_0" slope="0.00"/>
        <vehicle id="2" x="398.57" y="396.76" angle="-32.62" type="DEFAULT_VEHTYPE" speed="5.96" pos="8.80" lane=":2/2_6_0" slope="0.00"/>
        <vehicle id="20" x="406.69" y="198.35" angle="90.00" type="DEFAULT_VEHTYPE" speed="9.84" pos="1.94" lane="2/1to3/1_0" slope="0.00"/>
        <vehicle id="23" x="398.35" y="516.43" angle="0.00" type="DEFAULT_VEHTYPE" speed="13.50" pos="78.82" lane="2/3to2/2_0" slope="0.00"/>
        <vehicle id="24" x="398.35" y="363.08" angle="0.00" type="DEFAULT_VEHTYPE" speed="13.25" pos="32.17" lane="2/2to2/1_0" slope="0.00"/>
        <vehicle id="4" x="201.65" y="361.04" angle="180.00" type="DEFAULT_VEHTYPE" speed="13.35" pos="156.29" lane="1/1to1/2_0" slope="0.00"/>
        <vehicle id="5" x="401.64" y="604.71" angle="161.77" type="DEFAULT_VEHTYPE" speed="9.68" pos="10.28" lane=":2/3_14_0" slope="0.00"/>
        <vehicle id="6" x="83.38" y="401.65" angle="-90.00" type="DEFAULT_VEHTYPE" speed="13.22" pos="111.87" lane="1/2to0/2_0" slope="0.00"/>
        <vehicle id="7" x="198.35" y="45.06" angle="0.00" type="DEFAULT_VEHTYPE" speed="13.05" pos="150.19" lane="1/1to1/0_0" slope="0.00"/>
        <vehicle id="8" x="614.00" y="598.35" angle="90.00" type="DEFAULT_VEHTYPE" speed="12.63" pos="9.25" lane="3/3to4/3_0" slope="0.00"/>
    </timestep>
    <timestep time="456.00">
        <vehicle id="0" x="384.28" y="598.35" angle="90.00" type="DEFAULT_VEHTYPE" speed="8.33" pos="179.53" lane="1/3to2/3_0" slope="0.00"/>
        <vehicle id="10" x="660.08" y="601.65" angle="-90.00" type="DEFAULT_VEHTYPE" speed="13.47" pos="139.92" lane="4/3to3/3_0" slope="0.00"/>
        <vehicle id="11" x="145.99" y="198.35" angle="90.00" type="DEFAULT_VEHTYPE" speed="13.85" pos="145.99" lane="0/1to1/1_0" slope="0.00"/>
        <vehicle id="12" x="401.65" y="764.73" angle="180.00" type="DEFAULT_VEHTYPE" speed="13.80" pos="159.98" lane="2/3to2/4_0" slope="0.00"/>
        <vehicle id="15" x="601.50" y="396.31" angle="-178.27" type="DEFAULT_VEHTYPE" speed="7.68" pos="1.07" lane=":3/2_10_0" slope="0.00"/>
        <vehicle id="19" x="210.27" y="201.65" angle="-90.00" type="DEFAULT_VEHTYPE" speed="4.13" pos="184.98" lane="2/1to1/1_0" slope="0.00"/>
        <vehicle id="2" x="398.35" y="388.86" angle="0.00" type="DEFAULT_VEHTYPE" speed="7.91" pos="6.39" lane="2/2to2/1_0" slope="0.00"/>
        <vehicle id="20" x="417.85" y="198.35" angle="90.00" type="DEFAULT_VEHTYPE" speed="11.16" pos="13.10" lane="2/1to3/1_0" slope="0.00"/>
        <vehicle id="23" x="398.35" y="503.07" angle="0.00" type="DEFAULT_VEHTYPE" speed="13.36" pos="92.18" lane="2/3to2/2_0" slope="0.00"/>
        <vehicle id="24" x="398.35" y="350.17" angle="0.00" type="DEFAULT_VEHTYPE" speed="12.91" pos="45.08" lane="2/2to2/1_0" slope="0.00"/>
        <vehicle id="4" x="201.65" y="374.79" angle="180.00" type="DEFAULT_VEHTYPE" speed="13.75" pos="170.04" lane="1/1to1/2_0" slope="0.00"/>
        <vehicle id="5" x="401.65" y="616.92" angle="180.00" type="DEFAULT_VEHTYPE" speed="12.21" pos="12.17" lane="2/3to2/4_0" slope="0.00"/>
        <vehicle id="6" x="70.54" y="401.65" angle="-90.00" type="DEFAULT_VEHTYPE" speed="12.84" pos="124.71" lane="1/2to0/2_0" slope="0.00"/>
        <vehicle id="7" x="198.35" y="32.05" angle="0.00" type="DEFAULT_VEHTYPE" speed="13.01" pos="163.20" lane="1/1to1/0_0" slope="0.00"/>
        <vehicle id="8" x="626.64" y="598.35" angle="90.00" type="DEFAULT_VEHTYPE" speed="12.64" pos="21.89" lane="3/3to4/3_0" slope="0.00"/>
    </timestep>
    <timestep time="457.00">
        <vehicle id="0" x="389.07" y="598.35" angle="90.00" type="DEFAULT_VEHTYPE" speed="4.79" pos="184.32" lane="1/3to2/3_0" slope="0.00"/>
        <vehicle id="10" x="647.03" y="601.65" angle="-90.00" type="DEFAULT_VEHTYPE" speed="13.05" pos="152.97" lane="4/3to3/3_0" slope="0.00"/>
        <vehicle id="11" x="159.19" y="198.35" angle="90.00" type="DEFAULT_VEHTYPE" speed="13.20" pos="159.19" lane="0/1to1/1_0" slope="0.00"/>
        <vehicle id="12" x="401.65" y="778.15" angle="180.00" type="DEFAULT_VEHTYPE" speed="13.43" pos="173.40" lane="2/3to2/4_0" slope="0.00"/>
        <vehicle id="15" x="595.08" y="401.65" angle="-106.96" type="DEFAULT_VEHTYPE" speed="9.42" pos="0.17" lane="3/2to2/2_0" slope="0.00"/>
        <vehicle id="19" x="203.66" y="201.80" angle="-91.75" type="DEFAULT_VEHTYPE" speed="6.63" pos="1.10" lane=":1/1_4_0" slope="0.00"/>
        <vehicle id="2" x="398.35" y="378.94" angle="0.00" type="DEFAULT_VEHTYPE" speed="9.92" pos="16.31" lane="2/2to2/1_0" slope="0.00"/>
        <vehicle id="20" x="430.77" y="198.35" angle="90.00" type="DEFAULT_VEHTYPE" speed="12.92" pos="26.02" lane="2/1to3/1_0" slope="0.00"/>
        <vehicle id="23" x="398.35" y="489.42" angle="0.00" type="DEFAULT_VEHTYPE" speed="13.65" pos="105.83" lane="2/3to2/2_0" slope="0.00"/>
        <vehicle id="24" x="398.35" y="336.94" angle="0.00" type="DEFAULT_VEHTYPE" speed="13.23" pos="58.31" lane="2/2to2/1_0" slope="0.00"/>
        <vehicle id="4" x="201.65" y="388.44" angle="180.00" type="DEFAULT_VEHTYPE" speed="13.66" pos="183.69" lane="1/1to1/2_0" slope="0.00"/>
        <vehicle id="5" x="401.65" y="630.71" angle="180.00" type="DEFAULT_VEHTYPE" speed="13.78" pos="25.96" lane="2/3to2/4_0" slope="0.00"/>
        <vehicle id="6" x="57.03" y="401.65" angle="-90.00" type="DEFAULT_VEHTYPE" speed="13.51" pos="138.22" lane="1/2to0/2_0" slope="0.00"/>
        <vehicle id="7" x="198.35" y="19.09" angle="0.00" type="DEFAULT_VEHTYPE" speed="12.96" pos="176.16" lane="1/1to1/0_0" slope="0.00"/>
        <vehicle id="8" x="639.42" y="598.35" angle="90.00" type="DEFAULT_VEHTYPE" speed="12.78" pos="34.67" lane="3/3to4/3_0" slope="0.00"/>
    </timestep>
    <timestep time="458.00">
        <vehicle id="0" x="396.32" y="598.50" angle="91.76" type="DEFAULT_VEHTYPE" speed="7.26" pos="1.08" lane=":2/3_14_0" slope="0.00"/>
        <vehicle id="10" x="634.29" y="601.65" angle="-90.00" type="DEFAULT_VEHTYPE" speed="12.74" pos="165.71" lane="4/3to3/3_0" slope="0.00"/>
        <vehicle id="11" x="172.21" y="198.35" angle="90.00" type="DEFAULT_VEHTYPE" speed="13.02" pos="172.21" lane="0/1to1/1_0" slope="0.00"/>
        <vehicle id="12" x="401.65" y="790.96" angle="180.00" type="DEFAULT_VEHTYPE" speed="12.80" pos="186.21" lane="2/3to2/4_0" slope="0.00"/>
        <vehicle id="15" x="583.59" y="401.65" angle="-90.00" type="DEFAULT_VEHTYPE" speed="11.49" pos="11.66" lane="3/2to2/2_0" slope="0.00"/>
        <vehicle id="19" x="201.65" y="209.40" angle="-179.44" type="DEFAULT_VEHTYPE" speed="8.55" pos="4.65" lane="1/1to1/2_0" slope="0.00"/>
        <vehicle id="2" x="398.35" y="366.80" angle="0.00" type="DEFAULT_VEHTYPE" speed="12.15" pos="28.45" lane="2/2to2/1_0" slope="0.00"/>
        <vehicle id="20" x="443.39" y="198.35" angle="90.00" type="DEFAULT_VEHTYPE" speed="12.62" pos="38.64" lane="2/1to3/1_0" slope="0.00"/>
        <vehicle id="23" x="398.35" y="475.57" angle="0.00" type="DEFAULT_VEHTYPE" speed="13.85" pos="119.68" lane="2/3to2/2_0" slope="0.00"/>
        <vehicle id="24" x="398.35" y="323.55" angle="0.00" type="DEFAULT_VEHTYPE" speed="13.39" pos="71.70" lane="2/2to2/1_0" slope="0.00"/>
        <vehicle id="4" x="201.65" y="401.99" angle="180.00" type="DEFAULT_VEHTYPE" speed="13.54" pos="6.74" lane=":1/2_9_0" slope="0.00"/>
        <vehicle id="5" x="401.65" y="643.51" angle="180.00" type="DEFAULT_VEHTYPE" speed="12.80" pos="38.76" lane="2/3to2/4_0" slope="0.00"/>
        <vehicle id="6" x="44.34" y="401.65" angle="-90.00" type="DEFAULT_VEHTYPE" speed="12.69" pos="150.91" lane="1/2to0/2_0" slope="0.00"/>
        <vehicle id="7" x="198.35" y="6.28" angle="0.00" type="DEFAULT_VEHTYPE" speed="12.80" pos="188.97" lane="1/1to1/0_0" slope="0.00"/>
        <vehicle id="8" x="652.80" y="598.35" angle="90.00" type="DEFAULT_VEHTYPE" speed="13.38" pos="48.05" lane="3/3to4/3_0" slope="0.00"/>
    </timestep>
    <timestep time="459.00">
        <vehicle id="0" x="401.65" y="605.37" angle="165.83" type="DEFAULT_VEHTYPE" speed="9.85" pos="0.62" lane="2/3to2/4_0" slope="0.00"/>
        <vehicle id="10" x="623.58" y="601.65" angle="-90.00" type="DEFAULT_VEHTYPE" speed="10.71" pos="176.42" lane="4/3to3/3_0" slope="0.00"/>
        <vehicle id="11" x="181.35" y="198.35" angle="90.00" type="DEFAULT_VEHTYPE" speed="9.14" pos="181.35" lane="0/1to1/1_0" slope="0.00"/>
        <vehicle id="12" x="398.42" y="800.11" angle="-97.56" type="DEFAULT_VEHTYPE" speed="13.73" pos="4.69" lane=":2/4_0_0" slope="0.00"/>
        <vehicle id="15" x="569.88" y="401.65" angle="-90.00" type="DEFAULT_VEHTYPE" speed="13.71" pos="25.37" lane="3/2to2/2_0" slope="0.00"/>
        <vehicle id="19" x="201.65" y="219.31" angle="180.00" type="DEFAULT_VEHTYPE" speed="9.90" pos="14.56" lane="1/1to1/2_0" slope="0.00"/>
        <vehicle id="2" x="398.35" y="353.88" angle="0.00" type="DEFAULT_VEHTYPE" speed="12.92" pos="41.37" lane="2/2to2/1_0" slope="0.00"/>
        <vehicle id="20" x="456.89" y="198.35" angle="90.00" type="DEFAULT_VEHTYPE" speed="13.50" pos="52.14" lane="2/1to3/1_0" slope="0.00"/>
        <vehicle id="23" x="398.35" y="462.26" angle="0.00" type="DEFAULT_VEHTYPE" speed="13.31" pos="132.99" lane="2/3to2/2_0" slope="0.00"/>
        <vehicle id="24" x="398.35" y="309.94" angle="0.00" type="DEFAULT_VEHTYPE" speed="13.61" pos="85.31" lane="2/2to2/1_0" slope="0.00"/>
        <vehicle id="4" x="201.65" y="415.17" angle="180.00" type="DEFAULT_VEHTYPE" speed="13.18" pos="10.42" lane="1/2to1/3_0" slope="0.00"/>
        <vehicle id="5" x="401.65" y="657.18" angle="180.00" type="DEFAULT_VEHTYPE" speed="13.67" pos="52.43" lane="2/3to2/4_0" slope="0.00"/>
        <vehicle id="6" x="31.35" y="401.65" angle="-90.00" type="DEFAULT_VEHTYPE" speed="12.99" pos="163.90" lane="1/2to0/2_0" slope="0.00"/>
        <vehicle id="7" x="201.65" y="1.98" angle="146.72" type="DEFAULT_VEHTYPE" speed="13.08" pos="1.98" lane="1/0to1/1_0" slope="0.00"/>
        <vehicle id="8" x="665.67" y="598.35" angle="90.00" type="DEFAULT_VEHTYPE" speed="12.87" pos="60.92" lane="3/3to4/3_0" slope="0.00"/>
    </timestep>
    <timestep time="460.00">
        <vehicle id="0" x="401.65" y="617.26" angle="180.00" type="DEFAULT_VEHTYPE" speed="11.89" pos="12.51" lane="2/3to2/4_0" slope="0.00"/>
        <vehicle id="10" x="616.38" y="601.65" angle="-90.00" type="DEFAULT_VEHTYPE" speed="7.21" pos="183.62" lane="4/3to3/3_0" slope="0.00"/>
        <vehicle id="11" x="187.01" y="198.35" angle="90.00" type="DEFAULT_VEHTYPE" speed="5.67" pos="187.01" lane="0/1to1/1_0" slope="0.00"/>
        <vehicle id="12" x="398.35" y="787.40" angle="0.00" type="DEFAULT_VEHTYPE" speed="12.74" pos="12.60" lane="2/4to2/3_0" slope="0.00"/>
        <vehicle id="15" x="556.32" y="401.65" angle="-90.00" type="DEFAULT_VEHTYPE" speed="13.56" pos="38.93" lane="3/2to2/2_0" slope="0.00"/>
        <vehicle id="19" x="201.65" y="231.42" angle="180.00" type="DEFAULT_VEHTYPE" speed="12.12" pos="26.67" lane="1/1to1/2_0" slope="0.00"/>
        <vehicle id="2" x="398.35" y="340.20" angle="0.00" type="DEFAULT_VEHTYPE" speed="13.68" pos="55.05" lane="2/2to2/1_0" slope="0.00"/>
        <vehicle id="20" x="470.76" y="198.35" angle="90.00" type="DEFAULT_VEHTYPE" speed="13.86" pos="66.01" lane="2/1to3/1_0" slope="0.00"/>
        <vehicle id="23" x="398.35" y="449.19" angle="0.00" type="DEFAULT_VEHTYPE" speed="13.07" pos="146.06" lane="2/3to2/2_0" slope="0.00"/>
        <vehicle id="24" x="398.35" y="296.04" angle="0.00" type="DEFAULT_VEHTYPE" speed="13.90" pos="99.21" lane="2/2to2/1_0" slope="0.00"/>
        <vehicle id="4" x="201.65" y="429.05" angle="180.00" type="DEFAULT_VEHTYPE" speed="13.88" pos="24.30" lane="1/2to1/3_0" slope="0.00"/>
        <vehicle id="5" x="401.65" y="670.97" angle="180.00" type="DEFAULT_VEHTYPE" speed="13.79" pos="66.22" lane="2/3to2/4_0" slope="0.00"/>
        <vehicle id="6" x="18.31" y="401.65" angle="-90.00" type="DEFAULT_VEHTYPE" speed="13.04" pos="176.94" lane="1/2to0/2_0" slope="0.00"/>
        <vehicle id="7" x="201.65" y="15.62" angle="180.00" type="DEFAULT_VEHTYPE" speed="13.64" pos="15.62" lane="1/0to1/1_0" slope="0.00"/>
        <vehicle id="8" x="679.39" y="598.35" angle="90.00" type="DEFAULT_VEHTYPE" speed="13.72" pos="74.64" lane="3/3to4/3_0" slope="0.00"/>
    </timestep>
    <timestep time="461.00">
        <vehicle id="0" x="401.65" y="630.64" angle="180.00" type="DEFAULT_VEHTYPE" speed="13.38" pos="25.89" lane="2/3to2/4_0" slope="0.00"/>
        <vehicle id="10" x="611.63" y="601.65" angle="-90.00" type="DEFAULT_VEHTYPE" speed="4.74" pos="188.37" lane="4/3to3/3_0" slope="0.00"/>
        <vehicle id="11" x="190.61" y="198.35" angle="90.00" type="DEFAULT_VEHTYPE" speed="3.60" pos="190.61" lane="0/1to1/1_0" slope="0.00"/>
        <vehicle id="12" x="398.35" y="773.97" angle="0.00" type="DEFAULT_VEHTYPE" speed="13.43" pos="26.03" lane="2/4to2/3_0" slope="0.00"/>
        <vehicle id="15" x="543.00" y="401.65" angle="-90.00" type="DEFAULT_VEHTYPE" speed="13.33" pos="52.25" lane="3/2to2/2_0" slope="0.00"/>
        <vehicle id="19" x="201.65" y="245.23" angle="180.00" type="DEFAULT_VEHTYPE" speed="13.81" pos="40.48" lane="1/1to1/2_0" slope="0.00"/>
        <vehicle id="2" x="398.35" y="326.71" angle="0.00" type="DEFAULT_VEHTYPE" speed="13.49" pos="68.54" lane="2/2to2/1_0" slope="0.00"/>
        <vehicle id="20" x="483.81" y="198.35" angle="90.00" type="DEFAULT_VEHTYPE" speed="13.05" pos="79.06" lane="2/1to3/1_0" slope="0.00"/>
        <vehicle id="23" x="398.35" y="435.91" angle="0.00" type="DEFAULT_VEHTYPE" speed="13.28" pos="159.34" lane="2/3to2/2_0" slope="0.00"/>
        <vehicle id="24" x="398.35" y="283.01" angle="0.00" type="DEFAULT_VEHTYPE" speed="13.04" pos="112.24" lane="2/2to2/1_0" slope="0.00"/>
        <vehicle id="4" x="201.65" y="442.10" angle="180.00" type="DEFAULT_VEHTYPE" speed="13.06" pos="37.35" lane="1/2to1/3_0" slope="0.00"/>
        <vehicle id="5" x="401.65" y="684.52" angle="180.00" type="DEFAULT_VEHTYPE" speed="13.55" pos="79.77" lane="2/3to2/4_0" slope="0.00"/>
        <vehicle id="6" x="4.50" y="401.65" angle="-90.00" type="DEFAULT_VEHTYPE" speed="13.81" pos="190.75" lane="1/2to0/2_0" slope="0.00"/>
        <vehicle id="7" x="201.65" y="28.95" angle="180.00" type="DEFAULT_VEHTYPE" speed="13.33" pos="28.95" lane="1/0to1/1_0" slope="0.00"/>
        <vehicle id="8" x="693.15" y="598.35" angle="90.00" type="DEFAULT_VEHTYPE" speed="13.76" pos="88.40" lane="3/3to4/3_0" slope="0.00"/>
    </timestep>
    <timestep time="462.00">
        <vehicle id="0" x="401.65" y="643.57" angle="180.00" type="DEFAULT_VEHTYPE" speed="12.93" pos="38.82" lane="2/3to2/4_0" slope="0.00"/>
        <vehicle id="10" x="604.76" y="601.65" angle="-90.00" type="DEFAULT_VEHTYPE" speed="6.87" pos="195.24" lane="4/3to3/3_0" slope="0.00"/>
        <vehicle id="11" x="196.31" y="198.20" angle="88.31" type="DEFAULT_VEHTYPE" speed="5.70" pos="1.07" lane=":1/1_12_0" slope="0.00"/>
        <vehicle id="12" x="398.35" y="761.30" angle="0.00" type="DEFAULT_VEHTYPE" speed="12.67" pos="38.70" lane="2/4to2/3_0" slope="0.00"/>
        <vehicle id="15" x="530.16" y="401.65" angle="-90.00" type="DEFAULT_VEHTYPE" speed="12.83" pos="65.09" lane="3/2to2/2_0" slope="0.00"/>
        <vehicle id="19" x="201.65" y="257.96" angle="180.00" type="DEFAULT_VEHTYPE" speed="12.73" pos="53.21" lane="1/1to1/2_0" slope="0.00"/>
        <vehicle id="2" x="398.35" y="313.91" angle="0.00" type="DEFAULT_VEHTYPE" speed="12.80" pos="81.34" lane="2/2to2/1_0" slope="0.00"/>
        <vehicle id="20" x="496.47" y="198.35" angle="90.00" type="DEFAULT_VEHTYPE" speed="12.66" pos="91.72" lane="2/1to3/1_0" slope="0.00"/>
        <vehicle id="23" x="398.35" y="423.20" angle="0.00" type="DEFAULT_VEHTYPE" speed="12.71" pos="172.05" lane="2/3to2/2_0" slope="0.00"/>
        <vehicle id="24" x="398.35" y="269.67" angle="0.00" type="DEFAULT_VEHTYPE" speed="13.34" pos="125.58" lane="2/2to2/1_0" slope="0.00"/>
        <vehicle id="4" x="201.65" y="455.55" angle="180.00" type="DEFAULT_VEHTYPE" speed="13.45" pos="50.80" lane="1/2to1/3_0" slope="0.00"/>
        <vehicle id="5" x="401.65" y="697.99" angle="180.00" type="DEFAULT_VEHTYPE" speed="13.47" pos="93.24" lane="2/3to2/4_0" slope="0.00"/>
        <vehicle id="6" x="4.21" y="398.35" angle="84.82" type="DEFAULT_VEHTYPE" speed="13.53" pos="4.21" lane="0/2to1/2_0" slope="0.00"/>
        <vehicle id="7" x="201.65" y="41.91" angle="180.00" type="DEFAULT_VEHTYPE" speed="12.96" pos="41.91" lane="1/0to1/1_0" slope="0.00"/>
        <vehicle id="8" x="706.00" y="598.35" angle="90.00" type="DEFAULT_VEHTYPE" speed="12.85" pos="101.25" lane="3/3to4/3_0" slope="0.00"/>
    </timestep>
    <timestep time="463.00">
        <vehicle id="0" x="401.65" y="656.92" angle="180.00" type="DEFAULT_VEHTYPE" speed="13.35" pos="52.17" lane="2/3to2/4_0" slope="0.00"/>
        <vehicle id="10" x="598.60" y="597.01" angle="-35.30" type="DEFAULT_VEHTYPE" speed="8.55" pos="8.54" lane=":3/3_6_0" slope="0.00"/>
        <vehicle id="11" x="198.35" y="190.95" angle="1.11" type="DEFAULT_VEHTYPE" speed="8.24" pos="4.30" lane="1/1to1/0_0" slope="0.00"/>
        <vehicle id="12" x="398.35" y="748.49" angle="0.00" type="DEFAULT_VEHTYPE" speed="12.82" pos="51.51" lane="2/4to2/3_0" slope="0.00"/>
        <vehicle id="15" x="516.55" y="401.65" angle="-90.00" type="DEFAULT_VEHTYPE" speed="13.61" pos="78.70" lane="3/2to2/2_0" slope="0.00"/>
        <vehicle id="19" x="201.65" y="271.46" angle="180.00" type="DEFAULT_VEHTYPE" speed="13.50" pos="66.71" lane="1/1to1/2_0" slope="0.00"/>
        <vehicle id="2" x="398.35" y="300.66" angle="0.00" type="DEFAULT_VEHTYPE" speed="13.26" pos="94.59" lane="2/2to2/1_0" slope="0.00"/>
        <vehicle id="20" x="509.99" y="198.35" angle="90.00" type="DEFAULT_VEHTYPE" speed="13.52" pos="105.24" lane="2/1to3/1_0" slope="0.00"/>
        <vehicle id="23" x="398.35" y="409.79" angle="0.00" type="DEFAULT_VEHTYPE" speed="13.41" pos="185.46" lane="2/3to2/2_0" slope="0.00"/>
        <vehicle id="24" x="398.35" y="256.89" angle="0.00" type="DEFAULT_VEHTYPE" speed="12.78" pos="138.36" lane="2/2to2/1_0" slope="0.00"/>
        <vehicle id="4" x="201.65" y="468.72" angle="180.00" type="DEFAULT_VEHTYPE" speed="13.17" pos="63.97" lane="1/2to1/3_0" slope="0.00"/>
        <vehicle id="5" x="401.65" y="711.09" angle="180.00" type="DEFAULT_VEHTYPE" speed="13.10" pos="106.34" lane="2/3to2/4_0" slope="0.00"/>
        <vehicle id="6" x="17.46" y="398.35" angle="90.00" type="DEFAULT_VEHTYPE" speed="13.25" pos="17.46" lane="0/2to1/2_0" slope="0.00"/>
        <vehicle id="7" x="201.65" y="54.84" angle="180.00" type="DEFAULT_VEHTYPE" speed="12.93" pos="54.84" lane="1/0to1/1_0" slope="0.00"/>
        <vehicle id="8" x="719.01" y="598.35" angle="90.00" type="DEFAULT_VEHTYPE" speed="13.00" pos="114.26" lane="3/3to4/3_0" slope="0.00"/>
    </timestep>
    <timestep time="464.00">
        <vehicle id="0" x="401.65" y="670.21" angle="180.00" type="DEFAULT_VEHTYPE" speed="13.29" pos="65.46" lane="2/3to2/4_0" slope="0.00"/>
        <vehicle id="10" x="598.35" y="586.58" angle="0.00" type="DEFAULT_VEHTYPE" speed="10.45" pos="8.67" lane="3/3to3/2_0" slope="0.00"/>
        <vehicle id="11" x="198.35" y="180.37" angle="0.00" type="DEFAULT_VEHTYPE" speed="10.58" pos="14.88" lane="1/1to1/0_0" slope="0.00"/>
        <vehicle id="12" x="398.35" y="735.55" angle="0.00" type="DEFAULT_VEHTYPE" speed="12.93" pos="64.45" lane="2/4to2/3_0" slope="0.00"/>
        <vehicle id="15" x="503.66" y="401.65" angle="-90.00" type="DEFAULT_VEHTYPE" speed="12.89" pos="91.59" lane="3/2to2/2_0" slope="0.00"/>
        <vehicle id="19" x="201.65" y="284.29" angle="180.00" type="DEFAULT_VEHTYPE" speed="12.83" pos="79.54" lane="1/1to1/2_0" slope="0.00"/>
        <vehicle id="2" x="398.35" y="287.38" angle="0.00" type="DEFAULT_VEHTYPE" speed="13.27" pos="107.87" lane="2/2to2/1_0" slope="0.00"/>
        <vehicle id="20" x="523.72" y="198.35" angle="90.00" type="DEFAULT_VEHTYPE" speed="13.73" pos="118.97" lane="2/1to3/1_0" slope="0.00"/>
        <vehicle id="23" x="392.63" y="401.65" angle="-81.67" type="DEFAULT_VEHTYPE" speed="12.66" pos="2.62" lane="2/2to1/2_0" slope="0.00"/>
        <vehicle id="24" x="398.35" y="243.95" angle="0.00" type="DEFAULT_VEHTYPE" speed="12.94" pos="151.30" lane="2/2to2/1_0" slope="0.00"/>
        <vehicle id="4" x="201.65" y="481.59" angle="180.00" type="DEFAULT_VEHTYPE" speed="12.88" pos="76.84" lane="1/2to1/3_0" slope="0.00"/>
        <vehicle id="5" x="401.65" y="724.93" angle="180.00" type="DEFAULT_VEHTYPE" speed="13.84" pos="120.18" lane="2/3to2/4_0" slope="0.00"/>
        <vehicle id="6" x="30.45" y="398.35" angle="90.00" type="DEFAULT_VEHTYPE" speed="13.00" pos="30.45" lane="0/2to1/2_0" slope="0.00"/>
        <vehicle id="7" x="201.65" y="67.99" angle="180.00" type="DEFAULT_VEHTYPE" speed="13.15" pos="67.99" lane="1/0to1/1_0" slope="0.00"/>
        <vehicle id="8" x="731.80" y="598.35" angle="90.00" type="DEFAULT_VEHTYPE" speed="12.79" pos="127.05" lane="3/3to4/3_0" slope="0.00"/>
    </timestep>
    <timestep time="465.00">
        <vehicle id="0" x="401.65" y="683.52" angle="180.00" type="DEFAULT_VEHTYPE" speed="13.31" pos="78.77" lane="2/3to2/4_0" slope="0.00"/>
        <vehicle id="10" x="598.35" y="574.50" angle="0.00" type="DEFAULT_VEHTYPE" speed="12.08" pos="20.75" lane="3/3to3/2_0" slope="0.00"/>
        <vehicle id="11" x="198.35" y="167.47" angle="0.00" type="DEFAULT_VEHTYPE" speed="12.91" pos="27.78" lane="1/1to1/0_0" slope="0.00"/>
        <vehicle id="12" x="398.35" y="721.79" angle="0.00" type="DEFAULT_VEHTYPE" speed="13.76" pos="78.21" lane="2/4to2/3_0" slope="0.00"/>
        <vehicle id="15" x="489.79" y="401.65" angle="-90.00" type="DEFAULT_VEHTYPE" speed="13.87" pos="105.46" lane="3/2to2/2_0" slope="0.00"/>
        <vehicle id="19" x="201.65" y="297.83" angle="180.00" type="DEFAULT_VEHTYPE" speed="13.54" pos="93.08" lane="1/1to1/2_0" slope="0.00"/>
        <vehicle id="2" x="398.35" y="273.97" angle="0.00" type="DEFAULT_VEHTYPE" speed="13.41" pos="121.28" lane="2/2to2/1_0" slope="0.00"/>
        <vehicle id="20" x="536.65" y="198.35" angle="90.00" type="DEFAULT_VEHTYPE" speed="12.93" pos="131.90" lane="2/1to3/1_0" slope="0.00"/>
        <vehicle id="23" x="379.77" y="401.65" angle="-90.00" type="DEFAULT_VEHTYPE" speed="12.86" pos="15.48" lane="2/2to1/2_0" slope="0.00"/>
        <vehicle id="24" x="398.35" y="230.77" angle="0.00" type="DEFAULT_VEHTYPE" speed="13.18" pos="164.48" lane="2/2to2/1_0" slope="0.00"/>
        <vehicle id="4" x="201.65" y="494.90" angle="180.00" type="DEFAULT_VEHTYPE" speed="13.31" pos="90.15" lane="1/2to1/3_0" slope="0.00"/>
        <vehicle id="5" x="401.65" y="738.16" angle="180.00" type="DEFAULT_VEHTYPE" speed="13.23" pos="133.41" lane="2/3to2/4_0" slope="0.00"/>
        <vehicle id="6" x="44.15" y="398.35" angle="90.00" type="DEFAULT_VEHTYPE" speed="13.69" pos="44.15" lane="0/2to1/2_0" slope="0.00"/>
        <vehicle id="7" x="201.65" y="81.54" angle="180.00" type="DEFAULT_VEHTYPE" speed="13.55" pos="81.54" lane="1/0to1/1_0" slope="0.00"/>
        <vehicle id="8" x="744.84" y="598.35" angle="90.00" type="DEFAULT_VEHTYPE" speed="13.04" pos="140.09" lane="3/3to4/3_0" slope="0.00"/>
    </timestep>
    <timestep time="466.00">
        <vehicle id="0" x="401.65" y="697.28" angle="180.00" type="DEFAULT_VEHTYPE" speed="13.75" pos="92.53" lane="2/3to2/4_0" slope="0.00"/>
        <vehicle id="10" x="598.35" y="561.08" angle="0.00" type="DEFAULT_VEHTYPE" speed="13.42" pos="34.17" lane="3/3to3/2_0" slope="0.00"/>
        <vehicle id="11" x="198.35" y="154.77" angle="0.00" type="DEFAULT_VEHTYPE" speed="12.70" pos="40.48" lane="1/1to1/0_0" slope="0.00"/>
        <vehicle id="12" x="398.35" y="708.06" angle="0.00" type="DEFAULT_VEHTYPE" speed="13.74" pos="91.94" lane="2/4to2/3_0" slope="0.00"/>
        <vehicle id="15" x="476.42" y="401.65" angle="-90.00" type="DEFAULT_VEHTYPE" speed="13.37" pos="118.83" lane="3/2to2/2_0" slope="0.00"/>
        <vehicle id="19" x="201.65" y="311.42" angle="180.00" type="DEFAULT_VEHTYPE" speed="13.59" pos="106.67" lane="1/1to1/2_0" slope="0.00"/>
        <vehicle id="2" x="398.35" y="260.99" angle="0.00" type="DEFAULT_VEHTYPE" speed="12.98" pos="134.26" lane="2/2to2/1_0" slope="0.00"/>
        <vehicle id="20" x="549.52" y="198.35" angle="90.00" type="DEFAULT_VEHTYPE" speed="12.87" pos="144.77" lane="2/1to3/1_0" slope="0.00"/>
        <vehicle id="23" x="366.95" y="401.65" angle="-90.00" type="DEFAULT_VEHTYPE" speed="12.82" pos="28.30" lane="2/2to1/2_0" slope="0.00"/>
        <vehicle id="24" x="398.35" y="218.03" angle="0.00" type="DEFAULT_VEHTYPE" speed="12.74" pos="177.22" lane="2/2to2/1_0" slope="0.00"/>
        <vehicle id="4" x="201.65" y="507.76" angle="180.00" type="DEFAULT_VEHTYPE" speed="12.86" pos="103.01" lane="1/2to1/3_0" slope="0.00"/>
        <vehicle id="5" x="401.65" y="751.68" angle="180.00" type="DEFAULT_VEHTYPE" speed="13.52" pos="146.93" lane="2/3to2/4_0" slope="0.00"/>
        <vehicle id="6" x="57.07" y="398.35" angle="90.00" type="DEFAULT_VEHTYPE" speed="12.92" pos="57.07" lane="0/2to1/2_0" slope="0.00"/>
        <vehicle id="7" x="201.65" y="95.17" angle="180.00" type="DEFAULT_VEHTYPE" speed="13.63" pos="95.17" lane="1/0to1/1_0" slope="0.00"/>
        <vehicle id="8" x="758.11" y="598.35" angle="90.00" type="DEFAULT_VEHTYPE" speed="13.27" pos="153.36" lane="3/3to4/3_0" slope="0.00"/>
    </timestep>
    <timestep time="467.00">
        <vehicle id="0" x="401.65" y="710.31" angle="180.00" type="DEFAULT_VEHTYPE" speed="13.03" pos="105.56" lane="2/3to2/4_0" slope="0.00"/>
        <vehicle id="10" x="598.35" y="548.28" angle="0.00" type="DEFAULT_VEHTYPE" speed="12.80" pos="46.97" lane="3/3to3/2_0" slope="0.00"/>
        <vehicle id="11" x="198.35" y="141.43" angle="0.00" type="DEFAULT_VEHTYPE" speed="13.34" pos="53.82" lane="1/1to1/0_0" slope="0.00"/>
        <vehicle id="12" x="398.35" y="694.44" angle="0.00" type="DEFAULT_VEHTYPE" speed="13.61" pos="105.56" lane="2/4to2/3_0" slope="0.00"/>
        <vehicle id="15" x="462.61" y="401.65" angle="-90.00" type="DEFAULT_VEHTYPE" speed="13.81" pos="132.64" lane="3/2to2/2_0" slope="0.00"/>
        <vehicle id="19" x="201.65" y="324.31" angle="180.00" type="DEFAULT_VEHTYPE" speed="12.89" pos="119.56" lane="1/1to1/2_0" slope="0.00"/>
        <vehicle id="2" x="398.35" y="247.13" angle="0.00" type="DEFAULT_VEHTYPE" speed="13.86" pos="148.12" lane="2/2to2/1_0" slope="0.00"/>
        <vehicle id="20" x="562.64" y="198.35" angle="90.00" type="DEFAULT_VEHTYPE" speed="13.12" pos="157.89" lane="2/1to3/1_0" slope="0.00"/>
        <vehicle id="23" x="353.24" y="401.65" angle="-90.00" type="DEFAULT_VEHTYPE" speed="13.71" pos="42.01" lane="2/2to1/2_0" slope="0.00"/>
        <vehicle id="24" x="398.35" y="205.11" angle="0.00" type="DEFAULT_VEHTYPE" speed="12.92" pos="190.14" lane="2/2to2/1_0" slope="0.00"/>
        <vehicle id="4" x="201.65" y="521.66" angle="180.00" type="DEFAULT_VEHTYPE" speed="13.90" pos="116.91" lane="1/2to1/3_0" slope="0.00"/>
        <vehicle id="5" x="401.65" y="764.45" angle="180.00" type="DEFAULT_VEHTYPE" speed="12.77" pos="159.70" lane="2/3to2/4_0" slope="0.00"/>
        <vehicle id="6" x="70.78" y="398.35" angle="90.00" type="DEFAULT_VEHTYPE" speed="13.71" pos="70.78" lane="0/2to1/2_0" slope="0.00"/>
        <vehicle id="7" x="201.65" y="108.51" angle="180.00" type="DEFAULT_VEHTYPE" speed="13.35" pos="108.51" lane="1/0to1/1_0" slope="0.00"/>
        <vehicle id="8" x="771.68" y="598.35" angle="90.00" type="DEFAULT_VEHTYPE" speed="13.57" pos="166.93" lane="3/3to4/3_0" slope="0.00"/>
    </timestep>
    <timestep time="468.00">
        <vehicle id="0" x="401.65" y="723.35" angle="180.00" type="DEFAULT_VEHTYPE" speed="13.04" pos="118.60" lane="2/3to2/4_0" slope="0.00"/>
        <vehicle id="10" x="598.35" y="535.66" angle="0.00" type="DEFAULT_VEHTYPE" speed="12.62" pos="59.59" lane="3/3to3/2_0" slope="0.00"/>
        <vehicle id="11" x="198.35" y="128.57" angle="0.00" type="DEFAULT_VEHTYPE" speed="12.86" pos="66.68" lane="1/1to1/0_0" slope="0.00"/>
        <vehicle id="12" x="398.35" y="681.61" angle="0.00" type="DEFAULT_VEHTYPE" speed="12.84" pos="118.39" lane="2/4to2/3_0" slope="0.00"/>
        <vehicle id="15" x="449.60" y="401.65" angle="-90.00" type="DEFAULT_VEHTYPE" speed="13.01" pos="145.65" lane="3/2to2/2_0" slope="0.00"/>
        <vehicle id="19" x="201.65" y="337.78" angle="180.00" type="DEFAULT_VEHTYPE" speed="13.47" pos="133.03" lane="1/1to1/2_0" slope="0.00"/>
        <vehicle id="2" x="398.35" y="233.85" angle="0.00" type="DEFAULT_VEHTYPE" speed="13.28" pos="161.40" lane="2/2to2/1_0" slope="0.00"/>
        <vehicle id="20" x="575.00" y="198.35" angle="90.00" type="DEFAULT_VEHTYPE" speed="12.36" pos="170.25" lane="2/1to3/1_0" slope="0.00"/>
        <vehicle id="23" x="340.64" y="401.65" angle="-90.00" type="DEFAULT_VEHTYPE" speed="12.60" pos="54.61" lane="2/2to1/2_0" slope="0.00"/>
        <vehicle id="24" x="387.10" y="201.65" angle="-90.00" type="DEFAULT_VEHTYPE" speed="13.51" pos="8.15" lane="2/1to1/1_0" slope="0.00"/>
        <vehicle id="4" x="201.65" y="534.39" angle="180.00" type="DEFAULT_VEHTYPE" speed="12.73" pos="129.64" lane="1/2to1/3_0" slope="0.00"/>
        <vehicle id="5" x="401.65" y="777.50" angle="180.00" type="DEFAULT_VEHTYPE" speed="13.05" pos="172.75" lane="2/3to2/4_0" slope="0.00"/>
        <vehicle id="6" x="83.61" y="398.35" angle="90.00" type="DEFAULT_VEHTYPE" speed="12.83" pos="83.61" lane="0/2to1/2_0" slope="0.00"/>
        <vehicle id="7" x="201.65" y="121.88" angle="180.00" type="DEFAULT_VEHTYPE" speed="13.37" pos="121.88" lane="1/0to1/1_0" slope="0.00"/>
        <vehicle id="8" x="784.39" y="598.35" angle="90.00" type="DEFAULT_VEHTYPE" speed="12.71" pos="179.64" lane="3/3to4/3_0" slope="0.00"/>
    </timestep>
    <timestep time="469.00">
        <vehicle id="0" x="401.65" y="737.00" angle="180.00" type="DEFAULT_VEHTYPE" speed="13.65" pos="132.25" lane="2/3to2/4_0" slope="0.00"/>
        <vehicle id="10" x="598.35" y="522.23" angle="0.00" type="DEFAULT_VEHTYPE" speed="13.43" pos="73.02" lane="3/3to3/2_0" slope="0.00"/>
        <vehicle id="11" x="198.35" y="115.82" angle="0.00" type="DEFAULT_VEHTYPE" speed="12.75" pos="79.43" lane="1/1to1/0_0" slope="0.00"/>
        <vehicle id="12" x="398.35" y="668.00" angle="0.00" type="DEFAULT_VEHTYPE" speed="13.60" pos="132.00" lane="2/4to2/3_0" slope="0.00"/>
        <vehicle id="15" x="436.44" y="401.65" angle="-90.00" type="DEFAULT_VEHTYPE" speed="13.16" pos="158.81" lane="3/2to2/2_0" slope="0.00"/>
        <vehicle id="19" x="201.65" y="351.27" angle="180.00" type="DEFAULT_VEHTYPE" speed="13.50" pos="146.52" lane="1/1to1/2_0" slope="0.00"/>
        <vehicle id="2" x="398.35" y="220.18" angle="0.00" type="DEFAULT_VEHTYPE" speed="13.67" pos="175.07" lane="2/2to2/1_0" slope="0.00"/>
        <vehicle id="20" x="583.80" y="198.35" angle="90.00" type="DEFAULT_VEHTYPE" speed="8.80" pos="179.05" lane="2/1to3/1_0" slope="0.00"/>
        <vehicle id="23" x="327.29" y="401.65" angle="-90.00" type="DEFAULT_VEHTYPE" speed="13.34" pos="67.96" lane="2/2to1/2_0" slope="0.00"/>
        <vehicle id="24" x="374.05" y="201.65" angle="-90.00" type="DEFAULT_VEHTYPE" speed="13.05" pos="21.20" lane="2/1to1/1_0" slope="0.00"/>
        <vehicle id="4" x="201.65" y="548.03" angle="180.00" type="DEFAULT_VEHTYPE" speed="13.64" pos="143.28" lane="1/2to1/3_0" slope="0.00"/>
        <vehicle id="5" x="401.65" y="790.49" angle="180.00" type="DEFAULT_VEHTYPE" speed="12.99" pos="185.74" lane="2/3to2/4_0" slope="0.00"/>
        <vehicle id="6" x="96.55" y="398.35" angle="90.00" type="DEFAULT_VEHTYPE" speed="12.93" pos="96.55" lane="0/2to1/2_0" slope="0.00"/>
        <vehicle id="7" x="201.65" y="135.37" angle="180.00" type="DEFAULT_VEHTYPE" speed="13.49" pos="135.37" lane="1/0to1/1_0" slope="0.00"/>
        <vehicle id="8" x="797.93" y="598.35" angle="90.00" type="DEFAULT_VEHTYPE" speed="13.54" pos="193.18" lane="3/3to4/3_0" slope="0.00"/>
    </timestep>
    <timestep time="470.00">
        <vehicle id="0" x="401.65" y="750.32" angle="180.00" type="DEFAULT_VEHTYPE" speed="13.32" pos="145.57" lane="2/3to2/4_0" slope="0.00"/>
        <vehicle id="10" x="598.35" y="508.85" angle="0.00" type="DEFAULT_VEHTYPE" speed="13.38" pos="86.40" lane="3/3to3/2_0" slope="0.00"/>
        <vehicle id="11" x="198.35" y="102.75" angle="0.00" type="DEFAULT_VEHTYPE" speed="13.08" pos="92.50" lane="1/1to1/0_0" slope="0.00"/>
        <vehicle id="12" x="398.35" y="654.38" angle="0.00" type="DEFAULT_VEHTYPE" speed="13.62" pos="145.62" lane="2/4to2/3_0" slope="0.00"/>
        <vehicle id="15" x="424.57" y="401.65" angle="-90.00" type="DEFAULT_VEHTYPE" speed="11.88" pos="170.68" lane="3/2to2/2_0" slope="0.00"/>
        <vehicle id="19" x="201.65" y="365.11" angle="180.00" type="DEFAULT_VEHTYPE" speed="13.84" pos="160.36" lane="1/1to1/2_0" slope="0.00"/>
        <vehicle id="2" x="398.35" y="207.34" angle="0.00" type="DEFAULT_VEHTYPE" speed="12.84" pos="187.91" lane="2/2to2/1_0" slope="0.00"/>
        <vehicle id="20" x="588.51" y="198.35" angle="90.00" type="DEFAULT_VEHTYPE" speed="4.71" pos="183.76" lane="2/1to3/1_0" slope="0.00"/>
        <vehicle id="23" x="314.55" y="401.65" angle="-90.00" type="DEFAULT_VEHTYPE" speed="12.75" pos="80.70" lane="2/2to1/2_0" slope="0.00"/>
        <vehicle id="24" x="360.63" y="201.65" angle="-90.00" type="DEFAULT_VEHTYPE" speed="13.42" pos="34.62" lane="2/1to1/1_0" slope="0.00"/>
        <vehicle id="4" x="201.65" y="560.65" angle="180.00" type="DEFAULT_VEHTYPE" speed="12.61" pos="155.90" lane="1/2to1/3_0" slope="0.00"/>
        <vehicle id="5" x="399.04" y="801.04" angle="-133.43" type="DEFAULT_VEHTYPE" speed="13.08" pos="3.57" lane=":2/4_0_0" slope="0.00"/>
        <vehicle id="6" x="110.34" y="398.35" angle="90.00" type="DEFAULT_VEHTYPE" speed="13.79" pos="110.34" lane="0/2to1/2_0" slope="0.00"/>
        <vehicle id="7" x="201.65" y="148.88" angle="180.00" type="DEFAULT_VEHTYPE" speed="13.51" pos="148.88" lane="1/0to1/1_0" slope="0.00"/>
        <vehicle id="8" x="793.20" y="601.65" angle="-90.00" type="DEFAULT_VEHTYPE" speed="13.69" pos="6.80" lane="4/3to3/3_0" slope="0.00"/>
    </timestep>
    <timestep time="471.00">
        <vehicle id="0" x="401.65" y="763.03" angle="180.00" type="DEFAULT_VEHTYPE" speed="12.71" pos="158.28" lane="2/3to2/4_0" slope="0.00"/>
        <vehicle id="10" x="598.35" y="496.03" angle="0.00" type="DEFAULT_VEHTYPE" speed="12.82" pos="99.22" lane="3/3to3/2_0" slope="0.00"/>
        <vehicle id="11" x="198.35" y="89.57" angle="0.00" type="DEFAULT_VEHTYPE" speed="13.17" pos="105.68" lane="1/1to1/0_0" slope="0.00"/>
        <vehicle id="12" x="398.35" y="641.30" angle="0.00" type="DEFAULT_VEHTYPE" speed="13.08" pos="158.70" lane="2/4to2/3_0" slope="0.00"/>
        <vehicle id="15" x="416.91" y="401.65" angle="-90.00" type="DEFAULT_VEHTYPE" speed="7.65" pos="178.34" lane="3/2to2/2_0" slope="0.00"/>
        <vehicle id="19" x="201.65" y="378.61" angle="180.00" type="DEFAULT_VEHTYPE" speed="13.50" pos="173.86" lane="1/1to1/2_0" slope="0.00"/>
        <vehicle id="2" x="398.35" y="194.16" angle="0.00" type="DEFAULT_VEHTYPE" speed="13.18" pos="1.09" lane="2/1to2/0_0" slope="0.00"/>
        <vehicle id="20" x="595.50" y="198.39" angle="90.41" type="DEFAULT_VEHTYPE" speed="7.00" pos="0.25" lane=":3/1_14_0" slope="0.00"/>
        <vehicle id="23" x="301.11" y="401.65" angle="-90.00" type="DEFAULT_VEHTYPE" speed="13.43" pos="94.14" lane="2/2to1/2_0" slope="0.00"/>
        <vehicle id="24" x="346.98" y="201.65" angle="-90.00" type="DEFAULT_VEHTYPE" speed="13.65" pos="48.27" lane="2/1to1/1_0" slope="0.00"/>
        <vehicle id="4" x="201.65" y="573.26" angle="180.00" type="DEFAULT_VEHTYPE" speed="12.62" pos="168.51" lane="1/2to1/3_0" slope="0.00"/>
        <vehicle id="5" x="398.35" y="788.12" angle="0.00" type="DEFAULT_VEHTYPE" speed="13.13" pos="11.88" lane="2/4to2/3_0" slope="0.00"/>
        <vehicle id="6" x="123.72" y="398.35" angle="90.00" type="DEFAULT_VEHTYPE" speed="13.38" pos="123.72" lane="0/2to1/2_0" slope="0.00"/>
        <vehicle id="7" x="201.65" y="161.59" angle="180.00" type="DEFAULT_VEHTYPE" speed="12.71" pos="161.59" lane="1/0to1/1_0" slope="0.00"/>
        <vehicle id="8" x="780.05" y="601.65" angle="-90.00" type="DEFAULT_VEHTYPE" speed="13.15" pos="19.95" lane="4/3to3/3_0" slope="0.00"/>
    </timestep>
    <timestep time="472.00">
        <vehicle id="0" x="401.65" y="775.75" angle="180.00" type="DEFAULT_VEHTYPE" speed="12.72" pos="171.00" lane="2/3to2/4_0" slope="0.00"/>
        <vehicle id="10" x="598.35" y="482.28" angle="0.00" type="DEFAULT_VEHTYPE" speed="13.75" pos="112.97" lane="3/3to3/2_0" slope="0.00"/>
        <vehicle id="11" x="198.35" y="75.92" angle="0.00" type="DEFAULT_VEHTYPE" speed="13.66" pos="119.33" lane="1/1to1/0_0" slope="0.00"/>
        <vehicle id="12" x="398.35" y="628.56" angle="0.00" type="DEFAULT_VEHTYPE" speed="12.74" pos="171.44" lane="2/4to2/3_0" slope="0.00"/>
        <vehicle id="15" x="411.76" y="401.65" angle="-90.00" type="DEFAULT_VEHTYPE" speed="5.15" pos="183.49" lane="3/2to2/2_0" slope="0.00"/>
        <vehicle id="19" x="201.65" y="392.41" angle="180.00" type="DEFAULT_VEHTYPE" speed="13.80" pos="187.66" lane="1/1to1/2_0" slope="0.00"/>
        <vehicle id="2" x="398.35" y="181.51" angle="0.00" type="DEFAULT_VEHTYPE" speed="12.64" pos="13.74" lane="2/1to2/0_0" slope="0.00"/>
        <vehicle id="20" x="601.52" y="203.87" angle="153.95" type="DEFAULT_VEHTYPE" speed="9.18" pos="9.43" lane=":3/1_14_0" slope="0.00"/>
        <vehicle id="23" x="288.13" y="401.65" angle="-90.00" type="DEFAULT_VEHTYPE" speed="12.98" pos="107.12" lane="2/2to1/2_0" slope="0.00"/>
        <vehicle id="24" x="333.41" y="201.65" angle="-90.00" type="DEFAULT_VEHTYPE" speed="13.57" pos="61.84" lane="2/1to1/1_0" slope="0.00"/>
        <vehicle id="4" x="201.65" y="586.00" angle="180.00" type="DEFAULT_VEHTYPE" speed="12.73" pos="181.25" lane="1/2to1/3_0" slope="0.00"/>
        <vehicle id="5" x="398.35" y="775.39" angle="0.00" type="DEFAULT_VEHTYPE" speed="12.72" pos="24.61" lane="2/4to2/3_0" slope="0.00"/>
        <vehicle id="6" x="136.61" y="398.35" angle="90.00" type="DEFAULT_VEHTYPE" speed="12.89" pos="136.61" lane="0/2to1/2_0" slope="0.00"/>
        <vehicle id="7" x="201.65" y="174.65" angle="180.00" type="DEFAULT_VEHTYPE" speed="13.05" pos="174.65" lane="1/0to1/1_0" slope="0.00"/>
        <vehicle id="8" x="767.14" y="601.65" angle="-90.00" type="DEFAULT_VEHTYPE" speed="12.91" pos="32.86" lane="4/3to3/3_0" slope="0.00"/>
    </timestep>
    <timestep time="473.00">
        <vehicle id="0" x="401.65" y="788.36" angle="180.00" type="DEFAULT_VEHTYPE" speed="12.61" pos="183.61" lane="2/3to2/4_0" slope="0.00"/>
        <vehicle id="10" x="598.35" y="469.61" angle="0.00" type="DEFAULT_VEHTYPE" speed="12.67" pos="125.64" lane="3/3to3/2_0" slope="0.00"/>
        <vehicle id="11" x="198.35" y="63.21" angle="0.00" type="DEFAULT_VEHTYPE" speed="12.70" pos="132.04" lane="1/1to1/0_0" slope="0.00"/>
        <vehicle id="12" x="398.35" y="615.06" angle="0.00" type="DEFAULT_VEHTYPE" speed="13.50" pos="184.94" lane="2/4to2/3_0" slope="0.00"/>
        <vehicle id="15" x="408.67" y="401.65" angle="-90.00" type="DEFAULT_VEHTYPE" speed="3.10" pos="186.58" lane="3/2to2/2_0" slope="0.00"/>
        <vehicle id="19" x="201.65" y="406.25" angle="180.00" type="DEFAULT_VEHTYPE" speed="13.84" pos="1.50" lane="1/2to1/3_0" slope="0.00"/>
        <vehicle id="2" x="398.35" y="167.96" angle="0.00" type="DEFAULT_VEHTYPE" speed="13.56" pos="27.29" lane="2/1to2/0_0" slope="0.00"/>
        <vehicle id="20" x="601.65" y="214.46" angle="180.00" type="DEFAULT_VEHTYPE" speed="10.60" pos="9.71" lane="3/1to3/2_0" slope="0.00"/>
        <vehicle id="23" x="274.88" y="401.65" angle="-90.00" type="DEFAULT_VEHTYPE" speed="13.25" pos="120.37" lane="2/2to1/2_0" slope="0.00"/>
        <vehicle id="24" x="319.64" y="201.65" angle="-90.00" type="DEFAULT_VEHTYPE" speed="13.77" pos="75.61" lane="2/1to1/1_0" slope="0.00"/>
        <vehicle id="4" x="204.21" y="598.27" angle="144.44" type="DEFAULT_VEHTYPE" speed="13.71" pos="4.45" lane=":1/3_8_0" slope="0.00"/>
        <vehicle id="5" x="398.35" y="761.79" angle="0.00" type="DEFAULT_VEHTYPE" speed="13.60" pos="38.21" lane="2/4to2/3_0" slope="0.00"/>
        <vehicle id="6" x="149.78" y="398.35" angle="90.00" type="DEFAULT_VEHTYPE" speed="13.17" pos="149.78" lane="0/2to1/2_0" slope="0.00"/>
        <vehicle id="7" x="201.65" y="188.05" angle="180.00" type="DEFAULT_VEHTYPE" speed="13.41" pos="188.05" lane="1/0to1/1_0" slope="0.00"/>
        <vehicle id="8" x="753.26" y="601.65" angle="-90.00" type="DEFAULT_VEHTYPE" speed="13.88" pos="46.74" lane="4/3to3/3_0" slope="0.00"/>
    </timestep>
    <timestep time="474.00">
        <vehicle id="0" x="400.32" y="801.49" angle="-163.36" type="DEFAULT_VEHTYPE" speed="13.69" pos="2.05" lane=":2/4_0_0" slope="0.00"/>
        <vehicle id="10" x="598.35" y="455.96" angle="0.00" type="DEFAULT_VEHTYPE" speed="13.65" pos="139.29" lane="3/3to3/2_0" slope="0.00"/>
        <vehicle id="11" x="198.35" y="49.74" angle="0.00" type="DEFAULT_VEHTYPE" speed="13.47" pos="145.51" lane="1/1to1/0_0" slope="0.00"/>
        <vehicle id="12" x="398.35" y="602.28" angle="0.00" type="DEFAULT_VEHTYPE" speed="12.78" pos="2.47" lane=":2/3_1_0" slope="0.00"/>
        <vehicle id="15" x="404.20" y="401.57" angle="-89.10" type="DEFAULT_VEHTYPE" speed="4.47" pos="0.55" lane=":2/2_6_0" slope="0.00"/>
        <vehicle id="19" x="201.65" y="419.94" angle="180.00" type="DEFAULT_VEHTYPE" speed="13.70" pos="15.19" lane="1/2to1/3_0" slope="0.00"/>
        <vehicle id="2" x="398.35" y="154.76" angle="0.00" type="DEFAULT_VEHTYPE" speed="13.19" pos="40.49" lane="2/1to2/0_0" slope="0.00"/>
        <vehicle id="20" x="601.65" y="227.41" angle="180.00" type="DEFAULT_VEHTYPE" speed="12.95" pos="22.66" lane="3/1to3/2_0" slope="0.00"/>
        <vehicle id="23" x="262.13" y="401.65" angle="-90.00" type="DEFAULT_VEHTYPE" speed="12.75" pos="133.12" lane="2/2to1/2_0" slope="0.00"/>
        <vehicle id="24" x="305.75" y="201.65" angle="-90.00" type="DEFAULT_VEHTYPE" speed="13.89" pos="89.50" lane="2/1to1/1_0" slope="0.00"/>
        <vehicle id="4" x="217.31" y="598.35" angle="90.00" type="DEFAULT_VEHTYPE" speed="13.10" pos="12.56" lane="1/3to2/3_0" slope="0.00"/>
        <vehicle id="5" x="398.35" y="747.95" angle="0.00" type="DEFAULT_VEHTYPE" speed="13.84" pos="52.05" lane="2/4to2/3_0" slope="0.00"/>
        <vehicle id="6" x="162.92" y="398.35" angle="90.00" type="DEFAULT_VEHTYPE" speed="13.14" pos="162.92" lane="0/2to1/2_0" slope="0.00"/>
        <vehicle id="7" x="205.99" y="198.35" angle="114.22" type="DEFAULT_VEHTYPE" speed="13.43" pos="1.24" lane="1/1to2/1_0" slope="0.00"/>
        <vehicle id="8" x="740.32" y="601.65" angle="-90.00" type="DEFAULT_VEHTYPE" speed="12.94" pos="59.68" lane="4/3to3/3_0" slope="0.00"/>
    </timestep>
    <timestep time="475.00">
        <vehicle id="0" x="398.35" y="789.12" angle="0.00" type="DEFAULT_VEHTYPE" speed="13.65" pos="10.88" lane="2/4to2/3_0" slope="0.00"/>
        <vehicle id="10" x="598.35" y="443.15" angle="0.00" type="DEFAULT_VEHTYPE" speed="12.82" pos="152.10" lane="3/3to3/2_0" slope="0.00"/>
        <vehicle id="11" x="198.35" y="36.94" angle="0.00" type="DEFAULT_VEHTYPE" speed="12.80" pos="158.31" lane="1/1to1/0_0" slope="0.00"/>
        <vehicle id="12" x="398.35" y="589.62" angle="0.00" type="DEFAULT_VEHTYPE" speed="12.66" pos="5.63" lane="2/3to2/2_0" slope="0.00"/>
        <vehicle id="15" x="399.24" y="398.87" angle="-57.30" type="DEFAULT_VEHTYPE" speed="5.98" pos="6.53" lane=":2/2_6_0" slope="0.00"/>
        <vehicle id="19" x="201.65" y="433.23" angle="180.00" type="DEFAULT_VEHTYPE" speed="13.28" pos="28.48" lane="1/2to1/3_0" slope="0.00"/>
        <vehicle id="2" x="398.35" y="140.94" angle="0.00" type="DEFAULT_VEHTYPE" speed="13.83" pos="54.31" lane="2/1to2/0_0" slope="0.00"/>
        <vehicle id="20" x="601.65" y="240.23" angle="180.00" type="DEFAULT_VEHTYPE" speed="12.82" pos="35.48" lane="3/1to3/2_0" slope="0.00"/>
        <vehicle id="23" x="248.58" y="401.65" angle="-90.00" type="DEFAULT_VEHTYPE" speed="13.55" pos="146.67" lane="2/2to1/2_0" slope="0.00"/>
        <vehicle id="24" x="292.44" y="201.65" angle="-90.00" type="DEFAULT_VEHTYPE" speed="13.30" pos="102.81" lane="2/1to1/1_0" slope="0.00"/>
        <vehicle id="4" x="230.77" y="598.35" angle="90.00" type="DEFAULT_VEHTYPE" speed="13.47" pos="26.02" lane="1/3to2/3_0" slope="0.00"/>
        <vehicle id="5" x="398.35" y="734.64" angle="0.00" type="DEFAULT_VEHTYPE" speed="13.31" pos="65.36" lane="2/4to2/3_0" slope="0.00"/>
        <vehicle id="6" x="175.06" y="398.35" angle="90.00" type="DEFAULT_VEHTYPE" speed="12.14" pos="175.06" lane="0/2to1/2_0" slope="0.00"/>
        <vehicle id="7" x="219.37" y="198.35" angle="90.00" type="DEFAULT_VEHTYPE" speed="13.38" pos="14.62" lane="1/1to2/1_0" slope="0.00"/>
        <vehicle id="8" x="726.66" y="601.65" angle="-90.00" type="DEFAULT_VEHTYPE" speed="13.66" pos="73.34" lane="4/3to3/3_0" slope="0.00"/>
    </timestep>
    <timestep time="476.00">
        <vehicle id="0" x="398.35" y="775.70" angle="0.00" type="DEFAULT_VEHTYPE" speed="13.41" pos="24.30" lane="2/4to2/3_0" slope="0.00"/>
        <vehicle id="10" x="598.35" y="429.41" angle="0.00" type="DEFAULT_VEHTYPE" speed="13.73" pos="165.84" lane="3/3to3/2_0" slope="0.00"/>
        <vehicle id="11" x="198.35" y="23.29" angle="0.00" type="DEFAULT_VEHTYPE" speed="13.65" pos="171.96" lane="1/1to1/0_0" slope="0.00"/>
        <vehicle id="12" x="398.35" y="575.93" angle="0.00" type="DEFAULT_VEHTYPE" speed="13.70" pos="19.32" lane="2/3to2/2_0" slope="0.00"/>
        <vehicle id="15" x="398.35" y="391.24" angle="-1.61" type="DEFAULT_VEHTYPE" speed="7.80" pos="4.01" lane="2/2to2/1_0" slope="0.00"/>
        <vehicle id="19" x="201.65" y="446.75" angle="180.00" type="DEFAULT_VEHTYPE" speed="13.52" pos="42.00" lane="1/2to1/3_0" slope="0.00"/>
        <vehicle id="2" x="398.35" y="127.14" angle="0.00" type="DEFAULT_VEHTYPE" speed="13.79" pos="68.11" lane="2/1to2/0_0" slope="0.00"/>
        <vehicle id="20" x="601.65" y="252.99" angle="180.00" type="DEFAULT_VEHTYPE" speed="12.76" pos="48.24" lane="3/1to3/2_0" slope="0.00"/>
        <vehicle id="23" x="235.84" y="401.65" angle="-90.00" type="DEFAULT_VEHTYPE" speed="12.74" pos="159.41" lane="2/2to1/2_0" slope="0.00"/>
        <vehicle id="24" x="278.87" y="201.65" angle="-90.00" type="DEFAULT_VEHTYPE" speed="13.57" pos="116.38" lane="2/1to1/1_0" slope="0.00"/>
        <vehicle id="4" x="243.45" y="598.35" angle="90.00" type="DEFAULT_VEHTYPE" speed="12.67" pos="38.70" lane="1/3to2/3_0" slope="0.00"/>
        <vehicle id="5" x="398.35" y="721.85" angle="0.00" type="DEFAULT_VEHTYPE" speed="12.79" pos="78.15" lane="2/4to2/3_0" slope="0.00"/>
        <vehicle id="6" x="182.84" y="398.35" angle="90.00" type="DEFAULT_VEHTYPE" speed="7.78" pos="182.84" lane="0/2to1/2_0" slope="0.00"/>
        <vehicle id="7" x="232.52" y="198.35" angle="90.00" type="DEFAULT_VEHTYPE" speed="13.15" pos="27.77" lane="1/1to2/1_0" slope="0.00"/>
        <vehicle id="8" x="712.96" y="601.65" angle="-90.00" type="DEFAULT_VEHTYPE" speed="13.70" pos="87.04" lane="4/3to3/3_0" slope="0.00"/>
    </timestep>
    <timestep time="477.00">
        <vehicle id="0" x="398.35" y="762.08" angle="0.00" type="DEFAULT_VEHTYPE" speed="13.62" pos="37.92" lane="2/4to2/3_0" slope="0.00"/>
        <vehicle id="10" x="598.35" y="415.75" angle="0.00" type="DEFAULT_VEHTYPE" speed="13.67" pos="179.50" lane="3/3to3/2_0" slope="0.00"/>
        <vehicle id="11" x="198.35" y="10.02" angle="0.00" type="DEFAULT_VEHTYPE" speed="13.28" pos="185.23" lane="1/1to1/0_0" slope="0.00"/>
        <vehicle id="12" x="398.35" y="562.94" angle="0.00" type="DEFAULT_VEHTYPE" speed="12.99" pos="32.31" lane="2/3to2/2_0" slope="0.00"/>
        <vehicle id="15" x="398.35" y="380.96" angle="0.00" type="DEFAULT_VEHTYPE" speed="10.28" pos="14.29" lane="2/2to2/1_0" slope="0.00"/>
        <vehicle id="19" x="201.65" y="460.57" angle="180.00" type="DEFAULT_VEHTYPE" speed="13.82" pos="55.82" lane="1/2to1/3_0" slope="0.00"/>
        <vehicle id="2" x="398.35" y="113.39" angle="0.00" type="DEFAULT_VEHTYPE" speed="13.75" pos="81.86" lane="2/1to2/0_0" slope="0.00"/>
        <vehicle id="20" x="601.65" y="266.40" angle="180.00" type="DEFAULT_VEHTYPE" speed="13.42" pos="61.65" lane="3/1to3/2_0" slope="0.00"/>
        <vehicle id="23" x="223.98" y="401.65" angle="-90.00" type="DEFAULT_VEHTYPE" speed="11.85" pos="171.27" lane="2/2to1/2_0" slope="0.00"/>
        <vehicle id="24" x="266.26" y="201.65" angle="-90.00" type="DEFAULT_VEHTYPE" speed="12.61" pos="128.99" lane="2/1to1/1_0" slope="0.00"/>
        <vehicle id="4" x="256.35" y="598.35" angle="90.00" type="DEFAULT_VEHTYPE" speed="12.90" pos="51.60" lane="1/3to2/3_0" slope="0.00"/>
        <vehicle id="5" x="398.35" y="708.37" angle="0.00" type="DEFAULT_VEHTYPE" speed="13.48" pos="91.63" lane="2/4to2/3_0" slope="0.00"/>
        <vehicle id="6" x="188.74" y="398.35" angle="90.00" type="DEFAULT_VEHTYPE" speed="5.90" pos="188.74" lane="0/2to1/2_0" slope="0.00"/>
        <vehicle id="7" x="245.76" y="198.35" angle="90.00" type="DEFAULT_VEHTYPE" speed="13.24" pos="41.01" lane="1/1to2/1_0" slope="0.00"/>
        <vehicle id="8" x="699.39" y="601.65" angle="-90.00" type="DEFAULT_VEHTYPE" speed="13.57" pos="100.61" lane="4/3to3/3_0" slope="0.00"/>
    </timestep>
    <timestep time="478.00">
        <vehicle id="0" x="398.35" y="748.19" angle="0.00" type="DEFAULT_VEHTYPE" speed="13.89" pos="51.81" lane="2/4to2/3_0" slope="0.00"/>
        <vehicle id="10" x="597.39" y="402.30" angle="-11.50" type="DEFAULT_VEHTYPE" speed="13.72" pos="2.72" lane=":3/2_0_0" slope="0.00"/>
        <vehicle id="11" x="201.06" y="-0.88" angle="51.89" type="DEFAULT_VEHTYPE" speed="13.77" pos="3.76" lane=":1/0_0_0" slope="0.00"/>
        <vehicle id="12" x="398.35" y="549.59" angle="0.00" type="DEFAULT_VEHTYPE" speed="13.35" pos="45.66" lane="2/3to2/2_0" slope="0.00"/>
        <vehicle id="15" x="398.35" y="368.64" angle="0.00" type="DEFAULT_VEHTYPE" speed="12.32" pos="26.61" lane="2/2to2/1_0" slope="0.00"/>
        <vehicle id="19" x="201.65" y="473.54" angle="180.00" type="DEFAULT_VEHTYPE" speed="12.97" pos="68.79" lane="1/2to1/3_0" slope="0.00"/>
        <vehicle id="2" x="398.35" y="100.67" angle="0.00" type="DEFAULT_VEHTYPE" speed="12.73" pos="94.58" lane="2/1to2/0_0" slope="0.00"/>
        <vehicle id="20" x="601.65" y="280.15" angle="180.00" type="DEFAULT_VEHTYPE" speed="13.75" pos="75.40" lane="3/1to3/2_0" slope="0.00"/>
        <vehicle id="23" x="216.52" y="401.65" angle="-90.00" type="DEFAULT_VEHTYPE" speed="7.47" pos="178.73" lane="2/2to1/2_0" slope="0.00"/>
        <vehicle id="24" x="253.57" y="201.65" angle="-90.00" type="DEFAULT_VEHTYPE" speed="12.70" pos="141.68" lane="2/1to1/1_0" slope="0.00"/>
        <vehicle id="4" x="270.09" y="598.35" angle="90.00" type="DEFAULT_VEHTYPE" speed="13.74" pos="65.34" lane="1/3to2/3_0" slope="0.00"/>
        <vehicle id="5" x="398.35" y="694.75" angle="0.00" type="DEFAULT_VEHTYPE" speed="13.62" pos="105.25" lane="2/4to2/3_0" slope="0.00"/>
        <vehicle id="6" x="190.45" y="398.35" angle="90.00" type="DEFAULT_VEHTYPE" speed="1.71" pos="190.45" lane="0/2to1/2_0" slope="0.00"/>
        <vehicle id="7" x="258.78" y="198.35" angle="90.00" type="DEFAULT_VEHTYPE" speed="13.03" pos="54.03" lane="1/1to2/1_0" slope="0.00"/>
        <vehicle id="8" x="685.96" y="601.65" angle="-90.00" type="DEFAULT_VEHTYPE" speed="13.43" pos="114.04" lane="4/3to3/3_0" slope="0.00"/>
    </timestep>
    <timestep time="479.00">
        <vehicle id="0" x="398.35" y="735.09" angle="0.00" type="DEFAULT_VEHTYPE" speed="13.09" pos="64.91" lane="2/4to2/3_0" slope="0.00"/>
        <vehicle id="10" x="584.44" y="401.65" angle="-90.00" type="DEFAULT_VEHTYPE" speed="13.09" pos="10.81" lane="3/2to2/2_0" slope="0.00"/>
        <vehicle id="11" x="201.65" y="12.41" angle="180.00" type="DEFAULT_VEHTYPE" speed="13.47" pos="12.41" lane="1/0to1/1_0" slope="0.00"/>
        <vehicle id="12" x="398.35" y="536.04" angle="0.00" type="DEFAULT_VEHTYPE" speed="13.55" pos="59.21" lane="2/3to2/2_0" slope="0.00"/>
        <vehicle id="15" x="398.35" y="355.99" angle="0.00" type="DEFAULT_VEHTYPE" speed="12.66" pos="39.26" lane="2/2to2/1_0" slope="0.00"/>
        <vehicle id="19" x="201.65" y="486.25" angle="180.00" type="DEFAULT_VEHTYPE" speed="12.71" pos="81.50" lane="1/2to1/3_0" slope="0.00"/>
        <vehicle id="2" x="398.35" y="87.22" angle="0.00" type="DEFAULT_VEHTYPE" speed="13.45" pos="108.03" lane="2/1to2/0_0" slope="0.00"/>
        <vehicle id="20" x="601.65" y="293.35" angle="180.00" type="DEFAULT_VEHTYPE" speed="13.20" pos="88.60" lane="3/1to3/2_0" slope="0.00"/>
        <vehicle id="23" x="211.49" y="401.65" angle="-90.00" type="DEFAULT_VEHTYPE" speed="5.03" pos="183.76" lane="2/2to1/2_0" slope="0.00"/>
        <vehicle id="24" x="240.66" y="201.65" angle="-90.00" type="DEFAULT_VEHTYPE" speed="12.91" pos="154.59" lane="2/1to1/1_0" slope="0.00"/>
        <vehicle id="4" x="283.05" y="598.35" angle="90.00" type="DEFAULT_VEHTYPE" speed="12.97" pos="78.30" lane="1/3to2/3_0" slope="0.00"/>
        <vehicle id="5" x="398.35" y="680.95" angle="0.00" type="DEFAULT_VEHTYPE" speed="13.79" pos="119.05" lane="2/4to2/3_0" slope="0.00"/>
        <vehicle id="6" x="191.91" y="398.35" angle="90.00" type="DEFAULT_VEHTYPE" speed="1.46" pos="191.91" lane="0/2to1/2_0" slope="0.00"/>
        <vehicle id="7" x="272.53" y="198.35" angle="90.00" type="DEFAULT_VEHTYPE" speed="13.75" pos="67.78" lane="1/1to2/1_0" slope="0.00"/>
        <vehicle id="8" x="672.58" y="601.65" angle="-90.00" type="DEFAULT_VEHTYPE" speed="13.38" pos="127.42" lane="4/3to3/3_0" slope="0.00"/>
    </timestep>
    <timestep time="480.00">
        <vehicle id="0" x="398.35" y="721.81" angle="0.00" type="DEFAULT_VEHTYPE" speed="13.28" pos="78.19" lane="2/4to2/3_0" slope="0.00"/>
        <vehicle id="10" x="571.05" y="401.65" angle="-90.00" type="DEFAULT_VEHTYPE" speed="13.38" pos="24.20" lane="3/2to2/2_0" slope="0.00"/>
        <vehicle id="11" x="201.65" y="25.75" angle="180.00" type="DEFAULT_VEHTYPE" speed="13.34" pos="25.75" lane="1/0to1/1_0" slope="0.00"/>
        <vehicle id="12" x="398.35" y="522.84" angle="0.00" type="DEFAULT_VEHTYPE" speed="13.20" pos="72.41" lane="2/3to2/2_0" slope="0.00"/>
        <vehicle id="15" x="398.35" y="342.97" angle="0.00" type="DEFAULT_VEHTYPE" speed="13.02" pos="52.28" lane="2/2to2/1_0" slope="0.00"/>
        <vehicle id="19" x="201.65" y="499.98" angle="180.00" type="DEFAULT_VEHTYPE" speed="13.73" pos="95.23" lane="1/2to1/3_0" slope="0.00"/>
        <vehicle id="2" x="398.35" y="74.19" angle="0.00" type="DEFAULT_VEHTYPE" speed="13.02" pos="121.06" lane="2/1to2/0_0" slope="0.00"/>
        <vehicle id="20" x="601.65" y="307.02" angle="180.00" type="DEFAULT_VEHTYPE" speed="13.67" pos="102.27" lane="3/1to3/2_0" slope="0.00"/>
        <vehicle id="23" x="204.64" y="401.65" angle="-90.00" type="DEFAULT_VEHTYPE" speed="6.85" pos="0.11" lane=":1/2_5_0" slope="0.00"/>
        <vehicle id="24" x="228.08" y="201.65" angle="-90.00" type="DEFAULT_VEHTYPE" speed="12.57" pos="167.17" lane="2/1to1/1_0" slope="0.00"/>
        <vehicle id="4" x="296.04" y="598.35" angle="90.00" type="DEFAULT_VEHTYPE" speed="12.99" pos="91.29" lane="1/3to2/3_0" slope="0.00"/>
        <vehicle id="5" x="398.35" y="667.27" angle="0.00" type="DEFAULT_VEHTYPE" speed="13.68" pos="132.73" lane="2/4to2/3_0" slope="0.00"/>
        <vehicle id="6" x="192.45" y="398.35" angle="90.00" type="DEFAULT_VEHTYPE" speed="0.53" pos="192.45" lane="0/2to1/2_0" slope="0.00"/>
        <vehicle id="7" x="285.99" y="198.35" angle="90.00" type="DEFAULT_VEHTYPE" speed="13.46" pos="81.24" lane="1/1to2/1_0" slope="0.00"/>
        <vehicle id="8" x="659.57" y="601.65" angle="-90.00" type="DEFAULT_VEHTYPE" speed="13.02" pos="140.43" lane="4/3to3/3_0" slope="0.00"/>
    </timestep>
    <timestep time="481.00">
        <vehicle id="0" x="398.35" y="708.43" angle="0.00" type="DEFAULT_VEHTYPE" speed="13.38" pos="91.57" lane="2/4to2/3_0" slope="0.00"/>
        <vehicle id="10" x="558.14" y="401.65" angle="-90.00" type="DEFAULT_VEHTYPE" speed="12.91" pos="37.11" lane="3/2to2/2_0" slope="0.00"/>
        <vehicle id="11" x="201.65" y="39.42" angle="180.00" type="DEFAULT_VEHTYPE" speed="13.67" pos="39.42" lane="1/0to1/1_0" slope="0.00"/>
        <vehicle id="12" x="398.35" y="509.74" angle="0.00" type="DEFAULT_VEHTYPE" speed="13.10" pos="85.51" lane="2/3to2/2_0" slope="0.00"/>
        <vehicle id="15" x="398.35" y="329.58" angle="0.00" type="DEFAULT_VEHTYPE" speed="13.39" pos="65.67" lane="2/2to2/1_0" slope="0.00"/>
        <vehicle id="19" x="201.65" y="513.53" angle="180.00" type="DEFAULT_VEHTYPE" speed="13.55" pos="108.78" lane="1/2to1/3_0" slope="0.00"/>
        <vehicle id="2" x="398.35" y="61.07" angle="0.00" type="DEFAULT_VEHTYPE" speed="13.12" pos="134.18" lane="2/1to2/0_0" slope="0.00"/>
        <vehicle id="20" x="601.65" y="319.82" angle="180.00" type="DEFAULT_VEHTYPE" speed="12.80" pos="115.07" lane="3/1to3/2_0" slope="0.00"/>
        <vehicle id="23" x="195.97" y="401.65" angle="-90.00" type="DEFAULT_VEHTYPE" speed="8.67" pos="8.78" lane=":1/2_5_0" slope="0.00"/>
        <vehicle id="24" x="218.83" y="201.65" angle="-90.00" type="DEFAULT_VEHTYPE" speed="9.26" pos="176.42" lane="2/1to1/1_0" slope="0.00"/>
        <vehicle id="4" x="309.40" y="598.35" angle="90.00" type="DEFAULT_VEHTYPE" speed="13.36" pos="104.65" lane="1/3to2/3_0" slope="0.00"/>
        <vehicle id="5" x="398.35" y="654.16" angle="0.00" type="DEFAULT_VEHTYPE" speed="13.11" pos="145.84" lane="2/4to2/3_0" slope="0.00"/>
        <vehicle id="6" x="192.65" y="398.35" angle="90.00" type="DEFAULT_VEHTYPE" speed="0.20" pos="192.65" lane="0/2to1/2_0" slope="0.00"/>
        <vehicle id="7" x="299.70" y="198.35" angle="90.00" type="DEFAULT_VEHTYPE" speed="13.71" pos="94.95" lane="1/1to2/1_0" slope="0.00"/>
        <vehicle id="8" x="646.94" y="601.65" angle="-90.00" type="DEFAULT_VEHTYPE" speed="12.63" pos="153.06" lane="4/3to3/3_0" slope="0.00"/>
    </timestep>
    <timestep time="482.00">
        <vehicle id="0" x="398.35" y="695.38" angle="0.00" type="DEFAULT_VEHTYPE" speed="13.05" pos="104.62" lane="2/4to2/3_0" slope="0.00"/>
        <vehicle id="10" x="544.96" y="401.65" angle="-90.00" type="DEFAULT_VEHTYPE" speed="13.18" pos="50.29" lane="3/2to2/2_0" slope="0.00"/>
        <vehicle id="11" x="201.65" y="52.44" angle="180.00" type="DEFAULT_VEHTYPE" speed="13.02" pos="52.44" lane="1/0to1/1_0" slope="0.00"/>
        <vehicle id="12" x="398.35" y="496.97" angle="0.00" type="DEFAULT_VEHTYPE" speed="12.77" pos="98.28" lane="2/3to2/2_0" slope="0.00"/>
        <vehicle id="15" x="398.35" y="316.28" angle="0.00" type="DEFAULT_VEHTYPE" speed="13.30" pos="78.97" lane="2/2to2/1_0" slope="0.00"/>
        <vehicle id="19" x="201.65" y="526.37" angle="180.00" type="DEFAULT_VEHTYPE" speed="12.83" pos="121.62" lane="1/2to1/3_0" slope="0.00"/>
        <vehicle id="2" x="398.35" y="47.99" angle="0.00" type="DEFAULT_VEHTYPE" speed="13.08" pos="147.26" lane="2/1to2/0_0" slope="0.00"/>
        <vehicle id="20" x="601.65" y="332.51" angle="180.00" type="DEFAULT_VEHTYPE" speed="12.69" pos="127.76" lane="3/1to3/2_0" slope="0.00"/>
        <vehicle id="23" x="184.98" y="401.65" angle="-90.00" type="DEFAULT_VEHTYPE" speed="10.99" pos="10.27" lane="1/2to0/2_0" slope="0.00"/>
        <vehicle id="24" x="212.32" y="201.65" angle="-90.00" type="DEFAULT_VEHTYPE" speed="6.51" pos="182.93" lane="2/1to1/1_0" slope="0.00"/>
        <vehicle id="4" x="322.08" y="598.35" angle="90.00" type="DEFAULT_VEHTYPE" speed="12.68" pos="117.33" lane="1/3to2/3_0" slope="0.00"/>
        <vehicle id="5" x="398.35" y="640.31" angle="0.00" type="DEFAULT_VEHTYPE" speed="13.85" pos="159.69" lane="2/4to2/3_0" slope="0.00"/>
        <vehicle id="6" x="194.99" y="398.35" angle="90.00" type="DEFAULT_VEHTYPE" speed="2.35" pos="194.99" lane="0/2to1/2_0" slope="0.00"/>
        <vehicle id="7" x="312.80" y="198.35" angle="90.00" type="DEFAULT_VEHTYPE" speed="13.10" pos="108.05" lane="1/1to2/1_0" slope="0.00"/>
        <vehicle id="8" x="633.86" y="601.65" angle="-90.00" type="DEFAULT_VEHTYPE" speed="13.08" pos="166.14" lane="4/3to3/3_0" slope="0.00"/>
    </timestep>
    <timestep time="483.00">
        <vehicle id="0" x="398.35" y="682.74" angle="0.00" type="DEFAULT_VEHTYPE" speed="12.64" pos="117.26" lane="2/4to2/3_0" slope="0.00"/>
        <vehicle id="10" x="531.87" y="401.65" angle="-90.00" type="DEFAULT_VEHTYPE" speed="13.09" pos="63.38" lane="3/2to2/2_0" slope="0.00"/>
        <vehicle id="11" x="201.65" y="65.38" angle="180.00" type="DEFAULT_VEHTYPE" speed="12.94" pos="65.38" lane="1/0to1/1_0" slope="0.00"/>
        <vehicle id="12" x="398.35" y="483.53" angle="0.00" type="DEFAULT_VEHTYPE" speed="13.43" pos="111.72" lane="2/3to2/2_0" slope="0.00"/>
        <vehicle id="15" x="398.35" y="302.86" angle="0.00" type="DEFAULT_VEHTYPE" speed="13.43" pos="92.39" lane="2/2to2/1_0" slope="0.00"/>
        <vehicle id="19" x="201.65" y="539.23" angle="180.00" type="DEFAULT_VEHTYPE" speed="12.87" pos="134.48" lane="1/2to1/3_0" slope="0.00"/>
        <vehicle id="2" x="398.35" y="34.62" angle="0.00" type="DEFAULT_VEHTYPE" speed="13.37" pos="160.63" lane="2/1to2/0_0" slope="0.00"/>
        <vehicle id="20" x="601.65" y="346.26" angle="180.00" type="DEFAULT_VEHTYPE" speed="13.75" pos="141.51" lane="3/1to3/2_0" slope="0.00"/>
        <vehicle id="23" x="172.46" y="401.65" angle="-90.00" type="DEFAULT_VEHTYPE" speed="12.52" pos="22.79" lane="1/2to0/2_0" slope="0.00"/>
        <vehicle id="24" x="209.08" y="201.65" angle="-90.00" type="DEFAULT_VEHTYPE" speed="3.24" pos="186.17" lane="2/1to1/1_0" slope="0.00"/>
        <vehicle id="4" x="335.00" y="598.35" angle="90.00" type="DEFAULT_VEHTYPE" speed="12.92" pos="130.25" lane="1/3to2/3_0" slope="0.00"/>
        <vehicle id="5" x="398.35" y="627.01" angle="0.00" type="DEFAULT_VEHTYPE" speed="13.30" pos="172.99" lane="2/4to2/3_0" slope="0.00"/>
        <vehicle id="6" x="198.74" y="399.17" angle="99.53" type="DEFAULT_VEHTYPE" speed="3.89" pos="3.64" lane=":1/2_14_0" slope="0.00"/>
        <vehicle id="7" x="326.51" y="198.35" angle="90.00" type="DEFAULT_VEHTYPE" speed="13.71" pos="121.76" lane="1/1to2/1_0" slope="0.00"/>
        <vehicle id="8" x="623.11" y="601.65" angle="-90.00" type="DEFAULT_VEHTYPE" speed="10.75" pos="176.89" lane="4/3to3/3_0" slope="0.00"/>
    </timestep>
    <timestep time="484.00">
        <vehicle id="0" x="398.35" y="669.81" angle="0.00" type="DEFAULT_VEHTYPE" speed="12.92" pos="130.19" lane="2/4to2/3_0" slope="0.00"/>
        <vehicle id="10" x="518.99" y="401.65" angle="-90.00" type="DEFAULT_VEHTYPE" speed="12.88" pos="76.26" lane="3/2to2/2_0" slope="0.00"/>
        <vehicle id="11" x="201.65" y="78.85" angle="180.00" type="DEFAULT_VEHTYPE" speed="13.47" pos="78.85" lane="1/0to1/1_0" slope="0.00"/>
        <vehicle id="12" x="398.35" y="469.67" angle="0.00" type="DEFAULT_VEHTYPE" speed="13.87" pos="125.58" lane="2/3to2/2_0" slope="0.00"/>
        <vehicle id="15" x="398.35" y="289.61" angle="0.00" type="DEFAULT_VEHTYPE" speed="13.25" pos="105.64" lane="2/2to2/1_0" slope="0.00"/>
        <vehicle id="19" x="201.65" y="552.52" angle="180.00" type="DEFAULT_VEHTYPE" speed="13.28" pos="147.77" lane="1/2to1/3_0" slope="0.00"/>
        <vehicle id="2" x="398.35" y="21.42" angle="0.00" type="DEFAULT_VEHTYPE" speed="13.20" pos="173.83" lane="2/1to2/0_0" slope="0.00"/>
        <vehicle id="20" x="601.65" y="359.73" angle="180.00" type="DEFAULT_VEHTYPE" speed="13.47" pos="154.98" lane="3/1to3/2_0" slope="0.00"/>
        <vehicle id="23" x="158.71" y="401.65" angle="-90.00" type="DEFAULT_VEHTYPE" speed="13.75" pos="36.54" lane="1/2to0/2_0" slope="0.00"/>
        <vehicle id="24" x="203.82" y="201.78" angle="-91.49" type="DEFAULT_VEHTYPE" speed="5.27" pos="0.94" lane=":1/1_4_0" slope="0.00"/>
        <vehicle id="4" x="348.35" y="598.35" angle="90.00" type="DEFAULT_VEHTYPE" speed="13.35" pos="143.60" lane="1/3to2/3_0" slope="0.00"/>
        <vehicle id="5" x="398.35" y="613.43" angle="0.00" type="DEFAULT_VEHTYPE" speed="13.59" pos="186.57" lane="2/4to2/3_0" slope="0.00"/>
        <vehicle id="6" x="201.45" y="403.36" angle="148.62" type="DEFAULT_VEHTYPE" speed="5.28" pos="8.92" lane=":1/2_14_0" slope="0.00"/>
        <vehicle id="7" x="340.35" y="198.35" angle="90.00" type="DEFAULT_VEHTYPE" speed="13.84" pos="135.60" lane="1/1to2/1_0" slope="0.00"/>
        <vehicle id="8" x="615.86" y="601.65" angle="-90.00" type="DEFAULT_VEHTYPE" speed="7.24" pos="184.14" lane="4/3to3/3_0" slope="0.00"/>
    </timestep>
    <timestep time="485.00">
        <vehicle id="0" x="398.35" y="655.97" angle="0.00" type="DEFAULT_VEHTYPE" speed="13.85" pos="144.03" lane="2/4to2/3_0" slope="0.00"/>
        <vehicle id="10" x="505.59" y="401.65" angle="-90.00" type="DEFAULT_VEHTYPE" speed="13.40" pos="89.66" lane="3/2to2/2_0" slope="0.00"/>
        <vehicle id="11" x="201.65" y="91.46" angle="180.00" type="DEFAULT_VEHTYPE" speed="12.61" pos="91.46" lane="1/0to1/1_0" slope="0.00"/>
        <vehicle id="12" x="398.35" y="456.10" angle="0.00" type="DEFAULT_VEHTYPE" speed="13.57" pos="139.15" lane="2/3to2/2_0" slope="0.00"/>
        <vehicle id="15" x="398.35" y="275.98" angle="0.00" type="DEFAULT_VEHTYPE" speed="13.63" pos="119.27" lane="2/2to2/1_0" slope="0.00"/>
        <vehicle id="19" x="201.65" y="566.32" angle="180.00" type="DEFAULT_VEHTYPE" speed="13.80" pos="161.57" lane="1/2to1/3_0" slope="0.00"/>
        <vehicle id="2" x="398.35" y="8.71" angle="0.00" type="DEFAULT_VEHTYPE" speed="12.70" pos="186.54" lane="2/1to2/0_0" slope="0.00"/>
        <vehicle id="20" x="601.65" y="372.89" angle="180.00" type="DEFAULT_VEHTYPE" speed="13.17" pos="168.14" lane="3/1to3/2_0" slope="0.00"/>
        <vehicle id="23" x="145.33" y="401.65" angle="-90.00" type="DEFAULT_VEHTYPE" speed="13.38" pos="49.92" lane="1/2to0/2_0" slope="0.00"/>
        <vehicle id="24" x="201.65" y="208.31" angle="-177.40" type="DEFAULT_VEHTYPE" speed="7.62" pos="3.56" lane="1/1to1/2_0" slope="0.00"/>
        <vehicle id="4" x="361.66" y="598.35" angle="90.00" type="DEFAULT_VEHTYPE" speed="13.30" pos="156.91" lane="1/3to2/3_0" slope="0.00"/>
        <vehicle id="5" x="398.35" y="600.78" angle="0.00" type="DEFAULT_VEHTYPE" speed="12.65" pos="3.97" lane=":2/3_1_0" slope="0.00"/>
        <vehicle id="6" x="201.65" y="410.09" angle="180.00" type="DEFAULT_VEHTYPE" speed="6.74" pos="5.34" lane="1/2to1/3_0" slope="0.00"/>
        <vehicle id="7" x="353.30" y="198.35" angle="90.00" type="DEFAULT_VEHTYPE" speed="12.95" pos="148.55" lane="1/1to2/1_0" slope="0.00"/>
        <vehicle id="8" x="610.51" y="601.65" angle="-90.00" type="DEFAULT_VEHTYPE" speed="5.35" pos="189.49" lane="4/3to3/3_0" slope="0.00"/>
    </timestep>
    <timestep time="486.00">
        <vehicle id="0" x="398.35" y="642.79" angle="0.00" type="DEFAULT_VEHTYPE" speed="13.18" pos="157.21" lane="2/4to2/3_0" slope="0.00"/>
        <vehicle id="10" x="492.18" y="401.65" angle="-90.00" type="DEFAULT_VEHTYPE" speed="13.40" pos="103.07" lane="3/2to2/2_0" slope="0.00"/>
        <vehicle id="11" x="201.65" y="104.24" angle="180.00" type="DEFAULT_VEHTYPE" speed="12.77" pos="104.24" lane="1/0to1/1_0" slope="0.00"/>
        <vehicle id="12" x="398.35" y="442.88" angle="0.00" type="DEFAULT_VEHTYPE" speed="13.22" pos="152.37" lane="2/3to2/2_0" slope="0.00"/>
        <vehicle id="15" x="398.35" y="262.39" angle="0.00" type="DEFAULT_VEHTYPE" speed="13.59" pos="132.86" lane="2/2to2/1_0" slope="0.00"/>
        <vehicle id="19" x="201.65" y="579.62" angle="180.00" type="DEFAULT_VEHTYPE" speed="13.30" pos="174.87" lane="1/2to1/3_0" slope="0.00"/>
        <vehicle id="2" x="401.42" y="-0.35" angle="72.82" type="DEFAULT_VEHTYPE" speed="13.11" pos="4.40" lane=":2/0_0_0" slope="0.00"/>
        <vehicle id="20" x="601.65" y="386.53" angle="180.00" type="DEFAULT_VEHTYPE" speed="13.63" pos="181.78" lane="3/1to3/2_0" slope="0.00"/>
        <vehicle id="23" x="132.39" y="401.65" angle="-90.00" type="DEFAULT_VEHTYPE" speed="12.94" pos="62.86" lane="1/2to0/2_0" slope="0.00"/>
        <vehicle id="24" x="201.65" y="217.75" angle="180.00" type="DEFAULT_VEHTYPE" speed="9.44" pos="13.00" lane="1/1to1/2_0" slope="0.00"/>
        <vehicle id="4" x="373.89" y="598.35" angle="90.00" type="DEFAULT_VEHTYPE" speed="12.24" pos="169.14" lane="1/3to2/3_0" slope="0.00"/>
        <vehicle id="5" x="398.35" y="587.77" angle="0.00" type="DEFAULT_VEHTYPE" speed="13.00" pos="7.48" lane="2/3to2/2_0" slope="0.00"/>
        <vehicle id="6" x="201.65" y="418.20" angle="180.00" type="DEFAULT_VEHTYPE" speed="8.11" pos="13.45" lane="1/2to1/3_0" slope="0.00"/>
        <vehicle id="7" x="366.50" y="198.35" angle="90.00" type="DEFAULT_VEHTYPE" speed="13.20" pos="161.75" lane="1/1to2/1_0" slope="0.00"/>
        <vehicle id="8" x="603.69" y="601.50" angle="-88.27" type="DEFAULT_VEHTYPE" speed="6.83" pos="1.07" lane=":3/3_6_0" slope="0.00"/>
    </timestep>
    <timestep time="487.00">
        <vehicle id="0" x="398.35" y="630.01" angle="0.00" type="DEFAULT_VEHTYPE" speed="12.77" pos="169.99" lane="2/4to2/3_0" slope="0.00"/>
        <vehicle id="10" x="478.34" y="401.65" angle="-90.00" type="DEFAULT_VEHTYPE" speed="13.84" pos="116.91" lane="3/2to2/2_0" slope="0.00"/>
        <vehicle id="11" x="201.65" y="117.38" angle="180.00" type="DEFAULT_VEHTYPE" speed="13.14" pos="117.38" lane="1/0to1/1_0" slope="0.00"/>
        <vehicle id="12" x="398.35" y="429.30" angle="0.00" type="DEFAULT_VEHTYPE" speed="13.58" pos="165.95" lane="2/3to2/2_0" slope="0.00"/>
        <vehicle id="15" x="398.35" y="248.74" angle="0.00" type="DEFAULT_VEHTYPE" speed="13.65" pos="146.51" lane="2/2to2/1_0" slope="0.00"/>
        <vehicle id="19" x="201.65" y="592.56" angle="180.00" type="DEFAULT_VEHTYPE" speed="12.93" pos="187.81" lane="1/2to1/3_0" slope="0.00"/>
        <vehicle id="2" x="401.65" y="12.83" angle="180.00" type="DEFAULT_VEHTYPE" speed="13.25" pos="12.83" lane="2/0to2/1_0" slope="0.00"/>
        <vehicle id="20" x="601.65" y="400.12" angle="180.00" type="DEFAULT_VEHTYPE" speed="13.59" pos="4.87" lane=":3/2_9_0" slope="0.00"/>
        <vehicle id="23" x="119.47" y="401.65" angle="-90.00" type="DEFAULT_VEHTYPE" speed="12.91" pos="75.78" lane="1/2to0/2_0" slope="0.00"/>
        <vehicle id="24" x="201.65" y="228.56" angle="180.00" type="DEFAULT_VEHTYPE" speed="10.81" pos="23.81" lane="1/1to1/2_0" slope="0.00"/>
        <vehicle id="4" x="383.05" y="598.35" angle="90.00" type="DEFAULT_VEHTYPE" speed="9.15" pos="178.30" lane="1/3to2/3_0" slope="0.00"/>
        <vehicle id="5" x="398.35" y="574.04" angle="0.00" type="DEFAULT_VEHTYPE" speed="13.73" pos="21.21" lane="2/3to2/2_0" slope="0.00"/>
        <vehicle id="6" x="201.65" y="428.60" angle="180.00" type="DEFAULT_VEHTYPE" speed="10.40" pos="23.85" lane="1/2to1/3_0" slope="0.00"/>
        <vehicle id="7" x="377.84" y="198.35" angle="90.00" type="DEFAULT_VEHTYPE" speed="11.34" pos="173.09" lane="1/1to2/1_0" slope="0.00"/>
        <vehicle id="8" x="598.43" y="595.84" angle="-23.10" type="DEFAULT_VEHTYPE" speed="8.66" pos="9.72" lane=":3/3_6_0" slope="0.00"/>
    </timestep>
    <timestep time="488.00">
        <vehicle id="0" x="398.35" y="617.25" angle="0.00" type="DEFAULT_VEHTYPE" speed="12.76" pos="182.75" lane="2/4to2/3_0" slope="0.00"/>
        <vehicle id="10" x="465.69" y="401.65" angle="-90.00" type="DEFAULT_VEHTYPE" speed="12.65" pos="129.56" lane="3/2to2/2_0" slope="0.00"/>
        <vehicle id="11" x="201.65" y="130.97" angle="180.00" type="DEFAULT_VEHTYPE" speed="13.59" pos="130.97" lane="1/0to1/1_0" slope="0.00"/>
        <vehicle id="12" x="398.35" y="415.50" angle="0.00" type="DEFAULT_VEHTYPE" speed="13.80" pos="179.75" lane="2/3to2/2_0" slope="0.00"/>
        <vehicle id="15" x="398.35" y="235.91" angle="0.00" type="DEFAULT_VEHTYPE" speed="12.84" pos="159.34" lane="2/2to2/1_0" slope="0.00"/>
        <vehicle id="19" x="210.76" y="598.35" angle="90.00" type="DEFAULT_VEHTYPE" speed="13.70" pos="6.01" lane="1/3to2/3_0" slope="0.00"/>
        <vehicle id="2" x="401.65" y="25.52" angle="180.00" type="DEFAULT_VEHTYPE" speed="12.69" pos="25.52" lane="2/0to2/1_0" slope="0.00"/>
        <vehicle id="20" x="601.65" y="413.12" angle="180.00" type="DEFAULT_VEHTYPE" speed="13.00" pos="8.37" lane="3/2to3/3_0" slope="0.00"/>
        <vehicle id="23" x="105.94" y="401.65" angle="-90.00" type="DEFAULT_VEHTYPE" speed="13.53" pos="89.31" lane="1/2to0/2_0" slope="0.00"/>
        <vehicle id="24" x="201.65" y="240.70" angle="180.00" type="DEFAULT_VEHTYPE" speed="12.15" pos="35.95" lane="1/1to1/2_0" slope="0.00"/>
        <vehicle id="4" x="388.37" y="598.35" angle="90.00" type="DEFAULT_VEHTYPE" speed="5.33" pos="183.62" lane="1/3to2/3_0" slope="0.00"/>
        <vehicle id="5" x="398.35" y="560.28" angle="0.00" type="DEFAULT_VEHTYPE" speed="13.76" pos="34.97" lane="2/3to2/2_0" slope="0.00"/>
        <vehicle id="6" x="201.65" y="441.39" angle="180.00" type="DEFAULT_VEHTYPE" speed="12.78" pos="36.64" lane="1/2to1/3_0" slope="0.00"/>
        <vehicle id="7" x="385.61" y="198.35" angle="90.00" type="DEFAULT_VEHTYPE" speed="7.77" pos="180.86" lane="1/1to2/1_0" slope="0.00"/>
        <vehicle id="8" x="598.35" y="585.27" angle="0.00" type="DEFAULT_VEHTYPE" speed="10.57" pos="9.98" lane="3/3to3/2_0" slope="0.00"/>
    </timestep>
    <timestep time="489.00">
        <vehicle id="0" x="398.35" y="603.66" angle="0.00" type="DEFAULT_VEHTYPE" speed="13.59" pos="1.09" lane=":2/3_1_0" slope="0.00"/>
        <vehicle id="10" x="452.26" y="401.65" angle="-90.00" type="DEFAULT_VEHTYPE" speed="13.43" pos="142.99" lane="3/2to2/2_0" slope="0.00"/>
        <vehicle id="11" x="201.65" y="143.82" angle="180.00" type="DEFAULT_VEHTYPE" speed="12.86" pos="143.82" lane="1/0to1/1_0" slope="0.00"/>
        <vehicle id="12" x="397.83" y="402.83" angle="-6.10" type="DEFAULT_VEHTYPE" speed="12.77" pos="2.02" lane=":2/2_0_0" slope="0.00"/>
        <vehicle id="15" x="398.35" y="222.56" angle="0.00" type="DEFAULT_VEHTYPE" speed="13.35" pos="172.69" lane="2/2to2/1_0" slope="0.00"/>
        <vehicle id="19" x="224.34" y="598.35" angle="90.00" type="DEFAULT_VEHTYPE" speed="13.58" pos="19.59" lane="1/3to2/3_0" slope="0.00"/>
        <vehicle id="2" x="401.65" y="38.99" angle="180.00" type="DEFAULT_VEHTYPE" speed="13.47" pos="38.99" lane="2/0to2/1_0" slope="0.00"/>
        <vehicle id="20" x="601.65" y="426.25" angle="180.00" type="DEFAULT_VEHTYPE" speed="13.14" pos="21.50" lane="3/2to3/3_0" slope="0.00"/>
        <vehicle id="23" x="92.85" y="401.65" angle="-90.00" type="DEFAULT_VEHTYPE" speed="13.09" pos="102.40" lane="1/2to0/2_0" slope="0.00"/>
        <vehicle id="24" x="201.65" y="254.49" angle="180.00" type="DEFAULT_VEHTYPE" speed="13.79" pos="49.74" lane="1/1to1/2_0" slope="0.00"/>
        <vehicle id="4" x="390.67" y="598.35" angle="90.00" type="DEFAULT_VEHTYPE" speed="2.29" pos="185.92" lane="1/3to2/3_0" slope="0.00"/>
        <vehicle id="5" x="398.35" y="547.64" angle="0.00" type="DEFAULT_VEHTYPE" speed="12.64" pos="47.61" lane="2/3to2/2_0" slope="0.00"/>
        <vehicle id="6" x="201.65" y="454.87" angle="180.00" type="DEFAULT_VEHTYPE" speed="13.49" pos="50.12" lane="1/2to1/3_0" slope="0.00"/>
        <vehicle id="7" x="389.68" y="198.35" angle="90.00" type="DEFAULT_VEHTYPE" speed="4.06" pos="184.93" lane="1/1to2/1_0" slope="0.00"/>
        <vehicle id="8" x="598.35" y="572.89" angle="0.00" type="DEFAULT_VEHTYPE" speed="12.39" pos="22.36" lane="3/3to3/2_0" slope="0.00"/>
    </timestep>
    <timestep time="490.00">
        <vehicle id="0" x="398.35" y="590.97" angle="0.00" type="DEFAULT_VEHTYPE" speed="12.69" pos="4.28" lane="2/3to2/2_0" slope="0.00"/>
        <vehicle id="10" x="439.23" y="401.65" angle="-90.00" type="DEFAULT_VEHTYPE" speed="13.03" pos="156.02" lane="3/2to2/2_0" slope="0.00"/>
        <vehicle id="11" x="201.65" y="156.47" angle="180.00" type="DEFAULT_VEHTYPE" speed="12.64" pos="156.47" lane="1/0to1/1_0" slope="0.00"/>
        <vehicle id="12" x="385.03" y="401.65" angle="-90.00" type="DEFAULT_VEHTYPE" speed="13.20" pos="10.22" lane="2/2to1/2_0" slope="0.00"/>
        <vehicle id="15" x="398.35" y="208.75" angle="0.00" type="DEFAULT_VEHTYPE" speed="13.80" pos="186.50" lane="2/2to2/1_0" slope="0.00"/>
        <vehicle id="19" x="237.91" y="598.35" angle="90.00" type="DEFAULT_VEHTYPE" speed="13.58" pos="33.16" lane="1/3to2/3_0" slope="0.00"/>
        <vehicle id="2" x="401.65" y="52.41" angle="180.00" type="DEFAULT_VEHTYPE" speed="13.42" pos="52.41" lane="2/0to2/1_0" slope="0.00"/>
        <vehicle id="20" x="601.65" y="439.84" angle="180.00" type="DEFAULT_VEHTYPE" speed="13.58" pos="35.09" lane="3/2to3/3_0" slope="0.00"/>
        <vehicle id="23" x="79.76" y="401.65" angle="-90.00" type="DEFAULT_VEHTYPE" speed="13.09" pos="115.49" lane="1/2to0/2_0" slope="0.00"/>
        <vehicle id="24" x="201.65" y="267.34" angle="180.00" type="DEFAULT_VEHTYPE" speed="12.85" pos="62.59" lane="1/1to1/2_0" slope="0.00"/>
        <vehicle id="4" x="393.14" y="598.35" angle="90.00" type="DEFAULT_VEHTYPE" speed="2.48" pos="188.39" lane="1/3to2/3_0" slope="0.00"/>
        <vehicle id="5" x="398.35" y="534.40" angle="0.00" type="DEFAULT_VEHTYPE" speed="13.23" pos="60.85" lane="2/3to2/2_0" slope="0.00"/>
        <vehicle id="6" x="201.65" y="468.26" angle="180.00" type="DEFAULT_VEHTYPE" speed="13.38" pos="63.51" lane="1/2to1/3_0" slope="0.00"/>
        <vehicle id="7" x="391.43" y="198.35" angle="90.00" type="DEFAULT_VEHTYPE" speed="1.75" pos="186.68" lane="1/1to2/1_0" slope="0.00"/>
        <vehicle id="8" x="598.35" y="560.08" angle="0.00" type="DEFAULT_VEHTYPE" speed="12.81" pos="35.17" lane="3/3to3/2_0" slope="0.00"/>
    </timestep>
    <timestep time="491.00">
        <vehicle id="0" x="398.35" y="578.01" angle="0.00" type="DEFAULT_VEHTYPE" speed="12.96" pos="17.24" lane="2/3to2/2_0" slope="0.00"/>
        <vehicle id="10" x="426.46" y="401.65" angle="-90.00" type="DEFAULT_VEHTYPE" speed="12.77" pos="168.79" lane="3/2to2/2_0" slope="0.00"/>
        <vehicle id="11" x="201.65" y="170.04" angle="180.00" type="DEFAULT_VEHTYPE" speed="13.57" pos="170.04" lane="1/0to1/1_0" slope="0.00"/>
        <vehicle id="12" x="371.29" y="401.65" angle="-90.00" type="DEFAULT_VEHTYPE" speed="13.74" pos="23.96" lane="2/2to1/2_0" slope="0.00"/>
        <vehicle id="15" x="398.35" y="195.14" angle="0.00" type="DEFAULT_VEHTYPE" speed="13.61" pos="0.11" lane="2/1to2/0_0" slope="0.00"/>
        <vehicle id="19" x="250.63" y="598.35" angle="90.00" type="DEFAULT_VEHTYPE" speed="12.72" pos="45.88" lane="1/3to2/3_0" slope="0.00"/>
        <vehicle id="2" x="401.65" y="66.23" angle="180.00" type="DEFAULT_VEHTYPE" speed="13.82" pos="66.23" lane="2/0to2/1_0" slope="0.00"/>
        <vehicle id="20" x="601.65" y="453.71" angle="180.00" type="DEFAULT_VEHTYPE" speed="13.87" pos="48.96" lane="3/2to3/3_0" slope="0.00"/>
        <vehicle id="23" x="66.57" y="401.65" angle="-90.00" type="DEFAULT_VEHTYPE" speed="13.19" pos="128.68" lane="1/2to0/2_0" slope="0.00"/>
        <vehicle id="24" x="201.65" y="279.97" angle="180.00" type="DEFAULT_VEHTYPE" speed="12.63" pos="75.22" lane="1/1to1/2_0" slope="0.00"/>
        <vehicle id="4" x="397.41" y="598.66" angle="93.55" type="DEFAULT_VEHTYPE" speed="4.29" pos="2.19" lane=":2/3_14_0" slope="0.00"/>
        <vehicle id="5" x="398.35" y="521.80" angle="0.00" type="DEFAULT_VEHTYPE" speed="12.61" pos="73.45" lane="2/3to2/2_0" slope="0.00"/>
        <vehicle id="6" x="201.65" y="481.21" angle="180.00" type="DEFAULT_VEHTYPE" speed="12.95" pos="76.46" lane="1/2to1/3_0" slope="0.00"/>
        <vehicle id="7" x="392.46" y="198.35" angle="90.00" type="DEFAULT_VEHTYPE" speed="1.03" pos="187.71" lane="1/1to2/1_0" slope="0.00"/>
        <vehicle id="8" x="598.35" y="547.40" angle="0.00" type="DEFAULT_VEHTYPE" speed="12.67" pos="47.85" lane="3/3to3/2_0" slope="0.00"/>
    </timestep>
    <timestep time="492.00">
        <vehicle id="0" x="398.35" y="565.30" angle="0.00" type="DEFAULT_VEHTYPE" speed="12.71" pos="29.95" lane="2/3to2/2_0" slope="0.00"/>
        <vehicle id="10" x="417.82" y="401.65" angle="-90.00" type="DEFAULT_VEHTYPE" speed="8.65" pos="177.43" lane="3/2to2/2_0" slope="0.00"/>
        <vehicle id="11" x="201.65" y="183.43" angle="180.00" type="DEFAULT_VEHTYPE" speed="13.39" pos="183.43" lane="1/0to1/1_0" slope="0.00"/>
        <vehicle id="12" x="357.56" y="401.65" angle="-90.00" type="DEFAULT_VEHTYPE" speed="13.73" pos="37.69" lane="2/2to1/2_0" slope="0.00"/>
        <vehicle id="15" x="398.35" y="182.34" angle="0.00" type="DEFAULT_VEHTYPE" speed="12.80" pos="12.91" lane="2/1to2/0_0" slope="0.00"/>
        <vehicle id="19" x="263.85" y="598.35" angle="90.00" type="DEFAULT_VEHTYPE" speed="13.22" pos="59.10" lane="1/3to2/3_0" slope="0.00"/>
        <vehicle id="2" x="401.65" y="79.36" angle="180.00" type="DEFAULT_VEHTYPE" speed="13.13" pos="79.36" lane="2/0to2/1_0" slope="0.00"/>
        <vehicle id="20" x="601.65" y="467.57" angle="180.00" type="DEFAULT_VEHTYPE" speed="13.87" pos="62.82" lane="3/2to3/3_0" slope="0.00"/>
        <vehicle id="23" x="53.71" y="401.65" angle="-90.00" type="DEFAULT_VEHTYPE" speed="12.86" pos="141.54" lane="1/2to0/2_0" slope="0.00"/>
        <vehicle id="24" x="201.65" y="292.62" angle="180.00" type="DEFAULT_VEHTYPE" speed="12.65" pos="87.87" lane="1/1to1/2_0" slope="0.00"/>
        <vehicle id="4" x="401.38" y="602.84" angle="143.21" type="DEFAULT_VEHTYPE" speed="6.21" pos="8.39" lane=":2/3_14_0" slope="0.00"/>
        <vehicle id="5" x="398.35" y="508.04" angle="0.00" type="DEFAULT_VEHTYPE" speed="13.75" pos="87.21" lane="2/3to2/2_0" slope="0.00"/>
        <vehicle id="6" x="201.65" y="494.24" angle="180.00" type="DEFAULT_VEHTYPE" speed="13.03" pos="89.49" lane="1/2to1/3_0" slope="0.00"/>
        <vehicle id="7" x="395.94" y="198.35" angle="90.00" type="DEFAULT_VEHTYPE" speed="3.48" pos="0.69" lane=":2/1_13_0" slope="0.00"/>
        <vehicle id="8" x="598.35" y="534.07" angle="0.00" type="DEFAULT_VEHTYPE" speed="13.34" pos="61.18" lane="3/3to3/2_0" slope="0.00"/>
    </timestep>
    <timestep time="493.00">
        <vehicle id="0" x="398.35" y="551.80" angle="0.00" type="DEFAULT_VEHTYPE" speed="13.49" pos="43.45" lane="2/3to2/2_0" slope="0.00"/>
        <vehicle id="10" x="412.56" y="401.65" angle="-90.00" type="DEFAULT_VEHTYPE" speed="5.26" pos="182.69" lane="3/2to2/2_0" slope="0.00"/>
        <vehicle id="11" x="201.79" y="196.25" angle="178.40" type="DEFAULT_VEHTYPE" speed="12.83" pos="1.01" lane=":1/1_8_0" slope="0.00"/>
        <vehicle id="12" x="344.22" y="401.65" angle="-90.00" type="DEFAULT_VEHTYPE" speed="13.34" pos="51.03" lane="2/2to1/2_0" slope="0.00"/>
        <vehicle id="15" x="398.35" y="168.80" angle="0.00" type="DEFAULT_VEHTYPE" speed="13.55" pos="26.45" lane="2/1to2/0_0" slope="0.00"/>
        <vehicle id="19" x="276.77" y="598.35" angle="90.00" type="DEFAULT_VEHTYPE" speed="12.92" pos="72.02" lane="1/3to2/3_0" slope="0.00"/>
        <vehicle id="2" x="401.65" y="92.58" angle="180.00" type="DEFAULT_VEHTYPE" speed="13.22" pos="92.58" lane="2/0to2/1_0" slope="0.00"/>
        <vehicle id="20" x="601.65" y="481.46" angle="180.00" type="DEFAULT_VEHTYPE" speed="13.89" pos="76.71" lane="3/2to3/3_0" slope="0.00"/>
        <vehicle id="23" x="40.10" y="401.65" angle="-90.00" type="DEFAULT_VEHTYPE" speed="13.61" pos="155.15" lane="1/2to0/2_0" slope="0.00"/>
        <vehicle id="24" x="201.65" y="305.83" angle="180.00" type="DEFAULT_VEHTYPE" speed="13.21" pos="101.08" lane="1/1to1/2_0" slope="0.00"/>
        <vehicle id="4" x="401.65" y="610.52" angle="180.00" type="DEFAULT_VEHTYPE" speed="7.69" pos="5.77" lane="2/3to2/4_0" slope="0.00"/>
        <vehicle id="5" x="398.35" y="494.26" angle="0.00" type="DEFAULT_VEHTYPE" speed="13.78" pos="100.99" lane="2/3to2/2_0" slope="0.00"/>
        <vehicle id="6" x="201.65" y="507.74" angle="180.00" type="DEFAULT_VEHTYPE" speed="13.50" pos="102.99" lane="1/2to1/3_0" slope="0.00"/>
        <vehicle id="7" x="401.39" y="198.35" angle="90.00" type="DEFAULT_VEHTYPE" speed="5.45" pos="6.14" lane=":2/1_13_0" slope="0.00"/>
        <vehicle id="8" x="598.35" y="520.49" angle="0.00" type="DEFAULT_VEHTYPE" speed="13.58" pos="74.76" lane="3/3to3/2_0" slope="0.00"/>
    </timestep>
    <timestep time="494.00">
        <vehicle id="0" x="398.35" y="538.29" angle="0.00" type="DEFAULT_VEHTYPE" speed="13.52" pos="56.96" lane="2/3to2/2_0" slope="0.00"/>
        <vehicle id="10" x="409.97" y="401.65" angle="-90.00" type="DEFAULT_VEHTYPE" speed="2.58" pos="185.28" lane="3/2to2/2_0" slope="0.00"/>
        <vehicle id="11" x="213.89" y="198.35" angle="90.00" type="DEFAULT_VEHTYPE" speed="13.13" pos="9.14" lane="1/1to2/1_0" slope="0.00"/>
        <vehicle id="12" x="331.40" y="401.65" angle="-90.00" type="DEFAULT_VEHTYPE" speed="12.82" pos="63.85" lane="2/2to1/2_0" slope="0.00"/>
        <vehicle id="15" x="398.35" y="155.46" angle="0.00" type="DEFAULT_VEHTYPE" speed="13.34" pos="39.79" lane="2/1to2/0_0" slope="0.00"/>
        <vehicle id="19" x="289.76" y="598.35" angle="90.00" type="DEFAULT_VEHTYPE" speed="12.99" pos="85.01" lane="1/3to2/3_0" slope="0.00"/>
        <vehicle id="2" x="401.65" y="105.44" angle="180.00" type="DEFAULT_VEHTYPE" speed="12.87" pos="105.44" lane="2/0to2/1_0" slope="0.00"/>
        <vehicle id="20" x="601.65" y="494.09" angle="180.00" type="DEFAULT_VEHTYPE" speed="12.63" pos="89.34" lane="3/2to3/3_0" slope="0.00"/>
        <vehicle id="23" x="26.90" y="401.65" angle="-90.00" type="DEFAULT_VEHTYPE" speed="13.21" pos="168.35" lane="1/2to0/2_0" slope="0.00"/>
        <vehicle id="24" x="201.65" y="318.44" angle="180.00" type="DEFAULT_VEHTYPE" speed="12.61" pos="113.69" lane="1/1to1/2_0" slope="0.00"/>
        <vehicle id="4" x="401.65" y="620.72" angle="180.00" type="DEFAULT_VEHTYPE" speed="10.21" pos="15.97" lane="2/3to2/4_0" slope="0.00"/>
        <vehicle id="5" x="398.35" y="481.25" angle="0.00" type="DEFAULT_VEHTYPE" speed="13.01" pos="114.00" lane="2/3to2/2_0" slope="0.00"/>
        <vehicle id="6" x="201.65" y="520.50" angle="180.00" type="DEFAULT_VEHTYPE" speed="12.76" pos="115.75" lane="1/2to1/3_0" slope="0.00"/>
        <vehicle id="7" x="408.63" y="198.35" angle="90.00" type="DEFAULT_VEHTYPE" speed="7.24" pos="3.88" lane="2/1to3/1_0" slope="0.00"/>
        <vehicle id="8" x="598.35" y="507.33" angle="0.00" type="DEFAULT_VEHTYPE" speed="13.16" pos="87.92" lane="3/3to3/2_0" slope="0.00"/>
    </timestep>
    <timestep time="495.00">
        <vehicle id="0" x="398.35" y="525.27" angle="0.00" type="DEFAULT_VEHTYPE" speed="13.01" pos="69.98" lane="2/3to2/2_0" slope="0.00"/>
        <vehicle id="10" x="405.66" y="401.65" angle="-90.00" type="DEFAULT_VEHTYPE" speed="4.31" pos="189.59" lane="3/2to2/2_0" slope="0.00"/>
        <vehicle id="11" x="226.65" y="198.35" angle="90.00" type="DEFAULT_VEHTYPE" speed="12.76" pos="21.90" lane="1/1to2/1_0" slope="0.00"/>
        <vehicle id="12" x="318.15" y="401.65" angle="-90.00" type="DEFAULT_VEHTYPE" speed="13.25" pos="77.10" lane="2/2to1/2_0" slope="0.00"/>
        <vehicle id="15" x="398.35" y="141.56" angle="0.00" type="DEFAULT_VEHTYPE" speed="13.90" pos="53.69" lane="2/1to2/0_0" slope="0.00"/>
        <vehicle id="19" x="302.43" y="598.35" angle="90.00" type="DEFAULT_VEHTYPE" speed="12.67" pos="97.68" lane="1/3to2/3_0" slope="0.00"/>
        <vehicle id="2" x="401.65" y="118.88" angle="180.00" type="DEFAULT_VEHTYPE" speed="13.44" pos="118.88" lane="2/0to2/1_0" slope="0.00"/>
        <vehicle id="20" x="601.65" y="507.26" angle="180.00" type="DEFAULT_VEHTYPE" speed="13.17" pos="102.51" lane="3/2to3/3_0" slope="0.00"/>
        <vehicle id="23" x="14.11" y="401.65" angle="-90.00" type="DEFAULT_VEHTYPE" speed="12.79" pos="181.14" lane="1/2to0/2_0" slope="0.00"/>
        <vehicle id="24" x="201.65" y="331.94" angle="180.00" type="DEFAULT_VEHTYPE" speed="13.49" pos="127.19" lane="1/1to1/2_0" slope="0.00"/>
        <vehicle id="4" x="401.65" y="632.82" angle="180.00" type="DEFAULT_VEHTYPE" speed="12.09" pos="28.07" lane="2/3to2/4_0" slope="0.00"/>
        <vehicle id="5" x="398.35" y="468.60" angle="0.00" type="DEFAULT_VEHTYPE" speed="12.66" pos="126.65" lane="2/3to2/2_0" slope="0.00"/>
        <vehicle id="6" x="201.65" y="533.37" angle="180.00" type="DEFAULT_VEHTYPE" speed="12.88" pos="128.62" lane="1/2to1/3_0" slope="0.00"/>
        <vehicle id="7" x="418.39" y="198.35" angle="90.00" type="DEFAULT_VEHTYPE" speed="9.76" pos="13.64" lane="2/1to3/1_0" slope="0.00"/>
        <vehicle id="8" x="598.35" y="494.45" angle="0.00" type="DEFAULT_VEHTYPE" speed="12.88" pos="100.80" lane="3/3to3/2_0" slope="0.00"/>
    </timestep>
    <timestep time="496.00">
        <vehicle id="0" x="398.35" y="512.44" angle="0.00" type="DEFAULT_VEHTYPE" speed="12.84" pos="82.81" lane="2/3to2/2_0" slope="0.00"/>
        <vehicle id="10" x="399.91" y="399.98" angle="-70.41" type="DEFAULT_VEHTYPE" speed="6.16" pos="5.24" lane=":2/2_6_0" slope="0.00"/>
        <vehicle id="11" x="240.08" y="198.35" angle="90.00" type="DEFAULT_VEHTYPE" speed="13.42" pos="35.33" lane="1/1to2/1_0" slope="0.00"/>
        <vehicle id="12" x="304.55" y="401.65" angle="-90.00" type="DEFAULT_VEHTYPE" speed="13.60" pos="90.70" lane="2/2to1/2_0" slope="0.00"/>
        <vehicle id="15" x="398.35" y="127.88" angle="0.00" type="DEFAULT_VEHTYPE" speed="13.67" pos="67.37" lane="2/1to2/0_0" slope="0.00"/>
        <vehicle id="19" x="315.74" y="598.35" angle="90.00" type="DEFAULT_VEHTYPE" speed="13.31" pos="110.99" lane="1/3to2/3_0" slope="0.00"/>
        <vehicle id="2" x="401.65" y="132.28" angle="180.00" type="DEFAULT_VEHTYPE" speed="13.39" pos="132.28" lane="2/0to2/1_0" slope="0.00"/>
        <vehicle id="20" x="601.65" y="519.91" angle="180.00" type="DEFAULT_VEHTYPE" speed="12.64" pos="115.16" lane="3/2to3/3_0" slope="0.00"/>
        <vehicle id="23" x="1.10" y="401.65" angle="-90.00" type="DEFAULT_VEHTYPE" speed="13.01" pos="194.15" lane="1/2to0/2_0" slope="0.00"/>
        <vehicle id="24" x="201.65" y="345.63" angle="180.00" type="DEFAULT_VEHTYPE" speed="13.69" pos="140.88" lane="1/1to1/2_0" slope="0.00"/>
        <vehicle id="4" x="401.65" y="646.56" angle="180.00" type="DEFAULT_VEHTYPE" speed="13.75" pos="41.81" lane="2/3to2/4_0" slope="0.00"/>
        <vehicle id="5" x="398.35" y="455.78" angle="0.00" type="DEFAULT_VEHTYPE" speed="12.81" pos="139.47" lane="2/3to2/2_0" slope="0.00"/>
        <vehicle id="6" x="201.65" y="547.18" angle="180.00" type="DEFAULT_VEHTYPE" speed="13.80" pos="142.43" lane="1/2to1/3_0" slope="0.00"/>
        <vehicle id="7" x="430.14" y="198.35" angle="90.00" type="DEFAULT_VEHTYPE" speed="11.75" pos="25.39" lane="2/1to3/1_0" slope="0.00"/>
        <vehicle id="8" x="598.35" y="480.72" angle="0.00" type="DEFAULT_VEHTYPE" speed="13.73" pos="114.53" lane="3/3to3/2_0" slope="0.00"/>
    </timestep>
    <timestep time="497.00">
        <vehicle id="0" x="398.35" y="499.44" angle="0.00" type="DEFAULT_VEHTYPE" speed="13.00" pos="95.81" lane="2/3to2/2_0" slope="0.00"/>
        <vehicle id="10" x="398.35" y="392.05" angle="-2.93" type="DEFAULT_VEHTYPE" speed="8.27" pos="3.20" lane="2/2to2/1_0" slope="0.00"/>
        <vehicle id="11" x="253.14" y="198.35" angle="90.00" type="DEFAULT_VEHTYPE" speed="13.07" pos="48.39" lane="1/1to2/1_0" slope="0.00"/>
        <vehicle id="12" x="291.25" y="401.65" angle="-90.00" type="DEFAULT_VEHTYPE" speed="13.30" pos="104.00" lane="2/2to1/2_0" slope="0.00"/>
        <vehicle id="15" x="398.35" y="114.31" angle="0.00" type="DEFAULT_VEHTYPE" speed="13.58" pos="80.94" lane="2/1to2/0_0" slope="0.00"/>
        <vehicle id="19" x="328.54" y="598.35" angle="90.00" type="DEFAULT_VEHTYPE" speed="12.80" pos="123.79" lane="1/3to2/3_0" slope="0.00"/>
        <vehicle id="2" x="401.65" y="145.75" angle="180.00" type="DEFAULT_VEHTYPE" speed="13.48" pos="145.75" lane="2/0to2/1_0" slope="0.00"/>
        <vehicle id="20" x="601.65" y="533.25" angle="180.00" type="DEFAULT_VEHTYPE" speed="13.34" pos="128.50" lane="3/2to3/3_0" slope="0.00"/>
        <vehicle id="23" x="7.71" y="398.35" angle="90.00" type="DEFAULT_VEHTYPE" speed="13.63" pos="7.71" lane="0/2to1/2_0" slope="0.00"/>
        <vehicle id="24" x="201.65" y="359.09" angle="180.00" type="DEFAULT_VEHTYPE" speed="13.46" pos="154.34" lane="1/1to1/2_0" slope="0.00"/>
        <vehicle id="4" x="401.65" y="660.44" angle="180.00" type="DEFAULT_VEHTYPE" speed="13.87" pos="55.69" lane="2/3to2/4_0" slope="0.00"/>
        <vehicle id="5" x="398.35" y="441.94" angle="0.00" type="DEFAULT_VEHTYPE" speed="13.85" pos="153.31" lane="2/3to2/2_0" slope="0.00"/>
        <vehicle id="6" x="201.65" y="560.53" angle="180.00" type="DEFAULT_VEHTYPE" speed="13.35" pos="155.78" lane="1/2to1/3_0" slope="0.00"/>
        <vehicle id="7" x="443.72" y="198.35" angle="90.00" type="DEFAULT_VEHTYPE" speed="13.58" pos="38.97" lane="2/1to3/1_0" slope="0.00"/>
        <vehicle id="8" x="598.35" y="467.36" angle="0.00" type="DEFAULT_VEHTYPE" speed="13.36" pos="127.89" lane="3/3to3/2_0" slope="0.00"/>
    </timestep>
    <timestep time="498.00">
        <vehicle id="0" x="398.35" y="485.81" angle="0.00" type="DEFAULT_VEHTYPE" speed="13.63" pos="109.44" lane="2/3to2/2_0" slope="0.00"/>
        <vehicle id="10" x="398.35" y="381.50" angle="0.00" type="DEFAULT_VEHTYPE" speed="10.55" pos="13.75" lane="2/2to2/1_0" slope="0.00"/>
        <vehicle id="11" x="266.43" y="198.35" angle="90.00" type="DEFAULT_VEHTYPE" speed="13.29" pos="61.68" lane="1/1to2/1_0" slope="0.00"/>
        <vehicle id="12" x="277.55" y="401.65" angle="-90.00" type="DEFAULT_VEHTYPE" speed="13.70" pos="117.70" lane="2/2to1/2_0" slope="0.00"/>
        <vehicle id="15" x="398.35" y="101.34" angle="0.00" type="DEFAULT_VEHTYPE" speed="12.96" pos="93.91" lane="2/1to2/0_0" slope="0.00"/>
        <vehicle id="19" x="342.23" y="598.35" angle="90.00" type="DEFAULT_VEHTYPE" speed="13.69" pos="137.48" lane="1/3to2/3_0" slope="0.00"/>
        <vehicle id="2" x="401.65" y="158.88" angle="180.00" type="DEFAULT_VEHTYPE" speed="13.13" pos="158.88" lane="2/0to2/1_0" slope="0.00"/>
        <vehicle id="20" x="601.65" y="546.65" angle="180.00" type="DEFAULT_VEHTYPE" speed="13.40" pos="141.90" lane="3/2to3/3_0" slope="0.00"/>
        <vehicle id="23" x="21.13" y="398.35" angle="90.00" type="DEFAULT_VEHTYPE" speed="13.41" pos="21.13" lane="0/2to1/2_0" slope="0.00"/>
        <vehicle id="24" x="201.65" y="371.70" angle="180.00" type="DEFAULT_VEHTYPE" speed="12.62" pos="166.95" lane="1/1to1/2_0" slope="0.00"/>
        <vehicle id="4" x="401.65" y="674.05" angle="180.00" type="DEFAULT_VEHTYPE" speed="13.61" pos="69.30" lane="2/3to2/4_0" slope="0.00"/>
        <vehicle id="5" x="398.35" y="428.60" angle="0.00" type="DEFAULT_VEHTYPE" speed="13.33" pos="166.65" lane="2/3to2/2_0" slope="0.00"/>
        <vehicle id="6" x="201.65" y="573.59" angle="180.00" type="DEFAULT_VEHTYPE" speed="13.07" pos="168.84" lane="1/2to1/3_0" slope="0.00"/>
        <vehicle id="7" x="457.16" y="198.35" angle="90.00" type="DEFAULT_VEHTYPE" speed="13.44" pos="52.41" lane="2/1to3/1_0" slope="0.00"/>
        <vehicle id="8" x="598.35" y="454.21" angle="0.00" type="DEFAULT_VEHTYPE" speed="13.15" pos="141.04" lane="3/3to3/2_0" slope="0.00"/>
    </timestep>
    <timestep time="499.00">
        <vehicle id="0" x="398.35" y="471.96" angle="0.00" type="DEFAULT_VEHTYPE" speed="13.86" pos="123.29" lane="2/3to2/2_0" slope="0.00"/>
        <vehicle id="10" x="398.35" y="369.50" angle="0.00" type="DEFAULT_VEHTYPE" speed="12.00" pos="25.75" lane="2/2to2/1_0" slope="0.00"/>
        <vehicle id="11" x="279.48" y="198.35" angle="90.00" type="DEFAULT_VEHTYPE" speed="13.05" pos="74.73" lane="1/1to2/1_0" slope="0.00"/>
        <vehicle id="12" x="264.61" y="401.65" angle="-90.00" type="DEFAULT_VEHTYPE" speed="12.94" pos="130.64" lane="2/2to1/2_0" slope="0.00"/>
        <vehicle id="15" x="398.35" y="88.35" angle="0.00" type="DEFAULT_VEHTYPE" speed="12.99" pos="106.90" lane="2/1to2/0_0" slope="0.00"/>
        <vehicle id="19" x="356.04" y="598.35" angle="90.00" type="DEFAULT_VEHTYPE" speed="13.81" pos="151.29" lane="1/3to2/3_0" slope="0.00"/>
        <vehicle id="2" x="401.65" y="172.19" angle="180.00" type="DEFAULT_VEHTYPE" speed="13.31" pos="172.19" lane="2/0to2/1_0" slope="0.00"/>
        <vehicle id="20" x="601.65" y="560.29" angle="180.00" type="DEFAULT_VEHTYPE" speed="13.64" pos="155.54" lane="3/2to3/3_0" slope="0.00"/>
        <vehicle id="23" x="34.84" y="398.35" angle="90.00" type="DEFAULT_VEHTYPE" speed="13.71" pos="34.84" lane="0/2to1/2_0" slope="0.00"/>
        <vehicle id="24" x="201.65" y="385.35" angle="180.00" type="DEFAULT_VEHTYPE" speed="13.65" pos="180.60" lane="1/1to1/2_0" slope="0.00"/>
        <vehicle id="4" x="401.65" y="687.20" angle="180.00" type="DEFAULT_VEHTYPE" speed="13.15" pos="82.45" lane="2/3to2/4_0" slope="0.00"/>
        <vehicle id="5" x="398.35" y="415.10" angle="0.00" type="DEFAULT_VEHTYPE" speed="13.51" pos="180.15" lane="2/3to2/2_0" slope="0.00"/>
        <vehicle id="6" x="201.65" y="586.66" angle="180.00" type="DEFAULT_VEHTYPE" speed="13.07" pos="181.91" lane="1/2to1/3_0" slope="0.00"/>
        <vehicle id="7" x="470.62" y="198.35" angle="90.00" type="DEFAULT_VEHTYPE" speed="13.46" pos="65.87" lane="2/1to3/1_0" slope="0.00"/>
        <vehicle id="8" x="598.35" y="440.94" angle="0.00" type="DEFAULT_VEHTYPE" speed="13.27" pos="154.31" lane="3/3to3/2_0" slope="0.00"/>
    </timestep>
    <timestep time="500.00">
        <vehicle id="0" x="398.35" y="458.70" angle="0.00" type="DEFAULT_VEHTYPE" speed="13.26" pos="136.55" lane="2/3to2/2_0" slope="0.00"/>
        <vehicle id="10" x="398.35" y="356.46" angle="0.00" type="DEFAULT_VEHTYPE" speed="13.04" pos="38.79" lane="2/2to2/1_0" slope="0.00"/>
        <vehicle id="11" x="292.44" y="198.35" angle="90.00" type="DEFAULT_VEHTYPE" speed="12.96" pos="87.69" lane="1/1to2/1_0" slope="0.00"/>
        <vehicle id="12" x="250.75" y="401.65" angle="-90.00" type="DEFAULT_VEHTYPE" speed="13.86" pos="144.50" lane="2/2to1/2_0" slope="0.00"/>
        <vehicle id="15" x="398.35" y="75.27" angle="0.00" type="DEFAULT_VEHTYPE" speed="13.08" pos="119.98" lane="2/1to2/0_0" slope="0.00"/>
        <vehicle id="19" x="369.84" y="598.35" angle="90.00" type="DEFAULT_VEHTYPE" speed="13.80" pos="165.09" lane="1/3to2/3_0" slope="0.00"/>
        <vehicle id="2" x="401.65" y="184.90" angle="180.00" type="DEFAULT_VEHTYPE" speed="12.70" pos="184.90" lane="2/0to2/1_0" slope="0.00"/>
        <vehicle id="20" x="601.65" y="573.64" angle="180.00" type="DEFAULT_VEHTYPE" speed="13.35" pos="168.89" lane="3/2to3/3_0" slope="0.00"/>
        <vehicle id="23" x="47.62" y="398.35" angle="90.00" type="DEFAULT_VEHTYPE" speed="12.78" pos="47.62" lane="0/2to1/2_0" slope="0.00"/>
        <vehicle id="24" x="201.65" y="398.71" angle="180.00" type="DEFAULT_VEHTYPE" speed="13.36" pos="3.46" lane=":1/2_9_0" slope="0.00"/>
        <vehicle id="4" x="401.65" y="700.81" angle="180.00" type="DEFAULT_VEHTYPE" speed="13.61" pos="96.06" lane="2/3to2/4_0" slope="0.00"/>
        <vehicle id="5" x="397.66" y="402.55" angle="-8.11" type="DEFAULT_VEHTYPE" speed="12.69" pos="2.35" lane=":2/2_0_0" slope="0.00"/>
        <vehicle id="6" x="204.57" y="598.32" angle="138.21" type="DEFAULT_VEHTYPE" speed="13.40" pos="4.81" lane=":1/3_8_0" slope="0.00"/>
        <vehicle id="7" x="483.41" y="198.35" angle="90.00" type="DEFAULT_VEHTYPE" speed="12.80" pos="78.66" lane="2/1to3/1_0" slope="0.00"/>
        <vehicle id="8" x="598.35" y="428.33" angle="0.00" type="DEFAULT_VEHTYPE" speed="12.61" pos="166.92" lane="3/3to3/2_0" slope="0.00"/>
    </timestep>
    <timestep time="501.00">
        <vehicle id="0" x="398.35" y="445.23" angle="0.00" type="DEFAULT_VEHTYPE" speed="13.47" pos="150.02" lane="2/3to2/2_0" slope="0.00"/>
        <vehicle id="10" x="398.35" y="343.43" angle="0.00" type="DEFAULT_VEHTYPE" speed="13.03" pos="51.82" lane="2/2to2/1_0" slope="0.00"/>
        <vehicle id="11" x="306.09" y="198.35" angle="90.00" type="DEFAULT_VEHTYPE" speed="13.65" pos="101.34" lane="1/1to2/1_0" slope="0.00"/>
        <vehicle id="12" x="237.82" y="401.65" angle="-90.00" type="DEFAULT_VEHTYPE" speed="12.92" pos="157.43" lane="2/2to1/2_0" slope="0.00"/>
        <vehicle id="15" x="398.35" y="61.66" angle="0.00" type="DEFAULT_VEHTYPE" speed="13.61" pos="133.59" lane="2/1to2/0_0" slope="0.00"/>
        <vehicle id="19" x="379.66" y="598.35" angle="90.00" type="DEFAULT_VEHTYPE" speed="9.82" pos="174.91" lane="1/3to2/3_0" slope="0.00"/>
        <vehicle id="2" x="402.52" y="197.64" angle="169.75" type="DEFAULT_VEHTYPE" speed="12.97" pos="2.61" lane=":2/1_8_0" slope="0.00"/>
        <vehicle id="20" x="601.65" y="587.36" angle="180.00" type="DEFAULT_VEHTYPE" speed="13.72" pos="182.61" lane="3/2to3/3_0" slope="0.00"/>
        <vehicle id="23" x="60.58" y="398.35" angle="90.00" type="DEFAULT_VEHTYPE" speed="12.96" pos="60.58" lane="0/2to1/2_0" slope="0.00"/>
        <vehicle id="24" x="201.65" y="411.96" angle="180.00" type="DEFAULT_VEHTYPE" speed="13.25" pos="7.21" lane="1/2to1/3_0" slope="0.00"/>
        <vehicle id="4" x="401.65" y="714.18" angle="180.00" type="DEFAULT_VEHTYPE" speed="13.37" pos="109.43" lane="2/3to2/4_0" slope="0.00"/>
        <vehicle id="5" x="384.86" y="401.65" angle="-90.00" type="DEFAULT_VEHTYPE" speed="13.04" pos="10.39" lane="2/2to1/2_0" slope="0.00"/>
        <vehicle id="6" x="217.96" y="598.35" angle="90.00" type="DEFAULT_VEHTYPE" speed="13.40" pos="13.21" lane="1/3to2/3_0" slope="0.00"/>
        <vehicle id="7" x="496.53" y="198.35" angle="90.00" type="DEFAULT_VEHTYPE" speed="13.12" pos="91.78" lane="2/1to3/1_0" slope="0.00"/>
        <vehicle id="8" x="598.35" y="414.68" angle="0.00" type="DEFAULT_VEHTYPE" speed="13.65" pos="180.57" lane="3/3to3/2_0" slope="0.00"/>
    </timestep>
    <timestep time="502.00">
        <vehicle id="0" x="398.35" y="431.43" angle="0.00" type="DEFAULT_VEHTYPE" speed="13.81" pos="163.82" lane="2/3to2/2_0" slope="0.00"/>
        <vehicle id="10" x="398.35" y="329.98" angle="0.00" type="DEFAULT_VEHTYPE" speed="13.45" pos="65.27" lane="2/2to2/1_0" slope="0.00"/>
        <vehicle id="11" x="319.58" y="198.35" angle="90.00" type="DEFAULT_VEHTYPE" speed="13.49" pos="114.83" lane="1/1to2/1_0" slope="0.00"/>
        <vehicle id="12" x="225.24" y="401.65" angle="-90.00" type="DEFAULT_VEHTYPE" speed="12.58" pos="170.01" lane="2/2to1/2_0" slope="0.00"/>
        <vehicle id="15" x="398.35" y="48.34" angle="0.00" type="DEFAULT_VEHTYPE" speed="13.32" pos="146.91" lane="2/1to2/0_0" slope="0.00"/>
        <vehicle id="19" x="386.70" y="598.35" angle="90.00" type="DEFAULT_VEHTYPE" speed="7.04" pos="181.95" lane="1/3to2/3_0" slope="0.00"/>
        <vehicle id="2" x="415.71" y="198.35" angle="90.00" type="DEFAULT_VEHTYPE" speed="13.35" pos="10.96" lane="2/1to3/1_0" slope="0.00"/>
        <vehicle id="20" x="604.66" y="598.34" angle="136.55" type="DEFAULT_VEHTYPE" speed="12.80" pos="4.91" lane=":3/3_8_0" slope="0.00"/>
        <vehicle id="23" x="74.06" y="398.35" angle="90.00" type="DEFAULT_VEHTYPE" speed="13.48" pos="74.06" lane="0/2to1/2_0" slope="0.00"/>
        <vehicle id="24" x="201.65" y="424.61" angle="180.00" type="DEFAULT_VEHTYPE" speed="12.65" pos="19.86" lane="1/2to1/3_0" slope="0.00"/>
        <vehicle id="4" x="401.65" y="726.94" angle="180.00" type="DEFAULT_VEHTYPE" speed="12.76" pos="122.19" lane="2/3to2/4_0" slope="0.00"/>
        <vehicle id="5" x="372.14" y="401.65" angle="-90.00" type="DEFAULT_VEHTYPE" speed="12.73" pos="23.11" lane="2/2to1/2_0" slope="0.00"/>
        <vehicle id="6" x="231.47" y="598.35" angle="90.00" type="DEFAULT_VEHTYPE" speed="13.50" pos="26.72" lane="1/3to2/3_0" slope="0.00"/>
        <vehicle id="7" x="509.51" y="198.35" angle="90.00" type="DEFAULT_VEHTYPE" speed="12.98" pos="104.76" lane="2/1to3/1_0" slope="0.00"/>
        <vehicle id="8" x="596.62" y="401.85" angle="-21.87" type="DEFAULT_VEHTYPE" speed="13.54" pos="3.61" lane=":3/2_0_0" slope="0.00"/>
    </timestep>
    <timestep time="503.00">
        <vehicle id="0" x="398.35" y="417.92" angle="0.00" type="DEFAULT_VEHTYPE" speed="13.51" pos="177.33" lane="2/3to2/2_0" slope="0.00"/>
        <vehicle id="10" x="398.35" y="317.08" angle="0.00" type="DEFAULT_VEHTYPE" speed="12.90" pos="78.17" lane="2/2to2/1_0" slope="0.00"/>
        <vehicle id="11" x="333.06" y="198.35" angle="90.00" type="DEFAULT_VEHTYPE" speed="13.48" pos="128.31" lane="1/1to2/1_0" slope="0.00"/>
        <vehicle id="12" x="217.16" y="401.65" angle="-90.00" type="DEFAULT_VEHTYPE" speed="8.08" pos="178.09" lane="2/2to1/2_0" slope="0.00"/>
        <vehicle id="15" x="398.35" y="34.66" angle="0.00" type="DEFAULT_VEHTYPE" speed="13.68" pos="160.59" lane="2/1to2/0_0" slope="0.00"/>
        <vehicle id="19" x="390.45" y="598.35" angle="90.00" type="DEFAULT_VEHTYPE" speed="3.76" pos="185.70" lane="1/3to2/3_0" slope="0.00"/>
        <vehicle id="2" x="428.63" y="198.35" angle="90.00" type="DEFAULT_VEHTYPE" speed="12.92" pos="23.88" lane="2/1to3/1_0" slope="0.00"/>
        <vehicle id="20" x="617.67" y="598.35" angle="90.00" type="DEFAULT_VEHTYPE" speed="13.01" pos="12.92" lane="3/3to4/3_0" slope="0.00"/>
        <vehicle id="23" x="86.90" y="398.35" angle="90.00" type="DEFAULT_VEHTYPE" speed="12.84" pos="86.90" lane="0/2to1/2_0" slope="0.00"/>
        <vehicle id="24" x="201.65" y="437.85" angle="180.00" type="DEFAULT_VEHTYPE" speed="13.24" pos="33.10" lane="1/2to1/3_0" slope="0.00"/>
        <vehicle id="4" x="401.65" y="740.70" angle="180.00" type="DEFAULT_VEHTYPE" speed="13.76" pos="135.95" lane="2/3to2/4_0" slope="0.00"/>
        <vehicle id="5" x="358.59" y="401.65" angle="-90.00" type="DEFAULT_VEHTYPE" speed="13.54" pos="36.66" lane="2/2to1/2_0" slope="0.00"/>
        <vehicle id="6" x="245.13" y="598.35" angle="90.00" type="DEFAULT_VEHTYPE" speed="13.67" pos="40.38" lane="1/3to2/3_0" slope="0.00"/>
        <vehicle id="7" x="522.84" y="198.35" angle="90.00" type="DEFAULT_VEHTYPE" speed="13.33" pos="118.09" lane="2/1to3/1_0" slope="0.00"/>
        <vehicle id="8" x="583.91" y="401.65" angle="-90.00" type="DEFAULT_VEHTYPE" speed="12.72" pos="11.34" lane="3/2to2/2_0" slope="0.00"/>
    </timestep>
    <timestep time="504.00">
        <vehicle id="0" x="398.35" y="404.93" angle="0.00" type="DEFAULT_VEHTYPE" speed="12.99" pos="190.32" lane="2/3to2/2_0" slope="0.00"/>
        <vehicle id="10" x="398.35" y="303.84" angle="0.00" type="DEFAULT_VEHTYPE" speed="13.24" pos="91.41" lane="2/2to2/1_0" slope="0.00"/>
        <vehicle id="11" x="346.57" y="198.35" angle="90.00" type="DEFAULT_VEHTYPE" speed="13.52" pos="141.82" lane="1/1to2/1_0" slope="0.00"/>
        <vehicle id="12" x="211.67" y="401.65" angle="-90.00" type="DEFAULT_VEHTYPE" speed="5.48" pos="183.58" lane="2/2to1/2_0" slope="0.00"/>
        <vehicle id="15" x="398.35" y="21.61" angle="0.00" type="DEFAULT_VEHTYPE" speed="13.04" pos="173.64" lane="2/1to2/0_0" slope="0.00"/>
        <vehicle id="19" x="396.43" y="598.52" angle="91.94" type="DEFAULT_VEHTYPE" speed="5.99" pos="1.20" lane=":2/3_14_0" slope="0.00"/>
        <vehicle id="2" x="442.31" y="198.35" angle="90.00" type="DEFAULT_VEHTYPE" speed="13.68" pos="37.56" lane="2/1to3/1_0" slope="0.00"/>
        <vehicle id="20" x="630.67" y="598.35" angle="90.00" type="DEFAULT_VEHTYPE" speed="13.00" pos="25.92" lane="3/3to4/3_0" slope="0.00"/>
        <vehicle id="23" x="99.54" y="398.35" angle="90.00" type="DEFAULT_VEHTYPE" speed="12.64" pos="99.54" lane="0/2to1/2_0" slope="0.00"/>
        <vehicle id="24" x="201.65" y="451.27" angle="180.00" type="DEFAULT_VEHTYPE" speed="13.42" pos="46.52" lane="1/2to1/3_0" slope="0.00"/>
        <vehicle id="4" x="401.65" y="754.09" angle="180.00" type="DEFAULT_VEHTYPE" speed="13.39" pos="149.34" lane="2/3to2/4_0" slope="0.00"/>
        <vehicle id="5" x="345.27" y="401.65" angle="-90.00" type="DEFAULT_VEHTYPE" speed="13.32" pos="49.98" lane="2/2to1/2_0" slope="0.00"/>
        <vehicle id="6" x="257.78" y="598.35" angle="90.00" type="DEFAULT_VEHTYPE" speed="12.65" pos="53.03" lane="1/3to2/3_0" slope="0.00"/>
        <vehicle id="7" x="536.49" y="198.35" angle="90.00" type="DEFAULT_VEHTYPE" speed="13.65" pos="131.74" lane="2/1to3/1_0" slope="0.00"/>
        <vehicle id="8" x="570.59" y="401.65" angle="-90.00" type="DEFAULT_VEHTYPE" speed="13.32" pos="24.66" lane="3/2to2/2_0" slope="0.00"/>
    </timestep>
    <timestep time="505.00">
        <vehicle id="0" x="387.69" y="401.65" angle="-90.00" type="DEFAULT_VEHTYPE" speed="12.74" pos="7.56" lane="2/2to1/2_0" slope="0.00"/>
        <vehicle id="10" x="398.35" y="290.82" angle="0.00" type="DEFAULT_VEHTYPE" speed="13.01" pos="104.43" lane="2/2to2/1_0" slope="0.00"/>
        <vehicle id="11" x="359.64" y="198.35" angle="90.00" type="DEFAULT_VEHTYPE" speed="13.06" pos="154.89" lane="1/1to2/1_0" slope="0.00"/>
        <vehicle id="12" x="204.87" y="401.65" angle="-90.00" type="DEFAULT_VEHTYPE" speed="6.80" pos="190.38" lane="2/2to1/2_0" slope="0.00"/>
        <vehicle id="15" x="398.35" y="8.56" angle="0.00" type="DEFAULT_VEHTYPE" speed="13.05" pos="186.69" lane="2/1to2/0_0" slope="0.00"/>
        <vehicle id="19" x="401.55" y="604.05" angle="155.76" type="DEFAULT_VEHTYPE" speed="8.41" pos="9.61" lane=":2/3_14_0" slope="0.00"/>
        <vehicle id="2" x="455.06" y="198.35" angle="90.00" type="DEFAULT_VEHTYPE" speed="12.76" pos="50.31" lane="2/1to3/1_0" slope="0.00"/>
        <vehicle id="20" x="644.05" y="598.35" angle="90.00" type="DEFAULT_VEHTYPE" speed="13.39" pos="39.30" lane="3/3to4/3_0" slope="0.00"/>
        <vehicle id="23" x="112.23" y="398.35" angle="90.00" type="DEFAULT_VEHTYPE" speed="12.69" pos="112.23" lane="0/2to1/2_0" slope="0.00"/>
        <vehicle id="24" x="201.65" y="464.13" angle="180.00" type="DEFAULT_VEHTYPE" speed="12.87" pos="59.38" lane="1/2to1/3_0" slope="0.00"/>
        <vehicle id="4" x="401.65" y="767.42" angle="180.00" type="DEFAULT_VEHTYPE" speed="13.33" pos="162.67" lane="2/3to2/4_0" slope="0.00"/>
        <vehicle id="5" x="332.37" y="401.65" angle="-90.00" type="DEFAULT_VEHTYPE" speed="12.90" pos="62.88" lane="2/2to1/2_0" slope="0.00"/>
        <vehicle id="6" x="271.67" y="598.35" angle="90.00" type="DEFAULT_VEHTYPE" speed="13.89" pos="66.92" lane="1/3to2/3_0" slope="0.00"/>
        <vehicle id="7" x="549.47" y="198.35" angle="90.00" type="DEFAULT_VEHTYPE" speed="12.98" pos="144.72" lane="2/1to3/1_0" slope="0.00"/>
        <vehicle id="8" x="557.54" y="401.65" angle="-90.00" type="DEFAULT_VEHTYPE" speed="13.05" pos="37.71" lane="3/2to2/2_0" slope="0.00"/>
    </timestep>
    <timestep time="506.00">
        <vehicle id="0" x="374.50" y="401.65" angle="-90.00" type="DEFAULT_VEHTYPE" speed="13.19" pos="20.75" lane="2/2to1/2_0" slope="0.00"/>
        <vehicle id="10" x="398.35" y="277.81" angle="0.00" type="DEFAULT_VEHTYPE" speed="13.02" pos="117.44" lane="2/2to2/1_0" slope="0.00"/>
        <vehicle id="11" x="371.70" y="198.35" angle="90.00" type="DEFAULT_VEHTYPE" speed="12.06" pos="166.95" lane="1/1to2/1_0" slope="0.00"/>
        <vehicle id="12" x="196.21" y="401.65" angle="-90.00" type="DEFAULT_VEHTYPE" speed="8.66" pos="8.54" lane=":1/2_5_0" slope="0.00"/>
        <vehicle id="15" x="401.34" y="-0.47" angle="67.85" type="DEFAULT_VEHTYPE" speed="12.82" pos="4.26" lane=":2/0_0_0" slope="0.00"/>
        <vehicle id="19" x="401.65" y="614.32" angle="180.00" type="DEFAULT_VEHTYPE" speed="10.28" pos="9.57" lane="2/3to2/4_0" slope="0.00"/>
        <vehicle id="2" x="467.67" y="198.35" angle="90.00" type="DEFAULT_VEHTYPE" speed="12.61" pos="62.92" lane="2/1to3/1_0" slope="0.00"/>
        <vehicle id="20" x="657.58" y="598.35" angle="90.00" type="DEFAULT_VEHTYPE" speed="13.52" pos="52.83" lane="3/3to4/3_0" slope="0.00"/>
        <vehicle id="23" x="125.19" y="398.35" angle="90.00" type="DEFAULT_VEHTYPE" speed="12.96" pos="125.19" lane="0/2to1/2_0" slope="0.00"/>
        <vehicle id="24" x="201.65" y="477.06" angle="180.00" type="DEFAULT_VEHTYPE" speed="12.93" pos="72.31" lane="1/2to1/3_0" slope="0.00"/>
        <vehicle id="4" x="401.65" y="780.35" angle="180.00" type="DEFAULT_VEHTYPE" speed="12.93" pos="175.60" lane="2/3to2/4_0" slope="0.00"/>
        <vehicle id="5" x="318.91" y="401.65" angle="-90.00" type="DEFAULT_VEHTYPE" speed="13.46" pos="76.34" lane="2/2to1/2_0" slope="0.00"/>
        <vehicle id="6" x="284.78" y="598.35" angle="90.00" type="DEFAULT_VEHTYPE" speed="13.12" pos="80.03" lane="1/3to2/3_0" slope="0.00"/>
        <vehicle id="7" x="562.60" y="198.35" angle="90.00" type="DEFAULT_VEHTYPE" speed="13.13" pos="157.85" lane="2/1to3/1_0" slope="0.00"/>
        <vehicle id="8" x="543.74" y="401.65" angle="-90.00" type="DEFAULT_VEHTYPE" speed="13.80" pos="51.51" lane="3/2to2/2_0" slope="0.00"/>
    </timestep>
    <timestep time="507.00">
        <vehicle id="0" x="361.85" y="401.65" angle="-90.00" type="DEFAULT_VEHTYPE" speed="12.65" pos="33.40" lane="2/2to1/2_0" slope="0.00"/>
        <vehicle id="10" x="398.35" y="263.99" angle="0.00" type="DEFAULT_VEHTYPE" speed="13.81" pos="131.26" lane="2/2to2/1_0" slope="0.00"/>
        <vehicle id="11" x="381.54" y="198.35" angle="90.00" type="DEFAULT_VEHTYPE" speed="9.84" pos="176.79" lane="1/1to2/1_0" slope="0.00"/>
        <vehicle id="12" x="185.55" y="401.65" angle="-90.00" type="DEFAULT_VEHTYPE" speed="10.66" pos="9.70" lane="1/2to0/2_0" slope="0.00"/>
        <vehicle id="15" x="401.65" y="12.22" angle="180.00" type="DEFAULT_VEHTYPE" speed="12.79" pos="12.22" lane="2/0to2/1_0" slope="0.00"/>
        <vehicle id="19" x="401.65" y="626.05" angle="180.00" type="DEFAULT_VEHTYPE" speed="11.73" pos="21.30" lane="2/3to2/4_0" slope="0.00"/>
        <vehicle id="2" x="480.57" y="198.35" angle="90.00" type="DEFAULT_VEHTYPE" speed="12.90" pos="75.82" lane="2/1to3/1_0" slope="0.00"/>
        <vehicle id="20" x="670.45" y="598.35" angle="90.00" type="DEFAULT_VEHTYPE" speed="12.88" pos="65.70" lane="3/3to4/3_0" slope="0.00"/>
        <vehicle id="23" x="137.86" y="398.35" angle="90.00" type="DEFAULT_VEHTYPE" speed="12.67" pos="137.86" lane="0/2to1/2_0" slope="0.00"/>
        <vehicle id="24" x="201.65" y="490.07" angle="180.00" type="DEFAULT_VEHTYPE" speed="13.01" pos="85.32" lane="1/2to1/3_0" slope="0.00"/>
        <vehicle id="4" x="401.65" y="793.73" angle="180.00" type="DEFAULT_VEHTYPE" speed="13.38" pos="188.98" lane="2/3to2/4_0" slope="0.00"/>
        <vehicle id="5" x="305.20" y="401.65" angle="-90.00" type="DEFAULT_VEHTYPE" speed="13.71" pos="90.05" lane="2/2to1/2_0" slope="0.00"/>
        <vehicle id="6" x="298.50" y="598.35" angle="90.00" type="DEFAULT_VEHTYPE" speed="13.71" pos="93.75" lane="1/3to2/3_0" slope="0.00"/>
        <vehicle id="7" x="574.61" y="198.35" angle="90.00" type="DEFAULT_VEHTYPE" speed="12.01" pos="169.86" lane="2/1to3/1_0" slope="0.00"/>
        <vehicle id="8" x="530.70" y="401.65" angle="-90.00" type="DEFAULT_VEHTYPE" speed="13.04" pos="64.55" lane="3/2to2/2_0" slope="0.00"/>
    </timestep>
    <timestep time="508.00">
        <vehicle id="0" x="347.99" y="401.65" angle="-90.00" type="DEFAULT_VEHTYPE" speed="13.86" pos="47.26" lane="2/2to1/2_0" slope="0.00"/>
        <vehicle id="10" x="398.35" y="250.81" angle="0.00" type="DEFAULT_VEHTYPE" speed="13.19" pos="144.44" lane="2/2to2/1_0" slope="0.00"/>
        <vehicle id="11" x="387.53" y="198.35" angle="90.00" type="DEFAULT_VEHTYPE" speed="5.99" pos="182.78" lane="1/1to2/1_0" slope="0.00"/>
        <vehicle id="12" x="172.56" y="401.65" angle="-90.00" type="DEFAULT_VEHTYPE" speed="12.99" pos="22.69" lane="1/2to0/2_0" slope="0.00"/>
        <vehicle id="15" x="401.65" y="25.49" angle="180.00" type="DEFAULT_VEHTYPE" speed="13.26" pos="25.49" lane="2/0to2/1_0" slope="0.00"/>
        <vehicle id="19" x="401.65" y="638.74" angle="180.00" type="DEFAULT_VEHTYPE" speed="12.70" pos="33.99" lane="2/3to2/4_0" slope="0.00"/>
        <vehicle id="2" x="494.02" y="198.35" angle="90.00" type="DEFAULT_VEHTYPE" speed="13.45" pos="89.27" lane="2/1to3/1_0" slope="0.00"/>
        <vehicle id="20" x="684.02" y="598.35" angle="90.00" type="DEFAULT_VEHTYPE" speed="13.57" pos="79.27" lane="3/3to4/3_0" slope="0.00"/>
        <vehicle id="23" x="151.40" y="398.35" angle="90.00" type="DEFAULT_VEHTYPE" speed="13.53" pos="151.40" lane="0/2to1/2_0" slope="0.00"/>
        <vehicle id="24" x="201.65" y="503.35" angle="180.00" type="DEFAULT_VEHTYPE" speed="13.28" pos="98.60" lane="1/2to1/3_0" slope="0.00"/>
        <vehicle id="4" x="398.35" y="798.06" angle="-34.06" type="DEFAULT_VEHTYPE" speed="13.03" pos="1.94" lane="2/4to2/3_0" slope="0.00"/>
        <vehicle id="5" x="292.33" y="401.65" angle="-90.00" type="DEFAULT_VEHTYPE" speed="12.87" pos="102.92" lane="2/2to1/2_0" slope="0.00"/>
        <vehicle id="6" x="311.46" y="598.35" angle="90.00" type="DEFAULT_VEHTYPE" speed="12.97" pos="106.71" lane="1/3to2/3_0" slope="0.00"/>
        <vehicle id="7" x="583.50" y="198.35" angle="90.00" type="DEFAULT_VEHTYPE" speed="8.89" pos="178.75" lane="2/1to3/1_0" slope="0.00"/>
        <vehicle id="8" x="517.40" y="401.65" angle="-90.00" type="DEFAULT_VEHTYPE" speed="13.30" pos="77.85" lane="3/2to2/2_0" slope="0.00"/>
    </timestep>
    <timestep time="509.00">
        <vehicle id="0" x="335.07" y="401.65" angle="-90.00" type="DEFAULT_VEHTYPE" speed="12.91" pos="60.18" lane="2/2to1/2_0" slope="0.00"/>
        <vehicle id="10" x="398.35" y="236.93" angle="0.00" type="DEFAULT_VEHTYPE" speed="13.88" pos="158.32" lane="2/2to2/1_0" slope="0.00"/>
        <vehicle id="11" x="391.18" y="198.35" angle="90.00" type="DEFAULT_VEHTYPE" speed="3.65" pos="186.43" lane="1/1to2/1_0" slope="0.00"/>
        <vehicle id="12" x="159.32" y="401.65" angle="-90.00" type="DEFAULT_VEHTYPE" speed="13.24" pos="35.93" lane="1/2to0/2_0" slope="0.00"/>
        <vehicle id="15" x="401.65" y="38.97" angle="180.00" type="DEFAULT_VEHTYPE" speed="13.48" pos="38.97" lane="2/0to2/1_0" slope="0.00"/>
        <vehicle id="19" x="401.65" y="651.57" angle="180.00" type="DEFAULT_VEHTYPE" speed="12.82" pos="46.82" lane="2/3to2/4_0" slope="0.00"/>
        <vehicle id="2" x="506.77" y="198.35" angle="90.00" type="DEFAULT_VEHTYPE" speed="12.75" pos="102.02" lane="2/1to3/1_0" slope="0.00"/>
        <vehicle id="20" x="696.81" y="598.35" angle="90.00" type="DEFAULT_VEHTYPE" speed="12.79" pos="92.06" lane="3/3to4/3_0" slope="0.00"/>
        <vehicle id="23" x="164.38" y="398.35" angle="90.00" type="DEFAULT_VEHTYPE" speed="12.98" pos="164.38" lane="0/2to1/2_0" slope="0.00"/>
        <vehicle id="24" x="201.65" y="516.80" angle="180.00" type="DEFAULT_VEHTYPE" speed="13.45" pos="112.05" lane="1/2to1/3_0" slope="0.00"/>
        <vehicle id="4" x="398.35" y="784.21" angle="0.00" type="DEFAULT_VEHTYPE" speed="13.85" pos="15.79" lane="2/4to2/3_0" slope="0.00"/>
        <vehicle id="5" x="278.71" y="401.65" angle="-90.00" type="DEFAULT_VEHTYPE" speed="13.61" pos="116.54" lane="2/2to1/2_0" slope="0.00"/>
        <vehicle id="6" x="324.95" y="598.35" angle="90.00" type="DEFAULT_VEHTYPE" speed="13.49" pos="120.20" lane="1/3to2/3_0" slope="0.00"/>
        <vehicle id="7" x="588.94" y="198.35" angle="90.00" type="DEFAULT_VEHTYPE" speed="5.44" pos="184.19" lane="2/1to3/1_0" slope="0.00"/>
        <vehicle id="8" x="504.24" y="401.65" angle="-90.00" type="DEFAULT_VEHTYPE" speed="13.16" pos="91.01" lane="3/2to2/2_0" slope="0.00"/>
    </timestep>
    <timestep time="510.00">
        <vehicle id="0" x="321.77" y="401.65" angle="-90.00" type="DEFAULT_VEHTYPE" speed="13.30" pos="73.48" lane="2/2to1/2_0" slope="0.00"/>
        <vehicle id="10" x="398.35" y="224.14" angle="0.00" type="DEFAULT_VEHTYPE" speed="12.79" pos="171.11" lane="2/2to2/1_0" slope="0.00"/>
        <vehicle id="11" x="392.20" y="198.35" angle="90.00" type="DEFAULT_VEHTYPE" speed="1.02" pos="187.45" lane="1/1to2/1_0" slope="0.00"/>
        <vehicle id="12" x="145.74" y="401.65" angle="-90.00" type="DEFAULT_VEHTYPE" speed="13.58" pos="49.51" lane="1/2to0/2_0" slope="0.00"/>
        <vehicle id="15" x="401.65" y="52.65" angle="180.00" type="DEFAULT_VEHTYPE" speed="13.68" pos="52.65" lane="2/0to2/1_0" slope="0.00"/>
        <vehicle id="19" x="401.65" y="665.20" angle="180.00" type="DEFAULT_VEHTYPE" speed="13.63" pos="60.45" lane="2/3to2/4_0" slope="0.00"/>
        <vehicle id="2" x="519.91" y="198.35" angle="90.00" type="DEFAULT_VEHTYPE" speed="13.14" pos="115.16" lane="2/1to3/1_0" slope="0.00"/>
        <vehicle id="20" x="709.92" y="598.35" angle="90.00" type="DEFAULT_VEHTYPE" speed="13.11" pos="105.17" lane="3/3to4/3_0" slope="0.00"/>
        <vehicle id="23" x="175.41" y="398.35" angle="90.00" type="DEFAULT_VEHTYPE" speed="11.03" pos="175.41" lane="0/2to1/2_0" slope="0.00"/>
        <vehicle id="24" x="201.65" y="529.80" angle="180.00" type="DEFAULT_VEHTYPE" speed="13.00" pos="125.05" lane="1/2to1/3_0" slope="0.00"/>
        <vehicle id="4" x="398.35" y="771.46" angle="0.00" type="DEFAULT_VEHTYPE" speed="12.75" pos="28.54" lane="2/4to2/3_0" slope="0.00"/>
        <vehicle id="5" x="265.84" y="401.65" angle="-90.00" type="DEFAULT_VEHTYPE" speed="12.87" pos="129.41" lane="2/2to1/2_0" slope="0.00"/>
        <vehicle id="6" x="338.35" y="598.35" angle="90.00" type="DEFAULT_VEHTYPE" speed="13.39" pos="133.60" lane="1/3to2/3_0" slope="0.00"/>
        <vehicle id="7" x="595.76" y="198.35" angle="90.00" type="DEFAULT_VEHTYPE" speed="6.82" pos="0.51" lane=":3/1_13_0" slope="0.00"/>
        <vehicle id="8" x="491.57" y="401.65" angle="-90.00" type="DEFAULT_VEHTYPE" speed="12.67" pos="103.68" lane="3/2to2/2_0" slope="0.00"/>
    </timestep>
    <timestep time="511.00">
        <vehicle id="0" x="308.07" y="401.65" angle="-90.00" type="DEFAULT_VEHTYPE" speed="13.71" pos="87.18" lane="2/2to1/2_0" slope="0.00"/>
        <vehicle id="10" x="398.35" y="210.63" angle="0.00" type="DEFAULT_VEHTYPE" speed="13.51" pos="184.62" lane="2/2to2/1_0" slope="0.00"/>
        <vehicle id="11" x="392.60" y="198.35" angle="90.00" type="DEFAULT_VEHTYPE" speed="0.39" pos="187.85" lane="1/1to2/1_0" slope="0.00"/>
        <vehicle id="12" x="132.31" y="401.65" angle="-90.00" type="DEFAULT_VEHTYPE" speed="13.44" pos="62.94" lane="1/2to0/2_0" slope="0.00"/>
        <vehicle id="15" x="401.65" y="66.27" angle="180.00" type="DEFAULT_VEHTYPE" speed="13.61" pos="66.27" lane="2/0to2/1_0" slope="0.00"/>
        <vehicle id="19" x="401.65" y="677.89" angle="180.00" type="DEFAULT_VEHTYPE" speed="12.69" pos="73.14" lane="2/3to2/4_0" slope="0.00"/>
        <vehicle id="2" x="532.66" y="198.35" angle="90.00" type="DEFAULT_VEHTYPE" speed="12.75" pos="127.91" lane="2/1to3/1_0" slope="0.00"/>
        <vehicle id="20" x="723.09" y="598.35" angle="90.00" type="DEFAULT_VEHTYPE" speed="13.17" pos="118.34" lane="3/3to4/3_0" slope="0.00"/>
        <vehicle id="23" x="183.90" y="398.35" angle="90.00" type="DEFAULT_VEHTYPE" speed="8.49" pos="183.90" lane="0/2to1/2_0" slope="0.00"/>
        <vehicle id="24" x="201.65" y="543.69" angle="180.00" type="DEFAULT_VEHTYPE" speed="13.89" pos="138.94" lane="1/2to1/3_0" slope="0.00"/>
        <vehicle id="4" x="398.35" y="758.68" angle="0.00" type="DEFAULT_VEHTYPE" speed="12.78" pos="41.32" lane="2/4to2/3_0" slope="0.00"/>
        <vehicle id="5" x="252.98" y="401.65" angle="-90.00" type="DEFAULT_VEHTYPE" speed="12.86" pos="142.27" lane="2/2to1/2_0" slope="0.00"/>
        <vehicle id="6" x="351.48" y="598.35" angle="90.00" type="DEFAULT_VEHTYPE" speed="13.13" pos="146.73" lane="1/3to2/3_0" slope="0.00"/>
        <vehicle id="7" x="604.22" y="198.35" angle="90.00" type="DEFAULT_VEHTYPE" speed="8.46" pos="8.97" lane=":3/1_13_0" slope="0.00"/>
        <vehicle id="8" x="478.26" y="401.65" angle="-90.00" type="DEFAULT_VEHTYPE" speed="13.31" pos="116.99" lane="3/2to2/2_0" slope="0.00"/>
    </timestep>
    <timestep time="512.00">
        <vehicle id="0" x="295.45" y="401.65" angle="-90.00" type="DEFAULT_VEHTYPE" speed="12.62" pos="99.80" lane="2/2to1/2_0" slope="0.00"/>
        <vehicle id="10" x="398.35" y="197.91" angle="0.00" type="DEFAULT_VEHTYPE" speed="12.72" pos="6.84" lane=":2/1_1_0" slope="0.00"/>
        <vehicle id="11" x="392.73" y="198.35" angle="90.00" type="DEFAULT_VEHTYPE" speed="0.13" pos="187.98" lane="1/1to2/1_0" slope="0.00"/>
        <vehicle id="12" x="119.50" y="401.65" angle="-90.00" type="DEFAULT_VEHTYPE" speed="12.80" pos="75.75" lane="1/2to0/2_0" slope="0.00"/>
        <vehicle id="15" x="401.65" y="79.81" angle="180.00" type="DEFAULT_VEHTYPE" speed="13.55" pos="79.81" lane="2/0to2/1_0" slope="0.00"/>
        <vehicle id="19" x="401.65" y="691.21" angle="180.00" type="DEFAULT_VEHTYPE" speed="13.32" pos="86.46" lane="2/3to2/4_0" slope="0.00"/>
        <vehicle id="2" x="546.35" y="198.35" angle="90.00" type="DEFAULT_VEHTYPE" speed="13.69" pos="141.60" lane="2/1to3/1_0" slope="0.00"/>
        <vehicle id="20" x="735.80" y="598.35" angle="90.00" type="DEFAULT_VEHTYPE" speed="12.71" pos="131.05" lane="3/3to4/3_0" slope="0.00"/>
        <vehicle id="23" x="189.24" y="398.35" angle="90.00" type="DEFAULT_VEHTYPE" speed="5.34" pos="189.24" lane="0/2to1/2_0" slope="0.00"/>
        <vehicle id="24" x="201.65" y="557.06" angle="180.00" type="DEFAULT_VEHTYPE" speed="13.38" pos="152.31" lane="1/2to1/3_0" slope="0.00"/>
        <vehicle id="4" x="398.35" y="745.24" angle="0.00" type="DEFAULT_VEHTYPE" speed="13.44" pos="54.76" lane="2/4to2/3_0" slope="0.00"/>
        <vehicle id="5" x="239.14" y="401.65" angle="-90.00" type="DEFAULT_VEHTYPE" speed="13.84" pos="156.11" lane="2/2to1/2_0" slope="0.00"/>
        <vehicle id="6" x="364.79" y="598.35" angle="90.00" type="DEFAULT_VEHTYPE" speed="13.32" pos="160.04" lane="1/3to2/3_0" slope="0.00"/>
        <vehicle id="7" x="614.59" y="198.35" angle="90.00" type="DEFAULT_VEHTYPE" speed="10.37" pos="9.84" lane="3/1to4/1_0" slope="0.00"/>
        <vehicle id="8" x="465.09" y="401.65" angle="-90.00" type="DEFAULT_VEHTYPE" speed="13.18" pos="130.16" lane="3/2to2/2_0" slope="0.00"/>
    </timestep>
    <timestep time="513.00">
        <vehicle id="0" x="281.64" y="401.65" angle="-90.00" type="DEFAULT_VEHTYPE" speed="13.81" pos="113.61" lane="2/2to1/2_0" slope="0.00"/>
        <vehicle id="10" x="398.35" y="184.36" angle="0.00" type="DEFAULT_VEHTYPE" speed="13.54" pos="10.89" lane="2/1to2/0_0" slope="0.00"/>
        <vehicle id="11" x="395.29" y="198.35" angle="90.00" type="DEFAULT_VEHTYPE" speed="2.56" pos="0.04" lane=":2/1_13_0" slope="0.00"/>
        <vehicle id="12" x="105.98" y="401.65" angle="-90.00" type="DEFAULT_VEHTYPE" speed="13.52" pos="89.27" lane="1/2to0/2_0" slope="0.00"/>
        <vehicle id="15" x="401.65" y="92.58" angle="180.00" type="DEFAULT_VEHTYPE" speed="12.77" pos="92.58" lane="2/0to2/1_0" slope="0.00"/>
        <vehicle id="19" x="401.65" y="704.47" angle="180.00" type="DEFAULT_VEHTYPE" speed="13.26" pos="99.72" lane="2/3to2/4_0" slope="0.00"/>
        <vehicle id="2" x="559.71" y="198.35" angle="90.00" type="DEFAULT_VEHTYPE" speed="13.37" pos="154.96" lane="2/1to3/1_0" slope="0.00"/>
        <vehicle id="20" x="748.91" y="598.35" angle="90.00" type="DEFAULT_VEHTYPE" speed="13.11" pos="144.16" lane="3/3to4/3_0" slope="0.00"/>
        <vehicle id="23" x="196.94" y="398.59" angle="92.77" type="DEFAULT_VEHTYPE" speed="7.72" pos="1.71" lane=":1/2_14_0" slope="0.00"/>
        <vehicle id="24" x="201.65" y="570.26" angle="180.00" type="DEFAULT_VEHTYPE" speed="13.20" pos="165.51" lane="1/2to1/3_0" slope="0.00"/>
        <vehicle id="4" x="398.35" y="732.29" angle="0.00" type="DEFAULT_VEHTYPE" speed="12.95" pos="67.71" lane="2/4to2/3_0" slope="0.00"/>
        <vehicle id="5" x="227.13" y="401.65" angle="-90.00" type="DEFAULT_VEHTYPE" speed="12.01" pos="168.12" lane="2/2to1/2_0" slope="0.00"/>
        <vehicle id="6" x="375.97" y="598.35" angle="90.00" type="DEFAULT_VEHTYPE" speed="11.18" pos="171.22" lane="1/3to2/3_0" slope="0.00"/>
        <vehicle id="7" x="627.30" y="198.35" angle="90.00" type="DEFAULT_VEHTYPE" speed="12.71" pos="22.55" lane="3/1to4/1_0" slope="0.00"/>
        <vehicle id="8" x="451.57" y="401.65" angle="-90.00" type="DEFAULT_VEHTYPE" speed="13.52" pos="143.68" lane="3/2to2/2_0" slope="0.00"/>
    </timestep>
    <timestep time="514.00">
        <vehicle id="0" x="268.91" y="401.65" angle="-90.00" type="DEFAULT_VEHTYPE" speed="12.73" pos="126.34" lane="2/2to1/2_0" slope="0.00"/>
        <vehicle id="10" x="398.35" y="170.90" angle="0.00" type="DEFAULT_VEHTYPE" speed="13.46" pos="24.35" lane="2/1to2/0_0" slope="0.00"/>
        <vehicle id="11" x="399.16" y="198.35" angle="90.00" type="DEFAULT_VEHTYPE" speed="3.87" pos="3.91" lane=":2/1_13_0" slope="0.00"/>
        <vehicle id="12" x="92.19" y="401.65" angle="-90.00" type="DEFAULT_VEHTYPE" speed="13.79" pos="103.06" lane="1/2to0/2_0" slope="0.00"/>
        <vehicle id="15" x="401.65" y="105.96" angle="180.00" type="DEFAULT_VEHTYPE" speed="13.38" pos="105.96" lane="2/0to2/1_0" slope="0.00"/>
        <vehicle id="19" x="401.65" y="717.13" angle="180.00" type="DEFAULT_VEHTYPE" speed="12.66" pos="112.38" lane="2/3to2/4_0" slope="0.00"/>
        <vehicle id="2" x="572.90" y="198.35" angle="90.00" type="DEFAULT_VEHTYPE" speed="13.18" pos="168.15" lane="2/1to3/1_0" slope="0.00"/>
        <vehicle id="20" x="762.60" y="598.35" angle="90.00" type="DEFAULT_VEHTYPE" speed="13.69" pos="157.85" lane="3/3to4/3_0" slope="0.00"/>
        <vehicle id="23" x="201.65" y="405.53" angle="166.85" type="DEFAULT_VEHTYPE" speed="9.40" pos="0.78" lane="1/2to1/3_0" slope="0.00"/>
        <vehicle id="24" x="201.65" y="583.21" angle="180.00" type="DEFAULT_VEHTYPE" speed="12.95" pos="178.46" lane="1/2to1/3_0" slope="0.00"/>
        <vehicle id="4" x="398.35" y="718.42" angle="0.00" type="DEFAULT_VEHTYPE" speed="13.86" pos="81.58" lane="2/4to2/3_0" slope="0.00"/>
        <vehicle id="5" x="217.89" y="401.65" angle="-90.00" type="DEFAULT_VEHTYPE" speed="9.24" pos="177.36" lane="2/2to1/2_0" slope="0.00"/>
        <vehicle id="6" x="384.49" y="598.35" angle="90.00" type="DEFAULT_VEHTYPE" speed="8.51" pos="179.74" lane="1/3to2/3_0" slope="0.00"/>
        <vehicle id="7" x="640.19" y="198.35" angle="90.00" type="DEFAULT_VEHTYPE" speed="12.89" pos="35.44" lane="3/1to4/1_0" slope="0.00"/>
        <vehicle id="8" x="437.98" y="401.65" angle="-90.00" type="DEFAULT_VEHTYPE" speed="13.58" pos="157.27" lane="3/2to2/2_0" slope="0.00"/>
    </timestep>
    <timestep time="515.00">
        <vehicle id="0" x="256.12" y="401.65" angle="-90.00" type="DEFAULT_VEHTYPE" speed="12.79" pos="139.13" lane="2/2to1/2_0" slope="0.00"/>
        <vehicle id="10" x="398.35" y="157.67" angle="0.00" type="DEFAULT_VEHTYPE" speed="13.23" pos="37.58" lane="2/1to2/0_0" slope="0.00"/>
        <vehicle id="11" x="404.67" y="198.35" angle="90.00" type="DEFAULT_VEHTYPE" speed="5.51" pos="9.42" lane=":2/1_13_0" slope="0.00"/>
        <vehicle id="12" x="79.07" y="401.65" angle="-90.00" type="DEFAULT_VEHTYPE" speed="13.12" pos="116.18" lane="1/2to0/2_0" slope="0.00"/>
        <vehicle id="15" x="401.65" y="118.75" angle="180.00" type="DEFAULT_VEHTYPE" speed="12.80" pos="118.75" lane="2/0to2/1_0" slope="0.00"/>
        <vehicle id="19" x="401.65" y="729.90" angle="180.00" type="DEFAULT_VEHTYPE" speed="12.78" pos="125.15" lane="2/3to2/4_0" slope="0.00"/>
        <vehicle id="2" x="582.38" y="198.35" angle="90.00" type="DEFAULT_VEHTYPE" speed="9.49" pos="177.63" lane="2/1to3/1_0" slope="0.00"/>
        <vehicle id="20" x="776.23" y="598.35" angle="90.00" type="DEFAULT_VEHTYPE" speed="13.63" pos="171.48" lane="3/3to4/3_0" slope="0.00"/>
        <vehicle id="23" x="201.65" y="417.20" angle="180.00" type="DEFAULT_VEHTYPE" speed="11.67" pos="12.45" lane="1/2to1/3_0" slope="0.00"/>
        <vehicle id="24" x="201.83" y="596.52" angle="177.96" type="DEFAULT_VEHTYPE" speed="13.32" pos="1.29" lane=":1/3_8_0" slope="0.00"/>
        <vehicle id="4" x="398.35" y="704.77" angle="0.00" type="DEFAULT_VEHTYPE" speed="13.65" pos="95.23" lane="2/4to2/3_0" slope="0.00"/>
        <vehicle id="5" x="212.90" y="401.65" angle="-90.00" type="DEFAULT_VEHTYPE" speed="4.99" pos="182.35" lane="2/2to1/2_0" slope="0.00"/>
        <vehicle id="6" x="389.35" y="598.35" angle="90.00" type="DEFAULT_VEHTYPE" speed="4.87" pos="184.60" lane="1/3to2/3_0" slope="0.00"/>
        <vehicle id="7" x="653.70" y="198.35" angle="90.00" type="DEFAULT_VEHTYPE" speed="13.52" pos="48.95" lane="3/1to4/1_0" slope="0.00"/>
        <vehicle id="8" x="425.28" y="401.65" angle="-90.00" type="DEFAULT_VEHTYPE" speed="12.70" pos="169.97" lane="3/2to2/2_0" slope="0.00"/>
    </timestep>
    <timestep time="516.00">
        <vehicle id="0" x="242.89" y="401.65" angle="-90.00" type="DEFAULT_VEHTYPE" speed="13.23" pos="152.36" lane="2/2to1/2_0" slope="0.00"/>
        <vehicle id="10" x="398.35" y="144.46" angle="0.00" type="DEFAULT_VEHTYPE" speed="13.21" pos="50.79" lane="2/1to2/0_0" slope="0.00"/>
        <vehicle id="11" x="412.52" y="198.35" angle="90.00" type="DEFAULT_VEHTYPE" speed="7.85" pos="7.77" lane="2/1to3/1_0" slope="0.00"/>
        <vehicle id="12" x="65.32" y="401.65" angle="-90.00" type="DEFAULT_VEHTYPE" speed="13.75" pos="129.93" lane="1/2to0/2_0" slope="0.00"/>
        <vehicle id="15" x="401.65" y="131.36" angle="180.00" type="DEFAULT_VEHTYPE" speed="12.61" pos="131.36" lane="2/0to2/1_0" slope="0.00"/>
        <vehicle id="19" x="401.65" y="743.11" angle="180.00" type="DEFAULT_VEHTYPE" speed="13.21" pos="138.36" lane="2/3to2/4_0" slope="0.00"/>
        <vehicle id="2" x="587.37" y="198.35" angle="90.00" type="DEFAULT_VEHTYPE" speed="4.99" pos="182.62" lane="2/1to3/1_0" slope="0.00"/>
        <vehicle id="20" x="788.98" y="598.35" angle="90.00" type="DEFAULT_VEHTYPE" speed="12.76" pos="184.23" lane="3/3to4/3_0" slope="0.00"/>
        <vehicle id="23" x="201.65" y="429.96" angle="180.00" type="DEFAULT_VEHTYPE" speed="12.75" pos="25.21" lane="1/2to1/3_0" slope="0.00"/>
        <vehicle id="24" x="213.67" y="598.35" angle="90.00" type="DEFAULT_VEHTYPE" speed="12.63" pos="8.92" lane="1/3to2/3_0" slope="0.00"/>
        <vehicle id="4" x="398.35" y="691.31" angle="0.00" type="DEFAULT_VEHTYPE" speed="13.46" pos="108.69" lane="2/4to2/3_0" slope="0.00"/>
        <vehicle id="5" x="209.33" y="401.65" angle="-90.00" type="DEFAULT_VEHTYPE" speed="3.56" pos="185.92" lane="2/2to1/2_0" slope="0.00"/>
        <vehicle id="6" x="396.24" y="598.49" angle="91.62" type="DEFAULT_VEHTYPE" speed="6.89" pos="1.00" lane=":2/3_14_0" slope="0.00"/>
        <vehicle id="7" x="666.90" y="198.35" angle="90.00" type="DEFAULT_VEHTYPE" speed="13.20" pos="62.15" lane="3/1to4/1_0" slope="0.00"/>
        <vehicle id="8" x="416.83" y="401.65" angle="-90.00" type="DEFAULT_VEHTYPE" speed="8.45" pos="178.42" lane="3/2to2/2_0" slope="0.00"/>
    </timestep>
    <timestep time="517.00">
        <vehicle id="0" x="231.51" y="401.65" angle="-90.00" type="DEFAULT_VEHTYPE" speed="11.38" pos="163.74" lane="2/2to1/2_0" slope="0.00"/>
        <vehicle id="10" x="398.35" y="130.72" angle="0.00" type="DEFAULT_VEHTYPE" speed="13.74" pos="64.53" lane="2/1to2/0_0" slope="0.00"/>
        <vehicle id="11" x="421.94" y="198.35" angle="90.00" type="DEFAULT_VEHTYPE" speed="9.42" pos="17.19" lane="2/1to3/1_0" slope="0.00"/>
        <vehicle id="12" x="51.96" y="401.65" angle="-90.00" type="DEFAULT_VEHTYPE" speed="13.36" pos="143.29" lane="1/2to0/2_0" slope="0.00"/>
        <vehicle id="15" x="401.65" y="145.24" angle="180.00" type="DEFAULT_VEHTYPE" speed="13.88" pos="145.24" lane="2/0to2/1_0" slope="0.00"/>
        <vehicle id="19" x="401.65" y="756.59" angle="180.00" type="DEFAULT_VEHTYPE" speed="13.47" pos="151.84" lane="2/3to2/4_0" slope="0.00"/>
        <vehicle id="2" x="590.27" y="198.35" angle="90.00" type="DEFAULT_VEHTYPE" speed="2.90" pos="185.52" lane="2/1to3/1_0" slope="0.00"/>
        <vehicle id="20" x="801.47" y="600.37" angle="118.96" type="DEFAULT_VEHTYPE" speed="13.84" pos="2.82" lane=":4/3_0_0" slope="0.00"/>
        <vehicle id="23" x="201.65" y="442.79" angle="180.00" type="DEFAULT_VEHTYPE" speed="12.83" pos="38.04" lane="1/2to1/3_0" slope="0.00"/>
        <vehicle id="24" x="226.37" y="598.35" angle="90.00" type="DEFAULT_VEHTYPE" speed="12.70" pos="21.62" lane="1/3to2/3_0" slope="0.00"/>
        <vehicle id="4" x="398.35" y="677.78" angle="0.00" type="DEFAULT_VEHTYPE" speed="13.54" pos="122.22" lane="2/4to2/3_0" slope="0.00"/>
        <vehicle id="5" x="203.72" y="401.65" angle="-90.00" type="DEFAULT_VEHTYPE" speed="5.61" pos="1.03" lane=":1/2_5_0" slope="0.00"/>
        <vehicle id="6" x="401.63" y="604.58" angle="161.12" type="DEFAULT_VEHTYPE" speed="9.15" pos="10.15" lane=":2/3_14_0" slope="0.00"/>
        <vehicle id="7" x="680.14" y="198.35" angle="90.00" type="DEFAULT_VEHTYPE" speed="13.23" pos="75.39" lane="3/1to4/1_0" slope="0.00"/>
        <vehicle id="8" x="411.84" y="401.65" angle="-90.00" type="DEFAULT_VEHTYPE" speed="5.00" pos="183.41" lane="3/2to2/2_0" slope="0.00"/>
    </timestep>
    <timestep time="518.00">
        <vehicle id="0" x="220.93" y="401.65" angle="-90.00" type="DEFAULT_VEHTYPE" speed="10.58" pos="174.32" lane="2/2to1/2_0" slope="0.00"/>
        <vehicle id="10" x="398.35" y="117.57" angle="0.00" type="DEFAULT_VEHTYPE" speed="13.15" pos="77.68" lane="2/1to2/0_0" slope="0.00"/>
        <vehicle id="11" x="433.77" y="198.35" angle="90.00" type="DEFAULT_VEHTYPE" speed="11.82" pos="29.02" lane="2/1to3/1_0" slope="0.00"/>
        <vehicle id="12" x="38.53" y="401.65" angle="-90.00" type="DEFAULT_VEHTYPE" speed="13.43" pos="156.72" lane="1/2to0/2_0" slope="0.00"/>
        <vehicle id="15" x="401.65" y="158.58" angle="180.00" type="DEFAULT_VEHTYPE" speed="13.34" pos="158.58" lane="2/0to2/1_0" slope="0.00"/>
        <vehicle id="19" x="401.65" y="770.34" angle="180.00" type="DEFAULT_VEHTYPE" speed="13.75" pos="165.59" lane="2/3to2/4_0" slope="0.00"/>
        <vehicle id="2" x="594.51" y="198.35" angle="90.00" type="DEFAULT_VEHTYPE" speed="4.24" pos="189.76" lane="2/1to3/1_0" slope="0.00"/>
        <vehicle id="20" x="788.11" y="601.65" angle="-90.00" type="DEFAULT_VEHTYPE" speed="13.89" pos="11.89" lane="4/3to3/3_0" slope="0.00"/>
        <vehicle id="23" x="201.65" y="456.46" angle="180.00" type="DEFAULT_VEHTYPE" speed="13.67" pos="51.71" lane="1/2to1/3_0" slope="0.00"/>
        <vehicle id="24" x="239.79" y="598.35" angle="90.00" type="DEFAULT_VEHTYPE" speed="13.42" pos="35.04" lane="1/3to2/3_0" slope="0.00"/>
        <vehicle id="4" x="398.35" y="665.12" angle="0.00" type="DEFAULT_VEHTYPE" speed="12.66" pos="134.88" lane="2/4to2/3_0" slope="0.00"/>
        <vehicle id="5" x="196.52" y="401.65" angle="-90.00" type="DEFAULT_VEHTYPE" speed="7.21" pos="8.23" lane=":1/2_5_0" slope="0.00"/>
        <vehicle id="6" x="401.65" y="616.21" angle="180.00" type="DEFAULT_VEHTYPE" speed="11.63" pos="11.46" lane="2/3to2/4_0" slope="0.00"/>
        <vehicle id="7" x="692.79" y="198.35" angle="90.00" type="DEFAULT_VEHTYPE" speed="12.65" pos="88.04" lane="3/1to4/1_0" slope="0.00"/>
        <vehicle id="8" x="409.30" y="401.65" angle="-90.00" type="DEFAULT_VEHTYPE" speed="2.54" pos="185.95" lane="3/2to2/2_0" slope="0.00"/>
    </timestep>
    <timestep time="519.00">
        <vehicle id="0" x="213.81" y="401.65" angle="-90.00" type="DEFAULT_VEHTYPE" speed="7.12" pos="181.44" lane="2/2to1/2_0" slope="0.00"/>
        <vehicle id="10" x="398.35" y="104.12" angle="0.00" type="DEFAULT_VEHTYPE" speed="13.44" pos="91.13" lane="2/1to2/0_0" slope="0.00"/>
        <vehicle id="11" x="447.47" y="198.35" angle="90.00" type="DEFAULT_VEHTYPE" speed="13.70" pos="42.72" lane="2/1to3/1_0" slope="0.00"/>
        <vehicle id="12" x="25.66" y="401.65" angle="-90.00" type="DEFAULT_VEHTYPE" speed="12.87" pos="169.59" lane="1/2to0/2_0" slope="0.00"/>
        <vehicle id="15" x="401.65" y="171.97" angle="180.00" type="DEFAULT_VEHTYPE" speed="13.39" pos="171.97" lane="2/0to2/1_0" slope="0.00"/>
        <vehicle id="19" x="401.65" y="783.89" angle="180.00" type="DEFAULT_VEHTYPE" speed="13.55" pos="179.14" lane="2/3to2/4_0" slope="0.00"/>
        <vehicle id="2" x="599.92" y="199.87" angle="108.06" type="DEFAULT_VEHTYPE" speed="5.74" pos="5.01" lane=":3/1_14_0" slope="0.00"/>
        <vehicle id="20" x="775.51" y="601.65" angle="-90.00" type="DEFAULT_VEHTYPE" speed="12.60" pos="24.49" lane="4/3to3/3_0" slope="0.00"/>
        <vehicle id="23" x="201.65" y="469.58" angle="180.00" type="DEFAULT_VEHTYPE" speed="13.12" pos="64.83" lane="1/2to1/3_0" slope="0.00"/>
        <vehicle id="24" x="253.21" y="598.35" angle="90.00" type="DEFAULT_VEHTYPE" speed="13.42" pos="48.46" lane="1/3to2/3_0" slope="0.00"/>
        <vehicle id="4" x="398.35" y="651.77" angle="0.00" type="DEFAULT_VEHTYPE" speed="13.35" pos="148.23" lane="2/4to2/3_0" slope="0.00"/>
        <vehicle id="5" x="187.15" y="401.65" angle="-90.00" type="DEFAULT_VEHTYPE" speed="9.37" pos="8.10" lane="1/2to0/2_0" slope="0.00"/>
        <vehicle id="6" x="401.65" y="629.66" angle="180.00" type="DEFAULT_VEHTYPE" speed="13.45" pos="24.91" lane="2/3to2/4_0" slope="0.00"/>
        <vehicle id="7" x="705.57" y="198.35" angle="90.00" type="DEFAULT_VEHTYPE" speed="12.79" pos="100.82" lane="3/1to4/1_0" slope="0.00"/>
        <vehicle id="8" x="405.05" y="401.65" angle="-90.00" type="DEFAULT_VEHTYPE" speed="4.25" pos="190.20" lane="3/2to2/2_0" slope="0.00"/>
    </timestep>
    <timestep time="520.00">
        <vehicle id="0" x="209.51" y="401.65" angle="-90.00" type="DEFAULT_VEHTYPE" speed="4.30" pos="185.74" lane="2/2to1/2_0" slope="0.00"/>
        <vehicle id="10" x="398.35" y="90.59" angle="0.00" type="DEFAULT_VEHTYPE" speed="13.53" pos="104.66" lane="2/1to2/0_0" slope="0.00"/>
        <vehicle id="11" x="460.53" y="198.35" angle="90.00" type="DEFAULT_VEHTYPE" speed="13.06" pos="55.78" lane="2/1to3/1_0" slope="0.00"/>
        <vehicle id="12" x="12.78" y="401.65" angle="-90.00" type="DEFAULT_VEHTYPE" speed="12.88" pos="182.47" lane="1/2to0/2_0" slope="0.00"/>
        <vehicle id="15" x="401.65" y="185.63" angle="180.00" type="DEFAULT_VEHTYPE" speed="13.66" pos="185.63" lane="2/0to2/1_0" slope="0.00"/>
        <vehicle id="19" x="401.65" y="797.64" angle="180.00" type="DEFAULT_VEHTYPE" speed="13.75" pos="192.89" lane="2/3to2/4_0" slope="0.00"/>
        <vehicle id="2" x="601.65" y="206.99" angle="175.52" type="DEFAULT_VEHTYPE" speed="7.56" pos="2.24" lane="3/1to3/2_0" slope="0.00"/>
        <vehicle id="20" x="762.47" y="601.65" angle="-90.00" type="DEFAULT_VEHTYPE" speed="13.03" pos="37.53" lane="4/3to3/3_0" slope="0.00"/>
        <vehicle id="23" x="201.65" y="482.43" angle="180.00" type="DEFAULT_VEHTYPE" speed="12.85" pos="77.68" lane="1/2to1/3_0" slope="0.00"/>
        <vehicle id="24" x="266.06" y="598.35" angle="90.00" type="DEFAULT_VEHTYPE" speed="12.85" pos="61.31" lane="1/3to2/3_0" slope="0.00"/>
        <vehicle id="4" x="398.35" y="638.06" angle="0.00" type="DEFAULT_VEHTYPE" speed="13.71" pos="161.94" lane="2/4to2/3_0" slope="0.00"/>
        <vehicle id="5" x="175.73" y="401.65" angle="-90.00" type="DEFAULT_VEHTYPE" speed="11.41" pos="19.52" lane="1/2to0/2_0" slope="0.00"/>
        <vehicle id="6" x="401.65" y="642.26" angle="180.00" type="DEFAULT_VEHTYPE" speed="12.60" pos="37.51" lane="2/3to2/4_0" slope="0.00"/>
        <vehicle id="7" x="719.35" y="198.35" angle="90.00" type="DEFAULT_VEHTYPE" speed="13.77" pos="114.60" lane="3/1to4/1_0" slope="0.00"/>
        <vehicle id="8" x="398.34" y="401.65" angle="-90.00" type="DEFAULT_VEHTYPE" speed="6.71" pos="6.41" lane=":2/2_5_0" slope="0.00"/>
    </timestep>
    <timestep time="521.00">
        <vehicle id="0" x="203.51" y="401.65" angle="-90.00" type="DEFAULT_VEHTYPE" speed="6.00" pos="1.24" lane=":1/2_5_0" slope="0.00"/>
        <vehicle id="10" x="398.35" y="76.82" angle="0.00" type="DEFAULT_VEHTYPE" speed="13.76" pos="118.43" lane="2/1to2/0_0" slope="0.00"/>
        <vehicle id="11" x="474.28" y="198.35" angle="90.00" type="DEFAULT_VEHTYPE" speed="13.75" pos="69.53" lane="2/1to3/1_0" slope="0.00"/>
        <vehicle id="12" x="-0.56" y="401.28" angle="-85.65" type="DEFAULT_VEHTYPE" speed="13.46" pos="0.67" lane=":0/2_0_0" slope="0.00"/>
        <vehicle id="15" x="403.23" y="198.07" angle="160.11" type="DEFAULT_VEHTYPE" speed="13.07" pos="3.45" lane=":2/1_8_0" slope="0.00"/>
        <vehicle id="19" x="398.35" y="794.02" angle="0.00" type="DEFAULT_VEHTYPE" speed="13.16" pos="5.98" lane="2/4to2/3_0" slope="0.00"/>
        <vehicle id="2" x="601.65" y="216.58" angle="180.00" type="DEFAULT_VEHTYPE" speed="9.59" pos="11.83" lane="3/1to3/2_0" slope="0.00"/>
        <vehicle id="20" x="748.65" y="601.65" angle="-90.00" type="DEFAULT_VEHTYPE" speed="13.82" pos="51.35" lane="4/3to3/3_0" slope="0.00"/>
        <vehicle id="23" x="201.65" y="496.13" angle="180.00" type="DEFAULT_VEHTYPE" speed="13.70" pos="91.38" lane="1/2to1/3_0" slope="0.00"/>
        <vehicle id="24" x="279.57" y="598.35" angle="90.00" type="DEFAULT_VEHTYPE" speed="13.51" pos="74.82" lane="1/3to2/3_0" slope="0.00"/>
        <vehicle id="4" x="398.35" y="625.04" angle="0.00" type="DEFAULT_VEHTYPE" speed="13.02" pos="174.96" lane="2/4to2/3_0" slope="0.00"/>
        <vehicle id="5" x="162.28" y="401.65" angle="-90.00" type="DEFAULT_VEHTYPE" speed="13.45" pos="32.97" lane="1/2to0/2_0" slope="0.00"/>
        <vehicle id="6" x="401.65" y="655.95" angle="180.00" type="DEFAULT_VEHTYPE" speed="13.69" pos="51.20" lane="2/3to2/4_0" slope="0.00"/>
        <vehicle id="7" x="732.76" y="198.35" angle="90.00" type="DEFAULT_VEHTYPE" speed="13.41" pos="128.01" lane="3/1to4/1_0" slope="0.00"/>
        <vehicle id="8" x="389.83" y="401.65" angle="-90.00" type="DEFAULT_VEHTYPE" speed="8.51" pos="5.42" lane="2/2to1/2_0" slope="0.00"/>
    </timestep>
    <timestep time="522.00">
        <vehicle id="0" x="195.86" y="401.65" angle="-90.00" type="DEFAULT_VEHTYPE" speed="7.65" pos="8.89" lane=":1/2_5_0" slope="0.00"/>
        <vehicle id="10" x="398.35" y="64.10" angle="0.00" type="DEFAULT_VEHTYPE" speed="12.72" pos="131.15" lane="2/1to2/0_0" slope="0.00"/>
        <vehicle id="11" x="487.20" y="198.35" angle="90.00" type="DEFAULT_VEHTYPE" speed="12.91" pos="82.45" lane="2/1to3/1_0" slope="0.00"/>
        <vehicle id="12" x="9.68" y="398.35" angle="90.00" type="DEFAULT_VEHTYPE" speed="13.83" pos="9.68" lane="0/2to1/2_0" slope="0.00"/>
        <vehicle id="15" x="416.61" y="198.35" angle="90.00" type="DEFAULT_VEHTYPE" speed="13.42" pos="11.86" lane="2/1to3/1_0" slope="0.00"/>
        <vehicle id="19" x="398.35" y="780.98" angle="0.00" type="DEFAULT_VEHTYPE" speed="13.04" pos="19.02" lane="2/4to2/3_0" slope="0.00"/>
        <vehicle id="2" x="601.65" y="227.51" angle="180.00" type="DEFAULT_VEHTYPE" speed="10.93" pos="22.76" lane="3/1to3/2_0" slope="0.00"/>
        <vehicle id="20" x="735.83" y="601.65" angle="-90.00" type="DEFAULT_VEHTYPE" speed="12.82" pos="64.17" lane="4/3to3/3_0" slope="0.00"/>
        <vehicle id="23" x="201.65" y="509.09" angle="180.00" type="DEFAULT_VEHTYPE" speed="12.96" pos="104.34" lane="1/2to1/3_0" slope="0.00"/>
        <vehicle id="24" x="292.28" y="598.35" angle="90.00" type="DEFAULT_VEHTYPE" speed="12.71" pos="87.53" lane="1/3to2/3_0" slope="0.00"/>
        <vehicle id="4" x="398.35" y="611.40" angle="0.00" type="DEFAULT_VEHTYPE" speed="13.64" pos="188.60" lane="2/4to2/3_0" slope="0.00"/>
        <vehicle id="5" x="149.53" y="401.65" angle="-90.00" type="DEFAULT_VEHTYPE" speed="12.76" pos="45.72" lane="1/2to0/2_0" slope="0.00"/>
        <vehicle id="6" x="401.65" y="669.20" angle="180.00" type="DEFAULT_VEHTYPE" speed="13.25" pos="64.45" lane="2/3to2/4_0" slope="0.00"/>
        <vehicle id="7" x="745.52" y="198.35" angle="90.00" type="DEFAULT_VEHTYPE" speed="12.76" pos="140.77" lane="3/1to4/1_0" slope="0.00"/>
        <vehicle id="8" x="379.55" y="401.65" angle="-90.00" type="DEFAULT_VEHTYPE" speed="10.28" pos="15.70" lane="2/2to1/2_0" slope="0.00"/>
    </timestep>
    <timestep time="523.00">
        <vehicle id="0" x="186.43" y="401.65" angle="-90.00" type="DEFAULT_VEHTYPE" speed="9.44" pos="8.82" lane="1/2to0/2_0" slope="0.00"/>
        <vehicle id="10" x="398.35" y="51.49" angle="0.00" type="DEFAULT_VEHTYPE" speed="12.61" pos="143.76" lane="2/1to2/0_0" slope="0.00"/>
        <vehicle id="11" x="501.02" y="198.35" angle="90.00" type="DEFAULT_VEHTYPE" speed="13.82" pos="96.27" lane="2/1to3/1_0" slope="0.00"/>
        <vehicle id="12" x="23.00" y="398.35" angle="90.00" type="DEFAULT_VEHTYPE" speed="13.32" pos="23.00" lane="0/2to1/2_0" slope="0.00"/>
        <vehicle id="15" x="429.81" y="198.35" angle="90.00" type="DEFAULT_VEHTYPE" speed="13.20" pos="25.06" lane="2/1to3/1_0" slope="0.00"/>
        <vehicle id="19" x="398.35" y="767.51" angle="0.00" type="DEFAULT_VEHTYPE" speed="13.48" pos="32.49" lane="2/4to2/3_0" slope="0.00"/>
        <vehicle id="2" x="601.65" y="240.62" angle="180.00" type="DEFAULT_VEHTYPE" speed="13.11" pos="35.87" lane="3/1to3/2_0" slope="0.00"/>
        <vehicle id="20" x="722.33" y="601.65" angle="-90.00" type="DEFAULT_VEHTYPE" speed="13.50" pos="77.67" lane="4/3to3/3_0" slope="0.00"/>
        <vehicle id="23" x="201.65" y="521.75" angle="180.00" type="DEFAULT_VEHTYPE" speed="12.65" pos="117.00" lane="1/2to1/3_0" slope="0.00"/>
        <vehicle id="24" x="305.44" y="598.35" angle="90.00" type="DEFAULT_VEHTYPE" speed="13.17" pos="100.69" lane="1/3to2/3_0" slope="0.00"/>
        <vehicle id="4" x="398.35" y="598.51" angle="0.00" type="DEFAULT_VEHTYPE" speed="12.88" pos="6.24" lane=":2/3_1_0" slope="0.00"/>
        <vehicle id="5" x="136.35" y="401.65" angle="-90.00" type="DEFAULT_VEHTYPE" speed="13.18" pos="58.90" lane="1/2to0/2_0" slope="0.00"/>
        <vehicle id="6" x="401.65" y="683.08" angle="180.00" type="DEFAULT_VEHTYPE" speed="13.88" pos="78.33" lane="2/3to2/4_0" slope="0.00"/>
        <vehicle id="7" x="758.38" y="198.35" angle="90.00" type="DEFAULT_VEHTYPE" speed="12.86" pos="153.63" lane="3/1to4/1_0" slope="0.00"/>
        <vehicle id="8" x="367.34" y="401.65" angle="-90.00" type="DEFAULT_VEHTYPE" speed="12.21" pos="27.91" lane="2/2to1/2_0" slope="0.00"/>
    </timestep>
    <timestep time="524.00">
        <vehicle id="0" x="174.46" y="401.65" angle="-90.00" type="DEFAULT_VEHTYPE" speed="11.96" pos="20.79" lane="1/2to0/2_0" slope="0.00"/>
        <vehicle id="10" x="398.35" y="38.18" angle="0.00" type="DEFAULT_VEHTYPE" speed="13.32" pos="157.07" lane="2/1to2/0_0" slope="0.00"/>
        <vehicle id="11" x="514.41" y="198.35" angle="90.00" type="DEFAULT_VEHTYPE" speed="13.40" pos="109.66" lane="2/1to3/1_0" slope="0.00"/>
        <vehicle id="12" x="36.25" y="398.35" angle="90.00" type="DEFAULT_VEHTYPE" speed="13.25" pos="36.25" lane="0/2to1/2_0" slope="0.00"/>
        <vehicle id="15" x="443.62" y="198.35" angle="90.00" type="DEFAULT_VEHTYPE" speed="13.81" pos="38.87" lane="2/1to3/1_0" slope="0.00"/>
        <vehicle id="19" x="398.35" y="753.68" angle="0.00" type="DEFAULT_VEHTYPE" speed="13.83" pos="46.32" lane="2/4to2/3_0" slope="0.00"/>
        <vehicle id="2" x="601.65" y="254.25" angle="180.00" type="DEFAULT_VEHTYPE" speed="13.63" pos="49.50" lane="3/1to3/2_0" slope="0.00"/>
        <vehicle id="20" x="709.28" y="601.65" angle="-90.00" type="DEFAULT_VEHTYPE" speed="13.06" pos="90.72" lane="4/3to3/3_0" slope="0.00"/>
        <vehicle id="23" x="201.65" y="535.13" angle="180.00" type="DEFAULT_VEHTYPE" speed="13.39" pos="130.38" lane="1/2to1/3_0" slope="0.00"/>
        <vehicle id="24" x="318.40" y="598.35" angle="90.00" type="DEFAULT_VEHTYPE" speed="12.96" pos="113.65" lane="1/3to2/3_0" slope="0.00"/>
        <vehicle id="4" x="398.35" y="584.90" angle="0.00" type="DEFAULT_VEHTYPE" speed="13.61" pos="10.35" lane="2/3to2/2_0" slope="0.00"/>
        <vehicle id="5" x="122.69" y="401.65" angle="-90.00" type="DEFAULT_VEHTYPE" speed="13.66" pos="72.56" lane="1/2to0/2_0" slope="0.00"/>
        <vehicle id="6" x="401.65" y="696.52" angle="180.00" type="DEFAULT_VEHTYPE" speed="13.43" pos="91.77" lane="2/3to2/4_0" slope="0.00"/>
        <vehicle id="7" x="771.21" y="198.35" angle="90.00" type="DEFAULT_VEHTYPE" speed="12.83" pos="166.46" lane="3/1to4/1_0" slope="0.00"/>
        <vehicle id="8" x="354.71" y="401.65" angle="-90.00" type="DEFAULT_VEHTYPE" speed="12.64" pos="40.54" lane="2/2to1/2_0" slope="0.00"/>
    </timestep>
    <timestep time="525.00">
        <vehicle id="0" x="161.42" y="401.65" angle="-90.00" type="DEFAULT_VEHTYPE" speed="13.04" pos="33.83" lane="1/2to0/2_0" slope="0.00"/>
        <vehicle id="10" x="398.35" y="24.82" angle="0.00" type="DEFAULT_VEHTYPE" speed="13.36" pos="170.43" lane="2/1to2/0_0" slope="0.00"/>
        <vehicle id="11" x="527.26" y="198.35" angle="90.00" type="DEFAULT_VEHTYPE" speed="12.85" pos="122.51" lane="2/1to3/1_0" slope="0.00"/>
        <vehicle id="12" x="49.13" y="398.35" angle="90.00" type="DEFAULT_VEHTYPE" speed="12.87" pos="49.13" lane="0/2to1/2_0" slope="0.00"/>
        <vehicle id="15" x="457.13" y="198.35" angle="90.00" type="DEFAULT_VEHTYPE" speed="13.51" pos="52.38" lane="2/1to3/1_0" slope="0.00"/>
        <vehicle id="19" x="398.35" y="740.72" angle="0.00" type="DEFAULT_VEHTYPE" speed="12.96" pos="59.28" lane="2/4to2/3_0" slope="0.00"/>
        <vehicle id="2" x="601.65" y="266.96" angle="180.00" type="DEFAULT_VEHTYPE" speed="12.71" pos="62.21" lane="3/1to3/2_0" slope="0.00"/>
        <vehicle id="20" x="696.57" y="601.65" angle="-90.00" type="DEFAULT_VEHTYPE" speed="12.71" pos="103.43" lane="4/3to3/3_0" slope="0.00"/>
        <vehicle id="23" x="201.65" y="548.71" angle="180.00" type="DEFAULT_VEHTYPE" speed="13.57" pos="143.96" lane="1/2to1/3_0" slope="0.00"/>
        <vehicle id="24" x="331.71" y="598.35" angle="90.00" type="DEFAULT_VEHTYPE" speed="13.31" pos="126.96" lane="1/3to2/3_0" slope="0.00"/>
        <vehicle id="4" x="398.35" y="571.92" angle="0.00" type="DEFAULT_VEHTYPE" speed="12.98" pos="23.33" lane="2/3to2/2_0" slope="0.00"/>
        <vehicle id="5" x="110.03" y="401.65" angle="-90.00" type="DEFAULT_VEHTYPE" speed="12.66" pos="85.22" lane="1/2to0/2_0" slope="0.00"/>
        <vehicle id="6" x="401.65" y="709.20" angle="180.00" type="DEFAULT_VEHTYPE" speed="12.68" pos="104.45" lane="2/3to2/4_0" slope="0.00"/>
        <vehicle id="7" x="784.63" y="198.35" angle="90.00" type="DEFAULT_VEHTYPE" speed="13.42" pos="179.88" lane="3/1to4/1_0" slope="0.00"/>
        <vehicle id="8" x="341.92" y="401.65" angle="-90.00" type="DEFAULT_VEHTYPE" speed="12.79" pos="53.33" lane="2/2to1/2_0" slope="0.00"/>
    </timestep>
    <timestep time="526.00">
        <vehicle id="0" x="148.27" y="401.65" angle="-90.00" type="DEFAULT_VEHTYPE" speed="13.15" pos="46.98" lane="1/2to0/2_0" slope="0.00"/>
        <vehicle id="10" x="398.35" y="11.03" angle="0.00" type="DEFAULT_VEHTYPE" speed="13.79" pos="184.22" lane="2/1to2/0_0" slope="0.00"/>
        <vehicle id="11" x="540.00" y="198.35" angle="90.00" type="DEFAULT_VEHTYPE" speed="12.74" pos="135.25" lane="2/1to3/1_0" slope="0.00"/>
        <vehicle id="12" x="62.99" y="398.35" angle="90.00" type="DEFAULT_VEHTYPE" speed="13.87" pos="62.99" lane="0/2to1/2_0" slope="0.00"/>
        <vehicle id="15" x="470.76" y="198.35" angle="90.00" type="DEFAULT_VEHTYPE" speed="13.63" pos="66.01" lane="2/1to3/1_0" slope="0.00"/>
        <vehicle id="19" x="398.35" y="727.61" angle="0.00" type="DEFAULT_VEHTYPE" speed="13.11" pos="72.39" lane="2/4to2/3_0" slope="0.00"/>
        <vehicle id="2" x="601.65" y="279.96" angle="180.00" type="DEFAULT_VEHTYPE" speed="13.00" pos="75.21" lane="3/1to3/2_0" slope="0.00"/>
        <vehicle id="20" x="683.17" y="601.65" angle="-90.00" type="DEFAULT_VEHTYPE" speed="13.40" pos="116.83" lane="4/3to3/3_0" slope="0.00"/>
        <vehicle id="23" x="201.65" y="561.36" angle="180.00" type="DEFAULT_VEHTYPE" speed="12.66" pos="156.61" lane="1/2to1/3_0" slope="0.00"/>
        <vehicle id="24" x="344.75" y="598.35" angle="90.00" type="DEFAULT_VEHTYPE" speed="13.04" pos="140.00" lane="1/3to2/3_0" slope="0.00"/>
        <vehicle id="4" x="398.35" y="558.35" angle="0.00" type="DEFAULT_VEHTYPE" speed="13.57" pos="36.90" lane="2/3to2/2_0" slope="0.00"/>
        <vehicle id="5" x="96.31" y="401.65" angle="-90.00" type="DEFAULT_VEHTYPE" speed="13.72" pos="98.94" lane="1/2to0/2_0" slope="0.00"/>
        <vehicle id="6" x="401.65" y="722.06" angle="180.00" type="DEFAULT_VEHTYPE" speed="12.87" pos="117.31" lane="2/3to2/4_0" slope="0.00"/>
        <vehicle id="7" x="797.67" y="198.35" angle="90.00" type="DEFAULT_VEHTYPE" speed="13.03" pos="192.92" lane="3/1to4/1_0" slope="0.00"/>
        <vehicle id="8" x="328.56" y="401.65" angle="-90.00" type="DEFAULT_VEHTYPE" speed="13.35" pos="66.69" lane="2/2to1/2_0" slope="0.00"/>
    </timestep>
    <timestep time="527.00">
        <vehicle id="0" x="135.52" y="401.65" angle="-90.00" type="DEFAULT_VEHTYPE" speed="12.75" pos="59.73" lane="1/2to0/2_0" slope="0.00"/>
        <vehicle id="10" x="399.67" y="-1.49" angle="16.53" type="DEFAULT_VEHTYPE" speed="13.07" pos="2.04" lane=":2/0_0_0" slope="0.00"/>
        <vehicle id="11" x="552.82" y="198.35" angle="90.00" type="DEFAULT_VEHTYPE" speed="12.81" pos="148.07" lane="2/1to3/1_0" slope="0.00"/>
        <vehicle id="12" x="76.21" y="398.35" angle="90.00" type="DEFAULT_VEHTYPE" speed="13.22" pos="76.21" lane="0/2to1/2_0" slope="0.00"/>
        <vehicle id="15" x="484.28" y="198.35" angle="90.00" type="DEFAULT_VEHTYPE" speed="13.52" pos="79.53" lane="2/1to3/1_0" slope="0.00"/>
        <vehicle id="19" x="398.35" y="714.61" angle="0.00" type="DEFAULT_VEHTYPE" speed="13.00" pos="85.39" lane="2/4to2/3_0" slope="0.00"/>
        <vehicle id="2" x="601.65" y="292.62" angle="180.00" type="DEFAULT_VEHTYPE" speed="12.66" pos="87.87" lane="3/1to3/2_0" slope="0.00"/>
        <vehicle id="20" x="670.21" y="601.65" angle="-90.00" type="DEFAULT_VEHTYPE" speed="12.96" pos="129.79" lane="4/3to3/3_0" slope="0.00"/>
        <vehicle id="23" x="201.65" y="574.60" angle="180.00" type="DEFAULT_VEHTYPE" speed="13.24" pos="169.85" lane="1/2to1/3_0" slope="0.00"/>
        <vehicle id="24" x="357.42" y="598.35" angle="90.00" type="DEFAULT_VEHTYPE" speed="12.67" pos="152.67" lane="1/3to2/3_0" slope="0.00"/>
        <vehicle id="4" x="398.35" y="545.31" angle="0.00" type="DEFAULT_VEHTYPE" speed="13.04" pos="49.94" lane="2/3to2/2_0" slope="0.00"/>
        <vehicle id="5" x="83.46" y="401.65" angle="-90.00" type="DEFAULT_VEHTYPE" speed="12.85" pos="111.79" lane="1/2to0/2_0" slope="0.00"/>
        <vehicle id="6" x="401.65" y="734.96" angle="180.00" type="DEFAULT_VEHTYPE" speed="12.90" pos="130.21" lane="2/3to2/4_0" slope="0.00"/>
        <vehicle id="7" x="794.15" y="201.65" angle="-90.00" type="DEFAULT_VEHTYPE" speed="13.00" pos="5.85" lane="4/1to3/1_0" slope="0.00"/>
        <vehicle id="8" x="315.62" y="401.65" angle="-90.00" type="DEFAULT_VEHTYPE" speed="12.94" pos="79.63" lane="2/2to1/2_0" slope="0.00"/>
    </timestep>
    <timestep time="528.00">
        <vehicle id="0" x="122.51" y="401.65" angle="-90.00" type="DEFAULT_VEHTYPE" speed="13.01" pos="72.74" lane="1/2to0/2_0" slope="0.00"/>
        <vehicle id="10" x="401.65" y="10.70" angle="180.00" type="DEFAULT_VEHTYPE" speed="13.48" pos="10.70" lane="2/0to2/1_0" slope="0.00"/>
        <vehicle id="11" x="566.04" y="198.35" angle="90.00" type="DEFAULT_VEHTYPE" speed="13.22" pos="161.29" lane="2/1to3/1_0" slope="0.00"/>
        <vehicle id="12" x="89.46" y="398.35" angle="90.00" type="DEFAULT_VEHTYPE" speed="13.25" pos="89.46" lane="0/2to1/2_0" slope="0.00"/>
        <vehicle id="15" x="497.01" y="198.35" angle="90.00" type="DEFAULT_VEHTYPE" speed="12.73" pos="92.26" lane="2/1to3/1_0" slope="0.00"/>
        <vehicle id="19" x="398.35" y="701.88" angle="0.00" type="DEFAULT_VEHTYPE" speed="12.74" pos="98.12" lane="2/4to2/3_0" slope="0.00"/>
        <vehicle id="2" x="601.65" y="305.88" angle="180.00" type="DEFAULT_VEHTYPE" speed="13.26" pos="101.13" lane="3/1to3/2_0" slope="0.00"/>
        <vehicle id="20" x="656.95" y="601.65" angle="-90.00" type="DEFAULT_VEHTYPE" speed="13.26" pos="143.05" lane="4/3to3/3_0" slope="0.00"/>
        <vehicle id="23" x="201.65" y="588.28" angle="180.00" type="DEFAULT_VEHTYPE" speed="13.68" pos="183.53" lane="1/2to1/3_0" slope="0.00"/>
        <vehicle id="24" x="370.39" y="598.35" angle="90.00" type="DEFAULT_VEHTYPE" speed="12.97" pos="165.64" lane="1/3to2/3_0" slope="0.00"/>
        <vehicle id="4" x="398.35" y="532.24" angle="0.00" type="DEFAULT_VEHTYPE" speed="13.07" pos="63.01" lane="2/3to2/2_0" slope="0.00"/>
        <vehicle id="5" x="70.48" y="401.65" angle="-90.00" type="DEFAULT_VEHTYPE" speed="12.98" pos="124.77" lane="1/2to0/2_0" slope="0.00"/>
        <vehicle id="6" x="401.65" y="748.83" angle="180.00" type="DEFAULT_VEHTYPE" speed="13.87" pos="144.08" lane="2/3to2/4_0" slope="0.00"/>
        <vehicle id="7" x="781.39" y="201.65" angle="-90.00" type="DEFAULT_VEHTYPE" speed="12.76" pos="18.61" lane="4/1to3/1_0" slope="0.00"/>
        <vehicle id="8" x="302.06" y="401.65" angle="-90.00" type="DEFAULT_VEHTYPE" speed="13.56" pos="93.19" lane="2/2to1/2_0" slope="0.00"/>
    </timestep>
    <timestep time="529.00">
        <vehicle id="0" x="108.97" y="401.65" angle="-90.00" type="DEFAULT_VEHTYPE" speed="13.54" pos="86.28" lane="1/2to0/2_0" slope="0.00"/>
        <vehicle id="10" x="401.65" y="23.85" angle="180.00" type="DEFAULT_VEHTYPE" speed="13.15" pos="23.85" lane="2/0to2/1_0" slope="0.00"/>
        <vehicle id="11" x="577.58" y="198.35" angle="90.00" type="DEFAULT_VEHTYPE" speed="11.54" pos="172.83" lane="2/1to3/1_0" slope="0.00"/>
        <vehicle id="12" x="102.41" y="398.35" angle="90.00" type="DEFAULT_VEHTYPE" speed="12.96" pos="102.41" lane="0/2to1/2_0" slope="0.00"/>
        <vehicle id="15" x="509.96" y="198.35" angle="90.00" type="DEFAULT_VEHTYPE" speed="12.95" pos="105.21" lane="2/1to3/1_0" slope="0.00"/>
        <vehicle id="19" x="398.35" y="688.64" angle="0.00" type="DEFAULT_VEHTYPE" speed="13.23" pos="111.36" lane="2/4to2/3_0" slope="0.00"/>
        <vehicle id="2" x="601.65" y="318.58" angle="180.00" type="DEFAULT_VEHTYPE" speed="12.70" pos="113.83" lane="3/1to3/2_0" slope="0.00"/>
        <vehicle id="20" x="643.89" y="601.65" angle="-90.00" type="DEFAULT_VEHTYPE" speed="13.05" pos="156.11" lane="4/3to3/3_0" slope="0.00"/>
        <vehicle id="23" x="206.46" y="598.35" angle="108.15" type="DEFAULT_VEHTYPE" speed="13.67" pos="1.71" lane="1/3to2/3_0" slope="0.00"/>
        <vehicle id="24" x="380.73" y="598.35" angle="90.00" type="DEFAULT_VEHTYPE" speed="10.34" pos="175.98" lane="1/3to2/3_0" slope="0.00"/>
        <vehicle id="4" x="398.35" y="518.64" angle="0.00" type="DEFAULT_VEHTYPE" speed="13.61" pos="76.61" lane="2/3to2/2_0" slope="0.00"/>
        <vehicle id="5" x="56.66" y="401.65" angle="-90.00" type="DEFAULT_VEHTYPE" speed="13.82" pos="138.59" lane="1/2to0/2_0" slope="0.00"/>
        <vehicle id="6" x="401.65" y="761.71" angle="180.00" type="DEFAULT_VEHTYPE" speed="12.88" pos="156.96" lane="2/3to2/4_0" slope="0.00"/>
        <vehicle id="7" x="768.59" y="201.65" angle="-90.00" type="DEFAULT_VEHTYPE" speed="12.80" pos="31.41" lane="4/1to3/1_0" slope="0.00"/>
        <vehicle id="8" x="288.66" y="401.65" angle="-90.00" type="DEFAULT_VEHTYPE" speed="13.40" pos="106.59" lane="2/2to1/2_0" slope="0.00"/>
    </timestep>
    <timestep time="530.00">
        <vehicle id="0" x="96.21" y="401.65" angle="-90.00" type="DEFAULT_VEHTYPE" speed="12.75" pos="99.04" lane="1/2to0/2_0" slope="0.00"/>
        <vehicle id="10" x="401.65" y="36.47" angle="180.00" type="DEFAULT_VEHTYPE" speed="12.62" pos="36.47" lane="2/0to2/1_0" slope="0.00"/>
        <vehicle id="11" x="585.38" y="198.35" angle="90.00" type="DEFAULT_VEHTYPE" speed="7.80" pos="180.63" lane="2/1to3/1_0" slope="0.00"/>
        <vehicle id="12" x="115.57" y="398.35" angle="90.00" type="DEFAULT_VEHTYPE" speed="13.16" pos="115.57" lane="0/2to1/2_0" slope="0.00"/>
        <vehicle id="15" x="523.11" y="198.35" angle="90.00" type="DEFAULT_VEHTYPE" speed="13.15" pos="118.36" lane="2/1to3/1_0" slope="0.00"/>
        <vehicle id="19" x="398.35" y="675.24" angle="0.00" type="DEFAULT_VEHTYPE" speed="13.40" pos="124.76" lane="2/4to2/3_0" slope="0.00"/>
        <vehicle id="2" x="601.65" y="332.15" angle="180.00" type="DEFAULT_VEHTYPE" speed="13.57" pos="127.40" lane="3/1to3/2_0" slope="0.00"/>
        <vehicle id="20" x="630.12" y="601.65" angle="-90.00" type="DEFAULT_VEHTYPE" speed="13.77" pos="169.88" lane="4/3to3/3_0" slope="0.00"/>
        <vehicle id="23" x="219.93" y="598.35" angle="90.00" type="DEFAULT_VEHTYPE" speed="13.48" pos="15.18" lane="1/3to2/3_0" slope="0.00"/>
        <vehicle id="24" x="387.05" y="598.35" angle="90.00" type="DEFAULT_VEHTYPE" speed="6.31" pos="182.30" lane="1/3to2/3_0" slope="0.00"/>
        <vehicle id="4" x="398.35" y="505.62" angle="0.00" type="DEFAULT_VEHTYPE" speed="13.01" pos="89.63" lane="2/3to2/2_0" slope="0.00"/>
        <vehicle id="5" x="43.33" y="401.65" angle="-90.00" type="DEFAULT_VEHTYPE" speed="13.34" pos="151.92" lane="1/2to0/2_0" slope="0.00"/>
        <vehicle id="6" x="401.65" y="775.06" angle="180.00" type="DEFAULT_VEHTYPE" speed="13.34" pos="170.31" lane="2/3to2/4_0" slope="0.00"/>
        <vehicle id="7" x="754.74" y="201.65" angle="-90.00" type="DEFAULT_VEHTYPE" speed="13.85" pos="45.26" lane="4/1to3/1_0" slope="0.00"/>
        <vehicle id="8" x="275.19" y="401.65" angle="-90.00" type="DEFAULT_VEHTYPE" speed="13.48" pos="120.06" lane="2/2to1/2_0" slope="0.00"/>
    </timestep>
    <timestep time="531.00">
        <vehicle id="0" x="82.88" y="401.65" angle="-90.00" type="DEFAULT_VEHTYPE" speed="13.34" pos="112.37" lane="1/2to0/2_0" slope="0.00"/>
        <vehicle id="10" x="401.65" y="50.19" angle="180.00" type="DEFAULT_VEHTYPE" speed="13.72" pos="50.19" lane="2/0to2/1_0" slope="0.00"/>
        <vehicle id="11" x="590.12" y="198.35" angle="90.00" type="DEFAULT_VEHTYPE" speed="4.74" pos="185.37" lane="2/1to3/1_0" slope="0.00"/>
        <vehicle id="12" x="129.38" y="398.35" angle="90.00" type="DEFAULT_VEHTYPE" speed="13.80" pos="129.38" lane="0/2to1/2_0" slope="0.00"/>
        <vehicle id="15" x="536.88" y="198.35" angle="90.00" type="DEFAULT_VEHTYPE" speed="13.76" pos="132.13" lane="2/1to3/1_0" slope="0.00"/>
        <vehicle id="19" x="398.35" y="661.72" angle="0.00" type="DEFAULT_VEHTYPE" speed="13.52" pos="138.28" lane="2/4to2/3_0" slope="0.00"/>
        <vehicle id="2" x="601.65" y="345.56" angle="180.00" type="DEFAULT_VEHTYPE" speed="13.41" pos="140.81" lane="3/1to3/2_0" slope="0.00"/>
        <vehicle id="20" x="620.15" y="601.65" angle="-90.00" type="DEFAULT_VEHTYPE" speed="9.97" pos="179.85" lane="4/3to3/3_0" slope="0.00"/>
        <vehicle id="23" x="232.54" y="598.35" angle="90.00" type="DEFAULT_VEHTYPE" speed="12.61" pos="27.79" lane="1/3to2/3_0" slope="0.00"/>
        <vehicle id="24" x="390.14" y="598.35" angle="90.00" type="DEFAULT_VEHTYPE" speed="3.10" pos="185.39" lane="1/3to2/3_0" slope="0.00"/>
        <vehicle id="4" x="398.35" y="491.90" angle="0.00" type="DEFAULT_VEHTYPE" speed="13.72" pos="103.35" lane="2/3to2/2_0" slope="0.00"/>
        <vehicle id="5" x="29.80" y="401.65" angle="-90.00" type="DEFAULT_VEHTYPE" speed="13.53" pos="165.45" lane="1/2to0/2_0" slope="0.00"/>
        <vehicle id="6" x="401.65" y="788.14" angle="180.00" type="DEFAULT_VEHTYPE" speed="13.08" pos="183.39" lane="2/3to2/4_0" slope="0.00"/>
        <vehicle id="7" x="741.90" y="201.65" angle="-90.00" type="DEFAULT_VEHTYPE" speed="12.84" pos="58.10" lane="4/1to3/1_0" slope="0.00"/>
        <vehicle id="8" x="262.36" y="401.65" angle="-90.00" type="DEFAULT_VEHTYPE" speed="12.83" pos="132.89" lane="2/2to1/2_0" slope="0.00"/>
    </timestep>
    <timestep time="532.00">
        <vehicle id="0" x="69.55" y="401.65" angle="-90.00" type="DEFAULT_VEHTYPE" speed="13.33" pos="125.70" lane="1/2to0/2_0" slope="0.00"/>
        <vehicle id="10" x="401.65" y="63.80" angle="180.00" type="DEFAULT_VEHTYPE" speed="13.62" pos="63.80" lane="2/0to2/1_0" slope="0.00"/>
        <vehicle id="11" x="597.03" y="198.35" angle="90.00" type="DEFAULT_VEHTYPE" speed="6.91" pos="1.78" lane=":3/1_13_0" slope="0.00"/>
        <vehicle id="12" x="142.55" y="398.35" angle="90.00" type="DEFAULT_VEHTYPE" speed="13.17" pos="142.55" lane="0/2to1/2_0" slope="0.00"/>
        <vehicle id="15" x="550.69" y="198.35" angle="90.00" type="DEFAULT_VEHTYPE" speed="13.82" pos="145.94" lane="2/1to3/1_0" slope="0.00"/>
        <vehicle id="19" x="398.35" y="648.18" angle="0.00" type="DEFAULT_VEHTYPE" speed="13.54" pos="151.82" lane="2/4to2/3_0" slope="0.00"/>
        <vehicle id="2" x="601.65" y="359.15" angle="180.00" type="DEFAULT_VEHTYPE" speed="13.58" pos="154.40" lane="3/1to3/2_0" slope="0.00"/>
        <vehicle id="20" x="613.78" y="601.65" angle="-90.00" type="DEFAULT_VEHTYPE" speed="6.37" pos="186.22" lane="4/3to3/3_0" slope="0.00"/>
        <vehicle id="23" x="245.19" y="598.35" angle="90.00" type="DEFAULT_VEHTYPE" speed="12.65" pos="40.44" lane="1/3to2/3_0" slope="0.00"/>
        <vehicle id="24" x="394.59" y="598.35" angle="90.00" type="DEFAULT_VEHTYPE" speed="4.45" pos="189.84" lane="1/3to2/3_0" slope="0.00"/>
        <vehicle id="4" x="398.35" y="478.57" angle="0.00" type="DEFAULT_VEHTYPE" speed="13.33" pos="116.68" lane="2/3to2/2_0" slope="0.00"/>
        <vehicle id="5" x="16.26" y="401.65" angle="-90.00" type="DEFAULT_VEHTYPE" speed="13.54" pos="178.99" lane="1/2to0/2_0" slope="0.00"/>
        <vehicle id="6" x="400.49" y="801.41" angle="-165.72" type="DEFAULT_VEHTYPE" speed="13.72" pos="1.86" lane=":2/4_0_0" slope="0.00"/>
        <vehicle id="7" x="728.23" y="201.65" angle="-90.00" type="DEFAULT_VEHTYPE" speed="13.67" pos="71.77" lane="4/1to3/1_0" slope="0.00"/>
        <vehicle id="8" x="249.62" y="401.65" angle="-90.00" type="DEFAULT_VEHTYPE" speed="12.74" pos="145.63" lane="2/2to1/2_0" slope="0.00"/>
    </timestep>
    <timestep time="533.00">
        <vehicle id="0" x="56.39" y="401.65" angle="-90.00" type="DEFAULT_VEHTYPE" speed="13.16" pos="138.86" lane="1/2to0/2_0" slope="0.00"/>
        <vehicle id="10" x="401.65" y="76.95" angle="180.00" type="DEFAULT_VEHTYPE" speed="13.15" pos="76.95" lane="2/0to2/1_0" slope="0.00"/>
        <vehicle id="11" x="605.96" y="198.35" angle="90.00" type="DEFAULT_VEHTYPE" speed="8.93" pos="1.21" lane="3/1to4/1_0" slope="0.00"/>
        <vehicle id="12" x="155.32" y="398.35" angle="90.00" type="DEFAULT_VEHTYPE" speed="12.78" pos="155.32" lane="0/2to1/2_0" slope="0.00"/>
        <vehicle id="15" x="563.57" y="198.35" angle="90.00" type="DEFAULT_VEHTYPE" speed="12.88" pos="158.82" lane="2/1to3/1_0" slope="0.00"/>
        <vehicle id="19" x="398.35" y="634.52" angle="0.00" type="DEFAULT_VEHTYPE" speed="13.66" pos="165.48" lane="2/4to2/3_0" slope="0.00"/>
        <vehicle id="2" x="601.65" y="373.00" angle="180.00" type="DEFAULT_VEHTYPE" speed="13.85" pos="168.25" lane="3/1to3/2_0" slope="0.00"/>
        <vehicle id="20" x="609.80" y="601.65" angle="-90.00" type="DEFAULT_VEHTYPE" speed="3.97" pos="190.20" lane="4/3to3/3_0" slope="0.00"/>
        <vehicle id="23" x="258.87" y="598.35" angle="90.00" type="DEFAULT_VEHTYPE" speed="13.68" pos="54.12" lane="1/3to2/3_0" slope="0.00"/>
        <vehicle id="24" x="400.38" y="600.50" angle="115.15" type="DEFAULT_VEHTYPE" speed="6.46" pos="5.80" lane=":2/3_14_0" slope="0.00"/>
        <vehicle id="4" x="398.35" y="465.86" angle="0.00" type="DEFAULT_VEHTYPE" speed="12.71" pos="129.39" lane="2/3to2/2_0" slope="0.00"/>
        <vehicle id="5" x="2.82" y="401.65" angle="-90.00" type="DEFAULT_VEHTYPE" speed="13.44" pos="192.43" lane="1/2to0/2_0" slope="0.00"/>
        <vehicle id="6" x="398.35" y="789.35" angle="0.00" type="DEFAULT_VEHTYPE" speed="13.60" pos="10.65" lane="2/4to2/3_0" slope="0.00"/>
        <vehicle id="7" x="715.45" y="201.65" angle="-90.00" type="DEFAULT_VEHTYPE" speed="12.78" pos="84.55" lane="4/1to3/1_0" slope="0.00"/>
        <vehicle id="8" x="236.08" y="401.65" angle="-90.00" type="DEFAULT_VEHTYPE" speed="13.54" pos="159.17" lane="2/2to1/2_0" slope="0.00"/>
    </timestep>
    <timestep time="534.00">
        <vehicle id="0" x="43.60" y="401.65" angle="-90.00" type="DEFAULT_VEHTYPE" speed="12.79" pos="151.65" lane="1/2to0/2_0" slope="0.00"/>
        <vehicle id="10" x="401.65" y="90.51" angle="180.00" type="DEFAULT_VEHTYPE" speed="13.56" pos="90.51" lane="2/0to2/1_0" slope="0.00"/>
        <vehicle id="11" x="617.48" y="198.35" angle="90.00" type="DEFAULT_VEHTYPE" speed="11.52" pos="12.73" lane="3/1to4/1_0" slope="0.00"/>
        <vehicle id="12" x="168.39" y="398.35" angle="90.00" type="DEFAULT_VEHTYPE" speed="13.07" pos="168.39" lane="0/2to1/2_0" slope="0.00"/>
        <vehicle id="15" x="575.18" y="198.35" angle="90.00" type="DEFAULT_VEHTYPE" speed="11.62" pos="170.43" lane="2/1to3/1_0" slope="0.00"/>
        <vehicle id="19" x="398.35" y="621.38" angle="0.00" type="DEFAULT_VEHTYPE" speed="13.15" pos="178.62" lane="2/4to2/3_0" slope="0.00"/>
        <vehicle id="2" x="601.65" y="386.53" angle="180.00" type="DEFAULT_VEHTYPE" speed="13.53" pos="181.78" lane="3/1to3/2_0" slope="0.00"/>
        <vehicle id="20" x="604.17" y="601.57" angle="-89.05" type="DEFAULT_VEHTYPE" speed="5.64" pos="0.58" lane=":3/3_6_0" slope="0.00"/>
        <vehicle id="23" x="272.44" y="598.35" angle="90.00" type="DEFAULT_VEHTYPE" speed="13.57" pos="67.69" lane="1/3to2/3_0" slope="0.00"/>
        <vehicle id="24" x="401.65" y="608.68" angle="178.25" type="DEFAULT_VEHTYPE" speed="8.44" pos="3.93" lane="2/3to2/4_0" slope="0.00"/>
        <vehicle id="4" x="398.35" y="453.23" angle="0.00" type="DEFAULT_VEHTYPE" speed="12.63" pos="142.02" lane="2/3to2/2_0" slope="0.00"/>
        <vehicle id="5" x="5.87" y="398.35" angle="90.00" type="DEFAULT_VEHTYPE" speed="13.50" pos="5.87" lane="0/2to1/2_0" slope="0.00"/>
        <vehicle id="6" x="398.35" y="776.17" angle="0.00" type="DEFAULT_VEHTYPE" speed="13.18" pos="23.83" lane="2/4to2/3_0" slope="0.00"/>
        <vehicle id="7" x="701.82" y="201.65" angle="-90.00" type="DEFAULT_VEHTYPE" speed="13.63" pos="98.18" lane="4/1to3/1_0" slope="0.00"/>
        <vehicle id="8" x="224.64" y="401.65" angle="-90.00" type="DEFAULT_VEHTYPE" speed="11.44" pos="170.61" lane="2/2to1/2_0" slope="0.00"/>
    </timestep>
    <timestep time="535.00">
        <vehicle id="0" x="30.82" y="401.65" angle="-90.00" type="DEFAULT_VEHTYPE" speed="12.78" pos="164.43" lane="1/2to0/2_0" slope="0.00"/>
        <vehicle id="10" x="401.65" y="103.25" angle="180.00" type="DEFAULT_VEHTYPE" speed="12.73" pos="103.25" lane="2/0to2/1_0" slope="0.00"/>
        <vehicle id="11" x="630.18" y="198.35" angle="90.00" type="DEFAULT_VEHTYPE" speed="12.71" pos="25.43" lane="3/1to4/1_0" slope="0.00"/>
        <vehicle id="12" x="178.82" y="398.35" angle="90.00" type="DEFAULT_VEHTYPE" speed="10.42" pos="178.82" lane="0/2to1/2_0" slope="0.00"/>
        <vehicle id="15" x="583.87" y="198.35" angle="90.00" type="DEFAULT_VEHTYPE" speed="8.68" pos="179.12" lane="2/1to3/1_0" slope="0.00"/>
        <vehicle id="19" x="398.35" y="609.34" angle="0.00" type="DEFAULT_VEHTYPE" speed="12.03" pos="190.66" lane="2/4to2/3_0" slope="0.00"/>
        <vehicle id="2" x="601.65" y="399.99" angle="180.00" type="DEFAULT_VEHTYPE" speed="13.46" pos="4.74" lane=":3/2_9_0" slope="0.00"/>
        <vehicle id="20" x="598.73" y="597.91" angle="-45.37" type="DEFAULT_VEHTYPE" speed="7.05" pos="7.64" lane=":3/3_6_0" slope="0.00"/>
        <vehicle id="23" x="285.35" y="598.35" angle="90.00" type="DEFAULT_VEHTYPE" speed="12.91" pos="80.60" lane="1/3to2/3_0" slope="0.00"/>
        <vehicle id="24" x="401.65" y="618.72" angle="180.00" type="DEFAULT_VEHTYPE" speed="10.04" pos="13.97" lane="2/3to2/4_0" slope="0.00"/>
        <vehicle id="4" x="398.35" y="440.42" angle="0.00" type="DEFAULT_VEHTYPE" speed="12.81" pos="154.83" lane="2/3to2/2_0" slope="0.00"/>
        <vehicle id="5" x="19.02" y="398.35" angle="90.00" type="DEFAULT_VEHTYPE" speed="13.15" pos="19.02" lane="0/2to1/2_0" slope="0.00"/>
        <vehicle id="6" x="398.35" y="763.40" angle="0.00" type="DEFAULT_VEHTYPE" speed="12.77" pos="36.60" lane="2/4to2/3_0" slope="0.00"/>
        <vehicle id="7" x="689.14" y="201.65" angle="-90.00" type="DEFAULT_VEHTYPE" speed="12.68" pos="110.86" lane="4/1to3/1_0" slope="0.00"/>
        <vehicle id="8" x="216.84" y="401.65" angle="-90.00" type="DEFAULT_VEHTYPE" speed="7.80" pos="178.41" lane="2/2to1/2_0" slope="0.00"/>
    </timestep>
    <timestep time="536.00">
        <vehicle id="0" x="17.97" y="401.65" angle="-90.00" type="DEFAULT_VEHTYPE" speed="12.85" pos="177.28" lane="1/2to0/2_0" slope="0.00"/>
        <vehicle id="10" x="401.65" y="116.38" angle="180.00" type="DEFAULT_VEHTYPE" speed="13.14" pos="116.38" lane="2/0to2/1_0" slope="0.00"/>
        <vehicle id="11" x="644.05" y="198.35" angle="90.00" type="DEFAULT_VEHTYPE" speed="13.86" pos="39.30" lane="3/1to4/1_0" slope="0.00"/>
        <vehicle id="12" x="185.33" y="398.35" angle="90.00" type="DEFAULT_VEHTYPE" speed="6.52" pos="185.33" lane="0/2to1/2_0" slope="0.00"/>
        <vehicle id="15" x="589.02" y="198.35" angle="90.00" type="DEFAULT_VEHTYPE" speed="5.16" pos="184.27" lane="2/1to3/1_0" slope="0.00"/>
        <vehicle id="19" x="398.35" y="596.27" angle="0.00" type="DEFAULT_VEHTYPE" speed="13.07" pos="8.48" lane=":2/3_1_0" slope="0.00"/>
        <vehicle id="2" x="601.65" y="412.80" angle="180.00" type="DEFAULT_VEHTYPE" speed="12.81" pos="8.05" lane="3/2to3/3_0" slope="0.00"/>
        <vehicle id="20" x="598.35" y="588.42" angle="0.00" type="DEFAULT_VEHTYPE" speed="9.51" pos="6.83" lane="3/3to3/2_0" slope="0.00"/>
        <vehicle id="23" x="298.35" y="598.35" angle="90.00" type="DEFAULT_VEHTYPE" speed="13.00" pos="93.60" lane="1/3to2/3_0" slope="0.00"/>
        <vehicle id="24" x="401.65" y="631.31" angle="180.00" type="DEFAULT_VEHTYPE" speed="12.60" pos="26.56" lane="2/3to2/4_0" slope="0.00"/>
        <vehicle id="4" x="398.35" y="426.75" angle="0.00" type="DEFAULT_VEHTYPE" speed="13.67" pos="168.50" lane="2/3to2/2_0" slope="0.00"/>
        <vehicle id="5" x="31.86" y="398.35" angle="90.00" type="DEFAULT_VEHTYPE" speed="12.84" pos="31.86" lane="0/2to1/2_0" slope="0.00"/>
        <vehicle id="6" x="398.35" y="749.89" angle="0.00" type="DEFAULT_VEHTYPE" speed="13.51" pos="50.11" lane="2/4to2/3_0" slope="0.00"/>
        <vehicle id="7" x="675.75" y="201.65" angle="-90.00" type="DEFAULT_VEHTYPE" speed="13.39" pos="124.25" lane="4/1to3/1_0" slope="0.00"/>
        <vehicle id="8" x="211.59" y="401.65" angle="-90.00" type="DEFAULT_VEHTYPE" speed="5.25" pos="183.66" lane="2/2to1/2_0" slope="0.00"/>
    </timestep>
    <timestep time="537.00">
        <vehicle id="0" x="4.24" y="401.65" angle="-90.00" type="DEFAULT_VEHTYPE" speed="13.73" pos="191.01" lane="1/2to0/2_0" slope="0.00"/>
        <vehicle id="10" x="401.65" y="130.16" angle="180.00" type="DEFAULT_VEHTYPE" speed="13.78" pos="130.16" lane="2/0to2/1_0" slope="0.00"/>
        <vehicle id="11" x="656.65" y="198.35" angle="90.00" type="DEFAULT_VEHTYPE" speed="12.61" pos="51.90" lane="3/1to4/1_0" slope="0.00"/>
        <vehicle id="12" x="190.01" y="398.35" angle="90.00" type="DEFAULT_VEHTYPE" speed="4.67" pos="190.01" lane="0/2to1/2_0" slope="0.00"/>
        <vehicle id="15" x="595.97" y="198.45" angle="91.18" type="DEFAULT_VEHTYPE" speed="6.95" pos="0.73" lane=":3/1_14_0" slope="0.00"/>
        <vehicle id="19" x="398.35" y="583.41" angle="0.00" type="DEFAULT_VEHTYPE" speed="12.87" pos="11.84" lane="2/3to2/2_0" slope="0.00"/>
        <vehicle id="2" x="601.65" y="426.40" angle="180.00" type="DEFAULT_VEHTYPE" speed="13.60" pos="21.65" lane="3/2to3/3_0" slope="0.00"/>
        <vehicle id="20" x="598.35" y="576.51" angle="0.00" type="DEFAULT_VEHTYPE" speed="11.91" pos="18.74" lane="3/3to3/2_0" slope="0.00"/>
        <vehicle id="23" x="311.80" y="598.35" angle="90.00" type="DEFAULT_VEHTYPE" speed="13.45" pos="107.05" lane="1/3to2/3_0" slope="0.00"/>
        <vehicle id="24" x="401.65" y="643.93" angle="180.00" type="DEFAULT_VEHTYPE" speed="12.62" pos="39.18" lane="2/3to2/4_0" slope="0.00"/>
        <vehicle id="4" x="398.35" y="413.17" angle="0.00" type="DEFAULT_VEHTYPE" speed="13.59" pos="182.08" lane="2/3to2/2_0" slope="0.00"/>
        <vehicle id="5" x="44.86" y="398.35" angle="90.00" type="DEFAULT_VEHTYPE" speed="13.00" pos="44.86" lane="0/2to1/2_0" slope="0.00"/>
        <vehicle id="6" x="398.35" y="737.20" angle="0.00" type="DEFAULT_VEHTYPE" speed="12.69" pos="62.80" lane="2/4to2/3_0" slope="0.00"/>
        <vehicle id="7" x="662.22" y="201.65" angle="-90.00" type="DEFAULT_VEHTYPE" speed="13.53" pos="137.78" lane="4/1to3/1_0" slope="0.00"/>
        <vehicle id="8" x="204.98" y="401.65" angle="-90.00" type="DEFAULT_VEHTYPE" speed="6.62" pos="190.27" lane="2/2to1/2_0" slope="0.00"/>
    </timestep>
    <timestep time="538.00">
        <vehicle id="0" x="3.83" y="398.35" angle="82.30" type="DEFAULT_VEHTYPE" speed="12.89" pos="3.83" lane="0/2to1/2_0" slope="0.00"/>
        <vehicle id="10" x="401.65" y="143.43" angle="180.00" type="DEFAULT_VEHTYPE" speed="13.27" pos="143.43" lane="2/0to2/1_0" slope="0.00"/>
        <vehicle id="11" x="670.14" y="198.35" angle="90.00" type="DEFAULT_VEHTYPE" speed="13.49" pos="65.39" lane="3/1to4/1_0" slope="0.00"/>
        <vehicle id="12" x="196.94" y="398.59" angle="92.78" type="DEFAULT_VEHTYPE" speed="6.96" pos="1.71" lane=":1/2_14_0" slope="0.00"/>
        <vehicle id="15" x="601.48" y="203.56" angle="150.70" type="DEFAULT_VEHTYPE" speed="8.39" pos="9.12" lane=":3/1_14_0" slope="0.00"/>
        <vehicle id="19" x="398.35" y="570.48" angle="0.00" type="DEFAULT_VEHTYPE" speed="12.93" pos="24.77" lane="2/3to2/2_0" slope="0.00"/>
        <vehicle id="2" x="601.65" y="439.47" angle="180.00" type="DEFAULT_VEHTYPE" speed="13.07" pos="34.72" lane="3/2to3/3_0" slope="0.00"/>
        <vehicle id="20" x="598.35" y="563.52" angle="0.00" type="DEFAULT_VEHTYPE" speed="12.99" pos="31.73" lane="3/3to3/2_0" slope="0.00"/>
        <vehicle id="23" x="325.58" y="598.35" angle="90.00" type="DEFAULT_VEHTYPE" speed="13.78" pos="120.83" lane="1/3to2/3_0" slope="0.00"/>
        <vehicle id="24" x="401.65" y="657.47" angle="180.00" type="DEFAULT_VEHTYPE" speed="13.53" pos="52.72" lane="2/3to2/4_0" slope="0.00"/>
        <vehicle id="4" x="398.35" y="399.65" angle="0.00" type="DEFAULT_VEHTYPE" speed="13.52" pos="5.10" lane=":2/2_1_0" slope="0.00"/>
        <vehicle id="5" x="57.81" y="398.35" angle="90.00" type="DEFAULT_VEHTYPE" speed="12.96" pos="57.81" lane="0/2to1/2_0" slope="0.00"/>
        <vehicle id="6" x="398.35" y="723.48" angle="0.00" type="DEFAULT_VEHTYPE" speed="13.72" pos="76.52" lane="2/4to2/3_0" slope="0.00"/>
        <vehicle id="7" x="649.38" y="201.65" angle="-90.00" type="DEFAULT_VEHTYPE" speed="12.84" pos="150.62" lane="4/1to3/1_0" slope="0.00"/>
        <vehicle id="8" x="198.58" y="396.86" angle="-33.69" type="DEFAULT_VEHTYPE" speed="8.92" pos="8.69" lane=":1/2_6_0" slope="0.00"/>
    </timestep>
    <timestep time="539.00">
        <vehicle id="0" x="17.18" y="398.35" angle="90.00" type="DEFAULT_VEHTYPE" speed="13.35" pos="17.18" lane="0/2to1/2_0" slope="0.00"/>
        <vehicle id="10" x="401.65" y="156.80" angle="180.00" type="DEFAULT_VEHTYPE" speed="13.37" pos="156.80" lane="2/0to2/1_0" slope="0.00"/>
        <vehicle id="11" x="682.96" y="198.35" angle="90.00" type="DEFAULT_VEHTYPE" speed="12.81" pos="78.21" lane="3/1to4/1_0" slope="0.00"/>
        <vehicle id="12" x="201.65" y="405.15" angle="164.47" type="DEFAULT_VEHTYPE" speed="9.01" pos="0.40" lane="1/2to1/3_0" slope="0.00"/>
        <vehicle id="15" x="601.65" y="213.38" angle="180.00" type="DEFAULT_VEHTYPE" speed="9.84" pos="8.63" lane="3/1to3/2_0" slope="0.00"/>
        <vehicle id="19" x="398.35" y="556.73" angle="0.00" type="DEFAULT_VEHTYPE" speed="13.75" pos="38.52" lane="2/3to2/2_0" slope="0.00"/>
        <vehicle id="2" x="601.65" y="452.60" angle="180.00" type="DEFAULT_VEHTYPE" speed="13.14" pos="47.85" lane="3/2to3/3_0" slope="0.00"/>
        <vehicle id="20" x="598.35" y="549.88" angle="0.00" type="DEFAULT_VEHTYPE" speed="13.64" pos="45.37" lane="3/3to3/2_0" slope="0.00"/>
        <vehicle id="23" x="338.84" y="598.35" angle="90.00" type="DEFAULT_VEHTYPE" speed="13.26" pos="134.09" lane="1/3to2/3_0" slope="0.00"/>
        <vehicle id="24" x="401.65" y="670.94" angle="180.00" type="DEFAULT_VEHTYPE" speed="13.47" pos="66.19" lane="2/3to2/4_0" slope="0.00"/>
        <vehicle id="4" x="398.35" y="386.97" angle="0.00" type="DEFAULT_VEHTYPE" speed="12.69" pos="8.28" lane="2/2to2/1_0" slope="0.00"/>
        <vehicle id="5" x="71.43" y="398.35" angle="90.00" type="DEFAULT_VEHTYPE" speed="13.61" pos="71.43" lane="0/2to1/2_0" slope="0.00"/>
        <vehicle id="6" x="398.35" y="710.23" angle="0.00" type="DEFAULT_VEHTYPE" speed="13.25" pos="89.77" lane="2/4to2/3_0" slope="0.00"/>
        <vehicle id="7" x="636.16" y="201.65" angle="-90.00" type="DEFAULT_VEHTYPE" speed="13.22" pos="163.84" lane="4/1to3/1_0" slope="0.00"/>
        <vehicle id="8" x="198.35" y="386.24" angle="0.00" type="DEFAULT_VEHTYPE" speed="10.63" pos="9.01" lane="1/2to1/1_0" slope="0.00"/>
    </timestep>
    <timestep time="540.00">
        <vehicle id="0" x="29.99" y="398.35" angle="90.00" type="DEFAULT_VEHTYPE" speed="12.81" pos="29.99" lane="0/2to1/2_0" slope="0.00"/>
        <vehicle id="10" x="401.65" y="169.49" angle="180.00" type="DEFAULT_VEHTYPE" speed="12.69" pos="169.49" lane="2/0to2/1_0" slope="0.00"/>
        <vehicle id="11" x="696.28" y="198.35" angle="90.00" type="DEFAULT_VEHTYPE" speed="13.33" pos="91.53" lane="3/1to4/1_0" slope="0.00"/>
        <vehicle id="12" x="201.65" y="415.87" angle="180.00" type="DEFAULT_VEHTYPE" speed="10.72" pos="11.12" lane="1/2to1/3_0" slope="0.00"/>
        <vehicle id="15" x="601.65" y="225.81" angle="180.00" type="DEFAULT_VEHTYPE" speed="12.43" pos="21.06" lane="3/1to3/2_0" slope="0.00"/>
        <vehicle id="19" x="398.35" y="543.55" angle="0.00" type="DEFAULT_VEHTYPE" speed="13.18" pos="51.70" lane="2/3to2/2_0" slope="0.00"/>
        <vehicle id="2" x="601.65" y="465.53" angle="180.00" type="DEFAULT_VEHTYPE" speed="12.93" pos="60.78" lane="3/2to3/3_0" slope="0.00"/>
        <vehicle id="20" x="598.35" y="536.58" angle="0.00" type="DEFAULT_VEHTYPE" speed="13.29" pos="58.67" lane="3/3to3/2_0" slope="0.00"/>
        <vehicle id="23" x="351.50" y="598.35" angle="90.00" type="DEFAULT_VEHTYPE" speed="12.66" pos="146.75" lane="1/3to2/3_0" slope="0.00"/>
        <vehicle id="24" x="401.65" y="684.45" angle="180.00" type="DEFAULT_VEHTYPE" speed="13.51" pos="79.70" lane="2/3to2/4_0" slope="0.00"/>
        <vehicle id="4" x="398.35" y="373.38" angle="0.00" type="DEFAULT_VEHTYPE" speed="13.59" pos="21.87" lane="2/2to2/1_0" slope="0.00"/>
        <vehicle id="5" x="84.16" y="398.35" angle="90.00" type="DEFAULT_VEHTYPE" speed="12.74" pos="84.16" lane="0/2to1/2_0" slope="0.00"/>
        <vehicle id="6" x="398.35" y="696.99" angle="0.00" type="DEFAULT_VEHTYPE" speed="13.24" pos="103.01" lane="2/4to2/3_0" slope="0.00"/>
        <vehicle id="7" x="623.99" y="201.65" angle="-90.00" type="DEFAULT_VEHTYPE" speed="12.17" pos="176.01" lane="4/1to3/1_0" slope="0.00"/>
        <vehicle id="8" x="198.35" y="374.22" angle="0.00" type="DEFAULT_VEHTYPE" speed="12.02" pos="21.03" lane="1/2to1/1_0" slope="0.00"/>
    </timestep>
    <timestep time="541.00">
        <vehicle id="0" x="43.19" y="398.35" angle="90.00" type="DEFAULT_VEHTYPE" speed="13.21" pos="43.19" lane="0/2to1/2_0" slope="0.00"/>
        <vehicle id="10" x="401.65" y="182.33" angle="180.00" type="DEFAULT_VEHTYPE" speed="12.84" pos="182.33" lane="2/0to2/1_0" slope="0.00"/>
        <vehicle id="11" x="709.73" y="198.35" angle="90.00" type="DEFAULT_VEHTYPE" speed="13.44" pos="104.98" lane="3/1to4/1_0" slope="0.00"/>
        <vehicle id="12" x="201.65" y="428.19" angle="180.00" type="DEFAULT_VEHTYPE" speed="12.32" pos="23.44" lane="1/2to1/3_0" slope="0.00"/>
        <vehicle id="15" x="601.65" y="239.52" angle="180.00" type="DEFAULT_VEHTYPE" speed="13.71" pos="34.77" lane="3/1to3/2_0" slope="0.00"/>
        <vehicle id="19" x="398.35" y="530.24" angle="0.00" type="DEFAULT_VEHTYPE" speed="13.31" pos="65.01" lane="2/3to2/2_0" slope="0.00"/>
        <vehicle id="2" x="601.65" y="479.02" angle="180.00" type="DEFAULT_VEHTYPE" speed="13.48" pos="74.27" lane="3/2to3/3_0" slope="0.00"/>
        <vehicle id="20" x="598.35" y="522.75" angle="0.00" type="DEFAULT_VEHTYPE" speed="13.83" pos="72.50" lane="3/3to3/2_0" slope="0.00"/>
        <vehicle id="23" x="364.77" y="598.35" angle="90.00" type="DEFAULT_VEHTYPE" speed="13.27" pos="160.02" lane="1/3to2/3_0" slope="0.00"/>
        <vehicle id="24" x="401.65" y="697.21" angle="180.00" type="DEFAULT_VEHTYPE" speed="12.76" pos="92.46" lane="2/3to2/4_0" slope="0.00"/>
        <vehicle id="4" x="398.35" y="360.65" angle="0.00" type="DEFAULT_VEHTYPE" speed="12.73" pos="34.60" lane="2/2to2/1_0" slope="0.00"/>
        <vehicle id="5" x="97.86" y="398.35" angle="90.00" type="DEFAULT_VEHTYPE" speed="13.70" pos="97.86" lane="0/2to1/2_0" slope="0.00"/>
        <vehicle id="6" x="398.35" y="683.72" angle="0.00" type="DEFAULT_VEHTYPE" speed="13.26" pos="116.28" lane="2/4to2/3_0" slope="0.00"/>
        <vehicle id="7" x="616.31" y="201.65" angle="-90.00" type="DEFAULT_VEHTYPE" speed="7.67" pos="183.69" lane="4/1to3/1_0" slope="0.00"/>
        <vehicle id="8" x="198.35" y="361.18" angle="0.00" type="DEFAULT_VEHTYPE" speed="13.04" pos="34.07" lane="1/2to1/1_0" slope="0.00"/>
    </timestep>
    <timestep time="542.00">
        <vehicle id="0" x="55.80" y="398.35" angle="90.00" type="DEFAULT_VEHTYPE" speed="12.61" pos="55.80" lane="0/2to1/2_0" slope="0.00"/>
        <vehicle id="10" x="401.71" y="195.68" angle="179.32" type="DEFAULT_VEHTYPE" speed="13.35" pos="0.43" lane=":2/1_8_0" slope="0.00"/>
        <vehicle id="11" x="722.62" y="198.35" angle="90.00" type="DEFAULT_VEHTYPE" speed="12.90" pos="117.87" lane="3/1to4/1_0" slope="0.00"/>
        <vehicle id="12" x="201.65" y="441.21" angle="180.00" type="DEFAULT_VEHTYPE" speed="13.02" pos="36.46" lane="1/2to1/3_0" slope="0.00"/>
        <vehicle id="15" x="601.65" y="252.30" angle="180.00" type="DEFAULT_VEHTYPE" speed="12.78" pos="47.55" lane="3/1to3/2_0" slope="0.00"/>
        <vehicle id="19" x="398.35" y="516.57" angle="0.00" type="DEFAULT_VEHTYPE" speed="13.67" pos="78.68" lane="2/3to2/2_0" slope="0.00"/>
        <vehicle id="2" x="601.65" y="491.71" angle="180.00" type="DEFAULT_VEHTYPE" speed="12.70" pos="86.96" lane="3/2to3/3_0" slope="0.00"/>
        <vehicle id="20" x="598.35" y="510.02" angle="0.00" type="DEFAULT_VEHTYPE" speed="12.73" pos="85.23" lane="3/3to3/2_0" slope="0.00"/>
        <vehicle id="23" x="376.07" y="598.35" angle="90.00" type="DEFAULT_VEHTYPE" speed="11.29" pos="171.32" lane="1/3to2/3_0" slope="0.00"/>
        <vehicle id="24" x="401.65" y="709.88" angle="180.00" type="DEFAULT_VEHTYPE" speed="12.68" pos="105.13" lane="2/3to2/4_0" slope="0.00"/>
        <vehicle id="4" x="398.35" y="347.65" angle="0.00" type="DEFAULT_VEHTYPE" speed="13.00" pos="47.60" lane="2/2to2/1_0" slope="0.00"/>
        <vehicle id="5" x="111.48" y="398.35" angle="90.00" type="DEFAULT_VEHTYPE" speed="13.62" pos="111.48" lane="0/2to1/2_0" slope="0.00"/>
        <vehicle id="6" x="398.35" y="670.88" angle="0.00" type="DEFAULT_VEHTYPE" speed="12.85" pos="129.12" lane="2/4to2/3_0" slope="0.00"/>
        <vehicle id="7" x="611.63" y="201.65" angle="-90.00" type="DEFAULT_VEHTYPE" speed="4.69" pos="188.37" lane="4/1to3/1_0" slope="0.00"/>
        <vehicle id="8" x="198.35" y="347.61" angle="0.00" type="DEFAULT_VEHTYPE" speed="13.57" pos="47.64" lane="1/2to1/1_0" slope="0.00"/>
    </timestep>
    <timestep time="543.00">
        <vehicle id="0" x="69.23" y="398.35" angle="90.00" type="DEFAULT_VEHTYPE" speed="13.43" pos="69.23" lane="0/2to1/2_0" slope="0.00"/>
        <vehicle id="10" x="414.00" y="198.35" angle="90.00" type="DEFAULT_VEHTYPE" speed="13.82" pos="9.25" lane="2/1to3/1_0" slope="0.00"/>
        <vehicle id="11" x="735.34" y="198.35" angle="90.00" type="DEFAULT_VEHTYPE" speed="12.72" pos="130.59" lane="3/1to4/1_0" slope="0.00"/>
        <vehicle id="12" x="201.65" y="454.77" angle="180.00" type="DEFAULT_VEHTYPE" speed="13.56" pos="50.02" lane="1/2to1/3_0" slope="0.00"/>
        <vehicle id="15" x="601.65" y="266.15" angle="180.00" type="DEFAULT_VEHTYPE" speed="13.85" pos="61.40" lane="3/1to3/2_0" slope="0.00"/>
        <vehicle id="19" x="398.35" y="503.36" angle="0.00" type="DEFAULT_VEHTYPE" speed="13.21" pos="91.89" lane="2/3to2/2_0" slope="0.00"/>
        <vehicle id="2" x="601.65" y="504.49" angle="180.00" type="DEFAULT_VEHTYPE" speed="12.78" pos="99.74" lane="3/2to3/3_0" slope="0.00"/>
        <vehicle id="20" x="598.35" y="497.15" angle="0.00" type="DEFAULT_VEHTYPE" speed="12.87" pos="98.10" lane="3/3to3/2_0" slope="0.00"/>
        <vehicle id="23" x="383.85" y="598.35" angle="90.00" type="DEFAULT_VEHTYPE" speed="7.78" pos="179.10" lane="1/3to2/3_0" slope="0.00"/>
        <vehicle id="24" x="401.65" y="722.83" angle="180.00" type="DEFAULT_VEHTYPE" speed="12.95" pos="118.08" lane="2/3to2/4_0" slope="0.00"/>
        <vehicle id="4" x="398.35" y="334.19" angle="0.00" type="DEFAULT_VEHTYPE" speed="13.46" pos="61.06" lane="2/2to2/1_0" slope="0.00"/>
        <vehicle id="5" x="124.27" y="398.35" angle="90.00" type="DEFAULT_VEHTYPE" speed="12.79" pos="124.27" lane="0/2to1/2_0" slope="0.00"/>
        <vehicle id="6" x="398.35" y="658.05" angle="0.00" type="DEFAULT_VEHTYPE" speed="12.83" pos="141.95" lane="2/4to2/3_0" slope="0.00"/>
        <vehicle id="7" x="605.06" y="201.65" angle="-90.00" type="DEFAULT_VEHTYPE" speed="6.57" pos="194.94" lane="4/1to3/1_0" slope="0.00"/>
        <vehicle id="8" x="198.35" y="334.70" angle="0.00" type="DEFAULT_VEHTYPE" speed="12.92" pos="60.55" lane="1/2to1/1_0" slope="0.00"/>
    </timestep>
    <timestep time="544.00">
        <vehicle id="0" x="83.08" y="398.35" angle="90.00" type="DEFAULT_VEHTYPE" speed="13.85" pos="83.08" lane="0/2to1/2_0" slope="0.00"/>
        <vehicle id="10" x="427.63" y="198.35" angle="90.00" type="DEFAULT_VEHTYPE" speed="13.63" pos="22.88" lane="2/1to3/1_0" slope="0.00"/>
        <vehicle id="11" x="748.57" y="198.35" angle="90.00" type="DEFAULT_VEHTYPE" speed="13.23" pos="143.82" lane="3/1to4/1_0" slope="0.00"/>
        <vehicle id="12" x="201.65" y="467.75" angle="180.00" type="DEFAULT_VEHTYPE" speed="12.98" pos="63.00" lane="1/2to1/3_0" slope="0.00"/>
        <vehicle id="15" x="601.65" y="279.71" angle="180.00" type="DEFAULT_VEHTYPE" speed="13.57" pos="74.96" lane="3/1to3/2_0" slope="0.00"/>
        <vehicle id="19" x="398.35" y="489.64" angle="0.00" type="DEFAULT_VEHTYPE" speed="13.73" pos="105.61" lane="2/3to2/2_0" slope="0.00"/>
        <vehicle id="2" x="601.65" y="517.12" angle="180.00" type="DEFAULT_VEHTYPE" speed="12.62" pos="112.37" lane="3/2to3/3_0" slope="0.00"/>
        <vehicle id="20" x="598.35" y="484.37" angle="0.00" type="DEFAULT_VEHTYPE" speed="12.78" pos="110.88" lane="3/3to3/2_0" slope="0.00"/>
        <vehicle id="23" x="389.00" y="598.35" angle="90.00" type="DEFAULT_VEHTYPE" speed="5.15" pos="184.25" lane="1/3to2/3_0" slope="0.00"/>
        <vehicle id="24" x="401.65" y="735.77" angle="180.00" type="DEFAULT_VEHTYPE" speed="12.94" pos="131.02" lane="2/3to2/4_0" slope="0.00"/>
        <vehicle id="4" x="398.35" y="320.88" angle="0.00" type="DEFAULT_VEHTYPE" speed="13.31" pos="74.37" lane="2/2to2/1_0" slope="0.00"/>
        <vehicle id="5" x="137.90" y="398.35" angle="90.00" type="DEFAULT_VEHTYPE" speed="13.63" pos="137.90" lane="0/2to1/2_0" slope="0.00"/>
        <vehicle id="6" x="398.35" y="645.21" angle="0.00" type="DEFAULT_VEHTYPE" speed="12.84" pos="154.79" lane="2/4to2/3_0" slope="0.00"/>
        <vehicle id="7" x="601.65" y="207.83" angle="-174.46" type="DEFAULT_VEHTYPE" speed="8.38" pos="3.08" lane="3/1to3/2_0" slope="0.00"/>
        <vehicle id="8" x="198.35" y="321.26" angle="0.00" type="DEFAULT_VEHTYPE" speed="13.44" pos="73.99" lane="1/2to1/1_0" slope="0.00"/>
    </timestep>
    <timestep time="545.00">
        <vehicle id="0" x="96.97" y="398.35" angle="90.00" type="DEFAULT_VEHTYPE" speed="13.89" pos="96.97" lane="0/2to1/2_0" slope="0.00"/>
        <vehicle id="10" x="440.55" y="198.35" angle="90.00" type="DEFAULT_VEHTYPE" speed="12.92" pos="35.80" lane="2/1to3/1_0" slope="0.00"/>
        <vehicle id="11" x="761.48" y="198.35" angle="90.00" type="DEFAULT_VEHTYPE" speed="12.91" pos="156.73" lane="3/1to4/1_0" slope="0.00"/>
        <vehicle id="12" x="201.65" y="481.48" angle="180.00" type="DEFAULT_VEHTYPE" speed="13.73" pos="76.73" lane="1/2to1/3_0" slope="0.00"/>
        <vehicle id="15" x="601.65" y="293.59" angle="180.00" type="DEFAULT_VEHTYPE" speed="13.88" pos="88.84" lane="3/1to3/2_0" slope="0.00"/>
        <vehicle id="19" x="398.35" y="476.07" angle="0.00" type="DEFAULT_VEHTYPE" speed="13.57" pos="119.18" lane="2/3to2/2_0" slope="0.00"/>
        <vehicle id="2" x="601.65" y="530.17" angle="180.00" type="DEFAULT_VEHTYPE" speed="13.06" pos="125.42" lane="3/2to3/3_0" slope="0.00"/>
        <vehicle id="20" x="598.35" y="470.57" angle="0.00" type="DEFAULT_VEHTYPE" speed="13.80" pos="124.68" lane="3/3to3/2_0" slope="0.00"/>
        <vehicle id="23" x="396.04" y="598.46" angle="91.29" type="DEFAULT_VEHTYPE" speed="7.04" pos="0.80" lane=":2/3_14_0" slope="0.00"/>
        <vehicle id="24" x="401.65" y="748.66" angle="180.00" type="DEFAULT_VEHTYPE" speed="12.89" pos="143.91" lane="2/3to2/4_0" slope="0.00"/>
        <vehicle id="4" x="398.35" y="307.57" angle="0.00" type="DEFAULT_VEHTYPE" speed="13.31" pos="87.68" lane="2/2to2/1_0" slope="0.00"/>
        <vehicle id="5" x="151.62" y="398.35" angle="90.00" type="DEFAULT_VEHTYPE" speed="13.72" pos="151.62" lane="0/2to1/2_0" slope="0.00"/>
        <vehicle id="6" x="398.35" y="632.22" angle="0.00" type="DEFAULT_VEHTYPE" speed="13.00" pos="167.78" lane="2/4to2/3_0" slope="0.00"/>
        <vehicle id="7" x="601.65" y="217.76" angle="180.00" type="DEFAULT_VEHTYPE" speed="9.94" pos="13.01" lane="3/1to3/2_0" slope="0.00"/>
        <vehicle id="8" x="198.35" y="307.53" angle="0.00" type="DEFAULT_VEHTYPE" speed="13.73" pos="87.72" lane="1/2to1/1_0" slope="0.00"/>
    </timestep>
    <timestep time="546.00">
        <vehicle id="0" x="109.94" y="398.35" angle="90.00" type="DEFAULT_VEHTYPE" speed="12.97" pos="109.94" lane="0/2to1/2_0" slope="0.00"/>
        <vehicle id="10" x="453.22" y="198.35" angle="90.00" type="DEFAULT_VEHTYPE" speed="12.67" pos="48.47" lane="2/1to3/1_0" slope="0.00"/>
        <vehicle id="11" x="774.63" y="198.35" angle="90.00" type="DEFAULT_VEHTYPE" speed="13.15" pos="169.88" lane="3/1to4/1_0" slope="0.00"/>
        <vehicle id="12" x="201.65" y="495.27" angle="180.00" type="DEFAULT_VEHTYPE" speed="13.80" pos="90.52" lane="1/2to1/3_0" slope="0.00"/>
        <vehicle id="15" x="601.65" y="307.48" angle="180.00" type="DEFAULT_VEHTYPE" speed="13.89" pos="102.73" lane="3/1to3/2_0" slope="0.00"/>
        <vehicle id="19" x="398.35" y="462.48" angle="0.00" type="DEFAULT_VEHTYPE" speed="13.59" pos="132.77" lane="2/3to2/2_0" slope="0.00"/>
        <vehicle id="2" x="601.65" y="544.07" angle="180.00" type="DEFAULT_VEHTYPE" speed="13.89" pos="139.32" lane="3/2to3/3_0" slope="0.00"/>
        <vehicle id="20" x="598.35" y="457.37" angle="0.00" type="DEFAULT_VEHTYPE" speed="13.20" pos="137.88" lane="3/3to3/2_0" slope="0.00"/>
        <vehicle id="23" x="401.62" y="604.51" angle="160.41" type="DEFAULT_VEHTYPE" speed="9.28" pos="10.08" lane=":2/3_14_0" slope="0.00"/>
        <vehicle id="24" x="401.65" y="762.50" angle="180.00" type="DEFAULT_VEHTYPE" speed="13.84" pos="157.75" lane="2/3to2/4_0" slope="0.00"/>
        <vehicle id="4" x="398.35" y="293.70" angle="0.00" type="DEFAULT_VEHTYPE" speed="13.88" pos="101.55" lane="2/2to2/1_0" slope="0.00"/>
        <vehicle id="5" x="165.11" y="398.35" angle="90.00" type="DEFAULT_VEHTYPE" speed="13.49" pos="165.11" lane="0/2to1/2_0" slope="0.00"/>
        <vehicle id="6" x="398.35" y="620.58" angle="0.00" type="DEFAULT_VEHTYPE" speed="11.64" pos="179.42" lane="2/4to2/3_0" slope="0.00"/>
        <vehicle id="7" x="601.65" y="229.61" angle="180.00" type="DEFAULT_VEHTYPE" speed="11.85" pos="24.86" lane="3/1to3/2_0" slope="0.00"/>
        <vehicle id="8" x="198.35" y="294.27" angle="0.00" type="DEFAULT_VEHTYPE" speed="13.27" pos="100.98" lane="1/2to1/1_0" slope="0.00"/>
    </timestep>
    <timestep time="547.00">
        <vehicle id="0" x="123.48" y="398.35" angle="90.00" type="DEFAULT_VEHTYPE" speed="13.54" pos="123.48" lane="0/2to1/2_0" slope="0.00"/>
        <vehicle id="10" x="466.23" y="198.35" angle="90.00" type="DEFAULT_VEHTYPE" speed="13.01" pos="61.48" lane="2/1to3/1_0" slope="0.00"/>
        <vehicle id="11" x="788.48" y="198.35" angle="90.00" type="DEFAULT_VEHTYPE" speed="13.85" pos="183.73" lane="3/1to4/1_0" slope="0.00"/>
        <vehicle id="12" x="201.65" y="508.69" angle="180.00" type="DEFAULT_VEHTYPE" speed="13.42" pos="103.94" lane="1/2to1/3_0" slope="0.00"/>
        <vehicle id="15" x="601.65" y="321.35" angle="180.00" type="DEFAULT_VEHTYPE" speed="13.87" pos="116.60" lane="3/1to3/2_0" slope="0.00"/>
        <vehicle id="19" x="398.35" y="449.55" angle="0.00" type="DEFAULT_VEHTYPE" speed="12.93" pos="145.70" lane="2/3to2/2_0" slope="0.00"/>
        <vehicle id="2" x="601.65" y="557.92" angle="180.00" type="DEFAULT_VEHTYPE" speed="13.85" pos="153.17" lane="3/2to3/3_0" slope="0.00"/>
        <vehicle id="20" x="598.35" y="444.75" angle="0.00" type="DEFAULT_VEHTYPE" speed="12.62" pos="150.50" lane="3/3to3/2_0" slope="0.00"/>
        <vehicle id="23" x="401.65" y="615.53" angle="180.00" type="DEFAULT_VEHTYPE" speed="11.03" pos="10.78" lane="2/3to2/4_0" slope="0.00"/>
        <vehicle id="24" x="401.65" y="776.11" angle="180.00" type="DEFAULT_VEHTYPE" speed="13.61" pos="171.36" lane="2/3to2/4_0" slope="0.00"/>
        <vehicle id="4" x="398.35" y="280.45" angle="0.00" type="DEFAULT_VEHTYPE" speed="13.25" pos="114.80" lane="2/2to2/1_0" slope="0.00"/>
        <vehicle id="5" x="176.24" y="398.35" angle="90.00" type="DEFAULT_VEHTYPE" speed="11.14" pos="176.24" lane="0/2to1/2_0" slope="0.00"/>
        <vehicle id="6" x="398.35" y="608.68" angle="0.00" type="DEFAULT_VEHTYPE" speed="11.90" pos="191.32" lane="2/4to2/3_0" slope="0.00"/>
        <vehicle id="7" x="601.65" y="243.06" angle="180.00" type="DEFAULT_VEHTYPE" speed="13.45" pos="38.31" lane="3/1to3/2_0" slope="0.00"/>
        <vehicle id="8" x="198.35" y="281.46" angle="0.00" type="DEFAULT_VEHTYPE" speed="12.80" pos="113.79" lane="1/2to1/1_0" slope="0.00"/>
    </timestep>
    <timestep time="548.00">
        <vehicle id="0" x="136.82" y="398.35" angle="90.00" type="DEFAULT_VEHTYPE" speed="13.34" pos="136.82" lane="0/2to1/2_0" slope="0.00"/>
        <vehicle id="10" x="479.11" y="198.35" angle="90.00" type="DEFAULT_VEHTYPE" speed="12.88" pos="74.36" lane="2/1to3/1_0" slope="0.00"/>
        <vehicle id="11" x="801.54" y="199.78" angle="108.06" type="DEFAULT_VEHTYPE" speed="13.68" pos="2.16" lane=":4/1_0_0" slope="0.00"/>
        <vehicle id="12" x="201.65" y="521.78" angle="180.00" type="DEFAULT_VEHTYPE" speed="13.09" pos="117.03" lane="1/2to1/3_0" slope="0.00"/>
        <vehicle id="15" x="601.65" y="334.31" angle="180.00" type="DEFAULT_VEHTYPE" speed="12.96" pos="129.56" lane="3/1to3/2_0" slope="0.00"/>
        <vehicle id="19" x="398.35" y="436.02" angle="0.00" type="DEFAULT_VEHTYPE" speed="13.53" pos="159.23" lane="2/3to2/2_0" slope="0.00"/>
        <vehicle id="2" x="601.65" y="571.33" angle="180.00" type="DEFAULT_VEHTYPE" speed="13.41" pos="166.58" lane="3/2to3/3_0" slope="0.00"/>
        <vehicle id="20" x="598.35" y="430.93" angle="0.00" type="DEFAULT_VEHTYPE" speed="13.82" pos="164.32" lane="3/3to3/2_0" slope="0.00"/>
        <vehicle id="23" x="401.65" y="627.94" angle="180.00" type="DEFAULT_VEHTYPE" speed="12.41" pos="23.19" lane="2/3to2/4_0" slope="0.00"/>
        <vehicle id="24" x="401.65" y="789.95" angle="180.00" type="DEFAULT_VEHTYPE" speed="13.83" pos="185.20" lane="2/3to2/4_0" slope="0.00"/>
        <vehicle id="4" x="398.35" y="267.35" angle="0.00" type="DEFAULT_VEHTYPE" speed="13.11" pos="127.90" lane="2/2to2/1_0" slope="0.00"/>
        <vehicle id="5" x="183.93" y="398.35" angle="90.00" type="DEFAULT_VEHTYPE" speed="7.69" pos="183.93" lane="0/2to1/2_0" slope="0.00"/>
        <vehicle id="6" x="398.35" y="594.87" angle="0.00" type="DEFAULT_VEHTYPE" speed="13.81" pos="0.38" lane="2/3to2/2_0" slope="0.00"/>
        <vehicle id="7" x="601.65" y="255.70" angle="180.00" type="DEFAULT_VEHTYPE" speed="12.64" pos="50.95" lane="3/1to3/2_0" slope="0.00"/>
        <vehicle id="8" x="198.35" y="267.77" angle="0.00" type="DEFAULT_VEHTYPE" speed="13.70" pos="127.48" lane="1/2to1/1_0" slope="0.00"/>
    </timestep>
    <timestep time="549.00">
        <vehicle id="0" x="150.08" y="398.35" angle="90.00" type="DEFAULT_VEHTYPE" speed="13.26" pos="150.08" lane="0/2to1/2_0" slope="0.00"/>
        <vehicle id="10" x="491.93" y="198.35" angle="90.00" type="DEFAULT_VEHTYPE" speed="12.82" pos="87.18" lane="2/1to3/1_0" slope="0.00"/>
        <vehicle id="11" x="789.47" y="201.65" angle="-90.00" type="DEFAULT_VEHTYPE" speed="13.18" pos="10.53" lane="4/1to3/1_0" slope="0.00"/>
        <vehicle id="12" x="201.65" y="535.16" angle="180.00" type="DEFAULT_VEHTYPE" speed="13.38" pos="130.41" lane="1/2to1/3_0" slope="0.00"/>
        <vehicle id="15" x="601.65" y="347.04" angle="180.00" type="DEFAULT_VEHTYPE" speed="12.73" pos="142.29" lane="3/1to3/2_0" slope="0.00"/>
        <vehicle id="19" x="398.35" y="422.48" angle="0.00" type="DEFAULT_VEHTYPE" speed="13.54" pos="172.77" lane="2/3to2/2_0" slope="0.00"/>
        <vehicle id="2" x="601.65" y="584.34" angle="180.00" type="DEFAULT_VEHTYPE" speed="13.01" pos="179.59" lane="3/2to3/3_0" slope="0.00"/>
        <vehicle id="20" x="598.35" y="417.84" angle="0.00" type="DEFAULT_VEHTYPE" speed="13.09" pos="177.41" lane="3/3to3/2_0" slope="0.00"/>
        <vehicle id="23" x="401.65" y="641.15" angle="180.00" type="DEFAULT_VEHTYPE" speed="13.21" pos="36.40" lane="2/3to2/4_0" slope="0.00"/>
        <vehicle id="24" x="399.05" y="801.04" angle="-133.59" type="DEFAULT_VEHTYPE" speed="13.62" pos="3.57" lane=":2/4_0_0" slope="0.00"/>
        <vehicle id="4" x="398.35" y="254.06" angle="0.00" type="DEFAULT_VEHTYPE" speed="13.28" pos="141.19" lane="2/2to2/1_0" slope="0.00"/>
        <vehicle id="5" x="188.74" y="398.35" angle="90.00" type="DEFAULT_VEHTYPE" speed="4.81" pos="188.74" lane="0/2to1/2_0" slope="0.00"/>
        <vehicle id="6" x="398.35" y="581.25" angle="0.00" type="DEFAULT_VEHTYPE" speed="13.62" pos="14.00" lane="2/3to2/2_0" slope="0.00"/>
        <vehicle id="7" x="601.65" y="269.41" angle="180.00" type="DEFAULT_VEHTYPE" speed="13.71" pos="64.66" lane="3/1to3/2_0" slope="0.00"/>
        <vehicle id="8" x="198.35" y="254.82" angle="0.00" type="DEFAULT_VEHTYPE" speed="12.95" pos="140.43" lane="1/2to1/1_0" slope="0.00"/>
    </timestep>
    <timestep time="550.00">
        <vehicle id="0" x="163.07" y="398.35" angle="90.00" type="DEFAULT_VEHTYPE" speed="12.99" pos="163.07" lane="0/2to1/2_0" slope="0.00"/>
        <vehicle id="10" x="505.35" y="198.35" angle="90.00" type="DEFAULT_VEHTYPE" speed="13.41" pos="100.60" lane="2/1to3/1_0" slope="0.00"/>
        <vehicle id="11" x="776.69" y="201.65" angle="-90.00" type="DEFAULT_VEHTYPE" speed="12.78" pos="23.31" lane="4/1to3/1_0" slope="0.00"/>
        <vehicle id="12" x="201.65" y="548.13" angle="180.00" type="DEFAULT_VEHTYPE" speed="12.97" pos="143.38" lane="1/2to1/3_0" slope="0.00"/>
        <vehicle id="15" x="601.65" y="360.05" angle="180.00" type="DEFAULT_VEHTYPE" speed="13.01" pos="155.30" lane="3/1to3/2_0" slope="0.00"/>
        <vehicle id="19" x="398.35" y="409.25" angle="0.00" type="DEFAULT_VEHTYPE" speed="13.23" pos="186.00" lane="2/3to2/2_0" slope="0.00"/>
        <vehicle id="2" x="602.35" y="597.45" angle="171.86" type="DEFAULT_VEHTYPE" speed="13.27" pos="2.35" lane=":3/3_8_0" slope="0.00"/>
        <vehicle id="20" x="598.26" y="404.10" angle="-1.03" type="DEFAULT_VEHTYPE" speed="13.75" pos="0.65" lane=":3/2_0_0" slope="0.00"/>
        <vehicle id="23" x="401.65" y="654.14" angle="180.00" type="DEFAULT_VEHTYPE" speed="12.99" pos="49.39" lane="2/3to2/4_0" slope="0.00"/>
        <vehicle id="24" x="398.35" y="788.64" angle="0.00" type="DEFAULT_VEHTYPE" speed="12.61" pos="11.36" lane="2/4to2/3_0" slope="0.00"/>
        <vehicle id="4" x="398.35" y="240.80" angle="0.00" type="DEFAULT_VEHTYPE" speed="13.26" pos="154.45" lane="2/2to2/1_0" slope="0.00"/>
        <vehicle id="5" x="195.36" y="398.37" angle="90.18" type="DEFAULT_VEHTYPE" speed="6.62" pos="0.11" lane=":1/2_14_0" slope="0.00"/>
        <vehicle id="6" x="398.35" y="568.63" angle="0.00" type="DEFAULT_VEHTYPE" speed="12.62" pos="26.62" lane="2/3to2/2_0" slope="0.00"/>
        <vehicle id="7" x="601.65" y="283.28" angle="180.00" type="DEFAULT_VEHTYPE" speed="13.87" pos="78.53" lane="3/1to3/2_0" slope="0.00"/>
        <vehicle id="8" x="198.35" y="241.03" angle="0.00" type="DEFAULT_VEHTYPE" speed="13.79" pos="154.22" lane="1/2to1/1_0" slope="0.00"/>
    </timestep>
    <timestep time="551.00">
        <vehicle id="0" x="174.31" y="398.35" angle="90.00" type="DEFAULT_VEHTYPE" speed="11.23" pos="174.31" lane="0/2to1/2_0" slope="0.00"/>
        <vehicle id="10" x="518.33" y="198.35" angle="90.00" type="DEFAULT_VEHTYPE" speed="12.98" pos="113.58" lane="2/1to3/1_0" slope="0.00"/>
        <vehicle id="11" x="763.01" y="201.65" angle="-90.00" type="DEFAULT_VEHTYPE" speed="13.67" pos="36.99" lane="4/1to3/1_0" slope="0.00"/>
        <vehicle id="12" x="201.65" y="561.03" angle="180.00" type="DEFAULT_VEHTYPE" speed="12.90" pos="156.28" lane="1/2to1/3_0" slope="0.00"/>
        <vehicle id="15" x="601.65" y="373.14" angle="180.00" type="DEFAULT_VEHTYPE" speed="13.09" pos="168.39" lane="3/1to3/2_0" slope="0.00"/>
        <vehicle id="19" x="398.35" y="395.50" angle="0.00" type="DEFAULT_VEHTYPE" speed="13.75" pos="9.25" lane=":2/2_1_0" slope="0.00"/>
        <vehicle id="2" x="615.63" y="598.35" angle="90.00" type="DEFAULT_VEHTYPE" speed="13.52" pos="10.88" lane="3/3to4/3_0" slope="0.00"/>
        <vehicle id="20" x="585.70" y="401.65" angle="-90.00" type="DEFAULT_VEHTYPE" speed="13.90" pos="9.55" lane="3/2to2/2_0" slope="0.00"/>
        <vehicle id="23" x="401.65" y="666.98" angle="180.00" type="DEFAULT_VEHTYPE" speed="12.84" pos="62.23" lane="2/3to2/4_0" slope="0.00"/>
        <vehicle id="24" x="398.35" y="775.20" angle="0.00" type="DEFAULT_VEHTYPE" speed="13.44" pos="24.80" lane="2/4to2/3_0" slope="0.00"/>
        <vehicle id="4" x="398.35" y="227.50" angle="0.00" type="DEFAULT_VEHTYPE" speed="13.30" pos="167.75" lane="2/2to2/1_0" slope="0.00"/>
        <vehicle id="5" x="201.50" y="403.73" angle="152.48" type="DEFAULT_VEHTYPE" speed="9.18" pos="9.29" lane=":1/2_14_0" slope="0.00"/>
        <vehicle id="6" x="398.35" y="555.66" angle="0.00" type="DEFAULT_VEHTYPE" speed="12.97" pos="39.59" lane="2/3to2/2_0" slope="0.00"/>
        <vehicle id="7" x="601.65" y="296.41" angle="180.00" type="DEFAULT_VEHTYPE" speed="13.13" pos="91.66" lane="3/1to3/2_0" slope="0.00"/>
        <vehicle id="8" x="198.35" y="228.03" angle="0.00" type="DEFAULT_VEHTYPE" speed="13.00" pos="167.22" lane="1/2to1/1_0" slope="0.00"/>
    </timestep>
    <timestep time="552.00">
        <vehicle id="0" x="183.36" y="398.35" angle="90.00" type="DEFAULT_VEHTYPE" speed="9.06" pos="183.36" lane="0/2to1/2_0" slope="0.00"/>
        <vehicle id="10" x="531.40" y="198.35" angle="90.00" type="DEFAULT_VEHTYPE" speed="13.07" pos="126.65" lane="2/1to3/1_0" slope="0.00"/>
        <vehicle id="11" x="749.59" y="201.65" angle="-90.00" type="DEFAULT_VEHTYPE" speed="13.43" pos="50.41" lane="4/1to3/1_0" slope="0.00"/>
        <vehicle id="12" x="201.65" y="574.23" angle="180.00" type="DEFAULT_VEHTYPE" speed="13.20" pos="169.48" lane="1/2to1/3_0" slope="0.00"/>
        <vehicle id="15" x="601.65" y="386.73" angle="180.00" type="DEFAULT_VEHTYPE" speed="13.59" pos="181.98" lane="3/1to3/2_0" slope="0.00"/>
        <vehicle id="19" x="398.35" y="382.22" angle="0.00" type="DEFAULT_VEHTYPE" speed="13.28" pos="13.03" lane="2/2to2/1_0" slope="0.00"/>
        <vehicle id="2" x="629.46" y="598.35" angle="90.00" type="DEFAULT_VEHTYPE" speed="13.83" pos="24.71" lane="3/3to4/3_0" slope="0.00"/>
        <vehicle id="20" x="572.38" y="401.65" angle="-90.00" type="DEFAULT_VEHTYPE" speed="13.32" pos="22.87" lane="3/2to2/2_0" slope="0.00"/>
        <vehicle id="23" x="401.65" y="679.71" angle="180.00" type="DEFAULT_VEHTYPE" speed="12.73" pos="74.96" lane="2/3to2/4_0" slope="0.00"/>
        <vehicle id="24" x="398.35" y="761.39" angle="0.00" type="DEFAULT_VEHTYPE" speed="13.81" pos="38.61" lane="2/4to2/3_0" slope="0.00"/>
        <vehicle id="4" x="398.35" y="214.38" angle="0.00" type="DEFAULT_VEHTYPE" speed="13.12" pos="180.87" lane="2/2to2/1_0" slope="0.00"/>
        <vehicle id="5" x="201.65" y="415.06" angle="180.00" type="DEFAULT_VEHTYPE" speed="11.34" pos="10.31" lane="1/2to1/3_0" slope="0.00"/>
        <vehicle id="6" x="398.35" y="541.88" angle="0.00" type="DEFAULT_VEHTYPE" speed="13.77" pos="53.37" lane="2/3to2/2_0" slope="0.00"/>
        <vehicle id="7" x="601.65" y="309.93" angle="180.00" type="DEFAULT_VEHTYPE" speed="13.52" pos="105.18" lane="3/1to3/2_0" slope="0.00"/>
        <vehicle id="8" x="198.35" y="214.32" angle="0.00" type="DEFAULT_VEHTYPE" speed="13.71" pos="180.93" lane="1/2to1/1_0" slope="0.00"/>
    </timestep>
    <timestep time="553.00">
        <vehicle id="0" x="188.97" y="398.35" angle="90.00" type="DEFAULT_VEHTYPE" speed="5.60" pos="188.97" lane="0/2to1/2_0" slope="0.00"/>
        <vehicle id="10" x="544.45" y="198.35" angle="90.00" type="DEFAULT_VEHTYPE" speed="13.05" pos="139.70" lane="2/1to3/1_0" slope="0.00"/>
        <vehicle id="11" x="735.91" y="201.65" angle="-90.00" type="DEFAULT_VEHTYPE" speed="13.67" pos="64.09" lane="4/1to3/1_0" slope="0.00"/>
        <vehicle id="12" x="201.65" y="587.70" angle="180.00" type="DEFAULT_VEHTYPE" speed="13.47" pos="182.95" lane="1/2to1/3_0" slope="0.00"/>
        <vehicle id="15" x="601.65" y="400.08" angle="180.00" type="DEFAULT_VEHTYPE" speed="13.35" pos="4.83" lane=":3/2_9_0" slope="0.00"/>
        <vehicle id="19" x="398.35" y="369.07" angle="0.00" type="DEFAULT_VEHTYPE" speed="13.15" pos="26.18" lane="2/2to2/1_0" slope="0.00"/>
        <vehicle id="2" x="643.34" y="598.35" angle="90.00" type="DEFAULT_VEHTYPE" speed="13.89" pos="38.59" lane="3/3to4/3_0" slope="0.00"/>
        <vehicle id="20" x="559.40" y="401.65" angle="-90.00" type="DEFAULT_VEHTYPE" speed="12.98" pos="35.85" lane="3/2to2/2_0" slope="0.00"/>
        <vehicle id="23" x="401.65" y="692.52" angle="180.00" type="DEFAULT_VEHTYPE" speed="12.82" pos="87.77" lane="2/3to2/4_0" slope="0.00"/>
        <vehicle id="24" x="398.35" y="748.19" angle="0.00" type="DEFAULT_VEHTYPE" speed="13.20" pos="51.81" lane="2/4to2/3_0" slope="0.00"/>
        <vehicle id="4" x="396.17" y="201.78" angle="-29.20" type="DEFAULT_VEHTYPE" speed="13.70" pos="4.08" lane=":2/1_0_0" slope="0.00"/>
        <vehicle id="5" x="201.65" y="428.10" angle="180.00" type="DEFAULT_VEHTYPE" speed="13.05" pos="23.35" lane="1/2to1/3_0" slope="0.00"/>
        <vehicle id="6" x="398.35" y="528.87" angle="0.00" type="DEFAULT_VEHTYPE" speed="13.02" pos="66.38" lane="2/3to2/2_0" slope="0.00"/>
        <vehicle id="7" x="601.65" y="323.82" angle="180.00" type="DEFAULT_VEHTYPE" speed="13.89" pos="119.07" lane="3/1to3/2_0" slope="0.00"/>
        <vehicle id="8" x="196.16" y="201.78" angle="-29.39" type="DEFAULT_VEHTYPE" speed="13.65" pos="4.08" lane=":1/1_0_0" slope="0.00"/>
    </timestep>
    <timestep time="554.00">
        <vehicle id="0" x="195.97" y="398.45" angle="91.17" type="DEFAULT_VEHTYPE" speed="7.01" pos="0.72" lane=":1/2_14_0" slope="0.00"/>
        <vehicle id="10" x="557.49" y="198.35" angle="90.00" type="DEFAULT_VEHTYPE" speed="13.04" pos="152.74" lane="2/1to3/1_0" slope="0.00"/>
        <vehicle id="11" x="723.04" y="201.65" angle="-90.00" type="DEFAULT_VEHTYPE" speed="12.87" pos="76.96" lane="4/1to3/1_0" slope="0.00"/>
        <vehicle id="12" x="204.82" y="598.35" angle="133.88" type="DEFAULT_VEHTYPE" speed="12.62" pos="0.07" lane="1/3to2/3_0" slope="0.00"/>
        <vehicle id="15" x="601.65" y="413.55" angle="180.00" type="DEFAULT_VEHTYPE" speed="13.47" pos="8.80" lane="3/2to3/3_0" slope="0.00"/>
        <vehicle id="19" x="398.35" y="355.49" angle="0.00" type="DEFAULT_VEHTYPE" speed="13.58" pos="39.76" lane="2/2to2/1_0" slope="0.00"/>
        <vehicle id="2" x="657.15" y="598.35" angle="90.00" type="DEFAULT_VEHTYPE" speed="13.81" pos="52.40" lane="3/3to4/3_0" slope="0.00"/>
        <vehicle id="20" x="546.48" y="401.65" angle="-90.00" type="DEFAULT_VEHTYPE" speed="12.92" pos="48.77" lane="3/2to2/2_0" slope="0.00"/>
        <vehicle id="23" x="401.65" y="705.58" angle="180.00" type="DEFAULT_VEHTYPE" speed="13.06" pos="100.83" lane="2/3to2/4_0" slope="0.00"/>
        <vehicle id="24" x="398.35" y="734.46" angle="0.00" type="DEFAULT_VEHTYPE" speed="13.73" pos="65.54" lane="2/4to2/3_0" slope="0.00"/>
        <vehicle id="4" x="383.41" y="201.65" angle="-90.00" type="DEFAULT_VEHTYPE" speed="12.77" pos="11.84" lane="2/1to1/1_0" slope="0.00"/>
        <vehicle id="5" x="201.65" y="441.45" angle="180.00" type="DEFAULT_VEHTYPE" speed="13.35" pos="36.70" lane="1/2to1/3_0" slope="0.00"/>
        <vehicle id="6" x="398.35" y="515.93" angle="0.00" type="DEFAULT_VEHTYPE" speed="12.93" pos="79.32" lane="2/3to2/2_0" slope="0.00"/>
        <vehicle id="7" x="601.65" y="336.57" angle="180.00" type="DEFAULT_VEHTYPE" speed="12.75" pos="131.82" lane="3/1to3/2_0" slope="0.00"/>
        <vehicle id="8" x="183.45" y="201.65" angle="-90.00" type="DEFAULT_VEHTYPE" speed="12.72" pos="11.80" lane="1/1to0/1_0" slope="0.00"/>
    </timestep>
    <timestep time="555.00">
        <vehicle id="0" x="201.52" y="403.83" angle="153.56" type="DEFAULT_VEHTYPE" speed="8.67" pos="9.39" lane=":1/2_14_0" slope="0.00"/>
        <vehicle id="10" x="570.14" y="198.35" angle="90.00" type="DEFAULT_VEHTYPE" speed="12.65" pos="165.39" lane="2/1to3/1_0" slope="0.00"/>
        <vehicle id="11" x="709.23" y="201.65" angle="-90.00" type="DEFAULT_VEHTYPE" speed="13.82" pos="90.77" lane="4/1to3/1_0" slope="0.00"/>
        <vehicle id="12" x="217.66" y="598.35" angle="90.00" type="DEFAULT_VEHTYPE" speed="12.85" pos="12.91" lane="1/3to2/3_0" slope="0.00"/>
        <vehicle id="15" x="601.65" y="427.19" angle="180.00" type="DEFAULT_VEHTYPE" speed="13.64" pos="22.44" lane="3/2to3/3_0" slope="0.00"/>
        <vehicle id="19" x="398.35" y="342.53" angle="0.00" type="DEFAULT_VEHTYPE" speed="12.95" pos="52.72" lane="2/2to2/1_0" slope="0.00"/>
        <vehicle id="2" x="669.91" y="598.35" angle="90.00" type="DEFAULT_VEHTYPE" speed="12.76" pos="65.16" lane="3/3to4/3_0" slope="0.00"/>
        <vehicle id="20" x="533.70" y="401.65" angle="-90.00" type="DEFAULT_VEHTYPE" speed="12.78" pos="61.55" lane="3/2to2/2_0" slope="0.00"/>
        <vehicle id="23" x="401.65" y="719.01" angle="180.00" type="DEFAULT_VEHTYPE" speed="13.43" pos="114.26" lane="2/3to2/4_0" slope="0.00"/>
        <vehicle id="24" x="398.35" y="721.15" angle="0.00" type="DEFAULT_VEHTYPE" speed="13.30" pos="78.85" lane="2/4to2/3_0" slope="0.00"/>
        <vehicle id="4" x="370.78" y="201.65" angle="-90.00" type="DEFAULT_VEHTYPE" speed="12.63" pos="24.47" lane="2/1to1/1_0" slope="0.00"/>
        <vehicle id="5" x="201.65" y="454.63" angle="180.00" type="DEFAULT_VEHTYPE" speed="13.19" pos="49.88" lane="1/2to1/3_0" slope="0.00"/>
        <vehicle id="6" x="398.35" y="503.18" angle="0.00" type="DEFAULT_VEHTYPE" speed="12.75" pos="92.07" lane="2/3to2/2_0" slope="0.00"/>
        <vehicle id="7" x="601.65" y="350.41" angle="180.00" type="DEFAULT_VEHTYPE" speed="13.84" pos="145.66" lane="3/1to3/2_0" slope="0.00"/>
        <vehicle id="8" x="169.75" y="201.65" angle="-90.00" type="DEFAULT_VEHTYPE" speed="13.70" pos="25.50" lane="1/1to0/1_0" slope="0.00"/>
    </timestep>
    <timestep time="556.00">
        <vehicle id="0" x="201.65" y="415.01" angle="180.00" type="DEFAULT_VEHTYPE" speed="11.19" pos="10.26" lane="1/2to1/3_0" slope="0.00"/>
        <vehicle id="10" x="579.49" y="198.35" angle="90.00" type="DEFAULT_VEHTYPE" speed="9.35" pos="174.74" lane="2/1to3/1_0" slope="0.00"/>
        <vehicle id="11" x="696.61" y="201.65" angle="-90.00" type="DEFAULT_VEHTYPE" speed="12.61" pos="103.39" lane="4/1to3/1_0" slope="0.00"/>
        <vehicle id="12" x="231.52" y="598.35" angle="90.00" type="DEFAULT_VEHTYPE" speed="13.85" pos="26.77" lane="1/3to2/3_0" slope="0.00"/>
        <vehicle id="15" x="601.65" y="439.95" angle="180.00" type="DEFAULT_VEHTYPE" speed="12.76" pos="35.20" lane="3/2to3/3_0" slope="0.00"/>
        <vehicle id="19" x="398.35" y="329.87" angle="0.00" type="DEFAULT_VEHTYPE" speed="12.66" pos="65.38" lane="2/2to2/1_0" slope="0.00"/>
        <vehicle id="2" x="683.23" y="598.35" angle="90.00" type="DEFAULT_VEHTYPE" speed="13.32" pos="78.48" lane="3/3to4/3_0" slope="0.00"/>
        <vehicle id="20" x="520.33" y="401.65" angle="-90.00" type="DEFAULT_VEHTYPE" speed="13.37" pos="74.92" lane="3/2to2/2_0" slope="0.00"/>
        <vehicle id="23" x="401.65" y="732.22" angle="180.00" type="DEFAULT_VEHTYPE" speed="13.21" pos="127.47" lane="2/3to2/4_0" slope="0.00"/>
        <vehicle id="24" x="398.35" y="708.27" angle="0.00" type="DEFAULT_VEHTYPE" speed="12.88" pos="91.73" lane="2/4to2/3_0" slope="0.00"/>
        <vehicle id="4" x="357.52" y="201.65" angle="-90.00" type="DEFAULT_VEHTYPE" speed="13.26" pos="37.73" lane="2/1to1/1_0" slope="0.00"/>
        <vehicle id="5" x="201.65" y="468.00" angle="180.00" type="DEFAULT_VEHTYPE" speed="13.36" pos="63.25" lane="1/2to1/3_0" slope="0.00"/>
        <vehicle id="6" x="398.35" y="489.55" angle="0.00" type="DEFAULT_VEHTYPE" speed="13.64" pos="105.70" lane="2/3to2/2_0" slope="0.00"/>
        <vehicle id="7" x="601.65" y="364.25" angle="180.00" type="DEFAULT_VEHTYPE" speed="13.84" pos="159.50" lane="3/1to3/2_0" slope="0.00"/>
        <vehicle id="8" x="156.15" y="201.65" angle="-90.00" type="DEFAULT_VEHTYPE" speed="13.59" pos="39.10" lane="1/1to0/1_0" slope="0.00"/>
    </timestep>
    <timestep time="557.00">
        <vehicle id="0" x="201.65" y="427.56" angle="180.00" type="DEFAULT_VEHTYPE" speed="12.55" pos="22.81" lane="1/2to1/3_0" slope="0.00"/>
        <vehicle id="10" x="585.62" y="198.35" angle="90.00" type="DEFAULT_VEHTYPE" speed="6.14" pos="180.87" lane="2/1to3/1_0" slope="0.00"/>
        <vehicle id="11" x="683.81" y="201.65" angle="-90.00" type="DEFAULT_VEHTYPE" speed="12.80" pos="116.19" lane="4/1to3/1_0" slope="0.00"/>
        <vehicle id="12" x="245.14" y="598.35" angle="90.00" type="DEFAULT_VEHTYPE" speed="13.62" pos="40.39" lane="1/3to2/3_0" slope="0.00"/>
        <vehicle id="15" x="601.65" y="453.06" angle="180.00" type="DEFAULT_VEHTYPE" speed="13.11" pos="48.31" lane="3/2to3/3_0" slope="0.00"/>
        <vehicle id="19" x="398.35" y="316.43" angle="0.00" type="DEFAULT_VEHTYPE" speed="13.45" pos="78.82" lane="2/2to2/1_0" slope="0.00"/>
        <vehicle id="2" x="696.32" y="598.35" angle="90.00" type="DEFAULT_VEHTYPE" speed="13.09" pos="91.57" lane="3/3to4/3_0" slope="0.00"/>
        <vehicle id="20" x="507.32" y="401.65" angle="-90.00" type="DEFAULT_VEHTYPE" speed="13.01" pos="87.93" lane="3/2to2/2_0" slope="0.00"/>
        <vehicle id="23" x="401.65" y="745.45" angle="180.00" type="DEFAULT_VEHTYPE" speed="13.23" pos="140.70" lane="2/3to2/4_0" slope="0.00"/>
        <vehicle id="24" x="398.35" y="695.21" angle="0.00" type="DEFAULT_VEHTYPE" speed="13.06" pos="104.79" lane="2/4to2/3_0" slope="0.00"/>
        <vehicle id="4" x="344.63" y="201.65" angle="-90.00" type="DEFAULT_VEHTYPE" speed="12.89" pos="50.62" lane="2/1to1/1_0" slope="0.00"/>
        <vehicle id="5" x="201.65" y="480.87" angle="180.00" type="DEFAULT_VEHTYPE" speed="12.88" pos="76.12" lane="1/2to1/3_0" slope="0.00"/>
        <vehicle id="6" x="398.35" y="476.17" angle="0.00" type="DEFAULT_VEHTYPE" speed="13.38" pos="119.08" lane="2/3to2/2_0" slope="0.00"/>
        <vehicle id="7" x="601.65" y="375.71" angle="180.00" type="DEFAULT_VEHTYPE" speed="11.46" pos="170.96" lane="3/1to3/2_0" slope="0.00"/>
        <vehicle id="8" x="143.24" y="201.65" angle="-90.00" type="DEFAULT_VEHTYPE" speed="12.91" pos="52.01" lane="1/1to0/1_0" slope="0.00"/>
    </timestep>
    <timestep time="558.00">
        <vehicle id="0" x="201.65" y="441.05" angle="180.00" type="DEFAULT_VEHTYPE" speed="13.49" pos="36.30" lane="1/2to1/3_0" slope="0.00"/>
        <vehicle id="10" x="589.93" y="198.35" angle="90.00" type="DEFAULT_VEHTYPE" speed="4.30" pos="185.18" lane="2/1to3/1_0" slope="0.00"/>
        <vehicle id="11" x="670.97" y="201.65" angle="-90.00" type="DEFAULT_VEHTYPE" speed="12.84" pos="129.03" lane="4/1to3/1_0" slope="0.00"/>
        <vehicle id="12" x="258.99" y="598.35" angle="90.00" type="DEFAULT_VEHTYPE" speed="13.85" pos="54.24" lane="1/3to2/3_0" slope="0.00"/>
        <vehicle id="15" x="601.65" y="465.81" angle="180.00" type="DEFAULT_VEHTYPE" speed="12.75" pos="61.06" lane="3/2to3/3_0" slope="0.00"/>
        <vehicle id="19" x="398.35" y="303.66" angle="0.00" type="DEFAULT_VEHTYPE" speed="12.77" pos="91.59" lane="2/2to2/1_0" slope="0.00"/>
        <vehicle id="2" x="709.13" y="598.35" angle="90.00" type="DEFAULT_VEHTYPE" speed="12.80" pos="104.38" lane="3/3to4/3_0" slope="0.00"/>
        <vehicle id="20" x="494.20" y="401.65" angle="-90.00" type="DEFAULT_VEHTYPE" speed="13.12" pos="101.05" lane="3/2to2/2_0" slope="0.00"/>
        <vehicle id="23" x="401.65" y="758.62" angle="180.00" type="DEFAULT_VEHTYPE" speed="13.17" pos="153.87" lane="2/3to2/4_0" slope="0.00"/>
        <vehicle id="24" x="398.35" y="682.47" angle="0.00" type="DEFAULT_VEHTYPE" speed="12.75" pos="117.53" lane="2/4to2/3_0" slope="0.00"/>
        <vehicle id="4" x="331.16" y="201.65" angle="-90.00" type="DEFAULT_VEHTYPE" speed="13.47" pos="64.09" lane="2/1to1/1_0" slope="0.00"/>
        <vehicle id="5" x="201.65" y="493.80" angle="180.00" type="DEFAULT_VEHTYPE" speed="12.92" pos="89.05" lane="1/2to1/3_0" slope="0.00"/>
        <vehicle id="6" x="398.35" y="463.10" angle="0.00" type="DEFAULT_VEHTYPE" speed="13.07" pos="132.15" lane="2/3to2/2_0" slope="0.00"/>
        <vehicle id="7" x="601.65" y="383.17" angle="180.00" type="DEFAULT_VEHTYPE" speed="7.45" pos="178.42" lane="3/1to3/2_0" slope="0.00"/>
        <vehicle id="8" x="129.43" y="201.65" angle="-90.00" type="DEFAULT_VEHTYPE" speed="13.81" pos="65.82" lane="1/1to0/1_0" slope="0.00"/>
    </timestep>
    <timestep time="559.00">
        <vehicle id="0" x="201.65" y="454.72" angle="180.00" type="DEFAULT_VEHTYPE" speed="13.67" pos="49.97" lane="1/2to1/3_0" slope="0.00"/>
        <vehicle id="10" x="596.05" y="198.46" angle="91.32" type="DEFAULT_VEHTYPE" speed="6.13" pos="0.81" lane=":3/1_14_0" slope="0.00"/>
        <vehicle id="11" x="657.56" y="201.65" angle="-90.00" type="DEFAULT_VEHTYPE" speed="13.40" pos="142.44" lane="4/1to3/1_0" slope="0.00"/>
        <vehicle id="12" x="272.06" y="598.35" angle="90.00" type="DEFAULT_VEHTYPE" speed="13.07" pos="67.31" lane="1/3to2/3_0" slope="0.00"/>
        <vehicle id="15" x="601.65" y="479.70" angle="180.00" type="DEFAULT_VEHTYPE" speed="13.90" pos="74.95" lane="3/2to3/3_0" slope="0.00"/>
        <vehicle id="19" x="398.35" y="290.94" angle="0.00" type="DEFAULT_VEHTYPE" speed="12.72" pos="104.31" lane="2/2to2/1_0" slope="0.00"/>
        <vehicle id="2" x="722.57" y="598.35" angle="90.00" type="DEFAULT_VEHTYPE" speed="13.45" pos="117.82" lane="3/3to4/3_0" slope="0.00"/>
        <vehicle id="20" x="481.03" y="401.65" angle="-90.00" type="DEFAULT_VEHTYPE" speed="13.18" pos="114.22" lane="3/2to2/2_0" slope="0.00"/>
        <vehicle id="23" x="401.65" y="771.72" angle="180.00" type="DEFAULT_VEHTYPE" speed="13.10" pos="166.97" lane="2/3to2/4_0" slope="0.00"/>
        <vehicle id="24" x="398.35" y="669.62" angle="0.00" type="DEFAULT_VEHTYPE" speed="12.85" pos="130.38" lane="2/4to2/3_0" slope="0.00"/>
        <vehicle id="4" x="318.15" y="201.65" angle="-90.00" type="DEFAULT_VEHTYPE" speed="13.01" pos="77.10" lane="2/1to1/1_0" slope="0.00"/>
        <vehicle id="5" x="201.65" y="506.50" angle="180.00" type="DEFAULT_VEHTYPE" speed="12.70" pos="101.75" lane="1/2to1/3_0" slope="0.00"/>
        <vehicle id="6" x="398.35" y="450.29" angle="0.00" type="DEFAULT_VEHTYPE" speed="12.81" pos="144.96" lane="2/3to2/2_0" slope="0.00"/>
        <vehicle id="7" x="601.65" y="387.83" angle="180.00" type="DEFAULT_VEHTYPE" speed="4.66" pos="183.08" lane="3/1to3/2_0" slope="0.00"/>
        <vehicle id="8" x="115.70" y="201.65" angle="-90.00" type="DEFAULT_VEHTYPE" speed="13.72" pos="79.55" lane="1/1to0/1_0" slope="0.00"/>
    </timestep>
    <timestep time="560.00">
        <vehicle id="0" x="201.65" y="467.37" angle="180.00" type="DEFAULT_VEHTYPE" speed="12.65" pos="62.62" lane="1/2to1/3_0" slope="0.00"/>
        <vehicle id="10" x="601.44" y="203.27" angle="147.72" type="DEFAULT_VEHTYPE" speed="8.02" pos="8.83" lane=":3/1_14_0" slope="0.00"/>
        <vehicle id="11" x="644.23" y="201.65" angle="-90.00" type="DEFAULT_VEHTYPE" speed="13.33" pos="155.77" lane="4/1to3/1_0" slope="0.00"/>
        <vehicle id="12" x="285.16" y="598.35" angle="90.00" type="DEFAULT_VEHTYPE" speed="13.10" pos="80.41" lane="1/3to2/3_0" slope="0.00"/>
        <vehicle id="15" x="601.65" y="493.17" angle="180.00" type="DEFAULT_VEHTYPE" speed="13.46" pos="88.42" lane="3/2to3/3_0" slope="0.00"/>
        <vehicle id="19" x="398.35" y="277.31" angle="0.00" type="DEFAULT_VEHTYPE" speed="13.62" pos="117.94" lane="2/2to2/1_0" slope="0.00"/>
        <vehicle id="2" x="735.39" y="598.35" angle="90.00" type="DEFAULT_VEHTYPE" speed="12.81" pos="130.64" lane="3/3to4/3_0" slope="0.00"/>
        <vehicle id="20" x="467.77" y="401.65" angle="-90.00" type="DEFAULT_VEHTYPE" speed="13.26" pos="127.48" lane="3/2to2/2_0" slope="0.00"/>
        <vehicle id="23" x="401.65" y="785.03" angle="180.00" type="DEFAULT_VEHTYPE" speed="13.31" pos="180.28" lane="2/3to2/4_0" slope="0.00"/>
        <vehicle id="24" x="398.35" y="656.44" angle="0.00" type="DEFAULT_VEHTYPE" speed="13.18" pos="143.56" lane="2/4to2/3_0" slope="0.00"/>
        <vehicle id="4" x="304.39" y="201.65" angle="-90.00" type="DEFAULT_VEHTYPE" speed="13.75" pos="90.86" lane="2/1to1/1_0" slope="0.00"/>
        <vehicle id="5" x="201.65" y="519.78" angle="180.00" type="DEFAULT_VEHTYPE" speed="13.29" pos="115.03" lane="1/2to1/3_0" slope="0.00"/>
        <vehicle id="6" x="398.35" y="437.13" angle="0.00" type="DEFAULT_VEHTYPE" speed="13.17" pos="158.12" lane="2/3to2/2_0" slope="0.00"/>
        <vehicle id="7" x="601.65" y="391.25" angle="180.00" type="DEFAULT_VEHTYPE" speed="3.42" pos="186.50" lane="3/1to3/2_0" slope="0.00"/>
        <vehicle id="8" x="101.94" y="201.65" angle="-90.00" type="DEFAULT_VEHTYPE" speed="13.76" pos="93.31" lane="1/1to0/1_0" slope="0.00"/>
    </timestep>
    <timestep time="561.00">
        <vehicle id="0" x="201.65" y="480.21" angle="180.00" type="DEFAULT_VEHTYPE" speed="12.84" pos="75.46" lane="1/2to1/3_0" slope="0.00"/>
        <vehicle id="10" x="601.65" y="213.22" angle="180.00" type="DEFAULT_VEHTYPE" speed="9.96" pos="8.47" lane="3/1to3/2_0" slope="0.00"/>
        <vehicle id="11" x="631.61" y="201.65" angle="-90.00" type="DEFAULT_VEHTYPE" speed="12.63" pos="168.39" lane="4/1to3/1_0" slope="0.00"/>
        <vehicle id="12" x="298.79" y="598.35" angle="90.00" type="DEFAULT_VEHTYPE" speed="13.64" pos="94.04" lane="1/3to2/3_0" slope="0.00"/>
        <vehicle id="15" x="601.65" y="506.08" angle="180.00" type="DEFAULT_VEHTYPE" speed="12.91" pos="101.33" lane="3/2to3/3_0" slope="0.00"/>
        <vehicle id="19" x="398.35" y="264.53" angle="0.00" type="DEFAULT_VEHTYPE" speed="12.79" pos="130.72" lane="2/2to2/1_0" slope="0.00"/>
        <vehicle id="2" x="748.44" y="598.35" angle="90.00" type="DEFAULT_VEHTYPE" speed="13.06" pos="143.69" lane="3/3to4/3_0" slope="0.00"/>
        <vehicle id="20" x="454.78" y="401.65" angle="-90.00" type="DEFAULT_VEHTYPE" speed="12.99" pos="140.47" lane="3/2to2/2_0" slope="0.00"/>
        <vehicle id="23" x="401.65" y="798.29" angle="180.00" type="DEFAULT_VEHTYPE" speed="13.26" pos="193.54" lane="2/3to2/4_0" slope="0.00"/>
        <vehicle id="24" x="398.35" y="643.05" angle="0.00" type="DEFAULT_VEHTYPE" speed="13.39" pos="156.95" lane="2/4to2/3_0" slope="0.00"/>
        <vehicle id="4" x="291.68" y="201.65" angle="-90.00" type="DEFAULT_VEHTYPE" speed="12.72" pos="103.57" lane="2/1to1/1_0" slope="0.00"/>
        <vehicle id="5" x="201.65" y="533.17" angle="180.00" type="DEFAULT_VEHTYPE" speed="13.39" pos="128.42" lane="1/2to1/3_0" slope="0.00"/>
        <vehicle id="6" x="398.35" y="423.69" angle="0.00" type="DEFAULT_VEHTYPE" speed="13.44" pos="171.56" lane="2/3to2/2_0" slope="0.00"/>
        <vehicle id="7" x="601.38" y="397.13" angle="-176.92" type="DEFAULT_VEHTYPE" speed="5.89" pos="1.89" lane=":3/2_10_0" slope="0.00"/>
        <vehicle id="8" x="88.47" y="201.65" angle="-90.00" type="DEFAULT_VEHTYPE" speed="13.47" pos="106.78" lane="1/1to0/1_0" slope="0.00"/>
    </timestep>
    <timestep time="562.00">
        <vehicle id="0" x="201.65" y="493.33" angle="180.00" type="DEFAULT_VEHTYPE" speed="13.12" pos="88.58" lane="1/2to1/3_0" slope="0.00"/>
        <vehicle id="10" x="601.65" y="224.82" angle="180.00" type="DEFAULT_VEHTYPE" speed="11.60" pos="20.07" lane="3/1to3/2_0" slope="0.00"/>
        <vehicle id="11" x="621.25" y="201.65" angle="-90.00" type="DEFAULT_VEHTYPE" speed="10.36" pos="178.75" lane="4/1to3/1_0" slope="0.00"/>
        <vehicle id="12" x="311.97" y="598.35" angle="90.00" type="DEFAULT_VEHTYPE" speed="13.18" pos="107.22" lane="1/3to2/3_0" slope="0.00"/>
        <vehicle id="15" x="601.65" y="518.77" angle="180.00" type="DEFAULT_VEHTYPE" speed="12.70" pos="114.02" lane="3/2to3/3_0" slope="0.00"/>
        <vehicle id="19" x="398.35" y="251.43" angle="0.00" type="DEFAULT_VEHTYPE" speed="13.10" pos="143.82" lane="2/2to2/1_0" slope="0.00"/>
        <vehicle id="2" x="762.04" y="598.35" angle="90.00" type="DEFAULT_VEHTYPE" speed="13.59" pos="157.29" lane="3/3to4/3_0" slope="0.00"/>
        <vehicle id="20" x="442.05" y="401.65" angle="-90.00" type="DEFAULT_VEHTYPE" speed="12.72" pos="153.20" lane="3/2to2/2_0" slope="0.00"/>
        <vehicle id="23" x="398.35" y="793.79" angle="0.00" type="DEFAULT_VEHTYPE" speed="12.74" pos="6.21" lane="2/4to2/3_0" slope="0.00"/>
        <vehicle id="24" x="398.35" y="629.97" angle="0.00" type="DEFAULT_VEHTYPE" speed="13.09" pos="170.03" lane="2/4to2/3_0" slope="0.00"/>
        <vehicle id="4" x="278.58" y="201.65" angle="-90.00" type="DEFAULT_VEHTYPE" speed="13.09" pos="116.67" lane="2/1to1/1_0" slope="0.00"/>
        <vehicle id="5" x="201.65" y="546.59" angle="180.00" type="DEFAULT_VEHTYPE" speed="13.42" pos="141.84" lane="1/2to1/3_0" slope="0.00"/>
        <vehicle id="6" x="398.35" y="411.04" angle="0.00" type="DEFAULT_VEHTYPE" speed="12.65" pos="184.21" lane="2/3to2/2_0" slope="0.00"/>
        <vehicle id="7" x="595.69" y="401.59" angle="-111.53" type="DEFAULT_VEHTYPE" speed="7.99" pos="2.74" lane=":3/2_18_0" slope="0.00"/>
        <vehicle id="8" x="74.98" y="201.65" angle="-90.00" type="DEFAULT_VEHTYPE" speed="13.49" pos="120.27" lane="1/1to0/1_0" slope="0.00"/>
    </timestep>
    <timestep time="563.00">
        <vehicle id="0" x="201.65" y="507.21" angle="180.00" type="DEFAULT_VEHTYPE" speed="13.87" pos="102.46" lane="1/2to1/3_0" slope="0.00"/>
        <vehicle id="10" x="601.65" y="237.64" angle="180.00" type="DEFAULT_VEHTYPE" speed="12.82" pos="32.89" lane="3/1to3/2_0" slope="0.00"/>
        <vehicle id="11" x="613.86" y="201.65" angle="-90.00" type="DEFAULT_VEHTYPE" speed="7.38" pos="186.14" lane="4/1to3/1_0" slope="0.00"/>
        <vehicle id="12" x="325.74" y="598.35" angle="90.00" type="DEFAULT_VEHTYPE" speed="13.77" pos="120.99" lane="1/3to2/3_0" slope="0.00"/>
        <vehicle id="15" x="601.65" y="532.25" angle="180.00" type="DEFAULT_VEHTYPE" speed="13.48" pos="127.50" lane="3/2to3/3_0" slope="0.00"/>
        <vehicle id="19" x="398.35" y="237.90" angle="0.00" type="DEFAULT_VEHTYPE" speed="13.53" pos="157.35" lane="2/2to2/1_0" slope="0.00"/>
        <vehicle id="2" x="774.95" y="598.35" angle="90.00" type="DEFAULT_VEHTYPE" speed="12.92" pos="170.20" lane="3/3to4/3_0" slope="0.00"/>
        <vehicle id="20" x="428.73" y="401.65" angle="-90.00" type="DEFAULT_VEHTYPE" speed="13.32" pos="166.52" lane="3/2to2/2_0" slope="0.00"/>
        <vehicle id="23" x="398.35" y="780.06" angle="0.00" type="DEFAULT_VEHTYPE" speed="13.73" pos="19.94" lane="2/4to2/3_0" slope="0.00"/>
        <vehicle id="24" x="398.35" y="617.13" angle="0.00" type="DEFAULT_VEHTYPE" speed="12.84" pos="182.87" lane="2/4to2/3_0" slope="0.00"/>
        <vehicle id="4" x="264.85" y="201.65" angle="-90.00" type="DEFAULT_VEHTYPE" speed="13.73" pos="130.40" lane="2/1to1/1_0" slope="0.00"/>
        <vehicle id="5" x="201.65" y="559.53" angle="180.00" type="DEFAULT_VEHTYPE" speed="12.94" pos="154.78" lane="1/2to1/3_0" slope="0.00"/>
        <vehicle id="6" x="398.35" y="397.32" angle="0.00" type="DEFAULT_VEHTYPE" speed="13.72" pos="7.43" lane=":2/2_1_0" slope="0.00"/>
        <vehicle id="7" x="586.37" y="401.65" angle="-90.00" type="DEFAULT_VEHTYPE" speed="9.32" pos="8.88" lane="3/2to2/2_0" slope="0.00"/>
        <vehicle id="8" x="62.06" y="201.65" angle="-90.00" type="DEFAULT_VEHTYPE" speed="12.92" pos="133.19" lane="1/1to0/1_0" slope="0.00"/>
    </timestep>
    <timestep time="564.00">
        <vehicle id="0" x="201.65" y="520.65" angle="180.00" type="DEFAULT_VEHTYPE" speed="13.44" pos="115.90" lane="1/2to1/3_0" slope="0.00"/>
        <vehicle id="10" x="601.65" y="250.51" angle="180.00" type="DEFAULT_VEHTYPE" speed="12.86" pos="45.76" lane="3/1to3/2_0" slope="0.00"/>
        <vehicle id="11" x="610.30" y="201.65" angle="-90.00" type="DEFAULT_VEHTYPE" speed="3.56" pos="189.70" lane="4/1to3/1_0" slope="0.00"/>
        <vehicle id="12" x="338.89" y="598.35" angle="90.00" type="DEFAULT_VEHTYPE" speed="13.15" pos="134.14" lane="1/3to2/3_0" slope="0.00"/>
        <vehicle id="15" x="601.65" y="545.76" angle="180.00" type="DEFAULT_VEHTYPE" speed="13.51" pos="141.01" lane="3/2to3/3_0" slope="0.00"/>
        <vehicle id="19" x="398.35" y="224.31" angle="0.00" type="DEFAULT_VEHTYPE" speed="13.59" pos="170.94" lane="2/2to2/1_0" slope="0.00"/>
        <vehicle id="2" x="787.81" y="598.35" angle="90.00" type="DEFAULT_VEHTYPE" speed="12.86" pos="183.06" lane="3/3to4/3_0" slope="0.00"/>
        <vehicle id="20" x="419.46" y="401.65" angle="-90.00" type="DEFAULT_VEHTYPE" speed="9.27" pos="175.79" lane="3/2to2/2_0" slope="0.00"/>
        <vehicle id="23" x="398.35" y="767.41" angle="0.00" type="DEFAULT_VEHTYPE" speed="12.65" pos="32.59" lane="2/4to2/3_0" slope="0.00"/>
        <vehicle id="24" x="398.35" y="604.24" angle="0.00" type="DEFAULT_VEHTYPE" speed="12.89" pos="0.51" lane=":2/3_1_0" slope="0.00"/>
        <vehicle id="4" x="251.72" y="201.65" angle="-90.00" type="DEFAULT_VEHTYPE" speed="13.14" pos="143.53" lane="2/1to1/1_0" slope="0.00"/>
        <vehicle id="5" x="201.65" y="572.47" angle="180.00" type="DEFAULT_VEHTYPE" speed="12.95" pos="167.72" lane="1/2to1/3_0" slope="0.00"/>
        <vehicle id="6" x="398.35" y="383.66" angle="0.00" type="DEFAULT_VEHTYPE" speed="13.66" pos="11.59" lane="2/2to2/1_0" slope="0.00"/>
        <vehicle id="7" x="575.58" y="401.65" angle="-90.00" type="DEFAULT_VEHTYPE" speed="10.79" pos="19.67" lane="3/2to2/2_0" slope="0.00"/>
        <vehicle id="8" x="48.28" y="201.65" angle="-90.00" type="DEFAULT_VEHTYPE" speed="13.77" pos="146.97" lane="1/1to0/1_0" slope="0.00"/>
    </timestep>
    <timestep time="565.00">
        <vehicle id="0" x="201.65" y="533.60" angle="180.00" type="DEFAULT_VEHTYPE" speed="12.95" pos="128.85" lane="1/2to1/3_0" slope="0.00"/>
        <vehicle id="10" x="601.65" y="264.33" angle="180.00" type="DEFAULT_VEHTYPE" speed="13.83" pos="59.58" lane="3/1to3/2_0" slope="0.00"/>
        <vehicle id="11" x="604.86" y="201.65" angle="-90.00" type="DEFAULT_VEHTYPE" speed="5.44" pos="195.14" lane="4/1to3/1_0" slope="0.00"/>
        <vehicle id="12" x="352.39" y="598.35" angle="90.00" type="DEFAULT_VEHTYPE" speed="13.50" pos="147.64" lane="1/3to2/3_0" slope="0.00"/>
        <vehicle id="15" x="601.65" y="559.27" angle="180.00" type="DEFAULT_VEHTYPE" speed="13.51" pos="154.52" lane="3/2to3/3_0" slope="0.00"/>
        <vehicle id="19" x="398.35" y="210.71" angle="0.00" type="DEFAULT_VEHTYPE" speed="13.60" pos="184.54" lane="2/2to2/1_0" slope="0.00"/>
        <vehicle id="2" x="800.58" y="598.74" angle="94.51" type="DEFAULT_VEHTYPE" speed="12.88" pos="0.69" lane=":4/3_0_0" slope="0.00"/>
        <vehicle id="20" x="412.94" y="401.65" angle="-90.00" type="DEFAULT_VEHTYPE" speed="6.52" pos="182.31" lane="3/2to2/2_0" slope="0.00"/>
        <vehicle id="23" x="398.35" y="754.35" angle="0.00" type="DEFAULT_VEHTYPE" speed="13.06" pos="45.65" lane="2/4to2/3_0" slope="0.00"/>
        <vehicle id="24" x="398.35" y="590.86" angle="0.00" type="DEFAULT_VEHTYPE" speed="13.39" pos="4.39" lane="2/3to2/2_0" slope="0.00"/>
        <vehicle id="4" x="238.33" y="201.65" angle="-90.00" type="DEFAULT_VEHTYPE" speed="13.39" pos="156.92" lane="2/1to1/1_0" slope="0.00"/>
        <vehicle id="5" x="201.65" y="585.77" angle="180.00" type="DEFAULT_VEHTYPE" speed="13.30" pos="181.02" lane="1/2to1/3_0" slope="0.00"/>
        <vehicle id="6" x="398.35" y="370.00" angle="0.00" type="DEFAULT_VEHTYPE" speed="13.66" pos="25.25" lane="2/2to2/1_0" slope="0.00"/>
        <vehicle id="7" x="563.48" y="401.65" angle="-90.00" type="DEFAULT_VEHTYPE" speed="12.10" pos="31.77" lane="3/2to2/2_0" slope="0.00"/>
        <vehicle id="8" x="34.51" y="201.65" angle="-90.00" type="DEFAULT_VEHTYPE" speed="13.77" pos="160.74" lane="1/1to0/1_0" slope="0.00"/>
    </timestep>
    <timestep time="566.00">
        <vehicle id="0" x="201.65" y="546.33" angle="180.00" type="DEFAULT_VEHTYPE" speed="12.73" pos="141.58" lane="1/2to1/3_0" slope="0.00"/>
        <vehicle id="10" x="601.65" y="277.98" angle="180.00" type="DEFAULT_VEHTYPE" speed="13.65" pos="73.23" lane="3/1to3/2_0" slope="0.00"/>
        <vehicle id="11" x="601.65" y="206.94" angle="-167.44" type="DEFAULT_VEHTYPE" speed="7.30" pos="2.19" lane="3/1to3/2_0" slope="0.00"/>
        <vehicle id="12" x="365.10" y="598.35" angle="90.00" type="DEFAULT_VEHTYPE" speed="12.72" pos="160.35" lane="1/3to2/3_0" slope="0.00"/>
        <vehicle id="15" x="601.65" y="572.33" angle="180.00" type="DEFAULT_VEHTYPE" speed="13.06" pos="167.58" lane="3/2to3/3_0" slope="0.00"/>
        <vehicle id="19" x="392.85" y="201.65" angle="-79.83" type="DEFAULT_VEHTYPE" speed="13.36" pos="2.40" lane="2/1to1/1_0" slope="0.00"/>
        <vehicle id="2" x="791.43" y="601.65" angle="-90.00" type="DEFAULT_VEHTYPE" speed="12.70" pos="8.57" lane="4/3to3/3_0" slope="0.00"/>
        <vehicle id="20" x="410.17" y="401.65" angle="-90.00" type="DEFAULT_VEHTYPE" speed="2.77" pos="185.08" lane="3/2to2/2_0" slope="0.00"/>
        <vehicle id="23" x="398.35" y="740.65" angle="0.00" type="DEFAULT_VEHTYPE" speed="13.69" pos="59.35" lane="2/4to2/3_0" slope="0.00"/>
        <vehicle id="24" x="398.35" y="578.21" angle="0.00" type="DEFAULT_VEHTYPE" speed="12.64" pos="17.04" lane="2/3to2/2_0" slope="0.00"/>
        <vehicle id="4" x="226.00" y="201.65" angle="-90.00" type="DEFAULT_VEHTYPE" speed="12.33" pos="169.25" lane="2/1to1/1_0" slope="0.00"/>
        <vehicle id="5" x="203.09" y="597.98" angle="162.04" type="DEFAULT_VEHTYPE" speed="12.76" pos="3.28" lane=":1/3_8_0" slope="0.00"/>
        <vehicle id="6" x="398.35" y="356.52" angle="0.00" type="DEFAULT_VEHTYPE" speed="13.48" pos="38.73" lane="2/2to2/1_0" slope="0.00"/>
        <vehicle id="7" x="550.45" y="401.65" angle="-90.00" type="DEFAULT_VEHTYPE" speed="13.02" pos="44.80" lane="3/2to2/2_0" slope="0.00"/>
        <vehicle id="8" x="21.11" y="201.65" angle="-90.00" type="DEFAULT_VEHTYPE" speed="13.40" pos="174.14" lane="1/1to0/1_0" slope="0.00"/>
    </timestep>
    <timestep time="567.00">
        <vehicle id="0" x="201.65" y="559.47" angle="180.00" type="DEFAULT_VEHTYPE" speed="13.14" pos="154.72" lane="1/2to1/3_0" slope="0.00"/>
        <vehicle id="10" x="601.65" y="290.84" angle="180.00" type="DEFAULT_VEHTYPE" speed="12.86" pos="86.09" lane="3/1to3/2_0" slope="0.00"/>
        <vehicle id="11" x="601.65" y="216.48" angle="180.00" type="DEFAULT_VEHTYPE" speed="9.54" pos="11.73" lane="3/1to3/2_0" slope="0.00"/>
        <vehicle id="12" x="376.42" y="598.35" angle="90.00" type="DEFAULT_VEHTYPE" speed="11.31" pos="171.67" lane="1/3to2/3_0" slope="0.00"/>
        <vehicle id="15" x="601.65" y="585.03" angle="180.00" type="DEFAULT_VEHTYPE" speed="12.70" pos="180.28" lane="3/2to3/3_0" slope="0.00"/>
        <vehicle id="19" x="379.04" y="201.65" angle="-90.00" type="DEFAULT_VEHTYPE" speed="13.81" pos="16.21" lane="2/1to1/1_0" slope="0.00"/>
        <vehicle id="2" x="777.96" y="601.65" angle="-90.00" type="DEFAULT_VEHTYPE" speed="13.47" pos="22.04" lane="4/3to3/3_0" slope="0.00"/>
        <vehicle id="20" x="404.97" y="401.65" angle="-90.00" type="DEFAULT_VEHTYPE" speed="5.20" pos="190.28" lane="3/2to2/2_0" slope="0.00"/>
        <vehicle id="23" x="398.35" y="727.72" angle="0.00" type="DEFAULT_VEHTYPE" speed="12.93" pos="72.28" lane="2/4to2/3_0" slope="0.00"/>
        <vehicle id="24" x="398.35" y="565.60" angle="0.00" type="DEFAULT_VEHTYPE" speed="12.62" pos="29.65" lane="2/3to2/2_0" slope="0.00"/>
        <vehicle id="4" x="217.34" y="201.65" angle="-90.00" type="DEFAULT_VEHTYPE" speed="8.66" pos="177.91" lane="2/1to1/1_0" slope="0.00"/>
        <vehicle id="5" x="215.98" y="598.35" angle="90.00" type="DEFAULT_VEHTYPE" speed="12.95" pos="11.23" lane="1/3to2/3_0" slope="0.00"/>
        <vehicle id="6" x="398.35" y="342.95" angle="0.00" type="DEFAULT_VEHTYPE" speed="13.57" pos="52.30" lane="2/2to2/1_0" slope="0.00"/>
        <vehicle id="7" x="536.67" y="401.65" angle="-90.00" type="DEFAULT_VEHTYPE" speed="13.79" pos="58.58" lane="3/2to2/2_0" slope="0.00"/>
        <vehicle id="8" x="8.15" y="201.65" angle="-90.00" type="DEFAULT_VEHTYPE" speed="12.96" pos="187.10" lane="1/1to0/1_0" slope="0.00"/>
    </timestep>
    <timestep time="568.00">
        <vehicle id="0" x="201.65" y="572.64" angle="180.00" type="DEFAULT_VEHTYPE" speed="13.17" pos="167.89" lane="1/2to1/3_0" slope="0.00"/>
        <vehicle id="10" x="601.65" y="304.38" angle="180.00" type="DEFAULT_VEHTYPE" speed="13.54" pos="99.63" lane="3/1to3/2_0" slope="0.00"/>
        <vehicle id="11" x="601.65" y="227.34" angle="180.00" type="DEFAULT_VEHTYPE" speed="10.86" pos="22.59" lane="3/1to3/2_0" slope="0.00"/>
        <vehicle id="12" x="383.97" y="598.35" angle="90.00" type="DEFAULT_VEHTYPE" speed="7.55" pos="179.22" lane="1/3to2/3_0" slope="0.00"/>
        <vehicle id="15" x="602.40" y="597.54" angle="171.24" type="DEFAULT_VEHTYPE" speed="12.68" pos="2.45" lane=":3/3_8_0" slope="0.00"/>
        <vehicle id="19" x="365.74" y="201.65" angle="-90.00" type="DEFAULT_VEHTYPE" speed="13.30" pos="29.51" lane="2/1to1/1_0" slope="0.00"/>
        <vehicle id="2" x="764.80" y="601.65" angle="-90.00" type="DEFAULT_VEHTYPE" speed="13.16" pos="35.20" lane="4/3to3/3_0" slope="0.00"/>
        <vehicle id="20" x="398.83" y="398.18" angle="-48.91" type="DEFAULT_VEHTYPE" speed="7.57" pos="7.35" lane=":2/2_6_0" slope="0.00"/>
        <vehicle id="23" x="398.35" y="714.17" angle="0.00" type="DEFAULT_VEHTYPE" speed="13.55" pos="85.83" lane="2/4to2/3_0" slope="0.00"/>
        <vehicle id="24" x="398.35" y="552.17" angle="0.00" type="DEFAULT_VEHTYPE" speed="13.43" pos="43.08" lane="2/3to2/2_0" slope="0.00"/>
        <vehicle id="4" x="212.28" y="201.65" angle="-90.00" type="DEFAULT_VEHTYPE" speed="5.06" pos="182.97" lane="2/1to1/1_0" slope="0.00"/>
        <vehicle id="5" x="229.47" y="598.35" angle="90.00" type="DEFAULT_VEHTYPE" speed="13.49" pos="24.72" lane="1/3to2/3_0" slope="0.00"/>
        <vehicle id="6" x="398.35" y="329.80" angle="0.00" type="DEFAULT_VEHTYPE" speed="13.14" pos="65.45" lane="2/2to2/1_0" slope="0.00"/>
        <vehicle id="7" x="523.60" y="401.65" angle="-90.00" type="DEFAULT_VEHTYPE" speed="13.07" pos="71.65" lane="3/2to2/2_0" slope="0.00"/>
        <vehicle id="8" x="0.91" y="198.35" angle="27.79" type="DEFAULT_VEHTYPE" speed="13.88" pos="0.91" lane="0/1to1/1_0" slope="0.00"/>
    </timestep>
    <timestep time="569.00">
        <vehicle id="0" x="201.65" y="585.48" angle="180.00" type="DEFAULT_VEHTYPE" speed="12.83" pos="180.73" lane="1/2to1/3_0" slope="0.00"/>
        <vehicle id="10" x="601.65" y="317.83" angle="180.00" type="DEFAULT_VEHTYPE" speed="13.45" pos="113.08" lane="3/1to3/2_0" slope="0.00"/>
        <vehicle id="11" x="601.65" y="239.71" angle="180.00" type="DEFAULT_VEHTYPE" speed="12.37" pos="34.96" lane="3/1to3/2_0" slope="0.00"/>
        <vehicle id="12" x="388.89" y="598.35" angle="90.00" type="DEFAULT_VEHTYPE" speed="4.92" pos="184.14" lane="1/3to2/3_0" slope="0.00"/>
        <vehicle id="15" x="615.59" y="598.35" angle="90.00" type="DEFAULT_VEHTYPE" speed="13.39" pos="10.84" lane="3/3to4/3_0" slope="0.00"/>
        <vehicle id="19" x="351.99" y="201.65" angle="-90.00" type="DEFAULT_VEHTYPE" speed="13.75" pos="43.26" lane="2/1to1/1_0" slope="0.00"/>
        <vehicle id="2" x="751.93" y="601.65" angle="-90.00" type="DEFAULT_VEHTYPE" speed="12.87" pos="48.07" lane="4/3to3/3_0" slope="0.00"/>
        <vehicle id="20" x="398.35" y="388.70" angle="0.00" type="DEFAULT_VEHTYPE" speed="9.53" pos="6.55" lane="2/2to2/1_0" slope="0.00"/>
        <vehicle id="23" x="398.35" y="700.98" angle="0.00" type="DEFAULT_VEHTYPE" speed="13.19" pos="99.02" lane="2/4to2/3_0" slope="0.00"/>
        <vehicle id="24" x="398.35" y="538.80" angle="0.00" type="DEFAULT_VEHTYPE" speed="13.37" pos="56.45" lane="2/3to2/2_0" slope="0.00"/>
        <vehicle id="4" x="209.66" y="201.65" angle="-90.00" type="DEFAULT_VEHTYPE" speed="2.62" pos="185.59" lane="2/1to1/1_0" slope="0.00"/>
        <vehicle id="5" x="242.14" y="598.35" angle="90.00" type="DEFAULT_VEHTYPE" speed="12.67" pos="37.39" lane="1/3to2/3_0" slope="0.00"/>
        <vehicle id="6" x="398.35" y="315.97" angle="0.00" type="DEFAULT_VEHTYPE" speed="13.84" pos="79.28" lane="2/2to2/1_0" slope="0.00"/>
        <vehicle id="7" x="510.45" y="401.65" angle="-90.00" type="DEFAULT_VEHTYPE" speed="13.15" pos="84.80" lane="3/2to2/2_0" slope="0.00"/>
        <vehicle id="8" x="13.53" y="198.35" angle="90.00" type="DEFAULT_VEHTYPE" speed="12.62" pos="13.53" lane="0/1to1/1_0" slope="0.00"/>
    </timestep>
    <timestep time="570.00">
        <vehicle id="0" x="202.74" y="597.76" angle="166.88" type="DEFAULT_VEHTYPE" speed="12.64" pos="2.86" lane=":1/3_8_0" slope="0.00"/>
        <vehicle id="10" x="601.65" y="330.86" angle="180.00" type="DEFAULT_VEHTYPE" speed="13.02" pos="126.11" lane="3/1to3/2_0" slope="0.00"/>
        <vehicle id="11" x="601.65" y="252.58" angle="180.00" type="DEFAULT_VEHTYPE" speed="12.87" pos="47.83" lane="3/1to3/2_0" slope="0.00"/>
        <vehicle id="12" x="395.67" y="598.41" angle="90.68" type="DEFAULT_VEHTYPE" speed="6.79" pos="0.42" lane=":2/3_14_0" slope="0.00"/>
        <vehicle id="15" x="629.23" y="598.35" angle="90.00" type="DEFAULT_VEHTYPE" speed="13.64" pos="24.48" lane="3/3to4/3_0" slope="0.00"/>
        <vehicle id="19" x="338.73" y="201.65" angle="-90.00" type="DEFAULT_VEHTYPE" speed="13.25" pos="56.52" lane="2/1to1/1_0" slope="0.00"/>
        <vehicle id="2" x="739.09" y="601.65" angle="-90.00" type="DEFAULT_VEHTYPE" speed="12.84" pos="60.91" lane="4/3to3/3_0" slope="0.00"/>
        <vehicle id="20" x="398.35" y="377.06" angle="0.00" type="DEFAULT_VEHTYPE" speed="11.64" pos="18.19" lane="2/2to2/1_0" slope="0.00"/>
        <vehicle id="23" x="398.35" y="687.34" angle="0.00" type="DEFAULT_VEHTYPE" speed="13.64" pos="112.66" lane="2/4to2/3_0" slope="0.00"/>
        <vehicle id="24" x="398.35" y="525.36" angle="0.00" type="DEFAULT_VEHTYPE" speed="13.44" pos="69.89" lane="2/3to2/2_0" slope="0.00"/>
        <vehicle id="4" x="204.91" y="201.65" angle="-90.00" type="DEFAULT_VEHTYPE" speed="4.76" pos="190.34" lane="2/1to1/1_0" slope="0.00"/>
        <vehicle id="5" x="255.62" y="598.35" angle="90.00" type="DEFAULT_VEHTYPE" speed="13.48" pos="50.87" lane="1/3to2/3_0" slope="0.00"/>
        <vehicle id="6" x="398.35" y="303.20" angle="0.00" type="DEFAULT_VEHTYPE" speed="12.77" pos="92.05" lane="2/2to2/1_0" slope="0.00"/>
        <vehicle id="7" x="497.58" y="401.65" angle="-90.00" type="DEFAULT_VEHTYPE" speed="12.87" pos="97.67" lane="3/2to2/2_0" slope="0.00"/>
        <vehicle id="8" x="26.71" y="198.35" angle="90.00" type="DEFAULT_VEHTYPE" speed="13.18" pos="26.71" lane="0/1to1/1_0" slope="0.00"/>
    </timestep>
    <timestep time="571.00">
        <vehicle id="0" x="216.10" y="598.35" angle="90.00" type="DEFAULT_VEHTYPE" speed="13.48" pos="11.35" lane="1/3to2/3_0" slope="0.00"/>
        <vehicle id="10" x="601.65" y="344.38" angle="180.00" type="DEFAULT_VEHTYPE" speed="13.52" pos="139.63" lane="3/1to3/2_0" slope="0.00"/>
        <vehicle id="11" x="601.65" y="265.27" angle="180.00" type="DEFAULT_VEHTYPE" speed="12.69" pos="60.52" lane="3/1to3/2_0" slope="0.00"/>
        <vehicle id="12" x="401.45" y="603.32" angle="148.25" type="DEFAULT_VEHTYPE" speed="8.46" pos="8.88" lane=":2/3_14_0" slope="0.00"/>
        <vehicle id="15" x="642.90" y="598.35" angle="90.00" type="DEFAULT_VEHTYPE" speed="13.67" pos="38.15" lane="3/3to4/3_0" slope="0.00"/>
        <vehicle id="19" x="325.02" y="201.65" angle="-90.00" type="DEFAULT_VEHTYPE" speed="13.72" pos="70.23" lane="2/1to1/1_0" slope="0.00"/>
        <vehicle id="2" x="726.32" y="601.65" angle="-90.00" type="DEFAULT_VEHTYPE" speed="12.77" pos="73.68" lane="4/3to3/3_0" slope="0.00"/>
        <vehicle id="20" x="398.35" y="363.30" angle="0.00" type="DEFAULT_VEHTYPE" speed="13.76" pos="31.95" lane="2/2to2/1_0" slope="0.00"/>
        <vehicle id="23" x="398.35" y="673.53" angle="0.00" type="DEFAULT_VEHTYPE" speed="13.80" pos="126.47" lane="2/4to2/3_0" slope="0.00"/>
        <vehicle id="24" x="398.35" y="511.74" angle="0.00" type="DEFAULT_VEHTYPE" speed="13.62" pos="83.51" lane="2/3to2/2_0" slope="0.00"/>
        <vehicle id="4" x="201.65" y="206.24" angle="-159.27" type="DEFAULT_VEHTYPE" speed="6.65" pos="1.49" lane="1/1to1/2_0" slope="0.00"/>
        <vehicle id="5" x="269.09" y="598.35" angle="90.00" type="DEFAULT_VEHTYPE" speed="13.47" pos="64.34" lane="1/3to2/3_0" slope="0.00"/>
        <vehicle id="6" x="398.35" y="290.23" angle="0.00" type="DEFAULT_VEHTYPE" speed="12.97" pos="105.02" lane="2/2to2/1_0" slope="0.00"/>
        <vehicle id="7" x="483.76" y="401.65" angle="-90.00" type="DEFAULT_VEHTYPE" speed="13.82" pos="111.49" lane="3/2to2/2_0" slope="0.00"/>
        <vehicle id="8" x="39.77" y="198.35" angle="90.00" type="DEFAULT_VEHTYPE" speed="13.06" pos="39.77" lane="0/1to1/1_0" slope="0.00"/>
    </timestep>
    <timestep time="572.00">
        <vehicle id="0" x="229.50" y="598.35" angle="90.00" type="DEFAULT_VEHTYPE" speed="13.41" pos="24.75" lane="1/3to2/3_0" slope="0.00"/>
        <vehicle id="10" x="601.65" y="357.21" angle="180.00" type="DEFAULT_VEHTYPE" speed="12.83" pos="152.46" lane="3/1to3/2_0" slope="0.00"/>
        <vehicle id="11" x="601.65" y="278.84" angle="180.00" type="DEFAULT_VEHTYPE" speed="13.57" pos="74.09" lane="3/1to3/2_0" slope="0.00"/>
        <vehicle id="12" x="401.65" y="613.23" angle="180.00" type="DEFAULT_VEHTYPE" speed="9.92" pos="8.48" lane="2/3to2/4_0" slope="0.00"/>
        <vehicle id="15" x="656.10" y="598.35" angle="90.00" type="DEFAULT_VEHTYPE" speed="13.20" pos="51.35" lane="3/3to4/3_0" slope="0.00"/>
        <vehicle id="19" x="312.25" y="201.65" angle="-90.00" type="DEFAULT_VEHTYPE" speed="12.77" pos="83.00" lane="2/1to1/1_0" slope="0.00"/>
        <vehicle id="2" x="712.64" y="601.65" angle="-90.00" type="DEFAULT_VEHTYPE" speed="13.68" pos="87.36" lane="4/3to3/3_0" slope="0.00"/>
        <vehicle id="20" x="398.35" y="350.37" angle="0.00" type="DEFAULT_VEHTYPE" speed="12.94" pos="44.88" lane="2/2to2/1_0" slope="0.00"/>
        <vehicle id="23" x="398.35" y="660.54" angle="0.00" type="DEFAULT_VEHTYPE" speed="12.99" pos="139.46" lane="2/4to2/3_0" slope="0.00"/>
        <vehicle id="24" x="398.35" y="497.88" angle="0.00" type="DEFAULT_VEHTYPE" speed="13.86" pos="97.37" lane="2/3to2/2_0" slope="0.00"/>
        <vehicle id="4" x="201.65" y="215.34" angle="180.00" type="DEFAULT_VEHTYPE" speed="9.10" pos="10.59" lane="1/1to1/2_0" slope="0.00"/>
        <vehicle id="5" x="281.76" y="598.35" angle="90.00" type="DEFAULT_VEHTYPE" speed="12.67" pos="77.01" lane="1/3to2/3_0" slope="0.00"/>
        <vehicle id="6" x="398.35" y="277.33" angle="0.00" type="DEFAULT_VEHTYPE" speed="12.90" pos="117.92" lane="2/2to2/1_0" slope="0.00"/>
        <vehicle id="7" x="470.07" y="401.65" angle="-90.00" type="DEFAULT_VEHTYPE" speed="13.69" pos="125.18" lane="3/2to2/2_0" slope="0.00"/>
        <vehicle id="8" x="52.67" y="198.35" angle="90.00" type="DEFAULT_VEHTYPE" speed="12.89" pos="52.67" lane="0/1to1/1_0" slope="0.00"/>
    </timestep>
    <timestep time="573.00">
        <vehicle id="0" x="242.34" y="598.35" angle="90.00" type="DEFAULT_VEHTYPE" speed="12.83" pos="37.59" lane="1/3to2/3_0" slope="0.00"/>
        <vehicle id="10" x="601.65" y="371.09" angle="180.00" type="DEFAULT_VEHTYPE" speed="13.88" pos="166.34" lane="3/1to3/2_0" slope="0.00"/>
        <vehicle id="11" x="601.65" y="291.55" angle="180.00" type="DEFAULT_VEHTYPE" speed="12.71" pos="86.80" lane="3/1to3/2_0" slope="0.00"/>
        <vehicle id="12" x="401.65" y="625.51" angle="180.00" type="DEFAULT_VEHTYPE" speed="12.28" pos="20.76" lane="2/3to2/4_0" slope="0.00"/>
        <vehicle id="15" x="669.27" y="598.35" angle="90.00" type="DEFAULT_VEHTYPE" speed="13.17" pos="64.52" lane="3/3to4/3_0" slope="0.00"/>
        <vehicle id="19" x="298.46" y="201.65" angle="-90.00" type="DEFAULT_VEHTYPE" speed="13.79" pos="96.79" lane="2/1to1/1_0" slope="0.00"/>
        <vehicle id="2" x="699.52" y="601.65" angle="-90.00" type="DEFAULT_VEHTYPE" speed="13.12" pos="100.48" lane="4/3to3/3_0" slope="0.00"/>
        <vehicle id="20" x="398.35" y="337.62" angle="0.00" type="DEFAULT_VEHTYPE" speed="12.75" pos="57.63" lane="2/2to2/1_0" slope="0.00"/>
        <vehicle id="23" x="398.35" y="646.77" angle="0.00" type="DEFAULT_VEHTYPE" speed="13.78" pos="153.23" lane="2/4to2/3_0" slope="0.00"/>
        <vehicle id="24" x="398.35" y="484.66" angle="0.00" type="DEFAULT_VEHTYPE" speed="13.22" pos="110.59" lane="2/3to2/2_0" slope="0.00"/>
        <vehicle id="4" x="201.65" y="226.89" angle="180.00" type="DEFAULT_VEHTYPE" speed="11.54" pos="22.14" lane="1/1to1/2_0" slope="0.00"/>
        <vehicle id="5" x="295.45" y="598.35" angle="90.00" type="DEFAULT_VEHTYPE" speed="13.68" pos="90.70" lane="1/3to2/3_0" slope="0.00"/>
        <vehicle id="6" x="398.35" y="264.69" angle="0.00" type="DEFAULT_VEHTYPE" speed="12.64" pos="130.56" lane="2/2to2/1_0" slope="0.00"/>
        <vehicle id="7" x="456.76" y="401.65" angle="-90.00" type="DEFAULT_VEHTYPE" speed="13.31" pos="138.49" lane="3/2to2/2_0" slope="0.00"/>
        <vehicle id="8" x="65.86" y="198.35" angle="90.00" type="DEFAULT_VEHTYPE" speed="13.19" pos="65.86" lane="0/1to1/1_0" slope="0.00"/>
    </timestep>
    <timestep time="574.00">
        <vehicle id="0" x="255.40" y="598.35" angle="90.00" type="DEFAULT_VEHTYPE" speed="13.07" pos="50.65" lane="1/3to2/3_0" slope="0.00"/>
        <vehicle id="10" x="601.65" y="384.31" angle="180.00" type="DEFAULT_VEHTYPE" speed="13.22" pos="179.56" lane="3/1to3/2_0" slope="0.00"/>
        <vehicle id="11" x="601.65" y="304.93" angle="180.00" type="DEFAULT_VEHTYPE" speed="13.38" pos="100.18" lane="3/1to3/2_0" slope="0.00"/>
        <vehicle id="12" x="401.65" y="638.44" angle="180.00" type="DEFAULT_VEHTYPE" speed="12.94" pos="33.69" lane="2/3to2/4_0" slope="0.00"/>
        <vehicle id="15" x="682.39" y="598.35" angle="90.00" type="DEFAULT_VEHTYPE" speed="13.13" pos="77.64" lane="3/3to4/3_0" slope="0.00"/>
        <vehicle id="19" x="285.07" y="201.65" angle="-90.00" type="DEFAULT_VEHTYPE" speed="13.39" pos="110.18" lane="2/1to1/1_0" slope="0.00"/>
        <vehicle id="2" x="686.76" y="601.65" angle="-90.00" type="DEFAULT_VEHTYPE" speed="12.76" pos="113.24" lane="4/3to3/3_0" slope="0.00"/>
        <vehicle id="20" x="398.35" y="324.25" angle="0.00" type="DEFAULT_VEHTYPE" speed="13.37" pos="71.00" lane="2/2to2/1_0" slope="0.00"/>
        <vehicle id="23" x="398.35" y="633.14" angle="0.00" type="DEFAULT_VEHTYPE" speed="13.63" pos="166.86" lane="2/4to2/3_0" slope="0.00"/>
        <vehicle id="24" x="398.35" y="471.02" angle="0.00" type="DEFAULT_VEHTYPE" speed="13.64" pos="124.23" lane="2/3to2/2_0" slope="0.00"/>
        <vehicle id="4" x="201.65" y="240.15" angle="180.00" type="DEFAULT_VEHTYPE" speed="13.26" pos="35.40" lane="1/1to1/2_0" slope="0.00"/>
        <vehicle id="5" x="308.42" y="598.35" angle="90.00" type="DEFAULT_VEHTYPE" speed="12.97" pos="103.67" lane="1/3to2/3_0" slope="0.00"/>
        <vehicle id="6" x="398.35" y="250.84" angle="0.00" type="DEFAULT_VEHTYPE" speed="13.85" pos="144.41" lane="2/2to2/1_0" slope="0.00"/>
        <vehicle id="7" x="443.62" y="401.65" angle="-90.00" type="DEFAULT_VEHTYPE" speed="13.14" pos="151.63" lane="3/2to2/2_0" slope="0.00"/>
        <vehicle id="8" x="79.52" y="198.35" angle="90.00" type="DEFAULT_VEHTYPE" speed="13.66" pos="79.52" lane="0/1to1/1_0" slope="0.00"/>
    </timestep>
    <timestep time="575.00">
        <vehicle id="0" x="269.20" y="598.35" angle="90.00" type="DEFAULT_VEHTYPE" speed="13.80" pos="64.45" lane="1/3to2/3_0" slope="0.00"/>
        <vehicle id="10" x="601.65" y="397.58" angle="180.00" type="DEFAULT_VEHTYPE" speed="13.26" pos="2.33" lane=":3/2_9_0" slope="0.00"/>
        <vehicle id="11" x="601.65" y="318.50" angle="180.00" type="DEFAULT_VEHTYPE" speed="13.57" pos="113.75" lane="3/1to3/2_0" slope="0.00"/>
        <vehicle id="12" x="401.65" y="651.98" angle="180.00" type="DEFAULT_VEHTYPE" speed="13.54" pos="47.23" lane="2/3to2/4_0" slope="0.00"/>
        <vehicle id="15" x="695.23" y="598.35" angle="90.00" type="DEFAULT_VEHTYPE" speed="12.84" pos="90.48" lane="3/3to4/3_0" slope="0.00"/>
        <vehicle id="19" x="271.19" y="201.65" angle="-90.00" type="DEFAULT_VEHTYPE" speed="13.88" pos="124.06" lane="2/1to1/1_0" slope="0.00"/>
        <vehicle id="2" x="673.08" y="601.65" angle="-90.00" type="DEFAULT_VEHTYPE" speed="13.69" pos="126.92" lane="4/3to3/3_0" slope="0.00"/>
        <vehicle id="20" x="398.35" y="311.10" angle="0.00" type="DEFAULT_VEHTYPE" speed="13.14" pos="84.15" lane="2/2to2/1_0" slope="0.00"/>
        <vehicle id="23" x="398.35" y="619.88" angle="0.00" type="DEFAULT_VEHTYPE" speed="13.26" pos="180.12" lane="2/4to2/3_0" slope="0.00"/>
        <vehicle id="24" x="398.35" y="457.58" angle="0.00" type="DEFAULT_VEHTYPE" speed="13.44" pos="137.67" lane="2/3to2/2_0" slope="0.00"/>
        <vehicle id="4" x="201.65" y="254.01" angle="180.00" type="DEFAULT_VEHTYPE" speed="13.86" pos="49.26" lane="1/1to1/2_0" slope="0.00"/>
        <vehicle id="5" x="321.22" y="598.35" angle="90.00" type="DEFAULT_VEHTYPE" speed="12.80" pos="116.47" lane="1/3to2/3_0" slope="0.00"/>
        <vehicle id="6" x="398.35" y="237.37" angle="0.00" type="DEFAULT_VEHTYPE" speed="13.47" pos="157.88" lane="2/2to2/1_0" slope="0.00"/>
        <vehicle id="7" x="430.98" y="401.65" angle="-90.00" type="DEFAULT_VEHTYPE" speed="12.64" pos="164.27" lane="3/2to2/2_0" slope="0.00"/>
        <vehicle id="8" x="93.18" y="198.35" angle="90.00" type="DEFAULT_VEHTYPE" speed="13.67" pos="93.18" lane="0/1to1/1_0" slope="0.00"/>
    </timestep>
    <timestep time="576.00">
        <vehicle id="0" x="282.86" y="598.35" angle="90.00" type="DEFAULT_VEHTYPE" speed="13.65" pos="78.11" lane="1/3to2/3_0" slope="0.00"/>
        <vehicle id="10" x="601.65" y="410.82" angle="180.00" type="DEFAULT_VEHTYPE" speed="13.25" pos="6.07" lane="3/2to3/3_0" slope="0.00"/>
        <vehicle id="11" x="601.65" y="331.67" angle="180.00" type="DEFAULT_VEHTYPE" speed="13.17" pos="126.92" lane="3/1to3/2_0" slope="0.00"/>
        <vehicle id="12" x="401.65" y="664.91" angle="180.00" type="DEFAULT_VEHTYPE" speed="12.92" pos="60.16" lane="2/3to2/4_0" slope="0.00"/>
        <vehicle id="15" x="708.52" y="598.35" angle="90.00" type="DEFAULT_VEHTYPE" speed="13.29" pos="103.77" lane="3/3to4/3_0" slope="0.00"/>
        <vehicle id="19" x="257.91" y="201.65" angle="-90.00" type="DEFAULT_VEHTYPE" speed="13.28" pos="137.34" lane="2/1to1/1_0" slope="0.00"/>
        <vehicle id="2" x="660.33" y="601.65" angle="-90.00" type="DEFAULT_VEHTYPE" speed="12.75" pos="139.67" lane="4/3to3/3_0" slope="0.00"/>
        <vehicle id="20" x="398.35" y="298.20" angle="0.00" type="DEFAULT_VEHTYPE" speed="12.90" pos="97.05" lane="2/2to2/1_0" slope="0.00"/>
        <vehicle id="23" x="398.35" y="606.65" angle="0.00" type="DEFAULT_VEHTYPE" speed="13.24" pos="193.35" lane="2/4to2/3_0" slope="0.00"/>
        <vehicle id="24" x="398.35" y="444.73" angle="0.00" type="DEFAULT_VEHTYPE" speed="12.85" pos="150.52" lane="2/3to2/2_0" slope="0.00"/>
        <vehicle id="4" x="201.65" y="266.95" angle="180.00" type="DEFAULT_VEHTYPE" speed="12.95" pos="62.20" lane="1/1to1/2_0" slope="0.00"/>
        <vehicle id="5" x="334.89" y="598.35" angle="90.00" type="DEFAULT_VEHTYPE" speed="13.67" pos="130.14" lane="1/3to2/3_0" slope="0.00"/>
        <vehicle id="6" x="398.35" y="223.66" angle="0.00" type="DEFAULT_VEHTYPE" speed="13.72" pos="171.59" lane="2/2to2/1_0" slope="0.00"/>
        <vehicle id="7" x="420.41" y="401.65" angle="-90.00" type="DEFAULT_VEHTYPE" speed="10.57" pos="174.84" lane="3/2to2/2_0" slope="0.00"/>
        <vehicle id="8" x="106.67" y="198.35" angle="90.00" type="DEFAULT_VEHTYPE" speed="13.49" pos="106.67" lane="0/1to1/1_0" slope="0.00"/>
    </timestep>
    <timestep time="577.00">
        <vehicle id="0" x="296.46" y="598.35" angle="90.00" type="DEFAULT_VEHTYPE" speed="13.60" pos="91.71" lane="1/3to2/3_0" slope="0.00"/>
        <vehicle id="10" x="601.65" y="424.46" angle="180.00" type="DEFAULT_VEHTYPE" speed="13.64" pos="19.71" lane="3/2to3/3_0" slope="0.00"/>
        <vehicle id="11" x="601.65" y="344.69" angle="180.00" type="DEFAULT_VEHTYPE" speed="13.02" pos="139.94" lane="3/1to3/2_0" slope="0.00"/>
        <vehicle id="12" x="401.65" y="678.12" angle="180.00" type="DEFAULT_VEHTYPE" speed="13.22" pos="73.37" lane="2/3to2/4_0" slope="0.00"/>
        <vehicle id="15" x="722.06" y="598.35" angle="90.00" type="DEFAULT_VEHTYPE" speed="13.54" pos="117.31" lane="3/3to4/3_0" slope="0.00"/>
        <vehicle id="19" x="244.64" y="201.65" angle="-90.00" type="DEFAULT_VEHTYPE" speed="13.27" pos="150.61" lane="2/1to1/1_0" slope="0.00"/>
        <vehicle id="2" x="647.18" y="601.65" angle="-90.00" type="DEFAULT_VEHTYPE" speed="13.15" pos="152.82" lane="4/3to3/3_0" slope="0.00"/>
        <vehicle id="20" x="398.35" y="284.62" angle="0.00" type="DEFAULT_VEHTYPE" speed="13.58" pos="110.63" lane="2/2to2/1_0" slope="0.00"/>
        <vehicle id="23" x="398.35" y="593.92" angle="0.00" type="DEFAULT_VEHTYPE" speed="12.72" pos="1.33" lane="2/3to2/2_0" slope="0.00"/>
        <vehicle id="24" x="398.35" y="430.89" angle="0.00" type="DEFAULT_VEHTYPE" speed="13.84" pos="164.36" lane="2/3to2/2_0" slope="0.00"/>
        <vehicle id="4" x="201.65" y="280.74" angle="180.00" type="DEFAULT_VEHTYPE" speed="13.79" pos="75.99" lane="1/1to1/2_0" slope="0.00"/>
        <vehicle id="5" x="348.65" y="598.35" angle="90.00" type="DEFAULT_VEHTYPE" speed="13.76" pos="143.90" lane="1/3to2/3_0" slope="0.00"/>
        <vehicle id="6" x="398.35" y="210.87" angle="0.00" type="DEFAULT_VEHTYPE" speed="12.79" pos="184.38" lane="2/2to2/1_0" slope="0.00"/>
        <vehicle id="7" x="414.34" y="401.65" angle="-90.00" type="DEFAULT_VEHTYPE" speed="6.07" pos="180.91" lane="3/2to2/2_0" slope="0.00"/>
        <vehicle id="8" x="119.33" y="198.35" angle="90.00" type="DEFAULT_VEHTYPE" speed="12.66" pos="119.33" lane="0/1to1/1_0" slope="0.00"/>
    </timestep>
    <timestep time="578.00">
        <vehicle id="0" x="309.27" y="598.35" angle="90.00" type="DEFAULT_VEHTYPE" speed="12.81" pos="104.52" lane="1/3to2/3_0" slope="0.00"/>
        <vehicle id="10" x="601.65" y="437.86" angle="180.00" type="DEFAULT_VEHTYPE" speed="13.39" pos="33.11" lane="3/2to3/3_0" slope="0.00"/>
        <vehicle id="11" x="601.65" y="357.81" angle="180.00" type="DEFAULT_VEHTYPE" speed="13.13" pos="153.06" lane="3/1to3/2_0" slope="0.00"/>
        <vehicle id="12" x="401.65" y="691.67" angle="180.00" type="DEFAULT_VEHTYPE" speed="13.55" pos="86.92" lane="2/3to2/4_0" slope="0.00"/>
        <vehicle id="15" x="734.95" y="598.35" angle="90.00" type="DEFAULT_VEHTYPE" speed="12.90" pos="130.20" lane="3/3to4/3_0" slope="0.00"/>
        <vehicle id="19" x="231.94" y="201.65" angle="-90.00" type="DEFAULT_VEHTYPE" speed="12.70" pos="163.31" lane="2/1to1/1_0" slope="0.00"/>
        <vehicle id="2" x="634.16" y="601.65" angle="-90.00" type="DEFAULT_VEHTYPE" speed="13.01" pos="165.84" lane="4/3to3/3_0" slope="0.00"/>
        <vehicle id="20" x="398.35" y="271.07" angle="0.00" type="DEFAULT_VEHTYPE" speed="13.55" pos="124.18" lane="2/2to2/1_0" slope="0.00"/>
        <vehicle id="23" x="398.35" y="580.85" angle="0.00" type="DEFAULT_VEHTYPE" speed="13.07" pos="14.40" lane="2/3to2/2_0" slope="0.00"/>
        <vehicle id="24" x="398.35" y="417.67" angle="0.00" type="DEFAULT_VEHTYPE" speed="13.22" pos="177.58" lane="2/3to2/2_0" slope="0.00"/>
        <vehicle id="4" x="201.65" y="293.90" angle="180.00" type="DEFAULT_VEHTYPE" speed="13.16" pos="89.15" lane="1/1to1/2_0" slope="0.00"/>
        <vehicle id="5" x="361.71" y="598.35" angle="90.00" type="DEFAULT_VEHTYPE" speed="13.06" pos="156.96" lane="1/3to2/3_0" slope="0.00"/>
        <vehicle id="6" x="392.92" y="201.65" angle="-79.01" type="DEFAULT_VEHTYPE" speed="13.44" pos="2.33" lane="2/1to1/1_0" slope="0.00"/>
        <vehicle id="7" x="410.03" y="401.65" angle="-90.00" type="DEFAULT_VEHTYPE" speed="4.31" pos="185.22" lane="3/2to2/2_0" slope="0.00"/>
        <vehicle id="8" x="132.19" y="198.35" angle="90.00" type="DEFAULT_VEHTYPE" speed="12.85" pos="132.19" lane="0/1to1/1_0" slope="0.00"/>
    </timestep>
    <timestep time="579.00">
        <vehicle id="0" x="322.44" y="598.35" angle="90.00" type="DEFAULT_VEHTYPE" speed="13.17" pos="117.69" lane="1/3to2/3_0" slope="0.00"/>
        <vehicle id="10" x="601.65" y="451.38" angle="180.00" type="DEFAULT_VEHTYPE" speed="13.52" pos="46.63" lane="3/2to3/3_0" slope="0.00"/>
        <vehicle id="11" x="601.65" y="370.48" angle="180.00" type="DEFAULT_VEHTYPE" speed="12.66" pos="165.73" lane="3/1to3/2_0" slope="0.00"/>
        <vehicle id="12" x="401.65" y="704.32" angle="180.00" type="DEFAULT_VEHTYPE" speed="12.64" pos="99.57" lane="2/3to2/4_0" slope="0.00"/>
        <vehicle id="15" x="747.74" y="598.35" angle="90.00" type="DEFAULT_VEHTYPE" speed="12.79" pos="142.99" lane="3/3to4/3_0" slope="0.00"/>
        <vehicle id="19" x="221.77" y="201.65" angle="-90.00" type="DEFAULT_VEHTYPE" speed="10.17" pos="173.48" lane="2/1to1/1_0" slope="0.00"/>
        <vehicle id="2" x="623.28" y="601.65" angle="-90.00" type="DEFAULT_VEHTYPE" speed="10.89" pos="176.72" lane="4/3to3/3_0" slope="0.00"/>
        <vehicle id="20" x="398.35" y="258.02" angle="0.00" type="DEFAULT_VEHTYPE" speed="13.05" pos="137.23" lane="2/2to2/1_0" slope="0.00"/>
        <vehicle id="23" x="398.35" y="567.29" angle="0.00" type="DEFAULT_VEHTYPE" speed="13.57" pos="27.96" lane="2/3to2/2_0" slope="0.00"/>
        <vehicle id="24" x="398.22" y="403.79" angle="-1.53" type="DEFAULT_VEHTYPE" speed="13.88" pos="0.96" lane=":2/2_0_0" slope="0.00"/>
        <vehicle id="4" x="201.65" y="307.30" angle="180.00" type="DEFAULT_VEHTYPE" speed="13.41" pos="102.55" lane="1/1to1/2_0" slope="0.00"/>
        <vehicle id="5" x="373.24" y="598.35" angle="90.00" type="DEFAULT_VEHTYPE" speed="11.54" pos="168.49" lane="1/3to2/3_0" slope="0.00"/>
        <vehicle id="6" x="380.25" y="201.65" angle="-90.00" type="DEFAULT_VEHTYPE" speed="12.67" pos="15.00" lane="2/1to1/1_0" slope="0.00"/>
        <vehicle id="7" x="403.68" y="401.50" angle="-88.25" type="DEFAULT_VEHTYPE" speed="6.35" pos="1.08" lane=":2/2_6_0" slope="0.00"/>
        <vehicle id="8" x="145.38" y="198.35" angle="90.00" type="DEFAULT_VEHTYPE" speed="13.20" pos="145.38" lane="0/1to1/1_0" slope="0.00"/>
    </timestep>
    <timestep time="580.00">
        <vehicle id="0" x="335.40" y="598.35" angle="90.00" type="DEFAULT_VEHTYPE" speed="12.96" pos="130.65" lane="1/3to2/3_0" slope="0.00"/>
        <vehicle id="10" x="601.65" y="464.68" angle="180.00" type="DEFAULT_VEHTYPE" speed="13.30" pos="59.93" lane="3/2to3/3_0" slope="0.00"/>
        <vehicle id="11" x="601.65" y="380.44" angle="180.00" type="DEFAULT_VEHTYPE" speed="9.96" pos="175.69" lane="3/1to3/2_0" slope="0.00"/>
        <vehicle id="12" x="401.65" y="717.98" angle="180.00" type="DEFAULT_VEHTYPE" speed="13.66" pos="113.23" lane="2/3to2/4_0" slope="0.00"/>
        <vehicle id="15" x="760.86" y="598.35" angle="90.00" type="DEFAULT_VEHTYPE" speed="13.12" pos="156.11" lane="3/3to4/3_0" slope="0.00"/>
        <vehicle id="19" x="214.27" y="201.65" angle="-90.00" type="DEFAULT_VEHTYPE" speed="7.50" pos="180.98" lane="2/1to1/1_0" slope="0.00"/>
        <vehicle id="2" x="615.74" y="601.65" angle="-90.00" type="DEFAULT_VEHTYPE" speed="7.53" pos="184.26" lane="4/3to3/3_0" slope="0.00"/>
        <vehicle id="20" x="398.35" y="245.41" angle="0.00" type="DEFAULT_VEHTYPE" speed="12.60" pos="149.84" lane="2/2to2/1_0" slope="0.00"/>
        <vehicle id="23" x="398.35" y="553.90" angle="0.00" type="DEFAULT_VEHTYPE" speed="13.38" pos="41.35" lane="2/3to2/2_0" slope="0.00"/>
        <vehicle id="24" x="386.43" y="401.65" angle="-90.00" type="DEFAULT_VEHTYPE" speed="12.85" pos="8.82" lane="2/2to1/2_0" slope="0.00"/>
        <vehicle id="4" x="201.65" y="320.18" angle="180.00" type="DEFAULT_VEHTYPE" speed="12.88" pos="115.43" lane="1/1to1/2_0" slope="0.00"/>
        <vehicle id="5" x="381.62" y="598.35" angle="90.00" type="DEFAULT_VEHTYPE" speed="8.38" pos="176.87" lane="1/3to2/3_0" slope="0.00"/>
        <vehicle id="6" x="366.93" y="201.65" angle="-90.00" type="DEFAULT_VEHTYPE" speed="13.33" pos="28.32" lane="2/1to1/1_0" slope="0.00"/>
        <vehicle id="7" x="398.57" y="396.80" angle="-33.10" type="DEFAULT_VEHTYPE" speed="7.67" pos="8.75" lane=":2/2_6_0" slope="0.00"/>
        <vehicle id="8" x="158.71" y="198.35" angle="90.00" type="DEFAULT_VEHTYPE" speed="13.33" pos="158.71" lane="0/1to1/1_0" slope="0.00"/>
    </timestep>
    <timestep time="581.00">
        <vehicle id="0" x="348.16" y="598.35" angle="90.00" type="DEFAULT_VEHTYPE" speed="12.76" pos="143.41" lane="1/3to2/3_0" slope="0.00"/>
        <vehicle id="10" x="601.65" y="477.94" angle="180.00" type="DEFAULT_VEHTYPE" speed="13.26" pos="73.19" lane="3/2to3/3_0" slope="0.00"/>
        <vehicle id="11" x="601.65" y="386.95" angle="180.00" type="DEFAULT_VEHTYPE" speed="6.51" pos="182.20" lane="3/1to3/2_0" slope="0.00"/>
        <vehicle id="12" x="401.65" y="730.99" angle="180.00" type="DEFAULT_VEHTYPE" speed="13.01" pos="126.24" lane="2/3to2/4_0" slope="0.00"/>
        <vehicle id="15" x="773.61" y="598.35" angle="90.00" type="DEFAULT_VEHTYPE" speed="12.75" pos="168.86" lane="3/3to4/3_0" slope="0.00"/>
        <vehicle id="19" x="210.78" y="201.65" angle="-90.00" type="DEFAULT_VEHTYPE" speed="3.49" pos="184.47" lane="2/1to1/1_0" slope="0.00"/>
        <vehicle id="2" x="610.51" y="601.65" angle="-90.00" type="DEFAULT_VEHTYPE" speed="5.24" pos="189.49" lane="4/3to3/3_0" slope="0.00"/>
        <vehicle id="20" x="398.35" y="232.56" angle="0.00" type="DEFAULT_VEHTYPE" speed="12.85" pos="162.69" lane="2/2to2/1_0" slope="0.00"/>
        <vehicle id="23" x="398.35" y="540.87" angle="0.00" type="DEFAULT_VEHTYPE" speed="13.03" pos="54.38" lane="2/3to2/2_0" slope="0.00"/>
        <vehicle id="24" x="372.86" y="401.65" angle="-90.00" type="DEFAULT_VEHTYPE" speed="13.58" pos="22.39" lane="2/2to1/2_0" slope="0.00"/>
        <vehicle id="4" x="201.65" y="333.92" angle="180.00" type="DEFAULT_VEHTYPE" speed="13.74" pos="129.17" lane="1/1to1/2_0" slope="0.00"/>
        <vehicle id="5" x="387.22" y="598.35" angle="90.00" type="DEFAULT_VEHTYPE" speed="5.60" pos="182.47" lane="1/3to2/3_0" slope="0.00"/>
        <vehicle id="6" x="354.03" y="201.65" angle="-90.00" type="DEFAULT_VEHTYPE" speed="12.90" pos="41.22" lane="2/1to1/1_0" slope="0.00"/>
        <vehicle id="7" x="398.35" y="387.81" angle="0.00" type="DEFAULT_VEHTYPE" speed="9.01" pos="7.44" lane="2/2to2/1_0" slope="0.00"/>
        <vehicle id="8" x="171.21" y="198.35" angle="90.00" type="DEFAULT_VEHTYPE" speed="12.50" pos="171.21" lane="0/1to1/1_0" slope="0.00"/>
    </timestep>
    <timestep time="582.00">
        <vehicle id="0" x="361.23" y="598.35" angle="90.00" type="DEFAULT_VEHTYPE" speed="13.07" pos="156.48" lane="1/3to2/3_0" slope="0.00"/>
        <vehicle id="10" x="601.65" y="490.55" angle="180.00" type="DEFAULT_VEHTYPE" speed="12.61" pos="85.80" lane="3/2to3/3_0" slope="0.00"/>
        <vehicle id="11" x="601.65" y="389.70" angle="180.00" type="DEFAULT_VEHTYPE" speed="2.75" pos="184.95" lane="3/1to3/2_0" slope="0.00"/>
        <vehicle id="12" x="401.65" y="744.12" angle="180.00" type="DEFAULT_VEHTYPE" speed="13.13" pos="139.37" lane="2/3to2/4_0" slope="0.00"/>
        <vehicle id="15" x="786.78" y="598.35" angle="90.00" type="DEFAULT_VEHTYPE" speed="13.17" pos="182.03" lane="3/3to4/3_0" slope="0.00"/>
        <vehicle id="19" x="205.65" y="201.65" angle="-90.00" type="DEFAULT_VEHTYPE" speed="5.14" pos="189.60" lane="2/1to1/1_0" slope="0.00"/>
        <vehicle id="2" x="603.30" y="601.44" angle="-87.63" type="DEFAULT_VEHTYPE" speed="7.22" pos="1.46" lane=":3/3_6_0" slope="0.00"/>
        <vehicle id="20" x="398.35" y="219.38" angle="0.00" type="DEFAULT_VEHTYPE" speed="13.18" pos="175.87" lane="2/2to2/1_0" slope="0.00"/>
        <vehicle id="23" x="398.35" y="527.46" angle="0.00" type="DEFAULT_VEHTYPE" speed="13.42" pos="67.79" lane="2/3to2/2_0" slope="0.00"/>
        <vehicle id="24" x="359.27" y="401.65" angle="-90.00" type="DEFAULT_VEHTYPE" speed="13.58" pos="35.98" lane="2/2to1/2_0" slope="0.00"/>
        <vehicle id="4" x="201.65" y="347.53" angle="180.00" type="DEFAULT_VEHTYPE" speed="13.61" pos="142.78" lane="1/1to1/2_0" slope="0.00"/>
        <vehicle id="5" x="390.95" y="598.35" angle="90.00" type="DEFAULT_VEHTYPE" speed="3.73" pos="186.20" lane="1/3to2/3_0" slope="0.00"/>
        <vehicle id="6" x="340.64" y="201.65" angle="-90.00" type="DEFAULT_VEHTYPE" speed="13.39" pos="54.61" lane="2/1to1/1_0" slope="0.00"/>
        <vehicle id="7" x="398.35" y="377.46" angle="0.00" type="DEFAULT_VEHTYPE" speed="10.35" pos="17.79" lane="2/2to2/1_0" slope="0.00"/>
        <vehicle id="8" x="180.60" y="198.35" angle="90.00" type="DEFAULT_VEHTYPE" speed="9.38" pos="180.60" lane="0/1to1/1_0" slope="0.00"/>
    </timestep>
    <timestep time="583.00">
        <vehicle id="0" x="371.20" y="598.35" angle="90.00" type="DEFAULT_VEHTYPE" speed="9.97" pos="166.45" lane="1/3to2/3_0" slope="0.00"/>
        <vehicle id="10" x="601.65" y="504.27" angle="180.00" type="DEFAULT_VEHTYPE" speed="13.72" pos="99.52" lane="3/2to3/3_0" slope="0.00"/>
        <vehicle id="11" x="601.65" y="393.98" angle="180.00" type="DEFAULT_VEHTYPE" speed="4.27" pos="189.23" lane="3/1to3/2_0" slope="0.00"/>
        <vehicle id="12" x="401.65" y="756.99" angle="180.00" type="DEFAULT_VEHTYPE" speed="12.87" pos="152.24" lane="2/3to2/4_0" slope="0.00"/>
        <vehicle id="15" x="800.22" y="598.49" angle="91.67" type="DEFAULT_VEHTYPE" speed="13.48" pos="0.26" lane=":4/3_0_0" slope="0.00"/>
        <vehicle id="19" x="201.65" y="206.46" angle="-161.89" type="DEFAULT_VEHTYPE" speed="7.61" pos="1.71" lane="1/1to1/2_0" slope="0.00"/>
        <vehicle id="2" x="598.35" y="595.05" angle="-16.76" type="DEFAULT_VEHTYPE" speed="9.06" pos="0.20" lane="3/3to3/2_0" slope="0.00"/>
        <vehicle id="20" x="398.35" y="205.62" angle="0.00" type="DEFAULT_VEHTYPE" speed="13.76" pos="189.63" lane="2/2to2/1_0" slope="0.00"/>
        <vehicle id="23" x="398.35" y="514.47" angle="0.00" type="DEFAULT_VEHTYPE" speed="12.99" pos="80.78" lane="2/3to2/2_0" slope="0.00"/>
        <vehicle id="24" x="345.96" y="401.65" angle="-90.00" type="DEFAULT_VEHTYPE" speed="13.31" pos="49.29" lane="2/2to1/2_0" slope="0.00"/>
        <vehicle id="4" x="201.65" y="361.18" angle="180.00" type="DEFAULT_VEHTYPE" speed="13.65" pos="156.43" lane="1/1to1/2_0" slope="0.00"/>
        <vehicle id="5" x="396.85" y="598.58" angle="92.62" type="DEFAULT_VEHTYPE" speed="5.92" pos="1.61" lane=":2/3_14_0" slope="0.00"/>
        <vehicle id="6" x="327.54" y="201.65" angle="-90.00" type="DEFAULT_VEHTYPE" speed="13.10" pos="67.71" lane="2/1to1/1_0" slope="0.00"/>
        <vehicle id="7" x="398.35" y="365.12" angle="0.00" type="DEFAULT_VEHTYPE" speed="12.34" pos="30.13" lane="2/2to2/1_0" slope="0.00"/>
        <vehicle id="8" x="187.21" y="198.35" angle="90.00" type="DEFAULT_VEHTYPE" speed="6.61" pos="187.21" lane="0/1to1/1_0" slope="0.00"/>
    </timestep>
    <timestep time="584.00">
        <vehicle id="0" x="380.59" y="598.35" angle="90.00" type="DEFAULT_VEHTYPE" speed="9.39" pos="175.84" lane="1/3to2/3_0" slope="0.00"/>
        <vehicle id="10" x="601.65" y="517.95" angle="180.00" type="DEFAULT_VEHTYPE" speed="13.68" pos="113.20" lane="3/2to3/3_0" slope="0.00"/>
        <vehicle id="11" x="600.28" y="399.67" angle="-163.74" type="DEFAULT_VEHTYPE" speed="5.99" pos="4.72" lane=":3/2_10_0" slope="0.00"/>
        <vehicle id="12" x="401.65" y="770.59" angle="180.00" type="DEFAULT_VEHTYPE" speed="13.60" pos="165.84" lane="2/3to2/4_0" slope="0.00"/>
        <vehicle id="15" x="791.23" y="601.65" angle="-90.00" type="DEFAULT_VEHTYPE" speed="13.33" pos="8.77" lane="4/3to3/3_0" slope="0.00"/>
        <vehicle id="19" x="201.65" y="216.50" angle="180.00" type="DEFAULT_VEHTYPE" speed="10.04" pos="11.75" lane="1/1to1/2_0" slope="0.00"/>
        <vehicle id="2" x="598.35" y="583.96" angle="0.00" type="DEFAULT_VEHTYPE" speed="11.09" pos="11.29" lane="3/3to3/2_0" slope="0.00"/>
        <vehicle id="20" x="398.35" y="192.95" angle="0.00" type="DEFAULT_VEHTYPE" speed="12.68" pos="2.30" lane="2/1to2/0_0" slope="0.00"/>
        <vehicle id="23" x="398.35" y="501.32" angle="0.00" type="DEFAULT_VEHTYPE" speed="13.15" pos="93.93" lane="2/3to2/2_0" slope="0.00"/>
        <vehicle id="24" x="332.91" y="401.65" angle="-90.00" type="DEFAULT_VEHTYPE" speed="13.05" pos="62.34" lane="2/2to1/2_0" slope="0.00"/>
        <vehicle id="4" x="201.65" y="374.80" angle="180.00" type="DEFAULT_VEHTYPE" speed="13.62" pos="170.05" lane="1/1to1/2_0" slope="0.00"/>
        <vehicle id="5" x="401.60" y="604.42" angle="159.48" type="DEFAULT_VEHTYPE" speed="8.37" pos="9.98" lane=":2/3_14_0" slope="0.00"/>
        <vehicle id="6" x="314.25" y="201.65" angle="-90.00" type="DEFAULT_VEHTYPE" speed="13.30" pos="81.00" lane="2/1to1/1_0" slope="0.00"/>
        <vehicle id="7" x="398.35" y="351.63" angle="0.00" type="DEFAULT_VEHTYPE" speed="13.49" pos="43.62" lane="2/2to2/1_0" slope="0.00"/>
        <vehicle id="8" x="190.01" y="198.35" angle="90.00" type="DEFAULT_VEHTYPE" speed="2.81" pos="190.01" lane="0/1to1/1_0" slope="0.00"/>
    </timestep>
    <timestep time="585.00">
        <vehicle id="0" x="386.55" y="598.35" angle="90.00" type="DEFAULT_VEHTYPE" speed="5.97" pos="181.80" lane="1/3to2/3_0" slope="0.00"/>
        <vehicle id="10" x="601.65" y="531.65" angle="180.00" type="DEFAULT_VEHTYPE" speed="13.70" pos="126.90" lane="3/2to3/3_0" slope="0.00"/>
        <vehicle id="11" x="592.89" y="401.65" angle="-94.29" type="DEFAULT_VEHTYPE" speed="7.97" pos="2.36" lane="3/2to2/2_0" slope="0.00"/>
        <vehicle id="12" x="401.65" y="783.56" angle="180.00" type="DEFAULT_VEHTYPE" speed="12.97" pos="178.81" lane="2/3to2/4_0" slope="0.00"/>
        <vehicle id="15" x="777.56" y="601.65" angle="-90.00" type="DEFAULT_VEHTYPE" speed="13.67" pos="22.44" lane="4/3to3/3_0" slope="0.00"/>
        <vehicle id="19" x="201.65" y="227.93" angle="180.00" type="DEFAULT_VEHTYPE" speed="11.43" pos="23.18" lane="1/1to1/2_0" slope="0.00"/>
        <vehicle id="2" x="598.35" y="570.54" angle="0.00" type="DEFAULT_VEHTYPE" speed="13.42" pos="24.71" lane="3/3to3/2_0" slope="0.00"/>
        <vehicle id="20" x="398.35" y="179.25" angle="0.00" type="DEFAULT_VEHTYPE" speed="13.70" pos="16.00" lane="2/1to2/0_0" slope="0.00"/>
        <vehicle id="23" x="398.35" y="488.42" angle="0.00" type="DEFAULT_VEHTYPE" speed="12.90" pos="106.83" lane="2/3to2/2_0" slope="0.00"/>
        <vehicle id="24" x="320.18" y="401.65" angle="-90.00" type="DEFAULT_VEHTYPE" speed="12.73" pos="75.07" lane="2/2to1/2_0" slope="0.00"/>
        <vehicle id="4" x="201.65" y="388.04" angle="180.00" type="DEFAULT_VEHTYPE" speed="13.24" pos="183.29" lane="1/1to1/2_0" slope="0.00"/>
        <vehicle id="5" x="401.65" y="615.12" angle="180.00" type="DEFAULT_VEHTYPE" speed="10.71" pos="10.37" lane="2/3to2/4_0" slope="0.00"/>
        <vehicle id="6" x="300.44" y="201.65" angle="-90.00" type="DEFAULT_VEHTYPE" speed="13.81" pos="94.81" lane="2/1to1/1_0" slope="0.00"/>
        <vehicle id="7" x="398.35" y="338.31" angle="0.00" type="DEFAULT_VEHTYPE" speed="13.32" pos="56.94" lane="2/2to2/1_0" slope="0.00"/>
        <vehicle id="8" x="194.88" y="198.35" angle="90.00" type="DEFAULT_VEHTYPE" speed="4.86" pos="194.88" lane="0/1to1/1_0" slope="0.00"/>
    </timestep>
    <timestep time="586.00">
        <vehicle id="0" x="389.58" y="598.35" angle="90.00" type="DEFAULT_VEHTYPE" speed="3.02" pos="184.83" lane="1/3to2/3_0" slope="0.00"/>
        <vehicle id="10" x="601.65" y="544.35" angle="180.00" type="DEFAULT_VEHTYPE" speed="12.70" pos="139.60" lane="3/2to3/3_0" slope="0.00"/>
        <vehicle id="11" x="582.98" y="401.65" angle="-90.00" type="DEFAULT_VEHTYPE" speed="9.91" pos="12.27" lane="3/2to2/2_0" slope="0.00"/>
        <vehicle id="12" x="401.65" y="797.14" angle="180.00" type="DEFAULT_VEHTYPE" speed="13.58" pos="192.39" lane="2/3to2/4_0" slope="0.00"/>
        <vehicle id="15" x="763.96" y="601.65" angle="-90.00" type="DEFAULT_VEHTYPE" speed="13.60" pos="36.04" lane="4/3to3/3_0" slope="0.00"/>
        <vehicle id="19" x="201.65" y="240.94" angle="180.00" type="DEFAULT_VEHTYPE" speed="13.01" pos="36.19" lane="1/1to1/2_0" slope="0.00"/>
        <vehicle id="2" x="598.35" y="556.83" angle="0.00" type="DEFAULT_VEHTYPE" speed="13.71" pos="38.42" lane="3/3to3/2_0" slope="0.00"/>
        <vehicle id="20" x="398.35" y="165.59" angle="0.00" type="DEFAULT_VEHTYPE" speed="13.66" pos="29.66" lane="2/1to2/0_0" slope="0.00"/>
        <vehicle id="23" x="398.35" y="475.38" angle="0.00" type="DEFAULT_VEHTYPE" speed="13.03" pos="119.87" lane="2/3to2/2_0" slope="0.00"/>
        <vehicle id="24" x="307.07" y="401.65" angle="-90.00" type="DEFAULT_VEHTYPE" speed="13.11" pos="88.18" lane="2/2to1/2_0" slope="0.00"/>
        <vehicle id="4" x="201.65" y="401.21" angle="180.00" type="DEFAULT_VEHTYPE" speed="13.17" pos="5.96" lane=":1/2_9_0" slope="0.00"/>
        <vehicle id="5" x="401.65" y="627.55" angle="180.00" type="DEFAULT_VEHTYPE" speed="12.43" pos="22.80" lane="2/3to2/4_0" slope="0.00"/>
        <vehicle id="6" x="287.77" y="201.65" angle="-90.00" type="DEFAULT_VEHTYPE" speed="12.67" pos="107.48" lane="2/1to1/1_0" slope="0.00"/>
        <vehicle id="7" x="398.35" y="325.57" angle="0.00" type="DEFAULT_VEHTYPE" speed="12.74" pos="69.68" lane="2/2to2/1_0" slope="0.00"/>
        <vehicle id="8" x="198.35" y="193.98" angle="23.74" type="DEFAULT_VEHTYPE" speed="6.64" pos="1.27" lane="1/1to1/0_0" slope="0.00"/>
    </timestep>
    <timestep time="587.00">
        <vehicle id="0" x="394.20" y="598.35" angle="90.00" type="DEFAULT_VEHTYPE" speed="4.63" pos="189.45" lane="1/3to2/3_0" slope="0.00"/>
        <vehicle id="10" x="601.65" y="557.34" angle="180.00" type="DEFAULT_VEHTYPE" speed="12.99" pos="152.59" lane="3/2to3/3_0" slope="0.00"/>
        <vehicle id="11" x="571.25" y="401.65" angle="-90.00" type="DEFAULT_VEHTYPE" speed="11.73" pos="24.00" lane="3/2to2/2_0" slope="0.00"/>
        <vehicle id="12" x="398.35" y="794.87" angle="0.00" type="DEFAULT_VEHTYPE" speed="12.81" pos="5.13" lane="2/4to2/3_0" slope="0.00"/>
        <vehicle id="15" x="750.68" y="601.65" angle="-90.00" type="DEFAULT_VEHTYPE" speed="13.28" pos="49.32" lane="4/3to3/3_0" slope="0.00"/>
        <vehicle id="19" x="201.65" y="254.63" angle="180.00" type="DEFAULT_VEHTYPE" speed="13.68" pos="49.88" lane="1/1to1/2_0" slope="0.00"/>
        <vehicle id="2" x="598.35" y="543.82" angle="0.00" type="DEFAULT_VEHTYPE" speed="13.01" pos="51.43" lane="3/3to3/2_0" slope="0.00"/>
        <vehicle id="20" x="398.35" y="152.35" angle="0.00" type="DEFAULT_VEHTYPE" speed="13.24" pos="42.90" lane="2/1to2/0_0" slope="0.00"/>
        <vehicle id="23" x="398.35" y="462.23" angle="0.00" type="DEFAULT_VEHTYPE" speed="13.15" pos="133.02" lane="2/3to2/2_0" slope="0.00"/>
        <vehicle id="24" x="294.30" y="401.65" angle="-90.00" type="DEFAULT_VEHTYPE" speed="12.77" pos="100.95" lane="2/2to1/2_0" slope="0.00"/>
        <vehicle id="4" x="201.65" y="415.03" angle="180.00" type="DEFAULT_VEHTYPE" speed="13.82" pos="10.28" lane="1/2to1/3_0" slope="0.00"/>
        <vehicle id="5" x="401.65" y="641.10" angle="180.00" type="DEFAULT_VEHTYPE" speed="13.55" pos="36.35" lane="2/3to2/4_0" slope="0.00"/>
        <vehicle id="6" x="274.01" y="201.65" angle="-90.00" type="DEFAULT_VEHTYPE" speed="13.76" pos="121.24" lane="2/1to1/1_0" slope="0.00"/>
        <vehicle id="7" x="398.35" y="311.77" angle="0.00" type="DEFAULT_VEHTYPE" speed="13.80" pos="83.48" lane="2/2to2/1_0" slope="0.00"/>
        <vehicle id="8" x="198.35" y="186.01" angle="0.00" type="DEFAULT_VEHTYPE" speed="7.97" pos="9.24" lane="1/1to1/0_0" slope="0.00"/>
    </timestep>
    <timestep time="588.00">
        <vehicle id="0" x="400.28" y="600.33" angle="113.20" type="DEFAULT_VEHTYPE" speed="6.66" pos="5.61" lane=":2/3_14_0" slope="0.00"/>
        <vehicle id="10" x="601.65" y="569.94" angle="180.00" type="DEFAULT_VEHTYPE" speed="12.60" pos="165.19" lane="3/2to3/3_0" slope="0.00"/>
        <vehicle id="11" x="557.81" y="401.65" angle="-90.00" type="DEFAULT_VEHTYPE" speed="13.44" pos="37.44" lane="3/2to2/2_0" slope="0.00"/>
        <vehicle id="12" x="398.35" y="782.13" angle="0.00" type="DEFAULT_VEHTYPE" speed="12.74" pos="17.87" lane="2/4to2/3_0" slope="0.00"/>
        <vehicle id="15" x="737.99" y="601.65" angle="-90.00" type="DEFAULT_VEHTYPE" speed="12.68" pos="62.01" lane="4/3to3/3_0" slope="0.00"/>
        <vehicle id="19" x="201.65" y="268.24" angle="180.00" type="DEFAULT_VEHTYPE" speed="13.61" pos="63.49" lane="1/1to1/2_0" slope="0.00"/>
        <vehicle id="2" x="598.35" y="530.57" angle="0.00" type="DEFAULT_VEHTYPE" speed="13.25" pos="64.68" lane="3/3to3/2_0" slope="0.00"/>
        <vehicle id="20" x="398.35" y="138.69" angle="0.00" type="DEFAULT_VEHTYPE" speed="13.66" pos="56.56" lane="2/1to2/0_0" slope="0.00"/>
        <vehicle id="23" x="398.35" y="448.36" angle="0.00" type="DEFAULT_VEHTYPE" speed="13.87" pos="146.89" lane="2/3to2/2_0" slope="0.00"/>
        <vehicle id="24" x="280.74" y="401.65" angle="-90.00" type="DEFAULT_VEHTYPE" speed="13.56" pos="114.51" lane="2/2to1/2_0" slope="0.00"/>
        <vehicle id="4" x="201.65" y="428.79" angle="180.00" type="DEFAULT_VEHTYPE" speed="13.76" pos="24.04" lane="1/2to1/3_0" slope="0.00"/>
        <vehicle id="5" x="401.65" y="654.12" angle="180.00" type="DEFAULT_VEHTYPE" speed="13.02" pos="49.37" lane="2/3to2/4_0" slope="0.00"/>
        <vehicle id="6" x="260.16" y="201.65" angle="-90.00" type="DEFAULT_VEHTYPE" speed="13.85" pos="135.09" lane="2/1to1/1_0" slope="0.00"/>
        <vehicle id="7" x="398.35" y="298.21" angle="0.00" type="DEFAULT_VEHTYPE" speed="13.56" pos="97.04" lane="2/2to2/1_0" slope="0.00"/>
        <vehicle id="8" x="198.35" y="176.53" angle="0.00" type="DEFAULT_VEHTYPE" speed="9.48" pos="18.72" lane="1/1to1/0_0" slope="0.00"/>
    </timestep>
    <timestep time="589.00">
        <vehicle id="0" x="401.65" y="609.09" angle="178.92" type="DEFAULT_VEHTYPE" speed="9.05" pos="4.34" lane="2/3to2/4_0" slope="0.00"/>
        <vehicle id="10" x="601.65" y="582.88" angle="180.00" type="DEFAULT_VEHTYPE" speed="12.94" pos="178.13" lane="3/2to3/3_0" slope="0.00"/>
        <vehicle id="11" x="544.32" y="401.65" angle="-90.00" type="DEFAULT_VEHTYPE" speed="13.48" pos="50.93" lane="3/2to2/2_0" slope="0.00"/>
        <vehicle id="12" x="398.35" y="768.95" angle="0.00" type="DEFAULT_VEHTYPE" speed="13.18" pos="31.05" lane="2/4to2/3_0" slope="0.00"/>
        <vehicle id="15" x="724.33" y="601.65" angle="-90.00" type="DEFAULT_VEHTYPE" speed="13.66" pos="75.67" lane="4/3to3/3_0" slope="0.00"/>
        <vehicle id="19" x="201.65" y="281.98" angle="180.00" type="DEFAULT_VEHTYPE" speed="13.74" pos="77.23" lane="1/1to1/2_0" slope="0.00"/>
        <vehicle id="2" x="598.35" y="517.45" angle="0.00" type="DEFAULT_VEHTYPE" speed="13.12" pos="77.80" lane="3/3to3/2_0" slope="0.00"/>
        <vehicle id="20" x="398.35" y="124.79" angle="0.00" type="DEFAULT_VEHTYPE" speed="13.90" pos="70.46" lane="2/1to2/0_0" slope="0.00"/>
        <vehicle id="23" x="398.35" y="435.46" angle="0.00" type="DEFAULT_VEHTYPE" speed="12.90" pos="159.79" lane="2/3to2/2_0" slope="0.00"/>
        <vehicle id="24" x="268.07" y="401.65" angle="-90.00" type="DEFAULT_VEHTYPE" speed="12.66" pos="127.18" lane="2/2to1/2_0" slope="0.00"/>
        <vehicle id="4" x="201.65" y="442.45" angle="180.00" type="DEFAULT_VEHTYPE" speed="13.67" pos="37.70" lane="1/2to1/3_0" slope="0.00"/>
        <vehicle id="5" x="401.65" y="667.69" angle="180.00" type="DEFAULT_VEHTYPE" speed="13.58" pos="62.94" lane="2/3to2/4_0" slope="0.00"/>
        <vehicle id="6" x="246.67" y="201.65" angle="-90.00" type="DEFAULT_VEHTYPE" speed="13.49" pos="148.58" lane="2/1to1/1_0" slope="0.00"/>
        <vehicle id="7" x="398.35" y="284.33" angle="0.00" type="DEFAULT_VEHTYPE" speed="13.88" pos="110.92" lane="2/2to2/1_0" slope="0.00"/>
        <vehicle id="8" x="198.35" y="165.71" angle="0.00" type="DEFAULT_VEHTYPE" speed="10.82" pos="29.54" lane="1/1to1/0_0" slope="0.00"/>
    </timestep>
    <timestep time="590.00">
        <vehicle id="0" x="401.65" y="619.46" angle="180.00" type="DEFAULT_VEHTYPE" speed="10.37" pos="14.71" lane="2/3to2/4_0" slope="0.00"/>
        <vehicle id="10" x="601.75" y="595.93" angle="178.91" type="DEFAULT_VEHTYPE" speed="13.05" pos="0.69" lane=":3/3_8_0" slope="0.00"/>
        <vehicle id="11" x="531.01" y="401.65" angle="-90.00" type="DEFAULT_VEHTYPE" speed="13.31" pos="64.24" lane="3/2to2/2_0" slope="0.00"/>
        <vehicle id="12" x="398.35" y="755.63" angle="0.00" type="DEFAULT_VEHTYPE" speed="13.31" pos="44.37" lane="2/4to2/3_0" slope="0.00"/>
        <vehicle id="15" x="711.14" y="601.65" angle="-90.00" type="DEFAULT_VEHTYPE" speed="13.19" pos="88.86" lane="4/3to3/3_0" slope="0.00"/>
        <vehicle id="19" x="201.65" y="295.72" angle="180.00" type="DEFAULT_VEHTYPE" speed="13.74" pos="90.97" lane="1/1to1/2_0" slope="0.00"/>
        <vehicle id="2" x="598.35" y="504.65" angle="0.00" type="DEFAULT_VEHTYPE" speed="12.80" pos="90.60" lane="3/3to3/2_0" slope="0.00"/>
        <vehicle id="20" x="398.35" y="110.96" angle="0.00" type="DEFAULT_VEHTYPE" speed="13.83" pos="84.29" lane="2/1to2/0_0" slope="0.00"/>
        <vehicle id="23" x="398.35" y="422.58" angle="0.00" type="DEFAULT_VEHTYPE" speed="12.88" pos="172.67" lane="2/3to2/2_0" slope="0.00"/>
        <vehicle id="24" x="255.05" y="401.65" angle="-90.00" type="DEFAULT_VEHTYPE" speed="13.02" pos="140.20" lane="2/2to1/2_0" slope="0.00"/>
        <vehicle id="4" x="201.65" y="455.08" angle="180.00" type="DEFAULT_VEHTYPE" speed="12.63" pos="50.33" lane="1/2to1/3_0" slope="0.00"/>
        <vehicle id="5" x="401.65" y="680.36" angle="180.00" type="DEFAULT_VEHTYPE" speed="12.66" pos="75.61" lane="2/3to2/4_0" slope="0.00"/>
        <vehicle id="6" x="232.99" y="201.65" angle="-90.00" type="DEFAULT_VEHTYPE" speed="13.68" pos="162.26" lane="2/1to1/1_0" slope="0.00"/>
        <vehicle id="7" x="398.35" y="271.39" angle="0.00" type="DEFAULT_VEHTYPE" speed="12.94" pos="123.86" lane="2/2to2/1_0" slope="0.00"/>
        <vehicle id="8" x="198.35" y="152.36" angle="0.00" type="DEFAULT_VEHTYPE" speed="13.35" pos="42.89" lane="1/1to1/0_0" slope="0.00"/>
    </timestep>
    <timestep time="591.00">
        <vehicle id="0" x="401.65" y="631.61" angle="180.00" type="DEFAULT_VEHTYPE" speed="12.15" pos="26.86" lane="2/3to2/4_0" slope="0.00"/>
        <vehicle id="10" x="613.66" y="598.35" angle="90.00" type="DEFAULT_VEHTYPE" speed="13.22" pos="8.91" lane="3/3to4/3_0" slope="0.00"/>
        <vehicle id="11" x="517.48" y="401.65" angle="-90.00" type="DEFAULT_VEHTYPE" speed="13.53" pos="77.77" lane="3/2to2/2_0" slope="0.00"/>
        <vehicle id="12" x="398.35" y="742.84" angle="0.00" type="DEFAULT_VEHTYPE" speed="12.80" pos="57.16" lane="2/4to2/3_0" slope="0.00"/>
        <vehicle id="15" x="697.95" y="601.65" angle="-90.00" type="DEFAULT_VEHTYPE" speed="13.19" pos="102.05" lane="4/3to3/3_0" slope="0.00"/>
        <vehicle id="19" x="201.65" y="309.33" angle="180.00" type="DEFAULT_VEHTYPE" speed="13.61" pos="104.58" lane="1/1to1/2_0" slope="0.00"/>
        <vehicle id="2" x="598.35" y="490.93" angle="0.00" type="DEFAULT_VEHTYPE" speed="13.72" pos="104.32" lane="3/3to3/2_0" slope="0.00"/>
        <vehicle id="20" x="398.35" y="97.33" angle="0.00" type="DEFAULT_VEHTYPE" speed="13.63" pos="97.92" lane="2/1to2/0_0" slope="0.00"/>
        <vehicle id="23" x="398.35" y="409.12" angle="0.00" type="DEFAULT_VEHTYPE" speed="13.47" pos="186.13" lane="2/3to2/2_0" slope="0.00"/>
        <vehicle id="24" x="241.91" y="401.65" angle="-90.00" type="DEFAULT_VEHTYPE" speed="13.14" pos="153.34" lane="2/2to1/2_0" slope="0.00"/>
        <vehicle id="4" x="201.65" y="467.76" angle="180.00" type="DEFAULT_VEHTYPE" speed="12.67" pos="63.01" lane="1/2to1/3_0" slope="0.00"/>
        <vehicle id="5" x="401.65" y="693.40" angle="180.00" type="DEFAULT_VEHTYPE" speed="13.05" pos="88.65" lane="2/3to2/4_0" slope="0.00"/>
        <vehicle id="6" x="222.00" y="201.65" angle="-90.00" type="DEFAULT_VEHTYPE" speed="10.99" pos="173.25" lane="2/1to1/1_0" slope="0.00"/>
        <vehicle id="7" x="398.35" y="258.05" angle="0.00" type="DEFAULT_VEHTYPE" speed="13.34" pos="137.20" lane="2/2to2/1_0" slope="0.00"/>
        <vehicle id="8" x="198.35" y="138.56" angle="0.00" type="DEFAULT_VEHTYPE" speed="13.80" pos="56.69" lane="1/1to1/0_0" slope="0.00"/>
    </timestep>
    <timestep time="592.00">
        <vehicle id="0" x="401.65" y="645.35" angle="180.00" type="DEFAULT_VEHTYPE" speed="13.74" pos="40.60" lane="2/3to2/4_0" slope="0.00"/>
        <vehicle id="10" x="626.37" y="598.35" angle="90.00" type="DEFAULT_VEHTYPE" speed="12.71" pos="21.62" lane="3/3to4/3_0" slope="0.00"/>
        <vehicle id="11" x="504.76" y="401.65" angle="-90.00" type="DEFAULT_VEHTYPE" speed="12.72" pos="90.49" lane="3/2to2/2_0" slope="0.00"/>
        <vehicle id="12" x="398.35" y="729.62" angle="0.00" type="DEFAULT_VEHTYPE" speed="13.22" pos="70.38" lane="2/4to2/3_0" slope="0.00"/>
        <vehicle id="15" x="685.27" y="601.65" angle="-90.00" type="DEFAULT_VEHTYPE" speed="12.68" pos="114.73" lane="4/3to3/3_0" slope="0.00"/>
        <vehicle id="19" x="201.65" y="322.57" angle="180.00" type="DEFAULT_VEHTYPE" speed="13.24" pos="117.82" lane="1/1to1/2_0" slope="0.00"/>
        <vehicle id="2" x="598.35" y="477.27" angle="0.00" type="DEFAULT_VEHTYPE" speed="13.66" pos="117.98" lane="3/3to3/2_0" slope="0.00"/>
        <vehicle id="20" x="398.35" y="84.33" angle="0.00" type="DEFAULT_VEHTYPE" speed="13.00" pos="110.92" lane="2/1to2/0_0" slope="0.00"/>
        <vehicle id="23" x="391.72" y="401.65" angle="-87.23" type="DEFAULT_VEHTYPE" speed="12.90" pos="3.53" lane="2/2to1/2_0" slope="0.00"/>
        <vehicle id="24" x="228.89" y="401.65" angle="-90.00" type="DEFAULT_VEHTYPE" speed="13.02" pos="166.36" lane="2/2to1/2_0" slope="0.00"/>
        <vehicle id="4" x="201.65" y="481.59" angle="180.00" type="DEFAULT_VEHTYPE" speed="13.83" pos="76.84" lane="1/2to1/3_0" slope="0.00"/>
        <vehicle id="5" x="401.65" y="707.27" angle="180.00" type="DEFAULT_VEHTYPE" speed="13.87" pos="102.52" lane="2/3to2/4_0" slope="0.00"/>
        <vehicle id="6" x="214.68" y="201.65" angle="-90.00" type="DEFAULT_VEHTYPE" speed="7.32" pos="180.57" lane="2/1to1/1_0" slope="0.00"/>
        <vehicle id="7" x="398.35" y="244.89" angle="0.00" type="DEFAULT_VEHTYPE" speed="13.16" pos="150.36" lane="2/2to2/1_0" slope="0.00"/>
        <vehicle id="8" x="198.35" y="125.00" angle="0.00" type="DEFAULT_VEHTYPE" speed="13.56" pos="70.25" lane="1/1to1/0_0" slope="0.00"/>
    </timestep>
    <timestep time="593.00">
        <vehicle id="0" x="401.65" y="658.31" angle="180.00" type="DEFAULT_VEHTYPE" speed="12.96" pos="53.56" lane="2/3to2/4_0" slope="0.00"/>
        <vehicle id="10" x="639.05" y="598.35" angle="90.00" type="DEFAULT_VEHTYPE" speed="12.68" pos="34.30" lane="3/3to4/3_0" slope="0.00"/>
        <vehicle id="11" x="491.55" y="401.65" angle="-90.00" type="DEFAULT_VEHTYPE" speed="13.21" pos="103.70" lane="3/2to2/2_0" slope="0.00"/>
        <vehicle id="12" x="398.35" y="716.92" angle="0.00" type="DEFAULT_VEHTYPE" speed="12.69" pos="83.08" lane="2/4to2/3_0" slope="0.00"/>
        <vehicle id="15" x="672.61" y="601.65" angle="-90.00" type="DEFAULT_VEHTYPE" speed="12.66" pos="127.39" lane="4/3to3/3_0" slope="0.00"/>
        <vehicle id="19" x="201.65" y="335.70" angle="180.00" type="DEFAULT_VEHTYPE" speed="13.13" pos="130.95" lane="1/1to1/2_0" slope="0.00"/>
        <vehicle id="2" x="598.35" y="464.11" angle="0.00" type="DEFAULT_VEHTYPE" speed="13.16" pos="131.14" lane="3/3to3/2_0" slope="0.00"/>
        <vehicle id="20" x="398.35" y="71.39" angle="0.00" type="DEFAULT_VEHTYPE" speed="12.93" pos="123.86" lane="2/1to2/0_0" slope="0.00"/>
        <vehicle id="23" x="378.28" y="401.65" angle="-90.00" type="DEFAULT_VEHTYPE" speed="13.43" pos="16.97" lane="2/2to1/2_0" slope="0.00"/>
        <vehicle id="24" x="219.28" y="401.65" angle="-90.00" type="DEFAULT_VEHTYPE" speed="9.61" pos="175.97" lane="2/2to1/2_0" slope="0.00"/>
        <vehicle id="4" x="201.65" y="494.67" angle="180.00" type="DEFAULT_VEHTYPE" speed="13.08" pos="89.92" lane="1/2to1/3_0" slope="0.00"/>
        <vehicle id="5" x="401.65" y="720.50" angle="180.00" type="DEFAULT_VEHTYPE" speed="13.23" pos="115.75" lane="2/3to2/4_0" slope="0.00"/>
        <vehicle id="6" x="210.22" y="201.65" angle="-90.00" type="DEFAULT_VEHTYPE" speed="4.46" pos="185.03" lane="2/1to1/1_0" slope="0.00"/>
        <vehicle id="7" x="398.35" y="231.63" angle="0.00" type="DEFAULT_VEHTYPE" speed="13.26" pos="163.62" lane="2/2to2/1_0" slope="0.00"/>
        <vehicle id="8" x="198.35" y="111.29" angle="0.00" type="DEFAULT_VEHTYPE" speed="13.71" pos="83.96" lane="1/1to1/0_0" slope="0.00"/>
    </timestep>
    <timestep time="594.00">
        <vehicle id="0" x="401.65" y="671.90" angle="180.00" type="DEFAULT_VEHTYPE" speed="13.59" pos="67.15" lane="2/3to2/4_0" slope="0.00"/>
        <vehicle id="10" x="652.35" y="598.35" angle="90.00" type="DEFAULT_VEHTYPE" speed="13.30" pos="47.60" lane="3/3to4/3_0" slope="0.00"/>
        <vehicle id="11" x="478.25" y="401.65" angle="-90.00" type="DEFAULT_VEHTYPE" speed="13.30" pos="117.00" lane="3/2to2/2_0" slope="0.00"/>
        <vehicle id="12" x="398.35" y="704.30" angle="0.00" type="DEFAULT_VEHTYPE" speed="12.62" pos="95.70" lane="2/4to2/3_0" slope="0.00"/>
        <vehicle id="15" x="659.36" y="601.65" angle="-90.00" type="DEFAULT_VEHTYPE" speed="13.26" pos="140.64" lane="4/3to3/3_0" slope="0.00"/>
        <vehicle id="19" x="201.65" y="348.71" angle="180.00" type="DEFAULT_VEHTYPE" speed="13.01" pos="143.96" lane="1/1to1/2_0" slope="0.00"/>
        <vehicle id="2" x="598.35" y="450.58" angle="0.00" type="DEFAULT_VEHTYPE" speed="13.53" pos="144.67" lane="3/3to3/2_0" slope="0.00"/>
        <vehicle id="20" x="398.35" y="57.81" angle="0.00" type="DEFAULT_VEHTYPE" speed="13.59" pos="137.44" lane="2/1to2/0_0" slope="0.00"/>
        <vehicle id="23" x="364.84" y="401.65" angle="-90.00" type="DEFAULT_VEHTYPE" speed="13.44" pos="30.41" lane="2/2to1/2_0" slope="0.00"/>
        <vehicle id="24" x="213.61" y="401.65" angle="-90.00" type="DEFAULT_VEHTYPE" speed="5.68" pos="181.64" lane="2/2to1/2_0" slope="0.00"/>
        <vehicle id="4" x="201.65" y="507.42" angle="180.00" type="DEFAULT_VEHTYPE" speed="12.76" pos="102.67" lane="1/2to1/3_0" slope="0.00"/>
        <vehicle id="5" x="401.65" y="734.05" angle="180.00" type="DEFAULT_VEHTYPE" speed="13.54" pos="129.30" lane="2/3to2/4_0" slope="0.00"/>
        <vehicle id="6" x="203.87" y="201.77" angle="-91.42" type="DEFAULT_VEHTYPE" speed="6.36" pos="0.89" lane=":1/1_4_0" slope="0.00"/>
        <vehicle id="7" x="398.35" y="218.56" angle="0.00" type="DEFAULT_VEHTYPE" speed="13.07" pos="176.69" lane="2/2to2/1_0" slope="0.00"/>
        <vehicle id="8" x="198.35" y="98.64" angle="0.00" type="DEFAULT_VEHTYPE" speed="12.65" pos="96.61" lane="1/1to1/0_0" slope="0.00"/>
    </timestep>
    <timestep time="595.00">
        <vehicle id="0" x="401.65" y="684.96" angle="180.00" type="DEFAULT_VEHTYPE" speed="13.06" pos="80.21" lane="2/3to2/4_0" slope="0.00"/>
        <vehicle id="10" x="665.73" y="598.35" angle="90.00" type="DEFAULT_VEHTYPE" speed="13.38" pos="60.98" lane="3/3to4/3_0" slope="0.00"/>
        <vehicle id="11" x="464.43" y="401.65" angle="-90.00" type="DEFAULT_VEHTYPE" speed="13.82" pos="130.82" lane="3/2to2/2_0" slope="0.00"/>
        <vehicle id="12" x="398.35" y="691.01" angle="0.00" type="DEFAULT_VEHTYPE" speed="13.30" pos="108.99" lane="2/4to2/3_0" slope="0.00"/>
        <vehicle id="15" x="646.34" y="601.65" angle="-90.00" type="DEFAULT_VEHTYPE" speed="13.02" pos="153.66" lane="4/3to3/3_0" slope="0.00"/>
        <vehicle id="19" x="201.65" y="362.42" angle="180.00" type="DEFAULT_VEHTYPE" speed="13.70" pos="157.67" lane="1/1to1/2_0" slope="0.00"/>
        <vehicle id="2" x="598.35" y="436.87" angle="0.00" type="DEFAULT_VEHTYPE" speed="13.71" pos="158.38" lane="3/3to3/2_0" slope="0.00"/>
        <vehicle id="20" x="398.35" y="44.84" angle="0.00" type="DEFAULT_VEHTYPE" speed="12.97" pos="150.41" lane="2/1to2/0_0" slope="0.00"/>
        <vehicle id="23" x="352.09" y="401.65" angle="-90.00" type="DEFAULT_VEHTYPE" speed="12.75" pos="43.16" lane="2/2to1/2_0" slope="0.00"/>
        <vehicle id="24" x="209.59" y="401.65" angle="-90.00" type="DEFAULT_VEHTYPE" speed="4.02" pos="185.66" lane="2/2to1/2_0" slope="0.00"/>
        <vehicle id="4" x="201.65" y="520.73" angle="180.00" type="DEFAULT_VEHTYPE" speed="13.31" pos="115.98" lane="1/2to1/3_0" slope="0.00"/>
        <vehicle id="5" x="401.65" y="746.93" angle="180.00" type="DEFAULT_VEHTYPE" speed="12.88" pos="142.18" lane="2/3to2/4_0" slope="0.00"/>
        <vehicle id="6" x="201.65" y="208.99" angle="-178.79" type="DEFAULT_VEHTYPE" speed="8.35" pos="4.24" lane="1/1to1/2_0" slope="0.00"/>
        <vehicle id="7" x="398.35" y="205.78" angle="0.00" type="DEFAULT_VEHTYPE" speed="12.78" pos="189.47" lane="2/2to2/1_0" slope="0.00"/>
        <vehicle id="8" x="198.35" y="85.54" angle="0.00" type="DEFAULT_VEHTYPE" speed="13.10" pos="109.71" lane="1/1to1/0_0" slope="0.00"/>
    </timestep>
    <timestep time="596.00">
        <vehicle id="0" x="401.65" y="697.58" angle="180.00" type="DEFAULT_VEHTYPE" speed="12.62" pos="92.83" lane="2/3to2/4_0" slope="0.00"/>
        <vehicle id="10" x="679.56" y="598.35" angle="90.00" type="DEFAULT_VEHTYPE" speed="13.83" pos="74.81" lane="3/3to4/3_0" slope="0.00"/>
        <vehicle id="11" x="451.68" y="401.65" angle="-90.00" type="DEFAULT_VEHTYPE" speed="12.75" pos="143.57" lane="3/2to2/2_0" slope="0.00"/>
        <vehicle id="12" x="398.35" y="677.85" angle="0.00" type="DEFAULT_VEHTYPE" speed="13.15" pos="122.15" lane="2/4to2/3_0" slope="0.00"/>
        <vehicle id="15" x="632.55" y="601.65" angle="-90.00" type="DEFAULT_VEHTYPE" speed="13.79" pos="167.45" lane="4/3to3/3_0" slope="0.00"/>
        <vehicle id="19" x="201.65" y="375.98" angle="180.00" type="DEFAULT_VEHTYPE" speed="13.56" pos="171.23" lane="1/1to1/2_0" slope="0.00"/>
        <vehicle id="2" x="598.35" y="423.81" angle="0.00" type="DEFAULT_VEHTYPE" speed="13.06" pos="171.44" lane="3/3to3/2_0" slope="0.00"/>
        <vehicle id="20" x="398.35" y="31.78" angle="0.00" type="DEFAULT_VEHTYPE" speed="13.06" pos="163.47" lane="2/1to2/0_0" slope="0.00"/>
        <vehicle id="23" x="339.49" y="401.65" angle="-90.00" type="DEFAULT_VEHTYPE" speed="12.60" pos="55.76" lane="2/2to1/2_0" slope="0.00"/>
        <vehicle id="24" x="208.62" y="401.65" angle="-90.00" type="DEFAULT_VEHTYPE" speed="0.97" pos="186.63" lane="2/2to1/2_0" slope="0.00"/>
        <vehicle id="4" x="201.65" y="533.41" angle="180.00" type="DEFAULT_VEHTYPE" speed="12.68" pos="128.66" lane="1/2to1/3_0" slope="0.00"/>
        <vehicle id="5" x="401.65" y="760.17" angle="180.00" type="DEFAULT_VEHTYPE" speed="13.24" pos="155.42" lane="2/3to2/4_0" slope="0.00"/>
        <vehicle id="6" x="201.65" y="219.28" angle="180.00" type="DEFAULT_VEHTYPE" speed="10.29" pos="14.53" lane="1/1to1/2_0" slope="0.00"/>
        <vehicle id="7" x="398.35" y="192.34" angle="0.00" type="DEFAULT_VEHTYPE" speed="13.43" pos="2.91" lane="2/1to2/0_0" slope="0.00"/>
        <vehicle id="8" x="198.35" y="71.90" angle="0.00" type="DEFAULT_VEHTYPE" speed="13.64" pos="123.35" lane="1/1to1/0_0" slope="0.00"/>
    </timestep>
    <timestep time="597.00">
        <vehicle id="0" x="401.65" y="710.73" angle="180.00" type="DEFAULT_VEHTYPE" speed="13.15" pos="105.98" lane="2/3to2/4_0" slope="0.00"/>
        <vehicle id="10" x="692.99" y="598.35" angle="90.00" type="DEFAULT_VEHTYPE" speed="13.43" pos="88.24" lane="3/3to4/3_0" slope="0.00"/>
        <vehicle id="11" x="438.75" y="401.65" angle="-90.00" type="DEFAULT_VEHTYPE" speed="12.93" pos="156.50" lane="3/2to2/2_0" slope="0.00"/>
        <vehicle id="12" x="398.35" y="664.02" angle="0.00" type="DEFAULT_VEHTYPE" speed="13.84" pos="135.98" lane="2/4to2/3_0" slope="0.00"/>
        <vehicle id="15" x="621.77" y="601.65" angle="-90.00" type="DEFAULT_VEHTYPE" speed="10.77" pos="178.23" lane="4/3to3/3_0" slope="0.00"/>
        <vehicle id="19" x="201.65" y="388.61" angle="180.00" type="DEFAULT_VEHTYPE" speed="12.63" pos="183.86" lane="1/1to1/2_0" slope="0.00"/>
        <vehicle id="2" x="598.35" y="410.35" angle="0.00" type="DEFAULT_VEHTYPE" speed="13.46" pos="184.90" lane="3/3to3/2_0" slope="0.00"/>
        <vehicle id="20" x="398.35" y="18.67" angle="0.00" type="DEFAULT_VEHTYPE" speed="13.11" pos="176.58" lane="2/1to2/0_0" slope="0.00"/>
        <vehicle id="23" x="326.69" y="401.65" angle="-90.00" type="DEFAULT_VEHTYPE" speed="12.80" pos="68.56" lane="2/2to1/2_0" slope="0.00"/>
        <vehicle id="24" x="207.69" y="401.65" angle="-90.00" type="DEFAULT_VEHTYPE" speed="0.93" pos="187.56" lane="2/2to1/2_0" slope="0.00"/>
        <vehicle id="4" x="201.65" y="546.25" angle="180.00" type="DEFAULT_VEHTYPE" speed="12.84" pos="141.50" lane="1/2to1/3_0" slope="0.00"/>
        <vehicle id="5" x="401.65" y="773.01" angle="180.00" type="DEFAULT_VEHTYPE" speed="12.84" pos="168.26" lane="2/3to2/4_0" slope="0.00"/>
        <vehicle id="6" x="201.65" y="231.70" angle="180.00" type="DEFAULT_VEHTYPE" speed="12.42" pos="26.95" lane="1/1to1/2_0" slope="0.00"/>
        <vehicle id="7" x="398.35" y="178.68" angle="0.00" type="DEFAULT_VEHTYPE" speed="13.66" pos="16.57" lane="2/1to2/0_0" slope="0.00"/>
        <vehicle id="8" x="198.35" y="58.55" angle="0.00" type="DEFAULT_VEHTYPE" speed="13.35" pos="136.70" lane="1/1to1/0_0" slope="0.00"/>
    </timestep>
    <timestep time="598.00">
        <vehicle id="0" x="401.65" y="724.57" angle="180.00" type="DEFAULT_VEHTYPE" speed="13.83" pos="119.82" lane="2/3to2/4_0" slope="0.00"/>
        <vehicle id="10" x="706.49" y="598.35" angle="90.00" type="DEFAULT_VEHTYPE" speed="13.50" pos="101.74" lane="3/3to4/3_0" slope="0.00"/>
        <vehicle id="11" x="426.13" y="401.65" angle="-90.00" type="DEFAULT_VEHTYPE" speed="12.62" pos="169.12" lane="3/2to2/2_0" slope="0.00"/>
        <vehicle id="12" x="398.35" y="650.86" angle="0.00" type="DEFAULT_VEHTYPE" speed="13.16" pos="149.14" lane="2/4to2/3_0" slope="0.00"/>
        <vehicle id="15" x="614.94" y="601.65" angle="-90.00" type="DEFAULT_VEHTYPE" speed="6.83" pos="185.06" lane="4/3to3/3_0" slope="0.00"/>
        <vehicle id="19" x="201.65" y="401.22" angle="180.00" type="DEFAULT_VEHTYPE" speed="12.61" pos="5.97" lane=":1/2_9_0" slope="0.00"/>
        <vehicle id="2" x="592.59" y="401.65" angle="-81.89" type="DEFAULT_VEHTYPE" speed="13.25" pos="2.66" lane="3/2to2/2_0" slope="0.00"/>
        <vehicle id="20" x="398.35" y="5.89" angle="0.00" type="DEFAULT_VEHTYPE" speed="12.78" pos="189.36" lane="2/1to2/0_0" slope="0.00"/>
        <vehicle id="23" x="313.27" y="401.65" angle="-90.00" type="DEFAULT_VEHTYPE" speed="13.42" pos="81.98" lane="2/2to1/2_0" slope="0.00"/>
        <vehicle id="24" x="207.47" y="401.65" angle="-90.00" type="DEFAULT_VEHTYPE" speed="0.22" pos="187.78" lane="2/2to1/2_0" slope="0.00"/>
        <vehicle id="4" x="201.65" y="559.83" angle="180.00" type="DEFAULT_VEHTYPE" speed="13.58" pos="155.08" lane="1/2to1/3_0" slope="0.00"/>
        <vehicle id="5" x="401.65" y="785.71" angle="180.00" type="DEFAULT_VEHTYPE" speed="12.69" pos="180.96" lane="2/3to2/4_0" slope="0.00"/>
        <vehicle id="6" x="201.65" y="245.59" angle="180.00" type="DEFAULT_VEHTYPE" speed="13.88" pos="40.84" lane="1/1to1/2_0" slope="0.00"/>
        <vehicle id="7" x="398.35" y="165.69" angle="0.00" type="DEFAULT_VEHTYPE" speed="12.99" pos="29.56" lane="2/1to2/0_0" slope="0.00"/>
        <vehicle id="8" x="198.35" y="44.92" angle="0.00" type="DEFAULT_VEHTYPE" speed="13.63" pos="150.33" lane="1/1to1/0_0" slope="0.00"/>
    </timestep>
    <timestep time="599.00">
        <vehicle id="0" x="401.65" y="737.67" angle="180.00" type="DEFAULT_VEHTYPE" speed="13.11" pos="132.92" lane="2/3to2/4_0" slope="0.00"/>
        <vehicle id="10" x="719.49" y="598.35" angle="90.00" type="DEFAULT_VEHTYPE" speed="13.00" pos="114.74" lane="3/3to4/3_0" slope="0.00"/>
        <vehicle id="11" x="416.92" y="401.65" angle="-90.00" type="DEFAULT_VEHTYPE" speed="9.21" pos="178.33" lane="3/2to2/2_0" slope="0.00"/>
        <vehicle id="12" x="398.35" y="638.05" angle="0.00" type="DEFAULT_VEHTYPE" speed="12.81" pos="161.95" lane="2/4to2/3_0" slope="0.00"/>
        <vehicle id="15" x="610.12" y="601.65" angle="-90.00" type="DEFAULT_VEHTYPE" speed="4.83" pos="189.88" lane="4/3to3/3_0" slope="0.00"/>
        <vehicle id="19" x="201.65" y="413.85" angle="180.00" type="DEFAULT_VEHTYPE" speed="12.62" pos="9.10" lane="1/2to1/3_0" slope="0.00"/>
        <vehicle id="2" x="578.77" y="401.65" angle="-90.00" type="DEFAULT_VEHTYPE" speed="13.82" pos="16.48" lane="3/2to2/2_0" slope="0.00"/>
        <vehicle id="20" x="401.65" y="2.58" angle="158.45" type="DEFAULT_VEHTYPE" speed="13.29" pos="2.58" lane="2/0to2/1_0" slope="0.00"/>
        <vehicle id="23" x="299.70" y="401.65" angle="-90.00" type="DEFAULT_VEHTYPE" speed="13.57" pos="95.55" lane="2/2to1/2_0" slope="0.00"/>
        <vehicle id="24" x="205.55" y="401.65" angle="-90.00" type="DEFAULT_VEHTYPE" speed="1.92" pos="189.70" lane="2/2to1/2_0" slope="0.00"/>
        <vehicle id="4" x="201.65" y="572.55" angle="180.00" type="DEFAULT_VEHTYPE" speed="12.71" pos="167.80" lane="1/2to1/3_0" slope="0.00"/>
        <vehicle id="5" x="401.65" y="799.27" angle="180.00" type="DEFAULT_VEHTYPE" speed="13.56" pos="194.52" lane="2/3to2/4_0" slope="0.00"/>
        <vehicle id="6" x="201.65" y="259.22" angle="180.00" type="DEFAULT_VEHTYPE" speed="13.64" pos="54.47" lane="1/1to1/2_0" slope="0.00"/>
        <vehicle id="7" x="398.35" y="152.30" angle="0.00" type="DEFAULT_VEHTYPE" speed="13.39" pos="42.95" lane="2/1to2/0_0" slope="0.00"/>
        <vehicle id="8" x="198.35" y="31.33" angle="0.00" type="DEFAULT_VEHTYPE" speed="13.59" pos="163.92" lane="1/1to1/0_0" slope="0.00"/>
    </timestep>
    <timestep time="600.00">
        <vehicle id="0" x="401.65" y="751.27" angle="180.00" type="DEFAULT_VEHTYPE" speed="13.60" pos="146.52" lane="2/3to2/4_0" slope="0.00"/>
        <vehicle id="10" x="733.19" y="598.35" angle="90.00" type="DEFAULT_VEHTYPE" speed="13.70" pos="128.44" lane="3/3to4/3_0" slope="0.00"/>
        <vehicle id="11" x="411.34" y="401.65" angle="-90.00" type="DEFAULT_VEHTYPE" speed="5.58" pos="183.91" lane="3/2to2/2_0" slope="0.00"/>
        <vehicle id="12" x="398.35" y="625.44" angle="0.00" type="DEFAULT_VEHTYPE" speed="12.61" pos="174.56" lane="2/4to2/3_0" slope="0.00"/>
        <vehicle id="15" x="603.49" y="601.47" angle="-87.93" type="DEFAULT_VEHTYPE" speed="6.64" pos="1.28" lane=":3/3_6_0" slope="0.00"/>
        <vehicle id="19" x="201.65" y="427.31" angle="180.00" type="DEFAULT_VEHTYPE" speed="13.46" pos="22.56" lane="1/2to1/3_0" slope="0.00"/>
        <vehicle id="2" x="565.91" y="401.65" angle="-90.00" type="DEFAULT_VEHTYPE" speed="12.86" pos="29.34" lane="3/2to2/2_0" slope="0.00"/>
        <vehicle id="20" x="401.65" y="15.40" angle="180.00" type="DEFAULT_VEHTYPE" speed="12.83" pos="15.40" lane="2/0to2/1_0" slope="0.00"/>
        <vehicle id="23" x="286.51" y="401.65" angle="-90.00" type="DEFAULT_VEHTYPE" speed="13.19" pos="108.74" lane="2/2to1/2_0" slope="0.00"/>
        <vehicle id="24" x="202.15" y="401.65" angle="-90.00" type="DEFAULT_VEHTYPE" speed="3.40" pos="2.60" lane=":1/2_5_0" slope="0.00"/>
        <vehicle id="4" x="201.65" y="585.53" angle="180.00" type="DEFAULT_VEHTYPE" speed="12.99" pos="180.78" lane="1/2to1/3_0" slope="0.00"/>
        <vehicle id="5" x="398.35" y="792.94" angle="0.00" type="DEFAULT_VEHTYPE" speed="12.61" pos="7.06" lane="2/4to2/3_0" slope="0.00"/>
        <vehicle id="6" x="201.65" y="272.33" angle="180.00" type="DEFAULT_VEHTYPE" speed="13.10" pos="67.58" lane="1/1to1/2_0" slope="0.00"/>
        <vehicle id="7" x="398.35" y="139.41" angle="0.00" type="DEFAULT_VEHTYPE" speed="12.88" pos="55.84" lane="2/1to2/0_0" slope="0.00"/>
        <vehicle id="8" x="198.35" y="18.45" angle="0.00" type="DEFAULT_VEHTYPE" speed="12.88" pos="176.80" lane="1/1to1/0_0" slope="0.00"/>
    </timestep>
    <timestep time="601.00">
        <vehicle id="0" x="401.65" y="764.92" angle="180.00" type="DEFAULT_VEHTYPE" speed="13.65" pos="160.17" lane="2/3to2/4_0" slope="0.00"/>
        <vehicle id="10" x="746.09" y="598.35" angle="90.00" type="DEFAULT_VEHTYPE" speed="12.90" pos="141.34" lane="3/3to4/3_0" slope="0.00"/>
        <vehicle id="11" x="403.42" y="401.46" angle="-87.81" type="DEFAULT_VEHTYPE" speed="7.94" pos="1.35" lane=":2/2_6_0" slope="0.00"/>
        <vehicle id="12" x="398.35" y="612.35" angle="0.00" type="DEFAULT_VEHTYPE" speed="13.10" pos="187.65" lane="2/4to2/3_0" slope="0.00"/>
        <vehicle id="15" x="598.40" y="595.58" angle="-20.43" type="DEFAULT_VEHTYPE" speed="8.72" pos="9.99" lane=":3/3_6_0" slope="0.00"/>
        <vehicle id="19" x="201.65" y="440.13" angle="180.00" type="DEFAULT_VEHTYPE" speed="12.82" pos="35.38" lane="1/2to1/3_0" slope="0.00"/>
        <vehicle id="2" x="552.28" y="401.65" angle="-90.00" type="DEFAULT_VEHTYPE" speed="13.63" pos="42.97" lane="3/2to2/2_0" slope="0.00"/>
        <vehicle id="20" x="401.65" y="28.33" angle="180.00" type="DEFAULT_VEHTYPE" speed="12.92" pos="28.33" lane="2/0to2/1_0" slope="0.00"/>
        <vehicle id="23" x="273.81" y="401.65" angle="-90.00" type="DEFAULT_VEHTYPE" speed="12.70" pos="121.44" lane="2/2to1/2_0" slope="0.00"/>
        <vehicle id="24" x="197.12" y="401.65" angle="-90.00" type="DEFAULT_VEHTYPE" speed="5.03" pos="7.63" lane=":1/2_5_0" slope="0.00"/>
        <vehicle id="4" x="202.89" y="597.86" angle="164.81" type="DEFAULT_VEHTYPE" speed="12.76" pos="3.04" lane=":1/3_8_0" slope="0.00"/>
        <vehicle id="5" x="398.35" y="779.86" angle="0.00" type="DEFAULT_VEHTYPE" speed="13.08" pos="20.14" lane="2/4to2/3_0" slope="0.00"/>
        <vehicle id="6" x="201.65" y="285.55" angle="180.00" type="DEFAULT_VEHTYPE" speed="13.22" pos="80.80" lane="1/1to1/2_0" slope="0.00"/>
        <vehicle id="7" x="398.35" y="126.69" angle="0.00" type="DEFAULT_VEHTYPE" speed="12.73" pos="68.56" lane="2/1to2/0_0" slope="0.00"/>
        <vehicle id="8" x="198.35" y="5.19" angle="0.00" type="DEFAULT_VEHTYPE" speed="13.26" pos="190.06" lane="1/1to1/0_0" slope="0.00"/>
    </timestep>
    <timestep time="602.00">
        <vehicle id="0" x="401.65" y="778.13" angle="180.00" type="DEFAULT_VEHTYPE" speed="13.22" pos="173.38" lane="2/3to2/4_0" slope="0.00"/>
        <vehicle id="10" x="759.07" y="598.35" angle="90.00" type="DEFAULT_VEHTYPE" speed="12.98" pos="154.32" lane="3/3to4/3_0" slope="0.00"/>
        <vehicle id="11" x="398.35" y="394.39" angle="-12.65" type="DEFAULT_VEHTYPE" speed="9.83" pos="0.86" lane="2/2to2/1_0" slope="0.00"/>
        <vehicle id="12" x="398.35" y="599.44" angle="0.00" type="DEFAULT_VEHTYPE" speed="12.90" pos="5.31" lane=":2/3_1_0" slope="0.00"/>
        <vehicle id="15" x="598.35" y="585.49" angle="0.00" type="DEFAULT_VEHTYPE" speed="10.09" pos="9.76" lane="3/3to3/2_0" slope="0.00"/>
        <vehicle id="19" x="201.65" y="452.97" angle="180.00" type="DEFAULT_VEHTYPE" speed="12.85" pos="48.22" lane="1/2to1/3_0" slope="0.00"/>
        <vehicle id="2" x="539.40" y="401.65" angle="-90.00" type="DEFAULT_VEHTYPE" speed="12.88" pos="55.85" lane="3/2to2/2_0" slope="0.00"/>
        <vehicle id="20" x="401.65" y="41.00" angle="180.00" type="DEFAULT_VEHTYPE" speed="12.68" pos="41.00" lane="2/0to2/1_0" slope="0.00"/>
        <vehicle id="23" x="260.19" y="401.65" angle="-90.00" type="DEFAULT_VEHTYPE" speed="13.62" pos="135.06" lane="2/2to1/2_0" slope="0.00"/>
        <vehicle id="24" x="190.03" y="401.65" angle="-90.00" type="DEFAULT_VEHTYPE" speed="7.09" pos="5.22" lane="1/2to0/2_0" slope="0.00"/>
        <vehicle id="4" x="215.77" y="598.35" angle="90.00" type="DEFAULT_VEHTYPE" speed="12.98" pos="11.02" lane="1/3to2/3_0" slope="0.00"/>
        <vehicle id="5" x="398.35" y="766.38" angle="0.00" type="DEFAULT_VEHTYPE" speed="13.48" pos="33.62" lane="2/4to2/3_0" slope="0.00"/>
        <vehicle id="6" x="201.65" y="299.36" angle="180.00" type="DEFAULT_VEHTYPE" speed="13.81" pos="94.61" lane="1/1to1/2_0" slope="0.00"/>
        <vehicle id="7" x="398.35" y="113.27" angle="0.00" type="DEFAULT_VEHTYPE" speed="13.42" pos="81.98" lane="2/1to2/0_0" slope="0.00"/>
        <vehicle id="8" x="201.65" y="3.84" angle="172.37" type="DEFAULT_VEHTYPE" speed="13.86" pos="3.84" lane="1/0to1/1_0" slope="0.00"/>
    </timestep>
    <timestep time="603.00">
        <vehicle id="0" x="401.65" y="791.27" angle="180.00" type="DEFAULT_VEHTYPE" speed="13.14" pos="186.52" lane="2/3to2/4_0" slope="0.00"/>
        <vehicle id="10" x="771.97" y="598.35" angle="90.00" type="DEFAULT_VEHTYPE" speed="12.90" pos="167.22" lane="3/3to4/3_0" slope="0.00"/>
        <vehicle id="11" x="398.35" y="381.96" angle="0.00" type="DEFAULT_VEHTYPE" speed="12.42" pos="13.29" lane="2/2to2/1_0" slope="0.00"/>
        <vehicle id="12" x="398.35" y="585.64" angle="0.00" type="DEFAULT_VEHTYPE" speed="13.80" pos="9.61" lane="2/3to2/2_0" slope="0.00"/>
        <vehicle id="15" x="598.35" y="573.43" angle="0.00" type="DEFAULT_VEHTYPE" speed="12.06" pos="21.82" lane="3/3to3/2_0" slope="0.00"/>
        <vehicle id="19" x="201.65" y="465.94" angle="180.00" type="DEFAULT_VEHTYPE" speed="12.96" pos="61.19" lane="1/2to1/3_0" slope="0.00"/>
        <vehicle id="2" x="526.80" y="401.65" angle="-90.00" type="DEFAULT_VEHTYPE" speed="12.61" pos="68.45" lane="3/2to2/2_0" slope="0.00"/>
        <vehicle id="20" x="401.65" y="54.85" angle="180.00" type="DEFAULT_VEHTYPE" speed="13.84" pos="54.85" lane="2/0to2/1_0" slope="0.00"/>
        <vehicle id="23" x="247.45" y="401.65" angle="-90.00" type="DEFAULT_VEHTYPE" speed="12.74" pos="147.80" lane="2/2to1/2_0" slope="0.00"/>
        <vehicle id="24" x="181.62" y="401.65" angle="-90.00" type="DEFAULT_VEHTYPE" speed="8.41" pos="13.63" lane="1/2to0/2_0" slope="0.00"/>
        <vehicle id="4" x="228.42" y="598.35" angle="90.00" type="DEFAULT_VEHTYPE" speed="12.65" pos="23.67" lane="1/3to2/3_0" slope="0.00"/>
        <vehicle id="5" x="398.35" y="753.47" angle="0.00" type="DEFAULT_VEHTYPE" speed="12.91" pos="46.53" lane="2/4to2/3_0" slope="0.00"/>
        <vehicle id="6" x="201.65" y="312.81" angle="180.00" type="DEFAULT_VEHTYPE" speed="13.46" pos="108.06" lane="1/1to1/2_0" slope="0.00"/>
        <vehicle id="7" x="398.35" y="100.19" angle="0.00" type="DEFAULT_VEHTYPE" speed="13.08" pos="95.06" lane="2/1to2/0_0" slope="0.00"/>
        <vehicle id="8" x="201.65" y="16.49" angle="180.00" type="DEFAULT_VEHTYPE" speed="12.65" pos="16.49" lane="1/0to1/1_0" slope="0.00"/>
    </timestep>
    <timestep time="604.00">
        <vehicle id="0" x="398.47" y="800.17" angle="-100.07" type="DEFAULT_VEHTYPE" speed="13.34" pos="4.61" lane=":2/4_0_0" slope="0.00"/>
        <vehicle id="10" x="784.69" y="598.35" angle="90.00" type="DEFAULT_VEHTYPE" speed="12.72" pos="179.94" lane="3/3to4/3_0" slope="0.00"/>
        <vehicle id="11" x="398.35" y="368.36" angle="0.00" type="DEFAULT_VEHTYPE" speed="13.61" pos="26.89" lane="2/2to2/1_0" slope="0.00"/>
        <vehicle id="12" x="398.35" y="572.89" angle="0.00" type="DEFAULT_VEHTYPE" speed="12.75" pos="22.36" lane="2/3to2/2_0" slope="0.00"/>
        <vehicle id="15" x="598.35" y="559.82" angle="0.00" type="DEFAULT_VEHTYPE" speed="13.61" pos="35.43" lane="3/3to3/2_0" slope="0.00"/>
        <vehicle id="19" x="201.65" y="479.05" angle="180.00" type="DEFAULT_VEHTYPE" speed="13.11" pos="74.30" lane="1/2to1/3_0" slope="0.00"/>
        <vehicle id="2" x="513.11" y="401.65" angle="-90.00" type="DEFAULT_VEHTYPE" speed="13.68" pos="82.14" lane="3/2to2/2_0" slope="0.00"/>
        <vehicle id="20" x="401.65" y="68.15" angle="180.00" type="DEFAULT_VEHTYPE" speed="13.30" pos="68.15" lane="2/0to2/1_0" slope="0.00"/>
        <vehicle id="23" x="233.56" y="401.65" angle="-90.00" type="DEFAULT_VEHTYPE" speed="13.89" pos="161.69" lane="2/2to1/2_0" slope="0.00"/>
        <vehicle id="24" x="171.39" y="401.65" angle="-90.00" type="DEFAULT_VEHTYPE" speed="10.23" pos="23.86" lane="1/2to0/2_0" slope="0.00"/>
        <vehicle id="4" x="241.15" y="598.35" angle="90.00" type="DEFAULT_VEHTYPE" speed="12.73" pos="36.40" lane="1/3to2/3_0" slope="0.00"/>
        <vehicle id="5" x="398.35" y="739.69" angle="0.00" type="DEFAULT_VEHTYPE" speed="13.79" pos="60.31" lane="2/4to2/3_0" slope="0.00"/>
        <vehicle id="6" x="201.65" y="325.78" angle="180.00" type="DEFAULT_VEHTYPE" speed="12.97" pos="121.03" lane="1/1to1/2_0" slope="0.00"/>
        <vehicle id="7" x="398.35" y="87.48" angle="0.00" type="DEFAULT_VEHTYPE" speed="12.71" pos="107.77" lane="2/1to2/0_0" slope="0.00"/>
        <vehicle id="8" x="201.65" y="29.67" angle="180.00" type="DEFAULT_VEHTYPE" speed="13.18" pos="29.67" lane="1/0to1/1_0" slope="0.00"/>
    </timestep>
    <timestep time="605.00">
        <vehicle id="0" x="398.35" y="786.58" angle="0.00" type="DEFAULT_VEHTYPE" speed="13.63" pos="13.42" lane="2/4to2/3_0" slope="0.00"/>
        <vehicle id="10" x="797.91" y="598.35" angle="90.00" type="DEFAULT_VEHTYPE" speed="13.22" pos="193.16" lane="3/3to4/3_0" slope="0.00"/>
        <vehicle id="11" x="398.35" y="354.59" angle="0.00" type="DEFAULT_VEHTYPE" speed="13.77" pos="40.66" lane="2/2to2/1_0" slope="0.00"/>
        <vehicle id="12" x="398.35" y="559.77" angle="0.00" type="DEFAULT_VEHTYPE" speed="13.12" pos="35.48" lane="2/3to2/2_0" slope="0.00"/>
        <vehicle id="15" x="598.35" y="546.33" angle="0.00" type="DEFAULT_VEHTYPE" speed="13.49" pos="48.92" lane="3/3to3/2_0" slope="0.00"/>
        <vehicle id="19" x="201.65" y="491.90" angle="180.00" type="DEFAULT_VEHTYPE" speed="12.85" pos="87.15" lane="1/2to1/3_0" slope="0.00"/>
        <vehicle id="2" x="499.72" y="401.65" angle="-90.00" type="DEFAULT_VEHTYPE" speed="13.39" pos="95.53" lane="3/2to2/2_0" slope="0.00"/>
        <vehicle id="20" x="401.65" y="80.91" angle="180.00" type="DEFAULT_VEHTYPE" speed="12.76" pos="80.91" lane="2/0to2/1_0" slope="0.00"/>
        <vehicle id="23" x="222.45" y="401.65" angle="-90.00" type="DEFAULT_VEHTYPE" speed="11.11" pos="172.80" lane="2/2to1/2_0" slope="0.00"/>
        <vehicle id="24" x="159.25" y="401.65" angle="-90.00" type="DEFAULT_VEHTYPE" speed="12.14" pos="36.00" lane="1/2to0/2_0" slope="0.00"/>
        <vehicle id="4" x="254.07" y="598.35" angle="90.00" type="DEFAULT_VEHTYPE" speed="12.92" pos="49.32" lane="1/3to2/3_0" slope="0.00"/>
        <vehicle id="5" x="398.35" y="726.07" angle="0.00" type="DEFAULT_VEHTYPE" speed="13.62" pos="73.93" lane="2/4to2/3_0" slope="0.00"/>
        <vehicle id="6" x="201.65" y="339.67" angle="180.00" type="DEFAULT_VEHTYPE" speed="13.89" pos="134.92" lane="1/1to1/2_0" slope="0.00"/>
        <vehicle id="7" x="398.35" y="73.77" angle="0.00" type="DEFAULT_VEHTYPE" speed="13.71" pos="121.48" lane="2/1to2/0_0" slope="0.00"/>
        <vehicle id="8" x="201.65" y="42.77" angle="180.00" type="DEFAULT_VEHTYPE" speed="13.10" pos="42.77" lane="1/0to1/1_0" slope="0.00"/>
    </timestep>
    <timestep time="606.00">
        <vehicle id="0" x="398.35" y="772.84" angle="0.00" type="DEFAULT_VEHTYPE" speed="13.74" pos="27.16" lane="2/4to2/3_0" slope="0.00"/>
        <vehicle id="10" x="793.72" y="601.65" angle="-90.00" type="DEFAULT_VEHTYPE" speed="13.19" pos="6.28" lane="4/3to3/3_0" slope="0.00"/>
        <vehicle id="11" x="398.35" y="341.04" angle="0.00" type="DEFAULT_VEHTYPE" speed="13.54" pos="54.21" lane="2/2to2/1_0" slope="0.00"/>
        <vehicle id="12" x="398.35" y="546.93" angle="0.00" type="DEFAULT_VEHTYPE" speed="12.84" pos="48.32" lane="2/3to2/2_0" slope="0.00"/>
        <vehicle id="15" x="598.35" y="533.36" angle="0.00" type="DEFAULT_VEHTYPE" speed="12.97" pos="61.89" lane="3/3to3/2_0" slope="0.00"/>
        <vehicle id="19" x="201.65" y="505.43" angle="180.00" type="DEFAULT_VEHTYPE" speed="13.52" pos="100.68" lane="1/2to1/3_0" slope="0.00"/>
        <vehicle id="2" x="486.88" y="401.65" angle="-90.00" type="DEFAULT_VEHTYPE" speed="12.84" pos="108.37" lane="3/2to2/2_0" slope="0.00"/>
        <vehicle id="20" x="401.65" y="94.70" angle="180.00" type="DEFAULT_VEHTYPE" speed="13.79" pos="94.70" lane="2/0to2/1_0" slope="0.00"/>
        <vehicle id="23" x="215.16" y="401.65" angle="-90.00" type="DEFAULT_VEHTYPE" speed="7.29" pos="180.09" lane="2/2to1/2_0" slope="0.00"/>
        <vehicle id="24" x="146.06" y="401.65" angle="-90.00" type="DEFAULT_VEHTYPE" speed="13.19" pos="49.19" lane="1/2to0/2_0" slope="0.00"/>
        <vehicle id="4" x="266.94" y="598.35" angle="90.00" type="DEFAULT_VEHTYPE" speed="12.87" pos="62.19" lane="1/3to2/3_0" slope="0.00"/>
        <vehicle id="5" x="398.35" y="713.19" angle="0.00" type="DEFAULT_VEHTYPE" speed="12.87" pos="86.81" lane="2/4to2/3_0" slope="0.00"/>
        <vehicle id="6" x="201.65" y="352.94" angle="180.00" type="DEFAULT_VEHTYPE" speed="13.27" pos="148.19" lane="1/1to1/2_0" slope="0.00"/>
        <vehicle id="7" x="398.35" y="60.40" angle="0.00" type="DEFAULT_VEHTYPE" speed="13.37" pos="134.85" lane="2/1to2/0_0" slope="0.00"/>
        <vehicle id="8" x="201.65" y="55.77" angle="180.00" type="DEFAULT_VEHTYPE" speed="13.00" pos="55.77" lane="1/0to1/1_0" slope="0.00"/>
    </timestep>
    <timestep time="607.00">
        <vehicle id="0" x="398.35" y="758.99" angle="0.00" type="DEFAULT_VEHTYPE" speed="13.85" pos="41.01" lane="2/4to2/3_0" slope="0.00"/>
        <vehicle id="10" x="780.81" y="601.65" angle="-90.00" type="DEFAULT_VEHTYPE" speed="12.92" pos="19.19" lane="4/3to3/3_0" slope="0.00"/>
        <vehicle id="11" x="398.35" y="327.29" angle="0.00" type="DEFAULT_VEHTYPE" speed="13.75" pos="67.96" lane="2/2to2/1_0" slope="0.00"/>
        <vehicle id="12" x="398.35" y="533.74" angle="0.00" type="DEFAULT_VEHTYPE" speed="13.19" pos="61.51" lane="2/3to2/2_0" slope="0.00"/>
        <vehicle id="15" x="598.35" y="519.80" angle="0.00" type="DEFAULT_VEHTYPE" speed="13.56" pos="75.45" lane="3/3to3/2_0" slope="0.00"/>
        <vehicle id="19" x="201.65" y="518.39" angle="180.00" type="DEFAULT_VEHTYPE" speed="12.96" pos="113.64" lane="1/2to1/3_0" slope="0.00"/>
        <vehicle id="2" x="474.27" y="401.65" angle="-90.00" type="DEFAULT_VEHTYPE" speed="12.61" pos="120.98" lane="3/2to2/2_0" slope="0.00"/>
        <vehicle id="20" x="401.65" y="107.33" angle="180.00" type="DEFAULT_VEHTYPE" speed="12.63" pos="107.33" lane="2/0to2/1_0" slope="0.00"/>
        <vehicle id="23" x="210.32" y="401.65" angle="-90.00" type="DEFAULT_VEHTYPE" speed="4.84" pos="184.93" lane="2/2to1/2_0" slope="0.00"/>
        <vehicle id="24" x="132.70" y="401.65" angle="-90.00" type="DEFAULT_VEHTYPE" speed="13.36" pos="62.55" lane="1/2to0/2_0" slope="0.00"/>
        <vehicle id="4" x="280.62" y="598.35" angle="90.00" type="DEFAULT_VEHTYPE" speed="13.68" pos="75.87" lane="1/3to2/3_0" slope="0.00"/>
        <vehicle id="5" x="398.35" y="700.20" angle="0.00" type="DEFAULT_VEHTYPE" speed="12.99" pos="99.80" lane="2/4to2/3_0" slope="0.00"/>
        <vehicle id="6" x="201.65" y="365.74" angle="180.00" type="DEFAULT_VEHTYPE" speed="12.79" pos="160.99" lane="1/1to1/2_0" slope="0.00"/>
        <vehicle id="7" x="398.35" y="47.70" angle="0.00" type="DEFAULT_VEHTYPE" speed="12.70" pos="147.55" lane="2/1to2/0_0" slope="0.00"/>
        <vehicle id="8" x="201.65" y="69.06" angle="180.00" type="DEFAULT_VEHTYPE" speed="13.29" pos="69.06" lane="1/0to1/1_0" slope="0.00"/>
    </timestep>
    <timestep time="608.00">
        <vehicle id="0" x="398.35" y="746.25" angle="0.00" type="DEFAULT_VEHTYPE" speed="12.74" pos="53.75" lane="2/4to2/3_0" slope="0.00"/>
        <vehicle id="10" x="767.41" y="601.65" angle="-90.00" type="DEFAULT_VEHTYPE" speed="13.39" pos="32.59" lane="4/3to3/3_0" slope="0.00"/>
        <vehicle id="11" x="398.35" y="314.46" angle="0.00" type="DEFAULT_VEHTYPE" speed="12.83" pos="80.79" lane="2/2to2/1_0" slope="0.00"/>
        <vehicle id="12" x="398.35" y="521.04" angle="0.00" type="DEFAULT_VEHTYPE" speed="12.70" pos="74.21" lane="2/3to2/2_0" slope="0.00"/>
        <vehicle id="15" x="598.35" y="506.75" angle="0.00" type="DEFAULT_VEHTYPE" speed="13.06" pos="88.50" lane="3/3to3/2_0" slope="0.00"/>
        <vehicle id="19" x="201.65" y="531.80" angle="180.00" type="DEFAULT_VEHTYPE" speed="13.42" pos="127.05" lane="1/2to1/3_0" slope="0.00"/>
        <vehicle id="2" x="460.71" y="401.65" angle="-90.00" type="DEFAULT_VEHTYPE" speed="13.56" pos="134.54" lane="3/2to2/2_0" slope="0.00"/>
        <vehicle id="20" x="401.65" y="120.54" angle="180.00" type="DEFAULT_VEHTYPE" speed="13.21" pos="120.54" lane="2/0to2/1_0" slope="0.00"/>
        <vehicle id="23" x="208.41" y="401.65" angle="-90.00" type="DEFAULT_VEHTYPE" speed="1.91" pos="186.84" lane="2/2to1/2_0" slope="0.00"/>
        <vehicle id="24" x="119.33" y="401.65" angle="-90.00" type="DEFAULT_VEHTYPE" speed="13.37" pos="75.92" lane="1/2to0/2_0" slope="0.00"/>
        <vehicle id="4" x="293.35" y="598.35" angle="90.00" type="DEFAULT_VEHTYPE" speed="12.73" pos="88.60" lane="1/3to2/3_0" slope="0.00"/>
        <vehicle id="5" x="398.35" y="687.55" angle="0.00" type="DEFAULT_VEHTYPE" speed="12.65" pos="112.45" lane="2/4to2/3_0" slope="0.00"/>
        <vehicle id="6" x="201.65" y="379.34" angle="180.00" type="DEFAULT_VEHTYPE" speed="13.60" pos="174.59" lane="1/1to1/2_0" slope="0.00"/>
        <vehicle id="7" x="398.35" y="34.61" angle="0.00" type="DEFAULT_VEHTYPE" speed="13.09" pos="160.64" lane="2/1to2/0_0" slope="0.00"/>
        <vehicle id="8" x="201.65" y="82.85" angle="180.00" type="DEFAULT_VEHTYPE" speed="13.79" pos="82.85" lane="1/0to1/1_0" slope="0.00"/>
    </timestep>
    <timestep time="609.00">
        <vehicle id="0" x="398.35" y="733.27" angle="0.00" type="DEFAULT_VEHTYPE" speed="12.97" pos="66.73" lane="2/4to2/3_0" slope="0.00"/>
        <vehicle id="10" x="754.19" y="601.65" angle="-90.00" type="DEFAULT_VEHTYPE" speed="13.22" pos="45.81" lane="4/3to3/3_0" slope="0.00"/>
        <vehicle id="11" x="398.35" y="301.57" angle="0.00" type="DEFAULT_VEHTYPE" speed="12.89" pos="93.68" lane="2/2to2/1_0" slope="0.00"/>
        <vehicle id="12" x="398.35" y="507.26" angle="0.00" type="DEFAULT_VEHTYPE" speed="13.78" pos="87.99" lane="2/3to2/2_0" slope="0.00"/>
        <vehicle id="15" x="598.35" y="493.60" angle="0.00" type="DEFAULT_VEHTYPE" speed="13.15" pos="101.65" lane="3/3to3/2_0" slope="0.00"/>
        <vehicle id="19" x="201.65" y="544.81" angle="180.00" type="DEFAULT_VEHTYPE" speed="13.00" pos="140.06" lane="1/2to1/3_0" slope="0.00"/>
        <vehicle id="2" x="447.55" y="401.65" angle="-90.00" type="DEFAULT_VEHTYPE" speed="13.16" pos="147.70" lane="3/2to2/2_0" slope="0.00"/>
        <vehicle id="20" x="401.65" y="133.17" angle="180.00" type="DEFAULT_VEHTYPE" speed="12.63" pos="133.17" lane="2/0to2/1_0" slope="0.00"/>
        <vehicle id="23" x="207.51" y="401.65" angle="-90.00" type="DEFAULT_VEHTYPE" speed="0.90" pos="187.74" lane="2/2to1/2_0" slope="0.00"/>
        <vehicle id="24" x="106.08" y="401.65" angle="-90.00" type="DEFAULT_VEHTYPE" speed="13.25" pos="89.17" lane="1/2to0/2_0" slope="0.00"/>
        <vehicle id="4" x="306.47" y="598.35" angle="90.00" type="DEFAULT_VEHTYPE" speed="13.11" pos="101.72" lane="1/3to2/3_0" slope="0.00"/>
        <vehicle id="5" x="398.35" y="674.19" angle="0.00" type="DEFAULT_VEHTYPE" speed="13.36" pos="125.81" lane="2/4to2/3_0" slope="0.00"/>
        <vehicle id="6" x="201.65" y="392.34" angle="180.00" type="DEFAULT_VEHTYPE" speed="13.00" pos="187.59" lane="1/1to1/2_0" slope="0.00"/>
        <vehicle id="7" x="398.35" y="21.74" angle="0.00" type="DEFAULT_VEHTYPE" speed="12.87" pos="173.51" lane="2/1to2/0_0" slope="0.00"/>
        <vehicle id="8" x="201.65" y="95.46" angle="180.00" type="DEFAULT_VEHTYPE" speed="12.61" pos="95.46" lane="1/0to1/1_0" slope="0.00"/>
    </timestep>
    <timestep time="610.00">
        <vehicle id="0" x="398.35" y="720.60" angle="0.00" type="DEFAULT_VEHTYPE" speed="12.68" pos="79.40" lane="2/4to2/3_0" slope="0.00"/>
        <vehicle id="10" x="740.95" y="601.65" angle="-90.00" type="DEFAULT_VEHTYPE" speed="13.25" pos="59.05" lane="4/3to3/3_0" slope="0.00"/>
        <vehicle id="11" x="398.35" y="288.92" angle="0.00" type="DEFAULT_VEHTYPE" speed="12.65" pos="106.33" lane="2/2to2/1_0" slope="0.00"/>
        <vehicle id="12" x="398.35" y="493.95" angle="0.00" type="DEFAULT_VEHTYPE" speed="13.32" pos="101.30" lane="2/3to2/2_0" slope="0.00"/>
        <vehicle id="15" x="598.35" y="481.00" angle="0.00" type="DEFAULT_VEHTYPE" speed="12.60" pos="114.25" lane="3/3to3/2_0" slope="0.00"/>
        <vehicle id="19" x="201.65" y="558.52" angle="180.00" type="DEFAULT_VEHTYPE" speed="13.71" pos="153.77" lane="1/2to1/3_0" slope="0.00"/>
        <vehicle id="2" x="434.68" y="401.65" angle="-90.00" type="DEFAULT_VEHTYPE" speed="12.86" pos="160.57" lane="3/2to2/2_0" slope="0.00"/>
        <vehicle id="20" x="401.65" y="147.00" angle="180.00" type="DEFAULT_VEHTYPE" speed="13.83" pos="147.00" lane="2/0to2/1_0" slope="0.00"/>
        <vehicle id="23" x="207.30" y="401.65" angle="-90.00" type="DEFAULT_VEHTYPE" speed="0.21" pos="187.95" lane="2/2to1/2_0" slope="0.00"/>
        <vehicle id="24" x="93.24" y="401.65" angle="-90.00" type="DEFAULT_VEHTYPE" speed="12.84" pos="102.01" lane="1/2to0/2_0" slope="0.00"/>
        <vehicle id="4" x="320.37" y="598.35" angle="90.00" type="DEFAULT_VEHTYPE" speed="13.90" pos="115.62" lane="1/3to2/3_0" slope="0.00"/>
        <vehicle id="5" x="398.35" y="661.20" angle="0.00" type="DEFAULT_VEHTYPE" speed="12.98" pos="138.80" lane="2/4to2/3_0" slope="0.00"/>
        <vehicle id="6" x="201.65" y="405.03" angle="180.00" type="DEFAULT_VEHTYPE" speed="12.69" pos="0.28" lane="1/2to1/3_0" slope="0.00"/>
        <vehicle id="7" x="398.35" y="8.61" angle="0.00" type="DEFAULT_VEHTYPE" speed="13.13" pos="186.64" lane="2/1to2/0_0" slope="0.00"/>
        <vehicle id="8" x="201.65" y="109.02" angle="180.00" type="DEFAULT_VEHTYPE" speed="13.56" pos="109.02" lane="1/0to1/1_0" slope="0.00"/>
    </timestep>
    <timestep time="611.00">
        <vehicle id="0" x="398.35" y="706.80" angle="0.00" type="DEFAULT_VEHTYPE" speed="13.80" pos="93.20" lane="2/4to2/3_0" slope="0.00"/>
        <vehicle id="10" x="727.57" y="601.65" angle="-90.00" type="DEFAULT_VEHTYPE" speed="13.38" pos="72.43" lane="4/3to3/3_0" slope="0.00"/>
        <vehicle id="11" x="398.35" y="275.88" angle="0.00" type="DEFAULT_VEHTYPE" speed="13.04" pos="119.37" lane="2/2to2/1_0" slope="0.00"/>
        <vehicle id="12" x="398.35" y="480.84" angle="0.00" type="DEFAULT_VEHTYPE" speed="13.11" pos="114.41" lane="2/3to2/2_0" slope="0.00"/>
        <vehicle id="15" x="598.35" y="467.35" angle="0.00" type="DEFAULT_VEHTYPE" speed="13.64" pos="127.90" lane="3/3to3/2_0" slope="0.00"/>
        <vehicle id="19" x="201.65" y="571.14" angle="180.00" type="DEFAULT_VEHTYPE" speed="12.62" pos="166.39" lane="1/2to1/3_0" slope="0.00"/>
        <vehicle id="2" x="423.84" y="401.65" angle="-90.00" type="DEFAULT_VEHTYPE" speed="10.84" pos="171.41" lane="3/2to2/2_0" slope="0.00"/>
        <vehicle id="20" x="401.65" y="160.10" angle="180.00" type="DEFAULT_VEHTYPE" speed="13.10" pos="160.10" lane="2/0to2/1_0" slope="0.00"/>
        <vehicle id="23" x="204.51" y="401.65" angle="-90.00" type="DEFAULT_VEHTYPE" speed="2.80" pos="0.24" lane=":1/2_5_0" slope="0.00"/>
        <vehicle id="24" x="79.58" y="401.65" angle="-90.00" type="DEFAULT_VEHTYPE" speed="13.66" pos="115.67" lane="1/2to0/2_0" slope="0.00"/>
        <vehicle id="4" x="333.98" y="598.35" angle="90.00" type="DEFAULT_VEHTYPE" speed="13.62" pos="129.23" lane="1/3to2/3_0" slope="0.00"/>
        <vehicle id="5" x="398.35" y="648.18" angle="0.00" type="DEFAULT_VEHTYPE" speed="13.02" pos="151.82" lane="2/4to2/3_0" slope="0.00"/>
        <vehicle id="6" x="201.65" y="417.94" angle="180.00" type="DEFAULT_VEHTYPE" speed="12.91" pos="13.19" lane="1/2to1/3_0" slope="0.00"/>
        <vehicle id="7" x="401.32" y="-0.49" angle="66.90" type="DEFAULT_VEHTYPE" speed="12.83" pos="4.23" lane=":2/0_0_0" slope="0.00"/>
        <vehicle id="8" x="201.65" y="122.36" angle="180.00" type="DEFAULT_VEHTYPE" speed="13.33" pos="122.36" lane="1/0to1/1_0" slope="0.00"/>
    </timestep>
    <timestep time="612.00">
        <vehicle id="0" x="398.35" y="693.79" angle="0.00" type="DEFAULT_VEHTYPE" speed="13.02" pos="106.21" lane="2/4to2/3_0" slope="0.00"/>
        <vehicle id="10" x="714.03" y="601.65" angle="-90.00" type="DEFAULT_VEHTYPE" speed="13.53" pos="85.97" lane="4/3to3/3_0" slope="0.00"/>
        <vehicle id="11" x="398.35" y="262.23" angle="0.00" type="DEFAULT_VEHTYPE" speed="13.65" pos="133.02" lane="2/2to2/1_0" slope="0.00"/>
        <vehicle id="12" x="398.35" y="467.84" angle="0.00" type="DEFAULT_VEHTYPE" speed="13.00" pos="127.41" lane="2/3to2/2_0" slope="0.00"/>
        <vehicle id="15" x="598.35" y="454.41" angle="0.00" type="DEFAULT_VEHTYPE" speed="12.94" pos="140.84" lane="3/3to3/2_0" slope="0.00"/>
        <vehicle id="19" x="201.65" y="584.29" angle="180.00" type="DEFAULT_VEHTYPE" speed="13.14" pos="179.54" lane="1/2to1/3_0" slope="0.00"/>
        <vehicle id="2" x="416.02" y="401.65" angle="-90.00" type="DEFAULT_VEHTYPE" speed="7.82" pos="179.23" lane="3/2to2/2_0" slope="0.00"/>
        <vehicle id="20" x="401.65" y="173.01" angle="180.00" type="DEFAULT_VEHTYPE" speed="12.92" pos="173.01" lane="2/0to2/1_0" slope="0.00"/>
        <vehicle id="23" x="200.09" y="401.65" angle="-90.00" type="DEFAULT_VEHTYPE" speed="4.42" pos="4.66" lane=":1/2_5_0" slope="0.00"/>
        <vehicle id="24" x="66.36" y="401.65" angle="-90.00" type="DEFAULT_VEHTYPE" speed="13.22" pos="128.89" lane="1/2to0/2_0" slope="0.00"/>
        <vehicle id="4" x="347.51" y="598.35" angle="90.00" type="DEFAULT_VEHTYPE" speed="13.53" pos="142.76" lane="1/3to2/3_0" slope="0.00"/>
        <vehicle id="5" x="398.35" y="635.44" angle="0.00" type="DEFAULT_VEHTYPE" speed="12.75" pos="164.56" lane="2/4to2/3_0" slope="0.00"/>
        <vehicle id="6" x="201.65" y="431.12" angle="180.00" type="DEFAULT_VEHTYPE" speed="13.18" pos="26.37" lane="1/2to1/3_0" slope="0.00"/>
        <vehicle id="7" x="401.65" y="13.07" angle="180.00" type="DEFAULT_VEHTYPE" speed="13.66" pos="13.07" lane="2/0to2/1_0" slope="0.00"/>
        <vehicle id="8" x="201.65" y="135.92" angle="180.00" type="DEFAULT_VEHTYPE" speed="13.56" pos="135.92" lane="1/0to1/1_0" slope="0.00"/>
    </timestep>
    <timestep time="613.00">
        <vehicle id="0" x="398.35" y="681.13" angle="0.00" type="DEFAULT_VEHTYPE" speed="12.65" pos="118.87" lane="2/4to2/3_0" slope="0.00"/>
        <vehicle id="10" x="700.27" y="601.65" angle="-90.00" type="DEFAULT_VEHTYPE" speed="13.76" pos="99.73" lane="4/3to3/3_0" slope="0.00"/>
        <vehicle id="11" x="398.35" y="248.50" angle="0.00" type="DEFAULT_VEHTYPE" speed="13.73" pos="146.75" lane="2/2to2/1_0" slope="0.00"/>
        <vehicle id="12" x="398.35" y="454.47" angle="0.00" type="DEFAULT_VEHTYPE" speed="13.37" pos="140.78" lane="2/3to2/2_0" slope="0.00"/>
        <vehicle id="15" x="598.35" y="441.15" angle="0.00" type="DEFAULT_VEHTYPE" speed="13.26" pos="154.10" lane="3/3to3/2_0" slope="0.00"/>
        <vehicle id="19" x="202.31" y="597.38" angle="172.26" type="DEFAULT_VEHTYPE" speed="13.24" pos="2.28" lane=":1/3_8_0" slope="0.00"/>
        <vehicle id="2" x="410.83" y="401.65" angle="-90.00" type="DEFAULT_VEHTYPE" speed="5.18" pos="184.42" lane="3/2to2/2_0" slope="0.00"/>
        <vehicle id="20" x="401.65" y="186.01" angle="180.00" type="DEFAULT_VEHTYPE" speed="13.00" pos="186.01" lane="2/0to2/1_0" slope="0.00"/>
        <vehicle id="23" x="193.79" y="401.65" angle="-90.00" type="DEFAULT_VEHTYPE" speed="6.30" pos="1.46" lane="1/2to0/2_0" slope="0.00"/>
        <vehicle id="24" x="52.66" y="401.65" angle="-90.00" type="DEFAULT_VEHTYPE" speed="13.70" pos="142.59" lane="1/2to0/2_0" slope="0.00"/>
        <vehicle id="4" x="361.11" y="598.35" angle="90.00" type="DEFAULT_VEHTYPE" speed="13.60" pos="156.36" lane="1/3to2/3_0" slope="0.00"/>
        <vehicle id="5" x="398.35" y="622.42" angle="0.00" type="DEFAULT_VEHTYPE" speed="13.01" pos="177.58" lane="2/4to2/3_0" slope="0.00"/>
        <vehicle id="6" x="201.65" y="444.13" angle="180.00" type="DEFAULT_VEHTYPE" speed="13.01" pos="39.38" lane="1/2to1/3_0" slope="0.00"/>
        <vehicle id="7" x="401.65" y="26.25" angle="180.00" type="DEFAULT_VEHTYPE" speed="13.18" pos="26.25" lane="2/0to2/1_0" slope="0.00"/>
        <vehicle id="8" x="201.65" y="149.26" angle="180.00" type="DEFAULT_VEHTYPE" speed="13.35" pos="149.26" lane="1/0to1/1_0" slope="0.00"/>
    </timestep>
    <timestep time="614.00">
        <vehicle id="0" x="398.35" y="668.45" angle="0.00" type="DEFAULT_VEHTYPE" speed="12.68" pos="131.55" lane="2/4to2/3_0" slope="0.00"/>
        <vehicle id="10" x="686.79" y="601.65" angle="-90.00" type="DEFAULT_VEHTYPE" speed="13.48" pos="113.21" lane="4/3to3/3_0" slope="0.00"/>
        <vehicle id="11" x="398.35" y="235.25" angle="0.00" type="DEFAULT_VEHTYPE" speed="13.25" pos="160.00" lane="2/2to2/1_0" slope="0.00"/>
        <vehicle id="12" x="398.35" y="440.92" angle="0.00" type="DEFAULT_VEHTYPE" speed="13.55" pos="154.33" lane="2/3to2/2_0" slope="0.00"/>
        <vehicle id="15" x="598.35" y="428.20" angle="0.00" type="DEFAULT_VEHTYPE" speed="12.95" pos="167.05" lane="3/3to3/2_0" slope="0.00"/>
        <vehicle id="19" x="214.85" y="598.35" angle="90.00" type="DEFAULT_VEHTYPE" speed="12.83" pos="10.10" lane="1/3to2/3_0" slope="0.00"/>
        <vehicle id="2" x="404.34" y="401.65" angle="-90.00" type="DEFAULT_VEHTYPE" speed="6.50" pos="0.41" lane=":2/2_5_0" slope="0.00"/>
        <vehicle id="20" x="404.20" y="198.27" angle="144.55" type="DEFAULT_VEHTYPE" speed="13.69" pos="4.45" lane=":2/1_8_0" slope="0.00"/>
        <vehicle id="23" x="185.84" y="401.65" angle="-90.00" type="DEFAULT_VEHTYPE" speed="7.96" pos="9.41" lane="1/2to0/2_0" slope="0.00"/>
        <vehicle id="24" x="39.50" y="401.65" angle="-90.00" type="DEFAULT_VEHTYPE" speed="13.15" pos="155.75" lane="1/2to0/2_0" slope="0.00"/>
        <vehicle id="4" x="373.70" y="598.35" angle="90.00" type="DEFAULT_VEHTYPE" speed="12.59" pos="168.95" lane="1/3to2/3_0" slope="0.00"/>
        <vehicle id="5" x="398.35" y="609.55" angle="0.00" type="DEFAULT_VEHTYPE" speed="12.87" pos="190.45" lane="2/4to2/3_0" slope="0.00"/>
        <vehicle id="6" x="201.65" y="457.83" angle="180.00" type="DEFAULT_VEHTYPE" speed="13.69" pos="53.08" lane="1/2to1/3_0" slope="0.00"/>
        <vehicle id="7" x="401.65" y="39.64" angle="180.00" type="DEFAULT_VEHTYPE" speed="13.39" pos="39.64" lane="2/0to2/1_0" slope="0.00"/>
        <vehicle id="8" x="201.65" y="162.28" angle="180.00" type="DEFAULT_VEHTYPE" speed="13.01" pos="162.28" lane="1/0to1/1_0" slope="0.00"/>
    </timestep>
    <timestep time="615.00">
        <vehicle id="0" x="398.35" y="655.75" angle="0.00" type="DEFAULT_VEHTYPE" speed="12.70" pos="144.25" lane="2/4to2/3_0" slope="0.00"/>
        <vehicle id="10" x="673.81" y="601.65" angle="-90.00" type="DEFAULT_VEHTYPE" speed="12.98" pos="126.19" lane="4/3to3/3_0" slope="0.00"/>
        <vehicle id="11" x="398.35" y="221.61" angle="0.00" type="DEFAULT_VEHTYPE" speed="13.64" pos="173.64" lane="2/2to2/1_0" slope="0.00"/>
        <vehicle id="12" x="398.35" y="428.14" angle="0.00" type="DEFAULT_VEHTYPE" speed="12.78" pos="167.11" lane="2/3to2/2_0" slope="0.00"/>
        <vehicle id="15" x="598.35" y="414.69" angle="0.00" type="DEFAULT_VEHTYPE" speed="13.52" pos="180.56" lane="3/3to3/2_0" slope="0.00"/>
        <vehicle id="19" x="227.67" y="598.35" angle="90.00" type="DEFAULT_VEHTYPE" speed="12.81" pos="22.92" lane="1/3to2/3_0" slope="0.00"/>
        <vehicle id="2" x="396.21" y="401.65" angle="-90.00" type="DEFAULT_VEHTYPE" speed="8.13" pos="8.54" lane=":2/2_5_0" slope="0.00"/>
        <vehicle id="20" x="417.96" y="198.35" angle="90.00" type="DEFAULT_VEHTYPE" speed="13.77" pos="13.21" lane="2/1to3/1_0" slope="0.00"/>
        <vehicle id="23" x="176.16" y="401.65" angle="-90.00" type="DEFAULT_VEHTYPE" speed="9.68" pos="19.09" lane="1/2to0/2_0" slope="0.00"/>
        <vehicle id="24" x="26.62" y="401.65" angle="-90.00" type="DEFAULT_VEHTYPE" speed="12.88" pos="168.63" lane="1/2to0/2_0" slope="0.00"/>
        <vehicle id="4" x="382.81" y="598.35" angle="90.00" type="DEFAULT_VEHTYPE" speed="9.11" pos="178.06" lane="1/3to2/3_0" slope="0.00"/>
        <vehicle id="5" x="398.35" y="596.17" angle="0.00" type="DEFAULT_VEHTYPE" speed="13.38" pos="8.58" lane=":2/3_1_0" slope="0.00"/>
        <vehicle id="6" x="201.65" y="471.38" angle="180.00" type="DEFAULT_VEHTYPE" speed="13.56" pos="66.63" lane="1/2to1/3_0" slope="0.00"/>
        <vehicle id="7" x="401.65" y="52.68" angle="180.00" type="DEFAULT_VEHTYPE" speed="13.04" pos="52.68" lane="2/0to2/1_0" slope="0.00"/>
        <vehicle id="8" x="201.65" y="175.17" angle="180.00" type="DEFAULT_VEHTYPE" speed="12.90" pos="175.17" lane="1/0to1/1_0" slope="0.00"/>
    </timestep>
    <timestep time="616.00">
        <vehicle id="0" x="398.35" y="642.39" angle="0.00" type="DEFAULT_VEHTYPE" speed="13.37" pos="157.61" lane="2/4to2/3_0" slope="0.00"/>
        <vehicle id="10" x="660.51" y="601.65" angle="-90.00" type="DEFAULT_VEHTYPE" speed="13.30" pos="139.49" lane="4/3to3/3_0" slope="0.00"/>
        <vehicle id="11" x="398.35" y="208.86" angle="0.00" type="DEFAULT_VEHTYPE" speed="12.76" pos="186.39" lane="2/2to2/1_0" slope="0.00"/>
        <vehicle id="12" x="398.35" y="416.37" angle="0.00" type="DEFAULT_VEHTYPE" speed="11.77" pos="178.88" lane="2/3to2/2_0" slope="0.00"/>
        <vehicle id="15" x="596.65" y="401.86" angle="-21.49" type="DEFAULT_VEHTYPE" speed="13.52" pos="3.58" lane=":3/2_0_0" slope="0.00"/>
        <vehicle id="19" x="240.40" y="598.35" angle="90.00" type="DEFAULT_VEHTYPE" speed="12.73" pos="35.65" lane="1/3to2/3_0" slope="0.00"/>
        <vehicle id="2" x="386.48" y="401.65" angle="-90.00" type="DEFAULT_VEHTYPE" speed="9.73" pos="8.77" lane="2/2to1/2_0" slope="0.00"/>
        <vehicle id="20" x="430.84" y="198.35" angle="90.00" type="DEFAULT_VEHTYPE" speed="12.88" pos="26.09" lane="2/1to3/1_0" slope="0.00"/>
        <vehicle id="23" x="164.50" y="401.65" angle="-90.00" type="DEFAULT_VEHTYPE" speed="11.66" pos="30.75" lane="1/2to0/2_0" slope="0.00"/>
        <vehicle id="24" x="13.16" y="401.65" angle="-90.00" type="DEFAULT_VEHTYPE" speed="13.46" pos="182.09" lane="1/2to0/2_0" slope="0.00"/>
        <vehicle id="4" x="388.38" y="598.35" angle="90.00" type="DEFAULT_VEHTYPE" speed="5.57" pos="183.63" lane="1/3to2/3_0" slope="0.00"/>
        <vehicle id="5" x="398.35" y="583.56" angle="0.00" type="DEFAULT_VEHTYPE" speed="12.61" pos="11.69" lane="2/3to2/2_0" slope="0.00"/>
        <vehicle id="6" x="201.65" y="485.11" angle="180.00" type="DEFAULT_VEHTYPE" speed="13.72" pos="80.36" lane="1/2to1/3_0" slope="0.00"/>
        <vehicle id="7" x="401.65" y="66.21" angle="180.00" type="DEFAULT_VEHTYPE" speed="13.52" pos="66.21" lane="2/0to2/1_0" slope="0.00"/>
        <vehicle id="8" x="201.65" y="188.23" angle="180.00" type="DEFAULT_VEHTYPE" speed="13.05" pos="188.23" lane="1/0to1/1_0" slope="0.00"/>
    </timestep>
    <timestep time="617.00">
        <vehicle id="0" x="398.35" y="629.75" angle="0.00" type="DEFAULT_VEHTYPE" speed="12.64" pos="170.25" lane="2/4to2/3_0" slope="0.00"/>
        <vehicle id="10" x="647.07" y="601.65" angle="-90.00" type="DEFAULT_VEHTYPE" speed="13.44" pos="152.93" lane="4/3to3/3_0" slope="0.00"/>
        <vehicle id="11" x="398.35" y="195.20" angle="0.00" type="DEFAULT_VEHTYPE" speed="13.66" pos="0.05" lane="2/1to2/0_0" slope="0.00"/>
        <vehicle id="12" x="398.32" y="404.56" angle="-0.31" type="DEFAULT_VEHTYPE" speed="11.82" pos="0.19" lane=":2/2_0_0" slope="0.00"/>
        <vehicle id="15" x="583.49" y="401.65" angle="-90.00" type="DEFAULT_VEHTYPE" speed="13.18" pos="11.76" lane="3/2to2/2_0" slope="0.00"/>
        <vehicle id="19" x="253.73" y="598.35" angle="90.00" type="DEFAULT_VEHTYPE" speed="13.33" pos="48.98" lane="1/3to2/3_0" slope="0.00"/>
        <vehicle id="2" x="374.61" y="401.65" angle="-90.00" type="DEFAULT_VEHTYPE" speed="11.87" pos="20.64" lane="2/2to1/2_0" slope="0.00"/>
        <vehicle id="20" x="444.00" y="198.35" angle="90.00" type="DEFAULT_VEHTYPE" speed="13.15" pos="39.25" lane="2/1to3/1_0" slope="0.00"/>
        <vehicle id="23" x="151.74" y="401.65" angle="-90.00" type="DEFAULT_VEHTYPE" speed="12.76" pos="43.51" lane="1/2to0/2_0" slope="0.00"/>
        <vehicle id="24" x="0.42" y="401.65" angle="-90.00" type="DEFAULT_VEHTYPE" speed="12.74" pos="194.83" lane="1/2to0/2_0" slope="0.00"/>
        <vehicle id="4" x="395.39" y="598.37" angle="90.24" type="DEFAULT_VEHTYPE" speed="7.01" pos="0.15" lane=":2/3_14_0" slope="0.00"/>
        <vehicle id="5" x="398.35" y="570.25" angle="0.00" type="DEFAULT_VEHTYPE" speed="13.31" pos="25.00" lane="2/3to2/2_0" slope="0.00"/>
        <vehicle id="6" x="201.65" y="498.90" angle="180.00" type="DEFAULT_VEHTYPE" speed="13.79" pos="94.15" lane="1/2to1/3_0" slope="0.00"/>
        <vehicle id="7" x="401.65" y="79.95" angle="180.00" type="DEFAULT_VEHTYPE" speed="13.74" pos="79.95" lane="2/0to2/1_0" slope="0.00"/>
        <vehicle id="8" x="206.03" y="198.35" angle="113.48" type="DEFAULT_VEHTYPE" speed="13.31" pos="1.28" lane="1/1to2/1_0" slope="0.00"/>
    </timestep>
    <timestep time="618.00">
        <vehicle id="0" x="398.35" y="619.94" angle="0.00" type="DEFAULT_VEHTYPE" speed="9.81" pos="180.06" lane="2/4to2/3_0" slope="0.00"/>
        <vehicle id="10" x="633.67" y="601.65" angle="-90.00" type="DEFAULT_VEHTYPE" speed="13.40" pos="166.33" lane="4/3to3/3_0" slope="0.00"/>
        <vehicle id="11" x="398.35" y="182.49" angle="0.00" type="DEFAULT_VEHTYPE" speed="12.71" pos="12.76" lane="2/1to2/0_0" slope="0.00"/>
        <vehicle id="12" x="386.84" y="401.65" angle="-90.00" type="DEFAULT_VEHTYPE" speed="13.21" pos="8.41" lane="2/2to1/2_0" slope="0.00"/>
        <vehicle id="15" x="569.95" y="401.65" angle="-90.00" type="DEFAULT_VEHTYPE" speed="13.54" pos="25.30" lane="3/2to2/2_0" slope="0.00"/>
        <vehicle id="19" x="266.90" y="598.35" angle="90.00" type="DEFAULT_VEHTYPE" speed="13.17" pos="62.15" lane="1/3to2/3_0" slope="0.00"/>
        <vehicle id="2" x="361.44" y="401.65" angle="-90.00" type="DEFAULT_VEHTYPE" speed="13.17" pos="33.81" lane="2/2to1/2_0" slope="0.00"/>
        <vehicle id="20" x="457.30" y="198.35" angle="90.00" type="DEFAULT_VEHTYPE" speed="13.30" pos="52.55" lane="2/1to3/1_0" slope="0.00"/>
        <vehicle id="23" x="138.35" y="401.65" angle="-90.00" type="DEFAULT_VEHTYPE" speed="13.40" pos="56.90" lane="1/2to0/2_0" slope="0.00"/>
        <vehicle id="24" x="8.39" y="398.35" angle="90.00" type="DEFAULT_VEHTYPE" speed="13.63" pos="8.39" lane="0/2to1/2_0" slope="0.00"/>
        <vehicle id="4" x="401.42" y="603.13" angle="146.22" type="DEFAULT_VEHTYPE" speed="8.54" pos="8.68" lane=":2/3_14_0" slope="0.00"/>
        <vehicle id="5" x="398.35" y="556.51" angle="0.00" type="DEFAULT_VEHTYPE" speed="13.74" pos="38.74" lane="2/3to2/2_0" slope="0.00"/>
        <vehicle id="6" x="201.65" y="511.81" angle="180.00" type="DEFAULT_VEHTYPE" speed="12.92" pos="107.06" lane="1/2to1/3_0" slope="0.00"/>
        <vehicle id="7" x="401.65" y="93.35" angle="180.00" type="DEFAULT_VEHTYPE" speed="13.41" pos="93.35" lane="2/0to2/1_0" slope="0.00"/>
        <vehicle id="8" x="219.39" y="198.35" angle="90.00" type="DEFAULT_VEHTYPE" speed="13.36" pos="14.64" lane="1/1to2/1_0" slope="0.00"/>
    </timestep>
    <timestep time="619.00">
        <vehicle id="0" x="398.35" y="609.42" angle="0.00" type="DEFAULT_VEHTYPE" speed="10.52" pos="190.58" lane="2/4to2/3_0" slope="0.00"/>
        <vehicle id="10" x="622.99" y="601.65" angle="-90.00" type="DEFAULT_VEHTYPE" speed="10.68" pos="177.01" lane="4/3to3/3_0" slope="0.00"/>
        <vehicle id="11" x="398.35" y="169.52" angle="0.00" type="DEFAULT_VEHTYPE" speed="12.97" pos="25.73" lane="2/1to2/0_0" slope="0.00"/>
        <vehicle id="12" x="373.42" y="401.65" angle="-90.00" type="DEFAULT_VEHTYPE" speed="13.42" pos="21.83" lane="2/2to1/2_0" slope="0.00"/>
        <vehicle id="15" x="557.32" y="401.65" angle="-90.00" type="DEFAULT_VEHTYPE" speed="12.62" pos="37.93" lane="3/2to2/2_0" slope="0.00"/>
        <vehicle id="19" x="280.30" y="598.35" angle="90.00" type="DEFAULT_VEHTYPE" speed="13.40" pos="75.55" lane="1/3to2/3_0" slope="0.00"/>
        <vehicle id="2" x="347.58" y="401.65" angle="-90.00" type="DEFAULT_VEHTYPE" speed="13.86" pos="47.67" lane="2/2to1/2_0" slope="0.00"/>
        <vehicle id="20" x="470.17" y="198.35" angle="90.00" type="DEFAULT_VEHTYPE" speed="12.87" pos="65.42" lane="2/1to3/1_0" slope="0.00"/>
        <vehicle id="23" x="125.15" y="401.65" angle="-90.00" type="DEFAULT_VEHTYPE" speed="13.20" pos="70.10" lane="1/2to0/2_0" slope="0.00"/>
        <vehicle id="24" x="22.07" y="398.35" angle="90.00" type="DEFAULT_VEHTYPE" speed="13.68" pos="22.07" lane="0/2to1/2_0" slope="0.00"/>
        <vehicle id="4" x="401.65" y="613.61" angle="180.00" type="DEFAULT_VEHTYPE" speed="10.49" pos="8.86" lane="2/3to2/4_0" slope="0.00"/>
        <vehicle id="5" x="398.35" y="542.98" angle="0.00" type="DEFAULT_VEHTYPE" speed="13.52" pos="52.27" lane="2/3to2/2_0" slope="0.00"/>
        <vehicle id="6" x="201.65" y="524.89" angle="180.00" type="DEFAULT_VEHTYPE" speed="13.07" pos="120.14" lane="1/2to1/3_0" slope="0.00"/>
        <vehicle id="7" x="401.65" y="106.08" angle="180.00" type="DEFAULT_VEHTYPE" speed="12.72" pos="106.08" lane="2/0to2/1_0" slope="0.00"/>
        <vehicle id="8" x="233.21" y="198.35" angle="90.00" type="DEFAULT_VEHTYPE" speed="13.82" pos="28.46" lane="1/1to2/1_0" slope="0.00"/>
    </timestep>
    <timestep time="620.00">
        <vehicle id="0" x="398.35" y="596.35" angle="0.00" type="DEFAULT_VEHTYPE" speed="13.07" pos="8.40" lane=":2/3_1_0" slope="0.00"/>
        <vehicle id="10" x="614.98" y="601.65" angle="-90.00" type="DEFAULT_VEHTYPE" speed="8.01" pos="185.02" lane="4/3to3/3_0" slope="0.00"/>
        <vehicle id="11" x="398.35" y="156.77" angle="0.00" type="DEFAULT_VEHTYPE" speed="12.75" pos="38.48" lane="2/1to2/0_0" slope="0.00"/>
        <vehicle id="12" x="360.69" y="401.65" angle="-90.00" type="DEFAULT_VEHTYPE" speed="12.73" pos="34.56" lane="2/2to1/2_0" slope="0.00"/>
        <vehicle id="15" x="543.56" y="401.65" angle="-90.00" type="DEFAULT_VEHTYPE" speed="13.76" pos="51.69" lane="3/2to2/2_0" slope="0.00"/>
        <vehicle id="19" x="293.74" y="598.35" angle="90.00" type="DEFAULT_VEHTYPE" speed="13.44" pos="88.99" lane="1/3to2/3_0" slope="0.00"/>
        <vehicle id="2" x="333.86" y="401.65" angle="-90.00" type="DEFAULT_VEHTYPE" speed="13.73" pos="61.39" lane="2/2to1/2_0" slope="0.00"/>
        <vehicle id="20" x="483.57" y="198.35" angle="90.00" type="DEFAULT_VEHTYPE" speed="13.39" pos="78.82" lane="2/1to3/1_0" slope="0.00"/>
        <vehicle id="23" x="112.03" y="401.65" angle="-90.00" type="DEFAULT_VEHTYPE" speed="13.12" pos="83.22" lane="1/2to0/2_0" slope="0.00"/>
        <vehicle id="24" x="35.83" y="398.35" angle="90.00" type="DEFAULT_VEHTYPE" speed="13.76" pos="35.83" lane="0/2to1/2_0" slope="0.00"/>
        <vehicle id="4" x="401.65" y="626.01" angle="180.00" type="DEFAULT_VEHTYPE" speed="12.41" pos="21.26" lane="2/3to2/4_0" slope="0.00"/>
        <vehicle id="5" x="398.35" y="530.15" angle="0.00" type="DEFAULT_VEHTYPE" speed="12.84" pos="65.10" lane="2/3to2/2_0" slope="0.00"/>
        <vehicle id="6" x="201.65" y="538.41" angle="180.00" type="DEFAULT_VEHTYPE" speed="13.52" pos="133.66" lane="1/2to1/3_0" slope="0.00"/>
        <vehicle id="7" x="401.65" y="118.70" angle="180.00" type="DEFAULT_VEHTYPE" speed="12.62" pos="118.70" lane="2/0to2/1_0" slope="0.00"/>
        <vehicle id="8" x="246.37" y="198.35" angle="90.00" type="DEFAULT_VEHTYPE" speed="13.16" pos="41.62" lane="1/1to2/1_0" slope="0.00"/>
    </timestep>
    <timestep time="621.00">
        <vehicle id="0" x="398.35" y="582.94" angle="0.00" type="DEFAULT_VEHTYPE" speed="13.40" pos="12.31" lane="2/3to2/2_0" slope="0.00"/>
        <vehicle id="10" x="610.52" y="601.65" angle="-90.00" type="DEFAULT_VEHTYPE" speed="4.46" pos="189.48" lane="4/3to3/3_0" slope="0.00"/>
        <vehicle id="11" x="398.35" y="143.20" angle="0.00" type="DEFAULT_VEHTYPE" speed="13.57" pos="52.05" lane="2/1to2/0_0" slope="0.00"/>
        <vehicle id="12" x="347.85" y="401.65" angle="-90.00" type="DEFAULT_VEHTYPE" speed="12.84" pos="47.40" lane="2/2to1/2_0" slope="0.00"/>
        <vehicle id="15" x="530.58" y="401.65" angle="-90.00" type="DEFAULT_VEHTYPE" speed="12.98" pos="64.67" lane="3/2to2/2_0" slope="0.00"/>
        <vehicle id="19" x="307.11" y="598.35" angle="90.00" type="DEFAULT_VEHTYPE" speed="13.36" pos="102.36" lane="1/3to2/3_0" slope="0.00"/>
        <vehicle id="2" x="320.09" y="401.65" angle="-90.00" type="DEFAULT_VEHTYPE" speed="13.77" pos="75.16" lane="2/2to1/2_0" slope="0.00"/>
        <vehicle id="20" x="496.34" y="198.35" angle="90.00" type="DEFAULT_VEHTYPE" speed="12.77" pos="91.59" lane="2/1to3/1_0" slope="0.00"/>
        <vehicle id="23" x="98.15" y="401.65" angle="-90.00" type="DEFAULT_VEHTYPE" speed="13.87" pos="97.10" lane="1/2to0/2_0" slope="0.00"/>
        <vehicle id="24" x="49.28" y="398.35" angle="90.00" type="DEFAULT_VEHTYPE" speed="13.45" pos="49.28" lane="0/2to1/2_0" slope="0.00"/>
        <vehicle id="4" x="401.65" y="639.63" angle="180.00" type="DEFAULT_VEHTYPE" speed="13.62" pos="34.88" lane="2/3to2/4_0" slope="0.00"/>
        <vehicle id="5" x="398.35" y="516.31" angle="0.00" type="DEFAULT_VEHTYPE" speed="13.83" pos="78.94" lane="2/3to2/2_0" slope="0.00"/>
        <vehicle id="6" x="201.65" y="551.85" angle="180.00" type="DEFAULT_VEHTYPE" speed="13.45" pos="147.10" lane="1/2to1/3_0" slope="0.00"/>
        <vehicle id="7" x="401.65" y="131.95" angle="180.00" type="DEFAULT_VEHTYPE" speed="13.25" pos="131.95" lane="2/0to2/1_0" slope="0.00"/>
        <vehicle id="8" x="259.69" y="198.35" angle="90.00" type="DEFAULT_VEHTYPE" speed="13.33" pos="54.94" lane="1/1to2/1_0" slope="0.00"/>
    </timestep>
    <timestep time="622.00">
        <vehicle id="0" x="398.35" y="569.54" angle="0.00" type="DEFAULT_VEHTYPE" speed="13.40" pos="25.71" lane="2/3to2/2_0" slope="0.00"/>
        <vehicle id="10" x="604.21" y="601.57" angle="-89.11" type="DEFAULT_VEHTYPE" speed="6.32" pos="0.55" lane=":3/3_6_0" slope="0.00"/>
        <vehicle id="11" x="398.35" y="129.35" angle="0.00" type="DEFAULT_VEHTYPE" speed="13.85" pos="65.90" lane="2/1to2/0_0" slope="0.00"/>
        <vehicle id="12" x="334.06" y="401.65" angle="-90.00" type="DEFAULT_VEHTYPE" speed="13.80" pos="61.19" lane="2/2to1/2_0" slope="0.00"/>
        <vehicle id="15" x="517.58" y="401.65" angle="-90.00" type="DEFAULT_VEHTYPE" speed="13.01" pos="77.67" lane="3/2to2/2_0" slope="0.00"/>
        <vehicle id="19" x="319.95" y="598.35" angle="90.00" type="DEFAULT_VEHTYPE" speed="12.84" pos="115.20" lane="1/3to2/3_0" slope="0.00"/>
        <vehicle id="2" x="307.14" y="401.65" angle="-90.00" type="DEFAULT_VEHTYPE" speed="12.95" pos="88.11" lane="2/2to1/2_0" slope="0.00"/>
        <vehicle id="20" x="509.42" y="198.35" angle="90.00" type="DEFAULT_VEHTYPE" speed="13.08" pos="104.67" lane="2/1to3/1_0" slope="0.00"/>
        <vehicle id="23" x="85.26" y="401.65" angle="-90.00" type="DEFAULT_VEHTYPE" speed="12.90" pos="109.99" lane="1/2to0/2_0" slope="0.00"/>
        <vehicle id="24" x="63.07" y="398.35" angle="90.00" type="DEFAULT_VEHTYPE" speed="13.79" pos="63.07" lane="0/2to1/2_0" slope="0.00"/>
        <vehicle id="4" x="401.65" y="652.38" angle="180.00" type="DEFAULT_VEHTYPE" speed="12.74" pos="47.63" lane="2/3to2/4_0" slope="0.00"/>
        <vehicle id="5" x="398.35" y="503.66" angle="0.00" type="DEFAULT_VEHTYPE" speed="12.65" pos="91.59" lane="2/3to2/2_0" slope="0.00"/>
        <vehicle id="6" x="201.65" y="564.69" angle="180.00" type="DEFAULT_VEHTYPE" speed="12.83" pos="159.94" lane="1/2to1/3_0" slope="0.00"/>
        <vehicle id="7" x="401.65" y="144.63" angle="180.00" type="DEFAULT_VEHTYPE" speed="12.68" pos="144.63" lane="2/0to2/1_0" slope="0.00"/>
        <vehicle id="8" x="272.71" y="198.35" angle="90.00" type="DEFAULT_VEHTYPE" speed="13.02" pos="67.96" lane="1/1to2/1_0" slope="0.00"/>
    </timestep>
    <timestep time="623.00">
        <vehicle id="0" x="398.35" y="555.96" angle="0.00" type="DEFAULT_VEHTYPE" speed="13.58" pos="39.29" lane="2/3to2/2_0" slope="0.00"/>
        <vehicle id="10" x="598.48" y="596.19" angle="-26.71" type="DEFAULT_VEHTYPE" speed="8.82" pos="9.37" lane=":3/3_6_0" slope="0.00"/>
        <vehicle id="11" x="398.35" y="116.31" angle="0.00" type="DEFAULT_VEHTYPE" speed="13.04" pos="78.94" lane="2/1to2/0_0" slope="0.00"/>
        <vehicle id="12" x="320.95" y="401.65" angle="-90.00" type="DEFAULT_VEHTYPE" speed="13.11" pos="74.30" lane="2/2to1/2_0" slope="0.00"/>
        <vehicle id="15" x="503.85" y="401.65" angle="-90.00" type="DEFAULT_VEHTYPE" speed="13.73" pos="91.40" lane="3/2to2/2_0" slope="0.00"/>
        <vehicle id="19" x="332.86" y="598.35" angle="90.00" type="DEFAULT_VEHTYPE" speed="12.91" pos="128.11" lane="1/3to2/3_0" slope="0.00"/>
        <vehicle id="2" x="294.22" y="401.65" angle="-90.00" type="DEFAULT_VEHTYPE" speed="12.92" pos="101.03" lane="2/2to1/2_0" slope="0.00"/>
        <vehicle id="20" x="522.67" y="198.35" angle="90.00" type="DEFAULT_VEHTYPE" speed="13.25" pos="117.92" lane="2/1to3/1_0" slope="0.00"/>
        <vehicle id="23" x="72.38" y="401.65" angle="-90.00" type="DEFAULT_VEHTYPE" speed="12.87" pos="122.87" lane="1/2to0/2_0" slope="0.00"/>
        <vehicle id="24" x="76.29" y="398.35" angle="90.00" type="DEFAULT_VEHTYPE" speed="13.21" pos="76.29" lane="0/2to1/2_0" slope="0.00"/>
        <vehicle id="4" x="401.65" y="665.08" angle="180.00" type="DEFAULT_VEHTYPE" speed="12.70" pos="60.33" lane="2/3to2/4_0" slope="0.00"/>
        <vehicle id="5" x="398.35" y="490.12" angle="0.00" type="DEFAULT_VEHTYPE" speed="13.54" pos="105.13" lane="2/3to2/2_0" slope="0.00"/>
        <vehicle id="6" x="201.65" y="578.35" angle="180.00" type="DEFAULT_VEHTYPE" speed="13.66" pos="173.60" lane="1/2to1/3_0" slope="0.00"/>
        <vehicle id="7" x="401.65" y="157.60" angle="180.00" type="DEFAULT_VEHTYPE" speed="12.97" pos="157.60" lane="2/0to2/1_0" slope="0.00"/>
        <vehicle id="8" x="285.58" y="198.35" angle="90.00" type="DEFAULT_VEHTYPE" speed="12.86" pos="80.83" lane="1/1to2/1_0" slope="0.00"/>
    </timestep>
    <timestep time="624.00">
        <vehicle id="0" x="398.35" y="543.02" angle="0.00" type="DEFAULT_VEHTYPE" speed="12.94" pos="52.23" lane="2/3to2/2_0" slope="0.00"/>
        <vehicle id="10" x="598.35" y="584.89" angle="0.00" type="DEFAULT_VEHTYPE" speed="11.31" pos="10.36" lane="3/3to3/2_0" slope="0.00"/>
        <vehicle id="11" x="398.35" y="102.89" angle="0.00" type="DEFAULT_VEHTYPE" speed="13.41" pos="92.36" lane="2/1to2/0_0" slope="0.00"/>
        <vehicle id="12" x="307.18" y="401.65" angle="-90.00" type="DEFAULT_VEHTYPE" speed="13.77" pos="88.07" lane="2/2to1/2_0" slope="0.00"/>
        <vehicle id="15" x="490.24" y="401.65" angle="-90.00" type="DEFAULT_VEHTYPE" speed="13.61" pos="105.01" lane="3/2to2/2_0" slope="0.00"/>
        <vehicle id="19" x="345.54" y="598.35" angle="90.00" type="DEFAULT_VEHTYPE" speed="12.68" pos="140.79" lane="1/3to2/3_0" slope="0.00"/>
        <vehicle id="2" x="280.80" y="401.65" angle="-90.00" type="DEFAULT_VEHTYPE" speed="13.43" pos="114.45" lane="2/2to1/2_0" slope="0.00"/>
        <vehicle id="20" x="535.97" y="198.35" angle="90.00" type="DEFAULT_VEHTYPE" speed="13.30" pos="131.22" lane="2/1to3/1_0" slope="0.00"/>
        <vehicle id="23" x="59.47" y="401.65" angle="-90.00" type="DEFAULT_VEHTYPE" speed="12.91" pos="135.78" lane="1/2to0/2_0" slope="0.00"/>
        <vehicle id="24" x="89.54" y="398.35" angle="90.00" type="DEFAULT_VEHTYPE" speed="13.25" pos="89.54" lane="0/2to1/2_0" slope="0.00"/>
        <vehicle id="4" x="401.65" y="678.92" angle="180.00" type="DEFAULT_VEHTYPE" speed="13.85" pos="74.17" lane="2/3to2/4_0" slope="0.00"/>
        <vehicle id="5" x="398.35" y="476.89" angle="0.00" type="DEFAULT_VEHTYPE" speed="13.23" pos="118.36" lane="2/3to2/2_0" slope="0.00"/>
        <vehicle id="6" x="201.65" y="591.59" angle="180.00" type="DEFAULT_VEHTYPE" speed="13.24" pos="186.84" lane="1/2to1/3_0" slope="0.00"/>
        <vehicle id="7" x="401.65" y="171.19" angle="180.00" type="DEFAULT_VEHTYPE" speed="13.60" pos="171.19" lane="2/0to2/1_0" slope="0.00"/>
        <vehicle id="8" x="299.15" y="198.35" angle="90.00" type="DEFAULT_VEHTYPE" speed="13.57" pos="94.40" lane="1/1to2/1_0" slope="0.00"/>
    </timestep>
    <timestep time="625.00">
        <vehicle id="0" x="398.35" y="529.86" angle="0.00" type="DEFAULT_VEHTYPE" speed="13.16" pos="65.39" lane="2/3to2/2_0" slope="0.00"/>
        <vehicle id="10" x="598.35" y="571.53" angle="0.00" type="DEFAULT_VEHTYPE" speed="13.37" pos="23.72" lane="3/3to3/2_0" slope="0.00"/>
        <vehicle id="11" x="398.35" y="89.23" angle="0.00" type="DEFAULT_VEHTYPE" speed="13.67" pos="106.02" lane="2/1to2/0_0" slope="0.00"/>
        <vehicle id="12" x="293.52" y="401.65" angle="-90.00" type="DEFAULT_VEHTYPE" speed="13.66" pos="101.73" lane="2/2to1/2_0" slope="0.00"/>
        <vehicle id="15" x="476.95" y="401.65" angle="-90.00" type="DEFAULT_VEHTYPE" speed="13.29" pos="118.30" lane="3/2to2/2_0" slope="0.00"/>
        <vehicle id="19" x="358.85" y="598.35" angle="90.00" type="DEFAULT_VEHTYPE" speed="13.31" pos="154.10" lane="1/3to2/3_0" slope="0.00"/>
        <vehicle id="2" x="266.95" y="401.65" angle="-90.00" type="DEFAULT_VEHTYPE" speed="13.85" pos="128.30" lane="2/2to1/2_0" slope="0.00"/>
        <vehicle id="20" x="549.59" y="198.35" angle="90.00" type="DEFAULT_VEHTYPE" speed="13.61" pos="144.84" lane="2/1to3/1_0" slope="0.00"/>
        <vehicle id="23" x="46.75" y="401.65" angle="-90.00" type="DEFAULT_VEHTYPE" speed="12.72" pos="148.50" lane="1/2to0/2_0" slope="0.00"/>
        <vehicle id="24" x="102.32" y="398.35" angle="90.00" type="DEFAULT_VEHTYPE" speed="12.78" pos="102.32" lane="0/2to1/2_0" slope="0.00"/>
        <vehicle id="4" x="401.65" y="691.59" angle="180.00" type="DEFAULT_VEHTYPE" speed="12.67" pos="86.84" lane="2/3to2/4_0" slope="0.00"/>
        <vehicle id="5" x="398.35" y="463.13" angle="0.00" type="DEFAULT_VEHTYPE" speed="13.76" pos="132.12" lane="2/3to2/2_0" slope="0.00"/>
        <vehicle id="6" x="208.71" y="598.35" angle="91.66" type="DEFAULT_VEHTYPE" speed="12.61" pos="3.96" lane="1/3to2/3_0" slope="0.00"/>
        <vehicle id="7" x="401.65" y="185.09" angle="180.00" type="DEFAULT_VEHTYPE" speed="13.90" pos="185.09" lane="2/0to2/1_0" slope="0.00"/>
        <vehicle id="8" x="312.92" y="198.35" angle="90.00" type="DEFAULT_VEHTYPE" speed="13.78" pos="108.17" lane="1/1to2/1_0" slope="0.00"/>
    </timestep>
    <timestep time="626.00">
        <vehicle id="0" x="398.35" y="516.36" angle="0.00" type="DEFAULT_VEHTYPE" speed="13.50" pos="78.89" lane="2/3to2/2_0" slope="0.00"/>
        <vehicle id="10" x="598.35" y="557.79" angle="0.00" type="DEFAULT_VEHTYPE" speed="13.74" pos="37.46" lane="3/3to3/2_0" slope="0.00"/>
        <vehicle id="11" x="398.35" y="75.75" angle="0.00" type="DEFAULT_VEHTYPE" speed="13.48" pos="119.50" lane="2/1to2/0_0" slope="0.00"/>
        <vehicle id="12" x="279.97" y="401.65" angle="-90.00" type="DEFAULT_VEHTYPE" speed="13.55" pos="115.28" lane="2/2to1/2_0" slope="0.00"/>
        <vehicle id="15" x="463.89" y="401.65" angle="-90.00" type="DEFAULT_VEHTYPE" speed="13.06" pos="131.36" lane="3/2to2/2_0" slope="0.00"/>
        <vehicle id="19" x="371.87" y="598.35" angle="90.00" type="DEFAULT_VEHTYPE" speed="13.02" pos="167.12" lane="1/3to2/3_0" slope="0.00"/>
        <vehicle id="2" x="253.07" y="401.65" angle="-90.00" type="DEFAULT_VEHTYPE" speed="13.88" pos="142.18" lane="2/2to1/2_0" slope="0.00"/>
        <vehicle id="20" x="562.64" y="198.35" angle="90.00" type="DEFAULT_VEHTYPE" speed="13.05" pos="157.89" lane="2/1to3/1_0" slope="0.00"/>
        <vehicle id="23" x="33.77" y="401.65" angle="-90.00" type="DEFAULT_VEHTYPE" speed="12.98" pos="161.48" lane="1/2to0/2_0" slope="0.00"/>
        <vehicle id="24" x="116.05" y="398.35" angle="90.00" type="DEFAULT_VEHTYPE" speed="13.73" pos="116.05" lane="0/2to1/2_0" slope="0.00"/>
        <vehicle id="4" x="401.65" y="705.40" angle="180.00" type="DEFAULT_VEHTYPE" speed="13.81" pos="100.65" lane="2/3to2/4_0" slope="0.00"/>
        <vehicle id="5" x="398.35" y="449.48" angle="0.00" type="DEFAULT_VEHTYPE" speed="13.65" pos="145.77" lane="2/3to2/2_0" slope="0.00"/>
        <vehicle id="6" x="222.58" y="598.35" angle="90.00" type="DEFAULT_VEHTYPE" speed="13.87" pos="17.83" lane="1/3to2/3_0" slope="0.00"/>
        <vehicle id="7" x="402.44" y="197.59" angle="170.72" type="DEFAULT_VEHTYPE" speed="12.68" pos="2.52" lane=":2/1_8_0" slope="0.00"/>
        <vehicle id="8" x="325.59" y="198.35" angle="90.00" type="DEFAULT_VEHTYPE" speed="12.67" pos="120.84" lane="1/1to2/1_0" slope="0.00"/>
    </timestep>
    <timestep time="627.00">
        <vehicle id="0" x="398.35" y="502.59" angle="0.00" type="DEFAULT_VEHTYPE" speed="13.77" pos="92.66" lane="2/3to2/2_0" slope="0.00"/>
        <vehicle id="10" x="598.35" y="544.20" angle="0.00" type="DEFAULT_VEHTYPE" speed="13.60" pos="51.05" lane="3/3to3/2_0" slope="0.00"/>
        <vehicle id="11" x="398.35" y="62.54" angle="0.00" type="DEFAULT_VEHTYPE" speed="13.21" pos="132.71" lane="2/1to2/0_0" slope="0.00"/>
        <vehicle id="12" x="267.13" y="401.65" angle="-90.00" type="DEFAULT_VEHTYPE" speed="12.83" pos="128.12" lane="2/2to1/2_0" slope="0.00"/>
        <vehicle id="15" x="450.80" y="401.65" angle="-90.00" type="DEFAULT_VEHTYPE" speed="13.09" pos="144.45" lane="3/2to2/2_0" slope="0.00"/>
        <vehicle id="19" x="380.77" y="598.35" angle="90.00" type="DEFAULT_VEHTYPE" speed="8.90" pos="176.02" lane="1/3to2/3_0" slope="0.00"/>
        <vehicle id="2" x="239.77" y="401.65" angle="-90.00" type="DEFAULT_VEHTYPE" speed="13.30" pos="155.48" lane="2/2to1/2_0" slope="0.00"/>
        <vehicle id="20" x="574.70" y="198.35" angle="90.00" type="DEFAULT_VEHTYPE" speed="12.06" pos="169.95" lane="2/1to3/1_0" slope="0.00"/>
        <vehicle id="23" x="20.73" y="401.65" angle="-90.00" type="DEFAULT_VEHTYPE" speed="13.04" pos="174.52" lane="1/2to0/2_0" slope="0.00"/>
        <vehicle id="24" x="129.45" y="398.35" angle="90.00" type="DEFAULT_VEHTYPE" speed="13.40" pos="129.45" lane="0/2to1/2_0" slope="0.00"/>
        <vehicle id="4" x="401.65" y="718.26" angle="180.00" type="DEFAULT_VEHTYPE" speed="12.86" pos="113.51" lane="2/3to2/4_0" slope="0.00"/>
        <vehicle id="5" x="398.35" y="436.54" angle="0.00" type="DEFAULT_VEHTYPE" speed="12.94" pos="158.71" lane="2/3to2/2_0" slope="0.00"/>
        <vehicle id="6" x="236.02" y="598.35" angle="90.00" type="DEFAULT_VEHTYPE" speed="13.44" pos="31.27" lane="1/3to2/3_0" slope="0.00"/>
        <vehicle id="7" x="415.85" y="198.35" angle="90.00" type="DEFAULT_VEHTYPE" speed="13.57" pos="11.10" lane="2/1to3/1_0" slope="0.00"/>
        <vehicle id="8" x="339.04" y="198.35" angle="90.00" type="DEFAULT_VEHTYPE" speed="13.45" pos="134.29" lane="1/1to2/1_0" slope="0.00"/>
    </timestep>
    <timestep time="628.00">
        <vehicle id="0" x="398.35" y="489.77" angle="0.00" type="DEFAULT_VEHTYPE" speed="12.81" pos="105.48" lane="2/3to2/2_0" slope="0.00"/>
        <vehicle id="10" x="598.35" y="531.08" angle="0.00" type="DEFAULT_VEHTYPE" speed="13.12" pos="64.17" lane="3/3to3/2_0" slope="0.00"/>
        <vehicle id="11" x="398.35" y="49.13" angle="0.00" type="DEFAULT_VEHTYPE" speed="13.41" pos="146.12" lane="2/1to2/0_0" slope="0.00"/>
        <vehicle id="12" x="253.61" y="401.65" angle="-90.00" type="DEFAULT_VEHTYPE" speed="13.52" pos="141.64" lane="2/2to1/2_0" slope="0.00"/>
        <vehicle id="15" x="437.31" y="401.65" angle="-90.00" type="DEFAULT_VEHTYPE" speed="13.49" pos="157.94" lane="3/2to2/2_0" slope="0.00"/>
        <vehicle id="19" x="386.30" y="598.35" angle="90.00" type="DEFAULT_VEHTYPE" speed="5.54" pos="181.55" lane="1/3to2/3_0" slope="0.00"/>
        <vehicle id="2" x="227.16" y="401.65" angle="-90.00" type="DEFAULT_VEHTYPE" speed="12.61" pos="168.09" lane="2/2to1/2_0" slope="0.00"/>
        <vehicle id="20" x="583.53" y="198.35" angle="90.00" type="DEFAULT_VEHTYPE" speed="8.83" pos="178.78" lane="2/1to3/1_0" slope="0.00"/>
        <vehicle id="23" x="7.25" y="401.65" angle="-90.00" type="DEFAULT_VEHTYPE" speed="13.48" pos="188.00" lane="1/2to0/2_0" slope="0.00"/>
        <vehicle id="24" x="142.51" y="398.35" angle="90.00" type="DEFAULT_VEHTYPE" speed="13.06" pos="142.51" lane="0/2to1/2_0" slope="0.00"/>
        <vehicle id="4" x="401.65" y="730.96" angle="180.00" type="DEFAULT_VEHTYPE" speed="12.70" pos="126.21" lane="2/3to2/4_0" slope="0.00"/>
        <vehicle id="5" x="398.35" y="423.13" angle="0.00" type="DEFAULT_VEHTYPE" speed="13.40" pos="172.12" lane="2/3to2/2_0" slope="0.00"/>
        <vehicle id="6" x="249.67" y="598.35" angle="90.00" type="DEFAULT_VEHTYPE" speed="13.65" pos="44.92" lane="1/3to2/3_0" slope="0.00"/>
        <vehicle id="7" x="429.72" y="198.35" angle="90.00" type="DEFAULT_VEHTYPE" speed="13.87" pos="24.97" lane="2/1to3/1_0" slope="0.00"/>
        <vehicle id="8" x="352.72" y="198.35" angle="90.00" type="DEFAULT_VEHTYPE" speed="13.68" pos="147.97" lane="1/1to2/1_0" slope="0.00"/>
    </timestep>
    <timestep time="629.00">
        <vehicle id="0" x="398.35" y="476.96" angle="0.00" type="DEFAULT_VEHTYPE" speed="12.81" pos="118.29" lane="2/3to2/2_0" slope="0.00"/>
        <vehicle id="10" x="598.35" y="518.38" angle="0.00" type="DEFAULT_VEHTYPE" speed="12.69" pos="76.87" lane="3/3to3/2_0" slope="0.00"/>
        <vehicle id="11" x="398.35" y="36.11" angle="0.00" type="DEFAULT_VEHTYPE" speed="13.02" pos="159.14" lane="2/1to2/0_0" slope="0.00"/>
        <vehicle id="12" x="239.87" y="401.65" angle="-90.00" type="DEFAULT_VEHTYPE" speed="13.74" pos="155.38" lane="2/2to1/2_0" slope="0.00"/>
        <vehicle id="15" x="425.81" y="401.65" angle="-90.00" type="DEFAULT_VEHTYPE" speed="11.49" pos="169.44" lane="3/2to2/2_0" slope="0.00"/>
        <vehicle id="19" x="390.06" y="598.35" angle="90.00" type="DEFAULT_VEHTYPE" speed="3.76" pos="185.31" lane="1/3to2/3_0" slope="0.00"/>
        <vehicle id="2" x="217.82" y="401.65" angle="-90.00" type="DEFAULT_VEHTYPE" speed="9.34" pos="177.43" lane="2/2to1/2_0" slope="0.00"/>
        <vehicle id="20" x="588.55" y="198.35" angle="90.00" type="DEFAULT_VEHTYPE" speed="5.02" pos="183.80" lane="2/1to3/1_0" slope="0.00"/>
        <vehicle id="23" x="1.22" y="398.35" angle="37.40" type="DEFAULT_VEHTYPE" speed="13.29" pos="1.22" lane="0/2to1/2_0" slope="0.00"/>
        <vehicle id="24" x="155.24" y="398.35" angle="90.00" type="DEFAULT_VEHTYPE" speed="12.73" pos="155.24" lane="0/2to1/2_0" slope="0.00"/>
        <vehicle id="4" x="401.65" y="743.64" angle="180.00" type="DEFAULT_VEHTYPE" speed="12.68" pos="138.89" lane="2/3to2/4_0" slope="0.00"/>
        <vehicle id="5" x="398.35" y="409.53" angle="0.00" type="DEFAULT_VEHTYPE" speed="13.60" pos="185.72" lane="2/3to2/2_0" slope="0.00"/>
        <vehicle id="6" x="263.15" y="598.35" angle="90.00" type="DEFAULT_VEHTYPE" speed="13.48" pos="58.40" lane="1/3to2/3_0" slope="0.00"/>
        <vehicle id="7" x="442.47" y="198.35" angle="90.00" type="DEFAULT_VEHTYPE" speed="12.75" pos="37.72" lane="2/1to3/1_0" slope="0.00"/>
        <vehicle id="8" x="366.46" y="198.35" angle="90.00" type="DEFAULT_VEHTYPE" speed="13.74" pos="161.71" lane="1/1to2/1_0" slope="0.00"/>
    </timestep>
    <timestep time="630.00">
        <vehicle id="0" x="398.35" y="463.31" angle="0.00" type="DEFAULT_VEHTYPE" speed="13.65" pos="131.94" lane="2/3to2/2_0" slope="0.00"/>
        <vehicle id="10" x="598.35" y="505.70" angle="0.00" type="DEFAULT_VEHTYPE" speed="12.68" pos="89.55" lane="3/3to3/2_0" slope="0.00"/>
        <vehicle id="11" x="398.35" y="22.94" angle="0.00" type="DEFAULT_VEHTYPE" speed="13.17" pos="172.31" lane="2/1to2/0_0" slope="0.00"/>
        <vehicle id="12" x="230.03" y="401.65" angle="-90.00" type="DEFAULT_VEHTYPE" speed="9.84" pos="165.22" lane="2/2to1/2_0" slope="0.00"/>
        <vehicle id="15" x="417.10" y="401.65" angle="-90.00" type="DEFAULT_VEHTYPE" speed="8.72" pos="178.15" lane="3/2to2/2_0" slope="0.00"/>
        <vehicle id="19" x="395.45" y="598.38" angle="90.32" type="DEFAULT_VEHTYPE" speed="5.39" pos="0.20" lane=":2/3_14_0" slope="0.00"/>
        <vehicle id="2" x="211.67" y="401.65" angle="-90.00" type="DEFAULT_VEHTYPE" speed="6.16" pos="183.58" lane="2/2to1/2_0" slope="0.00"/>
        <vehicle id="20" x="595.61" y="198.35" angle="90.00" type="DEFAULT_VEHTYPE" speed="7.06" pos="0.36" lane=":3/1_13_0" slope="0.00"/>
        <vehicle id="23" x="14.28" y="398.35" angle="90.00" type="DEFAULT_VEHTYPE" speed="13.06" pos="14.28" lane="0/2to1/2_0" slope="0.00"/>
        <vehicle id="24" x="168.96" y="398.35" angle="90.00" type="DEFAULT_VEHTYPE" speed="13.73" pos="168.96" lane="0/2to1/2_0" slope="0.00"/>
        <vehicle id="4" x="401.65" y="756.27" angle="180.00" type="DEFAULT_VEHTYPE" speed="12.63" pos="151.52" lane="2/3to2/4_0" slope="0.00"/>
        <vehicle id="5" x="391.62" y="401.65" angle="-87.81" type="DEFAULT_VEHTYPE" speed="13.41" pos="3.63" lane="2/2to1/2_0" slope="0.00"/>
        <vehicle id="6" x="275.93" y="598.35" angle="90.00" type="DEFAULT_VEHTYPE" speed="12.78" pos="71.18" lane="1/3to2/3_0" slope="0.00"/>
        <vehicle id="7" x="455.82" y="198.35" angle="90.00" type="DEFAULT_VEHTYPE" speed="13.35" pos="51.07" lane="2/1to3/1_0" slope="0.00"/>
        <vehicle id="8" x="376.70" y="198.35" angle="90.00" type="DEFAULT_VEHTYPE" speed="10.24" pos="171.95" lane="1/1to2/1_0" slope="0.00"/>
    </timestep>
    <timestep time="631.00">
        <vehicle id="0" x="398.35" y="449.65" angle="0.00" type="DEFAULT_VEHTYPE" speed="13.66" pos="145.60" lane="2/3to2/2_0" slope="0.00"/>
        <vehicle id="10" x="598.35" y="492.49" angle="0.00" type="DEFAULT_VEHTYPE" speed="13.22" pos="102.76" lane="3/3to3/2_0" slope="0.00"/>
        <vehicle id="11" x="398.35" y="9.18" angle="0.00" type="DEFAULT_VEHTYPE" speed="13.76" pos="186.07" lane="2/1to2/0_0" slope="0.00"/>
        <vehicle id="12" x="222.20" y="401.65" angle="-90.00" type="DEFAULT_VEHTYPE" speed="7.83" pos="173.05" lane="2/2to1/2_0" slope="0.00"/>
        <vehicle id="15" x="411.48" y="401.65" angle="-90.00" type="DEFAULT_VEHTYPE" speed="5.62" pos="183.77" lane="3/2to2/2_0" slope="0.00"/>
        <vehicle id="19" x="401.03" y="601.58" angle="128.22" type="DEFAULT_VEHTYPE" speed="6.87" pos="7.07" lane=":2/3_14_0" slope="0.00"/>
        <vehicle id="2" x="203.43" y="401.46" angle="-87.83" type="DEFAULT_VEHTYPE" speed="8.25" pos="1.34" lane=":1/2_6_0" slope="0.00"/>
        <vehicle id="20" x="605.22" y="198.35" angle="90.00" type="DEFAULT_VEHTYPE" speed="9.61" pos="0.47" lane="3/1to4/1_0" slope="0.00"/>
        <vehicle id="23" x="27.00" y="398.35" angle="90.00" type="DEFAULT_VEHTYPE" speed="12.72" pos="27.00" lane="0/2to1/2_0" slope="0.00"/>
        <vehicle id="24" x="179.71" y="398.35" angle="90.00" type="DEFAULT_VEHTYPE" speed="10.75" pos="179.71" lane="0/2to1/2_0" slope="0.00"/>
        <vehicle id="4" x="401.65" y="769.32" angle="180.00" type="DEFAULT_VEHTYPE" speed="13.04" pos="164.57" lane="2/3to2/4_0" slope="0.00"/>
        <vehicle id="5" x="378.07" y="401.65" angle="-90.00" type="DEFAULT_VEHTYPE" speed="13.55" pos="17.18" lane="2/2to1/2_0" slope="0.00"/>
        <vehicle id="6" x="289.72" y="598.35" angle="90.00" type="DEFAULT_VEHTYPE" speed="13.78" pos="84.97" lane="1/3to2/3_0" slope="0.00"/>
        <vehicle id="7" x="469.70" y="198.35" angle="90.00" type="DEFAULT_VEHTYPE" speed="13.89" pos="64.95" lane="2/1to3/1_0" slope="0.00"/>
        <vehicle id="8" x="383.96" y="198.35" angle="90.00" type="DEFAULT_VEHTYPE" speed="7.25" pos="179.21" lane="1/1to2/1_0" slope="0.00"/>
    </timestep>
    <timestep time="632.00">
        <vehicle id="0" x="398.35" y="436.39" angle="0.00" type="DEFAULT_VEHTYPE" speed="13.26" pos="158.86" lane="2/3to2/2_0" slope="0.00"/>
        <vehicle id="10" x="598.35" y="479.09" angle="0.00" type="DEFAULT_VEHTYPE" speed="13.40" pos="116.16" lane="3/3to3/2_0" slope="0.00"/>
        <vehicle id="11" x="401.16" y="-0.73" angle="57.53" type="DEFAULT_VEHTYPE" speed="13.12" pos="3.94" lane=":2/0_0_0" slope="0.00"/>
        <vehicle id="12" x="214.40" y="401.65" angle="-90.00" type="DEFAULT_VEHTYPE" speed="7.80" pos="180.85" lane="2/2to1/2_0" slope="0.00"/>
        <vehicle id="15" x="404.16" y="401.57" angle="-89.03" type="DEFAULT_VEHTYPE" speed="7.33" pos="0.60" lane=":2/2_6_0" slope="0.00"/>
        <vehicle id="19" x="401.65" y="610.00" angle="180.00" type="DEFAULT_VEHTYPE" speed="8.51" pos="5.25" lane="2/3to2/4_0" slope="0.00"/>
        <vehicle id="2" x="198.35" y="393.56" angle="-7.55" type="DEFAULT_VEHTYPE" speed="10.67" pos="1.69" lane="1/2to1/1_0" slope="0.00"/>
        <vehicle id="20" x="617.03" y="198.35" angle="90.00" type="DEFAULT_VEHTYPE" speed="11.81" pos="12.28" lane="3/1to4/1_0" slope="0.00"/>
        <vehicle id="23" x="40.58" y="398.35" angle="90.00" type="DEFAULT_VEHTYPE" speed="13.58" pos="40.58" lane="0/2to1/2_0" slope="0.00"/>
        <vehicle id="24" x="186.80" y="398.35" angle="90.00" type="DEFAULT_VEHTYPE" speed="7.09" pos="186.80" lane="0/2to1/2_0" slope="0.00"/>
        <vehicle id="4" x="401.65" y="782.36" angle="180.00" type="DEFAULT_VEHTYPE" speed="13.04" pos="177.61" lane="2/3to2/4_0" slope="0.00"/>
        <vehicle id="5" x="364.70" y="401.65" angle="-90.00" type="DEFAULT_VEHTYPE" speed="13.37" pos="30.55" lane="2/2to1/2_0" slope="0.00"/>
        <vehicle id="6" x="302.68" y="598.35" angle="90.00" type="DEFAULT_VEHTYPE" speed="12.97" pos="97.93" lane="1/3to2/3_0" slope="0.00"/>
        <vehicle id="7" x="483.41" y="198.35" angle="90.00" type="DEFAULT_VEHTYPE" speed="13.70" pos="78.66" lane="2/1to3/1_0" slope="0.00"/>
        <vehicle id="8" x="389.25" y="198.35" angle="90.00" type="DEFAULT_VEHTYPE" speed="5.29" pos="184.50" lane="1/1to2/1_0" slope="0.00"/>
    </timestep>
    <timestep time="633.00">
        <vehicle id="0" x="398.35" y="423.54" angle="0.00" type="DEFAULT_VEHTYPE" speed="12.85" pos="171.71" lane="2/3to2/2_0" slope="0.00"/>
        <vehicle id="10" x="598.35" y="465.67" angle="0.00" type="DEFAULT_VEHTYPE" speed="13.42" pos="129.58" lane="3/3to3/2_0" slope="0.00"/>
        <vehicle id="11" x="401.65" y="12.94" angle="180.00" type="DEFAULT_VEHTYPE" speed="13.82" pos="12.94" lane="2/0to2/1_0" slope="0.00"/>
        <vehicle id="12" x="210.99" y="401.65" angle="-90.00" type="DEFAULT_VEHTYPE" speed="3.41" pos="184.26" lane="2/2to1/2_0" slope="0.00"/>
        <vehicle id="15" x="398.41" y="395.64" angle="-21.05" type="DEFAULT_VEHTYPE" speed="9.33" pos="9.93" lane=":2/2_6_0" slope="0.00"/>
        <vehicle id="19" x="401.65" y="620.87" angle="180.00" type="DEFAULT_VEHTYPE" speed="10.86" pos="16.12" lane="2/3to2/4_0" slope="0.00"/>
        <vehicle id="2" x="198.35" y="381.09" angle="0.00" type="DEFAULT_VEHTYPE" speed="12.47" pos="14.16" lane="1/2to1/1_0" slope="0.00"/>
        <vehicle id="20" x="630.01" y="198.35" angle="90.00" type="DEFAULT_VEHTYPE" speed="12.99" pos="25.26" lane="3/1to4/1_0" slope="0.00"/>
        <vehicle id="23" x="53.41" y="398.35" angle="90.00" type="DEFAULT_VEHTYPE" speed="12.83" pos="53.41" lane="0/2to1/2_0" slope="0.00"/>
        <vehicle id="24" x="190.82" y="398.35" angle="90.00" type="DEFAULT_VEHTYPE" speed="4.02" pos="190.82" lane="0/2to1/2_0" slope="0.00"/>
        <vehicle id="4" x="401.65" y="794.99" angle="180.00" type="DEFAULT_VEHTYPE" speed="12.63" pos="190.24" lane="2/3to2/4_0" slope="0.00"/>
        <vehicle id="5" x="351.71" y="401.65" angle="-90.00" type="DEFAULT_VEHTYPE" speed="12.99" pos="43.54" lane="2/2to1/2_0" slope="0.00"/>
        <vehicle id="6" x="316.26" y="598.35" angle="90.00" type="DEFAULT_VEHTYPE" speed="13.58" pos="111.51" lane="1/3to2/3_0" slope="0.00"/>
        <vehicle id="7" x="496.59" y="198.35" angle="90.00" type="DEFAULT_VEHTYPE" speed="13.18" pos="91.84" lane="2/1to3/1_0" slope="0.00"/>
        <vehicle id="8" x="396.29" y="198.35" angle="90.00" type="DEFAULT_VEHTYPE" speed="7.05" pos="1.04" lane=":2/1_13_0" slope="0.00"/>
    </timestep>
    <timestep time="634.00">
        <vehicle id="0" x="398.35" y="410.46" angle="0.00" type="DEFAULT_VEHTYPE" speed="13.08" pos="184.79" lane="2/3to2/2_0" slope="0.00"/>
        <vehicle id="10" x="598.35" y="452.67" angle="0.00" type="DEFAULT_VEHTYPE" speed="13.00" pos="142.58" lane="3/3to3/2_0" slope="0.00"/>
        <vehicle id="11" x="401.65" y="25.65" angle="180.00" type="DEFAULT_VEHTYPE" speed="12.71" pos="25.65" lane="2/0to2/1_0" slope="0.00"/>
        <vehicle id="12" x="206.15" y="401.65" angle="-90.00" type="DEFAULT_VEHTYPE" speed="4.84" pos="189.10" lane="2/2to1/2_0" slope="0.00"/>
        <vehicle id="15" x="398.35" y="384.14" angle="0.00" type="DEFAULT_VEHTYPE" speed="11.50" pos="11.11" lane="2/2to2/1_0" slope="0.00"/>
        <vehicle id="19" x="401.65" y="633.86" angle="180.00" type="DEFAULT_VEHTYPE" speed="12.99" pos="29.11" lane="2/3to2/4_0" slope="0.00"/>
        <vehicle id="2" x="198.35" y="367.43" angle="0.00" type="DEFAULT_VEHTYPE" speed="13.66" pos="27.82" lane="1/2to1/1_0" slope="0.00"/>
        <vehicle id="20" x="643.72" y="198.35" angle="90.00" type="DEFAULT_VEHTYPE" speed="13.71" pos="38.97" lane="3/1to4/1_0" slope="0.00"/>
        <vehicle id="23" x="66.27" y="398.35" angle="90.00" type="DEFAULT_VEHTYPE" speed="12.86" pos="66.27" lane="0/2to1/2_0" slope="0.00"/>
        <vehicle id="24" x="191.88" y="398.35" angle="90.00" type="DEFAULT_VEHTYPE" speed="1.06" pos="191.88" lane="0/2to1/2_0" slope="0.00"/>
        <vehicle id="4" x="398.35" y="796.84" angle="-14.04" type="DEFAULT_VEHTYPE" speed="12.99" pos="3.16" lane="2/4to2/3_0" slope="0.00"/>
        <vehicle id="5" x="338.33" y="401.65" angle="-90.00" type="DEFAULT_VEHTYPE" speed="13.38" pos="56.92" lane="2/2to1/2_0" slope="0.00"/>
        <vehicle id="6" x="329.45" y="598.35" angle="90.00" type="DEFAULT_VEHTYPE" speed="13.19" pos="124.70" lane="1/3to2/3_0" slope="0.00"/>
        <vehicle id="7" x="509.66" y="198.35" angle="90.00" type="DEFAULT_VEHTYPE" speed="13.07" pos="104.91" lane="2/1to3/1_0" slope="0.00"/>
        <vehicle id="8" x="405.04" y="198.35" angle="90.00" type="DEFAULT_VEHTYPE" speed="8.74" pos="0.29" lane="2/1to3/1_0" slope="0.00"/>
    </timestep>
    <timestep time="635.00">
        <vehicle id="0" x="392.89" y="401.65" angle="-79.40" type="DEFAULT_VEHTYPE" speed="13.07" pos="2.36" lane="2/2to1/2_0" slope="0.00"/>
        <vehicle id="10" x="598.35" y="438.93" angle="0.00" type="DEFAULT_VEHTYPE" speed="13.74" pos="156.32" lane="3/3to3/2_0" slope="0.00"/>
        <vehicle id="11" x="401.65" y="39.00" angle="180.00" type="DEFAULT_VEHTYPE" speed="13.35" pos="39.00" lane="2/0to2/1_0" slope="0.00"/>
        <vehicle id="12" x="199.40" y="401.65" angle="-90.00" type="DEFAULT_VEHTYPE" speed="6.75" pos="5.35" lane=":1/2_5_0" slope="0.00"/>
        <vehicle id="15" x="398.35" y="370.41" angle="0.00" type="DEFAULT_VEHTYPE" speed="13.73" pos="24.84" lane="2/2to2/1_0" slope="0.00"/>
        <vehicle id="19" x="401.65" y="647.15" angle="180.00" type="DEFAULT_VEHTYPE" speed="13.30" pos="42.40" lane="2/3to2/4_0" slope="0.00"/>
        <vehicle id="2" x="198.35" y="354.58" angle="0.00" type="DEFAULT_VEHTYPE" speed="12.86" pos="40.67" lane="1/2to1/1_0" slope="0.00"/>
        <vehicle id="20" x="657.41" y="198.35" angle="90.00" type="DEFAULT_VEHTYPE" speed="13.69" pos="52.66" lane="3/1to4/1_0" slope="0.00"/>
        <vehicle id="23" x="79.96" y="398.35" angle="90.00" type="DEFAULT_VEHTYPE" speed="13.69" pos="79.96" lane="0/2to1/2_0" slope="0.00"/>
        <vehicle id="24" x="192.38" y="398.35" angle="90.00" type="DEFAULT_VEHTYPE" speed="0.50" pos="192.38" lane="0/2to1/2_0" slope="0.00"/>
        <vehicle id="4" x="398.35" y="783.62" angle="0.00" type="DEFAULT_VEHTYPE" speed="13.22" pos="16.38" lane="2/4to2/3_0" slope="0.00"/>
        <vehicle id="5" x="324.75" y="401.65" angle="-90.00" type="DEFAULT_VEHTYPE" speed="13.57" pos="70.50" lane="2/2to1/2_0" slope="0.00"/>
        <vehicle id="6" x="343.05" y="598.35" angle="90.00" type="DEFAULT_VEHTYPE" speed="13.60" pos="138.30" lane="1/3to2/3_0" slope="0.00"/>
        <vehicle id="7" x="522.49" y="198.35" angle="90.00" type="DEFAULT_VEHTYPE" speed="12.83" pos="117.74" lane="2/1to3/1_0" slope="0.00"/>
        <vehicle id="8" x="415.54" y="198.35" angle="90.00" type="DEFAULT_VEHTYPE" speed="10.50" pos="10.79" lane="2/1to3/1_0" slope="0.00"/>
    </timestep>
    <timestep time="636.00">
        <vehicle id="0" x="379.35" y="401.65" angle="-90.00" type="DEFAULT_VEHTYPE" speed="13.54" pos="15.90" lane="2/2to1/2_0" slope="0.00"/>
        <vehicle id="10" x="598.35" y="426.02" angle="0.00" type="DEFAULT_VEHTYPE" speed="12.91" pos="169.23" lane="3/3to3/2_0" slope="0.00"/>
        <vehicle id="11" x="401.65" y="52.37" angle="180.00" type="DEFAULT_VEHTYPE" speed="13.38" pos="52.37" lane="2/0to2/1_0" slope="0.00"/>
        <vehicle id="12" x="190.75" y="401.65" angle="-90.00" type="DEFAULT_VEHTYPE" speed="8.65" pos="4.50" lane="1/2to0/2_0" slope="0.00"/>
        <vehicle id="15" x="398.35" y="356.83" angle="0.00" type="DEFAULT_VEHTYPE" speed="13.58" pos="38.42" lane="2/2to2/1_0" slope="0.00"/>
        <vehicle id="19" x="401.65" y="660.22" angle="180.00" type="DEFAULT_VEHTYPE" speed="13.07" pos="55.47" lane="2/3to2/4_0" slope="0.00"/>
        <vehicle id="2" x="198.35" y="341.10" angle="0.00" type="DEFAULT_VEHTYPE" speed="13.47" pos="54.15" lane="1/2to1/1_0" slope="0.00"/>
        <vehicle id="20" x="671.22" y="198.35" angle="90.00" type="DEFAULT_VEHTYPE" speed="13.80" pos="66.47" lane="3/1to4/1_0" slope="0.00"/>
        <vehicle id="23" x="93.47" y="398.35" angle="90.00" type="DEFAULT_VEHTYPE" speed="13.51" pos="93.47" lane="0/2to1/2_0" slope="0.00"/>
        <vehicle id="24" x="194.95" y="398.35" angle="90.00" type="DEFAULT_VEHTYPE" speed="2.57" pos="194.95" lane="0/2to1/2_0" slope="0.00"/>
        <vehicle id="4" x="398.35" y="770.65" angle="0.00" type="DEFAULT_VEHTYPE" speed="12.98" pos="29.35" lane="2/4to2/3_0" slope="0.00"/>
        <vehicle id="5" x="311.53" y="401.65" angle="-90.00" type="DEFAULT_VEHTYPE" speed="13.22" pos="83.72" lane="2/2to1/2_0" slope="0.00"/>
        <vehicle id="6" x="355.70" y="598.35" angle="90.00" type="DEFAULT_VEHTYPE" speed="12.65" pos="150.95" lane="1/3to2/3_0" slope="0.00"/>
        <vehicle id="7" x="536.06" y="198.35" angle="90.00" type="DEFAULT_VEHTYPE" speed="13.57" pos="131.31" lane="2/1to3/1_0" slope="0.00"/>
        <vehicle id="8" x="427.94" y="198.35" angle="90.00" type="DEFAULT_VEHTYPE" speed="12.40" pos="23.19" lane="2/1to3/1_0" slope="0.00"/>
    </timestep>
    <timestep time="637.00">
        <vehicle id="0" x="365.55" y="401.65" angle="-90.00" type="DEFAULT_VEHTYPE" speed="13.80" pos="29.70" lane="2/2to1/2_0" slope="0.00"/>
        <vehicle id="10" x="598.35" y="413.20" angle="0.00" type="DEFAULT_VEHTYPE" speed="12.82" pos="182.05" lane="3/3to3/2_0" slope="0.00"/>
        <vehicle id="11" x="401.65" y="66.09" angle="180.00" type="DEFAULT_VEHTYPE" speed="13.71" pos="66.09" lane="2/0to2/1_0" slope="0.00"/>
        <vehicle id="12" x="179.73" y="401.65" angle="-90.00" type="DEFAULT_VEHTYPE" speed="11.02" pos="15.52" lane="1/2to0/2_0" slope="0.00"/>
        <vehicle id="15" x="398.35" y="343.38" angle="0.00" type="DEFAULT_VEHTYPE" speed="13.46" pos="51.87" lane="2/2to2/1_0" slope="0.00"/>
        <vehicle id="19" x="401.65" y="673.99" angle="180.00" type="DEFAULT_VEHTYPE" speed="13.77" pos="69.24" lane="2/3to2/4_0" slope="0.00"/>
        <vehicle id="2" x="198.35" y="327.53" angle="0.00" type="DEFAULT_VEHTYPE" speed="13.58" pos="67.72" lane="1/2to1/1_0" slope="0.00"/>
        <vehicle id="20" x="684.96" y="198.35" angle="90.00" type="DEFAULT_VEHTYPE" speed="13.74" pos="80.21" lane="3/1to4/1_0" slope="0.00"/>
        <vehicle id="23" x="106.66" y="398.35" angle="90.00" type="DEFAULT_VEHTYPE" speed="13.19" pos="106.66" lane="0/2to1/2_0" slope="0.00"/>
        <vehicle id="24" x="198.69" y="399.14" angle="99.18" type="DEFAULT_VEHTYPE" speed="3.88" pos="3.58" lane=":1/2_14_0" slope="0.00"/>
        <vehicle id="4" x="398.35" y="757.74" angle="0.00" type="DEFAULT_VEHTYPE" speed="12.91" pos="42.26" lane="2/4to2/3_0" slope="0.00"/>
        <vehicle id="5" x="297.89" y="401.65" angle="-90.00" type="DEFAULT_VEHTYPE" speed="13.65" pos="97.36" lane="2/2to1/2_0" slope="0.00"/>
        <vehicle id="6" x="368.62" y="598.35" angle="90.00" type="DEFAULT_VEHTYPE" speed="12.92" pos="163.87" lane="1/3to2/3_0" slope="0.00"/>
        <vehicle id="7" x="549.32" y="198.35" angle="90.00" type="DEFAULT_VEHTYPE" speed="13.25" pos="144.57" lane="2/1to3/1_0" slope="0.00"/>
        <vehicle id="8" x="441.49" y="198.35" angle="90.00" type="DEFAULT_VEHTYPE" speed="13.56" pos="36.74" lane="2/1to3/1_0" slope="0.00"/>
    </timestep>
    <timestep time="638.00">
        <vehicle id="0" x="352.06" y="401.65" angle="-90.00" type="DEFAULT_VEHTYPE" speed="13.49" pos="43.19" lane="2/2to1/2_0" slope="0.00"/>
        <vehicle id="10" x="595.45" y="401.68" angle="-41.57" type="DEFAULT_VEHTYPE" speed="13.26" pos="4.80" lane=":3/2_0_0" slope="0.00"/>
        <vehicle id="11" x="401.65" y="79.84" angle="180.00" type="DEFAULT_VEHTYPE" speed="13.76" pos="79.84" lane="2/0to2/1_0" slope="0.00"/>
        <vehicle id="12" x="166.83" y="401.65" angle="-90.00" type="DEFAULT_VEHTYPE" speed="12.90" pos="28.42" lane="1/2to0/2_0" slope="0.00"/>
        <vehicle id="15" x="398.35" y="329.56" angle="0.00" type="DEFAULT_VEHTYPE" speed="13.82" pos="65.69" lane="2/2to2/1_0" slope="0.00"/>
        <vehicle id="19" x="401.65" y="687.68" angle="180.00" type="DEFAULT_VEHTYPE" speed="13.69" pos="82.93" lane="2/3to2/4_0" slope="0.00"/>
        <vehicle id="2" x="198.35" y="314.29" angle="0.00" type="DEFAULT_VEHTYPE" speed="13.24" pos="80.96" lane="1/2to1/1_0" slope="0.00"/>
        <vehicle id="20" x="697.77" y="198.35" angle="90.00" type="DEFAULT_VEHTYPE" speed="12.81" pos="93.02" lane="3/1to4/1_0" slope="0.00"/>
        <vehicle id="23" x="120.38" y="398.35" angle="90.00" type="DEFAULT_VEHTYPE" speed="13.72" pos="120.38" lane="0/2to1/2_0" slope="0.00"/>
        <vehicle id="24" x="201.57" y="404.16" angle="156.93" type="DEFAULT_VEHTYPE" speed="6.15" pos="9.73" lane=":1/2_14_0" slope="0.00"/>
        <vehicle id="4" x="398.35" y="744.40" angle="0.00" type="DEFAULT_VEHTYPE" speed="13.34" pos="55.60" lane="2/4to2/3_0" slope="0.00"/>
        <vehicle id="5" x="284.84" y="401.65" angle="-90.00" type="DEFAULT_VEHTYPE" speed="13.05" pos="110.41" lane="2/2to1/2_0" slope="0.00"/>
        <vehicle id="6" x="379.30" y="598.35" angle="90.00" type="DEFAULT_VEHTYPE" speed="10.68" pos="174.55" lane="1/3to2/3_0" slope="0.00"/>
        <vehicle id="7" x="562.06" y="198.35" angle="90.00" type="DEFAULT_VEHTYPE" speed="12.75" pos="157.31" lane="2/1to3/1_0" slope="0.00"/>
        <vehicle id="8" x="454.86" y="198.35" angle="90.00" type="DEFAULT_VEHTYPE" speed="13.37" pos="50.11" lane="2/1to3/1_0" slope="0.00"/>
    </timestep>
    <timestep time="639.00">
        <vehicle id="0" x="338.74" y="401.65" angle="-90.00" type="DEFAULT_VEHTYPE" speed="13.32" pos="56.51" lane="2/2to1/2_0" slope="0.00"/>
        <vehicle id="10" x="582.52" y="401.65" angle="-90.00" type="DEFAULT_VEHTYPE" speed="12.92" pos="12.73" lane="3/2to2/2_0" slope="0.00"/>
        <vehicle id="11" x="401.65" y="92.65" angle="180.00" type="DEFAULT_VEHTYPE" speed="12.81" pos="92.65" lane="2/0to2/1_0" slope="0.00"/>
        <vehicle id="12" x="153.85" y="401.65" angle="-90.00" type="DEFAULT_VEHTYPE" speed="12.98" pos="41.40" lane="1/2to0/2_0" slope="0.00"/>
        <vehicle id="15" x="398.35" y="315.74" angle="0.00" type="DEFAULT_VEHTYPE" speed="13.82" pos="79.51" lane="2/2to2/1_0" slope="0.00"/>
        <vehicle id="19" x="401.65" y="701.07" angle="180.00" type="DEFAULT_VEHTYPE" speed="13.39" pos="96.32" lane="2/3to2/4_0" slope="0.00"/>
        <vehicle id="2" x="198.35" y="300.62" angle="0.00" type="DEFAULT_VEHTYPE" speed="13.68" pos="94.63" lane="1/2to1/1_0" slope="0.00"/>
        <vehicle id="20" x="711.11" y="198.35" angle="90.00" type="DEFAULT_VEHTYPE" speed="13.35" pos="106.36" lane="3/1to4/1_0" slope="0.00"/>
        <vehicle id="23" x="133.34" y="398.35" angle="90.00" type="DEFAULT_VEHTYPE" speed="12.97" pos="133.34" lane="0/2to1/2_0" slope="0.00"/>
        <vehicle id="24" x="201.65" y="412.16" angle="180.00" type="DEFAULT_VEHTYPE" speed="8.00" pos="7.41" lane="1/2to1/3_0" slope="0.00"/>
        <vehicle id="4" x="398.35" y="730.71" angle="0.00" type="DEFAULT_VEHTYPE" speed="13.69" pos="69.29" lane="2/4to2/3_0" slope="0.00"/>
        <vehicle id="5" x="270.98" y="401.65" angle="-90.00" type="DEFAULT_VEHTYPE" speed="13.86" pos="124.27" lane="2/2to1/2_0" slope="0.00"/>
        <vehicle id="6" x="385.86" y="598.35" angle="90.00" type="DEFAULT_VEHTYPE" speed="6.56" pos="181.11" lane="1/3to2/3_0" slope="0.00"/>
        <vehicle id="7" x="574.52" y="198.35" angle="90.00" type="DEFAULT_VEHTYPE" speed="12.46" pos="169.77" lane="2/1to3/1_0" slope="0.00"/>
        <vehicle id="8" x="467.54" y="198.35" angle="90.00" type="DEFAULT_VEHTYPE" speed="12.68" pos="62.79" lane="2/1to3/1_0" slope="0.00"/>
    </timestep>
    <timestep time="640.00">
        <vehicle id="0" x="325.86" y="401.65" angle="-90.00" type="DEFAULT_VEHTYPE" speed="12.87" pos="69.39" lane="2/2to1/2_0" slope="0.00"/>
        <vehicle id="10" x="569.25" y="401.65" angle="-90.00" type="DEFAULT_VEHTYPE" speed="13.27" pos="26.00" lane="3/2to2/2_0" slope="0.00"/>
        <vehicle id="11" x="401.65" y="106.30" angle="180.00" type="DEFAULT_VEHTYPE" speed="13.64" pos="106.30" lane="2/0to2/1_0" slope="0.00"/>
        <vehicle id="12" x="140.95" y="401.65" angle="-90.00" type="DEFAULT_VEHTYPE" speed="12.90" pos="54.30" lane="1/2to0/2_0" slope="0.00"/>
        <vehicle id="15" x="398.35" y="302.08" angle="0.00" type="DEFAULT_VEHTYPE" speed="13.66" pos="93.17" lane="2/2to2/1_0" slope="0.00"/>
        <vehicle id="19" x="401.65" y="714.48" angle="180.00" type="DEFAULT_VEHTYPE" speed="13.40" pos="109.73" lane="2/3to2/4_0" slope="0.00"/>
        <vehicle id="2" x="198.35" y="287.28" angle="0.00" type="DEFAULT_VEHTYPE" speed="13.33" pos="107.97" lane="1/2to1/1_0" slope="0.00"/>
        <vehicle id="20" x="723.96" y="198.35" angle="90.00" type="DEFAULT_VEHTYPE" speed="12.85" pos="119.21" lane="3/1to4/1_0" slope="0.00"/>
        <vehicle id="23" x="146.82" y="398.35" angle="90.00" type="DEFAULT_VEHTYPE" speed="13.48" pos="146.82" lane="0/2to1/2_0" slope="0.00"/>
        <vehicle id="24" x="201.65" y="422.40" angle="180.00" type="DEFAULT_VEHTYPE" speed="10.24" pos="17.65" lane="1/2to1/3_0" slope="0.00"/>
        <vehicle id="4" x="398.35" y="717.27" angle="0.00" type="DEFAULT_VEHTYPE" speed="13.45" pos="82.73" lane="2/4to2/3_0" slope="0.00"/>
        <vehicle id="5" x="258.34" y="401.65" angle="-90.00" type="DEFAULT_VEHTYPE" speed="12.64" pos="136.91" lane="2/2to1/2_0" slope="0.00"/>
        <vehicle id="6" x="389.84" y="598.35" angle="90.00" type="DEFAULT_VEHTYPE" speed="3.97" pos="185.09" lane="1/3to2/3_0" slope="0.00"/>
        <vehicle id="7" x="582.48" y="198.35" angle="90.00" type="DEFAULT_VEHTYPE" speed="7.96" pos="177.73" lane="2/1to3/1_0" slope="0.00"/>
        <vehicle id="8" x="480.43" y="198.35" angle="90.00" type="DEFAULT_VEHTYPE" speed="12.89" pos="75.68" lane="2/1to3/1_0" slope="0.00"/>
    </timestep>
    <timestep time="641.00">
        <vehicle id="0" x="312.68" y="401.65" angle="-90.00" type="DEFAULT_VEHTYPE" speed="13.19" pos="82.57" lane="2/2to1/2_0" slope="0.00"/>
        <vehicle id="10" x="556.56" y="401.65" angle="-90.00" type="DEFAULT_VEHTYPE" speed="12.69" pos="38.69" lane="3/2to2/2_0" slope="0.00"/>
        <vehicle id="11" x="401.65" y="120.06" angle="180.00" type="DEFAULT_VEHTYPE" speed="13.77" pos="120.06" lane="2/0to2/1_0" slope="0.00"/>
        <vehicle id="12" x="127.64" y="401.65" angle="-90.00" type="DEFAULT_VEHTYPE" speed="13.31" pos="67.61" lane="1/2to0/2_0" slope="0.00"/>
        <vehicle id="15" x="398.35" y="288.64" angle="0.00" type="DEFAULT_VEHTYPE" speed="13.45" pos="106.61" lane="2/2to2/1_0" slope="0.00"/>
        <vehicle id="19" x="401.65" y="728.11" angle="180.00" type="DEFAULT_VEHTYPE" speed="13.63" pos="123.36" lane="2/3to2/4_0" slope="0.00"/>
        <vehicle id="2" x="198.35" y="274.13" angle="0.00" type="DEFAULT_VEHTYPE" speed="13.16" pos="121.12" lane="1/2to1/1_0" slope="0.00"/>
        <vehicle id="20" x="736.92" y="198.35" angle="90.00" type="DEFAULT_VEHTYPE" speed="12.96" pos="132.17" lane="3/1to4/1_0" slope="0.00"/>
        <vehicle id="23" x="160.56" y="398.35" angle="90.00" type="DEFAULT_VEHTYPE" speed="13.74" pos="160.56" lane="0/2to1/2_0" slope="0.00"/>
        <vehicle id="24" x="201.65" y="433.96" angle="180.00" type="DEFAULT_VEHTYPE" speed="11.56" pos="29.21" lane="1/2to1/3_0" slope="0.00"/>
        <vehicle id="4" x="398.35" y="703.64" angle="0.00" type="DEFAULT_VEHTYPE" speed="13.63" pos="96.36" lane="2/4to2/3_0" slope="0.00"/>
        <vehicle id="5" x="244.88" y="401.65" angle="-90.00" type="DEFAULT_VEHTYPE" speed="13.46" pos="150.37" lane="2/2to1/2_0" slope="0.00"/>
        <vehicle id="6" x="395.71" y="598.42" angle="90.75" type="DEFAULT_VEHTYPE" speed="5.88" pos="0.46" lane=":2/3_14_0" slope="0.00"/>
        <vehicle id="7" x="588.15" y="198.35" angle="90.00" type="DEFAULT_VEHTYPE" speed="5.66" pos="183.40" lane="2/1to3/1_0" slope="0.00"/>
        <vehicle id="8" x="493.29" y="198.35" angle="90.00" type="DEFAULT_VEHTYPE" speed="12.86" pos="88.54" lane="2/1to3/1_0" slope="0.00"/>
    </timestep>
    <timestep time="642.00">
        <vehicle id="0" x="299.61" y="401.65" angle="-90.00" type="DEFAULT_VEHTYPE" speed="13.06" pos="95.64" lane="2/2to1/2_0" slope="0.00"/>
        <vehicle id="10" x="543.29" y="401.65" angle="-90.00" type="DEFAULT_VEHTYPE" speed="13.27" pos="51.96" lane="3/2to2/2_0" slope="0.00"/>
        <vehicle id="11" x="401.65" y="133.03" angle="180.00" type="DEFAULT_VEHTYPE" speed="12.97" pos="133.03" lane="2/0to2/1_0" slope="0.00"/>
        <vehicle id="12" x="114.01" y="401.65" angle="-90.00" type="DEFAULT_VEHTYPE" speed="13.63" pos="81.24" lane="1/2to0/2_0" slope="0.00"/>
        <vehicle id="15" x="398.35" y="275.08" angle="0.00" type="DEFAULT_VEHTYPE" speed="13.55" pos="120.17" lane="2/2to2/1_0" slope="0.00"/>
        <vehicle id="19" x="401.65" y="741.21" angle="180.00" type="DEFAULT_VEHTYPE" speed="13.10" pos="136.46" lane="2/3to2/4_0" slope="0.00"/>
        <vehicle id="2" x="198.35" y="260.83" angle="0.00" type="DEFAULT_VEHTYPE" speed="13.29" pos="134.42" lane="1/2to1/1_0" slope="0.00"/>
        <vehicle id="20" x="750.76" y="198.35" angle="90.00" type="DEFAULT_VEHTYPE" speed="13.84" pos="146.01" lane="3/1to4/1_0" slope="0.00"/>
        <vehicle id="23" x="173.56" y="398.35" angle="90.00" type="DEFAULT_VEHTYPE" speed="13.00" pos="173.56" lane="0/2to1/2_0" slope="0.00"/>
        <vehicle id="24" x="201.65" y="447.66" angle="180.00" type="DEFAULT_VEHTYPE" speed="13.70" pos="42.91" lane="1/2to1/3_0" slope="0.00"/>
        <vehicle id="4" x="398.35" y="690.74" angle="0.00" type="DEFAULT_VEHTYPE" speed="12.89" pos="109.26" lane="2/4to2/3_0" slope="0.00"/>
        <vehicle id="5" x="231.32" y="401.65" angle="-90.00" type="DEFAULT_VEHTYPE" speed="13.56" pos="163.93" lane="2/2to1/2_0" slope="0.00"/>
        <vehicle id="6" x="401.37" y="602.81" angle="142.88" type="DEFAULT_VEHTYPE" speed="7.90" pos="8.36" lane=":2/3_14_0" slope="0.00"/>
        <vehicle id="7" x="590.62" y="198.35" angle="90.00" type="DEFAULT_VEHTYPE" speed="2.47" pos="185.87" lane="2/1to3/1_0" slope="0.00"/>
        <vehicle id="8" x="505.96" y="198.35" angle="90.00" type="DEFAULT_VEHTYPE" speed="12.66" pos="101.21" lane="2/1to3/1_0" slope="0.00"/>
    </timestep>
    <timestep time="643.00">
        <vehicle id="0" x="286.92" y="401.65" angle="-90.00" type="DEFAULT_VEHTYPE" speed="12.70" pos="108.33" lane="2/2to1/2_0" slope="0.00"/>
        <vehicle id="10" x="530.53" y="401.65" angle="-90.00" type="DEFAULT_VEHTYPE" speed="12.76" pos="64.72" lane="3/2to2/2_0" slope="0.00"/>
        <vehicle id="11" x="401.65" y="146.77" angle="180.00" type="DEFAULT_VEHTYPE" speed="13.74" pos="146.77" lane="2/0to2/1_0" slope="0.00"/>
        <vehicle id="12" x="100.86" y="401.65" angle="-90.00" type="DEFAULT_VEHTYPE" speed="13.15" pos="94.39" lane="1/2to0/2_0" slope="0.00"/>
        <vehicle id="15" x="398.35" y="262.28" angle="0.00" type="DEFAULT_VEHTYPE" speed="12.80" pos="132.97" lane="2/2to2/1_0" slope="0.00"/>
        <vehicle id="19" x="401.65" y="755.04" angle="180.00" type="DEFAULT_VEHTYPE" speed="13.83" pos="150.29" lane="2/3to2/4_0" slope="0.00"/>
        <vehicle id="2" x="198.35" y="247.42" angle="0.00" type="DEFAULT_VEHTYPE" speed="13.41" pos="147.83" lane="1/2to1/1_0" slope="0.00"/>
        <vehicle id="20" x="763.89" y="198.35" angle="90.00" type="DEFAULT_VEHTYPE" speed="13.13" pos="159.14" lane="3/1to4/1_0" slope="0.00"/>
        <vehicle id="23" x="182.69" y="398.35" angle="90.00" type="DEFAULT_VEHTYPE" speed="9.13" pos="182.69" lane="0/2to1/2_0" slope="0.00"/>
        <vehicle id="24" x="201.65" y="461.05" angle="180.00" type="DEFAULT_VEHTYPE" speed="13.40" pos="56.30" lane="1/2to1/3_0" slope="0.00"/>
        <vehicle id="4" x="398.35" y="677.40" angle="0.00" type="DEFAULT_VEHTYPE" speed="13.34" pos="122.60" lane="2/4to2/3_0" slope="0.00"/>
        <vehicle id="5" x="220.53" y="401.65" angle="-90.00" type="DEFAULT_VEHTYPE" speed="10.79" pos="174.72" lane="2/2to1/2_0" slope="0.00"/>
        <vehicle id="6" x="401.65" y="613.01" angle="180.00" type="DEFAULT_VEHTYPE" speed="10.22" pos="8.26" lane="2/3to2/4_0" slope="0.00"/>
        <vehicle id="7" x="594.83" y="198.35" angle="90.00" type="DEFAULT_VEHTYPE" speed="4.21" pos="190.08" lane="2/1to3/1_0" slope="0.00"/>
        <vehicle id="8" x="519.44" y="198.35" angle="90.00" type="DEFAULT_VEHTYPE" speed="13.49" pos="114.69" lane="2/1to3/1_0" slope="0.00"/>
    </timestep>
    <timestep time="644.00">
        <vehicle id="0" x="273.77" y="401.65" angle="-90.00" type="DEFAULT_VEHTYPE" speed="13.14" pos="121.48" lane="2/2to1/2_0" slope="0.00"/>
        <vehicle id="10" x="517.63" y="401.65" angle="-90.00" type="DEFAULT_VEHTYPE" speed="12.90" pos="77.62" lane="3/2to2/2_0" slope="0.00"/>
        <vehicle id="11" x="401.65" y="160.07" angle="180.00" type="DEFAULT_VEHTYPE" speed="13.29" pos="160.07" lane="2/0to2/1_0" slope="0.00"/>
        <vehicle id="12" x="87.16" y="401.65" angle="-90.00" type="DEFAULT_VEHTYPE" speed="13.70" pos="108.09" lane="1/2to0/2_0" slope="0.00"/>
        <vehicle id="15" x="398.35" y="248.97" angle="0.00" type="DEFAULT_VEHTYPE" speed="13.32" pos="146.28" lane="2/2to2/1_0" slope="0.00"/>
        <vehicle id="19" x="401.65" y="768.53" angle="180.00" type="DEFAULT_VEHTYPE" speed="13.49" pos="163.78" lane="2/3to2/4_0" slope="0.00"/>
        <vehicle id="2" x="198.35" y="233.70" angle="0.00" type="DEFAULT_VEHTYPE" speed="13.72" pos="161.55" lane="1/2to1/1_0" slope="0.00"/>
        <vehicle id="20" x="777.12" y="198.35" angle="90.00" type="DEFAULT_VEHTYPE" speed="13.22" pos="172.37" lane="3/1to4/1_0" slope="0.00"/>
        <vehicle id="23" x="187.56" y="398.35" angle="90.00" type="DEFAULT_VEHTYPE" speed="4.88" pos="187.56" lane="0/2to1/2_0" slope="0.00"/>
        <vehicle id="24" x="201.65" y="474.12" angle="180.00" type="DEFAULT_VEHTYPE" speed="13.07" pos="69.37" lane="1/2to1/3_0" slope="0.00"/>
        <vehicle id="4" x="398.35" y="663.66" angle="0.00" type="DEFAULT_VEHTYPE" speed="13.74" pos="136.34" lane="2/4to2/3_0" slope="0.00"/>
        <vehicle id="5" x="213.41" y="401.65" angle="-90.00" type="DEFAULT_VEHTYPE" speed="7.12" pos="181.84" lane="2/2to1/2_0" slope="0.00"/>
        <vehicle id="6" x="401.65" y="625.61" angle="180.00" type="DEFAULT_VEHTYPE" speed="12.59" pos="20.86" lane="2/3to2/4_0" slope="0.00"/>
        <vehicle id="7" x="600.55" y="198.35" angle="90.00" type="DEFAULT_VEHTYPE" speed="5.71" pos="5.30" lane=":3/1_13_0" slope="0.00"/>
        <vehicle id="8" x="532.27" y="198.35" angle="90.00" type="DEFAULT_VEHTYPE" speed="12.83" pos="127.52" lane="2/1to3/1_0" slope="0.00"/>
    </timestep>
    <timestep time="645.00">
        <vehicle id="0" x="260.30" y="401.65" angle="-90.00" type="DEFAULT_VEHTYPE" speed="13.47" pos="134.95" lane="2/2to1/2_0" slope="0.00"/>
        <vehicle id="10" x="503.87" y="401.65" angle="-90.00" type="DEFAULT_VEHTYPE" speed="13.76" pos="91.38" lane="3/2to2/2_0" slope="0.00"/>
        <vehicle id="11" x="401.65" y="172.87" angle="180.00" type="DEFAULT_VEHTYPE" speed="12.81" pos="172.87" lane="2/0to2/1_0" slope="0.00"/>
        <vehicle id="12" x="73.51" y="401.65" angle="-90.00" type="DEFAULT_VEHTYPE" speed="13.65" pos="121.74" lane="1/2to0/2_0" slope="0.00"/>
        <vehicle id="15" x="398.35" y="235.31" angle="0.00" type="DEFAULT_VEHTYPE" speed="13.66" pos="159.94" lane="2/2to2/1_0" slope="0.00"/>
        <vehicle id="19" x="401.65" y="782.00" angle="180.00" type="DEFAULT_VEHTYPE" speed="13.47" pos="177.25" lane="2/3to2/4_0" slope="0.00"/>
        <vehicle id="2" x="198.35" y="219.84" angle="0.00" type="DEFAULT_VEHTYPE" speed="13.86" pos="175.41" lane="1/2to1/1_0" slope="0.00"/>
        <vehicle id="20" x="790.91" y="198.35" angle="90.00" type="DEFAULT_VEHTYPE" speed="13.79" pos="186.16" lane="3/1to4/1_0" slope="0.00"/>
        <vehicle id="23" x="191.09" y="398.35" angle="90.00" type="DEFAULT_VEHTYPE" speed="3.53" pos="191.09" lane="0/2to1/2_0" slope="0.00"/>
        <vehicle id="24" x="201.65" y="487.40" angle="180.00" type="DEFAULT_VEHTYPE" speed="13.28" pos="82.65" lane="1/2to1/3_0" slope="0.00"/>
        <vehicle id="4" x="398.35" y="650.26" angle="0.00" type="DEFAULT_VEHTYPE" speed="13.41" pos="149.74" lane="2/4to2/3_0" slope="0.00"/>
        <vehicle id="5" x="209.50" y="401.65" angle="-90.00" type="DEFAULT_VEHTYPE" speed="3.91" pos="185.75" lane="2/2to1/2_0" slope="0.00"/>
        <vehicle id="6" x="401.65" y="638.97" angle="180.00" type="DEFAULT_VEHTYPE" speed="13.37" pos="34.22" lane="2/3to2/4_0" slope="0.00"/>
        <vehicle id="7" x="607.91" y="198.35" angle="90.00" type="DEFAULT_VEHTYPE" speed="7.36" pos="3.16" lane="3/1to4/1_0" slope="0.00"/>
        <vehicle id="8" x="544.90" y="198.35" angle="90.00" type="DEFAULT_VEHTYPE" speed="12.63" pos="140.15" lane="2/1to3/1_0" slope="0.00"/>
    </timestep>
    <timestep time="646.00">
        <vehicle id="0" x="246.59" y="401.65" angle="-90.00" type="DEFAULT_VEHTYPE" speed="13.72" pos="148.66" lane="2/2to1/2_0" slope="0.00"/>
        <vehicle id="10" x="491.15" y="401.65" angle="-90.00" type="DEFAULT_VEHTYPE" speed="12.72" pos="104.10" lane="3/2to2/2_0" slope="0.00"/>
        <vehicle id="11" x="401.65" y="186.17" angle="180.00" type="DEFAULT_VEHTYPE" speed="13.30" pos="186.17" lane="2/0to2/1_0" slope="0.00"/>
        <vehicle id="12" x="60.16" y="401.65" angle="-90.00" type="DEFAULT_VEHTYPE" speed="13.35" pos="135.09" lane="1/2to0/2_0" slope="0.00"/>
        <vehicle id="15" x="398.35" y="222.53" angle="0.00" type="DEFAULT_VEHTYPE" speed="12.78" pos="172.72" lane="2/2to2/1_0" slope="0.00"/>
        <vehicle id="19" x="401.65" y="795.80" angle="180.00" type="DEFAULT_VEHTYPE" speed="13.81" pos="191.05" lane="2/3to2/4_0" slope="0.00"/>
        <vehicle id="2" x="198.35" y="206.67" angle="0.00" type="DEFAULT_VEHTYPE" speed="13.16" pos="188.58" lane="1/2to1/1_0" slope="0.00"/>
        <vehicle id="20" x="800.27" y="201.47" angle="166.02" type="DEFAULT_VEHTYPE" speed="13.58" pos="4.49" lane=":4/1_0_0" slope="0.00"/>
        <vehicle id="23" x="192.21" y="398.35" angle="90.00" type="DEFAULT_VEHTYPE" speed="1.12" pos="192.21" lane="0/2to1/2_0" slope="0.00"/>
        <vehicle id="24" x="201.65" y="500.62" angle="180.00" type="DEFAULT_VEHTYPE" speed="13.22" pos="95.87" lane="1/2to1/3_0" slope="0.00"/>
        <vehicle id="4" x="398.35" y="636.77" angle="0.00" type="DEFAULT_VEHTYPE" speed="13.49" pos="163.23" lane="2/4to2/3_0" slope="0.00"/>
        <vehicle id="5" x="203.48" y="401.65" angle="-90.00" type="DEFAULT_VEHTYPE" speed="6.03" pos="1.27" lane=":1/2_5_0" slope="0.00"/>
        <vehicle id="6" x="401.65" y="652.04" angle="180.00" type="DEFAULT_VEHTYPE" speed="13.07" pos="47.29" lane="2/3to2/4_0" slope="0.00"/>
        <vehicle id="7" x="616.60" y="198.35" angle="90.00" type="DEFAULT_VEHTYPE" speed="8.69" pos="11.85" lane="3/1to4/1_0" slope="0.00"/>
        <vehicle id="8" x="558.72" y="198.35" angle="90.00" type="DEFAULT_VEHTYPE" speed="13.81" pos="153.97" lane="2/1to3/1_0" slope="0.00"/>
    </timestep>
    <timestep time="647.00">
        <vehicle id="0" x="233.29" y="401.65" angle="-90.00" type="DEFAULT_VEHTYPE" speed="13.30" pos="161.96" lane="2/2to1/2_0" slope="0.00"/>
        <vehicle id="10" x="477.59" y="401.65" angle="-90.00" type="DEFAULT_VEHTYPE" speed="13.56" pos="117.66" lane="3/2to2/2_0" slope="0.00"/>
        <vehicle id="11" x="404.43" y="198.31" angle="140.61" type="DEFAULT_VEHTYPE" speed="13.76" pos="4.68" lane=":2/1_8_0" slope="0.00"/>
        <vehicle id="12" x="47.26" y="401.65" angle="-90.00" type="DEFAULT_VEHTYPE" speed="12.91" pos="147.99" lane="1/2to0/2_0" slope="0.00"/>
        <vehicle id="15" x="398.35" y="208.72" angle="0.00" type="DEFAULT_VEHTYPE" speed="13.82" pos="186.53" lane="2/2to2/1_0" slope="0.00"/>
        <vehicle id="19" x="398.35" y="796.41" angle="-9.35" type="DEFAULT_VEHTYPE" speed="12.61" pos="3.59" lane="2/4to2/3_0" slope="0.00"/>
        <vehicle id="2" x="188.78" y="201.65" angle="-90.00" type="DEFAULT_VEHTYPE" speed="13.39" pos="6.47" lane="1/1to0/1_0" slope="0.00"/>
        <vehicle id="20" x="787.16" y="201.65" angle="-90.00" type="DEFAULT_VEHTYPE" speed="13.17" pos="12.84" lane="4/1to3/1_0" slope="0.00"/>
        <vehicle id="23" x="192.72" y="398.35" angle="90.00" type="DEFAULT_VEHTYPE" speed="0.51" pos="192.72" lane="0/2to1/2_0" slope="0.00"/>
        <vehicle id="24" x="201.65" y="514.12" angle="180.00" type="DEFAULT_VEHTYPE" speed="13.51" pos="109.37" lane="1/2to1/3_0" slope="0.00"/>
        <vehicle id="4" x="398.35" y="624.16" angle="0.00" type="DEFAULT_VEHTYPE" speed="12.61" pos="175.84" lane="2/4to2/3_0" slope="0.00"/>
        <vehicle id="5" x="195.77" y="401.65" angle="-90.00" type="DEFAULT_VEHTYPE" speed="7.71" pos="8.98" lane=":1/2_5_0" slope="0.00"/>
        <vehicle id="6" x="401.65" y="665.68" angle="180.00" type="DEFAULT_VEHTYPE" speed="13.64" pos="60.93" lane="2/3to2/4_0" slope="0.00"/>
        <vehicle id="7" x="627.47" y="198.35" angle="90.00" type="DEFAULT_VEHTYPE" speed="10.86" pos="22.72" lane="3/1to4/1_0" slope="0.00"/>
        <vehicle id="8" x="572.25" y="198.35" angle="90.00" type="DEFAULT_VEHTYPE" speed="13.53" pos="167.50" lane="2/1to3/1_0" slope="0.00"/>
    </timestep>
    <timestep time="648.00">
        <vehicle id="0" x="222.59" y="401.65" angle="-90.00" type="DEFAULT_VEHTYPE" speed="10.70" pos="172.66" lane="2/2to1/2_0" slope="0.00"/>
        <vehicle id="10" x="463.91" y="401.65" angle="-90.00" type="DEFAULT_VEHTYPE" speed="13.68" pos="131.34" lane="3/2to2/2_0" slope="0.00"/>
        <vehicle id="11" x="417.74" y="198.35" angle="90.00" type="DEFAULT_VEHTYPE" speed="13.31" pos="12.99" lane="2/1to3/1_0" slope="0.00"/>
        <vehicle id="12" x="33.87" y="401.65" angle="-90.00" type="DEFAULT_VEHTYPE" speed="13.39" pos="161.38" lane="1/2to0/2_0" slope="0.00"/>
        <vehicle id="15" x="398.35" y="195.61" angle="0.00" type="DEFAULT_VEHTYPE" speed="13.10" pos="9.14" lane=":2/1_1_0" slope="0.00"/>
        <vehicle id="19" x="398.35" y="783.14" angle="0.00" type="DEFAULT_VEHTYPE" speed="13.27" pos="16.86" lane="2/4to2/3_0" slope="0.00"/>
        <vehicle id="2" x="175.63" y="201.65" angle="-90.00" type="DEFAULT_VEHTYPE" speed="13.16" pos="19.62" lane="1/1to0/1_0" slope="0.00"/>
        <vehicle id="20" x="773.63" y="201.65" angle="-90.00" type="DEFAULT_VEHTYPE" speed="13.53" pos="26.37" lane="4/1to3/1_0" slope="0.00"/>
        <vehicle id="23" x="192.74" y="398.35" angle="90.00" type="DEFAULT_VEHTYPE" speed="0.02" pos="192.74" lane="0/2to1/2_0" slope="0.00"/>
        <vehicle id="24" x="201.65" y="527.87" angle="180.00" type="DEFAULT_VEHTYPE" speed="13.74" pos="123.12" lane="1/2to1/3_0" slope="0.00"/>
        <vehicle id="4" x="398.35" y="611.36" angle="0.00" type="DEFAULT_VEHTYPE" speed="12.79" pos="188.64" lane="2/4to2/3_0" slope="0.00"/>
        <vehicle id="5" x="186.03" y="401.65" angle="-90.00" type="DEFAULT_VEHTYPE" speed="9.74" pos="9.22" lane="1/2to0/2_0" slope="0.00"/>
        <vehicle id="6" x="401.65" y="678.82" angle="180.00" type="DEFAULT_VEHTYPE" speed="13.14" pos="74.07" lane="2/3to2/4_0" slope="0.00"/>
        <vehicle id="7" x="640.80" y="198.35" angle="90.00" type="DEFAULT_VEHTYPE" speed="13.34" pos="36.05" lane="3/1to4/1_0" slope="0.00"/>
        <vehicle id="8" x="581.28" y="198.35" angle="90.00" type="DEFAULT_VEHTYPE" speed="9.03" pos="176.53" lane="2/1to3/1_0" slope="0.00"/>
    </timestep>
    <timestep time="649.00">
        <vehicle id="0" x="215.54" y="401.65" angle="-90.00" type="DEFAULT_VEHTYPE" speed="7.05" pos="179.71" lane="2/2to1/2_0" slope="0.00"/>
        <vehicle id="10" x="450.01" y="401.65" angle="-90.00" type="DEFAULT_VEHTYPE" speed="13.90" pos="145.24" lane="3/2to2/2_0" slope="0.00"/>
        <vehicle id="11" x="430.54" y="198.35" angle="90.00" type="DEFAULT_VEHTYPE" speed="12.81" pos="25.79" lane="2/1to3/1_0" slope="0.00"/>
        <vehicle id="12" x="20.54" y="401.65" angle="-90.00" type="DEFAULT_VEHTYPE" speed="13.33" pos="174.71" lane="1/2to0/2_0" slope="0.00"/>
        <vehicle id="15" x="398.35" y="182.41" angle="0.00" type="DEFAULT_VEHTYPE" speed="13.21" pos="12.84" lane="2/1to2/0_0" slope="0.00"/>
        <vehicle id="19" x="398.35" y="770.04" angle="0.00" type="DEFAULT_VEHTYPE" speed="13.10" pos="29.96" lane="2/4to2/3_0" slope="0.00"/>
        <vehicle id="2" x="162.29" y="201.65" angle="-90.00" type="DEFAULT_VEHTYPE" speed="13.34" pos="32.96" lane="1/1to0/1_0" slope="0.00"/>
        <vehicle id="20" x="759.91" y="201.65" angle="-90.00" type="DEFAULT_VEHTYPE" speed="13.72" pos="40.09" lane="4/1to3/1_0" slope="0.00"/>
        <vehicle id="23" x="192.75" y="398.35" angle="90.00" type="DEFAULT_VEHTYPE" speed="0.01" pos="192.75" lane="0/2to1/2_0" slope="0.00"/>
        <vehicle id="24" x="201.65" y="540.70" angle="180.00" type="DEFAULT_VEHTYPE" speed="12.84" pos="135.95" lane="1/2to1/3_0" slope="0.00"/>
        <vehicle id="4" x="398.35" y="597.75" angle="0.00" type="DEFAULT_VEHTYPE" speed="13.61" pos="7.00" lane=":2/3_1_0" slope="0.00"/>
        <vehicle id="5" x="174.32" y="401.65" angle="-90.00" type="DEFAULT_VEHTYPE" speed="11.71" pos="20.93" lane="1/2to0/2_0" slope="0.00"/>
        <vehicle id="6" x="401.65" y="691.93" angle="180.00" type="DEFAULT_VEHTYPE" speed="13.11" pos="87.18" lane="2/3to2/4_0" slope="0.00"/>
        <vehicle id="7" x="654.57" y="198.35" angle="90.00" type="DEFAULT_VEHTYPE" speed="13.77" pos="49.82" lane="3/1to4/1_0" slope="0.00"/>
        <vehicle id="8" x="587.49" y="198.35" angle="90.00" type="DEFAULT_VEHTYPE" speed="6.21" pos="182.74" lane="2/1to3/1_0" slope="0.00"/>
    </timestep>
    <timestep time="650.00">
        <vehicle id="0" x="210.45" y="401.65" angle="-90.00" type="DEFAULT_VEHTYPE" speed="5.09" pos="184.80" lane="2/2to1/2_0" slope="0.00"/>
        <vehicle id="10" x="437.40" y="401.65" angle="-90.00" type="DEFAULT_VEHTYPE" speed="12.62" pos="157.85" lane="3/2to2/2_0" slope="0.00"/>
        <vehicle id="11" x="443.76" y="198.35" angle="90.00" type="DEFAULT_VEHTYPE" speed="13.22" pos="39.01" lane="2/1to3/1_0" slope="0.00"/>
        <vehicle id="12" x="7.76" y="401.65" angle="-90.00" type="DEFAULT_VEHTYPE" speed="12.79" pos="187.49" lane="1/2to0/2_0" slope="0.00"/>
        <vehicle id="15" x="398.35" y="169.14" angle="0.00" type="DEFAULT_VEHTYPE" speed="13.27" pos="26.11" lane="2/1to2/0_0" slope="0.00"/>
        <vehicle id="19" x="398.35" y="756.49" angle="0.00" type="DEFAULT_VEHTYPE" speed="13.55" pos="43.51" lane="2/4to2/3_0" slope="0.00"/>
        <vehicle id="2" x="149.12" y="201.65" angle="-90.00" type="DEFAULT_VEHTYPE" speed="13.17" pos="46.13" lane="1/1to0/1_0" slope="0.00"/>
        <vehicle id="20" x="746.55" y="201.65" angle="-90.00" type="DEFAULT_VEHTYPE" speed="13.37" pos="53.45" lane="4/1to3/1_0" slope="0.00"/>
        <vehicle id="23" x="192.75" y="398.35" angle="90.00" type="DEFAULT_VEHTYPE" speed="0.00" pos="192.75" lane="0/2to1/2_0" slope="0.00"/>
        <vehicle id="24" x="201.65" y="553.34" angle="180.00" type="DEFAULT_VEHTYPE" speed="12.63" pos="148.59" lane="1/2to1/3_0" slope="0.00"/>
        <vehicle id="4" x="398.35" y="584.92" angle="0.00" type="DEFAULT_VEHTYPE" speed="12.83" pos="10.33" lane="2/3to2/2_0" slope="0.00"/>
        <vehicle id="5" x="161.60" y="401.65" angle="-90.00" type="DEFAULT_VEHTYPE" speed="12.73" pos="33.65" lane="1/2to0/2_0" slope="0.00"/>
        <vehicle id="6" x="401.65" y="704.86" angle="180.00" type="DEFAULT_VEHTYPE" speed="12.93" pos="100.11" lane="2/3to2/4_0" slope="0.00"/>
        <vehicle id="7" x="667.47" y="198.35" angle="90.00" type="DEFAULT_VEHTYPE" speed="12.90" pos="62.72" lane="3/1to4/1_0" slope="0.00"/>
        <vehicle id="8" x="590.93" y="198.35" angle="90.00" type="DEFAULT_VEHTYPE" speed="3.44" pos="186.18" lane="2/1to3/1_0" slope="0.00"/>
    </timestep>
    <timestep time="651.00">
        <vehicle id="0" x="203.45" y="401.65" angle="-90.00" type="DEFAULT_VEHTYPE" speed="6.99" pos="1.30" lane=":1/2_5_0" slope="0.00"/>
        <vehicle id="10" x="425.23" y="401.65" angle="-90.00" type="DEFAULT_VEHTYPE" speed="12.16" pos="170.02" lane="3/2to2/2_0" slope="0.00"/>
        <vehicle id="11" x="457.54" y="198.35" angle="90.00" type="DEFAULT_VEHTYPE" speed="13.77" pos="52.79" lane="2/1to3/1_0" slope="0.00"/>
        <vehicle id="12" x="0.74" y="398.35" angle="22.04" type="DEFAULT_VEHTYPE" speed="13.32" pos="0.74" lane="0/2to1/2_0" slope="0.00"/>
        <vehicle id="15" x="398.35" y="155.78" angle="0.00" type="DEFAULT_VEHTYPE" speed="13.36" pos="39.47" lane="2/1to2/0_0" slope="0.00"/>
        <vehicle id="19" x="398.35" y="743.34" angle="0.00" type="DEFAULT_VEHTYPE" speed="13.14" pos="56.66" lane="2/4to2/3_0" slope="0.00"/>
        <vehicle id="2" x="135.67" y="201.65" angle="-90.00" type="DEFAULT_VEHTYPE" speed="13.45" pos="59.58" lane="1/1to0/1_0" slope="0.00"/>
        <vehicle id="20" x="733.32" y="201.65" angle="-90.00" type="DEFAULT_VEHTYPE" speed="13.23" pos="66.68" lane="4/1to3/1_0" slope="0.00"/>
        <vehicle id="23" x="192.75" y="398.35" angle="90.00" type="DEFAULT_VEHTYPE" speed="0.00" pos="192.75" lane="0/2to1/2_0" slope="0.00"/>
        <vehicle id="24" x="201.65" y="566.10" angle="180.00" type="DEFAULT_VEHTYPE" speed="12.76" pos="161.35" lane="1/2to1/3_0" slope="0.00"/>
        <vehicle id="4" x="398.35" y="571.37" angle="0.00" type="DEFAULT_VEHTYPE" speed="13.55" pos="23.88" lane="2/3to2/2_0" slope="0.00"/>
        <vehicle id="5" x="147.89" y="401.65" angle="-90.00" type="DEFAULT_VEHTYPE" speed="13.71" pos="47.36" lane="1/2to0/2_0" slope="0.00"/>
        <vehicle id="6" x="401.65" y="718.02" angle="180.00" type="DEFAULT_VEHTYPE" speed="13.16" pos="113.27" lane="2/3to2/4_0" slope="0.00"/>
        <vehicle id="7" x="681.19" y="198.35" angle="90.00" type="DEFAULT_VEHTYPE" speed="13.72" pos="76.44" lane="3/1to4/1_0" slope="0.00"/>
        <vehicle id="8" x="596.31" y="198.35" angle="90.00" type="DEFAULT_VEHTYPE" speed="5.38" pos="1.06" lane=":3/1_13_0" slope="0.00"/>
    </timestep>
    <timestep time="652.00">
        <vehicle id="0" x="194.18" y="401.65" angle="-90.00" type="DEFAULT_VEHTYPE" speed="9.28" pos="1.07" lane="1/2to0/2_0" slope="0.00"/>
        <vehicle id="10" x="417.47" y="401.65" angle="-90.00" type="DEFAULT_VEHTYPE" speed="7.76" pos="177.78" lane="3/2to2/2_0" slope="0.00"/>
        <vehicle id="11" x="470.40" y="198.35" angle="90.00" type="DEFAULT_VEHTYPE" speed="12.86" pos="65.65" lane="2/1to3/1_0" slope="0.00"/>
        <vehicle id="12" x="13.39" y="398.35" angle="90.00" type="DEFAULT_VEHTYPE" speed="12.65" pos="13.39" lane="0/2to1/2_0" slope="0.00"/>
        <vehicle id="15" x="398.35" y="142.12" angle="0.00" type="DEFAULT_VEHTYPE" speed="13.66" pos="53.13" lane="2/1to2/0_0" slope="0.00"/>
        <vehicle id="19" x="398.35" y="729.57" angle="0.00" type="DEFAULT_VEHTYPE" speed="13.78" pos="70.43" lane="2/4to2/3_0" slope="0.00"/>
        <vehicle id="2" x="122.99" y="201.65" angle="-90.00" type="DEFAULT_VEHTYPE" speed="12.67" pos="72.26" lane="1/1to0/1_0" slope="0.00"/>
        <vehicle id="20" x="720.06" y="201.65" angle="-90.00" type="DEFAULT_VEHTYPE" speed="13.26" pos="79.94" lane="4/1to3/1_0" slope="0.00"/>
        <vehicle id="23" x="192.75" y="398.35" angle="90.00" type="DEFAULT_VEHTYPE" speed="0.00" pos="192.75" lane="0/2to1/2_0" slope="0.00"/>
        <vehicle id="24" x="201.65" y="579.78" angle="180.00" type="DEFAULT_VEHTYPE" speed="13.68" pos="175.03" lane="1/2to1/3_0" slope="0.00"/>
        <vehicle id="4" x="398.35" y="557.91" angle="0.00" type="DEFAULT_VEHTYPE" speed="13.45" pos="37.34" lane="2/3to2/2_0" slope="0.00"/>
        <vehicle id="5" x="134.65" y="401.65" angle="-90.00" type="DEFAULT_VEHTYPE" speed="13.24" pos="60.60" lane="1/2to0/2_0" slope="0.00"/>
        <vehicle id="6" x="401.65" y="731.26" angle="180.00" type="DEFAULT_VEHTYPE" speed="13.24" pos="126.51" lane="2/3to2/4_0" slope="0.00"/>
        <vehicle id="7" x="694.29" y="198.35" angle="90.00" type="DEFAULT_VEHTYPE" speed="13.10" pos="89.54" lane="3/1to4/1_0" slope="0.00"/>
        <vehicle id="8" x="604.13" y="198.35" angle="90.00" type="DEFAULT_VEHTYPE" speed="7.82" pos="8.88" lane=":3/1_13_0" slope="0.00"/>
    </timestep>
    <timestep time="653.00">
        <vehicle id="0" x="183.49" y="401.65" angle="-90.00" type="DEFAULT_VEHTYPE" speed="10.69" pos="11.76" lane="1/2to0/2_0" slope="0.00"/>
        <vehicle id="10" x="412.18" y="401.65" angle="-90.00" type="DEFAULT_VEHTYPE" speed="5.29" pos="183.07" lane="3/2to2/2_0" slope="0.00"/>
        <vehicle id="11" x="483.91" y="198.35" angle="90.00" type="DEFAULT_VEHTYPE" speed="13.51" pos="79.16" lane="2/1to3/1_0" slope="0.00"/>
        <vehicle id="12" x="26.34" y="398.35" angle="90.00" type="DEFAULT_VEHTYPE" speed="12.95" pos="26.34" lane="0/2to1/2_0" slope="0.00"/>
        <vehicle id="15" x="398.35" y="128.42" angle="0.00" type="DEFAULT_VEHTYPE" speed="13.70" pos="66.83" lane="2/1to2/0_0" slope="0.00"/>
        <vehicle id="19" x="398.35" y="716.67" angle="0.00" type="DEFAULT_VEHTYPE" speed="12.90" pos="83.33" lane="2/4to2/3_0" slope="0.00"/>
        <vehicle id="2" x="109.46" y="201.65" angle="-90.00" type="DEFAULT_VEHTYPE" speed="13.54" pos="85.79" lane="1/1to0/1_0" slope="0.00"/>
        <vehicle id="20" x="707.20" y="201.65" angle="-90.00" type="DEFAULT_VEHTYPE" speed="12.86" pos="92.80" lane="4/1to3/1_0" slope="0.00"/>
        <vehicle id="23" x="194.05" y="398.35" angle="90.00" type="DEFAULT_VEHTYPE" speed="1.30" pos="194.05" lane="0/2to1/2_0" slope="0.00"/>
        <vehicle id="24" x="201.65" y="593.09" angle="180.00" type="DEFAULT_VEHTYPE" speed="13.31" pos="188.34" lane="1/2to1/3_0" slope="0.00"/>
        <vehicle id="4" x="398.35" y="545.09" angle="0.00" type="DEFAULT_VEHTYPE" speed="12.82" pos="50.16" lane="2/3to2/2_0" slope="0.00"/>
        <vehicle id="5" x="121.31" y="401.65" angle="-90.00" type="DEFAULT_VEHTYPE" speed="13.34" pos="73.94" lane="1/2to0/2_0" slope="0.00"/>
        <vehicle id="6" x="401.65" y="744.25" angle="180.00" type="DEFAULT_VEHTYPE" speed="12.99" pos="139.50" lane="2/3to2/4_0" slope="0.00"/>
        <vehicle id="7" x="707.72" y="198.35" angle="90.00" type="DEFAULT_VEHTYPE" speed="13.42" pos="102.97" lane="3/1to4/1_0" slope="0.00"/>
        <vehicle id="8" x="614.40" y="198.35" angle="90.00" type="DEFAULT_VEHTYPE" speed="10.26" pos="9.65" lane="3/1to4/1_0" slope="0.00"/>
    </timestep>
    <timestep time="654.00">
        <vehicle id="0" x="171.03" y="401.65" angle="-90.00" type="DEFAULT_VEHTYPE" speed="12.46" pos="24.22" lane="1/2to0/2_0" slope="0.00"/>
        <vehicle id="10" x="409.88" y="401.65" angle="-90.00" type="DEFAULT_VEHTYPE" speed="2.30" pos="185.37" lane="3/2to2/2_0" slope="0.00"/>
        <vehicle id="11" x="497.20" y="198.35" angle="90.00" type="DEFAULT_VEHTYPE" speed="13.28" pos="92.45" lane="2/1to3/1_0" slope="0.00"/>
        <vehicle id="12" x="39.96" y="398.35" angle="90.00" type="DEFAULT_VEHTYPE" speed="13.63" pos="39.96" lane="0/2to1/2_0" slope="0.00"/>
        <vehicle id="15" x="398.35" y="114.78" angle="0.00" type="DEFAULT_VEHTYPE" speed="13.64" pos="80.47" lane="2/1to2/0_0" slope="0.00"/>
        <vehicle id="19" x="398.35" y="703.93" angle="0.00" type="DEFAULT_VEHTYPE" speed="12.73" pos="96.07" lane="2/4to2/3_0" slope="0.00"/>
        <vehicle id="2" x="96.01" y="201.65" angle="-90.00" type="DEFAULT_VEHTYPE" speed="13.44" pos="99.24" lane="1/1to0/1_0" slope="0.00"/>
        <vehicle id="20" x="693.66" y="201.65" angle="-90.00" type="DEFAULT_VEHTYPE" speed="13.55" pos="106.34" lane="4/1to3/1_0" slope="0.00"/>
        <vehicle id="23" x="197.53" y="398.68" angle="93.74" type="DEFAULT_VEHTYPE" speed="3.50" pos="2.30" lane=":1/2_14_0" slope="0.00"/>
        <vehicle id="24" x="210.85" y="598.35" angle="90.00" type="DEFAULT_VEHTYPE" speed="13.25" pos="6.10" lane="1/3to2/3_0" slope="0.00"/>
        <vehicle id="4" x="398.35" y="531.71" angle="0.00" type="DEFAULT_VEHTYPE" speed="13.39" pos="63.54" lane="2/3to2/2_0" slope="0.00"/>
        <vehicle id="5" x="108.22" y="401.65" angle="-90.00" type="DEFAULT_VEHTYPE" speed="13.10" pos="87.03" lane="1/2to0/2_0" slope="0.00"/>
        <vehicle id="6" x="401.65" y="758.12" angle="180.00" type="DEFAULT_VEHTYPE" speed="13.87" pos="153.37" lane="2/3to2/4_0" slope="0.00"/>
        <vehicle id="7" x="721.55" y="198.35" angle="90.00" type="DEFAULT_VEHTYPE" speed="13.83" pos="116.80" lane="3/1to4/1_0" slope="0.00"/>
        <vehicle id="8" x="626.42" y="198.35" angle="90.00" type="DEFAULT_VEHTYPE" speed="12.03" pos="21.67" lane="3/1to4/1_0" slope="0.00"/>
    </timestep>
    <timestep time="655.00">
        <vehicle id="0" x="158.06" y="401.65" angle="-90.00" type="DEFAULT_VEHTYPE" speed="12.97" pos="37.19" lane="1/2to0/2_0" slope="0.00"/>
        <vehicle id="10" x="405.94" y="401.65" angle="-90.00" type="DEFAULT_VEHTYPE" speed="3.94" pos="189.31" lane="3/2to2/2_0" slope="0.00"/>
        <vehicle id="11" x="509.90" y="198.35" angle="90.00" type="DEFAULT_VEHTYPE" speed="12.70" pos="105.15" lane="2/1to3/1_0" slope="0.00"/>
        <vehicle id="12" x="53.49" y="398.35" angle="90.00" type="DEFAULT_VEHTYPE" speed="13.52" pos="53.49" lane="0/2to1/2_0" slope="0.00"/>
        <vehicle id="15" x="398.35" y="101.83" angle="0.00" type="DEFAULT_VEHTYPE" speed="12.94" pos="93.42" lane="2/1to2/0_0" slope="0.00"/>
        <vehicle id="19" x="398.35" y="690.81" angle="0.00" type="DEFAULT_VEHTYPE" speed="13.13" pos="109.19" lane="2/4to2/3_0" slope="0.00"/>
        <vehicle id="2" x="82.46" y="201.65" angle="-90.00" type="DEFAULT_VEHTYPE" speed="13.56" pos="112.79" lane="1/1to0/1_0" slope="0.00"/>
        <vehicle id="20" x="680.17" y="201.65" angle="-90.00" type="DEFAULT_VEHTYPE" speed="13.49" pos="119.83" lane="4/1to3/1_0" slope="0.00"/>
        <vehicle id="23" x="201.27" y="402.09" angle="134.60" type="DEFAULT_VEHTYPE" speed="5.33" pos="7.63" lane=":1/2_14_0" slope="0.00"/>
        <vehicle id="24" x="224.43" y="598.35" angle="90.00" type="DEFAULT_VEHTYPE" speed="13.59" pos="19.68" lane="1/3to2/3_0" slope="0.00"/>
        <vehicle id="4" x="398.35" y="519.05" angle="0.00" type="DEFAULT_VEHTYPE" speed="12.65" pos="76.20" lane="2/3to2/2_0" slope="0.00"/>
        <vehicle id="5" x="94.45" y="401.65" angle="-90.00" type="DEFAULT_VEHTYPE" speed="13.77" pos="100.80" lane="1/2to0/2_0" slope="0.00"/>
        <vehicle id="6" x="401.65" y="771.20" angle="180.00" type="DEFAULT_VEHTYPE" speed="13.08" pos="166.45" lane="2/3to2/4_0" slope="0.00"/>
        <vehicle id="7" x="734.92" y="198.35" angle="90.00" type="DEFAULT_VEHTYPE" speed="13.37" pos="130.17" lane="3/1to4/1_0" slope="0.00"/>
        <vehicle id="8" x="639.78" y="198.35" angle="90.00" type="DEFAULT_VEHTYPE" speed="13.35" pos="35.03" lane="3/1to4/1_0" slope="0.00"/>
    </timestep>
    <timestep time="656.00">
        <vehicle id="0" x="144.59" y="401.65" angle="-90.00" type="DEFAULT_VEHTYPE" speed="13.47" pos="50.66" lane="1/2to0/2_0" slope="0.00"/>
        <vehicle id="10" x="400.03" y="400.10" angle="-71.68" type="DEFAULT_VEHTYPE" speed="6.25" pos="5.06" lane=":2/2_6_0" slope="0.00"/>
        <vehicle id="11" x="522.82" y="198.35" angle="90.00" type="DEFAULT_VEHTYPE" speed="12.92" pos="118.07" lane="2/1to3/1_0" slope="0.00"/>
        <vehicle id="12" x="67.24" y="398.35" angle="90.00" type="DEFAULT_VEHTYPE" speed="13.75" pos="67.24" lane="0/2to1/2_0" slope="0.00"/>
        <vehicle id="15" x="398.35" y="88.17" angle="0.00" type="DEFAULT_VEHTYPE" speed="13.67" pos="107.08" lane="2/1to2/0_0" slope="0.00"/>
        <vehicle id="19" x="398.35" y="677.35" angle="0.00" type="DEFAULT_VEHTYPE" speed="13.46" pos="122.65" lane="2/4to2/3_0" slope="0.00"/>
        <vehicle id="2" x="69.39" y="201.65" angle="-90.00" type="DEFAULT_VEHTYPE" speed="13.07" pos="125.86" lane="1/1to0/1_0" slope="0.00"/>
        <vehicle id="20" x="666.44" y="201.65" angle="-90.00" type="DEFAULT_VEHTYPE" speed="13.73" pos="133.56" lane="4/1to3/1_0" slope="0.00"/>
        <vehicle id="23" x="201.65" y="408.90" angle="178.62" type="DEFAULT_VEHTYPE" speed="6.84" pos="4.15" lane="1/2to1/3_0" slope="0.00"/>
        <vehicle id="24" x="237.93" y="598.35" angle="90.00" type="DEFAULT_VEHTYPE" speed="13.50" pos="33.18" lane="1/3to2/3_0" slope="0.00"/>
        <vehicle id="4" x="398.35" y="505.38" angle="0.00" type="DEFAULT_VEHTYPE" speed="13.68" pos="89.87" lane="2/3to2/2_0" slope="0.00"/>
        <vehicle id="5" x="80.92" y="401.65" angle="-90.00" type="DEFAULT_VEHTYPE" speed="13.53" pos="114.33" lane="1/2to0/2_0" slope="0.00"/>
        <vehicle id="6" x="401.65" y="783.88" angle="180.00" type="DEFAULT_VEHTYPE" speed="12.68" pos="179.13" lane="2/3to2/4_0" slope="0.00"/>
        <vehicle id="7" x="748.76" y="198.35" angle="90.00" type="DEFAULT_VEHTYPE" speed="13.84" pos="144.01" lane="3/1to4/1_0" slope="0.00"/>
        <vehicle id="8" x="653.14" y="198.35" angle="90.00" type="DEFAULT_VEHTYPE" speed="13.36" pos="48.39" lane="3/1to4/1_0" slope="0.00"/>
    </timestep>
    <timestep time="657.00">
        <vehicle id="0" x="131.77" y="401.65" angle="-90.00" type="DEFAULT_VEHTYPE" speed="12.83" pos="63.48" lane="1/2to0/2_0" slope="0.00"/>
        <vehicle id="10" x="398.35" y="392.40" angle="-3.49" type="DEFAULT_VEHTYPE" speed="8.11" pos="2.85" lane="2/2to2/1_0" slope="0.00"/>
        <vehicle id="11" x="536.65" y="198.35" angle="90.00" type="DEFAULT_VEHTYPE" speed="13.83" pos="131.90" lane="2/1to3/1_0" slope="0.00"/>
        <vehicle id="12" x="80.72" y="398.35" angle="90.00" type="DEFAULT_VEHTYPE" speed="13.47" pos="80.72" lane="0/2to1/2_0" slope="0.00"/>
        <vehicle id="15" x="398.35" y="75.00" angle="0.00" type="DEFAULT_VEHTYPE" speed="13.16" pos="120.25" lane="2/1to2/0_0" slope="0.00"/>
        <vehicle id="19" x="398.35" y="663.98" angle="0.00" type="DEFAULT_VEHTYPE" speed="13.36" pos="136.02" lane="2/4to2/3_0" slope="0.00"/>
        <vehicle id="2" x="55.69" y="201.65" angle="-90.00" type="DEFAULT_VEHTYPE" speed="13.70" pos="139.56" lane="1/1to0/1_0" slope="0.00"/>
        <vehicle id="20" x="653.24" y="201.65" angle="-90.00" type="DEFAULT_VEHTYPE" speed="13.20" pos="146.76" lane="4/1to3/1_0" slope="0.00"/>
        <vehicle id="23" x="201.65" y="417.05" angle="180.00" type="DEFAULT_VEHTYPE" speed="8.15" pos="12.30" lane="1/2to1/3_0" slope="0.00"/>
        <vehicle id="24" x="251.69" y="598.35" angle="90.00" type="DEFAULT_VEHTYPE" speed="13.76" pos="46.94" lane="1/3to2/3_0" slope="0.00"/>
        <vehicle id="4" x="398.35" y="491.85" angle="0.00" type="DEFAULT_VEHTYPE" speed="13.53" pos="103.40" lane="2/3to2/2_0" slope="0.00"/>
        <vehicle id="5" x="67.26" y="401.65" angle="-90.00" type="DEFAULT_VEHTYPE" speed="13.66" pos="127.99" lane="1/2to0/2_0" slope="0.00"/>
        <vehicle id="6" x="401.65" y="796.68" angle="180.00" type="DEFAULT_VEHTYPE" speed="12.80" pos="191.93" lane="2/3to2/4_0" slope="0.00"/>
        <vehicle id="7" x="762.44" y="198.35" angle="90.00" type="DEFAULT_VEHTYPE" speed="13.68" pos="157.69" lane="3/1to4/1_0" slope="0.00"/>
        <vehicle id="8" x="666.67" y="198.35" angle="90.00" type="DEFAULT_VEHTYPE" speed="13.53" pos="61.92" lane="3/1to4/1_0" slope="0.00"/>
    </timestep>
    <timestep time="658.00">
        <vehicle id="0" x="118.45" y="401.65" angle="-90.00" type="DEFAULT_VEHTYPE" speed="13.32" pos="76.80" lane="1/2to0/2_0" slope="0.00"/>
        <vehicle id="10" x="398.35" y="382.19" angle="0.00" type="DEFAULT_VEHTYPE" speed="10.21" pos="13.06" lane="2/2to2/1_0" slope="0.00"/>
        <vehicle id="11" x="550.14" y="198.35" angle="90.00" type="DEFAULT_VEHTYPE" speed="13.49" pos="145.39" lane="2/1to3/1_0" slope="0.00"/>
        <vehicle id="12" x="93.37" y="398.35" angle="90.00" type="DEFAULT_VEHTYPE" speed="12.66" pos="93.37" lane="0/2to1/2_0" slope="0.00"/>
        <vehicle id="15" x="398.35" y="61.57" angle="0.00" type="DEFAULT_VEHTYPE" speed="13.43" pos="133.68" lane="2/1to2/0_0" slope="0.00"/>
        <vehicle id="19" x="398.35" y="651.04" angle="0.00" type="DEFAULT_VEHTYPE" speed="12.94" pos="148.96" lane="2/4to2/3_0" slope="0.00"/>
        <vehicle id="2" x="42.18" y="201.65" angle="-90.00" type="DEFAULT_VEHTYPE" speed="13.51" pos="153.07" lane="1/1to0/1_0" slope="0.00"/>
        <vehicle id="20" x="639.37" y="201.65" angle="-90.00" type="DEFAULT_VEHTYPE" speed="13.87" pos="160.63" lane="4/1to3/1_0" slope="0.00"/>
        <vehicle id="23" x="201.65" y="427.15" angle="180.00" type="DEFAULT_VEHTYPE" speed="10.10" pos="22.40" lane="1/2to1/3_0" slope="0.00"/>
        <vehicle id="24" x="264.53" y="598.35" angle="90.00" type="DEFAULT_VEHTYPE" speed="12.84" pos="59.78" lane="1/3to2/3_0" slope="0.00"/>
        <vehicle id="4" x="398.35" y="478.27" angle="0.00" type="DEFAULT_VEHTYPE" speed="13.58" pos="116.98" lane="2/3to2/2_0" slope="0.00"/>
        <vehicle id="5" x="54.23" y="401.65" angle="-90.00" type="DEFAULT_VEHTYPE" speed="13.03" pos="141.02" lane="1/2to0/2_0" slope="0.00"/>
        <vehicle id="6" x="398.35" y="794.89" angle="0.00" type="DEFAULT_VEHTYPE" speed="13.25" pos="5.11" lane="2/4to2/3_0" slope="0.00"/>
        <vehicle id="7" x="775.70" y="198.35" angle="90.00" type="DEFAULT_VEHTYPE" speed="13.26" pos="170.95" lane="3/1to4/1_0" slope="0.00"/>
        <vehicle id="8" x="679.74" y="198.35" angle="90.00" type="DEFAULT_VEHTYPE" speed="13.07" pos="74.99" lane="3/1to4/1_0" slope="0.00"/>
    </timestep>
    <timestep time="659.00">
        <vehicle id="0" x="105.79" y="401.65" angle="-90.00" type="DEFAULT_VEHTYPE" speed="12.66" pos="89.46" lane="1/2to0/2_0" slope="0.00"/>
        <vehicle id="10" x="398.35" y="370.09" angle="0.00" type="DEFAULT_VEHTYPE" speed="12.10" pos="25.16" lane="2/2to2/1_0" slope="0.00"/>
        <vehicle id="11" x="563.28" y="198.35" angle="90.00" type="DEFAULT_VEHTYPE" speed="13.14" pos="158.53" lane="2/1to3/1_0" slope="0.00"/>
        <vehicle id="12" x="107.02" y="398.35" angle="90.00" type="DEFAULT_VEHTYPE" speed="13.65" pos="107.02" lane="0/2to1/2_0" slope="0.00"/>
        <vehicle id="15" x="398.35" y="47.71" angle="0.00" type="DEFAULT_VEHTYPE" speed="13.87" pos="147.54" lane="2/1to2/0_0" slope="0.00"/>
        <vehicle id="19" x="398.35" y="637.47" angle="0.00" type="DEFAULT_VEHTYPE" speed="13.57" pos="162.53" lane="2/4to2/3_0" slope="0.00"/>
        <vehicle id="2" x="29.35" y="201.65" angle="-90.00" type="DEFAULT_VEHTYPE" speed="12.83" pos="165.90" lane="1/1to0/1_0" slope="0.00"/>
        <vehicle id="20" x="627.20" y="201.65" angle="-90.00" type="DEFAULT_VEHTYPE" speed="12.17" pos="172.80" lane="4/1to3/1_0" slope="0.00"/>
        <vehicle id="23" x="201.65" y="439.24" angle="180.00" type="DEFAULT_VEHTYPE" speed="12.10" pos="34.49" lane="1/2to1/3_0" slope="0.00"/>
        <vehicle id="24" x="277.76" y="598.35" angle="90.00" type="DEFAULT_VEHTYPE" speed="13.22" pos="73.01" lane="1/3to2/3_0" slope="0.00"/>
        <vehicle id="4" x="398.35" y="464.72" angle="0.00" type="DEFAULT_VEHTYPE" speed="13.55" pos="130.53" lane="2/3to2/2_0" slope="0.00"/>
        <vehicle id="5" x="41.38" y="401.65" angle="-90.00" type="DEFAULT_VEHTYPE" speed="12.85" pos="153.87" lane="1/2to0/2_0" slope="0.00"/>
        <vehicle id="6" x="398.35" y="782.01" angle="0.00" type="DEFAULT_VEHTYPE" speed="12.87" pos="17.99" lane="2/4to2/3_0" slope="0.00"/>
        <vehicle id="7" x="789.25" y="198.35" angle="90.00" type="DEFAULT_VEHTYPE" speed="13.55" pos="184.50" lane="3/1to4/1_0" slope="0.00"/>
        <vehicle id="8" x="693.12" y="198.35" angle="90.00" type="DEFAULT_VEHTYPE" speed="13.38" pos="88.37" lane="3/1to4/1_0" slope="0.00"/>
    </timestep>
    <timestep time="660.00">
        <vehicle id="0" x="92.40" y="401.65" angle="-90.00" type="DEFAULT_VEHTYPE" speed="13.39" pos="102.85" lane="1/2to0/2_0" slope="0.00"/>
        <vehicle id="10" x="398.35" y="357.34" angle="0.00" type="DEFAULT_VEHTYPE" speed="12.75" pos="37.91" lane="2/2to2/1_0" slope="0.00"/>
        <vehicle id="11" x="575.34" y="198.35" angle="90.00" type="DEFAULT_VEHTYPE" speed="12.06" pos="170.59" lane="2/1to3/1_0" slope="0.00"/>
        <vehicle id="12" x="120.35" y="398.35" angle="90.00" type="DEFAULT_VEHTYPE" speed="13.33" pos="120.35" lane="0/2to1/2_0" slope="0.00"/>
        <vehicle id="15" x="398.35" y="34.88" angle="0.00" type="DEFAULT_VEHTYPE" speed="12.83" pos="160.37" lane="2/1to2/0_0" slope="0.00"/>
        <vehicle id="19" x="398.35" y="623.59" angle="0.00" type="DEFAULT_VEHTYPE" speed="13.87" pos="176.41" lane="2/4to2/3_0" slope="0.00"/>
        <vehicle id="2" x="16.19" y="201.65" angle="-90.00" type="DEFAULT_VEHTYPE" speed="13.16" pos="179.06" lane="1/1to0/1_0" slope="0.00"/>
        <vehicle id="20" x="618.36" y="201.65" angle="-90.00" type="DEFAULT_VEHTYPE" speed="8.85" pos="181.64" lane="4/1to3/1_0" slope="0.00"/>
        <vehicle id="23" x="201.65" y="452.27" angle="180.00" type="DEFAULT_VEHTYPE" speed="13.03" pos="47.52" lane="1/2to1/3_0" slope="0.00"/>
        <vehicle id="24" x="291.34" y="598.35" angle="90.00" type="DEFAULT_VEHTYPE" speed="13.59" pos="86.59" lane="1/3to2/3_0" slope="0.00"/>
        <vehicle id="4" x="398.35" y="451.15" angle="0.00" type="DEFAULT_VEHTYPE" speed="13.57" pos="144.10" lane="2/3to2/2_0" slope="0.00"/>
        <vehicle id="5" x="27.61" y="401.65" angle="-90.00" type="DEFAULT_VEHTYPE" speed="13.77" pos="167.64" lane="1/2to0/2_0" slope="0.00"/>
        <vehicle id="6" x="398.35" y="769.20" angle="0.00" type="DEFAULT_VEHTYPE" speed="12.82" pos="30.80" lane="2/4to2/3_0" slope="0.00"/>
        <vehicle id="7" x="801.63" y="200.05" angle="112.22" type="DEFAULT_VEHTYPE" speed="13.22" pos="2.47" lane=":4/1_0_0" slope="0.00"/>
        <vehicle id="8" x="706.06" y="198.35" angle="90.00" type="DEFAULT_VEHTYPE" speed="12.94" pos="101.31" lane="3/1to4/1_0" slope="0.00"/>
    </timestep>
    <timestep time="661.00">
        <vehicle id="0" x="78.59" y="401.65" angle="-90.00" type="DEFAULT_VEHTYPE" speed="13.82" pos="116.66" lane="1/2to0/2_0" slope="0.00"/>
        <vehicle id="10" x="398.35" y="344.69" angle="0.00" type="DEFAULT_VEHTYPE" speed="12.65" pos="50.56" lane="2/2to2/1_0" slope="0.00"/>
        <vehicle id="11" x="582.90" y="198.35" angle="90.00" type="DEFAULT_VEHTYPE" speed="7.56" pos="178.15" lane="2/1to3/1_0" slope="0.00"/>
        <vehicle id="12" x="134.10" y="398.35" angle="90.00" type="DEFAULT_VEHTYPE" speed="13.75" pos="134.10" lane="0/2to1/2_0" slope="0.00"/>
        <vehicle id="15" x="398.35" y="21.52" angle="0.00" type="DEFAULT_VEHTYPE" speed="13.36" pos="173.73" lane="2/1to2/0_0" slope="0.00"/>
        <vehicle id="19" x="398.35" y="610.58" angle="0.00" type="DEFAULT_VEHTYPE" speed="13.01" pos="189.42" lane="2/4to2/3_0" slope="0.00"/>
        <vehicle id="2" x="3.05" y="201.65" angle="-90.00" type="DEFAULT_VEHTYPE" speed="13.14" pos="192.20" lane="1/1to0/1_0" slope="0.00"/>
        <vehicle id="20" x="612.68" y="201.65" angle="-90.00" type="DEFAULT_VEHTYPE" speed="5.68" pos="187.32" lane="4/1to3/1_0" slope="0.00"/>
        <vehicle id="23" x="201.65" y="465.84" angle="180.00" type="DEFAULT_VEHTYPE" speed="13.57" pos="61.09" lane="1/2to1/3_0" slope="0.00"/>
        <vehicle id="24" x="304.67" y="598.35" angle="90.00" type="DEFAULT_VEHTYPE" speed="13.33" pos="99.92" lane="1/3to2/3_0" slope="0.00"/>
        <vehicle id="4" x="398.35" y="438.10" angle="0.00" type="DEFAULT_VEHTYPE" speed="13.05" pos="157.15" lane="2/3to2/2_0" slope="0.00"/>
        <vehicle id="5" x="14.68" y="401.65" angle="-90.00" type="DEFAULT_VEHTYPE" speed="12.92" pos="180.57" lane="1/2to0/2_0" slope="0.00"/>
        <vehicle id="6" x="398.35" y="756.54" angle="0.00" type="DEFAULT_VEHTYPE" speed="12.66" pos="43.46" lane="2/4to2/3_0" slope="0.00"/>
        <vehicle id="7" x="788.96" y="201.65" angle="-90.00" type="DEFAULT_VEHTYPE" speed="13.40" pos="11.04" lane="4/1to3/1_0" slope="0.00"/>
        <vehicle id="8" x="718.98" y="198.35" angle="90.00" type="DEFAULT_VEHTYPE" speed="12.92" pos="114.23" lane="3/1to4/1_0" slope="0.00"/>
    </timestep>
    <timestep time="662.00">
        <vehicle id="0" x="65.39" y="401.65" angle="-90.00" type="DEFAULT_VEHTYPE" speed="13.19" pos="129.86" lane="1/2to0/2_0" slope="0.00"/>
        <vehicle id="10" x="398.35" y="331.89" angle="0.00" type="DEFAULT_VEHTYPE" speed="12.80" pos="63.36" lane="2/2to2/1_0" slope="0.00"/>
        <vehicle id="11" x="588.33" y="198.35" angle="90.00" type="DEFAULT_VEHTYPE" speed="5.43" pos="183.58" lane="2/1to3/1_0" slope="0.00"/>
        <vehicle id="12" x="147.91" y="398.35" angle="90.00" type="DEFAULT_VEHTYPE" speed="13.82" pos="147.91" lane="0/2to1/2_0" slope="0.00"/>
        <vehicle id="15" x="398.35" y="8.68" angle="0.00" type="DEFAULT_VEHTYPE" speed="12.83" pos="186.57" lane="2/1to2/0_0" slope="0.00"/>
        <vehicle id="19" x="398.35" y="597.37" angle="0.00" type="DEFAULT_VEHTYPE" speed="13.21" pos="7.38" lane=":2/3_1_0" slope="0.00"/>
        <vehicle id="2" x="5.46" y="198.35" angle="90.00" type="DEFAULT_VEHTYPE" speed="13.33" pos="5.46" lane="0/1to1/1_0" slope="0.00"/>
        <vehicle id="20" x="609.86" y="201.65" angle="-90.00" type="DEFAULT_VEHTYPE" speed="2.82" pos="190.14" lane="4/1to3/1_0" slope="0.00"/>
        <vehicle id="23" x="201.65" y="479.19" angle="180.00" type="DEFAULT_VEHTYPE" speed="13.35" pos="74.44" lane="1/2to1/3_0" slope="0.00"/>
        <vehicle id="24" x="317.34" y="598.35" angle="90.00" type="DEFAULT_VEHTYPE" speed="12.67" pos="112.59" lane="1/3to2/3_0" slope="0.00"/>
        <vehicle id="4" x="398.35" y="424.27" angle="0.00" type="DEFAULT_VEHTYPE" speed="13.83" pos="170.98" lane="2/3to2/2_0" slope="0.00"/>
        <vehicle id="5" x="1.34" y="401.65" angle="-90.00" type="DEFAULT_VEHTYPE" speed="13.34" pos="193.91" lane="1/2to0/2_0" slope="0.00"/>
        <vehicle id="6" x="398.35" y="743.29" angle="0.00" type="DEFAULT_VEHTYPE" speed="13.25" pos="56.71" lane="2/4to2/3_0" slope="0.00"/>
        <vehicle id="7" x="776.13" y="201.65" angle="-90.00" type="DEFAULT_VEHTYPE" speed="12.83" pos="23.87" lane="4/1to3/1_0" slope="0.00"/>
        <vehicle id="8" x="732.16" y="198.35" angle="90.00" type="DEFAULT_VEHTYPE" speed="13.19" pos="127.41" lane="3/1to4/1_0" slope="0.00"/>
    </timestep>
    <timestep time="663.00">
        <vehicle id="0" x="52.63" y="401.65" angle="-90.00" type="DEFAULT_VEHTYPE" speed="12.76" pos="142.62" lane="1/2to0/2_0" slope="0.00"/>
        <vehicle id="10" x="398.35" y="318.45" angle="0.00" type="DEFAULT_VEHTYPE" speed="13.44" pos="76.80" lane="2/2to2/1_0" slope="0.00"/>
        <vehicle id="11" x="590.62" y="198.35" angle="90.00" type="DEFAULT_VEHTYPE" speed="2.29" pos="185.87" lane="2/1to3/1_0" slope="0.00"/>
        <vehicle id="12" x="161.02" y="398.35" angle="90.00" type="DEFAULT_VEHTYPE" speed="13.10" pos="161.02" lane="0/2to1/2_0" slope="0.00"/>
        <vehicle id="15" x="401.64" y="-0.01" angle="86.45" type="DEFAULT_VEHTYPE" speed="13.49" pos="4.81" lane=":2/0_0_0" slope="0.00"/>
        <vehicle id="19" x="398.35" y="583.54" angle="0.00" type="DEFAULT_VEHTYPE" speed="13.82" pos="11.71" lane="2/3to2/2_0" slope="0.00"/>
        <vehicle id="2" x="18.31" y="198.35" angle="90.00" type="DEFAULT_VEHTYPE" speed="12.85" pos="18.31" lane="0/1to1/1_0" slope="0.00"/>
        <vehicle id="20" x="605.07" y="201.65" angle="-90.00" type="DEFAULT_VEHTYPE" speed="4.79" pos="194.93" lane="4/1to3/1_0" slope="0.00"/>
        <vehicle id="23" x="201.65" y="492.34" angle="180.00" type="DEFAULT_VEHTYPE" speed="13.14" pos="87.59" lane="1/2to1/3_0" slope="0.00"/>
        <vehicle id="24" x="330.71" y="598.35" angle="90.00" type="DEFAULT_VEHTYPE" speed="13.37" pos="125.96" lane="1/3to2/3_0" slope="0.00"/>
        <vehicle id="4" x="398.35" y="410.59" angle="0.00" type="DEFAULT_VEHTYPE" speed="13.68" pos="184.66" lane="2/3to2/2_0" slope="0.00"/>
        <vehicle id="5" x="7.25" y="398.35" angle="90.00" type="DEFAULT_VEHTYPE" speed="13.41" pos="7.25" lane="0/2to1/2_0" slope="0.00"/>
        <vehicle id="6" x="398.35" y="730.58" angle="0.00" type="DEFAULT_VEHTYPE" speed="12.71" pos="69.42" lane="2/4to2/3_0" slope="0.00"/>
        <vehicle id="7" x="762.68" y="201.65" angle="-90.00" type="DEFAULT_VEHTYPE" speed="13.44" pos="37.32" lane="4/1to3/1_0" slope="0.00"/>
        <vehicle id="8" x="745.79" y="198.35" angle="90.00" type="DEFAULT_VEHTYPE" speed="13.62" pos="141.04" lane="3/1to4/1_0" slope="0.00"/>
    </timestep>
    <timestep time="664.00">
        <vehicle id="0" x="39.96" y="401.65" angle="-90.00" type="DEFAULT_VEHTYPE" speed="12.67" pos="155.29" lane="1/2to0/2_0" slope="0.00"/>
        <vehicle id="10" x="398.35" y="305.31" angle="0.00" type="DEFAULT_VEHTYPE" speed="13.15" pos="89.94" lane="2/2to2/1_0" slope="0.00"/>
        <vehicle id="11" x="591.86" y="198.35" angle="90.00" type="DEFAULT_VEHTYPE" speed="1.25" pos="187.11" lane="2/1to3/1_0" slope="0.00"/>
        <vehicle id="12" x="173.89" y="398.35" angle="90.00" type="DEFAULT_VEHTYPE" speed="12.88" pos="173.89" lane="0/2to1/2_0" slope="0.00"/>
        <vehicle id="15" x="401.65" y="13.42" angle="180.00" type="DEFAULT_VEHTYPE" speed="13.43" pos="13.42" lane="2/0to2/1_0" slope="0.00"/>
        <vehicle id="19" x="398.35" y="570.44" angle="0.00" type="DEFAULT_VEHTYPE" speed="13.10" pos="24.81" lane="2/3to2/2_0" slope="0.00"/>
        <vehicle id="2" x="31.55" y="198.35" angle="90.00" type="DEFAULT_VEHTYPE" speed="13.23" pos="31.55" lane="0/1to1/1_0" slope="0.00"/>
        <vehicle id="20" x="601.65" y="206.14" angle="-158.06" type="DEFAULT_VEHTYPE" speed="6.71" pos="1.39" lane="3/1to3/2_0" slope="0.00"/>
        <vehicle id="23" x="201.65" y="504.96" angle="180.00" type="DEFAULT_VEHTYPE" speed="12.62" pos="100.21" lane="1/2to1/3_0" slope="0.00"/>
        <vehicle id="24" x="344.31" y="598.35" angle="90.00" type="DEFAULT_VEHTYPE" speed="13.60" pos="139.56" lane="1/3to2/3_0" slope="0.00"/>
        <vehicle id="4" x="393.09" y="401.65" angle="-77.15" type="DEFAULT_VEHTYPE" speed="13.00" pos="2.16" lane="2/2to1/2_0" slope="0.00"/>
        <vehicle id="5" x="20.49" y="398.35" angle="90.00" type="DEFAULT_VEHTYPE" speed="13.24" pos="20.49" lane="0/2to1/2_0" slope="0.00"/>
        <vehicle id="6" x="398.35" y="717.13" angle="0.00" type="DEFAULT_VEHTYPE" speed="13.45" pos="82.87" lane="2/4to2/3_0" slope="0.00"/>
        <vehicle id="7" x="749.20" y="201.65" angle="-90.00" type="DEFAULT_VEHTYPE" speed="13.48" pos="50.80" lane="4/1to3/1_0" slope="0.00"/>
        <vehicle id="8" x="758.76" y="198.35" angle="90.00" type="DEFAULT_VEHTYPE" speed="12.97" pos="154.01" lane="3/1to4/1_0" slope="0.00"/>
    </timestep>
    <timestep time="665.00">
        <vehicle id="0" x="26.91" y="401.65" angle="-90.00" type="DEFAULT_VEHTYPE" speed="13.05" pos="168.34" lane="1/2to0/2_0" slope="0.00"/>
        <vehicle id="10" x="398.35" y="292.48" angle="0.00" type="DEFAULT_VEHTYPE" speed="12.82" pos="102.77" lane="2/2to2/1_0" slope="0.00"/>
        <vehicle id="11" x="592.66" y="198.35" angle="90.00" type="DEFAULT_VEHTYPE" speed="0.79" pos="187.91" lane="2/1to3/1_0" slope="0.00"/>
        <vehicle id="12" x="182.27" y="398.35" angle="90.00" type="DEFAULT_VEHTYPE" speed="8.38" pos="182.27" lane="0/2to1/2_0" slope="0.00"/>
        <vehicle id="15" x="401.65" y="26.72" angle="180.00" type="DEFAULT_VEHTYPE" speed="13.30" pos="26.72" lane="2/0to2/1_0" slope="0.00"/>
        <vehicle id="19" x="398.35" y="557.03" angle="0.00" type="DEFAULT_VEHTYPE" speed="13.41" pos="38.22" lane="2/3to2/2_0" slope="0.00"/>
        <vehicle id="2" x="44.17" y="198.35" angle="90.00" type="DEFAULT_VEHTYPE" speed="12.62" pos="44.17" lane="0/1to1/1_0" slope="0.00"/>
        <vehicle id="20" x="601.65" y="214.34" angle="180.00" type="DEFAULT_VEHTYPE" speed="8.20" pos="9.59" lane="3/1to3/2_0" slope="0.00"/>
        <vehicle id="23" x="201.65" y="518.41" angle="180.00" type="DEFAULT_VEHTYPE" speed="13.45" pos="113.66" lane="1/2to1/3_0" slope="0.00"/>
        <vehicle id="24" x="358.14" y="598.35" angle="90.00" type="DEFAULT_VEHTYPE" speed="13.83" pos="153.39" lane="1/3to2/3_0" slope="0.00"/>
        <vehicle id="4" x="379.39" y="401.65" angle="-90.00" type="DEFAULT_VEHTYPE" speed="13.70" pos="15.86" lane="2/2to1/2_0" slope="0.00"/>
        <vehicle id="5" x="33.40" y="398.35" angle="90.00" type="DEFAULT_VEHTYPE" speed="12.92" pos="33.40" lane="0/2to1/2_0" slope="0.00"/>
        <vehicle id="6" x="398.35" y="703.37" angle="0.00" type="DEFAULT_VEHTYPE" speed="13.76" pos="96.63" lane="2/4to2/3_0" slope="0.00"/>
        <vehicle id="7" x="735.98" y="201.65" angle="-90.00" type="DEFAULT_VEHTYPE" speed="13.22" pos="64.02" lane="4/1to3/1_0" slope="0.00"/>
        <vehicle id="8" x="771.42" y="198.35" angle="90.00" type="DEFAULT_VEHTYPE" speed="12.66" pos="166.67" lane="3/1to4/1_0" slope="0.00"/>
    </timestep>
    <timestep time="666.00">
        <vehicle id="0" x="13.87" y="401.65" angle="-90.00" type="DEFAULT_VEHTYPE" speed="13.04" pos="181.38" lane="1/2to0/2_0" slope="0.00"/>
        <vehicle id="10" x="398.35" y="279.52" angle="0.00" type="DEFAULT_VEHTYPE" speed="12.96" pos="115.73" lane="2/2to2/1_0" slope="0.00"/>
        <vehicle id="11" x="595.45" y="198.38" angle="90.32" type="DEFAULT_VEHTYPE" speed="2.79" pos="0.20" lane=":3/1_14_0" slope="0.00"/>
        <vehicle id="12" x="188.27" y="398.35" angle="90.00" type="DEFAULT_VEHTYPE" speed="6.01" pos="188.27" lane="0/2to1/2_0" slope="0.00"/>
        <vehicle id="15" x="401.65" y="39.88" angle="180.00" type="DEFAULT_VEHTYPE" speed="13.16" pos="39.88" lane="2/0to2/1_0" slope="0.00"/>
        <vehicle id="19" x="398.35" y="543.95" angle="0.00" type="DEFAULT_VEHTYPE" speed="13.08" pos="51.30" lane="2/3to2/2_0" slope="0.00"/>
        <vehicle id="2" x="57.47" y="198.35" angle="90.00" type="DEFAULT_VEHTYPE" speed="13.30" pos="57.47" lane="0/1to1/1_0" slope="0.00"/>
        <vehicle id="20" x="601.65" y="223.94" angle="180.00" type="DEFAULT_VEHTYPE" speed="9.60" pos="19.19" lane="3/1to3/2_0" slope="0.00"/>
        <vehicle id="23" x="201.65" y="531.23" angle="180.00" type="DEFAULT_VEHTYPE" speed="12.82" pos="126.48" lane="1/2to1/3_0" slope="0.00"/>
        <vehicle id="24" x="370.61" y="598.35" angle="90.00" type="DEFAULT_VEHTYPE" speed="12.47" pos="165.86" lane="1/3to2/3_0" slope="0.00"/>
        <vehicle id="4" x="366.61" y="401.65" angle="-90.00" type="DEFAULT_VEHTYPE" speed="12.78" pos="28.64" lane="2/2to1/2_0" slope="0.00"/>
        <vehicle id="5" x="46.50" y="398.35" angle="90.00" type="DEFAULT_VEHTYPE" speed="13.10" pos="46.50" lane="0/2to1/2_0" slope="0.00"/>
        <vehicle id="6" x="398.35" y="689.67" angle="0.00" type="DEFAULT_VEHTYPE" speed="13.70" pos="110.33" lane="2/4to2/3_0" slope="0.00"/>
        <vehicle id="7" x="722.09" y="201.65" angle="-90.00" type="DEFAULT_VEHTYPE" speed="13.89" pos="77.91" lane="4/1to3/1_0" slope="0.00"/>
        <vehicle id="8" x="784.37" y="198.35" angle="90.00" type="DEFAULT_VEHTYPE" speed="12.95" pos="179.62" lane="3/1to4/1_0" slope="0.00"/>
    </timestep>
    <timestep time="667.00">
        <vehicle id="0" x="0.54" y="401.65" angle="-90.00" type="DEFAULT_VEHTYPE" speed="13.33" pos="194.71" lane="1/2to0/2_0" slope="0.00"/>
        <vehicle id="10" x="398.35" y="266.42" angle="0.00" type="DEFAULT_VEHTYPE" speed="13.11" pos="128.83" lane="2/2to2/1_0" slope="0.00"/>
        <vehicle id="11" x="600.23" y="200.24" angle="112.11" type="DEFAULT_VEHTYPE" speed="5.30" pos="5.50" lane=":3/1_14_0" slope="0.00"/>
        <vehicle id="12" x="195.79" y="398.43" angle="90.89" type="DEFAULT_VEHTYPE" speed="7.52" pos="0.55" lane=":1/2_14_0" slope="0.00"/>
        <vehicle id="15" x="401.65" y="53.20" angle="180.00" type="DEFAULT_VEHTYPE" speed="13.32" pos="53.20" lane="2/0to2/1_0" slope="0.00"/>
        <vehicle id="19" x="398.35" y="530.86" angle="0.00" type="DEFAULT_VEHTYPE" speed="13.09" pos="64.39" lane="2/3to2/2_0" slope="0.00"/>
        <vehicle id="2" x="71.00" y="198.35" angle="90.00" type="DEFAULT_VEHTYPE" speed="13.53" pos="71.00" lane="0/1to1/1_0" slope="0.00"/>
        <vehicle id="20" x="601.65" y="234.88" angle="180.00" type="DEFAULT_VEHTYPE" speed="10.94" pos="30.13" lane="3/1to3/2_0" slope="0.00"/>
        <vehicle id="23" x="201.65" y="544.86" angle="180.00" type="DEFAULT_VEHTYPE" speed="13.63" pos="140.11" lane="1/2to1/3_0" slope="0.00"/>
        <vehicle id="24" x="379.96" y="598.35" angle="90.00" type="DEFAULT_VEHTYPE" speed="9.35" pos="175.21" lane="1/3to2/3_0" slope="0.00"/>
        <vehicle id="4" x="353.98" y="401.65" angle="-90.00" type="DEFAULT_VEHTYPE" speed="12.63" pos="41.27" lane="2/2to1/2_0" slope="0.00"/>
        <vehicle id="5" x="59.36" y="398.35" angle="90.00" type="DEFAULT_VEHTYPE" speed="12.86" pos="59.36" lane="0/2to1/2_0" slope="0.00"/>
        <vehicle id="6" x="398.35" y="675.96" angle="0.00" type="DEFAULT_VEHTYPE" speed="13.71" pos="124.04" lane="2/4to2/3_0" slope="0.00"/>
        <vehicle id="7" x="709.22" y="201.65" angle="-90.00" type="DEFAULT_VEHTYPE" speed="12.87" pos="90.78" lane="4/1to3/1_0" slope="0.00"/>
        <vehicle id="8" x="797.88" y="198.35" angle="90.00" type="DEFAULT_VEHTYPE" speed="13.51" pos="193.13" lane="3/1to4/1_0" slope="0.00"/>
    </timestep>
    <timestep time="668.00">
        <vehicle id="0" x="8.44" y="398.35" angle="90.00" type="DEFAULT_VEHTYPE" speed="13.80" pos="8.44" lane="0/2to1/2_0" slope="0.00"/>
        <vehicle id="10" x="398.35" y="253.07" angle="0.00" type="DEFAULT_VEHTYPE" speed="13.35" pos="142.18" lane="2/2to2/1_0" slope="0.00"/>
        <vehicle id="11" x="601.65" y="206.81" angle="174.70" type="DEFAULT_VEHTYPE" speed="6.88" pos="2.06" lane="3/1to3/2_0" slope="0.00"/>
        <vehicle id="12" x="201.53" y="403.92" angle="154.42" type="DEFAULT_VEHTYPE" speed="8.93" pos="9.48" lane=":1/2_14_0" slope="0.00"/>
        <vehicle id="15" x="401.65" y="66.58" angle="180.00" type="DEFAULT_VEHTYPE" speed="13.39" pos="66.58" lane="2/0to2/1_0" slope="0.00"/>
        <vehicle id="19" x="398.35" y="517.78" angle="0.00" type="DEFAULT_VEHTYPE" speed="13.08" pos="77.47" lane="2/3to2/2_0" slope="0.00"/>
        <vehicle id="2" x="84.82" y="198.35" angle="90.00" type="DEFAULT_VEHTYPE" speed="13.82" pos="84.82" lane="0/1to1/1_0" slope="0.00"/>
        <vehicle id="20" x="601.65" y="247.54" angle="180.00" type="DEFAULT_VEHTYPE" speed="12.66" pos="42.79" lane="3/1to3/2_0" slope="0.00"/>
        <vehicle id="23" x="201.65" y="558.01" angle="180.00" type="DEFAULT_VEHTYPE" speed="13.15" pos="153.26" lane="1/2to1/3_0" slope="0.00"/>
        <vehicle id="24" x="386.71" y="598.35" angle="90.00" type="DEFAULT_VEHTYPE" speed="6.75" pos="181.96" lane="1/3to2/3_0" slope="0.00"/>
        <vehicle id="4" x="340.99" y="401.65" angle="-90.00" type="DEFAULT_VEHTYPE" speed="12.99" pos="54.26" lane="2/2to1/2_0" slope="0.00"/>
        <vehicle id="5" x="73.19" y="398.35" angle="90.00" type="DEFAULT_VEHTYPE" speed="13.83" pos="73.19" lane="0/2to1/2_0" slope="0.00"/>
        <vehicle id="6" x="398.35" y="662.68" angle="0.00" type="DEFAULT_VEHTYPE" speed="13.28" pos="137.32" lane="2/4to2/3_0" slope="0.00"/>
        <vehicle id="7" x="695.59" y="201.65" angle="-90.00" type="DEFAULT_VEHTYPE" speed="13.64" pos="104.41" lane="4/1to3/1_0" slope="0.00"/>
        <vehicle id="8" x="793.41" y="201.65" angle="-90.00" type="DEFAULT_VEHTYPE" speed="13.52" pos="6.59" lane="4/1to3/1_0" slope="0.00"/>
    </timestep>
    <timestep time="669.00">
        <vehicle id="0" x="21.68" y="398.35" angle="90.00" type="DEFAULT_VEHTYPE" speed="13.24" pos="21.68" lane="0/2to1/2_0" slope="0.00"/>
        <vehicle id="10" x="398.35" y="240.47" angle="0.00" type="DEFAULT_VEHTYPE" speed="12.60" pos="154.78" lane="2/2to2/1_0" slope="0.00"/>
        <vehicle id="11" x="601.65" y="215.04" angle="180.00" type="DEFAULT_VEHTYPE" speed="8.24" pos="10.29" lane="3/1to3/2_0" slope="0.00"/>
        <vehicle id="12" x="201.65" y="414.30" angle="180.00" type="DEFAULT_VEHTYPE" speed="10.39" pos="9.55" lane="1/2to1/3_0" slope="0.00"/>
        <vehicle id="15" x="401.65" y="79.50" angle="180.00" type="DEFAULT_VEHTYPE" speed="12.92" pos="79.50" lane="2/0to2/1_0" slope="0.00"/>
        <vehicle id="19" x="398.35" y="504.72" angle="0.00" type="DEFAULT_VEHTYPE" speed="13.06" pos="90.53" lane="2/3to2/2_0" slope="0.00"/>
        <vehicle id="2" x="98.19" y="198.35" angle="90.00" type="DEFAULT_VEHTYPE" speed="13.37" pos="98.19" lane="0/1to1/1_0" slope="0.00"/>
        <vehicle id="20" x="601.65" y="260.67" angle="180.00" type="DEFAULT_VEHTYPE" speed="13.13" pos="55.92" lane="3/1to3/2_0" slope="0.00"/>
        <vehicle id="23" x="201.65" y="571.70" angle="180.00" type="DEFAULT_VEHTYPE" speed="13.70" pos="166.95" lane="1/2to1/3_0" slope="0.00"/>
        <vehicle id="24" x="389.92" y="598.35" angle="90.00" type="DEFAULT_VEHTYPE" speed="3.21" pos="185.17" lane="1/3to2/3_0" slope="0.00"/>
        <vehicle id="4" x="328.17" y="401.65" angle="-90.00" type="DEFAULT_VEHTYPE" speed="12.82" pos="67.08" lane="2/2to1/2_0" slope="0.00"/>
        <vehicle id="5" x="86.69" y="398.35" angle="90.00" type="DEFAULT_VEHTYPE" speed="13.50" pos="86.69" lane="0/2to1/2_0" slope="0.00"/>
        <vehicle id="6" x="398.35" y="649.28" angle="0.00" type="DEFAULT_VEHTYPE" speed="13.40" pos="150.72" lane="2/4to2/3_0" slope="0.00"/>
        <vehicle id="7" x="682.25" y="201.65" angle="-90.00" type="DEFAULT_VEHTYPE" speed="13.34" pos="117.75" lane="4/1to3/1_0" slope="0.00"/>
        <vehicle id="8" x="780.35" y="201.65" angle="-90.00" type="DEFAULT_VEHTYPE" speed="13.07" pos="19.65" lane="4/1to3/1_0" slope="0.00"/>
    </timestep>
    <timestep time="670.00">
        <vehicle id="0" x="34.77" y="398.35" angle="90.00" type="DEFAULT_VEHTYPE" speed="13.09" pos="34.77" lane="0/2to1/2_0" slope="0.00"/>
        <vehicle id="10" x="398.35" y="226.67" angle="0.00" type="DEFAULT_VEHTYPE" speed="13.80" pos="168.58" lane="2/2to2/1_0" slope="0.00"/>
        <vehicle id="11" x="601.65" y="225.66" angle="180.00" type="DEFAULT_VEHTYPE" speed="10.62" pos="20.91" lane="3/1to3/2_0" slope="0.00"/>
        <vehicle id="12" x="201.65" y="426.09" angle="180.00" type="DEFAULT_VEHTYPE" speed="11.79" pos="21.34" lane="1/2to1/3_0" slope="0.00"/>
        <vehicle id="15" x="401.65" y="92.16" angle="180.00" type="DEFAULT_VEHTYPE" speed="12.66" pos="92.16" lane="2/0to2/1_0" slope="0.00"/>
        <vehicle id="19" x="398.35" y="491.56" angle="0.00" type="DEFAULT_VEHTYPE" speed="13.16" pos="103.69" lane="2/3to2/2_0" slope="0.00"/>
        <vehicle id="2" x="111.14" y="198.35" angle="90.00" type="DEFAULT_VEHTYPE" speed="12.94" pos="111.14" lane="0/1to1/1_0" slope="0.00"/>
        <vehicle id="20" x="601.65" y="273.46" angle="180.00" type="DEFAULT_VEHTYPE" speed="12.79" pos="68.71" lane="3/1to3/2_0" slope="0.00"/>
        <vehicle id="23" x="201.65" y="584.48" angle="180.00" type="DEFAULT_VEHTYPE" speed="12.78" pos="179.73" lane="1/2to1/3_0" slope="0.00"/>
        <vehicle id="24" x="395.06" y="598.35" angle="90.00" type="DEFAULT_VEHTYPE" speed="5.14" pos="190.31" lane="1/3to2/3_0" slope="0.00"/>
        <vehicle id="4" x="315.09" y="401.65" angle="-90.00" type="DEFAULT_VEHTYPE" speed="13.09" pos="80.16" lane="2/2to1/2_0" slope="0.00"/>
        <vehicle id="5" x="100.47" y="398.35" angle="90.00" type="DEFAULT_VEHTYPE" speed="13.77" pos="100.47" lane="0/2to1/2_0" slope="0.00"/>
        <vehicle id="6" x="398.35" y="636.68" angle="0.00" type="DEFAULT_VEHTYPE" speed="12.60" pos="163.32" lane="2/4to2/3_0" slope="0.00"/>
        <vehicle id="7" x="669.31" y="201.65" angle="-90.00" type="DEFAULT_VEHTYPE" speed="12.94" pos="130.69" lane="4/1to3/1_0" slope="0.00"/>
        <vehicle id="8" x="767.65" y="201.65" angle="-90.00" type="DEFAULT_VEHTYPE" speed="12.70" pos="32.35" lane="4/1to3/1_0" slope="0.00"/>
    </timestep>
    <timestep time="671.00">
        <vehicle id="0" x="47.56" y="398.35" angle="90.00" type="DEFAULT_VEHTYPE" speed="12.79" pos="47.56" lane="0/2to1/2_0" slope="0.00"/>
        <vehicle id="10" x="398.35" y="213.18" angle="0.00" type="DEFAULT_VEHTYPE" speed="13.49" pos="182.07" lane="2/2to2/1_0" slope="0.00"/>
        <vehicle id="11" x="601.65" y="237.59" angle="180.00" type="DEFAULT_VEHTYPE" speed="11.93" pos="32.84" lane="3/1to3/2_0" slope="0.00"/>
        <vehicle id="12" x="201.65" y="438.91" angle="180.00" type="DEFAULT_VEHTYPE" speed="12.82" pos="34.16" lane="1/2to1/3_0" slope="0.00"/>
        <vehicle id="15" x="401.65" y="105.76" angle="180.00" type="DEFAULT_VEHTYPE" speed="13.60" pos="105.76" lane="2/0to2/1_0" slope="0.00"/>
        <vehicle id="19" x="398.35" y="478.37" angle="0.00" type="DEFAULT_VEHTYPE" speed="13.19" pos="116.88" lane="2/3to2/2_0" slope="0.00"/>
        <vehicle id="2" x="124.02" y="198.35" angle="90.00" type="DEFAULT_VEHTYPE" speed="12.88" pos="124.02" lane="0/1to1/1_0" slope="0.00"/>
        <vehicle id="20" x="601.65" y="286.26" angle="180.00" type="DEFAULT_VEHTYPE" speed="12.80" pos="81.51" lane="3/1to3/2_0" slope="0.00"/>
        <vehicle id="23" x="202.24" y="597.26" angle="173.16" type="DEFAULT_VEHTYPE" speed="12.90" pos="2.13" lane=":1/3_8_0" slope="0.00"/>
        <vehicle id="24" x="401.03" y="601.59" angle="128.25" type="DEFAULT_VEHTYPE" speed="7.26" pos="7.07" lane=":2/3_14_0" slope="0.00"/>
        <vehicle id="4" x="301.39" y="401.65" angle="-90.00" type="DEFAULT_VEHTYPE" speed="13.69" pos="93.86" lane="2/2to1/2_0" slope="0.00"/>
        <vehicle id="5" x="113.39" y="398.35" angle="90.00" type="DEFAULT_VEHTYPE" speed="12.92" pos="113.39" lane="0/2to1/2_0" slope="0.00"/>
        <vehicle id="6" x="398.35" y="623.46" angle="0.00" type="DEFAULT_VEHTYPE" speed="13.21" pos="176.54" lane="2/4to2/3_0" slope="0.00"/>
        <vehicle id="7" x="656.44" y="201.65" angle="-90.00" type="DEFAULT_VEHTYPE" speed="12.87" pos="143.56" lane="4/1to3/1_0" slope="0.00"/>
        <vehicle id="8" x="754.85" y="201.65" angle="-90.00" type="DEFAULT_VEHTYPE" speed="12.80" pos="45.15" lane="4/1to3/1_0" slope="0.00"/>
    </timestep>
    <timestep time="672.00">
        <vehicle id="0" x="60.35" y="398.35" angle="90.00" type="DEFAULT_VEHTYPE" speed="12.79" pos="60.35" lane="0/2to1/2_0" slope="0.00"/>
        <vehicle id="10" x="398.35" y="199.95" angle="0.00" type="DEFAULT_VEHTYPE" speed="13.23" pos="4.80" lane=":2/1_1_0" slope="0.00"/>
        <vehicle id="11" x="601.65" y="250.28" angle="180.00" type="DEFAULT_VEHTYPE" speed="12.70" pos="45.53" lane="3/1to3/2_0" slope="0.00"/>
        <vehicle id="12" x="201.65" y="451.72" angle="180.00" type="DEFAULT_VEHTYPE" speed="12.81" pos="46.97" lane="1/2to1/3_0" slope="0.00"/>
        <vehicle id="15" x="401.65" y="119.16" angle="180.00" type="DEFAULT_VEHTYPE" speed="13.40" pos="119.16" lane="2/0to2/1_0" slope="0.00"/>
        <vehicle id="19" x="398.35" y="465.27" angle="0.00" type="DEFAULT_VEHTYPE" speed="13.10" pos="129.98" lane="2/3to2/2_0" slope="0.00"/>
        <vehicle id="2" x="136.64" y="198.35" angle="90.00" type="DEFAULT_VEHTYPE" speed="12.62" pos="136.64" lane="0/1to1/1_0" slope="0.00"/>
        <vehicle id="20" x="601.65" y="299.90" angle="180.00" type="DEFAULT_VEHTYPE" speed="13.64" pos="95.15" lane="3/1to3/2_0" slope="0.00"/>
        <vehicle id="23" x="214.67" y="598.35" angle="90.00" type="DEFAULT_VEHTYPE" speed="12.79" pos="9.92" lane="1/3to2/3_0" slope="0.00"/>
        <vehicle id="24" x="401.65" y="611.22" angle="180.00" type="DEFAULT_VEHTYPE" speed="9.72" pos="6.47" lane="2/3to2/4_0" slope="0.00"/>
        <vehicle id="4" x="288.07" y="401.65" angle="-90.00" type="DEFAULT_VEHTYPE" speed="13.32" pos="107.18" lane="2/2to1/2_0" slope="0.00"/>
        <vehicle id="5" x="127.04" y="398.35" angle="90.00" type="DEFAULT_VEHTYPE" speed="13.65" pos="127.04" lane="0/2to1/2_0" slope="0.00"/>
        <vehicle id="6" x="398.35" y="612.83" angle="0.00" type="DEFAULT_VEHTYPE" speed="10.64" pos="187.17" lane="2/4to2/3_0" slope="0.00"/>
        <vehicle id="7" x="643.70" y="201.65" angle="-90.00" type="DEFAULT_VEHTYPE" speed="12.75" pos="156.30" lane="4/1to3/1_0" slope="0.00"/>
        <vehicle id="8" x="741.47" y="201.65" angle="-90.00" type="DEFAULT_VEHTYPE" speed="13.38" pos="58.53" lane="4/1to3/1_0" slope="0.00"/>
    </timestep>
    <timestep time="673.00">
        <vehicle id="0" x="73.74" y="398.35" angle="90.00" type="DEFAULT_VEHTYPE" speed="13.39" pos="73.74" lane="0/2to1/2_0" slope="0.00"/>
        <vehicle id="10" x="398.35" y="187.21" angle="0.00" type="DEFAULT_VEHTYPE" speed="12.74" pos="8.04" lane="2/1to2/0_0" slope="0.00"/>
        <vehicle id="11" x="601.65" y="264.17" angle="180.00" type="DEFAULT_VEHTYPE" speed="13.88" pos="59.42" lane="3/1to3/2_0" slope="0.00"/>
        <vehicle id="12" x="201.65" y="465.32" angle="180.00" type="DEFAULT_VEHTYPE" speed="13.60" pos="60.57" lane="1/2to1/3_0" slope="0.00"/>
        <vehicle id="15" x="401.65" y="132.43" angle="180.00" type="DEFAULT_VEHTYPE" speed="13.27" pos="132.43" lane="2/0to2/1_0" slope="0.00"/>
        <vehicle id="19" x="398.35" y="451.55" angle="0.00" type="DEFAULT_VEHTYPE" speed="13.72" pos="143.70" lane="2/3to2/2_0" slope="0.00"/>
        <vehicle id="2" x="149.72" y="198.35" angle="90.00" type="DEFAULT_VEHTYPE" speed="13.08" pos="149.72" lane="0/1to1/1_0" slope="0.00"/>
        <vehicle id="20" x="601.65" y="312.61" angle="180.00" type="DEFAULT_VEHTYPE" speed="12.71" pos="107.86" lane="3/1to3/2_0" slope="0.00"/>
        <vehicle id="23" x="227.66" y="598.35" angle="90.00" type="DEFAULT_VEHTYPE" speed="12.99" pos="22.91" lane="1/3to2/3_0" slope="0.00"/>
        <vehicle id="24" x="401.65" y="622.26" angle="180.00" type="DEFAULT_VEHTYPE" speed="11.03" pos="17.51" lane="2/3to2/4_0" slope="0.00"/>
        <vehicle id="4" x="274.71" y="401.65" angle="-90.00" type="DEFAULT_VEHTYPE" speed="13.36" pos="120.54" lane="2/2to1/2_0" slope="0.00"/>
        <vehicle id="5" x="139.65" y="398.35" angle="90.00" type="DEFAULT_VEHTYPE" speed="12.61" pos="139.65" lane="0/2to1/2_0" slope="0.00"/>
        <vehicle id="6" x="398.35" y="599.89" angle="0.00" type="DEFAULT_VEHTYPE" speed="12.93" pos="4.86" lane=":2/3_1_0" slope="0.00"/>
        <vehicle id="7" x="630.02" y="201.65" angle="-90.00" type="DEFAULT_VEHTYPE" speed="13.68" pos="169.98" lane="4/1to3/1_0" slope="0.00"/>
        <vehicle id="8" x="728.79" y="201.65" angle="-90.00" type="DEFAULT_VEHTYPE" speed="12.68" pos="71.21" lane="4/1to3/1_0" slope="0.00"/>
    </timestep>
    <timestep time="674.00">
        <vehicle id="0" x="87.46" y="398.35" angle="90.00" type="DEFAULT_VEHTYPE" speed="13.71" pos="87.46" lane="0/2to1/2_0" slope="0.00"/>
        <vehicle id="10" x="398.35" y="173.96" angle="0.00" type="DEFAULT_VEHTYPE" speed="13.25" pos="21.29" lane="2/1to2/0_0" slope="0.00"/>
        <vehicle id="11" x="601.65" y="276.89" angle="180.00" type="DEFAULT_VEHTYPE" speed="12.72" pos="72.14" lane="3/1to3/2_0" slope="0.00"/>
        <vehicle id="12" x="201.65" y="478.15" angle="180.00" type="DEFAULT_VEHTYPE" speed="12.83" pos="73.40" lane="1/2to1/3_0" slope="0.00"/>
        <vehicle id="15" x="401.65" y="145.35" angle="180.00" type="DEFAULT_VEHTYPE" speed="12.92" pos="145.35" lane="2/0to2/1_0" slope="0.00"/>
        <vehicle id="19" x="398.35" y="438.05" angle="0.00" type="DEFAULT_VEHTYPE" speed="13.51" pos="157.20" lane="2/3to2/2_0" slope="0.00"/>
        <vehicle id="2" x="162.40" y="198.35" angle="90.00" type="DEFAULT_VEHTYPE" speed="12.68" pos="162.40" lane="0/1to1/1_0" slope="0.00"/>
        <vehicle id="20" x="601.65" y="326.10" angle="180.00" type="DEFAULT_VEHTYPE" speed="13.50" pos="121.35" lane="3/1to3/2_0" slope="0.00"/>
        <vehicle id="23" x="240.99" y="598.35" angle="90.00" type="DEFAULT_VEHTYPE" speed="13.33" pos="36.24" lane="1/3to2/3_0" slope="0.00"/>
        <vehicle id="24" x="401.65" y="635.12" angle="180.00" type="DEFAULT_VEHTYPE" speed="12.87" pos="30.37" lane="2/3to2/4_0" slope="0.00"/>
        <vehicle id="4" x="262.02" y="401.65" angle="-90.00" type="DEFAULT_VEHTYPE" speed="12.69" pos="133.23" lane="2/2to1/2_0" slope="0.00"/>
        <vehicle id="5" x="152.77" y="398.35" angle="90.00" type="DEFAULT_VEHTYPE" speed="13.12" pos="152.77" lane="0/2to1/2_0" slope="0.00"/>
        <vehicle id="6" x="398.35" y="586.25" angle="0.00" type="DEFAULT_VEHTYPE" speed="13.64" pos="9.00" lane="2/3to2/2_0" slope="0.00"/>
        <vehicle id="7" x="620.76" y="201.65" angle="-90.00" type="DEFAULT_VEHTYPE" speed="9.26" pos="179.24" lane="4/1to3/1_0" slope="0.00"/>
        <vehicle id="8" x="715.97" y="201.65" angle="-90.00" type="DEFAULT_VEHTYPE" speed="12.82" pos="84.03" lane="4/1to3/1_0" slope="0.00"/>
    </timestep>
    <timestep time="675.00">
        <vehicle id="0" x="101.28" y="398.35" angle="90.00" type="DEFAULT_VEHTYPE" speed="13.82" pos="101.28" lane="0/2to1/2_0" slope="0.00"/>
        <vehicle id="10" x="398.35" y="160.73" angle="0.00" type="DEFAULT_VEHTYPE" speed="13.23" pos="34.52" lane="2/1to2/0_0" slope="0.00"/>
        <vehicle id="11" x="601.65" y="289.54" angle="180.00" type="DEFAULT_VEHTYPE" speed="12.65" pos="84.79" lane="3/1to3/2_0" slope="0.00"/>
        <vehicle id="12" x="201.65" y="490.92" angle="180.00" type="DEFAULT_VEHTYPE" speed="12.77" pos="86.17" lane="1/2to1/3_0" slope="0.00"/>
        <vehicle id="15" x="401.65" y="158.69" angle="180.00" type="DEFAULT_VEHTYPE" speed="13.34" pos="158.69" lane="2/0to2/1_0" slope="0.00"/>
        <vehicle id="19" x="398.35" y="424.32" angle="0.00" type="DEFAULT_VEHTYPE" speed="13.73" pos="170.93" lane="2/3to2/2_0" slope="0.00"/>
        <vehicle id="2" x="174.44" y="198.35" angle="90.00" type="DEFAULT_VEHTYPE" speed="12.05" pos="174.44" lane="0/1to1/1_0" slope="0.00"/>
        <vehicle id="20" x="601.65" y="339.31" angle="180.00" type="DEFAULT_VEHTYPE" speed="13.21" pos="134.56" lane="3/1to3/2_0" slope="0.00"/>
        <vehicle id="23" x="254.84" y="598.35" angle="90.00" type="DEFAULT_VEHTYPE" speed="13.85" pos="50.09" lane="1/3to2/3_0" slope="0.00"/>
        <vehicle id="24" x="401.65" y="648.25" angle="180.00" type="DEFAULT_VEHTYPE" speed="13.13" pos="43.50" lane="2/3to2/4_0" slope="0.00"/>
        <vehicle id="4" x="248.27" y="401.65" angle="-90.00" type="DEFAULT_VEHTYPE" speed="13.75" pos="146.98" lane="2/2to1/2_0" slope="0.00"/>
        <vehicle id="5" x="165.63" y="398.35" angle="90.00" type="DEFAULT_VEHTYPE" speed="12.86" pos="165.63" lane="0/2to1/2_0" slope="0.00"/>
        <vehicle id="6" x="398.35" y="572.74" angle="0.00" type="DEFAULT_VEHTYPE" speed="13.51" pos="22.51" lane="2/3to2/2_0" slope="0.00"/>
        <vehicle id="7" x="614.46" y="201.65" angle="-90.00" type="DEFAULT_VEHTYPE" speed="6.30" pos="185.54" lane="4/1to3/1_0" slope="0.00"/>
        <vehicle id="8" x="703.10" y="201.65" angle="-90.00" type="DEFAULT_VEHTYPE" speed="12.86" pos="96.90" lane="4/1to3/1_0" slope="0.00"/>
    </timestep>
    <timestep time="676.00">
        <vehicle id="0" x="114.60" y="398.35" angle="90.00" type="DEFAULT_VEHTYPE" speed="13.32" pos="114.60" lane="0/2to1/2_0" slope="0.00"/>
        <vehicle id="10" x="398.35" y="147.98" angle="0.00" type="DEFAULT_VEHTYPE" speed="12.75" pos="47.27" lane="2/1to2/0_0" slope="0.00"/>
        <vehicle id="11" x="601.65" y="302.43" angle="180.00" type="DEFAULT_VEHTYPE" speed="12.89" pos="97.68" lane="3/1to3/2_0" slope="0.00"/>
        <vehicle id="12" x="201.65" y="503.73" angle="180.00" type="DEFAULT_VEHTYPE" speed="12.81" pos="98.98" lane="1/2to1/3_0" slope="0.00"/>
        <vehicle id="15" x="401.65" y="171.94" angle="180.00" type="DEFAULT_VEHTYPE" speed="13.25" pos="171.94" lane="2/0to2/1_0" slope="0.00"/>
        <vehicle id="19" x="398.35" y="411.54" angle="0.00" type="DEFAULT_VEHTYPE" speed="12.78" pos="183.71" lane="2/3to2/2_0" slope="0.00"/>
        <vehicle id="2" x="182.28" y="198.35" angle="90.00" type="DEFAULT_VEHTYPE" speed="7.83" pos="182.28" lane="0/1to1/1_0" slope="0.00"/>
        <vehicle id="20" x="601.65" y="353.19" angle="180.00" type="DEFAULT_VEHTYPE" speed="13.87" pos="148.44" lane="3/1to3/2_0" slope="0.00"/>
        <vehicle id="23" x="268.20" y="598.35" angle="90.00" type="DEFAULT_VEHTYPE" speed="13.36" pos="63.45" lane="1/3to2/3_0" slope="0.00"/>
        <vehicle id="24" x="401.65" y="661.21" angle="180.00" type="DEFAULT_VEHTYPE" speed="12.96" pos="56.46" lane="2/3to2/4_0" slope="0.00"/>
        <vehicle id="4" x="234.82" y="401.65" angle="-90.00" type="DEFAULT_VEHTYPE" speed="13.45" pos="160.43" lane="2/2to1/2_0" slope="0.00"/>
        <vehicle id="5" x="176.60" y="398.35" angle="90.00" type="DEFAULT_VEHTYPE" speed="10.97" pos="176.60" lane="0/2to1/2_0" slope="0.00"/>
        <vehicle id="6" x="398.35" y="559.77" angle="0.00" type="DEFAULT_VEHTYPE" speed="12.97" pos="35.48" lane="2/3to2/2_0" slope="0.00"/>
        <vehicle id="7" x="609.75" y="201.65" angle="-90.00" type="DEFAULT_VEHTYPE" speed="4.70" pos="190.25" lane="4/1to3/1_0" slope="0.00"/>
        <vehicle id="8" x="690.09" y="201.65" angle="-90.00" type="DEFAULT_VEHTYPE" speed="13.01" pos="109.91" lane="4/1to3/1_0" slope="0.00"/>
    </timestep>
    <timestep time="677.00">
        <vehicle id="0" x="128.43" y="398.35" angle="90.00" type="DEFAULT_VEHTYPE" speed="13.83" pos="128.43" lane="0/2to1/2_0" slope="0.00"/>
        <vehicle id="10" x="398.35" y="134.83" angle="0.00" type="DEFAULT_VEHTYPE" speed="13.15" pos="60.42" lane="2/1to2/0_0" slope="0.00"/>
        <vehicle id="11" x="601.65" y="315.53" angle="180.00" type="DEFAULT_VEHTYPE" speed="13.10" pos="110.78" lane="3/1to3/2_0" slope="0.00"/>
        <vehicle id="12" x="201.65" y="517.52" angle="180.00" type="DEFAULT_VEHTYPE" speed="13.78" pos="112.77" lane="1/2to1/3_0" slope="0.00"/>
        <vehicle id="15" x="401.65" y="185.10" angle="180.00" type="DEFAULT_VEHTYPE" speed="13.15" pos="185.10" lane="2/0to2/1_0" slope="0.00"/>
        <vehicle id="19" x="398.35" y="397.82" angle="0.00" type="DEFAULT_VEHTYPE" speed="13.73" pos="6.93" lane=":2/2_1_0" slope="0.00"/>
        <vehicle id="2" x="187.79" y="198.35" angle="90.00" type="DEFAULT_VEHTYPE" speed="5.51" pos="187.79" lane="0/1to1/1_0" slope="0.00"/>
        <vehicle id="20" x="601.65" y="365.86" angle="180.00" type="DEFAULT_VEHTYPE" speed="12.68" pos="161.11" lane="3/1to3/2_0" slope="0.00"/>
        <vehicle id="23" x="281.25" y="598.35" angle="90.00" type="DEFAULT_VEHTYPE" speed="13.05" pos="76.50" lane="1/3to2/3_0" slope="0.00"/>
        <vehicle id="24" x="401.65" y="673.89" angle="180.00" type="DEFAULT_VEHTYPE" speed="12.68" pos="69.14" lane="2/3to2/4_0" slope="0.00"/>
        <vehicle id="4" x="223.01" y="401.65" angle="-90.00" type="DEFAULT_VEHTYPE" speed="11.81" pos="172.24" lane="2/2to1/2_0" slope="0.00"/>
        <vehicle id="5" x="184.21" y="398.35" angle="90.00" type="DEFAULT_VEHTYPE" speed="7.61" pos="184.21" lane="0/2to1/2_0" slope="0.00"/>
        <vehicle id="6" x="398.35" y="546.78" angle="0.00" type="DEFAULT_VEHTYPE" speed="12.99" pos="48.47" lane="2/3to2/2_0" slope="0.00"/>
        <vehicle id="7" x="603.24" y="201.93" angle="-93.25" type="DEFAULT_VEHTYPE" speed="6.55" pos="1.55" lane=":3/1_4_0" slope="0.00"/>
        <vehicle id="8" x="677.35" y="201.65" angle="-90.00" type="DEFAULT_VEHTYPE" speed="12.74" pos="122.65" lane="4/1to3/1_0" slope="0.00"/>
    </timestep>
    <timestep time="678.00">
        <vehicle id="0" x="141.83" y="398.35" angle="90.00" type="DEFAULT_VEHTYPE" speed="13.40" pos="141.83" lane="0/2to1/2_0" slope="0.00"/>
        <vehicle id="10" x="398.35" y="121.16" angle="0.00" type="DEFAULT_VEHTYPE" speed="13.67" pos="74.09" lane="2/1to2/0_0" slope="0.00"/>
        <vehicle id="11" x="601.65" y="328.59" angle="180.00" type="DEFAULT_VEHTYPE" speed="13.07" pos="123.84" lane="3/1to3/2_0" slope="0.00"/>
        <vehicle id="12" x="201.65" y="531.20" angle="180.00" type="DEFAULT_VEHTYPE" speed="13.68" pos="126.45" lane="1/2to1/3_0" slope="0.00"/>
        <vehicle id="15" x="402.41" y="197.57" angle="171.06" type="DEFAULT_VEHTYPE" speed="12.64" pos="2.48" lane=":2/1_8_0" slope="0.00"/>
        <vehicle id="19" x="398.35" y="384.32" angle="0.00" type="DEFAULT_VEHTYPE" speed="13.49" pos="10.93" lane="2/2to2/1_0" slope="0.00"/>
        <vehicle id="2" x="190.60" y="198.35" angle="90.00" type="DEFAULT_VEHTYPE" speed="2.82" pos="190.60" lane="0/1to1/1_0" slope="0.00"/>
        <vehicle id="20" x="601.65" y="377.24" angle="180.00" type="DEFAULT_VEHTYPE" speed="11.38" pos="172.49" lane="3/1to3/2_0" slope="0.00"/>
        <vehicle id="23" x="294.65" y="598.35" angle="90.00" type="DEFAULT_VEHTYPE" speed="13.40" pos="89.90" lane="1/3to2/3_0" slope="0.00"/>
        <vehicle id="24" x="401.65" y="687.59" angle="180.00" type="DEFAULT_VEHTYPE" speed="13.71" pos="82.84" lane="2/3to2/4_0" slope="0.00"/>
        <vehicle id="4" x="215.50" y="401.65" angle="-90.00" type="DEFAULT_VEHTYPE" speed="7.51" pos="179.75" lane="2/2to1/2_0" slope="0.00"/>
        <vehicle id="5" x="189.13" y="398.35" angle="90.00" type="DEFAULT_VEHTYPE" speed="4.92" pos="189.13" lane="0/2to1/2_0" slope="0.00"/>
        <vehicle id="6" x="398.35" y="533.15" angle="0.00" type="DEFAULT_VEHTYPE" speed="13.63" pos="62.10" lane="2/3to2/2_0" slope="0.00"/>
        <vehicle id="7" x="601.65" y="210.40" angle="180.00" type="DEFAULT_VEHTYPE" speed="9.10" pos="5.65" lane="3/1to3/2_0" slope="0.00"/>
        <vehicle id="8" x="664.15" y="201.65" angle="-90.00" type="DEFAULT_VEHTYPE" speed="13.20" pos="135.85" lane="4/1to3/1_0" slope="0.00"/>
    </timestep>
    <timestep time="679.00">
        <vehicle id="0" x="155.50" y="398.35" angle="90.00" type="DEFAULT_VEHTYPE" speed="13.67" pos="155.50" lane="0/2to1/2_0" slope="0.00"/>
        <vehicle id="10" x="398.35" y="108.12" angle="0.00" type="DEFAULT_VEHTYPE" speed="13.04" pos="87.13" lane="2/1to2/0_0" slope="0.00"/>
        <vehicle id="11" x="601.65" y="341.37" angle="180.00" type="DEFAULT_VEHTYPE" speed="12.78" pos="136.62" lane="3/1to3/2_0" slope="0.00"/>
        <vehicle id="12" x="201.65" y="544.34" angle="180.00" type="DEFAULT_VEHTYPE" speed="13.14" pos="139.59" lane="1/2to1/3_0" slope="0.00"/>
        <vehicle id="15" x="415.66" y="198.35" angle="90.00" type="DEFAULT_VEHTYPE" speed="13.42" pos="10.91" lane="2/1to3/1_0" slope="0.00"/>
        <vehicle id="19" x="398.35" y="371.42" angle="0.00" type="DEFAULT_VEHTYPE" speed="12.90" pos="23.83" lane="2/2to2/1_0" slope="0.00"/>
        <vehicle id="2" x="195.24" y="198.35" angle="90.00" type="DEFAULT_VEHTYPE" speed="4.64" pos="195.24" lane="0/1to1/1_0" slope="0.00"/>
        <vehicle id="20" x="601.65" y="384.75" angle="180.00" type="DEFAULT_VEHTYPE" speed="7.51" pos="180.00" lane="3/1to3/2_0" slope="0.00"/>
        <vehicle id="23" x="307.54" y="598.35" angle="90.00" type="DEFAULT_VEHTYPE" speed="12.89" pos="102.79" lane="1/3to2/3_0" slope="0.00"/>
        <vehicle id="24" x="401.65" y="701.26" angle="180.00" type="DEFAULT_VEHTYPE" speed="13.67" pos="96.51" lane="2/3to2/4_0" slope="0.00"/>
        <vehicle id="4" x="210.59" y="401.65" angle="-90.00" type="DEFAULT_VEHTYPE" speed="4.91" pos="184.66" lane="2/2to1/2_0" slope="0.00"/>
        <vehicle id="5" x="191.62" y="398.35" angle="90.00" type="DEFAULT_VEHTYPE" speed="2.48" pos="191.62" lane="0/2to1/2_0" slope="0.00"/>
        <vehicle id="6" x="398.35" y="520.19" angle="0.00" type="DEFAULT_VEHTYPE" speed="12.97" pos="75.06" lane="2/3to2/2_0" slope="0.00"/>
        <vehicle id="7" x="601.65" y="221.30" angle="180.00" type="DEFAULT_VEHTYPE" speed="10.90" pos="16.55" lane="3/1to3/2_0" slope="0.00"/>
        <vehicle id="8" x="650.92" y="201.65" angle="-90.00" type="DEFAULT_VEHTYPE" speed="13.23" pos="149.08" lane="4/1to3/1_0" slope="0.00"/>
    </timestep>
    <timestep time="680.00">
        <vehicle id="0" x="167.07" y="398.35" angle="90.00" type="DEFAULT_VEHTYPE" speed="11.57" pos="167.07" lane="0/2to1/2_0" slope="0.00"/>
        <vehicle id="10" x="398.35" y="95.04" angle="0.00" type="DEFAULT_VEHTYPE" speed="13.09" pos="100.21" lane="2/1to2/0_0" slope="0.00"/>
        <vehicle id="11" x="601.65" y="354.21" angle="180.00" type="DEFAULT_VEHTYPE" speed="12.84" pos="149.46" lane="3/1to3/2_0" slope="0.00"/>
        <vehicle id="12" x="201.65" y="557.66" angle="180.00" type="DEFAULT_VEHTYPE" speed="13.32" pos="152.91" lane="1/2to1/3_0" slope="0.00"/>
        <vehicle id="15" x="428.26" y="198.35" angle="90.00" type="DEFAULT_VEHTYPE" speed="12.60" pos="23.51" lane="2/1to3/1_0" slope="0.00"/>
        <vehicle id="19" x="398.35" y="358.55" angle="0.00" type="DEFAULT_VEHTYPE" speed="12.87" pos="36.70" lane="2/2to2/1_0" slope="0.00"/>
        <vehicle id="2" x="198.35" y="193.10" angle="13.07" type="DEFAULT_VEHTYPE" speed="7.15" pos="2.15" lane="1/1to1/0_0" slope="0.00"/>
        <vehicle id="20" x="601.65" y="388.65" angle="180.00" type="DEFAULT_VEHTYPE" speed="3.90" pos="183.90" lane="3/1to3/2_0" slope="0.00"/>
        <vehicle id="23" x="320.38" y="598.35" angle="90.00" type="DEFAULT_VEHTYPE" speed="12.84" pos="115.63" lane="1/3to2/3_0" slope="0.00"/>
        <vehicle id="24" x="401.65" y="713.88" angle="180.00" type="DEFAULT_VEHTYPE" speed="12.62" pos="109.13" lane="2/3to2/4_0" slope="0.00"/>
        <vehicle id="4" x="203.93" y="401.65" angle="-90.00" type="DEFAULT_VEHTYPE" speed="6.65" pos="0.82" lane=":1/2_5_0" slope="0.00"/>
        <vehicle id="5" x="192.42" y="398.35" angle="90.00" type="DEFAULT_VEHTYPE" speed="0.80" pos="192.42" lane="0/2to1/2_0" slope="0.00"/>
        <vehicle id="6" x="398.35" y="507.54" angle="0.00" type="DEFAULT_VEHTYPE" speed="12.65" pos="87.71" lane="2/3to2/2_0" slope="0.00"/>
        <vehicle id="7" x="601.65" y="234.06" angle="180.00" type="DEFAULT_VEHTYPE" speed="12.76" pos="29.31" lane="3/1to3/2_0" slope="0.00"/>
        <vehicle id="8" x="637.64" y="201.65" angle="-90.00" type="DEFAULT_VEHTYPE" speed="13.28" pos="162.36" lane="4/1to3/1_0" slope="0.00"/>
    </timestep>
    <timestep time="681.00">
        <vehicle id="0" x="174.95" y="398.35" angle="90.00" type="DEFAULT_VEHTYPE" speed="7.88" pos="174.95" lane="0/2to1/2_0" slope="0.00"/>
        <vehicle id="10" x="398.35" y="82.07" angle="0.00" type="DEFAULT_VEHTYPE" speed="12.97" pos="113.18" lane="2/1to2/0_0" slope="0.00"/>
        <vehicle id="11" x="601.65" y="364.79" angle="180.00" type="DEFAULT_VEHTYPE" speed="10.58" pos="160.04" lane="3/1to3/2_0" slope="0.00"/>
        <vehicle id="12" x="201.65" y="571.00" angle="180.00" type="DEFAULT_VEHTYPE" speed="13.34" pos="166.25" lane="1/2to1/3_0" slope="0.00"/>
        <vehicle id="15" x="440.99" y="198.35" angle="90.00" type="DEFAULT_VEHTYPE" speed="12.73" pos="36.24" lane="2/1to3/1_0" slope="0.00"/>
        <vehicle id="19" x="398.35" y="345.66" angle="0.00" type="DEFAULT_VEHTYPE" speed="12.89" pos="49.59" lane="2/2to2/1_0" slope="0.00"/>
        <vehicle id="2" x="198.35" y="183.54" angle="0.00" type="DEFAULT_VEHTYPE" speed="9.57" pos="11.71" lane="1/1to1/0_0" slope="0.00"/>
        <vehicle id="20" x="601.65" y="394.78" angle="180.00" type="DEFAULT_VEHTYPE" speed="6.14" pos="190.03" lane="3/1to3/2_0" slope="0.00"/>
        <vehicle id="23" x="333.87" y="598.35" angle="90.00" type="DEFAULT_VEHTYPE" speed="13.49" pos="129.12" lane="1/3to2/3_0" slope="0.00"/>
        <vehicle id="24" x="401.65" y="727.09" angle="180.00" type="DEFAULT_VEHTYPE" speed="13.22" pos="122.34" lane="2/3to2/4_0" slope="0.00"/>
        <vehicle id="4" x="194.74" y="401.65" angle="-90.00" type="DEFAULT_VEHTYPE" speed="9.19" pos="0.51" lane="1/2to0/2_0" slope="0.00"/>
        <vehicle id="5" x="192.72" y="398.35" angle="90.00" type="DEFAULT_VEHTYPE" speed="0.30" pos="192.72" lane="0/2to1/2_0" slope="0.00"/>
        <vehicle id="6" x="398.35" y="494.50" angle="0.00" type="DEFAULT_VEHTYPE" speed="13.04" pos="100.75" lane="2/3to2/2_0" slope="0.00"/>
        <vehicle id="7" x="601.65" y="247.80" angle="180.00" type="DEFAULT_VEHTYPE" speed="13.74" pos="43.05" lane="3/1to3/2_0" slope="0.00"/>
        <vehicle id="8" x="626.00" y="201.65" angle="-90.00" type="DEFAULT_VEHTYPE" speed="11.63" pos="174.00" lane="4/1to3/1_0" slope="0.00"/>
    </timestep>
    <timestep time="682.00">
        <vehicle id="0" x="179.91" y="398.35" angle="90.00" type="DEFAULT_VEHTYPE" speed="4.96" pos="179.91" lane="0/2to1/2_0" slope="0.00"/>
        <vehicle id="10" x="398.35" y="69.02" angle="0.00" type="DEFAULT_VEHTYPE" speed="13.04" pos="126.23" lane="2/1to2/0_0" slope="0.00"/>
        <vehicle id="11" x="601.65" y="376.33" angle="180.00" type="DEFAULT_VEHTYPE" speed="11.54" pos="171.58" lane="3/1to3/2_0" slope="0.00"/>
        <vehicle id="12" x="201.65" y="584.68" angle="180.00" type="DEFAULT_VEHTYPE" speed="13.68" pos="179.93" lane="1/2to1/3_0" slope="0.00"/>
        <vehicle id="15" x="454.42" y="198.35" angle="90.00" type="DEFAULT_VEHTYPE" speed="13.43" pos="49.67" lane="2/1to3/1_0" slope="0.00"/>
        <vehicle id="19" x="398.35" y="332.35" angle="0.00" type="DEFAULT_VEHTYPE" speed="13.31" pos="62.90" lane="2/2to2/1_0" slope="0.00"/>
        <vehicle id="2" x="198.35" y="172.04" angle="0.00" type="DEFAULT_VEHTYPE" speed="11.49" pos="23.21" lane="1/1to1/0_0" slope="0.00"/>
        <vehicle id="20" x="597.69" y="401.30" angle="-132.31" type="DEFAULT_VEHTYPE" speed="8.32" pos="0.71" lane=":3/2_18_0" slope="0.00"/>
        <vehicle id="23" x="347.45" y="598.35" angle="90.00" type="DEFAULT_VEHTYPE" speed="13.58" pos="142.70" lane="1/3to2/3_0" slope="0.00"/>
        <vehicle id="24" x="401.65" y="739.73" angle="180.00" type="DEFAULT_VEHTYPE" speed="12.63" pos="134.98" lane="2/3to2/4_0" slope="0.00"/>
        <vehicle id="4" x="184.16" y="401.65" angle="-90.00" type="DEFAULT_VEHTYPE" speed="10.58" pos="11.09" lane="1/2to0/2_0" slope="0.00"/>
        <vehicle id="5" x="194.72" y="398.35" angle="90.00" type="DEFAULT_VEHTYPE" speed="2.01" pos="194.72" lane="0/2to1/2_0" slope="0.00"/>
        <vehicle id="6" x="398.35" y="481.01" angle="0.00" type="DEFAULT_VEHTYPE" speed="13.49" pos="114.24" lane="2/3to2/2_0" slope="0.00"/>
        <vehicle id="7" x="601.65" y="261.10" angle="180.00" type="DEFAULT_VEHTYPE" speed="13.30" pos="56.35" lane="3/1to3/2_0" slope="0.00"/>
        <vehicle id="8" x="617.42" y="201.65" angle="-90.00" type="DEFAULT_VEHTYPE" speed="8.59" pos="182.58" lane="4/1to3/1_0" slope="0.00"/>
    </timestep>
    <timestep time="683.00">
        <vehicle id="0" x="183.69" y="398.35" angle="90.00" type="DEFAULT_VEHTYPE" speed="3.78" pos="183.69" lane="0/2to1/2_0" slope="0.00"/>
        <vehicle id="10" x="398.35" y="55.70" angle="0.00" type="DEFAULT_VEHTYPE" speed="13.33" pos="139.55" lane="2/1to2/0_0" slope="0.00"/>
        <vehicle id="11" x="601.65" y="389.68" angle="180.00" type="DEFAULT_VEHTYPE" speed="13.35" pos="184.93" lane="3/1to3/2_0" slope="0.00"/>
        <vehicle id="12" x="202.98" y="597.91" angle="163.58" type="DEFAULT_VEHTYPE" speed="13.72" pos="3.15" lane=":1/3_8_0" slope="0.00"/>
        <vehicle id="15" x="467.92" y="198.35" angle="90.00" type="DEFAULT_VEHTYPE" speed="13.49" pos="63.17" lane="2/1to3/1_0" slope="0.00"/>
        <vehicle id="19" x="398.35" y="318.84" angle="0.00" type="DEFAULT_VEHTYPE" speed="13.51" pos="76.41" lane="2/2to2/1_0" slope="0.00"/>
        <vehicle id="2" x="198.35" y="159.35" angle="0.00" type="DEFAULT_VEHTYPE" speed="12.69" pos="35.90" lane="1/1to1/0_0" slope="0.00"/>
        <vehicle id="20" x="586.90" y="401.65" angle="-90.00" type="DEFAULT_VEHTYPE" speed="10.81" pos="8.35" lane="3/2to2/2_0" slope="0.00"/>
        <vehicle id="23" x="360.65" y="598.35" angle="90.00" type="DEFAULT_VEHTYPE" speed="13.19" pos="155.90" lane="1/3to2/3_0" slope="0.00"/>
        <vehicle id="24" x="401.65" y="753.06" angle="180.00" type="DEFAULT_VEHTYPE" speed="13.33" pos="148.31" lane="2/3to2/4_0" slope="0.00"/>
        <vehicle id="4" x="171.52" y="401.65" angle="-90.00" type="DEFAULT_VEHTYPE" speed="12.64" pos="23.73" lane="1/2to0/2_0" slope="0.00"/>
        <vehicle id="5" x="198.53" y="399.04" angle="98.02" type="DEFAULT_VEHTYPE" speed="3.92" pos="3.39" lane=":1/2_14_0" slope="0.00"/>
        <vehicle id="6" x="398.35" y="467.57" angle="0.00" type="DEFAULT_VEHTYPE" speed="13.44" pos="127.68" lane="2/3to2/2_0" slope="0.00"/>
        <vehicle id="7" x="601.65" y="273.98" angle="180.00" type="DEFAULT_VEHTYPE" speed="12.87" pos="69.23" lane="3/1to3/2_0" slope="0.00"/>
        <vehicle id="8" x="612.07" y="201.65" angle="-90.00" type="DEFAULT_VEHTYPE" speed="5.35" pos="187.93" lane="4/1to3/1_0" slope="0.00"/>
    </timestep>
    <timestep time="684.00">
        <vehicle id="0" x="188.29" y="398.35" angle="90.00" type="DEFAULT_VEHTYPE" speed="4.60" pos="188.29" lane="0/2to1/2_0" slope="0.00"/>
        <vehicle id="10" x="398.35" y="42.17" angle="0.00" type="DEFAULT_VEHTYPE" speed="13.53" pos="153.08" lane="2/1to2/0_0" slope="0.00"/>
        <vehicle id="11" x="601.65" y="402.98" angle="180.00" type="DEFAULT_VEHTYPE" speed="13.30" pos="7.73" lane=":3/2_9_0" slope="0.00"/>
        <vehicle id="12" x="216.27" y="598.35" angle="90.00" type="DEFAULT_VEHTYPE" speed="13.37" pos="11.52" lane="1/3to2/3_0" slope="0.00"/>
        <vehicle id="15" x="480.94" y="198.35" angle="90.00" type="DEFAULT_VEHTYPE" speed="13.02" pos="76.19" lane="2/1to3/1_0" slope="0.00"/>
        <vehicle id="19" x="398.35" y="305.84" angle="0.00" type="DEFAULT_VEHTYPE" speed="13.00" pos="89.41" lane="2/2to2/1_0" slope="0.00"/>
        <vehicle id="2" x="198.35" y="146.07" angle="0.00" type="DEFAULT_VEHTYPE" speed="13.28" pos="49.18" lane="1/1to1/0_0" slope="0.00"/>
        <vehicle id="20" x="573.59" y="401.65" angle="-90.00" type="DEFAULT_VEHTYPE" speed="13.31" pos="21.66" lane="3/2to2/2_0" slope="0.00"/>
        <vehicle id="23" x="373.16" y="598.35" angle="90.00" type="DEFAULT_VEHTYPE" speed="12.52" pos="168.41" lane="1/3to2/3_0" slope="0.00"/>
        <vehicle id="24" x="401.65" y="766.15" angle="180.00" type="DEFAULT_VEHTYPE" speed="13.09" pos="161.40" lane="2/3to2/4_0" slope="0.00"/>
        <vehicle id="4" x="158.01" y="401.65" angle="-90.00" type="DEFAULT_VEHTYPE" speed="13.52" pos="37.24" lane="1/2to0/2_0" slope="0.00"/>
        <vehicle id="5" x="201.59" y="404.31" angle="158.39" type="DEFAULT_VEHTYPE" speed="6.48" pos="9.87" lane=":1/2_14_0" slope="0.00"/>
        <vehicle id="6" x="398.35" y="453.81" angle="0.00" type="DEFAULT_VEHTYPE" speed="13.76" pos="141.44" lane="2/3to2/2_0" slope="0.00"/>
        <vehicle id="7" x="601.65" y="287.55" angle="180.00" type="DEFAULT_VEHTYPE" speed="13.58" pos="82.80" lane="3/1to3/2_0" slope="0.00"/>
        <vehicle id="8" x="608.74" y="201.65" angle="-90.00" type="DEFAULT_VEHTYPE" speed="3.33" pos="191.26" lane="4/1to3/1_0" slope="0.00"/>
    </timestep>
    <timestep time="685.00">
        <vehicle id="0" x="194.95" y="398.35" angle="90.00" type="DEFAULT_VEHTYPE" speed="6.66" pos="194.95" lane="0/2to1/2_0" slope="0.00"/>
        <vehicle id="10" x="398.35" y="29.23" angle="0.00" type="DEFAULT_VEHTYPE" speed="12.94" pos="166.02" lane="2/1to2/0_0" slope="0.00"/>
        <vehicle id="11" x="601.65" y="415.77" angle="180.00" type="DEFAULT_VEHTYPE" speed="12.79" pos="11.02" lane="3/2to3/3_0" slope="0.00"/>
        <vehicle id="12" x="229.30" y="598.35" angle="90.00" type="DEFAULT_VEHTYPE" speed="13.04" pos="24.55" lane="1/3to2/3_0" slope="0.00"/>
        <vehicle id="15" x="493.74" y="198.35" angle="90.00" type="DEFAULT_VEHTYPE" speed="12.80" pos="88.99" lane="2/1to3/1_0" slope="0.00"/>
        <vehicle id="19" x="398.35" y="292.40" angle="0.00" type="DEFAULT_VEHTYPE" speed="13.45" pos="102.85" lane="2/2to2/1_0" slope="0.00"/>
        <vehicle id="2" x="198.35" y="132.65" angle="0.00" type="DEFAULT_VEHTYPE" speed="13.42" pos="62.60" lane="1/1to1/0_0" slope="0.00"/>
        <vehicle id="20" x="560.98" y="401.65" angle="-90.00" type="DEFAULT_VEHTYPE" speed="12.61" pos="34.27" lane="3/2to2/2_0" slope="0.00"/>
        <vehicle id="23" x="381.83" y="598.35" angle="90.00" type="DEFAULT_VEHTYPE" speed="8.67" pos="177.08" lane="1/3to2/3_0" slope="0.00"/>
        <vehicle id="24" x="401.65" y="778.96" angle="180.00" type="DEFAULT_VEHTYPE" speed="12.81" pos="174.21" lane="2/3to2/4_0" slope="0.00"/>
        <vehicle id="4" x="144.86" y="401.65" angle="-90.00" type="DEFAULT_VEHTYPE" speed="13.14" pos="50.39" lane="1/2to0/2_0" slope="0.00"/>
        <vehicle id="5" x="201.65" y="413.29" angle="180.00" type="DEFAULT_VEHTYPE" speed="8.98" pos="8.54" lane="1/2to1/3_0" slope="0.00"/>
        <vehicle id="6" x="398.35" y="440.00" angle="0.00" type="DEFAULT_VEHTYPE" speed="13.81" pos="155.25" lane="2/3to2/2_0" slope="0.00"/>
        <vehicle id="7" x="601.65" y="300.94" angle="180.00" type="DEFAULT_VEHTYPE" speed="13.39" pos="96.19" lane="3/1to3/2_0" slope="0.00"/>
        <vehicle id="8" x="603.75" y="201.79" angle="-91.61" type="DEFAULT_VEHTYPE" speed="5.01" pos="1.01" lane=":3/1_4_0" slope="0.00"/>
    </timestep>
    <timestep time="686.00">
        <vehicle id="0" x="201.35" y="402.66" angle="141.25" type="DEFAULT_VEHTYPE" speed="8.50" pos="8.20" lane=":1/2_14_0" slope="0.00"/>
        <vehicle id="10" x="398.35" y="15.88" angle="0.00" type="DEFAULT_VEHTYPE" speed="13.34" pos="179.37" lane="2/1to2/0_0" slope="0.00"/>
        <vehicle id="11" x="601.65" y="428.37" angle="180.00" type="DEFAULT_VEHTYPE" speed="12.60" pos="23.62" lane="3/2to3/3_0" slope="0.00"/>
        <vehicle id="12" x="243.07" y="598.35" angle="90.00" type="DEFAULT_VEHTYPE" speed="13.77" pos="38.32" lane="1/3to2/3_0" slope="0.00"/>
        <vehicle id="15" x="507.32" y="198.35" angle="90.00" type="DEFAULT_VEHTYPE" speed="13.59" pos="102.57" lane="2/1to3/1_0" slope="0.00"/>
        <vehicle id="19" x="398.35" y="278.61" angle="0.00" type="DEFAULT_VEHTYPE" speed="13.78" pos="116.64" lane="2/2to2/1_0" slope="0.00"/>
        <vehicle id="2" x="198.35" y="119.35" angle="0.00" type="DEFAULT_VEHTYPE" speed="13.29" pos="75.90" lane="1/1to1/0_0" slope="0.00"/>
        <vehicle id="20" x="547.37" y="401.65" angle="-90.00" type="DEFAULT_VEHTYPE" speed="13.61" pos="47.88" lane="3/2to2/2_0" slope="0.00"/>
        <vehicle id="23" x="387.04" y="598.35" angle="90.00" type="DEFAULT_VEHTYPE" speed="5.21" pos="182.29" lane="1/3to2/3_0" slope="0.00"/>
        <vehicle id="24" x="401.65" y="792.10" angle="180.00" type="DEFAULT_VEHTYPE" speed="13.15" pos="187.35" lane="2/3to2/4_0" slope="0.00"/>
        <vehicle id="4" x="131.26" y="401.65" angle="-90.00" type="DEFAULT_VEHTYPE" speed="13.60" pos="63.99" lane="1/2to0/2_0" slope="0.00"/>
        <vehicle id="5" x="201.65" y="424.29" angle="180.00" type="DEFAULT_VEHTYPE" speed="11.00" pos="19.54" lane="1/2to1/3_0" slope="0.00"/>
        <vehicle id="6" x="398.35" y="426.78" angle="0.00" type="DEFAULT_VEHTYPE" speed="13.22" pos="168.47" lane="2/3to2/2_0" slope="0.00"/>
        <vehicle id="7" x="601.65" y="314.29" angle="180.00" type="DEFAULT_VEHTYPE" speed="13.35" pos="109.54" lane="3/1to3/2_0" slope="0.00"/>
        <vehicle id="8" x="601.65" y="208.27" angle="-177.14" type="DEFAULT_VEHTYPE" speed="7.50" pos="3.52" lane="3/1to3/2_0" slope="0.00"/>
    </timestep>
    <timestep time="687.00">
        <vehicle id="0" x="201.65" y="412.92" angle="180.00" type="DEFAULT_VEHTYPE" speed="10.29" pos="8.17" lane="1/2to1/3_0" slope="0.00"/>
        <vehicle id="10" x="398.35" y="2.54" angle="0.00" type="DEFAULT_VEHTYPE" speed="13.34" pos="192.71" lane="2/1to2/0_0" slope="0.00"/>
        <vehicle id="11" x="601.65" y="441.67" angle="180.00" type="DEFAULT_VEHTYPE" speed="13.29" pos="36.92" lane="3/2to3/3_0" slope="0.00"/>
        <vehicle id="12" x="256.02" y="598.35" angle="90.00" type="DEFAULT_VEHTYPE" speed="12.95" pos="51.27" lane="1/3to2/3_0" slope="0.00"/>
        <vehicle id="15" x="520.58" y="198.35" angle="90.00" type="DEFAULT_VEHTYPE" speed="13.26" pos="115.83" lane="2/1to3/1_0" slope="0.00"/>
        <vehicle id="19" x="398.35" y="264.74" angle="0.00" type="DEFAULT_VEHTYPE" speed="13.87" pos="130.51" lane="2/2to2/1_0" slope="0.00"/>
        <vehicle id="2" x="198.35" y="106.69" angle="0.00" type="DEFAULT_VEHTYPE" speed="12.67" pos="88.56" lane="1/1to1/0_0" slope="0.00"/>
        <vehicle id="20" x="533.87" y="401.65" angle="-90.00" type="DEFAULT_VEHTYPE" speed="13.50" pos="61.38" lane="3/2to2/2_0" slope="0.00"/>
        <vehicle id="23" x="390.97" y="598.35" angle="90.00" type="DEFAULT_VEHTYPE" speed="3.93" pos="186.22" lane="1/3to2/3_0" slope="0.00"/>
        <vehicle id="24" x="398.35" y="799.47" angle="-75.06" type="DEFAULT_VEHTYPE" speed="13.25" pos="0.53" lane="2/4to2/3_0" slope="0.00"/>
        <vehicle id="4" x="117.98" y="401.65" angle="-90.00" type="DEFAULT_VEHTYPE" speed="13.28" pos="77.27" lane="1/2to0/2_0" slope="0.00"/>
        <vehicle id="5" x="201.65" y="437.71" angle="180.00" type="DEFAULT_VEHTYPE" speed="13.42" pos="32.96" lane="1/2to1/3_0" slope="0.00"/>
        <vehicle id="6" x="398.35" y="413.99" angle="0.00" type="DEFAULT_VEHTYPE" speed="12.78" pos="181.26" lane="2/3to2/2_0" slope="0.00"/>
        <vehicle id="7" x="601.65" y="326.91" angle="180.00" type="DEFAULT_VEHTYPE" speed="12.62" pos="122.16" lane="3/1to3/2_0" slope="0.00"/>
        <vehicle id="8" x="601.65" y="218.14" angle="180.00" type="DEFAULT_VEHTYPE" speed="9.87" pos="13.39" lane="3/1to3/2_0" slope="0.00"/>
    </timestep>
    <timestep time="688.00">
        <vehicle id="0" x="201.65" y="425.78" angle="180.00" type="DEFAULT_VEHTYPE" speed="12.85" pos="21.03" lane="1/2to1/3_0" slope="0.00"/>
        <vehicle id="10" x="401.65" y="5.42" angle="180.00" type="DEFAULT_VEHTYPE" speed="12.78" pos="5.42" lane="2/0to2/1_0" slope="0.00"/>
        <vehicle id="11" x="601.65" y="454.41" angle="180.00" type="DEFAULT_VEHTYPE" speed="12.75" pos="49.66" lane="3/2to3/3_0" slope="0.00"/>
        <vehicle id="12" x="268.83" y="598.35" angle="90.00" type="DEFAULT_VEHTYPE" speed="12.82" pos="64.08" lane="1/3to2/3_0" slope="0.00"/>
        <vehicle id="15" x="534.25" y="198.35" angle="90.00" type="DEFAULT_VEHTYPE" speed="13.67" pos="129.50" lane="2/1to3/1_0" slope="0.00"/>
        <vehicle id="19" x="398.35" y="251.38" angle="0.00" type="DEFAULT_VEHTYPE" speed="13.36" pos="143.87" lane="2/2to2/1_0" slope="0.00"/>
        <vehicle id="2" x="198.35" y="93.81" angle="0.00" type="DEFAULT_VEHTYPE" speed="12.87" pos="101.44" lane="1/1to1/0_0" slope="0.00"/>
        <vehicle id="20" x="520.29" y="401.65" angle="-90.00" type="DEFAULT_VEHTYPE" speed="13.58" pos="74.96" lane="3/2to2/2_0" slope="0.00"/>
        <vehicle id="23" x="397.34" y="598.65" angle="93.43" type="DEFAULT_VEHTYPE" speed="6.39" pos="2.11" lane=":2/3_14_0" slope="0.00"/>
        <vehicle id="24" x="398.35" y="786.49" angle="0.00" type="DEFAULT_VEHTYPE" speed="12.98" pos="13.51" lane="2/4to2/3_0" slope="0.00"/>
        <vehicle id="4" x="105.29" y="401.65" angle="-90.00" type="DEFAULT_VEHTYPE" speed="12.69" pos="89.96" lane="1/2to0/2_0" slope="0.00"/>
        <vehicle id="5" x="201.65" y="450.94" angle="180.00" type="DEFAULT_VEHTYPE" speed="13.24" pos="46.19" lane="1/2to1/3_0" slope="0.00"/>
        <vehicle id="6" x="396.10" y="401.77" angle="-30.37" type="DEFAULT_VEHTYPE" speed="13.39" pos="4.15" lane=":2/2_0_0" slope="0.00"/>
        <vehicle id="7" x="601.65" y="339.99" angle="180.00" type="DEFAULT_VEHTYPE" speed="13.08" pos="135.24" lane="3/1to3/2_0" slope="0.00"/>
        <vehicle id="8" x="601.65" y="230.05" angle="180.00" type="DEFAULT_VEHTYPE" speed="11.91" pos="25.30" lane="3/1to3/2_0" slope="0.00"/>
    </timestep>
    <timestep time="689.00">
        <vehicle id="0" x="201.65" y="438.75" angle="180.00" type="DEFAULT_VEHTYPE" speed="12.98" pos="34.00" lane="1/2to1/3_0" slope="0.00"/>
        <vehicle id="10" x="401.65" y="18.28" angle="180.00" type="DEFAULT_VEHTYPE" speed="12.86" pos="18.28" lane="2/0to2/1_0" slope="0.00"/>
        <vehicle id="11" x="601.65" y="467.42" angle="180.00" type="DEFAULT_VEHTYPE" speed="13.01" pos="62.67" lane="3/2to3/3_0" slope="0.00"/>
        <vehicle id="12" x="282.50" y="598.35" angle="90.00" type="DEFAULT_VEHTYPE" speed="13.67" pos="77.75" lane="1/3to2/3_0" slope="0.00"/>
        <vehicle id="15" x="547.40" y="198.35" angle="90.00" type="DEFAULT_VEHTYPE" speed="13.15" pos="142.65" lane="2/1to3/1_0" slope="0.00"/>
        <vehicle id="19" x="398.35" y="238.36" angle="0.00" type="DEFAULT_VEHTYPE" speed="13.02" pos="156.89" lane="2/2to2/1_0" slope="0.00"/>
        <vehicle id="2" x="198.35" y="80.57" angle="0.00" type="DEFAULT_VEHTYPE" speed="13.24" pos="114.68" lane="1/1to1/0_0" slope="0.00"/>
        <vehicle id="20" x="506.72" y="401.65" angle="-90.00" type="DEFAULT_VEHTYPE" speed="13.57" pos="88.53" lane="3/2to2/2_0" slope="0.00"/>
        <vehicle id="23" x="401.65" y="605.27" angle="165.19" type="DEFAULT_VEHTYPE" speed="8.73" pos="0.52" lane="2/3to2/4_0" slope="0.00"/>
        <vehicle id="24" x="398.35" y="772.95" angle="0.00" type="DEFAULT_VEHTYPE" speed="13.54" pos="27.05" lane="2/4to2/3_0" slope="0.00"/>
        <vehicle id="4" x="91.74" y="401.65" angle="-90.00" type="DEFAULT_VEHTYPE" speed="13.55" pos="103.51" lane="1/2to0/2_0" slope="0.00"/>
        <vehicle id="5" x="201.65" y="464.14" angle="180.00" type="DEFAULT_VEHTYPE" speed="13.19" pos="59.39" lane="1/2to1/3_0" slope="0.00"/>
        <vehicle id="6" x="383.30" y="401.65" angle="-90.00" type="DEFAULT_VEHTYPE" speed="12.80" pos="11.95" lane="2/2to1/2_0" slope="0.00"/>
        <vehicle id="7" x="601.65" y="352.62" angle="180.00" type="DEFAULT_VEHTYPE" speed="12.63" pos="147.87" lane="3/1to3/2_0" slope="0.00"/>
        <vehicle id="8" x="601.65" y="243.62" angle="180.00" type="DEFAULT_VEHTYPE" speed="13.58" pos="38.87" lane="3/1to3/2_0" slope="0.00"/>
    </timestep>
    <timestep time="690.00">
        <vehicle id="0" x="201.65" y="451.88" angle="180.00" type="DEFAULT_VEHTYPE" speed="13.12" pos="47.13" lane="1/2to1/3_0" slope="0.00"/>
        <vehicle id="10" x="401.65" y="32.04" angle="180.00" type="DEFAULT_VEHTYPE" speed="13.76" pos="32.04" lane="2/0to2/1_0" slope="0.00"/>
        <vehicle id="11" x="601.65" y="480.79" angle="180.00" type="DEFAULT_VEHTYPE" speed="13.37" pos="76.04" lane="3/2to3/3_0" slope="0.00"/>
        <vehicle id="12" x="295.43" y="598.35" angle="90.00" type="DEFAULT_VEHTYPE" speed="12.93" pos="90.68" lane="1/3to2/3_0" slope="0.00"/>
        <vehicle id="15" x="560.88" y="198.35" angle="90.00" type="DEFAULT_VEHTYPE" speed="13.48" pos="156.13" lane="2/1to3/1_0" slope="0.00"/>
        <vehicle id="19" x="398.35" y="224.46" angle="0.00" type="DEFAULT_VEHTYPE" speed="13.90" pos="170.79" lane="2/2to2/1_0" slope="0.00"/>
        <vehicle id="2" x="198.35" y="67.34" angle="0.00" type="DEFAULT_VEHTYPE" speed="13.23" pos="127.91" lane="1/1to1/0_0" slope="0.00"/>
        <vehicle id="20" x="494.10" y="401.65" angle="-90.00" type="DEFAULT_VEHTYPE" speed="12.62" pos="101.15" lane="3/2to2/2_0" slope="0.00"/>
        <vehicle id="23" x="401.65" y="615.41" angle="180.00" type="DEFAULT_VEHTYPE" speed="10.14" pos="10.66" lane="2/3to2/4_0" slope="0.00"/>
        <vehicle id="24" x="398.35" y="759.59" angle="0.00" type="DEFAULT_VEHTYPE" speed="13.36" pos="40.41" lane="2/4to2/3_0" slope="0.00"/>
        <vehicle id="4" x="78.71" y="401.65" angle="-90.00" type="DEFAULT_VEHTYPE" speed="13.03" pos="116.54" lane="1/2to0/2_0" slope="0.00"/>
        <vehicle id="5" x="201.65" y="477.60" angle="180.00" type="DEFAULT_VEHTYPE" speed="13.46" pos="72.85" lane="1/2to1/3_0" slope="0.00"/>
        <vehicle id="6" x="370.47" y="401.65" angle="-90.00" type="DEFAULT_VEHTYPE" speed="12.83" pos="24.78" lane="2/2to1/2_0" slope="0.00"/>
        <vehicle id="7" x="601.65" y="366.31" angle="180.00" type="DEFAULT_VEHTYPE" speed="13.69" pos="161.56" lane="3/1to3/2_0" slope="0.00"/>
        <vehicle id="8" x="601.65" y="256.76" angle="180.00" type="DEFAULT_VEHTYPE" speed="13.14" pos="52.01" lane="3/1to3/2_0" slope="0.00"/>
    </timestep>
    <timestep time="691.00">
        <vehicle id="0" x="201.65" y="465.26" angle="180.00" type="DEFAULT_VEHTYPE" speed="13.39" pos="60.51" lane="1/2to1/3_0" slope="0.00"/>
        <vehicle id="10" x="401.65" y="45.86" angle="180.00" type="DEFAULT_VEHTYPE" speed="13.82" pos="45.86" lane="2/0to2/1_0" slope="0.00"/>
        <vehicle id="11" x="601.65" y="494.42" angle="180.00" type="DEFAULT_VEHTYPE" speed="13.63" pos="89.67" lane="3/2to3/3_0" slope="0.00"/>
        <vehicle id="12" x="309.31" y="598.35" angle="90.00" type="DEFAULT_VEHTYPE" speed="13.87" pos="104.56" lane="1/3to2/3_0" slope="0.00"/>
        <vehicle id="15" x="572.80" y="198.35" angle="90.00" type="DEFAULT_VEHTYPE" speed="11.92" pos="168.05" lane="2/1to3/1_0" slope="0.00"/>
        <vehicle id="19" x="398.35" y="210.88" angle="0.00" type="DEFAULT_VEHTYPE" speed="13.58" pos="184.37" lane="2/2to2/1_0" slope="0.00"/>
        <vehicle id="2" x="198.35" y="53.84" angle="0.00" type="DEFAULT_VEHTYPE" speed="13.49" pos="141.41" lane="1/1to1/0_0" slope="0.00"/>
        <vehicle id="20" x="480.71" y="401.65" angle="-90.00" type="DEFAULT_VEHTYPE" speed="13.39" pos="114.54" lane="3/2to2/2_0" slope="0.00"/>
        <vehicle id="23" x="401.65" y="627.86" angle="180.00" type="DEFAULT_VEHTYPE" speed="12.45" pos="23.11" lane="2/3to2/4_0" slope="0.00"/>
        <vehicle id="24" x="398.35" y="746.40" angle="0.00" type="DEFAULT_VEHTYPE" speed="13.18" pos="53.60" lane="2/4to2/3_0" slope="0.00"/>
        <vehicle id="4" x="65.97" y="401.65" angle="-90.00" type="DEFAULT_VEHTYPE" speed="12.75" pos="129.28" lane="1/2to0/2_0" slope="0.00"/>
        <vehicle id="5" x="201.65" y="491.38" angle="180.00" type="DEFAULT_VEHTYPE" speed="13.78" pos="86.63" lane="1/2to1/3_0" slope="0.00"/>
        <vehicle id="6" x="357.52" y="401.65" angle="-90.00" type="DEFAULT_VEHTYPE" speed="12.95" pos="37.73" lane="2/2to1/2_0" slope="0.00"/>
        <vehicle id="7" x="601.65" y="377.25" angle="180.00" type="DEFAULT_VEHTYPE" speed="10.94" pos="172.50" lane="3/1to3/2_0" slope="0.00"/>
        <vehicle id="8" x="601.65" y="269.74" angle="180.00" type="DEFAULT_VEHTYPE" speed="12.98" pos="64.99" lane="3/1to3/2_0" slope="0.00"/>
    </timestep>
    <timestep time="692.00">
        <vehicle id="0" x="201.65" y="478.45" angle="180.00" type="DEFAULT_VEHTYPE" speed="13.19" pos="73.70" lane="1/2to1/3_0" slope="0.00"/>
        <vehicle id="10" x="401.65" y="59.46" angle="180.00" type="DEFAULT_VEHTYPE" speed="13.61" pos="59.46" lane="2/0to2/1_0" slope="0.00"/>
        <vehicle id="11" x="601.65" y="507.44" angle="180.00" type="DEFAULT_VEHTYPE" speed="13.02" pos="102.69" lane="3/2to3/3_0" slope="0.00"/>
        <vehicle id="12" x="322.39" y="598.35" angle="90.00" type="DEFAULT_VEHTYPE" speed="13.08" pos="117.64" lane="1/3to2/3_0" slope="0.00"/>
        <vehicle id="15" x="581.70" y="198.35" angle="90.00" type="DEFAULT_VEHTYPE" speed="8.89" pos="176.95" lane="2/1to3/1_0" slope="0.00"/>
        <vehicle id="19" x="393.68" y="201.65" angle="-70.24" type="DEFAULT_VEHTYPE" speed="12.70" pos="1.57" lane="2/1to1/1_0" slope="0.00"/>
        <vehicle id="2" x="198.35" y="40.28" angle="0.00" type="DEFAULT_VEHTYPE" speed="13.57" pos="154.97" lane="1/1to1/0_0" slope="0.00"/>
        <vehicle id="20" x="467.22" y="401.65" angle="-90.00" type="DEFAULT_VEHTYPE" speed="13.50" pos="128.03" lane="3/2to2/2_0" slope="0.00"/>
        <vehicle id="23" x="401.65" y="640.62" angle="180.00" type="DEFAULT_VEHTYPE" speed="12.77" pos="35.87" lane="2/3to2/4_0" slope="0.00"/>
        <vehicle id="24" x="398.35" y="732.55" angle="0.00" type="DEFAULT_VEHTYPE" speed="13.85" pos="67.45" lane="2/4to2/3_0" slope="0.00"/>
        <vehicle id="4" x="52.88" y="401.65" angle="-90.00" type="DEFAULT_VEHTYPE" speed="13.09" pos="142.37" lane="1/2to0/2_0" slope="0.00"/>
        <vehicle id="5" x="201.65" y="504.10" angle="180.00" type="DEFAULT_VEHTYPE" speed="12.72" pos="99.35" lane="1/2to1/3_0" slope="0.00"/>
        <vehicle id="6" x="344.21" y="401.65" angle="-90.00" type="DEFAULT_VEHTYPE" speed="13.31" pos="51.04" lane="2/2to1/2_0" slope="0.00"/>
        <vehicle id="7" x="601.65" y="384.31" angle="180.00" type="DEFAULT_VEHTYPE" speed="7.06" pos="179.56" lane="3/1to3/2_0" slope="0.00"/>
        <vehicle id="8" x="601.65" y="283.61" angle="180.00" type="DEFAULT_VEHTYPE" speed="13.87" pos="78.86" lane="3/1to3/2_0" slope="0.00"/>
    </timestep>
    <timestep time="693.00">
        <vehicle id="0" x="201.65" y="491.32" angle="180.00" type="DEFAULT_VEHTYPE" speed="12.87" pos="86.57" lane="1/2to1/3_0" slope="0.00"/>
        <vehicle id="10" x="401.65" y="73.01" angle="180.00" type="DEFAULT_VEHTYPE" speed="13.54" pos="73.01" lane="2/0to2/1_0" slope="0.00"/>
        <vehicle id="11" x="601.65" y="521.12" angle="180.00" type="DEFAULT_VEHTYPE" speed="13.67" pos="116.37" lane="3/2to3/3_0" slope="0.00"/>
        <vehicle id="12" x="336.03" y="598.35" angle="90.00" type="DEFAULT_VEHTYPE" speed="13.64" pos="131.28" lane="1/3to2/3_0" slope="0.00"/>
        <vehicle id="15" x="587.09" y="198.35" angle="90.00" type="DEFAULT_VEHTYPE" speed="5.39" pos="182.34" lane="2/1to3/1_0" slope="0.00"/>
        <vehicle id="19" x="381.03" y="201.65" angle="-90.00" type="DEFAULT_VEHTYPE" speed="12.66" pos="14.22" lane="2/1to1/1_0" slope="0.00"/>
        <vehicle id="2" x="198.35" y="26.96" angle="0.00" type="DEFAULT_VEHTYPE" speed="13.32" pos="168.29" lane="1/1to1/0_0" slope="0.00"/>
        <vehicle id="20" x="454.46" y="401.65" angle="-90.00" type="DEFAULT_VEHTYPE" speed="12.76" pos="140.79" lane="3/2to2/2_0" slope="0.00"/>
        <vehicle id="23" x="401.65" y="653.85" angle="180.00" type="DEFAULT_VEHTYPE" speed="13.22" pos="49.10" lane="2/3to2/4_0" slope="0.00"/>
        <vehicle id="24" x="398.35" y="719.55" angle="0.00" type="DEFAULT_VEHTYPE" speed="13.00" pos="80.45" lane="2/4to2/3_0" slope="0.00"/>
        <vehicle id="4" x="39.90" y="401.65" angle="-90.00" type="DEFAULT_VEHTYPE" speed="12.98" pos="155.35" lane="1/2to0/2_0" slope="0.00"/>
        <vehicle id="5" x="201.65" y="517.41" angle="180.00" type="DEFAULT_VEHTYPE" speed="13.31" pos="112.66" lane="1/2to1/3_0" slope="0.00"/>
        <vehicle id="6" x="331.43" y="401.65" angle="-90.00" type="DEFAULT_VEHTYPE" speed="12.78" pos="63.82" lane="2/2to1/2_0" slope="0.00"/>
        <vehicle id="7" x="601.65" y="388.63" angle="180.00" type="DEFAULT_VEHTYPE" speed="4.32" pos="183.88" lane="3/1to3/2_0" slope="0.00"/>
        <vehicle id="8" x="601.65" y="297.47" angle="180.00" type="DEFAULT_VEHTYPE" speed="13.85" pos="92.72" lane="3/1to3/2_0" slope="0.00"/>
    </timestep>
    <timestep time="694.00">
        <vehicle id="0" x="201.65" y="504.91" angle="180.00" type="DEFAULT_VEHTYPE" speed="13.59" pos="100.16" lane="1/2to1/3_0" slope="0.00"/>
        <vehicle id="10" x="401.65" y="86.24" angle="180.00" type="DEFAULT_VEHTYPE" speed="13.23" pos="86.24" lane="2/0to2/1_0" slope="0.00"/>
        <vehicle id="11" x="601.65" y="534.92" angle="180.00" type="DEFAULT_VEHTYPE" speed="13.80" pos="130.17" lane="3/2to3/3_0" slope="0.00"/>
        <vehicle id="12" x="348.90" y="598.35" angle="90.00" type="DEFAULT_VEHTYPE" speed="12.87" pos="144.15" lane="1/3to2/3_0" slope="0.00"/>
        <vehicle id="15" x="589.92" y="198.35" angle="90.00" type="DEFAULT_VEHTYPE" speed="2.83" pos="185.17" lane="2/1to3/1_0" slope="0.00"/>
        <vehicle id="19" x="368.05" y="201.65" angle="-90.00" type="DEFAULT_VEHTYPE" speed="12.97" pos="27.20" lane="2/1to1/1_0" slope="0.00"/>
        <vehicle id="2" x="198.35" y="13.46" angle="0.00" type="DEFAULT_VEHTYPE" speed="13.49" pos="181.79" lane="1/1to1/0_0" slope="0.00"/>
        <vehicle id="20" x="440.66" y="401.65" angle="-90.00" type="DEFAULT_VEHTYPE" speed="13.80" pos="154.59" lane="3/2to2/2_0" slope="0.00"/>
        <vehicle id="23" x="401.65" y="666.95" angle="180.00" type="DEFAULT_VEHTYPE" speed="13.11" pos="62.20" lane="2/3to2/4_0" slope="0.00"/>
        <vehicle id="24" x="398.35" y="706.57" angle="0.00" type="DEFAULT_VEHTYPE" speed="12.99" pos="93.43" lane="2/4to2/3_0" slope="0.00"/>
        <vehicle id="4" x="26.71" y="401.65" angle="-90.00" type="DEFAULT_VEHTYPE" speed="13.19" pos="168.54" lane="1/2to0/2_0" slope="0.00"/>
        <vehicle id="5" x="201.65" y="530.82" angle="180.00" type="DEFAULT_VEHTYPE" speed="13.41" pos="126.07" lane="1/2to1/3_0" slope="0.00"/>
        <vehicle id="6" x="318.80" y="401.65" angle="-90.00" type="DEFAULT_VEHTYPE" speed="12.63" pos="76.45" lane="2/2to1/2_0" slope="0.00"/>
        <vehicle id="7" x="601.65" y="394.92" angle="180.00" type="DEFAULT_VEHTYPE" speed="6.29" pos="190.17" lane="3/1to3/2_0" slope="0.00"/>
        <vehicle id="8" x="601.65" y="310.43" angle="180.00" type="DEFAULT_VEHTYPE" speed="12.96" pos="105.68" lane="3/1to3/2_0" slope="0.00"/>
    </timestep>
    <timestep time="695.00">
        <vehicle id="0" x="201.65" y="518.70" angle="180.00" type="DEFAULT_VEHTYPE" speed="13.79" pos="113.95" lane="1/2to1/3_0" slope="0.00"/>
        <vehicle id="10" x="401.65" y="99.16" angle="180.00" type="DEFAULT_VEHTYPE" speed="12.93" pos="99.16" lane="2/0to2/1_0" slope="0.00"/>
        <vehicle id="11" x="601.65" y="548.51" angle="180.00" type="DEFAULT_VEHTYPE" speed="13.60" pos="143.76" lane="3/2to3/3_0" slope="0.00"/>
        <vehicle id="12" x="362.53" y="598.35" angle="90.00" type="DEFAULT_VEHTYPE" speed="13.64" pos="157.78" lane="1/3to2/3_0" slope="0.00"/>
        <vehicle id="15" x="594.56" y="198.35" angle="90.00" type="DEFAULT_VEHTYPE" speed="4.64" pos="189.81" lane="2/1to3/1_0" slope="0.00"/>
        <vehicle id="19" x="355.37" y="201.65" angle="-90.00" type="DEFAULT_VEHTYPE" speed="12.68" pos="39.88" lane="2/1to1/1_0" slope="0.00"/>
        <vehicle id="2" x="198.35" y="0.27" angle="0.00" type="DEFAULT_VEHTYPE" speed="13.19" pos="194.98" lane="1/1to1/0_0" slope="0.00"/>
        <vehicle id="20" x="428.14" y="401.65" angle="-90.00" type="DEFAULT_VEHTYPE" speed="12.51" pos="167.11" lane="3/2to2/2_0" slope="0.00"/>
        <vehicle id="23" x="401.65" y="680.16" angle="180.00" type="DEFAULT_VEHTYPE" speed="13.21" pos="75.41" lane="2/3to2/4_0" slope="0.00"/>
        <vehicle id="24" x="398.35" y="693.12" angle="0.00" type="DEFAULT_VEHTYPE" speed="13.45" pos="106.88" lane="2/4to2/3_0" slope="0.00"/>
        <vehicle id="4" x="13.95" y="401.65" angle="-90.00" type="DEFAULT_VEHTYPE" speed="12.76" pos="181.30" lane="1/2to0/2_0" slope="0.00"/>
        <vehicle id="5" x="201.65" y="543.54" angle="180.00" type="DEFAULT_VEHTYPE" speed="12.72" pos="138.79" lane="1/2to1/3_0" slope="0.00"/>
        <vehicle id="6" x="305.31" y="401.65" angle="-90.00" type="DEFAULT_VEHTYPE" speed="13.49" pos="89.94" lane="2/2to1/2_0" slope="0.00"/>
        <vehicle id="7" x="597.68" y="401.30" angle="-132.21" type="DEFAULT_VEHTYPE" speed="8.19" pos="0.72" lane=":3/2_18_0" slope="0.00"/>
        <vehicle id="8" x="601.65" y="323.27" angle="180.00" type="DEFAULT_VEHTYPE" speed="12.83" pos="118.52" lane="3/1to3/2_0" slope="0.00"/>
    </timestep>
    <timestep time="696.00">
        <vehicle id="0" x="201.65" y="531.41" angle="180.00" type="DEFAULT_VEHTYPE" speed="12.71" pos="126.66" lane="1/2to1/3_0" slope="0.00"/>
        <vehicle id="10" x="401.65" y="112.57" angle="180.00" type="DEFAULT_VEHTYPE" speed="13.40" pos="112.57" lane="2/0to2/1_0" slope="0.00"/>
        <vehicle id="11" x="601.65" y="562.09" angle="180.00" type="DEFAULT_VEHTYPE" speed="13.57" pos="157.34" lane="3/2to3/3_0" slope="0.00"/>
        <vehicle id="12" x="374.62" y="598.35" angle="90.00" type="DEFAULT_VEHTYPE" speed="12.08" pos="169.87" lane="1/3to2/3_0" slope="0.00"/>
        <vehicle id="15" x="600.32" y="200.40" angle="113.98" type="DEFAULT_VEHTYPE" speed="6.38" pos="5.69" lane=":3/1_14_0" slope="0.00"/>
        <vehicle id="19" x="341.85" y="201.65" angle="-90.00" type="DEFAULT_VEHTYPE" speed="13.52" pos="53.40" lane="2/1to1/1_0" slope="0.00"/>
        <vehicle id="2" x="201.65" y="7.69" angle="180.00" type="DEFAULT_VEHTYPE" speed="12.79" pos="7.69" lane="1/0to1/1_0" slope="0.00"/>
        <vehicle id="20" x="418.78" y="401.65" angle="-90.00" type="DEFAULT_VEHTYPE" speed="9.36" pos="176.47" lane="3/2to2/2_0" slope="0.00"/>
        <vehicle id="23" x="401.65" y="692.78" angle="180.00" type="DEFAULT_VEHTYPE" speed="12.62" pos="88.03" lane="2/3to2/4_0" slope="0.00"/>
        <vehicle id="24" x="398.35" y="679.42" angle="0.00" type="DEFAULT_VEHTYPE" speed="13.69" pos="120.58" lane="2/4to2/3_0" slope="0.00"/>
        <vehicle id="4" x="0.43" y="401.65" angle="-90.00" type="DEFAULT_VEHTYPE" speed="13.52" pos="194.82" lane="1/2to0/2_0" slope="0.00"/>
        <vehicle id="5" x="201.65" y="556.95" angle="180.00" type="DEFAULT_VEHTYPE" speed="13.41" pos="152.20" lane="1/2to1/3_0" slope="0.00"/>
        <vehicle id="6" x="292.12" y="401.65" angle="-90.00" type="DEFAULT_VEHTYPE" speed="13.19" pos="103.13" lane="2/2to1/2_0" slope="0.00"/>
        <vehicle id="7" x="587.55" y="401.65" angle="-90.00" type="DEFAULT_VEHTYPE" speed="10.15" pos="7.70" lane="3/2to2/2_0" slope="0.00"/>
        <vehicle id="8" x="601.65" y="336.54" angle="180.00" type="DEFAULT_VEHTYPE" speed="13.28" pos="131.79" lane="3/1to3/2_0" slope="0.00"/>
    </timestep>
    <timestep time="697.00">
        <vehicle id="0" x="201.65" y="544.62" angle="180.00" type="DEFAULT_VEHTYPE" speed="13.21" pos="139.87" lane="1/2to1/3_0" slope="0.00"/>
        <vehicle id="10" x="401.65" y="125.56" angle="180.00" type="DEFAULT_VEHTYPE" speed="12.99" pos="125.56" lane="2/0to2/1_0" slope="0.00"/>
        <vehicle id="11" x="601.65" y="575.66" angle="180.00" type="DEFAULT_VEHTYPE" speed="13.57" pos="170.91" lane="3/2to3/3_0" slope="0.00"/>
        <vehicle id="12" x="383.40" y="598.35" angle="90.00" type="DEFAULT_VEHTYPE" speed="8.78" pos="178.65" lane="1/3to2/3_0" slope="0.00"/>
        <vehicle id="15" x="601.65" y="207.83" angle="176.87" type="DEFAULT_VEHTYPE" speed="7.71" pos="3.08" lane="3/1to3/2_0" slope="0.00"/>
        <vehicle id="19" x="328.47" y="201.65" angle="-90.00" type="DEFAULT_VEHTYPE" speed="13.37" pos="66.78" lane="2/1to1/1_0" slope="0.00"/>
        <vehicle id="2" x="201.65" y="20.60" angle="180.00" type="DEFAULT_VEHTYPE" speed="12.90" pos="20.60" lane="1/0to1/1_0" slope="0.00"/>
        <vehicle id="20" x="412.55" y="401.65" angle="-90.00" type="DEFAULT_VEHTYPE" speed="6.23" pos="182.70" lane="3/2to2/2_0" slope="0.00"/>
        <vehicle id="23" x="401.65" y="706.28" angle="180.00" type="DEFAULT_VEHTYPE" speed="13.50" pos="101.53" lane="2/3to2/4_0" slope="0.00"/>
        <vehicle id="24" x="398.35" y="666.78" angle="0.00" type="DEFAULT_VEHTYPE" speed="12.64" pos="133.22" lane="2/4to2/3_0" slope="0.00"/>
        <vehicle id="4" x="7.92" y="398.35" angle="90.00" type="DEFAULT_VEHTYPE" speed="13.18" pos="7.92" lane="0/2to1/2_0" slope="0.00"/>
        <vehicle id="5" x="201.65" y="569.89" angle="180.00" type="DEFAULT_VEHTYPE" speed="12.94" pos="165.14" lane="1/2to1/3_0" slope="0.00"/>
        <vehicle id="6" x="279.14" y="401.65" angle="-90.00" type="DEFAULT_VEHTYPE" speed="12.98" pos="116.11" lane="2/2to1/2_0" slope="0.00"/>
        <vehicle id="7" x="576.09" y="401.65" angle="-90.00" type="DEFAULT_VEHTYPE" speed="11.47" pos="19.16" lane="3/2to2/2_0" slope="0.00"/>
        <vehicle id="8" x="601.65" y="349.83" angle="180.00" type="DEFAULT_VEHTYPE" speed="13.29" pos="145.08" lane="3/1to3/2_0" slope="0.00"/>
    </timestep>
    <timestep time="698.00">
        <vehicle id="0" x="201.65" y="557.98" angle="180.00" type="DEFAULT_VEHTYPE" speed="13.36" pos="153.23" lane="1/2to1/3_0" slope="0.00"/>
        <vehicle id="10" x="401.65" y="138.96" angle="180.00" type="DEFAULT_VEHTYPE" speed="13.40" pos="138.96" lane="2/0to2/1_0" slope="0.00"/>
        <vehicle id="11" x="601.65" y="589.44" angle="180.00" type="DEFAULT_VEHTYPE" speed="13.79" pos="184.69" lane="3/2to3/3_0" slope="0.00"/>
        <vehicle id="12" x="388.12" y="598.35" angle="90.00" type="DEFAULT_VEHTYPE" speed="4.72" pos="183.37" lane="1/3to2/3_0" slope="0.00"/>
        <vehicle id="15" x="601.65" y="217.39" angle="180.00" type="DEFAULT_VEHTYPE" speed="9.57" pos="12.64" lane="3/1to3/2_0" slope="0.00"/>
        <vehicle id="19" x="315.61" y="201.65" angle="-90.00" type="DEFAULT_VEHTYPE" speed="12.87" pos="79.64" lane="2/1to1/1_0" slope="0.00"/>
        <vehicle id="2" x="201.65" y="33.31" angle="180.00" type="DEFAULT_VEHTYPE" speed="12.71" pos="33.31" lane="1/0to1/1_0" slope="0.00"/>
        <vehicle id="20" x="409.85" y="401.65" angle="-90.00" type="DEFAULT_VEHTYPE" speed="2.70" pos="185.40" lane="3/2to2/2_0" slope="0.00"/>
        <vehicle id="23" x="401.65" y="719.67" angle="180.00" type="DEFAULT_VEHTYPE" speed="13.39" pos="114.92" lane="2/3to2/4_0" slope="0.00"/>
        <vehicle id="24" x="398.35" y="653.35" angle="0.00" type="DEFAULT_VEHTYPE" speed="13.43" pos="146.65" lane="2/4to2/3_0" slope="0.00"/>
        <vehicle id="4" x="21.05" y="398.35" angle="90.00" type="DEFAULT_VEHTYPE" speed="13.12" pos="21.05" lane="0/2to1/2_0" slope="0.00"/>
        <vehicle id="5" x="201.65" y="583.52" angle="180.00" type="DEFAULT_VEHTYPE" speed="13.63" pos="178.77" lane="1/2to1/3_0" slope="0.00"/>
        <vehicle id="6" x="265.66" y="401.65" angle="-90.00" type="DEFAULT_VEHTYPE" speed="13.47" pos="129.59" lane="2/2to1/2_0" slope="0.00"/>
        <vehicle id="7" x="563.38" y="401.65" angle="-90.00" type="DEFAULT_VEHTYPE" speed="12.71" pos="31.87" lane="3/2to2/2_0" slope="0.00"/>
        <vehicle id="8" x="601.65" y="363.13" angle="180.00" type="DEFAULT_VEHTYPE" speed="13.31" pos="158.38" lane="3/1to3/2_0" slope="0.00"/>
    </timestep>
    <timestep time="699.00">
        <vehicle id="0" x="201.65" y="571.26" angle="180.00" type="DEFAULT_VEHTYPE" speed="13.28" pos="166.51" lane="1/2to1/3_0" slope="0.00"/>
        <vehicle id="10" x="401.65" y="152.32" angle="180.00" type="DEFAULT_VEHTYPE" speed="13.36" pos="152.32" lane="2/0to2/1_0" slope="0.00"/>
        <vehicle id="11" x="606.91" y="598.35" angle="102.82" type="DEFAULT_VEHTYPE" speed="12.97" pos="2.16" lane="3/3to4/3_0" slope="0.00"/>
        <vehicle id="12" x="390.21" y="598.35" angle="90.00" type="DEFAULT_VEHTYPE" speed="2.09" pos="185.46" lane="1/3to2/3_0" slope="0.00"/>
        <vehicle id="15" x="601.65" y="229.44" angle="180.00" type="DEFAULT_VEHTYPE" speed="12.05" pos="24.69" lane="3/1to3/2_0" slope="0.00"/>
        <vehicle id="19" x="302.90" y="201.65" angle="-90.00" type="DEFAULT_VEHTYPE" speed="12.71" pos="92.35" lane="2/1to1/1_0" slope="0.00"/>
        <vehicle id="2" x="201.65" y="46.33" angle="180.00" type="DEFAULT_VEHTYPE" speed="13.02" pos="46.33" lane="1/0to1/1_0" slope="0.00"/>
        <vehicle id="20" x="404.61" y="401.63" angle="-89.77" type="DEFAULT_VEHTYPE" speed="5.24" pos="0.14" lane=":2/2_6_0" slope="0.00"/>
        <vehicle id="23" x="401.65" y="733.16" angle="180.00" type="DEFAULT_VEHTYPE" speed="13.49" pos="128.41" lane="2/3to2/4_0" slope="0.00"/>
        <vehicle id="24" x="398.35" y="640.49" angle="0.00" type="DEFAULT_VEHTYPE" speed="12.86" pos="159.51" lane="2/4to2/3_0" slope="0.00"/>
        <vehicle id="4" x="33.89" y="398.35" angle="90.00" type="DEFAULT_VEHTYPE" speed="12.84" pos="33.89" lane="0/2to1/2_0" slope="0.00"/>
        <vehicle id="5" x="201.78" y="596.16" angle="178.54" type="DEFAULT_VEHTYPE" speed="12.65" pos="0.92" lane=":1/3_8_0" slope="0.00"/>
        <vehicle id="6" x="252.90" y="401.65" angle="-90.00" type="DEFAULT_VEHTYPE" speed="12.77" pos="142.35" lane="2/2to1/2_0" slope="0.00"/>
        <vehicle id="7" x="550.44" y="401.65" angle="-90.00" type="DEFAULT_VEHTYPE" speed="12.93" pos="44.81" lane="3/2to2/2_0" slope="0.00"/>
        <vehicle id="8" x="601.65" y="374.79" angle="180.00" type="DEFAULT_VEHTYPE" speed="11.65" pos="170.04" lane="3/1to3/2_0" slope="0.00"/>
    </timestep>
    <timestep time="700.00">
        <vehicle id="0" x="201.65" y="584.76" angle="180.00" type="DEFAULT_VEHTYPE" speed="13.49" pos="180.01" lane="1/2to1/3_0" slope="0.00"/>
        <vehicle id="10" x="401.65" y="165.84" angle="180.00" type="DEFAULT_VEHTYPE" speed="13.52" pos="165.84" lane="2/0to2/1_0" slope="0.00"/>
        <vehicle id="11" x="620.00" y="598.35" angle="90.00" type="DEFAULT_VEHTYPE" speed="13.08" pos="15.25" lane="3/3to4/3_0" slope="0.00"/>
        <vehicle id="12" x="391.25" y="598.35" angle="90.00" type="DEFAULT_VEHTYPE" speed="1.04" pos="186.50" lane="1/3to2/3_0" slope="0.00"/>
        <vehicle id="15" x="601.65" y="242.70" angle="180.00" type="DEFAULT_VEHTYPE" speed="13.26" pos="37.95" lane="3/1to3/2_0" slope="0.00"/>
        <vehicle id="19" x="289.99" y="201.65" angle="-90.00" type="DEFAULT_VEHTYPE" speed="12.91" pos="105.26" lane="2/1to1/1_0" slope="0.00"/>
        <vehicle id="2" x="201.65" y="59.45" angle="180.00" type="DEFAULT_VEHTYPE" speed="13.13" pos="59.45" lane="1/0to1/1_0" slope="0.00"/>
        <vehicle id="20" x="398.93" y="398.36" angle="-51.08" type="DEFAULT_VEHTYPE" speed="6.99" pos="7.13" lane=":2/2_6_0" slope="0.00"/>
        <vehicle id="23" x="401.65" y="745.88" angle="180.00" type="DEFAULT_VEHTYPE" speed="12.72" pos="141.13" lane="2/3to2/4_0" slope="0.00"/>
        <vehicle id="24" x="398.35" y="627.49" angle="0.00" type="DEFAULT_VEHTYPE" speed="12.99" pos="172.51" lane="2/4to2/3_0" slope="0.00"/>
        <vehicle id="4" x="46.62" y="398.35" angle="90.00" type="DEFAULT_VEHTYPE" speed="12.73" pos="46.62" lane="0/2to1/2_0" slope="0.00"/>
        <vehicle id="5" x="214.41" y="598.35" angle="90.00" type="DEFAULT_VEHTYPE" speed="13.74" pos="9.66" lane="1/3to2/3_0" slope="0.00"/>
        <vehicle id="6" x="239.21" y="401.65" angle="-90.00" type="DEFAULT_VEHTYPE" speed="13.69" pos="156.04" lane="2/2to1/2_0" slope="0.00"/>
        <vehicle id="7" x="537.80" y="401.65" angle="-90.00" type="DEFAULT_VEHTYPE" speed="12.64" pos="57.45" lane="3/2to2/2_0" slope="0.00"/>
        <vehicle id="8" x="601.65" y="383.40" angle="180.00" type="DEFAULT_VEHTYPE" speed="8.61" pos="178.65" lane="3/1to3/2_0" slope="0.00"/>
    </timestep>
    <timestep time="701.00">
        <vehicle id="0" x="203.20" y="598.05" angle="160.56" type="DEFAULT_VEHTYPE" speed="13.90" pos="3.41" lane=":1/3_8_0" slope="0.00"/>
        <vehicle id="10" x="401.65" y="179.05" angle="180.00" type="DEFAULT_VEHTYPE" speed="13.21" pos="179.05" lane="2/0to2/1_0" slope="0.00"/>
        <vehicle id="11" x="633.25" y="598.35" angle="90.00" type="DEFAULT_VEHTYPE" speed="13.25" pos="28.50" lane="3/3to4/3_0" slope="0.00"/>
        <vehicle id="12" x="392.32" y="598.35" angle="90.00" type="DEFAULT_VEHTYPE" speed="1.08" pos="187.57" lane="1/3to2/3_0" slope="0.00"/>
        <vehicle id="15" x="601.65" y="255.41" angle="180.00" type="DEFAULT_VEHTYPE" speed="12.71" pos="50.66" lane="3/1to3/2_0" slope="0.00"/>
        <vehicle id="19" x="276.83" y="201.65" angle="-90.00" type="DEFAULT_VEHTYPE" speed="13.16" pos="118.42" lane="2/1to1/1_0" slope="0.00"/>
        <vehicle id="2" x="201.65" y="72.80" angle="180.00" type="DEFAULT_VEHTYPE" speed="13.35" pos="72.80" lane="1/0to1/1_0" slope="0.00"/>
        <vehicle id="20" x="398.35" y="389.03" angle="0.00" type="DEFAULT_VEHTYPE" speed="9.41" pos="6.22" lane="2/2to2/1_0" slope="0.00"/>
        <vehicle id="23" x="401.65" y="759.07" angle="180.00" type="DEFAULT_VEHTYPE" speed="13.20" pos="154.32" lane="2/3to2/4_0" slope="0.00"/>
        <vehicle id="24" x="398.35" y="614.46" angle="0.00" type="DEFAULT_VEHTYPE" speed="13.03" pos="185.54" lane="2/4to2/3_0" slope="0.00"/>
        <vehicle id="4" x="60.22" y="398.35" angle="90.00" type="DEFAULT_VEHTYPE" speed="13.60" pos="60.22" lane="0/2to1/2_0" slope="0.00"/>
        <vehicle id="5" x="227.71" y="598.35" angle="90.00" type="DEFAULT_VEHTYPE" speed="13.30" pos="22.96" lane="1/3to2/3_0" slope="0.00"/>
        <vehicle id="6" x="226.64" y="401.65" angle="-90.00" type="DEFAULT_VEHTYPE" speed="12.57" pos="168.61" lane="2/2to1/2_0" slope="0.00"/>
        <vehicle id="7" x="523.97" y="401.65" angle="-90.00" type="DEFAULT_VEHTYPE" speed="13.83" pos="71.28" lane="3/2to2/2_0" slope="0.00"/>
        <vehicle id="8" x="601.65" y="388.80" angle="180.00" type="DEFAULT_VEHTYPE" speed="5.40" pos="184.05" lane="3/1to3/2_0" slope="0.00"/>
    </timestep>
    <timestep time="702.00">
        <vehicle id="0" x="216.52" y="598.35" angle="90.00" type="DEFAULT_VEHTYPE" speed="13.36" pos="11.77" lane="1/3to2/3_0" slope="0.00"/>
        <vehicle id="10" x="401.65" y="192.56" angle="180.00" type="DEFAULT_VEHTYPE" speed="13.51" pos="192.56" lane="2/0to2/1_0" slope="0.00"/>
        <vehicle id="11" x="645.96" y="598.35" angle="90.00" type="DEFAULT_VEHTYPE" speed="12.71" pos="41.21" lane="3/3to4/3_0" slope="0.00"/>
        <vehicle id="12" x="392.72" y="598.35" angle="90.00" type="DEFAULT_VEHTYPE" speed="0.40" pos="187.97" lane="1/3to2/3_0" slope="0.00"/>
        <vehicle id="15" x="601.65" y="268.44" angle="180.00" type="DEFAULT_VEHTYPE" speed="13.03" pos="63.69" lane="3/1to3/2_0" slope="0.00"/>
        <vehicle id="19" x="263.98" y="201.65" angle="-90.00" type="DEFAULT_VEHTYPE" speed="12.85" pos="131.27" lane="2/1to1/1_0" slope="0.00"/>
        <vehicle id="2" x="201.65" y="85.47" angle="180.00" type="DEFAULT_VEHTYPE" speed="12.67" pos="85.47" lane="1/0to1/1_0" slope="0.00"/>
        <vehicle id="20" x="398.35" y="377.86" angle="0.00" type="DEFAULT_VEHTYPE" speed="11.17" pos="17.39" lane="2/2to2/1_0" slope="0.00"/>
        <vehicle id="23" x="401.65" y="772.23" angle="180.00" type="DEFAULT_VEHTYPE" speed="13.15" pos="167.48" lane="2/3to2/4_0" slope="0.00"/>
        <vehicle id="24" x="398.35" y="601.23" angle="0.00" type="DEFAULT_VEHTYPE" speed="13.23" pos="3.52" lane=":2/3_1_0" slope="0.00"/>
        <vehicle id="4" x="72.98" y="398.35" angle="90.00" type="DEFAULT_VEHTYPE" speed="12.76" pos="72.98" lane="0/2to1/2_0" slope="0.00"/>
        <vehicle id="5" x="240.62" y="598.35" angle="90.00" type="DEFAULT_VEHTYPE" speed="12.91" pos="35.87" lane="1/3to2/3_0" slope="0.00"/>
        <vehicle id="6" x="218.15" y="401.65" angle="-90.00" type="DEFAULT_VEHTYPE" speed="8.49" pos="177.10" lane="2/2to1/2_0" slope="0.00"/>
        <vehicle id="7" x="511.21" y="401.65" angle="-90.00" type="DEFAULT_VEHTYPE" speed="12.76" pos="84.04" lane="3/2to2/2_0" slope="0.00"/>
        <vehicle id="8" x="601.60" y="395.57" angle="-179.47" type="DEFAULT_VEHTYPE" speed="6.78" pos="0.33" lane=":3/2_10_0" slope="0.00"/>
    </timestep>
    <timestep time="703.00">
        <vehicle id="0" x="229.23" y="598.35" angle="90.00" type="DEFAULT_VEHTYPE" speed="12.71" pos="24.48" lane="1/3to2/3_0" slope="0.00"/>
        <vehicle id="10" x="409.72" y="198.35" angle="90.06" type="DEFAULT_VEHTYPE" speed="12.65" pos="4.97" lane="2/1to3/1_0" slope="0.00"/>
        <vehicle id="11" x="659.21" y="598.35" angle="90.00" type="DEFAULT_VEHTYPE" speed="13.25" pos="54.46" lane="3/3to4/3_0" slope="0.00"/>
        <vehicle id="12" x="392.74" y="598.35" angle="90.00" type="DEFAULT_VEHTYPE" speed="0.02" pos="187.99" lane="1/3to2/3_0" slope="0.00"/>
        <vehicle id="15" x="601.65" y="282.26" angle="180.00" type="DEFAULT_VEHTYPE" speed="13.82" pos="77.51" lane="3/1to3/2_0" slope="0.00"/>
        <vehicle id="19" x="250.77" y="201.65" angle="-90.00" type="DEFAULT_VEHTYPE" speed="13.21" pos="144.48" lane="2/1to1/1_0" slope="0.00"/>
        <vehicle id="2" x="201.65" y="98.38" angle="180.00" type="DEFAULT_VEHTYPE" speed="12.91" pos="98.38" lane="1/0to1/1_0" slope="0.00"/>
        <vehicle id="20" x="398.35" y="364.97" angle="0.00" type="DEFAULT_VEHTYPE" speed="12.88" pos="30.28" lane="2/2to2/1_0" slope="0.00"/>
        <vehicle id="23" x="401.65" y="786.08" angle="180.00" type="DEFAULT_VEHTYPE" speed="13.86" pos="181.33" lane="2/3to2/4_0" slope="0.00"/>
        <vehicle id="24" x="398.35" y="587.48" angle="0.00" type="DEFAULT_VEHTYPE" speed="13.76" pos="7.77" lane="2/3to2/2_0" slope="0.00"/>
        <vehicle id="4" x="85.77" y="398.35" angle="90.00" type="DEFAULT_VEHTYPE" speed="12.79" pos="85.77" lane="0/2to1/2_0" slope="0.00"/>
        <vehicle id="5" x="253.85" y="598.35" angle="90.00" type="DEFAULT_VEHTYPE" speed="13.23" pos="49.10" lane="1/3to2/3_0" slope="0.00"/>
        <vehicle id="6" x="211.79" y="401.65" angle="-90.00" type="DEFAULT_VEHTYPE" speed="6.36" pos="183.46" lane="2/2to1/2_0" slope="0.00"/>
        <vehicle id="7" x="497.72" y="401.65" angle="-90.00" type="DEFAULT_VEHTYPE" speed="13.49" pos="97.53" lane="3/2to2/2_0" slope="0.00"/>
        <vehicle id="8" x="596.27" y="401.50" angle="-117.49" type="DEFAULT_VEHTYPE" speed="8.96" pos="2.15" lane=":3/2_18_0" slope="0.00"/>
    </timestep>
    <timestep time="704.00">
        <vehicle id="0" x="242.42" y="598.35" angle="90.00" type="DEFAULT_VEHTYPE" speed="13.19" pos="37.67" lane="1/3to2/3_0" slope="0.00"/>
        <vehicle id="10" x="423.14" y="198.35" angle="90.00" type="DEFAULT_VEHTYPE" speed="13.42" pos="18.39" lane="2/1to3/1_0" slope="0.00"/>
        <vehicle id="11" x="673.03" y="598.35" angle="90.00" type="DEFAULT_VEHTYPE" speed="13.82" pos="68.28" lane="3/3to4/3_0" slope="0.00"/>
        <vehicle id="12" x="395.33" y="598.36" angle="90.13" type="DEFAULT_VEHTYPE" speed="2.60" pos="0.08" lane=":2/3_14_0" slope="0.00"/>
        <vehicle id="15" x="601.65" y="295.49" angle="180.00" type="DEFAULT_VEHTYPE" speed="13.23" pos="90.74" lane="3/1to3/2_0" slope="0.00"/>
        <vehicle id="19" x="237.09" y="201.65" angle="-90.00" type="DEFAULT_VEHTYPE" speed="13.68" pos="158.16" lane="2/1to1/1_0" slope="0.00"/>
        <vehicle id="2" x="201.65" y="111.98" angle="180.00" type="DEFAULT_VEHTYPE" speed="13.59" pos="111.98" lane="1/0to1/1_0" slope="0.00"/>
        <vehicle id="20" x="398.35" y="351.88" angle="0.00" type="DEFAULT_VEHTYPE" speed="13.09" pos="43.37" lane="2/2to2/1_0" slope="0.00"/>
        <vehicle id="23" x="401.65" y="799.77" angle="180.00" type="DEFAULT_VEHTYPE" speed="13.69" pos="195.02" lane="2/3to2/4_0" slope="0.00"/>
        <vehicle id="24" x="398.35" y="574.56" angle="0.00" type="DEFAULT_VEHTYPE" speed="12.92" pos="20.69" lane="2/3to2/2_0" slope="0.00"/>
        <vehicle id="4" x="98.52" y="398.35" angle="90.00" type="DEFAULT_VEHTYPE" speed="12.75" pos="98.52" lane="0/2to1/2_0" slope="0.00"/>
        <vehicle id="5" x="267.36" y="598.35" angle="90.00" type="DEFAULT_VEHTYPE" speed="13.51" pos="62.61" lane="1/3to2/3_0" slope="0.00"/>
        <vehicle id="6" x="209.24" y="401.65" angle="-90.00" type="DEFAULT_VEHTYPE" speed="2.55" pos="186.01" lane="2/2to1/2_0" slope="0.00"/>
        <vehicle id="7" x="485.03" y="401.65" angle="-90.00" type="DEFAULT_VEHTYPE" speed="12.69" pos="110.22" lane="3/2to2/2_0" slope="0.00"/>
        <vehicle id="8" x="584.91" y="401.65" angle="-90.00" type="DEFAULT_VEHTYPE" speed="11.37" pos="10.34" lane="3/2to2/2_0" slope="0.00"/>
    </timestep>
    <timestep time="705.00">
        <vehicle id="0" x="255.45" y="598.35" angle="90.00" type="DEFAULT_VEHTYPE" speed="13.04" pos="50.70" lane="1/3to2/3_0" slope="0.00"/>
        <vehicle id="10" x="436.22" y="198.35" angle="90.00" type="DEFAULT_VEHTYPE" speed="13.08" pos="31.47" lane="2/1to3/1_0" slope="0.00"/>
        <vehicle id="11" x="686.04" y="598.35" angle="90.00" type="DEFAULT_VEHTYPE" speed="13.01" pos="81.29" lane="3/3to4/3_0" slope="0.00"/>
        <vehicle id="12" x="399.26" y="599.48" angle="103.27" type="DEFAULT_VEHTYPE" speed="4.16" pos="4.24" lane=":2/3_14_0" slope="0.00"/>
        <vehicle id="15" x="601.65" y="308.57" angle="180.00" type="DEFAULT_VEHTYPE" speed="13.07" pos="103.82" lane="3/1to3/2_0" slope="0.00"/>
        <vehicle id="19" x="224.99" y="201.65" angle="-90.00" type="DEFAULT_VEHTYPE" speed="12.10" pos="170.26" lane="2/1to1/1_0" slope="0.00"/>
        <vehicle id="2" x="201.65" y="124.88" angle="180.00" type="DEFAULT_VEHTYPE" speed="12.90" pos="124.88" lane="1/0to1/1_0" slope="0.00"/>
        <vehicle id="20" x="398.35" y="338.95" angle="0.00" type="DEFAULT_VEHTYPE" speed="12.93" pos="56.30" lane="2/2to2/1_0" slope="0.00"/>
        <vehicle id="23" x="398.35" y="792.14" angle="0.00" type="DEFAULT_VEHTYPE" speed="12.91" pos="7.86" lane="2/4to2/3_0" slope="0.00"/>
        <vehicle id="24" x="398.35" y="560.90" angle="0.00" type="DEFAULT_VEHTYPE" speed="13.66" pos="34.35" lane="2/3to2/2_0" slope="0.00"/>
        <vehicle id="4" x="111.43" y="398.35" angle="90.00" type="DEFAULT_VEHTYPE" speed="12.91" pos="111.43" lane="0/2to1/2_0" slope="0.00"/>
        <vehicle id="5" x="280.29" y="598.35" angle="90.00" type="DEFAULT_VEHTYPE" speed="12.93" pos="75.54" lane="1/3to2/3_0" slope="0.00"/>
        <vehicle id="6" x="204.65" y="401.65" angle="-90.00" type="DEFAULT_VEHTYPE" speed="4.59" pos="0.10" lane=":1/2_5_0" slope="0.00"/>
        <vehicle id="7" x="471.92" y="401.65" angle="-90.00" type="DEFAULT_VEHTYPE" speed="13.10" pos="123.33" lane="3/2to2/2_0" slope="0.00"/>
        <vehicle id="8" x="572.15" y="401.65" angle="-90.00" type="DEFAULT_VEHTYPE" speed="12.76" pos="23.10" lane="3/2to2/2_0" slope="0.00"/>
    </timestep>
    <timestep time="706.00">
        <vehicle id="0" x="268.31" y="598.35" angle="90.00" type="DEFAULT_VEHTYPE" speed="12.86" pos="63.56" lane="1/3to2/3_0" slope="0.00"/>
        <vehicle id="10" x="449.61" y="198.35" angle="90.00" type="DEFAULT_VEHTYPE" speed="13.39" pos="44.86" lane="2/1to3/1_0" slope="0.00"/>
        <vehicle id="11" x="699.64" y="598.35" angle="90.00" type="DEFAULT_VEHTYPE" speed="13.60" pos="94.89" lane="3/3to4/3_0" slope="0.00"/>
        <vehicle id="12" x="401.64" y="604.66" angle="161.56" type="DEFAULT_VEHTYPE" speed="5.99" pos="10.23" lane=":2/3_14_0" slope="0.00"/>
        <vehicle id="15" x="601.65" y="322.37" angle="180.00" type="DEFAULT_VEHTYPE" speed="13.80" pos="117.62" lane="3/1to3/2_0" slope="0.00"/>
        <vehicle id="19" x="216.85" y="201.65" angle="-90.00" type="DEFAULT_VEHTYPE" speed="8.14" pos="178.40" lane="2/1to1/1_0" slope="0.00"/>
        <vehicle id="2" x="201.65" y="138.10" angle="180.00" type="DEFAULT_VEHTYPE" speed="13.23" pos="138.10" lane="1/0to1/1_0" slope="0.00"/>
        <vehicle id="20" x="398.35" y="325.89" angle="0.00" type="DEFAULT_VEHTYPE" speed="13.06" pos="69.36" lane="2/2to2/1_0" slope="0.00"/>
        <vehicle id="23" x="398.35" y="778.98" angle="0.00" type="DEFAULT_VEHTYPE" speed="13.16" pos="21.02" lane="2/4to2/3_0" slope="0.00"/>
        <vehicle id="24" x="398.35" y="548.01" angle="0.00" type="DEFAULT_VEHTYPE" speed="12.90" pos="47.24" lane="2/3to2/2_0" slope="0.00"/>
        <vehicle id="4" x="124.84" y="398.35" angle="90.00" type="DEFAULT_VEHTYPE" speed="13.41" pos="124.84" lane="0/2to1/2_0" slope="0.00"/>
        <vehicle id="5" x="293.12" y="598.35" angle="90.00" type="DEFAULT_VEHTYPE" speed="12.83" pos="88.37" lane="1/3to2/3_0" slope="0.00"/>
        <vehicle id="6" x="197.71" y="401.65" angle="-90.00" type="DEFAULT_VEHTYPE" speed="6.94" pos="7.04" lane=":1/2_5_0" slope="0.00"/>
        <vehicle id="7" x="459.02" y="401.65" angle="-90.00" type="DEFAULT_VEHTYPE" speed="12.91" pos="136.23" lane="3/2to2/2_0" slope="0.00"/>
        <vehicle id="8" x="559.03" y="401.65" angle="-90.00" type="DEFAULT_VEHTYPE" speed="13.13" pos="36.22" lane="3/2to2/2_0" slope="0.00"/>
    </timestep>
    <timestep time="707.00">
        <vehicle id="0" x="281.52" y="598.35" angle="90.00" type="DEFAULT_VEHTYPE" speed="13.20" pos="76.77" lane="1/3to2/3_0" slope="0.00"/>
        <vehicle id="10" x="462.50" y="198.35" angle="90.00" type="DEFAULT_VEHTYPE" speed="12.89" pos="57.75" lane="2/1to3/1_0" slope="0.00"/>
        <vehicle id="11" x="712.84" y="598.35" angle="90.00" type="DEFAULT_VEHTYPE" speed="13.19" pos="108.09" lane="3/3to4/3_0" slope="0.00"/>
        <vehicle id="12" x="401.65" y="613.25" angle="180.00" type="DEFAULT_VEHTYPE" speed="8.58" pos="8.50" lane="2/3to2/4_0" slope="0.00"/>
        <vehicle id="15" x="601.65" y="335.80" angle="180.00" type="DEFAULT_VEHTYPE" speed="13.43" pos="131.05" lane="3/1to3/2_0" slope="0.00"/>
        <vehicle id="19" x="211.16" y="201.65" angle="-90.00" type="DEFAULT_VEHTYPE" speed="5.70" pos="184.09" lane="2/1to1/1_0" slope="0.00"/>
        <vehicle id="2" x="201.65" y="151.03" angle="180.00" type="DEFAULT_VEHTYPE" speed="12.93" pos="151.03" lane="1/0to1/1_0" slope="0.00"/>
        <vehicle id="20" x="398.35" y="313.06" angle="0.00" type="DEFAULT_VEHTYPE" speed="12.82" pos="82.19" lane="2/2to2/1_0" slope="0.00"/>
        <vehicle id="23" x="398.35" y="765.39" angle="0.00" type="DEFAULT_VEHTYPE" speed="13.58" pos="34.61" lane="2/4to2/3_0" slope="0.00"/>
        <vehicle id="24" x="398.35" y="534.91" angle="0.00" type="DEFAULT_VEHTYPE" speed="13.10" pos="60.34" lane="2/3to2/2_0" slope="0.00"/>
        <vehicle id="4" x="138.36" y="398.35" angle="90.00" type="DEFAULT_VEHTYPE" speed="13.52" pos="138.36" lane="0/2to1/2_0" slope="0.00"/>
        <vehicle id="5" x="306.45" y="598.35" angle="90.00" type="DEFAULT_VEHTYPE" speed="13.33" pos="101.70" lane="1/3to2/3_0" slope="0.00"/>
        <vehicle id="6" x="188.67" y="401.65" angle="-90.00" type="DEFAULT_VEHTYPE" speed="9.04" pos="6.58" lane="1/2to0/2_0" slope="0.00"/>
        <vehicle id="7" x="445.78" y="401.65" angle="-90.00" type="DEFAULT_VEHTYPE" speed="13.24" pos="149.47" lane="3/2to2/2_0" slope="0.00"/>
        <vehicle id="8" x="546.17" y="401.65" angle="-90.00" type="DEFAULT_VEHTYPE" speed="12.86" pos="49.08" lane="3/2to2/2_0" slope="0.00"/>
    </timestep>
    <timestep time="708.00">
        <vehicle id="0" x="295.37" y="598.35" angle="90.00" type="DEFAULT_VEHTYPE" speed="13.86" pos="90.62" lane="1/3to2/3_0" slope="0.00"/>
        <vehicle id="10" x="475.18" y="198.35" angle="90.00" type="DEFAULT_VEHTYPE" speed="12.69" pos="70.43" lane="2/1to3/1_0" slope="0.00"/>
        <vehicle id="11" x="726.62" y="598.35" angle="90.00" type="DEFAULT_VEHTYPE" speed="13.79" pos="121.87" lane="3/3to4/3_0" slope="0.00"/>
        <vehicle id="12" x="401.65" y="623.71" angle="180.00" type="DEFAULT_VEHTYPE" speed="10.47" pos="18.96" lane="2/3to2/4_0" slope="0.00"/>
        <vehicle id="15" x="601.65" y="349.39" angle="180.00" type="DEFAULT_VEHTYPE" speed="13.59" pos="144.64" lane="3/1to3/2_0" slope="0.00"/>
        <vehicle id="19" x="203.80" y="201.78" angle="-91.53" type="DEFAULT_VEHTYPE" speed="7.37" pos="0.96" lane=":1/1_4_0" slope="0.00"/>
        <vehicle id="2" x="201.65" y="164.58" angle="180.00" type="DEFAULT_VEHTYPE" speed="13.55" pos="164.58" lane="1/0to1/1_0" slope="0.00"/>
        <vehicle id="20" x="398.35" y="299.78" angle="0.00" type="DEFAULT_VEHTYPE" speed="13.28" pos="95.47" lane="2/2to2/1_0" slope="0.00"/>
        <vehicle id="23" x="398.35" y="751.76" angle="0.00" type="DEFAULT_VEHTYPE" speed="13.63" pos="48.24" lane="2/4to2/3_0" slope="0.00"/>
        <vehicle id="24" x="398.35" y="521.56" angle="0.00" type="DEFAULT_VEHTYPE" speed="13.35" pos="73.69" lane="2/3to2/2_0" slope="0.00"/>
        <vehicle id="4" x="152.19" y="398.35" angle="90.00" type="DEFAULT_VEHTYPE" speed="13.83" pos="152.19" lane="0/2to1/2_0" slope="0.00"/>
        <vehicle id="5" x="320.18" y="598.35" angle="90.00" type="DEFAULT_VEHTYPE" speed="13.72" pos="115.43" lane="1/3to2/3_0" slope="0.00"/>
        <vehicle id="6" x="177.83" y="401.65" angle="-90.00" type="DEFAULT_VEHTYPE" speed="10.84" pos="17.42" lane="1/2to0/2_0" slope="0.00"/>
        <vehicle id="7" x="432.64" y="401.65" angle="-90.00" type="DEFAULT_VEHTYPE" speed="13.14" pos="162.61" lane="3/2to2/2_0" slope="0.00"/>
        <vehicle id="8" x="532.30" y="401.65" angle="-90.00" type="DEFAULT_VEHTYPE" speed="13.87" pos="62.95" lane="3/2to2/2_0" slope="0.00"/>
    </timestep>
    <timestep time="709.00">
        <vehicle id="0" x="308.03" y="598.35" angle="90.00" type="DEFAULT_VEHTYPE" speed="12.65" pos="103.28" lane="1/3to2/3_0" slope="0.00"/>
        <vehicle id="10" x="488.95" y="198.35" angle="90.00" type="DEFAULT_VEHTYPE" speed="13.77" pos="84.20" lane="2/1to3/1_0" slope="0.00"/>
        <vehicle id="11" x="739.89" y="598.35" angle="90.00" type="DEFAULT_VEHTYPE" speed="13.26" pos="135.14" lane="3/3to4/3_0" slope="0.00"/>
        <vehicle id="12" x="401.65" y="636.74" angle="180.00" type="DEFAULT_VEHTYPE" speed="13.03" pos="31.99" lane="2/3to2/4_0" slope="0.00"/>
        <vehicle id="15" x="601.65" y="363.29" angle="180.00" type="DEFAULT_VEHTYPE" speed="13.90" pos="158.54" lane="3/1to3/2_0" slope="0.00"/>
        <vehicle id="19" x="201.65" y="209.43" angle="-179.49" type="DEFAULT_VEHTYPE" speed="8.72" pos="4.68" lane="1/1to1/2_0" slope="0.00"/>
        <vehicle id="2" x="201.65" y="177.73" angle="180.00" type="DEFAULT_VEHTYPE" speed="13.15" pos="177.73" lane="1/0to1/1_0" slope="0.00"/>
        <vehicle id="20" x="398.35" y="286.41" angle="0.00" type="DEFAULT_VEHTYPE" speed="13.37" pos="108.84" lane="2/2to2/1_0" slope="0.00"/>
        <vehicle id="23" x="398.35" y="738.01" angle="0.00" type="DEFAULT_VEHTYPE" speed="13.76" pos="61.99" lane="2/4to2/3_0" slope="0.00"/>
        <vehicle id="24" x="398.35" y="508.11" angle="0.00" type="DEFAULT_VEHTYPE" speed="13.45" pos="87.14" lane="2/3to2/2_0" slope="0.00"/>
        <vehicle id="4" x="165.78" y="398.35" angle="90.00" type="DEFAULT_VEHTYPE" speed="13.59" pos="165.78" lane="0/2to1/2_0" slope="0.00"/>
        <vehicle id="5" x="333.27" y="598.35" angle="90.00" type="DEFAULT_VEHTYPE" speed="13.09" pos="128.52" lane="1/3to2/3_0" slope="0.00"/>
        <vehicle id="6" x="165.42" y="401.65" angle="-90.00" type="DEFAULT_VEHTYPE" speed="12.41" pos="29.83" lane="1/2to0/2_0" slope="0.00"/>
        <vehicle id="7" x="421.72" y="401.65" angle="-90.00" type="DEFAULT_VEHTYPE" speed="10.92" pos="173.53" lane="3/2to2/2_0" slope="0.00"/>
        <vehicle id="8" x="518.78" y="401.65" angle="-90.00" type="DEFAULT_VEHTYPE" speed="13.52" pos="76.47" lane="3/2to2/2_0" slope="0.00"/>
    </timestep>
    <timestep time="710.00">
        <vehicle id="0" x="320.95" y="598.35" angle="90.00" type="DEFAULT_VEHTYPE" speed="12.93" pos="116.20" lane="1/3to2/3_0" slope="0.00"/>
        <vehicle id="10" x="502.30" y="198.35" angle="90.00" type="DEFAULT_VEHTYPE" speed="13.35" pos="97.55" lane="2/1to3/1_0" slope="0.00"/>
        <vehicle id="11" x="753.12" y="598.35" angle="90.00" type="DEFAULT_VEHTYPE" speed="13.23" pos="148.37" lane="3/3to4/3_0" slope="0.00"/>
        <vehicle id="12" x="401.65" y="649.85" angle="180.00" type="DEFAULT_VEHTYPE" speed="13.12" pos="45.10" lane="2/3to2/4_0" slope="0.00"/>
        <vehicle id="15" x="601.65" y="376.81" angle="180.00" type="DEFAULT_VEHTYPE" speed="13.52" pos="172.06" lane="3/1to3/2_0" slope="0.00"/>
        <vehicle id="19" x="201.65" y="220.35" angle="180.00" type="DEFAULT_VEHTYPE" speed="10.92" pos="15.60" lane="1/1to1/2_0" slope="0.00"/>
        <vehicle id="2" x="201.65" y="191.38" angle="180.00" type="DEFAULT_VEHTYPE" speed="13.65" pos="191.38" lane="1/0to1/1_0" slope="0.00"/>
        <vehicle id="20" x="398.35" y="273.80" angle="0.00" type="DEFAULT_VEHTYPE" speed="12.61" pos="121.45" lane="2/2to2/1_0" slope="0.00"/>
        <vehicle id="23" x="398.35" y="724.60" angle="0.00" type="DEFAULT_VEHTYPE" speed="13.41" pos="75.40" lane="2/4to2/3_0" slope="0.00"/>
        <vehicle id="24" x="398.35" y="495.35" angle="0.00" type="DEFAULT_VEHTYPE" speed="12.76" pos="99.90" lane="2/3to2/2_0" slope="0.00"/>
        <vehicle id="4" x="176.87" y="398.35" angle="90.00" type="DEFAULT_VEHTYPE" speed="11.09" pos="176.87" lane="0/2to1/2_0" slope="0.00"/>
        <vehicle id="5" x="346.23" y="598.35" angle="90.00" type="DEFAULT_VEHTYPE" speed="12.96" pos="141.48" lane="1/3to2/3_0" slope="0.00"/>
        <vehicle id="6" x="152.33" y="401.65" angle="-90.00" type="DEFAULT_VEHTYPE" speed="13.09" pos="42.92" lane="1/2to0/2_0" slope="0.00"/>
        <vehicle id="7" x="414.62" y="401.65" angle="-90.00" type="DEFAULT_VEHTYPE" speed="7.10" pos="180.63" lane="3/2to2/2_0" slope="0.00"/>
        <vehicle id="8" x="505.88" y="401.65" angle="-90.00" type="DEFAULT_VEHTYPE" speed="12.90" pos="89.37" lane="3/2to2/2_0" slope="0.00"/>
    </timestep>
    <timestep time="711.00">
        <vehicle id="0" x="334.78" y="598.35" angle="90.00" type="DEFAULT_VEHTYPE" speed="13.82" pos="130.03" lane="1/3to2/3_0" slope="0.00"/>
        <vehicle id="10" x="515.77" y="198.35" angle="90.00" type="DEFAULT_VEHTYPE" speed="13.46" pos="111.02" lane="2/1to3/1_0" slope="0.00"/>
        <vehicle id="11" x="765.80" y="598.35" angle="90.00" type="DEFAULT_VEHTYPE" speed="12.68" pos="161.05" lane="3/3to4/3_0" slope="0.00"/>
        <vehicle id="12" x="401.65" y="662.49" angle="180.00" type="DEFAULT_VEHTYPE" speed="12.64" pos="57.74" lane="2/3to2/4_0" slope="0.00"/>
        <vehicle id="15" x="601.65" y="389.52" angle="180.00" type="DEFAULT_VEHTYPE" speed="12.71" pos="184.77" lane="3/1to3/2_0" slope="0.00"/>
        <vehicle id="19" x="201.65" y="233.51" angle="180.00" type="DEFAULT_VEHTYPE" speed="13.16" pos="28.76" lane="1/1to1/2_0" slope="0.00"/>
        <vehicle id="2" x="208.92" y="198.35" angle="91.33" type="DEFAULT_VEHTYPE" speed="13.03" pos="4.17" lane="1/1to2/1_0" slope="0.00"/>
        <vehicle id="20" x="398.35" y="260.74" angle="0.00" type="DEFAULT_VEHTYPE" speed="13.07" pos="134.51" lane="2/2to2/1_0" slope="0.00"/>
        <vehicle id="23" x="398.35" y="711.69" angle="0.00" type="DEFAULT_VEHTYPE" speed="12.91" pos="88.31" lane="2/4to2/3_0" slope="0.00"/>
        <vehicle id="24" x="398.35" y="482.60" angle="0.00" type="DEFAULT_VEHTYPE" speed="12.75" pos="112.65" lane="2/3to2/2_0" slope="0.00"/>
        <vehicle id="4" x="184.08" y="398.35" angle="90.00" type="DEFAULT_VEHTYPE" speed="7.21" pos="184.08" lane="0/2to1/2_0" slope="0.00"/>
        <vehicle id="5" x="358.92" y="598.35" angle="90.00" type="DEFAULT_VEHTYPE" speed="12.69" pos="154.17" lane="1/3to2/3_0" slope="0.00"/>
        <vehicle id="6" x="138.97" y="401.65" angle="-90.00" type="DEFAULT_VEHTYPE" speed="13.35" pos="56.28" lane="1/2to0/2_0" slope="0.00"/>
        <vehicle id="7" x="410.07" y="401.65" angle="-90.00" type="DEFAULT_VEHTYPE" speed="4.55" pos="185.18" lane="3/2to2/2_0" slope="0.00"/>
        <vehicle id="8" x="492.27" y="401.65" angle="-90.00" type="DEFAULT_VEHTYPE" speed="13.61" pos="102.98" lane="3/2to2/2_0" slope="0.00"/>
    </timestep>
    <timestep time="712.00">
        <vehicle id="0" x="347.44" y="598.35" angle="90.00" type="DEFAULT_VEHTYPE" speed="12.66" pos="142.69" lane="1/3to2/3_0" slope="0.00"/>
        <vehicle id="10" x="529.55" y="198.35" angle="90.00" type="DEFAULT_VEHTYPE" speed="13.79" pos="124.80" lane="2/1to3/1_0" slope="0.00"/>
        <vehicle id="11" x="778.42" y="598.35" angle="90.00" type="DEFAULT_VEHTYPE" speed="12.62" pos="173.67" lane="3/3to4/3_0" slope="0.00"/>
        <vehicle id="12" x="401.65" y="675.27" angle="180.00" type="DEFAULT_VEHTYPE" speed="12.78" pos="70.52" lane="2/3to2/4_0" slope="0.00"/>
        <vehicle id="15" x="601.65" y="402.82" angle="180.00" type="DEFAULT_VEHTYPE" speed="13.30" pos="7.57" lane=":3/2_9_0" slope="0.00"/>
        <vehicle id="19" x="201.65" y="246.88" angle="180.00" type="DEFAULT_VEHTYPE" speed="13.37" pos="42.13" lane="1/1to1/2_0" slope="0.00"/>
        <vehicle id="2" x="222.41" y="198.35" angle="90.00" type="DEFAULT_VEHTYPE" speed="13.50" pos="17.66" lane="1/1to2/1_0" slope="0.00"/>
        <vehicle id="20" x="398.35" y="246.85" angle="0.00" type="DEFAULT_VEHTYPE" speed="13.89" pos="148.40" lane="2/2to2/1_0" slope="0.00"/>
        <vehicle id="23" x="398.35" y="698.81" angle="0.00" type="DEFAULT_VEHTYPE" speed="12.88" pos="101.19" lane="2/4to2/3_0" slope="0.00"/>
        <vehicle id="24" x="398.35" y="469.64" angle="0.00" type="DEFAULT_VEHTYPE" speed="12.96" pos="125.61" lane="2/3to2/2_0" slope="0.00"/>
        <vehicle id="4" x="188.52" y="398.35" angle="90.00" type="DEFAULT_VEHTYPE" speed="4.44" pos="188.52" lane="0/2to1/2_0" slope="0.00"/>
        <vehicle id="5" x="372.10" y="598.35" angle="90.00" type="DEFAULT_VEHTYPE" speed="13.18" pos="167.35" lane="1/3to2/3_0" slope="0.00"/>
        <vehicle id="6" x="126.17" y="401.65" angle="-90.00" type="DEFAULT_VEHTYPE" speed="12.80" pos="69.08" lane="1/2to0/2_0" slope="0.00"/>
        <vehicle id="7" x="402.95" y="401.39" angle="-87.05" type="DEFAULT_VEHTYPE" speed="7.14" pos="1.82" lane=":2/2_6_0" slope="0.00"/>
        <vehicle id="8" x="478.99" y="401.65" angle="-90.00" type="DEFAULT_VEHTYPE" speed="13.28" pos="116.26" lane="3/2to2/2_0" slope="0.00"/>
    </timestep>
    <timestep time="713.00">
        <vehicle id="0" x="360.31" y="598.35" angle="90.00" type="DEFAULT_VEHTYPE" speed="12.88" pos="155.56" lane="1/3to2/3_0" slope="0.00"/>
        <vehicle id="10" x="542.56" y="198.35" angle="90.00" type="DEFAULT_VEHTYPE" speed="13.01" pos="137.81" lane="2/1to3/1_0" slope="0.00"/>
        <vehicle id="11" x="792.10" y="598.35" angle="90.00" type="DEFAULT_VEHTYPE" speed="13.68" pos="187.35" lane="3/3to4/3_0" slope="0.00"/>
        <vehicle id="12" x="401.65" y="689.11" angle="180.00" type="DEFAULT_VEHTYPE" speed="13.84" pos="84.36" lane="2/3to2/4_0" slope="0.00"/>
        <vehicle id="15" x="601.65" y="416.49" angle="180.00" type="DEFAULT_VEHTYPE" speed="13.67" pos="11.74" lane="3/2to3/3_0" slope="0.00"/>
        <vehicle id="19" x="201.65" y="260.51" angle="180.00" type="DEFAULT_VEHTYPE" speed="13.63" pos="55.76" lane="1/1to1/2_0" slope="0.00"/>
        <vehicle id="2" x="235.43" y="198.35" angle="90.00" type="DEFAULT_VEHTYPE" speed="13.02" pos="30.68" lane="1/1to2/1_0" slope="0.00"/>
        <vehicle id="20" x="398.35" y="234.07" angle="0.00" type="DEFAULT_VEHTYPE" speed="12.78" pos="161.18" lane="2/2to2/1_0" slope="0.00"/>
        <vehicle id="23" x="398.35" y="685.04" angle="0.00" type="DEFAULT_VEHTYPE" speed="13.77" pos="114.96" lane="2/4to2/3_0" slope="0.00"/>
        <vehicle id="24" x="398.35" y="456.62" angle="0.00" type="DEFAULT_VEHTYPE" speed="13.02" pos="138.63" lane="2/3to2/2_0" slope="0.00"/>
        <vehicle id="4" x="195.49" y="398.38" angle="90.39" type="DEFAULT_VEHTYPE" speed="6.97" pos="0.24" lane=":1/2_14_0" slope="0.00"/>
        <vehicle id="5" x="381.40" y="598.35" angle="90.00" type="DEFAULT_VEHTYPE" speed="9.30" pos="176.65" lane="1/3to2/3_0" slope="0.00"/>
        <vehicle id="6" x="112.98" y="401.65" angle="-90.00" type="DEFAULT_VEHTYPE" speed="13.19" pos="82.27" lane="1/2to0/2_0" slope="0.00"/>
        <vehicle id="7" x="398.35" y="394.33" angle="-12.27" type="DEFAULT_VEHTYPE" speed="9.43" pos="0.92" lane="2/2to2/1_0" slope="0.00"/>
        <vehicle id="8" x="465.73" y="401.65" angle="-90.00" type="DEFAULT_VEHTYPE" speed="13.26" pos="129.52" lane="3/2to2/2_0" slope="0.00"/>
    </timestep>
    <timestep time="714.00">
        <vehicle id="0" x="370.22" y="598.35" angle="90.00" type="DEFAULT_VEHTYPE" speed="9.91" pos="165.47" lane="1/3to2/3_0" slope="0.00"/>
        <vehicle id="10" x="556.07" y="198.35" angle="90.00" type="DEFAULT_VEHTYPE" speed="13.51" pos="151.32" lane="2/1to3/1_0" slope="0.00"/>
        <vehicle id="11" x="799.23" y="601.65" angle="-157.17" type="DEFAULT_VEHTYPE" speed="13.49" pos="0.77" lane="4/3to3/3_0" slope="0.00"/>
        <vehicle id="12" x="401.65" y="702.52" angle="180.00" type="DEFAULT_VEHTYPE" speed="13.41" pos="97.77" lane="2/3to2/4_0" slope="0.00"/>
        <vehicle id="15" x="601.65" y="429.78" angle="180.00" type="DEFAULT_VEHTYPE" speed="13.29" pos="25.03" lane="3/2to3/3_0" slope="0.00"/>
        <vehicle id="19" x="201.65" y="273.71" angle="180.00" type="DEFAULT_VEHTYPE" speed="13.20" pos="68.96" lane="1/1to1/2_0" slope="0.00"/>
        <vehicle id="2" x="248.57" y="198.35" angle="90.00" type="DEFAULT_VEHTYPE" speed="13.14" pos="43.82" lane="1/1to2/1_0" slope="0.00"/>
        <vehicle id="20" x="398.35" y="221.38" angle="0.00" type="DEFAULT_VEHTYPE" speed="12.69" pos="173.87" lane="2/2to2/1_0" slope="0.00"/>
        <vehicle id="23" x="398.35" y="671.58" angle="0.00" type="DEFAULT_VEHTYPE" speed="13.46" pos="128.42" lane="2/4to2/3_0" slope="0.00"/>
        <vehicle id="24" x="398.35" y="443.85" angle="0.00" type="DEFAULT_VEHTYPE" speed="12.76" pos="151.40" lane="2/3to2/2_0" slope="0.00"/>
        <vehicle id="4" x="201.54" y="404.01" angle="155.39" type="DEFAULT_VEHTYPE" speed="9.34" pos="9.57" lane=":1/2_14_0" slope="0.00"/>
        <vehicle id="5" x="387.44" y="598.35" angle="90.00" type="DEFAULT_VEHTYPE" speed="6.05" pos="182.69" lane="1/3to2/3_0" slope="0.00"/>
        <vehicle id="6" x="100.05" y="401.65" angle="-90.00" type="DEFAULT_VEHTYPE" speed="12.93" pos="95.20" lane="1/2to0/2_0" slope="0.00"/>
        <vehicle id="7" x="398.35" y="382.48" angle="0.00" type="DEFAULT_VEHTYPE" speed="11.84" pos="12.77" lane="2/2to2/1_0" slope="0.00"/>
        <vehicle id="8" x="452.29" y="401.65" angle="-90.00" type="DEFAULT_VEHTYPE" speed="13.44" pos="142.96" lane="3/2to2/2_0" slope="0.00"/>
    </timestep>
    <timestep time="715.00">
        <vehicle id="0" x="377.30" y="598.35" angle="90.00" type="DEFAULT_VEHTYPE" speed="7.08" pos="172.55" lane="1/3to2/3_0" slope="0.00"/>
        <vehicle id="10" x="569.86" y="198.35" angle="90.00" type="DEFAULT_VEHTYPE" speed="13.78" pos="165.11" lane="2/1to3/1_0" slope="0.00"/>
        <vehicle id="11" x="785.62" y="601.65" angle="-90.00" type="DEFAULT_VEHTYPE" speed="13.62" pos="14.38" lane="4/3to3/3_0" slope="0.00"/>
        <vehicle id="12" x="401.65" y="715.68" angle="180.00" type="DEFAULT_VEHTYPE" speed="13.16" pos="110.93" lane="2/3to2/4_0" slope="0.00"/>
        <vehicle id="15" x="601.65" y="442.74" angle="180.00" type="DEFAULT_VEHTYPE" speed="12.96" pos="37.99" lane="3/2to3/3_0" slope="0.00"/>
        <vehicle id="19" x="201.65" y="286.89" angle="180.00" type="DEFAULT_VEHTYPE" speed="13.18" pos="82.14" lane="1/1to1/2_0" slope="0.00"/>
        <vehicle id="2" x="262.20" y="198.35" angle="90.00" type="DEFAULT_VEHTYPE" speed="13.63" pos="57.45" lane="1/1to2/1_0" slope="0.00"/>
        <vehicle id="20" x="398.35" y="208.00" angle="0.00" type="DEFAULT_VEHTYPE" speed="13.38" pos="187.25" lane="2/2to2/1_0" slope="0.00"/>
        <vehicle id="23" x="398.35" y="657.75" angle="0.00" type="DEFAULT_VEHTYPE" speed="13.83" pos="142.25" lane="2/4to2/3_0" slope="0.00"/>
        <vehicle id="24" x="398.35" y="430.95" angle="0.00" type="DEFAULT_VEHTYPE" speed="12.90" pos="164.30" lane="2/3to2/2_0" slope="0.00"/>
        <vehicle id="4" x="201.65" y="414.92" angle="180.00" type="DEFAULT_VEHTYPE" speed="10.91" pos="10.17" lane="1/2to1/3_0" slope="0.00"/>
        <vehicle id="5" x="391.00" y="598.35" angle="90.00" type="DEFAULT_VEHTYPE" speed="3.55" pos="186.25" lane="1/3to2/3_0" slope="0.00"/>
        <vehicle id="6" x="86.36" y="401.65" angle="-90.00" type="DEFAULT_VEHTYPE" speed="13.69" pos="108.89" lane="1/2to0/2_0" slope="0.00"/>
        <vehicle id="7" x="398.35" y="369.70" angle="0.00" type="DEFAULT_VEHTYPE" speed="12.78" pos="25.55" lane="2/2to2/1_0" slope="0.00"/>
        <vehicle id="8" x="438.64" y="401.65" angle="-90.00" type="DEFAULT_VEHTYPE" speed="13.66" pos="156.61" lane="3/2to2/2_0" slope="0.00"/>
    </timestep>
    <timestep time="716.00">
        <vehicle id="0" x="381.38" y="598.35" angle="90.00" type="DEFAULT_VEHTYPE" speed="4.09" pos="176.63" lane="1/3to2/3_0" slope="0.00"/>
        <vehicle id="10" x="580.14" y="198.35" angle="90.00" type="DEFAULT_VEHTYPE" speed="10.28" pos="175.39" lane="2/1to3/1_0" slope="0.00"/>
        <vehicle id="11" x="772.79" y="601.65" angle="-90.00" type="DEFAULT_VEHTYPE" speed="12.83" pos="27.21" lane="4/3to3/3_0" slope="0.00"/>
        <vehicle id="12" x="401.65" y="728.93" angle="180.00" type="DEFAULT_VEHTYPE" speed="13.25" pos="124.18" lane="2/3to2/4_0" slope="0.00"/>
        <vehicle id="15" x="601.65" y="456.04" angle="180.00" type="DEFAULT_VEHTYPE" speed="13.30" pos="51.29" lane="3/2to3/3_0" slope="0.00"/>
        <vehicle id="19" x="201.65" y="300.59" angle="180.00" type="DEFAULT_VEHTYPE" speed="13.70" pos="95.84" lane="1/1to1/2_0" slope="0.00"/>
        <vehicle id="2" x="275.79" y="198.35" angle="90.00" type="DEFAULT_VEHTYPE" speed="13.59" pos="71.04" lane="1/1to2/1_0" slope="0.00"/>
        <vehicle id="20" x="398.35" y="194.86" angle="0.00" type="DEFAULT_VEHTYPE" speed="13.14" pos="0.39" lane="2/1to2/0_0" slope="0.00"/>
        <vehicle id="23" x="398.35" y="644.18" angle="0.00" type="DEFAULT_VEHTYPE" speed="13.57" pos="155.82" lane="2/4to2/3_0" slope="0.00"/>
        <vehicle id="24" x="398.35" y="417.80" angle="0.00" type="DEFAULT_VEHTYPE" speed="13.15" pos="177.45" lane="2/3to2/2_0" slope="0.00"/>
        <vehicle id="4" x="201.65" y="427.72" angle="180.00" type="DEFAULT_VEHTYPE" speed="12.80" pos="22.97" lane="1/2to1/3_0" slope="0.00"/>
        <vehicle id="5" x="396.16" y="598.48" angle="91.49" type="DEFAULT_VEHTYPE" speed="5.17" pos="0.92" lane=":2/3_14_0" slope="0.00"/>
        <vehicle id="6" x="72.51" y="401.65" angle="-90.00" type="DEFAULT_VEHTYPE" speed="13.85" pos="122.74" lane="1/2to0/2_0" slope="0.00"/>
        <vehicle id="7" x="398.35" y="355.81" angle="0.00" type="DEFAULT_VEHTYPE" speed="13.89" pos="39.44" lane="2/2to2/1_0" slope="0.00"/>
        <vehicle id="8" x="426.48" y="401.65" angle="-90.00" type="DEFAULT_VEHTYPE" speed="12.16" pos="168.77" lane="3/2to2/2_0" slope="0.00"/>
    </timestep>
    <timestep time="717.00">
        <vehicle id="0" x="386.25" y="598.35" angle="90.00" type="DEFAULT_VEHTYPE" speed="4.87" pos="181.50" lane="1/3to2/3_0" slope="0.00"/>
        <vehicle id="10" x="586.58" y="198.35" angle="90.00" type="DEFAULT_VEHTYPE" speed="6.44" pos="181.83" lane="2/1to3/1_0" slope="0.00"/>
        <vehicle id="11" x="759.65" y="601.65" angle="-90.00" type="DEFAULT_VEHTYPE" speed="13.14" pos="40.35" lane="4/3to3/3_0" slope="0.00"/>
        <vehicle id="12" x="401.65" y="742.23" angle="180.00" type="DEFAULT_VEHTYPE" speed="13.30" pos="137.48" lane="2/3to2/4_0" slope="0.00"/>
        <vehicle id="15" x="601.65" y="469.34" angle="180.00" type="DEFAULT_VEHTYPE" speed="13.29" pos="64.59" lane="3/2to3/3_0" slope="0.00"/>
        <vehicle id="19" x="201.65" y="314.16" angle="180.00" type="DEFAULT_VEHTYPE" speed="13.57" pos="109.41" lane="1/1to1/2_0" slope="0.00"/>
        <vehicle id="2" x="288.44" y="198.35" angle="90.00" type="DEFAULT_VEHTYPE" speed="12.65" pos="83.69" lane="1/1to2/1_0" slope="0.00"/>
        <vehicle id="20" x="398.35" y="181.38" angle="0.00" type="DEFAULT_VEHTYPE" speed="13.48" pos="13.87" lane="2/1to2/0_0" slope="0.00"/>
        <vehicle id="23" x="398.35" y="631.47" angle="0.00" type="DEFAULT_VEHTYPE" speed="12.72" pos="168.53" lane="2/4to2/3_0" slope="0.00"/>
        <vehicle id="24" x="398.35" y="404.26" angle="0.00" type="DEFAULT_VEHTYPE" speed="13.54" pos="0.49" lane=":2/2_1_0" slope="0.00"/>
        <vehicle id="4" x="201.65" y="441.13" angle="180.00" type="DEFAULT_VEHTYPE" speed="13.41" pos="36.38" lane="1/2to1/3_0" slope="0.00"/>
        <vehicle id="5" x="401.37" y="602.79" angle="142.67" type="DEFAULT_VEHTYPE" speed="7.42" pos="8.34" lane=":2/3_14_0" slope="0.00"/>
        <vehicle id="6" x="59.32" y="401.65" angle="-90.00" type="DEFAULT_VEHTYPE" speed="13.19" pos="135.93" lane="1/2to0/2_0" slope="0.00"/>
        <vehicle id="7" x="398.35" y="343.08" angle="0.00" type="DEFAULT_VEHTYPE" speed="12.73" pos="52.17" lane="2/2to2/1_0" slope="0.00"/>
        <vehicle id="8" x="418.22" y="401.65" angle="-90.00" type="DEFAULT_VEHTYPE" speed="8.26" pos="177.03" lane="3/2to2/2_0" slope="0.00"/>
    </timestep>
    <timestep time="718.00">
        <vehicle id="0" x="389.88" y="598.35" angle="90.00" type="DEFAULT_VEHTYPE" speed="3.63" pos="185.13" lane="1/3to2/3_0" slope="0.00"/>
        <vehicle id="10" x="590.78" y="198.35" angle="90.00" type="DEFAULT_VEHTYPE" speed="4.20" pos="186.03" lane="2/1to3/1_0" slope="0.00"/>
        <vehicle id="11" x="745.97" y="601.65" angle="-90.00" type="DEFAULT_VEHTYPE" speed="13.68" pos="54.03" lane="4/3to3/3_0" slope="0.00"/>
        <vehicle id="12" x="401.65" y="755.96" angle="180.00" type="DEFAULT_VEHTYPE" speed="13.73" pos="151.21" lane="2/3to2/4_0" slope="0.00"/>
        <vehicle id="15" x="601.65" y="482.34" angle="180.00" type="DEFAULT_VEHTYPE" speed="13.01" pos="77.59" lane="3/2to3/3_0" slope="0.00"/>
        <vehicle id="19" x="201.65" y="326.97" angle="180.00" type="DEFAULT_VEHTYPE" speed="12.81" pos="122.22" lane="1/1to1/2_0" slope="0.00"/>
        <vehicle id="2" x="301.56" y="198.35" angle="90.00" type="DEFAULT_VEHTYPE" speed="13.11" pos="96.81" lane="1/1to2/1_0" slope="0.00"/>
        <vehicle id="20" x="398.35" y="168.32" angle="0.00" type="DEFAULT_VEHTYPE" speed="13.06" pos="26.93" lane="2/1to2/0_0" slope="0.00"/>
        <vehicle id="23" x="398.35" y="618.14" angle="0.00" type="DEFAULT_VEHTYPE" speed="13.33" pos="181.86" lane="2/4to2/3_0" slope="0.00"/>
        <vehicle id="24" x="398.35" y="391.41" angle="0.00" type="DEFAULT_VEHTYPE" speed="12.85" pos="3.84" lane="2/2to2/1_0" slope="0.00"/>
        <vehicle id="4" x="201.65" y="453.94" angle="180.00" type="DEFAULT_VEHTYPE" speed="12.81" pos="49.19" lane="1/2to1/3_0" slope="0.00"/>
        <vehicle id="5" x="401.65" y="611.90" angle="180.00" type="DEFAULT_VEHTYPE" speed="9.13" pos="7.15" lane="2/3to2/4_0" slope="0.00"/>
        <vehicle id="6" x="45.69" y="401.65" angle="-90.00" type="DEFAULT_VEHTYPE" speed="13.64" pos="149.56" lane="1/2to0/2_0" slope="0.00"/>
        <vehicle id="7" x="398.35" y="330.35" angle="0.00" type="DEFAULT_VEHTYPE" speed="12.73" pos="64.90" lane="2/2to2/1_0" slope="0.00"/>
        <vehicle id="8" x="412.37" y="401.65" angle="-90.00" type="DEFAULT_VEHTYPE" speed="5.84" pos="182.88" lane="3/2to2/2_0" slope="0.00"/>
    </timestep>
    <timestep time="719.00">
        <vehicle id="0" x="391.91" y="598.35" angle="90.00" type="DEFAULT_VEHTYPE" speed="2.03" pos="187.16" lane="1/3to2/3_0" slope="0.00"/>
        <vehicle id="10" x="596.56" y="198.35" angle="90.00" type="DEFAULT_VEHTYPE" speed="5.79" pos="1.31" lane=":3/1_13_0" slope="0.00"/>
        <vehicle id="11" x="733.21" y="601.65" angle="-90.00" type="DEFAULT_VEHTYPE" speed="12.77" pos="66.79" lane="4/3to3/3_0" slope="0.00"/>
        <vehicle id="12" x="401.65" y="769.49" angle="180.00" type="DEFAULT_VEHTYPE" speed="13.53" pos="164.74" lane="2/3to2/4_0" slope="0.00"/>
        <vehicle id="15" x="601.65" y="495.15" angle="180.00" type="DEFAULT_VEHTYPE" speed="12.81" pos="90.40" lane="3/2to3/3_0" slope="0.00"/>
        <vehicle id="19" x="201.65" y="339.81" angle="180.00" type="DEFAULT_VEHTYPE" speed="12.84" pos="135.06" lane="1/1to1/2_0" slope="0.00"/>
        <vehicle id="2" x="314.17" y="198.35" angle="90.00" type="DEFAULT_VEHTYPE" speed="12.61" pos="109.42" lane="1/1to2/1_0" slope="0.00"/>
        <vehicle id="20" x="398.35" y="155.06" angle="0.00" type="DEFAULT_VEHTYPE" speed="13.26" pos="40.19" lane="2/1to2/0_0" slope="0.00"/>
        <vehicle id="23" x="398.35" y="605.10" angle="0.00" type="DEFAULT_VEHTYPE" speed="13.04" pos="194.90" lane="2/4to2/3_0" slope="0.00"/>
        <vehicle id="24" x="398.35" y="378.51" angle="0.00" type="DEFAULT_VEHTYPE" speed="12.90" pos="16.74" lane="2/2to2/1_0" slope="0.00"/>
        <vehicle id="4" x="201.65" y="466.81" angle="180.00" type="DEFAULT_VEHTYPE" speed="12.87" pos="62.06" lane="1/2to1/3_0" slope="0.00"/>
        <vehicle id="5" x="401.65" y="622.78" angle="180.00" type="DEFAULT_VEHTYPE" speed="10.88" pos="18.03" lane="2/3to2/4_0" slope="0.00"/>
        <vehicle id="6" x="31.80" y="401.65" angle="-90.00" type="DEFAULT_VEHTYPE" speed="13.89" pos="163.45" lane="1/2to0/2_0" slope="0.00"/>
        <vehicle id="7" x="398.35" y="317.33" angle="0.00" type="DEFAULT_VEHTYPE" speed="13.02" pos="77.92" lane="2/2to2/1_0" slope="0.00"/>
        <vehicle id="8" x="409.71" y="401.65" angle="-90.00" type="DEFAULT_VEHTYPE" speed="2.67" pos="185.54" lane="3/2to2/2_0" slope="0.00"/>
    </timestep>
    <timestep time="720.00">
        <vehicle id="0" x="392.54" y="598.35" angle="90.00" type="DEFAULT_VEHTYPE" speed="0.63" pos="187.79" lane="1/3to2/3_0" slope="0.00"/>
        <vehicle id="10" x="603.84" y="198.35" angle="90.00" type="DEFAULT_VEHTYPE" speed="7.28" pos="8.59" lane=":3/1_13_0" slope="0.00"/>
        <vehicle id="11" x="719.44" y="601.65" angle="-90.00" type="DEFAULT_VEHTYPE" speed="13.77" pos="80.56" lane="4/3to3/3_0" slope="0.00"/>
        <vehicle id="12" x="401.65" y="782.66" angle="180.00" type="DEFAULT_VEHTYPE" speed="13.17" pos="177.91" lane="2/3to2/4_0" slope="0.00"/>
        <vehicle id="15" x="601.65" y="508.63" angle="180.00" type="DEFAULT_VEHTYPE" speed="13.48" pos="103.88" lane="3/2to3/3_0" slope="0.00"/>
        <vehicle id="19" x="201.65" y="353.10" angle="180.00" type="DEFAULT_VEHTYPE" speed="13.30" pos="148.35" lane="1/1to1/2_0" slope="0.00"/>
        <vehicle id="2" x="327.71" y="198.35" angle="90.00" type="DEFAULT_VEHTYPE" speed="13.54" pos="122.96" lane="1/1to2/1_0" slope="0.00"/>
        <vehicle id="20" x="398.35" y="142.25" angle="0.00" type="DEFAULT_VEHTYPE" speed="12.81" pos="53.00" lane="2/1to2/0_0" slope="0.00"/>
        <vehicle id="23" x="398.35" y="591.49" angle="0.00" type="DEFAULT_VEHTYPE" speed="13.61" pos="3.76" lane="2/3to2/2_0" slope="0.00"/>
        <vehicle id="24" x="398.35" y="365.60" angle="0.00" type="DEFAULT_VEHTYPE" speed="12.90" pos="29.65" lane="2/2to2/1_0" slope="0.00"/>
        <vehicle id="4" x="201.65" y="479.50" angle="180.00" type="DEFAULT_VEHTYPE" speed="12.69" pos="74.75" lane="1/2to1/3_0" slope="0.00"/>
        <vehicle id="5" x="401.65" y="635.13" angle="180.00" type="DEFAULT_VEHTYPE" speed="12.35" pos="30.38" lane="2/3to2/4_0" slope="0.00"/>
        <vehicle id="6" x="18.65" y="401.65" angle="-90.00" type="DEFAULT_VEHTYPE" speed="13.15" pos="176.60" lane="1/2to0/2_0" slope="0.00"/>
        <vehicle id="7" x="398.35" y="304.47" angle="0.00" type="DEFAULT_VEHTYPE" speed="12.87" pos="90.78" lane="2/2to2/1_0" slope="0.00"/>
        <vehicle id="8" x="405.33" y="401.65" angle="-90.00" type="DEFAULT_VEHTYPE" speed="4.38" pos="189.92" lane="3/2to2/2_0" slope="0.00"/>
    </timestep>
    <timestep time="721.00">
        <vehicle id="0" x="395.29" y="598.36" angle="90.06" type="DEFAULT_VEHTYPE" speed="2.75" pos="0.04" lane=":2/3_14_0" slope="0.00"/>
        <vehicle id="10" x="613.29" y="198.35" angle="90.00" type="DEFAULT_VEHTYPE" speed="9.44" pos="8.54" lane="3/1to4/1_0" slope="0.00"/>
        <vehicle id="11" x="706.55" y="601.65" angle="-90.00" type="DEFAULT_VEHTYPE" speed="12.89" pos="93.45" lane="4/3to3/3_0" slope="0.00"/>
        <vehicle id="12" x="401.65" y="795.51" angle="180.00" type="DEFAULT_VEHTYPE" speed="12.85" pos="190.76" lane="2/3to2/4_0" slope="0.00"/>
        <vehicle id="15" x="601.65" y="522.33" angle="180.00" type="DEFAULT_VEHTYPE" speed="13.71" pos="117.58" lane="3/2to3/3_0" slope="0.00"/>
        <vehicle id="19" x="201.65" y="366.21" angle="180.00" type="DEFAULT_VEHTYPE" speed="13.10" pos="161.46" lane="1/1to1/2_0" slope="0.00"/>
        <vehicle id="2" x="340.51" y="198.35" angle="90.00" type="DEFAULT_VEHTYPE" speed="12.81" pos="135.76" lane="1/1to2/1_0" slope="0.00"/>
        <vehicle id="20" x="398.35" y="128.42" angle="0.00" type="DEFAULT_VEHTYPE" speed="13.83" pos="66.83" lane="2/1to2/0_0" slope="0.00"/>
        <vehicle id="23" x="398.35" y="578.64" angle="0.00" type="DEFAULT_VEHTYPE" speed="12.85" pos="16.61" lane="2/3to2/2_0" slope="0.00"/>
        <vehicle id="24" x="398.35" y="352.26" angle="0.00" type="DEFAULT_VEHTYPE" speed="13.35" pos="42.99" lane="2/2to2/1_0" slope="0.00"/>
        <vehicle id="4" x="201.65" y="492.25" angle="180.00" type="DEFAULT_VEHTYPE" speed="12.75" pos="87.50" lane="1/2to1/3_0" slope="0.00"/>
        <vehicle id="5" x="401.65" y="647.84" angle="180.00" type="DEFAULT_VEHTYPE" speed="12.71" pos="43.09" lane="2/3to2/4_0" slope="0.00"/>
        <vehicle id="6" x="5.49" y="401.65" angle="-90.00" type="DEFAULT_VEHTYPE" speed="13.15" pos="189.76" lane="1/2to0/2_0" slope="0.00"/>
        <vehicle id="7" x="398.35" y="291.09" angle="0.00" type="DEFAULT_VEHTYPE" speed="13.37" pos="104.16" lane="2/2to2/1_0" slope="0.00"/>
        <vehicle id="8" x="399.21" y="401.65" angle="-90.00" type="DEFAULT_VEHTYPE" speed="6.12" pos="5.54" lane=":2/2_5_0" slope="0.00"/>
    </timestep>
    <timestep time="722.00">
        <vehicle id="0" x="399.28" y="599.49" angle="103.40" type="DEFAULT_VEHTYPE" speed="4.22" pos="4.26" lane=":2/3_14_0" slope="0.00"/>
        <vehicle id="10" x="624.41" y="198.35" angle="90.00" type="DEFAULT_VEHTYPE" speed="11.12" pos="19.66" lane="3/1to4/1_0" slope="0.00"/>
        <vehicle id="11" x="693.53" y="601.65" angle="-90.00" type="DEFAULT_VEHTYPE" speed="13.02" pos="106.47" lane="4/3to3/3_0" slope="0.00"/>
        <vehicle id="12" x="398.35" y="795.62" angle="-4.04" type="DEFAULT_VEHTYPE" speed="13.69" pos="4.38" lane="2/4to2/3_0" slope="0.00"/>
        <vehicle id="15" x="601.65" y="536.08" angle="180.00" type="DEFAULT_VEHTYPE" speed="13.75" pos="131.33" lane="3/2to3/3_0" slope="0.00"/>
        <vehicle id="19" x="201.65" y="379.84" angle="180.00" type="DEFAULT_VEHTYPE" speed="13.63" pos="175.09" lane="1/1to1/2_0" slope="0.00"/>
        <vehicle id="2" x="354.17" y="198.35" angle="90.00" type="DEFAULT_VEHTYPE" speed="13.65" pos="149.42" lane="1/1to2/1_0" slope="0.00"/>
        <vehicle id="20" x="398.35" y="115.11" angle="0.00" type="DEFAULT_VEHTYPE" speed="13.31" pos="80.14" lane="2/1to2/0_0" slope="0.00"/>
        <vehicle id="23" x="398.35" y="564.82" angle="0.00" type="DEFAULT_VEHTYPE" speed="13.82" pos="30.43" lane="2/3to2/2_0" slope="0.00"/>
        <vehicle id="24" x="398.35" y="339.54" angle="0.00" type="DEFAULT_VEHTYPE" speed="12.71" pos="55.71" lane="2/2to2/1_0" slope="0.00"/>
        <vehicle id="4" x="201.65" y="504.90" angle="180.00" type="DEFAULT_VEHTYPE" speed="12.65" pos="100.15" lane="1/2to1/3_0" slope="0.00"/>
        <vehicle id="5" x="401.65" y="660.80" angle="180.00" type="DEFAULT_VEHTYPE" speed="12.96" pos="56.05" lane="2/3to2/4_0" slope="0.00"/>
        <vehicle id="6" x="3.35" y="398.35" angle="78.21" type="DEFAULT_VEHTYPE" speed="13.66" pos="3.35" lane="0/2to1/2_0" slope="0.00"/>
        <vehicle id="7" x="398.35" y="277.59" angle="0.00" type="DEFAULT_VEHTYPE" speed="13.50" pos="117.66" lane="2/2to2/1_0" slope="0.00"/>
        <vehicle id="8" x="391.71" y="401.65" angle="-90.00" type="DEFAULT_VEHTYPE" speed="7.50" pos="3.54" lane="2/2to1/2_0" slope="0.00"/>
    </timestep>
    <timestep time="723.00">
        <vehicle id="0" x="401.61" y="604.44" angle="159.76" type="DEFAULT_VEHTYPE" speed="5.75" pos="10.01" lane=":2/3_14_0" slope="0.00"/>
        <vehicle id="10" x="637.88" y="198.35" angle="90.00" type="DEFAULT_VEHTYPE" speed="13.46" pos="33.13" lane="3/1to4/1_0" slope="0.00"/>
        <vehicle id="11" x="680.65" y="601.65" angle="-90.00" type="DEFAULT_VEHTYPE" speed="12.88" pos="119.35" lane="4/3to3/3_0" slope="0.00"/>
        <vehicle id="12" x="398.35" y="782.56" angle="0.00" type="DEFAULT_VEHTYPE" speed="13.06" pos="17.44" lane="2/4to2/3_0" slope="0.00"/>
        <vehicle id="15" x="601.65" y="549.74" angle="180.00" type="DEFAULT_VEHTYPE" speed="13.65" pos="144.99" lane="3/2to3/3_0" slope="0.00"/>
        <vehicle id="19" x="201.65" y="392.91" angle="180.00" type="DEFAULT_VEHTYPE" speed="13.07" pos="188.16" lane="1/1to1/2_0" slope="0.00"/>
        <vehicle id="2" x="368.05" y="198.35" angle="90.00" type="DEFAULT_VEHTYPE" speed="13.88" pos="163.30" lane="1/1to2/1_0" slope="0.00"/>
        <vehicle id="20" x="398.35" y="101.47" angle="0.00" type="DEFAULT_VEHTYPE" speed="13.64" pos="93.78" lane="2/1to2/0_0" slope="0.00"/>
        <vehicle id="23" x="398.35" y="550.99" angle="0.00" type="DEFAULT_VEHTYPE" speed="13.83" pos="44.26" lane="2/3to2/2_0" slope="0.00"/>
        <vehicle id="24" x="398.35" y="325.67" angle="0.00" type="DEFAULT_VEHTYPE" speed="13.87" pos="69.58" lane="2/2to2/1_0" slope="0.00"/>
        <vehicle id="4" x="201.65" y="518.28" angle="180.00" type="DEFAULT_VEHTYPE" speed="13.38" pos="113.53" lane="1/2to1/3_0" slope="0.00"/>
        <vehicle id="5" x="401.65" y="674.05" angle="180.00" type="DEFAULT_VEHTYPE" speed="13.25" pos="69.30" lane="2/3to2/4_0" slope="0.00"/>
        <vehicle id="6" x="16.91" y="398.35" angle="90.00" type="DEFAULT_VEHTYPE" speed="13.56" pos="16.91" lane="0/2to1/2_0" slope="0.00"/>
        <vehicle id="7" x="398.35" y="264.20" angle="0.00" type="DEFAULT_VEHTYPE" speed="13.39" pos="131.05" lane="2/2to2/1_0" slope="0.00"/>
        <vehicle id="8" x="381.84" y="401.65" angle="-90.00" type="DEFAULT_VEHTYPE" speed="9.87" pos="13.41" lane="2/2to1/2_0" slope="0.00"/>
    </timestep>
    <timestep time="724.00">
        <vehicle id="0" x="401.65" y="611.82" angle="180.00" type="DEFAULT_VEHTYPE" speed="7.38" pos="7.07" lane="2/3to2/4_0" slope="0.00"/>
        <vehicle id="10" x="650.57" y="198.35" angle="90.00" type="DEFAULT_VEHTYPE" speed="12.70" pos="45.82" lane="3/1to4/1_0" slope="0.00"/>
        <vehicle id="11" x="667.47" y="601.65" angle="-90.00" type="DEFAULT_VEHTYPE" speed="13.18" pos="132.53" lane="4/3to3/3_0" slope="0.00"/>
        <vehicle id="12" x="398.35" y="769.83" angle="0.00" type="DEFAULT_VEHTYPE" speed="12.72" pos="30.17" lane="2/4to2/3_0" slope="0.00"/>
        <vehicle id="15" x="601.65" y="562.53" angle="180.00" type="DEFAULT_VEHTYPE" speed="12.79" pos="157.78" lane="3/2to3/3_0" slope="0.00"/>
        <vehicle id="19" x="201.65" y="406.15" angle="180.00" type="DEFAULT_VEHTYPE" speed="13.24" pos="1.40" lane="1/2to1/3_0" slope="0.00"/>
        <vehicle id="2" x="378.78" y="198.35" angle="90.00" type="DEFAULT_VEHTYPE" speed="10.72" pos="174.03" lane="1/1to2/1_0" slope="0.00"/>
        <vehicle id="20" x="398.35" y="88.08" angle="0.00" type="DEFAULT_VEHTYPE" speed="13.39" pos="107.17" lane="2/1to2/0_0" slope="0.00"/>
        <vehicle id="23" x="398.35" y="538.31" angle="0.00" type="DEFAULT_VEHTYPE" speed="12.69" pos="56.94" lane="2/3to2/2_0" slope="0.00"/>
        <vehicle id="24" x="398.35" y="312.86" angle="0.00" type="DEFAULT_VEHTYPE" speed="12.80" pos="82.39" lane="2/2to2/1_0" slope="0.00"/>
        <vehicle id="4" x="201.65" y="531.66" angle="180.00" type="DEFAULT_VEHTYPE" speed="13.37" pos="126.91" lane="1/2to1/3_0" slope="0.00"/>
        <vehicle id="5" x="401.65" y="687.12" angle="180.00" type="DEFAULT_VEHTYPE" speed="13.07" pos="82.37" lane="2/3to2/4_0" slope="0.00"/>
        <vehicle id="6" x="29.70" y="398.35" angle="90.00" type="DEFAULT_VEHTYPE" speed="12.79" pos="29.70" lane="0/2to1/2_0" slope="0.00"/>
        <vehicle id="7" x="398.35" y="251.00" angle="0.00" type="DEFAULT_VEHTYPE" speed="13.20" pos="144.25" lane="2/2to2/1_0" slope="0.00"/>
        <vehicle id="8" x="369.68" y="401.65" angle="-90.00" type="DEFAULT_VEHTYPE" speed="12.16" pos="25.57" lane="2/2to1/2_0" slope="0.00"/>
    </timestep>
    <timestep time="725.00">
        <vehicle id="0" x="401.65" y="621.75" angle="180.00" type="DEFAULT_VEHTYPE" speed="9.93" pos="17.00" lane="2/3to2/4_0" slope="0.00"/>
        <vehicle id="10" x="663.63" y="198.35" angle="90.00" type="DEFAULT_VEHTYPE" speed="13.06" pos="58.88" lane="3/1to4/1_0" slope="0.00"/>
        <vehicle id="11" x="654.42" y="601.65" angle="-90.00" type="DEFAULT_VEHTYPE" speed="13.05" pos="145.58" lane="4/3to3/3_0" slope="0.00"/>
        <vehicle id="12" x="398.35" y="757.17" angle="0.00" type="DEFAULT_VEHTYPE" speed="12.67" pos="42.83" lane="2/4to2/3_0" slope="0.00"/>
        <vehicle id="15" x="601.65" y="575.29" angle="180.00" type="DEFAULT_VEHTYPE" speed="12.76" pos="170.54" lane="3/2to3/3_0" slope="0.00"/>
        <vehicle id="19" x="201.65" y="418.83" angle="180.00" type="DEFAULT_VEHTYPE" speed="12.68" pos="14.08" lane="1/2to1/3_0" slope="0.00"/>
        <vehicle id="2" x="386.13" y="198.35" angle="90.00" type="DEFAULT_VEHTYPE" speed="7.36" pos="181.38" lane="1/1to2/1_0" slope="0.00"/>
        <vehicle id="20" x="398.35" y="74.42" angle="0.00" type="DEFAULT_VEHTYPE" speed="13.65" pos="120.83" lane="2/1to2/0_0" slope="0.00"/>
        <vehicle id="23" x="398.35" y="525.35" angle="0.00" type="DEFAULT_VEHTYPE" speed="12.96" pos="69.90" lane="2/3to2/2_0" slope="0.00"/>
        <vehicle id="24" x="398.35" y="299.07" angle="0.00" type="DEFAULT_VEHTYPE" speed="13.79" pos="96.18" lane="2/2to2/1_0" slope="0.00"/>
        <vehicle id="4" x="201.65" y="544.95" angle="180.00" type="DEFAULT_VEHTYPE" speed="13.29" pos="140.20" lane="1/2to1/3_0" slope="0.00"/>
        <vehicle id="5" x="401.65" y="700.50" angle="180.00" type="DEFAULT_VEHTYPE" speed="13.38" pos="95.75" lane="2/3to2/4_0" slope="0.00"/>
        <vehicle id="6" x="42.53" y="398.35" angle="90.00" type="DEFAULT_VEHTYPE" speed="12.84" pos="42.53" lane="0/2to1/2_0" slope="0.00"/>
        <vehicle id="7" x="398.35" y="237.75" angle="0.00" type="DEFAULT_VEHTYPE" speed="13.26" pos="157.50" lane="2/2to2/1_0" slope="0.00"/>
        <vehicle id="8" x="356.11" y="401.65" angle="-90.00" type="DEFAULT_VEHTYPE" speed="13.57" pos="39.14" lane="2/2to1/2_0" slope="0.00"/>
    </timestep>
    <timestep time="726.00">
        <vehicle id="0" x="401.65" y="633.48" angle="180.00" type="DEFAULT_VEHTYPE" speed="11.73" pos="28.73" lane="2/3to2/4_0" slope="0.00"/>
        <vehicle id="10" x="677.41" y="198.35" angle="90.00" type="DEFAULT_VEHTYPE" speed="13.78" pos="72.66" lane="3/1to4/1_0" slope="0.00"/>
        <vehicle id="11" x="641.09" y="601.65" angle="-90.00" type="DEFAULT_VEHTYPE" speed="13.33" pos="158.91" lane="4/3to3/3_0" slope="0.00"/>
        <vehicle id="12" x="398.35" y="744.04" angle="0.00" type="DEFAULT_VEHTYPE" speed="13.13" pos="55.96" lane="2/4to2/3_0" slope="0.00"/>
        <vehicle id="15" x="601.65" y="588.13" angle="180.00" type="DEFAULT_VEHTYPE" speed="12.84" pos="183.38" lane="3/2to3/3_0" slope="0.00"/>
        <vehicle id="19" x="201.65" y="432.66" angle="180.00" type="DEFAULT_VEHTYPE" speed="13.83" pos="27.91" lane="1/2to1/3_0" slope="0.00"/>
        <vehicle id="2" x="390.19" y="198.35" angle="90.00" type="DEFAULT_VEHTYPE" speed="4.05" pos="185.44" lane="1/1to2/1_0" slope="0.00"/>
        <vehicle id="20" x="398.35" y="61.79" angle="0.00" type="DEFAULT_VEHTYPE" speed="12.64" pos="133.46" lane="2/1to2/0_0" slope="0.00"/>
        <vehicle id="23" x="398.35" y="511.61" angle="0.00" type="DEFAULT_VEHTYPE" speed="13.73" pos="83.64" lane="2/3to2/2_0" slope="0.00"/>
        <vehicle id="24" x="398.35" y="285.47" angle="0.00" type="DEFAULT_VEHTYPE" speed="13.60" pos="109.78" lane="2/2to2/1_0" slope="0.00"/>
        <vehicle id="4" x="201.65" y="557.59" angle="180.00" type="DEFAULT_VEHTYPE" speed="12.64" pos="152.84" lane="1/2to1/3_0" slope="0.00"/>
        <vehicle id="5" x="401.65" y="713.17" angle="180.00" type="DEFAULT_VEHTYPE" speed="12.67" pos="108.42" lane="2/3to2/4_0" slope="0.00"/>
        <vehicle id="6" x="55.67" y="398.35" angle="90.00" type="DEFAULT_VEHTYPE" speed="13.14" pos="55.67" lane="0/2to1/2_0" slope="0.00"/>
        <vehicle id="7" x="398.35" y="224.94" angle="0.00" type="DEFAULT_VEHTYPE" speed="12.80" pos="170.31" lane="2/2to2/1_0" slope="0.00"/>
        <vehicle id="8" x="343.03" y="401.65" angle="-90.00" type="DEFAULT_VEHTYPE" speed="13.07" pos="52.22" lane="2/2to1/2_0" slope="0.00"/>
    </timestep>
    <timestep time="727.00">
        <vehicle id="0" x="401.65" y="646.60" angle="180.00" type="DEFAULT_VEHTYPE" speed="13.12" pos="41.85" lane="2/3to2/4_0" slope="0.00"/>
        <vehicle id="10" x="690.36" y="198.35" angle="90.00" type="DEFAULT_VEHTYPE" speed="12.95" pos="85.61" lane="3/1to4/1_0" slope="0.00"/>
        <vehicle id="11" x="628.69" y="601.65" angle="-90.00" type="DEFAULT_VEHTYPE" speed="12.40" pos="171.31" lane="4/3to3/3_0" slope="0.00"/>
        <vehicle id="12" x="398.35" y="731.19" angle="0.00" type="DEFAULT_VEHTYPE" speed="12.84" pos="68.81" lane="2/4to2/3_0" slope="0.00"/>
        <vehicle id="15" x="606.11" y="598.35" angle="112.32" type="DEFAULT_VEHTYPE" speed="13.48" pos="1.36" lane="3/3to4/3_0" slope="0.00"/>
        <vehicle id="19" x="201.65" y="446.34" angle="180.00" type="DEFAULT_VEHTYPE" speed="13.68" pos="41.59" lane="1/2to1/3_0" slope="0.00"/>
        <vehicle id="2" x="391.76" y="198.35" angle="90.00" type="DEFAULT_VEHTYPE" speed="1.57" pos="187.01" lane="1/1to2/1_0" slope="0.00"/>
        <vehicle id="20" x="398.35" y="48.72" angle="0.00" type="DEFAULT_VEHTYPE" speed="13.07" pos="146.53" lane="2/1to2/0_0" slope="0.00"/>
        <vehicle id="23" x="398.35" y="497.91" angle="0.00" type="DEFAULT_VEHTYPE" speed="13.70" pos="97.34" lane="2/3to2/2_0" slope="0.00"/>
        <vehicle id="24" x="398.35" y="271.67" angle="0.00" type="DEFAULT_VEHTYPE" speed="13.80" pos="123.58" lane="2/2to2/1_0" slope="0.00"/>
        <vehicle id="4" x="201.65" y="571.19" angle="180.00" type="DEFAULT_VEHTYPE" speed="13.60" pos="166.44" lane="1/2to1/3_0" slope="0.00"/>
        <vehicle id="5" x="401.65" y="725.92" angle="180.00" type="DEFAULT_VEHTYPE" speed="12.75" pos="121.17" lane="2/3to2/4_0" slope="0.00"/>
        <vehicle id="6" x="68.36" y="398.35" angle="90.00" type="DEFAULT_VEHTYPE" speed="12.69" pos="68.36" lane="0/2to1/2_0" slope="0.00"/>
        <vehicle id="7" x="398.35" y="211.85" angle="0.00" type="DEFAULT_VEHTYPE" speed="13.09" pos="183.40" lane="2/2to2/1_0" slope="0.00"/>
        <vehicle id="8" x="329.69" y="401.65" angle="-90.00" type="DEFAULT_VEHTYPE" speed="13.34" pos="65.56" lane="2/2to1/2_0" slope="0.00"/>
    </timestep>
    <timestep time="728.00">
        <vehicle id="0" x="401.65" y="659.34" angle="180.00" type="DEFAULT_VEHTYPE" speed="12.74" pos="54.59" lane="2/3to2/4_0" slope="0.00"/>
        <vehicle id="10" x="703.36" y="198.35" angle="90.00" type="DEFAULT_VEHTYPE" speed="13.00" pos="98.61" lane="3/1to4/1_0" slope="0.00"/>
        <vehicle id="11" x="619.10" y="601.65" angle="-90.00" type="DEFAULT_VEHTYPE" speed="9.59" pos="180.90" lane="4/3to3/3_0" slope="0.00"/>
        <vehicle id="12" x="398.35" y="717.44" angle="0.00" type="DEFAULT_VEHTYPE" speed="13.75" pos="82.56" lane="2/4to2/3_0" slope="0.00"/>
        <vehicle id="15" x="618.83" y="598.35" angle="90.00" type="DEFAULT_VEHTYPE" speed="12.72" pos="14.08" lane="3/3to4/3_0" slope="0.00"/>
        <vehicle id="19" x="201.65" y="459.27" angle="180.00" type="DEFAULT_VEHTYPE" speed="12.93" pos="54.52" lane="1/2to1/3_0" slope="0.00"/>
        <vehicle id="2" x="392.59" y="198.35" angle="90.00" type="DEFAULT_VEHTYPE" speed="0.83" pos="187.84" lane="1/1to2/1_0" slope="0.00"/>
        <vehicle id="20" x="398.35" y="35.61" angle="0.00" type="DEFAULT_VEHTYPE" speed="13.11" pos="159.64" lane="2/1to2/0_0" slope="0.00"/>
        <vehicle id="23" x="398.35" y="484.14" angle="0.00" type="DEFAULT_VEHTYPE" speed="13.77" pos="111.11" lane="2/3to2/2_0" slope="0.00"/>
        <vehicle id="24" x="398.35" y="258.53" angle="0.00" type="DEFAULT_VEHTYPE" speed="13.14" pos="136.72" lane="2/2to2/1_0" slope="0.00"/>
        <vehicle id="4" x="201.65" y="583.84" angle="180.00" type="DEFAULT_VEHTYPE" speed="12.65" pos="179.09" lane="1/2to1/3_0" slope="0.00"/>
        <vehicle id="5" x="401.65" y="738.56" angle="180.00" type="DEFAULT_VEHTYPE" speed="12.63" pos="133.81" lane="2/3to2/4_0" slope="0.00"/>
        <vehicle id="6" x="81.16" y="398.35" angle="90.00" type="DEFAULT_VEHTYPE" speed="12.80" pos="81.16" lane="0/2to1/2_0" slope="0.00"/>
        <vehicle id="7" x="398.35" y="198.54" angle="0.00" type="DEFAULT_VEHTYPE" speed="13.32" pos="6.21" lane=":2/1_1_0" slope="0.00"/>
        <vehicle id="8" x="316.31" y="401.65" angle="-90.00" type="DEFAULT_VEHTYPE" speed="13.39" pos="78.94" lane="2/2to1/2_0" slope="0.00"/>
    </timestep>
    <timestep time="729.00">
        <vehicle id="0" x="401.65" y="673.16" angle="180.00" type="DEFAULT_VEHTYPE" speed="13.82" pos="68.41" lane="2/3to2/4_0" slope="0.00"/>
        <vehicle id="10" x="716.07" y="198.35" angle="90.00" type="DEFAULT_VEHTYPE" speed="12.71" pos="111.32" lane="3/1to4/1_0" slope="0.00"/>
        <vehicle id="11" x="612.57" y="601.65" angle="-90.00" type="DEFAULT_VEHTYPE" speed="6.53" pos="187.43" lane="4/3to3/3_0" slope="0.00"/>
        <vehicle id="12" x="398.35" y="704.08" angle="0.00" type="DEFAULT_VEHTYPE" speed="13.36" pos="95.92" lane="2/4to2/3_0" slope="0.00"/>
        <vehicle id="15" x="631.64" y="598.35" angle="90.00" type="DEFAULT_VEHTYPE" speed="12.81" pos="26.89" lane="3/3to4/3_0" slope="0.00"/>
        <vehicle id="19" x="201.65" y="472.90" angle="180.00" type="DEFAULT_VEHTYPE" speed="13.64" pos="68.15" lane="1/2to1/3_0" slope="0.00"/>
        <vehicle id="2" x="395.46" y="198.35" angle="90.00" type="DEFAULT_VEHTYPE" speed="2.86" pos="0.21" lane=":2/1_13_0" slope="0.00"/>
        <vehicle id="20" x="398.35" y="22.05" angle="0.00" type="DEFAULT_VEHTYPE" speed="13.56" pos="173.20" lane="2/1to2/0_0" slope="0.00"/>
        <vehicle id="23" x="398.35" y="470.58" angle="0.00" type="DEFAULT_VEHTYPE" speed="13.56" pos="124.67" lane="2/3to2/2_0" slope="0.00"/>
        <vehicle id="24" x="398.35" y="244.76" angle="0.00" type="DEFAULT_VEHTYPE" speed="13.77" pos="150.49" lane="2/2to2/1_0" slope="0.00"/>
        <vehicle id="4" x="202.07" y="596.99" angle="175.09" type="DEFAULT_VEHTYPE" speed="13.23" pos="1.82" lane=":1/3_8_0" slope="0.00"/>
        <vehicle id="5" x="401.65" y="751.51" angle="180.00" type="DEFAULT_VEHTYPE" speed="12.95" pos="146.76" lane="2/3to2/4_0" slope="0.00"/>
        <vehicle id="6" x="94.19" y="398.35" angle="90.00" type="DEFAULT_VEHTYPE" speed="13.03" pos="94.19" lane="0/2to1/2_0" slope="0.00"/>
        <vehicle id="7" x="398.35" y="185.15" angle="0.00" type="DEFAULT_VEHTYPE" speed="13.38" pos="10.10" lane="2/1to2/0_0" slope="0.00"/>
        <vehicle id="8" x="302.66" y="401.65" angle="-90.00" type="DEFAULT_VEHTYPE" speed="13.65" pos="92.59" lane="2/2to1/2_0" slope="0.00"/>
    </timestep>
    <timestep time="730.00">
        <vehicle id="0" x="401.65" y="685.94" angle="180.00" type="DEFAULT_VEHTYPE" speed="12.78" pos="81.19" lane="2/3to2/4_0" slope="0.00"/>
        <vehicle id="10" x="729.93" y="198.35" angle="90.00" type="DEFAULT_VEHTYPE" speed="13.86" pos="125.18" lane="3/1to4/1_0" slope="0.00"/>
        <vehicle id="11" x="609.10" y="601.65" angle="-90.00" type="DEFAULT_VEHTYPE" speed="3.47" pos="190.90" lane="4/3to3/3_0" slope="0.00"/>
        <vehicle id="12" x="398.35" y="691.11" angle="0.00" type="DEFAULT_VEHTYPE" speed="12.98" pos="108.89" lane="2/4to2/3_0" slope="0.00"/>
        <vehicle id="15" x="644.38" y="598.35" angle="90.00" type="DEFAULT_VEHTYPE" speed="12.73" pos="39.63" lane="3/3to4/3_0" slope="0.00"/>
        <vehicle id="19" x="201.65" y="486.72" angle="180.00" type="DEFAULT_VEHTYPE" speed="13.81" pos="81.97" lane="1/2to1/3_0" slope="0.00"/>
        <vehicle id="2" x="399.75" y="198.35" angle="90.00" type="DEFAULT_VEHTYPE" speed="4.29" pos="4.50" lane=":2/1_13_0" slope="0.00"/>
        <vehicle id="20" x="398.35" y="8.53" angle="0.00" type="DEFAULT_VEHTYPE" speed="13.52" pos="186.72" lane="2/1to2/0_0" slope="0.00"/>
        <vehicle id="23" x="398.35" y="457.61" angle="0.00" type="DEFAULT_VEHTYPE" speed="12.97" pos="137.64" lane="2/3to2/2_0" slope="0.00"/>
        <vehicle id="24" x="398.35" y="230.89" angle="0.00" type="DEFAULT_VEHTYPE" speed="13.87" pos="164.36" lane="2/2to2/1_0" slope="0.00"/>
        <vehicle id="4" x="215.15" y="598.35" angle="90.00" type="DEFAULT_VEHTYPE" speed="13.58" pos="10.40" lane="1/3to2/3_0" slope="0.00"/>
        <vehicle id="5" x="401.65" y="765.37" angle="180.00" type="DEFAULT_VEHTYPE" speed="13.86" pos="160.62" lane="2/3to2/4_0" slope="0.00"/>
        <vehicle id="6" x="107.75" y="398.35" angle="90.00" type="DEFAULT_VEHTYPE" speed="13.56" pos="107.75" lane="0/2to1/2_0" slope="0.00"/>
        <vehicle id="7" x="398.35" y="171.73" angle="0.00" type="DEFAULT_VEHTYPE" speed="13.43" pos="23.52" lane="2/1to2/0_0" slope="0.00"/>
        <vehicle id="8" x="289.73" y="401.65" angle="-90.00" type="DEFAULT_VEHTYPE" speed="12.93" pos="105.52" lane="2/2to1/2_0" slope="0.00"/>
    </timestep>
    <timestep time="731.00">
        <vehicle id="0" x="401.65" y="698.61" angle="180.00" type="DEFAULT_VEHTYPE" speed="12.66" pos="93.86" lane="2/3to2/4_0" slope="0.00"/>
        <vehicle id="10" x="743.77" y="198.35" angle="90.00" type="DEFAULT_VEHTYPE" speed="13.84" pos="139.02" lane="3/1to4/1_0" slope="0.00"/>
        <vehicle id="11" x="603.19" y="601.43" angle="-87.44" type="DEFAULT_VEHTYPE" speed="5.93" pos="1.58" lane=":3/3_6_0" slope="0.00"/>
        <vehicle id="12" x="398.35" y="678.46" angle="0.00" type="DEFAULT_VEHTYPE" speed="12.65" pos="121.54" lane="2/4to2/3_0" slope="0.00"/>
        <vehicle id="15" x="657.72" y="598.35" angle="90.00" type="DEFAULT_VEHTYPE" speed="13.35" pos="52.97" lane="3/3to4/3_0" slope="0.00"/>
        <vehicle id="19" x="201.65" y="499.42" angle="180.00" type="DEFAULT_VEHTYPE" speed="12.70" pos="94.67" lane="1/2to1/3_0" slope="0.00"/>
        <vehicle id="2" x="406.57" y="198.35" angle="90.00" type="DEFAULT_VEHTYPE" speed="6.82" pos="1.82" lane="2/1to3/1_0" slope="0.00"/>
        <vehicle id="20" x="401.55" y="-0.15" angle="80.84" type="DEFAULT_VEHTYPE" speed="13.17" pos="4.64" lane=":2/0_0_0" slope="0.00"/>
        <vehicle id="23" x="398.35" y="444.97" angle="0.00" type="DEFAULT_VEHTYPE" speed="12.64" pos="150.28" lane="2/3to2/2_0" slope="0.00"/>
        <vehicle id="24" x="398.35" y="217.23" angle="0.00" type="DEFAULT_VEHTYPE" speed="13.66" pos="178.02" lane="2/2to2/1_0" slope="0.00"/>
        <vehicle id="4" x="227.96" y="598.35" angle="90.00" type="DEFAULT_VEHTYPE" speed="12.81" pos="23.21" lane="1/3to2/3_0" slope="0.00"/>
        <vehicle id="5" x="401.65" y="779.02" angle="180.00" type="DEFAULT_VEHTYPE" speed="13.66" pos="174.27" lane="2/3to2/4_0" slope="0.00"/>
        <vehicle id="6" x="120.39" y="398.35" angle="90.00" type="DEFAULT_VEHTYPE" speed="12.64" pos="120.39" lane="0/2to1/2_0" slope="0.00"/>
        <vehicle id="7" x="398.35" y="158.12" angle="0.00" type="DEFAULT_VEHTYPE" speed="13.61" pos="37.13" lane="2/1to2/0_0" slope="0.00"/>
        <vehicle id="8" x="276.34" y="401.65" angle="-90.00" type="DEFAULT_VEHTYPE" speed="13.39" pos="118.91" lane="2/2to1/2_0" slope="0.00"/>
    </timestep>
    <timestep time="732.00">
        <vehicle id="0" x="401.65" y="711.29" angle="180.00" type="DEFAULT_VEHTYPE" speed="12.68" pos="106.54" lane="2/3to2/4_0" slope="0.00"/>
        <vehicle id="10" x="756.65" y="198.35" angle="90.00" type="DEFAULT_VEHTYPE" speed="12.88" pos="151.90" lane="3/1to4/1_0" slope="0.00"/>
        <vehicle id="11" x="598.49" y="596.20" angle="-26.75" type="DEFAULT_VEHTYPE" speed="7.78" pos="9.36" lane=":3/3_6_0" slope="0.00"/>
        <vehicle id="12" x="398.35" y="664.71" angle="0.00" type="DEFAULT_VEHTYPE" speed="13.75" pos="135.29" lane="2/4to2/3_0" slope="0.00"/>
        <vehicle id="15" x="671.00" y="598.35" angle="90.00" type="DEFAULT_VEHTYPE" speed="13.27" pos="66.25" lane="3/3to4/3_0" slope="0.00"/>
        <vehicle id="19" x="201.65" y="512.20" angle="180.00" type="DEFAULT_VEHTYPE" speed="12.78" pos="107.45" lane="1/2to1/3_0" slope="0.00"/>
        <vehicle id="2" x="415.93" y="198.35" angle="90.00" type="DEFAULT_VEHTYPE" speed="9.35" pos="11.18" lane="2/1to3/1_0" slope="0.00"/>
        <vehicle id="20" x="401.65" y="13.07" angle="180.00" type="DEFAULT_VEHTYPE" speed="13.25" pos="13.07" lane="2/0to2/1_0" slope="0.00"/>
        <vehicle id="23" x="398.35" y="432.30" angle="0.00" type="DEFAULT_VEHTYPE" speed="12.67" pos="162.95" lane="2/3to2/2_0" slope="0.00"/>
        <vehicle id="24" x="398.26" y="204.10" angle="-1.04" type="DEFAULT_VEHTYPE" speed="13.13" pos="0.65" lane=":2/1_0_0" slope="0.00"/>
        <vehicle id="4" x="240.57" y="598.35" angle="90.00" type="DEFAULT_VEHTYPE" speed="12.61" pos="35.82" lane="1/3to2/3_0" slope="0.00"/>
        <vehicle id="5" x="401.65" y="791.75" angle="180.00" type="DEFAULT_VEHTYPE" speed="12.73" pos="187.00" lane="2/3to2/4_0" slope="0.00"/>
        <vehicle id="6" x="133.25" y="398.35" angle="90.00" type="DEFAULT_VEHTYPE" speed="12.87" pos="133.25" lane="0/2to1/2_0" slope="0.00"/>
        <vehicle id="7" x="398.35" y="144.28" angle="0.00" type="DEFAULT_VEHTYPE" speed="13.84" pos="50.97" lane="2/1to2/0_0" slope="0.00"/>
        <vehicle id="8" x="263.62" y="401.65" angle="-90.00" type="DEFAULT_VEHTYPE" speed="12.71" pos="131.63" lane="2/2to1/2_0" slope="0.00"/>
    </timestep>
    <timestep time="733.00">
        <vehicle id="0" x="401.65" y="724.63" angle="180.00" type="DEFAULT_VEHTYPE" speed="13.35" pos="119.88" lane="2/3to2/4_0" slope="0.00"/>
        <vehicle id="10" x="769.54" y="198.35" angle="90.00" type="DEFAULT_VEHTYPE" speed="12.89" pos="164.79" lane="3/1to4/1_0" slope="0.00"/>
        <vehicle id="11" x="598.35" y="586.47" angle="0.00" type="DEFAULT_VEHTYPE" speed="9.74" pos="8.78" lane="3/3to3/2_0" slope="0.00"/>
        <vehicle id="12" x="398.35" y="651.62" angle="0.00" type="DEFAULT_VEHTYPE" speed="13.09" pos="148.38" lane="2/4to2/3_0" slope="0.00"/>
        <vehicle id="15" x="683.89" y="598.35" angle="90.00" type="DEFAULT_VEHTYPE" speed="12.89" pos="79.14" lane="3/3to4/3_0" slope="0.00"/>
        <vehicle id="19" x="201.65" y="525.32" angle="180.00" type="DEFAULT_VEHTYPE" speed="13.12" pos="120.57" lane="1/2to1/3_0" slope="0.00"/>
        <vehicle id="2" x="427.41" y="198.35" angle="90.00" type="DEFAULT_VEHTYPE" speed="11.48" pos="22.66" lane="2/1to3/1_0" slope="0.00"/>
        <vehicle id="20" x="401.65" y="26.83" angle="180.00" type="DEFAULT_VEHTYPE" speed="13.76" pos="26.83" lane="2/0to2/1_0" slope="0.00"/>
        <vehicle id="23" x="398.35" y="418.99" angle="0.00" type="DEFAULT_VEHTYPE" speed="13.31" pos="176.26" lane="2/3to2/2_0" slope="0.00"/>
        <vehicle id="24" x="386.24" y="201.65" angle="-90.00" type="DEFAULT_VEHTYPE" speed="13.35" pos="9.01" lane="2/1to1/1_0" slope="0.00"/>
        <vehicle id="4" x="253.94" y="598.35" angle="90.00" type="DEFAULT_VEHTYPE" speed="13.37" pos="49.19" lane="1/3to2/3_0" slope="0.00"/>
        <vehicle id="5" x="398.35" y="800.00" angle="-93.00" type="DEFAULT_VEHTYPE" speed="13.07" pos="0.00" lane="2/4to2/3_0" slope="0.00"/>
        <vehicle id="6" x="147.09" y="398.35" angle="90.00" type="DEFAULT_VEHTYPE" speed="13.83" pos="147.09" lane="0/2to1/2_0" slope="0.00"/>
        <vehicle id="7" x="398.35" y="130.64" angle="0.00" type="DEFAULT_VEHTYPE" speed="13.64" pos="64.61" lane="2/1to2/0_0" slope="0.00"/>
        <vehicle id="8" x="249.88" y="401.65" angle="-90.00" type="DEFAULT_VEHTYPE" speed="13.75" pos="145.37" lane="2/2to1/2_0" slope="0.00"/>
    </timestep>
    <timestep time="734.00">
        <vehicle id="0" x="401.65" y="737.30" angle="180.00" type="DEFAULT_VEHTYPE" speed="12.67" pos="132.55" lane="2/3to2/4_0" slope="0.00"/>
        <vehicle id="10" x="782.37" y="198.35" angle="90.00" type="DEFAULT_VEHTYPE" speed="12.82" pos="177.62" lane="3/1to4/1_0" slope="0.00"/>
        <vehicle id="11" x="598.35" y="575.34" angle="0.00" type="DEFAULT_VEHTYPE" speed="11.13" pos="19.91" lane="3/3to3/2_0" slope="0.00"/>
        <vehicle id="12" x="398.35" y="638.97" angle="0.00" type="DEFAULT_VEHTYPE" speed="12.65" pos="161.03" lane="2/4to2/3_0" slope="0.00"/>
        <vehicle id="15" x="696.91" y="598.35" angle="90.00" type="DEFAULT_VEHTYPE" speed="13.02" pos="92.16" lane="3/3to4/3_0" slope="0.00"/>
        <vehicle id="19" x="201.65" y="538.39" angle="180.00" type="DEFAULT_VEHTYPE" speed="13.06" pos="133.64" lane="1/2to1/3_0" slope="0.00"/>
        <vehicle id="2" x="440.76" y="198.35" angle="90.00" type="DEFAULT_VEHTYPE" speed="13.35" pos="36.01" lane="2/1to3/1_0" slope="0.00"/>
        <vehicle id="20" x="401.65" y="39.55" angle="180.00" type="DEFAULT_VEHTYPE" speed="12.72" pos="39.55" lane="2/0to2/1_0" slope="0.00"/>
        <vehicle id="23" x="398.35" y="406.39" angle="0.00" type="DEFAULT_VEHTYPE" speed="12.61" pos="188.86" lane="2/3to2/2_0" slope="0.00"/>
        <vehicle id="24" x="372.69" y="201.65" angle="-90.00" type="DEFAULT_VEHTYPE" speed="13.55" pos="22.56" lane="2/1to1/1_0" slope="0.00"/>
        <vehicle id="4" x="267.14" y="598.35" angle="90.00" type="DEFAULT_VEHTYPE" speed="13.20" pos="62.39" lane="1/3to2/3_0" slope="0.00"/>
        <vehicle id="5" x="398.35" y="786.89" angle="0.00" type="DEFAULT_VEHTYPE" speed="13.10" pos="13.11" lane="2/4to2/3_0" slope="0.00"/>
        <vehicle id="6" x="159.82" y="398.35" angle="90.00" type="DEFAULT_VEHTYPE" speed="12.73" pos="159.82" lane="0/2to1/2_0" slope="0.00"/>
        <vehicle id="7" x="398.35" y="117.48" angle="0.00" type="DEFAULT_VEHTYPE" speed="13.15" pos="77.77" lane="2/1to2/0_0" slope="0.00"/>
        <vehicle id="8" x="236.93" y="401.65" angle="-90.00" type="DEFAULT_VEHTYPE" speed="12.95" pos="158.32" lane="2/2to1/2_0" slope="0.00"/>
    </timestep>
    <timestep time="735.00">
        <vehicle id="0" x="401.65" y="750.48" angle="180.00" type="DEFAULT_VEHTYPE" speed="13.18" pos="145.73" lane="2/3to2/4_0" slope="0.00"/>
        <vehicle id="10" x="795.31" y="198.35" angle="90.00" type="DEFAULT_VEHTYPE" speed="12.94" pos="190.56" lane="3/1to4/1_0" slope="0.00"/>
        <vehicle id="11" x="598.35" y="562.09" angle="0.00" type="DEFAULT_VEHTYPE" speed="13.25" pos="33.16" lane="3/3to3/2_0" slope="0.00"/>
        <vehicle id="12" x="398.35" y="626.36" angle="0.00" type="DEFAULT_VEHTYPE" speed="12.61" pos="173.64" lane="2/4to2/3_0" slope="0.00"/>
        <vehicle id="15" x="710.71" y="598.35" angle="90.00" type="DEFAULT_VEHTYPE" speed="13.80" pos="105.96" lane="3/3to4/3_0" slope="0.00"/>
        <vehicle id="19" x="201.65" y="552.04" angle="180.00" type="DEFAULT_VEHTYPE" speed="13.65" pos="147.29" lane="1/2to1/3_0" slope="0.00"/>
        <vehicle id="2" x="454.58" y="198.35" angle="90.00" type="DEFAULT_VEHTYPE" speed="13.83" pos="49.83" lane="2/1to3/1_0" slope="0.00"/>
        <vehicle id="20" x="401.65" y="53.17" angle="180.00" type="DEFAULT_VEHTYPE" speed="13.62" pos="53.17" lane="2/0to2/1_0" slope="0.00"/>
        <vehicle id="23" x="398.35" y="393.00" angle="0.00" type="DEFAULT_VEHTYPE" speed="13.39" pos="2.25" lane="2/2to2/1_0" slope="0.00"/>
        <vehicle id="24" x="359.37" y="201.65" angle="-90.00" type="DEFAULT_VEHTYPE" speed="13.32" pos="35.88" lane="2/1to1/1_0" slope="0.00"/>
        <vehicle id="4" x="280.30" y="598.35" angle="90.00" type="DEFAULT_VEHTYPE" speed="13.16" pos="75.55" lane="1/3to2/3_0" slope="0.00"/>
        <vehicle id="5" x="398.35" y="773.26" angle="0.00" type="DEFAULT_VEHTYPE" speed="13.63" pos="26.74" lane="2/4to2/3_0" slope="0.00"/>
        <vehicle id="6" x="172.85" y="398.35" angle="90.00" type="DEFAULT_VEHTYPE" speed="13.03" pos="172.85" lane="0/2to1/2_0" slope="0.00"/>
        <vehicle id="7" x="398.35" y="103.72" angle="0.00" type="DEFAULT_VEHTYPE" speed="13.77" pos="91.53" lane="2/1to2/0_0" slope="0.00"/>
        <vehicle id="8" x="225.49" y="401.65" angle="-90.00" type="DEFAULT_VEHTYPE" speed="11.44" pos="169.76" lane="2/2to1/2_0" slope="0.00"/>
    </timestep>
    <timestep time="736.00">
        <vehicle id="0" x="401.65" y="763.40" angle="180.00" type="DEFAULT_VEHTYPE" speed="12.91" pos="158.65" lane="2/3to2/4_0" slope="0.00"/>
        <vehicle id="10" x="795.76" y="201.65" angle="-94.96" type="DEFAULT_VEHTYPE" speed="13.75" pos="4.24" lane="4/1to3/1_0" slope="0.00"/>
        <vehicle id="11" x="598.35" y="548.99" angle="0.00" type="DEFAULT_VEHTYPE" speed="13.10" pos="46.26" lane="3/3to3/2_0" slope="0.00"/>
        <vehicle id="12" x="398.35" y="613.05" angle="0.00" type="DEFAULT_VEHTYPE" speed="13.32" pos="186.95" lane="2/4to2/3_0" slope="0.00"/>
        <vehicle id="15" x="724.32" y="598.35" angle="90.00" type="DEFAULT_VEHTYPE" speed="13.61" pos="119.57" lane="3/3to4/3_0" slope="0.00"/>
        <vehicle id="19" x="201.65" y="564.77" angle="180.00" type="DEFAULT_VEHTYPE" speed="12.73" pos="160.02" lane="1/2to1/3_0" slope="0.00"/>
        <vehicle id="2" x="468.35" y="198.35" angle="90.00" type="DEFAULT_VEHTYPE" speed="13.77" pos="63.60" lane="2/1to3/1_0" slope="0.00"/>
        <vehicle id="20" x="401.65" y="66.04" angle="180.00" type="DEFAULT_VEHTYPE" speed="12.88" pos="66.04" lane="2/0to2/1_0" slope="0.00"/>
        <vehicle id="23" x="398.35" y="379.85" angle="0.00" type="DEFAULT_VEHTYPE" speed="13.15" pos="15.40" lane="2/2to2/1_0" slope="0.00"/>
        <vehicle id="24" x="346.70" y="201.65" angle="-90.00" type="DEFAULT_VEHTYPE" speed="12.67" pos="48.55" lane="2/1to1/1_0" slope="0.00"/>
        <vehicle id="4" x="293.58" y="598.35" angle="90.00" type="DEFAULT_VEHTYPE" speed="13.28" pos="88.83" lane="1/3to2/3_0" slope="0.00"/>
        <vehicle id="5" x="398.35" y="759.43" angle="0.00" type="DEFAULT_VEHTYPE" speed="13.84" pos="40.57" lane="2/4to2/3_0" slope="0.00"/>
        <vehicle id="6" x="182.06" y="398.35" angle="90.00" type="DEFAULT_VEHTYPE" speed="9.22" pos="182.06" lane="0/2to1/2_0" slope="0.00"/>
        <vehicle id="7" x="398.35" y="90.84" angle="0.00" type="DEFAULT_VEHTYPE" speed="12.88" pos="104.41" lane="2/1to2/0_0" slope="0.00"/>
        <vehicle id="8" x="217.05" y="401.65" angle="-90.00" type="DEFAULT_VEHTYPE" speed="8.43" pos="178.20" lane="2/2to1/2_0" slope="0.00"/>
    </timestep>
    <timestep time="737.00">
        <vehicle id="0" x="401.65" y="776.04" angle="180.00" type="DEFAULT_VEHTYPE" speed="12.65" pos="171.29" lane="2/3to2/4_0" slope="0.00"/>
        <vehicle id="10" x="782.77" y="201.65" angle="-90.00" type="DEFAULT_VEHTYPE" speed="12.99" pos="17.23" lane="4/1to3/1_0" slope="0.00"/>
        <vehicle id="11" x="598.35" y="535.57" angle="0.00" type="DEFAULT_VEHTYPE" speed="13.42" pos="59.68" lane="3/3to3/2_0" slope="0.00"/>
        <vehicle id="12" x="398.35" y="599.97" angle="0.00" type="DEFAULT_VEHTYPE" speed="13.07" pos="4.78" lane=":2/3_1_0" slope="0.00"/>
        <vehicle id="15" x="737.74" y="598.35" angle="90.00" type="DEFAULT_VEHTYPE" speed="13.42" pos="132.99" lane="3/3to4/3_0" slope="0.00"/>
        <vehicle id="19" x="201.65" y="578.53" angle="180.00" type="DEFAULT_VEHTYPE" speed="13.77" pos="173.78" lane="1/2to1/3_0" slope="0.00"/>
        <vehicle id="2" x="481.60" y="198.35" angle="90.00" type="DEFAULT_VEHTYPE" speed="13.25" pos="76.85" lane="2/1to3/1_0" slope="0.00"/>
        <vehicle id="20" x="401.65" y="79.69" angle="180.00" type="DEFAULT_VEHTYPE" speed="13.64" pos="79.69" lane="2/0to2/1_0" slope="0.00"/>
        <vehicle id="23" x="398.35" y="366.65" angle="0.00" type="DEFAULT_VEHTYPE" speed="13.19" pos="28.60" lane="2/2to2/1_0" slope="0.00"/>
        <vehicle id="24" x="333.02" y="201.65" angle="-90.00" type="DEFAULT_VEHTYPE" speed="13.68" pos="62.23" lane="2/1to1/1_0" slope="0.00"/>
        <vehicle id="4" x="307.21" y="598.35" angle="90.00" type="DEFAULT_VEHTYPE" speed="13.63" pos="102.46" lane="1/3to2/3_0" slope="0.00"/>
        <vehicle id="5" x="398.35" y="746.39" angle="0.00" type="DEFAULT_VEHTYPE" speed="13.04" pos="53.61" lane="2/4to2/3_0" slope="0.00"/>
        <vehicle id="6" x="188.00" y="398.35" angle="90.00" type="DEFAULT_VEHTYPE" speed="5.93" pos="188.00" lane="0/2to1/2_0" slope="0.00"/>
        <vehicle id="7" x="398.35" y="78.11" angle="0.00" type="DEFAULT_VEHTYPE" speed="12.73" pos="117.14" lane="2/1to2/0_0" slope="0.00"/>
        <vehicle id="8" x="211.42" y="401.65" angle="-90.00" type="DEFAULT_VEHTYPE" speed="5.64" pos="183.83" lane="2/2to1/2_0" slope="0.00"/>
    </timestep>
    <timestep time="738.00">
        <vehicle id="0" x="401.65" y="788.69" angle="180.00" type="DEFAULT_VEHTYPE" speed="12.65" pos="183.94" lane="2/3to2/4_0" slope="0.00"/>
        <vehicle id="10" x="769.80" y="201.65" angle="-90.00" type="DEFAULT_VEHTYPE" speed="12.97" pos="30.20" lane="4/1to3/1_0" slope="0.00"/>
        <vehicle id="11" x="598.35" y="522.80" angle="0.00" type="DEFAULT_VEHTYPE" speed="12.77" pos="72.45" lane="3/3to3/2_0" slope="0.00"/>
        <vehicle id="12" x="398.35" y="587.04" angle="0.00" type="DEFAULT_VEHTYPE" speed="12.93" pos="8.21" lane="2/3to2/2_0" slope="0.00"/>
        <vehicle id="15" x="751.49" y="598.35" angle="90.00" type="DEFAULT_VEHTYPE" speed="13.75" pos="146.74" lane="3/3to4/3_0" slope="0.00"/>
        <vehicle id="19" x="201.65" y="592.12" angle="180.00" type="DEFAULT_VEHTYPE" speed="13.58" pos="187.37" lane="1/2to1/3_0" slope="0.00"/>
        <vehicle id="2" x="495.27" y="198.35" angle="90.00" type="DEFAULT_VEHTYPE" speed="13.67" pos="90.52" lane="2/1to3/1_0" slope="0.00"/>
        <vehicle id="20" x="401.65" y="92.56" angle="180.00" type="DEFAULT_VEHTYPE" speed="12.88" pos="92.56" lane="2/0to2/1_0" slope="0.00"/>
        <vehicle id="23" x="398.35" y="353.19" angle="0.00" type="DEFAULT_VEHTYPE" speed="13.46" pos="42.06" lane="2/2to2/1_0" slope="0.00"/>
        <vehicle id="24" x="319.85" y="201.65" angle="-90.00" type="DEFAULT_VEHTYPE" speed="13.17" pos="75.40" lane="2/1to1/1_0" slope="0.00"/>
        <vehicle id="4" x="319.84" y="598.35" angle="90.00" type="DEFAULT_VEHTYPE" speed="12.62" pos="115.09" lane="1/3to2/3_0" slope="0.00"/>
        <vehicle id="5" x="398.35" y="732.74" angle="0.00" type="DEFAULT_VEHTYPE" speed="13.65" pos="67.26" lane="2/4to2/3_0" slope="0.00"/>
        <vehicle id="6" x="190.92" y="398.35" angle="90.00" type="DEFAULT_VEHTYPE" speed="2.92" pos="190.92" lane="0/2to1/2_0" slope="0.00"/>
        <vehicle id="7" x="398.35" y="65.37" angle="0.00" type="DEFAULT_VEHTYPE" speed="12.74" pos="129.88" lane="2/1to2/0_0" slope="0.00"/>
        <vehicle id="8" x="203.69" y="401.50" angle="-88.26" type="DEFAULT_VEHTYPE" speed="7.74" pos="1.07" lane=":1/2_6_0" slope="0.00"/>
    </timestep>
    <timestep time="739.00">
        <vehicle id="0" x="399.92" y="801.61" angle="-157.14" type="DEFAULT_VEHTYPE" speed="13.81" pos="2.50" lane=":2/4_0_0" slope="0.00"/>
        <vehicle id="10" x="757.20" y="201.65" angle="-90.00" type="DEFAULT_VEHTYPE" speed="12.61" pos="42.80" lane="4/1to3/1_0" slope="0.00"/>
        <vehicle id="11" x="598.35" y="509.04" angle="0.00" type="DEFAULT_VEHTYPE" speed="13.77" pos="86.21" lane="3/3to3/2_0" slope="0.00"/>
        <vehicle id="12" x="398.35" y="573.25" angle="0.00" type="DEFAULT_VEHTYPE" speed="13.79" pos="22.00" lane="2/3to2/2_0" slope="0.00"/>
        <vehicle id="15" x="765.01" y="598.35" angle="90.00" type="DEFAULT_VEHTYPE" speed="13.52" pos="160.26" lane="3/3to4/3_0" slope="0.00"/>
        <vehicle id="19" x="210.24" y="598.35" angle="90.00" type="DEFAULT_VEHTYPE" speed="13.63" pos="5.49" lane="1/3to2/3_0" slope="0.00"/>
        <vehicle id="2" x="508.68" y="198.35" angle="90.00" type="DEFAULT_VEHTYPE" speed="13.41" pos="103.93" lane="2/1to3/1_0" slope="0.00"/>
        <vehicle id="20" x="401.65" y="106.15" angle="180.00" type="DEFAULT_VEHTYPE" speed="13.59" pos="106.15" lane="2/0to2/1_0" slope="0.00"/>
        <vehicle id="23" x="398.35" y="339.83" angle="0.00" type="DEFAULT_VEHTYPE" speed="13.36" pos="55.42" lane="2/2to2/1_0" slope="0.00"/>
        <vehicle id="24" x="306.83" y="201.65" angle="-90.00" type="DEFAULT_VEHTYPE" speed="13.02" pos="88.42" lane="2/1to1/1_0" slope="0.00"/>
        <vehicle id="4" x="332.48" y="598.35" angle="90.00" type="DEFAULT_VEHTYPE" speed="12.65" pos="127.73" lane="1/3to2/3_0" slope="0.00"/>
        <vehicle id="5" x="398.35" y="719.95" angle="0.00" type="DEFAULT_VEHTYPE" speed="12.78" pos="80.05" lane="2/4to2/3_0" slope="0.00"/>
        <vehicle id="6" x="196.09" y="398.47" angle="91.37" type="DEFAULT_VEHTYPE" speed="5.18" pos="0.85" lane=":1/2_14_0" slope="0.00"/>
        <vehicle id="7" x="398.35" y="52.45" angle="0.00" type="DEFAULT_VEHTYPE" speed="12.92" pos="142.80" lane="2/1to2/0_0" slope="0.00"/>
        <vehicle id="8" x="198.35" y="394.68" angle="-14.45" type="DEFAULT_VEHTYPE" speed="9.82" pos="0.57" lane="1/2to1/1_0" slope="0.00"/>
    </timestep>
    <timestep time="740.00">
        <vehicle id="0" x="398.35" y="788.78" angle="0.00" type="DEFAULT_VEHTYPE" speed="13.53" pos="11.22" lane="2/4to2/3_0" slope="0.00"/>
        <vehicle id="10" x="744.41" y="201.65" angle="-90.00" type="DEFAULT_VEHTYPE" speed="12.79" pos="55.59" lane="4/1to3/1_0" slope="0.00"/>
        <vehicle id="11" x="598.35" y="495.42" angle="0.00" type="DEFAULT_VEHTYPE" speed="13.61" pos="99.83" lane="3/3to3/2_0" slope="0.00"/>
        <vehicle id="12" x="398.35" y="560.44" angle="0.00" type="DEFAULT_VEHTYPE" speed="12.81" pos="34.81" lane="2/3to2/2_0" slope="0.00"/>
        <vehicle id="15" x="777.97" y="598.35" angle="90.00" type="DEFAULT_VEHTYPE" speed="12.95" pos="173.22" lane="3/3to4/3_0" slope="0.00"/>
        <vehicle id="19" x="223.71" y="598.35" angle="90.00" type="DEFAULT_VEHTYPE" speed="13.47" pos="18.96" lane="1/3to2/3_0" slope="0.00"/>
        <vehicle id="2" x="521.44" y="198.35" angle="90.00" type="DEFAULT_VEHTYPE" speed="12.76" pos="116.69" lane="2/1to3/1_0" slope="0.00"/>
        <vehicle id="20" x="401.65" y="119.58" angle="180.00" type="DEFAULT_VEHTYPE" speed="13.43" pos="119.58" lane="2/0to2/1_0" slope="0.00"/>
        <vehicle id="23" x="398.35" y="326.60" angle="0.00" type="DEFAULT_VEHTYPE" speed="13.24" pos="68.65" lane="2/2to2/1_0" slope="0.00"/>
        <vehicle id="24" x="293.61" y="201.65" angle="-90.00" type="DEFAULT_VEHTYPE" speed="13.22" pos="101.64" lane="2/1to1/1_0" slope="0.00"/>
        <vehicle id="4" x="346.29" y="598.35" angle="90.00" type="DEFAULT_VEHTYPE" speed="13.81" pos="141.54" lane="1/3to2/3_0" slope="0.00"/>
        <vehicle id="5" x="398.35" y="706.30" angle="0.00" type="DEFAULT_VEHTYPE" speed="13.65" pos="93.70" lane="2/4to2/3_0" slope="0.00"/>
        <vehicle id="6" x="201.41" y="403.06" angle="145.51" type="DEFAULT_VEHTYPE" speed="7.77" pos="8.62" lane=":1/2_14_0" slope="0.00"/>
        <vehicle id="7" x="398.35" y="38.99" angle="0.00" type="DEFAULT_VEHTYPE" speed="13.45" pos="156.26" lane="2/1to2/0_0" slope="0.00"/>
        <vehicle id="8" x="198.35" y="382.65" angle="0.00" type="DEFAULT_VEHTYPE" speed="12.03" pos="12.60" lane="1/2to1/1_0" slope="0.00"/>
    </timestep>
    <timestep time="741.00">
        <vehicle id="0" x="398.35" y="775.26" angle="0.00" type="DEFAULT_VEHTYPE" speed="13.52" pos="24.74" lane="2/4to2/3_0" slope="0.00"/>
        <vehicle id="10" x="730.75" y="201.65" angle="-90.00" type="DEFAULT_VEHTYPE" speed="13.66" pos="69.25" lane="4/1to3/1_0" slope="0.00"/>
        <vehicle id="11" x="598.35" y="482.09" angle="0.00" type="DEFAULT_VEHTYPE" speed="13.33" pos="113.16" lane="3/3to3/2_0" slope="0.00"/>
        <vehicle id="12" x="398.35" y="546.98" angle="0.00" type="DEFAULT_VEHTYPE" speed="13.47" pos="48.27" lane="2/3to2/2_0" slope="0.00"/>
        <vehicle id="15" x="791.77" y="598.35" angle="90.00" type="DEFAULT_VEHTYPE" speed="13.81" pos="187.02" lane="3/3to4/3_0" slope="0.00"/>
        <vehicle id="19" x="236.70" y="598.35" angle="90.00" type="DEFAULT_VEHTYPE" speed="12.99" pos="31.95" lane="1/3to2/3_0" slope="0.00"/>
        <vehicle id="2" x="534.31" y="198.35" angle="90.00" type="DEFAULT_VEHTYPE" speed="12.87" pos="129.56" lane="2/1to3/1_0" slope="0.00"/>
        <vehicle id="20" x="401.65" y="132.83" angle="180.00" type="DEFAULT_VEHTYPE" speed="13.25" pos="132.83" lane="2/0to2/1_0" slope="0.00"/>
        <vehicle id="23" x="398.35" y="313.23" angle="0.00" type="DEFAULT_VEHTYPE" speed="13.37" pos="82.02" lane="2/2to2/1_0" slope="0.00"/>
        <vehicle id="24" x="280.52" y="201.65" angle="-90.00" type="DEFAULT_VEHTYPE" speed="13.08" pos="114.73" lane="2/1to1/1_0" slope="0.00"/>
        <vehicle id="4" x="358.98" y="598.35" angle="90.00" type="DEFAULT_VEHTYPE" speed="12.69" pos="154.23" lane="1/3to2/3_0" slope="0.00"/>
        <vehicle id="5" x="398.35" y="692.57" angle="0.00" type="DEFAULT_VEHTYPE" speed="13.73" pos="107.43" lane="2/4to2/3_0" slope="0.00"/>
        <vehicle id="6" x="201.65" y="412.30" angle="180.00" type="DEFAULT_VEHTYPE" speed="9.25" pos="7.55" lane="1/2to1/3_0" slope="0.00"/>
        <vehicle id="7" x="398.35" y="26.22" angle="0.00" type="DEFAULT_VEHTYPE" speed="12.77" pos="169.03" lane="2/1to2/0_0" slope="0.00"/>
        <vehicle id="8" x="198.35" y="369.17" angle="0.00" type="DEFAULT_VEHTYPE" speed="13.48" pos="26.08" lane="1/2to1/1_0" slope="0.00"/>
    </timestep>
    <timestep time="742.00">
        <vehicle id="0" x="398.35" y="761.49" angle="0.00" type="DEFAULT_VEHTYPE" speed="13.77" pos="38.51" lane="2/4to2/3_0" slope="0.00"/>
        <vehicle id="10" x="717.88" y="201.65" angle="-90.00" type="DEFAULT_VEHTYPE" speed="12.87" pos="82.12" lane="4/1to3/1_0" slope="0.00"/>
        <vehicle id="11" x="598.35" y="468.42" angle="0.00" type="DEFAULT_VEHTYPE" speed="13.68" pos="126.83" lane="3/3to3/2_0" slope="0.00"/>
        <vehicle id="12" x="398.35" y="533.37" angle="0.00" type="DEFAULT_VEHTYPE" speed="13.60" pos="61.88" lane="2/3to2/2_0" slope="0.00"/>
        <vehicle id="15" x="799.79" y="601.65" angle="-175.75" type="DEFAULT_VEHTYPE" speed="13.26" pos="0.21" lane="4/3to3/3_0" slope="0.00"/>
        <vehicle id="19" x="249.54" y="598.35" angle="90.00" type="DEFAULT_VEHTYPE" speed="12.84" pos="44.79" lane="1/3to2/3_0" slope="0.00"/>
        <vehicle id="2" x="547.65" y="198.35" angle="90.00" type="DEFAULT_VEHTYPE" speed="13.33" pos="142.90" lane="2/1to3/1_0" slope="0.00"/>
        <vehicle id="20" x="401.65" y="145.47" angle="180.00" type="DEFAULT_VEHTYPE" speed="12.63" pos="145.47" lane="2/0to2/1_0" slope="0.00"/>
        <vehicle id="23" x="398.35" y="300.48" angle="0.00" type="DEFAULT_VEHTYPE" speed="12.75" pos="94.77" lane="2/2to2/1_0" slope="0.00"/>
        <vehicle id="24" x="266.71" y="201.65" angle="-90.00" type="DEFAULT_VEHTYPE" speed="13.81" pos="128.54" lane="2/1to1/1_0" slope="0.00"/>
        <vehicle id="4" x="371.68" y="598.35" angle="90.00" type="DEFAULT_VEHTYPE" speed="12.70" pos="166.93" lane="1/3to2/3_0" slope="0.00"/>
        <vehicle id="5" x="398.35" y="679.57" angle="0.00" type="DEFAULT_VEHTYPE" speed="13.00" pos="120.43" lane="2/4to2/3_0" slope="0.00"/>
        <vehicle id="6" x="201.65" y="423.17" angle="180.00" type="DEFAULT_VEHTYPE" speed="10.87" pos="18.42" lane="1/2to1/3_0" slope="0.00"/>
        <vehicle id="7" x="398.35" y="13.56" angle="0.00" type="DEFAULT_VEHTYPE" speed="12.67" pos="181.69" lane="2/1to2/0_0" slope="0.00"/>
        <vehicle id="8" x="198.35" y="356.34" angle="0.00" type="DEFAULT_VEHTYPE" speed="12.82" pos="38.91" lane="1/2to1/1_0" slope="0.00"/>
    </timestep>
    <timestep time="743.00">
        <vehicle id="0" x="398.35" y="747.79" angle="0.00" type="DEFAULT_VEHTYPE" speed="13.70" pos="52.21" lane="2/4to2/3_0" slope="0.00"/>
        <vehicle id="10" x="705.07" y="201.65" angle="-90.00" type="DEFAULT_VEHTYPE" speed="12.81" pos="94.93" lane="4/1to3/1_0" slope="0.00"/>
        <vehicle id="11" x="598.35" y="455.41" angle="0.00" type="DEFAULT_VEHTYPE" speed="13.00" pos="139.84" lane="3/3to3/2_0" slope="0.00"/>
        <vehicle id="12" x="398.35" y="520.44" angle="0.00" type="DEFAULT_VEHTYPE" speed="12.93" pos="74.81" lane="2/3to2/2_0" slope="0.00"/>
        <vehicle id="15" x="785.89" y="601.65" angle="-90.00" type="DEFAULT_VEHTYPE" speed="13.89" pos="14.11" lane="4/3to3/3_0" slope="0.00"/>
        <vehicle id="19" x="262.28" y="598.35" angle="90.00" type="DEFAULT_VEHTYPE" speed="12.74" pos="57.53" lane="1/3to2/3_0" slope="0.00"/>
        <vehicle id="2" x="560.34" y="198.35" angle="90.00" type="DEFAULT_VEHTYPE" speed="12.69" pos="155.59" lane="2/1to3/1_0" slope="0.00"/>
        <vehicle id="20" x="401.65" y="158.26" angle="180.00" type="DEFAULT_VEHTYPE" speed="12.79" pos="158.26" lane="2/0to2/1_0" slope="0.00"/>
        <vehicle id="23" x="398.35" y="286.79" angle="0.00" type="DEFAULT_VEHTYPE" speed="13.70" pos="108.46" lane="2/2to2/1_0" slope="0.00"/>
        <vehicle id="24" x="252.98" y="201.65" angle="-90.00" type="DEFAULT_VEHTYPE" speed="13.73" pos="142.27" lane="2/1to1/1_0" slope="0.00"/>
        <vehicle id="4" x="380.38" y="598.35" angle="90.00" type="DEFAULT_VEHTYPE" speed="8.69" pos="175.63" lane="1/3to2/3_0" slope="0.00"/>
        <vehicle id="5" x="398.35" y="666.39" angle="0.00" type="DEFAULT_VEHTYPE" speed="13.18" pos="133.61" lane="2/4to2/3_0" slope="0.00"/>
        <vehicle id="6" x="201.65" y="435.84" angle="180.00" type="DEFAULT_VEHTYPE" speed="12.67" pos="31.09" lane="1/2to1/3_0" slope="0.00"/>
        <vehicle id="7" x="398.35" y="0.72" angle="0.00" type="DEFAULT_VEHTYPE" speed="12.83" pos="194.53" lane="2/1to2/0_0" slope="0.00"/>
        <vehicle id="8" x="198.35" y="342.51" angle="0.00" type="DEFAULT_VEHTYPE" speed="13.83" pos="52.74" lane="1/2to1/1_0" slope="0.00"/>
    </timestep>
    <timestep time="744.00">
        <vehicle id="0" x="398.35" y="734.65" angle="0.00" type="DEFAULT_VEHTYPE" speed="13.14" pos="65.35" lane="2/4to2/3_0" slope="0.00"/>
        <vehicle id="10" x="691.70" y="201.65" angle="-90.00" type="DEFAULT_VEHTYPE" speed="13.37" pos="108.30" lane="4/1to3/1_0" slope="0.00"/>
        <vehicle id="11" x="598.35" y="441.52" angle="0.00" type="DEFAULT_VEHTYPE" speed="13.89" pos="153.73" lane="3/3to3/2_0" slope="0.00"/>
        <vehicle id="12" x="398.35" y="507.30" angle="0.00" type="DEFAULT_VEHTYPE" speed="13.14" pos="87.95" lane="2/3to2/2_0" slope="0.00"/>
        <vehicle id="15" x="772.90" y="601.65" angle="-90.00" type="DEFAULT_VEHTYPE" speed="12.99" pos="27.10" lane="4/3to3/3_0" slope="0.00"/>
        <vehicle id="19" x="274.89" y="598.35" angle="90.00" type="DEFAULT_VEHTYPE" speed="12.61" pos="70.14" lane="1/3to2/3_0" slope="0.00"/>
        <vehicle id="2" x="572.85" y="198.35" angle="90.00" type="DEFAULT_VEHTYPE" speed="12.51" pos="168.10" lane="2/1to3/1_0" slope="0.00"/>
        <vehicle id="20" x="401.65" y="171.35" angle="180.00" type="DEFAULT_VEHTYPE" speed="13.10" pos="171.35" lane="2/0to2/1_0" slope="0.00"/>
        <vehicle id="23" x="398.35" y="273.70" angle="0.00" type="DEFAULT_VEHTYPE" speed="13.08" pos="121.55" lane="2/2to2/1_0" slope="0.00"/>
        <vehicle id="24" x="240.38" y="201.65" angle="-90.00" type="DEFAULT_VEHTYPE" speed="12.60" pos="154.87" lane="2/1to1/1_0" slope="0.00"/>
        <vehicle id="4" x="387.20" y="598.35" angle="90.00" type="DEFAULT_VEHTYPE" speed="6.82" pos="182.45" lane="1/3to2/3_0" slope="0.00"/>
        <vehicle id="5" x="398.35" y="653.16" angle="0.00" type="DEFAULT_VEHTYPE" speed="13.23" pos="146.84" lane="2/4to2/3_0" slope="0.00"/>
        <vehicle id="6" x="201.65" y="449.69" angle="180.00" type="DEFAULT_VEHTYPE" speed="13.85" pos="44.94" lane="1/2to1/3_0" slope="0.00"/>
        <vehicle id="7" x="401.65" y="7.64" angle="180.00" type="DEFAULT_VEHTYPE" speed="13.18" pos="7.64" lane="2/0to2/1_0" slope="0.00"/>
        <vehicle id="8" x="198.35" y="328.68" angle="0.00" type="DEFAULT_VEHTYPE" speed="13.83" pos="66.57" lane="1/2to1/1_0" slope="0.00"/>
    </timestep>
    <timestep time="745.00">
        <vehicle id="0" x="398.35" y="721.36" angle="0.00" type="DEFAULT_VEHTYPE" speed="13.29" pos="78.64" lane="2/4to2/3_0" slope="0.00"/>
        <vehicle id="10" x="679.01" y="201.65" angle="-90.00" type="DEFAULT_VEHTYPE" speed="12.69" pos="120.99" lane="4/1to3/1_0" slope="0.00"/>
        <vehicle id="11" x="598.35" y="428.38" angle="0.00" type="DEFAULT_VEHTYPE" speed="13.15" pos="166.87" lane="3/3to3/2_0" slope="0.00"/>
        <vehicle id="12" x="398.35" y="493.57" angle="0.00" type="DEFAULT_VEHTYPE" speed="13.73" pos="101.68" lane="2/3to2/2_0" slope="0.00"/>
        <vehicle id="15" x="759.06" y="601.65" angle="-90.00" type="DEFAULT_VEHTYPE" speed="13.84" pos="40.94" lane="4/3to3/3_0" slope="0.00"/>
        <vehicle id="19" x="287.82" y="598.35" angle="90.00" type="DEFAULT_VEHTYPE" speed="12.93" pos="83.07" lane="1/3to2/3_0" slope="0.00"/>
        <vehicle id="2" x="581.21" y="198.35" angle="90.00" type="DEFAULT_VEHTYPE" speed="8.36" pos="176.46" lane="2/1to3/1_0" slope="0.00"/>
        <vehicle id="20" x="401.65" y="185.22" angle="180.00" type="DEFAULT_VEHTYPE" speed="13.87" pos="185.22" lane="2/0to2/1_0" slope="0.00"/>
        <vehicle id="23" x="398.35" y="260.16" angle="0.00" type="DEFAULT_VEHTYPE" speed="13.55" pos="135.09" lane="2/2to2/1_0" slope="0.00"/>
        <vehicle id="24" x="228.26" y="201.65" angle="-90.00" type="DEFAULT_VEHTYPE" speed="12.12" pos="166.99" lane="2/1to1/1_0" slope="0.00"/>
        <vehicle id="4" x="390.47" y="598.35" angle="90.00" type="DEFAULT_VEHTYPE" speed="3.27" pos="185.72" lane="1/3to2/3_0" slope="0.00"/>
        <vehicle id="5" x="398.35" y="639.60" angle="0.00" type="DEFAULT_VEHTYPE" speed="13.55" pos="160.40" lane="2/4to2/3_0" slope="0.00"/>
        <vehicle id="6" x="201.65" y="462.54" angle="180.00" type="DEFAULT_VEHTYPE" speed="12.85" pos="57.79" lane="1/2to1/3_0" slope="0.00"/>
        <vehicle id="7" x="401.65" y="20.61" angle="180.00" type="DEFAULT_VEHTYPE" speed="12.97" pos="20.61" lane="2/0to2/1_0" slope="0.00"/>
        <vehicle id="8" x="198.35" y="315.85" angle="0.00" type="DEFAULT_VEHTYPE" speed="12.83" pos="79.40" lane="1/2to1/1_0" slope="0.00"/>
    </timestep>
    <timestep time="746.00">
        <vehicle id="0" x="398.35" y="708.20" angle="0.00" type="DEFAULT_VEHTYPE" speed="13.16" pos="91.80" lane="2/4to2/3_0" slope="0.00"/>
        <vehicle id="10" x="665.67" y="201.65" angle="-90.00" type="DEFAULT_VEHTYPE" speed="13.34" pos="134.33" lane="4/1to3/1_0" slope="0.00"/>
        <vehicle id="11" x="598.35" y="414.57" angle="0.00" type="DEFAULT_VEHTYPE" speed="13.81" pos="180.68" lane="3/3to3/2_0" slope="0.00"/>
        <vehicle id="12" x="398.35" y="480.16" angle="0.00" type="DEFAULT_VEHTYPE" speed="13.42" pos="115.09" lane="2/3to2/2_0" slope="0.00"/>
        <vehicle id="15" x="746.01" y="601.65" angle="-90.00" type="DEFAULT_VEHTYPE" speed="13.05" pos="53.99" lane="4/3to3/3_0" slope="0.00"/>
        <vehicle id="19" x="300.91" y="598.35" angle="90.00" type="DEFAULT_VEHTYPE" speed="13.09" pos="96.16" lane="1/3to2/3_0" slope="0.00"/>
        <vehicle id="2" x="586.60" y="198.35" angle="90.00" type="DEFAULT_VEHTYPE" speed="5.39" pos="181.85" lane="2/1to3/1_0" slope="0.00"/>
        <vehicle id="20" x="402.55" y="197.66" angle="169.29" type="DEFAULT_VEHTYPE" speed="12.68" pos="2.65" lane=":2/1_8_0" slope="0.00"/>
        <vehicle id="23" x="398.35" y="247.53" angle="0.00" type="DEFAULT_VEHTYPE" speed="12.63" pos="147.72" lane="2/2to2/1_0" slope="0.00"/>
        <vehicle id="24" x="219.48" y="201.65" angle="-90.00" type="DEFAULT_VEHTYPE" speed="8.78" pos="175.77" lane="2/1to1/1_0" slope="0.00"/>
        <vehicle id="4" x="391.94" y="598.35" angle="90.00" type="DEFAULT_VEHTYPE" speed="1.47" pos="187.19" lane="1/3to2/3_0" slope="0.00"/>
        <vehicle id="5" x="398.35" y="625.95" angle="0.00" type="DEFAULT_VEHTYPE" speed="13.65" pos="174.05" lane="2/4to2/3_0" slope="0.00"/>
        <vehicle id="6" x="201.65" y="475.46" angle="180.00" type="DEFAULT_VEHTYPE" speed="12.92" pos="70.71" lane="1/2to1/3_0" slope="0.00"/>
        <vehicle id="7" x="401.65" y="34.08" angle="180.00" type="DEFAULT_VEHTYPE" speed="13.47" pos="34.08" lane="2/0to2/1_0" slope="0.00"/>
        <vehicle id="8" x="198.35" y="303.24" angle="0.00" type="DEFAULT_VEHTYPE" speed="12.61" pos="92.01" lane="1/2to1/1_0" slope="0.00"/>
    </timestep>
    <timestep time="747.00">
        <vehicle id="0" x="398.35" y="694.41" angle="0.00" type="DEFAULT_VEHTYPE" speed="13.79" pos="105.59" lane="2/4to2/3_0" slope="0.00"/>
        <vehicle id="10" x="652.73" y="201.65" angle="-90.00" type="DEFAULT_VEHTYPE" speed="12.94" pos="147.27" lane="4/1to3/1_0" slope="0.00"/>
        <vehicle id="11" x="596.33" y="401.80" angle="-26.49" type="DEFAULT_VEHTYPE" speed="13.72" pos="3.91" lane=":3/2_0_0" slope="0.00"/>
        <vehicle id="12" x="398.35" y="466.30" angle="0.00" type="DEFAULT_VEHTYPE" speed="13.85" pos="128.95" lane="2/3to2/2_0" slope="0.00"/>
        <vehicle id="15" x="732.73" y="601.65" angle="-90.00" type="DEFAULT_VEHTYPE" speed="13.28" pos="67.27" lane="4/3to3/3_0" slope="0.00"/>
        <vehicle id="19" x="314.60" y="598.35" angle="90.00" type="DEFAULT_VEHTYPE" speed="13.69" pos="109.85" lane="1/3to2/3_0" slope="0.00"/>
        <vehicle id="2" x="589.81" y="198.35" angle="90.00" type="DEFAULT_VEHTYPE" speed="3.21" pos="185.06" lane="2/1to3/1_0" slope="0.00"/>
        <vehicle id="20" x="415.53" y="198.35" angle="90.00" type="DEFAULT_VEHTYPE" speed="13.13" pos="10.78" lane="2/1to3/1_0" slope="0.00"/>
        <vehicle id="23" x="398.35" y="234.40" angle="0.00" type="DEFAULT_VEHTYPE" speed="13.13" pos="160.85" lane="2/2to2/1_0" slope="0.00"/>
        <vehicle id="24" x="213.41" y="201.65" angle="-90.00" type="DEFAULT_VEHTYPE" speed="6.07" pos="181.84" lane="2/1to1/1_0" slope="0.00"/>
        <vehicle id="4" x="392.48" y="598.35" angle="90.00" type="DEFAULT_VEHTYPE" speed="0.54" pos="187.73" lane="1/3to2/3_0" slope="0.00"/>
        <vehicle id="5" x="398.35" y="612.17" angle="0.00" type="DEFAULT_VEHTYPE" speed="13.78" pos="187.83" lane="2/4to2/3_0" slope="0.00"/>
        <vehicle id="6" x="201.65" y="489.21" angle="180.00" type="DEFAULT_VEHTYPE" speed="13.75" pos="84.46" lane="1/2to1/3_0" slope="0.00"/>
        <vehicle id="7" x="401.65" y="46.81" angle="180.00" type="DEFAULT_VEHTYPE" speed="12.72" pos="46.81" lane="2/0to2/1_0" slope="0.00"/>
        <vehicle id="8" x="198.35" y="289.68" angle="0.00" type="DEFAULT_VEHTYPE" speed="13.56" pos="105.57" lane="1/2to1/1_0" slope="0.00"/>
    </timestep>
    <timestep time="748.00">
        <vehicle id="0" x="398.35" y="681.21" angle="0.00" type="DEFAULT_VEHTYPE" speed="13.20" pos="118.79" lane="2/4to2/3_0" slope="0.00"/>
        <vehicle id="10" x="639.73" y="201.65" angle="-90.00" type="DEFAULT_VEHTYPE" speed="12.99" pos="160.27" lane="4/1to3/1_0" slope="0.00"/>
        <vehicle id="11" x="583.63" y="401.65" angle="-90.00" type="DEFAULT_VEHTYPE" speed="12.71" pos="11.62" lane="3/2to2/2_0" slope="0.00"/>
        <vehicle id="12" x="398.35" y="452.76" angle="0.00" type="DEFAULT_VEHTYPE" speed="13.54" pos="142.49" lane="2/3to2/2_0" slope="0.00"/>
        <vehicle id="15" x="720.09" y="601.65" angle="-90.00" type="DEFAULT_VEHTYPE" speed="12.65" pos="79.91" lane="4/3to3/3_0" slope="0.00"/>
        <vehicle id="19" x="327.66" y="598.35" angle="90.00" type="DEFAULT_VEHTYPE" speed="13.06" pos="122.91" lane="1/3to2/3_0" slope="0.00"/>
        <vehicle id="2" x="594.32" y="198.35" angle="90.00" type="DEFAULT_VEHTYPE" speed="4.51" pos="189.57" lane="2/1to3/1_0" slope="0.00"/>
        <vehicle id="20" x="428.76" y="198.35" angle="90.00" type="DEFAULT_VEHTYPE" speed="13.23" pos="24.01" lane="2/1to3/1_0" slope="0.00"/>
        <vehicle id="23" x="398.35" y="220.94" angle="0.00" type="DEFAULT_VEHTYPE" speed="13.45" pos="174.31" lane="2/2to2/1_0" slope="0.00"/>
        <vehicle id="24" x="209.61" y="201.65" angle="-90.00" type="DEFAULT_VEHTYPE" speed="3.80" pos="185.64" lane="2/1to1/1_0" slope="0.00"/>
        <vehicle id="4" x="392.64" y="598.35" angle="90.00" type="DEFAULT_VEHTYPE" speed="0.16" pos="187.89" lane="1/3to2/3_0" slope="0.00"/>
        <vehicle id="5" x="398.35" y="598.76" angle="0.00" type="DEFAULT_VEHTYPE" speed="13.40" pos="5.99" lane=":2/3_1_0" slope="0.00"/>
        <vehicle id="6" x="201.65" y="501.89" angle="180.00" type="DEFAULT_VEHTYPE" speed="12.68" pos="97.14" lane="1/2to1/3_0" slope="0.00"/>
        <vehicle id="7" x="401.65" y="60.09" angle="180.00" type="DEFAULT_VEHTYPE" speed="13.28" pos="60.09" lane="2/0to2/1_0" slope="0.00"/>
        <vehicle id="8" x="198.35" y="276.56" angle="0.00" type="DEFAULT_VEHTYPE" speed="13.12" pos="118.69" lane="1/2to1/1_0" slope="0.00"/>
    </timestep>
    <timestep time="749.00">
        <vehicle id="0" x="398.35" y="667.80" angle="0.00" type="DEFAULT_VEHTYPE" speed="13.42" pos="132.20" lane="2/4to2/3_0" slope="0.00"/>
        <vehicle id="10" x="627.61" y="201.65" angle="-90.00" type="DEFAULT_VEHTYPE" speed="12.13" pos="172.39" lane="4/1to3/1_0" slope="0.00"/>
        <vehicle id="11" x="571.00" y="401.65" angle="-90.00" type="DEFAULT_VEHTYPE" speed="12.63" pos="24.25" lane="3/2to2/2_0" slope="0.00"/>
        <vehicle id="12" x="398.35" y="439.45" angle="0.00" type="DEFAULT_VEHTYPE" speed="13.31" pos="155.80" lane="2/3to2/2_0" slope="0.00"/>
        <vehicle id="15" x="706.84" y="601.65" angle="-90.00" type="DEFAULT_VEHTYPE" speed="13.24" pos="93.16" lane="4/3to3/3_0" slope="0.00"/>
        <vehicle id="19" x="340.42" y="598.35" angle="90.00" type="DEFAULT_VEHTYPE" speed="12.76" pos="135.67" lane="1/3to2/3_0" slope="0.00"/>
        <vehicle id="2" x="594.33" y="198.35" angle="90.00" type="DEFAULT_VEHTYPE" speed="0.01" pos="189.58" lane="2/1to3/1_0" slope="0.00"/>
        <vehicle id="20" x="441.84" y="198.35" angle="90.00" type="DEFAULT_VEHTYPE" speed="13.08" pos="37.09" lane="2/1to3/1_0" slope="0.00"/>
        <vehicle id="23" x="398.35" y="207.71" angle="0.00" type="DEFAULT_VEHTYPE" speed="13.23" pos="187.54" lane="2/2to2/1_0" slope="0.00"/>
        <vehicle id="24" x="203.86" y="201.77" angle="-91.43" type="DEFAULT_VEHTYPE" speed="5.76" pos="0.90" lane=":1/1_4_0" slope="0.00"/>
        <vehicle id="4" x="392.75" y="598.35" angle="90.00" type="DEFAULT_VEHTYPE" speed="0.10" pos="188.00" lane="1/3to2/3_0" slope="0.00"/>
        <vehicle id="5" x="398.35" y="585.39" angle="0.00" type="DEFAULT_VEHTYPE" speed="13.37" pos="9.86" lane="2/3to2/2_0" slope="0.00"/>
        <vehicle id="6" x="201.65" y="514.81" angle="180.00" type="DEFAULT_VEHTYPE" speed="12.92" pos="110.06" lane="1/2to1/3_0" slope="0.00"/>
        <vehicle id="7" x="401.65" y="73.57" angle="180.00" type="DEFAULT_VEHTYPE" speed="13.48" pos="73.57" lane="2/0to2/1_0" slope="0.00"/>
        <vehicle id="8" x="198.35" y="263.47" angle="0.00" type="DEFAULT_VEHTYPE" speed="13.09" pos="131.78" lane="1/2to1/1_0" slope="0.00"/>
    </timestep>
    <timestep time="750.00">
        <vehicle id="0" x="398.35" y="654.91" angle="0.00" type="DEFAULT_VEHTYPE" speed="12.89" pos="145.09" lane="2/4to2/3_0" slope="0.00"/>
        <vehicle id="10" x="618.39" y="201.65" angle="-90.00" type="DEFAULT_VEHTYPE" speed="9.21" pos="181.61" lane="4/1to3/1_0" slope="0.00"/>
        <vehicle id="11" x="557.85" y="401.65" angle="-90.00" type="DEFAULT_VEHTYPE" speed="13.15" pos="37.40" lane="3/2to2/2_0" slope="0.00"/>
        <vehicle id="12" x="398.35" y="425.90" angle="0.00" type="DEFAULT_VEHTYPE" speed="13.55" pos="169.35" lane="2/3to2/2_0" slope="0.00"/>
        <vehicle id="15" x="693.97" y="601.65" angle="-90.00" type="DEFAULT_VEHTYPE" speed="12.87" pos="106.03" lane="4/3to3/3_0" slope="0.00"/>
        <vehicle id="19" x="353.72" y="598.35" angle="90.00" type="DEFAULT_VEHTYPE" speed="13.30" pos="148.97" lane="1/3to2/3_0" slope="0.00"/>
        <vehicle id="2" x="594.33" y="198.35" angle="90.00" type="DEFAULT_VEHTYPE" speed="0.00" pos="189.58" lane="2/1to3/1_0" slope="0.00"/>
        <vehicle id="20" x="455.20" y="198.35" angle="90.00" type="DEFAULT_VEHTYPE" speed="13.35" pos="50.45" lane="2/1to3/1_0" slope="0.00"/>
        <vehicle id="23" x="389.47" y="201.65" angle="-90.00" type="DEFAULT_VEHTYPE" speed="13.74" pos="5.78" lane="2/1to1/1_0" slope="0.00"/>
        <vehicle id="24" x="201.65" y="207.99" angle="-175.44" type="DEFAULT_VEHTYPE" speed="7.34" pos="3.24" lane="1/1to1/2_0" slope="0.00"/>
        <vehicle id="4" x="394.68" y="598.35" angle="90.00" type="DEFAULT_VEHTYPE" speed="1.94" pos="189.93" lane="1/3to2/3_0" slope="0.00"/>
        <vehicle id="5" x="398.35" y="571.74" angle="0.00" type="DEFAULT_VEHTYPE" speed="13.65" pos="23.51" lane="2/3to2/2_0" slope="0.00"/>
        <vehicle id="6" x="201.65" y="528.40" angle="180.00" type="DEFAULT_VEHTYPE" speed="13.58" pos="123.65" lane="1/2to1/3_0" slope="0.00"/>
        <vehicle id="7" x="401.65" y="86.52" angle="180.00" type="DEFAULT_VEHTYPE" speed="12.95" pos="86.52" lane="2/0to2/1_0" slope="0.00"/>
        <vehicle id="8" x="198.35" y="250.72" angle="0.00" type="DEFAULT_VEHTYPE" speed="12.75" pos="144.53" lane="1/2to1/1_0" slope="0.00"/>
    </timestep>
    <timestep time="751.00">
        <vehicle id="0" x="398.35" y="641.50" angle="0.00" type="DEFAULT_VEHTYPE" speed="13.41" pos="158.50" lane="2/4to2/3_0" slope="0.00"/>
        <vehicle id="10" x="612.41" y="201.65" angle="-90.00" type="DEFAULT_VEHTYPE" speed="5.99" pos="187.59" lane="4/1to3/1_0" slope="0.00"/>
        <vehicle id="11" x="544.73" y="401.65" angle="-90.00" type="DEFAULT_VEHTYPE" speed="13.12" pos="50.52" lane="3/2to2/2_0" slope="0.00"/>
        <vehicle id="12" x="398.35" y="413.07" angle="0.00" type="DEFAULT_VEHTYPE" speed="12.83" pos="182.18" lane="2/3to2/2_0" slope="0.00"/>
        <vehicle id="15" x="680.64" y="601.65" angle="-90.00" type="DEFAULT_VEHTYPE" speed="13.33" pos="119.36" lane="4/3to3/3_0" slope="0.00"/>
        <vehicle id="19" x="366.96" y="598.35" angle="90.00" type="DEFAULT_VEHTYPE" speed="13.25" pos="162.21" lane="1/3to2/3_0" slope="0.00"/>
        <vehicle id="2" x="594.33" y="198.35" angle="90.00" type="DEFAULT_VEHTYPE" speed="0.00" pos="189.58" lane="2/1to3/1_0" slope="0.00"/>
        <vehicle id="20" x="468.73" y="198.35" angle="90.00" type="DEFAULT_VEHTYPE" speed="13.53" pos="63.98" lane="2/1to3/1_0" slope="0.00"/>
        <vehicle id="23" x="375.77" y="201.65" angle="-90.00" type="DEFAULT_VEHTYPE" speed="13.70" pos="19.48" lane="2/1to1/1_0" slope="0.00"/>
        <vehicle id="24" x="201.65" y="217.36" angle="180.00" type="DEFAULT_VEHTYPE" speed="9.38" pos="12.61" lane="1/1to1/2_0" slope="0.00"/>
        <vehicle id="4" x="398.46" y="599.00" angle="97.49" type="DEFAULT_VEHTYPE" speed="3.87" pos="3.30" lane=":2/3_14_0" slope="0.00"/>
        <vehicle id="5" x="398.35" y="557.86" angle="0.00" type="DEFAULT_VEHTYPE" speed="13.88" pos="37.39" lane="2/3to2/2_0" slope="0.00"/>
        <vehicle id="6" x="201.65" y="541.95" angle="180.00" type="DEFAULT_VEHTYPE" speed="13.55" pos="137.20" lane="1/2to1/3_0" slope="0.00"/>
        <vehicle id="7" x="401.65" y="100.02" angle="180.00" type="DEFAULT_VEHTYPE" speed="13.49" pos="100.02" lane="2/0to2/1_0" slope="0.00"/>
        <vehicle id="8" x="198.35" y="237.53" angle="0.00" type="DEFAULT_VEHTYPE" speed="13.18" pos="157.72" lane="1/2to1/1_0" slope="0.00"/>
    </timestep>
    <timestep time="752.00">
        <vehicle id="0" x="398.35" y="629.13" angle="0.00" type="DEFAULT_VEHTYPE" speed="12.37" pos="170.87" lane="2/4to2/3_0" slope="0.00"/>
        <vehicle id="10" x="609.33" y="201.65" angle="-90.00" type="DEFAULT_VEHTYPE" speed="3.07" pos="190.67" lane="4/1to3/1_0" slope="0.00"/>
        <vehicle id="11" x="532.13" y="401.65" angle="-90.00" type="DEFAULT_VEHTYPE" speed="12.60" pos="63.12" lane="3/2to2/2_0" slope="0.00"/>
        <vehicle id="12" x="395.50" y="401.68" angle="-40.62" type="DEFAULT_VEHTYPE" speed="13.07" pos="4.75" lane=":2/2_0_0" slope="0.00"/>
        <vehicle id="15" x="668.01" y="601.65" angle="-90.00" type="DEFAULT_VEHTYPE" speed="12.63" pos="131.99" lane="4/3to3/3_0" slope="0.00"/>
        <vehicle id="19" x="377.29" y="598.35" angle="90.00" type="DEFAULT_VEHTYPE" speed="10.33" pos="172.54" lane="1/3to2/3_0" slope="0.00"/>
        <vehicle id="2" x="594.33" y="198.35" angle="90.00" type="DEFAULT_VEHTYPE" speed="0.00" pos="189.58" lane="2/1to3/1_0" slope="0.00"/>
        <vehicle id="20" x="481.88" y="198.35" angle="90.00" type="DEFAULT_VEHTYPE" speed="13.15" pos="77.13" lane="2/1to3/1_0" slope="0.00"/>
        <vehicle id="23" x="362.47" y="201.65" angle="-90.00" type="DEFAULT_VEHTYPE" speed="13.31" pos="32.78" lane="2/1to1/1_0" slope="0.00"/>
        <vehicle id="24" x="201.65" y="228.57" angle="180.00" type="DEFAULT_VEHTYPE" speed="11.20" pos="23.82" lane="1/1to1/2_0" slope="0.00"/>
        <vehicle id="4" x="401.55" y="604.04" angle="155.73" type="DEFAULT_VEHTYPE" speed="6.30" pos="9.61" lane=":2/3_14_0" slope="0.00"/>
        <vehicle id="5" x="398.35" y="544.41" angle="0.00" type="DEFAULT_VEHTYPE" speed="13.45" pos="50.84" lane="2/3to2/2_0" slope="0.00"/>
        <vehicle id="6" x="201.65" y="555.09" angle="180.00" type="DEFAULT_VEHTYPE" speed="13.14" pos="150.34" lane="1/2to1/3_0" slope="0.00"/>
        <vehicle id="7" x="401.65" y="113.24" angle="180.00" type="DEFAULT_VEHTYPE" speed="13.23" pos="113.24" lane="2/0to2/1_0" slope="0.00"/>
        <vehicle id="8" x="198.35" y="224.15" angle="0.00" type="DEFAULT_VEHTYPE" speed="13.38" pos="171.10" lane="1/2to1/1_0" slope="0.00"/>
    </timestep>
    <timestep time="753.00">
        <vehicle id="0" x="398.35" y="615.82" angle="0.00" type="DEFAULT_VEHTYPE" speed="13.31" pos="184.18" lane="2/4to2/3_0" slope="0.00"/>
        <vehicle id="10" x="604.35" y="201.71" angle="-90.65" type="DEFAULT_VEHTYPE" speed="4.99" pos="0.41" lane=":3/1_4_0" slope="0.00"/>
        <vehicle id="11" x="518.30" y="401.65" angle="-90.00" type="DEFAULT_VEHTYPE" speed="13.84" pos="76.95" lane="3/2to2/2_0" slope="0.00"/>
        <vehicle id="12" x="382.13" y="401.65" angle="-90.00" type="DEFAULT_VEHTYPE" speed="13.37" pos="13.12" lane="2/2to1/2_0" slope="0.00"/>
        <vehicle id="15" x="654.16" y="601.65" angle="-90.00" type="DEFAULT_VEHTYPE" speed="13.84" pos="145.84" lane="4/3to3/3_0" slope="0.00"/>
        <vehicle id="19" x="384.62" y="598.35" angle="90.00" type="DEFAULT_VEHTYPE" speed="7.33" pos="179.87" lane="1/3to2/3_0" slope="0.00"/>
        <vehicle id="2" x="594.33" y="198.35" angle="90.00" type="DEFAULT_VEHTYPE" speed="0.00" pos="189.58" lane="2/1to3/1_0" slope="0.00"/>
        <vehicle id="20" x="495.25" y="198.35" angle="90.00" type="DEFAULT_VEHTYPE" speed="13.38" pos="90.50" lane="2/1to3/1_0" slope="0.00"/>
        <vehicle id="23" x="349.69" y="201.65" angle="-90.00" type="DEFAULT_VEHTYPE" speed="12.78" pos="45.56" lane="2/1to1/1_0" slope="0.00"/>
        <vehicle id="24" x="201.65" y="242.05" angle="180.00" type="DEFAULT_VEHTYPE" speed="13.48" pos="37.30" lane="1/1to1/2_0" slope="0.00"/>
        <vehicle id="4" x="401.65" y="611.86" angle="180.00" type="DEFAULT_VEHTYPE" speed="7.83" pos="7.11" lane="2/3to2/4_0" slope="0.00"/>
        <vehicle id="5" x="398.35" y="531.46" angle="0.00" type="DEFAULT_VEHTYPE" speed="12.95" pos="63.79" lane="2/3to2/2_0" slope="0.00"/>
        <vehicle id="6" x="201.65" y="568.68" angle="180.00" type="DEFAULT_VEHTYPE" speed="13.59" pos="163.93" lane="1/2to1/3_0" slope="0.00"/>
        <vehicle id="7" x="401.65" y="126.57" angle="180.00" type="DEFAULT_VEHTYPE" speed="13.32" pos="126.57" lane="2/0to2/1_0" slope="0.00"/>
        <vehicle id="8" x="198.35" y="210.57" angle="0.00" type="DEFAULT_VEHTYPE" speed="13.58" pos="184.68" lane="1/2to1/1_0" slope="0.00"/>
    </timestep>
    <timestep time="754.00">
        <vehicle id="0" x="398.35" y="602.52" angle="0.00" type="DEFAULT_VEHTYPE" speed="13.30" pos="2.23" lane=":2/3_1_0" slope="0.00"/>
        <vehicle id="10" x="601.65" y="207.57" angle="-172.91" type="DEFAULT_VEHTYPE" speed="7.42" pos="2.82" lane="3/1to3/2_0" slope="0.00"/>
        <vehicle id="11" x="505.52" y="401.65" angle="-90.00" type="DEFAULT_VEHTYPE" speed="12.78" pos="89.73" lane="3/2to2/2_0" slope="0.00"/>
        <vehicle id="12" x="368.26" y="401.65" angle="-90.00" type="DEFAULT_VEHTYPE" speed="13.87" pos="26.99" lane="2/2to1/2_0" slope="0.00"/>
        <vehicle id="15" x="640.64" y="601.65" angle="-90.00" type="DEFAULT_VEHTYPE" speed="13.52" pos="159.36" lane="4/3to3/3_0" slope="0.00"/>
        <vehicle id="19" x="389.41" y="598.35" angle="90.00" type="DEFAULT_VEHTYPE" speed="4.79" pos="184.66" lane="1/3to2/3_0" slope="0.00"/>
        <vehicle id="2" x="595.91" y="198.44" angle="91.08" type="DEFAULT_VEHTYPE" speed="1.59" pos="0.67" lane=":3/1_14_0" slope="0.00"/>
        <vehicle id="20" x="508.47" y="198.35" angle="90.00" type="DEFAULT_VEHTYPE" speed="13.22" pos="103.72" lane="2/1to3/1_0" slope="0.00"/>
        <vehicle id="23" x="336.48" y="201.65" angle="-90.00" type="DEFAULT_VEHTYPE" speed="13.20" pos="58.77" lane="2/1to1/1_0" slope="0.00"/>
        <vehicle id="24" x="201.65" y="254.83" angle="180.00" type="DEFAULT_VEHTYPE" speed="12.78" pos="50.08" lane="1/1to1/2_0" slope="0.00"/>
        <vehicle id="4" x="401.65" y="621.47" angle="180.00" type="DEFAULT_VEHTYPE" speed="9.61" pos="16.72" lane="2/3to2/4_0" slope="0.00"/>
        <vehicle id="5" x="398.35" y="517.76" angle="0.00" type="DEFAULT_VEHTYPE" speed="13.71" pos="77.49" lane="2/3to2/2_0" slope="0.00"/>
        <vehicle id="6" x="201.65" y="581.64" angle="180.00" type="DEFAULT_VEHTYPE" speed="12.96" pos="176.89" lane="1/2to1/3_0" slope="0.00"/>
        <vehicle id="7" x="401.65" y="140.43" angle="180.00" type="DEFAULT_VEHTYPE" speed="13.86" pos="140.43" lane="2/0to2/1_0" slope="0.00"/>
        <vehicle id="8" x="193.45" y="201.65" angle="-72.97" type="DEFAULT_VEHTYPE" speed="12.62" pos="1.80" lane="1/1to0/1_0" slope="0.00"/>
    </timestep>
    <timestep time="755.00">
        <vehicle id="0" x="398.35" y="589.52" angle="0.00" type="DEFAULT_VEHTYPE" speed="13.00" pos="5.73" lane="2/3to2/2_0" slope="0.00"/>
        <vehicle id="10" x="601.65" y="216.87" angle="180.00" type="DEFAULT_VEHTYPE" speed="9.30" pos="12.12" lane="3/1to3/2_0" slope="0.00"/>
        <vehicle id="11" x="492.87" y="401.65" angle="-90.00" type="DEFAULT_VEHTYPE" speed="12.65" pos="102.38" lane="3/2to2/2_0" slope="0.00"/>
        <vehicle id="12" x="354.81" y="401.65" angle="-90.00" type="DEFAULT_VEHTYPE" speed="13.45" pos="40.44" lane="2/2to1/2_0" slope="0.00"/>
        <vehicle id="15" x="627.50" y="601.65" angle="-90.00" type="DEFAULT_VEHTYPE" speed="13.14" pos="172.50" lane="4/3to3/3_0" slope="0.00"/>
        <vehicle id="19" x="391.30" y="598.35" angle="90.00" type="DEFAULT_VEHTYPE" speed="1.89" pos="186.55" lane="1/3to2/3_0" slope="0.00"/>
        <vehicle id="2" x="599.56" y="199.65" angle="105.43" type="DEFAULT_VEHTYPE" speed="3.92" pos="4.58" lane=":3/1_14_0" slope="0.00"/>
        <vehicle id="20" x="522.20" y="198.35" angle="90.00" type="DEFAULT_VEHTYPE" speed="13.73" pos="117.45" lane="2/1to3/1_0" slope="0.00"/>
        <vehicle id="23" x="322.73" y="201.65" angle="-90.00" type="DEFAULT_VEHTYPE" speed="13.75" pos="72.52" lane="2/1to1/1_0" slope="0.00"/>
        <vehicle id="24" x="201.65" y="268.56" angle="180.00" type="DEFAULT_VEHTYPE" speed="13.72" pos="63.81" lane="1/1to1/2_0" slope="0.00"/>
        <vehicle id="4" x="401.65" y="632.93" angle="180.00" type="DEFAULT_VEHTYPE" speed="11.46" pos="28.18" lane="2/3to2/4_0" slope="0.00"/>
        <vehicle id="5" x="398.35" y="504.56" angle="0.00" type="DEFAULT_VEHTYPE" speed="13.20" pos="90.69" lane="2/3to2/2_0" slope="0.00"/>
        <vehicle id="6" x="201.65" y="595.12" angle="180.00" type="DEFAULT_VEHTYPE" speed="13.47" pos="190.37" lane="1/2to1/3_0" slope="0.00"/>
        <vehicle id="7" x="401.65" y="154.21" angle="180.00" type="DEFAULT_VEHTYPE" speed="13.78" pos="154.21" lane="2/0to2/1_0" slope="0.00"/>
        <vehicle id="8" x="179.93" y="201.65" angle="-90.00" type="DEFAULT_VEHTYPE" speed="13.52" pos="15.32" lane="1/1to0/1_0" slope="0.00"/>
    </timestep>
    <timestep time="756.00">
        <vehicle id="0" x="398.35" y="576.79" angle="0.00" type="DEFAULT_VEHTYPE" speed="12.73" pos="18.46" lane="2/3to2/2_0" slope="0.00"/>
        <vehicle id="10" x="601.65" y="227.53" angle="180.00" type="DEFAULT_VEHTYPE" speed="10.66" pos="22.78" lane="3/1to3/2_0" slope="0.00"/>
        <vehicle id="11" x="479.42" y="401.65" angle="-90.00" type="DEFAULT_VEHTYPE" speed="13.45" pos="115.83" lane="3/2to2/2_0" slope="0.00"/>
        <vehicle id="12" x="341.95" y="401.65" angle="-90.00" type="DEFAULT_VEHTYPE" speed="12.85" pos="53.30" lane="2/2to1/2_0" slope="0.00"/>
        <vehicle id="15" x="618.26" y="601.65" angle="-90.00" type="DEFAULT_VEHTYPE" speed="9.24" pos="181.74" lane="4/3to3/3_0" slope="0.00"/>
        <vehicle id="19" x="395.56" y="598.39" angle="90.50" type="DEFAULT_VEHTYPE" speed="4.26" pos="0.31" lane=":2/3_14_0" slope="0.00"/>
        <vehicle id="2" x="601.65" y="205.41" angle="166.10" type="DEFAULT_VEHTYPE" speed="6.40" pos="0.66" lane="3/1to3/2_0" slope="0.00"/>
        <vehicle id="20" x="535.80" y="198.35" angle="90.00" type="DEFAULT_VEHTYPE" speed="13.60" pos="131.05" lane="2/1to3/1_0" slope="0.00"/>
        <vehicle id="23" x="309.38" y="201.65" angle="-90.00" type="DEFAULT_VEHTYPE" speed="13.35" pos="85.87" lane="2/1to1/1_0" slope="0.00"/>
        <vehicle id="24" x="201.65" y="281.19" angle="180.00" type="DEFAULT_VEHTYPE" speed="12.63" pos="76.44" lane="1/1to1/2_0" slope="0.00"/>
        <vehicle id="4" x="401.65" y="645.79" angle="180.00" type="DEFAULT_VEHTYPE" speed="12.85" pos="41.04" lane="2/3to2/4_0" slope="0.00"/>
        <vehicle id="5" x="398.35" y="491.01" angle="0.00" type="DEFAULT_VEHTYPE" speed="13.55" pos="104.24" lane="2/3to2/2_0" slope="0.00"/>
        <vehicle id="6" x="212.94" y="598.35" angle="90.00" type="DEFAULT_VEHTYPE" speed="13.32" pos="8.19" lane="1/3to2/3_0" slope="0.00"/>
        <vehicle id="7" x="401.65" y="167.43" angle="180.00" type="DEFAULT_VEHTYPE" speed="13.22" pos="167.43" lane="2/0to2/1_0" slope="0.00"/>
        <vehicle id="8" x="166.59" y="201.65" angle="-90.00" type="DEFAULT_VEHTYPE" speed="13.34" pos="28.66" lane="1/1to0/1_0" slope="0.00"/>
    </timestep>
    <timestep time="757.00">
        <vehicle id="0" x="398.35" y="564.02" angle="0.00" type="DEFAULT_VEHTYPE" speed="12.77" pos="31.23" lane="2/3to2/2_0" slope="0.00"/>
        <vehicle id="10" x="601.65" y="240.69" angle="180.00" type="DEFAULT_VEHTYPE" speed="13.16" pos="35.94" lane="3/1to3/2_0" slope="0.00"/>
        <vehicle id="11" x="466.05" y="401.65" angle="-90.00" type="DEFAULT_VEHTYPE" speed="13.37" pos="129.20" lane="3/2to2/2_0" slope="0.00"/>
        <vehicle id="12" x="329.09" y="401.65" angle="-90.00" type="DEFAULT_VEHTYPE" speed="12.86" pos="66.16" lane="2/2to1/2_0" slope="0.00"/>
        <vehicle id="15" x="612.12" y="601.65" angle="-90.00" type="DEFAULT_VEHTYPE" speed="6.14" pos="187.88" lane="4/3to3/3_0" slope="0.00"/>
        <vehicle id="19" x="400.96" y="601.47" angle="126.82" type="DEFAULT_VEHTYPE" speed="6.62" pos="6.93" lane=":2/3_14_0" slope="0.00"/>
        <vehicle id="2" x="601.65" y="214.31" angle="180.00" type="DEFAULT_VEHTYPE" speed="8.90" pos="9.56" lane="3/1to3/2_0" slope="0.00"/>
        <vehicle id="20" x="549.44" y="198.35" angle="90.00" type="DEFAULT_VEHTYPE" speed="13.65" pos="144.69" lane="2/1to3/1_0" slope="0.00"/>
        <vehicle id="23" x="296.21" y="201.65" angle="-90.00" type="DEFAULT_VEHTYPE" speed="13.17" pos="99.04" lane="2/1to1/1_0" slope="0.00"/>
        <vehicle id="24" x="201.65" y="293.99" angle="180.00" type="DEFAULT_VEHTYPE" speed="12.80" pos="89.24" lane="1/1to1/2_0" slope="0.00"/>
        <vehicle id="4" x="401.65" y="659.55" angle="180.00" type="DEFAULT_VEHTYPE" speed="13.76" pos="54.80" lane="2/3to2/4_0" slope="0.00"/>
        <vehicle id="5" x="398.35" y="478.01" angle="0.00" type="DEFAULT_VEHTYPE" speed="13.00" pos="117.24" lane="2/3to2/2_0" slope="0.00"/>
        <vehicle id="6" x="226.52" y="598.35" angle="90.00" type="DEFAULT_VEHTYPE" speed="13.58" pos="21.77" lane="1/3to2/3_0" slope="0.00"/>
        <vehicle id="7" x="401.65" y="181.00" angle="180.00" type="DEFAULT_VEHTYPE" speed="13.57" pos="181.00" lane="2/0to2/1_0" slope="0.00"/>
        <vehicle id="8" x="152.72" y="201.65" angle="-90.00" type="DEFAULT_VEHTYPE" speed="13.87" pos="42.53" lane="1/1to0/1_0" slope="0.00"/>
    </timestep>
    <timestep time="758.00">
        <vehicle id="0" x="398.35" y="550.49" angle="0.00" type="DEFAULT_VEHTYPE" speed="13.54" pos="44.76" lane="2/3to2/2_0" slope="0.00"/>
        <vehicle id="10" x="601.65" y="254.49" angle="180.00" type="DEFAULT_VEHTYPE" speed="13.79" pos="49.74" lane="3/1to3/2_0" slope="0.00"/>
        <vehicle id="11" x="452.88" y="401.65" angle="-90.00" type="DEFAULT_VEHTYPE" speed="13.16" pos="142.37" lane="3/2to2/2_0" slope="0.00"/>
        <vehicle id="12" x="315.92" y="401.65" angle="-90.00" type="DEFAULT_VEHTYPE" speed="13.17" pos="79.33" lane="2/2to1/2_0" slope="0.00"/>
        <vehicle id="15" x="609.90" y="601.65" angle="-90.00" type="DEFAULT_VEHTYPE" speed="2.22" pos="190.10" lane="4/3to3/3_0" slope="0.00"/>
        <vehicle id="19" x="401.65" y="609.87" angle="180.00" type="DEFAULT_VEHTYPE" speed="8.51" pos="5.12" lane="2/3to2/4_0" slope="0.00"/>
        <vehicle id="2" x="601.65" y="224.97" angle="180.00" type="DEFAULT_VEHTYPE" speed="10.66" pos="20.22" lane="3/1to3/2_0" slope="0.00"/>
        <vehicle id="20" x="562.32" y="198.35" angle="90.00" type="DEFAULT_VEHTYPE" speed="12.88" pos="157.57" lane="2/1to3/1_0" slope="0.00"/>
        <vehicle id="23" x="283.10" y="201.65" angle="-90.00" type="DEFAULT_VEHTYPE" speed="13.11" pos="112.15" lane="2/1to1/1_0" slope="0.00"/>
        <vehicle id="24" x="201.65" y="307.81" angle="180.00" type="DEFAULT_VEHTYPE" speed="13.82" pos="103.06" lane="1/1to1/2_0" slope="0.00"/>
        <vehicle id="4" x="401.65" y="673.36" angle="180.00" type="DEFAULT_VEHTYPE" speed="13.82" pos="68.61" lane="2/3to2/4_0" slope="0.00"/>
        <vehicle id="5" x="398.35" y="464.61" angle="0.00" type="DEFAULT_VEHTYPE" speed="13.40" pos="130.64" lane="2/3to2/2_0" slope="0.00"/>
        <vehicle id="6" x="239.24" y="598.35" angle="90.00" type="DEFAULT_VEHTYPE" speed="12.73" pos="34.49" lane="1/3to2/3_0" slope="0.00"/>
        <vehicle id="7" x="401.65" y="194.51" angle="180.00" type="DEFAULT_VEHTYPE" speed="13.51" pos="194.51" lane="2/0to2/1_0" slope="0.00"/>
        <vehicle id="8" x="139.95" y="201.65" angle="-90.00" type="DEFAULT_VEHTYPE" speed="12.77" pos="55.30" lane="1/1to0/1_0" slope="0.00"/>
    </timestep>
    <timestep time="759.00">
        <vehicle id="0" x="398.35" y="536.65" angle="0.00" type="DEFAULT_VEHTYPE" speed="13.84" pos="58.60" lane="2/3to2/2_0" slope="0.00"/>
        <vehicle id="10" x="601.65" y="267.59" angle="180.00" type="DEFAULT_VEHTYPE" speed="13.11" pos="62.84" lane="3/1to3/2_0" slope="0.00"/>
        <vehicle id="11" x="439.08" y="401.65" angle="-90.00" type="DEFAULT_VEHTYPE" speed="13.80" pos="156.17" lane="3/2to2/2_0" slope="0.00"/>
        <vehicle id="12" x="302.85" y="401.65" angle="-90.00" type="DEFAULT_VEHTYPE" speed="13.07" pos="92.40" lane="2/2to1/2_0" slope="0.00"/>
        <vehicle id="15" x="605.78" y="601.65" angle="-90.00" type="DEFAULT_VEHTYPE" speed="4.13" pos="194.22" lane="4/3to3/3_0" slope="0.00"/>
        <vehicle id="19" x="401.65" y="620.61" angle="180.00" type="DEFAULT_VEHTYPE" speed="10.74" pos="15.86" lane="2/3to2/4_0" slope="0.00"/>
        <vehicle id="2" x="601.65" y="237.32" angle="180.00" type="DEFAULT_VEHTYPE" speed="12.34" pos="32.57" lane="3/1to3/2_0" slope="0.00"/>
        <vehicle id="20" x="573.93" y="198.35" angle="90.00" type="DEFAULT_VEHTYPE" speed="11.61" pos="169.18" lane="2/1to3/1_0" slope="0.00"/>
        <vehicle id="23" x="270.11" y="201.65" angle="-90.00" type="DEFAULT_VEHTYPE" speed="13.00" pos="125.14" lane="2/1to1/1_0" slope="0.00"/>
        <vehicle id="24" x="201.65" y="321.36" angle="180.00" type="DEFAULT_VEHTYPE" speed="13.55" pos="116.61" lane="1/1to1/2_0" slope="0.00"/>
        <vehicle id="4" x="401.65" y="686.31" angle="180.00" type="DEFAULT_VEHTYPE" speed="12.95" pos="81.56" lane="2/3to2/4_0" slope="0.00"/>
        <vehicle id="5" x="398.35" y="451.13" angle="0.00" type="DEFAULT_VEHTYPE" speed="13.48" pos="144.12" lane="2/3to2/2_0" slope="0.00"/>
        <vehicle id="6" x="251.91" y="598.35" angle="90.00" type="DEFAULT_VEHTYPE" speed="12.67" pos="47.16" lane="1/3to2/3_0" slope="0.00"/>
        <vehicle id="7" x="412.63" y="198.35" angle="90.00" type="DEFAULT_VEHTYPE" speed="13.62" pos="7.88" lane="2/1to3/1_0" slope="0.00"/>
        <vehicle id="8" x="126.60" y="201.65" angle="-90.00" type="DEFAULT_VEHTYPE" speed="13.35" pos="68.65" lane="1/1to0/1_0" slope="0.00"/>
    </timestep>
    <timestep time="760.00">
        <vehicle id="0" x="398.35" y="522.93" angle="0.00" type="DEFAULT_VEHTYPE" speed="13.72" pos="72.32" lane="2/3to2/2_0" slope="0.00"/>
        <vehicle id="10" x="601.65" y="280.98" angle="180.00" type="DEFAULT_VEHTYPE" speed="13.39" pos="76.23" lane="3/1to3/2_0" slope="0.00"/>
        <vehicle id="11" x="426.19" y="401.65" angle="-90.00" type="DEFAULT_VEHTYPE" speed="12.89" pos="169.06" lane="3/2to2/2_0" slope="0.00"/>
        <vehicle id="12" x="289.79" y="401.65" angle="-90.00" type="DEFAULT_VEHTYPE" speed="13.06" pos="105.46" lane="2/2to1/2_0" slope="0.00"/>
        <vehicle id="15" x="599.71" y="599.65" angle="-66.57" type="DEFAULT_VEHTYPE" speed="6.66" pos="5.63" lane=":3/3_6_0" slope="0.00"/>
        <vehicle id="19" x="401.65" y="633.07" angle="180.00" type="DEFAULT_VEHTYPE" speed="12.46" pos="28.32" lane="2/3to2/4_0" slope="0.00"/>
        <vehicle id="2" x="601.65" y="250.27" angle="180.00" type="DEFAULT_VEHTYPE" speed="12.96" pos="45.52" lane="3/1to3/2_0" slope="0.00"/>
        <vehicle id="20" x="582.17" y="198.35" angle="90.00" type="DEFAULT_VEHTYPE" speed="8.24" pos="177.42" lane="2/1to3/1_0" slope="0.00"/>
        <vehicle id="23" x="256.26" y="201.65" angle="-90.00" type="DEFAULT_VEHTYPE" speed="13.84" pos="138.99" lane="2/1to1/1_0" slope="0.00"/>
        <vehicle id="24" x="201.65" y="334.86" angle="180.00" type="DEFAULT_VEHTYPE" speed="13.50" pos="130.11" lane="1/1to1/2_0" slope="0.00"/>
        <vehicle id="4" x="401.65" y="699.31" angle="180.00" type="DEFAULT_VEHTYPE" speed="12.99" pos="94.56" lane="2/3to2/4_0" slope="0.00"/>
        <vehicle id="5" x="398.35" y="437.51" angle="0.00" type="DEFAULT_VEHTYPE" speed="13.62" pos="157.74" lane="2/3to2/2_0" slope="0.00"/>
        <vehicle id="6" x="265.00" y="598.35" angle="90.00" type="DEFAULT_VEHTYPE" speed="13.08" pos="60.25" lane="1/3to2/3_0" slope="0.00"/>
        <vehicle id="7" x="426.13" y="198.35" angle="90.00" type="DEFAULT_VEHTYPE" speed="13.50" pos="21.38" lane="2/1to3/1_0" slope="0.00"/>
        <vehicle id="8" x="112.72" y="201.65" angle="-90.00" type="DEFAULT_VEHTYPE" speed="13.88" pos="82.53" lane="1/1to0/1_0" slope="0.00"/>
    </timestep>
    <timestep time="761.00">
        <vehicle id="0" x="398.35" y="509.48" angle="0.00" type="DEFAULT_VEHTYPE" speed="13.45" pos="85.77" lane="2/3to2/2_0" slope="0.00"/>
        <vehicle id="10" x="601.65" y="294.72" angle="180.00" type="DEFAULT_VEHTYPE" speed="13.74" pos="89.97" lane="3/1to3/2_0" slope="0.00"/>
        <vehicle id="11" x="417.80" y="401.65" angle="-90.00" type="DEFAULT_VEHTYPE" speed="8.39" pos="177.45" lane="3/2to2/2_0" slope="0.00"/>
        <vehicle id="12" x="276.80" y="401.65" angle="-90.00" type="DEFAULT_VEHTYPE" speed="12.99" pos="118.45" lane="2/2to1/2_0" slope="0.00"/>
        <vehicle id="15" x="598.35" y="590.76" angle="-0.83" type="DEFAULT_VEHTYPE" speed="9.18" pos="4.49" lane="3/3to3/2_0" slope="0.00"/>
        <vehicle id="19" x="401.65" y="646.28" angle="180.00" type="DEFAULT_VEHTYPE" speed="13.22" pos="41.53" lane="2/3to2/4_0" slope="0.00"/>
        <vehicle id="2" x="601.65" y="264.14" angle="180.00" type="DEFAULT_VEHTYPE" speed="13.87" pos="59.39" lane="3/1to3/2_0" slope="0.00"/>
        <vehicle id="20" x="587.70" y="198.35" angle="90.00" type="DEFAULT_VEHTYPE" speed="5.52" pos="182.95" lane="2/1to3/1_0" slope="0.00"/>
        <vehicle id="23" x="242.53" y="201.65" angle="-90.00" type="DEFAULT_VEHTYPE" speed="13.74" pos="152.72" lane="2/1to1/1_0" slope="0.00"/>
        <vehicle id="24" x="201.65" y="347.63" angle="180.00" type="DEFAULT_VEHTYPE" speed="12.78" pos="142.88" lane="1/1to1/2_0" slope="0.00"/>
        <vehicle id="4" x="401.65" y="713.16" angle="180.00" type="DEFAULT_VEHTYPE" speed="13.86" pos="108.41" lane="2/3to2/4_0" slope="0.00"/>
        <vehicle id="5" x="398.35" y="424.13" angle="0.00" type="DEFAULT_VEHTYPE" speed="13.38" pos="171.12" lane="2/3to2/2_0" slope="0.00"/>
        <vehicle id="6" x="277.83" y="598.35" angle="90.00" type="DEFAULT_VEHTYPE" speed="12.84" pos="73.08" lane="1/3to2/3_0" slope="0.00"/>
        <vehicle id="7" x="439.53" y="198.35" angle="90.00" type="DEFAULT_VEHTYPE" speed="13.41" pos="34.78" lane="2/1to3/1_0" slope="0.00"/>
        <vehicle id="8" x="99.25" y="201.65" angle="-90.00" type="DEFAULT_VEHTYPE" speed="13.47" pos="96.00" lane="1/1to0/1_0" slope="0.00"/>
    </timestep>
    <timestep time="762.00">
        <vehicle id="0" x="398.35" y="495.74" angle="0.00" type="DEFAULT_VEHTYPE" speed="13.74" pos="99.51" lane="2/3to2/2_0" slope="0.00"/>
        <vehicle id="10" x="601.65" y="307.34" angle="180.00" type="DEFAULT_VEHTYPE" speed="12.62" pos="102.59" lane="3/1to3/2_0" slope="0.00"/>
        <vehicle id="11" x="412.60" y="401.65" angle="-90.00" type="DEFAULT_VEHTYPE" speed="5.20" pos="182.65" lane="3/2to2/2_0" slope="0.00"/>
        <vehicle id="12" x="263.74" y="401.65" angle="-90.00" type="DEFAULT_VEHTYPE" speed="13.06" pos="131.51" lane="2/2to1/2_0" slope="0.00"/>
        <vehicle id="15" x="598.35" y="579.89" angle="0.00" type="DEFAULT_VEHTYPE" speed="10.87" pos="15.36" lane="3/3to3/2_0" slope="0.00"/>
        <vehicle id="19" x="401.65" y="659.78" angle="180.00" type="DEFAULT_VEHTYPE" speed="13.50" pos="55.03" lane="2/3to2/4_0" slope="0.00"/>
        <vehicle id="2" x="601.65" y="276.89" angle="180.00" type="DEFAULT_VEHTYPE" speed="12.75" pos="72.14" lane="3/1to3/2_0" slope="0.00"/>
        <vehicle id="20" x="590.59" y="198.35" angle="90.00" type="DEFAULT_VEHTYPE" speed="2.89" pos="185.84" lane="2/1to3/1_0" slope="0.00"/>
        <vehicle id="23" x="229.67" y="201.65" angle="-90.00" type="DEFAULT_VEHTYPE" speed="12.86" pos="165.58" lane="2/1to1/1_0" slope="0.00"/>
        <vehicle id="24" x="201.65" y="360.61" angle="180.00" type="DEFAULT_VEHTYPE" speed="12.98" pos="155.86" lane="1/1to1/2_0" slope="0.00"/>
        <vehicle id="4" x="401.65" y="726.74" angle="180.00" type="DEFAULT_VEHTYPE" speed="13.58" pos="121.99" lane="2/3to2/4_0" slope="0.00"/>
        <vehicle id="5" x="398.35" y="410.81" angle="0.00" type="DEFAULT_VEHTYPE" speed="13.32" pos="184.44" lane="2/3to2/2_0" slope="0.00"/>
        <vehicle id="6" x="291.52" y="598.35" angle="90.00" type="DEFAULT_VEHTYPE" speed="13.69" pos="86.77" lane="1/3to2/3_0" slope="0.00"/>
        <vehicle id="7" x="453.00" y="198.35" angle="90.00" type="DEFAULT_VEHTYPE" speed="13.47" pos="48.25" lane="2/1to3/1_0" slope="0.00"/>
        <vehicle id="8" x="85.66" y="201.65" angle="-90.00" type="DEFAULT_VEHTYPE" speed="13.60" pos="109.59" lane="1/1to0/1_0" slope="0.00"/>
    </timestep>
    <timestep time="763.00">
        <vehicle id="0" x="398.35" y="482.60" angle="0.00" type="DEFAULT_VEHTYPE" speed="13.14" pos="112.65" lane="2/3to2/2_0" slope="0.00"/>
        <vehicle id="10" x="601.65" y="320.33" angle="180.00" type="DEFAULT_VEHTYPE" speed="12.99" pos="115.58" lane="3/1to3/2_0" slope="0.00"/>
        <vehicle id="11" x="408.88" y="401.65" angle="-90.00" type="DEFAULT_VEHTYPE" speed="3.72" pos="186.37" lane="3/2to2/2_0" slope="0.00"/>
        <vehicle id="12" x="250.29" y="401.65" angle="-90.00" type="DEFAULT_VEHTYPE" speed="13.45" pos="144.96" lane="2/2to1/2_0" slope="0.00"/>
        <vehicle id="15" x="598.35" y="566.87" angle="0.00" type="DEFAULT_VEHTYPE" speed="13.02" pos="28.38" lane="3/3to3/2_0" slope="0.00"/>
        <vehicle id="19" x="401.65" y="673.00" angle="180.00" type="DEFAULT_VEHTYPE" speed="13.22" pos="68.25" lane="2/3to2/4_0" slope="0.00"/>
        <vehicle id="2" x="601.65" y="290.78" angle="180.00" type="DEFAULT_VEHTYPE" speed="13.89" pos="86.03" lane="3/1to3/2_0" slope="0.00"/>
        <vehicle id="20" x="595.67" y="198.35" angle="90.00" type="DEFAULT_VEHTYPE" speed="5.08" pos="0.42" lane=":3/1_13_0" slope="0.00"/>
        <vehicle id="23" x="219.48" y="201.65" angle="-90.00" type="DEFAULT_VEHTYPE" speed="10.18" pos="175.77" lane="2/1to1/1_0" slope="0.00"/>
        <vehicle id="24" x="201.65" y="374.29" angle="180.00" type="DEFAULT_VEHTYPE" speed="13.68" pos="169.54" lane="1/1to1/2_0" slope="0.00"/>
        <vehicle id="4" x="401.65" y="740.09" angle="180.00" type="DEFAULT_VEHTYPE" speed="13.35" pos="135.34" lane="2/3to2/4_0" slope="0.00"/>
        <vehicle id="5" x="398.35" y="397.60" angle="0.00" type="DEFAULT_VEHTYPE" speed="13.20" pos="7.15" lane=":2/2_1_0" slope="0.00"/>
        <vehicle id="6" x="304.84" y="598.35" angle="90.00" type="DEFAULT_VEHTYPE" speed="13.32" pos="100.09" lane="1/3to2/3_0" slope="0.00"/>
        <vehicle id="7" x="465.88" y="198.35" angle="90.00" type="DEFAULT_VEHTYPE" speed="12.88" pos="61.13" lane="2/1to3/1_0" slope="0.00"/>
        <vehicle id="8" x="72.73" y="201.65" angle="-90.00" type="DEFAULT_VEHTYPE" speed="12.93" pos="122.52" lane="1/1to0/1_0" slope="0.00"/>
    </timestep>
    <timestep time="764.00">
        <vehicle id="0" x="398.35" y="469.24" angle="0.00" type="DEFAULT_VEHTYPE" speed="13.36" pos="126.01" lane="2/3to2/2_0" slope="0.00"/>
        <vehicle id="10" x="601.65" y="332.98" angle="180.00" type="DEFAULT_VEHTYPE" speed="12.65" pos="128.23" lane="3/1to3/2_0" slope="0.00"/>
        <vehicle id="11" x="403.54" y="401.48" angle="-88.01" type="DEFAULT_VEHTYPE" speed="5.35" pos="1.23" lane=":2/2_6_0" slope="0.00"/>
        <vehicle id="12" x="237.68" y="401.65" angle="-90.00" type="DEFAULT_VEHTYPE" speed="12.60" pos="157.57" lane="2/2to1/2_0" slope="0.00"/>
        <vehicle id="15" x="598.35" y="553.59" angle="0.00" type="DEFAULT_VEHTYPE" speed="13.28" pos="41.66" lane="3/3to3/2_0" slope="0.00"/>
        <vehicle id="19" x="401.65" y="686.38" angle="180.00" type="DEFAULT_VEHTYPE" speed="13.38" pos="81.63" lane="2/3to2/4_0" slope="0.00"/>
        <vehicle id="2" x="601.65" y="304.35" angle="180.00" type="DEFAULT_VEHTYPE" speed="13.57" pos="99.60" lane="3/1to3/2_0" slope="0.00"/>
        <vehicle id="20" x="603.09" y="198.35" angle="90.00" type="DEFAULT_VEHTYPE" speed="7.43" pos="7.84" lane=":3/1_13_0" slope="0.00"/>
        <vehicle id="23" x="213.02" y="201.65" angle="-90.00" type="DEFAULT_VEHTYPE" speed="6.46" pos="182.23" lane="2/1to1/1_0" slope="0.00"/>
        <vehicle id="24" x="201.65" y="387.58" angle="180.00" type="DEFAULT_VEHTYPE" speed="13.29" pos="182.83" lane="1/1to1/2_0" slope="0.00"/>
        <vehicle id="4" x="401.65" y="753.97" angle="180.00" type="DEFAULT_VEHTYPE" speed="13.88" pos="149.22" lane="2/3to2/4_0" slope="0.00"/>
        <vehicle id="5" x="398.35" y="384.50" angle="0.00" type="DEFAULT_VEHTYPE" speed="13.10" pos="10.75" lane="2/2to2/1_0" slope="0.00"/>
        <vehicle id="6" x="317.62" y="598.35" angle="90.00" type="DEFAULT_VEHTYPE" speed="12.78" pos="112.87" lane="1/3to2/3_0" slope="0.00"/>
        <vehicle id="7" x="479.60" y="198.35" angle="90.00" type="DEFAULT_VEHTYPE" speed="13.71" pos="74.85" lane="2/1to3/1_0" slope="0.00"/>
        <vehicle id="8" x="60.07" y="201.65" angle="-90.00" type="DEFAULT_VEHTYPE" speed="12.66" pos="135.18" lane="1/1to0/1_0" slope="0.00"/>
    </timestep>
    <timestep time="765.00">
        <vehicle id="0" x="398.35" y="455.81" angle="0.00" type="DEFAULT_VEHTYPE" speed="13.42" pos="139.44" lane="2/3to2/2_0" slope="0.00"/>
        <vehicle id="10" x="601.65" y="346.45" angle="180.00" type="DEFAULT_VEHTYPE" speed="13.47" pos="141.70" lane="3/1to3/2_0" slope="0.00"/>
        <vehicle id="11" x="398.54" y="396.56" angle="-30.52" type="DEFAULT_VEHTYPE" speed="7.77" pos="9.00" lane=":2/2_6_0" slope="0.00"/>
        <vehicle id="12" x="225.50" y="401.65" angle="-90.00" type="DEFAULT_VEHTYPE" speed="12.18" pos="169.75" lane="2/2to1/2_0" slope="0.00"/>
        <vehicle id="15" x="598.35" y="540.70" angle="0.00" type="DEFAULT_VEHTYPE" speed="12.89" pos="54.55" lane="3/3to3/2_0" slope="0.00"/>
        <vehicle id="19" x="401.65" y="699.77" angle="180.00" type="DEFAULT_VEHTYPE" speed="13.39" pos="95.02" lane="2/3to2/4_0" slope="0.00"/>
        <vehicle id="2" x="601.65" y="317.50" angle="180.00" type="DEFAULT_VEHTYPE" speed="13.15" pos="112.75" lane="3/1to3/2_0" slope="0.00"/>
        <vehicle id="20" x="613.05" y="198.35" angle="90.00" type="DEFAULT_VEHTYPE" speed="9.96" pos="8.30" lane="3/1to4/1_0" slope="0.00"/>
        <vehicle id="23" x="210.06" y="201.65" angle="-90.00" type="DEFAULT_VEHTYPE" speed="2.96" pos="185.19" lane="2/1to1/1_0" slope="0.00"/>
        <vehicle id="24" x="201.65" y="400.19" angle="180.00" type="DEFAULT_VEHTYPE" speed="12.62" pos="4.94" lane=":1/2_9_0" slope="0.00"/>
        <vehicle id="4" x="401.65" y="767.22" angle="180.00" type="DEFAULT_VEHTYPE" speed="13.25" pos="162.47" lane="2/3to2/4_0" slope="0.00"/>
        <vehicle id="5" x="398.35" y="371.81" angle="0.00" type="DEFAULT_VEHTYPE" speed="12.69" pos="23.44" lane="2/2to2/1_0" slope="0.00"/>
        <vehicle id="6" x="330.70" y="598.35" angle="90.00" type="DEFAULT_VEHTYPE" speed="13.09" pos="125.95" lane="1/3to2/3_0" slope="0.00"/>
        <vehicle id="7" x="492.82" y="198.35" angle="90.00" type="DEFAULT_VEHTYPE" speed="13.23" pos="88.07" lane="2/1to3/1_0" slope="0.00"/>
        <vehicle id="8" x="46.53" y="201.65" angle="-90.00" type="DEFAULT_VEHTYPE" speed="13.54" pos="148.72" lane="1/1to0/1_0" slope="0.00"/>
    </timestep>
    <timestep time="766.00">
        <vehicle id="0" x="398.35" y="443.17" angle="0.00" type="DEFAULT_VEHTYPE" speed="12.64" pos="152.08" lane="2/3to2/2_0" slope="0.00"/>
        <vehicle id="10" x="601.65" y="359.68" angle="180.00" type="DEFAULT_VEHTYPE" speed="13.23" pos="154.93" lane="3/1to3/2_0" slope="0.00"/>
        <vehicle id="11" x="398.35" y="387.05" angle="0.00" type="DEFAULT_VEHTYPE" speed="9.52" pos="8.20" lane="2/2to2/1_0" slope="0.00"/>
        <vehicle id="12" x="217.62" y="401.65" angle="-90.00" type="DEFAULT_VEHTYPE" speed="7.89" pos="177.63" lane="2/2to1/2_0" slope="0.00"/>
        <vehicle id="15" x="598.35" y="527.28" angle="0.00" type="DEFAULT_VEHTYPE" speed="13.42" pos="67.97" lane="3/3to3/2_0" slope="0.00"/>
        <vehicle id="19" x="401.65" y="712.63" angle="180.00" type="DEFAULT_VEHTYPE" speed="12.86" pos="107.88" lane="2/3to2/4_0" slope="0.00"/>
        <vehicle id="2" x="601.65" y="331.20" angle="180.00" type="DEFAULT_VEHTYPE" speed="13.70" pos="126.45" lane="3/1to3/2_0" slope="0.00"/>
        <vehicle id="20" x="624.31" y="198.35" angle="90.00" type="DEFAULT_VEHTYPE" speed="11.26" pos="19.56" lane="3/1to4/1_0" slope="0.00"/>
        <vehicle id="23" x="205.35" y="201.65" angle="-90.00" type="DEFAULT_VEHTYPE" speed="4.71" pos="189.90" lane="2/1to1/1_0" slope="0.00"/>
        <vehicle id="24" x="201.65" y="413.37" angle="180.00" type="DEFAULT_VEHTYPE" speed="13.18" pos="8.62" lane="1/2to1/3_0" slope="0.00"/>
        <vehicle id="4" x="401.65" y="780.69" angle="180.00" type="DEFAULT_VEHTYPE" speed="13.47" pos="175.94" lane="2/3to2/4_0" slope="0.00"/>
        <vehicle id="5" x="398.35" y="359.05" angle="0.00" type="DEFAULT_VEHTYPE" speed="12.76" pos="36.20" lane="2/2to2/1_0" slope="0.00"/>
        <vehicle id="6" x="343.96" y="598.35" angle="90.00" type="DEFAULT_VEHTYPE" speed="13.26" pos="139.21" lane="1/3to2/3_0" slope="0.00"/>
        <vehicle id="7" x="505.51" y="198.35" angle="90.00" type="DEFAULT_VEHTYPE" speed="12.68" pos="100.76" lane="2/1to3/1_0" slope="0.00"/>
        <vehicle id="8" x="33.48" y="201.65" angle="-90.00" type="DEFAULT_VEHTYPE" speed="13.05" pos="161.77" lane="1/1to0/1_0" slope="0.00"/>
    </timestep>
    <timestep time="767.00">
        <vehicle id="0" x="398.35" y="429.93" angle="0.00" type="DEFAULT_VEHTYPE" speed="13.25" pos="165.32" lane="2/3to2/2_0" slope="0.00"/>
        <vehicle id="10" x="601.65" y="372.61" angle="180.00" type="DEFAULT_VEHTYPE" speed="12.93" pos="167.86" lane="3/1to3/2_0" slope="0.00"/>
        <vehicle id="11" x="398.35" y="375.21" angle="0.00" type="DEFAULT_VEHTYPE" speed="11.84" pos="20.04" lane="2/2to2/1_0" slope="0.00"/>
        <vehicle id="12" x="212.54" y="401.65" angle="-90.00" type="DEFAULT_VEHTYPE" speed="5.08" pos="182.71" lane="2/2to1/2_0" slope="0.00"/>
        <vehicle id="15" x="598.35" y="513.86" angle="0.00" type="DEFAULT_VEHTYPE" speed="13.42" pos="81.39" lane="3/3to3/2_0" slope="0.00"/>
        <vehicle id="19" x="401.65" y="725.47" angle="180.00" type="DEFAULT_VEHTYPE" speed="12.84" pos="120.72" lane="2/3to2/4_0" slope="0.00"/>
        <vehicle id="2" x="601.65" y="343.87" angle="180.00" type="DEFAULT_VEHTYPE" speed="12.66" pos="139.12" lane="3/1to3/2_0" slope="0.00"/>
        <vehicle id="20" x="637.81" y="198.35" angle="90.00" type="DEFAULT_VEHTYPE" speed="13.50" pos="33.06" lane="3/1to4/1_0" slope="0.00"/>
        <vehicle id="23" x="201.65" y="205.56" angle="-148.88" type="DEFAULT_VEHTYPE" speed="6.41" pos="0.81" lane="1/1to1/2_0" slope="0.00"/>
        <vehicle id="24" x="201.65" y="427.03" angle="180.00" type="DEFAULT_VEHTYPE" speed="13.66" pos="22.28" lane="1/2to1/3_0" slope="0.00"/>
        <vehicle id="4" x="401.65" y="793.68" angle="180.00" type="DEFAULT_VEHTYPE" speed="13.00" pos="188.93" lane="2/3to2/4_0" slope="0.00"/>
        <vehicle id="5" x="398.35" y="345.47" angle="0.00" type="DEFAULT_VEHTYPE" speed="13.58" pos="49.78" lane="2/2to2/1_0" slope="0.00"/>
        <vehicle id="6" x="357.63" y="598.35" angle="90.00" type="DEFAULT_VEHTYPE" speed="13.67" pos="152.88" lane="1/3to2/3_0" slope="0.00"/>
        <vehicle id="7" x="518.76" y="198.35" angle="90.00" type="DEFAULT_VEHTYPE" speed="13.26" pos="114.01" lane="2/1to3/1_0" slope="0.00"/>
        <vehicle id="8" x="20.55" y="201.65" angle="-90.00" type="DEFAULT_VEHTYPE" speed="12.93" pos="174.70" lane="1/1to0/1_0" slope="0.00"/>
    </timestep>
    <timestep time="768.00">
        <vehicle id="0" x="398.35" y="416.46" angle="0.00" type="DEFAULT_VEHTYPE" speed="13.47" pos="178.79" lane="2/3to2/2_0" slope="0.00"/>
        <vehicle id="10" x="601.65" y="382.05" angle="180.00" type="DEFAULT_VEHTYPE" speed="9.44" pos="177.30" lane="3/1to3/2_0" slope="0.00"/>
        <vehicle id="11" x="398.35" y="361.98" angle="0.00" type="DEFAULT_VEHTYPE" speed="13.23" pos="33.27" lane="2/2to2/1_0" slope="0.00"/>
        <vehicle id="12" x="209.50" y="401.65" angle="-90.00" type="DEFAULT_VEHTYPE" speed="3.03" pos="185.75" lane="2/2to1/2_0" slope="0.00"/>
        <vehicle id="15" x="598.35" y="500.48" angle="0.00" type="DEFAULT_VEHTYPE" speed="13.39" pos="94.77" lane="3/3to3/2_0" slope="0.00"/>
        <vehicle id="19" x="401.65" y="738.28" angle="180.00" type="DEFAULT_VEHTYPE" speed="12.80" pos="133.53" lane="2/3to2/4_0" slope="0.00"/>
        <vehicle id="2" x="601.65" y="357.09" angle="180.00" type="DEFAULT_VEHTYPE" speed="13.23" pos="152.34" lane="3/1to3/2_0" slope="0.00"/>
        <vehicle id="20" x="650.42" y="198.35" angle="90.00" type="DEFAULT_VEHTYPE" speed="12.61" pos="45.67" lane="3/1to4/1_0" slope="0.00"/>
        <vehicle id="23" x="201.65" y="214.53" angle="180.00" type="DEFAULT_VEHTYPE" speed="8.96" pos="9.78" lane="1/1to1/2_0" slope="0.00"/>
        <vehicle id="24" x="201.65" y="440.32" angle="180.00" type="DEFAULT_VEHTYPE" speed="13.29" pos="35.57" lane="1/2to1/3_0" slope="0.00"/>
        <vehicle id="4" x="398.35" y="797.85" angle="-29.56" type="DEFAULT_VEHTYPE" speed="13.29" pos="2.15" lane="2/4to2/3_0" slope="0.00"/>
        <vehicle id="5" x="398.35" y="332.15" angle="0.00" type="DEFAULT_VEHTYPE" speed="13.32" pos="63.10" lane="2/2to2/1_0" slope="0.00"/>
        <vehicle id="6" x="371.13" y="598.35" angle="90.00" type="DEFAULT_VEHTYPE" speed="13.50" pos="166.38" lane="1/3to2/3_0" slope="0.00"/>
        <vehicle id="7" x="532.51" y="198.35" angle="90.00" type="DEFAULT_VEHTYPE" speed="13.75" pos="127.76" lane="2/1to3/1_0" slope="0.00"/>
        <vehicle id="8" x="7.04" y="201.65" angle="-90.00" type="DEFAULT_VEHTYPE" speed="13.51" pos="188.21" lane="1/1to0/1_0" slope="0.00"/>
    </timestep>
    <timestep time="769.00">
        <vehicle id="0" x="398.35" y="402.57" angle="0.00" type="DEFAULT_VEHTYPE" speed="13.88" pos="2.18" lane=":2/2_1_0" slope="0.00"/>
        <vehicle id="10" x="601.65" y="387.12" angle="180.00" type="DEFAULT_VEHTYPE" speed="5.07" pos="182.37" lane="3/1to3/2_0" slope="0.00"/>
        <vehicle id="11" x="398.35" y="348.20" angle="0.00" type="DEFAULT_VEHTYPE" speed="13.78" pos="47.05" lane="2/2to2/1_0" slope="0.00"/>
        <vehicle id="12" x="204.49" y="401.65" angle="-90.00" type="DEFAULT_VEHTYPE" speed="5.01" pos="0.26" lane=":1/2_5_0" slope="0.00"/>
        <vehicle id="15" x="598.35" y="487.80" angle="0.00" type="DEFAULT_VEHTYPE" speed="12.68" pos="107.45" lane="3/3to3/2_0" slope="0.00"/>
        <vehicle id="19" x="401.65" y="750.89" angle="180.00" type="DEFAULT_VEHTYPE" speed="12.62" pos="146.14" lane="2/3to2/4_0" slope="0.00"/>
        <vehicle id="2" x="601.65" y="368.84" angle="180.00" type="DEFAULT_VEHTYPE" speed="11.74" pos="164.09" lane="3/1to3/2_0" slope="0.00"/>
        <vehicle id="20" x="663.18" y="198.35" angle="90.00" type="DEFAULT_VEHTYPE" speed="12.76" pos="58.43" lane="3/1to4/1_0" slope="0.00"/>
        <vehicle id="23" x="201.65" y="225.82" angle="180.00" type="DEFAULT_VEHTYPE" speed="11.29" pos="21.07" lane="1/1to1/2_0" slope="0.00"/>
        <vehicle id="24" x="201.65" y="453.26" angle="180.00" type="DEFAULT_VEHTYPE" speed="12.95" pos="48.51" lane="1/2to1/3_0" slope="0.00"/>
        <vehicle id="4" x="398.35" y="784.10" angle="0.00" type="DEFAULT_VEHTYPE" speed="13.75" pos="15.90" lane="2/4to2/3_0" slope="0.00"/>
        <vehicle id="5" x="398.35" y="319.16" angle="0.00" type="DEFAULT_VEHTYPE" speed="12.99" pos="76.09" lane="2/2to2/1_0" slope="0.00"/>
        <vehicle id="6" x="380.24" y="598.35" angle="90.00" type="DEFAULT_VEHTYPE" speed="9.11" pos="175.49" lane="1/3to2/3_0" slope="0.00"/>
        <vehicle id="7" x="545.78" y="198.35" angle="90.00" type="DEFAULT_VEHTYPE" speed="13.27" pos="141.03" lane="2/1to3/1_0" slope="0.00"/>
        <vehicle id="8" x="0.81" y="198.35" angle="24.49" type="DEFAULT_VEHTYPE" speed="12.68" pos="0.81" lane="0/1to1/1_0" slope="0.00"/>
    </timestep>
    <timestep time="770.00">
        <vehicle id="0" x="398.35" y="389.27" angle="0.00" type="DEFAULT_VEHTYPE" speed="13.30" pos="5.98" lane="2/2to2/1_0" slope="0.00"/>
        <vehicle id="10" x="601.65" y="390.19" angle="180.00" type="DEFAULT_VEHTYPE" speed="3.07" pos="185.44" lane="3/1to3/2_0" slope="0.00"/>
        <vehicle id="11" x="398.35" y="334.79" angle="0.00" type="DEFAULT_VEHTYPE" speed="13.41" pos="60.46" lane="2/2to2/1_0" slope="0.00"/>
        <vehicle id="12" x="197.39" y="401.65" angle="-90.00" type="DEFAULT_VEHTYPE" speed="7.10" pos="7.36" lane=":1/2_5_0" slope="0.00"/>
        <vehicle id="15" x="598.35" y="475.11" angle="0.00" type="DEFAULT_VEHTYPE" speed="12.69" pos="120.14" lane="3/3to3/2_0" slope="0.00"/>
        <vehicle id="19" x="401.65" y="764.74" angle="180.00" type="DEFAULT_VEHTYPE" speed="13.85" pos="159.99" lane="2/3to2/4_0" slope="0.00"/>
        <vehicle id="2" x="601.65" y="376.51" angle="180.00" type="DEFAULT_VEHTYPE" speed="7.67" pos="171.76" lane="3/1to3/2_0" slope="0.00"/>
        <vehicle id="20" x="676.47" y="198.35" angle="90.00" type="DEFAULT_VEHTYPE" speed="13.30" pos="71.72" lane="3/1to4/1_0" slope="0.00"/>
        <vehicle id="23" x="201.65" y="238.89" angle="180.00" type="DEFAULT_VEHTYPE" speed="13.07" pos="34.14" lane="1/1to1/2_0" slope="0.00"/>
        <vehicle id="24" x="201.65" y="466.97" angle="180.00" type="DEFAULT_VEHTYPE" speed="13.71" pos="62.22" lane="1/2to1/3_0" slope="0.00"/>
        <vehicle id="4" x="398.35" y="771.38" angle="0.00" type="DEFAULT_VEHTYPE" speed="12.73" pos="28.62" lane="2/4to2/3_0" slope="0.00"/>
        <vehicle id="5" x="398.35" y="306.47" angle="0.00" type="DEFAULT_VEHTYPE" speed="12.69" pos="88.78" lane="2/2to2/1_0" slope="0.00"/>
        <vehicle id="6" x="386.65" y="598.35" angle="90.00" type="DEFAULT_VEHTYPE" speed="6.41" pos="181.90" lane="1/3to2/3_0" slope="0.00"/>
        <vehicle id="7" x="558.39" y="198.35" angle="90.00" type="DEFAULT_VEHTYPE" speed="12.61" pos="153.64" lane="2/1to3/1_0" slope="0.00"/>
        <vehicle id="8" x="14.39" y="198.35" angle="90.00" type="DEFAULT_VEHTYPE" speed="13.58" pos="14.39" lane="0/1to1/1_0" slope="0.00"/>
    </timestep>
    <timestep time="771.00">
        <vehicle id="0" x="398.35" y="375.48" angle="0.00" type="DEFAULT_VEHTYPE" speed="13.80" pos="19.77" lane="2/2to2/1_0" slope="0.00"/>
        <vehicle id="10" x="601.57" y="395.78" angle="-179.13" type="DEFAULT_VEHTYPE" speed="5.60" pos="0.54" lane=":3/2_10_0" slope="0.00"/>
        <vehicle id="11" x="398.35" y="321.77" angle="0.00" type="DEFAULT_VEHTYPE" speed="13.01" pos="73.48" lane="2/2to2/1_0" slope="0.00"/>
        <vehicle id="12" x="188.22" y="401.65" angle="-90.00" type="DEFAULT_VEHTYPE" speed="9.17" pos="7.03" lane="1/2to0/2_0" slope="0.00"/>
        <vehicle id="15" x="598.35" y="462.31" angle="0.00" type="DEFAULT_VEHTYPE" speed="12.80" pos="132.94" lane="3/3to3/2_0" slope="0.00"/>
        <vehicle id="19" x="401.65" y="777.47" angle="180.00" type="DEFAULT_VEHTYPE" speed="12.73" pos="172.72" lane="2/3to2/4_0" slope="0.00"/>
        <vehicle id="2" x="601.65" y="380.24" angle="180.00" type="DEFAULT_VEHTYPE" speed="3.73" pos="175.49" lane="3/1to3/2_0" slope="0.00"/>
        <vehicle id="20" x="689.73" y="198.35" angle="90.00" type="DEFAULT_VEHTYPE" speed="13.26" pos="84.98" lane="3/1to4/1_0" slope="0.00"/>
        <vehicle id="23" x="201.65" y="252.72" angle="180.00" type="DEFAULT_VEHTYPE" speed="13.82" pos="47.97" lane="1/1to1/2_0" slope="0.00"/>
        <vehicle id="24" x="201.65" y="480.68" angle="180.00" type="DEFAULT_VEHTYPE" speed="13.70" pos="75.93" lane="1/2to1/3_0" slope="0.00"/>
        <vehicle id="4" x="398.35" y="758.31" angle="0.00" type="DEFAULT_VEHTYPE" speed="13.06" pos="41.69" lane="2/4to2/3_0" slope="0.00"/>
        <vehicle id="5" x="398.35" y="293.54" angle="0.00" type="DEFAULT_VEHTYPE" speed="12.94" pos="101.71" lane="2/2to2/1_0" slope="0.00"/>
        <vehicle id="6" x="390.40" y="598.35" angle="90.00" type="DEFAULT_VEHTYPE" speed="3.75" pos="185.65" lane="1/3to2/3_0" slope="0.00"/>
        <vehicle id="7" x="570.96" y="198.35" angle="90.00" type="DEFAULT_VEHTYPE" speed="12.58" pos="166.21" lane="2/1to3/1_0" slope="0.00"/>
        <vehicle id="8" x="27.81" y="198.35" angle="90.00" type="DEFAULT_VEHTYPE" speed="13.42" pos="27.81" lane="0/1to1/1_0" slope="0.00"/>
    </timestep>
    <timestep time="772.00">
        <vehicle id="0" x="398.35" y="362.03" angle="0.00" type="DEFAULT_VEHTYPE" speed="13.45" pos="33.22" lane="2/2to2/1_0" slope="0.00"/>
        <vehicle id="10" x="598.02" y="401.25" angle="-136.95" type="DEFAULT_VEHTYPE" speed="6.99" pos="0.38" lane=":3/2_18_0" slope="0.00"/>
        <vehicle id="11" x="398.35" y="307.89" angle="0.00" type="DEFAULT_VEHTYPE" speed="13.88" pos="87.36" lane="2/2to2/1_0" slope="0.00"/>
        <vehicle id="12" x="176.56" y="401.65" angle="-90.00" type="DEFAULT_VEHTYPE" speed="11.66" pos="18.69" lane="1/2to0/2_0" slope="0.00"/>
        <vehicle id="15" x="598.35" y="449.05" angle="0.00" type="DEFAULT_VEHTYPE" speed="13.26" pos="146.20" lane="3/3to3/2_0" slope="0.00"/>
        <vehicle id="19" x="401.65" y="790.21" angle="180.00" type="DEFAULT_VEHTYPE" speed="12.74" pos="185.46" lane="2/3to2/4_0" slope="0.00"/>
        <vehicle id="2" x="601.65" y="386.01" angle="180.00" type="DEFAULT_VEHTYPE" speed="5.78" pos="181.26" lane="3/1to3/2_0" slope="0.00"/>
        <vehicle id="20" x="702.48" y="198.35" angle="90.00" type="DEFAULT_VEHTYPE" speed="12.74" pos="97.73" lane="3/1to4/1_0" slope="0.00"/>
        <vehicle id="23" x="201.65" y="266.18" angle="180.00" type="DEFAULT_VEHTYPE" speed="13.46" pos="61.43" lane="1/1to1/2_0" slope="0.00"/>
        <vehicle id="24" x="201.65" y="493.74" angle="180.00" type="DEFAULT_VEHTYPE" speed="13.06" pos="88.99" lane="1/2to1/3_0" slope="0.00"/>
        <vehicle id="4" x="398.35" y="745.00" angle="0.00" type="DEFAULT_VEHTYPE" speed="13.31" pos="55.00" lane="2/4to2/3_0" slope="0.00"/>
        <vehicle id="5" x="398.35" y="280.36" angle="0.00" type="DEFAULT_VEHTYPE" speed="13.17" pos="114.89" lane="2/2to2/1_0" slope="0.00"/>
        <vehicle id="6" x="396.54" y="598.53" angle="92.12" type="DEFAULT_VEHTYPE" speed="6.16" pos="1.31" lane=":2/3_14_0" slope="0.00"/>
        <vehicle id="7" x="580.19" y="198.35" angle="90.00" type="DEFAULT_VEHTYPE" speed="9.23" pos="175.44" lane="2/1to3/1_0" slope="0.00"/>
        <vehicle id="8" x="41.00" y="198.35" angle="90.00" type="DEFAULT_VEHTYPE" speed="13.19" pos="41.00" lane="0/1to1/1_0" slope="0.00"/>
    </timestep>
    <timestep time="773.00">
        <vehicle id="0" x="398.35" y="349.17" angle="0.00" type="DEFAULT_VEHTYPE" speed="12.87" pos="46.08" lane="2/2to2/1_0" slope="0.00"/>
        <vehicle id="10" x="589.63" y="401.65" angle="-90.00" type="DEFAULT_VEHTYPE" speed="8.42" pos="5.62" lane="3/2to2/2_0" slope="0.00"/>
        <vehicle id="11" x="398.35" y="294.94" angle="0.00" type="DEFAULT_VEHTYPE" speed="12.95" pos="100.31" lane="2/2to2/1_0" slope="0.00"/>
        <vehicle id="12" x="163.53" y="401.65" angle="-90.00" type="DEFAULT_VEHTYPE" speed="13.02" pos="31.72" lane="1/2to0/2_0" slope="0.00"/>
        <vehicle id="15" x="598.35" y="435.68" angle="0.00" type="DEFAULT_VEHTYPE" speed="13.37" pos="159.57" lane="3/3to3/2_0" slope="0.00"/>
        <vehicle id="19" x="398.95" y="800.89" angle="-128.56" type="DEFAULT_VEHTYPE" speed="13.53" pos="3.74" lane=":2/4_0_0" slope="0.00"/>
        <vehicle id="2" x="601.65" y="393.61" angle="180.00" type="DEFAULT_VEHTYPE" speed="7.60" pos="188.86" lane="3/1to3/2_0" slope="0.00"/>
        <vehicle id="20" x="715.45" y="198.35" angle="90.00" type="DEFAULT_VEHTYPE" speed="12.98" pos="110.70" lane="3/1to4/1_0" slope="0.00"/>
        <vehicle id="23" x="201.65" y="279.61" angle="180.00" type="DEFAULT_VEHTYPE" speed="13.43" pos="74.86" lane="1/1to1/2_0" slope="0.00"/>
        <vehicle id="24" x="201.65" y="506.74" angle="180.00" type="DEFAULT_VEHTYPE" speed="13.00" pos="101.99" lane="1/2to1/3_0" slope="0.00"/>
        <vehicle id="4" x="398.35" y="732.36" angle="0.00" type="DEFAULT_VEHTYPE" speed="12.64" pos="67.64" lane="2/4to2/3_0" slope="0.00"/>
        <vehicle id="5" x="398.35" y="267.55" angle="0.00" type="DEFAULT_VEHTYPE" speed="12.82" pos="127.70" lane="2/2to2/1_0" slope="0.00"/>
        <vehicle id="6" x="401.50" y="603.70" angle="152.21" type="DEFAULT_VEHTYPE" speed="7.96" pos="9.26" lane=":2/3_14_0" slope="0.00"/>
        <vehicle id="7" x="587.01" y="198.35" angle="90.00" type="DEFAULT_VEHTYPE" speed="6.82" pos="182.26" lane="2/1to3/1_0" slope="0.00"/>
        <vehicle id="8" x="54.72" y="198.35" angle="90.00" type="DEFAULT_VEHTYPE" speed="13.72" pos="54.72" lane="0/1to1/1_0" slope="0.00"/>
    </timestep>
    <timestep time="774.00">
        <vehicle id="0" x="398.35" y="336.45" angle="0.00" type="DEFAULT_VEHTYPE" speed="12.72" pos="58.80" lane="2/2to2/1_0" slope="0.00"/>
        <vehicle id="10" x="579.91" y="401.65" angle="-90.00" type="DEFAULT_VEHTYPE" speed="9.72" pos="15.34" lane="3/2to2/2_0" slope="0.00"/>
        <vehicle id="11" x="398.35" y="282.03" angle="0.00" type="DEFAULT_VEHTYPE" speed="12.91" pos="113.22" lane="2/2to2/1_0" slope="0.00"/>
        <vehicle id="12" x="150.91" y="401.65" angle="-90.00" type="DEFAULT_VEHTYPE" speed="12.62" pos="44.34" lane="1/2to0/2_0" slope="0.00"/>
        <vehicle id="15" x="598.35" y="423.07" angle="0.00" type="DEFAULT_VEHTYPE" speed="12.61" pos="172.18" lane="3/3to3/2_0" slope="0.00"/>
        <vehicle id="19" x="398.35" y="787.93" angle="0.00" type="DEFAULT_VEHTYPE" speed="13.15" pos="12.07" lane="2/4to2/3_0" slope="0.00"/>
        <vehicle id="2" x="601.65" y="402.84" angle="180.00" type="DEFAULT_VEHTYPE" speed="9.22" pos="7.59" lane=":3/2_9_0" slope="0.00"/>
        <vehicle id="20" x="729.28" y="198.35" angle="90.00" type="DEFAULT_VEHTYPE" speed="13.82" pos="124.53" lane="3/1to4/1_0" slope="0.00"/>
        <vehicle id="23" x="201.65" y="293.07" angle="180.00" type="DEFAULT_VEHTYPE" speed="13.45" pos="88.32" lane="1/1to1/2_0" slope="0.00"/>
        <vehicle id="24" x="201.65" y="519.91" angle="180.00" type="DEFAULT_VEHTYPE" speed="13.17" pos="115.16" lane="1/2to1/3_0" slope="0.00"/>
        <vehicle id="4" x="398.35" y="719.37" angle="0.00" type="DEFAULT_VEHTYPE" speed="12.99" pos="80.63" lane="2/4to2/3_0" slope="0.00"/>
        <vehicle id="5" x="398.35" y="254.19" angle="0.00" type="DEFAULT_VEHTYPE" speed="13.36" pos="141.06" lane="2/2to2/1_0" slope="0.00"/>
        <vehicle id="6" x="401.65" y="614.03" angle="180.00" type="DEFAULT_VEHTYPE" speed="10.34" pos="9.28" lane="2/3to2/4_0" slope="0.00"/>
        <vehicle id="7" x="590.12" y="198.35" angle="90.00" type="DEFAULT_VEHTYPE" speed="3.11" pos="185.37" lane="2/1to3/1_0" slope="0.00"/>
        <vehicle id="8" x="67.42" y="198.35" angle="90.00" type="DEFAULT_VEHTYPE" speed="12.70" pos="67.42" lane="0/1to1/1_0" slope="0.00"/>
    </timestep>
    <timestep time="775.00">
        <vehicle id="0" x="398.35" y="323.07" angle="0.00" type="DEFAULT_VEHTYPE" speed="13.37" pos="72.18" lane="2/2to2/1_0" slope="0.00"/>
        <vehicle id="10" x="568.77" y="401.65" angle="-90.00" type="DEFAULT_VEHTYPE" speed="11.13" pos="26.48" lane="3/2to2/2_0" slope="0.00"/>
        <vehicle id="11" x="398.35" y="268.36" angle="0.00" type="DEFAULT_VEHTYPE" speed="13.68" pos="126.89" lane="2/2to2/1_0" slope="0.00"/>
        <vehicle id="12" x="137.31" y="401.65" angle="-90.00" type="DEFAULT_VEHTYPE" speed="13.61" pos="57.94" lane="1/2to0/2_0" slope="0.00"/>
        <vehicle id="15" x="598.35" y="409.54" angle="0.00" type="DEFAULT_VEHTYPE" speed="13.54" pos="185.71" lane="3/3to3/2_0" slope="0.00"/>
        <vehicle id="19" x="398.35" y="775.23" angle="0.00" type="DEFAULT_VEHTYPE" speed="12.69" pos="24.77" lane="2/4to2/3_0" slope="0.00"/>
        <vehicle id="2" x="601.65" y="414.35" angle="180.00" type="DEFAULT_VEHTYPE" speed="11.51" pos="9.60" lane="3/2to3/3_0" slope="0.00"/>
        <vehicle id="20" x="742.73" y="198.35" angle="90.00" type="DEFAULT_VEHTYPE" speed="13.46" pos="137.98" lane="3/1to4/1_0" slope="0.00"/>
        <vehicle id="23" x="201.65" y="306.39" angle="180.00" type="DEFAULT_VEHTYPE" speed="13.32" pos="101.64" lane="1/1to1/2_0" slope="0.00"/>
        <vehicle id="24" x="201.65" y="533.36" angle="180.00" type="DEFAULT_VEHTYPE" speed="13.44" pos="128.61" lane="1/2to1/3_0" slope="0.00"/>
        <vehicle id="4" x="398.35" y="705.91" angle="0.00" type="DEFAULT_VEHTYPE" speed="13.45" pos="94.09" lane="2/4to2/3_0" slope="0.00"/>
        <vehicle id="5" x="398.35" y="240.79" angle="0.00" type="DEFAULT_VEHTYPE" speed="13.39" pos="154.46" lane="2/2to2/1_0" slope="0.00"/>
        <vehicle id="6" x="401.65" y="626.74" angle="180.00" type="DEFAULT_VEHTYPE" speed="12.70" pos="21.99" lane="2/3to2/4_0" slope="0.00"/>
        <vehicle id="7" x="595.37" y="198.37" angle="90.20" type="DEFAULT_VEHTYPE" speed="5.25" pos="0.12" lane=":3/1_14_0" slope="0.00"/>
        <vehicle id="8" x="81.28" y="198.35" angle="90.00" type="DEFAULT_VEHTYPE" speed="13.86" pos="81.28" lane="0/1to1/1_0" slope="0.00"/>
    </timestep>
    <timestep time="776.00">
        <vehicle id="0" x="398.35" y="309.61" angle="0.00" type="DEFAULT_VEHTYPE" speed="13.46" pos="85.64" lane="2/2to2/1_0" slope="0.00"/>
        <vehicle id="10" x="555.19" y="401.65" angle="-90.00" type="DEFAULT_VEHTYPE" speed="13.59" pos="40.06" lane="3/2to2/2_0" slope="0.00"/>
        <vehicle id="11" x="398.35" y="254.79" angle="0.00" type="DEFAULT_VEHTYPE" speed="13.57" pos="140.46" lane="2/2to2/1_0" slope="0.00"/>
        <vehicle id="12" x="124.08" y="401.65" angle="-90.00" type="DEFAULT_VEHTYPE" speed="13.22" pos="71.17" lane="1/2to0/2_0" slope="0.00"/>
        <vehicle id="15" x="592.22" y="401.65" angle="-84.20" type="DEFAULT_VEHTYPE" speed="12.82" pos="3.03" lane="3/2to2/2_0" slope="0.00"/>
        <vehicle id="19" x="398.35" y="761.37" angle="0.00" type="DEFAULT_VEHTYPE" speed="13.86" pos="38.63" lane="2/4to2/3_0" slope="0.00"/>
        <vehicle id="2" x="601.65" y="427.11" angle="180.00" type="DEFAULT_VEHTYPE" speed="12.76" pos="22.36" lane="3/2to3/3_0" slope="0.00"/>
        <vehicle id="20" x="756.43" y="198.35" angle="90.00" type="DEFAULT_VEHTYPE" speed="13.70" pos="151.68" lane="3/1to4/1_0" slope="0.00"/>
        <vehicle id="23" x="201.65" y="319.95" angle="180.00" type="DEFAULT_VEHTYPE" speed="13.56" pos="115.20" lane="1/1to1/2_0" slope="0.00"/>
        <vehicle id="24" x="201.65" y="546.08" angle="180.00" type="DEFAULT_VEHTYPE" speed="12.72" pos="141.33" lane="1/2to1/3_0" slope="0.00"/>
        <vehicle id="4" x="398.35" y="692.65" angle="0.00" type="DEFAULT_VEHTYPE" speed="13.26" pos="107.35" lane="2/4to2/3_0" slope="0.00"/>
        <vehicle id="5" x="398.35" y="227.72" angle="0.00" type="DEFAULT_VEHTYPE" speed="13.07" pos="167.53" lane="2/2to2/1_0" slope="0.00"/>
        <vehicle id="6" x="401.65" y="639.37" angle="180.00" type="DEFAULT_VEHTYPE" speed="12.63" pos="34.62" lane="2/3to2/4_0" slope="0.00"/>
        <vehicle id="7" x="601.29" y="202.25" angle="136.87" type="DEFAULT_VEHTYPE" speed="7.67" pos="7.79" lane=":3/1_14_0" slope="0.00"/>
        <vehicle id="8" x="95.06" y="198.35" angle="90.00" type="DEFAULT_VEHTYPE" speed="13.78" pos="95.06" lane="0/1to1/1_0" slope="0.00"/>
    </timestep>
    <timestep time="777.00">
        <vehicle id="0" x="398.35" y="296.65" angle="0.00" type="DEFAULT_VEHTYPE" speed="12.96" pos="98.60" lane="2/2to2/1_0" slope="0.00"/>
        <vehicle id="10" x="541.90" y="401.65" angle="-90.00" type="DEFAULT_VEHTYPE" speed="13.29" pos="53.35" lane="3/2to2/2_0" slope="0.00"/>
        <vehicle id="11" x="398.35" y="241.34" angle="0.00" type="DEFAULT_VEHTYPE" speed="13.45" pos="153.91" lane="2/2to2/1_0" slope="0.00"/>
        <vehicle id="12" x="111.48" y="401.65" angle="-90.00" type="DEFAULT_VEHTYPE" speed="12.60" pos="83.77" lane="1/2to0/2_0" slope="0.00"/>
        <vehicle id="15" x="578.51" y="401.65" angle="-90.00" type="DEFAULT_VEHTYPE" speed="13.71" pos="16.74" lane="3/2to2/2_0" slope="0.00"/>
        <vehicle id="19" x="398.35" y="748.66" angle="0.00" type="DEFAULT_VEHTYPE" speed="12.72" pos="51.34" lane="2/4to2/3_0" slope="0.00"/>
        <vehicle id="2" x="601.65" y="440.96" angle="180.00" type="DEFAULT_VEHTYPE" speed="13.85" pos="36.21" lane="3/2to3/3_0" slope="0.00"/>
        <vehicle id="20" x="769.17" y="198.35" angle="90.00" type="DEFAULT_VEHTYPE" speed="12.74" pos="164.42" lane="3/1to4/1_0" slope="0.00"/>
        <vehicle id="23" x="201.65" y="332.83" angle="180.00" type="DEFAULT_VEHTYPE" speed="12.88" pos="128.08" lane="1/1to1/2_0" slope="0.00"/>
        <vehicle id="24" x="201.65" y="558.99" angle="180.00" type="DEFAULT_VEHTYPE" speed="12.91" pos="154.24" lane="1/2to1/3_0" slope="0.00"/>
        <vehicle id="4" x="398.35" y="679.67" angle="0.00" type="DEFAULT_VEHTYPE" speed="12.98" pos="120.33" lane="2/4to2/3_0" slope="0.00"/>
        <vehicle id="5" x="398.35" y="214.44" angle="0.00" type="DEFAULT_VEHTYPE" speed="13.28" pos="180.81" lane="2/2to2/1_0" slope="0.00"/>
        <vehicle id="6" x="401.65" y="652.17" angle="180.00" type="DEFAULT_VEHTYPE" speed="12.80" pos="47.42" lane="2/3to2/4_0" slope="0.00"/>
        <vehicle id="7" x="601.65" y="212.12" angle="180.00" type="DEFAULT_VEHTYPE" speed="9.90" pos="7.37" lane="3/1to3/2_0" slope="0.00"/>
        <vehicle id="8" x="108.85" y="198.35" angle="90.00" type="DEFAULT_VEHTYPE" speed="13.79" pos="108.85" lane="0/1to1/1_0" slope="0.00"/>
    </timestep>
    <timestep time="778.00">
        <vehicle id="0" x="398.35" y="283.75" angle="0.00" type="DEFAULT_VEHTYPE" speed="12.90" pos="111.50" lane="2/2to2/1_0" slope="0.00"/>
        <vehicle id="10" x="528.86" y="401.65" angle="-90.00" type="DEFAULT_VEHTYPE" speed="13.04" pos="66.39" lane="3/2to2/2_0" slope="0.00"/>
        <vehicle id="11" x="398.35" y="227.74" angle="0.00" type="DEFAULT_VEHTYPE" speed="13.60" pos="167.51" lane="2/2to2/1_0" slope="0.00"/>
        <vehicle id="12" x="97.74" y="401.65" angle="-90.00" type="DEFAULT_VEHTYPE" speed="13.74" pos="97.51" lane="1/2to0/2_0" slope="0.00"/>
        <vehicle id="15" x="565.75" y="401.65" angle="-90.00" type="DEFAULT_VEHTYPE" speed="12.76" pos="29.50" lane="3/2to2/2_0" slope="0.00"/>
        <vehicle id="19" x="398.35" y="735.14" angle="0.00" type="DEFAULT_VEHTYPE" speed="13.52" pos="64.86" lane="2/4to2/3_0" slope="0.00"/>
        <vehicle id="2" x="601.65" y="453.84" angle="180.00" type="DEFAULT_VEHTYPE" speed="12.88" pos="49.09" lane="3/2to3/3_0" slope="0.00"/>
        <vehicle id="20" x="781.79" y="198.35" angle="90.00" type="DEFAULT_VEHTYPE" speed="12.62" pos="177.04" lane="3/1to4/1_0" slope="0.00"/>
        <vehicle id="23" x="201.65" y="345.91" angle="180.00" type="DEFAULT_VEHTYPE" speed="13.08" pos="141.16" lane="1/1to1/2_0" slope="0.00"/>
        <vehicle id="24" x="201.65" y="572.46" angle="180.00" type="DEFAULT_VEHTYPE" speed="13.47" pos="167.71" lane="1/2to1/3_0" slope="0.00"/>
        <vehicle id="4" x="398.35" y="666.51" angle="0.00" type="DEFAULT_VEHTYPE" speed="13.16" pos="133.49" lane="2/4to2/3_0" slope="0.00"/>
        <vehicle id="5" x="397.03" y="202.09" angle="-16.28" type="DEFAULT_VEHTYPE" speed="12.83" pos="3.14" lane=":2/1_0_0" slope="0.00"/>
        <vehicle id="6" x="401.65" y="665.21" angle="180.00" type="DEFAULT_VEHTYPE" speed="13.03" pos="60.46" lane="2/3to2/4_0" slope="0.00"/>
        <vehicle id="7" x="601.65" y="223.71" angle="180.00" type="DEFAULT_VEHTYPE" speed="11.59" pos="18.96" lane="3/1to3/2_0" slope="0.00"/>
        <vehicle id="8" x="122.52" y="198.35" angle="90.00" type="DEFAULT_VEHTYPE" speed="13.68" pos="122.52" lane="0/1to1/1_0" slope="0.00"/>
    </timestep>
    <timestep time="779.00">
        <vehicle id="0" x="398.35" y="271.06" angle="0.00" type="DEFAULT_VEHTYPE" speed="12.69" pos="124.19" lane="2/2to2/1_0" slope="0.00"/>
        <vehicle id="10" x="515.24" y="401.65" angle="-90.00" type="DEFAULT_VEHTYPE" speed="13.62" pos="80.01" lane="3/2to2/2_0" slope="0.00"/>
        <vehicle id="11" x="398.35" y="214.36" angle="0.00" type="DEFAULT_VEHTYPE" speed="13.37" pos="180.89" lane="2/2to2/1_0" slope="0.00"/>
        <vehicle id="12" x="85.03" y="401.65" angle="-90.00" type="DEFAULT_VEHTYPE" speed="12.71" pos="110.22" lane="1/2to0/2_0" slope="0.00"/>
        <vehicle id="15" x="552.83" y="401.65" angle="-90.00" type="DEFAULT_VEHTYPE" speed="12.91" pos="42.42" lane="3/2to2/2_0" slope="0.00"/>
        <vehicle id="19" x="398.35" y="721.71" angle="0.00" type="DEFAULT_VEHTYPE" speed="13.42" pos="78.29" lane="2/4to2/3_0" slope="0.00"/>
        <vehicle id="2" x="601.65" y="467.67" angle="180.00" type="DEFAULT_VEHTYPE" speed="13.83" pos="62.92" lane="3/2to3/3_0" slope="0.00"/>
        <vehicle id="20" x="794.56" y="198.35" angle="90.00" type="DEFAULT_VEHTYPE" speed="12.76" pos="189.81" lane="3/1to4/1_0" slope="0.00"/>
        <vehicle id="23" x="201.65" y="359.03" angle="180.00" type="DEFAULT_VEHTYPE" speed="13.12" pos="154.28" lane="1/1to1/2_0" slope="0.00"/>
        <vehicle id="24" x="201.65" y="586.04" angle="180.00" type="DEFAULT_VEHTYPE" speed="13.59" pos="181.29" lane="1/2to1/3_0" slope="0.00"/>
        <vehicle id="4" x="398.35" y="652.93" angle="0.00" type="DEFAULT_VEHTYPE" speed="13.58" pos="147.07" lane="2/4to2/3_0" slope="0.00"/>
        <vehicle id="5" x="383.69" y="201.65" angle="-90.00" type="DEFAULT_VEHTYPE" speed="13.42" pos="11.56" lane="2/1to1/1_0" slope="0.00"/>
        <vehicle id="6" x="401.65" y="678.81" angle="180.00" type="DEFAULT_VEHTYPE" speed="13.60" pos="74.06" lane="2/3to2/4_0" slope="0.00"/>
        <vehicle id="7" x="601.65" y="236.48" angle="180.00" type="DEFAULT_VEHTYPE" speed="12.77" pos="31.73" lane="3/1to3/2_0" slope="0.00"/>
        <vehicle id="8" x="136.27" y="198.35" angle="90.00" type="DEFAULT_VEHTYPE" speed="13.74" pos="136.27" lane="0/1to1/1_0" slope="0.00"/>
    </timestep>
    <timestep time="780.00">
        <vehicle id="0" x="398.35" y="257.92" angle="0.00" type="DEFAULT_VEHTYPE" speed="13.14" pos="137.33" lane="2/2to2/1_0" slope="0.00"/>
        <vehicle id="10" x="501.39" y="401.65" angle="-90.00" type="DEFAULT_VEHTYPE" speed="13.85" pos="93.86" lane="3/2to2/2_0" slope="0.00"/>
        <vehicle id="11" x="398.35" y="200.98" angle="0.00" type="DEFAULT_VEHTYPE" speed="13.38" pos="3.77" lane=":2/1_1_0" slope="0.00"/>
        <vehicle id="12" x="71.60" y="401.65" angle="-90.00" type="DEFAULT_VEHTYPE" speed="13.43" pos="123.65" lane="1/2to0/2_0" slope="0.00"/>
        <vehicle id="15" x="539.22" y="401.65" angle="-90.00" type="DEFAULT_VEHTYPE" speed="13.62" pos="56.03" lane="3/2to2/2_0" slope="0.00"/>
        <vehicle id="19" x="398.35" y="708.30" angle="0.00" type="DEFAULT_VEHTYPE" speed="13.41" pos="91.70" lane="2/4to2/3_0" slope="0.00"/>
        <vehicle id="2" x="601.65" y="480.98" angle="180.00" type="DEFAULT_VEHTYPE" speed="13.31" pos="76.23" lane="3/2to3/3_0" slope="0.00"/>
        <vehicle id="20" x="796.54" y="201.65" angle="-100.50" type="DEFAULT_VEHTYPE" speed="13.72" pos="3.46" lane="4/1to3/1_0" slope="0.00"/>
        <vehicle id="23" x="201.65" y="371.79" angle="180.00" type="DEFAULT_VEHTYPE" speed="12.76" pos="167.04" lane="1/1to1/2_0" slope="0.00"/>
        <vehicle id="24" x="203.44" y="598.17" angle="157.14" type="DEFAULT_VEHTYPE" speed="12.88" pos="3.68" lane=":1/3_8_0" slope="0.00"/>
        <vehicle id="4" x="398.35" y="639.93" angle="0.00" type="DEFAULT_VEHTYPE" speed="12.99" pos="160.07" lane="2/4to2/3_0" slope="0.00"/>
        <vehicle id="5" x="370.57" y="201.65" angle="-90.00" type="DEFAULT_VEHTYPE" speed="13.11" pos="24.68" lane="2/1to1/1_0" slope="0.00"/>
        <vehicle id="6" x="401.65" y="692.60" angle="180.00" type="DEFAULT_VEHTYPE" speed="13.80" pos="87.85" lane="2/3to2/4_0" slope="0.00"/>
        <vehicle id="7" x="601.65" y="250.05" angle="180.00" type="DEFAULT_VEHTYPE" speed="13.58" pos="45.30" lane="3/1to3/2_0" slope="0.00"/>
        <vehicle id="8" x="149.00" y="198.35" angle="90.00" type="DEFAULT_VEHTYPE" speed="12.73" pos="149.00" lane="0/1to1/1_0" slope="0.00"/>
    </timestep>
    <timestep time="781.00">
        <vehicle id="0" x="398.35" y="244.41" angle="0.00" type="DEFAULT_VEHTYPE" speed="13.51" pos="150.84" lane="2/2to2/1_0" slope="0.00"/>
        <vehicle id="10" x="488.25" y="401.65" angle="-90.00" type="DEFAULT_VEHTYPE" speed="13.15" pos="107.00" lane="3/2to2/2_0" slope="0.00"/>
        <vehicle id="11" x="398.35" y="187.20" angle="0.00" type="DEFAULT_VEHTYPE" speed="13.78" pos="8.05" lane="2/1to2/0_0" slope="0.00"/>
        <vehicle id="12" x="58.24" y="401.65" angle="-90.00" type="DEFAULT_VEHTYPE" speed="13.36" pos="137.01" lane="1/2to0/2_0" slope="0.00"/>
        <vehicle id="15" x="526.17" y="401.65" angle="-90.00" type="DEFAULT_VEHTYPE" speed="13.05" pos="69.08" lane="3/2to2/2_0" slope="0.00"/>
        <vehicle id="19" x="398.35" y="695.30" angle="0.00" type="DEFAULT_VEHTYPE" speed="13.00" pos="104.70" lane="2/4to2/3_0" slope="0.00"/>
        <vehicle id="2" x="601.65" y="494.65" angle="180.00" type="DEFAULT_VEHTYPE" speed="13.67" pos="89.90" lane="3/2to3/3_0" slope="0.00"/>
        <vehicle id="20" x="782.66" y="201.65" angle="-90.00" type="DEFAULT_VEHTYPE" speed="13.88" pos="17.34" lane="4/1to3/1_0" slope="0.00"/>
        <vehicle id="23" x="201.65" y="384.48" angle="180.00" type="DEFAULT_VEHTYPE" speed="12.69" pos="179.73" lane="1/1to1/2_0" slope="0.00"/>
        <vehicle id="24" x="216.79" y="598.35" angle="90.00" type="DEFAULT_VEHTYPE" speed="13.37" pos="12.04" lane="1/3to2/3_0" slope="0.00"/>
        <vehicle id="4" x="398.35" y="626.27" angle="0.00" type="DEFAULT_VEHTYPE" speed="13.67" pos="173.73" lane="2/4to2/3_0" slope="0.00"/>
        <vehicle id="5" x="357.69" y="201.65" angle="-90.00" type="DEFAULT_VEHTYPE" speed="12.89" pos="37.56" lane="2/1to1/1_0" slope="0.00"/>
        <vehicle id="6" x="401.65" y="706.45" angle="180.00" type="DEFAULT_VEHTYPE" speed="13.84" pos="101.70" lane="2/3to2/4_0" slope="0.00"/>
        <vehicle id="7" x="601.65" y="263.81" angle="180.00" type="DEFAULT_VEHTYPE" speed="13.76" pos="59.06" lane="3/1to3/2_0" slope="0.00"/>
        <vehicle id="8" x="162.75" y="198.35" angle="90.00" type="DEFAULT_VEHTYPE" speed="13.75" pos="162.75" lane="0/1to1/1_0" slope="0.00"/>
    </timestep>
    <timestep time="782.00">
        <vehicle id="0" x="398.35" y="230.55" angle="0.00" type="DEFAULT_VEHTYPE" speed="13.86" pos="164.70" lane="2/2to2/1_0" slope="0.00"/>
        <vehicle id="10" x="475.40" y="401.65" angle="-90.00" type="DEFAULT_VEHTYPE" speed="12.85" pos="119.85" lane="3/2to2/2_0" slope="0.00"/>
        <vehicle id="11" x="398.35" y="174.04" angle="0.00" type="DEFAULT_VEHTYPE" speed="13.15" pos="21.21" lane="2/1to2/0_0" slope="0.00"/>
        <vehicle id="12" x="45.57" y="401.65" angle="-90.00" type="DEFAULT_VEHTYPE" speed="12.67" pos="149.68" lane="1/2to0/2_0" slope="0.00"/>
        <vehicle id="15" x="512.35" y="401.65" angle="-90.00" type="DEFAULT_VEHTYPE" speed="13.82" pos="82.90" lane="3/2to2/2_0" slope="0.00"/>
        <vehicle id="19" x="398.35" y="681.42" angle="0.00" type="DEFAULT_VEHTYPE" speed="13.88" pos="118.58" lane="2/4to2/3_0" slope="0.00"/>
        <vehicle id="2" x="601.65" y="507.88" angle="180.00" type="DEFAULT_VEHTYPE" speed="13.23" pos="103.13" lane="3/2to3/3_0" slope="0.00"/>
        <vehicle id="20" x="769.47" y="201.65" angle="-90.00" type="DEFAULT_VEHTYPE" speed="13.19" pos="30.53" lane="4/1to3/1_0" slope="0.00"/>
        <vehicle id="23" x="201.65" y="397.78" angle="180.00" type="DEFAULT_VEHTYPE" speed="13.29" pos="2.53" lane=":1/2_9_0" slope="0.00"/>
        <vehicle id="24" x="230.00" y="598.35" angle="90.00" type="DEFAULT_VEHTYPE" speed="13.20" pos="25.25" lane="1/3to2/3_0" slope="0.00"/>
        <vehicle id="4" x="398.35" y="613.10" angle="0.00" type="DEFAULT_VEHTYPE" speed="13.17" pos="186.90" lane="2/4to2/3_0" slope="0.00"/>
        <vehicle id="5" x="344.64" y="201.65" angle="-90.00" type="DEFAULT_VEHTYPE" speed="13.05" pos="50.61" lane="2/1to1/1_0" slope="0.00"/>
        <vehicle id="6" x="401.65" y="719.36" angle="180.00" type="DEFAULT_VEHTYPE" speed="12.91" pos="114.61" lane="2/3to2/4_0" slope="0.00"/>
        <vehicle id="7" x="601.65" y="277.05" angle="180.00" type="DEFAULT_VEHTYPE" speed="13.23" pos="72.30" lane="3/1to3/2_0" slope="0.00"/>
        <vehicle id="8" x="175.13" y="198.35" angle="90.00" type="DEFAULT_VEHTYPE" speed="12.39" pos="175.13" lane="0/1to1/1_0" slope="0.00"/>
    </timestep>
    <timestep time="783.00">
        <vehicle id="0" x="398.35" y="217.08" angle="0.00" type="DEFAULT_VEHTYPE" speed="13.47" pos="178.17" lane="2/2to2/1_0" slope="0.00"/>
        <vehicle id="10" x="461.89" y="401.65" angle="-90.00" type="DEFAULT_VEHTYPE" speed="13.51" pos="133.36" lane="3/2to2/2_0" slope="0.00"/>
        <vehicle id="11" x="398.35" y="160.52" angle="0.00" type="DEFAULT_VEHTYPE" speed="13.53" pos="34.73" lane="2/1to2/0_0" slope="0.00"/>
        <vehicle id="12" x="32.19" y="401.65" angle="-90.00" type="DEFAULT_VEHTYPE" speed="13.39" pos="163.06" lane="1/2to0/2_0" slope="0.00"/>
        <vehicle id="15" x="499.13" y="401.65" angle="-90.00" type="DEFAULT_VEHTYPE" speed="13.22" pos="96.12" lane="3/2to2/2_0" slope="0.00"/>
        <vehicle id="19" x="398.35" y="667.73" angle="0.00" type="DEFAULT_VEHTYPE" speed="13.68" pos="132.27" lane="2/4to2/3_0" slope="0.00"/>
        <vehicle id="2" x="601.65" y="521.09" angle="180.00" type="DEFAULT_VEHTYPE" speed="13.21" pos="116.34" lane="3/2to3/3_0" slope="0.00"/>
        <vehicle id="20" x="756.70" y="201.65" angle="-90.00" type="DEFAULT_VEHTYPE" speed="12.76" pos="43.30" lane="4/1to3/1_0" slope="0.00"/>
        <vehicle id="23" x="201.65" y="410.69" angle="180.00" type="DEFAULT_VEHTYPE" speed="12.91" pos="5.94" lane="1/2to1/3_0" slope="0.00"/>
        <vehicle id="24" x="243.27" y="598.35" angle="90.00" type="DEFAULT_VEHTYPE" speed="13.28" pos="38.52" lane="1/3to2/3_0" slope="0.00"/>
        <vehicle id="4" x="398.35" y="600.17" angle="0.00" type="DEFAULT_VEHTYPE" speed="12.93" pos="4.58" lane=":2/3_1_0" slope="0.00"/>
        <vehicle id="5" x="331.82" y="201.65" angle="-90.00" type="DEFAULT_VEHTYPE" speed="12.82" pos="63.43" lane="2/1to1/1_0" slope="0.00"/>
        <vehicle id="6" x="401.65" y="732.37" angle="180.00" type="DEFAULT_VEHTYPE" speed="13.01" pos="127.62" lane="2/3to2/4_0" slope="0.00"/>
        <vehicle id="7" x="601.65" y="289.82" angle="180.00" type="DEFAULT_VEHTYPE" speed="12.77" pos="85.07" lane="3/1to3/2_0" slope="0.00"/>
        <vehicle id="8" x="183.51" y="198.35" angle="90.00" type="DEFAULT_VEHTYPE" speed="8.37" pos="183.51" lane="0/1to1/1_0" slope="0.00"/>
    </timestep>
    <timestep time="784.00">
        <vehicle id="0" x="398.16" y="203.41" angle="-2.15" type="DEFAULT_VEHTYPE" speed="13.68" pos="1.35" lane=":2/1_0_0" slope="0.00"/>
        <vehicle id="10" x="448.35" y="401.65" angle="-90.00" type="DEFAULT_VEHTYPE" speed="13.54" pos="146.90" lane="3/2to2/2_0" slope="0.00"/>
        <vehicle id="11" x="398.35" y="146.70" angle="0.00" type="DEFAULT_VEHTYPE" speed="13.81" pos="48.55" lane="2/1to2/0_0" slope="0.00"/>
        <vehicle id="12" x="18.44" y="401.65" angle="-90.00" type="DEFAULT_VEHTYPE" speed="13.74" pos="176.81" lane="1/2to0/2_0" slope="0.00"/>
        <vehicle id="15" x="485.43" y="401.65" angle="-90.00" type="DEFAULT_VEHTYPE" speed="13.69" pos="109.82" lane="3/2to2/2_0" slope="0.00"/>
        <vehicle id="19" x="398.35" y="654.46" angle="0.00" type="DEFAULT_VEHTYPE" speed="13.27" pos="145.54" lane="2/4to2/3_0" slope="0.00"/>
        <vehicle id="2" x="601.65" y="533.95" angle="180.00" type="DEFAULT_VEHTYPE" speed="12.86" pos="129.20" lane="3/2to3/3_0" slope="0.00"/>
        <vehicle id="20" x="743.97" y="201.65" angle="-90.00" type="DEFAULT_VEHTYPE" speed="12.74" pos="56.03" lane="4/1to3/1_0" slope="0.00"/>
        <vehicle id="23" x="201.65" y="423.77" angle="180.00" type="DEFAULT_VEHTYPE" speed="13.08" pos="19.02" lane="1/2to1/3_0" slope="0.00"/>
        <vehicle id="24" x="256.01" y="598.35" angle="90.00" type="DEFAULT_VEHTYPE" speed="12.73" pos="51.26" lane="1/3to2/3_0" slope="0.00"/>
        <vehicle id="4" x="398.35" y="586.29" angle="0.00" type="DEFAULT_VEHTYPE" speed="13.88" pos="8.96" lane="2/3to2/2_0" slope="0.00"/>
        <vehicle id="5" x="318.49" y="201.65" angle="-90.00" type="DEFAULT_VEHTYPE" speed="13.33" pos="76.76" lane="2/1to1/1_0" slope="0.00"/>
        <vehicle id="6" x="401.65" y="745.35" angle="180.00" type="DEFAULT_VEHTYPE" speed="12.99" pos="140.60" lane="2/3to2/4_0" slope="0.00"/>
        <vehicle id="7" x="601.65" y="303.49" angle="180.00" type="DEFAULT_VEHTYPE" speed="13.67" pos="98.74" lane="3/1to3/2_0" slope="0.00"/>
        <vehicle id="8" x="188.04" y="198.35" angle="90.00" type="DEFAULT_VEHTYPE" speed="4.53" pos="188.04" lane="0/1to1/1_0" slope="0.00"/>
    </timestep>
    <timestep time="785.00">
        <vehicle id="0" x="386.06" y="201.65" angle="-90.00" type="DEFAULT_VEHTYPE" speed="12.84" pos="9.19" lane="2/1to1/1_0" slope="0.00"/>
        <vehicle id="10" x="435.34" y="401.65" angle="-90.00" type="DEFAULT_VEHTYPE" speed="13.01" pos="159.91" lane="3/2to2/2_0" slope="0.00"/>
        <vehicle id="11" x="398.35" y="132.86" angle="0.00" type="DEFAULT_VEHTYPE" speed="13.84" pos="62.39" lane="2/1to2/0_0" slope="0.00"/>
        <vehicle id="12" x="5.29" y="401.65" angle="-90.00" type="DEFAULT_VEHTYPE" speed="13.15" pos="189.96" lane="1/2to0/2_0" slope="0.00"/>
        <vehicle id="15" x="471.55" y="401.65" angle="-90.00" type="DEFAULT_VEHTYPE" speed="13.89" pos="123.70" lane="3/2to2/2_0" slope="0.00"/>
        <vehicle id="19" x="398.35" y="641.80" angle="0.00" type="DEFAULT_VEHTYPE" speed="12.67" pos="158.20" lane="2/4to2/3_0" slope="0.00"/>
        <vehicle id="2" x="601.65" y="546.59" angle="180.00" type="DEFAULT_VEHTYPE" speed="12.65" pos="141.84" lane="3/2to3/3_0" slope="0.00"/>
        <vehicle id="20" x="730.09" y="201.65" angle="-90.00" type="DEFAULT_VEHTYPE" speed="13.87" pos="69.91" lane="4/1to3/1_0" slope="0.00"/>
        <vehicle id="23" x="201.65" y="437.10" angle="180.00" type="DEFAULT_VEHTYPE" speed="13.33" pos="32.35" lane="1/2to1/3_0" slope="0.00"/>
        <vehicle id="24" x="269.67" y="598.35" angle="90.00" type="DEFAULT_VEHTYPE" speed="13.66" pos="64.92" lane="1/3to2/3_0" slope="0.00"/>
        <vehicle id="4" x="398.35" y="573.48" angle="0.00" type="DEFAULT_VEHTYPE" speed="12.81" pos="21.77" lane="2/3to2/2_0" slope="0.00"/>
        <vehicle id="5" x="305.59" y="201.65" angle="-90.00" type="DEFAULT_VEHTYPE" speed="12.89" pos="89.66" lane="2/1to1/1_0" slope="0.00"/>
        <vehicle id="6" x="401.65" y="759.17" angle="180.00" type="DEFAULT_VEHTYPE" speed="13.82" pos="154.42" lane="2/3to2/4_0" slope="0.00"/>
        <vehicle id="7" x="601.65" y="317.03" angle="180.00" type="DEFAULT_VEHTYPE" speed="13.54" pos="112.28" lane="3/1to3/2_0" slope="0.00"/>
        <vehicle id="8" x="190.81" y="198.35" angle="90.00" type="DEFAULT_VEHTYPE" speed="2.77" pos="190.81" lane="0/1to1/1_0" slope="0.00"/>
    </timestep>
    <timestep time="786.00">
        <vehicle id="0" x="372.99" y="201.65" angle="-90.00" type="DEFAULT_VEHTYPE" speed="13.07" pos="22.26" lane="2/1to1/1_0" slope="0.00"/>
        <vehicle id="10" x="424.10" y="401.65" angle="-90.00" type="DEFAULT_VEHTYPE" speed="11.24" pos="171.15" lane="3/2to2/2_0" slope="0.00"/>
        <vehicle id="11" x="398.35" y="119.33" angle="0.00" type="DEFAULT_VEHTYPE" speed="13.53" pos="75.92" lane="2/1to2/0_0" slope="0.00"/>
        <vehicle id="12" x="2.62" y="398.35" angle="69.16" type="DEFAULT_VEHTYPE" speed="12.73" pos="2.62" lane="0/2to1/2_0" slope="0.00"/>
        <vehicle id="15" x="458.05" y="401.65" angle="-90.00" type="DEFAULT_VEHTYPE" speed="13.50" pos="137.20" lane="3/2to2/2_0" slope="0.00"/>
        <vehicle id="19" x="398.35" y="628.65" angle="0.00" type="DEFAULT_VEHTYPE" speed="13.15" pos="171.35" lane="2/4to2/3_0" slope="0.00"/>
        <vehicle id="2" x="601.65" y="560.32" angle="180.00" type="DEFAULT_VEHTYPE" speed="13.73" pos="155.57" lane="3/2to3/3_0" slope="0.00"/>
        <vehicle id="20" x="716.75" y="201.65" angle="-90.00" type="DEFAULT_VEHTYPE" speed="13.35" pos="83.25" lane="4/1to3/1_0" slope="0.00"/>
        <vehicle id="23" x="201.65" y="450.20" angle="180.00" type="DEFAULT_VEHTYPE" speed="13.10" pos="45.45" lane="1/2to1/3_0" slope="0.00"/>
        <vehicle id="24" x="282.83" y="598.35" angle="90.00" type="DEFAULT_VEHTYPE" speed="13.16" pos="78.08" lane="1/3to2/3_0" slope="0.00"/>
        <vehicle id="4" x="398.35" y="560.73" angle="0.00" type="DEFAULT_VEHTYPE" speed="12.75" pos="34.52" lane="2/3to2/2_0" slope="0.00"/>
        <vehicle id="5" x="291.70" y="201.65" angle="-90.00" type="DEFAULT_VEHTYPE" speed="13.90" pos="103.55" lane="2/1to1/1_0" slope="0.00"/>
        <vehicle id="6" x="401.65" y="771.93" angle="180.00" type="DEFAULT_VEHTYPE" speed="12.76" pos="167.18" lane="2/3to2/4_0" slope="0.00"/>
        <vehicle id="7" x="601.65" y="330.10" angle="180.00" type="DEFAULT_VEHTYPE" speed="13.06" pos="125.35" lane="3/1to3/2_0" slope="0.00"/>
        <vehicle id="8" x="195.46" y="198.32" angle="89.67" type="DEFAULT_VEHTYPE" speed="4.65" pos="0.21" lane=":1/1_12_0" slope="0.00"/>
    </timestep>
    <timestep time="787.00">
        <vehicle id="0" x="359.61" y="201.65" angle="-90.00" type="DEFAULT_VEHTYPE" speed="13.38" pos="35.64" lane="2/1to1/1_0" slope="0.00"/>
        <vehicle id="10" x="415.82" y="401.65" angle="-90.00" type="DEFAULT_VEHTYPE" speed="8.27" pos="179.43" lane="3/2to2/2_0" slope="0.00"/>
        <vehicle id="11" x="398.35" y="106.46" angle="0.00" type="DEFAULT_VEHTYPE" speed="12.87" pos="88.79" lane="2/1to2/0_0" slope="0.00"/>
        <vehicle id="12" x="16.42" y="398.35" angle="90.00" type="DEFAULT_VEHTYPE" speed="13.80" pos="16.42" lane="0/2to1/2_0" slope="0.00"/>
        <vehicle id="15" x="444.98" y="401.65" angle="-90.00" type="DEFAULT_VEHTYPE" speed="13.07" pos="150.27" lane="3/2to2/2_0" slope="0.00"/>
        <vehicle id="19" x="398.35" y="615.88" angle="0.00" type="DEFAULT_VEHTYPE" speed="12.77" pos="184.12" lane="2/4to2/3_0" slope="0.00"/>
        <vehicle id="2" x="601.65" y="573.91" angle="180.00" type="DEFAULT_VEHTYPE" speed="13.59" pos="169.16" lane="3/2to3/3_0" slope="0.00"/>
        <vehicle id="20" x="703.09" y="201.65" angle="-90.00" type="DEFAULT_VEHTYPE" speed="13.65" pos="96.91" lane="4/1to3/1_0" slope="0.00"/>
        <vehicle id="23" x="201.65" y="463.65" angle="180.00" type="DEFAULT_VEHTYPE" speed="13.45" pos="58.90" lane="1/2to1/3_0" slope="0.00"/>
        <vehicle id="24" x="295.58" y="598.35" angle="90.00" type="DEFAULT_VEHTYPE" speed="12.75" pos="90.83" lane="1/3to2/3_0" slope="0.00"/>
        <vehicle id="4" x="398.35" y="547.56" angle="0.00" type="DEFAULT_VEHTYPE" speed="13.17" pos="47.69" lane="2/3to2/2_0" slope="0.00"/>
        <vehicle id="5" x="278.06" y="201.65" angle="-90.00" type="DEFAULT_VEHTYPE" speed="13.64" pos="117.19" lane="2/1to1/1_0" slope="0.00"/>
        <vehicle id="6" x="401.65" y="784.72" angle="180.00" type="DEFAULT_VEHTYPE" speed="12.79" pos="179.97" lane="2/3to2/4_0" slope="0.00"/>
        <vehicle id="7" x="601.65" y="342.93" angle="180.00" type="DEFAULT_VEHTYPE" speed="12.83" pos="138.18" lane="3/1to3/2_0" slope="0.00"/>
        <vehicle id="8" x="198.35" y="194.01" angle="24.13" type="DEFAULT_VEHTYPE" speed="6.04" pos="1.24" lane="1/1to1/0_0" slope="0.00"/>
    </timestep>
    <timestep time="788.00">
        <vehicle id="0" x="346.70" y="201.65" angle="-90.00" type="DEFAULT_VEHTYPE" speed="12.91" pos="48.55" lane="2/1to1/1_0" slope="0.00"/>
        <vehicle id="10" x="410.66" y="401.65" angle="-90.00" type="DEFAULT_VEHTYPE" speed="5.16" pos="184.59" lane="3/2to2/2_0" slope="0.00"/>
        <vehicle id="11" x="398.35" y="93.36" angle="0.00" type="DEFAULT_VEHTYPE" speed="13.10" pos="101.89" lane="2/1to2/0_0" slope="0.00"/>
        <vehicle id="12" x="30.19" y="398.35" angle="90.00" type="DEFAULT_VEHTYPE" speed="13.77" pos="30.19" lane="0/2to1/2_0" slope="0.00"/>
        <vehicle id="15" x="432.19" y="401.65" angle="-90.00" type="DEFAULT_VEHTYPE" speed="12.79" pos="163.06" lane="3/2to2/2_0" slope="0.00"/>
        <vehicle id="19" x="398.35" y="602.85" angle="0.00" type="DEFAULT_VEHTYPE" speed="13.03" pos="1.90" lane=":2/3_1_0" slope="0.00"/>
        <vehicle id="2" x="601.65" y="586.77" angle="180.00" type="DEFAULT_VEHTYPE" speed="12.86" pos="182.02" lane="3/2to3/3_0" slope="0.00"/>
        <vehicle id="20" x="690.28" y="201.65" angle="-90.00" type="DEFAULT_VEHTYPE" speed="12.81" pos="109.72" lane="4/1to3/1_0" slope="0.00"/>
        <vehicle id="23" x="201.65" y="476.26" angle="180.00" type="DEFAULT_VEHTYPE" speed="12.61" pos="71.51" lane="1/2to1/3_0" slope="0.00"/>
        <vehicle id="24" x="308.90" y="598.35" angle="90.00" type="DEFAULT_VEHTYPE" speed="13.32" pos="104.15" lane="1/3to2/3_0" slope="0.00"/>
        <vehicle id="4" x="398.35" y="534.31" angle="0.00" type="DEFAULT_VEHTYPE" speed="13.25" pos="60.94" lane="2/3to2/2_0" slope="0.00"/>
        <vehicle id="5" x="264.59" y="201.65" angle="-90.00" type="DEFAULT_VEHTYPE" speed="13.47" pos="130.66" lane="2/1to1/1_0" slope="0.00"/>
        <vehicle id="6" x="401.65" y="798.44" angle="180.00" type="DEFAULT_VEHTYPE" speed="13.72" pos="193.69" lane="2/3to2/4_0" slope="0.00"/>
        <vehicle id="7" x="601.65" y="355.54" angle="180.00" type="DEFAULT_VEHTYPE" speed="12.61" pos="150.79" lane="3/1to3/2_0" slope="0.00"/>
        <vehicle id="8" x="198.35" y="185.62" angle="0.00" type="DEFAULT_VEHTYPE" speed="8.39" pos="9.63" lane="1/1to1/0_0" slope="0.00"/>
    </timestep>
    <timestep time="789.00">
        <vehicle id="0" x="333.59" y="201.65" angle="-90.00" type="DEFAULT_VEHTYPE" speed="13.12" pos="61.66" lane="2/1to1/1_0" slope="0.00"/>
        <vehicle id="10" x="403.18" y="401.65" angle="-90.00" type="DEFAULT_VEHTYPE" speed="7.48" pos="1.57" lane=":2/2_5_0" slope="0.00"/>
        <vehicle id="11" x="398.35" y="80.36" angle="0.00" type="DEFAULT_VEHTYPE" speed="13.01" pos="114.89" lane="2/1to2/0_0" slope="0.00"/>
        <vehicle id="12" x="42.91" y="398.35" angle="90.00" type="DEFAULT_VEHTYPE" speed="12.72" pos="42.91" lane="0/2to1/2_0" slope="0.00"/>
        <vehicle id="15" x="423.15" y="401.65" angle="-90.00" type="DEFAULT_VEHTYPE" speed="9.04" pos="172.10" lane="3/2to2/2_0" slope="0.00"/>
        <vehicle id="19" x="398.35" y="589.90" angle="0.00" type="DEFAULT_VEHTYPE" speed="12.95" pos="5.35" lane="2/3to2/2_0" slope="0.00"/>
        <vehicle id="2" x="604.46" y="598.31" angle="140.16" type="DEFAULT_VEHTYPE" speed="13.18" pos="4.70" lane=":3/3_8_0" slope="0.00"/>
        <vehicle id="20" x="676.74" y="201.65" angle="-90.00" type="DEFAULT_VEHTYPE" speed="13.54" pos="123.26" lane="4/1to3/1_0" slope="0.00"/>
        <vehicle id="23" x="201.65" y="489.07" angle="180.00" type="DEFAULT_VEHTYPE" speed="12.81" pos="84.32" lane="1/2to1/3_0" slope="0.00"/>
        <vehicle id="24" x="322.45" y="598.35" angle="90.00" type="DEFAULT_VEHTYPE" speed="13.55" pos="117.70" lane="1/3to2/3_0" slope="0.00"/>
        <vehicle id="4" x="398.35" y="521.63" angle="0.00" type="DEFAULT_VEHTYPE" speed="12.68" pos="73.62" lane="2/3to2/2_0" slope="0.00"/>
        <vehicle id="5" x="251.20" y="201.65" angle="-90.00" type="DEFAULT_VEHTYPE" speed="13.39" pos="144.05" lane="2/1to1/1_0" slope="0.00"/>
        <vehicle id="6" x="398.35" y="792.72" angle="0.00" type="DEFAULT_VEHTYPE" speed="13.66" pos="7.28" lane="2/4to2/3_0" slope="0.00"/>
        <vehicle id="7" x="601.65" y="369.35" angle="180.00" type="DEFAULT_VEHTYPE" speed="13.82" pos="164.60" lane="3/1to3/2_0" slope="0.00"/>
        <vehicle id="8" x="198.35" y="174.66" angle="0.00" type="DEFAULT_VEHTYPE" speed="10.96" pos="20.59" lane="1/1to1/0_0" slope="0.00"/>
    </timestep>
    <timestep time="790.00">
        <vehicle id="0" x="320.81" y="201.65" angle="-90.00" type="DEFAULT_VEHTYPE" speed="12.78" pos="74.44" lane="2/1to1/1_0" slope="0.00"/>
        <vehicle id="10" x="393.50" y="401.65" angle="-90.00" type="DEFAULT_VEHTYPE" speed="9.68" pos="1.75" lane="2/2to1/2_0" slope="0.00"/>
        <vehicle id="11" x="398.35" y="67.12" angle="0.00" type="DEFAULT_VEHTYPE" speed="13.24" pos="128.13" lane="2/1to2/0_0" slope="0.00"/>
        <vehicle id="12" x="56.02" y="398.35" angle="90.00" type="DEFAULT_VEHTYPE" speed="13.11" pos="56.02" lane="0/2to1/2_0" slope="0.00"/>
        <vehicle id="15" x="416.07" y="401.65" angle="-90.00" type="DEFAULT_VEHTYPE" speed="7.09" pos="179.18" lane="3/2to2/2_0" slope="0.00"/>
        <vehicle id="19" x="398.35" y="577.00" angle="0.00" type="DEFAULT_VEHTYPE" speed="12.90" pos="18.25" lane="2/3to2/2_0" slope="0.00"/>
        <vehicle id="2" x="617.41" y="598.35" angle="90.00" type="DEFAULT_VEHTYPE" speed="12.96" pos="12.66" lane="3/3to4/3_0" slope="0.00"/>
        <vehicle id="20" x="663.70" y="201.65" angle="-90.00" type="DEFAULT_VEHTYPE" speed="13.04" pos="136.30" lane="4/1to3/1_0" slope="0.00"/>
        <vehicle id="23" x="201.65" y="501.97" angle="180.00" type="DEFAULT_VEHTYPE" speed="12.90" pos="97.22" lane="1/2to1/3_0" slope="0.00"/>
        <vehicle id="24" x="335.22" y="598.35" angle="90.00" type="DEFAULT_VEHTYPE" speed="12.77" pos="130.47" lane="1/3to2/3_0" slope="0.00"/>
        <vehicle id="4" x="398.35" y="508.60" angle="0.00" type="DEFAULT_VEHTYPE" speed="13.03" pos="86.65" lane="2/3to2/2_0" slope="0.00"/>
        <vehicle id="5" x="237.62" y="201.65" angle="-90.00" type="DEFAULT_VEHTYPE" speed="13.59" pos="157.63" lane="2/1to1/1_0" slope="0.00"/>
        <vehicle id="6" x="398.35" y="779.18" angle="0.00" type="DEFAULT_VEHTYPE" speed="13.54" pos="20.82" lane="2/4to2/3_0" slope="0.00"/>
        <vehicle id="7" x="601.65" y="383.05" angle="180.00" type="DEFAULT_VEHTYPE" speed="13.69" pos="178.30" lane="3/1to3/2_0" slope="0.00"/>
        <vehicle id="8" x="198.35" y="162.15" angle="0.00" type="DEFAULT_VEHTYPE" speed="12.51" pos="33.10" lane="1/1to1/0_0" slope="0.00"/>
    </timestep>
    <timestep time="791.00">
        <vehicle id="0" x="307.79" y="201.65" angle="-90.00" type="DEFAULT_VEHTYPE" speed="13.02" pos="87.46" lane="2/1to1/1_0" slope="0.00"/>
        <vehicle id="10" x="381.91" y="401.65" angle="-90.00" type="DEFAULT_VEHTYPE" speed="11.59" pos="13.34" lane="2/2to1/2_0" slope="0.00"/>
        <vehicle id="11" x="398.35" y="53.83" angle="0.00" type="DEFAULT_VEHTYPE" speed="13.29" pos="141.42" lane="2/1to2/0_0" slope="0.00"/>
        <vehicle id="12" x="69.45" y="398.35" angle="90.00" type="DEFAULT_VEHTYPE" speed="13.43" pos="69.45" lane="0/2to1/2_0" slope="0.00"/>
        <vehicle id="15" x="411.75" y="401.65" angle="-90.00" type="DEFAULT_VEHTYPE" speed="4.31" pos="183.50" lane="3/2to2/2_0" slope="0.00"/>
        <vehicle id="19" x="398.35" y="564.17" angle="0.00" type="DEFAULT_VEHTYPE" speed="12.83" pos="31.08" lane="2/3to2/2_0" slope="0.00"/>
        <vehicle id="2" x="630.41" y="598.35" angle="90.00" type="DEFAULT_VEHTYPE" speed="13.00" pos="25.66" lane="3/3to4/3_0" slope="0.00"/>
        <vehicle id="20" x="650.65" y="201.65" angle="-90.00" type="DEFAULT_VEHTYPE" speed="13.05" pos="149.35" lane="4/1to3/1_0" slope="0.00"/>
        <vehicle id="23" x="201.65" y="515.04" angle="180.00" type="DEFAULT_VEHTYPE" speed="13.07" pos="110.29" lane="1/2to1/3_0" slope="0.00"/>
        <vehicle id="24" x="347.88" y="598.35" angle="90.00" type="DEFAULT_VEHTYPE" speed="12.66" pos="143.13" lane="1/3to2/3_0" slope="0.00"/>
        <vehicle id="4" x="398.35" y="495.61" angle="0.00" type="DEFAULT_VEHTYPE" speed="12.99" pos="99.64" lane="2/3to2/2_0" slope="0.00"/>
        <vehicle id="5" x="225.13" y="201.65" angle="-90.00" type="DEFAULT_VEHTYPE" speed="12.49" pos="170.12" lane="2/1to1/1_0" slope="0.00"/>
        <vehicle id="6" x="398.35" y="765.89" angle="0.00" type="DEFAULT_VEHTYPE" speed="13.29" pos="34.11" lane="2/4to2/3_0" slope="0.00"/>
        <vehicle id="7" x="601.65" y="396.68" angle="180.00" type="DEFAULT_VEHTYPE" speed="13.63" pos="1.43" lane=":3/2_9_0" slope="0.00"/>
        <vehicle id="8" x="198.35" y="149.32" angle="0.00" type="DEFAULT_VEHTYPE" speed="12.83" pos="45.93" lane="1/1to1/0_0" slope="0.00"/>
    </timestep>
    <timestep time="792.00">
        <vehicle id="0" x="294.80" y="201.65" angle="-90.00" type="DEFAULT_VEHTYPE" speed="12.99" pos="100.45" lane="2/1to1/1_0" slope="0.00"/>
        <vehicle id="10" x="369.03" y="401.65" angle="-90.00" type="DEFAULT_VEHTYPE" speed="12.88" pos="26.22" lane="2/2to1/2_0" slope="0.00"/>
        <vehicle id="11" x="398.35" y="40.26" angle="0.00" type="DEFAULT_VEHTYPE" speed="13.58" pos="154.99" lane="2/1to2/0_0" slope="0.00"/>
        <vehicle id="12" x="82.67" y="398.35" angle="90.00" type="DEFAULT_VEHTYPE" speed="13.23" pos="82.67" lane="0/2to1/2_0" slope="0.00"/>
        <vehicle id="15" x="409.28" y="401.65" angle="-90.00" type="DEFAULT_VEHTYPE" speed="2.47" pos="185.97" lane="3/2to2/2_0" slope="0.00"/>
        <vehicle id="19" x="398.35" y="551.13" angle="0.00" type="DEFAULT_VEHTYPE" speed="13.04" pos="44.12" lane="2/3to2/2_0" slope="0.00"/>
        <vehicle id="2" x="643.98" y="598.35" angle="90.00" type="DEFAULT_VEHTYPE" speed="13.57" pos="39.23" lane="3/3to4/3_0" slope="0.00"/>
        <vehicle id="20" x="638.02" y="201.65" angle="-90.00" type="DEFAULT_VEHTYPE" speed="12.64" pos="161.98" lane="4/1to3/1_0" slope="0.00"/>
        <vehicle id="23" x="201.65" y="528.50" angle="180.00" type="DEFAULT_VEHTYPE" speed="13.46" pos="123.75" lane="1/2to1/3_0" slope="0.00"/>
        <vehicle id="24" x="360.87" y="598.35" angle="90.00" type="DEFAULT_VEHTYPE" speed="12.99" pos="156.12" lane="1/3to2/3_0" slope="0.00"/>
        <vehicle id="4" x="398.35" y="481.85" angle="0.00" type="DEFAULT_VEHTYPE" speed="13.76" pos="113.40" lane="2/3to2/2_0" slope="0.00"/>
        <vehicle id="5" x="216.82" y="201.65" angle="-90.00" type="DEFAULT_VEHTYPE" speed="8.30" pos="178.43" lane="2/1to1/1_0" slope="0.00"/>
        <vehicle id="6" x="398.35" y="752.48" angle="0.00" type="DEFAULT_VEHTYPE" speed="13.41" pos="47.52" lane="2/4to2/3_0" slope="0.00"/>
        <vehicle id="7" x="601.65" y="410.36" angle="180.00" type="DEFAULT_VEHTYPE" speed="13.69" pos="5.61" lane="3/2to3/3_0" slope="0.00"/>
        <vehicle id="8" x="198.35" y="135.60" angle="0.00" type="DEFAULT_VEHTYPE" speed="13.72" pos="59.65" lane="1/1to1/0_0" slope="0.00"/>
    </timestep>
    <timestep time="793.00">
        <vehicle id="0" x="281.34" y="201.65" angle="-90.00" type="DEFAULT_VEHTYPE" speed="13.47" pos="113.91" lane="2/1to1/1_0" slope="0.00"/>
        <vehicle id="10" x="355.23" y="401.65" angle="-90.00" type="DEFAULT_VEHTYPE" speed="13.80" pos="40.02" lane="2/2to1/2_0" slope="0.00"/>
        <vehicle id="11" x="398.35" y="26.58" angle="0.00" type="DEFAULT_VEHTYPE" speed="13.68" pos="168.67" lane="2/1to2/0_0" slope="0.00"/>
        <vehicle id="12" x="96.43" y="398.35" angle="90.00" type="DEFAULT_VEHTYPE" speed="13.76" pos="96.43" lane="0/2to1/2_0" slope="0.00"/>
        <vehicle id="15" x="405.49" y="401.65" angle="-90.00" type="DEFAULT_VEHTYPE" speed="3.79" pos="189.76" lane="3/2to2/2_0" slope="0.00"/>
        <vehicle id="19" x="398.35" y="537.90" angle="0.00" type="DEFAULT_VEHTYPE" speed="13.23" pos="57.35" lane="2/3to2/2_0" slope="0.00"/>
        <vehicle id="2" x="657.15" y="598.35" angle="90.00" type="DEFAULT_VEHTYPE" speed="13.17" pos="52.40" lane="3/3to4/3_0" slope="0.00"/>
        <vehicle id="20" x="625.80" y="201.65" angle="-90.00" type="DEFAULT_VEHTYPE" speed="12.21" pos="174.20" lane="4/1to3/1_0" slope="0.00"/>
        <vehicle id="23" x="201.65" y="541.44" angle="180.00" type="DEFAULT_VEHTYPE" speed="12.93" pos="136.69" lane="1/2to1/3_0" slope="0.00"/>
        <vehicle id="24" x="372.87" y="598.35" angle="90.00" type="DEFAULT_VEHTYPE" speed="12.00" pos="168.12" lane="1/3to2/3_0" slope="0.00"/>
        <vehicle id="4" x="398.35" y="468.20" angle="0.00" type="DEFAULT_VEHTYPE" speed="13.65" pos="127.05" lane="2/3to2/2_0" slope="0.00"/>
        <vehicle id="5" x="212.15" y="201.65" angle="-90.00" type="DEFAULT_VEHTYPE" speed="4.68" pos="183.10" lane="2/1to1/1_0" slope="0.00"/>
        <vehicle id="6" x="398.35" y="739.77" angle="0.00" type="DEFAULT_VEHTYPE" speed="12.70" pos="60.23" lane="2/4to2/3_0" slope="0.00"/>
        <vehicle id="7" x="601.65" y="423.79" angle="180.00" type="DEFAULT_VEHTYPE" speed="13.43" pos="19.04" lane="3/2to3/3_0" slope="0.00"/>
        <vehicle id="8" x="198.35" y="122.70" angle="0.00" type="DEFAULT_VEHTYPE" speed="12.90" pos="72.55" lane="1/1to1/0_0" slope="0.00"/>
    </timestep>
    <timestep time="794.00">
        <vehicle id="0" x="267.60" y="201.65" angle="-90.00" type="DEFAULT_VEHTYPE" speed="13.74" pos="127.65" lane="2/1to1/1_0" slope="0.00"/>
        <vehicle id="10" x="341.83" y="401.65" angle="-90.00" type="DEFAULT_VEHTYPE" speed="13.40" pos="53.42" lane="2/2to1/2_0" slope="0.00"/>
        <vehicle id="11" x="398.35" y="13.51" angle="0.00" type="DEFAULT_VEHTYPE" speed="13.07" pos="181.74" lane="2/1to2/0_0" slope="0.00"/>
        <vehicle id="12" x="109.26" y="398.35" angle="90.00" type="DEFAULT_VEHTYPE" speed="12.83" pos="109.26" lane="0/2to1/2_0" slope="0.00"/>
        <vehicle id="15" x="400.17" y="401.65" angle="-90.00" type="DEFAULT_VEHTYPE" speed="5.32" pos="4.58" lane=":2/2_5_0" slope="0.00"/>
        <vehicle id="19" x="398.35" y="524.87" angle="0.00" type="DEFAULT_VEHTYPE" speed="13.03" pos="70.38" lane="2/3to2/2_0" slope="0.00"/>
        <vehicle id="2" x="671.01" y="598.35" angle="90.00" type="DEFAULT_VEHTYPE" speed="13.86" pos="66.26" lane="3/3to4/3_0" slope="0.00"/>
        <vehicle id="20" x="617.87" y="201.65" angle="-90.00" type="DEFAULT_VEHTYPE" speed="7.94" pos="182.13" lane="4/1to3/1_0" slope="0.00"/>
        <vehicle id="23" x="201.65" y="555.02" angle="180.00" type="DEFAULT_VEHTYPE" speed="13.58" pos="150.27" lane="1/2to1/3_0" slope="0.00"/>
        <vehicle id="24" x="381.57" y="598.35" angle="90.00" type="DEFAULT_VEHTYPE" speed="8.70" pos="176.82" lane="1/3to2/3_0" slope="0.00"/>
        <vehicle id="4" x="398.35" y="455.28" angle="0.00" type="DEFAULT_VEHTYPE" speed="12.92" pos="139.97" lane="2/3to2/2_0" slope="0.00"/>
        <vehicle id="5" x="208.84" y="201.65" angle="-90.00" type="DEFAULT_VEHTYPE" speed="3.30" pos="186.41" lane="2/1to1/1_0" slope="0.00"/>
        <vehicle id="6" x="398.35" y="726.48" angle="0.00" type="DEFAULT_VEHTYPE" speed="13.29" pos="73.52" lane="2/4to2/3_0" slope="0.00"/>
        <vehicle id="7" x="601.65" y="436.45" angle="180.00" type="DEFAULT_VEHTYPE" speed="12.66" pos="31.70" lane="3/2to3/3_0" slope="0.00"/>
        <vehicle id="8" x="198.35" y="109.48" angle="0.00" type="DEFAULT_VEHTYPE" speed="13.22" pos="85.77" lane="1/1to1/0_0" slope="0.00"/>
    </timestep>
    <timestep time="795.00">
        <vehicle id="0" x="254.10" y="201.65" angle="-90.00" type="DEFAULT_VEHTYPE" speed="13.50" pos="141.15" lane="2/1to1/1_0" slope="0.00"/>
        <vehicle id="10" x="328.18" y="401.65" angle="-90.00" type="DEFAULT_VEHTYPE" speed="13.65" pos="67.07" lane="2/2to1/2_0" slope="0.00"/>
        <vehicle id="11" x="398.35" y="0.17" angle="0.00" type="DEFAULT_VEHTYPE" speed="13.33" pos="195.08" lane="2/1to2/0_0" slope="0.00"/>
        <vehicle id="12" x="122.10" y="398.35" angle="90.00" type="DEFAULT_VEHTYPE" speed="12.85" pos="122.10" lane="0/2to1/2_0" slope="0.00"/>
        <vehicle id="15" x="392.65" y="401.65" angle="-90.00" type="DEFAULT_VEHTYPE" speed="7.52" pos="2.60" lane="2/2to1/2_0" slope="0.00"/>
        <vehicle id="19" x="398.35" y="511.12" angle="0.00" type="DEFAULT_VEHTYPE" speed="13.75" pos="84.13" lane="2/3to2/2_0" slope="0.00"/>
        <vehicle id="2" x="684.29" y="598.35" angle="90.00" type="DEFAULT_VEHTYPE" speed="13.28" pos="79.54" lane="3/3to4/3_0" slope="0.00"/>
        <vehicle id="20" x="612.65" y="201.65" angle="-90.00" type="DEFAULT_VEHTYPE" speed="5.21" pos="187.35" lane="4/1to3/1_0" slope="0.00"/>
        <vehicle id="23" x="201.65" y="567.94" angle="180.00" type="DEFAULT_VEHTYPE" speed="12.93" pos="163.19" lane="1/2to1/3_0" slope="0.00"/>
        <vehicle id="24" x="387.87" y="598.35" angle="90.00" type="DEFAULT_VEHTYPE" speed="6.30" pos="183.12" lane="1/3to2/3_0" slope="0.00"/>
        <vehicle id="4" x="398.35" y="442.11" angle="0.00" type="DEFAULT_VEHTYPE" speed="13.16" pos="153.14" lane="2/3to2/2_0" slope="0.00"/>
        <vehicle id="5" x="204.09" y="201.74" angle="-91.05" type="DEFAULT_VEHTYPE" speed="4.76" pos="0.66" lane=":1/1_4_0" slope="0.00"/>
        <vehicle id="6" x="398.35" y="713.84" angle="0.00" type="DEFAULT_VEHTYPE" speed="12.64" pos="86.16" lane="2/4to2/3_0" slope="0.00"/>
        <vehicle id="7" x="601.65" y="449.18" angle="180.00" type="DEFAULT_VEHTYPE" speed="12.72" pos="44.43" lane="3/2to3/3_0" slope="0.00"/>
        <vehicle id="8" x="198.35" y="96.40" angle="0.00" type="DEFAULT_VEHTYPE" speed="13.08" pos="98.85" lane="1/1to1/0_0" slope="0.00"/>
    </timestep>
    <timestep time="796.00">
        <vehicle id="0" x="241.47" y="201.65" angle="-90.00" type="DEFAULT_VEHTYPE" speed="12.63" pos="153.78" lane="2/1to1/1_0" slope="0.00"/>
        <vehicle id="10" x="314.68" y="401.65" angle="-90.00" type="DEFAULT_VEHTYPE" speed="13.50" pos="80.57" lane="2/2to1/2_0" slope="0.00"/>
        <vehicle id="11" x="401.65" y="8.30" angle="180.00" type="DEFAULT_VEHTYPE" speed="13.29" pos="8.30" lane="2/0to2/1_0" slope="0.00"/>
        <vehicle id="12" x="135.11" y="398.35" angle="90.00" type="DEFAULT_VEHTYPE" speed="13.01" pos="135.11" lane="0/2to1/2_0" slope="0.00"/>
        <vehicle id="15" x="382.57" y="401.65" angle="-90.00" type="DEFAULT_VEHTYPE" speed="10.07" pos="12.68" lane="2/2to1/2_0" slope="0.00"/>
        <vehicle id="19" x="398.35" y="497.25" angle="0.00" type="DEFAULT_VEHTYPE" speed="13.87" pos="98.00" lane="2/3to2/2_0" slope="0.00"/>
        <vehicle id="2" x="697.71" y="598.35" angle="90.00" type="DEFAULT_VEHTYPE" speed="13.42" pos="92.96" lane="3/3to4/3_0" slope="0.00"/>
        <vehicle id="20" x="609.18" y="201.65" angle="-90.00" type="DEFAULT_VEHTYPE" speed="3.48" pos="190.82" lane="4/1to3/1_0" slope="0.00"/>
        <vehicle id="23" x="201.65" y="581.00" angle="180.00" type="DEFAULT_VEHTYPE" speed="13.06" pos="176.25" lane="1/2to1/3_0" slope="0.00"/>
        <vehicle id="24" x="390.21" y="598.35" angle="90.00" type="DEFAULT_VEHTYPE" speed="2.35" pos="185.46" lane="1/3to2/3_0" slope="0.00"/>
        <vehicle id="4" x="398.35" y="429.14" angle="0.00" type="DEFAULT_VEHTYPE" speed="12.97" pos="166.11" lane="2/3to2/2_0" slope="0.00"/>
        <vehicle id="5" x="201.65" y="207.12" angle="-169.44" type="DEFAULT_VEHTYPE" speed="6.71" pos="2.37" lane="1/1to1/2_0" slope="0.00"/>
        <vehicle id="6" x="398.35" y="700.57" angle="0.00" type="DEFAULT_VEHTYPE" speed="13.27" pos="99.43" lane="2/4to2/3_0" slope="0.00"/>
        <vehicle id="7" x="601.65" y="462.13" angle="180.00" type="DEFAULT_VEHTYPE" speed="12.96" pos="57.38" lane="3/2to3/3_0" slope="0.00"/>
        <vehicle id="8" x="198.35" y="83.24" angle="0.00" type="DEFAULT_VEHTYPE" speed="13.16" pos="112.01" lane="1/1to1/0_0" slope="0.00"/>
    </timestep>
    <timestep time="797.00">
        <vehicle id="0" x="228.70" y="201.65" angle="-90.00" type="DEFAULT_VEHTYPE" speed="12.77" pos="166.55" lane="2/1to1/1_0" slope="0.00"/>
        <vehicle id="10" x="301.45" y="401.65" angle="-90.00" type="DEFAULT_VEHTYPE" speed="13.23" pos="93.80" lane="2/2to1/2_0" slope="0.00"/>
        <vehicle id="11" x="401.65" y="20.97" angle="180.00" type="DEFAULT_VEHTYPE" speed="12.67" pos="20.97" lane="2/0to2/1_0" slope="0.00"/>
        <vehicle id="12" x="148.80" y="398.35" angle="90.00" type="DEFAULT_VEHTYPE" speed="13.69" pos="148.80" lane="0/2to1/2_0" slope="0.00"/>
        <vehicle id="15" x="370.26" y="401.65" angle="-90.00" type="DEFAULT_VEHTYPE" speed="12.31" pos="24.99" lane="2/2to1/2_0" slope="0.00"/>
        <vehicle id="19" x="398.35" y="483.99" angle="0.00" type="DEFAULT_VEHTYPE" speed="13.26" pos="111.26" lane="2/3to2/2_0" slope="0.00"/>
        <vehicle id="2" x="710.66" y="598.35" angle="90.00" type="DEFAULT_VEHTYPE" speed="12.95" pos="105.91" lane="3/3to4/3_0" slope="0.00"/>
        <vehicle id="20" x="603.48" y="201.83" angle="-92.03" type="DEFAULT_VEHTYPE" speed="5.70" pos="1.28" lane=":3/1_4_0" slope="0.00"/>
        <vehicle id="23" x="201.65" y="594.74" angle="180.00" type="DEFAULT_VEHTYPE" speed="13.74" pos="189.99" lane="1/2to1/3_0" slope="0.00"/>
        <vehicle id="24" x="394.24" y="598.35" angle="90.00" type="DEFAULT_VEHTYPE" speed="4.03" pos="189.49" lane="1/3to2/3_0" slope="0.00"/>
        <vehicle id="4" x="398.35" y="416.35" angle="0.00" type="DEFAULT_VEHTYPE" speed="12.79" pos="178.90" lane="2/3to2/2_0" slope="0.00"/>
        <vehicle id="5" x="201.65" y="215.28" angle="180.00" type="DEFAULT_VEHTYPE" speed="8.15" pos="10.53" lane="1/1to1/2_0" slope="0.00"/>
        <vehicle id="6" x="398.35" y="686.89" angle="0.00" type="DEFAULT_VEHTYPE" speed="13.67" pos="113.11" lane="2/4to2/3_0" slope="0.00"/>
        <vehicle id="7" x="601.65" y="475.13" angle="180.00" type="DEFAULT_VEHTYPE" speed="13.00" pos="70.38" lane="3/2to3/3_0" slope="0.00"/>
        <vehicle id="8" x="198.35" y="70.32" angle="0.00" type="DEFAULT_VEHTYPE" speed="12.91" pos="124.93" lane="1/1to1/0_0" slope="0.00"/>
    </timestep>
    <timestep time="798.00">
        <vehicle id="0" x="219.11" y="201.65" angle="-90.00" type="DEFAULT_VEHTYPE" speed="9.59" pos="176.14" lane="2/1to1/1_0" slope="0.00"/>
        <vehicle id="10" x="288.55" y="401.65" angle="-90.00" type="DEFAULT_VEHTYPE" speed="12.90" pos="106.70" lane="2/2to1/2_0" slope="0.00"/>
        <vehicle id="11" x="401.65" y="34.72" angle="180.00" type="DEFAULT_VEHTYPE" speed="13.75" pos="34.72" lane="2/0to2/1_0" slope="0.00"/>
        <vehicle id="12" x="161.68" y="398.35" angle="90.00" type="DEFAULT_VEHTYPE" speed="12.88" pos="161.68" lane="0/2to1/2_0" slope="0.00"/>
        <vehicle id="15" x="357.40" y="401.65" angle="-90.00" type="DEFAULT_VEHTYPE" speed="12.86" pos="37.85" lane="2/2to1/2_0" slope="0.00"/>
        <vehicle id="19" x="398.35" y="471.29" angle="0.00" type="DEFAULT_VEHTYPE" speed="12.70" pos="123.96" lane="2/3to2/2_0" slope="0.00"/>
        <vehicle id="2" x="724.11" y="598.35" angle="90.00" type="DEFAULT_VEHTYPE" speed="13.45" pos="119.36" lane="3/3to4/3_0" slope="0.00"/>
        <vehicle id="20" x="601.65" y="208.07" angle="-175.93" type="DEFAULT_VEHTYPE" speed="7.04" pos="3.32" lane="3/1to3/2_0" slope="0.00"/>
        <vehicle id="23" x="212.48" y="598.35" angle="90.00" type="DEFAULT_VEHTYPE" speed="13.24" pos="7.73" lane="1/3to2/3_0" slope="0.00"/>
        <vehicle id="24" x="399.55" y="599.65" angle="105.38" type="DEFAULT_VEHTYPE" speed="5.59" pos="4.58" lane=":2/3_14_0" slope="0.00"/>
        <vehicle id="4" x="398.35" y="403.75" angle="0.00" type="DEFAULT_VEHTYPE" speed="12.60" pos="1.00" lane=":2/2_1_0" slope="0.00"/>
        <vehicle id="5" x="201.65" y="225.30" angle="180.00" type="DEFAULT_VEHTYPE" speed="10.02" pos="20.55" lane="1/1to1/2_0" slope="0.00"/>
        <vehicle id="6" x="398.35" y="673.67" angle="0.00" type="DEFAULT_VEHTYPE" speed="13.22" pos="126.33" lane="2/4to2/3_0" slope="0.00"/>
        <vehicle id="7" x="601.65" y="488.44" angle="180.00" type="DEFAULT_VEHTYPE" speed="13.31" pos="83.69" lane="3/2to3/3_0" slope="0.00"/>
        <vehicle id="8" x="198.35" y="56.56" angle="0.00" type="DEFAULT_VEHTYPE" speed="13.76" pos="138.69" lane="1/1to1/0_0" slope="0.00"/>
    </timestep>
    <timestep time="799.00">
        <vehicle id="0" x="213.49" y="201.65" angle="-90.00" type="DEFAULT_VEHTYPE" speed="5.62" pos="181.76" lane="2/1to1/1_0" slope="0.00"/>
        <vehicle id="10" x="275.78" y="401.65" angle="-90.00" type="DEFAULT_VEHTYPE" speed="12.77" pos="119.47" lane="2/2to1/2_0" slope="0.00"/>
        <vehicle id="11" x="401.65" y="48.51" angle="180.00" type="DEFAULT_VEHTYPE" speed="13.80" pos="48.51" lane="2/0to2/1_0" slope="0.00"/>
        <vehicle id="12" x="173.87" y="398.35" angle="90.00" type="DEFAULT_VEHTYPE" speed="12.19" pos="173.87" lane="0/2to1/2_0" slope="0.00"/>
        <vehicle id="15" x="343.69" y="401.65" angle="-90.00" type="DEFAULT_VEHTYPE" speed="13.71" pos="51.56" lane="2/2to1/2_0" slope="0.00"/>
        <vehicle id="19" x="398.35" y="457.59" angle="0.00" type="DEFAULT_VEHTYPE" speed="13.70" pos="137.66" lane="2/3to2/2_0" slope="0.00"/>
        <vehicle id="2" x="737.37" y="598.35" angle="90.00" type="DEFAULT_VEHTYPE" speed="13.27" pos="132.62" lane="3/3to4/3_0" slope="0.00"/>
        <vehicle id="20" x="601.65" y="216.70" angle="180.00" type="DEFAULT_VEHTYPE" speed="8.63" pos="11.95" lane="3/1to3/2_0" slope="0.00"/>
        <vehicle id="23" x="226.05" y="598.35" angle="90.00" type="DEFAULT_VEHTYPE" speed="13.57" pos="21.30" lane="1/3to2/3_0" slope="0.00"/>
        <vehicle id="24" x="401.65" y="605.95" angle="169.45" type="DEFAULT_VEHTYPE" speed="6.94" pos="1.20" lane="2/3to2/4_0" slope="0.00"/>
        <vehicle id="4" x="398.35" y="390.61" angle="0.00" type="DEFAULT_VEHTYPE" speed="13.14" pos="4.64" lane="2/2to2/1_0" slope="0.00"/>
        <vehicle id="5" x="201.65" y="237.33" angle="180.00" type="DEFAULT_VEHTYPE" speed="12.03" pos="32.58" lane="1/1to1/2_0" slope="0.00"/>
        <vehicle id="6" x="398.35" y="659.84" angle="0.00" type="DEFAULT_VEHTYPE" speed="13.83" pos="140.16" lane="2/4to2/3_0" slope="0.00"/>
        <vehicle id="7" x="601.65" y="502.13" angle="180.00" type="DEFAULT_VEHTYPE" speed="13.69" pos="97.38" lane="3/2to3/3_0" slope="0.00"/>
        <vehicle id="8" x="198.35" y="43.16" angle="0.00" type="DEFAULT_VEHTYPE" speed="13.40" pos="152.09" lane="1/1to1/0_0" slope="0.00"/>
    </timestep>
</fcd-export>
