<?xml version="1.0" encoding="UTF-8"?>

<!-- generated on Tue Nov  5 09:59:21 2013 by SUMO sumo Version 0.18.0
<?xml version="1.0" encoding="UTF-8"?>

<configuration xmlns:xsi="http://www.w3.org/2001/XMLSchema-instance" xsi:noNamespaceSchemaLocation="http://sumo.sf.net/xsd/sumoConfiguration.xsd">

    <input>
        <net-file value="test.net.xml"/>
        <route-files value="test.rou.xml"/>
        <additional-files value="test.rerouter.xml"/>
    </input>

    <output>
        <fcd-output value="test-25.fcd.xml"/>
        <save-state.prefix value="state"/>
    </output>

    <time>
        <begin value="0"/>
        <end value="800"/>
    </time>

    <gui_only>
        <gui-settings-file value="test.settings.xml"/>
    </gui_only>

</configuration>
-->

<fcd-export>
    <timestep time="0.00">
        <vehicle id="0" x="390.15" y="201.65" angle="-90.00" type="DEFAULT_VEHTYPE" speed="0.00" pos="5.10" lane="2/1to1/1_0" slope="0.00"/>
    </timestep>
    <timestep time="1.00">
        <vehicle id="0" x="388.71" y="201.65" angle="-90.00" type="DEFAULT_VEHTYPE" speed="1.44" pos="6.54" lane="2/1to1/1_0" slope="0.00"/>
        <vehicle id="1" x="390.15" y="401.65" angle="-90.00" type="DEFAULT_VEHTYPE" speed="0.00" pos="5.10" lane="2/2to1/2_0" slope="0.00"/>
    </timestep>
    <timestep time="2.00">
        <vehicle id="0" x="385.59" y="201.65" angle="-90.00" type="DEFAULT_VEHTYPE" speed="3.12" pos="9.66" lane="2/1to1/1_0" slope="0.00"/>
        <vehicle id="1" x="387.61" y="401.65" angle="-90.00" type="DEFAULT_VEHTYPE" speed="2.54" pos="7.64" lane="2/2to1/2_0" slope="0.00"/>
    </timestep>
    <timestep time="3.00">
        <vehicle id="0" x="380.52" y="201.65" angle="-90.00" type="DEFAULT_VEHTYPE" speed="5.08" pos="14.73" lane="2/1to1/1_0" slope="0.00"/>
        <vehicle id="1" x="383.24" y="401.65" angle="-90.00" type="DEFAULT_VEHTYPE" speed="4.37" pos="12.01" lane="2/2to1/2_0" slope="0.00"/>
        <vehicle id="2" x="390.15" y="201.65" angle="-90.00" type="DEFAULT_VEHTYPE" speed="0.00" pos="5.10" lane="2/1to1/1_0" slope="0.00"/>
        <vehicle id="3" x="398.35" y="590.15" angle="0.00" type="DEFAULT_VEHTYPE" speed="0.00" pos="5.10" lane="2/3to2/2_0" slope="0.00"/>
    </timestep>
    <timestep time="4.00">
        <vehicle id="0" x="373.55" y="201.65" angle="-90.00" type="DEFAULT_VEHTYPE" speed="6.97" pos="21.70" lane="2/1to1/1_0" slope="0.00"/>
        <vehicle id="1" x="377.23" y="401.65" angle="-90.00" type="DEFAULT_VEHTYPE" speed="6.01" pos="18.02" lane="2/2to1/2_0" slope="0.00"/>
        <vehicle id="2" x="387.95" y="201.65" angle="-90.00" type="DEFAULT_VEHTYPE" speed="2.20" pos="7.30" lane="2/1to1/1_0" slope="0.00"/>
        <vehicle id="3" x="398.35" y="587.56" angle="0.00" type="DEFAULT_VEHTYPE" speed="2.59" pos="7.69" lane="2/3to2/2_0" slope="0.00"/>
        <vehicle id="4" x="794.90" y="201.65" angle="-90.00" type="DEFAULT_VEHTYPE" speed="0.00" pos="5.10" lane="4/1to3/1_0" slope="0.00"/>
    </timestep>
    <timestep time="5.00">
        <vehicle id="0" x="364.59" y="201.65" angle="-90.00" type="DEFAULT_VEHTYPE" speed="8.96" pos="30.66" lane="2/1to1/1_0" slope="0.00"/>
        <vehicle id="1" x="369.21" y="401.65" angle="-90.00" type="DEFAULT_VEHTYPE" speed="8.02" pos="26.04" lane="2/2to1/2_0" slope="0.00"/>
        <vehicle id="2" x="384.02" y="201.65" angle="-90.00" type="DEFAULT_VEHTYPE" speed="3.93" pos="11.23" lane="2/1to1/1_0" slope="0.00"/>
        <vehicle id="3" x="398.35" y="583.10" angle="0.00" type="DEFAULT_VEHTYPE" speed="4.46" pos="12.15" lane="2/3to2/2_0" slope="0.00"/>
        <vehicle id="4" x="792.64" y="201.65" angle="-90.00" type="DEFAULT_VEHTYPE" speed="2.26" pos="7.36" lane="4/1to3/1_0" slope="0.00"/>
        <vehicle id="5" x="590.15" y="201.65" angle="-90.00" type="DEFAULT_VEHTYPE" speed="0.00" pos="5.10" lane="3/1to2/1_0" slope="0.00"/>
    </timestep>
    <timestep time="6.00">
        <vehicle id="0" x="354.16" y="201.65" angle="-90.00" type="DEFAULT_VEHTYPE" speed="10.42" pos="41.09" lane="2/1to1/1_0" slope="0.00"/>
        <vehicle id="1" x="359.01" y="401.65" angle="-90.00" type="DEFAULT_VEHTYPE" speed="10.20" pos="36.24" lane="2/2to1/2_0" slope="0.00"/>
        <vehicle id="2" x="377.57" y="201.65" angle="-90.00" type="DEFAULT_VEHTYPE" speed="6.45" pos="17.68" lane="2/1to1/1_0" slope="0.00"/>
        <vehicle id="3" x="398.35" y="576.93" angle="0.00" type="DEFAULT_VEHTYPE" speed="6.17" pos="18.32" lane="2/3to2/2_0" slope="0.00"/>
        <vehicle id="4" x="787.85" y="201.65" angle="-90.00" type="DEFAULT_VEHTYPE" speed="4.80" pos="12.15" lane="4/1to3/1_0" slope="0.00"/>
        <vehicle id="5" x="588.22" y="201.65" angle="-90.00" type="DEFAULT_VEHTYPE" speed="1.93" pos="7.03" lane="3/1to2/1_0" slope="0.00"/>
        <vehicle id="6" x="598.35" y="390.15" angle="0.00" type="DEFAULT_VEHTYPE" speed="0.00" pos="5.10" lane="3/2to3/1_0" slope="0.00"/>
    </timestep>
    <timestep time="7.00">
        <vehicle id="0" x="341.96" y="201.65" angle="-90.00" type="DEFAULT_VEHTYPE" speed="12.20" pos="53.29" lane="2/1to1/1_0" slope="0.00"/>
        <vehicle id="1" x="347.44" y="401.65" angle="-90.00" type="DEFAULT_VEHTYPE" speed="11.58" pos="47.81" lane="2/2to1/2_0" slope="0.00"/>
        <vehicle id="2" x="368.92" y="201.65" angle="-90.00" type="DEFAULT_VEHTYPE" speed="8.65" pos="26.33" lane="2/1to1/1_0" slope="0.00"/>
        <vehicle id="3" x="398.35" y="569.24" angle="0.00" type="DEFAULT_VEHTYPE" speed="7.70" pos="26.01" lane="2/3to2/2_0" slope="0.00"/>
        <vehicle id="4" x="781.61" y="201.65" angle="-90.00" type="DEFAULT_VEHTYPE" speed="6.24" pos="18.39" lane="4/1to3/1_0" slope="0.00"/>
        <vehicle id="5" x="584.20" y="201.65" angle="-90.00" type="DEFAULT_VEHTYPE" speed="4.02" pos="11.05" lane="3/1to2/1_0" slope="0.00"/>
        <vehicle id="6" x="598.35" y="388.26" angle="0.00" type="DEFAULT_VEHTYPE" speed="1.89" pos="6.99" lane="3/2to3/1_0" slope="0.00"/>
        <vehicle id="7" x="401.65" y="5.10" angle="180.00" type="DEFAULT_VEHTYPE" speed="0.00" pos="5.10" lane="2/0to2/1_0" slope="0.00"/>
    </timestep>
    <timestep time="8.00">
        <vehicle id="0" x="328.11" y="201.65" angle="-90.00" type="DEFAULT_VEHTYPE" speed="13.86" pos="67.14" lane="2/1to1/1_0" slope="0.00"/>
        <vehicle id="1" x="333.93" y="401.65" angle="-90.00" type="DEFAULT_VEHTYPE" speed="13.51" pos="61.32" lane="2/2to1/2_0" slope="0.00"/>
        <vehicle id="2" x="357.98" y="201.65" angle="-90.00" type="DEFAULT_VEHTYPE" speed="10.94" pos="37.27" lane="2/1to1/1_0" slope="0.00"/>
        <vehicle id="3" x="398.35" y="559.94" angle="0.00" type="DEFAULT_VEHTYPE" speed="9.30" pos="35.31" lane="2/3to2/2_0" slope="0.00"/>
        <vehicle id="4" x="772.97" y="201.65" angle="-90.00" type="DEFAULT_VEHTYPE" speed="8.64" pos="27.03" lane="4/1to3/1_0" slope="0.00"/>
        <vehicle id="5" x="578.83" y="201.65" angle="-90.00" type="DEFAULT_VEHTYPE" speed="5.37" pos="16.42" lane="3/1to2/1_0" slope="0.00"/>
        <vehicle id="6" x="598.35" y="383.80" angle="0.00" type="DEFAULT_VEHTYPE" speed="4.45" pos="11.45" lane="3/2to3/1_0" slope="0.00"/>
        <vehicle id="7" x="401.65" y="6.81" angle="180.00" type="DEFAULT_VEHTYPE" speed="1.71" pos="6.81" lane="2/0to2/1_0" slope="0.00"/>
        <vehicle id="8" x="598.35" y="794.90" angle="0.00" type="DEFAULT_VEHTYPE" speed="0.00" pos="5.10" lane="3/4to3/3_0" slope="0.00"/>
    </timestep>
    <timestep time="9.00">
        <vehicle id="0" x="314.37" y="201.65" angle="-90.00" type="DEFAULT_VEHTYPE" speed="13.73" pos="80.88" lane="2/1to1/1_0" slope="0.00"/>
        <vehicle id="1" x="320.19" y="401.65" angle="-90.00" type="DEFAULT_VEHTYPE" speed="13.74" pos="75.06" lane="2/2to1/2_0" slope="0.00"/>
        <vehicle id="2" x="344.87" y="201.65" angle="-90.00" type="DEFAULT_VEHTYPE" speed="13.11" pos="50.38" lane="2/1to1/1_0" slope="0.00"/>
        <vehicle id="3" x="398.35" y="548.57" angle="0.00" type="DEFAULT_VEHTYPE" speed="11.37" pos="46.68" lane="2/3to2/2_0" slope="0.00"/>
        <vehicle id="4" x="762.99" y="201.65" angle="-90.00" type="DEFAULT_VEHTYPE" speed="9.98" pos="37.01" lane="4/1to3/1_0" slope="0.00"/>
        <vehicle id="5" x="571.19" y="201.65" angle="-90.00" type="DEFAULT_VEHTYPE" speed="7.63" pos="24.06" lane="3/1to2/1_0" slope="0.00"/>
        <vehicle id="6" x="598.35" y="377.04" angle="0.00" type="DEFAULT_VEHTYPE" speed="6.76" pos="18.21" lane="3/2to3/1_0" slope="0.00"/>
        <vehicle id="7" x="401.65" y="10.90" angle="180.00" type="DEFAULT_VEHTYPE" speed="4.09" pos="10.90" lane="2/0to2/1_0" slope="0.00"/>
        <vehicle id="8" x="598.35" y="793.04" angle="0.00" type="DEFAULT_VEHTYPE" speed="1.86" pos="6.96" lane="3/4to3/3_0" slope="0.00"/>
        <vehicle id="9" x="401.65" y="209.85" angle="180.00" type="DEFAULT_VEHTYPE" speed="0.00" pos="5.10" lane="2/1to2/2_0" slope="0.00"/>
    </timestep>
    <timestep time="10.00">
        <vehicle id="0" x="301.53" y="201.65" angle="-90.00" type="DEFAULT_VEHTYPE" speed="12.84" pos="93.72" lane="2/1to1/1_0" slope="0.00"/>
        <vehicle id="1" x="306.41" y="401.65" angle="-90.00" type="DEFAULT_VEHTYPE" speed="13.78" pos="88.84" lane="2/2to1/2_0" slope="0.00"/>
        <vehicle id="10" x="609.85" y="198.35" angle="90.00" type="DEFAULT_VEHTYPE" speed="0.00" pos="5.10" lane="3/1to4/1_0" slope="0.00"/>
        <vehicle id="2" x="331.28" y="201.65" angle="-90.00" type="DEFAULT_VEHTYPE" speed="13.59" pos="63.97" lane="2/1to1/1_0" slope="0.00"/>
        <vehicle id="3" x="398.35" y="535.54" angle="0.00" type="DEFAULT_VEHTYPE" speed="13.03" pos="59.71" lane="2/3to2/2_0" slope="0.00"/>
        <vehicle id="4" x="751.34" y="201.65" angle="-90.00" type="DEFAULT_VEHTYPE" speed="11.65" pos="48.66" lane="4/1to3/1_0" slope="0.00"/>
        <vehicle id="5" x="561.74" y="201.65" angle="-90.00" type="DEFAULT_VEHTYPE" speed="9.46" pos="33.51" lane="3/1to2/1_0" slope="0.00"/>
        <vehicle id="6" x="598.35" y="368.58" angle="0.00" type="DEFAULT_VEHTYPE" speed="8.46" pos="26.67" lane="3/2to3/1_0" slope="0.00"/>
        <vehicle id="7" x="401.65" y="16.38" angle="180.00" type="DEFAULT_VEHTYPE" speed="5.48" pos="16.38" lane="2/0to2/1_0" slope="0.00"/>
        <vehicle id="8" x="598.35" y="789.83" angle="0.00" type="DEFAULT_VEHTYPE" speed="3.21" pos="10.17" lane="3/4to3/3_0" slope="0.00"/>
        <vehicle id="9" x="401.65" y="212.05" angle="180.00" type="DEFAULT_VEHTYPE" speed="2.20" pos="7.30" lane="2/1to2/2_0" slope="0.00"/>
    </timestep>
    <timestep time="11.00">
        <vehicle id="0" x="288.38" y="201.65" angle="-90.00" type="DEFAULT_VEHTYPE" speed="13.15" pos="106.87" lane="2/1to1/1_0" slope="0.00"/>
        <vehicle id="1" x="292.73" y="401.65" angle="-90.00" type="DEFAULT_VEHTYPE" speed="13.68" pos="102.52" lane="2/2to1/2_0" slope="0.00"/>
        <vehicle id="10" x="611.24" y="198.35" angle="90.00" type="DEFAULT_VEHTYPE" speed="1.39" pos="6.49" lane="3/1to4/1_0" slope="0.00"/>
        <vehicle id="11" x="401.65" y="609.85" angle="180.00" type="DEFAULT_VEHTYPE" speed="0.00" pos="5.10" lane="2/3to2/4_0" slope="0.00"/>
        <vehicle id="2" x="318.02" y="201.65" angle="-90.00" type="DEFAULT_VEHTYPE" speed="13.26" pos="77.23" lane="2/1to1/1_0" slope="0.00"/>
        <vehicle id="3" x="398.35" y="522.88" angle="0.00" type="DEFAULT_VEHTYPE" speed="12.66" pos="72.37" lane="2/3to2/2_0" slope="0.00"/>
        <vehicle id="4" x="737.68" y="201.65" angle="-90.00" type="DEFAULT_VEHTYPE" speed="13.66" pos="62.32" lane="4/1to3/1_0" slope="0.00"/>
        <vehicle id="5" x="550.52" y="201.65" angle="-90.00" type="DEFAULT_VEHTYPE" speed="11.22" pos="44.73" lane="3/1to2/1_0" slope="0.00"/>
        <vehicle id="6" x="598.35" y="357.71" angle="0.00" type="DEFAULT_VEHTYPE" speed="10.87" pos="37.54" lane="3/2to3/1_0" slope="0.00"/>
        <vehicle id="7" x="401.65" y="24.42" angle="180.00" type="DEFAULT_VEHTYPE" speed="8.04" pos="24.42" lane="2/0to2/1_0" slope="0.00"/>
        <vehicle id="8" x="598.35" y="784.39" angle="0.00" type="DEFAULT_VEHTYPE" speed="5.45" pos="15.61" lane="3/4to3/3_0" slope="0.00"/>
        <vehicle id="9" x="401.65" y="216.14" angle="180.00" type="DEFAULT_VEHTYPE" speed="4.09" pos="11.39" lane="2/1to2/2_0" slope="0.00"/>
    </timestep>
    <timestep time="12.00">
        <vehicle id="0" x="274.72" y="201.65" angle="-90.00" type="DEFAULT_VEHTYPE" speed="13.67" pos="120.53" lane="2/1to1/1_0" slope="0.00"/>
        <vehicle id="1" x="280.12" y="401.65" angle="-90.00" type="DEFAULT_VEHTYPE" speed="12.61" pos="115.13" lane="2/2to1/2_0" slope="0.00"/>
        <vehicle id="10" x="615.13" y="198.35" angle="90.00" type="DEFAULT_VEHTYPE" speed="3.89" pos="10.38" lane="3/1to4/1_0" slope="0.00"/>
        <vehicle id="11" x="401.65" y="611.51" angle="180.00" type="DEFAULT_VEHTYPE" speed="1.66" pos="6.76" lane="2/3to2/4_0" slope="0.00"/>
        <vehicle id="12" x="209.85" y="198.35" angle="90.00" type="DEFAULT_VEHTYPE" speed="0.00" pos="5.10" lane="1/1to2/1_0" slope="0.00"/>
        <vehicle id="2" x="304.21" y="201.65" angle="-90.00" type="DEFAULT_VEHTYPE" speed="13.81" pos="91.04" lane="2/1to1/1_0" slope="0.00"/>
        <vehicle id="3" x="398.35" y="509.39" angle="0.00" type="DEFAULT_VEHTYPE" speed="13.49" pos="85.86" lane="2/3to2/2_0" slope="0.00"/>
        <vehicle id="4" x="724.22" y="201.65" angle="-90.00" type="DEFAULT_VEHTYPE" speed="13.46" pos="75.78" lane="4/1to3/1_0" slope="0.00"/>
        <vehicle id="5" x="536.81" y="201.65" angle="-90.00" type="DEFAULT_VEHTYPE" speed="13.71" pos="58.44" lane="3/1to2/1_0" slope="0.00"/>
        <vehicle id="6" x="598.35" y="344.98" angle="0.00" type="DEFAULT_VEHTYPE" speed="12.73" pos="50.27" lane="3/2to3/1_0" slope="0.00"/>
        <vehicle id="7" x="401.65" y="34.79" angle="180.00" type="DEFAULT_VEHTYPE" speed="10.37" pos="34.79" lane="2/0to2/1_0" slope="0.00"/>
        <vehicle id="8" x="598.35" y="776.58" angle="0.00" type="DEFAULT_VEHTYPE" speed="7.81" pos="23.42" lane="3/4to3/3_0" slope="0.00"/>
        <vehicle id="9" x="401.65" y="222.77" angle="180.00" type="DEFAULT_VEHTYPE" speed="6.63" pos="18.02" lane="2/1to2/2_0" slope="0.00"/>
    </timestep>
    <timestep time="13.00">
        <vehicle id="0" x="261.70" y="201.65" angle="-90.00" type="DEFAULT_VEHTYPE" speed="13.02" pos="133.55" lane="2/1to1/1_0" slope="0.00"/>
        <vehicle id="1" x="266.77" y="401.65" angle="-90.00" type="DEFAULT_VEHTYPE" speed="13.35" pos="128.48" lane="2/2to1/2_0" slope="0.00"/>
        <vehicle id="10" x="620.35" y="198.35" angle="90.00" type="DEFAULT_VEHTYPE" speed="5.22" pos="15.60" lane="3/1to4/1_0" slope="0.00"/>
        <vehicle id="11" x="401.65" y="615.74" angle="180.00" type="DEFAULT_VEHTYPE" speed="4.23" pos="10.99" lane="2/3to2/4_0" slope="0.00"/>
        <vehicle id="12" x="212.06" y="198.35" angle="90.00" type="DEFAULT_VEHTYPE" speed="2.21" pos="7.31" lane="1/1to2/1_0" slope="0.00"/>
        <vehicle id="13" x="609.85" y="398.35" angle="90.00" type="DEFAULT_VEHTYPE" speed="0.00" pos="5.10" lane="3/2to4/2_0" slope="0.00"/>
        <vehicle id="2" x="290.58" y="201.65" angle="-90.00" type="DEFAULT_VEHTYPE" speed="13.62" pos="104.67" lane="2/1to1/1_0" slope="0.00"/>
        <vehicle id="3" x="398.35" y="496.29" angle="0.00" type="DEFAULT_VEHTYPE" speed="13.10" pos="98.96" lane="2/3to2/2_0" slope="0.00"/>
        <vehicle id="4" x="710.82" y="201.65" angle="-90.00" type="DEFAULT_VEHTYPE" speed="13.39" pos="89.18" lane="4/1to3/1_0" slope="0.00"/>
        <vehicle id="5" x="523.57" y="201.65" angle="-90.00" type="DEFAULT_VEHTYPE" speed="13.23" pos="71.68" lane="3/1to2/1_0" slope="0.00"/>
        <vehicle id="6" x="598.35" y="332.15" angle="0.00" type="DEFAULT_VEHTYPE" speed="12.83" pos="63.10" lane="3/2to3/1_0" slope="0.00"/>
        <vehicle id="7" x="401.65" y="46.99" angle="180.00" type="DEFAULT_VEHTYPE" speed="12.21" pos="46.99" lane="2/0to2/1_0" slope="0.00"/>
        <vehicle id="8" x="598.35" y="766.71" angle="0.00" type="DEFAULT_VEHTYPE" speed="9.87" pos="33.29" lane="3/4to3/3_0" slope="0.00"/>
        <vehicle id="9" x="401.65" y="231.52" angle="180.00" type="DEFAULT_VEHTYPE" speed="8.75" pos="26.77" lane="2/1to2/2_0" slope="0.00"/>
    </timestep>
    <timestep time="14.00">
        <vehicle id="0" x="248.94" y="201.65" angle="-90.00" type="DEFAULT_VEHTYPE" speed="12.76" pos="146.31" lane="2/1to1/1_0" slope="0.00"/>
        <vehicle id="1" x="253.68" y="401.65" angle="-90.00" type="DEFAULT_VEHTYPE" speed="13.09" pos="141.57" lane="2/2to1/2_0" slope="0.00"/>
        <vehicle id="10" x="626.91" y="198.35" angle="90.00" type="DEFAULT_VEHTYPE" speed="6.56" pos="22.16" lane="3/1to4/1_0" slope="0.00"/>
        <vehicle id="11" x="401.65" y="622.19" angle="180.00" type="DEFAULT_VEHTYPE" speed="6.45" pos="17.44" lane="2/3to2/4_0" slope="0.00"/>
        <vehicle id="12" x="216.33" y="198.35" angle="90.00" type="DEFAULT_VEHTYPE" speed="4.27" pos="11.58" lane="1/1to2/1_0" slope="0.00"/>
        <vehicle id="13" x="612.00" y="398.35" angle="90.00" type="DEFAULT_VEHTYPE" speed="2.15" pos="7.25" lane="3/2to4/2_0" slope="0.00"/>
        <vehicle id="14" x="590.15" y="601.65" angle="-90.00" type="DEFAULT_VEHTYPE" speed="0.00" pos="5.10" lane="3/3to2/3_0" slope="0.00"/>
        <vehicle id="2" x="276.82" y="201.65" angle="-90.00" type="DEFAULT_VEHTYPE" speed="13.76" pos="118.43" lane="2/1to1/1_0" slope="0.00"/>
        <vehicle id="3" x="398.35" y="483.59" angle="0.00" type="DEFAULT_VEHTYPE" speed="12.70" pos="111.66" lane="2/3to2/2_0" slope="0.00"/>
        <vehicle id="4" x="697.56" y="201.65" angle="-90.00" type="DEFAULT_VEHTYPE" speed="13.26" pos="102.44" lane="4/1to3/1_0" slope="0.00"/>
        <vehicle id="5" x="510.23" y="201.65" angle="-90.00" type="DEFAULT_VEHTYPE" speed="13.35" pos="85.02" lane="3/1to2/1_0" slope="0.00"/>
        <vehicle id="6" x="598.35" y="319.18" angle="0.00" type="DEFAULT_VEHTYPE" speed="12.98" pos="76.07" lane="3/2to3/1_0" slope="0.00"/>
        <vehicle id="7" x="401.65" y="60.30" angle="180.00" type="DEFAULT_VEHTYPE" speed="13.31" pos="60.30" lane="2/0to2/1_0" slope="0.00"/>
        <vehicle id="8" x="598.35" y="755.37" angle="0.00" type="DEFAULT_VEHTYPE" speed="11.33" pos="44.63" lane="3/4to3/3_0" slope="0.00"/>
        <vehicle id="9" x="401.65" y="242.13" angle="180.00" type="DEFAULT_VEHTYPE" speed="10.61" pos="37.38" lane="2/1to2/2_0" slope="0.00"/>
    </timestep>
    <timestep time="15.00">
        <vehicle id="0" x="235.90" y="201.65" angle="-90.00" type="DEFAULT_VEHTYPE" speed="13.04" pos="159.35" lane="2/1to1/1_0" slope="0.00"/>
        <vehicle id="1" x="240.79" y="401.65" angle="-90.00" type="DEFAULT_VEHTYPE" speed="12.88" pos="154.46" lane="2/2to1/2_0" slope="0.00"/>
        <vehicle id="10" x="635.44" y="198.35" angle="90.00" type="DEFAULT_VEHTYPE" speed="8.53" pos="30.69" lane="3/1to4/1_0" slope="0.00"/>
        <vehicle id="11" x="401.65" y="631.18" angle="180.00" type="DEFAULT_VEHTYPE" speed="8.99" pos="26.43" lane="2/3to2/4_0" slope="0.00"/>
        <vehicle id="12" x="222.69" y="198.35" angle="90.00" type="DEFAULT_VEHTYPE" speed="6.36" pos="17.94" lane="1/1to2/1_0" slope="0.00"/>
        <vehicle id="13" x="615.88" y="398.35" angle="90.00" type="DEFAULT_VEHTYPE" speed="3.88" pos="11.13" lane="3/2to4/2_0" slope="0.00"/>
        <vehicle id="14" x="588.82" y="601.65" angle="-90.00" type="DEFAULT_VEHTYPE" speed="1.33" pos="6.43" lane="3/3to2/3_0" slope="0.00"/>
        <vehicle id="15" x="601.65" y="209.85" angle="180.00" type="DEFAULT_VEHTYPE" speed="0.00" pos="5.10" lane="3/1to3/2_0" slope="0.00"/>
        <vehicle id="2" x="263.53" y="201.65" angle="-90.00" type="DEFAULT_VEHTYPE" speed="13.29" pos="131.72" lane="2/1to1/1_0" slope="0.00"/>
        <vehicle id="3" x="398.35" y="470.06" angle="0.00" type="DEFAULT_VEHTYPE" speed="13.53" pos="125.19" lane="2/3to2/2_0" slope="0.00"/>
        <vehicle id="4" x="684.59" y="201.65" angle="-90.00" type="DEFAULT_VEHTYPE" speed="12.97" pos="115.41" lane="4/1to3/1_0" slope="0.00"/>
        <vehicle id="5" x="496.49" y="201.65" angle="-90.00" type="DEFAULT_VEHTYPE" speed="13.74" pos="98.76" lane="3/1to2/1_0" slope="0.00"/>
        <vehicle id="6" x="598.35" y="306.20" angle="0.00" type="DEFAULT_VEHTYPE" speed="12.97" pos="89.05" lane="3/2to3/1_0" slope="0.00"/>
        <vehicle id="7" x="401.65" y="74.02" angle="180.00" type="DEFAULT_VEHTYPE" speed="13.72" pos="74.02" lane="2/0to2/1_0" slope="0.00"/>
        <vehicle id="8" x="598.35" y="742.62" angle="0.00" type="DEFAULT_VEHTYPE" speed="12.75" pos="57.38" lane="3/4to3/3_0" slope="0.00"/>
        <vehicle id="9" x="401.65" y="254.85" angle="180.00" type="DEFAULT_VEHTYPE" speed="12.72" pos="50.10" lane="2/1to2/2_0" slope="0.00"/>
    </timestep>
    <timestep time="16.00">
        <vehicle id="0" x="224.17" y="201.65" angle="-90.00" type="DEFAULT_VEHTYPE" speed="11.73" pos="171.08" lane="2/1to1/1_0" slope="0.00"/>
        <vehicle id="1" x="228.21" y="401.65" angle="-90.00" type="DEFAULT_VEHTYPE" speed="12.59" pos="167.04" lane="2/2to1/2_0" slope="0.00"/>
        <vehicle id="10" x="646.44" y="198.35" angle="90.00" type="DEFAULT_VEHTYPE" speed="11.00" pos="41.69" lane="3/1to4/1_0" slope="0.00"/>
        <vehicle id="11" x="401.65" y="641.65" angle="180.00" type="DEFAULT_VEHTYPE" speed="10.48" pos="36.90" lane="2/3to2/4_0" slope="0.00"/>
        <vehicle id="12" x="230.82" y="198.35" angle="90.00" type="DEFAULT_VEHTYPE" speed="8.13" pos="26.07" lane="1/1to2/1_0" slope="0.00"/>
        <vehicle id="13" x="621.29" y="398.35" angle="90.00" type="DEFAULT_VEHTYPE" speed="5.41" pos="16.54" lane="3/2to4/2_0" slope="0.00"/>
        <vehicle id="14" x="586.12" y="601.65" angle="-90.00" type="DEFAULT_VEHTYPE" speed="2.70" pos="9.13" lane="3/3to2/3_0" slope="0.00"/>
        <vehicle id="15" x="601.65" y="211.74" angle="180.00" type="DEFAULT_VEHTYPE" speed="1.89" pos="6.99" lane="3/1to3/2_0" slope="0.00"/>
        <vehicle id="16" x="390.15" y="401.65" angle="-90.00" type="DEFAULT_VEHTYPE" speed="0.00" pos="5.10" lane="2/2to1/2_0" slope="0.00"/>
        <vehicle id="2" x="250.80" y="201.65" angle="-90.00" type="DEFAULT_VEHTYPE" speed="12.72" pos="144.45" lane="2/1to1/1_0" slope="0.00"/>
        <vehicle id="3" x="398.35" y="456.72" angle="0.00" type="DEFAULT_VEHTYPE" speed="13.34" pos="138.53" lane="2/3to2/2_0" slope="0.00"/>
        <vehicle id="4" x="671.46" y="201.65" angle="-90.00" type="DEFAULT_VEHTYPE" speed="13.13" pos="128.54" lane="4/1to3/1_0" slope="0.00"/>
        <vehicle id="5" x="482.95" y="201.65" angle="-90.00" type="DEFAULT_VEHTYPE" speed="13.54" pos="112.30" lane="3/1to2/1_0" slope="0.00"/>
        <vehicle id="6" x="598.35" y="292.80" angle="0.00" type="DEFAULT_VEHTYPE" speed="13.41" pos="102.45" lane="3/2to3/1_0" slope="0.00"/>
        <vehicle id="7" x="401.65" y="87.03" angle="180.00" type="DEFAULT_VEHTYPE" speed="13.01" pos="87.03" lane="2/0to2/1_0" slope="0.00"/>
        <vehicle id="8" x="598.35" y="729.49" angle="0.00" type="DEFAULT_VEHTYPE" speed="13.13" pos="70.51" lane="3/4to3/3_0" slope="0.00"/>
        <vehicle id="9" x="401.65" y="268.01" angle="180.00" type="DEFAULT_VEHTYPE" speed="13.15" pos="63.26" lane="2/1to2/2_0" slope="0.00"/>
    </timestep>
    <timestep time="17.00">
        <vehicle id="0" x="216.81" y="201.65" angle="-90.00" type="DEFAULT_VEHTYPE" speed="7.36" pos="178.44" lane="2/1to1/1_0" slope="0.00"/>
        <vehicle id="1" x="218.88" y="401.65" angle="-90.00" type="DEFAULT_VEHTYPE" speed="9.32" pos="176.37" lane="2/2to1/2_0" slope="0.00"/>
        <vehicle id="10" x="659.18" y="198.35" angle="90.00" type="DEFAULT_VEHTYPE" speed="12.74" pos="54.43" lane="3/1to4/1_0" slope="0.00"/>
        <vehicle id="11" x="401.65" y="653.54" angle="180.00" type="DEFAULT_VEHTYPE" speed="11.88" pos="48.79" lane="2/3to2/4_0" slope="0.00"/>
        <vehicle id="12" x="241.54" y="198.35" angle="90.00" type="DEFAULT_VEHTYPE" speed="10.72" pos="36.79" lane="1/1to2/1_0" slope="0.00"/>
        <vehicle id="13" x="628.67" y="398.35" angle="90.00" type="DEFAULT_VEHTYPE" speed="7.38" pos="23.92" lane="3/2to4/2_0" slope="0.00"/>
        <vehicle id="14" x="582.00" y="601.65" angle="-90.00" type="DEFAULT_VEHTYPE" speed="4.12" pos="13.25" lane="3/3to2/3_0" slope="0.00"/>
        <vehicle id="15" x="601.65" y="215.69" angle="180.00" type="DEFAULT_VEHTYPE" speed="3.95" pos="10.94" lane="3/1to3/2_0" slope="0.00"/>
        <vehicle id="16" x="388.70" y="401.65" angle="-90.00" type="DEFAULT_VEHTYPE" speed="1.45" pos="6.55" lane="2/2to1/2_0" slope="0.00"/>
        <vehicle id="17" x="609.85" y="598.35" angle="90.00" type="DEFAULT_VEHTYPE" speed="0.00" pos="5.10" lane="3/3to4/3_0" slope="0.00"/>
        <vehicle id="2" x="237.02" y="201.65" angle="-90.00" type="DEFAULT_VEHTYPE" speed="13.78" pos="158.23" lane="2/1to1/1_0" slope="0.00"/>
        <vehicle id="3" x="398.35" y="443.99" angle="0.00" type="DEFAULT_VEHTYPE" speed="12.73" pos="151.26" lane="2/3to2/2_0" slope="0.00"/>
        <vehicle id="4" x="657.77" y="201.65" angle="-90.00" type="DEFAULT_VEHTYPE" speed="13.68" pos="142.23" lane="4/1to3/1_0" slope="0.00"/>
        <vehicle id="5" x="469.50" y="201.65" angle="-90.00" type="DEFAULT_VEHTYPE" speed="13.45" pos="125.75" lane="3/1to2/1_0" slope="0.00"/>
        <vehicle id="6" x="598.35" y="279.93" angle="0.00" type="DEFAULT_VEHTYPE" speed="12.86" pos="115.32" lane="3/2to3/1_0" slope="0.00"/>
        <vehicle id="7" x="401.65" y="100.32" angle="180.00" type="DEFAULT_VEHTYPE" speed="13.29" pos="100.32" lane="2/0to2/1_0" slope="0.00"/>
        <vehicle id="8" x="598.35" y="716.03" angle="0.00" type="DEFAULT_VEHTYPE" speed="13.46" pos="83.97" lane="3/4to3/3_0" slope="0.00"/>
        <vehicle id="9" x="401.65" y="281.91" angle="180.00" type="DEFAULT_VEHTYPE" speed="13.90" pos="77.16" lane="2/1to2/2_0" slope="0.00"/>
    </timestep>
    <timestep time="18.00">
        <vehicle id="0" x="212.11" y="201.65" angle="-90.00" type="DEFAULT_VEHTYPE" speed="4.70" pos="183.14" lane="2/1to1/1_0" slope="0.00"/>
        <vehicle id="1" x="212.72" y="401.65" angle="-90.00" type="DEFAULT_VEHTYPE" speed="6.17" pos="182.53" lane="2/2to1/2_0" slope="0.00"/>
        <vehicle id="10" x="672.81" y="198.35" angle="90.00" type="DEFAULT_VEHTYPE" speed="13.63" pos="68.06" lane="3/1to4/1_0" slope="0.00"/>
        <vehicle id="11" x="401.65" y="667.24" angle="180.00" type="DEFAULT_VEHTYPE" speed="13.70" pos="62.49" lane="2/3to2/4_0" slope="0.00"/>
        <vehicle id="12" x="254.27" y="198.35" angle="90.00" type="DEFAULT_VEHTYPE" speed="12.74" pos="49.52" lane="1/1to2/1_0" slope="0.00"/>
        <vehicle id="13" x="638.22" y="398.35" angle="90.00" type="DEFAULT_VEHTYPE" speed="9.56" pos="33.47" lane="3/2to4/2_0" slope="0.00"/>
        <vehicle id="14" x="576.23" y="601.65" angle="-90.00" type="DEFAULT_VEHTYPE" speed="5.78" pos="19.02" lane="3/3to2/3_0" slope="0.00"/>
        <vehicle id="15" x="601.65" y="221.66" angle="180.00" type="DEFAULT_VEHTYPE" speed="5.97" pos="16.91" lane="3/1to3/2_0" slope="0.00"/>
        <vehicle id="16" x="385.72" y="401.65" angle="-90.00" type="DEFAULT_VEHTYPE" speed="2.98" pos="9.53" lane="2/2to1/2_0" slope="0.00"/>
        <vehicle id="17" x="611.97" y="598.35" angle="90.00" type="DEFAULT_VEHTYPE" speed="2.12" pos="7.22" lane="3/3to4/3_0" slope="0.00"/>
        <vehicle id="2" x="227.74" y="201.65" angle="-90.00" type="DEFAULT_VEHTYPE" speed="9.28" pos="167.51" lane="2/1to1/1_0" slope="0.00"/>
        <vehicle id="3" x="398.35" y="431.39" angle="0.00" type="DEFAULT_VEHTYPE" speed="12.60" pos="163.86" lane="2/3to2/2_0" slope="0.00"/>
        <vehicle id="4" x="644.51" y="201.65" angle="-90.00" type="DEFAULT_VEHTYPE" speed="13.27" pos="155.49" lane="4/1to3/1_0" slope="0.00"/>
        <vehicle id="5" x="456.82" y="201.65" angle="-90.00" type="DEFAULT_VEHTYPE" speed="12.68" pos="138.43" lane="3/1to2/1_0" slope="0.00"/>
        <vehicle id="6" x="598.35" y="267.05" angle="0.00" type="DEFAULT_VEHTYPE" speed="12.88" pos="128.20" lane="3/2to3/1_0" slope="0.00"/>
        <vehicle id="7" x="401.65" y="113.62" angle="180.00" type="DEFAULT_VEHTYPE" speed="13.30" pos="113.62" lane="2/0to2/1_0" slope="0.00"/>
        <vehicle id="8" x="598.35" y="703.23" angle="0.00" type="DEFAULT_VEHTYPE" speed="12.80" pos="96.77" lane="3/4to3/3_0" slope="0.00"/>
        <vehicle id="9" x="401.65" y="295.37" angle="180.00" type="DEFAULT_VEHTYPE" speed="13.47" pos="90.62" lane="2/1to2/2_0" slope="0.00"/>
    </timestep>
    <timestep time="19.00">
        <vehicle id="0" x="208.81" y="201.65" angle="-90.00" type="DEFAULT_VEHTYPE" speed="3.29" pos="186.44" lane="2/1to1/1_0" slope="0.00"/>
        <vehicle id="1" x="209.05" y="401.65" angle="-90.00" type="DEFAULT_VEHTYPE" speed="3.67" pos="186.20" lane="2/2to1/2_0" slope="0.00"/>
        <vehicle id="10" x="686.30" y="198.35" angle="90.00" type="DEFAULT_VEHTYPE" speed="13.48" pos="81.55" lane="3/1to4/1_0" slope="0.00"/>
        <vehicle id="11" x="401.65" y="680.81" angle="180.00" type="DEFAULT_VEHTYPE" speed="13.57" pos="76.06" lane="2/3to2/4_0" slope="0.00"/>
        <vehicle id="12" x="267.07" y="198.35" angle="90.00" type="DEFAULT_VEHTYPE" speed="12.79" pos="62.32" lane="1/1to2/1_0" slope="0.00"/>
        <vehicle id="13" x="649.77" y="398.35" angle="90.00" type="DEFAULT_VEHTYPE" speed="11.55" pos="45.02" lane="3/2to4/2_0" slope="0.00"/>
        <vehicle id="14" x="568.09" y="601.65" angle="-90.00" type="DEFAULT_VEHTYPE" speed="8.13" pos="27.16" lane="3/3to2/3_0" slope="0.00"/>
        <vehicle id="15" x="601.65" y="229.92" angle="180.00" type="DEFAULT_VEHTYPE" speed="8.26" pos="25.17" lane="3/1to3/2_0" slope="0.00"/>
        <vehicle id="16" x="380.89" y="401.65" angle="-90.00" type="DEFAULT_VEHTYPE" speed="4.83" pos="14.36" lane="2/2to1/2_0" slope="0.00"/>
        <vehicle id="17" x="615.47" y="598.35" angle="90.00" type="DEFAULT_VEHTYPE" speed="3.50" pos="10.72" lane="3/3to4/3_0" slope="0.00"/>
        <vehicle id="19" x="590.15" y="601.65" angle="-90.00" type="DEFAULT_VEHTYPE" speed="0.00" pos="5.10" lane="3/3to2/3_0" slope="0.00"/>
        <vehicle id="2" x="222.39" y="201.65" angle="-90.00" type="DEFAULT_VEHTYPE" speed="5.35" pos="172.86" lane="2/1to1/1_0" slope="0.00"/>
        <vehicle id="3" x="398.35" y="418.51" angle="0.00" type="DEFAULT_VEHTYPE" speed="12.87" pos="176.74" lane="2/3to2/2_0" slope="0.00"/>
        <vehicle id="4" x="630.76" y="201.65" angle="-90.00" type="DEFAULT_VEHTYPE" speed="13.75" pos="169.24" lane="4/1to3/1_0" slope="0.00"/>
        <vehicle id="5" x="443.04" y="201.65" angle="-90.00" type="DEFAULT_VEHTYPE" speed="13.77" pos="152.21" lane="3/1to2/1_0" slope="0.00"/>
        <vehicle id="6" x="598.35" y="253.45" angle="0.00" type="DEFAULT_VEHTYPE" speed="13.61" pos="141.80" lane="3/2to3/1_0" slope="0.00"/>
        <vehicle id="7" x="401.65" y="127.22" angle="180.00" type="DEFAULT_VEHTYPE" speed="13.60" pos="127.22" lane="2/0to2/1_0" slope="0.00"/>
        <vehicle id="8" x="598.35" y="689.58" angle="0.00" type="DEFAULT_VEHTYPE" speed="13.65" pos="110.42" lane="3/4to3/3_0" slope="0.00"/>
        <vehicle id="9" x="401.65" y="308.08" angle="180.00" type="DEFAULT_VEHTYPE" speed="12.70" pos="103.33" lane="2/1to2/2_0" slope="0.00"/>
    </timestep>
    <timestep time="20.00">
        <vehicle id="0" x="204.08" y="201.21" angle="-84.84" type="DEFAULT_VEHTYPE" speed="4.86" pos="0.80" lane=":1/1_7_0" slope="0.00"/>
        <vehicle id="1" x="202.91" y="401.39" angle="-86.99" type="DEFAULT_VEHTYPE" speed="6.16" pos="1.85" lane=":1/2_6_0" slope="0.00"/>
        <vehicle id="10" x="700.19" y="198.35" angle="90.00" type="DEFAULT_VEHTYPE" speed="13.89" pos="95.44" lane="3/1to4/1_0" slope="0.00"/>
        <vehicle id="11" x="401.65" y="693.95" angle="180.00" type="DEFAULT_VEHTYPE" speed="13.14" pos="89.20" lane="2/3to2/4_0" slope="0.00"/>
        <vehicle id="12" x="280.86" y="198.35" angle="90.00" type="DEFAULT_VEHTYPE" speed="13.79" pos="76.11" lane="1/1to2/1_0" slope="0.00"/>
        <vehicle id="13" x="663.11" y="398.35" angle="90.00" type="DEFAULT_VEHTYPE" speed="13.34" pos="58.36" lane="3/2to4/2_0" slope="0.00"/>
        <vehicle id="14" x="558.33" y="601.65" angle="-90.00" type="DEFAULT_VEHTYPE" speed="9.77" pos="36.92" lane="3/3to2/3_0" slope="0.00"/>
        <vehicle id="15" x="601.65" y="240.00" angle="180.00" type="DEFAULT_VEHTYPE" speed="10.08" pos="35.25" lane="3/1to3/2_0" slope="0.00"/>
        <vehicle id="16" x="373.99" y="401.65" angle="-90.00" type="DEFAULT_VEHTYPE" speed="6.90" pos="21.26" lane="2/2to1/2_0" slope="0.00"/>
        <vehicle id="17" x="621.33" y="598.35" angle="90.00" type="DEFAULT_VEHTYPE" speed="5.85" pos="16.58" lane="3/3to4/3_0" slope="0.00"/>
        <vehicle id="18" x="609.85" y="598.35" angle="90.00" type="DEFAULT_VEHTYPE" speed="0.00" pos="5.10" lane="3/3to4/3_0" slope="0.00"/>
        <vehicle id="19" x="588.58" y="601.65" angle="-90.00" type="DEFAULT_VEHTYPE" speed="1.57" pos="6.67" lane="3/3to2/3_0" slope="0.00"/>
        <vehicle id="2" x="218.97" y="201.65" angle="-90.00" type="DEFAULT_VEHTYPE" speed="3.42" pos="176.28" lane="2/1to1/1_0" slope="0.00"/>
        <vehicle id="3" x="398.35" y="405.35" angle="0.00" type="DEFAULT_VEHTYPE" speed="13.16" pos="189.90" lane="2/3to2/2_0" slope="0.00"/>
        <vehicle id="4" x="620.08" y="201.65" angle="-90.00" type="DEFAULT_VEHTYPE" speed="10.68" pos="179.92" lane="4/1to3/1_0" slope="0.00"/>
        <vehicle id="5" x="430.12" y="201.65" angle="-90.00" type="DEFAULT_VEHTYPE" speed="12.93" pos="165.13" lane="3/1to2/1_0" slope="0.00"/>
        <vehicle id="6" x="598.35" y="240.51" angle="0.00" type="DEFAULT_VEHTYPE" speed="12.94" pos="154.74" lane="3/2to3/1_0" slope="0.00"/>
        <vehicle id="7" x="401.65" y="140.26" angle="180.00" type="DEFAULT_VEHTYPE" speed="13.03" pos="140.26" lane="2/0to2/1_0" slope="0.00"/>
        <vehicle id="8" x="598.35" y="675.84" angle="0.00" type="DEFAULT_VEHTYPE" speed="13.74" pos="124.16" lane="3/4to3/3_0" slope="0.00"/>
        <vehicle id="9" x="401.65" y="321.39" angle="180.00" type="DEFAULT_VEHTYPE" speed="13.31" pos="116.64" lane="2/1to2/2_0" slope="0.00"/>
    </timestep>
    <timestep time="21.00">
        <vehicle id="0" x="207.20" y="198.35" angle="66.24" type="DEFAULT_VEHTYPE" speed="6.47" pos="2.45" lane="1/1to2/1_0" slope="0.00"/>
        <vehicle id="1" x="198.48" y="396.17" angle="-26.48" type="DEFAULT_VEHTYPE" speed="7.54" pos="9.39" lane=":1/2_6_0" slope="0.00"/>
        <vehicle id="10" x="712.91" y="198.35" angle="90.00" type="DEFAULT_VEHTYPE" speed="12.72" pos="108.16" lane="3/1to4/1_0" slope="0.00"/>
        <vehicle id="11" x="401.65" y="707.56" angle="180.00" type="DEFAULT_VEHTYPE" speed="13.61" pos="102.81" lane="2/3to2/4_0" slope="0.00"/>
        <vehicle id="12" x="293.57" y="198.35" angle="90.00" type="DEFAULT_VEHTYPE" speed="12.71" pos="88.82" lane="1/1to2/1_0" slope="0.00"/>
        <vehicle id="13" x="676.71" y="398.35" angle="90.00" type="DEFAULT_VEHTYPE" speed="13.60" pos="71.96" lane="3/2to4/2_0" slope="0.00"/>
        <vehicle id="14" x="546.41" y="601.65" angle="-90.00" type="DEFAULT_VEHTYPE" speed="11.92" pos="48.84" lane="3/3to2/3_0" slope="0.00"/>
        <vehicle id="15" x="601.65" y="252.33" angle="180.00" type="DEFAULT_VEHTYPE" speed="12.33" pos="47.58" lane="3/1to3/2_0" slope="0.00"/>
        <vehicle id="16" x="365.00" y="401.65" angle="-90.00" type="DEFAULT_VEHTYPE" speed="8.99" pos="30.25" lane="2/2to1/2_0" slope="0.00"/>
        <vehicle id="17" x="629.39" y="598.35" angle="90.00" type="DEFAULT_VEHTYPE" speed="8.06" pos="24.64" lane="3/3to4/3_0" slope="0.00"/>
        <vehicle id="18" x="611.87" y="598.35" angle="90.00" type="DEFAULT_VEHTYPE" speed="2.02" pos="7.12" lane="3/3to4/3_0" slope="0.00"/>
        <vehicle id="19" x="584.66" y="601.65" angle="-90.00" type="DEFAULT_VEHTYPE" speed="3.92" pos="10.59" lane="3/3to2/3_0" slope="0.00"/>
        <vehicle id="2" x="214.23" y="201.65" angle="-90.00" type="DEFAULT_VEHTYPE" speed="4.74" pos="181.02" lane="2/1to1/1_0" slope="0.00"/>
        <vehicle id="21" x="409.85" y="398.35" angle="90.00" type="DEFAULT_VEHTYPE" speed="0.00" pos="5.10" lane="2/2to3/2_0" slope="0.00"/>
        <vehicle id="3" x="398.35" y="391.60" angle="0.00" type="DEFAULT_VEHTYPE" speed="13.76" pos="3.65" lane="2/2to2/1_0" slope="0.00"/>
        <vehicle id="4" x="613.61" y="201.65" angle="-90.00" type="DEFAULT_VEHTYPE" speed="6.46" pos="186.39" lane="4/1to3/1_0" slope="0.00"/>
        <vehicle id="5" x="419.60" y="201.65" angle="-90.00" type="DEFAULT_VEHTYPE" speed="10.52" pos="175.65" lane="3/1to2/1_0" slope="0.00"/>
        <vehicle id="6" x="598.35" y="227.36" angle="0.00" type="DEFAULT_VEHTYPE" speed="13.15" pos="167.89" lane="3/2to3/1_0" slope="0.00"/>
        <vehicle id="7" x="401.65" y="153.86" angle="180.00" type="DEFAULT_VEHTYPE" speed="13.60" pos="153.86" lane="2/0to2/1_0" slope="0.00"/>
        <vehicle id="8" x="598.35" y="662.65" angle="0.00" type="DEFAULT_VEHTYPE" speed="13.19" pos="137.35" lane="3/4to3/3_0" slope="0.00"/>
        <vehicle id="9" x="401.65" y="334.06" angle="180.00" type="DEFAULT_VEHTYPE" speed="12.68" pos="129.31" lane="2/1to2/2_0" slope="0.00"/>
    </timestep>
    <timestep time="22.00">
        <vehicle id="0" x="215.90" y="198.35" angle="90.00" type="DEFAULT_VEHTYPE" speed="8.70" pos="11.15" lane="1/1to2/1_0" slope="0.00"/>
        <vehicle id="1" x="198.35" y="387.08" angle="0.00" type="DEFAULT_VEHTYPE" speed="9.10" pos="8.17" lane="1/2to1/1_0" slope="0.00"/>
        <vehicle id="10" x="726.55" y="198.35" angle="90.00" type="DEFAULT_VEHTYPE" speed="13.64" pos="121.80" lane="3/1to4/1_0" slope="0.00"/>
        <vehicle id="11" x="401.65" y="721.01" angle="180.00" type="DEFAULT_VEHTYPE" speed="13.45" pos="116.26" lane="2/3to2/4_0" slope="0.00"/>
        <vehicle id="12" x="307.42" y="198.35" angle="90.00" type="DEFAULT_VEHTYPE" speed="13.85" pos="102.67" lane="1/1to2/1_0" slope="0.00"/>
        <vehicle id="13" x="689.58" y="398.35" angle="90.00" type="DEFAULT_VEHTYPE" speed="12.87" pos="84.83" lane="3/2to4/2_0" slope="0.00"/>
        <vehicle id="14" x="533.26" y="601.65" angle="-90.00" type="DEFAULT_VEHTYPE" speed="13.14" pos="61.99" lane="3/3to2/3_0" slope="0.00"/>
        <vehicle id="15" x="601.65" y="265.57" angle="180.00" type="DEFAULT_VEHTYPE" speed="13.24" pos="60.82" lane="3/1to3/2_0" slope="0.00"/>
        <vehicle id="16" x="353.43" y="401.65" angle="-90.00" type="DEFAULT_VEHTYPE" speed="11.57" pos="41.82" lane="2/2to1/2_0" slope="0.00"/>
        <vehicle id="17" x="639.13" y="598.35" angle="90.00" type="DEFAULT_VEHTYPE" speed="9.74" pos="34.38" lane="3/3to4/3_0" slope="0.00"/>
        <vehicle id="18" x="615.87" y="598.35" angle="90.00" type="DEFAULT_VEHTYPE" speed="4.00" pos="11.12" lane="3/3to4/3_0" slope="0.00"/>
        <vehicle id="19" x="578.84" y="601.65" angle="-90.00" type="DEFAULT_VEHTYPE" speed="5.82" pos="16.41" lane="3/3to2/3_0" slope="0.00"/>
        <vehicle id="2" x="210.09" y="201.65" angle="-90.00" type="DEFAULT_VEHTYPE" speed="4.14" pos="185.16" lane="2/1to1/1_0" slope="0.00"/>
        <vehicle id="21" x="411.95" y="398.35" angle="90.00" type="DEFAULT_VEHTYPE" speed="2.10" pos="7.20" lane="2/2to3/2_0" slope="0.00"/>
        <vehicle id="22" x="209.85" y="398.35" angle="90.00" type="DEFAULT_VEHTYPE" speed="0.00" pos="5.10" lane="1/2to2/2_0" slope="0.00"/>
        <vehicle id="3" x="398.35" y="378.32" angle="0.00" type="DEFAULT_VEHTYPE" speed="13.28" pos="16.93" lane="2/2to2/1_0" slope="0.00"/>
        <vehicle id="4" x="609.58" y="201.65" angle="-90.00" type="DEFAULT_VEHTYPE" speed="4.03" pos="190.42" lane="4/1to3/1_0" slope="0.00"/>
        <vehicle id="5" x="413.38" y="201.65" angle="-90.00" type="DEFAULT_VEHTYPE" speed="6.21" pos="181.87" lane="3/1to2/1_0" slope="0.00"/>
        <vehicle id="6" x="598.35" y="213.53" angle="0.00" type="DEFAULT_VEHTYPE" speed="13.84" pos="181.72" lane="3/2to3/1_0" slope="0.00"/>
        <vehicle id="7" x="401.65" y="167.72" angle="180.00" type="DEFAULT_VEHTYPE" speed="13.86" pos="167.72" lane="2/0to2/1_0" slope="0.00"/>
        <vehicle id="8" x="598.35" y="648.79" angle="0.00" type="DEFAULT_VEHTYPE" speed="13.86" pos="151.21" lane="3/4to3/3_0" slope="0.00"/>
        <vehicle id="9" x="401.65" y="346.77" angle="180.00" type="DEFAULT_VEHTYPE" speed="12.71" pos="142.02" lane="2/1to2/2_0" slope="0.00"/>
    </timestep>
    <timestep time="23.00">
        <vehicle id="0" x="226.01" y="198.35" angle="90.00" type="DEFAULT_VEHTYPE" speed="10.11" pos="21.26" lane="1/1to2/1_0" slope="0.00"/>
        <vehicle id="1" x="198.35" y="375.99" angle="0.00" type="DEFAULT_VEHTYPE" speed="11.09" pos="19.26" lane="1/2to1/1_0" slope="0.00"/>
        <vehicle id="10" x="739.60" y="198.35" angle="90.00" type="DEFAULT_VEHTYPE" speed="13.05" pos="134.85" lane="3/1to4/1_0" slope="0.00"/>
        <vehicle id="11" x="401.65" y="734.85" angle="180.00" type="DEFAULT_VEHTYPE" speed="13.84" pos="130.10" lane="2/3to2/4_0" slope="0.00"/>
        <vehicle id="12" x="320.35" y="198.35" angle="90.00" type="DEFAULT_VEHTYPE" speed="12.94" pos="115.60" lane="1/1to2/1_0" slope="0.00"/>
        <vehicle id="13" x="703.47" y="398.35" angle="90.00" type="DEFAULT_VEHTYPE" speed="13.89" pos="98.72" lane="3/2to4/2_0" slope="0.00"/>
        <vehicle id="14" x="520.56" y="601.65" angle="-90.00" type="DEFAULT_VEHTYPE" speed="12.71" pos="74.69" lane="3/3to2/3_0" slope="0.00"/>
        <vehicle id="15" x="601.65" y="278.47" angle="180.00" type="DEFAULT_VEHTYPE" speed="12.89" pos="73.72" lane="3/1to3/2_0" slope="0.00"/>
        <vehicle id="16" x="339.73" y="401.65" angle="-90.00" type="DEFAULT_VEHTYPE" speed="13.70" pos="55.52" lane="2/2to1/2_0" slope="0.00"/>
        <vehicle id="17" x="650.44" y="598.35" angle="90.00" type="DEFAULT_VEHTYPE" speed="11.31" pos="45.69" lane="3/3to4/3_0" slope="0.00"/>
        <vehicle id="18" x="621.51" y="598.35" angle="90.00" type="DEFAULT_VEHTYPE" speed="5.64" pos="16.76" lane="3/3to4/3_0" slope="0.00"/>
        <vehicle id="19" x="570.89" y="601.65" angle="-90.00" type="DEFAULT_VEHTYPE" speed="7.95" pos="24.36" lane="3/3to2/3_0" slope="0.00"/>
        <vehicle id="2" x="203.74" y="201.79" angle="-91.61" type="DEFAULT_VEHTYPE" speed="6.36" pos="1.02" lane=":1/1_4_0" slope="0.00"/>
        <vehicle id="20" x="209.85" y="198.35" angle="90.00" type="DEFAULT_VEHTYPE" speed="0.00" pos="5.10" lane="1/1to2/1_0" slope="0.00"/>
        <vehicle id="21" x="415.90" y="398.35" angle="90.00" type="DEFAULT_VEHTYPE" speed="3.95" pos="11.15" lane="2/2to3/2_0" slope="0.00"/>
        <vehicle id="22" x="211.93" y="398.35" angle="90.00" type="DEFAULT_VEHTYPE" speed="2.08" pos="7.18" lane="1/2to2/2_0" slope="0.00"/>
        <vehicle id="23" x="5.10" y="398.35" angle="90.00" type="DEFAULT_VEHTYPE" speed="0.00" pos="5.10" lane="0/2to1/2_0" slope="0.00"/>
        <vehicle id="3" x="398.35" y="364.45" angle="0.00" type="DEFAULT_VEHTYPE" speed="13.87" pos="30.80" lane="2/2to2/1_0" slope="0.00"/>
        <vehicle id="4" x="607.87" y="201.65" angle="-90.00" type="DEFAULT_VEHTYPE" speed="1.72" pos="192.13" lane="4/1to3/1_0" slope="0.00"/>
        <vehicle id="5" x="409.61" y="201.65" angle="-90.00" type="DEFAULT_VEHTYPE" speed="3.77" pos="185.64" lane="3/1to2/1_0" slope="0.00"/>
        <vehicle id="6" x="595.97" y="201.75" angle="-32.51" type="DEFAULT_VEHTYPE" speed="13.05" pos="4.27" lane=":3/1_0_0" slope="0.00"/>
        <vehicle id="7" x="401.65" y="178.57" angle="180.00" type="DEFAULT_VEHTYPE" speed="10.86" pos="178.57" lane="2/0to2/1_0" slope="0.00"/>
        <vehicle id="8" x="598.35" y="636.18" angle="0.00" type="DEFAULT_VEHTYPE" speed="12.61" pos="163.82" lane="3/4to3/3_0" slope="0.00"/>
        <vehicle id="9" x="401.65" y="359.51" angle="180.00" type="DEFAULT_VEHTYPE" speed="12.74" pos="154.76" lane="2/1to2/2_0" slope="0.00"/>
    </timestep>
    <timestep time="24.00">
        <vehicle id="0" x="237.48" y="198.35" angle="90.00" type="DEFAULT_VEHTYPE" speed="11.47" pos="32.73" lane="1/1to2/1_0" slope="0.00"/>
        <vehicle id="1" x="198.35" y="363.54" angle="0.00" type="DEFAULT_VEHTYPE" speed="12.45" pos="31.71" lane="1/2to1/1_0" slope="0.00"/>
        <vehicle id="10" x="752.97" y="198.35" angle="90.00" type="DEFAULT_VEHTYPE" speed="13.37" pos="148.22" lane="3/1to4/1_0" slope="0.00"/>
        <vehicle id="11" x="401.65" y="748.35" angle="180.00" type="DEFAULT_VEHTYPE" speed="13.51" pos="143.60" lane="2/3to2/4_0" slope="0.00"/>
        <vehicle id="12" x="333.35" y="198.35" angle="90.00" type="DEFAULT_VEHTYPE" speed="13.00" pos="128.60" lane="1/1to2/1_0" slope="0.00"/>
        <vehicle id="13" x="716.62" y="398.35" angle="90.00" type="DEFAULT_VEHTYPE" speed="13.16" pos="111.87" lane="3/2to4/2_0" slope="0.00"/>
        <vehicle id="14" x="507.93" y="601.65" angle="-90.00" type="DEFAULT_VEHTYPE" speed="12.63" pos="87.32" lane="3/3to2/3_0" slope="0.00"/>
        <vehicle id="15" x="601.65" y="291.19" angle="180.00" type="DEFAULT_VEHTYPE" speed="12.72" pos="86.44" lane="3/1to3/2_0" slope="0.00"/>
        <vehicle id="16" x="326.92" y="401.65" angle="-90.00" type="DEFAULT_VEHTYPE" speed="12.80" pos="68.33" lane="2/2to1/2_0" slope="0.00"/>
        <vehicle id="17" x="663.55" y="598.35" angle="90.00" type="DEFAULT_VEHTYPE" speed="13.11" pos="58.80" lane="3/3to4/3_0" slope="0.00"/>
        <vehicle id="18" x="628.72" y="598.35" angle="90.00" type="DEFAULT_VEHTYPE" speed="7.21" pos="23.97" lane="3/3to4/3_0" slope="0.00"/>
        <vehicle id="19" x="560.76" y="601.65" angle="-90.00" type="DEFAULT_VEHTYPE" speed="10.13" pos="34.49" lane="3/3to2/3_0" slope="0.00"/>
        <vehicle id="2" x="201.65" y="209.31" angle="-179.29" type="DEFAULT_VEHTYPE" speed="8.54" pos="4.56" lane="1/1to1/2_0" slope="0.00"/>
        <vehicle id="20" x="211.28" y="198.35" angle="90.00" type="DEFAULT_VEHTYPE" speed="1.43" pos="6.53" lane="1/1to2/1_0" slope="0.00"/>
        <vehicle id="21" x="421.89" y="398.35" angle="90.00" type="DEFAULT_VEHTYPE" speed="5.99" pos="17.14" lane="2/2to3/2_0" slope="0.00"/>
        <vehicle id="22" x="215.46" y="398.35" angle="90.00" type="DEFAULT_VEHTYPE" speed="3.53" pos="10.71" lane="1/2to2/2_0" slope="0.00"/>
        <vehicle id="23" x="7.69" y="398.35" angle="90.00" type="DEFAULT_VEHTYPE" speed="2.59" pos="7.69" lane="0/2to1/2_0" slope="0.00"/>
        <vehicle id="24" x="601.65" y="409.85" angle="180.00" type="DEFAULT_VEHTYPE" speed="0.00" pos="5.10" lane="3/2to3/3_0" slope="0.00"/>
        <vehicle id="3" x="398.35" y="350.57" angle="0.00" type="DEFAULT_VEHTYPE" speed="13.88" pos="44.68" lane="2/2to2/1_0" slope="0.00"/>
        <vehicle id="4" x="607.48" y="201.65" angle="-90.00" type="DEFAULT_VEHTYPE" speed="0.39" pos="192.52" lane="4/1to3/1_0" slope="0.00"/>
        <vehicle id="5" x="404.45" y="201.69" angle="-90.49" type="DEFAULT_VEHTYPE" speed="5.17" pos="0.31" lane=":2/1_4_0" slope="0.00"/>
        <vehicle id="6" x="582.53" y="201.65" angle="-90.00" type="DEFAULT_VEHTYPE" speed="13.45" pos="12.72" lane="3/1to2/1_0" slope="0.00"/>
        <vehicle id="7" x="401.65" y="185.92" angle="180.00" type="DEFAULT_VEHTYPE" speed="7.35" pos="185.92" lane="2/0to2/1_0" slope="0.00"/>
        <vehicle id="8" x="598.35" y="623.45" angle="0.00" type="DEFAULT_VEHTYPE" speed="12.73" pos="176.55" lane="3/4to3/3_0" slope="0.00"/>
        <vehicle id="9" x="401.65" y="372.22" angle="180.00" type="DEFAULT_VEHTYPE" speed="12.71" pos="167.47" lane="2/1to2/2_0" slope="0.00"/>
    </timestep>
    <timestep time="25.00">
        <vehicle id="0" x="250.50" y="198.35" angle="90.00" type="DEFAULT_VEHTYPE" speed="13.01" pos="45.75" lane="1/1to2/1_0" slope="0.00"/>
        <vehicle id="1" x="198.35" y="350.70" angle="0.00" type="DEFAULT_VEHTYPE" speed="12.84" pos="44.55" lane="1/2to1/1_0" slope="0.00"/>
        <vehicle id="10" x="766.54" y="198.35" angle="90.00" type="DEFAULT_VEHTYPE" speed="13.58" pos="161.79" lane="3/1to4/1_0" slope="0.00"/>
        <vehicle id="11" x="401.65" y="762.20" angle="180.00" type="DEFAULT_VEHTYPE" speed="13.84" pos="157.45" lane="2/3to2/4_0" slope="0.00"/>
        <vehicle id="12" x="346.34" y="198.35" angle="90.00" type="DEFAULT_VEHTYPE" speed="12.98" pos="141.59" lane="1/1to2/1_0" slope="0.00"/>
        <vehicle id="13" x="729.36" y="398.35" angle="90.00" type="DEFAULT_VEHTYPE" speed="12.74" pos="124.61" lane="3/2to4/2_0" slope="0.00"/>
        <vehicle id="14" x="495.02" y="601.65" angle="-90.00" type="DEFAULT_VEHTYPE" speed="12.91" pos="100.23" lane="3/3to2/3_0" slope="0.00"/>
        <vehicle id="15" x="601.65" y="303.92" angle="180.00" type="DEFAULT_VEHTYPE" speed="12.73" pos="99.17" lane="3/1to3/2_0" slope="0.00"/>
        <vehicle id="16" x="314.31" y="401.65" angle="-90.00" type="DEFAULT_VEHTYPE" speed="12.61" pos="80.94" lane="2/2to1/2_0" slope="0.00"/>
        <vehicle id="17" x="677.11" y="598.35" angle="90.00" type="DEFAULT_VEHTYPE" speed="13.56" pos="72.36" lane="3/3to4/3_0" slope="0.00"/>
        <vehicle id="18" x="637.75" y="598.35" angle="90.00" type="DEFAULT_VEHTYPE" speed="9.04" pos="33.00" lane="3/3to4/3_0" slope="0.00"/>
        <vehicle id="19" x="548.32" y="601.65" angle="-90.00" type="DEFAULT_VEHTYPE" speed="12.44" pos="46.93" lane="3/3to2/3_0" slope="0.00"/>
        <vehicle id="2" x="201.65" y="220.30" angle="180.00" type="DEFAULT_VEHTYPE" speed="10.99" pos="15.55" lane="1/1to1/2_0" slope="0.00"/>
        <vehicle id="20" x="214.60" y="198.35" angle="90.00" type="DEFAULT_VEHTYPE" speed="3.33" pos="9.85" lane="1/1to2/1_0" slope="0.00"/>
        <vehicle id="21" x="429.99" y="398.35" angle="90.00" type="DEFAULT_VEHTYPE" speed="8.10" pos="25.24" lane="2/2to3/2_0" slope="0.00"/>
        <vehicle id="22" x="221.39" y="398.35" angle="90.00" type="DEFAULT_VEHTYPE" speed="5.93" pos="16.64" lane="1/2to2/2_0" slope="0.00"/>
        <vehicle id="23" x="12.52" y="398.35" angle="90.00" type="DEFAULT_VEHTYPE" speed="4.83" pos="12.52" lane="0/2to1/2_0" slope="0.00"/>
        <vehicle id="24" x="601.65" y="412.34" angle="180.00" type="DEFAULT_VEHTYPE" speed="2.49" pos="7.59" lane="3/2to3/3_0" slope="0.00"/>
        <vehicle id="3" x="398.35" y="337.56" angle="0.00" type="DEFAULT_VEHTYPE" speed="13.02" pos="57.69" lane="2/2to2/1_0" slope="0.00"/>
        <vehicle id="4" x="605.60" y="201.65" angle="-90.00" type="DEFAULT_VEHTYPE" speed="1.88" pos="194.40" lane="4/1to3/1_0" slope="0.00"/>
        <vehicle id="5" x="401.65" y="207.16" angle="-169.84" type="DEFAULT_VEHTYPE" speed="7.10" pos="2.41" lane="2/1to2/2_0" slope="0.00"/>
        <vehicle id="6" x="568.74" y="201.65" angle="-90.00" type="DEFAULT_VEHTYPE" speed="13.79" pos="26.51" lane="3/1to2/1_0" slope="0.00"/>
        <vehicle id="7" x="401.65" y="190.27" angle="180.00" type="DEFAULT_VEHTYPE" speed="4.35" pos="190.27" lane="2/0to2/1_0" slope="0.00"/>
        <vehicle id="8" x="598.35" y="609.62" angle="0.00" type="DEFAULT_VEHTYPE" speed="13.83" pos="190.38" lane="3/4to3/3_0" slope="0.00"/>
        <vehicle id="9" x="401.65" y="381.96" angle="180.00" type="DEFAULT_VEHTYPE" speed="9.74" pos="177.21" lane="2/1to2/2_0" slope="0.00"/>
    </timestep>
    <timestep time="26.00">
        <vehicle id="0" x="263.72" y="198.35" angle="90.00" type="DEFAULT_VEHTYPE" speed="13.22" pos="58.97" lane="1/1to2/1_0" slope="0.00"/>
        <vehicle id="1" x="198.35" y="337.91" angle="0.00" type="DEFAULT_VEHTYPE" speed="12.79" pos="57.34" lane="1/2to1/1_0" slope="0.00"/>
        <vehicle id="10" x="779.30" y="198.35" angle="90.00" type="DEFAULT_VEHTYPE" speed="12.75" pos="174.55" lane="3/1to4/1_0" slope="0.00"/>
        <vehicle id="11" x="401.65" y="775.41" angle="180.00" type="DEFAULT_VEHTYPE" speed="13.21" pos="170.66" lane="2/3to2/4_0" slope="0.00"/>
        <vehicle id="12" x="359.77" y="198.35" angle="90.00" type="DEFAULT_VEHTYPE" speed="13.43" pos="155.02" lane="1/1to2/1_0" slope="0.00"/>
        <vehicle id="13" x="742.15" y="398.35" angle="90.00" type="DEFAULT_VEHTYPE" speed="12.79" pos="137.40" lane="3/2to4/2_0" slope="0.00"/>
        <vehicle id="14" x="481.67" y="601.65" angle="-90.00" type="DEFAULT_VEHTYPE" speed="13.34" pos="113.58" lane="3/3to2/3_0" slope="0.00"/>
        <vehicle id="15" x="601.65" y="317.51" angle="180.00" type="DEFAULT_VEHTYPE" speed="13.59" pos="112.76" lane="3/1to3/2_0" slope="0.00"/>
        <vehicle id="16" x="300.67" y="401.65" angle="-90.00" type="DEFAULT_VEHTYPE" speed="13.64" pos="94.58" lane="2/2to1/2_0" slope="0.00"/>
        <vehicle id="17" x="689.80" y="598.35" angle="90.00" type="DEFAULT_VEHTYPE" speed="12.68" pos="85.05" lane="3/3to4/3_0" slope="0.00"/>
        <vehicle id="18" x="649.09" y="598.35" angle="90.00" type="DEFAULT_VEHTYPE" speed="11.34" pos="44.34" lane="3/3to4/3_0" slope="0.00"/>
        <vehicle id="19" x="534.77" y="601.65" angle="-90.00" type="DEFAULT_VEHTYPE" speed="13.55" pos="60.48" lane="3/3to2/3_0" slope="0.00"/>
        <vehicle id="2" x="201.65" y="233.22" angle="180.00" type="DEFAULT_VEHTYPE" speed="12.92" pos="28.47" lane="1/1to1/2_0" slope="0.00"/>
        <vehicle id="20" x="220.38" y="198.35" angle="90.00" type="DEFAULT_VEHTYPE" speed="5.77" pos="15.63" lane="1/1to2/1_0" slope="0.00"/>
        <vehicle id="21" x="439.91" y="398.35" angle="90.00" type="DEFAULT_VEHTYPE" speed="9.91" pos="35.16" lane="2/2to3/2_0" slope="0.00"/>
        <vehicle id="22" x="228.64" y="398.35" angle="90.00" type="DEFAULT_VEHTYPE" speed="7.24" pos="23.89" lane="1/2to2/2_0" slope="0.00"/>
        <vehicle id="23" x="19.13" y="398.35" angle="90.00" type="DEFAULT_VEHTYPE" speed="6.61" pos="19.13" lane="0/2to1/2_0" slope="0.00"/>
        <vehicle id="24" x="601.65" y="417.43" angle="180.00" type="DEFAULT_VEHTYPE" speed="5.09" pos="12.68" lane="3/2to3/3_0" slope="0.00"/>
        <vehicle id="3" x="398.35" y="324.92" angle="0.00" type="DEFAULT_VEHTYPE" speed="12.64" pos="70.33" lane="2/2to2/1_0" slope="0.00"/>
        <vehicle id="4" x="602.20" y="201.65" angle="-90.00" type="DEFAULT_VEHTYPE" speed="3.39" pos="2.55" lane=":3/1_5_0" slope="0.00"/>
        <vehicle id="5" x="401.65" y="215.59" angle="180.00" type="DEFAULT_VEHTYPE" speed="8.43" pos="10.84" lane="2/1to2/2_0" slope="0.00"/>
        <vehicle id="6" x="555.64" y="201.65" angle="-90.00" type="DEFAULT_VEHTYPE" speed="13.10" pos="39.61" lane="3/1to2/1_0" slope="0.00"/>
        <vehicle id="7" x="401.45" y="196.66" angle="-177.68" type="DEFAULT_VEHTYPE" speed="6.40" pos="1.43" lane=":2/1_10_0" slope="0.00"/>
        <vehicle id="8" x="598.35" y="596.89" angle="0.00" type="DEFAULT_VEHTYPE" speed="12.73" pos="7.86" lane=":3/3_1_0" slope="0.00"/>
        <vehicle id="9" x="401.65" y="388.21" angle="180.00" type="DEFAULT_VEHTYPE" speed="6.26" pos="183.46" lane="2/1to2/2_0" slope="0.00"/>
    </timestep>
    <timestep time="27.00">
        <vehicle id="0" x="276.88" y="198.35" angle="90.00" type="DEFAULT_VEHTYPE" speed="13.16" pos="72.13" lane="1/1to2/1_0" slope="0.00"/>
        <vehicle id="1" x="198.35" y="324.85" angle="0.00" type="DEFAULT_VEHTYPE" speed="13.06" pos="70.40" lane="1/2to1/1_0" slope="0.00"/>
        <vehicle id="10" x="792.77" y="198.35" angle="90.00" type="DEFAULT_VEHTYPE" speed="13.47" pos="188.02" lane="3/1to4/1_0" slope="0.00"/>
        <vehicle id="11" x="401.65" y="788.21" angle="180.00" type="DEFAULT_VEHTYPE" speed="12.80" pos="183.46" lane="2/3to2/4_0" slope="0.00"/>
        <vehicle id="12" x="373.06" y="198.35" angle="90.00" type="DEFAULT_VEHTYPE" speed="13.29" pos="168.31" lane="1/1to2/1_0" slope="0.00"/>
        <vehicle id="13" x="755.90" y="398.35" angle="90.00" type="DEFAULT_VEHTYPE" speed="13.74" pos="151.15" lane="3/2to4/2_0" slope="0.00"/>
        <vehicle id="14" x="468.83" y="601.65" angle="-90.00" type="DEFAULT_VEHTYPE" speed="12.84" pos="126.42" lane="3/3to2/3_0" slope="0.00"/>
        <vehicle id="15" x="601.65" y="331.36" angle="180.00" type="DEFAULT_VEHTYPE" speed="13.85" pos="126.61" lane="3/1to3/2_0" slope="0.00"/>
        <vehicle id="16" x="287.47" y="401.65" angle="-90.00" type="DEFAULT_VEHTYPE" speed="13.20" pos="107.78" lane="2/2to1/2_0" slope="0.00"/>
        <vehicle id="17" x="703.63" y="598.35" angle="90.00" type="DEFAULT_VEHTYPE" speed="13.83" pos="98.88" lane="3/3to4/3_0" slope="0.00"/>
        <vehicle id="18" x="662.81" y="598.35" angle="90.00" type="DEFAULT_VEHTYPE" speed="13.72" pos="58.06" lane="3/3to4/3_0" slope="0.00"/>
        <vehicle id="19" x="521.86" y="601.65" angle="-90.00" type="DEFAULT_VEHTYPE" speed="12.91" pos="73.39" lane="3/3to2/3_0" slope="0.00"/>
        <vehicle id="2" x="201.65" y="246.44" angle="180.00" type="DEFAULT_VEHTYPE" speed="13.21" pos="41.69" lane="1/1to1/2_0" slope="0.00"/>
        <vehicle id="20" x="228.56" y="198.35" angle="90.00" type="DEFAULT_VEHTYPE" speed="8.18" pos="23.81" lane="1/1to2/1_0" slope="0.00"/>
        <vehicle id="21" x="451.19" y="398.35" angle="90.00" type="DEFAULT_VEHTYPE" speed="11.28" pos="46.44" lane="2/2to3/2_0" slope="0.00"/>
        <vehicle id="22" x="237.61" y="398.35" angle="90.00" type="DEFAULT_VEHTYPE" speed="8.97" pos="32.86" lane="1/2to2/2_0" slope="0.00"/>
        <vehicle id="23" x="27.36" y="398.35" angle="90.00" type="DEFAULT_VEHTYPE" speed="8.23" pos="27.36" lane="0/2to1/2_0" slope="0.00"/>
        <vehicle id="24" x="601.65" y="424.09" angle="180.00" type="DEFAULT_VEHTYPE" speed="6.66" pos="19.34" lane="3/2to3/3_0" slope="0.00"/>
        <vehicle id="3" x="398.35" y="312.28" angle="0.00" type="DEFAULT_VEHTYPE" speed="12.64" pos="82.97" lane="2/2to2/1_0" slope="0.00"/>
        <vehicle id="4" x="597.27" y="201.65" angle="-90.00" type="DEFAULT_VEHTYPE" speed="4.94" pos="7.48" lane=":3/1_5_0" slope="0.00"/>
        <vehicle id="5" x="401.65" y="225.49" angle="180.00" type="DEFAULT_VEHTYPE" speed="9.90" pos="20.74" lane="2/1to2/2_0" slope="0.00"/>
        <vehicle id="6" x="542.01" y="201.65" angle="-90.00" type="DEFAULT_VEHTYPE" speed="13.63" pos="53.24" lane="3/1to2/1_0" slope="0.00"/>
        <vehicle id="7" x="395.69" y="201.59" angle="-111.55" type="DEFAULT_VEHTYPE" speed="8.45" pos="2.74" lane=":2/1_18_0" slope="0.00"/>
        <vehicle id="8" x="598.35" y="583.55" angle="0.00" type="DEFAULT_VEHTYPE" speed="13.34" pos="11.70" lane="3/3to3/2_0" slope="0.00"/>
        <vehicle id="9" x="401.65" y="390.58" angle="180.00" type="DEFAULT_VEHTYPE" speed="2.36" pos="185.83" lane="2/1to2/2_0" slope="0.00"/>
    </timestep>
    <timestep time="28.00">
        <vehicle id="0" x="290.44" y="198.35" angle="90.00" type="DEFAULT_VEHTYPE" speed="13.56" pos="85.69" lane="1/1to2/1_0" slope="0.00"/>
        <vehicle id="1" x="198.35" y="311.09" angle="0.00" type="DEFAULT_VEHTYPE" speed="13.76" pos="84.16" lane="1/2to1/1_0" slope="0.00"/>
        <vehicle id="10" x="798.87" y="201.65" angle="-145.39" type="DEFAULT_VEHTYPE" speed="13.18" pos="1.13" lane="4/1to3/1_0" slope="0.00"/>
        <vehicle id="11" x="401.20" y="800.68" angle="-174.68" type="DEFAULT_VEHTYPE" speed="12.61" pos="0.82" lane=":2/4_0_0" slope="0.00"/>
        <vehicle id="12" x="382.46" y="198.35" angle="90.00" type="DEFAULT_VEHTYPE" speed="9.40" pos="177.71" lane="1/1to2/1_0" slope="0.00"/>
        <vehicle id="13" x="768.59" y="398.35" angle="90.00" type="DEFAULT_VEHTYPE" speed="12.69" pos="163.84" lane="3/2to4/2_0" slope="0.00"/>
        <vehicle id="14" x="455.10" y="601.65" angle="-90.00" type="DEFAULT_VEHTYPE" speed="13.73" pos="140.15" lane="3/3to2/3_0" slope="0.00"/>
        <vehicle id="15" x="601.65" y="344.46" angle="180.00" type="DEFAULT_VEHTYPE" speed="13.10" pos="139.71" lane="3/1to3/2_0" slope="0.00"/>
        <vehicle id="16" x="274.28" y="401.65" angle="-90.00" type="DEFAULT_VEHTYPE" speed="13.19" pos="120.97" lane="2/2to1/2_0" slope="0.00"/>
        <vehicle id="17" x="717.44" y="598.35" angle="90.00" type="DEFAULT_VEHTYPE" speed="13.81" pos="112.69" lane="3/3to4/3_0" slope="0.00"/>
        <vehicle id="18" x="676.48" y="598.35" angle="90.00" type="DEFAULT_VEHTYPE" speed="13.67" pos="71.73" lane="3/3to4/3_0" slope="0.00"/>
        <vehicle id="19" x="509.17" y="601.65" angle="-90.00" type="DEFAULT_VEHTYPE" speed="12.68" pos="86.08" lane="3/3to2/3_0" slope="0.00"/>
        <vehicle id="2" x="201.65" y="260.09" angle="180.00" type="DEFAULT_VEHTYPE" speed="13.65" pos="55.34" lane="1/1to1/2_0" slope="0.00"/>
        <vehicle id="20" x="239.23" y="198.35" angle="90.00" type="DEFAULT_VEHTYPE" speed="10.67" pos="34.48" lane="1/1to2/1_0" slope="0.00"/>
        <vehicle id="21" x="464.01" y="398.35" angle="90.00" type="DEFAULT_VEHTYPE" speed="12.83" pos="59.26" lane="2/2to3/2_0" slope="0.00"/>
        <vehicle id="22" x="248.05" y="398.35" angle="90.00" type="DEFAULT_VEHTYPE" speed="10.45" pos="43.30" lane="1/2to2/2_0" slope="0.00"/>
        <vehicle id="23" x="37.82" y="398.35" angle="90.00" type="DEFAULT_VEHTYPE" speed="10.46" pos="37.82" lane="0/2to1/2_0" slope="0.00"/>
        <vehicle id="24" x="601.65" y="432.11" angle="180.00" type="DEFAULT_VEHTYPE" speed="8.02" pos="27.36" lane="3/2to3/3_0" slope="0.00"/>
        <vehicle id="3" x="398.35" y="298.76" angle="0.00" type="DEFAULT_VEHTYPE" speed="13.52" pos="96.49" lane="2/2to2/1_0" slope="0.00"/>
        <vehicle id="4" x="590.86" y="201.65" angle="-90.00" type="DEFAULT_VEHTYPE" speed="6.41" pos="4.39" lane="3/1to2/1_0" slope="0.00"/>
        <vehicle id="5" x="401.65" y="237.80" angle="180.00" type="DEFAULT_VEHTYPE" speed="12.31" pos="33.05" lane="2/1to2/2_0" slope="0.00"/>
        <vehicle id="6" x="528.43" y="201.65" angle="-90.00" type="DEFAULT_VEHTYPE" speed="13.58" pos="66.82" lane="3/1to2/1_0" slope="0.00"/>
        <vehicle id="7" x="385.85" y="201.65" angle="-90.00" type="DEFAULT_VEHTYPE" speed="9.84" pos="9.40" lane="2/1to1/1_0" slope="0.00"/>
        <vehicle id="8" x="598.35" y="570.15" angle="0.00" type="DEFAULT_VEHTYPE" speed="13.39" pos="25.10" lane="3/3to3/2_0" slope="0.00"/>
        <vehicle id="9" x="401.65" y="394.99" angle="180.00" type="DEFAULT_VEHTYPE" speed="4.41" pos="190.24" lane="2/1to2/2_0" slope="0.00"/>
    </timestep>
    <timestep time="29.00">
        <vehicle id="0" x="303.47" y="198.35" angle="90.00" type="DEFAULT_VEHTYPE" speed="13.03" pos="98.72" lane="1/1to2/1_0" slope="0.00"/>
        <vehicle id="1" x="198.35" y="298.47" angle="0.00" type="DEFAULT_VEHTYPE" speed="12.62" pos="96.78" lane="1/2to1/1_0" slope="0.00"/>
        <vehicle id="10" x="786.02" y="201.65" angle="-90.00" type="DEFAULT_VEHTYPE" speed="12.85" pos="13.98" lane="4/1to3/1_0" slope="0.00"/>
        <vehicle id="11" x="398.35" y="790.87" angle="0.00" type="DEFAULT_VEHTYPE" speed="13.13" pos="9.13" lane="2/4to2/3_0" slope="0.00"/>
        <vehicle id="12" x="388.04" y="198.35" angle="90.00" type="DEFAULT_VEHTYPE" speed="5.58" pos="183.29" lane="1/1to2/1_0" slope="0.00"/>
        <vehicle id="13" x="781.29" y="398.35" angle="90.00" type="DEFAULT_VEHTYPE" speed="12.70" pos="176.54" lane="3/2to4/2_0" slope="0.00"/>
        <vehicle id="14" x="442.45" y="601.65" angle="-90.00" type="DEFAULT_VEHTYPE" speed="12.65" pos="152.80" lane="3/3to2/3_0" slope="0.00"/>
        <vehicle id="15" x="601.65" y="358.25" angle="180.00" type="DEFAULT_VEHTYPE" speed="13.79" pos="153.50" lane="3/1to3/2_0" slope="0.00"/>
        <vehicle id="16" x="261.31" y="401.65" angle="-90.00" type="DEFAULT_VEHTYPE" speed="12.97" pos="133.94" lane="2/2to1/2_0" slope="0.00"/>
        <vehicle id="17" x="730.96" y="598.35" angle="90.00" type="DEFAULT_VEHTYPE" speed="13.52" pos="126.21" lane="3/3to4/3_0" slope="0.00"/>
        <vehicle id="18" x="690.13" y="598.35" angle="90.00" type="DEFAULT_VEHTYPE" speed="13.65" pos="85.38" lane="3/3to4/3_0" slope="0.00"/>
        <vehicle id="19" x="496.00" y="601.65" angle="-90.00" type="DEFAULT_VEHTYPE" speed="13.17" pos="99.25" lane="3/3to2/3_0" slope="0.00"/>
        <vehicle id="2" x="201.65" y="273.41" angle="180.00" type="DEFAULT_VEHTYPE" speed="13.32" pos="68.66" lane="1/1to1/2_0" slope="0.00"/>
        <vehicle id="20" x="251.37" y="198.35" angle="90.00" type="DEFAULT_VEHTYPE" speed="12.14" pos="46.62" lane="1/1to2/1_0" slope="0.00"/>
        <vehicle id="21" x="477.36" y="398.35" angle="90.00" type="DEFAULT_VEHTYPE" speed="13.35" pos="72.61" lane="2/2to3/2_0" slope="0.00"/>
        <vehicle id="22" x="260.80" y="398.35" angle="90.00" type="DEFAULT_VEHTYPE" speed="12.75" pos="56.05" lane="1/2to2/2_0" slope="0.00"/>
        <vehicle id="23" x="50.67" y="398.35" angle="90.00" type="DEFAULT_VEHTYPE" speed="12.85" pos="50.67" lane="0/2to1/2_0" slope="0.00"/>
        <vehicle id="24" x="601.65" y="442.10" angle="180.00" type="DEFAULT_VEHTYPE" speed="9.99" pos="37.35" lane="3/2to3/3_0" slope="0.00"/>
        <vehicle id="3" x="398.35" y="285.88" angle="0.00" type="DEFAULT_VEHTYPE" speed="12.89" pos="109.37" lane="2/2to2/1_0" slope="0.00"/>
        <vehicle id="4" x="582.62" y="201.65" angle="-90.00" type="DEFAULT_VEHTYPE" speed="8.24" pos="12.63" lane="3/1to2/1_0" slope="0.00"/>
        <vehicle id="5" x="401.65" y="251.27" angle="180.00" type="DEFAULT_VEHTYPE" speed="13.47" pos="46.52" lane="2/1to2/2_0" slope="0.00"/>
        <vehicle id="6" x="514.93" y="201.65" angle="-90.00" type="DEFAULT_VEHTYPE" speed="13.50" pos="80.32" lane="3/1to2/1_0" slope="0.00"/>
        <vehicle id="7" x="374.09" y="201.65" angle="-90.00" type="DEFAULT_VEHTYPE" speed="11.76" pos="21.16" lane="2/1to1/1_0" slope="0.00"/>
        <vehicle id="8" x="598.35" y="556.55" angle="0.00" type="DEFAULT_VEHTYPE" speed="13.60" pos="38.70" lane="3/3to3/2_0" slope="0.00"/>
        <vehicle id="9" x="399.72" y="400.25" angle="-157.44" type="DEFAULT_VEHTYPE" speed="5.81" pos="5.54" lane=":2/2_10_0" slope="0.00"/>
    </timestep>
    <timestep time="30.00">
        <vehicle id="0" x="316.93" y="198.35" angle="90.00" type="DEFAULT_VEHTYPE" speed="13.46" pos="112.18" lane="1/1to2/1_0" slope="0.00"/>
        <vehicle id="1" x="198.35" y="284.93" angle="0.00" type="DEFAULT_VEHTYPE" speed="13.55" pos="110.32" lane="1/2to1/1_0" slope="0.00"/>
        <vehicle id="10" x="773.05" y="201.65" angle="-90.00" type="DEFAULT_VEHTYPE" speed="12.98" pos="26.95" lane="4/1to3/1_0" slope="0.00"/>
        <vehicle id="11" x="398.35" y="778.04" angle="0.00" type="DEFAULT_VEHTYPE" speed="12.83" pos="21.96" lane="2/4to2/3_0" slope="0.00"/>
        <vehicle id="12" x="390.50" y="198.35" angle="90.00" type="DEFAULT_VEHTYPE" speed="2.46" pos="185.75" lane="1/1to2/1_0" slope="0.00"/>
        <vehicle id="13" x="794.53" y="398.35" angle="90.00" type="DEFAULT_VEHTYPE" speed="13.24" pos="189.78" lane="3/2to4/2_0" slope="0.00"/>
        <vehicle id="14" x="428.62" y="601.65" angle="-90.00" type="DEFAULT_VEHTYPE" speed="13.83" pos="166.63" lane="3/3to2/3_0" slope="0.00"/>
        <vehicle id="15" x="601.65" y="370.86" angle="180.00" type="DEFAULT_VEHTYPE" speed="12.60" pos="166.11" lane="3/1to3/2_0" slope="0.00"/>
        <vehicle id="16" x="247.93" y="401.65" angle="-90.00" type="DEFAULT_VEHTYPE" speed="13.38" pos="147.32" lane="2/2to1/2_0" slope="0.00"/>
        <vehicle id="17" x="744.09" y="598.35" angle="90.00" type="DEFAULT_VEHTYPE" speed="13.13" pos="139.34" lane="3/3to4/3_0" slope="0.00"/>
        <vehicle id="18" x="703.37" y="598.35" angle="90.00" type="DEFAULT_VEHTYPE" speed="13.24" pos="98.62" lane="3/3to4/3_0" slope="0.00"/>
        <vehicle id="19" x="482.36" y="601.65" angle="-90.00" type="DEFAULT_VEHTYPE" speed="13.64" pos="112.89" lane="3/3to2/3_0" slope="0.00"/>
        <vehicle id="2" x="201.65" y="286.48" angle="180.00" type="DEFAULT_VEHTYPE" speed="13.07" pos="81.73" lane="1/1to1/2_0" slope="0.00"/>
        <vehicle id="20" x="264.14" y="198.35" angle="90.00" type="DEFAULT_VEHTYPE" speed="12.77" pos="59.39" lane="1/1to2/1_0" slope="0.00"/>
        <vehicle id="21" x="490.17" y="398.35" angle="90.00" type="DEFAULT_VEHTYPE" speed="12.80" pos="85.42" lane="2/2to3/2_0" slope="0.00"/>
        <vehicle id="22" x="274.46" y="398.35" angle="90.00" type="DEFAULT_VEHTYPE" speed="13.66" pos="69.71" lane="1/2to2/2_0" slope="0.00"/>
        <vehicle id="23" x="63.84" y="398.35" angle="90.00" type="DEFAULT_VEHTYPE" speed="13.17" pos="63.84" lane="0/2to1/2_0" slope="0.00"/>
        <vehicle id="24" x="601.65" y="454.50" angle="180.00" type="DEFAULT_VEHTYPE" speed="12.41" pos="49.75" lane="3/2to3/3_0" slope="0.00"/>
        <vehicle id="3" x="398.35" y="272.57" angle="0.00" type="DEFAULT_VEHTYPE" speed="13.31" pos="122.68" lane="2/2to2/1_0" slope="0.00"/>
        <vehicle id="4" x="572.23" y="201.65" angle="-90.00" type="DEFAULT_VEHTYPE" speed="10.38" pos="23.02" lane="3/1to2/1_0" slope="0.00"/>
        <vehicle id="5" x="401.65" y="264.04" angle="180.00" type="DEFAULT_VEHTYPE" speed="12.78" pos="59.29" lane="2/1to2/2_0" slope="0.00"/>
        <vehicle id="6" x="501.93" y="201.65" angle="-90.00" type="DEFAULT_VEHTYPE" speed="13.00" pos="93.32" lane="3/1to2/1_0" slope="0.00"/>
        <vehicle id="7" x="361.01" y="201.65" angle="-90.00" type="DEFAULT_VEHTYPE" speed="13.08" pos="34.24" lane="2/1to1/1_0" slope="0.00"/>
        <vehicle id="8" x="598.35" y="543.40" angle="0.00" type="DEFAULT_VEHTYPE" speed="13.15" pos="51.85" lane="3/3to3/2_0" slope="0.00"/>
        <vehicle id="9" x="391.85" y="401.65" angle="-92.59" type="DEFAULT_VEHTYPE" speed="8.18" pos="3.40" lane="2/2to1/2_0" slope="0.00"/>
    </timestep>
    <timestep time="31.00">
        <vehicle id="0" x="329.64" y="198.35" angle="90.00" type="DEFAULT_VEHTYPE" speed="12.71" pos="124.89" lane="1/1to2/1_0" slope="0.00"/>
        <vehicle id="1" x="198.35" y="271.74" angle="0.00" type="DEFAULT_VEHTYPE" speed="13.19" pos="123.51" lane="1/2to1/1_0" slope="0.00"/>
        <vehicle id="10" x="760.22" y="201.65" angle="-90.00" type="DEFAULT_VEHTYPE" speed="12.82" pos="39.78" lane="4/1to3/1_0" slope="0.00"/>
        <vehicle id="11" x="398.35" y="765.28" angle="0.00" type="DEFAULT_VEHTYPE" speed="12.76" pos="34.72" lane="2/4to2/3_0" slope="0.00"/>
        <vehicle id="12" x="394.31" y="198.35" angle="90.00" type="DEFAULT_VEHTYPE" speed="3.82" pos="189.56" lane="1/1to2/1_0" slope="0.00"/>
        <vehicle id="13" x="797.45" y="401.65" angle="-112.00" type="DEFAULT_VEHTYPE" speed="12.84" pos="2.55" lane="4/2to3/2_0" slope="0.00"/>
        <vehicle id="14" x="419.29" y="601.65" angle="-90.00" type="DEFAULT_VEHTYPE" speed="9.33" pos="175.96" lane="3/3to2/3_0" slope="0.00"/>
        <vehicle id="15" x="601.65" y="381.07" angle="180.00" type="DEFAULT_VEHTYPE" speed="10.22" pos="176.32" lane="3/1to3/2_0" slope="0.00"/>
        <vehicle id="16" x="234.12" y="401.65" angle="-90.00" type="DEFAULT_VEHTYPE" speed="13.81" pos="161.13" lane="2/2to1/2_0" slope="0.00"/>
        <vehicle id="17" x="756.86" y="598.35" angle="90.00" type="DEFAULT_VEHTYPE" speed="12.77" pos="152.11" lane="3/3to4/3_0" slope="0.00"/>
        <vehicle id="18" x="716.46" y="598.35" angle="90.00" type="DEFAULT_VEHTYPE" speed="13.10" pos="111.71" lane="3/3to4/3_0" slope="0.00"/>
        <vehicle id="19" x="469.37" y="601.65" angle="-90.00" type="DEFAULT_VEHTYPE" speed="12.99" pos="125.88" lane="3/3to2/3_0" slope="0.00"/>
        <vehicle id="2" x="201.65" y="300.34" angle="180.00" type="DEFAULT_VEHTYPE" speed="13.86" pos="95.59" lane="1/1to1/2_0" slope="0.00"/>
        <vehicle id="20" x="277.16" y="198.35" angle="90.00" type="DEFAULT_VEHTYPE" speed="13.02" pos="72.41" lane="1/1to2/1_0" slope="0.00"/>
        <vehicle id="21" x="502.79" y="398.35" angle="90.00" type="DEFAULT_VEHTYPE" speed="12.62" pos="98.04" lane="2/2to3/2_0" slope="0.00"/>
        <vehicle id="22" x="287.87" y="398.35" angle="90.00" type="DEFAULT_VEHTYPE" speed="13.41" pos="83.12" lane="1/2to2/2_0" slope="0.00"/>
        <vehicle id="23" x="76.56" y="398.35" angle="90.00" type="DEFAULT_VEHTYPE" speed="12.72" pos="76.56" lane="0/2to1/2_0" slope="0.00"/>
        <vehicle id="24" x="601.65" y="467.13" angle="180.00" type="DEFAULT_VEHTYPE" speed="12.62" pos="62.38" lane="3/2to3/3_0" slope="0.00"/>
        <vehicle id="3" x="398.35" y="259.73" angle="0.00" type="DEFAULT_VEHTYPE" speed="12.84" pos="135.52" lane="2/2to2/1_0" slope="0.00"/>
        <vehicle id="4" x="560.15" y="201.65" angle="-90.00" type="DEFAULT_VEHTYPE" speed="12.08" pos="35.10" lane="3/1to2/1_0" slope="0.00"/>
        <vehicle id="5" x="401.65" y="277.78" angle="180.00" type="DEFAULT_VEHTYPE" speed="13.73" pos="73.03" lane="2/1to2/2_0" slope="0.00"/>
        <vehicle id="6" x="488.30" y="201.65" angle="-90.00" type="DEFAULT_VEHTYPE" speed="13.63" pos="106.95" lane="3/1to2/1_0" slope="0.00"/>
        <vehicle id="7" x="347.98" y="201.65" angle="-90.00" type="DEFAULT_VEHTYPE" speed="13.04" pos="47.27" lane="2/1to1/1_0" slope="0.00"/>
        <vehicle id="8" x="598.35" y="529.71" angle="0.00" type="DEFAULT_VEHTYPE" speed="13.70" pos="65.54" lane="3/3to3/2_0" slope="0.00"/>
        <vehicle id="9" x="382.21" y="401.65" angle="-90.00" type="DEFAULT_VEHTYPE" speed="9.64" pos="13.04" lane="2/2to1/2_0" slope="0.00"/>
    </timestep>
    <timestep time="32.00">
        <vehicle id="0" x="342.38" y="198.35" angle="90.00" type="DEFAULT_VEHTYPE" speed="12.74" pos="137.63" lane="1/1to2/1_0" slope="0.00"/>
        <vehicle id="1" x="198.35" y="258.45" angle="0.00" type="DEFAULT_VEHTYPE" speed="13.29" pos="136.80" lane="1/2to1/1_0" slope="0.00"/>
        <vehicle id="10" x="746.34" y="201.65" angle="-90.00" type="DEFAULT_VEHTYPE" speed="13.88" pos="53.66" lane="4/1to3/1_0" slope="0.00"/>
        <vehicle id="11" x="398.35" y="751.96" angle="0.00" type="DEFAULT_VEHTYPE" speed="13.31" pos="48.04" lane="2/4to2/3_0" slope="0.00"/>
        <vehicle id="12" x="400.69" y="198.35" angle="90.00" type="DEFAULT_VEHTYPE" speed="6.37" pos="5.44" lane=":2/1_13_0" slope="0.00"/>
        <vehicle id="13" x="784.55" y="401.65" angle="-90.00" type="DEFAULT_VEHTYPE" speed="12.90" pos="15.45" lane="4/2to3/2_0" slope="0.00"/>
        <vehicle id="14" x="412.62" y="601.65" angle="-90.00" type="DEFAULT_VEHTYPE" speed="6.67" pos="182.63" lane="3/3to2/3_0" slope="0.00"/>
        <vehicle id="15" x="601.65" y="387.60" angle="180.00" type="DEFAULT_VEHTYPE" speed="6.52" pos="182.85" lane="3/1to3/2_0" slope="0.00"/>
        <vehicle id="16" x="223.10" y="401.65" angle="-90.00" type="DEFAULT_VEHTYPE" speed="11.03" pos="172.15" lane="2/2to1/2_0" slope="0.00"/>
        <vehicle id="17" x="769.78" y="598.35" angle="90.00" type="DEFAULT_VEHTYPE" speed="12.92" pos="165.03" lane="3/3to4/3_0" slope="0.00"/>
        <vehicle id="18" x="729.43" y="598.35" angle="90.00" type="DEFAULT_VEHTYPE" speed="12.97" pos="124.68" lane="3/3to4/3_0" slope="0.00"/>
        <vehicle id="19" x="455.51" y="601.65" angle="-90.00" type="DEFAULT_VEHTYPE" speed="13.87" pos="139.74" lane="3/3to2/3_0" slope="0.00"/>
        <vehicle id="2" x="201.65" y="313.76" angle="180.00" type="DEFAULT_VEHTYPE" speed="13.42" pos="109.01" lane="1/1to1/2_0" slope="0.00"/>
        <vehicle id="20" x="290.22" y="198.35" angle="90.00" type="DEFAULT_VEHTYPE" speed="13.06" pos="85.47" lane="1/1to2/1_0" slope="0.00"/>
        <vehicle id="21" x="515.72" y="398.35" angle="90.00" type="DEFAULT_VEHTYPE" speed="12.93" pos="110.97" lane="2/2to3/2_0" slope="0.00"/>
        <vehicle id="22" x="300.97" y="398.35" angle="90.00" type="DEFAULT_VEHTYPE" speed="13.10" pos="96.22" lane="1/2to2/2_0" slope="0.00"/>
        <vehicle id="23" x="90.32" y="398.35" angle="90.00" type="DEFAULT_VEHTYPE" speed="13.76" pos="90.32" lane="0/2to1/2_0" slope="0.00"/>
        <vehicle id="24" x="601.65" y="480.84" angle="180.00" type="DEFAULT_VEHTYPE" speed="13.72" pos="76.09" lane="3/2to3/3_0" slope="0.00"/>
        <vehicle id="3" x="398.35" y="247.12" angle="0.00" type="DEFAULT_VEHTYPE" speed="12.61" pos="148.13" lane="2/2to2/1_0" slope="0.00"/>
        <vehicle id="4" x="547.18" y="201.65" angle="-90.00" type="DEFAULT_VEHTYPE" speed="12.98" pos="48.07" lane="3/1to2/1_0" slope="0.00"/>
        <vehicle id="5" x="401.65" y="291.16" angle="180.00" type="DEFAULT_VEHTYPE" speed="13.38" pos="86.41" lane="2/1to2/2_0" slope="0.00"/>
        <vehicle id="6" x="474.71" y="201.65" angle="-90.00" type="DEFAULT_VEHTYPE" speed="13.59" pos="120.54" lane="3/1to2/1_0" slope="0.00"/>
        <vehicle id="7" x="334.99" y="201.65" angle="-90.00" type="DEFAULT_VEHTYPE" speed="12.98" pos="60.26" lane="2/1to1/1_0" slope="0.00"/>
        <vehicle id="8" x="598.35" y="516.56" angle="0.00" type="DEFAULT_VEHTYPE" speed="13.15" pos="78.69" lane="3/3to3/2_0" slope="0.00"/>
        <vehicle id="9" x="370.18" y="401.65" angle="-90.00" type="DEFAULT_VEHTYPE" speed="12.03" pos="25.07" lane="2/2to1/2_0" slope="0.00"/>
    </timestep>
    <timestep time="33.00">
        <vehicle id="0" x="355.93" y="198.35" angle="90.00" type="DEFAULT_VEHTYPE" speed="13.55" pos="151.18" lane="1/1to2/1_0" slope="0.00"/>
        <vehicle id="1" x="198.35" y="245.46" angle="0.00" type="DEFAULT_VEHTYPE" speed="12.99" pos="149.79" lane="1/2to1/1_0" slope="0.00"/>
        <vehicle id="10" x="732.66" y="201.65" angle="-90.00" type="DEFAULT_VEHTYPE" speed="13.67" pos="67.34" lane="4/1to3/1_0" slope="0.00"/>
        <vehicle id="11" x="398.35" y="738.80" angle="0.00" type="DEFAULT_VEHTYPE" speed="13.16" pos="61.20" lane="2/4to2/3_0" slope="0.00"/>
        <vehicle id="12" x="408.54" y="198.35" angle="90.00" type="DEFAULT_VEHTYPE" speed="7.86" pos="3.79" lane="2/1to3/1_0" slope="0.00"/>
        <vehicle id="13" x="771.54" y="401.65" angle="-90.00" type="DEFAULT_VEHTYPE" speed="13.01" pos="28.46" lane="4/2to3/2_0" slope="0.00"/>
        <vehicle id="14" x="409.79" y="601.65" angle="-90.00" type="DEFAULT_VEHTYPE" speed="2.83" pos="185.46" lane="3/3to2/3_0" slope="0.00"/>
        <vehicle id="15" x="601.65" y="390.32" angle="180.00" type="DEFAULT_VEHTYPE" speed="2.72" pos="185.57" lane="3/1to3/2_0" slope="0.00"/>
        <vehicle id="16" x="215.02" y="401.65" angle="-90.00" type="DEFAULT_VEHTYPE" speed="8.08" pos="180.23" lane="2/2to1/2_0" slope="0.00"/>
        <vehicle id="17" x="783.49" y="598.35" angle="90.00" type="DEFAULT_VEHTYPE" speed="13.71" pos="178.74" lane="3/3to4/3_0" slope="0.00"/>
        <vehicle id="18" x="743.20" y="598.35" angle="90.00" type="DEFAULT_VEHTYPE" speed="13.77" pos="138.45" lane="3/3to4/3_0" slope="0.00"/>
        <vehicle id="19" x="441.89" y="601.65" angle="-90.00" type="DEFAULT_VEHTYPE" speed="13.61" pos="153.36" lane="3/3to2/3_0" slope="0.00"/>
        <vehicle id="2" x="201.65" y="326.38" angle="180.00" type="DEFAULT_VEHTYPE" speed="12.62" pos="121.63" lane="1/1to1/2_0" slope="0.00"/>
        <vehicle id="20" x="303.33" y="198.35" angle="90.00" type="DEFAULT_VEHTYPE" speed="13.11" pos="98.58" lane="1/1to2/1_0" slope="0.00"/>
        <vehicle id="21" x="529.34" y="398.35" angle="90.00" type="DEFAULT_VEHTYPE" speed="13.62" pos="124.59" lane="2/2to3/2_0" slope="0.00"/>
        <vehicle id="22" x="314.59" y="398.35" angle="90.00" type="DEFAULT_VEHTYPE" speed="13.62" pos="109.84" lane="1/2to2/2_0" slope="0.00"/>
        <vehicle id="23" x="103.59" y="398.35" angle="90.00" type="DEFAULT_VEHTYPE" speed="13.27" pos="103.59" lane="0/2to1/2_0" slope="0.00"/>
        <vehicle id="24" x="601.65" y="494.03" angle="180.00" type="DEFAULT_VEHTYPE" speed="13.19" pos="89.28" lane="3/2to3/3_0" slope="0.00"/>
        <vehicle id="3" x="398.35" y="234.47" angle="0.00" type="DEFAULT_VEHTYPE" speed="12.65" pos="160.78" lane="2/2to2/1_0" slope="0.00"/>
        <vehicle id="4" x="533.59" y="201.65" angle="-90.00" type="DEFAULT_VEHTYPE" speed="13.59" pos="61.66" lane="3/1to2/1_0" slope="0.00"/>
        <vehicle id="5" x="401.65" y="304.47" angle="180.00" type="DEFAULT_VEHTYPE" speed="13.31" pos="99.72" lane="2/1to2/2_0" slope="0.00"/>
        <vehicle id="6" x="461.49" y="201.65" angle="-90.00" type="DEFAULT_VEHTYPE" speed="13.22" pos="133.76" lane="3/1to2/1_0" slope="0.00"/>
        <vehicle id="7" x="321.81" y="201.65" angle="-90.00" type="DEFAULT_VEHTYPE" speed="13.18" pos="73.44" lane="2/1to1/1_0" slope="0.00"/>
        <vehicle id="8" x="598.35" y="503.63" angle="0.00" type="DEFAULT_VEHTYPE" speed="12.92" pos="91.62" lane="3/3to3/2_0" slope="0.00"/>
        <vehicle id="9" x="356.80" y="401.65" angle="-90.00" type="DEFAULT_VEHTYPE" speed="13.38" pos="38.45" lane="2/2to1/2_0" slope="0.00"/>
    </timestep>
    <timestep time="34.00">
        <vehicle id="0" x="369.09" y="198.35" angle="90.00" type="DEFAULT_VEHTYPE" speed="13.16" pos="164.34" lane="1/1to2/1_0" slope="0.00"/>
        <vehicle id="1" x="198.35" y="232.74" angle="0.00" type="DEFAULT_VEHTYPE" speed="12.71" pos="162.51" lane="1/2to1/1_0" slope="0.00"/>
        <vehicle id="10" x="718.83" y="201.65" angle="-90.00" type="DEFAULT_VEHTYPE" speed="13.83" pos="81.17" lane="4/1to3/1_0" slope="0.00"/>
        <vehicle id="11" x="398.35" y="726.15" angle="0.00" type="DEFAULT_VEHTYPE" speed="12.65" pos="73.85" lane="2/4to2/3_0" slope="0.00"/>
        <vehicle id="12" x="418.51" y="198.35" angle="90.00" type="DEFAULT_VEHTYPE" speed="9.96" pos="13.76" lane="2/1to3/1_0" slope="0.00"/>
        <vehicle id="13" x="758.37" y="401.65" angle="-90.00" type="DEFAULT_VEHTYPE" speed="13.17" pos="41.63" lane="4/2to3/2_0" slope="0.00"/>
        <vehicle id="14" x="404.55" y="601.62" angle="-89.67" type="DEFAULT_VEHTYPE" speed="5.24" pos="0.20" lane=":2/3_6_0" slope="0.00"/>
        <vehicle id="15" x="601.65" y="394.69" angle="180.00" type="DEFAULT_VEHTYPE" speed="4.37" pos="189.94" lane="3/1to3/2_0" slope="0.00"/>
        <vehicle id="16" x="210.46" y="401.65" angle="-90.00" type="DEFAULT_VEHTYPE" speed="4.56" pos="184.79" lane="2/2to1/2_0" slope="0.00"/>
        <vehicle id="17" x="796.18" y="598.35" angle="90.00" type="DEFAULT_VEHTYPE" speed="12.69" pos="191.43" lane="3/3to4/3_0" slope="0.00"/>
        <vehicle id="18" x="756.70" y="598.35" angle="90.00" type="DEFAULT_VEHTYPE" speed="13.50" pos="151.95" lane="3/3to4/3_0" slope="0.00"/>
        <vehicle id="19" x="431.66" y="601.65" angle="-90.00" type="DEFAULT_VEHTYPE" speed="10.23" pos="163.59" lane="3/3to2/3_0" slope="0.00"/>
        <vehicle id="2" x="201.65" y="339.66" angle="180.00" type="DEFAULT_VEHTYPE" speed="13.29" pos="134.91" lane="1/1to1/2_0" slope="0.00"/>
        <vehicle id="20" x="316.63" y="198.35" angle="90.00" type="DEFAULT_VEHTYPE" speed="13.30" pos="111.88" lane="1/1to2/1_0" slope="0.00"/>
        <vehicle id="21" x="542.28" y="398.35" angle="90.00" type="DEFAULT_VEHTYPE" speed="12.94" pos="137.53" lane="2/2to3/2_0" slope="0.00"/>
        <vehicle id="22" x="327.83" y="398.35" angle="90.00" type="DEFAULT_VEHTYPE" speed="13.24" pos="123.08" lane="1/2to2/2_0" slope="0.00"/>
        <vehicle id="23" x="116.45" y="398.35" angle="90.00" type="DEFAULT_VEHTYPE" speed="12.86" pos="116.45" lane="0/2to1/2_0" slope="0.00"/>
        <vehicle id="24" x="601.65" y="507.44" angle="180.00" type="DEFAULT_VEHTYPE" speed="13.41" pos="102.69" lane="3/2to3/3_0" slope="0.00"/>
        <vehicle id="3" x="398.35" y="221.10" angle="0.00" type="DEFAULT_VEHTYPE" speed="13.38" pos="174.15" lane="2/2to2/1_0" slope="0.00"/>
        <vehicle id="4" x="520.09" y="201.65" angle="-90.00" type="DEFAULT_VEHTYPE" speed="13.49" pos="75.16" lane="3/1to2/1_0" slope="0.00"/>
        <vehicle id="5" x="401.65" y="318.13" angle="180.00" type="DEFAULT_VEHTYPE" speed="13.67" pos="113.38" lane="2/1to2/2_0" slope="0.00"/>
        <vehicle id="6" x="448.22" y="201.65" angle="-90.00" type="DEFAULT_VEHTYPE" speed="13.28" pos="147.03" lane="3/1to2/1_0" slope="0.00"/>
        <vehicle id="7" x="308.90" y="201.65" angle="-90.00" type="DEFAULT_VEHTYPE" speed="12.91" pos="86.35" lane="2/1to1/1_0" slope="0.00"/>
        <vehicle id="8" x="598.35" y="490.20" angle="0.00" type="DEFAULT_VEHTYPE" speed="13.43" pos="105.05" lane="3/3to3/2_0" slope="0.00"/>
        <vehicle id="9" x="343.65" y="401.65" angle="-90.00" type="DEFAULT_VEHTYPE" speed="13.15" pos="51.60" lane="2/2to1/2_0" slope="0.00"/>
    </timestep>
    <timestep time="35.00">
        <vehicle id="0" x="379.20" y="198.35" angle="90.00" type="DEFAULT_VEHTYPE" speed="10.11" pos="174.45" lane="1/1to2/1_0" slope="0.00"/>
        <vehicle id="1" x="198.35" y="221.80" angle="0.00" type="DEFAULT_VEHTYPE" speed="10.94" pos="173.45" lane="1/2to1/1_0" slope="0.00"/>
        <vehicle id="10" x="706.22" y="201.65" angle="-90.00" type="DEFAULT_VEHTYPE" speed="12.61" pos="93.78" lane="4/1to3/1_0" slope="0.00"/>
        <vehicle id="11" x="398.35" y="713.29" angle="0.00" type="DEFAULT_VEHTYPE" speed="12.86" pos="86.71" lane="2/4to2/3_0" slope="0.00"/>
        <vehicle id="12" x="430.63" y="198.35" angle="90.00" type="DEFAULT_VEHTYPE" speed="12.13" pos="25.88" lane="2/1to3/1_0" slope="0.00"/>
        <vehicle id="13" x="745.20" y="401.65" angle="-90.00" type="DEFAULT_VEHTYPE" speed="13.17" pos="54.80" lane="4/2to3/2_0" slope="0.00"/>
        <vehicle id="14" x="399.10" y="598.63" angle="-54.36" type="DEFAULT_VEHTYPE" speed="6.61" pos="6.82" lane=":2/3_6_0" slope="0.00"/>
        <vehicle id="15" x="599.84" y="400.18" angle="-158.83" type="DEFAULT_VEHTYPE" speed="5.97" pos="5.41" lane=":3/2_10_0" slope="0.00"/>
        <vehicle id="16" x="203.99" y="401.76" angle="-91.22" type="DEFAULT_VEHTYPE" speed="6.48" pos="0.77" lane=":1/2_4_0" slope="0.00"/>
        <vehicle id="17" x="795.12" y="601.65" angle="-90.79" type="DEFAULT_VEHTYPE" speed="13.52" pos="4.88" lane="4/3to3/3_0" slope="0.00"/>
        <vehicle id="18" x="770.21" y="598.35" angle="90.00" type="DEFAULT_VEHTYPE" speed="13.51" pos="165.46" lane="3/3to4/3_0" slope="0.00"/>
        <vehicle id="19" x="421.80" y="601.65" angle="-90.00" type="DEFAULT_VEHTYPE" speed="9.86" pos="173.45" lane="3/3to2/3_0" slope="0.00"/>
        <vehicle id="2" x="201.65" y="352.37" angle="180.00" type="DEFAULT_VEHTYPE" speed="12.70" pos="147.62" lane="1/1to1/2_0" slope="0.00"/>
        <vehicle id="20" x="329.56" y="198.35" angle="90.00" type="DEFAULT_VEHTYPE" speed="12.93" pos="124.81" lane="1/1to2/1_0" slope="0.00"/>
        <vehicle id="21" x="555.15" y="398.35" angle="90.00" type="DEFAULT_VEHTYPE" speed="12.87" pos="150.40" lane="2/2to3/2_0" slope="0.00"/>
        <vehicle id="22" x="341.41" y="398.35" angle="90.00" type="DEFAULT_VEHTYPE" speed="13.58" pos="136.66" lane="1/2to2/2_0" slope="0.00"/>
        <vehicle id="23" x="130.20" y="398.35" angle="90.00" type="DEFAULT_VEHTYPE" speed="13.75" pos="130.20" lane="0/2to1/2_0" slope="0.00"/>
        <vehicle id="24" x="601.65" y="520.43" angle="180.00" type="DEFAULT_VEHTYPE" speed="12.99" pos="115.68" lane="3/2to3/3_0" slope="0.00"/>
        <vehicle id="3" x="398.35" y="207.74" angle="0.00" type="DEFAULT_VEHTYPE" speed="13.35" pos="187.51" lane="2/2to2/1_0" slope="0.00"/>
        <vehicle id="4" x="507.38" y="201.65" angle="-90.00" type="DEFAULT_VEHTYPE" speed="12.72" pos="87.87" lane="3/1to2/1_0" slope="0.00"/>
        <vehicle id="5" x="401.65" y="332.00" angle="180.00" type="DEFAULT_VEHTYPE" speed="13.87" pos="127.25" lane="2/1to2/2_0" slope="0.00"/>
        <vehicle id="6" x="435.60" y="201.65" angle="-90.00" type="DEFAULT_VEHTYPE" speed="12.61" pos="159.65" lane="3/1to2/1_0" slope="0.00"/>
        <vehicle id="7" x="296.18" y="201.65" angle="-90.00" type="DEFAULT_VEHTYPE" speed="12.72" pos="99.07" lane="2/1to1/1_0" slope="0.00"/>
        <vehicle id="8" x="598.35" y="477.53" angle="0.00" type="DEFAULT_VEHTYPE" speed="12.67" pos="117.72" lane="3/3to3/2_0" slope="0.00"/>
        <vehicle id="9" x="331.03" y="401.65" angle="-90.00" type="DEFAULT_VEHTYPE" speed="12.62" pos="64.22" lane="2/2to1/2_0" slope="0.00"/>
    </timestep>
    <timestep time="36.00">
        <vehicle id="0" x="385.50" y="198.35" angle="90.00" type="DEFAULT_VEHTYPE" speed="6.31" pos="180.75" lane="1/1to2/1_0" slope="0.00"/>
        <vehicle id="1" x="198.35" y="214.29" angle="0.00" type="DEFAULT_VEHTYPE" speed="7.52" pos="180.96" lane="1/2to1/1_0" slope="0.00"/>
        <vehicle id="10" x="692.88" y="201.65" angle="-90.00" type="DEFAULT_VEHTYPE" speed="13.34" pos="107.12" lane="4/1to3/1_0" slope="0.00"/>
        <vehicle id="11" x="398.35" y="700.62" angle="0.00" type="DEFAULT_VEHTYPE" speed="12.67" pos="99.38" lane="2/4to2/3_0" slope="0.00"/>
        <vehicle id="12" x="444.25" y="198.35" angle="90.00" type="DEFAULT_VEHTYPE" speed="13.62" pos="39.50" lane="2/1to3/1_0" slope="0.00"/>
        <vehicle id="13" x="732.33" y="401.65" angle="-90.00" type="DEFAULT_VEHTYPE" speed="12.87" pos="67.67" lane="4/2to3/2_0" slope="0.00"/>
        <vehicle id="14" x="398.35" y="590.43" angle="-0.29" type="DEFAULT_VEHTYPE" speed="8.33" pos="4.82" lane="2/3to2/2_0" slope="0.00"/>
        <vehicle id="15" x="592.65" y="401.65" angle="-93.90" type="DEFAULT_VEHTYPE" speed="7.52" pos="2.60" lane="3/2to2/2_0" slope="0.00"/>
        <vehicle id="16" x="201.65" y="408.45" angle="-177.92" type="DEFAULT_VEHTYPE" speed="7.93" pos="3.70" lane="1/2to1/3_0" slope="0.00"/>
        <vehicle id="17" x="781.63" y="601.65" angle="-90.00" type="DEFAULT_VEHTYPE" speed="13.49" pos="18.37" lane="4/3to3/3_0" slope="0.00"/>
        <vehicle id="18" x="784.09" y="598.35" angle="90.00" type="DEFAULT_VEHTYPE" speed="13.87" pos="179.34" lane="3/3to4/3_0" slope="0.00"/>
        <vehicle id="19" x="414.09" y="601.65" angle="-90.00" type="DEFAULT_VEHTYPE" speed="7.71" pos="181.16" lane="3/3to2/3_0" slope="0.00"/>
        <vehicle id="2" x="201.65" y="365.81" angle="180.00" type="DEFAULT_VEHTYPE" speed="13.44" pos="161.06" lane="1/1to1/2_0" slope="0.00"/>
        <vehicle id="20" x="343.43" y="198.35" angle="90.00" type="DEFAULT_VEHTYPE" speed="13.87" pos="138.68" lane="1/1to2/1_0" slope="0.00"/>
        <vehicle id="21" x="567.82" y="398.35" angle="90.00" type="DEFAULT_VEHTYPE" speed="12.67" pos="163.07" lane="2/2to3/2_0" slope="0.00"/>
        <vehicle id="22" x="355.18" y="398.35" angle="90.00" type="DEFAULT_VEHTYPE" speed="13.77" pos="150.43" lane="1/2to2/2_0" slope="0.00"/>
        <vehicle id="23" x="143.36" y="398.35" angle="90.00" type="DEFAULT_VEHTYPE" speed="13.16" pos="143.36" lane="0/2to1/2_0" slope="0.00"/>
        <vehicle id="24" x="601.65" y="533.84" angle="180.00" type="DEFAULT_VEHTYPE" speed="13.42" pos="129.09" lane="3/2to3/3_0" slope="0.00"/>
        <vehicle id="3" x="389.51" y="201.65" angle="-90.00" type="DEFAULT_VEHTYPE" speed="13.73" pos="5.74" lane="2/1to1/1_0" slope="0.00"/>
        <vehicle id="4" x="493.51" y="201.65" angle="-90.00" type="DEFAULT_VEHTYPE" speed="13.87" pos="101.74" lane="3/1to2/1_0" slope="0.00"/>
        <vehicle id="5" x="401.65" y="344.65" angle="180.00" type="DEFAULT_VEHTYPE" speed="12.65" pos="139.90" lane="2/1to2/2_0" slope="0.00"/>
        <vehicle id="6" x="424.38" y="201.65" angle="-90.00" type="DEFAULT_VEHTYPE" speed="11.23" pos="170.87" lane="3/1to2/1_0" slope="0.00"/>
        <vehicle id="7" x="283.30" y="201.65" angle="-90.00" type="DEFAULT_VEHTYPE" speed="12.88" pos="111.95" lane="2/1to1/1_0" slope="0.00"/>
        <vehicle id="8" x="598.35" y="463.98" angle="0.00" type="DEFAULT_VEHTYPE" speed="13.55" pos="131.27" lane="3/3to3/2_0" slope="0.00"/>
        <vehicle id="9" x="317.78" y="401.65" angle="-90.00" type="DEFAULT_VEHTYPE" speed="13.25" pos="77.47" lane="2/2to1/2_0" slope="0.00"/>
    </timestep>
    <timestep time="37.00">
        <vehicle id="0" x="389.97" y="198.35" angle="90.00" type="DEFAULT_VEHTYPE" speed="4.46" pos="185.22" lane="1/1to2/1_0" slope="0.00"/>
        <vehicle id="1" x="198.35" y="210.70" angle="0.00" type="DEFAULT_VEHTYPE" speed="3.58" pos="184.55" lane="1/2to1/1_0" slope="0.00"/>
        <vehicle id="10" x="679.20" y="201.65" angle="-90.00" type="DEFAULT_VEHTYPE" speed="13.69" pos="120.80" lane="4/1to3/1_0" slope="0.00"/>
        <vehicle id="11" x="398.35" y="687.19" angle="0.00" type="DEFAULT_VEHTYPE" speed="13.43" pos="112.81" lane="2/4to2/3_0" slope="0.00"/>
        <vehicle id="12" x="457.26" y="198.35" angle="90.00" type="DEFAULT_VEHTYPE" speed="13.00" pos="52.51" lane="2/1to3/1_0" slope="0.00"/>
        <vehicle id="13" x="718.86" y="401.65" angle="-90.00" type="DEFAULT_VEHTYPE" speed="13.47" pos="81.14" lane="4/2to3/2_0" slope="0.00"/>
        <vehicle id="14" x="398.35" y="579.67" angle="0.00" type="DEFAULT_VEHTYPE" speed="10.76" pos="15.58" lane="2/3to2/2_0" slope="0.00"/>
        <vehicle id="15" x="583.58" y="401.65" angle="-90.00" type="DEFAULT_VEHTYPE" speed="9.07" pos="11.67" lane="3/2to2/2_0" slope="0.00"/>
        <vehicle id="16" x="201.65" y="418.88" angle="180.00" type="DEFAULT_VEHTYPE" speed="10.43" pos="14.13" lane="1/2to1/3_0" slope="0.00"/>
        <vehicle id="17" x="768.67" y="601.65" angle="-90.00" type="DEFAULT_VEHTYPE" speed="12.96" pos="31.33" lane="4/3to3/3_0" slope="0.00"/>
        <vehicle id="18" x="797.45" y="598.35" angle="90.00" type="DEFAULT_VEHTYPE" speed="13.37" pos="192.70" lane="3/3to4/3_0" slope="0.00"/>
        <vehicle id="19" x="410.55" y="601.65" angle="-90.00" type="DEFAULT_VEHTYPE" speed="3.54" pos="184.70" lane="3/3to2/3_0" slope="0.00"/>
        <vehicle id="2" x="201.65" y="378.56" angle="180.00" type="DEFAULT_VEHTYPE" speed="12.76" pos="173.81" lane="1/1to1/2_0" slope="0.00"/>
        <vehicle id="20" x="356.19" y="198.35" angle="90.00" type="DEFAULT_VEHTYPE" speed="12.76" pos="151.44" lane="1/1to2/1_0" slope="0.00"/>
        <vehicle id="21" x="578.78" y="398.35" angle="90.00" type="DEFAULT_VEHTYPE" speed="10.96" pos="174.03" lane="2/2to3/2_0" slope="0.00"/>
        <vehicle id="22" x="368.14" y="398.35" angle="90.00" type="DEFAULT_VEHTYPE" speed="12.95" pos="163.39" lane="1/2to2/2_0" slope="0.00"/>
        <vehicle id="23" x="156.48" y="398.35" angle="90.00" type="DEFAULT_VEHTYPE" speed="13.12" pos="156.48" lane="0/2to1/2_0" slope="0.00"/>
        <vehicle id="24" x="601.65" y="546.80" angle="180.00" type="DEFAULT_VEHTYPE" speed="12.95" pos="142.05" lane="3/2to3/3_0" slope="0.00"/>
        <vehicle id="3" x="376.88" y="201.65" angle="-90.00" type="DEFAULT_VEHTYPE" speed="12.63" pos="18.37" lane="2/1to1/1_0" slope="0.00"/>
        <vehicle id="4" x="480.81" y="201.65" angle="-90.00" type="DEFAULT_VEHTYPE" speed="12.70" pos="114.44" lane="3/1to2/1_0" slope="0.00"/>
        <vehicle id="5" x="401.65" y="357.28" angle="180.00" type="DEFAULT_VEHTYPE" speed="12.63" pos="152.53" lane="2/1to2/2_0" slope="0.00"/>
        <vehicle id="6" x="415.96" y="201.65" angle="-90.00" type="DEFAULT_VEHTYPE" speed="8.42" pos="179.29" lane="3/1to2/1_0" slope="0.00"/>
        <vehicle id="7" x="270.08" y="201.65" angle="-90.00" type="DEFAULT_VEHTYPE" speed="13.21" pos="125.17" lane="2/1to1/1_0" slope="0.00"/>
        <vehicle id="8" x="598.35" y="450.56" angle="0.00" type="DEFAULT_VEHTYPE" speed="13.42" pos="144.69" lane="3/3to3/2_0" slope="0.00"/>
        <vehicle id="9" x="304.37" y="401.65" angle="-90.00" type="DEFAULT_VEHTYPE" speed="13.41" pos="90.88" lane="2/2to1/2_0" slope="0.00"/>
    </timestep>
    <timestep time="38.00">
        <vehicle id="0" x="396.33" y="198.35" angle="90.00" type="DEFAULT_VEHTYPE" speed="6.37" pos="1.08" lane=":2/1_13_0" slope="0.00"/>
        <vehicle id="1" x="198.35" y="205.04" angle="0.00" type="DEFAULT_VEHTYPE" speed="5.66" pos="190.21" lane="1/2to1/1_0" slope="0.00"/>
        <vehicle id="10" x="666.42" y="201.65" angle="-90.00" type="DEFAULT_VEHTYPE" speed="12.78" pos="133.58" lane="4/1to3/1_0" slope="0.00"/>
        <vehicle id="11" x="398.35" y="674.41" angle="0.00" type="DEFAULT_VEHTYPE" speed="12.79" pos="125.59" lane="2/4to2/3_0" slope="0.00"/>
        <vehicle id="12" x="470.98" y="198.35" angle="90.00" type="DEFAULT_VEHTYPE" speed="13.72" pos="66.23" lane="2/1to3/1_0" slope="0.00"/>
        <vehicle id="13" x="705.85" y="401.65" angle="-90.00" type="DEFAULT_VEHTYPE" speed="13.01" pos="94.15" lane="4/2to3/2_0" slope="0.00"/>
        <vehicle id="14" x="398.35" y="566.84" angle="0.00" type="DEFAULT_VEHTYPE" speed="12.83" pos="28.41" lane="2/3to2/2_0" slope="0.00"/>
        <vehicle id="15" x="572.36" y="401.65" angle="-90.00" type="DEFAULT_VEHTYPE" speed="11.22" pos="22.89" lane="3/2to2/2_0" slope="0.00"/>
        <vehicle id="16" x="201.65" y="430.88" angle="180.00" type="DEFAULT_VEHTYPE" speed="11.99" pos="26.13" lane="1/2to1/3_0" slope="0.00"/>
        <vehicle id="17" x="755.77" y="601.65" angle="-90.00" type="DEFAULT_VEHTYPE" speed="12.89" pos="44.23" lane="4/3to3/3_0" slope="0.00"/>
        <vehicle id="18" x="793.57" y="601.65" angle="-90.00" type="DEFAULT_VEHTYPE" speed="13.79" pos="6.43" lane="4/3to3/3_0" slope="0.00"/>
        <vehicle id="19" x="404.62" y="601.63" angle="-89.79" type="DEFAULT_VEHTYPE" speed="5.93" pos="0.13" lane=":2/3_6_0" slope="0.00"/>
        <vehicle id="2" x="201.65" y="391.93" angle="180.00" type="DEFAULT_VEHTYPE" speed="13.37" pos="187.18" lane="1/1to1/2_0" slope="0.00"/>
        <vehicle id="20" x="366.64" y="198.35" angle="90.00" type="DEFAULT_VEHTYPE" speed="10.45" pos="161.89" lane="1/1to2/1_0" slope="0.00"/>
        <vehicle id="21" x="586.03" y="398.35" angle="90.00" type="DEFAULT_VEHTYPE" speed="7.25" pos="181.28" lane="2/2to3/2_0" slope="0.00"/>
        <vehicle id="22" x="379.13" y="398.35" angle="90.00" type="DEFAULT_VEHTYPE" speed="11.00" pos="174.38" lane="1/2to2/2_0" slope="0.00"/>
        <vehicle id="23" x="169.10" y="398.35" angle="90.00" type="DEFAULT_VEHTYPE" speed="12.62" pos="169.10" lane="0/2to1/2_0" slope="0.00"/>
        <vehicle id="24" x="601.65" y="560.62" angle="180.00" type="DEFAULT_VEHTYPE" speed="13.82" pos="155.87" lane="3/2to3/3_0" slope="0.00"/>
        <vehicle id="3" x="364.20" y="201.65" angle="-90.00" type="DEFAULT_VEHTYPE" speed="12.68" pos="31.05" lane="2/1to1/1_0" slope="0.00"/>
        <vehicle id="4" x="467.61" y="201.65" angle="-90.00" type="DEFAULT_VEHTYPE" speed="13.20" pos="127.64" lane="3/1to2/1_0" slope="0.00"/>
        <vehicle id="5" x="401.65" y="370.73" angle="180.00" type="DEFAULT_VEHTYPE" speed="13.45" pos="165.98" lane="2/1to2/2_0" slope="0.00"/>
        <vehicle id="6" x="411.65" y="201.65" angle="-90.00" type="DEFAULT_VEHTYPE" speed="4.31" pos="183.60" lane="3/1to2/1_0" slope="0.00"/>
        <vehicle id="7" x="256.72" y="201.65" angle="-90.00" type="DEFAULT_VEHTYPE" speed="13.37" pos="138.53" lane="2/1to1/1_0" slope="0.00"/>
        <vehicle id="8" x="598.35" y="437.76" angle="0.00" type="DEFAULT_VEHTYPE" speed="12.80" pos="157.49" lane="3/3to3/2_0" slope="0.00"/>
        <vehicle id="9" x="291.24" y="401.65" angle="-90.00" type="DEFAULT_VEHTYPE" speed="13.13" pos="104.01" lane="2/2to1/2_0" slope="0.00"/>
    </timestep>
    <timestep time="39.00">
        <vehicle id="0" x="404.47" y="198.35" angle="90.00" type="DEFAULT_VEHTYPE" speed="8.14" pos="9.22" lane=":2/1_13_0" slope="0.00"/>
        <vehicle id="1" x="201.83" y="198.82" angle="41.13" type="DEFAULT_VEHTYPE" speed="7.64" pos="0.21" lane=":1/1_16_0" slope="0.00"/>
        <vehicle id="10" x="653.78" y="201.65" angle="-90.00" type="DEFAULT_VEHTYPE" speed="12.63" pos="146.22" lane="4/1to3/1_0" slope="0.00"/>
        <vehicle id="11" x="398.35" y="661.16" angle="0.00" type="DEFAULT_VEHTYPE" speed="13.24" pos="138.84" lane="2/4to2/3_0" slope="0.00"/>
        <vehicle id="12" x="484.58" y="198.35" angle="90.00" type="DEFAULT_VEHTYPE" speed="13.60" pos="79.83" lane="2/1to3/1_0" slope="0.00"/>
        <vehicle id="13" x="692.63" y="401.65" angle="-90.00" type="DEFAULT_VEHTYPE" speed="13.22" pos="107.37" lane="4/2to3/2_0" slope="0.00"/>
        <vehicle id="14" x="398.35" y="553.45" angle="0.00" type="DEFAULT_VEHTYPE" speed="13.39" pos="41.80" lane="2/3to2/2_0" slope="0.00"/>
        <vehicle id="15" x="559.52" y="401.65" angle="-90.00" type="DEFAULT_VEHTYPE" speed="12.84" pos="35.73" lane="3/2to2/2_0" slope="0.00"/>
        <vehicle id="16" x="201.65" y="444.13" angle="180.00" type="DEFAULT_VEHTYPE" speed="13.26" pos="39.38" lane="1/2to1/3_0" slope="0.00"/>
        <vehicle id="17" x="742.60" y="601.65" angle="-90.00" type="DEFAULT_VEHTYPE" speed="13.17" pos="57.40" lane="4/3to3/3_0" slope="0.00"/>
        <vehicle id="18" x="780.01" y="601.65" angle="-90.00" type="DEFAULT_VEHTYPE" speed="13.56" pos="19.99" lane="4/3to3/3_0" slope="0.00"/>
        <vehicle id="19" x="398.68" y="597.56" angle="-40.95" type="DEFAULT_VEHTYPE" speed="7.86" pos="7.99" lane=":2/3_6_0" slope="0.00"/>
        <vehicle id="2" x="209.37" y="398.35" angle="90.61" type="DEFAULT_VEHTYPE" speed="12.94" pos="4.62" lane="1/2to2/2_0" slope="0.00"/>
        <vehicle id="20" x="377.89" y="198.35" angle="90.00" type="DEFAULT_VEHTYPE" speed="11.25" pos="173.14" lane="1/1to2/1_0" slope="0.00"/>
        <vehicle id="21" x="589.75" y="398.35" angle="90.00" type="DEFAULT_VEHTYPE" speed="3.72" pos="185.00" lane="2/2to3/2_0" slope="0.00"/>
        <vehicle id="22" x="386.27" y="398.35" angle="90.00" type="DEFAULT_VEHTYPE" speed="7.13" pos="181.52" lane="1/2to2/2_0" slope="0.00"/>
        <vehicle id="23" x="179.78" y="398.35" angle="90.00" type="DEFAULT_VEHTYPE" speed="10.68" pos="179.78" lane="0/2to1/2_0" slope="0.00"/>
        <vehicle id="24" x="601.65" y="573.55" angle="180.00" type="DEFAULT_VEHTYPE" speed="12.93" pos="168.80" lane="3/2to3/3_0" slope="0.00"/>
        <vehicle id="3" x="351.53" y="201.65" angle="-90.00" type="DEFAULT_VEHTYPE" speed="12.67" pos="43.72" lane="2/1to1/1_0" slope="0.00"/>
        <vehicle id="4" x="454.29" y="201.65" angle="-90.00" type="DEFAULT_VEHTYPE" speed="13.32" pos="140.96" lane="3/1to2/1_0" slope="0.00"/>
        <vehicle id="5" x="401.65" y="383.82" angle="180.00" type="DEFAULT_VEHTYPE" speed="13.09" pos="179.07" lane="2/1to2/2_0" slope="0.00"/>
        <vehicle id="6" x="405.41" y="201.65" angle="-90.00" type="DEFAULT_VEHTYPE" speed="6.24" pos="189.84" lane="3/1to2/1_0" slope="0.00"/>
        <vehicle id="7" x="243.53" y="201.65" angle="-90.00" type="DEFAULT_VEHTYPE" speed="13.18" pos="151.72" lane="2/1to1/1_0" slope="0.00"/>
        <vehicle id="8" x="598.35" y="424.88" angle="0.00" type="DEFAULT_VEHTYPE" speed="12.88" pos="170.37" lane="3/3to3/2_0" slope="0.00"/>
        <vehicle id="9" x="277.44" y="401.65" angle="-90.00" type="DEFAULT_VEHTYPE" speed="13.80" pos="117.81" lane="2/2to1/2_0" slope="0.00"/>
    </timestep>
    <timestep time="40.00">
        <vehicle id="0" x="414.21" y="198.35" angle="90.00" type="DEFAULT_VEHTYPE" speed="9.73" pos="9.46" lane="2/1to3/1_0" slope="0.00"/>
        <vehicle id="1" x="210.95" y="198.35" angle="90.00" type="DEFAULT_VEHTYPE" speed="9.17" pos="6.20" lane="1/1to2/1_0" slope="0.00"/>
        <vehicle id="10" x="640.47" y="201.65" angle="-90.00" type="DEFAULT_VEHTYPE" speed="13.32" pos="159.53" lane="4/1to3/1_0" slope="0.00"/>
        <vehicle id="11" x="398.35" y="647.88" angle="0.00" type="DEFAULT_VEHTYPE" speed="13.29" pos="152.12" lane="2/4to2/3_0" slope="0.00"/>
        <vehicle id="12" x="497.39" y="198.35" angle="90.00" type="DEFAULT_VEHTYPE" speed="12.81" pos="92.64" lane="2/1to3/1_0" slope="0.00"/>
        <vehicle id="13" x="679.24" y="401.65" angle="-90.00" type="DEFAULT_VEHTYPE" speed="13.39" pos="120.76" lane="4/2to3/2_0" slope="0.00"/>
        <vehicle id="14" x="398.35" y="540.78" angle="0.00" type="DEFAULT_VEHTYPE" speed="12.68" pos="54.47" lane="2/3to2/2_0" slope="0.00"/>
        <vehicle id="15" x="546.20" y="401.65" angle="-90.00" type="DEFAULT_VEHTYPE" speed="13.32" pos="49.05" lane="3/2to2/2_0" slope="0.00"/>
        <vehicle id="16" x="201.65" y="457.95" angle="180.00" type="DEFAULT_VEHTYPE" speed="13.81" pos="53.20" lane="1/2to1/3_0" slope="0.00"/>
        <vehicle id="17" x="729.32" y="601.65" angle="-90.00" type="DEFAULT_VEHTYPE" speed="13.28" pos="70.68" lane="4/3to3/3_0" slope="0.00"/>
        <vehicle id="18" x="766.86" y="601.65" angle="-90.00" type="DEFAULT_VEHTYPE" speed="13.16" pos="33.14" lane="4/3to3/3_0" slope="0.00"/>
        <vehicle id="19" x="398.35" y="588.33" angle="0.00" type="DEFAULT_VEHTYPE" speed="9.25" pos="6.92" lane="2/3to2/2_0" slope="0.00"/>
        <vehicle id="2" x="222.26" y="398.35" angle="90.00" type="DEFAULT_VEHTYPE" speed="12.89" pos="17.51" lane="1/2to2/2_0" slope="0.00"/>
        <vehicle id="20" x="385.59" y="198.35" angle="90.00" type="DEFAULT_VEHTYPE" speed="7.70" pos="180.84" lane="1/1to2/1_0" slope="0.00"/>
        <vehicle id="21" x="592.07" y="398.35" angle="90.00" type="DEFAULT_VEHTYPE" speed="2.32" pos="187.32" lane="2/2to3/2_0" slope="0.00"/>
        <vehicle id="22" x="390.01" y="398.35" angle="90.00" type="DEFAULT_VEHTYPE" speed="3.74" pos="185.26" lane="1/2to2/2_0" slope="0.00"/>
        <vehicle id="23" x="186.18" y="398.35" angle="90.00" type="DEFAULT_VEHTYPE" speed="6.40" pos="186.18" lane="0/2to1/2_0" slope="0.00"/>
        <vehicle id="24" x="601.65" y="582.72" angle="180.00" type="DEFAULT_VEHTYPE" speed="9.17" pos="177.97" lane="3/2to3/3_0" slope="0.00"/>
        <vehicle id="3" x="338.71" y="201.65" angle="-90.00" type="DEFAULT_VEHTYPE" speed="12.82" pos="56.54" lane="2/1to1/1_0" slope="0.00"/>
        <vehicle id="4" x="441.19" y="201.65" angle="-90.00" type="DEFAULT_VEHTYPE" speed="13.09" pos="154.06" lane="3/1to2/1_0" slope="0.00"/>
        <vehicle id="5" x="401.65" y="396.44" angle="180.00" type="DEFAULT_VEHTYPE" speed="12.62" pos="1.19" lane=":2/2_9_0" slope="0.00"/>
        <vehicle id="6" x="397.03" y="201.65" angle="-90.00" type="DEFAULT_VEHTYPE" speed="8.38" pos="7.72" lane=":2/1_5_0" slope="0.00"/>
        <vehicle id="7" x="229.74" y="201.65" angle="-90.00" type="DEFAULT_VEHTYPE" speed="13.79" pos="165.51" lane="2/1to1/1_0" slope="0.00"/>
        <vehicle id="8" x="598.35" y="412.06" angle="0.00" type="DEFAULT_VEHTYPE" speed="12.81" pos="183.19" lane="3/3to3/2_0" slope="0.00"/>
        <vehicle id="9" x="264.09" y="401.65" angle="-90.00" type="DEFAULT_VEHTYPE" speed="13.35" pos="131.16" lane="2/2to1/2_0" slope="0.00"/>
    </timestep>
    <timestep time="41.00">
        <vehicle id="0" x="426.39" y="198.35" angle="90.00" type="DEFAULT_VEHTYPE" speed="12.19" pos="21.64" lane="2/1to3/1_0" slope="0.00"/>
        <vehicle id="1" x="222.63" y="198.35" angle="90.00" type="DEFAULT_VEHTYPE" speed="11.68" pos="17.88" lane="1/1to2/1_0" slope="0.00"/>
        <vehicle id="10" x="627.97" y="201.65" angle="-90.00" type="DEFAULT_VEHTYPE" speed="12.50" pos="172.03" lane="4/1to3/1_0" slope="0.00"/>
        <vehicle id="11" x="398.35" y="634.04" angle="0.00" type="DEFAULT_VEHTYPE" speed="13.83" pos="165.96" lane="2/4to2/3_0" slope="0.00"/>
        <vehicle id="12" x="510.93" y="198.35" angle="90.00" type="DEFAULT_VEHTYPE" speed="13.54" pos="106.18" lane="2/1to3/1_0" slope="0.00"/>
        <vehicle id="13" x="665.66" y="401.65" angle="-90.00" type="DEFAULT_VEHTYPE" speed="13.58" pos="134.34" lane="4/2to3/2_0" slope="0.00"/>
        <vehicle id="14" x="398.35" y="527.12" angle="0.00" type="DEFAULT_VEHTYPE" speed="13.66" pos="68.13" lane="2/3to2/2_0" slope="0.00"/>
        <vehicle id="15" x="533.37" y="401.65" angle="-90.00" type="DEFAULT_VEHTYPE" speed="12.83" pos="61.88" lane="3/2to2/2_0" slope="0.00"/>
        <vehicle id="16" x="201.65" y="470.81" angle="180.00" type="DEFAULT_VEHTYPE" speed="12.86" pos="66.06" lane="1/2to1/3_0" slope="0.00"/>
        <vehicle id="17" x="716.58" y="601.65" angle="-90.00" type="DEFAULT_VEHTYPE" speed="12.75" pos="83.42" lane="4/3to3/3_0" slope="0.00"/>
        <vehicle id="18" x="754.18" y="601.65" angle="-90.00" type="DEFAULT_VEHTYPE" speed="12.67" pos="45.82" lane="4/3to3/3_0" slope="0.00"/>
        <vehicle id="19" x="398.35" y="577.33" angle="0.00" type="DEFAULT_VEHTYPE" speed="11.00" pos="17.92" lane="2/3to2/2_0" slope="0.00"/>
        <vehicle id="2" x="235.60" y="398.35" angle="90.00" type="DEFAULT_VEHTYPE" speed="13.34" pos="30.85" lane="1/2to2/2_0" slope="0.00"/>
        <vehicle id="20" x="389.98" y="198.35" angle="90.00" type="DEFAULT_VEHTYPE" speed="4.39" pos="185.23" lane="1/1to2/1_0" slope="0.00"/>
        <vehicle id="21" x="592.58" y="398.35" angle="90.00" type="DEFAULT_VEHTYPE" speed="0.50" pos="187.83" lane="2/2to3/2_0" slope="0.00"/>
        <vehicle id="22" x="396.12" y="398.23" angle="88.60" type="DEFAULT_VEHTYPE" speed="6.12" pos="0.88" lane=":2/2_12_0" slope="0.00"/>
        <vehicle id="23" x="189.81" y="398.35" angle="90.00" type="DEFAULT_VEHTYPE" speed="3.63" pos="189.81" lane="0/2to1/2_0" slope="0.00"/>
        <vehicle id="24" x="601.65" y="587.53" angle="180.00" type="DEFAULT_VEHTYPE" speed="4.81" pos="182.78" lane="3/2to3/3_0" slope="0.00"/>
        <vehicle id="3" x="325.44" y="201.65" angle="-90.00" type="DEFAULT_VEHTYPE" speed="13.27" pos="69.81" lane="2/1to1/1_0" slope="0.00"/>
        <vehicle id="4" x="427.66" y="201.65" angle="-90.00" type="DEFAULT_VEHTYPE" speed="13.54" pos="167.59" lane="3/1to2/1_0" slope="0.00"/>
        <vehicle id="5" x="401.65" y="409.21" angle="180.00" type="DEFAULT_VEHTYPE" speed="12.77" pos="4.46" lane="2/2to2/3_0" slope="0.00"/>
        <vehicle id="6" x="386.56" y="201.65" angle="-90.00" type="DEFAULT_VEHTYPE" speed="10.47" pos="8.69" lane="2/1to1/1_0" slope="0.00"/>
        <vehicle id="7" x="219.88" y="201.65" angle="-90.00" type="DEFAULT_VEHTYPE" speed="9.87" pos="175.37" lane="2/1to1/1_0" slope="0.00"/>
        <vehicle id="8" x="594.67" y="401.65" angle="-54.89" type="DEFAULT_VEHTYPE" speed="12.89" pos="0.58" lane="3/2to2/2_0" slope="0.00"/>
        <vehicle id="9" x="250.64" y="401.65" angle="-90.00" type="DEFAULT_VEHTYPE" speed="13.44" pos="144.61" lane="2/2to1/2_0" slope="0.00"/>
    </timestep>
    <timestep time="42.00">
        <vehicle id="0" x="439.62" y="198.35" angle="90.00" type="DEFAULT_VEHTYPE" speed="13.22" pos="34.87" lane="2/1to3/1_0" slope="0.00"/>
        <vehicle id="1" x="235.85" y="198.35" angle="90.00" type="DEFAULT_VEHTYPE" speed="13.22" pos="31.10" lane="1/1to2/1_0" slope="0.00"/>
        <vehicle id="10" x="618.65" y="201.65" angle="-90.00" type="DEFAULT_VEHTYPE" speed="9.32" pos="181.35" lane="4/1to3/1_0" slope="0.00"/>
        <vehicle id="11" x="398.35" y="620.27" angle="0.00" type="DEFAULT_VEHTYPE" speed="13.78" pos="179.73" lane="2/4to2/3_0" slope="0.00"/>
        <vehicle id="12" x="524.26" y="198.35" angle="90.00" type="DEFAULT_VEHTYPE" speed="13.33" pos="119.51" lane="2/1to3/1_0" slope="0.00"/>
        <vehicle id="13" x="652.66" y="401.65" angle="-90.00" type="DEFAULT_VEHTYPE" speed="13.00" pos="147.34" lane="4/2to3/2_0" slope="0.00"/>
        <vehicle id="14" x="398.35" y="514.25" angle="0.00" type="DEFAULT_VEHTYPE" speed="12.87" pos="81.00" lane="2/3to2/2_0" slope="0.00"/>
        <vehicle id="15" x="520.26" y="401.65" angle="-90.00" type="DEFAULT_VEHTYPE" speed="13.11" pos="74.99" lane="3/2to2/2_0" slope="0.00"/>
        <vehicle id="16" x="201.65" y="484.32" angle="180.00" type="DEFAULT_VEHTYPE" speed="13.52" pos="79.57" lane="1/2to1/3_0" slope="0.00"/>
        <vehicle id="17" x="703.07" y="601.65" angle="-90.00" type="DEFAULT_VEHTYPE" speed="13.51" pos="96.93" lane="4/3to3/3_0" slope="0.00"/>
        <vehicle id="18" x="741.32" y="601.65" angle="-90.00" type="DEFAULT_VEHTYPE" speed="12.87" pos="58.68" lane="4/3to3/3_0" slope="0.00"/>
        <vehicle id="19" x="398.35" y="564.90" angle="0.00" type="DEFAULT_VEHTYPE" speed="12.44" pos="30.35" lane="2/3to2/2_0" slope="0.00"/>
        <vehicle id="2" x="248.30" y="398.35" angle="90.00" type="DEFAULT_VEHTYPE" speed="12.70" pos="43.55" lane="1/2to2/2_0" slope="0.00"/>
        <vehicle id="20" x="396.51" y="198.35" angle="90.00" type="DEFAULT_VEHTYPE" speed="6.53" pos="1.26" lane=":2/1_13_0" slope="0.00"/>
        <vehicle id="21" x="592.72" y="398.35" angle="90.00" type="DEFAULT_VEHTYPE" speed="0.15" pos="187.97" lane="2/2to3/2_0" slope="0.00"/>
        <vehicle id="22" x="398.35" y="391.66" angle="2.46" type="DEFAULT_VEHTYPE" speed="7.71" pos="3.59" lane="2/2to2/1_0" slope="0.00"/>
        <vehicle id="23" x="195.95" y="398.35" angle="90.00" type="DEFAULT_VEHTYPE" speed="6.15" pos="0.70" lane=":1/2_13_0" slope="0.00"/>
        <vehicle id="24" x="601.65" y="591.05" angle="180.00" type="DEFAULT_VEHTYPE" speed="3.51" pos="186.30" lane="3/2to3/3_0" slope="0.00"/>
        <vehicle id="3" x="312.46" y="201.65" angle="-90.00" type="DEFAULT_VEHTYPE" speed="12.99" pos="82.79" lane="2/1to1/1_0" slope="0.00"/>
        <vehicle id="4" x="418.62" y="201.65" angle="-90.00" type="DEFAULT_VEHTYPE" speed="9.04" pos="176.63" lane="3/1to2/1_0" slope="0.00"/>
        <vehicle id="5" x="401.65" y="422.89" angle="180.00" type="DEFAULT_VEHTYPE" speed="13.68" pos="18.14" lane="2/2to2/3_0" slope="0.00"/>
        <vehicle id="6" x="374.46" y="201.65" angle="-90.00" type="DEFAULT_VEHTYPE" speed="12.10" pos="20.79" lane="2/1to1/1_0" slope="0.00"/>
        <vehicle id="7" x="214.00" y="201.65" angle="-90.00" type="DEFAULT_VEHTYPE" speed="5.87" pos="181.25" lane="2/1to1/1_0" slope="0.00"/>
        <vehicle id="8" x="581.79" y="401.65" angle="-90.00" type="DEFAULT_VEHTYPE" speed="12.89" pos="13.46" lane="3/2to2/2_0" slope="0.00"/>
        <vehicle id="9" x="237.41" y="401.65" angle="-90.00" type="DEFAULT_VEHTYPE" speed="13.23" pos="157.84" lane="2/2to1/2_0" slope="0.00"/>
    </timestep>
    <timestep time="43.00">
        <vehicle id="0" x="452.55" y="198.35" angle="90.00" type="DEFAULT_VEHTYPE" speed="12.93" pos="47.80" lane="2/1to3/1_0" slope="0.00"/>
        <vehicle id="1" x="249.54" y="198.35" angle="90.00" type="DEFAULT_VEHTYPE" speed="13.69" pos="44.79" lane="1/1to2/1_0" slope="0.00"/>
        <vehicle id="10" x="612.14" y="201.65" angle="-90.00" type="DEFAULT_VEHTYPE" speed="6.51" pos="187.86" lane="4/1to3/1_0" slope="0.00"/>
        <vehicle id="11" x="398.35" y="607.37" angle="0.00" type="DEFAULT_VEHTYPE" speed="12.90" pos="192.63" lane="2/4to2/3_0" slope="0.00"/>
        <vehicle id="12" x="537.14" y="198.35" angle="90.00" type="DEFAULT_VEHTYPE" speed="12.88" pos="132.39" lane="2/1to3/1_0" slope="0.00"/>
        <vehicle id="13" x="639.42" y="401.65" angle="-90.00" type="DEFAULT_VEHTYPE" speed="13.23" pos="160.58" lane="4/2to3/2_0" slope="0.00"/>
        <vehicle id="14" x="398.35" y="500.59" angle="0.00" type="DEFAULT_VEHTYPE" speed="13.66" pos="94.66" lane="2/3to2/2_0" slope="0.00"/>
        <vehicle id="15" x="506.36" y="401.65" angle="-90.00" type="DEFAULT_VEHTYPE" speed="13.89" pos="88.89" lane="3/2to2/2_0" slope="0.00"/>
        <vehicle id="16" x="201.65" y="497.65" angle="180.00" type="DEFAULT_VEHTYPE" speed="13.32" pos="92.90" lane="1/2to1/3_0" slope="0.00"/>
        <vehicle id="17" x="690.18" y="601.65" angle="-90.00" type="DEFAULT_VEHTYPE" speed="12.89" pos="109.82" lane="4/3to3/3_0" slope="0.00"/>
        <vehicle id="18" x="728.67" y="601.65" angle="-90.00" type="DEFAULT_VEHTYPE" speed="12.65" pos="71.33" lane="4/3to3/3_0" slope="0.00"/>
        <vehicle id="19" x="398.35" y="551.00" angle="0.00" type="DEFAULT_VEHTYPE" speed="13.89" pos="44.25" lane="2/3to2/2_0" slope="0.00"/>
        <vehicle id="2" x="261.74" y="398.35" angle="90.00" type="DEFAULT_VEHTYPE" speed="13.44" pos="56.99" lane="1/2to2/2_0" slope="0.00"/>
        <vehicle id="20" x="404.75" y="198.35" angle="90.00" type="DEFAULT_VEHTYPE" speed="8.24" pos="0.00" lane="2/1to3/1_0" slope="0.00"/>
        <vehicle id="21" x="594.71" y="398.35" angle="90.00" type="DEFAULT_VEHTYPE" speed="1.99" pos="189.96" lane="2/2to3/2_0" slope="0.00"/>
        <vehicle id="22" x="398.35" y="381.98" angle="0.00" type="DEFAULT_VEHTYPE" speed="9.68" pos="13.27" lane="2/2to2/1_0" slope="0.00"/>
        <vehicle id="23" x="204.48" y="398.35" angle="90.00" type="DEFAULT_VEHTYPE" speed="8.53" pos="9.23" lane=":1/2_13_0" slope="0.00"/>
        <vehicle id="24" x="601.18" y="595.95" angle="-174.45" type="DEFAULT_VEHTYPE" speed="5.05" pos="0.85" lane=":3/3_11_0" slope="0.00"/>
        <vehicle id="3" x="298.66" y="201.65" angle="-90.00" type="DEFAULT_VEHTYPE" speed="13.79" pos="96.59" lane="2/1to1/1_0" slope="0.00"/>
        <vehicle id="4" x="412.65" y="201.65" angle="-90.00" type="DEFAULT_VEHTYPE" speed="5.97" pos="182.60" lane="3/1to2/1_0" slope="0.00"/>
        <vehicle id="5" x="401.65" y="436.18" angle="180.00" type="DEFAULT_VEHTYPE" speed="13.29" pos="31.43" lane="2/2to2/3_0" slope="0.00"/>
        <vehicle id="6" x="360.93" y="201.65" angle="-90.00" type="DEFAULT_VEHTYPE" speed="13.53" pos="34.32" lane="2/1to1/1_0" slope="0.00"/>
        <vehicle id="7" x="209.64" y="201.65" angle="-90.00" type="DEFAULT_VEHTYPE" speed="4.37" pos="185.61" lane="2/1to1/1_0" slope="0.00"/>
        <vehicle id="8" x="568.31" y="401.65" angle="-90.00" type="DEFAULT_VEHTYPE" speed="13.47" pos="26.94" lane="3/2to2/2_0" slope="0.00"/>
        <vehicle id="9" x="225.07" y="401.65" angle="-90.00" type="DEFAULT_VEHTYPE" speed="12.34" pos="170.18" lane="2/2to1/2_0" slope="0.00"/>
    </timestep>
    <timestep time="44.00">
        <vehicle id="0" x="465.78" y="198.35" angle="90.00" type="DEFAULT_VEHTYPE" speed="13.24" pos="61.03" lane="2/1to3/1_0" slope="0.00"/>
        <vehicle id="1" x="262.66" y="198.35" angle="90.00" type="DEFAULT_VEHTYPE" speed="13.13" pos="57.91" lane="1/1to2/1_0" slope="0.00"/>
        <vehicle id="10" x="608.92" y="201.65" angle="-90.00" type="DEFAULT_VEHTYPE" speed="3.22" pos="191.08" lane="4/1to3/1_0" slope="0.00"/>
        <vehicle id="11" x="398.35" y="594.24" angle="0.00" type="DEFAULT_VEHTYPE" speed="13.12" pos="1.01" lane="2/3to2/2_0" slope="0.00"/>
        <vehicle id="12" x="550.21" y="198.35" angle="90.00" type="DEFAULT_VEHTYPE" speed="13.06" pos="145.46" lane="2/1to3/1_0" slope="0.00"/>
        <vehicle id="13" x="625.76" y="401.65" angle="-90.00" type="DEFAULT_VEHTYPE" speed="13.66" pos="174.24" lane="4/2to3/2_0" slope="0.00"/>
        <vehicle id="14" x="398.35" y="487.87" angle="0.00" type="DEFAULT_VEHTYPE" speed="12.72" pos="107.38" lane="2/3to2/2_0" slope="0.00"/>
        <vehicle id="15" x="493.47" y="401.65" angle="-90.00" type="DEFAULT_VEHTYPE" speed="12.89" pos="101.78" lane="3/2to2/2_0" slope="0.00"/>
        <vehicle id="16" x="201.65" y="511.54" angle="180.00" type="DEFAULT_VEHTYPE" speed="13.90" pos="106.79" lane="1/2to1/3_0" slope="0.00"/>
        <vehicle id="17" x="677.40" y="601.65" angle="-90.00" type="DEFAULT_VEHTYPE" speed="12.78" pos="122.60" lane="4/3to3/3_0" slope="0.00"/>
        <vehicle id="18" x="715.69" y="601.65" angle="-90.00" type="DEFAULT_VEHTYPE" speed="12.98" pos="84.31" lane="4/3to3/3_0" slope="0.00"/>
        <vehicle id="19" x="398.35" y="537.70" angle="0.00" type="DEFAULT_VEHTYPE" speed="13.30" pos="57.55" lane="2/3to2/2_0" slope="0.00"/>
        <vehicle id="2" x="275.47" y="398.35" angle="90.00" type="DEFAULT_VEHTYPE" speed="13.73" pos="70.72" lane="1/2to2/2_0" slope="0.00"/>
        <vehicle id="20" x="415.46" y="198.35" angle="90.00" type="DEFAULT_VEHTYPE" speed="10.71" pos="10.71" lane="2/1to3/1_0" slope="0.00"/>
        <vehicle id="21" x="596.60" y="400.59" angle="124.39" type="DEFAULT_VEHTYPE" speed="3.62" pos="3.08" lane=":3/2_15_0" slope="0.00"/>
        <vehicle id="22" x="398.35" y="369.71" angle="0.00" type="DEFAULT_VEHTYPE" speed="12.28" pos="25.54" lane="2/2to2/1_0" slope="0.00"/>
        <vehicle id="23" x="214.88" y="398.35" angle="90.00" type="DEFAULT_VEHTYPE" speed="10.40" pos="10.13" lane="1/2to2/2_0" slope="0.00"/>
        <vehicle id="24" x="598.35" y="591.82" angle="-10.81" type="DEFAULT_VEHTYPE" speed="7.40" pos="3.43" lane="3/3to3/2_0" slope="0.00"/>
        <vehicle id="3" x="286.02" y="201.65" angle="-90.00" type="DEFAULT_VEHTYPE" speed="12.64" pos="109.23" lane="2/1to1/1_0" slope="0.00"/>
        <vehicle id="4" x="409.93" y="201.65" angle="-90.00" type="DEFAULT_VEHTYPE" speed="2.72" pos="185.32" lane="3/1to2/1_0" slope="0.00"/>
        <vehicle id="5" x="401.65" y="449.30" angle="180.00" type="DEFAULT_VEHTYPE" speed="13.13" pos="44.55" lane="2/2to2/3_0" slope="0.00"/>
        <vehicle id="6" x="347.14" y="201.65" angle="-90.00" type="DEFAULT_VEHTYPE" speed="13.79" pos="48.11" lane="2/1to1/1_0" slope="0.00"/>
        <vehicle id="7" x="203.12" y="202.00" angle="-94.10" type="DEFAULT_VEHTYPE" speed="6.58" pos="1.69" lane=":1/1_4_0" slope="0.00"/>
        <vehicle id="8" x="555.33" y="401.65" angle="-90.00" type="DEFAULT_VEHTYPE" speed="12.98" pos="39.92" lane="3/2to2/2_0" slope="0.00"/>
        <vehicle id="9" x="216.64" y="401.65" angle="-90.00" type="DEFAULT_VEHTYPE" speed="8.43" pos="178.61" lane="2/2to1/2_0" slope="0.00"/>
    </timestep>
    <timestep time="45.00">
        <vehicle id="0" x="479.42" y="198.35" angle="90.00" type="DEFAULT_VEHTYPE" speed="13.64" pos="74.67" lane="2/1to3/1_0" slope="0.00"/>
        <vehicle id="1" x="275.45" y="198.35" angle="90.00" type="DEFAULT_VEHTYPE" speed="12.79" pos="70.70" lane="1/1to2/1_0" slope="0.00"/>
        <vehicle id="10" x="603.94" y="201.65" angle="-90.00" type="DEFAULT_VEHTYPE" speed="4.98" pos="0.81" lane=":3/1_5_0" slope="0.00"/>
        <vehicle id="11" x="398.35" y="580.89" angle="0.00" type="DEFAULT_VEHTYPE" speed="13.35" pos="14.36" lane="2/3to2/2_0" slope="0.00"/>
        <vehicle id="12" x="563.34" y="198.35" angle="90.00" type="DEFAULT_VEHTYPE" speed="13.14" pos="158.59" lane="2/1to3/1_0" slope="0.00"/>
        <vehicle id="13" x="612.10" y="401.65" angle="-90.00" type="DEFAULT_VEHTYPE" speed="13.66" pos="187.90" lane="4/2to3/2_0" slope="0.00"/>
        <vehicle id="14" x="398.35" y="474.75" angle="0.00" type="DEFAULT_VEHTYPE" speed="13.12" pos="120.50" lane="2/3to2/2_0" slope="0.00"/>
        <vehicle id="15" x="479.94" y="401.65" angle="-90.00" type="DEFAULT_VEHTYPE" speed="13.53" pos="115.31" lane="3/2to2/2_0" slope="0.00"/>
        <vehicle id="16" x="201.65" y="524.18" angle="180.00" type="DEFAULT_VEHTYPE" speed="12.63" pos="119.43" lane="1/2to1/3_0" slope="0.00"/>
        <vehicle id="17" x="664.05" y="601.65" angle="-90.00" type="DEFAULT_VEHTYPE" speed="13.35" pos="135.95" lane="4/3to3/3_0" slope="0.00"/>
        <vehicle id="18" x="702.19" y="601.65" angle="-90.00" type="DEFAULT_VEHTYPE" speed="13.50" pos="97.81" lane="4/3to3/3_0" slope="0.00"/>
        <vehicle id="19" x="398.35" y="524.18" angle="0.00" type="DEFAULT_VEHTYPE" speed="13.52" pos="71.07" lane="2/3to2/2_0" slope="0.00"/>
        <vehicle id="2" x="288.81" y="398.35" angle="90.00" type="DEFAULT_VEHTYPE" speed="13.35" pos="84.06" lane="1/2to2/2_0" slope="0.00"/>
        <vehicle id="20" x="428.01" y="198.35" angle="90.00" type="DEFAULT_VEHTYPE" speed="12.55" pos="23.26" lane="2/1to3/1_0" slope="0.00"/>
        <vehicle id="21" x="591.51" y="401.65" angle="-98.33" type="DEFAULT_VEHTYPE" speed="5.49" pos="3.74" lane="3/2to2/2_0" slope="0.00"/>
        <vehicle id="22" x="398.35" y="356.85" angle="0.00" type="DEFAULT_VEHTYPE" speed="12.85" pos="38.40" lane="2/2to2/1_0" slope="0.00"/>
        <vehicle id="23" x="227.00" y="398.35" angle="90.00" type="DEFAULT_VEHTYPE" speed="12.12" pos="22.25" lane="1/2to2/2_0" slope="0.00"/>
        <vehicle id="24" x="598.35" y="582.40" angle="0.00" type="DEFAULT_VEHTYPE" speed="9.43" pos="12.85" lane="3/3to3/2_0" slope="0.00"/>
        <vehicle id="3" x="272.67" y="201.65" angle="-90.00" type="DEFAULT_VEHTYPE" speed="13.35" pos="122.58" lane="2/1to1/1_0" slope="0.00"/>
        <vehicle id="4" x="405.44" y="201.65" angle="-90.00" type="DEFAULT_VEHTYPE" speed="4.49" pos="189.81" lane="3/1to2/1_0" slope="0.00"/>
        <vehicle id="5" x="401.65" y="462.71" angle="180.00" type="DEFAULT_VEHTYPE" speed="13.41" pos="57.96" lane="2/2to2/3_0" slope="0.00"/>
        <vehicle id="6" x="334.20" y="201.65" angle="-90.00" type="DEFAULT_VEHTYPE" speed="12.94" pos="61.05" lane="2/1to1/1_0" slope="0.00"/>
        <vehicle id="7" x="201.65" y="209.69" angle="-179.90" type="DEFAULT_VEHTYPE" speed="8.25" pos="4.94" lane="1/1to1/2_0" slope="0.00"/>
        <vehicle id="8" x="541.95" y="401.65" angle="-90.00" type="DEFAULT_VEHTYPE" speed="13.39" pos="53.30" lane="3/2to2/2_0" slope="0.00"/>
        <vehicle id="9" x="211.45" y="401.65" angle="-90.00" type="DEFAULT_VEHTYPE" speed="5.19" pos="183.80" lane="2/2to1/2_0" slope="0.00"/>
    </timestep>
    <timestep time="46.00">
        <vehicle id="0" x="492.83" y="198.35" angle="90.00" type="DEFAULT_VEHTYPE" speed="13.41" pos="88.08" lane="2/1to3/1_0" slope="0.00"/>
        <vehicle id="1" x="288.62" y="198.35" angle="90.00" type="DEFAULT_VEHTYPE" speed="13.16" pos="83.87" lane="1/1to2/1_0" slope="0.00"/>
        <vehicle id="10" x="597.21" y="201.65" angle="-90.00" type="DEFAULT_VEHTYPE" speed="6.73" pos="7.54" lane=":3/1_5_0" slope="0.00"/>
        <vehicle id="11" x="398.35" y="567.16" angle="0.00" type="DEFAULT_VEHTYPE" speed="13.73" pos="28.09" lane="2/3to2/2_0" slope="0.00"/>
        <vehicle id="12" x="574.74" y="198.35" angle="90.00" type="DEFAULT_VEHTYPE" speed="11.40" pos="169.99" lane="2/1to3/1_0" slope="0.00"/>
        <vehicle id="14" x="398.35" y="461.80" angle="0.00" type="DEFAULT_VEHTYPE" speed="12.95" pos="133.45" lane="2/3to2/2_0" slope="0.00"/>
        <vehicle id="15" x="466.58" y="401.65" angle="-90.00" type="DEFAULT_VEHTYPE" speed="13.36" pos="128.67" lane="3/2to2/2_0" slope="0.00"/>
        <vehicle id="16" x="201.65" y="537.53" angle="180.00" type="DEFAULT_VEHTYPE" speed="13.35" pos="132.78" lane="1/2to1/3_0" slope="0.00"/>
        <vehicle id="17" x="650.90" y="601.65" angle="-90.00" type="DEFAULT_VEHTYPE" speed="13.15" pos="149.10" lane="4/3to3/3_0" slope="0.00"/>
        <vehicle id="18" x="689.08" y="601.65" angle="-90.00" type="DEFAULT_VEHTYPE" speed="13.11" pos="110.92" lane="4/3to3/3_0" slope="0.00"/>
        <vehicle id="19" x="398.35" y="510.92" angle="0.00" type="DEFAULT_VEHTYPE" speed="13.27" pos="84.33" lane="2/3to2/2_0" slope="0.00"/>
        <vehicle id="2" x="301.87" y="398.35" angle="90.00" type="DEFAULT_VEHTYPE" speed="13.06" pos="97.12" lane="1/2to2/2_0" slope="0.00"/>
        <vehicle id="20" x="441.83" y="198.35" angle="90.00" type="DEFAULT_VEHTYPE" speed="13.82" pos="37.08" lane="2/1to3/1_0" slope="0.00"/>
        <vehicle id="21" x="584.18" y="401.65" angle="-90.00" type="DEFAULT_VEHTYPE" speed="7.33" pos="11.07" lane="3/2to2/2_0" slope="0.00"/>
        <vehicle id="22" x="398.35" y="343.92" angle="0.00" type="DEFAULT_VEHTYPE" speed="12.94" pos="51.33" lane="2/2to2/1_0" slope="0.00"/>
        <vehicle id="23" x="240.70" y="398.35" angle="90.00" type="DEFAULT_VEHTYPE" speed="13.70" pos="35.95" lane="1/2to2/2_0" slope="0.00"/>
        <vehicle id="24" x="598.35" y="571.07" angle="0.00" type="DEFAULT_VEHTYPE" speed="11.33" pos="24.18" lane="3/3to3/2_0" slope="0.00"/>
        <vehicle id="3" x="259.19" y="201.65" angle="-90.00" type="DEFAULT_VEHTYPE" speed="13.49" pos="136.06" lane="2/1to1/1_0" slope="0.00"/>
        <vehicle id="4" x="398.40" y="201.65" angle="-90.00" type="DEFAULT_VEHTYPE" speed="7.04" pos="6.35" lane=":2/1_5_0" slope="0.00"/>
        <vehicle id="5" x="401.65" y="475.56" angle="180.00" type="DEFAULT_VEHTYPE" speed="12.85" pos="70.81" lane="2/2to2/3_0" slope="0.00"/>
        <vehicle id="6" x="321.57" y="201.65" angle="-90.00" type="DEFAULT_VEHTYPE" speed="12.63" pos="73.68" lane="2/1to1/1_0" slope="0.00"/>
        <vehicle id="7" x="201.65" y="219.64" angle="180.00" type="DEFAULT_VEHTYPE" speed="9.95" pos="14.89" lane="1/1to1/2_0" slope="0.00"/>
        <vehicle id="8" x="528.20" y="401.65" angle="-90.00" type="DEFAULT_VEHTYPE" speed="13.74" pos="67.05" lane="3/2to2/2_0" slope="0.00"/>
        <vehicle id="9" x="204.61" y="401.67" angle="-90.22" type="DEFAULT_VEHTYPE" speed="6.84" pos="0.14" lane=":1/2_4_0" slope="0.00"/>
    </timestep>
    <timestep time="47.00">
        <vehicle id="0" x="506.23" y="198.35" angle="90.00" type="DEFAULT_VEHTYPE" speed="13.40" pos="101.48" lane="2/1to3/1_0" slope="0.00"/>
        <vehicle id="1" x="302.00" y="198.35" angle="90.00" type="DEFAULT_VEHTYPE" speed="13.38" pos="97.25" lane="1/1to2/1_0" slope="0.00"/>
        <vehicle id="10" x="588.25" y="201.65" angle="-90.00" type="DEFAULT_VEHTYPE" speed="8.96" pos="7.00" lane="3/1to2/1_0" slope="0.00"/>
        <vehicle id="11" x="398.35" y="553.32" angle="0.00" type="DEFAULT_VEHTYPE" speed="13.84" pos="41.93" lane="2/3to2/2_0" slope="0.00"/>
        <vehicle id="12" x="583.48" y="198.35" angle="90.00" type="DEFAULT_VEHTYPE" speed="8.74" pos="178.73" lane="2/1to3/1_0" slope="0.00"/>
        <vehicle id="14" x="398.35" y="448.59" angle="0.00" type="DEFAULT_VEHTYPE" speed="13.22" pos="146.66" lane="2/3to2/2_0" slope="0.00"/>
        <vehicle id="15" x="453.12" y="401.65" angle="-90.00" type="DEFAULT_VEHTYPE" speed="13.46" pos="142.13" lane="3/2to2/2_0" slope="0.00"/>
        <vehicle id="16" x="201.65" y="550.69" angle="180.00" type="DEFAULT_VEHTYPE" speed="13.17" pos="145.94" lane="1/2to1/3_0" slope="0.00"/>
        <vehicle id="17" x="637.17" y="601.65" angle="-90.00" type="DEFAULT_VEHTYPE" speed="13.74" pos="162.83" lane="4/3to3/3_0" slope="0.00"/>
        <vehicle id="18" x="675.74" y="601.65" angle="-90.00" type="DEFAULT_VEHTYPE" speed="13.34" pos="124.26" lane="4/3to3/3_0" slope="0.00"/>
        <vehicle id="19" x="398.35" y="497.75" angle="0.00" type="DEFAULT_VEHTYPE" speed="13.16" pos="97.50" lane="2/3to2/2_0" slope="0.00"/>
        <vehicle id="2" x="315.12" y="398.35" angle="90.00" type="DEFAULT_VEHTYPE" speed="13.25" pos="110.37" lane="1/2to2/2_0" slope="0.00"/>
        <vehicle id="20" x="455.57" y="198.35" angle="90.00" type="DEFAULT_VEHTYPE" speed="13.74" pos="50.82" lane="2/1to3/1_0" slope="0.00"/>
        <vehicle id="21" x="575.54" y="401.65" angle="-90.00" type="DEFAULT_VEHTYPE" speed="8.65" pos="19.71" lane="3/2to2/2_0" slope="0.00"/>
        <vehicle id="22" x="398.35" y="331.06" angle="0.00" type="DEFAULT_VEHTYPE" speed="12.85" pos="64.19" lane="2/2to2/1_0" slope="0.00"/>
        <vehicle id="23" x="254.11" y="398.35" angle="90.00" type="DEFAULT_VEHTYPE" speed="13.41" pos="49.36" lane="1/2to2/2_0" slope="0.00"/>
        <vehicle id="24" x="598.35" y="557.73" angle="0.00" type="DEFAULT_VEHTYPE" speed="13.33" pos="37.52" lane="3/3to3/2_0" slope="0.00"/>
        <vehicle id="3" x="246.42" y="201.65" angle="-90.00" type="DEFAULT_VEHTYPE" speed="12.76" pos="148.83" lane="2/1to1/1_0" slope="0.00"/>
        <vehicle id="4" x="389.95" y="201.65" angle="-90.00" type="DEFAULT_VEHTYPE" speed="8.46" pos="5.30" lane="2/1to1/1_0" slope="0.00"/>
        <vehicle id="5" x="401.65" y="488.92" angle="180.00" type="DEFAULT_VEHTYPE" speed="13.36" pos="84.17" lane="2/2to2/3_0" slope="0.00"/>
        <vehicle id="6" x="307.83" y="201.65" angle="-90.00" type="DEFAULT_VEHTYPE" speed="13.74" pos="87.42" lane="2/1to1/1_0" slope="0.00"/>
        <vehicle id="7" x="201.65" y="231.82" angle="180.00" type="DEFAULT_VEHTYPE" speed="12.18" pos="27.07" lane="1/1to1/2_0" slope="0.00"/>
        <vehicle id="8" x="514.77" y="401.65" angle="-90.00" type="DEFAULT_VEHTYPE" speed="13.44" pos="80.48" lane="3/2to2/2_0" slope="0.00"/>
        <vehicle id="9" x="201.65" y="408.47" angle="-177.97" type="DEFAULT_VEHTYPE" speed="8.58" pos="3.72" lane="1/2to1/3_0" slope="0.00"/>
    </timestep>
    <timestep time="48.00">
        <vehicle id="0" x="519.94" y="198.35" angle="90.00" type="DEFAULT_VEHTYPE" speed="13.72" pos="115.19" lane="2/1to3/1_0" slope="0.00"/>
        <vehicle id="1" x="314.64" y="198.35" angle="90.00" type="DEFAULT_VEHTYPE" speed="12.64" pos="109.89" lane="1/1to2/1_0" slope="0.00"/>
        <vehicle id="10" x="577.74" y="201.65" angle="-90.00" type="DEFAULT_VEHTYPE" speed="10.51" pos="17.51" lane="3/1to2/1_0" slope="0.00"/>
        <vehicle id="11" x="398.35" y="540.35" angle="0.00" type="DEFAULT_VEHTYPE" speed="12.98" pos="54.90" lane="2/3to2/2_0" slope="0.00"/>
        <vehicle id="12" x="588.74" y="198.35" angle="90.00" type="DEFAULT_VEHTYPE" speed="5.27" pos="183.99" lane="2/1to3/1_0" slope="0.00"/>
        <vehicle id="14" x="398.35" y="435.88" angle="0.00" type="DEFAULT_VEHTYPE" speed="12.70" pos="159.37" lane="2/3to2/2_0" slope="0.00"/>
        <vehicle id="15" x="439.72" y="401.65" angle="-90.00" type="DEFAULT_VEHTYPE" speed="13.40" pos="155.53" lane="3/2to2/2_0" slope="0.00"/>
        <vehicle id="16" x="201.65" y="563.47" angle="180.00" type="DEFAULT_VEHTYPE" speed="12.77" pos="158.72" lane="1/2to1/3_0" slope="0.00"/>
        <vehicle id="17" x="624.68" y="601.65" angle="-90.00" type="DEFAULT_VEHTYPE" speed="12.49" pos="175.32" lane="4/3to3/3_0" slope="0.00"/>
        <vehicle id="18" x="662.58" y="601.65" angle="-90.00" type="DEFAULT_VEHTYPE" speed="13.17" pos="137.42" lane="4/3to3/3_0" slope="0.00"/>
        <vehicle id="19" x="398.35" y="484.95" angle="0.00" type="DEFAULT_VEHTYPE" speed="12.81" pos="110.30" lane="2/3to2/2_0" slope="0.00"/>
        <vehicle id="2" x="328.73" y="398.35" angle="90.00" type="DEFAULT_VEHTYPE" speed="13.61" pos="123.98" lane="1/2to2/2_0" slope="0.00"/>
        <vehicle id="20" x="469.32" y="198.35" angle="90.00" type="DEFAULT_VEHTYPE" speed="13.75" pos="64.57" lane="2/1to3/1_0" slope="0.00"/>
        <vehicle id="21" x="564.99" y="401.65" angle="-90.00" type="DEFAULT_VEHTYPE" speed="10.55" pos="30.26" lane="3/2to2/2_0" slope="0.00"/>
        <vehicle id="22" x="398.35" y="318.20" angle="0.00" type="DEFAULT_VEHTYPE" speed="12.86" pos="77.05" lane="2/2to2/1_0" slope="0.00"/>
        <vehicle id="23" x="267.99" y="398.35" angle="90.00" type="DEFAULT_VEHTYPE" speed="13.89" pos="63.24" lane="1/2to2/2_0" slope="0.00"/>
        <vehicle id="24" x="598.35" y="544.02" angle="0.00" type="DEFAULT_VEHTYPE" speed="13.71" pos="51.23" lane="3/3to3/2_0" slope="0.00"/>
        <vehicle id="3" x="233.55" y="201.65" angle="-90.00" type="DEFAULT_VEHTYPE" speed="12.87" pos="161.70" lane="2/1to1/1_0" slope="0.00"/>
        <vehicle id="4" x="378.98" y="201.65" angle="-90.00" type="DEFAULT_VEHTYPE" speed="10.96" pos="16.27" lane="2/1to1/1_0" slope="0.00"/>
        <vehicle id="5" x="401.65" y="501.66" angle="180.00" type="DEFAULT_VEHTYPE" speed="12.73" pos="96.91" lane="2/2to2/3_0" slope="0.00"/>
        <vehicle id="6" x="294.03" y="201.65" angle="-90.00" type="DEFAULT_VEHTYPE" speed="13.79" pos="101.22" lane="2/1to1/1_0" slope="0.00"/>
        <vehicle id="7" x="201.65" y="245.19" angle="180.00" type="DEFAULT_VEHTYPE" speed="13.37" pos="40.44" lane="1/1to1/2_0" slope="0.00"/>
        <vehicle id="8" x="501.24" y="401.65" angle="-90.00" type="DEFAULT_VEHTYPE" speed="13.52" pos="94.01" lane="3/2to2/2_0" slope="0.00"/>
        <vehicle id="9" x="201.65" y="419.15" angle="180.00" type="DEFAULT_VEHTYPE" speed="10.67" pos="14.40" lane="1/2to1/3_0" slope="0.00"/>
    </timestep>
    <timestep time="49.00">
        <vehicle id="0" x="533.82" y="198.35" angle="90.00" type="DEFAULT_VEHTYPE" speed="13.87" pos="129.07" lane="2/1to3/1_0" slope="0.00"/>
        <vehicle id="1" x="328.23" y="198.35" angle="90.00" type="DEFAULT_VEHTYPE" speed="13.59" pos="123.48" lane="1/1to2/1_0" slope="0.00"/>
        <vehicle id="10" x="564.73" y="201.65" angle="-90.00" type="DEFAULT_VEHTYPE" speed="13.00" pos="30.52" lane="3/1to2/1_0" slope="0.00"/>
        <vehicle id="11" x="398.35" y="527.20" angle="0.00" type="DEFAULT_VEHTYPE" speed="13.15" pos="68.05" lane="2/3to2/2_0" slope="0.00"/>
        <vehicle id="12" x="595.34" y="198.35" angle="90.00" type="DEFAULT_VEHTYPE" speed="6.59" pos="0.09" lane=":3/1_13_0" slope="0.00"/>
        <vehicle id="14" x="398.35" y="422.23" angle="0.00" type="DEFAULT_VEHTYPE" speed="13.65" pos="173.02" lane="2/3to2/2_0" slope="0.00"/>
        <vehicle id="15" x="427.56" y="401.65" angle="-90.00" type="DEFAULT_VEHTYPE" speed="12.16" pos="167.69" lane="3/2to2/2_0" slope="0.00"/>
        <vehicle id="16" x="201.65" y="576.73" angle="180.00" type="DEFAULT_VEHTYPE" speed="13.27" pos="171.98" lane="1/2to1/3_0" slope="0.00"/>
        <vehicle id="17" x="616.68" y="601.65" angle="-90.00" type="DEFAULT_VEHTYPE" speed="7.99" pos="183.32" lane="4/3to3/3_0" slope="0.00"/>
        <vehicle id="18" x="648.85" y="601.65" angle="-90.00" type="DEFAULT_VEHTYPE" speed="13.73" pos="151.15" lane="4/3to3/3_0" slope="0.00"/>
        <vehicle id="19" x="398.35" y="471.52" angle="0.00" type="DEFAULT_VEHTYPE" speed="13.43" pos="123.73" lane="2/3to2/2_0" slope="0.00"/>
        <vehicle id="2" x="341.52" y="398.35" angle="90.00" type="DEFAULT_VEHTYPE" speed="12.79" pos="136.77" lane="1/2to2/2_0" slope="0.00"/>
        <vehicle id="20" x="482.26" y="198.35" angle="90.00" type="DEFAULT_VEHTYPE" speed="12.95" pos="77.51" lane="2/1to3/1_0" slope="0.00"/>
        <vehicle id="21" x="552.39" y="401.65" angle="-90.00" type="DEFAULT_VEHTYPE" speed="12.60" pos="42.86" lane="3/2to2/2_0" slope="0.00"/>
        <vehicle id="22" x="398.35" y="304.92" angle="0.00" type="DEFAULT_VEHTYPE" speed="13.28" pos="90.33" lane="2/2to2/1_0" slope="0.00"/>
        <vehicle id="23" x="280.81" y="398.35" angle="90.00" type="DEFAULT_VEHTYPE" speed="12.81" pos="76.06" lane="1/2to2/2_0" slope="0.00"/>
        <vehicle id="24" x="598.35" y="531.27" angle="0.00" type="DEFAULT_VEHTYPE" speed="12.75" pos="63.98" lane="3/3to3/2_0" slope="0.00"/>
        <vehicle id="3" x="222.61" y="201.65" angle="-90.00" type="DEFAULT_VEHTYPE" speed="10.94" pos="172.64" lane="2/1to1/1_0" slope="0.00"/>
        <vehicle id="4" x="366.31" y="201.65" angle="-90.00" type="DEFAULT_VEHTYPE" speed="12.67" pos="28.94" lane="2/1to1/1_0" slope="0.00"/>
        <vehicle id="5" x="401.65" y="515.50" angle="180.00" type="DEFAULT_VEHTYPE" speed="13.84" pos="110.75" lane="2/2to2/3_0" slope="0.00"/>
        <vehicle id="6" x="280.39" y="201.65" angle="-90.00" type="DEFAULT_VEHTYPE" speed="13.64" pos="114.86" lane="2/1to1/1_0" slope="0.00"/>
        <vehicle id="7" x="201.65" y="258.94" angle="180.00" type="DEFAULT_VEHTYPE" speed="13.75" pos="54.19" lane="1/1to1/2_0" slope="0.00"/>
        <vehicle id="8" x="488.19" y="401.65" angle="-90.00" type="DEFAULT_VEHTYPE" speed="13.06" pos="107.06" lane="3/2to2/2_0" slope="0.00"/>
        <vehicle id="9" x="201.65" y="431.76" angle="180.00" type="DEFAULT_VEHTYPE" speed="12.61" pos="27.01" lane="1/2to1/3_0" slope="0.00"/>
    </timestep>
    <timestep time="50.00">
        <vehicle id="0" x="547.58" y="198.35" angle="90.00" type="DEFAULT_VEHTYPE" speed="13.76" pos="142.83" lane="2/1to3/1_0" slope="0.00"/>
        <vehicle id="1" x="340.96" y="198.35" angle="90.00" type="DEFAULT_VEHTYPE" speed="12.73" pos="136.21" lane="1/1to2/1_0" slope="0.00"/>
        <vehicle id="10" x="551.28" y="201.65" angle="-90.00" type="DEFAULT_VEHTYPE" speed="13.46" pos="43.97" lane="3/1to2/1_0" slope="0.00"/>
        <vehicle id="11" x="398.35" y="513.31" angle="0.00" type="DEFAULT_VEHTYPE" speed="13.89" pos="81.94" lane="2/3to2/2_0" slope="0.00"/>
        <vehicle id="12" x="604.24" y="198.35" angle="90.00" type="DEFAULT_VEHTYPE" speed="8.91" pos="8.99" lane=":3/1_13_0" slope="0.00"/>
        <vehicle id="14" x="398.35" y="409.55" angle="0.00" type="DEFAULT_VEHTYPE" speed="12.68" pos="185.70" lane="2/3to2/2_0" slope="0.00"/>
        <vehicle id="15" x="417.92" y="401.65" angle="-90.00" type="DEFAULT_VEHTYPE" speed="9.64" pos="177.33" lane="3/2to2/2_0" slope="0.00"/>
        <vehicle id="16" x="201.65" y="589.67" angle="180.00" type="DEFAULT_VEHTYPE" speed="12.93" pos="184.92" lane="1/2to1/3_0" slope="0.00"/>
        <vehicle id="17" x="610.95" y="601.65" angle="-90.00" type="DEFAULT_VEHTYPE" speed="5.73" pos="189.05" lane="4/3to3/3_0" slope="0.00"/>
        <vehicle id="18" x="636.47" y="601.65" angle="-90.00" type="DEFAULT_VEHTYPE" speed="12.38" pos="163.53" lane="4/3to3/3_0" slope="0.00"/>
        <vehicle id="19" x="398.35" y="458.39" angle="0.00" type="DEFAULT_VEHTYPE" speed="13.12" pos="136.86" lane="2/3to2/2_0" slope="0.00"/>
        <vehicle id="2" x="354.51" y="398.35" angle="90.00" type="DEFAULT_VEHTYPE" speed="12.99" pos="149.76" lane="1/2to2/2_0" slope="0.00"/>
        <vehicle id="20" x="496.11" y="198.35" angle="90.00" type="DEFAULT_VEHTYPE" speed="13.84" pos="91.36" lane="2/1to3/1_0" slope="0.00"/>
        <vehicle id="21" x="539.30" y="401.65" angle="-90.00" type="DEFAULT_VEHTYPE" speed="13.09" pos="55.95" lane="3/2to2/2_0" slope="0.00"/>
        <vehicle id="22" x="398.35" y="292.30" angle="0.00" type="DEFAULT_VEHTYPE" speed="12.62" pos="102.95" lane="2/2to2/1_0" slope="0.00"/>
        <vehicle id="23" x="294.63" y="398.35" angle="90.00" type="DEFAULT_VEHTYPE" speed="13.82" pos="89.88" lane="1/2to2/2_0" slope="0.00"/>
        <vehicle id="24" x="598.35" y="518.41" angle="0.00" type="DEFAULT_VEHTYPE" speed="12.87" pos="76.84" lane="3/3to3/2_0" slope="0.00"/>
        <vehicle id="3" x="215.30" y="201.65" angle="-90.00" type="DEFAULT_VEHTYPE" speed="7.31" pos="179.95" lane="2/1to1/1_0" slope="0.00"/>
        <vehicle id="4" x="353.29" y="201.65" angle="-90.00" type="DEFAULT_VEHTYPE" speed="13.02" pos="41.96" lane="2/1to1/1_0" slope="0.00"/>
        <vehicle id="5" x="401.65" y="529.17" angle="180.00" type="DEFAULT_VEHTYPE" speed="13.68" pos="124.42" lane="2/2to2/3_0" slope="0.00"/>
        <vehicle id="6" x="267.58" y="201.65" angle="-90.00" type="DEFAULT_VEHTYPE" speed="12.82" pos="127.67" lane="2/1to1/1_0" slope="0.00"/>
        <vehicle id="7" x="201.65" y="271.99" angle="180.00" type="DEFAULT_VEHTYPE" speed="13.05" pos="67.24" lane="1/1to1/2_0" slope="0.00"/>
        <vehicle id="8" x="475.26" y="401.65" angle="-90.00" type="DEFAULT_VEHTYPE" speed="12.92" pos="119.99" lane="3/2to2/2_0" slope="0.00"/>
        <vehicle id="9" x="201.65" y="445.58" angle="180.00" type="DEFAULT_VEHTYPE" speed="13.83" pos="40.83" lane="1/2to1/3_0" slope="0.00"/>
    </timestep>
    <timestep time="51.00">
        <vehicle id="0" x="560.23" y="198.35" angle="90.00" type="DEFAULT_VEHTYPE" speed="12.65" pos="155.48" lane="2/1to3/1_0" slope="0.00"/>
        <vehicle id="1" x="354.14" y="198.35" angle="90.00" type="DEFAULT_VEHTYPE" speed="13.18" pos="149.39" lane="1/1to2/1_0" slope="0.00"/>
        <vehicle id="10" x="537.74" y="201.65" angle="-90.00" type="DEFAULT_VEHTYPE" speed="13.54" pos="57.51" lane="3/1to2/1_0" slope="0.00"/>
        <vehicle id="11" x="398.35" y="500.37" angle="0.00" type="DEFAULT_VEHTYPE" speed="12.94" pos="94.88" lane="2/3to2/2_0" slope="0.00"/>
        <vehicle id="12" x="614.96" y="198.35" angle="90.00" type="DEFAULT_VEHTYPE" speed="10.72" pos="10.21" lane="3/1to4/1_0" slope="0.00"/>
        <vehicle id="14" x="392.35" y="401.65" angle="-83.38" type="DEFAULT_VEHTYPE" speed="12.70" pos="2.90" lane="2/2to1/2_0" slope="0.00"/>
        <vehicle id="15" x="412.27" y="401.65" angle="-90.00" type="DEFAULT_VEHTYPE" speed="5.65" pos="182.98" lane="3/2to2/2_0" slope="0.00"/>
        <vehicle id="16" x="207.74" y="598.35" angle="96.10" type="DEFAULT_VEHTYPE" speed="13.57" pos="2.99" lane="1/3to2/3_0" slope="0.00"/>
        <vehicle id="17" x="603.19" y="601.65" angle="-90.00" type="DEFAULT_VEHTYPE" speed="7.76" pos="1.56" lane=":3/3_5_0" slope="0.00"/>
        <vehicle id="18" x="626.12" y="601.65" angle="-90.00" type="DEFAULT_VEHTYPE" speed="10.35" pos="173.88" lane="4/3to3/3_0" slope="0.00"/>
        <vehicle id="19" x="398.35" y="444.85" angle="0.00" type="DEFAULT_VEHTYPE" speed="13.54" pos="150.40" lane="2/3to2/2_0" slope="0.00"/>
        <vehicle id="2" x="367.89" y="398.35" angle="90.00" type="DEFAULT_VEHTYPE" speed="13.38" pos="163.14" lane="1/2to2/2_0" slope="0.00"/>
        <vehicle id="20" x="509.78" y="198.35" angle="90.00" type="DEFAULT_VEHTYPE" speed="13.67" pos="105.03" lane="2/1to3/1_0" slope="0.00"/>
        <vehicle id="21" x="526.40" y="401.65" angle="-90.00" type="DEFAULT_VEHTYPE" speed="12.90" pos="68.85" lane="3/2to2/2_0" slope="0.00"/>
        <vehicle id="22" x="398.35" y="279.03" angle="0.00" type="DEFAULT_VEHTYPE" speed="13.27" pos="116.22" lane="2/2to2/1_0" slope="0.00"/>
        <vehicle id="23" x="308.38" y="398.35" angle="90.00" type="DEFAULT_VEHTYPE" speed="13.75" pos="103.63" lane="1/2to2/2_0" slope="0.00"/>
        <vehicle id="24" x="598.35" y="504.76" angle="0.00" type="DEFAULT_VEHTYPE" speed="13.64" pos="90.49" lane="3/3to3/2_0" slope="0.00"/>
        <vehicle id="3" x="211.15" y="201.65" angle="-90.00" type="DEFAULT_VEHTYPE" speed="4.15" pos="184.10" lane="2/1to1/1_0" slope="0.00"/>
        <vehicle id="4" x="340.27" y="201.65" angle="-90.00" type="DEFAULT_VEHTYPE" speed="13.02" pos="54.98" lane="2/1to1/1_0" slope="0.00"/>
        <vehicle id="5" x="401.65" y="542.80" angle="180.00" type="DEFAULT_VEHTYPE" speed="13.62" pos="138.05" lane="2/2to2/3_0" slope="0.00"/>
        <vehicle id="6" x="253.91" y="201.65" angle="-90.00" type="DEFAULT_VEHTYPE" speed="13.67" pos="141.34" lane="2/1to1/1_0" slope="0.00"/>
        <vehicle id="7" x="201.65" y="285.69" angle="180.00" type="DEFAULT_VEHTYPE" speed="13.70" pos="80.94" lane="1/1to1/2_0" slope="0.00"/>
        <vehicle id="8" x="461.66" y="401.65" angle="-90.00" type="DEFAULT_VEHTYPE" speed="13.60" pos="133.59" lane="3/2to2/2_0" slope="0.00"/>
        <vehicle id="9" x="201.65" y="458.80" angle="180.00" type="DEFAULT_VEHTYPE" speed="13.22" pos="54.05" lane="1/2to1/3_0" slope="0.00"/>
    </timestep>
    <timestep time="52.00">
        <vehicle id="0" x="572.92" y="198.35" angle="90.00" type="DEFAULT_VEHTYPE" speed="12.69" pos="168.17" lane="2/1to3/1_0" slope="0.00"/>
        <vehicle id="1" x="367.03" y="198.35" angle="90.00" type="DEFAULT_VEHTYPE" speed="12.89" pos="162.28" lane="1/1to2/1_0" slope="0.00"/>
        <vehicle id="10" x="524.15" y="201.65" angle="-90.00" type="DEFAULT_VEHTYPE" speed="13.58" pos="71.10" lane="3/1to2/1_0" slope="0.00"/>
        <vehicle id="11" x="398.35" y="486.79" angle="0.00" type="DEFAULT_VEHTYPE" speed="13.58" pos="108.46" lane="2/3to2/2_0" slope="0.00"/>
        <vehicle id="12" x="627.56" y="198.35" angle="90.00" type="DEFAULT_VEHTYPE" speed="12.60" pos="22.81" lane="3/1to4/1_0" slope="0.00"/>
        <vehicle id="14" x="378.85" y="401.65" angle="-90.00" type="DEFAULT_VEHTYPE" speed="13.50" pos="16.40" lane="2/2to1/2_0" slope="0.00"/>
        <vehicle id="15" x="409.58" y="401.65" angle="-90.00" type="DEFAULT_VEHTYPE" speed="2.69" pos="185.67" lane="3/2to2/2_0" slope="0.00"/>
        <vehicle id="16" x="221.63" y="598.35" angle="90.00" type="DEFAULT_VEHTYPE" speed="13.90" pos="16.88" lane="1/3to2/3_0" slope="0.00"/>
        <vehicle id="17" x="593.97" y="601.65" angle="-90.00" type="DEFAULT_VEHTYPE" speed="9.22" pos="1.28" lane="3/3to2/3_0" slope="0.00"/>
        <vehicle id="18" x="617.61" y="601.65" angle="-90.00" type="DEFAULT_VEHTYPE" speed="8.51" pos="182.39" lane="4/3to3/3_0" slope="0.00"/>
        <vehicle id="19" x="398.35" y="431.57" angle="0.00" type="DEFAULT_VEHTYPE" speed="13.28" pos="163.68" lane="2/3to2/2_0" slope="0.00"/>
        <vehicle id="2" x="377.79" y="398.35" angle="90.00" type="DEFAULT_VEHTYPE" speed="9.91" pos="173.04" lane="1/2to2/2_0" slope="0.00"/>
        <vehicle id="20" x="522.95" y="198.35" angle="90.00" type="DEFAULT_VEHTYPE" speed="13.17" pos="118.20" lane="2/1to3/1_0" slope="0.00"/>
        <vehicle id="21" x="512.92" y="401.65" angle="-90.00" type="DEFAULT_VEHTYPE" speed="13.48" pos="82.33" lane="3/2to2/2_0" slope="0.00"/>
        <vehicle id="22" x="398.35" y="266.42" angle="0.00" type="DEFAULT_VEHTYPE" speed="12.61" pos="128.83" lane="2/2to2/1_0" slope="0.00"/>
        <vehicle id="23" x="321.51" y="398.35" angle="90.00" type="DEFAULT_VEHTYPE" speed="13.13" pos="116.76" lane="1/2to2/2_0" slope="0.00"/>
        <vehicle id="24" x="598.35" y="490.94" angle="0.00" type="DEFAULT_VEHTYPE" speed="13.82" pos="104.31" lane="3/3to3/2_0" slope="0.00"/>
        <vehicle id="3" x="204.54" y="201.68" angle="-90.34" type="DEFAULT_VEHTYPE" speed="6.62" pos="0.21" lane=":1/1_4_0" slope="0.00"/>
        <vehicle id="4" x="327.62" y="201.65" angle="-90.00" type="DEFAULT_VEHTYPE" speed="12.65" pos="67.63" lane="2/1to1/1_0" slope="0.00"/>
        <vehicle id="5" x="401.65" y="556.08" angle="180.00" type="DEFAULT_VEHTYPE" speed="13.28" pos="151.33" lane="2/2to2/3_0" slope="0.00"/>
        <vehicle id="6" x="241.13" y="201.65" angle="-90.00" type="DEFAULT_VEHTYPE" speed="12.78" pos="154.12" lane="2/1to1/1_0" slope="0.00"/>
        <vehicle id="7" x="201.65" y="299.32" angle="180.00" type="DEFAULT_VEHTYPE" speed="13.63" pos="94.57" lane="1/1to1/2_0" slope="0.00"/>
        <vehicle id="8" x="448.15" y="401.65" angle="-90.00" type="DEFAULT_VEHTYPE" speed="13.51" pos="147.10" lane="3/2to2/2_0" slope="0.00"/>
        <vehicle id="9" x="201.65" y="472.55" angle="180.00" type="DEFAULT_VEHTYPE" speed="13.75" pos="67.80" lane="1/2to1/3_0" slope="0.00"/>
    </timestep>
    <timestep time="53.00">
        <vehicle id="0" x="581.88" y="198.35" angle="90.00" type="DEFAULT_VEHTYPE" speed="8.96" pos="177.13" lane="2/1to3/1_0" slope="0.00"/>
        <vehicle id="1" x="377.36" y="198.35" angle="90.00" type="DEFAULT_VEHTYPE" speed="10.33" pos="172.61" lane="1/1to2/1_0" slope="0.00"/>
        <vehicle id="10" x="510.72" y="201.65" angle="-90.00" type="DEFAULT_VEHTYPE" speed="13.44" pos="84.53" lane="3/1to2/1_0" slope="0.00"/>
        <vehicle id="11" x="398.35" y="473.78" angle="0.00" type="DEFAULT_VEHTYPE" speed="13.01" pos="121.47" lane="2/3to2/2_0" slope="0.00"/>
        <vehicle id="12" x="640.49" y="198.35" angle="90.00" type="DEFAULT_VEHTYPE" speed="12.93" pos="35.74" lane="3/1to4/1_0" slope="0.00"/>
        <vehicle id="14" x="366.14" y="401.65" angle="-90.00" type="DEFAULT_VEHTYPE" speed="12.71" pos="29.11" lane="2/2to1/2_0" slope="0.00"/>
        <vehicle id="15" x="408.48" y="401.65" angle="-90.00" type="DEFAULT_VEHTYPE" speed="1.11" pos="186.77" lane="3/2to2/2_0" slope="0.00"/>
        <vehicle id="16" x="234.82" y="598.35" angle="90.00" type="DEFAULT_VEHTYPE" speed="13.19" pos="30.07" lane="1/3to2/3_0" slope="0.00"/>
        <vehicle id="17" x="583.08" y="601.65" angle="-90.00" type="DEFAULT_VEHTYPE" speed="10.89" pos="12.17" lane="3/3to2/3_0" slope="0.00"/>
        <vehicle id="18" x="611.98" y="601.65" angle="-90.00" type="DEFAULT_VEHTYPE" speed="5.64" pos="188.02" lane="4/3to3/3_0" slope="0.00"/>
        <vehicle id="19" x="398.35" y="418.55" angle="0.00" type="DEFAULT_VEHTYPE" speed="13.02" pos="176.70" lane="2/3to2/2_0" slope="0.00"/>
        <vehicle id="2" x="384.82" y="398.35" angle="90.00" type="DEFAULT_VEHTYPE" speed="7.03" pos="180.07" lane="1/2to2/2_0" slope="0.00"/>
        <vehicle id="20" x="536.02" y="198.35" angle="90.00" type="DEFAULT_VEHTYPE" speed="13.07" pos="131.27" lane="2/1to3/1_0" slope="0.00"/>
        <vehicle id="21" x="500.21" y="401.65" angle="-90.00" type="DEFAULT_VEHTYPE" speed="12.71" pos="95.04" lane="3/2to2/2_0" slope="0.00"/>
        <vehicle id="22" x="398.35" y="253.19" angle="0.00" type="DEFAULT_VEHTYPE" speed="13.24" pos="142.06" lane="2/2to2/1_0" slope="0.00"/>
        <vehicle id="23" x="334.58" y="398.35" angle="90.00" type="DEFAULT_VEHTYPE" speed="13.07" pos="129.83" lane="1/2to2/2_0" slope="0.00"/>
        <vehicle id="24" x="598.35" y="477.96" angle="0.00" type="DEFAULT_VEHTYPE" speed="12.98" pos="117.29" lane="3/3to3/2_0" slope="0.00"/>
        <vehicle id="3" x="201.65" y="208.42" angle="-177.89" type="DEFAULT_VEHTYPE" speed="8.46" pos="3.67" lane="1/1to1/2_0" slope="0.00"/>
        <vehicle id="4" x="314.39" y="201.65" angle="-90.00" type="DEFAULT_VEHTYPE" speed="13.22" pos="80.86" lane="2/1to1/1_0" slope="0.00"/>
        <vehicle id="5" x="401.65" y="569.21" angle="180.00" type="DEFAULT_VEHTYPE" speed="13.13" pos="164.46" lane="2/2to2/3_0" slope="0.00"/>
        <vehicle id="6" x="228.46" y="201.65" angle="-90.00" type="DEFAULT_VEHTYPE" speed="12.66" pos="166.79" lane="2/1to1/1_0" slope="0.00"/>
        <vehicle id="7" x="201.65" y="312.96" angle="180.00" type="DEFAULT_VEHTYPE" speed="13.64" pos="108.21" lane="1/1to1/2_0" slope="0.00"/>
        <vehicle id="8" x="435.46" y="401.65" angle="-90.00" type="DEFAULT_VEHTYPE" speed="12.69" pos="159.79" lane="3/2to2/2_0" slope="0.00"/>
        <vehicle id="9" x="201.65" y="485.33" angle="180.00" type="DEFAULT_VEHTYPE" speed="12.78" pos="80.58" lane="1/2to1/3_0" slope="0.00"/>
    </timestep>
    <timestep time="54.00">
        <vehicle id="0" x="588.20" y="198.35" angle="90.00" type="DEFAULT_VEHTYPE" speed="6.32" pos="183.45" lane="2/1to3/1_0" slope="0.00"/>
        <vehicle id="1" x="384.23" y="198.35" angle="90.00" type="DEFAULT_VEHTYPE" speed="6.86" pos="179.48" lane="1/1to2/1_0" slope="0.00"/>
        <vehicle id="10" x="496.92" y="201.65" angle="-90.00" type="DEFAULT_VEHTYPE" speed="13.80" pos="98.33" lane="3/1to2/1_0" slope="0.00"/>
        <vehicle id="11" x="398.35" y="460.41" angle="0.00" type="DEFAULT_VEHTYPE" speed="13.37" pos="134.84" lane="2/3to2/2_0" slope="0.00"/>
        <vehicle id="12" x="653.98" y="198.35" angle="90.00" type="DEFAULT_VEHTYPE" speed="13.49" pos="49.23" lane="3/1to4/1_0" slope="0.00"/>
        <vehicle id="14" x="352.75" y="401.65" angle="-90.00" type="DEFAULT_VEHTYPE" speed="13.40" pos="42.50" lane="2/2to1/2_0" slope="0.00"/>
        <vehicle id="15" x="407.91" y="401.65" angle="-90.00" type="DEFAULT_VEHTYPE" speed="0.57" pos="187.34" lane="3/2to2/2_0" slope="0.00"/>
        <vehicle id="16" x="247.60" y="598.35" angle="90.00" type="DEFAULT_VEHTYPE" speed="12.78" pos="42.85" lane="1/3to2/3_0" slope="0.00"/>
        <vehicle id="17" x="570.26" y="601.65" angle="-90.00" type="DEFAULT_VEHTYPE" speed="12.82" pos="24.99" lane="3/3to2/3_0" slope="0.00"/>
        <vehicle id="18" x="609.05" y="601.65" angle="-90.00" type="DEFAULT_VEHTYPE" speed="2.93" pos="190.95" lane="4/3to3/3_0" slope="0.00"/>
        <vehicle id="19" x="398.35" y="405.16" angle="0.00" type="DEFAULT_VEHTYPE" speed="13.40" pos="190.09" lane="2/3to2/2_0" slope="0.00"/>
        <vehicle id="2" x="388.75" y="398.35" angle="90.00" type="DEFAULT_VEHTYPE" speed="3.93" pos="184.00" lane="1/2to2/2_0" slope="0.00"/>
        <vehicle id="20" x="549.29" y="198.35" angle="90.00" type="DEFAULT_VEHTYPE" speed="13.27" pos="144.54" lane="2/1to3/1_0" slope="0.00"/>
        <vehicle id="21" x="486.38" y="401.65" angle="-90.00" type="DEFAULT_VEHTYPE" speed="13.83" pos="108.87" lane="3/2to2/2_0" slope="0.00"/>
        <vehicle id="22" x="398.35" y="240.06" angle="0.00" type="DEFAULT_VEHTYPE" speed="13.13" pos="155.19" lane="2/2to2/1_0" slope="0.00"/>
        <vehicle id="23" x="348.48" y="398.35" angle="90.00" type="DEFAULT_VEHTYPE" speed="13.90" pos="143.73" lane="1/2to2/2_0" slope="0.00"/>
        <vehicle id="24" x="598.35" y="465.14" angle="0.00" type="DEFAULT_VEHTYPE" speed="12.81" pos="130.11" lane="3/3to3/2_0" slope="0.00"/>
        <vehicle id="3" x="201.65" y="218.66" angle="180.00" type="DEFAULT_VEHTYPE" speed="10.23" pos="13.91" lane="1/1to1/2_0" slope="0.00"/>
        <vehicle id="4" x="301.23" y="201.65" angle="-90.00" type="DEFAULT_VEHTYPE" speed="13.16" pos="94.02" lane="2/1to1/1_0" slope="0.00"/>
        <vehicle id="5" x="401.65" y="582.46" angle="180.00" type="DEFAULT_VEHTYPE" speed="13.25" pos="177.71" lane="2/2to2/3_0" slope="0.00"/>
        <vehicle id="6" x="218.47" y="201.65" angle="-90.00" type="DEFAULT_VEHTYPE" speed="10.00" pos="176.78" lane="2/1to1/1_0" slope="0.00"/>
        <vehicle id="7" x="201.65" y="326.43" angle="180.00" type="DEFAULT_VEHTYPE" speed="13.48" pos="121.68" lane="1/1to1/2_0" slope="0.00"/>
        <vehicle id="8" x="427.19" y="401.65" angle="-90.00" type="DEFAULT_VEHTYPE" speed="8.27" pos="168.06" lane="3/2to2/2_0" slope="0.00"/>
        <vehicle id="9" x="201.65" y="498.44" angle="180.00" type="DEFAULT_VEHTYPE" speed="13.11" pos="93.69" lane="1/2to1/3_0" slope="0.00"/>
    </timestep>
    <timestep time="55.00">
        <vehicle id="0" x="590.32" y="198.35" angle="90.00" type="DEFAULT_VEHTYPE" speed="2.13" pos="185.57" lane="2/1to3/1_0" slope="0.00"/>
        <vehicle id="1" x="388.92" y="198.35" angle="90.00" type="DEFAULT_VEHTYPE" speed="4.70" pos="184.17" lane="1/1to2/1_0" slope="0.00"/>
        <vehicle id="10" x="484.26" y="201.65" angle="-90.00" type="DEFAULT_VEHTYPE" speed="12.65" pos="110.99" lane="3/1to2/1_0" slope="0.00"/>
        <vehicle id="11" x="398.35" y="446.56" angle="0.00" type="DEFAULT_VEHTYPE" speed="13.86" pos="148.69" lane="2/3to2/2_0" slope="0.00"/>
        <vehicle id="12" x="667.64" y="198.35" angle="90.00" type="DEFAULT_VEHTYPE" speed="13.66" pos="62.89" lane="3/1to4/1_0" slope="0.00"/>
        <vehicle id="14" x="339.74" y="401.65" angle="-90.00" type="DEFAULT_VEHTYPE" speed="13.00" pos="55.51" lane="2/2to1/2_0" slope="0.00"/>
        <vehicle id="15" x="407.48" y="401.65" angle="-90.00" type="DEFAULT_VEHTYPE" speed="0.43" pos="187.77" lane="3/2to2/2_0" slope="0.00"/>
        <vehicle id="16" x="261.35" y="598.35" angle="90.00" type="DEFAULT_VEHTYPE" speed="13.75" pos="56.60" lane="1/3to2/3_0" slope="0.00"/>
        <vehicle id="17" x="556.63" y="601.65" angle="-90.00" type="DEFAULT_VEHTYPE" speed="13.63" pos="38.62" lane="3/3to2/3_0" slope="0.00"/>
        <vehicle id="18" x="604.02" y="601.65" angle="-90.00" type="DEFAULT_VEHTYPE" speed="5.03" pos="0.73" lane=":3/3_5_0" slope="0.00"/>
        <vehicle id="19" x="387.10" y="401.65" angle="-90.00" type="DEFAULT_VEHTYPE" speed="13.55" pos="8.15" lane="2/2to1/2_0" slope="0.00"/>
        <vehicle id="2" x="394.74" y="398.35" angle="90.00" type="DEFAULT_VEHTYPE" speed="5.99" pos="189.99" lane="1/2to2/2_0" slope="0.00"/>
        <vehicle id="20" x="562.06" y="198.35" angle="90.00" type="DEFAULT_VEHTYPE" speed="12.77" pos="157.31" lane="2/1to3/1_0" slope="0.00"/>
        <vehicle id="21" x="473.59" y="401.65" angle="-90.00" type="DEFAULT_VEHTYPE" speed="12.80" pos="121.66" lane="3/2to2/2_0" slope="0.00"/>
        <vehicle id="22" x="398.35" y="227.64" angle="0.00" type="DEFAULT_VEHTYPE" speed="12.41" pos="167.61" lane="2/2to2/1_0" slope="0.00"/>
        <vehicle id="23" x="360.74" y="398.35" angle="90.00" type="DEFAULT_VEHTYPE" speed="12.26" pos="155.99" lane="1/2to2/2_0" slope="0.00"/>
        <vehicle id="24" x="598.35" y="451.41" angle="0.00" type="DEFAULT_VEHTYPE" speed="13.73" pos="143.84" lane="3/3to3/2_0" slope="0.00"/>
        <vehicle id="3" x="201.65" y="231.09" angle="180.00" type="DEFAULT_VEHTYPE" speed="12.43" pos="26.34" lane="1/1to1/2_0" slope="0.00"/>
        <vehicle id="4" x="288.63" y="201.65" angle="-90.00" type="DEFAULT_VEHTYPE" speed="12.60" pos="106.62" lane="2/1to1/1_0" slope="0.00"/>
        <vehicle id="5" x="401.66" y="595.31" angle="179.91" type="DEFAULT_VEHTYPE" speed="12.85" pos="0.06" lane=":2/3_8_0" slope="0.00"/>
        <vehicle id="6" x="212.97" y="201.65" angle="-90.00" type="DEFAULT_VEHTYPE" speed="5.50" pos="182.28" lane="2/1to1/1_0" slope="0.00"/>
        <vehicle id="7" x="201.65" y="339.13" angle="180.00" type="DEFAULT_VEHTYPE" speed="12.70" pos="134.38" lane="1/1to1/2_0" slope="0.00"/>
        <vehicle id="8" x="421.49" y="401.65" angle="-90.00" type="DEFAULT_VEHTYPE" speed="5.71" pos="173.76" lane="3/2to2/2_0" slope="0.00"/>
        <vehicle id="9" x="201.65" y="511.22" angle="180.00" type="DEFAULT_VEHTYPE" speed="12.78" pos="106.47" lane="1/2to1/3_0" slope="0.00"/>
    </timestep>
    <timestep time="56.00">
        <vehicle id="0" x="594.35" y="198.35" angle="90.00" type="DEFAULT_VEHTYPE" speed="4.03" pos="189.60" lane="2/1to3/1_0" slope="0.00"/>
        <vehicle id="1" x="391.04" y="198.35" angle="90.00" type="DEFAULT_VEHTYPE" speed="2.12" pos="186.29" lane="1/1to2/1_0" slope="0.00"/>
        <vehicle id="10" x="471.28" y="201.65" angle="-90.00" type="DEFAULT_VEHTYPE" speed="12.98" pos="123.97" lane="3/1to2/1_0" slope="0.00"/>
        <vehicle id="11" x="398.35" y="432.79" angle="0.00" type="DEFAULT_VEHTYPE" speed="13.77" pos="162.46" lane="2/3to2/2_0" slope="0.00"/>
        <vehicle id="12" x="680.53" y="198.35" angle="90.00" type="DEFAULT_VEHTYPE" speed="12.89" pos="75.78" lane="3/1to4/1_0" slope="0.00"/>
        <vehicle id="14" x="326.06" y="401.65" angle="-90.00" type="DEFAULT_VEHTYPE" speed="13.68" pos="69.19" lane="2/2to1/2_0" slope="0.00"/>
        <vehicle id="15" x="407.35" y="401.65" angle="-90.00" type="DEFAULT_VEHTYPE" speed="0.13" pos="187.90" lane="3/2to2/2_0" slope="0.00"/>
        <vehicle id="16" x="275.15" y="598.35" angle="90.00" type="DEFAULT_VEHTYPE" speed="13.80" pos="70.40" lane="1/3to2/3_0" slope="0.00"/>
        <vehicle id="17" x="543.82" y="601.65" angle="-90.00" type="DEFAULT_VEHTYPE" speed="12.81" pos="51.43" lane="3/3to2/3_0" slope="0.00"/>
        <vehicle id="18" x="596.84" y="601.65" angle="-90.00" type="DEFAULT_VEHTYPE" speed="7.18" pos="7.91" lane=":3/3_5_0" slope="0.00"/>
        <vehicle id="19" x="374.28" y="401.65" angle="-90.00" type="DEFAULT_VEHTYPE" speed="12.82" pos="20.97" lane="2/2to1/2_0" slope="0.00"/>
        <vehicle id="2" x="398.35" y="392.28" angle="6.18" type="DEFAULT_VEHTYPE" speed="8.48" pos="2.97" lane="2/2to2/1_0" slope="0.00"/>
        <vehicle id="20" x="571.80" y="198.35" angle="90.00" type="DEFAULT_VEHTYPE" speed="9.73" pos="167.05" lane="2/1to3/1_0" slope="0.00"/>
        <vehicle id="21" x="459.96" y="401.65" angle="-90.00" type="DEFAULT_VEHTYPE" speed="13.63" pos="135.29" lane="3/2to2/2_0" slope="0.00"/>
        <vehicle id="22" x="398.35" y="218.55" angle="0.00" type="DEFAULT_VEHTYPE" speed="9.09" pos="176.70" lane="2/2to2/1_0" slope="0.00"/>
        <vehicle id="23" x="372.81" y="398.35" angle="90.00" type="DEFAULT_VEHTYPE" speed="12.08" pos="168.06" lane="1/2to2/2_0" slope="0.00"/>
        <vehicle id="24" x="598.35" y="438.68" angle="0.00" type="DEFAULT_VEHTYPE" speed="12.73" pos="156.57" lane="3/3to3/2_0" slope="0.00"/>
        <vehicle id="3" x="201.65" y="244.68" angle="180.00" type="DEFAULT_VEHTYPE" speed="13.59" pos="39.93" lane="1/1to1/2_0" slope="0.00"/>
        <vehicle id="4" x="275.92" y="201.65" angle="-90.00" type="DEFAULT_VEHTYPE" speed="12.71" pos="119.33" lane="2/1to1/1_0" slope="0.00"/>
        <vehicle id="5" x="413.55" y="598.35" angle="90.00" type="DEFAULT_VEHTYPE" speed="13.74" pos="8.80" lane="2/3to3/3_0" slope="0.00"/>
        <vehicle id="6" x="209.31" y="201.65" angle="-90.00" type="DEFAULT_VEHTYPE" speed="3.66" pos="185.94" lane="2/1to1/1_0" slope="0.00"/>
        <vehicle id="7" x="201.65" y="352.18" angle="180.00" type="DEFAULT_VEHTYPE" speed="13.05" pos="147.43" lane="1/1to1/2_0" slope="0.00"/>
        <vehicle id="8" x="418.31" y="401.65" angle="-90.00" type="DEFAULT_VEHTYPE" speed="3.17" pos="176.94" lane="3/2to2/2_0" slope="0.00"/>
        <vehicle id="9" x="201.65" y="523.86" angle="180.00" type="DEFAULT_VEHTYPE" speed="12.64" pos="119.11" lane="1/2to1/3_0" slope="0.00"/>
    </timestep>
    <timestep time="57.00">
        <vehicle id="0" x="599.48" y="199.61" angle="104.88" type="DEFAULT_VEHTYPE" speed="5.39" pos="4.50" lane=":3/1_14_0" slope="0.00"/>
        <vehicle id="1" x="392.39" y="198.35" angle="90.00" type="DEFAULT_VEHTYPE" speed="1.35" pos="187.64" lane="1/1to2/1_0" slope="0.00"/>
        <vehicle id="10" x="458.14" y="201.65" angle="-90.00" type="DEFAULT_VEHTYPE" speed="13.14" pos="137.11" lane="3/1to2/1_0" slope="0.00"/>
        <vehicle id="11" x="398.35" y="420.16" angle="0.00" type="DEFAULT_VEHTYPE" speed="12.63" pos="175.09" lane="2/3to2/2_0" slope="0.00"/>
        <vehicle id="12" x="693.29" y="198.35" angle="90.00" type="DEFAULT_VEHTYPE" speed="12.76" pos="88.54" lane="3/1to4/1_0" slope="0.00"/>
        <vehicle id="14" x="312.66" y="401.65" angle="-90.00" type="DEFAULT_VEHTYPE" speed="13.41" pos="82.59" lane="2/2to1/2_0" slope="0.00"/>
        <vehicle id="15" x="407.28" y="401.65" angle="-90.00" type="DEFAULT_VEHTYPE" speed="0.07" pos="187.97" lane="3/2to2/2_0" slope="0.00"/>
        <vehicle id="16" x="288.42" y="598.35" angle="90.00" type="DEFAULT_VEHTYPE" speed="13.27" pos="83.67" lane="1/3to2/3_0" slope="0.00"/>
        <vehicle id="17" x="530.86" y="601.65" angle="-90.00" type="DEFAULT_VEHTYPE" speed="12.96" pos="64.39" lane="3/3to2/3_0" slope="0.00"/>
        <vehicle id="18" x="587.25" y="601.65" angle="-90.00" type="DEFAULT_VEHTYPE" speed="9.59" pos="8.00" lane="3/3to2/3_0" slope="0.00"/>
        <vehicle id="19" x="360.69" y="401.65" angle="-90.00" type="DEFAULT_VEHTYPE" speed="13.59" pos="34.56" lane="2/2to1/2_0" slope="0.00"/>
        <vehicle id="2" x="398.35" y="381.86" angle="0.00" type="DEFAULT_VEHTYPE" speed="10.42" pos="13.39" lane="2/2to2/1_0" slope="0.00"/>
        <vehicle id="20" x="578.85" y="198.35" angle="90.00" type="DEFAULT_VEHTYPE" speed="7.05" pos="174.10" lane="2/1to3/1_0" slope="0.00"/>
        <vehicle id="21" x="447.18" y="401.65" angle="-90.00" type="DEFAULT_VEHTYPE" speed="12.78" pos="148.07" lane="3/2to2/2_0" slope="0.00"/>
        <vehicle id="22" x="398.35" y="212.35" angle="0.00" type="DEFAULT_VEHTYPE" speed="6.20" pos="182.90" lane="2/2to2/1_0" slope="0.00"/>
        <vehicle id="23" x="381.26" y="398.35" angle="90.00" type="DEFAULT_VEHTYPE" speed="8.44" pos="176.51" lane="1/2to2/2_0" slope="0.00"/>
        <vehicle id="24" x="598.35" y="425.38" angle="0.00" type="DEFAULT_VEHTYPE" speed="13.31" pos="169.87" lane="3/3to3/2_0" slope="0.00"/>
        <vehicle id="3" x="201.65" y="257.34" angle="180.00" type="DEFAULT_VEHTYPE" speed="12.66" pos="52.59" lane="1/1to1/2_0" slope="0.00"/>
        <vehicle id="4" x="263.15" y="201.65" angle="-90.00" type="DEFAULT_VEHTYPE" speed="12.77" pos="132.10" lane="2/1to1/1_0" slope="0.00"/>
        <vehicle id="5" x="427.16" y="598.35" angle="90.00" type="DEFAULT_VEHTYPE" speed="13.61" pos="22.41" lane="2/3to3/3_0" slope="0.00"/>
        <vehicle id="6" x="203.14" y="201.99" angle="-93.94" type="DEFAULT_VEHTYPE" speed="6.23" pos="1.66" lane=":1/1_4_0" slope="0.00"/>
        <vehicle id="7" x="201.65" y="365.57" angle="180.00" type="DEFAULT_VEHTYPE" speed="13.39" pos="160.82" lane="1/1to1/2_0" slope="0.00"/>
        <vehicle id="8" x="416.26" y="401.65" angle="-90.00" type="DEFAULT_VEHTYPE" speed="2.05" pos="178.99" lane="3/2to2/2_0" slope="0.00"/>
        <vehicle id="9" x="201.65" y="537.44" angle="180.00" type="DEFAULT_VEHTYPE" speed="13.58" pos="132.69" lane="1/2to1/3_0" slope="0.00"/>
    </timestep>
    <timestep time="58.00">
        <vehicle id="0" x="601.65" y="206.13" angle="170.54" type="DEFAULT_VEHTYPE" speed="7.20" pos="1.38" lane="3/1to3/2_0" slope="0.00"/>
        <vehicle id="1" x="392.62" y="198.35" angle="90.00" type="DEFAULT_VEHTYPE" speed="0.23" pos="187.87" lane="1/1to2/1_0" slope="0.00"/>
        <vehicle id="10" x="444.49" y="201.65" angle="-90.00" type="DEFAULT_VEHTYPE" speed="13.66" pos="150.76" lane="3/1to2/1_0" slope="0.00"/>
        <vehicle id="11" x="398.35" y="406.72" angle="0.00" type="DEFAULT_VEHTYPE" speed="13.44" pos="188.53" lane="2/3to2/2_0" slope="0.00"/>
        <vehicle id="12" x="706.32" y="198.35" angle="90.00" type="DEFAULT_VEHTYPE" speed="13.02" pos="101.57" lane="3/1to4/1_0" slope="0.00"/>
        <vehicle id="14" x="299.75" y="401.65" angle="-90.00" type="DEFAULT_VEHTYPE" speed="12.91" pos="95.50" lane="2/2to1/2_0" slope="0.00"/>
        <vehicle id="15" x="407.26" y="401.65" angle="-90.00" type="DEFAULT_VEHTYPE" speed="0.02" pos="187.99" lane="3/2to2/2_0" slope="0.00"/>
        <vehicle id="16" x="301.13" y="598.35" angle="90.00" type="DEFAULT_VEHTYPE" speed="12.71" pos="96.38" lane="1/3to2/3_0" slope="0.00"/>
        <vehicle id="17" x="518.00" y="601.65" angle="-90.00" type="DEFAULT_VEHTYPE" speed="12.86" pos="77.25" lane="3/3to2/3_0" slope="0.00"/>
        <vehicle id="18" x="575.75" y="601.65" angle="-90.00" type="DEFAULT_VEHTYPE" speed="11.50" pos="19.50" lane="3/3to2/3_0" slope="0.00"/>
        <vehicle id="19" x="347.90" y="401.65" angle="-90.00" type="DEFAULT_VEHTYPE" speed="12.79" pos="47.35" lane="2/2to1/2_0" slope="0.00"/>
        <vehicle id="2" x="398.35" y="369.41" angle="0.00" type="DEFAULT_VEHTYPE" speed="12.45" pos="25.84" lane="2/2to2/1_0" slope="0.00"/>
        <vehicle id="20" x="586.02" y="198.35" angle="90.00" type="DEFAULT_VEHTYPE" speed="7.18" pos="181.27" lane="2/1to3/1_0" slope="0.00"/>
        <vehicle id="21" x="436.72" y="401.65" angle="-90.00" type="DEFAULT_VEHTYPE" speed="10.45" pos="158.53" lane="3/2to2/2_0" slope="0.00"/>
        <vehicle id="22" x="398.35" y="209.42" angle="0.00" type="DEFAULT_VEHTYPE" speed="2.93" pos="185.83" lane="2/2to2/1_0" slope="0.00"/>
        <vehicle id="23" x="387.10" y="398.35" angle="90.00" type="DEFAULT_VEHTYPE" speed="5.84" pos="182.35" lane="1/2to2/2_0" slope="0.00"/>
        <vehicle id="24" x="598.35" y="412.17" angle="0.00" type="DEFAULT_VEHTYPE" speed="13.21" pos="183.08" lane="3/3to3/2_0" slope="0.00"/>
        <vehicle id="3" x="201.65" y="270.86" angle="180.00" type="DEFAULT_VEHTYPE" speed="13.51" pos="66.11" lane="1/1to1/2_0" slope="0.00"/>
        <vehicle id="4" x="249.42" y="201.65" angle="-90.00" type="DEFAULT_VEHTYPE" speed="13.73" pos="145.83" lane="2/1to1/1_0" slope="0.00"/>
        <vehicle id="5" x="441.05" y="598.35" angle="90.00" type="DEFAULT_VEHTYPE" speed="13.89" pos="36.30" lane="2/3to3/3_0" slope="0.00"/>
        <vehicle id="6" x="201.65" y="210.03" angle="180.00" type="DEFAULT_VEHTYPE" speed="8.61" pos="5.28" lane="1/1to1/2_0" slope="0.00"/>
        <vehicle id="7" x="201.65" y="378.35" angle="180.00" type="DEFAULT_VEHTYPE" speed="12.78" pos="173.60" lane="1/1to1/2_0" slope="0.00"/>
        <vehicle id="8" x="415.45" y="401.65" angle="-90.00" type="DEFAULT_VEHTYPE" speed="0.81" pos="179.80" lane="3/2to2/2_0" slope="0.00"/>
        <vehicle id="9" x="201.65" y="550.45" angle="180.00" type="DEFAULT_VEHTYPE" speed="13.01" pos="145.70" lane="1/2to1/3_0" slope="0.00"/>
    </timestep>
    <timestep time="59.00">
        <vehicle id="0" x="601.65" y="215.84" angle="180.00" type="DEFAULT_VEHTYPE" speed="9.72" pos="11.09" lane="3/1to3/2_0" slope="0.00"/>
        <vehicle id="1" x="392.74" y="198.35" angle="90.00" type="DEFAULT_VEHTYPE" speed="0.12" pos="187.99" lane="1/1to2/1_0" slope="0.00"/>
        <vehicle id="10" x="430.89" y="201.65" angle="-90.00" type="DEFAULT_VEHTYPE" speed="13.59" pos="164.36" lane="3/1to2/1_0" slope="0.00"/>
        <vehicle id="11" x="388.89" y="401.65" angle="-90.00" type="DEFAULT_VEHTYPE" speed="13.33" pos="6.36" lane="2/2to1/2_0" slope="0.00"/>
        <vehicle id="12" x="719.64" y="198.35" angle="90.00" type="DEFAULT_VEHTYPE" speed="13.32" pos="114.89" lane="3/1to4/1_0" slope="0.00"/>
        <vehicle id="14" x="286.28" y="401.65" angle="-90.00" type="DEFAULT_VEHTYPE" speed="13.47" pos="108.97" lane="2/2to1/2_0" slope="0.00"/>
        <vehicle id="15" x="407.25" y="401.65" angle="-90.00" type="DEFAULT_VEHTYPE" speed="0.01" pos="188.00" lane="3/2to2/2_0" slope="0.00"/>
        <vehicle id="16" x="314.56" y="598.35" angle="90.00" type="DEFAULT_VEHTYPE" speed="13.43" pos="109.81" lane="1/3to2/3_0" slope="0.00"/>
        <vehicle id="17" x="504.74" y="601.65" angle="-90.00" type="DEFAULT_VEHTYPE" speed="13.25" pos="90.51" lane="3/3to2/3_0" slope="0.00"/>
        <vehicle id="18" x="562.33" y="601.65" angle="-90.00" type="DEFAULT_VEHTYPE" speed="13.42" pos="32.92" lane="3/3to2/3_0" slope="0.00"/>
        <vehicle id="19" x="334.81" y="401.65" angle="-90.00" type="DEFAULT_VEHTYPE" speed="13.09" pos="60.44" lane="2/2to1/2_0" slope="0.00"/>
        <vehicle id="2" x="398.35" y="356.27" angle="0.00" type="DEFAULT_VEHTYPE" speed="13.14" pos="38.98" lane="2/2to2/1_0" slope="0.00"/>
        <vehicle id="20" x="590.04" y="198.35" angle="90.00" type="DEFAULT_VEHTYPE" speed="4.02" pos="185.29" lane="2/1to3/1_0" slope="0.00"/>
        <vehicle id="21" x="429.85" y="401.65" angle="-90.00" type="DEFAULT_VEHTYPE" speed="6.87" pos="165.40" lane="3/2to2/2_0" slope="0.00"/>
        <vehicle id="22" x="398.46" y="203.97" angle="1.27" type="DEFAULT_VEHTYPE" speed="5.45" pos="0.78" lane=":2/1_2_0" slope="0.00"/>
        <vehicle id="23" x="389.93" y="398.35" angle="90.00" type="DEFAULT_VEHTYPE" speed="2.83" pos="185.18" lane="1/2to2/2_0" slope="0.00"/>
        <vehicle id="24" x="594.08" y="401.65" angle="-64.69" type="DEFAULT_VEHTYPE" speed="13.59" pos="1.17" lane="3/2to2/2_0" slope="0.00"/>
        <vehicle id="3" x="201.65" y="283.90" angle="180.00" type="DEFAULT_VEHTYPE" speed="13.05" pos="79.15" lane="1/1to1/2_0" slope="0.00"/>
        <vehicle id="4" x="235.76" y="201.65" angle="-90.00" type="DEFAULT_VEHTYPE" speed="13.67" pos="159.49" lane="2/1to1/1_0" slope="0.00"/>
        <vehicle id="5" x="454.72" y="598.35" angle="90.00" type="DEFAULT_VEHTYPE" speed="13.68" pos="49.97" lane="2/3to3/3_0" slope="0.00"/>
        <vehicle id="6" x="201.65" y="220.73" angle="180.00" type="DEFAULT_VEHTYPE" speed="10.70" pos="15.98" lane="1/1to1/2_0" slope="0.00"/>
        <vehicle id="7" x="201.65" y="391.28" angle="180.00" type="DEFAULT_VEHTYPE" speed="12.93" pos="186.53" lane="1/1to1/2_0" slope="0.00"/>
        <vehicle id="8" x="415.02" y="401.65" angle="-90.00" type="DEFAULT_VEHTYPE" speed="0.43" pos="180.23" lane="3/2to2/2_0" slope="0.00"/>
        <vehicle id="9" x="201.65" y="563.28" angle="180.00" type="DEFAULT_VEHTYPE" speed="12.84" pos="158.53" lane="1/2to1/3_0" slope="0.00"/>
    </timestep>
    <timestep time="60.00">
        <vehicle id="0" x="601.65" y="227.70" angle="180.00" type="DEFAULT_VEHTYPE" speed="11.86" pos="22.95" lane="3/1to3/2_0" slope="0.00"/>
        <vehicle id="1" x="392.74" y="198.35" angle="90.00" type="DEFAULT_VEHTYPE" speed="0.00" pos="187.99" lane="1/1to2/1_0" slope="0.00"/>
        <vehicle id="10" x="420.37" y="201.65" angle="-90.00" type="DEFAULT_VEHTYPE" speed="10.53" pos="174.88" lane="3/1to2/1_0" slope="0.00"/>
        <vehicle id="11" x="375.59" y="401.65" angle="-90.00" type="DEFAULT_VEHTYPE" speed="13.30" pos="19.66" lane="2/2to1/2_0" slope="0.00"/>
        <vehicle id="12" x="732.99" y="198.35" angle="90.00" type="DEFAULT_VEHTYPE" speed="13.35" pos="128.24" lane="3/1to4/1_0" slope="0.00"/>
        <vehicle id="14" x="273.62" y="401.65" angle="-90.00" type="DEFAULT_VEHTYPE" speed="12.66" pos="121.63" lane="2/2to1/2_0" slope="0.00"/>
        <vehicle id="15" x="407.25" y="401.65" angle="-90.00" type="DEFAULT_VEHTYPE" speed="0.00" pos="188.00" lane="3/2to2/2_0" slope="0.00"/>
        <vehicle id="16" x="328.44" y="598.35" angle="90.00" type="DEFAULT_VEHTYPE" speed="13.88" pos="123.69" lane="1/3to2/3_0" slope="0.00"/>
        <vehicle id="17" x="491.74" y="601.65" angle="-90.00" type="DEFAULT_VEHTYPE" speed="13.00" pos="103.51" lane="3/3to2/3_0" slope="0.00"/>
        <vehicle id="18" x="549.72" y="601.65" angle="-90.00" type="DEFAULT_VEHTYPE" speed="12.61" pos="45.53" lane="3/3to2/3_0" slope="0.00"/>
        <vehicle id="19" x="321.13" y="401.65" angle="-90.00" type="DEFAULT_VEHTYPE" speed="13.69" pos="74.12" lane="2/2to1/2_0" slope="0.00"/>
        <vehicle id="2" x="398.35" y="342.89" angle="0.00" type="DEFAULT_VEHTYPE" speed="13.38" pos="52.36" lane="2/2to2/1_0" slope="0.00"/>
        <vehicle id="20" x="595.68" y="198.35" angle="90.00" type="DEFAULT_VEHTYPE" speed="5.64" pos="0.43" lane=":3/1_13_0" slope="0.00"/>
        <vehicle id="21" x="425.78" y="401.65" angle="-90.00" type="DEFAULT_VEHTYPE" speed="4.07" pos="169.47" lane="3/2to2/2_0" slope="0.00"/>
        <vehicle id="22" x="402.44" y="198.68" angle="49.02" type="DEFAULT_VEHTYPE" speed="7.20" pos="0.85" lane=":2/1_16_0" slope="0.00"/>
        <vehicle id="23" x="394.85" y="398.35" angle="90.00" type="DEFAULT_VEHTYPE" speed="4.92" pos="190.10" lane="1/2to2/2_0" slope="0.00"/>
        <vehicle id="24" x="580.97" y="401.65" angle="-90.00" type="DEFAULT_VEHTYPE" speed="13.11" pos="14.28" lane="3/2to2/2_0" slope="0.00"/>
        <vehicle id="3" x="201.65" y="297.08" angle="180.00" type="DEFAULT_VEHTYPE" speed="13.18" pos="92.33" lane="1/1to1/2_0" slope="0.00"/>
        <vehicle id="4" x="223.90" y="201.65" angle="-90.00" type="DEFAULT_VEHTYPE" speed="11.85" pos="171.35" lane="2/1to1/1_0" slope="0.00"/>
        <vehicle id="5" x="468.38" y="598.35" angle="90.00" type="DEFAULT_VEHTYPE" speed="13.66" pos="63.63" lane="2/3to3/3_0" slope="0.00"/>
        <vehicle id="6" x="201.65" y="233.26" angle="180.00" type="DEFAULT_VEHTYPE" speed="12.53" pos="28.51" lane="1/1to1/2_0" slope="0.00"/>
        <vehicle id="7" x="201.65" y="404.17" angle="180.00" type="DEFAULT_VEHTYPE" speed="12.90" pos="8.92" lane=":1/2_9_0" slope="0.00"/>
        <vehicle id="8" x="414.76" y="401.65" angle="-90.00" type="DEFAULT_VEHTYPE" speed="0.26" pos="180.49" lane="3/2to2/2_0" slope="0.00"/>
        <vehicle id="9" x="201.65" y="575.89" angle="180.00" type="DEFAULT_VEHTYPE" speed="12.61" pos="171.14" lane="1/2to1/3_0" slope="0.00"/>
    </timestep>
    <timestep time="61.00">
        <vehicle id="0" x="601.65" y="241.50" angle="180.00" type="DEFAULT_VEHTYPE" speed="13.80" pos="36.75" lane="3/1to3/2_0" slope="0.00"/>
        <vehicle id="1" x="392.74" y="198.35" angle="90.00" type="DEFAULT_VEHTYPE" speed="0.00" pos="187.99" lane="1/1to2/1_0" slope="0.00"/>
        <vehicle id="10" x="414.34" y="201.65" angle="-90.00" type="DEFAULT_VEHTYPE" speed="6.03" pos="180.91" lane="3/1to2/1_0" slope="0.00"/>
        <vehicle id="11" x="361.81" y="401.65" angle="-90.00" type="DEFAULT_VEHTYPE" speed="13.77" pos="33.44" lane="2/2to1/2_0" slope="0.00"/>
        <vehicle id="12" x="746.38" y="198.35" angle="90.00" type="DEFAULT_VEHTYPE" speed="13.39" pos="141.63" lane="3/1to4/1_0" slope="0.00"/>
        <vehicle id="14" x="260.02" y="401.65" angle="-90.00" type="DEFAULT_VEHTYPE" speed="13.60" pos="135.23" lane="2/2to1/2_0" slope="0.00"/>
        <vehicle id="15" x="407.25" y="401.65" angle="-90.00" type="DEFAULT_VEHTYPE" speed="0.00" pos="188.00" lane="3/2to2/2_0" slope="0.00"/>
        <vehicle id="16" x="341.16" y="598.35" angle="90.00" type="DEFAULT_VEHTYPE" speed="12.72" pos="136.41" lane="1/3to2/3_0" slope="0.00"/>
        <vehicle id="17" x="478.07" y="601.65" angle="-90.00" type="DEFAULT_VEHTYPE" speed="13.68" pos="117.18" lane="3/3to2/3_0" slope="0.00"/>
        <vehicle id="18" x="535.86" y="601.65" angle="-90.00" type="DEFAULT_VEHTYPE" speed="13.86" pos="59.39" lane="3/3to2/3_0" slope="0.00"/>
        <vehicle id="19" x="308.18" y="401.65" angle="-90.00" type="DEFAULT_VEHTYPE" speed="12.94" pos="87.07" lane="2/2to1/2_0" slope="0.00"/>
        <vehicle id="2" x="398.35" y="329.77" angle="0.00" type="DEFAULT_VEHTYPE" speed="13.12" pos="65.48" lane="2/2to2/1_0" slope="0.00"/>
        <vehicle id="20" x="603.47" y="198.35" angle="90.00" type="DEFAULT_VEHTYPE" speed="7.79" pos="8.22" lane=":3/1_13_0" slope="0.00"/>
        <vehicle id="21" x="424.21" y="401.65" angle="-90.00" type="DEFAULT_VEHTYPE" speed="1.57" pos="171.04" lane="3/2to2/2_0" slope="0.00"/>
        <vehicle id="22" x="411.99" y="198.35" angle="90.00" type="DEFAULT_VEHTYPE" speed="9.57" pos="7.24" lane="2/1to3/1_0" slope="0.00"/>
        <vehicle id="23" x="398.35" y="393.33" angle="15.66" type="DEFAULT_VEHTYPE" speed="7.31" pos="1.92" lane="2/2to2/1_0" slope="0.00"/>
        <vehicle id="24" x="567.96" y="401.65" angle="-90.00" type="DEFAULT_VEHTYPE" speed="13.01" pos="27.29" lane="3/2to2/2_0" slope="0.00"/>
        <vehicle id="3" x="201.65" y="309.77" angle="180.00" type="DEFAULT_VEHTYPE" speed="12.69" pos="105.02" lane="1/1to1/2_0" slope="0.00"/>
        <vehicle id="4" x="215.96" y="201.65" angle="-90.00" type="DEFAULT_VEHTYPE" speed="7.94" pos="179.29" lane="2/1to1/1_0" slope="0.00"/>
        <vehicle id="5" x="481.75" y="598.35" angle="90.00" type="DEFAULT_VEHTYPE" speed="13.37" pos="77.00" lane="2/3to3/3_0" slope="0.00"/>
        <vehicle id="6" x="201.65" y="246.11" angle="180.00" type="DEFAULT_VEHTYPE" speed="12.85" pos="41.36" lane="1/1to1/2_0" slope="0.00"/>
        <vehicle id="7" x="201.65" y="417.33" angle="180.00" type="DEFAULT_VEHTYPE" speed="13.15" pos="12.58" lane="1/2to1/3_0" slope="0.00"/>
        <vehicle id="8" x="414.75" y="401.65" angle="-90.00" type="DEFAULT_VEHTYPE" speed="0.01" pos="180.50" lane="3/2to2/2_0" slope="0.00"/>
        <vehicle id="9" x="201.65" y="589.31" angle="180.00" type="DEFAULT_VEHTYPE" speed="13.41" pos="184.56" lane="1/2to1/3_0" slope="0.00"/>
    </timestep>
    <timestep time="62.00">
        <vehicle id="0" x="601.65" y="254.88" angle="180.00" type="DEFAULT_VEHTYPE" speed="13.38" pos="50.13" lane="3/1to3/2_0" slope="0.00"/>
        <vehicle id="1" x="395.33" y="198.35" angle="90.00" type="DEFAULT_VEHTYPE" speed="2.59" pos="0.08" lane=":2/1_13_0" slope="0.00"/>
        <vehicle id="10" x="410.31" y="201.65" angle="-90.00" type="DEFAULT_VEHTYPE" speed="4.03" pos="184.94" lane="3/1to2/1_0" slope="0.00"/>
        <vehicle id="11" x="348.49" y="401.65" angle="-90.00" type="DEFAULT_VEHTYPE" speed="13.33" pos="46.76" lane="2/2to1/2_0" slope="0.00"/>
        <vehicle id="12" x="759.96" y="198.35" angle="90.00" type="DEFAULT_VEHTYPE" speed="13.58" pos="155.21" lane="3/1to4/1_0" slope="0.00"/>
        <vehicle id="14" x="246.88" y="401.65" angle="-90.00" type="DEFAULT_VEHTYPE" speed="13.14" pos="148.37" lane="2/2to1/2_0" slope="0.00"/>
        <vehicle id="15" x="407.25" y="401.65" angle="-90.00" type="DEFAULT_VEHTYPE" speed="0.00" pos="188.00" lane="3/2to2/2_0" slope="0.00"/>
        <vehicle id="16" x="353.90" y="598.35" angle="90.00" type="DEFAULT_VEHTYPE" speed="12.74" pos="149.15" lane="1/3to2/3_0" slope="0.00"/>
        <vehicle id="17" x="465.43" y="601.65" angle="-90.00" type="DEFAULT_VEHTYPE" speed="12.64" pos="129.82" lane="3/3to2/3_0" slope="0.00"/>
        <vehicle id="18" x="522.17" y="601.65" angle="-90.00" type="DEFAULT_VEHTYPE" speed="13.69" pos="73.08" lane="3/3to2/3_0" slope="0.00"/>
        <vehicle id="19" x="295.46" y="401.65" angle="-90.00" type="DEFAULT_VEHTYPE" speed="12.72" pos="99.79" lane="2/2to1/2_0" slope="0.00"/>
        <vehicle id="2" x="398.35" y="316.62" angle="0.00" type="DEFAULT_VEHTYPE" speed="13.15" pos="78.63" lane="2/2to2/1_0" slope="0.00"/>
        <vehicle id="20" x="612.97" y="198.35" angle="90.00" type="DEFAULT_VEHTYPE" speed="9.50" pos="8.22" lane="3/1to4/1_0" slope="0.00"/>
        <vehicle id="21" x="422.92" y="401.65" angle="-90.00" type="DEFAULT_VEHTYPE" speed="1.29" pos="172.33" lane="3/2to2/2_0" slope="0.00"/>
        <vehicle id="22" x="423.71" y="198.35" angle="90.00" type="DEFAULT_VEHTYPE" speed="11.72" pos="18.96" lane="2/1to3/1_0" slope="0.00"/>
        <vehicle id="23" x="398.35" y="384.65" angle="0.00" type="DEFAULT_VEHTYPE" speed="8.68" pos="10.60" lane="2/2to2/1_0" slope="0.00"/>
        <vehicle id="24" x="555.25" y="401.65" angle="-90.00" type="DEFAULT_VEHTYPE" speed="12.71" pos="40.00" lane="3/2to2/2_0" slope="0.00"/>
        <vehicle id="3" x="201.65" y="323.33" angle="180.00" type="DEFAULT_VEHTYPE" speed="13.55" pos="118.58" lane="1/1to1/2_0" slope="0.00"/>
        <vehicle id="4" x="211.05" y="201.65" angle="-90.00" type="DEFAULT_VEHTYPE" speed="4.92" pos="184.20" lane="2/1to1/1_0" slope="0.00"/>
        <vehicle id="5" x="494.77" y="598.35" angle="90.00" type="DEFAULT_VEHTYPE" speed="13.01" pos="90.02" lane="2/3to3/3_0" slope="0.00"/>
        <vehicle id="6" x="201.65" y="259.13" angle="180.00" type="DEFAULT_VEHTYPE" speed="13.03" pos="54.38" lane="1/1to1/2_0" slope="0.00"/>
        <vehicle id="7" x="201.65" y="430.65" angle="180.00" type="DEFAULT_VEHTYPE" speed="13.33" pos="25.90" lane="1/2to1/3_0" slope="0.00"/>
        <vehicle id="8" x="414.75" y="401.65" angle="-90.00" type="DEFAULT_VEHTYPE" speed="0.00" pos="180.50" lane="3/2to2/2_0" slope="0.00"/>
        <vehicle id="9" x="206.59" y="598.35" angle="106.57" type="DEFAULT_VEHTYPE" speed="12.78" pos="1.84" lane="1/3to2/3_0" slope="0.00"/>
    </timestep>
    <timestep time="63.00">
        <vehicle id="0" x="601.65" y="267.81" angle="180.00" type="DEFAULT_VEHTYPE" speed="12.93" pos="63.06" lane="3/1to3/2_0" slope="0.00"/>
        <vehicle id="1" x="399.71" y="198.35" angle="90.00" type="DEFAULT_VEHTYPE" speed="4.38" pos="4.46" lane=":2/1_13_0" slope="0.00"/>
        <vehicle id="10" x="403.80" y="201.65" angle="-90.00" type="DEFAULT_VEHTYPE" speed="6.51" pos="0.95" lane=":2/1_5_0" slope="0.00"/>
        <vehicle id="11" x="334.81" y="401.65" angle="-90.00" type="DEFAULT_VEHTYPE" speed="13.68" pos="60.44" lane="2/2to1/2_0" slope="0.00"/>
        <vehicle id="12" x="773.40" y="198.35" angle="90.00" type="DEFAULT_VEHTYPE" speed="13.44" pos="168.65" lane="3/1to4/1_0" slope="0.00"/>
        <vehicle id="14" x="233.59" y="401.65" angle="-90.00" type="DEFAULT_VEHTYPE" speed="13.29" pos="161.66" lane="2/2to1/2_0" slope="0.00"/>
        <vehicle id="15" x="405.30" y="401.65" angle="-90.00" type="DEFAULT_VEHTYPE" speed="1.96" pos="189.95" lane="3/2to2/2_0" slope="0.00"/>
        <vehicle id="16" x="367.14" y="598.35" angle="90.00" type="DEFAULT_VEHTYPE" speed="13.24" pos="162.39" lane="1/3to2/3_0" slope="0.00"/>
        <vehicle id="17" x="451.90" y="601.65" angle="-90.00" type="DEFAULT_VEHTYPE" speed="13.53" pos="143.35" lane="3/3to2/3_0" slope="0.00"/>
        <vehicle id="18" x="508.49" y="601.65" angle="-90.00" type="DEFAULT_VEHTYPE" speed="13.68" pos="86.76" lane="3/3to2/3_0" slope="0.00"/>
        <vehicle id="19" x="282.52" y="401.65" angle="-90.00" type="DEFAULT_VEHTYPE" speed="12.94" pos="112.73" lane="2/2to1/2_0" slope="0.00"/>
        <vehicle id="2" x="398.35" y="302.90" angle="0.00" type="DEFAULT_VEHTYPE" speed="13.73" pos="92.35" lane="2/2to2/1_0" slope="0.00"/>
        <vehicle id="20" x="623.88" y="198.35" angle="90.00" type="DEFAULT_VEHTYPE" speed="10.90" pos="19.13" lane="3/1to4/1_0" slope="0.00"/>
        <vehicle id="21" x="422.42" y="401.65" angle="-90.00" type="DEFAULT_VEHTYPE" speed="0.50" pos="172.83" lane="3/2to2/2_0" slope="0.00"/>
        <vehicle id="22" x="436.99" y="198.35" angle="90.00" type="DEFAULT_VEHTYPE" speed="13.28" pos="32.24" lane="2/1to3/1_0" slope="0.00"/>
        <vehicle id="23" x="398.35" y="373.43" angle="0.00" type="DEFAULT_VEHTYPE" speed="11.23" pos="21.82" lane="2/2to2/1_0" slope="0.00"/>
        <vehicle id="24" x="541.87" y="401.65" angle="-90.00" type="DEFAULT_VEHTYPE" speed="13.38" pos="53.38" lane="3/2to2/2_0" slope="0.00"/>
        <vehicle id="3" x="201.65" y="336.36" angle="180.00" type="DEFAULT_VEHTYPE" speed="13.03" pos="131.61" lane="1/1to1/2_0" slope="0.00"/>
        <vehicle id="4" x="204.41" y="201.42" angle="-87.38" type="DEFAULT_VEHTYPE" speed="6.71" pos="0.41" lane=":1/1_7_0" slope="0.00"/>
        <vehicle id="5" x="508.20" y="598.35" angle="90.00" type="DEFAULT_VEHTYPE" speed="13.43" pos="103.45" lane="2/3to3/3_0" slope="0.00"/>
        <vehicle id="6" x="201.65" y="272.89" angle="180.00" type="DEFAULT_VEHTYPE" speed="13.76" pos="68.14" lane="1/1to1/2_0" slope="0.00"/>
        <vehicle id="7" x="201.65" y="443.79" angle="180.00" type="DEFAULT_VEHTYPE" speed="13.14" pos="39.04" lane="1/2to1/3_0" slope="0.00"/>
        <vehicle id="8" x="414.75" y="401.65" angle="-90.00" type="DEFAULT_VEHTYPE" speed="0.00" pos="180.50" lane="3/2to2/2_0" slope="0.00"/>
        <vehicle id="9" x="219.68" y="598.35" angle="90.00" type="DEFAULT_VEHTYPE" speed="13.09" pos="14.93" lane="1/3to2/3_0" slope="0.00"/>
    </timestep>
    <timestep time="64.00">
        <vehicle id="0" x="601.65" y="280.46" angle="180.00" type="DEFAULT_VEHTYPE" speed="12.65" pos="75.71" lane="3/1to3/2_0" slope="0.00"/>
        <vehicle id="1" x="405.91" y="198.35" angle="90.00" type="DEFAULT_VEHTYPE" speed="6.20" pos="1.16" lane="2/1to3/1_0" slope="0.00"/>
        <vehicle id="10" x="395.64" y="201.65" angle="-90.00" type="DEFAULT_VEHTYPE" speed="8.16" pos="9.11" lane=":2/1_5_0" slope="0.00"/>
        <vehicle id="11" x="321.93" y="401.65" angle="-90.00" type="DEFAULT_VEHTYPE" speed="12.87" pos="73.32" lane="2/2to1/2_0" slope="0.00"/>
        <vehicle id="12" x="786.80" y="198.35" angle="90.00" type="DEFAULT_VEHTYPE" speed="13.41" pos="182.05" lane="3/1to4/1_0" slope="0.00"/>
        <vehicle id="14" x="222.70" y="401.65" angle="-90.00" type="DEFAULT_VEHTYPE" speed="10.89" pos="172.55" lane="2/2to1/2_0" slope="0.00"/>
        <vehicle id="15" x="400.95" y="400.65" angle="-78.23" type="DEFAULT_VEHTYPE" speed="4.54" pos="4.00" lane=":2/2_6_0" slope="0.00"/>
        <vehicle id="16" x="377.51" y="598.35" angle="90.00" type="DEFAULT_VEHTYPE" speed="10.37" pos="172.76" lane="1/3to2/3_0" slope="0.00"/>
        <vehicle id="17" x="438.13" y="601.65" angle="-90.00" type="DEFAULT_VEHTYPE" speed="13.78" pos="157.12" lane="3/3to2/3_0" slope="0.00"/>
        <vehicle id="18" x="494.80" y="601.65" angle="-90.00" type="DEFAULT_VEHTYPE" speed="13.69" pos="100.45" lane="3/3to2/3_0" slope="0.00"/>
        <vehicle id="19" x="269.22" y="401.65" angle="-90.00" type="DEFAULT_VEHTYPE" speed="13.31" pos="126.03" lane="2/2to1/2_0" slope="0.00"/>
        <vehicle id="2" x="398.35" y="289.73" angle="0.00" type="DEFAULT_VEHTYPE" speed="13.17" pos="105.52" lane="2/2to2/1_0" slope="0.00"/>
        <vehicle id="20" x="636.35" y="198.35" angle="90.00" type="DEFAULT_VEHTYPE" speed="12.47" pos="31.60" lane="3/1to4/1_0" slope="0.00"/>
        <vehicle id="21" x="422.26" y="401.65" angle="-90.00" type="DEFAULT_VEHTYPE" speed="0.16" pos="172.99" lane="3/2to2/2_0" slope="0.00"/>
        <vehicle id="22" x="450.24" y="198.35" angle="90.00" type="DEFAULT_VEHTYPE" speed="13.25" pos="45.49" lane="2/1to3/1_0" slope="0.00"/>
        <vehicle id="23" x="398.35" y="360.45" angle="0.00" type="DEFAULT_VEHTYPE" speed="12.98" pos="34.80" lane="2/2to2/1_0" slope="0.00"/>
        <vehicle id="24" x="528.45" y="401.65" angle="-90.00" type="DEFAULT_VEHTYPE" speed="13.42" pos="66.80" lane="3/2to2/2_0" slope="0.00"/>
        <vehicle id="3" x="201.65" y="349.08" angle="180.00" type="DEFAULT_VEHTYPE" speed="12.72" pos="144.33" lane="1/1to1/2_0" slope="0.00"/>
        <vehicle id="4" x="209.39" y="198.35" angle="87.65" type="DEFAULT_VEHTYPE" speed="9.05" pos="4.64" lane="1/1to2/1_0" slope="0.00"/>
        <vehicle id="5" x="521.18" y="598.35" angle="90.00" type="DEFAULT_VEHTYPE" speed="12.98" pos="116.43" lane="2/3to3/3_0" slope="0.00"/>
        <vehicle id="6" x="201.65" y="285.64" angle="180.00" type="DEFAULT_VEHTYPE" speed="12.75" pos="80.89" lane="1/1to1/2_0" slope="0.00"/>
        <vehicle id="7" x="201.65" y="456.62" angle="180.00" type="DEFAULT_VEHTYPE" speed="12.83" pos="51.87" lane="1/2to1/3_0" slope="0.00"/>
        <vehicle id="8" x="413.13" y="401.65" angle="-90.00" type="DEFAULT_VEHTYPE" speed="1.63" pos="182.12" lane="3/2to2/2_0" slope="0.00"/>
        <vehicle id="9" x="232.42" y="598.35" angle="90.00" type="DEFAULT_VEHTYPE" speed="12.74" pos="27.67" lane="1/3to2/3_0" slope="0.00"/>
    </timestep>
    <timestep time="65.00">
        <vehicle id="0" x="601.65" y="294.25" angle="180.00" type="DEFAULT_VEHTYPE" speed="13.79" pos="89.50" lane="3/1to3/2_0" slope="0.00"/>
        <vehicle id="1" x="414.64" y="198.35" angle="90.00" type="DEFAULT_VEHTYPE" speed="8.73" pos="9.89" lane="2/1to3/1_0" slope="0.00"/>
        <vehicle id="10" x="385.64" y="201.65" angle="-90.00" type="DEFAULT_VEHTYPE" speed="10.00" pos="9.61" lane="2/1to1/1_0" slope="0.00"/>
        <vehicle id="11" x="308.51" y="401.65" angle="-90.00" type="DEFAULT_VEHTYPE" speed="13.42" pos="86.74" lane="2/2to1/2_0" slope="0.00"/>
        <vehicle id="12" x="800.00" y="198.35" angle="90.03" type="DEFAULT_VEHTYPE" speed="13.20" pos="0.01" lane=":4/1_0_0" slope="0.00"/>
        <vehicle id="14" x="214.97" y="401.65" angle="-90.00" type="DEFAULT_VEHTYPE" speed="7.73" pos="180.28" lane="2/2to1/2_0" slope="0.00"/>
        <vehicle id="15" x="398.37" y="395.37" angle="-18.60" type="DEFAULT_VEHTYPE" speed="6.20" pos="10.20" lane=":2/2_6_0" slope="0.00"/>
        <vehicle id="16" x="385.38" y="598.35" angle="90.00" type="DEFAULT_VEHTYPE" speed="7.87" pos="180.63" lane="1/3to2/3_0" slope="0.00"/>
        <vehicle id="17" x="426.27" y="601.65" angle="-90.00" type="DEFAULT_VEHTYPE" speed="11.86" pos="168.98" lane="3/3to2/3_0" slope="0.00"/>
        <vehicle id="18" x="481.26" y="601.65" angle="-90.00" type="DEFAULT_VEHTYPE" speed="13.54" pos="113.99" lane="3/3to2/3_0" slope="0.00"/>
        <vehicle id="19" x="256.25" y="401.65" angle="-90.00" type="DEFAULT_VEHTYPE" speed="12.97" pos="139.00" lane="2/2to1/2_0" slope="0.00"/>
        <vehicle id="2" x="398.35" y="276.15" angle="0.00" type="DEFAULT_VEHTYPE" speed="13.58" pos="119.10" lane="2/2to2/1_0" slope="0.00"/>
        <vehicle id="20" x="650.18" y="198.35" angle="90.00" type="DEFAULT_VEHTYPE" speed="13.83" pos="45.43" lane="3/1to4/1_0" slope="0.00"/>
        <vehicle id="21" x="421.24" y="401.65" angle="-90.00" type="DEFAULT_VEHTYPE" speed="1.03" pos="174.01" lane="3/2to2/2_0" slope="0.00"/>
        <vehicle id="22" x="463.47" y="198.35" angle="90.00" type="DEFAULT_VEHTYPE" speed="13.24" pos="58.72" lane="2/1to3/1_0" slope="0.00"/>
        <vehicle id="23" x="398.35" y="347.41" angle="0.00" type="DEFAULT_VEHTYPE" speed="13.03" pos="47.84" lane="2/2to2/1_0" slope="0.00"/>
        <vehicle id="24" x="515.33" y="401.65" angle="-90.00" type="DEFAULT_VEHTYPE" speed="13.12" pos="79.92" lane="3/2to2/2_0" slope="0.00"/>
        <vehicle id="3" x="201.65" y="362.53" angle="180.00" type="DEFAULT_VEHTYPE" speed="13.45" pos="157.78" lane="1/1to1/2_0" slope="0.00"/>
        <vehicle id="4" x="220.63" y="198.35" angle="90.00" type="DEFAULT_VEHTYPE" speed="11.24" pos="15.88" lane="1/1to2/1_0" slope="0.00"/>
        <vehicle id="5" x="534.01" y="598.35" angle="90.00" type="DEFAULT_VEHTYPE" speed="12.82" pos="129.26" lane="2/3to3/3_0" slope="0.00"/>
        <vehicle id="6" x="201.65" y="298.98" angle="180.00" type="DEFAULT_VEHTYPE" speed="13.34" pos="94.23" lane="1/1to1/2_0" slope="0.00"/>
        <vehicle id="7" x="201.65" y="469.81" angle="180.00" type="DEFAULT_VEHTYPE" speed="13.19" pos="65.06" lane="1/2to1/3_0" slope="0.00"/>
        <vehicle id="8" x="409.54" y="401.65" angle="-90.00" type="DEFAULT_VEHTYPE" speed="3.58" pos="185.71" lane="3/2to2/2_0" slope="0.00"/>
        <vehicle id="9" x="245.99" y="598.35" angle="90.00" type="DEFAULT_VEHTYPE" speed="13.58" pos="41.24" lane="1/3to2/3_0" slope="0.00"/>
    </timestep>
    <timestep time="66.00">
        <vehicle id="0" x="601.65" y="308.07" angle="180.00" type="DEFAULT_VEHTYPE" speed="13.82" pos="103.32" lane="3/1to3/2_0" slope="0.00"/>
        <vehicle id="1" x="425.14" y="198.35" angle="90.00" type="DEFAULT_VEHTYPE" speed="10.50" pos="20.39" lane="2/1to3/1_0" slope="0.00"/>
        <vehicle id="10" x="373.08" y="201.65" angle="-90.00" type="DEFAULT_VEHTYPE" speed="12.56" pos="22.17" lane="2/1to1/1_0" slope="0.00"/>
        <vehicle id="11" x="295.30" y="401.65" angle="-90.00" type="DEFAULT_VEHTYPE" speed="13.21" pos="99.95" lane="2/2to1/2_0" slope="0.00"/>
        <vehicle id="12" x="791.20" y="201.65" angle="-90.00" type="DEFAULT_VEHTYPE" speed="13.62" pos="8.80" lane="4/1to3/1_0" slope="0.00"/>
        <vehicle id="14" x="210.61" y="401.65" angle="-90.00" type="DEFAULT_VEHTYPE" speed="4.36" pos="184.64" lane="2/2to1/2_0" slope="0.00"/>
        <vehicle id="15" x="398.35" y="387.86" angle="0.00" type="DEFAULT_VEHTYPE" speed="7.51" pos="7.39" lane="2/2to2/1_0" slope="0.00"/>
        <vehicle id="16" x="388.99" y="598.35" angle="90.00" type="DEFAULT_VEHTYPE" speed="3.61" pos="184.24" lane="1/3to2/3_0" slope="0.00"/>
        <vehicle id="17" x="417.01" y="601.65" angle="-90.00" type="DEFAULT_VEHTYPE" speed="9.26" pos="178.24" lane="3/3to2/3_0" slope="0.00"/>
        <vehicle id="18" x="468.17" y="601.65" angle="-90.00" type="DEFAULT_VEHTYPE" speed="13.09" pos="127.08" lane="3/3to2/3_0" slope="0.00"/>
        <vehicle id="19" x="242.69" y="401.65" angle="-90.00" type="DEFAULT_VEHTYPE" speed="13.56" pos="152.56" lane="2/2to1/2_0" slope="0.00"/>
        <vehicle id="2" x="398.35" y="262.42" angle="0.00" type="DEFAULT_VEHTYPE" speed="13.74" pos="132.83" lane="2/2to2/1_0" slope="0.00"/>
        <vehicle id="20" x="663.78" y="198.35" angle="90.00" type="DEFAULT_VEHTYPE" speed="13.60" pos="59.03" lane="3/1to4/1_0" slope="0.00"/>
        <vehicle id="21" x="418.48" y="401.65" angle="-90.00" type="DEFAULT_VEHTYPE" speed="2.76" pos="176.77" lane="3/2to2/2_0" slope="0.00"/>
        <vehicle id="22" x="476.78" y="198.35" angle="90.00" type="DEFAULT_VEHTYPE" speed="13.31" pos="72.03" lane="2/1to3/1_0" slope="0.00"/>
        <vehicle id="23" x="398.35" y="334.04" angle="0.00" type="DEFAULT_VEHTYPE" speed="13.37" pos="61.21" lane="2/2to2/1_0" slope="0.00"/>
        <vehicle id="24" x="501.48" y="401.65" angle="-90.00" type="DEFAULT_VEHTYPE" speed="13.86" pos="93.77" lane="3/2to2/2_0" slope="0.00"/>
        <vehicle id="3" x="201.65" y="375.30" angle="180.00" type="DEFAULT_VEHTYPE" speed="12.77" pos="170.55" lane="1/1to1/2_0" slope="0.00"/>
        <vehicle id="4" x="233.73" y="198.35" angle="90.00" type="DEFAULT_VEHTYPE" speed="13.10" pos="28.98" lane="1/1to2/1_0" slope="0.00"/>
        <vehicle id="5" x="547.35" y="598.35" angle="90.00" type="DEFAULT_VEHTYPE" speed="13.34" pos="142.60" lane="2/3to3/3_0" slope="0.00"/>
        <vehicle id="6" x="201.65" y="312.62" angle="180.00" type="DEFAULT_VEHTYPE" speed="13.64" pos="107.87" lane="1/1to1/2_0" slope="0.00"/>
        <vehicle id="7" x="201.65" y="483.46" angle="180.00" type="DEFAULT_VEHTYPE" speed="13.65" pos="78.71" lane="1/2to1/3_0" slope="0.00"/>
        <vehicle id="8" x="404.19" y="401.65" angle="-90.00" type="DEFAULT_VEHTYPE" speed="5.35" pos="0.56" lane=":2/2_5_0" slope="0.00"/>
        <vehicle id="9" x="259.80" y="598.35" angle="90.00" type="DEFAULT_VEHTYPE" speed="13.80" pos="55.05" lane="1/3to2/3_0" slope="0.00"/>
    </timestep>
    <timestep time="67.00">
        <vehicle id="0" x="601.65" y="321.20" angle="180.00" type="DEFAULT_VEHTYPE" speed="13.13" pos="116.45" lane="3/1to3/2_0" slope="0.00"/>
        <vehicle id="1" x="437.98" y="198.35" angle="90.00" type="DEFAULT_VEHTYPE" speed="12.84" pos="33.23" lane="2/1to3/1_0" slope="0.00"/>
        <vehicle id="10" x="360.42" y="201.65" angle="-90.00" type="DEFAULT_VEHTYPE" speed="12.66" pos="34.83" lane="2/1to1/1_0" slope="0.00"/>
        <vehicle id="11" x="281.69" y="401.65" angle="-90.00" type="DEFAULT_VEHTYPE" speed="13.60" pos="113.56" lane="2/2to1/2_0" slope="0.00"/>
        <vehicle id="12" x="777.31" y="201.65" angle="-90.00" type="DEFAULT_VEHTYPE" speed="13.89" pos="22.69" lane="4/1to3/1_0" slope="0.00"/>
        <vehicle id="14" x="203.80" y="401.65" angle="-90.00" type="DEFAULT_VEHTYPE" speed="6.80" pos="0.95" lane=":1/2_5_0" slope="0.00"/>
        <vehicle id="15" x="398.35" y="377.79" angle="0.00" type="DEFAULT_VEHTYPE" speed="10.07" pos="17.46" lane="2/2to2/1_0" slope="0.00"/>
        <vehicle id="16" x="394.84" y="598.35" angle="90.00" type="DEFAULT_VEHTYPE" speed="5.85" pos="190.09" lane="1/3to2/3_0" slope="0.00"/>
        <vehicle id="17" x="411.43" y="601.65" angle="-90.00" type="DEFAULT_VEHTYPE" speed="5.58" pos="183.82" lane="3/3to2/3_0" slope="0.00"/>
        <vehicle id="18" x="454.79" y="601.65" angle="-90.00" type="DEFAULT_VEHTYPE" speed="13.37" pos="140.46" lane="3/3to2/3_0" slope="0.00"/>
        <vehicle id="19" x="231.67" y="401.65" angle="-90.00" type="DEFAULT_VEHTYPE" speed="11.02" pos="163.58" lane="2/2to1/2_0" slope="0.00"/>
        <vehicle id="2" x="398.35" y="248.92" angle="0.00" type="DEFAULT_VEHTYPE" speed="13.50" pos="146.33" lane="2/2to2/1_0" slope="0.00"/>
        <vehicle id="20" x="676.86" y="198.35" angle="90.00" type="DEFAULT_VEHTYPE" speed="13.08" pos="72.11" lane="3/1to4/1_0" slope="0.00"/>
        <vehicle id="21" x="414.19" y="401.65" angle="-90.00" type="DEFAULT_VEHTYPE" speed="4.29" pos="181.06" lane="3/2to2/2_0" slope="0.00"/>
        <vehicle id="22" x="490.38" y="198.35" angle="90.00" type="DEFAULT_VEHTYPE" speed="13.60" pos="85.63" lane="2/1to3/1_0" slope="0.00"/>
        <vehicle id="23" x="398.35" y="320.78" angle="0.00" type="DEFAULT_VEHTYPE" speed="13.26" pos="74.47" lane="2/2to2/1_0" slope="0.00"/>
        <vehicle id="24" x="487.94" y="401.65" angle="-90.00" type="DEFAULT_VEHTYPE" speed="13.53" pos="107.31" lane="3/2to2/2_0" slope="0.00"/>
        <vehicle id="3" x="201.65" y="389.04" angle="180.00" type="DEFAULT_VEHTYPE" speed="13.74" pos="184.29" lane="1/1to1/2_0" slope="0.00"/>
        <vehicle id="4" x="246.66" y="198.35" angle="90.00" type="DEFAULT_VEHTYPE" speed="12.93" pos="41.91" lane="1/1to2/1_0" slope="0.00"/>
        <vehicle id="5" x="560.69" y="598.35" angle="90.00" type="DEFAULT_VEHTYPE" speed="13.35" pos="155.94" lane="2/3to3/3_0" slope="0.00"/>
        <vehicle id="6" x="201.65" y="325.56" angle="180.00" type="DEFAULT_VEHTYPE" speed="12.93" pos="120.81" lane="1/1to1/2_0" slope="0.00"/>
        <vehicle id="7" x="201.65" y="497.27" angle="180.00" type="DEFAULT_VEHTYPE" speed="13.81" pos="92.52" lane="1/2to1/3_0" slope="0.00"/>
        <vehicle id="8" x="397.48" y="401.65" angle="-90.00" type="DEFAULT_VEHTYPE" speed="6.71" pos="7.27" lane=":2/2_5_0" slope="0.00"/>
        <vehicle id="9" x="272.57" y="598.35" angle="90.00" type="DEFAULT_VEHTYPE" speed="12.77" pos="67.82" lane="1/3to2/3_0" slope="0.00"/>
    </timestep>
    <timestep time="68.00">
        <vehicle id="0" x="601.65" y="334.33" angle="180.00" type="DEFAULT_VEHTYPE" speed="13.13" pos="129.58" lane="3/1to3/2_0" slope="0.00"/>
        <vehicle id="1" x="451.61" y="198.35" angle="90.00" type="DEFAULT_VEHTYPE" speed="13.63" pos="46.86" lane="2/1to3/1_0" slope="0.00"/>
        <vehicle id="10" x="347.17" y="201.65" angle="-90.00" type="DEFAULT_VEHTYPE" speed="13.25" pos="48.08" lane="2/1to1/1_0" slope="0.00"/>
        <vehicle id="11" x="269.03" y="401.65" angle="-90.00" type="DEFAULT_VEHTYPE" speed="12.66" pos="126.22" lane="2/2to1/2_0" slope="0.00"/>
        <vehicle id="12" x="764.25" y="201.65" angle="-90.00" type="DEFAULT_VEHTYPE" speed="13.06" pos="35.75" lane="4/1to3/1_0" slope="0.00"/>
        <vehicle id="14" x="194.92" y="401.65" angle="-90.00" type="DEFAULT_VEHTYPE" speed="8.89" pos="0.33" lane="1/2to0/2_0" slope="0.00"/>
        <vehicle id="15" x="398.35" y="366.05" angle="0.00" type="DEFAULT_VEHTYPE" speed="11.74" pos="29.20" lane="2/2to2/1_0" slope="0.00"/>
        <vehicle id="16" x="400.90" y="601.37" angle="125.63" type="DEFAULT_VEHTYPE" speed="7.23" pos="6.82" lane=":2/3_14_0" slope="0.00"/>
        <vehicle id="17" x="404.55" y="601.62" angle="-89.68" type="DEFAULT_VEHTYPE" speed="6.88" pos="0.20" lane=":2/3_6_0" slope="0.00"/>
        <vehicle id="18" x="441.79" y="601.65" angle="-90.00" type="DEFAULT_VEHTYPE" speed="13.01" pos="153.46" lane="3/3to2/3_0" slope="0.00"/>
        <vehicle id="19" x="221.05" y="401.65" angle="-90.00" type="DEFAULT_VEHTYPE" speed="10.62" pos="174.20" lane="2/2to1/2_0" slope="0.00"/>
        <vehicle id="2" x="398.35" y="235.73" angle="0.00" type="DEFAULT_VEHTYPE" speed="13.19" pos="159.52" lane="2/2to2/1_0" slope="0.00"/>
        <vehicle id="20" x="690.51" y="198.35" angle="90.00" type="DEFAULT_VEHTYPE" speed="13.65" pos="85.76" lane="3/1to4/1_0" slope="0.00"/>
        <vehicle id="21" x="410.49" y="401.65" angle="-90.00" type="DEFAULT_VEHTYPE" speed="3.70" pos="184.76" lane="3/2to2/2_0" slope="0.00"/>
        <vehicle id="22" x="503.68" y="198.35" angle="90.00" type="DEFAULT_VEHTYPE" speed="13.30" pos="98.93" lane="2/1to3/1_0" slope="0.00"/>
        <vehicle id="23" x="398.35" y="307.83" angle="0.00" type="DEFAULT_VEHTYPE" speed="12.95" pos="87.42" lane="2/2to2/1_0" slope="0.00"/>
        <vehicle id="24" x="474.08" y="401.65" angle="-90.00" type="DEFAULT_VEHTYPE" speed="13.86" pos="121.17" lane="3/2to2/2_0" slope="0.00"/>
        <vehicle id="3" x="206.62" y="398.35" angle="106.25" type="DEFAULT_VEHTYPE" speed="13.07" pos="1.87" lane="1/2to2/2_0" slope="0.00"/>
        <vehicle id="4" x="260.27" y="198.35" angle="90.00" type="DEFAULT_VEHTYPE" speed="13.62" pos="55.52" lane="1/1to2/1_0" slope="0.00"/>
        <vehicle id="5" x="573.07" y="598.35" angle="90.00" type="DEFAULT_VEHTYPE" speed="12.37" pos="168.32" lane="2/3to3/3_0" slope="0.00"/>
        <vehicle id="6" x="201.65" y="338.68" angle="180.00" type="DEFAULT_VEHTYPE" speed="13.13" pos="133.93" lane="1/1to1/2_0" slope="0.00"/>
        <vehicle id="7" x="201.65" y="510.30" angle="180.00" type="DEFAULT_VEHTYPE" speed="13.03" pos="105.55" lane="1/2to1/3_0" slope="0.00"/>
        <vehicle id="8" x="389.29" y="401.65" angle="-90.00" type="DEFAULT_VEHTYPE" speed="8.19" pos="5.96" lane="2/2to1/2_0" slope="0.00"/>
        <vehicle id="9" x="285.68" y="598.35" angle="90.00" type="DEFAULT_VEHTYPE" speed="13.11" pos="80.93" lane="1/3to2/3_0" slope="0.00"/>
    </timestep>
    <timestep time="69.00">
        <vehicle id="0" x="601.65" y="347.87" angle="180.00" type="DEFAULT_VEHTYPE" speed="13.55" pos="143.12" lane="3/1to3/2_0" slope="0.00"/>
        <vehicle id="1" x="464.58" y="198.35" angle="90.00" type="DEFAULT_VEHTYPE" speed="12.97" pos="59.83" lane="2/1to3/1_0" slope="0.00"/>
        <vehicle id="10" x="333.99" y="201.65" angle="-90.00" type="DEFAULT_VEHTYPE" speed="13.18" pos="61.26" lane="2/1to1/1_0" slope="0.00"/>
        <vehicle id="11" x="255.34" y="401.65" angle="-90.00" type="DEFAULT_VEHTYPE" speed="13.69" pos="139.91" lane="2/2to1/2_0" slope="0.00"/>
        <vehicle id="12" x="751.63" y="201.65" angle="-90.00" type="DEFAULT_VEHTYPE" speed="12.62" pos="48.37" lane="4/1to3/1_0" slope="0.00"/>
        <vehicle id="14" x="184.59" y="401.65" angle="-90.00" type="DEFAULT_VEHTYPE" speed="10.33" pos="10.66" lane="1/2to0/2_0" slope="0.00"/>
        <vehicle id="15" x="398.35" y="353.31" angle="0.00" type="DEFAULT_VEHTYPE" speed="12.74" pos="41.94" lane="2/2to2/1_0" slope="0.00"/>
        <vehicle id="16" x="401.65" y="610.90" angle="180.00" type="DEFAULT_VEHTYPE" speed="9.65" pos="6.15" lane="2/3to2/4_0" slope="0.00"/>
        <vehicle id="17" x="398.48" y="596.13" angle="-26.09" type="DEFAULT_VEHTYPE" speed="9.23" pos="9.43" lane=":2/3_6_0" slope="0.00"/>
        <vehicle id="18" x="429.13" y="601.65" angle="-90.00" type="DEFAULT_VEHTYPE" speed="12.65" pos="166.12" lane="3/3to2/3_0" slope="0.00"/>
        <vehicle id="19" x="214.74" y="401.65" angle="-90.00" type="DEFAULT_VEHTYPE" speed="6.31" pos="180.51" lane="2/2to1/2_0" slope="0.00"/>
        <vehicle id="2" x="398.35" y="224.01" angle="0.00" type="DEFAULT_VEHTYPE" speed="11.72" pos="171.24" lane="2/2to2/1_0" slope="0.00"/>
        <vehicle id="20" x="703.70" y="198.35" angle="90.00" type="DEFAULT_VEHTYPE" speed="13.19" pos="98.95" lane="3/1to4/1_0" slope="0.00"/>
        <vehicle id="21" x="404.57" y="401.65" angle="-90.00" type="DEFAULT_VEHTYPE" speed="5.92" pos="0.18" lane=":2/2_5_0" slope="0.00"/>
        <vehicle id="22" x="516.63" y="198.35" angle="90.00" type="DEFAULT_VEHTYPE" speed="12.95" pos="111.88" lane="2/1to3/1_0" slope="0.00"/>
        <vehicle id="23" x="398.35" y="294.30" angle="0.00" type="DEFAULT_VEHTYPE" speed="13.54" pos="100.95" lane="2/2to2/1_0" slope="0.00"/>
        <vehicle id="24" x="461.13" y="401.65" angle="-90.00" type="DEFAULT_VEHTYPE" speed="12.95" pos="134.12" lane="3/2to2/2_0" slope="0.00"/>
        <vehicle id="3" x="220.10" y="398.35" angle="90.00" type="DEFAULT_VEHTYPE" speed="13.49" pos="15.35" lane="1/2to2/2_0" slope="0.00"/>
        <vehicle id="4" x="273.34" y="198.35" angle="90.00" type="DEFAULT_VEHTYPE" speed="13.07" pos="68.59" lane="1/1to2/1_0" slope="0.00"/>
        <vehicle id="5" x="581.38" y="598.35" angle="90.00" type="DEFAULT_VEHTYPE" speed="8.32" pos="176.63" lane="2/3to3/3_0" slope="0.00"/>
        <vehicle id="6" x="201.65" y="351.83" angle="180.00" type="DEFAULT_VEHTYPE" speed="13.14" pos="147.08" lane="1/1to1/2_0" slope="0.00"/>
        <vehicle id="7" x="201.65" y="523.63" angle="180.00" type="DEFAULT_VEHTYPE" speed="13.33" pos="118.88" lane="1/2to1/3_0" slope="0.00"/>
        <vehicle id="8" x="378.67" y="401.65" angle="-90.00" type="DEFAULT_VEHTYPE" speed="10.62" pos="16.58" lane="2/2to1/2_0" slope="0.00"/>
        <vehicle id="9" x="299.26" y="598.35" angle="90.00" type="DEFAULT_VEHTYPE" speed="13.58" pos="94.51" lane="1/3to2/3_0" slope="0.00"/>
    </timestep>
    <timestep time="70.00">
        <vehicle id="0" x="601.65" y="361.22" angle="180.00" type="DEFAULT_VEHTYPE" speed="13.34" pos="156.47" lane="3/1to3/2_0" slope="0.00"/>
        <vehicle id="1" x="477.89" y="198.35" angle="90.00" type="DEFAULT_VEHTYPE" speed="13.30" pos="73.14" lane="2/1to3/1_0" slope="0.00"/>
        <vehicle id="10" x="320.19" y="201.65" angle="-90.00" type="DEFAULT_VEHTYPE" speed="13.80" pos="75.06" lane="2/1to1/1_0" slope="0.00"/>
        <vehicle id="11" x="242.19" y="401.65" angle="-90.00" type="DEFAULT_VEHTYPE" speed="13.15" pos="153.06" lane="2/2to1/2_0" slope="0.00"/>
        <vehicle id="12" x="737.85" y="201.65" angle="-90.00" type="DEFAULT_VEHTYPE" speed="13.78" pos="62.15" lane="4/1to3/1_0" slope="0.00"/>
        <vehicle id="14" x="171.74" y="401.65" angle="-90.00" type="DEFAULT_VEHTYPE" speed="12.85" pos="23.51" lane="1/2to0/2_0" slope="0.00"/>
        <vehicle id="15" x="398.35" y="339.46" angle="0.00" type="DEFAULT_VEHTYPE" speed="13.86" pos="55.79" lane="2/2to2/1_0" slope="0.00"/>
        <vehicle id="16" x="401.65" y="622.87" angle="180.00" type="DEFAULT_VEHTYPE" speed="11.97" pos="18.12" lane="2/3to2/4_0" slope="0.00"/>
        <vehicle id="17" x="398.35" y="584.65" angle="0.00" type="DEFAULT_VEHTYPE" speed="11.49" pos="10.60" lane="2/3to2/2_0" slope="0.00"/>
        <vehicle id="18" x="418.93" y="601.65" angle="-90.00" type="DEFAULT_VEHTYPE" speed="10.20" pos="176.32" lane="3/3to2/3_0" slope="0.00"/>
        <vehicle id="19" x="211.11" y="401.65" angle="-90.00" type="DEFAULT_VEHTYPE" speed="3.62" pos="184.14" lane="2/2to1/2_0" slope="0.00"/>
        <vehicle id="2" x="398.35" y="215.93" angle="0.00" type="DEFAULT_VEHTYPE" speed="8.08" pos="179.32" lane="2/2to2/1_0" slope="0.00"/>
        <vehicle id="20" x="717.41" y="198.35" angle="90.00" type="DEFAULT_VEHTYPE" speed="13.71" pos="112.66" lane="3/1to4/1_0" slope="0.00"/>
        <vehicle id="21" x="396.37" y="401.65" angle="-90.00" type="DEFAULT_VEHTYPE" speed="8.19" pos="8.38" lane=":2/2_5_0" slope="0.00"/>
        <vehicle id="22" x="530.45" y="198.35" angle="90.00" type="DEFAULT_VEHTYPE" speed="13.82" pos="125.70" lane="2/1to3/1_0" slope="0.00"/>
        <vehicle id="23" x="398.35" y="280.71" angle="0.00" type="DEFAULT_VEHTYPE" speed="13.59" pos="114.54" lane="2/2to2/1_0" slope="0.00"/>
        <vehicle id="24" x="447.43" y="401.65" angle="-90.00" type="DEFAULT_VEHTYPE" speed="13.69" pos="147.82" lane="3/2to2/2_0" slope="0.00"/>
        <vehicle id="3" x="232.85" y="398.35" angle="90.00" type="DEFAULT_VEHTYPE" speed="12.75" pos="28.10" lane="1/2to2/2_0" slope="0.00"/>
        <vehicle id="4" x="286.61" y="198.35" angle="90.00" type="DEFAULT_VEHTYPE" speed="13.27" pos="81.86" lane="1/1to2/1_0" slope="0.00"/>
        <vehicle id="5" x="587.90" y="598.35" angle="90.00" type="DEFAULT_VEHTYPE" speed="6.52" pos="183.15" lane="2/3to3/3_0" slope="0.00"/>
        <vehicle id="6" x="201.65" y="365.38" angle="180.00" type="DEFAULT_VEHTYPE" speed="13.56" pos="160.63" lane="1/1to1/2_0" slope="0.00"/>
        <vehicle id="7" x="201.65" y="536.27" angle="180.00" type="DEFAULT_VEHTYPE" speed="12.64" pos="131.52" lane="1/2to1/3_0" slope="0.00"/>
        <vehicle id="8" x="366.50" y="401.65" angle="-90.00" type="DEFAULT_VEHTYPE" speed="12.17" pos="28.75" lane="2/2to1/2_0" slope="0.00"/>
        <vehicle id="9" x="312.04" y="598.35" angle="90.00" type="DEFAULT_VEHTYPE" speed="12.77" pos="107.29" lane="1/3to2/3_0" slope="0.00"/>
    </timestep>
    <timestep time="71.00">
        <vehicle id="0" x="601.65" y="373.79" angle="180.00" type="DEFAULT_VEHTYPE" speed="12.57" pos="169.04" lane="3/1to3/2_0" slope="0.00"/>
        <vehicle id="1" x="491.44" y="198.35" angle="90.00" type="DEFAULT_VEHTYPE" speed="13.55" pos="86.69" lane="2/1to3/1_0" slope="0.00"/>
        <vehicle id="10" x="307.35" y="201.65" angle="-90.00" type="DEFAULT_VEHTYPE" speed="12.83" pos="87.90" lane="2/1to1/1_0" slope="0.00"/>
        <vehicle id="11" x="232.28" y="401.65" angle="-90.00" type="DEFAULT_VEHTYPE" speed="9.91" pos="162.97" lane="2/2to1/2_0" slope="0.00"/>
        <vehicle id="12" x="724.14" y="201.65" angle="-90.00" type="DEFAULT_VEHTYPE" speed="13.71" pos="75.86" lane="4/1to3/1_0" slope="0.00"/>
        <vehicle id="14" x="158.02" y="401.65" angle="-90.00" type="DEFAULT_VEHTYPE" speed="13.72" pos="37.23" lane="1/2to0/2_0" slope="0.00"/>
        <vehicle id="15" x="398.35" y="326.30" angle="0.00" type="DEFAULT_VEHTYPE" speed="13.16" pos="68.95" lane="2/2to2/1_0" slope="0.00"/>
        <vehicle id="16" x="401.65" y="636.26" angle="180.00" type="DEFAULT_VEHTYPE" speed="13.39" pos="31.51" lane="2/3to2/4_0" slope="0.00"/>
        <vehicle id="17" x="398.35" y="570.77" angle="0.00" type="DEFAULT_VEHTYPE" speed="13.88" pos="24.48" lane="2/3to2/2_0" slope="0.00"/>
        <vehicle id="18" x="412.50" y="601.65" angle="-90.00" type="DEFAULT_VEHTYPE" speed="6.43" pos="182.75" lane="3/3to2/3_0" slope="0.00"/>
        <vehicle id="19" x="205.69" y="401.65" angle="-90.00" type="DEFAULT_VEHTYPE" speed="5.42" pos="189.56" lane="2/2to1/2_0" slope="0.00"/>
        <vehicle id="2" x="398.35" y="210.89" angle="0.00" type="DEFAULT_VEHTYPE" speed="5.05" pos="184.36" lane="2/2to2/1_0" slope="0.00"/>
        <vehicle id="20" x="730.58" y="198.35" angle="90.00" type="DEFAULT_VEHTYPE" speed="13.17" pos="125.83" lane="3/1to4/1_0" slope="0.00"/>
        <vehicle id="21" x="385.81" y="401.65" angle="-90.00" type="DEFAULT_VEHTYPE" speed="10.56" pos="9.44" lane="2/2to1/2_0" slope="0.00"/>
        <vehicle id="22" x="543.32" y="198.35" angle="90.00" type="DEFAULT_VEHTYPE" speed="12.87" pos="138.57" lane="2/1to3/1_0" slope="0.00"/>
        <vehicle id="23" x="398.35" y="267.21" angle="0.00" type="DEFAULT_VEHTYPE" speed="13.49" pos="128.04" lane="2/2to2/1_0" slope="0.00"/>
        <vehicle id="24" x="433.68" y="401.65" angle="-90.00" type="DEFAULT_VEHTYPE" speed="13.76" pos="161.57" lane="3/2to2/2_0" slope="0.00"/>
        <vehicle id="3" x="245.95" y="398.35" angle="90.00" type="DEFAULT_VEHTYPE" speed="13.09" pos="41.20" lane="1/2to2/2_0" slope="0.00"/>
        <vehicle id="4" x="299.27" y="198.35" angle="90.00" type="DEFAULT_VEHTYPE" speed="12.66" pos="94.52" lane="1/1to2/1_0" slope="0.00"/>
        <vehicle id="5" x="590.63" y="598.35" angle="90.00" type="DEFAULT_VEHTYPE" speed="2.73" pos="185.88" lane="2/3to3/3_0" slope="0.00"/>
        <vehicle id="6" x="201.65" y="378.47" angle="180.00" type="DEFAULT_VEHTYPE" speed="13.09" pos="173.72" lane="1/1to1/2_0" slope="0.00"/>
        <vehicle id="7" x="201.65" y="550.05" angle="180.00" type="DEFAULT_VEHTYPE" speed="13.78" pos="145.30" lane="1/2to1/3_0" slope="0.00"/>
        <vehicle id="8" x="352.98" y="401.65" angle="-90.00" type="DEFAULT_VEHTYPE" speed="13.52" pos="42.27" lane="2/2to1/2_0" slope="0.00"/>
        <vehicle id="9" x="325.29" y="598.35" angle="90.00" type="DEFAULT_VEHTYPE" speed="13.25" pos="120.54" lane="1/3to2/3_0" slope="0.00"/>
    </timestep>
    <timestep time="72.00">
        <vehicle id="0" x="601.65" y="381.87" angle="180.00" type="DEFAULT_VEHTYPE" speed="8.07" pos="177.12" lane="3/1to3/2_0" slope="0.00"/>
        <vehicle id="1" x="504.11" y="198.35" angle="90.00" type="DEFAULT_VEHTYPE" speed="12.67" pos="99.36" lane="2/1to3/1_0" slope="0.00"/>
        <vehicle id="10" x="293.48" y="201.65" angle="-90.00" type="DEFAULT_VEHTYPE" speed="13.88" pos="101.77" lane="2/1to1/1_0" slope="0.00"/>
        <vehicle id="11" x="221.25" y="401.65" angle="-90.00" type="DEFAULT_VEHTYPE" speed="11.03" pos="174.00" lane="2/2to1/2_0" slope="0.00"/>
        <vehicle id="12" x="711.07" y="201.65" angle="-90.00" type="DEFAULT_VEHTYPE" speed="13.07" pos="88.93" lane="4/1to3/1_0" slope="0.00"/>
        <vehicle id="14" x="145.38" y="401.65" angle="-90.00" type="DEFAULT_VEHTYPE" speed="12.65" pos="49.87" lane="1/2to0/2_0" slope="0.00"/>
        <vehicle id="15" x="398.35" y="312.43" angle="0.00" type="DEFAULT_VEHTYPE" speed="13.86" pos="82.82" lane="2/2to2/1_0" slope="0.00"/>
        <vehicle id="16" x="401.65" y="650.10" angle="180.00" type="DEFAULT_VEHTYPE" speed="13.84" pos="45.35" lane="2/3to2/4_0" slope="0.00"/>
        <vehicle id="17" x="398.35" y="557.16" angle="0.00" type="DEFAULT_VEHTYPE" speed="13.61" pos="38.09" lane="2/3to2/2_0" slope="0.00"/>
        <vehicle id="18" x="409.28" y="601.65" angle="-90.00" type="DEFAULT_VEHTYPE" speed="3.22" pos="185.97" lane="3/3to2/3_0" slope="0.00"/>
        <vehicle id="19" x="197.94" y="401.65" angle="-90.00" type="DEFAULT_VEHTYPE" speed="7.75" pos="6.81" lane=":1/2_5_0" slope="0.00"/>
        <vehicle id="2" x="398.51" y="203.65" angle="1.80" type="DEFAULT_VEHTYPE" speed="7.24" pos="1.11" lane=":2/1_2_0" slope="0.00"/>
        <vehicle id="20" x="744.24" y="198.35" angle="90.00" type="DEFAULT_VEHTYPE" speed="13.66" pos="139.49" lane="3/1to4/1_0" slope="0.00"/>
        <vehicle id="21" x="372.72" y="401.65" angle="-90.00" type="DEFAULT_VEHTYPE" speed="13.09" pos="22.53" lane="2/2to1/2_0" slope="0.00"/>
        <vehicle id="22" x="557.09" y="198.35" angle="90.00" type="DEFAULT_VEHTYPE" speed="13.77" pos="152.34" lane="2/1to3/1_0" slope="0.00"/>
        <vehicle id="23" x="398.35" y="254.10" angle="0.00" type="DEFAULT_VEHTYPE" speed="13.11" pos="141.15" lane="2/2to2/1_0" slope="0.00"/>
        <vehicle id="24" x="423.29" y="401.65" angle="-90.00" type="DEFAULT_VEHTYPE" speed="10.39" pos="171.96" lane="3/2to2/2_0" slope="0.00"/>
        <vehicle id="3" x="259.46" y="398.35" angle="90.00" type="DEFAULT_VEHTYPE" speed="13.51" pos="54.71" lane="1/2to2/2_0" slope="0.00"/>
        <vehicle id="4" x="312.67" y="198.35" angle="90.00" type="DEFAULT_VEHTYPE" speed="13.40" pos="107.92" lane="1/1to2/1_0" slope="0.00"/>
        <vehicle id="5" x="594.79" y="598.35" angle="90.00" type="DEFAULT_VEHTYPE" speed="4.15" pos="190.04" lane="2/3to3/3_0" slope="0.00"/>
        <vehicle id="6" x="201.65" y="391.15" angle="180.00" type="DEFAULT_VEHTYPE" speed="12.68" pos="186.40" lane="1/1to1/2_0" slope="0.00"/>
        <vehicle id="7" x="201.65" y="563.18" angle="180.00" type="DEFAULT_VEHTYPE" speed="13.13" pos="158.43" lane="1/2to1/3_0" slope="0.00"/>
        <vehicle id="8" x="339.74" y="401.65" angle="-90.00" type="DEFAULT_VEHTYPE" speed="13.24" pos="55.51" lane="2/2to1/2_0" slope="0.00"/>
        <vehicle id="9" x="338.95" y="598.35" angle="90.00" type="DEFAULT_VEHTYPE" speed="13.66" pos="134.20" lane="1/3to2/3_0" slope="0.00"/>
    </timestep>
    <timestep time="73.00">
        <vehicle id="0" x="601.65" y="387.00" angle="180.00" type="DEFAULT_VEHTYPE" speed="5.13" pos="182.25" lane="3/1to3/2_0" slope="0.00"/>
        <vehicle id="1" x="517.41" y="198.35" angle="90.00" type="DEFAULT_VEHTYPE" speed="13.30" pos="112.66" lane="2/1to3/1_0" slope="0.00"/>
        <vehicle id="10" x="279.83" y="201.65" angle="-90.00" type="DEFAULT_VEHTYPE" speed="13.65" pos="115.42" lane="2/1to1/1_0" slope="0.00"/>
        <vehicle id="11" x="213.71" y="401.65" angle="-90.00" type="DEFAULT_VEHTYPE" speed="7.54" pos="181.54" lane="2/2to1/2_0" slope="0.00"/>
        <vehicle id="12" x="697.31" y="201.65" angle="-90.00" type="DEFAULT_VEHTYPE" speed="13.76" pos="102.69" lane="4/1to3/1_0" slope="0.00"/>
        <vehicle id="14" x="131.71" y="401.65" angle="-90.00" type="DEFAULT_VEHTYPE" speed="13.67" pos="63.54" lane="1/2to0/2_0" slope="0.00"/>
        <vehicle id="15" x="398.35" y="299.52" angle="0.00" type="DEFAULT_VEHTYPE" speed="12.91" pos="95.73" lane="2/2to2/1_0" slope="0.00"/>
        <vehicle id="16" x="401.65" y="663.22" angle="180.00" type="DEFAULT_VEHTYPE" speed="13.12" pos="58.47" lane="2/3to2/4_0" slope="0.00"/>
        <vehicle id="17" x="398.35" y="543.90" angle="0.00" type="DEFAULT_VEHTYPE" speed="13.26" pos="51.35" lane="2/3to2/2_0" slope="0.00"/>
        <vehicle id="18" x="404.55" y="601.62" angle="-89.68" type="DEFAULT_VEHTYPE" speed="4.73" pos="0.20" lane=":2/3_6_0" slope="0.00"/>
        <vehicle id="19" x="187.85" y="401.65" angle="-90.00" type="DEFAULT_VEHTYPE" speed="10.09" pos="7.40" lane="1/2to0/2_0" slope="0.00"/>
        <vehicle id="2" x="404.39" y="198.40" angle="69.20" type="DEFAULT_VEHTYPE" speed="8.85" pos="2.81" lane=":2/1_16_0" slope="0.00"/>
        <vehicle id="20" x="757.09" y="198.35" angle="90.00" type="DEFAULT_VEHTYPE" speed="12.85" pos="152.34" lane="3/1to4/1_0" slope="0.00"/>
        <vehicle id="21" x="359.30" y="401.65" angle="-90.00" type="DEFAULT_VEHTYPE" speed="13.42" pos="35.95" lane="2/2to1/2_0" slope="0.00"/>
        <vehicle id="22" x="569.89" y="198.35" angle="90.00" type="DEFAULT_VEHTYPE" speed="12.80" pos="165.14" lane="2/1to3/1_0" slope="0.00"/>
        <vehicle id="23" x="398.35" y="241.06" angle="0.00" type="DEFAULT_VEHTYPE" speed="13.04" pos="154.19" lane="2/2to2/1_0" slope="0.00"/>
        <vehicle id="24" x="415.66" y="401.65" angle="-90.00" type="DEFAULT_VEHTYPE" speed="7.63" pos="179.59" lane="3/2to2/2_0" slope="0.00"/>
        <vehicle id="3" x="272.19" y="398.35" angle="90.00" type="DEFAULT_VEHTYPE" speed="12.73" pos="67.44" lane="1/2to2/2_0" slope="0.00"/>
        <vehicle id="4" x="325.56" y="198.35" angle="90.00" type="DEFAULT_VEHTYPE" speed="12.89" pos="120.81" lane="1/1to2/1_0" slope="0.00"/>
        <vehicle id="5" x="593.84" y="601.65" angle="-137.20" type="DEFAULT_VEHTYPE" speed="6.69" pos="1.41" lane="3/3to2/3_0" slope="0.00"/>
        <vehicle id="6" x="208.90" y="398.35" angle="91.35" type="DEFAULT_VEHTYPE" speed="13.26" pos="4.15" lane="1/2to2/2_0" slope="0.00"/>
        <vehicle id="7" x="201.65" y="575.87" angle="180.00" type="DEFAULT_VEHTYPE" speed="12.69" pos="171.12" lane="1/2to1/3_0" slope="0.00"/>
        <vehicle id="8" x="326.66" y="401.65" angle="-90.00" type="DEFAULT_VEHTYPE" speed="13.08" pos="68.59" lane="2/2to1/2_0" slope="0.00"/>
        <vehicle id="9" x="352.37" y="598.35" angle="90.00" type="DEFAULT_VEHTYPE" speed="13.42" pos="147.62" lane="1/3to2/3_0" slope="0.00"/>
    </timestep>
    <timestep time="74.00">
        <vehicle id="0" x="601.65" y="390.84" angle="180.00" type="DEFAULT_VEHTYPE" speed="3.84" pos="186.09" lane="3/1to3/2_0" slope="0.00"/>
        <vehicle id="1" x="530.38" y="198.35" angle="90.00" type="DEFAULT_VEHTYPE" speed="12.97" pos="125.63" lane="2/1to3/1_0" slope="0.00"/>
        <vehicle id="10" x="267.22" y="201.65" angle="-90.00" type="DEFAULT_VEHTYPE" speed="12.61" pos="128.03" lane="2/1to1/1_0" slope="0.00"/>
        <vehicle id="11" x="209.46" y="401.65" angle="-90.00" type="DEFAULT_VEHTYPE" speed="4.25" pos="185.79" lane="2/2to1/2_0" slope="0.00"/>
        <vehicle id="12" x="683.69" y="201.65" angle="-90.00" type="DEFAULT_VEHTYPE" speed="13.62" pos="116.31" lane="4/1to3/1_0" slope="0.00"/>
        <vehicle id="14" x="118.42" y="401.65" angle="-90.00" type="DEFAULT_VEHTYPE" speed="13.29" pos="76.83" lane="1/2to0/2_0" slope="0.00"/>
        <vehicle id="15" x="398.35" y="286.36" angle="0.00" type="DEFAULT_VEHTYPE" speed="13.17" pos="108.89" lane="2/2to2/1_0" slope="0.00"/>
        <vehicle id="16" x="401.65" y="675.98" angle="180.00" type="DEFAULT_VEHTYPE" speed="12.76" pos="71.23" lane="2/3to2/4_0" slope="0.00"/>
        <vehicle id="17" x="398.35" y="530.88" angle="0.00" type="DEFAULT_VEHTYPE" speed="13.02" pos="64.37" lane="2/3to2/2_0" slope="0.00"/>
        <vehicle id="18" x="398.84" y="598.20" angle="-49.19" type="DEFAULT_VEHTYPE" speed="7.12" pos="7.32" lane=":2/3_6_0" slope="0.00"/>
        <vehicle id="19" x="175.28" y="401.65" angle="-90.00" type="DEFAULT_VEHTYPE" speed="12.57" pos="19.97" lane="1/2to0/2_0" slope="0.00"/>
        <vehicle id="2" x="415.67" y="198.35" angle="90.00" type="DEFAULT_VEHTYPE" speed="11.29" pos="10.92" lane="2/1to3/1_0" slope="0.00"/>
        <vehicle id="20" x="769.78" y="198.35" angle="90.00" type="DEFAULT_VEHTYPE" speed="12.68" pos="165.03" lane="3/1to4/1_0" slope="0.00"/>
        <vehicle id="21" x="346.02" y="401.65" angle="-90.00" type="DEFAULT_VEHTYPE" speed="13.28" pos="49.23" lane="2/2to1/2_0" slope="0.00"/>
        <vehicle id="22" x="579.52" y="198.35" angle="90.00" type="DEFAULT_VEHTYPE" speed="9.63" pos="174.77" lane="2/1to3/1_0" slope="0.00"/>
        <vehicle id="23" x="398.35" y="228.05" angle="0.00" type="DEFAULT_VEHTYPE" speed="13.01" pos="167.20" lane="2/2to2/1_0" slope="0.00"/>
        <vehicle id="24" x="410.88" y="401.65" angle="-90.00" type="DEFAULT_VEHTYPE" speed="4.78" pos="184.37" lane="3/2to2/2_0" slope="0.00"/>
        <vehicle id="3" x="285.45" y="398.35" angle="90.00" type="DEFAULT_VEHTYPE" speed="13.26" pos="80.70" lane="1/2to2/2_0" slope="0.00"/>
        <vehicle id="4" x="338.43" y="198.35" angle="90.00" type="DEFAULT_VEHTYPE" speed="12.87" pos="133.68" lane="1/1to2/1_0" slope="0.00"/>
        <vehicle id="5" x="585.20" y="601.65" angle="-90.00" type="DEFAULT_VEHTYPE" speed="8.64" pos="10.05" lane="3/3to2/3_0" slope="0.00"/>
        <vehicle id="6" x="222.30" y="398.35" angle="90.00" type="DEFAULT_VEHTYPE" speed="13.40" pos="17.55" lane="1/2to2/2_0" slope="0.00"/>
        <vehicle id="7" x="201.65" y="589.10" angle="180.00" type="DEFAULT_VEHTYPE" speed="13.22" pos="184.35" lane="1/2to1/3_0" slope="0.00"/>
        <vehicle id="8" x="313.20" y="401.65" angle="-90.00" type="DEFAULT_VEHTYPE" speed="13.45" pos="82.05" lane="2/2to1/2_0" slope="0.00"/>
        <vehicle id="9" x="365.75" y="598.35" angle="90.00" type="DEFAULT_VEHTYPE" speed="13.38" pos="161.00" lane="1/3to2/3_0" slope="0.00"/>
    </timestep>
    <timestep time="75.00">
        <vehicle id="0" x="601.51" y="396.26" angle="-178.34" type="DEFAULT_VEHTYPE" speed="5.43" pos="1.02" lane=":3/2_10_0" slope="0.00"/>
        <vehicle id="1" x="544.01" y="198.35" angle="90.00" type="DEFAULT_VEHTYPE" speed="13.62" pos="139.26" lane="2/1to3/1_0" slope="0.00"/>
        <vehicle id="10" x="254.38" y="201.65" angle="-90.00" type="DEFAULT_VEHTYPE" speed="12.84" pos="140.87" lane="2/1to1/1_0" slope="0.00"/>
        <vehicle id="11" x="203.82" y="401.65" angle="-90.00" type="DEFAULT_VEHTYPE" speed="5.64" pos="0.93" lane=":1/2_5_0" slope="0.00"/>
        <vehicle id="12" x="670.34" y="201.65" angle="-90.00" type="DEFAULT_VEHTYPE" speed="13.35" pos="129.66" lane="4/1to3/1_0" slope="0.00"/>
        <vehicle id="14" x="104.62" y="401.65" angle="-90.00" type="DEFAULT_VEHTYPE" speed="13.79" pos="90.63" lane="1/2to0/2_0" slope="0.00"/>
        <vehicle id="15" x="398.35" y="272.66" angle="0.00" type="DEFAULT_VEHTYPE" speed="13.69" pos="122.59" lane="2/2to2/1_0" slope="0.00"/>
        <vehicle id="16" x="401.65" y="689.42" angle="180.00" type="DEFAULT_VEHTYPE" speed="13.44" pos="84.67" lane="2/3to2/4_0" slope="0.00"/>
        <vehicle id="17" x="398.35" y="517.18" angle="0.00" type="DEFAULT_VEHTYPE" speed="13.70" pos="78.07" lane="2/3to2/2_0" slope="0.00"/>
        <vehicle id="18" x="398.35" y="589.39" angle="0.00" type="DEFAULT_VEHTYPE" speed="8.86" pos="5.86" lane="2/3to2/2_0" slope="0.00"/>
        <vehicle id="19" x="162.35" y="401.65" angle="-90.00" type="DEFAULT_VEHTYPE" speed="12.93" pos="32.90" lane="1/2to0/2_0" slope="0.00"/>
        <vehicle id="2" x="428.71" y="198.35" angle="90.00" type="DEFAULT_VEHTYPE" speed="13.05" pos="23.96" lane="2/1to3/1_0" slope="0.00"/>
        <vehicle id="20" x="783.36" y="198.35" angle="90.00" type="DEFAULT_VEHTYPE" speed="13.59" pos="178.61" lane="3/1to4/1_0" slope="0.00"/>
        <vehicle id="21" x="332.19" y="401.65" angle="-90.00" type="DEFAULT_VEHTYPE" speed="13.83" pos="63.06" lane="2/2to1/2_0" slope="0.00"/>
        <vehicle id="22" x="586.12" y="198.35" angle="90.00" type="DEFAULT_VEHTYPE" speed="6.60" pos="181.37" lane="2/1to3/1_0" slope="0.00"/>
        <vehicle id="23" x="398.35" y="219.18" angle="0.00" type="DEFAULT_VEHTYPE" speed="8.87" pos="176.07" lane="2/2to2/1_0" slope="0.00"/>
        <vehicle id="24" x="403.92" y="401.65" angle="-90.00" type="DEFAULT_VEHTYPE" speed="6.96" pos="0.83" lane=":2/2_5_0" slope="0.00"/>
        <vehicle id="3" x="298.07" y="398.35" angle="90.00" type="DEFAULT_VEHTYPE" speed="12.62" pos="93.32" lane="1/2to2/2_0" slope="0.00"/>
        <vehicle id="4" x="351.47" y="198.35" angle="90.00" type="DEFAULT_VEHTYPE" speed="13.05" pos="146.72" lane="1/1to2/1_0" slope="0.00"/>
        <vehicle id="5" x="575.24" y="601.65" angle="-90.00" type="DEFAULT_VEHTYPE" speed="9.96" pos="20.01" lane="3/3to2/3_0" slope="0.00"/>
        <vehicle id="6" x="235.04" y="398.35" angle="90.00" type="DEFAULT_VEHTYPE" speed="12.74" pos="30.29" lane="1/2to2/2_0" slope="0.00"/>
        <vehicle id="7" x="206.95" y="598.35" angle="102.46" type="DEFAULT_VEHTYPE" speed="13.35" pos="2.20" lane="1/3to2/3_0" slope="0.00"/>
        <vehicle id="8" x="300.02" y="401.65" angle="-90.00" type="DEFAULT_VEHTYPE" speed="13.18" pos="95.23" lane="2/2to1/2_0" slope="0.00"/>
        <vehicle id="9" x="376.43" y="598.35" angle="90.00" type="DEFAULT_VEHTYPE" speed="10.68" pos="171.68" lane="1/3to2/3_0" slope="0.00"/>
    </timestep>
    <timestep time="76.00">
        <vehicle id="0" x="596.93" y="401.41" angle="-124.44" type="DEFAULT_VEHTYPE" speed="7.60" pos="1.48" lane=":3/2_18_0" slope="0.00"/>
        <vehicle id="1" x="557.11" y="198.35" angle="90.00" type="DEFAULT_VEHTYPE" speed="13.10" pos="152.36" lane="2/1to3/1_0" slope="0.00"/>
        <vehicle id="10" x="241.77" y="201.65" angle="-90.00" type="DEFAULT_VEHTYPE" speed="12.61" pos="153.48" lane="2/1to1/1_0" slope="0.00"/>
        <vehicle id="11" x="196.71" y="401.65" angle="-90.00" type="DEFAULT_VEHTYPE" speed="7.11" pos="8.04" lane=":1/2_5_0" slope="0.00"/>
        <vehicle id="12" x="657.37" y="201.65" angle="-90.00" type="DEFAULT_VEHTYPE" speed="12.97" pos="142.63" lane="4/1to3/1_0" slope="0.00"/>
        <vehicle id="14" x="91.48" y="401.65" angle="-90.00" type="DEFAULT_VEHTYPE" speed="13.15" pos="103.77" lane="1/2to0/2_0" slope="0.00"/>
        <vehicle id="15" x="398.35" y="259.43" angle="0.00" type="DEFAULT_VEHTYPE" speed="13.23" pos="135.82" lane="2/2to2/1_0" slope="0.00"/>
        <vehicle id="16" x="401.65" y="702.52" angle="180.00" type="DEFAULT_VEHTYPE" speed="13.10" pos="97.77" lane="2/3to2/4_0" slope="0.00"/>
        <vehicle id="17" x="398.35" y="504.45" angle="0.00" type="DEFAULT_VEHTYPE" speed="12.72" pos="90.80" lane="2/3to2/2_0" slope="0.00"/>
        <vehicle id="18" x="398.35" y="578.09" angle="0.00" type="DEFAULT_VEHTYPE" speed="11.31" pos="17.16" lane="2/3to2/2_0" slope="0.00"/>
        <vehicle id="19" x="149.66" y="401.65" angle="-90.00" type="DEFAULT_VEHTYPE" speed="12.69" pos="45.59" lane="1/2to0/2_0" slope="0.00"/>
        <vehicle id="2" x="442.15" y="198.35" angle="90.00" type="DEFAULT_VEHTYPE" speed="13.44" pos="37.40" lane="2/1to3/1_0" slope="0.00"/>
        <vehicle id="20" x="796.71" y="198.35" angle="90.00" type="DEFAULT_VEHTYPE" speed="13.35" pos="191.96" lane="3/1to4/1_0" slope="0.00"/>
        <vehicle id="21" x="319.35" y="401.65" angle="-90.00" type="DEFAULT_VEHTYPE" speed="12.84" pos="75.90" lane="2/2to1/2_0" slope="0.00"/>
        <vehicle id="22" x="589.80" y="198.35" angle="90.00" type="DEFAULT_VEHTYPE" speed="3.68" pos="185.05" lane="2/1to3/1_0" slope="0.00"/>
        <vehicle id="23" x="398.35" y="212.70" angle="0.00" type="DEFAULT_VEHTYPE" speed="6.48" pos="182.55" lane="2/2to2/1_0" slope="0.00"/>
        <vehicle id="24" x="395.31" y="401.65" angle="-90.00" type="DEFAULT_VEHTYPE" speed="8.62" pos="9.44" lane=":2/2_5_0" slope="0.00"/>
        <vehicle id="3" x="311.13" y="398.35" angle="90.00" type="DEFAULT_VEHTYPE" speed="13.06" pos="106.38" lane="1/2to2/2_0" slope="0.00"/>
        <vehicle id="4" x="364.28" y="198.35" angle="90.00" type="DEFAULT_VEHTYPE" speed="12.81" pos="159.53" lane="1/1to2/1_0" slope="0.00"/>
        <vehicle id="5" x="563.63" y="601.65" angle="-90.00" type="DEFAULT_VEHTYPE" speed="11.61" pos="31.62" lane="3/3to2/3_0" slope="0.00"/>
        <vehicle id="6" x="248.85" y="398.35" angle="90.00" type="DEFAULT_VEHTYPE" speed="13.81" pos="44.10" lane="1/2to2/2_0" slope="0.00"/>
        <vehicle id="7" x="220.30" y="598.35" angle="90.00" type="DEFAULT_VEHTYPE" speed="13.35" pos="15.55" lane="1/3to2/3_0" slope="0.00"/>
        <vehicle id="8" x="286.97" y="401.65" angle="-90.00" type="DEFAULT_VEHTYPE" speed="13.05" pos="108.28" lane="2/2to1/2_0" slope="0.00"/>
        <vehicle id="9" x="383.58" y="598.35" angle="90.00" type="DEFAULT_VEHTYPE" speed="7.15" pos="178.83" lane="1/3to2/3_0" slope="0.00"/>
    </timestep>
    <timestep time="77.00">
        <vehicle id="0" x="587.90" y="401.65" angle="-90.00" type="DEFAULT_VEHTYPE" speed="9.05" pos="7.35" lane="3/2to2/2_0" slope="0.00"/>
        <vehicle id="1" x="567.64" y="198.35" angle="90.00" type="DEFAULT_VEHTYPE" speed="10.53" pos="162.89" lane="2/1to3/1_0" slope="0.00"/>
        <vehicle id="10" x="228.59" y="201.65" angle="-90.00" type="DEFAULT_VEHTYPE" speed="13.18" pos="166.66" lane="2/1to1/1_0" slope="0.00"/>
        <vehicle id="11" x="187.15" y="401.65" angle="-90.00" type="DEFAULT_VEHTYPE" speed="9.55" pos="8.10" lane="1/2to0/2_0" slope="0.00"/>
        <vehicle id="12" x="644.18" y="201.65" angle="-90.00" type="DEFAULT_VEHTYPE" speed="13.20" pos="155.82" lane="4/1to3/1_0" slope="0.00"/>
        <vehicle id="14" x="78.75" y="401.65" angle="-90.00" type="DEFAULT_VEHTYPE" speed="12.73" pos="116.50" lane="1/2to0/2_0" slope="0.00"/>
        <vehicle id="15" x="398.35" y="246.28" angle="0.00" type="DEFAULT_VEHTYPE" speed="13.15" pos="148.97" lane="2/2to2/1_0" slope="0.00"/>
        <vehicle id="16" x="401.65" y="715.42" angle="180.00" type="DEFAULT_VEHTYPE" speed="12.91" pos="110.67" lane="2/3to2/4_0" slope="0.00"/>
        <vehicle id="17" x="398.35" y="491.06" angle="0.00" type="DEFAULT_VEHTYPE" speed="13.39" pos="104.19" lane="2/3to2/2_0" slope="0.00"/>
        <vehicle id="18" x="398.35" y="565.20" angle="0.00" type="DEFAULT_VEHTYPE" speed="12.89" pos="30.05" lane="2/3to2/2_0" slope="0.00"/>
        <vehicle id="19" x="136.02" y="401.65" angle="-90.00" type="DEFAULT_VEHTYPE" speed="13.64" pos="59.23" lane="1/2to0/2_0" slope="0.00"/>
        <vehicle id="2" x="455.15" y="198.35" angle="90.00" type="DEFAULT_VEHTYPE" speed="13.00" pos="50.40" lane="2/1to3/1_0" slope="0.00"/>
        <vehicle id="20" x="794.67" y="201.65" angle="-90.00" type="DEFAULT_VEHTYPE" speed="13.44" pos="5.33" lane="4/1to3/1_0" slope="0.00"/>
        <vehicle id="21" x="305.63" y="401.65" angle="-90.00" type="DEFAULT_VEHTYPE" speed="13.71" pos="89.62" lane="2/2to1/2_0" slope="0.00"/>
        <vehicle id="22" x="595.68" y="198.35" angle="90.00" type="DEFAULT_VEHTYPE" speed="5.88" pos="0.43" lane=":3/1_13_0" slope="0.00"/>
        <vehicle id="23" x="398.35" y="209.82" angle="0.00" type="DEFAULT_VEHTYPE" speed="2.87" pos="185.43" lane="2/2to2/1_0" slope="0.00"/>
        <vehicle id="24" x="384.39" y="401.65" angle="-90.00" type="DEFAULT_VEHTYPE" speed="10.91" pos="10.86" lane="2/2to1/2_0" slope="0.00"/>
        <vehicle id="3" x="324.35" y="398.35" angle="90.00" type="DEFAULT_VEHTYPE" speed="13.22" pos="119.60" lane="1/2to2/2_0" slope="0.00"/>
        <vehicle id="4" x="375.17" y="198.35" angle="90.00" type="DEFAULT_VEHTYPE" speed="10.89" pos="170.42" lane="1/1to2/1_0" slope="0.00"/>
        <vehicle id="5" x="550.43" y="601.65" angle="-90.00" type="DEFAULT_VEHTYPE" speed="13.20" pos="44.82" lane="3/3to2/3_0" slope="0.00"/>
        <vehicle id="6" x="262.06" y="398.35" angle="90.00" type="DEFAULT_VEHTYPE" speed="13.20" pos="57.31" lane="1/2to2/2_0" slope="0.00"/>
        <vehicle id="7" x="234.00" y="598.35" angle="90.00" type="DEFAULT_VEHTYPE" speed="13.70" pos="29.25" lane="1/3to2/3_0" slope="0.00"/>
        <vehicle id="8" x="273.56" y="401.65" angle="-90.00" type="DEFAULT_VEHTYPE" speed="13.41" pos="121.69" lane="2/2to1/2_0" slope="0.00"/>
        <vehicle id="9" x="388.28" y="598.35" angle="90.00" type="DEFAULT_VEHTYPE" speed="4.70" pos="183.53" lane="1/3to2/3_0" slope="0.00"/>
    </timestep>
    <timestep time="78.00">
        <vehicle id="0" x="577.31" y="401.65" angle="-90.00" type="DEFAULT_VEHTYPE" speed="10.59" pos="17.94" lane="3/2to2/2_0" slope="0.00"/>
        <vehicle id="1" x="577.60" y="198.35" angle="90.00" type="DEFAULT_VEHTYPE" speed="9.96" pos="172.85" lane="2/1to3/1_0" slope="0.00"/>
        <vehicle id="10" x="219.41" y="201.65" angle="-90.00" type="DEFAULT_VEHTYPE" speed="9.18" pos="175.84" lane="2/1to1/1_0" slope="0.00"/>
        <vehicle id="11" x="176.12" y="401.65" angle="-90.00" type="DEFAULT_VEHTYPE" speed="11.04" pos="19.13" lane="1/2to0/2_0" slope="0.00"/>
        <vehicle id="12" x="630.84" y="201.65" angle="-90.00" type="DEFAULT_VEHTYPE" speed="13.34" pos="169.16" lane="4/1to3/1_0" slope="0.00"/>
        <vehicle id="14" x="65.76" y="401.65" angle="-90.00" type="DEFAULT_VEHTYPE" speed="12.98" pos="129.49" lane="1/2to0/2_0" slope="0.00"/>
        <vehicle id="15" x="398.35" y="234.64" angle="0.00" type="DEFAULT_VEHTYPE" speed="11.64" pos="160.61" lane="2/2to2/1_0" slope="0.00"/>
        <vehicle id="16" x="401.65" y="728.99" angle="180.00" type="DEFAULT_VEHTYPE" speed="13.57" pos="124.24" lane="2/3to2/4_0" slope="0.00"/>
        <vehicle id="17" x="398.35" y="477.18" angle="0.00" type="DEFAULT_VEHTYPE" speed="13.89" pos="118.07" lane="2/3to2/2_0" slope="0.00"/>
        <vehicle id="18" x="398.35" y="552.04" angle="0.00" type="DEFAULT_VEHTYPE" speed="13.16" pos="43.21" lane="2/3to2/2_0" slope="0.00"/>
        <vehicle id="19" x="122.38" y="401.65" angle="-90.00" type="DEFAULT_VEHTYPE" speed="13.64" pos="72.87" lane="1/2to0/2_0" slope="0.00"/>
        <vehicle id="2" x="468.33" y="198.35" angle="90.00" type="DEFAULT_VEHTYPE" speed="13.18" pos="63.58" lane="2/1to3/1_0" slope="0.00"/>
        <vehicle id="20" x="781.14" y="201.65" angle="-90.00" type="DEFAULT_VEHTYPE" speed="13.53" pos="18.86" lane="4/1to3/1_0" slope="0.00"/>
        <vehicle id="21" x="292.21" y="401.65" angle="-90.00" type="DEFAULT_VEHTYPE" speed="13.42" pos="103.04" lane="2/2to1/2_0" slope="0.00"/>
        <vehicle id="22" x="603.08" y="198.35" angle="90.00" type="DEFAULT_VEHTYPE" speed="7.40" pos="7.83" lane=":3/1_13_0" slope="0.00"/>
        <vehicle id="23" x="398.35" y="205.36" angle="0.00" type="DEFAULT_VEHTYPE" speed="4.47" pos="189.89" lane="2/2to2/1_0" slope="0.00"/>
        <vehicle id="24" x="372.10" y="401.65" angle="-90.00" type="DEFAULT_VEHTYPE" speed="12.29" pos="23.15" lane="2/2to1/2_0" slope="0.00"/>
        <vehicle id="3" x="337.08" y="398.35" angle="90.00" type="DEFAULT_VEHTYPE" speed="12.73" pos="132.33" lane="1/2to2/2_0" slope="0.00"/>
        <vehicle id="4" x="383.52" y="198.35" angle="90.00" type="DEFAULT_VEHTYPE" speed="8.34" pos="178.77" lane="1/1to2/1_0" slope="0.00"/>
        <vehicle id="5" x="536.88" y="601.65" angle="-90.00" type="DEFAULT_VEHTYPE" speed="13.55" pos="58.37" lane="3/3to2/3_0" slope="0.00"/>
        <vehicle id="6" x="274.99" y="398.35" angle="90.00" type="DEFAULT_VEHTYPE" speed="12.94" pos="70.24" lane="1/2to2/2_0" slope="0.00"/>
        <vehicle id="7" x="247.73" y="598.35" angle="90.00" type="DEFAULT_VEHTYPE" speed="13.73" pos="42.98" lane="1/3to2/3_0" slope="0.00"/>
        <vehicle id="8" x="259.90" y="401.65" angle="-90.00" type="DEFAULT_VEHTYPE" speed="13.66" pos="135.35" lane="2/2to1/2_0" slope="0.00"/>
        <vehicle id="9" x="395.49" y="598.38" angle="90.40" type="DEFAULT_VEHTYPE" speed="7.22" pos="0.24" lane=":2/3_14_0" slope="0.00"/>
    </timestep>
    <timestep time="79.00">
        <vehicle id="0" x="564.76" y="401.65" angle="-90.00" type="DEFAULT_VEHTYPE" speed="12.55" pos="30.49" lane="3/2to2/2_0" slope="0.00"/>
        <vehicle id="1" x="584.35" y="198.35" angle="90.00" type="DEFAULT_VEHTYPE" speed="6.75" pos="179.60" lane="2/1to3/1_0" slope="0.00"/>
        <vehicle id="10" x="213.07" y="201.65" angle="-90.00" type="DEFAULT_VEHTYPE" speed="6.34" pos="182.18" lane="2/1to1/1_0" slope="0.00"/>
        <vehicle id="11" x="162.56" y="401.65" angle="-90.00" type="DEFAULT_VEHTYPE" speed="13.56" pos="32.69" lane="1/2to0/2_0" slope="0.00"/>
        <vehicle id="12" x="620.29" y="201.65" angle="-90.00" type="DEFAULT_VEHTYPE" speed="10.54" pos="179.71" lane="4/1to3/1_0" slope="0.00"/>
        <vehicle id="14" x="51.92" y="401.65" angle="-90.00" type="DEFAULT_VEHTYPE" speed="13.84" pos="143.33" lane="1/2to0/2_0" slope="0.00"/>
        <vehicle id="15" x="398.35" y="224.58" angle="0.00" type="DEFAULT_VEHTYPE" speed="10.06" pos="170.67" lane="2/2to2/1_0" slope="0.00"/>
        <vehicle id="16" x="401.65" y="742.77" angle="180.00" type="DEFAULT_VEHTYPE" speed="13.77" pos="138.02" lane="2/3to2/4_0" slope="0.00"/>
        <vehicle id="17" x="398.35" y="464.09" angle="0.00" type="DEFAULT_VEHTYPE" speed="13.09" pos="131.16" lane="2/3to2/2_0" slope="0.00"/>
        <vehicle id="18" x="398.35" y="538.67" angle="0.00" type="DEFAULT_VEHTYPE" speed="13.36" pos="56.58" lane="2/3to2/2_0" slope="0.00"/>
        <vehicle id="19" x="109.41" y="401.65" angle="-90.00" type="DEFAULT_VEHTYPE" speed="12.97" pos="85.84" lane="1/2to0/2_0" slope="0.00"/>
        <vehicle id="2" x="482.04" y="198.35" angle="90.00" type="DEFAULT_VEHTYPE" speed="13.71" pos="77.29" lane="2/1to3/1_0" slope="0.00"/>
        <vehicle id="20" x="768.30" y="201.65" angle="-90.00" type="DEFAULT_VEHTYPE" speed="12.84" pos="31.70" lane="4/1to3/1_0" slope="0.00"/>
        <vehicle id="21" x="278.46" y="401.65" angle="-90.00" type="DEFAULT_VEHTYPE" speed="13.75" pos="116.79" lane="2/2to1/2_0" slope="0.00"/>
        <vehicle id="22" x="611.80" y="198.35" angle="90.00" type="DEFAULT_VEHTYPE" speed="8.72" pos="7.05" lane="3/1to4/1_0" slope="0.00"/>
        <vehicle id="23" x="400.02" y="199.91" angle="19.58" type="DEFAULT_VEHTYPE" speed="5.85" pos="5.24" lane=":2/1_2_0" slope="0.00"/>
        <vehicle id="24" x="358.67" y="401.65" angle="-90.00" type="DEFAULT_VEHTYPE" speed="13.43" pos="36.58" lane="2/2to1/2_0" slope="0.00"/>
        <vehicle id="3" x="350.93" y="398.35" angle="90.00" type="DEFAULT_VEHTYPE" speed="13.85" pos="146.18" lane="1/2to2/2_0" slope="0.00"/>
        <vehicle id="4" x="388.71" y="198.35" angle="90.00" type="DEFAULT_VEHTYPE" speed="5.19" pos="183.96" lane="1/1to2/1_0" slope="0.00"/>
        <vehicle id="5" x="523.48" y="601.65" angle="-90.00" type="DEFAULT_VEHTYPE" speed="13.40" pos="71.77" lane="3/3to2/3_0" slope="0.00"/>
        <vehicle id="6" x="288.03" y="398.35" angle="90.00" type="DEFAULT_VEHTYPE" speed="13.04" pos="83.28" lane="1/2to2/2_0" slope="0.00"/>
        <vehicle id="7" x="261.37" y="598.35" angle="90.00" type="DEFAULT_VEHTYPE" speed="13.63" pos="56.62" lane="1/3to2/3_0" slope="0.00"/>
        <vehicle id="8" x="246.18" y="401.65" angle="-90.00" type="DEFAULT_VEHTYPE" speed="13.72" pos="149.07" lane="2/2to1/2_0" slope="0.00"/>
        <vehicle id="9" x="401.59" y="604.30" angle="158.31" type="DEFAULT_VEHTYPE" speed="9.62" pos="9.86" lane=":2/3_14_0" slope="0.00"/>
    </timestep>
    <timestep time="80.00">
        <vehicle id="0" x="552.14" y="401.65" angle="-90.00" type="DEFAULT_VEHTYPE" speed="12.62" pos="43.11" lane="3/2to2/2_0" slope="0.00"/>
        <vehicle id="1" x="589.58" y="198.35" angle="90.00" type="DEFAULT_VEHTYPE" speed="5.23" pos="184.83" lane="2/1to3/1_0" slope="0.00"/>
        <vehicle id="10" x="209.43" y="201.65" angle="-90.00" type="DEFAULT_VEHTYPE" speed="3.64" pos="185.82" lane="2/1to1/1_0" slope="0.00"/>
        <vehicle id="11" x="148.96" y="401.65" angle="-90.00" type="DEFAULT_VEHTYPE" speed="13.61" pos="46.29" lane="1/2to0/2_0" slope="0.00"/>
        <vehicle id="12" x="613.34" y="201.65" angle="-90.00" type="DEFAULT_VEHTYPE" speed="6.95" pos="186.66" lane="4/1to3/1_0" slope="0.00"/>
        <vehicle id="14" x="38.82" y="401.65" angle="-90.00" type="DEFAULT_VEHTYPE" speed="13.10" pos="156.43" lane="1/2to0/2_0" slope="0.00"/>
        <vehicle id="15" x="398.35" y="212.77" angle="0.00" type="DEFAULT_VEHTYPE" speed="11.81" pos="182.48" lane="2/2to2/1_0" slope="0.00"/>
        <vehicle id="16" x="401.65" y="756.04" angle="180.00" type="DEFAULT_VEHTYPE" speed="13.28" pos="151.29" lane="2/3to2/4_0" slope="0.00"/>
        <vehicle id="17" x="398.35" y="450.98" angle="0.00" type="DEFAULT_VEHTYPE" speed="13.11" pos="144.27" lane="2/3to2/2_0" slope="0.00"/>
        <vehicle id="18" x="398.35" y="525.49" angle="0.00" type="DEFAULT_VEHTYPE" speed="13.19" pos="69.76" lane="2/3to2/2_0" slope="0.00"/>
        <vehicle id="19" x="96.72" y="401.65" angle="-90.00" type="DEFAULT_VEHTYPE" speed="12.69" pos="98.53" lane="1/2to0/2_0" slope="0.00"/>
        <vehicle id="2" x="495.07" y="198.35" angle="90.00" type="DEFAULT_VEHTYPE" speed="13.03" pos="90.32" lane="2/1to3/1_0" slope="0.00"/>
        <vehicle id="20" x="755.14" y="201.65" angle="-90.00" type="DEFAULT_VEHTYPE" speed="13.16" pos="44.86" lane="4/1to3/1_0" slope="0.00"/>
        <vehicle id="21" x="265.43" y="401.65" angle="-90.00" type="DEFAULT_VEHTYPE" speed="13.03" pos="129.82" lane="2/2to1/2_0" slope="0.00"/>
        <vehicle id="22" x="623.03" y="198.35" angle="90.00" type="DEFAULT_VEHTYPE" speed="11.23" pos="18.28" lane="3/1to4/1_0" slope="0.00"/>
        <vehicle id="23" x="406.96" y="198.35" angle="85.46" type="DEFAULT_VEHTYPE" speed="7.29" pos="2.21" lane="2/1to3/1_0" slope="0.00"/>
        <vehicle id="24" x="345.16" y="401.65" angle="-90.00" type="DEFAULT_VEHTYPE" speed="13.51" pos="50.09" lane="2/2to1/2_0" slope="0.00"/>
        <vehicle id="3" x="364.79" y="398.35" angle="90.00" type="DEFAULT_VEHTYPE" speed="13.87" pos="160.04" lane="1/2to2/2_0" slope="0.00"/>
        <vehicle id="4" x="390.62" y="198.35" angle="90.00" type="DEFAULT_VEHTYPE" speed="1.92" pos="185.87" lane="1/1to2/1_0" slope="0.00"/>
        <vehicle id="5" x="510.13" y="601.65" angle="-90.00" type="DEFAULT_VEHTYPE" speed="13.35" pos="85.12" lane="3/3to2/3_0" slope="0.00"/>
        <vehicle id="6" x="301.81" y="398.35" angle="90.00" type="DEFAULT_VEHTYPE" speed="13.77" pos="97.06" lane="1/2to2/2_0" slope="0.00"/>
        <vehicle id="7" x="274.87" y="598.35" angle="90.00" type="DEFAULT_VEHTYPE" speed="13.51" pos="70.12" lane="1/3to2/3_0" slope="0.00"/>
        <vehicle id="8" x="232.42" y="401.65" angle="-90.00" type="DEFAULT_VEHTYPE" speed="13.76" pos="162.83" lane="2/2to1/2_0" slope="0.00"/>
        <vehicle id="9" x="401.65" y="616.34" angle="180.00" type="DEFAULT_VEHTYPE" speed="12.04" pos="11.59" lane="2/3to2/4_0" slope="0.00"/>
    </timestep>
    <timestep time="81.00">
        <vehicle id="0" x="538.96" y="401.65" angle="-90.00" type="DEFAULT_VEHTYPE" speed="13.18" pos="56.29" lane="3/2to2/2_0" slope="0.00"/>
        <vehicle id="1" x="596.42" y="198.35" angle="90.00" type="DEFAULT_VEHTYPE" speed="6.84" pos="1.17" lane=":3/1_13_0" slope="0.00"/>
        <vehicle id="10" x="203.67" y="201.50" angle="-88.22" type="DEFAULT_VEHTYPE" speed="5.78" pos="1.10" lane=":1/1_6_0" slope="0.00"/>
        <vehicle id="11" x="135.07" y="401.65" angle="-90.00" type="DEFAULT_VEHTYPE" speed="13.89" pos="60.18" lane="1/2to0/2_0" slope="0.00"/>
        <vehicle id="12" x="609.28" y="201.65" angle="-90.00" type="DEFAULT_VEHTYPE" speed="4.07" pos="190.72" lane="4/1to3/1_0" slope="0.00"/>
        <vehicle id="14" x="25.80" y="401.65" angle="-90.00" type="DEFAULT_VEHTYPE" speed="13.02" pos="169.45" lane="1/2to0/2_0" slope="0.00"/>
        <vehicle id="15" x="398.35" y="200.14" angle="0.00" type="DEFAULT_VEHTYPE" speed="12.64" pos="4.61" lane=":2/1_1_0" slope="0.00"/>
        <vehicle id="16" x="401.65" y="768.90" angle="180.00" type="DEFAULT_VEHTYPE" speed="12.86" pos="164.15" lane="2/3to2/4_0" slope="0.00"/>
        <vehicle id="17" x="398.35" y="437.49" angle="0.00" type="DEFAULT_VEHTYPE" speed="13.49" pos="157.76" lane="2/3to2/2_0" slope="0.00"/>
        <vehicle id="18" x="398.35" y="512.27" angle="0.00" type="DEFAULT_VEHTYPE" speed="13.22" pos="82.98" lane="2/3to2/2_0" slope="0.00"/>
        <vehicle id="19" x="83.26" y="401.65" angle="-90.00" type="DEFAULT_VEHTYPE" speed="13.46" pos="111.99" lane="1/2to0/2_0" slope="0.00"/>
        <vehicle id="2" x="508.13" y="198.35" angle="90.00" type="DEFAULT_VEHTYPE" speed="13.05" pos="103.38" lane="2/1to3/1_0" slope="0.00"/>
        <vehicle id="20" x="742.43" y="201.65" angle="-90.00" type="DEFAULT_VEHTYPE" speed="12.71" pos="57.57" lane="4/1to3/1_0" slope="0.00"/>
        <vehicle id="21" x="252.15" y="401.65" angle="-90.00" type="DEFAULT_VEHTYPE" speed="13.28" pos="143.10" lane="2/2to1/2_0" slope="0.00"/>
        <vehicle id="22" x="636.67" y="198.35" angle="90.00" type="DEFAULT_VEHTYPE" speed="13.63" pos="31.92" lane="3/1to4/1_0" slope="0.00"/>
        <vehicle id="23" x="415.81" y="198.35" angle="90.00" type="DEFAULT_VEHTYPE" speed="8.85" pos="11.06" lane="2/1to3/1_0" slope="0.00"/>
        <vehicle id="24" x="331.34" y="401.65" angle="-90.00" type="DEFAULT_VEHTYPE" speed="13.82" pos="63.91" lane="2/2to1/2_0" slope="0.00"/>
        <vehicle id="3" x="375.51" y="398.35" angle="90.00" type="DEFAULT_VEHTYPE" speed="10.71" pos="170.76" lane="1/2to2/2_0" slope="0.00"/>
        <vehicle id="4" x="392.34" y="198.35" angle="90.00" type="DEFAULT_VEHTYPE" speed="1.71" pos="187.59" lane="1/1to2/1_0" slope="0.00"/>
        <vehicle id="5" x="497.11" y="601.65" angle="-90.00" type="DEFAULT_VEHTYPE" speed="13.01" pos="98.14" lane="3/3to2/3_0" slope="0.00"/>
        <vehicle id="6" x="314.97" y="398.35" angle="90.00" type="DEFAULT_VEHTYPE" speed="13.16" pos="110.22" lane="1/2to2/2_0" slope="0.00"/>
        <vehicle id="7" x="287.73" y="598.35" angle="90.00" type="DEFAULT_VEHTYPE" speed="12.85" pos="82.98" lane="1/3to2/3_0" slope="0.00"/>
        <vehicle id="8" x="221.22" y="401.65" angle="-90.00" type="DEFAULT_VEHTYPE" speed="11.20" pos="174.03" lane="2/2to1/2_0" slope="0.00"/>
        <vehicle id="9" x="401.65" y="629.24" angle="180.00" type="DEFAULT_VEHTYPE" speed="12.91" pos="24.49" lane="2/3to2/4_0" slope="0.00"/>
    </timestep>
    <timestep time="82.00">
        <vehicle id="0" x="526.25" y="401.65" angle="-90.00" type="DEFAULT_VEHTYPE" speed="12.70" pos="69.00" lane="3/2to2/2_0" slope="0.00"/>
        <vehicle id="1" x="605.26" y="198.35" angle="90.00" type="DEFAULT_VEHTYPE" speed="8.85" pos="0.51" lane="3/1to4/1_0" slope="0.00"/>
        <vehicle id="10" x="198.52" y="196.45" angle="-29.38" type="DEFAULT_VEHTYPE" speed="8.01" pos="9.11" lane=":1/1_6_0" slope="0.00"/>
        <vehicle id="11" x="121.27" y="401.65" angle="-90.00" type="DEFAULT_VEHTYPE" speed="13.80" pos="73.98" lane="1/2to0/2_0" slope="0.00"/>
        <vehicle id="12" x="602.84" y="202.18" angle="-96.14" type="DEFAULT_VEHTYPE" speed="6.55" pos="2.02" lane=":3/1_4_0" slope="0.00"/>
        <vehicle id="14" x="11.97" y="401.65" angle="-90.00" type="DEFAULT_VEHTYPE" speed="13.83" pos="183.28" lane="1/2to0/2_0" slope="0.00"/>
        <vehicle id="15" x="398.35" y="186.96" angle="0.00" type="DEFAULT_VEHTYPE" speed="13.17" pos="8.29" lane="2/1to2/0_0" slope="0.00"/>
        <vehicle id="16" x="401.65" y="781.60" angle="180.00" type="DEFAULT_VEHTYPE" speed="12.70" pos="176.85" lane="2/3to2/4_0" slope="0.00"/>
        <vehicle id="17" x="398.35" y="423.79" angle="0.00" type="DEFAULT_VEHTYPE" speed="13.70" pos="171.46" lane="2/3to2/2_0" slope="0.00"/>
        <vehicle id="18" x="398.35" y="499.66" angle="0.00" type="DEFAULT_VEHTYPE" speed="12.60" pos="95.59" lane="2/3to2/2_0" slope="0.00"/>
        <vehicle id="19" x="69.74" y="401.65" angle="-90.00" type="DEFAULT_VEHTYPE" speed="13.52" pos="125.51" lane="1/2to0/2_0" slope="0.00"/>
        <vehicle id="2" x="521.51" y="198.35" angle="90.00" type="DEFAULT_VEHTYPE" speed="13.38" pos="116.76" lane="2/1to3/1_0" slope="0.00"/>
        <vehicle id="20" x="728.55" y="201.65" angle="-90.00" type="DEFAULT_VEHTYPE" speed="13.88" pos="71.45" lane="4/1to3/1_0" slope="0.00"/>
        <vehicle id="21" x="239.14" y="401.65" angle="-90.00" type="DEFAULT_VEHTYPE" speed="13.01" pos="156.11" lane="2/2to1/2_0" slope="0.00"/>
        <vehicle id="22" x="649.50" y="198.35" angle="90.00" type="DEFAULT_VEHTYPE" speed="12.84" pos="44.75" lane="3/1to4/1_0" slope="0.00"/>
        <vehicle id="23" x="426.53" y="198.35" angle="90.00" type="DEFAULT_VEHTYPE" speed="10.72" pos="21.78" lane="2/1to3/1_0" slope="0.00"/>
        <vehicle id="24" x="317.82" y="401.65" angle="-90.00" type="DEFAULT_VEHTYPE" speed="13.53" pos="77.43" lane="2/2to1/2_0" slope="0.00"/>
        <vehicle id="3" x="383.39" y="398.35" angle="90.00" type="DEFAULT_VEHTYPE" speed="7.89" pos="178.64" lane="1/2to2/2_0" slope="0.00"/>
        <vehicle id="4" x="392.61" y="198.35" angle="90.00" type="DEFAULT_VEHTYPE" speed="0.27" pos="187.86" lane="1/1to2/1_0" slope="0.00"/>
        <vehicle id="5" x="484.01" y="601.65" angle="-90.00" type="DEFAULT_VEHTYPE" speed="13.11" pos="111.24" lane="3/3to2/3_0" slope="0.00"/>
        <vehicle id="6" x="327.75" y="398.35" angle="90.00" type="DEFAULT_VEHTYPE" speed="12.78" pos="123.00" lane="1/2to2/2_0" slope="0.00"/>
        <vehicle id="7" x="300.88" y="598.35" angle="90.00" type="DEFAULT_VEHTYPE" speed="13.15" pos="96.13" lane="1/3to2/3_0" slope="0.00"/>
        <vehicle id="8" x="214.39" y="401.65" angle="-90.00" type="DEFAULT_VEHTYPE" speed="6.83" pos="180.86" lane="2/2to1/2_0" slope="0.00"/>
        <vehicle id="9" x="401.65" y="642.82" angle="180.00" type="DEFAULT_VEHTYPE" speed="13.57" pos="38.07" lane="2/3to2/4_0" slope="0.00"/>
    </timestep>
    <timestep time="83.00">
        <vehicle id="0" x="512.56" y="401.65" angle="-90.00" type="DEFAULT_VEHTYPE" speed="13.69" pos="82.69" lane="3/2to2/2_0" slope="0.00"/>
        <vehicle id="1" x="616.54" y="198.35" angle="90.00" type="DEFAULT_VEHTYPE" speed="11.27" pos="11.79" lane="3/1to4/1_0" slope="0.00"/>
        <vehicle id="10" x="198.35" y="186.80" angle="0.00" type="DEFAULT_VEHTYPE" speed="9.66" pos="8.45" lane="1/1to1/0_0" slope="0.00"/>
        <vehicle id="11" x="107.87" y="401.65" angle="-90.00" type="DEFAULT_VEHTYPE" speed="13.40" pos="87.38" lane="1/2to0/2_0" slope="0.00"/>
        <vehicle id="12" x="601.65" y="210.84" angle="180.00" type="DEFAULT_VEHTYPE" speed="9.07" pos="6.09" lane="3/1to3/2_0" slope="0.00"/>
        <vehicle id="14" x="-0.92" y="401.04" angle="-82.81" type="DEFAULT_VEHTYPE" speed="13.07" pos="1.10" lane=":0/2_0_0" slope="0.00"/>
        <vehicle id="15" x="398.35" y="173.41" angle="0.00" type="DEFAULT_VEHTYPE" speed="13.55" pos="21.84" lane="2/1to2/0_0" slope="0.00"/>
        <vehicle id="16" x="401.65" y="795.34" angle="180.00" type="DEFAULT_VEHTYPE" speed="13.74" pos="190.59" lane="2/3to2/4_0" slope="0.00"/>
        <vehicle id="17" x="398.35" y="411.01" angle="0.00" type="DEFAULT_VEHTYPE" speed="12.78" pos="184.24" lane="2/3to2/2_0" slope="0.00"/>
        <vehicle id="18" x="398.35" y="486.34" angle="0.00" type="DEFAULT_VEHTYPE" speed="13.32" pos="108.91" lane="2/3to2/2_0" slope="0.00"/>
        <vehicle id="19" x="56.42" y="401.65" angle="-90.00" type="DEFAULT_VEHTYPE" speed="13.32" pos="138.83" lane="1/2to0/2_0" slope="0.00"/>
        <vehicle id="2" x="534.58" y="198.35" angle="90.00" type="DEFAULT_VEHTYPE" speed="13.08" pos="129.83" lane="2/1to3/1_0" slope="0.00"/>
        <vehicle id="20" x="715.16" y="201.65" angle="-90.00" type="DEFAULT_VEHTYPE" speed="13.39" pos="84.84" lane="4/1to3/1_0" slope="0.00"/>
        <vehicle id="21" x="228.50" y="401.65" angle="-90.00" type="DEFAULT_VEHTYPE" speed="10.64" pos="166.75" lane="2/2to1/2_0" slope="0.00"/>
        <vehicle id="22" x="662.55" y="198.35" angle="90.00" type="DEFAULT_VEHTYPE" speed="13.04" pos="57.80" lane="3/1to4/1_0" slope="0.00"/>
        <vehicle id="23" x="438.73" y="198.35" angle="90.00" type="DEFAULT_VEHTYPE" speed="12.20" pos="33.98" lane="2/1to3/1_0" slope="0.00"/>
        <vehicle id="24" x="304.44" y="401.65" angle="-90.00" type="DEFAULT_VEHTYPE" speed="13.38" pos="90.81" lane="2/2to1/2_0" slope="0.00"/>
        <vehicle id="3" x="388.22" y="398.35" angle="90.00" type="DEFAULT_VEHTYPE" speed="4.82" pos="183.47" lane="1/2to2/2_0" slope="0.00"/>
        <vehicle id="4" x="395.28" y="198.35" angle="90.00" type="DEFAULT_VEHTYPE" speed="2.67" pos="0.03" lane=":2/1_13_0" slope="0.00"/>
        <vehicle id="5" x="470.59" y="601.65" angle="-90.00" type="DEFAULT_VEHTYPE" speed="13.42" pos="124.66" lane="3/3to2/3_0" slope="0.00"/>
        <vehicle id="6" x="340.73" y="398.35" angle="90.00" type="DEFAULT_VEHTYPE" speed="12.98" pos="135.98" lane="1/2to2/2_0" slope="0.00"/>
        <vehicle id="7" x="314.45" y="598.35" angle="90.00" type="DEFAULT_VEHTYPE" speed="13.57" pos="109.70" lane="1/3to2/3_0" slope="0.00"/>
        <vehicle id="8" x="210.10" y="401.65" angle="-90.00" type="DEFAULT_VEHTYPE" speed="4.29" pos="185.15" lane="2/2to1/2_0" slope="0.00"/>
        <vehicle id="9" x="401.65" y="656.12" angle="180.00" type="DEFAULT_VEHTYPE" speed="13.30" pos="51.37" lane="2/3to2/4_0" slope="0.00"/>
    </timestep>
    <timestep time="84.00">
        <vehicle id="0" x="498.76" y="401.65" angle="-90.00" type="DEFAULT_VEHTYPE" speed="13.80" pos="96.49" lane="3/2to2/2_0" slope="0.00"/>
        <vehicle id="1" x="629.57" y="198.35" angle="90.00" type="DEFAULT_VEHTYPE" speed="13.04" pos="24.82" lane="3/1to4/1_0" slope="0.00"/>
        <vehicle id="10" x="198.35" y="174.95" angle="0.00" type="DEFAULT_VEHTYPE" speed="11.85" pos="20.30" lane="1/1to1/0_0" slope="0.00"/>
        <vehicle id="11" x="94.91" y="401.65" angle="-90.00" type="DEFAULT_VEHTYPE" speed="12.96" pos="100.34" lane="1/2to0/2_0" slope="0.00"/>
        <vehicle id="12" x="601.65" y="222.48" angle="180.00" type="DEFAULT_VEHTYPE" speed="11.64" pos="17.73" lane="3/1to3/2_0" slope="0.00"/>
        <vehicle id="14" x="9.10" y="398.35" angle="90.00" type="DEFAULT_VEHTYPE" speed="12.82" pos="9.10" lane="0/2to1/2_0" slope="0.00"/>
        <vehicle id="15" x="398.35" y="159.65" angle="0.00" type="DEFAULT_VEHTYPE" speed="13.76" pos="35.60" lane="2/1to2/0_0" slope="0.00"/>
        <vehicle id="16" x="398.35" y="795.67" angle="-4.36" type="DEFAULT_VEHTYPE" speed="13.81" pos="4.33" lane="2/4to2/3_0" slope="0.00"/>
        <vehicle id="17" x="393.89" y="401.65" angle="-67.62" type="DEFAULT_VEHTYPE" speed="12.61" pos="1.36" lane="2/2to1/2_0" slope="0.00"/>
        <vehicle id="18" x="398.35" y="473.03" angle="0.00" type="DEFAULT_VEHTYPE" speed="13.31" pos="122.22" lane="2/3to2/2_0" slope="0.00"/>
        <vehicle id="19" x="43.18" y="401.65" angle="-90.00" type="DEFAULT_VEHTYPE" speed="13.24" pos="152.07" lane="1/2to0/2_0" slope="0.00"/>
        <vehicle id="2" x="547.81" y="198.35" angle="90.00" type="DEFAULT_VEHTYPE" speed="13.22" pos="143.06" lane="2/1to3/1_0" slope="0.00"/>
        <vehicle id="20" x="702.15" y="201.65" angle="-90.00" type="DEFAULT_VEHTYPE" speed="13.01" pos="97.85" lane="4/1to3/1_0" slope="0.00"/>
        <vehicle id="21" x="222.37" y="401.65" angle="-90.00" type="DEFAULT_VEHTYPE" speed="6.14" pos="172.88" lane="2/2to1/2_0" slope="0.00"/>
        <vehicle id="22" x="676.18" y="198.35" angle="90.00" type="DEFAULT_VEHTYPE" speed="13.64" pos="71.43" lane="3/1to4/1_0" slope="0.00"/>
        <vehicle id="23" x="452.63" y="198.35" angle="90.00" type="DEFAULT_VEHTYPE" speed="13.89" pos="47.88" lane="2/1to3/1_0" slope="0.00"/>
        <vehicle id="24" x="291.56" y="401.65" angle="-90.00" type="DEFAULT_VEHTYPE" speed="12.88" pos="103.69" lane="2/2to1/2_0" slope="0.00"/>
        <vehicle id="3" x="390.62" y="398.35" angle="90.00" type="DEFAULT_VEHTYPE" speed="2.40" pos="185.87" lane="1/2to2/2_0" slope="0.00"/>
        <vehicle id="4" x="400.03" y="198.35" angle="90.00" type="DEFAULT_VEHTYPE" speed="4.75" pos="4.78" lane=":2/1_13_0" slope="0.00"/>
        <vehicle id="5" x="456.76" y="601.65" angle="-90.00" type="DEFAULT_VEHTYPE" speed="13.83" pos="138.49" lane="3/3to2/3_0" slope="0.00"/>
        <vehicle id="6" x="353.94" y="398.35" angle="90.00" type="DEFAULT_VEHTYPE" speed="13.20" pos="149.19" lane="1/2to2/2_0" slope="0.00"/>
        <vehicle id="7" x="327.46" y="598.35" angle="90.00" type="DEFAULT_VEHTYPE" speed="13.01" pos="122.71" lane="1/3to2/3_0" slope="0.00"/>
        <vehicle id="8" x="204.24" y="401.58" angle="-89.17" type="DEFAULT_VEHTYPE" speed="5.86" pos="0.51" lane=":1/2_6_0" slope="0.00"/>
        <vehicle id="9" x="401.65" y="669.79" angle="180.00" type="DEFAULT_VEHTYPE" speed="13.67" pos="65.04" lane="2/3to2/4_0" slope="0.00"/>
    </timestep>
    <timestep time="85.00">
        <vehicle id="0" x="486.16" y="401.65" angle="-90.00" type="DEFAULT_VEHTYPE" speed="12.60" pos="109.09" lane="3/2to2/2_0" slope="0.00"/>
        <vehicle id="1" x="642.55" y="198.35" angle="90.00" type="DEFAULT_VEHTYPE" speed="12.98" pos="37.80" lane="3/1to4/1_0" slope="0.00"/>
        <vehicle id="10" x="198.35" y="161.11" angle="0.00" type="DEFAULT_VEHTYPE" speed="13.84" pos="34.14" lane="1/1to1/0_0" slope="0.00"/>
        <vehicle id="11" x="81.59" y="401.65" angle="-90.00" type="DEFAULT_VEHTYPE" speed="13.32" pos="113.66" lane="1/2to0/2_0" slope="0.00"/>
        <vehicle id="12" x="601.65" y="235.35" angle="180.00" type="DEFAULT_VEHTYPE" speed="12.86" pos="30.60" lane="3/1to3/2_0" slope="0.00"/>
        <vehicle id="14" x="22.90" y="398.35" angle="90.00" type="DEFAULT_VEHTYPE" speed="13.80" pos="22.90" lane="0/2to1/2_0" slope="0.00"/>
        <vehicle id="15" x="398.35" y="147.02" angle="0.00" type="DEFAULT_VEHTYPE" speed="12.63" pos="48.23" lane="2/1to2/0_0" slope="0.00"/>
        <vehicle id="16" x="398.35" y="782.08" angle="0.00" type="DEFAULT_VEHTYPE" speed="13.59" pos="17.92" lane="2/4to2/3_0" slope="0.00"/>
        <vehicle id="17" x="380.63" y="401.65" angle="-90.00" type="DEFAULT_VEHTYPE" speed="13.26" pos="14.62" lane="2/2to1/2_0" slope="0.00"/>
        <vehicle id="18" x="398.35" y="460.19" angle="0.00" type="DEFAULT_VEHTYPE" speed="12.85" pos="135.06" lane="2/3to2/2_0" slope="0.00"/>
        <vehicle id="19" x="30.02" y="401.65" angle="-90.00" type="DEFAULT_VEHTYPE" speed="13.16" pos="165.23" lane="1/2to0/2_0" slope="0.00"/>
        <vehicle id="2" x="560.62" y="198.35" angle="90.00" type="DEFAULT_VEHTYPE" speed="12.81" pos="155.87" lane="2/1to3/1_0" slope="0.00"/>
        <vehicle id="20" x="689.30" y="201.65" angle="-90.00" type="DEFAULT_VEHTYPE" speed="12.85" pos="110.70" lane="4/1to3/1_0" slope="0.00"/>
        <vehicle id="21" x="215.08" y="401.65" angle="-90.00" type="DEFAULT_VEHTYPE" speed="7.28" pos="180.17" lane="2/2to1/2_0" slope="0.00"/>
        <vehicle id="22" x="689.29" y="198.35" angle="90.00" type="DEFAULT_VEHTYPE" speed="13.11" pos="84.54" lane="3/1to4/1_0" slope="0.00"/>
        <vehicle id="23" x="465.91" y="198.35" angle="90.00" type="DEFAULT_VEHTYPE" speed="13.28" pos="61.16" lane="2/1to3/1_0" slope="0.00"/>
        <vehicle id="24" x="277.66" y="401.65" angle="-90.00" type="DEFAULT_VEHTYPE" speed="13.90" pos="117.59" lane="2/2to1/2_0" slope="0.00"/>
        <vehicle id="3" x="395.14" y="398.35" angle="90.00" type="DEFAULT_VEHTYPE" speed="4.52" pos="190.39" lane="1/2to2/2_0" slope="0.00"/>
        <vehicle id="4" x="406.44" y="198.35" angle="90.00" type="DEFAULT_VEHTYPE" speed="6.42" pos="1.69" lane="2/1to3/1_0" slope="0.00"/>
        <vehicle id="5" x="443.54" y="601.65" angle="-90.00" type="DEFAULT_VEHTYPE" speed="13.22" pos="151.71" lane="3/3to2/3_0" slope="0.00"/>
        <vehicle id="6" x="365.87" y="398.35" angle="90.00" type="DEFAULT_VEHTYPE" speed="11.94" pos="161.12" lane="1/2to2/2_0" slope="0.00"/>
        <vehicle id="7" x="341.25" y="598.35" angle="90.00" type="DEFAULT_VEHTYPE" speed="13.78" pos="136.50" lane="1/3to2/3_0" slope="0.00"/>
        <vehicle id="8" x="198.63" y="397.24" angle="-37.69" type="DEFAULT_VEHTYPE" speed="7.80" pos="8.31" lane=":1/2_6_0" slope="0.00"/>
        <vehicle id="9" x="401.65" y="683.34" angle="180.00" type="DEFAULT_VEHTYPE" speed="13.55" pos="78.59" lane="2/3to2/4_0" slope="0.00"/>
    </timestep>
    <timestep time="86.00">
        <vehicle id="0" x="473.32" y="401.65" angle="-90.00" type="DEFAULT_VEHTYPE" speed="12.84" pos="121.93" lane="3/2to2/2_0" slope="0.00"/>
        <vehicle id="1" x="655.72" y="198.35" angle="90.00" type="DEFAULT_VEHTYPE" speed="13.17" pos="50.97" lane="3/1to4/1_0" slope="0.00"/>
        <vehicle id="10" x="198.35" y="148.12" angle="0.00" type="DEFAULT_VEHTYPE" speed="13.00" pos="47.13" lane="1/1to1/0_0" slope="0.00"/>
        <vehicle id="11" x="68.15" y="401.65" angle="-90.00" type="DEFAULT_VEHTYPE" speed="13.45" pos="127.10" lane="1/2to0/2_0" slope="0.00"/>
        <vehicle id="12" x="601.65" y="248.92" angle="180.00" type="DEFAULT_VEHTYPE" speed="13.58" pos="44.17" lane="3/1to3/2_0" slope="0.00"/>
        <vehicle id="14" x="36.76" y="398.35" angle="90.00" type="DEFAULT_VEHTYPE" speed="13.86" pos="36.76" lane="0/2to1/2_0" slope="0.00"/>
        <vehicle id="15" x="398.35" y="134.05" angle="0.00" type="DEFAULT_VEHTYPE" speed="12.98" pos="61.20" lane="2/1to2/0_0" slope="0.00"/>
        <vehicle id="16" x="398.35" y="768.85" angle="0.00" type="DEFAULT_VEHTYPE" speed="13.22" pos="31.15" lane="2/4to2/3_0" slope="0.00"/>
        <vehicle id="17" x="367.66" y="401.65" angle="-90.00" type="DEFAULT_VEHTYPE" speed="12.97" pos="27.59" lane="2/2to1/2_0" slope="0.00"/>
        <vehicle id="18" x="398.35" y="447.35" angle="0.00" type="DEFAULT_VEHTYPE" speed="12.83" pos="147.90" lane="2/3to2/2_0" slope="0.00"/>
        <vehicle id="19" x="16.97" y="401.65" angle="-90.00" type="DEFAULT_VEHTYPE" speed="13.05" pos="178.28" lane="1/2to0/2_0" slope="0.00"/>
        <vehicle id="2" x="573.02" y="198.35" angle="90.00" type="DEFAULT_VEHTYPE" speed="12.41" pos="168.27" lane="2/1to3/1_0" slope="0.00"/>
        <vehicle id="20" x="676.53" y="201.65" angle="-90.00" type="DEFAULT_VEHTYPE" speed="12.77" pos="123.47" lane="4/1to3/1_0" slope="0.00"/>
        <vehicle id="21" x="210.81" y="401.65" angle="-90.00" type="DEFAULT_VEHTYPE" speed="4.27" pos="184.44" lane="2/2to1/2_0" slope="0.00"/>
        <vehicle id="22" x="702.77" y="198.35" angle="90.00" type="DEFAULT_VEHTYPE" speed="13.48" pos="98.02" lane="3/1to4/1_0" slope="0.00"/>
        <vehicle id="23" x="478.86" y="198.35" angle="90.00" type="DEFAULT_VEHTYPE" speed="12.95" pos="74.11" lane="2/1to3/1_0" slope="0.00"/>
        <vehicle id="24" x="264.42" y="401.65" angle="-90.00" type="DEFAULT_VEHTYPE" speed="13.24" pos="130.83" lane="2/2to1/2_0" slope="0.00"/>
        <vehicle id="3" x="398.35" y="394.02" angle="24.27" type="DEFAULT_VEHTYPE" speed="6.35" pos="1.23" lane="2/2to2/1_0" slope="0.00"/>
        <vehicle id="4" x="415.12" y="198.35" angle="90.00" type="DEFAULT_VEHTYPE" speed="8.68" pos="10.37" lane="2/1to3/1_0" slope="0.00"/>
        <vehicle id="5" x="430.87" y="601.65" angle="-90.00" type="DEFAULT_VEHTYPE" speed="12.67" pos="164.38" lane="3/3to2/3_0" slope="0.00"/>
        <vehicle id="6" x="376.95" y="398.35" angle="90.00" type="DEFAULT_VEHTYPE" speed="11.08" pos="172.20" lane="1/2to2/2_0" slope="0.00"/>
        <vehicle id="7" x="354.36" y="598.35" angle="90.00" type="DEFAULT_VEHTYPE" speed="13.11" pos="149.61" lane="1/3to2/3_0" slope="0.00"/>
        <vehicle id="8" x="198.35" y="387.37" angle="0.00" type="DEFAULT_VEHTYPE" speed="9.90" pos="7.88" lane="1/2to1/1_0" slope="0.00"/>
        <vehicle id="9" x="401.65" y="697.13" angle="180.00" type="DEFAULT_VEHTYPE" speed="13.80" pos="92.38" lane="2/3to2/4_0" slope="0.00"/>
    </timestep>
    <timestep time="87.00">
        <vehicle id="0" x="459.62" y="401.65" angle="-90.00" type="DEFAULT_VEHTYPE" speed="13.69" pos="135.63" lane="3/2to2/2_0" slope="0.00"/>
        <vehicle id="1" x="668.37" y="198.35" angle="90.00" type="DEFAULT_VEHTYPE" speed="12.66" pos="63.62" lane="3/1to4/1_0" slope="0.00"/>
        <vehicle id="10" x="198.35" y="135.05" angle="0.00" type="DEFAULT_VEHTYPE" speed="13.06" pos="60.20" lane="1/1to1/0_0" slope="0.00"/>
        <vehicle id="11" x="54.38" y="401.65" angle="-90.00" type="DEFAULT_VEHTYPE" speed="13.77" pos="140.87" lane="1/2to0/2_0" slope="0.00"/>
        <vehicle id="12" x="601.65" y="261.65" angle="180.00" type="DEFAULT_VEHTYPE" speed="12.73" pos="56.90" lane="3/1to3/2_0" slope="0.00"/>
        <vehicle id="14" x="50.42" y="398.35" angle="90.00" type="DEFAULT_VEHTYPE" speed="13.66" pos="50.42" lane="0/2to1/2_0" slope="0.00"/>
        <vehicle id="15" x="398.35" y="120.81" angle="0.00" type="DEFAULT_VEHTYPE" speed="13.24" pos="74.44" lane="2/1to2/0_0" slope="0.00"/>
        <vehicle id="16" x="398.35" y="755.38" angle="0.00" type="DEFAULT_VEHTYPE" speed="13.47" pos="44.62" lane="2/4to2/3_0" slope="0.00"/>
        <vehicle id="17" x="354.19" y="401.65" angle="-90.00" type="DEFAULT_VEHTYPE" speed="13.47" pos="41.06" lane="2/2to1/2_0" slope="0.00"/>
        <vehicle id="18" x="398.35" y="433.56" angle="0.00" type="DEFAULT_VEHTYPE" speed="13.79" pos="161.69" lane="2/3to2/2_0" slope="0.00"/>
        <vehicle id="19" x="3.77" y="401.65" angle="-90.00" type="DEFAULT_VEHTYPE" speed="13.19" pos="191.48" lane="1/2to0/2_0" slope="0.00"/>
        <vehicle id="2" x="581.86" y="198.35" angle="90.00" type="DEFAULT_VEHTYPE" speed="8.83" pos="177.11" lane="2/1to3/1_0" slope="0.00"/>
        <vehicle id="20" x="663.46" y="201.65" angle="-90.00" type="DEFAULT_VEHTYPE" speed="13.07" pos="136.54" lane="4/1to3/1_0" slope="0.00"/>
        <vehicle id="21" x="204.47" y="401.61" angle="-89.54" type="DEFAULT_VEHTYPE" speed="6.35" pos="0.29" lane=":1/2_6_0" slope="0.00"/>
        <vehicle id="22" x="716.00" y="198.35" angle="90.00" type="DEFAULT_VEHTYPE" speed="13.23" pos="111.25" lane="3/1to4/1_0" slope="0.00"/>
        <vehicle id="23" x="491.51" y="198.35" angle="90.00" type="DEFAULT_VEHTYPE" speed="12.65" pos="86.76" lane="2/1to3/1_0" slope="0.00"/>
        <vehicle id="24" x="251.27" y="401.65" angle="-90.00" type="DEFAULT_VEHTYPE" speed="13.15" pos="143.98" lane="2/2to1/2_0" slope="0.00"/>
        <vehicle id="3" x="398.35" y="386.32" angle="0.00" type="DEFAULT_VEHTYPE" speed="7.69" pos="8.93" lane="2/2to2/1_0" slope="0.00"/>
        <vehicle id="4" x="425.62" y="198.35" angle="90.00" type="DEFAULT_VEHTYPE" speed="10.50" pos="20.87" lane="2/1to3/1_0" slope="0.00"/>
        <vehicle id="5" x="421.23" y="601.65" angle="-90.00" type="DEFAULT_VEHTYPE" speed="9.64" pos="174.02" lane="3/3to2/3_0" slope="0.00"/>
        <vehicle id="6" x="385.03" y="398.35" angle="90.00" type="DEFAULT_VEHTYPE" speed="8.08" pos="180.28" lane="1/2to2/2_0" slope="0.00"/>
        <vehicle id="7" x="366.96" y="598.35" angle="90.00" type="DEFAULT_VEHTYPE" speed="12.60" pos="162.21" lane="1/3to2/3_0" slope="0.00"/>
        <vehicle id="8" x="198.35" y="375.82" angle="0.00" type="DEFAULT_VEHTYPE" speed="11.54" pos="19.43" lane="1/2to1/1_0" slope="0.00"/>
        <vehicle id="9" x="401.65" y="710.89" angle="180.00" type="DEFAULT_VEHTYPE" speed="13.76" pos="106.14" lane="2/3to2/4_0" slope="0.00"/>
    </timestep>
    <timestep time="88.00">
        <vehicle id="0" x="446.28" y="401.65" angle="-90.00" type="DEFAULT_VEHTYPE" speed="13.34" pos="148.97" lane="3/2to2/2_0" slope="0.00"/>
        <vehicle id="1" x="681.87" y="198.35" angle="90.00" type="DEFAULT_VEHTYPE" speed="13.49" pos="77.12" lane="3/1to4/1_0" slope="0.00"/>
        <vehicle id="10" x="198.35" y="121.28" angle="0.00" type="DEFAULT_VEHTYPE" speed="13.77" pos="73.97" lane="1/1to1/0_0" slope="0.00"/>
        <vehicle id="11" x="41.42" y="401.65" angle="-90.00" type="DEFAULT_VEHTYPE" speed="12.96" pos="153.83" lane="1/2to0/2_0" slope="0.00"/>
        <vehicle id="12" x="601.65" y="274.55" angle="180.00" type="DEFAULT_VEHTYPE" speed="12.90" pos="69.80" lane="3/1to3/2_0" slope="0.00"/>
        <vehicle id="14" x="63.60" y="398.35" angle="90.00" type="DEFAULT_VEHTYPE" speed="13.18" pos="63.60" lane="0/2to1/2_0" slope="0.00"/>
        <vehicle id="15" x="398.35" y="107.48" angle="0.00" type="DEFAULT_VEHTYPE" speed="13.33" pos="87.77" lane="2/1to2/0_0" slope="0.00"/>
        <vehicle id="16" x="398.35" y="741.86" angle="0.00" type="DEFAULT_VEHTYPE" speed="13.53" pos="58.14" lane="2/4to2/3_0" slope="0.00"/>
        <vehicle id="17" x="340.95" y="401.65" angle="-90.00" type="DEFAULT_VEHTYPE" speed="13.24" pos="54.30" lane="2/2to1/2_0" slope="0.00"/>
        <vehicle id="18" x="398.35" y="420.82" angle="0.00" type="DEFAULT_VEHTYPE" speed="12.74" pos="174.43" lane="2/3to2/2_0" slope="0.00"/>
        <vehicle id="19" x="4.44" y="398.35" angle="86.35" type="DEFAULT_VEHTYPE" speed="13.03" pos="4.44" lane="0/2to1/2_0" slope="0.00"/>
        <vehicle id="2" x="588.18" y="198.35" angle="90.00" type="DEFAULT_VEHTYPE" speed="6.32" pos="183.43" lane="2/1to3/1_0" slope="0.00"/>
        <vehicle id="20" x="650.00" y="201.65" angle="-90.00" type="DEFAULT_VEHTYPE" speed="13.46" pos="150.00" lane="4/1to3/1_0" slope="0.00"/>
        <vehicle id="21" x="198.51" y="396.35" angle="-28.35" type="DEFAULT_VEHTYPE" speed="8.92" pos="9.21" lane=":1/2_6_0" slope="0.00"/>
        <vehicle id="22" x="729.04" y="198.35" angle="90.00" type="DEFAULT_VEHTYPE" speed="13.04" pos="124.29" lane="3/1to4/1_0" slope="0.00"/>
        <vehicle id="23" x="504.88" y="198.35" angle="90.00" type="DEFAULT_VEHTYPE" speed="13.37" pos="100.13" lane="2/1to3/1_0" slope="0.00"/>
        <vehicle id="24" x="238.30" y="401.65" angle="-90.00" type="DEFAULT_VEHTYPE" speed="12.97" pos="156.95" lane="2/2to1/2_0" slope="0.00"/>
        <vehicle id="3" x="398.35" y="376.96" angle="0.00" type="DEFAULT_VEHTYPE" speed="9.36" pos="18.29" lane="2/2to2/1_0" slope="0.00"/>
        <vehicle id="4" x="438.68" y="198.35" angle="90.00" type="DEFAULT_VEHTYPE" speed="13.06" pos="33.93" lane="2/1to3/1_0" slope="0.00"/>
        <vehicle id="5" x="414.84" y="601.65" angle="-90.00" type="DEFAULT_VEHTYPE" speed="6.39" pos="180.41" lane="3/3to2/3_0" slope="0.00"/>
        <vehicle id="6" x="388.97" y="398.35" angle="90.00" type="DEFAULT_VEHTYPE" speed="3.94" pos="184.22" lane="1/2to2/2_0" slope="0.00"/>
        <vehicle id="7" x="377.36" y="598.35" angle="90.00" type="DEFAULT_VEHTYPE" speed="10.40" pos="172.61" lane="1/3to2/3_0" slope="0.00"/>
        <vehicle id="8" x="198.35" y="362.55" angle="0.00" type="DEFAULT_VEHTYPE" speed="13.28" pos="32.70" lane="1/2to1/1_0" slope="0.00"/>
        <vehicle id="9" x="401.65" y="723.64" angle="180.00" type="DEFAULT_VEHTYPE" speed="12.75" pos="118.89" lane="2/3to2/4_0" slope="0.00"/>
    </timestep>
    <timestep time="89.00">
        <vehicle id="0" x="432.55" y="401.65" angle="-90.00" type="DEFAULT_VEHTYPE" speed="13.73" pos="162.70" lane="3/2to2/2_0" slope="0.00"/>
        <vehicle id="1" x="695.48" y="198.35" angle="90.00" type="DEFAULT_VEHTYPE" speed="13.61" pos="90.73" lane="3/1to4/1_0" slope="0.00"/>
        <vehicle id="10" x="198.35" y="108.34" angle="0.00" type="DEFAULT_VEHTYPE" speed="12.94" pos="86.91" lane="1/1to1/0_0" slope="0.00"/>
        <vehicle id="11" x="28.53" y="401.65" angle="-90.00" type="DEFAULT_VEHTYPE" speed="12.89" pos="166.72" lane="1/2to0/2_0" slope="0.00"/>
        <vehicle id="12" x="601.65" y="288.22" angle="180.00" type="DEFAULT_VEHTYPE" speed="13.67" pos="83.47" lane="3/1to3/2_0" slope="0.00"/>
        <vehicle id="14" x="76.61" y="398.35" angle="90.00" type="DEFAULT_VEHTYPE" speed="13.01" pos="76.61" lane="0/2to1/2_0" slope="0.00"/>
        <vehicle id="15" x="398.35" y="94.05" angle="0.00" type="DEFAULT_VEHTYPE" speed="13.44" pos="101.20" lane="2/1to2/0_0" slope="0.00"/>
        <vehicle id="16" x="398.35" y="728.15" angle="0.00" type="DEFAULT_VEHTYPE" speed="13.71" pos="71.85" lane="2/4to2/3_0" slope="0.00"/>
        <vehicle id="17" x="327.43" y="401.65" angle="-90.00" type="DEFAULT_VEHTYPE" speed="13.52" pos="67.82" lane="2/2to1/2_0" slope="0.00"/>
        <vehicle id="18" x="398.35" y="408.18" angle="0.00" type="DEFAULT_VEHTYPE" speed="12.64" pos="187.07" lane="2/3to2/2_0" slope="0.00"/>
        <vehicle id="19" x="17.68" y="398.35" angle="90.00" type="DEFAULT_VEHTYPE" speed="13.24" pos="17.68" lane="0/2to1/2_0" slope="0.00"/>
        <vehicle id="2" x="590.93" y="198.35" angle="90.00" type="DEFAULT_VEHTYPE" speed="2.75" pos="186.18" lane="2/1to3/1_0" slope="0.00"/>
        <vehicle id="20" x="636.55" y="201.65" angle="-90.00" type="DEFAULT_VEHTYPE" speed="13.45" pos="163.45" lane="4/1to3/1_0" slope="0.00"/>
        <vehicle id="21" x="198.35" y="386.08" angle="0.00" type="DEFAULT_VEHTYPE" speed="10.28" pos="9.17" lane="1/2to1/1_0" slope="0.00"/>
        <vehicle id="22" x="742.04" y="198.35" angle="90.00" type="DEFAULT_VEHTYPE" speed="13.00" pos="137.29" lane="3/1to4/1_0" slope="0.00"/>
        <vehicle id="23" x="518.75" y="198.35" angle="90.00" type="DEFAULT_VEHTYPE" speed="13.86" pos="114.00" lane="2/1to3/1_0" slope="0.00"/>
        <vehicle id="24" x="225.81" y="401.65" angle="-90.00" type="DEFAULT_VEHTYPE" speed="12.49" pos="169.44" lane="2/2to1/2_0" slope="0.00"/>
        <vehicle id="3" x="398.35" y="365.13" angle="0.00" type="DEFAULT_VEHTYPE" speed="11.83" pos="30.12" lane="2/2to2/1_0" slope="0.00"/>
        <vehicle id="4" x="451.55" y="198.35" angle="90.00" type="DEFAULT_VEHTYPE" speed="12.87" pos="46.80" lane="2/1to3/1_0" slope="0.00"/>
        <vehicle id="5" x="410.25" y="601.65" angle="-90.00" type="DEFAULT_VEHTYPE" speed="4.58" pos="185.00" lane="3/3to2/3_0" slope="0.00"/>
        <vehicle id="6" x="395.42" y="398.33" angle="89.73" type="DEFAULT_VEHTYPE" speed="6.44" pos="0.17" lane=":2/2_12_0" slope="0.00"/>
        <vehicle id="7" x="384.65" y="598.35" angle="90.00" type="DEFAULT_VEHTYPE" speed="7.29" pos="179.90" lane="1/3to2/3_0" slope="0.00"/>
        <vehicle id="8" x="198.35" y="348.92" angle="0.00" type="DEFAULT_VEHTYPE" speed="13.63" pos="46.33" lane="1/2to1/1_0" slope="0.00"/>
        <vehicle id="9" x="401.65" y="736.68" angle="180.00" type="DEFAULT_VEHTYPE" speed="13.04" pos="131.93" lane="2/3to2/4_0" slope="0.00"/>
    </timestep>
    <timestep time="90.00">
        <vehicle id="0" x="422.38" y="401.65" angle="-90.00" type="DEFAULT_VEHTYPE" speed="10.17" pos="172.87" lane="3/2to2/2_0" slope="0.00"/>
        <vehicle id="1" x="708.16" y="198.35" angle="90.00" type="DEFAULT_VEHTYPE" speed="12.69" pos="103.41" lane="3/1to4/1_0" slope="0.00"/>
        <vehicle id="10" x="198.35" y="95.67" angle="0.00" type="DEFAULT_VEHTYPE" speed="12.67" pos="99.58" lane="1/1to1/0_0" slope="0.00"/>
        <vehicle id="11" x="15.44" y="401.65" angle="-90.00" type="DEFAULT_VEHTYPE" speed="13.09" pos="179.81" lane="1/2to0/2_0" slope="0.00"/>
        <vehicle id="12" x="601.65" y="302.05" angle="180.00" type="DEFAULT_VEHTYPE" speed="13.83" pos="97.30" lane="3/1to3/2_0" slope="0.00"/>
        <vehicle id="14" x="90.28" y="398.35" angle="90.00" type="DEFAULT_VEHTYPE" speed="13.67" pos="90.28" lane="0/2to1/2_0" slope="0.00"/>
        <vehicle id="15" x="398.35" y="80.81" angle="0.00" type="DEFAULT_VEHTYPE" speed="13.24" pos="114.44" lane="2/1to2/0_0" slope="0.00"/>
        <vehicle id="16" x="398.35" y="715.07" angle="0.00" type="DEFAULT_VEHTYPE" speed="13.08" pos="84.93" lane="2/4to2/3_0" slope="0.00"/>
        <vehicle id="17" x="314.32" y="401.65" angle="-90.00" type="DEFAULT_VEHTYPE" speed="13.11" pos="80.93" lane="2/2to1/2_0" slope="0.00"/>
        <vehicle id="18" x="390.11" y="401.65" angle="-90.00" type="DEFAULT_VEHTYPE" speed="13.57" pos="5.14" lane="2/2to1/2_0" slope="0.00"/>
        <vehicle id="19" x="30.67" y="398.35" angle="90.00" type="DEFAULT_VEHTYPE" speed="12.99" pos="30.67" lane="0/2to1/2_0" slope="0.00"/>
        <vehicle id="2" x="595.03" y="198.35" angle="90.00" type="DEFAULT_VEHTYPE" speed="4.10" pos="190.28" lane="2/1to3/1_0" slope="0.00"/>
        <vehicle id="20" x="624.77" y="201.65" angle="-90.00" type="DEFAULT_VEHTYPE" speed="11.78" pos="175.23" lane="4/1to3/1_0" slope="0.00"/>
        <vehicle id="21" x="198.35" y="374.05" angle="0.00" type="DEFAULT_VEHTYPE" speed="12.03" pos="21.20" lane="1/2to1/1_0" slope="0.00"/>
        <vehicle id="22" x="755.03" y="198.35" angle="90.00" type="DEFAULT_VEHTYPE" speed="12.99" pos="150.28" lane="3/1to4/1_0" slope="0.00"/>
        <vehicle id="23" x="531.63" y="198.35" angle="90.00" type="DEFAULT_VEHTYPE" speed="12.89" pos="126.88" lane="2/1to3/1_0" slope="0.00"/>
        <vehicle id="24" x="216.62" y="401.65" angle="-90.00" type="DEFAULT_VEHTYPE" speed="9.18" pos="178.63" lane="2/2to1/2_0" slope="0.00"/>
        <vehicle id="3" x="398.35" y="352.16" angle="0.00" type="DEFAULT_VEHTYPE" speed="12.97" pos="43.09" lane="2/2to2/1_0" slope="0.00"/>
        <vehicle id="4" x="465.07" y="198.35" angle="90.00" type="DEFAULT_VEHTYPE" speed="13.51" pos="60.32" lane="2/1to3/1_0" slope="0.00"/>
        <vehicle id="5" x="404.27" y="601.58" angle="-89.22" type="DEFAULT_VEHTYPE" speed="5.98" pos="0.48" lane=":2/3_6_0" slope="0.00"/>
        <vehicle id="6" x="398.35" y="391.93" angle="4.04" type="DEFAULT_VEHTYPE" speed="8.15" pos="3.32" lane="2/2to2/1_0" slope="0.00"/>
        <vehicle id="7" x="389.73" y="598.35" angle="90.00" type="DEFAULT_VEHTYPE" speed="5.08" pos="184.98" lane="1/3to2/3_0" slope="0.00"/>
        <vehicle id="8" x="198.35" y="335.66" angle="0.00" type="DEFAULT_VEHTYPE" speed="13.26" pos="59.59" lane="1/2to1/1_0" slope="0.00"/>
        <vehicle id="9" x="401.65" y="750.36" angle="180.00" type="DEFAULT_VEHTYPE" speed="13.67" pos="145.61" lane="2/3to2/4_0" slope="0.00"/>
    </timestep>
    <timestep time="91.00">
        <vehicle id="0" x="415.07" y="401.65" angle="-90.00" type="DEFAULT_VEHTYPE" speed="7.31" pos="180.18" lane="3/2to2/2_0" slope="0.00"/>
        <vehicle id="1" x="721.99" y="198.35" angle="90.00" type="DEFAULT_VEHTYPE" speed="13.82" pos="117.24" lane="3/1to4/1_0" slope="0.00"/>
        <vehicle id="10" x="198.35" y="82.17" angle="0.00" type="DEFAULT_VEHTYPE" speed="13.51" pos="113.08" lane="1/1to1/0_0" slope="0.00"/>
        <vehicle id="11" x="2.50" y="401.65" angle="-90.00" type="DEFAULT_VEHTYPE" speed="12.94" pos="192.75" lane="1/2to0/2_0" slope="0.00"/>
        <vehicle id="12" x="601.65" y="314.90" angle="180.00" type="DEFAULT_VEHTYPE" speed="12.85" pos="110.15" lane="3/1to3/2_0" slope="0.00"/>
        <vehicle id="14" x="104.10" y="398.35" angle="90.00" type="DEFAULT_VEHTYPE" speed="13.82" pos="104.10" lane="0/2to1/2_0" slope="0.00"/>
        <vehicle id="15" x="398.35" y="67.88" angle="0.00" type="DEFAULT_VEHTYPE" speed="12.93" pos="127.37" lane="2/1to2/0_0" slope="0.00"/>
        <vehicle id="16" x="398.35" y="701.22" angle="0.00" type="DEFAULT_VEHTYPE" speed="13.85" pos="98.78" lane="2/4to2/3_0" slope="0.00"/>
        <vehicle id="17" x="301.32" y="401.65" angle="-90.00" type="DEFAULT_VEHTYPE" speed="13.00" pos="93.93" lane="2/2to1/2_0" slope="0.00"/>
        <vehicle id="18" x="377.41" y="401.65" angle="-90.00" type="DEFAULT_VEHTYPE" speed="12.70" pos="17.84" lane="2/2to1/2_0" slope="0.00"/>
        <vehicle id="19" x="43.73" y="398.35" angle="90.00" type="DEFAULT_VEHTYPE" speed="13.06" pos="43.73" lane="0/2to1/2_0" slope="0.00"/>
        <vehicle id="2" x="600.94" y="198.35" angle="90.00" type="DEFAULT_VEHTYPE" speed="5.91" pos="5.69" lane=":3/1_13_0" slope="0.00"/>
        <vehicle id="20" x="617.08" y="201.65" angle="-90.00" type="DEFAULT_VEHTYPE" speed="7.69" pos="182.92" lane="4/1to3/1_0" slope="0.00"/>
        <vehicle id="21" x="198.35" y="361.05" angle="0.00" type="DEFAULT_VEHTYPE" speed="13.01" pos="34.20" lane="1/2to1/1_0" slope="0.00"/>
        <vehicle id="22" x="768.80" y="198.35" angle="90.00" type="DEFAULT_VEHTYPE" speed="13.77" pos="164.05" lane="3/1to4/1_0" slope="0.00"/>
        <vehicle id="23" x="544.99" y="198.35" angle="90.00" type="DEFAULT_VEHTYPE" speed="13.36" pos="140.24" lane="2/1to3/1_0" slope="0.00"/>
        <vehicle id="24" x="211.94" y="401.65" angle="-90.00" type="DEFAULT_VEHTYPE" speed="4.68" pos="183.31" lane="2/2to1/2_0" slope="0.00"/>
        <vehicle id="3" x="398.35" y="338.61" angle="0.00" type="DEFAULT_VEHTYPE" speed="13.55" pos="56.64" lane="2/2to2/1_0" slope="0.00"/>
        <vehicle id="4" x="478.91" y="198.35" angle="90.00" type="DEFAULT_VEHTYPE" speed="13.84" pos="74.16" lane="2/1to3/1_0" slope="0.00"/>
        <vehicle id="5" x="398.63" y="597.24" angle="-37.70" type="DEFAULT_VEHTYPE" speed="7.83" pos="8.31" lane=":2/3_6_0" slope="0.00"/>
        <vehicle id="6" x="398.35" y="381.33" angle="0.00" type="DEFAULT_VEHTYPE" speed="10.60" pos="13.92" lane="2/2to2/1_0" slope="0.00"/>
        <vehicle id="7" x="396.86" y="598.58" angle="92.64" type="DEFAULT_VEHTYPE" speed="7.15" pos="1.63" lane=":2/3_14_0" slope="0.00"/>
        <vehicle id="8" x="198.35" y="322.78" angle="0.00" type="DEFAULT_VEHTYPE" speed="12.88" pos="72.47" lane="1/2to1/1_0" slope="0.00"/>
        <vehicle id="9" x="401.65" y="763.77" angle="180.00" type="DEFAULT_VEHTYPE" speed="13.42" pos="159.02" lane="2/3to2/4_0" slope="0.00"/>
    </timestep>
    <timestep time="92.00">
        <vehicle id="0" x="411.14" y="401.65" angle="-90.00" type="DEFAULT_VEHTYPE" speed="3.93" pos="184.11" lane="3/2to2/2_0" slope="0.00"/>
        <vehicle id="1" x="735.68" y="198.35" angle="90.00" type="DEFAULT_VEHTYPE" speed="13.69" pos="130.93" lane="3/1to4/1_0" slope="0.00"/>
        <vehicle id="10" x="198.35" y="68.70" angle="0.00" type="DEFAULT_VEHTYPE" speed="13.47" pos="126.55" lane="1/1to1/0_0" slope="0.00"/>
        <vehicle id="11" x="5.52" y="398.35" angle="90.00" type="DEFAULT_VEHTYPE" speed="12.84" pos="5.52" lane="0/2to1/2_0" slope="0.00"/>
        <vehicle id="12" x="601.65" y="327.59" angle="180.00" type="DEFAULT_VEHTYPE" speed="12.68" pos="122.84" lane="3/1to3/2_0" slope="0.00"/>
        <vehicle id="14" x="117.35" y="398.35" angle="90.00" type="DEFAULT_VEHTYPE" speed="13.24" pos="117.35" lane="0/2to1/2_0" slope="0.00"/>
        <vehicle id="15" x="398.35" y="54.60" angle="0.00" type="DEFAULT_VEHTYPE" speed="13.28" pos="140.65" lane="2/1to2/0_0" slope="0.00"/>
        <vehicle id="16" x="398.35" y="688.08" angle="0.00" type="DEFAULT_VEHTYPE" speed="13.14" pos="111.92" lane="2/4to2/3_0" slope="0.00"/>
        <vehicle id="17" x="287.92" y="401.65" angle="-90.00" type="DEFAULT_VEHTYPE" speed="13.40" pos="107.33" lane="2/2to1/2_0" slope="0.00"/>
        <vehicle id="18" x="363.86" y="401.65" angle="-90.00" type="DEFAULT_VEHTYPE" speed="13.55" pos="31.39" lane="2/2to1/2_0" slope="0.00"/>
        <vehicle id="19" x="57.24" y="398.35" angle="90.00" type="DEFAULT_VEHTYPE" speed="13.51" pos="57.24" lane="0/2to1/2_0" slope="0.00"/>
        <vehicle id="2" x="608.85" y="198.35" angle="90.00" type="DEFAULT_VEHTYPE" speed="7.90" pos="4.10" lane="3/1to4/1_0" slope="0.00"/>
        <vehicle id="20" x="611.19" y="201.65" angle="-90.00" type="DEFAULT_VEHTYPE" speed="5.89" pos="188.81" lane="4/1to3/1_0" slope="0.00"/>
        <vehicle id="21" x="198.35" y="347.74" angle="0.00" type="DEFAULT_VEHTYPE" speed="13.30" pos="47.51" lane="1/2to1/1_0" slope="0.00"/>
        <vehicle id="22" x="782.19" y="198.35" angle="90.00" type="DEFAULT_VEHTYPE" speed="13.39" pos="177.44" lane="3/1to4/1_0" slope="0.00"/>
        <vehicle id="23" x="558.81" y="198.35" angle="90.00" type="DEFAULT_VEHTYPE" speed="13.82" pos="154.06" lane="2/1to3/1_0" slope="0.00"/>
        <vehicle id="24" x="209.57" y="401.65" angle="-90.00" type="DEFAULT_VEHTYPE" speed="2.37" pos="185.68" lane="2/2to1/2_0" slope="0.00"/>
        <vehicle id="3" x="398.35" y="325.23" angle="0.00" type="DEFAULT_VEHTYPE" speed="13.38" pos="70.02" lane="2/2to2/1_0" slope="0.00"/>
        <vehicle id="4" x="492.13" y="198.35" angle="90.00" type="DEFAULT_VEHTYPE" speed="13.22" pos="87.38" lane="2/1to3/1_0" slope="0.00"/>
        <vehicle id="5" x="398.35" y="587.68" angle="0.00" type="DEFAULT_VEHTYPE" speed="9.58" pos="7.57" lane="2/3to2/2_0" slope="0.00"/>
        <vehicle id="6" x="398.35" y="369.31" angle="0.00" type="DEFAULT_VEHTYPE" speed="12.02" pos="25.94" lane="2/2to2/1_0" slope="0.00"/>
        <vehicle id="7" x="401.65" y="605.24" angle="165.01" type="DEFAULT_VEHTYPE" speed="9.18" pos="0.49" lane="2/3to2/4_0" slope="0.00"/>
        <vehicle id="8" x="198.35" y="309.15" angle="0.00" type="DEFAULT_VEHTYPE" speed="13.63" pos="86.10" lane="1/2to1/1_0" slope="0.00"/>
        <vehicle id="9" x="401.65" y="777.47" angle="180.00" type="DEFAULT_VEHTYPE" speed="13.70" pos="172.72" lane="2/3to2/4_0" slope="0.00"/>
    </timestep>
    <timestep time="93.00">
        <vehicle id="0" x="405.04" y="401.65" angle="-90.00" type="DEFAULT_VEHTYPE" speed="6.09" pos="190.21" lane="3/2to2/2_0" slope="0.00"/>
        <vehicle id="1" x="748.56" y="198.35" angle="90.00" type="DEFAULT_VEHTYPE" speed="12.88" pos="143.81" lane="3/1to4/1_0" slope="0.00"/>
        <vehicle id="10" x="198.35" y="54.87" angle="0.00" type="DEFAULT_VEHTYPE" speed="13.83" pos="140.38" lane="1/1to1/0_0" slope="0.00"/>
        <vehicle id="11" x="18.69" y="398.35" angle="90.00" type="DEFAULT_VEHTYPE" speed="13.17" pos="18.69" lane="0/2to1/2_0" slope="0.00"/>
        <vehicle id="12" x="601.65" y="341.36" angle="180.00" type="DEFAULT_VEHTYPE" speed="13.78" pos="136.61" lane="3/1to3/2_0" slope="0.00"/>
        <vehicle id="14" x="130.63" y="398.35" angle="90.00" type="DEFAULT_VEHTYPE" speed="13.28" pos="130.63" lane="0/2to1/2_0" slope="0.00"/>
        <vehicle id="15" x="398.35" y="41.23" angle="0.00" type="DEFAULT_VEHTYPE" speed="13.37" pos="154.02" lane="2/1to2/0_0" slope="0.00"/>
        <vehicle id="16" x="398.35" y="674.48" angle="0.00" type="DEFAULT_VEHTYPE" speed="13.60" pos="125.52" lane="2/4to2/3_0" slope="0.00"/>
        <vehicle id="17" x="275.18" y="401.65" angle="-90.00" type="DEFAULT_VEHTYPE" speed="12.74" pos="120.07" lane="2/2to1/2_0" slope="0.00"/>
        <vehicle id="18" x="350.92" y="401.65" angle="-90.00" type="DEFAULT_VEHTYPE" speed="12.94" pos="44.33" lane="2/2to1/2_0" slope="0.00"/>
        <vehicle id="19" x="69.93" y="398.35" angle="90.00" type="DEFAULT_VEHTYPE" speed="12.69" pos="69.93" lane="0/2to1/2_0" slope="0.00"/>
        <vehicle id="2" x="618.18" y="198.35" angle="90.00" type="DEFAULT_VEHTYPE" speed="9.33" pos="13.43" lane="3/1to4/1_0" slope="0.00"/>
        <vehicle id="20" x="603.00" y="202.08" angle="-94.94" type="DEFAULT_VEHTYPE" speed="8.27" pos="1.83" lane=":3/1_4_0" slope="0.00"/>
        <vehicle id="21" x="198.35" y="334.27" angle="0.00" type="DEFAULT_VEHTYPE" speed="13.47" pos="60.98" lane="1/2to1/1_0" slope="0.00"/>
        <vehicle id="22" x="795.91" y="198.35" angle="90.00" type="DEFAULT_VEHTYPE" speed="13.72" pos="191.16" lane="3/1to4/1_0" slope="0.00"/>
        <vehicle id="23" x="571.77" y="198.35" angle="90.00" type="DEFAULT_VEHTYPE" speed="12.96" pos="167.02" lane="2/1to3/1_0" slope="0.00"/>
        <vehicle id="24" x="204.66" y="401.64" angle="-89.86" type="DEFAULT_VEHTYPE" speed="4.91" pos="0.09" lane=":1/2_6_0" slope="0.00"/>
        <vehicle id="3" x="398.35" y="311.65" angle="0.00" type="DEFAULT_VEHTYPE" speed="13.58" pos="83.60" lane="2/2to2/1_0" slope="0.00"/>
        <vehicle id="4" x="505.57" y="198.35" angle="90.00" type="DEFAULT_VEHTYPE" speed="13.44" pos="100.82" lane="2/1to3/1_0" slope="0.00"/>
        <vehicle id="5" x="398.35" y="576.42" angle="0.00" type="DEFAULT_VEHTYPE" speed="11.26" pos="18.83" lane="2/3to2/2_0" slope="0.00"/>
        <vehicle id="6" x="398.35" y="355.91" angle="0.00" type="DEFAULT_VEHTYPE" speed="13.40" pos="39.34" lane="2/2to2/1_0" slope="0.00"/>
        <vehicle id="7" x="401.65" y="616.38" angle="180.00" type="DEFAULT_VEHTYPE" speed="11.14" pos="11.63" lane="2/3to2/4_0" slope="0.00"/>
        <vehicle id="8" x="198.35" y="296.24" angle="0.00" type="DEFAULT_VEHTYPE" speed="12.91" pos="99.01" lane="1/2to1/1_0" slope="0.00"/>
        <vehicle id="9" x="401.65" y="790.17" angle="180.00" type="DEFAULT_VEHTYPE" speed="12.70" pos="185.42" lane="2/3to2/4_0" slope="0.00"/>
    </timestep>
    <timestep time="94.00">
        <vehicle id="0" x="396.39" y="401.65" angle="-90.00" type="DEFAULT_VEHTYPE" speed="8.66" pos="8.36" lane=":2/2_5_0" slope="0.00"/>
        <vehicle id="1" x="761.26" y="198.35" angle="90.00" type="DEFAULT_VEHTYPE" speed="12.71" pos="156.51" lane="3/1to4/1_0" slope="0.00"/>
        <vehicle id="10" x="198.35" y="42.09" angle="0.00" type="DEFAULT_VEHTYPE" speed="12.78" pos="153.16" lane="1/1to1/0_0" slope="0.00"/>
        <vehicle id="11" x="32.28" y="398.35" angle="90.00" type="DEFAULT_VEHTYPE" speed="13.59" pos="32.28" lane="0/2to1/2_0" slope="0.00"/>
        <vehicle id="12" x="601.65" y="355.07" angle="180.00" type="DEFAULT_VEHTYPE" speed="13.71" pos="150.32" lane="3/1to3/2_0" slope="0.00"/>
        <vehicle id="14" x="144.52" y="398.35" angle="90.00" type="DEFAULT_VEHTYPE" speed="13.89" pos="144.52" lane="0/2to1/2_0" slope="0.00"/>
        <vehicle id="15" x="398.35" y="28.26" angle="0.00" type="DEFAULT_VEHTYPE" speed="12.97" pos="166.99" lane="2/1to2/0_0" slope="0.00"/>
        <vehicle id="16" x="398.35" y="661.60" angle="0.00" type="DEFAULT_VEHTYPE" speed="12.88" pos="138.40" lane="2/4to2/3_0" slope="0.00"/>
        <vehicle id="17" x="261.93" y="401.65" angle="-90.00" type="DEFAULT_VEHTYPE" speed="13.25" pos="133.32" lane="2/2to1/2_0" slope="0.00"/>
        <vehicle id="18" x="337.07" y="401.65" angle="-90.00" type="DEFAULT_VEHTYPE" speed="13.85" pos="58.18" lane="2/2to1/2_0" slope="0.00"/>
        <vehicle id="19" x="83.35" y="398.35" angle="90.00" type="DEFAULT_VEHTYPE" speed="13.42" pos="83.35" lane="0/2to1/2_0" slope="0.00"/>
        <vehicle id="2" x="628.95" y="198.35" angle="90.00" type="DEFAULT_VEHTYPE" speed="10.77" pos="24.20" lane="3/1to4/1_0" slope="0.00"/>
        <vehicle id="20" x="601.65" y="212.34" angle="180.00" type="DEFAULT_VEHTYPE" speed="10.76" pos="7.59" lane="3/1to3/2_0" slope="0.00"/>
        <vehicle id="21" x="198.35" y="320.42" angle="0.00" type="DEFAULT_VEHTYPE" speed="13.85" pos="74.83" lane="1/2to1/1_0" slope="0.00"/>
        <vehicle id="22" x="795.22" y="201.65" angle="-91.42" type="DEFAULT_VEHTYPE" speed="13.69" pos="4.78" lane="4/1to3/1_0" slope="0.00"/>
        <vehicle id="23" x="581.18" y="198.35" angle="90.00" type="DEFAULT_VEHTYPE" speed="9.41" pos="176.43" lane="2/1to3/1_0" slope="0.00"/>
        <vehicle id="24" x="199.05" y="398.55" angle="-53.39" type="DEFAULT_VEHTYPE" speed="6.82" pos="6.91" lane=":1/2_6_0" slope="0.00"/>
        <vehicle id="3" x="398.35" y="298.65" angle="0.00" type="DEFAULT_VEHTYPE" speed="13.00" pos="96.60" lane="2/2to2/1_0" slope="0.00"/>
        <vehicle id="4" x="518.84" y="198.35" angle="90.00" type="DEFAULT_VEHTYPE" speed="13.28" pos="114.09" lane="2/1to3/1_0" slope="0.00"/>
        <vehicle id="5" x="398.35" y="562.97" angle="0.00" type="DEFAULT_VEHTYPE" speed="13.45" pos="32.28" lane="2/3to2/2_0" slope="0.00"/>
        <vehicle id="6" x="398.35" y="342.19" angle="0.00" type="DEFAULT_VEHTYPE" speed="13.72" pos="53.06" lane="2/2to2/1_0" slope="0.00"/>
        <vehicle id="7" x="401.65" y="630.08" angle="180.00" type="DEFAULT_VEHTYPE" speed="13.70" pos="25.33" lane="2/3to2/4_0" slope="0.00"/>
        <vehicle id="8" x="198.35" y="283.10" angle="0.00" type="DEFAULT_VEHTYPE" speed="13.14" pos="112.15" lane="1/2to1/1_0" slope="0.00"/>
        <vehicle id="9" x="399.26" y="801.28" angle="-141.73" type="DEFAULT_VEHTYPE" speed="13.07" pos="3.24" lane=":2/4_0_0" slope="0.00"/>
    </timestep>
    <timestep time="95.00">
        <vehicle id="0" x="386.23" y="401.65" angle="-90.00" type="DEFAULT_VEHTYPE" speed="10.16" pos="9.02" lane="2/2to1/2_0" slope="0.00"/>
        <vehicle id="1" x="775.04" y="198.35" angle="90.00" type="DEFAULT_VEHTYPE" speed="13.77" pos="170.29" lane="3/1to4/1_0" slope="0.00"/>
        <vehicle id="10" x="198.35" y="28.61" angle="0.00" type="DEFAULT_VEHTYPE" speed="13.48" pos="166.64" lane="1/1to1/0_0" slope="0.00"/>
        <vehicle id="11" x="45.66" y="398.35" angle="90.00" type="DEFAULT_VEHTYPE" speed="13.38" pos="45.66" lane="0/2to1/2_0" slope="0.00"/>
        <vehicle id="12" x="601.65" y="367.98" angle="180.00" type="DEFAULT_VEHTYPE" speed="12.91" pos="163.23" lane="3/1to3/2_0" slope="0.00"/>
        <vehicle id="14" x="158.12" y="398.35" angle="90.00" type="DEFAULT_VEHTYPE" speed="13.60" pos="158.12" lane="0/2to1/2_0" slope="0.00"/>
        <vehicle id="15" x="398.35" y="15.08" angle="0.00" type="DEFAULT_VEHTYPE" speed="13.18" pos="180.17" lane="2/1to2/0_0" slope="0.00"/>
        <vehicle id="16" x="398.35" y="648.15" angle="0.00" type="DEFAULT_VEHTYPE" speed="13.45" pos="151.85" lane="2/4to2/3_0" slope="0.00"/>
        <vehicle id="17" x="248.05" y="401.65" angle="-90.00" type="DEFAULT_VEHTYPE" speed="13.88" pos="147.20" lane="2/2to1/2_0" slope="0.00"/>
        <vehicle id="18" x="323.57" y="401.65" angle="-90.00" type="DEFAULT_VEHTYPE" speed="13.50" pos="71.68" lane="2/2to1/2_0" slope="0.00"/>
        <vehicle id="19" x="96.77" y="398.35" angle="90.00" type="DEFAULT_VEHTYPE" speed="13.41" pos="96.77" lane="0/2to1/2_0" slope="0.00"/>
        <vehicle id="2" x="641.85" y="198.35" angle="90.00" type="DEFAULT_VEHTYPE" speed="12.90" pos="37.10" lane="3/1to4/1_0" slope="0.00"/>
        <vehicle id="20" x="601.65" y="224.90" angle="180.00" type="DEFAULT_VEHTYPE" speed="12.57" pos="20.15" lane="3/1to3/2_0" slope="0.00"/>
        <vehicle id="21" x="198.35" y="307.15" angle="0.00" type="DEFAULT_VEHTYPE" speed="13.27" pos="88.10" lane="1/2to1/1_0" slope="0.00"/>
        <vehicle id="22" x="781.59" y="201.65" angle="-90.00" type="DEFAULT_VEHTYPE" speed="13.63" pos="18.41" lane="4/1to3/1_0" slope="0.00"/>
        <vehicle id="23" x="586.61" y="198.35" angle="90.00" type="DEFAULT_VEHTYPE" speed="5.44" pos="181.86" lane="2/1to3/1_0" slope="0.00"/>
        <vehicle id="24" x="198.35" y="390.02" angle="0.00" type="DEFAULT_VEHTYPE" speed="8.63" pos="5.23" lane="1/2to1/1_0" slope="0.00"/>
        <vehicle id="3" x="398.35" y="285.66" angle="0.00" type="DEFAULT_VEHTYPE" speed="12.99" pos="109.59" lane="2/2to2/1_0" slope="0.00"/>
        <vehicle id="4" x="532.36" y="198.35" angle="90.00" type="DEFAULT_VEHTYPE" speed="13.52" pos="127.61" lane="2/1to3/1_0" slope="0.00"/>
        <vehicle id="5" x="398.35" y="549.82" angle="0.00" type="DEFAULT_VEHTYPE" speed="13.15" pos="45.43" lane="2/3to2/2_0" slope="0.00"/>
        <vehicle id="6" x="398.35" y="328.36" angle="0.00" type="DEFAULT_VEHTYPE" speed="13.83" pos="66.89" lane="2/2to2/1_0" slope="0.00"/>
        <vehicle id="7" x="401.65" y="643.13" angle="180.00" type="DEFAULT_VEHTYPE" speed="13.05" pos="38.38" lane="2/3to2/4_0" slope="0.00"/>
        <vehicle id="8" x="198.35" y="270.22" angle="0.00" type="DEFAULT_VEHTYPE" speed="12.88" pos="125.03" lane="1/2to1/1_0" slope="0.00"/>
        <vehicle id="9" x="398.35" y="787.89" angle="0.00" type="DEFAULT_VEHTYPE" speed="13.69" pos="12.11" lane="2/4to2/3_0" slope="0.00"/>
    </timestep>
    <timestep time="96.00">
        <vehicle id="0" x="374.34" y="401.65" angle="-90.00" type="DEFAULT_VEHTYPE" speed="11.88" pos="20.91" lane="2/2to1/2_0" slope="0.00"/>
        <vehicle id="1" x="788.26" y="198.35" angle="90.00" type="DEFAULT_VEHTYPE" speed="13.23" pos="183.51" lane="3/1to4/1_0" slope="0.00"/>
        <vehicle id="10" x="198.35" y="15.87" angle="0.00" type="DEFAULT_VEHTYPE" speed="12.74" pos="179.38" lane="1/1to1/0_0" slope="0.00"/>
        <vehicle id="11" x="58.62" y="398.35" angle="90.00" type="DEFAULT_VEHTYPE" speed="12.96" pos="58.62" lane="0/2to1/2_0" slope="0.00"/>
        <vehicle id="12" x="601.65" y="378.79" angle="180.00" type="DEFAULT_VEHTYPE" speed="10.80" pos="174.04" lane="3/1to3/2_0" slope="0.00"/>
        <vehicle id="14" x="170.79" y="398.35" angle="90.00" type="DEFAULT_VEHTYPE" speed="12.67" pos="170.79" lane="0/2to1/2_0" slope="0.00"/>
        <vehicle id="15" x="398.35" y="2.02" angle="0.00" type="DEFAULT_VEHTYPE" speed="13.06" pos="193.23" lane="2/1to2/0_0" slope="0.00"/>
        <vehicle id="16" x="398.35" y="635.09" angle="0.00" type="DEFAULT_VEHTYPE" speed="13.06" pos="164.91" lane="2/4to2/3_0" slope="0.00"/>
        <vehicle id="17" x="235.04" y="401.65" angle="-90.00" type="DEFAULT_VEHTYPE" speed="13.01" pos="160.21" lane="2/2to1/2_0" slope="0.00"/>
        <vehicle id="18" x="310.03" y="401.65" angle="-90.00" type="DEFAULT_VEHTYPE" speed="13.53" pos="85.22" lane="2/2to1/2_0" slope="0.00"/>
        <vehicle id="19" x="109.78" y="398.35" angle="90.00" type="DEFAULT_VEHTYPE" speed="13.01" pos="109.78" lane="0/2to1/2_0" slope="0.00"/>
        <vehicle id="2" x="655.64" y="198.35" angle="90.00" type="DEFAULT_VEHTYPE" speed="13.80" pos="50.89" lane="3/1to4/1_0" slope="0.00"/>
        <vehicle id="20" x="601.65" y="238.28" angle="180.00" type="DEFAULT_VEHTYPE" speed="13.38" pos="33.53" lane="3/1to3/2_0" slope="0.00"/>
        <vehicle id="21" x="198.35" y="294.54" angle="0.00" type="DEFAULT_VEHTYPE" speed="12.61" pos="100.71" lane="1/2to1/1_0" slope="0.00"/>
        <vehicle id="22" x="768.13" y="201.65" angle="-90.00" type="DEFAULT_VEHTYPE" speed="13.46" pos="31.87" lane="4/1to3/1_0" slope="0.00"/>
        <vehicle id="23" x="590.22" y="198.35" angle="90.00" type="DEFAULT_VEHTYPE" speed="3.60" pos="185.47" lane="2/1to3/1_0" slope="0.00"/>
        <vehicle id="24" x="198.35" y="379.11" angle="0.00" type="DEFAULT_VEHTYPE" speed="10.91" pos="16.14" lane="1/2to1/1_0" slope="0.00"/>
        <vehicle id="3" x="398.35" y="271.79" angle="0.00" type="DEFAULT_VEHTYPE" speed="13.87" pos="123.46" lane="2/2to2/1_0" slope="0.00"/>
        <vehicle id="4" x="545.92" y="198.35" angle="90.00" type="DEFAULT_VEHTYPE" speed="13.56" pos="141.17" lane="2/1to3/1_0" slope="0.00"/>
        <vehicle id="5" x="398.35" y="536.36" angle="0.00" type="DEFAULT_VEHTYPE" speed="13.47" pos="58.89" lane="2/3to2/2_0" slope="0.00"/>
        <vehicle id="6" x="398.35" y="314.89" angle="0.00" type="DEFAULT_VEHTYPE" speed="13.47" pos="80.36" lane="2/2to2/1_0" slope="0.00"/>
        <vehicle id="7" x="401.65" y="656.15" angle="180.00" type="DEFAULT_VEHTYPE" speed="13.01" pos="51.40" lane="2/3to2/4_0" slope="0.00"/>
        <vehicle id="8" x="198.35" y="257.28" angle="0.00" type="DEFAULT_VEHTYPE" speed="12.95" pos="137.97" lane="1/2to1/1_0" slope="0.00"/>
        <vehicle id="9" x="398.35" y="774.69" angle="0.00" type="DEFAULT_VEHTYPE" speed="13.19" pos="25.31" lane="2/4to2/3_0" slope="0.00"/>
    </timestep>
    <timestep time="97.00">
        <vehicle id="0" x="360.95" y="401.65" angle="-90.00" type="DEFAULT_VEHTYPE" speed="13.39" pos="34.30" lane="2/2to1/2_0" slope="0.00"/>
        <vehicle id="1" x="800.81" y="198.89" angle="96.32" type="DEFAULT_VEHTYPE" speed="12.71" pos="0.97" lane=":4/1_0_0" slope="0.00"/>
        <vehicle id="10" x="198.35" y="3.15" angle="0.00" type="DEFAULT_VEHTYPE" speed="12.72" pos="192.10" lane="1/1to1/0_0" slope="0.00"/>
        <vehicle id="11" x="72.19" y="398.35" angle="90.00" type="DEFAULT_VEHTYPE" speed="13.57" pos="72.19" lane="0/2to1/2_0" slope="0.00"/>
        <vehicle id="12" x="601.65" y="386.29" angle="180.00" type="DEFAULT_VEHTYPE" speed="7.51" pos="181.54" lane="3/1to3/2_0" slope="0.00"/>
        <vehicle id="14" x="180.39" y="398.35" angle="90.00" type="DEFAULT_VEHTYPE" speed="9.61" pos="180.39" lane="0/2to1/2_0" slope="0.00"/>
        <vehicle id="15" x="401.65" y="6.41" angle="180.00" type="DEFAULT_VEHTYPE" speed="13.24" pos="6.41" lane="2/0to2/1_0" slope="0.00"/>
        <vehicle id="16" x="398.35" y="622.45" angle="0.00" type="DEFAULT_VEHTYPE" speed="12.64" pos="177.55" lane="2/4to2/3_0" slope="0.00"/>
        <vehicle id="17" x="223.68" y="401.65" angle="-90.00" type="DEFAULT_VEHTYPE" speed="11.36" pos="171.57" lane="2/2to1/2_0" slope="0.00"/>
        <vehicle id="18" x="296.88" y="401.65" angle="-90.00" type="DEFAULT_VEHTYPE" speed="13.16" pos="98.37" lane="2/2to1/2_0" slope="0.00"/>
        <vehicle id="19" x="122.42" y="398.35" angle="90.00" type="DEFAULT_VEHTYPE" speed="12.64" pos="122.42" lane="0/2to1/2_0" slope="0.00"/>
        <vehicle id="2" x="668.94" y="198.35" angle="90.00" type="DEFAULT_VEHTYPE" speed="13.29" pos="64.19" lane="3/1to4/1_0" slope="0.00"/>
        <vehicle id="20" x="601.65" y="251.00" angle="180.00" type="DEFAULT_VEHTYPE" speed="12.71" pos="46.25" lane="3/1to3/2_0" slope="0.00"/>
        <vehicle id="21" x="198.35" y="280.65" angle="0.00" type="DEFAULT_VEHTYPE" speed="13.89" pos="114.60" lane="1/2to1/1_0" slope="0.00"/>
        <vehicle id="22" x="754.93" y="201.65" angle="-90.00" type="DEFAULT_VEHTYPE" speed="13.20" pos="45.07" lane="4/1to3/1_0" slope="0.00"/>
        <vehicle id="23" x="595.22" y="198.35" angle="90.00" type="DEFAULT_VEHTYPE" speed="5.01" pos="190.47" lane="2/1to3/1_0" slope="0.00"/>
        <vehicle id="24" x="198.35" y="365.84" angle="0.00" type="DEFAULT_VEHTYPE" speed="13.27" pos="29.41" lane="1/2to1/1_0" slope="0.00"/>
        <vehicle id="3" x="398.35" y="259.03" angle="0.00" type="DEFAULT_VEHTYPE" speed="12.76" pos="136.22" lane="2/2to2/1_0" slope="0.00"/>
        <vehicle id="4" x="559.66" y="198.35" angle="90.00" type="DEFAULT_VEHTYPE" speed="13.74" pos="154.91" lane="2/1to3/1_0" slope="0.00"/>
        <vehicle id="5" x="398.35" y="523.00" angle="0.00" type="DEFAULT_VEHTYPE" speed="13.35" pos="72.25" lane="2/3to2/2_0" slope="0.00"/>
        <vehicle id="6" x="398.35" y="301.00" angle="0.00" type="DEFAULT_VEHTYPE" speed="13.88" pos="94.25" lane="2/2to2/1_0" slope="0.00"/>
        <vehicle id="7" x="401.65" y="668.79" angle="180.00" type="DEFAULT_VEHTYPE" speed="12.64" pos="64.04" lane="2/3to2/4_0" slope="0.00"/>
        <vehicle id="8" x="198.35" y="244.27" angle="0.00" type="DEFAULT_VEHTYPE" speed="13.01" pos="150.98" lane="1/2to1/1_0" slope="0.00"/>
        <vehicle id="9" x="398.35" y="761.36" angle="0.00" type="DEFAULT_VEHTYPE" speed="13.33" pos="38.64" lane="2/4to2/3_0" slope="0.00"/>
    </timestep>
    <timestep time="98.00">
        <vehicle id="0" x="348.18" y="401.65" angle="-90.00" type="DEFAULT_VEHTYPE" speed="12.78" pos="47.07" lane="2/2to1/2_0" slope="0.00"/>
        <vehicle id="1" x="791.25" y="201.65" angle="-90.00" type="DEFAULT_VEHTYPE" speed="12.60" pos="8.75" lane="4/1to3/1_0" slope="0.00"/>
        <vehicle id="11" x="85.44" y="398.35" angle="90.00" type="DEFAULT_VEHTYPE" speed="13.25" pos="85.44" lane="0/2to1/2_0" slope="0.00"/>
        <vehicle id="12" x="601.65" y="390.36" angle="180.00" type="DEFAULT_VEHTYPE" speed="4.07" pos="185.61" lane="3/1to3/2_0" slope="0.00"/>
        <vehicle id="14" x="186.67" y="398.35" angle="90.00" type="DEFAULT_VEHTYPE" speed="6.27" pos="186.67" lane="0/2to1/2_0" slope="0.00"/>
        <vehicle id="15" x="401.65" y="19.37" angle="180.00" type="DEFAULT_VEHTYPE" speed="12.96" pos="19.37" lane="2/0to2/1_0" slope="0.00"/>
        <vehicle id="16" x="398.35" y="609.37" angle="0.00" type="DEFAULT_VEHTYPE" speed="13.08" pos="190.63" lane="2/4to2/3_0" slope="0.00"/>
        <vehicle id="17" x="215.25" y="401.65" angle="-90.00" type="DEFAULT_VEHTYPE" speed="8.43" pos="180.00" lane="2/2to1/2_0" slope="0.00"/>
        <vehicle id="18" x="284.00" y="401.65" angle="-90.00" type="DEFAULT_VEHTYPE" speed="12.88" pos="111.25" lane="2/2to1/2_0" slope="0.00"/>
        <vehicle id="19" x="135.39" y="398.35" angle="90.00" type="DEFAULT_VEHTYPE" speed="12.97" pos="135.39" lane="0/2to1/2_0" slope="0.00"/>
        <vehicle id="2" x="681.97" y="198.35" angle="90.00" type="DEFAULT_VEHTYPE" speed="13.04" pos="77.22" lane="3/1to4/1_0" slope="0.00"/>
        <vehicle id="20" x="601.65" y="264.24" angle="180.00" type="DEFAULT_VEHTYPE" speed="13.25" pos="59.49" lane="3/1to3/2_0" slope="0.00"/>
        <vehicle id="21" x="198.35" y="267.66" angle="0.00" type="DEFAULT_VEHTYPE" speed="12.99" pos="127.59" lane="1/2to1/1_0" slope="0.00"/>
        <vehicle id="22" x="742.23" y="201.65" angle="-90.00" type="DEFAULT_VEHTYPE" speed="12.70" pos="57.77" lane="4/1to3/1_0" slope="0.00"/>
        <vehicle id="23" x="601.60" y="198.35" angle="90.00" type="DEFAULT_VEHTYPE" speed="6.38" pos="6.35" lane=":3/1_13_0" slope="0.00"/>
        <vehicle id="24" x="198.35" y="352.56" angle="0.00" type="DEFAULT_VEHTYPE" speed="13.28" pos="42.69" lane="1/2to1/1_0" slope="0.00"/>
        <vehicle id="3" x="398.35" y="245.58" angle="0.00" type="DEFAULT_VEHTYPE" speed="13.45" pos="149.67" lane="2/2to2/1_0" slope="0.00"/>
        <vehicle id="4" x="571.92" y="198.35" angle="90.00" type="DEFAULT_VEHTYPE" speed="12.25" pos="167.17" lane="2/1to3/1_0" slope="0.00"/>
        <vehicle id="5" x="398.35" y="509.29" angle="0.00" type="DEFAULT_VEHTYPE" speed="13.71" pos="85.96" lane="2/3to2/2_0" slope="0.00"/>
        <vehicle id="6" x="398.35" y="288.24" angle="0.00" type="DEFAULT_VEHTYPE" speed="12.76" pos="107.01" lane="2/2to2/1_0" slope="0.00"/>
        <vehicle id="7" x="401.65" y="681.59" angle="180.00" type="DEFAULT_VEHTYPE" speed="12.81" pos="76.84" lane="2/3to2/4_0" slope="0.00"/>
        <vehicle id="8" x="198.35" y="230.69" angle="0.00" type="DEFAULT_VEHTYPE" speed="13.58" pos="164.56" lane="1/2to1/1_0" slope="0.00"/>
        <vehicle id="9" x="398.35" y="748.30" angle="0.00" type="DEFAULT_VEHTYPE" speed="13.06" pos="51.70" lane="2/4to2/3_0" slope="0.00"/>
    </timestep>
    <timestep time="99.00">
        <vehicle id="0" x="334.30" y="401.65" angle="-90.00" type="DEFAULT_VEHTYPE" speed="13.88" pos="60.95" lane="2/2to1/2_0" slope="0.00"/>
        <vehicle id="1" x="777.58" y="201.65" angle="-90.00" type="DEFAULT_VEHTYPE" speed="13.67" pos="22.42" lane="4/1to3/1_0" slope="0.00"/>
        <vehicle id="11" x="98.19" y="398.35" angle="90.00" type="DEFAULT_VEHTYPE" speed="12.75" pos="98.19" lane="0/2to1/2_0" slope="0.00"/>
        <vehicle id="12" x="601.57" y="395.84" angle="-179.04" type="DEFAULT_VEHTYPE" speed="5.48" pos="0.59" lane=":3/2_10_0" slope="0.00"/>
        <vehicle id="14" x="190.47" y="398.35" angle="90.00" type="DEFAULT_VEHTYPE" speed="3.80" pos="190.47" lane="0/2to1/2_0" slope="0.00"/>
        <vehicle id="15" x="401.65" y="32.21" angle="180.00" type="DEFAULT_VEHTYPE" speed="12.84" pos="32.21" lane="2/0to2/1_0" slope="0.00"/>
        <vehicle id="16" x="398.35" y="596.55" angle="0.00" type="DEFAULT_VEHTYPE" speed="12.82" pos="8.20" lane=":2/3_1_0" slope="0.00"/>
        <vehicle id="17" x="211.22" y="401.65" angle="-90.00" type="DEFAULT_VEHTYPE" speed="4.03" pos="184.03" lane="2/2to1/2_0" slope="0.00"/>
        <vehicle id="18" x="270.82" y="401.65" angle="-90.00" type="DEFAULT_VEHTYPE" speed="13.19" pos="124.43" lane="2/2to1/2_0" slope="0.00"/>
        <vehicle id="19" x="148.11" y="398.35" angle="90.00" type="DEFAULT_VEHTYPE" speed="12.72" pos="148.11" lane="0/2to1/2_0" slope="0.00"/>
        <vehicle id="2" x="695.26" y="198.35" angle="90.00" type="DEFAULT_VEHTYPE" speed="13.28" pos="90.51" lane="3/1to4/1_0" slope="0.00"/>
        <vehicle id="20" x="601.65" y="277.10" angle="180.00" type="DEFAULT_VEHTYPE" speed="12.85" pos="72.35" lane="3/1to3/2_0" slope="0.00"/>
        <vehicle id="21" x="198.35" y="253.92" angle="0.00" type="DEFAULT_VEHTYPE" speed="13.74" pos="141.33" lane="1/2to1/1_0" slope="0.00"/>
        <vehicle id="22" x="729.53" y="201.65" angle="-90.00" type="DEFAULT_VEHTYPE" speed="12.70" pos="70.47" lane="4/1to3/1_0" slope="0.00"/>
        <vehicle id="23" x="610.33" y="198.35" angle="90.00" type="DEFAULT_VEHTYPE" speed="8.73" pos="5.58" lane="3/1to4/1_0" slope="0.00"/>
        <vehicle id="24" x="198.35" y="339.76" angle="0.00" type="DEFAULT_VEHTYPE" speed="12.81" pos="55.49" lane="1/2to1/1_0" slope="0.00"/>
        <vehicle id="3" x="398.35" y="231.71" angle="0.00" type="DEFAULT_VEHTYPE" speed="13.87" pos="163.54" lane="2/2to2/1_0" slope="0.00"/>
        <vehicle id="4" x="581.44" y="198.35" angle="90.00" type="DEFAULT_VEHTYPE" speed="9.53" pos="176.69" lane="2/1to3/1_0" slope="0.00"/>
        <vehicle id="5" x="398.35" y="495.59" angle="0.00" type="DEFAULT_VEHTYPE" speed="13.71" pos="99.66" lane="2/3to2/2_0" slope="0.00"/>
        <vehicle id="6" x="398.35" y="274.39" angle="0.00" type="DEFAULT_VEHTYPE" speed="13.85" pos="120.86" lane="2/2to2/1_0" slope="0.00"/>
        <vehicle id="7" x="401.65" y="694.89" angle="180.00" type="DEFAULT_VEHTYPE" speed="13.29" pos="90.14" lane="2/3to2/4_0" slope="0.00"/>
        <vehicle id="8" x="198.35" y="217.35" angle="0.00" type="DEFAULT_VEHTYPE" speed="13.34" pos="177.90" lane="1/2to1/1_0" slope="0.00"/>
        <vehicle id="9" x="398.35" y="735.61" angle="0.00" type="DEFAULT_VEHTYPE" speed="12.70" pos="64.39" lane="2/4to2/3_0" slope="0.00"/>
    </timestep>
    <timestep time="100.00">
        <vehicle id="0" x="320.98" y="401.65" angle="-90.00" type="DEFAULT_VEHTYPE" speed="13.31" pos="74.27" lane="2/2to1/2_0" slope="0.00"/>
        <vehicle id="1" x="764.06" y="201.65" angle="-90.00" type="DEFAULT_VEHTYPE" speed="13.51" pos="35.94" lane="4/1to3/1_0" slope="0.00"/>
        <vehicle id="11" x="111.51" y="398.35" angle="90.00" type="DEFAULT_VEHTYPE" speed="13.31" pos="111.51" lane="0/2to1/2_0" slope="0.00"/>
        <vehicle id="12" x="597.75" y="401.29" angle="-133.01" type="DEFAULT_VEHTYPE" speed="7.21" pos="0.66" lane=":3/2_18_0" slope="0.00"/>
        <vehicle id="14" x="192.25" y="398.35" angle="90.00" type="DEFAULT_VEHTYPE" speed="1.79" pos="192.25" lane="0/2to1/2_0" slope="0.00"/>
        <vehicle id="15" x="401.65" y="45.91" angle="180.00" type="DEFAULT_VEHTYPE" speed="13.70" pos="45.91" lane="2/0to2/1_0" slope="0.00"/>
        <vehicle id="16" x="398.35" y="582.94" angle="0.00" type="DEFAULT_VEHTYPE" speed="13.60" pos="12.31" lane="2/3to2/2_0" slope="0.00"/>
        <vehicle id="17" x="205.48" y="401.65" angle="-90.00" type="DEFAULT_VEHTYPE" speed="5.74" pos="189.77" lane="2/2to1/2_0" slope="0.00"/>
        <vehicle id="18" x="257.99" y="401.65" angle="-90.00" type="DEFAULT_VEHTYPE" speed="12.83" pos="137.26" lane="2/2to1/2_0" slope="0.00"/>
        <vehicle id="19" x="160.97" y="398.35" angle="90.00" type="DEFAULT_VEHTYPE" speed="12.86" pos="160.97" lane="0/2to1/2_0" slope="0.00"/>
        <vehicle id="2" x="708.16" y="198.35" angle="90.00" type="DEFAULT_VEHTYPE" speed="12.90" pos="103.41" lane="3/1to4/1_0" slope="0.00"/>
        <vehicle id="20" x="601.65" y="290.72" angle="180.00" type="DEFAULT_VEHTYPE" speed="13.62" pos="85.97" lane="3/1to3/2_0" slope="0.00"/>
        <vehicle id="21" x="198.35" y="240.06" angle="0.00" type="DEFAULT_VEHTYPE" speed="13.86" pos="155.19" lane="1/2to1/1_0" slope="0.00"/>
        <vehicle id="22" x="716.42" y="201.65" angle="-90.00" type="DEFAULT_VEHTYPE" speed="13.11" pos="83.58" lane="4/1to3/1_0" slope="0.00"/>
        <vehicle id="23" x="621.57" y="198.35" angle="90.00" type="DEFAULT_VEHTYPE" speed="11.24" pos="16.82" lane="3/1to4/1_0" slope="0.00"/>
        <vehicle id="24" x="198.35" y="327.08" angle="0.00" type="DEFAULT_VEHTYPE" speed="12.68" pos="68.17" lane="1/2to1/1_0" slope="0.00"/>
        <vehicle id="3" x="398.35" y="221.74" angle="0.00" type="DEFAULT_VEHTYPE" speed="9.97" pos="173.51" lane="2/2to2/1_0" slope="0.00"/>
        <vehicle id="4" x="587.84" y="198.35" angle="90.00" type="DEFAULT_VEHTYPE" speed="6.39" pos="183.09" lane="2/1to3/1_0" slope="0.00"/>
        <vehicle id="5" x="398.35" y="481.74" angle="0.00" type="DEFAULT_VEHTYPE" speed="13.84" pos="113.51" lane="2/3to2/2_0" slope="0.00"/>
        <vehicle id="6" x="398.35" y="261.26" angle="0.00" type="DEFAULT_VEHTYPE" speed="13.13" pos="133.99" lane="2/2to2/1_0" slope="0.00"/>
        <vehicle id="7" x="401.65" y="707.78" angle="180.00" type="DEFAULT_VEHTYPE" speed="12.89" pos="103.03" lane="2/3to2/4_0" slope="0.00"/>
        <vehicle id="8" x="198.23" y="203.87" angle="-1.41" type="DEFAULT_VEHTYPE" speed="13.49" pos="0.89" lane=":1/1_0_0" slope="0.00"/>
        <vehicle id="9" x="398.35" y="721.81" angle="0.00" type="DEFAULT_VEHTYPE" speed="13.79" pos="78.19" lane="2/4to2/3_0" slope="0.00"/>
    </timestep>
    <timestep time="101.00">
        <vehicle id="0" x="308.03" y="401.65" angle="-90.00" type="DEFAULT_VEHTYPE" speed="12.96" pos="87.22" lane="2/2to1/2_0" slope="0.00"/>
        <vehicle id="1" x="751.38" y="201.65" angle="-90.00" type="DEFAULT_VEHTYPE" speed="12.68" pos="48.62" lane="4/1to3/1_0" slope="0.00"/>
        <vehicle id="11" x="124.52" y="398.35" angle="90.00" type="DEFAULT_VEHTYPE" speed="13.01" pos="124.52" lane="0/2to1/2_0" slope="0.00"/>
        <vehicle id="12" x="588.06" y="401.65" angle="-90.00" type="DEFAULT_VEHTYPE" speed="9.72" pos="7.19" lane="3/2to2/2_0" slope="0.00"/>
        <vehicle id="14" x="192.56" y="398.35" angle="90.00" type="DEFAULT_VEHTYPE" speed="0.30" pos="192.56" lane="0/2to1/2_0" slope="0.00"/>
        <vehicle id="15" x="401.65" y="59.19" angle="180.00" type="DEFAULT_VEHTYPE" speed="13.29" pos="59.19" lane="2/0to2/1_0" slope="0.00"/>
        <vehicle id="16" x="398.35" y="569.15" angle="0.00" type="DEFAULT_VEHTYPE" speed="13.80" pos="26.10" lane="2/3to2/2_0" slope="0.00"/>
        <vehicle id="17" x="197.21" y="401.65" angle="-90.00" type="DEFAULT_VEHTYPE" speed="8.27" pos="7.54" lane=":1/2_5_0" slope="0.00"/>
        <vehicle id="18" x="244.68" y="401.65" angle="-90.00" type="DEFAULT_VEHTYPE" speed="13.30" pos="150.57" lane="2/2to1/2_0" slope="0.00"/>
        <vehicle id="19" x="171.68" y="398.35" angle="90.00" type="DEFAULT_VEHTYPE" speed="10.71" pos="171.68" lane="0/2to1/2_0" slope="0.00"/>
        <vehicle id="2" x="721.54" y="198.35" angle="90.00" type="DEFAULT_VEHTYPE" speed="13.38" pos="116.79" lane="3/1to4/1_0" slope="0.00"/>
        <vehicle id="20" x="601.65" y="304.04" angle="180.00" type="DEFAULT_VEHTYPE" speed="13.32" pos="99.29" lane="3/1to3/2_0" slope="0.00"/>
        <vehicle id="21" x="198.35" y="227.13" angle="0.00" type="DEFAULT_VEHTYPE" speed="12.93" pos="168.12" lane="1/2to1/1_0" slope="0.00"/>
        <vehicle id="22" x="703.61" y="201.65" angle="-90.00" type="DEFAULT_VEHTYPE" speed="12.81" pos="96.39" lane="4/1to3/1_0" slope="0.00"/>
        <vehicle id="23" x="634.71" y="198.35" angle="90.00" type="DEFAULT_VEHTYPE" speed="13.14" pos="29.96" lane="3/1to4/1_0" slope="0.00"/>
        <vehicle id="24" x="198.35" y="314.28" angle="0.00" type="DEFAULT_VEHTYPE" speed="12.80" pos="80.97" lane="1/2to1/1_0" slope="0.00"/>
        <vehicle id="3" x="398.35" y="215.21" angle="0.00" type="DEFAULT_VEHTYPE" speed="6.52" pos="180.04" lane="2/2to2/1_0" slope="0.00"/>
        <vehicle id="4" x="590.20" y="198.35" angle="90.00" type="DEFAULT_VEHTYPE" speed="2.37" pos="185.45" lane="2/1to3/1_0" slope="0.00"/>
        <vehicle id="5" x="398.35" y="468.98" angle="0.00" type="DEFAULT_VEHTYPE" speed="12.77" pos="126.27" lane="2/3to2/2_0" slope="0.00"/>
        <vehicle id="6" x="398.35" y="248.49" angle="0.00" type="DEFAULT_VEHTYPE" speed="12.76" pos="146.76" lane="2/2to2/1_0" slope="0.00"/>
        <vehicle id="7" x="401.65" y="721.38" angle="180.00" type="DEFAULT_VEHTYPE" speed="13.60" pos="116.63" lane="2/3to2/4_0" slope="0.00"/>
        <vehicle id="8" x="185.57" y="201.65" angle="-90.00" type="DEFAULT_VEHTYPE" speed="13.79" pos="9.68" lane="1/1to0/1_0" slope="0.00"/>
        <vehicle id="9" x="398.35" y="708.44" angle="0.00" type="DEFAULT_VEHTYPE" speed="13.37" pos="91.56" lane="2/4to2/3_0" slope="0.00"/>
    </timestep>
    <timestep time="102.00">
        <vehicle id="0" x="294.18" y="401.65" angle="-90.00" type="DEFAULT_VEHTYPE" speed="13.85" pos="101.07" lane="2/2to1/2_0" slope="0.00"/>
        <vehicle id="1" x="737.95" y="201.65" angle="-90.00" type="DEFAULT_VEHTYPE" speed="13.43" pos="62.05" lane="4/1to3/1_0" slope="0.00"/>
        <vehicle id="11" x="137.80" y="398.35" angle="90.00" type="DEFAULT_VEHTYPE" speed="13.29" pos="137.80" lane="0/2to1/2_0" slope="0.00"/>
        <vehicle id="12" x="575.98" y="401.65" angle="-90.00" type="DEFAULT_VEHTYPE" speed="12.08" pos="19.27" lane="3/2to2/2_0" slope="0.00"/>
        <vehicle id="14" x="192.71" y="398.35" angle="90.00" type="DEFAULT_VEHTYPE" speed="0.15" pos="192.71" lane="0/2to1/2_0" slope="0.00"/>
        <vehicle id="15" x="401.65" y="72.62" angle="180.00" type="DEFAULT_VEHTYPE" speed="13.43" pos="72.62" lane="2/0to2/1_0" slope="0.00"/>
        <vehicle id="16" x="398.35" y="556.07" angle="0.00" type="DEFAULT_VEHTYPE" speed="13.08" pos="39.18" lane="2/3to2/2_0" slope="0.00"/>
        <vehicle id="17" x="187.61" y="401.65" angle="-90.00" type="DEFAULT_VEHTYPE" speed="9.60" pos="7.64" lane="1/2to0/2_0" slope="0.00"/>
        <vehicle id="18" x="231.52" y="401.65" angle="-90.00" type="DEFAULT_VEHTYPE" speed="13.16" pos="163.73" lane="2/2to1/2_0" slope="0.00"/>
        <vehicle id="19" x="178.79" y="398.35" angle="90.00" type="DEFAULT_VEHTYPE" speed="7.11" pos="178.79" lane="0/2to1/2_0" slope="0.00"/>
        <vehicle id="2" x="734.85" y="198.35" angle="90.00" type="DEFAULT_VEHTYPE" speed="13.31" pos="130.10" lane="3/1to4/1_0" slope="0.00"/>
        <vehicle id="20" x="601.65" y="316.85" angle="180.00" type="DEFAULT_VEHTYPE" speed="12.81" pos="112.10" lane="3/1to3/2_0" slope="0.00"/>
        <vehicle id="21" x="198.35" y="213.70" angle="0.00" type="DEFAULT_VEHTYPE" speed="13.42" pos="181.55" lane="1/2to1/1_0" slope="0.00"/>
        <vehicle id="22" x="690.53" y="201.65" angle="-90.00" type="DEFAULT_VEHTYPE" speed="13.08" pos="109.47" lane="4/1to3/1_0" slope="0.00"/>
        <vehicle id="23" x="648.07" y="198.35" angle="90.00" type="DEFAULT_VEHTYPE" speed="13.36" pos="43.32" lane="3/1to4/1_0" slope="0.00"/>
        <vehicle id="24" x="198.35" y="300.46" angle="0.00" type="DEFAULT_VEHTYPE" speed="13.81" pos="94.79" lane="1/2to1/1_0" slope="0.00"/>
        <vehicle id="3" x="398.35" y="210.94" angle="0.00" type="DEFAULT_VEHTYPE" speed="4.28" pos="184.31" lane="2/2to2/1_0" slope="0.00"/>
        <vehicle id="4" x="594.62" y="198.35" angle="90.00" type="DEFAULT_VEHTYPE" speed="4.42" pos="189.87" lane="2/1to3/1_0" slope="0.00"/>
        <vehicle id="5" x="398.35" y="456.32" angle="0.00" type="DEFAULT_VEHTYPE" speed="12.65" pos="138.93" lane="2/3to2/2_0" slope="0.00"/>
        <vehicle id="6" x="398.35" y="235.72" angle="0.00" type="DEFAULT_VEHTYPE" speed="12.77" pos="159.53" lane="2/2to2/1_0" slope="0.00"/>
        <vehicle id="7" x="401.65" y="734.37" angle="180.00" type="DEFAULT_VEHTYPE" speed="13.00" pos="129.62" lane="2/3to2/4_0" slope="0.00"/>
        <vehicle id="8" x="172.71" y="201.65" angle="-90.00" type="DEFAULT_VEHTYPE" speed="12.87" pos="22.54" lane="1/1to0/1_0" slope="0.00"/>
        <vehicle id="9" x="398.35" y="695.08" angle="0.00" type="DEFAULT_VEHTYPE" speed="13.36" pos="104.92" lane="2/4to2/3_0" slope="0.00"/>
    </timestep>
    <timestep time="103.00">
        <vehicle id="0" x="281.41" y="401.65" angle="-90.00" type="DEFAULT_VEHTYPE" speed="12.77" pos="113.84" lane="2/2to1/2_0" slope="0.00"/>
        <vehicle id="1" x="724.67" y="201.65" angle="-90.00" type="DEFAULT_VEHTYPE" speed="13.28" pos="75.33" lane="4/1to3/1_0" slope="0.00"/>
        <vehicle id="11" x="151.10" y="398.35" angle="90.00" type="DEFAULT_VEHTYPE" speed="13.30" pos="151.10" lane="0/2to1/2_0" slope="0.00"/>
        <vehicle id="12" x="563.08" y="401.65" angle="-90.00" type="DEFAULT_VEHTYPE" speed="12.90" pos="32.17" lane="3/2to2/2_0" slope="0.00"/>
        <vehicle id="14" x="192.73" y="398.35" angle="90.00" type="DEFAULT_VEHTYPE" speed="0.02" pos="192.73" lane="0/2to1/2_0" slope="0.00"/>
        <vehicle id="15" x="401.65" y="85.44" angle="180.00" type="DEFAULT_VEHTYPE" speed="12.82" pos="85.44" lane="2/0to2/1_0" slope="0.00"/>
        <vehicle id="16" x="398.35" y="542.32" angle="0.00" type="DEFAULT_VEHTYPE" speed="13.74" pos="52.93" lane="2/3to2/2_0" slope="0.00"/>
        <vehicle id="17" x="175.78" y="401.65" angle="-90.00" type="DEFAULT_VEHTYPE" speed="11.83" pos="19.47" lane="1/2to0/2_0" slope="0.00"/>
        <vehicle id="18" x="220.94" y="401.65" angle="-90.00" type="DEFAULT_VEHTYPE" speed="10.59" pos="174.31" lane="2/2to1/2_0" slope="0.00"/>
        <vehicle id="19" x="181.86" y="398.35" angle="90.00" type="DEFAULT_VEHTYPE" speed="3.06" pos="181.86" lane="0/2to1/2_0" slope="0.00"/>
        <vehicle id="2" x="747.91" y="198.35" angle="90.00" type="DEFAULT_VEHTYPE" speed="13.07" pos="143.16" lane="3/1to4/1_0" slope="0.00"/>
        <vehicle id="20" x="601.65" y="330.58" angle="180.00" type="DEFAULT_VEHTYPE" speed="13.73" pos="125.83" lane="3/1to3/2_0" slope="0.00"/>
        <vehicle id="21" x="195.69" y="201.71" angle="-37.34" type="DEFAULT_VEHTYPE" speed="13.51" pos="4.56" lane=":1/1_0_0" slope="0.00"/>
        <vehicle id="22" x="677.07" y="201.65" angle="-90.00" type="DEFAULT_VEHTYPE" speed="13.45" pos="122.93" lane="4/1to3/1_0" slope="0.00"/>
        <vehicle id="23" x="660.98" y="198.35" angle="90.00" type="DEFAULT_VEHTYPE" speed="12.92" pos="56.23" lane="3/1to4/1_0" slope="0.00"/>
        <vehicle id="24" x="198.35" y="286.72" angle="0.00" type="DEFAULT_VEHTYPE" speed="13.74" pos="108.53" lane="1/2to1/1_0" slope="0.00"/>
        <vehicle id="3" x="398.37" y="204.61" angle="0.22" type="DEFAULT_VEHTYPE" speed="6.32" pos="0.14" lane=":2/1_2_0" slope="0.00"/>
        <vehicle id="4" x="600.59" y="198.35" angle="90.00" type="DEFAULT_VEHTYPE" speed="5.97" pos="5.34" lane=":3/1_13_0" slope="0.00"/>
        <vehicle id="5" x="398.35" y="443.13" angle="0.00" type="DEFAULT_VEHTYPE" speed="13.20" pos="152.12" lane="2/3to2/2_0" slope="0.00"/>
        <vehicle id="6" x="398.35" y="227.45" angle="0.00" type="DEFAULT_VEHTYPE" speed="8.27" pos="167.80" lane="2/2to2/1_0" slope="0.00"/>
        <vehicle id="7" x="401.65" y="747.47" angle="180.00" type="DEFAULT_VEHTYPE" speed="13.09" pos="142.72" lane="2/3to2/4_0" slope="0.00"/>
        <vehicle id="8" x="158.87" y="201.65" angle="-90.00" type="DEFAULT_VEHTYPE" speed="13.84" pos="36.38" lane="1/1to0/1_0" slope="0.00"/>
        <vehicle id="9" x="398.35" y="681.66" angle="0.00" type="DEFAULT_VEHTYPE" speed="13.42" pos="118.34" lane="2/4to2/3_0" slope="0.00"/>
    </timestep>
    <timestep time="104.00">
        <vehicle id="0" x="267.54" y="401.65" angle="-90.00" type="DEFAULT_VEHTYPE" speed="13.87" pos="127.71" lane="2/2to1/2_0" slope="0.00"/>
        <vehicle id="1" x="711.05" y="201.65" angle="-90.00" type="DEFAULT_VEHTYPE" speed="13.62" pos="88.95" lane="4/1to3/1_0" slope="0.00"/>
        <vehicle id="11" x="160.76" y="398.35" angle="90.00" type="DEFAULT_VEHTYPE" speed="9.66" pos="160.76" lane="0/2to1/2_0" slope="0.00"/>
        <vehicle id="12" x="550.32" y="401.65" angle="-90.00" type="DEFAULT_VEHTYPE" speed="12.76" pos="44.93" lane="3/2to2/2_0" slope="0.00"/>
        <vehicle id="14" x="192.75" y="398.35" angle="90.00" type="DEFAULT_VEHTYPE" speed="0.02" pos="192.75" lane="0/2to1/2_0" slope="0.00"/>
        <vehicle id="15" x="401.65" y="99.13" angle="180.00" type="DEFAULT_VEHTYPE" speed="13.69" pos="99.13" lane="2/0to2/1_0" slope="0.00"/>
        <vehicle id="16" x="398.35" y="529.36" angle="0.00" type="DEFAULT_VEHTYPE" speed="12.96" pos="65.89" lane="2/3to2/2_0" slope="0.00"/>
        <vehicle id="17" x="162.62" y="401.65" angle="-90.00" type="DEFAULT_VEHTYPE" speed="13.16" pos="32.63" lane="1/2to0/2_0" slope="0.00"/>
        <vehicle id="18" x="214.13" y="401.65" angle="-90.00" type="DEFAULT_VEHTYPE" speed="6.80" pos="181.12" lane="2/2to1/2_0" slope="0.00"/>
        <vehicle id="19" x="183.27" y="398.35" angle="90.00" type="DEFAULT_VEHTYPE" speed="1.42" pos="183.27" lane="0/2to1/2_0" slope="0.00"/>
        <vehicle id="2" x="761.32" y="198.35" angle="90.00" type="DEFAULT_VEHTYPE" speed="13.41" pos="156.57" lane="3/1to4/1_0" slope="0.00"/>
        <vehicle id="20" x="601.65" y="344.38" angle="180.00" type="DEFAULT_VEHTYPE" speed="13.80" pos="139.63" lane="3/1to3/2_0" slope="0.00"/>
        <vehicle id="21" x="182.97" y="201.65" angle="-90.00" type="DEFAULT_VEHTYPE" speed="12.73" pos="12.28" lane="1/1to0/1_0" slope="0.00"/>
        <vehicle id="22" x="664.15" y="201.65" angle="-90.00" type="DEFAULT_VEHTYPE" speed="12.93" pos="135.85" lane="4/1to3/1_0" slope="0.00"/>
        <vehicle id="23" x="673.94" y="198.35" angle="90.00" type="DEFAULT_VEHTYPE" speed="12.95" pos="69.19" lane="3/1to4/1_0" slope="0.00"/>
        <vehicle id="24" x="198.35" y="273.99" angle="0.00" type="DEFAULT_VEHTYPE" speed="12.73" pos="121.26" lane="1/2to1/1_0" slope="0.00"/>
        <vehicle id="3" x="403.06" y="198.59" angle="55.53" type="DEFAULT_VEHTYPE" speed="8.48" pos="1.48" lane=":2/1_16_0" slope="0.00"/>
        <vehicle id="4" x="608.96" y="198.35" angle="90.00" type="DEFAULT_VEHTYPE" speed="8.37" pos="4.21" lane="3/1to4/1_0" slope="0.00"/>
        <vehicle id="5" x="398.35" y="430.31" angle="0.00" type="DEFAULT_VEHTYPE" speed="12.82" pos="164.94" lane="2/3to2/2_0" slope="0.00"/>
        <vehicle id="6" x="398.35" y="218.42" angle="0.00" type="DEFAULT_VEHTYPE" speed="9.03" pos="176.83" lane="2/2to2/1_0" slope="0.00"/>
        <vehicle id="7" x="401.65" y="761.06" angle="180.00" type="DEFAULT_VEHTYPE" speed="13.60" pos="156.31" lane="2/3to2/4_0" slope="0.00"/>
        <vehicle id="8" x="146.19" y="201.65" angle="-90.00" type="DEFAULT_VEHTYPE" speed="12.68" pos="49.06" lane="1/1to0/1_0" slope="0.00"/>
        <vehicle id="9" x="398.35" y="668.52" angle="0.00" type="DEFAULT_VEHTYPE" speed="13.13" pos="131.48" lane="2/4to2/3_0" slope="0.00"/>
    </timestep>
    <timestep time="105.00">
        <vehicle id="0" x="254.67" y="401.65" angle="-90.00" type="DEFAULT_VEHTYPE" speed="12.86" pos="140.58" lane="2/2to1/2_0" slope="0.00"/>
        <vehicle id="1" x="698.30" y="201.65" angle="-90.00" type="DEFAULT_VEHTYPE" speed="12.75" pos="101.70" lane="4/1to3/1_0" slope="0.00"/>
        <vehicle id="11" x="168.32" y="398.35" angle="90.00" type="DEFAULT_VEHTYPE" speed="7.56" pos="168.32" lane="0/2to1/2_0" slope="0.00"/>
        <vehicle id="12" x="537.42" y="401.65" angle="-90.00" type="DEFAULT_VEHTYPE" speed="12.91" pos="57.83" lane="3/2to2/2_0" slope="0.00"/>
        <vehicle id="14" x="192.75" y="398.35" angle="90.00" type="DEFAULT_VEHTYPE" speed="0.00" pos="192.75" lane="0/2to1/2_0" slope="0.00"/>
        <vehicle id="15" x="401.65" y="111.97" angle="180.00" type="DEFAULT_VEHTYPE" speed="12.84" pos="111.97" lane="2/0to2/1_0" slope="0.00"/>
        <vehicle id="16" x="398.35" y="515.49" angle="0.00" type="DEFAULT_VEHTYPE" speed="13.87" pos="79.76" lane="2/3to2/2_0" slope="0.00"/>
        <vehicle id="17" x="148.92" y="401.65" angle="-90.00" type="DEFAULT_VEHTYPE" speed="13.70" pos="46.33" lane="1/2to0/2_0" slope="0.00"/>
        <vehicle id="18" x="210.53" y="401.65" angle="-90.00" type="DEFAULT_VEHTYPE" speed="3.60" pos="184.72" lane="2/2to1/2_0" slope="0.00"/>
        <vehicle id="19" x="184.56" y="398.35" angle="90.00" type="DEFAULT_VEHTYPE" speed="1.28" pos="184.56" lane="0/2to1/2_0" slope="0.00"/>
        <vehicle id="2" x="774.98" y="198.35" angle="90.00" type="DEFAULT_VEHTYPE" speed="13.66" pos="170.23" lane="3/1to4/1_0" slope="0.00"/>
        <vehicle id="20" x="601.65" y="357.97" angle="180.00" type="DEFAULT_VEHTYPE" speed="13.59" pos="153.22" lane="3/1to3/2_0" slope="0.00"/>
        <vehicle id="21" x="169.26" y="201.65" angle="-90.00" type="DEFAULT_VEHTYPE" speed="13.71" pos="25.99" lane="1/1to0/1_0" slope="0.00"/>
        <vehicle id="22" x="650.82" y="201.65" angle="-90.00" type="DEFAULT_VEHTYPE" speed="13.33" pos="149.18" lane="4/1to3/1_0" slope="0.00"/>
        <vehicle id="23" x="687.51" y="198.35" angle="90.00" type="DEFAULT_VEHTYPE" speed="13.57" pos="82.76" lane="3/1to4/1_0" slope="0.00"/>
        <vehicle id="24" x="198.35" y="260.23" angle="0.00" type="DEFAULT_VEHTYPE" speed="13.76" pos="135.02" lane="1/2to1/1_0" slope="0.00"/>
        <vehicle id="3" x="412.98" y="198.35" angle="90.00" type="DEFAULT_VEHTYPE" speed="9.94" pos="8.23" lane="2/1to3/1_0" slope="0.00"/>
        <vehicle id="4" x="619.78" y="198.35" angle="90.00" type="DEFAULT_VEHTYPE" speed="10.83" pos="15.03" lane="3/1to4/1_0" slope="0.00"/>
        <vehicle id="5" x="398.35" y="417.43" angle="0.00" type="DEFAULT_VEHTYPE" speed="12.87" pos="177.82" lane="2/3to2/2_0" slope="0.00"/>
        <vehicle id="6" x="398.35" y="212.80" angle="0.00" type="DEFAULT_VEHTYPE" speed="5.62" pos="182.45" lane="2/2to2/1_0" slope="0.00"/>
        <vehicle id="7" x="401.65" y="774.23" angle="180.00" type="DEFAULT_VEHTYPE" speed="13.17" pos="169.48" lane="2/3to2/4_0" slope="0.00"/>
        <vehicle id="8" x="132.31" y="201.65" angle="-90.00" type="DEFAULT_VEHTYPE" speed="13.87" pos="62.94" lane="1/1to0/1_0" slope="0.00"/>
        <vehicle id="9" x="398.35" y="655.47" angle="0.00" type="DEFAULT_VEHTYPE" speed="13.06" pos="144.53" lane="2/4to2/3_0" slope="0.00"/>
    </timestep>
    <timestep time="106.00">
        <vehicle id="0" x="241.95" y="401.65" angle="-90.00" type="DEFAULT_VEHTYPE" speed="12.72" pos="153.30" lane="2/2to1/2_0" slope="0.00"/>
        <vehicle id="1" x="684.76" y="201.65" angle="-90.00" type="DEFAULT_VEHTYPE" speed="13.54" pos="115.24" lane="4/1to3/1_0" slope="0.00"/>
        <vehicle id="11" x="173.31" y="398.35" angle="90.00" type="DEFAULT_VEHTYPE" speed="5.00" pos="173.31" lane="0/2to1/2_0" slope="0.00"/>
        <vehicle id="12" x="524.12" y="401.65" angle="-90.00" type="DEFAULT_VEHTYPE" speed="13.30" pos="71.13" lane="3/2to2/2_0" slope="0.00"/>
        <vehicle id="14" x="192.75" y="398.35" angle="90.00" type="DEFAULT_VEHTYPE" speed="0.00" pos="192.75" lane="0/2to1/2_0" slope="0.00"/>
        <vehicle id="15" x="401.65" y="125.45" angle="180.00" type="DEFAULT_VEHTYPE" speed="13.48" pos="125.45" lane="2/0to2/1_0" slope="0.00"/>
        <vehicle id="16" x="398.35" y="501.89" angle="0.00" type="DEFAULT_VEHTYPE" speed="13.60" pos="93.36" lane="2/3to2/2_0" slope="0.00"/>
        <vehicle id="17" x="135.29" y="401.65" angle="-90.00" type="DEFAULT_VEHTYPE" speed="13.63" pos="59.96" lane="1/2to0/2_0" slope="0.00"/>
        <vehicle id="18" x="205.04" y="401.65" angle="-90.00" type="DEFAULT_VEHTYPE" speed="5.49" pos="190.21" lane="2/2to1/2_0" slope="0.00"/>
        <vehicle id="19" x="185.19" y="398.35" angle="90.00" type="DEFAULT_VEHTYPE" speed="0.63" pos="185.19" lane="0/2to1/2_0" slope="0.00"/>
        <vehicle id="2" x="788.42" y="198.35" angle="90.00" type="DEFAULT_VEHTYPE" speed="13.44" pos="183.67" lane="3/1to4/1_0" slope="0.00"/>
        <vehicle id="20" x="601.65" y="370.69" angle="180.00" type="DEFAULT_VEHTYPE" speed="12.72" pos="165.94" lane="3/1to3/2_0" slope="0.00"/>
        <vehicle id="21" x="155.75" y="201.65" angle="-90.00" type="DEFAULT_VEHTYPE" speed="13.51" pos="39.50" lane="1/1to0/1_0" slope="0.00"/>
        <vehicle id="22" x="637.26" y="201.65" angle="-90.00" type="DEFAULT_VEHTYPE" speed="13.56" pos="162.74" lane="4/1to3/1_0" slope="0.00"/>
        <vehicle id="23" x="700.82" y="198.35" angle="90.00" type="DEFAULT_VEHTYPE" speed="13.31" pos="96.07" lane="3/1to4/1_0" slope="0.00"/>
        <vehicle id="24" x="198.35" y="246.91" angle="0.00" type="DEFAULT_VEHTYPE" speed="13.32" pos="148.34" lane="1/2to1/1_0" slope="0.00"/>
        <vehicle id="3" x="425.21" y="198.35" angle="90.00" type="DEFAULT_VEHTYPE" speed="12.23" pos="20.46" lane="2/1to3/1_0" slope="0.00"/>
        <vehicle id="4" x="632.71" y="198.35" angle="90.00" type="DEFAULT_VEHTYPE" speed="12.93" pos="27.96" lane="3/1to4/1_0" slope="0.00"/>
        <vehicle id="5" x="398.35" y="404.78" angle="0.00" type="DEFAULT_VEHTYPE" speed="12.66" pos="190.47" lane="2/3to2/2_0" slope="0.00"/>
        <vehicle id="6" x="398.35" y="209.70" angle="0.00" type="DEFAULT_VEHTYPE" speed="3.10" pos="185.55" lane="2/2to2/1_0" slope="0.00"/>
        <vehicle id="7" x="401.65" y="787.20" angle="180.00" type="DEFAULT_VEHTYPE" speed="12.96" pos="182.45" lane="2/3to2/4_0" slope="0.00"/>
        <vehicle id="8" x="119.59" y="201.65" angle="-90.00" type="DEFAULT_VEHTYPE" speed="12.72" pos="75.66" lane="1/1to0/1_0" slope="0.00"/>
        <vehicle id="9" x="398.35" y="642.80" angle="0.00" type="DEFAULT_VEHTYPE" speed="12.67" pos="157.20" lane="2/4to2/3_0" slope="0.00"/>
    </timestep>
    <timestep time="107.00">
        <vehicle id="0" x="228.98" y="401.65" angle="-90.00" type="DEFAULT_VEHTYPE" speed="12.97" pos="166.27" lane="2/2to1/2_0" slope="0.00"/>
        <vehicle id="1" x="671.08" y="201.65" angle="-90.00" type="DEFAULT_VEHTYPE" speed="13.69" pos="128.92" lane="4/1to3/1_0" slope="0.00"/>
        <vehicle id="11" x="176.00" y="398.35" angle="90.00" type="DEFAULT_VEHTYPE" speed="2.69" pos="176.00" lane="0/2to1/2_0" slope="0.00"/>
        <vehicle id="12" x="510.83" y="401.65" angle="-90.00" type="DEFAULT_VEHTYPE" speed="13.28" pos="84.42" lane="3/2to2/2_0" slope="0.00"/>
        <vehicle id="14" x="192.75" y="398.35" angle="90.00" type="DEFAULT_VEHTYPE" speed="0.00" pos="192.75" lane="0/2to1/2_0" slope="0.00"/>
        <vehicle id="15" x="401.65" y="138.97" angle="180.00" type="DEFAULT_VEHTYPE" speed="13.51" pos="138.97" lane="2/0to2/1_0" slope="0.00"/>
        <vehicle id="16" x="398.35" y="488.66" angle="0.00" type="DEFAULT_VEHTYPE" speed="13.23" pos="106.59" lane="2/3to2/2_0" slope="0.00"/>
        <vehicle id="17" x="121.82" y="401.65" angle="-90.00" type="DEFAULT_VEHTYPE" speed="13.47" pos="73.43" lane="1/2to0/2_0" slope="0.00"/>
        <vehicle id="18" x="198.20" y="401.65" angle="-90.00" type="DEFAULT_VEHTYPE" speed="6.84" pos="6.55" lane=":1/2_5_0" slope="0.00"/>
        <vehicle id="19" x="185.24" y="398.35" angle="90.00" type="DEFAULT_VEHTYPE" speed="0.05" pos="185.24" lane="0/2to1/2_0" slope="0.00"/>
        <vehicle id="2" x="800.87" y="198.93" angle="96.80" type="DEFAULT_VEHTYPE" speed="12.63" pos="1.04" lane=":4/1_0_0" slope="0.00"/>
        <vehicle id="20" x="601.65" y="380.81" angle="180.00" type="DEFAULT_VEHTYPE" speed="10.12" pos="176.06" lane="3/1to3/2_0" slope="0.00"/>
        <vehicle id="21" x="142.95" y="201.65" angle="-90.00" type="DEFAULT_VEHTYPE" speed="12.80" pos="52.30" lane="1/1to0/1_0" slope="0.00"/>
        <vehicle id="22" x="625.54" y="201.65" angle="-90.00" type="DEFAULT_VEHTYPE" speed="11.72" pos="174.46" lane="4/1to3/1_0" slope="0.00"/>
        <vehicle id="23" x="714.62" y="198.35" angle="90.00" type="DEFAULT_VEHTYPE" speed="13.80" pos="109.87" lane="3/1to4/1_0" slope="0.00"/>
        <vehicle id="24" x="198.35" y="233.13" angle="0.00" type="DEFAULT_VEHTYPE" speed="13.78" pos="162.12" lane="1/2to1/1_0" slope="0.00"/>
        <vehicle id="3" x="438.58" y="198.35" angle="90.00" type="DEFAULT_VEHTYPE" speed="13.37" pos="33.83" lane="2/1to3/1_0" slope="0.00"/>
        <vehicle id="4" x="646.00" y="198.35" angle="90.00" type="DEFAULT_VEHTYPE" speed="13.29" pos="41.25" lane="3/1to4/1_0" slope="0.00"/>
        <vehicle id="5" x="398.35" y="391.25" angle="0.00" type="DEFAULT_VEHTYPE" speed="13.53" pos="4.00" lane="2/2to2/1_0" slope="0.00"/>
        <vehicle id="6" x="398.38" y="204.55" angle="0.32" type="DEFAULT_VEHTYPE" speed="5.15" pos="0.20" lane=":2/1_2_0" slope="0.00"/>
        <vehicle id="7" x="401.65" y="799.85" angle="180.00" type="DEFAULT_VEHTYPE" speed="12.66" pos="195.10" lane="2/3to2/4_0" slope="0.00"/>
        <vehicle id="8" x="106.84" y="201.65" angle="-90.00" type="DEFAULT_VEHTYPE" speed="12.75" pos="88.41" lane="1/1to0/1_0" slope="0.00"/>
        <vehicle id="9" x="398.35" y="630.09" angle="0.00" type="DEFAULT_VEHTYPE" speed="12.72" pos="169.91" lane="2/4to2/3_0" slope="0.00"/>
    </timestep>
    <timestep time="108.00">
        <vehicle id="0" x="220.00" y="401.65" angle="-90.00" type="DEFAULT_VEHTYPE" speed="8.98" pos="175.25" lane="2/2to1/2_0" slope="0.00"/>
        <vehicle id="1" x="657.38" y="201.65" angle="-90.00" type="DEFAULT_VEHTYPE" speed="13.70" pos="142.62" lane="4/1to3/1_0" slope="0.00"/>
        <vehicle id="11" x="177.00" y="398.35" angle="90.00" type="DEFAULT_VEHTYPE" speed="1.00" pos="177.00" lane="0/2to1/2_0" slope="0.00"/>
        <vehicle id="12" x="497.31" y="401.65" angle="-90.00" type="DEFAULT_VEHTYPE" speed="13.52" pos="97.94" lane="3/2to2/2_0" slope="0.00"/>
        <vehicle id="14" x="194.92" y="398.35" angle="90.00" type="DEFAULT_VEHTYPE" speed="2.18" pos="194.92" lane="0/2to1/2_0" slope="0.00"/>
        <vehicle id="15" x="401.65" y="152.44" angle="180.00" type="DEFAULT_VEHTYPE" speed="13.47" pos="152.44" lane="2/0to2/1_0" slope="0.00"/>
        <vehicle id="16" x="398.35" y="475.64" angle="0.00" type="DEFAULT_VEHTYPE" speed="13.03" pos="119.61" lane="2/3to2/2_0" slope="0.00"/>
        <vehicle id="17" x="108.39" y="401.65" angle="-90.00" type="DEFAULT_VEHTYPE" speed="13.42" pos="86.86" lane="1/2to0/2_0" slope="0.00"/>
        <vehicle id="18" x="188.80" y="401.65" angle="-90.00" type="DEFAULT_VEHTYPE" speed="9.40" pos="6.45" lane="1/2to0/2_0" slope="0.00"/>
        <vehicle id="19" x="185.24" y="398.35" angle="90.00" type="DEFAULT_VEHTYPE" speed="0.00" pos="185.24" lane="0/2to1/2_0" slope="0.00"/>
        <vehicle id="2" x="790.50" y="201.65" angle="-90.00" type="DEFAULT_VEHTYPE" speed="13.28" pos="9.50" lane="4/1to3/1_0" slope="0.00"/>
        <vehicle id="20" x="601.65" y="386.43" angle="180.00" type="DEFAULT_VEHTYPE" speed="5.62" pos="181.68" lane="3/1to3/2_0" slope="0.00"/>
        <vehicle id="21" x="130.24" y="201.65" angle="-90.00" type="DEFAULT_VEHTYPE" speed="12.71" pos="65.01" lane="1/1to0/1_0" slope="0.00"/>
        <vehicle id="22" x="617.72" y="201.65" angle="-90.00" type="DEFAULT_VEHTYPE" speed="7.82" pos="182.28" lane="4/1to3/1_0" slope="0.00"/>
        <vehicle id="23" x="728.27" y="198.35" angle="90.00" type="DEFAULT_VEHTYPE" speed="13.64" pos="123.52" lane="3/1to4/1_0" slope="0.00"/>
        <vehicle id="24" x="198.35" y="219.28" angle="0.00" type="DEFAULT_VEHTYPE" speed="13.84" pos="175.97" lane="1/2to1/1_0" slope="0.00"/>
        <vehicle id="3" x="451.59" y="198.35" angle="90.00" type="DEFAULT_VEHTYPE" speed="13.01" pos="46.84" lane="2/1to3/1_0" slope="0.00"/>
        <vehicle id="4" x="659.03" y="198.35" angle="90.00" type="DEFAULT_VEHTYPE" speed="13.03" pos="54.28" lane="3/1to4/1_0" slope="0.00"/>
        <vehicle id="5" x="398.35" y="377.56" angle="0.00" type="DEFAULT_VEHTYPE" speed="13.69" pos="17.69" lane="2/2to2/1_0" slope="0.00"/>
        <vehicle id="6" x="401.23" y="199.18" angle="33.92" type="DEFAULT_VEHTYPE" speed="6.45" pos="6.65" lane=":2/1_2_0" slope="0.00"/>
        <vehicle id="7" x="398.35" y="791.27" angle="0.00" type="DEFAULT_VEHTYPE" speed="13.70" pos="8.73" lane="2/4to2/3_0" slope="0.00"/>
        <vehicle id="8" x="93.68" y="201.65" angle="-90.00" type="DEFAULT_VEHTYPE" speed="13.17" pos="101.57" lane="1/1to0/1_0" slope="0.00"/>
        <vehicle id="9" x="398.35" y="616.46" angle="0.00" type="DEFAULT_VEHTYPE" speed="13.63" pos="183.54" lane="2/4to2/3_0" slope="0.00"/>
    </timestep>
    <timestep time="109.00">
        <vehicle id="0" x="213.31" y="401.65" angle="-90.00" type="DEFAULT_VEHTYPE" speed="6.69" pos="181.94" lane="2/2to1/2_0" slope="0.00"/>
        <vehicle id="1" x="644.61" y="201.65" angle="-90.00" type="DEFAULT_VEHTYPE" speed="12.77" pos="155.39" lane="4/1to3/1_0" slope="0.00"/>
        <vehicle id="11" x="177.61" y="398.35" angle="90.00" type="DEFAULT_VEHTYPE" speed="0.61" pos="177.61" lane="0/2to1/2_0" slope="0.00"/>
        <vehicle id="12" x="483.72" y="401.65" angle="-90.00" type="DEFAULT_VEHTYPE" speed="13.59" pos="111.53" lane="3/2to2/2_0" slope="0.00"/>
        <vehicle id="14" x="198.86" y="399.24" angle="100.40" type="DEFAULT_VEHTYPE" speed="4.10" pos="3.78" lane=":1/2_14_0" slope="0.00"/>
        <vehicle id="15" x="401.65" y="165.97" angle="180.00" type="DEFAULT_VEHTYPE" speed="13.53" pos="165.97" lane="2/0to2/1_0" slope="0.00"/>
        <vehicle id="16" x="398.35" y="462.20" angle="0.00" type="DEFAULT_VEHTYPE" speed="13.43" pos="133.05" lane="2/3to2/2_0" slope="0.00"/>
        <vehicle id="17" x="94.59" y="401.65" angle="-90.00" type="DEFAULT_VEHTYPE" speed="13.81" pos="100.66" lane="1/2to0/2_0" slope="0.00"/>
        <vehicle id="18" x="177.69" y="401.65" angle="-90.00" type="DEFAULT_VEHTYPE" speed="11.11" pos="17.56" lane="1/2to0/2_0" slope="0.00"/>
        <vehicle id="19" x="186.73" y="398.35" angle="90.00" type="DEFAULT_VEHTYPE" speed="1.49" pos="186.73" lane="0/2to1/2_0" slope="0.00"/>
        <vehicle id="2" x="777.55" y="201.65" angle="-90.00" type="DEFAULT_VEHTYPE" speed="12.95" pos="22.45" lane="4/1to3/1_0" slope="0.00"/>
        <vehicle id="20" x="601.65" y="390.64" angle="180.00" type="DEFAULT_VEHTYPE" speed="4.21" pos="185.89" lane="3/1to3/2_0" slope="0.00"/>
        <vehicle id="21" x="117.28" y="201.65" angle="-90.00" type="DEFAULT_VEHTYPE" speed="12.96" pos="77.97" lane="1/1to0/1_0" slope="0.00"/>
        <vehicle id="22" x="612.73" y="201.65" angle="-90.00" type="DEFAULT_VEHTYPE" speed="4.99" pos="187.27" lane="4/1to3/1_0" slope="0.00"/>
        <vehicle id="23" x="741.08" y="198.35" angle="90.00" type="DEFAULT_VEHTYPE" speed="12.81" pos="136.33" lane="3/1to4/1_0" slope="0.00"/>
        <vehicle id="24" x="198.35" y="205.41" angle="0.00" type="DEFAULT_VEHTYPE" speed="13.87" pos="189.84" lane="1/2to1/1_0" slope="0.00"/>
        <vehicle id="3" x="464.28" y="198.35" angle="90.00" type="DEFAULT_VEHTYPE" speed="12.69" pos="59.53" lane="2/1to3/1_0" slope="0.00"/>
        <vehicle id="4" x="672.76" y="198.35" angle="90.00" type="DEFAULT_VEHTYPE" speed="13.73" pos="68.01" lane="3/1to4/1_0" slope="0.00"/>
        <vehicle id="5" x="398.35" y="364.75" angle="0.00" type="DEFAULT_VEHTYPE" speed="12.81" pos="30.50" lane="2/2to2/1_0" slope="0.00"/>
        <vehicle id="6" x="409.04" y="198.35" angle="88.85" type="DEFAULT_VEHTYPE" speed="7.96" pos="4.29" lane="2/1to3/1_0" slope="0.00"/>
        <vehicle id="7" x="398.35" y="778.54" angle="0.00" type="DEFAULT_VEHTYPE" speed="12.73" pos="21.46" lane="2/4to2/3_0" slope="0.00"/>
        <vehicle id="8" x="79.79" y="201.65" angle="-90.00" type="DEFAULT_VEHTYPE" speed="13.89" pos="115.46" lane="1/1to0/1_0" slope="0.00"/>
        <vehicle id="9" x="398.35" y="603.69" angle="0.00" type="DEFAULT_VEHTYPE" speed="12.77" pos="1.06" lane=":2/3_1_0" slope="0.00"/>
    </timestep>
    <timestep time="110.00">
        <vehicle id="0" x="209.97" y="401.65" angle="-90.00" type="DEFAULT_VEHTYPE" speed="3.34" pos="185.28" lane="2/2to1/2_0" slope="0.00"/>
        <vehicle id="1" x="633.18" y="201.65" angle="-90.00" type="DEFAULT_VEHTYPE" speed="11.43" pos="166.82" lane="4/1to3/1_0" slope="0.00"/>
        <vehicle id="11" x="178.50" y="398.35" angle="90.00" type="DEFAULT_VEHTYPE" speed="0.89" pos="178.50" lane="0/2to1/2_0" slope="0.00"/>
        <vehicle id="12" x="471.06" y="401.65" angle="-90.00" type="DEFAULT_VEHTYPE" speed="12.65" pos="124.19" lane="3/2to2/2_0" slope="0.00"/>
        <vehicle id="14" x="201.61" y="404.50" angle="160.27" type="DEFAULT_VEHTYPE" speed="6.29" pos="10.06" lane=":1/2_14_0" slope="0.00"/>
        <vehicle id="15" x="401.65" y="179.79" angle="180.00" type="DEFAULT_VEHTYPE" speed="13.82" pos="179.79" lane="2/0to2/1_0" slope="0.00"/>
        <vehicle id="16" x="398.35" y="448.83" angle="0.00" type="DEFAULT_VEHTYPE" speed="13.37" pos="146.42" lane="2/3to2/2_0" slope="0.00"/>
        <vehicle id="17" x="81.07" y="401.65" angle="-90.00" type="DEFAULT_VEHTYPE" speed="13.51" pos="114.18" lane="1/2to0/2_0" slope="0.00"/>
        <vehicle id="18" x="164.18" y="401.65" angle="-90.00" type="DEFAULT_VEHTYPE" speed="13.52" pos="31.07" lane="1/2to0/2_0" slope="0.00"/>
        <vehicle id="19" x="189.18" y="398.35" angle="90.00" type="DEFAULT_VEHTYPE" speed="2.45" pos="189.18" lane="0/2to1/2_0" slope="0.00"/>
        <vehicle id="2" x="764.02" y="201.65" angle="-90.00" type="DEFAULT_VEHTYPE" speed="13.53" pos="35.98" lane="4/1to3/1_0" slope="0.00"/>
        <vehicle id="20" x="601.45" y="396.67" angle="-177.67" type="DEFAULT_VEHTYPE" speed="6.04" pos="1.43" lane=":3/2_10_0" slope="0.00"/>
        <vehicle id="21" x="103.72" y="201.65" angle="-90.00" type="DEFAULT_VEHTYPE" speed="13.55" pos="91.53" lane="1/1to0/1_0" slope="0.00"/>
        <vehicle id="22" x="609.52" y="201.65" angle="-90.00" type="DEFAULT_VEHTYPE" speed="3.20" pos="190.48" lane="4/1to3/1_0" slope="0.00"/>
        <vehicle id="23" x="753.70" y="198.35" angle="90.00" type="DEFAULT_VEHTYPE" speed="12.62" pos="148.95" lane="3/1to4/1_0" slope="0.00"/>
        <vehicle id="24" x="187.60" y="201.65" angle="-90.00" type="DEFAULT_VEHTYPE" speed="13.31" pos="7.65" lane="1/1to0/1_0" slope="0.00"/>
        <vehicle id="3" x="477.07" y="198.35" angle="90.00" type="DEFAULT_VEHTYPE" speed="12.79" pos="72.32" lane="2/1to3/1_0" slope="0.00"/>
        <vehicle id="4" x="685.89" y="198.35" angle="90.00" type="DEFAULT_VEHTYPE" speed="13.12" pos="81.14" lane="3/1to4/1_0" slope="0.00"/>
        <vehicle id="5" x="398.35" y="351.39" angle="0.00" type="DEFAULT_VEHTYPE" speed="13.36" pos="43.86" lane="2/2to2/1_0" slope="0.00"/>
        <vehicle id="6" x="419.29" y="198.35" angle="90.00" type="DEFAULT_VEHTYPE" speed="10.25" pos="14.54" lane="2/1to3/1_0" slope="0.00"/>
        <vehicle id="7" x="398.35" y="765.93" angle="0.00" type="DEFAULT_VEHTYPE" speed="12.62" pos="34.07" lane="2/4to2/3_0" slope="0.00"/>
        <vehicle id="8" x="66.59" y="201.65" angle="-90.00" type="DEFAULT_VEHTYPE" speed="13.20" pos="128.66" lane="1/1to0/1_0" slope="0.00"/>
        <vehicle id="9" x="398.35" y="590.60" angle="0.00" type="DEFAULT_VEHTYPE" speed="13.09" pos="4.65" lane="2/3to2/2_0" slope="0.00"/>
    </timestep>
    <timestep time="111.00">
        <vehicle id="0" x="205.21" y="401.65" angle="-90.00" type="DEFAULT_VEHTYPE" speed="4.75" pos="190.04" lane="2/2to1/2_0" slope="0.00"/>
        <vehicle id="1" x="625.52" y="201.65" angle="-90.00" type="DEFAULT_VEHTYPE" speed="7.66" pos="174.48" lane="4/1to3/1_0" slope="0.00"/>
        <vehicle id="11" x="179.87" y="398.35" angle="90.00" type="DEFAULT_VEHTYPE" speed="1.37" pos="179.87" lane="0/2to1/2_0" slope="0.00"/>
        <vehicle id="12" x="458.22" y="401.65" angle="-90.00" type="DEFAULT_VEHTYPE" speed="12.85" pos="137.03" lane="3/2to2/2_0" slope="0.00"/>
        <vehicle id="14" x="201.65" y="412.92" angle="180.00" type="DEFAULT_VEHTYPE" speed="8.43" pos="8.17" lane="1/2to1/3_0" slope="0.00"/>
        <vehicle id="15" x="401.65" y="192.86" angle="180.00" type="DEFAULT_VEHTYPE" speed="13.07" pos="192.86" lane="2/0to2/1_0" slope="0.00"/>
        <vehicle id="16" x="398.35" y="435.41" angle="0.00" type="DEFAULT_VEHTYPE" speed="13.42" pos="159.84" lane="2/3to2/2_0" slope="0.00"/>
        <vehicle id="17" x="68.33" y="401.65" angle="-90.00" type="DEFAULT_VEHTYPE" speed="12.74" pos="126.92" lane="1/2to0/2_0" slope="0.00"/>
        <vehicle id="18" x="150.46" y="401.65" angle="-90.00" type="DEFAULT_VEHTYPE" speed="13.71" pos="44.79" lane="1/2to0/2_0" slope="0.00"/>
        <vehicle id="19" x="193.30" y="398.35" angle="90.00" type="DEFAULT_VEHTYPE" speed="4.12" pos="193.30" lane="0/2to1/2_0" slope="0.00"/>
        <vehicle id="2" x="751.20" y="201.65" angle="-90.00" type="DEFAULT_VEHTYPE" speed="12.82" pos="48.80" lane="4/1to3/1_0" slope="0.00"/>
        <vehicle id="20" x="596.73" y="401.44" angle="-122.36" type="DEFAULT_VEHTYPE" speed="7.39" pos="1.68" lane=":3/2_18_0" slope="0.00"/>
        <vehicle id="21" x="90.20" y="201.65" angle="-90.00" type="DEFAULT_VEHTYPE" speed="13.53" pos="105.05" lane="1/1to0/1_0" slope="0.00"/>
        <vehicle id="22" x="604.60" y="201.67" angle="-90.24" type="DEFAULT_VEHTYPE" speed="4.92" pos="0.15" lane=":3/1_4_0" slope="0.00"/>
        <vehicle id="23" x="767.09" y="198.35" angle="90.00" type="DEFAULT_VEHTYPE" speed="13.39" pos="162.34" lane="3/1to4/1_0" slope="0.00"/>
        <vehicle id="24" x="174.39" y="201.65" angle="-90.00" type="DEFAULT_VEHTYPE" speed="13.21" pos="20.86" lane="1/1to0/1_0" slope="0.00"/>
        <vehicle id="3" x="489.78" y="198.35" angle="90.00" type="DEFAULT_VEHTYPE" speed="12.70" pos="85.03" lane="2/1to3/1_0" slope="0.00"/>
        <vehicle id="4" x="698.83" y="198.35" angle="90.00" type="DEFAULT_VEHTYPE" speed="12.94" pos="94.08" lane="3/1to4/1_0" slope="0.00"/>
        <vehicle id="5" x="398.35" y="337.65" angle="0.00" type="DEFAULT_VEHTYPE" speed="13.74" pos="57.60" lane="2/2to2/1_0" slope="0.00"/>
        <vehicle id="6" x="432.06" y="198.35" angle="90.00" type="DEFAULT_VEHTYPE" speed="12.77" pos="27.31" lane="2/1to3/1_0" slope="0.00"/>
        <vehicle id="7" x="398.35" y="752.76" angle="0.00" type="DEFAULT_VEHTYPE" speed="13.17" pos="47.24" lane="2/4to2/3_0" slope="0.00"/>
        <vehicle id="8" x="53.27" y="201.65" angle="-90.00" type="DEFAULT_VEHTYPE" speed="13.32" pos="141.98" lane="1/1to0/1_0" slope="0.00"/>
        <vehicle id="9" x="398.35" y="576.87" angle="0.00" type="DEFAULT_VEHTYPE" speed="13.73" pos="18.38" lane="2/3to2/2_0" slope="0.00"/>
    </timestep>
    <timestep time="112.00">
        <vehicle id="0" x="199.30" y="398.96" angle="-58.36" type="DEFAULT_VEHTYPE" speed="6.90" pos="6.43" lane=":1/2_6_0" slope="0.00"/>
        <vehicle id="1" x="617.78" y="201.65" angle="-90.00" type="DEFAULT_VEHTYPE" speed="7.74" pos="182.22" lane="4/1to3/1_0" slope="0.00"/>
        <vehicle id="11" x="183.22" y="398.35" angle="90.00" type="DEFAULT_VEHTYPE" speed="3.34" pos="183.22" lane="0/2to1/2_0" slope="0.00"/>
        <vehicle id="12" x="444.97" y="401.65" angle="-90.00" type="DEFAULT_VEHTYPE" speed="13.25" pos="150.28" lane="3/2to2/2_0" slope="0.00"/>
        <vehicle id="14" x="201.65" y="422.83" angle="180.00" type="DEFAULT_VEHTYPE" speed="9.91" pos="18.08" lane="1/2to1/3_0" slope="0.00"/>
        <vehicle id="15" x="410.90" y="198.35" angle="90.00" type="DEFAULT_VEHTYPE" speed="13.54" pos="6.15" lane="2/1to3/1_0" slope="0.00"/>
        <vehicle id="16" x="398.35" y="422.52" angle="0.00" type="DEFAULT_VEHTYPE" speed="12.89" pos="172.73" lane="2/3to2/2_0" slope="0.00"/>
        <vehicle id="17" x="55.13" y="401.65" angle="-90.00" type="DEFAULT_VEHTYPE" speed="13.20" pos="140.12" lane="1/2to0/2_0" slope="0.00"/>
        <vehicle id="18" x="137.56" y="401.65" angle="-90.00" type="DEFAULT_VEHTYPE" speed="12.90" pos="57.69" lane="1/2to0/2_0" slope="0.00"/>
        <vehicle id="19" x="198.90" y="399.26" angle="100.63" type="DEFAULT_VEHTYPE" speed="5.77" pos="3.81" lane=":1/2_14_0" slope="0.00"/>
        <vehicle id="2" x="738.23" y="201.65" angle="-90.00" type="DEFAULT_VEHTYPE" speed="12.97" pos="61.77" lane="4/1to3/1_0" slope="0.00"/>
        <vehicle id="20" x="587.36" y="401.65" angle="-90.00" type="DEFAULT_VEHTYPE" speed="9.39" pos="7.89" lane="3/2to2/2_0" slope="0.00"/>
        <vehicle id="21" x="76.79" y="201.65" angle="-90.00" type="DEFAULT_VEHTYPE" speed="13.41" pos="118.46" lane="1/1to0/1_0" slope="0.00"/>
        <vehicle id="22" x="601.65" y="206.56" angle="-163.08" type="DEFAULT_VEHTYPE" speed="6.66" pos="1.81" lane="3/1to3/2_0" slope="0.00"/>
        <vehicle id="23" x="780.22" y="198.35" angle="90.00" type="DEFAULT_VEHTYPE" speed="13.13" pos="175.47" lane="3/1to4/1_0" slope="0.00"/>
        <vehicle id="24" x="160.96" y="201.65" angle="-90.00" type="DEFAULT_VEHTYPE" speed="13.43" pos="34.29" lane="1/1to0/1_0" slope="0.00"/>
        <vehicle id="3" x="503.47" y="198.35" angle="90.00" type="DEFAULT_VEHTYPE" speed="13.69" pos="98.72" lane="2/1to3/1_0" slope="0.00"/>
        <vehicle id="4" x="711.91" y="198.35" angle="90.00" type="DEFAULT_VEHTYPE" speed="13.08" pos="107.16" lane="3/1to4/1_0" slope="0.00"/>
        <vehicle id="5" x="398.35" y="324.51" angle="0.00" type="DEFAULT_VEHTYPE" speed="13.14" pos="70.74" lane="2/2to2/1_0" slope="0.00"/>
        <vehicle id="6" x="445.10" y="198.35" angle="90.00" type="DEFAULT_VEHTYPE" speed="13.04" pos="40.35" lane="2/1to3/1_0" slope="0.00"/>
        <vehicle id="7" x="398.35" y="739.98" angle="0.00" type="DEFAULT_VEHTYPE" speed="12.77" pos="60.02" lane="2/4to2/3_0" slope="0.00"/>
        <vehicle id="8" x="40.19" y="201.65" angle="-90.00" type="DEFAULT_VEHTYPE" speed="13.07" pos="155.06" lane="1/1to0/1_0" slope="0.00"/>
        <vehicle id="9" x="398.35" y="563.03" angle="0.00" type="DEFAULT_VEHTYPE" speed="13.84" pos="32.22" lane="2/3to2/2_0" slope="0.00"/>
    </timestep>
    <timestep time="113.00">
        <vehicle id="0" x="198.35" y="390.39" angle="-0.22" type="DEFAULT_VEHTYPE" speed="8.75" pos="4.86" lane="1/2to1/1_0" slope="0.00"/>
        <vehicle id="1" x="612.08" y="201.65" angle="-90.00" type="DEFAULT_VEHTYPE" speed="5.70" pos="187.92" lane="4/1to3/1_0" slope="0.00"/>
        <vehicle id="11" x="187.75" y="398.35" angle="90.00" type="DEFAULT_VEHTYPE" speed="4.54" pos="187.75" lane="0/2to1/2_0" slope="0.00"/>
        <vehicle id="12" x="431.91" y="401.65" angle="-90.00" type="DEFAULT_VEHTYPE" speed="13.06" pos="163.34" lane="3/2to2/2_0" slope="0.00"/>
        <vehicle id="14" x="201.65" y="434.21" angle="180.00" type="DEFAULT_VEHTYPE" speed="11.38" pos="29.46" lane="1/2to1/3_0" slope="0.00"/>
        <vehicle id="15" x="424.60" y="198.35" angle="90.00" type="DEFAULT_VEHTYPE" speed="13.70" pos="19.85" lane="2/1to3/1_0" slope="0.00"/>
        <vehicle id="16" x="398.35" y="408.93" angle="0.00" type="DEFAULT_VEHTYPE" speed="13.59" pos="186.32" lane="2/3to2/2_0" slope="0.00"/>
        <vehicle id="17" x="41.54" y="401.65" angle="-90.00" type="DEFAULT_VEHTYPE" speed="13.60" pos="153.71" lane="1/2to0/2_0" slope="0.00"/>
        <vehicle id="18" x="124.21" y="401.65" angle="-90.00" type="DEFAULT_VEHTYPE" speed="13.35" pos="71.04" lane="1/2to0/2_0" slope="0.00"/>
        <vehicle id="19" x="201.65" y="406.19" angle="170.93" type="DEFAULT_VEHTYPE" speed="7.95" pos="1.44" lane="1/2to1/3_0" slope="0.00"/>
        <vehicle id="2" x="724.87" y="201.65" angle="-90.00" type="DEFAULT_VEHTYPE" speed="13.36" pos="75.13" lane="4/1to3/1_0" slope="0.00"/>
        <vehicle id="20" x="575.86" y="401.65" angle="-90.00" type="DEFAULT_VEHTYPE" speed="11.50" pos="19.39" lane="3/2to2/2_0" slope="0.00"/>
        <vehicle id="21" x="63.10" y="201.65" angle="-90.00" type="DEFAULT_VEHTYPE" speed="13.69" pos="132.15" lane="1/1to0/1_0" slope="0.00"/>
        <vehicle id="22" x="601.65" y="215.21" angle="180.00" type="DEFAULT_VEHTYPE" speed="8.65" pos="10.46" lane="3/1to3/2_0" slope="0.00"/>
        <vehicle id="23" x="793.60" y="198.35" angle="90.00" type="DEFAULT_VEHTYPE" speed="13.38" pos="188.85" lane="3/1to4/1_0" slope="0.00"/>
        <vehicle id="24" x="147.25" y="201.65" angle="-90.00" type="DEFAULT_VEHTYPE" speed="13.71" pos="48.00" lane="1/1to0/1_0" slope="0.00"/>
        <vehicle id="3" x="516.56" y="198.35" angle="90.00" type="DEFAULT_VEHTYPE" speed="13.10" pos="111.81" lane="2/1to3/1_0" slope="0.00"/>
        <vehicle id="4" x="724.66" y="198.35" angle="90.00" type="DEFAULT_VEHTYPE" speed="12.75" pos="119.91" lane="3/1to4/1_0" slope="0.00"/>
        <vehicle id="5" x="398.35" y="311.76" angle="0.00" type="DEFAULT_VEHTYPE" speed="12.74" pos="83.49" lane="2/2to2/1_0" slope="0.00"/>
        <vehicle id="6" x="458.63" y="198.35" angle="90.00" type="DEFAULT_VEHTYPE" speed="13.53" pos="53.88" lane="2/1to3/1_0" slope="0.00"/>
        <vehicle id="7" x="398.35" y="726.29" angle="0.00" type="DEFAULT_VEHTYPE" speed="13.70" pos="73.71" lane="2/4to2/3_0" slope="0.00"/>
        <vehicle id="8" x="27.19" y="201.65" angle="-90.00" type="DEFAULT_VEHTYPE" speed="13.00" pos="168.06" lane="1/1to0/1_0" slope="0.00"/>
        <vehicle id="9" x="398.35" y="550.13" angle="0.00" type="DEFAULT_VEHTYPE" speed="12.90" pos="45.12" lane="2/3to2/2_0" slope="0.00"/>
    </timestep>
    <timestep time="114.00">
        <vehicle id="0" x="198.35" y="379.18" angle="0.00" type="DEFAULT_VEHTYPE" speed="11.21" pos="16.07" lane="1/2to1/1_0" slope="0.00"/>
        <vehicle id="1" x="609.28" y="201.65" angle="-90.00" type="DEFAULT_VEHTYPE" speed="2.80" pos="190.72" lane="4/1to3/1_0" slope="0.00"/>
        <vehicle id="11" x="190.06" y="398.35" angle="90.00" type="DEFAULT_VEHTYPE" speed="2.30" pos="190.06" lane="0/2to1/2_0" slope="0.00"/>
        <vehicle id="12" x="421.51" y="401.65" angle="-90.00" type="DEFAULT_VEHTYPE" speed="10.40" pos="173.74" lane="3/2to2/2_0" slope="0.00"/>
        <vehicle id="14" x="201.65" y="447.66" angle="180.00" type="DEFAULT_VEHTYPE" speed="13.45" pos="42.91" lane="1/2to1/3_0" slope="0.00"/>
        <vehicle id="15" x="437.54" y="198.35" angle="90.00" type="DEFAULT_VEHTYPE" speed="12.94" pos="32.79" lane="2/1to3/1_0" slope="0.00"/>
        <vehicle id="16" x="390.72" y="401.65" angle="-89.25" type="DEFAULT_VEHTYPE" speed="13.71" pos="4.53" lane="2/2to1/2_0" slope="0.00"/>
        <vehicle id="17" x="28.79" y="401.65" angle="-90.00" type="DEFAULT_VEHTYPE" speed="12.75" pos="166.46" lane="1/2to0/2_0" slope="0.00"/>
        <vehicle id="18" x="111.21" y="401.65" angle="-90.00" type="DEFAULT_VEHTYPE" speed="13.00" pos="84.04" lane="1/2to0/2_0" slope="0.00"/>
        <vehicle id="19" x="201.65" y="415.70" angle="180.00" type="DEFAULT_VEHTYPE" speed="9.51" pos="10.95" lane="1/2to1/3_0" slope="0.00"/>
        <vehicle id="2" x="711.33" y="201.65" angle="-90.00" type="DEFAULT_VEHTYPE" speed="13.54" pos="88.67" lane="4/1to3/1_0" slope="0.00"/>
        <vehicle id="20" x="562.85" y="401.65" angle="-90.00" type="DEFAULT_VEHTYPE" speed="13.01" pos="32.40" lane="3/2to2/2_0" slope="0.00"/>
        <vehicle id="21" x="49.49" y="201.65" angle="-90.00" type="DEFAULT_VEHTYPE" speed="13.61" pos="145.76" lane="1/1to0/1_0" slope="0.00"/>
        <vehicle id="22" x="601.65" y="226.19" angle="180.00" type="DEFAULT_VEHTYPE" speed="10.98" pos="21.44" lane="3/1to3/2_0" slope="0.00"/>
        <vehicle id="23" x="797.49" y="201.65" angle="-112.70" type="DEFAULT_VEHTYPE" speed="13.73" pos="2.51" lane="4/1to3/1_0" slope="0.00"/>
        <vehicle id="24" x="134.05" y="201.65" angle="-90.00" type="DEFAULT_VEHTYPE" speed="13.20" pos="61.20" lane="1/1to0/1_0" slope="0.00"/>
        <vehicle id="3" x="529.43" y="198.35" angle="90.00" type="DEFAULT_VEHTYPE" speed="12.86" pos="124.68" lane="2/1to3/1_0" slope="0.00"/>
        <vehicle id="4" x="737.65" y="198.35" angle="90.00" type="DEFAULT_VEHTYPE" speed="13.00" pos="132.90" lane="3/1to4/1_0" slope="0.00"/>
        <vehicle id="5" x="398.35" y="299.03" angle="0.00" type="DEFAULT_VEHTYPE" speed="12.74" pos="96.22" lane="2/2to2/1_0" slope="0.00"/>
        <vehicle id="6" x="471.24" y="198.35" angle="90.00" type="DEFAULT_VEHTYPE" speed="12.61" pos="66.49" lane="2/1to3/1_0" slope="0.00"/>
        <vehicle id="7" x="398.35" y="712.80" angle="0.00" type="DEFAULT_VEHTYPE" speed="13.49" pos="87.20" lane="2/4to2/3_0" slope="0.00"/>
        <vehicle id="8" x="14.21" y="201.65" angle="-90.00" type="DEFAULT_VEHTYPE" speed="12.99" pos="181.04" lane="1/1to0/1_0" slope="0.00"/>
        <vehicle id="9" x="398.35" y="536.37" angle="0.00" type="DEFAULT_VEHTYPE" speed="13.76" pos="58.88" lane="2/3to2/2_0" slope="0.00"/>
    </timestep>
    <timestep time="115.00">
        <vehicle id="0" x="198.35" y="366.00" angle="0.00" type="DEFAULT_VEHTYPE" speed="13.18" pos="29.25" lane="1/2to1/1_0" slope="0.00"/>
        <vehicle id="1" x="604.18" y="201.73" angle="-90.91" type="DEFAULT_VEHTYPE" speed="5.10" pos="0.57" lane=":3/1_4_0" slope="0.00"/>
        <vehicle id="11" x="194.33" y="398.35" angle="90.00" type="DEFAULT_VEHTYPE" speed="4.27" pos="194.33" lane="0/2to1/2_0" slope="0.00"/>
        <vehicle id="12" x="414.44" y="401.65" angle="-90.00" type="DEFAULT_VEHTYPE" speed="7.07" pos="180.81" lane="3/2to2/2_0" slope="0.00"/>
        <vehicle id="14" x="201.65" y="461.21" angle="180.00" type="DEFAULT_VEHTYPE" speed="13.55" pos="56.46" lane="1/2to1/3_0" slope="0.00"/>
        <vehicle id="15" x="450.57" y="198.35" angle="90.00" type="DEFAULT_VEHTYPE" speed="13.02" pos="45.82" lane="2/1to3/1_0" slope="0.00"/>
        <vehicle id="16" x="377.35" y="401.65" angle="-90.00" type="DEFAULT_VEHTYPE" speed="13.36" pos="17.90" lane="2/2to1/2_0" slope="0.00"/>
        <vehicle id="17" x="15.55" y="401.65" angle="-90.00" type="DEFAULT_VEHTYPE" speed="13.24" pos="179.70" lane="1/2to0/2_0" slope="0.00"/>
        <vehicle id="18" x="97.80" y="401.65" angle="-90.00" type="DEFAULT_VEHTYPE" speed="13.42" pos="97.45" lane="1/2to0/2_0" slope="0.00"/>
        <vehicle id="19" x="201.65" y="426.55" angle="180.00" type="DEFAULT_VEHTYPE" speed="10.86" pos="21.80" lane="1/2to1/3_0" slope="0.00"/>
        <vehicle id="2" x="697.78" y="201.65" angle="-90.00" type="DEFAULT_VEHTYPE" speed="13.56" pos="102.22" lane="4/1to3/1_0" slope="0.00"/>
        <vehicle id="20" x="549.60" y="401.65" angle="-90.00" type="DEFAULT_VEHTYPE" speed="13.24" pos="45.65" lane="3/2to2/2_0" slope="0.00"/>
        <vehicle id="21" x="35.78" y="201.65" angle="-90.00" type="DEFAULT_VEHTYPE" speed="13.70" pos="159.47" lane="1/1to0/1_0" slope="0.00"/>
        <vehicle id="22" x="601.65" y="239.15" angle="180.00" type="DEFAULT_VEHTYPE" speed="12.96" pos="34.40" lane="3/1to3/2_0" slope="0.00"/>
        <vehicle id="23" x="784.30" y="201.65" angle="-90.00" type="DEFAULT_VEHTYPE" speed="13.19" pos="15.70" lane="4/1to3/1_0" slope="0.00"/>
        <vehicle id="24" x="120.52" y="201.65" angle="-90.00" type="DEFAULT_VEHTYPE" speed="13.53" pos="74.73" lane="1/1to0/1_0" slope="0.00"/>
        <vehicle id="3" x="542.52" y="198.35" angle="90.00" type="DEFAULT_VEHTYPE" speed="13.09" pos="137.77" lane="2/1to3/1_0" slope="0.00"/>
        <vehicle id="4" x="750.80" y="198.35" angle="90.00" type="DEFAULT_VEHTYPE" speed="13.15" pos="146.05" lane="3/1to4/1_0" slope="0.00"/>
        <vehicle id="5" x="398.35" y="285.90" angle="0.00" type="DEFAULT_VEHTYPE" speed="13.12" pos="109.35" lane="2/2to2/1_0" slope="0.00"/>
        <vehicle id="6" x="484.92" y="198.35" angle="90.00" type="DEFAULT_VEHTYPE" speed="13.69" pos="80.17" lane="2/1to3/1_0" slope="0.00"/>
        <vehicle id="7" x="398.35" y="699.58" angle="0.00" type="DEFAULT_VEHTYPE" speed="13.22" pos="100.42" lane="2/4to2/3_0" slope="0.00"/>
        <vehicle id="8" x="0.81" y="201.65" angle="-90.00" type="DEFAULT_VEHTYPE" speed="13.40" pos="194.44" lane="1/1to0/1_0" slope="0.00"/>
        <vehicle id="9" x="398.35" y="522.66" angle="0.00" type="DEFAULT_VEHTYPE" speed="13.71" pos="72.59" lane="2/3to2/2_0" slope="0.00"/>
    </timestep>
    <timestep time="116.00">
        <vehicle id="0" x="198.35" y="352.47" angle="0.00" type="DEFAULT_VEHTYPE" speed="13.53" pos="42.78" lane="1/2to1/1_0" slope="0.00"/>
        <vehicle id="1" x="601.65" y="207.31" angle="-171.25" type="DEFAULT_VEHTYPE" speed="6.99" pos="2.56" lane="3/1to3/2_0" slope="0.00"/>
        <vehicle id="11" x="200.39" y="400.51" angle="115.33" type="DEFAULT_VEHTYPE" speed="6.74" pos="5.82" lane=":1/2_14_0" slope="0.00"/>
        <vehicle id="12" x="409.76" y="401.65" angle="-90.00" type="DEFAULT_VEHTYPE" speed="4.68" pos="185.49" lane="3/2to2/2_0" slope="0.00"/>
        <vehicle id="14" x="201.65" y="474.65" angle="180.00" type="DEFAULT_VEHTYPE" speed="13.44" pos="69.90" lane="1/2to1/3_0" slope="0.00"/>
        <vehicle id="15" x="464.27" y="198.35" angle="90.00" type="DEFAULT_VEHTYPE" speed="13.70" pos="59.52" lane="2/1to3/1_0" slope="0.00"/>
        <vehicle id="16" x="363.98" y="401.65" angle="-90.00" type="DEFAULT_VEHTYPE" speed="13.37" pos="31.27" lane="2/2to1/2_0" slope="0.00"/>
        <vehicle id="17" x="2.90" y="401.65" angle="-90.00" type="DEFAULT_VEHTYPE" speed="12.65" pos="192.35" lane="1/2to0/2_0" slope="0.00"/>
        <vehicle id="18" x="85.11" y="401.65" angle="-90.00" type="DEFAULT_VEHTYPE" speed="12.68" pos="110.14" lane="1/2to0/2_0" slope="0.00"/>
        <vehicle id="19" x="201.65" y="439.81" angle="180.00" type="DEFAULT_VEHTYPE" speed="13.26" pos="35.06" lane="1/2to1/3_0" slope="0.00"/>
        <vehicle id="2" x="684.07" y="201.65" angle="-90.00" type="DEFAULT_VEHTYPE" speed="13.71" pos="115.93" lane="4/1to3/1_0" slope="0.00"/>
        <vehicle id="20" x="536.15" y="401.65" angle="-90.00" type="DEFAULT_VEHTYPE" speed="13.45" pos="59.10" lane="3/2to2/2_0" slope="0.00"/>
        <vehicle id="21" x="22.64" y="201.65" angle="-90.00" type="DEFAULT_VEHTYPE" speed="13.14" pos="172.61" lane="1/1to0/1_0" slope="0.00"/>
        <vehicle id="22" x="601.65" y="252.70" angle="180.00" type="DEFAULT_VEHTYPE" speed="13.55" pos="47.95" lane="3/1to3/2_0" slope="0.00"/>
        <vehicle id="23" x="770.54" y="201.65" angle="-90.00" type="DEFAULT_VEHTYPE" speed="13.76" pos="29.46" lane="4/1to3/1_0" slope="0.00"/>
        <vehicle id="24" x="106.94" y="201.65" angle="-90.00" type="DEFAULT_VEHTYPE" speed="13.58" pos="88.31" lane="1/1to0/1_0" slope="0.00"/>
        <vehicle id="3" x="555.82" y="198.35" angle="90.00" type="DEFAULT_VEHTYPE" speed="13.30" pos="151.07" lane="2/1to3/1_0" slope="0.00"/>
        <vehicle id="4" x="763.78" y="198.35" angle="90.00" type="DEFAULT_VEHTYPE" speed="12.98" pos="159.03" lane="3/1to4/1_0" slope="0.00"/>
        <vehicle id="5" x="398.35" y="272.43" angle="0.00" type="DEFAULT_VEHTYPE" speed="13.47" pos="122.82" lane="2/2to2/1_0" slope="0.00"/>
        <vehicle id="6" x="497.66" y="198.35" angle="90.00" type="DEFAULT_VEHTYPE" speed="12.74" pos="92.91" lane="2/1to3/1_0" slope="0.00"/>
        <vehicle id="7" x="398.35" y="686.73" angle="0.00" type="DEFAULT_VEHTYPE" speed="12.85" pos="113.27" lane="2/4to2/3_0" slope="0.00"/>
        <vehicle id="8" x="7.25" y="198.35" angle="90.00" type="DEFAULT_VEHTYPE" speed="12.88" pos="7.25" lane="0/1to1/1_0" slope="0.00"/>
        <vehicle id="9" x="398.35" y="509.61" angle="0.00" type="DEFAULT_VEHTYPE" speed="13.05" pos="85.64" lane="2/3to2/2_0" slope="0.00"/>
    </timestep>
    <timestep time="117.00">
        <vehicle id="0" x="198.35" y="339.79" angle="0.00" type="DEFAULT_VEHTYPE" speed="12.68" pos="55.46" lane="1/2to1/1_0" slope="0.00"/>
        <vehicle id="1" x="601.65" y="216.23" angle="180.00" type="DEFAULT_VEHTYPE" speed="8.92" pos="11.48" lane="3/1to3/2_0" slope="0.00"/>
        <vehicle id="11" x="201.65" y="409.57" angle="179.71" type="DEFAULT_VEHTYPE" speed="9.33" pos="4.82" lane="1/2to1/3_0" slope="0.00"/>
        <vehicle id="12" x="403.46" y="401.47" angle="-87.89" type="DEFAULT_VEHTYPE" speed="6.31" pos="1.30" lane=":2/2_6_0" slope="0.00"/>
        <vehicle id="14" x="201.65" y="487.73" angle="180.00" type="DEFAULT_VEHTYPE" speed="13.07" pos="82.98" lane="1/2to1/3_0" slope="0.00"/>
        <vehicle id="15" x="477.59" y="198.35" angle="90.00" type="DEFAULT_VEHTYPE" speed="13.33" pos="72.84" lane="2/1to3/1_0" slope="0.00"/>
        <vehicle id="16" x="351.04" y="401.65" angle="-90.00" type="DEFAULT_VEHTYPE" speed="12.94" pos="44.21" lane="2/2to1/2_0" slope="0.00"/>
        <vehicle id="17" x="5.95" y="398.35" angle="90.00" type="DEFAULT_VEHTYPE" speed="13.67" pos="5.95" lane="0/2to1/2_0" slope="0.00"/>
        <vehicle id="18" x="71.64" y="401.65" angle="-90.00" type="DEFAULT_VEHTYPE" speed="13.48" pos="123.61" lane="1/2to0/2_0" slope="0.00"/>
        <vehicle id="19" x="201.65" y="452.48" angle="180.00" type="DEFAULT_VEHTYPE" speed="12.67" pos="47.73" lane="1/2to1/3_0" slope="0.00"/>
        <vehicle id="2" x="670.87" y="201.65" angle="-90.00" type="DEFAULT_VEHTYPE" speed="13.20" pos="129.13" lane="4/1to3/1_0" slope="0.00"/>
        <vehicle id="20" x="522.29" y="401.65" angle="-90.00" type="DEFAULT_VEHTYPE" speed="13.86" pos="72.96" lane="3/2to2/2_0" slope="0.00"/>
        <vehicle id="21" x="8.84" y="201.65" angle="-90.00" type="DEFAULT_VEHTYPE" speed="13.81" pos="186.41" lane="1/1to0/1_0" slope="0.00"/>
        <vehicle id="22" x="601.65" y="265.57" angle="180.00" type="DEFAULT_VEHTYPE" speed="12.87" pos="60.82" lane="3/1to3/2_0" slope="0.00"/>
        <vehicle id="23" x="757.09" y="201.65" angle="-90.00" type="DEFAULT_VEHTYPE" speed="13.45" pos="42.91" lane="4/1to3/1_0" slope="0.00"/>
        <vehicle id="24" x="93.39" y="201.65" angle="-90.00" type="DEFAULT_VEHTYPE" speed="13.55" pos="101.86" lane="1/1to0/1_0" slope="0.00"/>
        <vehicle id="3" x="568.78" y="198.35" angle="90.00" type="DEFAULT_VEHTYPE" speed="12.96" pos="164.03" lane="2/1to3/1_0" slope="0.00"/>
        <vehicle id="4" x="777.00" y="198.35" angle="90.00" type="DEFAULT_VEHTYPE" speed="13.22" pos="172.25" lane="3/1to4/1_0" slope="0.00"/>
        <vehicle id="5" x="398.35" y="259.60" angle="0.00" type="DEFAULT_VEHTYPE" speed="12.84" pos="135.65" lane="2/2to2/1_0" slope="0.00"/>
        <vehicle id="6" x="510.70" y="198.35" angle="90.00" type="DEFAULT_VEHTYPE" speed="13.04" pos="105.95" lane="2/1to3/1_0" slope="0.00"/>
        <vehicle id="7" x="398.35" y="673.55" angle="0.00" type="DEFAULT_VEHTYPE" speed="13.18" pos="126.45" lane="2/4to2/3_0" slope="0.00"/>
        <vehicle id="8" x="20.18" y="198.35" angle="90.00" type="DEFAULT_VEHTYPE" speed="12.94" pos="20.18" lane="0/1to1/1_0" slope="0.00"/>
        <vehicle id="9" x="398.35" y="496.96" angle="0.00" type="DEFAULT_VEHTYPE" speed="12.65" pos="98.29" lane="2/3to2/2_0" slope="0.00"/>
    </timestep>
    <timestep time="118.00">
        <vehicle id="0" x="198.35" y="326.33" angle="0.00" type="DEFAULT_VEHTYPE" speed="13.45" pos="68.92" lane="1/2to1/1_0" slope="0.00"/>
        <vehicle id="1" x="601.65" y="227.03" angle="180.00" type="DEFAULT_VEHTYPE" speed="10.80" pos="22.28" lane="3/1to3/2_0" slope="0.00"/>
        <vehicle id="11" x="201.65" y="421.13" angle="180.00" type="DEFAULT_VEHTYPE" speed="11.56" pos="16.38" lane="1/2to1/3_0" slope="0.00"/>
        <vehicle id="12" x="398.53" y="396.52" angle="-30.09" type="DEFAULT_VEHTYPE" speed="7.74" pos="9.04" lane=":2/2_6_0" slope="0.00"/>
        <vehicle id="14" x="201.65" y="500.95" angle="180.00" type="DEFAULT_VEHTYPE" speed="13.22" pos="96.20" lane="1/2to1/3_0" slope="0.00"/>
        <vehicle id="15" x="490.59" y="198.35" angle="90.00" type="DEFAULT_VEHTYPE" speed="12.99" pos="85.84" lane="2/1to3/1_0" slope="0.00"/>
        <vehicle id="16" x="337.57" y="401.65" angle="-90.00" type="DEFAULT_VEHTYPE" speed="13.46" pos="57.68" lane="2/2to1/2_0" slope="0.00"/>
        <vehicle id="17" x="19.52" y="398.35" angle="90.00" type="DEFAULT_VEHTYPE" speed="13.57" pos="19.52" lane="0/2to1/2_0" slope="0.00"/>
        <vehicle id="18" x="58.63" y="401.65" angle="-90.00" type="DEFAULT_VEHTYPE" speed="13.01" pos="136.62" lane="1/2to0/2_0" slope="0.00"/>
        <vehicle id="19" x="201.65" y="465.13" angle="180.00" type="DEFAULT_VEHTYPE" speed="12.65" pos="60.38" lane="1/2to1/3_0" slope="0.00"/>
        <vehicle id="2" x="657.86" y="201.65" angle="-90.00" type="DEFAULT_VEHTYPE" speed="13.01" pos="142.14" lane="4/1to3/1_0" slope="0.00"/>
        <vehicle id="20" x="509.28" y="401.65" angle="-90.00" type="DEFAULT_VEHTYPE" speed="13.00" pos="85.97" lane="3/2to2/2_0" slope="0.00"/>
        <vehicle id="21" x="0.23" y="198.35" angle="4.88" type="DEFAULT_VEHTYPE" speed="13.89" pos="0.23" lane="0/1to1/1_0" slope="0.00"/>
        <vehicle id="22" x="601.65" y="279.43" angle="180.00" type="DEFAULT_VEHTYPE" speed="13.86" pos="74.68" lane="3/1to3/2_0" slope="0.00"/>
        <vehicle id="23" x="744.23" y="201.65" angle="-90.00" type="DEFAULT_VEHTYPE" speed="12.86" pos="55.77" lane="4/1to3/1_0" slope="0.00"/>
        <vehicle id="24" x="80.48" y="201.65" angle="-90.00" type="DEFAULT_VEHTYPE" speed="12.91" pos="114.77" lane="1/1to0/1_0" slope="0.00"/>
        <vehicle id="3" x="579.16" y="198.35" angle="90.00" type="DEFAULT_VEHTYPE" speed="10.39" pos="174.41" lane="2/1to3/1_0" slope="0.00"/>
        <vehicle id="4" x="789.62" y="198.35" angle="90.00" type="DEFAULT_VEHTYPE" speed="12.61" pos="184.87" lane="3/1to4/1_0" slope="0.00"/>
        <vehicle id="5" x="398.35" y="246.71" angle="0.00" type="DEFAULT_VEHTYPE" speed="12.89" pos="148.54" lane="2/2to2/1_0" slope="0.00"/>
        <vehicle id="6" x="523.63" y="198.35" angle="90.00" type="DEFAULT_VEHTYPE" speed="12.93" pos="118.88" lane="2/1to3/1_0" slope="0.00"/>
        <vehicle id="7" x="398.35" y="660.02" angle="0.00" type="DEFAULT_VEHTYPE" speed="13.53" pos="139.98" lane="2/4to2/3_0" slope="0.00"/>
        <vehicle id="8" x="33.77" y="198.35" angle="90.00" type="DEFAULT_VEHTYPE" speed="13.58" pos="33.77" lane="0/1to1/1_0" slope="0.00"/>
        <vehicle id="9" x="398.35" y="483.09" angle="0.00" type="DEFAULT_VEHTYPE" speed="13.87" pos="112.16" lane="2/3to2/2_0" slope="0.00"/>
    </timestep>
    <timestep time="119.00">
        <vehicle id="0" x="198.35" y="313.51" angle="0.00" type="DEFAULT_VEHTYPE" speed="12.83" pos="81.74" lane="1/2to1/1_0" slope="0.00"/>
        <vehicle id="1" x="601.65" y="240.28" angle="180.00" type="DEFAULT_VEHTYPE" speed="13.25" pos="35.53" lane="3/1to3/2_0" slope="0.00"/>
        <vehicle id="11" x="201.65" y="434.09" angle="180.00" type="DEFAULT_VEHTYPE" speed="12.96" pos="29.34" lane="1/2to1/3_0" slope="0.00"/>
        <vehicle id="12" x="398.35" y="387.33" angle="0.00" type="DEFAULT_VEHTYPE" speed="9.20" pos="7.92" lane="2/2to2/1_0" slope="0.00"/>
        <vehicle id="14" x="201.65" y="514.62" angle="180.00" type="DEFAULT_VEHTYPE" speed="13.67" pos="109.87" lane="1/2to1/3_0" slope="0.00"/>
        <vehicle id="15" x="504.47" y="198.35" angle="90.00" type="DEFAULT_VEHTYPE" speed="13.89" pos="99.72" lane="2/1to3/1_0" slope="0.00"/>
        <vehicle id="16" x="324.45" y="401.65" angle="-90.00" type="DEFAULT_VEHTYPE" speed="13.12" pos="70.80" lane="2/2to1/2_0" slope="0.00"/>
        <vehicle id="17" x="32.15" y="398.35" angle="90.00" type="DEFAULT_VEHTYPE" speed="12.64" pos="32.15" lane="0/2to1/2_0" slope="0.00"/>
        <vehicle id="18" x="45.14" y="401.65" angle="-90.00" type="DEFAULT_VEHTYPE" speed="13.49" pos="150.11" lane="1/2to0/2_0" slope="0.00"/>
        <vehicle id="19" x="201.65" y="478.39" angle="180.00" type="DEFAULT_VEHTYPE" speed="13.27" pos="73.64" lane="1/2to1/3_0" slope="0.00"/>
        <vehicle id="2" x="645.04" y="201.65" angle="-90.00" type="DEFAULT_VEHTYPE" speed="12.82" pos="154.96" lane="4/1to3/1_0" slope="0.00"/>
        <vehicle id="20" x="495.87" y="401.65" angle="-90.00" type="DEFAULT_VEHTYPE" speed="13.41" pos="99.38" lane="3/2to2/2_0" slope="0.00"/>
        <vehicle id="21" x="13.65" y="198.35" angle="90.00" type="DEFAULT_VEHTYPE" speed="13.41" pos="13.65" lane="0/1to1/1_0" slope="0.00"/>
        <vehicle id="22" x="601.65" y="292.36" angle="180.00" type="DEFAULT_VEHTYPE" speed="12.93" pos="87.61" lane="3/1to3/2_0" slope="0.00"/>
        <vehicle id="23" x="730.53" y="201.65" angle="-90.00" type="DEFAULT_VEHTYPE" speed="13.71" pos="69.47" lane="4/1to3/1_0" slope="0.00"/>
        <vehicle id="24" x="67.37" y="201.65" angle="-90.00" type="DEFAULT_VEHTYPE" speed="13.11" pos="127.88" lane="1/1to0/1_0" slope="0.00"/>
        <vehicle id="3" x="585.98" y="198.35" angle="90.00" type="DEFAULT_VEHTYPE" speed="6.82" pos="181.23" lane="2/1to3/1_0" slope="0.00"/>
        <vehicle id="4" x="801.46" y="200.37" angle="119.13" type="DEFAULT_VEHTYPE" speed="13.22" pos="2.83" lane=":4/1_0_0" slope="0.00"/>
        <vehicle id="5" x="398.35" y="233.06" angle="0.00" type="DEFAULT_VEHTYPE" speed="13.65" pos="162.19" lane="2/2to2/1_0" slope="0.00"/>
        <vehicle id="6" x="536.85" y="198.35" angle="90.00" type="DEFAULT_VEHTYPE" speed="13.22" pos="132.10" lane="2/1to3/1_0" slope="0.00"/>
        <vehicle id="7" x="398.35" y="646.47" angle="0.00" type="DEFAULT_VEHTYPE" speed="13.55" pos="153.53" lane="2/4to2/3_0" slope="0.00"/>
        <vehicle id="8" x="47.54" y="198.35" angle="90.00" type="DEFAULT_VEHTYPE" speed="13.77" pos="47.54" lane="0/1to1/1_0" slope="0.00"/>
        <vehicle id="9" x="398.35" y="470.31" angle="0.00" type="DEFAULT_VEHTYPE" speed="12.78" pos="124.94" lane="2/3to2/2_0" slope="0.00"/>
    </timestep>
    <timestep time="120.00">
        <vehicle id="0" x="198.35" y="300.16" angle="0.00" type="DEFAULT_VEHTYPE" speed="13.35" pos="95.09" lane="1/2to1/1_0" slope="0.00"/>
        <vehicle id="1" x="601.65" y="254.06" angle="180.00" type="DEFAULT_VEHTYPE" speed="13.78" pos="49.31" lane="3/1to3/2_0" slope="0.00"/>
        <vehicle id="11" x="201.65" y="446.98" angle="180.00" type="DEFAULT_VEHTYPE" speed="12.88" pos="42.23" lane="1/2to1/3_0" slope="0.00"/>
        <vehicle id="12" x="398.35" y="376.28" angle="0.00" type="DEFAULT_VEHTYPE" speed="11.05" pos="18.97" lane="2/2to2/1_0" slope="0.00"/>
        <vehicle id="14" x="201.65" y="527.36" angle="180.00" type="DEFAULT_VEHTYPE" speed="12.74" pos="122.61" lane="1/2to1/3_0" slope="0.00"/>
        <vehicle id="15" x="518.14" y="198.35" angle="90.00" type="DEFAULT_VEHTYPE" speed="13.66" pos="113.39" lane="2/1to3/1_0" slope="0.00"/>
        <vehicle id="16" x="311.54" y="401.65" angle="-90.00" type="DEFAULT_VEHTYPE" speed="12.90" pos="83.71" lane="2/2to1/2_0" slope="0.00"/>
        <vehicle id="17" x="45.63" y="398.35" angle="90.00" type="DEFAULT_VEHTYPE" speed="13.48" pos="45.63" lane="0/2to1/2_0" slope="0.00"/>
        <vehicle id="18" x="32.07" y="401.65" angle="-90.00" type="DEFAULT_VEHTYPE" speed="13.06" pos="163.18" lane="1/2to0/2_0" slope="0.00"/>
        <vehicle id="19" x="201.65" y="491.08" angle="180.00" type="DEFAULT_VEHTYPE" speed="12.68" pos="86.33" lane="1/2to1/3_0" slope="0.00"/>
        <vehicle id="2" x="631.67" y="201.65" angle="-90.00" type="DEFAULT_VEHTYPE" speed="13.37" pos="168.33" lane="4/1to3/1_0" slope="0.00"/>
        <vehicle id="20" x="482.34" y="401.65" angle="-90.00" type="DEFAULT_VEHTYPE" speed="13.53" pos="112.91" lane="3/2to2/2_0" slope="0.00"/>
        <vehicle id="21" x="26.74" y="198.35" angle="90.00" type="DEFAULT_VEHTYPE" speed="13.10" pos="26.74" lane="0/1to1/1_0" slope="0.00"/>
        <vehicle id="22" x="601.65" y="305.90" angle="180.00" type="DEFAULT_VEHTYPE" speed="13.55" pos="101.15" lane="3/1to3/2_0" slope="0.00"/>
        <vehicle id="23" x="717.69" y="201.65" angle="-90.00" type="DEFAULT_VEHTYPE" speed="12.84" pos="82.31" lane="4/1to3/1_0" slope="0.00"/>
        <vehicle id="24" x="54.11" y="201.65" angle="-90.00" type="DEFAULT_VEHTYPE" speed="13.26" pos="141.14" lane="1/1to0/1_0" slope="0.00"/>
        <vehicle id="3" x="589.34" y="198.35" angle="90.00" type="DEFAULT_VEHTYPE" speed="3.36" pos="184.59" lane="2/1to3/1_0" slope="0.00"/>
        <vehicle id="4" x="788.27" y="201.65" angle="-90.00" type="DEFAULT_VEHTYPE" speed="13.72" pos="11.73" lane="4/1to3/1_0" slope="0.00"/>
        <vehicle id="5" x="398.35" y="219.46" angle="0.00" type="DEFAULT_VEHTYPE" speed="13.60" pos="175.79" lane="2/2to2/1_0" slope="0.00"/>
        <vehicle id="6" x="550.21" y="198.35" angle="90.00" type="DEFAULT_VEHTYPE" speed="13.36" pos="145.46" lane="2/1to3/1_0" slope="0.00"/>
        <vehicle id="7" x="398.35" y="632.88" angle="0.00" type="DEFAULT_VEHTYPE" speed="13.59" pos="167.12" lane="2/4to2/3_0" slope="0.00"/>
        <vehicle id="8" x="60.85" y="198.35" angle="90.00" type="DEFAULT_VEHTYPE" speed="13.31" pos="60.85" lane="0/1to1/1_0" slope="0.00"/>
        <vehicle id="9" x="398.35" y="456.92" angle="0.00" type="DEFAULT_VEHTYPE" speed="13.40" pos="138.33" lane="2/3to2/2_0" slope="0.00"/>
    </timestep>
    <timestep time="121.00">
        <vehicle id="0" x="198.35" y="287.47" angle="0.00" type="DEFAULT_VEHTYPE" speed="12.69" pos="107.78" lane="1/2to1/1_0" slope="0.00"/>
        <vehicle id="1" x="601.65" y="267.15" angle="180.00" type="DEFAULT_VEHTYPE" speed="13.09" pos="62.40" lane="3/1to3/2_0" slope="0.00"/>
        <vehicle id="11" x="201.65" y="460.57" angle="180.00" type="DEFAULT_VEHTYPE" speed="13.60" pos="55.82" lane="1/2to1/3_0" slope="0.00"/>
        <vehicle id="12" x="398.35" y="363.25" angle="0.00" type="DEFAULT_VEHTYPE" speed="13.03" pos="32.00" lane="2/2to2/1_0" slope="0.00"/>
        <vehicle id="14" x="201.65" y="540.67" angle="180.00" type="DEFAULT_VEHTYPE" speed="13.31" pos="135.92" lane="1/2to1/3_0" slope="0.00"/>
        <vehicle id="15" x="531.77" y="198.35" angle="90.00" type="DEFAULT_VEHTYPE" speed="13.63" pos="127.02" lane="2/1to3/1_0" slope="0.00"/>
        <vehicle id="16" x="298.07" y="401.65" angle="-90.00" type="DEFAULT_VEHTYPE" speed="13.48" pos="97.18" lane="2/2to1/2_0" slope="0.00"/>
        <vehicle id="17" x="58.64" y="398.35" angle="90.00" type="DEFAULT_VEHTYPE" speed="13.01" pos="58.64" lane="0/2to1/2_0" slope="0.00"/>
        <vehicle id="18" x="18.28" y="401.65" angle="-90.00" type="DEFAULT_VEHTYPE" speed="13.80" pos="176.97" lane="1/2to0/2_0" slope="0.00"/>
        <vehicle id="19" x="201.65" y="504.85" angle="180.00" type="DEFAULT_VEHTYPE" speed="13.77" pos="100.10" lane="1/2to1/3_0" slope="0.00"/>
        <vehicle id="2" x="620.72" y="201.65" angle="-90.00" type="DEFAULT_VEHTYPE" speed="10.95" pos="179.28" lane="4/1to3/1_0" slope="0.00"/>
        <vehicle id="20" x="468.95" y="401.65" angle="-90.00" type="DEFAULT_VEHTYPE" speed="13.39" pos="126.30" lane="3/2to2/2_0" slope="0.00"/>
        <vehicle id="21" x="39.40" y="198.35" angle="90.00" type="DEFAULT_VEHTYPE" speed="12.65" pos="39.40" lane="0/1to1/1_0" slope="0.00"/>
        <vehicle id="22" x="601.65" y="318.99" angle="180.00" type="DEFAULT_VEHTYPE" speed="13.09" pos="114.24" lane="3/1to3/2_0" slope="0.00"/>
        <vehicle id="23" x="704.44" y="201.65" angle="-90.00" type="DEFAULT_VEHTYPE" speed="13.25" pos="95.56" lane="4/1to3/1_0" slope="0.00"/>
        <vehicle id="24" x="41.32" y="201.65" angle="-90.00" type="DEFAULT_VEHTYPE" speed="12.79" pos="153.93" lane="1/1to0/1_0" slope="0.00"/>
        <vehicle id="3" x="591.48" y="198.35" angle="90.00" type="DEFAULT_VEHTYPE" speed="2.14" pos="186.73" lane="2/1to3/1_0" slope="0.00"/>
        <vehicle id="4" x="775.21" y="201.65" angle="-90.00" type="DEFAULT_VEHTYPE" speed="13.06" pos="24.79" lane="4/1to3/1_0" slope="0.00"/>
        <vehicle id="5" x="398.35" y="205.74" angle="0.00" type="DEFAULT_VEHTYPE" speed="13.72" pos="189.51" lane="2/2to2/1_0" slope="0.00"/>
        <vehicle id="6" x="562.46" y="198.35" angle="90.00" type="DEFAULT_VEHTYPE" speed="12.25" pos="157.71" lane="2/1to3/1_0" slope="0.00"/>
        <vehicle id="7" x="398.35" y="619.61" angle="0.00" type="DEFAULT_VEHTYPE" speed="13.27" pos="180.39" lane="2/4to2/3_0" slope="0.00"/>
        <vehicle id="8" x="74.19" y="198.35" angle="90.00" type="DEFAULT_VEHTYPE" speed="13.34" pos="74.19" lane="0/1to1/1_0" slope="0.00"/>
        <vehicle id="9" x="398.35" y="444.12" angle="0.00" type="DEFAULT_VEHTYPE" speed="12.80" pos="151.13" lane="2/3to2/2_0" slope="0.00"/>
    </timestep>
    <timestep time="122.00">
        <vehicle id="0" x="198.35" y="274.78" angle="0.00" type="DEFAULT_VEHTYPE" speed="12.69" pos="120.47" lane="1/2to1/1_0" slope="0.00"/>
        <vehicle id="1" x="601.65" y="279.84" angle="180.00" type="DEFAULT_VEHTYPE" speed="12.69" pos="75.09" lane="3/1to3/2_0" slope="0.00"/>
        <vehicle id="11" x="201.65" y="474.06" angle="180.00" type="DEFAULT_VEHTYPE" speed="13.49" pos="69.31" lane="1/2to1/3_0" slope="0.00"/>
        <vehicle id="12" x="398.35" y="349.80" angle="0.00" type="DEFAULT_VEHTYPE" speed="13.45" pos="45.45" lane="2/2to2/1_0" slope="0.00"/>
        <vehicle id="14" x="201.65" y="553.81" angle="180.00" type="DEFAULT_VEHTYPE" speed="13.15" pos="149.06" lane="1/2to1/3_0" slope="0.00"/>
        <vehicle id="15" x="544.93" y="198.35" angle="90.00" type="DEFAULT_VEHTYPE" speed="13.16" pos="140.18" lane="2/1to3/1_0" slope="0.00"/>
        <vehicle id="16" x="284.84" y="401.65" angle="-90.00" type="DEFAULT_VEHTYPE" speed="13.23" pos="110.41" lane="2/2to1/2_0" slope="0.00"/>
        <vehicle id="17" x="72.29" y="398.35" angle="90.00" type="DEFAULT_VEHTYPE" speed="13.66" pos="72.29" lane="0/2to1/2_0" slope="0.00"/>
        <vehicle id="18" x="5.12" y="401.65" angle="-90.00" type="DEFAULT_VEHTYPE" speed="13.15" pos="190.13" lane="1/2to0/2_0" slope="0.00"/>
        <vehicle id="19" x="201.65" y="517.61" angle="180.00" type="DEFAULT_VEHTYPE" speed="12.76" pos="112.86" lane="1/2to1/3_0" slope="0.00"/>
        <vehicle id="2" x="613.59" y="201.65" angle="-90.00" type="DEFAULT_VEHTYPE" speed="7.13" pos="186.41" lane="4/1to3/1_0" slope="0.00"/>
        <vehicle id="20" x="455.95" y="401.65" angle="-90.00" type="DEFAULT_VEHTYPE" speed="13.00" pos="139.30" lane="3/2to2/2_0" slope="0.00"/>
        <vehicle id="21" x="52.68" y="198.35" angle="90.00" type="DEFAULT_VEHTYPE" speed="13.28" pos="52.68" lane="0/1to1/1_0" slope="0.00"/>
        <vehicle id="22" x="601.65" y="332.71" angle="180.00" type="DEFAULT_VEHTYPE" speed="13.72" pos="127.96" lane="3/1to3/2_0" slope="0.00"/>
        <vehicle id="23" x="690.54" y="201.65" angle="-90.00" type="DEFAULT_VEHTYPE" speed="13.90" pos="109.46" lane="4/1to3/1_0" slope="0.00"/>
        <vehicle id="24" x="28.65" y="201.65" angle="-90.00" type="DEFAULT_VEHTYPE" speed="12.67" pos="166.60" lane="1/1to0/1_0" slope="0.00"/>
        <vehicle id="3" x="592.07" y="198.35" angle="90.00" type="DEFAULT_VEHTYPE" speed="0.59" pos="187.32" lane="2/1to3/1_0" slope="0.00"/>
        <vehicle id="4" x="762.20" y="201.65" angle="-90.00" type="DEFAULT_VEHTYPE" speed="13.01" pos="37.80" lane="4/1to3/1_0" slope="0.00"/>
        <vehicle id="5" x="388.35" y="201.65" angle="-90.00" type="DEFAULT_VEHTYPE" speed="12.89" pos="6.90" lane="2/1to1/1_0" slope="0.00"/>
        <vehicle id="6" x="571.82" y="198.35" angle="90.00" type="DEFAULT_VEHTYPE" speed="9.35" pos="167.07" lane="2/1to3/1_0" slope="0.00"/>
        <vehicle id="7" x="398.35" y="606.17" angle="0.00" type="DEFAULT_VEHTYPE" speed="13.43" pos="193.83" lane="2/4to2/3_0" slope="0.00"/>
        <vehicle id="8" x="86.80" y="198.35" angle="90.00" type="DEFAULT_VEHTYPE" speed="12.61" pos="86.80" lane="0/1to1/1_0" slope="0.00"/>
        <vehicle id="9" x="398.35" y="430.78" angle="0.00" type="DEFAULT_VEHTYPE" speed="13.34" pos="164.47" lane="2/3to2/2_0" slope="0.00"/>
    </timestep>
    <timestep time="123.00">
        <vehicle id="0" x="198.35" y="261.49" angle="0.00" type="DEFAULT_VEHTYPE" speed="13.30" pos="133.76" lane="1/2to1/1_0" slope="0.00"/>
        <vehicle id="1" x="601.65" y="293.11" angle="180.00" type="DEFAULT_VEHTYPE" speed="13.27" pos="88.36" lane="3/1to3/2_0" slope="0.00"/>
        <vehicle id="11" x="201.65" y="487.49" angle="180.00" type="DEFAULT_VEHTYPE" speed="13.43" pos="82.74" lane="1/2to1/3_0" slope="0.00"/>
        <vehicle id="12" x="398.35" y="336.51" angle="0.00" type="DEFAULT_VEHTYPE" speed="13.29" pos="58.74" lane="2/2to2/1_0" slope="0.00"/>
        <vehicle id="14" x="201.65" y="566.42" angle="180.00" type="DEFAULT_VEHTYPE" speed="12.61" pos="161.67" lane="1/2to1/3_0" slope="0.00"/>
        <vehicle id="15" x="556.46" y="198.35" angle="90.00" type="DEFAULT_VEHTYPE" speed="11.54" pos="151.71" lane="2/1to3/1_0" slope="0.00"/>
        <vehicle id="16" x="271.67" y="401.65" angle="-90.00" type="DEFAULT_VEHTYPE" speed="13.17" pos="123.58" lane="2/2to1/2_0" slope="0.00"/>
        <vehicle id="17" x="86.14" y="398.35" angle="90.00" type="DEFAULT_VEHTYPE" speed="13.85" pos="86.14" lane="0/2to1/2_0" slope="0.00"/>
        <vehicle id="18" x="3.89" y="398.35" angle="82.67" type="DEFAULT_VEHTYPE" speed="13.83" pos="3.89" lane="0/2to1/2_0" slope="0.00"/>
        <vehicle id="19" x="201.65" y="531.21" angle="180.00" type="DEFAULT_VEHTYPE" speed="13.60" pos="126.46" lane="1/2to1/3_0" slope="0.00"/>
        <vehicle id="2" x="609.78" y="201.65" angle="-90.00" type="DEFAULT_VEHTYPE" speed="3.81" pos="190.22" lane="4/1to3/1_0" slope="0.00"/>
        <vehicle id="20" x="443.08" y="401.65" angle="-90.00" type="DEFAULT_VEHTYPE" speed="12.87" pos="152.17" lane="3/2to2/2_0" slope="0.00"/>
        <vehicle id="21" x="66.17" y="198.35" angle="90.00" type="DEFAULT_VEHTYPE" speed="13.49" pos="66.17" lane="0/1to1/1_0" slope="0.00"/>
        <vehicle id="22" x="601.65" y="345.93" angle="180.00" type="DEFAULT_VEHTYPE" speed="13.21" pos="141.18" lane="3/1to3/2_0" slope="0.00"/>
        <vehicle id="23" x="676.97" y="201.65" angle="-90.00" type="DEFAULT_VEHTYPE" speed="13.58" pos="123.03" lane="4/1to3/1_0" slope="0.00"/>
        <vehicle id="24" x="14.97" y="201.65" angle="-90.00" type="DEFAULT_VEHTYPE" speed="13.68" pos="180.28" lane="1/1to0/1_0" slope="0.00"/>
        <vehicle id="3" x="592.60" y="198.35" angle="90.00" type="DEFAULT_VEHTYPE" speed="0.53" pos="187.85" lane="2/1to3/1_0" slope="0.00"/>
        <vehicle id="4" x="748.75" y="201.65" angle="-90.00" type="DEFAULT_VEHTYPE" speed="13.45" pos="51.25" lane="4/1to3/1_0" slope="0.00"/>
        <vehicle id="5" x="375.10" y="201.65" angle="-90.00" type="DEFAULT_VEHTYPE" speed="13.25" pos="20.15" lane="2/1to1/1_0" slope="0.00"/>
        <vehicle id="6" x="578.49" y="198.35" angle="90.00" type="DEFAULT_VEHTYPE" speed="6.67" pos="173.74" lane="2/1to3/1_0" slope="0.00"/>
        <vehicle id="7" x="398.35" y="593.20" angle="0.00" type="DEFAULT_VEHTYPE" speed="12.97" pos="2.05" lane="2/3to2/2_0" slope="0.00"/>
        <vehicle id="8" x="100.46" y="198.35" angle="90.00" type="DEFAULT_VEHTYPE" speed="13.66" pos="100.46" lane="0/1to1/1_0" slope="0.00"/>
        <vehicle id="9" x="398.35" y="418.01" angle="0.00" type="DEFAULT_VEHTYPE" speed="12.77" pos="177.24" lane="2/3to2/2_0" slope="0.00"/>
    </timestep>
    <timestep time="124.00">
        <vehicle id="0" x="198.35" y="248.44" angle="0.00" type="DEFAULT_VEHTYPE" speed="13.05" pos="146.81" lane="1/2to1/1_0" slope="0.00"/>
        <vehicle id="1" x="601.65" y="305.86" angle="180.00" type="DEFAULT_VEHTYPE" speed="12.75" pos="101.11" lane="3/1to3/2_0" slope="0.00"/>
        <vehicle id="11" x="201.65" y="500.55" angle="180.00" type="DEFAULT_VEHTYPE" speed="13.06" pos="95.80" lane="1/2to1/3_0" slope="0.00"/>
        <vehicle id="12" x="398.35" y="323.44" angle="0.00" type="DEFAULT_VEHTYPE" speed="13.07" pos="71.81" lane="2/2to2/1_0" slope="0.00"/>
        <vehicle id="14" x="201.65" y="579.41" angle="180.00" type="DEFAULT_VEHTYPE" speed="12.99" pos="174.66" lane="1/2to1/3_0" slope="0.00"/>
        <vehicle id="15" x="565.06" y="198.35" angle="90.00" type="DEFAULT_VEHTYPE" speed="8.60" pos="160.31" lane="2/1to3/1_0" slope="0.00"/>
        <vehicle id="16" x="259.04" y="401.65" angle="-90.00" type="DEFAULT_VEHTYPE" speed="12.64" pos="136.21" lane="2/2to1/2_0" slope="0.00"/>
        <vehicle id="17" x="99.06" y="398.35" angle="90.00" type="DEFAULT_VEHTYPE" speed="12.92" pos="99.06" lane="0/2to1/2_0" slope="0.00"/>
        <vehicle id="18" x="16.97" y="398.35" angle="90.00" type="DEFAULT_VEHTYPE" speed="13.08" pos="16.97" lane="0/2to1/2_0" slope="0.00"/>
        <vehicle id="19" x="201.65" y="544.24" angle="180.00" type="DEFAULT_VEHTYPE" speed="13.04" pos="139.49" lane="1/2to1/3_0" slope="0.00"/>
        <vehicle id="2" x="604.11" y="201.74" angle="-91.03" type="DEFAULT_VEHTYPE" speed="5.68" pos="0.65" lane=":3/1_4_0" slope="0.00"/>
        <vehicle id="20" x="429.72" y="401.65" angle="-90.00" type="DEFAULT_VEHTYPE" speed="13.35" pos="165.53" lane="3/2to2/2_0" slope="0.00"/>
        <vehicle id="21" x="79.24" y="198.35" angle="90.00" type="DEFAULT_VEHTYPE" speed="13.07" pos="79.24" lane="0/1to1/1_0" slope="0.00"/>
        <vehicle id="22" x="601.65" y="359.72" angle="180.00" type="DEFAULT_VEHTYPE" speed="13.79" pos="154.97" lane="3/1to3/2_0" slope="0.00"/>
        <vehicle id="23" x="663.28" y="201.65" angle="-90.00" type="DEFAULT_VEHTYPE" speed="13.69" pos="136.72" lane="4/1to3/1_0" slope="0.00"/>
        <vehicle id="24" x="1.82" y="201.65" angle="-90.00" type="DEFAULT_VEHTYPE" speed="13.15" pos="193.43" lane="1/1to0/1_0" slope="0.00"/>
        <vehicle id="3" x="592.71" y="198.35" angle="90.00" type="DEFAULT_VEHTYPE" speed="0.11" pos="187.96" lane="2/1to3/1_0" slope="0.00"/>
        <vehicle id="4" x="736.14" y="201.65" angle="-90.00" type="DEFAULT_VEHTYPE" speed="12.61" pos="63.86" lane="4/1to3/1_0" slope="0.00"/>
        <vehicle id="5" x="361.54" y="201.65" angle="-90.00" type="DEFAULT_VEHTYPE" speed="13.56" pos="33.71" lane="2/1to1/1_0" slope="0.00"/>
        <vehicle id="6" x="582.67" y="198.35" angle="90.00" type="DEFAULT_VEHTYPE" speed="4.19" pos="177.92" lane="2/1to3/1_0" slope="0.00"/>
        <vehicle id="7" x="398.35" y="579.60" angle="0.00" type="DEFAULT_VEHTYPE" speed="13.60" pos="15.65" lane="2/3to2/2_0" slope="0.00"/>
        <vehicle id="8" x="114.21" y="198.35" angle="90.00" type="DEFAULT_VEHTYPE" speed="13.75" pos="114.21" lane="0/1to1/1_0" slope="0.00"/>
        <vehicle id="9" x="398.35" y="404.73" angle="0.00" type="DEFAULT_VEHTYPE" speed="13.28" pos="0.02" lane=":2/2_1_0" slope="0.00"/>
    </timestep>
    <timestep time="125.00">
        <vehicle id="0" x="198.35" y="235.32" angle="0.00" type="DEFAULT_VEHTYPE" speed="13.11" pos="159.93" lane="1/2to1/1_0" slope="0.00"/>
        <vehicle id="1" x="601.65" y="319.56" angle="180.00" type="DEFAULT_VEHTYPE" speed="13.70" pos="114.81" lane="3/1to3/2_0" slope="0.00"/>
        <vehicle id="11" x="201.65" y="513.66" angle="180.00" type="DEFAULT_VEHTYPE" speed="13.11" pos="108.91" lane="1/2to1/3_0" slope="0.00"/>
        <vehicle id="12" x="398.35" y="310.04" angle="0.00" type="DEFAULT_VEHTYPE" speed="13.40" pos="85.21" lane="2/2to2/1_0" slope="0.00"/>
        <vehicle id="14" x="201.65" y="592.76" angle="180.00" type="DEFAULT_VEHTYPE" speed="13.35" pos="188.01" lane="1/2to1/3_0" slope="0.00"/>
        <vehicle id="15" x="570.17" y="198.35" angle="90.00" type="DEFAULT_VEHTYPE" speed="5.10" pos="165.42" lane="2/1to3/1_0" slope="0.00"/>
        <vehicle id="16" x="245.38" y="401.65" angle="-90.00" type="DEFAULT_VEHTYPE" speed="13.65" pos="149.87" lane="2/2to1/2_0" slope="0.00"/>
        <vehicle id="17" x="111.96" y="398.35" angle="90.00" type="DEFAULT_VEHTYPE" speed="12.91" pos="111.96" lane="0/2to1/2_0" slope="0.00"/>
        <vehicle id="18" x="30.27" y="398.35" angle="90.00" type="DEFAULT_VEHTYPE" speed="13.30" pos="30.27" lane="0/2to1/2_0" slope="0.00"/>
        <vehicle id="19" x="201.65" y="556.95" angle="180.00" type="DEFAULT_VEHTYPE" speed="12.71" pos="152.20" lane="1/2to1/3_0" slope="0.00"/>
        <vehicle id="2" x="601.65" y="208.45" angle="-177.93" type="DEFAULT_VEHTYPE" speed="8.05" pos="3.70" lane="3/1to3/2_0" slope="0.00"/>
        <vehicle id="20" x="420.03" y="401.65" angle="-90.00" type="DEFAULT_VEHTYPE" speed="9.69" pos="175.22" lane="3/2to2/2_0" slope="0.00"/>
        <vehicle id="21" x="92.96" y="198.35" angle="90.00" type="DEFAULT_VEHTYPE" speed="13.72" pos="92.96" lane="0/1to1/1_0" slope="0.00"/>
        <vehicle id="22" x="601.65" y="371.77" angle="180.00" type="DEFAULT_VEHTYPE" speed="12.06" pos="167.02" lane="3/1to3/2_0" slope="0.00"/>
        <vehicle id="23" x="649.44" y="201.65" angle="-90.00" type="DEFAULT_VEHTYPE" speed="13.84" pos="150.56" lane="4/1to3/1_0" slope="0.00"/>
        <vehicle id="24" x="6.29" y="198.35" angle="90.00" type="DEFAULT_VEHTYPE" speed="12.93" pos="6.29" lane="0/1to1/1_0" slope="0.00"/>
        <vehicle id="3" x="592.74" y="198.35" angle="90.00" type="DEFAULT_VEHTYPE" speed="0.03" pos="187.99" lane="2/1to3/1_0" slope="0.00"/>
        <vehicle id="4" x="723.37" y="201.65" angle="-90.00" type="DEFAULT_VEHTYPE" speed="12.77" pos="76.63" lane="4/1to3/1_0" slope="0.00"/>
        <vehicle id="5" x="347.82" y="201.65" angle="-90.00" type="DEFAULT_VEHTYPE" speed="13.72" pos="47.43" lane="2/1to1/1_0" slope="0.00"/>
        <vehicle id="6" x="584.25" y="198.35" angle="90.00" type="DEFAULT_VEHTYPE" speed="1.57" pos="179.50" lane="2/1to3/1_0" slope="0.00"/>
        <vehicle id="7" x="398.35" y="566.47" angle="0.00" type="DEFAULT_VEHTYPE" speed="13.13" pos="28.78" lane="2/3to2/2_0" slope="0.00"/>
        <vehicle id="8" x="127.30" y="198.35" angle="90.00" type="DEFAULT_VEHTYPE" speed="13.09" pos="127.30" lane="0/1to1/1_0" slope="0.00"/>
        <vehicle id="9" x="398.35" y="390.85" angle="0.00" type="DEFAULT_VEHTYPE" speed="13.87" pos="4.40" lane="2/2to2/1_0" slope="0.00"/>
    </timestep>
    <timestep time="126.00">
        <vehicle id="0" x="198.35" y="222.06" angle="0.00" type="DEFAULT_VEHTYPE" speed="13.26" pos="173.19" lane="1/2to1/1_0" slope="0.00"/>
        <vehicle id="1" x="601.65" y="333.28" angle="180.00" type="DEFAULT_VEHTYPE" speed="13.72" pos="128.53" lane="3/1to3/2_0" slope="0.00"/>
        <vehicle id="11" x="201.65" y="527.21" angle="180.00" type="DEFAULT_VEHTYPE" speed="13.55" pos="122.46" lane="1/2to1/3_0" slope="0.00"/>
        <vehicle id="12" x="398.35" y="296.83" angle="0.00" type="DEFAULT_VEHTYPE" speed="13.21" pos="98.42" lane="2/2to2/1_0" slope="0.00"/>
        <vehicle id="14" x="209.92" y="598.35" angle="90.00" type="DEFAULT_VEHTYPE" speed="12.66" pos="5.17" lane="1/3to2/3_0" slope="0.00"/>
        <vehicle id="15" x="574.55" y="198.35" angle="90.00" type="DEFAULT_VEHTYPE" speed="4.38" pos="169.80" lane="2/1to3/1_0" slope="0.00"/>
        <vehicle id="16" x="231.95" y="401.65" angle="-90.00" type="DEFAULT_VEHTYPE" speed="13.44" pos="163.30" lane="2/2to1/2_0" slope="0.00"/>
        <vehicle id="17" x="125.74" y="398.35" angle="90.00" type="DEFAULT_VEHTYPE" speed="13.77" pos="125.74" lane="0/2to1/2_0" slope="0.00"/>
        <vehicle id="18" x="44.07" y="398.35" angle="90.00" type="DEFAULT_VEHTYPE" speed="13.80" pos="44.07" lane="0/2to1/2_0" slope="0.00"/>
        <vehicle id="19" x="201.65" y="569.63" angle="180.00" type="DEFAULT_VEHTYPE" speed="12.68" pos="164.88" lane="1/2to1/3_0" slope="0.00"/>
        <vehicle id="2" x="601.65" y="217.92" angle="180.00" type="DEFAULT_VEHTYPE" speed="9.47" pos="13.17" lane="3/1to3/2_0" slope="0.00"/>
        <vehicle id="20" x="413.66" y="401.65" angle="-90.00" type="DEFAULT_VEHTYPE" speed="6.37" pos="181.59" lane="3/2to2/2_0" slope="0.00"/>
        <vehicle id="21" x="105.71" y="198.35" angle="90.00" type="DEFAULT_VEHTYPE" speed="12.74" pos="105.71" lane="0/1to1/1_0" slope="0.00"/>
        <vehicle id="22" x="601.65" y="381.30" angle="180.00" type="DEFAULT_VEHTYPE" speed="9.53" pos="176.55" lane="3/1to3/2_0" slope="0.00"/>
        <vehicle id="23" x="636.20" y="201.65" angle="-90.00" type="DEFAULT_VEHTYPE" speed="13.24" pos="163.80" lane="4/1to3/1_0" slope="0.00"/>
        <vehicle id="24" x="19.48" y="198.35" angle="90.00" type="DEFAULT_VEHTYPE" speed="13.19" pos="19.48" lane="0/1to1/1_0" slope="0.00"/>
        <vehicle id="3" x="592.74" y="198.35" angle="90.00" type="DEFAULT_VEHTYPE" speed="0.00" pos="187.99" lane="2/1to3/1_0" slope="0.00"/>
        <vehicle id="4" x="709.71" y="201.65" angle="-90.00" type="DEFAULT_VEHTYPE" speed="13.67" pos="90.29" lane="4/1to3/1_0" slope="0.00"/>
        <vehicle id="5" x="334.75" y="201.65" angle="-90.00" type="DEFAULT_VEHTYPE" speed="13.07" pos="60.50" lane="2/1to1/1_0" slope="0.00"/>
        <vehicle id="6" x="585.00" y="198.35" angle="90.00" type="DEFAULT_VEHTYPE" speed="0.75" pos="180.25" lane="2/1to3/1_0" slope="0.00"/>
        <vehicle id="7" x="398.35" y="552.69" angle="0.00" type="DEFAULT_VEHTYPE" speed="13.78" pos="42.56" lane="2/3to2/2_0" slope="0.00"/>
        <vehicle id="8" x="140.93" y="198.35" angle="90.00" type="DEFAULT_VEHTYPE" speed="13.63" pos="140.93" lane="0/1to1/1_0" slope="0.00"/>
        <vehicle id="9" x="398.35" y="377.54" angle="0.00" type="DEFAULT_VEHTYPE" speed="13.31" pos="17.71" lane="2/2to2/1_0" slope="0.00"/>
    </timestep>
    <timestep time="127.00">
        <vehicle id="0" x="198.35" y="208.49" angle="0.00" type="DEFAULT_VEHTYPE" speed="13.57" pos="186.76" lane="1/2to1/1_0" slope="0.00"/>
        <vehicle id="1" x="601.65" y="346.21" angle="180.00" type="DEFAULT_VEHTYPE" speed="12.92" pos="141.46" lane="3/1to3/2_0" slope="0.00"/>
        <vehicle id="11" x="201.65" y="540.88" angle="180.00" type="DEFAULT_VEHTYPE" speed="13.67" pos="136.13" lane="1/2to1/3_0" slope="0.00"/>
        <vehicle id="12" x="398.35" y="283.96" angle="0.00" type="DEFAULT_VEHTYPE" speed="12.86" pos="111.29" lane="2/2to2/1_0" slope="0.00"/>
        <vehicle id="14" x="223.35" y="598.35" angle="90.00" type="DEFAULT_VEHTYPE" speed="13.43" pos="18.60" lane="1/3to2/3_0" slope="0.00"/>
        <vehicle id="15" x="576.35" y="198.35" angle="90.00" type="DEFAULT_VEHTYPE" speed="1.80" pos="171.60" lane="2/1to3/1_0" slope="0.00"/>
        <vehicle id="16" x="222.15" y="401.65" angle="-90.00" type="DEFAULT_VEHTYPE" speed="9.79" pos="173.10" lane="2/2to1/2_0" slope="0.00"/>
        <vehicle id="17" x="139.63" y="398.35" angle="90.00" type="DEFAULT_VEHTYPE" speed="13.89" pos="139.63" lane="0/2to1/2_0" slope="0.00"/>
        <vehicle id="18" x="57.13" y="398.35" angle="90.00" type="DEFAULT_VEHTYPE" speed="13.06" pos="57.13" lane="0/2to1/2_0" slope="0.00"/>
        <vehicle id="19" x="201.65" y="583.45" angle="180.00" type="DEFAULT_VEHTYPE" speed="13.82" pos="178.70" lane="1/2to1/3_0" slope="0.00"/>
        <vehicle id="2" x="601.65" y="229.40" angle="180.00" type="DEFAULT_VEHTYPE" speed="11.48" pos="24.65" lane="3/1to3/2_0" slope="0.00"/>
        <vehicle id="20" x="410.51" y="401.65" angle="-90.00" type="DEFAULT_VEHTYPE" speed="3.15" pos="184.74" lane="3/2to2/2_0" slope="0.00"/>
        <vehicle id="21" x="118.68" y="198.35" angle="90.00" type="DEFAULT_VEHTYPE" speed="12.97" pos="118.68" lane="0/1to1/1_0" slope="0.00"/>
        <vehicle id="22" x="601.65" y="387.02" angle="180.00" type="DEFAULT_VEHTYPE" speed="5.72" pos="182.27" lane="3/1to3/2_0" slope="0.00"/>
        <vehicle id="23" x="624.78" y="201.65" angle="-90.00" type="DEFAULT_VEHTYPE" speed="11.42" pos="175.22" lane="4/1to3/1_0" slope="0.00"/>
        <vehicle id="24" x="32.46" y="198.35" angle="90.00" type="DEFAULT_VEHTYPE" speed="12.98" pos="32.46" lane="0/1to1/1_0" slope="0.00"/>
        <vehicle id="3" x="592.74" y="198.35" angle="90.00" type="DEFAULT_VEHTYPE" speed="0.00" pos="187.99" lane="2/1to3/1_0" slope="0.00"/>
        <vehicle id="4" x="696.29" y="201.65" angle="-90.00" type="DEFAULT_VEHTYPE" speed="13.42" pos="103.71" lane="4/1to3/1_0" slope="0.00"/>
        <vehicle id="5" x="321.21" y="201.65" angle="-90.00" type="DEFAULT_VEHTYPE" speed="13.54" pos="74.04" lane="2/1to1/1_0" slope="0.00"/>
        <vehicle id="6" x="585.17" y="198.35" angle="90.00" type="DEFAULT_VEHTYPE" speed="0.17" pos="180.42" lane="2/1to3/1_0" slope="0.00"/>
        <vehicle id="7" x="398.35" y="539.10" angle="0.00" type="DEFAULT_VEHTYPE" speed="13.59" pos="56.15" lane="2/3to2/2_0" slope="0.00"/>
        <vehicle id="8" x="154.82" y="198.35" angle="90.00" type="DEFAULT_VEHTYPE" speed="13.88" pos="154.82" lane="0/1to1/1_0" slope="0.00"/>
        <vehicle id="9" x="398.35" y="364.81" angle="0.00" type="DEFAULT_VEHTYPE" speed="12.73" pos="30.44" lane="2/2to2/1_0" slope="0.00"/>
    </timestep>
    <timestep time="128.00">
        <vehicle id="0" x="190.99" y="201.65" angle="-88.82" type="DEFAULT_VEHTYPE" speed="13.00" pos="4.26" lane="1/1to0/1_0" slope="0.00"/>
        <vehicle id="1" x="601.65" y="358.98" angle="180.00" type="DEFAULT_VEHTYPE" speed="12.77" pos="154.23" lane="3/1to3/2_0" slope="0.00"/>
        <vehicle id="11" x="201.65" y="554.77" angle="180.00" type="DEFAULT_VEHTYPE" speed="13.89" pos="150.02" lane="1/2to1/3_0" slope="0.00"/>
        <vehicle id="12" x="398.35" y="270.48" angle="0.00" type="DEFAULT_VEHTYPE" speed="13.49" pos="124.77" lane="2/2to2/1_0" slope="0.00"/>
        <vehicle id="14" x="236.37" y="598.35" angle="90.00" type="DEFAULT_VEHTYPE" speed="13.02" pos="31.62" lane="1/3to2/3_0" slope="0.00"/>
        <vehicle id="15" x="577.46" y="198.35" angle="90.00" type="DEFAULT_VEHTYPE" speed="1.10" pos="172.71" lane="2/1to3/1_0" slope="0.00"/>
        <vehicle id="16" x="214.56" y="401.65" angle="-90.00" type="DEFAULT_VEHTYPE" speed="7.59" pos="180.69" lane="2/2to1/2_0" slope="0.00"/>
        <vehicle id="17" x="152.57" y="398.35" angle="90.00" type="DEFAULT_VEHTYPE" speed="12.95" pos="152.57" lane="0/2to1/2_0" slope="0.00"/>
        <vehicle id="18" x="70.98" y="398.35" angle="90.00" type="DEFAULT_VEHTYPE" speed="13.85" pos="70.98" lane="0/2to1/2_0" slope="0.00"/>
        <vehicle id="19" x="202.13" y="597.09" angle="174.42" type="DEFAULT_VEHTYPE" speed="13.73" pos="1.93" lane=":1/3_8_0" slope="0.00"/>
        <vehicle id="2" x="601.65" y="243.27" angle="180.00" type="DEFAULT_VEHTYPE" speed="13.87" pos="38.52" lane="3/1to3/2_0" slope="0.00"/>
        <vehicle id="20" x="405.36" y="401.65" angle="-90.00" type="DEFAULT_VEHTYPE" speed="5.15" pos="189.89" lane="3/2to2/2_0" slope="0.00"/>
        <vehicle id="21" x="131.35" y="198.35" angle="90.00" type="DEFAULT_VEHTYPE" speed="12.67" pos="131.35" lane="0/1to1/1_0" slope="0.00"/>
        <vehicle id="22" x="601.65" y="390.75" angle="180.00" type="DEFAULT_VEHTYPE" speed="3.73" pos="186.00" lane="3/1to3/2_0" slope="0.00"/>
        <vehicle id="23" x="616.25" y="201.65" angle="-90.00" type="DEFAULT_VEHTYPE" speed="8.52" pos="183.75" lane="4/1to3/1_0" slope="0.00"/>
        <vehicle id="24" x="45.24" y="198.35" angle="90.00" type="DEFAULT_VEHTYPE" speed="12.78" pos="45.24" lane="0/1to1/1_0" slope="0.00"/>
        <vehicle id="3" x="592.74" y="198.35" angle="90.00" type="DEFAULT_VEHTYPE" speed="0.00" pos="187.99" lane="2/1to3/1_0" slope="0.00"/>
        <vehicle id="4" x="683.04" y="201.65" angle="-90.00" type="DEFAULT_VEHTYPE" speed="13.25" pos="116.96" lane="4/1to3/1_0" slope="0.00"/>
        <vehicle id="5" x="307.84" y="201.65" angle="-90.00" type="DEFAULT_VEHTYPE" speed="13.37" pos="87.41" lane="2/1to1/1_0" slope="0.00"/>
        <vehicle id="6" x="585.22" y="198.35" angle="90.00" type="DEFAULT_VEHTYPE" speed="0.05" pos="180.47" lane="2/1to3/1_0" slope="0.00"/>
        <vehicle id="7" x="398.35" y="526.31" angle="0.00" type="DEFAULT_VEHTYPE" speed="12.79" pos="68.94" lane="2/3to2/2_0" slope="0.00"/>
        <vehicle id="8" x="168.52" y="198.35" angle="90.00" type="DEFAULT_VEHTYPE" speed="13.71" pos="168.52" lane="0/1to1/1_0" slope="0.00"/>
        <vehicle id="9" x="398.35" y="351.65" angle="0.00" type="DEFAULT_VEHTYPE" speed="13.15" pos="43.60" lane="2/2to2/1_0" slope="0.00"/>
    </timestep>
    <timestep time="129.00">
        <vehicle id="0" x="177.68" y="201.65" angle="-90.00" type="DEFAULT_VEHTYPE" speed="13.31" pos="17.57" lane="1/1to0/1_0" slope="0.00"/>
        <vehicle id="1" x="601.65" y="369.73" angle="180.00" type="DEFAULT_VEHTYPE" speed="10.75" pos="164.98" lane="3/1to3/2_0" slope="0.00"/>
        <vehicle id="11" x="201.65" y="567.48" angle="180.00" type="DEFAULT_VEHTYPE" speed="12.71" pos="162.73" lane="1/2to1/3_0" slope="0.00"/>
        <vehicle id="12" x="398.35" y="257.45" angle="0.00" type="DEFAULT_VEHTYPE" speed="13.02" pos="137.80" lane="2/2to2/1_0" slope="0.00"/>
        <vehicle id="14" x="249.78" y="598.35" angle="90.00" type="DEFAULT_VEHTYPE" speed="13.41" pos="45.03" lane="1/3to2/3_0" slope="0.00"/>
        <vehicle id="15" x="577.67" y="198.35" angle="90.00" type="DEFAULT_VEHTYPE" speed="0.22" pos="172.92" lane="2/1to3/1_0" slope="0.00"/>
        <vehicle id="16" x="210.28" y="401.65" angle="-90.00" type="DEFAULT_VEHTYPE" speed="4.28" pos="184.97" lane="2/2to1/2_0" slope="0.00"/>
        <vehicle id="17" x="165.54" y="398.35" angle="90.00" type="DEFAULT_VEHTYPE" speed="12.97" pos="165.54" lane="0/2to1/2_0" slope="0.00"/>
        <vehicle id="18" x="84.38" y="398.35" angle="90.00" type="DEFAULT_VEHTYPE" speed="13.40" pos="84.38" lane="0/2to1/2_0" slope="0.00"/>
        <vehicle id="19" x="215.25" y="598.35" angle="90.00" type="DEFAULT_VEHTYPE" speed="13.57" pos="10.50" lane="1/3to2/3_0" slope="0.00"/>
        <vehicle id="2" x="601.65" y="256.85" angle="180.00" type="DEFAULT_VEHTYPE" speed="13.58" pos="52.10" lane="3/1to3/2_0" slope="0.00"/>
        <vehicle id="20" x="398.55" y="401.65" angle="-90.00" type="DEFAULT_VEHTYPE" speed="6.82" pos="6.20" lane=":2/2_5_0" slope="0.00"/>
        <vehicle id="21" x="144.34" y="198.35" angle="90.00" type="DEFAULT_VEHTYPE" speed="12.99" pos="144.34" lane="0/1to1/1_0" slope="0.00"/>
        <vehicle id="22" x="601.46" y="396.61" angle="-177.76" type="DEFAULT_VEHTYPE" speed="5.88" pos="1.38" lane=":3/2_10_0" slope="0.00"/>
        <vehicle id="23" x="611.91" y="201.65" angle="-90.00" type="DEFAULT_VEHTYPE" speed="4.34" pos="188.09" lane="4/1to3/1_0" slope="0.00"/>
        <vehicle id="24" x="58.39" y="198.35" angle="90.00" type="DEFAULT_VEHTYPE" speed="13.15" pos="58.39" lane="0/1to1/1_0" slope="0.00"/>
        <vehicle id="3" x="592.74" y="198.35" angle="90.00" type="DEFAULT_VEHTYPE" speed="0.00" pos="187.99" lane="2/1to3/1_0" slope="0.00"/>
        <vehicle id="4" x="670.14" y="201.65" angle="-90.00" type="DEFAULT_VEHTYPE" speed="12.91" pos="129.86" lane="4/1to3/1_0" slope="0.00"/>
        <vehicle id="5" x="293.99" y="201.65" angle="-90.00" type="DEFAULT_VEHTYPE" speed="13.85" pos="101.26" lane="2/1to1/1_0" slope="0.00"/>
        <vehicle id="6" x="585.24" y="198.35" angle="90.00" type="DEFAULT_VEHTYPE" speed="0.01" pos="180.49" lane="2/1to3/1_0" slope="0.00"/>
        <vehicle id="7" x="398.35" y="512.87" angle="0.00" type="DEFAULT_VEHTYPE" speed="13.45" pos="82.38" lane="2/3to2/2_0" slope="0.00"/>
        <vehicle id="8" x="178.77" y="198.35" angle="90.00" type="DEFAULT_VEHTYPE" speed="10.25" pos="178.77" lane="0/1to1/1_0" slope="0.00"/>
        <vehicle id="9" x="398.35" y="338.40" angle="0.00" type="DEFAULT_VEHTYPE" speed="13.25" pos="56.85" lane="2/2to2/1_0" slope="0.00"/>
    </timestep>
    <timestep time="130.00">
        <vehicle id="0" x="164.57" y="201.65" angle="-90.00" type="DEFAULT_VEHTYPE" speed="13.10" pos="30.68" lane="1/1to0/1_0" slope="0.00"/>
        <vehicle id="1" x="601.65" y="380.03" angle="180.00" type="DEFAULT_VEHTYPE" speed="10.30" pos="175.28" lane="3/1to3/2_0" slope="0.00"/>
        <vehicle id="11" x="201.65" y="581.37" angle="180.00" type="DEFAULT_VEHTYPE" speed="13.89" pos="176.62" lane="1/2to1/3_0" slope="0.00"/>
        <vehicle id="12" x="398.35" y="243.79" angle="0.00" type="DEFAULT_VEHTYPE" speed="13.67" pos="151.46" lane="2/2to2/1_0" slope="0.00"/>
        <vehicle id="14" x="262.92" y="598.35" angle="90.00" type="DEFAULT_VEHTYPE" speed="13.13" pos="58.17" lane="1/3to2/3_0" slope="0.00"/>
        <vehicle id="15" x="577.72" y="198.35" angle="90.00" type="DEFAULT_VEHTYPE" speed="0.05" pos="172.97" lane="2/1to3/1_0" slope="0.00"/>
        <vehicle id="16" x="204.52" y="401.65" angle="-90.00" type="DEFAULT_VEHTYPE" speed="5.76" pos="0.23" lane=":1/2_5_0" slope="0.00"/>
        <vehicle id="17" x="176.74" y="398.35" angle="90.00" type="DEFAULT_VEHTYPE" speed="11.19" pos="176.74" lane="0/2to1/2_0" slope="0.00"/>
        <vehicle id="18" x="98.00" y="398.35" angle="90.00" type="DEFAULT_VEHTYPE" speed="13.62" pos="98.00" lane="0/2to1/2_0" slope="0.00"/>
        <vehicle id="19" x="228.18" y="598.35" angle="90.00" type="DEFAULT_VEHTYPE" speed="12.93" pos="23.43" lane="1/3to2/3_0" slope="0.00"/>
        <vehicle id="2" x="601.65" y="269.64" angle="180.00" type="DEFAULT_VEHTYPE" speed="12.79" pos="64.89" lane="3/1to3/2_0" slope="0.00"/>
        <vehicle id="20" x="389.17" y="401.65" angle="-90.00" type="DEFAULT_VEHTYPE" speed="9.37" pos="6.08" lane="2/2to1/2_0" slope="0.00"/>
        <vehicle id="21" x="157.72" y="198.35" angle="90.00" type="DEFAULT_VEHTYPE" speed="13.38" pos="157.72" lane="0/1to1/1_0" slope="0.00"/>
        <vehicle id="22" x="596.51" y="401.47" angle="-119.98" type="DEFAULT_VEHTYPE" speed="7.67" pos="1.91" lane=":3/2_18_0" slope="0.00"/>
        <vehicle id="23" x="608.62" y="201.65" angle="-90.00" type="DEFAULT_VEHTYPE" speed="3.29" pos="191.38" lane="4/1to3/1_0" slope="0.00"/>
        <vehicle id="24" x="71.98" y="198.35" angle="90.00" type="DEFAULT_VEHTYPE" speed="13.59" pos="71.98" lane="0/1to1/1_0" slope="0.00"/>
        <vehicle id="3" x="592.74" y="198.35" angle="90.00" type="DEFAULT_VEHTYPE" speed="0.00" pos="187.99" lane="2/1to3/1_0" slope="0.00"/>
        <vehicle id="4" x="656.95" y="201.65" angle="-90.00" type="DEFAULT_VEHTYPE" speed="13.19" pos="143.05" lane="4/1to3/1_0" slope="0.00"/>
        <vehicle id="5" x="281.06" y="201.65" angle="-90.00" type="DEFAULT_VEHTYPE" speed="12.93" pos="114.19" lane="2/1to1/1_0" slope="0.00"/>
        <vehicle id="6" x="585.24" y="198.35" angle="90.00" type="DEFAULT_VEHTYPE" speed="0.00" pos="180.49" lane="2/1to3/1_0" slope="0.00"/>
        <vehicle id="7" x="398.35" y="499.72" angle="0.00" type="DEFAULT_VEHTYPE" speed="13.15" pos="95.53" lane="2/3to2/2_0" slope="0.00"/>
        <vehicle id="8" x="185.41" y="198.35" angle="90.00" type="DEFAULT_VEHTYPE" speed="6.64" pos="185.41" lane="0/1to1/1_0" slope="0.00"/>
        <vehicle id="9" x="398.35" y="325.41" angle="0.00" type="DEFAULT_VEHTYPE" speed="13.00" pos="69.84" lane="2/2to2/1_0" slope="0.00"/>
    </timestep>
    <timestep time="131.00">
        <vehicle id="0" x="150.84" y="201.65" angle="-90.00" type="DEFAULT_VEHTYPE" speed="13.74" pos="44.41" lane="1/1to0/1_0" slope="0.00"/>
        <vehicle id="1" x="601.65" y="386.49" angle="180.00" type="DEFAULT_VEHTYPE" speed="6.46" pos="181.74" lane="3/1to3/2_0" slope="0.00"/>
        <vehicle id="11" x="201.65" y="594.68" angle="180.00" type="DEFAULT_VEHTYPE" speed="13.31" pos="189.93" lane="1/2to1/3_0" slope="0.00"/>
        <vehicle id="12" x="398.35" y="230.72" angle="0.00" type="DEFAULT_VEHTYPE" speed="13.07" pos="164.53" lane="2/2to2/1_0" slope="0.00"/>
        <vehicle id="14" x="276.69" y="598.35" angle="90.00" type="DEFAULT_VEHTYPE" speed="13.78" pos="71.94" lane="1/3to2/3_0" slope="0.00"/>
        <vehicle id="15" x="577.74" y="198.35" angle="90.00" type="DEFAULT_VEHTYPE" speed="0.01" pos="172.99" lane="2/1to3/1_0" slope="0.00"/>
        <vehicle id="16" x="196.22" y="401.65" angle="-90.00" type="DEFAULT_VEHTYPE" speed="8.29" pos="8.53" lane=":1/2_5_0" slope="0.00"/>
        <vehicle id="17" x="184.70" y="398.35" angle="90.00" type="DEFAULT_VEHTYPE" speed="7.96" pos="184.70" lane="0/2to1/2_0" slope="0.00"/>
        <vehicle id="18" x="111.75" y="398.35" angle="90.00" type="DEFAULT_VEHTYPE" speed="13.75" pos="111.75" lane="0/2to1/2_0" slope="0.00"/>
        <vehicle id="19" x="241.90" y="598.35" angle="90.00" type="DEFAULT_VEHTYPE" speed="13.72" pos="37.15" lane="1/3to2/3_0" slope="0.00"/>
        <vehicle id="2" x="601.65" y="282.79" angle="180.00" type="DEFAULT_VEHTYPE" speed="13.14" pos="78.04" lane="3/1to3/2_0" slope="0.00"/>
        <vehicle id="20" x="377.65" y="401.65" angle="-90.00" type="DEFAULT_VEHTYPE" speed="11.52" pos="17.60" lane="2/2to1/2_0" slope="0.00"/>
        <vehicle id="21" x="168.45" y="198.35" angle="90.00" type="DEFAULT_VEHTYPE" speed="10.73" pos="168.45" lane="0/1to1/1_0" slope="0.00"/>
        <vehicle id="22" x="586.64" y="401.65" angle="-90.00" type="DEFAULT_VEHTYPE" speed="9.89" pos="8.61" lane="3/2to2/2_0" slope="0.00"/>
        <vehicle id="23" x="603.67" y="201.80" angle="-91.74" type="DEFAULT_VEHTYPE" speed="4.96" pos="1.09" lane=":3/1_4_0" slope="0.00"/>
        <vehicle id="24" x="85.21" y="198.35" angle="90.00" type="DEFAULT_VEHTYPE" speed="13.22" pos="85.21" lane="0/1to1/1_0" slope="0.00"/>
        <vehicle id="3" x="592.74" y="198.35" angle="90.00" type="DEFAULT_VEHTYPE" speed="0.00" pos="187.99" lane="2/1to3/1_0" slope="0.00"/>
        <vehicle id="4" x="644.04" y="201.65" angle="-90.00" type="DEFAULT_VEHTYPE" speed="12.91" pos="155.96" lane="4/1to3/1_0" slope="0.00"/>
        <vehicle id="5" x="267.81" y="201.65" angle="-90.00" type="DEFAULT_VEHTYPE" speed="13.24" pos="127.44" lane="2/1to1/1_0" slope="0.00"/>
        <vehicle id="6" x="585.24" y="198.35" angle="90.00" type="DEFAULT_VEHTYPE" speed="0.00" pos="180.49" lane="2/1to3/1_0" slope="0.00"/>
        <vehicle id="7" x="398.35" y="486.22" angle="0.00" type="DEFAULT_VEHTYPE" speed="13.50" pos="109.03" lane="2/3to2/2_0" slope="0.00"/>
        <vehicle id="8" x="189.42" y="198.35" angle="90.00" type="DEFAULT_VEHTYPE" speed="4.01" pos="189.42" lane="0/1to1/1_0" slope="0.00"/>
        <vehicle id="9" x="398.35" y="311.64" angle="0.00" type="DEFAULT_VEHTYPE" speed="13.77" pos="83.61" lane="2/2to2/1_0" slope="0.00"/>
    </timestep>
    <timestep time="132.00">
        <vehicle id="0" x="138.00" y="201.65" angle="-90.00" type="DEFAULT_VEHTYPE" speed="12.83" pos="57.25" lane="1/1to0/1_0" slope="0.00"/>
        <vehicle id="1" x="601.65" y="390.15" angle="180.00" type="DEFAULT_VEHTYPE" speed="3.66" pos="185.40" lane="3/1to3/2_0" slope="0.00"/>
        <vehicle id="11" x="212.25" y="598.35" angle="90.00" type="DEFAULT_VEHTYPE" speed="13.07" pos="7.50" lane="1/3to2/3_0" slope="0.00"/>
        <vehicle id="12" x="398.35" y="217.11" angle="0.00" type="DEFAULT_VEHTYPE" speed="13.61" pos="178.14" lane="2/2to2/1_0" slope="0.00"/>
        <vehicle id="14" x="290.22" y="598.35" angle="90.00" type="DEFAULT_VEHTYPE" speed="13.52" pos="85.47" lane="1/3to2/3_0" slope="0.00"/>
        <vehicle id="15" x="577.74" y="198.35" angle="90.00" type="DEFAULT_VEHTYPE" speed="0.00" pos="172.99" lane="2/1to3/1_0" slope="0.00"/>
        <vehicle id="16" x="186.01" y="401.65" angle="-90.00" type="DEFAULT_VEHTYPE" speed="10.21" pos="9.24" lane="1/2to0/2_0" slope="0.00"/>
        <vehicle id="17" x="189.73" y="398.35" angle="90.00" type="DEFAULT_VEHTYPE" speed="5.03" pos="189.73" lane="0/2to1/2_0" slope="0.00"/>
        <vehicle id="18" x="125.53" y="398.35" angle="90.00" type="DEFAULT_VEHTYPE" speed="13.78" pos="125.53" lane="0/2to1/2_0" slope="0.00"/>
        <vehicle id="19" x="255.57" y="598.35" angle="90.00" type="DEFAULT_VEHTYPE" speed="13.67" pos="50.82" lane="1/3to2/3_0" slope="0.00"/>
        <vehicle id="2" x="601.65" y="295.66" angle="180.00" type="DEFAULT_VEHTYPE" speed="12.87" pos="90.91" lane="3/1to3/2_0" slope="0.00"/>
        <vehicle id="20" x="364.80" y="401.65" angle="-90.00" type="DEFAULT_VEHTYPE" speed="12.85" pos="30.45" lane="2/2to1/2_0" slope="0.00"/>
        <vehicle id="21" x="174.68" y="198.35" angle="90.00" type="DEFAULT_VEHTYPE" speed="6.23" pos="174.68" lane="0/1to1/1_0" slope="0.00"/>
        <vehicle id="22" x="574.97" y="401.65" angle="-90.00" type="DEFAULT_VEHTYPE" speed="11.67" pos="20.28" lane="3/2to2/2_0" slope="0.00"/>
        <vehicle id="23" x="601.65" y="207.42" angle="-171.95" type="DEFAULT_VEHTYPE" speed="6.58" pos="2.67" lane="3/1to3/2_0" slope="0.00"/>
        <vehicle id="24" x="98.80" y="198.35" angle="90.00" type="DEFAULT_VEHTYPE" speed="13.59" pos="98.80" lane="0/1to1/1_0" slope="0.00"/>
        <vehicle id="3" x="592.74" y="198.35" angle="90.00" type="DEFAULT_VEHTYPE" speed="0.00" pos="187.99" lane="2/1to3/1_0" slope="0.00"/>
        <vehicle id="4" x="630.61" y="201.65" angle="-90.00" type="DEFAULT_VEHTYPE" speed="13.42" pos="169.39" lane="4/1to3/1_0" slope="0.00"/>
        <vehicle id="5" x="254.53" y="201.65" angle="-90.00" type="DEFAULT_VEHTYPE" speed="13.28" pos="140.72" lane="2/1to1/1_0" slope="0.00"/>
        <vehicle id="6" x="585.24" y="198.35" angle="90.00" type="DEFAULT_VEHTYPE" speed="0.00" pos="180.49" lane="2/1to3/1_0" slope="0.00"/>
        <vehicle id="7" x="398.35" y="472.72" angle="0.00" type="DEFAULT_VEHTYPE" speed="13.50" pos="122.53" lane="2/3to2/2_0" slope="0.00"/>
        <vehicle id="8" x="195.42" y="198.33" angle="89.74" type="DEFAULT_VEHTYPE" speed="6.00" pos="0.17" lane=":1/1_12_0" slope="0.00"/>
        <vehicle id="9" x="398.35" y="298.76" angle="0.00" type="DEFAULT_VEHTYPE" speed="12.88" pos="96.49" lane="2/2to2/1_0" slope="0.00"/>
    </timestep>
    <timestep time="133.00">
        <vehicle id="0" x="124.51" y="201.65" angle="-90.00" type="DEFAULT_VEHTYPE" speed="13.49" pos="70.74" lane="1/1to0/1_0" slope="0.00"/>
        <vehicle id="1" x="601.55" y="395.98" angle="-178.80" type="DEFAULT_VEHTYPE" speed="5.84" pos="0.74" lane=":3/2_10_0" slope="0.00"/>
        <vehicle id="11" x="224.89" y="598.35" angle="90.00" type="DEFAULT_VEHTYPE" speed="12.64" pos="20.14" lane="1/3to2/3_0" slope="0.00"/>
        <vehicle id="12" x="398.35" y="204.11" angle="0.00" type="DEFAULT_VEHTYPE" speed="13.00" pos="0.64" lane=":2/1_1_0" slope="0.00"/>
        <vehicle id="14" x="303.45" y="598.35" angle="90.00" type="DEFAULT_VEHTYPE" speed="13.24" pos="98.70" lane="1/3to2/3_0" slope="0.00"/>
        <vehicle id="15" x="577.74" y="198.35" angle="90.00" type="DEFAULT_VEHTYPE" speed="0.00" pos="172.99" lane="2/1to3/1_0" slope="0.00"/>
        <vehicle id="16" x="174.19" y="401.65" angle="-90.00" type="DEFAULT_VEHTYPE" speed="11.82" pos="21.06" lane="1/2to0/2_0" slope="0.00"/>
        <vehicle id="17" x="196.88" y="398.58" angle="92.67" type="DEFAULT_VEHTYPE" speed="7.17" pos="1.65" lane=":1/2_14_0" slope="0.00"/>
        <vehicle id="18" x="138.87" y="398.35" angle="90.00" type="DEFAULT_VEHTYPE" speed="13.33" pos="138.87" lane="0/2to1/2_0" slope="0.00"/>
        <vehicle id="19" x="268.73" y="598.35" angle="90.00" type="DEFAULT_VEHTYPE" speed="13.16" pos="63.98" lane="1/3to2/3_0" slope="0.00"/>
        <vehicle id="2" x="601.65" y="309.44" angle="180.00" type="DEFAULT_VEHTYPE" speed="13.78" pos="104.69" lane="3/1to3/2_0" slope="0.00"/>
        <vehicle id="20" x="351.67" y="401.65" angle="-90.00" type="DEFAULT_VEHTYPE" speed="13.13" pos="43.58" lane="2/2to1/2_0" slope="0.00"/>
        <vehicle id="21" x="182.25" y="198.35" angle="90.00" type="DEFAULT_VEHTYPE" speed="7.57" pos="182.25" lane="0/1to1/1_0" slope="0.00"/>
        <vehicle id="22" x="561.07" y="401.65" angle="-90.00" type="DEFAULT_VEHTYPE" speed="13.90" pos="34.18" lane="3/2to2/2_0" slope="0.00"/>
        <vehicle id="23" x="601.65" y="216.12" angle="180.00" type="DEFAULT_VEHTYPE" speed="8.70" pos="11.37" lane="3/1to3/2_0" slope="0.00"/>
        <vehicle id="24" x="111.78" y="198.35" angle="90.00" type="DEFAULT_VEHTYPE" speed="12.98" pos="111.78" lane="0/1to1/1_0" slope="0.00"/>
        <vehicle id="3" x="592.74" y="198.35" angle="90.00" type="DEFAULT_VEHTYPE" speed="0.00" pos="187.99" lane="2/1to3/1_0" slope="0.00"/>
        <vehicle id="4" x="620.15" y="201.65" angle="-90.00" type="DEFAULT_VEHTYPE" speed="10.47" pos="179.85" lane="4/1to3/1_0" slope="0.00"/>
        <vehicle id="5" x="240.98" y="201.65" angle="-90.00" type="DEFAULT_VEHTYPE" speed="13.55" pos="154.27" lane="2/1to1/1_0" slope="0.00"/>
        <vehicle id="6" x="585.24" y="198.35" angle="90.00" type="DEFAULT_VEHTYPE" speed="0.00" pos="180.49" lane="2/1to3/1_0" slope="0.00"/>
        <vehicle id="7" x="398.35" y="458.94" angle="0.00" type="DEFAULT_VEHTYPE" speed="13.78" pos="136.31" lane="2/3to2/2_0" slope="0.00"/>
        <vehicle id="8" x="198.35" y="192.07" angle="4.92" type="DEFAULT_VEHTYPE" speed="8.01" pos="3.18" lane="1/1to1/0_0" slope="0.00"/>
        <vehicle id="9" x="398.35" y="285.68" angle="0.00" type="DEFAULT_VEHTYPE" speed="13.08" pos="109.57" lane="2/2to2/1_0" slope="0.00"/>
    </timestep>
    <timestep time="134.00">
        <vehicle id="0" x="111.73" y="201.65" angle="-90.00" type="DEFAULT_VEHTYPE" speed="12.78" pos="83.52" lane="1/1to0/1_0" slope="0.00"/>
        <vehicle id="1" x="597.59" y="401.32" angle="-131.33" type="DEFAULT_VEHTYPE" speed="7.21" pos="0.81" lane=":3/2_18_0" slope="0.00"/>
        <vehicle id="11" x="237.99" y="598.35" angle="90.00" type="DEFAULT_VEHTYPE" speed="13.09" pos="33.24" lane="1/3to2/3_0" slope="0.00"/>
        <vehicle id="12" x="398.35" y="191.26" angle="0.00" type="DEFAULT_VEHTYPE" speed="12.84" pos="3.99" lane="2/1to2/0_0" slope="0.00"/>
        <vehicle id="14" x="317.01" y="598.35" angle="90.00" type="DEFAULT_VEHTYPE" speed="13.56" pos="112.26" lane="1/3to2/3_0" slope="0.00"/>
        <vehicle id="15" x="577.74" y="198.35" angle="90.00" type="DEFAULT_VEHTYPE" speed="0.00" pos="172.99" lane="2/1to3/1_0" slope="0.00"/>
        <vehicle id="16" x="161.05" y="401.65" angle="-90.00" type="DEFAULT_VEHTYPE" speed="13.14" pos="34.20" lane="1/2to0/2_0" slope="0.00"/>
        <vehicle id="17" x="201.65" y="404.90" angle="162.92" type="DEFAULT_VEHTYPE" speed="8.83" pos="0.15" lane="1/2to1/3_0" slope="0.00"/>
        <vehicle id="18" x="152.37" y="398.35" angle="90.00" type="DEFAULT_VEHTYPE" speed="13.51" pos="152.37" lane="0/2to1/2_0" slope="0.00"/>
        <vehicle id="19" x="282.28" y="598.35" angle="90.00" type="DEFAULT_VEHTYPE" speed="13.55" pos="77.53" lane="1/3to2/3_0" slope="0.00"/>
        <vehicle id="2" x="601.65" y="322.36" angle="180.00" type="DEFAULT_VEHTYPE" speed="12.92" pos="117.61" lane="3/1to3/2_0" slope="0.00"/>
        <vehicle id="20" x="338.00" y="401.65" angle="-90.00" type="DEFAULT_VEHTYPE" speed="13.67" pos="57.25" lane="2/2to1/2_0" slope="0.00"/>
        <vehicle id="21" x="187.47" y="198.35" angle="90.00" type="DEFAULT_VEHTYPE" speed="5.22" pos="187.47" lane="0/1to1/1_0" slope="0.00"/>
        <vehicle id="22" x="547.74" y="401.65" angle="-90.00" type="DEFAULT_VEHTYPE" speed="13.33" pos="47.51" lane="3/2to2/2_0" slope="0.00"/>
        <vehicle id="23" x="601.65" y="226.88" angle="180.00" type="DEFAULT_VEHTYPE" speed="10.76" pos="22.13" lane="3/1to3/2_0" slope="0.00"/>
        <vehicle id="24" x="125.08" y="198.35" angle="90.00" type="DEFAULT_VEHTYPE" speed="13.30" pos="125.08" lane="0/1to1/1_0" slope="0.00"/>
        <vehicle id="3" x="592.74" y="198.35" angle="90.00" type="DEFAULT_VEHTYPE" speed="0.00" pos="187.99" lane="2/1to3/1_0" slope="0.00"/>
        <vehicle id="4" x="613.30" y="201.65" angle="-90.00" type="DEFAULT_VEHTYPE" speed="6.85" pos="186.70" lane="4/1to3/1_0" slope="0.00"/>
        <vehicle id="5" x="228.06" y="201.65" angle="-90.00" type="DEFAULT_VEHTYPE" speed="12.92" pos="167.19" lane="2/1to1/1_0" slope="0.00"/>
        <vehicle id="6" x="585.24" y="198.35" angle="90.00" type="DEFAULT_VEHTYPE" speed="0.00" pos="180.49" lane="2/1to3/1_0" slope="0.00"/>
        <vehicle id="7" x="398.35" y="446.11" angle="0.00" type="DEFAULT_VEHTYPE" speed="12.83" pos="149.14" lane="2/3to2/2_0" slope="0.00"/>
        <vehicle id="8" x="198.35" y="181.64" angle="0.00" type="DEFAULT_VEHTYPE" speed="10.43" pos="13.61" lane="1/1to1/0_0" slope="0.00"/>
        <vehicle id="9" x="398.35" y="272.50" angle="0.00" type="DEFAULT_VEHTYPE" speed="13.18" pos="122.75" lane="2/2to2/1_0" slope="0.00"/>
    </timestep>
    <timestep time="135.00">
        <vehicle id="0" x="98.67" y="201.65" angle="-90.00" type="DEFAULT_VEHTYPE" speed="13.06" pos="96.58" lane="1/1to0/1_0" slope="0.00"/>
        <vehicle id="1" x="588.25" y="401.65" angle="-90.00" type="DEFAULT_VEHTYPE" speed="9.37" pos="7.00" lane="3/2to2/2_0" slope="0.00"/>
        <vehicle id="11" x="250.72" y="598.35" angle="90.00" type="DEFAULT_VEHTYPE" speed="12.73" pos="45.97" lane="1/3to2/3_0" slope="0.00"/>
        <vehicle id="12" x="398.35" y="177.77" angle="0.00" type="DEFAULT_VEHTYPE" speed="13.49" pos="17.48" lane="2/1to2/0_0" slope="0.00"/>
        <vehicle id="14" x="330.79" y="598.35" angle="90.00" type="DEFAULT_VEHTYPE" speed="13.78" pos="126.04" lane="1/3to2/3_0" slope="0.00"/>
        <vehicle id="15" x="577.74" y="198.35" angle="90.00" type="DEFAULT_VEHTYPE" speed="0.00" pos="172.99" lane="2/1to3/1_0" slope="0.00"/>
        <vehicle id="16" x="147.62" y="401.65" angle="-90.00" type="DEFAULT_VEHTYPE" speed="13.42" pos="47.63" lane="1/2to0/2_0" slope="0.00"/>
        <vehicle id="17" x="201.65" y="415.50" angle="180.00" type="DEFAULT_VEHTYPE" speed="10.60" pos="10.75" lane="1/2to1/3_0" slope="0.00"/>
        <vehicle id="18" x="166.12" y="398.35" angle="90.00" type="DEFAULT_VEHTYPE" speed="13.75" pos="166.12" lane="0/2to1/2_0" slope="0.00"/>
        <vehicle id="19" x="295.03" y="598.35" angle="90.00" type="DEFAULT_VEHTYPE" speed="12.75" pos="90.28" lane="1/3to2/3_0" slope="0.00"/>
        <vehicle id="2" x="601.65" y="336.19" angle="180.00" type="DEFAULT_VEHTYPE" speed="13.83" pos="131.44" lane="3/1to3/2_0" slope="0.00"/>
        <vehicle id="20" x="324.93" y="401.65" angle="-90.00" type="DEFAULT_VEHTYPE" speed="13.07" pos="70.32" lane="2/2to1/2_0" slope="0.00"/>
        <vehicle id="21" x="190.62" y="198.35" angle="90.00" type="DEFAULT_VEHTYPE" speed="3.15" pos="190.62" lane="0/1to1/1_0" slope="0.00"/>
        <vehicle id="22" x="533.90" y="401.65" angle="-90.00" type="DEFAULT_VEHTYPE" speed="13.84" pos="61.35" lane="3/2to2/2_0" slope="0.00"/>
        <vehicle id="23" x="601.65" y="239.75" angle="180.00" type="DEFAULT_VEHTYPE" speed="12.87" pos="35.00" lane="3/1to3/2_0" slope="0.00"/>
        <vehicle id="24" x="138.80" y="198.35" angle="90.00" type="DEFAULT_VEHTYPE" speed="13.72" pos="138.80" lane="0/1to1/1_0" slope="0.00"/>
        <vehicle id="3" x="592.74" y="198.35" angle="90.00" type="DEFAULT_VEHTYPE" speed="0.00" pos="187.99" lane="2/1to3/1_0" slope="0.00"/>
        <vehicle id="4" x="610.11" y="201.65" angle="-90.00" type="DEFAULT_VEHTYPE" speed="3.18" pos="189.89" lane="4/1to3/1_0" slope="0.00"/>
        <vehicle id="5" x="218.32" y="201.65" angle="-90.00" type="DEFAULT_VEHTYPE" speed="9.74" pos="176.93" lane="2/1to1/1_0" slope="0.00"/>
        <vehicle id="6" x="585.24" y="198.35" angle="90.00" type="DEFAULT_VEHTYPE" speed="0.00" pos="180.49" lane="2/1to3/1_0" slope="0.00"/>
        <vehicle id="7" x="398.35" y="432.30" angle="0.00" type="DEFAULT_VEHTYPE" speed="13.81" pos="162.95" lane="2/3to2/2_0" slope="0.00"/>
        <vehicle id="8" x="198.35" y="168.73" angle="0.00" type="DEFAULT_VEHTYPE" speed="12.91" pos="26.52" lane="1/1to1/0_0" slope="0.00"/>
        <vehicle id="9" x="398.35" y="259.17" angle="0.00" type="DEFAULT_VEHTYPE" speed="13.33" pos="136.08" lane="2/2to2/1_0" slope="0.00"/>
    </timestep>
    <timestep time="136.00">
        <vehicle id="0" x="85.03" y="201.65" angle="-90.00" type="DEFAULT_VEHTYPE" speed="13.64" pos="110.22" lane="1/1to0/1_0" slope="0.00"/>
        <vehicle id="1" x="576.92" y="401.65" angle="-90.00" type="DEFAULT_VEHTYPE" speed="11.34" pos="18.33" lane="3/2to2/2_0" slope="0.00"/>
        <vehicle id="11" x="264.07" y="598.35" angle="90.00" type="DEFAULT_VEHTYPE" speed="13.35" pos="59.32" lane="1/3to2/3_0" slope="0.00"/>
        <vehicle id="12" x="398.35" y="164.57" angle="0.00" type="DEFAULT_VEHTYPE" speed="13.20" pos="30.68" lane="2/1to2/0_0" slope="0.00"/>
        <vehicle id="14" x="344.12" y="598.35" angle="90.00" type="DEFAULT_VEHTYPE" speed="13.33" pos="139.37" lane="1/3to2/3_0" slope="0.00"/>
        <vehicle id="15" x="577.74" y="198.35" angle="90.00" type="DEFAULT_VEHTYPE" speed="0.00" pos="172.99" lane="2/1to3/1_0" slope="0.00"/>
        <vehicle id="16" x="133.91" y="401.65" angle="-90.00" type="DEFAULT_VEHTYPE" speed="13.71" pos="61.34" lane="1/2to0/2_0" slope="0.00"/>
        <vehicle id="17" x="201.65" y="428.00" angle="180.00" type="DEFAULT_VEHTYPE" speed="12.50" pos="23.25" lane="1/2to1/3_0" slope="0.00"/>
        <vehicle id="18" x="176.83" y="398.35" angle="90.00" type="DEFAULT_VEHTYPE" speed="10.71" pos="176.83" lane="0/2to1/2_0" slope="0.00"/>
        <vehicle id="19" x="308.87" y="598.35" angle="90.00" type="DEFAULT_VEHTYPE" speed="13.84" pos="104.12" lane="1/3to2/3_0" slope="0.00"/>
        <vehicle id="2" x="601.65" y="349.90" angle="180.00" type="DEFAULT_VEHTYPE" speed="13.71" pos="145.15" lane="3/1to3/2_0" slope="0.00"/>
        <vehicle id="20" x="311.12" y="401.65" angle="-90.00" type="DEFAULT_VEHTYPE" speed="13.80" pos="84.13" lane="2/2to1/2_0" slope="0.00"/>
        <vehicle id="21" x="196.21" y="198.22" angle="88.47" type="DEFAULT_VEHTYPE" speed="5.60" pos="0.96" lane=":1/1_12_0" slope="0.00"/>
        <vehicle id="22" x="520.25" y="401.65" angle="-90.00" type="DEFAULT_VEHTYPE" speed="13.65" pos="75.00" lane="3/2to2/2_0" slope="0.00"/>
        <vehicle id="23" x="601.65" y="252.56" angle="180.00" type="DEFAULT_VEHTYPE" speed="12.81" pos="47.81" lane="3/1to3/2_0" slope="0.00"/>
        <vehicle id="24" x="152.41" y="198.35" angle="90.00" type="DEFAULT_VEHTYPE" speed="13.61" pos="152.41" lane="0/1to1/1_0" slope="0.00"/>
        <vehicle id="3" x="592.74" y="198.35" angle="90.00" type="DEFAULT_VEHTYPE" speed="0.00" pos="187.99" lane="2/1to3/1_0" slope="0.00"/>
        <vehicle id="4" x="605.43" y="201.65" angle="-90.00" type="DEFAULT_VEHTYPE" speed="4.69" pos="194.57" lane="4/1to3/1_0" slope="0.00"/>
        <vehicle id="5" x="212.49" y="201.65" angle="-90.00" type="DEFAULT_VEHTYPE" speed="5.83" pos="182.76" lane="2/1to1/1_0" slope="0.00"/>
        <vehicle id="6" x="585.24" y="198.35" angle="90.00" type="DEFAULT_VEHTYPE" speed="0.00" pos="180.49" lane="2/1to3/1_0" slope="0.00"/>
        <vehicle id="7" x="398.35" y="419.51" angle="0.00" type="DEFAULT_VEHTYPE" speed="12.79" pos="175.74" lane="2/3to2/2_0" slope="0.00"/>
        <vehicle id="8" x="198.35" y="155.69" angle="0.00" type="DEFAULT_VEHTYPE" speed="13.04" pos="39.56" lane="1/1to1/0_0" slope="0.00"/>
        <vehicle id="9" x="398.35" y="245.37" angle="0.00" type="DEFAULT_VEHTYPE" speed="13.80" pos="149.88" lane="2/2to2/1_0" slope="0.00"/>
    </timestep>
    <timestep time="137.00">
        <vehicle id="0" x="71.51" y="201.65" angle="-90.00" type="DEFAULT_VEHTYPE" speed="13.52" pos="123.74" lane="1/1to0/1_0" slope="0.00"/>
        <vehicle id="1" x="564.27" y="401.65" angle="-90.00" type="DEFAULT_VEHTYPE" speed="12.65" pos="30.98" lane="3/2to2/2_0" slope="0.00"/>
        <vehicle id="11" x="276.76" y="598.35" angle="90.00" type="DEFAULT_VEHTYPE" speed="12.68" pos="72.01" lane="1/3to2/3_0" slope="0.00"/>
        <vehicle id="12" x="398.35" y="150.77" angle="0.00" type="DEFAULT_VEHTYPE" speed="13.80" pos="44.48" lane="2/1to2/0_0" slope="0.00"/>
        <vehicle id="14" x="357.90" y="598.35" angle="90.00" type="DEFAULT_VEHTYPE" speed="13.78" pos="153.15" lane="1/3to2/3_0" slope="0.00"/>
        <vehicle id="15" x="577.74" y="198.35" angle="90.00" type="DEFAULT_VEHTYPE" speed="0.00" pos="172.99" lane="2/1to3/1_0" slope="0.00"/>
        <vehicle id="16" x="120.86" y="401.65" angle="-90.00" type="DEFAULT_VEHTYPE" speed="13.05" pos="74.39" lane="1/2to0/2_0" slope="0.00"/>
        <vehicle id="17" x="201.65" y="441.53" angle="180.00" type="DEFAULT_VEHTYPE" speed="13.53" pos="36.78" lane="1/2to1/3_0" slope="0.00"/>
        <vehicle id="18" x="184.08" y="398.35" angle="90.00" type="DEFAULT_VEHTYPE" speed="7.26" pos="184.08" lane="0/2to1/2_0" slope="0.00"/>
        <vehicle id="19" x="322.71" y="598.35" angle="90.00" type="DEFAULT_VEHTYPE" speed="13.84" pos="117.96" lane="1/3to2/3_0" slope="0.00"/>
        <vehicle id="2" x="601.65" y="363.76" angle="180.00" type="DEFAULT_VEHTYPE" speed="13.87" pos="159.01" lane="3/1to3/2_0" slope="0.00"/>
        <vehicle id="20" x="297.77" y="401.65" angle="-90.00" type="DEFAULT_VEHTYPE" speed="13.35" pos="97.48" lane="2/2to1/2_0" slope="0.00"/>
        <vehicle id="21" x="198.35" y="191.98" angle="4.33" type="DEFAULT_VEHTYPE" speed="7.31" pos="3.27" lane="1/1to1/0_0" slope="0.00"/>
        <vehicle id="22" x="507.34" y="401.65" angle="-90.00" type="DEFAULT_VEHTYPE" speed="12.91" pos="87.91" lane="3/2to2/2_0" slope="0.00"/>
        <vehicle id="23" x="601.65" y="265.47" angle="180.00" type="DEFAULT_VEHTYPE" speed="12.90" pos="60.72" lane="3/1to3/2_0" slope="0.00"/>
        <vehicle id="24" x="165.61" y="198.35" angle="90.00" type="DEFAULT_VEHTYPE" speed="13.20" pos="165.61" lane="0/1to1/1_0" slope="0.00"/>
        <vehicle id="3" x="592.74" y="198.35" angle="90.00" type="DEFAULT_VEHTYPE" speed="0.00" pos="187.99" lane="2/1to3/1_0" slope="0.00"/>
        <vehicle id="4" x="601.65" y="205.24" angle="-143.47" type="DEFAULT_VEHTYPE" speed="6.17" pos="0.49" lane="3/1to3/2_0" slope="0.00"/>
        <vehicle id="5" x="209.19" y="201.65" angle="-90.00" type="DEFAULT_VEHTYPE" speed="3.29" pos="186.06" lane="2/1to1/1_0" slope="0.00"/>
        <vehicle id="6" x="585.24" y="198.35" angle="90.00" type="DEFAULT_VEHTYPE" speed="0.00" pos="180.49" lane="2/1to3/1_0" slope="0.00"/>
        <vehicle id="7" x="398.35" y="406.74" angle="0.00" type="DEFAULT_VEHTYPE" speed="12.77" pos="188.51" lane="2/3to2/2_0" slope="0.00"/>
        <vehicle id="8" x="198.35" y="142.25" angle="0.00" type="DEFAULT_VEHTYPE" speed="13.44" pos="53.00" lane="1/1to1/0_0" slope="0.00"/>
        <vehicle id="9" x="398.35" y="231.58" angle="0.00" type="DEFAULT_VEHTYPE" speed="13.79" pos="163.67" lane="2/2to2/1_0" slope="0.00"/>
    </timestep>
    <timestep time="138.00">
        <vehicle id="0" x="58.79" y="201.65" angle="-90.00" type="DEFAULT_VEHTYPE" speed="12.72" pos="136.46" lane="1/1to0/1_0" slope="0.00"/>
        <vehicle id="1" x="550.54" y="401.65" angle="-90.00" type="DEFAULT_VEHTYPE" speed="13.73" pos="44.71" lane="3/2to2/2_0" slope="0.00"/>
        <vehicle id="11" x="290.58" y="598.35" angle="90.00" type="DEFAULT_VEHTYPE" speed="13.83" pos="85.83" lane="1/3to2/3_0" slope="0.00"/>
        <vehicle id="12" x="398.35" y="137.24" angle="0.00" type="DEFAULT_VEHTYPE" speed="13.53" pos="58.01" lane="2/1to2/0_0" slope="0.00"/>
        <vehicle id="14" x="370.82" y="598.35" angle="90.00" type="DEFAULT_VEHTYPE" speed="12.92" pos="166.07" lane="1/3to2/3_0" slope="0.00"/>
        <vehicle id="15" x="577.74" y="198.35" angle="90.00" type="DEFAULT_VEHTYPE" speed="0.00" pos="172.99" lane="2/1to3/1_0" slope="0.00"/>
        <vehicle id="16" x="107.45" y="401.65" angle="-90.00" type="DEFAULT_VEHTYPE" speed="13.41" pos="87.80" lane="1/2to0/2_0" slope="0.00"/>
        <vehicle id="17" x="201.65" y="454.13" angle="180.00" type="DEFAULT_VEHTYPE" speed="12.60" pos="49.38" lane="1/2to1/3_0" slope="0.00"/>
        <vehicle id="18" x="188.27" y="398.35" angle="90.00" type="DEFAULT_VEHTYPE" speed="4.19" pos="188.27" lane="0/2to1/2_0" slope="0.00"/>
        <vehicle id="19" x="335.52" y="598.35" angle="90.00" type="DEFAULT_VEHTYPE" speed="12.81" pos="130.77" lane="1/3to2/3_0" slope="0.00"/>
        <vehicle id="2" x="601.65" y="375.49" angle="180.00" type="DEFAULT_VEHTYPE" speed="11.72" pos="170.74" lane="3/1to3/2_0" slope="0.00"/>
        <vehicle id="20" x="284.68" y="401.65" angle="-90.00" type="DEFAULT_VEHTYPE" speed="13.09" pos="110.57" lane="2/2to1/2_0" slope="0.00"/>
        <vehicle id="21" x="198.35" y="183.20" angle="0.00" type="DEFAULT_VEHTYPE" speed="8.77" pos="12.05" lane="1/1to1/0_0" slope="0.00"/>
        <vehicle id="22" x="493.71" y="401.65" angle="-90.00" type="DEFAULT_VEHTYPE" speed="13.64" pos="101.54" lane="3/2to2/2_0" slope="0.00"/>
        <vehicle id="23" x="601.65" y="278.92" angle="180.00" type="DEFAULT_VEHTYPE" speed="13.46" pos="74.17" lane="3/1to3/2_0" slope="0.00"/>
        <vehicle id="24" x="177.34" y="198.35" angle="90.00" type="DEFAULT_VEHTYPE" speed="11.73" pos="177.34" lane="0/1to1/1_0" slope="0.00"/>
        <vehicle id="3" x="592.74" y="198.35" angle="90.00" type="DEFAULT_VEHTYPE" speed="0.00" pos="187.99" lane="2/1to3/1_0" slope="0.00"/>
        <vehicle id="4" x="601.65" y="212.90" angle="180.00" type="DEFAULT_VEHTYPE" speed="7.65" pos="8.15" lane="3/1to3/2_0" slope="0.00"/>
        <vehicle id="5" x="204.47" y="201.69" angle="-90.44" type="DEFAULT_VEHTYPE" speed="4.72" pos="0.28" lane=":1/1_4_0" slope="0.00"/>
        <vehicle id="6" x="585.24" y="198.35" angle="90.00" type="DEFAULT_VEHTYPE" speed="0.00" pos="180.49" lane="2/1to3/1_0" slope="0.00"/>
        <vehicle id="7" x="398.35" y="393.91" angle="0.00" type="DEFAULT_VEHTYPE" speed="12.83" pos="1.34" lane="2/2to2/1_0" slope="0.00"/>
        <vehicle id="8" x="198.35" y="129.37" angle="0.00" type="DEFAULT_VEHTYPE" speed="12.88" pos="65.88" lane="1/1to1/0_0" slope="0.00"/>
        <vehicle id="9" x="398.35" y="217.78" angle="0.00" type="DEFAULT_VEHTYPE" speed="13.80" pos="177.47" lane="2/2to2/1_0" slope="0.00"/>
    </timestep>
    <timestep time="139.00">
        <vehicle id="0" x="45.24" y="201.65" angle="-90.00" type="DEFAULT_VEHTYPE" speed="13.55" pos="150.01" lane="1/1to0/1_0" slope="0.00"/>
        <vehicle id="1" x="537.85" y="401.65" angle="-90.00" type="DEFAULT_VEHTYPE" speed="12.69" pos="57.40" lane="3/2to2/2_0" slope="0.00"/>
        <vehicle id="11" x="304.16" y="598.35" angle="90.00" type="DEFAULT_VEHTYPE" speed="13.58" pos="99.41" lane="1/3to2/3_0" slope="0.00"/>
        <vehicle id="12" x="398.35" y="123.89" angle="0.00" type="DEFAULT_VEHTYPE" speed="13.35" pos="71.36" lane="2/1to2/0_0" slope="0.00"/>
        <vehicle id="14" x="380.47" y="598.35" angle="90.00" type="DEFAULT_VEHTYPE" speed="9.66" pos="175.72" lane="1/3to2/3_0" slope="0.00"/>
        <vehicle id="15" x="577.74" y="198.35" angle="90.00" type="DEFAULT_VEHTYPE" speed="0.00" pos="172.99" lane="2/1to3/1_0" slope="0.00"/>
        <vehicle id="16" x="94.54" y="401.65" angle="-90.00" type="DEFAULT_VEHTYPE" speed="12.91" pos="100.71" lane="1/2to0/2_0" slope="0.00"/>
        <vehicle id="17" x="201.65" y="467.71" angle="180.00" type="DEFAULT_VEHTYPE" speed="13.58" pos="62.96" lane="1/2to1/3_0" slope="0.00"/>
        <vehicle id="18" x="194.52" y="398.35" angle="90.00" type="DEFAULT_VEHTYPE" speed="6.24" pos="194.52" lane="0/2to1/2_0" slope="0.00"/>
        <vehicle id="19" x="348.52" y="598.35" angle="90.00" type="DEFAULT_VEHTYPE" speed="12.99" pos="143.77" lane="1/3to2/3_0" slope="0.00"/>
        <vehicle id="2" x="601.65" y="383.15" angle="180.00" type="DEFAULT_VEHTYPE" speed="7.66" pos="178.40" lane="3/1to3/2_0" slope="0.00"/>
        <vehicle id="20" x="271.72" y="401.65" angle="-90.00" type="DEFAULT_VEHTYPE" speed="12.96" pos="123.53" lane="2/2to1/2_0" slope="0.00"/>
        <vehicle id="21" x="198.35" y="172.56" angle="0.00" type="DEFAULT_VEHTYPE" speed="10.64" pos="22.69" lane="1/1to1/0_0" slope="0.00"/>
        <vehicle id="22" x="480.31" y="401.65" angle="-90.00" type="DEFAULT_VEHTYPE" speed="13.39" pos="114.94" lane="3/2to2/2_0" slope="0.00"/>
        <vehicle id="23" x="601.65" y="291.84" angle="180.00" type="DEFAULT_VEHTYPE" speed="12.92" pos="87.09" lane="3/1to3/2_0" slope="0.00"/>
        <vehicle id="24" x="184.80" y="198.35" angle="90.00" type="DEFAULT_VEHTYPE" speed="7.45" pos="184.80" lane="0/1to1/1_0" slope="0.00"/>
        <vehicle id="3" x="595.22" y="198.35" angle="90.00" type="DEFAULT_VEHTYPE" speed="2.48" pos="190.47" lane="2/1to3/1_0" slope="0.00"/>
        <vehicle id="4" x="601.65" y="222.27" angle="180.00" type="DEFAULT_VEHTYPE" speed="9.38" pos="17.52" lane="3/1to3/2_0" slope="0.00"/>
        <vehicle id="5" x="201.65" y="206.83" angle="-166.14" type="DEFAULT_VEHTYPE" speed="6.80" pos="2.08" lane="1/1to1/2_0" slope="0.00"/>
        <vehicle id="6" x="585.24" y="198.35" angle="90.00" type="DEFAULT_VEHTYPE" speed="0.00" pos="180.49" lane="2/1to3/1_0" slope="0.00"/>
        <vehicle id="7" x="398.35" y="381.31" angle="0.00" type="DEFAULT_VEHTYPE" speed="12.60" pos="13.94" lane="2/2to2/1_0" slope="0.00"/>
        <vehicle id="8" x="198.35" y="116.35" angle="0.00" type="DEFAULT_VEHTYPE" speed="13.02" pos="78.90" lane="1/1to1/0_0" slope="0.00"/>
        <vehicle id="9" x="398.25" y="204.04" angle="-1.13" type="DEFAULT_VEHTYPE" speed="13.74" pos="0.71" lane=":2/1_0_0" slope="0.00"/>
    </timestep>
    <timestep time="140.00">
        <vehicle id="0" x="32.53" y="201.65" angle="-90.00" type="DEFAULT_VEHTYPE" speed="12.70" pos="162.72" lane="1/1to0/1_0" slope="0.00"/>
        <vehicle id="1" x="525.25" y="401.65" angle="-90.00" type="DEFAULT_VEHTYPE" speed="12.60" pos="70.00" lane="3/2to2/2_0" slope="0.00"/>
        <vehicle id="11" x="317.46" y="598.35" angle="90.00" type="DEFAULT_VEHTYPE" speed="13.30" pos="112.71" lane="1/3to2/3_0" slope="0.00"/>
        <vehicle id="12" x="398.35" y="110.21" angle="0.00" type="DEFAULT_VEHTYPE" speed="13.68" pos="85.04" lane="2/1to2/0_0" slope="0.00"/>
        <vehicle id="14" x="386.42" y="598.35" angle="90.00" type="DEFAULT_VEHTYPE" speed="5.95" pos="181.67" lane="1/3to2/3_0" slope="0.00"/>
        <vehicle id="15" x="577.74" y="198.35" angle="90.00" type="DEFAULT_VEHTYPE" speed="0.00" pos="172.99" lane="2/1to3/1_0" slope="0.00"/>
        <vehicle id="16" x="80.86" y="401.65" angle="-90.00" type="DEFAULT_VEHTYPE" speed="13.68" pos="114.39" lane="1/2to0/2_0" slope="0.00"/>
        <vehicle id="17" x="201.65" y="480.50" angle="180.00" type="DEFAULT_VEHTYPE" speed="12.79" pos="75.75" lane="1/2to1/3_0" slope="0.00"/>
        <vehicle id="18" x="201.30" y="402.28" angle="137.39" type="DEFAULT_VEHTYPE" speed="8.56" pos="7.83" lane=":1/2_14_0" slope="0.00"/>
        <vehicle id="19" x="361.12" y="598.35" angle="90.00" type="DEFAULT_VEHTYPE" speed="12.60" pos="156.37" lane="1/3to2/3_0" slope="0.00"/>
        <vehicle id="2" x="601.65" y="387.91" angle="180.00" type="DEFAULT_VEHTYPE" speed="4.76" pos="183.16" lane="3/1to3/2_0" slope="0.00"/>
        <vehicle id="20" x="258.54" y="401.65" angle="-90.00" type="DEFAULT_VEHTYPE" speed="13.19" pos="136.71" lane="2/2to1/2_0" slope="0.00"/>
        <vehicle id="21" x="198.35" y="160.22" angle="0.00" type="DEFAULT_VEHTYPE" speed="12.34" pos="35.03" lane="1/1to1/0_0" slope="0.00"/>
        <vehicle id="22" x="466.45" y="401.65" angle="-90.00" type="DEFAULT_VEHTYPE" speed="13.86" pos="128.80" lane="3/2to2/2_0" slope="0.00"/>
        <vehicle id="23" x="601.65" y="304.79" angle="180.00" type="DEFAULT_VEHTYPE" speed="12.94" pos="100.04" lane="3/1to3/2_0" slope="0.00"/>
        <vehicle id="24" x="189.60" y="198.35" angle="90.00" type="DEFAULT_VEHTYPE" speed="4.80" pos="189.60" lane="0/1to1/1_0" slope="0.00"/>
        <vehicle id="3" x="599.42" y="199.57" angle="104.43" type="DEFAULT_VEHTYPE" speed="4.45" pos="4.42" lane=":3/1_14_0" slope="0.00"/>
        <vehicle id="4" x="601.65" y="234.23" angle="180.00" type="DEFAULT_VEHTYPE" speed="11.96" pos="29.48" lane="3/1to3/2_0" slope="0.00"/>
        <vehicle id="5" x="201.65" y="215.78" angle="180.00" type="DEFAULT_VEHTYPE" speed="8.95" pos="11.03" lane="1/1to1/2_0" slope="0.00"/>
        <vehicle id="6" x="587.22" y="198.35" angle="90.00" type="DEFAULT_VEHTYPE" speed="1.98" pos="182.47" lane="2/1to3/1_0" slope="0.00"/>
        <vehicle id="7" x="398.35" y="368.52" angle="0.00" type="DEFAULT_VEHTYPE" speed="12.79" pos="26.73" lane="2/2to2/1_0" slope="0.00"/>
        <vehicle id="8" x="198.35" y="103.47" angle="0.00" type="DEFAULT_VEHTYPE" speed="12.88" pos="91.78" lane="1/1to1/0_0" slope="0.00"/>
        <vehicle id="9" x="386.81" y="201.65" angle="-90.00" type="DEFAULT_VEHTYPE" speed="12.72" pos="8.44" lane="2/1to1/1_0" slope="0.00"/>
    </timestep>
    <timestep time="141.00">
        <vehicle id="0" x="19.57" y="201.65" angle="-90.00" type="DEFAULT_VEHTYPE" speed="12.96" pos="175.68" lane="1/1to0/1_0" slope="0.00"/>
        <vehicle id="1" x="512.04" y="401.65" angle="-90.00" type="DEFAULT_VEHTYPE" speed="13.21" pos="83.21" lane="3/2to2/2_0" slope="0.00"/>
        <vehicle id="11" x="331.24" y="598.35" angle="90.00" type="DEFAULT_VEHTYPE" speed="13.78" pos="126.49" lane="1/3to2/3_0" slope="0.00"/>
        <vehicle id="12" x="398.35" y="96.61" angle="0.00" type="DEFAULT_VEHTYPE" speed="13.60" pos="98.64" lane="2/1to2/0_0" slope="0.00"/>
        <vehicle id="14" x="390.08" y="598.35" angle="90.00" type="DEFAULT_VEHTYPE" speed="3.66" pos="185.33" lane="1/3to2/3_0" slope="0.00"/>
        <vehicle id="15" x="579.16" y="198.35" angle="90.00" type="DEFAULT_VEHTYPE" speed="1.42" pos="174.41" lane="2/1to3/1_0" slope="0.00"/>
        <vehicle id="16" x="67.42" y="401.65" angle="-90.00" type="DEFAULT_VEHTYPE" speed="13.44" pos="127.83" lane="1/2to0/2_0" slope="0.00"/>
        <vehicle id="17" x="201.65" y="494.12" angle="180.00" type="DEFAULT_VEHTYPE" speed="13.62" pos="89.37" lane="1/2to1/3_0" slope="0.00"/>
        <vehicle id="18" x="201.65" y="412.85" angle="180.00" type="DEFAULT_VEHTYPE" speed="10.59" pos="8.10" lane="1/2to1/3_0" slope="0.00"/>
        <vehicle id="19" x="371.51" y="598.35" angle="90.00" type="DEFAULT_VEHTYPE" speed="10.39" pos="166.76" lane="1/3to2/3_0" slope="0.00"/>
        <vehicle id="2" x="601.65" y="390.92" angle="180.00" type="DEFAULT_VEHTYPE" speed="3.02" pos="186.17" lane="3/1to3/2_0" slope="0.00"/>
        <vehicle id="20" x="245.48" y="401.65" angle="-90.00" type="DEFAULT_VEHTYPE" speed="13.06" pos="149.77" lane="2/2to1/2_0" slope="0.00"/>
        <vehicle id="21" x="198.35" y="147.03" angle="0.00" type="DEFAULT_VEHTYPE" speed="13.20" pos="48.22" lane="1/1to1/0_0" slope="0.00"/>
        <vehicle id="22" x="453.09" y="401.65" angle="-90.00" type="DEFAULT_VEHTYPE" speed="13.36" pos="142.16" lane="3/2to2/2_0" slope="0.00"/>
        <vehicle id="23" x="601.65" y="318.68" angle="180.00" type="DEFAULT_VEHTYPE" speed="13.89" pos="113.93" lane="3/1to3/2_0" slope="0.00"/>
        <vehicle id="24" x="196.58" y="198.16" angle="87.87" type="DEFAULT_VEHTYPE" speed="7.00" pos="1.34" lane=":1/1_12_0" slope="0.00"/>
        <vehicle id="3" x="601.65" y="204.75" angle="161.95" type="DEFAULT_VEHTYPE" speed="5.89" pos="10.32" lane=":3/1_14_0" slope="0.00"/>
        <vehicle id="4" x="601.65" y="247.58" angle="180.00" type="DEFAULT_VEHTYPE" speed="13.35" pos="42.83" lane="3/1to3/2_0" slope="0.00"/>
        <vehicle id="5" x="201.65" y="226.62" angle="180.00" type="DEFAULT_VEHTYPE" speed="10.84" pos="21.87" lane="1/1to1/2_0" slope="0.00"/>
        <vehicle id="6" x="589.55" y="198.35" angle="90.00" type="DEFAULT_VEHTYPE" speed="2.33" pos="184.80" lane="2/1to3/1_0" slope="0.00"/>
        <vehicle id="7" x="398.35" y="355.17" angle="0.00" type="DEFAULT_VEHTYPE" speed="13.35" pos="40.08" lane="2/2to2/1_0" slope="0.00"/>
        <vehicle id="8" x="198.35" y="89.98" angle="0.00" type="DEFAULT_VEHTYPE" speed="13.49" pos="105.27" lane="1/1to1/0_0" slope="0.00"/>
        <vehicle id="9" x="373.62" y="201.65" angle="-90.00" type="DEFAULT_VEHTYPE" speed="13.19" pos="21.63" lane="2/1to1/1_0" slope="0.00"/>
    </timestep>
    <timestep time="142.00">
        <vehicle id="0" x="6.34" y="201.65" angle="-90.00" type="DEFAULT_VEHTYPE" speed="13.24" pos="188.91" lane="1/1to0/1_0" slope="0.00"/>
        <vehicle id="1" x="498.41" y="401.65" angle="-90.00" type="DEFAULT_VEHTYPE" speed="13.63" pos="96.84" lane="3/2to2/2_0" slope="0.00"/>
        <vehicle id="11" x="344.99" y="598.35" angle="90.00" type="DEFAULT_VEHTYPE" speed="13.75" pos="140.24" lane="1/3to2/3_0" slope="0.00"/>
        <vehicle id="12" x="398.35" y="83.35" angle="0.00" type="DEFAULT_VEHTYPE" speed="13.27" pos="111.90" lane="2/1to2/0_0" slope="0.00"/>
        <vehicle id="14" x="395.44" y="598.38" angle="90.30" type="DEFAULT_VEHTYPE" speed="5.35" pos="0.19" lane=":2/3_14_0" slope="0.00"/>
        <vehicle id="15" x="580.60" y="198.35" angle="90.00" type="DEFAULT_VEHTYPE" speed="1.44" pos="175.85" lane="2/1to3/1_0" slope="0.00"/>
        <vehicle id="16" x="54.31" y="401.65" angle="-90.00" type="DEFAULT_VEHTYPE" speed="13.10" pos="140.94" lane="1/2to0/2_0" slope="0.00"/>
        <vehicle id="17" x="201.65" y="506.83" angle="180.00" type="DEFAULT_VEHTYPE" speed="12.72" pos="102.08" lane="1/2to1/3_0" slope="0.00"/>
        <vehicle id="18" x="201.65" y="425.90" angle="180.00" type="DEFAULT_VEHTYPE" speed="13.05" pos="21.15" lane="1/2to1/3_0" slope="0.00"/>
        <vehicle id="19" x="377.64" y="598.35" angle="90.00" type="DEFAULT_VEHTYPE" speed="6.13" pos="172.89" lane="1/3to2/3_0" slope="0.00"/>
        <vehicle id="2" x="601.52" y="396.19" angle="-178.46" type="DEFAULT_VEHTYPE" speed="5.27" pos="0.95" lane=":3/2_10_0" slope="0.00"/>
        <vehicle id="20" x="231.80" y="401.65" angle="-90.00" type="DEFAULT_VEHTYPE" speed="13.68" pos="163.45" lane="2/2to1/2_0" slope="0.00"/>
        <vehicle id="21" x="198.35" y="133.60" angle="0.00" type="DEFAULT_VEHTYPE" speed="13.43" pos="61.65" lane="1/1to1/0_0" slope="0.00"/>
        <vehicle id="22" x="440.11" y="401.65" angle="-90.00" type="DEFAULT_VEHTYPE" speed="12.97" pos="155.14" lane="3/2to2/2_0" slope="0.00"/>
        <vehicle id="23" x="601.65" y="331.90" angle="180.00" type="DEFAULT_VEHTYPE" speed="13.23" pos="127.15" lane="3/1to3/2_0" slope="0.00"/>
        <vehicle id="24" x="198.35" y="189.33" angle="0.00" type="DEFAULT_VEHTYPE" speed="9.57" pos="5.92" lane="1/1to1/0_0" slope="0.00"/>
        <vehicle id="3" x="601.65" y="212.56" angle="180.00" type="DEFAULT_VEHTYPE" speed="7.82" pos="7.81" lane="3/1to3/2_0" slope="0.00"/>
        <vehicle id="4" x="601.65" y="261.07" angle="180.00" type="DEFAULT_VEHTYPE" speed="13.49" pos="56.32" lane="3/1to3/2_0" slope="0.00"/>
        <vehicle id="5" x="201.65" y="240.04" angle="180.00" type="DEFAULT_VEHTYPE" speed="13.42" pos="35.29" lane="1/1to1/2_0" slope="0.00"/>
        <vehicle id="6" x="593.59" y="198.35" angle="90.00" type="DEFAULT_VEHTYPE" speed="4.04" pos="188.84" lane="2/1to3/1_0" slope="0.00"/>
        <vehicle id="7" x="398.35" y="341.41" angle="0.00" type="DEFAULT_VEHTYPE" speed="13.76" pos="53.84" lane="2/2to2/1_0" slope="0.00"/>
        <vehicle id="8" x="198.35" y="77.13" angle="0.00" type="DEFAULT_VEHTYPE" speed="12.85" pos="118.12" lane="1/1to1/0_0" slope="0.00"/>
        <vehicle id="9" x="360.29" y="201.65" angle="-90.00" type="DEFAULT_VEHTYPE" speed="13.33" pos="34.96" lane="2/1to1/1_0" slope="0.00"/>
    </timestep>
    <timestep time="143.00">
        <vehicle id="0" x="2.46" y="198.35" angle="66.46" type="DEFAULT_VEHTYPE" speed="13.62" pos="2.46" lane="0/1to1/1_0" slope="0.00"/>
        <vehicle id="1" x="484.69" y="401.65" angle="-90.00" type="DEFAULT_VEHTYPE" speed="13.72" pos="110.56" lane="3/2to2/2_0" slope="0.00"/>
        <vehicle id="11" x="357.75" y="598.35" angle="90.00" type="DEFAULT_VEHTYPE" speed="12.75" pos="153.00" lane="1/3to2/3_0" slope="0.00"/>
        <vehicle id="12" x="398.35" y="70.70" angle="0.00" type="DEFAULT_VEHTYPE" speed="12.64" pos="124.55" lane="2/1to2/0_0" slope="0.00"/>
        <vehicle id="14" x="400.92" y="601.40" angle="125.98" type="DEFAULT_VEHTYPE" speed="6.66" pos="6.85" lane=":2/3_14_0" slope="0.00"/>
        <vehicle id="15" x="583.65" y="198.35" angle="90.00" type="DEFAULT_VEHTYPE" speed="3.04" pos="178.90" lane="2/1to3/1_0" slope="0.00"/>
        <vehicle id="16" x="41.02" y="401.65" angle="-90.00" type="DEFAULT_VEHTYPE" speed="13.29" pos="154.23" lane="1/2to0/2_0" slope="0.00"/>
        <vehicle id="17" x="201.65" y="520.02" angle="180.00" type="DEFAULT_VEHTYPE" speed="13.18" pos="115.27" lane="1/2to1/3_0" slope="0.00"/>
        <vehicle id="18" x="201.65" y="439.58" angle="180.00" type="DEFAULT_VEHTYPE" speed="13.68" pos="34.83" lane="1/2to1/3_0" slope="0.00"/>
        <vehicle id="19" x="385.21" y="598.35" angle="90.00" type="DEFAULT_VEHTYPE" speed="7.57" pos="180.46" lane="1/3to2/3_0" slope="0.00"/>
        <vehicle id="2" x="597.30" y="401.36" angle="-128.24" type="DEFAULT_VEHTYPE" speed="7.30" pos="1.11" lane=":3/2_18_0" slope="0.00"/>
        <vehicle id="20" x="220.78" y="401.65" angle="-90.00" type="DEFAULT_VEHTYPE" speed="11.02" pos="174.47" lane="2/2to1/2_0" slope="0.00"/>
        <vehicle id="21" x="198.35" y="119.77" angle="0.00" type="DEFAULT_VEHTYPE" speed="13.83" pos="75.48" lane="1/1to1/0_0" slope="0.00"/>
        <vehicle id="22" x="427.06" y="401.65" angle="-90.00" type="DEFAULT_VEHTYPE" speed="13.05" pos="168.19" lane="3/2to2/2_0" slope="0.00"/>
        <vehicle id="23" x="601.65" y="344.97" angle="180.00" type="DEFAULT_VEHTYPE" speed="13.07" pos="140.22" lane="3/1to3/2_0" slope="0.00"/>
        <vehicle id="24" x="198.35" y="178.00" angle="0.00" type="DEFAULT_VEHTYPE" speed="11.34" pos="17.25" lane="1/1to1/0_0" slope="0.00"/>
        <vehicle id="3" x="601.65" y="222.23" angle="180.00" type="DEFAULT_VEHTYPE" speed="9.66" pos="17.48" lane="3/1to3/2_0" slope="0.00"/>
        <vehicle id="4" x="601.65" y="274.85" angle="180.00" type="DEFAULT_VEHTYPE" speed="13.78" pos="70.10" lane="3/1to3/2_0" slope="0.00"/>
        <vehicle id="5" x="201.65" y="253.30" angle="180.00" type="DEFAULT_VEHTYPE" speed="13.26" pos="48.55" lane="1/1to1/2_0" slope="0.00"/>
        <vehicle id="6" x="599.64" y="199.71" angle="106.06" type="DEFAULT_VEHTYPE" speed="6.34" pos="4.68" lane=":3/1_14_0" slope="0.00"/>
        <vehicle id="7" x="398.35" y="328.55" angle="0.00" type="DEFAULT_VEHTYPE" speed="12.86" pos="66.70" lane="2/2to2/1_0" slope="0.00"/>
        <vehicle id="8" x="198.35" y="63.99" angle="0.00" type="DEFAULT_VEHTYPE" speed="13.14" pos="131.26" lane="1/1to1/0_0" slope="0.00"/>
        <vehicle id="9" x="346.79" y="201.65" angle="-90.00" type="DEFAULT_VEHTYPE" speed="13.50" pos="48.46" lane="2/1to1/1_0" slope="0.00"/>
    </timestep>
    <timestep time="144.00">
        <vehicle id="0" x="15.17" y="198.35" angle="90.00" type="DEFAULT_VEHTYPE" speed="12.70" pos="15.17" lane="0/1to1/1_0" slope="0.00"/>
        <vehicle id="1" x="470.80" y="401.65" angle="-90.00" type="DEFAULT_VEHTYPE" speed="13.89" pos="124.45" lane="3/2to2/2_0" slope="0.00"/>
        <vehicle id="11" x="368.58" y="598.35" angle="90.00" type="DEFAULT_VEHTYPE" speed="10.83" pos="163.83" lane="1/3to2/3_0" slope="0.00"/>
        <vehicle id="12" x="398.35" y="57.17" angle="0.00" type="DEFAULT_VEHTYPE" speed="13.53" pos="138.08" lane="2/1to2/0_0" slope="0.00"/>
        <vehicle id="14" x="401.65" y="609.79" angle="180.00" type="DEFAULT_VEHTYPE" speed="8.51" pos="5.04" lane="2/3to2/4_0" slope="0.00"/>
        <vehicle id="15" x="588.45" y="198.35" angle="90.00" type="DEFAULT_VEHTYPE" speed="4.80" pos="183.70" lane="2/1to3/1_0" slope="0.00"/>
        <vehicle id="16" x="28.37" y="401.65" angle="-90.00" type="DEFAULT_VEHTYPE" speed="12.65" pos="166.88" lane="1/2to0/2_0" slope="0.00"/>
        <vehicle id="17" x="201.65" y="532.67" angle="180.00" type="DEFAULT_VEHTYPE" speed="12.65" pos="127.92" lane="1/2to1/3_0" slope="0.00"/>
        <vehicle id="18" x="201.65" y="452.18" angle="180.00" type="DEFAULT_VEHTYPE" speed="12.61" pos="47.43" lane="1/2to1/3_0" slope="0.00"/>
        <vehicle id="19" x="390.07" y="598.35" angle="90.00" type="DEFAULT_VEHTYPE" speed="4.86" pos="185.32" lane="1/3to2/3_0" slope="0.00"/>
        <vehicle id="2" x="588.45" y="401.65" angle="-90.00" type="DEFAULT_VEHTYPE" speed="8.87" pos="6.80" lane="3/2to2/2_0" slope="0.00"/>
        <vehicle id="20" x="213.38" y="401.65" angle="-90.00" type="DEFAULT_VEHTYPE" speed="7.40" pos="181.87" lane="2/2to1/2_0" slope="0.00"/>
        <vehicle id="21" x="198.35" y="105.94" angle="0.00" type="DEFAULT_VEHTYPE" speed="13.83" pos="89.31" lane="1/1to1/0_0" slope="0.00"/>
        <vehicle id="22" x="418.45" y="401.65" angle="-90.00" type="DEFAULT_VEHTYPE" speed="8.61" pos="176.80" lane="3/2to2/2_0" slope="0.00"/>
        <vehicle id="23" x="601.65" y="358.45" angle="180.00" type="DEFAULT_VEHTYPE" speed="13.48" pos="153.70" lane="3/1to3/2_0" slope="0.00"/>
        <vehicle id="24" x="198.35" y="165.23" angle="0.00" type="DEFAULT_VEHTYPE" speed="12.77" pos="30.02" lane="1/1to1/0_0" slope="0.00"/>
        <vehicle id="3" x="601.65" y="233.51" angle="180.00" type="DEFAULT_VEHTYPE" speed="11.28" pos="28.76" lane="3/1to3/2_0" slope="0.00"/>
        <vehicle id="4" x="601.65" y="288.33" angle="180.00" type="DEFAULT_VEHTYPE" speed="13.49" pos="83.58" lane="3/1to3/2_0" slope="0.00"/>
        <vehicle id="5" x="201.65" y="266.18" angle="180.00" type="DEFAULT_VEHTYPE" speed="12.88" pos="61.43" lane="1/1to1/2_0" slope="0.00"/>
        <vehicle id="6" x="601.65" y="207.85" angle="176.92" type="DEFAULT_VEHTYPE" speed="8.74" pos="3.10" lane="3/1to3/2_0" slope="0.00"/>
        <vehicle id="7" x="398.35" y="315.49" angle="0.00" type="DEFAULT_VEHTYPE" speed="13.07" pos="79.76" lane="2/2to2/1_0" slope="0.00"/>
        <vehicle id="8" x="198.35" y="51.27" angle="0.00" type="DEFAULT_VEHTYPE" speed="12.72" pos="143.98" lane="1/1to1/0_0" slope="0.00"/>
        <vehicle id="9" x="333.46" y="201.65" angle="-90.00" type="DEFAULT_VEHTYPE" speed="13.34" pos="61.79" lane="2/1to1/1_0" slope="0.00"/>
    </timestep>
    <timestep time="145.00">
        <vehicle id="0" x="29.01" y="198.35" angle="90.00" type="DEFAULT_VEHTYPE" speed="13.84" pos="29.01" lane="0/1to1/1_0" slope="0.00"/>
        <vehicle id="1" x="457.11" y="401.65" angle="-90.00" type="DEFAULT_VEHTYPE" speed="13.68" pos="138.14" lane="3/2to2/2_0" slope="0.00"/>
        <vehicle id="11" x="377.37" y="598.35" angle="90.00" type="DEFAULT_VEHTYPE" speed="8.80" pos="172.62" lane="1/3to2/3_0" slope="0.00"/>
        <vehicle id="12" x="398.35" y="43.64" angle="0.00" type="DEFAULT_VEHTYPE" speed="13.53" pos="151.61" lane="2/1to2/0_0" slope="0.00"/>
        <vehicle id="14" x="401.65" y="620.49" angle="180.00" type="DEFAULT_VEHTYPE" speed="10.70" pos="15.74" lane="2/3to2/4_0" slope="0.00"/>
        <vehicle id="15" x="595.67" y="198.35" angle="90.00" type="DEFAULT_VEHTYPE" speed="7.22" pos="0.42" lane=":3/1_13_0" slope="0.00"/>
        <vehicle id="16" x="15.29" y="401.65" angle="-90.00" type="DEFAULT_VEHTYPE" speed="13.08" pos="179.96" lane="1/2to0/2_0" slope="0.00"/>
        <vehicle id="17" x="201.65" y="546.04" angle="180.00" type="DEFAULT_VEHTYPE" speed="13.37" pos="141.29" lane="1/2to1/3_0" slope="0.00"/>
        <vehicle id="18" x="201.65" y="465.10" angle="180.00" type="DEFAULT_VEHTYPE" speed="12.91" pos="60.35" lane="1/2to1/3_0" slope="0.00"/>
        <vehicle id="19" x="396.28" y="598.50" angle="91.69" type="DEFAULT_VEHTYPE" speed="6.22" pos="1.04" lane=":2/3_14_0" slope="0.00"/>
        <vehicle id="2" x="578.04" y="401.65" angle="-90.00" type="DEFAULT_VEHTYPE" speed="10.40" pos="17.21" lane="3/2to2/2_0" slope="0.00"/>
        <vehicle id="20" x="209.44" y="401.65" angle="-90.00" type="DEFAULT_VEHTYPE" speed="3.94" pos="185.81" lane="2/2to1/2_0" slope="0.00"/>
        <vehicle id="21" x="198.35" y="92.98" angle="0.00" type="DEFAULT_VEHTYPE" speed="12.96" pos="102.27" lane="1/1to1/0_0" slope="0.00"/>
        <vehicle id="22" x="412.19" y="401.65" angle="-90.00" type="DEFAULT_VEHTYPE" speed="6.26" pos="183.06" lane="3/2to2/2_0" slope="0.00"/>
        <vehicle id="23" x="601.65" y="371.91" angle="180.00" type="DEFAULT_VEHTYPE" speed="13.46" pos="167.16" lane="3/1to3/2_0" slope="0.00"/>
        <vehicle id="24" x="198.35" y="151.68" angle="0.00" type="DEFAULT_VEHTYPE" speed="13.56" pos="43.57" lane="1/1to1/0_0" slope="0.00"/>
        <vehicle id="3" x="601.65" y="246.78" angle="180.00" type="DEFAULT_VEHTYPE" speed="13.27" pos="42.03" lane="3/1to3/2_0" slope="0.00"/>
        <vehicle id="4" x="601.65" y="301.07" angle="180.00" type="DEFAULT_VEHTYPE" speed="12.74" pos="96.32" lane="3/1to3/2_0" slope="0.00"/>
        <vehicle id="5" x="201.65" y="279.37" angle="180.00" type="DEFAULT_VEHTYPE" speed="13.18" pos="74.62" lane="1/1to1/2_0" slope="0.00"/>
        <vehicle id="6" x="601.65" y="218.80" angle="180.00" type="DEFAULT_VEHTYPE" speed="10.95" pos="14.05" lane="3/1to3/2_0" slope="0.00"/>
        <vehicle id="7" x="398.35" y="302.13" angle="0.00" type="DEFAULT_VEHTYPE" speed="13.35" pos="93.12" lane="2/2to2/1_0" slope="0.00"/>
        <vehicle id="8" x="198.35" y="37.60" angle="0.00" type="DEFAULT_VEHTYPE" speed="13.67" pos="157.65" lane="1/1to1/0_0" slope="0.00"/>
        <vehicle id="9" x="320.43" y="201.65" angle="-90.00" type="DEFAULT_VEHTYPE" speed="13.02" pos="74.82" lane="2/1to1/1_0" slope="0.00"/>
    </timestep>
    <timestep time="146.00">
        <vehicle id="0" x="41.83" y="198.35" angle="90.00" type="DEFAULT_VEHTYPE" speed="12.82" pos="41.83" lane="0/1to1/1_0" slope="0.00"/>
        <vehicle id="1" x="443.42" y="401.65" angle="-90.00" type="DEFAULT_VEHTYPE" speed="13.69" pos="151.83" lane="3/2to2/2_0" slope="0.00"/>
        <vehicle id="11" x="384.56" y="598.35" angle="90.00" type="DEFAULT_VEHTYPE" speed="7.19" pos="179.81" lane="1/3to2/3_0" slope="0.00"/>
        <vehicle id="12" x="398.35" y="30.78" angle="0.00" type="DEFAULT_VEHTYPE" speed="12.87" pos="164.47" lane="2/1to2/0_0" slope="0.00"/>
        <vehicle id="14" x="401.65" y="632.73" angle="180.00" type="DEFAULT_VEHTYPE" speed="12.24" pos="27.98" lane="2/3to2/4_0" slope="0.00"/>
        <vehicle id="15" x="604.35" y="198.35" angle="90.00" type="DEFAULT_VEHTYPE" speed="8.68" pos="9.10" lane=":3/1_13_0" slope="0.00"/>
        <vehicle id="16" x="1.54" y="401.65" angle="-90.00" type="DEFAULT_VEHTYPE" speed="13.75" pos="193.71" lane="1/2to0/2_0" slope="0.00"/>
        <vehicle id="17" x="201.65" y="559.15" angle="180.00" type="DEFAULT_VEHTYPE" speed="13.12" pos="154.40" lane="1/2to1/3_0" slope="0.00"/>
        <vehicle id="18" x="201.65" y="478.76" angle="180.00" type="DEFAULT_VEHTYPE" speed="13.66" pos="74.01" lane="1/2to1/3_0" slope="0.00"/>
        <vehicle id="19" x="401.42" y="603.13" angle="146.21" type="DEFAULT_VEHTYPE" speed="7.64" pos="8.68" lane=":2/3_14_0" slope="0.00"/>
        <vehicle id="2" x="565.10" y="401.65" angle="-90.00" type="DEFAULT_VEHTYPE" speed="12.95" pos="30.15" lane="3/2to2/2_0" slope="0.00"/>
        <vehicle id="20" x="203.73" y="401.50" angle="-88.33" type="DEFAULT_VEHTYPE" speed="5.72" pos="1.03" lane=":1/2_6_0" slope="0.00"/>
        <vehicle id="21" x="198.35" y="80.17" angle="0.00" type="DEFAULT_VEHTYPE" speed="12.81" pos="115.08" lane="1/1to1/0_0" slope="0.00"/>
        <vehicle id="22" x="409.50" y="401.65" angle="-90.00" type="DEFAULT_VEHTYPE" speed="2.68" pos="185.75" lane="3/2to2/2_0" slope="0.00"/>
        <vehicle id="23" x="601.65" y="380.88" angle="180.00" type="DEFAULT_VEHTYPE" speed="8.96" pos="176.13" lane="3/1to3/2_0" slope="0.00"/>
        <vehicle id="24" x="198.35" y="137.80" angle="0.00" type="DEFAULT_VEHTYPE" speed="13.88" pos="57.45" lane="1/1to1/0_0" slope="0.00"/>
        <vehicle id="3" x="601.65" y="259.78" angle="180.00" type="DEFAULT_VEHTYPE" speed="13.00" pos="55.03" lane="3/1to3/2_0" slope="0.00"/>
        <vehicle id="4" x="601.65" y="314.32" angle="180.00" type="DEFAULT_VEHTYPE" speed="13.25" pos="109.57" lane="3/1to3/2_0" slope="0.00"/>
        <vehicle id="5" x="201.65" y="292.50" angle="180.00" type="DEFAULT_VEHTYPE" speed="13.13" pos="87.75" lane="1/1to1/2_0" slope="0.00"/>
        <vehicle id="6" x="601.65" y="231.92" angle="180.00" type="DEFAULT_VEHTYPE" speed="13.12" pos="27.17" lane="3/1to3/2_0" slope="0.00"/>
        <vehicle id="7" x="398.35" y="288.50" angle="0.00" type="DEFAULT_VEHTYPE" speed="13.63" pos="106.75" lane="2/2to2/1_0" slope="0.00"/>
        <vehicle id="8" x="198.35" y="24.76" angle="0.00" type="DEFAULT_VEHTYPE" speed="12.84" pos="170.49" lane="1/1to1/0_0" slope="0.00"/>
        <vehicle id="9" x="307.82" y="201.65" angle="-90.00" type="DEFAULT_VEHTYPE" speed="12.62" pos="87.43" lane="2/1to1/1_0" slope="0.00"/>
    </timestep>
    <timestep time="147.00">
        <vehicle id="0" x="54.98" y="198.35" angle="90.00" type="DEFAULT_VEHTYPE" speed="13.15" pos="54.98" lane="0/1to1/1_0" slope="0.00"/>
        <vehicle id="1" x="431.88" y="401.65" angle="-90.00" type="DEFAULT_VEHTYPE" speed="11.54" pos="163.37" lane="3/2to2/2_0" slope="0.00"/>
        <vehicle id="11" x="388.70" y="598.35" angle="90.00" type="DEFAULT_VEHTYPE" speed="4.15" pos="183.95" lane="1/3to2/3_0" slope="0.00"/>
        <vehicle id="12" x="398.35" y="17.75" angle="0.00" type="DEFAULT_VEHTYPE" speed="13.03" pos="177.50" lane="2/1to2/0_0" slope="0.00"/>
        <vehicle id="14" x="401.65" y="646.29" angle="180.00" type="DEFAULT_VEHTYPE" speed="13.56" pos="41.54" lane="2/3to2/4_0" slope="0.00"/>
        <vehicle id="15" x="614.97" y="198.35" angle="90.00" type="DEFAULT_VEHTYPE" speed="10.63" pos="10.22" lane="3/1to4/1_0" slope="0.00"/>
        <vehicle id="16" x="6.26" y="398.35" angle="90.00" type="DEFAULT_VEHTYPE" speed="12.62" pos="6.26" lane="0/2to1/2_0" slope="0.00"/>
        <vehicle id="17" x="201.65" y="572.44" angle="180.00" type="DEFAULT_VEHTYPE" speed="13.29" pos="167.69" lane="1/2to1/3_0" slope="0.00"/>
        <vehicle id="18" x="201.65" y="491.96" angle="180.00" type="DEFAULT_VEHTYPE" speed="13.20" pos="87.21" lane="1/2to1/3_0" slope="0.00"/>
        <vehicle id="19" x="401.65" y="612.16" angle="180.00" type="DEFAULT_VEHTYPE" speed="9.05" pos="7.41" lane="2/3to2/4_0" slope="0.00"/>
        <vehicle id="2" x="551.97" y="401.65" angle="-90.00" type="DEFAULT_VEHTYPE" speed="13.13" pos="43.28" lane="3/2to2/2_0" slope="0.00"/>
        <vehicle id="20" x="198.54" y="396.61" angle="-31.01" type="DEFAULT_VEHTYPE" speed="7.92" pos="8.95" lane=":1/2_6_0" slope="0.00"/>
        <vehicle id="21" x="198.35" y="66.27" angle="0.00" type="DEFAULT_VEHTYPE" speed="13.89" pos="128.98" lane="1/1to1/0_0" slope="0.00"/>
        <vehicle id="22" x="405.26" y="401.65" angle="-90.00" type="DEFAULT_VEHTYPE" speed="4.25" pos="189.99" lane="3/2to2/2_0" slope="0.00"/>
        <vehicle id="23" x="601.65" y="387.17" angle="180.00" type="DEFAULT_VEHTYPE" speed="6.29" pos="182.42" lane="3/1to3/2_0" slope="0.00"/>
        <vehicle id="24" x="198.35" y="125.18" angle="0.00" type="DEFAULT_VEHTYPE" speed="12.61" pos="70.07" lane="1/1to1/0_0" slope="0.00"/>
        <vehicle id="3" x="601.65" y="273.19" angle="180.00" type="DEFAULT_VEHTYPE" speed="13.41" pos="68.44" lane="3/1to3/2_0" slope="0.00"/>
        <vehicle id="4" x="601.65" y="327.02" angle="180.00" type="DEFAULT_VEHTYPE" speed="12.70" pos="122.27" lane="3/1to3/2_0" slope="0.00"/>
        <vehicle id="5" x="201.65" y="305.26" angle="180.00" type="DEFAULT_VEHTYPE" speed="12.76" pos="100.51" lane="1/1to1/2_0" slope="0.00"/>
        <vehicle id="6" x="601.65" y="244.95" angle="180.00" type="DEFAULT_VEHTYPE" speed="13.02" pos="40.20" lane="3/1to3/2_0" slope="0.00"/>
        <vehicle id="7" x="398.35" y="274.82" angle="0.00" type="DEFAULT_VEHTYPE" speed="13.68" pos="120.43" lane="2/2to2/1_0" slope="0.00"/>
        <vehicle id="8" x="198.35" y="12.10" angle="0.00" type="DEFAULT_VEHTYPE" speed="12.65" pos="183.15" lane="1/1to1/0_0" slope="0.00"/>
        <vehicle id="9" x="294.10" y="201.65" angle="-90.00" type="DEFAULT_VEHTYPE" speed="13.71" pos="101.15" lane="2/1to1/1_0" slope="0.00"/>
    </timestep>
    <timestep time="148.00">
        <vehicle id="0" x="68.36" y="198.35" angle="90.00" type="DEFAULT_VEHTYPE" speed="13.39" pos="68.36" lane="0/1to1/1_0" slope="0.00"/>
        <vehicle id="1" x="423.22" y="401.65" angle="-90.00" type="DEFAULT_VEHTYPE" speed="8.67" pos="172.03" lane="3/2to2/2_0" slope="0.00"/>
        <vehicle id="11" x="394.96" y="598.35" angle="90.00" type="DEFAULT_VEHTYPE" speed="6.26" pos="190.21" lane="1/3to2/3_0" slope="0.00"/>
        <vehicle id="12" x="398.35" y="4.41" angle="0.00" type="DEFAULT_VEHTYPE" speed="13.34" pos="190.84" lane="2/1to2/0_0" slope="0.00"/>
        <vehicle id="14" x="401.65" y="659.17" angle="180.00" type="DEFAULT_VEHTYPE" speed="12.88" pos="54.42" lane="2/3to2/4_0" slope="0.00"/>
        <vehicle id="15" x="627.00" y="198.35" angle="90.00" type="DEFAULT_VEHTYPE" speed="12.03" pos="22.25" lane="3/1to4/1_0" slope="0.00"/>
        <vehicle id="16" x="19.38" y="398.35" angle="90.00" type="DEFAULT_VEHTYPE" speed="13.12" pos="19.38" lane="0/2to1/2_0" slope="0.00"/>
        <vehicle id="17" x="201.65" y="585.91" angle="180.00" type="DEFAULT_VEHTYPE" speed="13.47" pos="181.16" lane="1/2to1/3_0" slope="0.00"/>
        <vehicle id="18" x="201.65" y="505.20" angle="180.00" type="DEFAULT_VEHTYPE" speed="13.24" pos="100.45" lane="1/2to1/3_0" slope="0.00"/>
        <vehicle id="19" x="401.65" y="622.95" angle="180.00" type="DEFAULT_VEHTYPE" speed="10.79" pos="18.20" lane="2/3to2/4_0" slope="0.00"/>
        <vehicle id="2" x="538.68" y="401.65" angle="-90.00" type="DEFAULT_VEHTYPE" speed="13.28" pos="56.57" lane="3/2to2/2_0" slope="0.00"/>
        <vehicle id="20" x="198.35" y="386.92" angle="0.00" type="DEFAULT_VEHTYPE" speed="9.70" pos="8.33" lane="1/2to1/1_0" slope="0.00"/>
        <vehicle id="21" x="198.35" y="53.14" angle="0.00" type="DEFAULT_VEHTYPE" speed="13.14" pos="142.11" lane="1/1to1/0_0" slope="0.00"/>
        <vehicle id="22" x="399.48" y="399.27" angle="-62.15" type="DEFAULT_VEHTYPE" speed="6.57" pos="6.07" lane=":2/2_6_0" slope="0.00"/>
        <vehicle id="23" x="601.65" y="389.83" angle="180.00" type="DEFAULT_VEHTYPE" speed="2.67" pos="185.08" lane="3/1to3/2_0" slope="0.00"/>
        <vehicle id="24" x="198.35" y="111.59" angle="0.00" type="DEFAULT_VEHTYPE" speed="13.59" pos="83.66" lane="1/1to1/0_0" slope="0.00"/>
        <vehicle id="3" x="601.65" y="287.00" angle="180.00" type="DEFAULT_VEHTYPE" speed="13.81" pos="82.25" lane="3/1to3/2_0" slope="0.00"/>
        <vehicle id="4" x="601.65" y="340.71" angle="180.00" type="DEFAULT_VEHTYPE" speed="13.68" pos="135.96" lane="3/1to3/2_0" slope="0.00"/>
        <vehicle id="5" x="201.65" y="318.31" angle="180.00" type="DEFAULT_VEHTYPE" speed="13.05" pos="113.56" lane="1/1to1/2_0" slope="0.00"/>
        <vehicle id="6" x="601.65" y="258.83" angle="180.00" type="DEFAULT_VEHTYPE" speed="13.88" pos="54.08" lane="3/1to3/2_0" slope="0.00"/>
        <vehicle id="7" x="398.35" y="261.53" angle="0.00" type="DEFAULT_VEHTYPE" speed="13.29" pos="133.72" lane="2/2to2/1_0" slope="0.00"/>
        <vehicle id="8" x="199.26" y="-1.28" angle="10.96" type="DEFAULT_VEHTYPE" speed="13.69" pos="1.59" lane=":1/0_0_0" slope="0.00"/>
        <vehicle id="9" x="280.60" y="201.65" angle="-90.00" type="DEFAULT_VEHTYPE" speed="13.50" pos="114.65" lane="2/1to1/1_0" slope="0.00"/>
    </timestep>
    <timestep time="149.00">
        <vehicle id="0" x="81.08" y="198.35" angle="90.00" type="DEFAULT_VEHTYPE" speed="12.71" pos="81.08" lane="0/1to1/1_0" slope="0.00"/>
        <vehicle id="1" x="415.30" y="401.65" angle="-90.00" type="DEFAULT_VEHTYPE" speed="7.92" pos="179.95" lane="3/2to2/2_0" slope="0.00"/>
        <vehicle id="11" x="401.40" y="603.00" angle="144.85" type="DEFAULT_VEHTYPE" speed="8.84" pos="8.55" lane=":2/3_14_0" slope="0.00"/>
        <vehicle id="12" x="401.65" y="4.16" angle="174.52" type="DEFAULT_VEHTYPE" speed="13.39" pos="4.16" lane="2/0to2/1_0" slope="0.00"/>
        <vehicle id="14" x="401.65" y="672.65" angle="180.00" type="DEFAULT_VEHTYPE" speed="13.48" pos="67.90" lane="2/3to2/4_0" slope="0.00"/>
        <vehicle id="15" x="640.11" y="198.35" angle="90.00" type="DEFAULT_VEHTYPE" speed="13.11" pos="35.36" lane="3/1to4/1_0" slope="0.00"/>
        <vehicle id="16" x="32.49" y="398.35" angle="90.00" type="DEFAULT_VEHTYPE" speed="13.11" pos="32.49" lane="0/2to1/2_0" slope="0.00"/>
        <vehicle id="17" x="203.67" y="598.20" angle="153.48" type="DEFAULT_VEHTYPE" speed="13.25" pos="3.91" lane=":1/3_8_0" slope="0.00"/>
        <vehicle id="18" x="201.65" y="518.28" angle="180.00" type="DEFAULT_VEHTYPE" speed="13.08" pos="113.53" lane="1/2to1/3_0" slope="0.00"/>
        <vehicle id="19" x="401.65" y="635.55" angle="180.00" type="DEFAULT_VEHTYPE" speed="12.60" pos="30.80" lane="2/3to2/4_0" slope="0.00"/>
        <vehicle id="2" x="525.78" y="401.65" angle="-90.00" type="DEFAULT_VEHTYPE" speed="12.90" pos="69.47" lane="3/2to2/2_0" slope="0.00"/>
        <vehicle id="20" x="198.35" y="375.60" angle="0.00" type="DEFAULT_VEHTYPE" speed="11.32" pos="19.65" lane="1/2to1/1_0" slope="0.00"/>
        <vehicle id="21" x="198.35" y="39.58" angle="0.00" type="DEFAULT_VEHTYPE" speed="13.56" pos="155.67" lane="1/1to1/0_0" slope="0.00"/>
        <vehicle id="22" x="398.35" y="390.47" angle="-0.37" type="DEFAULT_VEHTYPE" speed="9.03" pos="4.78" lane="2/2to2/1_0" slope="0.00"/>
        <vehicle id="23" x="601.65" y="394.40" angle="180.00" type="DEFAULT_VEHTYPE" speed="4.57" pos="189.65" lane="3/1to3/2_0" slope="0.00"/>
        <vehicle id="24" x="198.35" y="97.73" angle="0.00" type="DEFAULT_VEHTYPE" speed="13.85" pos="97.52" lane="1/1to1/0_0" slope="0.00"/>
        <vehicle id="3" x="601.65" y="299.65" angle="180.00" type="DEFAULT_VEHTYPE" speed="12.65" pos="94.90" lane="3/1to3/2_0" slope="0.00"/>
        <vehicle id="4" x="601.65" y="354.57" angle="180.00" type="DEFAULT_VEHTYPE" speed="13.86" pos="149.82" lane="3/1to3/2_0" slope="0.00"/>
        <vehicle id="5" x="201.65" y="331.18" angle="180.00" type="DEFAULT_VEHTYPE" speed="12.87" pos="126.43" lane="1/1to1/2_0" slope="0.00"/>
        <vehicle id="6" x="601.65" y="271.82" angle="180.00" type="DEFAULT_VEHTYPE" speed="12.99" pos="67.07" lane="3/1to3/2_0" slope="0.00"/>
        <vehicle id="7" x="398.35" y="247.67" angle="0.00" type="DEFAULT_VEHTYPE" speed="13.87" pos="147.58" lane="2/2to2/1_0" slope="0.00"/>
        <vehicle id="8" x="201.65" y="10.18" angle="180.00" type="DEFAULT_VEHTYPE" speed="13.42" pos="10.18" lane="1/0to1/1_0" slope="0.00"/>
        <vehicle id="9" x="267.33" y="201.65" angle="-90.00" type="DEFAULT_VEHTYPE" speed="13.28" pos="127.92" lane="2/1to1/1_0" slope="0.00"/>
    </timestep>
    <timestep time="150.00">
        <vehicle id="0" x="94.47" y="198.35" angle="90.00" type="DEFAULT_VEHTYPE" speed="13.39" pos="94.47" lane="0/1to1/1_0" slope="0.00"/>
        <vehicle id="1" x="410.63" y="401.65" angle="-90.00" type="DEFAULT_VEHTYPE" speed="4.67" pos="184.62" lane="3/2to2/2_0" slope="0.00"/>
        <vehicle id="11" x="401.65" y="614.02" angle="180.00" type="DEFAULT_VEHTYPE" speed="11.03" pos="9.27" lane="2/3to2/4_0" slope="0.00"/>
        <vehicle id="12" x="401.65" y="17.05" angle="180.00" type="DEFAULT_VEHTYPE" speed="12.89" pos="17.05" lane="2/0to2/1_0" slope="0.00"/>
        <vehicle id="14" x="401.65" y="686.44" angle="180.00" type="DEFAULT_VEHTYPE" speed="13.79" pos="81.69" lane="2/3to2/4_0" slope="0.00"/>
        <vehicle id="15" x="652.91" y="198.35" angle="90.00" type="DEFAULT_VEHTYPE" speed="12.80" pos="48.16" lane="3/1to4/1_0" slope="0.00"/>
        <vehicle id="16" x="45.34" y="398.35" angle="90.00" type="DEFAULT_VEHTYPE" speed="12.85" pos="45.34" lane="0/2to1/2_0" slope="0.00"/>
        <vehicle id="17" x="217.50" y="598.35" angle="90.00" type="DEFAULT_VEHTYPE" speed="13.84" pos="12.75" lane="1/3to2/3_0" slope="0.00"/>
        <vehicle id="18" x="201.65" y="531.80" angle="180.00" type="DEFAULT_VEHTYPE" speed="13.52" pos="127.05" lane="1/2to1/3_0" slope="0.00"/>
        <vehicle id="19" x="401.65" y="649.19" angle="180.00" type="DEFAULT_VEHTYPE" speed="13.65" pos="44.44" lane="2/3to2/4_0" slope="0.00"/>
        <vehicle id="2" x="513.09" y="401.65" angle="-90.00" type="DEFAULT_VEHTYPE" speed="12.70" pos="82.16" lane="3/2to2/2_0" slope="0.00"/>
        <vehicle id="20" x="198.35" y="362.32" angle="0.00" type="DEFAULT_VEHTYPE" speed="13.29" pos="32.93" lane="1/2to1/1_0" slope="0.00"/>
        <vehicle id="21" x="198.35" y="26.45" angle="0.00" type="DEFAULT_VEHTYPE" speed="13.13" pos="168.80" lane="1/1to1/0_0" slope="0.00"/>
        <vehicle id="22" x="398.35" y="378.90" angle="0.00" type="DEFAULT_VEHTYPE" speed="11.58" pos="16.35" lane="2/2to2/1_0" slope="0.00"/>
        <vehicle id="23" x="599.95" y="400.11" angle="-160.12" type="DEFAULT_VEHTYPE" speed="6.12" pos="5.27" lane=":3/2_10_0" slope="0.00"/>
        <vehicle id="24" x="198.35" y="84.76" angle="0.00" type="DEFAULT_VEHTYPE" speed="12.97" pos="110.49" lane="1/1to1/0_0" slope="0.00"/>
        <vehicle id="3" x="601.65" y="313.39" angle="180.00" type="DEFAULT_VEHTYPE" speed="13.74" pos="108.64" lane="3/1to3/2_0" slope="0.00"/>
        <vehicle id="4" x="601.65" y="367.70" angle="180.00" type="DEFAULT_VEHTYPE" speed="13.13" pos="162.95" lane="3/1to3/2_0" slope="0.00"/>
        <vehicle id="5" x="201.65" y="344.92" angle="180.00" type="DEFAULT_VEHTYPE" speed="13.74" pos="140.17" lane="1/1to1/2_0" slope="0.00"/>
        <vehicle id="6" x="601.65" y="285.22" angle="180.00" type="DEFAULT_VEHTYPE" speed="13.40" pos="80.47" lane="3/1to3/2_0" slope="0.00"/>
        <vehicle id="7" x="398.35" y="235.04" angle="0.00" type="DEFAULT_VEHTYPE" speed="12.63" pos="160.21" lane="2/2to2/1_0" slope="0.00"/>
        <vehicle id="8" x="201.65" y="23.14" angle="180.00" type="DEFAULT_VEHTYPE" speed="12.96" pos="23.14" lane="1/0to1/1_0" slope="0.00"/>
        <vehicle id="9" x="253.89" y="201.65" angle="-90.00" type="DEFAULT_VEHTYPE" speed="13.44" pos="141.36" lane="2/1to1/1_0" slope="0.00"/>
    </timestep>
    <timestep time="151.00">
        <vehicle id="0" x="107.24" y="198.35" angle="90.00" type="DEFAULT_VEHTYPE" speed="12.78" pos="107.24" lane="0/1to1/1_0" slope="0.00"/>
        <vehicle id="1" x="404.48" y="401.65" angle="-90.00" type="DEFAULT_VEHTYPE" speed="6.15" pos="0.27" lane=":2/2_5_0" slope="0.00"/>
        <vehicle id="11" x="401.65" y="626.84" angle="180.00" type="DEFAULT_VEHTYPE" speed="12.83" pos="22.09" lane="2/3to2/4_0" slope="0.00"/>
        <vehicle id="12" x="401.65" y="30.93" angle="180.00" type="DEFAULT_VEHTYPE" speed="13.88" pos="30.93" lane="2/0to2/1_0" slope="0.00"/>
        <vehicle id="14" x="401.65" y="699.18" angle="180.00" type="DEFAULT_VEHTYPE" speed="12.73" pos="94.43" lane="2/3to2/4_0" slope="0.00"/>
        <vehicle id="15" x="665.91" y="198.35" angle="90.00" type="DEFAULT_VEHTYPE" speed="13.01" pos="61.16" lane="3/1to4/1_0" slope="0.00"/>
        <vehicle id="16" x="58.71" y="398.35" angle="90.00" type="DEFAULT_VEHTYPE" speed="13.37" pos="58.71" lane="0/2to1/2_0" slope="0.00"/>
        <vehicle id="17" x="230.86" y="598.35" angle="90.00" type="DEFAULT_VEHTYPE" speed="13.36" pos="26.11" lane="1/3to2/3_0" slope="0.00"/>
        <vehicle id="18" x="201.65" y="544.42" angle="180.00" type="DEFAULT_VEHTYPE" speed="12.62" pos="139.67" lane="1/2to1/3_0" slope="0.00"/>
        <vehicle id="19" x="401.65" y="662.08" angle="180.00" type="DEFAULT_VEHTYPE" speed="12.88" pos="57.33" lane="2/3to2/4_0" slope="0.00"/>
        <vehicle id="2" x="499.71" y="401.65" angle="-90.00" type="DEFAULT_VEHTYPE" speed="13.38" pos="95.54" lane="3/2to2/2_0" slope="0.00"/>
        <vehicle id="20" x="198.35" y="348.77" angle="0.00" type="DEFAULT_VEHTYPE" speed="13.55" pos="46.48" lane="1/2to1/1_0" slope="0.00"/>
        <vehicle id="21" x="198.35" y="12.79" angle="0.00" type="DEFAULT_VEHTYPE" speed="13.66" pos="182.46" lane="1/1to1/0_0" slope="0.00"/>
        <vehicle id="22" x="398.35" y="365.73" angle="0.00" type="DEFAULT_VEHTYPE" speed="13.16" pos="29.52" lane="2/2to2/1_0" slope="0.00"/>
        <vehicle id="23" x="591.59" y="401.65" angle="-92.17" type="DEFAULT_VEHTYPE" speed="8.71" pos="3.66" lane="3/2to2/2_0" slope="0.00"/>
        <vehicle id="24" x="198.35" y="70.89" angle="0.00" type="DEFAULT_VEHTYPE" speed="13.87" pos="124.36" lane="1/1to1/0_0" slope="0.00"/>
        <vehicle id="3" x="601.65" y="326.88" angle="180.00" type="DEFAULT_VEHTYPE" speed="13.49" pos="122.13" lane="3/1to3/2_0" slope="0.00"/>
        <vehicle id="4" x="601.65" y="378.06" angle="180.00" type="DEFAULT_VEHTYPE" speed="10.37" pos="173.31" lane="3/1to3/2_0" slope="0.00"/>
        <vehicle id="5" x="201.65" y="357.83" angle="180.00" type="DEFAULT_VEHTYPE" speed="12.91" pos="153.08" lane="1/1to1/2_0" slope="0.00"/>
        <vehicle id="6" x="601.65" y="298.83" angle="180.00" type="DEFAULT_VEHTYPE" speed="13.61" pos="94.08" lane="3/1to3/2_0" slope="0.00"/>
        <vehicle id="7" x="398.35" y="222.41" angle="0.00" type="DEFAULT_VEHTYPE" speed="12.63" pos="172.84" lane="2/2to2/1_0" slope="0.00"/>
        <vehicle id="8" x="201.65" y="36.77" angle="180.00" type="DEFAULT_VEHTYPE" speed="13.63" pos="36.77" lane="1/0to1/1_0" slope="0.00"/>
        <vehicle id="9" x="241.06" y="201.65" angle="-90.00" type="DEFAULT_VEHTYPE" speed="12.83" pos="154.19" lane="2/1to1/1_0" slope="0.00"/>
    </timestep>
    <timestep time="152.00">
        <vehicle id="0" x="120.05" y="198.35" angle="90.00" type="DEFAULT_VEHTYPE" speed="12.81" pos="120.05" lane="0/1to1/1_0" slope="0.00"/>
        <vehicle id="1" x="396.61" y="401.65" angle="-90.00" type="DEFAULT_VEHTYPE" speed="7.87" pos="8.14" lane=":2/2_5_0" slope="0.00"/>
        <vehicle id="11" x="401.65" y="639.50" angle="180.00" type="DEFAULT_VEHTYPE" speed="12.65" pos="34.75" lane="2/3to2/4_0" slope="0.00"/>
        <vehicle id="12" x="401.65" y="44.28" angle="180.00" type="DEFAULT_VEHTYPE" speed="13.35" pos="44.28" lane="2/0to2/1_0" slope="0.00"/>
        <vehicle id="14" x="401.65" y="712.39" angle="180.00" type="DEFAULT_VEHTYPE" speed="13.21" pos="107.64" lane="2/3to2/4_0" slope="0.00"/>
        <vehicle id="15" x="679.40" y="198.35" angle="90.00" type="DEFAULT_VEHTYPE" speed="13.49" pos="74.65" lane="3/1to4/1_0" slope="0.00"/>
        <vehicle id="16" x="71.68" y="398.35" angle="90.00" type="DEFAULT_VEHTYPE" speed="12.98" pos="71.68" lane="0/2to1/2_0" slope="0.00"/>
        <vehicle id="17" x="243.84" y="598.35" angle="90.00" type="DEFAULT_VEHTYPE" speed="12.98" pos="39.09" lane="1/3to2/3_0" slope="0.00"/>
        <vehicle id="18" x="201.65" y="558.16" angle="180.00" type="DEFAULT_VEHTYPE" speed="13.74" pos="153.41" lane="1/2to1/3_0" slope="0.00"/>
        <vehicle id="19" x="401.65" y="675.93" angle="180.00" type="DEFAULT_VEHTYPE" speed="13.85" pos="71.18" lane="2/3to2/4_0" slope="0.00"/>
        <vehicle id="2" x="487.08" y="401.65" angle="-90.00" type="DEFAULT_VEHTYPE" speed="12.63" pos="108.17" lane="3/2to2/2_0" slope="0.00"/>
        <vehicle id="20" x="198.35" y="335.02" angle="0.00" type="DEFAULT_VEHTYPE" speed="13.74" pos="60.23" lane="1/2to1/1_0" slope="0.00"/>
        <vehicle id="21" x="198.93" y="-0.88" angle="6.90" type="DEFAULT_VEHTYPE" speed="13.85" pos="1.06" lane=":1/0_0_0" slope="0.00"/>
        <vehicle id="22" x="398.35" y="352.54" angle="0.00" type="DEFAULT_VEHTYPE" speed="13.19" pos="42.71" lane="2/2to2/1_0" slope="0.00"/>
        <vehicle id="23" x="580.68" y="401.65" angle="-90.00" type="DEFAULT_VEHTYPE" speed="10.91" pos="14.57" lane="3/2to2/2_0" slope="0.00"/>
        <vehicle id="24" x="198.35" y="57.78" angle="0.00" type="DEFAULT_VEHTYPE" speed="13.11" pos="137.47" lane="1/1to1/0_0" slope="0.00"/>
        <vehicle id="3" x="601.65" y="339.69" angle="180.00" type="DEFAULT_VEHTYPE" speed="12.81" pos="134.94" lane="3/1to3/2_0" slope="0.00"/>
        <vehicle id="4" x="601.65" y="384.85" angle="180.00" type="DEFAULT_VEHTYPE" speed="6.79" pos="180.10" lane="3/1to3/2_0" slope="0.00"/>
        <vehicle id="5" x="201.65" y="371.18" angle="180.00" type="DEFAULT_VEHTYPE" speed="13.35" pos="166.43" lane="1/1to1/2_0" slope="0.00"/>
        <vehicle id="6" x="601.65" y="311.49" angle="180.00" type="DEFAULT_VEHTYPE" speed="12.66" pos="106.74" lane="3/1to3/2_0" slope="0.00"/>
        <vehicle id="7" x="398.35" y="208.70" angle="0.00" type="DEFAULT_VEHTYPE" speed="13.71" pos="186.55" lane="2/2to2/1_0" slope="0.00"/>
        <vehicle id="8" x="201.65" y="50.36" angle="180.00" type="DEFAULT_VEHTYPE" speed="13.59" pos="50.36" lane="1/0to1/1_0" slope="0.00"/>
        <vehicle id="9" x="228.24" y="201.65" angle="-90.00" type="DEFAULT_VEHTYPE" speed="12.81" pos="167.01" lane="2/1to1/1_0" slope="0.00"/>
    </timestep>
    <timestep time="153.00">
        <vehicle id="0" x="132.75" y="198.35" angle="90.00" type="DEFAULT_VEHTYPE" speed="12.70" pos="132.75" lane="0/1to1/1_0" slope="0.00"/>
        <vehicle id="1" x="387.36" y="401.65" angle="-90.00" type="DEFAULT_VEHTYPE" speed="9.25" pos="7.89" lane="2/2to1/2_0" slope="0.00"/>
        <vehicle id="11" x="401.65" y="652.27" angle="180.00" type="DEFAULT_VEHTYPE" speed="12.77" pos="47.52" lane="2/3to2/4_0" slope="0.00"/>
        <vehicle id="12" x="401.65" y="57.60" angle="180.00" type="DEFAULT_VEHTYPE" speed="13.32" pos="57.60" lane="2/0to2/1_0" slope="0.00"/>
        <vehicle id="14" x="401.65" y="725.13" angle="180.00" type="DEFAULT_VEHTYPE" speed="12.74" pos="120.38" lane="2/3to2/4_0" slope="0.00"/>
        <vehicle id="15" x="692.80" y="198.35" angle="90.00" type="DEFAULT_VEHTYPE" speed="13.39" pos="88.05" lane="3/1to4/1_0" slope="0.00"/>
        <vehicle id="16" x="85.20" y="398.35" angle="90.00" type="DEFAULT_VEHTYPE" speed="13.52" pos="85.20" lane="0/2to1/2_0" slope="0.00"/>
        <vehicle id="17" x="257.07" y="598.35" angle="90.00" type="DEFAULT_VEHTYPE" speed="13.23" pos="52.32" lane="1/3to2/3_0" slope="0.00"/>
        <vehicle id="18" x="201.65" y="571.25" angle="180.00" type="DEFAULT_VEHTYPE" speed="13.09" pos="166.50" lane="1/2to1/3_0" slope="0.00"/>
        <vehicle id="19" x="401.65" y="689.76" angle="180.00" type="DEFAULT_VEHTYPE" speed="13.83" pos="85.01" lane="2/3to2/4_0" slope="0.00"/>
        <vehicle id="2" x="474.14" y="401.65" angle="-90.00" type="DEFAULT_VEHTYPE" speed="12.94" pos="121.11" lane="3/2to2/2_0" slope="0.00"/>
        <vehicle id="20" x="198.35" y="322.22" angle="0.00" type="DEFAULT_VEHTYPE" speed="12.81" pos="73.03" lane="1/2to1/1_0" slope="0.00"/>
        <vehicle id="21" x="201.65" y="9.45" angle="180.00" type="DEFAULT_VEHTYPE" speed="13.21" pos="9.45" lane="1/0to1/1_0" slope="0.00"/>
        <vehicle id="22" x="398.35" y="339.74" angle="0.00" type="DEFAULT_VEHTYPE" speed="12.80" pos="55.51" lane="2/2to2/1_0" slope="0.00"/>
        <vehicle id="23" x="567.68" y="401.65" angle="-90.00" type="DEFAULT_VEHTYPE" speed="13.00" pos="27.57" lane="3/2to2/2_0" slope="0.00"/>
        <vehicle id="24" x="198.35" y="45.01" angle="0.00" type="DEFAULT_VEHTYPE" speed="12.78" pos="150.24" lane="1/1to1/0_0" slope="0.00"/>
        <vehicle id="3" x="601.65" y="353.32" angle="180.00" type="DEFAULT_VEHTYPE" speed="13.64" pos="148.57" lane="3/1to3/2_0" slope="0.00"/>
        <vehicle id="4" x="601.65" y="388.91" angle="180.00" type="DEFAULT_VEHTYPE" speed="4.06" pos="184.16" lane="3/1to3/2_0" slope="0.00"/>
        <vehicle id="5" x="201.65" y="384.54" angle="180.00" type="DEFAULT_VEHTYPE" speed="13.36" pos="179.79" lane="1/1to1/2_0" slope="0.00"/>
        <vehicle id="6" x="601.65" y="324.57" angle="180.00" type="DEFAULT_VEHTYPE" speed="13.09" pos="119.82" lane="3/1to3/2_0" slope="0.00"/>
        <vehicle id="7" x="390.91" y="201.65" angle="-88.94" type="DEFAULT_VEHTYPE" speed="13.29" pos="4.34" lane="2/1to1/1_0" slope="0.00"/>
        <vehicle id="8" x="201.65" y="63.82" angle="180.00" type="DEFAULT_VEHTYPE" speed="13.46" pos="63.82" lane="1/0to1/1_0" slope="0.00"/>
        <vehicle id="9" x="218.39" y="201.65" angle="-90.00" type="DEFAULT_VEHTYPE" speed="9.85" pos="176.86" lane="2/1to1/1_0" slope="0.00"/>
    </timestep>
    <timestep time="154.00">
        <vehicle id="0" x="146.43" y="198.35" angle="90.00" type="DEFAULT_VEHTYPE" speed="13.68" pos="146.43" lane="0/1to1/1_0" slope="0.00"/>
        <vehicle id="1" x="376.65" y="401.65" angle="-90.00" type="DEFAULT_VEHTYPE" speed="10.71" pos="18.60" lane="2/2to1/2_0" slope="0.00"/>
        <vehicle id="11" x="401.65" y="665.14" angle="180.00" type="DEFAULT_VEHTYPE" speed="12.87" pos="60.39" lane="2/3to2/4_0" slope="0.00"/>
        <vehicle id="12" x="401.65" y="70.75" angle="180.00" type="DEFAULT_VEHTYPE" speed="13.15" pos="70.75" lane="2/0to2/1_0" slope="0.00"/>
        <vehicle id="14" x="401.65" y="739.02" angle="180.00" type="DEFAULT_VEHTYPE" speed="13.89" pos="134.27" lane="2/3to2/4_0" slope="0.00"/>
        <vehicle id="15" x="706.33" y="198.35" angle="90.00" type="DEFAULT_VEHTYPE" speed="13.54" pos="101.58" lane="3/1to4/1_0" slope="0.00"/>
        <vehicle id="16" x="99.07" y="398.35" angle="90.00" type="DEFAULT_VEHTYPE" speed="13.87" pos="99.07" lane="0/2to1/2_0" slope="0.00"/>
        <vehicle id="17" x="269.88" y="598.35" angle="90.00" type="DEFAULT_VEHTYPE" speed="12.81" pos="65.13" lane="1/3to2/3_0" slope="0.00"/>
        <vehicle id="18" x="201.65" y="585.07" angle="180.00" type="DEFAULT_VEHTYPE" speed="13.82" pos="180.32" lane="1/2to1/3_0" slope="0.00"/>
        <vehicle id="19" x="401.65" y="702.89" angle="180.00" type="DEFAULT_VEHTYPE" speed="13.14" pos="98.14" lane="2/3to2/4_0" slope="0.00"/>
        <vehicle id="2" x="461.22" y="401.65" angle="-90.00" type="DEFAULT_VEHTYPE" speed="12.92" pos="134.03" lane="3/2to2/2_0" slope="0.00"/>
        <vehicle id="20" x="198.35" y="308.95" angle="0.00" type="DEFAULT_VEHTYPE" speed="13.27" pos="86.30" lane="1/2to1/1_0" slope="0.00"/>
        <vehicle id="21" x="201.65" y="22.06" angle="180.00" type="DEFAULT_VEHTYPE" speed="12.61" pos="22.06" lane="1/0to1/1_0" slope="0.00"/>
        <vehicle id="22" x="398.35" y="326.74" angle="0.00" type="DEFAULT_VEHTYPE" speed="13.00" pos="68.51" lane="2/2to2/1_0" slope="0.00"/>
        <vehicle id="23" x="554.58" y="401.65" angle="-90.00" type="DEFAULT_VEHTYPE" speed="13.10" pos="40.67" lane="3/2to2/2_0" slope="0.00"/>
        <vehicle id="24" x="198.35" y="32.09" angle="0.00" type="DEFAULT_VEHTYPE" speed="12.92" pos="163.16" lane="1/1to1/0_0" slope="0.00"/>
        <vehicle id="3" x="601.65" y="364.66" angle="180.00" type="DEFAULT_VEHTYPE" speed="11.34" pos="159.91" lane="3/1to3/2_0" slope="0.00"/>
        <vehicle id="4" x="601.65" y="395.09" angle="180.00" type="DEFAULT_VEHTYPE" speed="6.18" pos="190.34" lane="3/1to3/2_0" slope="0.00"/>
        <vehicle id="5" x="201.65" y="397.17" angle="180.00" type="DEFAULT_VEHTYPE" speed="12.62" pos="1.92" lane=":1/2_9_0" slope="0.00"/>
        <vehicle id="6" x="601.65" y="338.23" angle="180.00" type="DEFAULT_VEHTYPE" speed="13.66" pos="133.48" lane="3/1to3/2_0" slope="0.00"/>
        <vehicle id="7" x="377.19" y="201.65" angle="-90.00" type="DEFAULT_VEHTYPE" speed="13.72" pos="18.06" lane="2/1to1/1_0" slope="0.00"/>
        <vehicle id="8" x="201.65" y="77.55" angle="180.00" type="DEFAULT_VEHTYPE" speed="13.73" pos="77.55" lane="1/0to1/1_0" slope="0.00"/>
        <vehicle id="9" x="212.65" y="201.65" angle="-90.00" type="DEFAULT_VEHTYPE" speed="5.75" pos="182.60" lane="2/1to1/1_0" slope="0.00"/>
    </timestep>
    <timestep time="155.00">
        <vehicle id="0" x="159.56" y="198.35" angle="90.00" type="DEFAULT_VEHTYPE" speed="13.12" pos="159.56" lane="0/1to1/1_0" slope="0.00"/>
        <vehicle id="1" x="364.62" y="401.65" angle="-90.00" type="DEFAULT_VEHTYPE" speed="12.03" pos="30.63" lane="2/2to1/2_0" slope="0.00"/>
        <vehicle id="11" x="401.65" y="678.76" angle="180.00" type="DEFAULT_VEHTYPE" speed="13.62" pos="74.01" lane="2/3to2/4_0" slope="0.00"/>
        <vehicle id="12" x="401.65" y="83.68" angle="180.00" type="DEFAULT_VEHTYPE" speed="12.93" pos="83.68" lane="2/0to2/1_0" slope="0.00"/>
        <vehicle id="14" x="401.65" y="752.72" angle="180.00" type="DEFAULT_VEHTYPE" speed="13.70" pos="147.97" lane="2/3to2/4_0" slope="0.00"/>
        <vehicle id="15" x="719.73" y="198.35" angle="90.00" type="DEFAULT_VEHTYPE" speed="13.40" pos="114.98" lane="3/1to4/1_0" slope="0.00"/>
        <vehicle id="16" x="112.85" y="398.35" angle="90.00" type="DEFAULT_VEHTYPE" speed="13.78" pos="112.85" lane="0/2to1/2_0" slope="0.00"/>
        <vehicle id="17" x="283.64" y="598.35" angle="90.00" type="DEFAULT_VEHTYPE" speed="13.75" pos="78.89" lane="1/3to2/3_0" slope="0.00"/>
        <vehicle id="18" x="202.87" y="597.84" angle="165.11" type="DEFAULT_VEHTYPE" speed="13.20" pos="3.02" lane=":1/3_8_0" slope="0.00"/>
        <vehicle id="19" x="401.65" y="715.90" angle="180.00" type="DEFAULT_VEHTYPE" speed="13.01" pos="111.15" lane="2/3to2/4_0" slope="0.00"/>
        <vehicle id="2" x="447.75" y="401.65" angle="-90.00" type="DEFAULT_VEHTYPE" speed="13.47" pos="147.50" lane="3/2to2/2_0" slope="0.00"/>
        <vehicle id="20" x="198.35" y="295.36" angle="0.00" type="DEFAULT_VEHTYPE" speed="13.59" pos="99.89" lane="1/2to1/1_0" slope="0.00"/>
        <vehicle id="21" x="201.65" y="35.12" angle="180.00" type="DEFAULT_VEHTYPE" speed="13.06" pos="35.12" lane="1/0to1/1_0" slope="0.00"/>
        <vehicle id="22" x="398.35" y="313.41" angle="0.00" type="DEFAULT_VEHTYPE" speed="13.33" pos="81.84" lane="2/2to2/1_0" slope="0.00"/>
        <vehicle id="23" x="541.95" y="401.65" angle="-90.00" type="DEFAULT_VEHTYPE" speed="12.63" pos="53.30" lane="3/2to2/2_0" slope="0.00"/>
        <vehicle id="24" x="198.35" y="19.26" angle="0.00" type="DEFAULT_VEHTYPE" speed="12.83" pos="175.99" lane="1/1to1/0_0" slope="0.00"/>
        <vehicle id="3" x="601.65" y="376.67" angle="180.00" type="DEFAULT_VEHTYPE" speed="12.01" pos="171.92" lane="3/1to3/2_0" slope="0.00"/>
        <vehicle id="4" x="598.11" y="401.21" angle="-138.16" type="DEFAULT_VEHTYPE" speed="7.58" pos="0.28" lane=":3/2_18_0" slope="0.00"/>
        <vehicle id="5" x="201.65" y="410.21" angle="180.00" type="DEFAULT_VEHTYPE" speed="13.05" pos="5.46" lane="1/2to1/3_0" slope="0.00"/>
        <vehicle id="6" x="601.65" y="351.13" angle="180.00" type="DEFAULT_VEHTYPE" speed="12.90" pos="146.38" lane="3/1to3/2_0" slope="0.00"/>
        <vehicle id="7" x="363.89" y="201.65" angle="-90.00" type="DEFAULT_VEHTYPE" speed="13.30" pos="31.36" lane="2/1to1/1_0" slope="0.00"/>
        <vehicle id="8" x="201.65" y="91.31" angle="180.00" type="DEFAULT_VEHTYPE" speed="13.77" pos="91.31" lane="1/0to1/1_0" slope="0.00"/>
        <vehicle id="9" x="209.74" y="201.65" angle="-90.00" type="DEFAULT_VEHTYPE" speed="2.91" pos="185.51" lane="2/1to1/1_0" slope="0.00"/>
    </timestep>
    <timestep time="156.00">
        <vehicle id="0" x="172.03" y="198.35" angle="90.00" type="DEFAULT_VEHTYPE" speed="12.47" pos="172.03" lane="0/1to1/1_0" slope="0.00"/>
        <vehicle id="1" x="351.94" y="401.65" angle="-90.00" type="DEFAULT_VEHTYPE" speed="12.68" pos="43.31" lane="2/2to1/2_0" slope="0.00"/>
        <vehicle id="11" x="401.65" y="691.86" angle="180.00" type="DEFAULT_VEHTYPE" speed="13.10" pos="87.11" lane="2/3to2/4_0" slope="0.00"/>
        <vehicle id="12" x="401.65" y="97.36" angle="180.00" type="DEFAULT_VEHTYPE" speed="13.68" pos="97.36" lane="2/0to2/1_0" slope="0.00"/>
        <vehicle id="14" x="401.65" y="766.15" angle="180.00" type="DEFAULT_VEHTYPE" speed="13.43" pos="161.40" lane="2/3to2/4_0" slope="0.00"/>
        <vehicle id="15" x="732.46" y="198.35" angle="90.00" type="DEFAULT_VEHTYPE" speed="12.73" pos="127.71" lane="3/1to4/1_0" slope="0.00"/>
        <vehicle id="16" x="126.33" y="398.35" angle="90.00" type="DEFAULT_VEHTYPE" speed="13.47" pos="126.33" lane="0/2to1/2_0" slope="0.00"/>
        <vehicle id="17" x="296.62" y="598.35" angle="90.00" type="DEFAULT_VEHTYPE" speed="12.98" pos="91.87" lane="1/3to2/3_0" slope="0.00"/>
        <vehicle id="18" x="215.49" y="598.35" angle="90.00" type="DEFAULT_VEHTYPE" speed="12.72" pos="10.74" lane="1/3to2/3_0" slope="0.00"/>
        <vehicle id="19" x="401.65" y="728.97" angle="180.00" type="DEFAULT_VEHTYPE" speed="13.07" pos="124.22" lane="2/3to2/4_0" slope="0.00"/>
        <vehicle id="2" x="434.47" y="401.65" angle="-90.00" type="DEFAULT_VEHTYPE" speed="13.28" pos="160.78" lane="3/2to2/2_0" slope="0.00"/>
        <vehicle id="20" x="198.35" y="281.93" angle="0.00" type="DEFAULT_VEHTYPE" speed="13.43" pos="113.32" lane="1/2to1/1_0" slope="0.00"/>
        <vehicle id="21" x="201.65" y="48.70" angle="180.00" type="DEFAULT_VEHTYPE" speed="13.58" pos="48.70" lane="1/0to1/1_0" slope="0.00"/>
        <vehicle id="22" x="398.35" y="300.80" angle="0.00" type="DEFAULT_VEHTYPE" speed="12.62" pos="94.45" lane="2/2to2/1_0" slope="0.00"/>
        <vehicle id="23" x="528.99" y="401.65" angle="-90.00" type="DEFAULT_VEHTYPE" speed="12.95" pos="66.26" lane="3/2to2/2_0" slope="0.00"/>
        <vehicle id="24" x="198.35" y="6.37" angle="0.00" type="DEFAULT_VEHTYPE" speed="12.88" pos="188.88" lane="1/1to1/0_0" slope="0.00"/>
        <vehicle id="3" x="601.65" y="384.84" angle="180.00" type="DEFAULT_VEHTYPE" speed="8.17" pos="180.09" lane="3/1to3/2_0" slope="0.00"/>
        <vehicle id="4" x="588.55" y="401.65" angle="-90.00" type="DEFAULT_VEHTYPE" speed="9.61" pos="6.70" lane="3/2to2/2_0" slope="0.00"/>
        <vehicle id="5" x="201.65" y="423.98" angle="180.00" type="DEFAULT_VEHTYPE" speed="13.76" pos="19.23" lane="1/2to1/3_0" slope="0.00"/>
        <vehicle id="6" x="601.65" y="363.93" angle="180.00" type="DEFAULT_VEHTYPE" speed="12.80" pos="159.18" lane="3/1to3/2_0" slope="0.00"/>
        <vehicle id="7" x="350.63" y="201.65" angle="-90.00" type="DEFAULT_VEHTYPE" speed="13.26" pos="44.62" lane="2/1to1/1_0" slope="0.00"/>
        <vehicle id="8" x="201.65" y="104.43" angle="180.00" type="DEFAULT_VEHTYPE" speed="13.12" pos="104.43" lane="1/0to1/1_0" slope="0.00"/>
        <vehicle id="9" x="204.33" y="201.71" angle="-90.67" type="DEFAULT_VEHTYPE" speed="5.41" pos="0.42" lane=":1/1_4_0" slope="0.00"/>
    </timestep>
    <timestep time="157.00">
        <vehicle id="0" x="181.82" y="198.35" angle="90.00" type="DEFAULT_VEHTYPE" speed="9.79" pos="181.82" lane="0/1to1/1_0" slope="0.00"/>
        <vehicle id="1" x="338.76" y="401.65" angle="-90.00" type="DEFAULT_VEHTYPE" speed="13.19" pos="56.49" lane="2/2to1/2_0" slope="0.00"/>
        <vehicle id="11" x="401.65" y="705.08" angle="180.00" type="DEFAULT_VEHTYPE" speed="13.22" pos="100.33" lane="2/3to2/4_0" slope="0.00"/>
        <vehicle id="12" x="401.65" y="110.47" angle="180.00" type="DEFAULT_VEHTYPE" speed="13.11" pos="110.47" lane="2/0to2/1_0" slope="0.00"/>
        <vehicle id="14" x="401.65" y="778.99" angle="180.00" type="DEFAULT_VEHTYPE" speed="12.84" pos="174.24" lane="2/3to2/4_0" slope="0.00"/>
        <vehicle id="15" x="745.29" y="198.35" angle="90.00" type="DEFAULT_VEHTYPE" speed="12.83" pos="140.54" lane="3/1to4/1_0" slope="0.00"/>
        <vehicle id="16" x="139.44" y="398.35" angle="90.00" type="DEFAULT_VEHTYPE" speed="13.11" pos="139.44" lane="0/2to1/2_0" slope="0.00"/>
        <vehicle id="17" x="309.76" y="598.35" angle="90.00" type="DEFAULT_VEHTYPE" speed="13.14" pos="105.01" lane="1/3to2/3_0" slope="0.00"/>
        <vehicle id="18" x="228.27" y="598.35" angle="90.00" type="DEFAULT_VEHTYPE" speed="12.78" pos="23.52" lane="1/3to2/3_0" slope="0.00"/>
        <vehicle id="19" x="401.65" y="742.33" angle="180.00" type="DEFAULT_VEHTYPE" speed="13.36" pos="137.58" lane="2/3to2/4_0" slope="0.00"/>
        <vehicle id="2" x="423.35" y="401.65" angle="-90.00" type="DEFAULT_VEHTYPE" speed="11.12" pos="171.90" lane="3/2to2/2_0" slope="0.00"/>
        <vehicle id="20" x="198.35" y="268.05" angle="0.00" type="DEFAULT_VEHTYPE" speed="13.88" pos="127.20" lane="1/2to1/1_0" slope="0.00"/>
        <vehicle id="21" x="201.65" y="62.02" angle="180.00" type="DEFAULT_VEHTYPE" speed="13.33" pos="62.02" lane="1/0to1/1_0" slope="0.00"/>
        <vehicle id="22" x="398.35" y="287.80" angle="0.00" type="DEFAULT_VEHTYPE" speed="13.00" pos="107.45" lane="2/2to2/1_0" slope="0.00"/>
        <vehicle id="23" x="515.31" y="401.65" angle="-90.00" type="DEFAULT_VEHTYPE" speed="13.69" pos="79.94" lane="3/2to2/2_0" slope="0.00"/>
        <vehicle id="24" x="201.65" y="1.55" angle="136.63" type="DEFAULT_VEHTYPE" speed="12.74" pos="1.55" lane="1/0to1/1_0" slope="0.00"/>
        <vehicle id="3" x="601.65" y="388.71" angle="180.00" type="DEFAULT_VEHTYPE" speed="3.87" pos="183.96" lane="3/1to3/2_0" slope="0.00"/>
        <vehicle id="4" x="576.56" y="401.65" angle="-90.00" type="DEFAULT_VEHTYPE" speed="11.99" pos="18.69" lane="3/2to2/2_0" slope="0.00"/>
        <vehicle id="5" x="201.65" y="437.37" angle="180.00" type="DEFAULT_VEHTYPE" speed="13.39" pos="32.62" lane="1/2to1/3_0" slope="0.00"/>
        <vehicle id="6" x="601.65" y="372.75" angle="180.00" type="DEFAULT_VEHTYPE" speed="8.82" pos="168.00" lane="3/1to3/2_0" slope="0.00"/>
        <vehicle id="7" x="337.74" y="201.65" angle="-90.00" type="DEFAULT_VEHTYPE" speed="12.89" pos="57.51" lane="2/1to1/1_0" slope="0.00"/>
        <vehicle id="8" x="201.65" y="118.32" angle="180.00" type="DEFAULT_VEHTYPE" speed="13.89" pos="118.32" lane="1/0to1/1_0" slope="0.00"/>
        <vehicle id="9" x="201.65" y="206.90" angle="-166.95" type="DEFAULT_VEHTYPE" speed="6.72" pos="2.15" lane="1/1to1/2_0" slope="0.00"/>
    </timestep>
    <timestep time="158.00">
        <vehicle id="0" x="187.11" y="198.35" angle="90.00" type="DEFAULT_VEHTYPE" speed="5.29" pos="187.11" lane="0/1to1/1_0" slope="0.00"/>
        <vehicle id="1" x="324.90" y="401.65" angle="-90.00" type="DEFAULT_VEHTYPE" speed="13.85" pos="70.35" lane="2/2to1/2_0" slope="0.00"/>
        <vehicle id="11" x="401.65" y="718.40" angle="180.00" type="DEFAULT_VEHTYPE" speed="13.32" pos="113.65" lane="2/3to2/4_0" slope="0.00"/>
        <vehicle id="12" x="401.65" y="123.88" angle="180.00" type="DEFAULT_VEHTYPE" speed="13.41" pos="123.88" lane="2/0to2/1_0" slope="0.00"/>
        <vehicle id="14" x="401.65" y="792.59" angle="180.00" type="DEFAULT_VEHTYPE" speed="13.60" pos="187.84" lane="2/3to2/4_0" slope="0.00"/>
        <vehicle id="15" x="758.68" y="198.35" angle="90.00" type="DEFAULT_VEHTYPE" speed="13.39" pos="153.93" lane="3/1to4/1_0" slope="0.00"/>
        <vehicle id="16" x="152.95" y="398.35" angle="90.00" type="DEFAULT_VEHTYPE" speed="13.51" pos="152.95" lane="0/2to1/2_0" slope="0.00"/>
        <vehicle id="17" x="323.55" y="598.35" angle="90.00" type="DEFAULT_VEHTYPE" speed="13.79" pos="118.80" lane="1/3to2/3_0" slope="0.00"/>
        <vehicle id="18" x="242.01" y="598.35" angle="90.00" type="DEFAULT_VEHTYPE" speed="13.74" pos="37.26" lane="1/3to2/3_0" slope="0.00"/>
        <vehicle id="19" x="401.65" y="756.19" angle="180.00" type="DEFAULT_VEHTYPE" speed="13.86" pos="151.44" lane="2/3to2/4_0" slope="0.00"/>
        <vehicle id="2" x="415.48" y="401.65" angle="-90.00" type="DEFAULT_VEHTYPE" speed="7.87" pos="179.77" lane="3/2to2/2_0" slope="0.00"/>
        <vehicle id="20" x="198.35" y="254.62" angle="0.00" type="DEFAULT_VEHTYPE" speed="13.43" pos="140.63" lane="1/2to1/1_0" slope="0.00"/>
        <vehicle id="21" x="201.65" y="75.03" angle="180.00" type="DEFAULT_VEHTYPE" speed="13.00" pos="75.03" lane="1/0to1/1_0" slope="0.00"/>
        <vehicle id="22" x="398.35" y="274.42" angle="0.00" type="DEFAULT_VEHTYPE" speed="13.38" pos="120.83" lane="2/2to2/1_0" slope="0.00"/>
        <vehicle id="23" x="502.15" y="401.65" angle="-90.00" type="DEFAULT_VEHTYPE" speed="13.16" pos="93.10" lane="3/2to2/2_0" slope="0.00"/>
        <vehicle id="24" x="201.65" y="14.74" angle="180.00" type="DEFAULT_VEHTYPE" speed="13.19" pos="14.74" lane="1/0to1/1_0" slope="0.00"/>
        <vehicle id="3" x="601.65" y="394.86" angle="180.00" type="DEFAULT_VEHTYPE" speed="6.15" pos="190.11" lane="3/1to3/2_0" slope="0.00"/>
        <vehicle id="4" x="563.91" y="401.65" angle="-90.00" type="DEFAULT_VEHTYPE" speed="12.65" pos="31.34" lane="3/2to2/2_0" slope="0.00"/>
        <vehicle id="5" x="201.65" y="450.63" angle="180.00" type="DEFAULT_VEHTYPE" speed="13.26" pos="45.88" lane="1/2to1/3_0" slope="0.00"/>
        <vehicle id="6" x="601.65" y="377.10" angle="180.00" type="DEFAULT_VEHTYPE" speed="4.35" pos="172.35" lane="3/1to3/2_0" slope="0.00"/>
        <vehicle id="7" x="324.86" y="201.65" angle="-90.00" type="DEFAULT_VEHTYPE" speed="12.88" pos="70.39" lane="2/1to1/1_0" slope="0.00"/>
        <vehicle id="8" x="201.65" y="132.09" angle="180.00" type="DEFAULT_VEHTYPE" speed="13.77" pos="132.09" lane="1/0to1/1_0" slope="0.00"/>
        <vehicle id="9" x="201.65" y="215.75" angle="180.00" type="DEFAULT_VEHTYPE" speed="8.85" pos="11.00" lane="1/1to1/2_0" slope="0.00"/>
    </timestep>
    <timestep time="159.00">
        <vehicle id="0" x="190.41" y="198.35" angle="90.00" type="DEFAULT_VEHTYPE" speed="3.29" pos="190.41" lane="0/1to1/1_0" slope="0.00"/>
        <vehicle id="1" x="311.28" y="401.65" angle="-90.00" type="DEFAULT_VEHTYPE" speed="13.62" pos="83.97" lane="2/2to1/2_0" slope="0.00"/>
        <vehicle id="11" x="401.65" y="731.82" angle="180.00" type="DEFAULT_VEHTYPE" speed="13.42" pos="127.07" lane="2/3to2/4_0" slope="0.00"/>
        <vehicle id="12" x="401.65" y="136.59" angle="180.00" type="DEFAULT_VEHTYPE" speed="12.71" pos="136.59" lane="2/0to2/1_0" slope="0.00"/>
        <vehicle id="14" x="398.35" y="799.17" angle="-64.87" type="DEFAULT_VEHTYPE" speed="13.07" pos="0.83" lane="2/4to2/3_0" slope="0.00"/>
        <vehicle id="15" x="771.98" y="198.35" angle="90.00" type="DEFAULT_VEHTYPE" speed="13.30" pos="167.23" lane="3/1to4/1_0" slope="0.00"/>
        <vehicle id="16" x="166.38" y="398.35" angle="90.00" type="DEFAULT_VEHTYPE" speed="13.43" pos="166.38" lane="0/2to1/2_0" slope="0.00"/>
        <vehicle id="17" x="336.70" y="598.35" angle="90.00" type="DEFAULT_VEHTYPE" speed="13.16" pos="131.95" lane="1/3to2/3_0" slope="0.00"/>
        <vehicle id="18" x="255.91" y="598.35" angle="90.00" type="DEFAULT_VEHTYPE" speed="13.89" pos="51.16" lane="1/3to2/3_0" slope="0.00"/>
        <vehicle id="19" x="401.65" y="769.61" angle="180.00" type="DEFAULT_VEHTYPE" speed="13.42" pos="164.86" lane="2/3to2/4_0" slope="0.00"/>
        <vehicle id="2" x="411.02" y="401.65" angle="-90.00" type="DEFAULT_VEHTYPE" speed="4.46" pos="184.23" lane="3/2to2/2_0" slope="0.00"/>
        <vehicle id="20" x="198.35" y="241.63" angle="0.00" type="DEFAULT_VEHTYPE" speed="12.99" pos="153.62" lane="1/2to1/1_0" slope="0.00"/>
        <vehicle id="21" x="201.65" y="88.57" angle="180.00" type="DEFAULT_VEHTYPE" speed="13.54" pos="88.57" lane="1/0to1/1_0" slope="0.00"/>
        <vehicle id="22" x="398.35" y="261.35" angle="0.00" type="DEFAULT_VEHTYPE" speed="13.07" pos="133.90" lane="2/2to2/1_0" slope="0.00"/>
        <vehicle id="23" x="489.45" y="401.65" angle="-90.00" type="DEFAULT_VEHTYPE" speed="12.70" pos="105.80" lane="3/2to2/2_0" slope="0.00"/>
        <vehicle id="24" x="201.65" y="28.44" angle="180.00" type="DEFAULT_VEHTYPE" speed="13.70" pos="28.44" lane="1/0to1/1_0" slope="0.00"/>
        <vehicle id="3" x="598.29" y="401.11" angle="-140.29" type="DEFAULT_VEHTYPE" speed="7.60" pos="0.07" lane=":3/2_18_0" slope="0.00"/>
        <vehicle id="4" x="550.78" y="401.65" angle="-90.00" type="DEFAULT_VEHTYPE" speed="13.13" pos="44.47" lane="3/2to2/2_0" slope="0.00"/>
        <vehicle id="5" x="201.65" y="463.76" angle="180.00" type="DEFAULT_VEHTYPE" speed="13.14" pos="59.01" lane="1/2to1/3_0" slope="0.00"/>
        <vehicle id="6" x="601.65" y="382.81" angle="180.00" type="DEFAULT_VEHTYPE" speed="5.71" pos="178.06" lane="3/1to3/2_0" slope="0.00"/>
        <vehicle id="7" x="311.57" y="201.65" angle="-90.00" type="DEFAULT_VEHTYPE" speed="13.28" pos="83.68" lane="2/1to1/1_0" slope="0.00"/>
        <vehicle id="8" x="201.65" y="144.70" angle="180.00" type="DEFAULT_VEHTYPE" speed="12.61" pos="144.70" lane="1/0to1/1_0" slope="0.00"/>
        <vehicle id="9" x="201.65" y="226.42" angle="180.00" type="DEFAULT_VEHTYPE" speed="10.68" pos="21.67" lane="1/1to1/2_0" slope="0.00"/>
    </timestep>
    <timestep time="160.00">
        <vehicle id="0" x="196.16" y="198.22" angle="88.54" type="DEFAULT_VEHTYPE" speed="5.76" pos="0.92" lane=":1/1_12_0" slope="0.00"/>
        <vehicle id="1" x="297.81" y="401.65" angle="-90.00" type="DEFAULT_VEHTYPE" speed="13.47" pos="97.44" lane="2/2to1/2_0" slope="0.00"/>
        <vehicle id="11" x="401.65" y="744.59" angle="180.00" type="DEFAULT_VEHTYPE" speed="12.77" pos="139.84" lane="2/3to2/4_0" slope="0.00"/>
        <vehicle id="12" x="401.65" y="150.28" angle="180.00" type="DEFAULT_VEHTYPE" speed="13.69" pos="150.28" lane="2/0to2/1_0" slope="0.00"/>
        <vehicle id="14" x="398.35" y="785.32" angle="0.00" type="DEFAULT_VEHTYPE" speed="13.84" pos="14.68" lane="2/4to2/3_0" slope="0.00"/>
        <vehicle id="15" x="784.78" y="198.35" angle="90.00" type="DEFAULT_VEHTYPE" speed="12.79" pos="180.03" lane="3/1to4/1_0" slope="0.00"/>
        <vehicle id="16" x="177.14" y="398.35" angle="90.00" type="DEFAULT_VEHTYPE" speed="10.76" pos="177.14" lane="0/2to1/2_0" slope="0.00"/>
        <vehicle id="17" x="349.93" y="598.35" angle="90.00" type="DEFAULT_VEHTYPE" speed="13.22" pos="145.18" lane="1/3to2/3_0" slope="0.00"/>
        <vehicle id="18" x="268.86" y="598.35" angle="90.00" type="DEFAULT_VEHTYPE" speed="12.95" pos="64.11" lane="1/3to2/3_0" slope="0.00"/>
        <vehicle id="19" x="401.65" y="782.48" angle="180.00" type="DEFAULT_VEHTYPE" speed="12.86" pos="177.73" lane="2/3to2/4_0" slope="0.00"/>
        <vehicle id="2" x="405.17" y="401.65" angle="-90.00" type="DEFAULT_VEHTYPE" speed="5.85" pos="190.08" lane="3/2to2/2_0" slope="0.00"/>
        <vehicle id="20" x="198.35" y="228.66" angle="0.00" type="DEFAULT_VEHTYPE" speed="12.97" pos="166.59" lane="1/2to1/1_0" slope="0.00"/>
        <vehicle id="21" x="201.65" y="102.35" angle="180.00" type="DEFAULT_VEHTYPE" speed="13.78" pos="102.35" lane="1/0to1/1_0" slope="0.00"/>
        <vehicle id="22" x="398.35" y="248.60" angle="0.00" type="DEFAULT_VEHTYPE" speed="12.75" pos="146.65" lane="2/2to2/1_0" slope="0.00"/>
        <vehicle id="23" x="476.22" y="401.65" angle="-90.00" type="DEFAULT_VEHTYPE" speed="13.23" pos="119.03" lane="3/2to2/2_0" slope="0.00"/>
        <vehicle id="24" x="201.65" y="42.32" angle="180.00" type="DEFAULT_VEHTYPE" speed="13.88" pos="42.32" lane="1/0to1/1_0" slope="0.00"/>
        <vehicle id="3" x="588.80" y="401.65" angle="-90.00" type="DEFAULT_VEHTYPE" speed="9.56" pos="6.45" lane="3/2to2/2_0" slope="0.00"/>
        <vehicle id="4" x="537.50" y="401.65" angle="-90.00" type="DEFAULT_VEHTYPE" speed="13.27" pos="57.75" lane="3/2to2/2_0" slope="0.00"/>
        <vehicle id="5" x="201.65" y="477.40" angle="180.00" type="DEFAULT_VEHTYPE" speed="13.64" pos="72.65" lane="1/2to1/3_0" slope="0.00"/>
        <vehicle id="6" x="601.65" y="387.98" angle="180.00" type="DEFAULT_VEHTYPE" speed="5.17" pos="183.23" lane="3/1to3/2_0" slope="0.00"/>
        <vehicle id="7" x="298.93" y="201.65" angle="-90.00" type="DEFAULT_VEHTYPE" speed="12.64" pos="96.32" lane="2/1to1/1_0" slope="0.00"/>
        <vehicle id="8" x="201.65" y="158.34" angle="180.00" type="DEFAULT_VEHTYPE" speed="13.64" pos="158.34" lane="1/0to1/1_0" slope="0.00"/>
        <vehicle id="9" x="201.65" y="239.15" angle="180.00" type="DEFAULT_VEHTYPE" speed="12.73" pos="34.40" lane="1/1to1/2_0" slope="0.00"/>
    </timestep>
    <timestep time="161.00">
        <vehicle id="0" x="198.35" y="191.82" angle="3.40" type="DEFAULT_VEHTYPE" speed="7.51" pos="3.43" lane="1/1to1/0_0" slope="0.00"/>
        <vehicle id="1" x="284.83" y="401.65" angle="-90.00" type="DEFAULT_VEHTYPE" speed="12.99" pos="110.42" lane="2/2to1/2_0" slope="0.00"/>
        <vehicle id="11" x="401.65" y="758.09" angle="180.00" type="DEFAULT_VEHTYPE" speed="13.50" pos="153.34" lane="2/3to2/4_0" slope="0.00"/>
        <vehicle id="12" x="401.65" y="163.09" angle="180.00" type="DEFAULT_VEHTYPE" speed="12.82" pos="163.09" lane="2/0to2/1_0" slope="0.00"/>
        <vehicle id="14" x="398.35" y="772.39" angle="0.00" type="DEFAULT_VEHTYPE" speed="12.93" pos="27.61" lane="2/4to2/3_0" slope="0.00"/>
        <vehicle id="15" x="797.63" y="198.35" angle="90.00" type="DEFAULT_VEHTYPE" speed="12.85" pos="192.88" lane="3/1to4/1_0" slope="0.00"/>
        <vehicle id="16" x="185.11" y="398.35" angle="90.00" type="DEFAULT_VEHTYPE" speed="7.97" pos="185.11" lane="0/2to1/2_0" slope="0.00"/>
        <vehicle id="17" x="362.74" y="598.35" angle="90.00" type="DEFAULT_VEHTYPE" speed="12.81" pos="157.99" lane="1/3to2/3_0" slope="0.00"/>
        <vehicle id="18" x="282.51" y="598.35" angle="90.00" type="DEFAULT_VEHTYPE" speed="13.65" pos="77.76" lane="1/3to2/3_0" slope="0.00"/>
        <vehicle id="19" x="401.65" y="795.17" angle="180.00" type="DEFAULT_VEHTYPE" speed="12.69" pos="190.42" lane="2/3to2/4_0" slope="0.00"/>
        <vehicle id="2" x="399.01" y="398.49" angle="-52.66" type="DEFAULT_VEHTYPE" speed="7.40" pos="6.98" lane=":2/2_6_0" slope="0.00"/>
        <vehicle id="20" x="198.35" y="215.20" angle="0.00" type="DEFAULT_VEHTYPE" speed="13.46" pos="180.05" lane="1/2to1/1_0" slope="0.00"/>
        <vehicle id="21" x="201.65" y="115.73" angle="180.00" type="DEFAULT_VEHTYPE" speed="13.38" pos="115.73" lane="1/0to1/1_0" slope="0.00"/>
        <vehicle id="22" x="398.35" y="235.70" angle="0.00" type="DEFAULT_VEHTYPE" speed="12.89" pos="159.55" lane="2/2to2/1_0" slope="0.00"/>
        <vehicle id="23" x="463.42" y="401.65" angle="-90.00" type="DEFAULT_VEHTYPE" speed="12.79" pos="131.83" lane="3/2to2/2_0" slope="0.00"/>
        <vehicle id="24" x="201.65" y="56.15" angle="180.00" type="DEFAULT_VEHTYPE" speed="13.82" pos="56.15" lane="1/0to1/1_0" slope="0.00"/>
        <vehicle id="3" x="576.90" y="401.65" angle="-90.00" type="DEFAULT_VEHTYPE" speed="11.90" pos="18.35" lane="3/2to2/2_0" slope="0.00"/>
        <vehicle id="4" x="523.82" y="401.65" angle="-90.00" type="DEFAULT_VEHTYPE" speed="13.69" pos="71.43" lane="3/2to2/2_0" slope="0.00"/>
        <vehicle id="5" x="201.65" y="490.21" angle="180.00" type="DEFAULT_VEHTYPE" speed="12.81" pos="85.46" lane="1/2to1/3_0" slope="0.00"/>
        <vehicle id="6" x="601.65" y="391.35" angle="180.00" type="DEFAULT_VEHTYPE" speed="3.37" pos="186.60" lane="3/1to3/2_0" slope="0.00"/>
        <vehicle id="7" x="285.90" y="201.65" angle="-90.00" type="DEFAULT_VEHTYPE" speed="13.03" pos="109.35" lane="2/1to1/1_0" slope="0.00"/>
        <vehicle id="8" x="201.65" y="171.05" angle="180.00" type="DEFAULT_VEHTYPE" speed="12.71" pos="171.05" lane="1/0to1/1_0" slope="0.00"/>
        <vehicle id="9" x="201.65" y="252.07" angle="180.00" type="DEFAULT_VEHTYPE" speed="12.92" pos="47.32" lane="1/1to1/2_0" slope="0.00"/>
    </timestep>
    <timestep time="162.00">
        <vehicle id="0" x="198.35" y="182.91" angle="0.00" type="DEFAULT_VEHTYPE" speed="8.91" pos="12.34" lane="1/1to1/0_0" slope="0.00"/>
        <vehicle id="1" x="271.44" y="401.65" angle="-90.00" type="DEFAULT_VEHTYPE" speed="13.39" pos="123.81" lane="2/2to1/2_0" slope="0.00"/>
        <vehicle id="11" x="401.65" y="771.17" angle="180.00" type="DEFAULT_VEHTYPE" speed="13.08" pos="166.42" lane="2/3to2/4_0" slope="0.00"/>
        <vehicle id="12" x="401.65" y="176.11" angle="180.00" type="DEFAULT_VEHTYPE" speed="13.01" pos="176.11" lane="2/0to2/1_0" slope="0.00"/>
        <vehicle id="14" x="398.35" y="758.82" angle="0.00" type="DEFAULT_VEHTYPE" speed="13.57" pos="41.18" lane="2/4to2/3_0" slope="0.00"/>
        <vehicle id="15" x="793.69" y="201.65" angle="-90.00" type="DEFAULT_VEHTYPE" speed="13.51" pos="6.31" lane="4/1to3/1_0" slope="0.00"/>
        <vehicle id="16" x="189.12" y="398.35" angle="90.00" type="DEFAULT_VEHTYPE" speed="4.01" pos="189.12" lane="0/2to1/2_0" slope="0.00"/>
        <vehicle id="17" x="374.02" y="598.35" angle="90.00" type="DEFAULT_VEHTYPE" speed="11.28" pos="169.27" lane="1/3to2/3_0" slope="0.00"/>
        <vehicle id="18" x="295.32" y="598.35" angle="90.00" type="DEFAULT_VEHTYPE" speed="12.81" pos="90.57" lane="1/3to2/3_0" slope="0.00"/>
        <vehicle id="19" x="398.35" y="796.96" angle="-15.51" type="DEFAULT_VEHTYPE" speed="12.70" pos="3.04" lane="2/4to2/3_0" slope="0.00"/>
        <vehicle id="2" x="398.35" y="389.39" angle="0.00" type="DEFAULT_VEHTYPE" speed="9.20" pos="5.86" lane="2/2to2/1_0" slope="0.00"/>
        <vehicle id="20" x="197.56" y="202.42" angle="-9.25" type="DEFAULT_VEHTYPE" speed="12.96" pos="2.51" lane=":1/1_0_0" slope="0.00"/>
        <vehicle id="21" x="201.65" y="128.94" angle="180.00" type="DEFAULT_VEHTYPE" speed="13.22" pos="128.94" lane="1/0to1/1_0" slope="0.00"/>
        <vehicle id="22" x="398.35" y="222.67" angle="0.00" type="DEFAULT_VEHTYPE" speed="13.04" pos="172.58" lane="2/2to2/1_0" slope="0.00"/>
        <vehicle id="23" x="449.85" y="401.65" angle="-90.00" type="DEFAULT_VEHTYPE" speed="13.58" pos="145.40" lane="3/2to2/2_0" slope="0.00"/>
        <vehicle id="24" x="201.65" y="69.95" angle="180.00" type="DEFAULT_VEHTYPE" speed="13.80" pos="69.95" lane="1/0to1/1_0" slope="0.00"/>
        <vehicle id="3" x="563.57" y="401.65" angle="-90.00" type="DEFAULT_VEHTYPE" speed="13.33" pos="31.68" lane="3/2to2/2_0" slope="0.00"/>
        <vehicle id="4" x="510.86" y="401.65" angle="-90.00" type="DEFAULT_VEHTYPE" speed="12.96" pos="84.39" lane="3/2to2/2_0" slope="0.00"/>
        <vehicle id="5" x="201.65" y="503.20" angle="180.00" type="DEFAULT_VEHTYPE" speed="12.99" pos="98.45" lane="1/2to1/3_0" slope="0.00"/>
        <vehicle id="6" x="601.37" y="397.23" angle="-176.75" type="DEFAULT_VEHTYPE" speed="5.90" pos="2.00" lane=":3/2_10_0" slope="0.00"/>
        <vehicle id="7" x="272.24" y="201.65" angle="-90.00" type="DEFAULT_VEHTYPE" speed="13.66" pos="123.01" lane="2/1to1/1_0" slope="0.00"/>
        <vehicle id="8" x="201.65" y="184.76" angle="180.00" type="DEFAULT_VEHTYPE" speed="13.71" pos="184.76" lane="1/0to1/1_0" slope="0.00"/>
        <vehicle id="9" x="201.65" y="265.80" angle="180.00" type="DEFAULT_VEHTYPE" speed="13.73" pos="61.05" lane="1/1to1/2_0" slope="0.00"/>
    </timestep>
    <timestep time="163.00">
        <vehicle id="0" x="198.35" y="171.78" angle="0.00" type="DEFAULT_VEHTYPE" speed="11.14" pos="23.47" lane="1/1to1/0_0" slope="0.00"/>
        <vehicle id="1" x="257.93" y="401.65" angle="-90.00" type="DEFAULT_VEHTYPE" speed="13.50" pos="137.32" lane="2/2to1/2_0" slope="0.00"/>
        <vehicle id="11" x="401.65" y="783.95" angle="180.00" type="DEFAULT_VEHTYPE" speed="12.78" pos="179.20" lane="2/3to2/4_0" slope="0.00"/>
        <vehicle id="12" x="401.65" y="189.87" angle="180.00" type="DEFAULT_VEHTYPE" speed="13.76" pos="189.87" lane="2/0to2/1_0" slope="0.00"/>
        <vehicle id="14" x="398.35" y="745.60" angle="0.00" type="DEFAULT_VEHTYPE" speed="13.22" pos="54.40" lane="2/4to2/3_0" slope="0.00"/>
        <vehicle id="15" x="780.00" y="201.65" angle="-90.00" type="DEFAULT_VEHTYPE" speed="13.69" pos="20.00" lane="4/1to3/1_0" slope="0.00"/>
        <vehicle id="16" x="195.69" y="398.41" angle="90.73" type="DEFAULT_VEHTYPE" speed="6.58" pos="0.45" lane=":1/2_14_0" slope="0.00"/>
        <vehicle id="17" x="382.59" y="598.35" angle="90.00" type="DEFAULT_VEHTYPE" speed="8.57" pos="177.84" lane="1/3to2/3_0" slope="0.00"/>
        <vehicle id="18" x="308.80" y="598.35" angle="90.00" type="DEFAULT_VEHTYPE" speed="13.48" pos="104.05" lane="1/3to2/3_0" slope="0.00"/>
        <vehicle id="19" x="398.35" y="783.76" angle="0.00" type="DEFAULT_VEHTYPE" speed="13.20" pos="16.24" lane="2/4to2/3_0" slope="0.00"/>
        <vehicle id="2" x="398.35" y="378.83" angle="0.00" type="DEFAULT_VEHTYPE" speed="10.56" pos="16.42" lane="2/2to2/1_0" slope="0.00"/>
        <vehicle id="20" x="184.26" y="201.65" angle="-90.00" type="DEFAULT_VEHTYPE" speed="13.48" pos="10.99" lane="1/1to0/1_0" slope="0.00"/>
        <vehicle id="21" x="201.65" y="141.96" angle="180.00" type="DEFAULT_VEHTYPE" speed="13.01" pos="141.96" lane="1/0to1/1_0" slope="0.00"/>
        <vehicle id="22" x="398.35" y="210.01" angle="0.00" type="DEFAULT_VEHTYPE" speed="12.66" pos="185.24" lane="2/2to2/1_0" slope="0.00"/>
        <vehicle id="23" x="435.95" y="401.65" angle="-90.00" type="DEFAULT_VEHTYPE" speed="13.90" pos="159.30" lane="3/2to2/2_0" slope="0.00"/>
        <vehicle id="24" x="201.65" y="83.58" angle="180.00" type="DEFAULT_VEHTYPE" speed="13.63" pos="83.58" lane="1/0to1/1_0" slope="0.00"/>
        <vehicle id="3" x="550.25" y="401.65" angle="-90.00" type="DEFAULT_VEHTYPE" speed="13.32" pos="45.00" lane="3/2to2/2_0" slope="0.00"/>
        <vehicle id="4" x="497.13" y="401.65" angle="-90.00" type="DEFAULT_VEHTYPE" speed="13.73" pos="98.12" lane="3/2to2/2_0" slope="0.00"/>
        <vehicle id="5" x="201.65" y="516.25" angle="180.00" type="DEFAULT_VEHTYPE" speed="13.05" pos="111.50" lane="1/2to1/3_0" slope="0.00"/>
        <vehicle id="6" x="595.47" y="401.62" angle="-109.36" type="DEFAULT_VEHTYPE" speed="8.10" pos="2.96" lane=":3/2_18_0" slope="0.00"/>
        <vehicle id="7" x="258.79" y="201.65" angle="-90.00" type="DEFAULT_VEHTYPE" speed="13.45" pos="136.46" lane="2/1to1/1_0" slope="0.00"/>
        <vehicle id="8" x="202.38" y="197.49" angle="171.46" type="DEFAULT_VEHTYPE" speed="12.90" pos="2.41" lane=":1/1_8_0" slope="0.00"/>
        <vehicle id="9" x="201.65" y="278.74" angle="180.00" type="DEFAULT_VEHTYPE" speed="12.93" pos="73.99" lane="1/1to1/2_0" slope="0.00"/>
    </timestep>
    <timestep time="164.00">
        <vehicle id="0" x="198.35" y="159.07" angle="0.00" type="DEFAULT_VEHTYPE" speed="12.70" pos="36.18" lane="1/1to1/0_0" slope="0.00"/>
        <vehicle id="1" x="244.35" y="401.65" angle="-90.00" type="DEFAULT_VEHTYPE" speed="13.58" pos="150.90" lane="2/2to1/2_0" slope="0.00"/>
        <vehicle id="11" x="401.65" y="796.71" angle="180.00" type="DEFAULT_VEHTYPE" speed="12.76" pos="191.96" lane="2/3to2/4_0" slope="0.00"/>
        <vehicle id="12" x="407.05" y="198.35" angle="101.26" type="DEFAULT_VEHTYPE" speed="12.68" pos="2.30" lane="2/1to3/1_0" slope="0.00"/>
        <vehicle id="14" x="398.35" y="732.29" angle="0.00" type="DEFAULT_VEHTYPE" speed="13.31" pos="67.71" lane="2/4to2/3_0" slope="0.00"/>
        <vehicle id="15" x="766.15" y="201.65" angle="-90.00" type="DEFAULT_VEHTYPE" speed="13.85" pos="33.85" lane="4/1to3/1_0" slope="0.00"/>
        <vehicle id="16" x="201.50" y="403.69" angle="152.09" type="DEFAULT_VEHTYPE" speed="8.80" pos="9.25" lane=":1/2_14_0" slope="0.00"/>
        <vehicle id="17" x="387.98" y="598.35" angle="90.00" type="DEFAULT_VEHTYPE" speed="5.40" pos="183.23" lane="1/3to2/3_0" slope="0.00"/>
        <vehicle id="18" x="321.45" y="598.35" angle="90.00" type="DEFAULT_VEHTYPE" speed="12.65" pos="116.70" lane="1/3to2/3_0" slope="0.00"/>
        <vehicle id="19" x="398.35" y="771.08" angle="0.00" type="DEFAULT_VEHTYPE" speed="12.68" pos="28.92" lane="2/4to2/3_0" slope="0.00"/>
        <vehicle id="2" x="398.35" y="365.88" angle="0.00" type="DEFAULT_VEHTYPE" speed="12.94" pos="29.37" lane="2/2to2/1_0" slope="0.00"/>
        <vehicle id="20" x="170.63" y="201.65" angle="-90.00" type="DEFAULT_VEHTYPE" speed="13.63" pos="24.62" lane="1/1to0/1_0" slope="0.00"/>
        <vehicle id="21" x="201.65" y="155.17" angle="180.00" type="DEFAULT_VEHTYPE" speed="13.22" pos="155.17" lane="1/0to1/1_0" slope="0.00"/>
        <vehicle id="22" x="398.35" y="197.00" angle="0.00" type="DEFAULT_VEHTYPE" speed="13.00" pos="7.75" lane=":2/1_1_0" slope="0.00"/>
        <vehicle id="23" x="423.80" y="401.65" angle="-90.00" type="DEFAULT_VEHTYPE" speed="12.15" pos="171.45" lane="3/2to2/2_0" slope="0.00"/>
        <vehicle id="24" x="201.65" y="96.52" angle="180.00" type="DEFAULT_VEHTYPE" speed="12.94" pos="96.52" lane="1/0to1/1_0" slope="0.00"/>
        <vehicle id="3" x="537.30" y="401.65" angle="-90.00" type="DEFAULT_VEHTYPE" speed="12.96" pos="57.95" lane="3/2to2/2_0" slope="0.00"/>
        <vehicle id="4" x="483.50" y="401.65" angle="-90.00" type="DEFAULT_VEHTYPE" speed="13.63" pos="111.75" lane="3/2to2/2_0" slope="0.00"/>
        <vehicle id="5" x="201.65" y="529.17" angle="180.00" type="DEFAULT_VEHTYPE" speed="12.92" pos="124.42" lane="1/2to1/3_0" slope="0.00"/>
        <vehicle id="6" x="585.52" y="401.65" angle="-90.00" type="DEFAULT_VEHTYPE" speed="9.95" pos="9.73" lane="3/2to2/2_0" slope="0.00"/>
        <vehicle id="7" x="246.09" y="201.65" angle="-90.00" type="DEFAULT_VEHTYPE" speed="12.70" pos="149.16" lane="2/1to1/1_0" slope="0.00"/>
        <vehicle id="8" x="214.88" y="198.35" angle="90.00" type="DEFAULT_VEHTYPE" speed="12.72" pos="10.13" lane="1/1to2/1_0" slope="0.00"/>
        <vehicle id="9" x="201.65" y="292.37" angle="180.00" type="DEFAULT_VEHTYPE" speed="13.64" pos="87.62" lane="1/1to1/2_0" slope="0.00"/>
    </timestep>
    <timestep time="165.00">
        <vehicle id="0" x="198.35" y="145.29" angle="0.00" type="DEFAULT_VEHTYPE" speed="13.79" pos="49.96" lane="1/1to1/0_0" slope="0.00"/>
        <vehicle id="1" x="230.69" y="401.65" angle="-90.00" type="DEFAULT_VEHTYPE" speed="13.66" pos="164.56" lane="2/2to1/2_0" slope="0.00"/>
        <vehicle id="11" x="398.35" y="794.87" angle="0.00" type="DEFAULT_VEHTYPE" speed="13.23" pos="5.13" lane="2/4to2/3_0" slope="0.00"/>
        <vehicle id="12" x="420.55" y="198.35" angle="90.00" type="DEFAULT_VEHTYPE" speed="13.49" pos="15.80" lane="2/1to3/1_0" slope="0.00"/>
        <vehicle id="14" x="398.35" y="719.63" angle="0.00" type="DEFAULT_VEHTYPE" speed="12.66" pos="80.37" lane="2/4to2/3_0" slope="0.00"/>
        <vehicle id="15" x="752.80" y="201.65" angle="-90.00" type="DEFAULT_VEHTYPE" speed="13.35" pos="47.20" lane="4/1to3/1_0" slope="0.00"/>
        <vehicle id="16" x="201.65" y="414.58" angle="180.00" type="DEFAULT_VEHTYPE" speed="10.90" pos="9.83" lane="1/2to1/3_0" slope="0.00"/>
        <vehicle id="17" x="390.39" y="598.35" angle="90.00" type="DEFAULT_VEHTYPE" speed="2.41" pos="185.64" lane="1/3to2/3_0" slope="0.00"/>
        <vehicle id="18" x="334.23" y="598.35" angle="90.00" type="DEFAULT_VEHTYPE" speed="12.78" pos="129.48" lane="1/3to2/3_0" slope="0.00"/>
        <vehicle id="19" x="398.35" y="757.36" angle="0.00" type="DEFAULT_VEHTYPE" speed="13.73" pos="42.64" lane="2/4to2/3_0" slope="0.00"/>
        <vehicle id="2" x="398.35" y="352.06" angle="0.00" type="DEFAULT_VEHTYPE" speed="13.82" pos="43.19" lane="2/2to2/1_0" slope="0.00"/>
        <vehicle id="20" x="157.72" y="201.65" angle="-90.00" type="DEFAULT_VEHTYPE" speed="12.91" pos="37.53" lane="1/1to0/1_0" slope="0.00"/>
        <vehicle id="21" x="201.65" y="167.94" angle="180.00" type="DEFAULT_VEHTYPE" speed="12.77" pos="167.94" lane="1/0to1/1_0" slope="0.00"/>
        <vehicle id="22" x="398.35" y="184.23" angle="0.00" type="DEFAULT_VEHTYPE" speed="12.78" pos="11.02" lane="2/1to2/0_0" slope="0.00"/>
        <vehicle id="23" x="416.14" y="401.65" angle="-90.00" type="DEFAULT_VEHTYPE" speed="7.65" pos="179.11" lane="3/2to2/2_0" slope="0.00"/>
        <vehicle id="24" x="201.65" y="110.06" angle="180.00" type="DEFAULT_VEHTYPE" speed="13.54" pos="110.06" lane="1/0to1/1_0" slope="0.00"/>
        <vehicle id="3" x="524.70" y="401.65" angle="-90.00" type="DEFAULT_VEHTYPE" speed="12.60" pos="70.55" lane="3/2to2/2_0" slope="0.00"/>
        <vehicle id="4" x="469.73" y="401.65" angle="-90.00" type="DEFAULT_VEHTYPE" speed="13.77" pos="125.52" lane="3/2to2/2_0" slope="0.00"/>
        <vehicle id="5" x="201.65" y="542.34" angle="180.00" type="DEFAULT_VEHTYPE" speed="13.18" pos="137.59" lane="1/2to1/3_0" slope="0.00"/>
        <vehicle id="6" x="573.14" y="401.65" angle="-90.00" type="DEFAULT_VEHTYPE" speed="12.38" pos="22.11" lane="3/2to2/2_0" slope="0.00"/>
        <vehicle id="7" x="232.72" y="201.65" angle="-90.00" type="DEFAULT_VEHTYPE" speed="13.37" pos="162.53" lane="2/1to1/1_0" slope="0.00"/>
        <vehicle id="8" x="228.65" y="198.35" angle="90.00" type="DEFAULT_VEHTYPE" speed="13.77" pos="23.90" lane="1/1to2/1_0" slope="0.00"/>
        <vehicle id="9" x="201.65" y="305.09" angle="180.00" type="DEFAULT_VEHTYPE" speed="12.72" pos="100.34" lane="1/1to1/2_0" slope="0.00"/>
    </timestep>
    <timestep time="166.00">
        <vehicle id="0" x="198.35" y="131.80" angle="0.00" type="DEFAULT_VEHTYPE" speed="13.49" pos="63.45" lane="1/1to1/0_0" slope="0.00"/>
        <vehicle id="1" x="220.38" y="401.65" angle="-90.00" type="DEFAULT_VEHTYPE" speed="10.31" pos="174.87" lane="2/2to1/2_0" slope="0.00"/>
        <vehicle id="11" x="398.35" y="781.35" angle="0.00" type="DEFAULT_VEHTYPE" speed="13.53" pos="18.65" lane="2/4to2/3_0" slope="0.00"/>
        <vehicle id="12" x="433.30" y="198.35" angle="90.00" type="DEFAULT_VEHTYPE" speed="12.76" pos="28.55" lane="2/1to3/1_0" slope="0.00"/>
        <vehicle id="14" x="398.35" y="706.47" angle="0.00" type="DEFAULT_VEHTYPE" speed="13.16" pos="93.53" lane="2/4to2/3_0" slope="0.00"/>
        <vehicle id="15" x="739.21" y="201.65" angle="-90.00" type="DEFAULT_VEHTYPE" speed="13.59" pos="60.79" lane="4/1to3/1_0" slope="0.00"/>
        <vehicle id="16" x="201.65" y="427.09" angle="180.00" type="DEFAULT_VEHTYPE" speed="12.50" pos="22.34" lane="1/2to1/3_0" slope="0.00"/>
        <vehicle id="17" x="394.14" y="598.35" angle="90.00" type="DEFAULT_VEHTYPE" speed="3.75" pos="189.39" lane="1/3to2/3_0" slope="0.00"/>
        <vehicle id="18" x="347.82" y="598.35" angle="90.00" type="DEFAULT_VEHTYPE" speed="13.58" pos="143.07" lane="1/3to2/3_0" slope="0.00"/>
        <vehicle id="19" x="398.35" y="744.45" angle="0.00" type="DEFAULT_VEHTYPE" speed="12.90" pos="55.55" lane="2/4to2/3_0" slope="0.00"/>
        <vehicle id="2" x="398.35" y="339.23" angle="0.00" type="DEFAULT_VEHTYPE" speed="12.83" pos="56.02" lane="2/2to2/1_0" slope="0.00"/>
        <vehicle id="20" x="144.17" y="201.65" angle="-90.00" type="DEFAULT_VEHTYPE" speed="13.54" pos="51.08" lane="1/1to0/1_0" slope="0.00"/>
        <vehicle id="21" x="201.65" y="181.15" angle="180.00" type="DEFAULT_VEHTYPE" speed="13.21" pos="181.15" lane="1/0to1/1_0" slope="0.00"/>
        <vehicle id="22" x="398.35" y="170.35" angle="0.00" type="DEFAULT_VEHTYPE" speed="13.87" pos="24.90" lane="2/1to2/0_0" slope="0.00"/>
        <vehicle id="23" x="411.74" y="401.65" angle="-90.00" type="DEFAULT_VEHTYPE" speed="4.40" pos="183.51" lane="3/2to2/2_0" slope="0.00"/>
        <vehicle id="24" x="201.65" y="123.25" angle="180.00" type="DEFAULT_VEHTYPE" speed="13.20" pos="123.25" lane="1/0to1/1_0" slope="0.00"/>
        <vehicle id="3" x="511.71" y="401.65" angle="-90.00" type="DEFAULT_VEHTYPE" speed="12.99" pos="83.54" lane="3/2to2/2_0" slope="0.00"/>
        <vehicle id="4" x="457.02" y="401.65" angle="-90.00" type="DEFAULT_VEHTYPE" speed="12.71" pos="138.23" lane="3/2to2/2_0" slope="0.00"/>
        <vehicle id="5" x="201.65" y="555.41" angle="180.00" type="DEFAULT_VEHTYPE" speed="13.07" pos="150.66" lane="1/2to1/3_0" slope="0.00"/>
        <vehicle id="6" x="560.25" y="401.65" angle="-90.00" type="DEFAULT_VEHTYPE" speed="12.89" pos="35.00" lane="3/2to2/2_0" slope="0.00"/>
        <vehicle id="7" x="221.44" y="201.65" angle="-90.00" type="DEFAULT_VEHTYPE" speed="11.28" pos="173.81" lane="2/1to1/1_0" slope="0.00"/>
        <vehicle id="8" x="242.53" y="198.35" angle="90.00" type="DEFAULT_VEHTYPE" speed="13.89" pos="37.78" lane="1/1to2/1_0" slope="0.00"/>
        <vehicle id="9" x="201.65" y="317.71" angle="180.00" type="DEFAULT_VEHTYPE" speed="12.62" pos="112.96" lane="1/1to1/2_0" slope="0.00"/>
    </timestep>
    <timestep time="167.00">
        <vehicle id="0" x="198.35" y="118.84" angle="0.00" type="DEFAULT_VEHTYPE" speed="12.96" pos="76.41" lane="1/1to1/0_0" slope="0.00"/>
        <vehicle id="1" x="214.11" y="401.65" angle="-90.00" type="DEFAULT_VEHTYPE" speed="6.27" pos="181.14" lane="2/2to1/2_0" slope="0.00"/>
        <vehicle id="11" x="398.35" y="768.35" angle="0.00" type="DEFAULT_VEHTYPE" speed="13.00" pos="31.65" lane="2/4to2/3_0" slope="0.00"/>
        <vehicle id="12" x="446.75" y="198.35" angle="90.00" type="DEFAULT_VEHTYPE" speed="13.45" pos="42.00" lane="2/1to3/1_0" slope="0.00"/>
        <vehicle id="14" x="398.35" y="693.69" angle="0.00" type="DEFAULT_VEHTYPE" speed="12.78" pos="106.31" lane="2/4to2/3_0" slope="0.00"/>
        <vehicle id="15" x="726.52" y="201.65" angle="-90.00" type="DEFAULT_VEHTYPE" speed="12.69" pos="73.48" lane="4/1to3/1_0" slope="0.00"/>
        <vehicle id="16" x="201.65" y="439.80" angle="180.00" type="DEFAULT_VEHTYPE" speed="12.71" pos="35.05" lane="1/2to1/3_0" slope="0.00"/>
        <vehicle id="17" x="399.03" y="599.34" angle="101.58" type="DEFAULT_VEHTYPE" speed="5.07" pos="3.97" lane=":2/3_14_0" slope="0.00"/>
        <vehicle id="18" x="360.98" y="598.35" angle="90.00" type="DEFAULT_VEHTYPE" speed="13.17" pos="156.23" lane="1/3to2/3_0" slope="0.00"/>
        <vehicle id="19" x="398.35" y="730.81" angle="0.00" type="DEFAULT_VEHTYPE" speed="13.64" pos="69.19" lane="2/4to2/3_0" slope="0.00"/>
        <vehicle id="2" x="398.35" y="325.76" angle="0.00" type="DEFAULT_VEHTYPE" speed="13.47" pos="69.49" lane="2/2to2/1_0" slope="0.00"/>
        <vehicle id="20" x="131.38" y="201.65" angle="-90.00" type="DEFAULT_VEHTYPE" speed="12.80" pos="63.87" lane="1/1to0/1_0" slope="0.00"/>
        <vehicle id="21" x="201.65" y="194.55" angle="180.00" type="DEFAULT_VEHTYPE" speed="13.40" pos="194.55" lane="1/0to1/1_0" slope="0.00"/>
        <vehicle id="22" x="398.35" y="157.71" angle="0.00" type="DEFAULT_VEHTYPE" speed="12.65" pos="37.54" lane="2/1to2/0_0" slope="0.00"/>
        <vehicle id="23" x="405.84" y="401.65" angle="-90.00" type="DEFAULT_VEHTYPE" speed="5.90" pos="189.41" lane="3/2to2/2_0" slope="0.00"/>
        <vehicle id="24" x="201.65" y="136.21" angle="180.00" type="DEFAULT_VEHTYPE" speed="12.96" pos="136.21" lane="1/0to1/1_0" slope="0.00"/>
        <vehicle id="3" x="498.51" y="401.65" angle="-90.00" type="DEFAULT_VEHTYPE" speed="13.20" pos="96.74" lane="3/2to2/2_0" slope="0.00"/>
        <vehicle id="4" x="443.48" y="401.65" angle="-90.00" type="DEFAULT_VEHTYPE" speed="13.54" pos="151.77" lane="3/2to2/2_0" slope="0.00"/>
        <vehicle id="5" x="201.65" y="568.66" angle="180.00" type="DEFAULT_VEHTYPE" speed="13.25" pos="163.91" lane="1/2to1/3_0" slope="0.00"/>
        <vehicle id="6" x="547.24" y="401.65" angle="-90.00" type="DEFAULT_VEHTYPE" speed="13.01" pos="48.01" lane="3/2to2/2_0" slope="0.00"/>
        <vehicle id="7" x="214.66" y="201.65" angle="-90.00" type="DEFAULT_VEHTYPE" speed="6.78" pos="180.59" lane="2/1to1/1_0" slope="0.00"/>
        <vehicle id="8" x="255.48" y="198.35" angle="90.00" type="DEFAULT_VEHTYPE" speed="12.94" pos="50.73" lane="1/1to2/1_0" slope="0.00"/>
        <vehicle id="9" x="201.65" y="330.72" angle="180.00" type="DEFAULT_VEHTYPE" speed="13.01" pos="125.97" lane="1/1to1/2_0" slope="0.00"/>
    </timestep>
    <timestep time="168.00">
        <vehicle id="0" x="198.35" y="105.22" angle="0.00" type="DEFAULT_VEHTYPE" speed="13.62" pos="90.03" lane="1/1to1/0_0" slope="0.00"/>
        <vehicle id="1" x="209.58" y="401.65" angle="-90.00" type="DEFAULT_VEHTYPE" speed="4.53" pos="185.67" lane="2/2to1/2_0" slope="0.00"/>
        <vehicle id="11" x="398.35" y="755.58" angle="0.00" type="DEFAULT_VEHTYPE" speed="12.76" pos="44.42" lane="2/4to2/3_0" slope="0.00"/>
        <vehicle id="12" x="460.54" y="198.35" angle="90.00" type="DEFAULT_VEHTYPE" speed="13.79" pos="55.79" lane="2/1to3/1_0" slope="0.00"/>
        <vehicle id="14" x="398.35" y="680.55" angle="0.00" type="DEFAULT_VEHTYPE" speed="13.14" pos="119.45" lane="2/4to2/3_0" slope="0.00"/>
        <vehicle id="15" x="712.64" y="201.65" angle="-90.00" type="DEFAULT_VEHTYPE" speed="13.88" pos="87.36" lane="4/1to3/1_0" slope="0.00"/>
        <vehicle id="16" x="201.65" y="453.53" angle="180.00" type="DEFAULT_VEHTYPE" speed="13.74" pos="48.78" lane="1/2to1/3_0" slope="0.00"/>
        <vehicle id="17" x="401.65" y="605.08" angle="164.03" type="DEFAULT_VEHTYPE" speed="6.68" pos="0.33" lane="2/3to2/4_0" slope="0.00"/>
        <vehicle id="18" x="373.59" y="598.35" angle="90.00" type="DEFAULT_VEHTYPE" speed="12.61" pos="168.84" lane="1/3to2/3_0" slope="0.00"/>
        <vehicle id="19" x="398.35" y="716.97" angle="0.00" type="DEFAULT_VEHTYPE" speed="13.84" pos="83.03" lane="2/4to2/3_0" slope="0.00"/>
        <vehicle id="2" x="398.35" y="312.42" angle="0.00" type="DEFAULT_VEHTYPE" speed="13.35" pos="82.83" lane="2/2to2/1_0" slope="0.00"/>
        <vehicle id="20" x="118.48" y="201.65" angle="-90.00" type="DEFAULT_VEHTYPE" speed="12.89" pos="76.77" lane="1/1to0/1_0" slope="0.00"/>
        <vehicle id="21" x="211.99" y="198.35" angle="90.00" type="DEFAULT_VEHTYPE" speed="12.94" pos="7.24" lane="1/1to2/1_0" slope="0.00"/>
        <vehicle id="22" x="398.35" y="144.75" angle="0.00" type="DEFAULT_VEHTYPE" speed="12.95" pos="50.50" lane="2/1to2/0_0" slope="0.00"/>
        <vehicle id="23" x="398.64" y="401.65" angle="-90.00" type="DEFAULT_VEHTYPE" speed="7.21" pos="6.11" lane=":2/2_5_0" slope="0.00"/>
        <vehicle id="24" x="201.65" y="149.44" angle="180.00" type="DEFAULT_VEHTYPE" speed="13.23" pos="149.44" lane="1/0to1/1_0" slope="0.00"/>
        <vehicle id="3" x="484.86" y="401.65" angle="-90.00" type="DEFAULT_VEHTYPE" speed="13.65" pos="110.39" lane="3/2to2/2_0" slope="0.00"/>
        <vehicle id="4" x="429.70" y="401.65" angle="-90.00" type="DEFAULT_VEHTYPE" speed="13.78" pos="165.55" lane="3/2to2/2_0" slope="0.00"/>
        <vehicle id="5" x="201.65" y="581.64" angle="180.00" type="DEFAULT_VEHTYPE" speed="12.98" pos="176.89" lane="1/2to1/3_0" slope="0.00"/>
        <vehicle id="6" x="533.65" y="401.65" angle="-90.00" type="DEFAULT_VEHTYPE" speed="13.59" pos="61.60" lane="3/2to2/2_0" slope="0.00"/>
        <vehicle id="7" x="210.21" y="201.65" angle="-90.00" type="DEFAULT_VEHTYPE" speed="4.45" pos="185.04" lane="2/1to1/1_0" slope="0.00"/>
        <vehicle id="8" x="268.16" y="198.35" angle="90.00" type="DEFAULT_VEHTYPE" speed="12.69" pos="63.41" lane="1/1to2/1_0" slope="0.00"/>
        <vehicle id="9" x="201.65" y="344.35" angle="180.00" type="DEFAULT_VEHTYPE" speed="13.63" pos="139.60" lane="1/1to1/2_0" slope="0.00"/>
    </timestep>
    <timestep time="169.00">
        <vehicle id="0" x="198.35" y="92.40" angle="0.00" type="DEFAULT_VEHTYPE" speed="12.82" pos="102.85" lane="1/1to1/0_0" slope="0.00"/>
        <vehicle id="1" x="202.67" y="401.35" angle="-86.58" type="DEFAULT_VEHTYPE" speed="6.94" pos="2.10" lane=":1/2_6_0" slope="0.00"/>
        <vehicle id="11" x="398.35" y="742.52" angle="0.00" type="DEFAULT_VEHTYPE" speed="13.07" pos="57.48" lane="2/4to2/3_0" slope="0.00"/>
        <vehicle id="12" x="474.01" y="198.35" angle="90.00" type="DEFAULT_VEHTYPE" speed="13.47" pos="69.26" lane="2/1to3/1_0" slope="0.00"/>
        <vehicle id="14" x="398.35" y="667.18" angle="0.00" type="DEFAULT_VEHTYPE" speed="13.37" pos="132.82" lane="2/4to2/3_0" slope="0.00"/>
        <vehicle id="15" x="698.91" y="201.65" angle="-90.00" type="DEFAULT_VEHTYPE" speed="13.72" pos="101.09" lane="4/1to3/1_0" slope="0.00"/>
        <vehicle id="16" x="201.65" y="467.01" angle="180.00" type="DEFAULT_VEHTYPE" speed="13.47" pos="62.26" lane="1/2to1/3_0" slope="0.00"/>
        <vehicle id="17" x="401.65" y="613.50" angle="180.00" type="DEFAULT_VEHTYPE" speed="8.42" pos="8.75" lane="2/3to2/4_0" slope="0.00"/>
        <vehicle id="18" x="382.28" y="598.35" angle="90.00" type="DEFAULT_VEHTYPE" speed="8.69" pos="177.53" lane="1/3to2/3_0" slope="0.00"/>
        <vehicle id="19" x="398.35" y="703.19" angle="0.00" type="DEFAULT_VEHTYPE" speed="13.78" pos="96.81" lane="2/4to2/3_0" slope="0.00"/>
        <vehicle id="2" x="398.35" y="299.40" angle="0.00" type="DEFAULT_VEHTYPE" speed="13.01" pos="95.85" lane="2/2to2/1_0" slope="0.00"/>
        <vehicle id="20" x="105.12" y="201.65" angle="-90.00" type="DEFAULT_VEHTYPE" speed="13.37" pos="90.13" lane="1/1to0/1_0" slope="0.00"/>
        <vehicle id="21" x="225.78" y="198.35" angle="90.00" type="DEFAULT_VEHTYPE" speed="13.79" pos="21.03" lane="1/1to2/1_0" slope="0.00"/>
        <vehicle id="22" x="398.35" y="132.10" angle="0.00" type="DEFAULT_VEHTYPE" speed="12.65" pos="63.15" lane="2/1to2/0_0" slope="0.00"/>
        <vehicle id="23" x="389.41" y="401.65" angle="-90.00" type="DEFAULT_VEHTYPE" speed="9.22" pos="5.84" lane="2/2to1/2_0" slope="0.00"/>
        <vehicle id="24" x="201.65" y="163.09" angle="180.00" type="DEFAULT_VEHTYPE" speed="13.66" pos="163.09" lane="1/0to1/1_0" slope="0.00"/>
        <vehicle id="3" x="471.77" y="401.65" angle="-90.00" type="DEFAULT_VEHTYPE" speed="13.09" pos="123.48" lane="3/2to2/2_0" slope="0.00"/>
        <vehicle id="4" x="420.26" y="401.65" angle="-90.00" type="DEFAULT_VEHTYPE" speed="9.45" pos="174.99" lane="3/2to2/2_0" slope="0.00"/>
        <vehicle id="5" x="201.68" y="595.46" angle="179.67" type="DEFAULT_VEHTYPE" speed="13.82" pos="0.21" lane=":1/3_8_0" slope="0.00"/>
        <vehicle id="6" x="520.07" y="401.65" angle="-90.00" type="DEFAULT_VEHTYPE" speed="13.58" pos="75.18" lane="3/2to2/2_0" slope="0.00"/>
        <vehicle id="7" x="203.28" y="201.90" angle="-92.92" type="DEFAULT_VEHTYPE" speed="6.95" pos="1.50" lane=":1/1_4_0" slope="0.00"/>
        <vehicle id="8" x="281.40" y="198.35" angle="90.00" type="DEFAULT_VEHTYPE" speed="13.24" pos="76.65" lane="1/1to2/1_0" slope="0.00"/>
        <vehicle id="9" x="201.65" y="356.97" angle="180.00" type="DEFAULT_VEHTYPE" speed="12.62" pos="152.22" lane="1/1to1/2_0" slope="0.00"/>
    </timestep>
    <timestep time="170.00">
        <vehicle id="0" x="198.35" y="78.54" angle="0.00" type="DEFAULT_VEHTYPE" speed="13.86" pos="116.71" lane="1/1to1/0_0" slope="0.00"/>
        <vehicle id="1" x="198.35" y="394.28" angle="-11.99" type="DEFAULT_VEHTYPE" speed="9.18" pos="0.97" lane="1/2to1/1_0" slope="0.00"/>
        <vehicle id="11" x="398.35" y="729.74" angle="0.00" type="DEFAULT_VEHTYPE" speed="12.77" pos="70.26" lane="2/4to2/3_0" slope="0.00"/>
        <vehicle id="12" x="487.37" y="198.35" angle="90.00" type="DEFAULT_VEHTYPE" speed="13.36" pos="82.62" lane="2/1to3/1_0" slope="0.00"/>
        <vehicle id="14" x="398.35" y="654.56" angle="0.00" type="DEFAULT_VEHTYPE" speed="12.63" pos="145.44" lane="2/4to2/3_0" slope="0.00"/>
        <vehicle id="15" x="685.76" y="201.65" angle="-90.00" type="DEFAULT_VEHTYPE" speed="13.15" pos="114.24" lane="4/1to3/1_0" slope="0.00"/>
        <vehicle id="16" x="201.65" y="480.27" angle="180.00" type="DEFAULT_VEHTYPE" speed="13.27" pos="75.52" lane="1/2to1/3_0" slope="0.00"/>
        <vehicle id="17" x="401.65" y="623.51" angle="180.00" type="DEFAULT_VEHTYPE" speed="10.01" pos="18.76" lane="2/3to2/4_0" slope="0.00"/>
        <vehicle id="18" x="387.33" y="598.35" angle="90.00" type="DEFAULT_VEHTYPE" speed="5.05" pos="182.58" lane="1/3to2/3_0" slope="0.00"/>
        <vehicle id="19" x="398.35" y="689.73" angle="0.00" type="DEFAULT_VEHTYPE" speed="13.46" pos="110.27" lane="2/4to2/3_0" slope="0.00"/>
        <vehicle id="2" x="398.35" y="286.11" angle="0.00" type="DEFAULT_VEHTYPE" speed="13.29" pos="109.14" lane="2/2to2/1_0" slope="0.00"/>
        <vehicle id="20" x="92.43" y="201.65" angle="-90.00" type="DEFAULT_VEHTYPE" speed="12.69" pos="102.82" lane="1/1to0/1_0" slope="0.00"/>
        <vehicle id="21" x="238.65" y="198.35" angle="90.00" type="DEFAULT_VEHTYPE" speed="12.88" pos="33.90" lane="1/1to2/1_0" slope="0.00"/>
        <vehicle id="22" x="398.35" y="118.58" angle="0.00" type="DEFAULT_VEHTYPE" speed="13.53" pos="76.67" lane="2/1to2/0_0" slope="0.00"/>
        <vehicle id="23" x="377.87" y="401.65" angle="-90.00" type="DEFAULT_VEHTYPE" speed="11.54" pos="17.38" lane="2/2to1/2_0" slope="0.00"/>
        <vehicle id="24" x="201.65" y="175.81" angle="180.00" type="DEFAULT_VEHTYPE" speed="12.72" pos="175.81" lane="1/0to1/1_0" slope="0.00"/>
        <vehicle id="3" x="458.07" y="401.65" angle="-90.00" type="DEFAULT_VEHTYPE" speed="13.70" pos="137.18" lane="3/2to2/2_0" slope="0.00"/>
        <vehicle id="4" x="413.12" y="401.65" angle="-90.00" type="DEFAULT_VEHTYPE" speed="7.14" pos="182.13" lane="3/2to2/2_0" slope="0.00"/>
        <vehicle id="5" x="212.77" y="598.35" angle="90.00" type="DEFAULT_VEHTYPE" speed="12.81" pos="8.02" lane="1/3to2/3_0" slope="0.00"/>
        <vehicle id="6" x="507.46" y="401.65" angle="-90.00" type="DEFAULT_VEHTYPE" speed="12.61" pos="87.79" lane="3/2to2/2_0" slope="0.00"/>
        <vehicle id="7" x="201.65" y="210.37" angle="180.00" type="DEFAULT_VEHTYPE" speed="9.12" pos="5.62" lane="1/1to1/2_0" slope="0.00"/>
        <vehicle id="8" x="295.24" y="198.35" angle="90.00" type="DEFAULT_VEHTYPE" speed="13.84" pos="90.49" lane="1/1to2/1_0" slope="0.00"/>
        <vehicle id="9" x="201.65" y="370.03" angle="180.00" type="DEFAULT_VEHTYPE" speed="13.07" pos="165.28" lane="1/1to1/2_0" slope="0.00"/>
    </timestep>
    <timestep time="171.00">
        <vehicle id="0" x="198.35" y="65.64" angle="0.00" type="DEFAULT_VEHTYPE" speed="12.90" pos="129.61" lane="1/1to1/0_0" slope="0.00"/>
        <vehicle id="1" x="198.35" y="382.57" angle="0.00" type="DEFAULT_VEHTYPE" speed="11.71" pos="12.68" lane="1/2to1/1_0" slope="0.00"/>
        <vehicle id="11" x="398.35" y="716.98" angle="0.00" type="DEFAULT_VEHTYPE" speed="12.76" pos="83.02" lane="2/4to2/3_0" slope="0.00"/>
        <vehicle id="12" x="500.02" y="198.35" angle="90.00" type="DEFAULT_VEHTYPE" speed="12.65" pos="95.27" lane="2/1to3/1_0" slope="0.00"/>
        <vehicle id="14" x="398.35" y="641.69" angle="0.00" type="DEFAULT_VEHTYPE" speed="12.86" pos="158.31" lane="2/4to2/3_0" slope="0.00"/>
        <vehicle id="15" x="672.92" y="201.65" angle="-90.00" type="DEFAULT_VEHTYPE" speed="12.85" pos="127.08" lane="4/1to3/1_0" slope="0.00"/>
        <vehicle id="16" x="201.65" y="493.73" angle="180.00" type="DEFAULT_VEHTYPE" speed="13.45" pos="88.98" lane="1/2to1/3_0" slope="0.00"/>
        <vehicle id="17" x="401.65" y="635.68" angle="180.00" type="DEFAULT_VEHTYPE" speed="12.17" pos="30.93" lane="2/3to2/4_0" slope="0.00"/>
        <vehicle id="18" x="389.97" y="598.35" angle="90.00" type="DEFAULT_VEHTYPE" speed="2.64" pos="185.22" lane="1/3to2/3_0" slope="0.00"/>
        <vehicle id="19" x="398.35" y="675.91" angle="0.00" type="DEFAULT_VEHTYPE" speed="13.82" pos="124.09" lane="2/4to2/3_0" slope="0.00"/>
        <vehicle id="2" x="398.35" y="272.96" angle="0.00" type="DEFAULT_VEHTYPE" speed="13.15" pos="122.29" lane="2/2to2/1_0" slope="0.00"/>
        <vehicle id="20" x="79.14" y="201.65" angle="-90.00" type="DEFAULT_VEHTYPE" speed="13.29" pos="116.11" lane="1/1to0/1_0" slope="0.00"/>
        <vehicle id="21" x="252.25" y="198.35" angle="90.00" type="DEFAULT_VEHTYPE" speed="13.59" pos="47.50" lane="1/1to2/1_0" slope="0.00"/>
        <vehicle id="22" x="398.35" y="105.23" angle="0.00" type="DEFAULT_VEHTYPE" speed="13.35" pos="90.02" lane="2/1to2/0_0" slope="0.00"/>
        <vehicle id="23" x="364.11" y="401.65" angle="-90.00" type="DEFAULT_VEHTYPE" speed="13.76" pos="31.14" lane="2/2to1/2_0" slope="0.00"/>
        <vehicle id="24" x="201.65" y="189.05" angle="180.00" type="DEFAULT_VEHTYPE" speed="13.25" pos="189.05" lane="1/0to1/1_0" slope="0.00"/>
        <vehicle id="3" x="444.34" y="401.65" angle="-90.00" type="DEFAULT_VEHTYPE" speed="13.73" pos="150.91" lane="3/2to2/2_0" slope="0.00"/>
        <vehicle id="4" x="409.11" y="401.65" angle="-90.00" type="DEFAULT_VEHTYPE" speed="4.01" pos="186.14" lane="3/2to2/2_0" slope="0.00"/>
        <vehicle id="5" x="226.01" y="598.35" angle="90.00" type="DEFAULT_VEHTYPE" speed="13.24" pos="21.26" lane="1/3to2/3_0" slope="0.00"/>
        <vehicle id="6" x="493.68" y="401.65" angle="-90.00" type="DEFAULT_VEHTYPE" speed="13.78" pos="101.57" lane="3/2to2/2_0" slope="0.00"/>
        <vehicle id="7" x="201.65" y="221.29" angle="180.00" type="DEFAULT_VEHTYPE" speed="10.93" pos="16.54" lane="1/1to1/2_0" slope="0.00"/>
        <vehicle id="8" x="308.83" y="198.35" angle="90.00" type="DEFAULT_VEHTYPE" speed="13.59" pos="104.08" lane="1/1to2/1_0" slope="0.00"/>
        <vehicle id="9" x="201.65" y="383.63" angle="180.00" type="DEFAULT_VEHTYPE" speed="13.60" pos="178.88" lane="1/1to1/2_0" slope="0.00"/>
    </timestep>
    <timestep time="172.00">
        <vehicle id="0" x="198.35" y="51.89" angle="0.00" type="DEFAULT_VEHTYPE" speed="13.74" pos="143.36" lane="1/1to1/0_0" slope="0.00"/>
        <vehicle id="1" x="198.35" y="369.84" angle="0.00" type="DEFAULT_VEHTYPE" speed="12.73" pos="25.41" lane="1/2to1/1_0" slope="0.00"/>
        <vehicle id="11" x="398.35" y="703.36" angle="0.00" type="DEFAULT_VEHTYPE" speed="13.62" pos="96.64" lane="2/4to2/3_0" slope="0.00"/>
        <vehicle id="12" x="513.26" y="198.35" angle="90.00" type="DEFAULT_VEHTYPE" speed="13.24" pos="108.51" lane="2/1to3/1_0" slope="0.00"/>
        <vehicle id="14" x="398.35" y="628.80" angle="0.00" type="DEFAULT_VEHTYPE" speed="12.90" pos="171.20" lane="2/4to2/3_0" slope="0.00"/>
        <vehicle id="15" x="659.49" y="201.65" angle="-90.00" type="DEFAULT_VEHTYPE" speed="13.42" pos="140.51" lane="4/1to3/1_0" slope="0.00"/>
        <vehicle id="16" x="201.65" y="507.08" angle="180.00" type="DEFAULT_VEHTYPE" speed="13.36" pos="102.33" lane="1/2to1/3_0" slope="0.00"/>
        <vehicle id="17" x="401.65" y="649.47" angle="180.00" type="DEFAULT_VEHTYPE" speed="13.79" pos="44.72" lane="2/3to2/4_0" slope="0.00"/>
        <vehicle id="18" x="391.21" y="598.35" angle="90.00" type="DEFAULT_VEHTYPE" speed="1.23" pos="186.46" lane="1/3to2/3_0" slope="0.00"/>
        <vehicle id="19" x="398.35" y="662.14" angle="0.00" type="DEFAULT_VEHTYPE" speed="13.77" pos="137.86" lane="2/4to2/3_0" slope="0.00"/>
        <vehicle id="2" x="398.35" y="260.13" angle="0.00" type="DEFAULT_VEHTYPE" speed="12.83" pos="135.12" lane="2/2to2/1_0" slope="0.00"/>
        <vehicle id="20" x="66.54" y="201.65" angle="-90.00" type="DEFAULT_VEHTYPE" speed="12.60" pos="128.71" lane="1/1to0/1_0" slope="0.00"/>
        <vehicle id="21" x="265.17" y="198.35" angle="90.00" type="DEFAULT_VEHTYPE" speed="12.92" pos="60.42" lane="1/1to2/1_0" slope="0.00"/>
        <vehicle id="22" x="398.35" y="91.91" angle="0.00" type="DEFAULT_VEHTYPE" speed="13.31" pos="103.34" lane="2/1to2/0_0" slope="0.00"/>
        <vehicle id="23" x="351.00" y="401.65" angle="-90.00" type="DEFAULT_VEHTYPE" speed="13.11" pos="44.25" lane="2/2to1/2_0" slope="0.00"/>
        <vehicle id="24" x="206.22" y="198.35" angle="111.01" type="DEFAULT_VEHTYPE" speed="12.66" pos="1.47" lane="1/1to2/1_0" slope="0.00"/>
        <vehicle id="3" x="432.55" y="401.65" angle="-90.00" type="DEFAULT_VEHTYPE" speed="11.79" pos="162.70" lane="3/2to2/2_0" slope="0.00"/>
        <vehicle id="4" x="403.76" y="401.65" angle="-90.00" type="DEFAULT_VEHTYPE" speed="5.34" pos="0.99" lane=":2/2_5_0" slope="0.00"/>
        <vehicle id="5" x="239.43" y="598.35" angle="90.00" type="DEFAULT_VEHTYPE" speed="13.41" pos="34.68" lane="1/3to2/3_0" slope="0.00"/>
        <vehicle id="6" x="479.94" y="401.65" angle="-90.00" type="DEFAULT_VEHTYPE" speed="13.73" pos="115.31" lane="3/2to2/2_0" slope="0.00"/>
        <vehicle id="7" x="201.65" y="234.25" angle="180.00" type="DEFAULT_VEHTYPE" speed="12.95" pos="29.50" lane="1/1to1/2_0" slope="0.00"/>
        <vehicle id="8" x="321.92" y="198.35" angle="90.00" type="DEFAULT_VEHTYPE" speed="13.09" pos="117.17" lane="1/1to2/1_0" slope="0.00"/>
        <vehicle id="9" x="201.94" y="396.77" angle="176.67" type="DEFAULT_VEHTYPE" speed="13.18" pos="1.56" lane=":1/2_8_0" slope="0.00"/>
    </timestep>
    <timestep time="173.00">
        <vehicle id="0" x="198.35" y="38.88" angle="0.00" type="DEFAULT_VEHTYPE" speed="13.02" pos="156.37" lane="1/1to1/0_0" slope="0.00"/>
        <vehicle id="1" x="198.35" y="356.99" angle="0.00" type="DEFAULT_VEHTYPE" speed="12.85" pos="38.26" lane="1/2to1/1_0" slope="0.00"/>
        <vehicle id="11" x="398.35" y="689.62" angle="0.00" type="DEFAULT_VEHTYPE" speed="13.74" pos="110.38" lane="2/4to2/3_0" slope="0.00"/>
        <vehicle id="12" x="526.12" y="198.35" angle="90.00" type="DEFAULT_VEHTYPE" speed="12.86" pos="121.37" lane="2/1to3/1_0" slope="0.00"/>
        <vehicle id="14" x="398.35" y="615.71" angle="0.00" type="DEFAULT_VEHTYPE" speed="13.08" pos="184.29" lane="2/4to2/3_0" slope="0.00"/>
        <vehicle id="15" x="646.18" y="201.65" angle="-90.00" type="DEFAULT_VEHTYPE" speed="13.32" pos="153.82" lane="4/1to3/1_0" slope="0.00"/>
        <vehicle id="16" x="201.65" y="520.13" angle="180.00" type="DEFAULT_VEHTYPE" speed="13.05" pos="115.38" lane="1/2to1/3_0" slope="0.00"/>
        <vehicle id="17" x="401.65" y="662.59" angle="180.00" type="DEFAULT_VEHTYPE" speed="13.12" pos="57.84" lane="2/3to2/4_0" slope="0.00"/>
        <vehicle id="18" x="392.29" y="598.35" angle="90.00" type="DEFAULT_VEHTYPE" speed="1.08" pos="187.54" lane="1/3to2/3_0" slope="0.00"/>
        <vehicle id="19" x="398.35" y="649.00" angle="0.00" type="DEFAULT_VEHTYPE" speed="13.14" pos="151.00" lane="2/4to2/3_0" slope="0.00"/>
        <vehicle id="2" x="398.35" y="246.33" angle="0.00" type="DEFAULT_VEHTYPE" speed="13.80" pos="148.92" lane="2/2to2/1_0" slope="0.00"/>
        <vehicle id="20" x="53.62" y="201.65" angle="-90.00" type="DEFAULT_VEHTYPE" speed="12.92" pos="141.63" lane="1/1to0/1_0" slope="0.00"/>
        <vehicle id="21" x="278.64" y="198.35" angle="90.00" type="DEFAULT_VEHTYPE" speed="13.48" pos="73.89" lane="1/1to2/1_0" slope="0.00"/>
        <vehicle id="22" x="398.35" y="78.80" angle="0.00" type="DEFAULT_VEHTYPE" speed="13.11" pos="116.45" lane="2/1to2/0_0" slope="0.00"/>
        <vehicle id="23" x="338.16" y="401.65" angle="-90.00" type="DEFAULT_VEHTYPE" speed="12.84" pos="57.09" lane="2/2to1/2_0" slope="0.00"/>
        <vehicle id="24" x="219.57" y="198.35" angle="90.00" type="DEFAULT_VEHTYPE" speed="13.35" pos="14.82" lane="1/1to2/1_0" slope="0.00"/>
        <vehicle id="3" x="422.03" y="401.65" angle="-90.00" type="DEFAULT_VEHTYPE" speed="10.53" pos="173.22" lane="3/2to2/2_0" slope="0.00"/>
        <vehicle id="4" x="396.02" y="401.65" angle="-90.00" type="DEFAULT_VEHTYPE" speed="7.74" pos="8.73" lane=":2/2_5_0" slope="0.00"/>
        <vehicle id="5" x="252.04" y="598.35" angle="90.00" type="DEFAULT_VEHTYPE" speed="12.61" pos="47.29" lane="1/3to2/3_0" slope="0.00"/>
        <vehicle id="6" x="466.16" y="401.65" angle="-90.00" type="DEFAULT_VEHTYPE" speed="13.79" pos="129.09" lane="3/2to2/2_0" slope="0.00"/>
        <vehicle id="7" x="201.65" y="247.01" angle="180.00" type="DEFAULT_VEHTYPE" speed="12.77" pos="42.26" lane="1/1to1/2_0" slope="0.00"/>
        <vehicle id="8" x="335.47" y="198.35" angle="90.00" type="DEFAULT_VEHTYPE" speed="13.55" pos="130.72" lane="1/1to2/1_0" slope="0.00"/>
        <vehicle id="9" x="215.10" y="398.35" angle="90.00" type="DEFAULT_VEHTYPE" speed="13.79" pos="10.35" lane="1/2to2/2_0" slope="0.00"/>
    </timestep>
    <timestep time="174.00">
        <vehicle id="0" x="198.35" y="25.56" angle="0.00" type="DEFAULT_VEHTYPE" speed="13.32" pos="169.69" lane="1/1to1/0_0" slope="0.00"/>
        <vehicle id="1" x="198.35" y="343.43" angle="0.00" type="DEFAULT_VEHTYPE" speed="13.55" pos="51.82" lane="1/2to1/1_0" slope="0.00"/>
        <vehicle id="11" x="398.35" y="676.07" angle="0.00" type="DEFAULT_VEHTYPE" speed="13.55" pos="123.93" lane="2/4to2/3_0" slope="0.00"/>
        <vehicle id="12" x="539.33" y="198.35" angle="90.00" type="DEFAULT_VEHTYPE" speed="13.20" pos="134.58" lane="2/1to3/1_0" slope="0.00"/>
        <vehicle id="14" x="398.35" y="603.05" angle="0.00" type="DEFAULT_VEHTYPE" speed="12.66" pos="1.70" lane=":2/3_1_0" slope="0.00"/>
        <vehicle id="15" x="633.55" y="201.65" angle="-90.00" type="DEFAULT_VEHTYPE" speed="12.62" pos="166.45" lane="4/1to3/1_0" slope="0.00"/>
        <vehicle id="16" x="201.65" y="532.81" angle="180.00" type="DEFAULT_VEHTYPE" speed="12.68" pos="128.06" lane="1/2to1/3_0" slope="0.00"/>
        <vehicle id="17" x="401.65" y="675.25" angle="180.00" type="DEFAULT_VEHTYPE" speed="12.66" pos="70.50" lane="2/3to2/4_0" slope="0.00"/>
        <vehicle id="18" x="392.56" y="598.35" angle="90.00" type="DEFAULT_VEHTYPE" speed="0.27" pos="187.81" lane="1/3to2/3_0" slope="0.00"/>
        <vehicle id="19" x="398.35" y="635.41" angle="0.00" type="DEFAULT_VEHTYPE" speed="13.59" pos="164.59" lane="2/4to2/3_0" slope="0.00"/>
        <vehicle id="2" x="398.35" y="233.39" angle="0.00" type="DEFAULT_VEHTYPE" speed="12.94" pos="161.86" lane="2/2to2/1_0" slope="0.00"/>
        <vehicle id="20" x="40.01" y="201.65" angle="-90.00" type="DEFAULT_VEHTYPE" speed="13.61" pos="155.24" lane="1/1to0/1_0" slope="0.00"/>
        <vehicle id="21" x="291.97" y="198.35" angle="90.00" type="DEFAULT_VEHTYPE" speed="13.33" pos="87.22" lane="1/1to2/1_0" slope="0.00"/>
        <vehicle id="22" x="398.35" y="65.73" angle="0.00" type="DEFAULT_VEHTYPE" speed="13.07" pos="129.52" lane="2/1to2/0_0" slope="0.00"/>
        <vehicle id="23" x="325.24" y="401.65" angle="-90.00" type="DEFAULT_VEHTYPE" speed="12.92" pos="70.01" lane="2/2to1/2_0" slope="0.00"/>
        <vehicle id="24" x="232.86" y="198.35" angle="90.00" type="DEFAULT_VEHTYPE" speed="13.29" pos="28.11" lane="1/1to2/1_0" slope="0.00"/>
        <vehicle id="3" x="415.02" y="401.65" angle="-90.00" type="DEFAULT_VEHTYPE" speed="7.01" pos="180.23" lane="3/2to2/2_0" slope="0.00"/>
        <vehicle id="4" x="386.71" y="401.65" angle="-90.00" type="DEFAULT_VEHTYPE" speed="9.31" pos="8.54" lane="2/2to1/2_0" slope="0.00"/>
        <vehicle id="5" x="265.47" y="598.35" angle="90.00" type="DEFAULT_VEHTYPE" speed="13.43" pos="60.72" lane="1/3to2/3_0" slope="0.00"/>
        <vehicle id="6" x="452.82" y="401.65" angle="-90.00" type="DEFAULT_VEHTYPE" speed="13.33" pos="142.43" lane="3/2to2/2_0" slope="0.00"/>
        <vehicle id="7" x="201.65" y="260.35" angle="180.00" type="DEFAULT_VEHTYPE" speed="13.34" pos="55.60" lane="1/1to1/2_0" slope="0.00"/>
        <vehicle id="8" x="348.21" y="198.35" angle="90.00" type="DEFAULT_VEHTYPE" speed="12.74" pos="143.46" lane="1/1to2/1_0" slope="0.00"/>
        <vehicle id="9" x="228.38" y="398.35" angle="90.00" type="DEFAULT_VEHTYPE" speed="13.28" pos="23.63" lane="1/2to2/2_0" slope="0.00"/>
    </timestep>
    <timestep time="175.00">
        <vehicle id="0" x="198.35" y="12.34" angle="0.00" type="DEFAULT_VEHTYPE" speed="13.22" pos="182.91" lane="1/1to1/0_0" slope="0.00"/>
        <vehicle id="1" x="198.35" y="330.70" angle="0.00" type="DEFAULT_VEHTYPE" speed="12.73" pos="64.55" lane="1/2to1/1_0" slope="0.00"/>
        <vehicle id="11" x="398.35" y="662.58" angle="0.00" type="DEFAULT_VEHTYPE" speed="13.49" pos="137.42" lane="2/4to2/3_0" slope="0.00"/>
        <vehicle id="12" x="552.14" y="198.35" angle="90.00" type="DEFAULT_VEHTYPE" speed="12.81" pos="147.39" lane="2/1to3/1_0" slope="0.00"/>
        <vehicle id="14" x="398.35" y="590.39" angle="0.00" type="DEFAULT_VEHTYPE" speed="12.66" pos="4.86" lane="2/3to2/2_0" slope="0.00"/>
        <vehicle id="15" x="622.47" y="201.65" angle="-90.00" type="DEFAULT_VEHTYPE" speed="11.08" pos="177.53" lane="4/1to3/1_0" slope="0.00"/>
        <vehicle id="16" x="201.65" y="546.61" angle="180.00" type="DEFAULT_VEHTYPE" speed="13.79" pos="141.86" lane="1/2to1/3_0" slope="0.00"/>
        <vehicle id="17" x="401.65" y="687.88" angle="180.00" type="DEFAULT_VEHTYPE" speed="12.63" pos="83.13" lane="2/3to2/4_0" slope="0.00"/>
        <vehicle id="18" x="392.69" y="598.35" angle="90.00" type="DEFAULT_VEHTYPE" speed="0.12" pos="187.94" lane="1/3to2/3_0" slope="0.00"/>
        <vehicle id="19" x="398.35" y="622.39" angle="0.00" type="DEFAULT_VEHTYPE" speed="13.03" pos="177.61" lane="2/4to2/3_0" slope="0.00"/>
        <vehicle id="2" x="398.35" y="220.66" angle="0.00" type="DEFAULT_VEHTYPE" speed="12.73" pos="174.59" lane="2/2to2/1_0" slope="0.00"/>
        <vehicle id="20" x="26.23" y="201.65" angle="-90.00" type="DEFAULT_VEHTYPE" speed="13.78" pos="169.02" lane="1/1to0/1_0" slope="0.00"/>
        <vehicle id="21" x="305.70" y="198.35" angle="90.00" type="DEFAULT_VEHTYPE" speed="13.73" pos="100.95" lane="1/1to2/1_0" slope="0.00"/>
        <vehicle id="22" x="398.35" y="52.73" angle="0.00" type="DEFAULT_VEHTYPE" speed="13.00" pos="142.52" lane="2/1to2/0_0" slope="0.00"/>
        <vehicle id="23" x="311.97" y="401.65" angle="-90.00" type="DEFAULT_VEHTYPE" speed="13.28" pos="83.28" lane="2/2to1/2_0" slope="0.00"/>
        <vehicle id="24" x="245.93" y="198.35" angle="90.00" type="DEFAULT_VEHTYPE" speed="13.07" pos="41.18" lane="1/1to2/1_0" slope="0.00"/>
        <vehicle id="3" x="410.81" y="401.65" angle="-90.00" type="DEFAULT_VEHTYPE" speed="4.21" pos="184.44" lane="3/2to2/2_0" slope="0.00"/>
        <vehicle id="4" x="375.80" y="401.65" angle="-90.00" type="DEFAULT_VEHTYPE" speed="10.91" pos="19.45" lane="2/2to1/2_0" slope="0.00"/>
        <vehicle id="5" x="278.92" y="598.35" angle="90.00" type="DEFAULT_VEHTYPE" speed="13.45" pos="74.17" lane="1/3to2/3_0" slope="0.00"/>
        <vehicle id="6" x="439.82" y="401.65" angle="-90.00" type="DEFAULT_VEHTYPE" speed="13.00" pos="155.43" lane="3/2to2/2_0" slope="0.00"/>
        <vehicle id="7" x="201.65" y="273.99" angle="180.00" type="DEFAULT_VEHTYPE" speed="13.64" pos="69.24" lane="1/1to1/2_0" slope="0.00"/>
        <vehicle id="8" x="362.10" y="198.35" angle="90.00" type="DEFAULT_VEHTYPE" speed="13.89" pos="157.35" lane="1/1to2/1_0" slope="0.00"/>
        <vehicle id="9" x="241.94" y="398.35" angle="90.00" type="DEFAULT_VEHTYPE" speed="13.56" pos="37.19" lane="1/2to2/2_0" slope="0.00"/>
    </timestep>
    <timestep time="176.00">
        <vehicle id="0" x="198.89" y="-0.82" angle="6.39" type="DEFAULT_VEHTYPE" speed="13.33" pos="0.98" lane=":1/0_0_0" slope="0.00"/>
        <vehicle id="1" x="198.35" y="317.96" angle="0.00" type="DEFAULT_VEHTYPE" speed="12.74" pos="77.29" lane="1/2to1/1_0" slope="0.00"/>
        <vehicle id="11" x="398.35" y="649.88" angle="0.00" type="DEFAULT_VEHTYPE" speed="12.71" pos="150.12" lane="2/4to2/3_0" slope="0.00"/>
        <vehicle id="12" x="565.47" y="198.35" angle="90.00" type="DEFAULT_VEHTYPE" speed="13.33" pos="160.72" lane="2/1to3/1_0" slope="0.00"/>
        <vehicle id="14" x="398.35" y="577.09" angle="0.00" type="DEFAULT_VEHTYPE" speed="13.30" pos="18.16" lane="2/3to2/2_0" slope="0.00"/>
        <vehicle id="15" x="614.87" y="201.65" angle="-90.00" type="DEFAULT_VEHTYPE" speed="7.60" pos="185.13" lane="4/1to3/1_0" slope="0.00"/>
        <vehicle id="16" x="201.65" y="560.40" angle="180.00" type="DEFAULT_VEHTYPE" speed="13.79" pos="155.65" lane="1/2to1/3_0" slope="0.00"/>
        <vehicle id="17" x="401.65" y="701.51" angle="180.00" type="DEFAULT_VEHTYPE" speed="13.63" pos="96.76" lane="2/3to2/4_0" slope="0.00"/>
        <vehicle id="18" x="392.72" y="598.35" angle="90.00" type="DEFAULT_VEHTYPE" speed="0.03" pos="187.97" lane="1/3to2/3_0" slope="0.00"/>
        <vehicle id="19" x="398.35" y="608.81" angle="0.00" type="DEFAULT_VEHTYPE" speed="13.58" pos="191.19" lane="2/4to2/3_0" slope="0.00"/>
        <vehicle id="2" x="398.35" y="207.20" angle="0.00" type="DEFAULT_VEHTYPE" speed="13.46" pos="188.05" lane="2/2to2/1_0" slope="0.00"/>
        <vehicle id="20" x="13.51" y="201.65" angle="-90.00" type="DEFAULT_VEHTYPE" speed="12.72" pos="181.74" lane="1/1to0/1_0" slope="0.00"/>
        <vehicle id="21" x="319.60" y="198.35" angle="90.00" type="DEFAULT_VEHTYPE" speed="13.89" pos="114.85" lane="1/1to2/1_0" slope="0.00"/>
        <vehicle id="22" x="398.35" y="39.99" angle="0.00" type="DEFAULT_VEHTYPE" speed="12.73" pos="155.26" lane="2/1to2/0_0" slope="0.00"/>
        <vehicle id="23" x="298.27" y="401.65" angle="-90.00" type="DEFAULT_VEHTYPE" speed="13.70" pos="96.98" lane="2/2to1/2_0" slope="0.00"/>
        <vehicle id="24" x="258.91" y="198.35" angle="90.00" type="DEFAULT_VEHTYPE" speed="12.98" pos="54.16" lane="1/1to2/1_0" slope="0.00"/>
        <vehicle id="3" x="405.08" y="401.65" angle="-90.00" type="DEFAULT_VEHTYPE" speed="5.73" pos="190.17" lane="3/2to2/2_0" slope="0.00"/>
        <vehicle id="4" x="362.50" y="401.65" angle="-90.00" type="DEFAULT_VEHTYPE" speed="13.30" pos="32.75" lane="2/2to1/2_0" slope="0.00"/>
        <vehicle id="5" x="292.66" y="598.35" angle="90.00" type="DEFAULT_VEHTYPE" speed="13.74" pos="87.91" lane="1/3to2/3_0" slope="0.00"/>
        <vehicle id="6" x="430.17" y="401.65" angle="-90.00" type="DEFAULT_VEHTYPE" speed="9.65" pos="165.08" lane="3/2to2/2_0" slope="0.00"/>
        <vehicle id="7" x="201.65" y="287.80" angle="180.00" type="DEFAULT_VEHTYPE" speed="13.81" pos="83.05" lane="1/1to1/2_0" slope="0.00"/>
        <vehicle id="8" x="374.06" y="198.35" angle="90.00" type="DEFAULT_VEHTYPE" speed="11.96" pos="169.31" lane="1/1to2/1_0" slope="0.00"/>
        <vehicle id="9" x="255.76" y="398.35" angle="90.00" type="DEFAULT_VEHTYPE" speed="13.82" pos="51.01" lane="1/2to2/2_0" slope="0.00"/>
    </timestep>
    <timestep time="177.00">
        <vehicle id="0" x="201.65" y="9.91" angle="180.00" type="DEFAULT_VEHTYPE" speed="13.75" pos="9.91" lane="1/0to1/1_0" slope="0.00"/>
        <vehicle id="1" x="198.35" y="304.60" angle="0.00" type="DEFAULT_VEHTYPE" speed="13.36" pos="90.65" lane="1/2to1/1_0" slope="0.00"/>
        <vehicle id="11" x="398.35" y="636.42" angle="0.00" type="DEFAULT_VEHTYPE" speed="13.46" pos="163.58" lane="2/4to2/3_0" slope="0.00"/>
        <vehicle id="12" x="577.18" y="198.35" angle="90.00" type="DEFAULT_VEHTYPE" speed="11.71" pos="172.43" lane="2/1to3/1_0" slope="0.00"/>
        <vehicle id="14" x="398.35" y="563.76" angle="0.00" type="DEFAULT_VEHTYPE" speed="13.33" pos="31.49" lane="2/3to2/2_0" slope="0.00"/>
        <vehicle id="15" x="610.74" y="201.65" angle="-90.00" type="DEFAULT_VEHTYPE" speed="4.13" pos="189.26" lane="4/1to3/1_0" slope="0.00"/>
        <vehicle id="16" x="201.65" y="574.22" angle="180.00" type="DEFAULT_VEHTYPE" speed="13.83" pos="169.47" lane="1/2to1/3_0" slope="0.00"/>
        <vehicle id="17" x="401.65" y="714.27" angle="180.00" type="DEFAULT_VEHTYPE" speed="12.77" pos="109.52" lane="2/3to2/4_0" slope="0.00"/>
        <vehicle id="18" x="392.74" y="598.35" angle="90.00" type="DEFAULT_VEHTYPE" speed="0.02" pos="187.99" lane="1/3to2/3_0" slope="0.00"/>
        <vehicle id="19" x="398.35" y="595.55" angle="0.00" type="DEFAULT_VEHTYPE" speed="13.26" pos="9.20" lane=":2/3_1_0" slope="0.00"/>
        <vehicle id="2" x="398.35" y="193.70" angle="0.00" type="DEFAULT_VEHTYPE" speed="13.50" pos="1.55" lane="2/1to2/0_0" slope="0.00"/>
        <vehicle id="20" x="0.90" y="201.65" angle="-90.00" type="DEFAULT_VEHTYPE" speed="12.61" pos="194.35" lane="1/1to0/1_0" slope="0.00"/>
        <vehicle id="21" x="332.98" y="198.35" angle="90.00" type="DEFAULT_VEHTYPE" speed="13.38" pos="128.23" lane="1/1to2/1_0" slope="0.00"/>
        <vehicle id="22" x="398.35" y="27.37" angle="0.00" type="DEFAULT_VEHTYPE" speed="12.62" pos="167.88" lane="2/1to2/0_0" slope="0.00"/>
        <vehicle id="23" x="285.64" y="401.65" angle="-90.00" type="DEFAULT_VEHTYPE" speed="12.62" pos="109.61" lane="2/2to1/2_0" slope="0.00"/>
        <vehicle id="24" x="272.72" y="198.35" angle="90.00" type="DEFAULT_VEHTYPE" speed="13.81" pos="67.97" lane="1/1to2/1_0" slope="0.00"/>
        <vehicle id="3" x="397.02" y="401.65" angle="-90.00" type="DEFAULT_VEHTYPE" speed="8.06" pos="7.73" lane=":2/2_5_0" slope="0.00"/>
        <vehicle id="4" x="349.01" y="401.65" angle="-90.00" type="DEFAULT_VEHTYPE" speed="13.49" pos="46.24" lane="2/2to1/2_0" slope="0.00"/>
        <vehicle id="5" x="305.57" y="598.35" angle="90.00" type="DEFAULT_VEHTYPE" speed="12.91" pos="100.82" lane="1/3to2/3_0" slope="0.00"/>
        <vehicle id="6" x="420.75" y="401.65" angle="-90.00" type="DEFAULT_VEHTYPE" speed="9.42" pos="174.50" lane="3/2to2/2_0" slope="0.00"/>
        <vehicle id="7" x="201.65" y="301.18" angle="180.00" type="DEFAULT_VEHTYPE" speed="13.38" pos="96.43" lane="1/1to1/2_0" slope="0.00"/>
        <vehicle id="8" x="382.06" y="198.35" angle="90.00" type="DEFAULT_VEHTYPE" speed="8.00" pos="177.31" lane="1/1to2/1_0" slope="0.00"/>
        <vehicle id="9" x="268.51" y="398.35" angle="90.00" type="DEFAULT_VEHTYPE" speed="12.75" pos="63.76" lane="1/2to2/2_0" slope="0.00"/>
    </timestep>
    <timestep time="178.00">
        <vehicle id="0" x="201.65" y="23.64" angle="180.00" type="DEFAULT_VEHTYPE" speed="13.73" pos="23.64" lane="1/0to1/1_0" slope="0.00"/>
        <vehicle id="1" x="198.35" y="291.55" angle="0.00" type="DEFAULT_VEHTYPE" speed="13.05" pos="103.70" lane="1/2to1/1_0" slope="0.00"/>
        <vehicle id="11" x="398.35" y="623.52" angle="0.00" type="DEFAULT_VEHTYPE" speed="12.90" pos="176.48" lane="2/4to2/3_0" slope="0.00"/>
        <vehicle id="12" x="584.38" y="198.35" angle="90.00" type="DEFAULT_VEHTYPE" speed="7.21" pos="179.63" lane="2/1to3/1_0" slope="0.00"/>
        <vehicle id="14" x="398.35" y="550.84" angle="0.00" type="DEFAULT_VEHTYPE" speed="12.92" pos="44.41" lane="2/3to2/2_0" slope="0.00"/>
        <vehicle id="15" x="604.94" y="201.65" angle="-90.00" type="DEFAULT_VEHTYPE" speed="5.80" pos="195.06" lane="4/1to3/1_0" slope="0.00"/>
        <vehicle id="16" x="201.65" y="587.74" angle="180.00" type="DEFAULT_VEHTYPE" speed="13.51" pos="182.99" lane="1/2to1/3_0" slope="0.00"/>
        <vehicle id="17" x="401.65" y="727.88" angle="180.00" type="DEFAULT_VEHTYPE" speed="13.60" pos="123.13" lane="2/3to2/4_0" slope="0.00"/>
        <vehicle id="18" x="392.75" y="598.35" angle="90.00" type="DEFAULT_VEHTYPE" speed="0.01" pos="188.00" lane="1/3to2/3_0" slope="0.00"/>
        <vehicle id="19" x="398.35" y="582.54" angle="0.00" type="DEFAULT_VEHTYPE" speed="13.01" pos="12.71" lane="2/3to2/2_0" slope="0.00"/>
        <vehicle id="2" x="398.35" y="180.86" angle="0.00" type="DEFAULT_VEHTYPE" speed="12.84" pos="14.39" lane="2/1to2/0_0" slope="0.00"/>
        <vehicle id="20" x="7.59" y="198.35" angle="90.00" type="DEFAULT_VEHTYPE" speed="13.30" pos="7.59" lane="0/1to1/1_0" slope="0.00"/>
        <vehicle id="21" x="346.04" y="198.35" angle="90.00" type="DEFAULT_VEHTYPE" speed="13.06" pos="141.29" lane="1/1to2/1_0" slope="0.00"/>
        <vehicle id="22" x="398.35" y="14.66" angle="0.00" type="DEFAULT_VEHTYPE" speed="12.71" pos="180.59" lane="2/1to2/0_0" slope="0.00"/>
        <vehicle id="23" x="272.31" y="401.65" angle="-90.00" type="DEFAULT_VEHTYPE" speed="13.34" pos="122.94" lane="2/2to1/2_0" slope="0.00"/>
        <vehicle id="24" x="285.75" y="198.35" angle="90.00" type="DEFAULT_VEHTYPE" speed="13.04" pos="81.00" lane="1/1to2/1_0" slope="0.00"/>
        <vehicle id="3" x="387.51" y="401.65" angle="-90.00" type="DEFAULT_VEHTYPE" speed="9.51" pos="7.74" lane="2/2to1/2_0" slope="0.00"/>
        <vehicle id="4" x="335.82" y="401.65" angle="-90.00" type="DEFAULT_VEHTYPE" speed="13.19" pos="59.43" lane="2/2to1/2_0" slope="0.00"/>
        <vehicle id="5" x="318.43" y="598.35" angle="90.00" type="DEFAULT_VEHTYPE" speed="12.86" pos="113.68" lane="1/3to2/3_0" slope="0.00"/>
        <vehicle id="6" x="414.18" y="401.65" angle="-90.00" type="DEFAULT_VEHTYPE" speed="6.57" pos="181.07" lane="3/2to2/2_0" slope="0.00"/>
        <vehicle id="7" x="201.65" y="313.89" angle="180.00" type="DEFAULT_VEHTYPE" speed="12.70" pos="109.14" lane="1/1to1/2_0" slope="0.00"/>
        <vehicle id="8" x="387.94" y="198.35" angle="90.00" type="DEFAULT_VEHTYPE" speed="5.88" pos="183.19" lane="1/1to2/1_0" slope="0.00"/>
        <vehicle id="9" x="282.30" y="398.35" angle="90.00" type="DEFAULT_VEHTYPE" speed="13.80" pos="77.55" lane="1/2to2/2_0" slope="0.00"/>
    </timestep>
    <timestep time="179.00">
        <vehicle id="0" x="201.65" y="37.07" angle="180.00" type="DEFAULT_VEHTYPE" speed="13.42" pos="37.07" lane="1/0to1/1_0" slope="0.00"/>
        <vehicle id="1" x="198.35" y="278.33" angle="0.00" type="DEFAULT_VEHTYPE" speed="13.22" pos="116.92" lane="1/2to1/1_0" slope="0.00"/>
        <vehicle id="11" x="398.35" y="610.41" angle="0.00" type="DEFAULT_VEHTYPE" speed="13.11" pos="189.59" lane="2/4to2/3_0" slope="0.00"/>
        <vehicle id="12" x="589.60" y="198.35" angle="90.00" type="DEFAULT_VEHTYPE" speed="5.22" pos="184.85" lane="2/1to3/1_0" slope="0.00"/>
        <vehicle id="14" x="398.35" y="538.05" angle="0.00" type="DEFAULT_VEHTYPE" speed="12.79" pos="57.20" lane="2/3to2/2_0" slope="0.00"/>
        <vehicle id="15" x="601.65" y="206.80" angle="-165.79" type="DEFAULT_VEHTYPE" speed="7.24" pos="2.05" lane="3/1to3/2_0" slope="0.00"/>
        <vehicle id="16" x="205.28" y="598.35" angle="125.92" type="DEFAULT_VEHTYPE" speed="13.04" pos="0.53" lane="1/3to2/3_0" slope="0.00"/>
        <vehicle id="17" x="401.65" y="741.63" angle="180.00" type="DEFAULT_VEHTYPE" speed="13.75" pos="136.88" lane="2/3to2/4_0" slope="0.00"/>
        <vehicle id="18" x="392.75" y="598.35" angle="90.00" type="DEFAULT_VEHTYPE" speed="0.00" pos="188.00" lane="1/3to2/3_0" slope="0.00"/>
        <vehicle id="19" x="398.35" y="569.33" angle="0.00" type="DEFAULT_VEHTYPE" speed="13.21" pos="25.92" lane="2/3to2/2_0" slope="0.00"/>
        <vehicle id="2" x="398.35" y="167.87" angle="0.00" type="DEFAULT_VEHTYPE" speed="12.98" pos="27.38" lane="2/1to2/0_0" slope="0.00"/>
        <vehicle id="20" x="20.75" y="198.35" angle="90.00" type="DEFAULT_VEHTYPE" speed="13.17" pos="20.75" lane="0/1to1/1_0" slope="0.00"/>
        <vehicle id="21" x="359.43" y="198.35" angle="90.00" type="DEFAULT_VEHTYPE" speed="13.39" pos="154.68" lane="1/1to2/1_0" slope="0.00"/>
        <vehicle id="22" x="398.35" y="1.14" angle="0.00" type="DEFAULT_VEHTYPE" speed="13.53" pos="194.11" lane="2/1to2/0_0" slope="0.00"/>
        <vehicle id="23" x="259.23" y="401.65" angle="-90.00" type="DEFAULT_VEHTYPE" speed="13.08" pos="136.02" lane="2/2to1/2_0" slope="0.00"/>
        <vehicle id="24" x="299.51" y="198.35" angle="90.00" type="DEFAULT_VEHTYPE" speed="13.75" pos="94.76" lane="1/1to2/1_0" slope="0.00"/>
        <vehicle id="3" x="376.51" y="401.65" angle="-90.00" type="DEFAULT_VEHTYPE" speed="11.00" pos="18.74" lane="2/2to1/2_0" slope="0.00"/>
        <vehicle id="4" x="321.95" y="401.65" angle="-90.00" type="DEFAULT_VEHTYPE" speed="13.86" pos="73.30" lane="2/2to1/2_0" slope="0.00"/>
        <vehicle id="5" x="332.23" y="598.35" angle="90.00" type="DEFAULT_VEHTYPE" speed="13.80" pos="127.48" lane="1/3to2/3_0" slope="0.00"/>
        <vehicle id="6" x="410.40" y="401.65" angle="-90.00" type="DEFAULT_VEHTYPE" speed="3.78" pos="184.85" lane="3/2to2/2_0" slope="0.00"/>
        <vehicle id="7" x="201.65" y="327.57" angle="180.00" type="DEFAULT_VEHTYPE" speed="13.68" pos="122.82" lane="1/1to1/2_0" slope="0.00"/>
        <vehicle id="8" x="390.65" y="198.35" angle="90.00" type="DEFAULT_VEHTYPE" speed="2.72" pos="185.90" lane="1/1to2/1_0" slope="0.00"/>
        <vehicle id="9" x="295.88" y="398.35" angle="90.00" type="DEFAULT_VEHTYPE" speed="13.58" pos="91.13" lane="1/2to2/2_0" slope="0.00"/>
    </timestep>
    <timestep time="180.00">
        <vehicle id="0" x="201.65" y="50.28" angle="180.00" type="DEFAULT_VEHTYPE" speed="13.21" pos="50.28" lane="1/0to1/1_0" slope="0.00"/>
        <vehicle id="1" x="198.35" y="265.57" angle="0.00" type="DEFAULT_VEHTYPE" speed="12.76" pos="129.68" lane="1/2to1/1_0" slope="0.00"/>
        <vehicle id="11" x="398.35" y="596.61" angle="0.00" type="DEFAULT_VEHTYPE" speed="13.80" pos="8.14" lane=":2/3_1_0" slope="0.00"/>
        <vehicle id="12" x="597.38" y="198.35" angle="90.00" type="DEFAULT_VEHTYPE" speed="7.77" pos="2.13" lane=":3/1_13_0" slope="0.00"/>
        <vehicle id="14" x="398.35" y="524.20" angle="0.00" type="DEFAULT_VEHTYPE" speed="13.85" pos="71.05" lane="2/3to2/2_0" slope="0.00"/>
        <vehicle id="15" x="601.65" y="215.43" angle="180.00" type="DEFAULT_VEHTYPE" speed="8.64" pos="10.68" lane="3/1to3/2_0" slope="0.00"/>
        <vehicle id="16" x="218.95" y="598.35" angle="90.00" type="DEFAULT_VEHTYPE" speed="13.68" pos="14.20" lane="1/3to2/3_0" slope="0.00"/>
        <vehicle id="17" x="401.65" y="754.44" angle="180.00" type="DEFAULT_VEHTYPE" speed="12.80" pos="149.69" lane="2/3to2/4_0" slope="0.00"/>
        <vehicle id="18" x="392.75" y="598.35" angle="90.00" type="DEFAULT_VEHTYPE" speed="0.00" pos="188.00" lane="1/3to2/3_0" slope="0.00"/>
        <vehicle id="19" x="398.35" y="556.30" angle="0.00" type="DEFAULT_VEHTYPE" speed="13.03" pos="38.95" lane="2/3to2/2_0" slope="0.00"/>
        <vehicle id="2" x="398.35" y="154.56" angle="0.00" type="DEFAULT_VEHTYPE" speed="13.31" pos="40.69" lane="2/1to2/0_0" slope="0.00"/>
        <vehicle id="20" x="33.37" y="198.35" angle="90.00" type="DEFAULT_VEHTYPE" speed="12.62" pos="33.37" lane="0/1to1/1_0" slope="0.00"/>
        <vehicle id="21" x="369.88" y="198.35" angle="90.00" type="DEFAULT_VEHTYPE" speed="10.46" pos="165.13" lane="1/1to2/1_0" slope="0.00"/>
        <vehicle id="22" x="401.65" y="7.38" angle="180.00" type="DEFAULT_VEHTYPE" speed="13.33" pos="7.38" lane="2/0to2/1_0" slope="0.00"/>
        <vehicle id="23" x="245.84" y="401.65" angle="-90.00" type="DEFAULT_VEHTYPE" speed="13.39" pos="149.41" lane="2/2to1/2_0" slope="0.00"/>
        <vehicle id="24" x="312.18" y="198.35" angle="90.00" type="DEFAULT_VEHTYPE" speed="12.68" pos="107.43" lane="1/1to2/1_0" slope="0.00"/>
        <vehicle id="3" x="363.87" y="401.65" angle="-90.00" type="DEFAULT_VEHTYPE" speed="12.64" pos="31.38" lane="2/2to1/2_0" slope="0.00"/>
        <vehicle id="4" x="309.29" y="401.65" angle="-90.00" type="DEFAULT_VEHTYPE" speed="12.67" pos="85.96" lane="2/2to1/2_0" slope="0.00"/>
        <vehicle id="5" x="344.92" y="598.35" angle="90.00" type="DEFAULT_VEHTYPE" speed="12.69" pos="140.17" lane="1/3to2/3_0" slope="0.00"/>
        <vehicle id="6" x="404.24" y="401.65" angle="-90.00" type="DEFAULT_VEHTYPE" speed="6.16" pos="0.51" lane=":2/2_5_0" slope="0.00"/>
        <vehicle id="7" x="201.65" y="340.63" angle="180.00" type="DEFAULT_VEHTYPE" speed="13.06" pos="135.88" lane="1/1to1/2_0" slope="0.00"/>
        <vehicle id="8" x="395.92" y="198.35" angle="90.00" type="DEFAULT_VEHTYPE" speed="5.26" pos="0.67" lane=":2/1_13_0" slope="0.00"/>
        <vehicle id="9" x="308.87" y="398.35" angle="90.00" type="DEFAULT_VEHTYPE" speed="12.99" pos="104.12" lane="1/2to2/2_0" slope="0.00"/>
    </timestep>
    <timestep time="181.00">
        <vehicle id="0" x="201.65" y="63.96" angle="180.00" type="DEFAULT_VEHTYPE" speed="13.68" pos="63.96" lane="1/0to1/1_0" slope="0.00"/>
        <vehicle id="1" x="198.35" y="251.97" angle="0.00" type="DEFAULT_VEHTYPE" speed="13.60" pos="143.28" lane="1/2to1/1_0" slope="0.00"/>
        <vehicle id="11" x="398.35" y="582.98" angle="0.00" type="DEFAULT_VEHTYPE" speed="13.63" pos="12.27" lane="2/3to2/2_0" slope="0.00"/>
        <vehicle id="12" x="606.60" y="198.35" angle="90.00" type="DEFAULT_VEHTYPE" speed="9.22" pos="1.85" lane="3/1to4/1_0" slope="0.00"/>
        <vehicle id="14" x="398.35" y="511.27" angle="0.00" type="DEFAULT_VEHTYPE" speed="12.93" pos="83.98" lane="2/3to2/2_0" slope="0.00"/>
        <vehicle id="15" x="601.65" y="226.34" angle="180.00" type="DEFAULT_VEHTYPE" speed="10.91" pos="21.59" lane="3/1to3/2_0" slope="0.00"/>
        <vehicle id="16" x="231.78" y="598.35" angle="90.00" type="DEFAULT_VEHTYPE" speed="12.83" pos="27.03" lane="1/3to2/3_0" slope="0.00"/>
        <vehicle id="17" x="401.65" y="768.31" angle="180.00" type="DEFAULT_VEHTYPE" speed="13.87" pos="163.56" lane="2/3to2/4_0" slope="0.00"/>
        <vehicle id="18" x="394.39" y="598.35" angle="90.00" type="DEFAULT_VEHTYPE" speed="1.65" pos="189.64" lane="1/3to2/3_0" slope="0.00"/>
        <vehicle id="19" x="398.35" y="542.44" angle="0.00" type="DEFAULT_VEHTYPE" speed="13.87" pos="52.81" lane="2/3to2/2_0" slope="0.00"/>
        <vehicle id="2" x="398.35" y="140.85" angle="0.00" type="DEFAULT_VEHTYPE" speed="13.71" pos="54.40" lane="2/1to2/0_0" slope="0.00"/>
        <vehicle id="20" x="46.24" y="198.35" angle="90.00" type="DEFAULT_VEHTYPE" speed="12.86" pos="46.24" lane="0/1to1/1_0" slope="0.00"/>
        <vehicle id="21" x="379.73" y="198.35" angle="90.00" type="DEFAULT_VEHTYPE" speed="9.85" pos="174.98" lane="1/1to2/1_0" slope="0.00"/>
        <vehicle id="22" x="401.65" y="21.06" angle="180.00" type="DEFAULT_VEHTYPE" speed="13.69" pos="21.06" lane="2/0to2/1_0" slope="0.00"/>
        <vehicle id="23" x="232.24" y="401.65" angle="-90.00" type="DEFAULT_VEHTYPE" speed="13.60" pos="163.01" lane="2/2to1/2_0" slope="0.00"/>
        <vehicle id="24" x="325.57" y="198.35" angle="90.00" type="DEFAULT_VEHTYPE" speed="13.38" pos="120.82" lane="1/1to2/1_0" slope="0.00"/>
        <vehicle id="3" x="351.17" y="401.65" angle="-90.00" type="DEFAULT_VEHTYPE" speed="12.70" pos="44.08" lane="2/2to1/2_0" slope="0.00"/>
        <vehicle id="4" x="296.59" y="401.65" angle="-90.00" type="DEFAULT_VEHTYPE" speed="12.70" pos="98.66" lane="2/2to1/2_0" slope="0.00"/>
        <vehicle id="5" x="357.99" y="598.35" angle="90.00" type="DEFAULT_VEHTYPE" speed="13.08" pos="153.24" lane="1/3to2/3_0" slope="0.00"/>
        <vehicle id="6" x="396.05" y="401.65" angle="-90.00" type="DEFAULT_VEHTYPE" speed="8.19" pos="8.70" lane=":2/2_5_0" slope="0.00"/>
        <vehicle id="7" x="201.65" y="353.99" angle="180.00" type="DEFAULT_VEHTYPE" speed="13.37" pos="149.24" lane="1/1to1/2_0" slope="0.00"/>
        <vehicle id="8" x="403.28" y="198.35" angle="90.00" type="DEFAULT_VEHTYPE" speed="7.36" pos="8.03" lane=":2/1_13_0" slope="0.00"/>
        <vehicle id="9" x="322.74" y="398.35" angle="90.00" type="DEFAULT_VEHTYPE" speed="13.87" pos="117.99" lane="1/2to2/2_0" slope="0.00"/>
    </timestep>
    <timestep time="182.00">
        <vehicle id="0" x="201.65" y="77.15" angle="180.00" type="DEFAULT_VEHTYPE" speed="13.19" pos="77.15" lane="1/0to1/1_0" slope="0.00"/>
        <vehicle id="1" x="198.35" y="238.63" angle="0.00" type="DEFAULT_VEHTYPE" speed="13.34" pos="156.62" lane="1/2to1/1_0" slope="0.00"/>
        <vehicle id="11" x="398.35" y="569.40" angle="0.00" type="DEFAULT_VEHTYPE" speed="13.58" pos="25.85" lane="2/3to2/2_0" slope="0.00"/>
        <vehicle id="12" x="617.47" y="198.35" angle="90.00" type="DEFAULT_VEHTYPE" speed="10.87" pos="12.72" lane="3/1to4/1_0" slope="0.00"/>
        <vehicle id="14" x="398.35" y="498.25" angle="0.00" type="DEFAULT_VEHTYPE" speed="13.02" pos="97.00" lane="2/3to2/2_0" slope="0.00"/>
        <vehicle id="15" x="601.65" y="239.17" angle="180.00" type="DEFAULT_VEHTYPE" speed="12.83" pos="34.42" lane="3/1to3/2_0" slope="0.00"/>
        <vehicle id="16" x="244.92" y="598.35" angle="90.00" type="DEFAULT_VEHTYPE" speed="13.14" pos="40.17" lane="1/3to2/3_0" slope="0.00"/>
        <vehicle id="17" x="401.65" y="781.79" angle="180.00" type="DEFAULT_VEHTYPE" speed="13.48" pos="177.04" lane="2/3to2/4_0" slope="0.00"/>
        <vehicle id="18" x="397.89" y="598.73" angle="94.34" type="DEFAULT_VEHTYPE" speed="3.52" pos="2.67" lane=":2/3_14_0" slope="0.00"/>
        <vehicle id="19" x="398.35" y="529.04" angle="0.00" type="DEFAULT_VEHTYPE" speed="13.39" pos="66.21" lane="2/3to2/2_0" slope="0.00"/>
        <vehicle id="2" x="398.35" y="127.29" angle="0.00" type="DEFAULT_VEHTYPE" speed="13.56" pos="67.96" lane="2/1to2/0_0" slope="0.00"/>
        <vehicle id="20" x="59.83" y="198.35" angle="90.00" type="DEFAULT_VEHTYPE" speed="13.59" pos="59.83" lane="0/1to1/1_0" slope="0.00"/>
        <vehicle id="21" x="386.83" y="198.35" angle="90.00" type="DEFAULT_VEHTYPE" speed="7.10" pos="182.08" lane="1/1to2/1_0" slope="0.00"/>
        <vehicle id="22" x="401.65" y="33.88" angle="180.00" type="DEFAULT_VEHTYPE" speed="12.82" pos="33.88" lane="2/0to2/1_0" slope="0.00"/>
        <vehicle id="23" x="221.77" y="401.65" angle="-90.00" type="DEFAULT_VEHTYPE" speed="10.48" pos="173.48" lane="2/2to1/2_0" slope="0.00"/>
        <vehicle id="24" x="338.18" y="198.35" angle="90.00" type="DEFAULT_VEHTYPE" speed="12.61" pos="133.43" lane="1/1to2/1_0" slope="0.00"/>
        <vehicle id="3" x="338.51" y="401.65" angle="-90.00" type="DEFAULT_VEHTYPE" speed="12.66" pos="56.74" lane="2/2to1/2_0" slope="0.00"/>
        <vehicle id="4" x="283.32" y="401.65" angle="-90.00" type="DEFAULT_VEHTYPE" speed="13.26" pos="111.93" lane="2/2to1/2_0" slope="0.00"/>
        <vehicle id="5" x="370.18" y="598.35" angle="90.00" type="DEFAULT_VEHTYPE" speed="12.19" pos="165.43" lane="1/3to2/3_0" slope="0.00"/>
        <vehicle id="6" x="385.55" y="401.65" angle="-90.00" type="DEFAULT_VEHTYPE" speed="10.51" pos="9.70" lane="2/2to1/2_0" slope="0.00"/>
        <vehicle id="7" x="201.65" y="366.78" angle="180.00" type="DEFAULT_VEHTYPE" speed="12.79" pos="162.03" lane="1/1to1/2_0" slope="0.00"/>
        <vehicle id="8" x="412.15" y="198.35" angle="90.00" type="DEFAULT_VEHTYPE" speed="8.87" pos="7.40" lane="2/1to3/1_0" slope="0.00"/>
        <vehicle id="9" x="336.10" y="398.35" angle="90.00" type="DEFAULT_VEHTYPE" speed="13.36" pos="131.35" lane="1/2to2/2_0" slope="0.00"/>
    </timestep>
    <timestep time="183.00">
        <vehicle id="0" x="201.65" y="90.43" angle="180.00" type="DEFAULT_VEHTYPE" speed="13.28" pos="90.43" lane="1/0to1/1_0" slope="0.00"/>
        <vehicle id="1" x="198.35" y="224.86" angle="0.00" type="DEFAULT_VEHTYPE" speed="13.77" pos="170.39" lane="1/2to1/1_0" slope="0.00"/>
        <vehicle id="11" x="398.35" y="556.12" angle="0.00" type="DEFAULT_VEHTYPE" speed="13.28" pos="39.13" lane="2/3to2/2_0" slope="0.00"/>
        <vehicle id="12" x="630.09" y="198.35" angle="90.00" type="DEFAULT_VEHTYPE" speed="12.62" pos="25.34" lane="3/1to4/1_0" slope="0.00"/>
        <vehicle id="14" x="398.35" y="484.68" angle="0.00" type="DEFAULT_VEHTYPE" speed="13.57" pos="110.57" lane="2/3to2/2_0" slope="0.00"/>
        <vehicle id="15" x="601.65" y="252.70" angle="180.00" type="DEFAULT_VEHTYPE" speed="13.53" pos="47.95" lane="3/1to3/2_0" slope="0.00"/>
        <vehicle id="16" x="257.82" y="598.35" angle="90.00" type="DEFAULT_VEHTYPE" speed="12.90" pos="53.07" lane="1/3to2/3_0" slope="0.00"/>
        <vehicle id="17" x="401.65" y="794.87" angle="180.00" type="DEFAULT_VEHTYPE" speed="13.08" pos="190.12" lane="2/3to2/4_0" slope="0.00"/>
        <vehicle id="18" x="401.41" y="603.10" angle="145.86" type="DEFAULT_VEHTYPE" speed="5.98" pos="8.65" lane=":2/3_14_0" slope="0.00"/>
        <vehicle id="19" x="398.35" y="516.09" angle="0.00" type="DEFAULT_VEHTYPE" speed="12.95" pos="79.16" lane="2/3to2/2_0" slope="0.00"/>
        <vehicle id="2" x="398.35" y="114.00" angle="0.00" type="DEFAULT_VEHTYPE" speed="13.29" pos="81.25" lane="2/1to2/0_0" slope="0.00"/>
        <vehicle id="20" x="73.36" y="198.35" angle="90.00" type="DEFAULT_VEHTYPE" speed="13.53" pos="73.36" lane="0/1to1/1_0" slope="0.00"/>
        <vehicle id="21" x="389.76" y="198.35" angle="90.00" type="DEFAULT_VEHTYPE" speed="2.92" pos="185.01" lane="1/1to2/1_0" slope="0.00"/>
        <vehicle id="22" x="401.65" y="47.22" angle="180.00" type="DEFAULT_VEHTYPE" speed="13.35" pos="47.22" lane="2/0to2/1_0" slope="0.00"/>
        <vehicle id="23" x="214.70" y="401.65" angle="-90.00" type="DEFAULT_VEHTYPE" speed="7.06" pos="180.55" lane="2/2to1/2_0" slope="0.00"/>
        <vehicle id="24" x="351.98" y="198.35" angle="90.00" type="DEFAULT_VEHTYPE" speed="13.81" pos="147.23" lane="1/1to2/1_0" slope="0.00"/>
        <vehicle id="3" x="325.48" y="401.65" angle="-90.00" type="DEFAULT_VEHTYPE" speed="13.03" pos="69.77" lane="2/2to1/2_0" slope="0.00"/>
        <vehicle id="4" x="270.38" y="401.65" angle="-90.00" type="DEFAULT_VEHTYPE" speed="12.94" pos="124.87" lane="2/2to1/2_0" slope="0.00"/>
        <vehicle id="5" x="378.90" y="598.35" angle="90.00" type="DEFAULT_VEHTYPE" speed="8.72" pos="174.15" lane="1/3to2/3_0" slope="0.00"/>
        <vehicle id="6" x="372.73" y="401.65" angle="-90.00" type="DEFAULT_VEHTYPE" speed="12.82" pos="22.52" lane="2/2to1/2_0" slope="0.00"/>
        <vehicle id="7" x="201.65" y="380.54" angle="180.00" type="DEFAULT_VEHTYPE" speed="13.76" pos="175.79" lane="1/1to1/2_0" slope="0.00"/>
        <vehicle id="8" x="423.29" y="198.35" angle="90.00" type="DEFAULT_VEHTYPE" speed="11.14" pos="18.54" lane="2/1to3/1_0" slope="0.00"/>
        <vehicle id="9" x="348.92" y="398.35" angle="90.00" type="DEFAULT_VEHTYPE" speed="12.82" pos="144.17" lane="1/2to2/2_0" slope="0.00"/>
    </timestep>
    <timestep time="184.00">
        <vehicle id="0" x="201.65" y="103.08" angle="180.00" type="DEFAULT_VEHTYPE" speed="12.65" pos="103.08" lane="1/0to1/1_0" slope="0.00"/>
        <vehicle id="1" x="198.35" y="211.62" angle="0.00" type="DEFAULT_VEHTYPE" speed="13.24" pos="183.63" lane="1/2to1/1_0" slope="0.00"/>
        <vehicle id="11" x="398.35" y="542.37" angle="0.00" type="DEFAULT_VEHTYPE" speed="13.75" pos="52.88" lane="2/3to2/2_0" slope="0.00"/>
        <vehicle id="12" x="643.50" y="198.35" angle="90.00" type="DEFAULT_VEHTYPE" speed="13.41" pos="38.75" lane="3/1to4/1_0" slope="0.00"/>
        <vehicle id="14" x="398.35" y="470.78" angle="0.00" type="DEFAULT_VEHTYPE" speed="13.90" pos="124.47" lane="2/3to2/2_0" slope="0.00"/>
        <vehicle id="15" x="601.65" y="265.67" angle="180.00" type="DEFAULT_VEHTYPE" speed="12.97" pos="60.92" lane="3/1to3/2_0" slope="0.00"/>
        <vehicle id="16" x="271.38" y="598.35" angle="90.00" type="DEFAULT_VEHTYPE" speed="13.56" pos="66.63" lane="1/3to2/3_0" slope="0.00"/>
        <vehicle id="17" x="398.35" y="796.71" angle="-12.50" type="DEFAULT_VEHTYPE" speed="13.24" pos="3.29" lane="2/4to2/3_0" slope="0.00"/>
        <vehicle id="18" x="401.65" y="610.47" angle="180.00" type="DEFAULT_VEHTYPE" speed="7.39" pos="5.72" lane="2/3to2/4_0" slope="0.00"/>
        <vehicle id="19" x="398.35" y="502.28" angle="0.00" type="DEFAULT_VEHTYPE" speed="13.82" pos="92.97" lane="2/3to2/2_0" slope="0.00"/>
        <vehicle id="2" x="398.35" y="101.35" angle="0.00" type="DEFAULT_VEHTYPE" speed="12.65" pos="93.90" lane="2/1to2/0_0" slope="0.00"/>
        <vehicle id="20" x="86.24" y="198.35" angle="90.00" type="DEFAULT_VEHTYPE" speed="12.88" pos="86.24" lane="0/1to1/1_0" slope="0.00"/>
        <vehicle id="21" x="394.79" y="198.35" angle="90.00" type="DEFAULT_VEHTYPE" speed="5.03" pos="190.04" lane="1/1to2/1_0" slope="0.00"/>
        <vehicle id="22" x="401.65" y="59.99" angle="180.00" type="DEFAULT_VEHTYPE" speed="12.76" pos="59.99" lane="2/0to2/1_0" slope="0.00"/>
        <vehicle id="23" x="210.20" y="401.65" angle="-90.00" type="DEFAULT_VEHTYPE" speed="4.50" pos="185.05" lane="2/2to1/2_0" slope="0.00"/>
        <vehicle id="24" x="363.88" y="198.35" angle="90.00" type="DEFAULT_VEHTYPE" speed="11.90" pos="159.13" lane="1/1to2/1_0" slope="0.00"/>
        <vehicle id="3" x="311.66" y="401.65" angle="-90.00" type="DEFAULT_VEHTYPE" speed="13.82" pos="83.59" lane="2/2to1/2_0" slope="0.00"/>
        <vehicle id="4" x="256.73" y="401.65" angle="-90.00" type="DEFAULT_VEHTYPE" speed="13.65" pos="138.52" lane="2/2to1/2_0" slope="0.00"/>
        <vehicle id="5" x="386.40" y="598.35" angle="90.00" type="DEFAULT_VEHTYPE" speed="7.50" pos="181.65" lane="1/3to2/3_0" slope="0.00"/>
        <vehicle id="6" x="359.83" y="401.65" angle="-90.00" type="DEFAULT_VEHTYPE" speed="12.90" pos="35.42" lane="2/2to1/2_0" slope="0.00"/>
        <vehicle id="7" x="201.65" y="393.85" angle="180.00" type="DEFAULT_VEHTYPE" speed="13.31" pos="189.10" lane="1/1to1/2_0" slope="0.00"/>
        <vehicle id="8" x="436.70" y="198.35" angle="90.00" type="DEFAULT_VEHTYPE" speed="13.41" pos="31.95" lane="2/1to3/1_0" slope="0.00"/>
        <vehicle id="9" x="362.33" y="398.35" angle="90.00" type="DEFAULT_VEHTYPE" speed="13.42" pos="157.58" lane="1/2to2/2_0" slope="0.00"/>
    </timestep>
    <timestep time="185.00">
        <vehicle id="0" x="201.65" y="116.04" angle="180.00" type="DEFAULT_VEHTYPE" speed="12.96" pos="116.04" lane="1/0to1/1_0" slope="0.00"/>
        <vehicle id="1" x="193.51" y="201.65" angle="-72.28" type="DEFAULT_VEHTYPE" speed="13.61" pos="1.74" lane="1/1to0/1_0" slope="0.00"/>
        <vehicle id="11" x="398.35" y="528.49" angle="0.00" type="DEFAULT_VEHTYPE" speed="13.88" pos="66.76" lane="2/3to2/2_0" slope="0.00"/>
        <vehicle id="12" x="656.10" y="198.35" angle="90.00" type="DEFAULT_VEHTYPE" speed="12.61" pos="51.35" lane="3/1to4/1_0" slope="0.00"/>
        <vehicle id="14" x="398.35" y="457.32" angle="0.00" type="DEFAULT_VEHTYPE" speed="13.47" pos="137.93" lane="2/3to2/2_0" slope="0.00"/>
        <vehicle id="15" x="601.65" y="278.29" angle="180.00" type="DEFAULT_VEHTYPE" speed="12.62" pos="73.54" lane="3/1to3/2_0" slope="0.00"/>
        <vehicle id="16" x="284.24" y="598.35" angle="90.00" type="DEFAULT_VEHTYPE" speed="12.86" pos="79.49" lane="1/3to2/3_0" slope="0.00"/>
        <vehicle id="17" x="398.35" y="782.84" angle="0.00" type="DEFAULT_VEHTYPE" speed="13.87" pos="17.16" lane="2/4to2/3_0" slope="0.00"/>
        <vehicle id="18" x="401.65" y="619.56" angle="180.00" type="DEFAULT_VEHTYPE" speed="9.09" pos="14.81" lane="2/3to2/4_0" slope="0.00"/>
        <vehicle id="19" x="398.35" y="489.23" angle="0.00" type="DEFAULT_VEHTYPE" speed="13.05" pos="106.02" lane="2/3to2/2_0" slope="0.00"/>
        <vehicle id="2" x="398.35" y="87.91" angle="0.00" type="DEFAULT_VEHTYPE" speed="13.44" pos="107.34" lane="2/1to2/0_0" slope="0.00"/>
        <vehicle id="20" x="99.86" y="198.35" angle="90.00" type="DEFAULT_VEHTYPE" speed="13.61" pos="99.86" lane="0/1to1/1_0" slope="0.00"/>
        <vehicle id="21" x="401.54" y="198.35" angle="90.00" type="DEFAULT_VEHTYPE" speed="6.75" pos="6.29" lane=":2/1_13_0" slope="0.00"/>
        <vehicle id="22" x="401.65" y="73.52" angle="180.00" type="DEFAULT_VEHTYPE" speed="13.53" pos="73.52" lane="2/0to2/1_0" slope="0.00"/>
        <vehicle id="23" x="208.43" y="401.65" angle="-90.00" type="DEFAULT_VEHTYPE" speed="1.77" pos="186.82" lane="2/2to1/2_0" slope="0.00"/>
        <vehicle id="24" x="374.84" y="198.35" angle="90.00" type="DEFAULT_VEHTYPE" speed="10.95" pos="170.09" lane="1/1to2/1_0" slope="0.00"/>
        <vehicle id="3" x="298.55" y="401.65" angle="-90.00" type="DEFAULT_VEHTYPE" speed="13.12" pos="96.70" lane="2/2to1/2_0" slope="0.00"/>
        <vehicle id="4" x="243.92" y="401.65" angle="-90.00" type="DEFAULT_VEHTYPE" speed="12.81" pos="151.33" lane="2/2to1/2_0" slope="0.00"/>
        <vehicle id="5" x="389.57" y="598.35" angle="90.00" type="DEFAULT_VEHTYPE" speed="3.17" pos="184.82" lane="1/3to2/3_0" slope="0.00"/>
        <vehicle id="6" x="346.81" y="401.65" angle="-90.00" type="DEFAULT_VEHTYPE" speed="13.02" pos="48.44" lane="2/2to1/2_0" slope="0.00"/>
        <vehicle id="7" x="201.65" y="407.04" angle="180.00" type="DEFAULT_VEHTYPE" speed="13.18" pos="2.29" lane="1/2to1/3_0" slope="0.00"/>
        <vehicle id="8" x="450.18" y="198.35" angle="90.00" type="DEFAULT_VEHTYPE" speed="13.47" pos="45.43" lane="2/1to3/1_0" slope="0.00"/>
        <vehicle id="9" x="374.89" y="398.35" angle="90.00" type="DEFAULT_VEHTYPE" speed="12.56" pos="170.14" lane="1/2to2/2_0" slope="0.00"/>
    </timestep>
    <timestep time="186.00">
        <vehicle id="0" x="201.65" y="129.21" angle="180.00" type="DEFAULT_VEHTYPE" speed="13.17" pos="129.21" lane="1/0to1/1_0" slope="0.00"/>
        <vehicle id="1" x="180.27" y="201.65" angle="-90.00" type="DEFAULT_VEHTYPE" speed="13.24" pos="14.98" lane="1/1to0/1_0" slope="0.00"/>
        <vehicle id="11" x="398.35" y="514.97" angle="0.00" type="DEFAULT_VEHTYPE" speed="13.52" pos="80.28" lane="2/3to2/2_0" slope="0.00"/>
        <vehicle id="12" x="669.82" y="198.35" angle="90.00" type="DEFAULT_VEHTYPE" speed="13.71" pos="65.07" lane="3/1to4/1_0" slope="0.00"/>
        <vehicle id="14" x="398.35" y="443.61" angle="0.00" type="DEFAULT_VEHTYPE" speed="13.71" pos="151.64" lane="2/3to2/2_0" slope="0.00"/>
        <vehicle id="15" x="601.65" y="291.18" angle="180.00" type="DEFAULT_VEHTYPE" speed="12.89" pos="86.43" lane="3/1to3/2_0" slope="0.00"/>
        <vehicle id="16" x="297.95" y="598.35" angle="90.00" type="DEFAULT_VEHTYPE" speed="13.71" pos="93.20" lane="1/3to2/3_0" slope="0.00"/>
        <vehicle id="17" x="398.35" y="769.48" angle="0.00" type="DEFAULT_VEHTYPE" speed="13.36" pos="30.52" lane="2/4to2/3_0" slope="0.00"/>
        <vehicle id="18" x="401.65" y="630.58" angle="180.00" type="DEFAULT_VEHTYPE" speed="11.02" pos="25.83" lane="2/3to2/4_0" slope="0.00"/>
        <vehicle id="19" x="398.35" y="476.50" angle="0.00" type="DEFAULT_VEHTYPE" speed="12.72" pos="118.75" lane="2/3to2/2_0" slope="0.00"/>
        <vehicle id="2" x="398.35" y="74.36" angle="0.00" type="DEFAULT_VEHTYPE" speed="13.55" pos="120.89" lane="2/1to2/0_0" slope="0.00"/>
        <vehicle id="20" x="113.03" y="198.35" angle="90.00" type="DEFAULT_VEHTYPE" speed="13.17" pos="113.03" lane="0/1to1/1_0" slope="0.00"/>
        <vehicle id="21" x="410.67" y="198.35" angle="90.00" type="DEFAULT_VEHTYPE" speed="9.13" pos="5.92" lane="2/1to3/1_0" slope="0.00"/>
        <vehicle id="22" x="401.65" y="86.61" angle="180.00" type="DEFAULT_VEHTYPE" speed="13.09" pos="86.61" lane="2/0to2/1_0" slope="0.00"/>
        <vehicle id="23" x="205.19" y="401.65" angle="-90.00" type="DEFAULT_VEHTYPE" speed="3.25" pos="190.06" lane="2/2to1/2_0" slope="0.00"/>
        <vehicle id="24" x="382.53" y="198.35" angle="90.00" type="DEFAULT_VEHTYPE" speed="7.70" pos="177.78" lane="1/1to2/1_0" slope="0.00"/>
        <vehicle id="3" x="285.86" y="401.65" angle="-90.00" type="DEFAULT_VEHTYPE" speed="12.69" pos="109.39" lane="2/2to1/2_0" slope="0.00"/>
        <vehicle id="4" x="232.92" y="401.65" angle="-90.00" type="DEFAULT_VEHTYPE" speed="11.00" pos="162.33" lane="2/2to1/2_0" slope="0.00"/>
        <vehicle id="5" x="395.27" y="598.35" angle="90.03" type="DEFAULT_VEHTYPE" speed="5.70" pos="0.02" lane=":2/3_14_0" slope="0.00"/>
        <vehicle id="6" x="333.55" y="401.65" angle="-90.00" type="DEFAULT_VEHTYPE" speed="13.25" pos="61.70" lane="2/2to1/2_0" slope="0.00"/>
        <vehicle id="7" x="201.65" y="420.61" angle="180.00" type="DEFAULT_VEHTYPE" speed="13.57" pos="15.86" lane="1/2to1/3_0" slope="0.00"/>
        <vehicle id="8" x="462.95" y="198.35" angle="90.00" type="DEFAULT_VEHTYPE" speed="12.77" pos="58.20" lane="2/1to3/1_0" slope="0.00"/>
        <vehicle id="9" x="383.04" y="398.35" angle="90.00" type="DEFAULT_VEHTYPE" speed="8.15" pos="178.29" lane="1/2to2/2_0" slope="0.00"/>
    </timestep>
    <timestep time="187.00">
        <vehicle id="0" x="201.65" y="142.09" angle="180.00" type="DEFAULT_VEHTYPE" speed="12.88" pos="142.09" lane="1/0to1/1_0" slope="0.00"/>
        <vehicle id="1" x="167.48" y="201.65" angle="-90.00" type="DEFAULT_VEHTYPE" speed="12.79" pos="27.77" lane="1/1to0/1_0" slope="0.00"/>
        <vehicle id="11" x="398.35" y="501.70" angle="0.00" type="DEFAULT_VEHTYPE" speed="13.27" pos="93.55" lane="2/3to2/2_0" slope="0.00"/>
        <vehicle id="12" x="682.78" y="198.35" angle="90.00" type="DEFAULT_VEHTYPE" speed="12.96" pos="78.03" lane="3/1to4/1_0" slope="0.00"/>
        <vehicle id="14" x="398.35" y="429.99" angle="0.00" type="DEFAULT_VEHTYPE" speed="13.61" pos="165.26" lane="2/3to2/2_0" slope="0.00"/>
        <vehicle id="15" x="601.65" y="304.54" angle="180.00" type="DEFAULT_VEHTYPE" speed="13.36" pos="99.79" lane="3/1to3/2_0" slope="0.00"/>
        <vehicle id="16" x="310.85" y="598.35" angle="90.00" type="DEFAULT_VEHTYPE" speed="12.90" pos="106.10" lane="1/3to2/3_0" slope="0.00"/>
        <vehicle id="17" x="398.35" y="756.64" angle="0.00" type="DEFAULT_VEHTYPE" speed="12.85" pos="43.36" lane="2/4to2/3_0" slope="0.00"/>
        <vehicle id="18" x="401.65" y="643.40" angle="180.00" type="DEFAULT_VEHTYPE" speed="12.83" pos="38.65" lane="2/3to2/4_0" slope="0.00"/>
        <vehicle id="19" x="398.35" y="462.75" angle="0.00" type="DEFAULT_VEHTYPE" speed="13.75" pos="132.50" lane="2/3to2/2_0" slope="0.00"/>
        <vehicle id="2" x="398.35" y="61.04" angle="0.00" type="DEFAULT_VEHTYPE" speed="13.32" pos="134.21" lane="2/1to2/0_0" slope="0.00"/>
        <vehicle id="20" x="126.41" y="198.35" angle="90.00" type="DEFAULT_VEHTYPE" speed="13.38" pos="126.41" lane="0/1to1/1_0" slope="0.00"/>
        <vehicle id="21" x="421.84" y="198.35" angle="90.00" type="DEFAULT_VEHTYPE" speed="11.17" pos="17.09" lane="2/1to3/1_0" slope="0.00"/>
        <vehicle id="22" x="401.65" y="100.35" angle="180.00" type="DEFAULT_VEHTYPE" speed="13.74" pos="100.35" lane="2/0to2/1_0" slope="0.00"/>
        <vehicle id="23" x="200.09" y="400.13" angle="-71.98" type="DEFAULT_VEHTYPE" speed="5.44" pos="5.00" lane=":1/2_6_0" slope="0.00"/>
        <vehicle id="24" x="387.89" y="198.35" angle="90.00" type="DEFAULT_VEHTYPE" speed="5.35" pos="183.14" lane="1/1to2/1_0" slope="0.00"/>
        <vehicle id="3" x="272.25" y="401.65" angle="-90.00" type="DEFAULT_VEHTYPE" speed="13.61" pos="123.00" lane="2/2to1/2_0" slope="0.00"/>
        <vehicle id="4" x="224.13" y="401.65" angle="-90.00" type="DEFAULT_VEHTYPE" speed="8.79" pos="171.12" lane="2/2to1/2_0" slope="0.00"/>
        <vehicle id="5" x="401.10" y="601.71" angle="129.70" type="DEFAULT_VEHTYPE" speed="7.19" pos="7.21" lane=":2/3_14_0" slope="0.00"/>
        <vehicle id="6" x="320.89" y="401.65" angle="-90.00" type="DEFAULT_VEHTYPE" speed="12.66" pos="74.36" lane="2/2to1/2_0" slope="0.00"/>
        <vehicle id="7" x="201.65" y="433.57" angle="180.00" type="DEFAULT_VEHTYPE" speed="12.96" pos="28.82" lane="1/2to1/3_0" slope="0.00"/>
        <vehicle id="8" x="476.17" y="198.35" angle="90.00" type="DEFAULT_VEHTYPE" speed="13.22" pos="71.42" lane="2/1to3/1_0" slope="0.00"/>
        <vehicle id="9" x="388.65" y="398.35" angle="90.00" type="DEFAULT_VEHTYPE" speed="5.61" pos="183.90" lane="1/2to2/2_0" slope="0.00"/>
    </timestep>
    <timestep time="188.00">
        <vehicle id="0" x="201.65" y="155.20" angle="180.00" type="DEFAULT_VEHTYPE" speed="13.11" pos="155.20" lane="1/0to1/1_0" slope="0.00"/>
        <vehicle id="1" x="154.26" y="201.65" angle="-90.00" type="DEFAULT_VEHTYPE" speed="13.22" pos="40.99" lane="1/1to0/1_0" slope="0.00"/>
        <vehicle id="11" x="398.35" y="487.89" angle="0.00" type="DEFAULT_VEHTYPE" speed="13.81" pos="107.36" lane="2/3to2/2_0" slope="0.00"/>
        <vehicle id="12" x="695.48" y="198.35" angle="90.00" type="DEFAULT_VEHTYPE" speed="12.71" pos="90.73" lane="3/1to4/1_0" slope="0.00"/>
        <vehicle id="14" x="398.35" y="417.37" angle="0.00" type="DEFAULT_VEHTYPE" speed="12.62" pos="177.88" lane="2/3to2/2_0" slope="0.00"/>
        <vehicle id="15" x="601.65" y="317.31" angle="180.00" type="DEFAULT_VEHTYPE" speed="12.77" pos="112.56" lane="3/1to3/2_0" slope="0.00"/>
        <vehicle id="16" x="323.73" y="598.35" angle="90.00" type="DEFAULT_VEHTYPE" speed="12.88" pos="118.98" lane="1/3to2/3_0" slope="0.00"/>
        <vehicle id="17" x="398.35" y="743.01" angle="0.00" type="DEFAULT_VEHTYPE" speed="13.63" pos="56.99" lane="2/4to2/3_0" slope="0.00"/>
        <vehicle id="18" x="401.65" y="656.52" angle="180.00" type="DEFAULT_VEHTYPE" speed="13.11" pos="51.77" lane="2/3to2/4_0" slope="0.00"/>
        <vehicle id="19" x="398.35" y="450.06" angle="0.00" type="DEFAULT_VEHTYPE" speed="12.70" pos="145.19" lane="2/3to2/2_0" slope="0.00"/>
        <vehicle id="2" x="398.35" y="47.34" angle="0.00" type="DEFAULT_VEHTYPE" speed="13.70" pos="147.91" lane="2/1to2/0_0" slope="0.00"/>
        <vehicle id="20" x="140.17" y="198.35" angle="90.00" type="DEFAULT_VEHTYPE" speed="13.76" pos="140.17" lane="0/1to1/1_0" slope="0.00"/>
        <vehicle id="21" x="435.17" y="198.35" angle="90.00" type="DEFAULT_VEHTYPE" speed="13.32" pos="30.42" lane="2/1to3/1_0" slope="0.00"/>
        <vehicle id="22" x="401.65" y="114.14" angle="180.00" type="DEFAULT_VEHTYPE" speed="13.78" pos="114.14" lane="2/0to2/1_0" slope="0.00"/>
        <vehicle id="23" x="198.35" y="393.60" angle="-7.76" type="DEFAULT_VEHTYPE" speed="6.97" pos="1.65" lane="1/2to1/1_0" slope="0.00"/>
        <vehicle id="24" x="391.31" y="198.35" angle="90.00" type="DEFAULT_VEHTYPE" speed="3.42" pos="186.56" lane="1/1to2/1_0" slope="0.00"/>
        <vehicle id="3" x="258.86" y="401.65" angle="-90.00" type="DEFAULT_VEHTYPE" speed="13.39" pos="136.39" lane="2/2to1/2_0" slope="0.00"/>
        <vehicle id="4" x="215.90" y="401.65" angle="-90.00" type="DEFAULT_VEHTYPE" speed="8.23" pos="179.35" lane="2/2to1/2_0" slope="0.00"/>
        <vehicle id="5" x="401.65" y="611.18" angle="180.00" type="DEFAULT_VEHTYPE" speed="9.54" pos="6.43" lane="2/3to2/4_0" slope="0.00"/>
        <vehicle id="6" x="307.68" y="401.65" angle="-90.00" type="DEFAULT_VEHTYPE" speed="13.21" pos="87.57" lane="2/2to1/2_0" slope="0.00"/>
        <vehicle id="7" x="201.65" y="447.18" angle="180.00" type="DEFAULT_VEHTYPE" speed="13.62" pos="42.43" lane="1/2to1/3_0" slope="0.00"/>
        <vehicle id="8" x="489.98" y="198.35" angle="90.00" type="DEFAULT_VEHTYPE" speed="13.80" pos="85.23" lane="2/1to3/1_0" slope="0.00"/>
        <vehicle id="9" x="391.58" y="398.35" angle="90.00" type="DEFAULT_VEHTYPE" speed="2.93" pos="186.83" lane="1/2to2/2_0" slope="0.00"/>
    </timestep>
    <timestep time="189.00">
        <vehicle id="0" x="201.65" y="167.94" angle="180.00" type="DEFAULT_VEHTYPE" speed="12.74" pos="167.94" lane="1/0to1/1_0" slope="0.00"/>
        <vehicle id="1" x="141.32" y="201.65" angle="-90.00" type="DEFAULT_VEHTYPE" speed="12.94" pos="53.93" lane="1/1to0/1_0" slope="0.00"/>
        <vehicle id="11" x="398.35" y="474.62" angle="0.00" type="DEFAULT_VEHTYPE" speed="13.27" pos="120.63" lane="2/3to2/2_0" slope="0.00"/>
        <vehicle id="12" x="708.66" y="198.35" angle="90.00" type="DEFAULT_VEHTYPE" speed="13.18" pos="103.91" lane="3/1to4/1_0" slope="0.00"/>
        <vehicle id="14" x="398.35" y="404.19" angle="0.00" type="DEFAULT_VEHTYPE" speed="13.18" pos="0.56" lane=":2/2_1_0" slope="0.00"/>
        <vehicle id="15" x="601.65" y="330.82" angle="180.00" type="DEFAULT_VEHTYPE" speed="13.51" pos="126.07" lane="3/1to3/2_0" slope="0.00"/>
        <vehicle id="16" x="337.54" y="598.35" angle="90.00" type="DEFAULT_VEHTYPE" speed="13.81" pos="132.79" lane="1/3to2/3_0" slope="0.00"/>
        <vehicle id="17" x="398.35" y="729.19" angle="0.00" type="DEFAULT_VEHTYPE" speed="13.82" pos="70.81" lane="2/4to2/3_0" slope="0.00"/>
        <vehicle id="18" x="401.65" y="669.20" angle="180.00" type="DEFAULT_VEHTYPE" speed="12.68" pos="64.45" lane="2/3to2/4_0" slope="0.00"/>
        <vehicle id="19" x="398.35" y="436.64" angle="0.00" type="DEFAULT_VEHTYPE" speed="13.42" pos="158.61" lane="2/3to2/2_0" slope="0.00"/>
        <vehicle id="2" x="398.35" y="33.77" angle="0.00" type="DEFAULT_VEHTYPE" speed="13.57" pos="161.48" lane="2/1to2/0_0" slope="0.00"/>
        <vehicle id="20" x="153.91" y="198.35" angle="90.00" type="DEFAULT_VEHTYPE" speed="13.74" pos="153.91" lane="0/1to1/1_0" slope="0.00"/>
        <vehicle id="21" x="448.76" y="198.35" angle="90.00" type="DEFAULT_VEHTYPE" speed="13.59" pos="44.01" lane="2/1to3/1_0" slope="0.00"/>
        <vehicle id="22" x="401.65" y="127.91" angle="180.00" type="DEFAULT_VEHTYPE" speed="13.77" pos="127.91" lane="2/0to2/1_0" slope="0.00"/>
        <vehicle id="23" x="198.35" y="384.96" angle="0.00" type="DEFAULT_VEHTYPE" speed="8.64" pos="10.29" lane="1/2to1/1_0" slope="0.00"/>
        <vehicle id="24" x="397.22" y="198.35" angle="90.00" type="DEFAULT_VEHTYPE" speed="5.91" pos="1.97" lane=":2/1_13_0" slope="0.00"/>
        <vehicle id="3" x="245.60" y="401.65" angle="-90.00" type="DEFAULT_VEHTYPE" speed="13.25" pos="149.65" lane="2/2to1/2_0" slope="0.00"/>
        <vehicle id="4" x="211.08" y="401.65" angle="-90.00" type="DEFAULT_VEHTYPE" speed="4.82" pos="184.17" lane="2/2to1/2_0" slope="0.00"/>
        <vehicle id="5" x="401.65" y="622.99" angle="180.00" type="DEFAULT_VEHTYPE" speed="11.81" pos="18.24" lane="2/3to2/4_0" slope="0.00"/>
        <vehicle id="6" x="294.88" y="401.65" angle="-90.00" type="DEFAULT_VEHTYPE" speed="12.80" pos="100.37" lane="2/2to1/2_0" slope="0.00"/>
        <vehicle id="7" x="201.65" y="460.45" angle="180.00" type="DEFAULT_VEHTYPE" speed="13.27" pos="55.70" lane="1/2to1/3_0" slope="0.00"/>
        <vehicle id="8" x="503.81" y="198.35" angle="90.00" type="DEFAULT_VEHTYPE" speed="13.84" pos="99.06" lane="2/1to3/1_0" slope="0.00"/>
        <vehicle id="9" x="392.60" y="398.35" angle="90.00" type="DEFAULT_VEHTYPE" speed="1.02" pos="187.85" lane="1/2to2/2_0" slope="0.00"/>
    </timestep>
    <timestep time="190.00">
        <vehicle id="0" x="201.65" y="180.89" angle="180.00" type="DEFAULT_VEHTYPE" speed="12.95" pos="180.89" lane="1/0to1/1_0" slope="0.00"/>
        <vehicle id="1" x="127.59" y="201.65" angle="-90.00" type="DEFAULT_VEHTYPE" speed="13.72" pos="67.66" lane="1/1to0/1_0" slope="0.00"/>
        <vehicle id="11" x="398.35" y="460.97" angle="0.00" type="DEFAULT_VEHTYPE" speed="13.65" pos="134.28" lane="2/3to2/2_0" slope="0.00"/>
        <vehicle id="12" x="722.37" y="198.35" angle="90.00" type="DEFAULT_VEHTYPE" speed="13.70" pos="117.62" lane="3/1to4/1_0" slope="0.00"/>
        <vehicle id="14" x="398.35" y="390.74" angle="0.00" type="DEFAULT_VEHTYPE" speed="13.44" pos="4.51" lane="2/2to2/1_0" slope="0.00"/>
        <vehicle id="15" x="601.65" y="343.45" angle="180.00" type="DEFAULT_VEHTYPE" speed="12.63" pos="138.70" lane="3/1to3/2_0" slope="0.00"/>
        <vehicle id="16" x="351.12" y="598.35" angle="90.00" type="DEFAULT_VEHTYPE" speed="13.58" pos="146.37" lane="1/3to2/3_0" slope="0.00"/>
        <vehicle id="17" x="398.35" y="716.41" angle="0.00" type="DEFAULT_VEHTYPE" speed="12.78" pos="83.59" lane="2/4to2/3_0" slope="0.00"/>
        <vehicle id="18" x="401.65" y="682.24" angle="180.00" type="DEFAULT_VEHTYPE" speed="13.04" pos="77.49" lane="2/3to2/4_0" slope="0.00"/>
        <vehicle id="19" x="398.35" y="423.34" angle="0.00" type="DEFAULT_VEHTYPE" speed="13.30" pos="171.91" lane="2/3to2/2_0" slope="0.00"/>
        <vehicle id="2" x="398.35" y="19.95" angle="0.00" type="DEFAULT_VEHTYPE" speed="13.82" pos="175.30" lane="2/1to2/0_0" slope="0.00"/>
        <vehicle id="20" x="166.51" y="198.35" angle="90.00" type="DEFAULT_VEHTYPE" speed="12.60" pos="166.51" lane="0/1to1/1_0" slope="0.00"/>
        <vehicle id="21" x="462.34" y="198.35" angle="90.00" type="DEFAULT_VEHTYPE" speed="13.58" pos="57.59" lane="2/1to3/1_0" slope="0.00"/>
        <vehicle id="22" x="401.65" y="141.72" angle="180.00" type="DEFAULT_VEHTYPE" speed="13.81" pos="141.72" lane="2/0to2/1_0" slope="0.00"/>
        <vehicle id="23" x="198.35" y="374.25" angle="0.00" type="DEFAULT_VEHTYPE" speed="10.71" pos="21.00" lane="1/2to1/1_0" slope="0.00"/>
        <vehicle id="24" x="404.75" y="198.35" angle="90.00" type="DEFAULT_VEHTYPE" speed="7.53" pos="0.00" lane="2/1to3/1_0" slope="0.00"/>
        <vehicle id="3" x="233.31" y="401.65" angle="-90.00" type="DEFAULT_VEHTYPE" speed="12.30" pos="161.94" lane="2/2to1/2_0" slope="0.00"/>
        <vehicle id="4" x="204.91" y="401.65" angle="-90.00" type="DEFAULT_VEHTYPE" speed="6.17" pos="190.34" lane="2/2to1/2_0" slope="0.00"/>
        <vehicle id="5" x="401.65" y="636.14" angle="180.00" type="DEFAULT_VEHTYPE" speed="13.16" pos="31.39" lane="2/3to2/4_0" slope="0.00"/>
        <vehicle id="6" x="281.98" y="401.65" angle="-90.00" type="DEFAULT_VEHTYPE" speed="12.90" pos="113.27" lane="2/2to1/2_0" slope="0.00"/>
        <vehicle id="7" x="201.65" y="473.70" angle="180.00" type="DEFAULT_VEHTYPE" speed="13.25" pos="68.95" lane="1/2to1/3_0" slope="0.00"/>
        <vehicle id="8" x="517.60" y="198.35" angle="90.00" type="DEFAULT_VEHTYPE" speed="13.79" pos="112.85" lane="2/1to3/1_0" slope="0.00"/>
        <vehicle id="9" x="392.68" y="398.35" angle="90.00" type="DEFAULT_VEHTYPE" speed="0.09" pos="187.93" lane="1/2to2/2_0" slope="0.00"/>
    </timestep>
    <timestep time="191.00">
        <vehicle id="0" x="201.65" y="193.57" angle="180.00" type="DEFAULT_VEHTYPE" speed="12.68" pos="193.57" lane="1/0to1/1_0" slope="0.00"/>
        <vehicle id="1" x="114.46" y="201.65" angle="-90.00" type="DEFAULT_VEHTYPE" speed="13.13" pos="80.79" lane="1/1to0/1_0" slope="0.00"/>
        <vehicle id="11" x="398.35" y="448.12" angle="0.00" type="DEFAULT_VEHTYPE" speed="12.86" pos="147.13" lane="2/3to2/2_0" slope="0.00"/>
        <vehicle id="12" x="735.09" y="198.35" angle="90.00" type="DEFAULT_VEHTYPE" speed="12.73" pos="130.34" lane="3/1to4/1_0" slope="0.00"/>
        <vehicle id="14" x="398.35" y="377.86" angle="0.00" type="DEFAULT_VEHTYPE" speed="12.88" pos="17.39" lane="2/2to2/1_0" slope="0.00"/>
        <vehicle id="15" x="601.65" y="356.42" angle="180.00" type="DEFAULT_VEHTYPE" speed="12.98" pos="151.67" lane="3/1to3/2_0" slope="0.00"/>
        <vehicle id="16" x="363.84" y="598.35" angle="90.00" type="DEFAULT_VEHTYPE" speed="12.72" pos="159.09" lane="1/3to2/3_0" slope="0.00"/>
        <vehicle id="17" x="398.35" y="702.95" angle="0.00" type="DEFAULT_VEHTYPE" speed="13.46" pos="97.05" lane="2/4to2/3_0" slope="0.00"/>
        <vehicle id="18" x="401.65" y="695.01" angle="180.00" type="DEFAULT_VEHTYPE" speed="12.77" pos="90.26" lane="2/3to2/4_0" slope="0.00"/>
        <vehicle id="19" x="398.35" y="409.82" angle="0.00" type="DEFAULT_VEHTYPE" speed="13.52" pos="185.43" lane="2/3to2/2_0" slope="0.00"/>
        <vehicle id="2" x="398.35" y="7.24" angle="0.00" type="DEFAULT_VEHTYPE" speed="12.71" pos="188.01" lane="2/1to2/0_0" slope="0.00"/>
        <vehicle id="20" x="177.14" y="198.35" angle="90.00" type="DEFAULT_VEHTYPE" speed="10.63" pos="177.14" lane="0/1to1/1_0" slope="0.00"/>
        <vehicle id="21" x="475.95" y="198.35" angle="90.00" type="DEFAULT_VEHTYPE" speed="13.62" pos="71.20" lane="2/1to3/1_0" slope="0.00"/>
        <vehicle id="22" x="401.65" y="155.16" angle="180.00" type="DEFAULT_VEHTYPE" speed="13.44" pos="155.16" lane="2/0to2/1_0" slope="0.00"/>
        <vehicle id="23" x="198.35" y="361.94" angle="0.00" type="DEFAULT_VEHTYPE" speed="12.31" pos="33.31" lane="1/2to1/1_0" slope="0.00"/>
        <vehicle id="24" x="414.29" y="198.35" angle="90.00" type="DEFAULT_VEHTYPE" speed="9.54" pos="9.54" lane="2/1to3/1_0" slope="0.00"/>
        <vehicle id="3" x="223.06" y="401.65" angle="-90.00" type="DEFAULT_VEHTYPE" speed="10.25" pos="172.19" lane="2/2to1/2_0" slope="0.00"/>
        <vehicle id="4" x="198.66" y="397.43" angle="-39.63" type="DEFAULT_VEHTYPE" speed="8.28" pos="8.12" lane=":1/2_6_0" slope="0.00"/>
        <vehicle id="5" x="401.65" y="649.86" angle="180.00" type="DEFAULT_VEHTYPE" speed="13.71" pos="45.11" lane="2/3to2/4_0" slope="0.00"/>
        <vehicle id="6" x="268.42" y="401.65" angle="-90.00" type="DEFAULT_VEHTYPE" speed="13.57" pos="126.83" lane="2/2to1/2_0" slope="0.00"/>
        <vehicle id="7" x="201.65" y="486.38" angle="180.00" type="DEFAULT_VEHTYPE" speed="12.69" pos="81.63" lane="1/2to1/3_0" slope="0.00"/>
        <vehicle id="8" x="530.66" y="198.35" angle="90.00" type="DEFAULT_VEHTYPE" speed="13.05" pos="125.91" lane="2/1to3/1_0" slope="0.00"/>
        <vehicle id="9" x="392.75" y="398.35" angle="90.00" type="DEFAULT_VEHTYPE" speed="0.06" pos="188.00" lane="1/2to2/2_0" slope="0.00"/>
    </timestep>
    <timestep time="192.00">
        <vehicle id="0" x="211.82" y="198.35" angle="90.00" type="DEFAULT_VEHTYPE" speed="13.75" pos="7.07" lane="1/1to2/1_0" slope="0.00"/>
        <vehicle id="1" x="101.53" y="201.65" angle="-90.00" type="DEFAULT_VEHTYPE" speed="12.93" pos="93.72" lane="1/1to0/1_0" slope="0.00"/>
        <vehicle id="11" x="398.35" y="434.60" angle="0.00" type="DEFAULT_VEHTYPE" speed="13.52" pos="160.65" lane="2/3to2/2_0" slope="0.00"/>
        <vehicle id="12" x="748.89" y="198.35" angle="90.00" type="DEFAULT_VEHTYPE" speed="13.79" pos="144.14" lane="3/1to4/1_0" slope="0.00"/>
        <vehicle id="14" x="398.35" y="364.20" angle="0.00" type="DEFAULT_VEHTYPE" speed="13.67" pos="31.05" lane="2/2to2/1_0" slope="0.00"/>
        <vehicle id="15" x="601.65" y="369.61" angle="180.00" type="DEFAULT_VEHTYPE" speed="13.18" pos="164.86" lane="3/1to3/2_0" slope="0.00"/>
        <vehicle id="16" x="375.22" y="598.35" angle="90.00" type="DEFAULT_VEHTYPE" speed="11.39" pos="170.47" lane="1/3to2/3_0" slope="0.00"/>
        <vehicle id="17" x="398.35" y="689.96" angle="0.00" type="DEFAULT_VEHTYPE" speed="12.99" pos="110.04" lane="2/4to2/3_0" slope="0.00"/>
        <vehicle id="18" x="401.65" y="707.93" angle="180.00" type="DEFAULT_VEHTYPE" speed="12.92" pos="103.18" lane="2/3to2/4_0" slope="0.00"/>
        <vehicle id="19" x="391.85" y="401.65" angle="-86.42" type="DEFAULT_VEHTYPE" speed="13.47" pos="3.40" lane="2/2to1/2_0" slope="0.00"/>
        <vehicle id="2" x="401.65" y="1.66" angle="139.45" type="DEFAULT_VEHTYPE" speed="13.72" pos="1.66" lane="2/0to2/1_0" slope="0.00"/>
        <vehicle id="20" x="184.31" y="198.35" angle="90.00" type="DEFAULT_VEHTYPE" speed="7.17" pos="184.31" lane="0/1to1/1_0" slope="0.00"/>
        <vehicle id="21" x="489.80" y="198.35" angle="90.00" type="DEFAULT_VEHTYPE" speed="13.85" pos="85.05" lane="2/1to3/1_0" slope="0.00"/>
        <vehicle id="22" x="401.65" y="167.94" angle="180.00" type="DEFAULT_VEHTYPE" speed="12.78" pos="167.94" lane="2/0to2/1_0" slope="0.00"/>
        <vehicle id="23" x="198.35" y="348.90" angle="0.00" type="DEFAULT_VEHTYPE" speed="13.04" pos="46.35" lane="1/2to1/1_0" slope="0.00"/>
        <vehicle id="24" x="425.78" y="198.35" angle="90.00" type="DEFAULT_VEHTYPE" speed="11.49" pos="21.03" lane="2/1to3/1_0" slope="0.00"/>
        <vehicle id="3" x="215.13" y="401.65" angle="-90.00" type="DEFAULT_VEHTYPE" speed="7.92" pos="180.12" lane="2/2to1/2_0" slope="0.00"/>
        <vehicle id="4" x="198.35" y="387.71" angle="0.00" type="DEFAULT_VEHTYPE" speed="9.74" pos="7.54" lane="1/2to1/1_0" slope="0.00"/>
        <vehicle id="5" x="401.65" y="663.67" angle="180.00" type="DEFAULT_VEHTYPE" speed="13.81" pos="58.92" lane="2/3to2/4_0" slope="0.00"/>
        <vehicle id="6" x="254.96" y="401.65" angle="-90.00" type="DEFAULT_VEHTYPE" speed="13.46" pos="140.29" lane="2/2to1/2_0" slope="0.00"/>
        <vehicle id="7" x="201.65" y="499.12" angle="180.00" type="DEFAULT_VEHTYPE" speed="12.74" pos="94.37" lane="1/2to1/3_0" slope="0.00"/>
        <vehicle id="8" x="544.11" y="198.35" angle="90.00" type="DEFAULT_VEHTYPE" speed="13.46" pos="139.36" lane="2/1to3/1_0" slope="0.00"/>
        <vehicle id="9" x="392.75" y="398.35" angle="90.00" type="DEFAULT_VEHTYPE" speed="0.00" pos="188.00" lane="1/2to2/2_0" slope="0.00"/>
    </timestep>
    <timestep time="193.00">
        <vehicle id="0" x="225.21" y="198.35" angle="90.00" type="DEFAULT_VEHTYPE" speed="13.39" pos="20.46" lane="1/1to2/1_0" slope="0.00"/>
        <vehicle id="1" x="88.04" y="201.65" angle="-90.00" type="DEFAULT_VEHTYPE" speed="13.49" pos="107.21" lane="1/1to0/1_0" slope="0.00"/>
        <vehicle id="11" x="398.35" y="421.97" angle="0.00" type="DEFAULT_VEHTYPE" speed="12.63" pos="173.28" lane="2/3to2/2_0" slope="0.00"/>
        <vehicle id="12" x="762.39" y="198.35" angle="90.00" type="DEFAULT_VEHTYPE" speed="13.50" pos="157.64" lane="3/1to4/1_0" slope="0.00"/>
        <vehicle id="14" x="398.35" y="351.43" angle="0.00" type="DEFAULT_VEHTYPE" speed="12.76" pos="43.82" lane="2/2to2/1_0" slope="0.00"/>
        <vehicle id="15" x="601.65" y="380.02" angle="180.00" type="DEFAULT_VEHTYPE" speed="10.41" pos="175.27" lane="3/1to3/2_0" slope="0.00"/>
        <vehicle id="16" x="383.20" y="598.35" angle="90.00" type="DEFAULT_VEHTYPE" speed="7.98" pos="178.45" lane="1/3to2/3_0" slope="0.00"/>
        <vehicle id="17" x="398.35" y="676.98" angle="0.00" type="DEFAULT_VEHTYPE" speed="12.98" pos="123.02" lane="2/4to2/3_0" slope="0.00"/>
        <vehicle id="18" x="401.65" y="720.75" angle="180.00" type="DEFAULT_VEHTYPE" speed="12.82" pos="116.00" lane="2/3to2/4_0" slope="0.00"/>
        <vehicle id="19" x="378.49" y="401.65" angle="-90.00" type="DEFAULT_VEHTYPE" speed="13.36" pos="16.76" lane="2/2to1/2_0" slope="0.00"/>
        <vehicle id="2" x="401.65" y="14.41" angle="180.00" type="DEFAULT_VEHTYPE" speed="12.75" pos="14.41" lane="2/0to2/1_0" slope="0.00"/>
        <vehicle id="20" x="188.93" y="198.35" angle="90.00" type="DEFAULT_VEHTYPE" speed="4.62" pos="188.93" lane="0/1to1/1_0" slope="0.00"/>
        <vehicle id="21" x="503.67" y="198.35" angle="90.00" type="DEFAULT_VEHTYPE" speed="13.86" pos="98.92" lane="2/1to3/1_0" slope="0.00"/>
        <vehicle id="22" x="401.65" y="181.36" angle="180.00" type="DEFAULT_VEHTYPE" speed="13.42" pos="181.36" lane="2/0to2/1_0" slope="0.00"/>
        <vehicle id="23" x="198.35" y="335.19" angle="0.00" type="DEFAULT_VEHTYPE" speed="13.71" pos="60.06" lane="1/2to1/1_0" slope="0.00"/>
        <vehicle id="24" x="438.71" y="198.35" angle="90.00" type="DEFAULT_VEHTYPE" speed="12.93" pos="33.96" lane="2/1to3/1_0" slope="0.00"/>
        <vehicle id="3" x="210.12" y="401.65" angle="-90.00" type="DEFAULT_VEHTYPE" speed="5.02" pos="185.13" lane="2/2to1/2_0" slope="0.00"/>
        <vehicle id="4" x="198.35" y="375.48" angle="0.00" type="DEFAULT_VEHTYPE" speed="12.23" pos="19.77" lane="1/2to1/1_0" slope="0.00"/>
        <vehicle id="5" x="401.65" y="676.63" angle="180.00" type="DEFAULT_VEHTYPE" speed="12.96" pos="71.88" lane="2/3to2/4_0" slope="0.00"/>
        <vehicle id="6" x="241.33" y="401.65" angle="-90.00" type="DEFAULT_VEHTYPE" speed="13.62" pos="153.92" lane="2/2to1/2_0" slope="0.00"/>
        <vehicle id="7" x="201.65" y="512.22" angle="180.00" type="DEFAULT_VEHTYPE" speed="13.10" pos="107.47" lane="1/2to1/3_0" slope="0.00"/>
        <vehicle id="8" x="557.21" y="198.35" angle="90.00" type="DEFAULT_VEHTYPE" speed="13.09" pos="152.46" lane="2/1to3/1_0" slope="0.00"/>
        <vehicle id="9" x="392.75" y="398.35" angle="90.00" type="DEFAULT_VEHTYPE" speed="0.00" pos="188.00" lane="1/2to2/2_0" slope="0.00"/>
    </timestep>
    <timestep time="194.00">
        <vehicle id="0" x="238.90" y="198.35" angle="90.00" type="DEFAULT_VEHTYPE" speed="13.69" pos="34.15" lane="1/1to2/1_0" slope="0.00"/>
        <vehicle id="1" x="75.28" y="201.65" angle="-90.00" type="DEFAULT_VEHTYPE" speed="12.76" pos="119.97" lane="1/1to0/1_0" slope="0.00"/>
        <vehicle id="11" x="398.35" y="409.07" angle="0.00" type="DEFAULT_VEHTYPE" speed="12.90" pos="186.18" lane="2/3to2/2_0" slope="0.00"/>
        <vehicle id="12" x="776.00" y="198.35" angle="90.00" type="DEFAULT_VEHTYPE" speed="13.61" pos="171.25" lane="3/1to4/1_0" slope="0.00"/>
        <vehicle id="14" x="398.35" y="337.67" angle="0.00" type="DEFAULT_VEHTYPE" speed="13.76" pos="57.58" lane="2/2to2/1_0" slope="0.00"/>
        <vehicle id="15" x="601.65" y="386.20" angle="180.00" type="DEFAULT_VEHTYPE" speed="6.18" pos="181.45" lane="3/1to3/2_0" slope="0.00"/>
        <vehicle id="16" x="388.76" y="598.35" angle="90.00" type="DEFAULT_VEHTYPE" speed="5.56" pos="184.01" lane="1/3to2/3_0" slope="0.00"/>
        <vehicle id="17" x="398.35" y="663.40" angle="0.00" type="DEFAULT_VEHTYPE" speed="13.57" pos="136.60" lane="2/4to2/3_0" slope="0.00"/>
        <vehicle id="18" x="401.65" y="733.68" angle="180.00" type="DEFAULT_VEHTYPE" speed="12.93" pos="128.93" lane="2/3to2/4_0" slope="0.00"/>
        <vehicle id="19" x="364.93" y="401.65" angle="-90.00" type="DEFAULT_VEHTYPE" speed="13.56" pos="30.32" lane="2/2to1/2_0" slope="0.00"/>
        <vehicle id="2" x="401.65" y="27.58" angle="180.00" type="DEFAULT_VEHTYPE" speed="13.17" pos="27.58" lane="2/0to2/1_0" slope="0.00"/>
        <vehicle id="20" x="195.97" y="198.25" angle="88.85" type="DEFAULT_VEHTYPE" speed="7.05" pos="0.73" lane=":1/1_12_0" slope="0.00"/>
        <vehicle id="21" x="516.59" y="198.35" angle="90.00" type="DEFAULT_VEHTYPE" speed="12.92" pos="111.84" lane="2/1to3/1_0" slope="0.00"/>
        <vehicle id="22" x="401.65" y="195.16" angle="180.00" type="DEFAULT_VEHTYPE" speed="13.79" pos="195.16" lane="2/0to2/1_0" slope="0.00"/>
        <vehicle id="23" x="198.35" y="321.46" angle="0.00" type="DEFAULT_VEHTYPE" speed="13.73" pos="73.79" lane="1/2to1/1_0" slope="0.00"/>
        <vehicle id="24" x="451.55" y="198.35" angle="90.00" type="DEFAULT_VEHTYPE" speed="12.83" pos="46.80" lane="2/1to3/1_0" slope="0.00"/>
        <vehicle id="3" x="203.72" y="401.50" angle="-88.31" type="DEFAULT_VEHTYPE" speed="6.41" pos="1.04" lane=":1/2_6_0" slope="0.00"/>
        <vehicle id="4" x="198.35" y="362.82" angle="0.00" type="DEFAULT_VEHTYPE" speed="12.66" pos="32.43" lane="1/2to1/1_0" slope="0.00"/>
        <vehicle id="5" x="401.65" y="689.87" angle="180.00" type="DEFAULT_VEHTYPE" speed="13.24" pos="85.12" lane="2/3to2/4_0" slope="0.00"/>
        <vehicle id="6" x="229.48" y="401.65" angle="-90.00" type="DEFAULT_VEHTYPE" speed="11.86" pos="165.77" lane="2/2to1/2_0" slope="0.00"/>
        <vehicle id="7" x="201.65" y="525.01" angle="180.00" type="DEFAULT_VEHTYPE" speed="12.79" pos="120.26" lane="1/2to1/3_0" slope="0.00"/>
        <vehicle id="8" x="570.09" y="198.35" angle="90.00" type="DEFAULT_VEHTYPE" speed="12.89" pos="165.34" lane="2/1to3/1_0" slope="0.00"/>
        <vehicle id="9" x="392.75" y="398.35" angle="90.00" type="DEFAULT_VEHTYPE" speed="0.00" pos="188.00" lane="1/2to2/2_0" slope="0.00"/>
    </timestep>
    <timestep time="195.00">
        <vehicle id="0" x="252.00" y="198.35" angle="90.00" type="DEFAULT_VEHTYPE" speed="13.10" pos="47.25" lane="1/1to2/1_0" slope="0.00"/>
        <vehicle id="1" x="62.39" y="201.65" angle="-90.00" type="DEFAULT_VEHTYPE" speed="12.89" pos="132.86" lane="1/1to0/1_0" slope="0.00"/>
        <vehicle id="11" x="398.35" y="395.29" angle="0.00" type="DEFAULT_VEHTYPE" speed="13.78" pos="9.46" lane=":2/2_1_0" slope="0.00"/>
        <vehicle id="12" x="789.81" y="198.35" angle="90.00" type="DEFAULT_VEHTYPE" speed="13.81" pos="185.06" lane="3/1to4/1_0" slope="0.00"/>
        <vehicle id="14" x="398.35" y="324.92" angle="0.00" type="DEFAULT_VEHTYPE" speed="12.75" pos="70.33" lane="2/2to2/1_0" slope="0.00"/>
        <vehicle id="15" x="601.65" y="390.12" angle="180.00" type="DEFAULT_VEHTYPE" speed="3.92" pos="185.37" lane="3/1to3/2_0" slope="0.00"/>
        <vehicle id="16" x="396.00" y="598.46" angle="91.24" type="DEFAULT_VEHTYPE" speed="7.26" pos="0.76" lane=":2/3_14_0" slope="0.00"/>
        <vehicle id="17" x="398.35" y="649.98" angle="0.00" type="DEFAULT_VEHTYPE" speed="13.42" pos="150.02" lane="2/4to2/3_0" slope="0.00"/>
        <vehicle id="18" x="401.65" y="747.47" angle="180.00" type="DEFAULT_VEHTYPE" speed="13.79" pos="142.72" lane="2/3to2/4_0" slope="0.00"/>
        <vehicle id="19" x="351.81" y="401.65" angle="-90.00" type="DEFAULT_VEHTYPE" speed="13.12" pos="43.44" lane="2/2to1/2_0" slope="0.00"/>
        <vehicle id="2" x="401.65" y="41.14" angle="180.00" type="DEFAULT_VEHTYPE" speed="13.57" pos="41.14" lane="2/0to2/1_0" slope="0.00"/>
        <vehicle id="20" x="198.35" y="190.50" angle="0.41" type="DEFAULT_VEHTYPE" speed="9.02" pos="4.75" lane="1/1to1/0_0" slope="0.00"/>
        <vehicle id="21" x="529.42" y="198.35" angle="90.00" type="DEFAULT_VEHTYPE" speed="12.83" pos="124.67" lane="2/1to3/1_0" slope="0.00"/>
        <vehicle id="22" x="412.49" y="198.35" angle="90.00" type="DEFAULT_VEHTYPE" speed="12.83" pos="7.74" lane="2/1to3/1_0" slope="0.00"/>
        <vehicle id="23" x="198.35" y="308.20" angle="0.00" type="DEFAULT_VEHTYPE" speed="13.27" pos="87.05" lane="1/2to1/1_0" slope="0.00"/>
        <vehicle id="24" x="464.97" y="198.35" angle="90.00" type="DEFAULT_VEHTYPE" speed="13.42" pos="60.22" lane="2/1to3/1_0" slope="0.00"/>
        <vehicle id="3" x="198.51" y="396.37" angle="-28.57" type="DEFAULT_VEHTYPE" speed="8.14" pos="9.19" lane=":1/2_6_0" slope="0.00"/>
        <vehicle id="4" x="198.35" y="349.28" angle="0.00" type="DEFAULT_VEHTYPE" speed="13.54" pos="45.97" lane="1/2to1/1_0" slope="0.00"/>
        <vehicle id="5" x="401.65" y="703.57" angle="180.00" type="DEFAULT_VEHTYPE" speed="13.71" pos="98.82" lane="2/3to2/4_0" slope="0.00"/>
        <vehicle id="6" x="220.00" y="401.65" angle="-90.00" type="DEFAULT_VEHTYPE" speed="9.48" pos="175.25" lane="2/2to1/2_0" slope="0.00"/>
        <vehicle id="7" x="201.65" y="538.14" angle="180.00" type="DEFAULT_VEHTYPE" speed="13.13" pos="133.39" lane="1/2to1/3_0" slope="0.00"/>
        <vehicle id="8" x="580.38" y="198.35" angle="90.00" type="DEFAULT_VEHTYPE" speed="10.29" pos="175.63" lane="2/1to3/1_0" slope="0.00"/>
        <vehicle id="9" x="392.75" y="398.35" angle="90.00" type="DEFAULT_VEHTYPE" speed="0.00" pos="188.00" lane="1/2to2/2_0" slope="0.00"/>
    </timestep>
    <timestep time="196.00">
        <vehicle id="0" x="264.79" y="198.35" angle="90.00" type="DEFAULT_VEHTYPE" speed="12.79" pos="60.04" lane="1/1to2/1_0" slope="0.00"/>
        <vehicle id="1" x="49.51" y="201.65" angle="-90.00" type="DEFAULT_VEHTYPE" speed="12.87" pos="145.74" lane="1/1to0/1_0" slope="0.00"/>
        <vehicle id="11" x="398.35" y="382.25" angle="0.00" type="DEFAULT_VEHTYPE" speed="13.05" pos="13.00" lane="2/2to2/1_0" slope="0.00"/>
        <vehicle id="12" x="801.12" y="200.90" angle="134.05" type="DEFAULT_VEHTYPE" speed="13.67" pos="3.48" lane=":4/1_0_0" slope="0.00"/>
        <vehicle id="14" x="398.35" y="311.98" angle="0.00" type="DEFAULT_VEHTYPE" speed="12.95" pos="83.27" lane="2/2to2/1_0" slope="0.00"/>
        <vehicle id="15" x="601.55" y="395.94" angle="-178.87" type="DEFAULT_VEHTYPE" speed="5.83" pos="0.70" lane=":3/2_10_0" slope="0.00"/>
        <vehicle id="16" x="401.65" y="604.83" angle="162.46" type="DEFAULT_VEHTYPE" speed="9.64" pos="0.08" lane="2/3to2/4_0" slope="0.00"/>
        <vehicle id="17" x="398.35" y="637.04" angle="0.00" type="DEFAULT_VEHTYPE" speed="12.94" pos="162.96" lane="2/4to2/3_0" slope="0.00"/>
        <vehicle id="18" x="401.65" y="760.96" angle="180.00" type="DEFAULT_VEHTYPE" speed="13.49" pos="156.21" lane="2/3to2/4_0" slope="0.00"/>
        <vehicle id="19" x="338.23" y="401.65" angle="-90.00" type="DEFAULT_VEHTYPE" speed="13.58" pos="57.02" lane="2/2to1/2_0" slope="0.00"/>
        <vehicle id="2" x="401.65" y="54.68" angle="180.00" type="DEFAULT_VEHTYPE" speed="13.54" pos="54.68" lane="2/0to2/1_0" slope="0.00"/>
        <vehicle id="20" x="198.35" y="179.24" angle="0.00" type="DEFAULT_VEHTYPE" speed="11.27" pos="16.01" lane="1/1to1/0_0" slope="0.00"/>
        <vehicle id="21" x="543.20" y="198.35" angle="90.00" type="DEFAULT_VEHTYPE" speed="13.78" pos="138.45" lane="2/1to3/1_0" slope="0.00"/>
        <vehicle id="22" x="425.33" y="198.35" angle="90.00" type="DEFAULT_VEHTYPE" speed="12.83" pos="20.58" lane="2/1to3/1_0" slope="0.00"/>
        <vehicle id="23" x="198.35" y="295.39" angle="0.00" type="DEFAULT_VEHTYPE" speed="12.81" pos="99.86" lane="1/2to1/1_0" slope="0.00"/>
        <vehicle id="24" x="477.57" y="198.35" angle="90.00" type="DEFAULT_VEHTYPE" speed="12.61" pos="72.82" lane="2/1to3/1_0" slope="0.00"/>
        <vehicle id="3" x="198.35" y="386.17" angle="0.00" type="DEFAULT_VEHTYPE" speed="10.22" pos="9.08" lane="1/2to1/1_0" slope="0.00"/>
        <vehicle id="4" x="198.35" y="335.86" angle="0.00" type="DEFAULT_VEHTYPE" speed="13.42" pos="59.39" lane="1/2to1/1_0" slope="0.00"/>
        <vehicle id="5" x="401.65" y="716.92" angle="180.00" type="DEFAULT_VEHTYPE" speed="13.34" pos="112.17" lane="2/3to2/4_0" slope="0.00"/>
        <vehicle id="6" x="213.67" y="401.65" angle="-90.00" type="DEFAULT_VEHTYPE" speed="6.33" pos="181.58" lane="2/2to1/2_0" slope="0.00"/>
        <vehicle id="7" x="201.65" y="551.91" angle="180.00" type="DEFAULT_VEHTYPE" speed="13.77" pos="147.16" lane="1/2to1/3_0" slope="0.00"/>
        <vehicle id="8" x="586.89" y="198.35" angle="90.00" type="DEFAULT_VEHTYPE" speed="6.51" pos="182.14" lane="2/1to3/1_0" slope="0.00"/>
        <vehicle id="9" x="392.75" y="398.35" angle="90.00" type="DEFAULT_VEHTYPE" speed="0.00" pos="188.00" lane="1/2to2/2_0" slope="0.00"/>
    </timestep>
    <timestep time="197.00">
        <vehicle id="0" x="278.54" y="198.35" angle="90.00" type="DEFAULT_VEHTYPE" speed="13.75" pos="73.79" lane="1/1to2/1_0" slope="0.00"/>
        <vehicle id="1" x="36.68" y="201.65" angle="-90.00" type="DEFAULT_VEHTYPE" speed="12.83" pos="158.57" lane="1/1to0/1_0" slope="0.00"/>
        <vehicle id="11" x="398.35" y="368.44" angle="0.00" type="DEFAULT_VEHTYPE" speed="13.80" pos="26.81" lane="2/2to2/1_0" slope="0.00"/>
        <vehicle id="12" x="788.51" y="201.65" angle="-90.00" type="DEFAULT_VEHTYPE" speed="12.83" pos="11.49" lane="4/1to3/1_0" slope="0.00"/>
        <vehicle id="14" x="398.35" y="298.42" angle="0.00" type="DEFAULT_VEHTYPE" speed="13.56" pos="96.83" lane="2/2to2/1_0" slope="0.00"/>
        <vehicle id="15" x="597.14" y="401.38" angle="-126.63" type="DEFAULT_VEHTYPE" speed="7.71" pos="1.27" lane=":3/2_18_0" slope="0.00"/>
        <vehicle id="16" x="401.65" y="616.87" angle="180.00" type="DEFAULT_VEHTYPE" speed="12.04" pos="12.12" lane="2/3to2/4_0" slope="0.00"/>
        <vehicle id="17" x="398.35" y="624.26" angle="0.00" type="DEFAULT_VEHTYPE" speed="12.78" pos="175.74" lane="2/4to2/3_0" slope="0.00"/>
        <vehicle id="18" x="401.65" y="774.63" angle="180.00" type="DEFAULT_VEHTYPE" speed="13.66" pos="169.88" lane="2/3to2/4_0" slope="0.00"/>
        <vehicle id="19" x="324.82" y="401.65" angle="-90.00" type="DEFAULT_VEHTYPE" speed="13.42" pos="70.43" lane="2/2to1/2_0" slope="0.00"/>
        <vehicle id="2" x="401.65" y="67.54" angle="180.00" type="DEFAULT_VEHTYPE" speed="12.86" pos="67.54" lane="2/0to2/1_0" slope="0.00"/>
        <vehicle id="20" x="198.35" y="166.06" angle="0.00" type="DEFAULT_VEHTYPE" speed="13.18" pos="29.19" lane="1/1to1/0_0" slope="0.00"/>
        <vehicle id="21" x="556.00" y="198.35" angle="90.00" type="DEFAULT_VEHTYPE" speed="12.80" pos="151.25" lane="2/1to3/1_0" slope="0.00"/>
        <vehicle id="22" x="438.57" y="198.35" angle="90.00" type="DEFAULT_VEHTYPE" speed="13.24" pos="33.82" lane="2/1to3/1_0" slope="0.00"/>
        <vehicle id="23" x="198.35" y="282.24" angle="0.00" type="DEFAULT_VEHTYPE" speed="13.15" pos="113.01" lane="1/2to1/1_0" slope="0.00"/>
        <vehicle id="24" x="490.92" y="198.35" angle="90.00" type="DEFAULT_VEHTYPE" speed="13.35" pos="86.17" lane="2/1to3/1_0" slope="0.00"/>
        <vehicle id="3" x="198.35" y="373.76" angle="0.00" type="DEFAULT_VEHTYPE" speed="12.41" pos="21.49" lane="1/2to1/1_0" slope="0.00"/>
        <vehicle id="4" x="198.35" y="322.96" angle="0.00" type="DEFAULT_VEHTYPE" speed="12.91" pos="72.29" lane="1/2to1/1_0" slope="0.00"/>
        <vehicle id="5" x="401.65" y="730.63" angle="180.00" type="DEFAULT_VEHTYPE" speed="13.72" pos="125.88" lane="2/3to2/4_0" slope="0.00"/>
        <vehicle id="6" x="210.10" y="401.65" angle="-90.00" type="DEFAULT_VEHTYPE" speed="3.57" pos="185.15" lane="2/2to1/2_0" slope="0.00"/>
        <vehicle id="7" x="201.65" y="564.90" angle="180.00" type="DEFAULT_VEHTYPE" speed="12.99" pos="160.15" lane="1/2to1/3_0" slope="0.00"/>
        <vehicle id="8" x="589.94" y="198.35" angle="90.00" type="DEFAULT_VEHTYPE" speed="3.04" pos="185.19" lane="2/1to3/1_0" slope="0.00"/>
        <vehicle id="9" x="394.59" y="398.35" angle="90.00" type="DEFAULT_VEHTYPE" speed="1.84" pos="189.84" lane="1/2to2/2_0" slope="0.00"/>
    </timestep>
    <timestep time="198.00">
        <vehicle id="0" x="291.75" y="198.35" angle="90.00" type="DEFAULT_VEHTYPE" speed="13.20" pos="87.00" lane="1/1to2/1_0" slope="0.00"/>
        <vehicle id="1" x="22.98" y="201.65" angle="-90.00" type="DEFAULT_VEHTYPE" speed="13.70" pos="172.27" lane="1/1to0/1_0" slope="0.00"/>
        <vehicle id="11" x="398.35" y="355.43" angle="0.00" type="DEFAULT_VEHTYPE" speed="13.01" pos="39.82" lane="2/2to2/1_0" slope="0.00"/>
        <vehicle id="12" x="775.34" y="201.65" angle="-90.00" type="DEFAULT_VEHTYPE" speed="13.17" pos="24.66" lane="4/1to3/1_0" slope="0.00"/>
        <vehicle id="14" x="398.35" y="285.75" angle="0.00" type="DEFAULT_VEHTYPE" speed="12.67" pos="109.50" lane="2/2to2/1_0" slope="0.00"/>
        <vehicle id="15" x="587.13" y="401.65" angle="-90.00" type="DEFAULT_VEHTYPE" speed="10.04" pos="8.12" lane="3/2to2/2_0" slope="0.00"/>
        <vehicle id="16" x="401.65" y="630.77" angle="180.00" type="DEFAULT_VEHTYPE" speed="13.89" pos="26.02" lane="2/3to2/4_0" slope="0.00"/>
        <vehicle id="17" x="398.35" y="611.30" angle="0.00" type="DEFAULT_VEHTYPE" speed="12.96" pos="188.70" lane="2/4to2/3_0" slope="0.00"/>
        <vehicle id="18" x="401.65" y="787.31" angle="180.00" type="DEFAULT_VEHTYPE" speed="12.68" pos="182.56" lane="2/3to2/4_0" slope="0.00"/>
        <vehicle id="19" x="311.90" y="401.65" angle="-90.00" type="DEFAULT_VEHTYPE" speed="12.91" pos="83.35" lane="2/2to1/2_0" slope="0.00"/>
        <vehicle id="2" x="401.65" y="80.73" angle="180.00" type="DEFAULT_VEHTYPE" speed="13.19" pos="80.73" lane="2/0to2/1_0" slope="0.00"/>
        <vehicle id="20" x="198.35" y="153.19" angle="0.00" type="DEFAULT_VEHTYPE" speed="12.87" pos="42.06" lane="1/1to1/0_0" slope="0.00"/>
        <vehicle id="21" x="567.14" y="198.35" angle="90.00" type="DEFAULT_VEHTYPE" speed="11.14" pos="162.39" lane="2/1to3/1_0" slope="0.00"/>
        <vehicle id="22" x="452.26" y="198.35" angle="90.00" type="DEFAULT_VEHTYPE" speed="13.69" pos="47.51" lane="2/1to3/1_0" slope="0.00"/>
        <vehicle id="23" x="198.35" y="268.63" angle="0.00" type="DEFAULT_VEHTYPE" speed="13.61" pos="126.62" lane="1/2to1/1_0" slope="0.00"/>
        <vehicle id="24" x="503.81" y="198.35" angle="90.00" type="DEFAULT_VEHTYPE" speed="12.89" pos="99.06" lane="2/1to3/1_0" slope="0.00"/>
        <vehicle id="3" x="198.35" y="360.58" angle="0.00" type="DEFAULT_VEHTYPE" speed="13.18" pos="34.67" lane="1/2to1/1_0" slope="0.00"/>
        <vehicle id="4" x="198.35" y="309.64" angle="0.00" type="DEFAULT_VEHTYPE" speed="13.32" pos="85.61" lane="1/2to1/1_0" slope="0.00"/>
        <vehicle id="5" x="401.65" y="743.60" angle="180.00" type="DEFAULT_VEHTYPE" speed="12.97" pos="138.85" lane="2/3to2/4_0" slope="0.00"/>
        <vehicle id="6" x="204.19" y="401.57" angle="-89.09" type="DEFAULT_VEHTYPE" speed="5.92" pos="0.56" lane=":1/2_6_0" slope="0.00"/>
        <vehicle id="7" x="201.65" y="578.56" angle="180.00" type="DEFAULT_VEHTYPE" speed="13.66" pos="173.81" lane="1/2to1/3_0" slope="0.00"/>
        <vehicle id="8" x="595.37" y="198.37" angle="90.19" type="DEFAULT_VEHTYPE" speed="5.43" pos="0.12" lane=":3/1_14_0" slope="0.00"/>
        <vehicle id="9" x="397.91" y="397.02" angle="73.61" type="DEFAULT_VEHTYPE" speed="3.81" pos="3.15" lane=":2/2_12_0" slope="0.00"/>
    </timestep>
    <timestep time="199.00">
        <vehicle id="0" x="305.11" y="198.35" angle="90.00" type="DEFAULT_VEHTYPE" speed="13.37" pos="100.36" lane="1/1to2/1_0" slope="0.00"/>
        <vehicle id="1" x="9.68" y="201.65" angle="-90.00" type="DEFAULT_VEHTYPE" speed="13.30" pos="185.57" lane="1/1to0/1_0" slope="0.00"/>
        <vehicle id="11" x="398.35" y="341.69" angle="0.00" type="DEFAULT_VEHTYPE" speed="13.74" pos="53.56" lane="2/2to2/1_0" slope="0.00"/>
        <vehicle id="12" x="761.98" y="201.65" angle="-90.00" type="DEFAULT_VEHTYPE" speed="13.36" pos="38.02" lane="4/1to3/1_0" slope="0.00"/>
        <vehicle id="14" x="398.35" y="272.83" angle="0.00" type="DEFAULT_VEHTYPE" speed="12.92" pos="122.42" lane="2/2to2/1_0" slope="0.00"/>
        <vehicle id="15" x="574.57" y="401.65" angle="-90.00" type="DEFAULT_VEHTYPE" speed="12.56" pos="20.68" lane="3/2to2/2_0" slope="0.00"/>
        <vehicle id="16" x="401.65" y="644.65" angle="180.00" type="DEFAULT_VEHTYPE" speed="13.89" pos="39.90" lane="2/3to2/4_0" slope="0.00"/>
        <vehicle id="17" x="398.35" y="598.53" angle="0.00" type="DEFAULT_VEHTYPE" speed="12.77" pos="6.22" lane=":2/3_1_0" slope="0.00"/>
        <vehicle id="18" x="401.64" y="800.01" angle="-179.90" type="DEFAULT_VEHTYPE" speed="12.71" pos="0.02" lane=":2/4_0_0" slope="0.00"/>
        <vehicle id="19" x="298.49" y="401.65" angle="-90.00" type="DEFAULT_VEHTYPE" speed="13.41" pos="96.76" lane="2/2to1/2_0" slope="0.00"/>
        <vehicle id="2" x="401.65" y="94.56" angle="180.00" type="DEFAULT_VEHTYPE" speed="13.83" pos="94.56" lane="2/0to2/1_0" slope="0.00"/>
        <vehicle id="20" x="198.35" y="139.84" angle="0.00" type="DEFAULT_VEHTYPE" speed="13.35" pos="55.41" lane="1/1to1/0_0" slope="0.00"/>
        <vehicle id="21" x="577.91" y="198.35" angle="90.00" type="DEFAULT_VEHTYPE" speed="10.77" pos="173.16" lane="2/1to3/1_0" slope="0.00"/>
        <vehicle id="22" x="464.88" y="198.35" angle="90.00" type="DEFAULT_VEHTYPE" speed="12.62" pos="60.13" lane="2/1to3/1_0" slope="0.00"/>
        <vehicle id="23" x="198.35" y="255.84" angle="0.00" type="DEFAULT_VEHTYPE" speed="12.79" pos="139.41" lane="1/2to1/1_0" slope="0.00"/>
        <vehicle id="24" x="516.51" y="198.35" angle="90.00" type="DEFAULT_VEHTYPE" speed="12.70" pos="111.76" lane="2/1to3/1_0" slope="0.00"/>
        <vehicle id="3" x="198.35" y="347.06" angle="0.00" type="DEFAULT_VEHTYPE" speed="13.51" pos="48.19" lane="1/2to1/1_0" slope="0.00"/>
        <vehicle id="4" x="198.35" y="296.52" angle="0.00" type="DEFAULT_VEHTYPE" speed="13.12" pos="98.73" lane="1/2to1/1_0" slope="0.00"/>
        <vehicle id="5" x="401.65" y="757.12" angle="180.00" type="DEFAULT_VEHTYPE" speed="13.52" pos="152.37" lane="2/3to2/4_0" slope="0.00"/>
        <vehicle id="6" x="198.65" y="397.34" angle="-38.74" type="DEFAULT_VEHTYPE" speed="7.64" pos="8.21" lane=":1/2_6_0" slope="0.00"/>
        <vehicle id="7" x="201.65" y="591.92" angle="180.00" type="DEFAULT_VEHTYPE" speed="13.36" pos="187.17" lane="1/2to1/3_0" slope="0.00"/>
        <vehicle id="8" x="601.34" y="202.55" angle="140.11" type="DEFAULT_VEHTYPE" speed="7.97" pos="8.09" lane=":3/1_14_0" slope="0.00"/>
        <vehicle id="9" x="398.35" y="390.91" angle="1.05" type="DEFAULT_VEHTYPE" speed="6.19" pos="4.34" lane="2/2to2/1_0" slope="0.00"/>
    </timestep>
    <timestep time="200.00">
        <vehicle id="0" x="317.95" y="198.35" angle="90.00" type="DEFAULT_VEHTYPE" speed="12.83" pos="113.20" lane="1/1to2/1_0" slope="0.00"/>
        <vehicle id="1" x="-0.56" y="198.72" angle="-25.67" type="DEFAULT_VEHTYPE" speed="13.83" pos="4.15" lane=":0/1_0_0" slope="0.00"/>
        <vehicle id="11" x="398.35" y="328.00" angle="0.00" type="DEFAULT_VEHTYPE" speed="13.69" pos="67.25" lane="2/2to2/1_0" slope="0.00"/>
        <vehicle id="12" x="748.60" y="201.65" angle="-90.00" type="DEFAULT_VEHTYPE" speed="13.38" pos="51.40" lane="4/1to3/1_0" slope="0.00"/>
        <vehicle id="14" x="398.35" y="259.99" angle="0.00" type="DEFAULT_VEHTYPE" speed="12.83" pos="135.26" lane="2/2to2/1_0" slope="0.00"/>
        <vehicle id="15" x="560.74" y="401.65" angle="-90.00" type="DEFAULT_VEHTYPE" speed="13.83" pos="34.51" lane="3/2to2/2_0" slope="0.00"/>
        <vehicle id="16" x="401.65" y="657.42" angle="180.00" type="DEFAULT_VEHTYPE" speed="12.77" pos="52.67" lane="2/3to2/4_0" slope="0.00"/>
        <vehicle id="17" x="398.35" y="584.91" angle="0.00" type="DEFAULT_VEHTYPE" speed="13.62" pos="10.34" lane="2/3to2/2_0" slope="0.00"/>
        <vehicle id="18" x="398.35" y="792.07" angle="0.00" type="DEFAULT_VEHTYPE" speed="12.73" pos="7.93" lane="2/4to2/3_0" slope="0.00"/>
        <vehicle id="19" x="285.14" y="401.65" angle="-90.00" type="DEFAULT_VEHTYPE" speed="13.35" pos="110.11" lane="2/2to1/2_0" slope="0.00"/>
        <vehicle id="2" x="401.65" y="107.47" angle="180.00" type="DEFAULT_VEHTYPE" speed="12.91" pos="107.47" lane="2/0to2/1_0" slope="0.00"/>
        <vehicle id="20" x="198.35" y="127.16" angle="0.00" type="DEFAULT_VEHTYPE" speed="12.68" pos="68.09" lane="1/1to1/0_0" slope="0.00"/>
        <vehicle id="21" x="585.29" y="198.35" angle="90.00" type="DEFAULT_VEHTYPE" speed="7.38" pos="180.54" lane="2/1to3/1_0" slope="0.00"/>
        <vehicle id="22" x="478.62" y="198.35" angle="90.00" type="DEFAULT_VEHTYPE" speed="13.74" pos="73.87" lane="2/1to3/1_0" slope="0.00"/>
        <vehicle id="23" x="198.35" y="242.63" angle="0.00" type="DEFAULT_VEHTYPE" speed="13.22" pos="152.62" lane="1/2to1/1_0" slope="0.00"/>
        <vehicle id="24" x="530.19" y="198.35" angle="90.00" type="DEFAULT_VEHTYPE" speed="13.68" pos="125.44" lane="2/1to3/1_0" slope="0.00"/>
        <vehicle id="3" x="198.35" y="333.57" angle="0.00" type="DEFAULT_VEHTYPE" speed="13.49" pos="61.68" lane="1/2to1/1_0" slope="0.00"/>
        <vehicle id="4" x="198.35" y="283.21" angle="0.00" type="DEFAULT_VEHTYPE" speed="13.31" pos="112.04" lane="1/2to1/1_0" slope="0.00"/>
        <vehicle id="5" x="401.65" y="770.59" angle="180.00" type="DEFAULT_VEHTYPE" speed="13.48" pos="165.84" lane="2/3to2/4_0" slope="0.00"/>
        <vehicle id="6" x="198.35" y="388.37" angle="0.00" type="DEFAULT_VEHTYPE" speed="8.99" pos="6.88" lane="1/2to1/1_0" slope="0.00"/>
        <vehicle id="7" x="210.02" y="598.35" angle="90.00" type="DEFAULT_VEHTYPE" speed="13.60" pos="5.27" lane="1/3to2/3_0" slope="0.00"/>
        <vehicle id="8" x="601.65" y="212.33" angle="180.00" type="DEFAULT_VEHTYPE" speed="9.81" pos="7.58" lane="3/1to3/2_0" slope="0.00"/>
        <vehicle id="9" x="398.35" y="382.47" angle="0.00" type="DEFAULT_VEHTYPE" speed="8.43" pos="12.78" lane="2/2to2/1_0" slope="0.00"/>
    </timestep>
    <timestep time="201.00">
        <vehicle id="0" x="330.71" y="198.35" angle="90.00" type="DEFAULT_VEHTYPE" speed="12.76" pos="125.96" lane="1/1to2/1_0" slope="0.00"/>
        <vehicle id="1" x="13.19" y="198.35" angle="90.00" type="DEFAULT_VEHTYPE" speed="13.86" pos="13.19" lane="0/1to1/1_0" slope="0.00"/>
        <vehicle id="11" x="398.35" y="315.37" angle="0.00" type="DEFAULT_VEHTYPE" speed="12.63" pos="79.88" lane="2/2to2/1_0" slope="0.00"/>
        <vehicle id="12" x="735.44" y="201.65" angle="-90.00" type="DEFAULT_VEHTYPE" speed="13.16" pos="64.56" lane="4/1to3/1_0" slope="0.00"/>
        <vehicle id="14" x="398.35" y="246.36" angle="0.00" type="DEFAULT_VEHTYPE" speed="13.63" pos="148.89" lane="2/2to2/1_0" slope="0.00"/>
        <vehicle id="15" x="546.95" y="401.65" angle="-90.00" type="DEFAULT_VEHTYPE" speed="13.79" pos="48.30" lane="3/2to2/2_0" slope="0.00"/>
        <vehicle id="16" x="401.65" y="670.68" angle="180.00" type="DEFAULT_VEHTYPE" speed="13.26" pos="65.93" lane="2/3to2/4_0" slope="0.00"/>
        <vehicle id="17" x="398.35" y="571.58" angle="0.00" type="DEFAULT_VEHTYPE" speed="13.33" pos="23.67" lane="2/3to2/2_0" slope="0.00"/>
        <vehicle id="18" x="398.35" y="778.26" angle="0.00" type="DEFAULT_VEHTYPE" speed="13.82" pos="21.74" lane="2/4to2/3_0" slope="0.00"/>
        <vehicle id="19" x="272.44" y="401.65" angle="-90.00" type="DEFAULT_VEHTYPE" speed="12.71" pos="122.81" lane="2/2to1/2_0" slope="0.00"/>
        <vehicle id="2" x="401.65" y="120.18" angle="180.00" type="DEFAULT_VEHTYPE" speed="12.71" pos="120.18" lane="2/0to2/1_0" slope="0.00"/>
        <vehicle id="20" x="198.35" y="113.95" angle="0.00" type="DEFAULT_VEHTYPE" speed="13.21" pos="81.30" lane="1/1to1/0_0" slope="0.00"/>
        <vehicle id="21" x="588.84" y="198.35" angle="90.00" type="DEFAULT_VEHTYPE" speed="3.55" pos="184.09" lane="2/1to3/1_0" slope="0.00"/>
        <vehicle id="22" x="491.61" y="198.35" angle="90.00" type="DEFAULT_VEHTYPE" speed="12.99" pos="86.86" lane="2/1to3/1_0" slope="0.00"/>
        <vehicle id="23" x="198.35" y="229.38" angle="0.00" type="DEFAULT_VEHTYPE" speed="13.25" pos="165.87" lane="1/2to1/1_0" slope="0.00"/>
        <vehicle id="24" x="543.34" y="198.35" angle="90.00" type="DEFAULT_VEHTYPE" speed="13.15" pos="138.59" lane="2/1to3/1_0" slope="0.00"/>
        <vehicle id="3" x="198.35" y="319.89" angle="0.00" type="DEFAULT_VEHTYPE" speed="13.68" pos="75.36" lane="1/2to1/1_0" slope="0.00"/>
        <vehicle id="4" x="198.35" y="270.18" angle="0.00" type="DEFAULT_VEHTYPE" speed="13.03" pos="125.07" lane="1/2to1/1_0" slope="0.00"/>
        <vehicle id="5" x="401.65" y="784.15" angle="180.00" type="DEFAULT_VEHTYPE" speed="13.56" pos="179.40" lane="2/3to2/4_0" slope="0.00"/>
        <vehicle id="6" x="198.35" y="377.87" angle="0.00" type="DEFAULT_VEHTYPE" speed="10.50" pos="17.38" lane="1/2to1/1_0" slope="0.00"/>
        <vehicle id="7" x="223.25" y="598.35" angle="90.00" type="DEFAULT_VEHTYPE" speed="13.23" pos="18.50" lane="1/3to2/3_0" slope="0.00"/>
        <vehicle id="8" x="601.65" y="223.55" angle="180.00" type="DEFAULT_VEHTYPE" speed="11.22" pos="18.80" lane="3/1to3/2_0" slope="0.00"/>
        <vehicle id="9" x="398.35" y="372.62" angle="0.00" type="DEFAULT_VEHTYPE" speed="9.86" pos="22.63" lane="2/2to2/1_0" slope="0.00"/>
    </timestep>
    <timestep time="202.00">
        <vehicle id="0" x="344.08" y="198.35" angle="90.00" type="DEFAULT_VEHTYPE" speed="13.37" pos="139.33" lane="1/1to2/1_0" slope="0.00"/>
        <vehicle id="1" x="26.96" y="198.35" angle="90.00" type="DEFAULT_VEHTYPE" speed="13.77" pos="26.96" lane="0/1to1/1_0" slope="0.00"/>
        <vehicle id="11" x="398.35" y="302.01" angle="0.00" type="DEFAULT_VEHTYPE" speed="13.36" pos="93.24" lane="2/2to2/1_0" slope="0.00"/>
        <vehicle id="12" x="722.07" y="201.65" angle="-90.00" type="DEFAULT_VEHTYPE" speed="13.36" pos="77.93" lane="4/1to3/1_0" slope="0.00"/>
        <vehicle id="14" x="398.35" y="232.54" angle="0.00" type="DEFAULT_VEHTYPE" speed="13.82" pos="162.71" lane="2/2to2/1_0" slope="0.00"/>
        <vehicle id="15" x="533.15" y="401.65" angle="-90.00" type="DEFAULT_VEHTYPE" speed="13.80" pos="62.10" lane="3/2to2/2_0" slope="0.00"/>
        <vehicle id="16" x="401.65" y="684.16" angle="180.00" type="DEFAULT_VEHTYPE" speed="13.48" pos="79.41" lane="2/3to2/4_0" slope="0.00"/>
        <vehicle id="17" x="398.35" y="557.82" angle="0.00" type="DEFAULT_VEHTYPE" speed="13.76" pos="37.43" lane="2/3to2/2_0" slope="0.00"/>
        <vehicle id="18" x="398.35" y="765.52" angle="0.00" type="DEFAULT_VEHTYPE" speed="12.74" pos="34.48" lane="2/4to2/3_0" slope="0.00"/>
        <vehicle id="19" x="259.75" y="401.65" angle="-90.00" type="DEFAULT_VEHTYPE" speed="12.69" pos="135.50" lane="2/2to1/2_0" slope="0.00"/>
        <vehicle id="2" x="401.65" y="132.92" angle="180.00" type="DEFAULT_VEHTYPE" speed="12.74" pos="132.92" lane="2/0to2/1_0" slope="0.00"/>
        <vehicle id="20" x="198.35" y="100.27" angle="0.00" type="DEFAULT_VEHTYPE" speed="13.68" pos="94.98" lane="1/1to1/0_0" slope="0.00"/>
        <vehicle id="21" x="593.70" y="198.35" angle="90.00" type="DEFAULT_VEHTYPE" speed="4.85" pos="188.95" lane="2/1to3/1_0" slope="0.00"/>
        <vehicle id="22" x="504.56" y="198.35" angle="90.00" type="DEFAULT_VEHTYPE" speed="12.95" pos="99.81" lane="2/1to3/1_0" slope="0.00"/>
        <vehicle id="23" x="198.35" y="215.81" angle="0.00" type="DEFAULT_VEHTYPE" speed="13.57" pos="179.44" lane="1/2to1/1_0" slope="0.00"/>
        <vehicle id="24" x="556.76" y="198.35" angle="90.00" type="DEFAULT_VEHTYPE" speed="13.41" pos="152.01" lane="2/1to3/1_0" slope="0.00"/>
        <vehicle id="3" x="198.35" y="306.97" angle="0.00" type="DEFAULT_VEHTYPE" speed="12.93" pos="88.28" lane="1/2to1/1_0" slope="0.00"/>
        <vehicle id="4" x="198.35" y="257.26" angle="0.00" type="DEFAULT_VEHTYPE" speed="12.93" pos="137.99" lane="1/2to1/1_0" slope="0.00"/>
        <vehicle id="5" x="401.65" y="797.42" angle="180.00" type="DEFAULT_VEHTYPE" speed="13.27" pos="192.67" lane="2/3to2/4_0" slope="0.00"/>
        <vehicle id="6" x="198.35" y="365.04" angle="0.00" type="DEFAULT_VEHTYPE" speed="12.83" pos="30.21" lane="1/2to1/1_0" slope="0.00"/>
        <vehicle id="7" x="236.38" y="598.35" angle="90.00" type="DEFAULT_VEHTYPE" speed="13.13" pos="31.63" lane="1/3to2/3_0" slope="0.00"/>
        <vehicle id="8" x="601.65" y="236.58" angle="180.00" type="DEFAULT_VEHTYPE" speed="13.03" pos="31.83" lane="3/1to3/2_0" slope="0.00"/>
        <vehicle id="9" x="398.35" y="360.97" angle="0.00" type="DEFAULT_VEHTYPE" speed="11.65" pos="34.28" lane="2/2to2/1_0" slope="0.00"/>
    </timestep>
    <timestep time="203.00">
        <vehicle id="0" x="356.74" y="198.35" angle="90.00" type="DEFAULT_VEHTYPE" speed="12.66" pos="151.99" lane="1/1to2/1_0" slope="0.00"/>
        <vehicle id="1" x="40.86" y="198.35" angle="90.00" type="DEFAULT_VEHTYPE" speed="13.90" pos="40.86" lane="0/1to1/1_0" slope="0.00"/>
        <vehicle id="11" x="398.35" y="288.45" angle="0.00" type="DEFAULT_VEHTYPE" speed="13.56" pos="106.80" lane="2/2to2/1_0" slope="0.00"/>
        <vehicle id="12" x="708.19" y="201.65" angle="-90.00" type="DEFAULT_VEHTYPE" speed="13.88" pos="91.81" lane="4/1to3/1_0" slope="0.00"/>
        <vehicle id="14" x="398.35" y="219.56" angle="0.00" type="DEFAULT_VEHTYPE" speed="12.98" pos="175.69" lane="2/2to2/1_0" slope="0.00"/>
        <vehicle id="15" x="519.56" y="401.65" angle="-90.00" type="DEFAULT_VEHTYPE" speed="13.60" pos="75.69" lane="3/2to2/2_0" slope="0.00"/>
        <vehicle id="16" x="401.65" y="697.87" angle="180.00" type="DEFAULT_VEHTYPE" speed="13.71" pos="93.12" lane="2/3to2/4_0" slope="0.00"/>
        <vehicle id="17" x="398.35" y="544.98" angle="0.00" type="DEFAULT_VEHTYPE" speed="12.83" pos="50.27" lane="2/3to2/2_0" slope="0.00"/>
        <vehicle id="18" x="398.35" y="751.75" angle="0.00" type="DEFAULT_VEHTYPE" speed="13.77" pos="48.25" lane="2/4to2/3_0" slope="0.00"/>
        <vehicle id="19" x="246.13" y="401.65" angle="-90.00" type="DEFAULT_VEHTYPE" speed="13.62" pos="149.12" lane="2/2to1/2_0" slope="0.00"/>
        <vehicle id="2" x="401.65" y="145.86" angle="180.00" type="DEFAULT_VEHTYPE" speed="12.94" pos="145.86" lane="2/0to2/1_0" slope="0.00"/>
        <vehicle id="20" x="198.35" y="86.84" angle="0.00" type="DEFAULT_VEHTYPE" speed="13.43" pos="108.41" lane="1/1to1/0_0" slope="0.00"/>
        <vehicle id="21" x="600.49" y="198.35" angle="90.00" type="DEFAULT_VEHTYPE" speed="6.79" pos="5.24" lane=":3/1_13_0" slope="0.00"/>
        <vehicle id="22" x="517.72" y="198.35" angle="90.00" type="DEFAULT_VEHTYPE" speed="13.16" pos="112.97" lane="2/1to3/1_0" slope="0.00"/>
        <vehicle id="23" x="197.66" y="202.57" angle="-8.07" type="DEFAULT_VEHTYPE" speed="13.39" pos="2.33" lane=":1/1_0_0" slope="0.00"/>
        <vehicle id="24" x="569.44" y="198.35" angle="90.00" type="DEFAULT_VEHTYPE" speed="12.68" pos="164.69" lane="2/1to3/1_0" slope="0.00"/>
        <vehicle id="3" x="198.35" y="293.45" angle="0.00" type="DEFAULT_VEHTYPE" speed="13.52" pos="101.80" lane="1/2to1/1_0" slope="0.00"/>
        <vehicle id="4" x="198.35" y="243.40" angle="0.00" type="DEFAULT_VEHTYPE" speed="13.86" pos="151.85" lane="1/2to1/1_0" slope="0.00"/>
        <vehicle id="5" x="398.35" y="793.89" angle="0.00" type="DEFAULT_VEHTYPE" speed="13.51" pos="6.11" lane="2/4to2/3_0" slope="0.00"/>
        <vehicle id="6" x="198.35" y="351.43" angle="0.00" type="DEFAULT_VEHTYPE" speed="13.62" pos="43.82" lane="1/2to1/1_0" slope="0.00"/>
        <vehicle id="7" x="249.70" y="598.35" angle="90.00" type="DEFAULT_VEHTYPE" speed="13.32" pos="44.95" lane="1/3to2/3_0" slope="0.00"/>
        <vehicle id="8" x="601.65" y="250.41" angle="180.00" type="DEFAULT_VEHTYPE" speed="13.83" pos="45.66" lane="3/1to3/2_0" slope="0.00"/>
        <vehicle id="9" x="398.35" y="347.13" angle="0.00" type="DEFAULT_VEHTYPE" speed="13.84" pos="48.12" lane="2/2to2/1_0" slope="0.00"/>
    </timestep>
    <timestep time="204.00">
        <vehicle id="0" x="370.14" y="198.35" angle="90.00" type="DEFAULT_VEHTYPE" speed="13.39" pos="165.39" lane="1/1to2/1_0" slope="0.00"/>
        <vehicle id="1" x="54.71" y="198.35" angle="90.00" type="DEFAULT_VEHTYPE" speed="13.85" pos="54.71" lane="0/1to1/1_0" slope="0.00"/>
        <vehicle id="11" x="398.35" y="275.25" angle="0.00" type="DEFAULT_VEHTYPE" speed="13.20" pos="120.00" lane="2/2to2/1_0" slope="0.00"/>
        <vehicle id="12" x="695.54" y="201.65" angle="-90.00" type="DEFAULT_VEHTYPE" speed="12.65" pos="104.46" lane="4/1to3/1_0" slope="0.00"/>
        <vehicle id="14" x="398.35" y="206.19" angle="0.00" type="DEFAULT_VEHTYPE" speed="13.37" pos="189.06" lane="2/2to2/1_0" slope="0.00"/>
        <vehicle id="15" x="505.86" y="401.65" angle="-90.00" type="DEFAULT_VEHTYPE" speed="13.69" pos="89.39" lane="3/2to2/2_0" slope="0.00"/>
        <vehicle id="16" x="401.65" y="711.01" angle="180.00" type="DEFAULT_VEHTYPE" speed="13.14" pos="106.26" lane="2/3to2/4_0" slope="0.00"/>
        <vehicle id="17" x="398.35" y="531.88" angle="0.00" type="DEFAULT_VEHTYPE" speed="13.10" pos="63.37" lane="2/3to2/2_0" slope="0.00"/>
        <vehicle id="18" x="398.35" y="738.74" angle="0.00" type="DEFAULT_VEHTYPE" speed="13.01" pos="61.26" lane="2/4to2/3_0" slope="0.00"/>
        <vehicle id="19" x="232.67" y="401.65" angle="-90.00" type="DEFAULT_VEHTYPE" speed="13.46" pos="162.58" lane="2/2to1/2_0" slope="0.00"/>
        <vehicle id="2" x="401.65" y="159.07" angle="180.00" type="DEFAULT_VEHTYPE" speed="13.21" pos="159.07" lane="2/0to2/1_0" slope="0.00"/>
        <vehicle id="20" x="198.35" y="74.01" angle="0.00" type="DEFAULT_VEHTYPE" speed="12.83" pos="121.24" lane="1/1to1/0_0" slope="0.00"/>
        <vehicle id="21" x="609.86" y="198.35" angle="90.00" type="DEFAULT_VEHTYPE" speed="9.36" pos="5.11" lane="3/1to4/1_0" slope="0.00"/>
        <vehicle id="22" x="531.17" y="198.35" angle="90.00" type="DEFAULT_VEHTYPE" speed="13.45" pos="126.42" lane="2/1to3/1_0" slope="0.00"/>
        <vehicle id="23" x="184.64" y="201.65" angle="-90.00" type="DEFAULT_VEHTYPE" speed="13.27" pos="10.61" lane="1/1to0/1_0" slope="0.00"/>
        <vehicle id="24" x="580.10" y="198.35" angle="90.00" type="DEFAULT_VEHTYPE" speed="10.65" pos="175.35" lane="2/1to3/1_0" slope="0.00"/>
        <vehicle id="3" x="198.35" y="280.31" angle="0.00" type="DEFAULT_VEHTYPE" speed="13.14" pos="114.94" lane="1/2to1/1_0" slope="0.00"/>
        <vehicle id="4" x="198.35" y="230.26" angle="0.00" type="DEFAULT_VEHTYPE" speed="13.14" pos="164.99" lane="1/2to1/1_0" slope="0.00"/>
        <vehicle id="5" x="398.35" y="780.25" angle="0.00" type="DEFAULT_VEHTYPE" speed="13.64" pos="19.75" lane="2/4to2/3_0" slope="0.00"/>
        <vehicle id="6" x="198.35" y="338.54" angle="0.00" type="DEFAULT_VEHTYPE" speed="12.89" pos="56.71" lane="1/2to1/1_0" slope="0.00"/>
        <vehicle id="7" x="262.31" y="598.35" angle="90.00" type="DEFAULT_VEHTYPE" speed="12.61" pos="57.56" lane="1/3to2/3_0" slope="0.00"/>
        <vehicle id="8" x="601.65" y="263.35" angle="180.00" type="DEFAULT_VEHTYPE" speed="12.95" pos="58.60" lane="3/1to3/2_0" slope="0.00"/>
        <vehicle id="9" x="398.35" y="334.51" angle="0.00" type="DEFAULT_VEHTYPE" speed="12.62" pos="60.74" lane="2/2to2/1_0" slope="0.00"/>
    </timestep>
    <timestep time="205.00">
        <vehicle id="0" x="379.92" y="198.35" angle="90.00" type="DEFAULT_VEHTYPE" speed="9.79" pos="175.17" lane="1/1to2/1_0" slope="0.00"/>
        <vehicle id="1" x="67.90" y="198.35" angle="90.00" type="DEFAULT_VEHTYPE" speed="13.19" pos="67.90" lane="0/1to1/1_0" slope="0.00"/>
        <vehicle id="11" x="398.35" y="262.18" angle="0.00" type="DEFAULT_VEHTYPE" speed="13.06" pos="133.07" lane="2/2to2/1_0" slope="0.00"/>
        <vehicle id="12" x="682.18" y="201.65" angle="-90.00" type="DEFAULT_VEHTYPE" speed="13.35" pos="117.82" lane="4/1to3/1_0" slope="0.00"/>
        <vehicle id="14" x="388.58" y="201.65" angle="-90.00" type="DEFAULT_VEHTYPE" speed="13.11" pos="6.67" lane="2/1to1/1_0" slope="0.00"/>
        <vehicle id="15" x="491.98" y="401.65" angle="-90.00" type="DEFAULT_VEHTYPE" speed="13.89" pos="103.27" lane="3/2to2/2_0" slope="0.00"/>
        <vehicle id="16" x="401.65" y="724.38" angle="180.00" type="DEFAULT_VEHTYPE" speed="13.37" pos="119.63" lane="2/3to2/4_0" slope="0.00"/>
        <vehicle id="17" x="398.35" y="518.86" angle="0.00" type="DEFAULT_VEHTYPE" speed="13.02" pos="76.39" lane="2/3to2/2_0" slope="0.00"/>
        <vehicle id="18" x="398.35" y="726.11" angle="0.00" type="DEFAULT_VEHTYPE" speed="12.63" pos="73.89" lane="2/4to2/3_0" slope="0.00"/>
        <vehicle id="19" x="221.46" y="401.65" angle="-90.00" type="DEFAULT_VEHTYPE" speed="11.21" pos="173.79" lane="2/2to1/2_0" slope="0.00"/>
        <vehicle id="2" x="401.65" y="172.72" angle="180.00" type="DEFAULT_VEHTYPE" speed="13.65" pos="172.72" lane="2/0to2/1_0" slope="0.00"/>
        <vehicle id="20" x="198.35" y="61.24" angle="0.00" type="DEFAULT_VEHTYPE" speed="12.77" pos="134.01" lane="1/1to1/0_0" slope="0.00"/>
        <vehicle id="21" x="620.52" y="198.35" angle="90.00" type="DEFAULT_VEHTYPE" speed="10.67" pos="15.77" lane="3/1to4/1_0" slope="0.00"/>
        <vehicle id="22" x="544.41" y="198.35" angle="90.00" type="DEFAULT_VEHTYPE" speed="13.24" pos="139.66" lane="2/1to3/1_0" slope="0.00"/>
        <vehicle id="23" x="171.14" y="201.65" angle="-90.00" type="DEFAULT_VEHTYPE" speed="13.50" pos="24.11" lane="1/1to0/1_0" slope="0.00"/>
        <vehicle id="24" x="586.33" y="198.35" angle="90.00" type="DEFAULT_VEHTYPE" speed="6.24" pos="181.58" lane="2/1to3/1_0" slope="0.00"/>
        <vehicle id="3" x="198.35" y="266.83" angle="0.00" type="DEFAULT_VEHTYPE" speed="13.48" pos="128.42" lane="1/2to1/1_0" slope="0.00"/>
        <vehicle id="4" x="198.35" y="216.99" angle="0.00" type="DEFAULT_VEHTYPE" speed="13.27" pos="178.26" lane="1/2to1/1_0" slope="0.00"/>
        <vehicle id="5" x="398.35" y="766.81" angle="0.00" type="DEFAULT_VEHTYPE" speed="13.44" pos="33.19" lane="2/4to2/3_0" slope="0.00"/>
        <vehicle id="6" x="198.35" y="325.05" angle="0.00" type="DEFAULT_VEHTYPE" speed="13.49" pos="70.20" lane="1/2to1/1_0" slope="0.00"/>
        <vehicle id="7" x="276.01" y="598.35" angle="90.00" type="DEFAULT_VEHTYPE" speed="13.70" pos="71.26" lane="1/3to2/3_0" slope="0.00"/>
        <vehicle id="8" x="601.65" y="276.31" angle="180.00" type="DEFAULT_VEHTYPE" speed="12.96" pos="71.56" lane="3/1to3/2_0" slope="0.00"/>
        <vehicle id="9" x="398.35" y="321.86" angle="0.00" type="DEFAULT_VEHTYPE" speed="12.65" pos="73.39" lane="2/2to2/1_0" slope="0.00"/>
    </timestep>
    <timestep time="206.00">
        <vehicle id="0" x="386.32" y="198.35" angle="90.00" type="DEFAULT_VEHTYPE" speed="6.40" pos="181.57" lane="1/1to2/1_0" slope="0.00"/>
        <vehicle id="1" x="80.89" y="198.35" angle="90.00" type="DEFAULT_VEHTYPE" speed="12.99" pos="80.89" lane="0/1to1/1_0" slope="0.00"/>
        <vehicle id="11" x="398.35" y="248.30" angle="0.00" type="DEFAULT_VEHTYPE" speed="13.89" pos="146.95" lane="2/2to2/1_0" slope="0.00"/>
        <vehicle id="12" x="668.49" y="201.65" angle="-90.00" type="DEFAULT_VEHTYPE" speed="13.69" pos="131.51" lane="4/1to3/1_0" slope="0.00"/>
        <vehicle id="14" x="375.00" y="201.65" angle="-90.00" type="DEFAULT_VEHTYPE" speed="13.58" pos="20.25" lane="2/1to1/1_0" slope="0.00"/>
        <vehicle id="15" x="478.81" y="401.65" angle="-90.00" type="DEFAULT_VEHTYPE" speed="13.17" pos="116.44" lane="3/2to2/2_0" slope="0.00"/>
        <vehicle id="16" x="401.65" y="737.18" angle="180.00" type="DEFAULT_VEHTYPE" speed="12.80" pos="132.43" lane="2/3to2/4_0" slope="0.00"/>
        <vehicle id="17" x="398.35" y="505.02" angle="0.00" type="DEFAULT_VEHTYPE" speed="13.85" pos="90.23" lane="2/3to2/2_0" slope="0.00"/>
        <vehicle id="18" x="398.35" y="713.07" angle="0.00" type="DEFAULT_VEHTYPE" speed="13.03" pos="86.93" lane="2/4to2/3_0" slope="0.00"/>
        <vehicle id="19" x="214.11" y="401.65" angle="-90.00" type="DEFAULT_VEHTYPE" speed="7.35" pos="181.14" lane="2/2to1/2_0" slope="0.00"/>
        <vehicle id="2" x="401.65" y="185.38" angle="180.00" type="DEFAULT_VEHTYPE" speed="12.67" pos="185.38" lane="2/0to2/1_0" slope="0.00"/>
        <vehicle id="20" x="198.35" y="47.97" angle="0.00" type="DEFAULT_VEHTYPE" speed="13.27" pos="147.28" lane="1/1to1/0_0" slope="0.00"/>
        <vehicle id="21" x="633.31" y="198.35" angle="90.00" type="DEFAULT_VEHTYPE" speed="12.78" pos="28.56" lane="3/1to4/1_0" slope="0.00"/>
        <vehicle id="22" x="558.17" y="198.35" angle="90.00" type="DEFAULT_VEHTYPE" speed="13.76" pos="153.42" lane="2/1to3/1_0" slope="0.00"/>
        <vehicle id="23" x="158.19" y="201.65" angle="-90.00" type="DEFAULT_VEHTYPE" speed="12.95" pos="37.06" lane="1/1to0/1_0" slope="0.00"/>
        <vehicle id="24" x="590.14" y="198.35" angle="90.00" type="DEFAULT_VEHTYPE" speed="3.80" pos="185.39" lane="2/1to3/1_0" slope="0.00"/>
        <vehicle id="3" x="198.35" y="253.52" angle="0.00" type="DEFAULT_VEHTYPE" speed="13.31" pos="141.73" lane="1/2to1/1_0" slope="0.00"/>
        <vehicle id="4" x="198.18" y="203.53" angle="-1.96" type="DEFAULT_VEHTYPE" speed="13.48" pos="1.24" lane=":1/1_0_0" slope="0.00"/>
        <vehicle id="5" x="398.35" y="753.60" angle="0.00" type="DEFAULT_VEHTYPE" speed="13.21" pos="46.40" lane="2/4to2/3_0" slope="0.00"/>
        <vehicle id="6" x="198.35" y="312.33" angle="0.00" type="DEFAULT_VEHTYPE" speed="12.72" pos="82.92" lane="1/2to1/1_0" slope="0.00"/>
        <vehicle id="7" x="289.74" y="598.35" angle="90.00" type="DEFAULT_VEHTYPE" speed="13.73" pos="84.99" lane="1/3to2/3_0" slope="0.00"/>
        <vehicle id="8" x="601.65" y="289.06" angle="180.00" type="DEFAULT_VEHTYPE" speed="12.75" pos="84.31" lane="3/1to3/2_0" slope="0.00"/>
        <vehicle id="9" x="398.35" y="308.99" angle="0.00" type="DEFAULT_VEHTYPE" speed="12.86" pos="86.26" lane="2/2to2/1_0" slope="0.00"/>
    </timestep>
    <timestep time="207.00">
        <vehicle id="0" x="390.17" y="198.35" angle="90.00" type="DEFAULT_VEHTYPE" speed="3.85" pos="185.42" lane="1/1to2/1_0" slope="0.00"/>
        <vehicle id="1" x="93.65" y="198.35" angle="90.00" type="DEFAULT_VEHTYPE" speed="12.76" pos="93.65" lane="0/1to1/1_0" slope="0.00"/>
        <vehicle id="11" x="398.35" y="234.79" angle="0.00" type="DEFAULT_VEHTYPE" speed="13.51" pos="160.46" lane="2/2to2/1_0" slope="0.00"/>
        <vehicle id="12" x="655.07" y="201.65" angle="-90.00" type="DEFAULT_VEHTYPE" speed="13.42" pos="144.93" lane="4/1to3/1_0" slope="0.00"/>
        <vehicle id="14" x="361.94" y="201.65" angle="-90.00" type="DEFAULT_VEHTYPE" speed="13.06" pos="33.31" lane="2/1to1/1_0" slope="0.00"/>
        <vehicle id="15" x="466.11" y="401.65" angle="-90.00" type="DEFAULT_VEHTYPE" speed="12.70" pos="129.14" lane="3/2to2/2_0" slope="0.00"/>
        <vehicle id="16" x="401.65" y="749.84" angle="180.00" type="DEFAULT_VEHTYPE" speed="12.66" pos="145.09" lane="2/3to2/4_0" slope="0.00"/>
        <vehicle id="17" x="398.35" y="491.53" angle="0.00" type="DEFAULT_VEHTYPE" speed="13.48" pos="103.72" lane="2/3to2/2_0" slope="0.00"/>
        <vehicle id="18" x="398.35" y="699.28" angle="0.00" type="DEFAULT_VEHTYPE" speed="13.79" pos="100.72" lane="2/4to2/3_0" slope="0.00"/>
        <vehicle id="19" x="209.77" y="401.65" angle="-90.00" type="DEFAULT_VEHTYPE" speed="4.34" pos="185.48" lane="2/2to1/2_0" slope="0.00"/>
        <vehicle id="2" x="402.90" y="197.87" angle="164.75" type="DEFAULT_VEHTYPE" speed="12.92" pos="3.05" lane=":2/1_8_0" slope="0.00"/>
        <vehicle id="20" x="198.35" y="34.40" angle="0.00" type="DEFAULT_VEHTYPE" speed="13.57" pos="160.85" lane="1/1to1/0_0" slope="0.00"/>
        <vehicle id="21" x="646.25" y="198.35" angle="90.00" type="DEFAULT_VEHTYPE" speed="12.94" pos="41.50" lane="3/1to4/1_0" slope="0.00"/>
        <vehicle id="22" x="568.37" y="198.35" angle="90.00" type="DEFAULT_VEHTYPE" speed="10.20" pos="163.62" lane="2/1to3/1_0" slope="0.00"/>
        <vehicle id="23" x="145.56" y="201.65" angle="-90.00" type="DEFAULT_VEHTYPE" speed="12.63" pos="49.69" lane="1/1to0/1_0" slope="0.00"/>
        <vehicle id="24" x="596.41" y="198.35" angle="90.00" type="DEFAULT_VEHTYPE" speed="6.28" pos="1.16" lane=":3/1_13_0" slope="0.00"/>
        <vehicle id="3" x="198.35" y="240.19" angle="0.00" type="DEFAULT_VEHTYPE" speed="13.32" pos="155.06" lane="1/2to1/1_0" slope="0.00"/>
        <vehicle id="4" x="185.45" y="201.65" angle="-90.00" type="DEFAULT_VEHTYPE" speed="13.56" pos="9.80" lane="1/1to0/1_0" slope="0.00"/>
        <vehicle id="5" x="398.35" y="740.18" angle="0.00" type="DEFAULT_VEHTYPE" speed="13.41" pos="59.82" lane="2/4to2/3_0" slope="0.00"/>
        <vehicle id="6" x="198.35" y="298.63" angle="0.00" type="DEFAULT_VEHTYPE" speed="13.70" pos="96.62" lane="1/2to1/1_0" slope="0.00"/>
        <vehicle id="7" x="303.63" y="598.35" angle="90.00" type="DEFAULT_VEHTYPE" speed="13.89" pos="98.88" lane="1/3to2/3_0" slope="0.00"/>
        <vehicle id="8" x="601.65" y="302.54" angle="180.00" type="DEFAULT_VEHTYPE" speed="13.48" pos="97.79" lane="3/1to3/2_0" slope="0.00"/>
        <vehicle id="9" x="398.35" y="296.36" angle="0.00" type="DEFAULT_VEHTYPE" speed="12.63" pos="98.89" lane="2/2to2/1_0" slope="0.00"/>
    </timestep>
    <timestep time="208.00">
        <vehicle id="0" x="391.49" y="198.35" angle="90.00" type="DEFAULT_VEHTYPE" speed="1.32" pos="186.74" lane="1/1to2/1_0" slope="0.00"/>
        <vehicle id="1" x="106.52" y="198.35" angle="90.00" type="DEFAULT_VEHTYPE" speed="12.88" pos="106.52" lane="0/1to1/1_0" slope="0.00"/>
        <vehicle id="11" x="398.35" y="221.51" angle="0.00" type="DEFAULT_VEHTYPE" speed="13.28" pos="173.74" lane="2/2to2/1_0" slope="0.00"/>
        <vehicle id="12" x="641.34" y="201.65" angle="-90.00" type="DEFAULT_VEHTYPE" speed="13.73" pos="158.66" lane="4/1to3/1_0" slope="0.00"/>
        <vehicle id="14" x="348.36" y="201.65" angle="-90.00" type="DEFAULT_VEHTYPE" speed="13.58" pos="46.89" lane="2/1to1/1_0" slope="0.00"/>
        <vehicle id="15" x="453.29" y="401.65" angle="-90.00" type="DEFAULT_VEHTYPE" speed="12.82" pos="141.96" lane="3/2to2/2_0" slope="0.00"/>
        <vehicle id="16" x="401.65" y="762.80" angle="180.00" type="DEFAULT_VEHTYPE" speed="12.96" pos="158.05" lane="2/3to2/4_0" slope="0.00"/>
        <vehicle id="17" x="398.35" y="478.56" angle="0.00" type="DEFAULT_VEHTYPE" speed="12.98" pos="116.69" lane="2/3to2/2_0" slope="0.00"/>
        <vehicle id="18" x="398.35" y="686.26" angle="0.00" type="DEFAULT_VEHTYPE" speed="13.02" pos="113.74" lane="2/4to2/3_0" slope="0.00"/>
        <vehicle id="19" x="202.96" y="401.65" angle="-90.00" type="DEFAULT_VEHTYPE" speed="6.81" pos="1.79" lane=":1/2_5_0" slope="0.00"/>
        <vehicle id="2" x="415.98" y="198.35" angle="90.00" type="DEFAULT_VEHTYPE" speed="13.17" pos="11.23" lane="2/1to3/1_0" slope="0.00"/>
        <vehicle id="20" x="198.35" y="21.40" angle="0.00" type="DEFAULT_VEHTYPE" speed="13.00" pos="173.85" lane="1/1to1/0_0" slope="0.00"/>
        <vehicle id="21" x="659.09" y="198.35" angle="90.00" type="DEFAULT_VEHTYPE" speed="12.85" pos="54.34" lane="3/1to4/1_0" slope="0.00"/>
        <vehicle id="22" x="578.86" y="198.35" angle="90.00" type="DEFAULT_VEHTYPE" speed="10.49" pos="174.11" lane="2/1to3/1_0" slope="0.00"/>
        <vehicle id="23" x="132.42" y="201.65" angle="-90.00" type="DEFAULT_VEHTYPE" speed="13.14" pos="62.83" lane="1/1to0/1_0" slope="0.00"/>
        <vehicle id="24" x="604.89" y="198.35" angle="90.00" type="DEFAULT_VEHTYPE" speed="8.48" pos="0.14" lane="3/1to4/1_0" slope="0.00"/>
        <vehicle id="3" x="198.35" y="227.17" angle="0.00" type="DEFAULT_VEHTYPE" speed="13.02" pos="168.08" lane="1/2to1/1_0" slope="0.00"/>
        <vehicle id="4" x="172.79" y="201.65" angle="-90.00" type="DEFAULT_VEHTYPE" speed="12.66" pos="22.46" lane="1/1to0/1_0" slope="0.00"/>
        <vehicle id="5" x="398.35" y="726.84" angle="0.00" type="DEFAULT_VEHTYPE" speed="13.34" pos="73.16" lane="2/4to2/3_0" slope="0.00"/>
        <vehicle id="6" x="198.35" y="285.13" angle="0.00" type="DEFAULT_VEHTYPE" speed="13.50" pos="110.12" lane="1/2to1/1_0" slope="0.00"/>
        <vehicle id="7" x="317.11" y="598.35" angle="90.00" type="DEFAULT_VEHTYPE" speed="13.48" pos="112.36" lane="1/3to2/3_0" slope="0.00"/>
        <vehicle id="8" x="601.65" y="316.28" angle="180.00" type="DEFAULT_VEHTYPE" speed="13.74" pos="111.53" lane="3/1to3/2_0" slope="0.00"/>
        <vehicle id="9" x="398.35" y="282.83" angle="0.00" type="DEFAULT_VEHTYPE" speed="13.54" pos="112.42" lane="2/2to2/1_0" slope="0.00"/>
    </timestep>
    <timestep time="209.00">
        <vehicle id="0" x="394.18" y="198.35" angle="90.00" type="DEFAULT_VEHTYPE" speed="2.69" pos="189.43" lane="1/1to2/1_0" slope="0.00"/>
        <vehicle id="1" x="119.83" y="198.35" angle="90.00" type="DEFAULT_VEHTYPE" speed="13.30" pos="119.83" lane="0/1to1/1_0" slope="0.00"/>
        <vehicle id="11" x="398.35" y="208.18" angle="0.00" type="DEFAULT_VEHTYPE" speed="13.33" pos="187.07" lane="2/2to2/1_0" slope="0.00"/>
        <vehicle id="12" x="629.05" y="201.65" angle="-90.00" type="DEFAULT_VEHTYPE" speed="12.28" pos="170.95" lane="4/1to3/1_0" slope="0.00"/>
        <vehicle id="14" x="335.19" y="201.65" angle="-90.00" type="DEFAULT_VEHTYPE" speed="13.18" pos="60.06" lane="2/1to1/1_0" slope="0.00"/>
        <vehicle id="15" x="439.45" y="401.65" angle="-90.00" type="DEFAULT_VEHTYPE" speed="13.84" pos="155.80" lane="3/2to2/2_0" slope="0.00"/>
        <vehicle id="16" x="401.65" y="775.63" angle="180.00" type="DEFAULT_VEHTYPE" speed="12.83" pos="170.88" lane="2/3to2/4_0" slope="0.00"/>
        <vehicle id="17" x="398.35" y="464.97" angle="0.00" type="DEFAULT_VEHTYPE" speed="13.58" pos="130.28" lane="2/3to2/2_0" slope="0.00"/>
        <vehicle id="18" x="398.35" y="672.52" angle="0.00" type="DEFAULT_VEHTYPE" speed="13.74" pos="127.48" lane="2/4to2/3_0" slope="0.00"/>
        <vehicle id="19" x="194.45" y="401.65" angle="-90.00" type="DEFAULT_VEHTYPE" speed="8.51" pos="0.80" lane="1/2to0/2_0" slope="0.00"/>
        <vehicle id="2" x="429.48" y="198.35" angle="90.00" type="DEFAULT_VEHTYPE" speed="13.51" pos="24.73" lane="2/1to3/1_0" slope="0.00"/>
        <vehicle id="20" x="198.35" y="8.58" angle="0.00" type="DEFAULT_VEHTYPE" speed="12.82" pos="186.67" lane="1/1to1/0_0" slope="0.00"/>
        <vehicle id="21" x="672.11" y="198.35" angle="90.00" type="DEFAULT_VEHTYPE" speed="13.02" pos="67.36" lane="3/1to4/1_0" slope="0.00"/>
        <vehicle id="22" x="586.13" y="198.35" angle="90.00" type="DEFAULT_VEHTYPE" speed="7.27" pos="181.38" lane="2/1to3/1_0" slope="0.00"/>
        <vehicle id="23" x="118.96" y="201.65" angle="-90.00" type="DEFAULT_VEHTYPE" speed="13.46" pos="76.29" lane="1/1to0/1_0" slope="0.00"/>
        <vehicle id="24" x="614.71" y="198.35" angle="90.00" type="DEFAULT_VEHTYPE" speed="9.81" pos="9.96" lane="3/1to4/1_0" slope="0.00"/>
        <vehicle id="3" x="198.35" y="214.29" angle="0.00" type="DEFAULT_VEHTYPE" speed="12.88" pos="180.96" lane="1/2to1/1_0" slope="0.00"/>
        <vehicle id="4" x="159.42" y="201.65" angle="-90.00" type="DEFAULT_VEHTYPE" speed="13.37" pos="35.83" lane="1/1to0/1_0" slope="0.00"/>
        <vehicle id="5" x="398.35" y="713.04" angle="0.00" type="DEFAULT_VEHTYPE" speed="13.80" pos="86.96" lane="2/4to2/3_0" slope="0.00"/>
        <vehicle id="6" x="198.35" y="272.27" angle="0.00" type="DEFAULT_VEHTYPE" speed="12.86" pos="122.98" lane="1/2to1/1_0" slope="0.00"/>
        <vehicle id="7" x="330.91" y="598.35" angle="90.00" type="DEFAULT_VEHTYPE" speed="13.80" pos="126.16" lane="1/3to2/3_0" slope="0.00"/>
        <vehicle id="8" x="601.65" y="329.54" angle="180.00" type="DEFAULT_VEHTYPE" speed="13.26" pos="124.79" lane="3/1to3/2_0" slope="0.00"/>
        <vehicle id="9" x="398.35" y="270.01" angle="0.00" type="DEFAULT_VEHTYPE" speed="12.81" pos="125.24" lane="2/2to2/1_0" slope="0.00"/>
    </timestep>
    <timestep time="210.00">
        <vehicle id="0" x="398.86" y="198.35" angle="90.00" type="DEFAULT_VEHTYPE" speed="4.67" pos="3.61" lane=":2/1_13_0" slope="0.00"/>
        <vehicle id="1" x="132.99" y="198.35" angle="90.00" type="DEFAULT_VEHTYPE" speed="13.16" pos="132.99" lane="0/1to1/1_0" slope="0.00"/>
        <vehicle id="11" x="390.82" y="201.65" angle="-89.08" type="DEFAULT_VEHTYPE" speed="12.85" pos="4.43" lane="2/1to1/1_0" slope="0.00"/>
        <vehicle id="12" x="619.32" y="201.65" angle="-90.00" type="DEFAULT_VEHTYPE" speed="9.73" pos="180.68" lane="4/1to3/1_0" slope="0.00"/>
        <vehicle id="14" x="322.29" y="201.65" angle="-90.00" type="DEFAULT_VEHTYPE" speed="12.90" pos="72.96" lane="2/1to1/1_0" slope="0.00"/>
        <vehicle id="15" x="427.39" y="401.65" angle="-90.00" type="DEFAULT_VEHTYPE" speed="12.06" pos="167.86" lane="3/2to2/2_0" slope="0.00"/>
        <vehicle id="16" x="401.65" y="788.93" angle="180.00" type="DEFAULT_VEHTYPE" speed="13.30" pos="184.18" lane="2/3to2/4_0" slope="0.00"/>
        <vehicle id="17" x="398.35" y="451.54" angle="0.00" type="DEFAULT_VEHTYPE" speed="13.43" pos="143.71" lane="2/3to2/2_0" slope="0.00"/>
        <vehicle id="18" x="398.35" y="659.68" angle="0.00" type="DEFAULT_VEHTYPE" speed="12.84" pos="140.32" lane="2/4to2/3_0" slope="0.00"/>
        <vehicle id="19" x="183.66" y="401.65" angle="-90.00" type="DEFAULT_VEHTYPE" speed="10.79" pos="11.59" lane="1/2to0/2_0" slope="0.00"/>
        <vehicle id="2" x="443.38" y="198.35" angle="90.00" type="DEFAULT_VEHTYPE" speed="13.90" pos="38.63" lane="2/1to3/1_0" slope="0.00"/>
        <vehicle id="20" x="201.65" y="0.28" angle="96.54" type="DEFAULT_VEHTYPE" speed="13.69" pos="0.28" lane="1/0to1/1_0" slope="0.00"/>
        <vehicle id="21" x="684.88" y="198.35" angle="90.00" type="DEFAULT_VEHTYPE" speed="12.77" pos="80.13" lane="3/1to4/1_0" slope="0.00"/>
        <vehicle id="22" x="589.30" y="198.35" angle="90.00" type="DEFAULT_VEHTYPE" speed="3.17" pos="184.55" lane="2/1to3/1_0" slope="0.00"/>
        <vehicle id="23" x="105.56" y="201.65" angle="-90.00" type="DEFAULT_VEHTYPE" speed="13.40" pos="89.69" lane="1/1to0/1_0" slope="0.00"/>
        <vehicle id="24" x="626.08" y="198.35" angle="90.00" type="DEFAULT_VEHTYPE" speed="11.37" pos="21.33" lane="3/1to4/1_0" slope="0.00"/>
        <vehicle id="3" x="196.27" y="201.79" angle="-27.53" type="DEFAULT_VEHTYPE" speed="13.51" pos="3.97" lane=":1/1_0_0" slope="0.00"/>
        <vehicle id="4" x="145.91" y="201.65" angle="-90.00" type="DEFAULT_VEHTYPE" speed="13.51" pos="49.34" lane="1/1to0/1_0" slope="0.00"/>
        <vehicle id="5" x="398.35" y="699.49" angle="0.00" type="DEFAULT_VEHTYPE" speed="13.55" pos="100.51" lane="2/4to2/3_0" slope="0.00"/>
        <vehicle id="6" x="198.35" y="258.59" angle="0.00" type="DEFAULT_VEHTYPE" speed="13.68" pos="136.66" lane="1/2to1/1_0" slope="0.00"/>
        <vehicle id="7" x="344.04" y="598.35" angle="90.00" type="DEFAULT_VEHTYPE" speed="13.13" pos="139.29" lane="1/3to2/3_0" slope="0.00"/>
        <vehicle id="8" x="601.65" y="342.82" angle="180.00" type="DEFAULT_VEHTYPE" speed="13.28" pos="138.07" lane="3/1to3/2_0" slope="0.00"/>
        <vehicle id="9" x="398.35" y="257.32" angle="0.00" type="DEFAULT_VEHTYPE" speed="12.69" pos="137.93" lane="2/2to2/1_0" slope="0.00"/>
    </timestep>
    <timestep time="211.00">
        <vehicle id="0" x="405.90" y="198.35" angle="90.00" type="DEFAULT_VEHTYPE" speed="7.05" pos="1.15" lane="2/1to3/1_0" slope="0.00"/>
        <vehicle id="1" x="146.47" y="198.35" angle="90.00" type="DEFAULT_VEHTYPE" speed="13.48" pos="146.47" lane="0/1to1/1_0" slope="0.00"/>
        <vehicle id="11" x="377.24" y="201.65" angle="-90.00" type="DEFAULT_VEHTYPE" speed="13.58" pos="18.01" lane="2/1to1/1_0" slope="0.00"/>
        <vehicle id="12" x="612.87" y="201.65" angle="-90.00" type="DEFAULT_VEHTYPE" speed="6.45" pos="187.13" lane="4/1to3/1_0" slope="0.00"/>
        <vehicle id="14" x="309.07" y="201.65" angle="-90.00" type="DEFAULT_VEHTYPE" speed="13.22" pos="86.18" lane="2/1to1/1_0" slope="0.00"/>
        <vehicle id="15" x="418.86" y="401.65" angle="-90.00" type="DEFAULT_VEHTYPE" speed="8.53" pos="176.39" lane="3/2to2/2_0" slope="0.00"/>
        <vehicle id="16" x="400.03" y="801.64" angle="-159.13" type="DEFAULT_VEHTYPE" speed="13.45" pos="2.38" lane=":2/4_0_0" slope="0.00"/>
        <vehicle id="17" x="398.35" y="437.98" angle="0.00" type="DEFAULT_VEHTYPE" speed="13.57" pos="157.27" lane="2/3to2/2_0" slope="0.00"/>
        <vehicle id="18" x="398.35" y="646.91" angle="0.00" type="DEFAULT_VEHTYPE" speed="12.77" pos="153.09" lane="2/4to2/3_0" slope="0.00"/>
        <vehicle id="19" x="171.03" y="401.65" angle="-90.00" type="DEFAULT_VEHTYPE" speed="12.63" pos="24.22" lane="1/2to0/2_0" slope="0.00"/>
        <vehicle id="2" x="456.99" y="198.35" angle="90.00" type="DEFAULT_VEHTYPE" speed="13.61" pos="52.24" lane="2/1to3/1_0" slope="0.00"/>
        <vehicle id="20" x="201.65" y="12.99" angle="180.00" type="DEFAULT_VEHTYPE" speed="12.71" pos="12.99" lane="1/0to1/1_0" slope="0.00"/>
        <vehicle id="21" x="697.65" y="198.35" angle="90.00" type="DEFAULT_VEHTYPE" speed="12.76" pos="92.90" lane="3/1to4/1_0" slope="0.00"/>
        <vehicle id="22" x="590.91" y="198.35" angle="90.00" type="DEFAULT_VEHTYPE" speed="1.61" pos="186.16" lane="2/1to3/1_0" slope="0.00"/>
        <vehicle id="23" x="91.93" y="201.65" angle="-90.00" type="DEFAULT_VEHTYPE" speed="13.63" pos="103.32" lane="1/1to0/1_0" slope="0.00"/>
        <vehicle id="24" x="639.73" y="198.35" angle="90.00" type="DEFAULT_VEHTYPE" speed="13.66" pos="34.98" lane="3/1to4/1_0" slope="0.00"/>
        <vehicle id="3" x="182.65" y="201.65" angle="-90.00" type="DEFAULT_VEHTYPE" speed="13.63" pos="12.60" lane="1/1to0/1_0" slope="0.00"/>
        <vehicle id="4" x="133.11" y="201.65" angle="-90.00" type="DEFAULT_VEHTYPE" speed="12.80" pos="62.14" lane="1/1to0/1_0" slope="0.00"/>
        <vehicle id="5" x="398.35" y="686.31" angle="0.00" type="DEFAULT_VEHTYPE" speed="13.18" pos="113.69" lane="2/4to2/3_0" slope="0.00"/>
        <vehicle id="6" x="198.35" y="245.08" angle="0.00" type="DEFAULT_VEHTYPE" speed="13.51" pos="150.17" lane="1/2to1/1_0" slope="0.00"/>
        <vehicle id="7" x="357.10" y="598.35" angle="90.00" type="DEFAULT_VEHTYPE" speed="13.06" pos="152.35" lane="1/3to2/3_0" slope="0.00"/>
        <vehicle id="8" x="601.65" y="356.20" angle="180.00" type="DEFAULT_VEHTYPE" speed="13.38" pos="151.45" lane="3/1to3/2_0" slope="0.00"/>
        <vehicle id="9" x="398.35" y="244.50" angle="0.00" type="DEFAULT_VEHTYPE" speed="12.82" pos="150.75" lane="2/2to2/1_0" slope="0.00"/>
    </timestep>
    <timestep time="212.00">
        <vehicle id="0" x="414.66" y="198.35" angle="90.00" type="DEFAULT_VEHTYPE" speed="8.76" pos="9.91" lane="2/1to3/1_0" slope="0.00"/>
        <vehicle id="1" x="160.25" y="198.35" angle="90.00" type="DEFAULT_VEHTYPE" speed="13.78" pos="160.25" lane="0/1to1/1_0" slope="0.00"/>
        <vehicle id="11" x="363.52" y="201.65" angle="-90.00" type="DEFAULT_VEHTYPE" speed="13.72" pos="31.73" lane="2/1to1/1_0" slope="0.00"/>
        <vehicle id="12" x="610.03" y="201.65" angle="-90.00" type="DEFAULT_VEHTYPE" speed="2.84" pos="189.97" lane="4/1to3/1_0" slope="0.00"/>
        <vehicle id="14" x="295.61" y="201.65" angle="-90.00" type="DEFAULT_VEHTYPE" speed="13.46" pos="99.64" lane="2/1to1/1_0" slope="0.00"/>
        <vehicle id="15" x="412.46" y="401.65" angle="-90.00" type="DEFAULT_VEHTYPE" speed="6.40" pos="182.79" lane="3/2to2/2_0" slope="0.00"/>
        <vehicle id="16" x="398.35" y="789.30" angle="0.00" type="DEFAULT_VEHTYPE" speed="13.14" pos="10.70" lane="2/4to2/3_0" slope="0.00"/>
        <vehicle id="17" x="398.35" y="425.26" angle="0.00" type="DEFAULT_VEHTYPE" speed="12.72" pos="169.99" lane="2/3to2/2_0" slope="0.00"/>
        <vehicle id="18" x="398.35" y="633.32" angle="0.00" type="DEFAULT_VEHTYPE" speed="13.58" pos="166.68" lane="2/4to2/3_0" slope="0.00"/>
        <vehicle id="19" x="157.81" y="401.65" angle="-90.00" type="DEFAULT_VEHTYPE" speed="13.22" pos="37.44" lane="1/2to0/2_0" slope="0.00"/>
        <vehicle id="2" x="470.78" y="198.35" angle="90.00" type="DEFAULT_VEHTYPE" speed="13.79" pos="66.03" lane="2/1to3/1_0" slope="0.00"/>
        <vehicle id="20" x="201.65" y="25.68" angle="180.00" type="DEFAULT_VEHTYPE" speed="12.68" pos="25.68" lane="1/0to1/1_0" slope="0.00"/>
        <vehicle id="21" x="710.75" y="198.35" angle="90.00" type="DEFAULT_VEHTYPE" speed="13.10" pos="106.00" lane="3/1to4/1_0" slope="0.00"/>
        <vehicle id="22" x="591.82" y="198.35" angle="90.00" type="DEFAULT_VEHTYPE" speed="0.91" pos="187.07" lane="2/1to3/1_0" slope="0.00"/>
        <vehicle id="23" x="79.32" y="201.65" angle="-90.00" type="DEFAULT_VEHTYPE" speed="12.61" pos="115.93" lane="1/1to0/1_0" slope="0.00"/>
        <vehicle id="24" x="652.39" y="198.35" angle="90.00" type="DEFAULT_VEHTYPE" speed="12.65" pos="47.64" lane="3/1to4/1_0" slope="0.00"/>
        <vehicle id="3" x="169.31" y="201.65" angle="-90.00" type="DEFAULT_VEHTYPE" speed="13.34" pos="25.94" lane="1/1to0/1_0" slope="0.00"/>
        <vehicle id="4" x="119.48" y="201.65" angle="-90.00" type="DEFAULT_VEHTYPE" speed="13.64" pos="75.77" lane="1/1to0/1_0" slope="0.00"/>
        <vehicle id="5" x="398.35" y="672.76" angle="0.00" type="DEFAULT_VEHTYPE" speed="13.55" pos="127.24" lane="2/4to2/3_0" slope="0.00"/>
        <vehicle id="6" x="198.35" y="232.27" angle="0.00" type="DEFAULT_VEHTYPE" speed="12.81" pos="162.98" lane="1/2to1/1_0" slope="0.00"/>
        <vehicle id="7" x="369.71" y="598.35" angle="90.00" type="DEFAULT_VEHTYPE" speed="12.61" pos="164.96" lane="1/3to2/3_0" slope="0.00"/>
        <vehicle id="8" x="601.65" y="369.69" angle="180.00" type="DEFAULT_VEHTYPE" speed="13.49" pos="164.94" lane="3/1to3/2_0" slope="0.00"/>
        <vehicle id="9" x="398.35" y="230.74" angle="0.00" type="DEFAULT_VEHTYPE" speed="13.76" pos="164.51" lane="2/2to2/1_0" slope="0.00"/>
    </timestep>
    <timestep time="213.00">
        <vehicle id="0" x="425.32" y="198.35" angle="90.00" type="DEFAULT_VEHTYPE" speed="10.67" pos="20.57" lane="2/1to3/1_0" slope="0.00"/>
        <vehicle id="1" x="172.67" y="198.35" angle="90.00" type="DEFAULT_VEHTYPE" speed="12.42" pos="172.67" lane="0/1to1/1_0" slope="0.00"/>
        <vehicle id="11" x="349.82" y="201.65" angle="-90.00" type="DEFAULT_VEHTYPE" speed="13.69" pos="45.43" lane="2/1to1/1_0" slope="0.00"/>
        <vehicle id="12" x="604.91" y="201.65" angle="-90.00" type="DEFAULT_VEHTYPE" speed="5.11" pos="195.09" lane="4/1to3/1_0" slope="0.00"/>
        <vehicle id="14" x="282.74" y="201.65" angle="-90.00" type="DEFAULT_VEHTYPE" speed="12.87" pos="112.51" lane="2/1to1/1_0" slope="0.00"/>
        <vehicle id="15" x="409.82" y="401.65" angle="-90.00" type="DEFAULT_VEHTYPE" speed="2.64" pos="185.43" lane="3/2to2/2_0" slope="0.00"/>
        <vehicle id="16" x="398.35" y="775.62" angle="0.00" type="DEFAULT_VEHTYPE" speed="13.68" pos="24.38" lane="2/4to2/3_0" slope="0.00"/>
        <vehicle id="17" x="398.35" y="411.85" angle="0.00" type="DEFAULT_VEHTYPE" speed="13.41" pos="183.40" lane="2/3to2/2_0" slope="0.00"/>
        <vehicle id="18" x="398.35" y="620.08" angle="0.00" type="DEFAULT_VEHTYPE" speed="13.24" pos="179.92" lane="2/4to2/3_0" slope="0.00"/>
        <vehicle id="19" x="145.03" y="401.65" angle="-90.00" type="DEFAULT_VEHTYPE" speed="12.78" pos="50.22" lane="1/2to0/2_0" slope="0.00"/>
        <vehicle id="2" x="483.90" y="198.35" angle="90.00" type="DEFAULT_VEHTYPE" speed="13.12" pos="79.15" lane="2/1to3/1_0" slope="0.00"/>
        <vehicle id="20" x="201.65" y="38.47" angle="180.00" type="DEFAULT_VEHTYPE" speed="12.79" pos="38.47" lane="1/0to1/1_0" slope="0.00"/>
        <vehicle id="21" x="723.93" y="198.35" angle="90.00" type="DEFAULT_VEHTYPE" speed="13.18" pos="119.18" lane="3/1to4/1_0" slope="0.00"/>
        <vehicle id="22" x="592.48" y="198.35" angle="90.00" type="DEFAULT_VEHTYPE" speed="0.66" pos="187.73" lane="2/1to3/1_0" slope="0.00"/>
        <vehicle id="23" x="65.70" y="201.65" angle="-90.00" type="DEFAULT_VEHTYPE" speed="13.62" pos="129.55" lane="1/1to0/1_0" slope="0.00"/>
        <vehicle id="24" x="666.20" y="198.35" angle="90.00" type="DEFAULT_VEHTYPE" speed="13.82" pos="61.45" lane="3/1to4/1_0" slope="0.00"/>
        <vehicle id="3" x="155.50" y="201.65" angle="-90.00" type="DEFAULT_VEHTYPE" speed="13.81" pos="39.75" lane="1/1to0/1_0" slope="0.00"/>
        <vehicle id="4" x="105.94" y="201.65" angle="-90.00" type="DEFAULT_VEHTYPE" speed="13.54" pos="89.31" lane="1/1to0/1_0" slope="0.00"/>
        <vehicle id="5" x="398.35" y="659.25" angle="0.00" type="DEFAULT_VEHTYPE" speed="13.52" pos="140.75" lane="2/4to2/3_0" slope="0.00"/>
        <vehicle id="6" x="198.35" y="219.33" angle="0.00" type="DEFAULT_VEHTYPE" speed="12.94" pos="175.92" lane="1/2to1/1_0" slope="0.00"/>
        <vehicle id="7" x="379.29" y="598.35" angle="90.00" type="DEFAULT_VEHTYPE" speed="9.58" pos="174.54" lane="1/3to2/3_0" slope="0.00"/>
        <vehicle id="8" x="601.65" y="379.89" angle="180.00" type="DEFAULT_VEHTYPE" speed="10.20" pos="175.14" lane="3/1to3/2_0" slope="0.00"/>
        <vehicle id="9" x="398.35" y="220.18" angle="0.00" type="DEFAULT_VEHTYPE" speed="10.56" pos="175.07" lane="2/2to2/1_0" slope="0.00"/>
    </timestep>
    <timestep time="214.00">
        <vehicle id="0" x="438.43" y="198.35" angle="90.00" type="DEFAULT_VEHTYPE" speed="13.11" pos="33.68" lane="2/1to3/1_0" slope="0.00"/>
        <vehicle id="1" x="181.34" y="198.35" angle="90.00" type="DEFAULT_VEHTYPE" speed="8.68" pos="181.34" lane="0/1to1/1_0" slope="0.00"/>
        <vehicle id="11" x="336.36" y="201.65" angle="-90.00" type="DEFAULT_VEHTYPE" speed="13.47" pos="58.89" lane="2/1to1/1_0" slope="0.00"/>
        <vehicle id="12" x="601.65" y="206.31" angle="-160.11" type="DEFAULT_VEHTYPE" speed="6.72" pos="1.56" lane="3/1to3/2_0" slope="0.00"/>
        <vehicle id="14" x="269.06" y="201.65" angle="-90.00" type="DEFAULT_VEHTYPE" speed="13.68" pos="126.19" lane="2/1to1/1_0" slope="0.00"/>
        <vehicle id="15" x="407.90" y="401.65" angle="-90.00" type="DEFAULT_VEHTYPE" speed="1.93" pos="187.35" lane="3/2to2/2_0" slope="0.00"/>
        <vehicle id="16" x="398.35" y="762.93" angle="0.00" type="DEFAULT_VEHTYPE" speed="12.69" pos="37.07" lane="2/4to2/3_0" slope="0.00"/>
        <vehicle id="17" x="394.16" y="401.65" angle="-63.40" type="DEFAULT_VEHTYPE" speed="13.19" pos="1.09" lane="2/2to1/2_0" slope="0.00"/>
        <vehicle id="18" x="398.35" y="606.63" angle="0.00" type="DEFAULT_VEHTYPE" speed="13.45" pos="193.37" lane="2/4to2/3_0" slope="0.00"/>
        <vehicle id="19" x="131.32" y="401.65" angle="-90.00" type="DEFAULT_VEHTYPE" speed="13.71" pos="63.93" lane="1/2to0/2_0" slope="0.00"/>
        <vehicle id="2" x="497.69" y="198.35" angle="90.00" type="DEFAULT_VEHTYPE" speed="13.79" pos="92.94" lane="2/1to3/1_0" slope="0.00"/>
        <vehicle id="20" x="201.65" y="51.45" angle="180.00" type="DEFAULT_VEHTYPE" speed="12.98" pos="51.45" lane="1/0to1/1_0" slope="0.00"/>
        <vehicle id="21" x="737.25" y="198.35" angle="90.00" type="DEFAULT_VEHTYPE" speed="13.32" pos="132.50" lane="3/1to4/1_0" slope="0.00"/>
        <vehicle id="22" x="592.66" y="198.35" angle="90.00" type="DEFAULT_VEHTYPE" speed="0.18" pos="187.91" lane="2/1to3/1_0" slope="0.00"/>
        <vehicle id="23" x="52.00" y="201.65" angle="-90.00" type="DEFAULT_VEHTYPE" speed="13.70" pos="143.25" lane="1/1to0/1_0" slope="0.00"/>
        <vehicle id="24" x="679.01" y="198.35" angle="90.00" type="DEFAULT_VEHTYPE" speed="12.80" pos="74.26" lane="3/1to4/1_0" slope="0.00"/>
        <vehicle id="3" x="142.35" y="201.65" angle="-90.00" type="DEFAULT_VEHTYPE" speed="13.15" pos="52.90" lane="1/1to0/1_0" slope="0.00"/>
        <vehicle id="4" x="92.14" y="201.65" angle="-90.00" type="DEFAULT_VEHTYPE" speed="13.79" pos="103.11" lane="1/1to0/1_0" slope="0.00"/>
        <vehicle id="5" x="398.35" y="646.62" angle="0.00" type="DEFAULT_VEHTYPE" speed="12.63" pos="153.38" lane="2/4to2/3_0" slope="0.00"/>
        <vehicle id="6" x="198.35" y="206.23" angle="0.00" type="DEFAULT_VEHTYPE" speed="13.10" pos="189.02" lane="1/2to1/1_0" slope="0.00"/>
        <vehicle id="7" x="386.48" y="598.35" angle="90.00" type="DEFAULT_VEHTYPE" speed="7.19" pos="181.73" lane="1/3to2/3_0" slope="0.00"/>
        <vehicle id="8" x="601.65" y="385.88" angle="180.00" type="DEFAULT_VEHTYPE" speed="5.98" pos="181.13" lane="3/1to3/2_0" slope="0.00"/>
        <vehicle id="9" x="398.35" y="213.75" angle="0.00" type="DEFAULT_VEHTYPE" speed="6.43" pos="181.50" lane="2/2to2/1_0" slope="0.00"/>
    </timestep>
    <timestep time="215.00">
        <vehicle id="0" x="451.88" y="198.35" angle="90.00" type="DEFAULT_VEHTYPE" speed="13.45" pos="47.13" lane="2/1to3/1_0" slope="0.00"/>
        <vehicle id="1" x="187.85" y="198.35" angle="90.00" type="DEFAULT_VEHTYPE" speed="6.50" pos="187.85" lane="0/1to1/1_0" slope="0.00"/>
        <vehicle id="11" x="323.12" y="201.65" angle="-90.00" type="DEFAULT_VEHTYPE" speed="13.24" pos="72.13" lane="2/1to1/1_0" slope="0.00"/>
        <vehicle id="12" x="601.65" y="215.63" angle="180.00" type="DEFAULT_VEHTYPE" speed="9.32" pos="10.88" lane="3/1to3/2_0" slope="0.00"/>
        <vehicle id="14" x="256.35" y="201.65" angle="-90.00" type="DEFAULT_VEHTYPE" speed="12.71" pos="138.90" lane="2/1to1/1_0" slope="0.00"/>
        <vehicle id="15" x="407.51" y="401.65" angle="-90.00" type="DEFAULT_VEHTYPE" speed="0.39" pos="187.74" lane="3/2to2/2_0" slope="0.00"/>
        <vehicle id="16" x="398.35" y="750.06" angle="0.00" type="DEFAULT_VEHTYPE" speed="12.87" pos="49.94" lane="2/4to2/3_0" slope="0.00"/>
        <vehicle id="17" x="380.45" y="401.65" angle="-90.00" type="DEFAULT_VEHTYPE" speed="13.71" pos="14.80" lane="2/2to1/2_0" slope="0.00"/>
        <vehicle id="18" x="398.35" y="592.83" angle="0.00" type="DEFAULT_VEHTYPE" speed="13.81" pos="2.42" lane="2/3to2/2_0" slope="0.00"/>
        <vehicle id="19" x="117.97" y="401.65" angle="-90.00" type="DEFAULT_VEHTYPE" speed="13.35" pos="77.28" lane="1/2to0/2_0" slope="0.00"/>
        <vehicle id="2" x="510.86" y="198.35" angle="90.00" type="DEFAULT_VEHTYPE" speed="13.17" pos="106.11" lane="2/1to3/1_0" slope="0.00"/>
        <vehicle id="20" x="201.65" y="65.03" angle="180.00" type="DEFAULT_VEHTYPE" speed="13.58" pos="65.03" lane="1/0to1/1_0" slope="0.00"/>
        <vehicle id="21" x="750.61" y="198.35" angle="90.00" type="DEFAULT_VEHTYPE" speed="13.36" pos="145.86" lane="3/1to4/1_0" slope="0.00"/>
        <vehicle id="22" x="592.74" y="198.35" angle="90.00" type="DEFAULT_VEHTYPE" speed="0.09" pos="187.99" lane="2/1to3/1_0" slope="0.00"/>
        <vehicle id="23" x="39.04" y="201.65" angle="-90.00" type="DEFAULT_VEHTYPE" speed="12.97" pos="156.21" lane="1/1to0/1_0" slope="0.00"/>
        <vehicle id="24" x="692.53" y="198.35" angle="90.00" type="DEFAULT_VEHTYPE" speed="13.53" pos="87.78" lane="3/1to4/1_0" slope="0.00"/>
        <vehicle id="3" x="129.67" y="201.65" angle="-90.00" type="DEFAULT_VEHTYPE" speed="12.68" pos="65.58" lane="1/1to0/1_0" slope="0.00"/>
        <vehicle id="4" x="78.36" y="201.65" angle="-90.00" type="DEFAULT_VEHTYPE" speed="13.78" pos="116.89" lane="1/1to0/1_0" slope="0.00"/>
        <vehicle id="5" x="398.35" y="632.76" angle="0.00" type="DEFAULT_VEHTYPE" speed="13.86" pos="167.24" lane="2/4to2/3_0" slope="0.00"/>
        <vehicle id="6" x="188.03" y="201.65" angle="-90.00" type="DEFAULT_VEHTYPE" speed="13.70" pos="7.22" lane="1/1to0/1_0" slope="0.00"/>
        <vehicle id="7" x="389.57" y="598.35" angle="90.00" type="DEFAULT_VEHTYPE" speed="3.08" pos="184.82" lane="1/3to2/3_0" slope="0.00"/>
        <vehicle id="8" x="601.65" y="390.01" angle="180.00" type="DEFAULT_VEHTYPE" speed="4.13" pos="185.26" lane="3/1to3/2_0" slope="0.00"/>
        <vehicle id="9" x="398.35" y="209.95" angle="0.00" type="DEFAULT_VEHTYPE" speed="3.80" pos="185.30" lane="2/2to2/1_0" slope="0.00"/>
    </timestep>
    <timestep time="216.00">
        <vehicle id="0" x="464.78" y="198.35" angle="90.00" type="DEFAULT_VEHTYPE" speed="12.90" pos="60.03" lane="2/1to3/1_0" slope="0.00"/>
        <vehicle id="1" x="191.32" y="198.35" angle="90.00" type="DEFAULT_VEHTYPE" speed="3.48" pos="191.32" lane="0/1to1/1_0" slope="0.00"/>
        <vehicle id="11" x="309.72" y="201.65" angle="-90.00" type="DEFAULT_VEHTYPE" speed="13.40" pos="85.53" lane="2/1to1/1_0" slope="0.00"/>
        <vehicle id="12" x="601.65" y="227.08" angle="180.00" type="DEFAULT_VEHTYPE" speed="11.45" pos="22.33" lane="3/1to3/2_0" slope="0.00"/>
        <vehicle id="14" x="242.72" y="201.65" angle="-90.00" type="DEFAULT_VEHTYPE" speed="13.63" pos="152.53" lane="2/1to1/1_0" slope="0.00"/>
        <vehicle id="15" x="405.20" y="401.65" angle="-90.00" type="DEFAULT_VEHTYPE" speed="2.31" pos="190.05" lane="3/2to2/2_0" slope="0.00"/>
        <vehicle id="16" x="398.35" y="736.43" angle="0.00" type="DEFAULT_VEHTYPE" speed="13.62" pos="63.57" lane="2/4to2/3_0" slope="0.00"/>
        <vehicle id="17" x="367.30" y="401.65" angle="-90.00" type="DEFAULT_VEHTYPE" speed="13.16" pos="27.95" lane="2/2to1/2_0" slope="0.00"/>
        <vehicle id="18" x="398.35" y="579.80" angle="0.00" type="DEFAULT_VEHTYPE" speed="13.02" pos="15.45" lane="2/3to2/2_0" slope="0.00"/>
        <vehicle id="19" x="105.30" y="401.65" angle="-90.00" type="DEFAULT_VEHTYPE" speed="12.67" pos="89.95" lane="1/2to0/2_0" slope="0.00"/>
        <vehicle id="2" x="524.27" y="198.35" angle="90.00" type="DEFAULT_VEHTYPE" speed="13.41" pos="119.52" lane="2/1to3/1_0" slope="0.00"/>
        <vehicle id="20" x="201.65" y="78.10" angle="180.00" type="DEFAULT_VEHTYPE" speed="13.07" pos="78.10" lane="1/0to1/1_0" slope="0.00"/>
        <vehicle id="21" x="763.92" y="198.35" angle="90.00" type="DEFAULT_VEHTYPE" speed="13.31" pos="159.17" lane="3/1to4/1_0" slope="0.00"/>
        <vehicle id="22" x="594.44" y="198.35" angle="90.00" type="DEFAULT_VEHTYPE" speed="1.70" pos="189.69" lane="2/1to3/1_0" slope="0.00"/>
        <vehicle id="23" x="26.38" y="201.65" angle="-90.00" type="DEFAULT_VEHTYPE" speed="12.66" pos="168.87" lane="1/1to0/1_0" slope="0.00"/>
        <vehicle id="24" x="706.03" y="198.35" angle="90.00" type="DEFAULT_VEHTYPE" speed="13.50" pos="101.28" lane="3/1to4/1_0" slope="0.00"/>
        <vehicle id="3" x="115.93" y="201.65" angle="-90.00" type="DEFAULT_VEHTYPE" speed="13.74" pos="79.32" lane="1/1to0/1_0" slope="0.00"/>
        <vehicle id="4" x="64.97" y="201.65" angle="-90.00" type="DEFAULT_VEHTYPE" speed="13.39" pos="130.28" lane="1/1to0/1_0" slope="0.00"/>
        <vehicle id="5" x="398.35" y="619.46" angle="0.00" type="DEFAULT_VEHTYPE" speed="13.30" pos="180.54" lane="2/4to2/3_0" slope="0.00"/>
        <vehicle id="6" x="175.37" y="201.65" angle="-90.00" type="DEFAULT_VEHTYPE" speed="12.66" pos="19.88" lane="1/1to0/1_0" slope="0.00"/>
        <vehicle id="7" x="391.30" y="598.35" angle="90.00" type="DEFAULT_VEHTYPE" speed="1.73" pos="186.55" lane="1/3to2/3_0" slope="0.00"/>
        <vehicle id="8" x="601.49" y="396.38" angle="-178.14" type="DEFAULT_VEHTYPE" speed="6.39" pos="1.14" lane=":3/2_10_0" slope="0.00"/>
        <vehicle id="9" x="398.37" y="204.58" angle="0.28" type="DEFAULT_VEHTYPE" speed="5.38" pos="0.17" lane=":2/1_2_0" slope="0.00"/>
    </timestep>
    <timestep time="217.00">
        <vehicle id="0" x="477.85" y="198.35" angle="90.00" type="DEFAULT_VEHTYPE" speed="13.07" pos="73.10" lane="2/1to3/1_0" slope="0.00"/>
        <vehicle id="1" x="197.17" y="197.82" angle="83.79" type="DEFAULT_VEHTYPE" speed="5.96" pos="2.03" lane=":1/1_12_0" slope="0.00"/>
        <vehicle id="11" x="296.43" y="201.65" angle="-90.00" type="DEFAULT_VEHTYPE" speed="13.29" pos="98.82" lane="2/1to1/1_0" slope="0.00"/>
        <vehicle id="12" x="601.65" y="240.35" angle="180.00" type="DEFAULT_VEHTYPE" speed="13.28" pos="35.60" lane="3/1to3/2_0" slope="0.00"/>
        <vehicle id="14" x="229.94" y="201.65" angle="-90.00" type="DEFAULT_VEHTYPE" speed="12.78" pos="165.31" lane="2/1to1/1_0" slope="0.00"/>
        <vehicle id="15" x="400.37" y="401.65" angle="-90.00" type="DEFAULT_VEHTYPE" speed="4.82" pos="4.38" lane=":2/2_5_0" slope="0.00"/>
        <vehicle id="16" x="398.35" y="723.37" angle="0.00" type="DEFAULT_VEHTYPE" speed="13.06" pos="76.63" lane="2/4to2/3_0" slope="0.00"/>
        <vehicle id="17" x="354.27" y="401.65" angle="-90.00" type="DEFAULT_VEHTYPE" speed="13.03" pos="40.98" lane="2/2to1/2_0" slope="0.00"/>
        <vehicle id="18" x="398.35" y="566.90" angle="0.00" type="DEFAULT_VEHTYPE" speed="12.90" pos="28.35" lane="2/3to2/2_0" slope="0.00"/>
        <vehicle id="19" x="91.78" y="401.65" angle="-90.00" type="DEFAULT_VEHTYPE" speed="13.52" pos="103.47" lane="1/2to0/2_0" slope="0.00"/>
        <vehicle id="2" x="537.88" y="198.35" angle="90.00" type="DEFAULT_VEHTYPE" speed="13.61" pos="133.13" lane="2/1to3/1_0" slope="0.00"/>
        <vehicle id="20" x="201.65" y="91.17" angle="180.00" type="DEFAULT_VEHTYPE" speed="13.08" pos="91.17" lane="1/0to1/1_0" slope="0.00"/>
        <vehicle id="21" x="776.87" y="198.35" angle="90.00" type="DEFAULT_VEHTYPE" speed="12.95" pos="172.12" lane="3/1to4/1_0" slope="0.00"/>
        <vehicle id="22" x="598.01" y="198.74" angle="94.53" type="DEFAULT_VEHTYPE" speed="3.59" pos="2.78" lane=":3/1_14_0" slope="0.00"/>
        <vehicle id="23" x="13.03" y="201.65" angle="-90.00" type="DEFAULT_VEHTYPE" speed="13.34" pos="182.22" lane="1/1to0/1_0" slope="0.00"/>
        <vehicle id="24" x="718.89" y="198.35" angle="90.00" type="DEFAULT_VEHTYPE" speed="12.87" pos="114.14" lane="3/1to4/1_0" slope="0.00"/>
        <vehicle id="3" x="102.25" y="201.65" angle="-90.00" type="DEFAULT_VEHTYPE" speed="13.68" pos="93.00" lane="1/1to0/1_0" slope="0.00"/>
        <vehicle id="4" x="52.09" y="201.65" angle="-90.00" type="DEFAULT_VEHTYPE" speed="12.88" pos="143.16" lane="1/1to0/1_0" slope="0.00"/>
        <vehicle id="5" x="398.35" y="605.73" angle="0.00" type="DEFAULT_VEHTYPE" speed="13.73" pos="194.27" lane="2/4to2/3_0" slope="0.00"/>
        <vehicle id="6" x="162.14" y="201.65" angle="-90.00" type="DEFAULT_VEHTYPE" speed="13.23" pos="33.11" lane="1/1to0/1_0" slope="0.00"/>
        <vehicle id="7" x="392.43" y="598.35" angle="90.00" type="DEFAULT_VEHTYPE" speed="1.14" pos="187.68" lane="1/3to2/3_0" slope="0.00"/>
        <vehicle id="8" x="596.39" y="401.49" angle="-118.72" type="DEFAULT_VEHTYPE" speed="8.03" pos="2.03" lane=":3/2_18_0" slope="0.00"/>
        <vehicle id="9" x="401.56" y="198.98" angle="37.94" type="DEFAULT_VEHTYPE" speed="6.87" pos="7.04" lane=":2/1_2_0" slope="0.00"/>
    </timestep>
    <timestep time="218.00">
        <vehicle id="0" x="491.29" y="198.35" angle="90.00" type="DEFAULT_VEHTYPE" speed="13.44" pos="86.54" lane="2/1to3/1_0" slope="0.00"/>
        <vehicle id="1" x="198.35" y="190.18" angle="0.00" type="DEFAULT_VEHTYPE" speed="8.03" pos="5.07" lane="1/1to1/0_0" slope="0.00"/>
        <vehicle id="11" x="282.63" y="201.65" angle="-90.00" type="DEFAULT_VEHTYPE" speed="13.80" pos="112.62" lane="2/1to1/1_0" slope="0.00"/>
        <vehicle id="12" x="601.65" y="253.87" angle="180.00" type="DEFAULT_VEHTYPE" speed="13.51" pos="49.12" lane="3/1to3/2_0" slope="0.00"/>
        <vehicle id="14" x="219.87" y="201.65" angle="-90.00" type="DEFAULT_VEHTYPE" speed="10.06" pos="175.38" lane="2/1to1/1_0" slope="0.00"/>
        <vehicle id="15" x="393.39" y="401.65" angle="-90.00" type="DEFAULT_VEHTYPE" speed="6.99" pos="1.86" lane="2/2to1/2_0" slope="0.00"/>
        <vehicle id="16" x="398.35" y="710.36" angle="0.00" type="DEFAULT_VEHTYPE" speed="13.01" pos="89.64" lane="2/4to2/3_0" slope="0.00"/>
        <vehicle id="17" x="340.98" y="401.65" angle="-90.00" type="DEFAULT_VEHTYPE" speed="13.28" pos="54.27" lane="2/2to1/2_0" slope="0.00"/>
        <vehicle id="18" x="398.35" y="554.00" angle="0.00" type="DEFAULT_VEHTYPE" speed="12.90" pos="41.25" lane="2/3to2/2_0" slope="0.00"/>
        <vehicle id="19" x="78.32" y="401.65" angle="-90.00" type="DEFAULT_VEHTYPE" speed="13.46" pos="116.93" lane="1/2to0/2_0" slope="0.00"/>
        <vehicle id="2" x="551.21" y="198.35" angle="90.00" type="DEFAULT_VEHTYPE" speed="13.32" pos="146.46" lane="2/1to3/1_0" slope="0.00"/>
        <vehicle id="20" x="201.65" y="104.99" angle="180.00" type="DEFAULT_VEHTYPE" speed="13.82" pos="104.99" lane="1/0to1/1_0" slope="0.00"/>
        <vehicle id="21" x="789.98" y="198.35" angle="90.00" type="DEFAULT_VEHTYPE" speed="13.11" pos="185.23" lane="3/1to4/1_0" slope="0.00"/>
        <vehicle id="22" x="601.28" y="202.17" angle="135.72" type="DEFAULT_VEHTYPE" speed="4.93" pos="7.71" lane=":3/1_14_0" slope="0.00"/>
        <vehicle id="23" x="-0.14" y="201.55" angle="-88.90" type="DEFAULT_VEHTYPE" speed="13.21" pos="0.17" lane=":0/1_0_0" slope="0.00"/>
        <vehicle id="24" x="732.17" y="198.35" angle="90.00" type="DEFAULT_VEHTYPE" speed="13.27" pos="127.42" lane="3/1to4/1_0" slope="0.00"/>
        <vehicle id="3" x="88.95" y="201.65" angle="-90.00" type="DEFAULT_VEHTYPE" speed="13.30" pos="106.30" lane="1/1to0/1_0" slope="0.00"/>
        <vehicle id="4" x="38.84" y="201.65" angle="-90.00" type="DEFAULT_VEHTYPE" speed="13.25" pos="156.41" lane="1/1to0/1_0" slope="0.00"/>
        <vehicle id="5" x="398.35" y="592.65" angle="0.00" type="DEFAULT_VEHTYPE" speed="13.09" pos="2.60" lane="2/3to2/2_0" slope="0.00"/>
        <vehicle id="6" x="148.41" y="201.65" angle="-90.00" type="DEFAULT_VEHTYPE" speed="13.74" pos="46.84" lane="1/1to0/1_0" slope="0.00"/>
        <vehicle id="7" x="392.61" y="598.35" angle="90.00" type="DEFAULT_VEHTYPE" speed="0.18" pos="187.86" lane="1/3to2/3_0" slope="0.00"/>
        <vehicle id="8" x="586.22" y="401.65" angle="-90.00" type="DEFAULT_VEHTYPE" speed="10.18" pos="9.03" lane="3/2to2/2_0" slope="0.00"/>
        <vehicle id="9" x="410.43" y="198.35" angle="90.00" type="DEFAULT_VEHTYPE" speed="8.96" pos="5.68" lane="2/1to3/1_0" slope="0.00"/>
    </timestep>
    <timestep time="219.00">
        <vehicle id="0" x="503.94" y="198.35" angle="90.00" type="DEFAULT_VEHTYPE" speed="12.66" pos="99.19" lane="2/1to3/1_0" slope="0.00"/>
        <vehicle id="1" x="198.35" y="180.67" angle="0.00" type="DEFAULT_VEHTYPE" speed="9.51" pos="14.58" lane="1/1to1/0_0" slope="0.00"/>
        <vehicle id="11" x="269.05" y="201.65" angle="-90.00" type="DEFAULT_VEHTYPE" speed="13.58" pos="126.20" lane="2/1to1/1_0" slope="0.00"/>
        <vehicle id="12" x="601.65" y="267.74" angle="180.00" type="DEFAULT_VEHTYPE" speed="13.87" pos="62.99" lane="3/1to3/2_0" slope="0.00"/>
        <vehicle id="14" x="213.28" y="201.65" angle="-90.00" type="DEFAULT_VEHTYPE" speed="6.60" pos="181.97" lane="2/1to1/1_0" slope="0.00"/>
        <vehicle id="15" x="384.12" y="401.65" angle="-90.00" type="DEFAULT_VEHTYPE" speed="9.27" pos="11.13" lane="2/2to1/2_0" slope="0.00"/>
        <vehicle id="16" x="398.35" y="696.96" angle="0.00" type="DEFAULT_VEHTYPE" speed="13.40" pos="103.04" lane="2/4to2/3_0" slope="0.00"/>
        <vehicle id="17" x="327.21" y="401.65" angle="-90.00" type="DEFAULT_VEHTYPE" speed="13.77" pos="68.04" lane="2/2to1/2_0" slope="0.00"/>
        <vehicle id="18" x="398.35" y="540.18" angle="0.00" type="DEFAULT_VEHTYPE" speed="13.82" pos="55.07" lane="2/3to2/2_0" slope="0.00"/>
        <vehicle id="19" x="64.86" y="401.65" angle="-90.00" type="DEFAULT_VEHTYPE" speed="13.46" pos="130.39" lane="1/2to0/2_0" slope="0.00"/>
        <vehicle id="2" x="564.52" y="198.35" angle="90.00" type="DEFAULT_VEHTYPE" speed="13.31" pos="159.77" lane="2/1to3/1_0" slope="0.00"/>
        <vehicle id="20" x="201.65" y="118.36" angle="180.00" type="DEFAULT_VEHTYPE" speed="13.37" pos="118.36" lane="1/0to1/1_0" slope="0.00"/>
        <vehicle id="21" x="801.35" y="200.61" angle="124.72" type="DEFAULT_VEHTYPE" speed="13.11" pos="3.09" lane=":4/1_0_0" slope="0.00"/>
        <vehicle id="22" x="601.65" y="209.37" angle="179.38" type="DEFAULT_VEHTYPE" speed="7.23" pos="4.62" lane="3/1to3/2_0" slope="0.00"/>
        <vehicle id="23" x="8.19" y="198.35" angle="90.00" type="DEFAULT_VEHTYPE" speed="12.84" pos="8.19" lane="0/1to1/1_0" slope="0.00"/>
        <vehicle id="24" x="745.42" y="198.35" angle="90.00" type="DEFAULT_VEHTYPE" speed="13.26" pos="140.67" lane="3/1to4/1_0" slope="0.00"/>
        <vehicle id="3" x="76.02" y="201.65" angle="-90.00" type="DEFAULT_VEHTYPE" speed="12.93" pos="119.23" lane="1/1to0/1_0" slope="0.00"/>
        <vehicle id="4" x="25.75" y="201.65" angle="-90.00" type="DEFAULT_VEHTYPE" speed="13.09" pos="169.50" lane="1/1to0/1_0" slope="0.00"/>
        <vehicle id="5" x="398.35" y="579.41" angle="0.00" type="DEFAULT_VEHTYPE" speed="13.23" pos="15.84" lane="2/3to2/2_0" slope="0.00"/>
        <vehicle id="6" x="135.76" y="201.65" angle="-90.00" type="DEFAULT_VEHTYPE" speed="12.64" pos="59.49" lane="1/1to0/1_0" slope="0.00"/>
        <vehicle id="7" x="394.56" y="598.35" angle="90.00" type="DEFAULT_VEHTYPE" speed="1.95" pos="189.81" lane="1/3to2/3_0" slope="0.00"/>
        <vehicle id="8" x="574.01" y="401.65" angle="-90.00" type="DEFAULT_VEHTYPE" speed="12.22" pos="21.24" lane="3/2to2/2_0" slope="0.00"/>
        <vehicle id="9" x="420.81" y="198.35" angle="90.00" type="DEFAULT_VEHTYPE" speed="10.38" pos="16.06" lane="2/1to3/1_0" slope="0.00"/>
    </timestep>
    <timestep time="220.00">
        <vehicle id="0" x="517.40" y="198.35" angle="90.00" type="DEFAULT_VEHTYPE" speed="13.46" pos="112.65" lane="2/1to3/1_0" slope="0.00"/>
        <vehicle id="1" x="198.35" y="169.27" angle="0.00" type="DEFAULT_VEHTYPE" speed="11.40" pos="25.98" lane="1/1to1/0_0" slope="0.00"/>
        <vehicle id="11" x="255.38" y="201.65" angle="-90.00" type="DEFAULT_VEHTYPE" speed="13.66" pos="139.87" lane="2/1to1/1_0" slope="0.00"/>
        <vehicle id="12" x="601.65" y="280.84" angle="180.00" type="DEFAULT_VEHTYPE" speed="13.10" pos="76.09" lane="3/1to3/2_0" slope="0.00"/>
        <vehicle id="14" x="209.73" y="201.65" angle="-90.00" type="DEFAULT_VEHTYPE" speed="3.54" pos="185.52" lane="2/1to1/1_0" slope="0.00"/>
        <vehicle id="15" x="373.19" y="401.65" angle="-90.00" type="DEFAULT_VEHTYPE" speed="10.93" pos="22.06" lane="2/2to1/2_0" slope="0.00"/>
        <vehicle id="16" x="398.35" y="683.45" angle="0.00" type="DEFAULT_VEHTYPE" speed="13.51" pos="116.55" lane="2/4to2/3_0" slope="0.00"/>
        <vehicle id="17" x="314.02" y="401.65" angle="-90.00" type="DEFAULT_VEHTYPE" speed="13.19" pos="81.23" lane="2/2to1/2_0" slope="0.00"/>
        <vehicle id="18" x="398.35" y="527.33" angle="0.00" type="DEFAULT_VEHTYPE" speed="12.85" pos="67.92" lane="2/3to2/2_0" slope="0.00"/>
        <vehicle id="19" x="52.11" y="401.65" angle="-90.00" type="DEFAULT_VEHTYPE" speed="12.75" pos="143.14" lane="1/2to0/2_0" slope="0.00"/>
        <vehicle id="2" x="576.28" y="198.35" angle="90.00" type="DEFAULT_VEHTYPE" speed="11.76" pos="171.53" lane="2/1to3/1_0" slope="0.00"/>
        <vehicle id="20" x="201.65" y="131.98" angle="180.00" type="DEFAULT_VEHTYPE" speed="13.63" pos="131.98" lane="1/0to1/1_0" slope="0.00"/>
        <vehicle id="21" x="788.40" y="201.65" angle="-90.00" type="DEFAULT_VEHTYPE" speed="13.33" pos="11.60" lane="4/1to3/1_0" slope="0.00"/>
        <vehicle id="22" x="601.65" y="218.55" angle="180.00" type="DEFAULT_VEHTYPE" speed="9.18" pos="13.80" lane="3/1to3/2_0" slope="0.00"/>
        <vehicle id="23" x="21.39" y="198.35" angle="90.00" type="DEFAULT_VEHTYPE" speed="13.21" pos="21.39" lane="0/1to1/1_0" slope="0.00"/>
        <vehicle id="24" x="759.05" y="198.35" angle="90.00" type="DEFAULT_VEHTYPE" speed="13.62" pos="154.30" lane="3/1to4/1_0" slope="0.00"/>
        <vehicle id="3" x="62.32" y="201.65" angle="-90.00" type="DEFAULT_VEHTYPE" speed="13.71" pos="132.93" lane="1/1to0/1_0" slope="0.00"/>
        <vehicle id="4" x="12.00" y="201.65" angle="-90.00" type="DEFAULT_VEHTYPE" speed="13.75" pos="183.25" lane="1/1to0/1_0" slope="0.00"/>
        <vehicle id="5" x="398.35" y="566.29" angle="0.00" type="DEFAULT_VEHTYPE" speed="13.12" pos="28.96" lane="2/3to2/2_0" slope="0.00"/>
        <vehicle id="6" x="122.14" y="201.65" angle="-90.00" type="DEFAULT_VEHTYPE" speed="13.62" pos="73.11" lane="1/1to0/1_0" slope="0.00"/>
        <vehicle id="7" x="398.76" y="599.18" angle="99.65" type="DEFAULT_VEHTYPE" speed="4.34" pos="3.65" lane=":2/3_14_0" slope="0.00"/>
        <vehicle id="8" x="560.99" y="401.65" angle="-90.00" type="DEFAULT_VEHTYPE" speed="13.01" pos="34.26" lane="3/2to2/2_0" slope="0.00"/>
        <vehicle id="9" x="433.22" y="198.35" angle="90.00" type="DEFAULT_VEHTYPE" speed="12.41" pos="28.47" lane="2/1to3/1_0" slope="0.00"/>
    </timestep>
    <timestep time="221.00">
        <vehicle id="0" x="530.39" y="198.35" angle="90.00" type="DEFAULT_VEHTYPE" speed="12.99" pos="125.64" lane="2/1to3/1_0" slope="0.00"/>
        <vehicle id="1" x="198.35" y="156.55" angle="0.00" type="DEFAULT_VEHTYPE" speed="12.73" pos="38.70" lane="1/1to1/0_0" slope="0.00"/>
        <vehicle id="11" x="241.72" y="201.65" angle="-90.00" type="DEFAULT_VEHTYPE" speed="13.66" pos="153.53" lane="2/1to1/1_0" slope="0.00"/>
        <vehicle id="12" x="601.65" y="294.73" angle="180.00" type="DEFAULT_VEHTYPE" speed="13.89" pos="89.98" lane="3/1to3/2_0" slope="0.00"/>
        <vehicle id="14" x="204.25" y="201.72" angle="-90.80" type="DEFAULT_VEHTYPE" speed="5.49" pos="0.50" lane=":1/1_4_0" slope="0.00"/>
        <vehicle id="15" x="359.66" y="401.65" angle="-90.00" type="DEFAULT_VEHTYPE" speed="13.53" pos="35.59" lane="2/2to1/2_0" slope="0.00"/>
        <vehicle id="16" x="398.35" y="670.63" angle="0.00" type="DEFAULT_VEHTYPE" speed="12.83" pos="129.37" lane="2/4to2/3_0" slope="0.00"/>
        <vehicle id="17" x="300.37" y="401.65" angle="-90.00" type="DEFAULT_VEHTYPE" speed="13.65" pos="94.88" lane="2/2to1/2_0" slope="0.00"/>
        <vehicle id="18" x="398.35" y="514.41" angle="0.00" type="DEFAULT_VEHTYPE" speed="12.93" pos="80.84" lane="2/3to2/2_0" slope="0.00"/>
        <vehicle id="19" x="38.49" y="401.65" angle="-90.00" type="DEFAULT_VEHTYPE" speed="13.62" pos="156.76" lane="1/2to0/2_0" slope="0.00"/>
        <vehicle id="2" x="584.30" y="198.35" angle="90.00" type="DEFAULT_VEHTYPE" speed="8.02" pos="179.55" lane="2/1to3/1_0" slope="0.00"/>
        <vehicle id="20" x="201.65" y="145.16" angle="180.00" type="DEFAULT_VEHTYPE" speed="13.17" pos="145.16" lane="1/0to1/1_0" slope="0.00"/>
        <vehicle id="21" x="774.83" y="201.65" angle="-90.00" type="DEFAULT_VEHTYPE" speed="13.57" pos="25.17" lane="4/1to3/1_0" slope="0.00"/>
        <vehicle id="22" x="601.65" y="230.02" angle="180.00" type="DEFAULT_VEHTYPE" speed="11.47" pos="25.27" lane="3/1to3/2_0" slope="0.00"/>
        <vehicle id="23" x="34.55" y="198.35" angle="90.00" type="DEFAULT_VEHTYPE" speed="13.16" pos="34.55" lane="0/1to1/1_0" slope="0.00"/>
        <vehicle id="24" x="772.54" y="198.35" angle="90.00" type="DEFAULT_VEHTYPE" speed="13.50" pos="167.79" lane="3/1to4/1_0" slope="0.00"/>
        <vehicle id="3" x="49.00" y="201.65" angle="-90.00" type="DEFAULT_VEHTYPE" speed="13.31" pos="146.25" lane="1/1to0/1_0" slope="0.00"/>
        <vehicle id="4" x="-1.33" y="200.65" angle="-77.87" type="DEFAULT_VEHTYPE" speed="13.68" pos="1.69" lane=":0/1_0_0" slope="0.00"/>
        <vehicle id="5" x="398.35" y="552.45" angle="0.00" type="DEFAULT_VEHTYPE" speed="13.84" pos="42.80" lane="2/3to2/2_0" slope="0.00"/>
        <vehicle id="6" x="109.07" y="201.65" angle="-90.00" type="DEFAULT_VEHTYPE" speed="13.08" pos="86.18" lane="1/1to0/1_0" slope="0.00"/>
        <vehicle id="7" x="401.58" y="604.25" angle="157.84" type="DEFAULT_VEHTYPE" speed="6.16" pos="9.82" lane=":2/3_14_0" slope="0.00"/>
        <vehicle id="8" x="548.22" y="401.65" angle="-90.00" type="DEFAULT_VEHTYPE" speed="12.77" pos="47.03" lane="3/2to2/2_0" slope="0.00"/>
        <vehicle id="9" x="446.47" y="198.35" angle="90.00" type="DEFAULT_VEHTYPE" speed="13.25" pos="41.72" lane="2/1to3/1_0" slope="0.00"/>
    </timestep>
    <timestep time="222.00">
        <vehicle id="0" x="543.99" y="198.35" angle="90.00" type="DEFAULT_VEHTYPE" speed="13.60" pos="139.24" lane="2/1to3/1_0" slope="0.00"/>
        <vehicle id="1" x="198.35" y="142.83" angle="0.00" type="DEFAULT_VEHTYPE" speed="13.72" pos="52.42" lane="1/1to1/0_0" slope="0.00"/>
        <vehicle id="11" x="228.37" y="201.65" angle="-90.00" type="DEFAULT_VEHTYPE" speed="13.35" pos="166.88" lane="2/1to1/1_0" slope="0.00"/>
        <vehicle id="12" x="601.65" y="307.75" angle="180.00" type="DEFAULT_VEHTYPE" speed="13.02" pos="103.00" lane="3/1to3/2_0" slope="0.00"/>
        <vehicle id="14" x="201.65" y="207.57" angle="-172.87" type="DEFAULT_VEHTYPE" speed="7.31" pos="2.82" lane="1/1to1/2_0" slope="0.00"/>
        <vehicle id="15" x="346.28" y="401.65" angle="-90.00" type="DEFAULT_VEHTYPE" speed="13.38" pos="48.97" lane="2/2to1/2_0" slope="0.00"/>
        <vehicle id="16" x="398.35" y="657.27" angle="0.00" type="DEFAULT_VEHTYPE" speed="13.36" pos="142.73" lane="2/4to2/3_0" slope="0.00"/>
        <vehicle id="17" x="287.58" y="401.65" angle="-90.00" type="DEFAULT_VEHTYPE" speed="12.78" pos="107.67" lane="2/2to1/2_0" slope="0.00"/>
        <vehicle id="18" x="398.35" y="500.72" angle="0.00" type="DEFAULT_VEHTYPE" speed="13.68" pos="94.53" lane="2/3to2/2_0" slope="0.00"/>
        <vehicle id="19" x="25.44" y="401.65" angle="-90.00" type="DEFAULT_VEHTYPE" speed="13.05" pos="169.81" lane="1/2to0/2_0" slope="0.00"/>
        <vehicle id="2" x="589.05" y="198.35" angle="90.00" type="DEFAULT_VEHTYPE" speed="4.76" pos="184.30" lane="2/1to3/1_0" slope="0.00"/>
        <vehicle id="20" x="201.65" y="158.39" angle="180.00" type="DEFAULT_VEHTYPE" speed="13.23" pos="158.39" lane="1/0to1/1_0" slope="0.00"/>
        <vehicle id="21" x="761.74" y="201.65" angle="-90.00" type="DEFAULT_VEHTYPE" speed="13.09" pos="38.26" lane="4/1to3/1_0" slope="0.00"/>
        <vehicle id="22" x="601.65" y="243.11" angle="180.00" type="DEFAULT_VEHTYPE" speed="13.08" pos="38.36" lane="3/1to3/2_0" slope="0.00"/>
        <vehicle id="23" x="48.12" y="198.35" angle="90.00" type="DEFAULT_VEHTYPE" speed="13.57" pos="48.12" lane="0/1to1/1_0" slope="0.00"/>
        <vehicle id="24" x="786.24" y="198.35" angle="90.00" type="DEFAULT_VEHTYPE" speed="13.70" pos="181.49" lane="3/1to4/1_0" slope="0.00"/>
        <vehicle id="3" x="35.92" y="201.65" angle="-90.00" type="DEFAULT_VEHTYPE" speed="13.09" pos="159.33" lane="1/1to0/1_0" slope="0.00"/>
        <vehicle id="4" x="9.95" y="198.35" angle="90.00" type="DEFAULT_VEHTYPE" speed="13.08" pos="9.95" lane="0/1to1/1_0" slope="0.00"/>
        <vehicle id="5" x="398.35" y="538.58" angle="0.00" type="DEFAULT_VEHTYPE" speed="13.87" pos="56.67" lane="2/3to2/2_0" slope="0.00"/>
        <vehicle id="6" x="96.26" y="201.65" angle="-90.00" type="DEFAULT_VEHTYPE" speed="12.81" pos="98.99" lane="1/1to0/1_0" slope="0.00"/>
        <vehicle id="7" x="401.65" y="612.75" angle="180.00" type="DEFAULT_VEHTYPE" speed="8.50" pos="8.00" lane="2/3to2/4_0" slope="0.00"/>
        <vehicle id="8" x="535.62" y="401.65" angle="-90.00" type="DEFAULT_VEHTYPE" speed="12.61" pos="59.63" lane="3/2to2/2_0" slope="0.00"/>
        <vehicle id="9" x="459.75" y="198.35" angle="90.00" type="DEFAULT_VEHTYPE" speed="13.28" pos="55.00" lane="2/1to3/1_0" slope="0.00"/>
    </timestep>
    <timestep time="223.00">
        <vehicle id="0" x="556.76" y="198.35" angle="90.00" type="DEFAULT_VEHTYPE" speed="12.78" pos="152.01" lane="2/1to3/1_0" slope="0.00"/>
        <vehicle id="1" x="198.35" y="129.59" angle="0.00" type="DEFAULT_VEHTYPE" speed="13.24" pos="65.66" lane="1/1to1/0_0" slope="0.00"/>
        <vehicle id="11" x="219.41" y="201.65" angle="-90.00" type="DEFAULT_VEHTYPE" speed="8.96" pos="175.84" lane="2/1to1/1_0" slope="0.00"/>
        <vehicle id="12" x="601.65" y="321.47" angle="180.00" type="DEFAULT_VEHTYPE" speed="13.72" pos="116.72" lane="3/1to3/2_0" slope="0.00"/>
        <vehicle id="14" x="201.65" y="216.95" angle="180.00" type="DEFAULT_VEHTYPE" speed="9.38" pos="12.20" lane="1/1to1/2_0" slope="0.00"/>
        <vehicle id="15" x="333.64" y="401.65" angle="-90.00" type="DEFAULT_VEHTYPE" speed="12.64" pos="61.61" lane="2/2to1/2_0" slope="0.00"/>
        <vehicle id="16" x="398.35" y="644.57" angle="0.00" type="DEFAULT_VEHTYPE" speed="12.70" pos="155.43" lane="2/4to2/3_0" slope="0.00"/>
        <vehicle id="17" x="274.32" y="401.65" angle="-90.00" type="DEFAULT_VEHTYPE" speed="13.26" pos="120.93" lane="2/2to1/2_0" slope="0.00"/>
        <vehicle id="18" x="398.35" y="487.06" angle="0.00" type="DEFAULT_VEHTYPE" speed="13.66" pos="108.19" lane="2/3to2/2_0" slope="0.00"/>
        <vehicle id="19" x="12.82" y="401.65" angle="-90.00" type="DEFAULT_VEHTYPE" speed="12.62" pos="182.43" lane="1/2to0/2_0" slope="0.00"/>
        <vehicle id="2" x="596.13" y="198.48" angle="91.44" type="DEFAULT_VEHTYPE" speed="7.08" pos="0.89" lane=":3/1_14_0" slope="0.00"/>
        <vehicle id="20" x="201.65" y="171.82" angle="180.00" type="DEFAULT_VEHTYPE" speed="13.43" pos="171.82" lane="1/0to1/1_0" slope="0.00"/>
        <vehicle id="21" x="748.34" y="201.65" angle="-90.00" type="DEFAULT_VEHTYPE" speed="13.40" pos="51.66" lane="4/1to3/1_0" slope="0.00"/>
        <vehicle id="22" x="601.65" y="256.25" angle="180.00" type="DEFAULT_VEHTYPE" speed="13.15" pos="51.50" lane="3/1to3/2_0" slope="0.00"/>
        <vehicle id="23" x="61.26" y="198.35" angle="90.00" type="DEFAULT_VEHTYPE" speed="13.14" pos="61.26" lane="0/1to1/1_0" slope="0.00"/>
        <vehicle id="24" x="799.22" y="198.35" angle="90.00" type="DEFAULT_VEHTYPE" speed="12.98" pos="194.47" lane="3/1to4/1_0" slope="0.00"/>
        <vehicle id="3" x="22.13" y="201.65" angle="-90.00" type="DEFAULT_VEHTYPE" speed="13.78" pos="173.12" lane="1/1to0/1_0" slope="0.00"/>
        <vehicle id="4" x="22.79" y="198.35" angle="90.00" type="DEFAULT_VEHTYPE" speed="12.85" pos="22.79" lane="0/1to1/1_0" slope="0.00"/>
        <vehicle id="5" x="398.35" y="525.94" angle="0.00" type="DEFAULT_VEHTYPE" speed="12.64" pos="69.31" lane="2/3to2/2_0" slope="0.00"/>
        <vehicle id="6" x="82.80" y="201.65" angle="-90.00" type="DEFAULT_VEHTYPE" speed="13.46" pos="112.45" lane="1/1to0/1_0" slope="0.00"/>
        <vehicle id="7" x="401.65" y="623.68" angle="180.00" type="DEFAULT_VEHTYPE" speed="10.93" pos="18.93" lane="2/3to2/4_0" slope="0.00"/>
        <vehicle id="8" x="521.81" y="401.65" angle="-90.00" type="DEFAULT_VEHTYPE" speed="13.81" pos="73.44" lane="3/2to2/2_0" slope="0.00"/>
        <vehicle id="9" x="473.53" y="198.35" angle="90.00" type="DEFAULT_VEHTYPE" speed="13.78" pos="68.78" lane="2/1to3/1_0" slope="0.00"/>
    </timestep>
    <timestep time="224.00">
        <vehicle id="0" x="570.43" y="198.35" angle="90.00" type="DEFAULT_VEHTYPE" speed="13.66" pos="165.68" lane="2/1to3/1_0" slope="0.00"/>
        <vehicle id="1" x="198.35" y="116.91" angle="0.00" type="DEFAULT_VEHTYPE" speed="12.68" pos="78.34" lane="1/1to1/0_0" slope="0.00"/>
        <vehicle id="11" x="213.19" y="201.65" angle="-90.00" type="DEFAULT_VEHTYPE" speed="6.23" pos="182.06" lane="2/1to1/1_0" slope="0.00"/>
        <vehicle id="12" x="601.65" y="334.76" angle="180.00" type="DEFAULT_VEHTYPE" speed="13.29" pos="130.01" lane="3/1to3/2_0" slope="0.00"/>
        <vehicle id="14" x="201.65" y="227.81" angle="180.00" type="DEFAULT_VEHTYPE" speed="10.86" pos="23.06" lane="1/1to1/2_0" slope="0.00"/>
        <vehicle id="15" x="321.03" y="401.65" angle="-90.00" type="DEFAULT_VEHTYPE" speed="12.60" pos="74.22" lane="2/2to1/2_0" slope="0.00"/>
        <vehicle id="16" x="398.35" y="631.57" angle="0.00" type="DEFAULT_VEHTYPE" speed="13.00" pos="168.43" lane="2/4to2/3_0" slope="0.00"/>
        <vehicle id="17" x="261.58" y="401.65" angle="-90.00" type="DEFAULT_VEHTYPE" speed="12.75" pos="133.67" lane="2/2to1/2_0" slope="0.00"/>
        <vehicle id="18" x="398.35" y="473.45" angle="0.00" type="DEFAULT_VEHTYPE" speed="13.61" pos="121.80" lane="2/3to2/2_0" slope="0.00"/>
        <vehicle id="19" x="-0.31" y="401.45" angle="-87.63" type="DEFAULT_VEHTYPE" speed="13.19" pos="0.37" lane=":0/2_0_0" slope="0.00"/>
        <vehicle id="2" x="601.65" y="204.77" angle="162.08" type="DEFAULT_VEHTYPE" speed="9.45" pos="0.02" lane="3/1to3/2_0" slope="0.00"/>
        <vehicle id="20" x="201.65" y="184.86" angle="180.00" type="DEFAULT_VEHTYPE" speed="13.04" pos="184.86" lane="1/0to1/1_0" slope="0.00"/>
        <vehicle id="21" x="735.63" y="201.65" angle="-90.00" type="DEFAULT_VEHTYPE" speed="12.71" pos="64.37" lane="4/1to3/1_0" slope="0.00"/>
        <vehicle id="22" x="601.65" y="269.56" angle="180.00" type="DEFAULT_VEHTYPE" speed="13.31" pos="64.81" lane="3/1to3/2_0" slope="0.00"/>
        <vehicle id="23" x="74.96" y="198.35" angle="90.00" type="DEFAULT_VEHTYPE" speed="13.70" pos="74.96" lane="0/1to1/1_0" slope="0.00"/>
        <vehicle id="24" x="792.86" y="201.65" angle="-90.00" type="DEFAULT_VEHTYPE" speed="12.74" pos="7.14" lane="4/1to3/1_0" slope="0.00"/>
        <vehicle id="3" x="8.46" y="201.65" angle="-90.00" type="DEFAULT_VEHTYPE" speed="13.67" pos="186.79" lane="1/1to0/1_0" slope="0.00"/>
        <vehicle id="4" x="35.67" y="198.35" angle="90.00" type="DEFAULT_VEHTYPE" speed="12.88" pos="35.67" lane="0/1to1/1_0" slope="0.00"/>
        <vehicle id="5" x="398.35" y="512.39" angle="0.00" type="DEFAULT_VEHTYPE" speed="13.55" pos="82.86" lane="2/3to2/2_0" slope="0.00"/>
        <vehicle id="6" x="70.20" y="201.65" angle="-90.00" type="DEFAULT_VEHTYPE" speed="12.60" pos="125.05" lane="1/1to0/1_0" slope="0.00"/>
        <vehicle id="7" x="401.65" y="637.02" angle="180.00" type="DEFAULT_VEHTYPE" speed="13.34" pos="32.27" lane="2/3to2/4_0" slope="0.00"/>
        <vehicle id="8" x="509.08" y="401.65" angle="-90.00" type="DEFAULT_VEHTYPE" speed="12.73" pos="86.17" lane="3/2to2/2_0" slope="0.00"/>
        <vehicle id="9" x="486.56" y="198.35" angle="90.00" type="DEFAULT_VEHTYPE" speed="13.03" pos="81.81" lane="2/1to3/1_0" slope="0.00"/>
    </timestep>
    <timestep time="225.00">
        <vehicle id="0" x="580.39" y="198.35" angle="90.00" type="DEFAULT_VEHTYPE" speed="9.96" pos="175.64" lane="2/1to3/1_0" slope="0.00"/>
        <vehicle id="1" x="198.35" y="103.69" angle="0.00" type="DEFAULT_VEHTYPE" speed="13.23" pos="91.56" lane="1/1to1/0_0" slope="0.00"/>
        <vehicle id="11" x="209.64" y="201.65" angle="-90.00" type="DEFAULT_VEHTYPE" speed="3.55" pos="185.61" lane="2/1to1/1_0" slope="0.00"/>
        <vehicle id="12" x="601.65" y="348.25" angle="180.00" type="DEFAULT_VEHTYPE" speed="13.50" pos="143.50" lane="3/1to3/2_0" slope="0.00"/>
        <vehicle id="14" x="201.65" y="240.97" angle="180.00" type="DEFAULT_VEHTYPE" speed="13.17" pos="36.22" lane="1/1to1/2_0" slope="0.00"/>
        <vehicle id="15" x="307.88" y="401.65" angle="-90.00" type="DEFAULT_VEHTYPE" speed="13.15" pos="87.37" lane="2/2to1/2_0" slope="0.00"/>
        <vehicle id="16" x="398.35" y="618.75" angle="0.00" type="DEFAULT_VEHTYPE" speed="12.82" pos="181.25" lane="2/4to2/3_0" slope="0.00"/>
        <vehicle id="17" x="248.51" y="401.65" angle="-90.00" type="DEFAULT_VEHTYPE" speed="13.07" pos="146.74" lane="2/2to1/2_0" slope="0.00"/>
        <vehicle id="18" x="398.35" y="460.16" angle="0.00" type="DEFAULT_VEHTYPE" speed="13.29" pos="135.09" lane="2/3to2/2_0" slope="0.00"/>
        <vehicle id="19" x="8.79" y="398.35" angle="90.00" type="DEFAULT_VEHTYPE" speed="13.24" pos="8.79" lane="0/2to1/2_0" slope="0.00"/>
        <vehicle id="2" x="601.65" y="216.67" angle="180.00" type="DEFAULT_VEHTYPE" speed="11.90" pos="11.92" lane="3/1to3/2_0" slope="0.00"/>
        <vehicle id="20" x="202.63" y="197.70" angle="168.30" type="DEFAULT_VEHTYPE" speed="13.12" pos="2.74" lane=":1/1_8_0" slope="0.00"/>
        <vehicle id="21" x="722.14" y="201.65" angle="-90.00" type="DEFAULT_VEHTYPE" speed="13.49" pos="77.86" lane="4/1to3/1_0" slope="0.00"/>
        <vehicle id="22" x="601.65" y="282.28" angle="180.00" type="DEFAULT_VEHTYPE" speed="12.72" pos="77.53" lane="3/1to3/2_0" slope="0.00"/>
        <vehicle id="23" x="88.02" y="198.35" angle="90.00" type="DEFAULT_VEHTYPE" speed="13.06" pos="88.02" lane="0/1to1/1_0" slope="0.00"/>
        <vehicle id="24" x="780.14" y="201.65" angle="-90.00" type="DEFAULT_VEHTYPE" speed="12.72" pos="19.86" lane="4/1to3/1_0" slope="0.00"/>
        <vehicle id="3" x="0.47" y="198.35" angle="12.82" type="DEFAULT_VEHTYPE" speed="13.75" pos="0.47" lane="0/1to1/1_0" slope="0.00"/>
        <vehicle id="4" x="49.15" y="198.35" angle="90.00" type="DEFAULT_VEHTYPE" speed="13.48" pos="49.15" lane="0/1to1/1_0" slope="0.00"/>
        <vehicle id="5" x="398.35" y="498.99" angle="0.00" type="DEFAULT_VEHTYPE" speed="13.40" pos="96.26" lane="2/3to2/2_0" slope="0.00"/>
        <vehicle id="6" x="57.13" y="201.65" angle="-90.00" type="DEFAULT_VEHTYPE" speed="13.07" pos="138.12" lane="1/1to0/1_0" slope="0.00"/>
        <vehicle id="7" x="401.65" y="650.71" angle="180.00" type="DEFAULT_VEHTYPE" speed="13.70" pos="45.96" lane="2/3to2/4_0" slope="0.00"/>
        <vehicle id="8" x="495.45" y="401.65" angle="-90.00" type="DEFAULT_VEHTYPE" speed="13.63" pos="99.80" lane="3/2to2/2_0" slope="0.00"/>
        <vehicle id="9" x="499.71" y="198.35" angle="90.00" type="DEFAULT_VEHTYPE" speed="13.16" pos="94.96" lane="2/1to3/1_0" slope="0.00"/>
    </timestep>
    <timestep time="226.00">
        <vehicle id="0" x="586.45" y="198.35" angle="90.00" type="DEFAULT_VEHTYPE" speed="6.07" pos="181.70" lane="2/1to3/1_0" slope="0.00"/>
        <vehicle id="1" x="198.35" y="91.03" angle="0.00" type="DEFAULT_VEHTYPE" speed="12.66" pos="104.22" lane="1/1to1/0_0" slope="0.00"/>
        <vehicle id="11" x="204.43" y="201.70" angle="-90.52" type="DEFAULT_VEHTYPE" speed="5.22" pos="0.33" lane=":1/1_4_0" slope="0.00"/>
        <vehicle id="12" x="601.65" y="360.91" angle="180.00" type="DEFAULT_VEHTYPE" speed="12.66" pos="156.16" lane="3/1to3/2_0" slope="0.00"/>
        <vehicle id="14" x="201.65" y="253.72" angle="180.00" type="DEFAULT_VEHTYPE" speed="12.75" pos="48.97" lane="1/1to1/2_0" slope="0.00"/>
        <vehicle id="15" x="294.15" y="401.65" angle="-90.00" type="DEFAULT_VEHTYPE" speed="13.72" pos="101.10" lane="2/2to1/2_0" slope="0.00"/>
        <vehicle id="16" x="398.35" y="605.80" angle="0.00" type="DEFAULT_VEHTYPE" speed="12.95" pos="194.20" lane="2/4to2/3_0" slope="0.00"/>
        <vehicle id="17" x="234.85" y="401.65" angle="-90.00" type="DEFAULT_VEHTYPE" speed="13.66" pos="160.40" lane="2/2to1/2_0" slope="0.00"/>
        <vehicle id="18" x="398.35" y="446.61" angle="0.00" type="DEFAULT_VEHTYPE" speed="13.55" pos="148.64" lane="2/3to2/2_0" slope="0.00"/>
        <vehicle id="19" x="22.61" y="398.35" angle="90.00" type="DEFAULT_VEHTYPE" speed="13.83" pos="22.61" lane="0/2to1/2_0" slope="0.00"/>
        <vehicle id="2" x="601.65" y="229.38" angle="180.00" type="DEFAULT_VEHTYPE" speed="12.71" pos="24.63" lane="3/1to3/2_0" slope="0.00"/>
        <vehicle id="20" x="215.99" y="198.35" angle="90.00" type="DEFAULT_VEHTYPE" speed="13.50" pos="11.24" lane="1/1to2/1_0" slope="0.00"/>
        <vehicle id="21" x="708.27" y="201.65" angle="-90.00" type="DEFAULT_VEHTYPE" speed="13.87" pos="91.73" lane="4/1to3/1_0" slope="0.00"/>
        <vehicle id="22" x="601.65" y="295.04" angle="180.00" type="DEFAULT_VEHTYPE" speed="12.76" pos="90.29" lane="3/1to3/2_0" slope="0.00"/>
        <vehicle id="23" x="101.16" y="198.35" angle="90.00" type="DEFAULT_VEHTYPE" speed="13.14" pos="101.16" lane="0/1to1/1_0" slope="0.00"/>
        <vehicle id="24" x="766.29" y="201.65" angle="-90.00" type="DEFAULT_VEHTYPE" speed="13.85" pos="33.71" lane="4/1to3/1_0" slope="0.00"/>
        <vehicle id="3" x="14.22" y="198.35" angle="90.00" type="DEFAULT_VEHTYPE" speed="13.75" pos="14.22" lane="0/1to1/1_0" slope="0.00"/>
        <vehicle id="4" x="62.17" y="198.35" angle="90.00" type="DEFAULT_VEHTYPE" speed="13.02" pos="62.17" lane="0/1to1/1_0" slope="0.00"/>
        <vehicle id="5" x="398.35" y="485.34" angle="0.00" type="DEFAULT_VEHTYPE" speed="13.65" pos="109.91" lane="2/3to2/2_0" slope="0.00"/>
        <vehicle id="6" x="44.38" y="201.65" angle="-90.00" type="DEFAULT_VEHTYPE" speed="12.75" pos="150.87" lane="1/1to0/1_0" slope="0.00"/>
        <vehicle id="7" x="401.65" y="664.29" angle="180.00" type="DEFAULT_VEHTYPE" speed="13.58" pos="59.54" lane="2/3to2/4_0" slope="0.00"/>
        <vehicle id="8" x="482.61" y="401.65" angle="-90.00" type="DEFAULT_VEHTYPE" speed="12.84" pos="112.64" lane="3/2to2/2_0" slope="0.00"/>
        <vehicle id="9" x="512.96" y="198.35" angle="90.00" type="DEFAULT_VEHTYPE" speed="13.24" pos="108.21" lane="2/1to3/1_0" slope="0.00"/>
    </timestep>
    <timestep time="227.00">
        <vehicle id="0" x="590.56" y="198.35" angle="90.00" type="DEFAULT_VEHTYPE" speed="4.11" pos="185.81" lane="2/1to3/1_0" slope="0.00"/>
        <vehicle id="1" x="198.35" y="77.99" angle="0.00" type="DEFAULT_VEHTYPE" speed="13.04" pos="117.26" lane="1/1to1/0_0" slope="0.00"/>
        <vehicle id="11" x="201.65" y="207.69" angle="-173.64" type="DEFAULT_VEHTYPE" speed="7.62" pos="2.94" lane="1/1to1/2_0" slope="0.00"/>
        <vehicle id="12" x="601.65" y="373.44" angle="180.00" type="DEFAULT_VEHTYPE" speed="12.53" pos="168.69" lane="3/1to3/2_0" slope="0.00"/>
        <vehicle id="14" x="201.65" y="267.19" angle="180.00" type="DEFAULT_VEHTYPE" speed="13.47" pos="62.44" lane="1/1to1/2_0" slope="0.00"/>
        <vehicle id="15" x="280.64" y="401.65" angle="-90.00" type="DEFAULT_VEHTYPE" speed="13.51" pos="114.61" lane="2/2to1/2_0" slope="0.00"/>
        <vehicle id="16" x="398.35" y="592.99" angle="0.00" type="DEFAULT_VEHTYPE" speed="12.81" pos="2.26" lane="2/3to2/2_0" slope="0.00"/>
        <vehicle id="17" x="223.35" y="401.65" angle="-90.00" type="DEFAULT_VEHTYPE" speed="11.49" pos="171.90" lane="2/2to1/2_0" slope="0.00"/>
        <vehicle id="18" x="398.35" y="433.38" angle="0.00" type="DEFAULT_VEHTYPE" speed="13.23" pos="161.87" lane="2/3to2/2_0" slope="0.00"/>
        <vehicle id="19" x="35.44" y="398.35" angle="90.00" type="DEFAULT_VEHTYPE" speed="12.82" pos="35.44" lane="0/2to1/2_0" slope="0.00"/>
        <vehicle id="2" x="601.65" y="242.08" angle="180.00" type="DEFAULT_VEHTYPE" speed="12.70" pos="37.33" lane="3/1to3/2_0" slope="0.00"/>
        <vehicle id="20" x="229.33" y="198.35" angle="90.00" type="DEFAULT_VEHTYPE" speed="13.34" pos="24.58" lane="1/1to2/1_0" slope="0.00"/>
        <vehicle id="21" x="695.28" y="201.65" angle="-90.00" type="DEFAULT_VEHTYPE" speed="12.99" pos="104.72" lane="4/1to3/1_0" slope="0.00"/>
        <vehicle id="22" x="601.65" y="308.20" angle="180.00" type="DEFAULT_VEHTYPE" speed="13.16" pos="103.45" lane="3/1to3/2_0" slope="0.00"/>
        <vehicle id="23" x="115.02" y="198.35" angle="90.00" type="DEFAULT_VEHTYPE" speed="13.86" pos="115.02" lane="0/1to1/1_0" slope="0.00"/>
        <vehicle id="24" x="753.01" y="201.65" angle="-90.00" type="DEFAULT_VEHTYPE" speed="13.29" pos="46.99" lane="4/1to3/1_0" slope="0.00"/>
        <vehicle id="3" x="27.64" y="198.35" angle="90.00" type="DEFAULT_VEHTYPE" speed="13.42" pos="27.64" lane="0/1to1/1_0" slope="0.00"/>
        <vehicle id="4" x="75.27" y="198.35" angle="90.00" type="DEFAULT_VEHTYPE" speed="13.10" pos="75.27" lane="0/1to1/1_0" slope="0.00"/>
        <vehicle id="5" x="398.35" y="472.61" angle="0.00" type="DEFAULT_VEHTYPE" speed="12.72" pos="122.64" lane="2/3to2/2_0" slope="0.00"/>
        <vehicle id="6" x="31.66" y="201.65" angle="-90.00" type="DEFAULT_VEHTYPE" speed="12.71" pos="163.59" lane="1/1to0/1_0" slope="0.00"/>
        <vehicle id="7" x="401.65" y="678.08" angle="180.00" type="DEFAULT_VEHTYPE" speed="13.79" pos="73.33" lane="2/3to2/4_0" slope="0.00"/>
        <vehicle id="8" x="469.42" y="401.65" angle="-90.00" type="DEFAULT_VEHTYPE" speed="13.19" pos="125.83" lane="3/2to2/2_0" slope="0.00"/>
        <vehicle id="9" x="525.76" y="198.35" angle="90.00" type="DEFAULT_VEHTYPE" speed="12.80" pos="121.01" lane="2/1to3/1_0" slope="0.00"/>
    </timestep>
    <timestep time="228.00">
        <vehicle id="0" x="596.10" y="198.47" angle="91.40" type="DEFAULT_VEHTYPE" speed="5.55" pos="0.86" lane=":3/1_14_0" slope="0.00"/>
        <vehicle id="1" x="198.35" y="64.15" angle="0.00" type="DEFAULT_VEHTYPE" speed="13.84" pos="131.10" lane="1/1to1/0_0" slope="0.00"/>
        <vehicle id="11" x="201.65" y="217.08" angle="180.00" type="DEFAULT_VEHTYPE" speed="9.39" pos="12.33" lane="1/1to1/2_0" slope="0.00"/>
        <vehicle id="12" x="601.65" y="382.46" angle="180.00" type="DEFAULT_VEHTYPE" speed="9.02" pos="177.71" lane="3/1to3/2_0" slope="0.00"/>
        <vehicle id="14" x="201.65" y="280.24" angle="180.00" type="DEFAULT_VEHTYPE" speed="13.05" pos="75.49" lane="1/1to1/2_0" slope="0.00"/>
        <vehicle id="15" x="267.79" y="401.65" angle="-90.00" type="DEFAULT_VEHTYPE" speed="12.85" pos="127.46" lane="2/2to1/2_0" slope="0.00"/>
        <vehicle id="16" x="398.35" y="579.54" angle="0.00" type="DEFAULT_VEHTYPE" speed="13.45" pos="15.71" lane="2/3to2/2_0" slope="0.00"/>
        <vehicle id="17" x="215.35" y="401.65" angle="-90.00" type="DEFAULT_VEHTYPE" speed="8.01" pos="179.90" lane="2/2to1/2_0" slope="0.00"/>
        <vehicle id="18" x="398.35" y="420.43" angle="0.00" type="DEFAULT_VEHTYPE" speed="12.95" pos="174.82" lane="2/3to2/2_0" slope="0.00"/>
        <vehicle id="19" x="48.41" y="398.35" angle="90.00" type="DEFAULT_VEHTYPE" speed="12.98" pos="48.41" lane="0/2to1/2_0" slope="0.00"/>
        <vehicle id="2" x="601.65" y="255.21" angle="180.00" type="DEFAULT_VEHTYPE" speed="13.14" pos="50.46" lane="3/1to3/2_0" slope="0.00"/>
        <vehicle id="20" x="242.88" y="198.35" angle="90.00" type="DEFAULT_VEHTYPE" speed="13.55" pos="38.13" lane="1/1to2/1_0" slope="0.00"/>
        <vehicle id="21" x="681.79" y="201.65" angle="-90.00" type="DEFAULT_VEHTYPE" speed="13.50" pos="118.21" lane="4/1to3/1_0" slope="0.00"/>
        <vehicle id="22" x="601.65" y="321.62" angle="180.00" type="DEFAULT_VEHTYPE" speed="13.41" pos="116.87" lane="3/1to3/2_0" slope="0.00"/>
        <vehicle id="23" x="128.55" y="198.35" angle="90.00" type="DEFAULT_VEHTYPE" speed="13.53" pos="128.55" lane="0/1to1/1_0" slope="0.00"/>
        <vehicle id="24" x="740.19" y="201.65" angle="-90.00" type="DEFAULT_VEHTYPE" speed="12.81" pos="59.81" lane="4/1to3/1_0" slope="0.00"/>
        <vehicle id="3" x="40.36" y="198.35" angle="90.00" type="DEFAULT_VEHTYPE" speed="12.72" pos="40.36" lane="0/1to1/1_0" slope="0.00"/>
        <vehicle id="4" x="88.19" y="198.35" angle="90.00" type="DEFAULT_VEHTYPE" speed="12.92" pos="88.19" lane="0/1to1/1_0" slope="0.00"/>
        <vehicle id="5" x="398.35" y="458.76" angle="0.00" type="DEFAULT_VEHTYPE" speed="13.86" pos="136.49" lane="2/3to2/2_0" slope="0.00"/>
        <vehicle id="6" x="18.20" y="201.65" angle="-90.00" type="DEFAULT_VEHTYPE" speed="13.46" pos="177.05" lane="1/1to0/1_0" slope="0.00"/>
        <vehicle id="7" x="401.65" y="691.86" angle="180.00" type="DEFAULT_VEHTYPE" speed="13.78" pos="87.11" lane="2/3to2/4_0" slope="0.00"/>
        <vehicle id="8" x="455.61" y="401.65" angle="-90.00" type="DEFAULT_VEHTYPE" speed="13.81" pos="139.64" lane="3/2to2/2_0" slope="0.00"/>
        <vehicle id="9" x="539.55" y="198.35" angle="90.00" type="DEFAULT_VEHTYPE" speed="13.80" pos="134.80" lane="2/1to3/1_0" slope="0.00"/>
    </timestep>
    <timestep time="229.00">
        <vehicle id="0" x="601.39" y="202.95" angle="144.36" type="DEFAULT_VEHTYPE" speed="7.64" pos="8.50" lane=":3/1_14_0" slope="0.00"/>
        <vehicle id="1" x="198.35" y="51.18" angle="0.00" type="DEFAULT_VEHTYPE" speed="12.96" pos="144.07" lane="1/1to1/0_0" slope="0.00"/>
        <vehicle id="11" x="201.65" y="228.21" angle="180.00" type="DEFAULT_VEHTYPE" speed="11.13" pos="23.46" lane="1/1to1/2_0" slope="0.00"/>
        <vehicle id="12" x="601.65" y="387.53" angle="180.00" type="DEFAULT_VEHTYPE" speed="5.07" pos="182.78" lane="3/1to3/2_0" slope="0.00"/>
        <vehicle id="14" x="201.65" y="293.39" angle="180.00" type="DEFAULT_VEHTYPE" speed="13.15" pos="88.64" lane="1/1to1/2_0" slope="0.00"/>
        <vehicle id="15" x="253.93" y="401.65" angle="-90.00" type="DEFAULT_VEHTYPE" speed="13.87" pos="141.32" lane="2/2to1/2_0" slope="0.00"/>
        <vehicle id="16" x="398.35" y="565.95" angle="0.00" type="DEFAULT_VEHTYPE" speed="13.59" pos="29.30" lane="2/3to2/2_0" slope="0.00"/>
        <vehicle id="17" x="210.35" y="401.65" angle="-90.00" type="DEFAULT_VEHTYPE" speed="4.99" pos="184.90" lane="2/2to1/2_0" slope="0.00"/>
        <vehicle id="18" x="398.35" y="406.90" angle="0.00" type="DEFAULT_VEHTYPE" speed="13.53" pos="188.35" lane="2/3to2/2_0" slope="0.00"/>
        <vehicle id="19" x="62.30" y="398.35" angle="90.00" type="DEFAULT_VEHTYPE" speed="13.88" pos="62.30" lane="0/2to1/2_0" slope="0.00"/>
        <vehicle id="2" x="601.65" y="268.92" angle="180.00" type="DEFAULT_VEHTYPE" speed="13.71" pos="64.17" lane="3/1to3/2_0" slope="0.00"/>
        <vehicle id="20" x="256.12" y="198.35" angle="90.00" type="DEFAULT_VEHTYPE" speed="13.24" pos="51.37" lane="1/1to2/1_0" slope="0.00"/>
        <vehicle id="21" x="667.95" y="201.65" angle="-90.00" type="DEFAULT_VEHTYPE" speed="13.84" pos="132.05" lane="4/1to3/1_0" slope="0.00"/>
        <vehicle id="22" x="601.65" y="335.50" angle="180.00" type="DEFAULT_VEHTYPE" speed="13.88" pos="130.75" lane="3/1to3/2_0" slope="0.00"/>
        <vehicle id="23" x="142.11" y="198.35" angle="90.00" type="DEFAULT_VEHTYPE" speed="13.56" pos="142.11" lane="0/1to1/1_0" slope="0.00"/>
        <vehicle id="24" x="727.00" y="201.65" angle="-90.00" type="DEFAULT_VEHTYPE" speed="13.19" pos="73.00" lane="4/1to3/1_0" slope="0.00"/>
        <vehicle id="3" x="54.06" y="198.35" angle="90.00" type="DEFAULT_VEHTYPE" speed="13.70" pos="54.06" lane="0/1to1/1_0" slope="0.00"/>
        <vehicle id="4" x="101.77" y="198.35" angle="90.00" type="DEFAULT_VEHTYPE" speed="13.58" pos="101.77" lane="0/1to1/1_0" slope="0.00"/>
        <vehicle id="5" x="398.35" y="445.96" angle="0.00" type="DEFAULT_VEHTYPE" speed="12.80" pos="149.29" lane="2/3to2/2_0" slope="0.00"/>
        <vehicle id="6" x="4.83" y="201.65" angle="-90.00" type="DEFAULT_VEHTYPE" speed="13.37" pos="190.42" lane="1/1to0/1_0" slope="0.00"/>
        <vehicle id="7" x="401.65" y="704.65" angle="180.00" type="DEFAULT_VEHTYPE" speed="12.79" pos="99.90" lane="2/3to2/4_0" slope="0.00"/>
        <vehicle id="8" x="441.90" y="401.65" angle="-90.00" type="DEFAULT_VEHTYPE" speed="13.71" pos="153.35" lane="3/2to2/2_0" slope="0.00"/>
        <vehicle id="9" x="552.41" y="198.35" angle="90.00" type="DEFAULT_VEHTYPE" speed="12.86" pos="147.66" lane="2/1to3/1_0" slope="0.00"/>
    </timestep>
    <timestep time="230.00">
        <vehicle id="0" x="601.65" y="212.30" angle="180.00" type="DEFAULT_VEHTYPE" speed="9.37" pos="7.55" lane="3/1to3/2_0" slope="0.00"/>
        <vehicle id="1" x="198.35" y="37.88" angle="0.00" type="DEFAULT_VEHTYPE" speed="13.31" pos="157.37" lane="1/1to1/0_0" slope="0.00"/>
        <vehicle id="11" x="201.65" y="241.77" angle="180.00" type="DEFAULT_VEHTYPE" speed="13.56" pos="37.02" lane="1/1to1/2_0" slope="0.00"/>
        <vehicle id="12" x="601.65" y="390.34" angle="180.00" type="DEFAULT_VEHTYPE" speed="2.81" pos="185.59" lane="3/1to3/2_0" slope="0.00"/>
        <vehicle id="14" x="201.65" y="307.18" angle="180.00" type="DEFAULT_VEHTYPE" speed="13.79" pos="102.43" lane="1/1to1/2_0" slope="0.00"/>
        <vehicle id="15" x="240.30" y="401.65" angle="-90.00" type="DEFAULT_VEHTYPE" speed="13.62" pos="154.95" lane="2/2to1/2_0" slope="0.00"/>
        <vehicle id="16" x="398.35" y="552.26" angle="0.00" type="DEFAULT_VEHTYPE" speed="13.69" pos="42.99" lane="2/3to2/2_0" slope="0.00"/>
        <vehicle id="17" x="203.11" y="401.65" angle="-90.00" type="DEFAULT_VEHTYPE" speed="7.24" pos="1.64" lane=":1/2_5_0" slope="0.00"/>
        <vehicle id="18" x="389.13" y="401.65" angle="-90.00" type="DEFAULT_VEHTYPE" speed="13.27" pos="6.12" lane="2/2to1/2_0" slope="0.00"/>
        <vehicle id="19" x="75.63" y="398.35" angle="90.00" type="DEFAULT_VEHTYPE" speed="13.33" pos="75.63" lane="0/2to1/2_0" slope="0.00"/>
        <vehicle id="2" x="601.65" y="282.19" angle="180.00" type="DEFAULT_VEHTYPE" speed="13.27" pos="77.44" lane="3/1to3/2_0" slope="0.00"/>
        <vehicle id="20" x="268.83" y="198.35" angle="90.00" type="DEFAULT_VEHTYPE" speed="12.71" pos="64.08" lane="1/1to2/1_0" slope="0.00"/>
        <vehicle id="21" x="655.00" y="201.65" angle="-90.00" type="DEFAULT_VEHTYPE" speed="12.95" pos="145.00" lane="4/1to3/1_0" slope="0.00"/>
        <vehicle id="22" x="601.65" y="349.24" angle="180.00" type="DEFAULT_VEHTYPE" speed="13.74" pos="144.49" lane="3/1to3/2_0" slope="0.00"/>
        <vehicle id="23" x="154.78" y="198.35" angle="90.00" type="DEFAULT_VEHTYPE" speed="12.67" pos="154.78" lane="0/1to1/1_0" slope="0.00"/>
        <vehicle id="24" x="713.53" y="201.65" angle="-90.00" type="DEFAULT_VEHTYPE" speed="13.47" pos="86.47" lane="4/1to3/1_0" slope="0.00"/>
        <vehicle id="3" x="67.16" y="198.35" angle="90.00" type="DEFAULT_VEHTYPE" speed="13.09" pos="67.16" lane="0/1to1/1_0" slope="0.00"/>
        <vehicle id="4" x="115.05" y="198.35" angle="90.00" type="DEFAULT_VEHTYPE" speed="13.28" pos="115.05" lane="0/1to1/1_0" slope="0.00"/>
        <vehicle id="5" x="398.35" y="432.31" angle="0.00" type="DEFAULT_VEHTYPE" speed="13.65" pos="162.94" lane="2/3to2/2_0" slope="0.00"/>
        <vehicle id="6" x="4.05" y="198.35" angle="83.73" type="DEFAULT_VEHTYPE" speed="13.70" pos="4.05" lane="0/1to1/1_0" slope="0.00"/>
        <vehicle id="7" x="401.65" y="717.55" angle="180.00" type="DEFAULT_VEHTYPE" speed="12.90" pos="112.80" lane="2/3to2/4_0" slope="0.00"/>
        <vehicle id="8" x="429.42" y="401.65" angle="-90.00" type="DEFAULT_VEHTYPE" speed="12.48" pos="165.83" lane="3/2to2/2_0" slope="0.00"/>
        <vehicle id="9" x="565.94" y="198.35" angle="90.00" type="DEFAULT_VEHTYPE" speed="13.53" pos="161.19" lane="2/1to3/1_0" slope="0.00"/>
    </timestep>
    <timestep time="231.00">
        <vehicle id="0" x="601.65" y="223.29" angle="180.00" type="DEFAULT_VEHTYPE" speed="10.99" pos="18.54" lane="3/1to3/2_0" slope="0.00"/>
        <vehicle id="1" x="198.35" y="24.04" angle="0.00" type="DEFAULT_VEHTYPE" speed="13.84" pos="171.21" lane="1/1to1/0_0" slope="0.00"/>
        <vehicle id="11" x="201.65" y="254.73" angle="180.00" type="DEFAULT_VEHTYPE" speed="12.97" pos="49.98" lane="1/1to1/2_0" slope="0.00"/>
        <vehicle id="12" x="601.65" y="395.00" angle="180.00" type="DEFAULT_VEHTYPE" speed="4.65" pos="190.25" lane="3/1to3/2_0" slope="0.00"/>
        <vehicle id="14" x="201.65" y="320.05" angle="180.00" type="DEFAULT_VEHTYPE" speed="12.88" pos="115.30" lane="1/1to1/2_0" slope="0.00"/>
        <vehicle id="15" x="227.91" y="401.65" angle="-90.00" type="DEFAULT_VEHTYPE" speed="12.39" pos="167.34" lane="2/2to1/2_0" slope="0.00"/>
        <vehicle id="16" x="398.35" y="539.51" angle="0.00" type="DEFAULT_VEHTYPE" speed="12.75" pos="55.74" lane="2/3to2/2_0" slope="0.00"/>
        <vehicle id="17" x="193.95" y="401.65" angle="-90.00" type="DEFAULT_VEHTYPE" speed="9.17" pos="1.30" lane="1/2to0/2_0" slope="0.00"/>
        <vehicle id="18" x="376.13" y="401.65" angle="-90.00" type="DEFAULT_VEHTYPE" speed="13.01" pos="19.12" lane="2/2to1/2_0" slope="0.00"/>
        <vehicle id="19" x="89.03" y="398.35" angle="90.00" type="DEFAULT_VEHTYPE" speed="13.40" pos="89.03" lane="0/2to1/2_0" slope="0.00"/>
        <vehicle id="2" x="601.65" y="295.61" angle="180.00" type="DEFAULT_VEHTYPE" speed="13.43" pos="90.86" lane="3/1to3/2_0" slope="0.00"/>
        <vehicle id="20" x="281.91" y="198.35" angle="90.00" type="DEFAULT_VEHTYPE" speed="13.08" pos="77.16" lane="1/1to2/1_0" slope="0.00"/>
        <vehicle id="21" x="641.92" y="201.65" angle="-90.00" type="DEFAULT_VEHTYPE" speed="13.07" pos="158.08" lane="4/1to3/1_0" slope="0.00"/>
        <vehicle id="22" x="601.65" y="361.81" angle="180.00" type="DEFAULT_VEHTYPE" speed="12.57" pos="157.06" lane="3/1to3/2_0" slope="0.00"/>
        <vehicle id="23" x="167.79" y="198.35" angle="90.00" type="DEFAULT_VEHTYPE" speed="13.02" pos="167.79" lane="0/1to1/1_0" slope="0.00"/>
        <vehicle id="24" x="700.76" y="201.65" angle="-90.00" type="DEFAULT_VEHTYPE" speed="12.77" pos="99.24" lane="4/1to3/1_0" slope="0.00"/>
        <vehicle id="3" x="80.86" y="198.35" angle="90.00" type="DEFAULT_VEHTYPE" speed="13.70" pos="80.86" lane="0/1to1/1_0" slope="0.00"/>
        <vehicle id="4" x="127.97" y="198.35" angle="90.00" type="DEFAULT_VEHTYPE" speed="12.92" pos="127.97" lane="0/1to1/1_0" slope="0.00"/>
        <vehicle id="5" x="398.35" y="418.48" angle="0.00" type="DEFAULT_VEHTYPE" speed="13.83" pos="176.77" lane="2/3to2/2_0" slope="0.00"/>
        <vehicle id="6" x="16.74" y="198.35" angle="90.00" type="DEFAULT_VEHTYPE" speed="12.69" pos="16.74" lane="0/1to1/1_0" slope="0.00"/>
        <vehicle id="7" x="401.65" y="730.60" angle="180.00" type="DEFAULT_VEHTYPE" speed="13.05" pos="125.85" lane="2/3to2/4_0" slope="0.00"/>
        <vehicle id="8" x="419.44" y="401.65" angle="-90.00" type="DEFAULT_VEHTYPE" speed="9.99" pos="175.81" lane="3/2to2/2_0" slope="0.00"/>
        <vehicle id="9" x="576.46" y="198.35" angle="90.00" type="DEFAULT_VEHTYPE" speed="10.52" pos="171.71" lane="2/1to3/1_0" slope="0.00"/>
    </timestep>
    <timestep time="232.00">
        <vehicle id="0" x="601.65" y="236.05" angle="180.00" type="DEFAULT_VEHTYPE" speed="12.76" pos="31.30" lane="3/1to3/2_0" slope="0.00"/>
        <vehicle id="1" x="198.35" y="10.21" angle="0.00" type="DEFAULT_VEHTYPE" speed="13.83" pos="185.04" lane="1/1to1/0_0" slope="0.00"/>
        <vehicle id="11" x="201.65" y="268.50" angle="180.00" type="DEFAULT_VEHTYPE" speed="13.77" pos="63.75" lane="1/1to1/2_0" slope="0.00"/>
        <vehicle id="12" x="598.50" y="400.98" angle="-142.79" type="DEFAULT_VEHTYPE" speed="7.22" pos="6.97" lane=":3/2_10_0" slope="0.00"/>
        <vehicle id="14" x="201.65" y="333.90" angle="180.00" type="DEFAULT_VEHTYPE" speed="13.84" pos="129.15" lane="1/1to1/2_0" slope="0.00"/>
        <vehicle id="15" x="218.98" y="401.65" angle="-90.00" type="DEFAULT_VEHTYPE" speed="8.93" pos="176.27" lane="2/2to1/2_0" slope="0.00"/>
        <vehicle id="16" x="398.35" y="525.99" angle="0.00" type="DEFAULT_VEHTYPE" speed="13.52" pos="69.26" lane="2/3to2/2_0" slope="0.00"/>
        <vehicle id="17" x="182.83" y="401.65" angle="-90.00" type="DEFAULT_VEHTYPE" speed="11.12" pos="12.42" lane="1/2to0/2_0" slope="0.00"/>
        <vehicle id="18" x="362.72" y="401.65" angle="-90.00" type="DEFAULT_VEHTYPE" speed="13.41" pos="32.53" lane="2/2to1/2_0" slope="0.00"/>
        <vehicle id="19" x="101.68" y="398.35" angle="90.00" type="DEFAULT_VEHTYPE" speed="12.65" pos="101.68" lane="0/2to1/2_0" slope="0.00"/>
        <vehicle id="2" x="601.65" y="309.50" angle="180.00" type="DEFAULT_VEHTYPE" speed="13.89" pos="104.75" lane="3/1to3/2_0" slope="0.00"/>
        <vehicle id="20" x="294.97" y="198.35" angle="90.00" type="DEFAULT_VEHTYPE" speed="13.06" pos="90.22" lane="1/1to2/1_0" slope="0.00"/>
        <vehicle id="21" x="628.86" y="201.65" angle="-90.00" type="DEFAULT_VEHTYPE" speed="13.06" pos="171.14" lane="4/1to3/1_0" slope="0.00"/>
        <vehicle id="22" x="601.65" y="373.83" angle="180.00" type="DEFAULT_VEHTYPE" speed="12.02" pos="169.08" lane="3/1to3/2_0" slope="0.00"/>
        <vehicle id="23" x="178.40" y="198.35" angle="90.00" type="DEFAULT_VEHTYPE" speed="10.61" pos="178.40" lane="0/1to1/1_0" slope="0.00"/>
        <vehicle id="24" x="687.95" y="201.65" angle="-90.00" type="DEFAULT_VEHTYPE" speed="12.81" pos="112.05" lane="4/1to3/1_0" slope="0.00"/>
        <vehicle id="3" x="93.91" y="198.35" angle="90.00" type="DEFAULT_VEHTYPE" speed="13.05" pos="93.91" lane="0/1to1/1_0" slope="0.00"/>
        <vehicle id="4" x="141.40" y="198.35" angle="90.00" type="DEFAULT_VEHTYPE" speed="13.43" pos="141.40" lane="0/1to1/1_0" slope="0.00"/>
        <vehicle id="5" x="398.35" y="404.96" angle="0.00" type="DEFAULT_VEHTYPE" speed="13.52" pos="190.29" lane="2/3to2/2_0" slope="0.00"/>
        <vehicle id="6" x="29.39" y="198.35" angle="90.00" type="DEFAULT_VEHTYPE" speed="12.66" pos="29.39" lane="0/1to1/1_0" slope="0.00"/>
        <vehicle id="7" x="401.65" y="743.84" angle="180.00" type="DEFAULT_VEHTYPE" speed="13.23" pos="139.09" lane="2/3to2/4_0" slope="0.00"/>
        <vehicle id="8" x="412.76" y="401.65" angle="-90.00" type="DEFAULT_VEHTYPE" speed="6.67" pos="182.49" lane="3/2to2/2_0" slope="0.00"/>
        <vehicle id="9" x="583.63" y="198.35" angle="90.00" type="DEFAULT_VEHTYPE" speed="7.17" pos="178.88" lane="2/1to3/1_0" slope="0.00"/>
    </timestep>
    <timestep time="233.00">
        <vehicle id="0" x="601.65" y="249.35" angle="180.00" type="DEFAULT_VEHTYPE" speed="13.30" pos="44.60" lane="3/1to3/2_0" slope="0.00"/>
        <vehicle id="1" x="200.20" y="-1.55" angle="25.20" type="DEFAULT_VEHTYPE" speed="12.84" pos="2.63" lane=":1/0_0_0" slope="0.00"/>
        <vehicle id="11" x="201.65" y="281.27" angle="180.00" type="DEFAULT_VEHTYPE" speed="12.77" pos="76.52" lane="1/1to1/2_0" slope="0.00"/>
        <vehicle id="12" x="589.98" y="401.65" angle="-90.00" type="DEFAULT_VEHTYPE" speed="8.62" pos="5.27" lane="3/2to2/2_0" slope="0.00"/>
        <vehicle id="14" x="201.65" y="347.32" angle="180.00" type="DEFAULT_VEHTYPE" speed="13.42" pos="142.57" lane="1/1to1/2_0" slope="0.00"/>
        <vehicle id="15" x="213.41" y="401.65" angle="-90.00" type="DEFAULT_VEHTYPE" speed="5.57" pos="181.84" lane="2/2to1/2_0" slope="0.00"/>
        <vehicle id="16" x="398.35" y="512.29" angle="0.00" type="DEFAULT_VEHTYPE" speed="13.69" pos="82.96" lane="2/3to2/2_0" slope="0.00"/>
        <vehicle id="17" x="169.20" y="401.65" angle="-90.00" type="DEFAULT_VEHTYPE" speed="13.63" pos="26.05" lane="1/2to0/2_0" slope="0.00"/>
        <vehicle id="18" x="350.12" y="401.65" angle="-90.00" type="DEFAULT_VEHTYPE" speed="12.60" pos="45.13" lane="2/2to1/2_0" slope="0.00"/>
        <vehicle id="19" x="114.83" y="398.35" angle="90.00" type="DEFAULT_VEHTYPE" speed="13.15" pos="114.83" lane="0/2to1/2_0" slope="0.00"/>
        <vehicle id="2" x="601.65" y="323.00" angle="180.00" type="DEFAULT_VEHTYPE" speed="13.49" pos="118.25" lane="3/1to3/2_0" slope="0.00"/>
        <vehicle id="20" x="307.63" y="198.35" angle="90.00" type="DEFAULT_VEHTYPE" speed="12.66" pos="102.88" lane="1/1to2/1_0" slope="0.00"/>
        <vehicle id="21" x="619.74" y="201.65" angle="-90.00" type="DEFAULT_VEHTYPE" speed="9.12" pos="180.26" lane="4/1to3/1_0" slope="0.00"/>
        <vehicle id="22" x="601.65" y="382.85" angle="180.00" type="DEFAULT_VEHTYPE" speed="9.02" pos="178.10" lane="3/1to3/2_0" slope="0.00"/>
        <vehicle id="23" x="185.22" y="198.35" angle="90.00" type="DEFAULT_VEHTYPE" speed="6.82" pos="185.22" lane="0/1to1/1_0" slope="0.00"/>
        <vehicle id="24" x="674.46" y="201.65" angle="-90.00" type="DEFAULT_VEHTYPE" speed="13.49" pos="125.54" lane="4/1to3/1_0" slope="0.00"/>
        <vehicle id="3" x="107.66" y="198.35" angle="90.00" type="DEFAULT_VEHTYPE" speed="13.75" pos="107.66" lane="0/1to1/1_0" slope="0.00"/>
        <vehicle id="4" x="154.25" y="198.35" angle="90.00" type="DEFAULT_VEHTYPE" speed="12.84" pos="154.25" lane="0/1to1/1_0" slope="0.00"/>
        <vehicle id="5" x="387.70" y="401.65" angle="-90.00" type="DEFAULT_VEHTYPE" speed="12.76" pos="7.55" lane="2/2to1/2_0" slope="0.00"/>
        <vehicle id="6" x="42.75" y="198.35" angle="90.00" type="DEFAULT_VEHTYPE" speed="13.35" pos="42.75" lane="0/1to1/1_0" slope="0.00"/>
        <vehicle id="7" x="401.65" y="757.30" angle="180.00" type="DEFAULT_VEHTYPE" speed="13.47" pos="152.55" lane="2/3to2/4_0" slope="0.00"/>
        <vehicle id="8" x="409.44" y="401.65" angle="-90.00" type="DEFAULT_VEHTYPE" speed="3.32" pos="185.81" lane="3/2to2/2_0" slope="0.00"/>
        <vehicle id="9" x="588.30" y="198.35" angle="90.00" type="DEFAULT_VEHTYPE" speed="4.67" pos="183.55" lane="2/1to3/1_0" slope="0.00"/>
    </timestep>
    <timestep time="234.00">
        <vehicle id="0" x="601.65" y="262.83" angle="180.00" type="DEFAULT_VEHTYPE" speed="13.48" pos="58.08" lane="3/1to3/2_0" slope="0.00"/>
        <vehicle id="1" x="201.65" y="11.38" angle="180.00" type="DEFAULT_VEHTYPE" speed="13.57" pos="11.38" lane="1/0to1/1_0" slope="0.00"/>
        <vehicle id="11" x="201.65" y="294.11" angle="180.00" type="DEFAULT_VEHTYPE" speed="12.83" pos="89.36" lane="1/1to1/2_0" slope="0.00"/>
        <vehicle id="12" x="579.98" y="401.65" angle="-90.00" type="DEFAULT_VEHTYPE" speed="10.00" pos="15.27" lane="3/2to2/2_0" slope="0.00"/>
        <vehicle id="14" x="201.65" y="360.74" angle="180.00" type="DEFAULT_VEHTYPE" speed="13.42" pos="155.99" lane="1/1to1/2_0" slope="0.00"/>
        <vehicle id="15" x="209.36" y="401.65" angle="-90.00" type="DEFAULT_VEHTYPE" speed="4.05" pos="185.89" lane="2/2to1/2_0" slope="0.00"/>
        <vehicle id="16" x="398.35" y="498.66" angle="0.00" type="DEFAULT_VEHTYPE" speed="13.64" pos="96.59" lane="2/3to2/2_0" slope="0.00"/>
        <vehicle id="17" x="155.76" y="401.65" angle="-90.00" type="DEFAULT_VEHTYPE" speed="13.43" pos="39.49" lane="1/2to0/2_0" slope="0.00"/>
        <vehicle id="18" x="337.12" y="401.65" angle="-90.00" type="DEFAULT_VEHTYPE" speed="13.00" pos="58.13" lane="2/2to1/2_0" slope="0.00"/>
        <vehicle id="19" x="128.47" y="398.35" angle="90.00" type="DEFAULT_VEHTYPE" speed="13.64" pos="128.47" lane="0/2to1/2_0" slope="0.00"/>
        <vehicle id="2" x="601.65" y="335.70" angle="180.00" type="DEFAULT_VEHTYPE" speed="12.71" pos="130.95" lane="3/1to3/2_0" slope="0.00"/>
        <vehicle id="20" x="321.41" y="198.35" angle="90.00" type="DEFAULT_VEHTYPE" speed="13.78" pos="116.66" lane="1/1to2/1_0" slope="0.00"/>
        <vehicle id="21" x="613.69" y="201.65" angle="-90.00" type="DEFAULT_VEHTYPE" speed="6.04" pos="186.31" lane="4/1to3/1_0" slope="0.00"/>
        <vehicle id="22" x="601.65" y="387.92" angle="180.00" type="DEFAULT_VEHTYPE" speed="5.07" pos="183.17" lane="3/1to3/2_0" slope="0.00"/>
        <vehicle id="23" x="188.91" y="198.35" angle="90.00" type="DEFAULT_VEHTYPE" speed="3.70" pos="188.91" lane="0/1to1/1_0" slope="0.00"/>
        <vehicle id="24" x="660.78" y="201.65" angle="-90.00" type="DEFAULT_VEHTYPE" speed="13.68" pos="139.22" lane="4/1to3/1_0" slope="0.00"/>
        <vehicle id="3" x="120.67" y="198.35" angle="90.00" type="DEFAULT_VEHTYPE" speed="13.01" pos="120.67" lane="0/1to1/1_0" slope="0.00"/>
        <vehicle id="4" x="166.02" y="198.35" angle="90.00" type="DEFAULT_VEHTYPE" speed="11.77" pos="166.02" lane="0/1to1/1_0" slope="0.00"/>
        <vehicle id="5" x="374.67" y="401.65" angle="-90.00" type="DEFAULT_VEHTYPE" speed="13.04" pos="20.58" lane="2/2to1/2_0" slope="0.00"/>
        <vehicle id="6" x="56.42" y="198.35" angle="90.00" type="DEFAULT_VEHTYPE" speed="13.68" pos="56.42" lane="0/1to1/1_0" slope="0.00"/>
        <vehicle id="7" x="401.65" y="770.85" angle="180.00" type="DEFAULT_VEHTYPE" speed="13.55" pos="166.10" lane="2/3to2/4_0" slope="0.00"/>
        <vehicle id="8" x="404.43" y="401.60" angle="-89.47" type="DEFAULT_VEHTYPE" speed="5.01" pos="0.33" lane=":2/2_6_0" slope="0.00"/>
        <vehicle id="9" x="594.55" y="198.35" angle="90.00" type="DEFAULT_VEHTYPE" speed="6.25" pos="189.80" lane="2/1to3/1_0" slope="0.00"/>
    </timestep>
    <timestep time="235.00">
        <vehicle id="0" x="601.65" y="275.45" angle="180.00" type="DEFAULT_VEHTYPE" speed="12.62" pos="70.70" lane="3/1to3/2_0" slope="0.00"/>
        <vehicle id="1" x="201.65" y="24.29" angle="180.00" type="DEFAULT_VEHTYPE" speed="12.91" pos="24.29" lane="1/0to1/1_0" slope="0.00"/>
        <vehicle id="11" x="201.65" y="307.67" angle="180.00" type="DEFAULT_VEHTYPE" speed="13.57" pos="102.92" lane="1/1to1/2_0" slope="0.00"/>
        <vehicle id="12" x="568.55" y="401.65" angle="-90.00" type="DEFAULT_VEHTYPE" speed="11.43" pos="26.70" lane="3/2to2/2_0" slope="0.00"/>
        <vehicle id="14" x="201.65" y="374.16" angle="180.00" type="DEFAULT_VEHTYPE" speed="13.42" pos="169.41" lane="1/1to1/2_0" slope="0.00"/>
        <vehicle id="15" x="203.80" y="401.51" angle="-88.44" type="DEFAULT_VEHTYPE" speed="5.57" pos="0.96" lane=":1/2_6_0" slope="0.00"/>
        <vehicle id="16" x="398.35" y="485.69" angle="0.00" type="DEFAULT_VEHTYPE" speed="12.97" pos="109.56" lane="2/3to2/2_0" slope="0.00"/>
        <vehicle id="17" x="142.70" y="401.65" angle="-90.00" type="DEFAULT_VEHTYPE" speed="13.06" pos="52.55" lane="1/2to0/2_0" slope="0.00"/>
        <vehicle id="18" x="323.71" y="401.65" angle="-90.00" type="DEFAULT_VEHTYPE" speed="13.40" pos="71.54" lane="2/2to1/2_0" slope="0.00"/>
        <vehicle id="19" x="141.24" y="398.35" angle="90.00" type="DEFAULT_VEHTYPE" speed="12.77" pos="141.24" lane="0/2to1/2_0" slope="0.00"/>
        <vehicle id="2" x="601.65" y="349.34" angle="180.00" type="DEFAULT_VEHTYPE" speed="13.63" pos="144.59" lane="3/1to3/2_0" slope="0.00"/>
        <vehicle id="20" x="335.25" y="198.35" angle="90.00" type="DEFAULT_VEHTYPE" speed="13.84" pos="130.50" lane="1/1to2/1_0" slope="0.00"/>
        <vehicle id="21" x="610.27" y="201.65" angle="-90.00" type="DEFAULT_VEHTYPE" speed="3.42" pos="189.73" lane="4/1to3/1_0" slope="0.00"/>
        <vehicle id="22" x="601.65" y="391.31" angle="180.00" type="DEFAULT_VEHTYPE" speed="3.39" pos="186.56" lane="3/1to3/2_0" slope="0.00"/>
        <vehicle id="23" x="195.16" y="198.35" angle="90.00" type="DEFAULT_VEHTYPE" speed="6.25" pos="195.16" lane="0/1to1/1_0" slope="0.00"/>
        <vehicle id="24" x="647.46" y="201.65" angle="-90.00" type="DEFAULT_VEHTYPE" speed="13.32" pos="152.54" lane="4/1to3/1_0" slope="0.00"/>
        <vehicle id="3" x="134.12" y="198.35" angle="90.00" type="DEFAULT_VEHTYPE" speed="13.45" pos="134.12" lane="0/1to1/1_0" slope="0.00"/>
        <vehicle id="4" x="173.84" y="198.35" angle="90.00" type="DEFAULT_VEHTYPE" speed="7.82" pos="173.84" lane="0/1to1/1_0" slope="0.00"/>
        <vehicle id="5" x="360.91" y="401.65" angle="-90.00" type="DEFAULT_VEHTYPE" speed="13.76" pos="34.34" lane="2/2to1/2_0" slope="0.00"/>
        <vehicle id="6" x="69.75" y="198.35" angle="90.00" type="DEFAULT_VEHTYPE" speed="13.33" pos="69.75" lane="0/1to1/1_0" slope="0.00"/>
        <vehicle id="7" x="401.65" y="784.42" angle="180.00" type="DEFAULT_VEHTYPE" speed="13.56" pos="179.67" lane="2/3to2/4_0" slope="0.00"/>
        <vehicle id="8" x="398.80" y="398.13" angle="-48.37" type="DEFAULT_VEHTYPE" speed="7.07" pos="7.40" lane=":2/2_6_0" slope="0.00"/>
        <vehicle id="9" x="602.87" y="198.35" angle="90.00" type="DEFAULT_VEHTYPE" speed="8.33" pos="7.62" lane=":3/1_13_0" slope="0.00"/>
    </timestep>
    <timestep time="236.00">
        <vehicle id="0" x="601.65" y="289.26" angle="180.00" type="DEFAULT_VEHTYPE" speed="13.81" pos="84.51" lane="3/1to3/2_0" slope="0.00"/>
        <vehicle id="1" x="201.65" y="37.09" angle="180.00" type="DEFAULT_VEHTYPE" speed="12.80" pos="37.09" lane="1/0to1/1_0" slope="0.00"/>
        <vehicle id="11" x="201.65" y="320.52" angle="180.00" type="DEFAULT_VEHTYPE" speed="12.85" pos="115.77" lane="1/1to1/2_0" slope="0.00"/>
        <vehicle id="12" x="555.18" y="401.65" angle="-90.00" type="DEFAULT_VEHTYPE" speed="13.37" pos="40.07" lane="3/2to2/2_0" slope="0.00"/>
        <vehicle id="14" x="201.65" y="387.59" angle="180.00" type="DEFAULT_VEHTYPE" speed="13.43" pos="182.84" lane="1/1to1/2_0" slope="0.00"/>
        <vehicle id="15" x="198.60" y="397.00" angle="-35.15" type="DEFAULT_VEHTYPE" speed="7.59" pos="8.55" lane=":1/2_6_0" slope="0.00"/>
        <vehicle id="16" x="398.35" y="472.09" angle="0.00" type="DEFAULT_VEHTYPE" speed="13.60" pos="123.16" lane="2/3to2/2_0" slope="0.00"/>
        <vehicle id="17" x="129.34" y="401.65" angle="-90.00" type="DEFAULT_VEHTYPE" speed="13.36" pos="65.91" lane="1/2to0/2_0" slope="0.00"/>
        <vehicle id="18" x="310.91" y="401.65" angle="-90.00" type="DEFAULT_VEHTYPE" speed="12.80" pos="84.34" lane="2/2to1/2_0" slope="0.00"/>
        <vehicle id="19" x="154.91" y="398.35" angle="90.00" type="DEFAULT_VEHTYPE" speed="13.67" pos="154.91" lane="0/2to1/2_0" slope="0.00"/>
        <vehicle id="2" x="601.65" y="361.77" angle="180.00" type="DEFAULT_VEHTYPE" speed="12.43" pos="157.02" lane="3/1to3/2_0" slope="0.00"/>
        <vehicle id="20" x="348.08" y="198.35" angle="90.00" type="DEFAULT_VEHTYPE" speed="12.82" pos="143.33" lane="1/1to2/1_0" slope="0.00"/>
        <vehicle id="21" x="605.07" y="201.65" angle="-90.00" type="DEFAULT_VEHTYPE" speed="5.20" pos="194.93" lane="4/1to3/1_0" slope="0.00"/>
        <vehicle id="22" x="601.54" y="395.99" angle="-178.79" type="DEFAULT_VEHTYPE" speed="4.69" pos="0.75" lane=":3/2_10_0" slope="0.00"/>
        <vehicle id="23" x="198.35" y="191.87" angle="3.67" type="DEFAULT_VEHTYPE" speed="8.47" pos="3.38" lane="1/1to1/0_0" slope="0.00"/>
        <vehicle id="24" x="635.06" y="201.65" angle="-90.00" type="DEFAULT_VEHTYPE" speed="12.40" pos="164.94" lane="4/1to3/1_0" slope="0.00"/>
        <vehicle id="3" x="146.76" y="198.35" angle="90.00" type="DEFAULT_VEHTYPE" speed="12.64" pos="146.76" lane="0/1to1/1_0" slope="0.00"/>
        <vehicle id="4" x="182.40" y="198.35" angle="90.00" type="DEFAULT_VEHTYPE" speed="8.56" pos="182.40" lane="0/1to1/1_0" slope="0.00"/>
        <vehicle id="5" x="347.35" y="401.65" angle="-90.00" type="DEFAULT_VEHTYPE" speed="13.56" pos="47.90" lane="2/2to1/2_0" slope="0.00"/>
        <vehicle id="6" x="82.49" y="198.35" angle="90.00" type="DEFAULT_VEHTYPE" speed="12.73" pos="82.49" lane="0/1to1/1_0" slope="0.00"/>
        <vehicle id="7" x="401.65" y="797.53" angle="180.00" type="DEFAULT_VEHTYPE" speed="13.11" pos="192.78" lane="2/3to2/4_0" slope="0.00"/>
        <vehicle id="8" x="398.35" y="388.90" angle="0.00" type="DEFAULT_VEHTYPE" speed="9.27" pos="6.35" lane="2/2to2/1_0" slope="0.00"/>
        <vehicle id="9" x="613.43" y="198.35" angle="90.00" type="DEFAULT_VEHTYPE" speed="10.56" pos="8.68" lane="3/1to4/1_0" slope="0.00"/>
    </timestep>
    <timestep time="237.00">
        <vehicle id="0" x="601.65" y="302.40" angle="180.00" type="DEFAULT_VEHTYPE" speed="13.14" pos="97.65" lane="3/1to3/2_0" slope="0.00"/>
        <vehicle id="1" x="201.65" y="50.22" angle="180.00" type="DEFAULT_VEHTYPE" speed="13.13" pos="50.22" lane="1/0to1/1_0" slope="0.00"/>
        <vehicle id="11" x="201.65" y="333.99" angle="180.00" type="DEFAULT_VEHTYPE" speed="13.47" pos="129.24" lane="1/1to1/2_0" slope="0.00"/>
        <vehicle id="12" x="542.41" y="401.65" angle="-90.00" type="DEFAULT_VEHTYPE" speed="12.77" pos="52.84" lane="3/2to2/2_0" slope="0.00"/>
        <vehicle id="14" x="205.74" y="398.35" angle="118.23" type="DEFAULT_VEHTYPE" speed="13.65" pos="0.99" lane="1/2to2/2_0" slope="0.00"/>
        <vehicle id="15" x="198.35" y="387.43" angle="0.00" type="DEFAULT_VEHTYPE" speed="9.59" pos="7.82" lane="1/2to1/1_0" slope="0.00"/>
        <vehicle id="16" x="398.35" y="459.31" angle="0.00" type="DEFAULT_VEHTYPE" speed="12.78" pos="135.94" lane="2/3to2/2_0" slope="0.00"/>
        <vehicle id="17" x="115.54" y="401.65" angle="-90.00" type="DEFAULT_VEHTYPE" speed="13.80" pos="79.71" lane="1/2to0/2_0" slope="0.00"/>
        <vehicle id="18" x="297.13" y="401.65" angle="-90.00" type="DEFAULT_VEHTYPE" speed="13.78" pos="98.12" lane="2/2to1/2_0" slope="0.00"/>
        <vehicle id="19" x="168.68" y="398.35" angle="90.00" type="DEFAULT_VEHTYPE" speed="13.77" pos="168.68" lane="0/2to1/2_0" slope="0.00"/>
        <vehicle id="2" x="601.65" y="373.90" angle="180.00" type="DEFAULT_VEHTYPE" speed="12.14" pos="169.15" lane="3/1to3/2_0" slope="0.00"/>
        <vehicle id="20" x="360.83" y="198.35" angle="90.00" type="DEFAULT_VEHTYPE" speed="12.76" pos="156.08" lane="1/1to2/1_0" slope="0.00"/>
        <vehicle id="21" x="601.65" y="205.97" angle="-155.48" type="DEFAULT_VEHTYPE" speed="6.54" pos="1.22" lane="3/1to3/2_0" slope="0.00"/>
        <vehicle id="22" x="598.36" y="401.07" angle="-141.08" type="DEFAULT_VEHTYPE" speed="6.39" pos="7.13" lane=":3/2_10_0" slope="0.00"/>
        <vehicle id="23" x="198.35" y="181.92" angle="0.00" type="DEFAULT_VEHTYPE" speed="9.95" pos="13.33" lane="1/1to1/0_0" slope="0.00"/>
        <vehicle id="24" x="624.41" y="201.65" angle="-90.00" type="DEFAULT_VEHTYPE" speed="10.65" pos="175.59" lane="4/1to3/1_0" slope="0.00"/>
        <vehicle id="3" x="159.89" y="198.35" angle="90.00" type="DEFAULT_VEHTYPE" speed="13.13" pos="159.89" lane="0/1to1/1_0" slope="0.00"/>
        <vehicle id="4" x="187.75" y="198.35" angle="90.00" type="DEFAULT_VEHTYPE" speed="5.35" pos="187.75" lane="0/1to1/1_0" slope="0.00"/>
        <vehicle id="5" x="333.74" y="401.65" angle="-90.00" type="DEFAULT_VEHTYPE" speed="13.61" pos="61.51" lane="2/2to1/2_0" slope="0.00"/>
        <vehicle id="6" x="95.94" y="198.35" angle="90.00" type="DEFAULT_VEHTYPE" speed="13.45" pos="95.94" lane="0/1to1/1_0" slope="0.00"/>
        <vehicle id="7" x="398.35" y="794.57" angle="0.00" type="DEFAULT_VEHTYPE" speed="12.72" pos="5.43" lane="2/4to2/3_0" slope="0.00"/>
        <vehicle id="8" x="398.35" y="377.87" angle="0.00" type="DEFAULT_VEHTYPE" speed="11.03" pos="17.38" lane="2/2to2/1_0" slope="0.00"/>
        <vehicle id="9" x="626.30" y="198.35" angle="90.00" type="DEFAULT_VEHTYPE" speed="12.87" pos="21.55" lane="3/1to4/1_0" slope="0.00"/>
    </timestep>
    <timestep time="238.00">
        <vehicle id="0" x="601.65" y="315.17" angle="180.00" type="DEFAULT_VEHTYPE" speed="12.77" pos="110.42" lane="3/1to3/2_0" slope="0.00"/>
        <vehicle id="1" x="201.65" y="62.83" angle="180.00" type="DEFAULT_VEHTYPE" speed="12.61" pos="62.83" lane="1/0to1/1_0" slope="0.00"/>
        <vehicle id="11" x="201.65" y="347.81" angle="180.00" type="DEFAULT_VEHTYPE" speed="13.82" pos="143.06" lane="1/1to1/2_0" slope="0.00"/>
        <vehicle id="12" x="528.83" y="401.65" angle="-90.00" type="DEFAULT_VEHTYPE" speed="13.58" pos="66.42" lane="3/2to2/2_0" slope="0.00"/>
        <vehicle id="14" x="219.28" y="398.35" angle="90.00" type="DEFAULT_VEHTYPE" speed="13.54" pos="14.53" lane="1/2to2/2_0" slope="0.00"/>
        <vehicle id="15" x="198.35" y="375.97" angle="0.00" type="DEFAULT_VEHTYPE" speed="11.46" pos="19.28" lane="1/2to1/1_0" slope="0.00"/>
        <vehicle id="16" x="398.35" y="445.86" angle="0.00" type="DEFAULT_VEHTYPE" speed="13.45" pos="149.39" lane="2/3to2/2_0" slope="0.00"/>
        <vehicle id="17" x="102.24" y="401.65" angle="-90.00" type="DEFAULT_VEHTYPE" speed="13.31" pos="93.01" lane="1/2to0/2_0" slope="0.00"/>
        <vehicle id="18" x="283.55" y="401.65" angle="-90.00" type="DEFAULT_VEHTYPE" speed="13.58" pos="111.70" lane="2/2to1/2_0" slope="0.00"/>
        <vehicle id="19" x="179.21" y="398.35" angle="90.00" type="DEFAULT_VEHTYPE" speed="10.53" pos="179.21" lane="0/2to1/2_0" slope="0.00"/>
        <vehicle id="2" x="601.65" y="382.97" angle="180.00" type="DEFAULT_VEHTYPE" speed="9.07" pos="178.22" lane="3/1to3/2_0" slope="0.00"/>
        <vehicle id="20" x="373.06" y="198.35" angle="90.00" type="DEFAULT_VEHTYPE" speed="12.23" pos="168.31" lane="1/1to2/1_0" slope="0.00"/>
        <vehicle id="21" x="601.65" y="214.13" angle="180.00" type="DEFAULT_VEHTYPE" speed="8.16" pos="9.38" lane="3/1to3/2_0" slope="0.00"/>
        <vehicle id="22" x="589.46" y="401.65" angle="-90.00" type="DEFAULT_VEHTYPE" speed="8.97" pos="5.79" lane="3/2to2/2_0" slope="0.00"/>
        <vehicle id="23" x="198.35" y="170.41" angle="0.00" type="DEFAULT_VEHTYPE" speed="11.51" pos="24.84" lane="1/1to1/0_0" slope="0.00"/>
        <vehicle id="24" x="616.43" y="201.65" angle="-90.00" type="DEFAULT_VEHTYPE" speed="7.98" pos="183.57" lane="4/1to3/1_0" slope="0.00"/>
        <vehicle id="3" x="170.79" y="198.35" angle="90.00" type="DEFAULT_VEHTYPE" speed="10.90" pos="170.79" lane="0/1to1/1_0" slope="0.00"/>
        <vehicle id="4" x="190.14" y="198.35" angle="90.00" type="DEFAULT_VEHTYPE" speed="2.40" pos="190.14" lane="0/1to1/1_0" slope="0.00"/>
        <vehicle id="5" x="320.56" y="401.65" angle="-90.00" type="DEFAULT_VEHTYPE" speed="13.18" pos="74.69" lane="2/2to1/2_0" slope="0.00"/>
        <vehicle id="6" x="108.61" y="198.35" angle="90.00" type="DEFAULT_VEHTYPE" speed="12.67" pos="108.61" lane="0/1to1/1_0" slope="0.00"/>
        <vehicle id="7" x="398.35" y="780.76" angle="0.00" type="DEFAULT_VEHTYPE" speed="13.81" pos="19.24" lane="2/4to2/3_0" slope="0.00"/>
        <vehicle id="8" x="398.35" y="364.72" angle="0.00" type="DEFAULT_VEHTYPE" speed="13.15" pos="30.53" lane="2/2to2/1_0" slope="0.00"/>
        <vehicle id="9" x="638.94" y="198.35" angle="90.00" type="DEFAULT_VEHTYPE" speed="12.64" pos="34.19" lane="3/1to4/1_0" slope="0.00"/>
    </timestep>
    <timestep time="239.00">
        <vehicle id="0" x="601.65" y="328.53" angle="180.00" type="DEFAULT_VEHTYPE" speed="13.36" pos="123.78" lane="3/1to3/2_0" slope="0.00"/>
        <vehicle id="1" x="201.65" y="75.52" angle="180.00" type="DEFAULT_VEHTYPE" speed="12.69" pos="75.52" lane="1/0to1/1_0" slope="0.00"/>
        <vehicle id="11" x="201.65" y="360.72" angle="180.00" type="DEFAULT_VEHTYPE" speed="12.91" pos="155.97" lane="1/1to1/2_0" slope="0.00"/>
        <vehicle id="12" x="515.98" y="401.65" angle="-90.00" type="DEFAULT_VEHTYPE" speed="12.85" pos="79.27" lane="3/2to2/2_0" slope="0.00"/>
        <vehicle id="14" x="232.92" y="398.35" angle="90.00" type="DEFAULT_VEHTYPE" speed="13.64" pos="28.17" lane="1/2to2/2_0" slope="0.00"/>
        <vehicle id="15" x="198.35" y="362.39" angle="0.00" type="DEFAULT_VEHTYPE" speed="13.58" pos="32.86" lane="1/2to1/1_0" slope="0.00"/>
        <vehicle id="16" x="398.35" y="432.38" angle="0.00" type="DEFAULT_VEHTYPE" speed="13.48" pos="162.87" lane="2/3to2/2_0" slope="0.00"/>
        <vehicle id="17" x="88.99" y="401.65" angle="-90.00" type="DEFAULT_VEHTYPE" speed="13.24" pos="106.26" lane="1/2to0/2_0" slope="0.00"/>
        <vehicle id="18" x="269.80" y="401.65" angle="-90.00" type="DEFAULT_VEHTYPE" speed="13.76" pos="125.45" lane="2/2to1/2_0" slope="0.00"/>
        <vehicle id="19" x="185.49" y="398.35" angle="90.00" type="DEFAULT_VEHTYPE" speed="6.27" pos="185.49" lane="0/2to1/2_0" slope="0.00"/>
        <vehicle id="2" x="601.65" y="387.86" angle="180.00" type="DEFAULT_VEHTYPE" speed="4.89" pos="183.11" lane="3/1to3/2_0" slope="0.00"/>
        <vehicle id="20" x="381.83" y="198.35" angle="90.00" type="DEFAULT_VEHTYPE" speed="8.77" pos="177.08" lane="1/1to2/1_0" slope="0.00"/>
        <vehicle id="21" x="601.65" y="224.03" angle="180.00" type="DEFAULT_VEHTYPE" speed="9.89" pos="19.28" lane="3/1to3/2_0" slope="0.00"/>
        <vehicle id="22" x="578.30" y="401.65" angle="-90.00" type="DEFAULT_VEHTYPE" speed="11.16" pos="16.95" lane="3/2to2/2_0" slope="0.00"/>
        <vehicle id="23" x="198.35" y="156.92" angle="0.00" type="DEFAULT_VEHTYPE" speed="13.49" pos="38.33" lane="1/1to1/0_0" slope="0.00"/>
        <vehicle id="24" x="611.06" y="201.65" angle="-90.00" type="DEFAULT_VEHTYPE" speed="5.37" pos="188.94" lane="4/1to3/1_0" slope="0.00"/>
        <vehicle id="3" x="177.40" y="198.35" angle="90.00" type="DEFAULT_VEHTYPE" speed="6.62" pos="177.40" lane="0/1to1/1_0" slope="0.00"/>
        <vehicle id="4" x="194.80" y="198.35" angle="90.00" type="DEFAULT_VEHTYPE" speed="4.65" pos="194.80" lane="0/1to1/1_0" slope="0.00"/>
        <vehicle id="5" x="307.14" y="401.65" angle="-90.00" type="DEFAULT_VEHTYPE" speed="13.42" pos="88.11" lane="2/2to1/2_0" slope="0.00"/>
        <vehicle id="6" x="121.59" y="198.35" angle="90.00" type="DEFAULT_VEHTYPE" speed="12.99" pos="121.59" lane="0/1to1/1_0" slope="0.00"/>
        <vehicle id="7" x="398.35" y="767.15" angle="0.00" type="DEFAULT_VEHTYPE" speed="13.61" pos="32.85" lane="2/4to2/3_0" slope="0.00"/>
        <vehicle id="8" x="398.35" y="351.00" angle="0.00" type="DEFAULT_VEHTYPE" speed="13.72" pos="44.25" lane="2/2to2/1_0" slope="0.00"/>
        <vehicle id="9" x="652.33" y="198.35" angle="90.00" type="DEFAULT_VEHTYPE" speed="13.39" pos="47.58" lane="3/1to4/1_0" slope="0.00"/>
    </timestep>
    <timestep time="240.00">
        <vehicle id="0" x="601.65" y="341.27" angle="180.00" type="DEFAULT_VEHTYPE" speed="12.74" pos="136.52" lane="3/1to3/2_0" slope="0.00"/>
        <vehicle id="1" x="201.65" y="89.12" angle="180.00" type="DEFAULT_VEHTYPE" speed="13.61" pos="89.12" lane="1/0to1/1_0" slope="0.00"/>
        <vehicle id="11" x="201.65" y="373.69" angle="180.00" type="DEFAULT_VEHTYPE" speed="12.97" pos="168.94" lane="1/1to1/2_0" slope="0.00"/>
        <vehicle id="12" x="502.78" y="401.65" angle="-90.00" type="DEFAULT_VEHTYPE" speed="13.20" pos="92.47" lane="3/2to2/2_0" slope="0.00"/>
        <vehicle id="14" x="246.52" y="398.35" angle="90.00" type="DEFAULT_VEHTYPE" speed="13.61" pos="41.77" lane="1/2to2/2_0" slope="0.00"/>
        <vehicle id="15" x="198.35" y="349.63" angle="0.00" type="DEFAULT_VEHTYPE" speed="12.76" pos="45.62" lane="1/2to1/1_0" slope="0.00"/>
        <vehicle id="16" x="398.35" y="418.94" angle="0.00" type="DEFAULT_VEHTYPE" speed="13.44" pos="176.31" lane="2/3to2/2_0" slope="0.00"/>
        <vehicle id="17" x="75.35" y="401.65" angle="-90.00" type="DEFAULT_VEHTYPE" speed="13.64" pos="119.90" lane="1/2to0/2_0" slope="0.00"/>
        <vehicle id="18" x="257.02" y="401.65" angle="-90.00" type="DEFAULT_VEHTYPE" speed="12.77" pos="138.23" lane="2/2to1/2_0" slope="0.00"/>
        <vehicle id="19" x="189.92" y="398.35" angle="90.00" type="DEFAULT_VEHTYPE" speed="4.44" pos="189.92" lane="0/2to1/2_0" slope="0.00"/>
        <vehicle id="2" x="601.65" y="390.95" angle="180.00" type="DEFAULT_VEHTYPE" speed="3.09" pos="186.20" lane="3/1to3/2_0" slope="0.00"/>
        <vehicle id="20" x="387.24" y="198.35" angle="90.00" type="DEFAULT_VEHTYPE" speed="5.41" pos="182.49" lane="1/1to2/1_0" slope="0.00"/>
        <vehicle id="21" x="601.65" y="236.15" angle="180.00" type="DEFAULT_VEHTYPE" speed="12.13" pos="31.40" lane="3/1to3/2_0" slope="0.00"/>
        <vehicle id="22" x="565.69" y="401.65" angle="-90.00" type="DEFAULT_VEHTYPE" speed="12.61" pos="29.56" lane="3/2to2/2_0" slope="0.00"/>
        <vehicle id="23" x="198.35" y="144.15" angle="0.00" type="DEFAULT_VEHTYPE" speed="12.77" pos="51.10" lane="1/1to1/0_0" slope="0.00"/>
        <vehicle id="24" x="603.78" y="201.79" angle="-91.56" type="DEFAULT_VEHTYPE" speed="7.29" pos="0.98" lane=":3/1_4_0" slope="0.00"/>
        <vehicle id="3" x="183.52" y="198.35" angle="90.00" type="DEFAULT_VEHTYPE" speed="6.12" pos="183.52" lane="0/1to1/1_0" slope="0.00"/>
        <vehicle id="4" x="198.35" y="193.79" angle="21.07" type="DEFAULT_VEHTYPE" speed="6.91" pos="1.46" lane="1/1to1/0_0" slope="0.00"/>
        <vehicle id="5" x="293.48" y="401.65" angle="-90.00" type="DEFAULT_VEHTYPE" speed="13.66" pos="101.77" lane="2/2to1/2_0" slope="0.00"/>
        <vehicle id="6" x="135.29" y="198.35" angle="90.00" type="DEFAULT_VEHTYPE" speed="13.69" pos="135.29" lane="0/1to1/1_0" slope="0.00"/>
        <vehicle id="7" x="398.35" y="754.17" angle="0.00" type="DEFAULT_VEHTYPE" speed="12.98" pos="45.83" lane="2/4to2/3_0" slope="0.00"/>
        <vehicle id="8" x="398.35" y="338.01" angle="0.00" type="DEFAULT_VEHTYPE" speed="13.00" pos="57.24" lane="2/2to2/1_0" slope="0.00"/>
        <vehicle id="9" x="665.60" y="198.35" angle="90.00" type="DEFAULT_VEHTYPE" speed="13.27" pos="60.85" lane="3/1to4/1_0" slope="0.00"/>
    </timestep>
    <timestep time="241.00">
        <vehicle id="0" x="601.65" y="353.89" angle="180.00" type="DEFAULT_VEHTYPE" speed="12.62" pos="149.14" lane="3/1to3/2_0" slope="0.00"/>
        <vehicle id="1" x="201.65" y="102.16" angle="180.00" type="DEFAULT_VEHTYPE" speed="13.04" pos="102.16" lane="1/0to1/1_0" slope="0.00"/>
        <vehicle id="11" x="201.65" y="387.14" angle="180.00" type="DEFAULT_VEHTYPE" speed="13.45" pos="182.39" lane="1/1to1/2_0" slope="0.00"/>
        <vehicle id="12" x="489.30" y="401.65" angle="-90.00" type="DEFAULT_VEHTYPE" speed="13.48" pos="105.95" lane="3/2to2/2_0" slope="0.00"/>
        <vehicle id="14" x="260.24" y="398.35" angle="90.00" type="DEFAULT_VEHTYPE" speed="13.71" pos="55.49" lane="1/2to2/2_0" slope="0.00"/>
        <vehicle id="15" x="198.35" y="336.49" angle="0.00" type="DEFAULT_VEHTYPE" speed="13.14" pos="58.76" lane="1/2to1/1_0" slope="0.00"/>
        <vehicle id="16" x="398.35" y="405.10" angle="0.00" type="DEFAULT_VEHTYPE" speed="13.84" pos="190.15" lane="2/3to2/2_0" slope="0.00"/>
        <vehicle id="17" x="61.75" y="401.65" angle="-90.00" type="DEFAULT_VEHTYPE" speed="13.60" pos="133.50" lane="1/2to0/2_0" slope="0.00"/>
        <vehicle id="18" x="243.82" y="401.65" angle="-90.00" type="DEFAULT_VEHTYPE" speed="13.21" pos="151.43" lane="2/2to1/2_0" slope="0.00"/>
        <vehicle id="19" x="196.31" y="398.50" angle="91.74" type="DEFAULT_VEHTYPE" speed="6.39" pos="1.07" lane=":1/2_14_0" slope="0.00"/>
        <vehicle id="2" x="601.53" y="396.10" angle="-178.60" type="DEFAULT_VEHTYPE" speed="5.16" pos="0.86" lane=":3/2_10_0" slope="0.00"/>
        <vehicle id="20" x="390.50" y="198.35" angle="90.00" type="DEFAULT_VEHTYPE" speed="3.26" pos="185.75" lane="1/1to2/1_0" slope="0.00"/>
        <vehicle id="21" x="601.65" y="248.86" angle="180.00" type="DEFAULT_VEHTYPE" speed="12.71" pos="44.11" lane="3/1to3/2_0" slope="0.00"/>
        <vehicle id="22" x="552.82" y="401.65" angle="-90.00" type="DEFAULT_VEHTYPE" speed="12.88" pos="42.43" lane="3/2to2/2_0" slope="0.00"/>
        <vehicle id="23" x="198.35" y="131.39" angle="0.00" type="DEFAULT_VEHTYPE" speed="12.77" pos="63.86" lane="1/1to1/0_0" slope="0.00"/>
        <vehicle id="24" x="601.65" y="209.85" angle="180.00" type="DEFAULT_VEHTYPE" speed="9.12" pos="5.10" lane="3/1to3/2_0" slope="0.00"/>
        <vehicle id="3" x="188.79" y="198.35" angle="90.00" type="DEFAULT_VEHTYPE" speed="5.27" pos="188.79" lane="0/1to1/1_0" slope="0.00"/>
        <vehicle id="4" x="198.35" y="184.61" angle="0.00" type="DEFAULT_VEHTYPE" speed="9.18" pos="10.64" lane="1/1to1/0_0" slope="0.00"/>
        <vehicle id="5" x="279.58" y="401.65" angle="-90.00" type="DEFAULT_VEHTYPE" speed="13.89" pos="115.67" lane="2/2to1/2_0" slope="0.00"/>
        <vehicle id="6" x="148.50" y="198.35" angle="90.00" type="DEFAULT_VEHTYPE" speed="13.21" pos="148.50" lane="0/1to1/1_0" slope="0.00"/>
        <vehicle id="7" x="398.35" y="741.16" angle="0.00" type="DEFAULT_VEHTYPE" speed="13.01" pos="58.84" lane="2/4to2/3_0" slope="0.00"/>
        <vehicle id="8" x="398.35" y="324.41" angle="0.00" type="DEFAULT_VEHTYPE" speed="13.59" pos="70.84" lane="2/2to2/1_0" slope="0.00"/>
        <vehicle id="9" x="678.25" y="198.35" angle="90.00" type="DEFAULT_VEHTYPE" speed="12.65" pos="73.50" lane="3/1to4/1_0" slope="0.00"/>
    </timestep>
    <timestep time="242.00">
        <vehicle id="0" x="601.65" y="366.59" angle="180.00" type="DEFAULT_VEHTYPE" speed="12.70" pos="161.84" lane="3/1to3/2_0" slope="0.00"/>
        <vehicle id="1" x="201.65" y="115.94" angle="180.00" type="DEFAULT_VEHTYPE" speed="13.78" pos="115.94" lane="1/0to1/1_0" slope="0.00"/>
        <vehicle id="11" x="204.26" y="398.28" angle="143.44" type="DEFAULT_VEHTYPE" speed="12.62" pos="4.51" lane=":1/2_8_0" slope="0.00"/>
        <vehicle id="12" x="476.65" y="401.65" angle="-90.00" type="DEFAULT_VEHTYPE" speed="12.65" pos="118.60" lane="3/2to2/2_0" slope="0.00"/>
        <vehicle id="14" x="273.42" y="398.35" angle="90.00" type="DEFAULT_VEHTYPE" speed="13.19" pos="68.67" lane="1/2to2/2_0" slope="0.00"/>
        <vehicle id="15" x="198.35" y="323.71" angle="0.00" type="DEFAULT_VEHTYPE" speed="12.78" pos="71.54" lane="1/2to1/1_0" slope="0.00"/>
        <vehicle id="16" x="398.35" y="392.01" angle="0.00" type="DEFAULT_VEHTYPE" speed="13.09" pos="3.24" lane="2/2to2/1_0" slope="0.00"/>
        <vehicle id="17" x="47.99" y="401.65" angle="-90.00" type="DEFAULT_VEHTYPE" speed="13.76" pos="147.26" lane="1/2to0/2_0" slope="0.00"/>
        <vehicle id="18" x="230.21" y="401.65" angle="-90.00" type="DEFAULT_VEHTYPE" speed="13.61" pos="165.04" lane="2/2to1/2_0" slope="0.00"/>
        <vehicle id="19" x="201.52" y="403.81" angle="153.34" type="DEFAULT_VEHTYPE" speed="8.30" pos="9.37" lane=":1/2_14_0" slope="0.00"/>
        <vehicle id="2" x="597.59" y="401.32" angle="-131.28" type="DEFAULT_VEHTYPE" speed="7.09" pos="0.82" lane=":3/2_18_0" slope="0.00"/>
        <vehicle id="20" x="395.81" y="198.35" angle="90.00" type="DEFAULT_VEHTYPE" speed="5.31" pos="0.56" lane=":2/1_13_0" slope="0.00"/>
        <vehicle id="21" x="601.65" y="261.50" angle="180.00" type="DEFAULT_VEHTYPE" speed="12.64" pos="56.75" lane="3/1to3/2_0" slope="0.00"/>
        <vehicle id="22" x="539.37" y="401.65" angle="-90.00" type="DEFAULT_VEHTYPE" speed="13.45" pos="55.88" lane="3/2to2/2_0" slope="0.00"/>
        <vehicle id="23" x="198.35" y="117.74" angle="0.00" type="DEFAULT_VEHTYPE" speed="13.65" pos="77.51" lane="1/1to1/0_0" slope="0.00"/>
        <vehicle id="24" x="601.65" y="220.88" angle="180.00" type="DEFAULT_VEHTYPE" speed="11.03" pos="16.13" lane="3/1to3/2_0" slope="0.00"/>
        <vehicle id="3" x="195.97" y="198.25" angle="88.84" type="DEFAULT_VEHTYPE" speed="7.19" pos="0.73" lane=":1/1_12_0" slope="0.00"/>
        <vehicle id="4" x="198.35" y="174.02" angle="0.00" type="DEFAULT_VEHTYPE" speed="10.58" pos="21.23" lane="1/1to1/0_0" slope="0.00"/>
        <vehicle id="5" x="266.73" y="401.65" angle="-90.00" type="DEFAULT_VEHTYPE" speed="12.85" pos="128.52" lane="2/2to1/2_0" slope="0.00"/>
        <vehicle id="6" x="161.64" y="198.35" angle="90.00" type="DEFAULT_VEHTYPE" speed="13.15" pos="161.64" lane="0/1to1/1_0" slope="0.00"/>
        <vehicle id="7" x="398.35" y="727.86" angle="0.00" type="DEFAULT_VEHTYPE" speed="13.30" pos="72.14" lane="2/4to2/3_0" slope="0.00"/>
        <vehicle id="8" x="398.35" y="310.86" angle="0.00" type="DEFAULT_VEHTYPE" speed="13.55" pos="84.39" lane="2/2to2/1_0" slope="0.00"/>
        <vehicle id="9" x="691.18" y="198.35" angle="90.00" type="DEFAULT_VEHTYPE" speed="12.94" pos="86.43" lane="3/1to4/1_0" slope="0.00"/>
    </timestep>
    <timestep time="243.00">
        <vehicle id="0" x="601.65" y="377.21" angle="180.00" type="DEFAULT_VEHTYPE" speed="10.62" pos="172.46" lane="3/1to3/2_0" slope="0.00"/>
        <vehicle id="1" x="201.65" y="128.84" angle="180.00" type="DEFAULT_VEHTYPE" speed="12.90" pos="128.84" lane="1/0to1/1_0" slope="0.00"/>
        <vehicle id="11" x="217.37" y="398.35" angle="90.00" type="DEFAULT_VEHTYPE" speed="13.11" pos="12.62" lane="1/2to2/2_0" slope="0.00"/>
        <vehicle id="12" x="463.51" y="401.65" angle="-90.00" type="DEFAULT_VEHTYPE" speed="13.14" pos="131.74" lane="3/2to2/2_0" slope="0.00"/>
        <vehicle id="14" x="286.80" y="398.35" angle="90.00" type="DEFAULT_VEHTYPE" speed="13.38" pos="82.05" lane="1/2to2/2_0" slope="0.00"/>
        <vehicle id="15" x="198.35" y="310.98" angle="0.00" type="DEFAULT_VEHTYPE" speed="12.73" pos="84.27" lane="1/2to1/1_0" slope="0.00"/>
        <vehicle id="16" x="398.35" y="378.96" angle="0.00" type="DEFAULT_VEHTYPE" speed="13.04" pos="16.29" lane="2/2to2/1_0" slope="0.00"/>
        <vehicle id="17" x="35.02" y="401.65" angle="-90.00" type="DEFAULT_VEHTYPE" speed="12.96" pos="160.23" lane="1/2to0/2_0" slope="0.00"/>
        <vehicle id="18" x="220.12" y="401.65" angle="-90.00" type="DEFAULT_VEHTYPE" speed="10.09" pos="175.13" lane="2/2to1/2_0" slope="0.00"/>
        <vehicle id="19" x="201.65" y="413.49" angle="180.00" type="DEFAULT_VEHTYPE" speed="9.68" pos="8.74" lane="1/2to1/3_0" slope="0.00"/>
        <vehicle id="2" x="588.08" y="401.65" angle="-90.00" type="DEFAULT_VEHTYPE" speed="9.53" pos="7.17" lane="3/2to2/2_0" slope="0.00"/>
        <vehicle id="20" x="402.43" y="198.35" angle="90.00" type="DEFAULT_VEHTYPE" speed="6.62" pos="7.18" lane=":2/1_13_0" slope="0.00"/>
        <vehicle id="21" x="601.65" y="274.53" angle="180.00" type="DEFAULT_VEHTYPE" speed="13.03" pos="69.78" lane="3/1to3/2_0" slope="0.00"/>
        <vehicle id="22" x="526.43" y="401.65" angle="-90.00" type="DEFAULT_VEHTYPE" speed="12.94" pos="68.82" lane="3/2to2/2_0" slope="0.00"/>
        <vehicle id="23" x="198.35" y="104.00" angle="0.00" type="DEFAULT_VEHTYPE" speed="13.74" pos="91.25" lane="1/1to1/0_0" slope="0.00"/>
        <vehicle id="24" x="601.65" y="233.87" angle="180.00" type="DEFAULT_VEHTYPE" speed="12.98" pos="29.12" lane="3/1to3/2_0" slope="0.00"/>
        <vehicle id="3" x="198.35" y="190.25" angle="0.00" type="DEFAULT_VEHTYPE" speed="9.28" pos="5.00" lane="1/1to1/0_0" slope="0.00"/>
        <vehicle id="4" x="198.35" y="161.00" angle="0.00" type="DEFAULT_VEHTYPE" speed="13.02" pos="34.25" lane="1/1to1/0_0" slope="0.00"/>
        <vehicle id="5" x="253.71" y="401.65" angle="-90.00" type="DEFAULT_VEHTYPE" speed="13.01" pos="141.54" lane="2/2to1/2_0" slope="0.00"/>
        <vehicle id="6" x="173.94" y="198.35" angle="90.00" type="DEFAULT_VEHTYPE" speed="12.29" pos="173.94" lane="0/1to1/1_0" slope="0.00"/>
        <vehicle id="7" x="398.35" y="714.41" angle="0.00" type="DEFAULT_VEHTYPE" speed="13.45" pos="85.59" lane="2/4to2/3_0" slope="0.00"/>
        <vehicle id="8" x="398.35" y="297.68" angle="0.00" type="DEFAULT_VEHTYPE" speed="13.19" pos="97.57" lane="2/2to2/1_0" slope="0.00"/>
        <vehicle id="9" x="703.93" y="198.35" angle="90.00" type="DEFAULT_VEHTYPE" speed="12.74" pos="99.18" lane="3/1to4/1_0" slope="0.00"/>
    </timestep>
    <timestep time="244.00">
        <vehicle id="0" x="601.65" y="384.63" angle="180.00" type="DEFAULT_VEHTYPE" speed="7.42" pos="179.88" lane="3/1to3/2_0" slope="0.00"/>
        <vehicle id="1" x="201.65" y="142.26" angle="180.00" type="DEFAULT_VEHTYPE" speed="13.42" pos="142.26" lane="1/0to1/1_0" slope="0.00"/>
        <vehicle id="11" x="231.08" y="398.35" angle="90.00" type="DEFAULT_VEHTYPE" speed="13.72" pos="26.33" lane="1/2to2/2_0" slope="0.00"/>
        <vehicle id="12" x="450.60" y="401.65" angle="-90.00" type="DEFAULT_VEHTYPE" speed="12.91" pos="144.65" lane="3/2to2/2_0" slope="0.00"/>
        <vehicle id="14" x="300.14" y="398.35" angle="90.00" type="DEFAULT_VEHTYPE" speed="13.33" pos="95.39" lane="1/2to2/2_0" slope="0.00"/>
        <vehicle id="15" x="198.35" y="297.65" angle="0.00" type="DEFAULT_VEHTYPE" speed="13.34" pos="97.60" lane="1/2to1/1_0" slope="0.00"/>
        <vehicle id="16" x="398.35" y="365.87" angle="0.00" type="DEFAULT_VEHTYPE" speed="13.09" pos="29.38" lane="2/2to2/1_0" slope="0.00"/>
        <vehicle id="17" x="21.54" y="401.65" angle="-90.00" type="DEFAULT_VEHTYPE" speed="13.49" pos="173.71" lane="1/2to0/2_0" slope="0.00"/>
        <vehicle id="18" x="213.32" y="401.65" angle="-90.00" type="DEFAULT_VEHTYPE" speed="6.79" pos="181.93" lane="2/2to1/2_0" slope="0.00"/>
        <vehicle id="19" x="201.65" y="425.21" angle="180.00" type="DEFAULT_VEHTYPE" speed="11.72" pos="20.46" lane="1/2to1/3_0" slope="0.00"/>
        <vehicle id="2" x="575.95" y="401.65" angle="-90.00" type="DEFAULT_VEHTYPE" speed="12.13" pos="19.30" lane="3/2to2/2_0" slope="0.00"/>
        <vehicle id="20" x="411.49" y="198.35" angle="90.00" type="DEFAULT_VEHTYPE" speed="9.06" pos="6.74" lane="2/1to3/1_0" slope="0.00"/>
        <vehicle id="21" x="601.65" y="288.38" angle="180.00" type="DEFAULT_VEHTYPE" speed="13.84" pos="83.63" lane="3/1to3/2_0" slope="0.00"/>
        <vehicle id="22" x="513.16" y="401.65" angle="-90.00" type="DEFAULT_VEHTYPE" speed="13.27" pos="82.09" lane="3/2to2/2_0" slope="0.00"/>
        <vehicle id="23" x="198.35" y="91.16" angle="0.00" type="DEFAULT_VEHTYPE" speed="12.84" pos="104.09" lane="1/1to1/0_0" slope="0.00"/>
        <vehicle id="24" x="601.65" y="246.82" angle="180.00" type="DEFAULT_VEHTYPE" speed="12.95" pos="42.07" lane="3/1to3/2_0" slope="0.00"/>
        <vehicle id="3" x="198.35" y="178.65" angle="0.00" type="DEFAULT_VEHTYPE" speed="11.60" pos="16.60" lane="1/1to1/0_0" slope="0.00"/>
        <vehicle id="4" x="198.35" y="147.57" angle="0.00" type="DEFAULT_VEHTYPE" speed="13.43" pos="47.68" lane="1/1to1/0_0" slope="0.00"/>
        <vehicle id="5" x="240.51" y="401.65" angle="-90.00" type="DEFAULT_VEHTYPE" speed="13.20" pos="154.74" lane="2/2to1/2_0" slope="0.00"/>
        <vehicle id="6" x="182.48" y="198.35" angle="90.00" type="DEFAULT_VEHTYPE" speed="8.55" pos="182.48" lane="0/1to1/1_0" slope="0.00"/>
        <vehicle id="7" x="398.35" y="701.04" angle="0.00" type="DEFAULT_VEHTYPE" speed="13.37" pos="98.96" lane="2/4to2/3_0" slope="0.00"/>
        <vehicle id="8" x="398.35" y="284.35" angle="0.00" type="DEFAULT_VEHTYPE" speed="13.32" pos="110.90" lane="2/2to2/1_0" slope="0.00"/>
        <vehicle id="9" x="717.15" y="198.35" angle="90.00" type="DEFAULT_VEHTYPE" speed="13.23" pos="112.40" lane="3/1to4/1_0" slope="0.00"/>
    </timestep>
    <timestep time="245.00">
        <vehicle id="0" x="601.65" y="388.90" angle="180.00" type="DEFAULT_VEHTYPE" speed="4.27" pos="184.15" lane="3/1to3/2_0" slope="0.00"/>
        <vehicle id="1" x="201.65" y="155.51" angle="180.00" type="DEFAULT_VEHTYPE" speed="13.25" pos="155.51" lane="1/0to1/1_0" slope="0.00"/>
        <vehicle id="11" x="243.94" y="398.35" angle="90.00" type="DEFAULT_VEHTYPE" speed="12.86" pos="39.19" lane="1/2to2/2_0" slope="0.00"/>
        <vehicle id="12" x="436.76" y="401.65" angle="-90.00" type="DEFAULT_VEHTYPE" speed="13.84" pos="158.49" lane="3/2to2/2_0" slope="0.00"/>
        <vehicle id="14" x="313.65" y="398.35" angle="90.00" type="DEFAULT_VEHTYPE" speed="13.52" pos="108.90" lane="1/2to2/2_0" slope="0.00"/>
        <vehicle id="15" x="198.35" y="283.93" angle="0.00" type="DEFAULT_VEHTYPE" speed="13.71" pos="111.32" lane="1/2to1/1_0" slope="0.00"/>
        <vehicle id="16" x="398.35" y="352.38" angle="0.00" type="DEFAULT_VEHTYPE" speed="13.49" pos="42.87" lane="2/2to2/1_0" slope="0.00"/>
        <vehicle id="17" x="8.68" y="401.65" angle="-90.00" type="DEFAULT_VEHTYPE" speed="12.86" pos="186.57" lane="1/2to0/2_0" slope="0.00"/>
        <vehicle id="18" x="209.80" y="401.65" angle="-90.00" type="DEFAULT_VEHTYPE" speed="3.52" pos="185.45" lane="2/2to1/2_0" slope="0.00"/>
        <vehicle id="19" x="201.65" y="438.93" angle="180.00" type="DEFAULT_VEHTYPE" speed="13.72" pos="34.18" lane="1/2to1/3_0" slope="0.00"/>
        <vehicle id="2" x="563.15" y="401.65" angle="-90.00" type="DEFAULT_VEHTYPE" speed="12.80" pos="32.10" lane="3/2to2/2_0" slope="0.00"/>
        <vehicle id="20" x="422.58" y="198.35" angle="90.00" type="DEFAULT_VEHTYPE" speed="11.09" pos="17.83" lane="2/1to3/1_0" slope="0.00"/>
        <vehicle id="21" x="601.65" y="301.68" angle="180.00" type="DEFAULT_VEHTYPE" speed="13.31" pos="96.93" lane="3/1to3/2_0" slope="0.00"/>
        <vehicle id="22" x="499.79" y="401.65" angle="-90.00" type="DEFAULT_VEHTYPE" speed="13.37" pos="95.46" lane="3/2to2/2_0" slope="0.00"/>
        <vehicle id="23" x="198.35" y="78.21" angle="0.00" type="DEFAULT_VEHTYPE" speed="12.95" pos="117.04" lane="1/1to1/0_0" slope="0.00"/>
        <vehicle id="24" x="601.65" y="260.07" angle="180.00" type="DEFAULT_VEHTYPE" speed="13.25" pos="55.32" lane="3/1to3/2_0" slope="0.00"/>
        <vehicle id="3" x="198.35" y="165.09" angle="0.00" type="DEFAULT_VEHTYPE" speed="13.56" pos="30.16" lane="1/1to1/0_0" slope="0.00"/>
        <vehicle id="4" x="198.35" y="134.90" angle="0.00" type="DEFAULT_VEHTYPE" speed="12.67" pos="60.35" lane="1/1to1/0_0" slope="0.00"/>
        <vehicle id="5" x="229.11" y="401.65" angle="-90.00" type="DEFAULT_VEHTYPE" speed="11.40" pos="166.14" lane="2/2to1/2_0" slope="0.00"/>
        <vehicle id="6" x="188.56" y="198.35" angle="90.00" type="DEFAULT_VEHTYPE" speed="6.08" pos="188.56" lane="0/1to1/1_0" slope="0.00"/>
        <vehicle id="7" x="398.35" y="687.63" angle="0.00" type="DEFAULT_VEHTYPE" speed="13.41" pos="112.37" lane="2/4to2/3_0" slope="0.00"/>
        <vehicle id="8" x="398.35" y="270.90" angle="0.00" type="DEFAULT_VEHTYPE" speed="13.45" pos="124.35" lane="2/2to2/1_0" slope="0.00"/>
        <vehicle id="9" x="730.69" y="198.35" angle="90.00" type="DEFAULT_VEHTYPE" speed="13.53" pos="125.94" lane="3/1to4/1_0" slope="0.00"/>
    </timestep>
    <timestep time="246.00">
        <vehicle id="0" x="601.65" y="394.96" angle="180.00" type="DEFAULT_VEHTYPE" speed="6.06" pos="190.21" lane="3/1to3/2_0" slope="0.00"/>
        <vehicle id="1" x="201.65" y="168.50" angle="180.00" type="DEFAULT_VEHTYPE" speed="12.99" pos="168.50" lane="1/0to1/1_0" slope="0.00"/>
        <vehicle id="11" x="256.89" y="398.35" angle="90.00" type="DEFAULT_VEHTYPE" speed="12.94" pos="52.14" lane="1/2to2/2_0" slope="0.00"/>
        <vehicle id="12" x="425.54" y="401.65" angle="-90.00" type="DEFAULT_VEHTYPE" speed="11.22" pos="169.71" lane="3/2to2/2_0" slope="0.00"/>
        <vehicle id="14" x="326.35" y="398.35" angle="90.00" type="DEFAULT_VEHTYPE" speed="12.70" pos="121.60" lane="1/2to2/2_0" slope="0.00"/>
        <vehicle id="15" x="198.35" y="270.34" angle="0.00" type="DEFAULT_VEHTYPE" speed="13.59" pos="124.91" lane="1/2to1/1_0" slope="0.00"/>
        <vehicle id="16" x="398.35" y="338.77" angle="0.00" type="DEFAULT_VEHTYPE" speed="13.61" pos="56.48" lane="2/2to2/1_0" slope="0.00"/>
        <vehicle id="17" x="-0.50" y="398.69" angle="-23.58" type="DEFAULT_VEHTYPE" speed="12.89" pos="4.21" lane=":0/2_0_0" slope="0.00"/>
        <vehicle id="18" x="203.80" y="401.65" angle="-90.00" type="DEFAULT_VEHTYPE" speed="6.00" pos="0.95" lane=":1/2_5_0" slope="0.00"/>
        <vehicle id="19" x="201.65" y="452.03" angle="180.00" type="DEFAULT_VEHTYPE" speed="13.10" pos="47.28" lane="1/2to1/3_0" slope="0.00"/>
        <vehicle id="2" x="549.88" y="401.65" angle="-90.00" type="DEFAULT_VEHTYPE" speed="13.28" pos="45.37" lane="3/2to2/2_0" slope="0.00"/>
        <vehicle id="20" x="435.25" y="198.35" angle="90.00" type="DEFAULT_VEHTYPE" speed="12.67" pos="30.50" lane="2/1to3/1_0" slope="0.00"/>
        <vehicle id="21" x="601.65" y="315.53" angle="180.00" type="DEFAULT_VEHTYPE" speed="13.84" pos="110.78" lane="3/1to3/2_0" slope="0.00"/>
        <vehicle id="22" x="486.47" y="401.65" angle="-90.00" type="DEFAULT_VEHTYPE" speed="13.32" pos="108.78" lane="3/2to2/2_0" slope="0.00"/>
        <vehicle id="23" x="198.35" y="65.15" angle="0.00" type="DEFAULT_VEHTYPE" speed="13.06" pos="130.10" lane="1/1to1/0_0" slope="0.00"/>
        <vehicle id="24" x="601.65" y="272.71" angle="180.00" type="DEFAULT_VEHTYPE" speed="12.64" pos="67.96" lane="3/1to3/2_0" slope="0.00"/>
        <vehicle id="3" x="198.35" y="151.30" angle="0.00" type="DEFAULT_VEHTYPE" speed="13.78" pos="43.95" lane="1/1to1/0_0" slope="0.00"/>
        <vehicle id="4" x="198.35" y="122.13" angle="0.00" type="DEFAULT_VEHTYPE" speed="12.77" pos="73.12" lane="1/1to1/0_0" slope="0.00"/>
        <vehicle id="5" x="222.22" y="401.65" angle="-90.00" type="DEFAULT_VEHTYPE" speed="6.90" pos="173.03" lane="2/2to1/2_0" slope="0.00"/>
        <vehicle id="6" x="196.24" y="198.21" angle="88.41" type="DEFAULT_VEHTYPE" speed="7.69" pos="1.00" lane=":1/1_12_0" slope="0.00"/>
        <vehicle id="7" x="398.35" y="674.58" angle="0.00" type="DEFAULT_VEHTYPE" speed="13.06" pos="125.42" lane="2/4to2/3_0" slope="0.00"/>
        <vehicle id="8" x="398.35" y="257.88" angle="0.00" type="DEFAULT_VEHTYPE" speed="13.02" pos="137.37" lane="2/2to2/1_0" slope="0.00"/>
        <vehicle id="9" x="744.08" y="198.35" angle="90.00" type="DEFAULT_VEHTYPE" speed="13.40" pos="139.33" lane="3/1to4/1_0" slope="0.00"/>
    </timestep>
    <timestep time="247.00">
        <vehicle id="0" x="598.32" y="401.09" angle="-140.59" type="DEFAULT_VEHTYPE" speed="7.47" pos="0.04" lane=":3/2_18_0" slope="0.00"/>
        <vehicle id="1" x="201.65" y="181.68" angle="180.00" type="DEFAULT_VEHTYPE" speed="13.17" pos="181.68" lane="1/0to1/1_0" slope="0.00"/>
        <vehicle id="11" x="270.44" y="398.35" angle="90.00" type="DEFAULT_VEHTYPE" speed="13.56" pos="65.69" lane="1/2to2/2_0" slope="0.00"/>
        <vehicle id="12" x="416.64" y="401.65" angle="-90.00" type="DEFAULT_VEHTYPE" speed="8.90" pos="178.61" lane="3/2to2/2_0" slope="0.00"/>
        <vehicle id="14" x="339.90" y="398.35" angle="90.00" type="DEFAULT_VEHTYPE" speed="13.55" pos="135.15" lane="1/2to2/2_0" slope="0.00"/>
        <vehicle id="15" x="198.35" y="257.43" angle="0.00" type="DEFAULT_VEHTYPE" speed="12.91" pos="137.82" lane="1/2to1/1_0" slope="0.00"/>
        <vehicle id="16" x="398.35" y="325.62" angle="0.00" type="DEFAULT_VEHTYPE" speed="13.15" pos="69.63" lane="2/2to2/1_0" slope="0.00"/>
        <vehicle id="17" x="12.14" y="398.35" angle="90.00" type="DEFAULT_VEHTYPE" speed="12.75" pos="12.14" lane="0/2to1/2_0" slope="0.00"/>
        <vehicle id="18" x="196.32" y="401.65" angle="-90.00" type="DEFAULT_VEHTYPE" speed="7.48" pos="8.43" lane=":1/2_5_0" slope="0.00"/>
        <vehicle id="19" x="201.65" y="465.62" angle="180.00" type="DEFAULT_VEHTYPE" speed="13.59" pos="60.87" lane="1/2to1/3_0" slope="0.00"/>
        <vehicle id="2" x="536.23" y="401.65" angle="-90.00" type="DEFAULT_VEHTYPE" speed="13.64" pos="59.02" lane="3/2to2/2_0" slope="0.00"/>
        <vehicle id="20" x="449.14" y="198.35" angle="90.00" type="DEFAULT_VEHTYPE" speed="13.90" pos="44.39" lane="2/1to3/1_0" slope="0.00"/>
        <vehicle id="21" x="601.65" y="328.47" angle="180.00" type="DEFAULT_VEHTYPE" speed="12.94" pos="123.72" lane="3/1to3/2_0" slope="0.00"/>
        <vehicle id="22" x="472.59" y="401.65" angle="-90.00" type="DEFAULT_VEHTYPE" speed="13.88" pos="122.66" lane="3/2to2/2_0" slope="0.00"/>
        <vehicle id="23" x="198.35" y="51.46" angle="0.00" type="DEFAULT_VEHTYPE" speed="13.68" pos="143.79" lane="1/1to1/0_0" slope="0.00"/>
        <vehicle id="24" x="601.65" y="285.37" angle="180.00" type="DEFAULT_VEHTYPE" speed="12.66" pos="80.62" lane="3/1to3/2_0" slope="0.00"/>
        <vehicle id="3" x="198.35" y="138.46" angle="0.00" type="DEFAULT_VEHTYPE" speed="12.84" pos="56.79" lane="1/1to1/0_0" slope="0.00"/>
        <vehicle id="4" x="198.35" y="108.49" angle="0.00" type="DEFAULT_VEHTYPE" speed="13.63" pos="86.76" lane="1/1to1/0_0" slope="0.00"/>
        <vehicle id="5" x="215.42" y="401.65" angle="-90.00" type="DEFAULT_VEHTYPE" speed="6.79" pos="179.83" lane="2/2to1/2_0" slope="0.00"/>
        <vehicle id="6" x="198.35" y="189.16" angle="0.00" type="DEFAULT_VEHTYPE" speed="10.09" pos="6.09" lane="1/1to1/0_0" slope="0.00"/>
        <vehicle id="7" x="398.35" y="661.85" angle="0.00" type="DEFAULT_VEHTYPE" speed="12.72" pos="138.15" lane="2/4to2/3_0" slope="0.00"/>
        <vehicle id="8" x="398.35" y="245.08" angle="0.00" type="DEFAULT_VEHTYPE" speed="12.80" pos="150.17" lane="2/2to2/1_0" slope="0.00"/>
        <vehicle id="9" x="757.82" y="198.35" angle="90.00" type="DEFAULT_VEHTYPE" speed="13.74" pos="153.07" lane="3/1to4/1_0" slope="0.00"/>
    </timestep>
    <timestep time="248.00">
        <vehicle id="0" x="588.92" y="401.65" angle="-90.00" type="DEFAULT_VEHTYPE" speed="9.47" pos="6.33" lane="3/2to2/2_0" slope="0.00"/>
        <vehicle id="1" x="201.65" y="195.17" angle="180.00" type="DEFAULT_VEHTYPE" speed="13.49" pos="195.17" lane="1/0to1/1_0" slope="0.00"/>
        <vehicle id="11" x="283.93" y="398.35" angle="90.00" type="DEFAULT_VEHTYPE" speed="13.49" pos="79.18" lane="1/2to2/2_0" slope="0.00"/>
        <vehicle id="12" x="411.44" y="401.65" angle="-90.00" type="DEFAULT_VEHTYPE" speed="5.20" pos="183.81" lane="3/2to2/2_0" slope="0.00"/>
        <vehicle id="14" x="352.78" y="398.35" angle="90.00" type="DEFAULT_VEHTYPE" speed="12.89" pos="148.03" lane="1/2to2/2_0" slope="0.00"/>
        <vehicle id="15" x="198.35" y="243.81" angle="0.00" type="DEFAULT_VEHTYPE" speed="13.61" pos="151.44" lane="1/2to1/1_0" slope="0.00"/>
        <vehicle id="16" x="398.35" y="312.76" angle="0.00" type="DEFAULT_VEHTYPE" speed="12.86" pos="82.49" lane="2/2to2/1_0" slope="0.00"/>
        <vehicle id="17" x="25.65" y="398.35" angle="90.00" type="DEFAULT_VEHTYPE" speed="13.51" pos="25.65" lane="0/2to1/2_0" slope="0.00"/>
        <vehicle id="18" x="187.25" y="401.65" angle="-90.00" type="DEFAULT_VEHTYPE" speed="9.08" pos="8.00" lane="1/2to0/2_0" slope="0.00"/>
        <vehicle id="19" x="201.65" y="478.86" angle="180.00" type="DEFAULT_VEHTYPE" speed="13.24" pos="74.11" lane="1/2to1/3_0" slope="0.00"/>
        <vehicle id="2" x="522.96" y="401.65" angle="-90.00" type="DEFAULT_VEHTYPE" speed="13.27" pos="72.29" lane="3/2to2/2_0" slope="0.00"/>
        <vehicle id="20" x="462.33" y="198.35" angle="90.00" type="DEFAULT_VEHTYPE" speed="13.19" pos="57.58" lane="2/1to3/1_0" slope="0.00"/>
        <vehicle id="21" x="601.65" y="341.28" angle="180.00" type="DEFAULT_VEHTYPE" speed="12.81" pos="136.53" lane="3/1to3/2_0" slope="0.00"/>
        <vehicle id="22" x="459.83" y="401.65" angle="-90.00" type="DEFAULT_VEHTYPE" speed="12.75" pos="135.42" lane="3/2to2/2_0" slope="0.00"/>
        <vehicle id="23" x="198.35" y="38.59" angle="0.00" type="DEFAULT_VEHTYPE" speed="12.88" pos="156.66" lane="1/1to1/0_0" slope="0.00"/>
        <vehicle id="24" x="601.65" y="298.58" angle="180.00" type="DEFAULT_VEHTYPE" speed="13.21" pos="93.83" lane="3/1to3/2_0" slope="0.00"/>
        <vehicle id="3" x="198.35" y="125.37" angle="0.00" type="DEFAULT_VEHTYPE" speed="13.09" pos="69.88" lane="1/1to1/0_0" slope="0.00"/>
        <vehicle id="4" x="198.35" y="95.32" angle="0.00" type="DEFAULT_VEHTYPE" speed="13.18" pos="99.93" lane="1/1to1/0_0" slope="0.00"/>
        <vehicle id="5" x="210.81" y="401.65" angle="-90.00" type="DEFAULT_VEHTYPE" speed="4.61" pos="184.44" lane="2/2to1/2_0" slope="0.00"/>
        <vehicle id="6" x="198.35" y="176.90" angle="0.00" type="DEFAULT_VEHTYPE" speed="12.26" pos="18.35" lane="1/1to1/0_0" slope="0.00"/>
        <vehicle id="7" x="398.35" y="648.95" angle="0.00" type="DEFAULT_VEHTYPE" speed="12.90" pos="151.05" lane="2/4to2/3_0" slope="0.00"/>
        <vehicle id="8" x="398.35" y="231.18" angle="0.00" type="DEFAULT_VEHTYPE" speed="13.90" pos="164.07" lane="2/2to2/1_0" slope="0.00"/>
        <vehicle id="9" x="771.28" y="198.35" angle="90.00" type="DEFAULT_VEHTYPE" speed="13.46" pos="166.53" lane="3/1to4/1_0" slope="0.00"/>
    </timestep>
    <timestep time="249.00">
        <vehicle id="0" x="576.97" y="401.65" angle="-90.00" type="DEFAULT_VEHTYPE" speed="11.95" pos="18.28" lane="3/2to2/2_0" slope="0.00"/>
        <vehicle id="1" x="213.11" y="198.35" angle="90.00" type="DEFAULT_VEHTYPE" speed="13.44" pos="8.36" lane="1/1to2/1_0" slope="0.00"/>
        <vehicle id="11" x="297.67" y="398.35" angle="90.00" type="DEFAULT_VEHTYPE" speed="13.74" pos="92.92" lane="1/2to2/2_0" slope="0.00"/>
        <vehicle id="12" x="408.71" y="401.65" angle="-90.00" type="DEFAULT_VEHTYPE" speed="2.73" pos="186.54" lane="3/2to2/2_0" slope="0.00"/>
        <vehicle id="14" x="366.67" y="398.35" angle="90.00" type="DEFAULT_VEHTYPE" speed="13.88" pos="161.92" lane="1/2to2/2_0" slope="0.00"/>
        <vehicle id="15" x="198.35" y="230.96" angle="0.00" type="DEFAULT_VEHTYPE" speed="12.85" pos="164.29" lane="1/2to1/1_0" slope="0.00"/>
        <vehicle id="16" x="398.35" y="299.13" angle="0.00" type="DEFAULT_VEHTYPE" speed="13.63" pos="96.12" lane="2/2to2/1_0" slope="0.00"/>
        <vehicle id="17" x="39.55" y="398.35" angle="90.00" type="DEFAULT_VEHTYPE" speed="13.90" pos="39.55" lane="0/2to1/2_0" slope="0.00"/>
        <vehicle id="18" x="175.68" y="401.65" angle="-90.00" type="DEFAULT_VEHTYPE" speed="11.57" pos="19.57" lane="1/2to0/2_0" slope="0.00"/>
        <vehicle id="19" x="201.65" y="491.58" angle="180.00" type="DEFAULT_VEHTYPE" speed="12.72" pos="86.83" lane="1/2to1/3_0" slope="0.00"/>
        <vehicle id="2" x="509.52" y="401.65" angle="-90.00" type="DEFAULT_VEHTYPE" speed="13.45" pos="85.73" lane="3/2to2/2_0" slope="0.00"/>
        <vehicle id="20" x="474.94" y="198.35" angle="90.00" type="DEFAULT_VEHTYPE" speed="12.61" pos="70.19" lane="2/1to3/1_0" slope="0.00"/>
        <vehicle id="21" x="601.65" y="354.98" angle="180.00" type="DEFAULT_VEHTYPE" speed="13.70" pos="150.23" lane="3/1to3/2_0" slope="0.00"/>
        <vehicle id="22" x="446.12" y="401.65" angle="-90.00" type="DEFAULT_VEHTYPE" speed="13.71" pos="149.13" lane="3/2to2/2_0" slope="0.00"/>
        <vehicle id="23" x="198.35" y="24.99" angle="0.00" type="DEFAULT_VEHTYPE" speed="13.60" pos="170.26" lane="1/1to1/0_0" slope="0.00"/>
        <vehicle id="24" x="601.65" y="312.09" angle="180.00" type="DEFAULT_VEHTYPE" speed="13.51" pos="107.34" lane="3/1to3/2_0" slope="0.00"/>
        <vehicle id="3" x="198.35" y="111.76" angle="0.00" type="DEFAULT_VEHTYPE" speed="13.61" pos="83.49" lane="1/1to1/0_0" slope="0.00"/>
        <vehicle id="4" x="198.35" y="82.47" angle="0.00" type="DEFAULT_VEHTYPE" speed="12.85" pos="112.78" lane="1/1to1/0_0" slope="0.00"/>
        <vehicle id="5" x="204.09" y="401.65" angle="-90.00" type="DEFAULT_VEHTYPE" speed="6.72" pos="0.66" lane=":1/2_5_0" slope="0.00"/>
        <vehicle id="6" x="198.35" y="164.15" angle="0.00" type="DEFAULT_VEHTYPE" speed="12.75" pos="31.10" lane="1/1to1/0_0" slope="0.00"/>
        <vehicle id="7" x="398.35" y="635.12" angle="0.00" type="DEFAULT_VEHTYPE" speed="13.82" pos="164.88" lane="2/4to2/3_0" slope="0.00"/>
        <vehicle id="8" x="398.35" y="218.05" angle="0.00" type="DEFAULT_VEHTYPE" speed="13.13" pos="177.20" lane="2/2to2/1_0" slope="0.00"/>
        <vehicle id="9" x="784.27" y="198.35" angle="90.00" type="DEFAULT_VEHTYPE" speed="12.99" pos="179.52" lane="3/1to4/1_0" slope="0.00"/>
    </timestep>
    <timestep time="250.00">
        <vehicle id="0" x="564.26" y="401.65" angle="-90.00" type="DEFAULT_VEHTYPE" speed="12.72" pos="30.99" lane="3/2to2/2_0" slope="0.00"/>
        <vehicle id="1" x="226.69" y="198.35" angle="90.00" type="DEFAULT_VEHTYPE" speed="13.58" pos="21.94" lane="1/1to2/1_0" slope="0.00"/>
        <vehicle id="11" x="311.09" y="398.35" angle="90.00" type="DEFAULT_VEHTYPE" speed="13.42" pos="106.34" lane="1/2to2/2_0" slope="0.00"/>
        <vehicle id="12" x="407.62" y="401.65" angle="-90.00" type="DEFAULT_VEHTYPE" speed="1.08" pos="187.63" lane="3/2to2/2_0" slope="0.00"/>
        <vehicle id="14" x="377.74" y="398.35" angle="90.00" type="DEFAULT_VEHTYPE" speed="11.07" pos="172.99" lane="1/2to2/2_0" slope="0.00"/>
        <vehicle id="15" x="198.35" y="218.32" angle="0.00" type="DEFAULT_VEHTYPE" speed="12.65" pos="176.93" lane="1/2to1/1_0" slope="0.00"/>
        <vehicle id="16" x="398.35" y="285.37" angle="0.00" type="DEFAULT_VEHTYPE" speed="13.76" pos="109.88" lane="2/2to2/1_0" slope="0.00"/>
        <vehicle id="17" x="52.52" y="398.35" angle="90.00" type="DEFAULT_VEHTYPE" speed="12.97" pos="52.52" lane="0/2to1/2_0" slope="0.00"/>
        <vehicle id="18" x="162.32" y="401.65" angle="-90.00" type="DEFAULT_VEHTYPE" speed="13.36" pos="32.93" lane="1/2to0/2_0" slope="0.00"/>
        <vehicle id="19" x="201.65" y="505.22" angle="180.00" type="DEFAULT_VEHTYPE" speed="13.65" pos="100.47" lane="1/2to1/3_0" slope="0.00"/>
        <vehicle id="2" x="496.18" y="401.65" angle="-90.00" type="DEFAULT_VEHTYPE" speed="13.34" pos="99.07" lane="3/2to2/2_0" slope="0.00"/>
        <vehicle id="20" x="488.10" y="198.35" angle="90.00" type="DEFAULT_VEHTYPE" speed="13.17" pos="83.35" lane="2/1to3/1_0" slope="0.00"/>
        <vehicle id="21" x="601.65" y="368.59" angle="180.00" type="DEFAULT_VEHTYPE" speed="13.61" pos="163.84" lane="3/1to3/2_0" slope="0.00"/>
        <vehicle id="22" x="434.20" y="401.65" angle="-90.00" type="DEFAULT_VEHTYPE" speed="11.93" pos="161.05" lane="3/2to2/2_0" slope="0.00"/>
        <vehicle id="23" x="198.35" y="12.02" angle="0.00" type="DEFAULT_VEHTYPE" speed="12.96" pos="183.23" lane="1/1to1/0_0" slope="0.00"/>
        <vehicle id="24" x="601.65" y="324.79" angle="180.00" type="DEFAULT_VEHTYPE" speed="12.70" pos="120.04" lane="3/1to3/2_0" slope="0.00"/>
        <vehicle id="3" x="198.35" y="98.58" angle="0.00" type="DEFAULT_VEHTYPE" speed="13.18" pos="96.67" lane="1/1to1/0_0" slope="0.00"/>
        <vehicle id="4" x="198.35" y="69.23" angle="0.00" type="DEFAULT_VEHTYPE" speed="13.24" pos="126.02" lane="1/1to1/0_0" slope="0.00"/>
        <vehicle id="5" x="194.84" y="401.65" angle="-90.00" type="DEFAULT_VEHTYPE" speed="9.25" pos="0.41" lane="1/2to0/2_0" slope="0.00"/>
        <vehicle id="6" x="198.35" y="151.10" angle="0.00" type="DEFAULT_VEHTYPE" speed="13.05" pos="44.15" lane="1/1to1/0_0" slope="0.00"/>
        <vehicle id="7" x="398.35" y="621.59" angle="0.00" type="DEFAULT_VEHTYPE" speed="13.53" pos="178.41" lane="2/4to2/3_0" slope="0.00"/>
        <vehicle id="8" x="398.35" y="205.22" angle="0.00" type="DEFAULT_VEHTYPE" speed="12.83" pos="190.03" lane="2/2to2/1_0" slope="0.00"/>
        <vehicle id="9" x="797.29" y="198.35" angle="90.00" type="DEFAULT_VEHTYPE" speed="13.02" pos="192.54" lane="3/1to4/1_0" slope="0.00"/>
    </timestep>
    <timestep time="251.00">
        <vehicle id="0" x="550.82" y="401.65" angle="-90.00" type="DEFAULT_VEHTYPE" speed="13.44" pos="44.43" lane="3/2to2/2_0" slope="0.00"/>
        <vehicle id="1" x="239.50" y="198.35" angle="90.00" type="DEFAULT_VEHTYPE" speed="12.82" pos="34.75" lane="1/1to2/1_0" slope="0.00"/>
        <vehicle id="11" x="324.21" y="398.35" angle="90.00" type="DEFAULT_VEHTYPE" speed="13.12" pos="119.46" lane="1/2to2/2_0" slope="0.00"/>
        <vehicle id="12" x="407.38" y="401.65" angle="-90.00" type="DEFAULT_VEHTYPE" speed="0.25" pos="187.87" lane="3/2to2/2_0" slope="0.00"/>
        <vehicle id="14" x="384.59" y="398.35" angle="90.00" type="DEFAULT_VEHTYPE" speed="6.85" pos="179.84" lane="1/2to2/2_0" slope="0.00"/>
        <vehicle id="15" x="198.35" y="205.27" angle="0.00" type="DEFAULT_VEHTYPE" speed="13.04" pos="189.98" lane="1/2to1/1_0" slope="0.00"/>
        <vehicle id="16" x="398.35" y="271.87" angle="0.00" type="DEFAULT_VEHTYPE" speed="13.50" pos="123.38" lane="2/2to2/1_0" slope="0.00"/>
        <vehicle id="17" x="65.43" y="398.35" angle="90.00" type="DEFAULT_VEHTYPE" speed="12.91" pos="65.43" lane="0/2to1/2_0" slope="0.00"/>
        <vehicle id="18" x="148.62" y="401.65" angle="-90.00" type="DEFAULT_VEHTYPE" speed="13.70" pos="46.63" lane="1/2to0/2_0" slope="0.00"/>
        <vehicle id="19" x="201.65" y="517.93" angle="180.00" type="DEFAULT_VEHTYPE" speed="12.70" pos="113.18" lane="1/2to1/3_0" slope="0.00"/>
        <vehicle id="2" x="483.45" y="401.65" angle="-90.00" type="DEFAULT_VEHTYPE" speed="12.73" pos="111.80" lane="3/2to2/2_0" slope="0.00"/>
        <vehicle id="20" x="501.07" y="198.35" angle="90.00" type="DEFAULT_VEHTYPE" speed="12.97" pos="96.32" lane="2/1to3/1_0" slope="0.00"/>
        <vehicle id="21" x="601.65" y="379.07" angle="180.00" type="DEFAULT_VEHTYPE" speed="10.48" pos="174.32" lane="3/1to3/2_0" slope="0.00"/>
        <vehicle id="22" x="425.25" y="401.65" angle="-90.00" type="DEFAULT_VEHTYPE" speed="8.95" pos="170.00" lane="3/2to2/2_0" slope="0.00"/>
        <vehicle id="23" x="198.69" y="-0.52" angle="3.99" type="DEFAULT_VEHTYPE" speed="12.64" pos="0.62" lane=":1/0_0_0" slope="0.00"/>
        <vehicle id="24" x="601.65" y="337.39" angle="180.00" type="DEFAULT_VEHTYPE" speed="12.61" pos="132.64" lane="3/1to3/2_0" slope="0.00"/>
        <vehicle id="3" x="198.35" y="85.04" angle="0.00" type="DEFAULT_VEHTYPE" speed="13.54" pos="110.21" lane="1/1to1/0_0" slope="0.00"/>
        <vehicle id="4" x="198.35" y="56.61" angle="0.00" type="DEFAULT_VEHTYPE" speed="12.62" pos="138.64" lane="1/1to1/0_0" slope="0.00"/>
        <vehicle id="5" x="184.07" y="401.65" angle="-90.00" type="DEFAULT_VEHTYPE" speed="10.77" pos="11.18" lane="1/2to0/2_0" slope="0.00"/>
        <vehicle id="6" x="198.35" y="137.67" angle="0.00" type="DEFAULT_VEHTYPE" speed="13.43" pos="57.58" lane="1/1to1/0_0" slope="0.00"/>
        <vehicle id="7" x="398.35" y="608.61" angle="0.00" type="DEFAULT_VEHTYPE" speed="12.98" pos="191.39" lane="2/4to2/3_0" slope="0.00"/>
        <vehicle id="8" x="398.35" y="191.47" angle="0.00" type="DEFAULT_VEHTYPE" speed="13.75" pos="3.78" lane="2/1to2/0_0" slope="0.00"/>
        <vehicle id="9" x="794.90" y="201.65" angle="-90.00" type="DEFAULT_VEHTYPE" speed="12.63" pos="5.10" lane="4/1to3/1_0" slope="0.00"/>
    </timestep>
    <timestep time="252.00">
        <vehicle id="0" x="537.94" y="401.65" angle="-90.00" type="DEFAULT_VEHTYPE" speed="12.88" pos="57.31" lane="3/2to2/2_0" slope="0.00"/>
        <vehicle id="1" x="252.48" y="198.35" angle="90.00" type="DEFAULT_VEHTYPE" speed="12.98" pos="47.73" lane="1/1to2/1_0" slope="0.00"/>
        <vehicle id="11" x="337.74" y="398.35" angle="90.00" type="DEFAULT_VEHTYPE" speed="13.53" pos="132.99" lane="1/2to2/2_0" slope="0.00"/>
        <vehicle id="12" x="407.27" y="401.65" angle="-90.00" type="DEFAULT_VEHTYPE" speed="0.10" pos="187.98" lane="3/2to2/2_0" slope="0.00"/>
        <vehicle id="14" x="388.76" y="398.35" angle="90.00" type="DEFAULT_VEHTYPE" speed="4.17" pos="184.01" lane="1/2to2/2_0" slope="0.00"/>
        <vehicle id="15" x="187.18" y="201.65" angle="-90.00" type="DEFAULT_VEHTYPE" speed="13.60" pos="8.07" lane="1/1to0/1_0" slope="0.00"/>
        <vehicle id="16" x="398.35" y="258.28" angle="0.00" type="DEFAULT_VEHTYPE" speed="13.59" pos="136.97" lane="2/2to2/1_0" slope="0.00"/>
        <vehicle id="17" x="78.52" y="398.35" angle="90.00" type="DEFAULT_VEHTYPE" speed="13.09" pos="78.52" lane="0/2to1/2_0" slope="0.00"/>
        <vehicle id="18" x="135.36" y="401.65" angle="-90.00" type="DEFAULT_VEHTYPE" speed="13.26" pos="59.89" lane="1/2to0/2_0" slope="0.00"/>
        <vehicle id="19" x="201.65" y="531.81" angle="180.00" type="DEFAULT_VEHTYPE" speed="13.89" pos="127.06" lane="1/2to1/3_0" slope="0.00"/>
        <vehicle id="2" x="470.79" y="401.65" angle="-90.00" type="DEFAULT_VEHTYPE" speed="12.66" pos="124.46" lane="3/2to2/2_0" slope="0.00"/>
        <vehicle id="20" x="514.27" y="198.35" angle="90.00" type="DEFAULT_VEHTYPE" speed="13.20" pos="109.52" lane="2/1to3/1_0" slope="0.00"/>
        <vehicle id="21" x="601.65" y="385.46" angle="180.00" type="DEFAULT_VEHTYPE" speed="6.39" pos="180.71" lane="3/1to3/2_0" slope="0.00"/>
        <vehicle id="22" x="419.37" y="401.65" angle="-90.00" type="DEFAULT_VEHTYPE" speed="5.88" pos="175.88" lane="3/2to2/2_0" slope="0.00"/>
        <vehicle id="23" x="201.65" y="8.94" angle="180.00" type="DEFAULT_VEHTYPE" speed="13.15" pos="8.94" lane="1/0to1/1_0" slope="0.00"/>
        <vehicle id="24" x="601.65" y="350.28" angle="180.00" type="DEFAULT_VEHTYPE" speed="12.89" pos="145.53" lane="3/1to3/2_0" slope="0.00"/>
        <vehicle id="3" x="198.35" y="72.10" angle="0.00" type="DEFAULT_VEHTYPE" speed="12.94" pos="123.15" lane="1/1to1/0_0" slope="0.00"/>
        <vehicle id="4" x="198.35" y="43.44" angle="0.00" type="DEFAULT_VEHTYPE" speed="13.18" pos="151.81" lane="1/1to1/0_0" slope="0.00"/>
        <vehicle id="5" x="171.00" y="401.65" angle="-90.00" type="DEFAULT_VEHTYPE" speed="13.07" pos="24.25" lane="1/2to0/2_0" slope="0.00"/>
        <vehicle id="6" x="198.35" y="124.81" angle="0.00" type="DEFAULT_VEHTYPE" speed="12.87" pos="70.44" lane="1/1to1/0_0" slope="0.00"/>
        <vehicle id="7" x="398.35" y="594.80" angle="0.00" type="DEFAULT_VEHTYPE" speed="13.82" pos="0.45" lane="2/3to2/2_0" slope="0.00"/>
        <vehicle id="8" x="398.35" y="178.00" angle="0.00" type="DEFAULT_VEHTYPE" speed="13.48" pos="17.25" lane="2/1to2/0_0" slope="0.00"/>
        <vehicle id="9" x="781.18" y="201.65" angle="-90.00" type="DEFAULT_VEHTYPE" speed="13.72" pos="18.82" lane="4/1to3/1_0" slope="0.00"/>
    </timestep>
    <timestep time="253.00">
        <vehicle id="0" x="524.55" y="401.65" angle="-90.00" type="DEFAULT_VEHTYPE" speed="13.39" pos="70.70" lane="3/2to2/2_0" slope="0.00"/>
        <vehicle id="1" x="266.01" y="198.35" angle="90.00" type="DEFAULT_VEHTYPE" speed="13.53" pos="61.26" lane="1/1to2/1_0" slope="0.00"/>
        <vehicle id="11" x="350.69" y="398.35" angle="90.00" type="DEFAULT_VEHTYPE" speed="12.96" pos="145.94" lane="1/2to2/2_0" slope="0.00"/>
        <vehicle id="12" x="407.25" y="401.65" angle="-90.00" type="DEFAULT_VEHTYPE" speed="0.02" pos="188.00" lane="3/2to2/2_0" slope="0.00"/>
        <vehicle id="14" x="395.36" y="398.33" angle="89.82" type="DEFAULT_VEHTYPE" speed="6.60" pos="0.11" lane=":2/2_12_0" slope="0.00"/>
        <vehicle id="15" x="173.49" y="201.65" angle="-90.00" type="DEFAULT_VEHTYPE" speed="13.69" pos="21.76" lane="1/1to0/1_0" slope="0.00"/>
        <vehicle id="16" x="398.35" y="245.31" angle="0.00" type="DEFAULT_VEHTYPE" speed="12.96" pos="149.94" lane="2/2to2/1_0" slope="0.00"/>
        <vehicle id="17" x="91.55" y="398.35" angle="90.00" type="DEFAULT_VEHTYPE" speed="13.03" pos="91.55" lane="0/2to1/2_0" slope="0.00"/>
        <vehicle id="18" x="122.37" y="401.65" angle="-90.00" type="DEFAULT_VEHTYPE" speed="12.99" pos="72.88" lane="1/2to0/2_0" slope="0.00"/>
        <vehicle id="19" x="201.65" y="544.56" angle="180.00" type="DEFAULT_VEHTYPE" speed="12.75" pos="139.81" lane="1/2to1/3_0" slope="0.00"/>
        <vehicle id="2" x="457.55" y="401.65" angle="-90.00" type="DEFAULT_VEHTYPE" speed="13.24" pos="137.70" lane="3/2to2/2_0" slope="0.00"/>
        <vehicle id="20" x="527.86" y="198.35" angle="90.00" type="DEFAULT_VEHTYPE" speed="13.59" pos="123.11" lane="2/1to3/1_0" slope="0.00"/>
        <vehicle id="21" x="601.65" y="390.00" angle="180.00" type="DEFAULT_VEHTYPE" speed="4.54" pos="185.25" lane="3/1to3/2_0" slope="0.00"/>
        <vehicle id="22" x="416.93" y="401.65" angle="-90.00" type="DEFAULT_VEHTYPE" speed="2.44" pos="178.32" lane="3/2to2/2_0" slope="0.00"/>
        <vehicle id="23" x="201.65" y="22.61" angle="180.00" type="DEFAULT_VEHTYPE" speed="13.67" pos="22.61" lane="1/0to1/1_0" slope="0.00"/>
        <vehicle id="24" x="601.65" y="363.34" angle="180.00" type="DEFAULT_VEHTYPE" speed="13.06" pos="158.59" lane="3/1to3/2_0" slope="0.00"/>
        <vehicle id="3" x="198.35" y="59.29" angle="0.00" type="DEFAULT_VEHTYPE" speed="12.81" pos="135.96" lane="1/1to1/0_0" slope="0.00"/>
        <vehicle id="4" x="198.35" y="30.03" angle="0.00" type="DEFAULT_VEHTYPE" speed="13.41" pos="165.22" lane="1/1to1/0_0" slope="0.00"/>
        <vehicle id="5" x="157.33" y="401.65" angle="-90.00" type="DEFAULT_VEHTYPE" speed="13.68" pos="37.92" lane="1/2to0/2_0" slope="0.00"/>
        <vehicle id="6" x="198.35" y="111.77" angle="0.00" type="DEFAULT_VEHTYPE" speed="13.04" pos="83.48" lane="1/1to1/0_0" slope="0.00"/>
        <vehicle id="7" x="398.35" y="581.76" angle="0.00" type="DEFAULT_VEHTYPE" speed="13.04" pos="13.49" lane="2/3to2/2_0" slope="0.00"/>
        <vehicle id="8" x="398.35" y="164.50" angle="0.00" type="DEFAULT_VEHTYPE" speed="13.50" pos="30.75" lane="2/1to2/0_0" slope="0.00"/>
        <vehicle id="9" x="767.61" y="201.65" angle="-90.00" type="DEFAULT_VEHTYPE" speed="13.57" pos="32.39" lane="4/1to3/1_0" slope="0.00"/>
    </timestep>
    <timestep time="254.00">
        <vehicle id="0" x="511.20" y="401.65" angle="-90.00" type="DEFAULT_VEHTYPE" speed="13.36" pos="84.05" lane="3/2to2/2_0" slope="0.00"/>
        <vehicle id="1" x="279.05" y="198.35" angle="90.00" type="DEFAULT_VEHTYPE" speed="13.04" pos="74.30" lane="1/1to2/1_0" slope="0.00"/>
        <vehicle id="11" x="364.20" y="398.35" angle="90.00" type="DEFAULT_VEHTYPE" speed="13.50" pos="159.45" lane="1/2to2/2_0" slope="0.00"/>
        <vehicle id="12" x="407.25" y="401.65" angle="-90.00" type="DEFAULT_VEHTYPE" speed="0.00" pos="188.00" lane="3/2to2/2_0" slope="0.00"/>
        <vehicle id="14" x="398.35" y="391.33" angle="1.73" type="DEFAULT_VEHTYPE" speed="8.80" pos="3.92" lane="2/2to2/1_0" slope="0.00"/>
        <vehicle id="15" x="160.05" y="201.65" angle="-90.00" type="DEFAULT_VEHTYPE" speed="13.44" pos="35.20" lane="1/1to0/1_0" slope="0.00"/>
        <vehicle id="16" x="398.35" y="231.47" angle="0.00" type="DEFAULT_VEHTYPE" speed="13.85" pos="163.78" lane="2/2to2/1_0" slope="0.00"/>
        <vehicle id="17" x="104.90" y="398.35" angle="90.00" type="DEFAULT_VEHTYPE" speed="13.34" pos="104.90" lane="0/2to1/2_0" slope="0.00"/>
        <vehicle id="18" x="108.89" y="401.65" angle="-90.00" type="DEFAULT_VEHTYPE" speed="13.49" pos="86.36" lane="1/2to0/2_0" slope="0.00"/>
        <vehicle id="19" x="201.65" y="558.36" angle="180.00" type="DEFAULT_VEHTYPE" speed="13.80" pos="153.61" lane="1/2to1/3_0" slope="0.00"/>
        <vehicle id="2" x="445.03" y="401.65" angle="-90.00" type="DEFAULT_VEHTYPE" speed="12.52" pos="150.22" lane="3/2to2/2_0" slope="0.00"/>
        <vehicle id="20" x="541.22" y="198.35" angle="90.00" type="DEFAULT_VEHTYPE" speed="13.36" pos="136.47" lane="2/1to3/1_0" slope="0.00"/>
        <vehicle id="21" x="601.56" y="395.91" angle="-178.92" type="DEFAULT_VEHTYPE" speed="5.92" pos="0.67" lane=":3/2_10_0" slope="0.00"/>
        <vehicle id="22" x="415.84" y="401.65" angle="-90.00" type="DEFAULT_VEHTYPE" speed="1.09" pos="179.41" lane="3/2to2/2_0" slope="0.00"/>
        <vehicle id="23" x="201.65" y="36.29" angle="180.00" type="DEFAULT_VEHTYPE" speed="13.68" pos="36.29" lane="1/0to1/1_0" slope="0.00"/>
        <vehicle id="24" x="601.65" y="373.71" angle="180.00" type="DEFAULT_VEHTYPE" speed="10.36" pos="168.96" lane="3/1to3/2_0" slope="0.00"/>
        <vehicle id="3" x="198.35" y="45.66" angle="0.00" type="DEFAULT_VEHTYPE" speed="13.63" pos="149.59" lane="1/1to1/0_0" slope="0.00"/>
        <vehicle id="4" x="198.35" y="16.97" angle="0.00" type="DEFAULT_VEHTYPE" speed="13.06" pos="178.28" lane="1/1to1/0_0" slope="0.00"/>
        <vehicle id="5" x="143.73" y="401.65" angle="-90.00" type="DEFAULT_VEHTYPE" speed="13.59" pos="51.52" lane="1/2to0/2_0" slope="0.00"/>
        <vehicle id="6" x="198.35" y="99.08" angle="0.00" type="DEFAULT_VEHTYPE" speed="12.69" pos="96.17" lane="1/1to1/0_0" slope="0.00"/>
        <vehicle id="7" x="398.35" y="568.89" angle="0.00" type="DEFAULT_VEHTYPE" speed="12.87" pos="26.36" lane="2/3to2/2_0" slope="0.00"/>
        <vehicle id="8" x="398.35" y="150.63" angle="0.00" type="DEFAULT_VEHTYPE" speed="13.88" pos="44.62" lane="2/1to2/0_0" slope="0.00"/>
        <vehicle id="9" x="754.57" y="201.65" angle="-90.00" type="DEFAULT_VEHTYPE" speed="13.04" pos="45.43" lane="4/1to3/1_0" slope="0.00"/>
    </timestep>
    <timestep time="255.00">
        <vehicle id="0" x="498.59" y="401.65" angle="-90.00" type="DEFAULT_VEHTYPE" speed="12.61" pos="96.66" lane="3/2to2/2_0" slope="0.00"/>
        <vehicle id="1" x="292.65" y="198.35" angle="90.00" type="DEFAULT_VEHTYPE" speed="13.61" pos="87.90" lane="1/1to2/1_0" slope="0.00"/>
        <vehicle id="11" x="375.45" y="398.35" angle="90.00" type="DEFAULT_VEHTYPE" speed="11.26" pos="170.70" lane="1/2to2/2_0" slope="0.00"/>
        <vehicle id="12" x="407.25" y="401.65" angle="-90.00" type="DEFAULT_VEHTYPE" speed="0.00" pos="188.00" lane="3/2to2/2_0" slope="0.00"/>
        <vehicle id="14" x="398.35" y="380.42" angle="0.00" type="DEFAULT_VEHTYPE" speed="10.92" pos="14.83" lane="2/2to2/1_0" slope="0.00"/>
        <vehicle id="15" x="146.55" y="201.65" angle="-90.00" type="DEFAULT_VEHTYPE" speed="13.49" pos="48.70" lane="1/1to0/1_0" slope="0.00"/>
        <vehicle id="16" x="398.35" y="217.77" angle="0.00" type="DEFAULT_VEHTYPE" speed="13.69" pos="177.48" lane="2/2to2/1_0" slope="0.00"/>
        <vehicle id="17" x="118.14" y="398.35" angle="90.00" type="DEFAULT_VEHTYPE" speed="13.24" pos="118.14" lane="0/2to1/2_0" slope="0.00"/>
        <vehicle id="18" x="96.19" y="401.65" angle="-90.00" type="DEFAULT_VEHTYPE" speed="12.69" pos="99.06" lane="1/2to0/2_0" slope="0.00"/>
        <vehicle id="19" x="201.65" y="571.76" angle="180.00" type="DEFAULT_VEHTYPE" speed="13.41" pos="167.01" lane="1/2to1/3_0" slope="0.00"/>
        <vehicle id="2" x="435.66" y="401.65" angle="-90.00" type="DEFAULT_VEHTYPE" speed="9.37" pos="159.59" lane="3/2to2/2_0" slope="0.00"/>
        <vehicle id="20" x="554.98" y="198.35" angle="90.00" type="DEFAULT_VEHTYPE" speed="13.77" pos="150.23" lane="2/1to3/1_0" slope="0.00"/>
        <vehicle id="21" x="597.46" y="401.33" angle="-129.91" type="DEFAULT_VEHTYPE" speed="7.42" pos="0.95" lane=":3/2_18_0" slope="0.00"/>
        <vehicle id="22" x="415.32" y="401.65" angle="-90.00" type="DEFAULT_VEHTYPE" speed="0.52" pos="179.93" lane="3/2to2/2_0" slope="0.00"/>
        <vehicle id="23" x="201.65" y="49.97" angle="180.00" type="DEFAULT_VEHTYPE" speed="13.68" pos="49.97" lane="1/0to1/1_0" slope="0.00"/>
        <vehicle id="24" x="601.65" y="382.04" angle="180.00" type="DEFAULT_VEHTYPE" speed="8.34" pos="177.29" lane="3/1to3/2_0" slope="0.00"/>
        <vehicle id="3" x="198.35" y="31.90" angle="0.00" type="DEFAULT_VEHTYPE" speed="13.76" pos="163.35" lane="1/1to1/0_0" slope="0.00"/>
        <vehicle id="4" x="198.35" y="3.30" angle="0.00" type="DEFAULT_VEHTYPE" speed="13.67" pos="191.95" lane="1/1to1/0_0" slope="0.00"/>
        <vehicle id="5" x="129.87" y="401.65" angle="-90.00" type="DEFAULT_VEHTYPE" speed="13.87" pos="65.38" lane="1/2to0/2_0" slope="0.00"/>
        <vehicle id="6" x="198.35" y="85.38" angle="0.00" type="DEFAULT_VEHTYPE" speed="13.70" pos="109.87" lane="1/1to1/0_0" slope="0.00"/>
        <vehicle id="7" x="398.35" y="555.33" angle="0.00" type="DEFAULT_VEHTYPE" speed="13.56" pos="39.92" lane="2/3to2/2_0" slope="0.00"/>
        <vehicle id="8" x="398.35" y="137.07" angle="0.00" type="DEFAULT_VEHTYPE" speed="13.56" pos="58.18" lane="2/1to2/0_0" slope="0.00"/>
        <vehicle id="9" x="741.14" y="201.65" angle="-90.00" type="DEFAULT_VEHTYPE" speed="13.43" pos="58.86" lane="4/1to3/1_0" slope="0.00"/>
    </timestep>
    <timestep time="256.00">
        <vehicle id="0" x="484.91" y="401.65" angle="-90.00" type="DEFAULT_VEHTYPE" speed="13.68" pos="110.34" lane="3/2to2/2_0" slope="0.00"/>
        <vehicle id="1" x="305.39" y="198.35" angle="90.00" type="DEFAULT_VEHTYPE" speed="12.74" pos="100.64" lane="1/1to2/1_0" slope="0.00"/>
        <vehicle id="11" x="384.00" y="398.35" angle="90.00" type="DEFAULT_VEHTYPE" speed="8.54" pos="179.25" lane="1/2to2/2_0" slope="0.00"/>
        <vehicle id="12" x="407.25" y="401.65" angle="-90.00" type="DEFAULT_VEHTYPE" speed="0.00" pos="188.00" lane="3/2to2/2_0" slope="0.00"/>
        <vehicle id="14" x="398.35" y="367.58" angle="0.00" type="DEFAULT_VEHTYPE" speed="12.84" pos="27.67" lane="2/2to2/1_0" slope="0.00"/>
        <vehicle id="15" x="133.83" y="201.65" angle="-90.00" type="DEFAULT_VEHTYPE" speed="12.72" pos="61.42" lane="1/1to0/1_0" slope="0.00"/>
        <vehicle id="16" x="398.25" y="204.05" angle="-1.11" type="DEFAULT_VEHTYPE" speed="13.73" pos="0.70" lane=":2/1_0_0" slope="0.00"/>
        <vehicle id="17" x="131.28" y="398.35" angle="90.00" type="DEFAULT_VEHTYPE" speed="13.14" pos="131.28" lane="0/2to1/2_0" slope="0.00"/>
        <vehicle id="18" x="82.63" y="401.65" angle="-90.00" type="DEFAULT_VEHTYPE" speed="13.56" pos="112.62" lane="1/2to0/2_0" slope="0.00"/>
        <vehicle id="19" x="201.65" y="585.36" angle="180.00" type="DEFAULT_VEHTYPE" speed="13.60" pos="180.61" lane="1/2to1/3_0" slope="0.00"/>
        <vehicle id="2" x="429.14" y="401.65" angle="-90.00" type="DEFAULT_VEHTYPE" speed="6.52" pos="166.11" lane="3/2to2/2_0" slope="0.00"/>
        <vehicle id="20" x="568.36" y="198.35" angle="90.00" type="DEFAULT_VEHTYPE" speed="13.38" pos="163.61" lane="2/1to3/1_0" slope="0.00"/>
        <vehicle id="21" x="588.43" y="401.65" angle="-90.00" type="DEFAULT_VEHTYPE" speed="9.05" pos="6.82" lane="3/2to2/2_0" slope="0.00"/>
        <vehicle id="22" x="414.80" y="401.65" angle="-90.00" type="DEFAULT_VEHTYPE" speed="0.52" pos="180.45" lane="3/2to2/2_0" slope="0.00"/>
        <vehicle id="23" x="201.65" y="62.80" angle="180.00" type="DEFAULT_VEHTYPE" speed="12.83" pos="62.80" lane="1/0to1/1_0" slope="0.00"/>
        <vehicle id="24" x="601.65" y="387.26" angle="180.00" type="DEFAULT_VEHTYPE" speed="5.22" pos="182.51" lane="3/1to3/2_0" slope="0.00"/>
        <vehicle id="3" x="198.35" y="18.33" angle="0.00" type="DEFAULT_VEHTYPE" speed="13.57" pos="176.92" lane="1/1to1/0_0" slope="0.00"/>
        <vehicle id="4" x="201.65" y="4.64" angle="177.64" type="DEFAULT_VEHTYPE" speed="12.75" pos="4.64" lane="1/0to1/1_0" slope="0.00"/>
        <vehicle id="5" x="116.00" y="401.65" angle="-90.00" type="DEFAULT_VEHTYPE" speed="13.87" pos="79.25" lane="1/2to0/2_0" slope="0.00"/>
        <vehicle id="6" x="198.35" y="71.93" angle="0.00" type="DEFAULT_VEHTYPE" speed="13.45" pos="123.32" lane="1/1to1/0_0" slope="0.00"/>
        <vehicle id="7" x="398.35" y="542.54" angle="0.00" type="DEFAULT_VEHTYPE" speed="12.80" pos="52.71" lane="2/3to2/2_0" slope="0.00"/>
        <vehicle id="8" x="398.35" y="123.42" angle="0.00" type="DEFAULT_VEHTYPE" speed="13.65" pos="71.83" lane="2/1to2/0_0" slope="0.00"/>
        <vehicle id="9" x="727.79" y="201.65" angle="-90.00" type="DEFAULT_VEHTYPE" speed="13.35" pos="72.21" lane="4/1to3/1_0" slope="0.00"/>
    </timestep>
    <timestep time="257.00">
        <vehicle id="0" x="472.29" y="401.65" angle="-90.00" type="DEFAULT_VEHTYPE" speed="12.62" pos="122.96" lane="3/2to2/2_0" slope="0.00"/>
        <vehicle id="1" x="318.83" y="198.35" angle="90.00" type="DEFAULT_VEHTYPE" speed="13.44" pos="114.08" lane="1/1to2/1_0" slope="0.00"/>
        <vehicle id="11" x="388.69" y="398.35" angle="90.00" type="DEFAULT_VEHTYPE" speed="4.70" pos="183.94" lane="1/2to2/2_0" slope="0.00"/>
        <vehicle id="12" x="407.25" y="401.65" angle="-90.00" type="DEFAULT_VEHTYPE" speed="0.00" pos="188.00" lane="3/2to2/2_0" slope="0.00"/>
        <vehicle id="14" x="398.35" y="354.53" angle="0.00" type="DEFAULT_VEHTYPE" speed="13.05" pos="40.72" lane="2/2to2/1_0" slope="0.00"/>
        <vehicle id="15" x="120.15" y="201.65" angle="-90.00" type="DEFAULT_VEHTYPE" speed="13.68" pos="75.10" lane="1/1to0/1_0" slope="0.00"/>
        <vehicle id="16" x="385.85" y="201.65" angle="-90.00" type="DEFAULT_VEHTYPE" speed="13.70" pos="9.40" lane="2/1to1/1_0" slope="0.00"/>
        <vehicle id="17" x="145.14" y="398.35" angle="90.00" type="DEFAULT_VEHTYPE" speed="13.86" pos="145.14" lane="0/2to1/2_0" slope="0.00"/>
        <vehicle id="18" x="69.73" y="401.65" angle="-90.00" type="DEFAULT_VEHTYPE" speed="12.90" pos="125.52" lane="1/2to0/2_0" slope="0.00"/>
        <vehicle id="19" x="202.90" y="597.87" angle="164.62" type="DEFAULT_VEHTYPE" speed="12.95" pos="3.06" lane=":1/3_8_0" slope="0.00"/>
        <vehicle id="2" x="425.68" y="401.65" angle="-90.00" type="DEFAULT_VEHTYPE" speed="3.46" pos="169.57" lane="3/2to2/2_0" slope="0.00"/>
        <vehicle id="20" x="579.33" y="198.35" angle="90.00" type="DEFAULT_VEHTYPE" speed="10.96" pos="174.58" lane="2/1to3/1_0" slope="0.00"/>
        <vehicle id="21" x="577.77" y="401.65" angle="-90.00" type="DEFAULT_VEHTYPE" speed="10.65" pos="17.48" lane="3/2to2/2_0" slope="0.00"/>
        <vehicle id="22" x="414.76" y="401.65" angle="-90.00" type="DEFAULT_VEHTYPE" speed="0.03" pos="180.49" lane="3/2to2/2_0" slope="0.00"/>
        <vehicle id="23" x="201.65" y="76.48" angle="180.00" type="DEFAULT_VEHTYPE" speed="13.68" pos="76.48" lane="1/0to1/1_0" slope="0.00"/>
        <vehicle id="24" x="601.65" y="390.55" angle="180.00" type="DEFAULT_VEHTYPE" speed="3.29" pos="185.80" lane="3/1to3/2_0" slope="0.00"/>
        <vehicle id="3" x="198.35" y="5.54" angle="0.00" type="DEFAULT_VEHTYPE" speed="12.79" pos="189.71" lane="1/1to1/0_0" slope="0.00"/>
        <vehicle id="4" x="201.65" y="18.40" angle="180.00" type="DEFAULT_VEHTYPE" speed="13.76" pos="18.40" lane="1/0to1/1_0" slope="0.00"/>
        <vehicle id="5" x="102.63" y="401.65" angle="-90.00" type="DEFAULT_VEHTYPE" speed="13.36" pos="92.62" lane="1/2to0/2_0" slope="0.00"/>
        <vehicle id="6" x="198.35" y="58.27" angle="0.00" type="DEFAULT_VEHTYPE" speed="13.66" pos="136.98" lane="1/1to1/0_0" slope="0.00"/>
        <vehicle id="7" x="398.35" y="529.25" angle="0.00" type="DEFAULT_VEHTYPE" speed="13.29" pos="66.00" lane="2/3to2/2_0" slope="0.00"/>
        <vehicle id="8" x="398.35" y="109.95" angle="0.00" type="DEFAULT_VEHTYPE" speed="13.47" pos="85.30" lane="2/1to2/0_0" slope="0.00"/>
        <vehicle id="9" x="713.97" y="201.65" angle="-90.00" type="DEFAULT_VEHTYPE" speed="13.83" pos="86.03" lane="4/1to3/1_0" slope="0.00"/>
    </timestep>
    <timestep time="258.00">
        <vehicle id="0" x="458.90" y="401.65" angle="-90.00" type="DEFAULT_VEHTYPE" speed="13.39" pos="136.35" lane="3/2to2/2_0" slope="0.00"/>
        <vehicle id="1" x="331.47" y="198.35" angle="90.00" type="DEFAULT_VEHTYPE" speed="12.64" pos="126.72" lane="1/1to2/1_0" slope="0.00"/>
        <vehicle id="11" x="394.96" y="398.35" angle="90.00" type="DEFAULT_VEHTYPE" speed="6.27" pos="190.21" lane="1/2to2/2_0" slope="0.00"/>
        <vehicle id="12" x="407.25" y="401.65" angle="-90.00" type="DEFAULT_VEHTYPE" speed="0.00" pos="188.00" lane="3/2to2/2_0" slope="0.00"/>
        <vehicle id="14" x="398.35" y="341.79" angle="0.00" type="DEFAULT_VEHTYPE" speed="12.74" pos="53.46" lane="2/2to2/1_0" slope="0.00"/>
        <vehicle id="15" x="107.46" y="201.65" angle="-90.00" type="DEFAULT_VEHTYPE" speed="12.69" pos="87.79" lane="1/1to0/1_0" slope="0.00"/>
        <vehicle id="16" x="372.22" y="201.65" angle="-90.00" type="DEFAULT_VEHTYPE" speed="13.63" pos="23.03" lane="2/1to1/1_0" slope="0.00"/>
        <vehicle id="17" x="158.53" y="398.35" angle="90.00" type="DEFAULT_VEHTYPE" speed="13.38" pos="158.53" lane="0/2to1/2_0" slope="0.00"/>
        <vehicle id="18" x="56.37" y="401.65" angle="-90.00" type="DEFAULT_VEHTYPE" speed="13.37" pos="138.88" lane="1/2to0/2_0" slope="0.00"/>
        <vehicle id="19" x="215.84" y="598.35" angle="90.00" type="DEFAULT_VEHTYPE" speed="13.03" pos="11.09" lane="1/3to2/3_0" slope="0.00"/>
        <vehicle id="2" x="424.20" y="401.65" angle="-90.00" type="DEFAULT_VEHTYPE" speed="1.48" pos="171.05" lane="3/2to2/2_0" slope="0.00"/>
        <vehicle id="20" x="586.30" y="198.35" angle="90.00" type="DEFAULT_VEHTYPE" speed="6.98" pos="181.55" lane="2/1to3/1_0" slope="0.00"/>
        <vehicle id="21" x="565.32" y="401.65" angle="-90.00" type="DEFAULT_VEHTYPE" speed="12.45" pos="29.93" lane="3/2to2/2_0" slope="0.00"/>
        <vehicle id="22" x="414.75" y="401.65" angle="-90.00" type="DEFAULT_VEHTYPE" speed="0.01" pos="180.50" lane="3/2to2/2_0" slope="0.00"/>
        <vehicle id="23" x="201.65" y="89.78" angle="180.00" type="DEFAULT_VEHTYPE" speed="13.31" pos="89.78" lane="1/0to1/1_0" slope="0.00"/>
        <vehicle id="24" x="601.56" y="395.86" angle="-179.00" type="DEFAULT_VEHTYPE" speed="5.32" pos="0.62" lane=":3/2_10_0" slope="0.00"/>
        <vehicle id="3" x="201.65" y="3.09" angle="165.09" type="DEFAULT_VEHTYPE" speed="13.46" pos="3.09" lane="1/0to1/1_0" slope="0.00"/>
        <vehicle id="4" x="201.65" y="31.59" angle="180.00" type="DEFAULT_VEHTYPE" speed="13.19" pos="31.59" lane="1/0to1/1_0" slope="0.00"/>
        <vehicle id="5" x="90.02" y="401.65" angle="-90.00" type="DEFAULT_VEHTYPE" speed="12.62" pos="105.23" lane="1/2to0/2_0" slope="0.00"/>
        <vehicle id="6" x="198.35" y="45.10" angle="0.00" type="DEFAULT_VEHTYPE" speed="13.18" pos="150.15" lane="1/1to1/0_0" slope="0.00"/>
        <vehicle id="7" x="398.35" y="515.99" angle="0.00" type="DEFAULT_VEHTYPE" speed="13.26" pos="79.26" lane="2/3to2/2_0" slope="0.00"/>
        <vehicle id="8" x="398.35" y="96.22" angle="0.00" type="DEFAULT_VEHTYPE" speed="13.73" pos="99.03" lane="2/1to2/0_0" slope="0.00"/>
        <vehicle id="9" x="700.51" y="201.65" angle="-90.00" type="DEFAULT_VEHTYPE" speed="13.46" pos="99.49" lane="4/1to3/1_0" slope="0.00"/>
    </timestep>
    <timestep time="259.00">
        <vehicle id="0" x="447.30" y="401.65" angle="-90.00" type="DEFAULT_VEHTYPE" speed="11.60" pos="147.95" lane="3/2to2/2_0" slope="0.00"/>
        <vehicle id="1" x="344.63" y="198.35" angle="90.00" type="DEFAULT_VEHTYPE" speed="13.17" pos="139.88" lane="1/1to2/1_0" slope="0.00"/>
        <vehicle id="11" x="398.35" y="392.46" angle="7.26" type="DEFAULT_VEHTYPE" speed="8.08" pos="2.79" lane="2/2to2/1_0" slope="0.00"/>
        <vehicle id="12" x="407.25" y="401.65" angle="-90.00" type="DEFAULT_VEHTYPE" speed="0.00" pos="188.00" lane="3/2to2/2_0" slope="0.00"/>
        <vehicle id="14" x="398.35" y="328.17" angle="0.00" type="DEFAULT_VEHTYPE" speed="13.62" pos="67.08" lane="2/2to2/1_0" slope="0.00"/>
        <vehicle id="15" x="94.70" y="201.65" angle="-90.00" type="DEFAULT_VEHTYPE" speed="12.77" pos="100.55" lane="1/1to0/1_0" slope="0.00"/>
        <vehicle id="16" x="358.55" y="201.65" angle="-90.00" type="DEFAULT_VEHTYPE" speed="13.67" pos="36.70" lane="2/1to1/1_0" slope="0.00"/>
        <vehicle id="17" x="171.82" y="398.35" angle="90.00" type="DEFAULT_VEHTYPE" speed="13.30" pos="171.82" lane="0/2to1/2_0" slope="0.00"/>
        <vehicle id="18" x="43.16" y="401.65" angle="-90.00" type="DEFAULT_VEHTYPE" speed="13.21" pos="152.09" lane="1/2to0/2_0" slope="0.00"/>
        <vehicle id="19" x="229.72" y="598.35" angle="90.00" type="DEFAULT_VEHTYPE" speed="13.88" pos="24.97" lane="1/3to2/3_0" slope="0.00"/>
        <vehicle id="2" x="423.36" y="401.65" angle="-90.00" type="DEFAULT_VEHTYPE" speed="0.85" pos="171.89" lane="3/2to2/2_0" slope="0.00"/>
        <vehicle id="20" x="590.58" y="198.35" angle="90.00" type="DEFAULT_VEHTYPE" speed="4.27" pos="185.83" lane="2/1to3/1_0" slope="0.00"/>
        <vehicle id="21" x="552.36" y="401.65" angle="-90.00" type="DEFAULT_VEHTYPE" speed="12.96" pos="42.89" lane="3/2to2/2_0" slope="0.00"/>
        <vehicle id="22" x="414.75" y="401.65" angle="-90.00" type="DEFAULT_VEHTYPE" speed="0.00" pos="180.50" lane="3/2to2/2_0" slope="0.00"/>
        <vehicle id="23" x="201.65" y="103.10" angle="180.00" type="DEFAULT_VEHTYPE" speed="13.31" pos="103.10" lane="1/0to1/1_0" slope="0.00"/>
        <vehicle id="24" x="597.03" y="401.40" angle="-125.51" type="DEFAULT_VEHTYPE" speed="7.90" pos="1.38" lane=":3/2_18_0" slope="0.00"/>
        <vehicle id="3" x="201.65" y="16.23" angle="180.00" type="DEFAULT_VEHTYPE" speed="13.14" pos="16.23" lane="1/0to1/1_0" slope="0.00"/>
        <vehicle id="4" x="201.65" y="44.48" angle="180.00" type="DEFAULT_VEHTYPE" speed="12.89" pos="44.48" lane="1/0to1/1_0" slope="0.00"/>
        <vehicle id="5" x="76.52" y="401.65" angle="-90.00" type="DEFAULT_VEHTYPE" speed="13.50" pos="118.73" lane="1/2to0/2_0" slope="0.00"/>
        <vehicle id="6" x="198.35" y="31.20" angle="0.00" type="DEFAULT_VEHTYPE" speed="13.90" pos="164.05" lane="1/1to1/0_0" slope="0.00"/>
        <vehicle id="7" x="398.35" y="502.84" angle="0.00" type="DEFAULT_VEHTYPE" speed="13.14" pos="92.41" lane="2/3to2/2_0" slope="0.00"/>
        <vehicle id="8" x="398.35" y="83.07" angle="0.00" type="DEFAULT_VEHTYPE" speed="13.15" pos="112.18" lane="2/1to2/0_0" slope="0.00"/>
        <vehicle id="9" x="687.21" y="201.65" angle="-90.00" type="DEFAULT_VEHTYPE" speed="13.29" pos="112.79" lane="4/1to3/1_0" slope="0.00"/>
    </timestep>
    <timestep time="260.00">
        <vehicle id="0" x="440.07" y="401.65" angle="-90.00" type="DEFAULT_VEHTYPE" speed="7.23" pos="155.18" lane="3/2to2/2_0" slope="0.00"/>
        <vehicle id="1" x="357.40" y="198.35" angle="90.00" type="DEFAULT_VEHTYPE" speed="12.76" pos="152.65" lane="1/1to2/1_0" slope="0.00"/>
        <vehicle id="11" x="398.35" y="382.75" angle="0.00" type="DEFAULT_VEHTYPE" speed="9.71" pos="12.50" lane="2/2to2/1_0" slope="0.00"/>
        <vehicle id="12" x="407.25" y="401.65" angle="-90.00" type="DEFAULT_VEHTYPE" speed="0.00" pos="188.00" lane="3/2to2/2_0" slope="0.00"/>
        <vehicle id="14" x="398.35" y="315.15" angle="0.00" type="DEFAULT_VEHTYPE" speed="13.02" pos="80.10" lane="2/2to2/1_0" slope="0.00"/>
        <vehicle id="15" x="81.96" y="201.65" angle="-90.00" type="DEFAULT_VEHTYPE" speed="12.74" pos="113.29" lane="1/1to0/1_0" slope="0.00"/>
        <vehicle id="16" x="345.50" y="201.65" angle="-90.00" type="DEFAULT_VEHTYPE" speed="13.05" pos="49.75" lane="2/1to1/1_0" slope="0.00"/>
        <vehicle id="17" x="181.00" y="398.35" angle="90.00" type="DEFAULT_VEHTYPE" speed="9.17" pos="181.00" lane="0/2to1/2_0" slope="0.00"/>
        <vehicle id="18" x="30.50" y="401.65" angle="-90.00" type="DEFAULT_VEHTYPE" speed="12.66" pos="164.75" lane="1/2to0/2_0" slope="0.00"/>
        <vehicle id="19" x="242.69" y="598.35" angle="90.00" type="DEFAULT_VEHTYPE" speed="12.97" pos="37.94" lane="1/3to2/3_0" slope="0.00"/>
        <vehicle id="2" x="422.48" y="401.65" angle="-90.00" type="DEFAULT_VEHTYPE" speed="0.87" pos="172.77" lane="3/2to2/2_0" slope="0.00"/>
        <vehicle id="20" x="596.60" y="198.35" angle="90.00" type="DEFAULT_VEHTYPE" speed="6.02" pos="1.35" lane=":3/1_13_0" slope="0.00"/>
        <vehicle id="21" x="539.69" y="401.65" angle="-90.00" type="DEFAULT_VEHTYPE" speed="12.67" pos="55.56" lane="3/2to2/2_0" slope="0.00"/>
        <vehicle id="22" x="414.75" y="401.65" angle="-90.00" type="DEFAULT_VEHTYPE" speed="0.00" pos="180.50" lane="3/2to2/2_0" slope="0.00"/>
        <vehicle id="23" x="201.65" y="116.39" angle="180.00" type="DEFAULT_VEHTYPE" speed="13.29" pos="116.39" lane="1/0to1/1_0" slope="0.00"/>
        <vehicle id="24" x="587.83" y="401.65" angle="-90.00" type="DEFAULT_VEHTYPE" speed="9.23" pos="7.42" lane="3/2to2/2_0" slope="0.00"/>
        <vehicle id="3" x="201.65" y="28.92" angle="180.00" type="DEFAULT_VEHTYPE" speed="12.69" pos="28.92" lane="1/0to1/1_0" slope="0.00"/>
        <vehicle id="4" x="201.65" y="57.19" angle="180.00" type="DEFAULT_VEHTYPE" speed="12.71" pos="57.19" lane="1/0to1/1_0" slope="0.00"/>
        <vehicle id="5" x="63.44" y="401.65" angle="-90.00" type="DEFAULT_VEHTYPE" speed="13.07" pos="131.81" lane="1/2to0/2_0" slope="0.00"/>
        <vehicle id="6" x="198.35" y="18.22" angle="0.00" type="DEFAULT_VEHTYPE" speed="12.98" pos="177.03" lane="1/1to1/0_0" slope="0.00"/>
        <vehicle id="7" x="398.35" y="489.10" angle="0.00" type="DEFAULT_VEHTYPE" speed="13.74" pos="106.15" lane="2/3to2/2_0" slope="0.00"/>
        <vehicle id="8" x="398.35" y="70.42" angle="0.00" type="DEFAULT_VEHTYPE" speed="12.65" pos="124.83" lane="2/1to2/0_0" slope="0.00"/>
        <vehicle id="9" x="674.49" y="201.65" angle="-90.00" type="DEFAULT_VEHTYPE" speed="12.72" pos="125.51" lane="4/1to3/1_0" slope="0.00"/>
    </timestep>
    <timestep time="261.00">
        <vehicle id="0" x="435.30" y="401.65" angle="-90.00" type="DEFAULT_VEHTYPE" speed="4.77" pos="159.95" lane="3/2to2/2_0" slope="0.00"/>
        <vehicle id="1" x="370.00" y="198.35" angle="90.00" type="DEFAULT_VEHTYPE" speed="12.61" pos="165.25" lane="1/1to2/1_0" slope="0.00"/>
        <vehicle id="11" x="398.35" y="370.94" angle="0.00" type="DEFAULT_VEHTYPE" speed="11.81" pos="24.31" lane="2/2to2/1_0" slope="0.00"/>
        <vehicle id="12" x="404.99" y="401.65" angle="-90.00" type="DEFAULT_VEHTYPE" speed="2.27" pos="190.26" lane="3/2to2/2_0" slope="0.00"/>
        <vehicle id="14" x="398.35" y="301.31" angle="0.00" type="DEFAULT_VEHTYPE" speed="13.84" pos="93.94" lane="2/2to2/1_0" slope="0.00"/>
        <vehicle id="15" x="68.33" y="201.65" angle="-90.00" type="DEFAULT_VEHTYPE" speed="13.63" pos="126.92" lane="1/1to0/1_0" slope="0.00"/>
        <vehicle id="16" x="331.61" y="201.65" angle="-90.00" type="DEFAULT_VEHTYPE" speed="13.88" pos="63.64" lane="2/1to1/1_0" slope="0.00"/>
        <vehicle id="17" x="187.46" y="398.35" angle="90.00" type="DEFAULT_VEHTYPE" speed="6.46" pos="187.46" lane="0/2to1/2_0" slope="0.00"/>
        <vehicle id="18" x="17.09" y="401.65" angle="-90.00" type="DEFAULT_VEHTYPE" speed="13.41" pos="178.16" lane="1/2to0/2_0" slope="0.00"/>
        <vehicle id="19" x="256.41" y="598.35" angle="90.00" type="DEFAULT_VEHTYPE" speed="13.72" pos="51.66" lane="1/3to2/3_0" slope="0.00"/>
        <vehicle id="2" x="422.29" y="401.65" angle="-90.00" type="DEFAULT_VEHTYPE" speed="0.19" pos="172.96" lane="3/2to2/2_0" slope="0.00"/>
        <vehicle id="20" x="603.93" y="198.35" angle="90.00" type="DEFAULT_VEHTYPE" speed="7.33" pos="8.68" lane=":3/1_13_0" slope="0.00"/>
        <vehicle id="21" x="525.88" y="401.65" angle="-90.00" type="DEFAULT_VEHTYPE" speed="13.81" pos="69.37" lane="3/2to2/2_0" slope="0.00"/>
        <vehicle id="22" x="414.75" y="401.65" angle="-90.00" type="DEFAULT_VEHTYPE" speed="0.00" pos="180.50" lane="3/2to2/2_0" slope="0.00"/>
        <vehicle id="23" x="201.65" y="129.50" angle="180.00" type="DEFAULT_VEHTYPE" speed="13.11" pos="129.50" lane="1/0to1/1_0" slope="0.00"/>
        <vehicle id="24" x="576.67" y="401.65" angle="-90.00" type="DEFAULT_VEHTYPE" speed="11.16" pos="18.58" lane="3/2to2/2_0" slope="0.00"/>
        <vehicle id="3" x="201.65" y="41.76" angle="180.00" type="DEFAULT_VEHTYPE" speed="12.84" pos="41.76" lane="1/0to1/1_0" slope="0.00"/>
        <vehicle id="4" x="201.65" y="70.21" angle="180.00" type="DEFAULT_VEHTYPE" speed="13.03" pos="70.21" lane="1/0to1/1_0" slope="0.00"/>
        <vehicle id="5" x="50.43" y="401.65" angle="-90.00" type="DEFAULT_VEHTYPE" speed="13.01" pos="144.82" lane="1/2to0/2_0" slope="0.00"/>
        <vehicle id="6" x="198.35" y="4.85" angle="0.00" type="DEFAULT_VEHTYPE" speed="13.37" pos="190.40" lane="1/1to1/0_0" slope="0.00"/>
        <vehicle id="7" x="398.35" y="476.08" angle="0.00" type="DEFAULT_VEHTYPE" speed="13.02" pos="119.17" lane="2/3to2/2_0" slope="0.00"/>
        <vehicle id="8" x="398.35" y="57.40" angle="0.00" type="DEFAULT_VEHTYPE" speed="13.02" pos="137.85" lane="2/1to2/0_0" slope="0.00"/>
        <vehicle id="9" x="660.79" y="201.65" angle="-90.00" type="DEFAULT_VEHTYPE" speed="13.70" pos="139.21" lane="4/1to3/1_0" slope="0.00"/>
    </timestep>
    <timestep time="262.00">
        <vehicle id="0" x="432.00" y="401.65" angle="-90.00" type="DEFAULT_VEHTYPE" speed="3.29" pos="163.25" lane="3/2to2/2_0" slope="0.00"/>
        <vehicle id="1" x="379.78" y="198.35" angle="90.00" type="DEFAULT_VEHTYPE" speed="9.78" pos="175.03" lane="1/1to2/1_0" slope="0.00"/>
        <vehicle id="11" x="398.35" y="358.17" angle="0.00" type="DEFAULT_VEHTYPE" speed="12.77" pos="37.08" lane="2/2to2/1_0" slope="0.00"/>
        <vehicle id="12" x="401.00" y="400.68" angle="-78.64" type="DEFAULT_VEHTYPE" speed="4.17" pos="3.93" lane=":2/2_6_0" slope="0.00"/>
        <vehicle id="14" x="398.35" y="287.52" angle="0.00" type="DEFAULT_VEHTYPE" speed="13.79" pos="107.73" lane="2/2to2/1_0" slope="0.00"/>
        <vehicle id="15" x="55.36" y="201.65" angle="-90.00" type="DEFAULT_VEHTYPE" speed="12.97" pos="139.89" lane="1/1to0/1_0" slope="0.00"/>
        <vehicle id="16" x="318.91" y="201.65" angle="-90.00" type="DEFAULT_VEHTYPE" speed="12.70" pos="76.34" lane="2/1to1/1_0" slope="0.00"/>
        <vehicle id="17" x="190.18" y="398.35" angle="90.00" type="DEFAULT_VEHTYPE" speed="2.72" pos="190.18" lane="0/2to1/2_0" slope="0.00"/>
        <vehicle id="18" x="3.88" y="401.65" angle="-90.00" type="DEFAULT_VEHTYPE" speed="13.21" pos="191.37" lane="1/2to0/2_0" slope="0.00"/>
        <vehicle id="19" x="270.00" y="598.35" angle="90.00" type="DEFAULT_VEHTYPE" speed="13.59" pos="65.25" lane="1/3to2/3_0" slope="0.00"/>
        <vehicle id="2" x="422.27" y="401.65" angle="-90.00" type="DEFAULT_VEHTYPE" speed="0.03" pos="172.98" lane="3/2to2/2_0" slope="0.00"/>
        <vehicle id="20" x="613.55" y="198.35" angle="90.00" type="DEFAULT_VEHTYPE" speed="9.61" pos="8.80" lane="3/1to4/1_0" slope="0.00"/>
        <vehicle id="21" x="512.93" y="401.65" angle="-90.00" type="DEFAULT_VEHTYPE" speed="12.95" pos="82.32" lane="3/2to2/2_0" slope="0.00"/>
        <vehicle id="22" x="413.30" y="401.65" angle="-90.00" type="DEFAULT_VEHTYPE" speed="1.46" pos="181.95" lane="3/2to2/2_0" slope="0.00"/>
        <vehicle id="23" x="201.65" y="142.69" angle="180.00" type="DEFAULT_VEHTYPE" speed="13.19" pos="142.69" lane="1/0to1/1_0" slope="0.00"/>
        <vehicle id="24" x="563.53" y="401.65" angle="-90.00" type="DEFAULT_VEHTYPE" speed="13.14" pos="31.72" lane="3/2to2/2_0" slope="0.00"/>
        <vehicle id="3" x="201.65" y="54.50" angle="180.00" type="DEFAULT_VEHTYPE" speed="12.74" pos="54.50" lane="1/0to1/1_0" slope="0.00"/>
        <vehicle id="4" x="201.65" y="82.82" angle="180.00" type="DEFAULT_VEHTYPE" speed="12.60" pos="82.82" lane="1/0to1/1_0" slope="0.00"/>
        <vehicle id="5" x="37.15" y="401.65" angle="-90.00" type="DEFAULT_VEHTYPE" speed="13.29" pos="158.10" lane="1/2to0/2_0" slope="0.00"/>
        <vehicle id="6" x="201.65" y="3.11" angle="165.33" type="DEFAULT_VEHTYPE" speed="12.78" pos="3.11" lane="1/0to1/1_0" slope="0.00"/>
        <vehicle id="7" x="398.35" y="462.88" angle="0.00" type="DEFAULT_VEHTYPE" speed="13.20" pos="132.37" lane="2/3to2/2_0" slope="0.00"/>
        <vehicle id="8" x="398.35" y="44.46" angle="0.00" type="DEFAULT_VEHTYPE" speed="12.94" pos="150.79" lane="2/1to2/0_0" slope="0.00"/>
        <vehicle id="9" x="647.12" y="201.65" angle="-90.00" type="DEFAULT_VEHTYPE" speed="13.67" pos="152.88" lane="4/1to3/1_0" slope="0.00"/>
    </timestep>
    <timestep time="263.00">
        <vehicle id="0" x="430.52" y="401.65" angle="-90.00" type="DEFAULT_VEHTYPE" speed="1.48" pos="164.73" lane="3/2to2/2_0" slope="0.00"/>
        <vehicle id="1" x="386.30" y="198.35" angle="90.00" type="DEFAULT_VEHTYPE" speed="6.51" pos="181.55" lane="1/1to2/1_0" slope="0.00"/>
        <vehicle id="11" x="398.35" y="344.88" angle="0.00" type="DEFAULT_VEHTYPE" speed="13.29" pos="50.37" lane="2/2to2/1_0" slope="0.00"/>
        <vehicle id="12" x="398.43" y="395.83" angle="-23.01" type="DEFAULT_VEHTYPE" speed="5.80" pos="9.73" lane=":2/2_6_0" slope="0.00"/>
        <vehicle id="14" x="398.35" y="274.28" angle="0.00" type="DEFAULT_VEHTYPE" speed="13.24" pos="120.97" lane="2/2to2/1_0" slope="0.00"/>
        <vehicle id="15" x="41.86" y="201.65" angle="-90.00" type="DEFAULT_VEHTYPE" speed="13.50" pos="153.39" lane="1/1to0/1_0" slope="0.00"/>
        <vehicle id="16" x="305.11" y="201.65" angle="-90.00" type="DEFAULT_VEHTYPE" speed="13.80" pos="90.14" lane="2/1to1/1_0" slope="0.00"/>
        <vehicle id="17" x="194.92" y="398.35" angle="90.00" type="DEFAULT_VEHTYPE" speed="4.74" pos="194.92" lane="0/2to1/2_0" slope="0.00"/>
        <vehicle id="18" x="4.43" y="398.35" angle="86.27" type="DEFAULT_VEHTYPE" speed="13.13" pos="4.43" lane="0/2to1/2_0" slope="0.00"/>
        <vehicle id="19" x="283.34" y="598.35" angle="90.00" type="DEFAULT_VEHTYPE" speed="13.34" pos="78.59" lane="1/3to2/3_0" slope="0.00"/>
        <vehicle id="2" x="421.13" y="401.65" angle="-90.00" type="DEFAULT_VEHTYPE" speed="1.13" pos="174.12" lane="3/2to2/2_0" slope="0.00"/>
        <vehicle id="20" x="624.75" y="198.35" angle="90.00" type="DEFAULT_VEHTYPE" speed="11.20" pos="20.00" lane="3/1to4/1_0" slope="0.00"/>
        <vehicle id="21" x="499.19" y="401.65" angle="-90.00" type="DEFAULT_VEHTYPE" speed="13.74" pos="96.06" lane="3/2to2/2_0" slope="0.00"/>
        <vehicle id="22" x="410.98" y="401.65" angle="-90.00" type="DEFAULT_VEHTYPE" speed="2.31" pos="184.27" lane="3/2to2/2_0" slope="0.00"/>
        <vehicle id="23" x="201.65" y="155.39" angle="180.00" type="DEFAULT_VEHTYPE" speed="12.70" pos="155.39" lane="1/0to1/1_0" slope="0.00"/>
        <vehicle id="24" x="550.89" y="401.65" angle="-90.00" type="DEFAULT_VEHTYPE" speed="12.65" pos="44.36" lane="3/2to2/2_0" slope="0.00"/>
        <vehicle id="3" x="201.65" y="68.23" angle="180.00" type="DEFAULT_VEHTYPE" speed="13.74" pos="68.23" lane="1/0to1/1_0" slope="0.00"/>
        <vehicle id="4" x="201.65" y="95.95" angle="180.00" type="DEFAULT_VEHTYPE" speed="13.13" pos="95.95" lane="1/0to1/1_0" slope="0.00"/>
        <vehicle id="5" x="24.22" y="401.65" angle="-90.00" type="DEFAULT_VEHTYPE" speed="12.92" pos="171.03" lane="1/2to0/2_0" slope="0.00"/>
        <vehicle id="6" x="201.65" y="16.80" angle="180.00" type="DEFAULT_VEHTYPE" speed="13.68" pos="16.80" lane="1/0to1/1_0" slope="0.00"/>
        <vehicle id="7" x="398.35" y="450.26" angle="0.00" type="DEFAULT_VEHTYPE" speed="12.62" pos="144.99" lane="2/3to2/2_0" slope="0.00"/>
        <vehicle id="8" x="398.35" y="31.55" angle="0.00" type="DEFAULT_VEHTYPE" speed="12.91" pos="163.70" lane="2/1to2/0_0" slope="0.00"/>
        <vehicle id="9" x="633.71" y="201.65" angle="-90.00" type="DEFAULT_VEHTYPE" speed="13.41" pos="166.29" lane="4/1to3/1_0" slope="0.00"/>
    </timestep>
    <timestep time="264.00">
        <vehicle id="0" x="428.94" y="401.65" angle="-90.00" type="DEFAULT_VEHTYPE" speed="1.58" pos="166.31" lane="3/2to2/2_0" slope="0.00"/>
        <vehicle id="1" x="389.50" y="198.35" angle="90.00" type="DEFAULT_VEHTYPE" speed="3.20" pos="184.75" lane="1/1to2/1_0" slope="0.00"/>
        <vehicle id="11" x="398.35" y="332.20" angle="0.00" type="DEFAULT_VEHTYPE" speed="12.68" pos="63.05" lane="2/2to2/1_0" slope="0.00"/>
        <vehicle id="12" x="398.35" y="388.21" angle="0.00" type="DEFAULT_VEHTYPE" speed="7.63" pos="7.04" lane="2/2to2/1_0" slope="0.00"/>
        <vehicle id="14" x="398.35" y="260.97" angle="0.00" type="DEFAULT_VEHTYPE" speed="13.31" pos="134.28" lane="2/2to2/1_0" slope="0.00"/>
        <vehicle id="15" x="28.24" y="201.65" angle="-90.00" type="DEFAULT_VEHTYPE" speed="13.62" pos="167.01" lane="1/1to0/1_0" slope="0.00"/>
        <vehicle id="16" x="292.27" y="201.65" angle="-90.00" type="DEFAULT_VEHTYPE" speed="12.84" pos="102.98" lane="2/1to1/1_0" slope="0.00"/>
        <vehicle id="17" x="200.51" y="400.72" angle="117.80" type="DEFAULT_VEHTYPE" speed="6.39" pos="6.06" lane=":1/2_14_0" slope="0.00"/>
        <vehicle id="18" x="17.86" y="398.35" angle="90.00" type="DEFAULT_VEHTYPE" speed="13.43" pos="17.86" lane="0/2to1/2_0" slope="0.00"/>
        <vehicle id="19" x="296.08" y="598.35" angle="90.00" type="DEFAULT_VEHTYPE" speed="12.74" pos="91.33" lane="1/3to2/3_0" slope="0.00"/>
        <vehicle id="2" x="419.16" y="401.65" angle="-90.00" type="DEFAULT_VEHTYPE" speed="1.98" pos="176.09" lane="3/2to2/2_0" slope="0.00"/>
        <vehicle id="20" x="637.88" y="198.35" angle="90.00" type="DEFAULT_VEHTYPE" speed="13.14" pos="33.13" lane="3/1to4/1_0" slope="0.00"/>
        <vehicle id="21" x="486.43" y="401.65" angle="-90.00" type="DEFAULT_VEHTYPE" speed="12.76" pos="108.82" lane="3/2to2/2_0" slope="0.00"/>
        <vehicle id="22" x="406.26" y="401.65" angle="-90.00" type="DEFAULT_VEHTYPE" speed="4.72" pos="188.99" lane="3/2to2/2_0" slope="0.00"/>
        <vehicle id="23" x="201.65" y="169.01" angle="180.00" type="DEFAULT_VEHTYPE" speed="13.61" pos="169.01" lane="1/0to1/1_0" slope="0.00"/>
        <vehicle id="24" x="537.38" y="401.65" angle="-90.00" type="DEFAULT_VEHTYPE" speed="13.50" pos="57.87" lane="3/2to2/2_0" slope="0.00"/>
        <vehicle id="3" x="201.65" y="81.88" angle="180.00" type="DEFAULT_VEHTYPE" speed="13.65" pos="81.88" lane="1/0to1/1_0" slope="0.00"/>
        <vehicle id="4" x="201.65" y="108.80" angle="180.00" type="DEFAULT_VEHTYPE" speed="12.85" pos="108.80" lane="1/0to1/1_0" slope="0.00"/>
        <vehicle id="5" x="10.65" y="401.65" angle="-90.00" type="DEFAULT_VEHTYPE" speed="13.57" pos="184.60" lane="1/2to0/2_0" slope="0.00"/>
        <vehicle id="6" x="201.65" y="30.03" angle="180.00" type="DEFAULT_VEHTYPE" speed="13.23" pos="30.03" lane="1/0to1/1_0" slope="0.00"/>
        <vehicle id="7" x="398.35" y="437.23" angle="0.00" type="DEFAULT_VEHTYPE" speed="13.03" pos="158.02" lane="2/3to2/2_0" slope="0.00"/>
        <vehicle id="8" x="398.35" y="18.80" angle="0.00" type="DEFAULT_VEHTYPE" speed="12.75" pos="176.45" lane="2/1to2/0_0" slope="0.00"/>
        <vehicle id="9" x="623.30" y="201.65" angle="-90.00" type="DEFAULT_VEHTYPE" speed="10.40" pos="176.70" lane="4/1to3/1_0" slope="0.00"/>
    </timestep>
    <timestep time="265.00">
        <vehicle id="0" x="427.22" y="401.65" angle="-90.00" type="DEFAULT_VEHTYPE" speed="1.72" pos="168.03" lane="3/2to2/2_0" slope="0.00"/>
        <vehicle id="1" x="394.23" y="198.35" angle="90.00" type="DEFAULT_VEHTYPE" speed="4.73" pos="189.48" lane="1/1to2/1_0" slope="0.00"/>
        <vehicle id="11" x="398.35" y="319.39" angle="0.00" type="DEFAULT_VEHTYPE" speed="12.81" pos="75.86" lane="2/2to2/1_0" slope="0.00"/>
        <vehicle id="12" x="398.35" y="378.94" angle="0.00" type="DEFAULT_VEHTYPE" speed="9.27" pos="16.31" lane="2/2to2/1_0" slope="0.00"/>
        <vehicle id="14" x="398.35" y="247.54" angle="0.00" type="DEFAULT_VEHTYPE" speed="13.43" pos="147.71" lane="2/2to2/1_0" slope="0.00"/>
        <vehicle id="15" x="14.44" y="201.65" angle="-90.00" type="DEFAULT_VEHTYPE" speed="13.79" pos="180.81" lane="1/1to0/1_0" slope="0.00"/>
        <vehicle id="16" x="278.46" y="201.65" angle="-90.00" type="DEFAULT_VEHTYPE" speed="13.81" pos="116.79" lane="2/1to1/1_0" slope="0.00"/>
        <vehicle id="17" x="201.65" y="409.41" angle="179.44" type="DEFAULT_VEHTYPE" speed="8.92" pos="4.66" lane="1/2to1/3_0" slope="0.00"/>
        <vehicle id="18" x="30.49" y="398.35" angle="90.00" type="DEFAULT_VEHTYPE" speed="12.63" pos="30.49" lane="0/2to1/2_0" slope="0.00"/>
        <vehicle id="19" x="308.76" y="598.35" angle="90.00" type="DEFAULT_VEHTYPE" speed="12.68" pos="104.01" lane="1/3to2/3_0" slope="0.00"/>
        <vehicle id="2" x="415.46" y="401.65" angle="-90.00" type="DEFAULT_VEHTYPE" speed="3.70" pos="179.79" lane="3/2to2/2_0" slope="0.00"/>
        <vehicle id="20" x="651.61" y="198.35" angle="90.00" type="DEFAULT_VEHTYPE" speed="13.73" pos="46.86" lane="3/1to4/1_0" slope="0.00"/>
        <vehicle id="21" x="473.34" y="401.65" angle="-90.00" type="DEFAULT_VEHTYPE" speed="13.09" pos="121.91" lane="3/2to2/2_0" slope="0.00"/>
        <vehicle id="22" x="399.45" y="401.65" angle="-90.00" type="DEFAULT_VEHTYPE" speed="6.81" pos="5.30" lane=":2/2_5_0" slope="0.00"/>
        <vehicle id="23" x="201.65" y="181.67" angle="180.00" type="DEFAULT_VEHTYPE" speed="12.66" pos="181.67" lane="1/0to1/1_0" slope="0.00"/>
        <vehicle id="24" x="524.06" y="401.65" angle="-90.00" type="DEFAULT_VEHTYPE" speed="13.32" pos="71.19" lane="3/2to2/2_0" slope="0.00"/>
        <vehicle id="3" x="201.65" y="94.51" angle="180.00" type="DEFAULT_VEHTYPE" speed="12.63" pos="94.51" lane="1/0to1/1_0" slope="0.00"/>
        <vehicle id="4" x="201.65" y="122.22" angle="180.00" type="DEFAULT_VEHTYPE" speed="13.42" pos="122.22" lane="1/0to1/1_0" slope="0.00"/>
        <vehicle id="5" x="-1.50" y="399.71" angle="-62.70" type="DEFAULT_VEHTYPE" speed="13.39" pos="2.74" lane=":0/2_0_0" slope="0.00"/>
        <vehicle id="6" x="201.65" y="43.41" angle="180.00" type="DEFAULT_VEHTYPE" speed="13.38" pos="43.41" lane="1/0to1/1_0" slope="0.00"/>
        <vehicle id="7" x="398.35" y="424.06" angle="0.00" type="DEFAULT_VEHTYPE" speed="13.18" pos="171.19" lane="2/3to2/2_0" slope="0.00"/>
        <vehicle id="8" x="398.35" y="5.65" angle="0.00" type="DEFAULT_VEHTYPE" speed="13.15" pos="189.60" lane="2/1to2/0_0" slope="0.00"/>
        <vehicle id="9" x="615.83" y="201.65" angle="-90.00" type="DEFAULT_VEHTYPE" speed="7.47" pos="184.17" lane="4/1to3/1_0" slope="0.00"/>
    </timestep>
    <timestep time="266.00">
        <vehicle id="0" x="424.94" y="401.65" angle="-90.00" type="DEFAULT_VEHTYPE" speed="2.28" pos="170.31" lane="3/2to2/2_0" slope="0.00"/>
        <vehicle id="1" x="401.42" y="198.35" angle="90.00" type="DEFAULT_VEHTYPE" speed="7.19" pos="6.17" lane=":2/1_13_0" slope="0.00"/>
        <vehicle id="11" x="398.35" y="305.73" angle="0.00" type="DEFAULT_VEHTYPE" speed="13.66" pos="89.52" lane="2/2to2/1_0" slope="0.00"/>
        <vehicle id="12" x="398.35" y="367.35" angle="0.00" type="DEFAULT_VEHTYPE" speed="11.59" pos="27.90" lane="2/2to2/1_0" slope="0.00"/>
        <vehicle id="14" x="398.35" y="234.35" angle="0.00" type="DEFAULT_VEHTYPE" speed="13.19" pos="160.90" lane="2/2to2/1_0" slope="0.00"/>
        <vehicle id="15" x="0.65" y="201.65" angle="-90.00" type="DEFAULT_VEHTYPE" speed="13.80" pos="194.60" lane="1/1to0/1_0" slope="0.00"/>
        <vehicle id="16" x="265.24" y="201.65" angle="-90.00" type="DEFAULT_VEHTYPE" speed="13.22" pos="130.01" lane="2/1to1/1_0" slope="0.00"/>
        <vehicle id="17" x="201.65" y="419.75" angle="180.00" type="DEFAULT_VEHTYPE" speed="10.34" pos="15.00" lane="1/2to1/3_0" slope="0.00"/>
        <vehicle id="18" x="44.26" y="398.35" angle="90.00" type="DEFAULT_VEHTYPE" speed="13.78" pos="44.26" lane="0/2to1/2_0" slope="0.00"/>
        <vehicle id="19" x="321.62" y="598.35" angle="90.00" type="DEFAULT_VEHTYPE" speed="12.87" pos="116.87" lane="1/3to2/3_0" slope="0.00"/>
        <vehicle id="2" x="411.30" y="401.65" angle="-90.00" type="DEFAULT_VEHTYPE" speed="4.16" pos="183.95" lane="3/2to2/2_0" slope="0.00"/>
        <vehicle id="20" x="665.11" y="198.35" angle="90.00" type="DEFAULT_VEHTYPE" speed="13.50" pos="60.36" lane="3/1to4/1_0" slope="0.00"/>
        <vehicle id="21" x="460.40" y="401.65" angle="-90.00" type="DEFAULT_VEHTYPE" speed="12.94" pos="134.85" lane="3/2to2/2_0" slope="0.00"/>
        <vehicle id="22" x="391.24" y="401.65" angle="-90.00" type="DEFAULT_VEHTYPE" speed="8.21" pos="4.01" lane="2/2to1/2_0" slope="0.00"/>
        <vehicle id="23" x="201.65" y="195.14" angle="180.00" type="DEFAULT_VEHTYPE" speed="13.47" pos="195.14" lane="1/0to1/1_0" slope="0.00"/>
        <vehicle id="24" x="510.61" y="401.65" angle="-90.00" type="DEFAULT_VEHTYPE" speed="13.45" pos="84.64" lane="3/2to2/2_0" slope="0.00"/>
        <vehicle id="3" x="201.65" y="107.17" angle="180.00" type="DEFAULT_VEHTYPE" speed="12.65" pos="107.17" lane="1/0to1/1_0" slope="0.00"/>
        <vehicle id="4" x="201.65" y="135.10" angle="180.00" type="DEFAULT_VEHTYPE" speed="12.88" pos="135.10" lane="1/0to1/1_0" slope="0.00"/>
        <vehicle id="5" x="11.58" y="398.35" angle="90.00" type="DEFAULT_VEHTYPE" speed="13.66" pos="11.58" lane="0/2to1/2_0" slope="0.00"/>
        <vehicle id="6" x="201.65" y="56.52" angle="180.00" type="DEFAULT_VEHTYPE" speed="13.11" pos="56.52" lane="1/0to1/1_0" slope="0.00"/>
        <vehicle id="7" x="398.35" y="414.03" angle="0.00" type="DEFAULT_VEHTYPE" speed="10.03" pos="181.22" lane="2/3to2/2_0" slope="0.00"/>
        <vehicle id="8" x="401.65" y="2.76" angle="160.90" type="DEFAULT_VEHTYPE" speed="13.23" pos="2.76" lane="2/0to2/1_0" slope="0.00"/>
        <vehicle id="9" x="611.23" y="201.65" angle="-90.00" type="DEFAULT_VEHTYPE" speed="4.60" pos="188.77" lane="4/1to3/1_0" slope="0.00"/>
    </timestep>
    <timestep time="267.00">
        <vehicle id="0" x="421.47" y="401.65" angle="-90.00" type="DEFAULT_VEHTYPE" speed="3.47" pos="173.78" lane="3/2to2/2_0" slope="0.00"/>
        <vehicle id="1" x="411.02" y="198.35" angle="90.00" type="DEFAULT_VEHTYPE" speed="9.60" pos="6.27" lane="2/1to3/1_0" slope="0.00"/>
        <vehicle id="11" x="398.35" y="291.86" angle="0.00" type="DEFAULT_VEHTYPE" speed="13.87" pos="103.39" lane="2/2to2/1_0" slope="0.00"/>
        <vehicle id="12" x="398.35" y="354.06" angle="0.00" type="DEFAULT_VEHTYPE" speed="13.29" pos="41.19" lane="2/2to2/1_0" slope="0.00"/>
        <vehicle id="14" x="398.35" y="223.22" angle="0.00" type="DEFAULT_VEHTYPE" speed="11.13" pos="172.03" lane="2/2to2/1_0" slope="0.00"/>
        <vehicle id="15" x="7.74" y="198.35" angle="90.00" type="DEFAULT_VEHTYPE" speed="13.21" pos="7.74" lane="0/1to1/1_0" slope="0.00"/>
        <vehicle id="16" x="252.18" y="201.65" angle="-90.00" type="DEFAULT_VEHTYPE" speed="13.07" pos="143.07" lane="2/1to1/1_0" slope="0.00"/>
        <vehicle id="17" x="201.65" y="431.75" angle="180.00" type="DEFAULT_VEHTYPE" speed="12.01" pos="27.00" lane="1/2to1/3_0" slope="0.00"/>
        <vehicle id="18" x="57.41" y="398.35" angle="90.00" type="DEFAULT_VEHTYPE" speed="13.14" pos="57.41" lane="0/2to1/2_0" slope="0.00"/>
        <vehicle id="19" x="335.21" y="598.35" angle="90.00" type="DEFAULT_VEHTYPE" speed="13.58" pos="130.46" lane="1/3to2/3_0" slope="0.00"/>
        <vehicle id="2" x="409.18" y="401.65" angle="-90.00" type="DEFAULT_VEHTYPE" speed="2.12" pos="186.07" lane="3/2to2/2_0" slope="0.00"/>
        <vehicle id="20" x="678.81" y="198.35" angle="90.00" type="DEFAULT_VEHTYPE" speed="13.69" pos="74.06" lane="3/1to4/1_0" slope="0.00"/>
        <vehicle id="21" x="449.40" y="401.65" angle="-90.00" type="DEFAULT_VEHTYPE" speed="11.00" pos="145.85" lane="3/2to2/2_0" slope="0.00"/>
        <vehicle id="22" x="380.44" y="401.65" angle="-90.00" type="DEFAULT_VEHTYPE" speed="10.80" pos="14.81" lane="2/2to1/2_0" slope="0.00"/>
        <vehicle id="23" x="213.14" y="198.35" angle="90.00" type="DEFAULT_VEHTYPE" speed="13.50" pos="8.39" lane="1/1to2/1_0" slope="0.00"/>
        <vehicle id="24" x="497.07" y="401.65" angle="-90.00" type="DEFAULT_VEHTYPE" speed="13.55" pos="98.18" lane="3/2to2/2_0" slope="0.00"/>
        <vehicle id="3" x="201.65" y="121.03" angle="180.00" type="DEFAULT_VEHTYPE" speed="13.86" pos="121.03" lane="1/0to1/1_0" slope="0.00"/>
        <vehicle id="4" x="201.65" y="148.03" angle="180.00" type="DEFAULT_VEHTYPE" speed="12.93" pos="148.03" lane="1/0to1/1_0" slope="0.00"/>
        <vehicle id="5" x="24.47" y="398.35" angle="90.00" type="DEFAULT_VEHTYPE" speed="12.88" pos="24.47" lane="0/2to1/2_0" slope="0.00"/>
        <vehicle id="6" x="201.65" y="69.20" angle="180.00" type="DEFAULT_VEHTYPE" speed="12.68" pos="69.20" lane="1/0to1/1_0" slope="0.00"/>
        <vehicle id="7" x="398.35" y="404.25" angle="0.00" type="DEFAULT_VEHTYPE" speed="9.78" pos="0.50" lane=":2/2_1_0" slope="0.00"/>
        <vehicle id="8" x="401.65" y="16.24" angle="180.00" type="DEFAULT_VEHTYPE" speed="13.48" pos="16.24" lane="2/0to2/1_0" slope="0.00"/>
        <vehicle id="9" x="605.18" y="201.65" angle="-90.00" type="DEFAULT_VEHTYPE" speed="6.05" pos="194.82" lane="4/1to3/1_0" slope="0.00"/>
    </timestep>
    <timestep time="268.00">
        <vehicle id="0" x="418.21" y="401.65" angle="-90.00" type="DEFAULT_VEHTYPE" speed="3.27" pos="177.04" lane="3/2to2/2_0" slope="0.00"/>
        <vehicle id="1" x="422.79" y="198.35" angle="90.00" type="DEFAULT_VEHTYPE" speed="11.77" pos="18.04" lane="2/1to3/1_0" slope="0.00"/>
        <vehicle id="11" x="398.35" y="279.05" angle="0.00" type="DEFAULT_VEHTYPE" speed="12.80" pos="116.20" lane="2/2to2/1_0" slope="0.00"/>
        <vehicle id="12" x="398.35" y="341.02" angle="0.00" type="DEFAULT_VEHTYPE" speed="13.04" pos="54.23" lane="2/2to2/1_0" slope="0.00"/>
        <vehicle id="14" x="398.35" y="215.86" angle="0.00" type="DEFAULT_VEHTYPE" speed="7.36" pos="179.39" lane="2/2to2/1_0" slope="0.00"/>
        <vehicle id="15" x="20.68" y="198.35" angle="90.00" type="DEFAULT_VEHTYPE" speed="12.93" pos="20.68" lane="0/1to1/1_0" slope="0.00"/>
        <vehicle id="16" x="238.59" y="201.65" angle="-90.00" type="DEFAULT_VEHTYPE" speed="13.58" pos="156.66" lane="2/1to1/1_0" slope="0.00"/>
        <vehicle id="17" x="201.65" y="444.58" angle="180.00" type="DEFAULT_VEHTYPE" speed="12.82" pos="39.83" lane="1/2to1/3_0" slope="0.00"/>
        <vehicle id="18" x="70.97" y="398.35" angle="90.00" type="DEFAULT_VEHTYPE" speed="13.56" pos="70.97" lane="0/2to1/2_0" slope="0.00"/>
        <vehicle id="19" x="348.05" y="598.35" angle="90.00" type="DEFAULT_VEHTYPE" speed="12.85" pos="143.30" lane="1/3to2/3_0" slope="0.00"/>
        <vehicle id="2" x="407.91" y="401.65" angle="-90.00" type="DEFAULT_VEHTYPE" speed="1.27" pos="187.34" lane="3/2to2/2_0" slope="0.00"/>
        <vehicle id="20" x="692.08" y="198.35" angle="90.00" type="DEFAULT_VEHTYPE" speed="13.28" pos="87.33" lane="3/1to4/1_0" slope="0.00"/>
        <vehicle id="21" x="440.01" y="401.65" angle="-90.00" type="DEFAULT_VEHTYPE" speed="9.39" pos="155.24" lane="3/2to2/2_0" slope="0.00"/>
        <vehicle id="22" x="367.67" y="401.65" angle="-90.00" type="DEFAULT_VEHTYPE" speed="12.76" pos="27.58" lane="2/2to1/2_0" slope="0.00"/>
        <vehicle id="23" x="226.54" y="198.35" angle="90.00" type="DEFAULT_VEHTYPE" speed="13.40" pos="21.79" lane="1/1to2/1_0" slope="0.00"/>
        <vehicle id="24" x="483.20" y="401.65" angle="-90.00" type="DEFAULT_VEHTYPE" speed="13.86" pos="112.05" lane="3/2to2/2_0" slope="0.00"/>
        <vehicle id="3" x="201.65" y="134.26" angle="180.00" type="DEFAULT_VEHTYPE" speed="13.23" pos="134.26" lane="1/0to1/1_0" slope="0.00"/>
        <vehicle id="4" x="201.65" y="160.95" angle="180.00" type="DEFAULT_VEHTYPE" speed="12.92" pos="160.95" lane="1/0to1/1_0" slope="0.00"/>
        <vehicle id="5" x="38.20" y="398.35" angle="90.00" type="DEFAULT_VEHTYPE" speed="13.73" pos="38.20" lane="0/2to1/2_0" slope="0.00"/>
        <vehicle id="6" x="201.65" y="82.92" angle="180.00" type="DEFAULT_VEHTYPE" speed="13.72" pos="82.92" lane="1/0to1/1_0" slope="0.00"/>
        <vehicle id="7" x="398.35" y="392.62" angle="0.00" type="DEFAULT_VEHTYPE" speed="11.63" pos="2.63" lane="2/2to2/1_0" slope="0.00"/>
        <vehicle id="8" x="401.65" y="29.90" angle="180.00" type="DEFAULT_VEHTYPE" speed="13.66" pos="29.90" lane="2/0to2/1_0" slope="0.00"/>
        <vehicle id="9" x="601.65" y="206.87" angle="-166.63" type="DEFAULT_VEHTYPE" speed="7.55" pos="2.12" lane="3/1to3/2_0" slope="0.00"/>
    </timestep>
    <timestep time="269.00">
        <vehicle id="0" x="416.88" y="401.65" angle="-90.00" type="DEFAULT_VEHTYPE" speed="1.33" pos="178.37" lane="3/2to2/2_0" slope="0.00"/>
        <vehicle id="1" x="435.87" y="198.35" angle="90.00" type="DEFAULT_VEHTYPE" speed="13.08" pos="31.12" lane="2/1to3/1_0" slope="0.00"/>
        <vehicle id="11" x="398.35" y="266.24" angle="0.00" type="DEFAULT_VEHTYPE" speed="12.82" pos="129.01" lane="2/2to2/1_0" slope="0.00"/>
        <vehicle id="12" x="398.35" y="328.36" angle="0.00" type="DEFAULT_VEHTYPE" speed="12.66" pos="66.89" lane="2/2to2/1_0" slope="0.00"/>
        <vehicle id="14" x="398.35" y="211.75" angle="0.00" type="DEFAULT_VEHTYPE" speed="4.12" pos="183.50" lane="2/2to2/1_0" slope="0.00"/>
        <vehicle id="15" x="33.94" y="198.35" angle="90.00" type="DEFAULT_VEHTYPE" speed="13.27" pos="33.94" lane="0/1to1/1_0" slope="0.00"/>
        <vehicle id="16" x="226.09" y="201.65" angle="-90.00" type="DEFAULT_VEHTYPE" speed="12.50" pos="169.16" lane="2/1to1/1_0" slope="0.00"/>
        <vehicle id="17" x="201.65" y="458.46" angle="180.00" type="DEFAULT_VEHTYPE" speed="13.88" pos="53.71" lane="1/2to1/3_0" slope="0.00"/>
        <vehicle id="18" x="84.84" y="398.35" angle="90.00" type="DEFAULT_VEHTYPE" speed="13.87" pos="84.84" lane="0/2to1/2_0" slope="0.00"/>
        <vehicle id="19" x="361.65" y="598.35" angle="90.00" type="DEFAULT_VEHTYPE" speed="13.60" pos="156.90" lane="1/3to2/3_0" slope="0.00"/>
        <vehicle id="2" x="404.45" y="401.61" angle="-89.51" type="DEFAULT_VEHTYPE" speed="3.46" pos="0.30" lane=":2/2_6_0" slope="0.00"/>
        <vehicle id="20" x="704.85" y="198.35" angle="90.00" type="DEFAULT_VEHTYPE" speed="12.77" pos="100.10" lane="3/1to4/1_0" slope="0.00"/>
        <vehicle id="21" x="432.83" y="401.65" angle="-90.00" type="DEFAULT_VEHTYPE" speed="7.18" pos="162.42" lane="3/2to2/2_0" slope="0.00"/>
        <vehicle id="22" x="354.92" y="401.65" angle="-90.00" type="DEFAULT_VEHTYPE" speed="12.76" pos="40.33" lane="2/2to1/2_0" slope="0.00"/>
        <vehicle id="23" x="239.86" y="198.35" angle="90.00" type="DEFAULT_VEHTYPE" speed="13.32" pos="35.11" lane="1/1to2/1_0" slope="0.00"/>
        <vehicle id="24" x="469.92" y="401.65" angle="-90.00" type="DEFAULT_VEHTYPE" speed="13.28" pos="125.33" lane="3/2to2/2_0" slope="0.00"/>
        <vehicle id="3" x="201.65" y="147.26" angle="180.00" type="DEFAULT_VEHTYPE" speed="13.00" pos="147.26" lane="1/0to1/1_0" slope="0.00"/>
        <vehicle id="4" x="201.65" y="174.53" angle="180.00" type="DEFAULT_VEHTYPE" speed="13.58" pos="174.53" lane="1/0to1/1_0" slope="0.00"/>
        <vehicle id="5" x="51.12" y="398.35" angle="90.00" type="DEFAULT_VEHTYPE" speed="12.92" pos="51.12" lane="0/2to1/2_0" slope="0.00"/>
        <vehicle id="6" x="201.65" y="95.58" angle="180.00" type="DEFAULT_VEHTYPE" speed="12.66" pos="95.58" lane="1/0to1/1_0" slope="0.00"/>
        <vehicle id="7" x="398.35" y="379.92" angle="0.00" type="DEFAULT_VEHTYPE" speed="12.71" pos="15.33" lane="2/2to2/1_0" slope="0.00"/>
        <vehicle id="8" x="401.65" y="42.68" angle="180.00" type="DEFAULT_VEHTYPE" speed="12.78" pos="42.68" lane="2/0to2/1_0" slope="0.00"/>
        <vehicle id="9" x="601.65" y="216.81" angle="180.00" type="DEFAULT_VEHTYPE" speed="9.94" pos="12.06" lane="3/1to3/2_0" slope="0.00"/>
    </timestep>
    <timestep time="270.00">
        <vehicle id="0" x="413.98" y="401.65" angle="-90.00" type="DEFAULT_VEHTYPE" speed="2.90" pos="181.27" lane="3/2to2/2_0" slope="0.00"/>
        <vehicle id="1" x="449.57" y="198.35" angle="90.00" type="DEFAULT_VEHTYPE" speed="13.70" pos="44.82" lane="2/1to3/1_0" slope="0.00"/>
        <vehicle id="11" x="398.35" y="252.50" angle="0.00" type="DEFAULT_VEHTYPE" speed="13.74" pos="142.75" lane="2/2to2/1_0" slope="0.00"/>
        <vehicle id="12" x="398.35" y="314.52" angle="0.00" type="DEFAULT_VEHTYPE" speed="13.84" pos="80.73" lane="2/2to2/1_0" slope="0.00"/>
        <vehicle id="14" x="398.35" y="205.72" angle="0.00" type="DEFAULT_VEHTYPE" speed="6.02" pos="189.53" lane="2/2to2/1_0" slope="0.00"/>
        <vehicle id="15" x="47.32" y="198.35" angle="90.00" type="DEFAULT_VEHTYPE" speed="13.37" pos="47.32" lane="0/1to1/1_0" slope="0.00"/>
        <vehicle id="16" x="217.26" y="201.65" angle="-90.00" type="DEFAULT_VEHTYPE" speed="8.83" pos="177.99" lane="2/1to1/1_0" slope="0.00"/>
        <vehicle id="17" x="201.65" y="471.27" angle="180.00" type="DEFAULT_VEHTYPE" speed="12.81" pos="66.52" lane="1/2to1/3_0" slope="0.00"/>
        <vehicle id="18" x="97.53" y="398.35" angle="90.00" type="DEFAULT_VEHTYPE" speed="12.69" pos="97.53" lane="0/2to1/2_0" slope="0.00"/>
        <vehicle id="19" x="373.45" y="598.35" angle="90.00" type="DEFAULT_VEHTYPE" speed="11.80" pos="168.70" lane="1/3to2/3_0" slope="0.00"/>
        <vehicle id="2" x="399.74" y="399.70" angle="-67.22" type="DEFAULT_VEHTYPE" speed="5.27" pos="5.57" lane=":2/2_6_0" slope="0.00"/>
        <vehicle id="20" x="717.78" y="198.35" angle="90.00" type="DEFAULT_VEHTYPE" speed="12.93" pos="113.03" lane="3/1to4/1_0" slope="0.00"/>
        <vehicle id="21" x="428.03" y="401.65" angle="-90.00" type="DEFAULT_VEHTYPE" speed="4.80" pos="167.22" lane="3/2to2/2_0" slope="0.00"/>
        <vehicle id="22" x="341.16" y="401.65" angle="-90.00" type="DEFAULT_VEHTYPE" speed="13.76" pos="54.09" lane="2/2to1/2_0" slope="0.00"/>
        <vehicle id="23" x="252.70" y="198.35" angle="90.00" type="DEFAULT_VEHTYPE" speed="12.84" pos="47.95" lane="1/1to2/1_0" slope="0.00"/>
        <vehicle id="24" x="456.60" y="401.65" angle="-90.00" type="DEFAULT_VEHTYPE" speed="13.32" pos="138.65" lane="3/2to2/2_0" slope="0.00"/>
        <vehicle id="3" x="201.65" y="160.71" angle="180.00" type="DEFAULT_VEHTYPE" speed="13.44" pos="160.71" lane="1/0to1/1_0" slope="0.00"/>
        <vehicle id="4" x="201.65" y="187.53" angle="180.00" type="DEFAULT_VEHTYPE" speed="13.00" pos="187.53" lane="1/0to1/1_0" slope="0.00"/>
        <vehicle id="5" x="64.44" y="398.35" angle="90.00" type="DEFAULT_VEHTYPE" speed="13.33" pos="64.44" lane="0/2to1/2_0" slope="0.00"/>
        <vehicle id="6" x="201.65" y="109.31" angle="180.00" type="DEFAULT_VEHTYPE" speed="13.73" pos="109.31" lane="1/0to1/1_0" slope="0.00"/>
        <vehicle id="7" x="398.35" y="366.28" angle="0.00" type="DEFAULT_VEHTYPE" speed="13.64" pos="28.97" lane="2/2to2/1_0" slope="0.00"/>
        <vehicle id="8" x="401.65" y="55.40" angle="180.00" type="DEFAULT_VEHTYPE" speed="12.71" pos="55.40" lane="2/0to2/1_0" slope="0.00"/>
        <vehicle id="9" x="601.65" y="228.71" angle="180.00" type="DEFAULT_VEHTYPE" speed="11.90" pos="23.96" lane="3/1to3/2_0" slope="0.00"/>
    </timestep>
    <timestep time="271.00">
        <vehicle id="0" x="410.54" y="401.65" angle="-90.00" type="DEFAULT_VEHTYPE" speed="3.44" pos="184.71" lane="3/2to2/2_0" slope="0.00"/>
        <vehicle id="1" x="462.86" y="198.35" angle="90.00" type="DEFAULT_VEHTYPE" speed="13.29" pos="58.11" lane="2/1to3/1_0" slope="0.00"/>
        <vehicle id="11" x="398.35" y="239.35" angle="0.00" type="DEFAULT_VEHTYPE" speed="13.15" pos="155.90" lane="2/2to2/1_0" slope="0.00"/>
        <vehicle id="12" x="398.35" y="301.24" angle="0.00" type="DEFAULT_VEHTYPE" speed="13.28" pos="94.01" lane="2/2to2/1_0" slope="0.00"/>
        <vehicle id="14" x="401.36" y="199.10" angle="35.54" type="DEFAULT_VEHTYPE" speed="7.78" pos="6.81" lane=":2/1_2_0" slope="0.00"/>
        <vehicle id="15" x="61.02" y="198.35" angle="90.00" type="DEFAULT_VEHTYPE" speed="13.71" pos="61.02" lane="0/1to1/1_0" slope="0.00"/>
        <vehicle id="16" x="212.23" y="201.65" angle="-90.00" type="DEFAULT_VEHTYPE" speed="5.03" pos="183.02" lane="2/1to1/1_0" slope="0.00"/>
        <vehicle id="17" x="201.65" y="484.66" angle="180.00" type="DEFAULT_VEHTYPE" speed="13.39" pos="79.91" lane="1/2to1/3_0" slope="0.00"/>
        <vehicle id="18" x="110.79" y="398.35" angle="90.00" type="DEFAULT_VEHTYPE" speed="13.26" pos="110.79" lane="0/2to1/2_0" slope="0.00"/>
        <vehicle id="19" x="382.49" y="598.35" angle="90.00" type="DEFAULT_VEHTYPE" speed="9.04" pos="177.74" lane="1/3to2/3_0" slope="0.00"/>
        <vehicle id="2" x="398.35" y="392.58" angle="-3.80" type="DEFAULT_VEHTYPE" speed="7.42" pos="2.67" lane="2/2to2/1_0" slope="0.00"/>
        <vehicle id="20" x="730.47" y="198.35" angle="90.00" type="DEFAULT_VEHTYPE" speed="12.69" pos="125.72" lane="3/1to4/1_0" slope="0.00"/>
        <vehicle id="21" x="424.54" y="401.65" angle="-90.00" type="DEFAULT_VEHTYPE" speed="3.49" pos="170.71" lane="3/2to2/2_0" slope="0.00"/>
        <vehicle id="22" x="328.31" y="401.65" angle="-90.00" type="DEFAULT_VEHTYPE" speed="12.85" pos="66.94" lane="2/2to1/2_0" slope="0.00"/>
        <vehicle id="23" x="265.89" y="198.35" angle="90.00" type="DEFAULT_VEHTYPE" speed="13.19" pos="61.14" lane="1/1to2/1_0" slope="0.00"/>
        <vehicle id="24" x="445.73" y="401.65" angle="-90.00" type="DEFAULT_VEHTYPE" speed="10.87" pos="149.52" lane="3/2to2/2_0" slope="0.00"/>
        <vehicle id="3" x="201.65" y="174.27" angle="180.00" type="DEFAULT_VEHTYPE" speed="13.56" pos="174.27" lane="1/0to1/1_0" slope="0.00"/>
        <vehicle id="4" x="205.38" y="198.35" angle="124.28" type="DEFAULT_VEHTYPE" speed="13.35" pos="0.63" lane="1/1to2/1_0" slope="0.00"/>
        <vehicle id="5" x="77.41" y="398.35" angle="90.00" type="DEFAULT_VEHTYPE" speed="12.96" pos="77.41" lane="0/2to1/2_0" slope="0.00"/>
        <vehicle id="6" x="201.65" y="122.09" angle="180.00" type="DEFAULT_VEHTYPE" speed="12.78" pos="122.09" lane="1/0to1/1_0" slope="0.00"/>
        <vehicle id="7" x="398.35" y="352.94" angle="0.00" type="DEFAULT_VEHTYPE" speed="13.34" pos="42.31" lane="2/2to2/1_0" slope="0.00"/>
        <vehicle id="8" x="401.65" y="68.44" angle="180.00" type="DEFAULT_VEHTYPE" speed="13.05" pos="68.44" lane="2/0to2/1_0" slope="0.00"/>
        <vehicle id="9" x="601.65" y="241.35" angle="180.00" type="DEFAULT_VEHTYPE" speed="12.64" pos="36.60" lane="3/1to3/2_0" slope="0.00"/>
    </timestep>
    <timestep time="272.00">
        <vehicle id="0" x="404.99" y="401.65" angle="-90.00" type="DEFAULT_VEHTYPE" speed="5.54" pos="190.26" lane="3/2to2/2_0" slope="0.00"/>
        <vehicle id="1" x="475.90" y="198.35" angle="90.00" type="DEFAULT_VEHTYPE" speed="13.04" pos="71.15" lane="2/1to3/1_0" slope="0.00"/>
        <vehicle id="11" x="398.35" y="227.02" angle="0.00" type="DEFAULT_VEHTYPE" speed="12.33" pos="168.23" lane="2/2to2/1_0" slope="0.00"/>
        <vehicle id="12" x="398.35" y="288.34" angle="0.00" type="DEFAULT_VEHTYPE" speed="12.90" pos="106.91" lane="2/2to2/1_0" slope="0.00"/>
        <vehicle id="14" x="411.23" y="198.35" angle="90.00" type="DEFAULT_VEHTYPE" speed="9.99" pos="6.48" lane="2/1to3/1_0" slope="0.00"/>
        <vehicle id="15" x="73.83" y="198.35" angle="90.00" type="DEFAULT_VEHTYPE" speed="12.81" pos="73.83" lane="0/1to1/1_0" slope="0.00"/>
        <vehicle id="16" x="209.53" y="201.65" angle="-90.00" type="DEFAULT_VEHTYPE" speed="2.70" pos="185.72" lane="2/1to1/1_0" slope="0.00"/>
        <vehicle id="17" x="201.65" y="497.78" angle="180.00" type="DEFAULT_VEHTYPE" speed="13.12" pos="93.03" lane="1/2to1/3_0" slope="0.00"/>
        <vehicle id="18" x="124.51" y="398.35" angle="90.00" type="DEFAULT_VEHTYPE" speed="13.72" pos="124.51" lane="0/2to1/2_0" slope="0.00"/>
        <vehicle id="19" x="388.33" y="598.35" angle="90.00" type="DEFAULT_VEHTYPE" speed="5.84" pos="183.58" lane="1/3to2/3_0" slope="0.00"/>
        <vehicle id="2" x="398.35" y="383.47" angle="0.00" type="DEFAULT_VEHTYPE" speed="9.11" pos="11.78" lane="2/2to2/1_0" slope="0.00"/>
        <vehicle id="20" x="743.51" y="198.35" angle="90.00" type="DEFAULT_VEHTYPE" speed="13.04" pos="138.76" lane="3/1to4/1_0" slope="0.00"/>
        <vehicle id="21" x="420.71" y="401.65" angle="-90.00" type="DEFAULT_VEHTYPE" speed="3.83" pos="174.54" lane="3/2to2/2_0" slope="0.00"/>
        <vehicle id="22" x="314.58" y="401.65" angle="-90.00" type="DEFAULT_VEHTYPE" speed="13.74" pos="80.67" lane="2/2to1/2_0" slope="0.00"/>
        <vehicle id="23" x="279.77" y="198.35" angle="90.00" type="DEFAULT_VEHTYPE" speed="13.87" pos="75.02" lane="1/1to2/1_0" slope="0.00"/>
        <vehicle id="24" x="438.80" y="401.65" angle="-90.00" type="DEFAULT_VEHTYPE" speed="6.93" pos="156.45" lane="3/2to2/2_0" slope="0.00"/>
        <vehicle id="3" x="201.65" y="188.15" angle="180.00" type="DEFAULT_VEHTYPE" speed="13.88" pos="188.15" lane="1/0to1/1_0" slope="0.00"/>
        <vehicle id="4" x="218.21" y="198.35" angle="90.00" type="DEFAULT_VEHTYPE" speed="12.83" pos="13.46" lane="1/1to2/1_0" slope="0.00"/>
        <vehicle id="5" x="90.43" y="398.35" angle="90.00" type="DEFAULT_VEHTYPE" speed="13.03" pos="90.43" lane="0/2to1/2_0" slope="0.00"/>
        <vehicle id="6" x="201.65" y="135.88" angle="180.00" type="DEFAULT_VEHTYPE" speed="13.79" pos="135.88" lane="1/0to1/1_0" slope="0.00"/>
        <vehicle id="7" x="398.35" y="340.06" angle="0.00" type="DEFAULT_VEHTYPE" speed="12.88" pos="55.19" lane="2/2to2/1_0" slope="0.00"/>
        <vehicle id="8" x="401.65" y="82.23" angle="180.00" type="DEFAULT_VEHTYPE" speed="13.79" pos="82.23" lane="2/0to2/1_0" slope="0.00"/>
        <vehicle id="9" x="601.65" y="254.89" angle="180.00" type="DEFAULT_VEHTYPE" speed="13.54" pos="50.14" lane="3/1to3/2_0" slope="0.00"/>
    </timestep>
    <timestep time="273.00">
        <vehicle id="0" x="399.07" y="398.59" angle="-53.89" type="DEFAULT_VEHTYPE" speed="7.11" pos="6.86" lane=":2/2_6_0" slope="0.00"/>
        <vehicle id="1" x="488.61" y="198.35" angle="90.00" type="DEFAULT_VEHTYPE" speed="12.72" pos="83.86" lane="2/1to3/1_0" slope="0.00"/>
        <vehicle id="11" x="398.35" y="218.21" angle="0.00" type="DEFAULT_VEHTYPE" speed="8.81" pos="177.04" lane="2/2to2/1_0" slope="0.00"/>
        <vehicle id="12" x="398.35" y="274.77" angle="0.00" type="DEFAULT_VEHTYPE" speed="13.57" pos="120.48" lane="2/2to2/1_0" slope="0.00"/>
        <vehicle id="14" x="422.77" y="198.35" angle="90.00" type="DEFAULT_VEHTYPE" speed="11.54" pos="18.02" lane="2/1to3/1_0" slope="0.00"/>
        <vehicle id="15" x="87.64" y="198.35" angle="90.00" type="DEFAULT_VEHTYPE" speed="13.80" pos="87.64" lane="0/1to1/1_0" slope="0.00"/>
        <vehicle id="16" x="204.52" y="201.68" angle="-90.38" type="DEFAULT_VEHTYPE" speed="5.02" pos="0.24" lane=":1/1_4_0" slope="0.00"/>
        <vehicle id="17" x="201.65" y="510.69" angle="180.00" type="DEFAULT_VEHTYPE" speed="12.91" pos="105.94" lane="1/2to1/3_0" slope="0.00"/>
        <vehicle id="18" x="137.39" y="398.35" angle="90.00" type="DEFAULT_VEHTYPE" speed="12.88" pos="137.39" lane="0/2to1/2_0" slope="0.00"/>
        <vehicle id="19" x="395.78" y="598.43" angle="90.88" type="DEFAULT_VEHTYPE" speed="7.46" pos="0.54" lane=":2/3_14_0" slope="0.00"/>
        <vehicle id="2" x="398.35" y="372.62" angle="0.00" type="DEFAULT_VEHTYPE" speed="10.85" pos="22.63" lane="2/2to2/1_0" slope="0.00"/>
        <vehicle id="20" x="756.91" y="198.35" angle="90.00" type="DEFAULT_VEHTYPE" speed="13.40" pos="152.16" lane="3/1to4/1_0" slope="0.00"/>
        <vehicle id="21" x="415.16" y="401.65" angle="-90.00" type="DEFAULT_VEHTYPE" speed="5.55" pos="180.09" lane="3/2to2/2_0" slope="0.00"/>
        <vehicle id="22" x="301.95" y="401.65" angle="-90.00" type="DEFAULT_VEHTYPE" speed="12.62" pos="93.30" lane="2/2to1/2_0" slope="0.00"/>
        <vehicle id="23" x="292.66" y="198.35" angle="90.00" type="DEFAULT_VEHTYPE" speed="12.90" pos="87.91" lane="1/1to2/1_0" slope="0.00"/>
        <vehicle id="24" x="432.80" y="401.65" angle="-90.00" type="DEFAULT_VEHTYPE" speed="6.00" pos="162.45" lane="3/2to2/2_0" slope="0.00"/>
        <vehicle id="3" x="206.48" y="198.35" angle="107.87" type="DEFAULT_VEHTYPE" speed="13.83" pos="1.73" lane="1/1to2/1_0" slope="0.00"/>
        <vehicle id="4" x="231.87" y="198.35" angle="90.00" type="DEFAULT_VEHTYPE" speed="13.66" pos="27.12" lane="1/1to2/1_0" slope="0.00"/>
        <vehicle id="5" x="103.19" y="398.35" angle="90.00" type="DEFAULT_VEHTYPE" speed="12.76" pos="103.19" lane="0/2to1/2_0" slope="0.00"/>
        <vehicle id="6" x="201.65" y="148.80" angle="180.00" type="DEFAULT_VEHTYPE" speed="12.92" pos="148.80" lane="1/0to1/1_0" slope="0.00"/>
        <vehicle id="7" x="398.35" y="327.00" angle="0.00" type="DEFAULT_VEHTYPE" speed="13.07" pos="68.25" lane="2/2to2/1_0" slope="0.00"/>
        <vehicle id="8" x="401.65" y="95.86" angle="180.00" type="DEFAULT_VEHTYPE" speed="13.63" pos="95.86" lane="2/0to2/1_0" slope="0.00"/>
        <vehicle id="9" x="601.65" y="267.51" angle="180.00" type="DEFAULT_VEHTYPE" speed="12.62" pos="62.76" lane="3/1to3/2_0" slope="0.00"/>
    </timestep>
    <timestep time="274.00">
        <vehicle id="0" x="398.35" y="389.81" angle="0.00" type="DEFAULT_VEHTYPE" speed="8.90" pos="5.44" lane="2/2to2/1_0" slope="0.00"/>
        <vehicle id="1" x="502.36" y="198.35" angle="90.00" type="DEFAULT_VEHTYPE" speed="13.74" pos="97.61" lane="2/1to3/1_0" slope="0.00"/>
        <vehicle id="11" x="398.35" y="213.03" angle="0.00" type="DEFAULT_VEHTYPE" speed="5.18" pos="182.22" lane="2/2to2/1_0" slope="0.00"/>
        <vehicle id="12" x="398.35" y="261.78" angle="0.00" type="DEFAULT_VEHTYPE" speed="12.99" pos="133.47" lane="2/2to2/1_0" slope="0.00"/>
        <vehicle id="14" x="436.52" y="198.35" angle="90.00" type="DEFAULT_VEHTYPE" speed="13.75" pos="31.77" lane="2/1to3/1_0" slope="0.00"/>
        <vehicle id="15" x="100.72" y="198.35" angle="90.00" type="DEFAULT_VEHTYPE" speed="13.09" pos="100.72" lane="0/1to1/1_0" slope="0.00"/>
        <vehicle id="16" x="201.65" y="206.62" angle="-163.76" type="DEFAULT_VEHTYPE" speed="6.63" pos="1.87" lane="1/1to1/2_0" slope="0.00"/>
        <vehicle id="17" x="201.65" y="523.39" angle="180.00" type="DEFAULT_VEHTYPE" speed="12.70" pos="118.64" lane="1/2to1/3_0" slope="0.00"/>
        <vehicle id="18" x="150.87" y="398.35" angle="90.00" type="DEFAULT_VEHTYPE" speed="13.47" pos="150.87" lane="0/2to1/2_0" slope="0.00"/>
        <vehicle id="19" x="401.54" y="603.98" angle="155.08" type="DEFAULT_VEHTYPE" speed="9.00" pos="9.54" lane=":2/3_14_0" slope="0.00"/>
        <vehicle id="2" x="398.35" y="359.31" angle="0.00" type="DEFAULT_VEHTYPE" speed="13.31" pos="35.94" lane="2/2to2/1_0" slope="0.00"/>
        <vehicle id="20" x="770.52" y="198.35" angle="90.00" type="DEFAULT_VEHTYPE" speed="13.61" pos="165.77" lane="3/1to4/1_0" slope="0.00"/>
        <vehicle id="21" x="410.30" y="401.65" angle="-90.00" type="DEFAULT_VEHTYPE" speed="4.86" pos="184.95" lane="3/2to2/2_0" slope="0.00"/>
        <vehicle id="22" x="288.08" y="401.65" angle="-90.00" type="DEFAULT_VEHTYPE" speed="13.87" pos="107.17" lane="2/2to1/2_0" slope="0.00"/>
        <vehicle id="23" x="305.73" y="198.35" angle="90.00" type="DEFAULT_VEHTYPE" speed="13.06" pos="100.98" lane="1/1to2/1_0" slope="0.00"/>
        <vehicle id="24" x="425.82" y="401.65" angle="-90.00" type="DEFAULT_VEHTYPE" speed="6.99" pos="169.43" lane="3/2to2/2_0" slope="0.00"/>
        <vehicle id="3" x="219.98" y="198.35" angle="90.00" type="DEFAULT_VEHTYPE" speed="13.50" pos="15.23" lane="1/1to2/1_0" slope="0.00"/>
        <vehicle id="4" x="244.73" y="198.35" angle="90.00" type="DEFAULT_VEHTYPE" speed="12.86" pos="39.98" lane="1/1to2/1_0" slope="0.00"/>
        <vehicle id="5" x="116.73" y="398.35" angle="90.00" type="DEFAULT_VEHTYPE" speed="13.54" pos="116.73" lane="0/2to1/2_0" slope="0.00"/>
        <vehicle id="6" x="201.65" y="162.64" angle="180.00" type="DEFAULT_VEHTYPE" speed="13.84" pos="162.64" lane="1/0to1/1_0" slope="0.00"/>
        <vehicle id="7" x="398.35" y="313.56" angle="0.00" type="DEFAULT_VEHTYPE" speed="13.44" pos="81.69" lane="2/2to2/1_0" slope="0.00"/>
        <vehicle id="8" x="401.65" y="109.66" angle="180.00" type="DEFAULT_VEHTYPE" speed="13.80" pos="109.66" lane="2/0to2/1_0" slope="0.00"/>
        <vehicle id="9" x="601.65" y="280.19" angle="180.00" type="DEFAULT_VEHTYPE" speed="12.68" pos="75.44" lane="3/1to3/2_0" slope="0.00"/>
    </timestep>
    <timestep time="275.00">
        <vehicle id="0" x="398.35" y="379.60" angle="0.00" type="DEFAULT_VEHTYPE" speed="10.21" pos="15.65" lane="2/2to2/1_0" slope="0.00"/>
        <vehicle id="1" x="515.15" y="198.35" angle="90.00" type="DEFAULT_VEHTYPE" speed="12.79" pos="110.40" lane="2/1to3/1_0" slope="0.00"/>
        <vehicle id="11" x="398.35" y="209.77" angle="0.00" type="DEFAULT_VEHTYPE" speed="3.26" pos="185.48" lane="2/2to2/1_0" slope="0.00"/>
        <vehicle id="12" x="398.35" y="248.08" angle="0.00" type="DEFAULT_VEHTYPE" speed="13.69" pos="147.17" lane="2/2to2/1_0" slope="0.00"/>
        <vehicle id="14" x="449.89" y="198.35" angle="90.00" type="DEFAULT_VEHTYPE" speed="13.37" pos="45.14" lane="2/1to3/1_0" slope="0.00"/>
        <vehicle id="15" x="113.74" y="198.35" angle="90.00" type="DEFAULT_VEHTYPE" speed="13.02" pos="113.74" lane="0/1to1/1_0" slope="0.00"/>
        <vehicle id="16" x="201.65" y="215.00" angle="180.00" type="DEFAULT_VEHTYPE" speed="8.38" pos="10.25" lane="1/1to1/2_0" slope="0.00"/>
        <vehicle id="17" x="201.65" y="536.64" angle="180.00" type="DEFAULT_VEHTYPE" speed="13.25" pos="131.89" lane="1/2to1/3_0" slope="0.00"/>
        <vehicle id="18" x="164.56" y="398.35" angle="90.00" type="DEFAULT_VEHTYPE" speed="13.70" pos="164.56" lane="0/2to1/2_0" slope="0.00"/>
        <vehicle id="19" x="401.65" y="614.88" angle="180.00" type="DEFAULT_VEHTYPE" speed="10.91" pos="10.13" lane="2/3to2/4_0" slope="0.00"/>
        <vehicle id="2" x="398.35" y="346.65" angle="0.00" type="DEFAULT_VEHTYPE" speed="12.66" pos="48.60" lane="2/2to2/1_0" slope="0.00"/>
        <vehicle id="20" x="783.56" y="198.35" angle="90.00" type="DEFAULT_VEHTYPE" speed="13.03" pos="178.81" lane="3/1to4/1_0" slope="0.00"/>
        <vehicle id="21" x="403.85" y="401.52" angle="-88.53" type="DEFAULT_VEHTYPE" speed="6.46" pos="0.91" lane=":2/2_6_0" slope="0.00"/>
        <vehicle id="22" x="274.66" y="401.65" angle="-90.00" type="DEFAULT_VEHTYPE" speed="13.42" pos="120.59" lane="2/2to1/2_0" slope="0.00"/>
        <vehicle id="23" x="318.48" y="198.35" angle="90.00" type="DEFAULT_VEHTYPE" speed="12.75" pos="113.73" lane="1/1to2/1_0" slope="0.00"/>
        <vehicle id="24" x="420.56" y="401.65" angle="-90.00" type="DEFAULT_VEHTYPE" speed="5.26" pos="174.69" lane="3/2to2/2_0" slope="0.00"/>
        <vehicle id="3" x="233.26" y="198.35" angle="90.00" type="DEFAULT_VEHTYPE" speed="13.27" pos="28.51" lane="1/1to2/1_0" slope="0.00"/>
        <vehicle id="4" x="257.40" y="198.35" angle="90.00" type="DEFAULT_VEHTYPE" speed="12.67" pos="52.65" lane="1/1to2/1_0" slope="0.00"/>
        <vehicle id="5" x="129.75" y="398.35" angle="90.00" type="DEFAULT_VEHTYPE" speed="13.02" pos="129.75" lane="0/2to1/2_0" slope="0.00"/>
        <vehicle id="6" x="201.65" y="175.39" angle="180.00" type="DEFAULT_VEHTYPE" speed="12.76" pos="175.39" lane="1/0to1/1_0" slope="0.00"/>
        <vehicle id="7" x="398.35" y="300.91" angle="0.00" type="DEFAULT_VEHTYPE" speed="12.65" pos="94.34" lane="2/2to2/1_0" slope="0.00"/>
        <vehicle id="8" x="401.65" y="122.40" angle="180.00" type="DEFAULT_VEHTYPE" speed="12.75" pos="122.40" lane="2/0to2/1_0" slope="0.00"/>
        <vehicle id="9" x="601.65" y="293.20" angle="180.00" type="DEFAULT_VEHTYPE" speed="13.01" pos="88.45" lane="3/1to3/2_0" slope="0.00"/>
    </timestep>
    <timestep time="276.00">
        <vehicle id="0" x="398.35" y="367.28" angle="0.00" type="DEFAULT_VEHTYPE" speed="12.32" pos="27.97" lane="2/2to2/1_0" slope="0.00"/>
        <vehicle id="1" x="528.21" y="198.35" angle="90.00" type="DEFAULT_VEHTYPE" speed="13.06" pos="123.46" lane="2/1to3/1_0" slope="0.00"/>
        <vehicle id="11" x="398.45" y="204.08" angle="1.10" type="DEFAULT_VEHTYPE" speed="5.70" pos="0.68" lane=":2/1_2_0" slope="0.00"/>
        <vehicle id="12" x="398.35" y="235.89" angle="0.00" type="DEFAULT_VEHTYPE" speed="12.19" pos="159.36" lane="2/2to2/1_0" slope="0.00"/>
        <vehicle id="14" x="463.05" y="198.35" angle="90.00" type="DEFAULT_VEHTYPE" speed="13.16" pos="58.30" lane="2/1to3/1_0" slope="0.00"/>
        <vehicle id="15" x="126.36" y="198.35" angle="90.00" type="DEFAULT_VEHTYPE" speed="12.61" pos="126.36" lane="0/1to1/1_0" slope="0.00"/>
        <vehicle id="16" x="201.65" y="225.20" angle="180.00" type="DEFAULT_VEHTYPE" speed="10.20" pos="20.45" lane="1/1to1/2_0" slope="0.00"/>
        <vehicle id="17" x="201.65" y="549.96" angle="180.00" type="DEFAULT_VEHTYPE" speed="13.32" pos="145.21" lane="1/2to1/3_0" slope="0.00"/>
        <vehicle id="18" x="176.39" y="398.35" angle="90.00" type="DEFAULT_VEHTYPE" speed="11.83" pos="176.39" lane="0/2to1/2_0" slope="0.00"/>
        <vehicle id="19" x="401.65" y="627.97" angle="180.00" type="DEFAULT_VEHTYPE" speed="13.09" pos="23.22" lane="2/3to2/4_0" slope="0.00"/>
        <vehicle id="2" x="398.35" y="333.92" angle="0.00" type="DEFAULT_VEHTYPE" speed="12.73" pos="61.33" lane="2/2to2/1_0" slope="0.00"/>
        <vehicle id="20" x="796.91" y="198.35" angle="90.00" type="DEFAULT_VEHTYPE" speed="13.35" pos="192.16" lane="3/1to4/1_0" slope="0.00"/>
        <vehicle id="21" x="398.53" y="396.50" angle="-29.90" type="DEFAULT_VEHTYPE" speed="8.15" pos="9.06" lane=":2/2_6_0" slope="0.00"/>
        <vehicle id="22" x="260.95" y="401.65" angle="-90.00" type="DEFAULT_VEHTYPE" speed="13.72" pos="134.30" lane="2/2to1/2_0" slope="0.00"/>
        <vehicle id="23" x="331.80" y="198.35" angle="90.00" type="DEFAULT_VEHTYPE" speed="13.33" pos="127.05" lane="1/1to2/1_0" slope="0.00"/>
        <vehicle id="24" x="413.23" y="401.65" angle="-90.00" type="DEFAULT_VEHTYPE" speed="7.33" pos="182.02" lane="3/2to2/2_0" slope="0.00"/>
        <vehicle id="3" x="246.57" y="198.35" angle="90.00" type="DEFAULT_VEHTYPE" speed="13.31" pos="41.82" lane="1/1to2/1_0" slope="0.00"/>
        <vehicle id="4" x="270.37" y="198.35" angle="90.00" type="DEFAULT_VEHTYPE" speed="12.97" pos="65.62" lane="1/1to2/1_0" slope="0.00"/>
        <vehicle id="5" x="142.60" y="398.35" angle="90.00" type="DEFAULT_VEHTYPE" speed="12.86" pos="142.60" lane="0/2to1/2_0" slope="0.00"/>
        <vehicle id="6" x="201.65" y="188.66" angle="180.00" type="DEFAULT_VEHTYPE" speed="13.26" pos="188.66" lane="1/0to1/1_0" slope="0.00"/>
        <vehicle id="7" x="398.35" y="287.68" angle="0.00" type="DEFAULT_VEHTYPE" speed="13.23" pos="107.57" lane="2/2to2/1_0" slope="0.00"/>
        <vehicle id="8" x="401.65" y="136.02" angle="180.00" type="DEFAULT_VEHTYPE" speed="13.61" pos="136.02" lane="2/0to2/1_0" slope="0.00"/>
        <vehicle id="9" x="601.65" y="306.46" angle="180.00" type="DEFAULT_VEHTYPE" speed="13.26" pos="101.71" lane="3/1to3/2_0" slope="0.00"/>
    </timestep>
    <timestep time="277.00">
        <vehicle id="0" x="398.35" y="354.38" angle="0.00" type="DEFAULT_VEHTYPE" speed="12.90" pos="40.87" lane="2/2to2/1_0" slope="0.00"/>
        <vehicle id="1" x="541.88" y="198.35" angle="90.00" type="DEFAULT_VEHTYPE" speed="13.67" pos="137.13" lane="2/1to3/1_0" slope="0.00"/>
        <vehicle id="11" x="402.59" y="198.66" angle="50.56" type="DEFAULT_VEHTYPE" speed="7.46" pos="1.00" lane=":2/1_16_0" slope="0.00"/>
        <vehicle id="12" x="398.35" y="223.93" angle="0.00" type="DEFAULT_VEHTYPE" speed="11.96" pos="171.32" lane="2/2to2/1_0" slope="0.00"/>
        <vehicle id="14" x="476.00" y="198.35" angle="90.00" type="DEFAULT_VEHTYPE" speed="12.95" pos="71.25" lane="2/1to3/1_0" slope="0.00"/>
        <vehicle id="15" x="139.34" y="198.35" angle="90.00" type="DEFAULT_VEHTYPE" speed="12.99" pos="139.34" lane="0/1to1/1_0" slope="0.00"/>
        <vehicle id="16" x="201.65" y="237.91" angle="180.00" type="DEFAULT_VEHTYPE" speed="12.72" pos="33.16" lane="1/1to1/2_0" slope="0.00"/>
        <vehicle id="17" x="201.65" y="563.83" angle="180.00" type="DEFAULT_VEHTYPE" speed="13.86" pos="159.08" lane="1/2to1/3_0" slope="0.00"/>
        <vehicle id="18" x="184.80" y="398.35" angle="90.00" type="DEFAULT_VEHTYPE" speed="8.41" pos="184.80" lane="0/2to1/2_0" slope="0.00"/>
        <vehicle id="19" x="401.65" y="641.86" angle="180.00" type="DEFAULT_VEHTYPE" speed="13.89" pos="37.11" lane="2/3to2/4_0" slope="0.00"/>
        <vehicle id="2" x="398.35" y="320.06" angle="0.00" type="DEFAULT_VEHTYPE" speed="13.86" pos="75.19" lane="2/2to2/1_0" slope="0.00"/>
        <vehicle id="20" x="795.01" y="201.65" angle="-90.07" type="DEFAULT_VEHTYPE" speed="12.90" pos="4.99" lane="4/1to3/1_0" slope="0.00"/>
        <vehicle id="21" x="398.35" y="386.70" angle="0.00" type="DEFAULT_VEHTYPE" speed="9.81" pos="8.55" lane="2/2to2/1_0" slope="0.00"/>
        <vehicle id="22" x="247.80" y="401.65" angle="-90.00" type="DEFAULT_VEHTYPE" speed="13.15" pos="147.45" lane="2/2to1/2_0" slope="0.00"/>
        <vehicle id="23" x="345.66" y="198.35" angle="90.00" type="DEFAULT_VEHTYPE" speed="13.86" pos="140.91" lane="1/1to2/1_0" slope="0.00"/>
        <vehicle id="24" x="409.62" y="401.65" angle="-90.00" type="DEFAULT_VEHTYPE" speed="3.61" pos="185.63" lane="3/2to2/2_0" slope="0.00"/>
        <vehicle id="3" x="259.89" y="198.35" angle="90.00" type="DEFAULT_VEHTYPE" speed="13.32" pos="55.14" lane="1/1to2/1_0" slope="0.00"/>
        <vehicle id="4" x="284.08" y="198.35" angle="90.00" type="DEFAULT_VEHTYPE" speed="13.70" pos="79.33" lane="1/1to2/1_0" slope="0.00"/>
        <vehicle id="5" x="155.23" y="398.35" angle="90.00" type="DEFAULT_VEHTYPE" speed="12.63" pos="155.23" lane="0/2to1/2_0" slope="0.00"/>
        <vehicle id="6" x="206.49" y="198.35" angle="107.70" type="DEFAULT_VEHTYPE" speed="13.34" pos="1.74" lane="1/1to2/1_0" slope="0.00"/>
        <vehicle id="7" x="398.35" y="273.79" angle="0.00" type="DEFAULT_VEHTYPE" speed="13.89" pos="121.46" lane="2/2to2/1_0" slope="0.00"/>
        <vehicle id="8" x="401.65" y="149.70" angle="180.00" type="DEFAULT_VEHTYPE" speed="13.69" pos="149.70" lane="2/0to2/1_0" slope="0.00"/>
        <vehicle id="9" x="601.65" y="319.31" angle="180.00" type="DEFAULT_VEHTYPE" speed="12.85" pos="114.56" lane="3/1to3/2_0" slope="0.00"/>
    </timestep>
    <timestep time="278.00">
        <vehicle id="0" x="398.35" y="340.73" angle="0.00" type="DEFAULT_VEHTYPE" speed="13.64" pos="54.52" lane="2/2to2/1_0" slope="0.00"/>
        <vehicle id="1" x="555.59" y="198.35" angle="90.00" type="DEFAULT_VEHTYPE" speed="13.71" pos="150.84" lane="2/1to3/1_0" slope="0.00"/>
        <vehicle id="11" x="412.49" y="198.35" angle="90.00" type="DEFAULT_VEHTYPE" speed="9.92" pos="7.74" lane="2/1to3/1_0" slope="0.00"/>
        <vehicle id="12" x="398.35" y="210.08" angle="0.00" type="DEFAULT_VEHTYPE" speed="13.85" pos="185.17" lane="2/2to2/1_0" slope="0.00"/>
        <vehicle id="14" x="489.69" y="198.35" angle="90.00" type="DEFAULT_VEHTYPE" speed="13.69" pos="84.94" lane="2/1to3/1_0" slope="0.00"/>
        <vehicle id="15" x="151.97" y="198.35" angle="90.00" type="DEFAULT_VEHTYPE" speed="12.62" pos="151.97" lane="0/1to1/1_0" slope="0.00"/>
        <vehicle id="16" x="201.65" y="250.59" angle="180.00" type="DEFAULT_VEHTYPE" speed="12.68" pos="45.84" lane="1/1to1/2_0" slope="0.00"/>
        <vehicle id="17" x="201.65" y="577.17" angle="180.00" type="DEFAULT_VEHTYPE" speed="13.34" pos="172.42" lane="1/2to1/3_0" slope="0.00"/>
        <vehicle id="18" x="189.31" y="398.35" angle="90.00" type="DEFAULT_VEHTYPE" speed="4.51" pos="189.31" lane="0/2to1/2_0" slope="0.00"/>
        <vehicle id="19" x="401.65" y="655.58" angle="180.00" type="DEFAULT_VEHTYPE" speed="13.73" pos="50.83" lane="2/3to2/4_0" slope="0.00"/>
        <vehicle id="2" x="398.35" y="307.43" angle="0.00" type="DEFAULT_VEHTYPE" speed="12.63" pos="87.82" lane="2/2to2/1_0" slope="0.00"/>
        <vehicle id="20" x="781.76" y="201.65" angle="-90.00" type="DEFAULT_VEHTYPE" speed="13.25" pos="18.24" lane="4/1to3/1_0" slope="0.00"/>
        <vehicle id="21" x="398.35" y="374.54" angle="0.00" type="DEFAULT_VEHTYPE" speed="12.16" pos="20.71" lane="2/2to2/1_0" slope="0.00"/>
        <vehicle id="22" x="233.95" y="401.65" angle="-90.00" type="DEFAULT_VEHTYPE" speed="13.85" pos="161.30" lane="2/2to1/2_0" slope="0.00"/>
        <vehicle id="23" x="358.35" y="198.35" angle="90.00" type="DEFAULT_VEHTYPE" speed="12.68" pos="153.60" lane="1/1to2/1_0" slope="0.00"/>
        <vehicle id="24" x="403.73" y="401.50" angle="-88.33" type="DEFAULT_VEHTYPE" speed="5.90" pos="1.03" lane=":2/2_6_0" slope="0.00"/>
        <vehicle id="3" x="272.60" y="198.35" angle="90.00" type="DEFAULT_VEHTYPE" speed="12.71" pos="67.85" lane="1/1to2/1_0" slope="0.00"/>
        <vehicle id="4" x="297.97" y="198.35" angle="90.00" type="DEFAULT_VEHTYPE" speed="13.90" pos="93.22" lane="1/1to2/1_0" slope="0.00"/>
        <vehicle id="5" x="167.01" y="398.35" angle="90.00" type="DEFAULT_VEHTYPE" speed="11.78" pos="167.01" lane="0/2to1/2_0" slope="0.00"/>
        <vehicle id="6" x="219.91" y="198.35" angle="90.00" type="DEFAULT_VEHTYPE" speed="13.42" pos="15.16" lane="1/1to2/1_0" slope="0.00"/>
        <vehicle id="7" x="398.35" y="260.98" angle="0.00" type="DEFAULT_VEHTYPE" speed="12.81" pos="134.27" lane="2/2to2/1_0" slope="0.00"/>
        <vehicle id="8" x="401.65" y="163.27" angle="180.00" type="DEFAULT_VEHTYPE" speed="13.57" pos="163.27" lane="2/0to2/1_0" slope="0.00"/>
        <vehicle id="9" x="601.65" y="333.08" angle="180.00" type="DEFAULT_VEHTYPE" speed="13.77" pos="128.33" lane="3/1to3/2_0" slope="0.00"/>
    </timestep>
    <timestep time="279.00">
        <vehicle id="0" x="398.35" y="327.03" angle="0.00" type="DEFAULT_VEHTYPE" speed="13.70" pos="68.22" lane="2/2to2/1_0" slope="0.00"/>
        <vehicle id="1" x="569.41" y="198.35" angle="90.00" type="DEFAULT_VEHTYPE" speed="13.82" pos="164.66" lane="2/1to3/1_0" slope="0.00"/>
        <vehicle id="11" x="424.65" y="198.35" angle="90.00" type="DEFAULT_VEHTYPE" speed="12.17" pos="19.90" lane="2/1to3/1_0" slope="0.00"/>
        <vehicle id="12" x="398.35" y="196.79" angle="0.00" type="DEFAULT_VEHTYPE" speed="13.29" pos="7.96" lane=":2/1_1_0" slope="0.00"/>
        <vehicle id="14" x="502.32" y="198.35" angle="90.00" type="DEFAULT_VEHTYPE" speed="12.64" pos="97.57" lane="2/1to3/1_0" slope="0.00"/>
        <vehicle id="15" x="165.32" y="198.35" angle="90.00" type="DEFAULT_VEHTYPE" speed="13.36" pos="165.32" lane="0/1to1/1_0" slope="0.00"/>
        <vehicle id="16" x="201.65" y="264.02" angle="180.00" type="DEFAULT_VEHTYPE" speed="13.42" pos="59.27" lane="1/1to1/2_0" slope="0.00"/>
        <vehicle id="17" x="201.65" y="590.46" angle="180.00" type="DEFAULT_VEHTYPE" speed="13.29" pos="185.71" lane="1/2to1/3_0" slope="0.00"/>
        <vehicle id="18" x="195.50" y="398.39" angle="90.40" type="DEFAULT_VEHTYPE" speed="6.19" pos="0.25" lane=":1/2_14_0" slope="0.00"/>
        <vehicle id="19" x="401.65" y="668.51" angle="180.00" type="DEFAULT_VEHTYPE" speed="12.92" pos="63.76" lane="2/3to2/4_0" slope="0.00"/>
        <vehicle id="2" x="398.35" y="293.61" angle="0.00" type="DEFAULT_VEHTYPE" speed="13.82" pos="101.64" lane="2/2to2/1_0" slope="0.00"/>
        <vehicle id="20" x="768.59" y="201.65" angle="-90.00" type="DEFAULT_VEHTYPE" speed="13.16" pos="31.41" lane="4/1to3/1_0" slope="0.00"/>
        <vehicle id="21" x="398.35" y="360.77" angle="0.00" type="DEFAULT_VEHTYPE" speed="13.77" pos="34.48" lane="2/2to2/1_0" slope="0.00"/>
        <vehicle id="22" x="223.39" y="401.65" angle="-90.00" type="DEFAULT_VEHTYPE" speed="10.56" pos="171.86" lane="2/2to1/2_0" slope="0.00"/>
        <vehicle id="23" x="371.04" y="198.35" angle="90.00" type="DEFAULT_VEHTYPE" speed="12.70" pos="166.29" lane="1/1to2/1_0" slope="0.00"/>
        <vehicle id="24" x="398.49" y="396.23" angle="-27.13" type="DEFAULT_VEHTYPE" speed="8.30" pos="9.33" lane=":2/2_6_0" slope="0.00"/>
        <vehicle id="3" x="285.94" y="198.35" angle="90.00" type="DEFAULT_VEHTYPE" speed="13.34" pos="81.19" lane="1/1to2/1_0" slope="0.00"/>
        <vehicle id="4" x="311.60" y="198.35" angle="90.00" type="DEFAULT_VEHTYPE" speed="13.63" pos="106.85" lane="1/1to2/1_0" slope="0.00"/>
        <vehicle id="5" x="176.00" y="398.35" angle="90.00" type="DEFAULT_VEHTYPE" speed="8.98" pos="176.00" lane="0/2to1/2_0" slope="0.00"/>
        <vehicle id="6" x="232.95" y="198.35" angle="90.00" type="DEFAULT_VEHTYPE" speed="13.04" pos="28.20" lane="1/1to2/1_0" slope="0.00"/>
        <vehicle id="7" x="398.35" y="247.51" angle="0.00" type="DEFAULT_VEHTYPE" speed="13.47" pos="147.74" lane="2/2to2/1_0" slope="0.00"/>
        <vehicle id="8" x="401.65" y="176.29" angle="180.00" type="DEFAULT_VEHTYPE" speed="13.01" pos="176.29" lane="2/0to2/1_0" slope="0.00"/>
        <vehicle id="9" x="601.65" y="346.50" angle="180.00" type="DEFAULT_VEHTYPE" speed="13.43" pos="141.75" lane="3/1to3/2_0" slope="0.00"/>
    </timestep>
    <timestep time="280.00">
        <vehicle id="0" x="398.35" y="313.42" angle="0.00" type="DEFAULT_VEHTYPE" speed="13.62" pos="81.83" lane="2/2to2/1_0" slope="0.00"/>
        <vehicle id="1" x="579.53" y="198.35" angle="90.00" type="DEFAULT_VEHTYPE" speed="10.12" pos="174.78" lane="2/1to3/1_0" slope="0.00"/>
        <vehicle id="11" x="437.71" y="198.35" angle="90.00" type="DEFAULT_VEHTYPE" speed="13.06" pos="32.96" lane="2/1to3/1_0" slope="0.00"/>
        <vehicle id="12" x="398.35" y="183.10" angle="0.00" type="DEFAULT_VEHTYPE" speed="13.69" pos="12.15" lane="2/1to2/0_0" slope="0.00"/>
        <vehicle id="14" x="515.28" y="198.35" angle="90.00" type="DEFAULT_VEHTYPE" speed="12.96" pos="110.53" lane="2/1to3/1_0" slope="0.00"/>
        <vehicle id="15" x="176.08" y="198.35" angle="90.00" type="DEFAULT_VEHTYPE" speed="10.76" pos="176.08" lane="0/1to1/1_0" slope="0.00"/>
        <vehicle id="16" x="201.65" y="277.86" angle="180.00" type="DEFAULT_VEHTYPE" speed="13.85" pos="73.11" lane="1/1to1/2_0" slope="0.00"/>
        <vehicle id="17" x="208.80" y="598.35" angle="91.51" type="DEFAULT_VEHTYPE" speed="13.84" pos="4.05" lane="1/3to2/3_0" slope="0.00"/>
        <vehicle id="18" x="201.32" y="402.43" angle="138.91" type="DEFAULT_VEHTYPE" speed="7.73" pos="7.98" lane=":1/2_14_0" slope="0.00"/>
        <vehicle id="19" x="401.65" y="682.03" angle="180.00" type="DEFAULT_VEHTYPE" speed="13.52" pos="77.28" lane="2/3to2/4_0" slope="0.00"/>
        <vehicle id="2" x="398.35" y="279.84" angle="0.00" type="DEFAULT_VEHTYPE" speed="13.77" pos="115.41" lane="2/2to2/1_0" slope="0.00"/>
        <vehicle id="20" x="754.81" y="201.65" angle="-90.00" type="DEFAULT_VEHTYPE" speed="13.78" pos="45.19" lane="4/1to3/1_0" slope="0.00"/>
        <vehicle id="21" x="398.35" y="347.84" angle="0.00" type="DEFAULT_VEHTYPE" speed="12.93" pos="47.41" lane="2/2to2/1_0" slope="0.00"/>
        <vehicle id="22" x="215.23" y="401.65" angle="-90.00" type="DEFAULT_VEHTYPE" speed="8.15" pos="180.02" lane="2/2to1/2_0" slope="0.00"/>
        <vehicle id="23" x="381.18" y="198.35" angle="90.00" type="DEFAULT_VEHTYPE" speed="10.14" pos="176.43" lane="1/1to2/1_0" slope="0.00"/>
        <vehicle id="24" x="398.35" y="386.15" angle="0.00" type="DEFAULT_VEHTYPE" speed="10.10" pos="9.10" lane="2/2to2/1_0" slope="0.00"/>
        <vehicle id="3" x="299.39" y="198.35" angle="90.00" type="DEFAULT_VEHTYPE" speed="13.45" pos="94.64" lane="1/1to2/1_0" slope="0.00"/>
        <vehicle id="4" x="324.20" y="198.35" angle="90.00" type="DEFAULT_VEHTYPE" speed="12.60" pos="119.45" lane="1/1to2/1_0" slope="0.00"/>
        <vehicle id="5" x="183.39" y="398.35" angle="90.00" type="DEFAULT_VEHTYPE" speed="7.39" pos="183.39" lane="0/2to1/2_0" slope="0.00"/>
        <vehicle id="6" x="246.11" y="198.35" angle="90.00" type="DEFAULT_VEHTYPE" speed="13.16" pos="41.36" lane="1/1to2/1_0" slope="0.00"/>
        <vehicle id="7" x="398.35" y="233.95" angle="0.00" type="DEFAULT_VEHTYPE" speed="13.56" pos="161.30" lane="2/2to2/1_0" slope="0.00"/>
        <vehicle id="8" x="401.65" y="189.18" angle="180.00" type="DEFAULT_VEHTYPE" speed="12.89" pos="189.18" lane="2/0to2/1_0" slope="0.00"/>
        <vehicle id="9" x="601.65" y="359.90" angle="180.00" type="DEFAULT_VEHTYPE" speed="13.40" pos="155.15" lane="3/1to3/2_0" slope="0.00"/>
    </timestep>
    <timestep time="281.00">
        <vehicle id="0" x="398.35" y="300.27" angle="0.00" type="DEFAULT_VEHTYPE" speed="13.15" pos="94.98" lane="2/2to2/1_0" slope="0.00"/>
        <vehicle id="1" x="586.18" y="198.35" angle="90.00" type="DEFAULT_VEHTYPE" speed="6.65" pos="181.43" lane="2/1to3/1_0" slope="0.00"/>
        <vehicle id="11" x="450.89" y="198.35" angle="90.00" type="DEFAULT_VEHTYPE" speed="13.17" pos="46.14" lane="2/1to3/1_0" slope="0.00"/>
        <vehicle id="12" x="398.35" y="170.22" angle="0.00" type="DEFAULT_VEHTYPE" speed="12.88" pos="25.03" lane="2/1to2/0_0" slope="0.00"/>
        <vehicle id="14" x="528.43" y="198.35" angle="90.00" type="DEFAULT_VEHTYPE" speed="13.15" pos="123.68" lane="2/1to3/1_0" slope="0.00"/>
        <vehicle id="15" x="184.62" y="198.35" angle="90.00" type="DEFAULT_VEHTYPE" speed="8.54" pos="184.62" lane="0/1to1/1_0" slope="0.00"/>
        <vehicle id="16" x="201.65" y="290.80" angle="180.00" type="DEFAULT_VEHTYPE" speed="12.93" pos="86.05" lane="1/1to1/2_0" slope="0.00"/>
        <vehicle id="17" x="222.06" y="598.35" angle="90.00" type="DEFAULT_VEHTYPE" speed="13.26" pos="17.31" lane="1/3to2/3_0" slope="0.00"/>
        <vehicle id="18" x="201.65" y="412.07" angle="180.00" type="DEFAULT_VEHTYPE" speed="9.66" pos="7.32" lane="1/2to1/3_0" slope="0.00"/>
        <vehicle id="19" x="401.65" y="695.54" angle="180.00" type="DEFAULT_VEHTYPE" speed="13.50" pos="90.79" lane="2/3to2/4_0" slope="0.00"/>
        <vehicle id="2" x="398.35" y="266.58" angle="0.00" type="DEFAULT_VEHTYPE" speed="13.26" pos="128.67" lane="2/2to2/1_0" slope="0.00"/>
        <vehicle id="20" x="741.57" y="201.65" angle="-90.00" type="DEFAULT_VEHTYPE" speed="13.23" pos="58.43" lane="4/1to3/1_0" slope="0.00"/>
        <vehicle id="21" x="398.35" y="334.24" angle="0.00" type="DEFAULT_VEHTYPE" speed="13.60" pos="61.01" lane="2/2to2/1_0" slope="0.00"/>
        <vehicle id="22" x="210.14" y="401.65" angle="-90.00" type="DEFAULT_VEHTYPE" speed="5.10" pos="185.11" lane="2/2to1/2_0" slope="0.00"/>
        <vehicle id="23" x="387.08" y="198.35" angle="90.00" type="DEFAULT_VEHTYPE" speed="5.90" pos="182.33" lane="1/1to2/1_0" slope="0.00"/>
        <vehicle id="24" x="398.35" y="373.56" angle="0.00" type="DEFAULT_VEHTYPE" speed="12.58" pos="21.69" lane="2/2to2/1_0" slope="0.00"/>
        <vehicle id="3" x="312.40" y="198.35" angle="90.00" type="DEFAULT_VEHTYPE" speed="13.01" pos="107.65" lane="1/1to2/1_0" slope="0.00"/>
        <vehicle id="4" x="337.09" y="198.35" angle="90.00" type="DEFAULT_VEHTYPE" speed="12.88" pos="132.34" lane="1/1to2/1_0" slope="0.00"/>
        <vehicle id="5" x="188.41" y="398.35" angle="90.00" type="DEFAULT_VEHTYPE" speed="5.02" pos="188.41" lane="0/2to1/2_0" slope="0.00"/>
        <vehicle id="6" x="259.94" y="198.35" angle="90.00" type="DEFAULT_VEHTYPE" speed="13.83" pos="55.19" lane="1/1to2/1_0" slope="0.00"/>
        <vehicle id="7" x="398.35" y="220.76" angle="0.00" type="DEFAULT_VEHTYPE" speed="13.19" pos="174.49" lane="2/2to2/1_0" slope="0.00"/>
        <vehicle id="8" x="407.11" y="198.35" angle="100.64" type="DEFAULT_VEHTYPE" speed="13.43" pos="2.36" lane="2/1to3/1_0" slope="0.00"/>
        <vehicle id="9" x="601.65" y="372.37" angle="180.00" type="DEFAULT_VEHTYPE" speed="12.47" pos="167.62" lane="3/1to3/2_0" slope="0.00"/>
    </timestep>
    <timestep time="282.00">
        <vehicle id="0" x="398.35" y="286.83" angle="0.00" type="DEFAULT_VEHTYPE" speed="13.44" pos="108.42" lane="2/2to2/1_0" slope="0.00"/>
        <vehicle id="1" x="589.91" y="198.35" angle="90.00" type="DEFAULT_VEHTYPE" speed="3.73" pos="185.16" lane="2/1to3/1_0" slope="0.00"/>
        <vehicle id="11" x="463.52" y="198.35" angle="90.00" type="DEFAULT_VEHTYPE" speed="12.63" pos="58.77" lane="2/1to3/1_0" slope="0.00"/>
        <vehicle id="12" x="398.35" y="157.47" angle="0.00" type="DEFAULT_VEHTYPE" speed="12.76" pos="37.78" lane="2/1to2/0_0" slope="0.00"/>
        <vehicle id="14" x="541.86" y="198.35" angle="90.00" type="DEFAULT_VEHTYPE" speed="13.43" pos="137.11" lane="2/1to3/1_0" slope="0.00"/>
        <vehicle id="15" x="189.56" y="198.35" angle="90.00" type="DEFAULT_VEHTYPE" speed="4.93" pos="189.56" lane="0/1to1/1_0" slope="0.00"/>
        <vehicle id="16" x="201.65" y="304.32" angle="180.00" type="DEFAULT_VEHTYPE" speed="13.52" pos="99.57" lane="1/1to1/2_0" slope="0.00"/>
        <vehicle id="17" x="235.21" y="598.35" angle="90.00" type="DEFAULT_VEHTYPE" speed="13.15" pos="30.46" lane="1/3to2/3_0" slope="0.00"/>
        <vehicle id="18" x="201.65" y="424.09" angle="180.00" type="DEFAULT_VEHTYPE" speed="12.02" pos="19.34" lane="1/2to1/3_0" slope="0.00"/>
        <vehicle id="19" x="401.65" y="708.20" angle="180.00" type="DEFAULT_VEHTYPE" speed="12.67" pos="103.45" lane="2/3to2/4_0" slope="0.00"/>
        <vehicle id="2" x="398.35" y="253.86" angle="0.00" type="DEFAULT_VEHTYPE" speed="12.72" pos="141.39" lane="2/2to2/1_0" slope="0.00"/>
        <vehicle id="20" x="728.37" y="201.65" angle="-90.00" type="DEFAULT_VEHTYPE" speed="13.21" pos="71.63" lane="4/1to3/1_0" slope="0.00"/>
        <vehicle id="21" x="398.35" y="321.10" angle="0.00" type="DEFAULT_VEHTYPE" speed="13.14" pos="74.15" lane="2/2to2/1_0" slope="0.00"/>
        <vehicle id="22" x="202.79" y="401.37" angle="-86.78" type="DEFAULT_VEHTYPE" speed="7.37" pos="1.98" lane=":1/2_6_0" slope="0.00"/>
        <vehicle id="23" x="390.24" y="198.35" angle="90.00" type="DEFAULT_VEHTYPE" speed="3.16" pos="185.49" lane="1/1to2/1_0" slope="0.00"/>
        <vehicle id="24" x="398.35" y="360.27" angle="0.00" type="DEFAULT_VEHTYPE" speed="13.29" pos="34.98" lane="2/2to2/1_0" slope="0.00"/>
        <vehicle id="3" x="325.92" y="198.35" angle="90.00" type="DEFAULT_VEHTYPE" speed="13.52" pos="121.17" lane="1/1to2/1_0" slope="0.00"/>
        <vehicle id="4" x="350.96" y="198.35" angle="90.00" type="DEFAULT_VEHTYPE" speed="13.88" pos="146.21" lane="1/1to2/1_0" slope="0.00"/>
        <vehicle id="5" x="195.03" y="398.35" angle="90.00" type="DEFAULT_VEHTYPE" speed="6.62" pos="195.03" lane="0/2to1/2_0" slope="0.00"/>
        <vehicle id="6" x="272.63" y="198.35" angle="90.00" type="DEFAULT_VEHTYPE" speed="12.69" pos="67.88" lane="1/1to2/1_0" slope="0.00"/>
        <vehicle id="7" x="398.35" y="207.52" angle="0.00" type="DEFAULT_VEHTYPE" speed="13.24" pos="187.73" lane="2/2to2/1_0" slope="0.00"/>
        <vehicle id="8" x="420.61" y="198.35" angle="90.00" type="DEFAULT_VEHTYPE" speed="13.50" pos="15.86" lane="2/1to3/1_0" slope="0.00"/>
        <vehicle id="9" x="601.65" y="381.15" angle="180.00" type="DEFAULT_VEHTYPE" speed="8.78" pos="176.40" lane="3/1to3/2_0" slope="0.00"/>
    </timestep>
    <timestep time="283.00">
        <vehicle id="0" x="398.35" y="273.44" angle="0.00" type="DEFAULT_VEHTYPE" speed="13.39" pos="121.81" lane="2/2to2/1_0" slope="0.00"/>
        <vehicle id="1" x="595.41" y="198.35" angle="90.00" type="DEFAULT_VEHTYPE" speed="5.50" pos="0.16" lane=":3/1_13_0" slope="0.00"/>
        <vehicle id="11" x="476.93" y="198.35" angle="90.00" type="DEFAULT_VEHTYPE" speed="13.41" pos="72.18" lane="2/1to3/1_0" slope="0.00"/>
        <vehicle id="12" x="398.35" y="143.95" angle="0.00" type="DEFAULT_VEHTYPE" speed="13.51" pos="51.30" lane="2/1to2/0_0" slope="0.00"/>
        <vehicle id="14" x="555.29" y="198.35" angle="90.00" type="DEFAULT_VEHTYPE" speed="13.43" pos="150.54" lane="2/1to3/1_0" slope="0.00"/>
        <vehicle id="15" x="195.90" y="198.26" angle="88.95" type="DEFAULT_VEHTYPE" speed="6.35" pos="0.66" lane=":1/1_12_0" slope="0.00"/>
        <vehicle id="16" x="201.65" y="317.40" angle="180.00" type="DEFAULT_VEHTYPE" speed="13.08" pos="112.65" lane="1/1to1/2_0" slope="0.00"/>
        <vehicle id="17" x="248.74" y="598.35" angle="90.00" type="DEFAULT_VEHTYPE" speed="13.53" pos="43.99" lane="1/3to2/3_0" slope="0.00"/>
        <vehicle id="18" x="201.65" y="436.81" angle="180.00" type="DEFAULT_VEHTYPE" speed="12.72" pos="32.06" lane="1/2to1/3_0" slope="0.00"/>
        <vehicle id="19" x="401.65" y="721.65" angle="180.00" type="DEFAULT_VEHTYPE" speed="13.44" pos="116.90" lane="2/3to2/4_0" slope="0.00"/>
        <vehicle id="2" x="398.35" y="241.23" angle="0.00" type="DEFAULT_VEHTYPE" speed="12.63" pos="154.02" lane="2/2to2/1_0" slope="0.00"/>
        <vehicle id="20" x="715.07" y="201.65" angle="-90.00" type="DEFAULT_VEHTYPE" speed="13.30" pos="84.93" lane="4/1to3/1_0" slope="0.00"/>
        <vehicle id="21" x="398.35" y="308.49" angle="0.00" type="DEFAULT_VEHTYPE" speed="12.61" pos="86.76" lane="2/2to2/1_0" slope="0.00"/>
        <vehicle id="22" x="198.35" y="394.50" angle="-13.36" type="DEFAULT_VEHTYPE" speed="9.09" pos="0.75" lane="1/2to1/1_0" slope="0.00"/>
        <vehicle id="23" x="395.32" y="198.35" angle="90.00" type="DEFAULT_VEHTYPE" speed="5.09" pos="0.07" lane=":2/1_13_0" slope="0.00"/>
        <vehicle id="24" x="398.35" y="347.13" angle="0.00" type="DEFAULT_VEHTYPE" speed="13.14" pos="48.12" lane="2/2to2/1_0" slope="0.00"/>
        <vehicle id="3" x="339.31" y="198.35" angle="90.00" type="DEFAULT_VEHTYPE" speed="13.38" pos="134.56" lane="1/1to2/1_0" slope="0.00"/>
        <vehicle id="4" x="363.56" y="198.35" angle="90.00" type="DEFAULT_VEHTYPE" speed="12.60" pos="158.81" lane="1/1to2/1_0" slope="0.00"/>
        <vehicle id="5" x="201.31" y="402.39" angle="138.49" type="DEFAULT_VEHTYPE" speed="8.16" pos="7.94" lane=":1/2_14_0" slope="0.00"/>
        <vehicle id="6" x="285.36" y="198.35" angle="90.00" type="DEFAULT_VEHTYPE" speed="12.73" pos="80.61" lane="1/1to2/1_0" slope="0.00"/>
        <vehicle id="7" x="389.41" y="201.65" angle="-90.00" type="DEFAULT_VEHTYPE" speed="13.61" pos="5.84" lane="2/1to1/1_0" slope="0.00"/>
        <vehicle id="8" x="434.18" y="198.35" angle="90.00" type="DEFAULT_VEHTYPE" speed="13.57" pos="29.43" lane="2/1to3/1_0" slope="0.00"/>
        <vehicle id="9" x="601.65" y="387.72" angle="180.00" type="DEFAULT_VEHTYPE" speed="6.57" pos="182.97" lane="3/1to3/2_0" slope="0.00"/>
    </timestep>
    <timestep time="284.00">
        <vehicle id="0" x="398.35" y="259.99" angle="0.00" type="DEFAULT_VEHTYPE" speed="13.44" pos="135.26" lane="2/2to2/1_0" slope="0.00"/>
        <vehicle id="1" x="603.03" y="198.35" angle="90.00" type="DEFAULT_VEHTYPE" speed="7.63" pos="7.78" lane=":3/1_13_0" slope="0.00"/>
        <vehicle id="11" x="490.20" y="198.35" angle="90.00" type="DEFAULT_VEHTYPE" speed="13.27" pos="85.45" lane="2/1to3/1_0" slope="0.00"/>
        <vehicle id="12" x="398.35" y="130.88" angle="0.00" type="DEFAULT_VEHTYPE" speed="13.07" pos="64.37" lane="2/1to2/0_0" slope="0.00"/>
        <vehicle id="14" x="568.05" y="198.35" angle="90.00" type="DEFAULT_VEHTYPE" speed="12.76" pos="163.30" lane="2/1to3/1_0" slope="0.00"/>
        <vehicle id="15" x="198.35" y="191.17" angle="1.47" type="DEFAULT_VEHTYPE" speed="8.42" pos="4.08" lane="1/1to1/0_0" slope="0.00"/>
        <vehicle id="16" x="201.65" y="330.41" angle="180.00" type="DEFAULT_VEHTYPE" speed="13.01" pos="125.66" lane="1/1to1/2_0" slope="0.00"/>
        <vehicle id="17" x="261.73" y="598.35" angle="90.00" type="DEFAULT_VEHTYPE" speed="12.99" pos="56.98" lane="1/3to2/3_0" slope="0.00"/>
        <vehicle id="18" x="201.65" y="449.61" angle="180.00" type="DEFAULT_VEHTYPE" speed="12.80" pos="44.86" lane="1/2to1/3_0" slope="0.00"/>
        <vehicle id="19" x="401.65" y="735.04" angle="180.00" type="DEFAULT_VEHTYPE" speed="13.39" pos="130.29" lane="2/3to2/4_0" slope="0.00"/>
        <vehicle id="2" x="398.35" y="227.83" angle="0.00" type="DEFAULT_VEHTYPE" speed="13.41" pos="167.42" lane="2/2to2/1_0" slope="0.00"/>
        <vehicle id="20" x="702.05" y="201.65" angle="-90.00" type="DEFAULT_VEHTYPE" speed="13.02" pos="97.95" lane="4/1to3/1_0" slope="0.00"/>
        <vehicle id="21" x="398.35" y="295.37" angle="0.00" type="DEFAULT_VEHTYPE" speed="13.12" pos="99.88" lane="2/2to2/1_0" slope="0.00"/>
        <vehicle id="22" x="198.35" y="382.94" angle="0.00" type="DEFAULT_VEHTYPE" speed="11.56" pos="12.31" lane="1/2to1/1_0" slope="0.00"/>
        <vehicle id="23" x="402.16" y="198.35" angle="90.00" type="DEFAULT_VEHTYPE" speed="6.83" pos="6.91" lane=":2/1_13_0" slope="0.00"/>
        <vehicle id="24" x="398.35" y="334.15" angle="0.00" type="DEFAULT_VEHTYPE" speed="12.98" pos="61.10" lane="2/2to2/1_0" slope="0.00"/>
        <vehicle id="3" x="351.90" y="198.35" angle="90.00" type="DEFAULT_VEHTYPE" speed="12.60" pos="147.15" lane="1/1to2/1_0" slope="0.00"/>
        <vehicle id="4" x="375.80" y="198.35" angle="90.00" type="DEFAULT_VEHTYPE" speed="12.24" pos="171.05" lane="1/1to2/1_0" slope="0.00"/>
        <vehicle id="5" x="201.65" y="411.90" angle="180.00" type="DEFAULT_VEHTYPE" speed="9.53" pos="7.15" lane="1/2to1/3_0" slope="0.00"/>
        <vehicle id="6" x="298.39" y="198.35" angle="90.00" type="DEFAULT_VEHTYPE" speed="13.03" pos="93.64" lane="1/1to2/1_0" slope="0.00"/>
        <vehicle id="7" x="376.02" y="201.65" angle="-90.00" type="DEFAULT_VEHTYPE" speed="13.39" pos="19.23" lane="2/1to1/1_0" slope="0.00"/>
        <vehicle id="8" x="447.91" y="198.35" angle="90.00" type="DEFAULT_VEHTYPE" speed="13.73" pos="43.16" lane="2/1to3/1_0" slope="0.00"/>
        <vehicle id="9" x="601.65" y="390.57" angle="180.00" type="DEFAULT_VEHTYPE" speed="2.85" pos="185.82" lane="3/1to3/2_0" slope="0.00"/>
    </timestep>
    <timestep time="285.00">
        <vehicle id="0" x="398.35" y="246.76" angle="0.00" type="DEFAULT_VEHTYPE" speed="13.23" pos="148.49" lane="2/2to2/1_0" slope="0.00"/>
        <vehicle id="1" x="612.03" y="198.35" angle="90.00" type="DEFAULT_VEHTYPE" speed="8.99" pos="7.28" lane="3/1to4/1_0" slope="0.00"/>
        <vehicle id="11" x="503.75" y="198.35" angle="90.00" type="DEFAULT_VEHTYPE" speed="13.55" pos="99.00" lane="2/1to3/1_0" slope="0.00"/>
        <vehicle id="12" x="398.35" y="117.45" angle="0.00" type="DEFAULT_VEHTYPE" speed="13.44" pos="77.80" lane="2/1to2/0_0" slope="0.00"/>
        <vehicle id="14" x="577.89" y="198.35" angle="90.00" type="DEFAULT_VEHTYPE" speed="9.84" pos="173.14" lane="2/1to3/1_0" slope="0.00"/>
        <vehicle id="15" x="198.35" y="181.18" angle="0.00" type="DEFAULT_VEHTYPE" speed="9.99" pos="14.07" lane="1/1to1/0_0" slope="0.00"/>
        <vehicle id="16" x="201.65" y="343.12" angle="180.00" type="DEFAULT_VEHTYPE" speed="12.71" pos="138.37" lane="1/1to1/2_0" slope="0.00"/>
        <vehicle id="17" x="275.60" y="598.35" angle="90.00" type="DEFAULT_VEHTYPE" speed="13.87" pos="70.85" lane="1/3to2/3_0" slope="0.00"/>
        <vehicle id="18" x="201.65" y="462.67" angle="180.00" type="DEFAULT_VEHTYPE" speed="13.06" pos="57.92" lane="1/2to1/3_0" slope="0.00"/>
        <vehicle id="19" x="401.65" y="748.39" angle="180.00" type="DEFAULT_VEHTYPE" speed="13.35" pos="143.64" lane="2/3to2/4_0" slope="0.00"/>
        <vehicle id="2" x="398.35" y="215.85" angle="0.00" type="DEFAULT_VEHTYPE" speed="11.97" pos="179.40" lane="2/2to2/1_0" slope="0.00"/>
        <vehicle id="20" x="688.73" y="201.65" angle="-90.00" type="DEFAULT_VEHTYPE" speed="13.32" pos="111.27" lane="4/1to3/1_0" slope="0.00"/>
        <vehicle id="21" x="398.35" y="281.81" angle="0.00" type="DEFAULT_VEHTYPE" speed="13.55" pos="113.44" lane="2/2to2/1_0" slope="0.00"/>
        <vehicle id="22" x="198.35" y="369.40" angle="0.00" type="DEFAULT_VEHTYPE" speed="13.54" pos="25.85" lane="1/2to1/1_0" slope="0.00"/>
        <vehicle id="23" x="410.69" y="198.35" angle="90.00" type="DEFAULT_VEHTYPE" speed="8.53" pos="5.94" lane="2/1to3/1_0" slope="0.00"/>
        <vehicle id="24" x="398.35" y="320.77" angle="0.00" type="DEFAULT_VEHTYPE" speed="13.38" pos="74.48" lane="2/2to2/1_0" slope="0.00"/>
        <vehicle id="3" x="364.43" y="198.35" angle="90.00" type="DEFAULT_VEHTYPE" speed="12.53" pos="159.68" lane="1/1to2/1_0" slope="0.00"/>
        <vehicle id="4" x="384.38" y="198.35" angle="90.00" type="DEFAULT_VEHTYPE" speed="8.58" pos="179.63" lane="1/1to2/1_0" slope="0.00"/>
        <vehicle id="5" x="201.65" y="423.21" angle="180.00" type="DEFAULT_VEHTYPE" speed="11.31" pos="18.46" lane="1/2to1/3_0" slope="0.00"/>
        <vehicle id="6" x="311.39" y="198.35" angle="90.00" type="DEFAULT_VEHTYPE" speed="13.00" pos="106.64" lane="1/1to2/1_0" slope="0.00"/>
        <vehicle id="7" x="362.92" y="201.65" angle="-90.00" type="DEFAULT_VEHTYPE" speed="13.10" pos="32.33" lane="2/1to1/1_0" slope="0.00"/>
        <vehicle id="8" x="461.33" y="198.35" angle="90.00" type="DEFAULT_VEHTYPE" speed="13.42" pos="56.58" lane="2/1to3/1_0" slope="0.00"/>
        <vehicle id="9" x="601.65" y="395.28" angle="-179.95" type="DEFAULT_VEHTYPE" speed="4.71" pos="0.03" lane=":3/2_10_0" slope="0.00"/>
    </timestep>
    <timestep time="286.00">
        <vehicle id="0" x="398.35" y="234.04" angle="0.00" type="DEFAULT_VEHTYPE" speed="12.72" pos="161.21" lane="2/2to2/1_0" slope="0.00"/>
        <vehicle id="1" x="623.42" y="198.35" angle="90.00" type="DEFAULT_VEHTYPE" speed="11.39" pos="18.67" lane="3/1to4/1_0" slope="0.00"/>
        <vehicle id="11" x="517.00" y="198.35" angle="90.00" type="DEFAULT_VEHTYPE" speed="13.25" pos="112.25" lane="2/1to3/1_0" slope="0.00"/>
        <vehicle id="12" x="398.35" y="104.43" angle="0.00" type="DEFAULT_VEHTYPE" speed="13.01" pos="90.82" lane="2/1to2/0_0" slope="0.00"/>
        <vehicle id="14" x="584.58" y="198.35" angle="90.00" type="DEFAULT_VEHTYPE" speed="6.69" pos="179.83" lane="2/1to3/1_0" slope="0.00"/>
        <vehicle id="15" x="198.35" y="169.89" angle="0.00" type="DEFAULT_VEHTYPE" speed="11.29" pos="25.36" lane="1/1to1/0_0" slope="0.00"/>
        <vehicle id="16" x="201.65" y="356.47" angle="180.00" type="DEFAULT_VEHTYPE" speed="13.35" pos="151.72" lane="1/1to1/2_0" slope="0.00"/>
        <vehicle id="17" x="288.30" y="598.35" angle="90.00" type="DEFAULT_VEHTYPE" speed="12.71" pos="83.55" lane="1/3to2/3_0" slope="0.00"/>
        <vehicle id="18" x="201.65" y="475.31" angle="180.00" type="DEFAULT_VEHTYPE" speed="12.64" pos="70.56" lane="1/2to1/3_0" slope="0.00"/>
        <vehicle id="19" x="401.65" y="761.03" angle="180.00" type="DEFAULT_VEHTYPE" speed="12.64" pos="156.28" lane="2/3to2/4_0" slope="0.00"/>
        <vehicle id="2" x="398.35" y="202.03" angle="0.00" type="DEFAULT_VEHTYPE" speed="13.82" pos="2.72" lane=":2/1_1_0" slope="0.00"/>
        <vehicle id="20" x="675.35" y="201.65" angle="-90.00" type="DEFAULT_VEHTYPE" speed="13.38" pos="124.65" lane="4/1to3/1_0" slope="0.00"/>
        <vehicle id="21" x="398.35" y="268.72" angle="0.00" type="DEFAULT_VEHTYPE" speed="13.10" pos="126.53" lane="2/2to2/1_0" slope="0.00"/>
        <vehicle id="22" x="198.35" y="355.70" angle="0.00" type="DEFAULT_VEHTYPE" speed="13.70" pos="39.55" lane="1/2to1/1_0" slope="0.00"/>
        <vehicle id="23" x="421.81" y="198.35" angle="90.00" type="DEFAULT_VEHTYPE" speed="11.12" pos="17.06" lane="2/1to3/1_0" slope="0.00"/>
        <vehicle id="24" x="398.35" y="307.19" angle="0.00" type="DEFAULT_VEHTYPE" speed="13.58" pos="88.06" lane="2/2to2/1_0" slope="0.00"/>
        <vehicle id="3" x="373.08" y="198.35" angle="90.00" type="DEFAULT_VEHTYPE" speed="8.65" pos="168.33" lane="1/1to2/1_0" slope="0.00"/>
        <vehicle id="4" x="389.52" y="198.35" angle="90.00" type="DEFAULT_VEHTYPE" speed="5.14" pos="184.77" lane="1/1to2/1_0" slope="0.00"/>
        <vehicle id="5" x="201.65" y="436.62" angle="180.00" type="DEFAULT_VEHTYPE" speed="13.41" pos="31.87" lane="1/2to1/3_0" slope="0.00"/>
        <vehicle id="6" x="324.02" y="198.35" angle="90.00" type="DEFAULT_VEHTYPE" speed="12.63" pos="119.27" lane="1/1to2/1_0" slope="0.00"/>
        <vehicle id="7" x="350.04" y="201.65" angle="-90.00" type="DEFAULT_VEHTYPE" speed="12.88" pos="45.21" lane="2/1to1/1_0" slope="0.00"/>
        <vehicle id="8" x="474.52" y="198.35" angle="90.00" type="DEFAULT_VEHTYPE" speed="13.18" pos="69.77" lane="2/1to3/1_0" slope="0.00"/>
        <vehicle id="9" x="598.73" y="400.84" angle="-145.56" type="DEFAULT_VEHTYPE" speed="6.67" pos="6.70" lane=":3/2_10_0" slope="0.00"/>
    </timestep>
    <timestep time="287.00">
        <vehicle id="0" x="398.35" y="220.38" angle="0.00" type="DEFAULT_VEHTYPE" speed="13.66" pos="174.87" lane="2/2to2/1_0" slope="0.00"/>
        <vehicle id="1" x="637.18" y="198.35" angle="90.00" type="DEFAULT_VEHTYPE" speed="13.76" pos="32.43" lane="3/1to4/1_0" slope="0.00"/>
        <vehicle id="11" x="529.89" y="198.35" angle="90.00" type="DEFAULT_VEHTYPE" speed="12.89" pos="125.14" lane="2/1to3/1_0" slope="0.00"/>
        <vehicle id="12" x="398.35" y="91.20" angle="0.00" type="DEFAULT_VEHTYPE" speed="13.23" pos="104.05" lane="2/1to2/0_0" slope="0.00"/>
        <vehicle id="14" x="588.64" y="198.35" angle="90.00" type="DEFAULT_VEHTYPE" speed="4.06" pos="183.89" lane="2/1to3/1_0" slope="0.00"/>
        <vehicle id="15" x="198.35" y="156.58" angle="0.00" type="DEFAULT_VEHTYPE" speed="13.31" pos="38.67" lane="1/1to1/0_0" slope="0.00"/>
        <vehicle id="16" x="201.65" y="370.05" angle="180.00" type="DEFAULT_VEHTYPE" speed="13.58" pos="165.30" lane="1/1to1/2_0" slope="0.00"/>
        <vehicle id="17" x="301.87" y="598.35" angle="90.00" type="DEFAULT_VEHTYPE" speed="13.57" pos="97.12" lane="1/3to2/3_0" slope="0.00"/>
        <vehicle id="18" x="201.65" y="489.12" angle="180.00" type="DEFAULT_VEHTYPE" speed="13.81" pos="84.37" lane="1/2to1/3_0" slope="0.00"/>
        <vehicle id="19" x="401.65" y="774.00" angle="180.00" type="DEFAULT_VEHTYPE" speed="12.97" pos="169.25" lane="2/3to2/4_0" slope="0.00"/>
        <vehicle id="2" x="398.35" y="189.33" angle="0.00" type="DEFAULT_VEHTYPE" speed="12.70" pos="5.92" lane="2/1to2/0_0" slope="0.00"/>
        <vehicle id="20" x="662.55" y="201.65" angle="-90.00" type="DEFAULT_VEHTYPE" speed="12.80" pos="137.45" lane="4/1to3/1_0" slope="0.00"/>
        <vehicle id="21" x="398.35" y="255.98" angle="0.00" type="DEFAULT_VEHTYPE" speed="12.74" pos="139.27" lane="2/2to2/1_0" slope="0.00"/>
        <vehicle id="22" x="198.35" y="342.19" angle="0.00" type="DEFAULT_VEHTYPE" speed="13.51" pos="53.06" lane="1/2to1/1_0" slope="0.00"/>
        <vehicle id="23" x="434.42" y="198.35" angle="90.00" type="DEFAULT_VEHTYPE" speed="12.61" pos="29.67" lane="2/1to3/1_0" slope="0.00"/>
        <vehicle id="24" x="398.35" y="294.50" angle="0.00" type="DEFAULT_VEHTYPE" speed="12.69" pos="100.75" lane="2/2to2/1_0" slope="0.00"/>
        <vehicle id="3" x="379.55" y="198.35" angle="90.00" type="DEFAULT_VEHTYPE" speed="6.46" pos="174.80" lane="1/1to2/1_0" slope="0.00"/>
        <vehicle id="4" x="391.06" y="198.35" angle="90.00" type="DEFAULT_VEHTYPE" speed="1.53" pos="186.31" lane="1/1to2/1_0" slope="0.00"/>
        <vehicle id="5" x="201.65" y="449.30" angle="180.00" type="DEFAULT_VEHTYPE" speed="12.67" pos="44.55" lane="1/2to1/3_0" slope="0.00"/>
        <vehicle id="6" x="336.99" y="198.35" angle="90.00" type="DEFAULT_VEHTYPE" speed="12.97" pos="132.24" lane="1/1to2/1_0" slope="0.00"/>
        <vehicle id="7" x="336.93" y="201.65" angle="-90.00" type="DEFAULT_VEHTYPE" speed="13.11" pos="58.32" lane="2/1to1/1_0" slope="0.00"/>
        <vehicle id="8" x="487.84" y="198.35" angle="90.00" type="DEFAULT_VEHTYPE" speed="13.32" pos="83.09" lane="2/1to3/1_0" slope="0.00"/>
        <vehicle id="9" x="590.68" y="401.65" angle="-90.70" type="DEFAULT_VEHTYPE" speed="8.19" pos="4.57" lane="3/2to2/2_0" slope="0.00"/>
    </timestep>
    <timestep time="288.00">
        <vehicle id="0" x="398.35" y="207.22" angle="0.00" type="DEFAULT_VEHTYPE" speed="13.16" pos="188.03" lane="2/2to2/1_0" slope="0.00"/>
        <vehicle id="1" x="650.38" y="198.35" angle="90.00" type="DEFAULT_VEHTYPE" speed="13.20" pos="45.63" lane="3/1to4/1_0" slope="0.00"/>
        <vehicle id="11" x="542.66" y="198.35" angle="90.00" type="DEFAULT_VEHTYPE" speed="12.77" pos="137.91" lane="2/1to3/1_0" slope="0.00"/>
        <vehicle id="12" x="398.35" y="78.37" angle="0.00" type="DEFAULT_VEHTYPE" speed="12.83" pos="116.88" lane="2/1to2/0_0" slope="0.00"/>
        <vehicle id="14" x="594.70" y="198.35" angle="90.00" type="DEFAULT_VEHTYPE" speed="6.06" pos="189.95" lane="2/1to3/1_0" slope="0.00"/>
        <vehicle id="15" x="198.35" y="143.92" angle="0.00" type="DEFAULT_VEHTYPE" speed="12.66" pos="51.33" lane="1/1to1/0_0" slope="0.00"/>
        <vehicle id="16" x="201.65" y="383.79" angle="180.00" type="DEFAULT_VEHTYPE" speed="13.74" pos="179.04" lane="1/1to1/2_0" slope="0.00"/>
        <vehicle id="17" x="315.58" y="598.35" angle="90.00" type="DEFAULT_VEHTYPE" speed="13.70" pos="110.83" lane="1/3to2/3_0" slope="0.00"/>
        <vehicle id="18" x="201.65" y="502.42" angle="180.00" type="DEFAULT_VEHTYPE" speed="13.30" pos="97.67" lane="1/2to1/3_0" slope="0.00"/>
        <vehicle id="19" x="401.65" y="786.93" angle="180.00" type="DEFAULT_VEHTYPE" speed="12.94" pos="182.18" lane="2/3to2/4_0" slope="0.00"/>
        <vehicle id="2" x="398.35" y="176.33" angle="0.00" type="DEFAULT_VEHTYPE" speed="13.00" pos="18.92" lane="2/1to2/0_0" slope="0.00"/>
        <vehicle id="20" x="649.05" y="201.65" angle="-90.00" type="DEFAULT_VEHTYPE" speed="13.50" pos="150.95" lane="4/1to3/1_0" slope="0.00"/>
        <vehicle id="21" x="398.35" y="243.05" angle="0.00" type="DEFAULT_VEHTYPE" speed="12.93" pos="152.20" lane="2/2to2/1_0" slope="0.00"/>
        <vehicle id="22" x="198.35" y="328.70" angle="0.00" type="DEFAULT_VEHTYPE" speed="13.48" pos="66.55" lane="1/2to1/1_0" slope="0.00"/>
        <vehicle id="23" x="447.68" y="198.35" angle="90.00" type="DEFAULT_VEHTYPE" speed="13.26" pos="42.93" lane="2/1to3/1_0" slope="0.00"/>
        <vehicle id="24" x="398.35" y="281.76" angle="0.00" type="DEFAULT_VEHTYPE" speed="12.74" pos="113.49" lane="2/2to2/1_0" slope="0.00"/>
        <vehicle id="3" x="381.51" y="198.35" angle="90.00" type="DEFAULT_VEHTYPE" speed="1.96" pos="176.76" lane="1/1to2/1_0" slope="0.00"/>
        <vehicle id="4" x="392.04" y="198.35" angle="90.00" type="DEFAULT_VEHTYPE" speed="0.99" pos="187.29" lane="1/1to2/1_0" slope="0.00"/>
        <vehicle id="5" x="201.65" y="462.39" angle="180.00" type="DEFAULT_VEHTYPE" speed="13.09" pos="57.64" lane="1/2to1/3_0" slope="0.00"/>
        <vehicle id="6" x="350.81" y="198.35" angle="90.00" type="DEFAULT_VEHTYPE" speed="13.82" pos="146.06" lane="1/1to2/1_0" slope="0.00"/>
        <vehicle id="7" x="323.46" y="201.65" angle="-90.00" type="DEFAULT_VEHTYPE" speed="13.47" pos="71.79" lane="2/1to1/1_0" slope="0.00"/>
        <vehicle id="8" x="501.16" y="198.35" angle="90.00" type="DEFAULT_VEHTYPE" speed="13.32" pos="96.41" lane="2/1to3/1_0" slope="0.00"/>
        <vehicle id="9" x="580.01" y="401.65" angle="-90.00" type="DEFAULT_VEHTYPE" speed="10.67" pos="15.24" lane="3/2to2/2_0" slope="0.00"/>
    </timestep>
    <timestep time="289.00">
        <vehicle id="0" x="398.35" y="194.22" angle="0.00" type="DEFAULT_VEHTYPE" speed="13.00" pos="1.03" lane="2/1to2/0_0" slope="0.00"/>
        <vehicle id="1" x="664.13" y="198.35" angle="90.00" type="DEFAULT_VEHTYPE" speed="13.75" pos="59.38" lane="3/1to4/1_0" slope="0.00"/>
        <vehicle id="11" x="556.14" y="198.35" angle="90.00" type="DEFAULT_VEHTYPE" speed="13.48" pos="151.39" lane="2/1to3/1_0" slope="0.00"/>
        <vehicle id="12" x="398.35" y="65.66" angle="0.00" type="DEFAULT_VEHTYPE" speed="12.72" pos="129.59" lane="2/1to2/0_0" slope="0.00"/>
        <vehicle id="14" x="601.26" y="201.99" angle="133.20" type="DEFAULT_VEHTYPE" speed="8.08" pos="7.53" lane=":3/1_14_0" slope="0.00"/>
        <vehicle id="15" x="198.35" y="131.04" angle="0.00" type="DEFAULT_VEHTYPE" speed="12.88" pos="64.21" lane="1/1to1/0_0" slope="0.00"/>
        <vehicle id="16" x="201.99" y="396.86" angle="176.06" type="DEFAULT_VEHTYPE" speed="13.12" pos="1.66" lane=":1/2_8_0" slope="0.00"/>
        <vehicle id="17" x="329.28" y="598.35" angle="90.00" type="DEFAULT_VEHTYPE" speed="13.71" pos="124.53" lane="1/3to2/3_0" slope="0.00"/>
        <vehicle id="18" x="201.65" y="516.27" angle="180.00" type="DEFAULT_VEHTYPE" speed="13.85" pos="111.52" lane="1/2to1/3_0" slope="0.00"/>
        <vehicle id="19" x="401.65" y="799.62" angle="180.00" type="DEFAULT_VEHTYPE" speed="12.69" pos="194.87" lane="2/3to2/4_0" slope="0.00"/>
        <vehicle id="2" x="398.35" y="162.91" angle="0.00" type="DEFAULT_VEHTYPE" speed="13.41" pos="32.34" lane="2/1to2/0_0" slope="0.00"/>
        <vehicle id="20" x="635.27" y="201.65" angle="-90.00" type="DEFAULT_VEHTYPE" speed="13.78" pos="164.73" lane="4/1to3/1_0" slope="0.00"/>
        <vehicle id="21" x="398.35" y="229.84" angle="0.00" type="DEFAULT_VEHTYPE" speed="13.21" pos="165.41" lane="2/2to2/1_0" slope="0.00"/>
        <vehicle id="22" x="198.35" y="315.38" angle="0.00" type="DEFAULT_VEHTYPE" speed="13.33" pos="79.87" lane="1/2to1/1_0" slope="0.00"/>
        <vehicle id="23" x="461.57" y="198.35" angle="90.00" type="DEFAULT_VEHTYPE" speed="13.89" pos="56.82" lane="2/1to3/1_0" slope="0.00"/>
        <vehicle id="24" x="398.35" y="268.26" angle="0.00" type="DEFAULT_VEHTYPE" speed="13.50" pos="126.99" lane="2/2to2/1_0" slope="0.00"/>
        <vehicle id="3" x="383.25" y="198.35" angle="90.00" type="DEFAULT_VEHTYPE" speed="1.74" pos="178.50" lane="1/1to2/1_0" slope="0.00"/>
        <vehicle id="4" x="392.48" y="198.35" angle="90.00" type="DEFAULT_VEHTYPE" speed="0.44" pos="187.73" lane="1/1to2/1_0" slope="0.00"/>
        <vehicle id="5" x="201.65" y="476.05" angle="180.00" type="DEFAULT_VEHTYPE" speed="13.66" pos="71.30" lane="1/2to1/3_0" slope="0.00"/>
        <vehicle id="6" x="360.41" y="198.35" angle="90.00" type="DEFAULT_VEHTYPE" speed="9.60" pos="155.66" lane="1/1to2/1_0" slope="0.00"/>
        <vehicle id="7" x="310.81" y="201.65" angle="-90.00" type="DEFAULT_VEHTYPE" speed="12.65" pos="84.44" lane="2/1to1/1_0" slope="0.00"/>
        <vehicle id="8" x="513.76" y="198.35" angle="90.00" type="DEFAULT_VEHTYPE" speed="12.60" pos="109.01" lane="2/1to3/1_0" slope="0.00"/>
        <vehicle id="9" x="566.75" y="401.65" angle="-90.00" type="DEFAULT_VEHTYPE" speed="13.26" pos="28.50" lane="3/2to2/2_0" slope="0.00"/>
    </timestep>
    <timestep time="290.00">
        <vehicle id="0" x="398.35" y="180.51" angle="0.00" type="DEFAULT_VEHTYPE" speed="13.70" pos="14.74" lane="2/1to2/0_0" slope="0.00"/>
        <vehicle id="1" x="677.23" y="198.35" angle="90.00" type="DEFAULT_VEHTYPE" speed="13.10" pos="72.48" lane="3/1to4/1_0" slope="0.00"/>
        <vehicle id="11" x="568.95" y="198.35" angle="90.00" type="DEFAULT_VEHTYPE" speed="12.81" pos="164.20" lane="2/1to3/1_0" slope="0.00"/>
        <vehicle id="12" x="398.35" y="52.42" angle="0.00" type="DEFAULT_VEHTYPE" speed="13.24" pos="142.83" lane="2/1to2/0_0" slope="0.00"/>
        <vehicle id="14" x="601.65" y="211.80" angle="180.00" type="DEFAULT_VEHTYPE" speed="9.84" pos="7.05" lane="3/1to3/2_0" slope="0.00"/>
        <vehicle id="15" x="198.35" y="117.93" angle="0.00" type="DEFAULT_VEHTYPE" speed="13.11" pos="77.32" lane="1/1to1/0_0" slope="0.00"/>
        <vehicle id="16" x="214.75" y="398.35" angle="90.00" type="DEFAULT_VEHTYPE" speed="13.34" pos="10.00" lane="1/2to2/2_0" slope="0.00"/>
        <vehicle id="17" x="342.52" y="598.35" angle="90.00" type="DEFAULT_VEHTYPE" speed="13.24" pos="137.77" lane="1/3to2/3_0" slope="0.00"/>
        <vehicle id="18" x="201.65" y="529.19" angle="180.00" type="DEFAULT_VEHTYPE" speed="12.92" pos="124.44" lane="1/2to1/3_0" slope="0.00"/>
        <vehicle id="19" x="398.35" y="791.88" angle="0.00" type="DEFAULT_VEHTYPE" speed="13.31" pos="8.12" lane="2/4to2/3_0" slope="0.00"/>
        <vehicle id="2" x="398.35" y="149.47" angle="0.00" type="DEFAULT_VEHTYPE" speed="13.45" pos="45.78" lane="2/1to2/0_0" slope="0.00"/>
        <vehicle id="20" x="624.50" y="201.65" angle="-90.00" type="DEFAULT_VEHTYPE" speed="10.78" pos="175.50" lane="4/1to3/1_0" slope="0.00"/>
        <vehicle id="21" x="398.35" y="216.72" angle="0.00" type="DEFAULT_VEHTYPE" speed="13.13" pos="178.53" lane="2/2to2/1_0" slope="0.00"/>
        <vehicle id="22" x="198.35" y="302.45" angle="0.00" type="DEFAULT_VEHTYPE" speed="12.93" pos="92.80" lane="1/2to1/1_0" slope="0.00"/>
        <vehicle id="23" x="474.80" y="198.35" angle="90.00" type="DEFAULT_VEHTYPE" speed="13.23" pos="70.05" lane="2/1to3/1_0" slope="0.00"/>
        <vehicle id="24" x="398.35" y="254.86" angle="0.00" type="DEFAULT_VEHTYPE" speed="13.40" pos="140.39" lane="2/2to2/1_0" slope="0.00"/>
        <vehicle id="3" x="384.28" y="198.35" angle="90.00" type="DEFAULT_VEHTYPE" speed="1.03" pos="179.53" lane="1/1to2/1_0" slope="0.00"/>
        <vehicle id="4" x="392.73" y="198.35" angle="90.00" type="DEFAULT_VEHTYPE" speed="0.25" pos="187.98" lane="1/1to2/1_0" slope="0.00"/>
        <vehicle id="5" x="201.65" y="489.41" angle="180.00" type="DEFAULT_VEHTYPE" speed="13.36" pos="84.66" lane="1/2to1/3_0" slope="0.00"/>
        <vehicle id="6" x="367.49" y="198.35" angle="90.00" type="DEFAULT_VEHTYPE" speed="7.08" pos="162.74" lane="1/1to2/1_0" slope="0.00"/>
        <vehicle id="7" x="297.28" y="201.65" angle="-90.00" type="DEFAULT_VEHTYPE" speed="13.53" pos="97.97" lane="2/1to1/1_0" slope="0.00"/>
        <vehicle id="8" x="527.08" y="198.35" angle="90.00" type="DEFAULT_VEHTYPE" speed="13.32" pos="122.33" lane="2/1to3/1_0" slope="0.00"/>
        <vehicle id="9" x="554.04" y="401.65" angle="-90.00" type="DEFAULT_VEHTYPE" speed="12.72" pos="41.21" lane="3/2to2/2_0" slope="0.00"/>
    </timestep>
    <timestep time="291.00">
        <vehicle id="0" x="398.35" y="167.83" angle="0.00" type="DEFAULT_VEHTYPE" speed="12.68" pos="27.42" lane="2/1to2/0_0" slope="0.00"/>
        <vehicle id="1" x="690.04" y="198.35" angle="90.00" type="DEFAULT_VEHTYPE" speed="12.81" pos="85.29" lane="3/1to4/1_0" slope="0.00"/>
        <vehicle id="11" x="579.52" y="198.35" angle="90.00" type="DEFAULT_VEHTYPE" speed="10.57" pos="174.77" lane="2/1to3/1_0" slope="0.00"/>
        <vehicle id="12" x="398.35" y="38.77" angle="0.00" type="DEFAULT_VEHTYPE" speed="13.65" pos="156.48" lane="2/1to2/0_0" slope="0.00"/>
        <vehicle id="14" x="601.65" y="223.60" angle="180.00" type="DEFAULT_VEHTYPE" speed="11.79" pos="18.85" lane="3/1to3/2_0" slope="0.00"/>
        <vehicle id="15" x="198.35" y="105.09" angle="0.00" type="DEFAULT_VEHTYPE" speed="12.84" pos="90.16" lane="1/1to1/0_0" slope="0.00"/>
        <vehicle id="16" x="227.46" y="398.35" angle="90.00" type="DEFAULT_VEHTYPE" speed="12.71" pos="22.71" lane="1/2to2/2_0" slope="0.00"/>
        <vehicle id="17" x="356.17" y="598.35" angle="90.00" type="DEFAULT_VEHTYPE" speed="13.65" pos="151.42" lane="1/3to2/3_0" slope="0.00"/>
        <vehicle id="18" x="201.65" y="542.24" angle="180.00" type="DEFAULT_VEHTYPE" speed="13.04" pos="137.49" lane="1/2to1/3_0" slope="0.00"/>
        <vehicle id="19" x="398.35" y="778.85" angle="0.00" type="DEFAULT_VEHTYPE" speed="13.03" pos="21.15" lane="2/4to2/3_0" slope="0.00"/>
        <vehicle id="2" x="398.35" y="135.90" angle="0.00" type="DEFAULT_VEHTYPE" speed="13.57" pos="59.35" lane="2/1to2/0_0" slope="0.00"/>
        <vehicle id="20" x="616.85" y="201.65" angle="-90.00" type="DEFAULT_VEHTYPE" speed="7.65" pos="183.15" lane="4/1to3/1_0" slope="0.00"/>
        <vehicle id="21" x="398.35" y="203.82" angle="0.00" type="DEFAULT_VEHTYPE" speed="12.90" pos="0.93" lane=":2/1_1_0" slope="0.00"/>
        <vehicle id="22" x="198.35" y="289.32" angle="0.00" type="DEFAULT_VEHTYPE" speed="13.13" pos="105.93" lane="1/2to1/1_0" slope="0.00"/>
        <vehicle id="23" x="488.32" y="198.35" angle="90.00" type="DEFAULT_VEHTYPE" speed="13.52" pos="83.57" lane="2/1to3/1_0" slope="0.00"/>
        <vehicle id="24" x="398.35" y="241.97" angle="0.00" type="DEFAULT_VEHTYPE" speed="12.89" pos="153.28" lane="2/2to2/1_0" slope="0.00"/>
        <vehicle id="3" x="384.74" y="198.35" angle="90.00" type="DEFAULT_VEHTYPE" speed="0.46" pos="179.99" lane="1/1to2/1_0" slope="0.00"/>
        <vehicle id="4" x="392.75" y="198.35" angle="90.00" type="DEFAULT_VEHTYPE" speed="0.02" pos="188.00" lane="1/1to2/1_0" slope="0.00"/>
        <vehicle id="5" x="201.65" y="502.98" angle="180.00" type="DEFAULT_VEHTYPE" speed="13.57" pos="98.23" lane="1/2to1/3_0" slope="0.00"/>
        <vehicle id="6" x="373.05" y="198.35" angle="90.00" type="DEFAULT_VEHTYPE" speed="5.56" pos="168.30" lane="1/1to2/1_0" slope="0.00"/>
        <vehicle id="7" x="284.15" y="201.65" angle="-90.00" type="DEFAULT_VEHTYPE" speed="13.12" pos="111.10" lane="2/1to1/1_0" slope="0.00"/>
        <vehicle id="8" x="540.75" y="198.35" angle="90.00" type="DEFAULT_VEHTYPE" speed="13.66" pos="136.00" lane="2/1to3/1_0" slope="0.00"/>
        <vehicle id="9" x="540.90" y="401.65" angle="-90.00" type="DEFAULT_VEHTYPE" speed="13.14" pos="54.35" lane="3/2to2/2_0" slope="0.00"/>
    </timestep>
    <timestep time="292.00">
        <vehicle id="0" x="398.35" y="154.60" angle="0.00" type="DEFAULT_VEHTYPE" speed="13.23" pos="40.65" lane="2/1to2/0_0" slope="0.00"/>
        <vehicle id="1" x="703.41" y="198.35" angle="90.00" type="DEFAULT_VEHTYPE" speed="13.36" pos="98.66" lane="3/1to4/1_0" slope="0.00"/>
        <vehicle id="11" x="586.34" y="198.35" angle="90.00" type="DEFAULT_VEHTYPE" speed="6.82" pos="181.59" lane="2/1to3/1_0" slope="0.00"/>
        <vehicle id="12" x="398.35" y="25.40" angle="0.00" type="DEFAULT_VEHTYPE" speed="13.37" pos="169.85" lane="2/1to2/0_0" slope="0.00"/>
        <vehicle id="14" x="601.65" y="236.98" angle="180.00" type="DEFAULT_VEHTYPE" speed="13.38" pos="32.23" lane="3/1to3/2_0" slope="0.00"/>
        <vehicle id="15" x="198.35" y="92.47" angle="0.00" type="DEFAULT_VEHTYPE" speed="12.61" pos="102.78" lane="1/1to1/0_0" slope="0.00"/>
        <vehicle id="16" x="240.09" y="398.35" angle="90.00" type="DEFAULT_VEHTYPE" speed="12.63" pos="35.34" lane="1/2to2/2_0" slope="0.00"/>
        <vehicle id="17" x="369.70" y="598.35" angle="90.00" type="DEFAULT_VEHTYPE" speed="13.53" pos="164.95" lane="1/3to2/3_0" slope="0.00"/>
        <vehicle id="18" x="201.65" y="555.17" angle="180.00" type="DEFAULT_VEHTYPE" speed="12.94" pos="150.42" lane="1/2to1/3_0" slope="0.00"/>
        <vehicle id="19" x="398.35" y="765.29" angle="0.00" type="DEFAULT_VEHTYPE" speed="13.57" pos="34.71" lane="2/4to2/3_0" slope="0.00"/>
        <vehicle id="2" x="398.35" y="122.08" angle="0.00" type="DEFAULT_VEHTYPE" speed="13.82" pos="73.17" lane="2/1to2/0_0" slope="0.00"/>
        <vehicle id="20" x="611.08" y="201.65" angle="-90.00" type="DEFAULT_VEHTYPE" speed="5.77" pos="188.92" lane="4/1to3/1_0" slope="0.00"/>
        <vehicle id="21" x="398.35" y="190.56" angle="0.00" type="DEFAULT_VEHTYPE" speed="13.25" pos="4.69" lane="2/1to2/0_0" slope="0.00"/>
        <vehicle id="22" x="198.35" y="276.60" angle="0.00" type="DEFAULT_VEHTYPE" speed="12.72" pos="118.65" lane="1/2to1/1_0" slope="0.00"/>
        <vehicle id="23" x="501.28" y="198.35" angle="90.00" type="DEFAULT_VEHTYPE" speed="12.96" pos="96.53" lane="2/1to3/1_0" slope="0.00"/>
        <vehicle id="24" x="398.35" y="228.92" angle="0.00" type="DEFAULT_VEHTYPE" speed="13.05" pos="166.33" lane="2/2to2/1_0" slope="0.00"/>
        <vehicle id="3" x="385.06" y="198.35" angle="90.00" type="DEFAULT_VEHTYPE" speed="0.32" pos="180.31" lane="1/1to2/1_0" slope="0.00"/>
        <vehicle id="4" x="392.75" y="198.35" angle="90.00" type="DEFAULT_VEHTYPE" speed="0.00" pos="188.00" lane="1/1to2/1_0" slope="0.00"/>
        <vehicle id="5" x="201.65" y="516.63" angle="180.00" type="DEFAULT_VEHTYPE" speed="13.65" pos="111.88" lane="1/2to1/3_0" slope="0.00"/>
        <vehicle id="6" x="376.05" y="198.35" angle="90.00" type="DEFAULT_VEHTYPE" speed="3.00" pos="171.30" lane="1/1to2/1_0" slope="0.00"/>
        <vehicle id="7" x="271.44" y="201.65" angle="-90.00" type="DEFAULT_VEHTYPE" speed="12.71" pos="123.81" lane="2/1to1/1_0" slope="0.00"/>
        <vehicle id="8" x="553.67" y="198.35" angle="90.00" type="DEFAULT_VEHTYPE" speed="12.92" pos="148.92" lane="2/1to3/1_0" slope="0.00"/>
        <vehicle id="9" x="527.79" y="401.65" angle="-90.00" type="DEFAULT_VEHTYPE" speed="13.11" pos="67.46" lane="3/2to2/2_0" slope="0.00"/>
    </timestep>
    <timestep time="293.00">
        <vehicle id="0" x="398.35" y="141.07" angle="0.00" type="DEFAULT_VEHTYPE" speed="13.53" pos="54.18" lane="2/1to2/0_0" slope="0.00"/>
        <vehicle id="1" x="717.30" y="198.35" angle="90.00" type="DEFAULT_VEHTYPE" speed="13.90" pos="112.55" lane="3/1to4/1_0" slope="0.00"/>
        <vehicle id="11" x="589.54" y="198.35" angle="90.00" type="DEFAULT_VEHTYPE" speed="3.20" pos="184.79" lane="2/1to3/1_0" slope="0.00"/>
        <vehicle id="12" x="398.35" y="12.68" angle="0.00" type="DEFAULT_VEHTYPE" speed="12.71" pos="182.57" lane="2/1to2/0_0" slope="0.00"/>
        <vehicle id="14" x="601.65" y="250.02" angle="180.00" type="DEFAULT_VEHTYPE" speed="13.04" pos="45.27" lane="3/1to3/2_0" slope="0.00"/>
        <vehicle id="15" x="198.35" y="78.63" angle="0.00" type="DEFAULT_VEHTYPE" speed="13.85" pos="116.62" lane="1/1to1/0_0" slope="0.00"/>
        <vehicle id="16" x="253.32" y="398.35" angle="90.00" type="DEFAULT_VEHTYPE" speed="13.23" pos="48.57" lane="1/2to2/2_0" slope="0.00"/>
        <vehicle id="17" x="379.61" y="598.35" angle="90.00" type="DEFAULT_VEHTYPE" speed="9.91" pos="174.86" lane="1/3to2/3_0" slope="0.00"/>
        <vehicle id="18" x="201.65" y="568.40" angle="180.00" type="DEFAULT_VEHTYPE" speed="13.23" pos="163.65" lane="1/2to1/3_0" slope="0.00"/>
        <vehicle id="19" x="398.35" y="752.06" angle="0.00" type="DEFAULT_VEHTYPE" speed="13.22" pos="47.94" lane="2/4to2/3_0" slope="0.00"/>
        <vehicle id="2" x="398.35" y="109.11" angle="0.00" type="DEFAULT_VEHTYPE" speed="12.96" pos="86.14" lane="2/1to2/0_0" slope="0.00"/>
        <vehicle id="20" x="602.90" y="202.14" angle="-95.68" type="DEFAULT_VEHTYPE" speed="8.27" pos="1.95" lane=":3/1_4_0" slope="0.00"/>
        <vehicle id="21" x="398.35" y="177.00" angle="0.00" type="DEFAULT_VEHTYPE" speed="13.56" pos="18.25" lane="2/1to2/0_0" slope="0.00"/>
        <vehicle id="22" x="198.35" y="263.20" angle="0.00" type="DEFAULT_VEHTYPE" speed="13.40" pos="132.05" lane="1/2to1/1_0" slope="0.00"/>
        <vehicle id="23" x="514.56" y="198.35" angle="90.00" type="DEFAULT_VEHTYPE" speed="13.28" pos="109.81" lane="2/1to3/1_0" slope="0.00"/>
        <vehicle id="24" x="398.35" y="215.09" angle="0.00" type="DEFAULT_VEHTYPE" speed="13.83" pos="180.16" lane="2/2to2/1_0" slope="0.00"/>
        <vehicle id="3" x="385.20" y="198.35" angle="90.00" type="DEFAULT_VEHTYPE" speed="0.14" pos="180.45" lane="1/1to2/1_0" slope="0.00"/>
        <vehicle id="4" x="392.75" y="198.35" angle="90.00" type="DEFAULT_VEHTYPE" speed="0.00" pos="188.00" lane="1/1to2/1_0" slope="0.00"/>
        <vehicle id="5" x="201.65" y="530.48" angle="180.00" type="DEFAULT_VEHTYPE" speed="13.85" pos="125.73" lane="1/2to1/3_0" slope="0.00"/>
        <vehicle id="6" x="376.93" y="198.35" angle="90.00" type="DEFAULT_VEHTYPE" speed="0.88" pos="172.18" lane="1/1to2/1_0" slope="0.00"/>
        <vehicle id="7" x="257.67" y="201.65" angle="-90.00" type="DEFAULT_VEHTYPE" speed="13.77" pos="137.58" lane="2/1to1/1_0" slope="0.00"/>
        <vehicle id="8" x="566.71" y="198.35" angle="90.00" type="DEFAULT_VEHTYPE" speed="13.04" pos="161.96" lane="2/1to3/1_0" slope="0.00"/>
        <vehicle id="9" x="514.10" y="401.65" angle="-90.00" type="DEFAULT_VEHTYPE" speed="13.69" pos="81.15" lane="3/2to2/2_0" slope="0.00"/>
    </timestep>
    <timestep time="294.00">
        <vehicle id="0" x="398.35" y="128.08" angle="0.00" type="DEFAULT_VEHTYPE" speed="12.99" pos="67.17" lane="2/1to2/0_0" slope="0.00"/>
        <vehicle id="1" x="730.49" y="198.35" angle="90.00" type="DEFAULT_VEHTYPE" speed="13.19" pos="125.74" lane="3/1to4/1_0" slope="0.00"/>
        <vehicle id="11" x="591.81" y="198.35" angle="90.00" type="DEFAULT_VEHTYPE" speed="2.27" pos="187.06" lane="2/1to3/1_0" slope="0.00"/>
        <vehicle id="12" x="398.96" y="-0.92" angle="7.20" type="DEFAULT_VEHTYPE" speed="13.79" pos="1.10" lane=":2/0_0_0" slope="0.00"/>
        <vehicle id="14" x="601.65" y="263.29" angle="180.00" type="DEFAULT_VEHTYPE" speed="13.27" pos="58.54" lane="3/1to3/2_0" slope="0.00"/>
        <vehicle id="15" x="198.35" y="65.76" angle="0.00" type="DEFAULT_VEHTYPE" speed="12.87" pos="129.49" lane="1/1to1/0_0" slope="0.00"/>
        <vehicle id="16" x="266.46" y="398.35" angle="90.00" type="DEFAULT_VEHTYPE" speed="13.14" pos="61.71" lane="1/2to2/2_0" slope="0.00"/>
        <vehicle id="17" x="385.64" y="598.35" angle="90.00" type="DEFAULT_VEHTYPE" speed="6.03" pos="180.89" lane="1/3to2/3_0" slope="0.00"/>
        <vehicle id="18" x="201.65" y="581.88" angle="180.00" type="DEFAULT_VEHTYPE" speed="13.48" pos="177.13" lane="1/2to1/3_0" slope="0.00"/>
        <vehicle id="19" x="398.35" y="739.21" angle="0.00" type="DEFAULT_VEHTYPE" speed="12.85" pos="60.79" lane="2/4to2/3_0" slope="0.00"/>
        <vehicle id="2" x="398.35" y="95.26" angle="0.00" type="DEFAULT_VEHTYPE" speed="13.85" pos="99.99" lane="2/1to2/0_0" slope="0.00"/>
        <vehicle id="20" x="601.65" y="211.79" angle="180.00" type="DEFAULT_VEHTYPE" speed="10.10" pos="7.04" lane="3/1to3/2_0" slope="0.00"/>
        <vehicle id="21" x="398.35" y="163.55" angle="0.00" type="DEFAULT_VEHTYPE" speed="13.46" pos="31.70" lane="2/1to2/0_0" slope="0.00"/>
        <vehicle id="22" x="198.35" y="250.39" angle="0.00" type="DEFAULT_VEHTYPE" speed="12.80" pos="144.86" lane="1/2to1/1_0" slope="0.00"/>
        <vehicle id="23" x="528.30" y="198.35" angle="90.00" type="DEFAULT_VEHTYPE" speed="13.74" pos="123.55" lane="2/1to3/1_0" slope="0.00"/>
        <vehicle id="24" x="398.35" y="202.08" angle="0.00" type="DEFAULT_VEHTYPE" speed="13.02" pos="2.67" lane=":2/1_1_0" slope="0.00"/>
        <vehicle id="3" x="385.24" y="198.35" angle="90.00" type="DEFAULT_VEHTYPE" speed="0.04" pos="180.49" lane="1/1to2/1_0" slope="0.00"/>
        <vehicle id="4" x="392.75" y="198.35" angle="90.00" type="DEFAULT_VEHTYPE" speed="0.00" pos="188.00" lane="1/1to2/1_0" slope="0.00"/>
        <vehicle id="5" x="201.65" y="544.12" angle="180.00" type="DEFAULT_VEHTYPE" speed="13.64" pos="139.37" lane="1/2to1/3_0" slope="0.00"/>
        <vehicle id="6" x="377.58" y="198.35" angle="90.00" type="DEFAULT_VEHTYPE" speed="0.65" pos="172.83" lane="1/1to2/1_0" slope="0.00"/>
        <vehicle id="7" x="244.76" y="201.65" angle="-90.00" type="DEFAULT_VEHTYPE" speed="12.90" pos="150.49" lane="2/1to1/1_0" slope="0.00"/>
        <vehicle id="8" x="575.25" y="198.35" angle="90.00" type="DEFAULT_VEHTYPE" speed="8.54" pos="170.50" lane="2/1to3/1_0" slope="0.00"/>
        <vehicle id="9" x="500.51" y="401.65" angle="-90.00" type="DEFAULT_VEHTYPE" speed="13.59" pos="94.74" lane="3/2to2/2_0" slope="0.00"/>
    </timestep>
    <timestep time="295.00">
        <vehicle id="0" x="398.35" y="114.77" angle="0.00" type="DEFAULT_VEHTYPE" speed="13.31" pos="80.48" lane="2/1to2/0_0" slope="0.00"/>
        <vehicle id="1" x="743.12" y="198.35" angle="90.00" type="DEFAULT_VEHTYPE" speed="12.63" pos="138.37" lane="3/1to4/1_0" slope="0.00"/>
        <vehicle id="11" x="595.68" y="198.41" angle="90.71" type="DEFAULT_VEHTYPE" speed="3.87" pos="0.44" lane=":3/1_14_0" slope="0.00"/>
        <vehicle id="12" x="401.65" y="9.81" angle="180.00" type="DEFAULT_VEHTYPE" speed="13.52" pos="9.81" lane="2/0to2/1_0" slope="0.00"/>
        <vehicle id="14" x="601.65" y="276.48" angle="180.00" type="DEFAULT_VEHTYPE" speed="13.18" pos="71.73" lane="3/1to3/2_0" slope="0.00"/>
        <vehicle id="15" x="198.35" y="52.92" angle="0.00" type="DEFAULT_VEHTYPE" speed="12.84" pos="142.33" lane="1/1to1/0_0" slope="0.00"/>
        <vehicle id="16" x="279.62" y="398.35" angle="90.00" type="DEFAULT_VEHTYPE" speed="13.16" pos="74.87" lane="1/2to2/2_0" slope="0.00"/>
        <vehicle id="17" x="389.09" y="598.35" angle="90.00" type="DEFAULT_VEHTYPE" speed="3.46" pos="184.34" lane="1/3to2/3_0" slope="0.00"/>
        <vehicle id="18" x="201.69" y="595.50" angle="179.59" type="DEFAULT_VEHTYPE" speed="13.63" pos="0.26" lane=":1/3_8_0" slope="0.00"/>
        <vehicle id="19" x="398.35" y="725.55" angle="0.00" type="DEFAULT_VEHTYPE" speed="13.66" pos="74.45" lane="2/4to2/3_0" slope="0.00"/>
        <vehicle id="2" x="398.35" y="82.31" angle="0.00" type="DEFAULT_VEHTYPE" speed="12.96" pos="112.94" lane="2/1to2/0_0" slope="0.00"/>
        <vehicle id="20" x="601.65" y="223.75" angle="180.00" type="DEFAULT_VEHTYPE" speed="11.95" pos="19.00" lane="3/1to3/2_0" slope="0.00"/>
        <vehicle id="21" x="398.35" y="150.59" angle="0.00" type="DEFAULT_VEHTYPE" speed="12.96" pos="44.66" lane="2/1to2/0_0" slope="0.00"/>
        <vehicle id="22" x="198.35" y="237.48" angle="0.00" type="DEFAULT_VEHTYPE" speed="12.91" pos="157.77" lane="1/2to1/1_0" slope="0.00"/>
        <vehicle id="23" x="541.49" y="198.35" angle="90.00" type="DEFAULT_VEHTYPE" speed="13.19" pos="136.74" lane="2/1to3/1_0" slope="0.00"/>
        <vehicle id="24" x="398.35" y="188.21" angle="0.00" type="DEFAULT_VEHTYPE" speed="13.87" pos="7.04" lane="2/1to2/0_0" slope="0.00"/>
        <vehicle id="3" x="385.24" y="198.35" angle="90.00" type="DEFAULT_VEHTYPE" speed="0.00" pos="180.49" lane="1/1to2/1_0" slope="0.00"/>
        <vehicle id="4" x="392.75" y="198.35" angle="90.00" type="DEFAULT_VEHTYPE" speed="0.00" pos="188.00" lane="1/1to2/1_0" slope="0.00"/>
        <vehicle id="5" x="201.65" y="557.20" angle="180.00" type="DEFAULT_VEHTYPE" speed="13.08" pos="152.45" lane="1/2to1/3_0" slope="0.00"/>
        <vehicle id="6" x="377.66" y="198.35" angle="90.00" type="DEFAULT_VEHTYPE" speed="0.08" pos="172.91" lane="1/1to2/1_0" slope="0.00"/>
        <vehicle id="7" x="231.52" y="201.65" angle="-90.00" type="DEFAULT_VEHTYPE" speed="13.24" pos="163.73" lane="2/1to1/1_0" slope="0.00"/>
        <vehicle id="8" x="580.11" y="198.35" angle="90.00" type="DEFAULT_VEHTYPE" speed="4.86" pos="175.36" lane="2/1to3/1_0" slope="0.00"/>
        <vehicle id="9" x="487.02" y="401.65" angle="-90.00" type="DEFAULT_VEHTYPE" speed="13.49" pos="108.23" lane="3/2to2/2_0" slope="0.00"/>
    </timestep>
    <timestep time="296.00">
        <vehicle id="0" x="398.35" y="101.75" angle="0.00" type="DEFAULT_VEHTYPE" speed="13.02" pos="93.50" lane="2/1to2/0_0" slope="0.00"/>
        <vehicle id="1" x="755.85" y="198.35" angle="90.00" type="DEFAULT_VEHTYPE" speed="12.73" pos="151.10" lane="3/1to4/1_0" slope="0.00"/>
        <vehicle id="11" x="600.90" y="201.36" angle="125.54" type="DEFAULT_VEHTYPE" speed="6.37" pos="6.81" lane=":3/1_14_0" slope="0.00"/>
        <vehicle id="12" x="401.65" y="23.58" angle="180.00" type="DEFAULT_VEHTYPE" speed="13.78" pos="23.58" lane="2/0to2/1_0" slope="0.00"/>
        <vehicle id="14" x="601.65" y="289.83" angle="180.00" type="DEFAULT_VEHTYPE" speed="13.35" pos="85.08" lane="3/1to3/2_0" slope="0.00"/>
        <vehicle id="15" x="198.35" y="39.38" angle="0.00" type="DEFAULT_VEHTYPE" speed="13.54" pos="155.87" lane="1/1to1/0_0" slope="0.00"/>
        <vehicle id="16" x="293.46" y="398.35" angle="90.00" type="DEFAULT_VEHTYPE" speed="13.84" pos="88.71" lane="1/2to2/2_0" slope="0.00"/>
        <vehicle id="17" x="394.03" y="598.35" angle="90.00" type="DEFAULT_VEHTYPE" speed="4.94" pos="189.28" lane="1/3to2/3_0" slope="0.00"/>
        <vehicle id="18" x="213.56" y="598.35" angle="90.00" type="DEFAULT_VEHTYPE" speed="13.56" pos="8.81" lane="1/3to2/3_0" slope="0.00"/>
        <vehicle id="19" x="398.35" y="712.40" angle="0.00" type="DEFAULT_VEHTYPE" speed="13.16" pos="87.60" lane="2/4to2/3_0" slope="0.00"/>
        <vehicle id="2" x="398.35" y="69.33" angle="0.00" type="DEFAULT_VEHTYPE" speed="12.98" pos="125.92" lane="2/1to2/0_0" slope="0.00"/>
        <vehicle id="20" x="601.65" y="237.34" angle="180.00" type="DEFAULT_VEHTYPE" speed="13.60" pos="32.59" lane="3/1to3/2_0" slope="0.00"/>
        <vehicle id="21" x="398.35" y="137.56" angle="0.00" type="DEFAULT_VEHTYPE" speed="13.03" pos="57.69" lane="2/1to2/0_0" slope="0.00"/>
        <vehicle id="22" x="198.35" y="224.12" angle="0.00" type="DEFAULT_VEHTYPE" speed="13.37" pos="171.13" lane="1/2to1/1_0" slope="0.00"/>
        <vehicle id="23" x="555.31" y="198.35" angle="90.00" type="DEFAULT_VEHTYPE" speed="13.82" pos="150.56" lane="2/1to3/1_0" slope="0.00"/>
        <vehicle id="24" x="398.35" y="175.23" angle="0.00" type="DEFAULT_VEHTYPE" speed="12.99" pos="20.02" lane="2/1to2/0_0" slope="0.00"/>
        <vehicle id="3" x="385.24" y="198.35" angle="90.00" type="DEFAULT_VEHTYPE" speed="0.00" pos="180.49" lane="1/1to2/1_0" slope="0.00"/>
        <vehicle id="4" x="394.61" y="198.35" angle="90.00" type="DEFAULT_VEHTYPE" speed="1.87" pos="189.86" lane="1/1to2/1_0" slope="0.00"/>
        <vehicle id="5" x="201.65" y="569.84" angle="180.00" type="DEFAULT_VEHTYPE" speed="12.64" pos="165.09" lane="1/2to1/3_0" slope="0.00"/>
        <vehicle id="6" x="377.72" y="198.35" angle="90.00" type="DEFAULT_VEHTYPE" speed="0.06" pos="172.97" lane="1/1to2/1_0" slope="0.00"/>
        <vehicle id="7" x="221.56" y="201.65" angle="-90.00" type="DEFAULT_VEHTYPE" speed="9.96" pos="173.69" lane="2/1to1/1_0" slope="0.00"/>
        <vehicle id="8" x="584.93" y="198.35" angle="90.00" type="DEFAULT_VEHTYPE" speed="4.82" pos="180.18" lane="2/1to3/1_0" slope="0.00"/>
        <vehicle id="9" x="473.38" y="401.65" angle="-90.00" type="DEFAULT_VEHTYPE" speed="13.63" pos="121.87" lane="3/2to2/2_0" slope="0.00"/>
    </timestep>
    <timestep time="297.00">
        <vehicle id="0" x="398.35" y="88.12" angle="0.00" type="DEFAULT_VEHTYPE" speed="13.62" pos="107.13" lane="2/1to2/0_0" slope="0.00"/>
        <vehicle id="1" x="768.88" y="198.35" angle="90.00" type="DEFAULT_VEHTYPE" speed="13.03" pos="164.13" lane="3/1to4/1_0" slope="0.00"/>
        <vehicle id="11" x="601.65" y="209.94" angle="180.00" type="DEFAULT_VEHTYPE" speed="8.70" pos="5.19" lane="3/1to3/2_0" slope="0.00"/>
        <vehicle id="12" x="401.65" y="36.74" angle="180.00" type="DEFAULT_VEHTYPE" speed="13.16" pos="36.74" lane="2/0to2/1_0" slope="0.00"/>
        <vehicle id="14" x="601.65" y="303.29" angle="180.00" type="DEFAULT_VEHTYPE" speed="13.46" pos="98.54" lane="3/1to3/2_0" slope="0.00"/>
        <vehicle id="15" x="198.35" y="26.48" angle="0.00" type="DEFAULT_VEHTYPE" speed="12.90" pos="168.77" lane="1/1to1/0_0" slope="0.00"/>
        <vehicle id="16" x="307.32" y="398.35" angle="90.00" type="DEFAULT_VEHTYPE" speed="13.86" pos="102.57" lane="1/2to2/2_0" slope="0.00"/>
        <vehicle id="17" x="400.21" y="600.22" angle="111.90" type="DEFAULT_VEHTYPE" speed="6.70" pos="5.48" lane=":2/3_14_0" slope="0.00"/>
        <vehicle id="18" x="226.45" y="598.35" angle="90.00" type="DEFAULT_VEHTYPE" speed="12.89" pos="21.70" lane="1/3to2/3_0" slope="0.00"/>
        <vehicle id="19" x="398.35" y="699.39" angle="0.00" type="DEFAULT_VEHTYPE" speed="13.00" pos="100.61" lane="2/4to2/3_0" slope="0.00"/>
        <vehicle id="2" x="398.35" y="55.50" angle="0.00" type="DEFAULT_VEHTYPE" speed="13.82" pos="139.75" lane="2/1to2/0_0" slope="0.00"/>
        <vehicle id="20" x="601.65" y="250.41" angle="180.00" type="DEFAULT_VEHTYPE" speed="13.07" pos="45.66" lane="3/1to3/2_0" slope="0.00"/>
        <vehicle id="21" x="398.35" y="124.09" angle="0.00" type="DEFAULT_VEHTYPE" speed="13.47" pos="71.16" lane="2/1to2/0_0" slope="0.00"/>
        <vehicle id="22" x="198.35" y="211.42" angle="0.00" type="DEFAULT_VEHTYPE" speed="12.70" pos="183.83" lane="1/2to1/1_0" slope="0.00"/>
        <vehicle id="23" x="567.02" y="198.35" angle="90.00" type="DEFAULT_VEHTYPE" speed="11.71" pos="162.27" lane="2/1to3/1_0" slope="0.00"/>
        <vehicle id="24" x="398.35" y="161.61" angle="0.00" type="DEFAULT_VEHTYPE" speed="13.62" pos="33.64" lane="2/1to2/0_0" slope="0.00"/>
        <vehicle id="3" x="386.65" y="198.35" angle="90.00" type="DEFAULT_VEHTYPE" speed="1.40" pos="181.90" lane="1/1to2/1_0" slope="0.00"/>
        <vehicle id="4" x="398.27" y="198.35" angle="90.00" type="DEFAULT_VEHTYPE" speed="3.66" pos="3.02" lane=":2/1_13_0" slope="0.00"/>
        <vehicle id="5" x="201.65" y="582.49" angle="180.00" type="DEFAULT_VEHTYPE" speed="12.65" pos="177.74" lane="1/2to1/3_0" slope="0.00"/>
        <vehicle id="6" x="377.73" y="198.35" angle="90.00" type="DEFAULT_VEHTYPE" speed="0.01" pos="172.98" lane="1/1to2/1_0" slope="0.00"/>
        <vehicle id="7" x="214.63" y="201.65" angle="-90.00" type="DEFAULT_VEHTYPE" speed="6.94" pos="180.62" lane="2/1to1/1_0" slope="0.00"/>
        <vehicle id="8" x="589.57" y="198.35" angle="90.00" type="DEFAULT_VEHTYPE" speed="4.64" pos="184.82" lane="2/1to3/1_0" slope="0.00"/>
        <vehicle id="9" x="459.60" y="401.65" angle="-90.00" type="DEFAULT_VEHTYPE" speed="13.78" pos="135.65" lane="3/2to2/2_0" slope="0.00"/>
    </timestep>
    <timestep time="298.00">
        <vehicle id="0" x="398.35" y="75.00" angle="0.00" type="DEFAULT_VEHTYPE" speed="13.12" pos="120.25" lane="2/1to2/0_0" slope="0.00"/>
        <vehicle id="1" x="781.59" y="198.35" angle="90.00" type="DEFAULT_VEHTYPE" speed="12.71" pos="176.84" lane="3/1to4/1_0" slope="0.00"/>
        <vehicle id="11" x="601.65" y="221.00" angle="180.00" type="DEFAULT_VEHTYPE" speed="11.07" pos="16.25" lane="3/1to3/2_0" slope="0.00"/>
        <vehicle id="12" x="401.65" y="50.09" angle="180.00" type="DEFAULT_VEHTYPE" speed="13.34" pos="50.09" lane="2/0to2/1_0" slope="0.00"/>
        <vehicle id="14" x="601.65" y="316.89" angle="180.00" type="DEFAULT_VEHTYPE" speed="13.59" pos="112.14" lane="3/1to3/2_0" slope="0.00"/>
        <vehicle id="15" x="198.35" y="13.70" angle="0.00" type="DEFAULT_VEHTYPE" speed="12.78" pos="181.55" lane="1/1to1/0_0" slope="0.00"/>
        <vehicle id="16" x="320.43" y="398.35" angle="90.00" type="DEFAULT_VEHTYPE" speed="13.11" pos="115.68" lane="1/2to2/2_0" slope="0.00"/>
        <vehicle id="17" x="401.65" y="608.77" angle="178.40" type="DEFAULT_VEHTYPE" speed="8.86" pos="4.02" lane="2/3to2/4_0" slope="0.00"/>
        <vehicle id="18" x="239.40" y="598.35" angle="90.00" type="DEFAULT_VEHTYPE" speed="12.95" pos="34.65" lane="1/3to2/3_0" slope="0.00"/>
        <vehicle id="19" x="398.35" y="685.71" angle="0.00" type="DEFAULT_VEHTYPE" speed="13.68" pos="114.29" lane="2/4to2/3_0" slope="0.00"/>
        <vehicle id="2" x="398.35" y="42.14" angle="0.00" type="DEFAULT_VEHTYPE" speed="13.36" pos="153.11" lane="2/1to2/0_0" slope="0.00"/>
        <vehicle id="20" x="601.65" y="263.81" angle="180.00" type="DEFAULT_VEHTYPE" speed="13.40" pos="59.06" lane="3/1to3/2_0" slope="0.00"/>
        <vehicle id="21" x="398.35" y="111.24" angle="0.00" type="DEFAULT_VEHTYPE" speed="12.85" pos="84.01" lane="2/1to2/0_0" slope="0.00"/>
        <vehicle id="22" x="193.77" y="201.65" angle="-69.18" type="DEFAULT_VEHTYPE" speed="13.15" pos="1.48" lane="1/1to0/1_0" slope="0.00"/>
        <vehicle id="23" x="576.05" y="198.35" angle="90.00" type="DEFAULT_VEHTYPE" speed="9.03" pos="171.30" lane="2/1to3/1_0" slope="0.00"/>
        <vehicle id="24" x="398.35" y="148.56" angle="0.00" type="DEFAULT_VEHTYPE" speed="13.05" pos="46.69" lane="2/1to2/0_0" slope="0.00"/>
        <vehicle id="3" x="389.58" y="198.35" angle="90.00" type="DEFAULT_VEHTYPE" speed="2.93" pos="184.83" lane="1/1to2/1_0" slope="0.00"/>
        <vehicle id="4" x="404.27" y="198.35" angle="90.00" type="DEFAULT_VEHTYPE" speed="6.01" pos="9.02" lane=":2/1_13_0" slope="0.00"/>
        <vehicle id="5" x="201.77" y="596.11" angle="178.62" type="DEFAULT_VEHTYPE" speed="13.63" pos="0.87" lane=":1/3_8_0" slope="0.00"/>
        <vehicle id="6" x="378.43" y="198.35" angle="90.00" type="DEFAULT_VEHTYPE" speed="0.69" pos="173.68" lane="1/1to2/1_0" slope="0.00"/>
        <vehicle id="7" x="209.97" y="201.65" angle="-90.00" type="DEFAULT_VEHTYPE" speed="4.65" pos="185.28" lane="2/1to1/1_0" slope="0.00"/>
        <vehicle id="8" x="595.64" y="198.35" angle="90.00" type="DEFAULT_VEHTYPE" speed="6.08" pos="0.39" lane=":3/1_13_0" slope="0.00"/>
        <vehicle id="9" x="446.70" y="401.65" angle="-90.00" type="DEFAULT_VEHTYPE" speed="12.90" pos="148.55" lane="3/2to2/2_0" slope="0.00"/>
    </timestep>
    <timestep time="299.00">
        <vehicle id="0" x="398.35" y="61.83" angle="0.00" type="DEFAULT_VEHTYPE" speed="13.17" pos="133.42" lane="2/1to2/0_0" slope="0.00"/>
        <vehicle id="1" x="795.18" y="198.35" angle="90.00" type="DEFAULT_VEHTYPE" speed="13.59" pos="190.43" lane="3/1to4/1_0" slope="0.00"/>
        <vehicle id="11" x="601.65" y="233.47" angle="180.00" type="DEFAULT_VEHTYPE" speed="12.46" pos="28.72" lane="3/1to3/2_0" slope="0.00"/>
        <vehicle id="12" x="401.65" y="63.96" angle="180.00" type="DEFAULT_VEHTYPE" speed="13.88" pos="63.96" lane="2/0to2/1_0" slope="0.00"/>
        <vehicle id="14" x="601.65" y="329.83" angle="180.00" type="DEFAULT_VEHTYPE" speed="12.94" pos="125.08" lane="3/1to3/2_0" slope="0.00"/>
        <vehicle id="15" x="198.35" y="0.27" angle="0.00" type="DEFAULT_VEHTYPE" speed="13.43" pos="194.98" lane="1/1to1/0_0" slope="0.00"/>
        <vehicle id="16" x="334.19" y="398.35" angle="90.00" type="DEFAULT_VEHTYPE" speed="13.76" pos="129.44" lane="1/2to2/2_0" slope="0.00"/>
        <vehicle id="17" x="401.65" y="620.20" angle="180.00" type="DEFAULT_VEHTYPE" speed="11.43" pos="15.45" lane="2/3to2/4_0" slope="0.00"/>
        <vehicle id="18" x="253.15" y="598.35" angle="90.00" type="DEFAULT_VEHTYPE" speed="13.75" pos="48.40" lane="1/3to2/3_0" slope="0.00"/>
        <vehicle id="19" x="398.35" y="672.37" angle="0.00" type="DEFAULT_VEHTYPE" speed="13.34" pos="127.63" lane="2/4to2/3_0" slope="0.00"/>
        <vehicle id="2" x="398.35" y="29.32" angle="0.00" type="DEFAULT_VEHTYPE" speed="12.82" pos="165.93" lane="2/1to2/0_0" slope="0.00"/>
        <vehicle id="20" x="601.65" y="276.59" angle="180.00" type="DEFAULT_VEHTYPE" speed="12.79" pos="71.84" lane="3/1to3/2_0" slope="0.00"/>
        <vehicle id="21" x="398.35" y="98.25" angle="0.00" type="DEFAULT_VEHTYPE" speed="12.99" pos="97.00" lane="2/1to2/0_0" slope="0.00"/>
        <vehicle id="22" x="180.27" y="201.65" angle="-90.00" type="DEFAULT_VEHTYPE" speed="13.50" pos="14.98" lane="1/1to0/1_0" slope="0.00"/>
        <vehicle id="23" x="584.33" y="198.35" angle="90.00" type="DEFAULT_VEHTYPE" speed="8.28" pos="179.58" lane="2/1to3/1_0" slope="0.00"/>
        <vehicle id="24" x="398.35" y="135.35" angle="0.00" type="DEFAULT_VEHTYPE" speed="13.21" pos="59.90" lane="2/1to2/0_0" slope="0.00"/>
        <vehicle id="3" x="394.36" y="198.35" angle="90.00" type="DEFAULT_VEHTYPE" speed="4.78" pos="189.61" lane="1/1to2/1_0" slope="0.00"/>
        <vehicle id="4" x="411.68" y="198.35" angle="90.00" type="DEFAULT_VEHTYPE" speed="7.40" pos="6.93" lane="2/1to3/1_0" slope="0.00"/>
        <vehicle id="5" x="214.03" y="598.35" angle="90.00" type="DEFAULT_VEHTYPE" speed="13.40" pos="9.28" lane="1/3to2/3_0" slope="0.00"/>
        <vehicle id="6" x="380.66" y="198.35" angle="90.00" type="DEFAULT_VEHTYPE" speed="2.24" pos="175.91" lane="1/1to2/1_0" slope="0.00"/>
        <vehicle id="7" x="202.93" y="202.12" angle="-95.48" type="DEFAULT_VEHTYPE" speed="7.13" pos="1.91" lane=":1/1_4_0" slope="0.00"/>
        <vehicle id="8" x="603.44" y="198.35" angle="90.00" type="DEFAULT_VEHTYPE" speed="7.79" pos="8.19" lane=":3/1_13_0" slope="0.00"/>
        <vehicle id="9" x="433.60" y="401.65" angle="-90.00" type="DEFAULT_VEHTYPE" speed="13.10" pos="161.65" lane="3/2to2/2_0" slope="0.00"/>
    </timestep>
    <timestep time="300.00">
        <vehicle id="0" x="398.35" y="47.96" angle="0.00" type="DEFAULT_VEHTYPE" speed="13.87" pos="147.29" lane="2/1to2/0_0" slope="0.00"/>
        <vehicle id="1" x="795.85" y="201.65" angle="-95.60" type="DEFAULT_VEHTYPE" speed="13.78" pos="4.15" lane="4/1to3/1_0" slope="0.00"/>
        <vehicle id="11" x="601.65" y="247.05" angle="180.00" type="DEFAULT_VEHTYPE" speed="13.58" pos="42.30" lane="3/1to3/2_0" slope="0.00"/>
        <vehicle id="12" x="401.65" y="77.68" angle="180.00" type="DEFAULT_VEHTYPE" speed="13.72" pos="77.68" lane="2/0to2/1_0" slope="0.00"/>
        <vehicle id="14" x="601.65" y="343.38" angle="180.00" type="DEFAULT_VEHTYPE" speed="13.55" pos="138.63" lane="3/1to3/2_0" slope="0.00"/>
        <vehicle id="15" x="201.65" y="7.62" angle="180.00" type="DEFAULT_VEHTYPE" speed="12.71" pos="7.62" lane="1/0to1/1_0" slope="0.00"/>
        <vehicle id="16" x="346.82" y="398.35" angle="90.00" type="DEFAULT_VEHTYPE" speed="12.63" pos="142.07" lane="1/2to2/2_0" slope="0.00"/>
        <vehicle id="17" x="401.65" y="632.86" angle="180.00" type="DEFAULT_VEHTYPE" speed="12.66" pos="28.11" lane="2/3to2/4_0" slope="0.00"/>
        <vehicle id="18" x="266.98" y="598.35" angle="90.00" type="DEFAULT_VEHTYPE" speed="13.83" pos="62.23" lane="1/3to2/3_0" slope="0.00"/>
        <vehicle id="19" x="398.35" y="659.12" angle="0.00" type="DEFAULT_VEHTYPE" speed="13.25" pos="140.88" lane="2/4to2/3_0" slope="0.00"/>
        <vehicle id="2" x="398.35" y="16.65" angle="0.00" type="DEFAULT_VEHTYPE" speed="12.67" pos="178.60" lane="2/1to2/0_0" slope="0.00"/>
        <vehicle id="20" x="601.65" y="290.40" angle="180.00" type="DEFAULT_VEHTYPE" speed="13.81" pos="85.65" lane="3/1to3/2_0" slope="0.00"/>
        <vehicle id="21" x="398.35" y="84.39" angle="0.00" type="DEFAULT_VEHTYPE" speed="13.86" pos="110.86" lane="2/1to2/0_0" slope="0.00"/>
        <vehicle id="22" x="167.45" y="201.65" angle="-90.00" type="DEFAULT_VEHTYPE" speed="12.81" pos="27.80" lane="1/1to0/1_0" slope="0.00"/>
        <vehicle id="23" x="589.61" y="198.35" angle="90.00" type="DEFAULT_VEHTYPE" speed="5.28" pos="184.86" lane="2/1to3/1_0" slope="0.00"/>
        <vehicle id="24" x="398.35" y="122.59" angle="0.00" type="DEFAULT_VEHTYPE" speed="12.76" pos="72.66" lane="2/1to2/0_0" slope="0.00"/>
        <vehicle id="3" x="401.26" y="198.35" angle="90.00" type="DEFAULT_VEHTYPE" speed="6.90" pos="6.01" lane=":2/1_13_0" slope="0.00"/>
        <vehicle id="4" x="420.56" y="198.35" angle="90.00" type="DEFAULT_VEHTYPE" speed="8.88" pos="15.81" lane="2/1to3/1_0" slope="0.00"/>
        <vehicle id="5" x="227.11" y="598.35" angle="90.00" type="DEFAULT_VEHTYPE" speed="13.09" pos="22.36" lane="1/3to2/3_0" slope="0.00"/>
        <vehicle id="6" x="385.45" y="198.35" angle="90.00" type="DEFAULT_VEHTYPE" speed="4.78" pos="180.70" lane="1/1to2/1_0" slope="0.00"/>
        <vehicle id="7" x="201.65" y="211.25" angle="180.00" type="DEFAULT_VEHTYPE" speed="9.59" pos="6.50" lane="1/1to1/2_0" slope="0.00"/>
        <vehicle id="8" x="612.58" y="198.35" angle="90.00" type="DEFAULT_VEHTYPE" speed="9.15" pos="7.83" lane="3/1to4/1_0" slope="0.00"/>
        <vehicle id="9" x="422.31" y="401.65" angle="-90.00" type="DEFAULT_VEHTYPE" speed="11.28" pos="172.94" lane="3/2to2/2_0" slope="0.00"/>
    </timestep>
    <timestep time="301.00">
        <vehicle id="0" x="398.35" y="35.18" angle="0.00" type="DEFAULT_VEHTYPE" speed="12.78" pos="160.07" lane="2/1to2/0_0" slope="0.00"/>
        <vehicle id="1" x="782.79" y="201.65" angle="-90.00" type="DEFAULT_VEHTYPE" speed="13.06" pos="17.21" lane="4/1to3/1_0" slope="0.00"/>
        <vehicle id="11" x="601.65" y="260.05" angle="180.00" type="DEFAULT_VEHTYPE" speed="13.00" pos="55.30" lane="3/1to3/2_0" slope="0.00"/>
        <vehicle id="12" x="401.65" y="90.83" angle="180.00" type="DEFAULT_VEHTYPE" speed="13.15" pos="90.83" lane="2/0to2/1_0" slope="0.00"/>
        <vehicle id="14" x="601.65" y="356.81" angle="180.00" type="DEFAULT_VEHTYPE" speed="13.43" pos="152.06" lane="3/1to3/2_0" slope="0.00"/>
        <vehicle id="15" x="201.65" y="20.88" angle="180.00" type="DEFAULT_VEHTYPE" speed="13.27" pos="20.88" lane="1/0to1/1_0" slope="0.00"/>
        <vehicle id="16" x="360.56" y="398.35" angle="90.00" type="DEFAULT_VEHTYPE" speed="13.74" pos="155.81" lane="1/2to2/2_0" slope="0.00"/>
        <vehicle id="17" x="401.65" y="646.09" angle="180.00" type="DEFAULT_VEHTYPE" speed="13.23" pos="41.34" lane="2/3to2/4_0" slope="0.00"/>
        <vehicle id="18" x="280.27" y="598.35" angle="90.00" type="DEFAULT_VEHTYPE" speed="13.29" pos="75.52" lane="1/3to2/3_0" slope="0.00"/>
        <vehicle id="19" x="398.35" y="646.35" angle="0.00" type="DEFAULT_VEHTYPE" speed="12.77" pos="153.65" lane="2/4to2/3_0" slope="0.00"/>
        <vehicle id="2" x="398.35" y="3.34" angle="0.00" type="DEFAULT_VEHTYPE" speed="13.31" pos="191.91" lane="2/1to2/0_0" slope="0.00"/>
        <vehicle id="20" x="601.65" y="303.56" angle="180.00" type="DEFAULT_VEHTYPE" speed="13.16" pos="98.81" lane="3/1to3/2_0" slope="0.00"/>
        <vehicle id="21" x="398.35" y="70.72" angle="0.00" type="DEFAULT_VEHTYPE" speed="13.67" pos="124.53" lane="2/1to2/0_0" slope="0.00"/>
        <vehicle id="22" x="153.61" y="201.65" angle="-90.00" type="DEFAULT_VEHTYPE" speed="13.84" pos="41.64" lane="1/1to0/1_0" slope="0.00"/>
        <vehicle id="23" x="597.03" y="198.35" angle="90.00" type="DEFAULT_VEHTYPE" speed="7.42" pos="1.78" lane=":3/1_13_0" slope="0.00"/>
        <vehicle id="24" x="398.35" y="109.43" angle="0.00" type="DEFAULT_VEHTYPE" speed="13.16" pos="85.82" lane="2/1to2/0_0" slope="0.00"/>
        <vehicle id="3" x="409.72" y="198.35" angle="90.00" type="DEFAULT_VEHTYPE" speed="8.46" pos="4.97" lane="2/1to3/1_0" slope="0.00"/>
        <vehicle id="4" x="431.62" y="198.35" angle="90.00" type="DEFAULT_VEHTYPE" speed="11.06" pos="26.87" lane="2/1to3/1_0" slope="0.00"/>
        <vehicle id="5" x="240.93" y="598.35" angle="90.00" type="DEFAULT_VEHTYPE" speed="13.81" pos="36.18" lane="1/3to2/3_0" slope="0.00"/>
        <vehicle id="6" x="389.43" y="198.35" angle="90.00" type="DEFAULT_VEHTYPE" speed="3.99" pos="184.68" lane="1/1to2/1_0" slope="0.00"/>
        <vehicle id="7" x="201.65" y="223.13" angle="180.00" type="DEFAULT_VEHTYPE" speed="11.87" pos="18.38" lane="1/1to1/2_0" slope="0.00"/>
        <vehicle id="8" x="623.63" y="198.35" angle="90.00" type="DEFAULT_VEHTYPE" speed="11.05" pos="18.88" lane="3/1to4/1_0" slope="0.00"/>
        <vehicle id="9" x="415.53" y="401.65" angle="-90.00" type="DEFAULT_VEHTYPE" speed="6.78" pos="179.72" lane="3/2to2/2_0" slope="0.00"/>
    </timestep>
    <timestep time="302.00">
        <vehicle id="0" x="398.35" y="22.38" angle="0.00" type="DEFAULT_VEHTYPE" speed="12.80" pos="172.87" lane="2/1to2/0_0" slope="0.00"/>
        <vehicle id="1" x="769.70" y="201.65" angle="-90.00" type="DEFAULT_VEHTYPE" speed="13.10" pos="30.30" lane="4/1to3/1_0" slope="0.00"/>
        <vehicle id="11" x="601.65" y="273.64" angle="180.00" type="DEFAULT_VEHTYPE" speed="13.59" pos="68.89" lane="3/1to3/2_0" slope="0.00"/>
        <vehicle id="12" x="401.65" y="103.79" angle="180.00" type="DEFAULT_VEHTYPE" speed="12.97" pos="103.79" lane="2/0to2/1_0" slope="0.00"/>
        <vehicle id="14" x="601.65" y="370.22" angle="180.00" type="DEFAULT_VEHTYPE" speed="13.41" pos="165.47" lane="3/1to3/2_0" slope="0.00"/>
        <vehicle id="15" x="201.65" y="34.75" angle="180.00" type="DEFAULT_VEHTYPE" speed="13.87" pos="34.75" lane="1/0to1/1_0" slope="0.00"/>
        <vehicle id="16" x="372.61" y="398.35" angle="90.00" type="DEFAULT_VEHTYPE" speed="12.04" pos="167.86" lane="1/2to2/2_0" slope="0.00"/>
        <vehicle id="17" x="401.65" y="659.12" angle="180.00" type="DEFAULT_VEHTYPE" speed="13.04" pos="54.37" lane="2/3to2/4_0" slope="0.00"/>
        <vehicle id="18" x="293.37" y="598.35" angle="90.00" type="DEFAULT_VEHTYPE" speed="13.10" pos="88.62" lane="1/3to2/3_0" slope="0.00"/>
        <vehicle id="19" x="398.35" y="633.44" angle="0.00" type="DEFAULT_VEHTYPE" speed="12.90" pos="166.56" lane="2/4to2/3_0" slope="0.00"/>
        <vehicle id="2" x="401.65" y="4.63" angle="177.60" type="DEFAULT_VEHTYPE" speed="12.79" pos="4.63" lane="2/0to2/1_0" slope="0.00"/>
        <vehicle id="20" x="601.65" y="317.17" angle="180.00" type="DEFAULT_VEHTYPE" speed="13.61" pos="112.42" lane="3/1to3/2_0" slope="0.00"/>
        <vehicle id="21" x="398.35" y="58.04" angle="0.00" type="DEFAULT_VEHTYPE" speed="12.68" pos="137.21" lane="2/1to2/0_0" slope="0.00"/>
        <vehicle id="22" x="140.01" y="201.65" angle="-90.00" type="DEFAULT_VEHTYPE" speed="13.60" pos="55.24" lane="1/1to0/1_0" slope="0.00"/>
        <vehicle id="23" x="605.92" y="198.35" angle="90.00" type="DEFAULT_VEHTYPE" speed="8.89" pos="1.17" lane="3/1to4/1_0" slope="0.00"/>
        <vehicle id="24" x="398.35" y="95.79" angle="0.00" type="DEFAULT_VEHTYPE" speed="13.64" pos="99.46" lane="2/1to2/0_0" slope="0.00"/>
        <vehicle id="3" x="420.65" y="198.35" angle="90.00" type="DEFAULT_VEHTYPE" speed="10.93" pos="15.90" lane="2/1to3/1_0" slope="0.00"/>
        <vehicle id="4" x="444.55" y="198.35" angle="90.00" type="DEFAULT_VEHTYPE" speed="12.93" pos="39.80" lane="2/1to3/1_0" slope="0.00"/>
        <vehicle id="5" x="253.81" y="598.35" angle="90.00" type="DEFAULT_VEHTYPE" speed="12.89" pos="49.06" lane="1/3to2/3_0" slope="0.00"/>
        <vehicle id="6" x="395.14" y="198.35" angle="90.00" type="DEFAULT_VEHTYPE" speed="5.70" pos="190.39" lane="1/1to2/1_0" slope="0.00"/>
        <vehicle id="7" x="201.65" y="236.90" angle="180.00" type="DEFAULT_VEHTYPE" speed="13.77" pos="32.15" lane="1/1to1/2_0" slope="0.00"/>
        <vehicle id="8" x="636.04" y="198.35" angle="90.00" type="DEFAULT_VEHTYPE" speed="12.41" pos="31.29" lane="3/1to4/1_0" slope="0.00"/>
        <vehicle id="9" x="411.48" y="401.65" angle="-90.00" type="DEFAULT_VEHTYPE" speed="4.05" pos="183.77" lane="3/2to2/2_0" slope="0.00"/>
    </timestep>
    <timestep time="303.00">
        <vehicle id="0" x="398.35" y="9.28" angle="0.00" type="DEFAULT_VEHTYPE" speed="13.10" pos="185.97" lane="2/1to2/0_0" slope="0.00"/>
        <vehicle id="1" x="756.18" y="201.65" angle="-90.00" type="DEFAULT_VEHTYPE" speed="13.52" pos="43.82" lane="4/1to3/1_0" slope="0.00"/>
        <vehicle id="11" x="601.65" y="287.29" angle="180.00" type="DEFAULT_VEHTYPE" speed="13.66" pos="82.54" lane="3/1to3/2_0" slope="0.00"/>
        <vehicle id="12" x="401.65" y="117.41" angle="180.00" type="DEFAULT_VEHTYPE" speed="13.62" pos="117.41" lane="2/0to2/1_0" slope="0.00"/>
        <vehicle id="14" x="601.65" y="379.85" angle="180.00" type="DEFAULT_VEHTYPE" speed="9.63" pos="175.10" lane="3/1to3/2_0" slope="0.00"/>
        <vehicle id="15" x="201.65" y="48.04" angle="180.00" type="DEFAULT_VEHTYPE" speed="13.29" pos="48.04" lane="1/0to1/1_0" slope="0.00"/>
        <vehicle id="16" x="381.73" y="398.35" angle="90.00" type="DEFAULT_VEHTYPE" speed="9.12" pos="176.98" lane="1/2to2/2_0" slope="0.00"/>
        <vehicle id="17" x="401.65" y="672.47" angle="180.00" type="DEFAULT_VEHTYPE" speed="13.34" pos="67.72" lane="2/3to2/4_0" slope="0.00"/>
        <vehicle id="18" x="306.63" y="598.35" angle="90.00" type="DEFAULT_VEHTYPE" speed="13.27" pos="101.88" lane="1/3to2/3_0" slope="0.00"/>
        <vehicle id="19" x="398.35" y="620.56" angle="0.00" type="DEFAULT_VEHTYPE" speed="12.88" pos="179.44" lane="2/4to2/3_0" slope="0.00"/>
        <vehicle id="2" x="401.65" y="17.86" angle="180.00" type="DEFAULT_VEHTYPE" speed="13.23" pos="17.86" lane="2/0to2/1_0" slope="0.00"/>
        <vehicle id="20" x="601.65" y="329.81" angle="180.00" type="DEFAULT_VEHTYPE" speed="12.64" pos="125.06" lane="3/1to3/2_0" slope="0.00"/>
        <vehicle id="21" x="398.35" y="45.26" angle="0.00" type="DEFAULT_VEHTYPE" speed="12.78" pos="149.99" lane="2/1to2/0_0" slope="0.00"/>
        <vehicle id="22" x="126.38" y="201.65" angle="-90.00" type="DEFAULT_VEHTYPE" speed="13.64" pos="68.87" lane="1/1to0/1_0" slope="0.00"/>
        <vehicle id="23" x="617.01" y="198.35" angle="90.00" type="DEFAULT_VEHTYPE" speed="11.09" pos="12.26" lane="3/1to4/1_0" slope="0.00"/>
        <vehicle id="24" x="398.35" y="82.56" angle="0.00" type="DEFAULT_VEHTYPE" speed="13.22" pos="112.69" lane="2/1to2/0_0" slope="0.00"/>
        <vehicle id="3" x="433.58" y="198.35" angle="90.00" type="DEFAULT_VEHTYPE" speed="12.93" pos="28.83" lane="2/1to3/1_0" slope="0.00"/>
        <vehicle id="4" x="458.35" y="198.35" angle="90.00" type="DEFAULT_VEHTYPE" speed="13.80" pos="53.60" lane="2/1to3/1_0" slope="0.00"/>
        <vehicle id="5" x="266.89" y="598.35" angle="90.00" type="DEFAULT_VEHTYPE" speed="13.08" pos="62.14" lane="1/3to2/3_0" slope="0.00"/>
        <vehicle id="6" x="402.50" y="198.35" angle="90.00" type="DEFAULT_VEHTYPE" speed="7.37" pos="7.25" lane=":2/1_13_0" slope="0.00"/>
        <vehicle id="7" x="201.65" y="250.62" angle="180.00" type="DEFAULT_VEHTYPE" speed="13.72" pos="45.87" lane="1/1to1/2_0" slope="0.00"/>
        <vehicle id="8" x="648.67" y="198.35" angle="90.00" type="DEFAULT_VEHTYPE" speed="12.63" pos="43.92" lane="3/1to4/1_0" slope="0.00"/>
        <vehicle id="9" x="404.94" y="401.65" angle="-90.00" type="DEFAULT_VEHTYPE" speed="6.54" pos="190.31" lane="3/2to2/2_0" slope="0.00"/>
    </timestep>
    <timestep time="304.00">
        <vehicle id="0" x="401.07" y="-0.87" angle="52.48" type="DEFAULT_VEHTYPE" speed="13.06" pos="3.78" lane=":2/0_0_0" slope="0.00"/>
        <vehicle id="1" x="742.35" y="201.65" angle="-90.00" type="DEFAULT_VEHTYPE" speed="13.83" pos="57.65" lane="4/1to3/1_0" slope="0.00"/>
        <vehicle id="11" x="601.65" y="300.27" angle="180.00" type="DEFAULT_VEHTYPE" speed="12.97" pos="95.52" lane="3/1to3/2_0" slope="0.00"/>
        <vehicle id="12" x="401.65" y="130.25" angle="180.00" type="DEFAULT_VEHTYPE" speed="12.84" pos="130.25" lane="2/0to2/1_0" slope="0.00"/>
        <vehicle id="14" x="601.65" y="386.78" angle="180.00" type="DEFAULT_VEHTYPE" speed="6.94" pos="182.03" lane="3/1to3/2_0" slope="0.00"/>
        <vehicle id="15" x="201.65" y="61.85" angle="180.00" type="DEFAULT_VEHTYPE" speed="13.81" pos="61.85" lane="1/0to1/1_0" slope="0.00"/>
        <vehicle id="16" x="386.91" y="398.35" angle="90.00" type="DEFAULT_VEHTYPE" speed="5.18" pos="182.16" lane="1/2to2/2_0" slope="0.00"/>
        <vehicle id="17" x="401.65" y="685.17" angle="180.00" type="DEFAULT_VEHTYPE" speed="12.70" pos="80.42" lane="2/3to2/4_0" slope="0.00"/>
        <vehicle id="18" x="319.62" y="598.35" angle="90.00" type="DEFAULT_VEHTYPE" speed="12.99" pos="114.87" lane="1/3to2/3_0" slope="0.00"/>
        <vehicle id="19" x="398.35" y="607.31" angle="0.00" type="DEFAULT_VEHTYPE" speed="13.26" pos="192.69" lane="2/4to2/3_0" slope="0.00"/>
        <vehicle id="2" x="401.65" y="30.59" angle="180.00" type="DEFAULT_VEHTYPE" speed="12.73" pos="30.59" lane="2/0to2/1_0" slope="0.00"/>
        <vehicle id="20" x="601.65" y="342.84" angle="180.00" type="DEFAULT_VEHTYPE" speed="13.03" pos="138.09" lane="3/1to3/2_0" slope="0.00"/>
        <vehicle id="21" x="398.35" y="31.96" angle="0.00" type="DEFAULT_VEHTYPE" speed="13.30" pos="163.29" lane="2/1to2/0_0" slope="0.00"/>
        <vehicle id="22" x="112.66" y="201.65" angle="-90.00" type="DEFAULT_VEHTYPE" speed="13.72" pos="82.59" lane="1/1to0/1_0" slope="0.00"/>
        <vehicle id="23" x="629.74" y="198.35" angle="90.00" type="DEFAULT_VEHTYPE" speed="12.73" pos="24.99" lane="3/1to4/1_0" slope="0.00"/>
        <vehicle id="24" x="398.35" y="69.46" angle="0.00" type="DEFAULT_VEHTYPE" speed="13.11" pos="125.79" lane="2/1to2/0_0" slope="0.00"/>
        <vehicle id="3" x="446.50" y="198.35" angle="90.00" type="DEFAULT_VEHTYPE" speed="12.92" pos="41.75" lane="2/1to3/1_0" slope="0.00"/>
        <vehicle id="4" x="472.20" y="198.35" angle="90.00" type="DEFAULT_VEHTYPE" speed="13.85" pos="67.45" lane="2/1to3/1_0" slope="0.00"/>
        <vehicle id="5" x="280.58" y="598.35" angle="90.00" type="DEFAULT_VEHTYPE" speed="13.69" pos="75.83" lane="1/3to2/3_0" slope="0.00"/>
        <vehicle id="6" x="411.49" y="198.35" angle="90.00" type="DEFAULT_VEHTYPE" speed="8.99" pos="6.74" lane="2/1to3/1_0" slope="0.00"/>
        <vehicle id="7" x="201.65" y="263.77" angle="180.00" type="DEFAULT_VEHTYPE" speed="13.15" pos="59.02" lane="1/1to1/2_0" slope="0.00"/>
        <vehicle id="8" x="661.47" y="198.35" angle="90.00" type="DEFAULT_VEHTYPE" speed="12.80" pos="56.72" lane="3/1to4/1_0" slope="0.00"/>
        <vehicle id="9" x="396.17" y="401.65" angle="-90.00" type="DEFAULT_VEHTYPE" speed="8.77" pos="8.58" lane=":2/2_5_0" slope="0.00"/>
    </timestep>
    <timestep time="305.00">
        <vehicle id="0" x="401.65" y="12.04" angle="180.00" type="DEFAULT_VEHTYPE" speed="13.08" pos="12.04" lane="2/0to2/1_0" slope="0.00"/>
        <vehicle id="1" x="729.47" y="201.65" angle="-90.00" type="DEFAULT_VEHTYPE" speed="12.87" pos="70.53" lane="4/1to3/1_0" slope="0.00"/>
        <vehicle id="11" x="601.65" y="313.55" angle="180.00" type="DEFAULT_VEHTYPE" speed="13.28" pos="108.80" lane="3/1to3/2_0" slope="0.00"/>
        <vehicle id="12" x="401.65" y="143.51" angle="180.00" type="DEFAULT_VEHTYPE" speed="13.26" pos="143.51" lane="2/0to2/1_0" slope="0.00"/>
        <vehicle id="14" x="601.65" y="390.86" angle="180.00" type="DEFAULT_VEHTYPE" speed="4.07" pos="186.11" lane="3/1to3/2_0" slope="0.00"/>
        <vehicle id="15" x="201.65" y="74.55" angle="180.00" type="DEFAULT_VEHTYPE" speed="12.70" pos="74.55" lane="1/0to1/1_0" slope="0.00"/>
        <vehicle id="16" x="389.82" y="398.35" angle="90.00" type="DEFAULT_VEHTYPE" speed="2.90" pos="185.07" lane="1/2to2/2_0" slope="0.00"/>
        <vehicle id="17" x="401.65" y="698.36" angle="180.00" type="DEFAULT_VEHTYPE" speed="13.20" pos="93.61" lane="2/3to2/4_0" slope="0.00"/>
        <vehicle id="18" x="332.43" y="598.35" angle="90.00" type="DEFAULT_VEHTYPE" speed="12.81" pos="127.68" lane="1/3to2/3_0" slope="0.00"/>
        <vehicle id="19" x="398.35" y="594.55" angle="0.00" type="DEFAULT_VEHTYPE" speed="12.76" pos="0.70" lane="2/3to2/2_0" slope="0.00"/>
        <vehicle id="2" x="401.65" y="44.37" angle="180.00" type="DEFAULT_VEHTYPE" speed="13.78" pos="44.37" lane="2/0to2/1_0" slope="0.00"/>
        <vehicle id="20" x="601.65" y="355.44" angle="180.00" type="DEFAULT_VEHTYPE" speed="12.60" pos="150.69" lane="3/1to3/2_0" slope="0.00"/>
        <vehicle id="21" x="398.35" y="18.27" angle="0.00" type="DEFAULT_VEHTYPE" speed="13.69" pos="176.98" lane="2/1to2/0_0" slope="0.00"/>
        <vehicle id="22" x="99.28" y="201.65" angle="-90.00" type="DEFAULT_VEHTYPE" speed="13.37" pos="95.97" lane="1/1to0/1_0" slope="0.00"/>
        <vehicle id="23" x="642.76" y="198.35" angle="90.00" type="DEFAULT_VEHTYPE" speed="13.02" pos="38.01" lane="3/1to4/1_0" slope="0.00"/>
        <vehicle id="24" x="398.35" y="55.95" angle="0.00" type="DEFAULT_VEHTYPE" speed="13.50" pos="139.30" lane="2/1to2/0_0" slope="0.00"/>
        <vehicle id="3" x="460.26" y="198.35" angle="90.00" type="DEFAULT_VEHTYPE" speed="13.77" pos="55.51" lane="2/1to3/1_0" slope="0.00"/>
        <vehicle id="4" x="485.41" y="198.35" angle="90.00" type="DEFAULT_VEHTYPE" speed="13.21" pos="80.66" lane="2/1to3/1_0" slope="0.00"/>
        <vehicle id="5" x="294.29" y="598.35" angle="90.00" type="DEFAULT_VEHTYPE" speed="13.70" pos="89.54" lane="1/3to2/3_0" slope="0.00"/>
        <vehicle id="6" x="422.92" y="198.35" angle="90.00" type="DEFAULT_VEHTYPE" speed="11.43" pos="18.17" lane="2/1to3/1_0" slope="0.00"/>
        <vehicle id="7" x="201.65" y="276.47" angle="180.00" type="DEFAULT_VEHTYPE" speed="12.70" pos="71.72" lane="1/1to1/2_0" slope="0.00"/>
        <vehicle id="8" x="674.98" y="198.35" angle="90.00" type="DEFAULT_VEHTYPE" speed="13.51" pos="70.23" lane="3/1to4/1_0" slope="0.00"/>
        <vehicle id="9" x="386.00" y="401.65" angle="-90.00" type="DEFAULT_VEHTYPE" speed="10.17" pos="9.25" lane="2/2to1/2_0" slope="0.00"/>
    </timestep>
    <timestep time="306.00">
        <vehicle id="0" x="401.65" y="25.82" angle="180.00" type="DEFAULT_VEHTYPE" speed="13.78" pos="25.82" lane="2/0to2/1_0" slope="0.00"/>
        <vehicle id="1" x="716.85" y="201.65" angle="-90.00" type="DEFAULT_VEHTYPE" speed="12.63" pos="83.15" lane="4/1to3/1_0" slope="0.00"/>
        <vehicle id="11" x="601.65" y="326.48" angle="180.00" type="DEFAULT_VEHTYPE" speed="12.94" pos="121.73" lane="3/1to3/2_0" slope="0.00"/>
        <vehicle id="12" x="401.65" y="157.19" angle="180.00" type="DEFAULT_VEHTYPE" speed="13.69" pos="157.19" lane="2/0to2/1_0" slope="0.00"/>
        <vehicle id="14" x="601.49" y="396.35" angle="-178.20" type="DEFAULT_VEHTYPE" speed="5.50" pos="1.11" lane=":3/2_10_0" slope="0.00"/>
        <vehicle id="15" x="201.65" y="87.86" angle="180.00" type="DEFAULT_VEHTYPE" speed="13.31" pos="87.86" lane="1/0to1/1_0" slope="0.00"/>
        <vehicle id="16" x="394.72" y="398.35" angle="90.00" type="DEFAULT_VEHTYPE" speed="4.91" pos="189.97" lane="1/2to2/2_0" slope="0.00"/>
        <vehicle id="17" x="401.65" y="711.27" angle="180.00" type="DEFAULT_VEHTYPE" speed="12.90" pos="106.52" lane="2/3to2/4_0" slope="0.00"/>
        <vehicle id="18" x="346.16" y="598.35" angle="90.00" type="DEFAULT_VEHTYPE" speed="13.73" pos="141.41" lane="1/3to2/3_0" slope="0.00"/>
        <vehicle id="19" x="398.35" y="581.43" angle="0.00" type="DEFAULT_VEHTYPE" speed="13.12" pos="13.82" lane="2/3to2/2_0" slope="0.00"/>
        <vehicle id="2" x="401.65" y="58.13" angle="180.00" type="DEFAULT_VEHTYPE" speed="13.76" pos="58.13" lane="2/0to2/1_0" slope="0.00"/>
        <vehicle id="20" x="601.65" y="366.74" angle="180.00" type="DEFAULT_VEHTYPE" speed="11.31" pos="161.99" lane="3/1to3/2_0" slope="0.00"/>
        <vehicle id="21" x="398.35" y="4.48" angle="0.00" type="DEFAULT_VEHTYPE" speed="13.79" pos="190.77" lane="2/1to2/0_0" slope="0.00"/>
        <vehicle id="22" x="85.62" y="201.65" angle="-90.00" type="DEFAULT_VEHTYPE" speed="13.66" pos="109.63" lane="1/1to0/1_0" slope="0.00"/>
        <vehicle id="23" x="656.20" y="198.35" angle="90.00" type="DEFAULT_VEHTYPE" speed="13.44" pos="51.45" lane="3/1to4/1_0" slope="0.00"/>
        <vehicle id="24" x="398.35" y="43.29" angle="0.00" type="DEFAULT_VEHTYPE" speed="12.66" pos="151.96" lane="2/1to2/0_0" slope="0.00"/>
        <vehicle id="3" x="472.97" y="198.35" angle="90.00" type="DEFAULT_VEHTYPE" speed="12.71" pos="68.22" lane="2/1to3/1_0" slope="0.00"/>
        <vehicle id="4" x="498.85" y="198.35" angle="90.00" type="DEFAULT_VEHTYPE" speed="13.44" pos="94.10" lane="2/1to3/1_0" slope="0.00"/>
        <vehicle id="5" x="308.13" y="598.35" angle="90.00" type="DEFAULT_VEHTYPE" speed="13.85" pos="103.38" lane="1/3to2/3_0" slope="0.00"/>
        <vehicle id="6" x="436.49" y="198.35" angle="90.00" type="DEFAULT_VEHTYPE" speed="13.56" pos="31.74" lane="2/1to3/1_0" slope="0.00"/>
        <vehicle id="7" x="201.65" y="289.64" angle="180.00" type="DEFAULT_VEHTYPE" speed="13.17" pos="84.89" lane="1/1to1/2_0" slope="0.00"/>
        <vehicle id="8" x="688.22" y="198.35" angle="90.00" type="DEFAULT_VEHTYPE" speed="13.23" pos="83.47" lane="3/1to4/1_0" slope="0.00"/>
        <vehicle id="9" x="373.88" y="401.65" angle="-90.00" type="DEFAULT_VEHTYPE" speed="12.12" pos="21.37" lane="2/2to1/2_0" slope="0.00"/>
    </timestep>
    <timestep time="307.00">
        <vehicle id="0" x="401.65" y="38.67" angle="180.00" type="DEFAULT_VEHTYPE" speed="12.84" pos="38.67" lane="2/0to2/1_0" slope="0.00"/>
        <vehicle id="1" x="703.55" y="201.65" angle="-90.00" type="DEFAULT_VEHTYPE" speed="13.29" pos="96.45" lane="4/1to3/1_0" slope="0.00"/>
        <vehicle id="11" x="601.65" y="339.97" angle="180.00" type="DEFAULT_VEHTYPE" speed="13.49" pos="135.22" lane="3/1to3/2_0" slope="0.00"/>
        <vehicle id="12" x="401.65" y="170.72" angle="180.00" type="DEFAULT_VEHTYPE" speed="13.53" pos="170.72" lane="2/0to2/1_0" slope="0.00"/>
        <vehicle id="14" x="597.33" y="401.35" angle="-128.61" type="DEFAULT_VEHTYPE" speed="7.11" pos="1.08" lane=":3/2_18_0" slope="0.00"/>
        <vehicle id="15" x="201.65" y="100.78" angle="180.00" type="DEFAULT_VEHTYPE" speed="12.92" pos="100.78" lane="1/0to1/1_0" slope="0.00"/>
        <vehicle id="16" x="398.35" y="394.49" angle="32.02" type="DEFAULT_VEHTYPE" speed="6.29" pos="0.76" lane="2/2to2/1_0" slope="0.00"/>
        <vehicle id="17" x="401.65" y="724.78" angle="180.00" type="DEFAULT_VEHTYPE" speed="13.51" pos="120.03" lane="2/3to2/4_0" slope="0.00"/>
        <vehicle id="18" x="359.00" y="598.35" angle="90.00" type="DEFAULT_VEHTYPE" speed="12.84" pos="154.25" lane="1/3to2/3_0" slope="0.00"/>
        <vehicle id="19" x="398.35" y="567.75" angle="0.00" type="DEFAULT_VEHTYPE" speed="13.69" pos="27.50" lane="2/3to2/2_0" slope="0.00"/>
        <vehicle id="2" x="401.65" y="71.32" angle="180.00" type="DEFAULT_VEHTYPE" speed="13.18" pos="71.32" lane="2/0to2/1_0" slope="0.00"/>
        <vehicle id="20" x="601.65" y="377.34" angle="180.00" type="DEFAULT_VEHTYPE" speed="10.59" pos="172.59" lane="3/1to3/2_0" slope="0.00"/>
        <vehicle id="21" x="401.65" y="4.29" angle="175.35" type="DEFAULT_VEHTYPE" speed="13.59" pos="4.29" lane="2/0to2/1_0" slope="0.00"/>
        <vehicle id="22" x="72.70" y="201.65" angle="-90.00" type="DEFAULT_VEHTYPE" speed="12.92" pos="122.55" lane="1/1to0/1_0" slope="0.00"/>
        <vehicle id="23" x="669.38" y="198.35" angle="90.00" type="DEFAULT_VEHTYPE" speed="13.19" pos="64.63" lane="3/1to4/1_0" slope="0.00"/>
        <vehicle id="24" x="398.35" y="30.51" angle="0.00" type="DEFAULT_VEHTYPE" speed="12.78" pos="164.74" lane="2/1to2/0_0" slope="0.00"/>
        <vehicle id="3" x="486.41" y="198.35" angle="90.00" type="DEFAULT_VEHTYPE" speed="13.44" pos="81.66" lane="2/1to3/1_0" slope="0.00"/>
        <vehicle id="4" x="512.32" y="198.35" angle="90.00" type="DEFAULT_VEHTYPE" speed="13.47" pos="107.57" lane="2/1to3/1_0" slope="0.00"/>
        <vehicle id="5" x="320.81" y="598.35" angle="90.00" type="DEFAULT_VEHTYPE" speed="12.68" pos="116.06" lane="1/3to2/3_0" slope="0.00"/>
        <vehicle id="6" x="449.34" y="198.35" angle="90.00" type="DEFAULT_VEHTYPE" speed="12.86" pos="44.59" lane="2/1to3/1_0" slope="0.00"/>
        <vehicle id="7" x="201.65" y="302.80" angle="180.00" type="DEFAULT_VEHTYPE" speed="13.16" pos="98.05" lane="1/1to1/2_0" slope="0.00"/>
        <vehicle id="8" x="701.48" y="198.35" angle="90.00" type="DEFAULT_VEHTYPE" speed="13.27" pos="96.73" lane="3/1to4/1_0" slope="0.00"/>
        <vehicle id="9" x="361.05" y="401.65" angle="-90.00" type="DEFAULT_VEHTYPE" speed="12.82" pos="34.20" lane="2/2to1/2_0" slope="0.00"/>
    </timestep>
    <timestep time="308.00">
        <vehicle id="0" x="401.65" y="51.42" angle="180.00" type="DEFAULT_VEHTYPE" speed="12.75" pos="51.42" lane="2/0to2/1_0" slope="0.00"/>
        <vehicle id="1" x="689.83" y="201.65" angle="-90.00" type="DEFAULT_VEHTYPE" speed="13.72" pos="110.17" lane="4/1to3/1_0" slope="0.00"/>
        <vehicle id="11" x="601.65" y="352.96" angle="180.00" type="DEFAULT_VEHTYPE" speed="12.99" pos="148.21" lane="3/1to3/2_0" slope="0.00"/>
        <vehicle id="12" x="401.65" y="184.44" angle="180.00" type="DEFAULT_VEHTYPE" speed="13.72" pos="184.44" lane="2/0to2/1_0" slope="0.00"/>
        <vehicle id="14" x="587.90" y="401.65" angle="-90.00" type="DEFAULT_VEHTYPE" speed="9.46" pos="7.35" lane="3/2to2/2_0" slope="0.00"/>
        <vehicle id="15" x="201.65" y="114.17" angle="180.00" type="DEFAULT_VEHTYPE" speed="13.39" pos="114.17" lane="1/0to1/1_0" slope="0.00"/>
        <vehicle id="16" x="398.35" y="385.93" angle="0.00" type="DEFAULT_VEHTYPE" speed="8.56" pos="9.32" lane="2/2to2/1_0" slope="0.00"/>
        <vehicle id="17" x="401.65" y="737.55" angle="180.00" type="DEFAULT_VEHTYPE" speed="12.77" pos="132.80" lane="2/3to2/4_0" slope="0.00"/>
        <vehicle id="18" x="371.92" y="598.35" angle="90.00" type="DEFAULT_VEHTYPE" speed="12.92" pos="167.17" lane="1/3to2/3_0" slope="0.00"/>
        <vehicle id="19" x="398.35" y="554.25" angle="0.00" type="DEFAULT_VEHTYPE" speed="13.50" pos="41.00" lane="2/3to2/2_0" slope="0.00"/>
        <vehicle id="2" x="401.65" y="84.96" angle="180.00" type="DEFAULT_VEHTYPE" speed="13.64" pos="84.96" lane="2/0to2/1_0" slope="0.00"/>
        <vehicle id="20" x="601.65" y="384.85" angle="180.00" type="DEFAULT_VEHTYPE" speed="7.51" pos="180.10" lane="3/1to3/2_0" slope="0.00"/>
        <vehicle id="21" x="401.65" y="17.59" angle="180.00" type="DEFAULT_VEHTYPE" speed="13.30" pos="17.59" lane="2/0to2/1_0" slope="0.00"/>
        <vehicle id="22" x="59.62" y="201.65" angle="-90.00" type="DEFAULT_VEHTYPE" speed="13.08" pos="135.63" lane="1/1to0/1_0" slope="0.00"/>
        <vehicle id="23" x="682.79" y="198.35" angle="90.00" type="DEFAULT_VEHTYPE" speed="13.41" pos="78.04" lane="3/1to4/1_0" slope="0.00"/>
        <vehicle id="24" x="398.35" y="17.43" angle="0.00" type="DEFAULT_VEHTYPE" speed="13.08" pos="177.82" lane="2/1to2/0_0" slope="0.00"/>
        <vehicle id="3" x="499.06" y="198.35" angle="90.00" type="DEFAULT_VEHTYPE" speed="12.65" pos="94.31" lane="2/1to3/1_0" slope="0.00"/>
        <vehicle id="4" x="525.96" y="198.35" angle="90.00" type="DEFAULT_VEHTYPE" speed="13.64" pos="121.21" lane="2/1to3/1_0" slope="0.00"/>
        <vehicle id="5" x="334.37" y="598.35" angle="90.00" type="DEFAULT_VEHTYPE" speed="13.56" pos="129.62" lane="1/3to2/3_0" slope="0.00"/>
        <vehicle id="6" x="462.50" y="198.35" angle="90.00" type="DEFAULT_VEHTYPE" speed="13.15" pos="57.75" lane="2/1to3/1_0" slope="0.00"/>
        <vehicle id="7" x="201.65" y="316.52" angle="180.00" type="DEFAULT_VEHTYPE" speed="13.72" pos="111.77" lane="1/1to1/2_0" slope="0.00"/>
        <vehicle id="8" x="714.13" y="198.35" angle="90.00" type="DEFAULT_VEHTYPE" speed="12.64" pos="109.38" lane="3/1to4/1_0" slope="0.00"/>
        <vehicle id="9" x="347.58" y="401.65" angle="-90.00" type="DEFAULT_VEHTYPE" speed="13.47" pos="47.67" lane="2/2to1/2_0" slope="0.00"/>
    </timestep>
    <timestep time="309.00">
        <vehicle id="0" x="401.65" y="65.18" angle="180.00" type="DEFAULT_VEHTYPE" speed="13.76" pos="65.18" lane="2/0to2/1_0" slope="0.00"/>
        <vehicle id="1" x="676.96" y="201.65" angle="-90.00" type="DEFAULT_VEHTYPE" speed="12.87" pos="123.04" lane="4/1to3/1_0" slope="0.00"/>
        <vehicle id="11" x="601.65" y="366.10" angle="180.00" type="DEFAULT_VEHTYPE" speed="13.14" pos="161.35" lane="3/1to3/2_0" slope="0.00"/>
        <vehicle id="12" x="402.22" y="197.24" angle="173.38" type="DEFAULT_VEHTYPE" speed="12.91" pos="2.11" lane=":2/1_8_0" slope="0.00"/>
        <vehicle id="14" x="575.92" y="401.65" angle="-90.00" type="DEFAULT_VEHTYPE" speed="11.98" pos="19.33" lane="3/2to2/2_0" slope="0.00"/>
        <vehicle id="15" x="201.65" y="127.45" angle="180.00" type="DEFAULT_VEHTYPE" speed="13.28" pos="127.45" lane="1/0to1/1_0" slope="0.00"/>
        <vehicle id="16" x="398.35" y="375.22" angle="0.00" type="DEFAULT_VEHTYPE" speed="10.71" pos="20.03" lane="2/2to2/1_0" slope="0.00"/>
        <vehicle id="17" x="401.65" y="750.44" angle="180.00" type="DEFAULT_VEHTYPE" speed="12.89" pos="145.69" lane="2/3to2/4_0" slope="0.00"/>
        <vehicle id="18" x="380.83" y="598.35" angle="90.00" type="DEFAULT_VEHTYPE" speed="8.91" pos="176.08" lane="1/3to2/3_0" slope="0.00"/>
        <vehicle id="19" x="398.35" y="540.66" angle="0.00" type="DEFAULT_VEHTYPE" speed="13.59" pos="54.59" lane="2/3to2/2_0" slope="0.00"/>
        <vehicle id="2" x="401.65" y="98.45" angle="180.00" type="DEFAULT_VEHTYPE" speed="13.49" pos="98.45" lane="2/0to2/1_0" slope="0.00"/>
        <vehicle id="20" x="601.65" y="389.23" angle="180.00" type="DEFAULT_VEHTYPE" speed="4.38" pos="184.48" lane="3/1to3/2_0" slope="0.00"/>
        <vehicle id="21" x="401.65" y="30.88" angle="180.00" type="DEFAULT_VEHTYPE" speed="13.29" pos="30.88" lane="2/0to2/1_0" slope="0.00"/>
        <vehicle id="22" x="46.71" y="201.65" angle="-90.00" type="DEFAULT_VEHTYPE" speed="12.91" pos="148.54" lane="1/1to0/1_0" slope="0.00"/>
        <vehicle id="23" x="695.95" y="198.35" angle="90.00" type="DEFAULT_VEHTYPE" speed="13.15" pos="91.20" lane="3/1to4/1_0" slope="0.00"/>
        <vehicle id="24" x="398.35" y="4.72" angle="0.00" type="DEFAULT_VEHTYPE" speed="12.71" pos="190.53" lane="2/1to2/0_0" slope="0.00"/>
        <vehicle id="3" x="512.74" y="198.35" angle="90.00" type="DEFAULT_VEHTYPE" speed="13.68" pos="107.99" lane="2/1to3/1_0" slope="0.00"/>
        <vehicle id="4" x="539.72" y="198.35" angle="90.00" type="DEFAULT_VEHTYPE" speed="13.76" pos="134.97" lane="2/1to3/1_0" slope="0.00"/>
        <vehicle id="5" x="347.31" y="598.35" angle="90.00" type="DEFAULT_VEHTYPE" speed="12.94" pos="142.56" lane="1/3to2/3_0" slope="0.00"/>
        <vehicle id="6" x="475.92" y="198.35" angle="90.00" type="DEFAULT_VEHTYPE" speed="13.43" pos="71.17" lane="2/1to3/1_0" slope="0.00"/>
        <vehicle id="7" x="201.65" y="329.70" angle="180.00" type="DEFAULT_VEHTYPE" speed="13.18" pos="124.95" lane="1/1to1/2_0" slope="0.00"/>
        <vehicle id="8" x="727.41" y="198.35" angle="90.00" type="DEFAULT_VEHTYPE" speed="13.28" pos="122.66" lane="3/1to4/1_0" slope="0.00"/>
        <vehicle id="9" x="333.90" y="401.65" angle="-90.00" type="DEFAULT_VEHTYPE" speed="13.68" pos="61.35" lane="2/2to1/2_0" slope="0.00"/>
    </timestep>
    <timestep time="310.00">
        <vehicle id="0" x="401.65" y="77.86" angle="180.00" type="DEFAULT_VEHTYPE" speed="12.68" pos="77.86" lane="2/0to2/1_0" slope="0.00"/>
        <vehicle id="1" x="664.25" y="201.65" angle="-90.00" type="DEFAULT_VEHTYPE" speed="12.71" pos="135.75" lane="4/1to3/1_0" slope="0.00"/>
        <vehicle id="11" x="601.65" y="374.74" angle="180.00" type="DEFAULT_VEHTYPE" speed="8.64" pos="169.99" lane="3/1to3/2_0" slope="0.00"/>
        <vehicle id="12" x="414.46" y="198.35" angle="90.00" type="DEFAULT_VEHTYPE" speed="12.60" pos="9.71" lane="2/1to3/1_0" slope="0.00"/>
        <vehicle id="14" x="562.22" y="401.65" angle="-90.00" type="DEFAULT_VEHTYPE" speed="13.70" pos="33.03" lane="3/2to2/2_0" slope="0.00"/>
        <vehicle id="15" x="201.65" y="140.76" angle="180.00" type="DEFAULT_VEHTYPE" speed="13.32" pos="140.76" lane="1/0to1/1_0" slope="0.00"/>
        <vehicle id="16" x="398.35" y="362.96" angle="0.00" type="DEFAULT_VEHTYPE" speed="12.26" pos="32.29" lane="2/2to2/1_0" slope="0.00"/>
        <vehicle id="17" x="401.65" y="763.99" angle="180.00" type="DEFAULT_VEHTYPE" speed="13.55" pos="159.24" lane="2/3to2/4_0" slope="0.00"/>
        <vehicle id="18" x="387.45" y="598.35" angle="90.00" type="DEFAULT_VEHTYPE" speed="6.62" pos="182.70" lane="1/3to2/3_0" slope="0.00"/>
        <vehicle id="19" x="398.35" y="527.37" angle="0.00" type="DEFAULT_VEHTYPE" speed="13.29" pos="67.88" lane="2/3to2/2_0" slope="0.00"/>
        <vehicle id="2" x="401.65" y="112.23" angle="180.00" type="DEFAULT_VEHTYPE" speed="13.78" pos="112.23" lane="2/0to2/1_0" slope="0.00"/>
        <vehicle id="20" x="601.55" y="395.94" angle="-178.87" type="DEFAULT_VEHTYPE" speed="6.72" pos="0.70" lane=":3/2_10_0" slope="0.00"/>
        <vehicle id="21" x="401.65" y="44.41" angle="180.00" type="DEFAULT_VEHTYPE" speed="13.53" pos="44.41" lane="2/0to2/1_0" slope="0.00"/>
        <vehicle id="22" x="33.73" y="201.65" angle="-90.00" type="DEFAULT_VEHTYPE" speed="12.98" pos="161.52" lane="1/1to0/1_0" slope="0.00"/>
        <vehicle id="23" x="709.56" y="198.35" angle="90.00" type="DEFAULT_VEHTYPE" speed="13.62" pos="104.81" lane="3/1to4/1_0" slope="0.00"/>
        <vehicle id="24" x="401.65" y="3.64" angle="170.96" type="DEFAULT_VEHTYPE" speed="13.18" pos="3.64" lane="2/0to2/1_0" slope="0.00"/>
        <vehicle id="3" x="525.46" y="198.35" angle="90.00" type="DEFAULT_VEHTYPE" speed="12.73" pos="120.71" lane="2/1to3/1_0" slope="0.00"/>
        <vehicle id="4" x="552.70" y="198.35" angle="90.00" type="DEFAULT_VEHTYPE" speed="12.97" pos="147.95" lane="2/1to3/1_0" slope="0.00"/>
        <vehicle id="5" x="360.11" y="598.35" angle="90.00" type="DEFAULT_VEHTYPE" speed="12.80" pos="155.36" lane="1/3to2/3_0" slope="0.00"/>
        <vehicle id="6" x="489.45" y="198.35" angle="90.00" type="DEFAULT_VEHTYPE" speed="13.53" pos="84.70" lane="2/1to3/1_0" slope="0.00"/>
        <vehicle id="7" x="201.65" y="343.55" angle="180.00" type="DEFAULT_VEHTYPE" speed="13.85" pos="138.80" lane="1/1to1/2_0" slope="0.00"/>
        <vehicle id="8" x="740.36" y="198.35" angle="90.00" type="DEFAULT_VEHTYPE" speed="12.95" pos="135.61" lane="3/1to4/1_0" slope="0.00"/>
        <vehicle id="9" x="321.06" y="401.65" angle="-90.00" type="DEFAULT_VEHTYPE" speed="12.84" pos="74.19" lane="2/2to1/2_0" slope="0.00"/>
    </timestep>
    <timestep time="311.00">
        <vehicle id="0" x="401.65" y="90.49" angle="180.00" type="DEFAULT_VEHTYPE" speed="12.62" pos="90.49" lane="2/0to2/1_0" slope="0.00"/>
        <vehicle id="1" x="650.59" y="201.65" angle="-90.00" type="DEFAULT_VEHTYPE" speed="13.66" pos="149.41" lane="4/1to3/1_0" slope="0.00"/>
        <vehicle id="11" x="601.65" y="383.07" angle="180.00" type="DEFAULT_VEHTYPE" speed="8.33" pos="178.32" lane="3/1to3/2_0" slope="0.00"/>
        <vehicle id="12" x="427.56" y="198.35" angle="90.00" type="DEFAULT_VEHTYPE" speed="13.10" pos="22.81" lane="2/1to3/1_0" slope="0.00"/>
        <vehicle id="14" x="549.47" y="401.65" angle="-90.00" type="DEFAULT_VEHTYPE" speed="12.75" pos="45.78" lane="3/2to2/2_0" slope="0.00"/>
        <vehicle id="15" x="201.65" y="154.14" angle="180.00" type="DEFAULT_VEHTYPE" speed="13.38" pos="154.14" lane="1/0to1/1_0" slope="0.00"/>
        <vehicle id="16" x="398.35" y="349.51" angle="0.00" type="DEFAULT_VEHTYPE" speed="13.45" pos="45.74" lane="2/2to2/1_0" slope="0.00"/>
        <vehicle id="17" x="401.65" y="777.42" angle="180.00" type="DEFAULT_VEHTYPE" speed="13.43" pos="172.67" lane="2/3to2/4_0" slope="0.00"/>
        <vehicle id="18" x="389.95" y="598.35" angle="90.00" type="DEFAULT_VEHTYPE" speed="2.50" pos="185.20" lane="1/3to2/3_0" slope="0.00"/>
        <vehicle id="19" x="398.35" y="514.24" angle="0.00" type="DEFAULT_VEHTYPE" speed="13.13" pos="81.01" lane="2/3to2/2_0" slope="0.00"/>
        <vehicle id="2" x="401.65" y="125.41" angle="180.00" type="DEFAULT_VEHTYPE" speed="13.18" pos="125.41" lane="2/0to2/1_0" slope="0.00"/>
        <vehicle id="20" x="596.66" y="401.45" angle="-121.62" type="DEFAULT_VEHTYPE" speed="8.19" pos="1.75" lane=":3/2_18_0" slope="0.00"/>
        <vehicle id="21" x="401.65" y="57.14" angle="180.00" type="DEFAULT_VEHTYPE" speed="12.74" pos="57.14" lane="2/0to2/1_0" slope="0.00"/>
        <vehicle id="22" x="20.18" y="201.65" angle="-90.00" type="DEFAULT_VEHTYPE" speed="13.54" pos="175.07" lane="1/1to0/1_0" slope="0.00"/>
        <vehicle id="23" x="723.31" y="198.35" angle="90.00" type="DEFAULT_VEHTYPE" speed="13.75" pos="118.56" lane="3/1to4/1_0" slope="0.00"/>
        <vehicle id="24" x="401.65" y="17.03" angle="180.00" type="DEFAULT_VEHTYPE" speed="13.39" pos="17.03" lane="2/0to2/1_0" slope="0.00"/>
        <vehicle id="3" x="538.46" y="198.35" angle="90.00" type="DEFAULT_VEHTYPE" speed="12.99" pos="133.71" lane="2/1to3/1_0" slope="0.00"/>
        <vehicle id="4" x="566.33" y="198.35" angle="90.00" type="DEFAULT_VEHTYPE" speed="13.64" pos="161.58" lane="2/1to3/1_0" slope="0.00"/>
        <vehicle id="5" x="371.00" y="598.35" angle="90.00" type="DEFAULT_VEHTYPE" speed="10.89" pos="166.25" lane="1/3to2/3_0" slope="0.00"/>
        <vehicle id="6" x="502.28" y="198.35" angle="90.00" type="DEFAULT_VEHTYPE" speed="12.83" pos="97.53" lane="2/1to3/1_0" slope="0.00"/>
        <vehicle id="7" x="201.65" y="357.22" angle="180.00" type="DEFAULT_VEHTYPE" speed="13.67" pos="152.47" lane="1/1to1/2_0" slope="0.00"/>
        <vehicle id="8" x="753.55" y="198.35" angle="90.00" type="DEFAULT_VEHTYPE" speed="13.19" pos="148.80" lane="3/1to4/1_0" slope="0.00"/>
        <vehicle id="9" x="308.03" y="401.65" angle="-90.00" type="DEFAULT_VEHTYPE" speed="13.02" pos="87.22" lane="2/2to1/2_0" slope="0.00"/>
    </timestep>
    <timestep time="312.00">
        <vehicle id="0" x="401.65" y="104.19" angle="180.00" type="DEFAULT_VEHTYPE" speed="13.71" pos="104.19" lane="2/0to2/1_0" slope="0.00"/>
        <vehicle id="1" x="637.38" y="201.65" angle="-90.00" type="DEFAULT_VEHTYPE" speed="13.21" pos="162.62" lane="4/1to3/1_0" slope="0.00"/>
        <vehicle id="11" x="601.65" y="388.22" angle="180.00" type="DEFAULT_VEHTYPE" speed="5.15" pos="183.47" lane="3/1to3/2_0" slope="0.00"/>
        <vehicle id="12" x="440.26" y="198.35" angle="90.00" type="DEFAULT_VEHTYPE" speed="12.70" pos="35.51" lane="2/1to3/1_0" slope="0.00"/>
        <vehicle id="14" x="536.01" y="401.65" angle="-90.00" type="DEFAULT_VEHTYPE" speed="13.46" pos="59.24" lane="3/2to2/2_0" slope="0.00"/>
        <vehicle id="15" x="201.65" y="167.56" angle="180.00" type="DEFAULT_VEHTYPE" speed="13.41" pos="167.56" lane="1/0to1/1_0" slope="0.00"/>
        <vehicle id="16" x="398.35" y="336.77" angle="0.00" type="DEFAULT_VEHTYPE" speed="12.74" pos="58.48" lane="2/2to2/1_0" slope="0.00"/>
        <vehicle id="17" x="401.65" y="790.25" angle="180.00" type="DEFAULT_VEHTYPE" speed="12.83" pos="185.50" lane="2/3to2/4_0" slope="0.00"/>
        <vehicle id="18" x="393.89" y="598.35" angle="90.00" type="DEFAULT_VEHTYPE" speed="3.94" pos="189.14" lane="1/3to2/3_0" slope="0.00"/>
        <vehicle id="19" x="398.35" y="501.26" angle="0.00" type="DEFAULT_VEHTYPE" speed="12.98" pos="93.99" lane="2/3to2/2_0" slope="0.00"/>
        <vehicle id="2" x="401.65" y="138.85" angle="180.00" type="DEFAULT_VEHTYPE" speed="13.44" pos="138.85" lane="2/0to2/1_0" slope="0.00"/>
        <vehicle id="20" x="586.30" y="401.65" angle="-90.00" type="DEFAULT_VEHTYPE" speed="10.38" pos="8.95" lane="3/2to2/2_0" slope="0.00"/>
        <vehicle id="21" x="401.65" y="70.19" angle="180.00" type="DEFAULT_VEHTYPE" speed="13.04" pos="70.19" lane="2/0to2/1_0" slope="0.00"/>
        <vehicle id="22" x="6.67" y="201.65" angle="-90.00" type="DEFAULT_VEHTYPE" speed="13.52" pos="188.58" lane="1/1to0/1_0" slope="0.00"/>
        <vehicle id="23" x="736.59" y="198.35" angle="90.00" type="DEFAULT_VEHTYPE" speed="13.28" pos="131.84" lane="3/1to4/1_0" slope="0.00"/>
        <vehicle id="24" x="401.65" y="30.73" angle="180.00" type="DEFAULT_VEHTYPE" speed="13.70" pos="30.73" lane="2/0to2/1_0" slope="0.00"/>
        <vehicle id="3" x="551.14" y="198.35" angle="90.00" type="DEFAULT_VEHTYPE" speed="12.68" pos="146.39" lane="2/1to3/1_0" slope="0.00"/>
        <vehicle id="4" x="576.70" y="198.35" angle="90.00" type="DEFAULT_VEHTYPE" speed="10.37" pos="171.95" lane="2/1to3/1_0" slope="0.00"/>
        <vehicle id="5" x="377.53" y="598.35" angle="90.00" type="DEFAULT_VEHTYPE" speed="6.53" pos="172.78" lane="1/3to2/3_0" slope="0.00"/>
        <vehicle id="6" x="516.06" y="198.35" angle="90.00" type="DEFAULT_VEHTYPE" speed="13.78" pos="111.31" lane="2/1to3/1_0" slope="0.00"/>
        <vehicle id="7" x="201.65" y="369.94" angle="180.00" type="DEFAULT_VEHTYPE" speed="12.72" pos="165.19" lane="1/1to1/2_0" slope="0.00"/>
        <vehicle id="8" x="767.00" y="198.35" angle="90.00" type="DEFAULT_VEHTYPE" speed="13.45" pos="162.25" lane="3/1to4/1_0" slope="0.00"/>
        <vehicle id="9" x="295.25" y="401.65" angle="-90.00" type="DEFAULT_VEHTYPE" speed="12.78" pos="100.00" lane="2/2to1/2_0" slope="0.00"/>
    </timestep>
    <timestep time="313.00">
        <vehicle id="0" x="401.65" y="117.44" angle="180.00" type="DEFAULT_VEHTYPE" speed="13.24" pos="117.44" lane="2/0to2/1_0" slope="0.00"/>
        <vehicle id="1" x="625.93" y="201.65" angle="-90.00" type="DEFAULT_VEHTYPE" speed="11.45" pos="174.07" lane="4/1to3/1_0" slope="0.00"/>
        <vehicle id="11" x="601.65" y="390.83" angle="180.00" type="DEFAULT_VEHTYPE" speed="2.60" pos="186.08" lane="3/1to3/2_0" slope="0.00"/>
        <vehicle id="12" x="453.53" y="198.35" angle="90.00" type="DEFAULT_VEHTYPE" speed="13.27" pos="48.78" lane="2/1to3/1_0" slope="0.00"/>
        <vehicle id="14" x="522.29" y="401.65" angle="-90.00" type="DEFAULT_VEHTYPE" speed="13.72" pos="72.96" lane="3/2to2/2_0" slope="0.00"/>
        <vehicle id="15" x="201.65" y="181.28" angle="180.00" type="DEFAULT_VEHTYPE" speed="13.73" pos="181.28" lane="1/0to1/1_0" slope="0.00"/>
        <vehicle id="16" x="398.35" y="323.85" angle="0.00" type="DEFAULT_VEHTYPE" speed="12.92" pos="71.40" lane="2/2to2/1_0" slope="0.00"/>
        <vehicle id="17" x="399.53" y="801.41" angle="-148.61" type="DEFAULT_VEHTYPE" speed="12.68" pos="2.94" lane=":2/4_0_0" slope="0.00"/>
        <vehicle id="18" x="399.72" y="599.75" angle="106.60" type="DEFAULT_VEHTYPE" speed="6.13" pos="4.77" lane=":2/3_14_0" slope="0.00"/>
        <vehicle id="19" x="398.35" y="488.60" angle="0.00" type="DEFAULT_VEHTYPE" speed="12.66" pos="106.65" lane="2/3to2/2_0" slope="0.00"/>
        <vehicle id="2" x="401.65" y="152.71" angle="180.00" type="DEFAULT_VEHTYPE" speed="13.86" pos="152.71" lane="2/0to2/1_0" slope="0.00"/>
        <vehicle id="20" x="573.95" y="401.65" angle="-90.00" type="DEFAULT_VEHTYPE" speed="12.35" pos="21.30" lane="3/2to2/2_0" slope="0.00"/>
        <vehicle id="21" x="401.65" y="83.52" angle="180.00" type="DEFAULT_VEHTYPE" speed="13.34" pos="83.52" lane="2/0to2/1_0" slope="0.00"/>
        <vehicle id="22" x="1.17" y="198.35" angle="36.01" type="DEFAULT_VEHTYPE" speed="12.66" pos="1.17" lane="0/1to1/1_0" slope="0.00"/>
        <vehicle id="23" x="749.83" y="198.35" angle="90.00" type="DEFAULT_VEHTYPE" speed="13.24" pos="145.08" lane="3/1to4/1_0" slope="0.00"/>
        <vehicle id="24" x="401.65" y="43.35" angle="180.00" type="DEFAULT_VEHTYPE" speed="12.62" pos="43.35" lane="2/0to2/1_0" slope="0.00"/>
        <vehicle id="3" x="563.85" y="198.35" angle="90.00" type="DEFAULT_VEHTYPE" speed="12.71" pos="159.10" lane="2/1to3/1_0" slope="0.00"/>
        <vehicle id="4" x="584.87" y="198.35" angle="90.00" type="DEFAULT_VEHTYPE" speed="8.17" pos="180.12" lane="2/1to3/1_0" slope="0.00"/>
        <vehicle id="5" x="381.77" y="598.35" angle="90.00" type="DEFAULT_VEHTYPE" speed="4.24" pos="177.02" lane="1/3to2/3_0" slope="0.00"/>
        <vehicle id="6" x="529.46" y="198.35" angle="90.00" type="DEFAULT_VEHTYPE" speed="13.39" pos="124.71" lane="2/1to3/1_0" slope="0.00"/>
        <vehicle id="7" x="201.65" y="383.18" angle="180.00" type="DEFAULT_VEHTYPE" speed="13.24" pos="178.43" lane="1/1to1/2_0" slope="0.00"/>
        <vehicle id="8" x="780.61" y="198.35" angle="90.00" type="DEFAULT_VEHTYPE" speed="13.62" pos="175.86" lane="3/1to4/1_0" slope="0.00"/>
        <vehicle id="9" x="282.42" y="401.65" angle="-90.00" type="DEFAULT_VEHTYPE" speed="12.82" pos="112.83" lane="2/2to1/2_0" slope="0.00"/>
    </timestep>
    <timestep time="314.00">
        <vehicle id="0" x="401.65" y="130.95" angle="180.00" type="DEFAULT_VEHTYPE" speed="13.51" pos="130.95" lane="2/0to2/1_0" slope="0.00"/>
        <vehicle id="1" x="617.85" y="201.65" angle="-90.00" type="DEFAULT_VEHTYPE" speed="8.08" pos="182.15" lane="4/1to3/1_0" slope="0.00"/>
        <vehicle id="11" x="601.65" y="394.84" angle="180.00" type="DEFAULT_VEHTYPE" speed="4.01" pos="190.09" lane="3/1to3/2_0" slope="0.00"/>
        <vehicle id="12" x="466.16" y="198.35" angle="90.00" type="DEFAULT_VEHTYPE" speed="12.63" pos="61.41" lane="2/1to3/1_0" slope="0.00"/>
        <vehicle id="14" x="509.25" y="401.65" angle="-90.00" type="DEFAULT_VEHTYPE" speed="13.04" pos="86.00" lane="3/2to2/2_0" slope="0.00"/>
        <vehicle id="15" x="201.65" y="194.59" angle="180.00" type="DEFAULT_VEHTYPE" speed="13.31" pos="194.59" lane="1/0to1/1_0" slope="0.00"/>
        <vehicle id="16" x="398.35" y="311.21" angle="0.00" type="DEFAULT_VEHTYPE" speed="12.64" pos="84.04" lane="2/2to2/1_0" slope="0.00"/>
        <vehicle id="17" x="398.35" y="788.95" angle="0.00" type="DEFAULT_VEHTYPE" speed="12.93" pos="11.05" lane="2/4to2/3_0" slope="0.00"/>
        <vehicle id="18" x="401.65" y="607.75" angle="176.75" type="DEFAULT_VEHTYPE" speed="8.55" pos="3.00" lane="2/3to2/4_0" slope="0.00"/>
        <vehicle id="19" x="398.35" y="475.50" angle="0.00" type="DEFAULT_VEHTYPE" speed="13.10" pos="119.75" lane="2/3to2/2_0" slope="0.00"/>
        <vehicle id="2" x="401.65" y="165.46" angle="180.00" type="DEFAULT_VEHTYPE" speed="12.75" pos="165.46" lane="2/0to2/1_0" slope="0.00"/>
        <vehicle id="20" x="560.62" y="401.65" angle="-90.00" type="DEFAULT_VEHTYPE" speed="13.33" pos="34.63" lane="3/2to2/2_0" slope="0.00"/>
        <vehicle id="21" x="401.65" y="96.50" angle="180.00" type="DEFAULT_VEHTYPE" speed="12.97" pos="96.50" lane="2/0to2/1_0" slope="0.00"/>
        <vehicle id="22" x="14.61" y="198.35" angle="90.00" type="DEFAULT_VEHTYPE" speed="13.44" pos="14.61" lane="0/1to1/1_0" slope="0.00"/>
        <vehicle id="23" x="763.30" y="198.35" angle="90.00" type="DEFAULT_VEHTYPE" speed="13.47" pos="158.55" lane="3/1to4/1_0" slope="0.00"/>
        <vehicle id="24" x="401.65" y="56.78" angle="180.00" type="DEFAULT_VEHTYPE" speed="13.43" pos="56.78" lane="2/0to2/1_0" slope="0.00"/>
        <vehicle id="3" x="573.55" y="198.35" angle="90.00" type="DEFAULT_VEHTYPE" speed="9.70" pos="168.80" lane="2/1to3/1_0" slope="0.00"/>
        <vehicle id="4" x="588.95" y="198.35" angle="90.00" type="DEFAULT_VEHTYPE" speed="4.08" pos="184.20" lane="2/1to3/1_0" slope="0.00"/>
        <vehicle id="5" x="388.15" y="598.35" angle="90.00" type="DEFAULT_VEHTYPE" speed="6.38" pos="183.40" lane="1/3to2/3_0" slope="0.00"/>
        <vehicle id="6" x="542.36" y="198.35" angle="90.00" type="DEFAULT_VEHTYPE" speed="12.90" pos="137.61" lane="2/1to3/1_0" slope="0.00"/>
        <vehicle id="7" x="201.65" y="395.93" angle="180.00" type="DEFAULT_VEHTYPE" speed="12.75" pos="0.68" lane=":1/2_9_0" slope="0.00"/>
        <vehicle id="8" x="793.28" y="198.35" angle="90.00" type="DEFAULT_VEHTYPE" speed="12.67" pos="188.53" lane="3/1to4/1_0" slope="0.00"/>
        <vehicle id="9" x="269.44" y="401.65" angle="-90.00" type="DEFAULT_VEHTYPE" speed="12.99" pos="125.81" lane="2/2to1/2_0" slope="0.00"/>
    </timestep>
    <timestep time="315.00">
        <vehicle id="0" x="401.65" y="144.75" angle="180.00" type="DEFAULT_VEHTYPE" speed="13.80" pos="144.75" lane="2/0to2/1_0" slope="0.00"/>
        <vehicle id="1" x="612.39" y="201.65" angle="-90.00" type="DEFAULT_VEHTYPE" speed="5.46" pos="187.61" lane="4/1to3/1_0" slope="0.00"/>
        <vehicle id="11" x="599.87" y="400.16" angle="-159.17" type="DEFAULT_VEHTYPE" speed="5.78" pos="5.37" lane=":3/2_10_0" slope="0.00"/>
        <vehicle id="12" x="479.24" y="198.35" angle="90.00" type="DEFAULT_VEHTYPE" speed="13.08" pos="74.49" lane="2/1to3/1_0" slope="0.00"/>
        <vehicle id="14" x="496.40" y="401.65" angle="-90.00" type="DEFAULT_VEHTYPE" speed="12.85" pos="98.85" lane="3/2to2/2_0" slope="0.00"/>
        <vehicle id="15" x="212.67" y="198.35" angle="90.00" type="DEFAULT_VEHTYPE" speed="13.58" pos="7.92" lane="1/1to2/1_0" slope="0.00"/>
        <vehicle id="16" x="398.35" y="297.86" angle="0.00" type="DEFAULT_VEHTYPE" speed="13.36" pos="97.39" lane="2/2to2/1_0" slope="0.00"/>
        <vehicle id="17" x="398.35" y="775.22" angle="0.00" type="DEFAULT_VEHTYPE" speed="13.73" pos="24.78" lane="2/4to2/3_0" slope="0.00"/>
        <vehicle id="18" x="401.65" y="618.24" angle="180.00" type="DEFAULT_VEHTYPE" speed="10.48" pos="13.49" lane="2/3to2/4_0" slope="0.00"/>
        <vehicle id="19" x="398.35" y="462.32" angle="0.00" type="DEFAULT_VEHTYPE" speed="13.18" pos="132.93" lane="2/3to2/2_0" slope="0.00"/>
        <vehicle id="2" x="401.65" y="178.61" angle="180.00" type="DEFAULT_VEHTYPE" speed="13.15" pos="178.61" lane="2/0to2/1_0" slope="0.00"/>
        <vehicle id="20" x="547.51" y="401.65" angle="-90.00" type="DEFAULT_VEHTYPE" speed="13.11" pos="47.74" lane="3/2to2/2_0" slope="0.00"/>
        <vehicle id="21" x="401.65" y="110.33" angle="180.00" type="DEFAULT_VEHTYPE" speed="13.83" pos="110.33" lane="2/0to2/1_0" slope="0.00"/>
        <vehicle id="22" x="27.53" y="198.35" angle="90.00" type="DEFAULT_VEHTYPE" speed="12.91" pos="27.53" lane="0/1to1/1_0" slope="0.00"/>
        <vehicle id="23" x="776.99" y="198.35" angle="90.00" type="DEFAULT_VEHTYPE" speed="13.69" pos="172.24" lane="3/1to4/1_0" slope="0.00"/>
        <vehicle id="24" x="401.65" y="69.66" angle="180.00" type="DEFAULT_VEHTYPE" speed="12.89" pos="69.66" lane="2/0to2/1_0" slope="0.00"/>
        <vehicle id="3" x="578.76" y="198.35" angle="90.00" type="DEFAULT_VEHTYPE" speed="5.20" pos="174.01" lane="2/1to3/1_0" slope="0.00"/>
        <vehicle id="4" x="590.54" y="198.35" angle="90.00" type="DEFAULT_VEHTYPE" speed="1.59" pos="185.79" lane="2/1to3/1_0" slope="0.00"/>
        <vehicle id="5" x="390.78" y="598.35" angle="90.00" type="DEFAULT_VEHTYPE" speed="2.62" pos="186.03" lane="1/3to2/3_0" slope="0.00"/>
        <vehicle id="6" x="556.15" y="198.35" angle="90.00" type="DEFAULT_VEHTYPE" speed="13.78" pos="151.40" lane="2/1to3/1_0" slope="0.00"/>
        <vehicle id="7" x="201.65" y="409.49" angle="180.00" type="DEFAULT_VEHTYPE" speed="13.56" pos="4.74" lane="1/2to1/3_0" slope="0.00"/>
        <vehicle id="8" x="797.89" y="201.65" angle="-120.42" type="DEFAULT_VEHTYPE" speed="13.65" pos="2.11" lane="4/1to3/1_0" slope="0.00"/>
        <vehicle id="9" x="256.17" y="401.65" angle="-90.00" type="DEFAULT_VEHTYPE" speed="13.27" pos="139.08" lane="2/2to1/2_0" slope="0.00"/>
    </timestep>
    <timestep time="316.00">
        <vehicle id="0" x="401.65" y="158.47" angle="180.00" type="DEFAULT_VEHTYPE" speed="13.72" pos="158.47" lane="2/0to2/1_0" slope="0.00"/>
        <vehicle id="1" x="609.50" y="201.65" angle="-90.00" type="DEFAULT_VEHTYPE" speed="2.89" pos="190.50" lane="4/1to3/1_0" slope="0.00"/>
        <vehicle id="11" x="592.33" y="401.65" angle="-93.39" type="DEFAULT_VEHTYPE" speed="7.86" pos="2.92" lane="3/2to2/2_0" slope="0.00"/>
        <vehicle id="12" x="492.15" y="198.35" angle="90.00" type="DEFAULT_VEHTYPE" speed="12.91" pos="87.40" lane="2/1to3/1_0" slope="0.00"/>
        <vehicle id="14" x="483.67" y="401.65" angle="-90.00" type="DEFAULT_VEHTYPE" speed="12.73" pos="111.58" lane="3/2to2/2_0" slope="0.00"/>
        <vehicle id="15" x="225.31" y="198.35" angle="90.00" type="DEFAULT_VEHTYPE" speed="12.64" pos="20.56" lane="1/1to2/1_0" slope="0.00"/>
        <vehicle id="16" x="398.35" y="284.41" angle="0.00" type="DEFAULT_VEHTYPE" speed="13.44" pos="110.84" lane="2/2to2/1_0" slope="0.00"/>
        <vehicle id="17" x="398.35" y="761.70" angle="0.00" type="DEFAULT_VEHTYPE" speed="13.52" pos="38.30" lane="2/4to2/3_0" slope="0.00"/>
        <vehicle id="18" x="401.65" y="630.76" angle="180.00" type="DEFAULT_VEHTYPE" speed="12.53" pos="26.01" lane="2/3to2/4_0" slope="0.00"/>
        <vehicle id="19" x="398.35" y="448.95" angle="0.00" type="DEFAULT_VEHTYPE" speed="13.37" pos="146.30" lane="2/3to2/2_0" slope="0.00"/>
        <vehicle id="2" x="401.65" y="192.03" angle="180.00" type="DEFAULT_VEHTYPE" speed="13.43" pos="192.03" lane="2/0to2/1_0" slope="0.00"/>
        <vehicle id="20" x="534.63" y="401.65" angle="-90.00" type="DEFAULT_VEHTYPE" speed="12.88" pos="60.62" lane="3/2to2/2_0" slope="0.00"/>
        <vehicle id="21" x="401.65" y="123.16" angle="180.00" type="DEFAULT_VEHTYPE" speed="12.83" pos="123.16" lane="2/0to2/1_0" slope="0.00"/>
        <vehicle id="22" x="40.85" y="198.35" angle="90.00" type="DEFAULT_VEHTYPE" speed="13.32" pos="40.85" lane="0/1to1/1_0" slope="0.00"/>
        <vehicle id="23" x="790.71" y="198.35" angle="90.00" type="DEFAULT_VEHTYPE" speed="13.71" pos="185.96" lane="3/1to4/1_0" slope="0.00"/>
        <vehicle id="24" x="401.65" y="82.87" angle="180.00" type="DEFAULT_VEHTYPE" speed="13.20" pos="82.87" lane="2/0to2/1_0" slope="0.00"/>
        <vehicle id="3" x="581.57" y="198.35" angle="90.00" type="DEFAULT_VEHTYPE" speed="2.81" pos="176.82" lane="2/1to3/1_0" slope="0.00"/>
        <vehicle id="4" x="591.74" y="198.35" angle="90.00" type="DEFAULT_VEHTYPE" speed="1.20" pos="186.99" lane="2/1to3/1_0" slope="0.00"/>
        <vehicle id="5" x="394.77" y="598.35" angle="90.00" type="DEFAULT_VEHTYPE" speed="4.00" pos="190.02" lane="1/3to2/3_0" slope="0.00"/>
        <vehicle id="6" x="565.43" y="198.35" angle="90.00" type="DEFAULT_VEHTYPE" speed="9.28" pos="160.68" lane="2/1to3/1_0" slope="0.00"/>
        <vehicle id="7" x="201.65" y="422.36" angle="180.00" type="DEFAULT_VEHTYPE" speed="12.87" pos="17.61" lane="1/2to1/3_0" slope="0.00"/>
        <vehicle id="8" x="784.40" y="201.65" angle="-90.00" type="DEFAULT_VEHTYPE" speed="13.49" pos="15.60" lane="4/1to3/1_0" slope="0.00"/>
        <vehicle id="9" x="243.48" y="401.65" angle="-90.00" type="DEFAULT_VEHTYPE" speed="12.70" pos="151.77" lane="2/2to1/2_0" slope="0.00"/>
    </timestep>
    <timestep time="317.00">
        <vehicle id="0" x="401.65" y="171.40" angle="180.00" type="DEFAULT_VEHTYPE" speed="12.93" pos="171.40" lane="2/0to2/1_0" slope="0.00"/>
        <vehicle id="1" x="604.06" y="201.75" angle="-91.11" type="DEFAULT_VEHTYPE" speed="5.45" pos="0.70" lane=":3/1_4_0" slope="0.00"/>
        <vehicle id="11" x="582.41" y="401.65" angle="-90.00" type="DEFAULT_VEHTYPE" speed="9.93" pos="12.84" lane="3/2to2/2_0" slope="0.00"/>
        <vehicle id="12" x="504.90" y="198.35" angle="90.00" type="DEFAULT_VEHTYPE" speed="12.75" pos="100.15" lane="2/1to3/1_0" slope="0.00"/>
        <vehicle id="14" x="470.49" y="401.65" angle="-90.00" type="DEFAULT_VEHTYPE" speed="13.18" pos="124.76" lane="3/2to2/2_0" slope="0.00"/>
        <vehicle id="15" x="238.64" y="198.35" angle="90.00" type="DEFAULT_VEHTYPE" speed="13.34" pos="33.89" lane="1/1to2/1_0" slope="0.00"/>
        <vehicle id="16" x="398.35" y="271.76" angle="0.00" type="DEFAULT_VEHTYPE" speed="12.66" pos="123.49" lane="2/2to2/1_0" slope="0.00"/>
        <vehicle id="17" x="398.35" y="748.22" angle="0.00" type="DEFAULT_VEHTYPE" speed="13.47" pos="51.78" lane="2/4to2/3_0" slope="0.00"/>
        <vehicle id="18" x="401.65" y="643.69" angle="180.00" type="DEFAULT_VEHTYPE" speed="12.92" pos="38.94" lane="2/3to2/4_0" slope="0.00"/>
        <vehicle id="19" x="398.35" y="436.09" angle="0.00" type="DEFAULT_VEHTYPE" speed="12.85" pos="159.16" lane="2/3to2/2_0" slope="0.00"/>
        <vehicle id="2" x="409.70" y="198.35" angle="90.09" type="DEFAULT_VEHTYPE" speed="13.17" pos="4.95" lane="2/1to3/1_0" slope="0.00"/>
        <vehicle id="20" x="521.01" y="401.65" angle="-90.00" type="DEFAULT_VEHTYPE" speed="13.62" pos="74.24" lane="3/2to2/2_0" slope="0.00"/>
        <vehicle id="21" x="401.65" y="136.02" angle="180.00" type="DEFAULT_VEHTYPE" speed="12.86" pos="136.02" lane="2/0to2/1_0" slope="0.00"/>
        <vehicle id="22" x="54.26" y="198.35" angle="90.00" type="DEFAULT_VEHTYPE" speed="13.41" pos="54.26" lane="0/1to1/1_0" slope="0.00"/>
        <vehicle id="23" x="800.45" y="201.35" angle="158.71" type="DEFAULT_VEHTYPE" speed="13.57" pos="4.28" lane=":4/1_0_0" slope="0.00"/>
        <vehicle id="24" x="401.65" y="96.13" angle="180.00" type="DEFAULT_VEHTYPE" speed="13.27" pos="96.13" lane="2/0to2/1_0" slope="0.00"/>
        <vehicle id="3" x="583.27" y="198.35" angle="90.00" type="DEFAULT_VEHTYPE" speed="1.70" pos="178.52" lane="2/1to3/1_0" slope="0.00"/>
        <vehicle id="4" x="592.43" y="198.35" angle="90.00" type="DEFAULT_VEHTYPE" speed="0.69" pos="187.68" lane="2/1to3/1_0" slope="0.00"/>
        <vehicle id="5" x="400.33" y="600.41" angle="114.13" type="DEFAULT_VEHTYPE" speed="6.18" pos="5.70" lane=":2/3_14_0" slope="0.00"/>
        <vehicle id="6" x="570.21" y="198.35" angle="90.00" type="DEFAULT_VEHTYPE" speed="4.78" pos="165.46" lane="2/1to3/1_0" slope="0.00"/>
        <vehicle id="7" x="201.65" y="435.45" angle="180.00" type="DEFAULT_VEHTYPE" speed="13.09" pos="30.70" lane="1/2to1/3_0" slope="0.00"/>
        <vehicle id="8" x="770.99" y="201.65" angle="-90.00" type="DEFAULT_VEHTYPE" speed="13.42" pos="29.01" lane="4/1to3/1_0" slope="0.00"/>
        <vehicle id="9" x="230.78" y="401.65" angle="-90.00" type="DEFAULT_VEHTYPE" speed="12.69" pos="164.47" lane="2/2to1/2_0" slope="0.00"/>
    </timestep>
    <timestep time="318.00">
        <vehicle id="0" x="401.65" y="184.73" angle="180.00" type="DEFAULT_VEHTYPE" speed="13.33" pos="184.73" lane="2/0to2/1_0" slope="0.00"/>
        <vehicle id="1" x="601.65" y="207.82" angle="-174.44" type="DEFAULT_VEHTYPE" speed="7.37" pos="3.07" lane="3/1to3/2_0" slope="0.00"/>
        <vehicle id="11" x="571.15" y="401.65" angle="-90.00" type="DEFAULT_VEHTYPE" speed="11.26" pos="24.10" lane="3/2to2/2_0" slope="0.00"/>
        <vehicle id="12" x="518.80" y="198.35" angle="90.00" type="DEFAULT_VEHTYPE" speed="13.90" pos="114.05" lane="2/1to3/1_0" slope="0.00"/>
        <vehicle id="14" x="457.00" y="401.65" angle="-90.00" type="DEFAULT_VEHTYPE" speed="13.50" pos="138.25" lane="3/2to2/2_0" slope="0.00"/>
        <vehicle id="15" x="251.70" y="198.35" angle="90.00" type="DEFAULT_VEHTYPE" speed="13.05" pos="46.95" lane="1/1to2/1_0" slope="0.00"/>
        <vehicle id="16" x="398.35" y="258.09" angle="0.00" type="DEFAULT_VEHTYPE" speed="13.67" pos="137.16" lane="2/2to2/1_0" slope="0.00"/>
        <vehicle id="17" x="398.35" y="735.51" angle="0.00" type="DEFAULT_VEHTYPE" speed="12.72" pos="64.49" lane="2/4to2/3_0" slope="0.00"/>
        <vehicle id="18" x="401.65" y="657.04" angle="180.00" type="DEFAULT_VEHTYPE" speed="13.35" pos="52.29" lane="2/3to2/4_0" slope="0.00"/>
        <vehicle id="19" x="398.35" y="422.66" angle="0.00" type="DEFAULT_VEHTYPE" speed="13.44" pos="172.59" lane="2/3to2/2_0" slope="0.00"/>
        <vehicle id="2" x="422.57" y="198.35" angle="90.00" type="DEFAULT_VEHTYPE" speed="12.87" pos="17.82" lane="2/1to3/1_0" slope="0.00"/>
        <vehicle id="20" x="507.24" y="401.65" angle="-90.00" type="DEFAULT_VEHTYPE" speed="13.77" pos="88.01" lane="3/2to2/2_0" slope="0.00"/>
        <vehicle id="21" x="401.65" y="149.76" angle="180.00" type="DEFAULT_VEHTYPE" speed="13.73" pos="149.76" lane="2/0to2/1_0" slope="0.00"/>
        <vehicle id="22" x="67.71" y="198.35" angle="90.00" type="DEFAULT_VEHTYPE" speed="13.45" pos="67.71" lane="0/1to1/1_0" slope="0.00"/>
        <vehicle id="23" x="786.73" y="201.65" angle="-90.00" type="DEFAULT_VEHTYPE" speed="13.81" pos="13.27" lane="4/1to3/1_0" slope="0.00"/>
        <vehicle id="24" x="401.65" y="109.06" angle="180.00" type="DEFAULT_VEHTYPE" speed="12.93" pos="109.06" lane="2/0to2/1_0" slope="0.00"/>
        <vehicle id="3" x="584.43" y="198.35" angle="90.00" type="DEFAULT_VEHTYPE" speed="1.16" pos="179.68" lane="2/1to3/1_0" slope="0.00"/>
        <vehicle id="4" x="594.33" y="198.35" angle="90.00" type="DEFAULT_VEHTYPE" speed="1.90" pos="189.58" lane="2/1to3/1_0" slope="0.00"/>
        <vehicle id="5" x="401.65" y="608.32" angle="177.67" type="DEFAULT_VEHTYPE" speed="8.19" pos="3.57" lane="2/3to2/4_0" slope="0.00"/>
        <vehicle id="6" x="573.73" y="198.35" angle="90.00" type="DEFAULT_VEHTYPE" speed="3.51" pos="168.98" lane="2/1to3/1_0" slope="0.00"/>
        <vehicle id="7" x="201.65" y="449.33" angle="180.00" type="DEFAULT_VEHTYPE" speed="13.88" pos="44.58" lane="1/2to1/3_0" slope="0.00"/>
        <vehicle id="8" x="758.31" y="201.65" angle="-90.00" type="DEFAULT_VEHTYPE" speed="12.67" pos="41.69" lane="4/1to3/1_0" slope="0.00"/>
        <vehicle id="9" x="220.53" y="401.65" angle="-90.00" type="DEFAULT_VEHTYPE" speed="10.25" pos="174.72" lane="2/2to1/2_0" slope="0.00"/>
    </timestep>
    <timestep time="319.00">
        <vehicle id="0" x="402.99" y="197.92" angle="163.43" type="DEFAULT_VEHTYPE" speed="13.68" pos="3.17" lane=":2/1_8_0" slope="0.00"/>
        <vehicle id="1" x="601.65" y="217.55" angle="180.00" type="DEFAULT_VEHTYPE" speed="9.73" pos="12.80" lane="3/1to3/2_0" slope="0.00"/>
        <vehicle id="11" x="558.35" y="401.65" angle="-90.00" type="DEFAULT_VEHTYPE" speed="12.80" pos="36.90" lane="3/2to2/2_0" slope="0.00"/>
        <vehicle id="12" x="532.33" y="198.35" angle="90.00" type="DEFAULT_VEHTYPE" speed="13.53" pos="127.58" lane="2/1to3/1_0" slope="0.00"/>
        <vehicle id="14" x="443.16" y="401.65" angle="-90.00" type="DEFAULT_VEHTYPE" speed="13.84" pos="152.09" lane="3/2to2/2_0" slope="0.00"/>
        <vehicle id="15" x="265.07" y="198.35" angle="90.00" type="DEFAULT_VEHTYPE" speed="13.37" pos="60.32" lane="1/1to2/1_0" slope="0.00"/>
        <vehicle id="16" x="398.35" y="244.62" angle="0.00" type="DEFAULT_VEHTYPE" speed="13.47" pos="150.63" lane="2/2to2/1_0" slope="0.00"/>
        <vehicle id="17" x="398.35" y="721.71" angle="0.00" type="DEFAULT_VEHTYPE" speed="13.80" pos="78.29" lane="2/4to2/3_0" slope="0.00"/>
        <vehicle id="18" x="401.65" y="669.68" angle="180.00" type="DEFAULT_VEHTYPE" speed="12.64" pos="64.93" lane="2/3to2/4_0" slope="0.00"/>
        <vehicle id="19" x="398.35" y="409.65" angle="0.00" type="DEFAULT_VEHTYPE" speed="13.01" pos="185.60" lane="2/3to2/2_0" slope="0.00"/>
        <vehicle id="2" x="435.35" y="198.35" angle="90.00" type="DEFAULT_VEHTYPE" speed="12.78" pos="30.60" lane="2/1to3/1_0" slope="0.00"/>
        <vehicle id="20" x="494.33" y="401.65" angle="-90.00" type="DEFAULT_VEHTYPE" speed="12.91" pos="100.92" lane="3/2to2/2_0" slope="0.00"/>
        <vehicle id="21" x="401.65" y="163.12" angle="180.00" type="DEFAULT_VEHTYPE" speed="13.36" pos="163.12" lane="2/0to2/1_0" slope="0.00"/>
        <vehicle id="22" x="80.96" y="198.35" angle="90.00" type="DEFAULT_VEHTYPE" speed="13.25" pos="80.96" lane="0/1to1/1_0" slope="0.00"/>
        <vehicle id="23" x="772.98" y="201.65" angle="-90.00" type="DEFAULT_VEHTYPE" speed="13.75" pos="27.02" lane="4/1to3/1_0" slope="0.00"/>
        <vehicle id="24" x="401.65" y="122.70" angle="180.00" type="DEFAULT_VEHTYPE" speed="13.64" pos="122.70" lane="2/0to2/1_0" slope="0.00"/>
        <vehicle id="3" x="585.44" y="198.35" angle="90.00" type="DEFAULT_VEHTYPE" speed="1.01" pos="180.69" lane="2/1to3/1_0" slope="0.00"/>
        <vehicle id="4" x="598.21" y="198.85" angle="95.75" type="DEFAULT_VEHTYPE" speed="3.93" pos="3.02" lane=":3/1_14_0" slope="0.00"/>
        <vehicle id="5" x="401.65" y="617.83" angle="180.00" type="DEFAULT_VEHTYPE" speed="9.51" pos="13.08" lane="2/3to2/4_0" slope="0.00"/>
        <vehicle id="6" x="575.54" y="198.35" angle="90.00" type="DEFAULT_VEHTYPE" speed="1.81" pos="170.79" lane="2/1to3/1_0" slope="0.00"/>
        <vehicle id="7" x="201.65" y="462.98" angle="180.00" type="DEFAULT_VEHTYPE" speed="13.65" pos="58.23" lane="1/2to1/3_0" slope="0.00"/>
        <vehicle id="8" x="744.51" y="201.65" angle="-90.00" type="DEFAULT_VEHTYPE" speed="13.80" pos="55.49" lane="4/1to3/1_0" slope="0.00"/>
        <vehicle id="9" x="213.26" y="401.65" angle="-90.00" type="DEFAULT_VEHTYPE" speed="7.27" pos="181.99" lane="2/2to1/2_0" slope="0.00"/>
    </timestep>
    <timestep time="320.00">
        <vehicle id="0" x="416.44" y="198.35" angle="90.00" type="DEFAULT_VEHTYPE" speed="13.53" pos="11.69" lane="2/1to3/1_0" slope="0.00"/>
        <vehicle id="1" x="601.65" y="228.72" angle="180.00" type="DEFAULT_VEHTYPE" speed="11.17" pos="23.97" lane="3/1to3/2_0" slope="0.00"/>
        <vehicle id="11" x="544.84" y="401.65" angle="-90.00" type="DEFAULT_VEHTYPE" speed="13.50" pos="50.41" lane="3/2to2/2_0" slope="0.00"/>
        <vehicle id="12" x="545.76" y="198.35" angle="90.00" type="DEFAULT_VEHTYPE" speed="13.43" pos="141.01" lane="2/1to3/1_0" slope="0.00"/>
        <vehicle id="14" x="429.39" y="401.65" angle="-90.00" type="DEFAULT_VEHTYPE" speed="13.77" pos="165.86" lane="3/2to2/2_0" slope="0.00"/>
        <vehicle id="15" x="277.87" y="198.35" angle="90.00" type="DEFAULT_VEHTYPE" speed="12.80" pos="73.12" lane="1/1to2/1_0" slope="0.00"/>
        <vehicle id="16" x="398.35" y="231.57" angle="0.00" type="DEFAULT_VEHTYPE" speed="13.04" pos="163.68" lane="2/2to2/1_0" slope="0.00"/>
        <vehicle id="17" x="398.35" y="708.91" angle="0.00" type="DEFAULT_VEHTYPE" speed="12.80" pos="91.09" lane="2/4to2/3_0" slope="0.00"/>
        <vehicle id="18" x="401.65" y="682.49" angle="180.00" type="DEFAULT_VEHTYPE" speed="12.80" pos="77.74" lane="2/3to2/4_0" slope="0.00"/>
        <vehicle id="19" x="398.35" y="396.59" angle="0.00" type="DEFAULT_VEHTYPE" speed="13.06" pos="8.16" lane=":2/2_1_0" slope="0.00"/>
        <vehicle id="2" x="449.14" y="198.35" angle="90.00" type="DEFAULT_VEHTYPE" speed="13.78" pos="44.39" lane="2/1to3/1_0" slope="0.00"/>
        <vehicle id="20" x="481.16" y="401.65" angle="-90.00" type="DEFAULT_VEHTYPE" speed="13.17" pos="114.09" lane="3/2to2/2_0" slope="0.00"/>
        <vehicle id="21" x="401.65" y="176.63" angle="180.00" type="DEFAULT_VEHTYPE" speed="13.51" pos="176.63" lane="2/0to2/1_0" slope="0.00"/>
        <vehicle id="22" x="94.80" y="198.35" angle="90.00" type="DEFAULT_VEHTYPE" speed="13.85" pos="94.80" lane="0/1to1/1_0" slope="0.00"/>
        <vehicle id="23" x="759.67" y="201.65" angle="-90.00" type="DEFAULT_VEHTYPE" speed="13.31" pos="40.33" lane="4/1to3/1_0" slope="0.00"/>
        <vehicle id="24" x="401.65" y="135.75" angle="180.00" type="DEFAULT_VEHTYPE" speed="13.05" pos="135.75" lane="2/0to2/1_0" slope="0.00"/>
        <vehicle id="3" x="588.35" y="198.35" angle="90.00" type="DEFAULT_VEHTYPE" speed="2.91" pos="183.60" lane="2/1to3/1_0" slope="0.00"/>
        <vehicle id="4" x="601.37" y="202.79" angle="142.64" type="DEFAULT_VEHTYPE" speed="5.32" pos="8.34" lane=":3/1_14_0" slope="0.00"/>
        <vehicle id="5" x="401.65" y="629.58" angle="180.00" type="DEFAULT_VEHTYPE" speed="11.75" pos="24.83" lane="2/3to2/4_0" slope="0.00"/>
        <vehicle id="6" x="576.80" y="198.35" angle="90.00" type="DEFAULT_VEHTYPE" speed="1.26" pos="172.05" lane="2/1to3/1_0" slope="0.00"/>
        <vehicle id="7" x="201.65" y="476.44" angle="180.00" type="DEFAULT_VEHTYPE" speed="13.46" pos="71.69" lane="1/2to1/3_0" slope="0.00"/>
        <vehicle id="8" x="731.28" y="201.65" angle="-90.00" type="DEFAULT_VEHTYPE" speed="13.23" pos="68.72" lane="4/1to3/1_0" slope="0.00"/>
        <vehicle id="9" x="210.26" y="401.65" angle="-90.00" type="DEFAULT_VEHTYPE" speed="3.00" pos="184.99" lane="2/2to1/2_0" slope="0.00"/>
    </timestep>
    <timestep time="321.00">
        <vehicle id="0" x="429.82" y="198.35" angle="90.00" type="DEFAULT_VEHTYPE" speed="13.38" pos="25.07" lane="2/1to3/1_0" slope="0.00"/>
        <vehicle id="1" x="601.65" y="241.66" angle="180.00" type="DEFAULT_VEHTYPE" speed="12.93" pos="36.91" lane="3/1to3/2_0" slope="0.00"/>
        <vehicle id="11" x="531.23" y="401.65" angle="-90.00" type="DEFAULT_VEHTYPE" speed="13.61" pos="64.02" lane="3/2to2/2_0" slope="0.00"/>
        <vehicle id="12" x="555.95" y="198.35" angle="90.00" type="DEFAULT_VEHTYPE" speed="10.20" pos="151.20" lane="2/1to3/1_0" slope="0.00"/>
        <vehicle id="14" x="420.11" y="401.65" angle="-90.00" type="DEFAULT_VEHTYPE" speed="9.29" pos="175.14" lane="3/2to2/2_0" slope="0.00"/>
        <vehicle id="15" x="291.16" y="198.35" angle="90.00" type="DEFAULT_VEHTYPE" speed="13.29" pos="86.41" lane="1/1to2/1_0" slope="0.00"/>
        <vehicle id="16" x="398.35" y="221.59" angle="0.00" type="DEFAULT_VEHTYPE" speed="9.98" pos="173.66" lane="2/2to2/1_0" slope="0.00"/>
        <vehicle id="17" x="398.35" y="696.18" angle="0.00" type="DEFAULT_VEHTYPE" speed="12.73" pos="103.82" lane="2/4to2/3_0" slope="0.00"/>
        <vehicle id="18" x="401.65" y="695.67" angle="180.00" type="DEFAULT_VEHTYPE" speed="13.18" pos="90.92" lane="2/3to2/4_0" slope="0.00"/>
        <vehicle id="19" x="398.35" y="383.92" angle="0.00" type="DEFAULT_VEHTYPE" speed="12.67" pos="11.33" lane="2/2to2/1_0" slope="0.00"/>
        <vehicle id="2" x="462.36" y="198.35" angle="90.00" type="DEFAULT_VEHTYPE" speed="13.22" pos="57.61" lane="2/1to3/1_0" slope="0.00"/>
        <vehicle id="20" x="467.66" y="401.65" angle="-90.00" type="DEFAULT_VEHTYPE" speed="13.50" pos="127.59" lane="3/2to2/2_0" slope="0.00"/>
        <vehicle id="21" x="401.65" y="189.71" angle="180.00" type="DEFAULT_VEHTYPE" speed="13.08" pos="189.71" lane="2/0to2/1_0" slope="0.00"/>
        <vehicle id="22" x="108.51" y="198.35" angle="90.00" type="DEFAULT_VEHTYPE" speed="13.71" pos="108.51" lane="0/1to1/1_0" slope="0.00"/>
        <vehicle id="23" x="746.45" y="201.65" angle="-90.00" type="DEFAULT_VEHTYPE" speed="13.22" pos="53.55" lane="4/1to3/1_0" slope="0.00"/>
        <vehicle id="24" x="401.65" y="149.48" angle="180.00" type="DEFAULT_VEHTYPE" speed="13.73" pos="149.48" lane="2/0to2/1_0" slope="0.00"/>
        <vehicle id="3" x="593.63" y="198.35" angle="90.00" type="DEFAULT_VEHTYPE" speed="5.28" pos="188.88" lane="2/1to3/1_0" slope="0.00"/>
        <vehicle id="4" x="601.65" y="210.13" angle="180.00" type="DEFAULT_VEHTYPE" speed="7.36" pos="5.38" lane="3/1to3/2_0" slope="0.00"/>
        <vehicle id="5" x="401.65" y="643.47" angle="180.00" type="DEFAULT_VEHTYPE" speed="13.89" pos="38.72" lane="2/3to2/4_0" slope="0.00"/>
        <vehicle id="6" x="579.24" y="198.35" angle="90.00" type="DEFAULT_VEHTYPE" speed="2.45" pos="174.49" lane="2/1to3/1_0" slope="0.00"/>
        <vehicle id="7" x="201.65" y="489.09" angle="180.00" type="DEFAULT_VEHTYPE" speed="12.65" pos="84.34" lane="1/2to1/3_0" slope="0.00"/>
        <vehicle id="8" x="718.41" y="201.65" angle="-90.00" type="DEFAULT_VEHTYPE" speed="12.87" pos="81.59" lane="4/1to3/1_0" slope="0.00"/>
        <vehicle id="9" x="205.57" y="401.65" angle="-90.00" type="DEFAULT_VEHTYPE" speed="4.69" pos="189.68" lane="2/2to1/2_0" slope="0.00"/>
    </timestep>
    <timestep time="322.00">
        <vehicle id="0" x="442.87" y="198.35" angle="90.00" type="DEFAULT_VEHTYPE" speed="13.04" pos="38.12" lane="2/1to3/1_0" slope="0.00"/>
        <vehicle id="1" x="601.65" y="255.08" angle="180.00" type="DEFAULT_VEHTYPE" speed="13.43" pos="50.33" lane="3/1to3/2_0" slope="0.00"/>
        <vehicle id="11" x="518.21" y="401.65" angle="-90.00" type="DEFAULT_VEHTYPE" speed="13.03" pos="77.04" lane="3/2to2/2_0" slope="0.00"/>
        <vehicle id="12" x="564.19" y="198.35" angle="90.00" type="DEFAULT_VEHTYPE" speed="8.24" pos="159.44" lane="2/1to3/1_0" slope="0.00"/>
        <vehicle id="14" x="413.36" y="401.65" angle="-90.00" type="DEFAULT_VEHTYPE" speed="6.75" pos="181.89" lane="3/2to2/2_0" slope="0.00"/>
        <vehicle id="15" x="304.97" y="198.35" angle="90.00" type="DEFAULT_VEHTYPE" speed="13.81" pos="100.22" lane="1/1to2/1_0" slope="0.00"/>
        <vehicle id="16" x="398.35" y="214.25" angle="0.00" type="DEFAULT_VEHTYPE" speed="7.34" pos="181.00" lane="2/2to2/1_0" slope="0.00"/>
        <vehicle id="17" x="398.35" y="682.85" angle="0.00" type="DEFAULT_VEHTYPE" speed="13.33" pos="117.15" lane="2/4to2/3_0" slope="0.00"/>
        <vehicle id="18" x="401.65" y="709.43" angle="180.00" type="DEFAULT_VEHTYPE" speed="13.76" pos="104.68" lane="2/3to2/4_0" slope="0.00"/>
        <vehicle id="19" x="398.35" y="370.37" angle="0.00" type="DEFAULT_VEHTYPE" speed="13.55" pos="24.88" lane="2/2to2/1_0" slope="0.00"/>
        <vehicle id="2" x="476.04" y="198.35" angle="90.00" type="DEFAULT_VEHTYPE" speed="13.68" pos="71.29" lane="2/1to3/1_0" slope="0.00"/>
        <vehicle id="20" x="453.85" y="401.65" angle="-90.00" type="DEFAULT_VEHTYPE" speed="13.81" pos="141.40" lane="3/2to2/2_0" slope="0.00"/>
        <vehicle id="21" x="407.73" y="198.35" angle="96.12" type="DEFAULT_VEHTYPE" speed="13.52" pos="2.98" lane="2/1to3/1_0" slope="0.00"/>
        <vehicle id="22" x="121.55" y="198.35" angle="90.00" type="DEFAULT_VEHTYPE" speed="13.04" pos="121.55" lane="0/1to1/1_0" slope="0.00"/>
        <vehicle id="23" x="732.58" y="201.65" angle="-90.00" type="DEFAULT_VEHTYPE" speed="13.88" pos="67.42" lane="4/1to3/1_0" slope="0.00"/>
        <vehicle id="24" x="401.65" y="163.04" angle="180.00" type="DEFAULT_VEHTYPE" speed="13.56" pos="163.04" lane="2/0to2/1_0" slope="0.00"/>
        <vehicle id="3" x="600.52" y="200.74" angle="117.98" type="DEFAULT_VEHTYPE" speed="7.70" pos="6.08" lane=":3/1_14_0" slope="0.00"/>
        <vehicle id="4" x="601.65" y="219.24" angle="180.00" type="DEFAULT_VEHTYPE" speed="9.12" pos="14.49" lane="3/1to3/2_0" slope="0.00"/>
        <vehicle id="5" x="401.65" y="656.52" angle="180.00" type="DEFAULT_VEHTYPE" speed="13.05" pos="51.77" lane="2/3to2/4_0" slope="0.00"/>
        <vehicle id="6" x="584.25" y="198.35" angle="90.00" type="DEFAULT_VEHTYPE" speed="5.01" pos="179.50" lane="2/1to3/1_0" slope="0.00"/>
        <vehicle id="7" x="201.65" y="502.42" angle="180.00" type="DEFAULT_VEHTYPE" speed="13.33" pos="97.67" lane="1/2to1/3_0" slope="0.00"/>
        <vehicle id="8" x="705.13" y="201.65" angle="-90.00" type="DEFAULT_VEHTYPE" speed="13.28" pos="94.87" lane="4/1to3/1_0" slope="0.00"/>
        <vehicle id="9" x="199.54" y="399.37" angle="-63.25" type="DEFAULT_VEHTYPE" speed="6.78" pos="5.96" lane=":1/2_6_0" slope="0.00"/>
    </timestep>
    <timestep time="323.00">
        <vehicle id="0" x="455.80" y="198.35" angle="90.00" type="DEFAULT_VEHTYPE" speed="12.93" pos="51.05" lane="2/1to3/1_0" slope="0.00"/>
        <vehicle id="1" x="601.65" y="267.86" angle="180.00" type="DEFAULT_VEHTYPE" speed="12.78" pos="63.11" lane="3/1to3/2_0" slope="0.00"/>
        <vehicle id="11" x="505.38" y="401.65" angle="-90.00" type="DEFAULT_VEHTYPE" speed="12.83" pos="89.87" lane="3/2to2/2_0" slope="0.00"/>
        <vehicle id="12" x="572.22" y="198.35" angle="90.00" type="DEFAULT_VEHTYPE" speed="8.03" pos="167.47" lane="2/1to3/1_0" slope="0.00"/>
        <vehicle id="14" x="410.12" y="401.65" angle="-90.00" type="DEFAULT_VEHTYPE" speed="3.24" pos="185.13" lane="3/2to2/2_0" slope="0.00"/>
        <vehicle id="15" x="318.07" y="198.35" angle="90.00" type="DEFAULT_VEHTYPE" speed="13.10" pos="113.32" lane="1/1to2/1_0" slope="0.00"/>
        <vehicle id="16" x="398.35" y="210.67" angle="0.00" type="DEFAULT_VEHTYPE" speed="3.58" pos="184.58" lane="2/2to2/1_0" slope="0.00"/>
        <vehicle id="17" x="398.35" y="669.50" angle="0.00" type="DEFAULT_VEHTYPE" speed="13.35" pos="130.50" lane="2/4to2/3_0" slope="0.00"/>
        <vehicle id="18" x="401.65" y="722.84" angle="180.00" type="DEFAULT_VEHTYPE" speed="13.41" pos="118.09" lane="2/3to2/4_0" slope="0.00"/>
        <vehicle id="19" x="398.35" y="357.71" angle="0.00" type="DEFAULT_VEHTYPE" speed="12.66" pos="37.54" lane="2/2to2/1_0" slope="0.00"/>
        <vehicle id="2" x="489.51" y="198.35" angle="90.00" type="DEFAULT_VEHTYPE" speed="13.47" pos="84.76" lane="2/1to3/1_0" slope="0.00"/>
        <vehicle id="20" x="441.12" y="401.65" angle="-90.00" type="DEFAULT_VEHTYPE" speed="12.73" pos="154.13" lane="3/2to2/2_0" slope="0.00"/>
        <vehicle id="21" x="420.44" y="198.35" angle="90.00" type="DEFAULT_VEHTYPE" speed="12.71" pos="15.69" lane="2/1to3/1_0" slope="0.00"/>
        <vehicle id="22" x="134.99" y="198.35" angle="90.00" type="DEFAULT_VEHTYPE" speed="13.45" pos="134.99" lane="0/1to1/1_0" slope="0.00"/>
        <vehicle id="23" x="719.78" y="201.65" angle="-90.00" type="DEFAULT_VEHTYPE" speed="12.80" pos="80.22" lane="4/1to3/1_0" slope="0.00"/>
        <vehicle id="24" x="401.65" y="176.57" angle="180.00" type="DEFAULT_VEHTYPE" speed="13.53" pos="176.57" lane="2/0to2/1_0" slope="0.00"/>
        <vehicle id="3" x="601.65" y="209.87" angle="180.00" type="DEFAULT_VEHTYPE" speed="9.36" pos="5.12" lane="3/1to3/2_0" slope="0.00"/>
        <vehicle id="4" x="601.65" y="230.32" angle="180.00" type="DEFAULT_VEHTYPE" speed="11.07" pos="25.57" lane="3/1to3/2_0" slope="0.00"/>
        <vehicle id="5" x="401.65" y="669.19" angle="180.00" type="DEFAULT_VEHTYPE" speed="12.67" pos="64.44" lane="2/3to2/4_0" slope="0.00"/>
        <vehicle id="6" x="589.11" y="198.35" angle="90.00" type="DEFAULT_VEHTYPE" speed="4.86" pos="184.36" lane="2/1to3/1_0" slope="0.00"/>
        <vehicle id="7" x="201.65" y="515.40" angle="180.00" type="DEFAULT_VEHTYPE" speed="12.98" pos="110.65" lane="1/2to1/3_0" slope="0.00"/>
        <vehicle id="8" x="691.79" y="201.65" angle="-90.00" type="DEFAULT_VEHTYPE" speed="13.34" pos="108.21" lane="4/1to3/1_0" slope="0.00"/>
        <vehicle id="9" x="198.35" y="390.64" angle="-0.63" type="DEFAULT_VEHTYPE" speed="8.97" pos="4.61" lane="1/2to1/1_0" slope="0.00"/>
    </timestep>
    <timestep time="324.00">
        <vehicle id="0" x="468.96" y="198.35" angle="90.00" type="DEFAULT_VEHTYPE" speed="13.17" pos="64.21" lane="2/1to3/1_0" slope="0.00"/>
        <vehicle id="1" x="601.65" y="281.09" angle="180.00" type="DEFAULT_VEHTYPE" speed="13.23" pos="76.34" lane="3/1to3/2_0" slope="0.00"/>
        <vehicle id="11" x="491.64" y="401.65" angle="-90.00" type="DEFAULT_VEHTYPE" speed="13.73" pos="103.61" lane="3/2to2/2_0" slope="0.00"/>
        <vehicle id="12" x="579.22" y="198.35" angle="90.00" type="DEFAULT_VEHTYPE" speed="7.00" pos="174.47" lane="2/1to3/1_0" slope="0.00"/>
        <vehicle id="14" x="405.29" y="401.65" angle="-90.00" type="DEFAULT_VEHTYPE" speed="4.83" pos="189.96" lane="3/2to2/2_0" slope="0.00"/>
        <vehicle id="15" x="331.07" y="198.35" angle="90.00" type="DEFAULT_VEHTYPE" speed="13.00" pos="126.32" lane="1/1to2/1_0" slope="0.00"/>
        <vehicle id="16" x="398.35" y="205.45" angle="0.00" type="DEFAULT_VEHTYPE" speed="5.22" pos="189.80" lane="2/2to2/1_0" slope="0.00"/>
        <vehicle id="17" x="398.35" y="656.57" angle="0.00" type="DEFAULT_VEHTYPE" speed="12.93" pos="143.43" lane="2/4to2/3_0" slope="0.00"/>
        <vehicle id="18" x="401.65" y="735.72" angle="180.00" type="DEFAULT_VEHTYPE" speed="12.88" pos="130.97" lane="2/3to2/4_0" slope="0.00"/>
        <vehicle id="19" x="398.35" y="344.43" angle="0.00" type="DEFAULT_VEHTYPE" speed="13.27" pos="50.82" lane="2/2to2/1_0" slope="0.00"/>
        <vehicle id="2" x="502.33" y="198.35" angle="90.00" type="DEFAULT_VEHTYPE" speed="12.82" pos="97.58" lane="2/1to3/1_0" slope="0.00"/>
        <vehicle id="20" x="431.50" y="401.65" angle="-90.00" type="DEFAULT_VEHTYPE" speed="9.62" pos="163.75" lane="3/2to2/2_0" slope="0.00"/>
        <vehicle id="21" x="433.37" y="198.35" angle="90.00" type="DEFAULT_VEHTYPE" speed="12.93" pos="28.62" lane="2/1to3/1_0" slope="0.00"/>
        <vehicle id="22" x="147.82" y="198.35" angle="90.00" type="DEFAULT_VEHTYPE" speed="12.83" pos="147.82" lane="0/1to1/1_0" slope="0.00"/>
        <vehicle id="23" x="706.49" y="201.65" angle="-90.00" type="DEFAULT_VEHTYPE" speed="13.29" pos="93.51" lane="4/1to3/1_0" slope="0.00"/>
        <vehicle id="24" x="401.65" y="189.23" angle="180.00" type="DEFAULT_VEHTYPE" speed="12.66" pos="189.23" lane="2/0to2/1_0" slope="0.00"/>
        <vehicle id="3" x="601.65" y="221.14" angle="180.00" type="DEFAULT_VEHTYPE" speed="11.27" pos="16.39" lane="3/1to3/2_0" slope="0.00"/>
        <vehicle id="4" x="601.65" y="243.40" angle="180.00" type="DEFAULT_VEHTYPE" speed="13.08" pos="38.65" lane="3/1to3/2_0" slope="0.00"/>
        <vehicle id="5" x="401.65" y="682.34" angle="180.00" type="DEFAULT_VEHTYPE" speed="13.15" pos="77.59" lane="2/3to2/4_0" slope="0.00"/>
        <vehicle id="6" x="595.92" y="198.35" angle="90.00" type="DEFAULT_VEHTYPE" speed="6.81" pos="0.67" lane=":3/1_13_0" slope="0.00"/>
        <vehicle id="7" x="201.65" y="528.60" angle="180.00" type="DEFAULT_VEHTYPE" speed="13.20" pos="123.85" lane="1/2to1/3_0" slope="0.00"/>
        <vehicle id="8" x="677.95" y="201.65" angle="-90.00" type="DEFAULT_VEHTYPE" speed="13.84" pos="122.05" lane="4/1to3/1_0" slope="0.00"/>
        <vehicle id="9" x="198.35" y="379.55" angle="0.00" type="DEFAULT_VEHTYPE" speed="11.09" pos="15.70" lane="1/2to1/1_0" slope="0.00"/>
    </timestep>
    <timestep time="325.00">
        <vehicle id="0" x="481.89" y="198.35" angle="90.00" type="DEFAULT_VEHTYPE" speed="12.93" pos="77.14" lane="2/1to3/1_0" slope="0.00"/>
        <vehicle id="1" x="601.65" y="294.82" angle="180.00" type="DEFAULT_VEHTYPE" speed="13.74" pos="90.07" lane="3/1to3/2_0" slope="0.00"/>
        <vehicle id="11" x="478.71" y="401.65" angle="-90.00" type="DEFAULT_VEHTYPE" speed="12.93" pos="116.54" lane="3/2to2/2_0" slope="0.00"/>
        <vehicle id="12" x="586.61" y="198.35" angle="90.00" type="DEFAULT_VEHTYPE" speed="7.39" pos="181.86" lane="2/1to3/1_0" slope="0.00"/>
        <vehicle id="14" x="399.26" y="398.90" angle="-57.58" type="DEFAULT_VEHTYPE" speed="7.05" pos="6.51" lane=":2/2_6_0" slope="0.00"/>
        <vehicle id="15" x="344.44" y="198.35" angle="90.00" type="DEFAULT_VEHTYPE" speed="13.37" pos="139.69" lane="1/1to2/1_0" slope="0.00"/>
        <vehicle id="16" x="398.64" y="202.75" angle="3.29" type="DEFAULT_VEHTYPE" speed="2.72" pos="2.02" lane=":2/1_2_0" slope="0.00"/>
        <vehicle id="17" x="398.35" y="643.30" angle="0.00" type="DEFAULT_VEHTYPE" speed="13.27" pos="156.70" lane="2/4to2/3_0" slope="0.00"/>
        <vehicle id="18" x="401.65" y="748.59" angle="180.00" type="DEFAULT_VEHTYPE" speed="12.87" pos="143.84" lane="2/3to2/4_0" slope="0.00"/>
        <vehicle id="19" x="398.35" y="330.80" angle="0.00" type="DEFAULT_VEHTYPE" speed="13.63" pos="64.45" lane="2/2to2/1_0" slope="0.00"/>
        <vehicle id="2" x="515.37" y="198.35" angle="90.00" type="DEFAULT_VEHTYPE" speed="13.04" pos="110.62" lane="2/1to3/1_0" slope="0.00"/>
        <vehicle id="20" x="420.84" y="401.65" angle="-90.00" type="DEFAULT_VEHTYPE" speed="10.66" pos="174.41" lane="3/2to2/2_0" slope="0.00"/>
        <vehicle id="21" x="446.55" y="198.35" angle="90.00" type="DEFAULT_VEHTYPE" speed="13.18" pos="41.80" lane="2/1to3/1_0" slope="0.00"/>
        <vehicle id="22" x="160.80" y="198.35" angle="90.00" type="DEFAULT_VEHTYPE" speed="12.98" pos="160.80" lane="0/1to1/1_0" slope="0.00"/>
        <vehicle id="23" x="692.73" y="201.65" angle="-90.00" type="DEFAULT_VEHTYPE" speed="13.76" pos="107.27" lane="4/1to3/1_0" slope="0.00"/>
        <vehicle id="24" x="407.27" y="198.35" angle="98.95" type="DEFAULT_VEHTYPE" speed="13.54" pos="2.52" lane="2/1to3/1_0" slope="0.00"/>
        <vehicle id="3" x="601.65" y="234.30" angle="180.00" type="DEFAULT_VEHTYPE" speed="13.16" pos="29.55" lane="3/1to3/2_0" slope="0.00"/>
        <vehicle id="4" x="601.65" y="256.26" angle="180.00" type="DEFAULT_VEHTYPE" speed="12.86" pos="51.51" lane="3/1to3/2_0" slope="0.00"/>
        <vehicle id="5" x="401.65" y="695.07" angle="180.00" type="DEFAULT_VEHTYPE" speed="12.74" pos="90.32" lane="2/3to2/4_0" slope="0.00"/>
        <vehicle id="6" x="604.13" y="198.35" angle="90.00" type="DEFAULT_VEHTYPE" speed="8.21" pos="8.88" lane=":3/1_13_0" slope="0.00"/>
        <vehicle id="7" x="201.65" y="542.19" angle="180.00" type="DEFAULT_VEHTYPE" speed="13.59" pos="137.44" lane="1/2to1/3_0" slope="0.00"/>
        <vehicle id="8" x="664.26" y="201.65" angle="-90.00" type="DEFAULT_VEHTYPE" speed="13.69" pos="135.74" lane="4/1to3/1_0" slope="0.00"/>
        <vehicle id="9" x="198.35" y="366.84" angle="0.00" type="DEFAULT_VEHTYPE" speed="12.71" pos="28.41" lane="1/2to1/1_0" slope="0.00"/>
    </timestep>
    <timestep time="326.00">
        <vehicle id="0" x="494.92" y="198.35" angle="90.00" type="DEFAULT_VEHTYPE" speed="13.03" pos="90.17" lane="2/1to3/1_0" slope="0.00"/>
        <vehicle id="1" x="601.65" y="307.87" angle="180.00" type="DEFAULT_VEHTYPE" speed="13.05" pos="103.12" lane="3/1to3/2_0" slope="0.00"/>
        <vehicle id="11" x="464.91" y="401.65" angle="-90.00" type="DEFAULT_VEHTYPE" speed="13.81" pos="130.34" lane="3/2to2/2_0" slope="0.00"/>
        <vehicle id="12" x="590.76" y="198.35" angle="90.00" type="DEFAULT_VEHTYPE" speed="4.15" pos="186.01" lane="2/1to3/1_0" slope="0.00"/>
        <vehicle id="14" x="398.35" y="390.61" angle="-0.58" type="DEFAULT_VEHTYPE" speed="8.46" pos="4.64" lane="2/2to2/1_0" slope="0.00"/>
        <vehicle id="15" x="357.77" y="198.35" angle="90.00" type="DEFAULT_VEHTYPE" speed="13.34" pos="153.02" lane="1/1to2/1_0" slope="0.00"/>
        <vehicle id="16" x="401.65" y="198.93" angle="38.98" type="DEFAULT_VEHTYPE" speed="5.12" pos="7.14" lane=":2/1_2_0" slope="0.00"/>
        <vehicle id="17" x="398.35" y="629.59" angle="0.00" type="DEFAULT_VEHTYPE" speed="13.71" pos="170.41" lane="2/4to2/3_0" slope="0.00"/>
        <vehicle id="18" x="401.65" y="762.21" angle="180.00" type="DEFAULT_VEHTYPE" speed="13.61" pos="157.46" lane="2/3to2/4_0" slope="0.00"/>
        <vehicle id="19" x="398.35" y="317.23" angle="0.00" type="DEFAULT_VEHTYPE" speed="13.57" pos="78.02" lane="2/2to2/1_0" slope="0.00"/>
        <vehicle id="2" x="528.14" y="198.35" angle="90.00" type="DEFAULT_VEHTYPE" speed="12.77" pos="123.39" lane="2/1to3/1_0" slope="0.00"/>
        <vehicle id="20" x="414.41" y="401.65" angle="-90.00" type="DEFAULT_VEHTYPE" speed="6.43" pos="180.84" lane="3/2to2/2_0" slope="0.00"/>
        <vehicle id="21" x="459.97" y="198.35" angle="90.00" type="DEFAULT_VEHTYPE" speed="13.42" pos="55.22" lane="2/1to3/1_0" slope="0.00"/>
        <vehicle id="22" x="173.29" y="198.35" angle="90.00" type="DEFAULT_VEHTYPE" speed="12.49" pos="173.29" lane="0/1to1/1_0" slope="0.00"/>
        <vehicle id="23" x="679.81" y="201.65" angle="-90.00" type="DEFAULT_VEHTYPE" speed="12.92" pos="120.19" lane="4/1to3/1_0" slope="0.00"/>
        <vehicle id="24" x="420.09" y="198.35" angle="90.00" type="DEFAULT_VEHTYPE" speed="12.82" pos="15.34" lane="2/1to3/1_0" slope="0.00"/>
        <vehicle id="3" x="601.65" y="246.38" angle="180.00" type="DEFAULT_VEHTYPE" speed="12.08" pos="41.63" lane="3/1to3/2_0" slope="0.00"/>
        <vehicle id="4" x="601.65" y="269.30" angle="180.00" type="DEFAULT_VEHTYPE" speed="13.04" pos="64.55" lane="3/1to3/2_0" slope="0.00"/>
        <vehicle id="5" x="401.65" y="708.97" angle="180.00" type="DEFAULT_VEHTYPE" speed="13.90" pos="104.22" lane="2/3to2/4_0" slope="0.00"/>
        <vehicle id="6" x="614.55" y="198.35" angle="90.00" type="DEFAULT_VEHTYPE" speed="10.42" pos="9.80" lane="3/1to4/1_0" slope="0.00"/>
        <vehicle id="7" x="201.65" y="555.91" angle="180.00" type="DEFAULT_VEHTYPE" speed="13.71" pos="151.16" lane="1/2to1/3_0" slope="0.00"/>
        <vehicle id="8" x="651.14" y="201.65" angle="-90.00" type="DEFAULT_VEHTYPE" speed="13.12" pos="148.86" lane="4/1to3/1_0" slope="0.00"/>
        <vehicle id="9" x="198.35" y="353.56" angle="0.00" type="DEFAULT_VEHTYPE" speed="13.28" pos="41.69" lane="1/2to1/1_0" slope="0.00"/>
    </timestep>
    <timestep time="327.00">
        <vehicle id="0" x="508.28" y="198.35" angle="90.00" type="DEFAULT_VEHTYPE" speed="13.37" pos="103.53" lane="2/1to3/1_0" slope="0.00"/>
        <vehicle id="1" x="601.65" y="320.81" angle="180.00" type="DEFAULT_VEHTYPE" speed="12.93" pos="116.06" lane="3/1to3/2_0" slope="0.00"/>
        <vehicle id="11" x="451.25" y="401.65" angle="-90.00" type="DEFAULT_VEHTYPE" speed="13.65" pos="144.00" lane="3/2to2/2_0" slope="0.00"/>
        <vehicle id="12" x="596.44" y="198.52" angle="91.96" type="DEFAULT_VEHTYPE" speed="5.69" pos="1.20" lane=":3/1_14_0" slope="0.00"/>
        <vehicle id="14" x="398.35" y="380.85" angle="0.00" type="DEFAULT_VEHTYPE" speed="9.76" pos="14.40" lane="2/2to2/1_0" slope="0.00"/>
        <vehicle id="15" x="371.17" y="198.35" angle="90.00" type="DEFAULT_VEHTYPE" speed="13.40" pos="166.42" lane="1/1to2/1_0" slope="0.00"/>
        <vehicle id="16" x="408.73" y="198.35" angle="88.35" type="DEFAULT_VEHTYPE" speed="7.16" pos="3.98" lane="2/1to3/1_0" slope="0.00"/>
        <vehicle id="17" x="398.35" y="616.43" angle="0.00" type="DEFAULT_VEHTYPE" speed="13.16" pos="183.57" lane="2/4to2/3_0" slope="0.00"/>
        <vehicle id="18" x="401.65" y="775.75" angle="180.00" type="DEFAULT_VEHTYPE" speed="13.54" pos="171.00" lane="2/3to2/4_0" slope="0.00"/>
        <vehicle id="19" x="398.35" y="304.61" angle="0.00" type="DEFAULT_VEHTYPE" speed="12.62" pos="90.64" lane="2/2to2/1_0" slope="0.00"/>
        <vehicle id="2" x="540.88" y="198.35" angle="90.00" type="DEFAULT_VEHTYPE" speed="12.73" pos="136.13" lane="2/1to3/1_0" slope="0.00"/>
        <vehicle id="20" x="410.62" y="401.65" angle="-90.00" type="DEFAULT_VEHTYPE" speed="3.79" pos="184.63" lane="3/2to2/2_0" slope="0.00"/>
        <vehicle id="21" x="473.44" y="198.35" angle="90.00" type="DEFAULT_VEHTYPE" speed="13.47" pos="68.69" lane="2/1to3/1_0" slope="0.00"/>
        <vehicle id="22" x="182.54" y="198.35" angle="90.00" type="DEFAULT_VEHTYPE" speed="9.25" pos="182.54" lane="0/1to1/1_0" slope="0.00"/>
        <vehicle id="23" x="666.98" y="201.65" angle="-90.00" type="DEFAULT_VEHTYPE" speed="12.83" pos="133.02" lane="4/1to3/1_0" slope="0.00"/>
        <vehicle id="24" x="433.10" y="198.35" angle="90.00" type="DEFAULT_VEHTYPE" speed="13.01" pos="28.35" lane="2/1to3/1_0" slope="0.00"/>
        <vehicle id="3" x="601.65" y="259.70" angle="180.00" type="DEFAULT_VEHTYPE" speed="13.32" pos="54.95" lane="3/1to3/2_0" slope="0.00"/>
        <vehicle id="4" x="601.65" y="282.91" angle="180.00" type="DEFAULT_VEHTYPE" speed="13.60" pos="78.16" lane="3/1to3/2_0" slope="0.00"/>
        <vehicle id="5" x="401.65" y="722.76" angle="180.00" type="DEFAULT_VEHTYPE" speed="13.78" pos="118.01" lane="2/3to2/4_0" slope="0.00"/>
        <vehicle id="6" x="626.99" y="198.35" angle="90.00" type="DEFAULT_VEHTYPE" speed="12.44" pos="22.24" lane="3/1to4/1_0" slope="0.00"/>
        <vehicle id="7" x="201.65" y="569.40" angle="180.00" type="DEFAULT_VEHTYPE" speed="13.49" pos="164.65" lane="1/2to1/3_0" slope="0.00"/>
        <vehicle id="8" x="638.28" y="201.65" angle="-90.00" type="DEFAULT_VEHTYPE" speed="12.86" pos="161.72" lane="4/1to3/1_0" slope="0.00"/>
        <vehicle id="9" x="198.35" y="340.81" angle="0.00" type="DEFAULT_VEHTYPE" speed="12.75" pos="54.44" lane="1/2to1/1_0" slope="0.00"/>
    </timestep>
    <timestep time="328.00">
        <vehicle id="0" x="521.97" y="198.35" angle="90.00" type="DEFAULT_VEHTYPE" speed="13.69" pos="117.22" lane="2/1to3/1_0" slope="0.00"/>
        <vehicle id="1" x="601.65" y="333.52" angle="180.00" type="DEFAULT_VEHTYPE" speed="12.71" pos="128.77" lane="3/1to3/2_0" slope="0.00"/>
        <vehicle id="11" x="438.02" y="401.65" angle="-90.00" type="DEFAULT_VEHTYPE" speed="13.24" pos="157.23" lane="3/2to2/2_0" slope="0.00"/>
        <vehicle id="12" x="601.46" y="203.42" angle="149.27" type="DEFAULT_VEHTYPE" speed="7.77" pos="8.98" lane=":3/1_14_0" slope="0.00"/>
        <vehicle id="14" x="398.35" y="369.78" angle="0.00" type="DEFAULT_VEHTYPE" speed="11.07" pos="25.47" lane="2/2to2/1_0" slope="0.00"/>
        <vehicle id="15" x="380.60" y="198.35" angle="90.00" type="DEFAULT_VEHTYPE" speed="9.43" pos="175.85" lane="1/1to2/1_0" slope="0.00"/>
        <vehicle id="16" x="417.68" y="198.35" angle="90.00" type="DEFAULT_VEHTYPE" speed="8.94" pos="12.93" lane="2/1to3/1_0" slope="0.00"/>
        <vehicle id="17" x="398.35" y="603.72" angle="0.00" type="DEFAULT_VEHTYPE" speed="12.71" pos="1.03" lane=":2/3_1_0" slope="0.00"/>
        <vehicle id="18" x="401.65" y="789.16" angle="180.00" type="DEFAULT_VEHTYPE" speed="13.42" pos="184.41" lane="2/3to2/4_0" slope="0.00"/>
        <vehicle id="19" x="398.35" y="290.99" angle="0.00" type="DEFAULT_VEHTYPE" speed="13.62" pos="104.26" lane="2/2to2/1_0" slope="0.00"/>
        <vehicle id="2" x="554.33" y="198.35" angle="90.00" type="DEFAULT_VEHTYPE" speed="13.45" pos="149.58" lane="2/1to3/1_0" slope="0.00"/>
        <vehicle id="20" x="405.05" y="401.65" angle="-90.00" type="DEFAULT_VEHTYPE" speed="5.57" pos="190.20" lane="3/2to2/2_0" slope="0.00"/>
        <vehicle id="21" x="486.51" y="198.35" angle="90.00" type="DEFAULT_VEHTYPE" speed="13.07" pos="81.76" lane="2/1to3/1_0" slope="0.00"/>
        <vehicle id="22" x="187.48" y="198.35" angle="90.00" type="DEFAULT_VEHTYPE" speed="4.93" pos="187.48" lane="0/1to1/1_0" slope="0.00"/>
        <vehicle id="23" x="653.13" y="201.65" angle="-90.00" type="DEFAULT_VEHTYPE" speed="13.84" pos="146.87" lane="4/1to3/1_0" slope="0.00"/>
        <vehicle id="24" x="445.94" y="198.35" angle="90.00" type="DEFAULT_VEHTYPE" speed="12.84" pos="41.19" lane="2/1to3/1_0" slope="0.00"/>
        <vehicle id="3" x="601.65" y="272.48" angle="180.00" type="DEFAULT_VEHTYPE" speed="12.78" pos="67.73" lane="3/1to3/2_0" slope="0.00"/>
        <vehicle id="4" x="601.65" y="296.41" angle="180.00" type="DEFAULT_VEHTYPE" speed="13.50" pos="91.66" lane="3/1to3/2_0" slope="0.00"/>
        <vehicle id="5" x="401.65" y="736.14" angle="180.00" type="DEFAULT_VEHTYPE" speed="13.38" pos="131.39" lane="2/3to2/4_0" slope="0.00"/>
        <vehicle id="6" x="640.07" y="198.35" angle="90.00" type="DEFAULT_VEHTYPE" speed="13.08" pos="35.32" lane="3/1to4/1_0" slope="0.00"/>
        <vehicle id="7" x="201.65" y="582.99" angle="180.00" type="DEFAULT_VEHTYPE" speed="13.59" pos="178.24" lane="1/2to1/3_0" slope="0.00"/>
        <vehicle id="8" x="625.86" y="201.65" angle="-90.00" type="DEFAULT_VEHTYPE" speed="12.41" pos="174.14" lane="4/1to3/1_0" slope="0.00"/>
        <vehicle id="9" x="198.35" y="328.19" angle="0.00" type="DEFAULT_VEHTYPE" speed="12.62" pos="67.06" lane="1/2to1/1_0" slope="0.00"/>
    </timestep>
    <timestep time="329.00">
        <vehicle id="0" x="535.62" y="198.35" angle="90.00" type="DEFAULT_VEHTYPE" speed="13.65" pos="130.87" lane="2/1to3/1_0" slope="0.00"/>
        <vehicle id="1" x="601.65" y="346.43" angle="180.00" type="DEFAULT_VEHTYPE" speed="12.91" pos="141.68" lane="3/1to3/2_0" slope="0.00"/>
        <vehicle id="11" x="426.12" y="401.65" angle="-90.00" type="DEFAULT_VEHTYPE" speed="11.89" pos="169.13" lane="3/2to2/2_0" slope="0.00"/>
        <vehicle id="12" x="601.65" y="212.49" angle="180.00" type="DEFAULT_VEHTYPE" speed="9.08" pos="7.74" lane="3/1to3/2_0" slope="0.00"/>
        <vehicle id="14" x="398.35" y="356.81" angle="0.00" type="DEFAULT_VEHTYPE" speed="12.97" pos="38.44" lane="2/2to2/1_0" slope="0.00"/>
        <vehicle id="15" x="387.24" y="198.35" angle="90.00" type="DEFAULT_VEHTYPE" speed="6.64" pos="182.49" lane="1/1to2/1_0" slope="0.00"/>
        <vehicle id="16" x="428.49" y="198.35" angle="90.00" type="DEFAULT_VEHTYPE" speed="10.82" pos="23.74" lane="2/1to3/1_0" slope="0.00"/>
        <vehicle id="17" x="398.35" y="590.38" angle="0.00" type="DEFAULT_VEHTYPE" speed="13.33" pos="4.87" lane="2/3to2/2_0" slope="0.00"/>
        <vehicle id="18" x="400.32" y="801.49" angle="-163.32" type="DEFAULT_VEHTYPE" speed="12.89" pos="2.05" lane=":2/4_0_0" slope="0.00"/>
        <vehicle id="19" x="398.35" y="277.20" angle="0.00" type="DEFAULT_VEHTYPE" speed="13.80" pos="118.05" lane="2/2to2/1_0" slope="0.00"/>
        <vehicle id="2" x="567.46" y="198.35" angle="90.00" type="DEFAULT_VEHTYPE" speed="13.13" pos="162.71" lane="2/1to3/1_0" slope="0.00"/>
        <vehicle id="20" x="399.16" y="398.73" angle="-55.56" type="DEFAULT_VEHTYPE" speed="7.00" pos="6.70" lane=":2/2_6_0" slope="0.00"/>
        <vehicle id="21" x="499.32" y="198.35" angle="90.00" type="DEFAULT_VEHTYPE" speed="12.82" pos="94.57" lane="2/1to3/1_0" slope="0.00"/>
        <vehicle id="22" x="190.02" y="198.35" angle="90.00" type="DEFAULT_VEHTYPE" speed="2.55" pos="190.02" lane="0/1to1/1_0" slope="0.00"/>
        <vehicle id="23" x="639.98" y="201.65" angle="-90.00" type="DEFAULT_VEHTYPE" speed="13.15" pos="160.02" lane="4/1to3/1_0" slope="0.00"/>
        <vehicle id="24" x="459.37" y="198.35" angle="90.00" type="DEFAULT_VEHTYPE" speed="13.43" pos="54.62" lane="2/1to3/1_0" slope="0.00"/>
        <vehicle id="3" x="601.65" y="286.23" angle="180.00" type="DEFAULT_VEHTYPE" speed="13.75" pos="81.48" lane="3/1to3/2_0" slope="0.00"/>
        <vehicle id="4" x="601.65" y="309.98" angle="180.00" type="DEFAULT_VEHTYPE" speed="13.57" pos="105.23" lane="3/1to3/2_0" slope="0.00"/>
        <vehicle id="5" x="401.65" y="748.88" angle="180.00" type="DEFAULT_VEHTYPE" speed="12.74" pos="144.13" lane="2/3to2/4_0" slope="0.00"/>
        <vehicle id="6" x="653.55" y="198.35" angle="90.00" type="DEFAULT_VEHTYPE" speed="13.48" pos="48.80" lane="3/1to4/1_0" slope="0.00"/>
        <vehicle id="7" x="201.75" y="595.97" angle="178.85" type="DEFAULT_VEHTYPE" speed="12.98" pos="0.72" lane=":1/3_8_0" slope="0.00"/>
        <vehicle id="8" x="617.84" y="201.65" angle="-90.00" type="DEFAULT_VEHTYPE" speed="8.02" pos="182.16" lane="4/1to3/1_0" slope="0.00"/>
        <vehicle id="9" x="198.35" y="315.55" angle="0.00" type="DEFAULT_VEHTYPE" speed="12.64" pos="79.70" lane="1/2to1/1_0" slope="0.00"/>
    </timestep>
    <timestep time="330.00">
        <vehicle id="0" x="548.79" y="198.35" angle="90.00" type="DEFAULT_VEHTYPE" speed="13.17" pos="144.04" lane="2/1to3/1_0" slope="0.00"/>
        <vehicle id="1" x="601.65" y="359.57" angle="180.00" type="DEFAULT_VEHTYPE" speed="13.14" pos="154.82" lane="3/1to3/2_0" slope="0.00"/>
        <vehicle id="11" x="417.18" y="401.65" angle="-90.00" type="DEFAULT_VEHTYPE" speed="8.94" pos="178.07" lane="3/2to2/2_0" slope="0.00"/>
        <vehicle id="12" x="601.65" y="223.71" angle="180.00" type="DEFAULT_VEHTYPE" speed="11.22" pos="18.96" lane="3/1to3/2_0" slope="0.00"/>
        <vehicle id="14" x="398.35" y="343.04" angle="0.00" type="DEFAULT_VEHTYPE" speed="13.77" pos="52.21" lane="2/2to2/1_0" slope="0.00"/>
        <vehicle id="15" x="389.87" y="198.35" angle="90.00" type="DEFAULT_VEHTYPE" speed="2.63" pos="185.12" lane="1/1to2/1_0" slope="0.00"/>
        <vehicle id="16" x="441.71" y="198.35" angle="90.00" type="DEFAULT_VEHTYPE" speed="13.22" pos="36.96" lane="2/1to3/1_0" slope="0.00"/>
        <vehicle id="17" x="398.35" y="577.19" angle="0.00" type="DEFAULT_VEHTYPE" speed="13.19" pos="18.06" lane="2/3to2/2_0" slope="0.00"/>
        <vehicle id="18" x="398.35" y="788.87" angle="0.00" type="DEFAULT_VEHTYPE" speed="13.89" pos="11.13" lane="2/4to2/3_0" slope="0.00"/>
        <vehicle id="19" x="398.35" y="263.32" angle="0.00" type="DEFAULT_VEHTYPE" speed="13.88" pos="131.93" lane="2/2to2/1_0" slope="0.00"/>
        <vehicle id="2" x="577.51" y="198.35" angle="90.00" type="DEFAULT_VEHTYPE" speed="10.05" pos="172.76" lane="2/1to3/1_0" slope="0.00"/>
        <vehicle id="20" x="398.35" y="389.52" angle="0.00" type="DEFAULT_VEHTYPE" speed="9.35" pos="5.73" lane="2/2to2/1_0" slope="0.00"/>
        <vehicle id="21" x="512.82" y="198.35" angle="90.00" type="DEFAULT_VEHTYPE" speed="13.50" pos="108.07" lane="2/1to3/1_0" slope="0.00"/>
        <vehicle id="22" x="194.00" y="198.35" angle="90.00" type="DEFAULT_VEHTYPE" speed="3.97" pos="194.00" lane="0/1to1/1_0" slope="0.00"/>
        <vehicle id="23" x="630.21" y="201.65" angle="-90.00" type="DEFAULT_VEHTYPE" speed="9.77" pos="169.79" lane="4/1to3/1_0" slope="0.00"/>
        <vehicle id="24" x="472.98" y="198.35" angle="90.00" type="DEFAULT_VEHTYPE" speed="13.60" pos="68.23" lane="2/1to3/1_0" slope="0.00"/>
        <vehicle id="3" x="601.65" y="300.07" angle="180.00" type="DEFAULT_VEHTYPE" speed="13.84" pos="95.32" lane="3/1to3/2_0" slope="0.00"/>
        <vehicle id="4" x="601.65" y="322.76" angle="180.00" type="DEFAULT_VEHTYPE" speed="12.78" pos="118.01" lane="3/1to3/2_0" slope="0.00"/>
        <vehicle id="5" x="401.65" y="762.57" angle="180.00" type="DEFAULT_VEHTYPE" speed="13.69" pos="157.82" lane="2/3to2/4_0" slope="0.00"/>
        <vehicle id="6" x="666.30" y="198.35" angle="90.00" type="DEFAULT_VEHTYPE" speed="12.75" pos="61.55" lane="3/1to4/1_0" slope="0.00"/>
        <vehicle id="7" x="213.41" y="598.35" angle="90.00" type="DEFAULT_VEHTYPE" speed="12.94" pos="8.66" lane="1/3to2/3_0" slope="0.00"/>
        <vehicle id="8" x="612.82" y="201.65" angle="-90.00" type="DEFAULT_VEHTYPE" speed="5.02" pos="187.18" lane="4/1to3/1_0" slope="0.00"/>
        <vehicle id="9" x="198.35" y="302.08" angle="0.00" type="DEFAULT_VEHTYPE" speed="13.47" pos="93.17" lane="1/2to1/1_0" slope="0.00"/>
    </timestep>
    <timestep time="331.00">
        <vehicle id="0" x="561.67" y="198.35" angle="90.00" type="DEFAULT_VEHTYPE" speed="12.88" pos="156.92" lane="2/1to3/1_0" slope="0.00"/>
        <vehicle id="1" x="601.65" y="372.41" angle="180.00" type="DEFAULT_VEHTYPE" speed="12.84" pos="167.66" lane="3/1to3/2_0" slope="0.00"/>
        <vehicle id="11" x="411.28" y="401.65" angle="-90.00" type="DEFAULT_VEHTYPE" speed="5.90" pos="183.97" lane="3/2to2/2_0" slope="0.00"/>
        <vehicle id="12" x="601.65" y="236.44" angle="180.00" type="DEFAULT_VEHTYPE" speed="12.73" pos="31.69" lane="3/1to3/2_0" slope="0.00"/>
        <vehicle id="14" x="398.35" y="329.74" angle="0.00" type="DEFAULT_VEHTYPE" speed="13.30" pos="65.51" lane="2/2to2/1_0" slope="0.00"/>
        <vehicle id="15" x="394.85" y="198.35" angle="90.00" type="DEFAULT_VEHTYPE" speed="4.98" pos="190.10" lane="1/1to2/1_0" slope="0.00"/>
        <vehicle id="16" x="455.41" y="198.35" angle="90.00" type="DEFAULT_VEHTYPE" speed="13.70" pos="50.66" lane="2/1to3/1_0" slope="0.00"/>
        <vehicle id="17" x="398.35" y="563.77" angle="0.00" type="DEFAULT_VEHTYPE" speed="13.41" pos="31.48" lane="2/3to2/2_0" slope="0.00"/>
        <vehicle id="18" x="398.35" y="776.08" angle="0.00" type="DEFAULT_VEHTYPE" speed="12.79" pos="23.92" lane="2/4to2/3_0" slope="0.00"/>
        <vehicle id="19" x="398.35" y="249.65" angle="0.00" type="DEFAULT_VEHTYPE" speed="13.66" pos="145.60" lane="2/2to2/1_0" slope="0.00"/>
        <vehicle id="2" x="585.20" y="198.35" angle="90.00" type="DEFAULT_VEHTYPE" speed="7.70" pos="180.45" lane="2/1to3/1_0" slope="0.00"/>
        <vehicle id="20" x="398.35" y="378.65" angle="0.00" type="DEFAULT_VEHTYPE" speed="10.87" pos="16.60" lane="2/2to2/1_0" slope="0.00"/>
        <vehicle id="21" x="526.47" y="198.35" angle="90.00" type="DEFAULT_VEHTYPE" speed="13.64" pos="121.72" lane="2/1to3/1_0" slope="0.00"/>
        <vehicle id="22" x="198.31" y="195.54" angle="50.11" type="DEFAULT_VEHTYPE" speed="5.96" pos="4.70" lane=":1/1_12_0" slope="0.00"/>
        <vehicle id="23" x="623.96" y="201.65" angle="-90.00" type="DEFAULT_VEHTYPE" speed="6.24" pos="176.04" lane="4/1to3/1_0" slope="0.00"/>
        <vehicle id="24" x="486.08" y="198.35" angle="90.00" type="DEFAULT_VEHTYPE" speed="13.10" pos="81.33" lane="2/1to3/1_0" slope="0.00"/>
        <vehicle id="3" x="601.65" y="312.90" angle="180.00" type="DEFAULT_VEHTYPE" speed="12.83" pos="108.15" lane="3/1to3/2_0" slope="0.00"/>
        <vehicle id="4" x="601.65" y="335.42" angle="180.00" type="DEFAULT_VEHTYPE" speed="12.66" pos="130.67" lane="3/1to3/2_0" slope="0.00"/>
        <vehicle id="5" x="401.65" y="775.39" angle="180.00" type="DEFAULT_VEHTYPE" speed="12.82" pos="170.64" lane="2/3to2/4_0" slope="0.00"/>
        <vehicle id="6" x="679.77" y="198.35" angle="90.00" type="DEFAULT_VEHTYPE" speed="13.47" pos="75.02" lane="3/1to4/1_0" slope="0.00"/>
        <vehicle id="7" x="226.20" y="598.35" angle="90.00" type="DEFAULT_VEHTYPE" speed="12.79" pos="21.45" lane="1/3to2/3_0" slope="0.00"/>
        <vehicle id="8" x="609.29" y="201.65" angle="-90.00" type="DEFAULT_VEHTYPE" speed="3.54" pos="190.71" lane="4/1to3/1_0" slope="0.00"/>
        <vehicle id="9" x="198.35" y="288.37" angle="0.00" type="DEFAULT_VEHTYPE" speed="13.71" pos="106.88" lane="1/2to1/1_0" slope="0.00"/>
    </timestep>
    <timestep time="332.00">
        <vehicle id="0" x="572.11" y="198.35" angle="90.00" type="DEFAULT_VEHTYPE" speed="10.43" pos="167.36" lane="2/1to3/1_0" slope="0.00"/>
        <vehicle id="1" x="601.65" y="381.86" angle="180.00" type="DEFAULT_VEHTYPE" speed="9.45" pos="177.11" lane="3/1to3/2_0" slope="0.00"/>
        <vehicle id="11" x="404.02" y="401.55" angle="-88.81" type="DEFAULT_VEHTYPE" speed="7.27" pos="0.74" lane=":2/2_6_0" slope="0.00"/>
        <vehicle id="12" x="601.65" y="249.92" angle="180.00" type="DEFAULT_VEHTYPE" speed="13.48" pos="45.17" lane="3/1to3/2_0" slope="0.00"/>
        <vehicle id="14" x="398.35" y="316.62" angle="0.00" type="DEFAULT_VEHTYPE" speed="13.12" pos="78.63" lane="2/2to2/1_0" slope="0.00"/>
        <vehicle id="15" x="402.15" y="198.35" angle="90.00" type="DEFAULT_VEHTYPE" speed="7.30" pos="6.90" lane=":2/1_13_0" slope="0.00"/>
        <vehicle id="16" x="469.06" y="198.35" angle="90.00" type="DEFAULT_VEHTYPE" speed="13.65" pos="64.31" lane="2/1to3/1_0" slope="0.00"/>
        <vehicle id="17" x="398.35" y="550.21" angle="0.00" type="DEFAULT_VEHTYPE" speed="13.57" pos="45.04" lane="2/3to2/2_0" slope="0.00"/>
        <vehicle id="18" x="398.35" y="762.33" angle="0.00" type="DEFAULT_VEHTYPE" speed="13.75" pos="37.67" lane="2/4to2/3_0" slope="0.00"/>
        <vehicle id="19" x="398.35" y="236.51" angle="0.00" type="DEFAULT_VEHTYPE" speed="13.15" pos="158.74" lane="2/2to2/1_0" slope="0.00"/>
        <vehicle id="2" x="589.89" y="198.35" angle="90.00" type="DEFAULT_VEHTYPE" speed="4.69" pos="185.14" lane="2/1to3/1_0" slope="0.00"/>
        <vehicle id="20" x="398.35" y="366.32" angle="0.00" type="DEFAULT_VEHTYPE" speed="12.33" pos="28.93" lane="2/2to2/1_0" slope="0.00"/>
        <vehicle id="21" x="540.20" y="198.35" angle="90.00" type="DEFAULT_VEHTYPE" speed="13.73" pos="135.45" lane="2/1to3/1_0" slope="0.00"/>
        <vehicle id="22" x="198.35" y="187.47" angle="0.00" type="DEFAULT_VEHTYPE" speed="8.07" pos="7.78" lane="1/1to1/0_0" slope="0.00"/>
        <vehicle id="23" x="619.36" y="201.65" angle="-90.00" type="DEFAULT_VEHTYPE" speed="4.61" pos="180.64" lane="4/1to3/1_0" slope="0.00"/>
        <vehicle id="24" x="498.83" y="198.35" angle="90.00" type="DEFAULT_VEHTYPE" speed="12.74" pos="94.08" lane="2/1to3/1_0" slope="0.00"/>
        <vehicle id="3" x="601.65" y="326.05" angle="180.00" type="DEFAULT_VEHTYPE" speed="13.15" pos="121.30" lane="3/1to3/2_0" slope="0.00"/>
        <vehicle id="4" x="601.65" y="348.69" angle="180.00" type="DEFAULT_VEHTYPE" speed="13.28" pos="143.94" lane="3/1to3/2_0" slope="0.00"/>
        <vehicle id="5" x="401.65" y="789.09" angle="180.00" type="DEFAULT_VEHTYPE" speed="13.70" pos="184.34" lane="2/3to2/4_0" slope="0.00"/>
        <vehicle id="6" x="692.38" y="198.35" angle="90.00" type="DEFAULT_VEHTYPE" speed="12.61" pos="87.63" lane="3/1to4/1_0" slope="0.00"/>
        <vehicle id="7" x="240.02" y="598.35" angle="90.00" type="DEFAULT_VEHTYPE" speed="13.82" pos="35.27" lane="1/3to2/3_0" slope="0.00"/>
        <vehicle id="8" x="603.54" y="201.82" angle="-91.94" type="DEFAULT_VEHTYPE" speed="5.76" pos="1.22" lane=":3/1_4_0" slope="0.00"/>
        <vehicle id="9" x="198.35" y="274.70" angle="0.00" type="DEFAULT_VEHTYPE" speed="13.67" pos="120.55" lane="1/2to1/1_0" slope="0.00"/>
    </timestep>
    <timestep time="333.00">
        <vehicle id="0" x="579.43" y="198.35" angle="90.00" type="DEFAULT_VEHTYPE" speed="7.32" pos="174.68" lane="2/1to3/1_0" slope="0.00"/>
        <vehicle id="1" x="601.65" y="387.31" angle="180.00" type="DEFAULT_VEHTYPE" speed="5.45" pos="182.56" lane="3/1to3/2_0" slope="0.00"/>
        <vehicle id="11" x="398.40" y="395.61" angle="-20.82" type="DEFAULT_VEHTYPE" speed="9.22" pos="9.95" lane=":2/2_6_0" slope="0.00"/>
        <vehicle id="12" x="601.65" y="262.62" angle="180.00" type="DEFAULT_VEHTYPE" speed="12.70" pos="57.87" lane="3/1to3/2_0" slope="0.00"/>
        <vehicle id="14" x="398.35" y="302.85" angle="0.00" type="DEFAULT_VEHTYPE" speed="13.77" pos="92.40" lane="2/2to2/1_0" slope="0.00"/>
        <vehicle id="15" x="411.06" y="198.35" angle="90.00" type="DEFAULT_VEHTYPE" speed="8.91" pos="6.31" lane="2/1to3/1_0" slope="0.00"/>
        <vehicle id="16" x="482.30" y="198.35" angle="90.00" type="DEFAULT_VEHTYPE" speed="13.24" pos="77.55" lane="2/1to3/1_0" slope="0.00"/>
        <vehicle id="17" x="398.35" y="536.47" angle="0.00" type="DEFAULT_VEHTYPE" speed="13.74" pos="58.78" lane="2/3to2/2_0" slope="0.00"/>
        <vehicle id="18" x="398.35" y="748.98" angle="0.00" type="DEFAULT_VEHTYPE" speed="13.35" pos="51.02" lane="2/4to2/3_0" slope="0.00"/>
        <vehicle id="19" x="398.35" y="223.71" angle="0.00" type="DEFAULT_VEHTYPE" speed="12.80" pos="171.54" lane="2/2to2/1_0" slope="0.00"/>
        <vehicle id="2" x="597.17" y="198.35" angle="90.00" type="DEFAULT_VEHTYPE" speed="7.28" pos="1.92" lane=":3/1_13_0" slope="0.00"/>
        <vehicle id="20" x="398.35" y="353.72" angle="0.00" type="DEFAULT_VEHTYPE" speed="12.60" pos="41.53" lane="2/2to2/1_0" slope="0.00"/>
        <vehicle id="21" x="553.19" y="198.35" angle="90.00" type="DEFAULT_VEHTYPE" speed="12.99" pos="148.44" lane="2/1to3/1_0" slope="0.00"/>
        <vehicle id="22" x="198.35" y="177.99" angle="0.00" type="DEFAULT_VEHTYPE" speed="9.48" pos="17.26" lane="1/1to1/0_0" slope="0.00"/>
        <vehicle id="23" x="612.79" y="201.65" angle="-90.00" type="DEFAULT_VEHTYPE" speed="6.57" pos="187.21" lane="4/1to3/1_0" slope="0.00"/>
        <vehicle id="24" x="511.73" y="198.35" angle="90.00" type="DEFAULT_VEHTYPE" speed="12.90" pos="106.98" lane="2/1to3/1_0" slope="0.00"/>
        <vehicle id="3" x="601.65" y="339.24" angle="180.00" type="DEFAULT_VEHTYPE" speed="13.20" pos="134.49" lane="3/1to3/2_0" slope="0.00"/>
        <vehicle id="4" x="601.65" y="361.42" angle="180.00" type="DEFAULT_VEHTYPE" speed="12.73" pos="156.67" lane="3/1to3/2_0" slope="0.00"/>
        <vehicle id="5" x="399.64" y="801.47" angle="-151.27" type="DEFAULT_VEHTYPE" speed="13.72" pos="2.81" lane=":2/4_0_0" slope="0.00"/>
        <vehicle id="6" x="705.41" y="198.35" angle="90.00" type="DEFAULT_VEHTYPE" speed="13.03" pos="100.66" lane="3/1to4/1_0" slope="0.00"/>
        <vehicle id="7" x="253.37" y="598.35" angle="90.00" type="DEFAULT_VEHTYPE" speed="13.34" pos="48.62" lane="1/3to2/3_0" slope="0.00"/>
        <vehicle id="8" x="601.65" y="208.53" angle="-178.05" type="DEFAULT_VEHTYPE" speed="7.55" pos="3.78" lane="3/1to3/2_0" slope="0.00"/>
        <vehicle id="9" x="198.35" y="260.95" angle="0.00" type="DEFAULT_VEHTYPE" speed="13.75" pos="134.30" lane="1/2to1/1_0" slope="0.00"/>
    </timestep>
    <timestep time="334.00">
        <vehicle id="0" x="585.52" y="198.35" angle="90.00" type="DEFAULT_VEHTYPE" speed="6.09" pos="180.77" lane="2/1to3/1_0" slope="0.00"/>
        <vehicle id="1" x="601.65" y="390.29" angle="180.00" type="DEFAULT_VEHTYPE" speed="2.98" pos="185.54" lane="3/1to3/2_0" slope="0.00"/>
        <vehicle id="11" x="398.35" y="384.71" angle="0.00" type="DEFAULT_VEHTYPE" speed="10.90" pos="10.54" lane="2/2to2/1_0" slope="0.00"/>
        <vehicle id="12" x="601.65" y="276.30" angle="180.00" type="DEFAULT_VEHTYPE" speed="13.68" pos="71.55" lane="3/1to3/2_0" slope="0.00"/>
        <vehicle id="14" x="398.35" y="290.12" angle="0.00" type="DEFAULT_VEHTYPE" speed="12.73" pos="105.13" lane="2/2to2/1_0" slope="0.00"/>
        <vehicle id="15" x="421.87" y="198.35" angle="90.00" type="DEFAULT_VEHTYPE" speed="10.81" pos="17.12" lane="2/1to3/1_0" slope="0.00"/>
        <vehicle id="16" x="496.05" y="198.35" angle="90.00" type="DEFAULT_VEHTYPE" speed="13.75" pos="91.30" lane="2/1to3/1_0" slope="0.00"/>
        <vehicle id="17" x="398.35" y="522.74" angle="0.00" type="DEFAULT_VEHTYPE" speed="13.73" pos="72.51" lane="2/3to2/2_0" slope="0.00"/>
        <vehicle id="18" x="398.35" y="735.31" angle="0.00" type="DEFAULT_VEHTYPE" speed="13.67" pos="64.69" lane="2/4to2/3_0" slope="0.00"/>
        <vehicle id="19" x="398.35" y="210.70" angle="0.00" type="DEFAULT_VEHTYPE" speed="13.01" pos="184.55" lane="2/2to2/1_0" slope="0.00"/>
        <vehicle id="2" x="606.16" y="198.35" angle="90.00" type="DEFAULT_VEHTYPE" speed="8.99" pos="1.41" lane="3/1to4/1_0" slope="0.00"/>
        <vehicle id="20" x="398.35" y="340.63" angle="0.00" type="DEFAULT_VEHTYPE" speed="13.09" pos="54.62" lane="2/2to2/1_0" slope="0.00"/>
        <vehicle id="21" x="564.37" y="198.35" angle="90.00" type="DEFAULT_VEHTYPE" speed="11.18" pos="159.62" lane="2/1to3/1_0" slope="0.00"/>
        <vehicle id="22" x="198.35" y="166.61" angle="0.00" type="DEFAULT_VEHTYPE" speed="11.38" pos="28.64" lane="1/1to1/0_0" slope="0.00"/>
        <vehicle id="23" x="609.35" y="201.65" angle="-90.00" type="DEFAULT_VEHTYPE" speed="3.44" pos="190.65" lane="4/1to3/1_0" slope="0.00"/>
        <vehicle id="24" x="524.70" y="198.35" angle="90.00" type="DEFAULT_VEHTYPE" speed="12.97" pos="119.95" lane="2/1to3/1_0" slope="0.00"/>
        <vehicle id="3" x="601.65" y="351.60" angle="180.00" type="DEFAULT_VEHTYPE" speed="12.35" pos="146.85" lane="3/1to3/2_0" slope="0.00"/>
        <vehicle id="4" x="601.65" y="371.48" angle="180.00" type="DEFAULT_VEHTYPE" speed="10.06" pos="166.73" lane="3/1to3/2_0" slope="0.00"/>
        <vehicle id="5" x="398.35" y="788.67" angle="0.00" type="DEFAULT_VEHTYPE" speed="13.34" pos="11.33" lane="2/4to2/3_0" slope="0.00"/>
        <vehicle id="6" x="718.43" y="198.35" angle="90.00" type="DEFAULT_VEHTYPE" speed="13.02" pos="113.68" lane="3/1to4/1_0" slope="0.00"/>
        <vehicle id="7" x="266.82" y="598.35" angle="90.00" type="DEFAULT_VEHTYPE" speed="13.46" pos="62.07" lane="1/3to2/3_0" slope="0.00"/>
        <vehicle id="8" x="601.65" y="218.06" angle="180.00" type="DEFAULT_VEHTYPE" speed="9.54" pos="13.31" lane="3/1to3/2_0" slope="0.00"/>
        <vehicle id="9" x="198.35" y="247.94" angle="0.00" type="DEFAULT_VEHTYPE" speed="13.02" pos="147.31" lane="1/2to1/1_0" slope="0.00"/>
    </timestep>
    <timestep time="335.00">
        <vehicle id="0" x="589.60" y="198.35" angle="90.00" type="DEFAULT_VEHTYPE" speed="4.08" pos="184.85" lane="2/1to3/1_0" slope="0.00"/>
        <vehicle id="1" x="601.65" y="394.87" angle="180.00" type="DEFAULT_VEHTYPE" speed="4.59" pos="190.12" lane="3/1to3/2_0" slope="0.00"/>
        <vehicle id="11" x="398.35" y="371.99" angle="0.00" type="DEFAULT_VEHTYPE" speed="12.73" pos="23.26" lane="2/2to2/1_0" slope="0.00"/>
        <vehicle id="12" x="601.65" y="289.40" angle="180.00" type="DEFAULT_VEHTYPE" speed="13.10" pos="84.65" lane="3/1to3/2_0" slope="0.00"/>
        <vehicle id="14" x="398.35" y="277.32" angle="0.00" type="DEFAULT_VEHTYPE" speed="12.80" pos="117.93" lane="2/2to2/1_0" slope="0.00"/>
        <vehicle id="15" x="434.76" y="198.35" angle="90.00" type="DEFAULT_VEHTYPE" speed="12.89" pos="30.01" lane="2/1to3/1_0" slope="0.00"/>
        <vehicle id="16" x="509.43" y="198.35" angle="90.00" type="DEFAULT_VEHTYPE" speed="13.38" pos="104.68" lane="2/1to3/1_0" slope="0.00"/>
        <vehicle id="17" x="398.35" y="509.29" angle="0.00" type="DEFAULT_VEHTYPE" speed="13.44" pos="85.96" lane="2/3to2/2_0" slope="0.00"/>
        <vehicle id="18" x="398.35" y="722.23" angle="0.00" type="DEFAULT_VEHTYPE" speed="13.08" pos="77.77" lane="2/4to2/3_0" slope="0.00"/>
        <vehicle id="19" x="392.49" y="201.65" angle="-82.52" type="DEFAULT_VEHTYPE" speed="13.71" pos="2.76" lane="2/1to1/1_0" slope="0.00"/>
        <vehicle id="2" x="616.90" y="198.35" angle="90.00" type="DEFAULT_VEHTYPE" speed="10.75" pos="12.15" lane="3/1to4/1_0" slope="0.00"/>
        <vehicle id="20" x="398.35" y="327.08" angle="0.00" type="DEFAULT_VEHTYPE" speed="13.55" pos="68.17" lane="2/2to2/1_0" slope="0.00"/>
        <vehicle id="21" x="572.85" y="198.35" angle="90.00" type="DEFAULT_VEHTYPE" speed="8.48" pos="168.10" lane="2/1to3/1_0" slope="0.00"/>
        <vehicle id="22" x="198.35" y="153.77" angle="0.00" type="DEFAULT_VEHTYPE" speed="12.83" pos="41.48" lane="1/1to1/0_0" slope="0.00"/>
        <vehicle id="23" x="604.57" y="201.67" angle="-90.28" type="DEFAULT_VEHTYPE" speed="4.77" pos="0.18" lane=":3/1_4_0" slope="0.00"/>
        <vehicle id="24" x="537.81" y="198.35" angle="90.00" type="DEFAULT_VEHTYPE" speed="13.11" pos="133.06" lane="2/1to3/1_0" slope="0.00"/>
        <vehicle id="3" x="601.65" y="361.79" angle="180.00" type="DEFAULT_VEHTYPE" speed="10.20" pos="157.04" lane="3/1to3/2_0" slope="0.00"/>
        <vehicle id="4" x="601.65" y="377.80" angle="180.00" type="DEFAULT_VEHTYPE" speed="6.32" pos="173.05" lane="3/1to3/2_0" slope="0.00"/>
        <vehicle id="5" x="398.35" y="774.92" angle="0.00" type="DEFAULT_VEHTYPE" speed="13.75" pos="25.08" lane="2/4to2/3_0" slope="0.00"/>
        <vehicle id="6" x="732.28" y="198.35" angle="90.00" type="DEFAULT_VEHTYPE" speed="13.85" pos="127.53" lane="3/1to4/1_0" slope="0.00"/>
        <vehicle id="7" x="279.90" y="598.35" angle="90.00" type="DEFAULT_VEHTYPE" speed="13.08" pos="75.15" lane="1/3to2/3_0" slope="0.00"/>
        <vehicle id="8" x="601.65" y="229.66" angle="180.00" type="DEFAULT_VEHTYPE" speed="11.60" pos="24.91" lane="3/1to3/2_0" slope="0.00"/>
        <vehicle id="9" x="198.35" y="234.82" angle="0.00" type="DEFAULT_VEHTYPE" speed="13.12" pos="160.43" lane="1/2to1/1_0" slope="0.00"/>
    </timestep>
    <timestep time="336.00">
        <vehicle id="0" x="591.50" y="198.35" angle="90.00" type="DEFAULT_VEHTYPE" speed="1.90" pos="186.75" lane="2/1to3/1_0" slope="0.00"/>
        <vehicle id="1" x="599.38" y="400.45" angle="-153.41" type="DEFAULT_VEHTYPE" speed="6.32" pos="5.94" lane=":3/2_10_0" slope="0.00"/>
        <vehicle id="11" x="398.35" y="358.97" angle="0.00" type="DEFAULT_VEHTYPE" speed="13.02" pos="36.28" lane="2/2to2/1_0" slope="0.00"/>
        <vehicle id="12" x="601.65" y="302.70" angle="180.00" type="DEFAULT_VEHTYPE" speed="13.30" pos="97.95" lane="3/1to3/2_0" slope="0.00"/>
        <vehicle id="14" x="398.35" y="263.70" angle="0.00" type="DEFAULT_VEHTYPE" speed="13.62" pos="131.55" lane="2/2to2/1_0" slope="0.00"/>
        <vehicle id="15" x="447.45" y="198.35" angle="90.00" type="DEFAULT_VEHTYPE" speed="12.69" pos="42.70" lane="2/1to3/1_0" slope="0.00"/>
        <vehicle id="16" x="522.53" y="198.35" angle="90.00" type="DEFAULT_VEHTYPE" speed="13.10" pos="117.78" lane="2/1to3/1_0" slope="0.00"/>
        <vehicle id="17" x="398.35" y="495.58" angle="0.00" type="DEFAULT_VEHTYPE" speed="13.71" pos="99.67" lane="2/3to2/2_0" slope="0.00"/>
        <vehicle id="18" x="398.35" y="708.80" angle="0.00" type="DEFAULT_VEHTYPE" speed="13.43" pos="91.20" lane="2/4to2/3_0" slope="0.00"/>
        <vehicle id="19" x="378.91" y="201.65" angle="-90.00" type="DEFAULT_VEHTYPE" speed="13.59" pos="16.34" lane="2/1to1/1_0" slope="0.00"/>
        <vehicle id="2" x="629.22" y="198.35" angle="90.00" type="DEFAULT_VEHTYPE" speed="12.31" pos="24.47" lane="3/1to4/1_0" slope="0.00"/>
        <vehicle id="20" x="398.35" y="313.89" angle="0.00" type="DEFAULT_VEHTYPE" speed="13.18" pos="81.36" lane="2/2to2/1_0" slope="0.00"/>
        <vehicle id="21" x="577.40" y="198.35" angle="90.00" type="DEFAULT_VEHTYPE" speed="4.55" pos="172.65" lane="2/1to3/1_0" slope="0.00"/>
        <vehicle id="22" x="198.35" y="140.83" angle="0.00" type="DEFAULT_VEHTYPE" speed="12.94" pos="54.42" lane="1/1to1/0_0" slope="0.00"/>
        <vehicle id="23" x="601.65" y="206.49" angle="-162.29" type="DEFAULT_VEHTYPE" speed="6.56" pos="1.74" lane="3/1to3/2_0" slope="0.00"/>
        <vehicle id="24" x="550.49" y="198.35" angle="90.00" type="DEFAULT_VEHTYPE" speed="12.68" pos="145.74" lane="2/1to3/1_0" slope="0.00"/>
        <vehicle id="3" x="601.65" y="367.90" angle="180.00" type="DEFAULT_VEHTYPE" speed="6.11" pos="163.15" lane="3/1to3/2_0" slope="0.00"/>
        <vehicle id="4" x="601.65" y="384.50" angle="180.00" type="DEFAULT_VEHTYPE" speed="6.71" pos="179.75" lane="3/1to3/2_0" slope="0.00"/>
        <vehicle id="5" x="398.35" y="762.00" angle="0.00" type="DEFAULT_VEHTYPE" speed="12.92" pos="38.00" lane="2/4to2/3_0" slope="0.00"/>
        <vehicle id="6" x="746.03" y="198.35" angle="90.00" type="DEFAULT_VEHTYPE" speed="13.75" pos="141.28" lane="3/1to4/1_0" slope="0.00"/>
        <vehicle id="7" x="293.33" y="598.35" angle="90.00" type="DEFAULT_VEHTYPE" speed="13.43" pos="88.58" lane="1/3to2/3_0" slope="0.00"/>
        <vehicle id="8" x="601.65" y="242.30" angle="180.00" type="DEFAULT_VEHTYPE" speed="12.64" pos="37.55" lane="3/1to3/2_0" slope="0.00"/>
        <vehicle id="9" x="198.35" y="221.45" angle="0.00" type="DEFAULT_VEHTYPE" speed="13.37" pos="173.80" lane="1/2to1/1_0" slope="0.00"/>
    </timestep>
    <timestep time="337.00">
        <vehicle id="0" x="595.56" y="198.39" angle="90.51" type="DEFAULT_VEHTYPE" speed="4.07" pos="0.32" lane=":3/1_14_0" slope="0.00"/>
        <vehicle id="1" x="590.98" y="401.65" angle="-91.18" type="DEFAULT_VEHTYPE" speed="8.65" pos="4.27" lane="3/2to2/2_0" slope="0.00"/>
        <vehicle id="11" x="398.35" y="345.13" angle="0.00" type="DEFAULT_VEHTYPE" speed="13.84" pos="50.12" lane="2/2to2/1_0" slope="0.00"/>
        <vehicle id="12" x="601.65" y="315.58" angle="180.00" type="DEFAULT_VEHTYPE" speed="12.88" pos="110.83" lane="3/1to3/2_0" slope="0.00"/>
        <vehicle id="14" x="398.35" y="249.83" angle="0.00" type="DEFAULT_VEHTYPE" speed="13.87" pos="145.42" lane="2/2to2/1_0" slope="0.00"/>
        <vehicle id="15" x="460.78" y="198.35" angle="90.00" type="DEFAULT_VEHTYPE" speed="13.33" pos="56.03" lane="2/1to3/1_0" slope="0.00"/>
        <vehicle id="16" x="535.41" y="198.35" angle="90.00" type="DEFAULT_VEHTYPE" speed="12.88" pos="130.66" lane="2/1to3/1_0" slope="0.00"/>
        <vehicle id="17" x="398.35" y="482.88" angle="0.00" type="DEFAULT_VEHTYPE" speed="12.70" pos="112.37" lane="2/3to2/2_0" slope="0.00"/>
        <vehicle id="18" x="398.35" y="695.63" angle="0.00" type="DEFAULT_VEHTYPE" speed="13.17" pos="104.37" lane="2/4to2/3_0" slope="0.00"/>
        <vehicle id="19" x="365.34" y="201.65" angle="-90.00" type="DEFAULT_VEHTYPE" speed="13.57" pos="29.91" lane="2/1to1/1_0" slope="0.00"/>
        <vehicle id="2" x="641.87" y="198.35" angle="90.00" type="DEFAULT_VEHTYPE" speed="12.65" pos="37.12" lane="3/1to4/1_0" slope="0.00"/>
        <vehicle id="20" x="398.35" y="300.54" angle="0.00" type="DEFAULT_VEHTYPE" speed="13.35" pos="94.71" lane="2/2to2/1_0" slope="0.00"/>
        <vehicle id="21" x="581.21" y="198.35" angle="90.00" type="DEFAULT_VEHTYPE" speed="3.81" pos="176.46" lane="2/1to3/1_0" slope="0.00"/>
        <vehicle id="22" x="198.35" y="127.53" angle="0.00" type="DEFAULT_VEHTYPE" speed="13.30" pos="67.72" lane="1/1to1/0_0" slope="0.00"/>
        <vehicle id="23" x="601.65" y="215.00" angle="180.00" type="DEFAULT_VEHTYPE" speed="8.51" pos="10.25" lane="3/1to3/2_0" slope="0.00"/>
        <vehicle id="24" x="560.79" y="198.35" angle="90.00" type="DEFAULT_VEHTYPE" speed="10.30" pos="156.04" lane="2/1to3/1_0" slope="0.00"/>
        <vehicle id="3" x="601.65" y="375.36" angle="180.00" type="DEFAULT_VEHTYPE" speed="7.46" pos="170.61" lane="3/1to3/2_0" slope="0.00"/>
        <vehicle id="4" x="601.65" y="388.51" angle="180.00" type="DEFAULT_VEHTYPE" speed="4.01" pos="183.76" lane="3/1to3/2_0" slope="0.00"/>
        <vehicle id="5" x="398.35" y="748.20" angle="0.00" type="DEFAULT_VEHTYPE" speed="13.80" pos="51.80" lane="2/4to2/3_0" slope="0.00"/>
        <vehicle id="6" x="759.90" y="198.35" angle="90.00" type="DEFAULT_VEHTYPE" speed="13.86" pos="155.15" lane="3/1to4/1_0" slope="0.00"/>
        <vehicle id="7" x="306.28" y="598.35" angle="90.00" type="DEFAULT_VEHTYPE" speed="12.95" pos="101.53" lane="1/3to2/3_0" slope="0.00"/>
        <vehicle id="8" x="601.65" y="255.76" angle="180.00" type="DEFAULT_VEHTYPE" speed="13.47" pos="51.01" lane="3/1to3/2_0" slope="0.00"/>
        <vehicle id="9" x="198.35" y="207.60" angle="0.00" type="DEFAULT_VEHTYPE" speed="13.85" pos="187.65" lane="1/2to1/1_0" slope="0.00"/>
    </timestep>
    <timestep time="338.00">
        <vehicle id="0" x="600.59" y="200.84" angle="119.24" type="DEFAULT_VEHTYPE" speed="5.88" pos="6.20" lane=":3/1_14_0" slope="0.00"/>
        <vehicle id="1" x="580.86" y="401.65" angle="-90.00" type="DEFAULT_VEHTYPE" speed="10.12" pos="14.39" lane="3/2to2/2_0" slope="0.00"/>
        <vehicle id="11" x="398.35" y="331.48" angle="0.00" type="DEFAULT_VEHTYPE" speed="13.65" pos="63.77" lane="2/2to2/1_0" slope="0.00"/>
        <vehicle id="12" x="601.65" y="328.88" angle="180.00" type="DEFAULT_VEHTYPE" speed="13.30" pos="124.13" lane="3/1to3/2_0" slope="0.00"/>
        <vehicle id="14" x="398.35" y="237.06" angle="0.00" type="DEFAULT_VEHTYPE" speed="12.77" pos="158.19" lane="2/2to2/1_0" slope="0.00"/>
        <vehicle id="15" x="474.17" y="198.35" angle="90.00" type="DEFAULT_VEHTYPE" speed="13.38" pos="69.42" lane="2/1to3/1_0" slope="0.00"/>
        <vehicle id="16" x="546.89" y="198.35" angle="90.00" type="DEFAULT_VEHTYPE" speed="11.49" pos="142.14" lane="2/1to3/1_0" slope="0.00"/>
        <vehicle id="17" x="398.35" y="470.10" angle="0.00" type="DEFAULT_VEHTYPE" speed="12.77" pos="125.15" lane="2/3to2/2_0" slope="0.00"/>
        <vehicle id="18" x="398.35" y="682.69" angle="0.00" type="DEFAULT_VEHTYPE" speed="12.94" pos="117.31" lane="2/4to2/3_0" slope="0.00"/>
        <vehicle id="19" x="351.50" y="201.65" angle="-90.00" type="DEFAULT_VEHTYPE" speed="13.83" pos="43.75" lane="2/1to1/1_0" slope="0.00"/>
        <vehicle id="2" x="655.09" y="198.35" angle="90.00" type="DEFAULT_VEHTYPE" speed="13.22" pos="50.34" lane="3/1to4/1_0" slope="0.00"/>
        <vehicle id="20" x="398.35" y="287.36" angle="0.00" type="DEFAULT_VEHTYPE" speed="13.18" pos="107.89" lane="2/2to2/1_0" slope="0.00"/>
        <vehicle id="21" x="584.74" y="198.35" angle="90.00" type="DEFAULT_VEHTYPE" speed="3.54" pos="179.99" lane="2/1to3/1_0" slope="0.00"/>
        <vehicle id="22" x="198.35" y="114.27" angle="0.00" type="DEFAULT_VEHTYPE" speed="13.25" pos="80.98" lane="1/1to1/0_0" slope="0.00"/>
        <vehicle id="23" x="601.65" y="225.33" angle="180.00" type="DEFAULT_VEHTYPE" speed="10.33" pos="20.58" lane="3/1to3/2_0" slope="0.00"/>
        <vehicle id="24" x="567.33" y="198.35" angle="90.00" type="DEFAULT_VEHTYPE" speed="6.54" pos="162.58" lane="2/1to3/1_0" slope="0.00"/>
        <vehicle id="3" x="601.65" y="379.02" angle="180.00" type="DEFAULT_VEHTYPE" speed="3.66" pos="174.27" lane="3/1to3/2_0" slope="0.00"/>
        <vehicle id="4" x="601.65" y="394.42" angle="180.00" type="DEFAULT_VEHTYPE" speed="5.91" pos="189.67" lane="3/1to3/2_0" slope="0.00"/>
        <vehicle id="5" x="398.35" y="734.80" angle="0.00" type="DEFAULT_VEHTYPE" speed="13.40" pos="65.20" lane="2/4to2/3_0" slope="0.00"/>
        <vehicle id="6" x="773.49" y="198.35" angle="90.00" type="DEFAULT_VEHTYPE" speed="13.59" pos="168.74" lane="3/1to4/1_0" slope="0.00"/>
        <vehicle id="7" x="319.28" y="598.35" angle="90.00" type="DEFAULT_VEHTYPE" speed="13.00" pos="114.53" lane="1/3to2/3_0" slope="0.00"/>
        <vehicle id="8" x="601.65" y="268.43" angle="180.00" type="DEFAULT_VEHTYPE" speed="12.67" pos="63.68" lane="3/1to3/2_0" slope="0.00"/>
        <vehicle id="9" x="189.79" y="201.65" angle="-90.00" type="DEFAULT_VEHTYPE" speed="13.31" pos="5.46" lane="1/1to0/1_0" slope="0.00"/>
    </timestep>
    <timestep time="339.00">
        <vehicle id="0" x="601.65" y="209.02" angle="178.81" type="DEFAULT_VEHTYPE" speed="8.39" pos="4.27" lane="3/1to3/2_0" slope="0.00"/>
        <vehicle id="1" x="569.39" y="401.65" angle="-90.00" type="DEFAULT_VEHTYPE" speed="11.47" pos="25.86" lane="3/2to2/2_0" slope="0.00"/>
        <vehicle id="11" x="398.35" y="317.71" angle="0.00" type="DEFAULT_VEHTYPE" speed="13.77" pos="77.54" lane="2/2to2/1_0" slope="0.00"/>
        <vehicle id="12" x="601.65" y="342.72" angle="180.00" type="DEFAULT_VEHTYPE" speed="13.84" pos="137.97" lane="3/1to3/2_0" slope="0.00"/>
        <vehicle id="14" x="398.35" y="223.48" angle="0.00" type="DEFAULT_VEHTYPE" speed="13.58" pos="171.77" lane="2/2to2/1_0" slope="0.00"/>
        <vehicle id="15" x="487.76" y="198.35" angle="90.00" type="DEFAULT_VEHTYPE" speed="13.59" pos="83.01" lane="2/1to3/1_0" slope="0.00"/>
        <vehicle id="16" x="555.10" y="198.35" angle="90.00" type="DEFAULT_VEHTYPE" speed="8.20" pos="150.35" lane="2/1to3/1_0" slope="0.00"/>
        <vehicle id="17" x="398.35" y="457.34" angle="0.00" type="DEFAULT_VEHTYPE" speed="12.76" pos="137.91" lane="2/3to2/2_0" slope="0.00"/>
        <vehicle id="18" x="398.35" y="668.98" angle="0.00" type="DEFAULT_VEHTYPE" speed="13.70" pos="131.02" lane="2/4to2/3_0" slope="0.00"/>
        <vehicle id="19" x="337.74" y="201.65" angle="-90.00" type="DEFAULT_VEHTYPE" speed="13.76" pos="57.51" lane="2/1to1/1_0" slope="0.00"/>
        <vehicle id="2" x="668.22" y="198.35" angle="90.00" type="DEFAULT_VEHTYPE" speed="13.13" pos="63.47" lane="3/1to4/1_0" slope="0.00"/>
        <vehicle id="20" x="398.35" y="273.63" angle="0.00" type="DEFAULT_VEHTYPE" speed="13.73" pos="121.62" lane="2/2to2/1_0" slope="0.00"/>
        <vehicle id="21" x="589.68" y="198.35" angle="90.00" type="DEFAULT_VEHTYPE" speed="4.94" pos="184.93" lane="2/1to3/1_0" slope="0.00"/>
        <vehicle id="22" x="198.35" y="100.92" angle="0.00" type="DEFAULT_VEHTYPE" speed="13.35" pos="94.33" lane="1/1to1/0_0" slope="0.00"/>
        <vehicle id="23" x="601.65" y="238.00" angle="180.00" type="DEFAULT_VEHTYPE" speed="12.68" pos="33.25" lane="3/1to3/2_0" slope="0.00"/>
        <vehicle id="24" x="572.98" y="198.35" angle="90.00" type="DEFAULT_VEHTYPE" speed="5.65" pos="168.23" lane="2/1to3/1_0" slope="0.00"/>
        <vehicle id="3" x="601.65" y="384.30" angle="180.00" type="DEFAULT_VEHTYPE" speed="5.28" pos="179.55" lane="3/1to3/2_0" slope="0.00"/>
        <vehicle id="4" x="598.94" y="400.71" angle="-148.19" type="DEFAULT_VEHTYPE" speed="7.28" pos="6.45" lane=":3/2_10_0" slope="0.00"/>
        <vehicle id="5" x="398.35" y="721.11" angle="0.00" type="DEFAULT_VEHTYPE" speed="13.68" pos="78.89" lane="2/4to2/3_0" slope="0.00"/>
        <vehicle id="6" x="786.74" y="198.35" angle="90.00" type="DEFAULT_VEHTYPE" speed="13.25" pos="181.99" lane="3/1to4/1_0" slope="0.00"/>
        <vehicle id="7" x="333.02" y="598.35" angle="90.00" type="DEFAULT_VEHTYPE" speed="13.74" pos="128.27" lane="1/3to2/3_0" slope="0.00"/>
        <vehicle id="8" x="601.65" y="281.57" angle="180.00" type="DEFAULT_VEHTYPE" speed="13.14" pos="76.82" lane="3/1to3/2_0" slope="0.00"/>
        <vehicle id="9" x="176.25" y="201.65" angle="-90.00" type="DEFAULT_VEHTYPE" speed="13.53" pos="19.00" lane="1/1to0/1_0" slope="0.00"/>
    </timestep>
    <timestep time="340.00">
        <vehicle id="0" x="601.65" y="219.68" angle="180.00" type="DEFAULT_VEHTYPE" speed="10.67" pos="14.93" lane="3/1to3/2_0" slope="0.00"/>
        <vehicle id="1" x="556.21" y="401.65" angle="-90.00" type="DEFAULT_VEHTYPE" speed="13.18" pos="39.04" lane="3/2to2/2_0" slope="0.00"/>
        <vehicle id="11" x="398.35" y="304.11" angle="0.00" type="DEFAULT_VEHTYPE" speed="13.59" pos="91.14" lane="2/2to2/1_0" slope="0.00"/>
        <vehicle id="12" x="601.65" y="355.49" angle="180.00" type="DEFAULT_VEHTYPE" speed="12.77" pos="150.74" lane="3/1to3/2_0" slope="0.00"/>
        <vehicle id="14" x="398.35" y="210.21" angle="0.00" type="DEFAULT_VEHTYPE" speed="13.27" pos="185.04" lane="2/2to2/1_0" slope="0.00"/>
        <vehicle id="15" x="500.39" y="198.35" angle="90.00" type="DEFAULT_VEHTYPE" speed="12.64" pos="95.64" lane="2/1to3/1_0" slope="0.00"/>
        <vehicle id="16" x="562.19" y="198.35" angle="90.00" type="DEFAULT_VEHTYPE" speed="7.10" pos="157.44" lane="2/1to3/1_0" slope="0.00"/>
        <vehicle id="17" x="398.35" y="444.25" angle="0.00" type="DEFAULT_VEHTYPE" speed="13.09" pos="151.00" lane="2/3to2/2_0" slope="0.00"/>
        <vehicle id="18" x="398.35" y="655.51" angle="0.00" type="DEFAULT_VEHTYPE" speed="13.47" pos="144.49" lane="2/4to2/3_0" slope="0.00"/>
        <vehicle id="19" x="324.36" y="201.65" angle="-90.00" type="DEFAULT_VEHTYPE" speed="13.38" pos="70.89" lane="2/1to1/1_0" slope="0.00"/>
        <vehicle id="2" x="681.08" y="198.35" angle="90.00" type="DEFAULT_VEHTYPE" speed="12.86" pos="76.33" lane="3/1to4/1_0" slope="0.00"/>
        <vehicle id="20" x="398.35" y="260.14" angle="0.00" type="DEFAULT_VEHTYPE" speed="13.49" pos="135.11" lane="2/2to2/1_0" slope="0.00"/>
        <vehicle id="21" x="596.01" y="198.35" angle="90.00" type="DEFAULT_VEHTYPE" speed="6.33" pos="0.76" lane=":3/1_13_0" slope="0.00"/>
        <vehicle id="22" x="198.35" y="87.79" angle="0.00" type="DEFAULT_VEHTYPE" speed="13.14" pos="107.46" lane="1/1to1/0_0" slope="0.00"/>
        <vehicle id="23" x="601.65" y="250.98" angle="180.00" type="DEFAULT_VEHTYPE" speed="12.97" pos="46.23" lane="3/1to3/2_0" slope="0.00"/>
        <vehicle id="24" x="579.08" y="198.35" angle="90.00" type="DEFAULT_VEHTYPE" speed="6.10" pos="174.33" lane="2/1to3/1_0" slope="0.00"/>
        <vehicle id="3" x="601.65" y="389.06" angle="180.00" type="DEFAULT_VEHTYPE" speed="4.76" pos="184.31" lane="3/1to3/2_0" slope="0.00"/>
        <vehicle id="4" x="590.05" y="401.65" angle="-90.00" type="DEFAULT_VEHTYPE" speed="9.07" pos="5.20" lane="3/2to2/2_0" slope="0.00"/>
        <vehicle id="5" x="398.35" y="707.32" angle="0.00" type="DEFAULT_VEHTYPE" speed="13.79" pos="92.68" lane="2/4to2/3_0" slope="0.00"/>
        <vehicle id="6" x="800.14" y="198.44" angle="91.09" type="DEFAULT_VEHTYPE" speed="13.43" pos="0.17" lane=":4/1_0_0" slope="0.00"/>
        <vehicle id="7" x="346.14" y="598.35" angle="90.00" type="DEFAULT_VEHTYPE" speed="13.11" pos="141.39" lane="1/3to2/3_0" slope="0.00"/>
        <vehicle id="8" x="601.65" y="294.21" angle="180.00" type="DEFAULT_VEHTYPE" speed="12.64" pos="89.46" lane="3/1to3/2_0" slope="0.00"/>
        <vehicle id="9" x="162.68" y="201.65" angle="-90.00" type="DEFAULT_VEHTYPE" speed="13.58" pos="32.57" lane="1/1to0/1_0" slope="0.00"/>
    </timestep>
    <timestep time="341.00">
        <vehicle id="0" x="601.65" y="232.63" angle="180.00" type="DEFAULT_VEHTYPE" speed="12.95" pos="27.88" lane="3/1to3/2_0" slope="0.00"/>
        <vehicle id="1" x="542.60" y="401.65" angle="-90.00" type="DEFAULT_VEHTYPE" speed="13.62" pos="52.65" lane="3/2to2/2_0" slope="0.00"/>
        <vehicle id="11" x="398.35" y="291.27" angle="0.00" type="DEFAULT_VEHTYPE" speed="12.85" pos="103.98" lane="2/2to2/1_0" slope="0.00"/>
        <vehicle id="12" x="601.65" y="368.31" angle="180.00" type="DEFAULT_VEHTYPE" speed="12.82" pos="163.56" lane="3/1to3/2_0" slope="0.00"/>
        <vehicle id="14" x="398.35" y="197.40" angle="0.00" type="DEFAULT_VEHTYPE" speed="12.81" pos="7.35" lane=":2/1_1_0" slope="0.00"/>
        <vehicle id="15" x="513.04" y="198.35" angle="90.00" type="DEFAULT_VEHTYPE" speed="12.64" pos="108.29" lane="2/1to3/1_0" slope="0.00"/>
        <vehicle id="16" x="568.80" y="198.35" angle="90.00" type="DEFAULT_VEHTYPE" speed="6.61" pos="164.05" lane="2/1to3/1_0" slope="0.00"/>
        <vehicle id="17" x="398.35" y="430.67" angle="0.00" type="DEFAULT_VEHTYPE" speed="13.59" pos="164.58" lane="2/3to2/2_0" slope="0.00"/>
        <vehicle id="18" x="398.35" y="642.39" angle="0.00" type="DEFAULT_VEHTYPE" speed="13.12" pos="157.61" lane="2/4to2/3_0" slope="0.00"/>
        <vehicle id="19" x="310.75" y="201.65" angle="-90.00" type="DEFAULT_VEHTYPE" speed="13.61" pos="84.50" lane="2/1to1/1_0" slope="0.00"/>
        <vehicle id="2" x="694.03" y="198.35" angle="90.00" type="DEFAULT_VEHTYPE" speed="12.95" pos="89.28" lane="3/1to4/1_0" slope="0.00"/>
        <vehicle id="20" x="398.35" y="246.72" angle="0.00" type="DEFAULT_VEHTYPE" speed="13.42" pos="148.53" lane="2/2to2/1_0" slope="0.00"/>
        <vehicle id="21" x="603.66" y="198.35" angle="90.00" type="DEFAULT_VEHTYPE" speed="7.66" pos="8.41" lane=":3/1_13_0" slope="0.00"/>
        <vehicle id="22" x="198.35" y="75.18" angle="0.00" type="DEFAULT_VEHTYPE" speed="12.61" pos="120.07" lane="1/1to1/0_0" slope="0.00"/>
        <vehicle id="23" x="601.65" y="263.67" angle="180.00" type="DEFAULT_VEHTYPE" speed="12.69" pos="58.92" lane="3/1to3/2_0" slope="0.00"/>
        <vehicle id="24" x="585.74" y="198.35" angle="90.00" type="DEFAULT_VEHTYPE" speed="6.66" pos="180.99" lane="2/1to3/1_0" slope="0.00"/>
        <vehicle id="3" x="601.58" y="395.72" angle="-179.23" type="DEFAULT_VEHTYPE" speed="6.66" pos="0.47" lane=":3/2_10_0" slope="0.00"/>
        <vehicle id="4" x="578.71" y="401.65" angle="-90.00" type="DEFAULT_VEHTYPE" speed="11.34" pos="16.54" lane="3/2to2/2_0" slope="0.00"/>
        <vehicle id="5" x="398.35" y="694.61" angle="0.00" type="DEFAULT_VEHTYPE" speed="12.72" pos="105.39" lane="2/4to2/3_0" slope="0.00"/>
        <vehicle id="6" x="790.83" y="201.65" angle="-90.00" type="DEFAULT_VEHTYPE" speed="13.82" pos="9.17" lane="4/1to3/1_0" slope="0.00"/>
        <vehicle id="7" x="359.09" y="598.35" angle="90.00" type="DEFAULT_VEHTYPE" speed="12.96" pos="154.34" lane="1/3to2/3_0" slope="0.00"/>
        <vehicle id="8" x="601.65" y="307.16" angle="180.00" type="DEFAULT_VEHTYPE" speed="12.94" pos="102.41" lane="3/1to3/2_0" slope="0.00"/>
        <vehicle id="9" x="149.48" y="201.65" angle="-90.00" type="DEFAULT_VEHTYPE" speed="13.19" pos="45.77" lane="1/1to0/1_0" slope="0.00"/>
    </timestep>
    <timestep time="342.00">
        <vehicle id="0" x="601.65" y="245.85" angle="180.00" type="DEFAULT_VEHTYPE" speed="13.22" pos="41.10" lane="3/1to3/2_0" slope="0.00"/>
        <vehicle id="1" x="529.80" y="401.65" angle="-90.00" type="DEFAULT_VEHTYPE" speed="12.80" pos="65.45" lane="3/2to2/2_0" slope="0.00"/>
        <vehicle id="11" x="398.35" y="278.23" angle="0.00" type="DEFAULT_VEHTYPE" speed="13.03" pos="117.02" lane="2/2to2/1_0" slope="0.00"/>
        <vehicle id="12" x="601.65" y="378.81" angle="180.00" type="DEFAULT_VEHTYPE" speed="10.49" pos="174.06" lane="3/1to3/2_0" slope="0.00"/>
        <vehicle id="14" x="398.35" y="183.91" angle="0.00" type="DEFAULT_VEHTYPE" speed="13.49" pos="11.34" lane="2/1to2/0_0" slope="0.00"/>
        <vehicle id="15" x="525.71" y="198.35" angle="90.00" type="DEFAULT_VEHTYPE" speed="12.67" pos="120.96" lane="2/1to3/1_0" slope="0.00"/>
        <vehicle id="16" x="576.51" y="198.35" angle="90.00" type="DEFAULT_VEHTYPE" speed="7.71" pos="171.76" lane="2/1to3/1_0" slope="0.00"/>
        <vehicle id="17" x="398.35" y="417.81" angle="0.00" type="DEFAULT_VEHTYPE" speed="12.86" pos="177.44" lane="2/3to2/2_0" slope="0.00"/>
        <vehicle id="18" x="398.35" y="629.27" angle="0.00" type="DEFAULT_VEHTYPE" speed="13.13" pos="170.73" lane="2/4to2/3_0" slope="0.00"/>
        <vehicle id="19" x="297.02" y="201.65" angle="-90.00" type="DEFAULT_VEHTYPE" speed="13.73" pos="98.23" lane="2/1to1/1_0" slope="0.00"/>
        <vehicle id="2" x="707.17" y="198.35" angle="90.00" type="DEFAULT_VEHTYPE" speed="13.15" pos="102.42" lane="3/1to4/1_0" slope="0.00"/>
        <vehicle id="20" x="398.35" y="232.97" angle="0.00" type="DEFAULT_VEHTYPE" speed="13.75" pos="162.28" lane="2/2to2/1_0" slope="0.00"/>
        <vehicle id="21" x="612.93" y="198.35" angle="90.00" type="DEFAULT_VEHTYPE" speed="9.27" pos="8.18" lane="3/1to4/1_0" slope="0.00"/>
        <vehicle id="22" x="198.35" y="61.31" angle="0.00" type="DEFAULT_VEHTYPE" speed="13.87" pos="133.94" lane="1/1to1/0_0" slope="0.00"/>
        <vehicle id="23" x="601.65" y="276.38" angle="180.00" type="DEFAULT_VEHTYPE" speed="12.71" pos="71.63" lane="3/1to3/2_0" slope="0.00"/>
        <vehicle id="24" x="590.20" y="198.35" angle="90.00" type="DEFAULT_VEHTYPE" speed="4.47" pos="185.45" lane="2/1to3/1_0" slope="0.00"/>
        <vehicle id="3" x="595.94" y="401.55" angle="-114.13" type="DEFAULT_VEHTYPE" speed="9.15" pos="2.48" lane=":3/2_18_0" slope="0.00"/>
        <vehicle id="4" x="565.50" y="401.65" angle="-90.00" type="DEFAULT_VEHTYPE" speed="13.22" pos="29.75" lane="3/2to2/2_0" slope="0.00"/>
        <vehicle id="5" x="398.35" y="681.95" angle="0.00" type="DEFAULT_VEHTYPE" speed="12.65" pos="118.05" lane="2/4to2/3_0" slope="0.00"/>
        <vehicle id="6" x="778.00" y="201.65" angle="-90.00" type="DEFAULT_VEHTYPE" speed="12.83" pos="22.00" lane="4/1to3/1_0" slope="0.00"/>
        <vehicle id="7" x="372.01" y="598.35" angle="90.00" type="DEFAULT_VEHTYPE" speed="12.92" pos="167.26" lane="1/3to2/3_0" slope="0.00"/>
        <vehicle id="8" x="601.65" y="320.91" angle="180.00" type="DEFAULT_VEHTYPE" speed="13.75" pos="116.16" lane="3/1to3/2_0" slope="0.00"/>
        <vehicle id="9" x="135.99" y="201.65" angle="-90.00" type="DEFAULT_VEHTYPE" speed="13.50" pos="59.26" lane="1/1to0/1_0" slope="0.00"/>
    </timestep>
    <timestep time="343.00">
        <vehicle id="0" x="601.65" y="259.74" angle="180.00" type="DEFAULT_VEHTYPE" speed="13.89" pos="54.99" lane="3/1to3/2_0" slope="0.00"/>
        <vehicle id="1" x="516.64" y="401.65" angle="-90.00" type="DEFAULT_VEHTYPE" speed="13.16" pos="78.61" lane="3/2to2/2_0" slope="0.00"/>
        <vehicle id="11" x="398.35" y="265.01" angle="0.00" type="DEFAULT_VEHTYPE" speed="13.22" pos="130.24" lane="2/2to2/1_0" slope="0.00"/>
        <vehicle id="12" x="601.65" y="386.03" angle="180.00" type="DEFAULT_VEHTYPE" speed="7.22" pos="181.28" lane="3/1to3/2_0" slope="0.00"/>
        <vehicle id="14" x="398.35" y="170.57" angle="0.00" type="DEFAULT_VEHTYPE" speed="13.34" pos="24.68" lane="2/1to2/0_0" slope="0.00"/>
        <vehicle id="15" x="538.63" y="198.35" angle="90.00" type="DEFAULT_VEHTYPE" speed="12.92" pos="133.88" lane="2/1to3/1_0" slope="0.00"/>
        <vehicle id="16" x="580.44" y="198.35" angle="90.00" type="DEFAULT_VEHTYPE" speed="3.92" pos="175.69" lane="2/1to3/1_0" slope="0.00"/>
        <vehicle id="17" x="398.35" y="404.82" angle="0.00" type="DEFAULT_VEHTYPE" speed="12.99" pos="190.43" lane="2/3to2/2_0" slope="0.00"/>
        <vehicle id="18" x="398.35" y="616.26" angle="0.00" type="DEFAULT_VEHTYPE" speed="13.01" pos="183.74" lane="2/4to2/3_0" slope="0.00"/>
        <vehicle id="19" x="284.41" y="201.65" angle="-90.00" type="DEFAULT_VEHTYPE" speed="12.61" pos="110.84" lane="2/1to1/1_0" slope="0.00"/>
        <vehicle id="2" x="719.93" y="198.35" angle="90.00" type="DEFAULT_VEHTYPE" speed="12.76" pos="115.18" lane="3/1to4/1_0" slope="0.00"/>
        <vehicle id="20" x="398.35" y="219.40" angle="0.00" type="DEFAULT_VEHTYPE" speed="13.58" pos="175.85" lane="2/2to2/1_0" slope="0.00"/>
        <vehicle id="21" x="624.18" y="198.35" angle="90.00" type="DEFAULT_VEHTYPE" speed="11.24" pos="19.43" lane="3/1to4/1_0" slope="0.00"/>
        <vehicle id="22" x="198.35" y="48.11" angle="0.00" type="DEFAULT_VEHTYPE" speed="13.21" pos="147.14" lane="1/1to1/0_0" slope="0.00"/>
        <vehicle id="23" x="601.65" y="289.72" angle="180.00" type="DEFAULT_VEHTYPE" speed="13.34" pos="84.97" lane="3/1to3/2_0" slope="0.00"/>
        <vehicle id="24" x="596.58" y="198.35" angle="90.00" type="DEFAULT_VEHTYPE" speed="6.38" pos="1.33" lane=":3/1_13_0" slope="0.00"/>
        <vehicle id="3" x="585.01" y="401.65" angle="-90.00" type="DEFAULT_VEHTYPE" speed="10.94" pos="10.24" lane="3/2to2/2_0" slope="0.00"/>
        <vehicle id="4" x="552.63" y="401.65" angle="-90.00" type="DEFAULT_VEHTYPE" speed="12.87" pos="42.62" lane="3/2to2/2_0" slope="0.00"/>
        <vehicle id="5" x="398.35" y="668.43" angle="0.00" type="DEFAULT_VEHTYPE" speed="13.52" pos="131.57" lane="2/4to2/3_0" slope="0.00"/>
        <vehicle id="6" x="765.18" y="201.65" angle="-90.00" type="DEFAULT_VEHTYPE" speed="12.82" pos="34.82" lane="4/1to3/1_0" slope="0.00"/>
        <vehicle id="7" x="380.73" y="598.35" angle="90.00" type="DEFAULT_VEHTYPE" speed="8.72" pos="175.98" lane="1/3to2/3_0" slope="0.00"/>
        <vehicle id="8" x="601.65" y="333.69" angle="180.00" type="DEFAULT_VEHTYPE" speed="12.78" pos="128.94" lane="3/1to3/2_0" slope="0.00"/>
        <vehicle id="9" x="123.36" y="201.65" angle="-90.00" type="DEFAULT_VEHTYPE" speed="12.63" pos="71.89" lane="1/1to0/1_0" slope="0.00"/>
    </timestep>
    <timestep time="344.00">
        <vehicle id="0" x="601.65" y="272.76" angle="180.00" type="DEFAULT_VEHTYPE" speed="13.01" pos="68.01" lane="3/1to3/2_0" slope="0.00"/>
        <vehicle id="1" x="503.33" y="401.65" angle="-90.00" type="DEFAULT_VEHTYPE" speed="13.31" pos="91.92" lane="3/2to2/2_0" slope="0.00"/>
        <vehicle id="11" x="398.35" y="252.14" angle="0.00" type="DEFAULT_VEHTYPE" speed="12.88" pos="143.11" lane="2/2to2/1_0" slope="0.00"/>
        <vehicle id="12" x="601.65" y="389.40" angle="180.00" type="DEFAULT_VEHTYPE" speed="3.38" pos="184.65" lane="3/1to3/2_0" slope="0.00"/>
        <vehicle id="14" x="398.35" y="157.42" angle="0.00" type="DEFAULT_VEHTYPE" speed="13.15" pos="37.83" lane="2/1to2/0_0" slope="0.00"/>
        <vehicle id="15" x="551.50" y="198.35" angle="90.00" type="DEFAULT_VEHTYPE" speed="12.87" pos="146.75" lane="2/1to3/1_0" slope="0.00"/>
        <vehicle id="16" x="586.88" y="198.35" angle="90.00" type="DEFAULT_VEHTYPE" speed="6.44" pos="182.13" lane="2/1to3/1_0" slope="0.00"/>
        <vehicle id="17" x="387.44" y="401.65" angle="-90.00" type="DEFAULT_VEHTYPE" speed="12.88" pos="7.81" lane="2/2to1/2_0" slope="0.00"/>
        <vehicle id="18" x="398.35" y="603.01" angle="0.00" type="DEFAULT_VEHTYPE" speed="13.25" pos="1.74" lane=":2/3_1_0" slope="0.00"/>
        <vehicle id="19" x="270.59" y="201.65" angle="-90.00" type="DEFAULT_VEHTYPE" speed="13.82" pos="124.66" lane="2/1to1/1_0" slope="0.00"/>
        <vehicle id="2" x="733.37" y="198.35" angle="90.00" type="DEFAULT_VEHTYPE" speed="13.44" pos="128.62" lane="3/1to4/1_0" slope="0.00"/>
        <vehicle id="20" x="398.35" y="206.73" angle="0.00" type="DEFAULT_VEHTYPE" speed="12.67" pos="188.52" lane="2/2to2/1_0" slope="0.00"/>
        <vehicle id="21" x="637.61" y="198.35" angle="90.00" type="DEFAULT_VEHTYPE" speed="13.43" pos="32.86" lane="3/1to4/1_0" slope="0.00"/>
        <vehicle id="22" x="198.35" y="34.92" angle="0.00" type="DEFAULT_VEHTYPE" speed="13.19" pos="160.33" lane="1/1to1/0_0" slope="0.00"/>
        <vehicle id="23" x="601.65" y="302.38" angle="180.00" type="DEFAULT_VEHTYPE" speed="12.66" pos="97.63" lane="3/1to3/2_0" slope="0.00"/>
        <vehicle id="24" x="604.67" y="198.35" angle="90.00" type="DEFAULT_VEHTYPE" speed="8.09" pos="9.42" lane=":3/1_13_0" slope="0.00"/>
        <vehicle id="3" x="572.61" y="401.65" angle="-90.00" type="DEFAULT_VEHTYPE" speed="12.40" pos="22.64" lane="3/2to2/2_0" slope="0.00"/>
        <vehicle id="4" x="538.82" y="401.65" angle="-90.00" type="DEFAULT_VEHTYPE" speed="13.80" pos="56.43" lane="3/2to2/2_0" slope="0.00"/>
        <vehicle id="5" x="398.35" y="655.26" angle="0.00" type="DEFAULT_VEHTYPE" speed="13.17" pos="144.74" lane="2/4to2/3_0" slope="0.00"/>
        <vehicle id="6" x="752.37" y="201.65" angle="-90.00" type="DEFAULT_VEHTYPE" speed="12.81" pos="47.63" lane="4/1to3/1_0" slope="0.00"/>
        <vehicle id="7" x="387.56" y="598.35" angle="90.00" type="DEFAULT_VEHTYPE" speed="6.83" pos="182.81" lane="1/3to2/3_0" slope="0.00"/>
        <vehicle id="8" x="601.65" y="346.72" angle="180.00" type="DEFAULT_VEHTYPE" speed="13.03" pos="141.97" lane="3/1to3/2_0" slope="0.00"/>
        <vehicle id="9" x="110.52" y="201.65" angle="-90.00" type="DEFAULT_VEHTYPE" speed="12.84" pos="84.73" lane="1/1to0/1_0" slope="0.00"/>
    </timestep>
    <timestep time="345.00">
        <vehicle id="0" x="601.65" y="286.35" angle="180.00" type="DEFAULT_VEHTYPE" speed="13.60" pos="81.60" lane="3/1to3/2_0" slope="0.00"/>
        <vehicle id="1" x="489.97" y="401.65" angle="-90.00" type="DEFAULT_VEHTYPE" speed="13.36" pos="105.28" lane="3/2to2/2_0" slope="0.00"/>
        <vehicle id="11" x="398.35" y="238.41" angle="0.00" type="DEFAULT_VEHTYPE" speed="13.73" pos="156.84" lane="2/2to2/1_0" slope="0.00"/>
        <vehicle id="12" x="601.65" y="394.77" angle="180.00" type="DEFAULT_VEHTYPE" speed="5.36" pos="190.02" lane="3/1to3/2_0" slope="0.00"/>
        <vehicle id="14" x="398.35" y="143.84" angle="0.00" type="DEFAULT_VEHTYPE" speed="13.58" pos="51.41" lane="2/1to2/0_0" slope="0.00"/>
        <vehicle id="15" x="565.20" y="198.35" angle="90.00" type="DEFAULT_VEHTYPE" speed="13.69" pos="160.45" lane="2/1to3/1_0" slope="0.00"/>
        <vehicle id="16" x="590.42" y="198.35" angle="90.00" type="DEFAULT_VEHTYPE" speed="3.54" pos="185.67" lane="2/1to3/1_0" slope="0.00"/>
        <vehicle id="17" x="373.86" y="401.65" angle="-90.00" type="DEFAULT_VEHTYPE" speed="13.58" pos="21.39" lane="2/2to1/2_0" slope="0.00"/>
        <vehicle id="18" x="398.35" y="589.94" angle="0.00" type="DEFAULT_VEHTYPE" speed="13.07" pos="5.31" lane="2/3to2/2_0" slope="0.00"/>
        <vehicle id="19" x="256.96" y="201.65" angle="-90.00" type="DEFAULT_VEHTYPE" speed="13.63" pos="138.29" lane="2/1to1/1_0" slope="0.00"/>
        <vehicle id="2" x="746.72" y="198.35" angle="90.00" type="DEFAULT_VEHTYPE" speed="13.35" pos="141.97" lane="3/1to4/1_0" slope="0.00"/>
        <vehicle id="20" x="398.35" y="194.08" angle="0.00" type="DEFAULT_VEHTYPE" speed="12.64" pos="1.17" lane="2/1to2/0_0" slope="0.00"/>
        <vehicle id="21" x="651.04" y="198.35" angle="90.00" type="DEFAULT_VEHTYPE" speed="13.42" pos="46.29" lane="3/1to4/1_0" slope="0.00"/>
        <vehicle id="22" x="198.35" y="21.07" angle="0.00" type="DEFAULT_VEHTYPE" speed="13.85" pos="174.18" lane="1/1to1/0_0" slope="0.00"/>
        <vehicle id="23" x="601.65" y="316.05" angle="180.00" type="DEFAULT_VEHTYPE" speed="13.67" pos="111.30" lane="3/1to3/2_0" slope="0.00"/>
        <vehicle id="24" x="615.33" y="198.35" angle="90.00" type="DEFAULT_VEHTYPE" speed="10.66" pos="10.58" lane="3/1to4/1_0" slope="0.00"/>
        <vehicle id="3" x="559.16" y="401.65" angle="-90.00" type="DEFAULT_VEHTYPE" speed="13.46" pos="36.09" lane="3/2to2/2_0" slope="0.00"/>
        <vehicle id="4" x="525.34" y="401.65" angle="-90.00" type="DEFAULT_VEHTYPE" speed="13.48" pos="69.91" lane="3/2to2/2_0" slope="0.00"/>
        <vehicle id="5" x="398.35" y="642.47" angle="0.00" type="DEFAULT_VEHTYPE" speed="12.80" pos="157.53" lane="2/4to2/3_0" slope="0.00"/>
        <vehicle id="6" x="739.06" y="201.65" angle="-90.00" type="DEFAULT_VEHTYPE" speed="13.30" pos="60.94" lane="4/1to3/1_0" slope="0.00"/>
        <vehicle id="7" x="390.34" y="598.35" angle="90.00" type="DEFAULT_VEHTYPE" speed="2.78" pos="185.59" lane="1/3to2/3_0" slope="0.00"/>
        <vehicle id="8" x="601.65" y="360.42" angle="180.00" type="DEFAULT_VEHTYPE" speed="13.70" pos="155.67" lane="3/1to3/2_0" slope="0.00"/>
        <vehicle id="9" x="97.18" y="201.65" angle="-90.00" type="DEFAULT_VEHTYPE" speed="13.34" pos="98.07" lane="1/1to0/1_0" slope="0.00"/>
    </timestep>
    <timestep time="346.00">
        <vehicle id="0" x="601.65" y="298.97" angle="180.00" type="DEFAULT_VEHTYPE" speed="12.62" pos="94.22" lane="3/1to3/2_0" slope="0.00"/>
        <vehicle id="1" x="476.11" y="401.65" angle="-90.00" type="DEFAULT_VEHTYPE" speed="13.86" pos="119.14" lane="3/2to2/2_0" slope="0.00"/>
        <vehicle id="11" x="398.35" y="225.08" angle="0.00" type="DEFAULT_VEHTYPE" speed="13.33" pos="170.17" lane="2/2to2/1_0" slope="0.00"/>
        <vehicle id="12" x="598.49" y="400.99" angle="-142.64" type="DEFAULT_VEHTYPE" speed="7.46" pos="6.98" lane=":3/2_10_0" slope="0.00"/>
        <vehicle id="14" x="398.35" y="130.57" angle="0.00" type="DEFAULT_VEHTYPE" speed="13.27" pos="64.68" lane="2/1to2/0_0" slope="0.00"/>
        <vehicle id="15" x="574.39" y="198.35" angle="90.00" type="DEFAULT_VEHTYPE" speed="9.19" pos="169.64" lane="2/1to3/1_0" slope="0.00"/>
        <vehicle id="16" x="596.28" y="198.50" angle="91.69" type="DEFAULT_VEHTYPE" speed="5.87" pos="1.04" lane=":3/1_14_0" slope="0.00"/>
        <vehicle id="17" x="360.22" y="401.65" angle="-90.00" type="DEFAULT_VEHTYPE" speed="13.64" pos="35.03" lane="2/2to1/2_0" slope="0.00"/>
        <vehicle id="18" x="398.35" y="577.00" angle="0.00" type="DEFAULT_VEHTYPE" speed="12.94" pos="18.25" lane="2/3to2/2_0" slope="0.00"/>
        <vehicle id="19" x="243.38" y="201.65" angle="-90.00" type="DEFAULT_VEHTYPE" speed="13.58" pos="151.87" lane="2/1to1/1_0" slope="0.00"/>
        <vehicle id="2" x="760.33" y="198.35" angle="90.00" type="DEFAULT_VEHTYPE" speed="13.61" pos="155.58" lane="3/1to4/1_0" slope="0.00"/>
        <vehicle id="20" x="398.35" y="180.77" angle="0.00" type="DEFAULT_VEHTYPE" speed="13.31" pos="14.48" lane="2/1to2/0_0" slope="0.00"/>
        <vehicle id="21" x="664.00" y="198.35" angle="90.00" type="DEFAULT_VEHTYPE" speed="12.96" pos="59.25" lane="3/1to4/1_0" slope="0.00"/>
        <vehicle id="22" x="198.35" y="7.66" angle="0.00" type="DEFAULT_VEHTYPE" speed="13.41" pos="187.59" lane="1/1to1/0_0" slope="0.00"/>
        <vehicle id="23" x="601.65" y="329.18" angle="180.00" type="DEFAULT_VEHTYPE" speed="13.13" pos="124.43" lane="3/1to3/2_0" slope="0.00"/>
        <vehicle id="24" x="628.38" y="198.35" angle="90.00" type="DEFAULT_VEHTYPE" speed="13.05" pos="23.63" lane="3/1to4/1_0" slope="0.00"/>
        <vehicle id="3" x="546.08" y="401.65" angle="-90.00" type="DEFAULT_VEHTYPE" speed="13.07" pos="49.17" lane="3/2to2/2_0" slope="0.00"/>
        <vehicle id="4" x="511.54" y="401.65" angle="-90.00" type="DEFAULT_VEHTYPE" speed="13.81" pos="83.71" lane="3/2to2/2_0" slope="0.00"/>
        <vehicle id="5" x="398.35" y="629.03" angle="0.00" type="DEFAULT_VEHTYPE" speed="13.44" pos="170.97" lane="2/4to2/3_0" slope="0.00"/>
        <vehicle id="6" x="725.42" y="201.65" angle="-90.00" type="DEFAULT_VEHTYPE" speed="13.65" pos="74.58" lane="4/1to3/1_0" slope="0.00"/>
        <vehicle id="7" x="391.85" y="598.35" angle="90.00" type="DEFAULT_VEHTYPE" speed="1.51" pos="187.10" lane="1/3to2/3_0" slope="0.00"/>
        <vehicle id="8" x="601.65" y="372.82" angle="180.00" type="DEFAULT_VEHTYPE" speed="12.40" pos="168.07" lane="3/1to3/2_0" slope="0.00"/>
        <vehicle id="9" x="83.67" y="201.65" angle="-90.00" type="DEFAULT_VEHTYPE" speed="13.51" pos="111.58" lane="1/1to0/1_0" slope="0.00"/>
    </timestep>
    <timestep time="347.00">
        <vehicle id="0" x="601.65" y="312.43" angle="180.00" type="DEFAULT_VEHTYPE" speed="13.46" pos="107.68" lane="3/1to3/2_0" slope="0.00"/>
        <vehicle id="1" x="462.25" y="401.65" angle="-90.00" type="DEFAULT_VEHTYPE" speed="13.86" pos="133.00" lane="3/2to2/2_0" slope="0.00"/>
        <vehicle id="11" x="398.35" y="211.92" angle="0.00" type="DEFAULT_VEHTYPE" speed="13.15" pos="183.33" lane="2/2to2/1_0" slope="0.00"/>
        <vehicle id="12" x="588.96" y="401.65" angle="-90.00" type="DEFAULT_VEHTYPE" speed="9.63" pos="6.29" lane="3/2to2/2_0" slope="0.00"/>
        <vehicle id="14" x="398.35" y="117.61" angle="0.00" type="DEFAULT_VEHTYPE" speed="12.96" pos="77.64" lane="2/1to2/0_0" slope="0.00"/>
        <vehicle id="15" x="582.61" y="198.35" angle="90.00" type="DEFAULT_VEHTYPE" speed="8.21" pos="177.86" lane="2/1to3/1_0" slope="0.00"/>
        <vehicle id="16" x="601.43" y="203.23" angle="147.25" type="DEFAULT_VEHTYPE" speed="7.74" pos="8.78" lane=":3/1_14_0" slope="0.00"/>
        <vehicle id="17" x="347.43" y="401.65" angle="-90.00" type="DEFAULT_VEHTYPE" speed="12.78" pos="47.82" lane="2/2to1/2_0" slope="0.00"/>
        <vehicle id="18" x="398.35" y="563.96" angle="0.00" type="DEFAULT_VEHTYPE" speed="13.04" pos="31.29" lane="2/3to2/2_0" slope="0.00"/>
        <vehicle id="19" x="230.68" y="201.65" angle="-90.00" type="DEFAULT_VEHTYPE" speed="12.70" pos="164.57" lane="2/1to1/1_0" slope="0.00"/>
        <vehicle id="2" x="774.13" y="198.35" angle="90.00" type="DEFAULT_VEHTYPE" speed="13.80" pos="169.38" lane="3/1to4/1_0" slope="0.00"/>
        <vehicle id="20" x="398.35" y="167.98" angle="0.00" type="DEFAULT_VEHTYPE" speed="12.80" pos="27.27" lane="2/1to2/0_0" slope="0.00"/>
        <vehicle id="21" x="677.40" y="198.35" angle="90.00" type="DEFAULT_VEHTYPE" speed="13.40" pos="72.65" lane="3/1to4/1_0" slope="0.00"/>
        <vehicle id="22" x="201.65" y="0.88" angle="116.69" type="DEFAULT_VEHTYPE" speed="13.36" pos="0.88" lane="1/0to1/1_0" slope="0.00"/>
        <vehicle id="23" x="601.65" y="342.22" angle="180.00" type="DEFAULT_VEHTYPE" speed="13.05" pos="137.47" lane="3/1to3/2_0" slope="0.00"/>
        <vehicle id="24" x="641.13" y="198.35" angle="90.00" type="DEFAULT_VEHTYPE" speed="12.75" pos="36.38" lane="3/1to4/1_0" slope="0.00"/>
        <vehicle id="3" x="533.47" y="401.65" angle="-90.00" type="DEFAULT_VEHTYPE" speed="12.61" pos="61.78" lane="3/2to2/2_0" slope="0.00"/>
        <vehicle id="4" x="498.19" y="401.65" angle="-90.00" type="DEFAULT_VEHTYPE" speed="13.35" pos="97.06" lane="3/2to2/2_0" slope="0.00"/>
        <vehicle id="5" x="398.35" y="615.77" angle="0.00" type="DEFAULT_VEHTYPE" speed="13.26" pos="184.23" lane="2/4to2/3_0" slope="0.00"/>
        <vehicle id="6" x="711.80" y="201.65" angle="-90.00" type="DEFAULT_VEHTYPE" speed="13.61" pos="88.20" lane="4/1to3/1_0" slope="0.00"/>
        <vehicle id="7" x="392.29" y="598.35" angle="90.00" type="DEFAULT_VEHTYPE" speed="0.44" pos="187.54" lane="1/3to2/3_0" slope="0.00"/>
        <vehicle id="8" x="601.65" y="382.26" angle="180.00" type="DEFAULT_VEHTYPE" speed="9.44" pos="177.51" lane="3/1to3/2_0" slope="0.00"/>
        <vehicle id="9" x="70.59" y="201.65" angle="-90.00" type="DEFAULT_VEHTYPE" speed="13.08" pos="124.66" lane="1/1to0/1_0" slope="0.00"/>
    </timestep>
    <timestep time="348.00">
        <vehicle id="0" x="601.65" y="326.04" angle="180.00" type="DEFAULT_VEHTYPE" speed="13.61" pos="121.29" lane="3/1to3/2_0" slope="0.00"/>
        <vehicle id="1" x="448.56" y="401.65" angle="-90.00" type="DEFAULT_VEHTYPE" speed="13.69" pos="146.69" lane="3/2to2/2_0" slope="0.00"/>
        <vehicle id="11" x="398.35" y="199.00" angle="0.00" type="DEFAULT_VEHTYPE" speed="12.92" pos="5.75" lane=":2/1_1_0" slope="0.00"/>
        <vehicle id="12" x="577.53" y="401.65" angle="-90.00" type="DEFAULT_VEHTYPE" speed="11.43" pos="17.72" lane="3/2to2/2_0" slope="0.00"/>
        <vehicle id="14" x="398.35" y="104.88" angle="0.00" type="DEFAULT_VEHTYPE" speed="12.73" pos="90.37" lane="2/1to2/0_0" slope="0.00"/>
        <vehicle id="15" x="588.49" y="198.35" angle="90.00" type="DEFAULT_VEHTYPE" speed="5.88" pos="183.74" lane="2/1to3/1_0" slope="0.00"/>
        <vehicle id="16" x="601.65" y="212.41" angle="180.00" type="DEFAULT_VEHTYPE" speed="9.20" pos="7.66" lane="3/1to3/2_0" slope="0.00"/>
        <vehicle id="17" x="333.64" y="401.65" angle="-90.00" type="DEFAULT_VEHTYPE" speed="13.80" pos="61.61" lane="2/2to1/2_0" slope="0.00"/>
        <vehicle id="18" x="398.35" y="550.64" angle="0.00" type="DEFAULT_VEHTYPE" speed="13.32" pos="44.61" lane="2/3to2/2_0" slope="0.00"/>
        <vehicle id="19" x="220.62" y="201.65" angle="-90.00" type="DEFAULT_VEHTYPE" speed="10.05" pos="174.63" lane="2/1to1/1_0" slope="0.00"/>
        <vehicle id="2" x="787.16" y="198.35" angle="90.00" type="DEFAULT_VEHTYPE" speed="13.03" pos="182.41" lane="3/1to4/1_0" slope="0.00"/>
        <vehicle id="20" x="398.35" y="155.17" angle="0.00" type="DEFAULT_VEHTYPE" speed="12.80" pos="40.08" lane="2/1to2/0_0" slope="0.00"/>
        <vehicle id="21" x="690.36" y="198.35" angle="90.00" type="DEFAULT_VEHTYPE" speed="12.96" pos="85.61" lane="3/1to4/1_0" slope="0.00"/>
        <vehicle id="22" x="201.65" y="14.36" angle="180.00" type="DEFAULT_VEHTYPE" speed="13.48" pos="14.36" lane="1/0to1/1_0" slope="0.00"/>
        <vehicle id="23" x="601.65" y="355.59" angle="180.00" type="DEFAULT_VEHTYPE" speed="13.37" pos="150.84" lane="3/1to3/2_0" slope="0.00"/>
        <vehicle id="24" x="654.78" y="198.35" angle="90.00" type="DEFAULT_VEHTYPE" speed="13.65" pos="50.03" lane="3/1to4/1_0" slope="0.00"/>
        <vehicle id="3" x="520.44" y="401.65" angle="-90.00" type="DEFAULT_VEHTYPE" speed="13.03" pos="74.81" lane="3/2to2/2_0" slope="0.00"/>
        <vehicle id="4" x="484.68" y="401.65" angle="-90.00" type="DEFAULT_VEHTYPE" speed="13.50" pos="110.57" lane="3/2to2/2_0" slope="0.00"/>
        <vehicle id="5" x="398.35" y="602.37" angle="0.00" type="DEFAULT_VEHTYPE" speed="13.40" pos="2.38" lane=":2/3_1_0" slope="0.00"/>
        <vehicle id="6" x="698.26" y="201.65" angle="-90.00" type="DEFAULT_VEHTYPE" speed="13.54" pos="101.74" lane="4/1to3/1_0" slope="0.00"/>
        <vehicle id="7" x="392.58" y="598.35" angle="90.00" type="DEFAULT_VEHTYPE" speed="0.29" pos="187.83" lane="1/3to2/3_0" slope="0.00"/>
        <vehicle id="8" x="601.65" y="387.68" angle="180.00" type="DEFAULT_VEHTYPE" speed="5.42" pos="182.93" lane="3/1to3/2_0" slope="0.00"/>
        <vehicle id="9" x="56.78" y="201.65" angle="-90.00" type="DEFAULT_VEHTYPE" speed="13.81" pos="138.47" lane="1/1to0/1_0" slope="0.00"/>
    </timestep>
    <timestep time="349.00">
        <vehicle id="0" x="601.65" y="338.65" angle="180.00" type="DEFAULT_VEHTYPE" speed="12.61" pos="133.90" lane="3/1to3/2_0" slope="0.00"/>
        <vehicle id="1" x="435.23" y="401.65" angle="-90.00" type="DEFAULT_VEHTYPE" speed="13.33" pos="160.02" lane="3/2to2/2_0" slope="0.00"/>
        <vehicle id="11" x="398.35" y="185.99" angle="0.00" type="DEFAULT_VEHTYPE" speed="13.01" pos="9.26" lane="2/1to2/0_0" slope="0.00"/>
        <vehicle id="12" x="563.85" y="401.65" angle="-90.00" type="DEFAULT_VEHTYPE" speed="13.68" pos="31.40" lane="3/2to2/2_0" slope="0.00"/>
        <vehicle id="14" x="398.35" y="91.64" angle="0.00" type="DEFAULT_VEHTYPE" speed="13.24" pos="103.61" lane="2/1to2/0_0" slope="0.00"/>
        <vehicle id="15" x="596.52" y="198.35" angle="90.00" type="DEFAULT_VEHTYPE" speed="8.03" pos="1.27" lane=":3/1_13_0" slope="0.00"/>
        <vehicle id="16" x="601.65" y="223.66" angle="180.00" type="DEFAULT_VEHTYPE" speed="11.25" pos="18.91" lane="3/1to3/2_0" slope="0.00"/>
        <vehicle id="17" x="320.91" y="401.65" angle="-90.00" type="DEFAULT_VEHTYPE" speed="12.72" pos="74.34" lane="2/2to1/2_0" slope="0.00"/>
        <vehicle id="18" x="398.35" y="537.27" angle="0.00" type="DEFAULT_VEHTYPE" speed="13.37" pos="57.98" lane="2/3to2/2_0" slope="0.00"/>
        <vehicle id="19" x="214.26" y="201.65" angle="-90.00" type="DEFAULT_VEHTYPE" speed="6.36" pos="180.99" lane="2/1to1/1_0" slope="0.00"/>
        <vehicle id="2" x="800.56" y="198.72" angle="94.30" type="DEFAULT_VEHTYPE" speed="13.51" pos="0.67" lane=":4/1_0_0" slope="0.00"/>
        <vehicle id="20" x="398.35" y="142.27" angle="0.00" type="DEFAULT_VEHTYPE" speed="12.90" pos="52.98" lane="2/1to2/0_0" slope="0.00"/>
        <vehicle id="21" x="703.87" y="198.35" angle="90.00" type="DEFAULT_VEHTYPE" speed="13.51" pos="99.12" lane="3/1to4/1_0" slope="0.00"/>
        <vehicle id="22" x="201.65" y="27.81" angle="180.00" type="DEFAULT_VEHTYPE" speed="13.45" pos="27.81" lane="1/0to1/1_0" slope="0.00"/>
        <vehicle id="23" x="601.65" y="367.18" angle="180.00" type="DEFAULT_VEHTYPE" speed="11.59" pos="162.43" lane="3/1to3/2_0" slope="0.00"/>
        <vehicle id="24" x="668.45" y="198.35" angle="90.00" type="DEFAULT_VEHTYPE" speed="13.67" pos="63.70" lane="3/1to4/1_0" slope="0.00"/>
        <vehicle id="3" x="506.68" y="401.65" angle="-90.00" type="DEFAULT_VEHTYPE" speed="13.76" pos="88.57" lane="3/2to2/2_0" slope="0.00"/>
        <vehicle id="4" x="471.76" y="401.65" angle="-90.00" type="DEFAULT_VEHTYPE" speed="12.92" pos="123.49" lane="3/2to2/2_0" slope="0.00"/>
        <vehicle id="5" x="398.35" y="589.73" angle="0.00" type="DEFAULT_VEHTYPE" speed="12.65" pos="5.52" lane="2/3to2/2_0" slope="0.00"/>
        <vehicle id="6" x="685.42" y="201.65" angle="-90.00" type="DEFAULT_VEHTYPE" speed="12.84" pos="114.58" lane="4/1to3/1_0" slope="0.00"/>
        <vehicle id="7" x="394.38" y="598.35" angle="90.00" type="DEFAULT_VEHTYPE" speed="1.80" pos="189.63" lane="1/3to2/3_0" slope="0.00"/>
        <vehicle id="8" x="601.65" y="390.05" angle="180.00" type="DEFAULT_VEHTYPE" speed="2.36" pos="185.30" lane="3/1to3/2_0" slope="0.00"/>
        <vehicle id="9" x="43.30" y="201.65" angle="-90.00" type="DEFAULT_VEHTYPE" speed="13.48" pos="151.95" lane="1/1to0/1_0" slope="0.00"/>
    </timestep>
    <timestep time="350.00">
        <vehicle id="0" x="601.65" y="352.07" angle="180.00" type="DEFAULT_VEHTYPE" speed="13.43" pos="147.32" lane="3/1to3/2_0" slope="0.00"/>
        <vehicle id="1" x="424.14" y="401.65" angle="-90.00" type="DEFAULT_VEHTYPE" speed="11.09" pos="171.11" lane="3/2to2/2_0" slope="0.00"/>
        <vehicle id="11" x="398.35" y="173.09" angle="0.00" type="DEFAULT_VEHTYPE" speed="12.90" pos="22.16" lane="2/1to2/0_0" slope="0.00"/>
        <vehicle id="12" x="550.60" y="401.65" angle="-90.00" type="DEFAULT_VEHTYPE" speed="13.24" pos="44.65" lane="3/2to2/2_0" slope="0.00"/>
        <vehicle id="14" x="398.35" y="78.60" angle="0.00" type="DEFAULT_VEHTYPE" speed="13.05" pos="116.65" lane="2/1to2/0_0" slope="0.00"/>
        <vehicle id="15" x="605.95" y="198.35" angle="90.00" type="DEFAULT_VEHTYPE" speed="9.43" pos="1.20" lane="3/1to4/1_0" slope="0.00"/>
        <vehicle id="16" x="601.65" y="236.93" angle="180.00" type="DEFAULT_VEHTYPE" speed="13.27" pos="32.18" lane="3/1to3/2_0" slope="0.00"/>
        <vehicle id="17" x="307.58" y="401.65" angle="-90.00" type="DEFAULT_VEHTYPE" speed="13.33" pos="87.67" lane="2/2to1/2_0" slope="0.00"/>
        <vehicle id="18" x="398.35" y="524.29" angle="0.00" type="DEFAULT_VEHTYPE" speed="12.98" pos="70.96" lane="2/3to2/2_0" slope="0.00"/>
        <vehicle id="19" x="210.90" y="201.65" angle="-90.00" type="DEFAULT_VEHTYPE" speed="3.37" pos="184.35" lane="2/1to1/1_0" slope="0.00"/>
        <vehicle id="2" x="791.14" y="201.65" angle="-90.00" type="DEFAULT_VEHTYPE" speed="13.01" pos="8.86" lane="4/1to3/1_0" slope="0.00"/>
        <vehicle id="20" x="398.35" y="129.65" angle="0.00" type="DEFAULT_VEHTYPE" speed="12.62" pos="65.60" lane="2/1to2/0_0" slope="0.00"/>
        <vehicle id="21" x="717.52" y="198.35" angle="90.00" type="DEFAULT_VEHTYPE" speed="13.65" pos="112.77" lane="3/1to4/1_0" slope="0.00"/>
        <vehicle id="22" x="201.65" y="40.87" angle="180.00" type="DEFAULT_VEHTYPE" speed="13.06" pos="40.87" lane="1/0to1/1_0" slope="0.00"/>
        <vehicle id="23" x="601.65" y="374.41" angle="180.00" type="DEFAULT_VEHTYPE" speed="7.24" pos="169.66" lane="3/1to3/2_0" slope="0.00"/>
        <vehicle id="24" x="682.12" y="198.35" angle="90.00" type="DEFAULT_VEHTYPE" speed="13.68" pos="77.37" lane="3/1to4/1_0" slope="0.00"/>
        <vehicle id="3" x="493.26" y="401.65" angle="-90.00" type="DEFAULT_VEHTYPE" speed="13.42" pos="101.99" lane="3/2to2/2_0" slope="0.00"/>
        <vehicle id="4" x="458.44" y="401.65" angle="-90.00" type="DEFAULT_VEHTYPE" speed="13.32" pos="136.81" lane="3/2to2/2_0" slope="0.00"/>
        <vehicle id="5" x="398.35" y="576.97" angle="0.00" type="DEFAULT_VEHTYPE" speed="12.76" pos="18.28" lane="2/3to2/2_0" slope="0.00"/>
        <vehicle id="6" x="672.69" y="201.65" angle="-90.00" type="DEFAULT_VEHTYPE" speed="12.74" pos="127.31" lane="4/1to3/1_0" slope="0.00"/>
        <vehicle id="7" x="398.32" y="598.91" angle="96.52" type="DEFAULT_VEHTYPE" speed="4.01" pos="3.15" lane=":2/3_14_0" slope="0.00"/>
        <vehicle id="8" x="601.65" y="394.50" angle="180.00" type="DEFAULT_VEHTYPE" speed="4.45" pos="189.75" lane="3/1to3/2_0" slope="0.00"/>
        <vehicle id="9" x="29.41" y="201.65" angle="-90.00" type="DEFAULT_VEHTYPE" speed="13.89" pos="165.84" lane="1/1to0/1_0" slope="0.00"/>
    </timestep>
    <timestep time="351.00">
        <vehicle id="0" x="601.65" y="361.38" angle="180.00" type="DEFAULT_VEHTYPE" speed="9.31" pos="156.63" lane="3/1to3/2_0" slope="0.00"/>
        <vehicle id="1" x="416.29" y="401.65" angle="-90.00" type="DEFAULT_VEHTYPE" speed="7.85" pos="178.96" lane="3/2to2/2_0" slope="0.00"/>
        <vehicle id="11" x="398.35" y="160.16" angle="0.00" type="DEFAULT_VEHTYPE" speed="12.93" pos="35.09" lane="2/1to2/0_0" slope="0.00"/>
        <vehicle id="12" x="537.78" y="401.65" angle="-90.00" type="DEFAULT_VEHTYPE" speed="12.82" pos="57.47" lane="3/2to2/2_0" slope="0.00"/>
        <vehicle id="14" x="398.35" y="65.07" angle="0.00" type="DEFAULT_VEHTYPE" speed="13.52" pos="130.18" lane="2/1to2/0_0" slope="0.00"/>
        <vehicle id="15" x="617.19" y="198.35" angle="90.00" type="DEFAULT_VEHTYPE" speed="11.24" pos="12.44" lane="3/1to4/1_0" slope="0.00"/>
        <vehicle id="16" x="601.65" y="249.80" angle="180.00" type="DEFAULT_VEHTYPE" speed="12.87" pos="45.05" lane="3/1to3/2_0" slope="0.00"/>
        <vehicle id="17" x="294.42" y="401.65" angle="-90.00" type="DEFAULT_VEHTYPE" speed="13.17" pos="100.83" lane="2/2to1/2_0" slope="0.00"/>
        <vehicle id="18" x="398.35" y="511.64" angle="0.00" type="DEFAULT_VEHTYPE" speed="12.65" pos="83.61" lane="2/3to2/2_0" slope="0.00"/>
        <vehicle id="19" x="205.67" y="201.65" angle="-90.00" type="DEFAULT_VEHTYPE" speed="5.23" pos="189.58" lane="2/1to1/1_0" slope="0.00"/>
        <vehicle id="2" x="778.18" y="201.65" angle="-90.00" type="DEFAULT_VEHTYPE" speed="12.96" pos="21.82" lane="4/1to3/1_0" slope="0.00"/>
        <vehicle id="20" x="398.35" y="115.86" angle="0.00" type="DEFAULT_VEHTYPE" speed="13.80" pos="79.39" lane="2/1to2/0_0" slope="0.00"/>
        <vehicle id="21" x="730.99" y="198.35" angle="90.00" type="DEFAULT_VEHTYPE" speed="13.46" pos="126.24" lane="3/1to4/1_0" slope="0.00"/>
        <vehicle id="22" x="201.65" y="54.58" angle="180.00" type="DEFAULT_VEHTYPE" speed="13.71" pos="54.58" lane="1/0to1/1_0" slope="0.00"/>
        <vehicle id="23" x="601.65" y="380.96" angle="180.00" type="DEFAULT_VEHTYPE" speed="6.54" pos="176.21" lane="3/1to3/2_0" slope="0.00"/>
        <vehicle id="24" x="695.32" y="198.35" angle="90.00" type="DEFAULT_VEHTYPE" speed="13.19" pos="90.57" lane="3/1to4/1_0" slope="0.00"/>
        <vehicle id="3" x="480.33" y="401.65" angle="-90.00" type="DEFAULT_VEHTYPE" speed="12.93" pos="114.92" lane="3/2to2/2_0" slope="0.00"/>
        <vehicle id="4" x="445.83" y="401.65" angle="-90.00" type="DEFAULT_VEHTYPE" speed="12.61" pos="149.42" lane="3/2to2/2_0" slope="0.00"/>
        <vehicle id="5" x="398.35" y="563.25" angle="0.00" type="DEFAULT_VEHTYPE" speed="13.71" pos="32.00" lane="2/3to2/2_0" slope="0.00"/>
        <vehicle id="6" x="659.67" y="201.65" angle="-90.00" type="DEFAULT_VEHTYPE" speed="13.02" pos="140.33" lane="4/1to3/1_0" slope="0.00"/>
        <vehicle id="7" x="401.41" y="603.05" angle="145.41" type="DEFAULT_VEHTYPE" speed="5.46" pos="8.61" lane=":2/3_14_0" slope="0.00"/>
        <vehicle id="8" x="599.22" y="400.55" angle="-151.55" type="DEFAULT_VEHTYPE" speed="6.87" pos="6.12" lane=":3/2_10_0" slope="0.00"/>
        <vehicle id="9" x="16.79" y="201.65" angle="-90.00" type="DEFAULT_VEHTYPE" speed="12.62" pos="178.46" lane="1/1to0/1_0" slope="0.00"/>
    </timestep>
    <timestep time="352.00">
        <vehicle id="0" x="601.65" y="369.21" angle="180.00" type="DEFAULT_VEHTYPE" speed="7.82" pos="164.46" lane="3/1to3/2_0" slope="0.00"/>
        <vehicle id="1" x="410.75" y="401.65" angle="-90.00" type="DEFAULT_VEHTYPE" speed="5.54" pos="184.50" lane="3/2to2/2_0" slope="0.00"/>
        <vehicle id="11" x="398.35" y="146.71" angle="0.00" type="DEFAULT_VEHTYPE" speed="13.45" pos="48.54" lane="2/1to2/0_0" slope="0.00"/>
        <vehicle id="12" x="524.48" y="401.65" angle="-90.00" type="DEFAULT_VEHTYPE" speed="13.30" pos="70.77" lane="3/2to2/2_0" slope="0.00"/>
        <vehicle id="14" x="398.35" y="51.69" angle="0.00" type="DEFAULT_VEHTYPE" speed="13.38" pos="143.56" lane="2/1to2/0_0" slope="0.00"/>
        <vehicle id="15" x="630.89" y="198.35" angle="90.00" type="DEFAULT_VEHTYPE" speed="13.70" pos="26.14" lane="3/1to4/1_0" slope="0.00"/>
        <vehicle id="16" x="601.65" y="263.18" angle="180.00" type="DEFAULT_VEHTYPE" speed="13.38" pos="58.43" lane="3/1to3/2_0" slope="0.00"/>
        <vehicle id="17" x="280.88" y="401.65" angle="-90.00" type="DEFAULT_VEHTYPE" speed="13.53" pos="114.37" lane="2/2to1/2_0" slope="0.00"/>
        <vehicle id="18" x="398.35" y="498.36" angle="0.00" type="DEFAULT_VEHTYPE" speed="13.28" pos="96.89" lane="2/3to2/2_0" slope="0.00"/>
        <vehicle id="19" x="201.65" y="205.76" angle="-152.17" type="DEFAULT_VEHTYPE" speed="6.93" pos="1.01" lane="1/1to1/2_0" slope="0.00"/>
        <vehicle id="2" x="765.49" y="201.65" angle="-90.00" type="DEFAULT_VEHTYPE" speed="12.70" pos="34.51" lane="4/1to3/1_0" slope="0.00"/>
        <vehicle id="20" x="398.35" y="102.11" angle="0.00" type="DEFAULT_VEHTYPE" speed="13.74" pos="93.14" lane="2/1to2/0_0" slope="0.00"/>
        <vehicle id="21" x="744.80" y="198.35" angle="90.00" type="DEFAULT_VEHTYPE" speed="13.81" pos="140.05" lane="3/1to4/1_0" slope="0.00"/>
        <vehicle id="22" x="201.65" y="67.88" angle="180.00" type="DEFAULT_VEHTYPE" speed="13.30" pos="67.88" lane="1/0to1/1_0" slope="0.00"/>
        <vehicle id="23" x="601.65" y="387.13" angle="180.00" type="DEFAULT_VEHTYPE" speed="6.17" pos="182.38" lane="3/1to3/2_0" slope="0.00"/>
        <vehicle id="24" x="707.99" y="198.35" angle="90.00" type="DEFAULT_VEHTYPE" speed="12.67" pos="103.24" lane="3/1to4/1_0" slope="0.00"/>
        <vehicle id="3" x="467.54" y="401.65" angle="-90.00" type="DEFAULT_VEHTYPE" speed="12.79" pos="127.71" lane="3/2to2/2_0" slope="0.00"/>
        <vehicle id="4" x="434.01" y="401.65" angle="-90.00" type="DEFAULT_VEHTYPE" speed="11.83" pos="161.24" lane="3/2to2/2_0" slope="0.00"/>
        <vehicle id="5" x="398.35" y="550.07" angle="0.00" type="DEFAULT_VEHTYPE" speed="13.19" pos="45.18" lane="2/3to2/2_0" slope="0.00"/>
        <vehicle id="6" x="646.63" y="201.65" angle="-90.00" type="DEFAULT_VEHTYPE" speed="13.03" pos="153.37" lane="4/1to3/1_0" slope="0.00"/>
        <vehicle id="7" x="401.65" y="610.77" angle="180.00" type="DEFAULT_VEHTYPE" speed="7.73" pos="6.02" lane="2/3to2/4_0" slope="0.00"/>
        <vehicle id="8" x="590.24" y="401.65" angle="-90.00" type="DEFAULT_VEHTYPE" speed="9.21" pos="5.01" lane="3/2to2/2_0" slope="0.00"/>
        <vehicle id="9" x="3.92" y="201.65" angle="-90.00" type="DEFAULT_VEHTYPE" speed="12.87" pos="191.33" lane="1/1to0/1_0" slope="0.00"/>
    </timestep>
    <timestep time="353.00">
        <vehicle id="0" x="601.65" y="376.90" angle="180.00" type="DEFAULT_VEHTYPE" speed="7.69" pos="172.15" lane="3/1to3/2_0" slope="0.00"/>
        <vehicle id="1" x="403.71" y="401.65" angle="-90.00" type="DEFAULT_VEHTYPE" speed="7.03" pos="1.04" lane=":2/2_5_0" slope="0.00"/>
        <vehicle id="11" x="398.35" y="133.32" angle="0.00" type="DEFAULT_VEHTYPE" speed="13.39" pos="61.93" lane="2/1to2/0_0" slope="0.00"/>
        <vehicle id="12" x="510.61" y="401.65" angle="-90.00" type="DEFAULT_VEHTYPE" speed="13.88" pos="84.64" lane="3/2to2/2_0" slope="0.00"/>
        <vehicle id="14" x="398.35" y="38.82" angle="0.00" type="DEFAULT_VEHTYPE" speed="12.87" pos="156.43" lane="2/1to2/0_0" slope="0.00"/>
        <vehicle id="15" x="643.63" y="198.35" angle="90.00" type="DEFAULT_VEHTYPE" speed="12.75" pos="38.88" lane="3/1to4/1_0" slope="0.00"/>
        <vehicle id="16" x="601.65" y="276.09" angle="180.00" type="DEFAULT_VEHTYPE" speed="12.91" pos="71.34" lane="3/1to3/2_0" slope="0.00"/>
        <vehicle id="17" x="267.25" y="401.65" angle="-90.00" type="DEFAULT_VEHTYPE" speed="13.63" pos="128.00" lane="2/2to1/2_0" slope="0.00"/>
        <vehicle id="18" x="398.35" y="485.68" angle="0.00" type="DEFAULT_VEHTYPE" speed="12.68" pos="109.57" lane="2/3to2/2_0" slope="0.00"/>
        <vehicle id="19" x="201.65" y="214.22" angle="180.00" type="DEFAULT_VEHTYPE" speed="8.46" pos="9.47" lane="1/1to1/2_0" slope="0.00"/>
        <vehicle id="2" x="752.00" y="201.65" angle="-90.00" type="DEFAULT_VEHTYPE" speed="13.48" pos="48.00" lane="4/1to3/1_0" slope="0.00"/>
        <vehicle id="20" x="398.35" y="88.81" angle="0.00" type="DEFAULT_VEHTYPE" speed="13.30" pos="106.44" lane="2/1to2/0_0" slope="0.00"/>
        <vehicle id="21" x="758.65" y="198.35" angle="90.00" type="DEFAULT_VEHTYPE" speed="13.85" pos="153.90" lane="3/1to4/1_0" slope="0.00"/>
        <vehicle id="22" x="201.65" y="81.13" angle="180.00" type="DEFAULT_VEHTYPE" speed="13.25" pos="81.13" lane="1/0to1/1_0" slope="0.00"/>
        <vehicle id="23" x="601.65" y="389.97" angle="180.00" type="DEFAULT_VEHTYPE" speed="2.84" pos="185.22" lane="3/1to3/2_0" slope="0.00"/>
        <vehicle id="24" x="721.66" y="198.35" angle="90.00" type="DEFAULT_VEHTYPE" speed="13.67" pos="116.91" lane="3/1to4/1_0" slope="0.00"/>
        <vehicle id="3" x="454.09" y="401.65" angle="-90.00" type="DEFAULT_VEHTYPE" speed="13.45" pos="141.16" lane="3/2to2/2_0" slope="0.00"/>
        <vehicle id="4" x="424.83" y="401.65" angle="-90.00" type="DEFAULT_VEHTYPE" speed="9.18" pos="170.42" lane="3/2to2/2_0" slope="0.00"/>
        <vehicle id="5" x="398.35" y="536.93" angle="0.00" type="DEFAULT_VEHTYPE" speed="13.14" pos="58.32" lane="2/3to2/2_0" slope="0.00"/>
        <vehicle id="6" x="632.79" y="201.65" angle="-90.00" type="DEFAULT_VEHTYPE" speed="13.85" pos="167.21" lane="4/1to3/1_0" slope="0.00"/>
        <vehicle id="7" x="401.65" y="619.99" angle="180.00" type="DEFAULT_VEHTYPE" speed="9.22" pos="15.24" lane="2/3to2/4_0" slope="0.00"/>
        <vehicle id="8" x="579.35" y="401.65" angle="-90.00" type="DEFAULT_VEHTYPE" speed="10.89" pos="15.90" lane="3/2to2/2_0" slope="0.00"/>
        <vehicle id="9" x="4.50" y="198.35" angle="86.73" type="DEFAULT_VEHTYPE" speed="13.24" pos="4.50" lane="0/1to1/1_0" slope="0.00"/>
    </timestep>
    <timestep time="354.00">
        <vehicle id="0" x="601.65" y="380.09" angle="180.00" type="DEFAULT_VEHTYPE" speed="3.19" pos="175.34" lane="3/1to3/2_0" slope="0.00"/>
        <vehicle id="1" x="394.66" y="401.65" angle="-90.00" type="DEFAULT_VEHTYPE" speed="9.05" pos="0.59" lane="2/2to1/2_0" slope="0.00"/>
        <vehicle id="11" x="398.35" y="119.71" angle="0.00" type="DEFAULT_VEHTYPE" speed="13.61" pos="75.54" lane="2/1to2/0_0" slope="0.00"/>
        <vehicle id="12" x="496.90" y="401.65" angle="-90.00" type="DEFAULT_VEHTYPE" speed="13.71" pos="98.35" lane="3/2to2/2_0" slope="0.00"/>
        <vehicle id="14" x="398.35" y="24.93" angle="0.00" type="DEFAULT_VEHTYPE" speed="13.89" pos="170.32" lane="2/1to2/0_0" slope="0.00"/>
        <vehicle id="15" x="657.21" y="198.35" angle="90.00" type="DEFAULT_VEHTYPE" speed="13.58" pos="52.46" lane="3/1to4/1_0" slope="0.00"/>
        <vehicle id="16" x="601.65" y="289.08" angle="180.00" type="DEFAULT_VEHTYPE" speed="13.00" pos="84.33" lane="3/1to3/2_0" slope="0.00"/>
        <vehicle id="17" x="253.94" y="401.65" angle="-90.00" type="DEFAULT_VEHTYPE" speed="13.31" pos="141.31" lane="2/2to1/2_0" slope="0.00"/>
        <vehicle id="18" x="398.35" y="472.25" angle="0.00" type="DEFAULT_VEHTYPE" speed="13.44" pos="123.00" lane="2/3to2/2_0" slope="0.00"/>
        <vehicle id="19" x="201.65" y="224.16" angle="180.00" type="DEFAULT_VEHTYPE" speed="9.94" pos="19.41" lane="1/1to1/2_0" slope="0.00"/>
        <vehicle id="2" x="739.25" y="201.65" angle="-90.00" type="DEFAULT_VEHTYPE" speed="12.75" pos="60.75" lane="4/1to3/1_0" slope="0.00"/>
        <vehicle id="20" x="398.35" y="75.30" angle="0.00" type="DEFAULT_VEHTYPE" speed="13.51" pos="119.95" lane="2/1to2/0_0" slope="0.00"/>
        <vehicle id="21" x="771.40" y="198.35" angle="90.00" type="DEFAULT_VEHTYPE" speed="12.75" pos="166.65" lane="3/1to4/1_0" slope="0.00"/>
        <vehicle id="22" x="201.65" y="94.74" angle="180.00" type="DEFAULT_VEHTYPE" speed="13.61" pos="94.74" lane="1/0to1/1_0" slope="0.00"/>
        <vehicle id="23" x="601.65" y="394.62" angle="180.00" type="DEFAULT_VEHTYPE" speed="4.65" pos="189.87" lane="3/1to3/2_0" slope="0.00"/>
        <vehicle id="24" x="735.34" y="198.35" angle="90.00" type="DEFAULT_VEHTYPE" speed="13.68" pos="130.59" lane="3/1to4/1_0" slope="0.00"/>
        <vehicle id="3" x="441.90" y="401.65" angle="-90.00" type="DEFAULT_VEHTYPE" speed="12.19" pos="153.35" lane="3/2to2/2_0" slope="0.00"/>
        <vehicle id="4" x="417.18" y="401.65" angle="-90.00" type="DEFAULT_VEHTYPE" speed="7.65" pos="178.07" lane="3/2to2/2_0" slope="0.00"/>
        <vehicle id="5" x="398.35" y="523.76" angle="0.00" type="DEFAULT_VEHTYPE" speed="13.17" pos="71.49" lane="2/3to2/2_0" slope="0.00"/>
        <vehicle id="6" x="622.10" y="201.65" angle="-90.00" type="DEFAULT_VEHTYPE" speed="10.69" pos="177.90" lane="4/1to3/1_0" slope="0.00"/>
        <vehicle id="7" x="401.65" y="630.85" angle="180.00" type="DEFAULT_VEHTYPE" speed="10.86" pos="26.10" lane="2/3to2/4_0" slope="0.00"/>
        <vehicle id="8" x="566.63" y="401.65" angle="-90.00" type="DEFAULT_VEHTYPE" speed="12.72" pos="28.62" lane="3/2to2/2_0" slope="0.00"/>
        <vehicle id="9" x="17.12" y="198.35" angle="90.00" type="DEFAULT_VEHTYPE" speed="12.62" pos="17.12" lane="0/1to1/1_0" slope="0.00"/>
    </timestep>
    <timestep time="355.00">
        <vehicle id="0" x="601.65" y="385.29" angle="180.00" type="DEFAULT_VEHTYPE" speed="5.20" pos="180.54" lane="3/1to3/2_0" slope="0.00"/>
        <vehicle id="1" x="384.04" y="401.65" angle="-90.00" type="DEFAULT_VEHTYPE" speed="10.63" pos="11.21" lane="2/2to1/2_0" slope="0.00"/>
        <vehicle id="11" x="398.35" y="106.50" angle="0.00" type="DEFAULT_VEHTYPE" speed="13.21" pos="88.75" lane="2/1to2/0_0" slope="0.00"/>
        <vehicle id="12" x="483.72" y="401.65" angle="-90.00" type="DEFAULT_VEHTYPE" speed="13.18" pos="111.53" lane="3/2to2/2_0" slope="0.00"/>
        <vehicle id="14" x="398.35" y="11.12" angle="0.00" type="DEFAULT_VEHTYPE" speed="13.81" pos="184.13" lane="2/1to2/0_0" slope="0.00"/>
        <vehicle id="15" x="670.82" y="198.35" angle="90.00" type="DEFAULT_VEHTYPE" speed="13.61" pos="66.07" lane="3/1to4/1_0" slope="0.00"/>
        <vehicle id="16" x="601.65" y="302.92" angle="180.00" type="DEFAULT_VEHTYPE" speed="13.84" pos="98.17" lane="3/1to3/2_0" slope="0.00"/>
        <vehicle id="17" x="240.69" y="401.65" angle="-90.00" type="DEFAULT_VEHTYPE" speed="13.26" pos="154.56" lane="2/2to1/2_0" slope="0.00"/>
        <vehicle id="18" x="398.35" y="458.52" angle="0.00" type="DEFAULT_VEHTYPE" speed="13.72" pos="136.73" lane="2/3to2/2_0" slope="0.00"/>
        <vehicle id="19" x="201.65" y="236.00" angle="180.00" type="DEFAULT_VEHTYPE" speed="11.83" pos="31.25" lane="1/1to1/2_0" slope="0.00"/>
        <vehicle id="2" x="725.71" y="201.65" angle="-90.00" type="DEFAULT_VEHTYPE" speed="13.55" pos="74.29" lane="4/1to3/1_0" slope="0.00"/>
        <vehicle id="20" x="398.35" y="62.21" angle="0.00" type="DEFAULT_VEHTYPE" speed="13.09" pos="133.04" lane="2/1to2/0_0" slope="0.00"/>
        <vehicle id="21" x="784.12" y="198.35" angle="90.00" type="DEFAULT_VEHTYPE" speed="12.72" pos="179.37" lane="3/1to4/1_0" slope="0.00"/>
        <vehicle id="22" x="201.65" y="108.42" angle="180.00" type="DEFAULT_VEHTYPE" speed="13.68" pos="108.42" lane="1/0to1/1_0" slope="0.00"/>
        <vehicle id="23" x="598.98" y="400.69" angle="-148.62" type="DEFAULT_VEHTYPE" speed="7.04" pos="6.41" lane=":3/2_10_0" slope="0.00"/>
        <vehicle id="24" x="749.08" y="198.35" angle="90.00" type="DEFAULT_VEHTYPE" speed="13.74" pos="144.33" lane="3/1to4/1_0" slope="0.00"/>
        <vehicle id="3" x="431.94" y="401.65" angle="-90.00" type="DEFAULT_VEHTYPE" speed="9.96" pos="163.31" lane="3/2to2/2_0" slope="0.00"/>
        <vehicle id="4" x="412.30" y="401.65" angle="-90.00" type="DEFAULT_VEHTYPE" speed="4.87" pos="182.95" lane="3/2to2/2_0" slope="0.00"/>
        <vehicle id="5" x="398.35" y="510.39" angle="0.00" type="DEFAULT_VEHTYPE" speed="13.37" pos="84.86" lane="2/3to2/2_0" slope="0.00"/>
        <vehicle id="6" x="614.65" y="201.65" angle="-90.00" type="DEFAULT_VEHTYPE" speed="7.44" pos="185.35" lane="4/1to3/1_0" slope="0.00"/>
        <vehicle id="7" x="401.65" y="643.94" angle="180.00" type="DEFAULT_VEHTYPE" speed="13.08" pos="39.19" lane="2/3to2/4_0" slope="0.00"/>
        <vehicle id="8" x="553.26" y="401.65" angle="-90.00" type="DEFAULT_VEHTYPE" speed="13.38" pos="41.99" lane="3/2to2/2_0" slope="0.00"/>
        <vehicle id="9" x="30.22" y="198.35" angle="90.00" type="DEFAULT_VEHTYPE" speed="13.11" pos="30.22" lane="0/1to1/1_0" slope="0.00"/>
    </timestep>
    <timestep time="356.00">
        <vehicle id="0" x="601.65" y="389.01" angle="180.00" type="DEFAULT_VEHTYPE" speed="3.72" pos="184.26" lane="3/1to3/2_0" slope="0.00"/>
        <vehicle id="1" x="371.33" y="401.65" angle="-90.00" type="DEFAULT_VEHTYPE" speed="12.70" pos="23.92" lane="2/2to1/2_0" slope="0.00"/>
        <vehicle id="11" x="398.35" y="92.92" angle="0.00" type="DEFAULT_VEHTYPE" speed="13.58" pos="102.33" lane="2/1to2/0_0" slope="0.00"/>
        <vehicle id="12" x="470.99" y="401.65" angle="-90.00" type="DEFAULT_VEHTYPE" speed="12.73" pos="124.26" lane="3/2to2/2_0" slope="0.00"/>
        <vehicle id="14" x="400.23" y="-1.53" angle="26.00" type="DEFAULT_VEHTYPE" speed="13.79" pos="2.67" lane=":2/0_0_0" slope="0.00"/>
        <vehicle id="15" x="683.77" y="198.35" angle="90.00" type="DEFAULT_VEHTYPE" speed="12.95" pos="79.02" lane="3/1to4/1_0" slope="0.00"/>
        <vehicle id="16" x="601.65" y="316.44" angle="180.00" type="DEFAULT_VEHTYPE" speed="13.52" pos="111.69" lane="3/1to3/2_0" slope="0.00"/>
        <vehicle id="17" x="227.30" y="401.65" angle="-90.00" type="DEFAULT_VEHTYPE" speed="13.39" pos="167.95" lane="2/2to1/2_0" slope="0.00"/>
        <vehicle id="18" x="398.35" y="445.91" angle="0.00" type="DEFAULT_VEHTYPE" speed="12.62" pos="149.34" lane="2/3to2/2_0" slope="0.00"/>
        <vehicle id="19" x="201.65" y="248.75" angle="180.00" type="DEFAULT_VEHTYPE" speed="12.76" pos="44.00" lane="1/1to1/2_0" slope="0.00"/>
        <vehicle id="2" x="711.95" y="201.65" angle="-90.00" type="DEFAULT_VEHTYPE" speed="13.76" pos="88.05" lane="4/1to3/1_0" slope="0.00"/>
        <vehicle id="20" x="398.35" y="48.52" angle="0.00" type="DEFAULT_VEHTYPE" speed="13.69" pos="146.73" lane="2/1to2/0_0" slope="0.00"/>
        <vehicle id="21" x="797.76" y="198.35" angle="90.00" type="DEFAULT_VEHTYPE" speed="13.64" pos="193.01" lane="3/1to4/1_0" slope="0.00"/>
        <vehicle id="22" x="201.65" y="121.40" angle="180.00" type="DEFAULT_VEHTYPE" speed="12.98" pos="121.40" lane="1/0to1/1_0" slope="0.00"/>
        <vehicle id="23" x="589.88" y="401.65" angle="-90.00" type="DEFAULT_VEHTYPE" speed="9.28" pos="5.37" lane="3/2to2/2_0" slope="0.00"/>
        <vehicle id="24" x="762.63" y="198.35" angle="90.00" type="DEFAULT_VEHTYPE" speed="13.54" pos="157.88" lane="3/1to4/1_0" slope="0.00"/>
        <vehicle id="3" x="424.00" y="401.65" angle="-90.00" type="DEFAULT_VEHTYPE" speed="7.94" pos="171.25" lane="3/2to2/2_0" slope="0.00"/>
        <vehicle id="4" x="409.94" y="401.65" angle="-90.00" type="DEFAULT_VEHTYPE" speed="2.37" pos="185.31" lane="3/2to2/2_0" slope="0.00"/>
        <vehicle id="5" x="398.35" y="497.50" angle="0.00" type="DEFAULT_VEHTYPE" speed="12.89" pos="97.75" lane="2/3to2/2_0" slope="0.00"/>
        <vehicle id="6" x="610.78" y="201.65" angle="-90.00" type="DEFAULT_VEHTYPE" speed="3.88" pos="189.22" lane="4/1to3/1_0" slope="0.00"/>
        <vehicle id="7" x="401.65" y="657.79" angle="180.00" type="DEFAULT_VEHTYPE" speed="13.86" pos="53.04" lane="2/3to2/4_0" slope="0.00"/>
        <vehicle id="8" x="539.43" y="401.65" angle="-90.00" type="DEFAULT_VEHTYPE" speed="13.83" pos="55.82" lane="3/2to2/2_0" slope="0.00"/>
        <vehicle id="9" x="43.68" y="198.35" angle="90.00" type="DEFAULT_VEHTYPE" speed="13.46" pos="43.68" lane="0/1to1/1_0" slope="0.00"/>
    </timestep>
    <timestep time="357.00">
        <vehicle id="0" x="601.65" y="395.21" angle="180.00" type="DEFAULT_VEHTYPE" speed="6.20" pos="190.46" lane="3/1to3/2_0" slope="0.00"/>
        <vehicle id="1" x="357.80" y="401.65" angle="-90.00" type="DEFAULT_VEHTYPE" speed="13.53" pos="37.45" lane="2/2to1/2_0" slope="0.00"/>
        <vehicle id="11" x="398.35" y="79.59" angle="0.00" type="DEFAULT_VEHTYPE" speed="13.33" pos="115.66" lane="2/1to2/0_0" slope="0.00"/>
        <vehicle id="12" x="458.20" y="401.65" angle="-90.00" type="DEFAULT_VEHTYPE" speed="12.80" pos="137.05" lane="3/2to2/2_0" slope="0.00"/>
        <vehicle id="14" x="401.65" y="11.31" angle="180.00" type="DEFAULT_VEHTYPE" speed="13.46" pos="11.31" lane="2/0to2/1_0" slope="0.00"/>
        <vehicle id="15" x="697.34" y="198.35" angle="90.00" type="DEFAULT_VEHTYPE" speed="13.57" pos="92.59" lane="3/1to4/1_0" slope="0.00"/>
        <vehicle id="16" x="601.65" y="329.22" angle="180.00" type="DEFAULT_VEHTYPE" speed="12.78" pos="124.47" lane="3/1to3/2_0" slope="0.00"/>
        <vehicle id="17" x="218.32" y="401.65" angle="-90.00" type="DEFAULT_VEHTYPE" speed="8.98" pos="176.93" lane="2/2to1/2_0" slope="0.00"/>
        <vehicle id="18" x="398.35" y="433.15" angle="0.00" type="DEFAULT_VEHTYPE" speed="12.75" pos="162.10" lane="2/3to2/2_0" slope="0.00"/>
        <vehicle id="19" x="201.65" y="261.51" angle="180.00" type="DEFAULT_VEHTYPE" speed="12.76" pos="56.76" lane="1/1to1/2_0" slope="0.00"/>
        <vehicle id="2" x="699.01" y="201.65" angle="-90.00" type="DEFAULT_VEHTYPE" speed="12.94" pos="100.99" lane="4/1to3/1_0" slope="0.00"/>
        <vehicle id="20" x="398.35" y="35.29" angle="0.00" type="DEFAULT_VEHTYPE" speed="13.23" pos="159.96" lane="2/1to2/0_0" slope="0.00"/>
        <vehicle id="21" x="793.18" y="201.65" angle="-90.00" type="DEFAULT_VEHTYPE" speed="13.87" pos="6.82" lane="4/1to3/1_0" slope="0.00"/>
        <vehicle id="22" x="201.65" y="134.73" angle="180.00" type="DEFAULT_VEHTYPE" speed="13.34" pos="134.73" lane="1/0to1/1_0" slope="0.00"/>
        <vehicle id="23" x="578.28" y="401.65" angle="-90.00" type="DEFAULT_VEHTYPE" speed="11.61" pos="16.97" lane="3/2to2/2_0" slope="0.00"/>
        <vehicle id="24" x="775.95" y="198.35" angle="90.00" type="DEFAULT_VEHTYPE" speed="13.32" pos="171.20" lane="3/1to4/1_0" slope="0.00"/>
        <vehicle id="3" x="419.84" y="401.65" angle="-90.00" type="DEFAULT_VEHTYPE" speed="4.16" pos="175.41" lane="3/2to2/2_0" slope="0.00"/>
        <vehicle id="4" x="405.35" y="401.65" angle="-90.00" type="DEFAULT_VEHTYPE" speed="4.58" pos="189.90" lane="3/2to2/2_0" slope="0.00"/>
        <vehicle id="5" x="398.35" y="484.90" angle="0.00" type="DEFAULT_VEHTYPE" speed="12.61" pos="110.35" lane="2/3to2/2_0" slope="0.00"/>
        <vehicle id="6" x="604.97" y="201.65" angle="-90.00" type="DEFAULT_VEHTYPE" speed="5.81" pos="195.03" lane="4/1to3/1_0" slope="0.00"/>
        <vehicle id="7" x="401.65" y="671.54" angle="180.00" type="DEFAULT_VEHTYPE" speed="13.75" pos="66.79" lane="2/3to2/4_0" slope="0.00"/>
        <vehicle id="8" x="526.31" y="401.65" angle="-90.00" type="DEFAULT_VEHTYPE" speed="13.12" pos="68.94" lane="3/2to2/2_0" slope="0.00"/>
        <vehicle id="9" x="56.29" y="198.35" angle="90.00" type="DEFAULT_VEHTYPE" speed="12.61" pos="56.29" lane="0/1to1/1_0" slope="0.00"/>
    </timestep>
    <timestep time="358.00">
        <vehicle id="0" x="597.05" y="401.39" angle="-125.70" type="DEFAULT_VEHTYPE" speed="8.54" pos="1.36" lane=":3/2_18_0" slope="0.00"/>
        <vehicle id="1" x="344.26" y="401.65" angle="-90.00" type="DEFAULT_VEHTYPE" speed="13.54" pos="50.99" lane="2/2to1/2_0" slope="0.00"/>
        <vehicle id="11" x="398.35" y="66.23" angle="0.00" type="DEFAULT_VEHTYPE" speed="13.36" pos="129.02" lane="2/1to2/0_0" slope="0.00"/>
        <vehicle id="12" x="445.51" y="401.65" angle="-90.00" type="DEFAULT_VEHTYPE" speed="12.68" pos="149.74" lane="3/2to2/2_0" slope="0.00"/>
        <vehicle id="14" x="401.65" y="23.96" angle="180.00" type="DEFAULT_VEHTYPE" speed="12.65" pos="23.96" lane="2/0to2/1_0" slope="0.00"/>
        <vehicle id="15" x="710.22" y="198.35" angle="90.00" type="DEFAULT_VEHTYPE" speed="12.88" pos="105.47" lane="3/1to4/1_0" slope="0.00"/>
        <vehicle id="16" x="601.65" y="342.42" angle="180.00" type="DEFAULT_VEHTYPE" speed="13.20" pos="137.67" lane="3/1to3/2_0" slope="0.00"/>
        <vehicle id="17" x="212.54" y="401.65" angle="-90.00" type="DEFAULT_VEHTYPE" speed="5.78" pos="182.71" lane="2/2to1/2_0" slope="0.00"/>
        <vehicle id="18" x="398.35" y="419.59" angle="0.00" type="DEFAULT_VEHTYPE" speed="13.56" pos="175.66" lane="2/3to2/2_0" slope="0.00"/>
        <vehicle id="19" x="201.65" y="275.05" angle="180.00" type="DEFAULT_VEHTYPE" speed="13.54" pos="70.30" lane="1/1to1/2_0" slope="0.00"/>
        <vehicle id="2" x="685.99" y="201.65" angle="-90.00" type="DEFAULT_VEHTYPE" speed="13.01" pos="114.01" lane="4/1to3/1_0" slope="0.00"/>
        <vehicle id="20" x="398.35" y="21.41" angle="0.00" type="DEFAULT_VEHTYPE" speed="13.88" pos="173.84" lane="2/1to2/0_0" slope="0.00"/>
        <vehicle id="21" x="780.31" y="201.65" angle="-90.00" type="DEFAULT_VEHTYPE" speed="12.87" pos="19.69" lane="4/1to3/1_0" slope="0.00"/>
        <vehicle id="22" x="201.65" y="147.43" angle="180.00" type="DEFAULT_VEHTYPE" speed="12.70" pos="147.43" lane="1/0to1/1_0" slope="0.00"/>
        <vehicle id="23" x="565.07" y="401.65" angle="-90.00" type="DEFAULT_VEHTYPE" speed="13.21" pos="30.18" lane="3/2to2/2_0" slope="0.00"/>
        <vehicle id="24" x="789.66" y="198.35" angle="90.00" type="DEFAULT_VEHTYPE" speed="13.71" pos="184.91" lane="3/1to4/1_0" slope="0.00"/>
        <vehicle id="3" x="414.66" y="401.65" angle="-90.00" type="DEFAULT_VEHTYPE" speed="5.18" pos="180.59" lane="3/2to2/2_0" slope="0.00"/>
        <vehicle id="4" x="400.86" y="401.65" angle="-90.00" type="DEFAULT_VEHTYPE" speed="4.49" pos="3.89" lane=":2/2_5_0" slope="0.00"/>
        <vehicle id="5" x="398.35" y="471.16" angle="0.00" type="DEFAULT_VEHTYPE" speed="13.74" pos="124.09" lane="2/3to2/2_0" slope="0.00"/>
        <vehicle id="6" x="601.65" y="206.87" angle="-166.70" type="DEFAULT_VEHTYPE" speed="7.34" pos="2.12" lane="3/1to3/2_0" slope="0.00"/>
        <vehicle id="7" x="401.65" y="685.29" angle="180.00" type="DEFAULT_VEHTYPE" speed="13.75" pos="80.54" lane="2/3to2/4_0" slope="0.00"/>
        <vehicle id="8" x="513.68" y="401.65" angle="-90.00" type="DEFAULT_VEHTYPE" speed="12.63" pos="81.57" lane="3/2to2/2_0" slope="0.00"/>
        <vehicle id="9" x="69.99" y="198.35" angle="90.00" type="DEFAULT_VEHTYPE" speed="13.70" pos="69.99" lane="0/1to1/1_0" slope="0.00"/>
    </timestep>
    <timestep time="359.00">
        <vehicle id="0" x="587.05" y="401.65" angle="-90.00" type="DEFAULT_VEHTYPE" speed="10.03" pos="8.20" lane="3/2to2/2_0" slope="0.00"/>
        <vehicle id="1" x="330.81" y="401.65" angle="-90.00" type="DEFAULT_VEHTYPE" speed="13.45" pos="64.44" lane="2/2to1/2_0" slope="0.00"/>
        <vehicle id="11" x="398.35" y="52.34" angle="0.00" type="DEFAULT_VEHTYPE" speed="13.89" pos="142.91" lane="2/1to2/0_0" slope="0.00"/>
        <vehicle id="12" x="433.87" y="401.65" angle="-90.00" type="DEFAULT_VEHTYPE" speed="11.65" pos="161.38" lane="3/2to2/2_0" slope="0.00"/>
        <vehicle id="14" x="401.65" y="37.30" angle="180.00" type="DEFAULT_VEHTYPE" speed="13.35" pos="37.30" lane="2/0to2/1_0" slope="0.00"/>
        <vehicle id="15" x="723.65" y="198.35" angle="90.00" type="DEFAULT_VEHTYPE" speed="13.43" pos="118.90" lane="3/1to4/1_0" slope="0.00"/>
        <vehicle id="16" x="601.65" y="355.51" angle="180.00" type="DEFAULT_VEHTYPE" speed="13.09" pos="150.76" lane="3/1to3/2_0" slope="0.00"/>
        <vehicle id="17" x="209.15" y="401.65" angle="-90.00" type="DEFAULT_VEHTYPE" speed="3.39" pos="186.10" lane="2/2to1/2_0" slope="0.00"/>
        <vehicle id="18" x="398.35" y="410.54" angle="0.00" type="DEFAULT_VEHTYPE" speed="9.06" pos="184.71" lane="2/3to2/2_0" slope="0.00"/>
        <vehicle id="19" x="201.65" y="288.06" angle="180.00" type="DEFAULT_VEHTYPE" speed="13.02" pos="83.31" lane="1/1to1/2_0" slope="0.00"/>
        <vehicle id="2" x="673.10" y="201.65" angle="-90.00" type="DEFAULT_VEHTYPE" speed="12.90" pos="126.90" lane="4/1to3/1_0" slope="0.00"/>
        <vehicle id="20" x="398.35" y="7.87" angle="0.00" type="DEFAULT_VEHTYPE" speed="13.54" pos="187.38" lane="2/1to2/0_0" slope="0.00"/>
        <vehicle id="21" x="766.89" y="201.65" angle="-90.00" type="DEFAULT_VEHTYPE" speed="13.42" pos="33.11" lane="4/1to3/1_0" slope="0.00"/>
        <vehicle id="22" x="201.65" y="160.55" angle="180.00" type="DEFAULT_VEHTYPE" speed="13.12" pos="160.55" lane="1/0to1/1_0" slope="0.00"/>
        <vehicle id="23" x="552.41" y="401.65" angle="-90.00" type="DEFAULT_VEHTYPE" speed="12.66" pos="42.84" lane="3/2to2/2_0" slope="0.00"/>
        <vehicle id="24" x="801.39" y="200.52" angle="122.67" type="DEFAULT_VEHTYPE" speed="13.34" pos="3.00" lane=":4/1_0_0" slope="0.00"/>
        <vehicle id="3" x="410.51" y="401.65" angle="-90.00" type="DEFAULT_VEHTYPE" speed="4.14" pos="184.74" lane="3/2to2/2_0" slope="0.00"/>
        <vehicle id="4" x="394.21" y="401.65" angle="-90.00" type="DEFAULT_VEHTYPE" speed="6.65" pos="1.04" lane="2/2to1/2_0" slope="0.00"/>
        <vehicle id="5" x="398.35" y="457.46" angle="0.00" type="DEFAULT_VEHTYPE" speed="13.70" pos="137.79" lane="2/3to2/2_0" slope="0.00"/>
        <vehicle id="6" x="601.65" y="216.59" angle="180.00" type="DEFAULT_VEHTYPE" speed="9.71" pos="11.84" lane="3/1to3/2_0" slope="0.00"/>
        <vehicle id="7" x="401.65" y="698.16" angle="180.00" type="DEFAULT_VEHTYPE" speed="12.87" pos="93.41" lane="2/3to2/4_0" slope="0.00"/>
        <vehicle id="8" x="501.03" y="401.65" angle="-90.00" type="DEFAULT_VEHTYPE" speed="12.65" pos="94.22" lane="3/2to2/2_0" slope="0.00"/>
        <vehicle id="9" x="83.38" y="198.35" angle="90.00" type="DEFAULT_VEHTYPE" speed="13.39" pos="83.38" lane="0/1to1/1_0" slope="0.00"/>
    </timestep>
    <timestep time="360.00">
        <vehicle id="0" x="574.57" y="401.65" angle="-90.00" type="DEFAULT_VEHTYPE" speed="12.48" pos="20.68" lane="3/2to2/2_0" slope="0.00"/>
        <vehicle id="1" x="317.97" y="401.65" angle="-90.00" type="DEFAULT_VEHTYPE" speed="12.85" pos="77.28" lane="2/2to1/2_0" slope="0.00"/>
        <vehicle id="11" x="398.35" y="38.62" angle="0.00" type="DEFAULT_VEHTYPE" speed="13.71" pos="156.63" lane="2/1to2/0_0" slope="0.00"/>
        <vehicle id="12" x="425.75" y="401.65" angle="-90.00" type="DEFAULT_VEHTYPE" speed="8.12" pos="169.50" lane="3/2to2/2_0" slope="0.00"/>
        <vehicle id="14" x="401.65" y="50.75" angle="180.00" type="DEFAULT_VEHTYPE" speed="13.45" pos="50.75" lane="2/0to2/1_0" slope="0.00"/>
        <vehicle id="15" x="736.25" y="198.35" angle="90.00" type="DEFAULT_VEHTYPE" speed="12.60" pos="131.50" lane="3/1to4/1_0" slope="0.00"/>
        <vehicle id="16" x="601.65" y="369.30" angle="180.00" type="DEFAULT_VEHTYPE" speed="13.79" pos="164.55" lane="3/1to3/2_0" slope="0.00"/>
        <vehicle id="17" x="204.02" y="401.65" angle="-90.00" type="DEFAULT_VEHTYPE" speed="5.13" pos="0.73" lane=":1/2_5_0" slope="0.00"/>
        <vehicle id="18" x="398.35" y="403.97" angle="0.00" type="DEFAULT_VEHTYPE" speed="6.56" pos="0.78" lane=":2/2_1_0" slope="0.00"/>
        <vehicle id="19" x="201.65" y="301.23" angle="180.00" type="DEFAULT_VEHTYPE" speed="13.16" pos="96.48" lane="1/1to1/2_0" slope="0.00"/>
        <vehicle id="2" x="659.44" y="201.65" angle="-90.00" type="DEFAULT_VEHTYPE" speed="13.66" pos="140.56" lane="4/1to3/1_0" slope="0.00"/>
        <vehicle id="20" x="401.65" y="1.09" angle="123.36" type="DEFAULT_VEHTYPE" speed="13.77" pos="1.09" lane="2/0to2/1_0" slope="0.00"/>
        <vehicle id="21" x="754.01" y="201.65" angle="-90.00" type="DEFAULT_VEHTYPE" speed="12.88" pos="45.99" lane="4/1to3/1_0" slope="0.00"/>
        <vehicle id="22" x="201.65" y="174.24" angle="180.00" type="DEFAULT_VEHTYPE" speed="13.69" pos="174.24" lane="1/0to1/1_0" slope="0.00"/>
        <vehicle id="23" x="539.35" y="401.65" angle="-90.00" type="DEFAULT_VEHTYPE" speed="13.06" pos="55.90" lane="3/2to2/2_0" slope="0.00"/>
        <vehicle id="24" x="788.36" y="201.65" angle="-90.00" type="DEFAULT_VEHTYPE" speed="13.46" pos="11.64" lane="4/1to3/1_0" slope="0.00"/>
        <vehicle id="3" x="408.52" y="401.65" angle="-90.00" type="DEFAULT_VEHTYPE" speed="2.00" pos="186.73" lane="3/2to2/2_0" slope="0.00"/>
        <vehicle id="4" x="385.32" y="401.65" angle="-90.00" type="DEFAULT_VEHTYPE" speed="8.89" pos="9.93" lane="2/2to1/2_0" slope="0.00"/>
        <vehicle id="5" x="398.35" y="444.35" angle="0.00" type="DEFAULT_VEHTYPE" speed="13.11" pos="150.90" lane="2/3to2/2_0" slope="0.00"/>
        <vehicle id="6" x="601.65" y="227.60" angle="180.00" type="DEFAULT_VEHTYPE" speed="11.02" pos="22.85" lane="3/1to3/2_0" slope="0.00"/>
        <vehicle id="7" x="401.65" y="711.91" angle="180.00" type="DEFAULT_VEHTYPE" speed="13.75" pos="107.16" lane="2/3to2/4_0" slope="0.00"/>
        <vehicle id="8" x="488.18" y="401.65" angle="-90.00" type="DEFAULT_VEHTYPE" speed="12.85" pos="107.07" lane="3/2to2/2_0" slope="0.00"/>
        <vehicle id="9" x="97.08" y="198.35" angle="90.00" type="DEFAULT_VEHTYPE" speed="13.70" pos="97.08" lane="0/1to1/1_0" slope="0.00"/>
    </timestep>
    <timestep time="361.00">
        <vehicle id="0" x="560.81" y="401.65" angle="-90.00" type="DEFAULT_VEHTYPE" speed="13.76" pos="34.44" lane="3/2to2/2_0" slope="0.00"/>
        <vehicle id="1" x="304.33" y="401.65" angle="-90.00" type="DEFAULT_VEHTYPE" speed="13.64" pos="90.92" lane="2/2to1/2_0" slope="0.00"/>
        <vehicle id="11" x="398.35" y="25.87" angle="0.00" type="DEFAULT_VEHTYPE" speed="12.76" pos="169.38" lane="2/1to2/0_0" slope="0.00"/>
        <vehicle id="12" x="420.66" y="401.65" angle="-90.00" type="DEFAULT_VEHTYPE" speed="5.09" pos="174.59" lane="3/2to2/2_0" slope="0.00"/>
        <vehicle id="14" x="401.65" y="64.58" angle="180.00" type="DEFAULT_VEHTYPE" speed="13.83" pos="64.58" lane="2/0to2/1_0" slope="0.00"/>
        <vehicle id="15" x="749.66" y="198.35" angle="90.00" type="DEFAULT_VEHTYPE" speed="13.41" pos="144.91" lane="3/1to4/1_0" slope="0.00"/>
        <vehicle id="16" x="601.65" y="379.13" angle="180.00" type="DEFAULT_VEHTYPE" speed="9.83" pos="174.38" lane="3/1to3/2_0" slope="0.00"/>
        <vehicle id="17" x="196.78" y="401.65" angle="-90.00" type="DEFAULT_VEHTYPE" speed="7.24" pos="7.97" lane=":1/2_5_0" slope="0.00"/>
        <vehicle id="18" x="398.35" y="395.17" angle="0.00" type="DEFAULT_VEHTYPE" speed="8.80" pos="0.08" lane="2/2to2/1_0" slope="0.00"/>
        <vehicle id="19" x="201.65" y="313.94" angle="180.00" type="DEFAULT_VEHTYPE" speed="12.71" pos="109.19" lane="1/1to1/2_0" slope="0.00"/>
        <vehicle id="2" x="646.48" y="201.65" angle="-90.00" type="DEFAULT_VEHTYPE" speed="12.96" pos="153.52" lane="4/1to3/1_0" slope="0.00"/>
        <vehicle id="20" x="401.65" y="14.04" angle="180.00" type="DEFAULT_VEHTYPE" speed="12.95" pos="14.04" lane="2/0to2/1_0" slope="0.00"/>
        <vehicle id="21" x="741.10" y="201.65" angle="-90.00" type="DEFAULT_VEHTYPE" speed="12.91" pos="58.90" lane="4/1to3/1_0" slope="0.00"/>
        <vehicle id="22" x="201.65" y="186.97" angle="180.00" type="DEFAULT_VEHTYPE" speed="12.72" pos="186.97" lane="1/0to1/1_0" slope="0.00"/>
        <vehicle id="23" x="525.84" y="401.65" angle="-90.00" type="DEFAULT_VEHTYPE" speed="13.51" pos="69.41" lane="3/2to2/2_0" slope="0.00"/>
        <vehicle id="24" x="775.11" y="201.65" angle="-90.00" type="DEFAULT_VEHTYPE" speed="13.25" pos="24.89" lane="4/1to3/1_0" slope="0.00"/>
        <vehicle id="3" x="407.64" y="401.65" angle="-90.00" type="DEFAULT_VEHTYPE" speed="0.88" pos="187.61" lane="3/2to2/2_0" slope="0.00"/>
        <vehicle id="4" x="374.70" y="401.65" angle="-90.00" type="DEFAULT_VEHTYPE" speed="10.63" pos="20.55" lane="2/2to1/2_0" slope="0.00"/>
        <vehicle id="5" x="398.35" y="431.59" angle="0.00" type="DEFAULT_VEHTYPE" speed="12.76" pos="163.66" lane="2/3to2/2_0" slope="0.00"/>
        <vehicle id="6" x="601.65" y="240.39" angle="180.00" type="DEFAULT_VEHTYPE" speed="12.79" pos="35.64" lane="3/1to3/2_0" slope="0.00"/>
        <vehicle id="7" x="401.65" y="724.74" angle="180.00" type="DEFAULT_VEHTYPE" speed="12.82" pos="119.99" lane="2/3to2/4_0" slope="0.00"/>
        <vehicle id="8" x="474.36" y="401.65" angle="-90.00" type="DEFAULT_VEHTYPE" speed="13.82" pos="120.89" lane="3/2to2/2_0" slope="0.00"/>
        <vehicle id="9" x="109.73" y="198.35" angle="90.00" type="DEFAULT_VEHTYPE" speed="12.64" pos="109.73" lane="0/1to1/1_0" slope="0.00"/>
    </timestep>
    <timestep time="362.00">
        <vehicle id="0" x="547.61" y="401.65" angle="-90.00" type="DEFAULT_VEHTYPE" speed="13.20" pos="47.64" lane="3/2to2/2_0" slope="0.00"/>
        <vehicle id="1" x="290.85" y="401.65" angle="-90.00" type="DEFAULT_VEHTYPE" speed="13.48" pos="104.40" lane="2/2to1/2_0" slope="0.00"/>
        <vehicle id="11" x="398.35" y="12.70" angle="0.00" type="DEFAULT_VEHTYPE" speed="13.17" pos="182.55" lane="2/1to2/0_0" slope="0.00"/>
        <vehicle id="12" x="417.52" y="401.65" angle="-90.00" type="DEFAULT_VEHTYPE" speed="3.14" pos="177.73" lane="3/2to2/2_0" slope="0.00"/>
        <vehicle id="14" x="401.65" y="77.96" angle="180.00" type="DEFAULT_VEHTYPE" speed="13.39" pos="77.96" lane="2/0to2/1_0" slope="0.00"/>
        <vehicle id="15" x="763.54" y="198.35" angle="90.00" type="DEFAULT_VEHTYPE" speed="13.88" pos="158.79" lane="3/1to4/1_0" slope="0.00"/>
        <vehicle id="16" x="601.65" y="385.75" angle="180.00" type="DEFAULT_VEHTYPE" speed="6.62" pos="181.00" lane="3/1to3/2_0" slope="0.00"/>
        <vehicle id="17" x="187.01" y="401.65" angle="-90.00" type="DEFAULT_VEHTYPE" speed="9.77" pos="8.24" lane="1/2to0/2_0" slope="0.00"/>
        <vehicle id="18" x="398.35" y="384.01" angle="0.00" type="DEFAULT_VEHTYPE" speed="11.16" pos="11.24" lane="2/2to2/1_0" slope="0.00"/>
        <vehicle id="19" x="201.65" y="327.26" angle="180.00" type="DEFAULT_VEHTYPE" speed="13.32" pos="122.51" lane="1/1to1/2_0" slope="0.00"/>
        <vehicle id="2" x="633.87" y="201.65" angle="-90.00" type="DEFAULT_VEHTYPE" speed="12.61" pos="166.13" lane="4/1to3/1_0" slope="0.00"/>
        <vehicle id="20" x="401.65" y="27.44" angle="180.00" type="DEFAULT_VEHTYPE" speed="13.40" pos="27.44" lane="2/0to2/1_0" slope="0.00"/>
        <vehicle id="21" x="728.24" y="201.65" angle="-90.00" type="DEFAULT_VEHTYPE" speed="12.86" pos="71.76" lane="4/1to3/1_0" slope="0.00"/>
        <vehicle id="22" x="204.70" y="198.34" angle="135.94" type="DEFAULT_VEHTYPE" speed="13.23" pos="4.95" lane=":1/1_8_0" slope="0.00"/>
        <vehicle id="23" x="512.02" y="401.65" angle="-90.00" type="DEFAULT_VEHTYPE" speed="13.82" pos="83.23" lane="3/2to2/2_0" slope="0.00"/>
        <vehicle id="24" x="762.23" y="201.65" angle="-90.00" type="DEFAULT_VEHTYPE" speed="12.88" pos="37.77" lane="4/1to3/1_0" slope="0.00"/>
        <vehicle id="3" x="407.33" y="401.65" angle="-90.00" type="DEFAULT_VEHTYPE" speed="0.31" pos="187.92" lane="3/2to2/2_0" slope="0.00"/>
        <vehicle id="4" x="361.88" y="401.65" angle="-90.00" type="DEFAULT_VEHTYPE" speed="12.82" pos="33.37" lane="2/2to1/2_0" slope="0.00"/>
        <vehicle id="5" x="398.35" y="418.50" angle="0.00" type="DEFAULT_VEHTYPE" speed="13.08" pos="176.75" lane="2/3to2/2_0" slope="0.00"/>
        <vehicle id="6" x="601.65" y="253.17" angle="180.00" type="DEFAULT_VEHTYPE" speed="12.78" pos="48.42" lane="3/1to3/2_0" slope="0.00"/>
        <vehicle id="7" x="401.65" y="738.17" angle="180.00" type="DEFAULT_VEHTYPE" speed="13.43" pos="133.42" lane="2/3to2/4_0" slope="0.00"/>
        <vehicle id="8" x="461.71" y="401.65" angle="-90.00" type="DEFAULT_VEHTYPE" speed="12.65" pos="133.54" lane="3/2to2/2_0" slope="0.00"/>
        <vehicle id="9" x="123.53" y="198.35" angle="90.00" type="DEFAULT_VEHTYPE" speed="13.81" pos="123.53" lane="0/1to1/1_0" slope="0.00"/>
    </timestep>
    <timestep time="363.00">
        <vehicle id="0" x="534.65" y="401.65" angle="-90.00" type="DEFAULT_VEHTYPE" speed="12.96" pos="60.60" lane="3/2to2/2_0" slope="0.00"/>
        <vehicle id="1" x="278.00" y="401.65" angle="-90.00" type="DEFAULT_VEHTYPE" speed="12.85" pos="117.25" lane="2/2to1/2_0" slope="0.00"/>
        <vehicle id="11" x="398.35" y="0.02" angle="0.00" type="DEFAULT_VEHTYPE" speed="12.68" pos="195.23" lane="2/1to2/0_0" slope="0.00"/>
        <vehicle id="12" x="416.40" y="401.65" angle="-90.00" type="DEFAULT_VEHTYPE" speed="1.11" pos="178.85" lane="3/2to2/2_0" slope="0.00"/>
        <vehicle id="14" x="401.65" y="91.32" angle="180.00" type="DEFAULT_VEHTYPE" speed="13.36" pos="91.32" lane="2/0to2/1_0" slope="0.00"/>
        <vehicle id="15" x="776.86" y="198.35" angle="90.00" type="DEFAULT_VEHTYPE" speed="13.32" pos="172.11" lane="3/1to4/1_0" slope="0.00"/>
        <vehicle id="16" x="601.65" y="389.30" angle="180.00" type="DEFAULT_VEHTYPE" speed="3.56" pos="184.55" lane="3/1to3/2_0" slope="0.00"/>
        <vehicle id="17" x="175.67" y="401.65" angle="-90.00" type="DEFAULT_VEHTYPE" speed="11.34" pos="19.58" lane="1/2to0/2_0" slope="0.00"/>
        <vehicle id="18" x="398.35" y="370.85" angle="0.00" type="DEFAULT_VEHTYPE" speed="13.17" pos="24.40" lane="2/2to2/1_0" slope="0.00"/>
        <vehicle id="19" x="201.65" y="340.30" angle="180.00" type="DEFAULT_VEHTYPE" speed="13.04" pos="135.55" lane="1/1to1/2_0" slope="0.00"/>
        <vehicle id="2" x="622.90" y="201.65" angle="-90.00" type="DEFAULT_VEHTYPE" speed="10.97" pos="177.10" lane="4/1to3/1_0" slope="0.00"/>
        <vehicle id="20" x="401.65" y="40.86" angle="180.00" type="DEFAULT_VEHTYPE" speed="13.42" pos="40.86" lane="2/0to2/1_0" slope="0.00"/>
        <vehicle id="21" x="715.34" y="201.65" angle="-90.00" type="DEFAULT_VEHTYPE" speed="12.90" pos="84.66" lane="4/1to3/1_0" slope="0.00"/>
        <vehicle id="22" x="217.40" y="198.35" angle="90.00" type="DEFAULT_VEHTYPE" speed="12.71" pos="12.65" lane="1/1to2/1_0" slope="0.00"/>
        <vehicle id="23" x="498.96" y="401.65" angle="-90.00" type="DEFAULT_VEHTYPE" speed="13.06" pos="96.29" lane="3/2to2/2_0" slope="0.00"/>
        <vehicle id="24" x="748.62" y="201.65" angle="-90.00" type="DEFAULT_VEHTYPE" speed="13.61" pos="51.38" lane="4/1to3/1_0" slope="0.00"/>
        <vehicle id="3" x="407.27" y="401.65" angle="-90.00" type="DEFAULT_VEHTYPE" speed="0.06" pos="187.98" lane="3/2to2/2_0" slope="0.00"/>
        <vehicle id="4" x="348.37" y="401.65" angle="-90.00" type="DEFAULT_VEHTYPE" speed="13.51" pos="46.88" lane="2/2to1/2_0" slope="0.00"/>
        <vehicle id="5" x="398.35" y="404.93" angle="0.00" type="DEFAULT_VEHTYPE" speed="13.57" pos="190.32" lane="2/3to2/2_0" slope="0.00"/>
        <vehicle id="6" x="601.65" y="267.00" angle="180.00" type="DEFAULT_VEHTYPE" speed="13.83" pos="62.25" lane="3/1to3/2_0" slope="0.00"/>
        <vehicle id="7" x="401.65" y="750.82" angle="180.00" type="DEFAULT_VEHTYPE" speed="12.66" pos="146.07" lane="2/3to2/4_0" slope="0.00"/>
        <vehicle id="8" x="448.08" y="401.65" angle="-90.00" type="DEFAULT_VEHTYPE" speed="13.63" pos="147.17" lane="3/2to2/2_0" slope="0.00"/>
        <vehicle id="9" x="136.49" y="198.35" angle="90.00" type="DEFAULT_VEHTYPE" speed="12.96" pos="136.49" lane="0/1to1/1_0" slope="0.00"/>
    </timestep>
    <timestep time="364.00">
        <vehicle id="0" x="521.91" y="401.65" angle="-90.00" type="DEFAULT_VEHTYPE" speed="12.74" pos="73.34" lane="3/2to2/2_0" slope="0.00"/>
        <vehicle id="1" x="264.65" y="401.65" angle="-90.00" type="DEFAULT_VEHTYPE" speed="13.35" pos="130.60" lane="2/2to1/2_0" slope="0.00"/>
        <vehicle id="11" x="401.65" y="8.56" angle="180.00" type="DEFAULT_VEHTYPE" speed="13.40" pos="8.56" lane="2/0to2/1_0" slope="0.00"/>
        <vehicle id="12" x="415.09" y="401.65" angle="-90.00" type="DEFAULT_VEHTYPE" speed="1.32" pos="180.16" lane="3/2to2/2_0" slope="0.00"/>
        <vehicle id="14" x="401.65" y="104.56" angle="180.00" type="DEFAULT_VEHTYPE" speed="13.24" pos="104.56" lane="2/0to2/1_0" slope="0.00"/>
        <vehicle id="15" x="790.49" y="198.35" angle="90.00" type="DEFAULT_VEHTYPE" speed="13.63" pos="185.74" lane="3/1to4/1_0" slope="0.00"/>
        <vehicle id="16" x="601.65" y="394.43" angle="180.00" type="DEFAULT_VEHTYPE" speed="5.13" pos="189.68" lane="3/1to3/2_0" slope="0.00"/>
        <vehicle id="17" x="162.83" y="401.65" angle="-90.00" type="DEFAULT_VEHTYPE" speed="12.85" pos="32.42" lane="1/2to0/2_0" slope="0.00"/>
        <vehicle id="18" x="398.35" y="358.10" angle="0.00" type="DEFAULT_VEHTYPE" speed="12.75" pos="37.15" lane="2/2to2/1_0" slope="0.00"/>
        <vehicle id="19" x="201.65" y="353.87" angle="180.00" type="DEFAULT_VEHTYPE" speed="13.57" pos="149.12" lane="1/1to1/2_0" slope="0.00"/>
        <vehicle id="2" x="615.57" y="201.65" angle="-90.00" type="DEFAULT_VEHTYPE" speed="7.33" pos="184.43" lane="4/1to3/1_0" slope="0.00"/>
        <vehicle id="20" x="401.65" y="53.67" angle="180.00" type="DEFAULT_VEHTYPE" speed="12.81" pos="53.67" lane="2/0to2/1_0" slope="0.00"/>
        <vehicle id="21" x="701.55" y="201.65" angle="-90.00" type="DEFAULT_VEHTYPE" speed="13.79" pos="98.45" lane="4/1to3/1_0" slope="0.00"/>
        <vehicle id="22" x="230.40" y="198.35" angle="90.00" type="DEFAULT_VEHTYPE" speed="13.00" pos="25.65" lane="1/1to2/1_0" slope="0.00"/>
        <vehicle id="23" x="486.30" y="401.65" angle="-90.00" type="DEFAULT_VEHTYPE" speed="12.66" pos="108.95" lane="3/2to2/2_0" slope="0.00"/>
        <vehicle id="24" x="735.58" y="201.65" angle="-90.00" type="DEFAULT_VEHTYPE" speed="13.03" pos="64.42" lane="4/1to3/1_0" slope="0.00"/>
        <vehicle id="3" x="407.26" y="401.65" angle="-90.00" type="DEFAULT_VEHTYPE" speed="0.01" pos="187.99" lane="3/2to2/2_0" slope="0.00"/>
        <vehicle id="4" x="335.37" y="401.65" angle="-90.00" type="DEFAULT_VEHTYPE" speed="13.00" pos="59.88" lane="2/2to1/2_0" slope="0.00"/>
        <vehicle id="5" x="398.35" y="391.06" angle="0.00" type="DEFAULT_VEHTYPE" speed="13.87" pos="4.19" lane="2/2to2/1_0" slope="0.00"/>
        <vehicle id="6" x="601.65" y="279.98" angle="180.00" type="DEFAULT_VEHTYPE" speed="12.98" pos="75.23" lane="3/1to3/2_0" slope="0.00"/>
        <vehicle id="7" x="401.65" y="763.72" angle="180.00" type="DEFAULT_VEHTYPE" speed="12.90" pos="158.97" lane="2/3to2/4_0" slope="0.00"/>
        <vehicle id="8" x="437.90" y="401.65" angle="-90.00" type="DEFAULT_VEHTYPE" speed="10.17" pos="157.35" lane="3/2to2/2_0" slope="0.00"/>
        <vehicle id="9" x="150.01" y="198.35" angle="90.00" type="DEFAULT_VEHTYPE" speed="13.52" pos="150.01" lane="0/1to1/1_0" slope="0.00"/>
    </timestep>
    <timestep time="365.00">
        <vehicle id="0" x="508.95" y="401.65" angle="-90.00" type="DEFAULT_VEHTYPE" speed="12.96" pos="86.30" lane="3/2to2/2_0" slope="0.00"/>
        <vehicle id="1" x="251.63" y="401.65" angle="-90.00" type="DEFAULT_VEHTYPE" speed="13.01" pos="143.62" lane="2/2to1/2_0" slope="0.00"/>
        <vehicle id="11" x="401.65" y="21.82" angle="180.00" type="DEFAULT_VEHTYPE" speed="13.26" pos="21.82" lane="2/0to2/1_0" slope="0.00"/>
        <vehicle id="12" x="414.85" y="401.65" angle="-90.00" type="DEFAULT_VEHTYPE" speed="0.24" pos="180.40" lane="3/2to2/2_0" slope="0.00"/>
        <vehicle id="14" x="401.65" y="118.12" angle="180.00" type="DEFAULT_VEHTYPE" speed="13.56" pos="118.12" lane="2/0to2/1_0" slope="0.00"/>
        <vehicle id="15" x="801.31" y="200.67" angle="126.40" type="DEFAULT_VEHTYPE" speed="12.67" pos="3.16" lane=":4/1_0_0" slope="0.00"/>
        <vehicle id="16" x="599.26" y="400.52" angle="-152.01" type="DEFAULT_VEHTYPE" speed="6.90" pos="6.08" lane=":3/2_10_0" slope="0.00"/>
        <vehicle id="17" x="150.07" y="401.65" angle="-90.00" type="DEFAULT_VEHTYPE" speed="12.76" pos="45.18" lane="1/2to0/2_0" slope="0.00"/>
        <vehicle id="18" x="398.35" y="345.03" angle="0.00" type="DEFAULT_VEHTYPE" speed="13.07" pos="50.22" lane="2/2to2/1_0" slope="0.00"/>
        <vehicle id="19" x="201.65" y="366.85" angle="180.00" type="DEFAULT_VEHTYPE" speed="12.98" pos="162.10" lane="1/1to1/2_0" slope="0.00"/>
        <vehicle id="2" x="611.00" y="201.65" angle="-90.00" type="DEFAULT_VEHTYPE" speed="4.58" pos="189.00" lane="4/1to3/1_0" slope="0.00"/>
        <vehicle id="20" x="401.65" y="66.94" angle="180.00" type="DEFAULT_VEHTYPE" speed="13.26" pos="66.94" lane="2/0to2/1_0" slope="0.00"/>
        <vehicle id="21" x="688.82" y="201.65" angle="-90.00" type="DEFAULT_VEHTYPE" speed="12.73" pos="111.18" lane="4/1to3/1_0" slope="0.00"/>
        <vehicle id="22" x="243.88" y="198.35" angle="90.00" type="DEFAULT_VEHTYPE" speed="13.48" pos="39.13" lane="1/1to2/1_0" slope="0.00"/>
        <vehicle id="23" x="473.64" y="401.65" angle="-90.00" type="DEFAULT_VEHTYPE" speed="12.66" pos="121.61" lane="3/2to2/2_0" slope="0.00"/>
        <vehicle id="24" x="721.71" y="201.65" angle="-90.00" type="DEFAULT_VEHTYPE" speed="13.87" pos="78.29" lane="4/1to3/1_0" slope="0.00"/>
        <vehicle id="3" x="405.50" y="401.65" angle="-90.00" type="DEFAULT_VEHTYPE" speed="1.76" pos="189.75" lane="3/2to2/2_0" slope="0.00"/>
        <vehicle id="4" x="321.69" y="401.65" angle="-90.00" type="DEFAULT_VEHTYPE" speed="13.68" pos="73.56" lane="2/2to1/2_0" slope="0.00"/>
        <vehicle id="5" x="398.35" y="377.81" angle="0.00" type="DEFAULT_VEHTYPE" speed="13.25" pos="17.44" lane="2/2to2/1_0" slope="0.00"/>
        <vehicle id="6" x="601.65" y="292.98" angle="180.00" type="DEFAULT_VEHTYPE" speed="13.00" pos="88.23" lane="3/1to3/2_0" slope="0.00"/>
        <vehicle id="7" x="401.65" y="776.46" angle="180.00" type="DEFAULT_VEHTYPE" speed="12.74" pos="171.71" lane="2/3to2/4_0" slope="0.00"/>
        <vehicle id="8" x="430.79" y="401.65" angle="-90.00" type="DEFAULT_VEHTYPE" speed="7.11" pos="164.46" lane="3/2to2/2_0" slope="0.00"/>
        <vehicle id="9" x="162.99" y="198.35" angle="90.00" type="DEFAULT_VEHTYPE" speed="12.98" pos="162.99" lane="0/1to1/1_0" slope="0.00"/>
    </timestep>
    <timestep time="366.00">
        <vehicle id="0" x="496.00" y="401.65" angle="-90.00" type="DEFAULT_VEHTYPE" speed="12.95" pos="99.25" lane="3/2to2/2_0" slope="0.00"/>
        <vehicle id="1" x="238.24" y="401.65" angle="-90.00" type="DEFAULT_VEHTYPE" speed="13.40" pos="157.01" lane="2/2to1/2_0" slope="0.00"/>
        <vehicle id="11" x="401.65" y="34.97" angle="180.00" type="DEFAULT_VEHTYPE" speed="13.15" pos="34.97" lane="2/0to2/1_0" slope="0.00"/>
        <vehicle id="12" x="413.49" y="401.65" angle="-90.00" type="DEFAULT_VEHTYPE" speed="1.36" pos="181.76" lane="3/2to2/2_0" slope="0.00"/>
        <vehicle id="14" x="401.65" y="131.27" angle="180.00" type="DEFAULT_VEHTYPE" speed="13.15" pos="131.27" lane="2/0to2/1_0" slope="0.00"/>
        <vehicle id="15" x="788.09" y="201.65" angle="-90.00" type="DEFAULT_VEHTYPE" speed="13.57" pos="11.91" lane="4/1to3/1_0" slope="0.00"/>
        <vehicle id="16" x="590.42" y="401.65" angle="-90.27" type="DEFAULT_VEHTYPE" speed="9.07" pos="4.83" lane="3/2to2/2_0" slope="0.00"/>
        <vehicle id="17" x="136.73" y="401.65" angle="-90.00" type="DEFAULT_VEHTYPE" speed="13.34" pos="58.52" lane="1/2to0/2_0" slope="0.00"/>
        <vehicle id="18" x="398.35" y="332.28" angle="0.00" type="DEFAULT_VEHTYPE" speed="12.75" pos="62.97" lane="2/2to2/1_0" slope="0.00"/>
        <vehicle id="19" x="201.65" y="379.80" angle="180.00" type="DEFAULT_VEHTYPE" speed="12.96" pos="175.05" lane="1/1to1/2_0" slope="0.00"/>
        <vehicle id="2" x="604.67" y="201.66" angle="-90.13" type="DEFAULT_VEHTYPE" speed="6.33" pos="0.08" lane=":3/1_4_0" slope="0.00"/>
        <vehicle id="20" x="401.65" y="80.28" angle="180.00" type="DEFAULT_VEHTYPE" speed="13.34" pos="80.28" lane="2/0to2/1_0" slope="0.00"/>
        <vehicle id="21" x="674.96" y="201.65" angle="-90.00" type="DEFAULT_VEHTYPE" speed="13.86" pos="125.04" lane="4/1to3/1_0" slope="0.00"/>
        <vehicle id="22" x="257.28" y="198.35" angle="90.00" type="DEFAULT_VEHTYPE" speed="13.40" pos="52.53" lane="1/1to2/1_0" slope="0.00"/>
        <vehicle id="23" x="459.84" y="401.65" angle="-90.00" type="DEFAULT_VEHTYPE" speed="13.80" pos="135.41" lane="3/2to2/2_0" slope="0.00"/>
        <vehicle id="24" x="708.48" y="201.65" angle="-90.00" type="DEFAULT_VEHTYPE" speed="13.23" pos="91.52" lane="4/1to3/1_0" slope="0.00"/>
        <vehicle id="3" x="401.22" y="401.65" angle="-90.00" type="DEFAULT_VEHTYPE" speed="4.28" pos="3.53" lane=":2/2_5_0" slope="0.00"/>
        <vehicle id="4" x="308.98" y="401.65" angle="-90.00" type="DEFAULT_VEHTYPE" speed="12.70" pos="86.27" lane="2/2to1/2_0" slope="0.00"/>
        <vehicle id="5" x="398.35" y="364.13" angle="0.00" type="DEFAULT_VEHTYPE" speed="13.68" pos="31.12" lane="2/2to2/1_0" slope="0.00"/>
        <vehicle id="6" x="601.65" y="305.86" angle="180.00" type="DEFAULT_VEHTYPE" speed="12.88" pos="101.11" lane="3/1to3/2_0" slope="0.00"/>
        <vehicle id="7" x="401.65" y="790.07" angle="180.00" type="DEFAULT_VEHTYPE" speed="13.61" pos="185.32" lane="2/3to2/4_0" slope="0.00"/>
        <vehicle id="8" x="425.71" y="401.65" angle="-90.00" type="DEFAULT_VEHTYPE" speed="5.08" pos="169.54" lane="3/2to2/2_0" slope="0.00"/>
        <vehicle id="9" x="174.37" y="198.35" angle="90.00" type="DEFAULT_VEHTYPE" speed="11.38" pos="174.37" lane="0/1to1/1_0" slope="0.00"/>
    </timestep>
    <timestep time="367.00">
        <vehicle id="0" x="482.99" y="401.65" angle="-90.00" type="DEFAULT_VEHTYPE" speed="13.01" pos="112.26" lane="3/2to2/2_0" slope="0.00"/>
        <vehicle id="1" x="225.82" y="401.65" angle="-90.00" type="DEFAULT_VEHTYPE" speed="12.41" pos="169.43" lane="2/2to1/2_0" slope="0.00"/>
        <vehicle id="11" x="401.65" y="48.39" angle="180.00" type="DEFAULT_VEHTYPE" speed="13.41" pos="48.39" lane="2/0to2/1_0" slope="0.00"/>
        <vehicle id="12" x="410.86" y="401.65" angle="-90.00" type="DEFAULT_VEHTYPE" speed="2.63" pos="184.39" lane="3/2to2/2_0" slope="0.00"/>
        <vehicle id="14" x="401.65" y="145.07" angle="180.00" type="DEFAULT_VEHTYPE" speed="13.80" pos="145.07" lane="2/0to2/1_0" slope="0.00"/>
        <vehicle id="15" x="774.32" y="201.65" angle="-90.00" type="DEFAULT_VEHTYPE" speed="13.76" pos="25.68" lane="4/1to3/1_0" slope="0.00"/>
        <vehicle id="16" x="579.48" y="401.65" angle="-90.00" type="DEFAULT_VEHTYPE" speed="10.94" pos="15.77" lane="3/2to2/2_0" slope="0.00"/>
        <vehicle id="17" x="123.01" y="401.65" angle="-90.00" type="DEFAULT_VEHTYPE" speed="13.72" pos="72.24" lane="1/2to0/2_0" slope="0.00"/>
        <vehicle id="18" x="398.35" y="319.44" angle="0.00" type="DEFAULT_VEHTYPE" speed="12.84" pos="75.81" lane="2/2to2/1_0" slope="0.00"/>
        <vehicle id="19" x="201.65" y="392.41" angle="180.00" type="DEFAULT_VEHTYPE" speed="12.61" pos="187.66" lane="1/1to1/2_0" slope="0.00"/>
        <vehicle id="2" x="601.65" y="208.34" angle="-177.57" type="DEFAULT_VEHTYPE" speed="8.50" pos="3.59" lane="3/1to3/2_0" slope="0.00"/>
        <vehicle id="20" x="401.65" y="93.11" angle="180.00" type="DEFAULT_VEHTYPE" speed="12.83" pos="93.11" lane="2/0to2/1_0" slope="0.00"/>
        <vehicle id="21" x="661.62" y="201.65" angle="-90.00" type="DEFAULT_VEHTYPE" speed="13.34" pos="138.38" lane="4/1to3/1_0" slope="0.00"/>
        <vehicle id="22" x="271.01" y="198.35" angle="90.00" type="DEFAULT_VEHTYPE" speed="13.72" pos="66.26" lane="1/1to2/1_0" slope="0.00"/>
        <vehicle id="23" x="446.55" y="401.65" angle="-90.00" type="DEFAULT_VEHTYPE" speed="13.30" pos="148.70" lane="3/2to2/2_0" slope="0.00"/>
        <vehicle id="24" x="694.64" y="201.65" angle="-90.00" type="DEFAULT_VEHTYPE" speed="13.83" pos="105.36" lane="4/1to3/1_0" slope="0.00"/>
        <vehicle id="3" x="394.43" y="401.65" angle="-90.00" type="DEFAULT_VEHTYPE" speed="6.80" pos="0.82" lane="2/2to1/2_0" slope="0.00"/>
        <vehicle id="4" x="295.46" y="401.65" angle="-90.00" type="DEFAULT_VEHTYPE" speed="13.53" pos="99.79" lane="2/2to1/2_0" slope="0.00"/>
        <vehicle id="5" x="398.35" y="350.41" angle="0.00" type="DEFAULT_VEHTYPE" speed="13.72" pos="44.84" lane="2/2to2/1_0" slope="0.00"/>
        <vehicle id="6" x="601.65" y="319.34" angle="180.00" type="DEFAULT_VEHTYPE" speed="13.48" pos="114.59" lane="3/1to3/2_0" slope="0.00"/>
        <vehicle id="7" x="399.38" y="801.34" angle="-145.06" type="DEFAULT_VEHTYPE" speed="13.04" pos="3.10" lane=":2/4_0_0" slope="0.00"/>
        <vehicle id="8" x="423.57" y="401.65" angle="-90.00" type="DEFAULT_VEHTYPE" speed="2.14" pos="171.68" lane="3/2to2/2_0" slope="0.00"/>
        <vehicle id="9" x="182.93" y="198.35" angle="90.00" type="DEFAULT_VEHTYPE" speed="8.56" pos="182.93" lane="0/1to1/1_0" slope="0.00"/>
    </timestep>
    <timestep time="368.00">
        <vehicle id="0" x="469.89" y="401.65" angle="-90.00" type="DEFAULT_VEHTYPE" speed="13.10" pos="125.36" lane="3/2to2/2_0" slope="0.00"/>
        <vehicle id="1" x="217.09" y="401.65" angle="-90.00" type="DEFAULT_VEHTYPE" speed="8.73" pos="178.16" lane="2/2to1/2_0" slope="0.00"/>
        <vehicle id="11" x="401.65" y="62.24" angle="180.00" type="DEFAULT_VEHTYPE" speed="13.85" pos="62.24" lane="2/0to2/1_0" slope="0.00"/>
        <vehicle id="12" x="406.36" y="401.65" angle="-90.00" type="DEFAULT_VEHTYPE" speed="4.50" pos="188.89" lane="3/2to2/2_0" slope="0.00"/>
        <vehicle id="14" x="401.65" y="157.85" angle="180.00" type="DEFAULT_VEHTYPE" speed="12.78" pos="157.85" lane="2/0to2/1_0" slope="0.00"/>
        <vehicle id="15" x="760.99" y="201.65" angle="-90.00" type="DEFAULT_VEHTYPE" speed="13.33" pos="39.01" lane="4/1to3/1_0" slope="0.00"/>
        <vehicle id="16" x="567.19" y="401.65" angle="-90.00" type="DEFAULT_VEHTYPE" speed="12.29" pos="28.06" lane="3/2to2/2_0" slope="0.00"/>
        <vehicle id="17" x="109.86" y="401.65" angle="-90.00" type="DEFAULT_VEHTYPE" speed="13.15" pos="85.39" lane="1/2to0/2_0" slope="0.00"/>
        <vehicle id="18" x="398.35" y="306.66" angle="0.00" type="DEFAULT_VEHTYPE" speed="12.78" pos="88.59" lane="2/2to2/1_0" slope="0.00"/>
        <vehicle id="19" x="210.57" y="398.35" angle="90.00" type="DEFAULT_VEHTYPE" speed="13.66" pos="5.82" lane="1/2to2/2_0" slope="0.00"/>
        <vehicle id="2" x="601.65" y="219.08" angle="180.00" type="DEFAULT_VEHTYPE" speed="10.74" pos="14.33" lane="3/1to3/2_0" slope="0.00"/>
        <vehicle id="20" x="401.65" y="106.64" angle="180.00" type="DEFAULT_VEHTYPE" speed="13.54" pos="106.64" lane="2/0to2/1_0" slope="0.00"/>
        <vehicle id="21" x="648.01" y="201.65" angle="-90.00" type="DEFAULT_VEHTYPE" speed="13.62" pos="151.99" lane="4/1to3/1_0" slope="0.00"/>
        <vehicle id="22" x="284.61" y="198.35" angle="90.00" type="DEFAULT_VEHTYPE" speed="13.60" pos="79.86" lane="1/1to2/1_0" slope="0.00"/>
        <vehicle id="23" x="437.75" y="401.65" angle="-90.00" type="DEFAULT_VEHTYPE" speed="8.80" pos="157.50" lane="3/2to2/2_0" slope="0.00"/>
        <vehicle id="24" x="680.98" y="201.65" angle="-90.00" type="DEFAULT_VEHTYPE" speed="13.67" pos="119.02" lane="4/1to3/1_0" slope="0.00"/>
        <vehicle id="3" x="386.05" y="401.65" angle="-90.00" type="DEFAULT_VEHTYPE" speed="8.37" pos="9.20" lane="2/2to1/2_0" slope="0.00"/>
        <vehicle id="4" x="282.30" y="401.65" angle="-90.00" type="DEFAULT_VEHTYPE" speed="13.16" pos="112.95" lane="2/2to1/2_0" slope="0.00"/>
        <vehicle id="5" x="398.35" y="337.69" angle="0.00" type="DEFAULT_VEHTYPE" speed="12.71" pos="57.56" lane="2/2to2/1_0" slope="0.00"/>
        <vehicle id="6" x="601.65" y="331.99" angle="180.00" type="DEFAULT_VEHTYPE" speed="12.65" pos="127.24" lane="3/1to3/2_0" slope="0.00"/>
        <vehicle id="7" x="398.35" y="788.40" angle="0.00" type="DEFAULT_VEHTYPE" speed="13.32" pos="11.60" lane="2/4to2/3_0" slope="0.00"/>
        <vehicle id="8" x="421.04" y="401.65" angle="-90.00" type="DEFAULT_VEHTYPE" speed="2.54" pos="174.21" lane="3/2to2/2_0" slope="0.00"/>
        <vehicle id="9" x="188.44" y="198.35" angle="90.00" type="DEFAULT_VEHTYPE" speed="5.51" pos="188.44" lane="0/1to1/1_0" slope="0.00"/>
    </timestep>
    <timestep time="369.00">
        <vehicle id="0" x="456.73" y="401.65" angle="-90.00" type="DEFAULT_VEHTYPE" speed="13.16" pos="138.52" lane="3/2to2/2_0" slope="0.00"/>
        <vehicle id="1" x="211.50" y="401.65" angle="-90.00" type="DEFAULT_VEHTYPE" speed="5.59" pos="183.75" lane="2/2to1/2_0" slope="0.00"/>
        <vehicle id="11" x="401.65" y="76.12" angle="180.00" type="DEFAULT_VEHTYPE" speed="13.89" pos="76.12" lane="2/0to2/1_0" slope="0.00"/>
        <vehicle id="12" x="400.19" y="401.65" angle="-90.00" type="DEFAULT_VEHTYPE" speed="6.16" pos="4.56" lane=":2/2_5_0" slope="0.00"/>
        <vehicle id="14" x="401.65" y="170.63" angle="180.00" type="DEFAULT_VEHTYPE" speed="12.78" pos="170.63" lane="2/0to2/1_0" slope="0.00"/>
        <vehicle id="15" x="747.46" y="201.65" angle="-90.00" type="DEFAULT_VEHTYPE" speed="13.53" pos="52.54" lane="4/1to3/1_0" slope="0.00"/>
        <vehicle id="16" x="553.69" y="401.65" angle="-90.00" type="DEFAULT_VEHTYPE" speed="13.50" pos="41.56" lane="3/2to2/2_0" slope="0.00"/>
        <vehicle id="17" x="96.96" y="401.65" angle="-90.00" type="DEFAULT_VEHTYPE" speed="12.91" pos="98.29" lane="1/2to0/2_0" slope="0.00"/>
        <vehicle id="18" x="398.35" y="293.87" angle="0.00" type="DEFAULT_VEHTYPE" speed="12.79" pos="101.38" lane="2/2to2/1_0" slope="0.00"/>
        <vehicle id="19" x="223.47" y="398.35" angle="90.00" type="DEFAULT_VEHTYPE" speed="12.90" pos="18.72" lane="1/2to2/2_0" slope="0.00"/>
        <vehicle id="2" x="601.65" y="231.72" angle="180.00" type="DEFAULT_VEHTYPE" speed="12.64" pos="26.97" lane="3/1to3/2_0" slope="0.00"/>
        <vehicle id="20" x="401.65" y="120.37" angle="180.00" type="DEFAULT_VEHTYPE" speed="13.73" pos="120.37" lane="2/0to2/1_0" slope="0.00"/>
        <vehicle id="21" x="634.94" y="201.65" angle="-90.00" type="DEFAULT_VEHTYPE" speed="13.07" pos="165.06" lane="4/1to3/1_0" slope="0.00"/>
        <vehicle id="22" x="298.07" y="198.35" angle="90.00" type="DEFAULT_VEHTYPE" speed="13.46" pos="93.32" lane="1/1to2/1_0" slope="0.00"/>
        <vehicle id="23" x="432.78" y="401.65" angle="-90.00" type="DEFAULT_VEHTYPE" speed="4.98" pos="162.47" lane="3/2to2/2_0" slope="0.00"/>
        <vehicle id="24" x="667.87" y="201.65" angle="-90.00" type="DEFAULT_VEHTYPE" speed="13.11" pos="132.13" lane="4/1to3/1_0" slope="0.00"/>
        <vehicle id="3" x="376.35" y="401.65" angle="-90.00" type="DEFAULT_VEHTYPE" speed="9.70" pos="18.90" lane="2/2to1/2_0" slope="0.00"/>
        <vehicle id="4" x="268.67" y="401.65" angle="-90.00" type="DEFAULT_VEHTYPE" speed="13.63" pos="126.58" lane="2/2to1/2_0" slope="0.00"/>
        <vehicle id="5" x="398.35" y="324.92" angle="0.00" type="DEFAULT_VEHTYPE" speed="12.77" pos="70.33" lane="2/2to2/1_0" slope="0.00"/>
        <vehicle id="6" x="601.65" y="344.79" angle="180.00" type="DEFAULT_VEHTYPE" speed="12.79" pos="140.04" lane="3/1to3/2_0" slope="0.00"/>
        <vehicle id="7" x="398.35" y="775.25" angle="0.00" type="DEFAULT_VEHTYPE" speed="13.15" pos="24.75" lane="2/4to2/3_0" slope="0.00"/>
        <vehicle id="8" x="416.23" y="401.65" angle="-90.00" type="DEFAULT_VEHTYPE" speed="4.81" pos="179.02" lane="3/2to2/2_0" slope="0.00"/>
        <vehicle id="9" x="195.92" y="198.26" angle="88.92" type="DEFAULT_VEHTYPE" speed="7.49" pos="0.68" lane=":1/1_12_0" slope="0.00"/>
    </timestep>
    <timestep time="370.00">
        <vehicle id="0" x="447.86" y="401.65" angle="-90.00" type="DEFAULT_VEHTYPE" speed="8.87" pos="147.39" lane="3/2to2/2_0" slope="0.00"/>
        <vehicle id="1" x="204.22" y="401.57" angle="-89.13" type="DEFAULT_VEHTYPE" speed="7.29" pos="0.54" lane=":1/2_6_0" slope="0.00"/>
        <vehicle id="11" x="401.65" y="89.45" angle="180.00" type="DEFAULT_VEHTYPE" speed="13.33" pos="89.45" lane="2/0to2/1_0" slope="0.00"/>
        <vehicle id="12" x="392.52" y="401.65" angle="-90.00" type="DEFAULT_VEHTYPE" speed="7.68" pos="2.73" lane="2/2to1/2_0" slope="0.00"/>
        <vehicle id="14" x="401.65" y="183.47" angle="180.00" type="DEFAULT_VEHTYPE" speed="12.85" pos="183.47" lane="2/0to2/1_0" slope="0.00"/>
        <vehicle id="15" x="734.57" y="201.65" angle="-90.00" type="DEFAULT_VEHTYPE" speed="12.89" pos="65.43" lane="4/1to3/1_0" slope="0.00"/>
        <vehicle id="16" x="541.01" y="401.65" angle="-90.00" type="DEFAULT_VEHTYPE" speed="12.68" pos="54.24" lane="3/2to2/2_0" slope="0.00"/>
        <vehicle id="17" x="83.82" y="401.65" angle="-90.00" type="DEFAULT_VEHTYPE" speed="13.14" pos="111.43" lane="1/2to0/2_0" slope="0.00"/>
        <vehicle id="18" x="398.35" y="280.48" angle="0.00" type="DEFAULT_VEHTYPE" speed="13.39" pos="114.77" lane="2/2to2/1_0" slope="0.00"/>
        <vehicle id="19" x="237.24" y="398.35" angle="90.00" type="DEFAULT_VEHTYPE" speed="13.76" pos="32.49" lane="1/2to2/2_0" slope="0.00"/>
        <vehicle id="2" x="601.65" y="245.07" angle="180.00" type="DEFAULT_VEHTYPE" speed="13.35" pos="40.32" lane="3/1to3/2_0" slope="0.00"/>
        <vehicle id="20" x="401.65" y="133.21" angle="180.00" type="DEFAULT_VEHTYPE" speed="12.84" pos="133.21" lane="2/0to2/1_0" slope="0.00"/>
        <vehicle id="21" x="624.07" y="201.65" angle="-90.00" type="DEFAULT_VEHTYPE" speed="10.87" pos="175.93" lane="4/1to3/1_0" slope="0.00"/>
        <vehicle id="22" x="311.94" y="198.35" angle="90.00" type="DEFAULT_VEHTYPE" speed="13.86" pos="107.19" lane="1/1to2/1_0" slope="0.00"/>
        <vehicle id="23" x="427.08" y="401.65" angle="-90.00" type="DEFAULT_VEHTYPE" speed="5.70" pos="168.17" lane="3/2to2/2_0" slope="0.00"/>
        <vehicle id="24" x="654.32" y="201.65" angle="-90.00" type="DEFAULT_VEHTYPE" speed="13.55" pos="145.68" lane="4/1to3/1_0" slope="0.00"/>
        <vehicle id="3" x="364.44" y="401.65" angle="-90.00" type="DEFAULT_VEHTYPE" speed="11.91" pos="30.81" lane="2/2to1/2_0" slope="0.00"/>
        <vehicle id="4" x="255.60" y="401.65" angle="-90.00" type="DEFAULT_VEHTYPE" speed="13.07" pos="139.65" lane="2/2to1/2_0" slope="0.00"/>
        <vehicle id="5" x="398.35" y="311.26" angle="0.00" type="DEFAULT_VEHTYPE" speed="13.67" pos="83.99" lane="2/2to2/1_0" slope="0.00"/>
        <vehicle id="6" x="601.65" y="357.60" angle="180.00" type="DEFAULT_VEHTYPE" speed="12.81" pos="152.85" lane="3/1to3/2_0" slope="0.00"/>
        <vehicle id="7" x="398.35" y="761.39" angle="0.00" type="DEFAULT_VEHTYPE" speed="13.86" pos="38.61" lane="2/4to2/3_0" slope="0.00"/>
        <vehicle id="8" x="411.86" y="401.65" angle="-90.00" type="DEFAULT_VEHTYPE" speed="4.37" pos="183.39" lane="3/2to2/2_0" slope="0.00"/>
        <vehicle id="9" x="198.35" y="190.28" angle="0.05" type="DEFAULT_VEHTYPE" speed="9.29" pos="4.97" lane="1/1to1/0_0" slope="0.00"/>
    </timestep>
    <timestep time="371.00">
        <vehicle id="0" x="440.08" y="401.65" angle="-90.00" type="DEFAULT_VEHTYPE" speed="7.78" pos="155.17" lane="3/2to2/2_0" slope="0.00"/>
        <vehicle id="1" x="198.38" y="395.46" angle="-19.32" type="DEFAULT_VEHTYPE" speed="9.57" pos="10.10" lane=":1/2_6_0" slope="0.00"/>
        <vehicle id="11" x="401.65" y="102.16" angle="180.00" type="DEFAULT_VEHTYPE" speed="12.71" pos="102.16" lane="2/0to2/1_0" slope="0.00"/>
        <vehicle id="12" x="383.53" y="401.65" angle="-90.00" type="DEFAULT_VEHTYPE" speed="8.99" pos="11.72" lane="2/2to1/2_0" slope="0.00"/>
        <vehicle id="14" x="402.12" y="197.09" angle="174.50" type="DEFAULT_VEHTYPE" speed="13.70" pos="1.92" lane=":2/1_8_0" slope="0.00"/>
        <vehicle id="15" x="720.98" y="201.65" angle="-90.00" type="DEFAULT_VEHTYPE" speed="13.59" pos="79.02" lane="4/1to3/1_0" slope="0.00"/>
        <vehicle id="16" x="527.55" y="401.65" angle="-90.00" type="DEFAULT_VEHTYPE" speed="13.45" pos="67.70" lane="3/2to2/2_0" slope="0.00"/>
        <vehicle id="17" x="70.10" y="401.65" angle="-90.00" type="DEFAULT_VEHTYPE" speed="13.72" pos="125.15" lane="1/2to0/2_0" slope="0.00"/>
        <vehicle id="18" x="398.35" y="267.59" angle="0.00" type="DEFAULT_VEHTYPE" speed="12.89" pos="127.66" lane="2/2to2/1_0" slope="0.00"/>
        <vehicle id="19" x="250.84" y="398.35" angle="90.00" type="DEFAULT_VEHTYPE" speed="13.60" pos="46.09" lane="1/2to2/2_0" slope="0.00"/>
        <vehicle id="2" x="601.65" y="258.80" angle="180.00" type="DEFAULT_VEHTYPE" speed="13.73" pos="54.05" lane="3/1to3/2_0" slope="0.00"/>
        <vehicle id="20" x="401.65" y="146.40" angle="180.00" type="DEFAULT_VEHTYPE" speed="13.18" pos="146.40" lane="2/0to2/1_0" slope="0.00"/>
        <vehicle id="21" x="615.60" y="201.65" angle="-90.00" type="DEFAULT_VEHTYPE" speed="8.48" pos="184.40" lane="4/1to3/1_0" slope="0.00"/>
        <vehicle id="22" x="325.72" y="198.35" angle="90.00" type="DEFAULT_VEHTYPE" speed="13.78" pos="120.97" lane="1/1to2/1_0" slope="0.00"/>
        <vehicle id="23" x="423.01" y="401.65" angle="-90.00" type="DEFAULT_VEHTYPE" speed="4.07" pos="172.24" lane="3/2to2/2_0" slope="0.00"/>
        <vehicle id="24" x="640.79" y="201.65" angle="-90.00" type="DEFAULT_VEHTYPE" speed="13.53" pos="159.21" lane="4/1to3/1_0" slope="0.00"/>
        <vehicle id="3" x="351.82" y="401.65" angle="-90.00" type="DEFAULT_VEHTYPE" speed="12.62" pos="43.43" lane="2/2to1/2_0" slope="0.00"/>
        <vehicle id="4" x="242.73" y="401.65" angle="-90.00" type="DEFAULT_VEHTYPE" speed="12.87" pos="152.52" lane="2/2to1/2_0" slope="0.00"/>
        <vehicle id="5" x="398.35" y="297.66" angle="0.00" type="DEFAULT_VEHTYPE" speed="13.60" pos="97.59" lane="2/2to2/1_0" slope="0.00"/>
        <vehicle id="6" x="601.65" y="370.23" angle="180.00" type="DEFAULT_VEHTYPE" speed="12.63" pos="165.48" lane="3/1to3/2_0" slope="0.00"/>
        <vehicle id="7" x="398.35" y="748.43" angle="0.00" type="DEFAULT_VEHTYPE" speed="12.96" pos="51.57" lane="2/4to2/3_0" slope="0.00"/>
        <vehicle id="8" x="408.66" y="401.65" angle="-90.00" type="DEFAULT_VEHTYPE" speed="3.20" pos="186.59" lane="3/2to2/2_0" slope="0.00"/>
        <vehicle id="9" x="198.35" y="179.36" angle="0.00" type="DEFAULT_VEHTYPE" speed="10.92" pos="15.89" lane="1/1to1/0_0" slope="0.00"/>
    </timestep>
    <timestep time="372.00">
        <vehicle id="0" x="434.68" y="401.65" angle="-90.00" type="DEFAULT_VEHTYPE" speed="5.40" pos="160.57" lane="3/2to2/2_0" slope="0.00"/>
        <vehicle id="1" x="198.35" y="384.18" angle="0.00" type="DEFAULT_VEHTYPE" speed="11.28" pos="11.07" lane="1/2to1/1_0" slope="0.00"/>
        <vehicle id="11" x="401.65" y="115.91" angle="180.00" type="DEFAULT_VEHTYPE" speed="13.75" pos="115.91" lane="2/0to2/1_0" slope="0.00"/>
        <vehicle id="12" x="372.59" y="401.65" angle="-90.00" type="DEFAULT_VEHTYPE" speed="10.94" pos="22.66" lane="2/2to1/2_0" slope="0.00"/>
        <vehicle id="14" x="414.93" y="198.35" angle="90.00" type="DEFAULT_VEHTYPE" speed="13.26" pos="10.18" lane="2/1to3/1_0" slope="0.00"/>
        <vehicle id="15" x="707.92" y="201.65" angle="-90.00" type="DEFAULT_VEHTYPE" speed="13.07" pos="92.08" lane="4/1to3/1_0" slope="0.00"/>
        <vehicle id="16" x="514.28" y="401.65" angle="-90.00" type="DEFAULT_VEHTYPE" speed="13.27" pos="80.97" lane="3/2to2/2_0" slope="0.00"/>
        <vehicle id="17" x="56.62" y="401.65" angle="-90.00" type="DEFAULT_VEHTYPE" speed="13.47" pos="138.63" lane="1/2to0/2_0" slope="0.00"/>
        <vehicle id="18" x="398.35" y="254.78" angle="0.00" type="DEFAULT_VEHTYPE" speed="12.81" pos="140.47" lane="2/2to2/1_0" slope="0.00"/>
        <vehicle id="19" x="263.98" y="398.35" angle="90.00" type="DEFAULT_VEHTYPE" speed="13.14" pos="59.23" lane="1/2to2/2_0" slope="0.00"/>
        <vehicle id="2" x="601.65" y="272.32" angle="180.00" type="DEFAULT_VEHTYPE" speed="13.52" pos="67.57" lane="3/1to3/2_0" slope="0.00"/>
        <vehicle id="20" x="401.65" y="159.62" angle="180.00" type="DEFAULT_VEHTYPE" speed="13.22" pos="159.62" lane="2/0to2/1_0" slope="0.00"/>
        <vehicle id="21" x="610.98" y="201.65" angle="-90.00" type="DEFAULT_VEHTYPE" speed="4.62" pos="189.02" lane="4/1to3/1_0" slope="0.00"/>
        <vehicle id="22" x="339.36" y="198.35" angle="90.00" type="DEFAULT_VEHTYPE" speed="13.64" pos="134.61" lane="1/1to2/1_0" slope="0.00"/>
        <vehicle id="23" x="418.82" y="401.65" angle="-90.00" type="DEFAULT_VEHTYPE" speed="4.19" pos="176.43" lane="3/2to2/2_0" slope="0.00"/>
        <vehicle id="24" x="630.29" y="201.65" angle="-90.00" type="DEFAULT_VEHTYPE" speed="10.49" pos="169.71" lane="4/1to3/1_0" slope="0.00"/>
        <vehicle id="3" x="338.47" y="401.65" angle="-90.00" type="DEFAULT_VEHTYPE" speed="13.35" pos="56.78" lane="2/2to1/2_0" slope="0.00"/>
        <vehicle id="4" x="229.12" y="401.65" angle="-90.00" type="DEFAULT_VEHTYPE" speed="13.61" pos="166.13" lane="2/2to1/2_0" slope="0.00"/>
        <vehicle id="5" x="398.35" y="284.29" angle="0.00" type="DEFAULT_VEHTYPE" speed="13.37" pos="110.96" lane="2/2to2/1_0" slope="0.00"/>
        <vehicle id="6" x="601.65" y="379.60" angle="180.00" type="DEFAULT_VEHTYPE" speed="9.37" pos="174.85" lane="3/1to3/2_0" slope="0.00"/>
        <vehicle id="7" x="398.35" y="735.68" angle="0.00" type="DEFAULT_VEHTYPE" speed="12.75" pos="64.32" lane="2/4to2/3_0" slope="0.00"/>
        <vehicle id="8" x="403.76" y="401.65" angle="-90.00" type="DEFAULT_VEHTYPE" speed="4.89" pos="0.99" lane=":2/2_5_0" slope="0.00"/>
        <vehicle id="9" x="198.35" y="166.38" angle="0.00" type="DEFAULT_VEHTYPE" speed="12.97" pos="28.87" lane="1/1to1/0_0" slope="0.00"/>
    </timestep>
    <timestep time="373.00">
        <vehicle id="0" x="430.57" y="401.65" angle="-90.00" type="DEFAULT_VEHTYPE" speed="4.11" pos="164.68" lane="3/2to2/2_0" slope="0.00"/>
        <vehicle id="1" x="198.35" y="371.35" angle="0.00" type="DEFAULT_VEHTYPE" speed="12.83" pos="23.90" lane="1/2to1/1_0" slope="0.00"/>
        <vehicle id="11" x="401.65" y="129.80" angle="180.00" type="DEFAULT_VEHTYPE" speed="13.89" pos="129.80" lane="2/0to2/1_0" slope="0.00"/>
        <vehicle id="12" x="359.44" y="401.65" angle="-90.00" type="DEFAULT_VEHTYPE" speed="13.15" pos="35.81" lane="2/2to1/2_0" slope="0.00"/>
        <vehicle id="14" x="428.37" y="198.35" angle="90.00" type="DEFAULT_VEHTYPE" speed="13.44" pos="23.62" lane="2/1to3/1_0" slope="0.00"/>
        <vehicle id="15" x="694.09" y="201.65" angle="-90.00" type="DEFAULT_VEHTYPE" speed="13.83" pos="105.91" lane="4/1to3/1_0" slope="0.00"/>
        <vehicle id="16" x="501.48" y="401.65" angle="-90.00" type="DEFAULT_VEHTYPE" speed="12.81" pos="93.77" lane="3/2to2/2_0" slope="0.00"/>
        <vehicle id="17" x="43.36" y="401.65" angle="-90.00" type="DEFAULT_VEHTYPE" speed="13.26" pos="151.89" lane="1/2to0/2_0" slope="0.00"/>
        <vehicle id="18" x="398.35" y="241.19" angle="0.00" type="DEFAULT_VEHTYPE" speed="13.59" pos="154.06" lane="2/2to2/1_0" slope="0.00"/>
        <vehicle id="19" x="277.18" y="398.35" angle="90.00" type="DEFAULT_VEHTYPE" speed="13.21" pos="72.43" lane="1/2to2/2_0" slope="0.00"/>
        <vehicle id="2" x="601.65" y="285.56" angle="180.00" type="DEFAULT_VEHTYPE" speed="13.24" pos="80.81" lane="3/1to3/2_0" slope="0.00"/>
        <vehicle id="20" x="401.65" y="172.30" angle="180.00" type="DEFAULT_VEHTYPE" speed="12.69" pos="172.30" lane="2/0to2/1_0" slope="0.00"/>
        <vehicle id="21" x="604.34" y="201.71" angle="-90.65" type="DEFAULT_VEHTYPE" speed="6.64" pos="0.41" lane=":3/1_4_0" slope="0.00"/>
        <vehicle id="22" x="352.64" y="198.35" angle="90.00" type="DEFAULT_VEHTYPE" speed="13.27" pos="147.89" lane="1/1to2/1_0" slope="0.00"/>
        <vehicle id="23" x="413.39" y="401.65" angle="-90.00" type="DEFAULT_VEHTYPE" speed="5.43" pos="181.86" lane="3/2to2/2_0" slope="0.00"/>
        <vehicle id="24" x="623.39" y="201.65" angle="-90.00" type="DEFAULT_VEHTYPE" speed="6.90" pos="176.61" lane="4/1to3/1_0" slope="0.00"/>
        <vehicle id="3" x="325.18" y="401.65" angle="-90.00" type="DEFAULT_VEHTYPE" speed="13.29" pos="70.07" lane="2/2to1/2_0" slope="0.00"/>
        <vehicle id="4" x="219.86" y="401.65" angle="-90.00" type="DEFAULT_VEHTYPE" speed="9.27" pos="175.39" lane="2/2to1/2_0" slope="0.00"/>
        <vehicle id="5" x="398.35" y="271.28" angle="0.00" type="DEFAULT_VEHTYPE" speed="13.01" pos="123.97" lane="2/2to2/1_0" slope="0.00"/>
        <vehicle id="6" x="601.65" y="385.63" angle="180.00" type="DEFAULT_VEHTYPE" speed="6.03" pos="180.88" lane="3/1to3/2_0" slope="0.00"/>
        <vehicle id="7" x="398.35" y="721.99" angle="0.00" type="DEFAULT_VEHTYPE" speed="13.70" pos="78.01" lane="2/4to2/3_0" slope="0.00"/>
        <vehicle id="8" x="397.50" y="401.65" angle="-90.00" type="DEFAULT_VEHTYPE" speed="6.27" pos="7.25" lane=":2/2_5_0" slope="0.00"/>
        <vehicle id="9" x="198.35" y="153.08" angle="0.00" type="DEFAULT_VEHTYPE" speed="13.31" pos="42.17" lane="1/1to1/0_0" slope="0.00"/>
    </timestep>
    <timestep time="374.00">
        <vehicle id="0" x="424.06" y="401.65" angle="-90.00" type="DEFAULT_VEHTYPE" speed="6.51" pos="171.19" lane="3/2to2/2_0" slope="0.00"/>
        <vehicle id="1" x="198.35" y="358.33" angle="0.00" type="DEFAULT_VEHTYPE" speed="13.02" pos="36.92" lane="1/2to1/1_0" slope="0.00"/>
        <vehicle id="11" x="401.65" y="143.42" angle="180.00" type="DEFAULT_VEHTYPE" speed="13.62" pos="143.42" lane="2/0to2/1_0" slope="0.00"/>
        <vehicle id="12" x="346.60" y="401.65" angle="-90.00" type="DEFAULT_VEHTYPE" speed="12.85" pos="48.65" lane="2/2to1/2_0" slope="0.00"/>
        <vehicle id="14" x="441.38" y="198.35" angle="90.00" type="DEFAULT_VEHTYPE" speed="13.00" pos="36.63" lane="2/1to3/1_0" slope="0.00"/>
        <vehicle id="15" x="681.19" y="201.65" angle="-90.00" type="DEFAULT_VEHTYPE" speed="12.90" pos="118.81" lane="4/1to3/1_0" slope="0.00"/>
        <vehicle id="16" x="487.99" y="401.65" angle="-90.00" type="DEFAULT_VEHTYPE" speed="13.48" pos="107.26" lane="3/2to2/2_0" slope="0.00"/>
        <vehicle id="17" x="30.46" y="401.65" angle="-90.00" type="DEFAULT_VEHTYPE" speed="12.90" pos="164.79" lane="1/2to0/2_0" slope="0.00"/>
        <vehicle id="18" x="398.35" y="227.84" angle="0.00" type="DEFAULT_VEHTYPE" speed="13.35" pos="167.41" lane="2/2to2/1_0" slope="0.00"/>
        <vehicle id="19" x="289.91" y="398.35" angle="90.00" type="DEFAULT_VEHTYPE" speed="12.73" pos="85.16" lane="1/2to2/2_0" slope="0.00"/>
        <vehicle id="2" x="601.65" y="298.32" angle="180.00" type="DEFAULT_VEHTYPE" speed="12.76" pos="93.57" lane="3/1to3/2_0" slope="0.00"/>
        <vehicle id="20" x="401.65" y="185.97" angle="180.00" type="DEFAULT_VEHTYPE" speed="13.67" pos="185.97" lane="2/0to2/1_0" slope="0.00"/>
        <vehicle id="21" x="601.65" y="208.33" angle="-177.51" type="DEFAULT_VEHTYPE" speed="8.17" pos="3.58" lane="3/1to3/2_0" slope="0.00"/>
        <vehicle id="22" x="365.31" y="198.35" angle="90.00" type="DEFAULT_VEHTYPE" speed="12.68" pos="160.56" lane="1/1to2/1_0" slope="0.00"/>
        <vehicle id="23" x="410.06" y="401.65" angle="-90.00" type="DEFAULT_VEHTYPE" speed="3.33" pos="185.19" lane="3/2to2/2_0" slope="0.00"/>
        <vehicle id="24" x="616.20" y="201.65" angle="-90.00" type="DEFAULT_VEHTYPE" speed="7.19" pos="183.80" lane="4/1to3/1_0" slope="0.00"/>
        <vehicle id="3" x="311.98" y="401.65" angle="-90.00" type="DEFAULT_VEHTYPE" speed="13.20" pos="83.27" lane="2/2to1/2_0" slope="0.00"/>
        <vehicle id="4" x="214.08" y="401.65" angle="-90.00" type="DEFAULT_VEHTYPE" speed="5.77" pos="181.17" lane="2/2to1/2_0" slope="0.00"/>
        <vehicle id="5" x="398.35" y="258.28" angle="0.00" type="DEFAULT_VEHTYPE" speed="13.00" pos="136.97" lane="2/2to2/1_0" slope="0.00"/>
        <vehicle id="6" x="601.65" y="390.25" angle="180.00" type="DEFAULT_VEHTYPE" speed="4.62" pos="185.50" lane="3/1to3/2_0" slope="0.00"/>
        <vehicle id="7" x="398.35" y="709.29" angle="0.00" type="DEFAULT_VEHTYPE" speed="12.70" pos="90.71" lane="2/4to2/3_0" slope="0.00"/>
        <vehicle id="8" x="388.96" y="401.65" angle="-90.00" type="DEFAULT_VEHTYPE" speed="8.53" pos="6.29" lane="2/2to1/2_0" slope="0.00"/>
        <vehicle id="9" x="198.35" y="140.29" angle="0.00" type="DEFAULT_VEHTYPE" speed="12.78" pos="54.96" lane="1/1to1/0_0" slope="0.00"/>
    </timestep>
    <timestep time="375.00">
        <vehicle id="0" x="420.64" y="401.65" angle="-90.00" type="DEFAULT_VEHTYPE" speed="3.42" pos="174.61" lane="3/2to2/2_0" slope="0.00"/>
        <vehicle id="1" x="198.35" y="345.39" angle="0.00" type="DEFAULT_VEHTYPE" speed="12.94" pos="49.86" lane="1/2to1/1_0" slope="0.00"/>
        <vehicle id="11" x="401.65" y="156.18" angle="180.00" type="DEFAULT_VEHTYPE" speed="12.76" pos="156.18" lane="2/0to2/1_0" slope="0.00"/>
        <vehicle id="12" x="333.04" y="401.65" angle="-90.00" type="DEFAULT_VEHTYPE" speed="13.56" pos="62.21" lane="2/2to1/2_0" slope="0.00"/>
        <vehicle id="14" x="454.16" y="198.35" angle="90.00" type="DEFAULT_VEHTYPE" speed="12.78" pos="49.41" lane="2/1to3/1_0" slope="0.00"/>
        <vehicle id="15" x="668.41" y="201.65" angle="-90.00" type="DEFAULT_VEHTYPE" speed="12.78" pos="131.59" lane="4/1to3/1_0" slope="0.00"/>
        <vehicle id="16" x="475.27" y="401.65" angle="-90.00" type="DEFAULT_VEHTYPE" speed="12.72" pos="119.98" lane="3/2to2/2_0" slope="0.00"/>
        <vehicle id="17" x="16.62" y="401.65" angle="-90.00" type="DEFAULT_VEHTYPE" speed="13.85" pos="178.63" lane="1/2to0/2_0" slope="0.00"/>
        <vehicle id="18" x="398.35" y="214.30" angle="0.00" type="DEFAULT_VEHTYPE" speed="13.54" pos="180.95" lane="2/2to2/1_0" slope="0.00"/>
        <vehicle id="19" x="303.64" y="398.35" angle="90.00" type="DEFAULT_VEHTYPE" speed="13.73" pos="98.89" lane="1/2to2/2_0" slope="0.00"/>
        <vehicle id="2" x="601.65" y="311.53" angle="180.00" type="DEFAULT_VEHTYPE" speed="13.21" pos="106.78" lane="3/1to3/2_0" slope="0.00"/>
        <vehicle id="20" x="403.37" y="198.15" angle="158.18" type="DEFAULT_VEHTYPE" speed="12.89" pos="3.61" lane=":2/1_8_0" slope="0.00"/>
        <vehicle id="21" x="601.65" y="217.99" angle="180.00" type="DEFAULT_VEHTYPE" speed="9.66" pos="13.24" lane="3/1to3/2_0" slope="0.00"/>
        <vehicle id="22" x="376.89" y="198.35" angle="90.00" type="DEFAULT_VEHTYPE" speed="11.58" pos="172.14" lane="1/1to2/1_0" slope="0.00"/>
        <vehicle id="23" x="405.15" y="401.65" angle="-90.00" type="DEFAULT_VEHTYPE" speed="4.90" pos="190.10" lane="3/2to2/2_0" slope="0.00"/>
        <vehicle id="24" x="610.71" y="201.65" angle="-90.00" type="DEFAULT_VEHTYPE" speed="5.49" pos="189.29" lane="4/1to3/1_0" slope="0.00"/>
        <vehicle id="3" x="298.52" y="401.65" angle="-90.00" type="DEFAULT_VEHTYPE" speed="13.46" pos="96.73" lane="2/2to1/2_0" slope="0.00"/>
        <vehicle id="4" x="209.62" y="401.65" angle="-90.00" type="DEFAULT_VEHTYPE" speed="4.46" pos="185.63" lane="2/2to1/2_0" slope="0.00"/>
        <vehicle id="5" x="398.35" y="245.45" angle="0.00" type="DEFAULT_VEHTYPE" speed="12.84" pos="149.80" lane="2/2to2/1_0" slope="0.00"/>
        <vehicle id="6" x="601.44" y="396.73" angle="-177.57" type="DEFAULT_VEHTYPE" speed="6.50" pos="1.50" lane=":3/2_10_0" slope="0.00"/>
        <vehicle id="7" x="398.35" y="696.17" angle="0.00" type="DEFAULT_VEHTYPE" speed="13.12" pos="103.83" lane="2/4to2/3_0" slope="0.00"/>
        <vehicle id="8" x="378.82" y="401.65" angle="-90.00" type="DEFAULT_VEHTYPE" speed="10.15" pos="16.43" lane="2/2to1/2_0" slope="0.00"/>
        <vehicle id="9" x="198.35" y="127.06" angle="0.00" type="DEFAULT_VEHTYPE" speed="13.23" pos="68.19" lane="1/1to1/0_0" slope="0.00"/>
    </timestep>
    <timestep time="376.00">
        <vehicle id="0" x="415.54" y="401.65" angle="-90.00" type="DEFAULT_VEHTYPE" speed="5.10" pos="179.71" lane="3/2to2/2_0" slope="0.00"/>
        <vehicle id="1" x="198.35" y="332.08" angle="0.00" type="DEFAULT_VEHTYPE" speed="13.31" pos="63.17" lane="1/2to1/1_0" slope="0.00"/>
        <vehicle id="11" x="401.65" y="169.09" angle="180.00" type="DEFAULT_VEHTYPE" speed="12.91" pos="169.09" lane="2/0to2/1_0" slope="0.00"/>
        <vehicle id="12" x="319.14" y="401.65" angle="-90.00" type="DEFAULT_VEHTYPE" speed="13.89" pos="76.11" lane="2/2to1/2_0" slope="0.00"/>
        <vehicle id="14" x="467.08" y="198.35" angle="90.00" type="DEFAULT_VEHTYPE" speed="12.92" pos="62.33" lane="2/1to3/1_0" slope="0.00"/>
        <vehicle id="15" x="654.77" y="201.65" angle="-90.00" type="DEFAULT_VEHTYPE" speed="13.63" pos="145.23" lane="4/1to3/1_0" slope="0.00"/>
        <vehicle id="16" x="461.84" y="401.65" angle="-90.00" type="DEFAULT_VEHTYPE" speed="13.44" pos="133.41" lane="3/2to2/2_0" slope="0.00"/>
        <vehicle id="17" x="3.56" y="401.65" angle="-90.00" type="DEFAULT_VEHTYPE" speed="13.06" pos="191.69" lane="1/2to0/2_0" slope="0.00"/>
        <vehicle id="18" x="396.00" y="201.75" angle="-32.05" type="DEFAULT_VEHTYPE" speed="13.80" pos="4.25" lane=":2/1_0_0" slope="0.00"/>
        <vehicle id="19" x="317.52" y="398.35" angle="90.00" type="DEFAULT_VEHTYPE" speed="13.88" pos="112.77" lane="1/2to2/2_0" slope="0.00"/>
        <vehicle id="2" x="601.65" y="325.10" angle="180.00" type="DEFAULT_VEHTYPE" speed="13.57" pos="120.35" lane="3/1to3/2_0" slope="0.00"/>
        <vehicle id="20" x="416.94" y="198.35" angle="90.00" type="DEFAULT_VEHTYPE" speed="13.59" pos="12.19" lane="2/1to3/1_0" slope="0.00"/>
        <vehicle id="21" x="601.65" y="228.97" angle="180.00" type="DEFAULT_VEHTYPE" speed="10.98" pos="24.22" lane="3/1to3/2_0" slope="0.00"/>
        <vehicle id="22" x="384.11" y="198.35" angle="90.00" type="DEFAULT_VEHTYPE" speed="7.22" pos="179.36" lane="1/1to2/1_0" slope="0.00"/>
        <vehicle id="23" x="399.26" y="398.89" angle="-57.57" type="DEFAULT_VEHTYPE" speed="6.91" pos="6.51" lane=":2/2_6_0" slope="0.00"/>
        <vehicle id="24" x="603.54" y="201.82" angle="-91.93" type="DEFAULT_VEHTYPE" speed="7.18" pos="1.22" lane=":3/1_4_0" slope="0.00"/>
        <vehicle id="3" x="284.80" y="401.65" angle="-90.00" type="DEFAULT_VEHTYPE" speed="13.72" pos="110.45" lane="2/2to1/2_0" slope="0.00"/>
        <vehicle id="4" x="202.91" y="401.39" angle="-86.98" type="DEFAULT_VEHTYPE" speed="6.73" pos="1.86" lane=":1/2_6_0" slope="0.00"/>
        <vehicle id="5" x="398.35" y="232.55" angle="0.00" type="DEFAULT_VEHTYPE" speed="12.89" pos="162.70" lane="2/2to2/1_0" slope="0.00"/>
        <vehicle id="6" x="595.15" y="401.65" angle="-107.43" type="DEFAULT_VEHTYPE" speed="8.92" pos="0.10" lane="3/2to2/2_0" slope="0.00"/>
        <vehicle id="7" x="398.35" y="682.44" angle="0.00" type="DEFAULT_VEHTYPE" speed="13.73" pos="117.56" lane="2/4to2/3_0" slope="0.00"/>
        <vehicle id="8" x="366.78" y="401.65" angle="-90.00" type="DEFAULT_VEHTYPE" speed="12.03" pos="28.47" lane="2/2to1/2_0" slope="0.00"/>
        <vehicle id="9" x="198.35" y="113.34" angle="0.00" type="DEFAULT_VEHTYPE" speed="13.73" pos="81.91" lane="1/1to1/0_0" slope="0.00"/>
    </timestep>
    <timestep time="377.00">
        <vehicle id="0" x="410.94" y="401.65" angle="-90.00" type="DEFAULT_VEHTYPE" speed="4.61" pos="184.31" lane="3/2to2/2_0" slope="0.00"/>
        <vehicle id="1" x="198.35" y="318.23" angle="0.00" type="DEFAULT_VEHTYPE" speed="13.85" pos="77.02" lane="1/2to1/1_0" slope="0.00"/>
        <vehicle id="11" x="401.65" y="182.88" angle="180.00" type="DEFAULT_VEHTYPE" speed="13.79" pos="182.88" lane="2/0to2/1_0" slope="0.00"/>
        <vehicle id="12" x="306.47" y="401.65" angle="-90.00" type="DEFAULT_VEHTYPE" speed="12.67" pos="88.78" lane="2/2to1/2_0" slope="0.00"/>
        <vehicle id="14" x="480.95" y="198.35" angle="90.00" type="DEFAULT_VEHTYPE" speed="13.87" pos="76.20" lane="2/1to3/1_0" slope="0.00"/>
        <vehicle id="15" x="640.98" y="201.65" angle="-90.00" type="DEFAULT_VEHTYPE" speed="13.80" pos="159.02" lane="4/1to3/1_0" slope="0.00"/>
        <vehicle id="16" x="447.95" y="401.65" angle="-90.00" type="DEFAULT_VEHTYPE" speed="13.89" pos="147.30" lane="3/2to2/2_0" slope="0.00"/>
        <vehicle id="17" x="4.75" y="398.35" angle="88.41" type="DEFAULT_VEHTYPE" speed="13.13" pos="4.75" lane="0/2to1/2_0" slope="0.00"/>
        <vehicle id="18" x="382.20" y="201.65" angle="-90.00" type="DEFAULT_VEHTYPE" speed="13.81" pos="13.05" lane="2/1to1/1_0" slope="0.00"/>
        <vehicle id="19" x="331.37" y="398.35" angle="90.00" type="DEFAULT_VEHTYPE" speed="13.85" pos="126.62" lane="1/2to2/2_0" slope="0.00"/>
        <vehicle id="2" x="601.65" y="338.99" angle="180.00" type="DEFAULT_VEHTYPE" speed="13.89" pos="134.24" lane="3/1to3/2_0" slope="0.00"/>
        <vehicle id="20" x="430.39" y="198.35" angle="90.00" type="DEFAULT_VEHTYPE" speed="13.45" pos="25.64" lane="2/1to3/1_0" slope="0.00"/>
        <vehicle id="21" x="601.65" y="241.84" angle="180.00" type="DEFAULT_VEHTYPE" speed="12.88" pos="37.09" lane="3/1to3/2_0" slope="0.00"/>
        <vehicle id="22" x="388.54" y="198.35" angle="90.00" type="DEFAULT_VEHTYPE" speed="4.43" pos="183.79" lane="1/1to2/1_0" slope="0.00"/>
        <vehicle id="23" x="398.35" y="390.65" angle="-0.65" type="DEFAULT_VEHTYPE" speed="8.41" pos="4.60" lane="2/2to2/1_0" slope="0.00"/>
        <vehicle id="24" x="601.65" y="210.27" angle="180.00" type="DEFAULT_VEHTYPE" speed="9.30" pos="5.52" lane="3/1to3/2_0" slope="0.00"/>
        <vehicle id="3" x="271.26" y="401.65" angle="-90.00" type="DEFAULT_VEHTYPE" speed="13.54" pos="123.99" lane="2/2to1/2_0" slope="0.00"/>
        <vehicle id="4" x="198.35" y="395.23" angle="-17.94" type="DEFAULT_VEHTYPE" speed="8.48" pos="0.02" lane="1/2to1/1_0" slope="0.00"/>
        <vehicle id="5" x="398.35" y="219.01" angle="0.00" type="DEFAULT_VEHTYPE" speed="13.54" pos="176.24" lane="2/2to2/1_0" slope="0.00"/>
        <vehicle id="6" x="584.32" y="401.65" angle="-90.00" type="DEFAULT_VEHTYPE" speed="10.83" pos="10.93" lane="3/2to2/2_0" slope="0.00"/>
        <vehicle id="7" x="398.35" y="668.83" angle="0.00" type="DEFAULT_VEHTYPE" speed="13.61" pos="131.17" lane="2/4to2/3_0" slope="0.00"/>
        <vehicle id="8" x="352.91" y="401.65" angle="-90.00" type="DEFAULT_VEHTYPE" speed="13.88" pos="42.34" lane="2/2to1/2_0" slope="0.00"/>
        <vehicle id="9" x="198.35" y="100.72" angle="0.00" type="DEFAULT_VEHTYPE" speed="12.62" pos="94.53" lane="1/1to1/0_0" slope="0.00"/>
    </timestep>
    <timestep time="378.00">
        <vehicle id="0" x="403.95" y="401.65" angle="-90.00" type="DEFAULT_VEHTYPE" speed="6.99" pos="0.80" lane=":2/2_5_0" slope="0.00"/>
        <vehicle id="1" x="198.35" y="304.61" angle="0.00" type="DEFAULT_VEHTYPE" speed="13.62" pos="90.64" lane="1/2to1/1_0" slope="0.00"/>
        <vehicle id="11" x="401.69" y="195.52" angle="179.57" type="DEFAULT_VEHTYPE" speed="12.64" pos="0.27" lane=":2/1_8_0" slope="0.00"/>
        <vehicle id="12" x="292.65" y="401.65" angle="-90.00" type="DEFAULT_VEHTYPE" speed="13.82" pos="102.60" lane="2/2to1/2_0" slope="0.00"/>
        <vehicle id="14" x="494.16" y="198.35" angle="90.00" type="DEFAULT_VEHTYPE" speed="13.21" pos="89.41" lane="2/1to3/1_0" slope="0.00"/>
        <vehicle id="15" x="628.70" y="201.65" angle="-90.00" type="DEFAULT_VEHTYPE" speed="12.27" pos="171.30" lane="4/1to3/1_0" slope="0.00"/>
        <vehicle id="16" x="434.42" y="401.65" angle="-90.00" type="DEFAULT_VEHTYPE" speed="13.53" pos="160.83" lane="3/2to2/2_0" slope="0.00"/>
        <vehicle id="17" x="18.37" y="398.35" angle="90.00" type="DEFAULT_VEHTYPE" speed="13.62" pos="18.37" lane="0/2to1/2_0" slope="0.00"/>
        <vehicle id="18" x="369.11" y="201.65" angle="-90.00" type="DEFAULT_VEHTYPE" speed="13.09" pos="26.14" lane="2/1to1/1_0" slope="0.00"/>
        <vehicle id="19" x="344.47" y="398.35" angle="90.00" type="DEFAULT_VEHTYPE" speed="13.11" pos="139.72" lane="1/2to2/2_0" slope="0.00"/>
        <vehicle id="2" x="601.65" y="352.33" angle="180.00" type="DEFAULT_VEHTYPE" speed="13.34" pos="147.58" lane="3/1to3/2_0" slope="0.00"/>
        <vehicle id="20" x="443.93" y="198.35" angle="90.00" type="DEFAULT_VEHTYPE" speed="13.54" pos="39.18" lane="2/1to3/1_0" slope="0.00"/>
        <vehicle id="21" x="601.65" y="254.48" angle="180.00" type="DEFAULT_VEHTYPE" speed="12.64" pos="49.73" lane="3/1to3/2_0" slope="0.00"/>
        <vehicle id="22" x="390.85" y="198.35" angle="90.00" type="DEFAULT_VEHTYPE" speed="2.31" pos="186.10" lane="1/1to2/1_0" slope="0.00"/>
        <vehicle id="23" x="398.35" y="380.58" angle="0.00" type="DEFAULT_VEHTYPE" speed="10.07" pos="14.67" lane="2/2to2/1_0" slope="0.00"/>
        <vehicle id="24" x="601.65" y="220.98" angle="180.00" type="DEFAULT_VEHTYPE" speed="10.71" pos="16.23" lane="3/1to3/2_0" slope="0.00"/>
        <vehicle id="3" x="257.85" y="401.65" angle="-90.00" type="DEFAULT_VEHTYPE" speed="13.41" pos="137.40" lane="2/2to1/2_0" slope="0.00"/>
        <vehicle id="4" x="198.35" y="384.83" angle="0.00" type="DEFAULT_VEHTYPE" speed="10.40" pos="10.42" lane="1/2to1/1_0" slope="0.00"/>
        <vehicle id="5" x="398.35" y="205.32" angle="0.00" type="DEFAULT_VEHTYPE" speed="13.70" pos="189.93" lane="2/2to2/1_0" slope="0.00"/>
        <vehicle id="6" x="571.70" y="401.65" angle="-90.00" type="DEFAULT_VEHTYPE" speed="12.63" pos="23.55" lane="3/2to2/2_0" slope="0.00"/>
        <vehicle id="7" x="398.35" y="655.96" angle="0.00" type="DEFAULT_VEHTYPE" speed="12.88" pos="144.04" lane="2/4to2/3_0" slope="0.00"/>
        <vehicle id="8" x="339.07" y="401.65" angle="-90.00" type="DEFAULT_VEHTYPE" speed="13.83" pos="56.18" lane="2/2to1/2_0" slope="0.00"/>
        <vehicle id="9" x="198.35" y="87.46" angle="0.00" type="DEFAULT_VEHTYPE" speed="13.26" pos="107.79" lane="1/1to1/0_0" slope="0.00"/>
    </timestep>
    <timestep time="379.00">
        <vehicle id="0" x="395.65" y="401.65" angle="-90.00" type="DEFAULT_VEHTYPE" speed="8.30" pos="9.10" lane=":2/2_5_0" slope="0.00"/>
        <vehicle id="1" x="198.35" y="291.60" angle="0.00" type="DEFAULT_VEHTYPE" speed="13.01" pos="103.65" lane="1/2to1/1_0" slope="0.00"/>
        <vehicle id="11" x="412.81" y="198.35" angle="90.00" type="DEFAULT_VEHTYPE" speed="12.78" pos="8.06" lane="2/1to3/1_0" slope="0.00"/>
        <vehicle id="12" x="279.46" y="401.65" angle="-90.00" type="DEFAULT_VEHTYPE" speed="13.18" pos="115.79" lane="2/2to1/2_0" slope="0.00"/>
        <vehicle id="14" x="507.12" y="198.35" angle="90.00" type="DEFAULT_VEHTYPE" speed="12.97" pos="102.37" lane="2/1to3/1_0" slope="0.00"/>
        <vehicle id="15" x="619.21" y="201.65" angle="-90.00" type="DEFAULT_VEHTYPE" speed="9.49" pos="180.79" lane="4/1to3/1_0" slope="0.00"/>
        <vehicle id="16" x="423.17" y="401.65" angle="-90.00" type="DEFAULT_VEHTYPE" speed="11.25" pos="172.08" lane="3/2to2/2_0" slope="0.00"/>
        <vehicle id="17" x="31.63" y="398.35" angle="90.00" type="DEFAULT_VEHTYPE" speed="13.26" pos="31.63" lane="0/2to1/2_0" slope="0.00"/>
        <vehicle id="18" x="355.69" y="201.65" angle="-90.00" type="DEFAULT_VEHTYPE" speed="13.41" pos="39.56" lane="2/1to1/1_0" slope="0.00"/>
        <vehicle id="19" x="357.46" y="398.35" angle="90.00" type="DEFAULT_VEHTYPE" speed="12.99" pos="152.71" lane="1/2to2/2_0" slope="0.00"/>
        <vehicle id="2" x="601.65" y="365.06" angle="180.00" type="DEFAULT_VEHTYPE" speed="12.73" pos="160.31" lane="3/1to3/2_0" slope="0.00"/>
        <vehicle id="20" x="457.72" y="198.35" angle="90.00" type="DEFAULT_VEHTYPE" speed="13.79" pos="52.97" lane="2/1to3/1_0" slope="0.00"/>
        <vehicle id="21" x="601.65" y="268.19" angle="180.00" type="DEFAULT_VEHTYPE" speed="13.71" pos="63.44" lane="3/1to3/2_0" slope="0.00"/>
        <vehicle id="22" x="392.05" y="198.35" angle="90.00" type="DEFAULT_VEHTYPE" speed="1.19" pos="187.30" lane="1/1to2/1_0" slope="0.00"/>
        <vehicle id="23" x="398.35" y="368.69" angle="0.00" type="DEFAULT_VEHTYPE" speed="11.88" pos="26.56" lane="2/2to2/1_0" slope="0.00"/>
        <vehicle id="24" x="601.65" y="233.40" angle="180.00" type="DEFAULT_VEHTYPE" speed="12.42" pos="28.65" lane="3/1to3/2_0" slope="0.00"/>
        <vehicle id="3" x="244.86" y="401.65" angle="-90.00" type="DEFAULT_VEHTYPE" speed="12.99" pos="150.39" lane="2/2to1/2_0" slope="0.00"/>
        <vehicle id="4" x="198.35" y="371.85" angle="0.00" type="DEFAULT_VEHTYPE" speed="12.98" pos="23.40" lane="1/2to1/1_0" slope="0.00"/>
        <vehicle id="5" x="388.20" y="201.65" angle="-90.00" type="DEFAULT_VEHTYPE" speed="12.62" pos="7.05" lane="2/1to1/1_0" slope="0.00"/>
        <vehicle id="6" x="558.75" y="401.65" angle="-90.00" type="DEFAULT_VEHTYPE" speed="12.95" pos="36.50" lane="3/2to2/2_0" slope="0.00"/>
        <vehicle id="7" x="398.35" y="642.21" angle="0.00" type="DEFAULT_VEHTYPE" speed="13.75" pos="157.79" lane="2/4to2/3_0" slope="0.00"/>
        <vehicle id="8" x="326.25" y="401.65" angle="-90.00" type="DEFAULT_VEHTYPE" speed="12.82" pos="69.00" lane="2/2to1/2_0" slope="0.00"/>
        <vehicle id="9" x="198.35" y="74.20" angle="0.00" type="DEFAULT_VEHTYPE" speed="13.27" pos="121.05" lane="1/1to1/0_0" slope="0.00"/>
    </timestep>
    <timestep time="380.00">
        <vehicle id="0" x="385.53" y="401.65" angle="-90.00" type="DEFAULT_VEHTYPE" speed="10.12" pos="9.72" lane="2/2to1/2_0" slope="0.00"/>
        <vehicle id="1" x="198.35" y="277.79" angle="0.00" type="DEFAULT_VEHTYPE" speed="13.81" pos="117.46" lane="1/2to1/1_0" slope="0.00"/>
        <vehicle id="11" x="426.58" y="198.35" angle="90.00" type="DEFAULT_VEHTYPE" speed="13.77" pos="21.83" lane="2/1to3/1_0" slope="0.00"/>
        <vehicle id="12" x="266.48" y="401.65" angle="-90.00" type="DEFAULT_VEHTYPE" speed="12.98" pos="128.77" lane="2/2to1/2_0" slope="0.00"/>
        <vehicle id="14" x="520.64" y="198.35" angle="90.00" type="DEFAULT_VEHTYPE" speed="13.52" pos="115.89" lane="2/1to3/1_0" slope="0.00"/>
        <vehicle id="15" x="613.40" y="201.65" angle="-90.00" type="DEFAULT_VEHTYPE" speed="5.81" pos="186.60" lane="4/1to3/1_0" slope="0.00"/>
        <vehicle id="16" x="415.79" y="401.65" angle="-90.00" type="DEFAULT_VEHTYPE" speed="7.38" pos="179.46" lane="3/2to2/2_0" slope="0.00"/>
        <vehicle id="17" x="45.22" y="398.35" angle="90.00" type="DEFAULT_VEHTYPE" speed="13.59" pos="45.22" lane="0/2to1/2_0" slope="0.00"/>
        <vehicle id="18" x="342.49" y="201.65" angle="-90.00" type="DEFAULT_VEHTYPE" speed="13.20" pos="52.76" lane="2/1to1/1_0" slope="0.00"/>
        <vehicle id="19" x="371.30" y="398.35" angle="90.00" type="DEFAULT_VEHTYPE" speed="13.84" pos="166.55" lane="1/2to2/2_0" slope="0.00"/>
        <vehicle id="2" x="601.65" y="376.21" angle="180.00" type="DEFAULT_VEHTYPE" speed="11.15" pos="171.46" lane="3/1to3/2_0" slope="0.00"/>
        <vehicle id="20" x="470.45" y="198.35" angle="90.00" type="DEFAULT_VEHTYPE" speed="12.73" pos="65.70" lane="2/1to3/1_0" slope="0.00"/>
        <vehicle id="21" x="601.65" y="281.03" angle="180.00" type="DEFAULT_VEHTYPE" speed="12.84" pos="76.28" lane="3/1to3/2_0" slope="0.00"/>
        <vehicle id="22" x="395.84" y="198.35" angle="90.00" type="DEFAULT_VEHTYPE" speed="3.79" pos="0.59" lane=":2/1_13_0" slope="0.00"/>
        <vehicle id="23" x="398.35" y="354.83" angle="0.00" type="DEFAULT_VEHTYPE" speed="13.86" pos="40.42" lane="2/2to2/1_0" slope="0.00"/>
        <vehicle id="24" x="601.65" y="247.15" angle="180.00" type="DEFAULT_VEHTYPE" speed="13.75" pos="42.40" lane="3/1to3/2_0" slope="0.00"/>
        <vehicle id="3" x="231.18" y="401.65" angle="-90.00" type="DEFAULT_VEHTYPE" speed="13.67" pos="164.07" lane="2/2to1/2_0" slope="0.00"/>
        <vehicle id="4" x="198.35" y="358.41" angle="0.00" type="DEFAULT_VEHTYPE" speed="13.44" pos="36.84" lane="1/2to1/1_0" slope="0.00"/>
        <vehicle id="5" x="374.48" y="201.65" angle="-90.00" type="DEFAULT_VEHTYPE" speed="13.71" pos="20.77" lane="2/1to1/1_0" slope="0.00"/>
        <vehicle id="6" x="545.66" y="401.65" angle="-90.00" type="DEFAULT_VEHTYPE" speed="13.09" pos="49.59" lane="3/2to2/2_0" slope="0.00"/>
        <vehicle id="7" x="398.35" y="629.41" angle="0.00" type="DEFAULT_VEHTYPE" speed="12.80" pos="170.59" lane="2/4to2/3_0" slope="0.00"/>
        <vehicle id="8" x="312.94" y="401.65" angle="-90.00" type="DEFAULT_VEHTYPE" speed="13.30" pos="82.31" lane="2/2to1/2_0" slope="0.00"/>
        <vehicle id="9" x="198.35" y="60.67" angle="0.00" type="DEFAULT_VEHTYPE" speed="13.52" pos="134.58" lane="1/1to1/0_0" slope="0.00"/>
    </timestep>
    <timestep time="381.00">
        <vehicle id="0" x="373.43" y="401.65" angle="-90.00" type="DEFAULT_VEHTYPE" speed="12.10" pos="21.82" lane="2/2to1/2_0" slope="0.00"/>
        <vehicle id="1" x="198.35" y="264.74" angle="0.00" type="DEFAULT_VEHTYPE" speed="13.05" pos="130.51" lane="1/2to1/1_0" slope="0.00"/>
        <vehicle id="11" x="440.05" y="198.35" angle="90.00" type="DEFAULT_VEHTYPE" speed="13.47" pos="35.30" lane="2/1to3/1_0" slope="0.00"/>
        <vehicle id="12" x="252.65" y="401.65" angle="-90.00" type="DEFAULT_VEHTYPE" speed="13.83" pos="142.60" lane="2/2to1/2_0" slope="0.00"/>
        <vehicle id="14" x="534.34" y="198.35" angle="90.00" type="DEFAULT_VEHTYPE" speed="13.70" pos="129.59" lane="2/1to3/1_0" slope="0.00"/>
        <vehicle id="15" x="609.30" y="201.65" angle="-90.00" type="DEFAULT_VEHTYPE" speed="4.11" pos="190.70" lane="4/1to3/1_0" slope="0.00"/>
        <vehicle id="16" x="410.70" y="401.65" angle="-90.00" type="DEFAULT_VEHTYPE" speed="5.08" pos="184.55" lane="3/2to2/2_0" slope="0.00"/>
        <vehicle id="17" x="58.27" y="398.35" angle="90.00" type="DEFAULT_VEHTYPE" speed="13.05" pos="58.27" lane="0/2to1/2_0" slope="0.00"/>
        <vehicle id="18" x="329.29" y="201.65" angle="-90.00" type="DEFAULT_VEHTYPE" speed="13.20" pos="65.96" lane="2/1to1/1_0" slope="0.00"/>
        <vehicle id="19" x="380.64" y="398.35" angle="90.00" type="DEFAULT_VEHTYPE" speed="9.34" pos="175.89" lane="1/2to2/2_0" slope="0.00"/>
        <vehicle id="2" x="601.65" y="384.27" angle="180.00" type="DEFAULT_VEHTYPE" speed="8.06" pos="179.52" lane="3/1to3/2_0" slope="0.00"/>
        <vehicle id="20" x="483.60" y="198.35" angle="90.00" type="DEFAULT_VEHTYPE" speed="13.15" pos="78.85" lane="2/1to3/1_0" slope="0.00"/>
        <vehicle id="21" x="601.65" y="294.46" angle="180.00" type="DEFAULT_VEHTYPE" speed="13.43" pos="89.71" lane="3/1to3/2_0" slope="0.00"/>
        <vehicle id="22" x="401.30" y="198.35" angle="90.00" type="DEFAULT_VEHTYPE" speed="5.47" pos="6.05" lane=":2/1_13_0" slope="0.00"/>
        <vehicle id="23" x="398.35" y="341.81" angle="0.00" type="DEFAULT_VEHTYPE" speed="13.02" pos="53.44" lane="2/2to2/1_0" slope="0.00"/>
        <vehicle id="24" x="601.65" y="260.22" angle="180.00" type="DEFAULT_VEHTYPE" speed="13.07" pos="55.47" lane="3/1to3/2_0" slope="0.00"/>
        <vehicle id="3" x="220.46" y="401.65" angle="-90.00" type="DEFAULT_VEHTYPE" speed="10.72" pos="174.79" lane="2/2to1/2_0" slope="0.00"/>
        <vehicle id="4" x="198.35" y="344.75" angle="0.00" type="DEFAULT_VEHTYPE" speed="13.65" pos="50.50" lane="1/2to1/1_0" slope="0.00"/>
        <vehicle id="5" x="360.81" y="201.65" angle="-90.00" type="DEFAULT_VEHTYPE" speed="13.67" pos="34.44" lane="2/1to1/1_0" slope="0.00"/>
        <vehicle id="6" x="532.59" y="401.65" angle="-90.00" type="DEFAULT_VEHTYPE" speed="13.07" pos="62.66" lane="3/2to2/2_0" slope="0.00"/>
        <vehicle id="7" x="398.35" y="615.52" angle="0.00" type="DEFAULT_VEHTYPE" speed="13.89" pos="184.48" lane="2/4to2/3_0" slope="0.00"/>
        <vehicle id="8" x="299.63" y="401.65" angle="-90.00" type="DEFAULT_VEHTYPE" speed="13.32" pos="95.62" lane="2/2to1/2_0" slope="0.00"/>
        <vehicle id="9" x="198.35" y="47.32" angle="0.00" type="DEFAULT_VEHTYPE" speed="13.35" pos="147.93" lane="1/1to1/0_0" slope="0.00"/>
    </timestep>
    <timestep time="382.00">
        <vehicle id="0" x="360.81" y="401.65" angle="-90.00" type="DEFAULT_VEHTYPE" speed="12.62" pos="34.44" lane="2/2to1/2_0" slope="0.00"/>
        <vehicle id="1" x="198.35" y="251.98" angle="0.00" type="DEFAULT_VEHTYPE" speed="12.77" pos="143.27" lane="1/2to1/1_0" slope="0.00"/>
        <vehicle id="11" x="452.80" y="198.35" angle="90.00" type="DEFAULT_VEHTYPE" speed="12.75" pos="48.05" lane="2/1to3/1_0" slope="0.00"/>
        <vehicle id="12" x="239.61" y="401.65" angle="-90.00" type="DEFAULT_VEHTYPE" speed="13.04" pos="155.64" lane="2/2to1/2_0" slope="0.00"/>
        <vehicle id="14" x="548.18" y="198.35" angle="90.00" type="DEFAULT_VEHTYPE" speed="13.84" pos="143.43" lane="2/1to3/1_0" slope="0.00"/>
        <vehicle id="15" x="603.19" y="201.96" angle="-93.58" type="DEFAULT_VEHTYPE" speed="6.15" pos="1.60" lane=":3/1_4_0" slope="0.00"/>
        <vehicle id="16" x="404.17" y="401.65" angle="-90.00" type="DEFAULT_VEHTYPE" speed="6.53" pos="0.58" lane=":2/2_5_0" slope="0.00"/>
        <vehicle id="17" x="71.46" y="398.35" angle="90.00" type="DEFAULT_VEHTYPE" speed="13.19" pos="71.46" lane="0/2to1/2_0" slope="0.00"/>
        <vehicle id="18" x="316.62" y="201.65" angle="-90.00" type="DEFAULT_VEHTYPE" speed="12.68" pos="78.63" lane="2/1to1/1_0" slope="0.00"/>
        <vehicle id="19" x="386.53" y="398.35" angle="90.00" type="DEFAULT_VEHTYPE" speed="5.89" pos="181.78" lane="1/2to2/2_0" slope="0.00"/>
        <vehicle id="2" x="601.65" y="388.63" angle="180.00" type="DEFAULT_VEHTYPE" speed="4.36" pos="183.88" lane="3/1to3/2_0" slope="0.00"/>
        <vehicle id="20" x="497.04" y="198.35" angle="90.00" type="DEFAULT_VEHTYPE" speed="13.43" pos="92.29" lane="2/1to3/1_0" slope="0.00"/>
        <vehicle id="21" x="601.65" y="307.17" angle="180.00" type="DEFAULT_VEHTYPE" speed="12.71" pos="102.42" lane="3/1to3/2_0" slope="0.00"/>
        <vehicle id="22" x="409.29" y="198.35" angle="90.00" type="DEFAULT_VEHTYPE" speed="7.98" pos="4.54" lane="2/1to3/1_0" slope="0.00"/>
        <vehicle id="23" x="398.35" y="328.08" angle="0.00" type="DEFAULT_VEHTYPE" speed="13.73" pos="67.17" lane="2/2to2/1_0" slope="0.00"/>
        <vehicle id="24" x="601.65" y="274.11" angle="180.00" type="DEFAULT_VEHTYPE" speed="13.89" pos="69.36" lane="3/1to3/2_0" slope="0.00"/>
        <vehicle id="3" x="214.20" y="401.65" angle="-90.00" type="DEFAULT_VEHTYPE" speed="6.27" pos="181.05" lane="2/2to1/2_0" slope="0.00"/>
        <vehicle id="4" x="198.35" y="332.04" angle="0.00" type="DEFAULT_VEHTYPE" speed="12.72" pos="63.21" lane="1/2to1/1_0" slope="0.00"/>
        <vehicle id="5" x="347.86" y="201.65" angle="-90.00" type="DEFAULT_VEHTYPE" speed="12.95" pos="47.39" lane="2/1to1/1_0" slope="0.00"/>
        <vehicle id="6" x="519.53" y="401.65" angle="-90.00" type="DEFAULT_VEHTYPE" speed="13.06" pos="75.72" lane="3/2to2/2_0" slope="0.00"/>
        <vehicle id="7" x="398.35" y="601.71" angle="0.00" type="DEFAULT_VEHTYPE" speed="13.81" pos="3.04" lane=":2/3_1_0" slope="0.00"/>
        <vehicle id="8" x="286.04" y="401.65" angle="-90.00" type="DEFAULT_VEHTYPE" speed="13.58" pos="109.21" lane="2/2to1/2_0" slope="0.00"/>
        <vehicle id="9" x="198.35" y="33.85" angle="0.00" type="DEFAULT_VEHTYPE" speed="13.47" pos="161.40" lane="1/1to1/0_0" slope="0.00"/>
    </timestep>
    <timestep time="383.00">
        <vehicle id="0" x="347.11" y="401.65" angle="-90.00" type="DEFAULT_VEHTYPE" speed="13.70" pos="48.14" lane="2/2to1/2_0" slope="0.00"/>
        <vehicle id="1" x="198.35" y="239.36" angle="0.00" type="DEFAULT_VEHTYPE" speed="12.61" pos="155.89" lane="1/2to1/1_0" slope="0.00"/>
        <vehicle id="11" x="466.17" y="198.35" angle="90.00" type="DEFAULT_VEHTYPE" speed="13.37" pos="61.42" lane="2/1to3/1_0" slope="0.00"/>
        <vehicle id="12" x="228.98" y="401.65" angle="-90.00" type="DEFAULT_VEHTYPE" speed="10.64" pos="166.27" lane="2/2to1/2_0" slope="0.00"/>
        <vehicle id="14" x="562.00" y="198.35" angle="90.00" type="DEFAULT_VEHTYPE" speed="13.82" pos="157.25" lane="2/1to3/1_0" slope="0.00"/>
        <vehicle id="15" x="601.65" y="209.80" angle="180.00" type="DEFAULT_VEHTYPE" speed="8.45" pos="5.05" lane="3/1to3/2_0" slope="0.00"/>
        <vehicle id="16" x="396.18" y="401.65" angle="-90.00" type="DEFAULT_VEHTYPE" speed="7.99" pos="8.57" lane=":2/2_5_0" slope="0.00"/>
        <vehicle id="17" x="84.54" y="398.35" angle="90.00" type="DEFAULT_VEHTYPE" speed="13.09" pos="84.54" lane="0/2to1/2_0" slope="0.00"/>
        <vehicle id="18" x="302.76" y="201.65" angle="-90.00" type="DEFAULT_VEHTYPE" speed="13.85" pos="92.49" lane="2/1to1/1_0" slope="0.00"/>
        <vehicle id="19" x="390.22" y="398.35" angle="90.00" type="DEFAULT_VEHTYPE" speed="3.69" pos="185.47" lane="1/2to2/2_0" slope="0.00"/>
        <vehicle id="2" x="601.65" y="394.54" angle="180.00" type="DEFAULT_VEHTYPE" speed="5.91" pos="189.79" lane="3/1to3/2_0" slope="0.00"/>
        <vehicle id="20" x="510.36" y="198.35" angle="90.00" type="DEFAULT_VEHTYPE" speed="13.32" pos="105.61" lane="2/1to3/1_0" slope="0.00"/>
        <vehicle id="21" x="601.65" y="320.13" angle="180.00" type="DEFAULT_VEHTYPE" speed="12.96" pos="115.38" lane="3/1to3/2_0" slope="0.00"/>
        <vehicle id="22" x="418.85" y="198.35" angle="90.00" type="DEFAULT_VEHTYPE" speed="9.57" pos="14.10" lane="2/1to3/1_0" slope="0.00"/>
        <vehicle id="23" x="398.35" y="314.24" angle="0.00" type="DEFAULT_VEHTYPE" speed="13.84" pos="81.01" lane="2/2to2/1_0" slope="0.00"/>
        <vehicle id="24" x="601.65" y="286.87" angle="180.00" type="DEFAULT_VEHTYPE" speed="12.76" pos="82.12" lane="3/1to3/2_0" slope="0.00"/>
        <vehicle id="3" x="210.29" y="401.65" angle="-90.00" type="DEFAULT_VEHTYPE" speed="3.91" pos="184.96" lane="2/2to1/2_0" slope="0.00"/>
        <vehicle id="4" x="198.35" y="319.25" angle="0.00" type="DEFAULT_VEHTYPE" speed="12.79" pos="76.00" lane="1/2to1/1_0" slope="0.00"/>
        <vehicle id="5" x="334.71" y="201.65" angle="-90.00" type="DEFAULT_VEHTYPE" speed="13.14" pos="60.54" lane="2/1to1/1_0" slope="0.00"/>
        <vehicle id="6" x="505.90" y="401.65" angle="-90.00" type="DEFAULT_VEHTYPE" speed="13.64" pos="89.35" lane="3/2to2/2_0" slope="0.00"/>
        <vehicle id="7" x="398.35" y="588.48" angle="0.00" type="DEFAULT_VEHTYPE" speed="13.23" pos="6.77" lane="2/3to2/2_0" slope="0.00"/>
        <vehicle id="8" x="273.41" y="401.65" angle="-90.00" type="DEFAULT_VEHTYPE" speed="12.63" pos="121.84" lane="2/2to1/2_0" slope="0.00"/>
        <vehicle id="9" x="198.35" y="21.19" angle="0.00" type="DEFAULT_VEHTYPE" speed="12.66" pos="174.06" lane="1/1to1/0_0" slope="0.00"/>
    </timestep>
    <timestep time="384.00">
        <vehicle id="0" x="334.10" y="401.65" angle="-90.00" type="DEFAULT_VEHTYPE" speed="13.01" pos="61.15" lane="2/2to1/2_0" slope="0.00"/>
        <vehicle id="1" x="198.35" y="226.68" angle="0.00" type="DEFAULT_VEHTYPE" speed="12.68" pos="168.57" lane="1/2to1/1_0" slope="0.00"/>
        <vehicle id="11" x="479.10" y="198.35" angle="90.00" type="DEFAULT_VEHTYPE" speed="12.92" pos="74.35" lane="2/1to3/1_0" slope="0.00"/>
        <vehicle id="12" x="222.76" y="401.65" angle="-90.00" type="DEFAULT_VEHTYPE" speed="6.22" pos="172.49" lane="2/2to1/2_0" slope="0.00"/>
        <vehicle id="14" x="574.35" y="198.35" angle="90.00" type="DEFAULT_VEHTYPE" speed="12.35" pos="169.60" lane="2/1to3/1_0" slope="0.00"/>
        <vehicle id="15" x="601.65" y="219.82" angle="180.00" type="DEFAULT_VEHTYPE" speed="10.02" pos="15.07" lane="3/1to3/2_0" slope="0.00"/>
        <vehicle id="16" x="386.68" y="401.65" angle="-90.00" type="DEFAULT_VEHTYPE" speed="9.49" pos="8.57" lane="2/2to1/2_0" slope="0.00"/>
        <vehicle id="17" x="97.38" y="398.35" angle="90.00" type="DEFAULT_VEHTYPE" speed="12.84" pos="97.38" lane="0/2to1/2_0" slope="0.00"/>
        <vehicle id="18" x="289.64" y="201.65" angle="-90.00" type="DEFAULT_VEHTYPE" speed="13.12" pos="105.61" lane="2/1to1/1_0" slope="0.00"/>
        <vehicle id="19" x="395.50" y="398.31" angle="89.60" type="DEFAULT_VEHTYPE" speed="5.28" pos="0.25" lane=":2/2_12_0" slope="0.00"/>
        <vehicle id="2" x="598.73" y="400.84" angle="-145.61" type="DEFAULT_VEHTYPE" speed="7.41" pos="6.70" lane=":3/2_10_0" slope="0.00"/>
        <vehicle id="20" x="523.13" y="198.35" angle="90.00" type="DEFAULT_VEHTYPE" speed="12.77" pos="118.38" lane="2/1to3/1_0" slope="0.00"/>
        <vehicle id="21" x="601.65" y="332.85" angle="180.00" type="DEFAULT_VEHTYPE" speed="12.72" pos="128.10" lane="3/1to3/2_0" slope="0.00"/>
        <vehicle id="22" x="430.61" y="198.35" angle="90.00" type="DEFAULT_VEHTYPE" speed="11.75" pos="25.86" lane="2/1to3/1_0" slope="0.00"/>
        <vehicle id="23" x="398.35" y="301.32" angle="0.00" type="DEFAULT_VEHTYPE" speed="12.91" pos="93.93" lane="2/2to2/1_0" slope="0.00"/>
        <vehicle id="24" x="601.65" y="300.32" angle="180.00" type="DEFAULT_VEHTYPE" speed="13.45" pos="95.57" lane="3/1to3/2_0" slope="0.00"/>
        <vehicle id="3" x="204.58" y="401.63" angle="-89.72" type="DEFAULT_VEHTYPE" speed="5.72" pos="0.18" lane=":1/2_6_0" slope="0.00"/>
        <vehicle id="4" x="198.35" y="306.08" angle="0.00" type="DEFAULT_VEHTYPE" speed="13.17" pos="89.17" lane="1/2to1/1_0" slope="0.00"/>
        <vehicle id="5" x="321.97" y="201.65" angle="-90.00" type="DEFAULT_VEHTYPE" speed="12.75" pos="73.28" lane="2/1to1/1_0" slope="0.00"/>
        <vehicle id="6" x="492.84" y="401.65" angle="-90.00" type="DEFAULT_VEHTYPE" speed="13.06" pos="102.41" lane="3/2to2/2_0" slope="0.00"/>
        <vehicle id="7" x="398.35" y="574.63" angle="0.00" type="DEFAULT_VEHTYPE" speed="13.85" pos="20.62" lane="2/3to2/2_0" slope="0.00"/>
        <vehicle id="8" x="260.32" y="401.65" angle="-90.00" type="DEFAULT_VEHTYPE" speed="13.09" pos="134.93" lane="2/2to1/2_0" slope="0.00"/>
        <vehicle id="9" x="198.35" y="8.12" angle="0.00" type="DEFAULT_VEHTYPE" speed="13.07" pos="187.13" lane="1/1to1/0_0" slope="0.00"/>
    </timestep>
    <timestep time="385.00">
        <vehicle id="0" x="321.36" y="401.65" angle="-90.00" type="DEFAULT_VEHTYPE" speed="12.74" pos="73.89" lane="2/2to1/2_0" slope="0.00"/>
        <vehicle id="1" x="198.35" y="213.83" angle="0.00" type="DEFAULT_VEHTYPE" speed="12.85" pos="181.42" lane="1/2to1/1_0" slope="0.00"/>
        <vehicle id="11" x="492.54" y="198.35" angle="90.00" type="DEFAULT_VEHTYPE" speed="13.45" pos="87.79" lane="2/1to3/1_0" slope="0.00"/>
        <vehicle id="12" x="216.03" y="401.65" angle="-90.00" type="DEFAULT_VEHTYPE" speed="6.73" pos="179.22" lane="2/2to1/2_0" slope="0.00"/>
        <vehicle id="14" x="583.48" y="198.35" angle="90.00" type="DEFAULT_VEHTYPE" speed="9.13" pos="178.73" lane="2/1to3/1_0" slope="0.00"/>
        <vehicle id="15" x="601.65" y="231.30" angle="180.00" type="DEFAULT_VEHTYPE" speed="11.47" pos="26.55" lane="3/1to3/2_0" slope="0.00"/>
        <vehicle id="16" x="375.39" y="401.65" angle="-90.00" type="DEFAULT_VEHTYPE" speed="11.29" pos="19.86" lane="2/2to1/2_0" slope="0.00"/>
        <vehicle id="17" x="111.11" y="398.35" angle="90.00" type="DEFAULT_VEHTYPE" speed="13.72" pos="111.11" lane="0/2to1/2_0" slope="0.00"/>
        <vehicle id="18" x="276.48" y="201.65" angle="-90.00" type="DEFAULT_VEHTYPE" speed="13.17" pos="118.77" lane="2/1to1/1_0" slope="0.00"/>
        <vehicle id="19" x="398.35" y="392.69" angle="8.68" type="DEFAULT_VEHTYPE" speed="7.31" pos="2.56" lane="2/2to2/1_0" slope="0.00"/>
        <vehicle id="2" x="588.98" y="401.65" angle="-90.00" type="DEFAULT_VEHTYPE" speed="9.90" pos="6.27" lane="3/2to2/2_0" slope="0.00"/>
        <vehicle id="20" x="536.20" y="198.35" angle="90.00" type="DEFAULT_VEHTYPE" speed="13.07" pos="131.45" lane="2/1to3/1_0" slope="0.00"/>
        <vehicle id="21" x="601.65" y="346.32" angle="180.00" type="DEFAULT_VEHTYPE" speed="13.47" pos="141.57" lane="3/1to3/2_0" slope="0.00"/>
        <vehicle id="22" x="443.78" y="198.35" angle="90.00" type="DEFAULT_VEHTYPE" speed="13.18" pos="39.03" lane="2/1to3/1_0" slope="0.00"/>
        <vehicle id="23" x="398.35" y="288.60" angle="0.00" type="DEFAULT_VEHTYPE" speed="12.72" pos="106.65" lane="2/2to2/1_0" slope="0.00"/>
        <vehicle id="24" x="601.65" y="314.13" angle="180.00" type="DEFAULT_VEHTYPE" speed="13.81" pos="109.38" lane="3/1to3/2_0" slope="0.00"/>
        <vehicle id="3" x="198.65" y="397.34" angle="-38.66" type="DEFAULT_VEHTYPE" speed="8.04" pos="8.21" lane=":1/2_6_0" slope="0.00"/>
        <vehicle id="4" x="198.35" y="292.68" angle="0.00" type="DEFAULT_VEHTYPE" speed="13.40" pos="102.57" lane="1/2to1/1_0" slope="0.00"/>
        <vehicle id="5" x="308.95" y="201.65" angle="-90.00" type="DEFAULT_VEHTYPE" speed="13.01" pos="86.30" lane="2/1to1/1_0" slope="0.00"/>
        <vehicle id="6" x="480.03" y="401.65" angle="-90.00" type="DEFAULT_VEHTYPE" speed="12.81" pos="115.22" lane="3/2to2/2_0" slope="0.00"/>
        <vehicle id="7" x="398.35" y="561.32" angle="0.00" type="DEFAULT_VEHTYPE" speed="13.31" pos="33.93" lane="2/3to2/2_0" slope="0.00"/>
        <vehicle id="8" x="246.65" y="401.65" angle="-90.00" type="DEFAULT_VEHTYPE" speed="13.67" pos="148.60" lane="2/2to1/2_0" slope="0.00"/>
        <vehicle id="9" x="201.65" y="0.19" angle="93.32" type="DEFAULT_VEHTYPE" speed="13.13" pos="0.19" lane="1/0to1/1_0" slope="0.00"/>
    </timestep>
    <timestep time="386.00">
        <vehicle id="0" x="307.60" y="401.65" angle="-90.00" type="DEFAULT_VEHTYPE" speed="13.75" pos="87.65" lane="2/2to1/2_0" slope="0.00"/>
        <vehicle id="1" x="195.94" y="201.75" angle="-33.06" type="DEFAULT_VEHTYPE" speed="13.39" pos="4.30" lane=":1/1_0_0" slope="0.00"/>
        <vehicle id="11" x="505.17" y="198.35" angle="90.00" type="DEFAULT_VEHTYPE" speed="12.63" pos="100.42" lane="2/1to3/1_0" slope="0.00"/>
        <vehicle id="12" x="211.03" y="401.65" angle="-90.00" type="DEFAULT_VEHTYPE" speed="5.00" pos="184.22" lane="2/2to1/2_0" slope="0.00"/>
        <vehicle id="14" x="588.26" y="198.35" angle="90.00" type="DEFAULT_VEHTYPE" speed="4.77" pos="183.51" lane="2/1to3/1_0" slope="0.00"/>
        <vehicle id="15" x="601.65" y="244.47" angle="180.00" type="DEFAULT_VEHTYPE" speed="13.18" pos="39.72" lane="3/1to3/2_0" slope="0.00"/>
        <vehicle id="16" x="361.63" y="401.65" angle="-90.00" type="DEFAULT_VEHTYPE" speed="13.76" pos="33.62" lane="2/2to1/2_0" slope="0.00"/>
        <vehicle id="17" x="124.16" y="398.35" angle="90.00" type="DEFAULT_VEHTYPE" speed="13.06" pos="124.16" lane="0/2to1/2_0" slope="0.00"/>
        <vehicle id="18" x="263.57" y="201.65" angle="-90.00" type="DEFAULT_VEHTYPE" speed="12.91" pos="131.68" lane="2/1to1/1_0" slope="0.00"/>
        <vehicle id="19" x="398.35" y="383.41" angle="0.00" type="DEFAULT_VEHTYPE" speed="9.27" pos="11.84" lane="2/2to2/1_0" slope="0.00"/>
        <vehicle id="2" x="577.28" y="401.65" angle="-90.00" type="DEFAULT_VEHTYPE" speed="11.70" pos="17.97" lane="3/2to2/2_0" slope="0.00"/>
        <vehicle id="20" x="549.59" y="198.35" angle="90.00" type="DEFAULT_VEHTYPE" speed="13.39" pos="144.84" lane="2/1to3/1_0" slope="0.00"/>
        <vehicle id="21" x="601.65" y="359.14" angle="180.00" type="DEFAULT_VEHTYPE" speed="12.81" pos="154.39" lane="3/1to3/2_0" slope="0.00"/>
        <vehicle id="22" x="456.57" y="198.35" angle="90.00" type="DEFAULT_VEHTYPE" speed="12.79" pos="51.82" lane="2/1to3/1_0" slope="0.00"/>
        <vehicle id="23" x="398.35" y="274.83" angle="0.00" type="DEFAULT_VEHTYPE" speed="13.77" pos="120.42" lane="2/2to2/1_0" slope="0.00"/>
        <vehicle id="24" x="601.65" y="327.39" angle="180.00" type="DEFAULT_VEHTYPE" speed="13.26" pos="122.64" lane="3/1to3/2_0" slope="0.00"/>
        <vehicle id="3" x="198.35" y="387.90" angle="0.00" type="DEFAULT_VEHTYPE" speed="9.46" pos="7.35" lane="1/2to1/1_0" slope="0.00"/>
        <vehicle id="4" x="198.35" y="279.83" angle="0.00" type="DEFAULT_VEHTYPE" speed="12.84" pos="115.42" lane="1/2to1/1_0" slope="0.00"/>
        <vehicle id="5" x="295.32" y="201.65" angle="-90.00" type="DEFAULT_VEHTYPE" speed="13.64" pos="99.93" lane="2/1to1/1_0" slope="0.00"/>
        <vehicle id="6" x="466.57" y="401.65" angle="-90.00" type="DEFAULT_VEHTYPE" speed="13.46" pos="128.68" lane="3/2to2/2_0" slope="0.00"/>
        <vehicle id="7" x="398.35" y="547.85" angle="0.00" type="DEFAULT_VEHTYPE" speed="13.47" pos="47.40" lane="2/3to2/2_0" slope="0.00"/>
        <vehicle id="8" x="234.66" y="401.65" angle="-90.00" type="DEFAULT_VEHTYPE" speed="11.99" pos="160.59" lane="2/2to1/2_0" slope="0.00"/>
        <vehicle id="9" x="201.65" y="13.43" angle="180.00" type="DEFAULT_VEHTYPE" speed="13.24" pos="13.43" lane="1/0to1/1_0" slope="0.00"/>
    </timestep>
    <timestep time="387.00">
        <vehicle id="0" x="294.51" y="401.65" angle="-90.00" type="DEFAULT_VEHTYPE" speed="13.09" pos="100.74" lane="2/2to1/2_0" slope="0.00"/>
        <vehicle id="1" x="182.49" y="201.65" angle="-90.00" type="DEFAULT_VEHTYPE" speed="13.46" pos="12.76" lane="1/1to0/1_0" slope="0.00"/>
        <vehicle id="11" x="518.11" y="198.35" angle="90.00" type="DEFAULT_VEHTYPE" speed="12.94" pos="113.36" lane="2/1to3/1_0" slope="0.00"/>
        <vehicle id="12" x="203.74" y="401.51" angle="-88.35" type="DEFAULT_VEHTYPE" speed="7.30" pos="1.02" lane=":1/2_6_0" slope="0.00"/>
        <vehicle id="14" x="595.60" y="198.40" angle="90.57" type="DEFAULT_VEHTYPE" speed="7.35" pos="0.35" lane=":3/1_14_0" slope="0.00"/>
        <vehicle id="15" x="601.65" y="257.12" angle="180.00" type="DEFAULT_VEHTYPE" speed="12.65" pos="52.37" lane="3/1to3/2_0" slope="0.00"/>
        <vehicle id="16" x="348.35" y="401.65" angle="-90.00" type="DEFAULT_VEHTYPE" speed="13.28" pos="46.90" lane="2/2to1/2_0" slope="0.00"/>
        <vehicle id="17" x="137.10" y="398.35" angle="90.00" type="DEFAULT_VEHTYPE" speed="12.94" pos="137.10" lane="0/2to1/2_0" slope="0.00"/>
        <vehicle id="18" x="249.88" y="201.65" angle="-90.00" type="DEFAULT_VEHTYPE" speed="13.69" pos="145.37" lane="2/1to1/1_0" slope="0.00"/>
        <vehicle id="19" x="398.35" y="372.26" angle="0.00" type="DEFAULT_VEHTYPE" speed="11.15" pos="22.99" lane="2/2to2/1_0" slope="0.00"/>
        <vehicle id="2" x="563.86" y="401.65" angle="-90.00" type="DEFAULT_VEHTYPE" speed="13.42" pos="31.39" lane="3/2to2/2_0" slope="0.00"/>
        <vehicle id="20" x="563.31" y="198.35" angle="90.00" type="DEFAULT_VEHTYPE" speed="13.72" pos="158.56" lane="2/1to3/1_0" slope="0.00"/>
        <vehicle id="21" x="601.65" y="371.82" angle="180.00" type="DEFAULT_VEHTYPE" speed="12.69" pos="167.07" lane="3/1to3/2_0" slope="0.00"/>
        <vehicle id="22" x="469.96" y="198.35" angle="90.00" type="DEFAULT_VEHTYPE" speed="13.39" pos="65.21" lane="2/1to3/1_0" slope="0.00"/>
        <vehicle id="23" x="398.35" y="262.13" angle="0.00" type="DEFAULT_VEHTYPE" speed="12.70" pos="133.12" lane="2/2to2/1_0" slope="0.00"/>
        <vehicle id="24" x="601.65" y="340.13" angle="180.00" type="DEFAULT_VEHTYPE" speed="12.74" pos="135.38" lane="3/1to3/2_0" slope="0.00"/>
        <vehicle id="3" x="198.35" y="376.25" angle="0.00" type="DEFAULT_VEHTYPE" speed="11.65" pos="19.00" lane="1/2to1/1_0" slope="0.00"/>
        <vehicle id="4" x="198.35" y="266.74" angle="0.00" type="DEFAULT_VEHTYPE" speed="13.09" pos="128.51" lane="1/2to1/1_0" slope="0.00"/>
        <vehicle id="5" x="281.79" y="201.65" angle="-90.00" type="DEFAULT_VEHTYPE" speed="13.53" pos="113.46" lane="2/1to1/1_0" slope="0.00"/>
        <vehicle id="6" x="453.47" y="401.65" angle="-90.00" type="DEFAULT_VEHTYPE" speed="13.10" pos="141.78" lane="3/2to2/2_0" slope="0.00"/>
        <vehicle id="7" x="398.35" y="534.12" angle="0.00" type="DEFAULT_VEHTYPE" speed="13.73" pos="61.13" lane="2/3to2/2_0" slope="0.00"/>
        <vehicle id="8" x="225.91" y="401.65" angle="-90.00" type="DEFAULT_VEHTYPE" speed="8.75" pos="169.34" lane="2/2to1/2_0" slope="0.00"/>
        <vehicle id="9" x="201.65" y="26.26" angle="180.00" type="DEFAULT_VEHTYPE" speed="12.84" pos="26.26" lane="1/0to1/1_0" slope="0.00"/>
    </timestep>
    <timestep time="388.00">
        <vehicle id="0" x="281.88" y="401.65" angle="-90.00" type="DEFAULT_VEHTYPE" speed="12.63" pos="113.37" lane="2/2to1/2_0" slope="0.00"/>
        <vehicle id="1" x="169.62" y="201.65" angle="-90.00" type="DEFAULT_VEHTYPE" speed="12.86" pos="25.63" lane="1/1to0/1_0" slope="0.00"/>
        <vehicle id="11" x="530.76" y="198.35" angle="90.00" type="DEFAULT_VEHTYPE" speed="12.65" pos="126.01" lane="2/1to3/1_0" slope="0.00"/>
        <vehicle id="12" x="198.35" y="394.78" angle="-15.12" type="DEFAULT_VEHTYPE" speed="9.77" pos="0.47" lane="1/2to1/1_0" slope="0.00"/>
        <vehicle id="14" x="601.54" y="203.97" angle="155.00" type="DEFAULT_VEHTYPE" speed="9.18" pos="9.53" lane=":3/1_14_0" slope="0.00"/>
        <vehicle id="15" x="601.65" y="270.03" angle="180.00" type="DEFAULT_VEHTYPE" speed="12.92" pos="65.28" lane="3/1to3/2_0" slope="0.00"/>
        <vehicle id="16" x="335.52" y="401.65" angle="-90.00" type="DEFAULT_VEHTYPE" speed="12.82" pos="59.73" lane="2/2to1/2_0" slope="0.00"/>
        <vehicle id="17" x="149.87" y="398.35" angle="90.00" type="DEFAULT_VEHTYPE" speed="12.77" pos="149.87" lane="0/2to1/2_0" slope="0.00"/>
        <vehicle id="18" x="237.02" y="201.65" angle="-90.00" type="DEFAULT_VEHTYPE" speed="12.86" pos="158.23" lane="2/1to1/1_0" slope="0.00"/>
        <vehicle id="19" x="398.35" y="359.34" angle="0.00" type="DEFAULT_VEHTYPE" speed="12.93" pos="35.91" lane="2/2to2/1_0" slope="0.00"/>
        <vehicle id="2" x="550.94" y="401.65" angle="-90.00" type="DEFAULT_VEHTYPE" speed="12.92" pos="44.31" lane="3/2to2/2_0" slope="0.00"/>
        <vehicle id="20" x="574.68" y="198.35" angle="90.00" type="DEFAULT_VEHTYPE" speed="11.37" pos="169.93" lane="2/1to3/1_0" slope="0.00"/>
        <vehicle id="21" x="601.65" y="381.34" angle="180.00" type="DEFAULT_VEHTYPE" speed="9.52" pos="176.59" lane="3/1to3/2_0" slope="0.00"/>
        <vehicle id="22" x="482.99" y="198.35" angle="90.00" type="DEFAULT_VEHTYPE" speed="13.03" pos="78.24" lane="2/1to3/1_0" slope="0.00"/>
        <vehicle id="23" x="398.35" y="248.69" angle="0.00" type="DEFAULT_VEHTYPE" speed="13.44" pos="146.56" lane="2/2to2/1_0" slope="0.00"/>
        <vehicle id="24" x="601.65" y="353.90" angle="180.00" type="DEFAULT_VEHTYPE" speed="13.77" pos="149.15" lane="3/1to3/2_0" slope="0.00"/>
        <vehicle id="3" x="198.35" y="363.31" angle="0.00" type="DEFAULT_VEHTYPE" speed="12.95" pos="31.94" lane="1/2to1/1_0" slope="0.00"/>
        <vehicle id="4" x="198.35" y="253.14" angle="0.00" type="DEFAULT_VEHTYPE" speed="13.59" pos="142.11" lane="1/2to1/1_0" slope="0.00"/>
        <vehicle id="5" x="268.73" y="201.65" angle="-90.00" type="DEFAULT_VEHTYPE" speed="13.06" pos="126.52" lane="2/1to1/1_0" slope="0.00"/>
        <vehicle id="6" x="439.74" y="401.65" angle="-90.00" type="DEFAULT_VEHTYPE" speed="13.73" pos="155.51" lane="3/2to2/2_0" slope="0.00"/>
        <vehicle id="7" x="398.35" y="520.97" angle="0.00" type="DEFAULT_VEHTYPE" speed="13.15" pos="74.28" lane="2/3to2/2_0" slope="0.00"/>
        <vehicle id="8" x="217.66" y="401.65" angle="-90.00" type="DEFAULT_VEHTYPE" speed="8.25" pos="177.59" lane="2/2to1/2_0" slope="0.00"/>
        <vehicle id="9" x="201.65" y="39.77" angle="180.00" type="DEFAULT_VEHTYPE" speed="13.51" pos="39.77" lane="1/0to1/1_0" slope="0.00"/>
    </timestep>
    <timestep time="389.00">
        <vehicle id="0" x="268.82" y="401.65" angle="-90.00" type="DEFAULT_VEHTYPE" speed="13.06" pos="126.43" lane="2/2to1/2_0" slope="0.00"/>
        <vehicle id="1" x="156.60" y="201.65" angle="-90.00" type="DEFAULT_VEHTYPE" speed="13.02" pos="38.65" lane="1/1to0/1_0" slope="0.00"/>
        <vehicle id="11" x="544.59" y="198.35" angle="90.00" type="DEFAULT_VEHTYPE" speed="13.83" pos="139.84" lane="2/1to3/1_0" slope="0.00"/>
        <vehicle id="12" x="198.35" y="382.82" angle="0.00" type="DEFAULT_VEHTYPE" speed="11.97" pos="12.43" lane="1/2to1/1_0" slope="0.00"/>
        <vehicle id="14" x="601.65" y="215.21" angle="180.00" type="DEFAULT_VEHTYPE" speed="11.24" pos="10.46" lane="3/1to3/2_0" slope="0.00"/>
        <vehicle id="15" x="601.65" y="283.69" angle="180.00" type="DEFAULT_VEHTYPE" speed="13.66" pos="78.94" lane="3/1to3/2_0" slope="0.00"/>
        <vehicle id="16" x="322.34" y="401.65" angle="-90.00" type="DEFAULT_VEHTYPE" speed="13.18" pos="72.91" lane="2/2to1/2_0" slope="0.00"/>
        <vehicle id="17" x="163.29" y="398.35" angle="90.00" type="DEFAULT_VEHTYPE" speed="13.42" pos="163.29" lane="0/2to1/2_0" slope="0.00"/>
        <vehicle id="18" x="225.72" y="201.65" angle="-90.00" type="DEFAULT_VEHTYPE" speed="11.30" pos="169.53" lane="2/1to1/1_0" slope="0.00"/>
        <vehicle id="19" x="398.35" y="345.82" angle="0.00" type="DEFAULT_VEHTYPE" speed="13.51" pos="49.43" lane="2/2to2/1_0" slope="0.00"/>
        <vehicle id="2" x="537.28" y="401.65" angle="-90.00" type="DEFAULT_VEHTYPE" speed="13.66" pos="57.97" lane="3/2to2/2_0" slope="0.00"/>
        <vehicle id="20" x="583.19" y="198.35" angle="90.00" type="DEFAULT_VEHTYPE" speed="8.51" pos="178.44" lane="2/1to3/1_0" slope="0.00"/>
        <vehicle id="21" x="601.65" y="387.33" angle="180.00" type="DEFAULT_VEHTYPE" speed="5.98" pos="182.58" lane="3/1to3/2_0" slope="0.00"/>
        <vehicle id="22" x="496.38" y="198.35" angle="90.00" type="DEFAULT_VEHTYPE" speed="13.39" pos="91.63" lane="2/1to3/1_0" slope="0.00"/>
        <vehicle id="23" x="398.35" y="235.81" angle="0.00" type="DEFAULT_VEHTYPE" speed="12.88" pos="159.44" lane="2/2to2/1_0" slope="0.00"/>
        <vehicle id="24" x="601.65" y="365.80" angle="180.00" type="DEFAULT_VEHTYPE" speed="11.90" pos="161.05" lane="3/1to3/2_0" slope="0.00"/>
        <vehicle id="3" x="198.35" y="349.80" angle="0.00" type="DEFAULT_VEHTYPE" speed="13.51" pos="45.45" lane="1/2to1/1_0" slope="0.00"/>
        <vehicle id="4" x="198.35" y="239.37" angle="0.00" type="DEFAULT_VEHTYPE" speed="13.77" pos="155.88" lane="1/2to1/1_0" slope="0.00"/>
        <vehicle id="5" x="255.23" y="201.65" angle="-90.00" type="DEFAULT_VEHTYPE" speed="13.50" pos="140.02" lane="2/1to1/1_0" slope="0.00"/>
        <vehicle id="6" x="426.86" y="401.65" angle="-90.00" type="DEFAULT_VEHTYPE" speed="12.88" pos="168.39" lane="3/2to2/2_0" slope="0.00"/>
        <vehicle id="7" x="398.35" y="508.21" angle="0.00" type="DEFAULT_VEHTYPE" speed="12.76" pos="87.04" lane="2/3to2/2_0" slope="0.00"/>
        <vehicle id="8" x="212.78" y="401.65" angle="-90.00" type="DEFAULT_VEHTYPE" speed="4.88" pos="182.47" lane="2/2to1/2_0" slope="0.00"/>
        <vehicle id="9" x="201.65" y="53.25" angle="180.00" type="DEFAULT_VEHTYPE" speed="13.48" pos="53.25" lane="1/0to1/1_0" slope="0.00"/>
    </timestep>
    <timestep time="390.00">
        <vehicle id="0" x="256.18" y="401.65" angle="-90.00" type="DEFAULT_VEHTYPE" speed="12.64" pos="139.07" lane="2/2to1/2_0" slope="0.00"/>
        <vehicle id="1" x="143.13" y="201.65" angle="-90.00" type="DEFAULT_VEHTYPE" speed="13.47" pos="52.12" lane="1/1to0/1_0" slope="0.00"/>
        <vehicle id="11" x="557.55" y="198.35" angle="90.00" type="DEFAULT_VEHTYPE" speed="12.96" pos="152.80" lane="2/1to3/1_0" slope="0.00"/>
        <vehicle id="12" x="198.35" y="369.03" angle="0.00" type="DEFAULT_VEHTYPE" speed="13.79" pos="26.22" lane="1/2to1/1_0" slope="0.00"/>
        <vehicle id="14" x="601.65" y="227.87" angle="180.00" type="DEFAULT_VEHTYPE" speed="12.66" pos="23.12" lane="3/1to3/2_0" slope="0.00"/>
        <vehicle id="15" x="601.65" y="296.41" angle="180.00" type="DEFAULT_VEHTYPE" speed="12.72" pos="91.66" lane="3/1to3/2_0" slope="0.00"/>
        <vehicle id="16" x="309.64" y="401.65" angle="-90.00" type="DEFAULT_VEHTYPE" speed="12.70" pos="85.61" lane="2/2to1/2_0" slope="0.00"/>
        <vehicle id="17" x="175.10" y="398.35" angle="90.00" type="DEFAULT_VEHTYPE" speed="11.81" pos="175.10" lane="0/2to1/2_0" slope="0.00"/>
        <vehicle id="18" x="217.60" y="201.65" angle="-90.00" type="DEFAULT_VEHTYPE" speed="8.12" pos="177.65" lane="2/1to1/1_0" slope="0.00"/>
        <vehicle id="19" x="398.35" y="332.25" angle="0.00" type="DEFAULT_VEHTYPE" speed="13.57" pos="63.00" lane="2/2to2/1_0" slope="0.00"/>
        <vehicle id="2" x="523.87" y="401.65" angle="-90.00" type="DEFAULT_VEHTYPE" speed="13.41" pos="71.38" lane="3/2to2/2_0" slope="0.00"/>
        <vehicle id="20" x="588.91" y="198.35" angle="90.00" type="DEFAULT_VEHTYPE" speed="5.72" pos="184.16" lane="2/1to3/1_0" slope="0.00"/>
        <vehicle id="21" x="601.65" y="390.64" angle="180.00" type="DEFAULT_VEHTYPE" speed="3.31" pos="185.89" lane="3/1to3/2_0" slope="0.00"/>
        <vehicle id="22" x="509.08" y="198.35" angle="90.00" type="DEFAULT_VEHTYPE" speed="12.70" pos="104.33" lane="2/1to3/1_0" slope="0.00"/>
        <vehicle id="23" x="398.35" y="222.87" angle="0.00" type="DEFAULT_VEHTYPE" speed="12.93" pos="172.38" lane="2/2to2/1_0" slope="0.00"/>
        <vehicle id="24" x="601.65" y="374.36" angle="180.00" type="DEFAULT_VEHTYPE" speed="8.56" pos="169.61" lane="3/1to3/2_0" slope="0.00"/>
        <vehicle id="3" x="198.35" y="336.08" angle="0.00" type="DEFAULT_VEHTYPE" speed="13.72" pos="59.17" lane="1/2to1/1_0" slope="0.00"/>
        <vehicle id="4" x="198.35" y="226.06" angle="0.00" type="DEFAULT_VEHTYPE" speed="13.31" pos="169.19" lane="1/2to1/1_0" slope="0.00"/>
        <vehicle id="5" x="241.70" y="201.65" angle="-90.00" type="DEFAULT_VEHTYPE" speed="13.53" pos="153.55" lane="2/1to1/1_0" slope="0.00"/>
        <vehicle id="6" x="417.58" y="401.65" angle="-90.00" type="DEFAULT_VEHTYPE" speed="9.28" pos="177.67" lane="3/2to2/2_0" slope="0.00"/>
        <vehicle id="7" x="398.35" y="495.59" angle="0.00" type="DEFAULT_VEHTYPE" speed="12.62" pos="99.66" lane="2/3to2/2_0" slope="0.00"/>
        <vehicle id="8" x="209.67" y="401.65" angle="-90.00" type="DEFAULT_VEHTYPE" speed="3.10" pos="185.58" lane="2/2to1/2_0" slope="0.00"/>
        <vehicle id="9" x="201.65" y="66.20" angle="180.00" type="DEFAULT_VEHTYPE" speed="12.95" pos="66.20" lane="1/0to1/1_0" slope="0.00"/>
    </timestep>
    <timestep time="391.00">
        <vehicle id="0" x="243.50" y="401.65" angle="-90.00" type="DEFAULT_VEHTYPE" speed="12.68" pos="151.75" lane="2/2to1/2_0" slope="0.00"/>
        <vehicle id="1" x="130.21" y="201.65" angle="-90.00" type="DEFAULT_VEHTYPE" speed="12.92" pos="65.04" lane="1/1to0/1_0" slope="0.00"/>
        <vehicle id="11" x="569.14" y="198.35" angle="90.00" type="DEFAULT_VEHTYPE" speed="11.59" pos="164.39" lane="2/1to3/1_0" slope="0.00"/>
        <vehicle id="12" x="198.35" y="356.41" angle="0.00" type="DEFAULT_VEHTYPE" speed="12.62" pos="38.84" lane="1/2to1/1_0" slope="0.00"/>
        <vehicle id="14" x="601.65" y="241.04" angle="180.00" type="DEFAULT_VEHTYPE" speed="13.17" pos="36.29" lane="3/1to3/2_0" slope="0.00"/>
        <vehicle id="15" x="601.65" y="309.55" angle="180.00" type="DEFAULT_VEHTYPE" speed="13.14" pos="104.80" lane="3/1to3/2_0" slope="0.00"/>
        <vehicle id="16" x="296.63" y="401.65" angle="-90.00" type="DEFAULT_VEHTYPE" speed="13.02" pos="98.62" lane="2/2to1/2_0" slope="0.00"/>
        <vehicle id="17" x="183.27" y="398.35" angle="90.00" type="DEFAULT_VEHTYPE" speed="8.17" pos="183.27" lane="0/2to1/2_0" slope="0.00"/>
        <vehicle id="18" x="212.68" y="201.65" angle="-90.00" type="DEFAULT_VEHTYPE" speed="4.92" pos="182.57" lane="2/1to1/1_0" slope="0.00"/>
        <vehicle id="19" x="398.35" y="318.95" angle="0.00" type="DEFAULT_VEHTYPE" speed="13.30" pos="76.30" lane="2/2to2/1_0" slope="0.00"/>
        <vehicle id="2" x="510.20" y="401.65" angle="-90.00" type="DEFAULT_VEHTYPE" speed="13.67" pos="85.05" lane="3/2to2/2_0" slope="0.00"/>
        <vehicle id="20" x="597.17" y="198.35" angle="90.00" type="DEFAULT_VEHTYPE" speed="8.26" pos="1.92" lane=":3/1_13_0" slope="0.00"/>
        <vehicle id="21" x="601.58" y="395.72" angle="-179.23" type="DEFAULT_VEHTYPE" speed="5.09" pos="0.47" lane=":3/2_10_0" slope="0.00"/>
        <vehicle id="22" x="522.24" y="198.35" angle="90.00" type="DEFAULT_VEHTYPE" speed="13.16" pos="117.49" lane="2/1to3/1_0" slope="0.00"/>
        <vehicle id="23" x="398.35" y="209.95" angle="0.00" type="DEFAULT_VEHTYPE" speed="12.92" pos="185.30" lane="2/2to2/1_0" slope="0.00"/>
        <vehicle id="24" x="601.65" y="379.47" angle="180.00" type="DEFAULT_VEHTYPE" speed="5.11" pos="174.72" lane="3/1to3/2_0" slope="0.00"/>
        <vehicle id="3" x="198.35" y="322.54" angle="0.00" type="DEFAULT_VEHTYPE" speed="13.54" pos="72.71" lane="1/2to1/1_0" slope="0.00"/>
        <vehicle id="4" x="198.35" y="212.63" angle="0.00" type="DEFAULT_VEHTYPE" speed="13.43" pos="182.62" lane="1/2to1/1_0" slope="0.00"/>
        <vehicle id="5" x="231.31" y="201.65" angle="-90.00" type="DEFAULT_VEHTYPE" speed="10.39" pos="163.94" lane="2/1to1/1_0" slope="0.00"/>
        <vehicle id="6" x="411.85" y="401.65" angle="-90.00" type="DEFAULT_VEHTYPE" speed="5.73" pos="183.40" lane="3/2to2/2_0" slope="0.00"/>
        <vehicle id="7" x="398.35" y="482.24" angle="0.00" type="DEFAULT_VEHTYPE" speed="13.35" pos="113.01" lane="2/3to2/2_0" slope="0.00"/>
        <vehicle id="8" x="203.99" y="401.54" angle="-88.76" type="DEFAULT_VEHTYPE" speed="5.68" pos="0.76" lane=":1/2_6_0" slope="0.00"/>
        <vehicle id="9" x="201.65" y="79.95" angle="180.00" type="DEFAULT_VEHTYPE" speed="13.75" pos="79.95" lane="1/0to1/1_0" slope="0.00"/>
    </timestep>
    <timestep time="392.00">
        <vehicle id="0" x="230.88" y="401.65" angle="-90.00" type="DEFAULT_VEHTYPE" speed="12.62" pos="164.37" lane="2/2to1/2_0" slope="0.00"/>
        <vehicle id="1" x="117.38" y="201.65" angle="-90.00" type="DEFAULT_VEHTYPE" speed="12.84" pos="77.87" lane="1/1to0/1_0" slope="0.00"/>
        <vehicle id="11" x="579.16" y="198.35" angle="90.00" type="DEFAULT_VEHTYPE" speed="10.02" pos="174.41" lane="2/1to3/1_0" slope="0.00"/>
        <vehicle id="12" x="198.35" y="343.64" angle="0.00" type="DEFAULT_VEHTYPE" speed="12.77" pos="51.61" lane="1/2to1/1_0" slope="0.00"/>
        <vehicle id="14" x="601.65" y="253.85" angle="180.00" type="DEFAULT_VEHTYPE" speed="12.81" pos="49.10" lane="3/1to3/2_0" slope="0.00"/>
        <vehicle id="15" x="601.65" y="323.01" angle="180.00" type="DEFAULT_VEHTYPE" speed="13.45" pos="118.26" lane="3/1to3/2_0" slope="0.00"/>
        <vehicle id="16" x="283.24" y="401.65" angle="-90.00" type="DEFAULT_VEHTYPE" speed="13.39" pos="112.01" lane="2/2to1/2_0" slope="0.00"/>
        <vehicle id="17" x="188.40" y="398.35" angle="90.00" type="DEFAULT_VEHTYPE" speed="5.13" pos="188.40" lane="0/2to1/2_0" slope="0.00"/>
        <vehicle id="18" x="209.90" y="201.65" angle="-90.00" type="DEFAULT_VEHTYPE" speed="2.79" pos="185.35" lane="2/1to1/1_0" slope="0.00"/>
        <vehicle id="19" x="398.35" y="306.31" angle="0.00" type="DEFAULT_VEHTYPE" speed="12.64" pos="88.94" lane="2/2to2/1_0" slope="0.00"/>
        <vehicle id="2" x="497.33" y="401.65" angle="-90.00" type="DEFAULT_VEHTYPE" speed="12.87" pos="97.92" lane="3/2to2/2_0" slope="0.00"/>
        <vehicle id="20" x="607.89" y="198.35" angle="90.00" type="DEFAULT_VEHTYPE" speed="10.72" pos="3.14" lane="3/1to4/1_0" slope="0.00"/>
        <vehicle id="21" x="598.09" y="401.22" angle="-137.94" type="DEFAULT_VEHTYPE" speed="6.97" pos="0.30" lane=":3/2_18_0" slope="0.00"/>
        <vehicle id="22" x="535.72" y="198.35" angle="90.00" type="DEFAULT_VEHTYPE" speed="13.48" pos="130.97" lane="2/1to3/1_0" slope="0.00"/>
        <vehicle id="23" x="398.35" y="196.55" angle="0.00" type="DEFAULT_VEHTYPE" speed="13.41" pos="8.20" lane=":2/1_1_0" slope="0.00"/>
        <vehicle id="24" x="601.65" y="385.77" angle="180.00" type="DEFAULT_VEHTYPE" speed="6.29" pos="181.02" lane="3/1to3/2_0" slope="0.00"/>
        <vehicle id="3" x="198.35" y="308.90" angle="0.00" type="DEFAULT_VEHTYPE" speed="13.64" pos="86.35" lane="1/2to1/1_0" slope="0.00"/>
        <vehicle id="4" x="195.26" y="201.65" angle="-44.72" type="DEFAULT_VEHTYPE" speed="12.87" pos="4.99" lane=":1/1_0_0" slope="0.00"/>
        <vehicle id="5" x="223.89" y="201.65" angle="-90.00" type="DEFAULT_VEHTYPE" speed="7.43" pos="171.36" lane="2/1to1/1_0" slope="0.00"/>
        <vehicle id="6" x="409.14" y="401.65" angle="-90.00" type="DEFAULT_VEHTYPE" speed="2.71" pos="186.11" lane="3/2to2/2_0" slope="0.00"/>
        <vehicle id="7" x="398.35" y="469.22" angle="0.00" type="DEFAULT_VEHTYPE" speed="13.02" pos="126.03" lane="2/3to2/2_0" slope="0.00"/>
        <vehicle id="8" x="198.57" y="396.76" angle="-32.67" type="DEFAULT_VEHTYPE" speed="8.03" pos="8.79" lane=":1/2_6_0" slope="0.00"/>
        <vehicle id="9" x="201.65" y="93.39" angle="180.00" type="DEFAULT_VEHTYPE" speed="13.44" pos="93.39" lane="1/0to1/1_0" slope="0.00"/>
    </timestep>
    <timestep time="393.00">
        <vehicle id="0" x="221.33" y="401.65" angle="-90.00" type="DEFAULT_VEHTYPE" speed="9.55" pos="173.92" lane="2/2to1/2_0" slope="0.00"/>
        <vehicle id="1" x="103.69" y="201.65" angle="-90.00" type="DEFAULT_VEHTYPE" speed="13.69" pos="91.56" lane="1/1to0/1_0" slope="0.00"/>
        <vehicle id="11" x="586.37" y="198.35" angle="90.00" type="DEFAULT_VEHTYPE" speed="7.20" pos="181.62" lane="2/1to3/1_0" slope="0.00"/>
        <vehicle id="12" x="198.35" y="330.02" angle="0.00" type="DEFAULT_VEHTYPE" speed="13.62" pos="65.23" lane="1/2to1/1_0" slope="0.00"/>
        <vehicle id="14" x="601.65" y="266.82" angle="180.00" type="DEFAULT_VEHTYPE" speed="12.97" pos="62.07" lane="3/1to3/2_0" slope="0.00"/>
        <vehicle id="15" x="601.65" y="336.81" angle="180.00" type="DEFAULT_VEHTYPE" speed="13.80" pos="132.06" lane="3/1to3/2_0" slope="0.00"/>
        <vehicle id="16" x="270.05" y="401.65" angle="-90.00" type="DEFAULT_VEHTYPE" speed="13.19" pos="125.20" lane="2/2to1/2_0" slope="0.00"/>
        <vehicle id="17" x="195.71" y="398.42" angle="90.75" type="DEFAULT_VEHTYPE" speed="7.31" pos="0.46" lane=":1/2_14_0" slope="0.00"/>
        <vehicle id="18" x="205.47" y="201.65" angle="-90.00" type="DEFAULT_VEHTYPE" speed="4.42" pos="189.78" lane="2/1to1/1_0" slope="0.00"/>
        <vehicle id="19" x="398.35" y="292.79" angle="0.00" type="DEFAULT_VEHTYPE" speed="13.52" pos="102.46" lane="2/2to2/1_0" slope="0.00"/>
        <vehicle id="2" x="483.85" y="401.65" angle="-90.00" type="DEFAULT_VEHTYPE" speed="13.47" pos="111.40" lane="3/2to2/2_0" slope="0.00"/>
        <vehicle id="20" x="620.99" y="198.35" angle="90.00" type="DEFAULT_VEHTYPE" speed="13.10" pos="16.24" lane="3/1to4/1_0" slope="0.00"/>
        <vehicle id="21" x="588.90" y="401.65" angle="-90.00" type="DEFAULT_VEHTYPE" speed="9.23" pos="6.35" lane="3/2to2/2_0" slope="0.00"/>
        <vehicle id="22" x="548.78" y="198.35" angle="90.00" type="DEFAULT_VEHTYPE" speed="13.06" pos="144.03" lane="2/1to3/1_0" slope="0.00"/>
        <vehicle id="23" x="398.35" y="183.87" angle="0.00" type="DEFAULT_VEHTYPE" speed="12.67" pos="11.38" lane="2/1to2/0_0" slope="0.00"/>
        <vehicle id="24" x="601.65" y="390.30" angle="180.00" type="DEFAULT_VEHTYPE" speed="4.54" pos="185.55" lane="3/1to3/2_0" slope="0.00"/>
        <vehicle id="3" x="198.35" y="296.13" angle="0.00" type="DEFAULT_VEHTYPE" speed="12.77" pos="99.12" lane="1/2to1/1_0" slope="0.00"/>
        <vehicle id="4" x="182.49" y="201.65" angle="-90.00" type="DEFAULT_VEHTYPE" speed="12.77" pos="12.76" lane="1/1to0/1_0" slope="0.00"/>
        <vehicle id="5" x="220.45" y="201.65" angle="-90.00" type="DEFAULT_VEHTYPE" speed="3.44" pos="174.80" lane="2/1to1/1_0" slope="0.00"/>
        <vehicle id="6" x="404.01" y="401.65" angle="-90.00" type="DEFAULT_VEHTYPE" speed="5.13" pos="0.74" lane=":2/2_5_0" slope="0.00"/>
        <vehicle id="7" x="398.35" y="456.32" angle="0.00" type="DEFAULT_VEHTYPE" speed="12.90" pos="138.93" lane="2/3to2/2_0" slope="0.00"/>
        <vehicle id="8" x="198.35" y="386.64" angle="0.00" type="DEFAULT_VEHTYPE" speed="10.13" pos="8.61" lane="1/2to1/1_0" slope="0.00"/>
        <vehicle id="9" x="201.65" y="106.38" angle="180.00" type="DEFAULT_VEHTYPE" speed="12.99" pos="106.38" lane="1/0to1/1_0" slope="0.00"/>
    </timestep>
    <timestep time="394.00">
        <vehicle id="0" x="213.83" y="401.65" angle="-90.00" type="DEFAULT_VEHTYPE" speed="7.50" pos="181.42" lane="2/2to1/2_0" slope="0.00"/>
        <vehicle id="1" x="89.84" y="201.65" angle="-90.00" type="DEFAULT_VEHTYPE" speed="13.85" pos="105.41" lane="1/1to0/1_0" slope="0.00"/>
        <vehicle id="11" x="590.66" y="198.35" angle="90.00" type="DEFAULT_VEHTYPE" speed="4.29" pos="185.91" lane="2/1to3/1_0" slope="0.00"/>
        <vehicle id="12" x="198.35" y="316.34" angle="0.00" type="DEFAULT_VEHTYPE" speed="13.68" pos="78.91" lane="1/2to1/1_0" slope="0.00"/>
        <vehicle id="14" x="601.65" y="279.72" angle="180.00" type="DEFAULT_VEHTYPE" speed="12.89" pos="74.97" lane="3/1to3/2_0" slope="0.00"/>
        <vehicle id="15" x="601.65" y="350.01" angle="180.00" type="DEFAULT_VEHTYPE" speed="13.20" pos="145.26" lane="3/1to3/2_0" slope="0.00"/>
        <vehicle id="16" x="257.41" y="401.65" angle="-90.00" type="DEFAULT_VEHTYPE" speed="12.64" pos="137.84" lane="2/2to1/2_0" slope="0.00"/>
        <vehicle id="17" x="201.54" y="403.98" angle="155.05" type="DEFAULT_VEHTYPE" speed="9.08" pos="9.54" lane=":1/2_14_0" slope="0.00"/>
        <vehicle id="18" x="201.65" y="205.27" angle="-144.00" type="DEFAULT_VEHTYPE" speed="6.25" pos="0.52" lane="1/1to1/2_0" slope="0.00"/>
        <vehicle id="19" x="398.35" y="279.48" angle="0.00" type="DEFAULT_VEHTYPE" speed="13.31" pos="115.77" lane="2/2to2/1_0" slope="0.00"/>
        <vehicle id="2" x="471.10" y="401.65" angle="-90.00" type="DEFAULT_VEHTYPE" speed="12.75" pos="124.15" lane="3/2to2/2_0" slope="0.00"/>
        <vehicle id="20" x="634.62" y="198.35" angle="90.00" type="DEFAULT_VEHTYPE" speed="13.63" pos="29.87" lane="3/1to4/1_0" slope="0.00"/>
        <vehicle id="21" x="577.20" y="401.65" angle="-90.00" type="DEFAULT_VEHTYPE" speed="11.69" pos="18.05" lane="3/2to2/2_0" slope="0.00"/>
        <vehicle id="22" x="561.49" y="198.35" angle="90.00" type="DEFAULT_VEHTYPE" speed="12.71" pos="156.74" lane="2/1to3/1_0" slope="0.00"/>
        <vehicle id="23" x="398.35" y="170.90" angle="0.00" type="DEFAULT_VEHTYPE" speed="12.97" pos="24.35" lane="2/1to2/0_0" slope="0.00"/>
        <vehicle id="24" x="601.50" y="396.29" angle="-178.30" type="DEFAULT_VEHTYPE" speed="6.00" pos="1.05" lane=":3/2_10_0" slope="0.00"/>
        <vehicle id="3" x="198.35" y="282.34" angle="0.00" type="DEFAULT_VEHTYPE" speed="13.79" pos="112.91" lane="1/2to1/1_0" slope="0.00"/>
        <vehicle id="4" x="169.12" y="201.65" angle="-90.00" type="DEFAULT_VEHTYPE" speed="13.37" pos="26.13" lane="1/1to0/1_0" slope="0.00"/>
        <vehicle id="5" x="216.27" y="201.65" angle="-90.00" type="DEFAULT_VEHTYPE" speed="4.18" pos="178.98" lane="2/1to1/1_0" slope="0.00"/>
        <vehicle id="6" x="397.04" y="401.65" angle="-90.00" type="DEFAULT_VEHTYPE" speed="6.97" pos="7.71" lane=":2/2_5_0" slope="0.00"/>
        <vehicle id="7" x="398.35" y="442.58" angle="0.00" type="DEFAULT_VEHTYPE" speed="13.74" pos="152.67" lane="2/3to2/2_0" slope="0.00"/>
        <vehicle id="8" x="198.35" y="374.98" angle="0.00" type="DEFAULT_VEHTYPE" speed="11.67" pos="20.27" lane="1/2to1/1_0" slope="0.00"/>
        <vehicle id="9" x="201.65" y="120.04" angle="180.00" type="DEFAULT_VEHTYPE" speed="13.66" pos="120.04" lane="1/0to1/1_0" slope="0.00"/>
    </timestep>
    <timestep time="395.00">
        <vehicle id="0" x="209.66" y="401.65" angle="-90.00" type="DEFAULT_VEHTYPE" speed="4.18" pos="185.59" lane="2/2to1/2_0" slope="0.00"/>
        <vehicle id="1" x="76.27" y="201.65" angle="-90.00" type="DEFAULT_VEHTYPE" speed="13.57" pos="118.98" lane="1/1to0/1_0" slope="0.00"/>
        <vehicle id="11" x="596.90" y="198.59" angle="92.70" type="DEFAULT_VEHTYPE" speed="6.25" pos="1.66" lane=":3/1_14_0" slope="0.00"/>
        <vehicle id="12" x="198.35" y="303.40" angle="0.00" type="DEFAULT_VEHTYPE" speed="12.94" pos="91.85" lane="1/2to1/1_0" slope="0.00"/>
        <vehicle id="14" x="601.65" y="293.10" angle="180.00" type="DEFAULT_VEHTYPE" speed="13.39" pos="88.35" lane="3/1to3/2_0" slope="0.00"/>
        <vehicle id="15" x="601.65" y="363.39" angle="180.00" type="DEFAULT_VEHTYPE" speed="13.38" pos="158.64" lane="3/1to3/2_0" slope="0.00"/>
        <vehicle id="16" x="244.65" y="401.65" angle="-90.00" type="DEFAULT_VEHTYPE" speed="12.76" pos="150.60" lane="2/2to1/2_0" slope="0.00"/>
        <vehicle id="17" x="201.65" y="415.44" angle="180.00" type="DEFAULT_VEHTYPE" speed="11.47" pos="10.69" lane="1/2to1/3_0" slope="0.00"/>
        <vehicle id="18" x="201.65" y="213.12" angle="180.00" type="DEFAULT_VEHTYPE" speed="7.85" pos="8.37" lane="1/1to1/2_0" slope="0.00"/>
        <vehicle id="19" x="398.35" y="266.36" angle="0.00" type="DEFAULT_VEHTYPE" speed="13.13" pos="128.89" lane="2/2to2/1_0" slope="0.00"/>
        <vehicle id="2" x="457.46" y="401.65" angle="-90.00" type="DEFAULT_VEHTYPE" speed="13.64" pos="137.79" lane="3/2to2/2_0" slope="0.00"/>
        <vehicle id="20" x="647.88" y="198.35" angle="90.00" type="DEFAULT_VEHTYPE" speed="13.26" pos="43.13" lane="3/1to4/1_0" slope="0.00"/>
        <vehicle id="21" x="563.98" y="401.65" angle="-90.00" type="DEFAULT_VEHTYPE" speed="13.22" pos="31.27" lane="3/2to2/2_0" slope="0.00"/>
        <vehicle id="22" x="571.23" y="198.35" angle="90.00" type="DEFAULT_VEHTYPE" speed="9.74" pos="166.48" lane="2/1to3/1_0" slope="0.00"/>
        <vehicle id="23" x="398.35" y="157.04" angle="0.00" type="DEFAULT_VEHTYPE" speed="13.86" pos="38.21" lane="2/1to2/0_0" slope="0.00"/>
        <vehicle id="24" x="596.28" y="401.50" angle="-117.57" type="DEFAULT_VEHTYPE" speed="8.23" pos="2.14" lane=":3/2_18_0" slope="0.00"/>
        <vehicle id="3" x="198.35" y="269.20" angle="0.00" type="DEFAULT_VEHTYPE" speed="13.14" pos="126.05" lane="1/2to1/1_0" slope="0.00"/>
        <vehicle id="4" x="155.24" y="201.65" angle="-90.00" type="DEFAULT_VEHTYPE" speed="13.88" pos="40.01" lane="1/1to0/1_0" slope="0.00"/>
        <vehicle id="5" x="211.95" y="201.65" angle="-90.00" type="DEFAULT_VEHTYPE" speed="4.31" pos="183.30" lane="2/1to1/1_0" slope="0.00"/>
        <vehicle id="6" x="387.93" y="401.65" angle="-90.00" type="DEFAULT_VEHTYPE" speed="9.11" pos="7.32" lane="2/2to1/2_0" slope="0.00"/>
        <vehicle id="7" x="398.35" y="428.78" angle="0.00" type="DEFAULT_VEHTYPE" speed="13.80" pos="166.47" lane="2/3to2/2_0" slope="0.00"/>
        <vehicle id="8" x="198.35" y="361.72" angle="0.00" type="DEFAULT_VEHTYPE" speed="13.26" pos="33.53" lane="1/2to1/1_0" slope="0.00"/>
        <vehicle id="9" x="201.65" y="132.84" angle="180.00" type="DEFAULT_VEHTYPE" speed="12.80" pos="132.84" lane="1/0to1/1_0" slope="0.00"/>
    </timestep>
    <timestep time="396.00">
        <vehicle id="0" x="203.62" y="401.49" angle="-88.15" type="DEFAULT_VEHTYPE" speed="6.04" pos="1.14" lane=":1/2_6_0" slope="0.00"/>
        <vehicle id="1" x="63.55" y="201.65" angle="-90.00" type="DEFAULT_VEHTYPE" speed="12.72" pos="131.70" lane="1/1to0/1_0" slope="0.00"/>
        <vehicle id="11" x="601.63" y="204.64" angle="161.47" type="DEFAULT_VEHTYPE" speed="8.55" pos="10.21" lane=":3/1_14_0" slope="0.00"/>
        <vehicle id="12" x="198.35" y="289.91" angle="0.00" type="DEFAULT_VEHTYPE" speed="13.49" pos="105.34" lane="1/2to1/1_0" slope="0.00"/>
        <vehicle id="14" x="601.65" y="306.82" angle="180.00" type="DEFAULT_VEHTYPE" speed="13.72" pos="102.07" lane="3/1to3/2_0" slope="0.00"/>
        <vehicle id="15" x="601.65" y="375.09" angle="180.00" type="DEFAULT_VEHTYPE" speed="11.70" pos="170.34" lane="3/1to3/2_0" slope="0.00"/>
        <vehicle id="16" x="233.41" y="401.65" angle="-90.00" type="DEFAULT_VEHTYPE" speed="11.24" pos="161.84" lane="2/2to1/2_0" slope="0.00"/>
        <vehicle id="17" x="201.65" y="429.20" angle="180.00" type="DEFAULT_VEHTYPE" speed="13.76" pos="24.45" lane="1/2to1/3_0" slope="0.00"/>
        <vehicle id="18" x="201.65" y="222.29" angle="180.00" type="DEFAULT_VEHTYPE" speed="9.17" pos="17.54" lane="1/1to1/2_0" slope="0.00"/>
        <vehicle id="19" x="398.35" y="253.51" angle="0.00" type="DEFAULT_VEHTYPE" speed="12.85" pos="141.74" lane="2/2to2/1_0" slope="0.00"/>
        <vehicle id="2" x="443.81" y="401.65" angle="-90.00" type="DEFAULT_VEHTYPE" speed="13.65" pos="151.44" lane="3/2to2/2_0" slope="0.00"/>
        <vehicle id="20" x="660.67" y="198.35" angle="90.00" type="DEFAULT_VEHTYPE" speed="12.79" pos="55.92" lane="3/1to4/1_0" slope="0.00"/>
        <vehicle id="21" x="550.30" y="401.65" angle="-90.00" type="DEFAULT_VEHTYPE" speed="13.68" pos="44.95" lane="3/2to2/2_0" slope="0.00"/>
        <vehicle id="22" x="580.40" y="198.35" angle="90.00" type="DEFAULT_VEHTYPE" speed="9.17" pos="175.65" lane="2/1to3/1_0" slope="0.00"/>
        <vehicle id="23" x="398.35" y="143.46" angle="0.00" type="DEFAULT_VEHTYPE" speed="13.58" pos="51.79" lane="2/1to2/0_0" slope="0.00"/>
        <vehicle id="24" x="586.08" y="401.65" angle="-90.00" type="DEFAULT_VEHTYPE" speed="10.21" pos="9.17" lane="3/2to2/2_0" slope="0.00"/>
        <vehicle id="3" x="198.35" y="255.90" angle="0.00" type="DEFAULT_VEHTYPE" speed="13.29" pos="139.35" lane="1/2to1/1_0" slope="0.00"/>
        <vehicle id="4" x="142.45" y="201.65" angle="-90.00" type="DEFAULT_VEHTYPE" speed="12.79" pos="52.80" lane="1/1to0/1_0" slope="0.00"/>
        <vehicle id="5" x="209.52" y="201.65" angle="-90.00" type="DEFAULT_VEHTYPE" speed="2.43" pos="185.73" lane="2/1to1/1_0" slope="0.00"/>
        <vehicle id="6" x="376.45" y="401.65" angle="-90.00" type="DEFAULT_VEHTYPE" speed="11.48" pos="18.80" lane="2/2to1/2_0" slope="0.00"/>
        <vehicle id="7" x="398.35" y="415.53" angle="0.00" type="DEFAULT_VEHTYPE" speed="13.25" pos="179.72" lane="2/3to2/2_0" slope="0.00"/>
        <vehicle id="8" x="198.35" y="348.97" angle="0.00" type="DEFAULT_VEHTYPE" speed="12.75" pos="46.28" lane="1/2to1/1_0" slope="0.00"/>
        <vehicle id="9" x="201.65" y="146.42" angle="180.00" type="DEFAULT_VEHTYPE" speed="13.58" pos="146.42" lane="1/0to1/1_0" slope="0.00"/>
    </timestep>
    <timestep time="397.00">
        <vehicle id="0" x="198.61" y="397.04" angle="-35.62" type="DEFAULT_VEHTYPE" speed="7.37" pos="8.51" lane=":1/2_6_0" slope="0.00"/>
        <vehicle id="1" x="50.70" y="201.65" angle="-90.00" type="DEFAULT_VEHTYPE" speed="12.85" pos="144.55" lane="1/1to0/1_0" slope="0.00"/>
        <vehicle id="11" x="601.65" y="215.29" angle="180.00" type="DEFAULT_VEHTYPE" speed="10.64" pos="10.54" lane="3/1to3/2_0" slope="0.00"/>
        <vehicle id="12" x="198.35" y="277.10" angle="0.00" type="DEFAULT_VEHTYPE" speed="12.81" pos="118.15" lane="1/2to1/1_0" slope="0.00"/>
        <vehicle id="14" x="601.65" y="319.97" angle="180.00" type="DEFAULT_VEHTYPE" speed="13.15" pos="115.22" lane="3/1to3/2_0" slope="0.00"/>
        <vehicle id="15" x="601.65" y="382.74" angle="180.00" type="DEFAULT_VEHTYPE" speed="7.64" pos="177.99" lane="3/1to3/2_0" slope="0.00"/>
        <vehicle id="16" x="222.27" y="401.65" angle="-90.00" type="DEFAULT_VEHTYPE" speed="11.14" pos="172.98" lane="2/2to1/2_0" slope="0.00"/>
        <vehicle id="17" x="201.65" y="442.37" angle="180.00" type="DEFAULT_VEHTYPE" speed="13.17" pos="37.62" lane="1/2to1/3_0" slope="0.00"/>
        <vehicle id="18" x="201.65" y="233.71" angle="180.00" type="DEFAULT_VEHTYPE" speed="11.42" pos="28.96" lane="1/1to1/2_0" slope="0.00"/>
        <vehicle id="19" x="398.35" y="240.06" angle="0.00" type="DEFAULT_VEHTYPE" speed="13.44" pos="155.19" lane="2/2to2/1_0" slope="0.00"/>
        <vehicle id="2" x="430.59" y="401.65" angle="-90.00" type="DEFAULT_VEHTYPE" speed="13.22" pos="164.66" lane="3/2to2/2_0" slope="0.00"/>
        <vehicle id="20" x="673.57" y="198.35" angle="90.00" type="DEFAULT_VEHTYPE" speed="12.90" pos="68.82" lane="3/1to4/1_0" slope="0.00"/>
        <vehicle id="21" x="536.52" y="401.65" angle="-90.00" type="DEFAULT_VEHTYPE" speed="13.79" pos="58.73" lane="3/2to2/2_0" slope="0.00"/>
        <vehicle id="22" x="586.16" y="198.35" angle="90.00" type="DEFAULT_VEHTYPE" speed="5.76" pos="181.41" lane="2/1to3/1_0" slope="0.00"/>
        <vehicle id="23" x="398.35" y="130.30" angle="0.00" type="DEFAULT_VEHTYPE" speed="13.16" pos="64.95" lane="2/1to2/0_0" slope="0.00"/>
        <vehicle id="24" x="573.64" y="401.65" angle="-90.00" type="DEFAULT_VEHTYPE" speed="12.44" pos="21.61" lane="3/2to2/2_0" slope="0.00"/>
        <vehicle id="3" x="198.35" y="242.85" angle="0.00" type="DEFAULT_VEHTYPE" speed="13.06" pos="152.40" lane="1/2to1/1_0" slope="0.00"/>
        <vehicle id="4" x="129.43" y="201.65" angle="-90.00" type="DEFAULT_VEHTYPE" speed="13.01" pos="65.82" lane="1/1to0/1_0" slope="0.00"/>
        <vehicle id="5" x="205.26" y="201.65" angle="-90.00" type="DEFAULT_VEHTYPE" speed="4.26" pos="189.99" lane="2/1to1/1_0" slope="0.00"/>
        <vehicle id="6" x="362.81" y="401.65" angle="-90.00" type="DEFAULT_VEHTYPE" speed="13.64" pos="32.44" lane="2/2to1/2_0" slope="0.00"/>
        <vehicle id="7" x="398.35" y="402.46" angle="0.00" type="DEFAULT_VEHTYPE" speed="13.07" pos="2.29" lane=":2/2_1_0" slope="0.00"/>
        <vehicle id="8" x="198.35" y="335.42" angle="0.00" type="DEFAULT_VEHTYPE" speed="13.54" pos="59.83" lane="1/2to1/1_0" slope="0.00"/>
        <vehicle id="9" x="201.65" y="159.65" angle="180.00" type="DEFAULT_VEHTYPE" speed="13.22" pos="159.65" lane="1/0to1/1_0" slope="0.00"/>
    </timestep>
    <timestep time="398.00">
        <vehicle id="0" x="198.35" y="387.69" angle="0.00" type="DEFAULT_VEHTYPE" speed="9.37" pos="7.56" lane="1/2to1/1_0" slope="0.00"/>
        <vehicle id="1" x="37.59" y="201.65" angle="-90.00" type="DEFAULT_VEHTYPE" speed="13.11" pos="157.66" lane="1/1to0/1_0" slope="0.00"/>
        <vehicle id="11" x="601.65" y="227.30" angle="180.00" type="DEFAULT_VEHTYPE" speed="12.01" pos="22.55" lane="3/1to3/2_0" slope="0.00"/>
        <vehicle id="12" x="198.35" y="263.58" angle="0.00" type="DEFAULT_VEHTYPE" speed="13.52" pos="131.67" lane="1/2to1/1_0" slope="0.00"/>
        <vehicle id="14" x="601.65" y="332.96" angle="180.00" type="DEFAULT_VEHTYPE" speed="13.00" pos="128.21" lane="3/1to3/2_0" slope="0.00"/>
        <vehicle id="15" x="601.65" y="387.61" angle="180.00" type="DEFAULT_VEHTYPE" speed="4.88" pos="182.86" lane="3/1to3/2_0" slope="0.00"/>
        <vehicle id="16" x="215.41" y="401.65" angle="-90.00" type="DEFAULT_VEHTYPE" speed="6.85" pos="179.84" lane="2/2to1/2_0" slope="0.00"/>
        <vehicle id="17" x="201.65" y="456.04" angle="180.00" type="DEFAULT_VEHTYPE" speed="13.66" pos="51.29" lane="1/2to1/3_0" slope="0.00"/>
        <vehicle id="18" x="201.65" y="246.59" angle="180.00" type="DEFAULT_VEHTYPE" speed="12.88" pos="41.84" lane="1/1to1/2_0" slope="0.00"/>
        <vehicle id="19" x="398.35" y="227.29" angle="0.00" type="DEFAULT_VEHTYPE" speed="12.77" pos="167.96" lane="2/2to2/1_0" slope="0.00"/>
        <vehicle id="2" x="420.73" y="401.65" angle="-90.00" type="DEFAULT_VEHTYPE" speed="9.86" pos="174.52" lane="3/2to2/2_0" slope="0.00"/>
        <vehicle id="20" x="686.90" y="198.35" angle="90.00" type="DEFAULT_VEHTYPE" speed="13.33" pos="82.15" lane="3/1to4/1_0" slope="0.00"/>
        <vehicle id="21" x="522.64" y="401.65" angle="-90.00" type="DEFAULT_VEHTYPE" speed="13.88" pos="72.61" lane="3/2to2/2_0" slope="0.00"/>
        <vehicle id="22" x="589.64" y="198.35" angle="90.00" type="DEFAULT_VEHTYPE" speed="3.48" pos="184.89" lane="2/1to3/1_0" slope="0.00"/>
        <vehicle id="23" x="398.35" y="117.18" angle="0.00" type="DEFAULT_VEHTYPE" speed="13.12" pos="78.07" lane="2/1to2/0_0" slope="0.00"/>
        <vehicle id="24" x="560.08" y="401.65" angle="-90.00" type="DEFAULT_VEHTYPE" speed="13.57" pos="35.17" lane="3/2to2/2_0" slope="0.00"/>
        <vehicle id="3" x="198.35" y="230.24" angle="0.00" type="DEFAULT_VEHTYPE" speed="12.60" pos="165.01" lane="1/2to1/1_0" slope="0.00"/>
        <vehicle id="4" x="116.05" y="201.65" angle="-90.00" type="DEFAULT_VEHTYPE" speed="13.38" pos="79.20" lane="1/1to0/1_0" slope="0.00"/>
        <vehicle id="5" x="201.65" y="204.99" angle="-139.09" type="DEFAULT_VEHTYPE" speed="5.74" pos="0.24" lane="1/1to1/2_0" slope="0.00"/>
        <vehicle id="6" x="349.61" y="401.65" angle="-90.00" type="DEFAULT_VEHTYPE" speed="13.20" pos="45.64" lane="2/2to1/2_0" slope="0.00"/>
        <vehicle id="7" x="398.35" y="389.84" angle="0.00" type="DEFAULT_VEHTYPE" speed="12.62" pos="5.41" lane="2/2to2/1_0" slope="0.00"/>
        <vehicle id="8" x="198.35" y="322.78" angle="0.00" type="DEFAULT_VEHTYPE" speed="12.64" pos="72.47" lane="1/2to1/1_0" slope="0.00"/>
        <vehicle id="9" x="201.65" y="173.15" angle="180.00" type="DEFAULT_VEHTYPE" speed="13.51" pos="173.15" lane="1/0to1/1_0" slope="0.00"/>
    </timestep>
    <timestep time="399.00">
        <vehicle id="0" x="198.35" y="376.86" angle="0.00" type="DEFAULT_VEHTYPE" speed="10.83" pos="18.39" lane="1/2to1/1_0" slope="0.00"/>
        <vehicle id="1" x="24.41" y="201.65" angle="-90.00" type="DEFAULT_VEHTYPE" speed="13.18" pos="170.84" lane="1/1to0/1_0" slope="0.00"/>
        <vehicle id="11" x="601.65" y="240.15" angle="180.00" type="DEFAULT_VEHTYPE" speed="12.85" pos="35.40" lane="3/1to3/2_0" slope="0.00"/>
        <vehicle id="12" x="198.35" y="250.57" angle="0.00" type="DEFAULT_VEHTYPE" speed="13.01" pos="144.68" lane="1/2to1/1_0" slope="0.00"/>
        <vehicle id="14" x="601.65" y="345.81" angle="180.00" type="DEFAULT_VEHTYPE" speed="12.85" pos="141.06" lane="3/1to3/2_0" slope="0.00"/>
        <vehicle id="15" x="601.65" y="390.12" angle="180.00" type="DEFAULT_VEHTYPE" speed="2.51" pos="185.37" lane="3/1to3/2_0" slope="0.00"/>
        <vehicle id="16" x="211.11" y="401.65" angle="-90.00" type="DEFAULT_VEHTYPE" speed="4.31" pos="184.14" lane="2/2to1/2_0" slope="0.00"/>
        <vehicle id="17" x="201.65" y="468.67" angle="180.00" type="DEFAULT_VEHTYPE" speed="12.64" pos="63.92" lane="1/2to1/3_0" slope="0.00"/>
        <vehicle id="18" x="201.65" y="259.54" angle="180.00" type="DEFAULT_VEHTYPE" speed="12.95" pos="54.79" lane="1/1to1/2_0" slope="0.00"/>
        <vehicle id="19" x="398.35" y="218.70" angle="0.00" type="DEFAULT_VEHTYPE" speed="8.59" pos="176.55" lane="2/2to2/1_0" slope="0.00"/>
        <vehicle id="2" x="414.48" y="401.65" angle="-90.00" type="DEFAULT_VEHTYPE" speed="6.25" pos="180.77" lane="3/2to2/2_0" slope="0.00"/>
        <vehicle id="20" x="699.97" y="198.35" angle="90.00" type="DEFAULT_VEHTYPE" speed="13.07" pos="95.22" lane="3/1to4/1_0" slope="0.00"/>
        <vehicle id="21" x="509.74" y="401.65" angle="-90.00" type="DEFAULT_VEHTYPE" speed="12.90" pos="85.51" lane="3/2to2/2_0" slope="0.00"/>
        <vehicle id="22" x="594.45" y="198.35" angle="90.00" type="DEFAULT_VEHTYPE" speed="4.81" pos="189.70" lane="2/1to3/1_0" slope="0.00"/>
        <vehicle id="23" x="398.35" y="103.43" angle="0.00" type="DEFAULT_VEHTYPE" speed="13.76" pos="91.82" lane="2/1to2/0_0" slope="0.00"/>
        <vehicle id="24" x="547.05" y="401.65" angle="-90.00" type="DEFAULT_VEHTYPE" speed="13.02" pos="48.20" lane="3/2to2/2_0" slope="0.00"/>
        <vehicle id="3" x="198.35" y="216.98" angle="0.00" type="DEFAULT_VEHTYPE" speed="13.26" pos="178.27" lane="1/2to1/1_0" slope="0.00"/>
        <vehicle id="4" x="103.41" y="201.65" angle="-90.00" type="DEFAULT_VEHTYPE" speed="12.64" pos="91.84" lane="1/1to0/1_0" slope="0.00"/>
        <vehicle id="5" x="201.65" y="212.82" angle="180.00" type="DEFAULT_VEHTYPE" speed="7.83" pos="8.07" lane="1/1to1/2_0" slope="0.00"/>
        <vehicle id="6" x="336.14" y="401.65" angle="-90.00" type="DEFAULT_VEHTYPE" speed="13.47" pos="59.11" lane="2/2to1/2_0" slope="0.00"/>
        <vehicle id="7" x="398.35" y="376.04" angle="0.00" type="DEFAULT_VEHTYPE" speed="13.80" pos="19.21" lane="2/2to2/1_0" slope="0.00"/>
        <vehicle id="8" x="198.35" y="309.04" angle="0.00" type="DEFAULT_VEHTYPE" speed="13.74" pos="86.21" lane="1/2to1/1_0" slope="0.00"/>
        <vehicle id="9" x="201.65" y="186.73" angle="180.00" type="DEFAULT_VEHTYPE" speed="13.58" pos="186.73" lane="1/0to1/1_0" slope="0.00"/>
    </timestep>
    <timestep time="400.00">
        <vehicle id="0" x="198.35" y="363.81" angle="0.00" type="DEFAULT_VEHTYPE" speed="13.06" pos="31.44" lane="1/2to1/1_0" slope="0.00"/>
        <vehicle id="1" x="10.93" y="201.65" angle="-90.00" type="DEFAULT_VEHTYPE" speed="13.48" pos="184.32" lane="1/1to0/1_0" slope="0.00"/>
        <vehicle id="11" x="601.65" y="253.57" angle="180.00" type="DEFAULT_VEHTYPE" speed="13.42" pos="48.82" lane="3/1to3/2_0" slope="0.00"/>
        <vehicle id="12" x="198.35" y="237.47" angle="0.00" type="DEFAULT_VEHTYPE" speed="13.10" pos="157.78" lane="1/2to1/1_0" slope="0.00"/>
        <vehicle id="14" x="601.65" y="359.09" angle="180.00" type="DEFAULT_VEHTYPE" speed="13.28" pos="154.34" lane="3/1to3/2_0" slope="0.00"/>
        <vehicle id="15" x="601.65" y="394.48" angle="180.00" type="DEFAULT_VEHTYPE" speed="4.36" pos="189.73" lane="3/1to3/2_0" slope="0.00"/>
        <vehicle id="16" x="204.52" y="401.62" angle="-89.62" type="DEFAULT_VEHTYPE" speed="6.59" pos="0.24" lane=":1/2_6_0" slope="0.00"/>
        <vehicle id="17" x="201.65" y="481.82" angle="180.00" type="DEFAULT_VEHTYPE" speed="13.15" pos="77.07" lane="1/2to1/3_0" slope="0.00"/>
        <vehicle id="18" x="201.65" y="272.85" angle="180.00" type="DEFAULT_VEHTYPE" speed="13.31" pos="68.10" lane="1/1to1/2_0" slope="0.00"/>
        <vehicle id="19" x="398.35" y="212.24" angle="0.00" type="DEFAULT_VEHTYPE" speed="6.46" pos="183.01" lane="2/2to2/1_0" slope="0.00"/>
        <vehicle id="2" x="410.51" y="401.65" angle="-90.00" type="DEFAULT_VEHTYPE" speed="3.97" pos="184.74" lane="3/2to2/2_0" slope="0.00"/>
        <vehicle id="20" x="713.62" y="198.35" angle="90.00" type="DEFAULT_VEHTYPE" speed="13.65" pos="108.87" lane="3/1to4/1_0" slope="0.00"/>
        <vehicle id="21" x="496.13" y="401.65" angle="-90.00" type="DEFAULT_VEHTYPE" speed="13.61" pos="99.12" lane="3/2to2/2_0" slope="0.00"/>
        <vehicle id="22" x="600.25" y="200.28" angle="112.57" type="DEFAULT_VEHTYPE" speed="6.34" pos="5.55" lane=":3/1_14_0" slope="0.00"/>
        <vehicle id="23" x="398.35" y="90.56" angle="0.00" type="DEFAULT_VEHTYPE" speed="12.87" pos="104.69" lane="2/1to2/0_0" slope="0.00"/>
        <vehicle id="24" x="533.89" y="401.65" angle="-90.00" type="DEFAULT_VEHTYPE" speed="13.17" pos="61.36" lane="3/2to2/2_0" slope="0.00"/>
        <vehicle id="3" x="198.07" y="203.25" angle="-3.18" type="DEFAULT_VEHTYPE" speed="13.77" pos="1.54" lane=":1/1_0_0" slope="0.00"/>
        <vehicle id="4" x="89.78" y="201.65" angle="-90.00" type="DEFAULT_VEHTYPE" speed="13.62" pos="105.47" lane="1/1to0/1_0" slope="0.00"/>
        <vehicle id="5" x="201.65" y="223.08" angle="180.00" type="DEFAULT_VEHTYPE" speed="10.26" pos="18.33" lane="1/1to1/2_0" slope="0.00"/>
        <vehicle id="6" x="323.54" y="401.65" angle="-90.00" type="DEFAULT_VEHTYPE" speed="12.61" pos="71.71" lane="2/2to1/2_0" slope="0.00"/>
        <vehicle id="7" x="398.35" y="362.74" angle="0.00" type="DEFAULT_VEHTYPE" speed="13.29" pos="32.51" lane="2/2to2/1_0" slope="0.00"/>
        <vehicle id="8" x="198.35" y="295.55" angle="0.00" type="DEFAULT_VEHTYPE" speed="13.49" pos="99.70" lane="1/2to1/1_0" slope="0.00"/>
        <vehicle id="9" x="204.22" y="198.28" angle="144.14" type="DEFAULT_VEHTYPE" speed="12.99" pos="4.47" lane=":1/1_8_0" slope="0.00"/>
    </timestep>
    <timestep time="401.00">
        <vehicle id="0" x="198.35" y="350.20" angle="0.00" type="DEFAULT_VEHTYPE" speed="13.60" pos="45.05" lane="1/2to1/1_0" slope="0.00"/>
        <vehicle id="1" x="-1.65" y="200.01" angle="-68.84" type="DEFAULT_VEHTYPE" speed="13.33" pos="2.40" lane=":0/1_0_0" slope="0.00"/>
        <vehicle id="11" x="601.65" y="267.06" angle="180.00" type="DEFAULT_VEHTYPE" speed="13.49" pos="62.31" lane="3/1to3/2_0" slope="0.00"/>
        <vehicle id="12" x="198.35" y="224.42" angle="0.00" type="DEFAULT_VEHTYPE" speed="13.05" pos="170.83" lane="1/2to1/1_0" slope="0.00"/>
        <vehicle id="14" x="601.65" y="369.84" angle="180.00" type="DEFAULT_VEHTYPE" speed="10.75" pos="165.09" lane="3/1to3/2_0" slope="0.00"/>
        <vehicle id="15" x="599.80" y="400.20" angle="-158.37" type="DEFAULT_VEHTYPE" speed="6.22" pos="5.45" lane=":3/2_10_0" slope="0.00"/>
        <vehicle id="16" x="198.55" y="396.67" angle="-31.68" type="DEFAULT_VEHTYPE" speed="8.65" pos="8.89" lane=":1/2_6_0" slope="0.00"/>
        <vehicle id="17" x="201.65" y="494.73" angle="180.00" type="DEFAULT_VEHTYPE" speed="12.90" pos="89.98" lane="1/2to1/3_0" slope="0.00"/>
        <vehicle id="18" x="201.65" y="286.66" angle="180.00" type="DEFAULT_VEHTYPE" speed="13.81" pos="81.91" lane="1/1to1/2_0" slope="0.00"/>
        <vehicle id="19" x="398.35" y="208.95" angle="0.00" type="DEFAULT_VEHTYPE" speed="3.29" pos="186.30" lane="2/2to2/1_0" slope="0.00"/>
        <vehicle id="2" x="404.70" y="401.65" angle="-90.00" type="DEFAULT_VEHTYPE" speed="5.82" pos="0.05" lane=":2/2_5_0" slope="0.00"/>
        <vehicle id="20" x="726.94" y="198.35" angle="90.00" type="DEFAULT_VEHTYPE" speed="13.32" pos="122.19" lane="3/1to4/1_0" slope="0.00"/>
        <vehicle id="21" x="483.12" y="401.65" angle="-90.00" type="DEFAULT_VEHTYPE" speed="13.01" pos="112.13" lane="3/2to2/2_0" slope="0.00"/>
        <vehicle id="22" x="601.65" y="208.26" angle="177.57" type="DEFAULT_VEHTYPE" speed="8.28" pos="3.51" lane="3/1to3/2_0" slope="0.00"/>
        <vehicle id="23" x="398.35" y="77.24" angle="0.00" type="DEFAULT_VEHTYPE" speed="13.32" pos="118.01" lane="2/1to2/0_0" slope="0.00"/>
        <vehicle id="24" x="520.59" y="401.65" angle="-90.00" type="DEFAULT_VEHTYPE" speed="13.30" pos="74.66" lane="3/2to2/2_0" slope="0.00"/>
        <vehicle id="3" x="186.02" y="201.65" angle="-90.00" type="DEFAULT_VEHTYPE" speed="12.69" pos="9.23" lane="1/1to0/1_0" slope="0.00"/>
        <vehicle id="4" x="76.03" y="201.65" angle="-90.00" type="DEFAULT_VEHTYPE" speed="13.75" pos="119.22" lane="1/1to0/1_0" slope="0.00"/>
        <vehicle id="5" x="201.65" y="235.01" angle="180.00" type="DEFAULT_VEHTYPE" speed="11.93" pos="30.26" lane="1/1to1/2_0" slope="0.00"/>
        <vehicle id="6" x="310.70" y="401.65" angle="-90.00" type="DEFAULT_VEHTYPE" speed="12.83" pos="84.55" lane="2/2to1/2_0" slope="0.00"/>
        <vehicle id="7" x="398.35" y="349.01" angle="0.00" type="DEFAULT_VEHTYPE" speed="13.73" pos="46.24" lane="2/2to2/1_0" slope="0.00"/>
        <vehicle id="8" x="198.35" y="281.87" angle="0.00" type="DEFAULT_VEHTYPE" speed="13.68" pos="113.38" lane="1/2to1/1_0" slope="0.00"/>
        <vehicle id="9" x="216.95" y="198.35" angle="90.00" type="DEFAULT_VEHTYPE" speed="12.73" pos="12.20" lane="1/1to2/1_0" slope="0.00"/>
    </timestep>
    <timestep time="402.00">
        <vehicle id="0" x="198.35" y="337.17" angle="0.00" type="DEFAULT_VEHTYPE" speed="13.03" pos="58.08" lane="1/2to1/1_0" slope="0.00"/>
        <vehicle id="1" x="10.74" y="198.35" angle="90.00" type="DEFAULT_VEHTYPE" speed="13.15" pos="10.74" lane="0/1to1/1_0" slope="0.00"/>
        <vehicle id="11" x="601.65" y="280.33" angle="180.00" type="DEFAULT_VEHTYPE" speed="13.28" pos="75.58" lane="3/1to3/2_0" slope="0.00"/>
        <vehicle id="12" x="198.35" y="211.41" angle="0.00" type="DEFAULT_VEHTYPE" speed="13.01" pos="183.84" lane="1/2to1/1_0" slope="0.00"/>
        <vehicle id="14" x="601.65" y="380.20" angle="180.00" type="DEFAULT_VEHTYPE" speed="10.36" pos="175.45" lane="3/1to3/2_0" slope="0.00"/>
        <vehicle id="15" x="591.96" y="401.65" angle="-92.77" type="DEFAULT_VEHTYPE" speed="8.16" pos="3.29" lane="3/2to2/2_0" slope="0.00"/>
        <vehicle id="16" x="198.35" y="385.73" angle="0.00" type="DEFAULT_VEHTYPE" speed="10.95" pos="9.52" lane="1/2to1/1_0" slope="0.00"/>
        <vehicle id="17" x="201.65" y="508.39" angle="180.00" type="DEFAULT_VEHTYPE" speed="13.66" pos="103.64" lane="1/2to1/3_0" slope="0.00"/>
        <vehicle id="18" x="201.65" y="300.37" angle="180.00" type="DEFAULT_VEHTYPE" speed="13.71" pos="95.62" lane="1/1to1/2_0" slope="0.00"/>
        <vehicle id="19" x="398.42" y="204.29" angle="0.75" type="DEFAULT_VEHTYPE" speed="4.66" pos="0.46" lane=":2/1_2_0" slope="0.00"/>
        <vehicle id="2" x="396.42" y="401.65" angle="-90.00" type="DEFAULT_VEHTYPE" speed="8.27" pos="8.33" lane=":2/2_5_0" slope="0.00"/>
        <vehicle id="20" x="740.52" y="198.35" angle="90.00" type="DEFAULT_VEHTYPE" speed="13.58" pos="135.77" lane="3/1to4/1_0" slope="0.00"/>
        <vehicle id="21" x="469.44" y="401.65" angle="-90.00" type="DEFAULT_VEHTYPE" speed="13.67" pos="125.81" lane="3/2to2/2_0" slope="0.00"/>
        <vehicle id="22" x="601.65" y="218.94" angle="180.00" type="DEFAULT_VEHTYPE" speed="10.68" pos="14.19" lane="3/1to3/2_0" slope="0.00"/>
        <vehicle id="23" x="398.35" y="64.54" angle="0.00" type="DEFAULT_VEHTYPE" speed="12.70" pos="130.71" lane="2/1to2/0_0" slope="0.00"/>
        <vehicle id="24" x="507.90" y="401.65" angle="-90.00" type="DEFAULT_VEHTYPE" speed="12.70" pos="87.35" lane="3/2to2/2_0" slope="0.00"/>
        <vehicle id="3" x="172.85" y="201.65" angle="-90.00" type="DEFAULT_VEHTYPE" speed="13.17" pos="22.40" lane="1/1to0/1_0" slope="0.00"/>
        <vehicle id="4" x="63.01" y="201.65" angle="-90.00" type="DEFAULT_VEHTYPE" speed="13.02" pos="132.24" lane="1/1to0/1_0" slope="0.00"/>
        <vehicle id="5" x="201.65" y="248.12" angle="180.00" type="DEFAULT_VEHTYPE" speed="13.11" pos="43.37" lane="1/1to1/2_0" slope="0.00"/>
        <vehicle id="6" x="297.96" y="401.65" angle="-90.00" type="DEFAULT_VEHTYPE" speed="12.74" pos="97.29" lane="2/2to1/2_0" slope="0.00"/>
        <vehicle id="7" x="398.35" y="336.31" angle="0.00" type="DEFAULT_VEHTYPE" speed="12.70" pos="58.94" lane="2/2to2/1_0" slope="0.00"/>
        <vehicle id="8" x="198.35" y="268.79" angle="0.00" type="DEFAULT_VEHTYPE" speed="13.08" pos="126.46" lane="1/2to1/1_0" slope="0.00"/>
        <vehicle id="9" x="230.64" y="198.35" angle="90.00" type="DEFAULT_VEHTYPE" speed="13.68" pos="25.89" lane="1/1to2/1_0" slope="0.00"/>
    </timestep>
    <timestep time="403.00">
        <vehicle id="0" x="198.35" y="323.35" angle="0.00" type="DEFAULT_VEHTYPE" speed="13.82" pos="71.90" lane="1/2to1/1_0" slope="0.00"/>
        <vehicle id="1" x="23.42" y="198.35" angle="90.00" type="DEFAULT_VEHTYPE" speed="12.68" pos="23.42" lane="0/1to1/1_0" slope="0.00"/>
        <vehicle id="11" x="601.65" y="293.14" angle="180.00" type="DEFAULT_VEHTYPE" speed="12.81" pos="88.39" lane="3/1to3/2_0" slope="0.00"/>
        <vehicle id="12" x="194.22" y="201.65" angle="-62.49" type="DEFAULT_VEHTYPE" speed="12.69" pos="1.03" lane="1/1to0/1_0" slope="0.00"/>
        <vehicle id="14" x="601.65" y="386.33" angle="180.00" type="DEFAULT_VEHTYPE" speed="6.13" pos="181.58" lane="3/1to3/2_0" slope="0.00"/>
        <vehicle id="15" x="582.33" y="401.65" angle="-90.00" type="DEFAULT_VEHTYPE" speed="9.63" pos="12.92" lane="3/2to2/2_0" slope="0.00"/>
        <vehicle id="16" x="198.35" y="373.46" angle="0.00" type="DEFAULT_VEHTYPE" speed="12.27" pos="21.79" lane="1/2to1/1_0" slope="0.00"/>
        <vehicle id="17" x="201.65" y="520.99" angle="180.00" type="DEFAULT_VEHTYPE" speed="12.60" pos="116.24" lane="1/2to1/3_0" slope="0.00"/>
        <vehicle id="18" x="201.65" y="313.39" angle="180.00" type="DEFAULT_VEHTYPE" speed="13.02" pos="108.64" lane="1/1to1/2_0" slope="0.00"/>
        <vehicle id="19" x="401.95" y="198.75" angle="42.57" type="DEFAULT_VEHTYPE" speed="7.02" pos="0.35" lane=":2/1_16_0" slope="0.00"/>
        <vehicle id="2" x="385.89" y="401.65" angle="-90.00" type="DEFAULT_VEHTYPE" speed="10.53" pos="9.36" lane="2/2to1/2_0" slope="0.00"/>
        <vehicle id="20" x="754.37" y="198.35" angle="90.00" type="DEFAULT_VEHTYPE" speed="13.85" pos="149.62" lane="3/1to4/1_0" slope="0.00"/>
        <vehicle id="21" x="456.21" y="401.65" angle="-90.00" type="DEFAULT_VEHTYPE" speed="13.24" pos="139.04" lane="3/2to2/2_0" slope="0.00"/>
        <vehicle id="22" x="601.65" y="231.87" angle="180.00" type="DEFAULT_VEHTYPE" speed="12.93" pos="27.12" lane="3/1to3/2_0" slope="0.00"/>
        <vehicle id="23" x="398.35" y="50.67" angle="0.00" type="DEFAULT_VEHTYPE" speed="13.87" pos="144.58" lane="2/1to2/0_0" slope="0.00"/>
        <vehicle id="24" x="494.88" y="401.65" angle="-90.00" type="DEFAULT_VEHTYPE" speed="13.01" pos="100.37" lane="3/2to2/2_0" slope="0.00"/>
        <vehicle id="3" x="159.28" y="201.65" angle="-90.00" type="DEFAULT_VEHTYPE" speed="13.56" pos="35.97" lane="1/1to0/1_0" slope="0.00"/>
        <vehicle id="4" x="49.68" y="201.65" angle="-90.00" type="DEFAULT_VEHTYPE" speed="13.33" pos="145.57" lane="1/1to0/1_0" slope="0.00"/>
        <vehicle id="5" x="201.65" y="261.73" angle="180.00" type="DEFAULT_VEHTYPE" speed="13.61" pos="56.98" lane="1/1to1/2_0" slope="0.00"/>
        <vehicle id="6" x="284.68" y="401.65" angle="-90.00" type="DEFAULT_VEHTYPE" speed="13.28" pos="110.57" lane="2/2to1/2_0" slope="0.00"/>
        <vehicle id="7" x="398.35" y="323.18" angle="0.00" type="DEFAULT_VEHTYPE" speed="13.12" pos="72.07" lane="2/2to2/1_0" slope="0.00"/>
        <vehicle id="8" x="198.35" y="255.12" angle="0.00" type="DEFAULT_VEHTYPE" speed="13.67" pos="140.13" lane="1/2to1/1_0" slope="0.00"/>
        <vehicle id="9" x="243.88" y="198.35" angle="90.00" type="DEFAULT_VEHTYPE" speed="13.25" pos="39.13" lane="1/1to2/1_0" slope="0.00"/>
    </timestep>
    <timestep time="404.00">
        <vehicle id="0" x="198.35" y="310.69" angle="0.00" type="DEFAULT_VEHTYPE" speed="12.66" pos="84.56" lane="1/2to1/1_0" slope="0.00"/>
        <vehicle id="1" x="36.29" y="198.35" angle="90.00" type="DEFAULT_VEHTYPE" speed="12.88" pos="36.29" lane="0/1to1/1_0" slope="0.00"/>
        <vehicle id="11" x="601.65" y="305.95" angle="180.00" type="DEFAULT_VEHTYPE" speed="12.81" pos="101.20" lane="3/1to3/2_0" slope="0.00"/>
        <vehicle id="12" x="180.32" y="201.65" angle="-90.00" type="DEFAULT_VEHTYPE" speed="13.90" pos="14.93" lane="1/1to0/1_0" slope="0.00"/>
        <vehicle id="14" x="601.65" y="389.50" angle="180.00" type="DEFAULT_VEHTYPE" speed="3.17" pos="184.75" lane="3/1to3/2_0" slope="0.00"/>
        <vehicle id="15" x="570.24" y="401.65" angle="-90.00" type="DEFAULT_VEHTYPE" speed="12.09" pos="25.01" lane="3/2to2/2_0" slope="0.00"/>
        <vehicle id="16" x="198.35" y="360.52" angle="0.00" type="DEFAULT_VEHTYPE" speed="12.94" pos="34.73" lane="1/2to1/1_0" slope="0.00"/>
        <vehicle id="17" x="201.65" y="533.93" angle="180.00" type="DEFAULT_VEHTYPE" speed="12.94" pos="129.18" lane="1/2to1/3_0" slope="0.00"/>
        <vehicle id="18" x="201.65" y="327.08" angle="180.00" type="DEFAULT_VEHTYPE" speed="13.69" pos="122.33" lane="1/1to1/2_0" slope="0.00"/>
        <vehicle id="19" x="411.38" y="198.35" angle="90.00" type="DEFAULT_VEHTYPE" speed="9.47" pos="6.63" lane="2/1to3/1_0" slope="0.00"/>
        <vehicle id="2" x="373.76" y="401.65" angle="-90.00" type="DEFAULT_VEHTYPE" speed="12.13" pos="21.49" lane="2/2to1/2_0" slope="0.00"/>
        <vehicle id="20" x="767.01" y="198.35" angle="90.00" type="DEFAULT_VEHTYPE" speed="12.64" pos="162.26" lane="3/1to4/1_0" slope="0.00"/>
        <vehicle id="21" x="442.72" y="401.65" angle="-90.00" type="DEFAULT_VEHTYPE" speed="13.49" pos="152.53" lane="3/2to2/2_0" slope="0.00"/>
        <vehicle id="22" x="601.65" y="245.31" angle="180.00" type="DEFAULT_VEHTYPE" speed="13.44" pos="40.56" lane="3/1to3/2_0" slope="0.00"/>
        <vehicle id="23" x="398.35" y="37.49" angle="0.00" type="DEFAULT_VEHTYPE" speed="13.18" pos="157.76" lane="2/1to2/0_0" slope="0.00"/>
        <vehicle id="24" x="481.00" y="401.65" angle="-90.00" type="DEFAULT_VEHTYPE" speed="13.88" pos="114.25" lane="3/2to2/2_0" slope="0.00"/>
        <vehicle id="3" x="145.62" y="201.65" angle="-90.00" type="DEFAULT_VEHTYPE" speed="13.66" pos="49.63" lane="1/1to0/1_0" slope="0.00"/>
        <vehicle id="4" x="36.20" y="201.65" angle="-90.00" type="DEFAULT_VEHTYPE" speed="13.48" pos="159.05" lane="1/1to0/1_0" slope="0.00"/>
        <vehicle id="5" x="201.65" y="275.40" angle="180.00" type="DEFAULT_VEHTYPE" speed="13.67" pos="70.65" lane="1/1to1/2_0" slope="0.00"/>
        <vehicle id="6" x="270.94" y="401.65" angle="-90.00" type="DEFAULT_VEHTYPE" speed="13.74" pos="124.31" lane="2/2to1/2_0" slope="0.00"/>
        <vehicle id="7" x="398.35" y="309.61" angle="0.00" type="DEFAULT_VEHTYPE" speed="13.58" pos="85.64" lane="2/2to2/1_0" slope="0.00"/>
        <vehicle id="8" x="198.35" y="242.00" angle="0.00" type="DEFAULT_VEHTYPE" speed="13.12" pos="153.25" lane="1/2to1/1_0" slope="0.00"/>
        <vehicle id="9" x="257.57" y="198.35" angle="90.00" type="DEFAULT_VEHTYPE" speed="13.68" pos="52.82" lane="1/1to2/1_0" slope="0.00"/>
    </timestep>
    <timestep time="405.00">
        <vehicle id="0" x="198.35" y="297.17" angle="0.00" type="DEFAULT_VEHTYPE" speed="13.52" pos="98.08" lane="1/2to1/1_0" slope="0.00"/>
        <vehicle id="1" x="49.09" y="198.35" angle="90.00" type="DEFAULT_VEHTYPE" speed="12.80" pos="49.09" lane="0/1to1/1_0" slope="0.00"/>
        <vehicle id="11" x="601.65" y="318.97" angle="180.00" type="DEFAULT_VEHTYPE" speed="13.02" pos="114.22" lane="3/1to3/2_0" slope="0.00"/>
        <vehicle id="12" x="166.71" y="201.65" angle="-90.00" type="DEFAULT_VEHTYPE" speed="13.61" pos="28.54" lane="1/1to0/1_0" slope="0.00"/>
        <vehicle id="14" x="601.65" y="394.17" angle="180.00" type="DEFAULT_VEHTYPE" speed="4.67" pos="189.42" lane="3/1to3/2_0" slope="0.00"/>
        <vehicle id="15" x="556.41" y="401.65" angle="-90.00" type="DEFAULT_VEHTYPE" speed="13.83" pos="38.84" lane="3/2to2/2_0" slope="0.00"/>
        <vehicle id="16" x="198.35" y="347.18" angle="0.00" type="DEFAULT_VEHTYPE" speed="13.34" pos="48.07" lane="1/2to1/1_0" slope="0.00"/>
        <vehicle id="17" x="201.65" y="547.46" angle="180.00" type="DEFAULT_VEHTYPE" speed="13.53" pos="142.71" lane="1/2to1/3_0" slope="0.00"/>
        <vehicle id="18" x="201.65" y="340.27" angle="180.00" type="DEFAULT_VEHTYPE" speed="13.19" pos="135.52" lane="1/1to1/2_0" slope="0.00"/>
        <vehicle id="19" x="422.22" y="198.35" angle="90.00" type="DEFAULT_VEHTYPE" speed="10.84" pos="17.47" lane="2/1to3/1_0" slope="0.00"/>
        <vehicle id="2" x="359.93" y="401.65" angle="-90.00" type="DEFAULT_VEHTYPE" speed="13.83" pos="35.32" lane="2/2to1/2_0" slope="0.00"/>
        <vehicle id="20" x="780.15" y="198.35" angle="90.00" type="DEFAULT_VEHTYPE" speed="13.14" pos="175.40" lane="3/1to4/1_0" slope="0.00"/>
        <vehicle id="21" x="429.40" y="401.65" angle="-90.00" type="DEFAULT_VEHTYPE" speed="13.31" pos="165.85" lane="3/2to2/2_0" slope="0.00"/>
        <vehicle id="22" x="601.65" y="258.36" angle="180.00" type="DEFAULT_VEHTYPE" speed="13.05" pos="53.61" lane="3/1to3/2_0" slope="0.00"/>
        <vehicle id="23" x="398.35" y="23.77" angle="0.00" type="DEFAULT_VEHTYPE" speed="13.72" pos="171.48" lane="2/1to2/0_0" slope="0.00"/>
        <vehicle id="24" x="467.82" y="401.65" angle="-90.00" type="DEFAULT_VEHTYPE" speed="13.19" pos="127.43" lane="3/2to2/2_0" slope="0.00"/>
        <vehicle id="3" x="132.54" y="201.65" angle="-90.00" type="DEFAULT_VEHTYPE" speed="13.08" pos="62.71" lane="1/1to0/1_0" slope="0.00"/>
        <vehicle id="4" x="23.15" y="201.65" angle="-90.00" type="DEFAULT_VEHTYPE" speed="13.05" pos="172.10" lane="1/1to0/1_0" slope="0.00"/>
        <vehicle id="5" x="201.65" y="289.04" angle="180.00" type="DEFAULT_VEHTYPE" speed="13.63" pos="84.29" lane="1/1to1/2_0" slope="0.00"/>
        <vehicle id="6" x="257.63" y="401.65" angle="-90.00" type="DEFAULT_VEHTYPE" speed="13.31" pos="137.62" lane="2/2to1/2_0" slope="0.00"/>
        <vehicle id="7" x="398.35" y="296.98" angle="0.00" type="DEFAULT_VEHTYPE" speed="12.63" pos="98.27" lane="2/2to2/1_0" slope="0.00"/>
        <vehicle id="8" x="198.35" y="228.54" angle="0.00" type="DEFAULT_VEHTYPE" speed="13.47" pos="166.71" lane="1/2to1/1_0" slope="0.00"/>
        <vehicle id="9" x="271.37" y="198.35" angle="90.00" type="DEFAULT_VEHTYPE" speed="13.80" pos="66.62" lane="1/1to2/1_0" slope="0.00"/>
    </timestep>
    <timestep time="406.00">
        <vehicle id="0" x="198.35" y="284.49" angle="0.00" type="DEFAULT_VEHTYPE" speed="12.68" pos="110.76" lane="1/2to1/1_0" slope="0.00"/>
        <vehicle id="1" x="62.52" y="198.35" angle="90.00" type="DEFAULT_VEHTYPE" speed="13.43" pos="62.52" lane="0/1to1/1_0" slope="0.00"/>
        <vehicle id="11" x="601.65" y="332.13" angle="180.00" type="DEFAULT_VEHTYPE" speed="13.16" pos="127.38" lane="3/1to3/2_0" slope="0.00"/>
        <vehicle id="12" x="153.15" y="201.65" angle="-90.00" type="DEFAULT_VEHTYPE" speed="13.56" pos="42.10" lane="1/1to0/1_0" slope="0.00"/>
        <vehicle id="14" x="599.63" y="400.30" angle="-156.45" type="DEFAULT_VEHTYPE" speed="6.72" pos="5.64" lane=":3/2_10_0" slope="0.00"/>
        <vehicle id="15" x="543.51" y="401.65" angle="-90.00" type="DEFAULT_VEHTYPE" speed="12.90" pos="51.74" lane="3/2to2/2_0" slope="0.00"/>
        <vehicle id="16" x="198.35" y="334.18" angle="0.00" type="DEFAULT_VEHTYPE" speed="13.00" pos="61.07" lane="1/2to1/1_0" slope="0.00"/>
        <vehicle id="17" x="201.65" y="560.42" angle="180.00" type="DEFAULT_VEHTYPE" speed="12.96" pos="155.67" lane="1/2to1/3_0" slope="0.00"/>
        <vehicle id="18" x="201.65" y="353.40" angle="180.00" type="DEFAULT_VEHTYPE" speed="13.13" pos="148.65" lane="1/1to1/2_0" slope="0.00"/>
        <vehicle id="19" x="435.10" y="198.35" angle="90.00" type="DEFAULT_VEHTYPE" speed="12.88" pos="30.35" lane="2/1to3/1_0" slope="0.00"/>
        <vehicle id="2" x="346.06" y="401.65" angle="-90.00" type="DEFAULT_VEHTYPE" speed="13.87" pos="49.19" lane="2/2to1/2_0" slope="0.00"/>
        <vehicle id="20" x="792.87" y="198.35" angle="90.00" type="DEFAULT_VEHTYPE" speed="12.71" pos="188.12" lane="3/1to4/1_0" slope="0.00"/>
        <vehicle id="21" x="419.25" y="401.65" angle="-90.00" type="DEFAULT_VEHTYPE" speed="10.16" pos="176.00" lane="3/2to2/2_0" slope="0.00"/>
        <vehicle id="22" x="601.65" y="271.58" angle="180.00" type="DEFAULT_VEHTYPE" speed="13.22" pos="66.83" lane="3/1to3/2_0" slope="0.00"/>
        <vehicle id="23" x="398.35" y="10.51" angle="0.00" type="DEFAULT_VEHTYPE" speed="13.26" pos="184.74" lane="2/1to2/0_0" slope="0.00"/>
        <vehicle id="24" x="454.58" y="401.65" angle="-90.00" type="DEFAULT_VEHTYPE" speed="13.24" pos="140.67" lane="3/2to2/2_0" slope="0.00"/>
        <vehicle id="3" x="119.32" y="201.65" angle="-90.00" type="DEFAULT_VEHTYPE" speed="13.22" pos="75.93" lane="1/1to0/1_0" slope="0.00"/>
        <vehicle id="4" x="9.32" y="201.65" angle="-90.00" type="DEFAULT_VEHTYPE" speed="13.83" pos="185.93" lane="1/1to0/1_0" slope="0.00"/>
        <vehicle id="5" x="201.65" y="302.56" angle="180.00" type="DEFAULT_VEHTYPE" speed="13.53" pos="97.81" lane="1/1to1/2_0" slope="0.00"/>
        <vehicle id="6" x="244.43" y="401.65" angle="-90.00" type="DEFAULT_VEHTYPE" speed="13.20" pos="150.82" lane="2/2to1/2_0" slope="0.00"/>
        <vehicle id="7" x="398.35" y="283.32" angle="0.00" type="DEFAULT_VEHTYPE" speed="13.66" pos="111.93" lane="2/2to2/1_0" slope="0.00"/>
        <vehicle id="8" x="198.35" y="215.82" angle="0.00" type="DEFAULT_VEHTYPE" speed="12.72" pos="179.43" lane="1/2to1/1_0" slope="0.00"/>
        <vehicle id="9" x="284.60" y="198.35" angle="90.00" type="DEFAULT_VEHTYPE" speed="13.23" pos="79.85" lane="1/1to2/1_0" slope="0.00"/>
    </timestep>
    <timestep time="407.00">
        <vehicle id="0" x="198.35" y="271.28" angle="0.00" type="DEFAULT_VEHTYPE" speed="13.20" pos="123.97" lane="1/2to1/1_0" slope="0.00"/>
        <vehicle id="1" x="75.14" y="198.35" angle="90.00" type="DEFAULT_VEHTYPE" speed="12.62" pos="75.14" lane="0/1to1/1_0" slope="0.00"/>
        <vehicle id="11" x="601.65" y="345.07" angle="180.00" type="DEFAULT_VEHTYPE" speed="12.93" pos="140.32" lane="3/1to3/2_0" slope="0.00"/>
        <vehicle id="12" x="139.57" y="201.65" angle="-90.00" type="DEFAULT_VEHTYPE" speed="13.59" pos="55.68" lane="1/1to0/1_0" slope="0.00"/>
        <vehicle id="14" x="591.21" y="401.65" angle="-91.56" type="DEFAULT_VEHTYPE" speed="8.72" pos="4.04" lane="3/2to2/2_0" slope="0.00"/>
        <vehicle id="15" x="530.85" y="401.65" angle="-90.00" type="DEFAULT_VEHTYPE" speed="12.66" pos="64.40" lane="3/2to2/2_0" slope="0.00"/>
        <vehicle id="16" x="198.35" y="321.11" angle="0.00" type="DEFAULT_VEHTYPE" speed="13.07" pos="74.14" lane="1/2to1/1_0" slope="0.00"/>
        <vehicle id="17" x="201.65" y="573.72" angle="180.00" type="DEFAULT_VEHTYPE" speed="13.30" pos="168.97" lane="1/2to1/3_0" slope="0.00"/>
        <vehicle id="18" x="201.65" y="366.66" angle="180.00" type="DEFAULT_VEHTYPE" speed="13.26" pos="161.91" lane="1/1to1/2_0" slope="0.00"/>
        <vehicle id="19" x="447.86" y="198.35" angle="90.00" type="DEFAULT_VEHTYPE" speed="12.76" pos="43.11" lane="2/1to3/1_0" slope="0.00"/>
        <vehicle id="2" x="333.37" y="401.65" angle="-90.00" type="DEFAULT_VEHTYPE" speed="12.69" pos="61.88" lane="2/2to1/2_0" slope="0.00"/>
        <vehicle id="20" x="799.21" y="201.65" angle="-156.49" type="DEFAULT_VEHTYPE" speed="12.74" pos="0.79" lane="4/1to3/1_0" slope="0.00"/>
        <vehicle id="21" x="412.61" y="401.65" angle="-90.00" type="DEFAULT_VEHTYPE" speed="6.64" pos="182.64" lane="3/2to2/2_0" slope="0.00"/>
        <vehicle id="22" x="601.65" y="284.74" angle="180.00" type="DEFAULT_VEHTYPE" speed="13.16" pos="79.99" lane="3/1to3/2_0" slope="0.00"/>
        <vehicle id="23" x="400.54" y="-1.38" angle="33.05" type="DEFAULT_VEHTYPE" speed="13.53" pos="3.02" lane=":2/0_0_0" slope="0.00"/>
        <vehicle id="24" x="441.37" y="401.65" angle="-90.00" type="DEFAULT_VEHTYPE" speed="13.21" pos="153.88" lane="3/2to2/2_0" slope="0.00"/>
        <vehicle id="3" x="105.78" y="201.65" angle="-90.00" type="DEFAULT_VEHTYPE" speed="13.54" pos="89.47" lane="1/1to0/1_0" slope="0.00"/>
        <vehicle id="4" x="-0.58" y="198.74" angle="-26.48" type="DEFAULT_VEHTYPE" speed="13.44" pos="4.13" lane=":0/1_0_0" slope="0.00"/>
        <vehicle id="5" x="201.65" y="316.15" angle="180.00" type="DEFAULT_VEHTYPE" speed="13.59" pos="111.40" lane="1/1to1/2_0" slope="0.00"/>
        <vehicle id="6" x="231.35" y="401.65" angle="-90.00" type="DEFAULT_VEHTYPE" speed="13.08" pos="163.90" lane="2/2to1/2_0" slope="0.00"/>
        <vehicle id="7" x="398.35" y="270.63" angle="0.00" type="DEFAULT_VEHTYPE" speed="12.68" pos="124.62" lane="2/2to2/1_0" slope="0.00"/>
        <vehicle id="8" x="197.86" y="202.90" angle="-5.69" type="DEFAULT_VEHTYPE" speed="13.01" pos="1.95" lane=":1/1_0_0" slope="0.00"/>
        <vehicle id="9" x="297.25" y="198.35" angle="90.00" type="DEFAULT_VEHTYPE" speed="12.65" pos="92.50" lane="1/1to2/1_0" slope="0.00"/>
    </timestep>
    <timestep time="408.00">
        <vehicle id="0" x="198.35" y="257.98" angle="0.00" type="DEFAULT_VEHTYPE" speed="13.31" pos="137.27" lane="1/2to1/1_0" slope="0.00"/>
        <vehicle id="1" x="88.39" y="198.35" angle="90.00" type="DEFAULT_VEHTYPE" speed="13.24" pos="88.39" lane="0/1to1/1_0" slope="0.00"/>
        <vehicle id="11" x="601.65" y="357.95" angle="180.00" type="DEFAULT_VEHTYPE" speed="12.88" pos="153.20" lane="3/1to3/2_0" slope="0.00"/>
        <vehicle id="12" x="126.19" y="201.65" angle="-90.00" type="DEFAULT_VEHTYPE" speed="13.38" pos="69.06" lane="1/1to0/1_0" slope="0.00"/>
        <vehicle id="14" x="581.05" y="401.65" angle="-90.00" type="DEFAULT_VEHTYPE" speed="10.16" pos="14.20" lane="3/2to2/2_0" slope="0.00"/>
        <vehicle id="15" x="517.23" y="401.65" angle="-90.00" type="DEFAULT_VEHTYPE" speed="13.62" pos="78.02" lane="3/2to2/2_0" slope="0.00"/>
        <vehicle id="16" x="198.35" y="307.81" angle="0.00" type="DEFAULT_VEHTYPE" speed="13.30" pos="87.44" lane="1/2to1/1_0" slope="0.00"/>
        <vehicle id="17" x="201.65" y="587.28" angle="180.00" type="DEFAULT_VEHTYPE" speed="13.56" pos="182.53" lane="1/2to1/3_0" slope="0.00"/>
        <vehicle id="18" x="201.65" y="379.90" angle="180.00" type="DEFAULT_VEHTYPE" speed="13.24" pos="175.15" lane="1/1to1/2_0" slope="0.00"/>
        <vehicle id="19" x="460.46" y="198.35" angle="90.00" type="DEFAULT_VEHTYPE" speed="12.60" pos="55.71" lane="2/1to3/1_0" slope="0.00"/>
        <vehicle id="2" x="320.35" y="401.65" angle="-90.00" type="DEFAULT_VEHTYPE" speed="13.02" pos="74.90" lane="2/2to1/2_0" slope="0.00"/>
        <vehicle id="20" x="786.16" y="201.65" angle="-90.00" type="DEFAULT_VEHTYPE" speed="13.06" pos="13.84" lane="4/1to3/1_0" slope="0.00"/>
        <vehicle id="21" x="409.76" y="401.65" angle="-90.00" type="DEFAULT_VEHTYPE" speed="2.85" pos="185.49" lane="3/2to2/2_0" slope="0.00"/>
        <vehicle id="22" x="601.65" y="297.80" angle="180.00" type="DEFAULT_VEHTYPE" speed="13.06" pos="93.05" lane="3/1to3/2_0" slope="0.00"/>
        <vehicle id="23" x="401.65" y="11.99" angle="180.00" type="DEFAULT_VEHTYPE" speed="13.79" pos="11.99" lane="2/0to2/1_0" slope="0.00"/>
        <vehicle id="24" x="429.46" y="401.65" angle="-90.00" type="DEFAULT_VEHTYPE" speed="11.91" pos="165.79" lane="3/2to2/2_0" slope="0.00"/>
        <vehicle id="3" x="92.49" y="201.65" angle="-90.00" type="DEFAULT_VEHTYPE" speed="13.29" pos="102.76" lane="1/1to0/1_0" slope="0.00"/>
        <vehicle id="4" x="12.37" y="198.35" angle="90.00" type="DEFAULT_VEHTYPE" speed="13.06" pos="12.37" lane="0/1to1/1_0" slope="0.00"/>
        <vehicle id="5" x="201.65" y="329.58" angle="180.00" type="DEFAULT_VEHTYPE" speed="13.43" pos="124.83" lane="1/1to1/2_0" slope="0.00"/>
        <vehicle id="6" x="220.53" y="401.65" angle="-90.00" type="DEFAULT_VEHTYPE" speed="10.82" pos="174.72" lane="2/2to1/2_0" slope="0.00"/>
        <vehicle id="7" x="398.35" y="257.53" angle="0.00" type="DEFAULT_VEHTYPE" speed="13.10" pos="137.72" lane="2/2to2/1_0" slope="0.00"/>
        <vehicle id="8" x="185.70" y="201.65" angle="-90.00" type="DEFAULT_VEHTYPE" speed="12.61" pos="9.55" lane="1/1to0/1_0" slope="0.00"/>
        <vehicle id="9" x="309.87" y="198.35" angle="90.00" type="DEFAULT_VEHTYPE" speed="12.62" pos="105.12" lane="1/1to2/1_0" slope="0.00"/>
    </timestep>
    <timestep time="409.00">
        <vehicle id="0" x="198.35" y="244.68" angle="0.00" type="DEFAULT_VEHTYPE" speed="13.30" pos="150.57" lane="1/2to1/1_0" slope="0.00"/>
        <vehicle id="1" x="101.81" y="198.35" angle="90.00" type="DEFAULT_VEHTYPE" speed="13.43" pos="101.81" lane="0/1to1/1_0" slope="0.00"/>
        <vehicle id="11" x="601.65" y="371.45" angle="180.00" type="DEFAULT_VEHTYPE" speed="13.50" pos="166.70" lane="3/1to3/2_0" slope="0.00"/>
        <vehicle id="12" x="112.52" y="201.65" angle="-90.00" type="DEFAULT_VEHTYPE" speed="13.66" pos="82.73" lane="1/1to0/1_0" slope="0.00"/>
        <vehicle id="14" x="569.03" y="401.65" angle="-90.00" type="DEFAULT_VEHTYPE" speed="12.02" pos="26.22" lane="3/2to2/2_0" slope="0.00"/>
        <vehicle id="15" x="504.55" y="401.65" angle="-90.00" type="DEFAULT_VEHTYPE" speed="12.68" pos="90.70" lane="3/2to2/2_0" slope="0.00"/>
        <vehicle id="16" x="198.35" y="295.01" angle="0.00" type="DEFAULT_VEHTYPE" speed="12.80" pos="100.24" lane="1/2to1/1_0" slope="0.00"/>
        <vehicle id="17" x="205.13" y="598.35" angle="128.46" type="DEFAULT_VEHTYPE" speed="13.35" pos="0.38" lane="1/3to2/3_0" slope="0.00"/>
        <vehicle id="18" x="201.65" y="392.83" angle="180.00" type="DEFAULT_VEHTYPE" speed="12.93" pos="188.08" lane="1/1to1/2_0" slope="0.00"/>
        <vehicle id="19" x="474.35" y="198.35" angle="90.00" type="DEFAULT_VEHTYPE" speed="13.88" pos="69.60" lane="2/1to3/1_0" slope="0.00"/>
        <vehicle id="2" x="307.72" y="401.65" angle="-90.00" type="DEFAULT_VEHTYPE" speed="12.63" pos="87.53" lane="2/2to1/2_0" slope="0.00"/>
        <vehicle id="20" x="773.55" y="201.65" angle="-90.00" type="DEFAULT_VEHTYPE" speed="12.61" pos="26.45" lane="4/1to3/1_0" slope="0.00"/>
        <vehicle id="21" x="404.79" y="401.65" angle="-90.00" type="DEFAULT_VEHTYPE" speed="4.97" pos="190.46" lane="3/2to2/2_0" slope="0.00"/>
        <vehicle id="22" x="601.65" y="310.55" angle="180.00" type="DEFAULT_VEHTYPE" speed="12.75" pos="105.80" lane="3/1to3/2_0" slope="0.00"/>
        <vehicle id="23" x="401.65" y="25.82" angle="180.00" type="DEFAULT_VEHTYPE" speed="13.83" pos="25.82" lane="2/0to2/1_0" slope="0.00"/>
        <vehicle id="24" x="422.05" y="401.65" angle="-90.00" type="DEFAULT_VEHTYPE" speed="7.41" pos="173.20" lane="3/2to2/2_0" slope="0.00"/>
        <vehicle id="3" x="79.38" y="201.65" angle="-90.00" type="DEFAULT_VEHTYPE" speed="13.11" pos="115.87" lane="1/1to0/1_0" slope="0.00"/>
        <vehicle id="4" x="25.21" y="198.35" angle="90.00" type="DEFAULT_VEHTYPE" speed="12.84" pos="25.21" lane="0/1to1/1_0" slope="0.00"/>
        <vehicle id="5" x="201.65" y="343.01" angle="180.00" type="DEFAULT_VEHTYPE" speed="13.43" pos="138.26" lane="1/1to1/2_0" slope="0.00"/>
        <vehicle id="6" x="213.96" y="401.65" angle="-90.00" type="DEFAULT_VEHTYPE" speed="6.57" pos="181.29" lane="2/2to1/2_0" slope="0.00"/>
        <vehicle id="7" x="398.35" y="244.69" angle="0.00" type="DEFAULT_VEHTYPE" speed="12.84" pos="150.56" lane="2/2to2/1_0" slope="0.00"/>
        <vehicle id="8" x="172.23" y="201.65" angle="-90.00" type="DEFAULT_VEHTYPE" speed="13.46" pos="23.02" lane="1/1to0/1_0" slope="0.00"/>
        <vehicle id="9" x="323.71" y="198.35" angle="90.00" type="DEFAULT_VEHTYPE" speed="13.84" pos="118.96" lane="1/1to2/1_0" slope="0.00"/>
    </timestep>
    <timestep time="410.00">
        <vehicle id="0" x="198.35" y="231.05" angle="0.00" type="DEFAULT_VEHTYPE" speed="13.63" pos="164.20" lane="1/2to1/1_0" slope="0.00"/>
        <vehicle id="1" x="115.10" y="198.35" angle="90.00" type="DEFAULT_VEHTYPE" speed="13.29" pos="115.10" lane="0/1to1/1_0" slope="0.00"/>
        <vehicle id="11" x="601.65" y="381.03" angle="180.00" type="DEFAULT_VEHTYPE" speed="9.58" pos="176.28" lane="3/1to3/2_0" slope="0.00"/>
        <vehicle id="12" x="98.94" y="201.65" angle="-90.00" type="DEFAULT_VEHTYPE" speed="13.58" pos="96.31" lane="1/1to0/1_0" slope="0.00"/>
        <vehicle id="14" x="556.36" y="401.65" angle="-90.00" type="DEFAULT_VEHTYPE" speed="12.67" pos="38.89" lane="3/2to2/2_0" slope="0.00"/>
        <vehicle id="15" x="491.30" y="401.65" angle="-90.00" type="DEFAULT_VEHTYPE" speed="13.25" pos="103.95" lane="3/2to2/2_0" slope="0.00"/>
        <vehicle id="16" x="198.35" y="281.42" angle="0.00" type="DEFAULT_VEHTYPE" speed="13.59" pos="113.83" lane="1/2to1/1_0" slope="0.00"/>
        <vehicle id="17" x="218.72" y="598.35" angle="90.00" type="DEFAULT_VEHTYPE" speed="13.59" pos="13.97" lane="1/3to2/3_0" slope="0.00"/>
        <vehicle id="18" x="210.44" y="398.35" angle="90.00" type="DEFAULT_VEHTYPE" speed="13.11" pos="5.69" lane="1/2to2/2_0" slope="0.00"/>
        <vehicle id="19" x="488.11" y="198.35" angle="90.00" type="DEFAULT_VEHTYPE" speed="13.77" pos="83.36" lane="2/1to3/1_0" slope="0.00"/>
        <vehicle id="2" x="294.73" y="401.65" angle="-90.00" type="DEFAULT_VEHTYPE" speed="12.99" pos="100.52" lane="2/2to1/2_0" slope="0.00"/>
        <vehicle id="20" x="759.72" y="201.65" angle="-90.00" type="DEFAULT_VEHTYPE" speed="13.82" pos="40.28" lane="4/1to3/1_0" slope="0.00"/>
        <vehicle id="21" x="397.25" y="401.65" angle="-90.00" type="DEFAULT_VEHTYPE" speed="7.53" pos="7.50" lane=":2/2_5_0" slope="0.00"/>
        <vehicle id="22" x="601.65" y="323.25" angle="180.00" type="DEFAULT_VEHTYPE" speed="12.69" pos="118.50" lane="3/1to3/2_0" slope="0.00"/>
        <vehicle id="23" x="401.65" y="39.64" angle="180.00" type="DEFAULT_VEHTYPE" speed="13.82" pos="39.64" lane="2/0to2/1_0" slope="0.00"/>
        <vehicle id="24" x="415.70" y="401.65" angle="-90.00" type="DEFAULT_VEHTYPE" speed="6.35" pos="179.55" lane="3/2to2/2_0" slope="0.00"/>
        <vehicle id="3" x="65.88" y="201.65" angle="-90.00" type="DEFAULT_VEHTYPE" speed="13.50" pos="129.37" lane="1/1to0/1_0" slope="0.00"/>
        <vehicle id="4" x="38.60" y="198.35" angle="90.00" type="DEFAULT_VEHTYPE" speed="13.39" pos="38.60" lane="0/1to1/1_0" slope="0.00"/>
        <vehicle id="5" x="201.65" y="356.65" angle="180.00" type="DEFAULT_VEHTYPE" speed="13.64" pos="151.90" lane="1/1to1/2_0" slope="0.00"/>
        <vehicle id="6" x="210.60" y="401.65" angle="-90.00" type="DEFAULT_VEHTYPE" speed="3.36" pos="184.65" lane="2/2to1/2_0" slope="0.00"/>
        <vehicle id="7" x="398.35" y="231.75" angle="0.00" type="DEFAULT_VEHTYPE" speed="12.94" pos="163.50" lane="2/2to2/1_0" slope="0.00"/>
        <vehicle id="8" x="159.07" y="201.65" angle="-90.00" type="DEFAULT_VEHTYPE" speed="13.16" pos="36.18" lane="1/1to0/1_0" slope="0.00"/>
        <vehicle id="9" x="336.71" y="198.35" angle="90.00" type="DEFAULT_VEHTYPE" speed="13.00" pos="131.96" lane="1/1to2/1_0" slope="0.00"/>
    </timestep>
    <timestep time="411.00">
        <vehicle id="0" x="198.35" y="217.87" angle="0.00" type="DEFAULT_VEHTYPE" speed="13.19" pos="177.38" lane="1/2to1/1_0" slope="0.00"/>
        <vehicle id="1" x="127.71" y="198.35" angle="90.00" type="DEFAULT_VEHTYPE" speed="12.61" pos="127.71" lane="0/1to1/1_0" slope="0.00"/>
        <vehicle id="11" x="601.65" y="386.55" angle="180.00" type="DEFAULT_VEHTYPE" speed="5.52" pos="181.80" lane="3/1to3/2_0" slope="0.00"/>
        <vehicle id="12" x="86.06" y="201.65" angle="-90.00" type="DEFAULT_VEHTYPE" speed="12.88" pos="109.19" lane="1/1to0/1_0" slope="0.00"/>
        <vehicle id="14" x="543.37" y="401.65" angle="-90.00" type="DEFAULT_VEHTYPE" speed="13.00" pos="51.88" lane="3/2to2/2_0" slope="0.00"/>
        <vehicle id="15" x="478.68" y="401.65" angle="-90.00" type="DEFAULT_VEHTYPE" speed="12.62" pos="116.57" lane="3/2to2/2_0" slope="0.00"/>
        <vehicle id="16" x="198.35" y="268.80" angle="0.00" type="DEFAULT_VEHTYPE" speed="12.61" pos="126.45" lane="1/2to1/1_0" slope="0.00"/>
        <vehicle id="17" x="231.55" y="598.35" angle="90.00" type="DEFAULT_VEHTYPE" speed="12.83" pos="26.80" lane="1/3to2/3_0" slope="0.00"/>
        <vehicle id="18" x="224.08" y="398.35" angle="90.00" type="DEFAULT_VEHTYPE" speed="13.65" pos="19.33" lane="1/2to2/2_0" slope="0.00"/>
        <vehicle id="19" x="501.57" y="198.35" angle="90.00" type="DEFAULT_VEHTYPE" speed="13.46" pos="96.82" lane="2/1to3/1_0" slope="0.00"/>
        <vehicle id="2" x="282.09" y="401.65" angle="-90.00" type="DEFAULT_VEHTYPE" speed="12.65" pos="113.16" lane="2/2to1/2_0" slope="0.00"/>
        <vehicle id="20" x="746.73" y="201.65" angle="-90.00" type="DEFAULT_VEHTYPE" speed="12.99" pos="53.27" lane="4/1to3/1_0" slope="0.00"/>
        <vehicle id="21" x="387.80" y="401.65" angle="-90.00" type="DEFAULT_VEHTYPE" speed="9.45" pos="7.45" lane="2/2to1/2_0" slope="0.00"/>
        <vehicle id="22" x="601.65" y="336.05" angle="180.00" type="DEFAULT_VEHTYPE" speed="12.81" pos="131.30" lane="3/1to3/2_0" slope="0.00"/>
        <vehicle id="23" x="401.65" y="53.35" angle="180.00" type="DEFAULT_VEHTYPE" speed="13.70" pos="53.35" lane="2/0to2/1_0" slope="0.00"/>
        <vehicle id="24" x="411.59" y="401.65" angle="-90.00" type="DEFAULT_VEHTYPE" speed="4.11" pos="183.66" lane="3/2to2/2_0" slope="0.00"/>
        <vehicle id="3" x="52.77" y="201.65" angle="-90.00" type="DEFAULT_VEHTYPE" speed="13.11" pos="142.48" lane="1/1to0/1_0" slope="0.00"/>
        <vehicle id="4" x="51.48" y="198.35" angle="90.00" type="DEFAULT_VEHTYPE" speed="12.88" pos="51.48" lane="0/1to1/1_0" slope="0.00"/>
        <vehicle id="5" x="201.65" y="369.51" angle="180.00" type="DEFAULT_VEHTYPE" speed="12.86" pos="164.76" lane="1/1to1/2_0" slope="0.00"/>
        <vehicle id="6" x="205.44" y="401.65" angle="-90.00" type="DEFAULT_VEHTYPE" speed="5.16" pos="189.81" lane="2/2to1/2_0" slope="0.00"/>
        <vehicle id="7" x="398.35" y="218.15" angle="0.00" type="DEFAULT_VEHTYPE" speed="13.60" pos="177.10" lane="2/2to2/1_0" slope="0.00"/>
        <vehicle id="8" x="146.29" y="201.65" angle="-90.00" type="DEFAULT_VEHTYPE" speed="12.78" pos="48.96" lane="1/1to0/1_0" slope="0.00"/>
        <vehicle id="9" x="350.33" y="198.35" angle="90.00" type="DEFAULT_VEHTYPE" speed="13.62" pos="145.58" lane="1/1to2/1_0" slope="0.00"/>
    </timestep>
    <timestep time="412.00">
        <vehicle id="0" x="198.35" y="204.94" angle="0.00" type="DEFAULT_VEHTYPE" speed="12.92" pos="190.31" lane="1/2to1/1_0" slope="0.00"/>
        <vehicle id="1" x="140.59" y="198.35" angle="90.00" type="DEFAULT_VEHTYPE" speed="12.88" pos="140.59" lane="0/1to1/1_0" slope="0.00"/>
        <vehicle id="11" x="601.65" y="389.60" angle="180.00" type="DEFAULT_VEHTYPE" speed="3.05" pos="184.85" lane="3/1to3/2_0" slope="0.00"/>
        <vehicle id="12" x="72.68" y="201.65" angle="-90.00" type="DEFAULT_VEHTYPE" speed="13.37" pos="122.57" lane="1/1to0/1_0" slope="0.00"/>
        <vehicle id="14" x="529.74" y="401.65" angle="-90.00" type="DEFAULT_VEHTYPE" speed="13.63" pos="65.51" lane="3/2to2/2_0" slope="0.00"/>
        <vehicle id="15" x="465.01" y="401.65" angle="-90.00" type="DEFAULT_VEHTYPE" speed="13.67" pos="130.24" lane="3/2to2/2_0" slope="0.00"/>
        <vehicle id="16" x="198.35" y="255.90" angle="0.00" type="DEFAULT_VEHTYPE" speed="12.90" pos="139.35" lane="1/2to1/1_0" slope="0.00"/>
        <vehicle id="17" x="244.40" y="598.35" angle="90.00" type="DEFAULT_VEHTYPE" speed="12.85" pos="39.65" lane="1/3to2/3_0" slope="0.00"/>
        <vehicle id="18" x="237.06" y="398.35" angle="90.00" type="DEFAULT_VEHTYPE" speed="12.98" pos="32.31" lane="1/2to2/2_0" slope="0.00"/>
        <vehicle id="19" x="515.43" y="198.35" angle="90.00" type="DEFAULT_VEHTYPE" speed="13.86" pos="110.68" lane="2/1to3/1_0" slope="0.00"/>
        <vehicle id="2" x="268.99" y="401.65" angle="-90.00" type="DEFAULT_VEHTYPE" speed="13.10" pos="126.26" lane="2/2to1/2_0" slope="0.00"/>
        <vehicle id="20" x="733.26" y="201.65" angle="-90.00" type="DEFAULT_VEHTYPE" speed="13.48" pos="66.74" lane="4/1to3/1_0" slope="0.00"/>
        <vehicle id="21" x="376.57" y="401.65" angle="-90.00" type="DEFAULT_VEHTYPE" speed="11.23" pos="18.68" lane="2/2to1/2_0" slope="0.00"/>
        <vehicle id="22" x="601.65" y="348.76" angle="180.00" type="DEFAULT_VEHTYPE" speed="12.70" pos="144.01" lane="3/1to3/2_0" slope="0.00"/>
        <vehicle id="23" x="401.65" y="66.25" angle="180.00" type="DEFAULT_VEHTYPE" speed="12.90" pos="66.25" lane="2/0to2/1_0" slope="0.00"/>
        <vehicle id="24" x="405.52" y="401.65" angle="-90.00" type="DEFAULT_VEHTYPE" speed="6.07" pos="189.73" lane="3/2to2/2_0" slope="0.00"/>
        <vehicle id="3" x="38.96" y="201.65" angle="-90.00" type="DEFAULT_VEHTYPE" speed="13.81" pos="156.29" lane="1/1to0/1_0" slope="0.00"/>
        <vehicle id="4" x="64.90" y="198.35" angle="90.00" type="DEFAULT_VEHTYPE" speed="13.42" pos="64.90" lane="0/1to1/1_0" slope="0.00"/>
        <vehicle id="5" x="201.65" y="382.72" angle="180.00" type="DEFAULT_VEHTYPE" speed="13.22" pos="177.97" lane="1/1to1/2_0" slope="0.00"/>
        <vehicle id="6" x="204.78" y="401.65" angle="-90.00" type="DEFAULT_VEHTYPE" speed="0.66" pos="190.47" lane="2/2to1/2_0" slope="0.00"/>
        <vehicle id="7" x="398.35" y="205.39" angle="0.00" type="DEFAULT_VEHTYPE" speed="12.76" pos="189.86" lane="2/2to2/1_0" slope="0.00"/>
        <vehicle id="8" x="133.37" y="201.65" angle="-90.00" type="DEFAULT_VEHTYPE" speed="12.93" pos="61.88" lane="1/1to0/1_0" slope="0.00"/>
        <vehicle id="9" x="363.94" y="198.35" angle="90.00" type="DEFAULT_VEHTYPE" speed="13.62" pos="159.19" lane="1/1to2/1_0" slope="0.00"/>
    </timestep>
    <timestep time="413.00">
        <vehicle id="0" x="187.54" y="201.65" angle="-90.00" type="DEFAULT_VEHTYPE" speed="12.91" pos="7.71" lane="1/1to0/1_0" slope="0.00"/>
        <vehicle id="1" x="154.36" y="198.35" angle="90.00" type="DEFAULT_VEHTYPE" speed="13.77" pos="154.36" lane="0/1to1/1_0" slope="0.00"/>
        <vehicle id="11" x="601.65" y="394.71" angle="180.00" type="DEFAULT_VEHTYPE" speed="5.11" pos="189.96" lane="3/1to3/2_0" slope="0.00"/>
        <vehicle id="12" x="59.78" y="201.65" angle="-90.00" type="DEFAULT_VEHTYPE" speed="12.90" pos="135.47" lane="1/1to0/1_0" slope="0.00"/>
        <vehicle id="14" x="517.06" y="401.65" angle="-90.00" type="DEFAULT_VEHTYPE" speed="12.68" pos="78.19" lane="3/2to2/2_0" slope="0.00"/>
        <vehicle id="15" x="451.82" y="401.65" angle="-90.00" type="DEFAULT_VEHTYPE" speed="13.19" pos="143.43" lane="3/2to2/2_0" slope="0.00"/>
        <vehicle id="16" x="198.35" y="243.30" angle="0.00" type="DEFAULT_VEHTYPE" speed="12.61" pos="151.95" lane="1/2to1/1_0" slope="0.00"/>
        <vehicle id="17" x="257.05" y="598.35" angle="90.00" type="DEFAULT_VEHTYPE" speed="12.65" pos="52.30" lane="1/3to2/3_0" slope="0.00"/>
        <vehicle id="18" x="250.03" y="398.35" angle="90.00" type="DEFAULT_VEHTYPE" speed="12.97" pos="45.28" lane="1/2to2/2_0" slope="0.00"/>
        <vehicle id="19" x="528.05" y="198.35" angle="90.00" type="DEFAULT_VEHTYPE" speed="12.62" pos="123.30" lane="2/1to3/1_0" slope="0.00"/>
        <vehicle id="2" x="255.85" y="401.65" angle="-90.00" type="DEFAULT_VEHTYPE" speed="13.14" pos="139.40" lane="2/2to1/2_0" slope="0.00"/>
        <vehicle id="20" x="719.99" y="201.65" angle="-90.00" type="DEFAULT_VEHTYPE" speed="13.26" pos="80.01" lane="4/1to3/1_0" slope="0.00"/>
        <vehicle id="21" x="363.18" y="401.65" angle="-90.00" type="DEFAULT_VEHTYPE" speed="13.39" pos="32.07" lane="2/2to1/2_0" slope="0.00"/>
        <vehicle id="22" x="601.65" y="360.93" angle="180.00" type="DEFAULT_VEHTYPE" speed="12.18" pos="156.18" lane="3/1to3/2_0" slope="0.00"/>
        <vehicle id="23" x="401.65" y="80.14" angle="180.00" type="DEFAULT_VEHTYPE" speed="13.89" pos="80.14" lane="2/0to2/1_0" slope="0.00"/>
        <vehicle id="24" x="397.77" y="401.65" angle="-90.00" type="DEFAULT_VEHTYPE" speed="7.75" pos="6.98" lane=":2/2_5_0" slope="0.00"/>
        <vehicle id="3" x="25.12" y="201.65" angle="-90.00" type="DEFAULT_VEHTYPE" speed="13.84" pos="170.13" lane="1/1to0/1_0" slope="0.00"/>
        <vehicle id="4" x="78.13" y="198.35" angle="90.00" type="DEFAULT_VEHTYPE" speed="13.22" pos="78.13" lane="0/1to1/1_0" slope="0.00"/>
        <vehicle id="5" x="201.65" y="395.37" angle="180.00" type="DEFAULT_VEHTYPE" speed="12.65" pos="0.12" lane=":1/2_9_0" slope="0.00"/>
        <vehicle id="6" x="204.78" y="401.65" angle="-90.00" type="DEFAULT_VEHTYPE" speed="0.00" pos="190.47" lane="2/2to1/2_0" slope="0.00"/>
        <vehicle id="7" x="387.81" y="201.65" angle="-90.00" type="DEFAULT_VEHTYPE" speed="13.08" pos="7.44" lane="2/1to1/1_0" slope="0.00"/>
        <vehicle id="8" x="120.40" y="201.65" angle="-90.00" type="DEFAULT_VEHTYPE" speed="12.96" pos="74.85" lane="1/1to0/1_0" slope="0.00"/>
        <vehicle id="9" x="376.06" y="198.35" angle="90.00" type="DEFAULT_VEHTYPE" speed="12.12" pos="171.31" lane="1/1to2/1_0" slope="0.00"/>
    </timestep>
    <timestep time="414.00">
        <vehicle id="0" x="174.36" y="201.65" angle="-90.00" type="DEFAULT_VEHTYPE" speed="13.18" pos="20.89" lane="1/1to0/1_0" slope="0.00"/>
        <vehicle id="1" x="168.25" y="198.35" angle="90.00" type="DEFAULT_VEHTYPE" speed="13.89" pos="168.25" lane="0/1to1/1_0" slope="0.00"/>
        <vehicle id="11" x="598.33" y="401.08" angle="-140.81" type="DEFAULT_VEHTYPE" speed="7.70" pos="0.02" lane=":3/2_18_0" slope="0.00"/>
        <vehicle id="12" x="46.18" y="201.65" angle="-90.00" type="DEFAULT_VEHTYPE" speed="13.61" pos="149.07" lane="1/1to0/1_0" slope="0.00"/>
        <vehicle id="14" x="504.35" y="401.65" angle="-90.00" type="DEFAULT_VEHTYPE" speed="12.71" pos="90.90" lane="3/2to2/2_0" slope="0.00"/>
        <vehicle id="15" x="438.13" y="401.65" angle="-90.00" type="DEFAULT_VEHTYPE" speed="13.68" pos="157.12" lane="3/2to2/2_0" slope="0.00"/>
        <vehicle id="16" x="198.35" y="229.99" angle="0.00" type="DEFAULT_VEHTYPE" speed="13.30" pos="165.26" lane="1/2to1/1_0" slope="0.00"/>
        <vehicle id="17" x="270.67" y="598.35" angle="90.00" type="DEFAULT_VEHTYPE" speed="13.62" pos="65.92" lane="1/3to2/3_0" slope="0.00"/>
        <vehicle id="18" x="262.88" y="398.35" angle="90.00" type="DEFAULT_VEHTYPE" speed="12.85" pos="58.13" lane="1/2to2/2_0" slope="0.00"/>
        <vehicle id="19" x="541.52" y="198.35" angle="90.00" type="DEFAULT_VEHTYPE" speed="13.47" pos="136.77" lane="2/1to3/1_0" slope="0.00"/>
        <vehicle id="2" x="242.74" y="401.65" angle="-90.00" type="DEFAULT_VEHTYPE" speed="13.11" pos="152.51" lane="2/2to1/2_0" slope="0.00"/>
        <vehicle id="20" x="706.28" y="201.65" angle="-90.00" type="DEFAULT_VEHTYPE" speed="13.71" pos="93.72" lane="4/1to3/1_0" slope="0.00"/>
        <vehicle id="21" x="349.40" y="401.65" angle="-90.00" type="DEFAULT_VEHTYPE" speed="13.79" pos="45.85" lane="2/2to1/2_0" slope="0.00"/>
        <vehicle id="22" x="601.65" y="373.38" angle="180.00" type="DEFAULT_VEHTYPE" speed="12.45" pos="168.63" lane="3/1to3/2_0" slope="0.00"/>
        <vehicle id="23" x="401.65" y="93.52" angle="180.00" type="DEFAULT_VEHTYPE" speed="13.39" pos="93.52" lane="2/0to2/1_0" slope="0.00"/>
        <vehicle id="24" x="388.11" y="401.65" angle="-90.00" type="DEFAULT_VEHTYPE" speed="9.66" pos="7.14" lane="2/2to1/2_0" slope="0.00"/>
        <vehicle id="3" x="11.51" y="201.65" angle="-90.00" type="DEFAULT_VEHTYPE" speed="13.61" pos="183.74" lane="1/1to0/1_0" slope="0.00"/>
        <vehicle id="4" x="90.87" y="198.35" angle="90.00" type="DEFAULT_VEHTYPE" speed="12.75" pos="90.87" lane="0/1to1/1_0" slope="0.00"/>
        <vehicle id="5" x="201.65" y="408.47" angle="180.00" type="DEFAULT_VEHTYPE" speed="13.10" pos="3.72" lane="1/2to1/3_0" slope="0.00"/>
        <vehicle id="6" x="204.78" y="401.65" angle="-90.00" type="DEFAULT_VEHTYPE" speed="0.00" pos="190.47" lane="2/2to1/2_0" slope="0.00"/>
        <vehicle id="7" x="375.05" y="201.65" angle="-90.00" type="DEFAULT_VEHTYPE" speed="12.76" pos="20.20" lane="2/1to1/1_0" slope="0.00"/>
        <vehicle id="8" x="107.28" y="201.65" angle="-90.00" type="DEFAULT_VEHTYPE" speed="13.12" pos="87.97" lane="1/1to0/1_0" slope="0.00"/>
        <vehicle id="9" x="383.69" y="198.35" angle="90.00" type="DEFAULT_VEHTYPE" speed="7.62" pos="178.94" lane="1/1to2/1_0" slope="0.00"/>
    </timestep>
    <timestep time="415.00">
        <vehicle id="0" x="160.62" y="201.65" angle="-90.00" type="DEFAULT_VEHTYPE" speed="13.74" pos="34.63" lane="1/1to0/1_0" slope="0.00"/>
        <vehicle id="1" x="178.55" y="198.35" angle="90.00" type="DEFAULT_VEHTYPE" speed="10.30" pos="178.55" lane="0/1to1/1_0" slope="0.00"/>
        <vehicle id="11" x="589.31" y="401.65" angle="-90.00" type="DEFAULT_VEHTYPE" speed="9.10" pos="5.94" lane="3/2to2/2_0" slope="0.00"/>
        <vehicle id="12" x="32.66" y="201.65" angle="-90.00" type="DEFAULT_VEHTYPE" speed="13.52" pos="162.59" lane="1/1to0/1_0" slope="0.00"/>
        <vehicle id="14" x="491.43" y="401.65" angle="-90.00" type="DEFAULT_VEHTYPE" speed="12.92" pos="103.82" lane="3/2to2/2_0" slope="0.00"/>
        <vehicle id="15" x="426.14" y="401.65" angle="-90.00" type="DEFAULT_VEHTYPE" speed="11.99" pos="169.11" lane="3/2to2/2_0" slope="0.00"/>
        <vehicle id="16" x="198.35" y="217.15" angle="0.00" type="DEFAULT_VEHTYPE" speed="12.84" pos="178.10" lane="1/2to1/1_0" slope="0.00"/>
        <vehicle id="17" x="283.51" y="598.35" angle="90.00" type="DEFAULT_VEHTYPE" speed="12.84" pos="78.76" lane="1/3to2/3_0" slope="0.00"/>
        <vehicle id="18" x="275.68" y="398.35" angle="90.00" type="DEFAULT_VEHTYPE" speed="12.79" pos="70.93" lane="1/2to2/2_0" slope="0.00"/>
        <vehicle id="19" x="554.49" y="198.35" angle="90.00" type="DEFAULT_VEHTYPE" speed="12.97" pos="149.74" lane="2/1to3/1_0" slope="0.00"/>
        <vehicle id="2" x="230.82" y="401.65" angle="-90.00" type="DEFAULT_VEHTYPE" speed="11.92" pos="164.43" lane="2/2to1/2_0" slope="0.00"/>
        <vehicle id="20" x="692.74" y="201.65" angle="-90.00" type="DEFAULT_VEHTYPE" speed="13.54" pos="107.26" lane="4/1to3/1_0" slope="0.00"/>
        <vehicle id="21" x="336.12" y="401.65" angle="-90.00" type="DEFAULT_VEHTYPE" speed="13.27" pos="59.13" lane="2/2to1/2_0" slope="0.00"/>
        <vehicle id="22" x="601.65" y="382.70" angle="180.00" type="DEFAULT_VEHTYPE" speed="9.32" pos="177.95" lane="3/1to3/2_0" slope="0.00"/>
        <vehicle id="23" x="401.65" y="106.39" angle="180.00" type="DEFAULT_VEHTYPE" speed="12.87" pos="106.39" lane="2/0to2/1_0" slope="0.00"/>
        <vehicle id="24" x="376.12" y="401.65" angle="-90.00" type="DEFAULT_VEHTYPE" speed="11.99" pos="19.13" lane="2/2to1/2_0" slope="0.00"/>
        <vehicle id="3" x="-1.33" y="200.66" angle="-77.91" type="DEFAULT_VEHTYPE" speed="13.19" pos="1.68" lane=":0/1_0_0" slope="0.00"/>
        <vehicle id="4" x="103.87" y="198.35" angle="90.00" type="DEFAULT_VEHTYPE" speed="13.00" pos="103.87" lane="0/1to1/1_0" slope="0.00"/>
        <vehicle id="5" x="201.65" y="421.47" angle="180.00" type="DEFAULT_VEHTYPE" speed="12.99" pos="16.72" lane="1/2to1/3_0" slope="0.00"/>
        <vehicle id="6" x="202.73" y="401.36" angle="-86.68" type="DEFAULT_VEHTYPE" speed="2.07" pos="2.04" lane=":1/2_6_0" slope="0.00"/>
        <vehicle id="7" x="361.36" y="201.65" angle="-90.00" type="DEFAULT_VEHTYPE" speed="13.68" pos="33.89" lane="2/1to1/1_0" slope="0.00"/>
        <vehicle id="8" x="94.41" y="201.65" angle="-90.00" type="DEFAULT_VEHTYPE" speed="12.87" pos="100.84" lane="1/1to0/1_0" slope="0.00"/>
        <vehicle id="9" x="389.17" y="198.35" angle="90.00" type="DEFAULT_VEHTYPE" speed="5.48" pos="184.42" lane="1/1to2/1_0" slope="0.00"/>
    </timestep>
    <timestep time="416.00">
        <vehicle id="0" x="147.70" y="201.65" angle="-90.00" type="DEFAULT_VEHTYPE" speed="12.92" pos="47.55" lane="1/1to0/1_0" slope="0.00"/>
        <vehicle id="1" x="185.06" y="198.35" angle="90.00" type="DEFAULT_VEHTYPE" speed="6.51" pos="185.06" lane="0/1to1/1_0" slope="0.00"/>
        <vehicle id="11" x="578.88" y="401.65" angle="-90.00" type="DEFAULT_VEHTYPE" speed="10.43" pos="16.37" lane="3/2to2/2_0" slope="0.00"/>
        <vehicle id="12" x="19.30" y="201.65" angle="-90.00" type="DEFAULT_VEHTYPE" speed="13.35" pos="175.95" lane="1/1to0/1_0" slope="0.00"/>
        <vehicle id="14" x="478.14" y="401.65" angle="-90.00" type="DEFAULT_VEHTYPE" speed="13.29" pos="117.11" lane="3/2to2/2_0" slope="0.00"/>
        <vehicle id="15" x="417.38" y="401.65" angle="-90.00" type="DEFAULT_VEHTYPE" speed="8.76" pos="177.87" lane="3/2to2/2_0" slope="0.00"/>
        <vehicle id="16" x="198.24" y="203.97" angle="-1.25" type="DEFAULT_VEHTYPE" speed="13.19" pos="0.79" lane=":1/1_0_0" slope="0.00"/>
        <vehicle id="17" x="297.30" y="598.35" angle="90.00" type="DEFAULT_VEHTYPE" speed="13.79" pos="92.55" lane="1/3to2/3_0" slope="0.00"/>
        <vehicle id="18" x="289.04" y="398.35" angle="90.00" type="DEFAULT_VEHTYPE" speed="13.37" pos="84.29" lane="1/2to2/2_0" slope="0.00"/>
        <vehicle id="19" x="567.15" y="198.35" angle="90.00" type="DEFAULT_VEHTYPE" speed="12.65" pos="162.40" lane="2/1to3/1_0" slope="0.00"/>
        <vehicle id="2" x="221.20" y="401.65" angle="-90.00" type="DEFAULT_VEHTYPE" speed="9.62" pos="174.05" lane="2/2to1/2_0" slope="0.00"/>
        <vehicle id="20" x="679.32" y="201.65" angle="-90.00" type="DEFAULT_VEHTYPE" speed="13.42" pos="120.68" lane="4/1to3/1_0" slope="0.00"/>
        <vehicle id="21" x="322.37" y="401.65" angle="-90.00" type="DEFAULT_VEHTYPE" speed="13.75" pos="72.88" lane="2/2to1/2_0" slope="0.00"/>
        <vehicle id="22" x="601.65" y="387.78" angle="180.00" type="DEFAULT_VEHTYPE" speed="5.08" pos="183.03" lane="3/1to3/2_0" slope="0.00"/>
        <vehicle id="23" x="401.65" y="119.60" angle="180.00" type="DEFAULT_VEHTYPE" speed="13.21" pos="119.60" lane="2/0to2/1_0" slope="0.00"/>
        <vehicle id="24" x="362.56" y="401.65" angle="-90.00" type="DEFAULT_VEHTYPE" speed="13.56" pos="32.69" lane="2/2to1/2_0" slope="0.00"/>
        <vehicle id="3" x="9.56" y="198.35" angle="90.00" type="DEFAULT_VEHTYPE" speed="12.70" pos="9.56" lane="0/1to1/1_0" slope="0.00"/>
        <vehicle id="4" x="117.43" y="198.35" angle="90.00" type="DEFAULT_VEHTYPE" speed="13.56" pos="117.43" lane="0/1to1/1_0" slope="0.00"/>
        <vehicle id="5" x="201.65" y="434.30" angle="180.00" type="DEFAULT_VEHTYPE" speed="12.83" pos="29.55" lane="1/2to1/3_0" slope="0.00"/>
        <vehicle id="6" x="199.75" y="399.72" angle="-67.45" type="DEFAULT_VEHTYPE" speed="3.50" pos="5.54" lane=":1/2_6_0" slope="0.00"/>
        <vehicle id="7" x="348.31" y="201.65" angle="-90.00" type="DEFAULT_VEHTYPE" speed="13.06" pos="46.94" lane="2/1to1/1_0" slope="0.00"/>
        <vehicle id="8" x="80.81" y="201.65" angle="-90.00" type="DEFAULT_VEHTYPE" speed="13.60" pos="114.44" lane="1/1to0/1_0" slope="0.00"/>
        <vehicle id="9" x="396.44" y="198.35" angle="90.00" type="DEFAULT_VEHTYPE" speed="7.27" pos="1.19" lane=":2/1_13_0" slope="0.00"/>
    </timestep>
    <timestep time="417.00">
        <vehicle id="0" x="134.70" y="201.65" angle="-90.00" type="DEFAULT_VEHTYPE" speed="13.00" pos="60.55" lane="1/1to0/1_0" slope="0.00"/>
        <vehicle id="1" x="189.01" y="198.35" angle="90.00" type="DEFAULT_VEHTYPE" speed="3.95" pos="189.01" lane="0/1to1/1_0" slope="0.00"/>
        <vehicle id="11" x="566.75" y="401.65" angle="-90.00" type="DEFAULT_VEHTYPE" speed="12.13" pos="28.50" lane="3/2to2/2_0" slope="0.00"/>
        <vehicle id="12" x="6.70" y="201.65" angle="-90.00" type="DEFAULT_VEHTYPE" speed="12.61" pos="188.55" lane="1/1to0/1_0" slope="0.00"/>
        <vehicle id="14" x="464.59" y="401.65" angle="-90.00" type="DEFAULT_VEHTYPE" speed="13.55" pos="130.66" lane="3/2to2/2_0" slope="0.00"/>
        <vehicle id="15" x="412.35" y="401.65" angle="-90.00" type="DEFAULT_VEHTYPE" speed="5.03" pos="182.90" lane="3/2to2/2_0" slope="0.00"/>
        <vehicle id="16" x="186.60" y="201.65" angle="-90.00" type="DEFAULT_VEHTYPE" speed="12.86" pos="8.65" lane="1/1to0/1_0" slope="0.00"/>
        <vehicle id="17" x="309.99" y="598.35" angle="90.00" type="DEFAULT_VEHTYPE" speed="12.69" pos="105.24" lane="1/3to2/3_0" slope="0.00"/>
        <vehicle id="18" x="302.58" y="398.35" angle="90.00" type="DEFAULT_VEHTYPE" speed="13.54" pos="97.83" lane="1/2to2/2_0" slope="0.00"/>
        <vehicle id="19" x="577.69" y="198.35" angle="90.00" type="DEFAULT_VEHTYPE" speed="10.54" pos="172.94" lane="2/1to3/1_0" slope="0.00"/>
        <vehicle id="2" x="214.17" y="401.65" angle="-90.00" type="DEFAULT_VEHTYPE" speed="7.03" pos="181.08" lane="2/2to1/2_0" slope="0.00"/>
        <vehicle id="20" x="665.54" y="201.65" angle="-90.00" type="DEFAULT_VEHTYPE" speed="13.78" pos="134.46" lane="4/1to3/1_0" slope="0.00"/>
        <vehicle id="21" x="309.40" y="401.65" angle="-90.00" type="DEFAULT_VEHTYPE" speed="12.97" pos="85.85" lane="2/2to1/2_0" slope="0.00"/>
        <vehicle id="22" x="601.65" y="390.84" angle="180.00" type="DEFAULT_VEHTYPE" speed="3.05" pos="186.09" lane="3/1to3/2_0" slope="0.00"/>
        <vehicle id="23" x="401.65" y="132.82" angle="180.00" type="DEFAULT_VEHTYPE" speed="13.22" pos="132.82" lane="2/0to2/1_0" slope="0.00"/>
        <vehicle id="24" x="349.40" y="401.65" angle="-90.00" type="DEFAULT_VEHTYPE" speed="13.16" pos="45.85" lane="2/2to1/2_0" slope="0.00"/>
        <vehicle id="3" x="22.81" y="198.35" angle="90.00" type="DEFAULT_VEHTYPE" speed="13.25" pos="22.81" lane="0/1to1/1_0" slope="0.00"/>
        <vehicle id="4" x="130.58" y="198.35" angle="90.00" type="DEFAULT_VEHTYPE" speed="13.15" pos="130.58" lane="0/1to1/1_0" slope="0.00"/>
        <vehicle id="5" x="201.65" y="447.71" angle="180.00" type="DEFAULT_VEHTYPE" speed="13.41" pos="42.96" lane="1/2to1/3_0" slope="0.00"/>
        <vehicle id="6" x="198.35" y="394.69" angle="-14.54" type="DEFAULT_VEHTYPE" speed="5.34" pos="0.56" lane="1/2to1/1_0" slope="0.00"/>
        <vehicle id="7" x="335.54" y="201.65" angle="-90.00" type="DEFAULT_VEHTYPE" speed="12.77" pos="59.71" lane="2/1to1/1_0" slope="0.00"/>
        <vehicle id="8" x="68.18" y="201.65" angle="-90.00" type="DEFAULT_VEHTYPE" speed="12.63" pos="127.07" lane="1/1to0/1_0" slope="0.00"/>
        <vehicle id="9" x="405.09" y="198.35" angle="90.00" type="DEFAULT_VEHTYPE" speed="8.65" pos="0.34" lane="2/1to3/1_0" slope="0.00"/>
    </timestep>
    <timestep time="418.00">
        <vehicle id="0" x="120.81" y="201.65" angle="-90.00" type="DEFAULT_VEHTYPE" speed="13.89" pos="74.44" lane="1/1to0/1_0" slope="0.00"/>
        <vehicle id="1" x="194.58" y="198.35" angle="90.00" type="DEFAULT_VEHTYPE" speed="5.56" pos="194.58" lane="0/1to1/1_0" slope="0.00"/>
        <vehicle id="11" x="553.19" y="401.65" angle="-90.00" type="DEFAULT_VEHTYPE" speed="13.56" pos="42.06" lane="3/2to2/2_0" slope="0.00"/>
        <vehicle id="12" x="1.38" y="198.35" angle="42.14" type="DEFAULT_VEHTYPE" speed="12.90" pos="1.38" lane="0/1to1/1_0" slope="0.00"/>
        <vehicle id="14" x="451.75" y="401.65" angle="-90.00" type="DEFAULT_VEHTYPE" speed="12.84" pos="143.50" lane="3/2to2/2_0" slope="0.00"/>
        <vehicle id="15" x="410.02" y="401.65" angle="-90.00" type="DEFAULT_VEHTYPE" speed="2.34" pos="185.23" lane="3/2to2/2_0" slope="0.00"/>
        <vehicle id="16" x="173.35" y="201.65" angle="-90.00" type="DEFAULT_VEHTYPE" speed="13.25" pos="21.90" lane="1/1to0/1_0" slope="0.00"/>
        <vehicle id="17" x="323.63" y="598.35" angle="90.00" type="DEFAULT_VEHTYPE" speed="13.64" pos="118.88" lane="1/3to2/3_0" slope="0.00"/>
        <vehicle id="18" x="315.62" y="398.35" angle="90.00" type="DEFAULT_VEHTYPE" speed="13.04" pos="110.87" lane="1/2to2/2_0" slope="0.00"/>
        <vehicle id="19" x="584.87" y="198.35" angle="90.00" type="DEFAULT_VEHTYPE" speed="7.18" pos="180.12" lane="2/1to3/1_0" slope="0.00"/>
        <vehicle id="2" x="210.17" y="401.65" angle="-90.00" type="DEFAULT_VEHTYPE" speed="4.00" pos="185.08" lane="2/2to1/2_0" slope="0.00"/>
        <vehicle id="20" x="652.21" y="201.65" angle="-90.00" type="DEFAULT_VEHTYPE" speed="13.33" pos="147.79" lane="4/1to3/1_0" slope="0.00"/>
        <vehicle id="21" x="295.50" y="401.65" angle="-90.00" type="DEFAULT_VEHTYPE" speed="13.90" pos="99.75" lane="2/2to1/2_0" slope="0.00"/>
        <vehicle id="22" x="601.48" y="396.41" angle="-178.10" type="DEFAULT_VEHTYPE" speed="5.59" pos="1.17" lane=":3/2_10_0" slope="0.00"/>
        <vehicle id="23" x="401.65" y="146.48" angle="180.00" type="DEFAULT_VEHTYPE" speed="13.66" pos="146.48" lane="2/0to2/1_0" slope="0.00"/>
        <vehicle id="24" x="336.75" y="401.65" angle="-90.00" type="DEFAULT_VEHTYPE" speed="12.65" pos="58.50" lane="2/2to1/2_0" slope="0.00"/>
        <vehicle id="3" x="36.60" y="198.35" angle="90.00" type="DEFAULT_VEHTYPE" speed="13.80" pos="36.60" lane="0/1to1/1_0" slope="0.00"/>
        <vehicle id="4" x="143.60" y="198.35" angle="90.00" type="DEFAULT_VEHTYPE" speed="13.02" pos="143.60" lane="0/1to1/1_0" slope="0.00"/>
        <vehicle id="5" x="201.65" y="460.82" angle="180.00" type="DEFAULT_VEHTYPE" speed="13.11" pos="56.07" lane="1/2to1/3_0" slope="0.00"/>
        <vehicle id="6" x="198.35" y="387.28" angle="0.00" type="DEFAULT_VEHTYPE" speed="7.41" pos="7.97" lane="1/2to1/1_0" slope="0.00"/>
        <vehicle id="7" x="321.92" y="201.65" angle="-90.00" type="DEFAULT_VEHTYPE" speed="13.62" pos="73.33" lane="2/1to1/1_0" slope="0.00"/>
        <vehicle id="8" x="55.35" y="201.65" angle="-90.00" type="DEFAULT_VEHTYPE" speed="12.83" pos="139.90" lane="1/1to0/1_0" slope="0.00"/>
        <vehicle id="9" x="415.06" y="198.35" angle="90.00" type="DEFAULT_VEHTYPE" speed="9.97" pos="10.31" lane="2/1to3/1_0" slope="0.00"/>
    </timestep>
    <timestep time="419.00">
        <vehicle id="0" x="107.58" y="201.65" angle="-90.00" type="DEFAULT_VEHTYPE" speed="13.22" pos="87.67" lane="1/1to0/1_0" slope="0.00"/>
        <vehicle id="1" x="198.35" y="193.13" angle="13.30" type="DEFAULT_VEHTYPE" speed="7.80" pos="2.12" lane="1/1to1/0_0" slope="0.00"/>
        <vehicle id="11" x="539.99" y="401.65" angle="-90.00" type="DEFAULT_VEHTYPE" speed="13.20" pos="55.26" lane="3/2to2/2_0" slope="0.00"/>
        <vehicle id="12" x="15.04" y="198.35" angle="90.00" type="DEFAULT_VEHTYPE" speed="13.65" pos="15.04" lane="0/1to1/1_0" slope="0.00"/>
        <vehicle id="14" x="439.01" y="401.65" angle="-90.00" type="DEFAULT_VEHTYPE" speed="12.74" pos="156.24" lane="3/2to2/2_0" slope="0.00"/>
        <vehicle id="15" x="406.24" y="401.65" angle="-90.00" type="DEFAULT_VEHTYPE" speed="3.78" pos="189.01" lane="3/2to2/2_0" slope="0.00"/>
        <vehicle id="16" x="159.79" y="201.65" angle="-90.00" type="DEFAULT_VEHTYPE" speed="13.56" pos="35.46" lane="1/1to0/1_0" slope="0.00"/>
        <vehicle id="17" x="336.64" y="598.35" angle="90.00" type="DEFAULT_VEHTYPE" speed="13.01" pos="131.89" lane="1/3to2/3_0" slope="0.00"/>
        <vehicle id="18" x="328.63" y="398.35" angle="90.00" type="DEFAULT_VEHTYPE" speed="13.01" pos="123.88" lane="1/2to2/2_0" slope="0.00"/>
        <vehicle id="19" x="589.68" y="198.35" angle="90.00" type="DEFAULT_VEHTYPE" speed="4.81" pos="184.93" lane="2/1to3/1_0" slope="0.00"/>
        <vehicle id="2" x="204.55" y="401.62" angle="-89.68" type="DEFAULT_VEHTYPE" speed="5.62" pos="0.20" lane=":1/2_6_0" slope="0.00"/>
        <vehicle id="20" x="638.58" y="201.65" angle="-90.00" type="DEFAULT_VEHTYPE" speed="13.63" pos="161.42" lane="4/1to3/1_0" slope="0.00"/>
        <vehicle id="21" x="282.35" y="401.65" angle="-90.00" type="DEFAULT_VEHTYPE" speed="13.14" pos="112.90" lane="2/2to1/2_0" slope="0.00"/>
        <vehicle id="22" x="596.75" y="401.44" angle="-122.47" type="DEFAULT_VEHTYPE" speed="7.64" pos="1.67" lane=":3/2_18_0" slope="0.00"/>
        <vehicle id="23" x="401.65" y="159.13" angle="180.00" type="DEFAULT_VEHTYPE" speed="12.65" pos="159.13" lane="2/0to2/1_0" slope="0.00"/>
        <vehicle id="24" x="323.57" y="401.65" angle="-90.00" type="DEFAULT_VEHTYPE" speed="13.18" pos="71.68" lane="2/2to1/2_0" slope="0.00"/>
        <vehicle id="3" x="50.13" y="198.35" angle="90.00" type="DEFAULT_VEHTYPE" speed="13.53" pos="50.13" lane="0/1to1/1_0" slope="0.00"/>
        <vehicle id="4" x="156.60" y="198.35" angle="90.00" type="DEFAULT_VEHTYPE" speed="13.00" pos="156.60" lane="0/1to1/1_0" slope="0.00"/>
        <vehicle id="5" x="201.65" y="474.00" angle="180.00" type="DEFAULT_VEHTYPE" speed="13.18" pos="69.25" lane="1/2to1/3_0" slope="0.00"/>
        <vehicle id="6" x="198.35" y="378.17" angle="0.00" type="DEFAULT_VEHTYPE" speed="9.11" pos="17.08" lane="1/2to1/1_0" slope="0.00"/>
        <vehicle id="7" x="308.68" y="201.65" angle="-90.00" type="DEFAULT_VEHTYPE" speed="13.24" pos="86.57" lane="2/1to1/1_0" slope="0.00"/>
        <vehicle id="8" x="42.41" y="201.65" angle="-90.00" type="DEFAULT_VEHTYPE" speed="12.94" pos="152.84" lane="1/1to0/1_0" slope="0.00"/>
        <vehicle id="9" x="426.65" y="198.35" angle="90.00" type="DEFAULT_VEHTYPE" speed="11.59" pos="21.90" lane="2/1to3/1_0" slope="0.00"/>
    </timestep>
    <timestep time="420.00">
        <vehicle id="0" x="94.41" y="201.65" angle="-90.00" type="DEFAULT_VEHTYPE" speed="13.18" pos="100.84" lane="1/1to0/1_0" slope="0.00"/>
        <vehicle id="1" x="198.35" y="183.80" angle="0.00" type="DEFAULT_VEHTYPE" speed="9.32" pos="11.45" lane="1/1to1/0_0" slope="0.00"/>
        <vehicle id="11" x="526.28" y="401.65" angle="-90.00" type="DEFAULT_VEHTYPE" speed="13.70" pos="68.97" lane="3/2to2/2_0" slope="0.00"/>
        <vehicle id="12" x="27.72" y="198.35" angle="90.00" type="DEFAULT_VEHTYPE" speed="12.68" pos="27.72" lane="0/1to1/1_0" slope="0.00"/>
        <vehicle id="14" x="428.41" y="401.65" angle="-90.00" type="DEFAULT_VEHTYPE" speed="10.60" pos="166.84" lane="3/2to2/2_0" slope="0.00"/>
        <vehicle id="15" x="400.32" y="400.27" angle="-73.68" type="DEFAULT_VEHTYPE" speed="6.21" pos="4.73" lane=":2/2_6_0" slope="0.00"/>
        <vehicle id="16" x="146.03" y="201.65" angle="-90.00" type="DEFAULT_VEHTYPE" speed="13.76" pos="49.22" lane="1/1to0/1_0" slope="0.00"/>
        <vehicle id="17" x="349.80" y="598.35" angle="90.00" type="DEFAULT_VEHTYPE" speed="13.15" pos="145.05" lane="1/3to2/3_0" slope="0.00"/>
        <vehicle id="18" x="341.58" y="398.35" angle="90.00" type="DEFAULT_VEHTYPE" speed="12.95" pos="136.83" lane="1/2to2/2_0" slope="0.00"/>
        <vehicle id="19" x="591.90" y="198.35" angle="90.00" type="DEFAULT_VEHTYPE" speed="2.22" pos="187.15" lane="2/1to3/1_0" slope="0.00"/>
        <vehicle id="2" x="198.68" y="397.56" angle="-40.94" type="DEFAULT_VEHTYPE" speed="7.79" pos="7.99" lane=":1/2_6_0" slope="0.00"/>
        <vehicle id="20" x="626.58" y="201.65" angle="-90.00" type="DEFAULT_VEHTYPE" speed="12.00" pos="173.42" lane="4/1to3/1_0" slope="0.00"/>
        <vehicle id="21" x="268.99" y="401.65" angle="-90.00" type="DEFAULT_VEHTYPE" speed="13.37" pos="126.26" lane="2/2to1/2_0" slope="0.00"/>
        <vehicle id="22" x="587.73" y="401.65" angle="-90.00" type="DEFAULT_VEHTYPE" speed="9.03" pos="7.52" lane="3/2to2/2_0" slope="0.00"/>
        <vehicle id="23" x="401.65" y="172.09" angle="180.00" type="DEFAULT_VEHTYPE" speed="12.96" pos="172.09" lane="2/0to2/1_0" slope="0.00"/>
        <vehicle id="24" x="309.97" y="401.65" angle="-90.00" type="DEFAULT_VEHTYPE" speed="13.60" pos="85.28" lane="2/2to1/2_0" slope="0.00"/>
        <vehicle id="3" x="63.01" y="198.35" angle="90.00" type="DEFAULT_VEHTYPE" speed="12.87" pos="63.01" lane="0/1to1/1_0" slope="0.00"/>
        <vehicle id="4" x="170.29" y="198.35" angle="90.00" type="DEFAULT_VEHTYPE" speed="13.69" pos="170.29" lane="0/1to1/1_0" slope="0.00"/>
        <vehicle id="5" x="201.65" y="487.53" angle="180.00" type="DEFAULT_VEHTYPE" speed="13.53" pos="82.78" lane="1/2to1/3_0" slope="0.00"/>
        <vehicle id="6" x="198.35" y="366.81" angle="0.00" type="DEFAULT_VEHTYPE" speed="11.36" pos="28.44" lane="1/2to1/1_0" slope="0.00"/>
        <vehicle id="7" x="295.43" y="201.65" angle="-90.00" type="DEFAULT_VEHTYPE" speed="13.25" pos="99.82" lane="2/1to1/1_0" slope="0.00"/>
        <vehicle id="8" x="29.80" y="201.65" angle="-90.00" type="DEFAULT_VEHTYPE" speed="12.61" pos="165.45" lane="1/1to0/1_0" slope="0.00"/>
        <vehicle id="9" x="440.04" y="198.35" angle="90.00" type="DEFAULT_VEHTYPE" speed="13.39" pos="35.29" lane="2/1to3/1_0" slope="0.00"/>
    </timestep>
    <timestep time="421.00">
        <vehicle id="0" x="81.59" y="201.65" angle="-90.00" type="DEFAULT_VEHTYPE" speed="12.81" pos="113.66" lane="1/1to0/1_0" slope="0.00"/>
        <vehicle id="1" x="198.35" y="173.02" angle="0.00" type="DEFAULT_VEHTYPE" speed="10.78" pos="22.23" lane="1/1to1/0_0" slope="0.00"/>
        <vehicle id="11" x="513.39" y="401.65" angle="-90.00" type="DEFAULT_VEHTYPE" speed="12.90" pos="81.86" lane="3/2to2/2_0" slope="0.00"/>
        <vehicle id="12" x="41.32" y="198.35" angle="90.00" type="DEFAULT_VEHTYPE" speed="13.61" pos="41.32" lane="0/1to1/1_0" slope="0.00"/>
        <vehicle id="14" x="419.27" y="401.65" angle="-90.00" type="DEFAULT_VEHTYPE" speed="9.14" pos="175.98" lane="3/2to2/2_0" slope="0.00"/>
        <vehicle id="15" x="398.35" y="393.20" angle="-5.37" type="DEFAULT_VEHTYPE" speed="7.64" pos="2.05" lane="2/2to2/1_0" slope="0.00"/>
        <vehicle id="16" x="132.39" y="201.65" angle="-90.00" type="DEFAULT_VEHTYPE" speed="13.64" pos="62.86" lane="1/1to0/1_0" slope="0.00"/>
        <vehicle id="17" x="363.52" y="598.35" angle="90.00" type="DEFAULT_VEHTYPE" speed="13.72" pos="158.77" lane="1/3to2/3_0" slope="0.00"/>
        <vehicle id="18" x="355.11" y="398.35" angle="90.00" type="DEFAULT_VEHTYPE" speed="13.52" pos="150.36" lane="1/2to2/2_0" slope="0.00"/>
        <vehicle id="19" x="592.32" y="198.35" angle="90.00" type="DEFAULT_VEHTYPE" speed="0.42" pos="187.57" lane="2/1to3/1_0" slope="0.00"/>
        <vehicle id="2" x="198.35" y="387.57" angle="0.00" type="DEFAULT_VEHTYPE" speed="10.01" pos="7.68" lane="1/2to1/1_0" slope="0.00"/>
        <vehicle id="20" x="617.39" y="201.65" angle="-90.00" type="DEFAULT_VEHTYPE" speed="9.19" pos="182.61" lane="4/1to3/1_0" slope="0.00"/>
        <vehicle id="21" x="255.47" y="401.65" angle="-90.00" type="DEFAULT_VEHTYPE" speed="13.52" pos="139.78" lane="2/2to1/2_0" slope="0.00"/>
        <vehicle id="22" x="576.95" y="401.65" angle="-90.00" type="DEFAULT_VEHTYPE" speed="10.78" pos="18.30" lane="3/2to2/2_0" slope="0.00"/>
        <vehicle id="23" x="401.65" y="185.46" angle="180.00" type="DEFAULT_VEHTYPE" speed="13.37" pos="185.46" lane="2/0to2/1_0" slope="0.00"/>
        <vehicle id="24" x="297.08" y="401.65" angle="-90.00" type="DEFAULT_VEHTYPE" speed="12.88" pos="98.17" lane="2/2to1/2_0" slope="0.00"/>
        <vehicle id="3" x="75.99" y="198.35" angle="90.00" type="DEFAULT_VEHTYPE" speed="12.98" pos="75.99" lane="0/1to1/1_0" slope="0.00"/>
        <vehicle id="4" x="179.74" y="198.35" angle="90.00" type="DEFAULT_VEHTYPE" speed="9.45" pos="179.74" lane="0/1to1/1_0" slope="0.00"/>
        <vehicle id="5" x="201.65" y="500.81" angle="180.00" type="DEFAULT_VEHTYPE" speed="13.28" pos="96.06" lane="1/2to1/3_0" slope="0.00"/>
        <vehicle id="6" x="198.35" y="353.35" angle="0.00" type="DEFAULT_VEHTYPE" speed="13.46" pos="41.90" lane="1/2to1/1_0" slope="0.00"/>
        <vehicle id="7" x="282.38" y="201.65" angle="-90.00" type="DEFAULT_VEHTYPE" speed="13.05" pos="112.87" lane="2/1to1/1_0" slope="0.00"/>
        <vehicle id="8" x="16.13" y="201.65" angle="-90.00" type="DEFAULT_VEHTYPE" speed="13.66" pos="179.12" lane="1/1to0/1_0" slope="0.00"/>
        <vehicle id="9" x="453.80" y="198.35" angle="90.00" type="DEFAULT_VEHTYPE" speed="13.77" pos="49.05" lane="2/1to3/1_0" slope="0.00"/>
    </timestep>
    <timestep time="422.00">
        <vehicle id="0" x="67.86" y="201.65" angle="-90.00" type="DEFAULT_VEHTYPE" speed="13.73" pos="127.39" lane="1/1to0/1_0" slope="0.00"/>
        <vehicle id="1" x="198.35" y="160.36" angle="0.00" type="DEFAULT_VEHTYPE" speed="12.66" pos="34.89" lane="1/1to1/0_0" slope="0.00"/>
        <vehicle id="11" x="499.94" y="401.65" angle="-90.00" type="DEFAULT_VEHTYPE" speed="13.45" pos="95.31" lane="3/2to2/2_0" slope="0.00"/>
        <vehicle id="12" x="53.96" y="198.35" angle="90.00" type="DEFAULT_VEHTYPE" speed="12.64" pos="53.96" lane="0/1to1/1_0" slope="0.00"/>
        <vehicle id="14" x="413.04" y="401.65" angle="-90.00" type="DEFAULT_VEHTYPE" speed="6.24" pos="182.21" lane="3/2to2/2_0" slope="0.00"/>
        <vehicle id="15" x="398.35" y="383.05" angle="0.00" type="DEFAULT_VEHTYPE" speed="10.16" pos="12.20" lane="2/2to2/1_0" slope="0.00"/>
        <vehicle id="16" x="118.92" y="201.65" angle="-90.00" type="DEFAULT_VEHTYPE" speed="13.48" pos="76.33" lane="1/1to0/1_0" slope="0.00"/>
        <vehicle id="17" x="375.28" y="598.35" angle="90.00" type="DEFAULT_VEHTYPE" speed="11.77" pos="170.53" lane="1/3to2/3_0" slope="0.00"/>
        <vehicle id="18" x="367.85" y="398.35" angle="90.00" type="DEFAULT_VEHTYPE" speed="12.74" pos="163.10" lane="1/2to2/2_0" slope="0.00"/>
        <vehicle id="19" x="592.55" y="198.35" angle="90.00" type="DEFAULT_VEHTYPE" speed="0.23" pos="187.80" lane="2/1to3/1_0" slope="0.00"/>
        <vehicle id="2" x="198.35" y="375.42" angle="0.00" type="DEFAULT_VEHTYPE" speed="12.15" pos="19.83" lane="1/2to1/1_0" slope="0.00"/>
        <vehicle id="20" x="612.49" y="201.65" angle="-90.00" type="DEFAULT_VEHTYPE" speed="4.90" pos="187.51" lane="4/1to3/1_0" slope="0.00"/>
        <vehicle id="21" x="242.85" y="401.65" angle="-90.00" type="DEFAULT_VEHTYPE" speed="12.61" pos="152.40" lane="2/2to1/2_0" slope="0.00"/>
        <vehicle id="22" x="563.98" y="401.65" angle="-90.00" type="DEFAULT_VEHTYPE" speed="12.97" pos="31.27" lane="3/2to2/2_0" slope="0.00"/>
        <vehicle id="23" x="403.63" y="198.19" angle="154.14" type="DEFAULT_VEHTYPE" speed="13.66" pos="3.87" lane=":2/1_8_0" slope="0.00"/>
        <vehicle id="24" x="284.18" y="401.65" angle="-90.00" type="DEFAULT_VEHTYPE" speed="12.90" pos="111.07" lane="2/2to1/2_0" slope="0.00"/>
        <vehicle id="3" x="89.78" y="198.35" angle="90.00" type="DEFAULT_VEHTYPE" speed="13.79" pos="89.78" lane="0/1to1/1_0" slope="0.00"/>
        <vehicle id="4" x="186.80" y="198.35" angle="90.00" type="DEFAULT_VEHTYPE" speed="7.06" pos="186.80" lane="0/1to1/1_0" slope="0.00"/>
        <vehicle id="5" x="201.65" y="514.20" angle="180.00" type="DEFAULT_VEHTYPE" speed="13.39" pos="109.45" lane="1/2to1/3_0" slope="0.00"/>
        <vehicle id="6" x="198.35" y="340.20" angle="0.00" type="DEFAULT_VEHTYPE" speed="13.15" pos="55.05" lane="1/2to1/1_0" slope="0.00"/>
        <vehicle id="7" x="269.07" y="201.65" angle="-90.00" type="DEFAULT_VEHTYPE" speed="13.31" pos="126.18" lane="2/1to1/1_0" slope="0.00"/>
        <vehicle id="8" x="3.25" y="201.65" angle="-90.00" type="DEFAULT_VEHTYPE" speed="12.88" pos="192.00" lane="1/1to0/1_0" slope="0.00"/>
        <vehicle id="9" x="467.11" y="198.35" angle="90.00" type="DEFAULT_VEHTYPE" speed="13.31" pos="62.36" lane="2/1to3/1_0" slope="0.00"/>
    </timestep>
    <timestep time="423.00">
        <vehicle id="0" x="54.23" y="201.65" angle="-90.00" type="DEFAULT_VEHTYPE" speed="13.63" pos="141.02" lane="1/1to0/1_0" slope="0.00"/>
        <vehicle id="1" x="198.35" y="147.16" angle="0.00" type="DEFAULT_VEHTYPE" speed="13.20" pos="48.09" lane="1/1to1/0_0" slope="0.00"/>
        <vehicle id="11" x="486.50" y="401.65" angle="-90.00" type="DEFAULT_VEHTYPE" speed="13.44" pos="108.75" lane="3/2to2/2_0" slope="0.00"/>
        <vehicle id="12" x="67.70" y="198.35" angle="90.00" type="DEFAULT_VEHTYPE" speed="13.74" pos="67.70" lane="0/1to1/1_0" slope="0.00"/>
        <vehicle id="14" x="410.00" y="401.65" angle="-90.00" type="DEFAULT_VEHTYPE" speed="3.04" pos="185.25" lane="3/2to2/2_0" slope="0.00"/>
        <vehicle id="15" x="398.35" y="370.79" angle="0.00" type="DEFAULT_VEHTYPE" speed="12.26" pos="24.46" lane="2/2to2/1_0" slope="0.00"/>
        <vehicle id="16" x="105.52" y="201.65" angle="-90.00" type="DEFAULT_VEHTYPE" speed="13.40" pos="89.73" lane="1/1to0/1_0" slope="0.00"/>
        <vehicle id="17" x="383.03" y="598.35" angle="90.00" type="DEFAULT_VEHTYPE" speed="7.75" pos="178.28" lane="1/3to2/3_0" slope="0.00"/>
        <vehicle id="18" x="378.65" y="398.35" angle="90.00" type="DEFAULT_VEHTYPE" speed="10.80" pos="173.90" lane="1/2to2/2_0" slope="0.00"/>
        <vehicle id="19" x="592.70" y="198.35" angle="90.00" type="DEFAULT_VEHTYPE" speed="0.16" pos="187.95" lane="2/1to3/1_0" slope="0.00"/>
        <vehicle id="2" x="198.35" y="362.35" angle="0.00" type="DEFAULT_VEHTYPE" speed="13.07" pos="32.90" lane="1/2to1/1_0" slope="0.00"/>
        <vehicle id="20" x="609.97" y="201.65" angle="-90.00" type="DEFAULT_VEHTYPE" speed="2.52" pos="190.03" lane="4/1to3/1_0" slope="0.00"/>
        <vehicle id="21" x="229.44" y="401.65" angle="-90.00" type="DEFAULT_VEHTYPE" speed="13.41" pos="165.81" lane="2/2to1/2_0" slope="0.00"/>
        <vehicle id="22" x="551.37" y="401.65" angle="-90.00" type="DEFAULT_VEHTYPE" speed="12.61" pos="43.88" lane="3/2to2/2_0" slope="0.00"/>
        <vehicle id="23" x="417.14" y="198.35" angle="90.00" type="DEFAULT_VEHTYPE" speed="13.52" pos="12.39" lane="2/1to3/1_0" slope="0.00"/>
        <vehicle id="24" x="271.27" y="401.65" angle="-90.00" type="DEFAULT_VEHTYPE" speed="12.92" pos="123.98" lane="2/2to1/2_0" slope="0.00"/>
        <vehicle id="3" x="103.18" y="198.35" angle="90.00" type="DEFAULT_VEHTYPE" speed="13.40" pos="103.18" lane="0/1to1/1_0" slope="0.00"/>
        <vehicle id="4" x="190.29" y="198.35" angle="90.00" type="DEFAULT_VEHTYPE" speed="3.49" pos="190.29" lane="0/1to1/1_0" slope="0.00"/>
        <vehicle id="5" x="201.65" y="527.65" angle="180.00" type="DEFAULT_VEHTYPE" speed="13.44" pos="122.90" lane="1/2to1/3_0" slope="0.00"/>
        <vehicle id="6" x="198.35" y="327.47" angle="0.00" type="DEFAULT_VEHTYPE" speed="12.72" pos="67.78" lane="1/2to1/1_0" slope="0.00"/>
        <vehicle id="7" x="255.53" y="201.65" angle="-90.00" type="DEFAULT_VEHTYPE" speed="13.54" pos="139.72" lane="2/1to1/1_0" slope="0.00"/>
        <vehicle id="8" x="5.10" y="198.35" angle="90.00" type="DEFAULT_VEHTYPE" speed="13.17" pos="5.10" lane="0/1to1/1_0" slope="0.00"/>
        <vehicle id="9" x="480.28" y="198.35" angle="90.00" type="DEFAULT_VEHTYPE" speed="13.17" pos="75.53" lane="2/1to3/1_0" slope="0.00"/>
    </timestep>
    <timestep time="424.00">
        <vehicle id="0" x="40.55" y="201.65" angle="-90.00" type="DEFAULT_VEHTYPE" speed="13.68" pos="154.70" lane="1/1to0/1_0" slope="0.00"/>
        <vehicle id="1" x="198.35" y="133.95" angle="0.00" type="DEFAULT_VEHTYPE" speed="13.21" pos="61.30" lane="1/1to1/0_0" slope="0.00"/>
        <vehicle id="11" x="472.64" y="401.65" angle="-90.00" type="DEFAULT_VEHTYPE" speed="13.86" pos="122.61" lane="3/2to2/2_0" slope="0.00"/>
        <vehicle id="12" x="81.22" y="198.35" angle="90.00" type="DEFAULT_VEHTYPE" speed="13.52" pos="81.22" lane="0/1to1/1_0" slope="0.00"/>
        <vehicle id="14" x="404.44" y="401.65" angle="-90.00" type="DEFAULT_VEHTYPE" speed="5.55" pos="0.31" lane=":2/2_5_0" slope="0.00"/>
        <vehicle id="15" x="398.35" y="357.34" angle="0.00" type="DEFAULT_VEHTYPE" speed="13.45" pos="37.91" lane="2/2to2/1_0" slope="0.00"/>
        <vehicle id="16" x="92.90" y="201.65" angle="-90.00" type="DEFAULT_VEHTYPE" speed="12.62" pos="102.35" lane="1/1to0/1_0" slope="0.00"/>
        <vehicle id="17" x="387.74" y="598.35" angle="90.00" type="DEFAULT_VEHTYPE" speed="4.71" pos="182.99" lane="1/3to2/3_0" slope="0.00"/>
        <vehicle id="18" x="386.10" y="398.35" angle="90.00" type="DEFAULT_VEHTYPE" speed="7.46" pos="181.35" lane="1/2to2/2_0" slope="0.00"/>
        <vehicle id="19" x="592.75" y="198.35" angle="90.00" type="DEFAULT_VEHTYPE" speed="0.04" pos="188.00" lane="2/1to3/1_0" slope="0.00"/>
        <vehicle id="2" x="198.35" y="348.59" angle="0.00" type="DEFAULT_VEHTYPE" speed="13.76" pos="46.66" lane="1/2to1/1_0" slope="0.00"/>
        <vehicle id="20" x="605.36" y="201.65" angle="-90.00" type="DEFAULT_VEHTYPE" speed="4.61" pos="194.64" lane="4/1to3/1_0" slope="0.00"/>
        <vehicle id="21" x="219.76" y="401.65" angle="-90.00" type="DEFAULT_VEHTYPE" speed="9.69" pos="175.49" lane="2/2to1/2_0" slope="0.00"/>
        <vehicle id="22" x="537.95" y="401.65" angle="-90.00" type="DEFAULT_VEHTYPE" speed="13.42" pos="57.30" lane="3/2to2/2_0" slope="0.00"/>
        <vehicle id="23" x="430.59" y="198.35" angle="90.00" type="DEFAULT_VEHTYPE" speed="13.44" pos="25.84" lane="2/1to3/1_0" slope="0.00"/>
        <vehicle id="24" x="258.30" y="401.65" angle="-90.00" type="DEFAULT_VEHTYPE" speed="12.97" pos="136.95" lane="2/2to1/2_0" slope="0.00"/>
        <vehicle id="3" x="115.80" y="198.35" angle="90.00" type="DEFAULT_VEHTYPE" speed="12.62" pos="115.80" lane="0/1to1/1_0" slope="0.00"/>
        <vehicle id="4" x="195.60" y="198.30" angle="89.44" type="DEFAULT_VEHTYPE" speed="5.31" pos="0.35" lane=":1/1_12_0" slope="0.00"/>
        <vehicle id="5" x="201.65" y="540.40" angle="180.00" type="DEFAULT_VEHTYPE" speed="12.75" pos="135.65" lane="1/2to1/3_0" slope="0.00"/>
        <vehicle id="6" x="198.35" y="313.71" angle="0.00" type="DEFAULT_VEHTYPE" speed="13.76" pos="81.54" lane="1/2to1/1_0" slope="0.00"/>
        <vehicle id="7" x="242.37" y="201.65" angle="-90.00" type="DEFAULT_VEHTYPE" speed="13.16" pos="152.88" lane="2/1to1/1_0" slope="0.00"/>
        <vehicle id="8" x="18.94" y="198.35" angle="90.00" type="DEFAULT_VEHTYPE" speed="13.85" pos="18.94" lane="0/1to1/1_0" slope="0.00"/>
        <vehicle id="9" x="493.12" y="198.35" angle="90.00" type="DEFAULT_VEHTYPE" speed="12.84" pos="88.37" lane="2/1to3/1_0" slope="0.00"/>
    </timestep>
    <timestep time="425.00">
        <vehicle id="0" x="27.77" y="201.65" angle="-90.00" type="DEFAULT_VEHTYPE" speed="12.77" pos="167.48" lane="1/1to0/1_0" slope="0.00"/>
        <vehicle id="1" x="198.35" y="121.30" angle="0.00" type="DEFAULT_VEHTYPE" speed="12.65" pos="73.95" lane="1/1to1/0_0" slope="0.00"/>
        <vehicle id="11" x="458.77" y="401.65" angle="-90.00" type="DEFAULT_VEHTYPE" speed="13.87" pos="136.48" lane="3/2to2/2_0" slope="0.00"/>
        <vehicle id="12" x="94.99" y="198.35" angle="90.00" type="DEFAULT_VEHTYPE" speed="13.77" pos="94.99" lane="0/1to1/1_0" slope="0.00"/>
        <vehicle id="14" x="397.11" y="401.65" angle="-90.00" type="DEFAULT_VEHTYPE" speed="7.33" pos="7.64" lane=":2/2_5_0" slope="0.00"/>
        <vehicle id="15" x="398.35" y="344.19" angle="0.00" type="DEFAULT_VEHTYPE" speed="13.16" pos="51.06" lane="2/2to2/1_0" slope="0.00"/>
        <vehicle id="16" x="79.51" y="201.65" angle="-90.00" type="DEFAULT_VEHTYPE" speed="13.38" pos="115.74" lane="1/1to0/1_0" slope="0.00"/>
        <vehicle id="17" x="391.03" y="598.35" angle="90.00" type="DEFAULT_VEHTYPE" speed="3.29" pos="186.28" lane="1/3to2/3_0" slope="0.00"/>
        <vehicle id="18" x="389.48" y="398.35" angle="90.00" type="DEFAULT_VEHTYPE" speed="3.38" pos="184.73" lane="1/2to2/2_0" slope="0.00"/>
        <vehicle id="19" x="592.75" y="198.35" angle="90.00" type="DEFAULT_VEHTYPE" speed="0.00" pos="188.00" lane="2/1to3/1_0" slope="0.00"/>
        <vehicle id="2" x="198.35" y="335.75" angle="0.00" type="DEFAULT_VEHTYPE" speed="12.84" pos="59.50" lane="1/2to1/1_0" slope="0.00"/>
        <vehicle id="20" x="601.65" y="206.07" angle="-157.10" type="DEFAULT_VEHTYPE" speed="6.93" pos="1.32" lane="3/1to3/2_0" slope="0.00"/>
        <vehicle id="21" x="212.80" y="401.65" angle="-90.00" type="DEFAULT_VEHTYPE" speed="6.96" pos="182.45" lane="2/2to1/2_0" slope="0.00"/>
        <vehicle id="22" x="524.71" y="401.65" angle="-90.00" type="DEFAULT_VEHTYPE" speed="13.25" pos="70.54" lane="3/2to2/2_0" slope="0.00"/>
        <vehicle id="23" x="444.16" y="198.35" angle="90.00" type="DEFAULT_VEHTYPE" speed="13.57" pos="39.41" lane="2/1to3/1_0" slope="0.00"/>
        <vehicle id="24" x="244.94" y="401.65" angle="-90.00" type="DEFAULT_VEHTYPE" speed="13.36" pos="150.31" lane="2/2to1/2_0" slope="0.00"/>
        <vehicle id="3" x="129.13" y="198.35" angle="90.00" type="DEFAULT_VEHTYPE" speed="13.33" pos="129.13" lane="0/1to1/1_0" slope="0.00"/>
        <vehicle id="4" x="198.35" y="192.09" angle="5.01" type="DEFAULT_VEHTYPE" speed="7.81" pos="3.16" lane="1/1to1/0_0" slope="0.00"/>
        <vehicle id="5" x="201.65" y="553.29" angle="180.00" type="DEFAULT_VEHTYPE" speed="12.90" pos="148.54" lane="1/2to1/3_0" slope="0.00"/>
        <vehicle id="6" x="198.35" y="300.31" angle="0.00" type="DEFAULT_VEHTYPE" speed="13.40" pos="94.94" lane="1/2to1/1_0" slope="0.00"/>
        <vehicle id="7" x="229.75" y="201.65" angle="-90.00" type="DEFAULT_VEHTYPE" speed="12.62" pos="165.50" lane="2/1to1/1_0" slope="0.00"/>
        <vehicle id="8" x="31.78" y="198.35" angle="90.00" type="DEFAULT_VEHTYPE" speed="12.84" pos="31.78" lane="0/1to1/1_0" slope="0.00"/>
        <vehicle id="9" x="506.10" y="198.35" angle="90.00" type="DEFAULT_VEHTYPE" speed="12.98" pos="101.35" lane="2/1to3/1_0" slope="0.00"/>
    </timestep>
    <timestep time="426.00">
        <vehicle id="0" x="15.03" y="201.65" angle="-90.00" type="DEFAULT_VEHTYPE" speed="12.74" pos="180.22" lane="1/1to0/1_0" slope="0.00"/>
        <vehicle id="1" x="198.35" y="108.60" angle="0.00" type="DEFAULT_VEHTYPE" speed="12.70" pos="86.65" lane="1/1to1/0_0" slope="0.00"/>
        <vehicle id="11" x="445.75" y="401.65" angle="-90.00" type="DEFAULT_VEHTYPE" speed="13.02" pos="149.50" lane="3/2to2/2_0" slope="0.00"/>
        <vehicle id="12" x="107.96" y="198.35" angle="90.00" type="DEFAULT_VEHTYPE" speed="12.97" pos="107.96" lane="0/1to1/1_0" slope="0.00"/>
        <vehicle id="14" x="387.83" y="401.65" angle="-90.00" type="DEFAULT_VEHTYPE" speed="9.28" pos="7.42" lane="2/2to1/2_0" slope="0.00"/>
        <vehicle id="15" x="398.35" y="330.39" angle="0.00" type="DEFAULT_VEHTYPE" speed="13.80" pos="64.86" lane="2/2to2/1_0" slope="0.00"/>
        <vehicle id="16" x="65.72" y="201.65" angle="-90.00" type="DEFAULT_VEHTYPE" speed="13.79" pos="129.53" lane="1/1to0/1_0" slope="0.00"/>
        <vehicle id="17" x="396.27" y="598.50" angle="91.67" type="DEFAULT_VEHTYPE" speed="5.25" pos="1.03" lane=":2/3_14_0" slope="0.00"/>
        <vehicle id="18" x="394.67" y="398.35" angle="90.00" type="DEFAULT_VEHTYPE" speed="5.19" pos="189.92" lane="1/2to2/2_0" slope="0.00"/>
        <vehicle id="19" x="592.75" y="198.35" angle="90.00" type="DEFAULT_VEHTYPE" speed="0.00" pos="188.00" lane="2/1to3/1_0" slope="0.00"/>
        <vehicle id="2" x="198.35" y="322.71" angle="0.00" type="DEFAULT_VEHTYPE" speed="13.04" pos="72.54" lane="1/2to1/1_0" slope="0.00"/>
        <vehicle id="20" x="601.65" y="215.30" angle="180.00" type="DEFAULT_VEHTYPE" speed="9.23" pos="10.55" lane="3/1to3/2_0" slope="0.00"/>
        <vehicle id="21" x="209.82" y="401.65" angle="-90.00" type="DEFAULT_VEHTYPE" speed="2.98" pos="185.43" lane="2/2to1/2_0" slope="0.00"/>
        <vehicle id="22" x="511.76" y="401.65" angle="-90.00" type="DEFAULT_VEHTYPE" speed="12.95" pos="83.49" lane="3/2to2/2_0" slope="0.00"/>
        <vehicle id="23" x="457.07" y="198.35" angle="90.00" type="DEFAULT_VEHTYPE" speed="12.91" pos="52.32" lane="2/1to3/1_0" slope="0.00"/>
        <vehicle id="24" x="231.76" y="401.65" angle="-90.00" type="DEFAULT_VEHTYPE" speed="13.17" pos="163.49" lane="2/2to1/2_0" slope="0.00"/>
        <vehicle id="3" x="142.00" y="198.35" angle="90.00" type="DEFAULT_VEHTYPE" speed="12.87" pos="142.00" lane="0/1to1/1_0" slope="0.00"/>
        <vehicle id="4" x="198.35" y="182.36" angle="0.00" type="DEFAULT_VEHTYPE" speed="9.72" pos="12.89" lane="1/1to1/0_0" slope="0.00"/>
        <vehicle id="5" x="201.65" y="566.16" angle="180.00" type="DEFAULT_VEHTYPE" speed="12.86" pos="161.41" lane="1/2to1/3_0" slope="0.00"/>
        <vehicle id="6" x="198.35" y="286.58" angle="0.00" type="DEFAULT_VEHTYPE" speed="13.73" pos="108.67" lane="1/2to1/1_0" slope="0.00"/>
        <vehicle id="7" x="220.31" y="201.65" angle="-90.00" type="DEFAULT_VEHTYPE" speed="9.44" pos="174.94" lane="2/1to1/1_0" slope="0.00"/>
        <vehicle id="8" x="45.45" y="198.35" angle="90.00" type="DEFAULT_VEHTYPE" speed="13.66" pos="45.45" lane="0/1to1/1_0" slope="0.00"/>
        <vehicle id="9" x="519.68" y="198.35" angle="90.00" type="DEFAULT_VEHTYPE" speed="13.58" pos="114.93" lane="2/1to3/1_0" slope="0.00"/>
    </timestep>
    <timestep time="427.00">
        <vehicle id="0" x="1.60" y="201.65" angle="-90.00" type="DEFAULT_VEHTYPE" speed="13.43" pos="193.65" lane="1/1to0/1_0" slope="0.00"/>
        <vehicle id="1" x="198.35" y="94.98" angle="0.00" type="DEFAULT_VEHTYPE" speed="13.61" pos="100.27" lane="1/1to1/0_0" slope="0.00"/>
        <vehicle id="11" x="433.08" y="401.65" angle="-90.00" type="DEFAULT_VEHTYPE" speed="12.68" pos="162.17" lane="3/2to2/2_0" slope="0.00"/>
        <vehicle id="12" x="121.37" y="198.35" angle="90.00" type="DEFAULT_VEHTYPE" speed="13.41" pos="121.37" lane="0/1to1/1_0" slope="0.00"/>
        <vehicle id="14" x="376.91" y="401.65" angle="-90.00" type="DEFAULT_VEHTYPE" speed="10.91" pos="18.34" lane="2/2to1/2_0" slope="0.00"/>
        <vehicle id="15" x="398.35" y="316.73" angle="0.00" type="DEFAULT_VEHTYPE" speed="13.66" pos="78.52" lane="2/2to2/1_0" slope="0.00"/>
        <vehicle id="16" x="51.95" y="201.65" angle="-90.00" type="DEFAULT_VEHTYPE" speed="13.77" pos="143.30" lane="1/1to0/1_0" slope="0.00"/>
        <vehicle id="17" x="401.43" y="603.20" angle="146.92" type="DEFAULT_VEHTYPE" speed="7.72" pos="8.75" lane=":2/3_14_0" slope="0.00"/>
        <vehicle id="18" x="398.35" y="394.32" angle="29.24" type="DEFAULT_VEHTYPE" speed="6.50" pos="0.93" lane="2/2to2/1_0" slope="0.00"/>
        <vehicle id="19" x="595.24" y="198.35" angle="90.00" type="DEFAULT_VEHTYPE" speed="2.49" pos="190.49" lane="2/1to3/1_0" slope="0.00"/>
        <vehicle id="2" x="198.35" y="309.40" angle="0.00" type="DEFAULT_VEHTYPE" speed="13.31" pos="85.85" lane="1/2to1/1_0" slope="0.00"/>
        <vehicle id="20" x="601.65" y="227.07" angle="180.00" type="DEFAULT_VEHTYPE" speed="11.77" pos="22.32" lane="3/1to3/2_0" slope="0.00"/>
        <vehicle id="21" x="204.83" y="401.65" angle="-90.00" type="DEFAULT_VEHTYPE" speed="4.98" pos="190.42" lane="2/2to1/2_0" slope="0.00"/>
        <vehicle id="22" x="498.84" y="401.65" angle="-90.00" type="DEFAULT_VEHTYPE" speed="12.91" pos="96.41" lane="3/2to2/2_0" slope="0.00"/>
        <vehicle id="23" x="470.32" y="198.35" angle="90.00" type="DEFAULT_VEHTYPE" speed="13.25" pos="65.57" lane="2/1to3/1_0" slope="0.00"/>
        <vehicle id="24" x="223.09" y="401.65" angle="-90.00" type="DEFAULT_VEHTYPE" speed="8.67" pos="172.16" lane="2/2to1/2_0" slope="0.00"/>
        <vehicle id="3" x="155.61" y="198.35" angle="90.00" type="DEFAULT_VEHTYPE" speed="13.61" pos="155.61" lane="0/1to1/1_0" slope="0.00"/>
        <vehicle id="4" x="198.35" y="170.18" angle="0.00" type="DEFAULT_VEHTYPE" speed="12.18" pos="25.07" lane="1/1to1/0_0" slope="0.00"/>
        <vehicle id="5" x="201.65" y="578.88" angle="180.00" type="DEFAULT_VEHTYPE" speed="12.72" pos="174.13" lane="1/2to1/3_0" slope="0.00"/>
        <vehicle id="6" x="198.35" y="273.42" angle="0.00" type="DEFAULT_VEHTYPE" speed="13.16" pos="121.83" lane="1/2to1/1_0" slope="0.00"/>
        <vehicle id="7" x="213.07" y="201.65" angle="-90.00" type="DEFAULT_VEHTYPE" speed="7.24" pos="182.18" lane="2/1to1/1_0" slope="0.00"/>
        <vehicle id="8" x="59.02" y="198.35" angle="90.00" type="DEFAULT_VEHTYPE" speed="13.57" pos="59.02" lane="0/1to1/1_0" slope="0.00"/>
        <vehicle id="9" x="533.53" y="198.35" angle="90.00" type="DEFAULT_VEHTYPE" speed="13.85" pos="128.78" lane="2/1to3/1_0" slope="0.00"/>
    </timestep>
    <timestep time="428.00">
        <vehicle id="0" x="6.56" y="198.35" angle="90.00" type="DEFAULT_VEHTYPE" speed="12.98" pos="6.56" lane="0/1to1/1_0" slope="0.00"/>
        <vehicle id="1" x="198.35" y="81.18" angle="0.00" type="DEFAULT_VEHTYPE" speed="13.81" pos="114.07" lane="1/1to1/0_0" slope="0.00"/>
        <vehicle id="11" x="422.29" y="401.65" angle="-90.00" type="DEFAULT_VEHTYPE" speed="10.79" pos="172.96" lane="3/2to2/2_0" slope="0.00"/>
        <vehicle id="12" x="134.76" y="198.35" angle="90.00" type="DEFAULT_VEHTYPE" speed="13.38" pos="134.76" lane="0/1to1/1_0" slope="0.00"/>
        <vehicle id="14" x="364.52" y="401.65" angle="-90.00" type="DEFAULT_VEHTYPE" speed="12.40" pos="30.73" lane="2/2to1/2_0" slope="0.00"/>
        <vehicle id="15" x="398.35" y="303.69" angle="0.00" type="DEFAULT_VEHTYPE" speed="13.04" pos="91.56" lane="2/2to2/1_0" slope="0.00"/>
        <vehicle id="16" x="39.27" y="201.65" angle="-90.00" type="DEFAULT_VEHTYPE" speed="12.68" pos="155.98" lane="1/1to0/1_0" slope="0.00"/>
        <vehicle id="17" x="401.65" y="612.48" angle="180.00" type="DEFAULT_VEHTYPE" speed="9.29" pos="7.73" lane="2/3to2/4_0" slope="0.00"/>
        <vehicle id="18" x="398.35" y="385.38" angle="0.00" type="DEFAULT_VEHTYPE" speed="8.94" pos="9.87" lane="2/2to2/1_0" slope="0.00"/>
        <vehicle id="19" x="599.68" y="199.73" angle="106.33" type="DEFAULT_VEHTYPE" speed="4.74" pos="4.73" lane=":3/1_14_0" slope="0.00"/>
        <vehicle id="2" x="198.35" y="295.92" angle="0.00" type="DEFAULT_VEHTYPE" speed="13.48" pos="99.33" lane="1/2to1/1_0" slope="0.00"/>
        <vehicle id="20" x="601.65" y="240.51" angle="180.00" type="DEFAULT_VEHTYPE" speed="13.44" pos="35.76" lane="3/1to3/2_0" slope="0.00"/>
        <vehicle id="21" x="199.02" y="398.50" angle="-52.80" type="DEFAULT_VEHTYPE" speed="7.05" pos="6.97" lane=":1/2_6_0" slope="0.00"/>
        <vehicle id="22" x="485.18" y="401.65" angle="-90.00" type="DEFAULT_VEHTYPE" speed="13.67" pos="110.07" lane="3/2to2/2_0" slope="0.00"/>
        <vehicle id="23" x="483.98" y="198.35" angle="90.00" type="DEFAULT_VEHTYPE" speed="13.65" pos="79.23" lane="2/1to3/1_0" slope="0.00"/>
        <vehicle id="24" x="216.58" y="401.65" angle="-90.00" type="DEFAULT_VEHTYPE" speed="6.51" pos="178.67" lane="2/2to1/2_0" slope="0.00"/>
        <vehicle id="3" x="169.11" y="198.35" angle="90.00" type="DEFAULT_VEHTYPE" speed="13.50" pos="169.11" lane="0/1to1/1_0" slope="0.00"/>
        <vehicle id="4" x="198.35" y="156.45" angle="0.00" type="DEFAULT_VEHTYPE" speed="13.73" pos="38.80" lane="1/1to1/0_0" slope="0.00"/>
        <vehicle id="5" x="201.65" y="591.55" angle="180.00" type="DEFAULT_VEHTYPE" speed="12.67" pos="186.80" lane="1/2to1/3_0" slope="0.00"/>
        <vehicle id="6" x="198.35" y="260.36" angle="0.00" type="DEFAULT_VEHTYPE" speed="13.06" pos="134.89" lane="1/2to1/1_0" slope="0.00"/>
        <vehicle id="7" x="209.07" y="201.65" angle="-90.00" type="DEFAULT_VEHTYPE" speed="4.01" pos="186.18" lane="2/1to1/1_0" slope="0.00"/>
        <vehicle id="8" x="72.89" y="198.35" angle="90.00" type="DEFAULT_VEHTYPE" speed="13.87" pos="72.89" lane="0/1to1/1_0" slope="0.00"/>
        <vehicle id="9" x="546.58" y="198.35" angle="90.00" type="DEFAULT_VEHTYPE" speed="13.05" pos="141.83" lane="2/1to3/1_0" slope="0.00"/>
    </timestep>
    <timestep time="429.00">
        <vehicle id="0" x="20.00" y="198.35" angle="90.00" type="DEFAULT_VEHTYPE" speed="13.45" pos="20.00" lane="0/1to1/1_0" slope="0.00"/>
        <vehicle id="1" x="198.35" y="68.56" angle="0.00" type="DEFAULT_VEHTYPE" speed="12.62" pos="126.69" lane="1/1to1/0_0" slope="0.00"/>
        <vehicle id="11" x="415.27" y="401.65" angle="-90.00" type="DEFAULT_VEHTYPE" speed="7.02" pos="179.98" lane="3/2to2/2_0" slope="0.00"/>
        <vehicle id="12" x="147.85" y="198.35" angle="90.00" type="DEFAULT_VEHTYPE" speed="13.09" pos="147.85" lane="0/1to1/1_0" slope="0.00"/>
        <vehicle id="14" x="351.13" y="401.65" angle="-90.00" type="DEFAULT_VEHTYPE" speed="13.39" pos="44.12" lane="2/2to1/2_0" slope="0.00"/>
        <vehicle id="15" x="398.35" y="290.29" angle="0.00" type="DEFAULT_VEHTYPE" speed="13.40" pos="104.96" lane="2/2to2/1_0" slope="0.00"/>
        <vehicle id="16" x="25.97" y="201.65" angle="-90.00" type="DEFAULT_VEHTYPE" speed="13.30" pos="169.28" lane="1/1to0/1_0" slope="0.00"/>
        <vehicle id="17" x="401.65" y="623.88" angle="180.00" type="DEFAULT_VEHTYPE" speed="11.40" pos="19.13" lane="2/3to2/4_0" slope="0.00"/>
        <vehicle id="18" x="398.35" y="374.93" angle="0.00" type="DEFAULT_VEHTYPE" speed="10.45" pos="20.32" lane="2/2to2/1_0" slope="0.00"/>
        <vehicle id="19" x="601.65" y="206.12" angle="170.50" type="DEFAULT_VEHTYPE" speed="6.96" pos="1.37" lane="3/1to3/2_0" slope="0.00"/>
        <vehicle id="2" x="198.35" y="282.16" angle="0.00" type="DEFAULT_VEHTYPE" speed="13.76" pos="113.09" lane="1/2to1/1_0" slope="0.00"/>
        <vehicle id="20" x="601.65" y="254.39" angle="180.00" type="DEFAULT_VEHTYPE" speed="13.87" pos="49.64" lane="3/1to3/2_0" slope="0.00"/>
        <vehicle id="21" x="198.35" y="389.14" angle="0.00" type="DEFAULT_VEHTYPE" speed="9.47" pos="6.11" lane="1/2to1/1_0" slope="0.00"/>
        <vehicle id="22" x="471.41" y="401.65" angle="-90.00" type="DEFAULT_VEHTYPE" speed="13.77" pos="123.84" lane="3/2to2/2_0" slope="0.00"/>
        <vehicle id="23" x="496.84" y="198.35" angle="90.00" type="DEFAULT_VEHTYPE" speed="12.86" pos="92.09" lane="2/1to3/1_0" slope="0.00"/>
        <vehicle id="24" x="211.94" y="401.65" angle="-90.00" type="DEFAULT_VEHTYPE" speed="4.64" pos="183.31" lane="2/2to1/2_0" slope="0.00"/>
        <vehicle id="3" x="179.37" y="198.35" angle="90.00" type="DEFAULT_VEHTYPE" speed="10.26" pos="179.37" lane="0/1to1/1_0" slope="0.00"/>
        <vehicle id="4" x="198.35" y="142.80" angle="0.00" type="DEFAULT_VEHTYPE" speed="13.65" pos="52.45" lane="1/1to1/0_0" slope="0.00"/>
        <vehicle id="5" x="209.61" y="598.35" angle="90.22" type="DEFAULT_VEHTYPE" speed="13.57" pos="4.86" lane="1/3to2/3_0" slope="0.00"/>
        <vehicle id="6" x="198.35" y="246.88" angle="0.00" type="DEFAULT_VEHTYPE" speed="13.48" pos="148.37" lane="1/2to1/1_0" slope="0.00"/>
        <vehicle id="7" x="202.89" y="202.15" angle="-95.77" type="DEFAULT_VEHTYPE" speed="6.28" pos="1.96" lane=":1/1_4_0" slope="0.00"/>
        <vehicle id="8" x="86.10" y="198.35" angle="90.00" type="DEFAULT_VEHTYPE" speed="13.21" pos="86.10" lane="0/1to1/1_0" slope="0.00"/>
        <vehicle id="9" x="560.18" y="198.35" angle="90.00" type="DEFAULT_VEHTYPE" speed="13.60" pos="155.43" lane="2/1to3/1_0" slope="0.00"/>
    </timestep>
    <timestep time="430.00">
        <vehicle id="0" x="33.48" y="198.35" angle="90.00" type="DEFAULT_VEHTYPE" speed="13.48" pos="33.48" lane="0/1to1/1_0" slope="0.00"/>
        <vehicle id="1" x="198.35" y="55.72" angle="0.00" type="DEFAULT_VEHTYPE" speed="12.84" pos="139.53" lane="1/1to1/0_0" slope="0.00"/>
        <vehicle id="11" x="411.00" y="401.65" angle="-90.00" type="DEFAULT_VEHTYPE" speed="4.27" pos="184.25" lane="3/2to2/2_0" slope="0.00"/>
        <vehicle id="12" x="160.66" y="198.35" angle="90.00" type="DEFAULT_VEHTYPE" speed="12.81" pos="160.66" lane="0/1to1/1_0" slope="0.00"/>
        <vehicle id="14" x="338.43" y="401.65" angle="-90.00" type="DEFAULT_VEHTYPE" speed="12.70" pos="56.82" lane="2/2to1/2_0" slope="0.00"/>
        <vehicle id="15" x="398.35" y="277.61" angle="0.00" type="DEFAULT_VEHTYPE" speed="12.68" pos="117.64" lane="2/2to2/1_0" slope="0.00"/>
        <vehicle id="16" x="12.67" y="201.65" angle="-90.00" type="DEFAULT_VEHTYPE" speed="13.29" pos="182.58" lane="1/1to0/1_0" slope="0.00"/>
        <vehicle id="17" x="401.65" y="636.81" angle="180.00" type="DEFAULT_VEHTYPE" speed="12.93" pos="32.06" lane="2/3to2/4_0" slope="0.00"/>
        <vehicle id="18" x="398.35" y="363.05" angle="0.00" type="DEFAULT_VEHTYPE" speed="11.88" pos="32.20" lane="2/2to2/1_0" slope="0.00"/>
        <vehicle id="19" x="601.65" y="214.48" angle="180.00" type="DEFAULT_VEHTYPE" speed="8.36" pos="9.73" lane="3/1to3/2_0" slope="0.00"/>
        <vehicle id="2" x="198.35" y="268.55" angle="0.00" type="DEFAULT_VEHTYPE" speed="13.61" pos="126.70" lane="1/2to1/1_0" slope="0.00"/>
        <vehicle id="20" x="601.65" y="267.17" angle="180.00" type="DEFAULT_VEHTYPE" speed="12.78" pos="62.42" lane="3/1to3/2_0" slope="0.00"/>
        <vehicle id="21" x="198.35" y="377.23" angle="0.00" type="DEFAULT_VEHTYPE" speed="11.91" pos="18.02" lane="1/2to1/1_0" slope="0.00"/>
        <vehicle id="22" x="457.92" y="401.65" angle="-90.00" type="DEFAULT_VEHTYPE" speed="13.49" pos="137.33" lane="3/2to2/2_0" slope="0.00"/>
        <vehicle id="23" x="509.59" y="198.35" angle="90.00" type="DEFAULT_VEHTYPE" speed="12.75" pos="104.84" lane="2/1to3/1_0" slope="0.00"/>
        <vehicle id="24" x="209.32" y="401.65" angle="-90.00" type="DEFAULT_VEHTYPE" speed="2.62" pos="185.93" lane="2/2to1/2_0" slope="0.00"/>
        <vehicle id="3" x="186.43" y="198.35" angle="90.00" type="DEFAULT_VEHTYPE" speed="7.06" pos="186.43" lane="0/1to1/1_0" slope="0.00"/>
        <vehicle id="4" x="198.35" y="129.78" angle="0.00" type="DEFAULT_VEHTYPE" speed="13.02" pos="65.47" lane="1/1to1/0_0" slope="0.00"/>
        <vehicle id="5" x="222.95" y="598.35" angle="90.00" type="DEFAULT_VEHTYPE" speed="13.34" pos="18.20" lane="1/3to2/3_0" slope="0.00"/>
        <vehicle id="6" x="198.35" y="233.13" angle="0.00" type="DEFAULT_VEHTYPE" speed="13.74" pos="162.12" lane="1/2to1/1_0" slope="0.00"/>
        <vehicle id="7" x="201.65" y="210.34" angle="180.00" type="DEFAULT_VEHTYPE" speed="8.63" pos="5.59" lane="1/1to1/2_0" slope="0.00"/>
        <vehicle id="8" x="99.41" y="198.35" angle="90.00" type="DEFAULT_VEHTYPE" speed="13.31" pos="99.41" lane="0/1to1/1_0" slope="0.00"/>
        <vehicle id="9" x="572.74" y="198.35" angle="90.00" type="DEFAULT_VEHTYPE" speed="12.56" pos="167.99" lane="2/1to3/1_0" slope="0.00"/>
    </timestep>
    <timestep time="431.00">
        <vehicle id="0" x="46.54" y="198.35" angle="90.00" type="DEFAULT_VEHTYPE" speed="13.06" pos="46.54" lane="0/1to1/1_0" slope="0.00"/>
        <vehicle id="1" x="198.35" y="42.89" angle="0.00" type="DEFAULT_VEHTYPE" speed="12.82" pos="152.36" lane="1/1to1/0_0" slope="0.00"/>
        <vehicle id="11" x="404.21" y="401.65" angle="-90.00" type="DEFAULT_VEHTYPE" speed="6.79" pos="0.54" lane=":2/2_5_0" slope="0.00"/>
        <vehicle id="12" x="170.67" y="198.35" angle="90.00" type="DEFAULT_VEHTYPE" speed="10.02" pos="170.67" lane="0/1to1/1_0" slope="0.00"/>
        <vehicle id="14" x="325.81" y="401.65" angle="-90.00" type="DEFAULT_VEHTYPE" speed="12.61" pos="69.44" lane="2/2to1/2_0" slope="0.00"/>
        <vehicle id="15" x="398.35" y="264.02" angle="0.00" type="DEFAULT_VEHTYPE" speed="13.59" pos="131.23" lane="2/2to2/1_0" slope="0.00"/>
        <vehicle id="16" x="-0.63" y="201.23" angle="-85.13" type="DEFAULT_VEHTYPE" speed="13.43" pos="0.75" lane=":0/1_0_0" slope="0.00"/>
        <vehicle id="17" x="401.65" y="649.85" angle="180.00" type="DEFAULT_VEHTYPE" speed="13.04" pos="45.10" lane="2/3to2/4_0" slope="0.00"/>
        <vehicle id="18" x="398.35" y="349.29" angle="0.00" type="DEFAULT_VEHTYPE" speed="13.76" pos="45.96" lane="2/2to2/1_0" slope="0.00"/>
        <vehicle id="19" x="601.65" y="224.25" angle="180.00" type="DEFAULT_VEHTYPE" speed="9.77" pos="19.50" lane="3/1to3/2_0" slope="0.00"/>
        <vehicle id="2" x="198.35" y="255.00" angle="0.00" type="DEFAULT_VEHTYPE" speed="13.55" pos="140.25" lane="1/2to1/1_0" slope="0.00"/>
        <vehicle id="20" x="601.65" y="281.01" angle="180.00" type="DEFAULT_VEHTYPE" speed="13.84" pos="76.26" lane="3/1to3/2_0" slope="0.00"/>
        <vehicle id="21" x="198.35" y="363.34" angle="0.00" type="DEFAULT_VEHTYPE" speed="13.89" pos="31.91" lane="1/2to1/1_0" slope="0.00"/>
        <vehicle id="22" x="445.21" y="401.65" angle="-90.00" type="DEFAULT_VEHTYPE" speed="12.70" pos="150.04" lane="3/2to2/2_0" slope="0.00"/>
        <vehicle id="23" x="523.37" y="198.35" angle="90.00" type="DEFAULT_VEHTYPE" speed="13.78" pos="118.62" lane="2/1to3/1_0" slope="0.00"/>
        <vehicle id="24" x="204.82" y="401.65" angle="-90.00" type="DEFAULT_VEHTYPE" speed="4.49" pos="190.43" lane="2/2to1/2_0" slope="0.00"/>
        <vehicle id="3" x="189.49" y="198.35" angle="90.00" type="DEFAULT_VEHTYPE" speed="3.06" pos="189.49" lane="0/1to1/1_0" slope="0.00"/>
        <vehicle id="4" x="198.35" y="116.38" angle="0.00" type="DEFAULT_VEHTYPE" speed="13.40" pos="78.87" lane="1/1to1/0_0" slope="0.00"/>
        <vehicle id="5" x="236.17" y="598.35" angle="90.00" type="DEFAULT_VEHTYPE" speed="13.22" pos="31.42" lane="1/3to2/3_0" slope="0.00"/>
        <vehicle id="6" x="198.35" y="219.57" angle="0.00" type="DEFAULT_VEHTYPE" speed="13.56" pos="175.68" lane="1/2to1/1_0" slope="0.00"/>
        <vehicle id="7" x="201.65" y="220.46" angle="180.00" type="DEFAULT_VEHTYPE" speed="10.11" pos="15.71" lane="1/1to1/2_0" slope="0.00"/>
        <vehicle id="8" x="113.14" y="198.35" angle="90.00" type="DEFAULT_VEHTYPE" speed="13.73" pos="113.14" lane="0/1to1/1_0" slope="0.00"/>
        <vehicle id="9" x="582.15" y="198.35" angle="90.00" type="DEFAULT_VEHTYPE" speed="9.41" pos="177.40" lane="2/1to3/1_0" slope="0.00"/>
    </timestep>
    <timestep time="432.00">
        <vehicle id="0" x="60.25" y="198.35" angle="90.00" type="DEFAULT_VEHTYPE" speed="13.70" pos="60.25" lane="0/1to1/1_0" slope="0.00"/>
        <vehicle id="1" x="198.35" y="29.95" angle="0.00" type="DEFAULT_VEHTYPE" speed="12.94" pos="165.30" lane="1/1to1/0_0" slope="0.00"/>
        <vehicle id="11" x="395.67" y="401.65" angle="-90.00" type="DEFAULT_VEHTYPE" speed="8.54" pos="9.08" lane=":2/2_5_0" slope="0.00"/>
        <vehicle id="12" x="177.08" y="198.35" angle="90.00" type="DEFAULT_VEHTYPE" speed="6.41" pos="177.08" lane="0/1to1/1_0" slope="0.00"/>
        <vehicle id="14" x="312.85" y="401.65" angle="-90.00" type="DEFAULT_VEHTYPE" speed="12.97" pos="82.40" lane="2/2to1/2_0" slope="0.00"/>
        <vehicle id="15" x="398.35" y="250.52" angle="0.00" type="DEFAULT_VEHTYPE" speed="13.50" pos="144.73" lane="2/2to2/1_0" slope="0.00"/>
        <vehicle id="16" x="8.76" y="198.35" angle="90.00" type="DEFAULT_VEHTYPE" speed="12.83" pos="8.76" lane="0/1to1/1_0" slope="0.00"/>
        <vehicle id="17" x="401.65" y="663.03" angle="180.00" type="DEFAULT_VEHTYPE" speed="13.18" pos="58.28" lane="2/3to2/4_0" slope="0.00"/>
        <vehicle id="18" x="398.35" y="335.57" angle="0.00" type="DEFAULT_VEHTYPE" speed="13.72" pos="59.68" lane="2/2to2/1_0" slope="0.00"/>
        <vehicle id="19" x="601.65" y="236.30" angle="180.00" type="DEFAULT_VEHTYPE" speed="12.05" pos="31.55" lane="3/1to3/2_0" slope="0.00"/>
        <vehicle id="2" x="198.35" y="241.24" angle="0.00" type="DEFAULT_VEHTYPE" speed="13.76" pos="154.01" lane="1/2to1/1_0" slope="0.00"/>
        <vehicle id="20" x="601.65" y="293.86" angle="180.00" type="DEFAULT_VEHTYPE" speed="12.85" pos="89.11" lane="3/1to3/2_0" slope="0.00"/>
        <vehicle id="21" x="198.35" y="349.76" angle="0.00" type="DEFAULT_VEHTYPE" speed="13.58" pos="45.49" lane="1/2to1/1_0" slope="0.00"/>
        <vehicle id="22" x="431.36" y="401.65" angle="-90.00" type="DEFAULT_VEHTYPE" speed="13.85" pos="163.89" lane="3/2to2/2_0" slope="0.00"/>
        <vehicle id="23" x="536.49" y="198.35" angle="90.00" type="DEFAULT_VEHTYPE" speed="13.12" pos="131.74" lane="2/1to3/1_0" slope="0.00"/>
        <vehicle id="24" x="199.32" y="399.00" angle="-58.86" type="DEFAULT_VEHTYPE" speed="6.46" pos="6.38" lane=":1/2_6_0" slope="0.00"/>
        <vehicle id="3" x="194.97" y="198.35" angle="90.00" type="DEFAULT_VEHTYPE" speed="5.48" pos="194.97" lane="0/1to1/1_0" slope="0.00"/>
        <vehicle id="4" x="198.35" y="102.98" angle="0.00" type="DEFAULT_VEHTYPE" speed="13.40" pos="92.27" lane="1/1to1/0_0" slope="0.00"/>
        <vehicle id="5" x="249.16" y="598.35" angle="90.00" type="DEFAULT_VEHTYPE" speed="12.99" pos="44.41" lane="1/3to2/3_0" slope="0.00"/>
        <vehicle id="6" x="198.35" y="206.53" angle="0.00" type="DEFAULT_VEHTYPE" speed="13.04" pos="188.72" lane="1/2to1/1_0" slope="0.00"/>
        <vehicle id="7" x="201.65" y="231.88" angle="180.00" type="DEFAULT_VEHTYPE" speed="11.42" pos="27.13" lane="1/1to1/2_0" slope="0.00"/>
        <vehicle id="8" x="126.51" y="198.35" angle="90.00" type="DEFAULT_VEHTYPE" speed="13.37" pos="126.51" lane="0/1to1/1_0" slope="0.00"/>
        <vehicle id="9" x="587.51" y="198.35" angle="90.00" type="DEFAULT_VEHTYPE" speed="5.36" pos="182.76" lane="2/1to3/1_0" slope="0.00"/>
    </timestep>
    <timestep time="433.00">
        <vehicle id="0" x="73.66" y="198.35" angle="90.00" type="DEFAULT_VEHTYPE" speed="13.42" pos="73.66" lane="0/1to1/1_0" slope="0.00"/>
        <vehicle id="1" x="198.35" y="17.09" angle="0.00" type="DEFAULT_VEHTYPE" speed="12.86" pos="178.16" lane="1/1to1/0_0" slope="0.00"/>
        <vehicle id="11" x="385.43" y="401.65" angle="-90.00" type="DEFAULT_VEHTYPE" speed="10.24" pos="9.82" lane="2/2to1/2_0" slope="0.00"/>
        <vehicle id="12" x="184.72" y="198.35" angle="90.00" type="DEFAULT_VEHTYPE" speed="7.64" pos="184.72" lane="0/1to1/1_0" slope="0.00"/>
        <vehicle id="14" x="299.19" y="401.65" angle="-90.00" type="DEFAULT_VEHTYPE" speed="13.66" pos="96.06" lane="2/2to1/2_0" slope="0.00"/>
        <vehicle id="15" x="398.35" y="237.09" angle="0.00" type="DEFAULT_VEHTYPE" speed="13.43" pos="158.16" lane="2/2to2/1_0" slope="0.00"/>
        <vehicle id="16" x="21.40" y="198.35" angle="90.00" type="DEFAULT_VEHTYPE" speed="12.63" pos="21.40" lane="0/1to1/1_0" slope="0.00"/>
        <vehicle id="17" x="401.65" y="676.74" angle="180.00" type="DEFAULT_VEHTYPE" speed="13.71" pos="71.99" lane="2/3to2/4_0" slope="0.00"/>
        <vehicle id="18" x="398.35" y="322.59" angle="0.00" type="DEFAULT_VEHTYPE" speed="12.98" pos="72.66" lane="2/2to2/1_0" slope="0.00"/>
        <vehicle id="19" x="601.65" y="249.30" angle="180.00" type="DEFAULT_VEHTYPE" speed="12.99" pos="44.55" lane="3/1to3/2_0" slope="0.00"/>
        <vehicle id="2" x="198.35" y="228.17" angle="0.00" type="DEFAULT_VEHTYPE" speed="13.07" pos="167.08" lane="1/2to1/1_0" slope="0.00"/>
        <vehicle id="20" x="601.65" y="306.86" angle="180.00" type="DEFAULT_VEHTYPE" speed="13.00" pos="102.11" lane="3/1to3/2_0" slope="0.00"/>
        <vehicle id="21" x="198.35" y="336.68" angle="0.00" type="DEFAULT_VEHTYPE" speed="13.08" pos="58.57" lane="1/2to1/1_0" slope="0.00"/>
        <vehicle id="22" x="420.53" y="401.65" angle="-90.00" type="DEFAULT_VEHTYPE" speed="10.84" pos="174.72" lane="3/2to2/2_0" slope="0.00"/>
        <vehicle id="23" x="549.59" y="198.35" angle="90.00" type="DEFAULT_VEHTYPE" speed="13.10" pos="144.84" lane="2/1to3/1_0" slope="0.00"/>
        <vehicle id="24" x="198.35" y="390.98" angle="-1.19" type="DEFAULT_VEHTYPE" speed="8.20" pos="4.27" lane="1/2to1/1_0" slope="0.00"/>
        <vehicle id="3" x="198.35" y="193.05" angle="12.40" type="DEFAULT_VEHTYPE" speed="7.48" pos="2.20" lane="1/1to1/0_0" slope="0.00"/>
        <vehicle id="4" x="198.35" y="90.25" angle="0.00" type="DEFAULT_VEHTYPE" speed="12.73" pos="105.00" lane="1/1to1/0_0" slope="0.00"/>
        <vehicle id="5" x="262.63" y="598.35" angle="90.00" type="DEFAULT_VEHTYPE" speed="13.47" pos="57.88" lane="1/3to2/3_0" slope="0.00"/>
        <vehicle id="6" x="188.65" y="201.65" angle="-90.00" type="DEFAULT_VEHTYPE" speed="13.38" pos="6.60" lane="1/1to0/1_0" slope="0.00"/>
        <vehicle id="7" x="201.65" y="245.54" angle="180.00" type="DEFAULT_VEHTYPE" speed="13.66" pos="40.79" lane="1/1to1/2_0" slope="0.00"/>
        <vehicle id="8" x="139.50" y="198.35" angle="90.00" type="DEFAULT_VEHTYPE" speed="12.99" pos="139.50" lane="0/1to1/1_0" slope="0.00"/>
        <vehicle id="9" x="590.51" y="198.35" angle="90.00" type="DEFAULT_VEHTYPE" speed="3.00" pos="185.76" lane="2/1to3/1_0" slope="0.00"/>
    </timestep>
    <timestep time="434.00">
        <vehicle id="0" x="86.72" y="198.35" angle="90.00" type="DEFAULT_VEHTYPE" speed="13.06" pos="86.72" lane="0/1to1/1_0" slope="0.00"/>
        <vehicle id="1" x="198.35" y="3.74" angle="0.00" type="DEFAULT_VEHTYPE" speed="13.35" pos="191.51" lane="1/1to1/0_0" slope="0.00"/>
        <vehicle id="11" x="373.79" y="401.65" angle="-90.00" type="DEFAULT_VEHTYPE" speed="11.64" pos="21.46" lane="2/2to1/2_0" slope="0.00"/>
        <vehicle id="12" x="189.51" y="198.35" angle="90.00" type="DEFAULT_VEHTYPE" speed="4.79" pos="189.51" lane="0/1to1/1_0" slope="0.00"/>
        <vehicle id="14" x="285.59" y="401.65" angle="-90.00" type="DEFAULT_VEHTYPE" speed="13.60" pos="109.66" lane="2/2to1/2_0" slope="0.00"/>
        <vehicle id="15" x="398.35" y="223.36" angle="0.00" type="DEFAULT_VEHTYPE" speed="13.73" pos="171.89" lane="2/2to2/1_0" slope="0.00"/>
        <vehicle id="16" x="34.47" y="198.35" angle="90.00" type="DEFAULT_VEHTYPE" speed="13.07" pos="34.47" lane="0/1to1/1_0" slope="0.00"/>
        <vehicle id="17" x="401.65" y="690.31" angle="180.00" type="DEFAULT_VEHTYPE" speed="13.57" pos="85.56" lane="2/3to2/4_0" slope="0.00"/>
        <vehicle id="18" x="398.35" y="309.37" angle="0.00" type="DEFAULT_VEHTYPE" speed="13.22" pos="85.88" lane="2/2to2/1_0" slope="0.00"/>
        <vehicle id="19" x="601.65" y="261.94" angle="180.00" type="DEFAULT_VEHTYPE" speed="12.65" pos="57.19" lane="3/1to3/2_0" slope="0.00"/>
        <vehicle id="2" x="198.35" y="214.43" angle="0.00" type="DEFAULT_VEHTYPE" speed="13.74" pos="180.82" lane="1/2to1/1_0" slope="0.00"/>
        <vehicle id="20" x="601.65" y="320.06" angle="180.00" type="DEFAULT_VEHTYPE" speed="13.20" pos="115.31" lane="3/1to3/2_0" slope="0.00"/>
        <vehicle id="21" x="198.35" y="323.39" angle="0.00" type="DEFAULT_VEHTYPE" speed="13.30" pos="71.86" lane="1/2to1/1_0" slope="0.00"/>
        <vehicle id="22" x="413.31" y="401.65" angle="-90.00" type="DEFAULT_VEHTYPE" speed="7.22" pos="181.94" lane="3/2to2/2_0" slope="0.00"/>
        <vehicle id="23" x="562.31" y="198.35" angle="90.00" type="DEFAULT_VEHTYPE" speed="12.72" pos="157.56" lane="2/1to3/1_0" slope="0.00"/>
        <vehicle id="24" x="198.35" y="381.14" angle="0.00" type="DEFAULT_VEHTYPE" speed="9.84" pos="14.11" lane="1/2to1/1_0" slope="0.00"/>
        <vehicle id="3" x="198.35" y="183.17" angle="0.00" type="DEFAULT_VEHTYPE" speed="9.88" pos="12.08" lane="1/1to1/0_0" slope="0.00"/>
        <vehicle id="4" x="198.35" y="77.39" angle="0.00" type="DEFAULT_VEHTYPE" speed="12.86" pos="117.86" lane="1/1to1/0_0" slope="0.00"/>
        <vehicle id="5" x="276.17" y="598.35" angle="90.00" type="DEFAULT_VEHTYPE" speed="13.54" pos="71.42" lane="1/3to2/3_0" slope="0.00"/>
        <vehicle id="6" x="175.14" y="201.65" angle="-90.00" type="DEFAULT_VEHTYPE" speed="13.51" pos="20.11" lane="1/1to0/1_0" slope="0.00"/>
        <vehicle id="7" x="201.65" y="258.76" angle="180.00" type="DEFAULT_VEHTYPE" speed="13.22" pos="54.01" lane="1/1to1/2_0" slope="0.00"/>
        <vehicle id="8" x="152.33" y="198.35" angle="90.00" type="DEFAULT_VEHTYPE" speed="12.83" pos="152.33" lane="0/1to1/1_0" slope="0.00"/>
        <vehicle id="9" x="595.91" y="198.35" angle="90.00" type="DEFAULT_VEHTYPE" speed="5.39" pos="0.66" lane=":3/1_13_0" slope="0.00"/>
    </timestep>
    <timestep time="435.00">
        <vehicle id="0" x="100.19" y="198.35" angle="90.00" type="DEFAULT_VEHTYPE" speed="13.47" pos="100.19" lane="0/1to1/1_0" slope="0.00"/>
        <vehicle id="1" x="201.65" y="5.08" angle="180.00" type="DEFAULT_VEHTYPE" speed="13.65" pos="5.08" lane="1/0to1/1_0" slope="0.00"/>
        <vehicle id="11" x="360.72" y="401.65" angle="-90.00" type="DEFAULT_VEHTYPE" speed="13.07" pos="34.53" lane="2/2to1/2_0" slope="0.00"/>
        <vehicle id="12" x="195.97" y="198.25" angle="88.85" type="DEFAULT_VEHTYPE" speed="6.46" pos="0.73" lane=":1/1_12_0" slope="0.00"/>
        <vehicle id="14" x="272.68" y="401.65" angle="-90.00" type="DEFAULT_VEHTYPE" speed="12.91" pos="122.57" lane="2/2to1/2_0" slope="0.00"/>
        <vehicle id="15" x="398.35" y="210.75" angle="0.00" type="DEFAULT_VEHTYPE" speed="12.61" pos="184.50" lane="2/2to2/1_0" slope="0.00"/>
        <vehicle id="16" x="48.27" y="198.35" angle="90.00" type="DEFAULT_VEHTYPE" speed="13.80" pos="48.27" lane="0/1to1/1_0" slope="0.00"/>
        <vehicle id="17" x="401.65" y="704.06" angle="180.00" type="DEFAULT_VEHTYPE" speed="13.74" pos="99.31" lane="2/3to2/4_0" slope="0.00"/>
        <vehicle id="18" x="398.35" y="296.18" angle="0.00" type="DEFAULT_VEHTYPE" speed="13.19" pos="99.07" lane="2/2to2/1_0" slope="0.00"/>
        <vehicle id="19" x="601.65" y="275.71" angle="180.00" type="DEFAULT_VEHTYPE" speed="13.77" pos="70.96" lane="3/1to3/2_0" slope="0.00"/>
        <vehicle id="2" x="196.36" y="201.81" angle="-26.03" type="DEFAULT_VEHTYPE" speed="13.56" pos="3.88" lane=":1/1_0_0" slope="0.00"/>
        <vehicle id="20" x="601.65" y="332.88" angle="180.00" type="DEFAULT_VEHTYPE" speed="12.82" pos="128.13" lane="3/1to3/2_0" slope="0.00"/>
        <vehicle id="21" x="198.35" y="310.46" angle="0.00" type="DEFAULT_VEHTYPE" speed="12.92" pos="84.79" lane="1/2to1/1_0" slope="0.00"/>
        <vehicle id="22" x="409.69" y="401.65" angle="-90.00" type="DEFAULT_VEHTYPE" speed="3.61" pos="185.56" lane="3/2to2/2_0" slope="0.00"/>
        <vehicle id="23" x="574.64" y="198.35" angle="90.00" type="DEFAULT_VEHTYPE" speed="12.33" pos="169.89" lane="2/1to3/1_0" slope="0.00"/>
        <vehicle id="24" x="198.35" y="369.40" angle="0.00" type="DEFAULT_VEHTYPE" speed="11.75" pos="25.85" lane="1/2to1/1_0" slope="0.00"/>
        <vehicle id="3" x="198.35" y="171.34" angle="0.00" type="DEFAULT_VEHTYPE" speed="11.83" pos="23.91" lane="1/1to1/0_0" slope="0.00"/>
        <vehicle id="4" x="198.35" y="63.59" angle="0.00" type="DEFAULT_VEHTYPE" speed="13.80" pos="131.66" lane="1/1to1/0_0" slope="0.00"/>
        <vehicle id="5" x="289.74" y="598.35" angle="90.00" type="DEFAULT_VEHTYPE" speed="13.58" pos="84.99" lane="1/3to2/3_0" slope="0.00"/>
        <vehicle id="6" x="162.23" y="201.65" angle="-90.00" type="DEFAULT_VEHTYPE" speed="12.91" pos="33.02" lane="1/1to0/1_0" slope="0.00"/>
        <vehicle id="7" x="201.65" y="272.47" angle="180.00" type="DEFAULT_VEHTYPE" speed="13.71" pos="67.72" lane="1/1to1/2_0" slope="0.00"/>
        <vehicle id="8" x="165.71" y="198.35" angle="90.00" type="DEFAULT_VEHTYPE" speed="13.38" pos="165.71" lane="0/1to1/1_0" slope="0.00"/>
        <vehicle id="9" x="603.45" y="198.35" angle="90.00" type="DEFAULT_VEHTYPE" speed="7.55" pos="8.20" lane=":3/1_13_0" slope="0.00"/>
    </timestep>
    <timestep time="436.00">
        <vehicle id="0" x="113.68" y="198.35" angle="90.00" type="DEFAULT_VEHTYPE" speed="13.49" pos="113.68" lane="0/1to1/1_0" slope="0.00"/>
        <vehicle id="1" x="201.65" y="18.48" angle="180.00" type="DEFAULT_VEHTYPE" speed="13.39" pos="18.48" lane="1/0to1/1_0" slope="0.00"/>
        <vehicle id="11" x="347.05" y="401.65" angle="-90.00" type="DEFAULT_VEHTYPE" speed="13.67" pos="48.20" lane="2/2to1/2_0" slope="0.00"/>
        <vehicle id="12" x="198.35" y="190.50" angle="0.40" type="DEFAULT_VEHTYPE" speed="9.03" pos="4.75" lane="1/1to1/0_0" slope="0.00"/>
        <vehicle id="14" x="259.31" y="401.65" angle="-90.00" type="DEFAULT_VEHTYPE" speed="13.37" pos="135.94" lane="2/2to1/2_0" slope="0.00"/>
        <vehicle id="15" x="398.35" y="197.42" angle="0.00" type="DEFAULT_VEHTYPE" speed="13.34" pos="7.33" lane=":2/1_1_0" slope="0.00"/>
        <vehicle id="16" x="61.02" y="198.35" angle="90.00" type="DEFAULT_VEHTYPE" speed="12.75" pos="61.02" lane="0/1to1/1_0" slope="0.00"/>
        <vehicle id="17" x="401.65" y="717.63" angle="180.00" type="DEFAULT_VEHTYPE" speed="13.57" pos="112.88" lane="2/3to2/4_0" slope="0.00"/>
        <vehicle id="18" x="398.35" y="282.43" angle="0.00" type="DEFAULT_VEHTYPE" speed="13.76" pos="112.82" lane="2/2to2/1_0" slope="0.00"/>
        <vehicle id="19" x="601.65" y="289.53" angle="180.00" type="DEFAULT_VEHTYPE" speed="13.82" pos="84.78" lane="3/1to3/2_0" slope="0.00"/>
        <vehicle id="2" x="183.41" y="201.65" angle="-90.00" type="DEFAULT_VEHTYPE" speed="12.97" pos="11.84" lane="1/1to0/1_0" slope="0.00"/>
        <vehicle id="20" x="601.65" y="346.06" angle="180.00" type="DEFAULT_VEHTYPE" speed="13.18" pos="141.31" lane="3/1to3/2_0" slope="0.00"/>
        <vehicle id="21" x="198.35" y="297.21" angle="0.00" type="DEFAULT_VEHTYPE" speed="13.26" pos="98.04" lane="1/2to1/1_0" slope="0.00"/>
        <vehicle id="22" x="403.72" y="401.65" angle="-90.00" type="DEFAULT_VEHTYPE" speed="5.97" pos="1.03" lane=":2/2_5_0" slope="0.00"/>
        <vehicle id="23" x="583.50" y="198.35" angle="90.00" type="DEFAULT_VEHTYPE" speed="8.85" pos="178.75" lane="2/1to3/1_0" slope="0.00"/>
        <vehicle id="24" x="198.35" y="355.71" angle="0.00" type="DEFAULT_VEHTYPE" speed="13.69" pos="39.54" lane="1/2to1/1_0" slope="0.00"/>
        <vehicle id="3" x="198.35" y="158.53" angle="0.00" type="DEFAULT_VEHTYPE" speed="12.81" pos="36.72" lane="1/1to1/0_0" slope="0.00"/>
        <vehicle id="4" x="198.35" y="50.36" angle="0.00" type="DEFAULT_VEHTYPE" speed="13.24" pos="144.89" lane="1/1to1/0_0" slope="0.00"/>
        <vehicle id="5" x="302.82" y="598.35" angle="90.00" type="DEFAULT_VEHTYPE" speed="13.08" pos="98.07" lane="1/3to2/3_0" slope="0.00"/>
        <vehicle id="6" x="148.59" y="201.65" angle="-90.00" type="DEFAULT_VEHTYPE" speed="13.64" pos="46.66" lane="1/1to0/1_0" slope="0.00"/>
        <vehicle id="7" x="201.65" y="285.15" angle="180.00" type="DEFAULT_VEHTYPE" speed="12.68" pos="80.40" lane="1/1to1/2_0" slope="0.00"/>
        <vehicle id="8" x="176.59" y="198.35" angle="90.00" type="DEFAULT_VEHTYPE" speed="10.89" pos="176.59" lane="0/1to1/1_0" slope="0.00"/>
        <vehicle id="9" x="613.03" y="198.35" angle="90.00" type="DEFAULT_VEHTYPE" speed="9.57" pos="8.28" lane="3/1to4/1_0" slope="0.00"/>
    </timestep>
    <timestep time="437.00">
        <vehicle id="0" x="127.37" y="198.35" angle="90.00" type="DEFAULT_VEHTYPE" speed="13.69" pos="127.37" lane="0/1to1/1_0" slope="0.00"/>
        <vehicle id="1" x="201.65" y="31.33" angle="180.00" type="DEFAULT_VEHTYPE" speed="12.85" pos="31.33" lane="1/0to1/1_0" slope="0.00"/>
        <vehicle id="11" x="333.71" y="401.65" angle="-90.00" type="DEFAULT_VEHTYPE" speed="13.35" pos="61.54" lane="2/2to1/2_0" slope="0.00"/>
        <vehicle id="12" x="198.35" y="179.46" angle="0.00" type="DEFAULT_VEHTYPE" speed="11.04" pos="15.79" lane="1/1to1/0_0" slope="0.00"/>
        <vehicle id="14" x="245.63" y="401.65" angle="-90.00" type="DEFAULT_VEHTYPE" speed="13.68" pos="149.62" lane="2/2to1/2_0" slope="0.00"/>
        <vehicle id="15" x="398.35" y="183.78" angle="0.00" type="DEFAULT_VEHTYPE" speed="13.64" pos="11.47" lane="2/1to2/0_0" slope="0.00"/>
        <vehicle id="16" x="73.83" y="198.35" angle="90.00" type="DEFAULT_VEHTYPE" speed="12.81" pos="73.83" lane="0/1to1/1_0" slope="0.00"/>
        <vehicle id="17" x="401.65" y="730.35" angle="180.00" type="DEFAULT_VEHTYPE" speed="12.72" pos="125.60" lane="2/3to2/4_0" slope="0.00"/>
        <vehicle id="18" x="398.35" y="269.61" angle="0.00" type="DEFAULT_VEHTYPE" speed="12.82" pos="125.64" lane="2/2to2/1_0" slope="0.00"/>
        <vehicle id="19" x="601.65" y="302.83" angle="180.00" type="DEFAULT_VEHTYPE" speed="13.30" pos="98.08" lane="3/1to3/2_0" slope="0.00"/>
        <vehicle id="2" x="169.92" y="201.65" angle="-90.00" type="DEFAULT_VEHTYPE" speed="13.48" pos="25.33" lane="1/1to0/1_0" slope="0.00"/>
        <vehicle id="20" x="601.65" y="358.95" angle="180.00" type="DEFAULT_VEHTYPE" speed="12.89" pos="154.20" lane="3/1to3/2_0" slope="0.00"/>
        <vehicle id="21" x="198.35" y="284.41" angle="0.00" type="DEFAULT_VEHTYPE" speed="12.80" pos="110.84" lane="1/2to1/1_0" slope="0.00"/>
        <vehicle id="22" x="395.71" y="401.65" angle="-90.00" type="DEFAULT_VEHTYPE" speed="8.01" pos="9.04" lane=":2/2_5_0" slope="0.00"/>
        <vehicle id="23" x="588.26" y="198.35" angle="90.00" type="DEFAULT_VEHTYPE" speed="4.76" pos="183.51" lane="2/1to3/1_0" slope="0.00"/>
        <vehicle id="24" x="198.35" y="342.56" angle="0.00" type="DEFAULT_VEHTYPE" speed="13.15" pos="52.69" lane="1/2to1/1_0" slope="0.00"/>
        <vehicle id="3" x="198.35" y="145.61" angle="0.00" type="DEFAULT_VEHTYPE" speed="12.92" pos="49.64" lane="1/1to1/0_0" slope="0.00"/>
        <vehicle id="4" x="198.35" y="36.51" angle="0.00" type="DEFAULT_VEHTYPE" speed="13.85" pos="158.74" lane="1/1to1/0_0" slope="0.00"/>
        <vehicle id="5" x="315.69" y="598.35" angle="90.00" type="DEFAULT_VEHTYPE" speed="12.87" pos="110.94" lane="1/3to2/3_0" slope="0.00"/>
        <vehicle id="6" x="135.19" y="201.65" angle="-90.00" type="DEFAULT_VEHTYPE" speed="13.40" pos="60.06" lane="1/1to0/1_0" slope="0.00"/>
        <vehicle id="7" x="201.65" y="297.79" angle="180.00" type="DEFAULT_VEHTYPE" speed="12.64" pos="93.04" lane="1/1to1/2_0" slope="0.00"/>
        <vehicle id="8" x="184.88" y="198.35" angle="90.00" type="DEFAULT_VEHTYPE" speed="8.29" pos="184.88" lane="0/1to1/1_0" slope="0.00"/>
        <vehicle id="9" x="624.74" y="198.35" angle="90.00" type="DEFAULT_VEHTYPE" speed="11.72" pos="19.99" lane="3/1to4/1_0" slope="0.00"/>
    </timestep>
    <timestep time="438.00">
        <vehicle id="0" x="140.64" y="198.35" angle="90.00" type="DEFAULT_VEHTYPE" speed="13.27" pos="140.64" lane="0/1to1/1_0" slope="0.00"/>
        <vehicle id="1" x="201.65" y="43.99" angle="180.00" type="DEFAULT_VEHTYPE" speed="12.66" pos="43.99" lane="1/0to1/1_0" slope="0.00"/>
        <vehicle id="11" x="320.05" y="401.65" angle="-90.00" type="DEFAULT_VEHTYPE" speed="13.66" pos="75.20" lane="2/2to1/2_0" slope="0.00"/>
        <vehicle id="12" x="198.35" y="166.26" angle="0.00" type="DEFAULT_VEHTYPE" speed="13.20" pos="28.99" lane="1/1to1/0_0" slope="0.00"/>
        <vehicle id="14" x="232.73" y="401.65" angle="-90.00" type="DEFAULT_VEHTYPE" speed="12.90" pos="162.52" lane="2/2to1/2_0" slope="0.00"/>
        <vehicle id="15" x="398.35" y="170.22" angle="0.00" type="DEFAULT_VEHTYPE" speed="13.56" pos="25.03" lane="2/1to2/0_0" slope="0.00"/>
        <vehicle id="16" x="87.37" y="198.35" angle="90.00" type="DEFAULT_VEHTYPE" speed="13.54" pos="87.37" lane="0/1to1/1_0" slope="0.00"/>
        <vehicle id="17" x="401.65" y="743.98" angle="180.00" type="DEFAULT_VEHTYPE" speed="13.63" pos="139.23" lane="2/3to2/4_0" slope="0.00"/>
        <vehicle id="18" x="398.35" y="256.65" angle="0.00" type="DEFAULT_VEHTYPE" speed="12.96" pos="138.60" lane="2/2to2/1_0" slope="0.00"/>
        <vehicle id="19" x="601.65" y="315.99" angle="180.00" type="DEFAULT_VEHTYPE" speed="13.16" pos="111.24" lane="3/1to3/2_0" slope="0.00"/>
        <vehicle id="2" x="157.31" y="201.65" angle="-90.00" type="DEFAULT_VEHTYPE" speed="12.61" pos="37.94" lane="1/1to0/1_0" slope="0.00"/>
        <vehicle id="20" x="601.65" y="372.33" angle="180.00" type="DEFAULT_VEHTYPE" speed="13.38" pos="167.58" lane="3/1to3/2_0" slope="0.00"/>
        <vehicle id="21" x="198.35" y="271.22" angle="0.00" type="DEFAULT_VEHTYPE" speed="13.19" pos="124.03" lane="1/2to1/1_0" slope="0.00"/>
        <vehicle id="22" x="385.99" y="401.65" angle="-90.00" type="DEFAULT_VEHTYPE" speed="9.72" pos="9.26" lane="2/2to1/2_0" slope="0.00"/>
        <vehicle id="23" x="594.58" y="198.35" angle="90.00" type="DEFAULT_VEHTYPE" speed="6.32" pos="189.83" lane="2/1to3/1_0" slope="0.00"/>
        <vehicle id="24" x="198.35" y="329.11" angle="0.00" type="DEFAULT_VEHTYPE" speed="13.45" pos="66.14" lane="1/2to1/1_0" slope="0.00"/>
        <vehicle id="3" x="198.35" y="131.87" angle="0.00" type="DEFAULT_VEHTYPE" speed="13.74" pos="63.38" lane="1/1to1/0_0" slope="0.00"/>
        <vehicle id="4" x="198.35" y="22.88" angle="0.00" type="DEFAULT_VEHTYPE" speed="13.63" pos="172.37" lane="1/1to1/0_0" slope="0.00"/>
        <vehicle id="5" x="329.14" y="598.35" angle="90.00" type="DEFAULT_VEHTYPE" speed="13.45" pos="124.39" lane="1/3to2/3_0" slope="0.00"/>
        <vehicle id="6" x="122.50" y="201.65" angle="-90.00" type="DEFAULT_VEHTYPE" speed="12.69" pos="72.75" lane="1/1to0/1_0" slope="0.00"/>
        <vehicle id="7" x="201.65" y="311.10" angle="180.00" type="DEFAULT_VEHTYPE" speed="13.31" pos="106.35" lane="1/1to1/2_0" slope="0.00"/>
        <vehicle id="8" x="189.23" y="198.35" angle="90.00" type="DEFAULT_VEHTYPE" speed="4.35" pos="189.23" lane="0/1to1/1_0" slope="0.00"/>
        <vehicle id="9" x="637.81" y="198.35" angle="90.00" type="DEFAULT_VEHTYPE" speed="13.06" pos="33.06" lane="3/1to4/1_0" slope="0.00"/>
    </timestep>
    <timestep time="439.00">
        <vehicle id="0" x="153.61" y="198.35" angle="90.00" type="DEFAULT_VEHTYPE" speed="12.97" pos="153.61" lane="0/1to1/1_0" slope="0.00"/>
        <vehicle id="1" x="201.65" y="57.33" angle="180.00" type="DEFAULT_VEHTYPE" speed="13.34" pos="57.33" lane="1/0to1/1_0" slope="0.00"/>
        <vehicle id="11" x="306.95" y="401.65" angle="-90.00" type="DEFAULT_VEHTYPE" speed="13.10" pos="88.30" lane="2/2to1/2_0" slope="0.00"/>
        <vehicle id="12" x="198.35" y="152.99" angle="0.00" type="DEFAULT_VEHTYPE" speed="13.27" pos="42.26" lane="1/1to1/0_0" slope="0.00"/>
        <vehicle id="14" x="221.49" y="401.65" angle="-90.00" type="DEFAULT_VEHTYPE" speed="11.24" pos="173.76" lane="2/2to1/2_0" slope="0.00"/>
        <vehicle id="15" x="398.35" y="157.07" angle="0.00" type="DEFAULT_VEHTYPE" speed="13.15" pos="38.18" lane="2/1to2/0_0" slope="0.00"/>
        <vehicle id="16" x="100.66" y="198.35" angle="90.00" type="DEFAULT_VEHTYPE" speed="13.29" pos="100.66" lane="0/1to1/1_0" slope="0.00"/>
        <vehicle id="17" x="401.65" y="757.62" angle="180.00" type="DEFAULT_VEHTYPE" speed="13.64" pos="152.87" lane="2/3to2/4_0" slope="0.00"/>
        <vehicle id="18" x="398.35" y="243.60" angle="0.00" type="DEFAULT_VEHTYPE" speed="13.05" pos="151.65" lane="2/2to2/1_0" slope="0.00"/>
        <vehicle id="19" x="601.65" y="328.69" angle="180.00" type="DEFAULT_VEHTYPE" speed="12.70" pos="123.94" lane="3/1to3/2_0" slope="0.00"/>
        <vehicle id="2" x="143.90" y="201.65" angle="-90.00" type="DEFAULT_VEHTYPE" speed="13.41" pos="51.35" lane="1/1to0/1_0" slope="0.00"/>
        <vehicle id="20" x="601.65" y="382.01" angle="180.00" type="DEFAULT_VEHTYPE" speed="9.68" pos="177.26" lane="3/1to3/2_0" slope="0.00"/>
        <vehicle id="21" x="198.35" y="257.52" angle="0.00" type="DEFAULT_VEHTYPE" speed="13.70" pos="137.73" lane="1/2to1/1_0" slope="0.00"/>
        <vehicle id="22" x="373.78" y="401.65" angle="-90.00" type="DEFAULT_VEHTYPE" speed="12.21" pos="21.47" lane="2/2to1/2_0" slope="0.00"/>
        <vehicle id="23" x="601.31" y="202.36" angle="138.21" type="DEFAULT_VEHTYPE" speed="8.58" pos="7.91" lane=":3/1_14_0" slope="0.00"/>
        <vehicle id="24" x="198.35" y="315.47" angle="0.00" type="DEFAULT_VEHTYPE" speed="13.63" pos="79.78" lane="1/2to1/1_0" slope="0.00"/>
        <vehicle id="3" x="198.35" y="118.55" angle="0.00" type="DEFAULT_VEHTYPE" speed="13.32" pos="76.70" lane="1/1to1/0_0" slope="0.00"/>
        <vehicle id="4" x="198.35" y="9.39" angle="0.00" type="DEFAULT_VEHTYPE" speed="13.49" pos="185.86" lane="1/1to1/0_0" slope="0.00"/>
        <vehicle id="5" x="342.96" y="598.35" angle="90.00" type="DEFAULT_VEHTYPE" speed="13.83" pos="138.21" lane="1/3to2/3_0" slope="0.00"/>
        <vehicle id="6" x="108.75" y="201.65" angle="-90.00" type="DEFAULT_VEHTYPE" speed="13.74" pos="86.50" lane="1/1to0/1_0" slope="0.00"/>
        <vehicle id="7" x="201.65" y="324.23" angle="180.00" type="DEFAULT_VEHTYPE" speed="13.13" pos="119.48" lane="1/1to1/2_0" slope="0.00"/>
        <vehicle id="8" x="195.17" y="198.35" angle="90.00" type="DEFAULT_VEHTYPE" speed="5.94" pos="195.17" lane="0/1to1/1_0" slope="0.00"/>
        <vehicle id="9" x="650.60" y="198.35" angle="90.00" type="DEFAULT_VEHTYPE" speed="12.80" pos="45.85" lane="3/1to4/1_0" slope="0.00"/>
    </timestep>
    <timestep time="440.00">
        <vehicle id="0" x="166.41" y="198.35" angle="90.00" type="DEFAULT_VEHTYPE" speed="12.80" pos="166.41" lane="0/1to1/1_0" slope="0.00"/>
        <vehicle id="1" x="201.65" y="70.80" angle="180.00" type="DEFAULT_VEHTYPE" speed="13.47" pos="70.80" lane="1/0to1/1_0" slope="0.00"/>
        <vehicle id="11" x="294.19" y="401.65" angle="-90.00" type="DEFAULT_VEHTYPE" speed="12.76" pos="101.06" lane="2/2to1/2_0" slope="0.00"/>
        <vehicle id="12" x="198.35" y="139.31" angle="0.00" type="DEFAULT_VEHTYPE" speed="13.67" pos="55.94" lane="1/1to1/0_0" slope="0.00"/>
        <vehicle id="14" x="214.09" y="401.65" angle="-90.00" type="DEFAULT_VEHTYPE" speed="7.40" pos="181.16" lane="2/2to1/2_0" slope="0.00"/>
        <vehicle id="15" x="398.35" y="143.32" angle="0.00" type="DEFAULT_VEHTYPE" speed="13.75" pos="51.93" lane="2/1to2/0_0" slope="0.00"/>
        <vehicle id="16" x="113.49" y="198.35" angle="90.00" type="DEFAULT_VEHTYPE" speed="12.83" pos="113.49" lane="0/1to1/1_0" slope="0.00"/>
        <vehicle id="17" x="401.65" y="770.93" angle="180.00" type="DEFAULT_VEHTYPE" speed="13.32" pos="166.18" lane="2/3to2/4_0" slope="0.00"/>
        <vehicle id="18" x="398.35" y="229.88" angle="0.00" type="DEFAULT_VEHTYPE" speed="13.72" pos="165.37" lane="2/2to2/1_0" slope="0.00"/>
        <vehicle id="19" x="601.65" y="341.98" angle="180.00" type="DEFAULT_VEHTYPE" speed="13.29" pos="137.23" lane="3/1to3/2_0" slope="0.00"/>
        <vehicle id="2" x="131.00" y="201.65" angle="-90.00" type="DEFAULT_VEHTYPE" speed="12.90" pos="64.25" lane="1/1to0/1_0" slope="0.00"/>
        <vehicle id="20" x="601.65" y="388.16" angle="180.00" type="DEFAULT_VEHTYPE" speed="6.15" pos="183.41" lane="3/1to3/2_0" slope="0.00"/>
        <vehicle id="21" x="198.35" y="244.77" angle="0.00" type="DEFAULT_VEHTYPE" speed="12.75" pos="150.48" lane="1/2to1/1_0" slope="0.00"/>
        <vehicle id="22" x="360.38" y="401.65" angle="-90.00" type="DEFAULT_VEHTYPE" speed="13.40" pos="34.87" lane="2/2to1/2_0" slope="0.00"/>
        <vehicle id="23" x="601.65" y="212.98" angle="180.00" type="DEFAULT_VEHTYPE" speed="10.65" pos="8.23" lane="3/1to3/2_0" slope="0.00"/>
        <vehicle id="24" x="198.35" y="301.78" angle="0.00" type="DEFAULT_VEHTYPE" speed="13.70" pos="93.47" lane="1/2to1/1_0" slope="0.00"/>
        <vehicle id="3" x="198.35" y="105.05" angle="0.00" type="DEFAULT_VEHTYPE" speed="13.49" pos="90.20" lane="1/1to1/0_0" slope="0.00"/>
        <vehicle id="4" x="201.10" y="-0.82" angle="54.23" type="DEFAULT_VEHTYPE" speed="13.22" pos="3.84" lane=":1/0_0_0" slope="0.00"/>
        <vehicle id="5" x="356.66" y="598.35" angle="90.00" type="DEFAULT_VEHTYPE" speed="13.70" pos="151.91" lane="1/3to2/3_0" slope="0.00"/>
        <vehicle id="6" x="96.13" y="201.65" angle="-90.00" type="DEFAULT_VEHTYPE" speed="12.63" pos="99.12" lane="1/1to0/1_0" slope="0.00"/>
        <vehicle id="7" x="201.65" y="337.30" angle="180.00" type="DEFAULT_VEHTYPE" speed="13.07" pos="132.55" lane="1/1to1/2_0" slope="0.00"/>
        <vehicle id="8" x="198.35" y="192.55" angle="7.87" type="DEFAULT_VEHTYPE" speed="7.78" pos="2.70" lane="1/1to1/0_0" slope="0.00"/>
        <vehicle id="9" x="664.21" y="198.35" angle="90.00" type="DEFAULT_VEHTYPE" speed="13.61" pos="59.46" lane="3/1to4/1_0" slope="0.00"/>
    </timestep>
    <timestep time="441.00">
        <vehicle id="0" x="177.70" y="198.35" angle="90.00" type="DEFAULT_VEHTYPE" speed="11.29" pos="177.70" lane="0/1to1/1_0" slope="0.00"/>
        <vehicle id="1" x="201.65" y="83.58" angle="180.00" type="DEFAULT_VEHTYPE" speed="12.78" pos="83.58" lane="1/0to1/1_0" slope="0.00"/>
        <vehicle id="11" x="281.38" y="401.65" angle="-90.00" type="DEFAULT_VEHTYPE" speed="12.81" pos="113.87" lane="2/2to1/2_0" slope="0.00"/>
        <vehicle id="12" x="198.35" y="125.50" angle="0.00" type="DEFAULT_VEHTYPE" speed="13.81" pos="69.75" lane="1/1to1/0_0" slope="0.00"/>
        <vehicle id="14" x="210.04" y="401.65" angle="-90.00" type="DEFAULT_VEHTYPE" speed="4.05" pos="185.21" lane="2/2to1/2_0" slope="0.00"/>
        <vehicle id="15" x="398.35" y="130.11" angle="0.00" type="DEFAULT_VEHTYPE" speed="13.22" pos="65.14" lane="2/1to2/0_0" slope="0.00"/>
        <vehicle id="16" x="127.15" y="198.35" angle="90.00" type="DEFAULT_VEHTYPE" speed="13.66" pos="127.15" lane="0/1to1/1_0" slope="0.00"/>
        <vehicle id="17" x="401.65" y="783.56" angle="180.00" type="DEFAULT_VEHTYPE" speed="12.63" pos="178.81" lane="2/3to2/4_0" slope="0.00"/>
        <vehicle id="18" x="398.35" y="219.90" angle="0.00" type="DEFAULT_VEHTYPE" speed="9.98" pos="175.35" lane="2/2to2/1_0" slope="0.00"/>
        <vehicle id="19" x="601.65" y="355.05" angle="180.00" type="DEFAULT_VEHTYPE" speed="13.07" pos="150.30" lane="3/1to3/2_0" slope="0.00"/>
        <vehicle id="2" x="117.71" y="201.65" angle="-90.00" type="DEFAULT_VEHTYPE" speed="13.30" pos="77.54" lane="1/1to0/1_0" slope="0.00"/>
        <vehicle id="20" x="601.65" y="391.42" angle="180.00" type="DEFAULT_VEHTYPE" speed="3.25" pos="186.67" lane="3/1to3/2_0" slope="0.00"/>
        <vehicle id="21" x="198.35" y="231.01" angle="0.00" type="DEFAULT_VEHTYPE" speed="13.76" pos="164.24" lane="1/2to1/1_0" slope="0.00"/>
        <vehicle id="22" x="346.52" y="401.65" angle="-90.00" type="DEFAULT_VEHTYPE" speed="13.86" pos="48.73" lane="2/2to1/2_0" slope="0.00"/>
        <vehicle id="23" x="601.65" y="225.67" angle="180.00" type="DEFAULT_VEHTYPE" speed="12.69" pos="20.92" lane="3/1to3/2_0" slope="0.00"/>
        <vehicle id="24" x="198.35" y="288.50" angle="0.00" type="DEFAULT_VEHTYPE" speed="13.28" pos="106.75" lane="1/2to1/1_0" slope="0.00"/>
        <vehicle id="3" x="198.35" y="91.34" angle="0.00" type="DEFAULT_VEHTYPE" speed="13.72" pos="103.91" lane="1/1to1/0_0" slope="0.00"/>
        <vehicle id="4" x="201.65" y="11.74" angle="180.00" type="DEFAULT_VEHTYPE" speed="12.72" pos="11.74" lane="1/0to1/1_0" slope="0.00"/>
        <vehicle id="5" x="370.24" y="598.35" angle="90.00" type="DEFAULT_VEHTYPE" speed="13.58" pos="165.49" lane="1/3to2/3_0" slope="0.00"/>
        <vehicle id="6" x="82.64" y="201.65" angle="-90.00" type="DEFAULT_VEHTYPE" speed="13.49" pos="112.61" lane="1/1to0/1_0" slope="0.00"/>
        <vehicle id="7" x="201.65" y="350.46" angle="180.00" type="DEFAULT_VEHTYPE" speed="13.16" pos="145.71" lane="1/1to1/2_0" slope="0.00"/>
        <vehicle id="8" x="198.35" y="183.12" angle="0.00" type="DEFAULT_VEHTYPE" speed="9.43" pos="12.13" lane="1/1to1/0_0" slope="0.00"/>
        <vehicle id="9" x="677.56" y="198.35" angle="90.00" type="DEFAULT_VEHTYPE" speed="13.35" pos="72.81" lane="3/1to4/1_0" slope="0.00"/>
    </timestep>
    <timestep time="442.00">
        <vehicle id="0" x="184.49" y="198.35" angle="90.00" type="DEFAULT_VEHTYPE" speed="6.79" pos="184.49" lane="0/1to1/1_0" slope="0.00"/>
        <vehicle id="1" x="201.65" y="96.85" angle="180.00" type="DEFAULT_VEHTYPE" speed="13.27" pos="96.85" lane="1/0to1/1_0" slope="0.00"/>
        <vehicle id="11" x="268.08" y="401.65" angle="-90.00" type="DEFAULT_VEHTYPE" speed="13.30" pos="127.17" lane="2/2to1/2_0" slope="0.00"/>
        <vehicle id="12" x="198.35" y="112.89" angle="0.00" type="DEFAULT_VEHTYPE" speed="12.61" pos="82.36" lane="1/1to1/0_0" slope="0.00"/>
        <vehicle id="14" x="203.41" y="401.46" angle="-87.80" type="DEFAULT_VEHTYPE" speed="6.64" pos="1.36" lane=":1/2_6_0" slope="0.00"/>
        <vehicle id="15" x="398.35" y="117.01" angle="0.00" type="DEFAULT_VEHTYPE" speed="13.10" pos="78.24" lane="2/1to2/0_0" slope="0.00"/>
        <vehicle id="16" x="140.79" y="198.35" angle="90.00" type="DEFAULT_VEHTYPE" speed="13.64" pos="140.79" lane="0/1to1/1_0" slope="0.00"/>
        <vehicle id="17" x="401.65" y="796.73" angle="180.00" type="DEFAULT_VEHTYPE" speed="13.17" pos="191.98" lane="2/3to2/4_0" slope="0.00"/>
        <vehicle id="18" x="398.35" y="213.81" angle="0.00" type="DEFAULT_VEHTYPE" speed="6.09" pos="181.44" lane="2/2to2/1_0" slope="0.00"/>
        <vehicle id="19" x="601.65" y="366.95" angle="180.00" type="DEFAULT_VEHTYPE" speed="11.89" pos="162.20" lane="3/1to3/2_0" slope="0.00"/>
        <vehicle id="2" x="105.04" y="201.65" angle="-90.00" type="DEFAULT_VEHTYPE" speed="12.66" pos="90.21" lane="1/1to0/1_0" slope="0.00"/>
        <vehicle id="20" x="601.50" y="396.33" angle="-178.22" type="DEFAULT_VEHTYPE" speed="4.93" pos="1.10" lane=":3/2_10_0" slope="0.00"/>
        <vehicle id="21" x="198.35" y="217.62" angle="0.00" type="DEFAULT_VEHTYPE" speed="13.39" pos="177.63" lane="1/2to1/1_0" slope="0.00"/>
        <vehicle id="22" x="332.65" y="401.65" angle="-90.00" type="DEFAULT_VEHTYPE" speed="13.86" pos="62.60" lane="2/2to1/2_0" slope="0.00"/>
        <vehicle id="23" x="601.65" y="239.18" angle="180.00" type="DEFAULT_VEHTYPE" speed="13.51" pos="34.43" lane="3/1to3/2_0" slope="0.00"/>
        <vehicle id="24" x="198.35" y="275.02" angle="0.00" type="DEFAULT_VEHTYPE" speed="13.47" pos="120.23" lane="1/2to1/1_0" slope="0.00"/>
        <vehicle id="3" x="198.35" y="77.52" angle="0.00" type="DEFAULT_VEHTYPE" speed="13.82" pos="117.73" lane="1/1to1/0_0" slope="0.00"/>
        <vehicle id="4" x="201.65" y="25.51" angle="180.00" type="DEFAULT_VEHTYPE" speed="13.77" pos="25.51" lane="1/0to1/1_0" slope="0.00"/>
        <vehicle id="5" x="379.43" y="598.35" angle="90.00" type="DEFAULT_VEHTYPE" speed="9.18" pos="174.68" lane="1/3to2/3_0" slope="0.00"/>
        <vehicle id="6" x="69.50" y="201.65" angle="-90.00" type="DEFAULT_VEHTYPE" speed="13.14" pos="125.75" lane="1/1to0/1_0" slope="0.00"/>
        <vehicle id="7" x="201.65" y="363.61" angle="180.00" type="DEFAULT_VEHTYPE" speed="13.15" pos="158.86" lane="1/1to1/2_0" slope="0.00"/>
        <vehicle id="8" x="198.35" y="171.23" angle="0.00" type="DEFAULT_VEHTYPE" speed="11.89" pos="24.02" lane="1/1to1/0_0" slope="0.00"/>
        <vehicle id="9" x="690.35" y="198.35" angle="90.00" type="DEFAULT_VEHTYPE" speed="12.79" pos="85.60" lane="3/1to4/1_0" slope="0.00"/>
    </timestep>
    <timestep time="443.00">
        <vehicle id="0" x="189.15" y="198.35" angle="90.00" type="DEFAULT_VEHTYPE" speed="4.66" pos="189.15" lane="0/1to1/1_0" slope="0.00"/>
        <vehicle id="1" x="201.65" y="110.17" angle="180.00" type="DEFAULT_VEHTYPE" speed="13.33" pos="110.17" lane="1/0to1/1_0" slope="0.00"/>
        <vehicle id="11" x="254.34" y="401.65" angle="-90.00" type="DEFAULT_VEHTYPE" speed="13.74" pos="140.91" lane="2/2to1/2_0" slope="0.00"/>
        <vehicle id="12" x="198.35" y="100.18" angle="0.00" type="DEFAULT_VEHTYPE" speed="12.71" pos="95.07" lane="1/1to1/0_0" slope="0.00"/>
        <vehicle id="14" x="198.39" y="395.52" angle="-19.92" type="DEFAULT_VEHTYPE" speed="8.69" pos="10.04" lane=":1/2_6_0" slope="0.00"/>
        <vehicle id="15" x="398.35" y="103.11" angle="0.00" type="DEFAULT_VEHTYPE" speed="13.90" pos="92.14" lane="2/1to2/0_0" slope="0.00"/>
        <vehicle id="16" x="154.47" y="198.35" angle="90.00" type="DEFAULT_VEHTYPE" speed="13.68" pos="154.47" lane="0/1to1/1_0" slope="0.00"/>
        <vehicle id="17" x="398.35" y="794.31" angle="0.00" type="DEFAULT_VEHTYPE" speed="13.78" pos="5.69" lane="2/4to2/3_0" slope="0.00"/>
        <vehicle id="18" x="398.35" y="210.50" angle="0.00" type="DEFAULT_VEHTYPE" speed="3.31" pos="184.75" lane="2/2to2/1_0" slope="0.00"/>
        <vehicle id="19" x="601.65" y="377.30" angle="180.00" type="DEFAULT_VEHTYPE" speed="10.36" pos="172.55" lane="3/1to3/2_0" slope="0.00"/>
        <vehicle id="2" x="91.94" y="201.65" angle="-90.00" type="DEFAULT_VEHTYPE" speed="13.10" pos="103.31" lane="1/1to0/1_0" slope="0.00"/>
        <vehicle id="20" x="597.11" y="401.38" angle="-126.28" type="DEFAULT_VEHTYPE" speed="7.35" pos="1.30" lane=":3/2_18_0" slope="0.00"/>
        <vehicle id="21" x="198.29" y="204.31" angle="-0.70" type="DEFAULT_VEHTYPE" speed="13.31" pos="0.44" lane=":1/1_0_0" slope="0.00"/>
        <vehicle id="22" x="319.27" y="401.65" angle="-90.00" type="DEFAULT_VEHTYPE" speed="13.39" pos="75.98" lane="2/2to1/2_0" slope="0.00"/>
        <vehicle id="23" x="601.65" y="252.67" angle="180.00" type="DEFAULT_VEHTYPE" speed="13.50" pos="47.92" lane="3/1to3/2_0" slope="0.00"/>
        <vehicle id="24" x="198.35" y="261.87" angle="0.00" type="DEFAULT_VEHTYPE" speed="13.16" pos="133.38" lane="1/2to1/1_0" slope="0.00"/>
        <vehicle id="3" x="198.35" y="63.99" angle="0.00" type="DEFAULT_VEHTYPE" speed="13.53" pos="131.26" lane="1/1to1/0_0" slope="0.00"/>
        <vehicle id="4" x="201.65" y="38.78" angle="180.00" type="DEFAULT_VEHTYPE" speed="13.27" pos="38.78" lane="1/0to1/1_0" slope="0.00"/>
        <vehicle id="5" x="385.97" y="598.35" angle="90.00" type="DEFAULT_VEHTYPE" speed="6.55" pos="181.22" lane="1/3to2/3_0" slope="0.00"/>
        <vehicle id="6" x="55.88" y="201.65" angle="-90.00" type="DEFAULT_VEHTYPE" speed="13.61" pos="139.37" lane="1/1to0/1_0" slope="0.00"/>
        <vehicle id="7" x="201.65" y="376.62" angle="180.00" type="DEFAULT_VEHTYPE" speed="13.01" pos="171.87" lane="1/1to1/2_0" slope="0.00"/>
        <vehicle id="8" x="198.35" y="158.01" angle="0.00" type="DEFAULT_VEHTYPE" speed="13.22" pos="37.24" lane="1/1to1/0_0" slope="0.00"/>
        <vehicle id="9" x="703.19" y="198.35" angle="90.00" type="DEFAULT_VEHTYPE" speed="12.84" pos="98.44" lane="3/1to4/1_0" slope="0.00"/>
    </timestep>
    <timestep time="444.00">
        <vehicle id="0" x="196.25" y="198.21" angle="88.40" type="DEFAULT_VEHTYPE" speed="7.11" pos="1.00" lane=":1/1_12_0" slope="0.00"/>
        <vehicle id="1" x="201.65" y="123.94" angle="180.00" type="DEFAULT_VEHTYPE" speed="13.76" pos="123.94" lane="1/0to1/1_0" slope="0.00"/>
        <vehicle id="11" x="241.12" y="401.65" angle="-90.00" type="DEFAULT_VEHTYPE" speed="13.22" pos="154.13" lane="2/2to1/2_0" slope="0.00"/>
        <vehicle id="12" x="198.35" y="87.28" angle="0.00" type="DEFAULT_VEHTYPE" speed="12.90" pos="107.97" lane="1/1to1/0_0" slope="0.00"/>
        <vehicle id="14" x="198.35" y="384.89" angle="0.00" type="DEFAULT_VEHTYPE" speed="10.63" pos="10.36" lane="1/2to1/1_0" slope="0.00"/>
        <vehicle id="15" x="398.35" y="89.33" angle="0.00" type="DEFAULT_VEHTYPE" speed="13.77" pos="105.92" lane="2/1to2/0_0" slope="0.00"/>
        <vehicle id="16" x="167.61" y="198.35" angle="90.00" type="DEFAULT_VEHTYPE" speed="13.15" pos="167.61" lane="0/1to1/1_0" slope="0.00"/>
        <vehicle id="17" x="398.35" y="781.26" angle="0.00" type="DEFAULT_VEHTYPE" speed="13.04" pos="18.74" lane="2/4to2/3_0" slope="0.00"/>
        <vehicle id="18" x="398.35" y="205.76" angle="0.00" type="DEFAULT_VEHTYPE" speed="4.74" pos="189.49" lane="2/2to2/1_0" slope="0.00"/>
        <vehicle id="19" x="601.65" y="384.16" angle="180.00" type="DEFAULT_VEHTYPE" speed="6.86" pos="179.41" lane="3/1to3/2_0" slope="0.00"/>
        <vehicle id="2" x="78.58" y="201.65" angle="-90.00" type="DEFAULT_VEHTYPE" speed="13.37" pos="116.67" lane="1/1to0/1_0" slope="0.00"/>
        <vehicle id="20" x="587.92" y="401.65" angle="-90.00" type="DEFAULT_VEHTYPE" speed="9.21" pos="7.33" lane="3/2to2/2_0" slope="0.00"/>
        <vehicle id="21" x="186.61" y="201.65" angle="-90.00" type="DEFAULT_VEHTYPE" speed="13.20" pos="8.64" lane="1/1to0/1_0" slope="0.00"/>
        <vehicle id="22" x="306.06" y="401.65" angle="-90.00" type="DEFAULT_VEHTYPE" speed="13.21" pos="89.19" lane="2/2to1/2_0" slope="0.00"/>
        <vehicle id="23" x="601.65" y="265.46" angle="180.00" type="DEFAULT_VEHTYPE" speed="12.79" pos="60.71" lane="3/1to3/2_0" slope="0.00"/>
        <vehicle id="24" x="198.35" y="248.61" angle="0.00" type="DEFAULT_VEHTYPE" speed="13.26" pos="146.64" lane="1/2to1/1_0" slope="0.00"/>
        <vehicle id="3" x="198.35" y="50.44" angle="0.00" type="DEFAULT_VEHTYPE" speed="13.55" pos="144.81" lane="1/1to1/0_0" slope="0.00"/>
        <vehicle id="4" x="201.65" y="52.20" angle="180.00" type="DEFAULT_VEHTYPE" speed="13.42" pos="52.20" lane="1/0to1/1_0" slope="0.00"/>
        <vehicle id="5" x="389.21" y="598.35" angle="90.00" type="DEFAULT_VEHTYPE" speed="3.23" pos="184.46" lane="1/3to2/3_0" slope="0.00"/>
        <vehicle id="6" x="43.06" y="201.65" angle="-90.00" type="DEFAULT_VEHTYPE" speed="12.83" pos="152.19" lane="1/1to0/1_0" slope="0.00"/>
        <vehicle id="7" x="201.65" y="388.47" angle="180.00" type="DEFAULT_VEHTYPE" speed="11.85" pos="183.72" lane="1/1to1/2_0" slope="0.00"/>
        <vehicle id="8" x="198.35" y="145.08" angle="0.00" type="DEFAULT_VEHTYPE" speed="12.93" pos="50.17" lane="1/1to1/0_0" slope="0.00"/>
        <vehicle id="9" x="716.45" y="198.35" angle="90.00" type="DEFAULT_VEHTYPE" speed="13.27" pos="111.70" lane="3/1to4/1_0" slope="0.00"/>
    </timestep>
    <timestep time="445.00">
        <vehicle id="0" x="198.35" y="189.70" angle="0.00" type="DEFAULT_VEHTYPE" speed="9.55" pos="5.55" lane="1/1to1/0_0" slope="0.00"/>
        <vehicle id="1" x="201.65" y="136.61" angle="180.00" type="DEFAULT_VEHTYPE" speed="12.67" pos="136.61" lane="1/0to1/1_0" slope="0.00"/>
        <vehicle id="11" x="228.17" y="401.65" angle="-90.00" type="DEFAULT_VEHTYPE" speed="12.95" pos="167.08" lane="2/2to1/2_0" slope="0.00"/>
        <vehicle id="12" x="198.35" y="73.92" angle="0.00" type="DEFAULT_VEHTYPE" speed="13.36" pos="121.33" lane="1/1to1/0_0" slope="0.00"/>
        <vehicle id="14" x="198.35" y="372.07" angle="0.00" type="DEFAULT_VEHTYPE" speed="12.82" pos="23.18" lane="1/2to1/1_0" slope="0.00"/>
        <vehicle id="15" x="398.35" y="75.67" angle="0.00" type="DEFAULT_VEHTYPE" speed="13.66" pos="119.58" lane="2/1to2/0_0" slope="0.00"/>
        <vehicle id="16" x="177.67" y="198.35" angle="90.00" type="DEFAULT_VEHTYPE" speed="10.06" pos="177.67" lane="0/1to1/1_0" slope="0.00"/>
        <vehicle id="17" x="398.35" y="767.81" angle="0.00" type="DEFAULT_VEHTYPE" speed="13.45" pos="32.19" lane="2/4to2/3_0" slope="0.00"/>
        <vehicle id="18" x="400.06" y="199.88" angle="20.01" type="DEFAULT_VEHTYPE" speed="6.30" pos="5.29" lane=":2/1_2_0" slope="0.00"/>
        <vehicle id="19" x="601.65" y="389.35" angle="180.00" type="DEFAULT_VEHTYPE" speed="5.19" pos="184.60" lane="3/1to3/2_0" slope="0.00"/>
        <vehicle id="2" x="65.34" y="201.65" angle="-90.00" type="DEFAULT_VEHTYPE" speed="13.24" pos="129.91" lane="1/1to0/1_0" slope="0.00"/>
        <vehicle id="20" x="576.43" y="401.65" angle="-90.00" type="DEFAULT_VEHTYPE" speed="11.49" pos="18.82" lane="3/2to2/2_0" slope="0.00"/>
        <vehicle id="21" x="172.83" y="201.65" angle="-90.00" type="DEFAULT_VEHTYPE" speed="13.78" pos="22.42" lane="1/1to0/1_0" slope="0.00"/>
        <vehicle id="22" x="292.35" y="401.65" angle="-90.00" type="DEFAULT_VEHTYPE" speed="13.71" pos="102.90" lane="2/2to1/2_0" slope="0.00"/>
        <vehicle id="23" x="601.65" y="278.11" angle="180.00" type="DEFAULT_VEHTYPE" speed="12.65" pos="73.36" lane="3/1to3/2_0" slope="0.00"/>
        <vehicle id="24" x="198.35" y="235.15" angle="0.00" type="DEFAULT_VEHTYPE" speed="13.45" pos="160.10" lane="1/2to1/1_0" slope="0.00"/>
        <vehicle id="3" x="198.35" y="36.89" angle="0.00" type="DEFAULT_VEHTYPE" speed="13.55" pos="158.36" lane="1/1to1/0_0" slope="0.00"/>
        <vehicle id="4" x="201.65" y="64.86" angle="180.00" type="DEFAULT_VEHTYPE" speed="12.67" pos="64.86" lane="1/0to1/1_0" slope="0.00"/>
        <vehicle id="5" x="394.38" y="598.35" angle="90.00" type="DEFAULT_VEHTYPE" speed="5.17" pos="189.63" lane="1/3to2/3_0" slope="0.00"/>
        <vehicle id="6" x="29.37" y="201.65" angle="-90.00" type="DEFAULT_VEHTYPE" speed="13.68" pos="165.88" lane="1/1to0/1_0" slope="0.00"/>
        <vehicle id="7" x="201.65" y="401.57" angle="180.00" type="DEFAULT_VEHTYPE" speed="13.10" pos="6.32" lane=":1/2_9_0" slope="0.00"/>
        <vehicle id="8" x="198.35" y="131.85" angle="0.00" type="DEFAULT_VEHTYPE" speed="13.23" pos="63.40" lane="1/1to1/0_0" slope="0.00"/>
        <vehicle id="9" x="729.71" y="198.35" angle="90.00" type="DEFAULT_VEHTYPE" speed="13.26" pos="124.96" lane="3/1to4/1_0" slope="0.00"/>
    </timestep>
    <timestep time="446.00">
        <vehicle id="0" x="198.35" y="178.56" angle="0.00" type="DEFAULT_VEHTYPE" speed="11.14" pos="16.69" lane="1/1to1/0_0" slope="0.00"/>
        <vehicle id="1" x="201.65" y="150.24" angle="180.00" type="DEFAULT_VEHTYPE" speed="13.63" pos="150.24" lane="1/0to1/1_0" slope="0.00"/>
        <vehicle id="11" x="219.18" y="401.65" angle="-90.00" type="DEFAULT_VEHTYPE" speed="8.99" pos="176.07" lane="2/2to1/2_0" slope="0.00"/>
        <vehicle id="12" x="198.35" y="60.58" angle="0.00" type="DEFAULT_VEHTYPE" speed="13.34" pos="134.67" lane="1/1to1/0_0" slope="0.00"/>
        <vehicle id="14" x="198.35" y="359.08" angle="0.00" type="DEFAULT_VEHTYPE" speed="12.99" pos="36.17" lane="1/2to1/1_0" slope="0.00"/>
        <vehicle id="15" x="398.35" y="61.80" angle="0.00" type="DEFAULT_VEHTYPE" speed="13.87" pos="133.45" lane="2/1to2/0_0" slope="0.00"/>
        <vehicle id="16" x="184.36" y="198.35" angle="90.00" type="DEFAULT_VEHTYPE" speed="6.69" pos="184.36" lane="0/1to1/1_0" slope="0.00"/>
        <vehicle id="17" x="398.35" y="754.74" angle="0.00" type="DEFAULT_VEHTYPE" speed="13.07" pos="45.26" lane="2/4to2/3_0" slope="0.00"/>
        <vehicle id="18" x="407.45" y="198.35" angle="86.27" type="DEFAULT_VEHTYPE" speed="7.74" pos="2.70" lane="2/1to3/1_0" slope="0.00"/>
        <vehicle id="19" x="601.43" y="396.76" angle="-177.53" type="DEFAULT_VEHTYPE" speed="7.43" pos="1.52" lane=":3/2_10_0" slope="0.00"/>
        <vehicle id="2" x="52.52" y="201.65" angle="-90.00" type="DEFAULT_VEHTYPE" speed="12.82" pos="142.73" lane="1/1to0/1_0" slope="0.00"/>
        <vehicle id="20" x="562.60" y="401.65" angle="-90.00" type="DEFAULT_VEHTYPE" speed="13.83" pos="32.65" lane="3/2to2/2_0" slope="0.00"/>
        <vehicle id="21" x="159.13" y="201.65" angle="-90.00" type="DEFAULT_VEHTYPE" speed="13.70" pos="36.12" lane="1/1to0/1_0" slope="0.00"/>
        <vehicle id="22" x="278.84" y="401.65" angle="-90.00" type="DEFAULT_VEHTYPE" speed="13.51" pos="116.41" lane="2/2to1/2_0" slope="0.00"/>
        <vehicle id="23" x="601.65" y="291.21" angle="180.00" type="DEFAULT_VEHTYPE" speed="13.10" pos="86.46" lane="3/1to3/2_0" slope="0.00"/>
        <vehicle id="24" x="198.35" y="221.73" angle="0.00" type="DEFAULT_VEHTYPE" speed="13.42" pos="173.52" lane="1/2to1/1_0" slope="0.00"/>
        <vehicle id="3" x="198.35" y="23.57" angle="0.00" type="DEFAULT_VEHTYPE" speed="13.31" pos="171.68" lane="1/1to1/0_0" slope="0.00"/>
        <vehicle id="4" x="201.65" y="78.15" angle="180.00" type="DEFAULT_VEHTYPE" speed="13.28" pos="78.15" lane="1/0to1/1_0" slope="0.00"/>
        <vehicle id="5" x="400.41" y="600.55" angle="115.73" type="DEFAULT_VEHTYPE" speed="6.73" pos="5.86" lane=":2/3_14_0" slope="0.00"/>
        <vehicle id="6" x="15.63" y="201.65" angle="-90.00" type="DEFAULT_VEHTYPE" speed="13.74" pos="179.62" lane="1/1to0/1_0" slope="0.00"/>
        <vehicle id="7" x="201.65" y="414.82" angle="180.00" type="DEFAULT_VEHTYPE" speed="13.25" pos="10.07" lane="1/2to1/3_0" slope="0.00"/>
        <vehicle id="8" x="198.35" y="119.14" angle="0.00" type="DEFAULT_VEHTYPE" speed="12.71" pos="76.11" lane="1/1to1/0_0" slope="0.00"/>
        <vehicle id="9" x="743.21" y="198.35" angle="90.00" type="DEFAULT_VEHTYPE" speed="13.50" pos="138.46" lane="3/1to4/1_0" slope="0.00"/>
    </timestep>
    <timestep time="447.00">
        <vehicle id="0" x="198.35" y="165.63" angle="0.00" type="DEFAULT_VEHTYPE" speed="12.92" pos="29.62" lane="1/1to1/0_0" slope="0.00"/>
        <vehicle id="1" x="201.65" y="163.18" angle="180.00" type="DEFAULT_VEHTYPE" speed="12.94" pos="163.18" lane="1/0to1/1_0" slope="0.00"/>
        <vehicle id="11" x="212.64" y="401.65" angle="-90.00" type="DEFAULT_VEHTYPE" speed="6.54" pos="182.61" lane="2/2to1/2_0" slope="0.00"/>
        <vehicle id="12" x="198.35" y="47.21" angle="0.00" type="DEFAULT_VEHTYPE" speed="13.37" pos="148.04" lane="1/1to1/0_0" slope="0.00"/>
        <vehicle id="14" x="198.35" y="346.38" angle="0.00" type="DEFAULT_VEHTYPE" speed="12.70" pos="48.87" lane="1/2to1/1_0" slope="0.00"/>
        <vehicle id="15" x="398.35" y="48.67" angle="0.00" type="DEFAULT_VEHTYPE" speed="13.13" pos="146.58" lane="2/1to2/0_0" slope="0.00"/>
        <vehicle id="16" x="189.14" y="198.35" angle="90.00" type="DEFAULT_VEHTYPE" speed="4.77" pos="189.14" lane="0/1to1/1_0" slope="0.00"/>
        <vehicle id="17" x="398.35" y="741.16" angle="0.00" type="DEFAULT_VEHTYPE" speed="13.59" pos="58.84" lane="2/4to2/3_0" slope="0.00"/>
        <vehicle id="18" x="417.35" y="198.35" angle="90.00" type="DEFAULT_VEHTYPE" speed="9.90" pos="12.60" lane="2/1to3/1_0" slope="0.00"/>
        <vehicle id="19" x="594.17" y="401.65" angle="-101.28" type="DEFAULT_VEHTYPE" speed="9.88" pos="1.08" lane="3/2to2/2_0" slope="0.00"/>
        <vehicle id="2" x="39.58" y="201.65" angle="-90.00" type="DEFAULT_VEHTYPE" speed="12.94" pos="155.67" lane="1/1to0/1_0" slope="0.00"/>
        <vehicle id="20" x="549.68" y="401.65" angle="-90.00" type="DEFAULT_VEHTYPE" speed="12.92" pos="45.57" lane="3/2to2/2_0" slope="0.00"/>
        <vehicle id="21" x="145.37" y="201.65" angle="-90.00" type="DEFAULT_VEHTYPE" speed="13.77" pos="49.88" lane="1/1to0/1_0" slope="0.00"/>
        <vehicle id="22" x="265.29" y="401.65" angle="-90.00" type="DEFAULT_VEHTYPE" speed="13.55" pos="129.96" lane="2/2to1/2_0" slope="0.00"/>
        <vehicle id="23" x="601.65" y="304.17" angle="180.00" type="DEFAULT_VEHTYPE" speed="12.97" pos="99.42" lane="3/1to3/2_0" slope="0.00"/>
        <vehicle id="24" x="198.35" y="208.21" angle="0.00" type="DEFAULT_VEHTYPE" speed="13.52" pos="187.04" lane="1/2to1/1_0" slope="0.00"/>
        <vehicle id="3" x="198.35" y="10.44" angle="0.00" type="DEFAULT_VEHTYPE" speed="13.13" pos="184.81" lane="1/1to1/0_0" slope="0.00"/>
        <vehicle id="4" x="201.65" y="91.64" angle="180.00" type="DEFAULT_VEHTYPE" speed="13.49" pos="91.64" lane="1/0to1/1_0" slope="0.00"/>
        <vehicle id="5" x="401.65" y="609.55" angle="179.68" type="DEFAULT_VEHTYPE" speed="9.27" pos="4.80" lane="2/3to2/4_0" slope="0.00"/>
        <vehicle id="6" x="2.08" y="201.65" angle="-90.00" type="DEFAULT_VEHTYPE" speed="13.56" pos="193.17" lane="1/1to0/1_0" slope="0.00"/>
        <vehicle id="7" x="201.65" y="428.29" angle="180.00" type="DEFAULT_VEHTYPE" speed="13.47" pos="23.54" lane="1/2to1/3_0" slope="0.00"/>
        <vehicle id="8" x="198.35" y="105.79" angle="0.00" type="DEFAULT_VEHTYPE" speed="13.35" pos="89.46" lane="1/1to1/0_0" slope="0.00"/>
        <vehicle id="9" x="755.86" y="198.35" angle="90.00" type="DEFAULT_VEHTYPE" speed="12.65" pos="151.11" lane="3/1to4/1_0" slope="0.00"/>
    </timestep>
    <timestep time="448.00">
        <vehicle id="0" x="198.35" y="151.96" angle="0.00" type="DEFAULT_VEHTYPE" speed="13.68" pos="43.29" lane="1/1to1/0_0" slope="0.00"/>
        <vehicle id="1" x="201.65" y="176.86" angle="180.00" type="DEFAULT_VEHTYPE" speed="13.68" pos="176.86" lane="1/0to1/1_0" slope="0.00"/>
        <vehicle id="11" x="209.13" y="401.65" angle="-90.00" type="DEFAULT_VEHTYPE" speed="3.51" pos="186.12" lane="2/2to1/2_0" slope="0.00"/>
        <vehicle id="12" x="198.35" y="33.97" angle="0.00" type="DEFAULT_VEHTYPE" speed="13.24" pos="161.28" lane="1/1to1/0_0" slope="0.00"/>
        <vehicle id="14" x="198.35" y="332.65" angle="0.00" type="DEFAULT_VEHTYPE" speed="13.73" pos="62.60" lane="1/2to1/1_0" slope="0.00"/>
        <vehicle id="15" x="398.35" y="35.85" angle="0.00" type="DEFAULT_VEHTYPE" speed="12.83" pos="159.40" lane="2/1to2/0_0" slope="0.00"/>
        <vehicle id="16" x="195.67" y="198.29" angle="89.33" type="DEFAULT_VEHTYPE" speed="6.54" pos="0.42" lane=":1/1_12_0" slope="0.00"/>
        <vehicle id="17" x="398.35" y="727.50" angle="0.00" type="DEFAULT_VEHTYPE" speed="13.66" pos="72.50" lane="2/4to2/3_0" slope="0.00"/>
        <vehicle id="18" x="429.11" y="198.35" angle="90.00" type="DEFAULT_VEHTYPE" speed="11.76" pos="24.36" lane="2/1to3/1_0" slope="0.00"/>
        <vehicle id="19" x="581.89" y="401.65" angle="-90.00" type="DEFAULT_VEHTYPE" speed="12.28" pos="13.36" lane="3/2to2/2_0" slope="0.00"/>
        <vehicle id="2" x="26.11" y="201.65" angle="-90.00" type="DEFAULT_VEHTYPE" speed="13.47" pos="169.14" lane="1/1to0/1_0" slope="0.00"/>
        <vehicle id="20" x="536.48" y="401.65" angle="-90.00" type="DEFAULT_VEHTYPE" speed="13.20" pos="58.77" lane="3/2to2/2_0" slope="0.00"/>
        <vehicle id="21" x="131.53" y="201.65" angle="-90.00" type="DEFAULT_VEHTYPE" speed="13.83" pos="63.72" lane="1/1to0/1_0" slope="0.00"/>
        <vehicle id="22" x="251.76" y="401.65" angle="-90.00" type="DEFAULT_VEHTYPE" speed="13.53" pos="143.49" lane="2/2to1/2_0" slope="0.00"/>
        <vehicle id="23" x="601.65" y="317.67" angle="180.00" type="DEFAULT_VEHTYPE" speed="13.50" pos="112.92" lane="3/1to3/2_0" slope="0.00"/>
        <vehicle id="24" x="190.04" y="201.65" angle="-90.00" type="DEFAULT_VEHTYPE" speed="13.67" pos="5.21" lane="1/1to0/1_0" slope="0.00"/>
        <vehicle id="3" x="200.63" y="-1.34" angle="35.25" type="DEFAULT_VEHTYPE" speed="13.56" pos="3.11" lane=":1/0_0_0" slope="0.00"/>
        <vehicle id="4" x="201.65" y="105.17" angle="180.00" type="DEFAULT_VEHTYPE" speed="13.53" pos="105.17" lane="1/0to1/1_0" slope="0.00"/>
        <vehicle id="5" x="401.65" y="621.28" angle="180.00" type="DEFAULT_VEHTYPE" speed="11.73" pos="16.53" lane="2/3to2/4_0" slope="0.00"/>
        <vehicle id="6" x="5.90" y="198.35" angle="90.00" type="DEFAULT_VEHTYPE" speed="12.80" pos="5.90" lane="0/1to1/1_0" slope="0.00"/>
        <vehicle id="7" x="201.65" y="441.82" angle="180.00" type="DEFAULT_VEHTYPE" speed="13.53" pos="37.07" lane="1/2to1/3_0" slope="0.00"/>
        <vehicle id="8" x="198.35" y="92.98" angle="0.00" type="DEFAULT_VEHTYPE" speed="12.81" pos="102.27" lane="1/1to1/0_0" slope="0.00"/>
        <vehicle id="9" x="769.22" y="198.35" angle="90.00" type="DEFAULT_VEHTYPE" speed="13.36" pos="164.47" lane="3/1to4/1_0" slope="0.00"/>
    </timestep>
    <timestep time="449.00">
        <vehicle id="0" x="198.35" y="139.30" angle="0.00" type="DEFAULT_VEHTYPE" speed="12.66" pos="55.95" lane="1/1to1/0_0" slope="0.00"/>
        <vehicle id="1" x="201.65" y="190.73" angle="180.00" type="DEFAULT_VEHTYPE" speed="13.87" pos="190.73" lane="1/0to1/1_0" slope="0.00"/>
        <vehicle id="11" x="204.32" y="401.59" angle="-89.29" type="DEFAULT_VEHTYPE" speed="4.82" pos="0.44" lane=":1/2_6_0" slope="0.00"/>
        <vehicle id="12" x="198.35" y="20.91" angle="0.00" type="DEFAULT_VEHTYPE" speed="13.07" pos="174.34" lane="1/1to1/0_0" slope="0.00"/>
        <vehicle id="14" x="198.35" y="319.16" angle="0.00" type="DEFAULT_VEHTYPE" speed="13.49" pos="76.09" lane="1/2to1/1_0" slope="0.00"/>
        <vehicle id="15" x="398.35" y="22.27" angle="0.00" type="DEFAULT_VEHTYPE" speed="13.58" pos="172.98" lane="2/1to2/0_0" slope="0.00"/>
        <vehicle id="16" x="198.35" y="191.04" angle="1.26" type="DEFAULT_VEHTYPE" speed="8.79" pos="4.21" lane="1/1to1/0_0" slope="0.00"/>
        <vehicle id="17" x="398.35" y="714.66" angle="0.00" type="DEFAULT_VEHTYPE" speed="12.84" pos="85.34" lane="2/4to2/3_0" slope="0.00"/>
        <vehicle id="18" x="442.25" y="198.35" angle="90.00" type="DEFAULT_VEHTYPE" speed="13.14" pos="37.50" lane="2/1to3/1_0" slope="0.00"/>
        <vehicle id="19" x="568.63" y="401.65" angle="-90.00" type="DEFAULT_VEHTYPE" speed="13.25" pos="26.62" lane="3/2to2/2_0" slope="0.00"/>
        <vehicle id="2" x="13.07" y="201.65" angle="-90.00" type="DEFAULT_VEHTYPE" speed="13.03" pos="182.18" lane="1/1to0/1_0" slope="0.00"/>
        <vehicle id="20" x="523.08" y="401.65" angle="-90.00" type="DEFAULT_VEHTYPE" speed="13.40" pos="72.17" lane="3/2to2/2_0" slope="0.00"/>
        <vehicle id="21" x="118.22" y="201.65" angle="-90.00" type="DEFAULT_VEHTYPE" speed="13.32" pos="77.03" lane="1/1to0/1_0" slope="0.00"/>
        <vehicle id="22" x="238.66" y="401.65" angle="-90.00" type="DEFAULT_VEHTYPE" speed="13.10" pos="156.59" lane="2/2to1/2_0" slope="0.00"/>
        <vehicle id="23" x="601.65" y="330.93" angle="180.00" type="DEFAULT_VEHTYPE" speed="13.26" pos="126.18" lane="3/1to3/2_0" slope="0.00"/>
        <vehicle id="24" x="177.10" y="201.65" angle="-90.00" type="DEFAULT_VEHTYPE" speed="12.94" pos="18.15" lane="1/1to0/1_0" slope="0.00"/>
        <vehicle id="3" x="201.65" y="11.17" angle="180.00" type="DEFAULT_VEHTYPE" speed="12.87" pos="11.17" lane="1/0to1/1_0" slope="0.00"/>
        <vehicle id="4" x="201.65" y="118.68" angle="180.00" type="DEFAULT_VEHTYPE" speed="13.51" pos="118.68" lane="1/0to1/1_0" slope="0.00"/>
        <vehicle id="5" x="401.65" y="634.66" angle="180.00" type="DEFAULT_VEHTYPE" speed="13.38" pos="29.91" lane="2/3to2/4_0" slope="0.00"/>
        <vehicle id="6" x="19.47" y="198.35" angle="90.00" type="DEFAULT_VEHTYPE" speed="13.57" pos="19.47" lane="0/1to1/1_0" slope="0.00"/>
        <vehicle id="7" x="201.65" y="455.47" angle="180.00" type="DEFAULT_VEHTYPE" speed="13.65" pos="50.72" lane="1/2to1/3_0" slope="0.00"/>
        <vehicle id="8" x="198.35" y="79.73" angle="0.00" type="DEFAULT_VEHTYPE" speed="13.25" pos="115.52" lane="1/1to1/0_0" slope="0.00"/>
        <vehicle id="9" x="782.65" y="198.35" angle="90.00" type="DEFAULT_VEHTYPE" speed="13.43" pos="177.90" lane="3/1to4/1_0" slope="0.00"/>
    </timestep>
    <timestep time="450.00">
        <vehicle id="0" x="198.35" y="126.32" angle="0.00" type="DEFAULT_VEHTYPE" speed="12.98" pos="68.93" lane="1/1to1/0_0" slope="0.00"/>
        <vehicle id="1" x="208.45" y="198.35" angle="92.07" type="DEFAULT_VEHTYPE" speed="13.22" pos="3.70" lane="1/1to2/1_0" slope="0.00"/>
        <vehicle id="11" x="199.21" y="398.82" angle="-56.65" type="DEFAULT_VEHTYPE" speed="6.16" pos="6.60" lane=":1/2_6_0" slope="0.00"/>
        <vehicle id="12" x="198.35" y="7.36" angle="0.00" type="DEFAULT_VEHTYPE" speed="13.55" pos="187.89" lane="1/1to1/0_0" slope="0.00"/>
        <vehicle id="14" x="198.35" y="306.31" angle="0.00" type="DEFAULT_VEHTYPE" speed="12.85" pos="88.94" lane="1/2to1/1_0" slope="0.00"/>
        <vehicle id="15" x="398.35" y="8.49" angle="0.00" type="DEFAULT_VEHTYPE" speed="13.77" pos="186.76" lane="2/1to2/0_0" slope="0.00"/>
        <vehicle id="16" x="198.35" y="180.72" angle="0.00" type="DEFAULT_VEHTYPE" speed="10.32" pos="14.53" lane="1/1to1/0_0" slope="0.00"/>
        <vehicle id="17" x="398.35" y="701.50" angle="0.00" type="DEFAULT_VEHTYPE" speed="13.16" pos="98.50" lane="2/4to2/3_0" slope="0.00"/>
        <vehicle id="18" x="455.81" y="198.35" angle="90.00" type="DEFAULT_VEHTYPE" speed="13.57" pos="51.06" lane="2/1to3/1_0" slope="0.00"/>
        <vehicle id="19" x="555.52" y="401.65" angle="-90.00" type="DEFAULT_VEHTYPE" speed="13.11" pos="39.73" lane="3/2to2/2_0" slope="0.00"/>
        <vehicle id="2" x="-0.41" y="201.38" angle="-86.85" type="DEFAULT_VEHTYPE" speed="13.57" pos="0.49" lane=":0/1_0_0" slope="0.00"/>
        <vehicle id="20" x="510.25" y="401.65" angle="-90.00" type="DEFAULT_VEHTYPE" speed="12.83" pos="85.00" lane="3/2to2/2_0" slope="0.00"/>
        <vehicle id="21" x="105.02" y="201.65" angle="-90.00" type="DEFAULT_VEHTYPE" speed="13.20" pos="90.23" lane="1/1to0/1_0" slope="0.00"/>
        <vehicle id="22" x="227.00" y="401.65" angle="-90.00" type="DEFAULT_VEHTYPE" speed="11.66" pos="168.25" lane="2/2to1/2_0" slope="0.00"/>
        <vehicle id="23" x="601.65" y="344.15" angle="180.00" type="DEFAULT_VEHTYPE" speed="13.22" pos="139.40" lane="3/1to3/2_0" slope="0.00"/>
        <vehicle id="24" x="163.80" y="201.65" angle="-90.00" type="DEFAULT_VEHTYPE" speed="13.29" pos="31.45" lane="1/1to0/1_0" slope="0.00"/>
        <vehicle id="3" x="201.65" y="24.49" angle="180.00" type="DEFAULT_VEHTYPE" speed="13.33" pos="24.49" lane="1/0to1/1_0" slope="0.00"/>
        <vehicle id="4" x="201.65" y="131.62" angle="180.00" type="DEFAULT_VEHTYPE" speed="12.94" pos="131.62" lane="1/0to1/1_0" slope="0.00"/>
        <vehicle id="5" x="401.65" y="647.69" angle="180.00" type="DEFAULT_VEHTYPE" speed="13.03" pos="42.94" lane="2/3to2/4_0" slope="0.00"/>
        <vehicle id="6" x="32.22" y="198.35" angle="90.00" type="DEFAULT_VEHTYPE" speed="12.75" pos="32.22" lane="0/1to1/1_0" slope="0.00"/>
        <vehicle id="7" x="201.65" y="469.06" angle="180.00" type="DEFAULT_VEHTYPE" speed="13.59" pos="64.31" lane="1/2to1/3_0" slope="0.00"/>
        <vehicle id="8" x="198.35" y="65.86" angle="0.00" type="DEFAULT_VEHTYPE" speed="13.87" pos="129.39" lane="1/1to1/0_0" slope="0.00"/>
        <vehicle id="9" x="796.04" y="198.35" angle="90.00" type="DEFAULT_VEHTYPE" speed="13.39" pos="191.29" lane="3/1to4/1_0" slope="0.00"/>
    </timestep>
    <timestep time="451.00">
        <vehicle id="0" x="198.35" y="113.31" angle="0.00" type="DEFAULT_VEHTYPE" speed="13.01" pos="81.94" lane="1/1to1/0_0" slope="0.00"/>
        <vehicle id="1" x="221.28" y="198.35" angle="90.00" type="DEFAULT_VEHTYPE" speed="12.83" pos="16.53" lane="1/1to2/1_0" slope="0.00"/>
        <vehicle id="11" x="198.35" y="390.78" angle="-0.86" type="DEFAULT_VEHTYPE" speed="8.20" pos="4.47" lane="1/2to1/1_0" slope="0.00"/>
        <vehicle id="12" x="201.65" y="0.74" angle="112.11" type="DEFAULT_VEHTYPE" speed="12.92" pos="0.74" lane="1/0to1/1_0" slope="0.00"/>
        <vehicle id="14" x="198.35" y="293.39" angle="0.00" type="DEFAULT_VEHTYPE" speed="12.92" pos="101.86" lane="1/2to1/1_0" slope="0.00"/>
        <vehicle id="15" x="401.28" y="-0.55" angle="64.46" type="DEFAULT_VEHTYPE" speed="12.65" pos="4.15" lane=":2/0_0_0" slope="0.00"/>
        <vehicle id="16" x="198.35" y="169.04" angle="0.00" type="DEFAULT_VEHTYPE" speed="11.68" pos="26.21" lane="1/1to1/0_0" slope="0.00"/>
        <vehicle id="17" x="398.35" y="688.10" angle="0.00" type="DEFAULT_VEHTYPE" speed="13.40" pos="111.90" lane="2/4to2/3_0" slope="0.00"/>
        <vehicle id="18" x="469.00" y="198.35" angle="90.00" type="DEFAULT_VEHTYPE" speed="13.19" pos="64.25" lane="2/1to3/1_0" slope="0.00"/>
        <vehicle id="19" x="542.13" y="401.65" angle="-90.00" type="DEFAULT_VEHTYPE" speed="13.39" pos="53.12" lane="3/2to2/2_0" slope="0.00"/>
        <vehicle id="2" x="9.00" y="198.35" angle="90.00" type="DEFAULT_VEHTYPE" speed="13.33" pos="9.00" lane="0/1to1/1_0" slope="0.00"/>
        <vehicle id="20" x="496.43" y="401.65" angle="-90.00" type="DEFAULT_VEHTYPE" speed="13.82" pos="98.82" lane="3/2to2/2_0" slope="0.00"/>
        <vehicle id="21" x="91.66" y="201.65" angle="-90.00" type="DEFAULT_VEHTYPE" speed="13.36" pos="103.59" lane="1/1to0/1_0" slope="0.00"/>
        <vehicle id="22" x="217.58" y="401.65" angle="-90.00" type="DEFAULT_VEHTYPE" speed="9.42" pos="177.67" lane="2/2to1/2_0" slope="0.00"/>
        <vehicle id="23" x="601.65" y="357.29" angle="180.00" type="DEFAULT_VEHTYPE" speed="13.14" pos="152.54" lane="3/1to3/2_0" slope="0.00"/>
        <vehicle id="24" x="150.69" y="201.65" angle="-90.00" type="DEFAULT_VEHTYPE" speed="13.11" pos="44.56" lane="1/1to0/1_0" slope="0.00"/>
        <vehicle id="3" x="201.65" y="37.55" angle="180.00" type="DEFAULT_VEHTYPE" speed="13.05" pos="37.55" lane="1/0to1/1_0" slope="0.00"/>
        <vehicle id="4" x="201.65" y="144.95" angle="180.00" type="DEFAULT_VEHTYPE" speed="13.33" pos="144.95" lane="1/0to1/1_0" slope="0.00"/>
        <vehicle id="5" x="401.65" y="660.90" angle="180.00" type="DEFAULT_VEHTYPE" speed="13.21" pos="56.15" lane="2/3to2/4_0" slope="0.00"/>
        <vehicle id="6" x="45.42" y="198.35" angle="90.00" type="DEFAULT_VEHTYPE" speed="13.19" pos="45.42" lane="0/1to1/1_0" slope="0.00"/>
        <vehicle id="7" x="201.65" y="482.31" angle="180.00" type="DEFAULT_VEHTYPE" speed="13.25" pos="77.56" lane="1/2to1/3_0" slope="0.00"/>
        <vehicle id="8" x="198.35" y="52.05" angle="0.00" type="DEFAULT_VEHTYPE" speed="13.82" pos="143.20" lane="1/1to1/0_0" slope="0.00"/>
        <vehicle id="9" x="795.21" y="201.65" angle="-91.33" type="DEFAULT_VEHTYPE" speed="13.57" pos="4.79" lane="4/1to3/1_0" slope="0.00"/>
    </timestep>
    <timestep time="452.00">
        <vehicle id="0" x="198.35" y="99.96" angle="0.00" type="DEFAULT_VEHTYPE" speed="13.35" pos="95.29" lane="1/1to1/0_0" slope="0.00"/>
        <vehicle id="1" x="234.84" y="198.35" angle="90.00" type="DEFAULT_VEHTYPE" speed="13.56" pos="30.09" lane="1/1to2/1_0" slope="0.00"/>
        <vehicle id="11" x="198.35" y="381.05" angle="0.00" type="DEFAULT_VEHTYPE" speed="9.73" pos="14.20" lane="1/2to1/1_0" slope="0.00"/>
        <vehicle id="12" x="201.65" y="13.46" angle="180.00" type="DEFAULT_VEHTYPE" speed="12.71" pos="13.46" lane="1/0to1/1_0" slope="0.00"/>
        <vehicle id="14" x="198.35" y="279.56" angle="0.00" type="DEFAULT_VEHTYPE" speed="13.83" pos="115.69" lane="1/2to1/1_0" slope="0.00"/>
        <vehicle id="15" x="401.65" y="12.19" angle="180.00" type="DEFAULT_VEHTYPE" speed="12.85" pos="12.19" lane="2/0to2/1_0" slope="0.00"/>
        <vehicle id="16" x="198.35" y="156.37" angle="0.00" type="DEFAULT_VEHTYPE" speed="12.67" pos="38.88" lane="1/1to1/0_0" slope="0.00"/>
        <vehicle id="17" x="398.35" y="674.66" angle="0.00" type="DEFAULT_VEHTYPE" speed="13.44" pos="125.34" lane="2/4to2/3_0" slope="0.00"/>
        <vehicle id="18" x="482.68" y="198.35" angle="90.00" type="DEFAULT_VEHTYPE" speed="13.68" pos="77.93" lane="2/1to3/1_0" slope="0.00"/>
        <vehicle id="19" x="528.87" y="401.65" angle="-90.00" type="DEFAULT_VEHTYPE" speed="13.26" pos="66.38" lane="3/2to2/2_0" slope="0.00"/>
        <vehicle id="2" x="22.44" y="198.35" angle="90.00" type="DEFAULT_VEHTYPE" speed="13.44" pos="22.44" lane="0/1to1/1_0" slope="0.00"/>
        <vehicle id="20" x="482.94" y="401.65" angle="-90.00" type="DEFAULT_VEHTYPE" speed="13.49" pos="112.31" lane="3/2to2/2_0" slope="0.00"/>
        <vehicle id="21" x="78.04" y="201.65" angle="-90.00" type="DEFAULT_VEHTYPE" speed="13.62" pos="117.21" lane="1/1to0/1_0" slope="0.00"/>
        <vehicle id="22" x="212.43" y="401.65" angle="-90.00" type="DEFAULT_VEHTYPE" speed="5.15" pos="182.82" lane="2/2to1/2_0" slope="0.00"/>
        <vehicle id="23" x="601.65" y="370.23" angle="180.00" type="DEFAULT_VEHTYPE" speed="12.94" pos="165.48" lane="3/1to3/2_0" slope="0.00"/>
        <vehicle id="24" x="137.58" y="201.65" angle="-90.00" type="DEFAULT_VEHTYPE" speed="13.10" pos="57.67" lane="1/1to0/1_0" slope="0.00"/>
        <vehicle id="3" x="201.65" y="50.31" angle="180.00" type="DEFAULT_VEHTYPE" speed="12.76" pos="50.31" lane="1/0to1/1_0" slope="0.00"/>
        <vehicle id="4" x="201.65" y="158.36" angle="180.00" type="DEFAULT_VEHTYPE" speed="13.41" pos="158.36" lane="1/0to1/1_0" slope="0.00"/>
        <vehicle id="5" x="401.65" y="674.05" angle="180.00" type="DEFAULT_VEHTYPE" speed="13.14" pos="69.30" lane="2/3to2/4_0" slope="0.00"/>
        <vehicle id="6" x="59.24" y="198.35" angle="90.00" type="DEFAULT_VEHTYPE" speed="13.82" pos="59.24" lane="0/1to1/1_0" slope="0.00"/>
        <vehicle id="7" x="201.65" y="495.68" angle="180.00" type="DEFAULT_VEHTYPE" speed="13.37" pos="90.93" lane="1/2to1/3_0" slope="0.00"/>
        <vehicle id="8" x="198.35" y="39.25" angle="0.00" type="DEFAULT_VEHTYPE" speed="12.80" pos="156.00" lane="1/1to1/0_0" slope="0.00"/>
        <vehicle id="9" x="782.03" y="201.65" angle="-90.00" type="DEFAULT_VEHTYPE" speed="13.17" pos="17.97" lane="4/1to3/1_0" slope="0.00"/>
    </timestep>
    <timestep time="453.00">
        <vehicle id="0" x="198.35" y="86.51" angle="0.00" type="DEFAULT_VEHTYPE" speed="13.45" pos="108.74" lane="1/1to1/0_0" slope="0.00"/>
        <vehicle id="1" x="247.89" y="198.35" angle="90.00" type="DEFAULT_VEHTYPE" speed="13.05" pos="43.14" lane="1/1to2/1_0" slope="0.00"/>
        <vehicle id="11" x="198.35" y="369.38" angle="0.00" type="DEFAULT_VEHTYPE" speed="11.67" pos="25.87" lane="1/2to1/1_0" slope="0.00"/>
        <vehicle id="12" x="201.65" y="26.45" angle="180.00" type="DEFAULT_VEHTYPE" speed="13.00" pos="26.45" lane="1/0to1/1_0" slope="0.00"/>
        <vehicle id="14" x="198.35" y="265.78" angle="0.00" type="DEFAULT_VEHTYPE" speed="13.79" pos="129.47" lane="1/2to1/1_0" slope="0.00"/>
        <vehicle id="15" x="401.65" y="25.60" angle="180.00" type="DEFAULT_VEHTYPE" speed="13.41" pos="25.60" lane="2/0to2/1_0" slope="0.00"/>
        <vehicle id="16" x="198.35" y="143.40" angle="0.00" type="DEFAULT_VEHTYPE" speed="12.97" pos="51.85" lane="1/1to1/0_0" slope="0.00"/>
        <vehicle id="17" x="398.35" y="661.52" angle="0.00" type="DEFAULT_VEHTYPE" speed="13.15" pos="138.48" lane="2/4to2/3_0" slope="0.00"/>
        <vehicle id="18" x="496.52" y="198.35" angle="90.00" type="DEFAULT_VEHTYPE" speed="13.84" pos="91.77" lane="2/1to3/1_0" slope="0.00"/>
        <vehicle id="19" x="515.64" y="401.65" angle="-90.00" type="DEFAULT_VEHTYPE" speed="13.23" pos="79.61" lane="3/2to2/2_0" slope="0.00"/>
        <vehicle id="2" x="35.10" y="198.35" angle="90.00" type="DEFAULT_VEHTYPE" speed="12.66" pos="35.10" lane="0/1to1/1_0" slope="0.00"/>
        <vehicle id="20" x="469.51" y="401.65" angle="-90.00" type="DEFAULT_VEHTYPE" speed="13.43" pos="125.74" lane="3/2to2/2_0" slope="0.00"/>
        <vehicle id="21" x="64.94" y="201.65" angle="-90.00" type="DEFAULT_VEHTYPE" speed="13.10" pos="130.31" lane="1/1to0/1_0" slope="0.00"/>
        <vehicle id="22" x="209.53" y="401.65" angle="-90.00" type="DEFAULT_VEHTYPE" speed="2.90" pos="185.72" lane="2/2to1/2_0" slope="0.00"/>
        <vehicle id="23" x="601.65" y="380.24" angle="180.00" type="DEFAULT_VEHTYPE" speed="10.01" pos="175.49" lane="3/1to3/2_0" slope="0.00"/>
        <vehicle id="24" x="124.36" y="201.65" angle="-90.00" type="DEFAULT_VEHTYPE" speed="13.22" pos="70.89" lane="1/1to0/1_0" slope="0.00"/>
        <vehicle id="3" x="201.65" y="63.91" angle="180.00" type="DEFAULT_VEHTYPE" speed="13.60" pos="63.91" lane="1/0to1/1_0" slope="0.00"/>
        <vehicle id="4" x="201.65" y="170.99" angle="180.00" type="DEFAULT_VEHTYPE" speed="12.62" pos="170.99" lane="1/0to1/1_0" slope="0.00"/>
        <vehicle id="5" x="401.65" y="686.74" angle="180.00" type="DEFAULT_VEHTYPE" speed="12.69" pos="81.99" lane="2/3to2/4_0" slope="0.00"/>
        <vehicle id="6" x="73.00" y="198.35" angle="90.00" type="DEFAULT_VEHTYPE" speed="13.76" pos="73.00" lane="0/1to1/1_0" slope="0.00"/>
        <vehicle id="7" x="201.65" y="508.60" angle="180.00" type="DEFAULT_VEHTYPE" speed="12.92" pos="103.85" lane="1/2to1/3_0" slope="0.00"/>
        <vehicle id="8" x="198.35" y="26.58" angle="0.00" type="DEFAULT_VEHTYPE" speed="12.67" pos="168.67" lane="1/1to1/0_0" slope="0.00"/>
        <vehicle id="9" x="768.81" y="201.65" angle="-90.00" type="DEFAULT_VEHTYPE" speed="13.22" pos="31.19" lane="4/1to3/1_0" slope="0.00"/>
    </timestep>
    <timestep time="454.00">
        <vehicle id="0" x="198.35" y="73.72" angle="0.00" type="DEFAULT_VEHTYPE" speed="12.79" pos="121.53" lane="1/1to1/0_0" slope="0.00"/>
        <vehicle id="1" x="260.66" y="198.35" angle="90.00" type="DEFAULT_VEHTYPE" speed="12.78" pos="55.91" lane="1/1to2/1_0" slope="0.00"/>
        <vehicle id="11" x="198.35" y="355.93" angle="0.00" type="DEFAULT_VEHTYPE" speed="13.45" pos="39.32" lane="1/2to1/1_0" slope="0.00"/>
        <vehicle id="12" x="201.65" y="40.16" angle="180.00" type="DEFAULT_VEHTYPE" speed="13.70" pos="40.16" lane="1/0to1/1_0" slope="0.00"/>
        <vehicle id="14" x="198.35" y="252.96" angle="0.00" type="DEFAULT_VEHTYPE" speed="12.82" pos="142.29" lane="1/2to1/1_0" slope="0.00"/>
        <vehicle id="15" x="401.65" y="38.46" angle="180.00" type="DEFAULT_VEHTYPE" speed="12.86" pos="38.46" lane="2/0to2/1_0" slope="0.00"/>
        <vehicle id="16" x="198.35" y="130.77" angle="0.00" type="DEFAULT_VEHTYPE" speed="12.62" pos="64.48" lane="1/1to1/0_0" slope="0.00"/>
        <vehicle id="17" x="398.35" y="648.47" angle="0.00" type="DEFAULT_VEHTYPE" speed="13.04" pos="151.53" lane="2/4to2/3_0" slope="0.00"/>
        <vehicle id="18" x="509.18" y="198.35" angle="90.00" type="DEFAULT_VEHTYPE" speed="12.66" pos="104.43" lane="2/1to3/1_0" slope="0.00"/>
        <vehicle id="19" x="501.74" y="401.65" angle="-90.00" type="DEFAULT_VEHTYPE" speed="13.89" pos="93.51" lane="3/2to2/2_0" slope="0.00"/>
        <vehicle id="2" x="48.41" y="198.35" angle="90.00" type="DEFAULT_VEHTYPE" speed="13.30" pos="48.41" lane="0/1to1/1_0" slope="0.00"/>
        <vehicle id="20" x="456.43" y="401.65" angle="-90.00" type="DEFAULT_VEHTYPE" speed="13.08" pos="138.82" lane="3/2to2/2_0" slope="0.00"/>
        <vehicle id="21" x="51.84" y="201.65" angle="-90.00" type="DEFAULT_VEHTYPE" speed="13.10" pos="143.41" lane="1/1to0/1_0" slope="0.00"/>
        <vehicle id="22" x="204.11" y="401.56" angle="-88.95" type="DEFAULT_VEHTYPE" speed="5.43" pos="0.65" lane=":1/2_6_0" slope="0.00"/>
        <vehicle id="23" x="601.65" y="386.67" angle="180.00" type="DEFAULT_VEHTYPE" speed="6.42" pos="181.92" lane="3/1to3/2_0" slope="0.00"/>
        <vehicle id="24" x="111.06" y="201.65" angle="-90.00" type="DEFAULT_VEHTYPE" speed="13.30" pos="84.19" lane="1/1to0/1_0" slope="0.00"/>
        <vehicle id="3" x="201.65" y="76.86" angle="180.00" type="DEFAULT_VEHTYPE" speed="12.95" pos="76.86" lane="1/0to1/1_0" slope="0.00"/>
        <vehicle id="4" x="201.65" y="184.68" angle="180.00" type="DEFAULT_VEHTYPE" speed="13.70" pos="184.68" lane="1/0to1/1_0" slope="0.00"/>
        <vehicle id="5" x="401.65" y="699.70" angle="180.00" type="DEFAULT_VEHTYPE" speed="12.96" pos="94.95" lane="2/3to2/4_0" slope="0.00"/>
        <vehicle id="6" x="85.71" y="198.35" angle="90.00" type="DEFAULT_VEHTYPE" speed="12.71" pos="85.71" lane="0/1to1/1_0" slope="0.00"/>
        <vehicle id="7" x="201.65" y="521.42" angle="180.00" type="DEFAULT_VEHTYPE" speed="12.82" pos="116.67" lane="1/2to1/3_0" slope="0.00"/>
        <vehicle id="8" x="198.35" y="12.88" angle="0.00" type="DEFAULT_VEHTYPE" speed="13.70" pos="182.37" lane="1/1to1/0_0" slope="0.00"/>
        <vehicle id="9" x="755.65" y="201.65" angle="-90.00" type="DEFAULT_VEHTYPE" speed="13.16" pos="44.35" lane="4/1to3/1_0" slope="0.00"/>
    </timestep>
    <timestep time="455.00">
        <vehicle id="0" x="198.35" y="60.39" angle="0.00" type="DEFAULT_VEHTYPE" speed="13.33" pos="134.86" lane="1/1to1/0_0" slope="0.00"/>
        <vehicle id="1" x="273.74" y="198.35" angle="90.00" type="DEFAULT_VEHTYPE" speed="13.08" pos="68.99" lane="1/1to2/1_0" slope="0.00"/>
        <vehicle id="11" x="198.35" y="343.12" angle="0.00" type="DEFAULT_VEHTYPE" speed="12.82" pos="52.13" lane="1/2to1/1_0" slope="0.00"/>
        <vehicle id="12" x="201.65" y="53.26" angle="180.00" type="DEFAULT_VEHTYPE" speed="13.11" pos="53.26" lane="1/0to1/1_0" slope="0.00"/>
        <vehicle id="14" x="198.35" y="239.45" angle="0.00" type="DEFAULT_VEHTYPE" speed="13.51" pos="155.80" lane="1/2to1/1_0" slope="0.00"/>
        <vehicle id="15" x="401.65" y="51.61" angle="180.00" type="DEFAULT_VEHTYPE" speed="13.15" pos="51.61" lane="2/0to2/1_0" slope="0.00"/>
        <vehicle id="16" x="198.35" y="117.06" angle="0.00" type="DEFAULT_VEHTYPE" speed="13.71" pos="78.19" lane="1/1to1/0_0" slope="0.00"/>
        <vehicle id="17" x="398.35" y="635.85" angle="0.00" type="DEFAULT_VEHTYPE" speed="12.63" pos="164.15" lane="2/4to2/3_0" slope="0.00"/>
        <vehicle id="18" x="523.01" y="198.35" angle="90.00" type="DEFAULT_VEHTYPE" speed="13.83" pos="118.26" lane="2/1to3/1_0" slope="0.00"/>
        <vehicle id="19" x="488.42" y="401.65" angle="-90.00" type="DEFAULT_VEHTYPE" speed="13.32" pos="106.83" lane="3/2to2/2_0" slope="0.00"/>
        <vehicle id="2" x="62.21" y="198.35" angle="90.00" type="DEFAULT_VEHTYPE" speed="13.80" pos="62.21" lane="0/1to1/1_0" slope="0.00"/>
        <vehicle id="20" x="442.62" y="401.65" angle="-90.00" type="DEFAULT_VEHTYPE" speed="13.81" pos="152.63" lane="3/2to2/2_0" slope="0.00"/>
        <vehicle id="21" x="38.21" y="201.65" angle="-90.00" type="DEFAULT_VEHTYPE" speed="13.63" pos="157.04" lane="1/1to0/1_0" slope="0.00"/>
        <vehicle id="22" x="198.66" y="397.43" angle="-39.60" type="DEFAULT_VEHTYPE" speed="7.48" pos="8.12" lane=":1/2_6_0" slope="0.00"/>
        <vehicle id="23" x="601.65" y="390.02" angle="180.00" type="DEFAULT_VEHTYPE" speed="3.35" pos="185.27" lane="3/1to3/2_0" slope="0.00"/>
        <vehicle id="24" x="98.13" y="201.65" angle="-90.00" type="DEFAULT_VEHTYPE" speed="12.93" pos="97.12" lane="1/1to0/1_0" slope="0.00"/>
        <vehicle id="3" x="201.65" y="90.39" angle="180.00" type="DEFAULT_VEHTYPE" speed="13.53" pos="90.39" lane="1/0to1/1_0" slope="0.00"/>
        <vehicle id="4" x="202.20" y="197.20" angle="173.57" type="DEFAULT_VEHTYPE" speed="12.63" pos="2.07" lane=":1/1_8_0" slope="0.00"/>
        <vehicle id="5" x="401.65" y="712.98" angle="180.00" type="DEFAULT_VEHTYPE" speed="13.28" pos="108.23" lane="2/3to2/4_0" slope="0.00"/>
        <vehicle id="6" x="99.35" y="198.35" angle="90.00" type="DEFAULT_VEHTYPE" speed="13.64" pos="99.35" lane="0/1to1/1_0" slope="0.00"/>
        <vehicle id="7" x="201.65" y="534.94" angle="180.00" type="DEFAULT_VEHTYPE" speed="13.52" pos="130.19" lane="1/2to1/3_0" slope="0.00"/>
        <vehicle id="8" x="198.35" y="0.01" angle="0.00" type="DEFAULT_VEHTYPE" speed="12.87" pos="195.24" lane="1/1to1/0_0" slope="0.00"/>
        <vehicle id="9" x="742.14" y="201.65" angle="-90.00" type="DEFAULT_VEHTYPE" speed="13.51" pos="57.86" lane="4/1to3/1_0" slope="0.00"/>
    </timestep>
    <timestep time="456.00">
        <vehicle id="0" x="198.35" y="47.00" angle="0.00" type="DEFAULT_VEHTYPE" speed="13.39" pos="148.25" lane="1/1to1/0_0" slope="0.00"/>
        <vehicle id="1" x="286.56" y="198.35" angle="90.00" type="DEFAULT_VEHTYPE" speed="12.82" pos="81.81" lane="1/1to2/1_0" slope="0.00"/>
        <vehicle id="11" x="198.35" y="329.30" angle="0.00" type="DEFAULT_VEHTYPE" speed="13.82" pos="65.95" lane="1/2to1/1_0" slope="0.00"/>
        <vehicle id="12" x="201.65" y="66.66" angle="180.00" type="DEFAULT_VEHTYPE" speed="13.40" pos="66.66" lane="1/0to1/1_0" slope="0.00"/>
        <vehicle id="14" x="198.35" y="226.43" angle="0.00" type="DEFAULT_VEHTYPE" speed="13.02" pos="168.82" lane="1/2to1/1_0" slope="0.00"/>
        <vehicle id="15" x="401.65" y="64.37" angle="180.00" type="DEFAULT_VEHTYPE" speed="12.76" pos="64.37" lane="2/0to2/1_0" slope="0.00"/>
        <vehicle id="16" x="198.35" y="104.07" angle="0.00" type="DEFAULT_VEHTYPE" speed="12.99" pos="91.18" lane="1/1to1/0_0" slope="0.00"/>
        <vehicle id="17" x="398.35" y="622.51" angle="0.00" type="DEFAULT_VEHTYPE" speed="13.34" pos="177.49" lane="2/4to2/3_0" slope="0.00"/>
        <vehicle id="18" x="536.70" y="198.35" angle="90.00" type="DEFAULT_VEHTYPE" speed="13.70" pos="131.95" lane="2/1to3/1_0" slope="0.00"/>
        <vehicle id="19" x="475.36" y="401.65" angle="-90.00" type="DEFAULT_VEHTYPE" speed="13.06" pos="119.89" lane="3/2to2/2_0" slope="0.00"/>
        <vehicle id="2" x="74.87" y="198.35" angle="90.00" type="DEFAULT_VEHTYPE" speed="12.66" pos="74.87" lane="0/1to1/1_0" slope="0.00"/>
        <vehicle id="20" x="429.65" y="401.65" angle="-90.00" type="DEFAULT_VEHTYPE" speed="12.97" pos="165.60" lane="3/2to2/2_0" slope="0.00"/>
        <vehicle id="21" x="24.72" y="201.65" angle="-90.00" type="DEFAULT_VEHTYPE" speed="13.50" pos="170.53" lane="1/1to0/1_0" slope="0.00"/>
        <vehicle id="22" x="198.35" y="387.60" angle="0.00" type="DEFAULT_VEHTYPE" speed="9.85" pos="7.65" lane="1/2to1/1_0" slope="0.00"/>
        <vehicle id="23" x="601.65" y="394.77" angle="180.00" type="DEFAULT_VEHTYPE" speed="4.75" pos="190.02" lane="3/1to3/2_0" slope="0.00"/>
        <vehicle id="24" x="84.88" y="201.65" angle="-90.00" type="DEFAULT_VEHTYPE" speed="13.24" pos="110.37" lane="1/1to0/1_0" slope="0.00"/>
        <vehicle id="3" x="201.65" y="103.45" angle="180.00" type="DEFAULT_VEHTYPE" speed="13.07" pos="103.45" lane="1/0to1/1_0" slope="0.00"/>
        <vehicle id="4" x="215.27" y="198.35" angle="90.00" type="DEFAULT_VEHTYPE" speed="13.45" pos="10.52" lane="1/1to2/1_0" slope="0.00"/>
        <vehicle id="5" x="401.65" y="726.35" angle="180.00" type="DEFAULT_VEHTYPE" speed="13.37" pos="121.60" lane="2/3to2/4_0" slope="0.00"/>
        <vehicle id="6" x="112.48" y="198.35" angle="90.00" type="DEFAULT_VEHTYPE" speed="13.13" pos="112.48" lane="0/1to1/1_0" slope="0.00"/>
        <vehicle id="7" x="201.65" y="547.54" angle="180.00" type="DEFAULT_VEHTYPE" speed="12.60" pos="142.79" lane="1/2to1/3_0" slope="0.00"/>
        <vehicle id="8" x="201.65" y="8.04" angle="180.00" type="DEFAULT_VEHTYPE" speed="12.88" pos="8.04" lane="1/0to1/1_0" slope="0.00"/>
        <vehicle id="9" x="729.22" y="201.65" angle="-90.00" type="DEFAULT_VEHTYPE" speed="12.92" pos="70.78" lane="4/1to3/1_0" slope="0.00"/>
    </timestep>
    <timestep time="457.00">
        <vehicle id="0" x="198.35" y="33.77" angle="0.00" type="DEFAULT_VEHTYPE" speed="13.23" pos="161.48" lane="1/1to1/0_0" slope="0.00"/>
        <vehicle id="1" x="299.38" y="198.35" angle="90.00" type="DEFAULT_VEHTYPE" speed="12.82" pos="94.63" lane="1/1to2/1_0" slope="0.00"/>
        <vehicle id="11" x="198.35" y="316.60" angle="0.00" type="DEFAULT_VEHTYPE" speed="12.70" pos="78.65" lane="1/2to1/1_0" slope="0.00"/>
        <vehicle id="12" x="201.65" y="80.34" angle="180.00" type="DEFAULT_VEHTYPE" speed="13.68" pos="80.34" lane="1/0to1/1_0" slope="0.00"/>
        <vehicle id="14" x="198.35" y="213.48" angle="0.00" type="DEFAULT_VEHTYPE" speed="12.94" pos="181.77" lane="1/2to1/1_0" slope="0.00"/>
        <vehicle id="15" x="401.65" y="77.86" angle="180.00" type="DEFAULT_VEHTYPE" speed="13.49" pos="77.86" lane="2/0to2/1_0" slope="0.00"/>
        <vehicle id="16" x="198.35" y="90.91" angle="0.00" type="DEFAULT_VEHTYPE" speed="13.16" pos="104.34" lane="1/1to1/0_0" slope="0.00"/>
        <vehicle id="17" x="398.35" y="609.42" angle="0.00" type="DEFAULT_VEHTYPE" speed="13.09" pos="190.58" lane="2/4to2/3_0" slope="0.00"/>
        <vehicle id="18" x="549.63" y="198.35" angle="90.00" type="DEFAULT_VEHTYPE" speed="12.92" pos="144.88" lane="2/1to3/1_0" slope="0.00"/>
        <vehicle id="19" x="462.70" y="401.65" angle="-90.00" type="DEFAULT_VEHTYPE" speed="12.66" pos="132.55" lane="3/2to2/2_0" slope="0.00"/>
        <vehicle id="2" x="87.73" y="198.35" angle="90.00" type="DEFAULT_VEHTYPE" speed="12.87" pos="87.73" lane="0/1to1/1_0" slope="0.00"/>
        <vehicle id="20" x="420.36" y="401.65" angle="-90.00" type="DEFAULT_VEHTYPE" speed="9.28" pos="174.89" lane="3/2to2/2_0" slope="0.00"/>
        <vehicle id="21" x="10.92" y="201.65" angle="-90.00" type="DEFAULT_VEHTYPE" speed="13.80" pos="184.33" lane="1/1to0/1_0" slope="0.00"/>
        <vehicle id="22" x="198.35" y="376.45" angle="0.00" type="DEFAULT_VEHTYPE" speed="11.15" pos="18.80" lane="1/2to1/1_0" slope="0.00"/>
        <vehicle id="23" x="599.60" y="400.32" angle="-156.09" type="DEFAULT_VEHTYPE" speed="6.16" pos="5.68" lane=":3/2_10_0" slope="0.00"/>
        <vehicle id="24" x="72.11" y="201.65" angle="-90.00" type="DEFAULT_VEHTYPE" speed="12.78" pos="123.14" lane="1/1to0/1_0" slope="0.00"/>
        <vehicle id="3" x="201.65" y="116.25" angle="180.00" type="DEFAULT_VEHTYPE" speed="12.79" pos="116.25" lane="1/0to1/1_0" slope="0.00"/>
        <vehicle id="4" x="228.68" y="198.35" angle="90.00" type="DEFAULT_VEHTYPE" speed="13.42" pos="23.93" lane="1/1to2/1_0" slope="0.00"/>
        <vehicle id="5" x="401.65" y="739.15" angle="180.00" type="DEFAULT_VEHTYPE" speed="12.80" pos="134.40" lane="2/3to2/4_0" slope="0.00"/>
        <vehicle id="6" x="125.67" y="198.35" angle="90.00" type="DEFAULT_VEHTYPE" speed="13.19" pos="125.67" lane="0/1to1/1_0" slope="0.00"/>
        <vehicle id="7" x="201.65" y="560.76" angle="180.00" type="DEFAULT_VEHTYPE" speed="13.21" pos="156.01" lane="1/2to1/3_0" slope="0.00"/>
        <vehicle id="8" x="201.65" y="20.99" angle="180.00" type="DEFAULT_VEHTYPE" speed="12.94" pos="20.99" lane="1/0to1/1_0" slope="0.00"/>
        <vehicle id="9" x="716.32" y="201.65" angle="-90.00" type="DEFAULT_VEHTYPE" speed="12.90" pos="83.68" lane="4/1to3/1_0" slope="0.00"/>
    </timestep>
    <timestep time="458.00">
        <vehicle id="0" x="198.35" y="20.17" angle="0.00" type="DEFAULT_VEHTYPE" speed="13.60" pos="175.08" lane="1/1to1/0_0" slope="0.00"/>
        <vehicle id="1" x="312.17" y="198.35" angle="90.00" type="DEFAULT_VEHTYPE" speed="12.79" pos="107.42" lane="1/1to2/1_0" slope="0.00"/>
        <vehicle id="11" x="198.35" y="303.99" angle="0.00" type="DEFAULT_VEHTYPE" speed="12.61" pos="91.26" lane="1/2to1/1_0" slope="0.00"/>
        <vehicle id="12" x="201.65" y="93.72" angle="180.00" type="DEFAULT_VEHTYPE" speed="13.38" pos="93.72" lane="1/0to1/1_0" slope="0.00"/>
        <vehicle id="14" x="196.17" y="201.78" angle="-29.12" type="DEFAULT_VEHTYPE" speed="12.80" pos="4.07" lane=":1/1_0_0" slope="0.00"/>
        <vehicle id="15" x="401.65" y="90.46" angle="180.00" type="DEFAULT_VEHTYPE" speed="12.61" pos="90.46" lane="2/0to2/1_0" slope="0.00"/>
        <vehicle id="16" x="198.35" y="77.22" angle="0.00" type="DEFAULT_VEHTYPE" speed="13.69" pos="118.03" lane="1/1to1/0_0" slope="0.00"/>
        <vehicle id="17" x="398.35" y="596.33" angle="0.00" type="DEFAULT_VEHTYPE" speed="13.10" pos="8.42" lane=":2/3_1_0" slope="0.00"/>
        <vehicle id="18" x="562.25" y="198.35" angle="90.00" type="DEFAULT_VEHTYPE" speed="12.62" pos="157.50" lane="2/1to3/1_0" slope="0.00"/>
        <vehicle id="19" x="449.90" y="401.65" angle="-90.00" type="DEFAULT_VEHTYPE" speed="12.81" pos="145.35" lane="3/2to2/2_0" slope="0.00"/>
        <vehicle id="2" x="101.06" y="198.35" angle="90.00" type="DEFAULT_VEHTYPE" speed="13.32" pos="101.06" lane="0/1to1/1_0" slope="0.00"/>
        <vehicle id="20" x="413.78" y="401.65" angle="-90.00" type="DEFAULT_VEHTYPE" speed="6.59" pos="181.47" lane="3/2to2/2_0" slope="0.00"/>
        <vehicle id="21" x="-1.50" y="199.71" angle="-62.75" type="DEFAULT_VEHTYPE" speed="13.65" pos="2.74" lane=":0/1_0_0" slope="0.00"/>
        <vehicle id="22" x="198.35" y="363.71" angle="0.00" type="DEFAULT_VEHTYPE" speed="12.73" pos="31.54" lane="1/2to1/1_0" slope="0.00"/>
        <vehicle id="23" x="591.44" y="401.65" angle="-91.92" type="DEFAULT_VEHTYPE" speed="8.46" pos="3.81" lane="3/2to2/2_0" slope="0.00"/>
        <vehicle id="24" x="59.32" y="201.65" angle="-90.00" type="DEFAULT_VEHTYPE" speed="12.79" pos="135.93" lane="1/1to0/1_0" slope="0.00"/>
        <vehicle id="3" x="201.65" y="128.99" angle="180.00" type="DEFAULT_VEHTYPE" speed="12.75" pos="128.99" lane="1/0to1/1_0" slope="0.00"/>
        <vehicle id="4" x="242.45" y="198.35" angle="90.00" type="DEFAULT_VEHTYPE" speed="13.77" pos="37.70" lane="1/1to2/1_0" slope="0.00"/>
        <vehicle id="5" x="401.65" y="752.78" angle="180.00" type="DEFAULT_VEHTYPE" speed="13.64" pos="148.03" lane="2/3to2/4_0" slope="0.00"/>
        <vehicle id="6" x="139.07" y="198.35" angle="90.00" type="DEFAULT_VEHTYPE" speed="13.40" pos="139.07" lane="0/1to1/1_0" slope="0.00"/>
        <vehicle id="7" x="201.65" y="573.45" angle="180.00" type="DEFAULT_VEHTYPE" speed="12.70" pos="168.70" lane="1/2to1/3_0" slope="0.00"/>
        <vehicle id="8" x="201.65" y="34.44" angle="180.00" type="DEFAULT_VEHTYPE" speed="13.46" pos="34.44" lane="1/0to1/1_0" slope="0.00"/>
        <vehicle id="9" x="702.93" y="201.65" angle="-90.00" type="DEFAULT_VEHTYPE" speed="13.39" pos="97.07" lane="4/1to3/1_0" slope="0.00"/>
    </timestep>
    <timestep time="459.00">
        <vehicle id="0" x="198.35" y="6.29" angle="0.00" type="DEFAULT_VEHTYPE" speed="13.88" pos="188.96" lane="1/1to1/0_0" slope="0.00"/>
        <vehicle id="1" x="324.89" y="198.35" angle="90.00" type="DEFAULT_VEHTYPE" speed="12.72" pos="120.14" lane="1/1to2/1_0" slope="0.00"/>
        <vehicle id="11" x="198.35" y="290.38" angle="0.00" type="DEFAULT_VEHTYPE" speed="13.60" pos="104.87" lane="1/2to1/1_0" slope="0.00"/>
        <vehicle id="12" x="201.65" y="107.00" angle="180.00" type="DEFAULT_VEHTYPE" speed="13.27" pos="107.00" lane="1/0to1/1_0" slope="0.00"/>
        <vehicle id="14" x="183.26" y="201.65" angle="-90.00" type="DEFAULT_VEHTYPE" speed="12.92" pos="11.99" lane="1/1to0/1_0" slope="0.00"/>
        <vehicle id="15" x="401.65" y="103.15" angle="180.00" type="DEFAULT_VEHTYPE" speed="12.69" pos="103.15" lane="2/0to2/1_0" slope="0.00"/>
        <vehicle id="16" x="198.35" y="64.13" angle="0.00" type="DEFAULT_VEHTYPE" speed="13.08" pos="131.12" lane="1/1to1/0_0" slope="0.00"/>
        <vehicle id="17" x="398.35" y="583.00" angle="0.00" type="DEFAULT_VEHTYPE" speed="13.33" pos="12.25" lane="2/3to2/2_0" slope="0.00"/>
        <vehicle id="18" x="574.14" y="198.35" angle="90.00" type="DEFAULT_VEHTYPE" speed="11.89" pos="169.39" lane="2/1to3/1_0" slope="0.00"/>
        <vehicle id="19" x="436.91" y="401.65" angle="-90.00" type="DEFAULT_VEHTYPE" speed="12.99" pos="158.34" lane="3/2to2/2_0" slope="0.00"/>
        <vehicle id="2" x="114.56" y="198.35" angle="90.00" type="DEFAULT_VEHTYPE" speed="13.51" pos="114.56" lane="0/1to1/1_0" slope="0.00"/>
        <vehicle id="20" x="409.57" y="401.65" angle="-90.00" type="DEFAULT_VEHTYPE" speed="4.20" pos="185.68" lane="3/2to2/2_0" slope="0.00"/>
        <vehicle id="21" x="11.05" y="198.35" angle="90.00" type="DEFAULT_VEHTYPE" speed="13.13" pos="11.05" lane="0/1to1/1_0" slope="0.00"/>
        <vehicle id="22" x="198.35" y="349.99" angle="0.00" type="DEFAULT_VEHTYPE" speed="13.72" pos="45.26" lane="1/2to1/1_0" slope="0.00"/>
        <vehicle id="23" x="581.67" y="401.65" angle="-90.00" type="DEFAULT_VEHTYPE" speed="9.77" pos="13.58" lane="3/2to2/2_0" slope="0.00"/>
        <vehicle id="24" x="46.61" y="201.65" angle="-90.00" type="DEFAULT_VEHTYPE" speed="12.71" pos="148.64" lane="1/1to0/1_0" slope="0.00"/>
        <vehicle id="3" x="201.65" y="141.73" angle="180.00" type="DEFAULT_VEHTYPE" speed="12.74" pos="141.73" lane="1/0to1/1_0" slope="0.00"/>
        <vehicle id="4" x="255.13" y="198.35" angle="90.00" type="DEFAULT_VEHTYPE" speed="12.68" pos="50.38" lane="1/1to2/1_0" slope="0.00"/>
        <vehicle id="5" x="401.65" y="765.44" angle="180.00" type="DEFAULT_VEHTYPE" speed="12.66" pos="160.69" lane="2/3to2/4_0" slope="0.00"/>
        <vehicle id="6" x="151.90" y="198.35" angle="90.00" type="DEFAULT_VEHTYPE" speed="12.83" pos="151.90" lane="0/1to1/1_0" slope="0.00"/>
        <vehicle id="7" x="201.65" y="586.28" angle="180.00" type="DEFAULT_VEHTYPE" speed="12.82" pos="181.53" lane="1/2to1/3_0" slope="0.00"/>
        <vehicle id="8" x="201.65" y="47.80" angle="180.00" type="DEFAULT_VEHTYPE" speed="13.36" pos="47.80" lane="1/0to1/1_0" slope="0.00"/>
        <vehicle id="9" x="689.44" y="201.65" angle="-90.00" type="DEFAULT_VEHTYPE" speed="13.50" pos="110.56" lane="4/1to3/1_0" slope="0.00"/>
    </timestep>
    <timestep time="460.00">
        <vehicle id="0" x="201.65" y="1.75" angle="141.46" type="DEFAULT_VEHTYPE" speed="12.86" pos="1.75" lane="1/0to1/1_0" slope="0.00"/>
        <vehicle id="1" x="337.90" y="198.35" angle="90.00" type="DEFAULT_VEHTYPE" speed="13.01" pos="133.15" lane="1/1to2/1_0" slope="0.00"/>
        <vehicle id="11" x="198.35" y="277.13" angle="0.00" type="DEFAULT_VEHTYPE" speed="13.25" pos="118.12" lane="1/2to1/1_0" slope="0.00"/>
        <vehicle id="12" x="201.65" y="120.72" angle="180.00" type="DEFAULT_VEHTYPE" speed="13.73" pos="120.72" lane="1/0to1/1_0" slope="0.00"/>
        <vehicle id="14" x="170.40" y="201.65" angle="-90.00" type="DEFAULT_VEHTYPE" speed="12.86" pos="24.85" lane="1/1to0/1_0" slope="0.00"/>
        <vehicle id="15" x="401.65" y="116.13" angle="180.00" type="DEFAULT_VEHTYPE" speed="12.97" pos="116.13" lane="2/0to2/1_0" slope="0.00"/>
        <vehicle id="16" x="198.35" y="50.32" angle="0.00" type="DEFAULT_VEHTYPE" speed="13.82" pos="144.93" lane="1/1to1/0_0" slope="0.00"/>
        <vehicle id="17" x="398.35" y="570.22" angle="0.00" type="DEFAULT_VEHTYPE" speed="12.78" pos="25.03" lane="2/3to2/2_0" slope="0.00"/>
        <vehicle id="18" x="583.19" y="198.35" angle="90.00" type="DEFAULT_VEHTYPE" speed="9.05" pos="178.44" lane="2/1to3/1_0" slope="0.00"/>
        <vehicle id="19" x="428.42" y="401.65" angle="-90.00" type="DEFAULT_VEHTYPE" speed="8.49" pos="166.83" lane="3/2to2/2_0" slope="0.00"/>
        <vehicle id="2" x="127.79" y="198.35" angle="90.00" type="DEFAULT_VEHTYPE" speed="13.23" pos="127.79" lane="0/1to1/1_0" slope="0.00"/>
        <vehicle id="20" x="403.48" y="401.47" angle="-87.91" type="DEFAULT_VEHTYPE" speed="6.11" pos="1.29" lane=":2/2_6_0" slope="0.00"/>
        <vehicle id="21" x="24.90" y="198.35" angle="90.00" type="DEFAULT_VEHTYPE" speed="13.85" pos="24.90" lane="0/1to1/1_0" slope="0.00"/>
        <vehicle id="22" x="198.35" y="336.53" angle="0.00" type="DEFAULT_VEHTYPE" speed="13.46" pos="58.72" lane="1/2to1/1_0" slope="0.00"/>
        <vehicle id="23" x="569.89" y="401.65" angle="-90.00" type="DEFAULT_VEHTYPE" speed="11.78" pos="25.36" lane="3/2to2/2_0" slope="0.00"/>
        <vehicle id="24" x="33.82" y="201.65" angle="-90.00" type="DEFAULT_VEHTYPE" speed="12.79" pos="161.43" lane="1/1to0/1_0" slope="0.00"/>
        <vehicle id="3" x="201.65" y="154.51" angle="180.00" type="DEFAULT_VEHTYPE" speed="12.77" pos="154.51" lane="1/0to1/1_0" slope="0.00"/>
        <vehicle id="4" x="268.24" y="198.35" angle="90.00" type="DEFAULT_VEHTYPE" speed="13.11" pos="63.49" lane="1/1to2/1_0" slope="0.00"/>
        <vehicle id="5" x="401.65" y="778.57" angle="180.00" type="DEFAULT_VEHTYPE" speed="13.13" pos="173.82" lane="2/3to2/4_0" slope="0.00"/>
        <vehicle id="6" x="165.22" y="198.35" angle="90.00" type="DEFAULT_VEHTYPE" speed="13.32" pos="165.22" lane="0/1to1/1_0" slope="0.00"/>
        <vehicle id="7" x="204.12" y="598.26" angle="145.86" type="DEFAULT_VEHTYPE" speed="13.34" pos="4.37" lane=":1/3_8_0" slope="0.00"/>
        <vehicle id="8" x="201.65" y="61.31" angle="180.00" type="DEFAULT_VEHTYPE" speed="13.51" pos="61.31" lane="1/0to1/1_0" slope="0.00"/>
        <vehicle id="9" x="675.56" y="201.65" angle="-90.00" type="DEFAULT_VEHTYPE" speed="13.88" pos="124.44" lane="4/1to3/1_0" slope="0.00"/>
    </timestep>
    <timestep time="461.00">
        <vehicle id="0" x="201.65" y="14.99" angle="180.00" type="DEFAULT_VEHTYPE" speed="13.25" pos="14.99" lane="1/0to1/1_0" slope="0.00"/>
        <vehicle id="1" x="351.00" y="198.35" angle="90.00" type="DEFAULT_VEHTYPE" speed="13.10" pos="146.25" lane="1/1to2/1_0" slope="0.00"/>
        <vehicle id="11" x="198.35" y="264.50" angle="0.00" type="DEFAULT_VEHTYPE" speed="12.63" pos="130.75" lane="1/2to1/1_0" slope="0.00"/>
        <vehicle id="12" x="201.65" y="134.09" angle="180.00" type="DEFAULT_VEHTYPE" speed="13.36" pos="134.09" lane="1/0to1/1_0" slope="0.00"/>
        <vehicle id="14" x="156.53" y="201.65" angle="-90.00" type="DEFAULT_VEHTYPE" speed="13.87" pos="38.72" lane="1/1to0/1_0" slope="0.00"/>
        <vehicle id="15" x="401.65" y="129.95" angle="180.00" type="DEFAULT_VEHTYPE" speed="13.83" pos="129.95" lane="2/0to2/1_0" slope="0.00"/>
        <vehicle id="16" x="198.35" y="37.42" angle="0.00" type="DEFAULT_VEHTYPE" speed="12.89" pos="157.83" lane="1/1to1/0_0" slope="0.00"/>
        <vehicle id="17" x="398.35" y="557.06" angle="0.00" type="DEFAULT_VEHTYPE" speed="13.15" pos="38.19" lane="2/3to2/2_0" slope="0.00"/>
        <vehicle id="18" x="587.84" y="198.35" angle="90.00" type="DEFAULT_VEHTYPE" speed="4.65" pos="183.09" lane="2/1to3/1_0" slope="0.00"/>
        <vehicle id="19" x="419.15" y="401.65" angle="-90.00" type="DEFAULT_VEHTYPE" speed="9.26" pos="176.10" lane="3/2to2/2_0" slope="0.00"/>
        <vehicle id="2" x="141.51" y="198.35" angle="90.00" type="DEFAULT_VEHTYPE" speed="13.73" pos="141.51" lane="0/1to1/1_0" slope="0.00"/>
        <vehicle id="20" x="398.57" y="396.78" angle="-32.86" type="DEFAULT_VEHTYPE" speed="7.49" pos="8.77" lane=":2/2_6_0" slope="0.00"/>
        <vehicle id="21" x="37.89" y="198.35" angle="90.00" type="DEFAULT_VEHTYPE" speed="12.99" pos="37.89" lane="0/1to1/1_0" slope="0.00"/>
        <vehicle id="22" x="198.35" y="323.72" angle="0.00" type="DEFAULT_VEHTYPE" speed="12.81" pos="71.53" lane="1/2to1/1_0" slope="0.00"/>
        <vehicle id="23" x="556.05" y="401.65" angle="-90.00" type="DEFAULT_VEHTYPE" speed="13.83" pos="39.20" lane="3/2to2/2_0" slope="0.00"/>
        <vehicle id="24" x="20.36" y="201.65" angle="-90.00" type="DEFAULT_VEHTYPE" speed="13.45" pos="174.89" lane="1/1to0/1_0" slope="0.00"/>
        <vehicle id="3" x="201.65" y="167.25" angle="180.00" type="DEFAULT_VEHTYPE" speed="12.75" pos="167.25" lane="1/0to1/1_0" slope="0.00"/>
        <vehicle id="4" x="281.45" y="198.35" angle="90.00" type="DEFAULT_VEHTYPE" speed="13.21" pos="76.70" lane="1/1to2/1_0" slope="0.00"/>
        <vehicle id="5" x="401.65" y="791.71" angle="180.00" type="DEFAULT_VEHTYPE" speed="13.15" pos="186.96" lane="2/3to2/4_0" slope="0.00"/>
        <vehicle id="6" x="176.97" y="198.35" angle="90.00" type="DEFAULT_VEHTYPE" speed="11.76" pos="176.97" lane="0/1to1/1_0" slope="0.00"/>
        <vehicle id="7" x="217.17" y="598.35" angle="90.00" type="DEFAULT_VEHTYPE" speed="13.05" pos="12.42" lane="1/3to2/3_0" slope="0.00"/>
        <vehicle id="8" x="201.65" y="74.27" angle="180.00" type="DEFAULT_VEHTYPE" speed="12.96" pos="74.27" lane="1/0to1/1_0" slope="0.00"/>
        <vehicle id="9" x="662.88" y="201.65" angle="-90.00" type="DEFAULT_VEHTYPE" speed="12.68" pos="137.12" lane="4/1to3/1_0" slope="0.00"/>
    </timestep>
    <timestep time="462.00">
        <vehicle id="0" x="201.65" y="28.68" angle="180.00" type="DEFAULT_VEHTYPE" speed="13.68" pos="28.68" lane="1/0to1/1_0" slope="0.00"/>
        <vehicle id="1" x="364.62" y="198.35" angle="90.00" type="DEFAULT_VEHTYPE" speed="13.62" pos="159.87" lane="1/1to2/1_0" slope="0.00"/>
        <vehicle id="11" x="198.35" y="251.10" angle="0.00" type="DEFAULT_VEHTYPE" speed="13.40" pos="144.15" lane="1/2to1/1_0" slope="0.00"/>
        <vehicle id="12" x="201.65" y="147.15" angle="180.00" type="DEFAULT_VEHTYPE" speed="13.07" pos="147.15" lane="1/0to1/1_0" slope="0.00"/>
        <vehicle id="14" x="143.33" y="201.65" angle="-90.00" type="DEFAULT_VEHTYPE" speed="13.20" pos="51.92" lane="1/1to0/1_0" slope="0.00"/>
        <vehicle id="15" x="401.65" y="142.92" angle="180.00" type="DEFAULT_VEHTYPE" speed="12.97" pos="142.92" lane="2/0to2/1_0" slope="0.00"/>
        <vehicle id="16" x="198.35" y="23.96" angle="0.00" type="DEFAULT_VEHTYPE" speed="13.47" pos="171.29" lane="1/1to1/0_0" slope="0.00"/>
        <vehicle id="17" x="398.35" y="543.92" angle="0.00" type="DEFAULT_VEHTYPE" speed="13.14" pos="51.33" lane="2/3to2/2_0" slope="0.00"/>
        <vehicle id="18" x="591.17" y="198.35" angle="90.00" type="DEFAULT_VEHTYPE" speed="3.33" pos="186.42" lane="2/1to3/1_0" slope="0.00"/>
        <vehicle id="19" x="413.63" y="401.65" angle="-90.00" type="DEFAULT_VEHTYPE" speed="5.53" pos="181.62" lane="3/2to2/2_0" slope="0.00"/>
        <vehicle id="2" x="155.36" y="198.35" angle="90.00" type="DEFAULT_VEHTYPE" speed="13.85" pos="155.36" lane="0/1to1/1_0" slope="0.00"/>
        <vehicle id="20" x="398.35" y="387.49" angle="0.00" type="DEFAULT_VEHTYPE" speed="9.31" pos="7.76" lane="2/2to2/1_0" slope="0.00"/>
        <vehicle id="21" x="51.55" y="198.35" angle="90.00" type="DEFAULT_VEHTYPE" speed="13.67" pos="51.55" lane="0/1to1/1_0" slope="0.00"/>
        <vehicle id="22" x="198.35" y="310.57" angle="0.00" type="DEFAULT_VEHTYPE" speed="13.15" pos="84.68" lane="1/2to1/1_0" slope="0.00"/>
        <vehicle id="23" x="542.87" y="401.65" angle="-90.00" type="DEFAULT_VEHTYPE" speed="13.18" pos="52.38" lane="3/2to2/2_0" slope="0.00"/>
        <vehicle id="24" x="6.74" y="201.65" angle="-90.00" type="DEFAULT_VEHTYPE" speed="13.63" pos="188.51" lane="1/1to0/1_0" slope="0.00"/>
        <vehicle id="3" x="201.65" y="180.84" angle="180.00" type="DEFAULT_VEHTYPE" speed="13.58" pos="180.84" lane="1/0to1/1_0" slope="0.00"/>
        <vehicle id="4" x="295.12" y="198.35" angle="90.00" type="DEFAULT_VEHTYPE" speed="13.67" pos="90.37" lane="1/1to2/1_0" slope="0.00"/>
        <vehicle id="5" x="398.35" y="799.71" angle="-83.32" type="DEFAULT_VEHTYPE" speed="13.40" pos="0.29" lane="2/4to2/3_0" slope="0.00"/>
        <vehicle id="6" x="184.80" y="198.35" angle="90.00" type="DEFAULT_VEHTYPE" speed="7.83" pos="184.80" lane="0/1to1/1_0" slope="0.00"/>
        <vehicle id="7" x="230.27" y="598.35" angle="90.00" type="DEFAULT_VEHTYPE" speed="13.10" pos="25.52" lane="1/3to2/3_0" slope="0.00"/>
        <vehicle id="8" x="201.65" y="87.43" angle="180.00" type="DEFAULT_VEHTYPE" speed="13.16" pos="87.43" lane="1/0to1/1_0" slope="0.00"/>
        <vehicle id="9" x="649.65" y="201.65" angle="-90.00" type="DEFAULT_VEHTYPE" speed="13.23" pos="150.35" lane="4/1to3/1_0" slope="0.00"/>
    </timestep>
    <timestep time="463.00">
        <vehicle id="0" x="201.65" y="41.72" angle="180.00" type="DEFAULT_VEHTYPE" speed="13.04" pos="41.72" lane="1/0to1/1_0" slope="0.00"/>
        <vehicle id="1" x="375.92" y="198.35" angle="90.00" type="DEFAULT_VEHTYPE" speed="11.30" pos="171.17" lane="1/1to2/1_0" slope="0.00"/>
        <vehicle id="11" x="198.35" y="237.83" angle="0.00" type="DEFAULT_VEHTYPE" speed="13.26" pos="157.42" lane="1/2to1/1_0" slope="0.00"/>
        <vehicle id="12" x="201.65" y="160.96" angle="180.00" type="DEFAULT_VEHTYPE" speed="13.81" pos="160.96" lane="1/0to1/1_0" slope="0.00"/>
        <vehicle id="14" x="129.66" y="201.65" angle="-90.00" type="DEFAULT_VEHTYPE" speed="13.67" pos="65.59" lane="1/1to0/1_0" slope="0.00"/>
        <vehicle id="15" x="401.65" y="155.62" angle="180.00" type="DEFAULT_VEHTYPE" speed="12.70" pos="155.62" lane="2/0to2/1_0" slope="0.00"/>
        <vehicle id="16" x="198.35" y="10.37" angle="0.00" type="DEFAULT_VEHTYPE" speed="13.59" pos="184.88" lane="1/1to1/0_0" slope="0.00"/>
        <vehicle id="17" x="398.35" y="530.88" angle="0.00" type="DEFAULT_VEHTYPE" speed="13.04" pos="64.37" lane="2/3to2/2_0" slope="0.00"/>
        <vehicle id="18" x="596.54" y="198.53" angle="92.11" type="DEFAULT_VEHTYPE" speed="5.38" pos="1.30" lane=":3/1_14_0" slope="0.00"/>
        <vehicle id="19" x="409.91" y="401.65" angle="-90.00" type="DEFAULT_VEHTYPE" speed="3.71" pos="185.34" lane="3/2to2/2_0" slope="0.00"/>
        <vehicle id="2" x="166.83" y="198.35" angle="90.00" type="DEFAULT_VEHTYPE" speed="11.47" pos="166.83" lane="0/1to1/1_0" slope="0.00"/>
        <vehicle id="20" x="398.35" y="376.39" angle="0.00" type="DEFAULT_VEHTYPE" speed="11.10" pos="18.86" lane="2/2to2/1_0" slope="0.00"/>
        <vehicle id="21" x="64.83" y="198.35" angle="90.00" type="DEFAULT_VEHTYPE" speed="13.28" pos="64.83" lane="0/1to1/1_0" slope="0.00"/>
        <vehicle id="22" x="198.35" y="297.79" angle="0.00" type="DEFAULT_VEHTYPE" speed="12.78" pos="97.46" lane="1/2to1/1_0" slope="0.00"/>
        <vehicle id="23" x="529.97" y="401.65" angle="-90.00" type="DEFAULT_VEHTYPE" speed="12.90" pos="65.28" lane="3/2to2/2_0" slope="0.00"/>
        <vehicle id="24" x="1.34" y="198.35" angle="40.84" type="DEFAULT_VEHTYPE" speed="12.89" pos="1.34" lane="0/1to1/1_0" slope="0.00"/>
        <vehicle id="3" x="201.65" y="193.63" angle="180.00" type="DEFAULT_VEHTYPE" speed="12.79" pos="193.63" lane="1/0to1/1_0" slope="0.00"/>
        <vehicle id="4" x="308.93" y="198.35" angle="90.00" type="DEFAULT_VEHTYPE" speed="13.81" pos="104.18" lane="1/1to2/1_0" slope="0.00"/>
        <vehicle id="5" x="398.35" y="786.87" angle="0.00" type="DEFAULT_VEHTYPE" speed="12.84" pos="13.13" lane="2/4to2/3_0" slope="0.00"/>
        <vehicle id="6" x="189.31" y="198.35" angle="90.00" type="DEFAULT_VEHTYPE" speed="4.50" pos="189.31" lane="0/1to1/1_0" slope="0.00"/>
        <vehicle id="7" x="242.88" y="598.35" angle="90.00" type="DEFAULT_VEHTYPE" speed="12.62" pos="38.13" lane="1/3to2/3_0" slope="0.00"/>
        <vehicle id="8" x="201.65" y="100.85" angle="180.00" type="DEFAULT_VEHTYPE" speed="13.42" pos="100.85" lane="1/0to1/1_0" slope="0.00"/>
        <vehicle id="9" x="636.81" y="201.65" angle="-90.00" type="DEFAULT_VEHTYPE" speed="12.84" pos="163.19" lane="4/1to3/1_0" slope="0.00"/>
    </timestep>
    <timestep time="464.00">
        <vehicle id="0" x="201.65" y="54.61" angle="180.00" type="DEFAULT_VEHTYPE" speed="12.90" pos="54.61" lane="1/0to1/1_0" slope="0.00"/>
        <vehicle id="1" x="383.37" y="198.35" angle="90.00" type="DEFAULT_VEHTYPE" speed="7.45" pos="178.62" lane="1/1to2/1_0" slope="0.00"/>
        <vehicle id="11" x="198.35" y="225.23" angle="0.00" type="DEFAULT_VEHTYPE" speed="12.60" pos="170.02" lane="1/2to1/1_0" slope="0.00"/>
        <vehicle id="12" x="201.65" y="174.30" angle="180.00" type="DEFAULT_VEHTYPE" speed="13.34" pos="174.30" lane="1/0to1/1_0" slope="0.00"/>
        <vehicle id="14" x="115.93" y="201.65" angle="-90.00" type="DEFAULT_VEHTYPE" speed="13.73" pos="79.32" lane="1/1to0/1_0" slope="0.00"/>
        <vehicle id="15" x="401.65" y="168.86" angle="180.00" type="DEFAULT_VEHTYPE" speed="13.24" pos="168.86" lane="2/0to2/1_0" slope="0.00"/>
        <vehicle id="16" x="200.05" y="-1.63" angle="22.14" type="DEFAULT_VEHTYPE" speed="12.83" pos="2.46" lane=":1/0_0_0" slope="0.00"/>
        <vehicle id="17" x="398.35" y="517.39" angle="0.00" type="DEFAULT_VEHTYPE" speed="13.49" pos="77.86" lane="2/3to2/2_0" slope="0.00"/>
        <vehicle id="18" x="601.44" y="203.31" angle="148.08" type="DEFAULT_VEHTYPE" speed="7.56" pos="8.86" lane=":3/1_14_0" slope="0.00"/>
        <vehicle id="19" x="404.01" y="401.65" angle="-90.00" type="DEFAULT_VEHTYPE" speed="5.90" pos="0.74" lane=":2/2_5_0" slope="0.00"/>
        <vehicle id="2" x="175.05" y="198.35" angle="90.00" type="DEFAULT_VEHTYPE" speed="8.22" pos="175.05" lane="0/1to1/1_0" slope="0.00"/>
        <vehicle id="20" x="398.35" y="363.50" angle="0.00" type="DEFAULT_VEHTYPE" speed="12.89" pos="31.75" lane="2/2to2/1_0" slope="0.00"/>
        <vehicle id="21" x="77.72" y="198.35" angle="90.00" type="DEFAULT_VEHTYPE" speed="12.89" pos="77.72" lane="0/1to1/1_0" slope="0.00"/>
        <vehicle id="22" x="198.35" y="284.92" angle="0.00" type="DEFAULT_VEHTYPE" speed="12.87" pos="110.33" lane="1/2to1/1_0" slope="0.00"/>
        <vehicle id="23" x="516.75" y="401.65" angle="-90.00" type="DEFAULT_VEHTYPE" speed="13.22" pos="78.50" lane="3/2to2/2_0" slope="0.00"/>
        <vehicle id="24" x="14.31" y="198.35" angle="90.00" type="DEFAULT_VEHTYPE" speed="12.97" pos="14.31" lane="0/1to1/1_0" slope="0.00"/>
        <vehicle id="3" x="211.86" y="198.35" angle="90.00" type="DEFAULT_VEHTYPE" speed="13.74" pos="7.11" lane="1/1to2/1_0" slope="0.00"/>
        <vehicle id="4" x="322.77" y="198.35" angle="90.00" type="DEFAULT_VEHTYPE" speed="13.84" pos="118.02" lane="1/1to2/1_0" slope="0.00"/>
        <vehicle id="5" x="398.35" y="773.56" angle="0.00" type="DEFAULT_VEHTYPE" speed="13.30" pos="26.44" lane="2/4to2/3_0" slope="0.00"/>
        <vehicle id="6" x="196.22" y="198.21" angle="88.45" type="DEFAULT_VEHTYPE" speed="6.92" pos="0.98" lane=":1/1_12_0" slope="0.00"/>
        <vehicle id="7" x="256.56" y="598.35" angle="90.00" type="DEFAULT_VEHTYPE" speed="13.68" pos="51.81" lane="1/3to2/3_0" slope="0.00"/>
        <vehicle id="8" x="201.65" y="113.89" angle="180.00" type="DEFAULT_VEHTYPE" speed="13.04" pos="113.89" lane="1/0to1/1_0" slope="0.00"/>
        <vehicle id="9" x="625.28" y="201.65" angle="-90.00" type="DEFAULT_VEHTYPE" speed="11.52" pos="174.72" lane="4/1to3/1_0" slope="0.00"/>
    </timestep>
    <timestep time="465.00">
        <vehicle id="0" x="201.65" y="67.93" angle="180.00" type="DEFAULT_VEHTYPE" speed="13.31" pos="67.93" lane="1/0to1/1_0" slope="0.00"/>
        <vehicle id="1" x="388.07" y="198.35" angle="90.00" type="DEFAULT_VEHTYPE" speed="4.70" pos="183.32" lane="1/1to2/1_0" slope="0.00"/>
        <vehicle id="11" x="198.35" y="211.66" angle="0.00" type="DEFAULT_VEHTYPE" speed="13.58" pos="183.59" lane="1/2to1/1_0" slope="0.00"/>
        <vehicle id="12" x="201.65" y="187.52" angle="180.00" type="DEFAULT_VEHTYPE" speed="13.22" pos="187.52" lane="1/0to1/1_0" slope="0.00"/>
        <vehicle id="14" x="102.89" y="201.65" angle="-90.00" type="DEFAULT_VEHTYPE" speed="13.04" pos="92.36" lane="1/1to0/1_0" slope="0.00"/>
        <vehicle id="15" x="401.65" y="182.19" angle="180.00" type="DEFAULT_VEHTYPE" speed="13.33" pos="182.19" lane="2/0to2/1_0" slope="0.00"/>
        <vehicle id="16" x="201.65" y="11.52" angle="180.00" type="DEFAULT_VEHTYPE" speed="13.88" pos="11.52" lane="1/0to1/1_0" slope="0.00"/>
        <vehicle id="17" x="398.35" y="504.20" angle="0.00" type="DEFAULT_VEHTYPE" speed="13.19" pos="91.05" lane="2/3to2/2_0" slope="0.00"/>
        <vehicle id="18" x="601.65" y="212.24" angle="180.00" type="DEFAULT_VEHTYPE" speed="8.95" pos="7.49" lane="3/1to3/2_0" slope="0.00"/>
        <vehicle id="19" x="396.51" y="401.65" angle="-90.00" type="DEFAULT_VEHTYPE" speed="7.50" pos="8.24" lane=":2/2_5_0" slope="0.00"/>
        <vehicle id="2" x="183.22" y="198.35" angle="90.00" type="DEFAULT_VEHTYPE" speed="8.17" pos="183.22" lane="0/1to1/1_0" slope="0.00"/>
        <vehicle id="20" x="398.35" y="350.00" angle="0.00" type="DEFAULT_VEHTYPE" speed="13.49" pos="45.25" lane="2/2to2/1_0" slope="0.00"/>
        <vehicle id="21" x="90.93" y="198.35" angle="90.00" type="DEFAULT_VEHTYPE" speed="13.21" pos="90.93" lane="0/1to1/1_0" slope="0.00"/>
        <vehicle id="22" x="198.35" y="272.29" angle="0.00" type="DEFAULT_VEHTYPE" speed="12.63" pos="122.96" lane="1/2to1/1_0" slope="0.00"/>
        <vehicle id="23" x="504.07" y="401.65" angle="-90.00" type="DEFAULT_VEHTYPE" speed="12.69" pos="91.18" lane="3/2to2/2_0" slope="0.00"/>
        <vehicle id="24" x="27.21" y="198.35" angle="90.00" type="DEFAULT_VEHTYPE" speed="12.91" pos="27.21" lane="0/1to1/1_0" slope="0.00"/>
        <vehicle id="3" x="225.30" y="198.35" angle="90.00" type="DEFAULT_VEHTYPE" speed="13.44" pos="20.55" lane="1/1to2/1_0" slope="0.00"/>
        <vehicle id="4" x="336.50" y="198.35" angle="90.00" type="DEFAULT_VEHTYPE" speed="13.72" pos="131.75" lane="1/1to2/1_0" slope="0.00"/>
        <vehicle id="5" x="398.35" y="760.06" angle="0.00" type="DEFAULT_VEHTYPE" speed="13.51" pos="39.94" lane="2/4to2/3_0" slope="0.00"/>
        <vehicle id="6" x="198.35" y="190.00" angle="0.00" type="DEFAULT_VEHTYPE" speed="9.28" pos="5.25" lane="1/1to1/0_0" slope="0.00"/>
        <vehicle id="7" x="269.88" y="598.35" angle="90.00" type="DEFAULT_VEHTYPE" speed="13.33" pos="65.13" lane="1/3to2/3_0" slope="0.00"/>
        <vehicle id="8" x="201.65" y="127.33" angle="180.00" type="DEFAULT_VEHTYPE" speed="13.43" pos="127.33" lane="1/0to1/1_0" slope="0.00"/>
        <vehicle id="9" x="616.83" y="201.65" angle="-90.00" type="DEFAULT_VEHTYPE" speed="8.46" pos="183.17" lane="4/1to3/1_0" slope="0.00"/>
    </timestep>
    <timestep time="466.00">
        <vehicle id="0" x="201.65" y="81.01" angle="180.00" type="DEFAULT_VEHTYPE" speed="13.09" pos="81.01" lane="1/0to1/1_0" slope="0.00"/>
        <vehicle id="1" x="390.54" y="198.35" angle="90.00" type="DEFAULT_VEHTYPE" speed="2.47" pos="185.79" lane="1/1to2/1_0" slope="0.00"/>
        <vehicle id="11" x="193.40" y="201.65" angle="-73.60" type="DEFAULT_VEHTYPE" speed="13.76" pos="1.85" lane="1/1to0/1_0" slope="0.00"/>
        <vehicle id="12" x="205.55" y="198.35" angle="121.35" type="DEFAULT_VEHTYPE" speed="13.53" pos="0.80" lane="1/1to2/1_0" slope="0.00"/>
        <vehicle id="14" x="89.31" y="201.65" angle="-90.00" type="DEFAULT_VEHTYPE" speed="13.58" pos="105.94" lane="1/1to0/1_0" slope="0.00"/>
        <vehicle id="15" x="401.70" y="195.57" angle="179.48" type="DEFAULT_VEHTYPE" speed="13.39" pos="0.33" lane=":2/1_8_0" slope="0.00"/>
        <vehicle id="16" x="201.65" y="24.83" angle="180.00" type="DEFAULT_VEHTYPE" speed="13.30" pos="24.83" lane="1/0to1/1_0" slope="0.00"/>
        <vehicle id="17" x="398.35" y="491.39" angle="0.00" type="DEFAULT_VEHTYPE" speed="12.81" pos="103.86" lane="2/3to2/2_0" slope="0.00"/>
        <vehicle id="18" x="601.65" y="222.70" angle="180.00" type="DEFAULT_VEHTYPE" speed="10.45" pos="17.95" lane="3/1to3/2_0" slope="0.00"/>
        <vehicle id="19" x="386.87" y="401.65" angle="-90.00" type="DEFAULT_VEHTYPE" speed="9.64" pos="8.38" lane="2/2to1/2_0" slope="0.00"/>
        <vehicle id="2" x="188.48" y="198.35" angle="90.00" type="DEFAULT_VEHTYPE" speed="5.26" pos="188.48" lane="0/1to1/1_0" slope="0.00"/>
        <vehicle id="20" x="398.35" y="337.06" angle="0.00" type="DEFAULT_VEHTYPE" speed="12.94" pos="58.19" lane="2/2to2/1_0" slope="0.00"/>
        <vehicle id="21" x="104.80" y="198.35" angle="90.00" type="DEFAULT_VEHTYPE" speed="13.86" pos="104.80" lane="0/1to1/1_0" slope="0.00"/>
        <vehicle id="22" x="198.35" y="258.54" angle="0.00" type="DEFAULT_VEHTYPE" speed="13.75" pos="136.71" lane="1/2to1/1_0" slope="0.00"/>
        <vehicle id="23" x="490.79" y="401.65" angle="-90.00" type="DEFAULT_VEHTYPE" speed="13.28" pos="104.46" lane="3/2to2/2_0" slope="0.00"/>
        <vehicle id="24" x="40.73" y="198.35" angle="90.00" type="DEFAULT_VEHTYPE" speed="13.52" pos="40.73" lane="0/1to1/1_0" slope="0.00"/>
        <vehicle id="3" x="239.10" y="198.35" angle="90.00" type="DEFAULT_VEHTYPE" speed="13.80" pos="34.35" lane="1/1to2/1_0" slope="0.00"/>
        <vehicle id="4" x="349.86" y="198.35" angle="90.00" type="DEFAULT_VEHTYPE" speed="13.36" pos="145.11" lane="1/1to2/1_0" slope="0.00"/>
        <vehicle id="5" x="398.35" y="747.01" angle="0.00" type="DEFAULT_VEHTYPE" speed="13.05" pos="52.99" lane="2/4to2/3_0" slope="0.00"/>
        <vehicle id="6" x="198.35" y="178.60" angle="0.00" type="DEFAULT_VEHTYPE" speed="11.40" pos="16.65" lane="1/1to1/0_0" slope="0.00"/>
        <vehicle id="7" x="282.92" y="598.35" angle="90.00" type="DEFAULT_VEHTYPE" speed="13.04" pos="78.17" lane="1/3to2/3_0" slope="0.00"/>
        <vehicle id="8" x="201.65" y="140.66" angle="180.00" type="DEFAULT_VEHTYPE" speed="13.33" pos="140.66" lane="1/0to1/1_0" slope="0.00"/>
        <vehicle id="9" x="611.10" y="201.65" angle="-90.00" type="DEFAULT_VEHTYPE" speed="5.73" pos="188.90" lane="4/1to3/1_0" slope="0.00"/>
    </timestep>
    <timestep time="467.00">
        <vehicle id="0" x="201.65" y="93.62" angle="180.00" type="DEFAULT_VEHTYPE" speed="12.61" pos="93.62" lane="1/0to1/1_0" slope="0.00"/>
        <vehicle id="1" x="395.50" y="198.35" angle="90.00" type="DEFAULT_VEHTYPE" speed="4.95" pos="0.25" lane=":2/1_13_0" slope="0.00"/>
        <vehicle id="11" x="179.59" y="201.65" angle="-90.00" type="DEFAULT_VEHTYPE" speed="13.80" pos="15.66" lane="1/1to0/1_0" slope="0.00"/>
        <vehicle id="12" x="219.31" y="198.35" angle="90.00" type="DEFAULT_VEHTYPE" speed="13.77" pos="14.56" lane="1/1to2/1_0" slope="0.00"/>
        <vehicle id="14" x="75.41" y="201.65" angle="-90.00" type="DEFAULT_VEHTYPE" speed="13.90" pos="119.84" lane="1/1to0/1_0" slope="0.00"/>
        <vehicle id="15" x="412.86" y="198.35" angle="90.00" type="DEFAULT_VEHTYPE" speed="12.78" pos="8.11" lane="2/1to3/1_0" slope="0.00"/>
        <vehicle id="16" x="201.65" y="37.61" angle="180.00" type="DEFAULT_VEHTYPE" speed="12.79" pos="37.61" lane="1/0to1/1_0" slope="0.00"/>
        <vehicle id="17" x="398.35" y="478.09" angle="0.00" type="DEFAULT_VEHTYPE" speed="13.29" pos="117.16" lane="2/3to2/2_0" slope="0.00"/>
        <vehicle id="18" x="601.65" y="235.16" angle="180.00" type="DEFAULT_VEHTYPE" speed="12.47" pos="30.41" lane="3/1to3/2_0" slope="0.00"/>
        <vehicle id="19" x="375.27" y="401.65" angle="-90.00" type="DEFAULT_VEHTYPE" speed="11.59" pos="19.98" lane="2/2to1/2_0" slope="0.00"/>
        <vehicle id="2" x="195.59" y="198.30" angle="89.45" type="DEFAULT_VEHTYPE" speed="7.11" pos="0.35" lane=":1/1_12_0" slope="0.00"/>
        <vehicle id="20" x="398.35" y="323.26" angle="0.00" type="DEFAULT_VEHTYPE" speed="13.80" pos="71.99" lane="2/2to2/1_0" slope="0.00"/>
        <vehicle id="21" x="118.14" y="198.35" angle="90.00" type="DEFAULT_VEHTYPE" speed="13.35" pos="118.14" lane="0/1to1/1_0" slope="0.00"/>
        <vehicle id="22" x="198.35" y="245.39" angle="0.00" type="DEFAULT_VEHTYPE" speed="13.14" pos="149.86" lane="1/2to1/1_0" slope="0.00"/>
        <vehicle id="23" x="477.65" y="401.65" angle="-90.00" type="DEFAULT_VEHTYPE" speed="13.14" pos="117.60" lane="3/2to2/2_0" slope="0.00"/>
        <vehicle id="24" x="53.95" y="198.35" angle="90.00" type="DEFAULT_VEHTYPE" speed="13.22" pos="53.95" lane="0/1to1/1_0" slope="0.00"/>
        <vehicle id="3" x="251.82" y="198.35" angle="90.00" type="DEFAULT_VEHTYPE" speed="12.72" pos="47.07" lane="1/1to2/1_0" slope="0.00"/>
        <vehicle id="4" x="362.66" y="198.35" angle="90.00" type="DEFAULT_VEHTYPE" speed="12.80" pos="157.91" lane="1/1to2/1_0" slope="0.00"/>
        <vehicle id="5" x="398.35" y="733.39" angle="0.00" type="DEFAULT_VEHTYPE" speed="13.61" pos="66.61" lane="2/4to2/3_0" slope="0.00"/>
        <vehicle id="6" x="198.35" y="165.99" angle="0.00" type="DEFAULT_VEHTYPE" speed="12.60" pos="29.26" lane="1/1to1/0_0" slope="0.00"/>
        <vehicle id="7" x="296.52" y="598.35" angle="90.00" type="DEFAULT_VEHTYPE" speed="13.60" pos="91.77" lane="1/3to2/3_0" slope="0.00"/>
        <vehicle id="8" x="201.65" y="153.45" angle="180.00" type="DEFAULT_VEHTYPE" speed="12.79" pos="153.45" lane="1/0to1/1_0" slope="0.00"/>
        <vehicle id="9" x="603.14" y="201.99" angle="-93.98" type="DEFAULT_VEHTYPE" speed="8.02" pos="1.67" lane=":3/1_4_0" slope="0.00"/>
    </timestep>
    <timestep time="468.00">
        <vehicle id="0" x="201.65" y="106.88" angle="180.00" type="DEFAULT_VEHTYPE" speed="13.26" pos="106.88" lane="1/0to1/1_0" slope="0.00"/>
        <vehicle id="1" x="402.82" y="198.35" angle="90.00" type="DEFAULT_VEHTYPE" speed="7.32" pos="7.57" lane=":2/1_13_0" slope="0.00"/>
        <vehicle id="11" x="165.73" y="201.65" angle="-90.00" type="DEFAULT_VEHTYPE" speed="13.86" pos="29.52" lane="1/1to0/1_0" slope="0.00"/>
        <vehicle id="12" x="232.61" y="198.35" angle="90.00" type="DEFAULT_VEHTYPE" speed="13.29" pos="27.86" lane="1/1to2/1_0" slope="0.00"/>
        <vehicle id="14" x="62.07" y="201.65" angle="-90.00" type="DEFAULT_VEHTYPE" speed="13.34" pos="133.18" lane="1/1to0/1_0" slope="0.00"/>
        <vehicle id="15" x="426.72" y="198.35" angle="90.00" type="DEFAULT_VEHTYPE" speed="13.86" pos="21.97" lane="2/1to3/1_0" slope="0.00"/>
        <vehicle id="16" x="201.65" y="51.48" angle="180.00" type="DEFAULT_VEHTYPE" speed="13.87" pos="51.48" lane="1/0to1/1_0" slope="0.00"/>
        <vehicle id="17" x="398.35" y="464.33" angle="0.00" type="DEFAULT_VEHTYPE" speed="13.77" pos="130.92" lane="2/3to2/2_0" slope="0.00"/>
        <vehicle id="18" x="601.65" y="247.98" angle="180.00" type="DEFAULT_VEHTYPE" speed="12.82" pos="43.23" lane="3/1to3/2_0" slope="0.00"/>
        <vehicle id="19" x="362.49" y="401.65" angle="-90.00" type="DEFAULT_VEHTYPE" speed="12.78" pos="32.76" lane="2/2to1/2_0" slope="0.00"/>
        <vehicle id="2" x="198.35" y="190.73" angle="0.76" type="DEFAULT_VEHTYPE" speed="9.17" pos="4.52" lane="1/1to1/0_0" slope="0.00"/>
        <vehicle id="20" x="398.35" y="310.18" angle="0.00" type="DEFAULT_VEHTYPE" speed="13.08" pos="85.07" lane="2/2to2/1_0" slope="0.00"/>
        <vehicle id="21" x="131.86" y="198.35" angle="90.00" type="DEFAULT_VEHTYPE" speed="13.72" pos="131.86" lane="0/1to1/1_0" slope="0.00"/>
        <vehicle id="22" x="198.35" y="232.45" angle="0.00" type="DEFAULT_VEHTYPE" speed="12.95" pos="162.80" lane="1/2to1/1_0" slope="0.00"/>
        <vehicle id="23" x="464.36" y="401.65" angle="-90.00" type="DEFAULT_VEHTYPE" speed="13.28" pos="130.89" lane="3/2to2/2_0" slope="0.00"/>
        <vehicle id="24" x="67.45" y="198.35" angle="90.00" type="DEFAULT_VEHTYPE" speed="13.50" pos="67.45" lane="0/1to1/1_0" slope="0.00"/>
        <vehicle id="3" x="264.91" y="198.35" angle="90.00" type="DEFAULT_VEHTYPE" speed="13.09" pos="60.16" lane="1/1to2/1_0" slope="0.00"/>
        <vehicle id="4" x="374.61" y="198.35" angle="90.00" type="DEFAULT_VEHTYPE" speed="11.96" pos="169.86" lane="1/1to2/1_0" slope="0.00"/>
        <vehicle id="5" x="398.35" y="720.05" angle="0.00" type="DEFAULT_VEHTYPE" speed="13.34" pos="79.95" lane="2/4to2/3_0" slope="0.00"/>
        <vehicle id="6" x="198.35" y="152.23" angle="0.00" type="DEFAULT_VEHTYPE" speed="13.76" pos="43.02" lane="1/1to1/0_0" slope="0.00"/>
        <vehicle id="7" x="309.91" y="598.35" angle="90.00" type="DEFAULT_VEHTYPE" speed="13.39" pos="105.16" lane="1/3to2/3_0" slope="0.00"/>
        <vehicle id="8" x="201.65" y="166.12" angle="180.00" type="DEFAULT_VEHTYPE" speed="12.67" pos="166.12" lane="1/0to1/1_0" slope="0.00"/>
        <vehicle id="9" x="601.65" y="211.01" angle="180.00" type="DEFAULT_VEHTYPE" speed="9.59" pos="6.26" lane="3/1to3/2_0" slope="0.00"/>
    </timestep>
    <timestep time="469.00">
        <vehicle id="0" x="201.65" y="119.51" angle="180.00" type="DEFAULT_VEHTYPE" speed="12.63" pos="119.51" lane="1/0to1/1_0" slope="0.00"/>
        <vehicle id="1" x="412.74" y="198.35" angle="90.00" type="DEFAULT_VEHTYPE" speed="9.92" pos="7.99" lane="2/1to3/1_0" slope="0.00"/>
        <vehicle id="11" x="152.98" y="201.65" angle="-90.00" type="DEFAULT_VEHTYPE" speed="12.75" pos="42.27" lane="1/1to0/1_0" slope="0.00"/>
        <vehicle id="12" x="246.16" y="198.35" angle="90.00" type="DEFAULT_VEHTYPE" speed="13.55" pos="41.41" lane="1/1to2/1_0" slope="0.00"/>
        <vehicle id="14" x="49.09" y="201.65" angle="-90.00" type="DEFAULT_VEHTYPE" speed="12.98" pos="146.16" lane="1/1to0/1_0" slope="0.00"/>
        <vehicle id="15" x="439.75" y="198.35" angle="90.00" type="DEFAULT_VEHTYPE" speed="13.03" pos="35.00" lane="2/1to3/1_0" slope="0.00"/>
        <vehicle id="16" x="201.65" y="65.06" angle="180.00" type="DEFAULT_VEHTYPE" speed="13.58" pos="65.06" lane="1/0to1/1_0" slope="0.00"/>
        <vehicle id="17" x="398.35" y="451.13" angle="0.00" type="DEFAULT_VEHTYPE" speed="13.19" pos="144.12" lane="2/3to2/2_0" slope="0.00"/>
        <vehicle id="18" x="601.65" y="260.84" angle="180.00" type="DEFAULT_VEHTYPE" speed="12.86" pos="56.09" lane="3/1to3/2_0" slope="0.00"/>
        <vehicle id="19" x="349.56" y="401.65" angle="-90.00" type="DEFAULT_VEHTYPE" speed="12.93" pos="45.69" lane="2/2to1/2_0" slope="0.00"/>
        <vehicle id="2" x="198.35" y="179.72" angle="0.00" type="DEFAULT_VEHTYPE" speed="11.01" pos="15.53" lane="1/1to1/0_0" slope="0.00"/>
        <vehicle id="20" x="398.35" y="297.38" angle="0.00" type="DEFAULT_VEHTYPE" speed="12.80" pos="97.87" lane="2/2to2/1_0" slope="0.00"/>
        <vehicle id="21" x="145.11" y="198.35" angle="90.00" type="DEFAULT_VEHTYPE" speed="13.24" pos="145.11" lane="0/1to1/1_0" slope="0.00"/>
        <vehicle id="22" x="198.35" y="219.21" angle="0.00" type="DEFAULT_VEHTYPE" speed="13.24" pos="176.04" lane="1/2to1/1_0" slope="0.00"/>
        <vehicle id="23" x="451.34" y="401.65" angle="-90.00" type="DEFAULT_VEHTYPE" speed="13.02" pos="143.91" lane="3/2to2/2_0" slope="0.00"/>
        <vehicle id="24" x="80.60" y="198.35" angle="90.00" type="DEFAULT_VEHTYPE" speed="13.15" pos="80.60" lane="0/1to1/1_0" slope="0.00"/>
        <vehicle id="3" x="278.48" y="198.35" angle="90.00" type="DEFAULT_VEHTYPE" speed="13.57" pos="73.73" lane="1/1to2/1_0" slope="0.00"/>
        <vehicle id="4" x="382.74" y="198.35" angle="90.00" type="DEFAULT_VEHTYPE" speed="8.12" pos="177.99" lane="1/1to2/1_0" slope="0.00"/>
        <vehicle id="5" x="398.35" y="706.51" angle="0.00" type="DEFAULT_VEHTYPE" speed="13.54" pos="93.49" lane="2/4to2/3_0" slope="0.00"/>
        <vehicle id="6" x="198.35" y="138.54" angle="0.00" type="DEFAULT_VEHTYPE" speed="13.69" pos="56.71" lane="1/1to1/0_0" slope="0.00"/>
        <vehicle id="7" x="322.92" y="598.35" angle="90.00" type="DEFAULT_VEHTYPE" speed="13.01" pos="118.17" lane="1/3to2/3_0" slope="0.00"/>
        <vehicle id="8" x="201.65" y="179.79" angle="180.00" type="DEFAULT_VEHTYPE" speed="13.67" pos="179.79" lane="1/0to1/1_0" slope="0.00"/>
        <vehicle id="9" x="601.65" y="222.94" angle="180.00" type="DEFAULT_VEHTYPE" speed="11.93" pos="18.19" lane="3/1to3/2_0" slope="0.00"/>
    </timestep>
    <timestep time="470.00">
        <vehicle id="0" x="201.65" y="132.87" angle="180.00" type="DEFAULT_VEHTYPE" speed="13.36" pos="132.87" lane="1/0to1/1_0" slope="0.00"/>
        <vehicle id="1" x="424.31" y="198.35" angle="90.00" type="DEFAULT_VEHTYPE" speed="11.57" pos="19.56" lane="2/1to3/1_0" slope="0.00"/>
        <vehicle id="11" x="139.86" y="201.65" angle="-90.00" type="DEFAULT_VEHTYPE" speed="13.12" pos="55.39" lane="1/1to0/1_0" slope="0.00"/>
        <vehicle id="12" x="259.43" y="198.35" angle="90.00" type="DEFAULT_VEHTYPE" speed="13.27" pos="54.68" lane="1/1to2/1_0" slope="0.00"/>
        <vehicle id="14" x="35.63" y="201.65" angle="-90.00" type="DEFAULT_VEHTYPE" speed="13.46" pos="159.62" lane="1/1to0/1_0" slope="0.00"/>
        <vehicle id="15" x="453.36" y="198.35" angle="90.00" type="DEFAULT_VEHTYPE" speed="13.61" pos="48.61" lane="2/1to3/1_0" slope="0.00"/>
        <vehicle id="16" x="201.65" y="78.43" angle="180.00" type="DEFAULT_VEHTYPE" speed="13.37" pos="78.43" lane="1/0to1/1_0" slope="0.00"/>
        <vehicle id="17" x="398.35" y="438.33" angle="0.00" type="DEFAULT_VEHTYPE" speed="12.80" pos="156.92" lane="2/3to2/2_0" slope="0.00"/>
        <vehicle id="18" x="601.65" y="274.62" angle="180.00" type="DEFAULT_VEHTYPE" speed="13.78" pos="69.87" lane="3/1to3/2_0" slope="0.00"/>
        <vehicle id="19" x="335.75" y="401.65" angle="-90.00" type="DEFAULT_VEHTYPE" speed="13.82" pos="59.50" lane="2/2to1/2_0" slope="0.00"/>
        <vehicle id="2" x="198.35" y="166.38" angle="0.00" type="DEFAULT_VEHTYPE" speed="13.34" pos="28.87" lane="1/1to1/0_0" slope="0.00"/>
        <vehicle id="20" x="398.35" y="284.00" angle="0.00" type="DEFAULT_VEHTYPE" speed="13.39" pos="111.25" lane="2/2to2/1_0" slope="0.00"/>
        <vehicle id="21" x="158.09" y="198.35" angle="90.00" type="DEFAULT_VEHTYPE" speed="12.98" pos="158.09" lane="0/1to1/1_0" slope="0.00"/>
        <vehicle id="22" x="198.35" y="206.58" angle="0.00" type="DEFAULT_VEHTYPE" speed="12.62" pos="188.67" lane="1/2to1/1_0" slope="0.00"/>
        <vehicle id="23" x="438.51" y="401.65" angle="-90.00" type="DEFAULT_VEHTYPE" speed="12.83" pos="156.74" lane="3/2to2/2_0" slope="0.00"/>
        <vehicle id="24" x="93.31" y="198.35" angle="90.00" type="DEFAULT_VEHTYPE" speed="12.71" pos="93.31" lane="0/1to1/1_0" slope="0.00"/>
        <vehicle id="3" x="292.35" y="198.35" angle="90.00" type="DEFAULT_VEHTYPE" speed="13.87" pos="87.60" lane="1/1to2/1_0" slope="0.00"/>
        <vehicle id="4" x="388.42" y="198.35" angle="90.00" type="DEFAULT_VEHTYPE" speed="5.69" pos="183.67" lane="1/1to2/1_0" slope="0.00"/>
        <vehicle id="5" x="398.35" y="693.77" angle="0.00" type="DEFAULT_VEHTYPE" speed="12.75" pos="106.23" lane="2/4to2/3_0" slope="0.00"/>
        <vehicle id="6" x="198.35" y="125.36" angle="0.00" type="DEFAULT_VEHTYPE" speed="13.18" pos="69.89" lane="1/1to1/0_0" slope="0.00"/>
        <vehicle id="7" x="336.41" y="598.35" angle="90.00" type="DEFAULT_VEHTYPE" speed="13.49" pos="131.66" lane="1/3to2/3_0" slope="0.00"/>
        <vehicle id="8" x="201.65" y="193.55" angle="180.00" type="DEFAULT_VEHTYPE" speed="13.76" pos="193.55" lane="1/0to1/1_0" slope="0.00"/>
        <vehicle id="9" x="601.65" y="236.32" angle="180.00" type="DEFAULT_VEHTYPE" speed="13.39" pos="31.57" lane="3/1to3/2_0" slope="0.00"/>
    </timestep>
    <timestep time="471.00">
        <vehicle id="0" x="201.65" y="146.03" angle="180.00" type="DEFAULT_VEHTYPE" speed="13.16" pos="146.03" lane="1/0to1/1_0" slope="0.00"/>
        <vehicle id="1" x="437.62" y="198.35" angle="90.00" type="DEFAULT_VEHTYPE" speed="13.31" pos="32.87" lane="2/1to3/1_0" slope="0.00"/>
        <vehicle id="11" x="127.04" y="201.65" angle="-90.00" type="DEFAULT_VEHTYPE" speed="12.82" pos="68.21" lane="1/1to0/1_0" slope="0.00"/>
        <vehicle id="12" x="273.28" y="198.35" angle="90.00" type="DEFAULT_VEHTYPE" speed="13.85" pos="68.53" lane="1/1to2/1_0" slope="0.00"/>
        <vehicle id="14" x="22.55" y="201.65" angle="-90.00" type="DEFAULT_VEHTYPE" speed="13.08" pos="172.70" lane="1/1to0/1_0" slope="0.00"/>
        <vehicle id="15" x="467.04" y="198.35" angle="90.00" type="DEFAULT_VEHTYPE" speed="13.67" pos="62.29" lane="2/1to3/1_0" slope="0.00"/>
        <vehicle id="16" x="201.65" y="91.12" angle="180.00" type="DEFAULT_VEHTYPE" speed="12.70" pos="91.12" lane="1/0to1/1_0" slope="0.00"/>
        <vehicle id="17" x="398.35" y="425.56" angle="0.00" type="DEFAULT_VEHTYPE" speed="12.77" pos="169.69" lane="2/3to2/2_0" slope="0.00"/>
        <vehicle id="18" x="601.65" y="287.94" angle="180.00" type="DEFAULT_VEHTYPE" speed="13.32" pos="83.19" lane="3/1to3/2_0" slope="0.00"/>
        <vehicle id="19" x="322.88" y="401.65" angle="-90.00" type="DEFAULT_VEHTYPE" speed="12.87" pos="72.37" lane="2/2to1/2_0" slope="0.00"/>
        <vehicle id="2" x="198.35" y="153.40" angle="0.00" type="DEFAULT_VEHTYPE" speed="12.98" pos="41.85" lane="1/1to1/0_0" slope="0.00"/>
        <vehicle id="20" x="398.35" y="270.36" angle="0.00" type="DEFAULT_VEHTYPE" speed="13.64" pos="124.89" lane="2/2to2/1_0" slope="0.00"/>
        <vehicle id="21" x="170.94" y="198.35" angle="90.00" type="DEFAULT_VEHTYPE" speed="12.85" pos="170.94" lane="0/1to1/1_0" slope="0.00"/>
        <vehicle id="22" x="188.22" y="201.65" angle="-90.00" type="DEFAULT_VEHTYPE" speed="13.87" pos="7.03" lane="1/1to0/1_0" slope="0.00"/>
        <vehicle id="23" x="426.35" y="401.65" angle="-90.00" type="DEFAULT_VEHTYPE" speed="12.16" pos="168.90" lane="3/2to2/2_0" slope="0.00"/>
        <vehicle id="24" x="106.04" y="198.35" angle="90.00" type="DEFAULT_VEHTYPE" speed="12.72" pos="106.04" lane="0/1to1/1_0" slope="0.00"/>
        <vehicle id="3" x="305.96" y="198.35" angle="90.00" type="DEFAULT_VEHTYPE" speed="13.61" pos="101.21" lane="1/1to2/1_0" slope="0.00"/>
        <vehicle id="4" x="396.12" y="198.35" angle="90.00" type="DEFAULT_VEHTYPE" speed="7.70" pos="0.87" lane=":2/1_13_0" slope="0.00"/>
        <vehicle id="5" x="398.35" y="680.86" angle="0.00" type="DEFAULT_VEHTYPE" speed="12.91" pos="119.14" lane="2/4to2/3_0" slope="0.00"/>
        <vehicle id="6" x="198.35" y="112.60" angle="0.00" type="DEFAULT_VEHTYPE" speed="12.76" pos="82.65" lane="1/1to1/0_0" slope="0.00"/>
        <vehicle id="7" x="350.27" y="598.35" angle="90.00" type="DEFAULT_VEHTYPE" speed="13.85" pos="145.52" lane="1/3to2/3_0" slope="0.00"/>
        <vehicle id="8" x="211.61" y="198.35" angle="90.00" type="DEFAULT_VEHTYPE" speed="13.57" pos="6.86" lane="1/1to2/1_0" slope="0.00"/>
        <vehicle id="9" x="601.65" y="249.18" angle="180.00" type="DEFAULT_VEHTYPE" speed="12.85" pos="44.43" lane="3/1to3/2_0" slope="0.00"/>
    </timestep>
    <timestep time="472.00">
        <vehicle id="0" x="201.65" y="158.69" angle="180.00" type="DEFAULT_VEHTYPE" speed="12.66" pos="158.69" lane="1/0to1/1_0" slope="0.00"/>
        <vehicle id="1" x="450.45" y="198.35" angle="90.00" type="DEFAULT_VEHTYPE" speed="12.83" pos="45.70" lane="2/1to3/1_0" slope="0.00"/>
        <vehicle id="11" x="113.50" y="201.65" angle="-90.00" type="DEFAULT_VEHTYPE" speed="13.54" pos="81.75" lane="1/1to0/1_0" slope="0.00"/>
        <vehicle id="12" x="286.77" y="198.35" angle="90.00" type="DEFAULT_VEHTYPE" speed="13.49" pos="82.02" lane="1/1to2/1_0" slope="0.00"/>
        <vehicle id="14" x="9.76" y="201.65" angle="-90.00" type="DEFAULT_VEHTYPE" speed="12.78" pos="185.49" lane="1/1to0/1_0" slope="0.00"/>
        <vehicle id="15" x="480.24" y="198.35" angle="90.00" type="DEFAULT_VEHTYPE" speed="13.20" pos="75.49" lane="2/1to3/1_0" slope="0.00"/>
        <vehicle id="16" x="201.65" y="104.35" angle="180.00" type="DEFAULT_VEHTYPE" speed="13.22" pos="104.35" lane="1/0to1/1_0" slope="0.00"/>
        <vehicle id="17" x="398.35" y="411.76" angle="0.00" type="DEFAULT_VEHTYPE" speed="13.80" pos="183.49" lane="2/3to2/2_0" slope="0.00"/>
        <vehicle id="18" x="601.65" y="301.17" angle="180.00" type="DEFAULT_VEHTYPE" speed="13.23" pos="96.42" lane="3/1to3/2_0" slope="0.00"/>
        <vehicle id="19" x="309.91" y="401.65" angle="-90.00" type="DEFAULT_VEHTYPE" speed="12.97" pos="85.34" lane="2/2to1/2_0" slope="0.00"/>
        <vehicle id="2" x="198.35" y="140.77" angle="0.00" type="DEFAULT_VEHTYPE" speed="12.63" pos="54.48" lane="1/1to1/0_0" slope="0.00"/>
        <vehicle id="20" x="398.35" y="256.56" angle="0.00" type="DEFAULT_VEHTYPE" speed="13.80" pos="138.69" lane="2/2to2/1_0" slope="0.00"/>
        <vehicle id="21" x="180.12" y="198.35" angle="90.00" type="DEFAULT_VEHTYPE" speed="9.19" pos="180.12" lane="0/1to1/1_0" slope="0.00"/>
        <vehicle id="22" x="175.22" y="201.65" angle="-90.00" type="DEFAULT_VEHTYPE" speed="13.00" pos="20.03" lane="1/1to0/1_0" slope="0.00"/>
        <vehicle id="23" x="417.92" y="401.65" angle="-90.00" type="DEFAULT_VEHTYPE" speed="8.43" pos="177.33" lane="3/2to2/2_0" slope="0.00"/>
        <vehicle id="24" x="119.31" y="198.35" angle="90.00" type="DEFAULT_VEHTYPE" speed="13.27" pos="119.31" lane="0/1to1/1_0" slope="0.00"/>
        <vehicle id="3" x="319.15" y="198.35" angle="90.00" type="DEFAULT_VEHTYPE" speed="13.19" pos="114.40" lane="1/1to2/1_0" slope="0.00"/>
        <vehicle id="4" x="406.16" y="198.35" angle="90.00" type="DEFAULT_VEHTYPE" speed="10.04" pos="1.41" lane="2/1to3/1_0" slope="0.00"/>
        <vehicle id="5" x="398.35" y="667.45" angle="0.00" type="DEFAULT_VEHTYPE" speed="13.41" pos="132.55" lane="2/4to2/3_0" slope="0.00"/>
        <vehicle id="6" x="198.35" y="99.50" angle="0.00" type="DEFAULT_VEHTYPE" speed="13.11" pos="95.75" lane="1/1to1/0_0" slope="0.00"/>
        <vehicle id="7" x="363.86" y="598.35" angle="90.00" type="DEFAULT_VEHTYPE" speed="13.59" pos="159.11" lane="1/3to2/3_0" slope="0.00"/>
        <vehicle id="8" x="224.41" y="198.35" angle="90.00" type="DEFAULT_VEHTYPE" speed="12.79" pos="19.66" lane="1/1to2/1_0" slope="0.00"/>
        <vehicle id="9" x="601.65" y="262.17" angle="180.00" type="DEFAULT_VEHTYPE" speed="12.99" pos="57.42" lane="3/1to3/2_0" slope="0.00"/>
    </timestep>
    <timestep time="473.00">
        <vehicle id="0" x="201.65" y="172.29" angle="180.00" type="DEFAULT_VEHTYPE" speed="13.60" pos="172.29" lane="1/0to1/1_0" slope="0.00"/>
        <vehicle id="1" x="463.65" y="198.35" angle="90.00" type="DEFAULT_VEHTYPE" speed="13.19" pos="58.90" lane="2/1to3/1_0" slope="0.00"/>
        <vehicle id="11" x="100.50" y="201.65" angle="-90.00" type="DEFAULT_VEHTYPE" speed="13.00" pos="94.75" lane="1/1to0/1_0" slope="0.00"/>
        <vehicle id="12" x="299.45" y="198.35" angle="90.00" type="DEFAULT_VEHTYPE" speed="12.68" pos="94.70" lane="1/1to2/1_0" slope="0.00"/>
        <vehicle id="14" x="-0.66" y="198.79" angle="-29.75" type="DEFAULT_VEHTYPE" speed="13.79" pos="4.03" lane=":0/1_0_0" slope="0.00"/>
        <vehicle id="15" x="492.86" y="198.35" angle="90.00" type="DEFAULT_VEHTYPE" speed="12.62" pos="88.11" lane="2/1to3/1_0" slope="0.00"/>
        <vehicle id="16" x="201.65" y="117.07" angle="180.00" type="DEFAULT_VEHTYPE" speed="12.72" pos="117.07" lane="1/0to1/1_0" slope="0.00"/>
        <vehicle id="17" x="398.35" y="398.37" angle="0.00" type="DEFAULT_VEHTYPE" speed="13.39" pos="6.38" lane=":2/2_1_0" slope="0.00"/>
        <vehicle id="18" x="601.65" y="313.89" angle="180.00" type="DEFAULT_VEHTYPE" speed="12.71" pos="109.14" lane="3/1to3/2_0" slope="0.00"/>
        <vehicle id="19" x="296.21" y="401.65" angle="-90.00" type="DEFAULT_VEHTYPE" speed="13.69" pos="99.04" lane="2/2to1/2_0" slope="0.00"/>
        <vehicle id="2" x="198.35" y="127.36" angle="0.00" type="DEFAULT_VEHTYPE" speed="13.41" pos="67.89" lane="1/1to1/0_0" slope="0.00"/>
        <vehicle id="20" x="398.35" y="243.04" angle="0.00" type="DEFAULT_VEHTYPE" speed="13.52" pos="152.21" lane="2/2to2/1_0" slope="0.00"/>
        <vehicle id="21" x="186.78" y="198.35" angle="90.00" type="DEFAULT_VEHTYPE" speed="6.66" pos="186.78" lane="0/1to1/1_0" slope="0.00"/>
        <vehicle id="22" x="162.46" y="201.65" angle="-90.00" type="DEFAULT_VEHTYPE" speed="12.76" pos="32.79" lane="1/1to0/1_0" slope="0.00"/>
        <vehicle id="23" x="412.09" y="401.65" angle="-90.00" type="DEFAULT_VEHTYPE" speed="5.83" pos="183.16" lane="3/2to2/2_0" slope="0.00"/>
        <vehicle id="24" x="132.24" y="198.35" angle="90.00" type="DEFAULT_VEHTYPE" speed="12.93" pos="132.24" lane="0/1to1/1_0" slope="0.00"/>
        <vehicle id="3" x="332.42" y="198.35" angle="90.00" type="DEFAULT_VEHTYPE" speed="13.28" pos="127.67" lane="1/1to2/1_0" slope="0.00"/>
        <vehicle id="4" x="418.30" y="198.35" angle="90.00" type="DEFAULT_VEHTYPE" speed="12.14" pos="13.55" lane="2/1to3/1_0" slope="0.00"/>
        <vehicle id="5" x="398.35" y="654.66" angle="0.00" type="DEFAULT_VEHTYPE" speed="12.79" pos="145.34" lane="2/4to2/3_0" slope="0.00"/>
        <vehicle id="6" x="198.35" y="85.93" angle="0.00" type="DEFAULT_VEHTYPE" speed="13.57" pos="109.32" lane="1/1to1/0_0" slope="0.00"/>
        <vehicle id="7" x="375.24" y="598.35" angle="90.00" type="DEFAULT_VEHTYPE" speed="11.38" pos="170.49" lane="1/3to2/3_0" slope="0.00"/>
        <vehicle id="8" x="237.61" y="198.35" angle="90.00" type="DEFAULT_VEHTYPE" speed="13.21" pos="32.86" lane="1/1to2/1_0" slope="0.00"/>
        <vehicle id="9" x="601.65" y="275.49" angle="180.00" type="DEFAULT_VEHTYPE" speed="13.33" pos="70.74" lane="3/1to3/2_0" slope="0.00"/>
    </timestep>
    <timestep time="474.00">
        <vehicle id="0" x="201.65" y="185.32" angle="180.00" type="DEFAULT_VEHTYPE" speed="13.04" pos="185.32" lane="1/0to1/1_0" slope="0.00"/>
        <vehicle id="1" x="476.81" y="198.35" angle="90.00" type="DEFAULT_VEHTYPE" speed="13.16" pos="72.06" lane="2/1to3/1_0" slope="0.00"/>
        <vehicle id="11" x="87.24" y="201.65" angle="-90.00" type="DEFAULT_VEHTYPE" speed="13.26" pos="108.01" lane="1/1to0/1_0" slope="0.00"/>
        <vehicle id="12" x="312.95" y="198.35" angle="90.00" type="DEFAULT_VEHTYPE" speed="13.50" pos="108.20" lane="1/1to2/1_0" slope="0.00"/>
        <vehicle id="14" x="12.11" y="198.35" angle="90.00" type="DEFAULT_VEHTYPE" speed="12.90" pos="12.11" lane="0/1to1/1_0" slope="0.00"/>
        <vehicle id="15" x="506.16" y="198.35" angle="90.00" type="DEFAULT_VEHTYPE" speed="13.31" pos="101.41" lane="2/1to3/1_0" slope="0.00"/>
        <vehicle id="16" x="201.65" y="129.76" angle="180.00" type="DEFAULT_VEHTYPE" speed="12.69" pos="129.76" lane="1/0to1/1_0" slope="0.00"/>
        <vehicle id="17" x="398.35" y="385.66" angle="0.00" type="DEFAULT_VEHTYPE" speed="12.71" pos="9.59" lane="2/2to2/1_0" slope="0.00"/>
        <vehicle id="18" x="601.65" y="326.87" angle="180.00" type="DEFAULT_VEHTYPE" speed="12.98" pos="122.12" lane="3/1to3/2_0" slope="0.00"/>
        <vehicle id="19" x="283.58" y="401.65" angle="-90.00" type="DEFAULT_VEHTYPE" speed="12.63" pos="111.67" lane="2/2to1/2_0" slope="0.00"/>
        <vehicle id="2" x="198.35" y="113.86" angle="0.00" type="DEFAULT_VEHTYPE" speed="13.50" pos="81.39" lane="1/1to1/0_0" slope="0.00"/>
        <vehicle id="20" x="398.35" y="230.40" angle="0.00" type="DEFAULT_VEHTYPE" speed="12.64" pos="164.85" lane="2/2to2/1_0" slope="0.00"/>
        <vehicle id="21" x="190.16" y="198.35" angle="90.00" type="DEFAULT_VEHTYPE" speed="3.38" pos="190.16" lane="0/1to1/1_0" slope="0.00"/>
        <vehicle id="22" x="148.94" y="201.65" angle="-90.00" type="DEFAULT_VEHTYPE" speed="13.52" pos="46.31" lane="1/1to0/1_0" slope="0.00"/>
        <vehicle id="23" x="409.22" y="401.65" angle="-90.00" type="DEFAULT_VEHTYPE" speed="2.87" pos="186.03" lane="3/2to2/2_0" slope="0.00"/>
        <vehicle id="24" x="145.87" y="198.35" angle="90.00" type="DEFAULT_VEHTYPE" speed="13.64" pos="145.87" lane="0/1to1/1_0" slope="0.00"/>
        <vehicle id="3" x="345.63" y="198.35" angle="90.00" type="DEFAULT_VEHTYPE" speed="13.21" pos="140.88" lane="1/1to2/1_0" slope="0.00"/>
        <vehicle id="4" x="431.20" y="198.35" angle="90.00" type="DEFAULT_VEHTYPE" speed="12.90" pos="26.45" lane="2/1to3/1_0" slope="0.00"/>
        <vehicle id="5" x="398.35" y="641.09" angle="0.00" type="DEFAULT_VEHTYPE" speed="13.57" pos="158.91" lane="2/4to2/3_0" slope="0.00"/>
        <vehicle id="6" x="198.35" y="72.55" angle="0.00" type="DEFAULT_VEHTYPE" speed="13.37" pos="122.70" lane="1/1to1/0_0" slope="0.00"/>
        <vehicle id="7" x="383.12" y="598.35" angle="90.00" type="DEFAULT_VEHTYPE" speed="7.88" pos="178.37" lane="1/3to2/3_0" slope="0.00"/>
        <vehicle id="8" x="250.23" y="198.35" angle="90.00" type="DEFAULT_VEHTYPE" speed="12.62" pos="45.48" lane="1/1to2/1_0" slope="0.00"/>
        <vehicle id="9" x="601.65" y="288.49" angle="180.00" type="DEFAULT_VEHTYPE" speed="12.99" pos="83.74" lane="3/1to3/2_0" slope="0.00"/>
    </timestep>
    <timestep time="475.00">
        <vehicle id="0" x="203.62" y="198.19" angle="154.26" type="DEFAULT_VEHTYPE" speed="13.79" pos="3.86" lane=":1/1_8_0" slope="0.00"/>
        <vehicle id="1" x="489.57" y="198.35" angle="90.00" type="DEFAULT_VEHTYPE" speed="12.77" pos="84.82" lane="2/1to3/1_0" slope="0.00"/>
        <vehicle id="11" x="73.88" y="201.65" angle="-90.00" type="DEFAULT_VEHTYPE" speed="13.36" pos="121.37" lane="1/1to0/1_0" slope="0.00"/>
        <vehicle id="12" x="325.66" y="198.35" angle="90.00" type="DEFAULT_VEHTYPE" speed="12.71" pos="120.91" lane="1/1to2/1_0" slope="0.00"/>
        <vehicle id="14" x="25.51" y="198.35" angle="90.00" type="DEFAULT_VEHTYPE" speed="13.40" pos="25.51" lane="0/1to1/1_0" slope="0.00"/>
        <vehicle id="15" x="519.65" y="198.35" angle="90.00" type="DEFAULT_VEHTYPE" speed="13.49" pos="114.90" lane="2/1to3/1_0" slope="0.00"/>
        <vehicle id="16" x="201.65" y="143.38" angle="180.00" type="DEFAULT_VEHTYPE" speed="13.63" pos="143.38" lane="1/0to1/1_0" slope="0.00"/>
        <vehicle id="17" x="398.35" y="373.04" angle="0.00" type="DEFAULT_VEHTYPE" speed="12.62" pos="22.21" lane="2/2to2/1_0" slope="0.00"/>
        <vehicle id="18" x="601.65" y="340.15" angle="180.00" type="DEFAULT_VEHTYPE" speed="13.28" pos="135.40" lane="3/1to3/2_0" slope="0.00"/>
        <vehicle id="19" x="270.72" y="401.65" angle="-90.00" type="DEFAULT_VEHTYPE" speed="12.86" pos="124.53" lane="2/2to1/2_0" slope="0.00"/>
        <vehicle id="2" x="198.35" y="101.21" angle="0.00" type="DEFAULT_VEHTYPE" speed="12.65" pos="94.04" lane="1/1to1/0_0" slope="0.00"/>
        <vehicle id="20" x="398.35" y="217.47" angle="0.00" type="DEFAULT_VEHTYPE" speed="12.93" pos="177.78" lane="2/2to2/1_0" slope="0.00"/>
        <vehicle id="21" x="195.62" y="198.30" angle="89.40" type="DEFAULT_VEHTYPE" speed="5.47" pos="0.38" lane=":1/1_12_0" slope="0.00"/>
        <vehicle id="22" x="136.08" y="201.65" angle="-90.00" type="DEFAULT_VEHTYPE" speed="12.86" pos="59.17" lane="1/1to0/1_0" slope="0.00"/>
        <vehicle id="23" x="404.21" y="401.65" angle="-90.00" type="DEFAULT_VEHTYPE" speed="5.01" pos="0.54" lane=":2/2_5_0" slope="0.00"/>
        <vehicle id="24" x="159.35" y="198.35" angle="90.00" type="DEFAULT_VEHTYPE" speed="13.47" pos="159.35" lane="0/1to1/1_0" slope="0.00"/>
        <vehicle id="3" x="358.75" y="198.35" angle="90.00" type="DEFAULT_VEHTYPE" speed="13.12" pos="154.00" lane="1/1to2/1_0" slope="0.00"/>
        <vehicle id="4" x="444.56" y="198.35" angle="90.00" type="DEFAULT_VEHTYPE" speed="13.36" pos="39.81" lane="2/1to3/1_0" slope="0.00"/>
        <vehicle id="5" x="398.35" y="627.97" angle="0.00" type="DEFAULT_VEHTYPE" speed="13.12" pos="172.03" lane="2/4to2/3_0" slope="0.00"/>
        <vehicle id="6" x="198.35" y="59.58" angle="0.00" type="DEFAULT_VEHTYPE" speed="12.97" pos="135.67" lane="1/1to1/0_0" slope="0.00"/>
        <vehicle id="7" x="388.84" y="598.35" angle="90.00" type="DEFAULT_VEHTYPE" speed="5.72" pos="184.09" lane="1/3to2/3_0" slope="0.00"/>
        <vehicle id="8" x="263.10" y="198.35" angle="90.00" type="DEFAULT_VEHTYPE" speed="12.87" pos="58.35" lane="1/1to2/1_0" slope="0.00"/>
        <vehicle id="9" x="601.65" y="302.33" angle="180.00" type="DEFAULT_VEHTYPE" speed="13.84" pos="97.58" lane="3/1to3/2_0" slope="0.00"/>
    </timestep>
    <timestep time="476.00">
        <vehicle id="0" x="216.91" y="198.35" angle="90.00" type="DEFAULT_VEHTYPE" speed="13.30" pos="12.16" lane="1/1to2/1_0" slope="0.00"/>
        <vehicle id="1" x="502.28" y="198.35" angle="90.00" type="DEFAULT_VEHTYPE" speed="12.71" pos="97.53" lane="2/1to3/1_0" slope="0.00"/>
        <vehicle id="11" x="60.86" y="201.65" angle="-90.00" type="DEFAULT_VEHTYPE" speed="13.02" pos="134.39" lane="1/1to0/1_0" slope="0.00"/>
        <vehicle id="12" x="338.30" y="198.35" angle="90.00" type="DEFAULT_VEHTYPE" speed="12.64" pos="133.55" lane="1/1to2/1_0" slope="0.00"/>
        <vehicle id="14" x="38.77" y="198.35" angle="90.00" type="DEFAULT_VEHTYPE" speed="13.26" pos="38.77" lane="0/1to1/1_0" slope="0.00"/>
        <vehicle id="15" x="533.24" y="198.35" angle="90.00" type="DEFAULT_VEHTYPE" speed="13.58" pos="128.49" lane="2/1to3/1_0" slope="0.00"/>
        <vehicle id="16" x="201.65" y="156.23" angle="180.00" type="DEFAULT_VEHTYPE" speed="12.84" pos="156.23" lane="1/0to1/1_0" slope="0.00"/>
        <vehicle id="17" x="398.35" y="359.35" angle="0.00" type="DEFAULT_VEHTYPE" speed="13.69" pos="35.90" lane="2/2to2/1_0" slope="0.00"/>
        <vehicle id="18" x="601.65" y="353.28" angle="180.00" type="DEFAULT_VEHTYPE" speed="13.13" pos="148.53" lane="3/1to3/2_0" slope="0.00"/>
        <vehicle id="19" x="256.98" y="401.65" angle="-90.00" type="DEFAULT_VEHTYPE" speed="13.74" pos="138.27" lane="2/2to1/2_0" slope="0.00"/>
        <vehicle id="2" x="198.35" y="88.48" angle="0.00" type="DEFAULT_VEHTYPE" speed="12.73" pos="106.77" lane="1/1to1/0_0" slope="0.00"/>
        <vehicle id="20" x="398.35" y="204.75" angle="0.00" type="DEFAULT_VEHTYPE" speed="12.72" pos="190.50" lane="2/2to2/1_0" slope="0.00"/>
        <vehicle id="21" x="198.35" y="192.67" angle="8.63" type="DEFAULT_VEHTYPE" speed="7.20" pos="2.58" lane="1/1to1/0_0" slope="0.00"/>
        <vehicle id="22" x="123.37" y="201.65" angle="-90.00" type="DEFAULT_VEHTYPE" speed="12.71" pos="71.88" lane="1/1to0/1_0" slope="0.00"/>
        <vehicle id="23" x="396.60" y="401.65" angle="-90.00" type="DEFAULT_VEHTYPE" speed="7.61" pos="8.15" lane=":2/2_5_0" slope="0.00"/>
        <vehicle id="24" x="172.39" y="198.35" angle="90.00" type="DEFAULT_VEHTYPE" speed="13.04" pos="172.39" lane="0/1to1/1_0" slope="0.00"/>
        <vehicle id="3" x="371.93" y="198.35" angle="90.00" type="DEFAULT_VEHTYPE" speed="13.17" pos="167.18" lane="1/1to2/1_0" slope="0.00"/>
        <vehicle id="4" x="457.65" y="198.35" angle="90.00" type="DEFAULT_VEHTYPE" speed="13.08" pos="52.90" lane="2/1to3/1_0" slope="0.00"/>
        <vehicle id="5" x="398.35" y="614.45" angle="0.00" type="DEFAULT_VEHTYPE" speed="13.52" pos="185.55" lane="2/4to2/3_0" slope="0.00"/>
        <vehicle id="6" x="198.35" y="46.53" angle="0.00" type="DEFAULT_VEHTYPE" speed="13.05" pos="148.72" lane="1/1to1/0_0" slope="0.00"/>
        <vehicle id="7" x="390.88" y="598.35" angle="90.00" type="DEFAULT_VEHTYPE" speed="2.04" pos="186.13" lane="1/3to2/3_0" slope="0.00"/>
        <vehicle id="8" x="275.70" y="198.35" angle="90.00" type="DEFAULT_VEHTYPE" speed="12.61" pos="70.95" lane="1/1to2/1_0" slope="0.00"/>
        <vehicle id="9" x="601.65" y="315.23" angle="180.00" type="DEFAULT_VEHTYPE" speed="12.91" pos="110.48" lane="3/1to3/2_0" slope="0.00"/>
    </timestep>
    <timestep time="477.00">
        <vehicle id="0" x="230.51" y="198.35" angle="90.00" type="DEFAULT_VEHTYPE" speed="13.60" pos="25.76" lane="1/1to2/1_0" slope="0.00"/>
        <vehicle id="1" x="514.99" y="198.35" angle="90.00" type="DEFAULT_VEHTYPE" speed="12.71" pos="110.24" lane="2/1to3/1_0" slope="0.00"/>
        <vehicle id="11" x="47.44" y="201.65" angle="-90.00" type="DEFAULT_VEHTYPE" speed="13.42" pos="147.81" lane="1/1to0/1_0" slope="0.00"/>
        <vehicle id="12" x="351.55" y="198.35" angle="90.00" type="DEFAULT_VEHTYPE" speed="13.25" pos="146.80" lane="1/1to2/1_0" slope="0.00"/>
        <vehicle id="14" x="51.93" y="198.35" angle="90.00" type="DEFAULT_VEHTYPE" speed="13.16" pos="51.93" lane="0/1to1/1_0" slope="0.00"/>
        <vehicle id="15" x="546.60" y="198.35" angle="90.00" type="DEFAULT_VEHTYPE" speed="13.36" pos="141.85" lane="2/1to3/1_0" slope="0.00"/>
        <vehicle id="16" x="201.65" y="169.43" angle="180.00" type="DEFAULT_VEHTYPE" speed="13.20" pos="169.43" lane="1/0to1/1_0" slope="0.00"/>
        <vehicle id="17" x="398.35" y="345.51" angle="0.00" type="DEFAULT_VEHTYPE" speed="13.84" pos="49.74" lane="2/2to2/1_0" slope="0.00"/>
        <vehicle id="18" x="601.65" y="366.78" angle="180.00" type="DEFAULT_VEHTYPE" speed="13.51" pos="162.03" lane="3/1to3/2_0" slope="0.00"/>
        <vehicle id="19" x="244.31" y="401.65" angle="-90.00" type="DEFAULT_VEHTYPE" speed="12.67" pos="150.94" lane="2/2to1/2_0" slope="0.00"/>
        <vehicle id="2" x="198.35" y="75.33" angle="0.00" type="DEFAULT_VEHTYPE" speed="13.15" pos="119.92" lane="1/1to1/0_0" slope="0.00"/>
        <vehicle id="20" x="398.35" y="191.99" angle="0.00" type="DEFAULT_VEHTYPE" speed="12.76" pos="3.26" lane="2/1to2/0_0" slope="0.00"/>
        <vehicle id="21" x="198.35" y="183.84" angle="0.00" type="DEFAULT_VEHTYPE" speed="8.83" pos="11.41" lane="1/1to1/0_0" slope="0.00"/>
        <vehicle id="22" x="110.16" y="201.65" angle="-90.00" type="DEFAULT_VEHTYPE" speed="13.21" pos="85.09" lane="1/1to0/1_0" slope="0.00"/>
        <vehicle id="23" x="387.22" y="401.65" angle="-90.00" type="DEFAULT_VEHTYPE" speed="9.37" pos="8.03" lane="2/2to1/2_0" slope="0.00"/>
        <vehicle id="24" x="181.60" y="198.35" angle="90.00" type="DEFAULT_VEHTYPE" speed="9.22" pos="181.60" lane="0/1to1/1_0" slope="0.00"/>
        <vehicle id="3" x="380.97" y="198.35" angle="90.00" type="DEFAULT_VEHTYPE" speed="9.04" pos="176.22" lane="1/1to2/1_0" slope="0.00"/>
        <vehicle id="4" x="470.40" y="198.35" angle="90.00" type="DEFAULT_VEHTYPE" speed="12.76" pos="65.65" lane="2/1to3/1_0" slope="0.00"/>
        <vehicle id="5" x="398.35" y="601.54" angle="0.00" type="DEFAULT_VEHTYPE" speed="12.91" pos="3.21" lane=":2/3_1_0" slope="0.00"/>
        <vehicle id="6" x="198.35" y="33.68" angle="0.00" type="DEFAULT_VEHTYPE" speed="12.85" pos="161.57" lane="1/1to1/0_0" slope="0.00"/>
        <vehicle id="7" x="391.72" y="598.35" angle="90.00" type="DEFAULT_VEHTYPE" speed="0.84" pos="186.97" lane="1/3to2/3_0" slope="0.00"/>
        <vehicle id="8" x="289.42" y="198.35" angle="90.00" type="DEFAULT_VEHTYPE" speed="13.71" pos="84.67" lane="1/1to2/1_0" slope="0.00"/>
        <vehicle id="9" x="601.65" y="328.46" angle="180.00" type="DEFAULT_VEHTYPE" speed="13.23" pos="123.71" lane="3/1to3/2_0" slope="0.00"/>
    </timestep>
    <timestep time="478.00">
        <vehicle id="0" x="243.16" y="198.35" angle="90.00" type="DEFAULT_VEHTYPE" speed="12.65" pos="38.41" lane="1/1to2/1_0" slope="0.00"/>
        <vehicle id="1" x="528.23" y="198.35" angle="90.00" type="DEFAULT_VEHTYPE" speed="13.23" pos="123.48" lane="2/1to3/1_0" slope="0.00"/>
        <vehicle id="11" x="34.66" y="201.65" angle="-90.00" type="DEFAULT_VEHTYPE" speed="12.78" pos="160.59" lane="1/1to0/1_0" slope="0.00"/>
        <vehicle id="12" x="364.18" y="198.35" angle="90.00" type="DEFAULT_VEHTYPE" speed="12.62" pos="159.43" lane="1/1to2/1_0" slope="0.00"/>
        <vehicle id="14" x="64.69" y="198.35" angle="90.00" type="DEFAULT_VEHTYPE" speed="12.76" pos="64.69" lane="0/1to1/1_0" slope="0.00"/>
        <vehicle id="15" x="559.78" y="198.35" angle="90.00" type="DEFAULT_VEHTYPE" speed="13.19" pos="155.03" lane="2/1to3/1_0" slope="0.00"/>
        <vehicle id="16" x="201.65" y="182.66" angle="180.00" type="DEFAULT_VEHTYPE" speed="13.23" pos="182.66" lane="1/0to1/1_0" slope="0.00"/>
        <vehicle id="17" x="398.35" y="332.30" angle="0.00" type="DEFAULT_VEHTYPE" speed="13.21" pos="62.95" lane="2/2to2/1_0" slope="0.00"/>
        <vehicle id="18" x="601.65" y="377.11" angle="180.00" type="DEFAULT_VEHTYPE" speed="10.33" pos="172.36" lane="3/1to3/2_0" slope="0.00"/>
        <vehicle id="19" x="231.66" y="401.65" angle="-90.00" type="DEFAULT_VEHTYPE" speed="12.65" pos="163.59" lane="2/2to1/2_0" slope="0.00"/>
        <vehicle id="2" x="198.35" y="62.32" angle="0.00" type="DEFAULT_VEHTYPE" speed="13.01" pos="132.93" lane="1/1to1/0_0" slope="0.00"/>
        <vehicle id="20" x="398.35" y="178.86" angle="0.00" type="DEFAULT_VEHTYPE" speed="13.13" pos="16.39" lane="2/1to2/0_0" slope="0.00"/>
        <vehicle id="21" x="198.35" y="173.05" angle="0.00" type="DEFAULT_VEHTYPE" speed="10.79" pos="22.20" lane="1/1to1/0_0" slope="0.00"/>
        <vehicle id="22" x="96.34" y="201.65" angle="-90.00" type="DEFAULT_VEHTYPE" speed="13.82" pos="98.91" lane="1/1to0/1_0" slope="0.00"/>
        <vehicle id="23" x="375.39" y="401.65" angle="-90.00" type="DEFAULT_VEHTYPE" speed="11.83" pos="19.86" lane="2/2to1/2_0" slope="0.00"/>
        <vehicle id="24" x="187.67" y="198.35" angle="90.00" type="DEFAULT_VEHTYPE" speed="6.07" pos="187.67" lane="0/1to1/1_0" slope="0.00"/>
        <vehicle id="3" x="387.69" y="198.35" angle="90.00" type="DEFAULT_VEHTYPE" speed="6.72" pos="182.94" lane="1/1to2/1_0" slope="0.00"/>
        <vehicle id="4" x="483.26" y="198.35" angle="90.00" type="DEFAULT_VEHTYPE" speed="12.85" pos="78.51" lane="2/1to3/1_0" slope="0.00"/>
        <vehicle id="5" x="398.35" y="588.03" angle="0.00" type="DEFAULT_VEHTYPE" speed="13.51" pos="7.22" lane="2/3to2/2_0" slope="0.00"/>
        <vehicle id="6" x="198.35" y="20.20" angle="0.00" type="DEFAULT_VEHTYPE" speed="13.49" pos="175.05" lane="1/1to1/0_0" slope="0.00"/>
        <vehicle id="7" x="395.12" y="598.35" angle="90.00" type="DEFAULT_VEHTYPE" speed="3.40" pos="190.37" lane="1/3to2/3_0" slope="0.00"/>
        <vehicle id="8" x="302.59" y="198.35" angle="90.00" type="DEFAULT_VEHTYPE" speed="13.18" pos="97.84" lane="1/1to2/1_0" slope="0.00"/>
        <vehicle id="9" x="601.65" y="341.37" angle="180.00" type="DEFAULT_VEHTYPE" speed="12.91" pos="136.62" lane="3/1to3/2_0" slope="0.00"/>
    </timestep>
    <timestep time="479.00">
        <vehicle id="0" x="256.26" y="198.35" angle="90.00" type="DEFAULT_VEHTYPE" speed="13.09" pos="51.51" lane="1/1to2/1_0" slope="0.00"/>
        <vehicle id="1" x="541.13" y="198.35" angle="90.00" type="DEFAULT_VEHTYPE" speed="12.90" pos="136.38" lane="2/1to3/1_0" slope="0.00"/>
        <vehicle id="11" x="20.98" y="201.65" angle="-90.00" type="DEFAULT_VEHTYPE" speed="13.68" pos="174.27" lane="1/1to0/1_0" slope="0.00"/>
        <vehicle id="12" x="374.37" y="198.35" angle="90.00" type="DEFAULT_VEHTYPE" speed="10.19" pos="169.62" lane="1/1to2/1_0" slope="0.00"/>
        <vehicle id="14" x="77.45" y="198.35" angle="90.00" type="DEFAULT_VEHTYPE" speed="12.75" pos="77.45" lane="0/1to1/1_0" slope="0.00"/>
        <vehicle id="15" x="572.10" y="198.35" angle="90.00" type="DEFAULT_VEHTYPE" speed="12.31" pos="167.35" lane="2/1to3/1_0" slope="0.00"/>
        <vehicle id="16" x="201.79" y="196.25" angle="178.41" type="DEFAULT_VEHTYPE" speed="13.59" pos="1.00" lane=":1/1_8_0" slope="0.00"/>
        <vehicle id="17" x="398.35" y="319.39" angle="0.00" type="DEFAULT_VEHTYPE" speed="12.92" pos="75.86" lane="2/2to2/1_0" slope="0.00"/>
        <vehicle id="18" x="601.65" y="384.44" angle="180.00" type="DEFAULT_VEHTYPE" speed="7.33" pos="179.69" lane="3/1to3/2_0" slope="0.00"/>
        <vehicle id="19" x="221.66" y="401.65" angle="-90.00" type="DEFAULT_VEHTYPE" speed="10.00" pos="173.59" lane="2/2to1/2_0" slope="0.00"/>
        <vehicle id="2" x="198.35" y="49.56" angle="0.00" type="DEFAULT_VEHTYPE" speed="12.76" pos="145.69" lane="1/1to1/0_0" slope="0.00"/>
        <vehicle id="20" x="398.35" y="165.85" angle="0.00" type="DEFAULT_VEHTYPE" speed="13.01" pos="29.40" lane="2/1to2/0_0" slope="0.00"/>
        <vehicle id="21" x="198.35" y="160.63" angle="0.00" type="DEFAULT_VEHTYPE" speed="12.42" pos="34.62" lane="1/1to1/0_0" slope="0.00"/>
        <vehicle id="22" x="82.66" y="201.65" angle="-90.00" type="DEFAULT_VEHTYPE" speed="13.69" pos="112.59" lane="1/1to0/1_0" slope="0.00"/>
        <vehicle id="23" x="362.06" y="401.65" angle="-90.00" type="DEFAULT_VEHTYPE" speed="13.33" pos="33.19" lane="2/2to1/2_0" slope="0.00"/>
        <vehicle id="24" x="191.21" y="198.35" angle="90.00" type="DEFAULT_VEHTYPE" speed="3.54" pos="191.21" lane="0/1to1/1_0" slope="0.00"/>
        <vehicle id="3" x="390.74" y="198.35" angle="90.00" type="DEFAULT_VEHTYPE" speed="3.05" pos="185.99" lane="1/1to2/1_0" slope="0.00"/>
        <vehicle id="4" x="496.76" y="198.35" angle="90.00" type="DEFAULT_VEHTYPE" speed="13.50" pos="92.01" lane="2/1to3/1_0" slope="0.00"/>
        <vehicle id="5" x="398.35" y="575.10" angle="0.00" type="DEFAULT_VEHTYPE" speed="12.93" pos="20.15" lane="2/3to2/2_0" slope="0.00"/>
        <vehicle id="6" x="198.35" y="7.09" angle="0.00" type="DEFAULT_VEHTYPE" speed="13.10" pos="188.16" lane="1/1to1/0_0" slope="0.00"/>
        <vehicle id="7" x="400.15" y="600.12" angle="110.75" type="DEFAULT_VEHTYPE" speed="5.49" pos="5.36" lane=":2/3_14_0" slope="0.00"/>
        <vehicle id="8" x="316.02" y="198.35" angle="90.00" type="DEFAULT_VEHTYPE" speed="13.42" pos="111.27" lane="1/1to2/1_0" slope="0.00"/>
        <vehicle id="9" x="601.65" y="354.45" angle="180.00" type="DEFAULT_VEHTYPE" speed="13.07" pos="149.70" lane="3/1to3/2_0" slope="0.00"/>
    </timestep>
    <timestep time="480.00">
        <vehicle id="0" x="269.11" y="198.35" angle="90.00" type="DEFAULT_VEHTYPE" speed="12.86" pos="64.36" lane="1/1to2/1_0" slope="0.00"/>
        <vehicle id="1" x="554.29" y="198.35" angle="90.00" type="DEFAULT_VEHTYPE" speed="13.16" pos="149.54" lane="2/1to3/1_0" slope="0.00"/>
        <vehicle id="11" x="7.32" y="201.65" angle="-90.00" type="DEFAULT_VEHTYPE" speed="13.66" pos="187.93" lane="1/1to0/1_0" slope="0.00"/>
        <vehicle id="12" x="380.05" y="198.35" angle="90.00" type="DEFAULT_VEHTYPE" speed="5.69" pos="175.30" lane="1/1to2/1_0" slope="0.00"/>
        <vehicle id="14" x="90.31" y="198.35" angle="90.00" type="DEFAULT_VEHTYPE" speed="12.86" pos="90.31" lane="0/1to1/1_0" slope="0.00"/>
        <vehicle id="15" x="581.49" y="198.35" angle="90.00" type="DEFAULT_VEHTYPE" speed="9.39" pos="176.74" lane="2/1to3/1_0" slope="0.00"/>
        <vehicle id="16" x="213.61" y="198.35" angle="90.00" type="DEFAULT_VEHTYPE" speed="12.86" pos="8.86" lane="1/1to2/1_0" slope="0.00"/>
        <vehicle id="17" x="398.35" y="306.26" angle="0.00" type="DEFAULT_VEHTYPE" speed="13.12" pos="88.99" lane="2/2to2/1_0" slope="0.00"/>
        <vehicle id="18" x="601.65" y="389.20" angle="180.00" type="DEFAULT_VEHTYPE" speed="4.76" pos="184.45" lane="3/1to3/2_0" slope="0.00"/>
        <vehicle id="19" x="214.67" y="401.65" angle="-90.00" type="DEFAULT_VEHTYPE" speed="6.98" pos="180.58" lane="2/2to1/2_0" slope="0.00"/>
        <vehicle id="2" x="198.35" y="36.50" angle="0.00" type="DEFAULT_VEHTYPE" speed="13.06" pos="158.75" lane="1/1to1/0_0" slope="0.00"/>
        <vehicle id="20" x="398.35" y="152.64" angle="0.00" type="DEFAULT_VEHTYPE" speed="13.20" pos="42.61" lane="2/1to2/0_0" slope="0.00"/>
        <vehicle id="21" x="198.35" y="147.03" angle="0.00" type="DEFAULT_VEHTYPE" speed="13.60" pos="48.22" lane="1/1to1/0_0" slope="0.00"/>
        <vehicle id="22" x="69.58" y="201.65" angle="-90.00" type="DEFAULT_VEHTYPE" speed="13.08" pos="125.67" lane="1/1to0/1_0" slope="0.00"/>
        <vehicle id="23" x="349.17" y="401.65" angle="-90.00" type="DEFAULT_VEHTYPE" speed="12.90" pos="46.08" lane="2/2to1/2_0" slope="0.00"/>
        <vehicle id="24" x="197.15" y="197.83" angle="83.97" type="DEFAULT_VEHTYPE" speed="6.04" pos="2.00" lane=":1/1_12_0" slope="0.00"/>
        <vehicle id="3" x="395.40" y="198.35" angle="90.00" type="DEFAULT_VEHTYPE" speed="4.66" pos="0.15" lane=":2/1_13_0" slope="0.00"/>
        <vehicle id="4" x="510.41" y="198.35" angle="90.00" type="DEFAULT_VEHTYPE" speed="13.65" pos="105.66" lane="2/1to3/1_0" slope="0.00"/>
        <vehicle id="5" x="398.35" y="561.77" angle="0.00" type="DEFAULT_VEHTYPE" speed="13.33" pos="33.48" lane="2/3to2/2_0" slope="0.00"/>
        <vehicle id="6" x="201.65" y="1.48" angle="134.72" type="DEFAULT_VEHTYPE" speed="13.39" pos="1.48" lane="1/0to1/1_0" slope="0.00"/>
        <vehicle id="7" x="401.65" y="606.91" angle="175.33" type="DEFAULT_VEHTYPE" speed="7.12" pos="2.16" lane="2/3to2/4_0" slope="0.00"/>
        <vehicle id="8" x="328.84" y="198.35" angle="90.00" type="DEFAULT_VEHTYPE" speed="12.83" pos="124.09" lane="1/1to2/1_0" slope="0.00"/>
        <vehicle id="9" x="601.65" y="366.48" angle="180.00" type="DEFAULT_VEHTYPE" speed="12.03" pos="161.73" lane="3/1to3/2_0" slope="0.00"/>
    </timestep>
    <timestep time="481.00">
        <vehicle id="0" x="282.21" y="198.35" angle="90.00" type="DEFAULT_VEHTYPE" speed="13.10" pos="77.46" lane="1/1to2/1_0" slope="0.00"/>
        <vehicle id="1" x="566.92" y="198.35" angle="90.00" type="DEFAULT_VEHTYPE" speed="12.64" pos="162.17" lane="2/1to3/1_0" slope="0.00"/>
        <vehicle id="11" x="1.05" y="198.35" angle="32.33" type="DEFAULT_VEHTYPE" speed="13.19" pos="1.05" lane="0/1to1/1_0" slope="0.00"/>
        <vehicle id="12" x="385.79" y="198.35" angle="90.00" type="DEFAULT_VEHTYPE" speed="5.73" pos="181.04" lane="1/1to2/1_0" slope="0.00"/>
        <vehicle id="14" x="103.13" y="198.35" angle="90.00" type="DEFAULT_VEHTYPE" speed="12.82" pos="103.13" lane="0/1to1/1_0" slope="0.00"/>
        <vehicle id="15" x="587.91" y="198.35" angle="90.00" type="DEFAULT_VEHTYPE" speed="6.42" pos="183.16" lane="2/1to3/1_0" slope="0.00"/>
        <vehicle id="16" x="226.50" y="198.35" angle="90.00" type="DEFAULT_VEHTYPE" speed="12.89" pos="21.75" lane="1/1to2/1_0" slope="0.00"/>
        <vehicle id="17" x="398.35" y="292.68" angle="0.00" type="DEFAULT_VEHTYPE" speed="13.58" pos="102.57" lane="2/2to2/1_0" slope="0.00"/>
        <vehicle id="18" x="601.47" y="396.50" angle="-177.94" type="DEFAULT_VEHTYPE" speed="7.32" pos="1.27" lane=":3/2_10_0" slope="0.00"/>
        <vehicle id="19" x="210.77" y="401.65" angle="-90.00" type="DEFAULT_VEHTYPE" speed="3.90" pos="184.48" lane="2/2to1/2_0" slope="0.00"/>
        <vehicle id="2" x="198.35" y="22.63" angle="0.00" type="DEFAULT_VEHTYPE" speed="13.87" pos="172.62" lane="1/1to1/0_0" slope="0.00"/>
        <vehicle id="20" x="398.35" y="139.36" angle="0.00" type="DEFAULT_VEHTYPE" speed="13.28" pos="55.89" lane="2/1to2/0_0" slope="0.00"/>
        <vehicle id="21" x="198.35" y="133.30" angle="0.00" type="DEFAULT_VEHTYPE" speed="13.72" pos="61.95" lane="1/1to1/0_0" slope="0.00"/>
        <vehicle id="22" x="56.06" y="201.65" angle="-90.00" type="DEFAULT_VEHTYPE" speed="13.52" pos="139.19" lane="1/1to0/1_0" slope="0.00"/>
        <vehicle id="23" x="336.03" y="401.65" angle="-90.00" type="DEFAULT_VEHTYPE" speed="13.14" pos="59.22" lane="2/2to1/2_0" slope="0.00"/>
        <vehicle id="24" x="198.35" y="190.16" angle="0.00" type="DEFAULT_VEHTYPE" speed="8.09" pos="5.09" lane="1/1to1/0_0" slope="0.00"/>
        <vehicle id="3" x="402.39" y="198.35" angle="90.00" type="DEFAULT_VEHTYPE" speed="6.99" pos="7.14" lane=":2/1_13_0" slope="0.00"/>
        <vehicle id="4" x="523.97" y="198.35" angle="90.00" type="DEFAULT_VEHTYPE" speed="13.55" pos="119.22" lane="2/1to3/1_0" slope="0.00"/>
        <vehicle id="5" x="398.35" y="549.08" angle="0.00" type="DEFAULT_VEHTYPE" speed="12.69" pos="46.17" lane="2/3to2/2_0" slope="0.00"/>
        <vehicle id="6" x="201.65" y="14.66" angle="180.00" type="DEFAULT_VEHTYPE" speed="13.18" pos="14.66" lane="1/0to1/1_0" slope="0.00"/>
        <vehicle id="7" x="401.65" y="615.83" angle="180.00" type="DEFAULT_VEHTYPE" speed="8.92" pos="11.08" lane="2/3to2/4_0" slope="0.00"/>
        <vehicle id="8" x="342.73" y="198.35" angle="90.00" type="DEFAULT_VEHTYPE" speed="13.89" pos="137.98" lane="1/1to2/1_0" slope="0.00"/>
        <vehicle id="9" x="601.65" y="375.70" angle="180.00" type="DEFAULT_VEHTYPE" speed="9.22" pos="170.95" lane="3/1to3/2_0" slope="0.00"/>
    </timestep>
    <timestep time="482.00">
        <vehicle id="0" x="295.76" y="198.35" angle="90.00" type="DEFAULT_VEHTYPE" speed="13.55" pos="91.01" lane="1/1to2/1_0" slope="0.00"/>
        <vehicle id="1" x="575.88" y="198.35" angle="90.00" type="DEFAULT_VEHTYPE" speed="8.96" pos="171.13" lane="2/1to3/1_0" slope="0.00"/>
        <vehicle id="11" x="13.71" y="198.35" angle="90.00" type="DEFAULT_VEHTYPE" speed="12.65" pos="13.71" lane="0/1to1/1_0" slope="0.00"/>
        <vehicle id="12" x="390.08" y="198.35" angle="90.00" type="DEFAULT_VEHTYPE" speed="4.30" pos="185.33" lane="1/1to2/1_0" slope="0.00"/>
        <vehicle id="14" x="116.22" y="198.35" angle="90.00" type="DEFAULT_VEHTYPE" speed="13.09" pos="116.22" lane="0/1to1/1_0" slope="0.00"/>
        <vehicle id="15" x="590.42" y="198.35" angle="90.00" type="DEFAULT_VEHTYPE" speed="2.52" pos="185.67" lane="2/1to3/1_0" slope="0.00"/>
        <vehicle id="16" x="240.02" y="198.35" angle="90.00" type="DEFAULT_VEHTYPE" speed="13.52" pos="35.27" lane="1/1to2/1_0" slope="0.00"/>
        <vehicle id="17" x="398.35" y="279.42" angle="0.00" type="DEFAULT_VEHTYPE" speed="13.26" pos="115.83" lane="2/2to2/1_0" slope="0.00"/>
        <vehicle id="18" x="594.94" y="401.65" angle="-106.08" type="DEFAULT_VEHTYPE" speed="9.37" pos="0.31" lane="3/2to2/2_0" slope="0.00"/>
        <vehicle id="19" x="205.30" y="401.65" angle="-90.00" type="DEFAULT_VEHTYPE" speed="5.48" pos="189.95" lane="2/2to1/2_0" slope="0.00"/>
        <vehicle id="2" x="198.35" y="8.87" angle="0.00" type="DEFAULT_VEHTYPE" speed="13.76" pos="186.38" lane="1/1to1/0_0" slope="0.00"/>
        <vehicle id="20" x="398.35" y="126.40" angle="0.00" type="DEFAULT_VEHTYPE" speed="12.96" pos="68.85" lane="2/1to2/0_0" slope="0.00"/>
        <vehicle id="21" x="198.35" y="119.85" angle="0.00" type="DEFAULT_VEHTYPE" speed="13.45" pos="75.40" lane="1/1to1/0_0" slope="0.00"/>
        <vehicle id="22" x="42.16" y="201.65" angle="-90.00" type="DEFAULT_VEHTYPE" speed="13.90" pos="153.09" lane="1/1to0/1_0" slope="0.00"/>
        <vehicle id="23" x="322.16" y="401.65" angle="-90.00" type="DEFAULT_VEHTYPE" speed="13.86" pos="73.09" lane="2/2to1/2_0" slope="0.00"/>
        <vehicle id="24" x="198.35" y="179.60" angle="0.00" type="DEFAULT_VEHTYPE" speed="10.56" pos="15.65" lane="1/1to1/0_0" slope="0.00"/>
        <vehicle id="3" x="411.31" y="198.35" angle="90.00" type="DEFAULT_VEHTYPE" speed="8.92" pos="6.56" lane="2/1to3/1_0" slope="0.00"/>
        <vehicle id="4" x="536.62" y="198.35" angle="90.00" type="DEFAULT_VEHTYPE" speed="12.65" pos="131.87" lane="2/1to3/1_0" slope="0.00"/>
        <vehicle id="5" x="398.35" y="536.18" angle="0.00" type="DEFAULT_VEHTYPE" speed="12.90" pos="59.07" lane="2/3to2/2_0" slope="0.00"/>
        <vehicle id="6" x="201.65" y="27.90" angle="180.00" type="DEFAULT_VEHTYPE" speed="13.23" pos="27.90" lane="1/0to1/1_0" slope="0.00"/>
        <vehicle id="7" x="401.65" y="626.06" angle="180.00" type="DEFAULT_VEHTYPE" speed="10.23" pos="21.31" lane="2/3to2/4_0" slope="0.00"/>
        <vehicle id="8" x="355.88" y="198.35" angle="90.00" type="DEFAULT_VEHTYPE" speed="13.15" pos="151.13" lane="1/1to2/1_0" slope="0.00"/>
        <vehicle id="9" x="601.65" y="383.85" angle="180.00" type="DEFAULT_VEHTYPE" speed="8.15" pos="179.10" lane="3/1to3/2_0" slope="0.00"/>
    </timestep>
    <timestep time="483.00">
        <vehicle id="0" x="309.58" y="198.35" angle="90.00" type="DEFAULT_VEHTYPE" speed="13.82" pos="104.83" lane="1/1to2/1_0" slope="0.00"/>
        <vehicle id="1" x="580.34" y="198.35" angle="90.00" type="DEFAULT_VEHTYPE" speed="4.46" pos="175.59" lane="2/1to3/1_0" slope="0.00"/>
        <vehicle id="11" x="26.80" y="198.35" angle="90.00" type="DEFAULT_VEHTYPE" speed="13.09" pos="26.80" lane="0/1to1/1_0" slope="0.00"/>
        <vehicle id="12" x="396.69" y="198.35" angle="90.00" type="DEFAULT_VEHTYPE" speed="6.60" pos="1.44" lane=":2/1_13_0" slope="0.00"/>
        <vehicle id="14" x="129.72" y="198.35" angle="90.00" type="DEFAULT_VEHTYPE" speed="13.50" pos="129.72" lane="0/1to1/1_0" slope="0.00"/>
        <vehicle id="15" x="595.18" y="198.35" angle="90.00" type="DEFAULT_VEHTYPE" speed="4.76" pos="190.43" lane="2/1to3/1_0" slope="0.00"/>
        <vehicle id="16" x="252.72" y="198.35" angle="90.00" type="DEFAULT_VEHTYPE" speed="12.71" pos="47.97" lane="1/1to2/1_0" slope="0.00"/>
        <vehicle id="17" x="398.35" y="265.77" angle="0.00" type="DEFAULT_VEHTYPE" speed="13.64" pos="129.48" lane="2/2to2/1_0" slope="0.00"/>
        <vehicle id="18" x="582.98" y="401.65" angle="-90.00" type="DEFAULT_VEHTYPE" speed="11.96" pos="12.27" lane="3/2to2/2_0" slope="0.00"/>
        <vehicle id="19" x="199.32" y="399.01" angle="-58.93" type="DEFAULT_VEHTYPE" speed="6.92" pos="6.38" lane=":1/2_6_0" slope="0.00"/>
        <vehicle id="2" x="201.30" y="-0.52" angle="65.82" type="DEFAULT_VEHTYPE" speed="13.07" pos="4.20" lane=":1/0_0_0" slope="0.00"/>
        <vehicle id="20" x="398.35" y="113.10" angle="0.00" type="DEFAULT_VEHTYPE" speed="13.30" pos="82.15" lane="2/1to2/0_0" slope="0.00"/>
        <vehicle id="21" x="198.35" y="107.17" angle="0.00" type="DEFAULT_VEHTYPE" speed="12.68" pos="88.08" lane="1/1to1/0_0" slope="0.00"/>
        <vehicle id="22" x="29.05" y="201.65" angle="-90.00" type="DEFAULT_VEHTYPE" speed="13.12" pos="166.20" lane="1/1to0/1_0" slope="0.00"/>
        <vehicle id="23" x="308.70" y="401.65" angle="-90.00" type="DEFAULT_VEHTYPE" speed="13.46" pos="86.55" lane="2/2to1/2_0" slope="0.00"/>
        <vehicle id="24" x="198.35" y="167.50" angle="0.00" type="DEFAULT_VEHTYPE" speed="12.10" pos="27.75" lane="1/1to1/0_0" slope="0.00"/>
        <vehicle id="3" x="421.83" y="198.35" angle="90.00" type="DEFAULT_VEHTYPE" speed="10.53" pos="17.08" lane="2/1to3/1_0" slope="0.00"/>
        <vehicle id="4" x="549.26" y="198.35" angle="90.00" type="DEFAULT_VEHTYPE" speed="12.64" pos="144.51" lane="2/1to3/1_0" slope="0.00"/>
        <vehicle id="5" x="398.35" y="523.31" angle="0.00" type="DEFAULT_VEHTYPE" speed="12.87" pos="71.94" lane="2/3to2/2_0" slope="0.00"/>
        <vehicle id="6" x="201.65" y="41.45" angle="180.00" type="DEFAULT_VEHTYPE" speed="13.56" pos="41.45" lane="1/0to1/1_0" slope="0.00"/>
        <vehicle id="7" x="401.65" y="638.27" angle="180.00" type="DEFAULT_VEHTYPE" speed="12.21" pos="33.52" lane="2/3to2/4_0" slope="0.00"/>
        <vehicle id="8" x="366.31" y="198.35" angle="90.00" type="DEFAULT_VEHTYPE" speed="10.43" pos="161.56" lane="1/1to2/1_0" slope="0.00"/>
        <vehicle id="9" x="601.65" y="388.50" angle="180.00" type="DEFAULT_VEHTYPE" speed="4.65" pos="183.75" lane="3/1to3/2_0" slope="0.00"/>
    </timestep>
    <timestep time="484.00">
        <vehicle id="0" x="322.54" y="198.35" angle="90.00" type="DEFAULT_VEHTYPE" speed="12.96" pos="117.79" lane="1/1to2/1_0" slope="0.00"/>
        <vehicle id="1" x="586.26" y="198.35" angle="90.00" type="DEFAULT_VEHTYPE" speed="5.92" pos="181.51" lane="2/1to3/1_0" slope="0.00"/>
        <vehicle id="11" x="39.42" y="198.35" angle="90.00" type="DEFAULT_VEHTYPE" speed="12.62" pos="39.42" lane="0/1to1/1_0" slope="0.00"/>
        <vehicle id="12" x="405.18" y="198.35" angle="90.00" type="DEFAULT_VEHTYPE" speed="8.50" pos="0.43" lane="2/1to3/1_0" slope="0.00"/>
        <vehicle id="14" x="143.61" y="198.35" angle="90.00" type="DEFAULT_VEHTYPE" speed="13.89" pos="143.61" lane="0/1to1/1_0" slope="0.00"/>
        <vehicle id="15" x="601.03" y="201.59" angle="128.29" type="DEFAULT_VEHTYPE" speed="7.14" pos="7.07" lane=":3/1_14_0" slope="0.00"/>
        <vehicle id="16" x="266.51" y="198.35" angle="90.00" type="DEFAULT_VEHTYPE" speed="13.79" pos="61.76" lane="1/1to2/1_0" slope="0.00"/>
        <vehicle id="17" x="398.35" y="252.99" angle="0.00" type="DEFAULT_VEHTYPE" speed="12.78" pos="142.26" lane="2/2to2/1_0" slope="0.00"/>
        <vehicle id="18" x="569.14" y="401.65" angle="-90.00" type="DEFAULT_VEHTYPE" speed="13.84" pos="26.11" lane="3/2to2/2_0" slope="0.00"/>
        <vehicle id="19" x="198.35" y="389.98" angle="0.00" type="DEFAULT_VEHTYPE" speed="9.21" pos="5.27" lane="1/2to1/1_0" slope="0.00"/>
        <vehicle id="2" x="201.65" y="13.04" angle="180.00" type="DEFAULT_VEHTYPE" speed="13.67" pos="13.04" lane="1/0to1/1_0" slope="0.00"/>
        <vehicle id="20" x="398.35" y="100.32" angle="0.00" type="DEFAULT_VEHTYPE" speed="12.78" pos="94.93" lane="2/1to2/0_0" slope="0.00"/>
        <vehicle id="21" x="198.35" y="93.68" angle="0.00" type="DEFAULT_VEHTYPE" speed="13.50" pos="101.57" lane="1/1to1/0_0" slope="0.00"/>
        <vehicle id="22" x="16.12" y="201.65" angle="-90.00" type="DEFAULT_VEHTYPE" speed="12.93" pos="179.13" lane="1/1to0/1_0" slope="0.00"/>
        <vehicle id="23" x="295.83" y="401.65" angle="-90.00" type="DEFAULT_VEHTYPE" speed="12.88" pos="99.42" lane="2/2to1/2_0" slope="0.00"/>
        <vehicle id="24" x="198.35" y="154.13" angle="0.00" type="DEFAULT_VEHTYPE" speed="13.37" pos="41.12" lane="1/1to1/0_0" slope="0.00"/>
        <vehicle id="3" x="434.40" y="198.35" angle="90.00" type="DEFAULT_VEHTYPE" speed="12.57" pos="29.65" lane="2/1to3/1_0" slope="0.00"/>
        <vehicle id="4" x="559.36" y="198.35" angle="90.00" type="DEFAULT_VEHTYPE" speed="10.11" pos="154.61" lane="2/1to3/1_0" slope="0.00"/>
        <vehicle id="5" x="398.35" y="510.31" angle="0.00" type="DEFAULT_VEHTYPE" speed="13.01" pos="84.94" lane="2/3to2/2_0" slope="0.00"/>
        <vehicle id="6" x="201.65" y="54.48" angle="180.00" type="DEFAULT_VEHTYPE" speed="13.02" pos="54.48" lane="1/0to1/1_0" slope="0.00"/>
        <vehicle id="7" x="401.65" y="652.04" angle="180.00" type="DEFAULT_VEHTYPE" speed="13.77" pos="47.29" lane="2/3to2/4_0" slope="0.00"/>
        <vehicle id="8" x="376.86" y="198.35" angle="90.00" type="DEFAULT_VEHTYPE" speed="10.55" pos="172.11" lane="1/1to2/1_0" slope="0.00"/>
        <vehicle id="9" x="601.65" y="394.66" angle="180.00" type="DEFAULT_VEHTYPE" speed="6.16" pos="189.91" lane="3/1to3/2_0" slope="0.00"/>
    </timestep>
    <timestep time="485.00">
        <vehicle id="0" x="336.26" y="198.35" angle="90.00" type="DEFAULT_VEHTYPE" speed="13.71" pos="131.51" lane="1/1to2/1_0" slope="0.00"/>
        <vehicle id="1" x="590.02" y="198.35" angle="90.00" type="DEFAULT_VEHTYPE" speed="3.76" pos="185.27" lane="2/1to3/1_0" slope="0.00"/>
        <vehicle id="11" x="52.80" y="198.35" angle="90.00" type="DEFAULT_VEHTYPE" speed="13.38" pos="52.80" lane="0/1to1/1_0" slope="0.00"/>
        <vehicle id="12" x="415.57" y="198.35" angle="90.00" type="DEFAULT_VEHTYPE" speed="10.39" pos="10.82" lane="2/1to3/1_0" slope="0.00"/>
        <vehicle id="14" x="157.05" y="198.35" angle="90.00" type="DEFAULT_VEHTYPE" speed="13.44" pos="157.05" lane="0/1to1/1_0" slope="0.00"/>
        <vehicle id="15" x="601.65" y="210.24" angle="180.00" type="DEFAULT_VEHTYPE" speed="8.74" pos="5.49" lane="3/1to3/2_0" slope="0.00"/>
        <vehicle id="16" x="280.00" y="198.35" angle="90.00" type="DEFAULT_VEHTYPE" speed="13.49" pos="75.25" lane="1/1to2/1_0" slope="0.00"/>
        <vehicle id="17" x="398.35" y="239.48" angle="0.00" type="DEFAULT_VEHTYPE" speed="13.51" pos="155.77" lane="2/2to2/1_0" slope="0.00"/>
        <vehicle id="18" x="555.35" y="401.65" angle="-90.00" type="DEFAULT_VEHTYPE" speed="13.78" pos="39.90" lane="3/2to2/2_0" slope="0.00"/>
        <vehicle id="19" x="198.35" y="378.37" angle="0.00" type="DEFAULT_VEHTYPE" speed="11.61" pos="16.88" lane="1/2to1/1_0" slope="0.00"/>
        <vehicle id="2" x="201.65" y="26.70" angle="180.00" type="DEFAULT_VEHTYPE" speed="13.66" pos="26.70" lane="1/0to1/1_0" slope="0.00"/>
        <vehicle id="20" x="398.35" y="86.96" angle="0.00" type="DEFAULT_VEHTYPE" speed="13.36" pos="108.29" lane="2/1to2/0_0" slope="0.00"/>
        <vehicle id="21" x="198.35" y="80.27" angle="0.00" type="DEFAULT_VEHTYPE" speed="13.41" pos="114.98" lane="1/1to1/0_0" slope="0.00"/>
        <vehicle id="22" x="3.00" y="201.65" angle="-90.00" type="DEFAULT_VEHTYPE" speed="13.11" pos="192.25" lane="1/1to0/1_0" slope="0.00"/>
        <vehicle id="23" x="282.90" y="401.65" angle="-90.00" type="DEFAULT_VEHTYPE" speed="12.93" pos="112.35" lane="2/2to1/2_0" slope="0.00"/>
        <vehicle id="24" x="198.35" y="140.67" angle="0.00" type="DEFAULT_VEHTYPE" speed="13.46" pos="54.58" lane="1/1to1/0_0" slope="0.00"/>
        <vehicle id="3" x="447.54" y="198.35" angle="90.00" type="DEFAULT_VEHTYPE" speed="13.14" pos="42.79" lane="2/1to3/1_0" slope="0.00"/>
        <vehicle id="4" x="570.43" y="198.35" angle="90.00" type="DEFAULT_VEHTYPE" speed="11.06" pos="165.68" lane="2/1to3/1_0" slope="0.00"/>
        <vehicle id="5" x="398.35" y="496.60" angle="0.00" type="DEFAULT_VEHTYPE" speed="13.71" pos="98.65" lane="2/3to2/2_0" slope="0.00"/>
        <vehicle id="6" x="201.65" y="67.26" angle="180.00" type="DEFAULT_VEHTYPE" speed="12.78" pos="67.26" lane="1/0to1/1_0" slope="0.00"/>
        <vehicle id="7" x="401.65" y="665.41" angle="180.00" type="DEFAULT_VEHTYPE" speed="13.38" pos="60.66" lane="2/3to2/4_0" slope="0.00"/>
        <vehicle id="8" x="383.93" y="198.35" angle="90.00" type="DEFAULT_VEHTYPE" speed="7.07" pos="179.18" lane="1/1to2/1_0" slope="0.00"/>
        <vehicle id="9" x="598.44" y="401.01" angle="-142.15" type="DEFAULT_VEHTYPE" speed="7.62" pos="7.03" lane=":3/2_10_0" slope="0.00"/>
    </timestep>
    <timestep time="486.00">
        <vehicle id="0" x="348.94" y="198.35" angle="90.00" type="DEFAULT_VEHTYPE" speed="12.68" pos="144.19" lane="1/1to2/1_0" slope="0.00"/>
        <vehicle id="1" x="595.63" y="198.40" angle="90.62" type="DEFAULT_VEHTYPE" speed="5.61" pos="0.38" lane=":3/1_14_0" slope="0.00"/>
        <vehicle id="11" x="66.43" y="198.35" angle="90.00" type="DEFAULT_VEHTYPE" speed="13.63" pos="66.43" lane="0/1to1/1_0" slope="0.00"/>
        <vehicle id="12" x="428.56" y="198.35" angle="90.00" type="DEFAULT_VEHTYPE" speed="12.98" pos="23.81" lane="2/1to3/1_0" slope="0.00"/>
        <vehicle id="14" x="169.92" y="198.35" angle="90.00" type="DEFAULT_VEHTYPE" speed="12.88" pos="169.92" lane="0/1to1/1_0" slope="0.00"/>
        <vehicle id="15" x="601.65" y="220.42" angle="180.00" type="DEFAULT_VEHTYPE" speed="10.18" pos="15.67" lane="3/1to3/2_0" slope="0.00"/>
        <vehicle id="16" x="292.92" y="198.35" angle="90.00" type="DEFAULT_VEHTYPE" speed="12.92" pos="88.17" lane="1/1to2/1_0" slope="0.00"/>
        <vehicle id="17" x="398.35" y="225.86" angle="0.00" type="DEFAULT_VEHTYPE" speed="13.62" pos="169.39" lane="2/2to2/1_0" slope="0.00"/>
        <vehicle id="18" x="542.05" y="401.65" angle="-90.00" type="DEFAULT_VEHTYPE" speed="13.30" pos="53.20" lane="3/2to2/2_0" slope="0.00"/>
        <vehicle id="19" x="198.35" y="365.54" angle="0.00" type="DEFAULT_VEHTYPE" speed="12.83" pos="29.71" lane="1/2to1/1_0" slope="0.00"/>
        <vehicle id="2" x="201.65" y="40.55" angle="180.00" type="DEFAULT_VEHTYPE" speed="13.85" pos="40.55" lane="1/0to1/1_0" slope="0.00"/>
        <vehicle id="20" x="398.35" y="73.40" angle="0.00" type="DEFAULT_VEHTYPE" speed="13.57" pos="121.85" lane="2/1to2/0_0" slope="0.00"/>
        <vehicle id="21" x="198.35" y="67.35" angle="0.00" type="DEFAULT_VEHTYPE" speed="12.92" pos="127.90" lane="1/1to1/0_0" slope="0.00"/>
        <vehicle id="22" x="5.36" y="198.35" angle="90.00" type="DEFAULT_VEHTYPE" speed="13.18" pos="5.36" lane="0/1to1/1_0" slope="0.00"/>
        <vehicle id="23" x="269.74" y="401.65" angle="-90.00" type="DEFAULT_VEHTYPE" speed="13.16" pos="125.51" lane="2/2to1/2_0" slope="0.00"/>
        <vehicle id="24" x="198.35" y="126.91" angle="0.00" type="DEFAULT_VEHTYPE" speed="13.77" pos="68.34" lane="1/1to1/0_0" slope="0.00"/>
        <vehicle id="3" x="460.68" y="198.35" angle="90.00" type="DEFAULT_VEHTYPE" speed="13.14" pos="55.93" lane="2/1to3/1_0" slope="0.00"/>
        <vehicle id="4" x="577.03" y="198.35" angle="90.00" type="DEFAULT_VEHTYPE" speed="6.60" pos="172.28" lane="2/1to3/1_0" slope="0.00"/>
        <vehicle id="5" x="398.35" y="483.35" angle="0.00" type="DEFAULT_VEHTYPE" speed="13.25" pos="111.90" lane="2/3to2/2_0" slope="0.00"/>
        <vehicle id="6" x="201.65" y="80.96" angle="180.00" type="DEFAULT_VEHTYPE" speed="13.70" pos="80.96" lane="1/0to1/1_0" slope="0.00"/>
        <vehicle id="7" x="401.65" y="679.00" angle="180.00" type="DEFAULT_VEHTYPE" speed="13.59" pos="74.25" lane="2/3to2/4_0" slope="0.00"/>
        <vehicle id="8" x="388.47" y="198.35" angle="90.00" type="DEFAULT_VEHTYPE" speed="4.54" pos="183.72" lane="1/1to2/1_0" slope="0.00"/>
        <vehicle id="9" x="589.03" y="401.65" angle="-90.00" type="DEFAULT_VEHTYPE" speed="9.51" pos="6.22" lane="3/2to2/2_0" slope="0.00"/>
    </timestep>
    <timestep time="487.00">
        <vehicle id="0" x="362.12" y="198.35" angle="90.00" type="DEFAULT_VEHTYPE" speed="13.19" pos="157.37" lane="1/1to2/1_0" slope="0.00"/>
        <vehicle id="1" x="601.37" y="202.82" angle="142.98" type="DEFAULT_VEHTYPE" speed="7.99" pos="8.37" lane=":3/1_14_0" slope="0.00"/>
        <vehicle id="11" x="79.97" y="198.35" angle="90.00" type="DEFAULT_VEHTYPE" speed="13.54" pos="79.97" lane="0/1to1/1_0" slope="0.00"/>
        <vehicle id="12" x="442.11" y="198.35" angle="90.00" type="DEFAULT_VEHTYPE" speed="13.55" pos="37.36" lane="2/1to3/1_0" slope="0.00"/>
        <vehicle id="14" x="179.26" y="198.35" angle="90.00" type="DEFAULT_VEHTYPE" speed="9.34" pos="179.26" lane="0/1to1/1_0" slope="0.00"/>
        <vehicle id="15" x="601.65" y="232.31" angle="180.00" type="DEFAULT_VEHTYPE" speed="11.88" pos="27.56" lane="3/1to3/2_0" slope="0.00"/>
        <vehicle id="16" x="306.22" y="198.35" angle="90.00" type="DEFAULT_VEHTYPE" speed="13.30" pos="101.47" lane="1/1to2/1_0" slope="0.00"/>
        <vehicle id="17" x="398.35" y="213.21" angle="0.00" type="DEFAULT_VEHTYPE" speed="12.65" pos="182.04" lane="2/2to2/1_0" slope="0.00"/>
        <vehicle id="18" x="529.24" y="401.65" angle="-90.00" type="DEFAULT_VEHTYPE" speed="12.81" pos="66.01" lane="3/2to2/2_0" slope="0.00"/>
        <vehicle id="19" x="198.35" y="352.43" angle="0.00" type="DEFAULT_VEHTYPE" speed="13.11" pos="42.82" lane="1/2to1/1_0" slope="0.00"/>
        <vehicle id="2" x="201.65" y="54.44" angle="180.00" type="DEFAULT_VEHTYPE" speed="13.89" pos="54.44" lane="1/0to1/1_0" slope="0.00"/>
        <vehicle id="20" x="398.35" y="60.06" angle="0.00" type="DEFAULT_VEHTYPE" speed="13.34" pos="135.19" lane="2/1to2/0_0" slope="0.00"/>
        <vehicle id="21" x="198.35" y="54.21" angle="0.00" type="DEFAULT_VEHTYPE" speed="13.14" pos="141.04" lane="1/1to1/0_0" slope="0.00"/>
        <vehicle id="22" x="18.63" y="198.35" angle="90.00" type="DEFAULT_VEHTYPE" speed="13.28" pos="18.63" lane="0/1to1/1_0" slope="0.00"/>
        <vehicle id="23" x="256.33" y="401.65" angle="-90.00" type="DEFAULT_VEHTYPE" speed="13.41" pos="138.92" lane="2/2to1/2_0" slope="0.00"/>
        <vehicle id="24" x="198.35" y="113.61" angle="0.00" type="DEFAULT_VEHTYPE" speed="13.29" pos="81.64" lane="1/1to1/0_0" slope="0.00"/>
        <vehicle id="3" x="474.17" y="198.35" angle="90.00" type="DEFAULT_VEHTYPE" speed="13.48" pos="69.42" lane="2/1to3/1_0" slope="0.00"/>
        <vehicle id="4" x="584.37" y="198.35" angle="90.00" type="DEFAULT_VEHTYPE" speed="7.34" pos="179.62" lane="2/1to3/1_0" slope="0.00"/>
        <vehicle id="5" x="398.35" y="470.63" angle="0.00" type="DEFAULT_VEHTYPE" speed="12.73" pos="124.62" lane="2/3to2/2_0" slope="0.00"/>
        <vehicle id="6" x="201.65" y="94.28" angle="180.00" type="DEFAULT_VEHTYPE" speed="13.33" pos="94.28" lane="1/0to1/1_0" slope="0.00"/>
        <vehicle id="7" x="401.65" y="692.73" angle="180.00" type="DEFAULT_VEHTYPE" speed="13.73" pos="87.98" lane="2/3to2/4_0" slope="0.00"/>
        <vehicle id="8" x="395.29" y="198.35" angle="90.00" type="DEFAULT_VEHTYPE" speed="6.81" pos="0.04" lane=":2/1_13_0" slope="0.00"/>
        <vehicle id="9" x="577.18" y="401.65" angle="-90.00" type="DEFAULT_VEHTYPE" speed="11.85" pos="18.07" lane="3/2to2/2_0" slope="0.00"/>
    </timestep>
    <timestep time="488.00">
        <vehicle id="0" x="374.53" y="198.35" angle="90.00" type="DEFAULT_VEHTYPE" speed="12.41" pos="169.78" lane="1/1to2/1_0" slope="0.00"/>
        <vehicle id="1" x="601.65" y="212.40" angle="180.00" type="DEFAULT_VEHTYPE" speed="9.59" pos="7.65" lane="3/1to3/2_0" slope="0.00"/>
        <vehicle id="11" x="92.98" y="198.35" angle="90.00" type="DEFAULT_VEHTYPE" speed="13.01" pos="92.98" lane="0/1to1/1_0" slope="0.00"/>
        <vehicle id="12" x="455.15" y="198.35" angle="90.00" type="DEFAULT_VEHTYPE" speed="13.04" pos="50.40" lane="2/1to3/1_0" slope="0.00"/>
        <vehicle id="14" x="185.82" y="198.35" angle="90.00" type="DEFAULT_VEHTYPE" speed="6.56" pos="185.82" lane="0/1to1/1_0" slope="0.00"/>
        <vehicle id="15" x="601.65" y="245.32" angle="180.00" type="DEFAULT_VEHTYPE" speed="13.01" pos="40.57" lane="3/1to3/2_0" slope="0.00"/>
        <vehicle id="16" x="319.07" y="198.35" angle="90.00" type="DEFAULT_VEHTYPE" speed="12.85" pos="114.32" lane="1/1to2/1_0" slope="0.00"/>
        <vehicle id="17" x="395.78" y="201.72" angle="-35.68" type="DEFAULT_VEHTYPE" speed="12.92" pos="4.46" lane=":2/1_0_0" slope="0.00"/>
        <vehicle id="18" x="515.98" y="401.65" angle="-90.00" type="DEFAULT_VEHTYPE" speed="13.26" pos="79.27" lane="3/2to2/2_0" slope="0.00"/>
        <vehicle id="19" x="198.35" y="339.02" angle="0.00" type="DEFAULT_VEHTYPE" speed="13.41" pos="56.23" lane="1/2to1/1_0" slope="0.00"/>
        <vehicle id="2" x="201.65" y="67.04" angle="180.00" type="DEFAULT_VEHTYPE" speed="12.61" pos="67.04" lane="1/0to1/1_0" slope="0.00"/>
        <vehicle id="20" x="398.35" y="46.17" angle="0.00" type="DEFAULT_VEHTYPE" speed="13.89" pos="149.08" lane="2/1to2/0_0" slope="0.00"/>
        <vehicle id="21" x="198.35" y="41.20" angle="0.00" type="DEFAULT_VEHTYPE" speed="13.02" pos="154.05" lane="1/1to1/0_0" slope="0.00"/>
        <vehicle id="22" x="31.45" y="198.35" angle="90.00" type="DEFAULT_VEHTYPE" speed="12.81" pos="31.45" lane="0/1to1/1_0" slope="0.00"/>
        <vehicle id="23" x="243.43" y="401.65" angle="-90.00" type="DEFAULT_VEHTYPE" speed="12.89" pos="151.82" lane="2/2to1/2_0" slope="0.00"/>
        <vehicle id="24" x="198.35" y="100.71" angle="0.00" type="DEFAULT_VEHTYPE" speed="12.90" pos="94.54" lane="1/1to1/0_0" slope="0.00"/>
        <vehicle id="3" x="487.22" y="198.35" angle="90.00" type="DEFAULT_VEHTYPE" speed="13.05" pos="82.47" lane="2/1to3/1_0" slope="0.00"/>
        <vehicle id="4" x="589.28" y="198.35" angle="90.00" type="DEFAULT_VEHTYPE" speed="4.92" pos="184.53" lane="2/1to3/1_0" slope="0.00"/>
        <vehicle id="5" x="398.35" y="457.79" angle="0.00" type="DEFAULT_VEHTYPE" speed="12.84" pos="137.46" lane="2/3to2/2_0" slope="0.00"/>
        <vehicle id="6" x="201.65" y="107.09" angle="180.00" type="DEFAULT_VEHTYPE" speed="12.81" pos="107.09" lane="1/0to1/1_0" slope="0.00"/>
        <vehicle id="7" x="401.65" y="705.49" angle="180.00" type="DEFAULT_VEHTYPE" speed="12.77" pos="100.74" lane="2/3to2/4_0" slope="0.00"/>
        <vehicle id="8" x="404.23" y="198.35" angle="90.00" type="DEFAULT_VEHTYPE" speed="8.94" pos="8.98" lane=":2/1_13_0" slope="0.00"/>
        <vehicle id="9" x="564.31" y="401.65" angle="-90.00" type="DEFAULT_VEHTYPE" speed="12.87" pos="30.94" lane="3/2to2/2_0" slope="0.00"/>
    </timestep>
    <timestep time="489.00">
        <vehicle id="0" x="383.00" y="198.35" angle="90.00" type="DEFAULT_VEHTYPE" speed="8.47" pos="178.25" lane="1/1to2/1_0" slope="0.00"/>
        <vehicle id="1" x="601.65" y="223.50" angle="180.00" type="DEFAULT_VEHTYPE" speed="11.10" pos="18.75" lane="3/1to3/2_0" slope="0.00"/>
        <vehicle id="11" x="105.74" y="198.35" angle="90.00" type="DEFAULT_VEHTYPE" speed="12.77" pos="105.74" lane="0/1to1/1_0" slope="0.00"/>
        <vehicle id="12" x="467.84" y="198.35" angle="90.00" type="DEFAULT_VEHTYPE" speed="12.69" pos="63.09" lane="2/1to3/1_0" slope="0.00"/>
        <vehicle id="14" x="189.69" y="198.35" angle="90.00" type="DEFAULT_VEHTYPE" speed="3.86" pos="189.69" lane="0/1to1/1_0" slope="0.00"/>
        <vehicle id="15" x="601.65" y="259.02" angle="180.00" type="DEFAULT_VEHTYPE" speed="13.71" pos="54.27" lane="3/1to3/2_0" slope="0.00"/>
        <vehicle id="16" x="332.22" y="198.35" angle="90.00" type="DEFAULT_VEHTYPE" speed="13.15" pos="127.47" lane="1/1to2/1_0" slope="0.00"/>
        <vehicle id="17" x="382.32" y="201.65" angle="-90.00" type="DEFAULT_VEHTYPE" speed="13.46" pos="12.93" lane="2/1to1/1_0" slope="0.00"/>
        <vehicle id="18" x="502.83" y="401.65" angle="-90.00" type="DEFAULT_VEHTYPE" speed="13.15" pos="92.42" lane="3/2to2/2_0" slope="0.00"/>
        <vehicle id="19" x="198.35" y="325.91" angle="0.00" type="DEFAULT_VEHTYPE" speed="13.10" pos="69.34" lane="1/2to1/1_0" slope="0.00"/>
        <vehicle id="2" x="201.65" y="80.39" angle="180.00" type="DEFAULT_VEHTYPE" speed="13.35" pos="80.39" lane="1/0to1/1_0" slope="0.00"/>
        <vehicle id="20" x="398.35" y="32.75" angle="0.00" type="DEFAULT_VEHTYPE" speed="13.42" pos="162.50" lane="2/1to2/0_0" slope="0.00"/>
        <vehicle id="21" x="198.35" y="27.72" angle="0.00" type="DEFAULT_VEHTYPE" speed="13.48" pos="167.53" lane="1/1to1/0_0" slope="0.00"/>
        <vehicle id="22" x="44.08" y="198.35" angle="90.00" type="DEFAULT_VEHTYPE" speed="12.63" pos="44.08" lane="0/1to1/1_0" slope="0.00"/>
        <vehicle id="23" x="229.67" y="401.65" angle="-90.00" type="DEFAULT_VEHTYPE" speed="13.77" pos="165.58" lane="2/2to1/2_0" slope="0.00"/>
        <vehicle id="24" x="198.35" y="87.17" angle="0.00" type="DEFAULT_VEHTYPE" speed="13.54" pos="108.08" lane="1/1to1/0_0" slope="0.00"/>
        <vehicle id="3" x="500.03" y="198.35" angle="90.00" type="DEFAULT_VEHTYPE" speed="12.81" pos="95.28" lane="2/1to3/1_0" slope="0.00"/>
        <vehicle id="4" x="595.69" y="198.41" angle="90.72" type="DEFAULT_VEHTYPE" speed="6.41" pos="0.44" lane=":3/1_14_0" slope="0.00"/>
        <vehicle id="5" x="398.35" y="444.74" angle="0.00" type="DEFAULT_VEHTYPE" speed="13.04" pos="150.51" lane="2/3to2/2_0" slope="0.00"/>
        <vehicle id="6" x="201.65" y="120.47" angle="180.00" type="DEFAULT_VEHTYPE" speed="13.37" pos="120.47" lane="1/0to1/1_0" slope="0.00"/>
        <vehicle id="7" x="401.65" y="718.20" angle="180.00" type="DEFAULT_VEHTYPE" speed="12.71" pos="113.45" lane="2/3to2/4_0" slope="0.00"/>
        <vehicle id="8" x="414.76" y="198.35" angle="90.00" type="DEFAULT_VEHTYPE" speed="10.53" pos="10.01" lane="2/1to3/1_0" slope="0.00"/>
        <vehicle id="9" x="551.47" y="401.65" angle="-90.00" type="DEFAULT_VEHTYPE" speed="12.85" pos="43.78" lane="3/2to2/2_0" slope="0.00"/>
    </timestep>
    <timestep time="490.00">
        <vehicle id="0" x="388.68" y="198.35" angle="90.00" type="DEFAULT_VEHTYPE" speed="5.68" pos="183.93" lane="1/1to2/1_0" slope="0.00"/>
        <vehicle id="1" x="601.65" y="236.37" angle="180.00" type="DEFAULT_VEHTYPE" speed="12.87" pos="31.62" lane="3/1to3/2_0" slope="0.00"/>
        <vehicle id="11" x="118.46" y="198.35" angle="90.00" type="DEFAULT_VEHTYPE" speed="12.71" pos="118.46" lane="0/1to1/1_0" slope="0.00"/>
        <vehicle id="12" x="480.85" y="198.35" angle="90.00" type="DEFAULT_VEHTYPE" speed="13.02" pos="76.10" lane="2/1to3/1_0" slope="0.00"/>
        <vehicle id="14" x="195.75" y="198.28" angle="89.20" type="DEFAULT_VEHTYPE" speed="6.07" pos="0.50" lane=":1/1_12_0" slope="0.00"/>
        <vehicle id="15" x="601.65" y="272.91" angle="180.00" type="DEFAULT_VEHTYPE" speed="13.88" pos="68.16" lane="3/1to3/2_0" slope="0.00"/>
        <vehicle id="16" x="345.18" y="198.35" angle="90.00" type="DEFAULT_VEHTYPE" speed="12.96" pos="140.43" lane="1/1to2/1_0" slope="0.00"/>
        <vehicle id="17" x="369.44" y="201.65" angle="-90.00" type="DEFAULT_VEHTYPE" speed="12.88" pos="25.81" lane="2/1to1/1_0" slope="0.00"/>
        <vehicle id="18" x="489.44" y="401.65" angle="-90.00" type="DEFAULT_VEHTYPE" speed="13.39" pos="105.81" lane="3/2to2/2_0" slope="0.00"/>
        <vehicle id="19" x="198.35" y="312.66" angle="0.00" type="DEFAULT_VEHTYPE" speed="13.25" pos="82.59" lane="1/2to1/1_0" slope="0.00"/>
        <vehicle id="2" x="201.65" y="93.16" angle="180.00" type="DEFAULT_VEHTYPE" speed="12.77" pos="93.16" lane="1/0to1/1_0" slope="0.00"/>
        <vehicle id="20" x="398.35" y="19.44" angle="0.00" type="DEFAULT_VEHTYPE" speed="13.31" pos="175.81" lane="2/1to2/0_0" slope="0.00"/>
        <vehicle id="21" x="198.35" y="14.09" angle="0.00" type="DEFAULT_VEHTYPE" speed="13.63" pos="181.16" lane="1/1to1/0_0" slope="0.00"/>
        <vehicle id="22" x="56.93" y="198.35" angle="90.00" type="DEFAULT_VEHTYPE" speed="12.85" pos="56.93" lane="0/1to1/1_0" slope="0.00"/>
        <vehicle id="23" x="219.52" y="401.65" angle="-90.00" type="DEFAULT_VEHTYPE" speed="10.15" pos="175.73" lane="2/2to1/2_0" slope="0.00"/>
        <vehicle id="24" x="198.35" y="73.50" angle="0.00" type="DEFAULT_VEHTYPE" speed="13.66" pos="121.75" lane="1/1to1/0_0" slope="0.00"/>
        <vehicle id="3" x="512.68" y="198.35" angle="90.00" type="DEFAULT_VEHTYPE" speed="12.65" pos="107.93" lane="2/1to3/1_0" slope="0.00"/>
        <vehicle id="4" x="601.49" y="203.64" angle="151.61" type="DEFAULT_VEHTYPE" speed="8.76" pos="9.20" lane=":3/1_14_0" slope="0.00"/>
        <vehicle id="5" x="398.35" y="430.93" angle="0.00" type="DEFAULT_VEHTYPE" speed="13.82" pos="164.32" lane="2/3to2/2_0" slope="0.00"/>
        <vehicle id="6" x="201.65" y="133.14" angle="180.00" type="DEFAULT_VEHTYPE" speed="12.68" pos="133.14" lane="1/0to1/1_0" slope="0.00"/>
        <vehicle id="7" x="401.65" y="731.18" angle="180.00" type="DEFAULT_VEHTYPE" speed="12.98" pos="126.43" lane="2/3to2/4_0" slope="0.00"/>
        <vehicle id="8" x="427.75" y="198.35" angle="90.00" type="DEFAULT_VEHTYPE" speed="12.98" pos="23.00" lane="2/1to3/1_0" slope="0.00"/>
        <vehicle id="9" x="537.59" y="401.65" angle="-90.00" type="DEFAULT_VEHTYPE" speed="13.87" pos="57.66" lane="3/2to2/2_0" slope="0.00"/>
    </timestep>
    <timestep time="491.00">
        <vehicle id="0" x="395.89" y="198.35" angle="90.00" type="DEFAULT_VEHTYPE" speed="7.21" pos="0.64" lane=":2/1_13_0" slope="0.00"/>
        <vehicle id="1" x="601.65" y="249.76" angle="180.00" type="DEFAULT_VEHTYPE" speed="13.39" pos="45.01" lane="3/1to3/2_0" slope="0.00"/>
        <vehicle id="11" x="132.10" y="198.35" angle="90.00" type="DEFAULT_VEHTYPE" speed="13.64" pos="132.10" lane="0/1to1/1_0" slope="0.00"/>
        <vehicle id="12" x="493.66" y="198.35" angle="90.00" type="DEFAULT_VEHTYPE" speed="12.80" pos="88.91" lane="2/1to3/1_0" slope="0.00"/>
        <vehicle id="14" x="198.35" y="191.39" angle="1.82" type="DEFAULT_VEHTYPE" speed="8.35" pos="3.86" lane="1/1to1/0_0" slope="0.00"/>
        <vehicle id="15" x="601.65" y="285.60" angle="180.00" type="DEFAULT_VEHTYPE" speed="12.69" pos="80.85" lane="3/1to3/2_0" slope="0.00"/>
        <vehicle id="16" x="359.01" y="198.35" angle="90.00" type="DEFAULT_VEHTYPE" speed="13.83" pos="154.26" lane="1/1to2/1_0" slope="0.00"/>
        <vehicle id="17" x="356.65" y="201.65" angle="-90.00" type="DEFAULT_VEHTYPE" speed="12.79" pos="38.60" lane="2/1to1/1_0" slope="0.00"/>
        <vehicle id="18" x="476.25" y="401.65" angle="-90.00" type="DEFAULT_VEHTYPE" speed="13.18" pos="119.00" lane="3/2to2/2_0" slope="0.00"/>
        <vehicle id="19" x="198.35" y="299.29" angle="0.00" type="DEFAULT_VEHTYPE" speed="13.37" pos="95.96" lane="1/2to1/1_0" slope="0.00"/>
        <vehicle id="2" x="201.65" y="106.49" angle="180.00" type="DEFAULT_VEHTYPE" speed="13.32" pos="106.49" lane="1/0to1/1_0" slope="0.00"/>
        <vehicle id="20" x="398.35" y="6.37" angle="0.00" type="DEFAULT_VEHTYPE" speed="13.07" pos="188.88" lane="2/1to2/0_0" slope="0.00"/>
        <vehicle id="21" x="198.35" y="1.02" angle="0.00" type="DEFAULT_VEHTYPE" speed="13.06" pos="194.23" lane="1/1to1/0_0" slope="0.00"/>
        <vehicle id="22" x="70.31" y="198.35" angle="90.00" type="DEFAULT_VEHTYPE" speed="13.38" pos="70.31" lane="0/1to1/1_0" slope="0.00"/>
        <vehicle id="23" x="212.93" y="401.65" angle="-90.00" type="DEFAULT_VEHTYPE" speed="6.59" pos="182.32" lane="2/2to1/2_0" slope="0.00"/>
        <vehicle id="24" x="198.35" y="59.86" angle="0.00" type="DEFAULT_VEHTYPE" speed="13.64" pos="135.39" lane="1/1to1/0_0" slope="0.00"/>
        <vehicle id="3" x="525.88" y="198.35" angle="90.00" type="DEFAULT_VEHTYPE" speed="13.20" pos="121.13" lane="2/1to3/1_0" slope="0.00"/>
        <vehicle id="4" x="601.65" y="214.03" angle="180.00" type="DEFAULT_VEHTYPE" speed="10.39" pos="9.28" lane="3/1to3/2_0" slope="0.00"/>
        <vehicle id="5" x="398.35" y="417.68" angle="0.00" type="DEFAULT_VEHTYPE" speed="13.24" pos="177.57" lane="2/3to2/2_0" slope="0.00"/>
        <vehicle id="6" x="201.65" y="145.97" angle="180.00" type="DEFAULT_VEHTYPE" speed="12.83" pos="145.97" lane="1/0to1/1_0" slope="0.00"/>
        <vehicle id="7" x="401.65" y="744.73" angle="180.00" type="DEFAULT_VEHTYPE" speed="13.55" pos="139.98" lane="2/3to2/4_0" slope="0.00"/>
        <vehicle id="8" x="441.42" y="198.35" angle="90.00" type="DEFAULT_VEHTYPE" speed="13.67" pos="36.67" lane="2/1to3/1_0" slope="0.00"/>
        <vehicle id="9" x="524.80" y="401.65" angle="-90.00" type="DEFAULT_VEHTYPE" speed="12.79" pos="70.45" lane="3/2to2/2_0" slope="0.00"/>
    </timestep>
    <timestep time="492.00">
        <vehicle id="0" x="405.63" y="198.35" angle="90.00" type="DEFAULT_VEHTYPE" speed="9.74" pos="0.88" lane="2/1to3/1_0" slope="0.00"/>
        <vehicle id="1" x="601.65" y="263.28" angle="180.00" type="DEFAULT_VEHTYPE" speed="13.52" pos="58.53" lane="3/1to3/2_0" slope="0.00"/>
        <vehicle id="11" x="145.35" y="198.35" angle="90.00" type="DEFAULT_VEHTYPE" speed="13.26" pos="145.35" lane="0/1to1/1_0" slope="0.00"/>
        <vehicle id="12" x="506.95" y="198.35" angle="90.00" type="DEFAULT_VEHTYPE" speed="13.29" pos="102.20" lane="2/1to3/1_0" slope="0.00"/>
        <vehicle id="14" x="198.35" y="180.96" angle="0.00" type="DEFAULT_VEHTYPE" speed="10.44" pos="14.29" lane="1/1to1/0_0" slope="0.00"/>
        <vehicle id="15" x="601.65" y="298.44" angle="180.00" type="DEFAULT_VEHTYPE" speed="12.84" pos="93.69" lane="3/1to3/2_0" slope="0.00"/>
        <vehicle id="16" x="372.45" y="198.35" angle="90.00" type="DEFAULT_VEHTYPE" speed="13.45" pos="167.70" lane="1/1to2/1_0" slope="0.00"/>
        <vehicle id="17" x="343.32" y="201.65" angle="-90.00" type="DEFAULT_VEHTYPE" speed="13.33" pos="51.93" lane="2/1to1/1_0" slope="0.00"/>
        <vehicle id="18" x="463.45" y="401.65" angle="-90.00" type="DEFAULT_VEHTYPE" speed="12.80" pos="131.80" lane="3/2to2/2_0" slope="0.00"/>
        <vehicle id="19" x="198.35" y="286.20" angle="0.00" type="DEFAULT_VEHTYPE" speed="13.10" pos="109.05" lane="1/2to1/1_0" slope="0.00"/>
        <vehicle id="2" x="201.65" y="119.15" angle="180.00" type="DEFAULT_VEHTYPE" speed="12.67" pos="119.15" lane="1/0to1/1_0" slope="0.00"/>
        <vehicle id="20" x="401.65" y="1.77" angle="142.01" type="DEFAULT_VEHTYPE" speed="12.96" pos="1.77" lane="2/0to2/1_0" slope="0.00"/>
        <vehicle id="21" x="201.65" y="6.91" angle="180.00" type="DEFAULT_VEHTYPE" speed="12.76" pos="6.91" lane="1/0to1/1_0" slope="0.00"/>
        <vehicle id="22" x="84.10" y="198.35" angle="90.00" type="DEFAULT_VEHTYPE" speed="13.79" pos="84.10" lane="0/1to1/1_0" slope="0.00"/>
        <vehicle id="23" x="209.83" y="401.65" angle="-90.00" type="DEFAULT_VEHTYPE" speed="3.09" pos="185.42" lane="2/2to1/2_0" slope="0.00"/>
        <vehicle id="24" x="198.35" y="46.19" angle="0.00" type="DEFAULT_VEHTYPE" speed="13.67" pos="149.06" lane="1/1to1/0_0" slope="0.00"/>
        <vehicle id="3" x="539.53" y="198.35" angle="90.00" type="DEFAULT_VEHTYPE" speed="13.65" pos="134.78" lane="2/1to3/1_0" slope="0.00"/>
        <vehicle id="4" x="601.65" y="225.79" angle="180.00" type="DEFAULT_VEHTYPE" speed="11.76" pos="21.04" lane="3/1to3/2_0" slope="0.00"/>
        <vehicle id="5" x="398.35" y="404.63" angle="0.00" type="DEFAULT_VEHTYPE" speed="13.06" pos="0.12" lane=":2/2_1_0" slope="0.00"/>
        <vehicle id="6" x="201.65" y="158.81" angle="180.00" type="DEFAULT_VEHTYPE" speed="12.84" pos="158.81" lane="1/0to1/1_0" slope="0.00"/>
        <vehicle id="7" x="401.65" y="758.30" angle="180.00" type="DEFAULT_VEHTYPE" speed="13.57" pos="153.55" lane="2/3to2/4_0" slope="0.00"/>
        <vehicle id="8" x="454.10" y="198.35" angle="90.00" type="DEFAULT_VEHTYPE" speed="12.68" pos="49.35" lane="2/1to3/1_0" slope="0.00"/>
        <vehicle id="9" x="511.19" y="401.65" angle="-90.00" type="DEFAULT_VEHTYPE" speed="13.60" pos="84.06" lane="3/2to2/2_0" slope="0.00"/>
    </timestep>
    <timestep time="493.00">
        <vehicle id="0" x="417.16" y="198.35" angle="90.00" type="DEFAULT_VEHTYPE" speed="11.53" pos="12.41" lane="2/1to3/1_0" slope="0.00"/>
        <vehicle id="1" x="601.65" y="275.97" angle="180.00" type="DEFAULT_VEHTYPE" speed="12.69" pos="71.22" lane="3/1to3/2_0" slope="0.00"/>
        <vehicle id="11" x="159.13" y="198.35" angle="90.00" type="DEFAULT_VEHTYPE" speed="13.78" pos="159.13" lane="0/1to1/1_0" slope="0.00"/>
        <vehicle id="12" x="519.70" y="198.35" angle="90.00" type="DEFAULT_VEHTYPE" speed="12.75" pos="114.95" lane="2/1to3/1_0" slope="0.00"/>
        <vehicle id="14" x="198.35" y="168.68" angle="0.00" type="DEFAULT_VEHTYPE" speed="12.28" pos="26.57" lane="1/1to1/0_0" slope="0.00"/>
        <vehicle id="15" x="601.65" y="311.78" angle="180.00" type="DEFAULT_VEHTYPE" speed="13.34" pos="107.03" lane="3/1to3/2_0" slope="0.00"/>
        <vehicle id="16" x="381.43" y="198.35" angle="90.00" type="DEFAULT_VEHTYPE" speed="8.98" pos="176.68" lane="1/1to2/1_0" slope="0.00"/>
        <vehicle id="17" x="330.18" y="201.65" angle="-90.00" type="DEFAULT_VEHTYPE" speed="13.14" pos="65.07" lane="2/1to1/1_0" slope="0.00"/>
        <vehicle id="18" x="449.75" y="401.65" angle="-90.00" type="DEFAULT_VEHTYPE" speed="13.70" pos="145.50" lane="3/2to2/2_0" slope="0.00"/>
        <vehicle id="19" x="198.35" y="273.25" angle="0.00" type="DEFAULT_VEHTYPE" speed="12.95" pos="122.00" lane="1/2to1/1_0" slope="0.00"/>
        <vehicle id="2" x="201.65" y="131.93" angle="180.00" type="DEFAULT_VEHTYPE" speed="12.77" pos="131.93" lane="1/0to1/1_0" slope="0.00"/>
        <vehicle id="20" x="401.65" y="15.09" angle="180.00" type="DEFAULT_VEHTYPE" speed="13.32" pos="15.09" lane="2/0to2/1_0" slope="0.00"/>
        <vehicle id="21" x="201.65" y="20.40" angle="180.00" type="DEFAULT_VEHTYPE" speed="13.48" pos="20.40" lane="1/0to1/1_0" slope="0.00"/>
        <vehicle id="22" x="97.84" y="198.35" angle="90.00" type="DEFAULT_VEHTYPE" speed="13.73" pos="97.84" lane="0/1to1/1_0" slope="0.00"/>
        <vehicle id="23" x="204.25" y="401.58" angle="-89.18" type="DEFAULT_VEHTYPE" speed="5.59" pos="0.51" lane=":1/2_6_0" slope="0.00"/>
        <vehicle id="24" x="198.35" y="33.12" angle="0.00" type="DEFAULT_VEHTYPE" speed="13.07" pos="162.13" lane="1/1to1/0_0" slope="0.00"/>
        <vehicle id="3" x="552.80" y="198.35" angle="90.00" type="DEFAULT_VEHTYPE" speed="13.27" pos="148.05" lane="2/1to3/1_0" slope="0.00"/>
        <vehicle id="4" x="601.65" y="238.63" angle="180.00" type="DEFAULT_VEHTYPE" speed="12.84" pos="33.88" lane="3/1to3/2_0" slope="0.00"/>
        <vehicle id="5" x="398.35" y="391.89" angle="0.00" type="DEFAULT_VEHTYPE" speed="12.74" pos="3.36" lane="2/2to2/1_0" slope="0.00"/>
        <vehicle id="6" x="201.65" y="172.49" angle="180.00" type="DEFAULT_VEHTYPE" speed="13.68" pos="172.49" lane="1/0to1/1_0" slope="0.00"/>
        <vehicle id="7" x="401.65" y="771.90" angle="180.00" type="DEFAULT_VEHTYPE" speed="13.60" pos="167.15" lane="2/3to2/4_0" slope="0.00"/>
        <vehicle id="8" x="467.22" y="198.35" angle="90.00" type="DEFAULT_VEHTYPE" speed="13.12" pos="62.47" lane="2/1to3/1_0" slope="0.00"/>
        <vehicle id="9" x="498.13" y="401.65" angle="-90.00" type="DEFAULT_VEHTYPE" speed="13.07" pos="97.12" lane="3/2to2/2_0" slope="0.00"/>
    </timestep>
    <timestep time="494.00">
        <vehicle id="0" x="430.27" y="198.35" angle="90.00" type="DEFAULT_VEHTYPE" speed="13.11" pos="25.52" lane="2/1to3/1_0" slope="0.00"/>
        <vehicle id="1" x="601.65" y="289.60" angle="180.00" type="DEFAULT_VEHTYPE" speed="13.64" pos="84.85" lane="3/1to3/2_0" slope="0.00"/>
        <vehicle id="11" x="172.41" y="198.35" angle="90.00" type="DEFAULT_VEHTYPE" speed="13.27" pos="172.41" lane="0/1to1/1_0" slope="0.00"/>
        <vehicle id="12" x="532.70" y="198.35" angle="90.00" type="DEFAULT_VEHTYPE" speed="13.00" pos="127.95" lane="2/1to3/1_0" slope="0.00"/>
        <vehicle id="14" x="198.35" y="155.75" angle="0.00" type="DEFAULT_VEHTYPE" speed="12.93" pos="39.50" lane="1/1to1/0_0" slope="0.00"/>
        <vehicle id="15" x="601.65" y="325.01" angle="180.00" type="DEFAULT_VEHTYPE" speed="13.23" pos="120.26" lane="3/1to3/2_0" slope="0.00"/>
        <vehicle id="16" x="387.47" y="198.35" angle="90.00" type="DEFAULT_VEHTYPE" speed="6.04" pos="182.72" lane="1/1to2/1_0" slope="0.00"/>
        <vehicle id="17" x="316.63" y="201.65" angle="-90.00" type="DEFAULT_VEHTYPE" speed="13.56" pos="78.62" lane="2/1to1/1_0" slope="0.00"/>
        <vehicle id="18" x="436.80" y="401.65" angle="-90.00" type="DEFAULT_VEHTYPE" speed="12.95" pos="158.45" lane="3/2to2/2_0" slope="0.00"/>
        <vehicle id="19" x="198.35" y="259.92" angle="0.00" type="DEFAULT_VEHTYPE" speed="13.33" pos="135.33" lane="1/2to1/1_0" slope="0.00"/>
        <vehicle id="2" x="201.65" y="145.32" angle="180.00" type="DEFAULT_VEHTYPE" speed="13.39" pos="145.32" lane="1/0to1/1_0" slope="0.00"/>
        <vehicle id="20" x="401.65" y="28.64" angle="180.00" type="DEFAULT_VEHTYPE" speed="13.56" pos="28.64" lane="2/0to2/1_0" slope="0.00"/>
        <vehicle id="21" x="201.65" y="33.19" angle="180.00" type="DEFAULT_VEHTYPE" speed="12.80" pos="33.19" lane="1/0to1/1_0" slope="0.00"/>
        <vehicle id="22" x="110.47" y="198.35" angle="90.00" type="DEFAULT_VEHTYPE" speed="12.63" pos="110.47" lane="0/1to1/1_0" slope="0.00"/>
        <vehicle id="23" x="198.75" y="398.03" angle="-47.18" type="DEFAULT_VEHTYPE" speed="7.00" pos="7.51" lane=":1/2_6_0" slope="0.00"/>
        <vehicle id="24" x="198.35" y="20.46" angle="0.00" type="DEFAULT_VEHTYPE" speed="12.65" pos="174.79" lane="1/1to1/0_0" slope="0.00"/>
        <vehicle id="3" x="566.55" y="198.35" angle="90.00" type="DEFAULT_VEHTYPE" speed="13.75" pos="161.80" lane="2/1to3/1_0" slope="0.00"/>
        <vehicle id="4" x="601.65" y="252.30" angle="180.00" type="DEFAULT_VEHTYPE" speed="13.67" pos="47.55" lane="3/1to3/2_0" slope="0.00"/>
        <vehicle id="5" x="398.35" y="378.53" angle="0.00" type="DEFAULT_VEHTYPE" speed="13.36" pos="16.72" lane="2/2to2/1_0" slope="0.00"/>
        <vehicle id="6" x="201.65" y="185.21" angle="180.00" type="DEFAULT_VEHTYPE" speed="12.72" pos="185.21" lane="1/0to1/1_0" slope="0.00"/>
        <vehicle id="7" x="401.65" y="785.67" angle="180.00" type="DEFAULT_VEHTYPE" speed="13.77" pos="180.92" lane="2/3to2/4_0" slope="0.00"/>
        <vehicle id="8" x="480.99" y="198.35" angle="90.00" type="DEFAULT_VEHTYPE" speed="13.77" pos="76.24" lane="2/1to3/1_0" slope="0.00"/>
        <vehicle id="9" x="484.31" y="401.65" angle="-90.00" type="DEFAULT_VEHTYPE" speed="13.82" pos="110.94" lane="3/2to2/2_0" slope="0.00"/>
    </timestep>
    <timestep time="495.00">
        <vehicle id="0" x="443.06" y="198.35" angle="90.00" type="DEFAULT_VEHTYPE" speed="12.78" pos="38.31" lane="2/1to3/1_0" slope="0.00"/>
        <vehicle id="1" x="601.65" y="302.33" angle="180.00" type="DEFAULT_VEHTYPE" speed="12.73" pos="97.58" lane="3/1to3/2_0" slope="0.00"/>
        <vehicle id="11" x="181.91" y="198.35" angle="90.00" type="DEFAULT_VEHTYPE" speed="9.51" pos="181.91" lane="0/1to1/1_0" slope="0.00"/>
        <vehicle id="12" x="546.32" y="198.35" angle="90.00" type="DEFAULT_VEHTYPE" speed="13.61" pos="141.57" lane="2/1to3/1_0" slope="0.00"/>
        <vehicle id="14" x="198.35" y="142.37" angle="0.00" type="DEFAULT_VEHTYPE" speed="13.38" pos="52.88" lane="1/1to1/0_0" slope="0.00"/>
        <vehicle id="15" x="601.65" y="338.59" angle="180.00" type="DEFAULT_VEHTYPE" speed="13.58" pos="133.84" lane="3/1to3/2_0" slope="0.00"/>
        <vehicle id="16" x="390.12" y="198.35" angle="90.00" type="DEFAULT_VEHTYPE" speed="2.65" pos="185.37" lane="1/1to2/1_0" slope="0.00"/>
        <vehicle id="17" x="302.96" y="201.65" angle="-90.00" type="DEFAULT_VEHTYPE" speed="13.66" pos="92.29" lane="2/1to1/1_0" slope="0.00"/>
        <vehicle id="18" x="424.72" y="401.65" angle="-90.00" type="DEFAULT_VEHTYPE" speed="12.08" pos="170.53" lane="3/2to2/2_0" slope="0.00"/>
        <vehicle id="19" x="198.35" y="246.99" angle="0.00" type="DEFAULT_VEHTYPE" speed="12.93" pos="148.26" lane="1/2to1/1_0" slope="0.00"/>
        <vehicle id="2" x="201.65" y="158.83" angle="180.00" type="DEFAULT_VEHTYPE" speed="13.52" pos="158.83" lane="1/0to1/1_0" slope="0.00"/>
        <vehicle id="20" x="401.65" y="41.31" angle="180.00" type="DEFAULT_VEHTYPE" speed="12.66" pos="41.31" lane="2/0to2/1_0" slope="0.00"/>
        <vehicle id="21" x="201.65" y="46.62" angle="180.00" type="DEFAULT_VEHTYPE" speed="13.43" pos="46.62" lane="1/0to1/1_0" slope="0.00"/>
        <vehicle id="22" x="123.50" y="198.35" angle="90.00" type="DEFAULT_VEHTYPE" speed="13.03" pos="123.50" lane="0/1to1/1_0" slope="0.00"/>
        <vehicle id="23" x="198.35" y="388.70" angle="0.00" type="DEFAULT_VEHTYPE" speed="9.36" pos="6.55" lane="1/2to1/1_0" slope="0.00"/>
        <vehicle id="24" x="198.35" y="6.60" angle="0.00" type="DEFAULT_VEHTYPE" speed="13.87" pos="188.65" lane="1/1to1/0_0" slope="0.00"/>
        <vehicle id="3" x="577.97" y="198.35" angle="90.00" type="DEFAULT_VEHTYPE" speed="11.42" pos="173.22" lane="2/1to3/1_0" slope="0.00"/>
        <vehicle id="4" x="601.65" y="265.03" angle="180.00" type="DEFAULT_VEHTYPE" speed="12.73" pos="60.28" lane="3/1to3/2_0" slope="0.00"/>
        <vehicle id="5" x="398.35" y="364.77" angle="0.00" type="DEFAULT_VEHTYPE" speed="13.76" pos="30.48" lane="2/2to2/1_0" slope="0.00"/>
        <vehicle id="6" x="202.79" y="197.80" angle="166.16" type="DEFAULT_VEHTYPE" speed="12.97" pos="2.93" lane=":1/1_8_0" slope="0.00"/>
        <vehicle id="7" x="401.65" y="799.53" angle="180.00" type="DEFAULT_VEHTYPE" speed="13.86" pos="194.78" lane="2/3to2/4_0" slope="0.00"/>
        <vehicle id="8" x="494.85" y="198.35" angle="90.00" type="DEFAULT_VEHTYPE" speed="13.86" pos="90.10" lane="2/1to3/1_0" slope="0.00"/>
        <vehicle id="9" x="471.33" y="401.65" angle="-90.00" type="DEFAULT_VEHTYPE" speed="12.98" pos="123.92" lane="3/2to2/2_0" slope="0.00"/>
    </timestep>
    <timestep time="496.00">
        <vehicle id="0" x="455.70" y="198.35" angle="90.00" type="DEFAULT_VEHTYPE" speed="12.65" pos="50.95" lane="2/1to3/1_0" slope="0.00"/>
        <vehicle id="1" x="601.65" y="316.17" angle="180.00" type="DEFAULT_VEHTYPE" speed="13.84" pos="111.42" lane="3/1to3/2_0" slope="0.00"/>
        <vehicle id="11" x="187.97" y="198.35" angle="90.00" type="DEFAULT_VEHTYPE" speed="6.06" pos="187.97" lane="0/1to1/1_0" slope="0.00"/>
        <vehicle id="12" x="559.71" y="198.35" angle="90.00" type="DEFAULT_VEHTYPE" speed="13.39" pos="154.96" lane="2/1to3/1_0" slope="0.00"/>
        <vehicle id="14" x="198.35" y="129.73" angle="0.00" type="DEFAULT_VEHTYPE" speed="12.64" pos="65.52" lane="1/1to1/0_0" slope="0.00"/>
        <vehicle id="15" x="601.65" y="351.26" angle="180.00" type="DEFAULT_VEHTYPE" speed="12.67" pos="146.51" lane="3/1to3/2_0" slope="0.00"/>
        <vehicle id="16" x="394.63" y="198.35" angle="90.00" type="DEFAULT_VEHTYPE" speed="4.52" pos="189.88" lane="1/1to2/1_0" slope="0.00"/>
        <vehicle id="17" x="290.08" y="201.65" angle="-90.00" type="DEFAULT_VEHTYPE" speed="12.88" pos="105.17" lane="2/1to1/1_0" slope="0.00"/>
        <vehicle id="18" x="416.67" y="401.65" angle="-90.00" type="DEFAULT_VEHTYPE" speed="8.06" pos="178.58" lane="3/2to2/2_0" slope="0.00"/>
        <vehicle id="19" x="198.35" y="234.26" angle="0.00" type="DEFAULT_VEHTYPE" speed="12.73" pos="160.99" lane="1/2to1/1_0" slope="0.00"/>
        <vehicle id="2" x="201.65" y="171.62" angle="180.00" type="DEFAULT_VEHTYPE" speed="12.78" pos="171.62" lane="1/0to1/1_0" slope="0.00"/>
        <vehicle id="20" x="401.65" y="55.06" angle="180.00" type="DEFAULT_VEHTYPE" speed="13.75" pos="55.06" lane="2/0to2/1_0" slope="0.00"/>
        <vehicle id="21" x="201.65" y="60.45" angle="180.00" type="DEFAULT_VEHTYPE" speed="13.83" pos="60.45" lane="1/0to1/1_0" slope="0.00"/>
        <vehicle id="22" x="136.21" y="198.35" angle="90.00" type="DEFAULT_VEHTYPE" speed="12.70" pos="136.21" lane="0/1to1/1_0" slope="0.00"/>
        <vehicle id="23" x="198.35" y="377.97" angle="0.00" type="DEFAULT_VEHTYPE" speed="10.74" pos="17.28" lane="1/2to1/1_0" slope="0.00"/>
        <vehicle id="24" x="201.65" y="2.42" angle="155.74" type="DEFAULT_VEHTYPE" speed="13.84" pos="2.42" lane="1/0to1/1_0" slope="0.00"/>
        <vehicle id="3" x="585.29" y="198.35" angle="90.00" type="DEFAULT_VEHTYPE" speed="7.33" pos="180.54" lane="2/1to3/1_0" slope="0.00"/>
        <vehicle id="4" x="601.65" y="277.81" angle="180.00" type="DEFAULT_VEHTYPE" speed="12.78" pos="73.06" lane="3/1to3/2_0" slope="0.00"/>
        <vehicle id="5" x="398.35" y="351.91" angle="0.00" type="DEFAULT_VEHTYPE" speed="12.87" pos="43.34" lane="2/2to2/1_0" slope="0.00"/>
        <vehicle id="6" x="215.39" y="198.35" angle="90.00" type="DEFAULT_VEHTYPE" speed="12.71" pos="10.64" lane="1/1to2/1_0" slope="0.00"/>
        <vehicle id="7" x="398.35" y="792.07" angle="0.00" type="DEFAULT_VEHTYPE" speed="13.22" pos="7.93" lane="2/4to2/3_0" slope="0.00"/>
        <vehicle id="8" x="507.49" y="198.35" angle="90.00" type="DEFAULT_VEHTYPE" speed="12.64" pos="102.74" lane="2/1to3/1_0" slope="0.00"/>
        <vehicle id="9" x="458.52" y="401.65" angle="-90.00" type="DEFAULT_VEHTYPE" speed="12.81" pos="136.73" lane="3/2to2/2_0" slope="0.00"/>
    </timestep>
    <timestep time="497.00">
        <vehicle id="0" x="468.82" y="198.35" angle="90.00" type="DEFAULT_VEHTYPE" speed="13.12" pos="64.07" lane="2/1to3/1_0" slope="0.00"/>
        <vehicle id="1" x="601.65" y="329.94" angle="180.00" type="DEFAULT_VEHTYPE" speed="13.76" pos="125.19" lane="3/1to3/2_0" slope="0.00"/>
        <vehicle id="11" x="190.78" y="198.35" angle="90.00" type="DEFAULT_VEHTYPE" speed="2.80" pos="190.78" lane="0/1to1/1_0" slope="0.00"/>
        <vehicle id="12" x="570.44" y="198.35" angle="90.00" type="DEFAULT_VEHTYPE" speed="10.72" pos="165.69" lane="2/1to3/1_0" slope="0.00"/>
        <vehicle id="14" x="198.35" y="116.66" angle="0.00" type="DEFAULT_VEHTYPE" speed="13.07" pos="78.59" lane="1/1to1/0_0" slope="0.00"/>
        <vehicle id="15" x="601.65" y="363.92" angle="180.00" type="DEFAULT_VEHTYPE" speed="12.67" pos="159.17" lane="3/1to3/2_0" slope="0.00"/>
        <vehicle id="16" x="401.20" y="198.35" angle="90.00" type="DEFAULT_VEHTYPE" speed="6.56" pos="5.95" lane=":2/1_13_0" slope="0.00"/>
        <vehicle id="17" x="277.01" y="201.65" angle="-90.00" type="DEFAULT_VEHTYPE" speed="13.06" pos="118.24" lane="2/1to1/1_0" slope="0.00"/>
        <vehicle id="18" x="411.45" y="401.65" angle="-90.00" type="DEFAULT_VEHTYPE" speed="5.22" pos="183.80" lane="3/2to2/2_0" slope="0.00"/>
        <vehicle id="19" x="198.35" y="220.83" angle="0.00" type="DEFAULT_VEHTYPE" speed="13.43" pos="174.42" lane="1/2to1/1_0" slope="0.00"/>
        <vehicle id="2" x="201.65" y="185.36" angle="180.00" type="DEFAULT_VEHTYPE" speed="13.75" pos="185.36" lane="1/0to1/1_0" slope="0.00"/>
        <vehicle id="20" x="401.65" y="68.22" angle="180.00" type="DEFAULT_VEHTYPE" speed="13.15" pos="68.22" lane="2/0to2/1_0" slope="0.00"/>
        <vehicle id="21" x="201.65" y="74.28" angle="180.00" type="DEFAULT_VEHTYPE" speed="13.83" pos="74.28" lane="1/0to1/1_0" slope="0.00"/>
        <vehicle id="22" x="149.36" y="198.35" angle="90.00" type="DEFAULT_VEHTYPE" speed="13.16" pos="149.36" lane="0/1to1/1_0" slope="0.00"/>
        <vehicle id="23" x="198.35" y="365.28" angle="0.00" type="DEFAULT_VEHTYPE" speed="12.69" pos="29.97" lane="1/2to1/1_0" slope="0.00"/>
        <vehicle id="24" x="201.65" y="15.51" angle="180.00" type="DEFAULT_VEHTYPE" speed="13.09" pos="15.51" lane="1/0to1/1_0" slope="0.00"/>
        <vehicle id="3" x="589.14" y="198.35" angle="90.00" type="DEFAULT_VEHTYPE" speed="3.84" pos="184.39" lane="2/1to3/1_0" slope="0.00"/>
        <vehicle id="4" x="601.65" y="291.16" angle="180.00" type="DEFAULT_VEHTYPE" speed="13.35" pos="86.41" lane="3/1to3/2_0" slope="0.00"/>
        <vehicle id="5" x="398.35" y="339.30" angle="0.00" type="DEFAULT_VEHTYPE" speed="12.61" pos="55.95" lane="2/2to2/1_0" slope="0.00"/>
        <vehicle id="6" x="229.22" y="198.35" angle="90.00" type="DEFAULT_VEHTYPE" speed="13.83" pos="24.47" lane="1/1to2/1_0" slope="0.00"/>
        <vehicle id="7" x="398.35" y="779.24" angle="0.00" type="DEFAULT_VEHTYPE" speed="12.82" pos="20.76" lane="2/4to2/3_0" slope="0.00"/>
        <vehicle id="8" x="521.13" y="198.35" angle="90.00" type="DEFAULT_VEHTYPE" speed="13.64" pos="116.38" lane="2/1to3/1_0" slope="0.00"/>
        <vehicle id="9" x="445.63" y="401.65" angle="-90.00" type="DEFAULT_VEHTYPE" speed="12.89" pos="149.62" lane="3/2to2/2_0" slope="0.00"/>
    </timestep>
    <timestep time="498.00">
        <vehicle id="0" x="481.84" y="198.35" angle="90.00" type="DEFAULT_VEHTYPE" speed="13.02" pos="77.09" lane="2/1to3/1_0" slope="0.00"/>
        <vehicle id="1" x="601.65" y="342.55" angle="180.00" type="DEFAULT_VEHTYPE" speed="12.61" pos="137.80" lane="3/1to3/2_0" slope="0.00"/>
        <vehicle id="11" x="194.93" y="198.35" angle="90.00" type="DEFAULT_VEHTYPE" speed="4.15" pos="194.93" lane="0/1to1/1_0" slope="0.00"/>
        <vehicle id="12" x="576.66" y="198.35" angle="90.00" type="DEFAULT_VEHTYPE" speed="6.22" pos="171.91" lane="2/1to3/1_0" slope="0.00"/>
        <vehicle id="14" x="198.35" y="103.71" angle="0.00" type="DEFAULT_VEHTYPE" speed="12.95" pos="91.54" lane="1/1to1/0_0" slope="0.00"/>
        <vehicle id="15" x="601.65" y="375.88" angle="180.00" type="DEFAULT_VEHTYPE" speed="11.96" pos="171.13" lane="3/1to3/2_0" slope="0.00"/>
        <vehicle id="16" x="410.08" y="198.35" angle="90.00" type="DEFAULT_VEHTYPE" speed="8.88" pos="5.33" lane="2/1to3/1_0" slope="0.00"/>
        <vehicle id="17" x="264.12" y="201.65" angle="-90.00" type="DEFAULT_VEHTYPE" speed="12.89" pos="131.13" lane="2/1to1/1_0" slope="0.00"/>
        <vehicle id="18" x="403.76" y="401.65" angle="-90.00" type="DEFAULT_VEHTYPE" speed="7.69" pos="0.99" lane=":2/2_5_0" slope="0.00"/>
        <vehicle id="19" x="198.35" y="207.89" angle="0.00" type="DEFAULT_VEHTYPE" speed="12.94" pos="187.36" lane="1/2to1/1_0" slope="0.00"/>
        <vehicle id="2" x="203.10" y="197.99" angle="161.89" type="DEFAULT_VEHTYPE" speed="13.18" pos="3.29" lane=":1/1_8_0" slope="0.00"/>
        <vehicle id="20" x="401.65" y="82.01" angle="180.00" type="DEFAULT_VEHTYPE" speed="13.80" pos="82.01" lane="2/0to2/1_0" slope="0.00"/>
        <vehicle id="21" x="201.65" y="87.83" angle="180.00" type="DEFAULT_VEHTYPE" speed="13.55" pos="87.83" lane="1/0to1/1_0" slope="0.00"/>
        <vehicle id="22" x="162.11" y="198.35" angle="90.00" type="DEFAULT_VEHTYPE" speed="12.75" pos="162.11" lane="0/1to1/1_0" slope="0.00"/>
        <vehicle id="23" x="198.35" y="351.89" angle="0.00" type="DEFAULT_VEHTYPE" speed="13.39" pos="43.36" lane="1/2to1/1_0" slope="0.00"/>
        <vehicle id="24" x="201.65" y="28.21" angle="180.00" type="DEFAULT_VEHTYPE" speed="12.69" pos="28.21" lane="1/0to1/1_0" slope="0.00"/>
        <vehicle id="3" x="594.40" y="198.35" angle="90.00" type="DEFAULT_VEHTYPE" speed="5.26" pos="189.65" lane="2/1to3/1_0" slope="0.00"/>
        <vehicle id="4" x="601.65" y="304.79" angle="180.00" type="DEFAULT_VEHTYPE" speed="13.63" pos="100.04" lane="3/1to3/2_0" slope="0.00"/>
        <vehicle id="5" x="398.35" y="326.14" angle="0.00" type="DEFAULT_VEHTYPE" speed="13.16" pos="69.11" lane="2/2to2/1_0" slope="0.00"/>
        <vehicle id="6" x="241.95" y="198.35" angle="90.00" type="DEFAULT_VEHTYPE" speed="12.73" pos="37.20" lane="1/1to2/1_0" slope="0.00"/>
        <vehicle id="7" x="398.35" y="765.42" angle="0.00" type="DEFAULT_VEHTYPE" speed="13.83" pos="34.58" lane="2/4to2/3_0" slope="0.00"/>
        <vehicle id="8" x="534.33" y="198.35" angle="90.00" type="DEFAULT_VEHTYPE" speed="13.20" pos="129.58" lane="2/1to3/1_0" slope="0.00"/>
        <vehicle id="9" x="432.49" y="401.65" angle="-90.00" type="DEFAULT_VEHTYPE" speed="13.14" pos="162.76" lane="3/2to2/2_0" slope="0.00"/>
    </timestep>
    <timestep time="499.00">
        <vehicle id="0" x="495.16" y="198.35" angle="90.00" type="DEFAULT_VEHTYPE" speed="13.32" pos="90.41" lane="2/1to3/1_0" slope="0.00"/>
        <vehicle id="1" x="601.65" y="355.19" angle="180.00" type="DEFAULT_VEHTYPE" speed="12.65" pos="150.44" lane="3/1to3/2_0" slope="0.00"/>
        <vehicle id="11" x="198.35" y="194.99" angle="40.60" type="DEFAULT_VEHTYPE" speed="5.58" pos="0.26" lane="1/1to1/0_0" slope="0.00"/>
        <vehicle id="12" x="583.60" y="198.35" angle="90.00" type="DEFAULT_VEHTYPE" speed="6.94" pos="178.85" lane="2/1to3/1_0" slope="0.00"/>
        <vehicle id="14" x="198.35" y="89.96" angle="0.00" type="DEFAULT_VEHTYPE" speed="13.75" pos="105.29" lane="1/1to1/0_0" slope="0.00"/>
        <vehicle id="15" x="601.65" y="384.37" angle="180.00" type="DEFAULT_VEHTYPE" speed="8.48" pos="179.62" lane="3/1to3/2_0" slope="0.00"/>
        <vehicle id="16" x="421.49" y="198.35" angle="90.00" type="DEFAULT_VEHTYPE" speed="11.42" pos="16.74" lane="2/1to3/1_0" slope="0.00"/>
        <vehicle id="17" x="251.39" y="201.65" angle="-90.00" type="DEFAULT_VEHTYPE" speed="12.73" pos="143.86" lane="2/1to1/1_0" slope="0.00"/>
        <vehicle id="18" x="394.12" y="401.65" angle="-90.00" type="DEFAULT_VEHTYPE" speed="9.63" pos="1.13" lane="2/2to1/2_0" slope="0.00"/>
        <vehicle id="19" x="190.72" y="201.65" angle="-89.25" type="DEFAULT_VEHTYPE" speed="12.67" pos="4.53" lane="1/1to0/1_0" slope="0.00"/>
        <vehicle id="2" x="216.67" y="198.35" angle="90.00" type="DEFAULT_VEHTYPE" speed="13.62" pos="11.92" lane="1/1to2/1_0" slope="0.00"/>
        <vehicle id="20" x="401.65" y="95.06" angle="180.00" type="DEFAULT_VEHTYPE" speed="13.04" pos="95.06" lane="2/0to2/1_0" slope="0.00"/>
        <vehicle id="21" x="201.65" y="101.60" angle="180.00" type="DEFAULT_VEHTYPE" speed="13.77" pos="101.60" lane="1/0to1/1_0" slope="0.00"/>
        <vehicle id="22" x="172.37" y="198.35" angle="90.00" type="DEFAULT_VEHTYPE" speed="10.27" pos="172.37" lane="0/1to1/1_0" slope="0.00"/>
        <vehicle id="23" x="198.35" y="338.79" angle="0.00" type="DEFAULT_VEHTYPE" speed="13.10" pos="56.46" lane="1/2to1/1_0" slope="0.00"/>
        <vehicle id="24" x="201.65" y="41.48" angle="180.00" type="DEFAULT_VEHTYPE" speed="13.28" pos="41.48" lane="1/0to1/1_0" slope="0.00"/>
        <vehicle id="3" x="601.96" y="198.35" angle="90.00" type="DEFAULT_VEHTYPE" speed="7.57" pos="6.71" lane=":3/1_13_0" slope="0.00"/>
        <vehicle id="4" x="601.65" y="317.94" angle="180.00" type="DEFAULT_VEHTYPE" speed="13.15" pos="113.19" lane="3/1to3/2_0" slope="0.00"/>
        <vehicle id="5" x="398.35" y="313.06" angle="0.00" type="DEFAULT_VEHTYPE" speed="13.07" pos="82.19" lane="2/2to2/1_0" slope="0.00"/>
        <vehicle id="6" x="254.83" y="198.35" angle="90.00" type="DEFAULT_VEHTYPE" speed="12.88" pos="50.08" lane="1/1to2/1_0" slope="0.00"/>
        <vehicle id="7" x="398.35" y="751.87" angle="0.00" type="DEFAULT_VEHTYPE" speed="13.54" pos="48.13" lane="2/4to2/3_0" slope="0.00"/>
        <vehicle id="8" x="547.83" y="198.35" angle="90.00" type="DEFAULT_VEHTYPE" speed="13.50" pos="143.08" lane="2/1to3/1_0" slope="0.00"/>
        <vehicle id="9" x="422.28" y="401.65" angle="-90.00" type="DEFAULT_VEHTYPE" speed="10.21" pos="172.97" lane="3/2to2/2_0" slope="0.00"/>
    </timestep>
    <timestep time="500.00">
        <vehicle id="0" x="508.74" y="198.35" angle="90.00" type="DEFAULT_VEHTYPE" speed="13.58" pos="103.99" lane="2/1to3/1_0" slope="0.00"/>
        <vehicle id="1" x="601.65" y="367.07" angle="180.00" type="DEFAULT_VEHTYPE" speed="11.87" pos="162.32" lane="3/1to3/2_0" slope="0.00"/>
        <vehicle id="11" x="198.35" y="187.52" angle="0.00" type="DEFAULT_VEHTYPE" speed="7.47" pos="7.73" lane="1/1to1/0_0" slope="0.00"/>
        <vehicle id="12" x="588.98" y="198.35" angle="90.00" type="DEFAULT_VEHTYPE" speed="5.38" pos="184.23" lane="2/1to3/1_0" slope="0.00"/>
        <vehicle id="14" x="198.35" y="76.97" angle="0.00" type="DEFAULT_VEHTYPE" speed="12.99" pos="118.28" lane="1/1to1/0_0" slope="0.00"/>
        <vehicle id="15" x="601.65" y="388.52" angle="180.00" type="DEFAULT_VEHTYPE" speed="4.15" pos="183.77" lane="3/1to3/2_0" slope="0.00"/>
        <vehicle id="16" x="434.14" y="198.35" angle="90.00" type="DEFAULT_VEHTYPE" speed="12.65" pos="29.39" lane="2/1to3/1_0" slope="0.00"/>
        <vehicle id="17" x="238.22" y="201.65" angle="-90.00" type="DEFAULT_VEHTYPE" speed="13.17" pos="157.03" lane="2/1to1/1_0" slope="0.00"/>
        <vehicle id="18" x="381.98" y="401.65" angle="-90.00" type="DEFAULT_VEHTYPE" speed="12.14" pos="13.27" lane="2/2to1/2_0" slope="0.00"/>
        <vehicle id="19" x="177.05" y="201.65" angle="-90.00" type="DEFAULT_VEHTYPE" speed="13.67" pos="18.20" lane="1/1to0/1_0" slope="0.00"/>
        <vehicle id="2" x="230.08" y="198.35" angle="90.00" type="DEFAULT_VEHTYPE" speed="13.42" pos="25.33" lane="1/1to2/1_0" slope="0.00"/>
        <vehicle id="20" x="401.65" y="108.52" angle="180.00" type="DEFAULT_VEHTYPE" speed="13.46" pos="108.52" lane="2/0to2/1_0" slope="0.00"/>
        <vehicle id="21" x="201.65" y="115.01" angle="180.00" type="DEFAULT_VEHTYPE" speed="13.40" pos="115.01" lane="1/0to1/1_0" slope="0.00"/>
        <vehicle id="22" x="181.89" y="198.35" angle="90.00" type="DEFAULT_VEHTYPE" speed="9.51" pos="181.89" lane="0/1to1/1_0" slope="0.00"/>
        <vehicle id="23" x="198.35" y="326.16" angle="0.00" type="DEFAULT_VEHTYPE" speed="12.62" pos="69.09" lane="1/2to1/1_0" slope="0.00"/>
        <vehicle id="24" x="201.65" y="54.86" angle="180.00" type="DEFAULT_VEHTYPE" speed="13.38" pos="54.86" lane="1/0to1/1_0" slope="0.00"/>
        <vehicle id="3" x="611.13" y="198.35" angle="90.00" type="DEFAULT_VEHTYPE" speed="9.16" pos="6.38" lane="3/1to4/1_0" slope="0.00"/>
        <vehicle id="4" x="601.65" y="331.62" angle="180.00" type="DEFAULT_VEHTYPE" speed="13.67" pos="126.87" lane="3/1to3/2_0" slope="0.00"/>
        <vehicle id="5" x="398.35" y="300.09" angle="0.00" type="DEFAULT_VEHTYPE" speed="12.97" pos="95.16" lane="2/2to2/1_0" slope="0.00"/>
        <vehicle id="6" x="268.51" y="198.35" angle="90.00" type="DEFAULT_VEHTYPE" speed="13.68" pos="63.76" lane="1/1to2/1_0" slope="0.00"/>
        <vehicle id="7" x="398.35" y="738.94" angle="0.00" type="DEFAULT_VEHTYPE" speed="12.93" pos="61.06" lane="2/4to2/3_0" slope="0.00"/>
        <vehicle id="8" x="560.57" y="198.35" angle="90.00" type="DEFAULT_VEHTYPE" speed="12.74" pos="155.82" lane="2/1to3/1_0" slope="0.00"/>
        <vehicle id="9" x="414.46" y="401.65" angle="-90.00" type="DEFAULT_VEHTYPE" speed="7.83" pos="180.79" lane="3/2to2/2_0" slope="0.00"/>
    </timestep>
    <timestep time="501.00">
        <vehicle id="0" x="522.15" y="198.35" angle="90.00" type="DEFAULT_VEHTYPE" speed="13.41" pos="117.40" lane="2/1to3/1_0" slope="0.00"/>
        <vehicle id="1" x="601.65" y="374.44" angle="180.00" type="DEFAULT_VEHTYPE" speed="7.37" pos="169.69" lane="3/1to3/2_0" slope="0.00"/>
        <vehicle id="11" x="198.35" y="177.79" angle="0.00" type="DEFAULT_VEHTYPE" speed="9.73" pos="17.46" lane="1/1to1/0_0" slope="0.00"/>
        <vehicle id="12" x="596.81" y="198.57" angle="92.56" type="DEFAULT_VEHTYPE" speed="7.85" pos="1.57" lane=":3/1_14_0" slope="0.00"/>
        <vehicle id="14" x="198.35" y="63.45" angle="0.00" type="DEFAULT_VEHTYPE" speed="13.52" pos="131.80" lane="1/1to1/0_0" slope="0.00"/>
        <vehicle id="15" x="601.65" y="395.03" angle="180.00" type="DEFAULT_VEHTYPE" speed="6.50" pos="190.28" lane="3/1to3/2_0" slope="0.00"/>
        <vehicle id="16" x="446.79" y="198.35" angle="90.00" type="DEFAULT_VEHTYPE" speed="12.65" pos="42.04" lane="2/1to3/1_0" slope="0.00"/>
        <vehicle id="17" x="226.37" y="201.65" angle="-90.00" type="DEFAULT_VEHTYPE" speed="11.85" pos="168.88" lane="2/1to1/1_0" slope="0.00"/>
        <vehicle id="18" x="368.37" y="401.65" angle="-90.00" type="DEFAULT_VEHTYPE" speed="13.61" pos="26.88" lane="2/2to1/2_0" slope="0.00"/>
        <vehicle id="19" x="163.62" y="201.65" angle="-90.00" type="DEFAULT_VEHTYPE" speed="13.43" pos="31.63" lane="1/1to0/1_0" slope="0.00"/>
        <vehicle id="2" x="243.00" y="198.35" angle="90.00" type="DEFAULT_VEHTYPE" speed="12.92" pos="38.25" lane="1/1to2/1_0" slope="0.00"/>
        <vehicle id="20" x="401.65" y="121.99" angle="180.00" type="DEFAULT_VEHTYPE" speed="13.47" pos="121.99" lane="2/0to2/1_0" slope="0.00"/>
        <vehicle id="21" x="201.65" y="128.36" angle="180.00" type="DEFAULT_VEHTYPE" speed="13.36" pos="128.36" lane="1/0to1/1_0" slope="0.00"/>
        <vehicle id="22" x="187.98" y="198.35" angle="90.00" type="DEFAULT_VEHTYPE" speed="6.09" pos="187.98" lane="0/1to1/1_0" slope="0.00"/>
        <vehicle id="23" x="198.35" y="312.78" angle="0.00" type="DEFAULT_VEHTYPE" speed="13.38" pos="82.47" lane="1/2to1/1_0" slope="0.00"/>
        <vehicle id="24" x="201.65" y="67.88" angle="180.00" type="DEFAULT_VEHTYPE" speed="13.02" pos="67.88" lane="1/0to1/1_0" slope="0.00"/>
        <vehicle id="3" x="622.21" y="198.35" angle="90.00" type="DEFAULT_VEHTYPE" speed="11.09" pos="17.46" lane="3/1to4/1_0" slope="0.00"/>
        <vehicle id="4" x="601.65" y="345.40" angle="180.00" type="DEFAULT_VEHTYPE" speed="13.79" pos="140.65" lane="3/1to3/2_0" slope="0.00"/>
        <vehicle id="5" x="398.35" y="286.29" angle="0.00" type="DEFAULT_VEHTYPE" speed="13.81" pos="108.96" lane="2/2to2/1_0" slope="0.00"/>
        <vehicle id="6" x="281.29" y="198.35" angle="90.00" type="DEFAULT_VEHTYPE" speed="12.78" pos="76.54" lane="1/1to2/1_0" slope="0.00"/>
        <vehicle id="7" x="398.35" y="726.18" angle="0.00" type="DEFAULT_VEHTYPE" speed="12.76" pos="73.82" lane="2/4to2/3_0" slope="0.00"/>
        <vehicle id="8" x="571.92" y="198.35" angle="90.00" type="DEFAULT_VEHTYPE" speed="11.35" pos="167.17" lane="2/1to3/1_0" slope="0.00"/>
        <vehicle id="9" x="411.02" y="401.65" angle="-90.00" type="DEFAULT_VEHTYPE" speed="3.43" pos="184.23" lane="3/2to2/2_0" slope="0.00"/>
    </timestep>
    <timestep time="502.00">
        <vehicle id="0" x="534.92" y="198.35" angle="90.00" type="DEFAULT_VEHTYPE" speed="12.77" pos="130.17" lane="2/1to3/1_0" slope="0.00"/>
        <vehicle id="1" x="601.65" y="382.89" angle="180.00" type="DEFAULT_VEHTYPE" speed="8.45" pos="178.14" lane="3/1to3/2_0" slope="0.00"/>
        <vehicle id="11" x="198.35" y="165.83" angle="0.00" type="DEFAULT_VEHTYPE" speed="11.96" pos="29.42" lane="1/1to1/0_0" slope="0.00"/>
        <vehicle id="12" x="601.65" y="206.03" angle="169.96" type="DEFAULT_VEHTYPE" speed="10.03" pos="1.28" lane="3/1to3/2_0" slope="0.00"/>
        <vehicle id="14" x="198.35" y="49.56" angle="0.00" type="DEFAULT_VEHTYPE" speed="13.89" pos="145.69" lane="1/1to1/0_0" slope="0.00"/>
        <vehicle id="15" x="597.24" y="401.37" angle="-127.63" type="DEFAULT_VEHTYPE" speed="8.54" pos="1.17" lane=":3/2_18_0" slope="0.00"/>
        <vehicle id="16" x="460.30" y="198.35" angle="90.00" type="DEFAULT_VEHTYPE" speed="13.51" pos="55.55" lane="2/1to3/1_0" slope="0.00"/>
        <vehicle id="17" x="217.82" y="201.65" angle="-90.00" type="DEFAULT_VEHTYPE" speed="8.55" pos="177.43" lane="2/1to1/1_0" slope="0.00"/>
        <vehicle id="18" x="354.48" y="401.65" angle="-90.00" type="DEFAULT_VEHTYPE" speed="13.89" pos="40.77" lane="2/2to1/2_0" slope="0.00"/>
        <vehicle id="19" x="150.83" y="201.65" angle="-90.00" type="DEFAULT_VEHTYPE" speed="12.78" pos="44.42" lane="1/1to0/1_0" slope="0.00"/>
        <vehicle id="2" x="255.79" y="198.35" angle="90.00" type="DEFAULT_VEHTYPE" speed="12.79" pos="51.04" lane="1/1to2/1_0" slope="0.00"/>
        <vehicle id="20" x="401.65" y="135.36" angle="180.00" type="DEFAULT_VEHTYPE" speed="13.37" pos="135.36" lane="2/0to2/1_0" slope="0.00"/>
        <vehicle id="21" x="201.65" y="142.17" angle="180.00" type="DEFAULT_VEHTYPE" speed="13.81" pos="142.17" lane="1/0to1/1_0" slope="0.00"/>
        <vehicle id="22" x="190.76" y="198.35" angle="90.00" type="DEFAULT_VEHTYPE" speed="2.79" pos="190.76" lane="0/1to1/1_0" slope="0.00"/>
        <vehicle id="23" x="198.35" y="300.09" angle="0.00" type="DEFAULT_VEHTYPE" speed="12.69" pos="95.16" lane="1/2to1/1_0" slope="0.00"/>
        <vehicle id="24" x="201.65" y="81.61" angle="180.00" type="DEFAULT_VEHTYPE" speed="13.73" pos="81.61" lane="1/0to1/1_0" slope="0.00"/>
        <vehicle id="3" x="635.20" y="198.35" angle="90.00" type="DEFAULT_VEHTYPE" speed="12.99" pos="30.45" lane="3/1to4/1_0" slope="0.00"/>
        <vehicle id="4" x="601.65" y="356.80" angle="180.00" type="DEFAULT_VEHTYPE" speed="11.40" pos="152.05" lane="3/1to3/2_0" slope="0.00"/>
        <vehicle id="5" x="398.35" y="272.62" angle="0.00" type="DEFAULT_VEHTYPE" speed="13.66" pos="122.63" lane="2/2to2/1_0" slope="0.00"/>
        <vehicle id="6" x="294.10" y="198.35" angle="90.00" type="DEFAULT_VEHTYPE" speed="12.81" pos="89.35" lane="1/1to2/1_0" slope="0.00"/>
        <vehicle id="7" x="398.35" y="712.71" angle="0.00" type="DEFAULT_VEHTYPE" speed="13.47" pos="87.29" lane="2/4to2/3_0" slope="0.00"/>
        <vehicle id="8" x="581.45" y="198.35" angle="90.00" type="DEFAULT_VEHTYPE" speed="9.53" pos="176.70" lane="2/1to3/1_0" slope="0.00"/>
        <vehicle id="9" x="405.90" y="401.65" angle="-90.00" type="DEFAULT_VEHTYPE" speed="5.13" pos="189.35" lane="3/2to2/2_0" slope="0.00"/>
    </timestep>
    <timestep time="503.00">
        <vehicle id="0" x="548.60" y="198.35" angle="90.00" type="DEFAULT_VEHTYPE" speed="13.68" pos="143.85" lane="2/1to3/1_0" slope="0.00"/>
        <vehicle id="1" x="601.65" y="388.63" angle="180.00" type="DEFAULT_VEHTYPE" speed="5.74" pos="183.88" lane="3/1to3/2_0" slope="0.00"/>
        <vehicle id="11" x="198.35" y="152.73" angle="0.00" type="DEFAULT_VEHTYPE" speed="13.10" pos="42.52" lane="1/1to1/0_0" slope="0.00"/>
        <vehicle id="12" x="601.65" y="217.67" angle="180.00" type="DEFAULT_VEHTYPE" speed="11.64" pos="12.92" lane="3/1to3/2_0" slope="0.00"/>
        <vehicle id="14" x="198.35" y="36.22" angle="0.00" type="DEFAULT_VEHTYPE" speed="13.33" pos="159.03" lane="1/1to1/0_0" slope="0.00"/>
        <vehicle id="15" x="586.33" y="401.65" angle="-90.00" type="DEFAULT_VEHTYPE" speed="10.93" pos="8.92" lane="3/2to2/2_0" slope="0.00"/>
        <vehicle id="16" x="472.93" y="198.35" angle="90.00" type="DEFAULT_VEHTYPE" speed="12.63" pos="68.18" lane="2/1to3/1_0" slope="0.00"/>
        <vehicle id="17" x="212.30" y="201.65" angle="-90.00" type="DEFAULT_VEHTYPE" speed="5.52" pos="182.95" lane="2/1to1/1_0" slope="0.00"/>
        <vehicle id="18" x="341.48" y="401.65" angle="-90.00" type="DEFAULT_VEHTYPE" speed="13.00" pos="53.77" lane="2/2to1/2_0" slope="0.00"/>
        <vehicle id="19" x="138.05" y="201.65" angle="-90.00" type="DEFAULT_VEHTYPE" speed="12.79" pos="57.20" lane="1/1to0/1_0" slope="0.00"/>
        <vehicle id="2" x="269.05" y="198.35" angle="90.00" type="DEFAULT_VEHTYPE" speed="13.26" pos="64.30" lane="1/1to2/1_0" slope="0.00"/>
        <vehicle id="20" x="401.65" y="148.10" angle="180.00" type="DEFAULT_VEHTYPE" speed="12.74" pos="148.10" lane="2/0to2/1_0" slope="0.00"/>
        <vehicle id="21" x="201.65" y="155.04" angle="180.00" type="DEFAULT_VEHTYPE" speed="12.87" pos="155.04" lane="1/0to1/1_0" slope="0.00"/>
        <vehicle id="22" x="195.25" y="198.35" angle="89.99" type="DEFAULT_VEHTYPE" speed="4.49" pos="0.00" lane=":1/1_12_0" slope="0.00"/>
        <vehicle id="23" x="198.35" y="287.26" angle="0.00" type="DEFAULT_VEHTYPE" speed="12.82" pos="107.99" lane="1/2to1/1_0" slope="0.00"/>
        <vehicle id="24" x="201.65" y="94.36" angle="180.00" type="DEFAULT_VEHTYPE" speed="12.75" pos="94.36" lane="1/0to1/1_0" slope="0.00"/>
        <vehicle id="3" x="648.93" y="198.35" angle="90.00" type="DEFAULT_VEHTYPE" speed="13.73" pos="44.18" lane="3/1to4/1_0" slope="0.00"/>
        <vehicle id="4" x="601.65" y="367.67" angle="180.00" type="DEFAULT_VEHTYPE" speed="10.87" pos="162.92" lane="3/1to3/2_0" slope="0.00"/>
        <vehicle id="5" x="398.35" y="260.02" angle="0.00" type="DEFAULT_VEHTYPE" speed="12.60" pos="135.23" lane="2/2to2/1_0" slope="0.00"/>
        <vehicle id="6" x="306.94" y="198.35" angle="90.00" type="DEFAULT_VEHTYPE" speed="12.84" pos="102.19" lane="1/1to2/1_0" slope="0.00"/>
        <vehicle id="7" x="398.35" y="700.02" angle="0.00" type="DEFAULT_VEHTYPE" speed="12.69" pos="99.98" lane="2/4to2/3_0" slope="0.00"/>
        <vehicle id="8" x="587.90" y="198.35" angle="90.00" type="DEFAULT_VEHTYPE" speed="6.45" pos="183.15" lane="2/1to3/1_0" slope="0.00"/>
        <vehicle id="9" x="399.37" y="399.09" angle="-59.93" type="DEFAULT_VEHTYPE" speed="7.43" pos="6.28" lane=":2/2_6_0" slope="0.00"/>
    </timestep>
    <timestep time="504.00">
        <vehicle id="0" x="561.83" y="198.35" angle="90.00" type="DEFAULT_VEHTYPE" speed="13.23" pos="157.08" lane="2/1to3/1_0" slope="0.00"/>
        <vehicle id="1" x="601.52" y="396.14" angle="-178.54" type="DEFAULT_VEHTYPE" speed="7.52" pos="0.90" lane=":3/2_10_0" slope="0.00"/>
        <vehicle id="11" x="198.35" y="138.84" angle="0.00" type="DEFAULT_VEHTYPE" speed="13.89" pos="56.41" lane="1/1to1/0_0" slope="0.00"/>
        <vehicle id="12" x="601.65" y="231.56" angle="180.00" type="DEFAULT_VEHTYPE" speed="13.89" pos="26.81" lane="3/1to3/2_0" slope="0.00"/>
        <vehicle id="14" x="198.35" y="23.04" angle="0.00" type="DEFAULT_VEHTYPE" speed="13.18" pos="172.21" lane="1/1to1/0_0" slope="0.00"/>
        <vehicle id="15" x="574.05" y="401.65" angle="-90.00" type="DEFAULT_VEHTYPE" speed="12.28" pos="21.20" lane="3/2to2/2_0" slope="0.00"/>
        <vehicle id="16" x="486.07" y="198.35" angle="90.00" type="DEFAULT_VEHTYPE" speed="13.14" pos="81.32" lane="2/1to3/1_0" slope="0.00"/>
        <vehicle id="17" x="209.22" y="201.65" angle="-90.00" type="DEFAULT_VEHTYPE" speed="3.08" pos="186.03" lane="2/1to1/1_0" slope="0.00"/>
        <vehicle id="18" x="328.18" y="401.65" angle="-90.00" type="DEFAULT_VEHTYPE" speed="13.29" pos="67.07" lane="2/2to1/2_0" slope="0.00"/>
        <vehicle id="19" x="125.05" y="201.65" angle="-90.00" type="DEFAULT_VEHTYPE" speed="12.99" pos="70.20" lane="1/1to0/1_0" slope="0.00"/>
        <vehicle id="2" x="282.88" y="198.35" angle="90.00" type="DEFAULT_VEHTYPE" speed="13.83" pos="78.13" lane="1/1to2/1_0" slope="0.00"/>
        <vehicle id="20" x="401.65" y="161.24" angle="180.00" type="DEFAULT_VEHTYPE" speed="13.14" pos="161.24" lane="2/0to2/1_0" slope="0.00"/>
        <vehicle id="21" x="201.65" y="168.28" angle="180.00" type="DEFAULT_VEHTYPE" speed="13.25" pos="168.28" lane="1/0to1/1_0" slope="0.00"/>
        <vehicle id="22" x="198.35" y="194.13" angle="26.10" type="DEFAULT_VEHTYPE" speed="6.12" pos="1.12" lane="1/1to1/0_0" slope="0.00"/>
        <vehicle id="23" x="198.35" y="274.17" angle="0.00" type="DEFAULT_VEHTYPE" speed="13.10" pos="121.08" lane="1/2to1/1_0" slope="0.00"/>
        <vehicle id="24" x="201.65" y="108.11" angle="180.00" type="DEFAULT_VEHTYPE" speed="13.75" pos="108.11" lane="1/0to1/1_0" slope="0.00"/>
        <vehicle id="3" x="662.49" y="198.35" angle="90.00" type="DEFAULT_VEHTYPE" speed="13.55" pos="57.74" lane="3/1to4/1_0" slope="0.00"/>
        <vehicle id="4" x="601.65" y="375.47" angle="180.00" type="DEFAULT_VEHTYPE" speed="7.80" pos="170.72" lane="3/1to3/2_0" slope="0.00"/>
        <vehicle id="5" x="398.35" y="246.18" angle="0.00" type="DEFAULT_VEHTYPE" speed="13.83" pos="149.07" lane="2/2to2/1_0" slope="0.00"/>
        <vehicle id="6" x="320.05" y="198.35" angle="90.00" type="DEFAULT_VEHTYPE" speed="13.11" pos="115.30" lane="1/1to2/1_0" slope="0.00"/>
        <vehicle id="7" x="398.35" y="686.16" angle="0.00" type="DEFAULT_VEHTYPE" speed="13.85" pos="113.84" lane="2/4to2/3_0" slope="0.00"/>
        <vehicle id="8" x="590.10" y="198.35" angle="90.00" type="DEFAULT_VEHTYPE" speed="2.20" pos="185.35" lane="2/1to3/1_0" slope="0.00"/>
        <vehicle id="9" x="398.35" y="389.87" angle="0.00" type="DEFAULT_VEHTYPE" speed="9.42" pos="5.38" lane="2/2to2/1_0" slope="0.00"/>
    </timestep>
    <timestep time="505.00">
        <vehicle id="0" x="571.55" y="198.35" angle="90.00" type="DEFAULT_VEHTYPE" speed="9.72" pos="166.80" lane="2/1to3/1_0" slope="0.00"/>
        <vehicle id="1" x="595.84" y="401.57" angle="-113.07" type="DEFAULT_VEHTYPE" speed="8.83" pos="2.58" lane=":3/2_18_0" slope="0.00"/>
        <vehicle id="11" x="198.35" y="126.16" angle="0.00" type="DEFAULT_VEHTYPE" speed="12.67" pos="69.09" lane="1/1to1/0_0" slope="0.00"/>
        <vehicle id="12" x="601.65" y="245.21" angle="180.00" type="DEFAULT_VEHTYPE" speed="13.65" pos="40.46" lane="3/1to3/2_0" slope="0.00"/>
        <vehicle id="14" x="198.35" y="9.49" angle="0.00" type="DEFAULT_VEHTYPE" speed="13.55" pos="185.76" lane="1/1to1/0_0" slope="0.00"/>
        <vehicle id="15" x="560.64" y="401.65" angle="-90.00" type="DEFAULT_VEHTYPE" speed="13.42" pos="34.61" lane="3/2to2/2_0" slope="0.00"/>
        <vehicle id="16" x="498.76" y="198.35" angle="90.00" type="DEFAULT_VEHTYPE" speed="12.69" pos="94.01" lane="2/1to3/1_0" slope="0.00"/>
        <vehicle id="17" x="204.13" y="201.74" angle="-91.00" type="DEFAULT_VEHTYPE" speed="5.10" pos="0.63" lane=":1/1_4_0" slope="0.00"/>
        <vehicle id="18" x="315.55" y="401.65" angle="-90.00" type="DEFAULT_VEHTYPE" speed="12.63" pos="79.70" lane="2/2to1/2_0" slope="0.00"/>
        <vehicle id="19" x="112.34" y="201.65" angle="-90.00" type="DEFAULT_VEHTYPE" speed="12.71" pos="82.91" lane="1/1to0/1_0" slope="0.00"/>
        <vehicle id="2" x="295.85" y="198.35" angle="90.00" type="DEFAULT_VEHTYPE" speed="12.97" pos="91.10" lane="1/1to2/1_0" slope="0.00"/>
        <vehicle id="20" x="401.65" y="173.89" angle="180.00" type="DEFAULT_VEHTYPE" speed="12.65" pos="173.89" lane="2/0to2/1_0" slope="0.00"/>
        <vehicle id="21" x="201.65" y="182.12" angle="180.00" type="DEFAULT_VEHTYPE" speed="13.84" pos="182.12" lane="1/0to1/1_0" slope="0.00"/>
        <vehicle id="22" x="198.35" y="186.17" angle="0.00" type="DEFAULT_VEHTYPE" speed="7.96" pos="9.08" lane="1/1to1/0_0" slope="0.00"/>
        <vehicle id="23" x="198.35" y="261.00" angle="0.00" type="DEFAULT_VEHTYPE" speed="13.16" pos="134.25" lane="1/2to1/1_0" slope="0.00"/>
        <vehicle id="24" x="201.65" y="120.96" angle="180.00" type="DEFAULT_VEHTYPE" speed="12.85" pos="120.96" lane="1/0to1/1_0" slope="0.00"/>
        <vehicle id="3" x="675.83" y="198.35" angle="90.00" type="DEFAULT_VEHTYPE" speed="13.34" pos="71.08" lane="3/1to4/1_0" slope="0.00"/>
        <vehicle id="4" x="601.65" y="383.43" angle="180.00" type="DEFAULT_VEHTYPE" speed="7.95" pos="178.68" lane="3/1to3/2_0" slope="0.00"/>
        <vehicle id="5" x="398.35" y="233.51" angle="0.00" type="DEFAULT_VEHTYPE" speed="12.68" pos="161.74" lane="2/2to2/1_0" slope="0.00"/>
        <vehicle id="6" x="333.92" y="198.35" angle="90.00" type="DEFAULT_VEHTYPE" speed="13.87" pos="129.17" lane="1/1to2/1_0" slope="0.00"/>
        <vehicle id="7" x="398.35" y="672.35" angle="0.00" type="DEFAULT_VEHTYPE" speed="13.81" pos="127.65" lane="2/4to2/3_0" slope="0.00"/>
        <vehicle id="8" x="593.83" y="198.35" angle="90.00" type="DEFAULT_VEHTYPE" speed="3.73" pos="189.08" lane="2/1to3/1_0" slope="0.00"/>
        <vehicle id="9" x="398.35" y="378.27" angle="0.00" type="DEFAULT_VEHTYPE" speed="11.60" pos="16.98" lane="2/2to2/1_0" slope="0.00"/>
    </timestep>
    <timestep time="506.00">
        <vehicle id="0" x="578.44" y="198.35" angle="90.00" type="DEFAULT_VEHTYPE" speed="6.89" pos="173.69" lane="2/1to3/1_0" slope="0.00"/>
        <vehicle id="1" x="585.71" y="401.65" angle="-90.00" type="DEFAULT_VEHTYPE" speed="10.13" pos="9.54" lane="3/2to2/2_0" slope="0.00"/>
        <vehicle id="11" x="198.35" y="112.38" angle="0.00" type="DEFAULT_VEHTYPE" speed="13.78" pos="82.87" lane="1/1to1/0_0" slope="0.00"/>
        <vehicle id="12" x="601.65" y="258.15" angle="180.00" type="DEFAULT_VEHTYPE" speed="12.94" pos="53.40" lane="3/1to3/2_0" slope="0.00"/>
        <vehicle id="14" x="201.30" y="-0.52" angle="65.69" type="DEFAULT_VEHTYPE" speed="13.69" pos="4.19" lane=":1/0_0_0" slope="0.00"/>
        <vehicle id="15" x="547.23" y="401.65" angle="-90.00" type="DEFAULT_VEHTYPE" speed="13.40" pos="48.02" lane="3/2to2/2_0" slope="0.00"/>
        <vehicle id="16" x="511.95" y="198.35" angle="90.00" type="DEFAULT_VEHTYPE" speed="13.19" pos="107.20" lane="2/1to3/1_0" slope="0.00"/>
        <vehicle id="17" x="201.65" y="207.24" angle="-170.79" type="DEFAULT_VEHTYPE" speed="6.87" pos="2.49" lane="1/1to1/2_0" slope="0.00"/>
        <vehicle id="18" x="301.67" y="401.65" angle="-90.00" type="DEFAULT_VEHTYPE" speed="13.89" pos="93.58" lane="2/2to1/2_0" slope="0.00"/>
        <vehicle id="19" x="99.24" y="201.65" angle="-90.00" type="DEFAULT_VEHTYPE" speed="13.10" pos="96.01" lane="1/1to0/1_0" slope="0.00"/>
        <vehicle id="2" x="308.77" y="198.35" angle="90.00" type="DEFAULT_VEHTYPE" speed="12.92" pos="104.02" lane="1/1to2/1_0" slope="0.00"/>
        <vehicle id="20" x="401.65" y="187.45" angle="180.00" type="DEFAULT_VEHTYPE" speed="13.56" pos="187.45" lane="2/0to2/1_0" slope="0.00"/>
        <vehicle id="21" x="201.65" y="195.17" angle="180.00" type="DEFAULT_VEHTYPE" speed="13.05" pos="195.17" lane="1/0to1/1_0" slope="0.00"/>
        <vehicle id="22" x="198.35" y="175.72" angle="0.00" type="DEFAULT_VEHTYPE" speed="10.45" pos="19.53" lane="1/1to1/0_0" slope="0.00"/>
        <vehicle id="23" x="198.35" y="247.87" angle="0.00" type="DEFAULT_VEHTYPE" speed="13.13" pos="147.38" lane="1/2to1/1_0" slope="0.00"/>
        <vehicle id="24" x="201.65" y="134.69" angle="180.00" type="DEFAULT_VEHTYPE" speed="13.72" pos="134.69" lane="1/0to1/1_0" slope="0.00"/>
        <vehicle id="3" x="689.03" y="198.35" angle="90.00" type="DEFAULT_VEHTYPE" speed="13.20" pos="84.28" lane="3/1to4/1_0" slope="0.00"/>
        <vehicle id="4" x="601.65" y="389.09" angle="180.00" type="DEFAULT_VEHTYPE" speed="5.66" pos="184.34" lane="3/1to3/2_0" slope="0.00"/>
        <vehicle id="5" x="398.35" y="220.23" angle="0.00" type="DEFAULT_VEHTYPE" speed="13.28" pos="175.02" lane="2/2to2/1_0" slope="0.00"/>
        <vehicle id="6" x="346.97" y="198.35" angle="90.00" type="DEFAULT_VEHTYPE" speed="13.05" pos="142.22" lane="1/1to2/1_0" slope="0.00"/>
        <vehicle id="7" x="398.35" y="659.23" angle="0.00" type="DEFAULT_VEHTYPE" speed="13.13" pos="140.77" lane="2/4to2/3_0" slope="0.00"/>
        <vehicle id="8" x="598.98" y="198.35" angle="90.00" type="DEFAULT_VEHTYPE" speed="5.15" pos="3.73" lane=":3/1_13_0" slope="0.00"/>
        <vehicle id="9" x="398.35" y="364.52" angle="0.00" type="DEFAULT_VEHTYPE" speed="13.75" pos="30.73" lane="2/2to2/1_0" slope="0.00"/>
    </timestep>
    <timestep time="507.00">
        <vehicle id="0" x="584.90" y="198.35" angle="90.00" type="DEFAULT_VEHTYPE" speed="6.45" pos="180.15" lane="2/1to3/1_0" slope="0.00"/>
        <vehicle id="1" x="573.51" y="401.65" angle="-90.00" type="DEFAULT_VEHTYPE" speed="12.21" pos="21.74" lane="3/2to2/2_0" slope="0.00"/>
        <vehicle id="11" x="198.35" y="99.26" angle="0.00" type="DEFAULT_VEHTYPE" speed="13.12" pos="95.99" lane="1/1to1/0_0" slope="0.00"/>
        <vehicle id="12" x="601.65" y="272.01" angle="180.00" type="DEFAULT_VEHTYPE" speed="13.86" pos="67.26" lane="3/1to3/2_0" slope="0.00"/>
        <vehicle id="14" x="201.65" y="12.42" angle="180.00" type="DEFAULT_VEHTYPE" speed="13.05" pos="12.42" lane="1/0to1/1_0" slope="0.00"/>
        <vehicle id="15" x="534.52" y="401.65" angle="-90.00" type="DEFAULT_VEHTYPE" speed="12.72" pos="60.73" lane="3/2to2/2_0" slope="0.00"/>
        <vehicle id="16" x="524.63" y="198.35" angle="90.00" type="DEFAULT_VEHTYPE" speed="12.68" pos="119.88" lane="2/1to3/1_0" slope="0.00"/>
        <vehicle id="17" x="201.65" y="215.70" angle="180.00" type="DEFAULT_VEHTYPE" speed="8.45" pos="10.95" lane="1/1to1/2_0" slope="0.00"/>
        <vehicle id="18" x="288.75" y="401.65" angle="-90.00" type="DEFAULT_VEHTYPE" speed="12.92" pos="106.50" lane="2/2to1/2_0" slope="0.00"/>
        <vehicle id="19" x="86.16" y="201.65" angle="-90.00" type="DEFAULT_VEHTYPE" speed="13.09" pos="109.09" lane="1/1to0/1_0" slope="0.00"/>
        <vehicle id="2" x="322.22" y="198.35" angle="90.00" type="DEFAULT_VEHTYPE" speed="13.45" pos="117.47" lane="1/1to2/1_0" slope="0.00"/>
        <vehicle id="20" x="405.58" y="198.35" angle="120.76" type="DEFAULT_VEHTYPE" speed="13.63" pos="0.83" lane="2/1to3/1_0" slope="0.00"/>
        <vehicle id="21" x="212.97" y="198.35" angle="90.00" type="DEFAULT_VEHTYPE" speed="13.30" pos="8.22" lane="1/1to2/1_0" slope="0.00"/>
        <vehicle id="22" x="198.35" y="163.04" angle="0.00" type="DEFAULT_VEHTYPE" speed="12.69" pos="32.21" lane="1/1to1/0_0" slope="0.00"/>
        <vehicle id="23" x="198.35" y="235.11" angle="0.00" type="DEFAULT_VEHTYPE" speed="12.76" pos="160.14" lane="1/2to1/1_0" slope="0.00"/>
        <vehicle id="24" x="201.65" y="147.40" angle="180.00" type="DEFAULT_VEHTYPE" speed="12.71" pos="147.40" lane="1/0to1/1_0" slope="0.00"/>
        <vehicle id="3" x="702.27" y="198.35" angle="90.00" type="DEFAULT_VEHTYPE" speed="13.24" pos="97.52" lane="3/1to4/1_0" slope="0.00"/>
        <vehicle id="4" x="601.47" y="396.52" angle="-177.92" type="DEFAULT_VEHTYPE" speed="7.44" pos="1.28" lane=":3/2_10_0" slope="0.00"/>
        <vehicle id="5" x="398.35" y="207.38" angle="0.00" type="DEFAULT_VEHTYPE" speed="12.85" pos="187.87" lane="2/2to2/1_0" slope="0.00"/>
        <vehicle id="6" x="359.97" y="198.35" angle="90.00" type="DEFAULT_VEHTYPE" speed="12.99" pos="155.22" lane="1/1to2/1_0" slope="0.00"/>
        <vehicle id="7" x="398.35" y="645.91" angle="0.00" type="DEFAULT_VEHTYPE" speed="13.31" pos="154.09" lane="2/4to2/3_0" slope="0.00"/>
        <vehicle id="8" x="605.46" y="198.35" angle="90.00" type="DEFAULT_VEHTYPE" speed="6.48" pos="0.71" lane="3/1to4/1_0" slope="0.00"/>
        <vehicle id="9" x="398.35" y="351.29" angle="0.00" type="DEFAULT_VEHTYPE" speed="13.23" pos="43.96" lane="2/2to2/1_0" slope="0.00"/>
    </timestep>
    <timestep time="508.00">
        <vehicle id="0" x="589.68" y="198.35" angle="90.00" type="DEFAULT_VEHTYPE" speed="4.79" pos="184.93" lane="2/1to3/1_0" slope="0.00"/>
        <vehicle id="1" x="560.01" y="401.65" angle="-90.00" type="DEFAULT_VEHTYPE" speed="13.49" pos="35.24" lane="3/2to2/2_0" slope="0.00"/>
        <vehicle id="11" x="198.35" y="86.31" angle="0.00" type="DEFAULT_VEHTYPE" speed="12.95" pos="108.94" lane="1/1to1/0_0" slope="0.00"/>
        <vehicle id="12" x="601.65" y="284.88" angle="180.00" type="DEFAULT_VEHTYPE" speed="12.87" pos="80.13" lane="3/1to3/2_0" slope="0.00"/>
        <vehicle id="14" x="201.65" y="25.97" angle="180.00" type="DEFAULT_VEHTYPE" speed="13.55" pos="25.97" lane="1/0to1/1_0" slope="0.00"/>
        <vehicle id="15" x="521.11" y="401.65" angle="-90.00" type="DEFAULT_VEHTYPE" speed="13.41" pos="74.14" lane="3/2to2/2_0" slope="0.00"/>
        <vehicle id="16" x="537.98" y="198.35" angle="90.00" type="DEFAULT_VEHTYPE" speed="13.35" pos="133.23" lane="2/1to3/1_0" slope="0.00"/>
        <vehicle id="17" x="201.65" y="226.73" angle="180.00" type="DEFAULT_VEHTYPE" speed="11.03" pos="21.98" lane="1/1to1/2_0" slope="0.00"/>
        <vehicle id="18" x="275.52" y="401.65" angle="-90.00" type="DEFAULT_VEHTYPE" speed="13.23" pos="119.73" lane="2/2to1/2_0" slope="0.00"/>
        <vehicle id="19" x="72.44" y="201.65" angle="-90.00" type="DEFAULT_VEHTYPE" speed="13.72" pos="122.81" lane="1/1to0/1_0" slope="0.00"/>
        <vehicle id="2" x="335.35" y="198.35" angle="90.00" type="DEFAULT_VEHTYPE" speed="13.13" pos="130.60" lane="1/1to2/1_0" slope="0.00"/>
        <vehicle id="20" x="419.32" y="198.35" angle="90.00" type="DEFAULT_VEHTYPE" speed="13.74" pos="14.57" lane="2/1to3/1_0" slope="0.00"/>
        <vehicle id="21" x="226.27" y="198.35" angle="90.00" type="DEFAULT_VEHTYPE" speed="13.30" pos="21.52" lane="1/1to2/1_0" slope="0.00"/>
        <vehicle id="22" x="198.35" y="149.74" angle="0.00" type="DEFAULT_VEHTYPE" speed="13.30" pos="45.51" lane="1/1to1/0_0" slope="0.00"/>
        <vehicle id="23" x="198.35" y="221.53" angle="0.00" type="DEFAULT_VEHTYPE" speed="13.58" pos="173.72" lane="1/2to1/1_0" slope="0.00"/>
        <vehicle id="24" x="201.65" y="160.14" angle="180.00" type="DEFAULT_VEHTYPE" speed="12.75" pos="160.14" lane="1/0to1/1_0" slope="0.00"/>
        <vehicle id="3" x="715.47" y="198.35" angle="90.00" type="DEFAULT_VEHTYPE" speed="13.20" pos="110.72" lane="3/1to4/1_0" slope="0.00"/>
        <vehicle id="4" x="595.31" y="401.64" angle="-108.32" type="DEFAULT_VEHTYPE" speed="8.98" pos="3.12" lane=":3/2_18_0" slope="0.00"/>
        <vehicle id="5" x="390.00" y="201.65" angle="-90.00" type="DEFAULT_VEHTYPE" speed="12.87" pos="5.25" lane="2/1to1/1_0" slope="0.00"/>
        <vehicle id="6" x="372.68" y="198.35" angle="90.00" type="DEFAULT_VEHTYPE" speed="12.71" pos="167.93" lane="1/1to2/1_0" slope="0.00"/>
        <vehicle id="7" x="398.35" y="632.50" angle="0.00" type="DEFAULT_VEHTYPE" speed="13.41" pos="167.50" lane="2/4to2/3_0" slope="0.00"/>
        <vehicle id="8" x="614.17" y="198.35" angle="90.00" type="DEFAULT_VEHTYPE" speed="8.71" pos="9.42" lane="3/1to4/1_0" slope="0.00"/>
        <vehicle id="9" x="398.35" y="338.14" angle="0.00" type="DEFAULT_VEHTYPE" speed="13.15" pos="57.11" lane="2/2to2/1_0" slope="0.00"/>
    </timestep>
    <timestep time="509.00">
        <vehicle id="0" x="596.49" y="198.53" angle="92.04" type="DEFAULT_VEHTYPE" speed="6.82" pos="1.25" lane=":3/1_14_0" slope="0.00"/>
        <vehicle id="1" x="546.70" y="401.65" angle="-90.00" type="DEFAULT_VEHTYPE" speed="13.31" pos="48.55" lane="3/2to2/2_0" slope="0.00"/>
        <vehicle id="11" x="198.35" y="72.61" angle="0.00" type="DEFAULT_VEHTYPE" speed="13.70" pos="122.64" lane="1/1to1/0_0" slope="0.00"/>
        <vehicle id="12" x="601.65" y="298.19" angle="180.00" type="DEFAULT_VEHTYPE" speed="13.31" pos="93.44" lane="3/1to3/2_0" slope="0.00"/>
        <vehicle id="14" x="201.65" y="39.12" angle="180.00" type="DEFAULT_VEHTYPE" speed="13.15" pos="39.12" lane="1/0to1/1_0" slope="0.00"/>
        <vehicle id="15" x="507.98" y="401.65" angle="-90.00" type="DEFAULT_VEHTYPE" speed="13.13" pos="87.27" lane="3/2to2/2_0" slope="0.00"/>
        <vehicle id="16" x="551.26" y="198.35" angle="90.00" type="DEFAULT_VEHTYPE" speed="13.28" pos="146.51" lane="2/1to3/1_0" slope="0.00"/>
        <vehicle id="17" x="201.65" y="240.19" angle="180.00" type="DEFAULT_VEHTYPE" speed="13.46" pos="35.44" lane="1/1to1/2_0" slope="0.00"/>
        <vehicle id="18" x="262.37" y="401.65" angle="-90.00" type="DEFAULT_VEHTYPE" speed="13.14" pos="132.88" lane="2/2to1/2_0" slope="0.00"/>
        <vehicle id="19" x="59.06" y="201.65" angle="-90.00" type="DEFAULT_VEHTYPE" speed="13.38" pos="136.19" lane="1/1to0/1_0" slope="0.00"/>
        <vehicle id="2" x="348.90" y="198.35" angle="90.00" type="DEFAULT_VEHTYPE" speed="13.55" pos="144.15" lane="1/1to2/1_0" slope="0.00"/>
        <vehicle id="20" x="432.66" y="198.35" angle="90.00" type="DEFAULT_VEHTYPE" speed="13.34" pos="27.91" lane="2/1to3/1_0" slope="0.00"/>
        <vehicle id="21" x="239.45" y="198.35" angle="90.00" type="DEFAULT_VEHTYPE" speed="13.18" pos="34.70" lane="1/1to2/1_0" slope="0.00"/>
        <vehicle id="22" x="198.35" y="136.62" angle="0.00" type="DEFAULT_VEHTYPE" speed="13.12" pos="58.63" lane="1/1to1/0_0" slope="0.00"/>
        <vehicle id="23" x="198.35" y="208.30" angle="0.00" type="DEFAULT_VEHTYPE" speed="13.23" pos="186.95" lane="1/2to1/1_0" slope="0.00"/>
        <vehicle id="24" x="201.65" y="173.51" angle="180.00" type="DEFAULT_VEHTYPE" speed="13.36" pos="173.51" lane="1/0to1/1_0" slope="0.00"/>
        <vehicle id="3" x="728.07" y="198.35" angle="90.00" type="DEFAULT_VEHTYPE" speed="12.60" pos="123.32" lane="3/1to4/1_0" slope="0.00"/>
        <vehicle id="4" x="584.53" y="401.65" angle="-90.00" type="DEFAULT_VEHTYPE" speed="10.78" pos="10.72" lane="3/2to2/2_0" slope="0.00"/>
        <vehicle id="5" x="376.13" y="201.65" angle="-90.00" type="DEFAULT_VEHTYPE" speed="13.87" pos="19.12" lane="2/1to1/1_0" slope="0.00"/>
        <vehicle id="6" x="381.78" y="198.35" angle="90.00" type="DEFAULT_VEHTYPE" speed="9.11" pos="177.03" lane="1/1to2/1_0" slope="0.00"/>
        <vehicle id="7" x="398.35" y="619.44" angle="0.00" type="DEFAULT_VEHTYPE" speed="13.07" pos="180.56" lane="2/4to2/3_0" slope="0.00"/>
        <vehicle id="8" x="624.21" y="198.35" angle="90.00" type="DEFAULT_VEHTYPE" speed="10.04" pos="19.46" lane="3/1to4/1_0" slope="0.00"/>
        <vehicle id="9" x="398.35" y="324.69" angle="0.00" type="DEFAULT_VEHTYPE" speed="13.45" pos="70.56" lane="2/2to2/1_0" slope="0.00"/>
    </timestep>
    <timestep time="510.00">
        <vehicle id="0" x="601.54" y="204.00" angle="155.24" type="DEFAULT_VEHTYPE" speed="8.31" pos="9.56" lane=":3/1_14_0" slope="0.00"/>
        <vehicle id="1" x="533.74" y="401.65" angle="-90.00" type="DEFAULT_VEHTYPE" speed="12.96" pos="61.51" lane="3/2to2/2_0" slope="0.00"/>
        <vehicle id="11" x="198.35" y="59.02" angle="0.00" type="DEFAULT_VEHTYPE" speed="13.59" pos="136.23" lane="1/1to1/0_0" slope="0.00"/>
        <vehicle id="12" x="601.65" y="311.56" angle="180.00" type="DEFAULT_VEHTYPE" speed="13.37" pos="106.81" lane="3/1to3/2_0" slope="0.00"/>
        <vehicle id="14" x="201.65" y="51.90" angle="180.00" type="DEFAULT_VEHTYPE" speed="12.78" pos="51.90" lane="1/0to1/1_0" slope="0.00"/>
        <vehicle id="15" x="494.46" y="401.65" angle="-90.00" type="DEFAULT_VEHTYPE" speed="13.52" pos="100.79" lane="3/2to2/2_0" slope="0.00"/>
        <vehicle id="16" x="565.10" y="198.35" angle="90.00" type="DEFAULT_VEHTYPE" speed="13.84" pos="160.35" lane="2/1to3/1_0" slope="0.00"/>
        <vehicle id="17" x="201.65" y="252.96" angle="180.00" type="DEFAULT_VEHTYPE" speed="12.78" pos="48.21" lane="1/1to1/2_0" slope="0.00"/>
        <vehicle id="18" x="249.48" y="401.65" angle="-90.00" type="DEFAULT_VEHTYPE" speed="12.89" pos="145.77" lane="2/2to1/2_0" slope="0.00"/>
        <vehicle id="19" x="45.84" y="201.65" angle="-90.00" type="DEFAULT_VEHTYPE" speed="13.22" pos="149.41" lane="1/1to0/1_0" slope="0.00"/>
        <vehicle id="2" x="362.12" y="198.35" angle="90.00" type="DEFAULT_VEHTYPE" speed="13.22" pos="157.37" lane="1/1to2/1_0" slope="0.00"/>
        <vehicle id="20" x="446.51" y="198.35" angle="90.00" type="DEFAULT_VEHTYPE" speed="13.84" pos="41.76" lane="2/1to3/1_0" slope="0.00"/>
        <vehicle id="21" x="252.78" y="198.35" angle="90.00" type="DEFAULT_VEHTYPE" speed="13.32" pos="48.03" lane="1/1to2/1_0" slope="0.00"/>
        <vehicle id="22" x="198.35" y="123.04" angle="0.00" type="DEFAULT_VEHTYPE" speed="13.58" pos="72.21" lane="1/1to1/0_0" slope="0.00"/>
        <vehicle id="23" x="190.98" y="201.65" angle="-88.84" type="DEFAULT_VEHTYPE" speed="12.82" pos="4.27" lane="1/1to0/1_0" slope="0.00"/>
        <vehicle id="24" x="201.65" y="187.09" angle="180.00" type="DEFAULT_VEHTYPE" speed="13.58" pos="187.09" lane="1/0to1/1_0" slope="0.00"/>
        <vehicle id="3" x="741.78" y="198.35" angle="90.00" type="DEFAULT_VEHTYPE" speed="13.71" pos="137.03" lane="3/1to4/1_0" slope="0.00"/>
        <vehicle id="4" x="572.43" y="401.65" angle="-90.00" type="DEFAULT_VEHTYPE" speed="12.11" pos="22.82" lane="3/2to2/2_0" slope="0.00"/>
        <vehicle id="5" x="362.93" y="201.65" angle="-90.00" type="DEFAULT_VEHTYPE" speed="13.20" pos="32.32" lane="2/1to1/1_0" slope="0.00"/>
        <vehicle id="6" x="387.24" y="198.35" angle="90.00" type="DEFAULT_VEHTYPE" speed="5.46" pos="182.49" lane="1/1to2/1_0" slope="0.00"/>
        <vehicle id="7" x="398.35" y="605.91" angle="0.00" type="DEFAULT_VEHTYPE" speed="13.52" pos="194.09" lane="2/4to2/3_0" slope="0.00"/>
        <vehicle id="8" x="636.82" y="198.35" angle="90.00" type="DEFAULT_VEHTYPE" speed="12.61" pos="32.07" lane="3/1to4/1_0" slope="0.00"/>
        <vehicle id="9" x="398.35" y="311.39" angle="0.00" type="DEFAULT_VEHTYPE" speed="13.30" pos="83.86" lane="2/2to2/1_0" slope="0.00"/>
    </timestep>
    <timestep time="511.00">
        <vehicle id="0" x="601.65" y="214.41" angle="180.00" type="DEFAULT_VEHTYPE" speed="10.42" pos="9.66" lane="3/1to3/2_0" slope="0.00"/>
        <vehicle id="1" x="520.52" y="401.65" angle="-90.00" type="DEFAULT_VEHTYPE" speed="13.22" pos="74.73" lane="3/2to2/2_0" slope="0.00"/>
        <vehicle id="11" x="198.35" y="45.29" angle="0.00" type="DEFAULT_VEHTYPE" speed="13.73" pos="149.96" lane="1/1to1/0_0" slope="0.00"/>
        <vehicle id="12" x="601.65" y="325.28" angle="180.00" type="DEFAULT_VEHTYPE" speed="13.72" pos="120.53" lane="3/1to3/2_0" slope="0.00"/>
        <vehicle id="14" x="201.65" y="65.37" angle="180.00" type="DEFAULT_VEHTYPE" speed="13.47" pos="65.37" lane="1/0to1/1_0" slope="0.00"/>
        <vehicle id="15" x="481.73" y="401.65" angle="-90.00" type="DEFAULT_VEHTYPE" speed="12.73" pos="113.52" lane="3/2to2/2_0" slope="0.00"/>
        <vehicle id="16" x="576.30" y="198.35" angle="90.00" type="DEFAULT_VEHTYPE" speed="11.20" pos="171.55" lane="2/1to3/1_0" slope="0.00"/>
        <vehicle id="17" x="201.65" y="266.51" angle="180.00" type="DEFAULT_VEHTYPE" speed="13.55" pos="61.76" lane="1/1to1/2_0" slope="0.00"/>
        <vehicle id="18" x="235.97" y="401.65" angle="-90.00" type="DEFAULT_VEHTYPE" speed="13.52" pos="159.28" lane="2/2to1/2_0" slope="0.00"/>
        <vehicle id="19" x="32.21" y="201.65" angle="-90.00" type="DEFAULT_VEHTYPE" speed="13.63" pos="163.04" lane="1/1to0/1_0" slope="0.00"/>
        <vehicle id="2" x="371.88" y="198.35" angle="90.00" type="DEFAULT_VEHTYPE" speed="9.75" pos="167.13" lane="1/1to2/1_0" slope="0.00"/>
        <vehicle id="20" x="460.29" y="198.35" angle="90.00" type="DEFAULT_VEHTYPE" speed="13.78" pos="55.54" lane="2/1to3/1_0" slope="0.00"/>
        <vehicle id="21" x="266.50" y="198.35" angle="90.00" type="DEFAULT_VEHTYPE" speed="13.73" pos="61.75" lane="1/1to2/1_0" slope="0.00"/>
        <vehicle id="22" x="198.35" y="109.85" angle="0.00" type="DEFAULT_VEHTYPE" speed="13.19" pos="85.40" lane="1/1to1/0_0" slope="0.00"/>
        <vehicle id="23" x="178.15" y="201.65" angle="-90.00" type="DEFAULT_VEHTYPE" speed="12.83" pos="17.10" lane="1/1to0/1_0" slope="0.00"/>
        <vehicle id="24" x="205.21" y="198.35" angle="127.03" type="DEFAULT_VEHTYPE" speed="13.63" pos="0.46" lane="1/1to2/1_0" slope="0.00"/>
        <vehicle id="3" x="755.45" y="198.35" angle="90.00" type="DEFAULT_VEHTYPE" speed="13.67" pos="150.70" lane="3/1to4/1_0" slope="0.00"/>
        <vehicle id="4" x="558.83" y="401.65" angle="-90.00" type="DEFAULT_VEHTYPE" speed="13.60" pos="36.42" lane="3/2to2/2_0" slope="0.00"/>
        <vehicle id="5" x="349.61" y="201.65" angle="-90.00" type="DEFAULT_VEHTYPE" speed="13.32" pos="45.64" lane="2/1to1/1_0" slope="0.00"/>
        <vehicle id="6" x="391.07" y="198.35" angle="90.00" type="DEFAULT_VEHTYPE" speed="3.83" pos="186.32" lane="1/1to2/1_0" slope="0.00"/>
        <vehicle id="7" x="398.35" y="592.46" angle="0.00" type="DEFAULT_VEHTYPE" speed="13.45" pos="2.79" lane="2/3to2/2_0" slope="0.00"/>
        <vehicle id="8" x="650.00" y="198.35" angle="90.00" type="DEFAULT_VEHTYPE" speed="13.18" pos="45.25" lane="3/1to4/1_0" slope="0.00"/>
        <vehicle id="9" x="398.35" y="298.23" angle="0.00" type="DEFAULT_VEHTYPE" speed="13.15" pos="97.02" lane="2/2to2/1_0" slope="0.00"/>
    </timestep>
    <timestep time="512.00">
        <vehicle id="0" x="601.65" y="226.52" angle="180.00" type="DEFAULT_VEHTYPE" speed="12.12" pos="21.77" lane="3/1to3/2_0" slope="0.00"/>
        <vehicle id="1" x="506.71" y="401.65" angle="-90.00" type="DEFAULT_VEHTYPE" speed="13.81" pos="88.54" lane="3/2to2/2_0" slope="0.00"/>
        <vehicle id="11" x="198.35" y="32.63" angle="0.00" type="DEFAULT_VEHTYPE" speed="12.66" pos="162.62" lane="1/1to1/0_0" slope="0.00"/>
        <vehicle id="12" x="601.65" y="338.89" angle="180.00" type="DEFAULT_VEHTYPE" speed="13.61" pos="134.14" lane="3/1to3/2_0" slope="0.00"/>
        <vehicle id="14" x="201.65" y="78.15" angle="180.00" type="DEFAULT_VEHTYPE" speed="12.77" pos="78.15" lane="1/0to1/1_0" slope="0.00"/>
        <vehicle id="15" x="468.07" y="401.65" angle="-90.00" type="DEFAULT_VEHTYPE" speed="13.66" pos="127.18" lane="3/2to2/2_0" slope="0.00"/>
        <vehicle id="16" x="584.44" y="198.35" angle="90.00" type="DEFAULT_VEHTYPE" speed="8.14" pos="179.69" lane="2/1to3/1_0" slope="0.00"/>
        <vehicle id="17" x="201.65" y="280.09" angle="180.00" type="DEFAULT_VEHTYPE" speed="13.58" pos="75.34" lane="1/1to1/2_0" slope="0.00"/>
        <vehicle id="18" x="223.91" y="401.65" angle="-90.00" type="DEFAULT_VEHTYPE" speed="12.05" pos="171.34" lane="2/2to1/2_0" slope="0.00"/>
        <vehicle id="19" x="19.40" y="201.65" angle="-90.00" type="DEFAULT_VEHTYPE" speed="12.80" pos="175.85" lane="1/1to0/1_0" slope="0.00"/>
        <vehicle id="2" x="377.53" y="198.35" angle="90.00" type="DEFAULT_VEHTYPE" speed="5.66" pos="172.78" lane="1/1to2/1_0" slope="0.00"/>
        <vehicle id="20" x="473.93" y="198.35" angle="90.00" type="DEFAULT_VEHTYPE" speed="13.65" pos="69.18" lane="2/1to3/1_0" slope="0.00"/>
        <vehicle id="21" x="279.36" y="198.35" angle="90.00" type="DEFAULT_VEHTYPE" speed="12.85" pos="74.61" lane="1/1to2/1_0" slope="0.00"/>
        <vehicle id="22" x="198.35" y="96.51" angle="0.00" type="DEFAULT_VEHTYPE" speed="13.34" pos="98.74" lane="1/1to1/0_0" slope="0.00"/>
        <vehicle id="23" x="164.99" y="201.65" angle="-90.00" type="DEFAULT_VEHTYPE" speed="13.17" pos="30.26" lane="1/1to0/1_0" slope="0.00"/>
        <vehicle id="24" x="217.85" y="198.35" angle="90.00" type="DEFAULT_VEHTYPE" speed="12.63" pos="13.10" lane="1/1to2/1_0" slope="0.00"/>
        <vehicle id="3" x="769.32" y="198.35" angle="90.00" type="DEFAULT_VEHTYPE" speed="13.87" pos="164.57" lane="3/1to4/1_0" slope="0.00"/>
        <vehicle id="4" x="545.03" y="401.65" angle="-90.00" type="DEFAULT_VEHTYPE" speed="13.80" pos="50.22" lane="3/2to2/2_0" slope="0.00"/>
        <vehicle id="5" x="336.74" y="201.65" angle="-90.00" type="DEFAULT_VEHTYPE" speed="12.88" pos="58.51" lane="2/1to1/1_0" slope="0.00"/>
        <vehicle id="6" x="397.38" y="198.35" angle="90.00" type="DEFAULT_VEHTYPE" speed="6.31" pos="2.13" lane=":2/1_13_0" slope="0.00"/>
        <vehicle id="7" x="398.35" y="578.95" angle="0.00" type="DEFAULT_VEHTYPE" speed="13.51" pos="16.30" lane="2/3to2/2_0" slope="0.00"/>
        <vehicle id="8" x="662.86" y="198.35" angle="90.00" type="DEFAULT_VEHTYPE" speed="12.86" pos="58.11" lane="3/1to4/1_0" slope="0.00"/>
        <vehicle id="9" x="398.35" y="284.86" angle="0.00" type="DEFAULT_VEHTYPE" speed="13.37" pos="110.39" lane="2/2to2/1_0" slope="0.00"/>
    </timestep>
    <timestep time="513.00">
        <vehicle id="0" x="601.65" y="239.29" angle="180.00" type="DEFAULT_VEHTYPE" speed="12.77" pos="34.54" lane="3/1to3/2_0" slope="0.00"/>
        <vehicle id="1" x="492.87" y="401.65" angle="-90.00" type="DEFAULT_VEHTYPE" speed="13.84" pos="102.38" lane="3/2to2/2_0" slope="0.00"/>
        <vehicle id="11" x="198.35" y="19.52" angle="0.00" type="DEFAULT_VEHTYPE" speed="13.11" pos="175.73" lane="1/1to1/0_0" slope="0.00"/>
        <vehicle id="12" x="601.65" y="351.96" angle="180.00" type="DEFAULT_VEHTYPE" speed="13.06" pos="147.21" lane="3/1to3/2_0" slope="0.00"/>
        <vehicle id="14" x="201.65" y="91.32" angle="180.00" type="DEFAULT_VEHTYPE" speed="13.17" pos="91.32" lane="1/0to1/1_0" slope="0.00"/>
        <vehicle id="15" x="454.59" y="401.65" angle="-90.00" type="DEFAULT_VEHTYPE" speed="13.48" pos="140.66" lane="3/2to2/2_0" slope="0.00"/>
        <vehicle id="16" x="589.60" y="198.35" angle="90.00" type="DEFAULT_VEHTYPE" speed="5.16" pos="184.85" lane="2/1to3/1_0" slope="0.00"/>
        <vehicle id="17" x="201.65" y="293.29" angle="180.00" type="DEFAULT_VEHTYPE" speed="13.20" pos="88.54" lane="1/1to1/2_0" slope="0.00"/>
        <vehicle id="18" x="216.36" y="401.65" angle="-90.00" type="DEFAULT_VEHTYPE" speed="7.55" pos="178.89" lane="2/2to1/2_0" slope="0.00"/>
        <vehicle id="19" x="6.68" y="201.65" angle="-90.00" type="DEFAULT_VEHTYPE" speed="12.73" pos="188.57" lane="1/1to0/1_0" slope="0.00"/>
        <vehicle id="2" x="384.29" y="198.35" angle="90.00" type="DEFAULT_VEHTYPE" speed="6.75" pos="179.54" lane="1/1to2/1_0" slope="0.00"/>
        <vehicle id="20" x="487.75" y="198.35" angle="90.00" type="DEFAULT_VEHTYPE" speed="13.82" pos="83.00" lane="2/1to3/1_0" slope="0.00"/>
        <vehicle id="21" x="292.75" y="198.35" angle="90.00" type="DEFAULT_VEHTYPE" speed="13.40" pos="88.00" lane="1/1to2/1_0" slope="0.00"/>
        <vehicle id="22" x="198.35" y="83.34" angle="0.00" type="DEFAULT_VEHTYPE" speed="13.16" pos="111.91" lane="1/1to1/0_0" slope="0.00"/>
        <vehicle id="23" x="151.79" y="201.65" angle="-90.00" type="DEFAULT_VEHTYPE" speed="13.19" pos="43.46" lane="1/1to0/1_0" slope="0.00"/>
        <vehicle id="24" x="231.38" y="198.35" angle="90.00" type="DEFAULT_VEHTYPE" speed="13.54" pos="26.63" lane="1/1to2/1_0" slope="0.00"/>
        <vehicle id="3" x="782.15" y="198.35" angle="90.00" type="DEFAULT_VEHTYPE" speed="12.83" pos="177.40" lane="3/1to4/1_0" slope="0.00"/>
        <vehicle id="4" x="531.87" y="401.65" angle="-90.00" type="DEFAULT_VEHTYPE" speed="13.16" pos="63.38" lane="3/2to2/2_0" slope="0.00"/>
        <vehicle id="5" x="322.93" y="201.65" angle="-90.00" type="DEFAULT_VEHTYPE" speed="13.80" pos="72.32" lane="2/1to1/1_0" slope="0.00"/>
        <vehicle id="6" x="405.94" y="198.35" angle="90.00" type="DEFAULT_VEHTYPE" speed="8.56" pos="1.19" lane="2/1to3/1_0" slope="0.00"/>
        <vehicle id="7" x="398.35" y="565.95" angle="0.00" type="DEFAULT_VEHTYPE" speed="13.00" pos="29.30" lane="2/3to2/2_0" slope="0.00"/>
        <vehicle id="8" x="676.48" y="198.35" angle="90.00" type="DEFAULT_VEHTYPE" speed="13.62" pos="71.73" lane="3/1to4/1_0" slope="0.00"/>
        <vehicle id="9" x="398.35" y="271.07" angle="0.00" type="DEFAULT_VEHTYPE" speed="13.79" pos="124.18" lane="2/2to2/1_0" slope="0.00"/>
    </timestep>
    <timestep time="514.00">
        <vehicle id="0" x="601.65" y="253.12" angle="180.00" type="DEFAULT_VEHTYPE" speed="13.83" pos="48.37" lane="3/1to3/2_0" slope="0.00"/>
        <vehicle id="1" x="479.48" y="401.65" angle="-90.00" type="DEFAULT_VEHTYPE" speed="13.39" pos="115.77" lane="3/2to2/2_0" slope="0.00"/>
        <vehicle id="11" x="198.35" y="6.85" angle="0.00" type="DEFAULT_VEHTYPE" speed="12.67" pos="188.40" lane="1/1to1/0_0" slope="0.00"/>
        <vehicle id="12" x="601.65" y="365.73" angle="180.00" type="DEFAULT_VEHTYPE" speed="13.78" pos="160.98" lane="3/1to3/2_0" slope="0.00"/>
        <vehicle id="14" x="201.65" y="104.94" angle="180.00" type="DEFAULT_VEHTYPE" speed="13.62" pos="104.94" lane="1/0to1/1_0" slope="0.00"/>
        <vehicle id="15" x="441.51" y="401.65" angle="-90.00" type="DEFAULT_VEHTYPE" speed="13.08" pos="153.74" lane="3/2to2/2_0" slope="0.00"/>
        <vehicle id="16" x="597.19" y="198.35" angle="90.00" type="DEFAULT_VEHTYPE" speed="7.58" pos="1.94" lane=":3/1_13_0" slope="0.00"/>
        <vehicle id="17" x="201.65" y="306.70" angle="180.00" type="DEFAULT_VEHTYPE" speed="13.41" pos="101.95" lane="1/1to1/2_0" slope="0.00"/>
        <vehicle id="18" x="211.65" y="401.65" angle="-90.00" type="DEFAULT_VEHTYPE" speed="4.70" pos="183.60" lane="2/2to1/2_0" slope="0.00"/>
        <vehicle id="19" x="1.52" y="198.35" angle="45.89" type="DEFAULT_VEHTYPE" speed="13.02" pos="1.52" lane="0/1to1/1_0" slope="0.00"/>
        <vehicle id="2" x="388.69" y="198.35" angle="90.00" type="DEFAULT_VEHTYPE" speed="4.40" pos="183.94" lane="1/1to2/1_0" slope="0.00"/>
        <vehicle id="20" x="500.62" y="198.35" angle="90.00" type="DEFAULT_VEHTYPE" speed="12.87" pos="95.87" lane="2/1to3/1_0" slope="0.00"/>
        <vehicle id="21" x="306.10" y="198.35" angle="90.00" type="DEFAULT_VEHTYPE" speed="13.35" pos="101.35" lane="1/1to2/1_0" slope="0.00"/>
        <vehicle id="22" x="198.35" y="70.24" angle="0.00" type="DEFAULT_VEHTYPE" speed="13.11" pos="125.01" lane="1/1to1/0_0" slope="0.00"/>
        <vehicle id="23" x="138.29" y="201.65" angle="-90.00" type="DEFAULT_VEHTYPE" speed="13.50" pos="56.96" lane="1/1to0/1_0" slope="0.00"/>
        <vehicle id="24" x="244.45" y="198.35" angle="90.00" type="DEFAULT_VEHTYPE" speed="13.07" pos="39.70" lane="1/1to2/1_0" slope="0.00"/>
        <vehicle id="3" x="796.03" y="198.35" angle="90.00" type="DEFAULT_VEHTYPE" speed="13.88" pos="191.28" lane="3/1to4/1_0" slope="0.00"/>
        <vehicle id="4" x="518.91" y="401.65" angle="-90.00" type="DEFAULT_VEHTYPE" speed="12.96" pos="76.34" lane="3/2to2/2_0" slope="0.00"/>
        <vehicle id="5" x="309.75" y="201.65" angle="-90.00" type="DEFAULT_VEHTYPE" speed="13.18" pos="85.50" lane="2/1to1/1_0" slope="0.00"/>
        <vehicle id="6" x="416.69" y="198.35" angle="90.00" type="DEFAULT_VEHTYPE" speed="10.75" pos="11.94" lane="2/1to3/1_0" slope="0.00"/>
        <vehicle id="7" x="398.35" y="552.51" angle="0.00" type="DEFAULT_VEHTYPE" speed="13.45" pos="42.74" lane="2/3to2/2_0" slope="0.00"/>
        <vehicle id="8" x="689.54" y="198.35" angle="90.00" type="DEFAULT_VEHTYPE" speed="13.06" pos="84.79" lane="3/1to4/1_0" slope="0.00"/>
        <vehicle id="9" x="398.35" y="257.22" angle="0.00" type="DEFAULT_VEHTYPE" speed="13.84" pos="138.03" lane="2/2to2/1_0" slope="0.00"/>
    </timestep>
    <timestep time="515.00">
        <vehicle id="0" x="601.65" y="266.99" angle="180.00" type="DEFAULT_VEHTYPE" speed="13.87" pos="62.24" lane="3/1to3/2_0" slope="0.00"/>
        <vehicle id="1" x="466.62" y="401.65" angle="-90.00" type="DEFAULT_VEHTYPE" speed="12.87" pos="128.63" lane="3/2to2/2_0" slope="0.00"/>
        <vehicle id="11" x="201.65" y="1.55" angle="136.64" type="DEFAULT_VEHTYPE" speed="13.22" pos="1.55" lane="1/0to1/1_0" slope="0.00"/>
        <vehicle id="12" x="601.65" y="377.30" angle="180.00" type="DEFAULT_VEHTYPE" speed="11.57" pos="172.55" lane="3/1to3/2_0" slope="0.00"/>
        <vehicle id="14" x="201.65" y="118.41" angle="180.00" type="DEFAULT_VEHTYPE" speed="13.47" pos="118.41" lane="1/0to1/1_0" slope="0.00"/>
        <vehicle id="15" x="428.90" y="401.65" angle="-90.00" type="DEFAULT_VEHTYPE" speed="12.61" pos="166.35" lane="3/2to2/2_0" slope="0.00"/>
        <vehicle id="16" x="606.53" y="198.35" angle="90.00" type="DEFAULT_VEHTYPE" speed="9.34" pos="1.78" lane="3/1to4/1_0" slope="0.00"/>
        <vehicle id="17" x="201.65" y="319.68" angle="180.00" type="DEFAULT_VEHTYPE" speed="12.98" pos="114.93" lane="1/1to1/2_0" slope="0.00"/>
        <vehicle id="18" x="204.78" y="401.65" angle="-90.00" type="DEFAULT_VEHTYPE" speed="6.87" pos="190.47" lane="2/2to1/2_0" slope="0.00"/>
        <vehicle id="19" x="15.12" y="198.35" angle="90.00" type="DEFAULT_VEHTYPE" speed="13.60" pos="15.12" lane="0/1to1/1_0" slope="0.00"/>
        <vehicle id="2" x="395.53" y="198.35" angle="90.00" type="DEFAULT_VEHTYPE" speed="6.84" pos="0.28" lane=":2/1_13_0" slope="0.00"/>
        <vehicle id="20" x="513.62" y="198.35" angle="90.00" type="DEFAULT_VEHTYPE" speed="12.99" pos="108.87" lane="2/1to3/1_0" slope="0.00"/>
        <vehicle id="21" x="319.05" y="198.35" angle="90.00" type="DEFAULT_VEHTYPE" speed="12.94" pos="114.30" lane="1/1to2/1_0" slope="0.00"/>
        <vehicle id="22" x="198.35" y="57.46" angle="0.00" type="DEFAULT_VEHTYPE" speed="12.78" pos="137.79" lane="1/1to1/0_0" slope="0.00"/>
        <vehicle id="23" x="124.47" y="201.65" angle="-90.00" type="DEFAULT_VEHTYPE" speed="13.82" pos="70.78" lane="1/1to0/1_0" slope="0.00"/>
        <vehicle id="24" x="257.83" y="198.35" angle="90.00" type="DEFAULT_VEHTYPE" speed="13.38" pos="53.08" lane="1/1to2/1_0" slope="0.00"/>
        <vehicle id="3" x="795.05" y="201.65" angle="-90.33" type="DEFAULT_VEHTYPE" speed="13.74" pos="4.95" lane="4/1to3/1_0" slope="0.00"/>
        <vehicle id="4" x="505.59" y="401.65" angle="-90.00" type="DEFAULT_VEHTYPE" speed="13.32" pos="89.66" lane="3/2to2/2_0" slope="0.00"/>
        <vehicle id="5" x="296.26" y="201.65" angle="-90.00" type="DEFAULT_VEHTYPE" speed="13.50" pos="98.99" lane="2/1to1/1_0" slope="0.00"/>
        <vehicle id="6" x="429.99" y="198.35" angle="90.00" type="DEFAULT_VEHTYPE" speed="13.31" pos="25.24" lane="2/1to3/1_0" slope="0.00"/>
        <vehicle id="7" x="398.35" y="538.93" angle="0.00" type="DEFAULT_VEHTYPE" speed="13.58" pos="56.32" lane="2/3to2/2_0" slope="0.00"/>
        <vehicle id="8" x="702.73" y="198.35" angle="90.00" type="DEFAULT_VEHTYPE" speed="13.18" pos="97.98" lane="3/1to4/1_0" slope="0.00"/>
        <vehicle id="9" x="398.35" y="244.39" angle="0.00" type="DEFAULT_VEHTYPE" speed="12.84" pos="150.86" lane="2/2to2/1_0" slope="0.00"/>
    </timestep>
    <timestep time="516.00">
        <vehicle id="0" x="601.65" y="280.19" angle="180.00" type="DEFAULT_VEHTYPE" speed="13.20" pos="75.44" lane="3/1to3/2_0" slope="0.00"/>
        <vehicle id="1" x="452.72" y="401.65" angle="-90.00" type="DEFAULT_VEHTYPE" speed="13.89" pos="142.53" lane="3/2to2/2_0" slope="0.00"/>
        <vehicle id="11" x="201.65" y="15.04" angle="180.00" type="DEFAULT_VEHTYPE" speed="13.49" pos="15.04" lane="1/0to1/1_0" slope="0.00"/>
        <vehicle id="12" x="601.65" y="385.37" angle="180.00" type="DEFAULT_VEHTYPE" speed="8.07" pos="180.62" lane="3/1to3/2_0" slope="0.00"/>
        <vehicle id="14" x="201.65" y="131.55" angle="180.00" type="DEFAULT_VEHTYPE" speed="13.14" pos="131.55" lane="1/0to1/1_0" slope="0.00"/>
        <vehicle id="15" x="419.65" y="401.65" angle="-90.00" type="DEFAULT_VEHTYPE" speed="9.25" pos="175.60" lane="3/2to2/2_0" slope="0.00"/>
        <vehicle id="16" x="617.92" y="198.35" angle="90.00" type="DEFAULT_VEHTYPE" speed="11.39" pos="13.17" lane="3/1to4/1_0" slope="0.00"/>
        <vehicle id="17" x="201.65" y="333.00" angle="180.00" type="DEFAULT_VEHTYPE" speed="13.32" pos="128.25" lane="1/1to1/2_0" slope="0.00"/>
        <vehicle id="18" x="198.57" y="396.80" angle="-33.06" type="DEFAULT_VEHTYPE" speed="8.79" pos="8.75" lane=":1/2_6_0" slope="0.00"/>
        <vehicle id="19" x="28.48" y="198.35" angle="90.00" type="DEFAULT_VEHTYPE" speed="13.36" pos="28.48" lane="0/1to1/1_0" slope="0.00"/>
        <vehicle id="2" x="404.00" y="198.35" angle="90.00" type="DEFAULT_VEHTYPE" speed="8.47" pos="8.75" lane=":2/1_13_0" slope="0.00"/>
        <vehicle id="20" x="526.50" y="198.35" angle="90.00" type="DEFAULT_VEHTYPE" speed="12.88" pos="121.75" lane="2/1to3/1_0" slope="0.00"/>
        <vehicle id="21" x="331.67" y="198.35" angle="90.00" type="DEFAULT_VEHTYPE" speed="12.62" pos="126.92" lane="1/1to2/1_0" slope="0.00"/>
        <vehicle id="22" x="198.35" y="43.77" angle="0.00" type="DEFAULT_VEHTYPE" speed="13.69" pos="151.48" lane="1/1to1/0_0" slope="0.00"/>
        <vehicle id="23" x="110.79" y="201.65" angle="-90.00" type="DEFAULT_VEHTYPE" speed="13.68" pos="84.46" lane="1/1to0/1_0" slope="0.00"/>
        <vehicle id="24" x="270.58" y="198.35" angle="90.00" type="DEFAULT_VEHTYPE" speed="12.75" pos="65.83" lane="1/1to2/1_0" slope="0.00"/>
        <vehicle id="3" x="781.60" y="201.65" angle="-90.00" type="DEFAULT_VEHTYPE" speed="13.45" pos="18.40" lane="4/1to3/1_0" slope="0.00"/>
        <vehicle id="4" x="492.66" y="401.65" angle="-90.00" type="DEFAULT_VEHTYPE" speed="12.93" pos="102.59" lane="3/2to2/2_0" slope="0.00"/>
        <vehicle id="5" x="282.80" y="201.65" angle="-90.00" type="DEFAULT_VEHTYPE" speed="13.45" pos="112.45" lane="2/1to1/1_0" slope="0.00"/>
        <vehicle id="6" x="442.98" y="198.35" angle="90.00" type="DEFAULT_VEHTYPE" speed="12.99" pos="38.23" lane="2/1to3/1_0" slope="0.00"/>
        <vehicle id="7" x="398.35" y="525.22" angle="0.00" type="DEFAULT_VEHTYPE" speed="13.71" pos="70.03" lane="2/3to2/2_0" slope="0.00"/>
        <vehicle id="8" x="716.18" y="198.35" angle="90.00" type="DEFAULT_VEHTYPE" speed="13.45" pos="111.43" lane="3/1to4/1_0" slope="0.00"/>
        <vehicle id="9" x="398.35" y="230.71" angle="0.00" type="DEFAULT_VEHTYPE" speed="13.68" pos="164.54" lane="2/2to2/1_0" slope="0.00"/>
    </timestep>
    <timestep time="517.00">
        <vehicle id="0" x="601.65" y="292.97" angle="180.00" type="DEFAULT_VEHTYPE" speed="12.78" pos="88.22" lane="3/1to3/2_0" slope="0.00"/>
        <vehicle id="1" x="440.11" y="401.65" angle="-90.00" type="DEFAULT_VEHTYPE" speed="12.62" pos="155.14" lane="3/2to2/2_0" slope="0.00"/>
        <vehicle id="11" x="201.65" y="28.61" angle="180.00" type="DEFAULT_VEHTYPE" speed="13.57" pos="28.61" lane="1/0to1/1_0" slope="0.00"/>
        <vehicle id="12" x="601.65" y="389.56" angle="180.00" type="DEFAULT_VEHTYPE" speed="4.19" pos="184.81" lane="3/1to3/2_0" slope="0.00"/>
        <vehicle id="14" x="201.65" y="144.20" angle="180.00" type="DEFAULT_VEHTYPE" speed="12.65" pos="144.20" lane="1/0to1/1_0" slope="0.00"/>
        <vehicle id="15" x="413.17" y="401.65" angle="-90.00" type="DEFAULT_VEHTYPE" speed="6.48" pos="182.08" lane="3/2to2/2_0" slope="0.00"/>
        <vehicle id="16" x="631.15" y="198.35" angle="90.00" type="DEFAULT_VEHTYPE" speed="13.23" pos="26.40" lane="3/1to4/1_0" slope="0.00"/>
        <vehicle id="17" x="201.65" y="346.25" angle="180.00" type="DEFAULT_VEHTYPE" speed="13.25" pos="141.50" lane="1/1to1/2_0" slope="0.00"/>
        <vehicle id="18" x="198.35" y="385.61" angle="0.00" type="DEFAULT_VEHTYPE" speed="11.20" pos="9.64" lane="1/2to1/1_0" slope="0.00"/>
        <vehicle id="19" x="41.64" y="198.35" angle="90.00" type="DEFAULT_VEHTYPE" speed="13.15" pos="41.64" lane="0/1to1/1_0" slope="0.00"/>
        <vehicle id="2" x="414.63" y="198.35" angle="90.00" type="DEFAULT_VEHTYPE" speed="10.64" pos="9.88" lane="2/1to3/1_0" slope="0.00"/>
        <vehicle id="20" x="539.16" y="198.35" angle="90.00" type="DEFAULT_VEHTYPE" speed="12.66" pos="134.41" lane="2/1to3/1_0" slope="0.00"/>
        <vehicle id="21" x="345.05" y="198.35" angle="90.00" type="DEFAULT_VEHTYPE" speed="13.38" pos="140.30" lane="1/1to2/1_0" slope="0.00"/>
        <vehicle id="22" x="198.35" y="29.89" angle="0.00" type="DEFAULT_VEHTYPE" speed="13.88" pos="165.36" lane="1/1to1/0_0" slope="0.00"/>
        <vehicle id="23" x="97.69" y="201.65" angle="-90.00" type="DEFAULT_VEHTYPE" speed="13.10" pos="97.56" lane="1/1to0/1_0" slope="0.00"/>
        <vehicle id="24" x="283.86" y="198.35" angle="90.00" type="DEFAULT_VEHTYPE" speed="13.29" pos="79.11" lane="1/1to2/1_0" slope="0.00"/>
        <vehicle id="3" x="767.77" y="201.65" angle="-90.00" type="DEFAULT_VEHTYPE" speed="13.83" pos="32.23" lane="4/1to3/1_0" slope="0.00"/>
        <vehicle id="4" x="479.79" y="401.65" angle="-90.00" type="DEFAULT_VEHTYPE" speed="12.86" pos="115.46" lane="3/2to2/2_0" slope="0.00"/>
        <vehicle id="5" x="269.37" y="201.65" angle="-90.00" type="DEFAULT_VEHTYPE" speed="13.43" pos="125.88" lane="2/1to1/1_0" slope="0.00"/>
        <vehicle id="6" x="455.58" y="198.35" angle="90.00" type="DEFAULT_VEHTYPE" speed="12.60" pos="50.83" lane="2/1to3/1_0" slope="0.00"/>
        <vehicle id="7" x="398.35" y="511.67" angle="0.00" type="DEFAULT_VEHTYPE" speed="13.54" pos="83.58" lane="2/3to2/2_0" slope="0.00"/>
        <vehicle id="8" x="729.60" y="198.35" angle="90.00" type="DEFAULT_VEHTYPE" speed="13.42" pos="124.85" lane="3/1to4/1_0" slope="0.00"/>
        <vehicle id="9" x="398.35" y="217.06" angle="0.00" type="DEFAULT_VEHTYPE" speed="13.65" pos="178.19" lane="2/2to2/1_0" slope="0.00"/>
    </timestep>
    <timestep time="518.00">
        <vehicle id="0" x="601.65" y="306.67" angle="180.00" type="DEFAULT_VEHTYPE" speed="13.70" pos="101.92" lane="3/1to3/2_0" slope="0.00"/>
        <vehicle id="1" x="429.39" y="401.65" angle="-90.00" type="DEFAULT_VEHTYPE" speed="10.72" pos="165.86" lane="3/2to2/2_0" slope="0.00"/>
        <vehicle id="11" x="201.65" y="41.31" angle="180.00" type="DEFAULT_VEHTYPE" speed="12.70" pos="41.31" lane="1/0to1/1_0" slope="0.00"/>
        <vehicle id="12" x="601.59" y="395.67" angle="-179.31" type="DEFAULT_VEHTYPE" speed="6.11" pos="0.42" lane=":3/2_10_0" slope="0.00"/>
        <vehicle id="14" x="201.65" y="157.25" angle="180.00" type="DEFAULT_VEHTYPE" speed="13.05" pos="157.25" lane="1/0to1/1_0" slope="0.00"/>
        <vehicle id="15" x="409.15" y="401.65" angle="-90.00" type="DEFAULT_VEHTYPE" speed="4.03" pos="186.10" lane="3/2to2/2_0" slope="0.00"/>
        <vehicle id="16" x="644.20" y="198.35" angle="90.00" type="DEFAULT_VEHTYPE" speed="13.05" pos="39.45" lane="3/1to4/1_0" slope="0.00"/>
        <vehicle id="17" x="201.65" y="358.85" angle="180.00" type="DEFAULT_VEHTYPE" speed="12.61" pos="154.10" lane="1/1to1/2_0" slope="0.00"/>
        <vehicle id="18" x="198.35" y="372.71" angle="0.00" type="DEFAULT_VEHTYPE" speed="12.90" pos="22.54" lane="1/2to1/1_0" slope="0.00"/>
        <vehicle id="19" x="54.64" y="198.35" angle="90.00" type="DEFAULT_VEHTYPE" speed="13.00" pos="54.64" lane="0/1to1/1_0" slope="0.00"/>
        <vehicle id="2" x="427.02" y="198.35" angle="90.00" type="DEFAULT_VEHTYPE" speed="12.38" pos="22.27" lane="2/1to3/1_0" slope="0.00"/>
        <vehicle id="20" x="552.62" y="198.35" angle="90.00" type="DEFAULT_VEHTYPE" speed="13.47" pos="147.87" lane="2/1to3/1_0" slope="0.00"/>
        <vehicle id="21" x="357.73" y="198.35" angle="90.00" type="DEFAULT_VEHTYPE" speed="12.68" pos="152.98" lane="1/1to2/1_0" slope="0.00"/>
        <vehicle id="22" x="198.35" y="17.25" angle="0.00" type="DEFAULT_VEHTYPE" speed="12.64" pos="178.00" lane="1/1to1/0_0" slope="0.00"/>
        <vehicle id="23" x="84.27" y="201.65" angle="-90.00" type="DEFAULT_VEHTYPE" speed="13.42" pos="110.98" lane="1/1to0/1_0" slope="0.00"/>
        <vehicle id="24" x="296.55" y="198.35" angle="90.00" type="DEFAULT_VEHTYPE" speed="12.69" pos="91.80" lane="1/1to2/1_0" slope="0.00"/>
        <vehicle id="3" x="754.93" y="201.65" angle="-90.00" type="DEFAULT_VEHTYPE" speed="12.84" pos="45.07" lane="4/1to3/1_0" slope="0.00"/>
        <vehicle id="4" x="466.61" y="401.65" angle="-90.00" type="DEFAULT_VEHTYPE" speed="13.18" pos="128.64" lane="3/2to2/2_0" slope="0.00"/>
        <vehicle id="5" x="256.12" y="201.65" angle="-90.00" type="DEFAULT_VEHTYPE" speed="13.26" pos="139.13" lane="2/1to1/1_0" slope="0.00"/>
        <vehicle id="6" x="468.44" y="198.35" angle="90.00" type="DEFAULT_VEHTYPE" speed="12.86" pos="63.69" lane="2/1to3/1_0" slope="0.00"/>
        <vehicle id="7" x="398.35" y="498.43" angle="0.00" type="DEFAULT_VEHTYPE" speed="13.25" pos="96.82" lane="2/3to2/2_0" slope="0.00"/>
        <vehicle id="8" x="742.37" y="198.35" angle="90.00" type="DEFAULT_VEHTYPE" speed="12.76" pos="137.62" lane="3/1to4/1_0" slope="0.00"/>
        <vehicle id="9" x="398.35" y="203.80" angle="0.00" type="DEFAULT_VEHTYPE" speed="13.26" pos="0.95" lane=":2/1_1_0" slope="0.00"/>
    </timestep>
    <timestep time="519.00">
        <vehicle id="0" x="601.65" y="320.21" angle="180.00" type="DEFAULT_VEHTYPE" speed="13.54" pos="115.46" lane="3/1to3/2_0" slope="0.00"/>
        <vehicle id="1" x="422.88" y="401.65" angle="-90.00" type="DEFAULT_VEHTYPE" speed="6.50" pos="172.37" lane="3/2to2/2_0" slope="0.00"/>
        <vehicle id="11" x="201.65" y="54.92" angle="180.00" type="DEFAULT_VEHTYPE" speed="13.61" pos="54.92" lane="1/0to1/1_0" slope="0.00"/>
        <vehicle id="12" x="597.00" y="401.40" angle="-125.13" type="DEFAULT_VEHTYPE" speed="8.13" pos="1.41" lane=":3/2_18_0" slope="0.00"/>
        <vehicle id="14" x="201.65" y="170.83" angle="180.00" type="DEFAULT_VEHTYPE" speed="13.58" pos="170.83" lane="1/0to1/1_0" slope="0.00"/>
        <vehicle id="15" x="403.24" y="401.43" angle="-87.52" type="DEFAULT_VEHTYPE" speed="5.92" pos="1.52" lane=":2/2_6_0" slope="0.00"/>
        <vehicle id="16" x="657.95" y="198.35" angle="90.00" type="DEFAULT_VEHTYPE" speed="13.75" pos="53.20" lane="3/1to4/1_0" slope="0.00"/>
        <vehicle id="17" x="201.65" y="372.36" angle="180.00" type="DEFAULT_VEHTYPE" speed="13.51" pos="167.61" lane="1/1to1/2_0" slope="0.00"/>
        <vehicle id="18" x="198.35" y="359.48" angle="0.00" type="DEFAULT_VEHTYPE" speed="13.23" pos="35.77" lane="1/2to1/1_0" slope="0.00"/>
        <vehicle id="19" x="68.21" y="198.35" angle="90.00" type="DEFAULT_VEHTYPE" speed="13.56" pos="68.21" lane="0/1to1/1_0" slope="0.00"/>
        <vehicle id="2" x="440.52" y="198.35" angle="90.00" type="DEFAULT_VEHTYPE" speed="13.50" pos="35.77" lane="2/1to3/1_0" slope="0.00"/>
        <vehicle id="20" x="566.04" y="198.35" angle="90.00" type="DEFAULT_VEHTYPE" speed="13.42" pos="161.29" lane="2/1to3/1_0" slope="0.00"/>
        <vehicle id="21" x="370.57" y="198.35" angle="90.00" type="DEFAULT_VEHTYPE" speed="12.84" pos="165.82" lane="1/1to2/1_0" slope="0.00"/>
        <vehicle id="22" x="198.35" y="4.59" angle="0.00" type="DEFAULT_VEHTYPE" speed="12.66" pos="190.66" lane="1/1to1/0_0" slope="0.00"/>
        <vehicle id="23" x="70.61" y="201.65" angle="-90.00" type="DEFAULT_VEHTYPE" speed="13.66" pos="124.64" lane="1/1to0/1_0" slope="0.00"/>
        <vehicle id="24" x="309.38" y="198.35" angle="90.00" type="DEFAULT_VEHTYPE" speed="12.82" pos="104.63" lane="1/1to2/1_0" slope="0.00"/>
        <vehicle id="3" x="741.54" y="201.65" angle="-90.00" type="DEFAULT_VEHTYPE" speed="13.39" pos="58.46" lane="4/1to3/1_0" slope="0.00"/>
        <vehicle id="4" x="453.81" y="401.65" angle="-90.00" type="DEFAULT_VEHTYPE" speed="12.80" pos="141.44" lane="3/2to2/2_0" slope="0.00"/>
        <vehicle id="5" x="242.89" y="201.65" angle="-90.00" type="DEFAULT_VEHTYPE" speed="13.23" pos="152.36" lane="2/1to1/1_0" slope="0.00"/>
        <vehicle id="6" x="482.12" y="198.35" angle="90.00" type="DEFAULT_VEHTYPE" speed="13.67" pos="77.37" lane="2/1to3/1_0" slope="0.00"/>
        <vehicle id="7" x="398.35" y="484.78" angle="0.00" type="DEFAULT_VEHTYPE" speed="13.65" pos="110.47" lane="2/3to2/2_0" slope="0.00"/>
        <vehicle id="8" x="755.84" y="198.35" angle="90.00" type="DEFAULT_VEHTYPE" speed="13.47" pos="151.09" lane="3/1to4/1_0" slope="0.00"/>
        <vehicle id="9" x="398.35" y="191.20" angle="0.00" type="DEFAULT_VEHTYPE" speed="12.61" pos="4.05" lane="2/1to2/0_0" slope="0.00"/>
    </timestep>
    <timestep time="520.00">
        <vehicle id="0" x="601.65" y="332.88" angle="180.00" type="DEFAULT_VEHTYPE" speed="12.67" pos="128.13" lane="3/1to3/2_0" slope="0.00"/>
        <vehicle id="1" x="415.84" y="401.65" angle="-90.00" type="DEFAULT_VEHTYPE" speed="7.04" pos="179.41" lane="3/2to2/2_0" slope="0.00"/>
        <vehicle id="11" x="201.65" y="67.60" angle="180.00" type="DEFAULT_VEHTYPE" speed="12.68" pos="67.60" lane="1/0to1/1_0" slope="0.00"/>
        <vehicle id="12" x="586.91" y="401.65" angle="-90.00" type="DEFAULT_VEHTYPE" speed="10.11" pos="8.34" lane="3/2to2/2_0" slope="0.00"/>
        <vehicle id="14" x="201.65" y="184.43" angle="180.00" type="DEFAULT_VEHTYPE" speed="13.60" pos="184.43" lane="1/0to1/1_0" slope="0.00"/>
        <vehicle id="15" x="398.51" y="396.37" angle="-28.50" type="DEFAULT_VEHTYPE" speed="7.67" pos="9.19" lane=":2/2_6_0" slope="0.00"/>
        <vehicle id="16" x="670.63" y="198.35" angle="90.00" type="DEFAULT_VEHTYPE" speed="12.68" pos="65.88" lane="3/1to4/1_0" slope="0.00"/>
        <vehicle id="17" x="201.65" y="385.31" angle="180.00" type="DEFAULT_VEHTYPE" speed="12.95" pos="180.56" lane="1/1to1/2_0" slope="0.00"/>
        <vehicle id="18" x="198.35" y="345.68" angle="0.00" type="DEFAULT_VEHTYPE" speed="13.80" pos="49.57" lane="1/2to1/1_0" slope="0.00"/>
        <vehicle id="19" x="80.82" y="198.35" angle="90.00" type="DEFAULT_VEHTYPE" speed="12.61" pos="80.82" lane="0/1to1/1_0" slope="0.00"/>
        <vehicle id="2" x="454.40" y="198.35" angle="90.00" type="DEFAULT_VEHTYPE" speed="13.88" pos="49.65" lane="2/1to3/1_0" slope="0.00"/>
        <vehicle id="20" x="577.07" y="198.35" angle="90.00" type="DEFAULT_VEHTYPE" speed="11.03" pos="172.32" lane="2/1to3/1_0" slope="0.00"/>
        <vehicle id="21" x="380.85" y="198.35" angle="90.00" type="DEFAULT_VEHTYPE" speed="10.27" pos="176.10" lane="1/1to2/1_0" slope="0.00"/>
        <vehicle id="22" x="201.65" y="3.86" angle="172.49" type="DEFAULT_VEHTYPE" speed="13.27" pos="3.86" lane="1/0to1/1_0" slope="0.00"/>
        <vehicle id="23" x="57.76" y="201.65" angle="-90.00" type="DEFAULT_VEHTYPE" speed="12.85" pos="137.49" lane="1/1to0/1_0" slope="0.00"/>
        <vehicle id="24" x="322.67" y="198.35" angle="90.00" type="DEFAULT_VEHTYPE" speed="13.29" pos="117.92" lane="1/1to2/1_0" slope="0.00"/>
        <vehicle id="3" x="727.70" y="201.65" angle="-90.00" type="DEFAULT_VEHTYPE" speed="13.85" pos="72.30" lane="4/1to3/1_0" slope="0.00"/>
        <vehicle id="4" x="441.99" y="401.65" angle="-90.00" type="DEFAULT_VEHTYPE" speed="11.82" pos="153.26" lane="3/2to2/2_0" slope="0.00"/>
        <vehicle id="5" x="229.26" y="201.65" angle="-90.00" type="DEFAULT_VEHTYPE" speed="13.63" pos="165.99" lane="2/1to1/1_0" slope="0.00"/>
        <vehicle id="6" x="494.73" y="198.35" angle="90.00" type="DEFAULT_VEHTYPE" speed="12.62" pos="89.98" lane="2/1to3/1_0" slope="0.00"/>
        <vehicle id="7" x="398.35" y="471.04" angle="0.00" type="DEFAULT_VEHTYPE" speed="13.75" pos="124.21" lane="2/3to2/2_0" slope="0.00"/>
        <vehicle id="8" x="769.62" y="198.35" angle="90.00" type="DEFAULT_VEHTYPE" speed="13.78" pos="164.87" lane="3/1to4/1_0" slope="0.00"/>
        <vehicle id="9" x="398.35" y="178.51" angle="0.00" type="DEFAULT_VEHTYPE" speed="12.69" pos="16.74" lane="2/1to2/0_0" slope="0.00"/>
    </timestep>
    <timestep time="521.00">
        <vehicle id="0" x="601.65" y="345.61" angle="180.00" type="DEFAULT_VEHTYPE" speed="12.73" pos="140.86" lane="3/1to3/2_0" slope="0.00"/>
        <vehicle id="1" x="411.35" y="401.65" angle="-90.00" type="DEFAULT_VEHTYPE" speed="4.49" pos="183.90" lane="3/2to2/2_0" slope="0.00"/>
        <vehicle id="11" x="201.65" y="81.18" angle="180.00" type="DEFAULT_VEHTYPE" speed="13.58" pos="81.18" lane="1/0to1/1_0" slope="0.00"/>
        <vehicle id="12" x="575.29" y="401.65" angle="-90.00" type="DEFAULT_VEHTYPE" speed="11.62" pos="19.96" lane="3/2to2/2_0" slope="0.00"/>
        <vehicle id="14" x="202.17" y="197.15" angle="173.95" type="DEFAULT_VEHTYPE" speed="12.82" pos="2.01" lane=":1/1_8_0" slope="0.00"/>
        <vehicle id="15" x="398.35" y="386.59" angle="0.00" type="DEFAULT_VEHTYPE" speed="9.78" pos="8.66" lane="2/2to2/1_0" slope="0.00"/>
        <vehicle id="16" x="684.46" y="198.35" angle="90.00" type="DEFAULT_VEHTYPE" speed="13.83" pos="79.71" lane="3/1to4/1_0" slope="0.00"/>
        <vehicle id="17" x="202.85" y="397.83" angle="165.40" type="DEFAULT_VEHTYPE" speed="12.94" pos="2.99" lane=":1/2_8_0" slope="0.00"/>
        <vehicle id="18" x="198.35" y="332.31" angle="0.00" type="DEFAULT_VEHTYPE" speed="13.37" pos="62.94" lane="1/2to1/1_0" slope="0.00"/>
        <vehicle id="19" x="94.64" y="198.35" angle="90.00" type="DEFAULT_VEHTYPE" speed="13.82" pos="94.64" lane="0/1to1/1_0" slope="0.00"/>
        <vehicle id="2" x="467.48" y="198.35" angle="90.00" type="DEFAULT_VEHTYPE" speed="13.08" pos="62.73" lane="2/1to3/1_0" slope="0.00"/>
        <vehicle id="20" x="584.67" y="198.35" angle="90.00" type="DEFAULT_VEHTYPE" speed="7.60" pos="179.92" lane="2/1to3/1_0" slope="0.00"/>
        <vehicle id="21" x="387.44" y="198.35" angle="90.00" type="DEFAULT_VEHTYPE" speed="6.59" pos="182.69" lane="1/1to2/1_0" slope="0.00"/>
        <vehicle id="22" x="201.65" y="17.25" angle="180.00" type="DEFAULT_VEHTYPE" speed="13.38" pos="17.25" lane="1/0to1/1_0" slope="0.00"/>
        <vehicle id="23" x="44.34" y="201.65" angle="-90.00" type="DEFAULT_VEHTYPE" speed="13.42" pos="150.91" lane="1/1to0/1_0" slope="0.00"/>
        <vehicle id="24" x="335.97" y="198.35" angle="90.00" type="DEFAULT_VEHTYPE" speed="13.30" pos="131.22" lane="1/1to2/1_0" slope="0.00"/>
        <vehicle id="3" x="714.63" y="201.65" angle="-90.00" type="DEFAULT_VEHTYPE" speed="13.06" pos="85.37" lane="4/1to3/1_0" slope="0.00"/>
        <vehicle id="4" x="430.69" y="401.65" angle="-90.00" type="DEFAULT_VEHTYPE" speed="11.30" pos="164.56" lane="3/2to2/2_0" slope="0.00"/>
        <vehicle id="5" x="219.63" y="201.65" angle="-90.00" type="DEFAULT_VEHTYPE" speed="9.63" pos="175.62" lane="2/1to1/1_0" slope="0.00"/>
        <vehicle id="6" x="507.46" y="198.35" angle="90.00" type="DEFAULT_VEHTYPE" speed="12.73" pos="102.71" lane="2/1to3/1_0" slope="0.00"/>
        <vehicle id="7" x="398.35" y="457.33" angle="0.00" type="DEFAULT_VEHTYPE" speed="13.70" pos="137.92" lane="2/3to2/2_0" slope="0.00"/>
        <vehicle id="8" x="783.10" y="198.35" angle="90.00" type="DEFAULT_VEHTYPE" speed="13.48" pos="178.35" lane="3/1to4/1_0" slope="0.00"/>
        <vehicle id="9" x="398.35" y="165.59" angle="0.00" type="DEFAULT_VEHTYPE" speed="12.92" pos="29.66" lane="2/1to2/0_0" slope="0.00"/>
    </timestep>
    <timestep time="522.00">
        <vehicle id="0" x="601.65" y="358.36" angle="180.00" type="DEFAULT_VEHTYPE" speed="12.74" pos="153.61" lane="3/1to3/2_0" slope="0.00"/>
        <vehicle id="1" x="404.37" y="401.65" angle="-90.00" type="DEFAULT_VEHTYPE" speed="6.98" pos="0.38" lane=":2/2_5_0" slope="0.00"/>
        <vehicle id="11" x="201.65" y="94.35" angle="180.00" type="DEFAULT_VEHTYPE" speed="13.17" pos="94.35" lane="1/0to1/1_0" slope="0.00"/>
        <vehicle id="12" x="562.10" y="401.65" angle="-90.00" type="DEFAULT_VEHTYPE" speed="13.19" pos="33.15" lane="3/2to2/2_0" slope="0.00"/>
        <vehicle id="14" x="214.57" y="198.35" angle="90.00" type="DEFAULT_VEHTYPE" speed="12.82" pos="9.82" lane="1/1to2/1_0" slope="0.00"/>
        <vehicle id="15" x="398.35" y="375.08" angle="0.00" type="DEFAULT_VEHTYPE" speed="11.51" pos="20.17" lane="2/2to2/1_0" slope="0.00"/>
        <vehicle id="16" x="697.92" y="198.35" angle="90.00" type="DEFAULT_VEHTYPE" speed="13.46" pos="93.17" lane="3/1to4/1_0" slope="0.00"/>
        <vehicle id="17" x="216.18" y="398.35" angle="90.00" type="DEFAULT_VEHTYPE" speed="13.43" pos="11.43" lane="1/2to2/2_0" slope="0.00"/>
        <vehicle id="18" x="198.35" y="319.45" angle="0.00" type="DEFAULT_VEHTYPE" speed="12.87" pos="75.80" lane="1/2to1/1_0" slope="0.00"/>
        <vehicle id="19" x="107.77" y="198.35" angle="90.00" type="DEFAULT_VEHTYPE" speed="13.13" pos="107.77" lane="0/1to1/1_0" slope="0.00"/>
        <vehicle id="2" x="481.19" y="198.35" angle="90.00" type="DEFAULT_VEHTYPE" speed="13.71" pos="76.44" lane="2/1to3/1_0" slope="0.00"/>
        <vehicle id="20" x="589.36" y="198.35" angle="90.00" type="DEFAULT_VEHTYPE" speed="4.69" pos="184.61" lane="2/1to3/1_0" slope="0.00"/>
        <vehicle id="21" x="390.64" y="198.35" angle="90.00" type="DEFAULT_VEHTYPE" speed="3.19" pos="185.89" lane="1/1to2/1_0" slope="0.00"/>
        <vehicle id="22" x="201.65" y="31.13" angle="180.00" type="DEFAULT_VEHTYPE" speed="13.88" pos="31.13" lane="1/0to1/1_0" slope="0.00"/>
        <vehicle id="23" x="31.28" y="201.65" angle="-90.00" type="DEFAULT_VEHTYPE" speed="13.06" pos="163.97" lane="1/1to0/1_0" slope="0.00"/>
        <vehicle id="24" x="348.71" y="198.35" angle="90.00" type="DEFAULT_VEHTYPE" speed="12.74" pos="143.96" lane="1/1to2/1_0" slope="0.00"/>
        <vehicle id="3" x="701.26" y="201.65" angle="-90.00" type="DEFAULT_VEHTYPE" speed="13.37" pos="98.74" lane="4/1to3/1_0" slope="0.00"/>
        <vehicle id="4" x="423.90" y="401.65" angle="-90.00" type="DEFAULT_VEHTYPE" speed="6.80" pos="171.35" lane="3/2to2/2_0" slope="0.00"/>
        <vehicle id="5" x="212.88" y="201.65" angle="-90.00" type="DEFAULT_VEHTYPE" speed="6.75" pos="182.37" lane="2/1to1/1_0" slope="0.00"/>
        <vehicle id="6" x="520.71" y="198.35" angle="90.00" type="DEFAULT_VEHTYPE" speed="13.26" pos="115.96" lane="2/1to3/1_0" slope="0.00"/>
        <vehicle id="7" x="398.35" y="443.80" angle="0.00" type="DEFAULT_VEHTYPE" speed="13.53" pos="151.45" lane="2/3to2/2_0" slope="0.00"/>
        <vehicle id="8" x="796.41" y="198.35" angle="90.00" type="DEFAULT_VEHTYPE" speed="13.31" pos="191.66" lane="3/1to4/1_0" slope="0.00"/>
        <vehicle id="9" x="398.35" y="152.64" angle="0.00" type="DEFAULT_VEHTYPE" speed="12.95" pos="42.61" lane="2/1to2/0_0" slope="0.00"/>
    </timestep>
    <timestep time="523.00">
        <vehicle id="0" x="601.65" y="371.03" angle="180.00" type="DEFAULT_VEHTYPE" speed="12.67" pos="166.28" lane="3/1to3/2_0" slope="0.00"/>
        <vehicle id="1" x="395.31" y="401.65" angle="-90.00" type="DEFAULT_VEHTYPE" speed="9.06" pos="9.44" lane=":2/2_5_0" slope="0.00"/>
        <vehicle id="11" x="201.65" y="107.07" angle="180.00" type="DEFAULT_VEHTYPE" speed="12.72" pos="107.07" lane="1/0to1/1_0" slope="0.00"/>
        <vehicle id="12" x="548.65" y="401.65" angle="-90.00" type="DEFAULT_VEHTYPE" speed="13.45" pos="46.60" lane="3/2to2/2_0" slope="0.00"/>
        <vehicle id="14" x="227.67" y="198.35" angle="90.00" type="DEFAULT_VEHTYPE" speed="13.10" pos="22.92" lane="1/1to2/1_0" slope="0.00"/>
        <vehicle id="15" x="398.35" y="361.54" angle="0.00" type="DEFAULT_VEHTYPE" speed="13.54" pos="33.71" lane="2/2to2/1_0" slope="0.00"/>
        <vehicle id="16" x="711.75" y="198.35" angle="90.00" type="DEFAULT_VEHTYPE" speed="13.82" pos="107.00" lane="3/1to4/1_0" slope="0.00"/>
        <vehicle id="17" x="229.86" y="398.35" angle="90.00" type="DEFAULT_VEHTYPE" speed="13.68" pos="25.11" lane="1/2to2/2_0" slope="0.00"/>
        <vehicle id="18" x="198.35" y="306.84" angle="0.00" type="DEFAULT_VEHTYPE" speed="12.61" pos="88.41" lane="1/2to1/1_0" slope="0.00"/>
        <vehicle id="19" x="121.45" y="198.35" angle="90.00" type="DEFAULT_VEHTYPE" speed="13.69" pos="121.45" lane="0/1to1/1_0" slope="0.00"/>
        <vehicle id="2" x="494.52" y="198.35" angle="90.00" type="DEFAULT_VEHTYPE" speed="13.33" pos="89.77" lane="2/1to3/1_0" slope="0.00"/>
        <vehicle id="20" x="595.67" y="198.35" angle="90.00" type="DEFAULT_VEHTYPE" speed="6.31" pos="0.42" lane=":3/1_13_0" slope="0.00"/>
        <vehicle id="21" x="395.24" y="198.35" angle="90.00" type="DEFAULT_VEHTYPE" speed="4.61" pos="190.49" lane="1/1to2/1_0" slope="0.00"/>
        <vehicle id="22" x="201.65" y="43.73" angle="180.00" type="DEFAULT_VEHTYPE" speed="12.61" pos="43.73" lane="1/0to1/1_0" slope="0.00"/>
        <vehicle id="23" x="17.92" y="201.65" angle="-90.00" type="DEFAULT_VEHTYPE" speed="13.36" pos="177.33" lane="1/1to0/1_0" slope="0.00"/>
        <vehicle id="24" x="361.21" y="198.35" angle="90.00" type="DEFAULT_VEHTYPE" speed="12.50" pos="156.46" lane="1/1to2/1_0" slope="0.00"/>
        <vehicle id="3" x="688.11" y="201.65" angle="-90.00" type="DEFAULT_VEHTYPE" speed="13.15" pos="111.89" lane="4/1to3/1_0" slope="0.00"/>
        <vehicle id="4" x="416.26" y="401.65" angle="-90.00" type="DEFAULT_VEHTYPE" speed="7.63" pos="178.99" lane="3/2to2/2_0" slope="0.00"/>
        <vehicle id="5" x="210.16" y="201.65" angle="-90.00" type="DEFAULT_VEHTYPE" speed="2.72" pos="185.09" lane="2/1to1/1_0" slope="0.00"/>
        <vehicle id="6" x="533.75" y="198.35" angle="90.00" type="DEFAULT_VEHTYPE" speed="13.03" pos="129.00" lane="2/1to3/1_0" slope="0.00"/>
        <vehicle id="7" x="398.35" y="431.18" angle="0.00" type="DEFAULT_VEHTYPE" speed="12.62" pos="164.07" lane="2/3to2/2_0" slope="0.00"/>
        <vehicle id="8" x="795.23" y="201.65" angle="-91.50" type="DEFAULT_VEHTYPE" speed="13.17" pos="4.77" lane="4/1to3/1_0" slope="0.00"/>
        <vehicle id="9" x="398.35" y="139.20" angle="0.00" type="DEFAULT_VEHTYPE" speed="13.44" pos="56.05" lane="2/1to2/0_0" slope="0.00"/>
    </timestep>
    <timestep time="524.00">
        <vehicle id="0" x="601.65" y="380.92" angle="180.00" type="DEFAULT_VEHTYPE" speed="9.90" pos="176.17" lane="3/1to3/2_0" slope="0.00"/>
        <vehicle id="1" x="383.69" y="401.65" angle="-90.00" type="DEFAULT_VEHTYPE" speed="11.62" pos="11.56" lane="2/2to1/2_0" slope="0.00"/>
        <vehicle id="11" x="201.65" y="120.93" angle="180.00" type="DEFAULT_VEHTYPE" speed="13.86" pos="120.93" lane="1/0to1/1_0" slope="0.00"/>
        <vehicle id="12" x="534.99" y="401.65" angle="-90.00" type="DEFAULT_VEHTYPE" speed="13.66" pos="60.26" lane="3/2to2/2_0" slope="0.00"/>
        <vehicle id="14" x="241.06" y="198.35" angle="90.00" type="DEFAULT_VEHTYPE" speed="13.39" pos="36.31" lane="1/1to2/1_0" slope="0.00"/>
        <vehicle id="15" x="398.35" y="347.98" angle="0.00" type="DEFAULT_VEHTYPE" speed="13.56" pos="47.27" lane="2/2to2/1_0" slope="0.00"/>
        <vehicle id="16" x="725.34" y="198.35" angle="90.00" type="DEFAULT_VEHTYPE" speed="13.59" pos="120.59" lane="3/1to4/1_0" slope="0.00"/>
        <vehicle id="17" x="243.12" y="398.35" angle="90.00" type="DEFAULT_VEHTYPE" speed="13.26" pos="38.37" lane="1/2to2/2_0" slope="0.00"/>
        <vehicle id="18" x="198.35" y="293.14" angle="0.00" type="DEFAULT_VEHTYPE" speed="13.70" pos="102.11" lane="1/2to1/1_0" slope="0.00"/>
        <vehicle id="19" x="134.91" y="198.35" angle="90.00" type="DEFAULT_VEHTYPE" speed="13.46" pos="134.91" lane="0/1to1/1_0" slope="0.00"/>
        <vehicle id="2" x="507.84" y="198.35" angle="90.00" type="DEFAULT_VEHTYPE" speed="13.32" pos="103.09" lane="2/1to3/1_0" slope="0.00"/>
        <vehicle id="20" x="604.45" y="198.35" angle="90.00" type="DEFAULT_VEHTYPE" speed="8.79" pos="9.20" lane=":3/1_13_0" slope="0.00"/>
        <vehicle id="21" x="401.99" y="198.35" angle="90.00" type="DEFAULT_VEHTYPE" speed="6.75" pos="6.74" lane=":2/1_13_0" slope="0.00"/>
        <vehicle id="22" x="201.65" y="57.19" angle="180.00" type="DEFAULT_VEHTYPE" speed="13.45" pos="57.19" lane="1/0to1/1_0" slope="0.00"/>
        <vehicle id="23" x="5.21" y="201.65" angle="-90.00" type="DEFAULT_VEHTYPE" speed="12.71" pos="190.04" lane="1/1to0/1_0" slope="0.00"/>
        <vehicle id="24" x="373.70" y="198.35" angle="90.00" type="DEFAULT_VEHTYPE" speed="12.50" pos="168.95" lane="1/1to2/1_0" slope="0.00"/>
        <vehicle id="3" x="675.04" y="201.65" angle="-90.00" type="DEFAULT_VEHTYPE" speed="13.07" pos="124.96" lane="4/1to3/1_0" slope="0.00"/>
        <vehicle id="4" x="411.78" y="401.65" angle="-90.00" type="DEFAULT_VEHTYPE" speed="4.49" pos="183.47" lane="3/2to2/2_0" slope="0.00"/>
        <vehicle id="5" x="205.64" y="201.65" angle="-90.00" type="DEFAULT_VEHTYPE" speed="4.53" pos="189.61" lane="2/1to1/1_0" slope="0.00"/>
        <vehicle id="6" x="546.44" y="198.35" angle="90.00" type="DEFAULT_VEHTYPE" speed="12.69" pos="141.69" lane="2/1to3/1_0" slope="0.00"/>
        <vehicle id="7" x="398.35" y="417.92" angle="0.00" type="DEFAULT_VEHTYPE" speed="13.26" pos="177.33" lane="2/3to2/2_0" slope="0.00"/>
        <vehicle id="8" x="781.66" y="201.65" angle="-90.00" type="DEFAULT_VEHTYPE" speed="13.57" pos="18.34" lane="4/1to3/1_0" slope="0.00"/>
        <vehicle id="9" x="398.35" y="126.48" angle="0.00" type="DEFAULT_VEHTYPE" speed="12.72" pos="68.77" lane="2/1to2/0_0" slope="0.00"/>
    </timestep>
    <timestep time="525.00">
        <vehicle id="0" x="601.65" y="387.23" angle="180.00" type="DEFAULT_VEHTYPE" speed="6.30" pos="182.48" lane="3/1to3/2_0" slope="0.00"/>
        <vehicle id="1" x="370.17" y="401.65" angle="-90.00" type="DEFAULT_VEHTYPE" speed="13.52" pos="25.08" lane="2/2to1/2_0" slope="0.00"/>
        <vehicle id="11" x="201.65" y="133.89" angle="180.00" type="DEFAULT_VEHTYPE" speed="12.96" pos="133.89" lane="1/0to1/1_0" slope="0.00"/>
        <vehicle id="12" x="522.08" y="401.65" angle="-90.00" type="DEFAULT_VEHTYPE" speed="12.91" pos="73.17" lane="3/2to2/2_0" slope="0.00"/>
        <vehicle id="14" x="254.29" y="198.35" angle="90.00" type="DEFAULT_VEHTYPE" speed="13.22" pos="49.54" lane="1/1to2/1_0" slope="0.00"/>
        <vehicle id="15" x="398.35" y="335.08" angle="0.00" type="DEFAULT_VEHTYPE" speed="12.90" pos="60.17" lane="2/2to2/1_0" slope="0.00"/>
        <vehicle id="16" x="738.08" y="198.35" angle="90.00" type="DEFAULT_VEHTYPE" speed="12.74" pos="133.33" lane="3/1to4/1_0" slope="0.00"/>
        <vehicle id="17" x="256.72" y="398.35" angle="90.00" type="DEFAULT_VEHTYPE" speed="13.60" pos="51.97" lane="1/2to2/2_0" slope="0.00"/>
        <vehicle id="18" x="198.35" y="279.61" angle="0.00" type="DEFAULT_VEHTYPE" speed="13.53" pos="115.64" lane="1/2to1/1_0" slope="0.00"/>
        <vehicle id="19" x="148.62" y="198.35" angle="90.00" type="DEFAULT_VEHTYPE" speed="13.71" pos="148.62" lane="0/1to1/1_0" slope="0.00"/>
        <vehicle id="2" x="520.47" y="198.35" angle="90.00" type="DEFAULT_VEHTYPE" speed="12.63" pos="115.72" lane="2/1to3/1_0" slope="0.00"/>
        <vehicle id="20" x="614.77" y="198.35" angle="90.00" type="DEFAULT_VEHTYPE" speed="10.32" pos="10.02" lane="3/1to4/1_0" slope="0.00"/>
        <vehicle id="21" x="410.06" y="198.35" angle="90.00" type="DEFAULT_VEHTYPE" speed="8.07" pos="5.31" lane="2/1to3/1_0" slope="0.00"/>
        <vehicle id="22" x="201.65" y="69.94" angle="180.00" type="DEFAULT_VEHTYPE" speed="12.76" pos="69.94" lane="1/0to1/1_0" slope="0.00"/>
        <vehicle id="23" x="3.25" y="198.35" angle="76.97" type="DEFAULT_VEHTYPE" speed="13.28" pos="3.25" lane="0/1to1/1_0" slope="0.00"/>
        <vehicle id="24" x="382.90" y="198.35" angle="90.00" type="DEFAULT_VEHTYPE" speed="9.20" pos="178.15" lane="1/1to2/1_0" slope="0.00"/>
        <vehicle id="3" x="662.23" y="201.65" angle="-90.00" type="DEFAULT_VEHTYPE" speed="12.80" pos="137.77" lane="4/1to3/1_0" slope="0.00"/>
        <vehicle id="4" x="409.48" y="401.65" angle="-90.00" type="DEFAULT_VEHTYPE" speed="2.29" pos="185.77" lane="3/2to2/2_0" slope="0.00"/>
        <vehicle id="5" x="201.65" y="204.80" angle="-135.94" type="DEFAULT_VEHTYPE" speed="5.94" pos="0.05" lane="1/1to1/2_0" slope="0.00"/>
        <vehicle id="6" x="560.16" y="198.35" angle="90.00" type="DEFAULT_VEHTYPE" speed="13.72" pos="155.41" lane="2/1to3/1_0" slope="0.00"/>
        <vehicle id="7" x="398.35" y="405.31" angle="0.00" type="DEFAULT_VEHTYPE" speed="12.60" pos="189.94" lane="2/3to2/2_0" slope="0.00"/>
        <vehicle id="8" x="768.38" y="201.65" angle="-90.00" type="DEFAULT_VEHTYPE" speed="13.29" pos="31.62" lane="4/1to3/1_0" slope="0.00"/>
        <vehicle id="9" x="398.35" y="112.63" angle="0.00" type="DEFAULT_VEHTYPE" speed="13.85" pos="82.62" lane="2/1to2/0_0" slope="0.00"/>
    </timestep>
    <timestep time="526.00">
        <vehicle id="0" x="601.65" y="390.18" angle="180.00" type="DEFAULT_VEHTYPE" speed="2.95" pos="185.43" lane="3/1to3/2_0" slope="0.00"/>
        <vehicle id="1" x="357.40" y="401.65" angle="-90.00" type="DEFAULT_VEHTYPE" speed="12.77" pos="37.85" lane="2/2to1/2_0" slope="0.00"/>
        <vehicle id="11" x="201.65" y="146.77" angle="180.00" type="DEFAULT_VEHTYPE" speed="12.88" pos="146.77" lane="1/0to1/1_0" slope="0.00"/>
        <vehicle id="12" x="509.32" y="401.65" angle="-90.00" type="DEFAULT_VEHTYPE" speed="12.76" pos="85.93" lane="3/2to2/2_0" slope="0.00"/>
        <vehicle id="14" x="267.45" y="198.35" angle="90.00" type="DEFAULT_VEHTYPE" speed="13.16" pos="62.70" lane="1/1to2/1_0" slope="0.00"/>
        <vehicle id="15" x="398.35" y="321.48" angle="0.00" type="DEFAULT_VEHTYPE" speed="13.60" pos="73.77" lane="2/2to2/1_0" slope="0.00"/>
        <vehicle id="16" x="751.46" y="198.35" angle="90.00" type="DEFAULT_VEHTYPE" speed="13.37" pos="146.71" lane="3/1to4/1_0" slope="0.00"/>
        <vehicle id="17" x="270.55" y="398.35" angle="90.00" type="DEFAULT_VEHTYPE" speed="13.83" pos="65.80" lane="1/2to2/2_0" slope="0.00"/>
        <vehicle id="18" x="198.35" y="266.70" angle="0.00" type="DEFAULT_VEHTYPE" speed="12.91" pos="128.55" lane="1/2to1/1_0" slope="0.00"/>
        <vehicle id="19" x="162.21" y="198.35" angle="90.00" type="DEFAULT_VEHTYPE" speed="13.58" pos="162.21" lane="0/1to1/1_0" slope="0.00"/>
        <vehicle id="2" x="533.23" y="198.35" angle="90.00" type="DEFAULT_VEHTYPE" speed="12.76" pos="128.48" lane="2/1to3/1_0" slope="0.00"/>
        <vehicle id="20" x="626.48" y="198.35" angle="90.00" type="DEFAULT_VEHTYPE" speed="11.71" pos="21.73" lane="3/1to4/1_0" slope="0.00"/>
        <vehicle id="21" x="420.57" y="198.35" angle="90.00" type="DEFAULT_VEHTYPE" speed="10.51" pos="15.82" lane="2/1to3/1_0" slope="0.00"/>
        <vehicle id="22" x="201.65" y="82.98" angle="180.00" type="DEFAULT_VEHTYPE" speed="13.03" pos="82.98" lane="1/0to1/1_0" slope="0.00"/>
        <vehicle id="23" x="16.67" y="198.35" angle="90.00" type="DEFAULT_VEHTYPE" speed="13.42" pos="16.67" lane="0/1to1/1_0" slope="0.00"/>
        <vehicle id="24" x="388.62" y="198.35" angle="90.00" type="DEFAULT_VEHTYPE" speed="5.71" pos="183.87" lane="1/1to2/1_0" slope="0.00"/>
        <vehicle id="3" x="649.52" y="201.65" angle="-90.00" type="DEFAULT_VEHTYPE" speed="12.71" pos="150.48" lane="4/1to3/1_0" slope="0.00"/>
        <vehicle id="4" x="404.90" y="401.65" angle="-90.00" type="DEFAULT_VEHTYPE" speed="4.58" pos="190.35" lane="3/2to2/2_0" slope="0.00"/>
        <vehicle id="5" x="201.65" y="212.87" angle="180.00" type="DEFAULT_VEHTYPE" speed="8.06" pos="8.12" lane="1/1to1/2_0" slope="0.00"/>
        <vehicle id="6" x="572.50" y="198.35" angle="90.00" type="DEFAULT_VEHTYPE" speed="12.34" pos="167.75" lane="2/1to3/1_0" slope="0.00"/>
        <vehicle id="7" x="387.70" y="401.65" angle="-90.00" type="DEFAULT_VEHTYPE" speed="13.12" pos="7.55" lane="2/2to1/2_0" slope="0.00"/>
        <vehicle id="8" x="754.63" y="201.65" angle="-90.00" type="DEFAULT_VEHTYPE" speed="13.74" pos="45.37" lane="4/1to3/1_0" slope="0.00"/>
        <vehicle id="9" x="398.35" y="99.00" angle="0.00" type="DEFAULT_VEHTYPE" speed="13.62" pos="96.25" lane="2/1to2/0_0" slope="0.00"/>
    </timestep>
    <timestep time="527.00">
        <vehicle id="0" x="601.65" y="394.56" angle="180.00" type="DEFAULT_VEHTYPE" speed="4.38" pos="189.81" lane="3/1to3/2_0" slope="0.00"/>
        <vehicle id="1" x="344.35" y="401.65" angle="-90.00" type="DEFAULT_VEHTYPE" speed="13.05" pos="50.90" lane="2/2to1/2_0" slope="0.00"/>
        <vehicle id="11" x="201.65" y="159.76" angle="180.00" type="DEFAULT_VEHTYPE" speed="12.99" pos="159.76" lane="1/0to1/1_0" slope="0.00"/>
        <vehicle id="12" x="495.47" y="401.65" angle="-90.00" type="DEFAULT_VEHTYPE" speed="13.85" pos="99.78" lane="3/2to2/2_0" slope="0.00"/>
        <vehicle id="14" x="280.59" y="198.35" angle="90.00" type="DEFAULT_VEHTYPE" speed="13.14" pos="75.84" lane="1/1to2/1_0" slope="0.00"/>
        <vehicle id="15" x="398.35" y="307.81" angle="0.00" type="DEFAULT_VEHTYPE" speed="13.67" pos="87.44" lane="2/2to2/1_0" slope="0.00"/>
        <vehicle id="16" x="765.08" y="198.35" angle="90.00" type="DEFAULT_VEHTYPE" speed="13.62" pos="160.33" lane="3/1to4/1_0" slope="0.00"/>
        <vehicle id="17" x="284.30" y="398.35" angle="90.00" type="DEFAULT_VEHTYPE" speed="13.75" pos="79.55" lane="1/2to2/2_0" slope="0.00"/>
        <vehicle id="18" x="198.35" y="254.00" angle="0.00" type="DEFAULT_VEHTYPE" speed="12.69" pos="141.25" lane="1/2to1/1_0" slope="0.00"/>
        <vehicle id="19" x="174.56" y="198.35" angle="90.00" type="DEFAULT_VEHTYPE" speed="12.36" pos="174.56" lane="0/1to1/1_0" slope="0.00"/>
        <vehicle id="2" x="546.12" y="198.35" angle="90.00" type="DEFAULT_VEHTYPE" speed="12.88" pos="141.37" lane="2/1to3/1_0" slope="0.00"/>
        <vehicle id="20" x="639.91" y="198.35" angle="90.00" type="DEFAULT_VEHTYPE" speed="13.43" pos="35.16" lane="3/1to4/1_0" slope="0.00"/>
        <vehicle id="21" x="433.50" y="198.35" angle="90.00" type="DEFAULT_VEHTYPE" speed="12.93" pos="28.75" lane="2/1to3/1_0" slope="0.00"/>
        <vehicle id="22" x="201.65" y="96.39" angle="180.00" type="DEFAULT_VEHTYPE" speed="13.41" pos="96.39" lane="1/0to1/1_0" slope="0.00"/>
        <vehicle id="23" x="29.98" y="198.35" angle="90.00" type="DEFAULT_VEHTYPE" speed="13.31" pos="29.98" lane="0/1to1/1_0" slope="0.00"/>
        <vehicle id="24" x="396.41" y="198.35" angle="90.00" type="DEFAULT_VEHTYPE" speed="7.79" pos="1.16" lane=":2/1_13_0" slope="0.00"/>
        <vehicle id="3" x="636.01" y="201.65" angle="-90.00" type="DEFAULT_VEHTYPE" speed="13.51" pos="163.99" lane="4/1to3/1_0" slope="0.00"/>
        <vehicle id="4" x="399.04" y="398.54" angle="-53.23" type="DEFAULT_VEHTYPE" speed="7.08" pos="6.93" lane=":2/2_6_0" slope="0.00"/>
        <vehicle id="5" x="201.65" y="222.77" angle="180.00" type="DEFAULT_VEHTYPE" speed="9.91" pos="18.02" lane="1/1to1/2_0" slope="0.00"/>
        <vehicle id="6" x="581.09" y="198.35" angle="90.00" type="DEFAULT_VEHTYPE" speed="8.59" pos="176.34" lane="2/1to3/1_0" slope="0.00"/>
        <vehicle id="7" x="374.34" y="401.65" angle="-90.00" type="DEFAULT_VEHTYPE" speed="13.36" pos="20.91" lane="2/2to1/2_0" slope="0.00"/>
        <vehicle id="8" x="741.52" y="201.65" angle="-90.00" type="DEFAULT_VEHTYPE" speed="13.11" pos="58.48" lane="4/1to3/1_0" slope="0.00"/>
        <vehicle id="9" x="398.35" y="86.00" angle="0.00" type="DEFAULT_VEHTYPE" speed="13.00" pos="109.25" lane="2/1to2/0_0" slope="0.00"/>
    </timestep>
    <timestep time="528.00">
        <vehicle id="0" x="599.53" y="400.36" angle="-155.26" type="DEFAULT_VEHTYPE" speed="6.45" pos="5.76" lane=":3/2_10_0" slope="0.00"/>
        <vehicle id="1" x="331.17" y="401.65" angle="-90.00" type="DEFAULT_VEHTYPE" speed="13.19" pos="64.08" lane="2/2to1/2_0" slope="0.00"/>
        <vehicle id="11" x="201.65" y="173.65" angle="180.00" type="DEFAULT_VEHTYPE" speed="13.88" pos="173.65" lane="1/0to1/1_0" slope="0.00"/>
        <vehicle id="12" x="481.59" y="401.65" angle="-90.00" type="DEFAULT_VEHTYPE" speed="13.88" pos="113.66" lane="3/2to2/2_0" slope="0.00"/>
        <vehicle id="14" x="294.43" y="198.35" angle="90.00" type="DEFAULT_VEHTYPE" speed="13.84" pos="89.68" lane="1/1to2/1_0" slope="0.00"/>
        <vehicle id="15" x="398.35" y="294.58" angle="0.00" type="DEFAULT_VEHTYPE" speed="13.23" pos="100.67" lane="2/2to2/1_0" slope="0.00"/>
        <vehicle id="16" x="778.37" y="198.35" angle="90.00" type="DEFAULT_VEHTYPE" speed="13.29" pos="173.62" lane="3/1to4/1_0" slope="0.00"/>
        <vehicle id="17" x="297.53" y="398.35" angle="90.00" type="DEFAULT_VEHTYPE" speed="13.23" pos="92.78" lane="1/2to2/2_0" slope="0.00"/>
        <vehicle id="18" x="198.35" y="241.16" angle="0.00" type="DEFAULT_VEHTYPE" speed="12.85" pos="154.09" lane="1/2to1/1_0" slope="0.00"/>
        <vehicle id="19" x="183.47" y="198.35" angle="90.00" type="DEFAULT_VEHTYPE" speed="8.91" pos="183.47" lane="0/1to1/1_0" slope="0.00"/>
        <vehicle id="2" x="559.88" y="198.35" angle="90.00" type="DEFAULT_VEHTYPE" speed="13.76" pos="155.13" lane="2/1to3/1_0" slope="0.00"/>
        <vehicle id="20" x="653.76" y="198.35" angle="90.00" type="DEFAULT_VEHTYPE" speed="13.86" pos="49.01" lane="3/1to4/1_0" slope="0.00"/>
        <vehicle id="21" x="447.16" y="198.35" angle="90.00" type="DEFAULT_VEHTYPE" speed="13.67" pos="42.41" lane="2/1to3/1_0" slope="0.00"/>
        <vehicle id="22" x="201.65" y="110.17" angle="180.00" type="DEFAULT_VEHTYPE" speed="13.78" pos="110.17" lane="1/0to1/1_0" slope="0.00"/>
        <vehicle id="23" x="43.15" y="198.35" angle="90.00" type="DEFAULT_VEHTYPE" speed="13.17" pos="43.15" lane="0/1to1/1_0" slope="0.00"/>
        <vehicle id="24" x="406.11" y="198.35" angle="90.00" type="DEFAULT_VEHTYPE" speed="9.70" pos="1.36" lane="2/1to3/1_0" slope="0.00"/>
        <vehicle id="3" x="623.88" y="201.65" angle="-90.00" type="DEFAULT_VEHTYPE" speed="12.12" pos="176.12" lane="4/1to3/1_0" slope="0.00"/>
        <vehicle id="4" x="398.35" y="389.94" angle="0.00" type="DEFAULT_VEHTYPE" speed="8.70" pos="5.31" lane="2/2to2/1_0" slope="0.00"/>
        <vehicle id="5" x="201.65" y="234.54" angle="180.00" type="DEFAULT_VEHTYPE" speed="11.76" pos="29.79" lane="1/1to1/2_0" slope="0.00"/>
        <vehicle id="6" x="586.77" y="198.35" angle="90.00" type="DEFAULT_VEHTYPE" speed="5.68" pos="182.02" lane="2/1to3/1_0" slope="0.00"/>
        <vehicle id="7" x="361.29" y="401.65" angle="-90.00" type="DEFAULT_VEHTYPE" speed="13.05" pos="33.96" lane="2/2to1/2_0" slope="0.00"/>
        <vehicle id="8" x="728.85" y="201.65" angle="-90.00" type="DEFAULT_VEHTYPE" speed="12.67" pos="71.15" lane="4/1to3/1_0" slope="0.00"/>
        <vehicle id="9" x="398.35" y="73.09" angle="0.00" type="DEFAULT_VEHTYPE" speed="12.91" pos="122.16" lane="2/1to2/0_0" slope="0.00"/>
    </timestep>
    <timestep time="529.00">
        <vehicle id="0" x="590.99" y="401.65" angle="-91.19" type="DEFAULT_VEHTYPE" speed="8.82" pos="4.26" lane="3/2to2/2_0" slope="0.00"/>
        <vehicle id="1" x="318.18" y="401.65" angle="-90.00" type="DEFAULT_VEHTYPE" speed="12.99" pos="77.07" lane="2/2to1/2_0" slope="0.00"/>
        <vehicle id="11" x="201.65" y="186.42" angle="180.00" type="DEFAULT_VEHTYPE" speed="12.77" pos="186.42" lane="1/0to1/1_0" slope="0.00"/>
        <vehicle id="12" x="468.06" y="401.65" angle="-90.00" type="DEFAULT_VEHTYPE" speed="13.53" pos="127.19" lane="3/2to2/2_0" slope="0.00"/>
        <vehicle id="14" x="307.84" y="198.35" angle="90.00" type="DEFAULT_VEHTYPE" speed="13.40" pos="103.09" lane="1/1to2/1_0" slope="0.00"/>
        <vehicle id="15" x="398.35" y="280.84" angle="0.00" type="DEFAULT_VEHTYPE" speed="13.74" pos="114.41" lane="2/2to2/1_0" slope="0.00"/>
        <vehicle id="16" x="791.13" y="198.35" angle="90.00" type="DEFAULT_VEHTYPE" speed="12.76" pos="186.38" lane="3/1to4/1_0" slope="0.00"/>
        <vehicle id="17" x="311.23" y="398.35" angle="90.00" type="DEFAULT_VEHTYPE" speed="13.69" pos="106.48" lane="1/2to2/2_0" slope="0.00"/>
        <vehicle id="18" x="198.35" y="227.47" angle="0.00" type="DEFAULT_VEHTYPE" speed="13.68" pos="167.78" lane="1/2to1/1_0" slope="0.00"/>
        <vehicle id="19" x="188.17" y="198.35" angle="90.00" type="DEFAULT_VEHTYPE" speed="4.69" pos="188.17" lane="0/1to1/1_0" slope="0.00"/>
        <vehicle id="2" x="570.71" y="198.35" angle="90.00" type="DEFAULT_VEHTYPE" speed="10.84" pos="165.96" lane="2/1to3/1_0" slope="0.00"/>
        <vehicle id="20" x="666.58" y="198.35" angle="90.00" type="DEFAULT_VEHTYPE" speed="12.82" pos="61.83" lane="3/1to4/1_0" slope="0.00"/>
        <vehicle id="21" x="460.39" y="198.35" angle="90.00" type="DEFAULT_VEHTYPE" speed="13.22" pos="55.64" lane="2/1to3/1_0" slope="0.00"/>
        <vehicle id="22" x="201.65" y="123.38" angle="180.00" type="DEFAULT_VEHTYPE" speed="13.21" pos="123.38" lane="1/0to1/1_0" slope="0.00"/>
        <vehicle id="23" x="56.42" y="198.35" angle="90.00" type="DEFAULT_VEHTYPE" speed="13.28" pos="56.42" lane="0/1to1/1_0" slope="0.00"/>
        <vehicle id="24" x="417.89" y="198.35" angle="90.00" type="DEFAULT_VEHTYPE" speed="11.78" pos="13.14" lane="2/1to3/1_0" slope="0.00"/>
        <vehicle id="3" x="615.41" y="201.65" angle="-90.00" type="DEFAULT_VEHTYPE" speed="8.47" pos="184.59" lane="4/1to3/1_0" slope="0.00"/>
        <vehicle id="4" x="398.35" y="379.78" angle="0.00" type="DEFAULT_VEHTYPE" speed="10.16" pos="15.47" lane="2/2to2/1_0" slope="0.00"/>
        <vehicle id="5" x="201.65" y="247.39" angle="180.00" type="DEFAULT_VEHTYPE" speed="12.86" pos="42.64" lane="1/1to1/2_0" slope="0.00"/>
        <vehicle id="6" x="589.98" y="198.35" angle="90.00" type="DEFAULT_VEHTYPE" speed="3.21" pos="185.23" lane="2/1to3/1_0" slope="0.00"/>
        <vehicle id="7" x="347.75" y="401.65" angle="-90.00" type="DEFAULT_VEHTYPE" speed="13.54" pos="47.50" lane="2/2to1/2_0" slope="0.00"/>
        <vehicle id="8" x="715.50" y="201.65" angle="-90.00" type="DEFAULT_VEHTYPE" speed="13.35" pos="84.50" lane="4/1to3/1_0" slope="0.00"/>
        <vehicle id="9" x="398.35" y="59.82" angle="0.00" type="DEFAULT_VEHTYPE" speed="13.27" pos="135.43" lane="2/1to2/0_0" slope="0.00"/>
    </timestep>
    <timestep time="530.00">
        <vehicle id="0" x="579.58" y="401.65" angle="-90.00" type="DEFAULT_VEHTYPE" speed="11.41" pos="15.67" lane="3/2to2/2_0" slope="0.00"/>
        <vehicle id="1" x="305.03" y="401.65" angle="-90.00" type="DEFAULT_VEHTYPE" speed="13.15" pos="90.22" lane="2/2to1/2_0" slope="0.00"/>
        <vehicle id="11" x="203.59" y="198.19" angle="154.68" type="DEFAULT_VEHTYPE" speed="12.67" pos="3.83" lane=":1/1_8_0" slope="0.00"/>
        <vehicle id="12" x="455.05" y="401.65" angle="-90.00" type="DEFAULT_VEHTYPE" speed="13.01" pos="140.20" lane="3/2to2/2_0" slope="0.00"/>
        <vehicle id="14" x="321.65" y="198.35" angle="90.00" type="DEFAULT_VEHTYPE" speed="13.81" pos="116.90" lane="1/1to2/1_0" slope="0.00"/>
        <vehicle id="15" x="398.35" y="267.51" angle="0.00" type="DEFAULT_VEHTYPE" speed="13.33" pos="127.74" lane="2/2to2/1_0" slope="0.00"/>
        <vehicle id="16" x="800.44" y="201.35" angle="158.96" type="DEFAULT_VEHTYPE" speed="13.15" pos="4.29" lane=":4/1_0_0" slope="0.00"/>
        <vehicle id="17" x="324.07" y="398.35" angle="90.00" type="DEFAULT_VEHTYPE" speed="12.84" pos="119.32" lane="1/2to2/2_0" slope="0.00"/>
        <vehicle id="18" x="198.35" y="213.60" angle="0.00" type="DEFAULT_VEHTYPE" speed="13.87" pos="181.65" lane="1/2to1/1_0" slope="0.00"/>
        <vehicle id="19" x="190.26" y="198.35" angle="90.00" type="DEFAULT_VEHTYPE" speed="2.09" pos="190.26" lane="0/1to1/1_0" slope="0.00"/>
        <vehicle id="2" x="577.05" y="198.35" angle="90.00" type="DEFAULT_VEHTYPE" speed="6.34" pos="172.30" lane="2/1to3/1_0" slope="0.00"/>
        <vehicle id="20" x="679.83" y="198.35" angle="90.00" type="DEFAULT_VEHTYPE" speed="13.25" pos="75.08" lane="3/1to4/1_0" slope="0.00"/>
        <vehicle id="21" x="474.26" y="198.35" angle="90.00" type="DEFAULT_VEHTYPE" speed="13.88" pos="69.51" lane="2/1to3/1_0" slope="0.00"/>
        <vehicle id="22" x="201.65" y="136.46" angle="180.00" type="DEFAULT_VEHTYPE" speed="13.08" pos="136.46" lane="1/0to1/1_0" slope="0.00"/>
        <vehicle id="23" x="70.24" y="198.35" angle="90.00" type="DEFAULT_VEHTYPE" speed="13.82" pos="70.24" lane="0/1to1/1_0" slope="0.00"/>
        <vehicle id="24" x="430.62" y="198.35" angle="90.00" type="DEFAULT_VEHTYPE" speed="12.73" pos="25.87" lane="2/1to3/1_0" slope="0.00"/>
        <vehicle id="3" x="611.24" y="201.65" angle="-90.00" type="DEFAULT_VEHTYPE" speed="4.17" pos="188.76" lane="4/1to3/1_0" slope="0.00"/>
        <vehicle id="4" x="398.35" y="367.25" angle="0.00" type="DEFAULT_VEHTYPE" speed="12.53" pos="28.00" lane="2/2to2/1_0" slope="0.00"/>
        <vehicle id="5" x="201.65" y="260.58" angle="180.00" type="DEFAULT_VEHTYPE" speed="13.18" pos="55.83" lane="1/1to1/2_0" slope="0.00"/>
        <vehicle id="6" x="591.60" y="198.35" angle="90.00" type="DEFAULT_VEHTYPE" speed="1.62" pos="186.85" lane="2/1to3/1_0" slope="0.00"/>
        <vehicle id="7" x="334.94" y="401.65" angle="-90.00" type="DEFAULT_VEHTYPE" speed="12.81" pos="60.31" lane="2/2to1/2_0" slope="0.00"/>
        <vehicle id="8" x="701.96" y="201.65" angle="-90.00" type="DEFAULT_VEHTYPE" speed="13.54" pos="98.04" lane="4/1to3/1_0" slope="0.00"/>
        <vehicle id="9" x="398.35" y="45.98" angle="0.00" type="DEFAULT_VEHTYPE" speed="13.84" pos="149.27" lane="2/1to2/0_0" slope="0.00"/>
    </timestep>
    <timestep time="531.00">
        <vehicle id="0" x="565.68" y="401.65" angle="-90.00" type="DEFAULT_VEHTYPE" speed="13.90" pos="29.57" lane="3/2to2/2_0" slope="0.00"/>
        <vehicle id="1" x="291.66" y="401.65" angle="-90.00" type="DEFAULT_VEHTYPE" speed="13.38" pos="103.59" lane="2/2to1/2_0" slope="0.00"/>
        <vehicle id="11" x="217.24" y="198.35" angle="90.00" type="DEFAULT_VEHTYPE" speed="13.65" pos="12.49" lane="1/1to2/1_0" slope="0.00"/>
        <vehicle id="12" x="441.70" y="401.65" angle="-90.00" type="DEFAULT_VEHTYPE" speed="13.35" pos="153.55" lane="3/2to2/2_0" slope="0.00"/>
        <vehicle id="14" x="334.38" y="198.35" angle="90.00" type="DEFAULT_VEHTYPE" speed="12.73" pos="129.63" lane="1/1to2/1_0" slope="0.00"/>
        <vehicle id="15" x="398.35" y="254.72" angle="0.00" type="DEFAULT_VEHTYPE" speed="12.79" pos="140.53" lane="2/2to2/1_0" slope="0.00"/>
        <vehicle id="16" x="787.09" y="201.65" angle="-90.00" type="DEFAULT_VEHTYPE" speed="13.45" pos="12.91" lane="4/1to3/1_0" slope="0.00"/>
        <vehicle id="17" x="337.67" y="398.35" angle="90.00" type="DEFAULT_VEHTYPE" speed="13.59" pos="132.92" lane="1/2to2/2_0" slope="0.00"/>
        <vehicle id="18" x="196.32" y="201.80" angle="-26.76" type="DEFAULT_VEHTYPE" speed="12.77" pos="3.92" lane=":1/1_0_0" slope="0.00"/>
        <vehicle id="19" x="194.20" y="198.35" angle="90.00" type="DEFAULT_VEHTYPE" speed="3.95" pos="194.20" lane="0/1to1/1_0" slope="0.00"/>
        <vehicle id="2" x="580.56" y="198.35" angle="90.00" type="DEFAULT_VEHTYPE" speed="3.50" pos="175.81" lane="2/1to3/1_0" slope="0.00"/>
        <vehicle id="20" x="692.90" y="198.35" angle="90.00" type="DEFAULT_VEHTYPE" speed="13.07" pos="88.15" lane="3/1to4/1_0" slope="0.00"/>
        <vehicle id="21" x="487.38" y="198.35" angle="90.00" type="DEFAULT_VEHTYPE" speed="13.12" pos="82.63" lane="2/1to3/1_0" slope="0.00"/>
        <vehicle id="22" x="201.65" y="149.53" angle="180.00" type="DEFAULT_VEHTYPE" speed="13.06" pos="149.53" lane="1/0to1/1_0" slope="0.00"/>
        <vehicle id="23" x="83.77" y="198.35" angle="90.00" type="DEFAULT_VEHTYPE" speed="13.53" pos="83.77" lane="0/1to1/1_0" slope="0.00"/>
        <vehicle id="24" x="444.12" y="198.35" angle="90.00" type="DEFAULT_VEHTYPE" speed="13.50" pos="39.37" lane="2/1to3/1_0" slope="0.00"/>
        <vehicle id="3" x="605.61" y="201.65" angle="-90.00" type="DEFAULT_VEHTYPE" speed="5.63" pos="194.39" lane="4/1to3/1_0" slope="0.00"/>
        <vehicle id="4" x="398.35" y="353.68" angle="0.00" type="DEFAULT_VEHTYPE" speed="13.56" pos="41.57" lane="2/2to2/1_0" slope="0.00"/>
        <vehicle id="5" x="201.65" y="274.22" angle="180.00" type="DEFAULT_VEHTYPE" speed="13.64" pos="69.47" lane="1/1to1/2_0" slope="0.00"/>
        <vehicle id="6" x="592.56" y="198.35" angle="90.00" type="DEFAULT_VEHTYPE" speed="0.96" pos="187.81" lane="2/1to3/1_0" slope="0.00"/>
        <vehicle id="7" x="322.11" y="401.65" angle="-90.00" type="DEFAULT_VEHTYPE" speed="12.83" pos="73.14" lane="2/2to1/2_0" slope="0.00"/>
        <vehicle id="8" x="688.86" y="201.65" angle="-90.00" type="DEFAULT_VEHTYPE" speed="13.10" pos="111.14" lane="4/1to3/1_0" slope="0.00"/>
        <vehicle id="9" x="398.35" y="32.91" angle="0.00" type="DEFAULT_VEHTYPE" speed="13.07" pos="162.34" lane="2/1to2/0_0" slope="0.00"/>
    </timestep>
    <timestep time="532.00">
        <vehicle id="0" x="553.07" y="401.65" angle="-90.00" type="DEFAULT_VEHTYPE" speed="12.61" pos="42.18" lane="3/2to2/2_0" slope="0.00"/>
        <vehicle id="1" x="277.84" y="401.65" angle="-90.00" type="DEFAULT_VEHTYPE" speed="13.82" pos="117.41" lane="2/2to1/2_0" slope="0.00"/>
        <vehicle id="11" x="230.41" y="198.35" angle="90.00" type="DEFAULT_VEHTYPE" speed="13.17" pos="25.66" lane="1/1to2/1_0" slope="0.00"/>
        <vehicle id="12" x="429.02" y="401.65" angle="-90.00" type="DEFAULT_VEHTYPE" speed="12.68" pos="166.23" lane="3/2to2/2_0" slope="0.00"/>
        <vehicle id="14" x="347.07" y="198.35" angle="90.00" type="DEFAULT_VEHTYPE" speed="12.68" pos="142.32" lane="1/1to2/1_0" slope="0.00"/>
        <vehicle id="15" x="398.35" y="241.11" angle="0.00" type="DEFAULT_VEHTYPE" speed="13.61" pos="154.14" lane="2/2to2/1_0" slope="0.00"/>
        <vehicle id="16" x="773.99" y="201.65" angle="-90.00" type="DEFAULT_VEHTYPE" speed="13.10" pos="26.01" lane="4/1to3/1_0" slope="0.00"/>
        <vehicle id="17" x="351.33" y="398.35" angle="90.00" type="DEFAULT_VEHTYPE" speed="13.66" pos="146.58" lane="1/2to2/2_0" slope="0.00"/>
        <vehicle id="18" x="182.94" y="201.65" angle="-90.00" type="DEFAULT_VEHTYPE" speed="13.39" pos="12.31" lane="1/1to0/1_0" slope="0.00"/>
        <vehicle id="19" x="198.27" y="195.83" angle="55.08" type="DEFAULT_VEHTYPE" speed="5.46" pos="4.41" lane=":1/1_12_0" slope="0.00"/>
        <vehicle id="2" x="583.83" y="198.35" angle="90.00" type="DEFAULT_VEHTYPE" speed="3.28" pos="179.08" lane="2/1to3/1_0" slope="0.00"/>
        <vehicle id="20" x="705.76" y="198.35" angle="90.00" type="DEFAULT_VEHTYPE" speed="12.86" pos="101.01" lane="3/1to4/1_0" slope="0.00"/>
        <vehicle id="21" x="500.42" y="198.35" angle="90.00" type="DEFAULT_VEHTYPE" speed="13.03" pos="95.67" lane="2/1to3/1_0" slope="0.00"/>
        <vehicle id="22" x="201.65" y="163.24" angle="180.00" type="DEFAULT_VEHTYPE" speed="13.72" pos="163.24" lane="1/0to1/1_0" slope="0.00"/>
        <vehicle id="23" x="97.24" y="198.35" angle="90.00" type="DEFAULT_VEHTYPE" speed="13.47" pos="97.24" lane="0/1to1/1_0" slope="0.00"/>
        <vehicle id="24" x="457.92" y="198.35" angle="90.00" type="DEFAULT_VEHTYPE" speed="13.80" pos="53.17" lane="2/1to3/1_0" slope="0.00"/>
        <vehicle id="3" x="601.65" y="205.83" angle="-153.22" type="DEFAULT_VEHTYPE" speed="6.94" pos="1.08" lane="3/1to3/2_0" slope="0.00"/>
        <vehicle id="4" x="398.35" y="339.91" angle="0.00" type="DEFAULT_VEHTYPE" speed="13.77" pos="55.34" lane="2/2to2/1_0" slope="0.00"/>
        <vehicle id="5" x="201.65" y="287.33" angle="180.00" type="DEFAULT_VEHTYPE" speed="13.12" pos="82.58" lane="1/1to1/2_0" slope="0.00"/>
        <vehicle id="6" x="592.73" y="198.35" angle="90.00" type="DEFAULT_VEHTYPE" speed="0.17" pos="187.98" lane="2/1to3/1_0" slope="0.00"/>
        <vehicle id="7" x="308.93" y="401.65" angle="-90.00" type="DEFAULT_VEHTYPE" speed="13.18" pos="86.32" lane="2/2to1/2_0" slope="0.00"/>
        <vehicle id="8" x="675.54" y="201.65" angle="-90.00" type="DEFAULT_VEHTYPE" speed="13.32" pos="124.46" lane="4/1to3/1_0" slope="0.00"/>
        <vehicle id="9" x="398.35" y="19.26" angle="0.00" type="DEFAULT_VEHTYPE" speed="13.65" pos="175.99" lane="2/1to2/0_0" slope="0.00"/>
    </timestep>
    <timestep time="533.00">
        <vehicle id="0" x="539.98" y="401.65" angle="-90.00" type="DEFAULT_VEHTYPE" speed="13.10" pos="55.27" lane="3/2to2/2_0" slope="0.00"/>
        <vehicle id="1" x="264.94" y="401.65" angle="-90.00" type="DEFAULT_VEHTYPE" speed="12.90" pos="130.31" lane="2/2to1/2_0" slope="0.00"/>
        <vehicle id="11" x="243.94" y="198.35" angle="90.00" type="DEFAULT_VEHTYPE" speed="13.54" pos="39.19" lane="1/1to2/1_0" slope="0.00"/>
        <vehicle id="12" x="419.45" y="401.65" angle="-90.00" type="DEFAULT_VEHTYPE" speed="9.57" pos="175.80" lane="3/2to2/2_0" slope="0.00"/>
        <vehicle id="14" x="360.07" y="198.35" angle="90.00" type="DEFAULT_VEHTYPE" speed="13.01" pos="155.32" lane="1/1to2/1_0" slope="0.00"/>
        <vehicle id="15" x="398.35" y="227.87" angle="0.00" type="DEFAULT_VEHTYPE" speed="13.24" pos="167.38" lane="2/2to2/1_0" slope="0.00"/>
        <vehicle id="16" x="760.29" y="201.65" angle="-90.00" type="DEFAULT_VEHTYPE" speed="13.69" pos="39.71" lane="4/1to3/1_0" slope="0.00"/>
        <vehicle id="17" x="364.10" y="398.35" angle="90.00" type="DEFAULT_VEHTYPE" speed="12.77" pos="159.35" lane="1/2to2/2_0" slope="0.00"/>
        <vehicle id="18" x="169.44" y="201.65" angle="-90.00" type="DEFAULT_VEHTYPE" speed="13.50" pos="25.81" lane="1/1to0/1_0" slope="0.00"/>
        <vehicle id="19" x="198.35" y="188.56" angle="0.00" type="DEFAULT_VEHTYPE" speed="7.27" pos="6.69" lane="1/1to1/0_0" slope="0.00"/>
        <vehicle id="2" x="584.49" y="198.35" angle="90.00" type="DEFAULT_VEHTYPE" speed="0.65" pos="179.74" lane="2/1to3/1_0" slope="0.00"/>
        <vehicle id="20" x="718.71" y="198.35" angle="90.00" type="DEFAULT_VEHTYPE" speed="12.95" pos="113.96" lane="3/1to4/1_0" slope="0.00"/>
        <vehicle id="21" x="513.23" y="198.35" angle="90.00" type="DEFAULT_VEHTYPE" speed="12.81" pos="108.48" lane="2/1to3/1_0" slope="0.00"/>
        <vehicle id="22" x="201.65" y="177.12" angle="180.00" type="DEFAULT_VEHTYPE" speed="13.88" pos="177.12" lane="1/0to1/1_0" slope="0.00"/>
        <vehicle id="23" x="109.95" y="198.35" angle="90.00" type="DEFAULT_VEHTYPE" speed="12.71" pos="109.95" lane="0/1to1/1_0" slope="0.00"/>
        <vehicle id="24" x="471.46" y="198.35" angle="90.00" type="DEFAULT_VEHTYPE" speed="13.55" pos="66.71" lane="2/1to3/1_0" slope="0.00"/>
        <vehicle id="3" x="601.65" y="214.31" angle="180.00" type="DEFAULT_VEHTYPE" speed="8.48" pos="9.56" lane="3/1to3/2_0" slope="0.00"/>
        <vehicle id="4" x="398.35" y="326.87" angle="0.00" type="DEFAULT_VEHTYPE" speed="13.04" pos="68.38" lane="2/2to2/1_0" slope="0.00"/>
        <vehicle id="5" x="201.65" y="300.36" angle="180.00" type="DEFAULT_VEHTYPE" speed="13.03" pos="95.61" lane="1/1to1/2_0" slope="0.00"/>
        <vehicle id="6" x="592.74" y="198.35" angle="90.00" type="DEFAULT_VEHTYPE" speed="0.01" pos="187.99" lane="2/1to3/1_0" slope="0.00"/>
        <vehicle id="7" x="296.03" y="401.65" angle="-90.00" type="DEFAULT_VEHTYPE" speed="12.90" pos="99.22" lane="2/2to1/2_0" slope="0.00"/>
        <vehicle id="8" x="662.76" y="201.65" angle="-90.00" type="DEFAULT_VEHTYPE" speed="12.78" pos="137.24" lane="4/1to3/1_0" slope="0.00"/>
        <vehicle id="9" x="398.35" y="5.67" angle="0.00" type="DEFAULT_VEHTYPE" speed="13.59" pos="189.58" lane="2/1to2/0_0" slope="0.00"/>
    </timestep>
    <timestep time="534.00">
        <vehicle id="0" x="527.32" y="401.65" angle="-90.00" type="DEFAULT_VEHTYPE" speed="12.66" pos="67.93" lane="3/2to2/2_0" slope="0.00"/>
        <vehicle id="1" x="251.95" y="401.65" angle="-90.00" type="DEFAULT_VEHTYPE" speed="12.99" pos="143.30" lane="2/2to1/2_0" slope="0.00"/>
        <vehicle id="11" x="257.48" y="198.35" angle="90.00" type="DEFAULT_VEHTYPE" speed="13.54" pos="52.73" lane="1/1to2/1_0" slope="0.00"/>
        <vehicle id="12" x="413.38" y="401.65" angle="-90.00" type="DEFAULT_VEHTYPE" speed="6.07" pos="181.87" lane="3/2to2/2_0" slope="0.00"/>
        <vehicle id="14" x="372.36" y="198.35" angle="90.00" type="DEFAULT_VEHTYPE" speed="12.29" pos="167.61" lane="1/1to2/1_0" slope="0.00"/>
        <vehicle id="15" x="398.35" y="214.65" angle="0.00" type="DEFAULT_VEHTYPE" speed="13.21" pos="180.60" lane="2/2to2/1_0" slope="0.00"/>
        <vehicle id="16" x="747.30" y="201.65" angle="-90.00" type="DEFAULT_VEHTYPE" speed="12.99" pos="52.70" lane="4/1to3/1_0" slope="0.00"/>
        <vehicle id="17" x="375.37" y="398.35" angle="90.00" type="DEFAULT_VEHTYPE" speed="11.28" pos="170.62" lane="1/2to2/2_0" slope="0.00"/>
        <vehicle id="18" x="155.86" y="201.65" angle="-90.00" type="DEFAULT_VEHTYPE" speed="13.58" pos="39.39" lane="1/1to0/1_0" slope="0.00"/>
        <vehicle id="19" x="198.35" y="179.60" angle="0.00" type="DEFAULT_VEHTYPE" speed="8.96" pos="15.65" lane="1/1to1/0_0" slope="0.00"/>
        <vehicle id="2" x="584.95" y="198.35" angle="90.00" type="DEFAULT_VEHTYPE" speed="0.46" pos="180.20" lane="2/1to3/1_0" slope="0.00"/>
        <vehicle id="20" x="732.00" y="198.35" angle="90.00" type="DEFAULT_VEHTYPE" speed="13.29" pos="127.25" lane="3/1to4/1_0" slope="0.00"/>
        <vehicle id="21" x="526.86" y="198.35" angle="90.00" type="DEFAULT_VEHTYPE" speed="13.63" pos="122.11" lane="2/1to3/1_0" slope="0.00"/>
        <vehicle id="22" x="201.65" y="190.17" angle="180.00" type="DEFAULT_VEHTYPE" speed="13.05" pos="190.17" lane="1/0to1/1_0" slope="0.00"/>
        <vehicle id="23" x="122.78" y="198.35" angle="90.00" type="DEFAULT_VEHTYPE" speed="12.83" pos="122.78" lane="0/1to1/1_0" slope="0.00"/>
        <vehicle id="24" x="484.20" y="198.35" angle="90.00" type="DEFAULT_VEHTYPE" speed="12.73" pos="79.45" lane="2/1to3/1_0" slope="0.00"/>
        <vehicle id="3" x="601.65" y="224.13" angle="180.00" type="DEFAULT_VEHTYPE" speed="9.82" pos="19.38" lane="3/1to3/2_0" slope="0.00"/>
        <vehicle id="4" x="398.35" y="313.58" angle="0.00" type="DEFAULT_VEHTYPE" speed="13.29" pos="81.67" lane="2/2to2/1_0" slope="0.00"/>
        <vehicle id="5" x="201.65" y="313.60" angle="180.00" type="DEFAULT_VEHTYPE" speed="13.24" pos="108.85" lane="1/1to1/2_0" slope="0.00"/>
        <vehicle id="6" x="595.21" y="198.35" angle="90.00" type="DEFAULT_VEHTYPE" speed="2.47" pos="190.46" lane="2/1to3/1_0" slope="0.00"/>
        <vehicle id="7" x="282.96" y="401.65" angle="-90.00" type="DEFAULT_VEHTYPE" speed="13.07" pos="112.29" lane="2/2to1/2_0" slope="0.00"/>
        <vehicle id="8" x="649.33" y="201.65" angle="-90.00" type="DEFAULT_VEHTYPE" speed="13.43" pos="150.67" lane="4/1to3/1_0" slope="0.00"/>
        <vehicle id="9" x="401.65" y="2.34" angle="154.15" type="DEFAULT_VEHTYPE" speed="12.83" pos="2.34" lane="2/0to2/1_0" slope="0.00"/>
    </timestep>
    <timestep time="535.00">
        <vehicle id="0" x="513.85" y="401.65" angle="-90.00" type="DEFAULT_VEHTYPE" speed="13.47" pos="81.40" lane="3/2to2/2_0" slope="0.00"/>
        <vehicle id="1" x="239.05" y="401.65" angle="-90.00" type="DEFAULT_VEHTYPE" speed="12.90" pos="156.20" lane="2/2to1/2_0" slope="0.00"/>
        <vehicle id="11" x="270.95" y="198.35" angle="90.00" type="DEFAULT_VEHTYPE" speed="13.46" pos="66.20" lane="1/1to2/1_0" slope="0.00"/>
        <vehicle id="12" x="410.33" y="401.65" angle="-90.00" type="DEFAULT_VEHTYPE" speed="3.05" pos="184.92" lane="3/2to2/2_0" slope="0.00"/>
        <vehicle id="14" x="381.27" y="198.35" angle="90.00" type="DEFAULT_VEHTYPE" speed="8.91" pos="176.52" lane="1/1to2/1_0" slope="0.00"/>
        <vehicle id="15" x="398.35" y="201.43" angle="0.00" type="DEFAULT_VEHTYPE" speed="13.23" pos="3.32" lane=":2/1_1_0" slope="0.00"/>
        <vehicle id="16" x="733.62" y="201.65" angle="-90.00" type="DEFAULT_VEHTYPE" speed="13.68" pos="66.38" lane="4/1to3/1_0" slope="0.00"/>
        <vehicle id="17" x="383.92" y="398.35" angle="90.00" type="DEFAULT_VEHTYPE" speed="8.54" pos="179.17" lane="1/2to2/2_0" slope="0.00"/>
        <vehicle id="18" x="142.69" y="201.65" angle="-90.00" type="DEFAULT_VEHTYPE" speed="13.17" pos="52.56" lane="1/1to0/1_0" slope="0.00"/>
        <vehicle id="19" x="198.35" y="168.51" angle="0.00" type="DEFAULT_VEHTYPE" speed="11.09" pos="26.74" lane="1/1to1/0_0" slope="0.00"/>
        <vehicle id="2" x="587.01" y="198.35" angle="90.00" type="DEFAULT_VEHTYPE" speed="2.06" pos="182.26" lane="2/1to3/1_0" slope="0.00"/>
        <vehicle id="20" x="744.62" y="198.35" angle="90.00" type="DEFAULT_VEHTYPE" speed="12.62" pos="139.87" lane="3/1to4/1_0" slope="0.00"/>
        <vehicle id="21" x="540.09" y="198.35" angle="90.00" type="DEFAULT_VEHTYPE" speed="13.23" pos="135.34" lane="2/1to3/1_0" slope="0.00"/>
        <vehicle id="22" x="207.56" y="198.35" angle="97.21" type="DEFAULT_VEHTYPE" speed="12.88" pos="2.81" lane="1/1to2/1_0" slope="0.00"/>
        <vehicle id="23" x="136.15" y="198.35" angle="90.00" type="DEFAULT_VEHTYPE" speed="13.38" pos="136.15" lane="0/1to1/1_0" slope="0.00"/>
        <vehicle id="24" x="497.95" y="198.35" angle="90.00" type="DEFAULT_VEHTYPE" speed="13.76" pos="93.20" lane="2/1to3/1_0" slope="0.00"/>
        <vehicle id="3" x="601.65" y="236.45" angle="180.00" type="DEFAULT_VEHTYPE" speed="12.32" pos="31.70" lane="3/1to3/2_0" slope="0.00"/>
        <vehicle id="4" x="398.35" y="300.64" angle="0.00" type="DEFAULT_VEHTYPE" speed="12.93" pos="94.61" lane="2/2to2/1_0" slope="0.00"/>
        <vehicle id="5" x="201.65" y="326.31" angle="180.00" type="DEFAULT_VEHTYPE" speed="12.70" pos="121.56" lane="1/1to1/2_0" slope="0.00"/>
        <vehicle id="6" x="595.21" y="198.35" angle="90.00" type="DEFAULT_VEHTYPE" speed="0.00" pos="190.46" lane="2/1to3/1_0" slope="0.00"/>
        <vehicle id="7" x="269.20" y="401.65" angle="-90.00" type="DEFAULT_VEHTYPE" speed="13.76" pos="126.05" lane="2/2to1/2_0" slope="0.00"/>
        <vehicle id="8" x="636.46" y="201.65" angle="-90.00" type="DEFAULT_VEHTYPE" speed="12.88" pos="163.54" lane="4/1to3/1_0" slope="0.00"/>
        <vehicle id="9" x="401.65" y="15.17" angle="180.00" type="DEFAULT_VEHTYPE" speed="12.83" pos="15.17" lane="2/0to2/1_0" slope="0.00"/>
    </timestep>
    <timestep time="536.00">
        <vehicle id="0" x="501.02" y="401.65" angle="-90.00" type="DEFAULT_VEHTYPE" speed="12.83" pos="94.23" lane="3/2to2/2_0" slope="0.00"/>
        <vehicle id="1" x="227.09" y="401.65" angle="-90.00" type="DEFAULT_VEHTYPE" speed="11.96" pos="168.16" lane="2/2to1/2_0" slope="0.00"/>
        <vehicle id="11" x="284.63" y="198.35" angle="90.00" type="DEFAULT_VEHTYPE" speed="13.68" pos="79.88" lane="1/1to2/1_0" slope="0.00"/>
        <vehicle id="12" x="405.36" y="401.65" angle="-90.00" type="DEFAULT_VEHTYPE" speed="4.97" pos="189.89" lane="3/2to2/2_0" slope="0.00"/>
        <vehicle id="14" x="386.64" y="198.35" angle="90.00" type="DEFAULT_VEHTYPE" speed="5.37" pos="181.89" lane="1/1to2/1_0" slope="0.00"/>
        <vehicle id="15" x="398.35" y="188.58" angle="0.00" type="DEFAULT_VEHTYPE" speed="12.85" pos="6.67" lane="2/1to2/0_0" slope="0.00"/>
        <vehicle id="16" x="720.22" y="201.65" angle="-90.00" type="DEFAULT_VEHTYPE" speed="13.40" pos="79.78" lane="4/1to3/1_0" slope="0.00"/>
        <vehicle id="17" x="389.00" y="398.35" angle="90.00" type="DEFAULT_VEHTYPE" speed="5.09" pos="184.25" lane="1/2to2/2_0" slope="0.00"/>
        <vehicle id="18" x="129.76" y="201.65" angle="-90.00" type="DEFAULT_VEHTYPE" speed="12.93" pos="65.49" lane="1/1to0/1_0" slope="0.00"/>
        <vehicle id="19" x="198.35" y="154.97" angle="0.00" type="DEFAULT_VEHTYPE" speed="13.54" pos="40.28" lane="1/1to1/0_0" slope="0.00"/>
        <vehicle id="2" x="587.58" y="198.35" angle="90.00" type="DEFAULT_VEHTYPE" speed="0.57" pos="182.83" lane="2/1to3/1_0" slope="0.00"/>
        <vehicle id="20" x="757.54" y="198.35" angle="90.00" type="DEFAULT_VEHTYPE" speed="12.92" pos="152.79" lane="3/1to4/1_0" slope="0.00"/>
        <vehicle id="21" x="553.07" y="198.35" angle="90.00" type="DEFAULT_VEHTYPE" speed="12.98" pos="148.32" lane="2/1to3/1_0" slope="0.00"/>
        <vehicle id="22" x="221.29" y="198.35" angle="90.00" type="DEFAULT_VEHTYPE" speed="13.74" pos="16.54" lane="1/1to2/1_0" slope="0.00"/>
        <vehicle id="23" x="149.45" y="198.35" angle="90.00" type="DEFAULT_VEHTYPE" speed="13.29" pos="149.45" lane="0/1to1/1_0" slope="0.00"/>
        <vehicle id="24" x="511.03" y="198.35" angle="90.00" type="DEFAULT_VEHTYPE" speed="13.07" pos="106.28" lane="2/1to3/1_0" slope="0.00"/>
        <vehicle id="3" x="601.65" y="250.15" angle="180.00" type="DEFAULT_VEHTYPE" speed="13.70" pos="45.40" lane="3/1to3/2_0" slope="0.00"/>
        <vehicle id="4" x="398.35" y="287.98" angle="0.00" type="DEFAULT_VEHTYPE" speed="12.66" pos="107.27" lane="2/2to2/1_0" slope="0.00"/>
        <vehicle id="5" x="201.65" y="339.64" angle="180.00" type="DEFAULT_VEHTYPE" speed="13.33" pos="134.89" lane="1/1to1/2_0" slope="0.00"/>
        <vehicle id="6" x="595.21" y="198.35" angle="90.00" type="DEFAULT_VEHTYPE" speed="0.00" pos="190.46" lane="2/1to3/1_0" slope="0.00"/>
        <vehicle id="7" x="256.45" y="401.65" angle="-90.00" type="DEFAULT_VEHTYPE" speed="12.76" pos="138.80" lane="2/2to1/2_0" slope="0.00"/>
        <vehicle id="8" x="624.17" y="201.65" angle="-90.00" type="DEFAULT_VEHTYPE" speed="12.29" pos="175.83" lane="4/1to3/1_0" slope="0.00"/>
        <vehicle id="9" x="401.65" y="28.34" angle="180.00" type="DEFAULT_VEHTYPE" speed="13.16" pos="28.34" lane="2/0to2/1_0" slope="0.00"/>
    </timestep>
    <timestep time="537.00">
        <vehicle id="0" x="487.73" y="401.65" angle="-90.00" type="DEFAULT_VEHTYPE" speed="13.29" pos="107.52" lane="3/2to2/2_0" slope="0.00"/>
        <vehicle id="1" x="217.54" y="401.65" angle="-90.00" type="DEFAULT_VEHTYPE" speed="9.55" pos="177.71" lane="2/2to1/2_0" slope="0.00"/>
        <vehicle id="11" x="297.27" y="198.35" angle="90.00" type="DEFAULT_VEHTYPE" speed="12.64" pos="92.52" lane="1/1to2/1_0" slope="0.00"/>
        <vehicle id="12" x="398.96" y="401.65" angle="-90.00" type="DEFAULT_VEHTYPE" speed="6.40" pos="5.79" lane=":2/2_5_0" slope="0.00"/>
        <vehicle id="14" x="390.56" y="198.35" angle="90.00" type="DEFAULT_VEHTYPE" speed="3.92" pos="185.81" lane="1/1to2/1_0" slope="0.00"/>
        <vehicle id="15" x="398.35" y="175.05" angle="0.00" type="DEFAULT_VEHTYPE" speed="13.53" pos="20.20" lane="2/1to2/0_0" slope="0.00"/>
        <vehicle id="16" x="706.35" y="201.65" angle="-90.00" type="DEFAULT_VEHTYPE" speed="13.87" pos="93.65" lane="4/1to3/1_0" slope="0.00"/>
        <vehicle id="17" x="395.95" y="398.25" angle="88.88" type="DEFAULT_VEHTYPE" speed="6.95" pos="0.70" lane=":2/2_12_0" slope="0.00"/>
        <vehicle id="18" x="116.81" y="201.65" angle="-90.00" type="DEFAULT_VEHTYPE" speed="12.96" pos="78.44" lane="1/1to0/1_0" slope="0.00"/>
        <vehicle id="19" x="198.35" y="141.72" angle="0.00" type="DEFAULT_VEHTYPE" speed="13.25" pos="53.53" lane="1/1to1/0_0" slope="0.00"/>
        <vehicle id="2" x="587.69" y="198.35" angle="90.00" type="DEFAULT_VEHTYPE" speed="0.11" pos="182.94" lane="2/1to3/1_0" slope="0.00"/>
        <vehicle id="20" x="771.11" y="198.35" angle="90.00" type="DEFAULT_VEHTYPE" speed="13.58" pos="166.36" lane="3/1to4/1_0" slope="0.00"/>
        <vehicle id="21" x="563.62" y="198.35" angle="90.00" type="DEFAULT_VEHTYPE" speed="10.55" pos="158.87" lane="2/1to3/1_0" slope="0.00"/>
        <vehicle id="22" x="234.38" y="198.35" angle="90.00" type="DEFAULT_VEHTYPE" speed="13.08" pos="29.63" lane="1/1to2/1_0" slope="0.00"/>
        <vehicle id="23" x="162.51" y="198.35" angle="90.00" type="DEFAULT_VEHTYPE" speed="13.06" pos="162.51" lane="0/1to1/1_0" slope="0.00"/>
        <vehicle id="24" x="524.30" y="198.35" angle="90.00" type="DEFAULT_VEHTYPE" speed="13.28" pos="119.55" lane="2/1to3/1_0" slope="0.00"/>
        <vehicle id="3" x="601.65" y="263.57" angle="180.00" type="DEFAULT_VEHTYPE" speed="13.42" pos="58.82" lane="3/1to3/2_0" slope="0.00"/>
        <vehicle id="4" x="398.35" y="274.97" angle="0.00" type="DEFAULT_VEHTYPE" speed="13.01" pos="120.28" lane="2/2to2/1_0" slope="0.00"/>
        <vehicle id="5" x="201.65" y="353.14" angle="180.00" type="DEFAULT_VEHTYPE" speed="13.50" pos="148.39" lane="1/1to1/2_0" slope="0.00"/>
        <vehicle id="6" x="595.21" y="198.35" angle="90.00" type="DEFAULT_VEHTYPE" speed="0.00" pos="190.46" lane="2/1to3/1_0" slope="0.00"/>
        <vehicle id="7" x="243.17" y="401.65" angle="-90.00" type="DEFAULT_VEHTYPE" speed="13.27" pos="152.08" lane="2/2to1/2_0" slope="0.00"/>
        <vehicle id="8" x="616.38" y="201.65" angle="-90.00" type="DEFAULT_VEHTYPE" speed="7.79" pos="183.62" lane="4/1to3/1_0" slope="0.00"/>
        <vehicle id="9" x="401.65" y="41.39" angle="180.00" type="DEFAULT_VEHTYPE" speed="13.05" pos="41.39" lane="2/0to2/1_0" slope="0.00"/>
    </timestep>
    <timestep time="538.00">
        <vehicle id="0" x="474.51" y="401.65" angle="-90.00" type="DEFAULT_VEHTYPE" speed="13.23" pos="120.74" lane="3/2to2/2_0" slope="0.00"/>
        <vehicle id="1" x="212.46" y="401.65" angle="-90.00" type="DEFAULT_VEHTYPE" speed="5.08" pos="182.79" lane="2/2to1/2_0" slope="0.00"/>
        <vehicle id="11" x="311.01" y="198.35" angle="90.00" type="DEFAULT_VEHTYPE" speed="13.74" pos="106.26" lane="1/1to2/1_0" slope="0.00"/>
        <vehicle id="12" x="391.00" y="401.65" angle="-90.00" type="DEFAULT_VEHTYPE" speed="7.97" pos="4.25" lane="2/2to1/2_0" slope="0.00"/>
        <vehicle id="14" x="396.45" y="198.35" angle="90.00" type="DEFAULT_VEHTYPE" speed="5.88" pos="1.20" lane=":2/1_13_0" slope="0.00"/>
        <vehicle id="15" x="398.35" y="161.83" angle="0.00" type="DEFAULT_VEHTYPE" speed="13.22" pos="33.42" lane="2/1to2/0_0" slope="0.00"/>
        <vehicle id="16" x="693.35" y="201.65" angle="-90.00" type="DEFAULT_VEHTYPE" speed="13.00" pos="106.65" lane="4/1to3/1_0" slope="0.00"/>
        <vehicle id="17" x="398.35" y="390.99" angle="1.19" type="DEFAULT_VEHTYPE" speed="8.55" pos="4.26" lane="2/2to2/1_0" slope="0.00"/>
        <vehicle id="18" x="104.20" y="201.65" angle="-90.00" type="DEFAULT_VEHTYPE" speed="12.60" pos="91.05" lane="1/1to0/1_0" slope="0.00"/>
        <vehicle id="19" x="198.35" y="128.85" angle="0.00" type="DEFAULT_VEHTYPE" speed="12.88" pos="66.40" lane="1/1to1/0_0" slope="0.00"/>
        <vehicle id="2" x="587.70" y="198.35" angle="90.00" type="DEFAULT_VEHTYPE" speed="0.01" pos="182.95" lane="2/1to3/1_0" slope="0.00"/>
        <vehicle id="20" x="784.65" y="198.35" angle="90.00" type="DEFAULT_VEHTYPE" speed="13.54" pos="179.90" lane="3/1to4/1_0" slope="0.00"/>
        <vehicle id="21" x="571.92" y="198.35" angle="90.00" type="DEFAULT_VEHTYPE" speed="8.30" pos="167.17" lane="2/1to3/1_0" slope="0.00"/>
        <vehicle id="22" x="247.36" y="198.35" angle="90.00" type="DEFAULT_VEHTYPE" speed="12.98" pos="42.61" lane="1/1to2/1_0" slope="0.00"/>
        <vehicle id="23" x="174.16" y="198.35" angle="90.00" type="DEFAULT_VEHTYPE" speed="11.66" pos="174.16" lane="0/1to1/1_0" slope="0.00"/>
        <vehicle id="24" x="537.09" y="198.35" angle="90.00" type="DEFAULT_VEHTYPE" speed="12.79" pos="132.34" lane="2/1to3/1_0" slope="0.00"/>
        <vehicle id="3" x="601.65" y="276.26" angle="180.00" type="DEFAULT_VEHTYPE" speed="12.70" pos="71.51" lane="3/1to3/2_0" slope="0.00"/>
        <vehicle id="4" x="398.35" y="262.22" angle="0.00" type="DEFAULT_VEHTYPE" speed="12.75" pos="133.03" lane="2/2to2/1_0" slope="0.00"/>
        <vehicle id="5" x="201.65" y="366.38" angle="180.00" type="DEFAULT_VEHTYPE" speed="13.24" pos="161.63" lane="1/1to1/2_0" slope="0.00"/>
        <vehicle id="6" x="595.21" y="198.35" angle="90.00" type="DEFAULT_VEHTYPE" speed="0.00" pos="190.46" lane="2/1to3/1_0" slope="0.00"/>
        <vehicle id="7" x="231.38" y="401.65" angle="-90.00" type="DEFAULT_VEHTYPE" speed="11.80" pos="163.87" lane="2/2to1/2_0" slope="0.00"/>
        <vehicle id="8" x="611.99" y="201.65" angle="-90.00" type="DEFAULT_VEHTYPE" speed="4.39" pos="188.01" lane="4/1to3/1_0" slope="0.00"/>
        <vehicle id="9" x="401.65" y="55.15" angle="180.00" type="DEFAULT_VEHTYPE" speed="13.76" pos="55.15" lane="2/0to2/1_0" slope="0.00"/>
    </timestep>
    <timestep time="539.00">
        <vehicle id="0" x="461.24" y="401.65" angle="-90.00" type="DEFAULT_VEHTYPE" speed="13.27" pos="134.01" lane="3/2to2/2_0" slope="0.00"/>
        <vehicle id="1" x="209.36" y="401.65" angle="-90.00" type="DEFAULT_VEHTYPE" speed="3.10" pos="185.89" lane="2/2to1/2_0" slope="0.00"/>
        <vehicle id="11" x="324.32" y="198.35" angle="90.00" type="DEFAULT_VEHTYPE" speed="13.31" pos="119.57" lane="1/1to2/1_0" slope="0.00"/>
        <vehicle id="12" x="380.64" y="401.65" angle="-90.00" type="DEFAULT_VEHTYPE" speed="10.35" pos="14.61" lane="2/2to1/2_0" slope="0.00"/>
        <vehicle id="14" x="404.05" y="198.35" angle="90.00" type="DEFAULT_VEHTYPE" speed="7.60" pos="8.80" lane=":2/1_13_0" slope="0.00"/>
        <vehicle id="15" x="398.35" y="149.21" angle="0.00" type="DEFAULT_VEHTYPE" speed="12.62" pos="46.04" lane="2/1to2/0_0" slope="0.00"/>
        <vehicle id="16" x="679.52" y="201.65" angle="-90.00" type="DEFAULT_VEHTYPE" speed="13.83" pos="120.48" lane="4/1to3/1_0" slope="0.00"/>
        <vehicle id="17" x="398.35" y="380.97" angle="0.00" type="DEFAULT_VEHTYPE" speed="10.02" pos="14.28" lane="2/2to2/1_0" slope="0.00"/>
        <vehicle id="18" x="91.06" y="201.65" angle="-90.00" type="DEFAULT_VEHTYPE" speed="13.14" pos="104.19" lane="1/1to0/1_0" slope="0.00"/>
        <vehicle id="19" x="198.35" y="115.95" angle="0.00" type="DEFAULT_VEHTYPE" speed="12.89" pos="79.30" lane="1/1to1/0_0" slope="0.00"/>
        <vehicle id="2" x="587.70" y="198.35" angle="90.00" type="DEFAULT_VEHTYPE" speed="0.00" pos="182.95" lane="2/1to3/1_0" slope="0.00"/>
        <vehicle id="20" x="798.35" y="198.35" angle="90.00" type="DEFAULT_VEHTYPE" speed="13.70" pos="193.60" lane="3/1to4/1_0" slope="0.00"/>
        <vehicle id="21" x="576.42" y="198.35" angle="90.00" type="DEFAULT_VEHTYPE" speed="4.50" pos="171.67" lane="2/1to3/1_0" slope="0.00"/>
        <vehicle id="22" x="260.80" y="198.35" angle="90.00" type="DEFAULT_VEHTYPE" speed="13.45" pos="56.05" lane="1/1to2/1_0" slope="0.00"/>
        <vehicle id="23" x="182.86" y="198.35" angle="90.00" type="DEFAULT_VEHTYPE" speed="8.70" pos="182.86" lane="0/1to1/1_0" slope="0.00"/>
        <vehicle id="24" x="550.84" y="198.35" angle="90.00" type="DEFAULT_VEHTYPE" speed="13.75" pos="146.09" lane="2/1to3/1_0" slope="0.00"/>
        <vehicle id="3" x="601.65" y="289.83" angle="180.00" type="DEFAULT_VEHTYPE" speed="13.57" pos="85.08" lane="3/1to3/2_0" slope="0.00"/>
        <vehicle id="4" x="398.35" y="248.96" angle="0.00" type="DEFAULT_VEHTYPE" speed="13.27" pos="146.29" lane="2/2to2/1_0" slope="0.00"/>
        <vehicle id="5" x="201.65" y="379.04" angle="180.00" type="DEFAULT_VEHTYPE" speed="12.66" pos="174.29" lane="1/1to1/2_0" slope="0.00"/>
        <vehicle id="6" x="595.21" y="198.35" angle="90.00" type="DEFAULT_VEHTYPE" speed="0.00" pos="190.46" lane="2/1to3/1_0" slope="0.00"/>
        <vehicle id="7" x="223.42" y="401.65" angle="-90.00" type="DEFAULT_VEHTYPE" speed="7.95" pos="171.83" lane="2/2to1/2_0" slope="0.00"/>
        <vehicle id="8" x="608.75" y="201.65" angle="-90.00" type="DEFAULT_VEHTYPE" speed="3.24" pos="191.25" lane="4/1to3/1_0" slope="0.00"/>
        <vehicle id="9" x="401.65" y="68.79" angle="180.00" type="DEFAULT_VEHTYPE" speed="13.64" pos="68.79" lane="2/0to2/1_0" slope="0.00"/>
    </timestep>
    <timestep time="540.00">
        <vehicle id="0" x="447.49" y="401.65" angle="-90.00" type="DEFAULT_VEHTYPE" speed="13.75" pos="147.76" lane="3/2to2/2_0" slope="0.00"/>
        <vehicle id="1" x="208.16" y="401.65" angle="-90.00" type="DEFAULT_VEHTYPE" speed="1.21" pos="187.09" lane="2/2to1/2_0" slope="0.00"/>
        <vehicle id="11" x="337.37" y="198.35" angle="90.00" type="DEFAULT_VEHTYPE" speed="13.05" pos="132.62" lane="1/1to2/1_0" slope="0.00"/>
        <vehicle id="12" x="368.32" y="401.65" angle="-90.00" type="DEFAULT_VEHTYPE" speed="12.32" pos="26.93" lane="2/2to1/2_0" slope="0.00"/>
        <vehicle id="14" x="413.14" y="198.35" angle="90.00" type="DEFAULT_VEHTYPE" speed="9.10" pos="8.39" lane="2/1to3/1_0" slope="0.00"/>
        <vehicle id="15" x="398.35" y="135.43" angle="0.00" type="DEFAULT_VEHTYPE" speed="13.79" pos="59.82" lane="2/1to2/0_0" slope="0.00"/>
        <vehicle id="16" x="666.71" y="201.65" angle="-90.00" type="DEFAULT_VEHTYPE" speed="12.81" pos="133.29" lane="4/1to3/1_0" slope="0.00"/>
        <vehicle id="17" x="398.35" y="369.57" angle="0.00" type="DEFAULT_VEHTYPE" speed="11.40" pos="25.68" lane="2/2to2/1_0" slope="0.00"/>
        <vehicle id="18" x="77.49" y="201.65" angle="-90.00" type="DEFAULT_VEHTYPE" speed="13.57" pos="117.76" lane="1/1to0/1_0" slope="0.00"/>
        <vehicle id="19" x="198.35" y="102.93" angle="0.00" type="DEFAULT_VEHTYPE" speed="13.02" pos="92.32" lane="1/1to1/0_0" slope="0.00"/>
        <vehicle id="2" x="587.70" y="198.35" angle="90.00" type="DEFAULT_VEHTYPE" speed="0.00" pos="182.95" lane="2/1to3/1_0" slope="0.00"/>
        <vehicle id="20" x="793.25" y="201.65" angle="-90.00" type="DEFAULT_VEHTYPE" speed="13.22" pos="6.75" lane="4/1to3/1_0" slope="0.00"/>
        <vehicle id="21" x="578.86" y="198.35" angle="90.00" type="DEFAULT_VEHTYPE" speed="2.43" pos="174.11" lane="2/1to3/1_0" slope="0.00"/>
        <vehicle id="22" x="274.25" y="198.35" angle="90.00" type="DEFAULT_VEHTYPE" speed="13.45" pos="69.50" lane="1/1to2/1_0" slope="0.00"/>
        <vehicle id="23" x="188.53" y="198.35" angle="90.00" type="DEFAULT_VEHTYPE" speed="5.67" pos="188.53" lane="0/1to1/1_0" slope="0.00"/>
        <vehicle id="24" x="561.13" y="198.35" angle="90.00" type="DEFAULT_VEHTYPE" speed="10.29" pos="156.38" lane="2/1to3/1_0" slope="0.00"/>
        <vehicle id="3" x="601.65" y="303.58" angle="180.00" type="DEFAULT_VEHTYPE" speed="13.75" pos="98.83" lane="3/1to3/2_0" slope="0.00"/>
        <vehicle id="4" x="398.35" y="235.51" angle="0.00" type="DEFAULT_VEHTYPE" speed="13.45" pos="159.74" lane="2/2to2/1_0" slope="0.00"/>
        <vehicle id="5" x="201.65" y="392.73" angle="180.00" type="DEFAULT_VEHTYPE" speed="13.69" pos="187.98" lane="1/1to1/2_0" slope="0.00"/>
        <vehicle id="6" x="595.21" y="198.35" angle="90.00" type="DEFAULT_VEHTYPE" speed="0.00" pos="190.46" lane="2/1to3/1_0" slope="0.00"/>
        <vehicle id="7" x="219.75" y="401.65" angle="-90.00" type="DEFAULT_VEHTYPE" speed="3.67" pos="175.50" lane="2/2to1/2_0" slope="0.00"/>
        <vehicle id="8" x="603.64" y="201.81" angle="-91.78" type="DEFAULT_VEHTYPE" speed="5.12" pos="1.12" lane=":3/1_4_0" slope="0.00"/>
        <vehicle id="9" x="401.65" y="81.85" angle="180.00" type="DEFAULT_VEHTYPE" speed="13.05" pos="81.85" lane="2/0to2/1_0" slope="0.00"/>
    </timestep>
    <timestep time="541.00">
        <vehicle id="0" x="434.62" y="401.65" angle="-90.00" type="DEFAULT_VEHTYPE" speed="12.87" pos="160.63" lane="3/2to2/2_0" slope="0.00"/>
        <vehicle id="1" x="207.53" y="401.65" angle="-90.00" type="DEFAULT_VEHTYPE" speed="0.62" pos="187.72" lane="2/2to1/2_0" slope="0.00"/>
        <vehicle id="11" x="350.94" y="198.35" angle="90.00" type="DEFAULT_VEHTYPE" speed="13.57" pos="146.19" lane="1/1to2/1_0" slope="0.00"/>
        <vehicle id="12" x="354.46" y="401.65" angle="-90.00" type="DEFAULT_VEHTYPE" speed="13.86" pos="40.79" lane="2/2to1/2_0" slope="0.00"/>
        <vehicle id="14" x="423.82" y="198.35" angle="90.00" type="DEFAULT_VEHTYPE" speed="10.68" pos="19.07" lane="2/1to3/1_0" slope="0.00"/>
        <vehicle id="15" x="398.35" y="121.90" angle="0.00" type="DEFAULT_VEHTYPE" speed="13.52" pos="73.35" lane="2/1to2/0_0" slope="0.00"/>
        <vehicle id="16" x="653.66" y="201.65" angle="-90.00" type="DEFAULT_VEHTYPE" speed="13.06" pos="146.34" lane="4/1to3/1_0" slope="0.00"/>
        <vehicle id="17" x="398.35" y="355.82" angle="0.00" type="DEFAULT_VEHTYPE" speed="13.75" pos="39.43" lane="2/2to2/1_0" slope="0.00"/>
        <vehicle id="18" x="64.01" y="201.65" angle="-90.00" type="DEFAULT_VEHTYPE" speed="13.47" pos="131.24" lane="1/1to0/1_0" slope="0.00"/>
        <vehicle id="19" x="198.35" y="89.88" angle="0.00" type="DEFAULT_VEHTYPE" speed="13.05" pos="105.37" lane="1/1to1/0_0" slope="0.00"/>
        <vehicle id="2" x="587.70" y="198.35" angle="90.00" type="DEFAULT_VEHTYPE" speed="0.00" pos="182.95" lane="2/1to3/1_0" slope="0.00"/>
        <vehicle id="20" x="780.46" y="201.65" angle="-90.00" type="DEFAULT_VEHTYPE" speed="12.79" pos="19.54" lane="4/1to3/1_0" slope="0.00"/>
        <vehicle id="21" x="579.90" y="198.35" angle="90.00" type="DEFAULT_VEHTYPE" speed="1.04" pos="175.15" lane="2/1to3/1_0" slope="0.00"/>
        <vehicle id="22" x="287.33" y="198.35" angle="90.00" type="DEFAULT_VEHTYPE" speed="13.09" pos="82.58" lane="1/1to2/1_0" slope="0.00"/>
        <vehicle id="23" x="195.67" y="198.29" angle="89.33" type="DEFAULT_VEHTYPE" speed="7.14" pos="0.42" lane=":1/1_12_0" slope="0.00"/>
        <vehicle id="24" x="566.92" y="198.35" angle="90.00" type="DEFAULT_VEHTYPE" speed="5.79" pos="162.17" lane="2/1to3/1_0" slope="0.00"/>
        <vehicle id="3" x="601.65" y="316.51" angle="180.00" type="DEFAULT_VEHTYPE" speed="12.93" pos="111.76" lane="3/1to3/2_0" slope="0.00"/>
        <vehicle id="4" x="398.35" y="221.74" angle="0.00" type="DEFAULT_VEHTYPE" speed="13.77" pos="173.51" lane="2/2to2/1_0" slope="0.00"/>
        <vehicle id="5" x="201.65" y="406.02" angle="180.00" type="DEFAULT_VEHTYPE" speed="13.29" pos="1.27" lane="1/2to1/3_0" slope="0.00"/>
        <vehicle id="6" x="595.21" y="198.35" angle="90.00" type="DEFAULT_VEHTYPE" speed="0.00" pos="190.46" lane="2/1to3/1_0" slope="0.00"/>
        <vehicle id="7" x="217.94" y="401.65" angle="-90.00" type="DEFAULT_VEHTYPE" speed="1.81" pos="177.31" lane="2/2to1/2_0" slope="0.00"/>
        <vehicle id="8" x="601.65" y="207.37" angle="-171.63" type="DEFAULT_VEHTYPE" speed="6.50" pos="2.62" lane="3/1to3/2_0" slope="0.00"/>
        <vehicle id="9" x="401.65" y="94.49" angle="180.00" type="DEFAULT_VEHTYPE" speed="12.64" pos="94.49" lane="2/0to2/1_0" slope="0.00"/>
    </timestep>
    <timestep time="542.00">
        <vehicle id="0" x="422.88" y="401.65" angle="-90.00" type="DEFAULT_VEHTYPE" speed="11.74" pos="172.37" lane="3/2to2/2_0" slope="0.00"/>
        <vehicle id="1" x="205.43" y="401.65" angle="-90.00" type="DEFAULT_VEHTYPE" speed="2.10" pos="189.82" lane="2/2to1/2_0" slope="0.00"/>
        <vehicle id="11" x="364.70" y="198.35" angle="90.00" type="DEFAULT_VEHTYPE" speed="13.76" pos="159.95" lane="1/1to2/1_0" slope="0.00"/>
        <vehicle id="12" x="341.30" y="401.65" angle="-90.00" type="DEFAULT_VEHTYPE" speed="13.17" pos="53.95" lane="2/2to1/2_0" slope="0.00"/>
        <vehicle id="14" x="435.82" y="198.35" angle="90.00" type="DEFAULT_VEHTYPE" speed="12.00" pos="31.07" lane="2/1to3/1_0" slope="0.00"/>
        <vehicle id="15" x="398.35" y="108.19" angle="0.00" type="DEFAULT_VEHTYPE" speed="13.72" pos="87.06" lane="2/1to2/0_0" slope="0.00"/>
        <vehicle id="16" x="640.96" y="201.65" angle="-90.00" type="DEFAULT_VEHTYPE" speed="12.70" pos="159.04" lane="4/1to3/1_0" slope="0.00"/>
        <vehicle id="17" x="398.35" y="342.33" angle="0.00" type="DEFAULT_VEHTYPE" speed="13.49" pos="52.92" lane="2/2to2/1_0" slope="0.00"/>
        <vehicle id="18" x="50.94" y="201.65" angle="-90.00" type="DEFAULT_VEHTYPE" speed="13.08" pos="144.31" lane="1/1to0/1_0" slope="0.00"/>
        <vehicle id="19" x="198.35" y="76.94" angle="0.00" type="DEFAULT_VEHTYPE" speed="12.95" pos="118.31" lane="1/1to1/0_0" slope="0.00"/>
        <vehicle id="2" x="587.70" y="198.35" angle="90.00" type="DEFAULT_VEHTYPE" speed="0.00" pos="182.95" lane="2/1to3/1_0" slope="0.00"/>
        <vehicle id="20" x="767.49" y="201.65" angle="-90.00" type="DEFAULT_VEHTYPE" speed="12.97" pos="32.51" lane="4/1to3/1_0" slope="0.00"/>
        <vehicle id="21" x="580.10" y="198.35" angle="90.00" type="DEFAULT_VEHTYPE" speed="0.20" pos="175.35" lane="2/1to3/1_0" slope="0.00"/>
        <vehicle id="22" x="300.65" y="198.35" angle="90.00" type="DEFAULT_VEHTYPE" speed="13.31" pos="95.90" lane="1/1to2/1_0" slope="0.00"/>
        <vehicle id="23" x="198.35" y="190.82" angle="0.90" type="DEFAULT_VEHTYPE" speed="9.01" pos="4.43" lane="1/1to1/0_0" slope="0.00"/>
        <vehicle id="24" x="570.69" y="198.35" angle="90.00" type="DEFAULT_VEHTYPE" speed="3.77" pos="165.94" lane="2/1to3/1_0" slope="0.00"/>
        <vehicle id="3" x="601.65" y="329.53" angle="180.00" type="DEFAULT_VEHTYPE" speed="13.02" pos="124.78" lane="3/1to3/2_0" slope="0.00"/>
        <vehicle id="4" x="398.35" y="208.12" angle="0.00" type="DEFAULT_VEHTYPE" speed="13.61" pos="187.13" lane="2/2to2/1_0" slope="0.00"/>
        <vehicle id="5" x="201.65" y="419.19" angle="180.00" type="DEFAULT_VEHTYPE" speed="13.17" pos="14.44" lane="1/2to1/3_0" slope="0.00"/>
        <vehicle id="6" x="595.21" y="198.35" angle="90.00" type="DEFAULT_VEHTYPE" speed="0.00" pos="190.46" lane="2/1to3/1_0" slope="0.00"/>
        <vehicle id="7" x="216.59" y="401.65" angle="-90.00" type="DEFAULT_VEHTYPE" speed="1.35" pos="178.66" lane="2/2to1/2_0" slope="0.00"/>
        <vehicle id="8" x="601.65" y="215.78" angle="180.00" type="DEFAULT_VEHTYPE" speed="8.41" pos="11.03" lane="3/1to3/2_0" slope="0.00"/>
        <vehicle id="9" x="401.65" y="107.51" angle="180.00" type="DEFAULT_VEHTYPE" speed="13.02" pos="107.51" lane="2/0to2/1_0" slope="0.00"/>
    </timestep>
    <timestep time="543.00">
        <vehicle id="0" x="415.22" y="401.65" angle="-90.00" type="DEFAULT_VEHTYPE" speed="7.66" pos="180.03" lane="3/2to2/2_0" slope="0.00"/>
        <vehicle id="1" x="201.48" y="400.97" angle="-82.08" type="DEFAULT_VEHTYPE" speed="4.06" pos="3.37" lane=":1/2_6_0" slope="0.00"/>
        <vehicle id="11" x="376.54" y="198.35" angle="90.00" type="DEFAULT_VEHTYPE" speed="11.84" pos="171.79" lane="1/1to2/1_0" slope="0.00"/>
        <vehicle id="12" x="328.54" y="401.65" angle="-90.00" type="DEFAULT_VEHTYPE" speed="12.76" pos="66.71" lane="2/2to1/2_0" slope="0.00"/>
        <vehicle id="14" x="448.63" y="198.35" angle="90.00" type="DEFAULT_VEHTYPE" speed="12.80" pos="43.88" lane="2/1to3/1_0" slope="0.00"/>
        <vehicle id="15" x="398.35" y="94.61" angle="0.00" type="DEFAULT_VEHTYPE" speed="13.57" pos="100.64" lane="2/1to2/0_0" slope="0.00"/>
        <vehicle id="16" x="627.94" y="201.65" angle="-90.00" type="DEFAULT_VEHTYPE" speed="13.02" pos="172.06" lane="4/1to3/1_0" slope="0.00"/>
        <vehicle id="17" x="398.35" y="329.40" angle="0.00" type="DEFAULT_VEHTYPE" speed="12.94" pos="65.85" lane="2/2to2/1_0" slope="0.00"/>
        <vehicle id="18" x="37.50" y="201.65" angle="-90.00" type="DEFAULT_VEHTYPE" speed="13.44" pos="157.75" lane="1/1to0/1_0" slope="0.00"/>
        <vehicle id="19" x="198.35" y="64.31" angle="0.00" type="DEFAULT_VEHTYPE" speed="12.63" pos="130.94" lane="1/1to1/0_0" slope="0.00"/>
        <vehicle id="2" x="587.70" y="198.35" angle="90.00" type="DEFAULT_VEHTYPE" speed="0.00" pos="182.95" lane="2/1to3/1_0" slope="0.00"/>
        <vehicle id="20" x="754.40" y="201.65" angle="-90.00" type="DEFAULT_VEHTYPE" speed="13.09" pos="45.60" lane="4/1to3/1_0" slope="0.00"/>
        <vehicle id="21" x="580.17" y="198.35" angle="90.00" type="DEFAULT_VEHTYPE" speed="0.07" pos="175.42" lane="2/1to3/1_0" slope="0.00"/>
        <vehicle id="22" x="313.72" y="198.35" angle="90.00" type="DEFAULT_VEHTYPE" speed="13.08" pos="108.97" lane="1/1to2/1_0" slope="0.00"/>
        <vehicle id="23" x="198.35" y="180.46" angle="0.00" type="DEFAULT_VEHTYPE" speed="10.36" pos="14.79" lane="1/1to1/0_0" slope="0.00"/>
        <vehicle id="24" x="572.11" y="198.35" angle="90.00" type="DEFAULT_VEHTYPE" speed="1.42" pos="167.36" lane="2/1to3/1_0" slope="0.00"/>
        <vehicle id="3" x="601.65" y="342.45" angle="180.00" type="DEFAULT_VEHTYPE" speed="12.92" pos="137.70" lane="3/1to3/2_0" slope="0.00"/>
        <vehicle id="4" x="398.35" y="194.69" angle="0.00" type="DEFAULT_VEHTYPE" speed="13.43" pos="0.56" lane="2/1to2/0_0" slope="0.00"/>
        <vehicle id="5" x="201.65" y="432.96" angle="180.00" type="DEFAULT_VEHTYPE" speed="13.77" pos="28.21" lane="1/2to1/3_0" slope="0.00"/>
        <vehicle id="6" x="595.21" y="198.35" angle="90.00" type="DEFAULT_VEHTYPE" speed="0.00" pos="190.46" lane="2/1to3/1_0" slope="0.00"/>
        <vehicle id="7" x="214.66" y="401.65" angle="-90.00" type="DEFAULT_VEHTYPE" speed="1.93" pos="180.59" lane="2/2to1/2_0" slope="0.00"/>
        <vehicle id="8" x="601.65" y="226.69" angle="180.00" type="DEFAULT_VEHTYPE" speed="10.91" pos="21.94" lane="3/1to3/2_0" slope="0.00"/>
        <vehicle id="9" x="401.65" y="120.15" angle="180.00" type="DEFAULT_VEHTYPE" speed="12.64" pos="120.15" lane="2/0to2/1_0" slope="0.00"/>
    </timestep>
    <timestep time="544.00">
        <vehicle id="0" x="411.07" y="401.65" angle="-90.00" type="DEFAULT_VEHTYPE" speed="4.15" pos="184.18" lane="3/2to2/2_0" slope="0.00"/>
        <vehicle id="1" x="198.52" y="396.43" angle="-29.17" type="DEFAULT_VEHTYPE" speed="5.75" pos="9.13" lane=":1/2_6_0" slope="0.00"/>
        <vehicle id="11" x="384.74" y="198.35" angle="90.00" type="DEFAULT_VEHTYPE" speed="8.20" pos="179.99" lane="1/1to2/1_0" slope="0.00"/>
        <vehicle id="12" x="315.14" y="401.65" angle="-90.00" type="DEFAULT_VEHTYPE" speed="13.40" pos="80.11" lane="2/2to1/2_0" slope="0.00"/>
        <vehicle id="14" x="461.54" y="198.35" angle="90.00" type="DEFAULT_VEHTYPE" speed="12.92" pos="56.79" lane="2/1to3/1_0" slope="0.00"/>
        <vehicle id="15" x="398.35" y="81.03" angle="0.00" type="DEFAULT_VEHTYPE" speed="13.59" pos="114.22" lane="2/1to2/0_0" slope="0.00"/>
        <vehicle id="16" x="618.50" y="201.65" angle="-90.00" type="DEFAULT_VEHTYPE" speed="9.44" pos="181.50" lane="4/1to3/1_0" slope="0.00"/>
        <vehicle id="17" x="398.35" y="315.88" angle="0.00" type="DEFAULT_VEHTYPE" speed="13.51" pos="79.37" lane="2/2to2/1_0" slope="0.00"/>
        <vehicle id="18" x="24.58" y="201.65" angle="-90.00" type="DEFAULT_VEHTYPE" speed="12.92" pos="170.67" lane="1/1to0/1_0" slope="0.00"/>
        <vehicle id="19" x="198.35" y="50.69" angle="0.00" type="DEFAULT_VEHTYPE" speed="13.62" pos="144.56" lane="1/1to1/0_0" slope="0.00"/>
        <vehicle id="2" x="587.70" y="198.35" angle="90.00" type="DEFAULT_VEHTYPE" speed="0.00" pos="182.95" lane="2/1to3/1_0" slope="0.00"/>
        <vehicle id="20" x="740.58" y="201.65" angle="-90.00" type="DEFAULT_VEHTYPE" speed="13.82" pos="59.42" lane="4/1to3/1_0" slope="0.00"/>
        <vehicle id="21" x="580.19" y="198.35" angle="90.00" type="DEFAULT_VEHTYPE" speed="0.02" pos="175.44" lane="2/1to3/1_0" slope="0.00"/>
        <vehicle id="22" x="326.89" y="198.35" angle="90.00" type="DEFAULT_VEHTYPE" speed="13.17" pos="122.14" lane="1/1to2/1_0" slope="0.00"/>
        <vehicle id="23" x="198.35" y="168.14" angle="0.00" type="DEFAULT_VEHTYPE" speed="12.32" pos="27.11" lane="1/1to1/0_0" slope="0.00"/>
        <vehicle id="24" x="572.52" y="198.35" angle="90.00" type="DEFAULT_VEHTYPE" speed="0.41" pos="167.77" lane="2/1to3/1_0" slope="0.00"/>
        <vehicle id="3" x="601.65" y="356.08" angle="180.00" type="DEFAULT_VEHTYPE" speed="13.64" pos="151.33" lane="3/1to3/2_0" slope="0.00"/>
        <vehicle id="4" x="398.35" y="181.36" angle="0.00" type="DEFAULT_VEHTYPE" speed="13.34" pos="13.89" lane="2/1to2/0_0" slope="0.00"/>
        <vehicle id="5" x="201.65" y="446.18" angle="180.00" type="DEFAULT_VEHTYPE" speed="13.21" pos="41.43" lane="1/2to1/3_0" slope="0.00"/>
        <vehicle id="6" x="595.21" y="198.35" angle="90.00" type="DEFAULT_VEHTYPE" speed="0.00" pos="190.46" lane="2/1to3/1_0" slope="0.00"/>
        <vehicle id="7" x="211.64" y="401.65" angle="-90.00" type="DEFAULT_VEHTYPE" speed="3.02" pos="183.61" lane="2/2to1/2_0" slope="0.00"/>
        <vehicle id="8" x="601.65" y="239.25" angle="180.00" type="DEFAULT_VEHTYPE" speed="12.56" pos="34.50" lane="3/1to3/2_0" slope="0.00"/>
        <vehicle id="9" x="401.65" y="133.54" angle="180.00" type="DEFAULT_VEHTYPE" speed="13.39" pos="133.54" lane="2/0to2/1_0" slope="0.00"/>
    </timestep>
    <timestep time="545.00">
        <vehicle id="0" x="404.37" y="401.60" angle="-89.38" type="DEFAULT_VEHTYPE" speed="6.71" pos="0.38" lane=":2/2_6_0" slope="0.00"/>
        <vehicle id="1" x="198.35" y="388.89" angle="0.00" type="DEFAULT_VEHTYPE" speed="7.55" pos="6.36" lane="1/2to1/1_0" slope="0.00"/>
        <vehicle id="11" x="388.94" y="198.35" angle="90.00" type="DEFAULT_VEHTYPE" speed="4.20" pos="184.19" lane="1/1to2/1_0" slope="0.00"/>
        <vehicle id="12" x="301.90" y="401.65" angle="-90.00" type="DEFAULT_VEHTYPE" speed="13.24" pos="93.35" lane="2/2to1/2_0" slope="0.00"/>
        <vehicle id="14" x="475.14" y="198.35" angle="90.00" type="DEFAULT_VEHTYPE" speed="13.60" pos="70.39" lane="2/1to3/1_0" slope="0.00"/>
        <vehicle id="15" x="398.35" y="68.12" angle="0.00" type="DEFAULT_VEHTYPE" speed="12.91" pos="127.13" lane="2/1to2/0_0" slope="0.00"/>
        <vehicle id="16" x="612.92" y="201.65" angle="-90.00" type="DEFAULT_VEHTYPE" speed="5.58" pos="187.08" lane="4/1to3/1_0" slope="0.00"/>
        <vehicle id="17" x="398.35" y="302.08" angle="0.00" type="DEFAULT_VEHTYPE" speed="13.80" pos="93.17" lane="2/2to2/1_0" slope="0.00"/>
        <vehicle id="18" x="10.96" y="201.65" angle="-90.00" type="DEFAULT_VEHTYPE" speed="13.62" pos="184.29" lane="1/1to0/1_0" slope="0.00"/>
        <vehicle id="19" x="198.35" y="37.04" angle="0.00" type="DEFAULT_VEHTYPE" speed="13.65" pos="158.21" lane="1/1to1/0_0" slope="0.00"/>
        <vehicle id="2" x="587.70" y="198.35" angle="90.00" type="DEFAULT_VEHTYPE" speed="0.00" pos="182.95" lane="2/1to3/1_0" slope="0.00"/>
        <vehicle id="20" x="726.78" y="201.65" angle="-90.00" type="DEFAULT_VEHTYPE" speed="13.79" pos="73.22" lane="4/1to3/1_0" slope="0.00"/>
        <vehicle id="21" x="580.19" y="198.35" angle="90.00" type="DEFAULT_VEHTYPE" speed="0.00" pos="175.44" lane="2/1to3/1_0" slope="0.00"/>
        <vehicle id="22" x="340.07" y="198.35" angle="90.00" type="DEFAULT_VEHTYPE" speed="13.18" pos="135.32" lane="1/1to2/1_0" slope="0.00"/>
        <vehicle id="23" x="198.35" y="154.92" angle="0.00" type="DEFAULT_VEHTYPE" speed="13.23" pos="40.33" lane="1/1to1/0_0" slope="0.00"/>
        <vehicle id="24" x="572.63" y="198.35" angle="90.00" type="DEFAULT_VEHTYPE" speed="0.11" pos="167.88" lane="2/1to3/1_0" slope="0.00"/>
        <vehicle id="3" x="601.65" y="369.42" angle="180.00" type="DEFAULT_VEHTYPE" speed="13.34" pos="164.67" lane="3/1to3/2_0" slope="0.00"/>
        <vehicle id="4" x="398.35" y="168.46" angle="0.00" type="DEFAULT_VEHTYPE" speed="12.90" pos="26.79" lane="2/1to2/0_0" slope="0.00"/>
        <vehicle id="5" x="201.65" y="459.77" angle="180.00" type="DEFAULT_VEHTYPE" speed="13.59" pos="55.02" lane="1/2to1/3_0" slope="0.00"/>
        <vehicle id="6" x="595.21" y="198.35" angle="90.00" type="DEFAULT_VEHTYPE" speed="0.00" pos="190.46" lane="2/1to3/1_0" slope="0.00"/>
        <vehicle id="7" x="206.16" y="401.65" angle="-90.00" type="DEFAULT_VEHTYPE" speed="5.48" pos="189.09" lane="2/2to1/2_0" slope="0.00"/>
        <vehicle id="8" x="601.65" y="252.15" angle="180.00" type="DEFAULT_VEHTYPE" speed="12.90" pos="47.40" lane="3/1to3/2_0" slope="0.00"/>
        <vehicle id="9" x="401.65" y="147.24" angle="180.00" type="DEFAULT_VEHTYPE" speed="13.70" pos="147.24" lane="2/0to2/1_0" slope="0.00"/>
    </timestep>
    <timestep time="546.00">
        <vehicle id="0" x="398.60" y="396.98" angle="-34.97" type="DEFAULT_VEHTYPE" speed="8.19" pos="8.57" lane=":2/2_6_0" slope="0.00"/>
        <vehicle id="1" x="198.35" y="379.55" angle="0.00" type="DEFAULT_VEHTYPE" speed="9.34" pos="15.70" lane="1/2to1/1_0" slope="0.00"/>
        <vehicle id="11" x="391.09" y="198.35" angle="90.00" type="DEFAULT_VEHTYPE" speed="2.15" pos="186.34" lane="1/1to2/1_0" slope="0.00"/>
        <vehicle id="12" x="288.65" y="401.65" angle="-90.00" type="DEFAULT_VEHTYPE" speed="13.25" pos="106.60" lane="2/2to1/2_0" slope="0.00"/>
        <vehicle id="14" x="488.33" y="198.35" angle="90.00" type="DEFAULT_VEHTYPE" speed="13.18" pos="83.58" lane="2/1to3/1_0" slope="0.00"/>
        <vehicle id="15" x="398.35" y="55.29" angle="0.00" type="DEFAULT_VEHTYPE" speed="12.82" pos="139.96" lane="2/1to2/0_0" slope="0.00"/>
        <vehicle id="16" x="609.09" y="201.65" angle="-90.00" type="DEFAULT_VEHTYPE" speed="3.83" pos="190.91" lane="4/1to3/1_0" slope="0.00"/>
        <vehicle id="17" x="398.35" y="289.45" angle="0.00" type="DEFAULT_VEHTYPE" speed="12.64" pos="105.80" lane="2/2to2/1_0" slope="0.00"/>
        <vehicle id="18" x="-1.44" y="200.42" angle="-74.74" type="DEFAULT_VEHTYPE" speed="12.90" pos="1.94" lane=":0/1_0_0" slope="0.00"/>
        <vehicle id="19" x="198.35" y="23.22" angle="0.00" type="DEFAULT_VEHTYPE" speed="13.82" pos="172.03" lane="1/1to1/0_0" slope="0.00"/>
        <vehicle id="2" x="587.70" y="198.35" angle="90.00" type="DEFAULT_VEHTYPE" speed="0.00" pos="182.95" lane="2/1to3/1_0" slope="0.00"/>
        <vehicle id="20" x="713.89" y="201.65" angle="-90.00" type="DEFAULT_VEHTYPE" speed="12.90" pos="86.11" lane="4/1to3/1_0" slope="0.00"/>
        <vehicle id="21" x="580.19" y="198.35" angle="90.00" type="DEFAULT_VEHTYPE" speed="0.00" pos="175.44" lane="2/1to3/1_0" slope="0.00"/>
        <vehicle id="22" x="353.65" y="198.35" angle="90.00" type="DEFAULT_VEHTYPE" speed="13.58" pos="148.90" lane="1/1to2/1_0" slope="0.00"/>
        <vehicle id="23" x="198.35" y="142.05" angle="0.00" type="DEFAULT_VEHTYPE" speed="12.87" pos="53.20" lane="1/1to1/0_0" slope="0.00"/>
        <vehicle id="24" x="572.67" y="198.35" angle="90.00" type="DEFAULT_VEHTYPE" speed="0.03" pos="167.92" lane="2/1to3/1_0" slope="0.00"/>
        <vehicle id="3" x="601.65" y="379.65" angle="180.00" type="DEFAULT_VEHTYPE" speed="10.23" pos="174.90" lane="3/1to3/2_0" slope="0.00"/>
        <vehicle id="4" x="398.35" y="155.65" angle="0.00" type="DEFAULT_VEHTYPE" speed="12.82" pos="39.60" lane="2/1to2/0_0" slope="0.00"/>
        <vehicle id="5" x="201.65" y="472.78" angle="180.00" type="DEFAULT_VEHTYPE" speed="13.01" pos="68.03" lane="1/2to1/3_0" slope="0.00"/>
        <vehicle id="6" x="595.21" y="198.35" angle="90.00" type="DEFAULT_VEHTYPE" speed="0.00" pos="190.46" lane="2/1to3/1_0" slope="0.00"/>
        <vehicle id="7" x="199.23" y="401.65" angle="-90.00" type="DEFAULT_VEHTYPE" speed="6.93" pos="5.52" lane=":1/2_5_0" slope="0.00"/>
        <vehicle id="8" x="601.65" y="264.95" angle="180.00" type="DEFAULT_VEHTYPE" speed="12.79" pos="60.20" lane="3/1to3/2_0" slope="0.00"/>
        <vehicle id="9" x="401.65" y="161.01" angle="180.00" type="DEFAULT_VEHTYPE" speed="13.77" pos="161.01" lane="2/0to2/1_0" slope="0.00"/>
    </timestep>
    <timestep time="547.00">
        <vehicle id="0" x="398.35" y="387.48" angle="0.00" type="DEFAULT_VEHTYPE" speed="9.52" pos="7.77" lane="2/2to2/1_0" slope="0.00"/>
        <vehicle id="1" x="198.35" y="368.48" angle="0.00" type="DEFAULT_VEHTYPE" speed="11.07" pos="26.77" lane="1/2to1/1_0" slope="0.00"/>
        <vehicle id="11" x="392.29" y="198.35" angle="90.00" type="DEFAULT_VEHTYPE" speed="1.19" pos="187.54" lane="1/1to2/1_0" slope="0.00"/>
        <vehicle id="12" x="275.75" y="401.65" angle="-90.00" type="DEFAULT_VEHTYPE" speed="12.90" pos="119.50" lane="2/2to1/2_0" slope="0.00"/>
        <vehicle id="14" x="501.40" y="198.35" angle="90.00" type="DEFAULT_VEHTYPE" speed="13.07" pos="96.65" lane="2/1to3/1_0" slope="0.00"/>
        <vehicle id="15" x="398.35" y="41.85" angle="0.00" type="DEFAULT_VEHTYPE" speed="13.45" pos="153.40" lane="2/1to2/0_0" slope="0.00"/>
        <vehicle id="16" x="603.89" y="201.77" angle="-91.37" type="DEFAULT_VEHTYPE" speed="5.20" pos="0.86" lane=":3/1_4_0" slope="0.00"/>
        <vehicle id="17" x="398.35" y="275.70" angle="0.00" type="DEFAULT_VEHTYPE" speed="13.74" pos="119.55" lane="2/2to2/1_0" slope="0.00"/>
        <vehicle id="18" x="10.58" y="198.35" angle="90.00" type="DEFAULT_VEHTYPE" speed="13.46" pos="10.58" lane="0/1to1/1_0" slope="0.00"/>
        <vehicle id="19" x="198.35" y="9.70" angle="0.00" type="DEFAULT_VEHTYPE" speed="13.52" pos="185.55" lane="1/1to1/0_0" slope="0.00"/>
        <vehicle id="2" x="587.70" y="198.35" angle="90.00" type="DEFAULT_VEHTYPE" speed="0.00" pos="182.95" lane="2/1to3/1_0" slope="0.00"/>
        <vehicle id="20" x="700.44" y="201.65" angle="-90.00" type="DEFAULT_VEHTYPE" speed="13.45" pos="99.56" lane="4/1to3/1_0" slope="0.00"/>
        <vehicle id="21" x="580.19" y="198.35" angle="90.00" type="DEFAULT_VEHTYPE" speed="0.00" pos="175.44" lane="2/1to3/1_0" slope="0.00"/>
        <vehicle id="22" x="365.25" y="198.35" angle="90.00" type="DEFAULT_VEHTYPE" speed="11.60" pos="160.50" lane="1/1to2/1_0" slope="0.00"/>
        <vehicle id="23" x="198.35" y="128.46" angle="0.00" type="DEFAULT_VEHTYPE" speed="13.59" pos="66.79" lane="1/1to1/0_0" slope="0.00"/>
        <vehicle id="24" x="572.69" y="198.35" angle="90.00" type="DEFAULT_VEHTYPE" speed="0.02" pos="167.94" lane="2/1to3/1_0" slope="0.00"/>
        <vehicle id="3" x="601.65" y="386.69" angle="180.00" type="DEFAULT_VEHTYPE" speed="7.04" pos="181.94" lane="3/1to3/2_0" slope="0.00"/>
        <vehicle id="4" x="398.35" y="142.37" angle="0.00" type="DEFAULT_VEHTYPE" speed="13.28" pos="52.88" lane="2/1to2/0_0" slope="0.00"/>
        <vehicle id="5" x="201.65" y="486.20" angle="180.00" type="DEFAULT_VEHTYPE" speed="13.42" pos="81.45" lane="1/2to1/3_0" slope="0.00"/>
        <vehicle id="6" x="595.21" y="198.35" angle="90.00" type="DEFAULT_VEHTYPE" speed="0.00" pos="190.46" lane="2/1to3/1_0" slope="0.00"/>
        <vehicle id="7" x="190.49" y="401.65" angle="-90.00" type="DEFAULT_VEHTYPE" speed="8.75" pos="4.76" lane="1/2to0/2_0" slope="0.00"/>
        <vehicle id="8" x="601.65" y="277.67" angle="180.00" type="DEFAULT_VEHTYPE" speed="12.72" pos="72.92" lane="3/1to3/2_0" slope="0.00"/>
        <vehicle id="9" x="401.65" y="173.73" angle="180.00" type="DEFAULT_VEHTYPE" speed="12.72" pos="173.73" lane="2/0to2/1_0" slope="0.00"/>
    </timestep>
    <timestep time="548.00">
        <vehicle id="0" x="398.35" y="375.58" angle="0.00" type="DEFAULT_VEHTYPE" speed="11.90" pos="19.67" lane="2/2to2/1_0" slope="0.00"/>
        <vehicle id="1" x="198.35" y="355.54" angle="0.00" type="DEFAULT_VEHTYPE" speed="12.94" pos="39.71" lane="1/2to1/1_0" slope="0.00"/>
        <vehicle id="11" x="392.53" y="198.35" angle="90.00" type="DEFAULT_VEHTYPE" speed="0.24" pos="187.78" lane="1/1to2/1_0" slope="0.00"/>
        <vehicle id="12" x="261.87" y="401.65" angle="-90.00" type="DEFAULT_VEHTYPE" speed="13.88" pos="133.38" lane="2/2to1/2_0" slope="0.00"/>
        <vehicle id="14" x="514.22" y="198.35" angle="90.00" type="DEFAULT_VEHTYPE" speed="12.82" pos="109.47" lane="2/1to3/1_0" slope="0.00"/>
        <vehicle id="15" x="398.35" y="28.10" angle="0.00" type="DEFAULT_VEHTYPE" speed="13.74" pos="167.15" lane="2/1to2/0_0" slope="0.00"/>
        <vehicle id="16" x="601.65" y="207.72" angle="-173.83" type="DEFAULT_VEHTYPE" speed="7.11" pos="2.97" lane="3/1to3/2_0" slope="0.00"/>
        <vehicle id="17" x="398.35" y="262.38" angle="0.00" type="DEFAULT_VEHTYPE" speed="13.32" pos="132.87" lane="2/2to2/1_0" slope="0.00"/>
        <vehicle id="18" x="23.49" y="198.35" angle="90.00" type="DEFAULT_VEHTYPE" speed="12.91" pos="23.49" lane="0/1to1/1_0" slope="0.00"/>
        <vehicle id="19" x="200.60" y="-1.35" angle="34.42" type="DEFAULT_VEHTYPE" speed="12.77" pos="3.08" lane=":1/0_0_0" slope="0.00"/>
        <vehicle id="2" x="587.70" y="198.35" angle="90.00" type="DEFAULT_VEHTYPE" speed="0.00" pos="182.95" lane="2/1to3/1_0" slope="0.00"/>
        <vehicle id="20" x="687.32" y="201.65" angle="-90.00" type="DEFAULT_VEHTYPE" speed="13.11" pos="112.68" lane="4/1to3/1_0" slope="0.00"/>
        <vehicle id="21" x="580.19" y="198.35" angle="90.00" type="DEFAULT_VEHTYPE" speed="0.00" pos="175.44" lane="2/1to3/1_0" slope="0.00"/>
        <vehicle id="22" x="374.12" y="198.35" angle="90.00" type="DEFAULT_VEHTYPE" speed="8.87" pos="169.37" lane="1/1to2/1_0" slope="0.00"/>
        <vehicle id="23" x="198.35" y="115.62" angle="0.00" type="DEFAULT_VEHTYPE" speed="12.84" pos="79.63" lane="1/1to1/0_0" slope="0.00"/>
        <vehicle id="24" x="572.69" y="198.35" angle="90.00" type="DEFAULT_VEHTYPE" speed="0.00" pos="167.94" lane="2/1to3/1_0" slope="0.00"/>
        <vehicle id="3" x="601.65" y="390.24" angle="180.00" type="DEFAULT_VEHTYPE" speed="3.55" pos="185.49" lane="3/1to3/2_0" slope="0.00"/>
        <vehicle id="4" x="398.35" y="129.14" angle="0.00" type="DEFAULT_VEHTYPE" speed="13.23" pos="66.11" lane="2/1to2/0_0" slope="0.00"/>
        <vehicle id="5" x="201.65" y="499.27" angle="180.00" type="DEFAULT_VEHTYPE" speed="13.07" pos="94.52" lane="1/2to1/3_0" slope="0.00"/>
        <vehicle id="6" x="595.21" y="198.35" angle="90.00" type="DEFAULT_VEHTYPE" speed="0.00" pos="190.46" lane="2/1to3/1_0" slope="0.00"/>
        <vehicle id="7" x="180.44" y="401.65" angle="-90.00" type="DEFAULT_VEHTYPE" speed="10.05" pos="14.81" lane="1/2to0/2_0" slope="0.00"/>
        <vehicle id="8" x="601.65" y="290.72" angle="180.00" type="DEFAULT_VEHTYPE" speed="13.05" pos="85.97" lane="3/1to3/2_0" slope="0.00"/>
        <vehicle id="9" x="401.65" y="186.83" angle="180.00" type="DEFAULT_VEHTYPE" speed="13.11" pos="186.83" lane="2/0to2/1_0" slope="0.00"/>
    </timestep>
    <timestep time="549.00">
        <vehicle id="0" x="398.35" y="361.82" angle="0.00" type="DEFAULT_VEHTYPE" speed="13.76" pos="33.43" lane="2/2to2/1_0" slope="0.00"/>
        <vehicle id="1" x="198.35" y="342.19" angle="0.00" type="DEFAULT_VEHTYPE" speed="13.35" pos="53.06" lane="1/2to1/1_0" slope="0.00"/>
        <vehicle id="11" x="392.73" y="198.35" angle="90.00" type="DEFAULT_VEHTYPE" speed="0.20" pos="187.98" lane="1/1to2/1_0" slope="0.00"/>
        <vehicle id="12" x="248.67" y="401.65" angle="-90.00" type="DEFAULT_VEHTYPE" speed="13.20" pos="146.58" lane="2/2to1/2_0" slope="0.00"/>
        <vehicle id="14" x="527.76" y="198.35" angle="90.00" type="DEFAULT_VEHTYPE" speed="13.54" pos="123.01" lane="2/1to3/1_0" slope="0.00"/>
        <vehicle id="15" x="398.35" y="14.39" angle="0.00" type="DEFAULT_VEHTYPE" speed="13.72" pos="180.86" lane="2/1to2/0_0" slope="0.00"/>
        <vehicle id="16" x="601.65" y="216.90" angle="180.00" type="DEFAULT_VEHTYPE" speed="9.17" pos="12.15" lane="3/1to3/2_0" slope="0.00"/>
        <vehicle id="17" x="398.35" y="248.98" angle="0.00" type="DEFAULT_VEHTYPE" speed="13.40" pos="146.27" lane="2/2to2/1_0" slope="0.00"/>
        <vehicle id="18" x="36.44" y="198.35" angle="90.00" type="DEFAULT_VEHTYPE" speed="12.95" pos="36.44" lane="0/1to1/1_0" slope="0.00"/>
        <vehicle id="19" x="201.65" y="11.47" angle="180.00" type="DEFAULT_VEHTYPE" speed="13.22" pos="11.47" lane="1/0to1/1_0" slope="0.00"/>
        <vehicle id="2" x="587.70" y="198.35" angle="90.00" type="DEFAULT_VEHTYPE" speed="0.00" pos="182.95" lane="2/1to3/1_0" slope="0.00"/>
        <vehicle id="20" x="674.08" y="201.65" angle="-90.00" type="DEFAULT_VEHTYPE" speed="13.25" pos="125.92" lane="4/1to3/1_0" slope="0.00"/>
        <vehicle id="21" x="580.19" y="198.35" angle="90.00" type="DEFAULT_VEHTYPE" speed="0.00" pos="175.44" lane="2/1to3/1_0" slope="0.00"/>
        <vehicle id="22" x="379.90" y="198.35" angle="90.00" type="DEFAULT_VEHTYPE" speed="5.79" pos="175.15" lane="1/1to2/1_0" slope="0.00"/>
        <vehicle id="23" x="198.35" y="102.81" angle="0.00" type="DEFAULT_VEHTYPE" speed="12.80" pos="92.44" lane="1/1to1/0_0" slope="0.00"/>
        <vehicle id="24" x="572.69" y="198.35" angle="90.00" type="DEFAULT_VEHTYPE" speed="0.00" pos="167.94" lane="2/1to3/1_0" slope="0.00"/>
        <vehicle id="3" x="601.63" y="395.39" angle="-179.77" type="DEFAULT_VEHTYPE" speed="5.15" pos="0.14" lane=":3/2_10_0" slope="0.00"/>
        <vehicle id="4" x="398.35" y="115.78" angle="0.00" type="DEFAULT_VEHTYPE" speed="13.36" pos="79.47" lane="2/1to2/0_0" slope="0.00"/>
        <vehicle id="5" x="201.65" y="511.97" angle="180.00" type="DEFAULT_VEHTYPE" speed="12.70" pos="107.22" lane="1/2to1/3_0" slope="0.00"/>
        <vehicle id="6" x="595.21" y="198.35" angle="90.00" type="DEFAULT_VEHTYPE" speed="0.00" pos="190.46" lane="2/1to3/1_0" slope="0.00"/>
        <vehicle id="7" x="168.39" y="401.65" angle="-90.00" type="DEFAULT_VEHTYPE" speed="12.05" pos="26.86" lane="1/2to0/2_0" slope="0.00"/>
        <vehicle id="8" x="601.65" y="303.55" angle="180.00" type="DEFAULT_VEHTYPE" speed="12.83" pos="98.80" lane="3/1to3/2_0" slope="0.00"/>
        <vehicle id="9" x="403.98" y="198.24" angle="148.38" type="DEFAULT_VEHTYPE" speed="12.64" pos="4.22" lane=":2/1_8_0" slope="0.00"/>
    </timestep>
    <timestep time="550.00">
        <vehicle id="0" x="398.35" y="348.07" angle="0.00" type="DEFAULT_VEHTYPE" speed="13.75" pos="47.18" lane="2/2to2/1_0" slope="0.00"/>
        <vehicle id="1" x="198.35" y="328.53" angle="0.00" type="DEFAULT_VEHTYPE" speed="13.66" pos="66.72" lane="1/2to1/1_0" slope="0.00"/>
        <vehicle id="11" x="392.75" y="198.35" angle="90.00" type="DEFAULT_VEHTYPE" speed="0.02" pos="188.00" lane="1/1to2/1_0" slope="0.00"/>
        <vehicle id="12" x="234.83" y="401.65" angle="-90.00" type="DEFAULT_VEHTYPE" speed="13.84" pos="160.42" lane="2/2to1/2_0" slope="0.00"/>
        <vehicle id="14" x="541.16" y="198.35" angle="90.00" type="DEFAULT_VEHTYPE" speed="13.40" pos="136.41" lane="2/1to3/1_0" slope="0.00"/>
        <vehicle id="15" x="398.35" y="1.16" angle="0.00" type="DEFAULT_VEHTYPE" speed="13.22" pos="194.09" lane="2/1to2/0_0" slope="0.00"/>
        <vehicle id="16" x="601.65" y="227.55" angle="180.00" type="DEFAULT_VEHTYPE" speed="10.65" pos="22.80" lane="3/1to3/2_0" slope="0.00"/>
        <vehicle id="17" x="398.35" y="236.04" angle="0.00" type="DEFAULT_VEHTYPE" speed="12.93" pos="159.21" lane="2/2to2/1_0" slope="0.00"/>
        <vehicle id="18" x="50.02" y="198.35" angle="90.00" type="DEFAULT_VEHTYPE" speed="13.58" pos="50.02" lane="0/1to1/1_0" slope="0.00"/>
        <vehicle id="19" x="201.65" y="24.98" angle="180.00" type="DEFAULT_VEHTYPE" speed="13.51" pos="24.98" lane="1/0to1/1_0" slope="0.00"/>
        <vehicle id="2" x="587.70" y="198.35" angle="90.00" type="DEFAULT_VEHTYPE" speed="0.00" pos="182.95" lane="2/1to3/1_0" slope="0.00"/>
        <vehicle id="20" x="660.95" y="201.65" angle="-90.00" type="DEFAULT_VEHTYPE" speed="13.13" pos="139.05" lane="4/1to3/1_0" slope="0.00"/>
        <vehicle id="21" x="580.19" y="198.35" angle="90.00" type="DEFAULT_VEHTYPE" speed="0.00" pos="175.44" lane="2/1to3/1_0" slope="0.00"/>
        <vehicle id="22" x="383.51" y="198.35" angle="90.00" type="DEFAULT_VEHTYPE" speed="3.60" pos="178.76" lane="1/1to2/1_0" slope="0.00"/>
        <vehicle id="23" x="198.35" y="89.99" angle="0.00" type="DEFAULT_VEHTYPE" speed="12.83" pos="105.26" lane="1/1to1/0_0" slope="0.00"/>
        <vehicle id="24" x="572.69" y="198.35" angle="90.00" type="DEFAULT_VEHTYPE" speed="0.00" pos="167.94" lane="2/1to3/1_0" slope="0.00"/>
        <vehicle id="3" x="598.34" y="401.08" angle="-140.85" type="DEFAULT_VEHTYPE" speed="7.01" pos="0.01" lane=":3/2_18_0" slope="0.00"/>
        <vehicle id="4" x="398.35" y="102.17" angle="0.00" type="DEFAULT_VEHTYPE" speed="13.60" pos="93.08" lane="2/1to2/0_0" slope="0.00"/>
        <vehicle id="5" x="201.65" y="525.61" angle="180.00" type="DEFAULT_VEHTYPE" speed="13.64" pos="120.86" lane="1/2to1/3_0" slope="0.00"/>
        <vehicle id="6" x="597.36" y="198.65" angle="93.47" type="DEFAULT_VEHTYPE" speed="2.18" pos="2.14" lane=":3/1_14_0" slope="0.00"/>
        <vehicle id="7" x="155.65" y="401.65" angle="-90.00" type="DEFAULT_VEHTYPE" speed="12.75" pos="39.60" lane="1/2to0/2_0" slope="0.00"/>
        <vehicle id="8" x="601.65" y="316.23" angle="180.00" type="DEFAULT_VEHTYPE" speed="12.67" pos="111.48" lane="3/1to3/2_0" slope="0.00"/>
        <vehicle id="9" x="417.58" y="198.35" angle="90.00" type="DEFAULT_VEHTYPE" speed="13.61" pos="12.83" lane="2/1to3/1_0" slope="0.00"/>
    </timestep>
    <timestep time="551.00">
        <vehicle id="0" x="398.35" y="334.90" angle="0.00" type="DEFAULT_VEHTYPE" speed="13.18" pos="60.35" lane="2/2to2/1_0" slope="0.00"/>
        <vehicle id="1" x="198.35" y="315.36" angle="0.00" type="DEFAULT_VEHTYPE" speed="13.16" pos="79.89" lane="1/2to1/1_0" slope="0.00"/>
        <vehicle id="11" x="392.75" y="198.35" angle="90.00" type="DEFAULT_VEHTYPE" speed="0.00" pos="188.00" lane="1/1to2/1_0" slope="0.00"/>
        <vehicle id="12" x="223.15" y="401.65" angle="-90.00" type="DEFAULT_VEHTYPE" speed="11.68" pos="172.10" lane="2/2to1/2_0" slope="0.00"/>
        <vehicle id="14" x="551.22" y="198.35" angle="90.00" type="DEFAULT_VEHTYPE" speed="10.06" pos="146.47" lane="2/1to3/1_0" slope="0.00"/>
        <vehicle id="15" x="401.65" y="7.70" angle="180.00" type="DEFAULT_VEHTYPE" speed="13.68" pos="7.70" lane="2/0to2/1_0" slope="0.00"/>
        <vehicle id="16" x="601.65" y="240.19" angle="180.00" type="DEFAULT_VEHTYPE" speed="12.64" pos="35.44" lane="3/1to3/2_0" slope="0.00"/>
        <vehicle id="17" x="398.35" y="224.43" angle="0.00" type="DEFAULT_VEHTYPE" speed="11.62" pos="170.82" lane="2/2to2/1_0" slope="0.00"/>
        <vehicle id="18" x="62.85" y="198.35" angle="90.00" type="DEFAULT_VEHTYPE" speed="12.82" pos="62.85" lane="0/1to1/1_0" slope="0.00"/>
        <vehicle id="19" x="201.65" y="38.11" angle="180.00" type="DEFAULT_VEHTYPE" speed="13.13" pos="38.11" lane="1/0to1/1_0" slope="0.00"/>
        <vehicle id="2" x="589.44" y="198.35" angle="90.00" type="DEFAULT_VEHTYPE" speed="1.74" pos="184.69" lane="2/1to3/1_0" slope="0.00"/>
        <vehicle id="20" x="647.45" y="201.65" angle="-90.00" type="DEFAULT_VEHTYPE" speed="13.50" pos="152.55" lane="4/1to3/1_0" slope="0.00"/>
        <vehicle id="21" x="580.19" y="198.35" angle="90.00" type="DEFAULT_VEHTYPE" speed="0.00" pos="175.44" lane="2/1to3/1_0" slope="0.00"/>
        <vehicle id="22" x="384.78" y="198.35" angle="90.00" type="DEFAULT_VEHTYPE" speed="1.27" pos="180.03" lane="1/1to2/1_0" slope="0.00"/>
        <vehicle id="23" x="198.35" y="77.38" angle="0.00" type="DEFAULT_VEHTYPE" speed="12.61" pos="117.87" lane="1/1to1/0_0" slope="0.00"/>
        <vehicle id="24" x="572.69" y="198.35" angle="90.00" type="DEFAULT_VEHTYPE" speed="0.00" pos="167.94" lane="2/1to3/1_0" slope="0.00"/>
        <vehicle id="3" x="589.01" y="401.65" angle="-90.00" type="DEFAULT_VEHTYPE" speed="9.40" pos="6.24" lane="3/2to2/2_0" slope="0.00"/>
        <vehicle id="4" x="398.35" y="88.43" angle="0.00" type="DEFAULT_VEHTYPE" speed="13.75" pos="106.82" lane="2/1to2/0_0" slope="0.00"/>
        <vehicle id="5" x="201.65" y="539.45" angle="180.00" type="DEFAULT_VEHTYPE" speed="13.84" pos="134.70" lane="1/2to1/3_0" slope="0.00"/>
        <vehicle id="6" x="600.72" y="201.07" angle="122.01" type="DEFAULT_VEHTYPE" speed="4.33" pos="6.47" lane=":3/1_14_0" slope="0.00"/>
        <vehicle id="7" x="142.02" y="401.65" angle="-90.00" type="DEFAULT_VEHTYPE" speed="13.63" pos="53.23" lane="1/2to0/2_0" slope="0.00"/>
        <vehicle id="8" x="601.65" y="329.89" angle="180.00" type="DEFAULT_VEHTYPE" speed="13.67" pos="125.14" lane="3/1to3/2_0" slope="0.00"/>
        <vehicle id="9" x="430.63" y="198.35" angle="90.00" type="DEFAULT_VEHTYPE" speed="13.05" pos="25.88" lane="2/1to3/1_0" slope="0.00"/>
    </timestep>
    <timestep time="552.00">
        <vehicle id="0" x="398.35" y="322.13" angle="0.00" type="DEFAULT_VEHTYPE" speed="12.77" pos="73.12" lane="2/2to2/1_0" slope="0.00"/>
        <vehicle id="1" x="198.35" y="302.30" angle="0.00" type="DEFAULT_VEHTYPE" speed="13.06" pos="92.95" lane="1/2to1/1_0" slope="0.00"/>
        <vehicle id="11" x="392.75" y="198.35" angle="90.00" type="DEFAULT_VEHTYPE" speed="0.00" pos="188.00" lane="1/1to2/1_0" slope="0.00"/>
        <vehicle id="12" x="215.53" y="401.65" angle="-90.00" type="DEFAULT_VEHTYPE" speed="7.62" pos="179.72" lane="2/2to1/2_0" slope="0.00"/>
        <vehicle id="14" x="558.20" y="198.35" angle="90.00" type="DEFAULT_VEHTYPE" speed="6.98" pos="153.45" lane="2/1to3/1_0" slope="0.00"/>
        <vehicle id="15" x="401.65" y="21.38" angle="180.00" type="DEFAULT_VEHTYPE" speed="13.68" pos="21.38" lane="2/0to2/1_0" slope="0.00"/>
        <vehicle id="16" x="601.65" y="253.81" angle="180.00" type="DEFAULT_VEHTYPE" speed="13.62" pos="49.06" lane="3/1to3/2_0" slope="0.00"/>
        <vehicle id="17" x="398.35" y="216.14" angle="0.00" type="DEFAULT_VEHTYPE" speed="8.29" pos="179.11" lane="2/2to2/1_0" slope="0.00"/>
        <vehicle id="18" x="75.56" y="198.35" angle="90.00" type="DEFAULT_VEHTYPE" speed="12.71" pos="75.56" lane="0/1to1/1_0" slope="0.00"/>
        <vehicle id="19" x="201.65" y="51.51" angle="180.00" type="DEFAULT_VEHTYPE" speed="13.39" pos="51.51" lane="1/0to1/1_0" slope="0.00"/>
        <vehicle id="2" x="591.54" y="198.35" angle="90.00" type="DEFAULT_VEHTYPE" speed="2.10" pos="186.79" lane="2/1to3/1_0" slope="0.00"/>
        <vehicle id="20" x="634.08" y="201.65" angle="-90.00" type="DEFAULT_VEHTYPE" speed="13.38" pos="165.92" lane="4/1to3/1_0" slope="0.00"/>
        <vehicle id="21" x="581.56" y="198.35" angle="90.00" type="DEFAULT_VEHTYPE" speed="1.36" pos="176.81" lane="2/1to3/1_0" slope="0.00"/>
        <vehicle id="22" x="385.13" y="198.35" angle="90.00" type="DEFAULT_VEHTYPE" speed="0.35" pos="180.38" lane="1/1to2/1_0" slope="0.00"/>
        <vehicle id="23" x="198.35" y="63.94" angle="0.00" type="DEFAULT_VEHTYPE" speed="13.44" pos="131.31" lane="1/1to1/0_0" slope="0.00"/>
        <vehicle id="24" x="572.69" y="198.35" angle="90.00" type="DEFAULT_VEHTYPE" speed="0.00" pos="167.94" lane="2/1to3/1_0" slope="0.00"/>
        <vehicle id="3" x="577.56" y="401.65" angle="-90.00" type="DEFAULT_VEHTYPE" speed="11.45" pos="17.69" lane="3/2to2/2_0" slope="0.00"/>
        <vehicle id="4" x="398.35" y="75.21" angle="0.00" type="DEFAULT_VEHTYPE" speed="13.21" pos="120.04" lane="2/1to2/0_0" slope="0.00"/>
        <vehicle id="5" x="201.65" y="553.03" angle="180.00" type="DEFAULT_VEHTYPE" speed="13.58" pos="148.28" lane="1/2to1/3_0" slope="0.00"/>
        <vehicle id="6" x="601.65" y="206.84" angle="174.87" type="DEFAULT_VEHTYPE" speed="5.94" pos="2.09" lane="3/1to3/2_0" slope="0.00"/>
        <vehicle id="7" x="128.30" y="401.65" angle="-90.00" type="DEFAULT_VEHTYPE" speed="13.72" pos="66.95" lane="1/2to0/2_0" slope="0.00"/>
        <vehicle id="8" x="601.65" y="343.27" angle="180.00" type="DEFAULT_VEHTYPE" speed="13.38" pos="138.52" lane="3/1to3/2_0" slope="0.00"/>
        <vehicle id="9" x="444.01" y="198.35" angle="90.00" type="DEFAULT_VEHTYPE" speed="13.38" pos="39.26" lane="2/1to3/1_0" slope="0.00"/>
    </timestep>
    <timestep time="553.00">
        <vehicle id="0" x="398.35" y="308.31" angle="0.00" type="DEFAULT_VEHTYPE" speed="13.82" pos="86.94" lane="2/2to2/1_0" slope="0.00"/>
        <vehicle id="1" x="198.35" y="289.24" angle="0.00" type="DEFAULT_VEHTYPE" speed="13.06" pos="106.01" lane="1/2to1/1_0" slope="0.00"/>
        <vehicle id="11" x="392.75" y="198.35" angle="90.00" type="DEFAULT_VEHTYPE" speed="0.00" pos="188.00" lane="1/1to2/1_0" slope="0.00"/>
        <vehicle id="12" x="211.31" y="401.65" angle="-90.00" type="DEFAULT_VEHTYPE" speed="4.21" pos="183.94" lane="2/2to1/2_0" slope="0.00"/>
        <vehicle id="14" x="562.78" y="198.35" angle="90.00" type="DEFAULT_VEHTYPE" speed="4.58" pos="158.03" lane="2/1to3/1_0" slope="0.00"/>
        <vehicle id="15" x="401.65" y="35.23" angle="180.00" type="DEFAULT_VEHTYPE" speed="13.85" pos="35.23" lane="2/0to2/1_0" slope="0.00"/>
        <vehicle id="16" x="601.65" y="267.52" angle="180.00" type="DEFAULT_VEHTYPE" speed="13.71" pos="62.77" lane="3/1to3/2_0" slope="0.00"/>
        <vehicle id="17" x="398.35" y="211.86" angle="0.00" type="DEFAULT_VEHTYPE" speed="4.27" pos="183.39" lane="2/2to2/1_0" slope="0.00"/>
        <vehicle id="18" x="88.84" y="198.35" angle="90.00" type="DEFAULT_VEHTYPE" speed="13.28" pos="88.84" lane="0/1to1/1_0" slope="0.00"/>
        <vehicle id="19" x="201.65" y="65.17" angle="180.00" type="DEFAULT_VEHTYPE" speed="13.66" pos="65.17" lane="1/0to1/1_0" slope="0.00"/>
        <vehicle id="2" x="592.36" y="198.35" angle="90.00" type="DEFAULT_VEHTYPE" speed="0.82" pos="187.61" lane="2/1to3/1_0" slope="0.00"/>
        <vehicle id="20" x="622.97" y="201.65" angle="-90.00" type="DEFAULT_VEHTYPE" speed="11.11" pos="177.03" lane="4/1to3/1_0" slope="0.00"/>
        <vehicle id="21" x="583.20" y="198.35" angle="90.00" type="DEFAULT_VEHTYPE" speed="1.65" pos="178.45" lane="2/1to3/1_0" slope="0.00"/>
        <vehicle id="22" x="385.23" y="198.35" angle="90.00" type="DEFAULT_VEHTYPE" speed="0.10" pos="180.48" lane="1/1to2/1_0" slope="0.00"/>
        <vehicle id="23" x="198.35" y="51.20" angle="0.00" type="DEFAULT_VEHTYPE" speed="12.74" pos="144.05" lane="1/1to1/0_0" slope="0.00"/>
        <vehicle id="24" x="573.68" y="198.35" angle="90.00" type="DEFAULT_VEHTYPE" speed="0.99" pos="168.93" lane="2/1to3/1_0" slope="0.00"/>
        <vehicle id="3" x="563.89" y="401.65" angle="-90.00" type="DEFAULT_VEHTYPE" speed="13.67" pos="31.36" lane="3/2to2/2_0" slope="0.00"/>
        <vehicle id="4" x="398.35" y="62.39" angle="0.00" type="DEFAULT_VEHTYPE" speed="12.82" pos="132.86" lane="2/1to2/0_0" slope="0.00"/>
        <vehicle id="5" x="201.65" y="566.31" angle="180.00" type="DEFAULT_VEHTYPE" speed="13.28" pos="161.56" lane="1/2to1/3_0" slope="0.00"/>
        <vehicle id="6" x="601.65" y="214.69" angle="180.00" type="DEFAULT_VEHTYPE" speed="7.85" pos="9.94" lane="3/1to3/2_0" slope="0.00"/>
        <vehicle id="7" x="114.48" y="401.65" angle="-90.00" type="DEFAULT_VEHTYPE" speed="13.82" pos="80.77" lane="1/2to0/2_0" slope="0.00"/>
        <vehicle id="8" x="601.65" y="357.00" angle="180.00" type="DEFAULT_VEHTYPE" speed="13.73" pos="152.25" lane="3/1to3/2_0" slope="0.00"/>
        <vehicle id="9" x="457.09" y="198.35" angle="90.00" type="DEFAULT_VEHTYPE" speed="13.08" pos="52.34" lane="2/1to3/1_0" slope="0.00"/>
    </timestep>
    <timestep time="554.00">
        <vehicle id="0" x="398.35" y="295.27" angle="0.00" type="DEFAULT_VEHTYPE" speed="13.04" pos="99.98" lane="2/2to2/1_0" slope="0.00"/>
        <vehicle id="1" x="198.35" y="275.45" angle="0.00" type="DEFAULT_VEHTYPE" speed="13.79" pos="119.80" lane="1/2to1/1_0" slope="0.00"/>
        <vehicle id="11" x="392.75" y="198.35" angle="90.00" type="DEFAULT_VEHTYPE" speed="0.00" pos="188.00" lane="1/1to2/1_0" slope="0.00"/>
        <vehicle id="12" x="205.03" y="401.65" angle="-90.00" type="DEFAULT_VEHTYPE" speed="6.28" pos="190.22" lane="2/2to1/2_0" slope="0.00"/>
        <vehicle id="14" x="564.74" y="198.35" angle="90.00" type="DEFAULT_VEHTYPE" speed="1.96" pos="159.99" lane="2/1to3/1_0" slope="0.00"/>
        <vehicle id="15" x="401.65" y="49.11" angle="180.00" type="DEFAULT_VEHTYPE" speed="13.88" pos="49.11" lane="2/0to2/1_0" slope="0.00"/>
        <vehicle id="16" x="601.65" y="280.50" angle="180.00" type="DEFAULT_VEHTYPE" speed="12.98" pos="75.75" lane="3/1to3/2_0" slope="0.00"/>
        <vehicle id="17" x="398.35" y="208.68" angle="0.00" type="DEFAULT_VEHTYPE" speed="3.18" pos="186.57" lane="2/2to2/1_0" slope="0.00"/>
        <vehicle id="18" x="101.89" y="198.35" angle="90.00" type="DEFAULT_VEHTYPE" speed="13.06" pos="101.89" lane="0/1to1/1_0" slope="0.00"/>
        <vehicle id="19" x="201.65" y="77.83" angle="180.00" type="DEFAULT_VEHTYPE" speed="12.67" pos="77.83" lane="1/0to1/1_0" slope="0.00"/>
        <vehicle id="2" x="592.55" y="198.35" angle="90.00" type="DEFAULT_VEHTYPE" speed="0.19" pos="187.80" lane="2/1to3/1_0" slope="0.00"/>
        <vehicle id="20" x="615.09" y="201.65" angle="-90.00" type="DEFAULT_VEHTYPE" speed="7.88" pos="184.91" lane="4/1to3/1_0" slope="0.00"/>
        <vehicle id="21" x="584.54" y="198.35" angle="90.00" type="DEFAULT_VEHTYPE" speed="1.34" pos="179.79" lane="2/1to3/1_0" slope="0.00"/>
        <vehicle id="22" x="385.24" y="198.35" angle="90.00" type="DEFAULT_VEHTYPE" speed="0.01" pos="180.49" lane="1/1to2/1_0" slope="0.00"/>
        <vehicle id="23" x="198.35" y="38.06" angle="0.00" type="DEFAULT_VEHTYPE" speed="13.14" pos="157.19" lane="1/1to1/0_0" slope="0.00"/>
        <vehicle id="24" x="575.31" y="198.35" angle="90.00" type="DEFAULT_VEHTYPE" speed="1.63" pos="170.56" lane="2/1to3/1_0" slope="0.00"/>
        <vehicle id="3" x="550.52" y="401.65" angle="-90.00" type="DEFAULT_VEHTYPE" speed="13.37" pos="44.73" lane="3/2to2/2_0" slope="0.00"/>
        <vehicle id="4" x="398.35" y="49.78" angle="0.00" type="DEFAULT_VEHTYPE" speed="12.61" pos="145.47" lane="2/1to2/0_0" slope="0.00"/>
        <vehicle id="5" x="201.65" y="579.85" angle="180.00" type="DEFAULT_VEHTYPE" speed="13.55" pos="175.10" lane="1/2to1/3_0" slope="0.00"/>
        <vehicle id="6" x="601.65" y="225.14" angle="180.00" type="DEFAULT_VEHTYPE" speed="10.45" pos="20.39" lane="3/1to3/2_0" slope="0.00"/>
        <vehicle id="7" x="100.60" y="401.65" angle="-90.00" type="DEFAULT_VEHTYPE" speed="13.88" pos="94.65" lane="1/2to0/2_0" slope="0.00"/>
        <vehicle id="8" x="601.65" y="369.94" angle="180.00" type="DEFAULT_VEHTYPE" speed="12.94" pos="165.19" lane="3/1to3/2_0" slope="0.00"/>
        <vehicle id="9" x="470.77" y="198.35" angle="90.00" type="DEFAULT_VEHTYPE" speed="13.68" pos="66.02" lane="2/1to3/1_0" slope="0.00"/>
    </timestep>
    <timestep time="555.00">
        <vehicle id="0" x="398.35" y="282.13" angle="0.00" type="DEFAULT_VEHTYPE" speed="13.14" pos="113.12" lane="2/2to2/1_0" slope="0.00"/>
        <vehicle id="1" x="198.35" y="262.78" angle="0.00" type="DEFAULT_VEHTYPE" speed="12.67" pos="132.47" lane="1/2to1/1_0" slope="0.00"/>
        <vehicle id="11" x="392.75" y="198.35" angle="90.00" type="DEFAULT_VEHTYPE" speed="0.00" pos="188.00" lane="1/1to2/1_0" slope="0.00"/>
        <vehicle id="12" x="198.74" y="397.96" angle="-46.07" type="DEFAULT_VEHTYPE" speed="7.87" pos="7.59" lane=":1/2_6_0" slope="0.00"/>
        <vehicle id="14" x="567.14" y="198.35" angle="90.00" type="DEFAULT_VEHTYPE" speed="2.40" pos="162.39" lane="2/1to3/1_0" slope="0.00"/>
        <vehicle id="15" x="401.65" y="62.12" angle="180.00" type="DEFAULT_VEHTYPE" speed="13.00" pos="62.12" lane="2/0to2/1_0" slope="0.00"/>
        <vehicle id="16" x="601.65" y="293.97" angle="180.00" type="DEFAULT_VEHTYPE" speed="13.47" pos="89.22" lane="3/1to3/2_0" slope="0.00"/>
        <vehicle id="17" x="398.57" y="203.18" angle="2.58" type="DEFAULT_VEHTYPE" speed="5.52" pos="1.59" lane=":2/1_2_0" slope="0.00"/>
        <vehicle id="18" x="114.55" y="198.35" angle="90.00" type="DEFAULT_VEHTYPE" speed="12.66" pos="114.55" lane="0/1to1/1_0" slope="0.00"/>
        <vehicle id="19" x="201.65" y="91.51" angle="180.00" type="DEFAULT_VEHTYPE" speed="13.68" pos="91.51" lane="1/0to1/1_0" slope="0.00"/>
        <vehicle id="2" x="592.65" y="198.35" angle="90.00" type="DEFAULT_VEHTYPE" speed="0.10" pos="187.90" lane="2/1to3/1_0" slope="0.00"/>
        <vehicle id="20" x="610.50" y="201.65" angle="-90.00" type="DEFAULT_VEHTYPE" speed="4.60" pos="189.50" lane="4/1to3/1_0" slope="0.00"/>
        <vehicle id="21" x="584.82" y="198.35" angle="90.00" type="DEFAULT_VEHTYPE" speed="0.29" pos="180.07" lane="2/1to3/1_0" slope="0.00"/>
        <vehicle id="22" x="385.24" y="198.35" angle="90.00" type="DEFAULT_VEHTYPE" speed="0.00" pos="180.49" lane="1/1to2/1_0" slope="0.00"/>
        <vehicle id="23" x="198.35" y="24.71" angle="0.00" type="DEFAULT_VEHTYPE" speed="13.35" pos="170.54" lane="1/1to1/0_0" slope="0.00"/>
        <vehicle id="24" x="576.14" y="198.35" angle="90.00" type="DEFAULT_VEHTYPE" speed="0.83" pos="171.39" lane="2/1to3/1_0" slope="0.00"/>
        <vehicle id="3" x="536.89" y="401.65" angle="-90.00" type="DEFAULT_VEHTYPE" speed="13.63" pos="58.36" lane="3/2to2/2_0" slope="0.00"/>
        <vehicle id="4" x="398.35" y="36.97" angle="0.00" type="DEFAULT_VEHTYPE" speed="12.82" pos="158.28" lane="2/1to2/0_0" slope="0.00"/>
        <vehicle id="5" x="201.65" y="593.46" angle="180.00" type="DEFAULT_VEHTYPE" speed="13.60" pos="188.71" lane="1/2to1/3_0" slope="0.00"/>
        <vehicle id="6" x="601.65" y="237.61" angle="180.00" type="DEFAULT_VEHTYPE" speed="12.47" pos="32.86" lane="3/1to3/2_0" slope="0.00"/>
        <vehicle id="7" x="87.41" y="401.65" angle="-90.00" type="DEFAULT_VEHTYPE" speed="13.19" pos="107.84" lane="1/2to0/2_0" slope="0.00"/>
        <vehicle id="8" x="601.65" y="379.69" angle="180.00" type="DEFAULT_VEHTYPE" speed="9.75" pos="174.94" lane="3/1to3/2_0" slope="0.00"/>
        <vehicle id="9" x="484.23" y="198.35" angle="90.00" type="DEFAULT_VEHTYPE" speed="13.46" pos="79.48" lane="2/1to3/1_0" slope="0.00"/>
    </timestep>
    <timestep time="556.00">
        <vehicle id="0" x="398.35" y="268.61" angle="0.00" type="DEFAULT_VEHTYPE" speed="13.52" pos="126.64" lane="2/2to2/1_0" slope="0.00"/>
        <vehicle id="1" x="198.35" y="249.70" angle="0.00" type="DEFAULT_VEHTYPE" speed="13.08" pos="145.55" lane="1/2to1/1_0" slope="0.00"/>
        <vehicle id="11" x="392.75" y="198.35" angle="90.00" type="DEFAULT_VEHTYPE" speed="0.00" pos="188.00" lane="1/1to2/1_0" slope="0.00"/>
        <vehicle id="12" x="198.35" y="388.60" angle="0.00" type="DEFAULT_VEHTYPE" speed="9.38" pos="6.65" lane="1/2to1/1_0" slope="0.00"/>
        <vehicle id="14" x="567.97" y="198.35" angle="90.00" type="DEFAULT_VEHTYPE" speed="0.83" pos="163.22" lane="2/1to3/1_0" slope="0.00"/>
        <vehicle id="15" x="401.65" y="74.78" angle="180.00" type="DEFAULT_VEHTYPE" speed="12.66" pos="74.78" lane="2/0to2/1_0" slope="0.00"/>
        <vehicle id="16" x="601.65" y="307.53" angle="180.00" type="DEFAULT_VEHTYPE" speed="13.56" pos="102.78" lane="3/1to3/2_0" slope="0.00"/>
        <vehicle id="17" x="404.08" y="198.45" angle="66.12" type="DEFAULT_VEHTYPE" speed="8.06" pos="2.50" lane=":2/1_16_0" slope="0.00"/>
        <vehicle id="18" x="128.45" y="198.35" angle="90.00" type="DEFAULT_VEHTYPE" speed="13.90" pos="128.45" lane="0/1to1/1_0" slope="0.00"/>
        <vehicle id="19" x="201.65" y="104.71" angle="180.00" type="DEFAULT_VEHTYPE" speed="13.19" pos="104.71" lane="1/0to1/1_0" slope="0.00"/>
        <vehicle id="2" x="592.72" y="198.35" angle="90.00" type="DEFAULT_VEHTYPE" speed="0.07" pos="187.97" lane="2/1to3/1_0" slope="0.00"/>
        <vehicle id="20" x="603.81" y="201.78" angle="-91.50" type="DEFAULT_VEHTYPE" speed="6.69" pos="0.94" lane=":3/1_4_0" slope="0.00"/>
        <vehicle id="21" x="585.11" y="198.35" angle="90.00" type="DEFAULT_VEHTYPE" speed="0.29" pos="180.36" lane="2/1to3/1_0" slope="0.00"/>
        <vehicle id="22" x="385.24" y="198.35" angle="90.00" type="DEFAULT_VEHTYPE" speed="0.00" pos="180.49" lane="1/1to2/1_0" slope="0.00"/>
        <vehicle id="23" x="198.35" y="11.79" angle="0.00" type="DEFAULT_VEHTYPE" speed="12.92" pos="183.46" lane="1/1to1/0_0" slope="0.00"/>
        <vehicle id="24" x="576.87" y="198.35" angle="90.00" type="DEFAULT_VEHTYPE" speed="0.74" pos="172.12" lane="2/1to3/1_0" slope="0.00"/>
        <vehicle id="3" x="523.37" y="401.65" angle="-90.00" type="DEFAULT_VEHTYPE" speed="13.52" pos="71.88" lane="3/2to2/2_0" slope="0.00"/>
        <vehicle id="4" x="398.35" y="24.27" angle="0.00" type="DEFAULT_VEHTYPE" speed="12.70" pos="170.98" lane="2/1to2/0_0" slope="0.00"/>
        <vehicle id="5" x="211.31" y="598.35" angle="90.00" type="DEFAULT_VEHTYPE" speed="13.35" pos="6.56" lane="1/3to2/3_0" slope="0.00"/>
        <vehicle id="6" x="601.65" y="251.15" angle="180.00" type="DEFAULT_VEHTYPE" speed="13.55" pos="46.40" lane="3/1to3/2_0" slope="0.00"/>
        <vehicle id="7" x="73.56" y="401.65" angle="-90.00" type="DEFAULT_VEHTYPE" speed="13.85" pos="121.69" lane="1/2to0/2_0" slope="0.00"/>
        <vehicle id="8" x="601.65" y="385.89" angle="180.00" type="DEFAULT_VEHTYPE" speed="6.20" pos="181.14" lane="3/1to3/2_0" slope="0.00"/>
        <vehicle id="9" x="497.53" y="198.35" angle="90.00" type="DEFAULT_VEHTYPE" speed="13.29" pos="92.78" lane="2/1to3/1_0" slope="0.00"/>
    </timestep>
    <timestep time="557.00">
        <vehicle id="0" x="398.35" y="255.14" angle="0.00" type="DEFAULT_VEHTYPE" speed="13.48" pos="140.11" lane="2/2to2/1_0" slope="0.00"/>
        <vehicle id="1" x="198.35" y="236.07" angle="0.00" type="DEFAULT_VEHTYPE" speed="13.63" pos="159.18" lane="1/2to1/1_0" slope="0.00"/>
        <vehicle id="11" x="392.75" y="198.35" angle="90.00" type="DEFAULT_VEHTYPE" speed="0.00" pos="188.00" lane="1/1to2/1_0" slope="0.00"/>
        <vehicle id="12" x="198.35" y="377.69" angle="0.00" type="DEFAULT_VEHTYPE" speed="10.91" pos="17.56" lane="1/2to1/1_0" slope="0.00"/>
        <vehicle id="14" x="569.18" y="198.35" angle="90.00" type="DEFAULT_VEHTYPE" speed="1.21" pos="164.43" lane="2/1to3/1_0" slope="0.00"/>
        <vehicle id="15" x="401.65" y="88.28" angle="180.00" type="DEFAULT_VEHTYPE" speed="13.50" pos="88.28" lane="2/0to2/1_0" slope="0.00"/>
        <vehicle id="16" x="601.65" y="321.01" angle="180.00" type="DEFAULT_VEHTYPE" speed="13.47" pos="116.26" lane="3/1to3/2_0" slope="0.00"/>
        <vehicle id="17" x="413.75" y="198.35" angle="90.00" type="DEFAULT_VEHTYPE" speed="9.67" pos="9.00" lane="2/1to3/1_0" slope="0.00"/>
        <vehicle id="18" x="141.83" y="198.35" angle="90.00" type="DEFAULT_VEHTYPE" speed="13.38" pos="141.83" lane="0/1to1/1_0" slope="0.00"/>
        <vehicle id="19" x="201.65" y="117.55" angle="180.00" type="DEFAULT_VEHTYPE" speed="12.85" pos="117.55" lane="1/0to1/1_0" slope="0.00"/>
        <vehicle id="2" x="592.74" y="198.35" angle="90.00" type="DEFAULT_VEHTYPE" speed="0.02" pos="187.99" lane="2/1to3/1_0" slope="0.00"/>
        <vehicle id="20" x="601.65" y="209.74" angle="-179.98" type="DEFAULT_VEHTYPE" speed="9.05" pos="4.99" lane="3/1to3/2_0" slope="0.00"/>
        <vehicle id="21" x="585.17" y="198.35" angle="90.00" type="DEFAULT_VEHTYPE" speed="0.06" pos="180.42" lane="2/1to3/1_0" slope="0.00"/>
        <vehicle id="22" x="385.24" y="198.35" angle="90.00" type="DEFAULT_VEHTYPE" speed="0.00" pos="180.49" lane="1/1to2/1_0" slope="0.00"/>
        <vehicle id="23" x="199.13" y="-1.18" angle="9.28" type="DEFAULT_VEHTYPE" speed="13.20" pos="1.41" lane=":1/0_0_0" slope="0.00"/>
        <vehicle id="24" x="577.33" y="198.35" angle="90.00" type="DEFAULT_VEHTYPE" speed="0.46" pos="172.58" lane="2/1to3/1_0" slope="0.00"/>
        <vehicle id="3" x="509.68" y="401.65" angle="-90.00" type="DEFAULT_VEHTYPE" speed="13.68" pos="85.57" lane="3/2to2/2_0" slope="0.00"/>
        <vehicle id="4" x="398.35" y="11.32" angle="0.00" type="DEFAULT_VEHTYPE" speed="12.95" pos="183.93" lane="2/1to2/0_0" slope="0.00"/>
        <vehicle id="5" x="224.84" y="598.35" angle="90.00" type="DEFAULT_VEHTYPE" speed="13.53" pos="20.09" lane="1/3to2/3_0" slope="0.00"/>
        <vehicle id="6" x="601.65" y="264.36" angle="180.00" type="DEFAULT_VEHTYPE" speed="13.20" pos="59.61" lane="3/1to3/2_0" slope="0.00"/>
        <vehicle id="7" x="60.39" y="401.65" angle="-90.00" type="DEFAULT_VEHTYPE" speed="13.17" pos="134.86" lane="1/2to0/2_0" slope="0.00"/>
        <vehicle id="8" x="601.65" y="389.42" angle="180.00" type="DEFAULT_VEHTYPE" speed="3.54" pos="184.67" lane="3/1to3/2_0" slope="0.00"/>
        <vehicle id="9" x="510.34" y="198.35" angle="90.00" type="DEFAULT_VEHTYPE" speed="12.82" pos="105.59" lane="2/1to3/1_0" slope="0.00"/>
    </timestep>
    <timestep time="558.00">
        <vehicle id="0" x="398.35" y="241.62" angle="0.00" type="DEFAULT_VEHTYPE" speed="13.51" pos="153.63" lane="2/2to2/1_0" slope="0.00"/>
        <vehicle id="1" x="198.35" y="223.11" angle="0.00" type="DEFAULT_VEHTYPE" speed="12.97" pos="172.14" lane="1/2to1/1_0" slope="0.00"/>
        <vehicle id="11" x="394.70" y="198.35" angle="90.00" type="DEFAULT_VEHTYPE" speed="1.95" pos="189.95" lane="1/1to2/1_0" slope="0.00"/>
        <vehicle id="12" x="198.35" y="364.33" angle="0.00" type="DEFAULT_VEHTYPE" speed="13.37" pos="30.92" lane="1/2to1/1_0" slope="0.00"/>
        <vehicle id="14" x="569.66" y="198.35" angle="90.00" type="DEFAULT_VEHTYPE" speed="0.48" pos="164.91" lane="2/1to3/1_0" slope="0.00"/>
        <vehicle id="15" x="401.65" y="101.30" angle="180.00" type="DEFAULT_VEHTYPE" speed="13.02" pos="101.30" lane="2/0to2/1_0" slope="0.00"/>
        <vehicle id="16" x="601.65" y="334.19" angle="180.00" type="DEFAULT_VEHTYPE" speed="13.18" pos="129.44" lane="3/1to3/2_0" slope="0.00"/>
        <vehicle id="17" x="425.85" y="198.35" angle="90.00" type="DEFAULT_VEHTYPE" speed="12.10" pos="21.10" lane="2/1to3/1_0" slope="0.00"/>
        <vehicle id="18" x="155.59" y="198.35" angle="90.00" type="DEFAULT_VEHTYPE" speed="13.76" pos="155.59" lane="0/1to1/1_0" slope="0.00"/>
        <vehicle id="19" x="201.65" y="131.25" angle="180.00" type="DEFAULT_VEHTYPE" speed="13.70" pos="131.25" lane="1/0to1/1_0" slope="0.00"/>
        <vehicle id="2" x="594.26" y="198.35" angle="90.00" type="DEFAULT_VEHTYPE" speed="1.52" pos="189.51" lane="2/1to3/1_0" slope="0.00"/>
        <vehicle id="20" x="601.65" y="220.66" angle="180.00" type="DEFAULT_VEHTYPE" speed="10.92" pos="15.91" lane="3/1to3/2_0" slope="0.00"/>
        <vehicle id="21" x="585.22" y="198.35" angle="90.00" type="DEFAULT_VEHTYPE" speed="0.06" pos="180.47" lane="2/1to3/1_0" slope="0.00"/>
        <vehicle id="22" x="385.24" y="198.35" angle="90.00" type="DEFAULT_VEHTYPE" speed="0.00" pos="180.49" lane="1/1to2/1_0" slope="0.00"/>
        <vehicle id="23" x="201.65" y="9.96" angle="180.00" type="DEFAULT_VEHTYPE" speed="13.36" pos="9.96" lane="1/0to1/1_0" slope="0.00"/>
        <vehicle id="24" x="577.58" y="198.35" angle="90.00" type="DEFAULT_VEHTYPE" speed="0.25" pos="172.83" lane="2/1to3/1_0" slope="0.00"/>
        <vehicle id="3" x="496.10" y="401.65" angle="-90.00" type="DEFAULT_VEHTYPE" speed="13.59" pos="99.15" lane="3/2to2/2_0" slope="0.00"/>
        <vehicle id="4" x="400.10" y="-1.60" angle="23.17" type="DEFAULT_VEHTYPE" speed="13.84" pos="2.52" lane=":2/0_0_0" slope="0.00"/>
        <vehicle id="5" x="238.55" y="598.35" angle="90.00" type="DEFAULT_VEHTYPE" speed="13.70" pos="33.80" lane="1/3to2/3_0" slope="0.00"/>
        <vehicle id="6" x="601.65" y="277.98" angle="180.00" type="DEFAULT_VEHTYPE" speed="13.62" pos="73.23" lane="3/1to3/2_0" slope="0.00"/>
        <vehicle id="7" x="47.74" y="401.65" angle="-90.00" type="DEFAULT_VEHTYPE" speed="12.65" pos="147.51" lane="1/2to0/2_0" slope="0.00"/>
        <vehicle id="8" x="601.63" y="395.40" angle="-179.75" type="DEFAULT_VEHTYPE" speed="5.98" pos="0.15" lane=":3/2_10_0" slope="0.00"/>
        <vehicle id="9" x="524.22" y="198.35" angle="90.00" type="DEFAULT_VEHTYPE" speed="13.87" pos="119.47" lane="2/1to3/1_0" slope="0.00"/>
    </timestep>
    <timestep time="559.00">
        <vehicle id="0" x="398.35" y="228.09" angle="0.00" type="DEFAULT_VEHTYPE" speed="13.53" pos="167.16" lane="2/2to2/1_0" slope="0.00"/>
        <vehicle id="1" x="198.35" y="210.40" angle="0.00" type="DEFAULT_VEHTYPE" speed="12.71" pos="184.85" lane="1/2to1/1_0" slope="0.00"/>
        <vehicle id="11" x="394.70" y="198.35" angle="90.00" type="DEFAULT_VEHTYPE" speed="0.00" pos="189.95" lane="1/1to2/1_0" slope="0.00"/>
        <vehicle id="12" x="198.35" y="351.12" angle="0.00" type="DEFAULT_VEHTYPE" speed="13.20" pos="44.13" lane="1/2to1/1_0" slope="0.00"/>
        <vehicle id="14" x="569.94" y="198.35" angle="90.00" type="DEFAULT_VEHTYPE" speed="0.27" pos="165.19" lane="2/1to3/1_0" slope="0.00"/>
        <vehicle id="15" x="401.65" y="114.20" angle="180.00" type="DEFAULT_VEHTYPE" speed="12.90" pos="114.20" lane="2/0to2/1_0" slope="0.00"/>
        <vehicle id="16" x="601.65" y="347.17" angle="180.00" type="DEFAULT_VEHTYPE" speed="12.98" pos="142.42" lane="3/1to3/2_0" slope="0.00"/>
        <vehicle id="17" x="438.97" y="198.35" angle="90.00" type="DEFAULT_VEHTYPE" speed="13.12" pos="34.22" lane="2/1to3/1_0" slope="0.00"/>
        <vehicle id="18" x="169.21" y="198.35" angle="90.00" type="DEFAULT_VEHTYPE" speed="13.61" pos="169.21" lane="0/1to1/1_0" slope="0.00"/>
        <vehicle id="19" x="201.65" y="144.54" angle="180.00" type="DEFAULT_VEHTYPE" speed="13.28" pos="144.54" lane="1/0to1/1_0" slope="0.00"/>
        <vehicle id="2" x="597.15" y="198.62" angle="93.12" type="DEFAULT_VEHTYPE" speed="2.91" pos="1.92" lane=":3/1_14_0" slope="0.00"/>
        <vehicle id="20" x="601.65" y="233.98" angle="180.00" type="DEFAULT_VEHTYPE" speed="13.32" pos="29.23" lane="3/1to3/2_0" slope="0.00"/>
        <vehicle id="21" x="586.46" y="198.35" angle="90.00" type="DEFAULT_VEHTYPE" speed="1.23" pos="181.71" lane="2/1to3/1_0" slope="0.00"/>
        <vehicle id="22" x="386.19" y="198.35" angle="90.00" type="DEFAULT_VEHTYPE" speed="0.94" pos="181.44" lane="1/1to2/1_0" slope="0.00"/>
        <vehicle id="23" x="201.65" y="22.76" angle="180.00" type="DEFAULT_VEHTYPE" speed="12.81" pos="22.76" lane="1/0to1/1_0" slope="0.00"/>
        <vehicle id="24" x="577.70" y="198.35" angle="90.00" type="DEFAULT_VEHTYPE" speed="0.12" pos="172.95" lane="2/1to3/1_0" slope="0.00"/>
        <vehicle id="3" x="482.56" y="401.65" angle="-90.00" type="DEFAULT_VEHTYPE" speed="13.53" pos="112.69" lane="3/2to2/2_0" slope="0.00"/>
        <vehicle id="4" x="401.65" y="10.48" angle="180.00" type="DEFAULT_VEHTYPE" speed="12.78" pos="10.48" lane="2/0to2/1_0" slope="0.00"/>
        <vehicle id="5" x="252.21" y="598.35" angle="90.00" type="DEFAULT_VEHTYPE" speed="13.66" pos="47.46" lane="1/3to2/3_0" slope="0.00"/>
        <vehicle id="6" x="601.65" y="291.35" angle="180.00" type="DEFAULT_VEHTYPE" speed="13.38" pos="86.60" lane="3/1to3/2_0" slope="0.00"/>
        <vehicle id="7" x="34.36" y="401.65" angle="-90.00" type="DEFAULT_VEHTYPE" speed="13.37" pos="160.89" lane="1/2to0/2_0" slope="0.00"/>
        <vehicle id="8" x="597.03" y="401.40" angle="-125.47" type="DEFAULT_VEHTYPE" speed="8.37" pos="1.38" lane=":3/2_18_0" slope="0.00"/>
        <vehicle id="9" x="537.73" y="198.35" angle="90.00" type="DEFAULT_VEHTYPE" speed="13.51" pos="132.98" lane="2/1to3/1_0" slope="0.00"/>
    </timestep>
    <timestep time="560.00">
        <vehicle id="0" x="398.35" y="214.48" angle="0.00" type="DEFAULT_VEHTYPE" speed="13.61" pos="180.77" lane="2/2to2/1_0" slope="0.00"/>
        <vehicle id="1" x="192.87" y="201.65" angle="-79.51" type="DEFAULT_VEHTYPE" speed="13.02" pos="2.38" lane="1/1to0/1_0" slope="0.00"/>
        <vehicle id="11" x="394.70" y="198.35" angle="90.00" type="DEFAULT_VEHTYPE" speed="0.00" pos="189.95" lane="1/1to2/1_0" slope="0.00"/>
        <vehicle id="12" x="198.35" y="337.85" angle="0.00" type="DEFAULT_VEHTYPE" speed="13.28" pos="57.40" lane="1/2to1/1_0" slope="0.00"/>
        <vehicle id="14" x="570.16" y="198.35" angle="90.00" type="DEFAULT_VEHTYPE" speed="0.22" pos="165.41" lane="2/1to3/1_0" slope="0.00"/>
        <vehicle id="15" x="401.65" y="127.74" angle="180.00" type="DEFAULT_VEHTYPE" speed="13.54" pos="127.74" lane="2/0to2/1_0" slope="0.00"/>
        <vehicle id="16" x="601.65" y="360.57" angle="180.00" type="DEFAULT_VEHTYPE" speed="13.41" pos="155.82" lane="3/1to3/2_0" slope="0.00"/>
        <vehicle id="17" x="452.56" y="198.35" angle="90.00" type="DEFAULT_VEHTYPE" speed="13.58" pos="47.81" lane="2/1to3/1_0" slope="0.00"/>
        <vehicle id="18" x="179.61" y="198.35" angle="90.00" type="DEFAULT_VEHTYPE" speed="10.41" pos="179.61" lane="0/1to1/1_0" slope="0.00"/>
        <vehicle id="19" x="201.65" y="158.16" angle="180.00" type="DEFAULT_VEHTYPE" speed="13.62" pos="158.16" lane="1/0to1/1_0" slope="0.00"/>
        <vehicle id="2" x="600.96" y="201.47" angle="126.86" type="DEFAULT_VEHTYPE" speed="5.01" pos="6.93" lane=":3/1_14_0" slope="0.00"/>
        <vehicle id="20" x="601.65" y="247.33" angle="180.00" type="DEFAULT_VEHTYPE" speed="13.35" pos="42.58" lane="3/1to3/2_0" slope="0.00"/>
        <vehicle id="21" x="587.96" y="198.35" angle="90.00" type="DEFAULT_VEHTYPE" speed="1.50" pos="183.21" lane="2/1to3/1_0" slope="0.00"/>
        <vehicle id="22" x="386.95" y="198.35" angle="90.00" type="DEFAULT_VEHTYPE" speed="0.77" pos="182.20" lane="1/1to2/1_0" slope="0.00"/>
        <vehicle id="23" x="201.65" y="36.66" angle="180.00" type="DEFAULT_VEHTYPE" speed="13.90" pos="36.66" lane="1/0to1/1_0" slope="0.00"/>
        <vehicle id="24" x="578.59" y="198.35" angle="90.00" type="DEFAULT_VEHTYPE" speed="0.90" pos="173.84" lane="2/1to3/1_0" slope="0.00"/>
        <vehicle id="3" x="469.01" y="401.65" angle="-90.00" type="DEFAULT_VEHTYPE" speed="13.56" pos="126.24" lane="3/2to2/2_0" slope="0.00"/>
        <vehicle id="4" x="401.65" y="23.24" angle="180.00" type="DEFAULT_VEHTYPE" speed="12.76" pos="23.24" lane="2/0to2/1_0" slope="0.00"/>
        <vehicle id="5" x="265.93" y="598.35" angle="90.00" type="DEFAULT_VEHTYPE" speed="13.73" pos="61.18" lane="1/3to2/3_0" slope="0.00"/>
        <vehicle id="6" x="601.65" y="304.54" angle="180.00" type="DEFAULT_VEHTYPE" speed="13.19" pos="99.79" lane="3/1to3/2_0" slope="0.00"/>
        <vehicle id="7" x="21.34" y="401.65" angle="-90.00" type="DEFAULT_VEHTYPE" speed="13.02" pos="173.91" lane="1/2to0/2_0" slope="0.00"/>
        <vehicle id="8" x="586.75" y="401.65" angle="-90.00" type="DEFAULT_VEHTYPE" speed="10.30" pos="8.50" lane="3/2to2/2_0" slope="0.00"/>
        <vehicle id="9" x="547.52" y="198.35" angle="90.00" type="DEFAULT_VEHTYPE" speed="9.79" pos="142.77" lane="2/1to3/1_0" slope="0.00"/>
    </timestep>
    <timestep time="561.00">
        <vehicle id="0" x="398.35" y="201.14" angle="0.00" type="DEFAULT_VEHTYPE" speed="13.34" pos="3.61" lane=":2/1_1_0" slope="0.00"/>
        <vehicle id="1" x="179.76" y="201.65" angle="-90.00" type="DEFAULT_VEHTYPE" speed="13.11" pos="15.49" lane="1/1to0/1_0" slope="0.00"/>
        <vehicle id="11" x="394.70" y="198.35" angle="90.00" type="DEFAULT_VEHTYPE" speed="0.00" pos="189.95" lane="1/1to2/1_0" slope="0.00"/>
        <vehicle id="12" x="198.35" y="324.75" angle="0.00" type="DEFAULT_VEHTYPE" speed="13.10" pos="70.50" lane="1/2to1/1_0" slope="0.00"/>
        <vehicle id="14" x="570.91" y="198.35" angle="90.00" type="DEFAULT_VEHTYPE" speed="0.75" pos="166.16" lane="2/1to3/1_0" slope="0.00"/>
        <vehicle id="15" x="401.65" y="141.05" angle="180.00" type="DEFAULT_VEHTYPE" speed="13.31" pos="141.05" lane="2/0to2/1_0" slope="0.00"/>
        <vehicle id="16" x="601.65" y="373.07" angle="180.00" type="DEFAULT_VEHTYPE" speed="12.50" pos="168.32" lane="3/1to3/2_0" slope="0.00"/>
        <vehicle id="17" x="465.30" y="198.35" angle="90.00" type="DEFAULT_VEHTYPE" speed="12.75" pos="60.55" lane="2/1to3/1_0" slope="0.00"/>
        <vehicle id="18" x="186.49" y="198.35" angle="90.00" type="DEFAULT_VEHTYPE" speed="6.87" pos="186.49" lane="0/1to1/1_0" slope="0.00"/>
        <vehicle id="19" x="201.65" y="171.13" angle="180.00" type="DEFAULT_VEHTYPE" speed="12.97" pos="171.13" lane="1/0to1/1_0" slope="0.00"/>
        <vehicle id="2" x="601.65" y="207.80" angle="176.83" type="DEFAULT_VEHTYPE" speed="6.44" pos="3.05" lane="3/1to3/2_0" slope="0.00"/>
        <vehicle id="20" x="601.65" y="260.21" angle="180.00" type="DEFAULT_VEHTYPE" speed="12.88" pos="55.46" lane="3/1to3/2_0" slope="0.00"/>
        <vehicle id="21" x="591.28" y="198.35" angle="90.00" type="DEFAULT_VEHTYPE" speed="3.32" pos="186.53" lane="2/1to3/1_0" slope="0.00"/>
        <vehicle id="22" x="387.14" y="198.35" angle="90.00" type="DEFAULT_VEHTYPE" speed="0.19" pos="182.39" lane="1/1to2/1_0" slope="0.00"/>
        <vehicle id="23" x="201.65" y="49.62" angle="180.00" type="DEFAULT_VEHTYPE" speed="12.96" pos="49.62" lane="1/0to1/1_0" slope="0.00"/>
        <vehicle id="24" x="580.01" y="198.35" angle="90.00" type="DEFAULT_VEHTYPE" speed="1.42" pos="175.26" lane="2/1to3/1_0" slope="0.00"/>
        <vehicle id="3" x="455.35" y="401.65" angle="-90.00" type="DEFAULT_VEHTYPE" speed="13.65" pos="139.90" lane="3/2to2/2_0" slope="0.00"/>
        <vehicle id="4" x="401.65" y="36.91" angle="180.00" type="DEFAULT_VEHTYPE" speed="13.67" pos="36.91" lane="2/0to2/1_0" slope="0.00"/>
        <vehicle id="5" x="279.56" y="598.35" angle="90.00" type="DEFAULT_VEHTYPE" speed="13.63" pos="74.81" lane="1/3to2/3_0" slope="0.00"/>
        <vehicle id="6" x="601.65" y="317.86" angle="180.00" type="DEFAULT_VEHTYPE" speed="13.32" pos="113.11" lane="3/1to3/2_0" slope="0.00"/>
        <vehicle id="7" x="7.46" y="401.65" angle="-90.00" type="DEFAULT_VEHTYPE" speed="13.88" pos="187.79" lane="1/2to0/2_0" slope="0.00"/>
        <vehicle id="8" x="574.66" y="401.65" angle="-90.00" type="DEFAULT_VEHTYPE" speed="12.09" pos="20.59" lane="3/2to2/2_0" slope="0.00"/>
        <vehicle id="9" x="554.28" y="198.35" angle="90.00" type="DEFAULT_VEHTYPE" speed="6.76" pos="149.53" lane="2/1to3/1_0" slope="0.00"/>
    </timestep>
    <timestep time="562.00">
        <vehicle id="0" x="398.35" y="187.25" angle="0.00" type="DEFAULT_VEHTYPE" speed="13.88" pos="8.00" lane="2/1to2/0_0" slope="0.00"/>
        <vehicle id="1" x="166.31" y="201.65" angle="-90.00" type="DEFAULT_VEHTYPE" speed="13.45" pos="28.94" lane="1/1to0/1_0" slope="0.00"/>
        <vehicle id="11" x="394.70" y="198.35" angle="90.00" type="DEFAULT_VEHTYPE" speed="0.00" pos="189.95" lane="1/1to2/1_0" slope="0.00"/>
        <vehicle id="12" x="198.35" y="311.07" angle="0.00" type="DEFAULT_VEHTYPE" speed="13.68" pos="84.18" lane="1/2to1/1_0" slope="0.00"/>
        <vehicle id="14" x="571.65" y="198.35" angle="90.00" type="DEFAULT_VEHTYPE" speed="0.75" pos="166.90" lane="2/1to3/1_0" slope="0.00"/>
        <vehicle id="15" x="401.65" y="154.85" angle="180.00" type="DEFAULT_VEHTYPE" speed="13.80" pos="154.85" lane="2/0to2/1_0" slope="0.00"/>
        <vehicle id="16" x="601.65" y="381.39" angle="180.00" type="DEFAULT_VEHTYPE" speed="8.32" pos="176.64" lane="3/1to3/2_0" slope="0.00"/>
        <vehicle id="17" x="478.54" y="198.35" angle="90.00" type="DEFAULT_VEHTYPE" speed="13.24" pos="73.79" lane="2/1to3/1_0" slope="0.00"/>
        <vehicle id="18" x="190.16" y="198.35" angle="90.00" type="DEFAULT_VEHTYPE" speed="3.67" pos="190.16" lane="0/1to1/1_0" slope="0.00"/>
        <vehicle id="19" x="201.65" y="184.62" angle="180.00" type="DEFAULT_VEHTYPE" speed="13.49" pos="184.62" lane="1/0to1/1_0" slope="0.00"/>
        <vehicle id="2" x="601.65" y="216.45" angle="180.00" type="DEFAULT_VEHTYPE" speed="8.65" pos="11.70" lane="3/1to3/2_0" slope="0.00"/>
        <vehicle id="20" x="601.65" y="273.64" angle="180.00" type="DEFAULT_VEHTYPE" speed="13.43" pos="68.89" lane="3/1to3/2_0" slope="0.00"/>
        <vehicle id="21" x="596.94" y="198.59" angle="92.77" type="DEFAULT_VEHTYPE" speed="5.68" pos="1.71" lane=":3/1_14_0" slope="0.00"/>
        <vehicle id="22" x="387.18" y="198.35" angle="90.00" type="DEFAULT_VEHTYPE" speed="0.04" pos="182.43" lane="1/1to2/1_0" slope="0.00"/>
        <vehicle id="23" x="201.65" y="62.90" angle="180.00" type="DEFAULT_VEHTYPE" speed="13.28" pos="62.90" lane="1/0to1/1_0" slope="0.00"/>
        <vehicle id="24" x="582.50" y="198.35" angle="90.00" type="DEFAULT_VEHTYPE" speed="2.48" pos="177.75" lane="2/1to3/1_0" slope="0.00"/>
        <vehicle id="3" x="442.47" y="401.65" angle="-90.00" type="DEFAULT_VEHTYPE" speed="12.88" pos="152.78" lane="3/2to2/2_0" slope="0.00"/>
        <vehicle id="4" x="401.65" y="50.33" angle="180.00" type="DEFAULT_VEHTYPE" speed="13.41" pos="50.33" lane="2/0to2/1_0" slope="0.00"/>
        <vehicle id="5" x="293.30" y="598.35" angle="90.00" type="DEFAULT_VEHTYPE" speed="13.74" pos="88.55" lane="1/3to2/3_0" slope="0.00"/>
        <vehicle id="6" x="601.65" y="330.51" angle="180.00" type="DEFAULT_VEHTYPE" speed="12.65" pos="125.76" lane="3/1to3/2_0" slope="0.00"/>
        <vehicle id="7" x="1.17" y="398.35" angle="35.97" type="DEFAULT_VEHTYPE" speed="13.45" pos="1.17" lane="0/2to1/2_0" slope="0.00"/>
        <vehicle id="8" x="560.80" y="401.65" angle="-90.00" type="DEFAULT_VEHTYPE" speed="13.86" pos="34.45" lane="3/2to2/2_0" slope="0.00"/>
        <vehicle id="9" x="559.85" y="198.35" angle="90.00" type="DEFAULT_VEHTYPE" speed="5.57" pos="155.10" lane="2/1to3/1_0" slope="0.00"/>
    </timestep>
    <timestep time="563.00">
        <vehicle id="0" x="398.35" y="174.06" angle="0.00" type="DEFAULT_VEHTYPE" speed="13.19" pos="21.19" lane="2/1to2/0_0" slope="0.00"/>
        <vehicle id="1" x="152.95" y="201.65" angle="-90.00" type="DEFAULT_VEHTYPE" speed="13.36" pos="42.30" lane="1/1to0/1_0" slope="0.00"/>
        <vehicle id="11" x="394.70" y="198.35" angle="90.00" type="DEFAULT_VEHTYPE" speed="0.00" pos="189.95" lane="1/1to2/1_0" slope="0.00"/>
        <vehicle id="12" x="198.35" y="297.28" angle="0.00" type="DEFAULT_VEHTYPE" speed="13.80" pos="97.97" lane="1/2to1/1_0" slope="0.00"/>
        <vehicle id="14" x="573.76" y="198.35" angle="90.00" type="DEFAULT_VEHTYPE" speed="2.11" pos="169.01" lane="2/1to3/1_0" slope="0.00"/>
        <vehicle id="15" x="401.65" y="168.46" angle="180.00" type="DEFAULT_VEHTYPE" speed="13.61" pos="168.46" lane="2/0to2/1_0" slope="0.00"/>
        <vehicle id="16" x="601.65" y="387.55" angle="180.00" type="DEFAULT_VEHTYPE" speed="6.15" pos="182.80" lane="3/1to3/2_0" slope="0.00"/>
        <vehicle id="17" x="491.57" y="198.35" angle="90.00" type="DEFAULT_VEHTYPE" speed="13.02" pos="86.82" lane="2/1to3/1_0" slope="0.00"/>
        <vehicle id="18" x="195.99" y="198.25" angle="88.82" type="DEFAULT_VEHTYPE" speed="5.83" pos="0.74" lane=":1/1_12_0" slope="0.00"/>
        <vehicle id="19" x="202.70" y="197.74" angle="167.39" type="DEFAULT_VEHTYPE" speed="13.45" pos="2.82" lane=":1/1_8_0" slope="0.00"/>
        <vehicle id="2" x="601.65" y="227.16" angle="180.00" type="DEFAULT_VEHTYPE" speed="10.71" pos="22.41" lane="3/1to3/2_0" slope="0.00"/>
        <vehicle id="20" x="601.65" y="286.73" angle="180.00" type="DEFAULT_VEHTYPE" speed="13.09" pos="81.98" lane="3/1to3/2_0" slope="0.00"/>
        <vehicle id="21" x="601.52" y="203.84" angle="153.65" type="DEFAULT_VEHTYPE" speed="7.70" pos="9.40" lane=":3/1_14_0" slope="0.00"/>
        <vehicle id="22" x="387.19" y="198.35" angle="90.00" type="DEFAULT_VEHTYPE" speed="0.01" pos="182.44" lane="1/1to2/1_0" slope="0.00"/>
        <vehicle id="23" x="201.65" y="76.20" angle="180.00" type="DEFAULT_VEHTYPE" speed="13.30" pos="76.20" lane="1/0to1/1_0" slope="0.00"/>
        <vehicle id="24" x="586.67" y="198.35" angle="90.00" type="DEFAULT_VEHTYPE" speed="4.17" pos="181.92" lane="2/1to3/1_0" slope="0.00"/>
        <vehicle id="3" x="429.80" y="401.65" angle="-90.00" type="DEFAULT_VEHTYPE" speed="12.67" pos="165.45" lane="3/2to2/2_0" slope="0.00"/>
        <vehicle id="4" x="401.65" y="64.01" angle="180.00" type="DEFAULT_VEHTYPE" speed="13.68" pos="64.01" lane="2/0to2/1_0" slope="0.00"/>
        <vehicle id="5" x="306.98" y="598.35" angle="90.00" type="DEFAULT_VEHTYPE" speed="13.68" pos="102.23" lane="1/3to2/3_0" slope="0.00"/>
        <vehicle id="6" x="601.65" y="343.22" angle="180.00" type="DEFAULT_VEHTYPE" speed="12.71" pos="138.47" lane="3/1to3/2_0" slope="0.00"/>
        <vehicle id="7" x="14.04" y="398.35" angle="90.00" type="DEFAULT_VEHTYPE" speed="12.87" pos="14.04" lane="0/2to1/2_0" slope="0.00"/>
        <vehicle id="8" x="546.91" y="401.65" angle="-90.00" type="DEFAULT_VEHTYPE" speed="13.90" pos="48.34" lane="3/2to2/2_0" slope="0.00"/>
        <vehicle id="9" x="562.50" y="198.35" angle="90.00" type="DEFAULT_VEHTYPE" speed="2.65" pos="157.75" lane="2/1to3/1_0" slope="0.00"/>
    </timestep>
    <timestep time="564.00">
        <vehicle id="0" x="398.35" y="161.26" angle="0.00" type="DEFAULT_VEHTYPE" speed="12.81" pos="33.99" lane="2/1to2/0_0" slope="0.00"/>
        <vehicle id="1" x="140.23" y="201.65" angle="-90.00" type="DEFAULT_VEHTYPE" speed="12.72" pos="55.02" lane="1/1to0/1_0" slope="0.00"/>
        <vehicle id="11" x="394.70" y="198.35" angle="90.00" type="DEFAULT_VEHTYPE" speed="0.00" pos="189.95" lane="1/1to2/1_0" slope="0.00"/>
        <vehicle id="12" x="198.35" y="283.42" angle="0.00" type="DEFAULT_VEHTYPE" speed="13.86" pos="111.83" lane="1/2to1/1_0" slope="0.00"/>
        <vehicle id="14" x="577.13" y="198.35" angle="90.00" type="DEFAULT_VEHTYPE" speed="3.37" pos="172.38" lane="2/1to3/1_0" slope="0.00"/>
        <vehicle id="15" x="401.65" y="181.97" angle="180.00" type="DEFAULT_VEHTYPE" speed="13.51" pos="181.97" lane="2/0to2/1_0" slope="0.00"/>
        <vehicle id="16" x="601.65" y="390.02" angle="180.00" type="DEFAULT_VEHTYPE" speed="2.48" pos="185.27" lane="3/1to3/2_0" slope="0.00"/>
        <vehicle id="17" x="504.30" y="198.35" angle="90.00" type="DEFAULT_VEHTYPE" speed="12.73" pos="99.55" lane="2/1to3/1_0" slope="0.00"/>
        <vehicle id="18" x="198.35" y="192.05" angle="4.81" type="DEFAULT_VEHTYPE" speed="7.45" pos="3.20" lane="1/1to1/0_0" slope="0.00"/>
        <vehicle id="19" x="215.32" y="198.35" angle="90.00" type="DEFAULT_VEHTYPE" speed="12.75" pos="10.57" lane="1/1to2/1_0" slope="0.00"/>
        <vehicle id="2" x="601.65" y="240.02" angle="180.00" type="DEFAULT_VEHTYPE" speed="12.86" pos="35.27" lane="3/1to3/2_0" slope="0.00"/>
        <vehicle id="20" x="601.65" y="299.90" angle="180.00" type="DEFAULT_VEHTYPE" speed="13.17" pos="95.15" lane="3/1to3/2_0" slope="0.00"/>
        <vehicle id="21" x="601.65" y="213.76" angle="180.00" type="DEFAULT_VEHTYPE" speed="9.93" pos="9.01" lane="3/1to3/2_0" slope="0.00"/>
        <vehicle id="22" x="387.19" y="198.35" angle="90.00" type="DEFAULT_VEHTYPE" speed="0.00" pos="182.44" lane="1/1to2/1_0" slope="0.00"/>
        <vehicle id="23" x="201.65" y="88.97" angle="180.00" type="DEFAULT_VEHTYPE" speed="12.76" pos="88.97" lane="1/0to1/1_0" slope="0.00"/>
        <vehicle id="24" x="590.72" y="198.35" angle="90.00" type="DEFAULT_VEHTYPE" speed="4.05" pos="185.97" lane="2/1to3/1_0" slope="0.00"/>
        <vehicle id="3" x="420.33" y="401.65" angle="-90.00" type="DEFAULT_VEHTYPE" speed="9.47" pos="174.92" lane="3/2to2/2_0" slope="0.00"/>
        <vehicle id="4" x="401.65" y="77.15" angle="180.00" type="DEFAULT_VEHTYPE" speed="13.14" pos="77.15" lane="2/0to2/1_0" slope="0.00"/>
        <vehicle id="5" x="320.41" y="598.35" angle="90.00" type="DEFAULT_VEHTYPE" speed="13.43" pos="115.66" lane="1/3to2/3_0" slope="0.00"/>
        <vehicle id="6" x="601.65" y="355.95" angle="180.00" type="DEFAULT_VEHTYPE" speed="12.72" pos="151.20" lane="3/1to3/2_0" slope="0.00"/>
        <vehicle id="7" x="27.39" y="398.35" angle="90.00" type="DEFAULT_VEHTYPE" speed="13.35" pos="27.39" lane="0/2to1/2_0" slope="0.00"/>
        <vehicle id="8" x="533.65" y="401.65" angle="-90.00" type="DEFAULT_VEHTYPE" speed="13.26" pos="61.60" lane="3/2to2/2_0" slope="0.00"/>
        <vehicle id="9" x="564.52" y="198.35" angle="90.00" type="DEFAULT_VEHTYPE" speed="2.02" pos="159.77" lane="2/1to3/1_0" slope="0.00"/>
    </timestep>
    <timestep time="565.00">
        <vehicle id="0" x="398.35" y="148.42" angle="0.00" type="DEFAULT_VEHTYPE" speed="12.84" pos="46.83" lane="2/1to2/0_0" slope="0.00"/>
        <vehicle id="1" x="126.54" y="201.65" angle="-90.00" type="DEFAULT_VEHTYPE" speed="13.69" pos="68.71" lane="1/1to0/1_0" slope="0.00"/>
        <vehicle id="11" x="394.70" y="198.35" angle="90.00" type="DEFAULT_VEHTYPE" speed="0.00" pos="189.95" lane="1/1to2/1_0" slope="0.00"/>
        <vehicle id="12" x="198.35" y="269.80" angle="0.00" type="DEFAULT_VEHTYPE" speed="13.61" pos="125.45" lane="1/2to1/1_0" slope="0.00"/>
        <vehicle id="14" x="580.40" y="198.35" angle="90.00" type="DEFAULT_VEHTYPE" speed="3.27" pos="175.65" lane="2/1to3/1_0" slope="0.00"/>
        <vehicle id="15" x="401.65" y="195.02" angle="180.00" type="DEFAULT_VEHTYPE" speed="13.05" pos="195.02" lane="2/0to2/1_0" slope="0.00"/>
        <vehicle id="16" x="601.65" y="394.20" angle="180.00" type="DEFAULT_VEHTYPE" speed="4.17" pos="189.45" lane="3/1to3/2_0" slope="0.00"/>
        <vehicle id="17" x="518.09" y="198.35" angle="90.00" type="DEFAULT_VEHTYPE" speed="13.79" pos="113.34" lane="2/1to3/1_0" slope="0.00"/>
        <vehicle id="18" x="198.35" y="182.50" angle="0.00" type="DEFAULT_VEHTYPE" speed="9.55" pos="12.75" lane="1/1to1/0_0" slope="0.00"/>
        <vehicle id="19" x="228.15" y="198.35" angle="90.00" type="DEFAULT_VEHTYPE" speed="12.83" pos="23.40" lane="1/1to2/1_0" slope="0.00"/>
        <vehicle id="2" x="601.65" y="252.66" angle="180.00" type="DEFAULT_VEHTYPE" speed="12.64" pos="47.91" lane="3/1to3/2_0" slope="0.00"/>
        <vehicle id="20" x="601.65" y="312.64" angle="180.00" type="DEFAULT_VEHTYPE" speed="12.74" pos="107.89" lane="3/1to3/2_0" slope="0.00"/>
        <vehicle id="21" x="601.65" y="225.90" angle="180.00" type="DEFAULT_VEHTYPE" speed="12.14" pos="21.15" lane="3/1to3/2_0" slope="0.00"/>
        <vehicle id="22" x="387.19" y="198.35" angle="90.00" type="DEFAULT_VEHTYPE" speed="0.00" pos="182.44" lane="1/1to2/1_0" slope="0.00"/>
        <vehicle id="23" x="201.65" y="102.24" angle="180.00" type="DEFAULT_VEHTYPE" speed="13.27" pos="102.24" lane="1/0to1/1_0" slope="0.00"/>
        <vehicle id="24" x="596.30" y="198.35" angle="90.00" type="DEFAULT_VEHTYPE" speed="5.58" pos="1.05" lane=":3/1_13_0" slope="0.00"/>
        <vehicle id="3" x="413.50" y="401.65" angle="-90.00" type="DEFAULT_VEHTYPE" speed="6.82" pos="181.75" lane="3/2to2/2_0" slope="0.00"/>
        <vehicle id="4" x="401.65" y="90.07" angle="180.00" type="DEFAULT_VEHTYPE" speed="12.93" pos="90.07" lane="2/0to2/1_0" slope="0.00"/>
        <vehicle id="5" x="333.19" y="598.35" angle="90.00" type="DEFAULT_VEHTYPE" speed="12.79" pos="128.44" lane="1/3to2/3_0" slope="0.00"/>
        <vehicle id="6" x="601.65" y="367.28" angle="180.00" type="DEFAULT_VEHTYPE" speed="11.34" pos="162.53" lane="3/1to3/2_0" slope="0.00"/>
        <vehicle id="7" x="40.99" y="398.35" angle="90.00" type="DEFAULT_VEHTYPE" speed="13.61" pos="40.99" lane="0/2to1/2_0" slope="0.00"/>
        <vehicle id="8" x="520.15" y="401.65" angle="-90.00" type="DEFAULT_VEHTYPE" speed="13.49" pos="75.10" lane="3/2to2/2_0" slope="0.00"/>
        <vehicle id="9" x="567.62" y="198.35" angle="90.00" type="DEFAULT_VEHTYPE" speed="3.10" pos="162.87" lane="2/1to3/1_0" slope="0.00"/>
    </timestep>
    <timestep time="566.00">
        <vehicle id="0" x="398.35" y="134.98" angle="0.00" type="DEFAULT_VEHTYPE" speed="13.45" pos="60.27" lane="2/1to2/0_0" slope="0.00"/>
        <vehicle id="1" x="112.90" y="201.65" angle="-90.00" type="DEFAULT_VEHTYPE" speed="13.64" pos="82.35" lane="1/1to0/1_0" slope="0.00"/>
        <vehicle id="11" x="394.70" y="198.35" angle="90.00" type="DEFAULT_VEHTYPE" speed="0.00" pos="189.95" lane="1/1to2/1_0" slope="0.00"/>
        <vehicle id="12" x="198.35" y="256.90" angle="0.00" type="DEFAULT_VEHTYPE" speed="12.90" pos="138.35" lane="1/2to1/1_0" slope="0.00"/>
        <vehicle id="14" x="586.03" y="198.35" angle="90.00" type="DEFAULT_VEHTYPE" speed="5.63" pos="181.28" lane="2/1to3/1_0" slope="0.00"/>
        <vehicle id="15" x="412.84" y="198.35" angle="90.00" type="DEFAULT_VEHTYPE" speed="13.32" pos="8.09" lane="2/1to3/1_0" slope="0.00"/>
        <vehicle id="16" x="600.18" y="399.83" angle="-162.59" type="DEFAULT_VEHTYPE" speed="5.95" pos="4.90" lane=":3/2_10_0" slope="0.00"/>
        <vehicle id="17" x="530.84" y="198.35" angle="90.00" type="DEFAULT_VEHTYPE" speed="12.75" pos="126.09" lane="2/1to3/1_0" slope="0.00"/>
        <vehicle id="18" x="198.35" y="171.23" angle="0.00" type="DEFAULT_VEHTYPE" speed="11.27" pos="24.02" lane="1/1to1/0_0" slope="0.00"/>
        <vehicle id="19" x="241.18" y="198.35" angle="90.00" type="DEFAULT_VEHTYPE" speed="13.03" pos="36.43" lane="1/1to2/1_0" slope="0.00"/>
        <vehicle id="2" x="601.65" y="265.83" angle="180.00" type="DEFAULT_VEHTYPE" speed="13.17" pos="61.08" lane="3/1to3/2_0" slope="0.00"/>
        <vehicle id="20" x="601.65" y="326.37" angle="180.00" type="DEFAULT_VEHTYPE" speed="13.73" pos="121.62" lane="3/1to3/2_0" slope="0.00"/>
        <vehicle id="21" x="601.65" y="239.50" angle="180.00" type="DEFAULT_VEHTYPE" speed="13.60" pos="34.75" lane="3/1to3/2_0" slope="0.00"/>
        <vehicle id="22" x="387.19" y="198.35" angle="90.00" type="DEFAULT_VEHTYPE" speed="0.00" pos="182.44" lane="1/1to2/1_0" slope="0.00"/>
        <vehicle id="23" x="201.65" y="114.90" angle="180.00" type="DEFAULT_VEHTYPE" speed="12.66" pos="114.90" lane="1/0to1/1_0" slope="0.00"/>
        <vehicle id="24" x="603.19" y="198.35" angle="90.00" type="DEFAULT_VEHTYPE" speed="6.89" pos="7.94" lane=":3/1_13_0" slope="0.00"/>
        <vehicle id="3" x="410.34" y="401.65" angle="-90.00" type="DEFAULT_VEHTYPE" speed="3.16" pos="184.91" lane="3/2to2/2_0" slope="0.00"/>
        <vehicle id="4" x="401.65" y="103.37" angle="180.00" type="DEFAULT_VEHTYPE" speed="13.29" pos="103.37" lane="2/0to2/1_0" slope="0.00"/>
        <vehicle id="5" x="347.07" y="598.35" angle="90.00" type="DEFAULT_VEHTYPE" speed="13.88" pos="142.32" lane="1/3to2/3_0" slope="0.00"/>
        <vehicle id="6" x="601.65" y="376.47" angle="180.00" type="DEFAULT_VEHTYPE" speed="9.18" pos="171.72" lane="3/1to3/2_0" slope="0.00"/>
        <vehicle id="7" x="53.86" y="398.35" angle="90.00" type="DEFAULT_VEHTYPE" speed="12.87" pos="53.86" lane="0/2to1/2_0" slope="0.00"/>
        <vehicle id="8" x="506.96" y="401.65" angle="-90.00" type="DEFAULT_VEHTYPE" speed="13.19" pos="88.29" lane="3/2to2/2_0" slope="0.00"/>
        <vehicle id="9" x="570.63" y="198.35" angle="90.00" type="DEFAULT_VEHTYPE" speed="3.01" pos="165.88" lane="2/1to3/1_0" slope="0.00"/>
    </timestep>
    <timestep time="567.00">
        <vehicle id="0" x="398.35" y="122.37" angle="0.00" type="DEFAULT_VEHTYPE" speed="12.61" pos="72.88" lane="2/1to2/0_0" slope="0.00"/>
        <vehicle id="1" x="99.90" y="201.65" angle="-90.00" type="DEFAULT_VEHTYPE" speed="12.99" pos="95.35" lane="1/1to0/1_0" slope="0.00"/>
        <vehicle id="11" x="394.70" y="198.35" angle="90.00" type="DEFAULT_VEHTYPE" speed="0.00" pos="189.95" lane="1/1to2/1_0" slope="0.00"/>
        <vehicle id="12" x="198.35" y="244.25" angle="0.00" type="DEFAULT_VEHTYPE" speed="12.65" pos="151.00" lane="1/2to1/1_0" slope="0.00"/>
        <vehicle id="14" x="590.43" y="198.35" angle="90.00" type="DEFAULT_VEHTYPE" speed="4.40" pos="185.68" lane="2/1to3/1_0" slope="0.00"/>
        <vehicle id="15" x="426.15" y="198.35" angle="90.00" type="DEFAULT_VEHTYPE" speed="13.32" pos="21.40" lane="2/1to3/1_0" slope="0.00"/>
        <vehicle id="16" x="593.19" y="401.65" angle="-95.27" type="DEFAULT_VEHTYPE" speed="7.48" pos="2.06" lane="3/2to2/2_0" slope="0.00"/>
        <vehicle id="17" x="542.92" y="198.35" angle="90.00" type="DEFAULT_VEHTYPE" speed="12.08" pos="138.17" lane="2/1to3/1_0" slope="0.00"/>
        <vehicle id="18" x="198.35" y="157.70" angle="0.00" type="DEFAULT_VEHTYPE" speed="13.53" pos="37.55" lane="1/1to1/0_0" slope="0.00"/>
        <vehicle id="19" x="253.89" y="198.35" angle="90.00" type="DEFAULT_VEHTYPE" speed="12.71" pos="49.14" lane="1/1to2/1_0" slope="0.00"/>
        <vehicle id="2" x="601.65" y="279.18" angle="180.00" type="DEFAULT_VEHTYPE" speed="13.35" pos="74.43" lane="3/1to3/2_0" slope="0.00"/>
        <vehicle id="20" x="601.65" y="339.78" angle="180.00" type="DEFAULT_VEHTYPE" speed="13.42" pos="135.03" lane="3/1to3/2_0" slope="0.00"/>
        <vehicle id="21" x="601.65" y="252.86" angle="180.00" type="DEFAULT_VEHTYPE" speed="13.36" pos="48.11" lane="3/1to3/2_0" slope="0.00"/>
        <vehicle id="22" x="387.19" y="198.35" angle="90.00" type="DEFAULT_VEHTYPE" speed="0.00" pos="182.44" lane="1/1to2/1_0" slope="0.00"/>
        <vehicle id="23" x="201.65" y="128.15" angle="180.00" type="DEFAULT_VEHTYPE" speed="13.25" pos="128.15" lane="1/0to1/1_0" slope="0.00"/>
        <vehicle id="24" x="611.46" y="198.35" angle="90.00" type="DEFAULT_VEHTYPE" speed="8.26" pos="6.71" lane="3/1to4/1_0" slope="0.00"/>
        <vehicle id="3" x="405.86" y="401.65" angle="-90.00" type="DEFAULT_VEHTYPE" speed="4.48" pos="189.39" lane="3/2to2/2_0" slope="0.00"/>
        <vehicle id="4" x="401.65" y="116.35" angle="180.00" type="DEFAULT_VEHTYPE" speed="12.98" pos="116.35" lane="2/0to2/1_0" slope="0.00"/>
        <vehicle id="5" x="360.74" y="598.35" angle="90.00" type="DEFAULT_VEHTYPE" speed="13.67" pos="155.99" lane="1/3to2/3_0" slope="0.00"/>
        <vehicle id="6" x="601.65" y="383.74" angle="180.00" type="DEFAULT_VEHTYPE" speed="7.27" pos="178.99" lane="3/1to3/2_0" slope="0.00"/>
        <vehicle id="7" x="67.62" y="398.35" angle="90.00" type="DEFAULT_VEHTYPE" speed="13.76" pos="67.62" lane="0/2to1/2_0" slope="0.00"/>
        <vehicle id="8" x="493.98" y="401.65" angle="-90.00" type="DEFAULT_VEHTYPE" speed="12.98" pos="101.27" lane="3/2to2/2_0" slope="0.00"/>
        <vehicle id="9" x="576.00" y="198.35" angle="90.00" type="DEFAULT_VEHTYPE" speed="5.37" pos="171.25" lane="2/1to3/1_0" slope="0.00"/>
    </timestep>
    <timestep time="568.00">
        <vehicle id="0" x="398.35" y="108.55" angle="0.00" type="DEFAULT_VEHTYPE" speed="13.82" pos="86.70" lane="2/1to2/0_0" slope="0.00"/>
        <vehicle id="1" x="87.07" y="201.65" angle="-90.00" type="DEFAULT_VEHTYPE" speed="12.83" pos="108.18" lane="1/1to0/1_0" slope="0.00"/>
        <vehicle id="11" x="396.47" y="198.35" angle="90.00" type="DEFAULT_VEHTYPE" speed="1.78" pos="1.22" lane=":2/1_13_0" slope="0.00"/>
        <vehicle id="12" x="198.35" y="230.47" angle="0.00" type="DEFAULT_VEHTYPE" speed="13.78" pos="164.78" lane="1/2to1/1_0" slope="0.00"/>
        <vehicle id="14" x="597.31" y="198.35" angle="90.00" type="DEFAULT_VEHTYPE" speed="6.89" pos="2.06" lane=":3/1_13_0" slope="0.00"/>
        <vehicle id="15" x="439.29" y="198.35" angle="90.00" type="DEFAULT_VEHTYPE" speed="13.14" pos="34.54" lane="2/1to3/1_0" slope="0.00"/>
        <vehicle id="16" x="583.77" y="401.65" angle="-90.00" type="DEFAULT_VEHTYPE" speed="9.42" pos="11.48" lane="3/2to2/2_0" slope="0.00"/>
        <vehicle id="17" x="555.97" y="198.35" angle="90.00" type="DEFAULT_VEHTYPE" speed="13.05" pos="151.22" lane="2/1to3/1_0" slope="0.00"/>
        <vehicle id="18" x="198.35" y="144.86" angle="0.00" type="DEFAULT_VEHTYPE" speed="12.84" pos="50.39" lane="1/1to1/0_0" slope="0.00"/>
        <vehicle id="19" x="267.75" y="198.35" angle="90.00" type="DEFAULT_VEHTYPE" speed="13.86" pos="63.00" lane="1/1to2/1_0" slope="0.00"/>
        <vehicle id="2" x="601.65" y="292.00" angle="180.00" type="DEFAULT_VEHTYPE" speed="12.82" pos="87.25" lane="3/1to3/2_0" slope="0.00"/>
        <vehicle id="20" x="601.65" y="352.96" angle="180.00" type="DEFAULT_VEHTYPE" speed="13.18" pos="148.21" lane="3/1to3/2_0" slope="0.00"/>
        <vehicle id="21" x="601.65" y="266.57" angle="180.00" type="DEFAULT_VEHTYPE" speed="13.71" pos="61.82" lane="3/1to3/2_0" slope="0.00"/>
        <vehicle id="22" x="387.19" y="198.35" angle="90.00" type="DEFAULT_VEHTYPE" speed="0.00" pos="182.44" lane="1/1to2/1_0" slope="0.00"/>
        <vehicle id="23" x="201.65" y="141.53" angle="180.00" type="DEFAULT_VEHTYPE" speed="13.38" pos="141.53" lane="1/0to1/1_0" slope="0.00"/>
        <vehicle id="24" x="622.32" y="198.35" angle="90.00" type="DEFAULT_VEHTYPE" speed="10.86" pos="17.57" lane="3/1to4/1_0" slope="0.00"/>
        <vehicle id="3" x="399.91" y="399.98" angle="-70.47" type="DEFAULT_VEHTYPE" speed="6.35" pos="5.24" lane=":2/2_6_0" slope="0.00"/>
        <vehicle id="4" x="401.65" y="129.08" angle="180.00" type="DEFAULT_VEHTYPE" speed="12.73" pos="129.08" lane="2/0to2/1_0" slope="0.00"/>
        <vehicle id="5" x="373.76" y="598.35" angle="90.00" type="DEFAULT_VEHTYPE" speed="13.02" pos="169.01" lane="1/3to2/3_0" slope="0.00"/>
        <vehicle id="6" x="601.65" y="389.15" angle="180.00" type="DEFAULT_VEHTYPE" speed="5.41" pos="184.40" lane="3/1to3/2_0" slope="0.00"/>
        <vehicle id="7" x="80.72" y="398.35" angle="90.00" type="DEFAULT_VEHTYPE" speed="13.10" pos="80.72" lane="0/2to1/2_0" slope="0.00"/>
        <vehicle id="8" x="480.58" y="401.65" angle="-90.00" type="DEFAULT_VEHTYPE" speed="13.40" pos="114.67" lane="3/2to2/2_0" slope="0.00"/>
        <vehicle id="9" x="580.29" y="198.35" angle="90.00" type="DEFAULT_VEHTYPE" speed="4.29" pos="175.54" lane="2/1to3/1_0" slope="0.00"/>
    </timestep>
    <timestep time="569.00">
        <vehicle id="0" x="398.35" y="95.86" angle="0.00" type="DEFAULT_VEHTYPE" speed="12.69" pos="99.39" lane="2/1to2/0_0" slope="0.00"/>
        <vehicle id="1" x="73.33" y="201.65" angle="-90.00" type="DEFAULT_VEHTYPE" speed="13.74" pos="121.92" lane="1/1to0/1_0" slope="0.00"/>
        <vehicle id="11" x="399.74" y="198.35" angle="90.00" type="DEFAULT_VEHTYPE" speed="3.27" pos="4.49" lane=":2/1_13_0" slope="0.00"/>
        <vehicle id="12" x="198.35" y="217.73" angle="0.00" type="DEFAULT_VEHTYPE" speed="12.74" pos="177.52" lane="1/2to1/1_0" slope="0.00"/>
        <vehicle id="14" x="606.71" y="198.35" angle="90.00" type="DEFAULT_VEHTYPE" speed="9.40" pos="1.96" lane="3/1to4/1_0" slope="0.00"/>
        <vehicle id="15" x="452.48" y="198.35" angle="90.00" type="DEFAULT_VEHTYPE" speed="13.19" pos="47.73" lane="2/1to3/1_0" slope="0.00"/>
        <vehicle id="16" x="572.35" y="401.65" angle="-90.00" type="DEFAULT_VEHTYPE" speed="11.42" pos="22.90" lane="3/2to2/2_0" slope="0.00"/>
        <vehicle id="17" x="564.53" y="198.35" angle="90.00" type="DEFAULT_VEHTYPE" speed="8.55" pos="159.78" lane="2/1to3/1_0" slope="0.00"/>
        <vehicle id="18" x="198.35" y="131.83" angle="0.00" type="DEFAULT_VEHTYPE" speed="13.03" pos="63.42" lane="1/1to1/0_0" slope="0.00"/>
        <vehicle id="19" x="280.66" y="198.35" angle="90.00" type="DEFAULT_VEHTYPE" speed="12.90" pos="75.91" lane="1/1to2/1_0" slope="0.00"/>
        <vehicle id="2" x="601.65" y="305.40" angle="180.00" type="DEFAULT_VEHTYPE" speed="13.40" pos="100.65" lane="3/1to3/2_0" slope="0.00"/>
        <vehicle id="20" x="601.65" y="366.08" angle="180.00" type="DEFAULT_VEHTYPE" speed="13.12" pos="161.33" lane="3/1to3/2_0" slope="0.00"/>
        <vehicle id="21" x="601.65" y="279.38" angle="180.00" type="DEFAULT_VEHTYPE" speed="12.81" pos="74.63" lane="3/1to3/2_0" slope="0.00"/>
        <vehicle id="22" x="388.17" y="198.35" angle="90.00" type="DEFAULT_VEHTYPE" speed="0.97" pos="183.42" lane="1/1to2/1_0" slope="0.00"/>
        <vehicle id="23" x="201.65" y="155.02" angle="180.00" type="DEFAULT_VEHTYPE" speed="13.49" pos="155.02" lane="1/0to1/1_0" slope="0.00"/>
        <vehicle id="24" x="634.85" y="198.35" angle="90.00" type="DEFAULT_VEHTYPE" speed="12.54" pos="30.10" lane="3/1to4/1_0" slope="0.00"/>
        <vehicle id="3" x="398.35" y="391.44" angle="-1.94" type="DEFAULT_VEHTYPE" speed="8.89" pos="3.81" lane="2/2to2/1_0" slope="0.00"/>
        <vehicle id="4" x="401.65" y="142.31" angle="180.00" type="DEFAULT_VEHTYPE" speed="13.23" pos="142.31" lane="2/0to2/1_0" slope="0.00"/>
        <vehicle id="5" x="383.01" y="598.35" angle="90.00" type="DEFAULT_VEHTYPE" speed="9.25" pos="178.26" lane="1/3to2/3_0" slope="0.00"/>
        <vehicle id="6" x="601.54" y="396.03" angle="-178.73" type="DEFAULT_VEHTYPE" speed="6.88" pos="0.78" lane=":3/2_10_0" slope="0.00"/>
        <vehicle id="7" x="94.03" y="398.35" angle="90.00" type="DEFAULT_VEHTYPE" speed="13.31" pos="94.03" lane="0/2to1/2_0" slope="0.00"/>
        <vehicle id="8" x="466.93" y="401.65" angle="-90.00" type="DEFAULT_VEHTYPE" speed="13.65" pos="128.32" lane="3/2to2/2_0" slope="0.00"/>
        <vehicle id="9" x="585.88" y="198.35" angle="90.00" type="DEFAULT_VEHTYPE" speed="5.59" pos="181.13" lane="2/1to3/1_0" slope="0.00"/>
    </timestep>
    <timestep time="570.00">
        <vehicle id="0" x="398.35" y="83.12" angle="0.00" type="DEFAULT_VEHTYPE" speed="12.75" pos="112.13" lane="2/1to2/0_0" slope="0.00"/>
        <vehicle id="1" x="60.58" y="201.65" angle="-90.00" type="DEFAULT_VEHTYPE" speed="12.75" pos="134.67" lane="1/1to0/1_0" slope="0.00"/>
        <vehicle id="11" x="405.03" y="198.35" angle="90.00" type="DEFAULT_VEHTYPE" speed="5.28" pos="0.28" lane="2/1to3/1_0" slope="0.00"/>
        <vehicle id="12" x="198.35" y="205.10" angle="0.00" type="DEFAULT_VEHTYPE" speed="12.63" pos="190.15" lane="1/2to1/1_0" slope="0.00"/>
        <vehicle id="14" x="618.66" y="198.35" angle="90.00" type="DEFAULT_VEHTYPE" speed="11.95" pos="13.91" lane="3/1to4/1_0" slope="0.00"/>
        <vehicle id="15" x="465.63" y="198.35" angle="90.00" type="DEFAULT_VEHTYPE" speed="13.15" pos="60.88" lane="2/1to3/1_0" slope="0.00"/>
        <vehicle id="16" x="559.16" y="401.65" angle="-90.00" type="DEFAULT_VEHTYPE" speed="13.19" pos="36.09" lane="3/2to2/2_0" slope="0.00"/>
        <vehicle id="17" x="573.43" y="198.35" angle="90.00" type="DEFAULT_VEHTYPE" speed="8.91" pos="168.68" lane="2/1to3/1_0" slope="0.00"/>
        <vehicle id="18" x="198.35" y="119.09" angle="0.00" type="DEFAULT_VEHTYPE" speed="12.75" pos="76.16" lane="1/1to1/0_0" slope="0.00"/>
        <vehicle id="19" x="293.33" y="198.35" angle="90.00" type="DEFAULT_VEHTYPE" speed="12.67" pos="88.58" lane="1/1to2/1_0" slope="0.00"/>
        <vehicle id="2" x="601.65" y="318.51" angle="180.00" type="DEFAULT_VEHTYPE" speed="13.11" pos="113.76" lane="3/1to3/2_0" slope="0.00"/>
        <vehicle id="20" x="601.65" y="377.52" angle="180.00" type="DEFAULT_VEHTYPE" speed="11.44" pos="172.77" lane="3/1to3/2_0" slope="0.00"/>
        <vehicle id="21" x="601.65" y="292.88" angle="180.00" type="DEFAULT_VEHTYPE" speed="13.49" pos="88.13" lane="3/1to3/2_0" slope="0.00"/>
        <vehicle id="22" x="390.62" y="198.35" angle="90.00" type="DEFAULT_VEHTYPE" speed="2.46" pos="185.87" lane="1/1to2/1_0" slope="0.00"/>
        <vehicle id="23" x="201.65" y="168.58" angle="180.00" type="DEFAULT_VEHTYPE" speed="13.56" pos="168.58" lane="1/0to1/1_0" slope="0.00"/>
        <vehicle id="24" x="648.63" y="198.35" angle="90.00" type="DEFAULT_VEHTYPE" speed="13.77" pos="43.88" lane="3/1to4/1_0" slope="0.00"/>
        <vehicle id="3" x="398.35" y="381.13" angle="0.00" type="DEFAULT_VEHTYPE" speed="10.32" pos="14.12" lane="2/2to2/1_0" slope="0.00"/>
        <vehicle id="4" x="401.65" y="156.20" angle="180.00" type="DEFAULT_VEHTYPE" speed="13.89" pos="156.20" lane="2/0to2/1_0" slope="0.00"/>
        <vehicle id="5" x="388.25" y="598.35" angle="90.00" type="DEFAULT_VEHTYPE" speed="5.24" pos="183.50" lane="1/3to2/3_0" slope="0.00"/>
        <vehicle id="6" x="595.90" y="401.56" angle="-113.67" type="DEFAULT_VEHTYPE" speed="8.88" pos="2.53" lane=":3/2_18_0" slope="0.00"/>
        <vehicle id="7" x="106.99" y="398.35" angle="90.00" type="DEFAULT_VEHTYPE" speed="12.96" pos="106.99" lane="0/2to1/2_0" slope="0.00"/>
        <vehicle id="8" x="453.25" y="401.65" angle="-90.00" type="DEFAULT_VEHTYPE" speed="13.68" pos="142.00" lane="3/2to2/2_0" slope="0.00"/>
        <vehicle id="9" x="590.38" y="198.35" angle="90.00" type="DEFAULT_VEHTYPE" speed="4.50" pos="185.63" lane="2/1to3/1_0" slope="0.00"/>
    </timestep>
    <timestep time="571.00">
        <vehicle id="0" x="398.35" y="70.51" angle="0.00" type="DEFAULT_VEHTYPE" speed="12.60" pos="124.74" lane="2/1to2/0_0" slope="0.00"/>
        <vehicle id="1" x="46.94" y="201.65" angle="-90.00" type="DEFAULT_VEHTYPE" speed="13.64" pos="148.31" lane="1/1to0/1_0" slope="0.00"/>
        <vehicle id="11" x="412.77" y="198.35" angle="90.00" type="DEFAULT_VEHTYPE" speed="7.74" pos="8.02" lane="2/1to3/1_0" slope="0.00"/>
        <vehicle id="12" x="187.80" y="201.65" angle="-90.00" type="DEFAULT_VEHTYPE" speed="12.80" pos="7.45" lane="1/1to0/1_0" slope="0.00"/>
        <vehicle id="14" x="631.99" y="198.35" angle="90.00" type="DEFAULT_VEHTYPE" speed="13.32" pos="27.24" lane="3/1to4/1_0" slope="0.00"/>
        <vehicle id="15" x="479.32" y="198.35" angle="90.00" type="DEFAULT_VEHTYPE" speed="13.69" pos="74.57" lane="2/1to3/1_0" slope="0.00"/>
        <vehicle id="16" x="545.72" y="401.65" angle="-90.00" type="DEFAULT_VEHTYPE" speed="13.44" pos="49.53" lane="3/2to2/2_0" slope="0.00"/>
        <vehicle id="17" x="579.77" y="198.35" angle="90.00" type="DEFAULT_VEHTYPE" speed="6.34" pos="175.02" lane="2/1to3/1_0" slope="0.00"/>
        <vehicle id="18" x="198.35" y="105.67" angle="0.00" type="DEFAULT_VEHTYPE" speed="13.42" pos="89.58" lane="1/1to1/0_0" slope="0.00"/>
        <vehicle id="19" x="306.17" y="198.35" angle="90.00" type="DEFAULT_VEHTYPE" speed="12.85" pos="101.42" lane="1/1to2/1_0" slope="0.00"/>
        <vehicle id="2" x="601.65" y="331.74" angle="180.00" type="DEFAULT_VEHTYPE" speed="13.23" pos="126.99" lane="3/1to3/2_0" slope="0.00"/>
        <vehicle id="20" x="601.65" y="384.94" angle="180.00" type="DEFAULT_VEHTYPE" speed="7.42" pos="180.19" lane="3/1to3/2_0" slope="0.00"/>
        <vehicle id="21" x="601.65" y="305.53" angle="180.00" type="DEFAULT_VEHTYPE" speed="12.65" pos="100.78" lane="3/1to3/2_0" slope="0.00"/>
        <vehicle id="22" x="391.93" y="198.35" angle="90.00" type="DEFAULT_VEHTYPE" speed="1.31" pos="187.18" lane="1/1to2/1_0" slope="0.00"/>
        <vehicle id="23" x="201.65" y="181.27" angle="180.00" type="DEFAULT_VEHTYPE" speed="12.70" pos="181.27" lane="1/0to1/1_0" slope="0.00"/>
        <vehicle id="24" x="661.35" y="198.35" angle="90.00" type="DEFAULT_VEHTYPE" speed="12.73" pos="56.60" lane="3/1to4/1_0" slope="0.00"/>
        <vehicle id="3" x="398.35" y="368.44" angle="0.00" type="DEFAULT_VEHTYPE" speed="12.69" pos="26.81" lane="2/2to2/1_0" slope="0.00"/>
        <vehicle id="4" x="401.65" y="168.84" angle="180.00" type="DEFAULT_VEHTYPE" speed="12.64" pos="168.84" lane="2/0to2/1_0" slope="0.00"/>
        <vehicle id="5" x="391.50" y="598.35" angle="90.00" type="DEFAULT_VEHTYPE" speed="3.25" pos="186.75" lane="1/3to2/3_0" slope="0.00"/>
        <vehicle id="6" x="584.79" y="401.65" angle="-90.00" type="DEFAULT_VEHTYPE" speed="11.12" pos="10.46" lane="3/2to2/2_0" slope="0.00"/>
        <vehicle id="7" x="120.10" y="398.35" angle="90.00" type="DEFAULT_VEHTYPE" speed="13.11" pos="120.10" lane="0/2to1/2_0" slope="0.00"/>
        <vehicle id="8" x="439.66" y="401.65" angle="-90.00" type="DEFAULT_VEHTYPE" speed="13.59" pos="155.59" lane="3/2to2/2_0" slope="0.00"/>
        <vehicle id="9" x="597.28" y="198.35" angle="90.00" type="DEFAULT_VEHTYPE" speed="6.90" pos="2.03" lane=":3/1_13_0" slope="0.00"/>
    </timestep>
    <timestep time="572.00">
        <vehicle id="0" x="398.35" y="57.86" angle="0.00" type="DEFAULT_VEHTYPE" speed="12.65" pos="137.39" lane="2/1to2/0_0" slope="0.00"/>
        <vehicle id="1" x="33.94" y="201.65" angle="-90.00" type="DEFAULT_VEHTYPE" speed="13.01" pos="161.31" lane="1/1to0/1_0" slope="0.00"/>
        <vehicle id="11" x="422.51" y="198.35" angle="90.00" type="DEFAULT_VEHTYPE" speed="9.74" pos="17.76" lane="2/1to3/1_0" slope="0.00"/>
        <vehicle id="12" x="174.28" y="201.65" angle="-90.00" type="DEFAULT_VEHTYPE" speed="13.52" pos="20.97" lane="1/1to0/1_0" slope="0.00"/>
        <vehicle id="14" x="644.59" y="198.35" angle="90.00" type="DEFAULT_VEHTYPE" speed="12.60" pos="39.84" lane="3/1to4/1_0" slope="0.00"/>
        <vehicle id="15" x="492.72" y="198.35" angle="90.00" type="DEFAULT_VEHTYPE" speed="13.40" pos="87.97" lane="2/1to3/1_0" slope="0.00"/>
        <vehicle id="16" x="532.99" y="401.65" angle="-90.00" type="DEFAULT_VEHTYPE" speed="12.73" pos="62.26" lane="3/2to2/2_0" slope="0.00"/>
        <vehicle id="17" x="586.40" y="198.35" angle="90.00" type="DEFAULT_VEHTYPE" speed="6.63" pos="181.65" lane="2/1to3/1_0" slope="0.00"/>
        <vehicle id="18" x="198.35" y="92.16" angle="0.00" type="DEFAULT_VEHTYPE" speed="13.50" pos="103.09" lane="1/1to1/0_0" slope="0.00"/>
        <vehicle id="19" x="319.71" y="198.35" angle="90.00" type="DEFAULT_VEHTYPE" speed="13.54" pos="114.96" lane="1/1to2/1_0" slope="0.00"/>
        <vehicle id="2" x="601.65" y="345.12" angle="180.00" type="DEFAULT_VEHTYPE" speed="13.38" pos="140.37" lane="3/1to3/2_0" slope="0.00"/>
        <vehicle id="20" x="601.65" y="389.40" angle="180.00" type="DEFAULT_VEHTYPE" speed="4.46" pos="184.65" lane="3/1to3/2_0" slope="0.00"/>
        <vehicle id="21" x="601.65" y="319.41" angle="180.00" type="DEFAULT_VEHTYPE" speed="13.88" pos="114.66" lane="3/1to3/2_0" slope="0.00"/>
        <vehicle id="22" x="392.57" y="198.35" angle="90.00" type="DEFAULT_VEHTYPE" speed="0.64" pos="187.82" lane="1/1to2/1_0" slope="0.00"/>
        <vehicle id="23" x="201.65" y="195.10" angle="180.00" type="DEFAULT_VEHTYPE" speed="13.82" pos="195.10" lane="1/0to1/1_0" slope="0.00"/>
        <vehicle id="24" x="674.02" y="198.35" angle="90.00" type="DEFAULT_VEHTYPE" speed="12.67" pos="69.27" lane="3/1to4/1_0" slope="0.00"/>
        <vehicle id="3" x="398.35" y="355.32" angle="0.00" type="DEFAULT_VEHTYPE" speed="13.11" pos="39.93" lane="2/2to2/1_0" slope="0.00"/>
        <vehicle id="4" x="401.65" y="182.08" angle="180.00" type="DEFAULT_VEHTYPE" speed="13.24" pos="182.08" lane="2/0to2/1_0" slope="0.00"/>
        <vehicle id="5" x="396.28" y="598.50" angle="91.69" type="DEFAULT_VEHTYPE" speed="4.79" pos="1.04" lane=":2/3_14_0" slope="0.00"/>
        <vehicle id="6" x="571.76" y="401.65" angle="-90.00" type="DEFAULT_VEHTYPE" speed="13.03" pos="23.49" lane="3/2to2/2_0" slope="0.00"/>
        <vehicle id="7" x="132.74" y="398.35" angle="90.00" type="DEFAULT_VEHTYPE" speed="12.64" pos="132.74" lane="0/2to1/2_0" slope="0.00"/>
        <vehicle id="8" x="426.70" y="401.65" angle="-90.00" type="DEFAULT_VEHTYPE" speed="12.97" pos="168.55" lane="3/2to2/2_0" slope="0.00"/>
        <vehicle id="9" x="605.75" y="198.35" angle="90.00" type="DEFAULT_VEHTYPE" speed="8.47" pos="1.00" lane="3/1to4/1_0" slope="0.00"/>
    </timestep>
    <timestep time="573.00">
        <vehicle id="0" x="398.35" y="44.41" angle="0.00" type="DEFAULT_VEHTYPE" speed="13.45" pos="150.84" lane="2/1to2/0_0" slope="0.00"/>
        <vehicle id="1" x="21.04" y="201.65" angle="-90.00" type="DEFAULT_VEHTYPE" speed="12.90" pos="174.21" lane="1/1to0/1_0" slope="0.00"/>
        <vehicle id="11" x="434.04" y="198.35" angle="90.00" type="DEFAULT_VEHTYPE" speed="11.53" pos="29.29" lane="2/1to3/1_0" slope="0.00"/>
        <vehicle id="12" x="160.55" y="201.65" angle="-90.00" type="DEFAULT_VEHTYPE" speed="13.73" pos="34.70" lane="1/1to0/1_0" slope="0.00"/>
        <vehicle id="14" x="658.01" y="198.35" angle="90.00" type="DEFAULT_VEHTYPE" speed="13.42" pos="53.26" lane="3/1to4/1_0" slope="0.00"/>
        <vehicle id="15" x="505.95" y="198.35" angle="90.00" type="DEFAULT_VEHTYPE" speed="13.23" pos="101.20" lane="2/1to3/1_0" slope="0.00"/>
        <vehicle id="16" x="519.37" y="401.65" angle="-90.00" type="DEFAULT_VEHTYPE" speed="13.61" pos="75.88" lane="3/2to2/2_0" slope="0.00"/>
        <vehicle id="17" x="589.66" y="198.35" angle="90.00" type="DEFAULT_VEHTYPE" speed="3.26" pos="184.91" lane="2/1to3/1_0" slope="0.00"/>
        <vehicle id="18" x="198.35" y="78.70" angle="0.00" type="DEFAULT_VEHTYPE" speed="13.46" pos="116.55" lane="1/1to1/0_0" slope="0.00"/>
        <vehicle id="19" x="333.13" y="198.35" angle="90.00" type="DEFAULT_VEHTYPE" speed="13.42" pos="128.38" lane="1/1to2/1_0" slope="0.00"/>
        <vehicle id="2" x="601.65" y="357.80" angle="180.00" type="DEFAULT_VEHTYPE" speed="12.68" pos="153.05" lane="3/1to3/2_0" slope="0.00"/>
        <vehicle id="20" x="601.51" y="396.23" angle="-178.40" type="DEFAULT_VEHTYPE" speed="6.83" pos="0.99" lane=":3/2_10_0" slope="0.00"/>
        <vehicle id="21" x="601.65" y="332.35" angle="180.00" type="DEFAULT_VEHTYPE" speed="12.94" pos="127.60" lane="3/1to3/2_0" slope="0.00"/>
        <vehicle id="22" x="392.74" y="198.35" angle="90.00" type="DEFAULT_VEHTYPE" speed="0.17" pos="187.99" lane="1/1to2/1_0" slope="0.00"/>
        <vehicle id="23" x="212.62" y="198.35" angle="90.00" type="DEFAULT_VEHTYPE" speed="13.02" pos="7.87" lane="1/1to2/1_0" slope="0.00"/>
        <vehicle id="24" x="687.29" y="198.35" angle="90.00" type="DEFAULT_VEHTYPE" speed="13.27" pos="82.54" lane="3/1to4/1_0" slope="0.00"/>
        <vehicle id="3" x="398.35" y="342.21" angle="0.00" type="DEFAULT_VEHTYPE" speed="13.12" pos="53.04" lane="2/2to2/1_0" slope="0.00"/>
        <vehicle id="4" x="401.74" y="195.89" angle="178.97" type="DEFAULT_VEHTYPE" speed="13.81" pos="0.65" lane=":2/1_8_0" slope="0.00"/>
        <vehicle id="5" x="401.30" y="602.32" angle="137.80" type="DEFAULT_VEHTYPE" speed="6.83" pos="7.87" lane=":2/3_14_0" slope="0.00"/>
        <vehicle id="6" x="558.21" y="401.65" angle="-90.00" type="DEFAULT_VEHTYPE" speed="13.55" pos="37.04" lane="3/2to2/2_0" slope="0.00"/>
        <vehicle id="7" x="146.05" y="398.35" angle="90.00" type="DEFAULT_VEHTYPE" speed="13.31" pos="146.05" lane="0/2to1/2_0" slope="0.00"/>
        <vehicle id="8" x="418.12" y="401.65" angle="-90.00" type="DEFAULT_VEHTYPE" speed="8.58" pos="177.13" lane="3/2to2/2_0" slope="0.00"/>
        <vehicle id="9" x="616.20" y="198.35" angle="90.00" type="DEFAULT_VEHTYPE" speed="10.46" pos="11.45" lane="3/1to4/1_0" slope="0.00"/>
    </timestep>
    <timestep time="574.00">
        <vehicle id="0" x="398.35" y="30.94" angle="0.00" type="DEFAULT_VEHTYPE" speed="13.47" pos="164.31" lane="2/1to2/0_0" slope="0.00"/>
        <vehicle id="1" x="8.34" y="201.65" angle="-90.00" type="DEFAULT_VEHTYPE" speed="12.69" pos="186.91" lane="1/1to0/1_0" slope="0.00"/>
        <vehicle id="11" x="446.74" y="198.35" angle="90.00" type="DEFAULT_VEHTYPE" speed="12.71" pos="41.99" lane="2/1to3/1_0" slope="0.00"/>
        <vehicle id="12" x="147.14" y="201.65" angle="-90.00" type="DEFAULT_VEHTYPE" speed="13.40" pos="48.11" lane="1/1to0/1_0" slope="0.00"/>
        <vehicle id="14" x="671.91" y="198.35" angle="90.00" type="DEFAULT_VEHTYPE" speed="13.90" pos="67.16" lane="3/1to4/1_0" slope="0.00"/>
        <vehicle id="15" x="519.56" y="198.35" angle="90.00" type="DEFAULT_VEHTYPE" speed="13.61" pos="114.81" lane="2/1to3/1_0" slope="0.00"/>
        <vehicle id="16" x="506.48" y="401.65" angle="-90.00" type="DEFAULT_VEHTYPE" speed="12.89" pos="88.77" lane="3/2to2/2_0" slope="0.00"/>
        <vehicle id="17" x="595.01" y="198.35" angle="90.00" type="DEFAULT_VEHTYPE" speed="5.35" pos="190.26" lane="2/1to3/1_0" slope="0.00"/>
        <vehicle id="18" x="198.35" y="65.56" angle="0.00" type="DEFAULT_VEHTYPE" speed="13.14" pos="129.69" lane="1/1to1/0_0" slope="0.00"/>
        <vehicle id="19" x="345.90" y="198.35" angle="90.00" type="DEFAULT_VEHTYPE" speed="12.77" pos="141.15" lane="1/1to2/1_0" slope="0.00"/>
        <vehicle id="2" x="601.65" y="370.81" angle="180.00" type="DEFAULT_VEHTYPE" speed="13.00" pos="166.06" lane="3/1to3/2_0" slope="0.00"/>
        <vehicle id="20" x="595.85" y="401.56" angle="-113.19" type="DEFAULT_VEHTYPE" speed="8.73" pos="2.57" lane=":3/2_18_0" slope="0.00"/>
        <vehicle id="21" x="601.65" y="345.81" angle="180.00" type="DEFAULT_VEHTYPE" speed="13.46" pos="141.06" lane="3/1to3/2_0" slope="0.00"/>
        <vehicle id="22" x="392.74" y="198.35" angle="90.00" type="DEFAULT_VEHTYPE" speed="0.00" pos="187.99" lane="1/1to2/1_0" slope="0.00"/>
        <vehicle id="23" x="226.33" y="198.35" angle="90.00" type="DEFAULT_VEHTYPE" speed="13.71" pos="21.58" lane="1/1to2/1_0" slope="0.00"/>
        <vehicle id="24" x="700.61" y="198.35" angle="90.00" type="DEFAULT_VEHTYPE" speed="13.32" pos="95.86" lane="3/1to4/1_0" slope="0.00"/>
        <vehicle id="3" x="398.35" y="328.54" angle="0.00" type="DEFAULT_VEHTYPE" speed="13.67" pos="66.71" lane="2/2to2/1_0" slope="0.00"/>
        <vehicle id="4" x="413.14" y="198.35" angle="90.00" type="DEFAULT_VEHTYPE" speed="12.75" pos="8.39" lane="2/1to3/1_0" slope="0.00"/>
        <vehicle id="5" x="401.65" y="610.57" angle="180.00" type="DEFAULT_VEHTYPE" speed="8.27" pos="5.82" lane="2/3to2/4_0" slope="0.00"/>
        <vehicle id="6" x="545.29" y="401.65" angle="-90.00" type="DEFAULT_VEHTYPE" speed="12.92" pos="49.96" lane="3/2to2/2_0" slope="0.00"/>
        <vehicle id="7" x="159.49" y="398.35" angle="90.00" type="DEFAULT_VEHTYPE" speed="13.44" pos="159.49" lane="0/2to1/2_0" slope="0.00"/>
        <vehicle id="8" x="412.88" y="401.65" angle="-90.00" type="DEFAULT_VEHTYPE" speed="5.24" pos="182.37" lane="3/2to2/2_0" slope="0.00"/>
        <vehicle id="9" x="628.80" y="198.35" angle="90.00" type="DEFAULT_VEHTYPE" speed="12.60" pos="24.05" lane="3/1to4/1_0" slope="0.00"/>
    </timestep>
    <timestep time="575.00">
        <vehicle id="0" x="398.35" y="17.96" angle="0.00" type="DEFAULT_VEHTYPE" speed="12.99" pos="177.29" lane="2/1to2/0_0" slope="0.00"/>
        <vehicle id="1" x="0.32" y="198.35" angle="7.63" type="DEFAULT_VEHTYPE" speed="13.48" pos="0.32" lane="0/1to1/1_0" slope="0.00"/>
        <vehicle id="11" x="460.60" y="198.35" angle="90.00" type="DEFAULT_VEHTYPE" speed="13.86" pos="55.85" lane="2/1to3/1_0" slope="0.00"/>
        <vehicle id="12" x="134.01" y="201.65" angle="-90.00" type="DEFAULT_VEHTYPE" speed="13.13" pos="61.24" lane="1/1to0/1_0" slope="0.00"/>
        <vehicle id="14" x="685.41" y="198.35" angle="90.00" type="DEFAULT_VEHTYPE" speed="13.50" pos="80.66" lane="3/1to4/1_0" slope="0.00"/>
        <vehicle id="15" x="532.45" y="198.35" angle="90.00" type="DEFAULT_VEHTYPE" speed="12.90" pos="127.70" lane="2/1to3/1_0" slope="0.00"/>
        <vehicle id="16" x="493.09" y="401.65" angle="-90.00" type="DEFAULT_VEHTYPE" speed="13.39" pos="102.16" lane="3/2to2/2_0" slope="0.00"/>
        <vehicle id="17" x="601.80" y="198.35" angle="90.00" type="DEFAULT_VEHTYPE" speed="6.79" pos="6.55" lane=":3/1_13_0" slope="0.00"/>
        <vehicle id="18" x="198.35" y="52.33" angle="0.00" type="DEFAULT_VEHTYPE" speed="13.24" pos="142.92" lane="1/1to1/0_0" slope="0.00"/>
        <vehicle id="19" x="359.55" y="198.35" angle="90.00" type="DEFAULT_VEHTYPE" speed="13.65" pos="154.80" lane="1/1to2/1_0" slope="0.00"/>
        <vehicle id="2" x="601.65" y="380.42" angle="180.00" type="DEFAULT_VEHTYPE" speed="9.61" pos="175.67" lane="3/1to3/2_0" slope="0.00"/>
        <vehicle id="20" x="584.63" y="401.65" angle="-90.00" type="DEFAULT_VEHTYPE" speed="11.22" pos="10.62" lane="3/2to2/2_0" slope="0.00"/>
        <vehicle id="21" x="601.65" y="359.09" angle="180.00" type="DEFAULT_VEHTYPE" speed="13.29" pos="154.34" lane="3/1to3/2_0" slope="0.00"/>
        <vehicle id="22" x="394.67" y="198.35" angle="90.00" type="DEFAULT_VEHTYPE" speed="1.92" pos="189.92" lane="1/1to2/1_0" slope="0.00"/>
        <vehicle id="23" x="240.05" y="198.35" angle="90.00" type="DEFAULT_VEHTYPE" speed="13.72" pos="35.30" lane="1/1to2/1_0" slope="0.00"/>
        <vehicle id="24" x="713.33" y="198.35" angle="90.00" type="DEFAULT_VEHTYPE" speed="12.73" pos="108.58" lane="3/1to4/1_0" slope="0.00"/>
        <vehicle id="3" x="398.35" y="315.35" angle="0.00" type="DEFAULT_VEHTYPE" speed="13.19" pos="79.90" lane="2/2to2/1_0" slope="0.00"/>
        <vehicle id="4" x="426.41" y="198.35" angle="90.00" type="DEFAULT_VEHTYPE" speed="13.26" pos="21.66" lane="2/1to3/1_0" slope="0.00"/>
        <vehicle id="5" x="401.65" y="620.37" angle="180.00" type="DEFAULT_VEHTYPE" speed="9.80" pos="15.62" lane="2/3to2/4_0" slope="0.00"/>
        <vehicle id="6" x="531.80" y="401.65" angle="-90.00" type="DEFAULT_VEHTYPE" speed="13.49" pos="63.45" lane="3/2to2/2_0" slope="0.00"/>
        <vehicle id="7" x="172.06" y="398.35" angle="90.00" type="DEFAULT_VEHTYPE" speed="12.57" pos="172.06" lane="0/2to1/2_0" slope="0.00"/>
        <vehicle id="8" x="410.14" y="401.65" angle="-90.00" type="DEFAULT_VEHTYPE" speed="2.74" pos="185.11" lane="3/2to2/2_0" slope="0.00"/>
        <vehicle id="9" x="642.27" y="198.35" angle="90.00" type="DEFAULT_VEHTYPE" speed="13.46" pos="37.52" lane="3/1to4/1_0" slope="0.00"/>
    </timestep>
    <timestep time="576.00">
        <vehicle id="0" x="398.35" y="4.28" angle="0.00" type="DEFAULT_VEHTYPE" speed="13.68" pos="190.97" lane="2/1to2/0_0" slope="0.00"/>
        <vehicle id="1" x="13.11" y="198.35" angle="90.00" type="DEFAULT_VEHTYPE" speed="12.79" pos="13.11" lane="0/1to1/1_0" slope="0.00"/>
        <vehicle id="11" x="474.17" y="198.35" angle="90.00" type="DEFAULT_VEHTYPE" speed="13.57" pos="69.42" lane="2/1to3/1_0" slope="0.00"/>
        <vehicle id="12" x="121.04" y="201.65" angle="-90.00" type="DEFAULT_VEHTYPE" speed="12.97" pos="74.21" lane="1/1to0/1_0" slope="0.00"/>
        <vehicle id="14" x="698.63" y="198.35" angle="90.00" type="DEFAULT_VEHTYPE" speed="13.22" pos="93.88" lane="3/1to4/1_0" slope="0.00"/>
        <vehicle id="15" x="546.28" y="198.35" angle="90.00" type="DEFAULT_VEHTYPE" speed="13.82" pos="141.53" lane="2/1to3/1_0" slope="0.00"/>
        <vehicle id="16" x="480.33" y="401.65" angle="-90.00" type="DEFAULT_VEHTYPE" speed="12.76" pos="114.92" lane="3/2to2/2_0" slope="0.00"/>
        <vehicle id="17" x="610.60" y="198.35" angle="90.00" type="DEFAULT_VEHTYPE" speed="8.80" pos="5.85" lane="3/1to4/1_0" slope="0.00"/>
        <vehicle id="18" x="198.35" y="39.64" angle="0.00" type="DEFAULT_VEHTYPE" speed="12.69" pos="155.61" lane="1/1to1/0_0" slope="0.00"/>
        <vehicle id="19" x="370.21" y="198.35" angle="90.00" type="DEFAULT_VEHTYPE" speed="10.66" pos="165.46" lane="1/1to2/1_0" slope="0.00"/>
        <vehicle id="2" x="601.65" y="386.82" angle="180.00" type="DEFAULT_VEHTYPE" speed="6.40" pos="182.07" lane="3/1to3/2_0" slope="0.00"/>
        <vehicle id="20" x="571.93" y="401.65" angle="-90.00" type="DEFAULT_VEHTYPE" speed="12.71" pos="23.32" lane="3/2to2/2_0" slope="0.00"/>
        <vehicle id="21" x="601.65" y="369.62" angle="180.00" type="DEFAULT_VEHTYPE" speed="10.53" pos="164.87" lane="3/1to3/2_0" slope="0.00"/>
        <vehicle id="22" x="398.15" y="198.35" angle="90.00" type="DEFAULT_VEHTYPE" speed="3.49" pos="2.90" lane=":2/1_13_0" slope="0.00"/>
        <vehicle id="23" x="252.93" y="198.35" angle="90.00" type="DEFAULT_VEHTYPE" speed="12.88" pos="48.18" lane="1/1to2/1_0" slope="0.00"/>
        <vehicle id="24" x="726.38" y="198.35" angle="90.00" type="DEFAULT_VEHTYPE" speed="13.05" pos="121.63" lane="3/1to4/1_0" slope="0.00"/>
        <vehicle id="3" x="398.35" y="301.49" angle="0.00" type="DEFAULT_VEHTYPE" speed="13.86" pos="93.76" lane="2/2to2/1_0" slope="0.00"/>
        <vehicle id="4" x="439.56" y="198.35" angle="90.00" type="DEFAULT_VEHTYPE" speed="13.15" pos="34.81" lane="2/1to3/1_0" slope="0.00"/>
        <vehicle id="5" x="401.65" y="631.87" angle="180.00" type="DEFAULT_VEHTYPE" speed="11.50" pos="27.12" lane="2/3to2/4_0" slope="0.00"/>
        <vehicle id="6" x="518.05" y="401.65" angle="-90.00" type="DEFAULT_VEHTYPE" speed="13.75" pos="77.20" lane="3/2to2/2_0" slope="0.00"/>
        <vehicle id="7" x="181.60" y="398.35" angle="90.00" type="DEFAULT_VEHTYPE" speed="9.54" pos="181.60" lane="0/2to1/2_0" slope="0.00"/>
        <vehicle id="8" x="405.66" y="401.65" angle="-90.00" type="DEFAULT_VEHTYPE" speed="4.48" pos="189.59" lane="3/2to2/2_0" slope="0.00"/>
        <vehicle id="9" x="655.27" y="198.35" angle="90.00" type="DEFAULT_VEHTYPE" speed="13.00" pos="50.52" lane="3/1to4/1_0" slope="0.00"/>
    </timestep>
    <timestep time="577.00">
        <vehicle id="0" x="401.65" y="4.09" angle="174.01" type="DEFAULT_VEHTYPE" speed="13.18" pos="4.09" lane="2/0to2/1_0" slope="0.00"/>
        <vehicle id="1" x="26.05" y="198.35" angle="90.00" type="DEFAULT_VEHTYPE" speed="12.94" pos="26.05" lane="0/1to1/1_0" slope="0.00"/>
        <vehicle id="11" x="488.03" y="198.35" angle="90.00" type="DEFAULT_VEHTYPE" speed="13.86" pos="83.28" lane="2/1to3/1_0" slope="0.00"/>
        <vehicle id="12" x="108.05" y="201.65" angle="-90.00" type="DEFAULT_VEHTYPE" speed="12.99" pos="87.20" lane="1/1to0/1_0" slope="0.00"/>
        <vehicle id="14" x="712.39" y="198.35" angle="90.00" type="DEFAULT_VEHTYPE" speed="13.76" pos="107.64" lane="3/1to4/1_0" slope="0.00"/>
        <vehicle id="15" x="560.08" y="198.35" angle="90.00" type="DEFAULT_VEHTYPE" speed="13.80" pos="155.33" lane="2/1to3/1_0" slope="0.00"/>
        <vehicle id="16" x="467.15" y="401.65" angle="-90.00" type="DEFAULT_VEHTYPE" speed="13.19" pos="128.10" lane="3/2to2/2_0" slope="0.00"/>
        <vehicle id="17" x="621.50" y="198.35" angle="90.00" type="DEFAULT_VEHTYPE" speed="10.90" pos="16.75" lane="3/1to4/1_0" slope="0.00"/>
        <vehicle id="18" x="198.35" y="26.05" angle="0.00" type="DEFAULT_VEHTYPE" speed="13.59" pos="169.20" lane="1/1to1/0_0" slope="0.00"/>
        <vehicle id="19" x="378.75" y="198.35" angle="90.00" type="DEFAULT_VEHTYPE" speed="8.54" pos="174.00" lane="1/1to2/1_0" slope="0.00"/>
        <vehicle id="2" x="601.65" y="390.03" angle="180.00" type="DEFAULT_VEHTYPE" speed="3.21" pos="185.28" lane="3/1to3/2_0" slope="0.00"/>
        <vehicle id="20" x="559.10" y="401.65" angle="-90.00" type="DEFAULT_VEHTYPE" speed="12.83" pos="36.15" lane="3/2to2/2_0" slope="0.00"/>
        <vehicle id="21" x="601.65" y="376.27" angle="180.00" type="DEFAULT_VEHTYPE" speed="6.65" pos="171.52" lane="3/1to3/2_0" slope="0.00"/>
        <vehicle id="22" x="403.52" y="198.35" angle="90.00" type="DEFAULT_VEHTYPE" speed="5.36" pos="8.27" lane=":2/1_13_0" slope="0.00"/>
        <vehicle id="23" x="265.84" y="198.35" angle="90.00" type="DEFAULT_VEHTYPE" speed="12.90" pos="61.09" lane="1/1to2/1_0" slope="0.00"/>
        <vehicle id="24" x="739.36" y="198.35" angle="90.00" type="DEFAULT_VEHTYPE" speed="12.98" pos="134.61" lane="3/1to4/1_0" slope="0.00"/>
        <vehicle id="3" x="398.35" y="288.06" angle="0.00" type="DEFAULT_VEHTYPE" speed="13.43" pos="107.19" lane="2/2to2/1_0" slope="0.00"/>
        <vehicle id="4" x="453.07" y="198.35" angle="90.00" type="DEFAULT_VEHTYPE" speed="13.52" pos="48.32" lane="2/1to3/1_0" slope="0.00"/>
        <vehicle id="5" x="401.65" y="645.50" angle="180.00" type="DEFAULT_VEHTYPE" speed="13.62" pos="40.75" lane="2/3to2/4_0" slope="0.00"/>
        <vehicle id="6" x="504.45" y="401.65" angle="-90.00" type="DEFAULT_VEHTYPE" speed="13.60" pos="90.80" lane="3/2to2/2_0" slope="0.00"/>
        <vehicle id="7" x="187.71" y="398.35" angle="90.00" type="DEFAULT_VEHTYPE" speed="6.11" pos="187.71" lane="0/2to1/2_0" slope="0.00"/>
        <vehicle id="8" x="399.56" y="399.39" angle="-63.60" type="DEFAULT_VEHTYPE" speed="6.83" pos="5.92" lane=":2/2_6_0" slope="0.00"/>
        <vehicle id="9" x="668.85" y="198.35" angle="90.00" type="DEFAULT_VEHTYPE" speed="13.59" pos="64.10" lane="3/1to4/1_0" slope="0.00"/>
    </timestep>
    <timestep time="578.00">
        <vehicle id="0" x="401.65" y="17.07" angle="180.00" type="DEFAULT_VEHTYPE" speed="12.99" pos="17.07" lane="2/0to2/1_0" slope="0.00"/>
        <vehicle id="1" x="39.42" y="198.35" angle="90.00" type="DEFAULT_VEHTYPE" speed="13.37" pos="39.42" lane="0/1to1/1_0" slope="0.00"/>
        <vehicle id="11" x="501.29" y="198.35" angle="90.00" type="DEFAULT_VEHTYPE" speed="13.26" pos="96.54" lane="2/1to3/1_0" slope="0.00"/>
        <vehicle id="12" x="94.18" y="201.65" angle="-90.00" type="DEFAULT_VEHTYPE" speed="13.87" pos="101.07" lane="1/1to0/1_0" slope="0.00"/>
        <vehicle id="14" x="725.91" y="198.35" angle="90.00" type="DEFAULT_VEHTYPE" speed="13.52" pos="121.16" lane="3/1to4/1_0" slope="0.00"/>
        <vehicle id="15" x="572.67" y="198.35" angle="90.00" type="DEFAULT_VEHTYPE" speed="12.59" pos="167.92" lane="2/1to3/1_0" slope="0.00"/>
        <vehicle id="16" x="454.15" y="401.65" angle="-90.00" type="DEFAULT_VEHTYPE" speed="13.00" pos="141.10" lane="3/2to2/2_0" slope="0.00"/>
        <vehicle id="17" x="634.03" y="198.35" angle="90.00" type="DEFAULT_VEHTYPE" speed="12.53" pos="29.28" lane="3/1to4/1_0" slope="0.00"/>
        <vehicle id="18" x="198.35" y="13.38" angle="0.00" type="DEFAULT_VEHTYPE" speed="12.67" pos="181.87" lane="1/1to1/0_0" slope="0.00"/>
        <vehicle id="19" x="385.91" y="198.35" angle="90.00" type="DEFAULT_VEHTYPE" speed="7.16" pos="181.16" lane="1/1to2/1_0" slope="0.00"/>
        <vehicle id="2" x="601.60" y="395.61" angle="-179.42" type="DEFAULT_VEHTYPE" speed="5.58" pos="0.36" lane=":3/2_10_0" slope="0.00"/>
        <vehicle id="20" x="545.68" y="401.65" angle="-90.00" type="DEFAULT_VEHTYPE" speed="13.42" pos="49.57" lane="3/2to2/2_0" slope="0.00"/>
        <vehicle id="21" x="601.65" y="380.07" angle="180.00" type="DEFAULT_VEHTYPE" speed="3.80" pos="175.32" lane="3/1to3/2_0" slope="0.00"/>
        <vehicle id="22" x="410.53" y="198.35" angle="90.00" type="DEFAULT_VEHTYPE" speed="7.01" pos="5.78" lane="2/1to3/1_0" slope="0.00"/>
        <vehicle id="23" x="279.05" y="198.35" angle="90.00" type="DEFAULT_VEHTYPE" speed="13.22" pos="74.30" lane="1/1to2/1_0" slope="0.00"/>
        <vehicle id="24" x="752.23" y="198.35" angle="90.00" type="DEFAULT_VEHTYPE" speed="12.87" pos="147.48" lane="3/1to4/1_0" slope="0.00"/>
        <vehicle id="3" x="398.35" y="274.33" angle="0.00" type="DEFAULT_VEHTYPE" speed="13.73" pos="120.92" lane="2/2to2/1_0" slope="0.00"/>
        <vehicle id="4" x="465.83" y="198.35" angle="90.00" type="DEFAULT_VEHTYPE" speed="12.76" pos="61.08" lane="2/1to3/1_0" slope="0.00"/>
        <vehicle id="5" x="401.65" y="658.64" angle="180.00" type="DEFAULT_VEHTYPE" speed="13.14" pos="53.89" lane="2/3to2/4_0" slope="0.00"/>
        <vehicle id="6" x="491.80" y="401.65" angle="-90.00" type="DEFAULT_VEHTYPE" speed="12.64" pos="103.45" lane="3/2to2/2_0" slope="0.00"/>
        <vehicle id="7" x="190.61" y="398.35" angle="90.00" type="DEFAULT_VEHTYPE" speed="2.89" pos="190.61" lane="0/2to1/2_0" slope="0.00"/>
        <vehicle id="8" x="398.35" y="390.96" angle="-1.16" type="DEFAULT_VEHTYPE" speed="8.68" pos="4.29" lane="2/2to2/1_0" slope="0.00"/>
        <vehicle id="9" x="682.33" y="198.35" angle="90.00" type="DEFAULT_VEHTYPE" speed="13.47" pos="77.58" lane="3/1to4/1_0" slope="0.00"/>
    </timestep>
    <timestep time="579.00">
        <vehicle id="0" x="401.65" y="29.95" angle="180.00" type="DEFAULT_VEHTYPE" speed="12.88" pos="29.95" lane="2/0to2/1_0" slope="0.00"/>
        <vehicle id="1" x="52.14" y="198.35" angle="90.00" type="DEFAULT_VEHTYPE" speed="12.72" pos="52.14" lane="0/1to1/1_0" slope="0.00"/>
        <vehicle id="11" x="515.09" y="198.35" angle="90.00" type="DEFAULT_VEHTYPE" speed="13.79" pos="110.34" lane="2/1to3/1_0" slope="0.00"/>
        <vehicle id="12" x="80.57" y="201.65" angle="-90.00" type="DEFAULT_VEHTYPE" speed="13.61" pos="114.68" lane="1/1to0/1_0" slope="0.00"/>
        <vehicle id="14" x="739.80" y="198.35" angle="90.00" type="DEFAULT_VEHTYPE" speed="13.89" pos="135.05" lane="3/1to4/1_0" slope="0.00"/>
        <vehicle id="15" x="581.68" y="198.35" angle="90.00" type="DEFAULT_VEHTYPE" speed="9.02" pos="176.93" lane="2/1to3/1_0" slope="0.00"/>
        <vehicle id="16" x="440.64" y="401.65" angle="-90.00" type="DEFAULT_VEHTYPE" speed="13.51" pos="154.61" lane="3/2to2/2_0" slope="0.00"/>
        <vehicle id="17" x="647.38" y="198.35" angle="90.00" type="DEFAULT_VEHTYPE" speed="13.35" pos="42.63" lane="3/1to4/1_0" slope="0.00"/>
        <vehicle id="18" x="198.55" y="-0.30" angle="2.33" type="DEFAULT_VEHTYPE" speed="13.74" pos="0.36" lane=":1/0_0_0" slope="0.00"/>
        <vehicle id="19" x="389.71" y="198.35" angle="90.00" type="DEFAULT_VEHTYPE" speed="3.80" pos="184.96" lane="1/1to2/1_0" slope="0.00"/>
        <vehicle id="2" x="597.16" y="401.38" angle="-126.82" type="DEFAULT_VEHTYPE" speed="8.03" pos="1.25" lane=":3/2_18_0" slope="0.00"/>
        <vehicle id="20" x="531.85" y="401.65" angle="-90.00" type="DEFAULT_VEHTYPE" speed="13.83" pos="63.40" lane="3/2to2/2_0" slope="0.00"/>
        <vehicle id="21" x="601.65" y="385.84" angle="180.00" type="DEFAULT_VEHTYPE" speed="5.77" pos="181.09" lane="3/1to3/2_0" slope="0.00"/>
        <vehicle id="22" x="419.10" y="198.35" angle="90.00" type="DEFAULT_VEHTYPE" speed="8.57" pos="14.35" lane="2/1to3/1_0" slope="0.00"/>
        <vehicle id="23" x="292.75" y="198.35" angle="90.00" type="DEFAULT_VEHTYPE" speed="13.70" pos="88.00" lane="1/1to2/1_0" slope="0.00"/>
        <vehicle id="24" x="765.23" y="198.35" angle="90.00" type="DEFAULT_VEHTYPE" speed="13.00" pos="160.48" lane="3/1to4/1_0" slope="0.00"/>
        <vehicle id="3" x="398.35" y="260.90" angle="0.00" type="DEFAULT_VEHTYPE" speed="13.43" pos="134.35" lane="2/2to2/1_0" slope="0.00"/>
        <vehicle id="4" x="478.81" y="198.35" angle="90.00" type="DEFAULT_VEHTYPE" speed="12.98" pos="74.06" lane="2/1to3/1_0" slope="0.00"/>
        <vehicle id="5" x="401.65" y="671.92" angle="180.00" type="DEFAULT_VEHTYPE" speed="13.28" pos="67.17" lane="2/3to2/4_0" slope="0.00"/>
        <vehicle id="6" x="478.85" y="401.65" angle="-90.00" type="DEFAULT_VEHTYPE" speed="12.95" pos="116.40" lane="3/2to2/2_0" slope="0.00"/>
        <vehicle id="7" x="195.82" y="398.43" angle="90.94" type="DEFAULT_VEHTYPE" speed="5.22" pos="0.58" lane=":1/2_14_0" slope="0.00"/>
        <vehicle id="8" x="398.35" y="380.21" angle="0.00" type="DEFAULT_VEHTYPE" speed="10.75" pos="15.04" lane="2/2to2/1_0" slope="0.00"/>
        <vehicle id="9" x="695.99" y="198.35" angle="90.00" type="DEFAULT_VEHTYPE" speed="13.66" pos="91.24" lane="3/1to4/1_0" slope="0.00"/>
    </timestep>
    <timestep time="580.00">
        <vehicle id="0" x="401.65" y="42.96" angle="180.00" type="DEFAULT_VEHTYPE" speed="13.01" pos="42.96" lane="2/0to2/1_0" slope="0.00"/>
        <vehicle id="1" x="65.39" y="198.35" angle="90.00" type="DEFAULT_VEHTYPE" speed="13.25" pos="65.39" lane="0/1to1/1_0" slope="0.00"/>
        <vehicle id="11" x="527.73" y="198.35" angle="90.00" type="DEFAULT_VEHTYPE" speed="12.65" pos="122.98" lane="2/1to3/1_0" slope="0.00"/>
        <vehicle id="12" x="66.85" y="201.65" angle="-90.00" type="DEFAULT_VEHTYPE" speed="13.72" pos="128.40" lane="1/1to0/1_0" slope="0.00"/>
        <vehicle id="14" x="753.53" y="198.35" angle="90.00" type="DEFAULT_VEHTYPE" speed="13.73" pos="148.78" lane="3/1to4/1_0" slope="0.00"/>
        <vehicle id="15" x="587.73" y="198.35" angle="90.00" type="DEFAULT_VEHTYPE" speed="6.05" pos="182.98" lane="2/1to3/1_0" slope="0.00"/>
        <vehicle id="16" x="427.64" y="401.65" angle="-90.00" type="DEFAULT_VEHTYPE" speed="13.00" pos="167.61" lane="3/2to2/2_0" slope="0.00"/>
        <vehicle id="17" x="660.57" y="198.35" angle="90.00" type="DEFAULT_VEHTYPE" speed="13.19" pos="55.82" lane="3/1to4/1_0" slope="0.00"/>
        <vehicle id="18" x="201.65" y="8.16" angle="180.00" type="DEFAULT_VEHTYPE" speed="12.61" pos="8.16" lane="1/0to1/1_0" slope="0.00"/>
        <vehicle id="19" x="395.22" y="198.35" angle="90.00" type="DEFAULT_VEHTYPE" speed="5.51" pos="190.47" lane="1/1to2/1_0" slope="0.00"/>
        <vehicle id="2" x="587.67" y="401.65" angle="-90.00" type="DEFAULT_VEHTYPE" speed="9.51" pos="7.58" lane="3/2to2/2_0" slope="0.00"/>
        <vehicle id="20" x="518.00" y="401.65" angle="-90.00" type="DEFAULT_VEHTYPE" speed="13.84" pos="77.25" lane="3/2to2/2_0" slope="0.00"/>
        <vehicle id="21" x="601.65" y="389.21" angle="180.00" type="DEFAULT_VEHTYPE" speed="3.37" pos="184.46" lane="3/1to3/2_0" slope="0.00"/>
        <vehicle id="22" x="429.51" y="198.35" angle="90.00" type="DEFAULT_VEHTYPE" speed="10.41" pos="24.76" lane="2/1to3/1_0" slope="0.00"/>
        <vehicle id="23" x="306.29" y="198.35" angle="90.00" type="DEFAULT_VEHTYPE" speed="13.54" pos="101.54" lane="1/1to2/1_0" slope="0.00"/>
        <vehicle id="24" x="778.44" y="198.35" angle="90.00" type="DEFAULT_VEHTYPE" speed="13.21" pos="173.69" lane="3/1to4/1_0" slope="0.00"/>
        <vehicle id="3" x="398.35" y="247.04" angle="0.00" type="DEFAULT_VEHTYPE" speed="13.86" pos="148.21" lane="2/2to2/1_0" slope="0.00"/>
        <vehicle id="4" x="491.59" y="198.35" angle="90.00" type="DEFAULT_VEHTYPE" speed="12.78" pos="86.84" lane="2/1to3/1_0" slope="0.00"/>
        <vehicle id="5" x="401.65" y="684.82" angle="180.00" type="DEFAULT_VEHTYPE" speed="12.90" pos="80.07" lane="2/3to2/4_0" slope="0.00"/>
        <vehicle id="6" x="464.99" y="401.65" angle="-90.00" type="DEFAULT_VEHTYPE" speed="13.85" pos="130.26" lane="3/2to2/2_0" slope="0.00"/>
        <vehicle id="7" x="201.07" y="401.65" angle="129.03" type="DEFAULT_VEHTYPE" speed="6.57" pos="7.14" lane=":1/2_14_0" slope="0.00"/>
        <vehicle id="8" x="398.35" y="367.64" angle="0.00" type="DEFAULT_VEHTYPE" speed="12.57" pos="27.61" lane="2/2to2/1_0" slope="0.00"/>
        <vehicle id="9" x="709.52" y="198.35" angle="90.00" type="DEFAULT_VEHTYPE" speed="13.53" pos="104.77" lane="3/1to4/1_0" slope="0.00"/>
    </timestep>
    <timestep time="581.00">
        <vehicle id="0" x="401.65" y="56.49" angle="180.00" type="DEFAULT_VEHTYPE" speed="13.53" pos="56.49" lane="2/0to2/1_0" slope="0.00"/>
        <vehicle id="1" x="79.02" y="198.35" angle="90.00" type="DEFAULT_VEHTYPE" speed="13.63" pos="79.02" lane="0/1to1/1_0" slope="0.00"/>
        <vehicle id="11" x="540.37" y="198.35" angle="90.00" type="DEFAULT_VEHTYPE" speed="12.64" pos="135.62" lane="2/1to3/1_0" slope="0.00"/>
        <vehicle id="12" x="53.17" y="201.65" angle="-90.00" type="DEFAULT_VEHTYPE" speed="13.68" pos="142.08" lane="1/1to0/1_0" slope="0.00"/>
        <vehicle id="14" x="766.87" y="198.35" angle="90.00" type="DEFAULT_VEHTYPE" speed="13.34" pos="162.12" lane="3/1to4/1_0" slope="0.00"/>
        <vehicle id="15" x="590.94" y="198.35" angle="90.00" type="DEFAULT_VEHTYPE" speed="3.21" pos="186.19" lane="2/1to3/1_0" slope="0.00"/>
        <vehicle id="16" x="418.37" y="401.65" angle="-90.00" type="DEFAULT_VEHTYPE" speed="9.26" pos="176.88" lane="3/2to2/2_0" slope="0.00"/>
        <vehicle id="17" x="673.48" y="198.35" angle="90.00" type="DEFAULT_VEHTYPE" speed="12.91" pos="68.73" lane="3/1to4/1_0" slope="0.00"/>
        <vehicle id="18" x="201.65" y="21.19" angle="180.00" type="DEFAULT_VEHTYPE" speed="13.03" pos="21.19" lane="1/0to1/1_0" slope="0.00"/>
        <vehicle id="19" x="402.72" y="198.35" angle="90.00" type="DEFAULT_VEHTYPE" speed="7.50" pos="7.47" lane=":2/1_13_0" slope="0.00"/>
        <vehicle id="2" x="576.21" y="401.65" angle="-90.00" type="DEFAULT_VEHTYPE" speed="11.46" pos="19.04" lane="3/2to2/2_0" slope="0.00"/>
        <vehicle id="20" x="505.09" y="401.65" angle="-90.00" type="DEFAULT_VEHTYPE" speed="12.91" pos="90.16" lane="3/2to2/2_0" slope="0.00"/>
        <vehicle id="21" x="601.65" y="394.95" angle="180.00" type="DEFAULT_VEHTYPE" speed="5.74" pos="190.20" lane="3/1to3/2_0" slope="0.00"/>
        <vehicle id="22" x="441.88" y="198.35" angle="90.00" type="DEFAULT_VEHTYPE" speed="12.37" pos="37.13" lane="2/1to3/1_0" slope="0.00"/>
        <vehicle id="23" x="320.09" y="198.35" angle="90.00" type="DEFAULT_VEHTYPE" speed="13.80" pos="115.34" lane="1/1to2/1_0" slope="0.00"/>
        <vehicle id="24" x="792.11" y="198.35" angle="90.00" type="DEFAULT_VEHTYPE" speed="13.67" pos="187.36" lane="3/1to4/1_0" slope="0.00"/>
        <vehicle id="3" x="398.35" y="234.21" angle="0.00" type="DEFAULT_VEHTYPE" speed="12.83" pos="161.04" lane="2/2to2/1_0" slope="0.00"/>
        <vehicle id="4" x="504.44" y="198.35" angle="90.00" type="DEFAULT_VEHTYPE" speed="12.85" pos="99.69" lane="2/1to3/1_0" slope="0.00"/>
        <vehicle id="5" x="401.65" y="698.16" angle="180.00" type="DEFAULT_VEHTYPE" speed="13.34" pos="93.41" lane="2/3to2/4_0" slope="0.00"/>
        <vehicle id="6" x="451.89" y="401.65" angle="-90.00" type="DEFAULT_VEHTYPE" speed="13.10" pos="143.36" lane="3/2to2/2_0" slope="0.00"/>
        <vehicle id="7" x="201.65" y="410.14" angle="180.00" type="DEFAULT_VEHTYPE" speed="8.57" pos="5.39" lane="1/2to1/3_0" slope="0.00"/>
        <vehicle id="8" x="398.35" y="354.15" angle="0.00" type="DEFAULT_VEHTYPE" speed="13.50" pos="41.10" lane="2/2to2/1_0" slope="0.00"/>
        <vehicle id="9" x="722.78" y="198.35" angle="90.00" type="DEFAULT_VEHTYPE" speed="13.26" pos="118.03" lane="3/1to4/1_0" slope="0.00"/>
    </timestep>
    <timestep time="582.00">
        <vehicle id="0" x="401.65" y="69.93" angle="180.00" type="DEFAULT_VEHTYPE" speed="13.44" pos="69.93" lane="2/0to2/1_0" slope="0.00"/>
        <vehicle id="1" x="92.23" y="198.35" angle="90.00" type="DEFAULT_VEHTYPE" speed="13.21" pos="92.23" lane="0/1to1/1_0" slope="0.00"/>
        <vehicle id="11" x="553.96" y="198.35" angle="90.00" type="DEFAULT_VEHTYPE" speed="13.59" pos="149.21" lane="2/1to3/1_0" slope="0.00"/>
        <vehicle id="12" x="40.55" y="201.65" angle="-90.00" type="DEFAULT_VEHTYPE" speed="12.62" pos="154.70" lane="1/1to0/1_0" slope="0.00"/>
        <vehicle id="14" x="780.45" y="198.35" angle="90.00" type="DEFAULT_VEHTYPE" speed="13.59" pos="175.70" lane="3/1to4/1_0" slope="0.00"/>
        <vehicle id="15" x="596.12" y="198.47" angle="91.43" type="DEFAULT_VEHTYPE" speed="5.19" pos="0.88" lane=":3/1_14_0" slope="0.00"/>
        <vehicle id="16" x="412.12" y="401.65" angle="-90.00" type="DEFAULT_VEHTYPE" speed="6.25" pos="183.13" lane="3/2to2/2_0" slope="0.00"/>
        <vehicle id="17" x="686.32" y="198.35" angle="90.00" type="DEFAULT_VEHTYPE" speed="12.84" pos="81.57" lane="3/1to4/1_0" slope="0.00"/>
        <vehicle id="18" x="201.65" y="34.80" angle="180.00" type="DEFAULT_VEHTYPE" speed="13.60" pos="34.80" lane="1/0to1/1_0" slope="0.00"/>
        <vehicle id="19" x="412.64" y="198.35" angle="90.00" type="DEFAULT_VEHTYPE" speed="9.92" pos="7.89" lane="2/1to3/1_0" slope="0.00"/>
        <vehicle id="2" x="562.94" y="401.65" angle="-90.00" type="DEFAULT_VEHTYPE" speed="13.27" pos="32.31" lane="3/2to2/2_0" slope="0.00"/>
        <vehicle id="20" x="491.74" y="401.65" angle="-90.00" type="DEFAULT_VEHTYPE" speed="13.36" pos="103.51" lane="3/2to2/2_0" slope="0.00"/>
        <vehicle id="21" x="598.32" y="401.09" angle="-140.67" type="DEFAULT_VEHTYPE" speed="7.47" pos="0.03" lane=":3/2_18_0" slope="0.00"/>
        <vehicle id="22" x="454.99" y="198.35" angle="90.00" type="DEFAULT_VEHTYPE" speed="13.11" pos="50.24" lane="2/1to3/1_0" slope="0.00"/>
        <vehicle id="23" x="333.06" y="198.35" angle="90.00" type="DEFAULT_VEHTYPE" speed="12.97" pos="128.31" lane="1/1to2/1_0" slope="0.00"/>
        <vehicle id="24" x="799.79" y="201.65" angle="-175.91" type="DEFAULT_VEHTYPE" speed="12.92" pos="0.21" lane="4/1to3/1_0" slope="0.00"/>
        <vehicle id="3" x="398.35" y="221.39" angle="0.00" type="DEFAULT_VEHTYPE" speed="12.82" pos="173.86" lane="2/2to2/1_0" slope="0.00"/>
        <vehicle id="4" x="517.29" y="198.35" angle="90.00" type="DEFAULT_VEHTYPE" speed="12.86" pos="112.54" lane="2/1to3/1_0" slope="0.00"/>
        <vehicle id="5" x="401.65" y="711.51" angle="180.00" type="DEFAULT_VEHTYPE" speed="13.36" pos="106.76" lane="2/3to2/4_0" slope="0.00"/>
        <vehicle id="6" x="438.08" y="401.65" angle="-90.00" type="DEFAULT_VEHTYPE" speed="13.81" pos="157.17" lane="3/2to2/2_0" slope="0.00"/>
        <vehicle id="7" x="201.65" y="420.47" angle="180.00" type="DEFAULT_VEHTYPE" speed="10.33" pos="15.72" lane="1/2to1/3_0" slope="0.00"/>
        <vehicle id="8" x="398.35" y="341.25" angle="0.00" type="DEFAULT_VEHTYPE" speed="12.89" pos="54.00" lane="2/2to2/1_0" slope="0.00"/>
        <vehicle id="9" x="736.37" y="198.35" angle="90.00" type="DEFAULT_VEHTYPE" speed="13.59" pos="131.62" lane="3/1to4/1_0" slope="0.00"/>
    </timestep>
    <timestep time="583.00">
        <vehicle id="0" x="401.65" y="83.07" angle="180.00" type="DEFAULT_VEHTYPE" speed="13.14" pos="83.07" lane="2/0to2/1_0" slope="0.00"/>
        <vehicle id="1" x="105.22" y="198.35" angle="90.00" type="DEFAULT_VEHTYPE" speed="13.00" pos="105.22" lane="0/1to1/1_0" slope="0.00"/>
        <vehicle id="11" x="567.21" y="198.35" angle="90.00" type="DEFAULT_VEHTYPE" speed="13.25" pos="162.46" lane="2/1to3/1_0" slope="0.00"/>
        <vehicle id="12" x="26.72" y="201.65" angle="-90.00" type="DEFAULT_VEHTYPE" speed="13.84" pos="168.53" lane="1/1to0/1_0" slope="0.00"/>
        <vehicle id="14" x="793.74" y="198.35" angle="90.00" type="DEFAULT_VEHTYPE" speed="13.28" pos="188.99" lane="3/1to4/1_0" slope="0.00"/>
        <vehicle id="15" x="601.32" y="202.44" angle="139.03" type="DEFAULT_VEHTYPE" speed="7.11" pos="7.99" lane=":3/1_14_0" slope="0.00"/>
        <vehicle id="16" x="409.68" y="401.65" angle="-90.00" type="DEFAULT_VEHTYPE" speed="2.45" pos="185.57" lane="3/2to2/2_0" slope="0.00"/>
        <vehicle id="17" x="699.34" y="198.35" angle="90.00" type="DEFAULT_VEHTYPE" speed="13.02" pos="94.59" lane="3/1to4/1_0" slope="0.00"/>
        <vehicle id="18" x="201.65" y="48.54" angle="180.00" type="DEFAULT_VEHTYPE" speed="13.75" pos="48.54" lane="1/0to1/1_0" slope="0.00"/>
        <vehicle id="19" x="424.31" y="198.35" angle="90.00" type="DEFAULT_VEHTYPE" speed="11.67" pos="19.56" lane="2/1to3/1_0" slope="0.00"/>
        <vehicle id="2" x="550.23" y="401.65" angle="-90.00" type="DEFAULT_VEHTYPE" speed="12.71" pos="45.02" lane="3/2to2/2_0" slope="0.00"/>
        <vehicle id="20" x="478.00" y="401.65" angle="-90.00" type="DEFAULT_VEHTYPE" speed="13.74" pos="117.25" lane="3/2to2/2_0" slope="0.00"/>
        <vehicle id="21" x="589.08" y="401.65" angle="-90.00" type="DEFAULT_VEHTYPE" speed="9.32" pos="6.17" lane="3/2to2/2_0" slope="0.00"/>
        <vehicle id="22" x="467.60" y="198.35" angle="90.00" type="DEFAULT_VEHTYPE" speed="12.61" pos="62.85" lane="2/1to3/1_0" slope="0.00"/>
        <vehicle id="23" x="346.69" y="198.35" angle="90.00" type="DEFAULT_VEHTYPE" speed="13.63" pos="141.94" lane="1/1to2/1_0" slope="0.00"/>
        <vehicle id="24" x="786.94" y="201.65" angle="-90.00" type="DEFAULT_VEHTYPE" speed="12.85" pos="13.06" lane="4/1to3/1_0" slope="0.00"/>
        <vehicle id="3" x="398.35" y="208.07" angle="0.00" type="DEFAULT_VEHTYPE" speed="13.32" pos="187.18" lane="2/2to2/1_0" slope="0.00"/>
        <vehicle id="4" x="530.21" y="198.35" angle="90.00" type="DEFAULT_VEHTYPE" speed="12.91" pos="125.46" lane="2/1to3/1_0" slope="0.00"/>
        <vehicle id="5" x="401.65" y="724.20" angle="180.00" type="DEFAULT_VEHTYPE" speed="12.69" pos="119.45" lane="2/3to2/4_0" slope="0.00"/>
        <vehicle id="6" x="427.36" y="401.65" angle="-90.00" type="DEFAULT_VEHTYPE" speed="10.72" pos="167.89" lane="3/2to2/2_0" slope="0.00"/>
        <vehicle id="7" x="201.65" y="433.34" angle="180.00" type="DEFAULT_VEHTYPE" speed="12.87" pos="28.59" lane="1/2to1/3_0" slope="0.00"/>
        <vehicle id="8" x="398.35" y="328.07" angle="0.00" type="DEFAULT_VEHTYPE" speed="13.18" pos="67.18" lane="2/2to2/1_0" slope="0.00"/>
        <vehicle id="9" x="749.39" y="198.35" angle="90.00" type="DEFAULT_VEHTYPE" speed="13.02" pos="144.64" lane="3/1to4/1_0" slope="0.00"/>
    </timestep>
    <timestep time="584.00">
        <vehicle id="0" x="401.65" y="96.94" angle="180.00" type="DEFAULT_VEHTYPE" speed="13.86" pos="96.94" lane="2/0to2/1_0" slope="0.00"/>
        <vehicle id="1" x="118.57" y="198.35" angle="90.00" type="DEFAULT_VEHTYPE" speed="13.34" pos="118.57" lane="0/1to1/1_0" slope="0.00"/>
        <vehicle id="11" x="578.22" y="198.35" angle="90.00" type="DEFAULT_VEHTYPE" speed="11.00" pos="173.47" lane="2/1to3/1_0" slope="0.00"/>
        <vehicle id="12" x="13.95" y="201.65" angle="-90.00" type="DEFAULT_VEHTYPE" speed="12.76" pos="181.30" lane="1/1to0/1_0" slope="0.00"/>
        <vehicle id="14" x="798.16" y="201.65" angle="-126.44" type="DEFAULT_VEHTYPE" speed="12.92" pos="1.84" lane="4/1to3/1_0" slope="0.00"/>
        <vehicle id="15" x="601.65" y="211.93" angle="180.00" type="DEFAULT_VEHTYPE" speed="9.51" pos="7.18" lane="3/1to3/2_0" slope="0.00"/>
        <vehicle id="16" x="404.93" y="401.65" angle="-90.00" type="DEFAULT_VEHTYPE" speed="4.74" pos="190.32" lane="3/2to2/2_0" slope="0.00"/>
        <vehicle id="17" x="712.08" y="198.35" angle="90.00" type="DEFAULT_VEHTYPE" speed="12.74" pos="107.33" lane="3/1to4/1_0" slope="0.00"/>
        <vehicle id="18" x="201.65" y="61.90" angle="180.00" type="DEFAULT_VEHTYPE" speed="13.35" pos="61.90" lane="1/0to1/1_0" slope="0.00"/>
        <vehicle id="19" x="437.41" y="198.35" angle="90.00" type="DEFAULT_VEHTYPE" speed="13.10" pos="32.66" lane="2/1to3/1_0" slope="0.00"/>
        <vehicle id="2" x="536.82" y="401.65" angle="-90.00" type="DEFAULT_VEHTYPE" speed="13.41" pos="58.43" lane="3/2to2/2_0" slope="0.00"/>
        <vehicle id="20" x="464.77" y="401.65" angle="-90.00" type="DEFAULT_VEHTYPE" speed="13.23" pos="130.48" lane="3/2to2/2_0" slope="0.00"/>
        <vehicle id="21" x="577.69" y="401.65" angle="-90.00" type="DEFAULT_VEHTYPE" speed="11.39" pos="17.56" lane="3/2to2/2_0" slope="0.00"/>
        <vehicle id="22" x="480.77" y="198.35" angle="90.00" type="DEFAULT_VEHTYPE" speed="13.17" pos="76.02" lane="2/1to3/1_0" slope="0.00"/>
        <vehicle id="23" x="359.51" y="198.35" angle="90.00" type="DEFAULT_VEHTYPE" speed="12.81" pos="154.76" lane="1/1to2/1_0" slope="0.00"/>
        <vehicle id="24" x="773.78" y="201.65" angle="-90.00" type="DEFAULT_VEHTYPE" speed="13.16" pos="26.22" lane="4/1to3/1_0" slope="0.00"/>
        <vehicle id="3" x="398.35" y="194.94" angle="0.00" type="DEFAULT_VEHTYPE" speed="13.13" pos="0.31" lane="2/1to2/0_0" slope="0.00"/>
        <vehicle id="4" x="543.80" y="198.35" angle="90.00" type="DEFAULT_VEHTYPE" speed="13.59" pos="139.05" lane="2/1to3/1_0" slope="0.00"/>
        <vehicle id="5" x="401.65" y="738.02" angle="180.00" type="DEFAULT_VEHTYPE" speed="13.82" pos="133.27" lane="2/3to2/4_0" slope="0.00"/>
        <vehicle id="6" x="421.14" y="401.65" angle="-90.00" type="DEFAULT_VEHTYPE" speed="6.22" pos="174.11" lane="3/2to2/2_0" slope="0.00"/>
        <vehicle id="7" x="201.65" y="446.44" angle="180.00" type="DEFAULT_VEHTYPE" speed="13.10" pos="41.69" lane="1/2to1/3_0" slope="0.00"/>
        <vehicle id="8" x="398.35" y="315.23" angle="0.00" type="DEFAULT_VEHTYPE" speed="12.84" pos="80.02" lane="2/2to2/1_0" slope="0.00"/>
        <vehicle id="9" x="762.13" y="198.35" angle="90.00" type="DEFAULT_VEHTYPE" speed="12.74" pos="157.38" lane="3/1to4/1_0" slope="0.00"/>
    </timestep>
    <timestep time="585.00">
        <vehicle id="0" x="401.65" y="109.61" angle="180.00" type="DEFAULT_VEHTYPE" speed="12.67" pos="109.61" lane="2/0to2/1_0" slope="0.00"/>
        <vehicle id="1" x="131.93" y="198.35" angle="90.00" type="DEFAULT_VEHTYPE" speed="13.36" pos="131.93" lane="0/1to1/1_0" slope="0.00"/>
        <vehicle id="11" x="585.32" y="198.35" angle="90.00" type="DEFAULT_VEHTYPE" speed="7.11" pos="180.57" lane="2/1to3/1_0" slope="0.00"/>
        <vehicle id="12" x="1.31" y="201.65" angle="-90.00" type="DEFAULT_VEHTYPE" speed="12.64" pos="193.94" lane="1/1to0/1_0" slope="0.00"/>
        <vehicle id="14" x="784.62" y="201.65" angle="-90.00" type="DEFAULT_VEHTYPE" speed="13.54" pos="15.38" lane="4/1to3/1_0" slope="0.00"/>
        <vehicle id="15" x="601.65" y="223.07" angle="180.00" type="DEFAULT_VEHTYPE" speed="11.14" pos="18.32" lane="3/1to3/2_0" slope="0.00"/>
        <vehicle id="16" x="398.72" y="401.65" angle="-90.00" type="DEFAULT_VEHTYPE" speed="6.21" pos="6.03" lane=":2/2_5_0" slope="0.00"/>
        <vehicle id="17" x="725.61" y="198.35" angle="90.00" type="DEFAULT_VEHTYPE" speed="13.53" pos="120.86" lane="3/1to4/1_0" slope="0.00"/>
        <vehicle id="18" x="201.65" y="75.43" angle="180.00" type="DEFAULT_VEHTYPE" speed="13.53" pos="75.43" lane="1/0to1/1_0" slope="0.00"/>
        <vehicle id="19" x="450.69" y="198.35" angle="90.00" type="DEFAULT_VEHTYPE" speed="13.28" pos="45.94" lane="2/1to3/1_0" slope="0.00"/>
        <vehicle id="2" x="523.71" y="401.65" angle="-90.00" type="DEFAULT_VEHTYPE" speed="13.12" pos="71.54" lane="3/2to2/2_0" slope="0.00"/>
        <vehicle id="20" x="451.00" y="401.65" angle="-90.00" type="DEFAULT_VEHTYPE" speed="13.77" pos="144.25" lane="3/2to2/2_0" slope="0.00"/>
        <vehicle id="21" x="564.98" y="401.65" angle="-90.00" type="DEFAULT_VEHTYPE" speed="12.71" pos="30.27" lane="3/2to2/2_0" slope="0.00"/>
        <vehicle id="22" x="493.70" y="198.35" angle="90.00" type="DEFAULT_VEHTYPE" speed="12.93" pos="88.95" lane="2/1to3/1_0" slope="0.00"/>
        <vehicle id="23" x="372.44" y="198.35" angle="90.00" type="DEFAULT_VEHTYPE" speed="12.93" pos="167.69" lane="1/1to2/1_0" slope="0.00"/>
        <vehicle id="24" x="760.17" y="201.65" angle="-90.00" type="DEFAULT_VEHTYPE" speed="13.61" pos="39.83" lane="4/1to3/1_0" slope="0.00"/>
        <vehicle id="3" x="398.35" y="182.32" angle="0.00" type="DEFAULT_VEHTYPE" speed="12.62" pos="12.93" lane="2/1to2/0_0" slope="0.00"/>
        <vehicle id="4" x="557.33" y="198.35" angle="90.00" type="DEFAULT_VEHTYPE" speed="13.53" pos="152.58" lane="2/1to3/1_0" slope="0.00"/>
        <vehicle id="5" x="401.65" y="751.04" angle="180.00" type="DEFAULT_VEHTYPE" speed="13.02" pos="146.29" lane="2/3to2/4_0" slope="0.00"/>
        <vehicle id="6" x="415.14" y="401.65" angle="-90.00" type="DEFAULT_VEHTYPE" speed="6.00" pos="180.11" lane="3/2to2/2_0" slope="0.00"/>
        <vehicle id="7" x="201.65" y="459.96" angle="180.00" type="DEFAULT_VEHTYPE" speed="13.52" pos="55.21" lane="1/2to1/3_0" slope="0.00"/>
        <vehicle id="8" x="398.35" y="302.04" angle="0.00" type="DEFAULT_VEHTYPE" speed="13.20" pos="93.21" lane="2/2to2/1_0" slope="0.00"/>
        <vehicle id="9" x="775.15" y="198.35" angle="90.00" type="DEFAULT_VEHTYPE" speed="13.03" pos="170.40" lane="3/1to4/1_0" slope="0.00"/>
    </timestep>
    <timestep time="586.00">
        <vehicle id="0" x="401.65" y="122.40" angle="180.00" type="DEFAULT_VEHTYPE" speed="12.79" pos="122.40" lane="2/0to2/1_0" slope="0.00"/>
        <vehicle id="1" x="145.32" y="198.35" angle="90.00" type="DEFAULT_VEHTYPE" speed="13.39" pos="145.32" lane="0/1to1/1_0" slope="0.00"/>
        <vehicle id="11" x="589.64" y="198.35" angle="90.00" type="DEFAULT_VEHTYPE" speed="4.31" pos="184.89" lane="2/1to3/1_0" slope="0.00"/>
        <vehicle id="12" x="6.85" y="198.35" angle="90.00" type="DEFAULT_VEHTYPE" speed="12.98" pos="6.85" lane="0/1to1/1_0" slope="0.00"/>
        <vehicle id="14" x="771.72" y="201.65" angle="-90.00" type="DEFAULT_VEHTYPE" speed="12.90" pos="28.28" lane="4/1to3/1_0" slope="0.00"/>
        <vehicle id="15" x="601.65" y="236.31" angle="180.00" type="DEFAULT_VEHTYPE" speed="13.23" pos="31.56" lane="3/1to3/2_0" slope="0.00"/>
        <vehicle id="16" x="390.69" y="401.65" angle="-90.00" type="DEFAULT_VEHTYPE" speed="8.03" pos="4.56" lane="2/2to1/2_0" slope="0.00"/>
        <vehicle id="17" x="738.88" y="198.35" angle="90.00" type="DEFAULT_VEHTYPE" speed="13.27" pos="134.13" lane="3/1to4/1_0" slope="0.00"/>
        <vehicle id="18" x="201.65" y="88.09" angle="180.00" type="DEFAULT_VEHTYPE" speed="12.66" pos="88.09" lane="1/0to1/1_0" slope="0.00"/>
        <vehicle id="19" x="463.79" y="198.35" angle="90.00" type="DEFAULT_VEHTYPE" speed="13.11" pos="59.04" lane="2/1to3/1_0" slope="0.00"/>
        <vehicle id="2" x="510.78" y="401.65" angle="-90.00" type="DEFAULT_VEHTYPE" speed="12.93" pos="84.47" lane="3/2to2/2_0" slope="0.00"/>
        <vehicle id="20" x="437.59" y="401.65" angle="-90.00" type="DEFAULT_VEHTYPE" speed="13.40" pos="157.66" lane="3/2to2/2_0" slope="0.00"/>
        <vehicle id="21" x="551.29" y="401.65" angle="-90.00" type="DEFAULT_VEHTYPE" speed="13.69" pos="43.96" lane="3/2to2/2_0" slope="0.00"/>
        <vehicle id="22" x="506.84" y="198.35" angle="90.00" type="DEFAULT_VEHTYPE" speed="13.15" pos="102.09" lane="2/1to3/1_0" slope="0.00"/>
        <vehicle id="23" x="381.67" y="198.35" angle="90.00" type="DEFAULT_VEHTYPE" speed="9.23" pos="176.92" lane="1/1to2/1_0" slope="0.00"/>
        <vehicle id="24" x="746.51" y="201.65" angle="-90.00" type="DEFAULT_VEHTYPE" speed="13.66" pos="53.49" lane="4/1to3/1_0" slope="0.00"/>
        <vehicle id="3" x="398.35" y="168.65" angle="0.00" type="DEFAULT_VEHTYPE" speed="13.67" pos="26.60" lane="2/1to2/0_0" slope="0.00"/>
        <vehicle id="4" x="569.10" y="198.35" angle="90.00" type="DEFAULT_VEHTYPE" speed="11.77" pos="164.35" lane="2/1to3/1_0" slope="0.00"/>
        <vehicle id="5" x="401.65" y="764.76" angle="180.00" type="DEFAULT_VEHTYPE" speed="13.71" pos="160.01" lane="2/3to2/4_0" slope="0.00"/>
        <vehicle id="6" x="411.18" y="401.65" angle="-90.00" type="DEFAULT_VEHTYPE" speed="3.96" pos="184.07" lane="3/2to2/2_0" slope="0.00"/>
        <vehicle id="7" x="201.65" y="472.87" angle="180.00" type="DEFAULT_VEHTYPE" speed="12.91" pos="68.12" lane="1/2to1/3_0" slope="0.00"/>
        <vehicle id="8" x="398.35" y="288.57" angle="0.00" type="DEFAULT_VEHTYPE" speed="13.46" pos="106.68" lane="2/2to2/1_0" slope="0.00"/>
        <vehicle id="9" x="788.13" y="198.35" angle="90.00" type="DEFAULT_VEHTYPE" speed="12.98" pos="183.38" lane="3/1to4/1_0" slope="0.00"/>
    </timestep>
    <timestep time="587.00">
        <vehicle id="0" x="401.65" y="135.54" angle="180.00" type="DEFAULT_VEHTYPE" speed="13.14" pos="135.54" lane="2/0to2/1_0" slope="0.00"/>
        <vehicle id="1" x="158.20" y="198.35" angle="90.00" type="DEFAULT_VEHTYPE" speed="12.87" pos="158.20" lane="0/1to1/1_0" slope="0.00"/>
        <vehicle id="11" x="595.30" y="198.35" angle="90.00" type="DEFAULT_VEHTYPE" speed="5.66" pos="0.05" lane=":3/1_13_0" slope="0.00"/>
        <vehicle id="12" x="19.81" y="198.35" angle="90.00" type="DEFAULT_VEHTYPE" speed="12.95" pos="19.81" lane="0/1to1/1_0" slope="0.00"/>
        <vehicle id="14" x="758.05" y="201.65" angle="-90.00" type="DEFAULT_VEHTYPE" speed="13.67" pos="41.95" lane="4/1to3/1_0" slope="0.00"/>
        <vehicle id="15" x="601.65" y="249.36" angle="180.00" type="DEFAULT_VEHTYPE" speed="13.06" pos="44.61" lane="3/1to3/2_0" slope="0.00"/>
        <vehicle id="16" x="381.09" y="401.65" angle="-90.00" type="DEFAULT_VEHTYPE" speed="9.60" pos="14.16" lane="2/2to1/2_0" slope="0.00"/>
        <vehicle id="17" x="752.27" y="198.35" angle="90.00" type="DEFAULT_VEHTYPE" speed="13.39" pos="147.52" lane="3/1to4/1_0" slope="0.00"/>
        <vehicle id="18" x="201.65" y="101.21" angle="180.00" type="DEFAULT_VEHTYPE" speed="13.12" pos="101.21" lane="1/0to1/1_0" slope="0.00"/>
        <vehicle id="19" x="476.75" y="198.35" angle="90.00" type="DEFAULT_VEHTYPE" speed="12.95" pos="72.00" lane="2/1to3/1_0" slope="0.00"/>
        <vehicle id="2" x="497.44" y="401.65" angle="-90.00" type="DEFAULT_VEHTYPE" speed="13.34" pos="97.81" lane="3/2to2/2_0" slope="0.00"/>
        <vehicle id="20" x="428.55" y="401.65" angle="-90.00" type="DEFAULT_VEHTYPE" speed="9.05" pos="166.70" lane="3/2to2/2_0" slope="0.00"/>
        <vehicle id="21" x="537.98" y="401.65" angle="-90.00" type="DEFAULT_VEHTYPE" speed="13.31" pos="57.27" lane="3/2to2/2_0" slope="0.00"/>
        <vehicle id="22" x="520.20" y="198.35" angle="90.00" type="DEFAULT_VEHTYPE" speed="13.36" pos="115.45" lane="2/1to3/1_0" slope="0.00"/>
        <vehicle id="23" x="387.89" y="198.35" angle="90.00" type="DEFAULT_VEHTYPE" speed="6.22" pos="183.14" lane="1/1to2/1_0" slope="0.00"/>
        <vehicle id="24" x="733.76" y="201.65" angle="-90.00" type="DEFAULT_VEHTYPE" speed="12.75" pos="66.24" lane="4/1to3/1_0" slope="0.00"/>
        <vehicle id="3" x="398.35" y="155.30" angle="0.00" type="DEFAULT_VEHTYPE" speed="13.35" pos="39.95" lane="2/1to2/0_0" slope="0.00"/>
        <vehicle id="4" x="576.37" y="198.35" angle="90.00" type="DEFAULT_VEHTYPE" speed="7.27" pos="171.62" lane="2/1to3/1_0" slope="0.00"/>
        <vehicle id="5" x="401.65" y="777.38" angle="180.00" type="DEFAULT_VEHTYPE" speed="12.63" pos="172.63" lane="2/3to2/4_0" slope="0.00"/>
        <vehicle id="6" x="405.32" y="401.65" angle="-90.00" type="DEFAULT_VEHTYPE" speed="5.86" pos="189.93" lane="3/2to2/2_0" slope="0.00"/>
        <vehicle id="7" x="201.65" y="486.36" angle="180.00" type="DEFAULT_VEHTYPE" speed="13.49" pos="81.61" lane="1/2to1/3_0" slope="0.00"/>
        <vehicle id="8" x="398.35" y="275.48" angle="0.00" type="DEFAULT_VEHTYPE" speed="13.09" pos="119.77" lane="2/2to2/1_0" slope="0.00"/>
        <vehicle id="9" x="800.92" y="198.96" angle="97.18" type="DEFAULT_VEHTYPE" speed="12.97" pos="1.10" lane=":4/1_0_0" slope="0.00"/>
    </timestep>
    <timestep time="588.00">
        <vehicle id="0" x="401.65" y="148.75" angle="180.00" type="DEFAULT_VEHTYPE" speed="13.22" pos="148.75" lane="2/0to2/1_0" slope="0.00"/>
        <vehicle id="1" x="170.91" y="198.35" angle="90.00" type="DEFAULT_VEHTYPE" speed="12.72" pos="170.91" lane="0/1to1/1_0" slope="0.00"/>
        <vehicle id="11" x="602.98" y="198.35" angle="90.00" type="DEFAULT_VEHTYPE" speed="7.68" pos="7.73" lane=":3/1_13_0" slope="0.00"/>
        <vehicle id="12" x="32.96" y="198.35" angle="90.00" type="DEFAULT_VEHTYPE" speed="13.15" pos="32.96" lane="0/1to1/1_0" slope="0.00"/>
        <vehicle id="14" x="745.43" y="201.65" angle="-90.00" type="DEFAULT_VEHTYPE" speed="12.62" pos="54.57" lane="4/1to3/1_0" slope="0.00"/>
        <vehicle id="15" x="601.65" y="262.57" angle="180.00" type="DEFAULT_VEHTYPE" speed="13.21" pos="57.82" lane="3/1to3/2_0" slope="0.00"/>
        <vehicle id="16" x="369.22" y="401.65" angle="-90.00" type="DEFAULT_VEHTYPE" speed="11.88" pos="26.03" lane="2/2to1/2_0" slope="0.00"/>
        <vehicle id="17" x="765.35" y="198.35" angle="90.00" type="DEFAULT_VEHTYPE" speed="13.08" pos="160.60" lane="3/1to4/1_0" slope="0.00"/>
        <vehicle id="18" x="201.65" y="114.21" angle="180.00" type="DEFAULT_VEHTYPE" speed="13.00" pos="114.21" lane="1/0to1/1_0" slope="0.00"/>
        <vehicle id="19" x="489.41" y="198.35" angle="90.00" type="DEFAULT_VEHTYPE" speed="12.67" pos="84.66" lane="2/1to3/1_0" slope="0.00"/>
        <vehicle id="2" x="484.67" y="401.65" angle="-90.00" type="DEFAULT_VEHTYPE" speed="12.77" pos="110.58" lane="3/2to2/2_0" slope="0.00"/>
        <vehicle id="20" x="418.60" y="401.65" angle="-90.00" type="DEFAULT_VEHTYPE" speed="9.94" pos="176.65" lane="3/2to2/2_0" slope="0.00"/>
        <vehicle id="21" x="525.08" y="401.65" angle="-90.00" type="DEFAULT_VEHTYPE" speed="12.90" pos="70.17" lane="3/2to2/2_0" slope="0.00"/>
        <vehicle id="22" x="533.83" y="198.35" angle="90.00" type="DEFAULT_VEHTYPE" speed="13.63" pos="129.08" lane="2/1to3/1_0" slope="0.00"/>
        <vehicle id="23" x="390.20" y="198.35" angle="90.00" type="DEFAULT_VEHTYPE" speed="2.31" pos="185.45" lane="1/1to2/1_0" slope="0.00"/>
        <vehicle id="24" x="720.45" y="201.65" angle="-90.00" type="DEFAULT_VEHTYPE" speed="13.31" pos="79.55" lane="4/1to3/1_0" slope="0.00"/>
        <vehicle id="3" x="398.35" y="141.66" angle="0.00" type="DEFAULT_VEHTYPE" speed="13.64" pos="53.59" lane="2/1to2/0_0" slope="0.00"/>
        <vehicle id="4" x="584.07" y="198.35" angle="90.00" type="DEFAULT_VEHTYPE" speed="7.71" pos="179.32" lane="2/1to3/1_0" slope="0.00"/>
        <vehicle id="5" x="401.65" y="790.02" angle="180.00" type="DEFAULT_VEHTYPE" speed="12.64" pos="185.27" lane="2/3to2/4_0" slope="0.00"/>
        <vehicle id="6" x="397.86" y="401.65" angle="-90.00" type="DEFAULT_VEHTYPE" speed="7.46" pos="6.89" lane=":2/2_5_0" slope="0.00"/>
        <vehicle id="7" x="201.65" y="499.72" angle="180.00" type="DEFAULT_VEHTYPE" speed="13.36" pos="94.97" lane="1/2to1/3_0" slope="0.00"/>
        <vehicle id="8" x="398.35" y="261.71" angle="0.00" type="DEFAULT_VEHTYPE" speed="13.77" pos="133.54" lane="2/2to2/1_0" slope="0.00"/>
        <vehicle id="9" x="790.62" y="201.65" angle="-90.00" type="DEFAULT_VEHTYPE" speed="13.10" pos="9.38" lane="4/1to3/1_0" slope="0.00"/>
    </timestep>
    <timestep time="589.00">
        <vehicle id="0" x="401.65" y="162.56" angle="180.00" type="DEFAULT_VEHTYPE" speed="13.80" pos="162.56" lane="2/0to2/1_0" slope="0.00"/>
        <vehicle id="1" x="180.03" y="198.35" angle="90.00" type="DEFAULT_VEHTYPE" speed="9.12" pos="180.03" lane="0/1to1/1_0" slope="0.00"/>
        <vehicle id="11" x="612.09" y="198.35" angle="90.00" type="DEFAULT_VEHTYPE" speed="9.11" pos="7.34" lane="3/1to4/1_0" slope="0.00"/>
        <vehicle id="12" x="46.07" y="198.35" angle="90.00" type="DEFAULT_VEHTYPE" speed="13.11" pos="46.07" lane="0/1to1/1_0" slope="0.00"/>
        <vehicle id="14" x="732.77" y="201.65" angle="-90.00" type="DEFAULT_VEHTYPE" speed="12.66" pos="67.23" lane="4/1to3/1_0" slope="0.00"/>
        <vehicle id="15" x="601.65" y="276.05" angle="180.00" type="DEFAULT_VEHTYPE" speed="13.48" pos="71.30" lane="3/1to3/2_0" slope="0.00"/>
        <vehicle id="16" x="355.39" y="401.65" angle="-90.00" type="DEFAULT_VEHTYPE" speed="13.82" pos="39.86" lane="2/2to1/2_0" slope="0.00"/>
        <vehicle id="17" x="778.43" y="198.35" angle="90.00" type="DEFAULT_VEHTYPE" speed="13.07" pos="173.68" lane="3/1to4/1_0" slope="0.00"/>
        <vehicle id="18" x="201.65" y="127.59" angle="180.00" type="DEFAULT_VEHTYPE" speed="13.38" pos="127.59" lane="1/0to1/1_0" slope="0.00"/>
        <vehicle id="19" x="502.20" y="198.35" angle="90.00" type="DEFAULT_VEHTYPE" speed="12.79" pos="97.45" lane="2/1to3/1_0" slope="0.00"/>
        <vehicle id="2" x="471.98" y="401.65" angle="-90.00" type="DEFAULT_VEHTYPE" speed="12.69" pos="123.27" lane="3/2to2/2_0" slope="0.00"/>
        <vehicle id="20" x="412.84" y="401.65" angle="-90.00" type="DEFAULT_VEHTYPE" speed="5.76" pos="182.41" lane="3/2to2/2_0" slope="0.00"/>
        <vehicle id="21" x="511.88" y="401.65" angle="-90.00" type="DEFAULT_VEHTYPE" speed="13.20" pos="83.37" lane="3/2to2/2_0" slope="0.00"/>
        <vehicle id="22" x="546.53" y="198.35" angle="90.00" type="DEFAULT_VEHTYPE" speed="12.70" pos="141.78" lane="2/1to3/1_0" slope="0.00"/>
        <vehicle id="23" x="391.47" y="198.35" angle="90.00" type="DEFAULT_VEHTYPE" speed="1.27" pos="186.72" lane="1/1to2/1_0" slope="0.00"/>
        <vehicle id="24" x="706.82" y="201.65" angle="-90.00" type="DEFAULT_VEHTYPE" speed="13.64" pos="93.18" lane="4/1to3/1_0" slope="0.00"/>
        <vehicle id="3" x="398.35" y="129.04" angle="0.00" type="DEFAULT_VEHTYPE" speed="12.62" pos="66.21" lane="2/1to2/0_0" slope="0.00"/>
        <vehicle id="4" x="589.48" y="198.35" angle="90.00" type="DEFAULT_VEHTYPE" speed="5.41" pos="184.73" lane="2/1to3/1_0" slope="0.00"/>
        <vehicle id="5" x="399.53" y="801.42" angle="-148.75" type="DEFAULT_VEHTYPE" speed="12.91" pos="2.93" lane=":2/4_0_0" slope="0.00"/>
        <vehicle id="6" x="387.96" y="401.65" angle="-90.00" type="DEFAULT_VEHTYPE" speed="9.90" pos="7.29" lane="2/2to1/2_0" slope="0.00"/>
        <vehicle id="7" x="201.65" y="512.93" angle="180.00" type="DEFAULT_VEHTYPE" speed="13.21" pos="108.18" lane="1/2to1/3_0" slope="0.00"/>
        <vehicle id="8" x="398.35" y="248.87" angle="0.00" type="DEFAULT_VEHTYPE" speed="12.84" pos="146.38" lane="2/2to2/1_0" slope="0.00"/>
        <vehicle id="9" x="776.99" y="201.65" angle="-90.00" type="DEFAULT_VEHTYPE" speed="13.63" pos="23.01" lane="4/1to3/1_0" slope="0.00"/>
    </timestep>
    <timestep time="590.00">
        <vehicle id="0" x="401.65" y="175.65" angle="180.00" type="DEFAULT_VEHTYPE" speed="13.09" pos="175.65" lane="2/0to2/1_0" slope="0.00"/>
        <vehicle id="1" x="186.92" y="198.35" angle="90.00" type="DEFAULT_VEHTYPE" speed="6.88" pos="186.92" lane="0/1to1/1_0" slope="0.00"/>
        <vehicle id="11" x="623.76" y="198.35" angle="90.00" type="DEFAULT_VEHTYPE" speed="11.67" pos="19.01" lane="3/1to4/1_0" slope="0.00"/>
        <vehicle id="12" x="59.37" y="198.35" angle="90.00" type="DEFAULT_VEHTYPE" speed="13.30" pos="59.37" lane="0/1to1/1_0" slope="0.00"/>
        <vehicle id="14" x="719.14" y="201.65" angle="-90.00" type="DEFAULT_VEHTYPE" speed="13.63" pos="80.86" lane="4/1to3/1_0" slope="0.00"/>
        <vehicle id="15" x="601.65" y="288.69" angle="180.00" type="DEFAULT_VEHTYPE" speed="12.64" pos="83.94" lane="3/1to3/2_0" slope="0.00"/>
        <vehicle id="16" x="342.54" y="401.65" angle="-90.00" type="DEFAULT_VEHTYPE" speed="12.85" pos="52.71" lane="2/2to1/2_0" slope="0.00"/>
        <vehicle id="17" x="791.74" y="198.35" angle="90.00" type="DEFAULT_VEHTYPE" speed="13.32" pos="186.99" lane="3/1to4/1_0" slope="0.00"/>
        <vehicle id="18" x="201.65" y="140.35" angle="180.00" type="DEFAULT_VEHTYPE" speed="12.76" pos="140.35" lane="1/0to1/1_0" slope="0.00"/>
        <vehicle id="19" x="515.79" y="198.35" angle="90.00" type="DEFAULT_VEHTYPE" speed="13.59" pos="111.04" lane="2/1to3/1_0" slope="0.00"/>
        <vehicle id="2" x="458.68" y="401.65" angle="-90.00" type="DEFAULT_VEHTYPE" speed="13.30" pos="136.57" lane="3/2to2/2_0" slope="0.00"/>
        <vehicle id="20" x="409.54" y="401.65" angle="-90.00" type="DEFAULT_VEHTYPE" speed="3.30" pos="185.71" lane="3/2to2/2_0" slope="0.00"/>
        <vehicle id="21" x="498.44" y="401.65" angle="-90.00" type="DEFAULT_VEHTYPE" speed="13.44" pos="96.81" lane="3/2to2/2_0" slope="0.00"/>
        <vehicle id="22" x="559.38" y="198.35" angle="90.00" type="DEFAULT_VEHTYPE" speed="12.85" pos="154.63" lane="2/1to3/1_0" slope="0.00"/>
        <vehicle id="23" x="392.53" y="198.35" angle="90.00" type="DEFAULT_VEHTYPE" speed="1.06" pos="187.78" lane="1/1to2/1_0" slope="0.00"/>
        <vehicle id="24" x="693.86" y="201.65" angle="-90.00" type="DEFAULT_VEHTYPE" speed="12.96" pos="106.14" lane="4/1to3/1_0" slope="0.00"/>
        <vehicle id="3" x="398.35" y="116.07" angle="0.00" type="DEFAULT_VEHTYPE" speed="12.97" pos="79.18" lane="2/1to2/0_0" slope="0.00"/>
        <vehicle id="4" x="596.90" y="198.35" angle="90.00" type="DEFAULT_VEHTYPE" speed="7.42" pos="1.65" lane=":3/1_13_0" slope="0.00"/>
        <vehicle id="5" x="398.35" y="788.09" angle="0.00" type="DEFAULT_VEHTYPE" speed="13.80" pos="11.91" lane="2/4to2/3_0" slope="0.00"/>
        <vehicle id="6" x="375.65" y="401.65" angle="-90.00" type="DEFAULT_VEHTYPE" speed="12.31" pos="19.60" lane="2/2to1/2_0" slope="0.00"/>
        <vehicle id="7" x="201.65" y="526.05" angle="180.00" type="DEFAULT_VEHTYPE" speed="13.11" pos="121.30" lane="1/2to1/3_0" slope="0.00"/>
        <vehicle id="8" x="398.35" y="235.10" angle="0.00" type="DEFAULT_VEHTYPE" speed="13.76" pos="160.15" lane="2/2to2/1_0" slope="0.00"/>
        <vehicle id="9" x="764.23" y="201.65" angle="-90.00" type="DEFAULT_VEHTYPE" speed="12.76" pos="35.77" lane="4/1to3/1_0" slope="0.00"/>
    </timestep>
    <timestep time="591.00">
        <vehicle id="0" x="401.65" y="188.69" angle="180.00" type="DEFAULT_VEHTYPE" speed="13.04" pos="188.69" lane="2/0to2/1_0" slope="0.00"/>
        <vehicle id="1" x="190.09" y="198.35" angle="90.00" type="DEFAULT_VEHTYPE" speed="3.17" pos="190.09" lane="0/1to1/1_0" slope="0.00"/>
        <vehicle id="11" x="636.81" y="198.35" angle="90.00" type="DEFAULT_VEHTYPE" speed="13.05" pos="32.06" lane="3/1to4/1_0" slope="0.00"/>
        <vehicle id="12" x="72.96" y="198.35" angle="90.00" type="DEFAULT_VEHTYPE" speed="13.58" pos="72.96" lane="0/1to1/1_0" slope="0.00"/>
        <vehicle id="14" x="706.27" y="201.65" angle="-90.00" type="DEFAULT_VEHTYPE" speed="12.87" pos="93.73" lane="4/1to3/1_0" slope="0.00"/>
        <vehicle id="15" x="601.65" y="302.09" angle="180.00" type="DEFAULT_VEHTYPE" speed="13.40" pos="97.34" lane="3/1to3/2_0" slope="0.00"/>
        <vehicle id="16" x="329.58" y="401.65" angle="-90.00" type="DEFAULT_VEHTYPE" speed="12.96" pos="65.67" lane="2/2to1/2_0" slope="0.00"/>
        <vehicle id="17" x="800.02" y="201.64" angle="176.02" type="DEFAULT_VEHTYPE" speed="13.05" pos="4.79" lane=":4/1_0_0" slope="0.00"/>
        <vehicle id="18" x="201.65" y="153.75" angle="180.00" type="DEFAULT_VEHTYPE" speed="13.40" pos="153.75" lane="1/0to1/1_0" slope="0.00"/>
        <vehicle id="19" x="528.52" y="198.35" angle="90.00" type="DEFAULT_VEHTYPE" speed="12.73" pos="123.77" lane="2/1to3/1_0" slope="0.00"/>
        <vehicle id="2" x="445.26" y="401.65" angle="-90.00" type="DEFAULT_VEHTYPE" speed="13.42" pos="149.99" lane="3/2to2/2_0" slope="0.00"/>
        <vehicle id="20" x="403.86" y="401.52" angle="-88.54" type="DEFAULT_VEHTYPE" speed="5.69" pos="0.90" lane=":2/2_6_0" slope="0.00"/>
        <vehicle id="21" x="485.53" y="401.65" angle="-90.00" type="DEFAULT_VEHTYPE" speed="12.91" pos="109.72" lane="3/2to2/2_0" slope="0.00"/>
        <vehicle id="22" x="572.61" y="198.35" angle="90.00" type="DEFAULT_VEHTYPE" speed="13.22" pos="167.86" lane="2/1to3/1_0" slope="0.00"/>
        <vehicle id="23" x="392.70" y="198.35" angle="90.00" type="DEFAULT_VEHTYPE" speed="0.17" pos="187.95" lane="1/1to2/1_0" slope="0.00"/>
        <vehicle id="24" x="680.05" y="201.65" angle="-90.00" type="DEFAULT_VEHTYPE" speed="13.81" pos="119.95" lane="4/1to3/1_0" slope="0.00"/>
        <vehicle id="3" x="398.35" y="103.44" angle="0.00" type="DEFAULT_VEHTYPE" speed="12.64" pos="91.81" lane="2/1to2/0_0" slope="0.00"/>
        <vehicle id="4" x="606.66" y="198.35" angle="90.00" type="DEFAULT_VEHTYPE" speed="9.76" pos="1.91" lane="3/1to4/1_0" slope="0.00"/>
        <vehicle id="5" x="398.35" y="774.86" angle="0.00" type="DEFAULT_VEHTYPE" speed="13.23" pos="25.14" lane="2/4to2/3_0" slope="0.00"/>
        <vehicle id="6" x="362.84" y="401.65" angle="-90.00" type="DEFAULT_VEHTYPE" speed="12.82" pos="32.41" lane="2/2to1/2_0" slope="0.00"/>
        <vehicle id="7" x="201.65" y="539.71" angle="180.00" type="DEFAULT_VEHTYPE" speed="13.67" pos="134.96" lane="1/2to1/3_0" slope="0.00"/>
        <vehicle id="8" x="398.35" y="222.13" angle="0.00" type="DEFAULT_VEHTYPE" speed="12.98" pos="173.12" lane="2/2to2/1_0" slope="0.00"/>
        <vehicle id="9" x="750.63" y="201.65" angle="-90.00" type="DEFAULT_VEHTYPE" speed="13.61" pos="49.37" lane="4/1to3/1_0" slope="0.00"/>
    </timestep>
    <timestep time="592.00">
        <vehicle id="0" x="406.45" y="198.35" angle="108.13" type="DEFAULT_VEHTYPE" speed="13.26" pos="1.70" lane="2/1to3/1_0" slope="0.00"/>
        <vehicle id="1" x="194.98" y="198.35" angle="90.00" type="DEFAULT_VEHTYPE" speed="4.89" pos="194.98" lane="0/1to1/1_0" slope="0.00"/>
        <vehicle id="11" x="650.17" y="198.35" angle="90.00" type="DEFAULT_VEHTYPE" speed="13.36" pos="45.42" lane="3/1to4/1_0" slope="0.00"/>
        <vehicle id="12" x="86.42" y="198.35" angle="90.00" type="DEFAULT_VEHTYPE" speed="13.47" pos="86.42" lane="0/1to1/1_0" slope="0.00"/>
        <vehicle id="14" x="692.79" y="201.65" angle="-90.00" type="DEFAULT_VEHTYPE" speed="13.48" pos="107.21" lane="4/1to3/1_0" slope="0.00"/>
        <vehicle id="15" x="601.65" y="315.04" angle="180.00" type="DEFAULT_VEHTYPE" speed="12.95" pos="110.29" lane="3/1to3/2_0" slope="0.00"/>
        <vehicle id="16" x="316.49" y="401.65" angle="-90.00" type="DEFAULT_VEHTYPE" speed="13.09" pos="78.76" lane="2/2to1/2_0" slope="0.00"/>
        <vehicle id="17" x="787.38" y="201.65" angle="-90.00" type="DEFAULT_VEHTYPE" speed="12.65" pos="12.62" lane="4/1to3/1_0" slope="0.00"/>
        <vehicle id="18" x="201.65" y="167.34" angle="180.00" type="DEFAULT_VEHTYPE" speed="13.60" pos="167.34" lane="1/0to1/1_0" slope="0.00"/>
        <vehicle id="19" x="542.21" y="198.35" angle="90.00" type="DEFAULT_VEHTYPE" speed="13.69" pos="137.46" lane="2/1to3/1_0" slope="0.00"/>
        <vehicle id="2" x="432.09" y="401.65" angle="-90.00" type="DEFAULT_VEHTYPE" speed="13.17" pos="163.16" lane="3/2to2/2_0" slope="0.00"/>
        <vehicle id="20" x="398.67" y="397.52" angle="-40.56" type="DEFAULT_VEHTYPE" speed="7.13" pos="8.03" lane=":2/2_6_0" slope="0.00"/>
        <vehicle id="21" x="471.86" y="401.65" angle="-90.00" type="DEFAULT_VEHTYPE" speed="13.67" pos="123.39" lane="3/2to2/2_0" slope="0.00"/>
        <vehicle id="22" x="581.83" y="198.35" angle="90.00" type="DEFAULT_VEHTYPE" speed="9.23" pos="177.08" lane="2/1to3/1_0" slope="0.00"/>
        <vehicle id="23" x="392.73" y="198.35" angle="90.00" type="DEFAULT_VEHTYPE" speed="0.03" pos="187.98" lane="1/1to2/1_0" slope="0.00"/>
        <vehicle id="24" x="667.40" y="201.65" angle="-90.00" type="DEFAULT_VEHTYPE" speed="12.64" pos="132.60" lane="4/1to3/1_0" slope="0.00"/>
        <vehicle id="3" x="398.35" y="90.18" angle="0.00" type="DEFAULT_VEHTYPE" speed="13.25" pos="105.07" lane="2/1to2/0_0" slope="0.00"/>
        <vehicle id="4" x="618.64" y="198.35" angle="90.00" type="DEFAULT_VEHTYPE" speed="11.98" pos="13.89" lane="3/1to4/1_0" slope="0.00"/>
        <vehicle id="5" x="398.35" y="762.16" angle="0.00" type="DEFAULT_VEHTYPE" speed="12.70" pos="37.84" lane="2/4to2/3_0" slope="0.00"/>
        <vehicle id="6" x="349.84" y="401.65" angle="-90.00" type="DEFAULT_VEHTYPE" speed="13.00" pos="45.41" lane="2/2to1/2_0" slope="0.00"/>
        <vehicle id="7" x="201.65" y="553.37" angle="180.00" type="DEFAULT_VEHTYPE" speed="13.66" pos="148.62" lane="1/2to1/3_0" slope="0.00"/>
        <vehicle id="8" x="398.35" y="208.88" angle="0.00" type="DEFAULT_VEHTYPE" speed="13.25" pos="186.37" lane="2/2to2/1_0" slope="0.00"/>
        <vehicle id="9" x="737.74" y="201.65" angle="-90.00" type="DEFAULT_VEHTYPE" speed="12.89" pos="62.26" lane="4/1to3/1_0" slope="0.00"/>
    </timestep>
    <timestep time="593.00">
        <vehicle id="0" x="420.35" y="198.35" angle="90.00" type="DEFAULT_VEHTYPE" speed="13.89" pos="15.60" lane="2/1to3/1_0" slope="0.00"/>
        <vehicle id="1" x="198.35" y="193.22" angle="14.38" type="DEFAULT_VEHTYPE" speed="7.30" pos="2.03" lane="1/1to1/0_0" slope="0.00"/>
        <vehicle id="11" x="663.28" y="198.35" angle="90.00" type="DEFAULT_VEHTYPE" speed="13.11" pos="58.53" lane="3/1to4/1_0" slope="0.00"/>
        <vehicle id="12" x="99.04" y="198.35" angle="90.00" type="DEFAULT_VEHTYPE" speed="12.62" pos="99.04" lane="0/1to1/1_0" slope="0.00"/>
        <vehicle id="14" x="679.20" y="201.65" angle="-90.00" type="DEFAULT_VEHTYPE" speed="13.59" pos="120.80" lane="4/1to3/1_0" slope="0.00"/>
        <vehicle id="15" x="601.65" y="328.54" angle="180.00" type="DEFAULT_VEHTYPE" speed="13.51" pos="123.79" lane="3/1to3/2_0" slope="0.00"/>
        <vehicle id="16" x="303.19" y="401.65" angle="-90.00" type="DEFAULT_VEHTYPE" speed="13.30" pos="92.06" lane="2/2to1/2_0" slope="0.00"/>
        <vehicle id="17" x="774.21" y="201.65" angle="-90.00" type="DEFAULT_VEHTYPE" speed="13.17" pos="25.79" lane="4/1to3/1_0" slope="0.00"/>
        <vehicle id="18" x="201.65" y="181.24" angle="180.00" type="DEFAULT_VEHTYPE" speed="13.90" pos="181.24" lane="1/0to1/1_0" slope="0.00"/>
        <vehicle id="19" x="555.08" y="198.35" angle="90.00" type="DEFAULT_VEHTYPE" speed="12.87" pos="150.33" lane="2/1to3/1_0" slope="0.00"/>
        <vehicle id="2" x="421.65" y="401.65" angle="-90.00" type="DEFAULT_VEHTYPE" speed="10.44" pos="173.60" lane="3/2to2/2_0" slope="0.00"/>
        <vehicle id="20" x="398.35" y="388.37" angle="0.00" type="DEFAULT_VEHTYPE" speed="9.17" pos="6.88" lane="2/2to2/1_0" slope="0.00"/>
        <vehicle id="21" x="458.48" y="401.65" angle="-90.00" type="DEFAULT_VEHTYPE" speed="13.38" pos="136.77" lane="3/2to2/2_0" slope="0.00"/>
        <vehicle id="22" x="587.90" y="198.35" angle="90.00" type="DEFAULT_VEHTYPE" speed="6.07" pos="183.15" lane="2/1to3/1_0" slope="0.00"/>
        <vehicle id="23" x="392.74" y="198.35" angle="90.00" type="DEFAULT_VEHTYPE" speed="0.01" pos="187.99" lane="1/1to2/1_0" slope="0.00"/>
        <vehicle id="24" x="653.54" y="201.65" angle="-90.00" type="DEFAULT_VEHTYPE" speed="13.86" pos="146.46" lane="4/1to3/1_0" slope="0.00"/>
        <vehicle id="3" x="398.35" y="76.60" angle="0.00" type="DEFAULT_VEHTYPE" speed="13.59" pos="118.65" lane="2/1to2/0_0" slope="0.00"/>
        <vehicle id="4" x="631.88" y="198.35" angle="90.00" type="DEFAULT_VEHTYPE" speed="13.24" pos="27.13" lane="3/1to4/1_0" slope="0.00"/>
        <vehicle id="5" x="398.35" y="748.97" angle="0.00" type="DEFAULT_VEHTYPE" speed="13.20" pos="51.03" lane="2/4to2/3_0" slope="0.00"/>
        <vehicle id="6" x="336.37" y="401.65" angle="-90.00" type="DEFAULT_VEHTYPE" speed="13.47" pos="58.88" lane="2/2to1/2_0" slope="0.00"/>
        <vehicle id="7" x="201.65" y="567.00" angle="180.00" type="DEFAULT_VEHTYPE" speed="13.63" pos="162.25" lane="1/2to1/3_0" slope="0.00"/>
        <vehicle id="8" x="398.35" y="196.15" angle="0.00" type="DEFAULT_VEHTYPE" speed="12.73" pos="8.60" lane=":2/1_1_0" slope="0.00"/>
        <vehicle id="9" x="724.00" y="201.65" angle="-90.00" type="DEFAULT_VEHTYPE" speed="13.74" pos="76.00" lane="4/1to3/1_0" slope="0.00"/>
    </timestep>
    <timestep time="594.00">
        <vehicle id="0" x="433.67" y="198.35" angle="90.00" type="DEFAULT_VEHTYPE" speed="13.33" pos="28.92" lane="2/1to3/1_0" slope="0.00"/>
        <vehicle id="1" x="198.35" y="184.12" angle="0.00" type="DEFAULT_VEHTYPE" speed="9.10" pos="11.13" lane="1/1to1/0_0" slope="0.00"/>
        <vehicle id="11" x="676.48" y="198.35" angle="90.00" type="DEFAULT_VEHTYPE" speed="13.20" pos="71.73" lane="3/1to4/1_0" slope="0.00"/>
        <vehicle id="12" x="112.86" y="198.35" angle="90.00" type="DEFAULT_VEHTYPE" speed="13.81" pos="112.86" lane="0/1to1/1_0" slope="0.00"/>
        <vehicle id="14" x="666.15" y="201.65" angle="-90.00" type="DEFAULT_VEHTYPE" speed="13.05" pos="133.85" lane="4/1to3/1_0" slope="0.00"/>
        <vehicle id="15" x="601.65" y="341.42" angle="180.00" type="DEFAULT_VEHTYPE" speed="12.88" pos="136.67" lane="3/1to3/2_0" slope="0.00"/>
        <vehicle id="16" x="289.92" y="401.65" angle="-90.00" type="DEFAULT_VEHTYPE" speed="13.27" pos="105.33" lane="2/2to1/2_0" slope="0.00"/>
        <vehicle id="17" x="760.57" y="201.65" angle="-90.00" type="DEFAULT_VEHTYPE" speed="13.64" pos="39.43" lane="4/1to3/1_0" slope="0.00"/>
        <vehicle id="18" x="201.65" y="194.40" angle="180.00" type="DEFAULT_VEHTYPE" speed="13.16" pos="194.40" lane="1/0to1/1_0" slope="0.00"/>
        <vehicle id="19" x="567.24" y="198.35" angle="90.00" type="DEFAULT_VEHTYPE" speed="12.17" pos="162.49" lane="2/1to3/1_0" slope="0.00"/>
        <vehicle id="2" x="414.93" y="401.65" angle="-90.00" type="DEFAULT_VEHTYPE" speed="6.72" pos="180.32" lane="3/2to2/2_0" slope="0.00"/>
        <vehicle id="20" x="398.35" y="377.15" angle="0.00" type="DEFAULT_VEHTYPE" speed="11.21" pos="18.10" lane="2/2to2/1_0" slope="0.00"/>
        <vehicle id="21" x="445.87" y="401.65" angle="-90.00" type="DEFAULT_VEHTYPE" speed="12.61" pos="149.38" lane="3/2to2/2_0" slope="0.00"/>
        <vehicle id="22" x="590.86" y="198.35" angle="90.00" type="DEFAULT_VEHTYPE" speed="2.95" pos="186.11" lane="2/1to3/1_0" slope="0.00"/>
        <vehicle id="23" x="394.71" y="198.35" angle="90.00" type="DEFAULT_VEHTYPE" speed="1.97" pos="189.96" lane="1/1to2/1_0" slope="0.00"/>
        <vehicle id="24" x="639.74" y="201.65" angle="-90.00" type="DEFAULT_VEHTYPE" speed="13.80" pos="160.26" lane="4/1to3/1_0" slope="0.00"/>
        <vehicle id="3" x="398.35" y="63.18" angle="0.00" type="DEFAULT_VEHTYPE" speed="13.42" pos="132.07" lane="2/1to2/0_0" slope="0.00"/>
        <vehicle id="4" x="645.59" y="198.35" angle="90.00" type="DEFAULT_VEHTYPE" speed="13.71" pos="40.84" lane="3/1to4/1_0" slope="0.00"/>
        <vehicle id="5" x="398.35" y="735.48" angle="0.00" type="DEFAULT_VEHTYPE" speed="13.49" pos="64.52" lane="2/4to2/3_0" slope="0.00"/>
        <vehicle id="6" x="323.51" y="401.65" angle="-90.00" type="DEFAULT_VEHTYPE" speed="12.86" pos="71.74" lane="2/2to1/2_0" slope="0.00"/>
        <vehicle id="7" x="201.65" y="580.79" angle="180.00" type="DEFAULT_VEHTYPE" speed="13.78" pos="176.04" lane="1/2to1/3_0" slope="0.00"/>
        <vehicle id="8" x="398.35" y="182.44" angle="0.00" type="DEFAULT_VEHTYPE" speed="13.71" pos="12.81" lane="2/1to2/0_0" slope="0.00"/>
        <vehicle id="9" x="710.71" y="201.65" angle="-90.00" type="DEFAULT_VEHTYPE" speed="13.29" pos="89.29" lane="4/1to3/1_0" slope="0.00"/>
    </timestep>
    <timestep time="595.00">
        <vehicle id="0" x="447.37" y="198.35" angle="90.00" type="DEFAULT_VEHTYPE" speed="13.70" pos="42.62" lane="2/1to3/1_0" slope="0.00"/>
        <vehicle id="1" x="198.35" y="172.68" angle="0.00" type="DEFAULT_VEHTYPE" speed="11.43" pos="22.57" lane="1/1to1/0_0" slope="0.00"/>
        <vehicle id="11" x="689.46" y="198.35" angle="90.00" type="DEFAULT_VEHTYPE" speed="12.98" pos="84.71" lane="3/1to4/1_0" slope="0.00"/>
        <vehicle id="12" x="126.71" y="198.35" angle="90.00" type="DEFAULT_VEHTYPE" speed="13.85" pos="126.71" lane="0/1to1/1_0" slope="0.00"/>
        <vehicle id="14" x="652.64" y="201.65" angle="-90.00" type="DEFAULT_VEHTYPE" speed="13.50" pos="147.36" lane="4/1to3/1_0" slope="0.00"/>
        <vehicle id="15" x="601.65" y="354.71" angle="180.00" type="DEFAULT_VEHTYPE" speed="13.29" pos="149.96" lane="3/1to3/2_0" slope="0.00"/>
        <vehicle id="16" x="276.13" y="401.65" angle="-90.00" type="DEFAULT_VEHTYPE" speed="13.79" pos="119.12" lane="2/2to1/2_0" slope="0.00"/>
        <vehicle id="17" x="747.23" y="201.65" angle="-90.00" type="DEFAULT_VEHTYPE" speed="13.34" pos="52.77" lane="4/1to3/1_0" slope="0.00"/>
        <vehicle id="18" x="212.77" y="198.35" angle="90.00" type="DEFAULT_VEHTYPE" speed="13.87" pos="8.02" lane="1/1to2/1_0" slope="0.00"/>
        <vehicle id="19" x="574.91" y="198.35" angle="90.00" type="DEFAULT_VEHTYPE" speed="7.67" pos="170.16" lane="2/1to3/1_0" slope="0.00"/>
        <vehicle id="2" x="410.92" y="401.65" angle="-90.00" type="DEFAULT_VEHTYPE" speed="4.01" pos="184.33" lane="3/2to2/2_0" slope="0.00"/>
        <vehicle id="20" x="398.35" y="363.53" angle="0.00" type="DEFAULT_VEHTYPE" speed="13.63" pos="31.72" lane="2/2to2/1_0" slope="0.00"/>
        <vehicle id="21" x="433.74" y="401.65" angle="-90.00" type="DEFAULT_VEHTYPE" speed="12.14" pos="161.51" lane="3/2to2/2_0" slope="0.00"/>
        <vehicle id="22" x="596.00" y="198.35" angle="90.00" type="DEFAULT_VEHTYPE" speed="5.14" pos="0.75" lane=":3/1_13_0" slope="0.00"/>
        <vehicle id="23" x="398.49" y="198.35" angle="90.00" type="DEFAULT_VEHTYPE" speed="3.77" pos="3.24" lane=":2/1_13_0" slope="0.00"/>
        <vehicle id="24" x="627.60" y="201.65" angle="-90.00" type="DEFAULT_VEHTYPE" speed="12.14" pos="172.40" lane="4/1to3/1_0" slope="0.00"/>
        <vehicle id="3" x="398.35" y="49.48" angle="0.00" type="DEFAULT_VEHTYPE" speed="13.70" pos="145.77" lane="2/1to2/0_0" slope="0.00"/>
        <vehicle id="4" x="658.38" y="198.35" angle="90.00" type="DEFAULT_VEHTYPE" speed="12.79" pos="53.63" lane="3/1to4/1_0" slope="0.00"/>
        <vehicle id="5" x="398.35" y="721.70" angle="0.00" type="DEFAULT_VEHTYPE" speed="13.78" pos="78.30" lane="2/4to2/3_0" slope="0.00"/>
        <vehicle id="6" x="310.13" y="401.65" angle="-90.00" type="DEFAULT_VEHTYPE" speed="13.38" pos="85.12" lane="2/2to1/2_0" slope="0.00"/>
        <vehicle id="7" x="201.65" y="594.03" angle="180.00" type="DEFAULT_VEHTYPE" speed="13.24" pos="189.28" lane="1/2to1/3_0" slope="0.00"/>
        <vehicle id="8" x="398.35" y="169.37" angle="0.00" type="DEFAULT_VEHTYPE" speed="13.07" pos="25.88" lane="2/1to2/0_0" slope="0.00"/>
        <vehicle id="9" x="697.96" y="201.65" angle="-90.00" type="DEFAULT_VEHTYPE" speed="12.75" pos="102.04" lane="4/1to3/1_0" slope="0.00"/>
    </timestep>
    <timestep time="596.00">
        <vehicle id="0" x="461.18" y="198.35" angle="90.00" type="DEFAULT_VEHTYPE" speed="13.81" pos="56.43" lane="2/1to3/1_0" slope="0.00"/>
        <vehicle id="1" x="198.35" y="159.55" angle="0.00" type="DEFAULT_VEHTYPE" speed="13.13" pos="35.70" lane="1/1to1/0_0" slope="0.00"/>
        <vehicle id="11" x="702.38" y="198.35" angle="90.00" type="DEFAULT_VEHTYPE" speed="12.92" pos="97.63" lane="3/1to4/1_0" slope="0.00"/>
        <vehicle id="12" x="140.08" y="198.35" angle="90.00" type="DEFAULT_VEHTYPE" speed="13.37" pos="140.08" lane="0/1to1/1_0" slope="0.00"/>
        <vehicle id="14" x="639.23" y="201.65" angle="-90.00" type="DEFAULT_VEHTYPE" speed="13.41" pos="160.77" lane="4/1to3/1_0" slope="0.00"/>
        <vehicle id="15" x="601.65" y="368.58" angle="180.00" type="DEFAULT_VEHTYPE" speed="13.88" pos="163.83" lane="3/1to3/2_0" slope="0.00"/>
        <vehicle id="16" x="262.44" y="401.65" angle="-90.00" type="DEFAULT_VEHTYPE" speed="13.68" pos="132.81" lane="2/2to1/2_0" slope="0.00"/>
        <vehicle id="17" x="734.17" y="201.65" angle="-90.00" type="DEFAULT_VEHTYPE" speed="13.06" pos="65.83" lane="4/1to3/1_0" slope="0.00"/>
        <vehicle id="18" x="226.54" y="198.35" angle="90.00" type="DEFAULT_VEHTYPE" speed="13.77" pos="21.79" lane="1/1to2/1_0" slope="0.00"/>
        <vehicle id="19" x="583.23" y="198.35" angle="90.00" type="DEFAULT_VEHTYPE" speed="8.32" pos="178.48" lane="2/1to3/1_0" slope="0.00"/>
        <vehicle id="2" x="405.38" y="401.65" angle="-90.00" type="DEFAULT_VEHTYPE" speed="5.54" pos="189.87" lane="3/2to2/2_0" slope="0.00"/>
        <vehicle id="20" x="398.35" y="349.77" angle="0.00" type="DEFAULT_VEHTYPE" speed="13.76" pos="45.48" lane="2/2to2/1_0" slope="0.00"/>
        <vehicle id="21" x="426.10" y="401.65" angle="-90.00" type="DEFAULT_VEHTYPE" speed="7.64" pos="169.15" lane="3/2to2/2_0" slope="0.00"/>
        <vehicle id="22" x="603.10" y="198.35" angle="90.00" type="DEFAULT_VEHTYPE" speed="7.10" pos="7.85" lane=":3/1_13_0" slope="0.00"/>
        <vehicle id="23" x="404.70" y="198.35" angle="90.00" type="DEFAULT_VEHTYPE" speed="6.22" pos="9.45" lane=":2/1_13_0" slope="0.00"/>
        <vehicle id="24" x="618.43" y="201.65" angle="-90.00" type="DEFAULT_VEHTYPE" speed="9.17" pos="181.57" lane="4/1to3/1_0" slope="0.00"/>
        <vehicle id="3" x="398.35" y="36.19" angle="0.00" type="DEFAULT_VEHTYPE" speed="13.29" pos="159.06" lane="2/1to2/0_0" slope="0.00"/>
        <vehicle id="4" x="671.39" y="198.35" angle="90.00" type="DEFAULT_VEHTYPE" speed="13.01" pos="66.64" lane="3/1to4/1_0" slope="0.00"/>
        <vehicle id="5" x="398.35" y="709.05" angle="0.00" type="DEFAULT_VEHTYPE" speed="12.65" pos="90.95" lane="2/4to2/3_0" slope="0.00"/>
        <vehicle id="6" x="297.34" y="401.65" angle="-90.00" type="DEFAULT_VEHTYPE" speed="12.79" pos="97.91" lane="2/2to1/2_0" slope="0.00"/>
        <vehicle id="7" x="211.61" y="598.35" angle="90.00" type="DEFAULT_VEHTYPE" speed="13.07" pos="6.86" lane="1/3to2/3_0" slope="0.00"/>
        <vehicle id="8" x="398.35" y="155.95" angle="0.00" type="DEFAULT_VEHTYPE" speed="13.42" pos="39.30" lane="2/1to2/0_0" slope="0.00"/>
        <vehicle id="9" x="684.09" y="201.65" angle="-90.00" type="DEFAULT_VEHTYPE" speed="13.87" pos="115.91" lane="4/1to3/1_0" slope="0.00"/>
    </timestep>
    <timestep time="597.00">
        <vehicle id="0" x="473.81" y="198.35" angle="90.00" type="DEFAULT_VEHTYPE" speed="12.63" pos="69.06" lane="2/1to3/1_0" slope="0.00"/>
        <vehicle id="1" x="198.35" y="146.30" angle="0.00" type="DEFAULT_VEHTYPE" speed="13.25" pos="48.95" lane="1/1to1/0_0" slope="0.00"/>
        <vehicle id="11" x="715.56" y="198.35" angle="90.00" type="DEFAULT_VEHTYPE" speed="13.18" pos="110.81" lane="3/1to4/1_0" slope="0.00"/>
        <vehicle id="12" x="153.88" y="198.35" angle="90.00" type="DEFAULT_VEHTYPE" speed="13.80" pos="153.88" lane="0/1to1/1_0" slope="0.00"/>
        <vehicle id="14" x="629.51" y="201.65" angle="-90.00" type="DEFAULT_VEHTYPE" speed="9.72" pos="170.49" lane="4/1to3/1_0" slope="0.00"/>
        <vehicle id="15" x="601.65" y="378.34" angle="180.00" type="DEFAULT_VEHTYPE" speed="9.75" pos="173.59" lane="3/1to3/2_0" slope="0.00"/>
        <vehicle id="16" x="249.18" y="401.65" angle="-90.00" type="DEFAULT_VEHTYPE" speed="13.26" pos="146.07" lane="2/2to1/2_0" slope="0.00"/>
        <vehicle id="17" x="721.44" y="201.65" angle="-90.00" type="DEFAULT_VEHTYPE" speed="12.74" pos="78.56" lane="4/1to3/1_0" slope="0.00"/>
        <vehicle id="18" x="239.51" y="198.35" angle="90.00" type="DEFAULT_VEHTYPE" speed="12.97" pos="34.76" lane="1/1to2/1_0" slope="0.00"/>
        <vehicle id="19" x="587.86" y="198.35" angle="90.00" type="DEFAULT_VEHTYPE" speed="4.63" pos="183.11" lane="2/1to3/1_0" slope="0.00"/>
        <vehicle id="2" x="397.71" y="401.65" angle="-90.00" type="DEFAULT_VEHTYPE" speed="7.67" pos="7.04" lane=":2/2_5_0" slope="0.00"/>
        <vehicle id="20" x="398.35" y="336.41" angle="0.00" type="DEFAULT_VEHTYPE" speed="13.36" pos="58.84" lane="2/2to2/1_0" slope="0.00"/>
        <vehicle id="21" x="417.47" y="401.65" angle="-90.00" type="DEFAULT_VEHTYPE" speed="8.62" pos="177.78" lane="3/2to2/2_0" slope="0.00"/>
        <vehicle id="22" x="611.89" y="198.35" angle="90.00" type="DEFAULT_VEHTYPE" speed="8.78" pos="7.14" lane="3/1to4/1_0" slope="0.00"/>
        <vehicle id="23" x="412.76" y="198.35" angle="90.00" type="DEFAULT_VEHTYPE" speed="8.05" pos="8.01" lane="2/1to3/1_0" slope="0.00"/>
        <vehicle id="24" x="612.26" y="201.65" angle="-90.00" type="DEFAULT_VEHTYPE" speed="6.18" pos="187.74" lane="4/1to3/1_0" slope="0.00"/>
        <vehicle id="3" x="398.35" y="23.51" angle="0.00" type="DEFAULT_VEHTYPE" speed="12.68" pos="171.74" lane="2/1to2/0_0" slope="0.00"/>
        <vehicle id="4" x="684.98" y="198.35" angle="90.00" type="DEFAULT_VEHTYPE" speed="13.59" pos="80.23" lane="3/1to4/1_0" slope="0.00"/>
        <vehicle id="5" x="398.35" y="695.36" angle="0.00" type="DEFAULT_VEHTYPE" speed="13.69" pos="104.64" lane="2/4to2/3_0" slope="0.00"/>
        <vehicle id="6" x="284.63" y="401.65" angle="-90.00" type="DEFAULT_VEHTYPE" speed="12.71" pos="110.62" lane="2/2to1/2_0" slope="0.00"/>
        <vehicle id="7" x="225.49" y="598.35" angle="90.00" type="DEFAULT_VEHTYPE" speed="13.89" pos="20.74" lane="1/3to2/3_0" slope="0.00"/>
        <vehicle id="8" x="398.35" y="142.18" angle="0.00" type="DEFAULT_VEHTYPE" speed="13.77" pos="53.07" lane="2/1to2/0_0" slope="0.00"/>
        <vehicle id="9" x="670.75" y="201.65" angle="-90.00" type="DEFAULT_VEHTYPE" speed="13.34" pos="129.25" lane="4/1to3/1_0" slope="0.00"/>
    </timestep>
    <timestep time="598.00">
        <vehicle id="0" x="487.27" y="198.35" angle="90.00" type="DEFAULT_VEHTYPE" speed="13.46" pos="82.52" lane="2/1to3/1_0" slope="0.00"/>
        <vehicle id="1" x="198.35" y="133.41" angle="0.00" type="DEFAULT_VEHTYPE" speed="12.89" pos="61.84" lane="1/1to1/0_0" slope="0.00"/>
        <vehicle id="11" x="729.37" y="198.35" angle="90.00" type="DEFAULT_VEHTYPE" speed="13.81" pos="124.62" lane="3/1to4/1_0" slope="0.00"/>
        <vehicle id="12" x="167.21" y="198.35" angle="90.00" type="DEFAULT_VEHTYPE" speed="13.33" pos="167.21" lane="0/1to1/1_0" slope="0.00"/>
        <vehicle id="14" x="621.90" y="201.65" angle="-90.00" type="DEFAULT_VEHTYPE" speed="7.61" pos="178.10" lane="4/1to3/1_0" slope="0.00"/>
        <vehicle id="15" x="601.65" y="385.97" angle="180.00" type="DEFAULT_VEHTYPE" speed="7.63" pos="181.22" lane="3/1to3/2_0" slope="0.00"/>
        <vehicle id="16" x="235.70" y="401.65" angle="-90.00" type="DEFAULT_VEHTYPE" speed="13.48" pos="159.55" lane="2/2to1/2_0" slope="0.00"/>
        <vehicle id="17" x="708.53" y="201.65" angle="-90.00" type="DEFAULT_VEHTYPE" speed="12.90" pos="91.47" lane="4/1to3/1_0" slope="0.00"/>
        <vehicle id="18" x="252.25" y="198.35" angle="90.00" type="DEFAULT_VEHTYPE" speed="12.74" pos="47.50" lane="1/1to2/1_0" slope="0.00"/>
        <vehicle id="19" x="591.32" y="198.35" angle="90.00" type="DEFAULT_VEHTYPE" speed="3.45" pos="186.57" lane="2/1to3/1_0" slope="0.00"/>
        <vehicle id="2" x="388.51" y="401.65" angle="-90.00" type="DEFAULT_VEHTYPE" speed="9.20" pos="6.74" lane="2/2to1/2_0" slope="0.00"/>
        <vehicle id="20" x="398.35" y="323.64" angle="0.00" type="DEFAULT_VEHTYPE" speed="12.77" pos="71.61" lane="2/2to2/1_0" slope="0.00"/>
        <vehicle id="21" x="411.95" y="401.65" angle="-90.00" type="DEFAULT_VEHTYPE" speed="5.52" pos="183.30" lane="3/2to2/2_0" slope="0.00"/>
        <vehicle id="22" x="623.06" y="198.35" angle="90.00" type="DEFAULT_VEHTYPE" speed="11.17" pos="18.31" lane="3/1to4/1_0" slope="0.00"/>
        <vehicle id="23" x="423.17" y="198.35" angle="90.00" type="DEFAULT_VEHTYPE" speed="10.41" pos="18.42" lane="2/1to3/1_0" slope="0.00"/>
        <vehicle id="24" x="609.03" y="201.65" angle="-90.00" type="DEFAULT_VEHTYPE" speed="3.23" pos="190.97" lane="4/1to3/1_0" slope="0.00"/>
        <vehicle id="3" x="398.35" y="9.73" angle="0.00" type="DEFAULT_VEHTYPE" speed="13.78" pos="185.52" lane="2/1to2/0_0" slope="0.00"/>
        <vehicle id="4" x="698.37" y="198.35" angle="90.00" type="DEFAULT_VEHTYPE" speed="13.39" pos="93.62" lane="3/1to4/1_0" slope="0.00"/>
        <vehicle id="5" x="398.35" y="681.62" angle="0.00" type="DEFAULT_VEHTYPE" speed="13.74" pos="118.38" lane="2/4to2/3_0" slope="0.00"/>
        <vehicle id="6" x="271.39" y="401.65" angle="-90.00" type="DEFAULT_VEHTYPE" speed="13.24" pos="123.86" lane="2/2to1/2_0" slope="0.00"/>
        <vehicle id="7" x="238.94" y="598.35" angle="90.00" type="DEFAULT_VEHTYPE" speed="13.45" pos="34.19" lane="1/3to2/3_0" slope="0.00"/>
        <vehicle id="8" x="398.35" y="128.55" angle="0.00" type="DEFAULT_VEHTYPE" speed="13.63" pos="66.70" lane="2/1to2/0_0" slope="0.00"/>
        <vehicle id="9" x="658.01" y="201.65" angle="-90.00" type="DEFAULT_VEHTYPE" speed="12.75" pos="141.99" lane="4/1to3/1_0" slope="0.00"/>
    </timestep>
    <timestep time="599.00">
        <vehicle id="0" x="500.67" y="198.35" angle="90.00" type="DEFAULT_VEHTYPE" speed="13.40" pos="95.92" lane="2/1to3/1_0" slope="0.00"/>
        <vehicle id="1" x="198.35" y="120.71" angle="0.00" type="DEFAULT_VEHTYPE" speed="12.70" pos="74.54" lane="1/1to1/0_0" slope="0.00"/>
        <vehicle id="11" x="743.09" y="198.35" angle="90.00" type="DEFAULT_VEHTYPE" speed="13.72" pos="138.34" lane="3/1to4/1_0" slope="0.00"/>
        <vehicle id="12" x="177.42" y="198.35" angle="90.00" type="DEFAULT_VEHTYPE" speed="10.22" pos="177.42" lane="0/1to1/1_0" slope="0.00"/>
        <vehicle id="14" x="618.33" y="201.65" angle="-90.00" type="DEFAULT_VEHTYPE" speed="3.57" pos="181.67" lane="4/1to3/1_0" slope="0.00"/>
        <vehicle id="15" x="601.65" y="389.63" angle="180.00" type="DEFAULT_VEHTYPE" speed="3.66" pos="184.88" lane="3/1to3/2_0" slope="0.00"/>
        <vehicle id="16" x="224.34" y="401.65" angle="-90.00" type="DEFAULT_VEHTYPE" speed="11.35" pos="170.91" lane="2/2to1/2_0" slope="0.00"/>
        <vehicle id="17" x="694.75" y="201.65" angle="-90.00" type="DEFAULT_VEHTYPE" speed="13.78" pos="105.25" lane="4/1to3/1_0" slope="0.00"/>
        <vehicle id="18" x="265.81" y="198.35" angle="90.00" type="DEFAULT_VEHTYPE" speed="13.56" pos="61.06" lane="1/1to2/1_0" slope="0.00"/>
        <vehicle id="19" x="592.26" y="198.35" angle="90.00" type="DEFAULT_VEHTYPE" speed="0.94" pos="187.51" lane="2/1to3/1_0" slope="0.00"/>
        <vehicle id="2" x="377.14" y="401.65" angle="-90.00" type="DEFAULT_VEHTYPE" speed="11.37" pos="18.11" lane="2/2to1/2_0" slope="0.00"/>
        <vehicle id="20" x="398.35" y="310.45" angle="0.00" type="DEFAULT_VEHTYPE" speed="13.19" pos="84.80" lane="2/2to2/1_0" slope="0.00"/>
        <vehicle id="21" x="409.15" y="401.65" angle="-90.00" type="DEFAULT_VEHTYPE" speed="2.80" pos="186.10" lane="3/2to2/2_0" slope="0.00"/>
        <vehicle id="22" x="635.65" y="198.35" angle="90.00" type="DEFAULT_VEHTYPE" speed="12.59" pos="30.90" lane="3/1to4/1_0" slope="0.00"/>
        <vehicle id="23" x="436.01" y="198.35" angle="90.00" type="DEFAULT_VEHTYPE" speed="12.85" pos="31.26" lane="2/1to3/1_0" slope="0.00"/>
        <vehicle id="24" x="604.17" y="201.73" angle="-90.93" type="DEFAULT_VEHTYPE" speed="4.86" pos="0.59" lane=":3/1_4_0" slope="0.00"/>
        <vehicle id="3" x="400.98" y="-1.01" angle="47.56" type="DEFAULT_VEHTYPE" speed="13.34" pos="3.61" lane=":2/0_0_0" slope="0.00"/>
        <vehicle id="4" x="711.20" y="198.35" angle="90.00" type="DEFAULT_VEHTYPE" speed="12.83" pos="106.45" lane="3/1to4/1_0" slope="0.00"/>
        <vehicle id="5" x="398.35" y="668.98" angle="0.00" type="DEFAULT_VEHTYPE" speed="12.63" pos="131.02" lane="2/4to2/3_0" slope="0.00"/>
        <vehicle id="6" x="258.00" y="401.65" angle="-90.00" type="DEFAULT_VEHTYPE" speed="13.39" pos="137.25" lane="2/2to1/2_0" slope="0.00"/>
        <vehicle id="7" x="251.66" y="598.35" angle="90.00" type="DEFAULT_VEHTYPE" speed="12.72" pos="46.91" lane="1/3to2/3_0" slope="0.00"/>
        <vehicle id="8" x="398.35" y="115.50" angle="0.00" type="DEFAULT_VEHTYPE" speed="13.05" pos="79.75" lane="2/1to2/0_0" slope="0.00"/>
        <vehicle id="9" x="644.65" y="201.65" angle="-90.00" type="DEFAULT_VEHTYPE" speed="13.35" pos="155.35" lane="4/1to3/1_0" slope="0.00"/>
    </timestep>
    <timestep time="600.00">
        <vehicle id="0" x="514.27" y="198.35" angle="90.00" type="DEFAULT_VEHTYPE" speed="13.60" pos="109.52" lane="2/1to3/1_0" slope="0.00"/>
        <vehicle id="1" x="198.35" y="107.89" angle="0.00" type="DEFAULT_VEHTYPE" speed="12.83" pos="87.36" lane="1/1to1/0_0" slope="0.00"/>
        <vehicle id="11" x="756.82" y="198.35" angle="90.00" type="DEFAULT_VEHTYPE" speed="13.72" pos="152.07" lane="3/1to4/1_0" slope="0.00"/>
        <vehicle id="12" x="184.89" y="198.35" angle="90.00" type="DEFAULT_VEHTYPE" speed="7.47" pos="184.89" lane="0/1to1/1_0" slope="0.00"/>
        <vehicle id="14" x="613.20" y="201.65" angle="-90.00" type="DEFAULT_VEHTYPE" speed="5.13" pos="186.80" lane="4/1to3/1_0" slope="0.00"/>
        <vehicle id="15" x="601.65" y="394.60" angle="180.00" type="DEFAULT_VEHTYPE" speed="4.97" pos="189.85" lane="3/1to3/2_0" slope="0.00"/>
        <vehicle id="16" x="216.66" y="401.65" angle="-90.00" type="DEFAULT_VEHTYPE" speed="7.69" pos="178.59" lane="2/2to1/2_0" slope="0.00"/>
        <vehicle id="17" x="681.32" y="201.65" angle="-90.00" type="DEFAULT_VEHTYPE" speed="13.43" pos="118.68" lane="4/1to3/1_0" slope="0.00"/>
        <vehicle id="18" x="278.76" y="198.35" angle="90.00" type="DEFAULT_VEHTYPE" speed="12.95" pos="74.01" lane="1/1to2/1_0" slope="0.00"/>
        <vehicle id="19" x="592.64" y="198.35" angle="90.00" type="DEFAULT_VEHTYPE" speed="0.38" pos="187.89" lane="2/1to3/1_0" slope="0.00"/>
        <vehicle id="2" x="363.93" y="401.65" angle="-90.00" type="DEFAULT_VEHTYPE" speed="13.21" pos="31.32" lane="2/2to1/2_0" slope="0.00"/>
        <vehicle id="20" x="398.35" y="297.63" angle="0.00" type="DEFAULT_VEHTYPE" speed="12.82" pos="97.62" lane="2/2to2/1_0" slope="0.00"/>
        <vehicle id="21" x="404.09" y="401.65" angle="-90.00" type="DEFAULT_VEHTYPE" speed="5.06" pos="0.66" lane=":2/2_5_0" slope="0.00"/>
        <vehicle id="22" x="648.92" y="198.35" angle="90.00" type="DEFAULT_VEHTYPE" speed="13.27" pos="44.17" lane="3/1to4/1_0" slope="0.00"/>
        <vehicle id="23" x="449.46" y="198.35" angle="90.00" type="DEFAULT_VEHTYPE" speed="13.45" pos="44.71" lane="2/1to3/1_0" slope="0.00"/>
        <vehicle id="24" x="601.65" y="207.12" angle="-169.39" type="DEFAULT_VEHTYPE" speed="6.78" pos="2.37" lane="3/1to3/2_0" slope="0.00"/>
        <vehicle id="3" x="401.65" y="12.55" angle="180.00" type="DEFAULT_VEHTYPE" speed="13.76" pos="12.55" lane="2/0to2/1_0" slope="0.00"/>
        <vehicle id="4" x="725.09" y="198.35" angle="90.00" type="DEFAULT_VEHTYPE" speed="13.89" pos="120.34" lane="3/1to4/1_0" slope="0.00"/>
        <vehicle id="5" x="398.35" y="656.37" angle="0.00" type="DEFAULT_VEHTYPE" speed="12.62" pos="143.63" lane="2/4to2/3_0" slope="0.00"/>
        <vehicle id="6" x="245.21" y="401.65" angle="-90.00" type="DEFAULT_VEHTYPE" speed="12.79" pos="150.04" lane="2/2to1/2_0" slope="0.00"/>
        <vehicle id="7" x="265.15" y="598.35" angle="90.00" type="DEFAULT_VEHTYPE" speed="13.49" pos="60.40" lane="1/3to2/3_0" slope="0.00"/>
        <vehicle id="8" x="398.35" y="102.20" angle="0.00" type="DEFAULT_VEHTYPE" speed="13.30" pos="93.05" lane="2/1to2/0_0" slope="0.00"/>
        <vehicle id="9" x="635.80" y="201.65" angle="-90.00" type="DEFAULT_VEHTYPE" speed="8.85" pos="164.20" lane="4/1to3/1_0" slope="0.00"/>
    </timestep>
    <timestep time="601.00">
        <vehicle id="0" x="527.26" y="198.35" angle="90.00" type="DEFAULT_VEHTYPE" speed="12.99" pos="122.51" lane="2/1to3/1_0" slope="0.00"/>
        <vehicle id="1" x="198.35" y="94.45" angle="0.00" type="DEFAULT_VEHTYPE" speed="13.43" pos="100.80" lane="1/1to1/0_0" slope="0.00"/>
        <vehicle id="11" x="769.50" y="198.35" angle="90.00" type="DEFAULT_VEHTYPE" speed="12.69" pos="164.75" lane="3/1to4/1_0" slope="0.00"/>
        <vehicle id="12" x="188.95" y="198.35" angle="90.00" type="DEFAULT_VEHTYPE" speed="4.06" pos="188.95" lane="0/1to1/1_0" slope="0.00"/>
        <vehicle id="14" x="610.21" y="201.65" angle="-90.00" type="DEFAULT_VEHTYPE" speed="2.98" pos="189.79" lane="4/1to3/1_0" slope="0.00"/>
        <vehicle id="15" x="599.65" y="400.29" angle="-156.68" type="DEFAULT_VEHTYPE" speed="6.27" pos="5.62" lane=":3/2_10_0" slope="0.00"/>
        <vehicle id="16" x="211.31" y="401.65" angle="-90.00" type="DEFAULT_VEHTYPE" speed="5.35" pos="183.94" lane="2/2to1/2_0" slope="0.00"/>
        <vehicle id="17" x="668.56" y="201.65" angle="-90.00" type="DEFAULT_VEHTYPE" speed="12.76" pos="131.44" lane="4/1to3/1_0" slope="0.00"/>
        <vehicle id="18" x="292.44" y="198.35" angle="90.00" type="DEFAULT_VEHTYPE" speed="13.68" pos="87.69" lane="1/1to2/1_0" slope="0.00"/>
        <vehicle id="19" x="592.70" y="198.35" angle="90.00" type="DEFAULT_VEHTYPE" speed="0.06" pos="187.95" lane="2/1to3/1_0" slope="0.00"/>
        <vehicle id="2" x="350.07" y="401.65" angle="-90.00" type="DEFAULT_VEHTYPE" speed="13.85" pos="45.18" lane="2/2to1/2_0" slope="0.00"/>
        <vehicle id="20" x="398.35" y="283.78" angle="0.00" type="DEFAULT_VEHTYPE" speed="13.85" pos="111.47" lane="2/2to2/1_0" slope="0.00"/>
        <vehicle id="21" x="397.43" y="401.65" angle="-90.00" type="DEFAULT_VEHTYPE" speed="6.66" pos="7.32" lane=":2/2_5_0" slope="0.00"/>
        <vehicle id="22" x="661.53" y="198.35" angle="90.00" type="DEFAULT_VEHTYPE" speed="12.60" pos="56.78" lane="3/1to4/1_0" slope="0.00"/>
        <vehicle id="23" x="463.19" y="198.35" angle="90.00" type="DEFAULT_VEHTYPE" speed="13.73" pos="58.44" lane="2/1to3/1_0" slope="0.00"/>
        <vehicle id="24" x="601.65" y="215.94" angle="180.00" type="DEFAULT_VEHTYPE" speed="8.83" pos="11.19" lane="3/1to3/2_0" slope="0.00"/>
        <vehicle id="3" x="401.65" y="25.46" angle="180.00" type="DEFAULT_VEHTYPE" speed="12.92" pos="25.46" lane="2/0to2/1_0" slope="0.00"/>
        <vehicle id="4" x="738.36" y="198.35" angle="90.00" type="DEFAULT_VEHTYPE" speed="13.27" pos="133.61" lane="3/1to4/1_0" slope="0.00"/>
        <vehicle id="5" x="398.35" y="643.45" angle="0.00" type="DEFAULT_VEHTYPE" speed="12.92" pos="156.55" lane="2/4to2/3_0" slope="0.00"/>
        <vehicle id="6" x="233.80" y="401.65" angle="-90.00" type="DEFAULT_VEHTYPE" speed="11.40" pos="161.45" lane="2/2to1/2_0" slope="0.00"/>
        <vehicle id="7" x="278.93" y="598.35" angle="90.00" type="DEFAULT_VEHTYPE" speed="13.78" pos="74.18" lane="1/3to2/3_0" slope="0.00"/>
        <vehicle id="8" x="398.35" y="89.14" angle="0.00" type="DEFAULT_VEHTYPE" speed="13.05" pos="106.11" lane="2/1to2/0_0" slope="0.00"/>
        <vehicle id="9" x="626.98" y="201.65" angle="-90.00" type="DEFAULT_VEHTYPE" speed="8.82" pos="173.02" lane="4/1to3/1_0" slope="0.00"/>
    </timestep>
    <timestep time="602.00">
        <vehicle id="0" x="540.82" y="198.35" angle="90.00" type="DEFAULT_VEHTYPE" speed="13.57" pos="136.07" lane="2/1to3/1_0" slope="0.00"/>
        <vehicle id="1" x="198.35" y="81.83" angle="0.00" type="DEFAULT_VEHTYPE" speed="12.63" pos="113.42" lane="1/1to1/0_0" slope="0.00"/>
        <vehicle id="11" x="782.98" y="198.35" angle="90.00" type="DEFAULT_VEHTYPE" speed="13.48" pos="178.23" lane="3/1to4/1_0" slope="0.00"/>
        <vehicle id="12" x="194.88" y="198.35" angle="90.00" type="DEFAULT_VEHTYPE" speed="5.93" pos="194.88" lane="0/1to1/1_0" slope="0.00"/>
        <vehicle id="14" x="604.64" y="201.67" angle="-90.18" type="DEFAULT_VEHTYPE" speed="5.58" pos="0.12" lane=":3/1_4_0" slope="0.00"/>
        <vehicle id="15" x="591.41" y="401.65" angle="-91.88" type="DEFAULT_VEHTYPE" speed="8.54" pos="3.84" lane="3/2to2/2_0" slope="0.00"/>
        <vehicle id="16" x="203.71" y="401.50" angle="-88.30" type="DEFAULT_VEHTYPE" speed="7.61" pos="1.05" lane=":1/2_6_0" slope="0.00"/>
        <vehicle id="17" x="655.87" y="201.65" angle="-90.00" type="DEFAULT_VEHTYPE" speed="12.68" pos="144.13" lane="4/1to3/1_0" slope="0.00"/>
        <vehicle id="18" x="305.04" y="198.35" angle="90.00" type="DEFAULT_VEHTYPE" speed="12.60" pos="100.29" lane="1/1to2/1_0" slope="0.00"/>
        <vehicle id="19" x="592.73" y="198.35" angle="90.00" type="DEFAULT_VEHTYPE" speed="0.03" pos="187.98" lane="2/1to3/1_0" slope="0.00"/>
        <vehicle id="2" x="336.77" y="401.65" angle="-90.00" type="DEFAULT_VEHTYPE" speed="13.30" pos="58.48" lane="2/2to1/2_0" slope="0.00"/>
        <vehicle id="20" x="398.35" y="270.67" angle="0.00" type="DEFAULT_VEHTYPE" speed="13.11" pos="124.58" lane="2/2to2/1_0" slope="0.00"/>
        <vehicle id="21" x="389.07" y="401.65" angle="-90.00" type="DEFAULT_VEHTYPE" speed="8.37" pos="6.18" lane="2/2to1/2_0" slope="0.00"/>
        <vehicle id="22" x="675.08" y="198.35" angle="90.00" type="DEFAULT_VEHTYPE" speed="13.55" pos="70.33" lane="3/1to4/1_0" slope="0.00"/>
        <vehicle id="23" x="476.32" y="198.35" angle="90.00" type="DEFAULT_VEHTYPE" speed="13.13" pos="71.57" lane="2/1to3/1_0" slope="0.00"/>
        <vehicle id="24" x="601.65" y="226.84" angle="180.00" type="DEFAULT_VEHTYPE" speed="10.89" pos="22.09" lane="3/1to3/2_0" slope="0.00"/>
        <vehicle id="3" x="401.65" y="38.68" angle="180.00" type="DEFAULT_VEHTYPE" speed="13.22" pos="38.68" lane="2/0to2/1_0" slope="0.00"/>
        <vehicle id="4" x="752.07" y="198.35" angle="90.00" type="DEFAULT_VEHTYPE" speed="13.71" pos="147.32" lane="3/1to4/1_0" slope="0.00"/>
        <vehicle id="5" x="398.35" y="630.43" angle="0.00" type="DEFAULT_VEHTYPE" speed="13.02" pos="169.57" lane="2/4to2/3_0" slope="0.00"/>
        <vehicle id="6" x="225.51" y="401.65" angle="-90.00" type="DEFAULT_VEHTYPE" speed="8.29" pos="169.74" lane="2/2to1/2_0" slope="0.00"/>
        <vehicle id="7" x="292.17" y="598.35" angle="90.00" type="DEFAULT_VEHTYPE" speed="13.24" pos="87.42" lane="1/3to2/3_0" slope="0.00"/>
        <vehicle id="8" x="398.35" y="76.50" angle="0.00" type="DEFAULT_VEHTYPE" speed="12.64" pos="118.75" lane="2/1to2/0_0" slope="0.00"/>
        <vehicle id="9" x="621.96" y="201.65" angle="-90.00" type="DEFAULT_VEHTYPE" speed="5.02" pos="178.04" lane="4/1to3/1_0" slope="0.00"/>
    </timestep>
    <timestep time="603.00">
        <vehicle id="0" x="554.51" y="198.35" angle="90.00" type="DEFAULT_VEHTYPE" speed="13.69" pos="149.76" lane="2/1to3/1_0" slope="0.00"/>
        <vehicle id="1" x="198.35" y="68.67" angle="0.00" type="DEFAULT_VEHTYPE" speed="13.16" pos="126.58" lane="1/1to1/0_0" slope="0.00"/>
        <vehicle id="11" x="795.64" y="198.35" angle="90.00" type="DEFAULT_VEHTYPE" speed="12.66" pos="190.89" lane="3/1to4/1_0" slope="0.00"/>
        <vehicle id="12" x="198.35" y="192.25" angle="5.99" type="DEFAULT_VEHTYPE" speed="8.38" pos="3.00" lane="1/1to1/0_0" slope="0.00"/>
        <vehicle id="14" x="601.65" y="206.91" angle="-167.05" type="DEFAULT_VEHTYPE" speed="7.04" pos="2.16" lane="3/1to3/2_0" slope="0.00"/>
        <vehicle id="15" x="581.29" y="401.65" angle="-90.00" type="DEFAULT_VEHTYPE" speed="10.12" pos="13.96" lane="3/2to2/2_0" slope="0.00"/>
        <vehicle id="16" x="198.35" y="395.04" angle="-16.74" type="DEFAULT_VEHTYPE" speed="9.48" pos="0.21" lane="1/2to1/1_0" slope="0.00"/>
        <vehicle id="17" x="642.66" y="201.65" angle="-90.00" type="DEFAULT_VEHTYPE" speed="13.21" pos="157.34" lane="4/1to3/1_0" slope="0.00"/>
        <vehicle id="18" x="318.68" y="198.35" angle="90.00" type="DEFAULT_VEHTYPE" speed="13.64" pos="113.93" lane="1/1to2/1_0" slope="0.00"/>
        <vehicle id="19" x="592.75" y="198.35" angle="90.00" type="DEFAULT_VEHTYPE" speed="0.02" pos="188.00" lane="2/1to3/1_0" slope="0.00"/>
        <vehicle id="2" x="323.48" y="401.65" angle="-90.00" type="DEFAULT_VEHTYPE" speed="13.29" pos="71.77" lane="2/2to1/2_0" slope="0.00"/>
        <vehicle id="20" x="398.35" y="256.87" angle="0.00" type="DEFAULT_VEHTYPE" speed="13.80" pos="138.38" lane="2/2to2/1_0" slope="0.00"/>
        <vehicle id="21" x="378.48" y="401.65" angle="-90.00" type="DEFAULT_VEHTYPE" speed="10.59" pos="16.77" lane="2/2to1/2_0" slope="0.00"/>
        <vehicle id="22" x="688.24" y="198.35" angle="90.00" type="DEFAULT_VEHTYPE" speed="13.16" pos="83.49" lane="3/1to4/1_0" slope="0.00"/>
        <vehicle id="23" x="490.12" y="198.35" angle="90.00" type="DEFAULT_VEHTYPE" speed="13.80" pos="85.37" lane="2/1to3/1_0" slope="0.00"/>
        <vehicle id="24" x="601.65" y="240.30" angle="180.00" type="DEFAULT_VEHTYPE" speed="13.46" pos="35.55" lane="3/1to3/2_0" slope="0.00"/>
        <vehicle id="3" x="401.65" y="51.88" angle="180.00" type="DEFAULT_VEHTYPE" speed="13.20" pos="51.88" lane="2/0to2/1_0" slope="0.00"/>
        <vehicle id="4" x="764.71" y="198.35" angle="90.00" type="DEFAULT_VEHTYPE" speed="12.64" pos="159.96" lane="3/1to4/1_0" slope="0.00"/>
        <vehicle id="5" x="398.35" y="616.88" angle="0.00" type="DEFAULT_VEHTYPE" speed="13.55" pos="183.12" lane="2/4to2/3_0" slope="0.00"/>
        <vehicle id="6" x="216.62" y="401.65" angle="-90.00" type="DEFAULT_VEHTYPE" speed="8.89" pos="178.63" lane="2/2to1/2_0" slope="0.00"/>
        <vehicle id="7" x="305.14" y="598.35" angle="90.00" type="DEFAULT_VEHTYPE" speed="12.97" pos="100.39" lane="1/3to2/3_0" slope="0.00"/>
        <vehicle id="8" x="398.35" y="63.30" angle="0.00" type="DEFAULT_VEHTYPE" speed="13.20" pos="131.95" lane="2/1to2/0_0" slope="0.00"/>
        <vehicle id="9" x="615.53" y="201.65" angle="-90.00" type="DEFAULT_VEHTYPE" speed="6.43" pos="184.47" lane="4/1to3/1_0" slope="0.00"/>
    </timestep>
    <timestep time="604.00">
        <vehicle id="0" x="566.37" y="198.35" angle="90.00" type="DEFAULT_VEHTYPE" speed="11.86" pos="161.62" lane="2/1to3/1_0" slope="0.00"/>
        <vehicle id="1" x="198.35" y="56.01" angle="0.00" type="DEFAULT_VEHTYPE" speed="12.67" pos="139.24" lane="1/1to1/0_0" slope="0.00"/>
        <vehicle id="11" x="796.31" y="201.65" angle="-98.70" type="DEFAULT_VEHTYPE" speed="12.86" pos="3.69" lane="4/1to3/1_0" slope="0.00"/>
        <vehicle id="12" x="198.35" y="182.31" angle="0.00" type="DEFAULT_VEHTYPE" speed="9.93" pos="12.94" lane="1/1to1/0_0" slope="0.00"/>
        <vehicle id="14" x="601.65" y="216.02" angle="180.00" type="DEFAULT_VEHTYPE" speed="9.12" pos="11.27" lane="3/1to3/2_0" slope="0.00"/>
        <vehicle id="15" x="569.26" y="401.65" angle="-90.00" type="DEFAULT_VEHTYPE" speed="12.03" pos="25.99" lane="3/2to2/2_0" slope="0.00"/>
        <vehicle id="16" x="198.35" y="383.85" angle="0.00" type="DEFAULT_VEHTYPE" speed="11.19" pos="11.40" lane="1/2to1/1_0" slope="0.00"/>
        <vehicle id="17" x="631.87" y="201.65" angle="-90.00" type="DEFAULT_VEHTYPE" speed="10.79" pos="168.13" lane="4/1to3/1_0" slope="0.00"/>
        <vehicle id="18" x="331.40" y="198.35" angle="90.00" type="DEFAULT_VEHTYPE" speed="12.72" pos="126.65" lane="1/1to2/1_0" slope="0.00"/>
        <vehicle id="19" x="592.75" y="198.35" angle="90.00" type="DEFAULT_VEHTYPE" speed="0.00" pos="188.00" lane="2/1to3/1_0" slope="0.00"/>
        <vehicle id="2" x="310.55" y="401.65" angle="-90.00" type="DEFAULT_VEHTYPE" speed="12.94" pos="84.70" lane="2/2to1/2_0" slope="0.00"/>
        <vehicle id="20" x="398.35" y="243.36" angle="0.00" type="DEFAULT_VEHTYPE" speed="13.51" pos="151.89" lane="2/2to2/1_0" slope="0.00"/>
        <vehicle id="21" x="365.98" y="401.65" angle="-90.00" type="DEFAULT_VEHTYPE" speed="12.50" pos="29.27" lane="2/2to1/2_0" slope="0.00"/>
        <vehicle id="22" x="701.84" y="198.35" angle="90.00" type="DEFAULT_VEHTYPE" speed="13.59" pos="97.09" lane="3/1to4/1_0" slope="0.00"/>
        <vehicle id="23" x="503.98" y="198.35" angle="90.00" type="DEFAULT_VEHTYPE" speed="13.86" pos="99.23" lane="2/1to3/1_0" slope="0.00"/>
        <vehicle id="24" x="601.65" y="254.07" angle="180.00" type="DEFAULT_VEHTYPE" speed="13.77" pos="49.32" lane="3/1to3/2_0" slope="0.00"/>
        <vehicle id="3" x="401.65" y="64.76" angle="180.00" type="DEFAULT_VEHTYPE" speed="12.88" pos="64.76" lane="2/0to2/1_0" slope="0.00"/>
        <vehicle id="4" x="778.07" y="198.35" angle="90.00" type="DEFAULT_VEHTYPE" speed="13.36" pos="173.32" lane="3/1to4/1_0" slope="0.00"/>
        <vehicle id="5" x="398.35" y="603.81" angle="0.00" type="DEFAULT_VEHTYPE" speed="13.07" pos="0.94" lane=":2/3_1_0" slope="0.00"/>
        <vehicle id="6" x="211.48" y="401.65" angle="-90.00" type="DEFAULT_VEHTYPE" speed="5.14" pos="183.77" lane="2/2to1/2_0" slope="0.00"/>
        <vehicle id="7" x="318.08" y="598.35" angle="90.00" type="DEFAULT_VEHTYPE" speed="12.95" pos="113.33" lane="1/3to2/3_0" slope="0.00"/>
        <vehicle id="8" x="398.35" y="49.95" angle="0.00" type="DEFAULT_VEHTYPE" speed="13.35" pos="145.30" lane="2/1to2/0_0" slope="0.00"/>
        <vehicle id="9" x="611.50" y="201.65" angle="-90.00" type="DEFAULT_VEHTYPE" speed="4.03" pos="188.50" lane="4/1to3/1_0" slope="0.00"/>
    </timestep>
    <timestep time="605.00">
        <vehicle id="0" x="575.17" y="198.35" angle="90.00" type="DEFAULT_VEHTYPE" speed="8.80" pos="170.42" lane="2/1to3/1_0" slope="0.00"/>
        <vehicle id="1" x="198.35" y="42.52" angle="0.00" type="DEFAULT_VEHTYPE" speed="13.49" pos="152.73" lane="1/1to1/0_0" slope="0.00"/>
        <vehicle id="11" x="783.46" y="201.65" angle="-90.00" type="DEFAULT_VEHTYPE" speed="12.86" pos="16.54" lane="4/1to3/1_0" slope="0.00"/>
        <vehicle id="12" x="198.35" y="170.60" angle="0.00" type="DEFAULT_VEHTYPE" speed="11.71" pos="24.65" lane="1/1to1/0_0" slope="0.00"/>
        <vehicle id="14" x="601.65" y="226.93" angle="180.00" type="DEFAULT_VEHTYPE" speed="10.91" pos="22.18" lane="3/1to3/2_0" slope="0.00"/>
        <vehicle id="15" x="556.03" y="401.65" angle="-90.00" type="DEFAULT_VEHTYPE" speed="13.23" pos="39.22" lane="3/2to2/2_0" slope="0.00"/>
        <vehicle id="16" x="198.35" y="371.09" angle="0.00" type="DEFAULT_VEHTYPE" speed="12.76" pos="24.16" lane="1/2to1/1_0" slope="0.00"/>
        <vehicle id="17" x="625.58" y="201.65" angle="-90.00" type="DEFAULT_VEHTYPE" speed="6.29" pos="174.42" lane="4/1to3/1_0" slope="0.00"/>
        <vehicle id="18" x="344.83" y="198.35" angle="90.00" type="DEFAULT_VEHTYPE" speed="13.43" pos="140.08" lane="1/1to2/1_0" slope="0.00"/>
        <vehicle id="19" x="592.75" y="198.35" angle="90.00" type="DEFAULT_VEHTYPE" speed="0.00" pos="188.00" lane="2/1to3/1_0" slope="0.00"/>
        <vehicle id="2" x="297.79" y="401.65" angle="-90.00" type="DEFAULT_VEHTYPE" speed="12.76" pos="97.46" lane="2/2to1/2_0" slope="0.00"/>
        <vehicle id="20" x="398.35" y="230.06" angle="0.00" type="DEFAULT_VEHTYPE" speed="13.30" pos="165.19" lane="2/2to2/1_0" slope="0.00"/>
        <vehicle id="21" x="352.43" y="401.65" angle="-90.00" type="DEFAULT_VEHTYPE" speed="13.55" pos="42.82" lane="2/2to1/2_0" slope="0.00"/>
        <vehicle id="22" x="715.41" y="198.35" angle="90.00" type="DEFAULT_VEHTYPE" speed="13.57" pos="110.66" lane="3/1to4/1_0" slope="0.00"/>
        <vehicle id="23" x="517.49" y="198.35" angle="90.00" type="DEFAULT_VEHTYPE" speed="13.51" pos="112.74" lane="2/1to3/1_0" slope="0.00"/>
        <vehicle id="24" x="601.65" y="266.69" angle="180.00" type="DEFAULT_VEHTYPE" speed="12.62" pos="61.94" lane="3/1to3/2_0" slope="0.00"/>
        <vehicle id="3" x="401.65" y="77.51" angle="180.00" type="DEFAULT_VEHTYPE" speed="12.75" pos="77.51" lane="2/0to2/1_0" slope="0.00"/>
        <vehicle id="4" x="790.73" y="198.35" angle="90.00" type="DEFAULT_VEHTYPE" speed="12.66" pos="185.98" lane="3/1to4/1_0" slope="0.00"/>
        <vehicle id="5" x="398.35" y="590.49" angle="0.00" type="DEFAULT_VEHTYPE" speed="13.32" pos="4.76" lane="2/3to2/2_0" slope="0.00"/>
        <vehicle id="6" x="204.31" y="401.59" angle="-89.28" type="DEFAULT_VEHTYPE" speed="7.17" pos="0.44" lane=":1/2_6_0" slope="0.00"/>
        <vehicle id="7" x="330.91" y="598.35" angle="90.00" type="DEFAULT_VEHTYPE" speed="12.83" pos="126.16" lane="1/3to2/3_0" slope="0.00"/>
        <vehicle id="8" x="398.35" y="36.81" angle="0.00" type="DEFAULT_VEHTYPE" speed="13.14" pos="158.44" lane="2/1to2/0_0" slope="0.00"/>
        <vehicle id="9" x="605.65" y="201.65" angle="-90.00" type="DEFAULT_VEHTYPE" speed="5.84" pos="194.35" lane="4/1to3/1_0" slope="0.00"/>
    </timestep>
    <timestep time="606.00">
        <vehicle id="0" x="579.93" y="198.35" angle="90.00" type="DEFAULT_VEHTYPE" speed="4.76" pos="175.18" lane="2/1to3/1_0" slope="0.00"/>
        <vehicle id="1" x="198.35" y="29.23" angle="0.00" type="DEFAULT_VEHTYPE" speed="13.29" pos="166.02" lane="1/1to1/0_0" slope="0.00"/>
        <vehicle id="11" x="770.01" y="201.65" angle="-90.00" type="DEFAULT_VEHTYPE" speed="13.45" pos="29.99" lane="4/1to3/1_0" slope="0.00"/>
        <vehicle id="12" x="198.35" y="157.62" angle="0.00" type="DEFAULT_VEHTYPE" speed="12.98" pos="37.63" lane="1/1to1/0_0" slope="0.00"/>
        <vehicle id="14" x="601.65" y="240.36" angle="180.00" type="DEFAULT_VEHTYPE" speed="13.42" pos="35.61" lane="3/1to3/2_0" slope="0.00"/>
        <vehicle id="15" x="542.74" y="401.65" angle="-90.00" type="DEFAULT_VEHTYPE" speed="13.29" pos="52.51" lane="3/2to2/2_0" slope="0.00"/>
        <vehicle id="16" x="198.35" y="357.26" angle="0.00" type="DEFAULT_VEHTYPE" speed="13.83" pos="37.99" lane="1/2to1/1_0" slope="0.00"/>
        <vehicle id="17" x="617.96" y="201.65" angle="-90.00" type="DEFAULT_VEHTYPE" speed="7.62" pos="182.04" lane="4/1to3/1_0" slope="0.00"/>
        <vehicle id="18" x="358.05" y="198.35" angle="90.00" type="DEFAULT_VEHTYPE" speed="13.22" pos="153.30" lane="1/1to2/1_0" slope="0.00"/>
        <vehicle id="19" x="592.75" y="198.35" angle="90.00" type="DEFAULT_VEHTYPE" speed="0.00" pos="188.00" lane="2/1to3/1_0" slope="0.00"/>
        <vehicle id="2" x="284.24" y="401.65" angle="-90.00" type="DEFAULT_VEHTYPE" speed="13.54" pos="111.01" lane="2/2to1/2_0" slope="0.00"/>
        <vehicle id="20" x="398.35" y="216.99" angle="0.00" type="DEFAULT_VEHTYPE" speed="13.07" pos="178.26" lane="2/2to2/1_0" slope="0.00"/>
        <vehicle id="21" x="339.05" y="401.65" angle="-90.00" type="DEFAULT_VEHTYPE" speed="13.38" pos="56.20" lane="2/2to1/2_0" slope="0.00"/>
        <vehicle id="22" x="728.51" y="198.35" angle="90.00" type="DEFAULT_VEHTYPE" speed="13.11" pos="123.76" lane="3/1to4/1_0" slope="0.00"/>
        <vehicle id="23" x="531.32" y="198.35" angle="90.00" type="DEFAULT_VEHTYPE" speed="13.83" pos="126.57" lane="2/1to3/1_0" slope="0.00"/>
        <vehicle id="24" x="601.65" y="279.60" angle="180.00" type="DEFAULT_VEHTYPE" speed="12.91" pos="74.85" lane="3/1to3/2_0" slope="0.00"/>
        <vehicle id="3" x="401.65" y="91.02" angle="180.00" type="DEFAULT_VEHTYPE" speed="13.51" pos="91.02" lane="2/0to2/1_0" slope="0.00"/>
        <vehicle id="4" x="800.62" y="201.23" angle="151.66" type="DEFAULT_VEHTYPE" speed="13.34" pos="4.07" lane=":4/1_0_0" slope="0.00"/>
        <vehicle id="5" x="398.35" y="577.51" angle="0.00" type="DEFAULT_VEHTYPE" speed="12.97" pos="17.74" lane="2/3to2/2_0" slope="0.00"/>
        <vehicle id="6" x="198.39" y="395.50" angle="-19.65" type="DEFAULT_VEHTYPE" speed="9.63" pos="10.07" lane=":1/2_6_0" slope="0.00"/>
        <vehicle id="7" x="344.15" y="598.35" angle="90.00" type="DEFAULT_VEHTYPE" speed="13.24" pos="139.40" lane="1/3to2/3_0" slope="0.00"/>
        <vehicle id="8" x="398.35" y="24.18" angle="0.00" type="DEFAULT_VEHTYPE" speed="12.63" pos="171.07" lane="2/1to2/0_0" slope="0.00"/>
        <vehicle id="9" x="601.65" y="206.68" angle="-164.43" type="DEFAULT_VEHTYPE" speed="7.83" pos="1.93" lane="3/1to3/2_0" slope="0.00"/>
    </timestep>
    <timestep time="607.00">
        <vehicle id="0" x="583.20" y="198.35" angle="90.00" type="DEFAULT_VEHTYPE" speed="3.27" pos="178.45" lane="2/1to3/1_0" slope="0.00"/>
        <vehicle id="1" x="198.35" y="16.15" angle="0.00" type="DEFAULT_VEHTYPE" speed="13.08" pos="179.10" lane="1/1to1/0_0" slope="0.00"/>
        <vehicle id="11" x="756.69" y="201.65" angle="-90.00" type="DEFAULT_VEHTYPE" speed="13.32" pos="43.31" lane="4/1to3/1_0" slope="0.00"/>
        <vehicle id="12" x="198.35" y="144.15" angle="0.00" type="DEFAULT_VEHTYPE" speed="13.47" pos="51.10" lane="1/1to1/0_0" slope="0.00"/>
        <vehicle id="14" x="601.65" y="254.04" angle="180.00" type="DEFAULT_VEHTYPE" speed="13.68" pos="49.29" lane="3/1to3/2_0" slope="0.00"/>
        <vehicle id="15" x="529.43" y="401.65" angle="-90.00" type="DEFAULT_VEHTYPE" speed="13.31" pos="65.82" lane="3/2to2/2_0" slope="0.00"/>
        <vehicle id="16" x="198.35" y="344.00" angle="0.00" type="DEFAULT_VEHTYPE" speed="13.27" pos="51.25" lane="1/2to1/1_0" slope="0.00"/>
        <vehicle id="17" x="612.45" y="201.65" angle="-90.00" type="DEFAULT_VEHTYPE" speed="5.51" pos="187.55" lane="4/1to3/1_0" slope="0.00"/>
        <vehicle id="18" x="370.82" y="198.35" angle="90.00" type="DEFAULT_VEHTYPE" speed="12.77" pos="166.07" lane="1/1to2/1_0" slope="0.00"/>
        <vehicle id="19" x="592.75" y="198.35" angle="90.00" type="DEFAULT_VEHTYPE" speed="0.00" pos="188.00" lane="2/1to3/1_0" slope="0.00"/>
        <vehicle id="2" x="270.74" y="401.65" angle="-90.00" type="DEFAULT_VEHTYPE" speed="13.50" pos="124.51" lane="2/2to1/2_0" slope="0.00"/>
        <vehicle id="20" x="398.35" y="203.55" angle="0.00" type="DEFAULT_VEHTYPE" speed="13.44" pos="1.20" lane=":2/1_1_0" slope="0.00"/>
        <vehicle id="21" x="325.32" y="401.65" angle="-90.00" type="DEFAULT_VEHTYPE" speed="13.74" pos="69.93" lane="2/2to1/2_0" slope="0.00"/>
        <vehicle id="22" x="741.29" y="198.35" angle="90.00" type="DEFAULT_VEHTYPE" speed="12.78" pos="136.54" lane="3/1to4/1_0" slope="0.00"/>
        <vehicle id="23" x="544.66" y="198.35" angle="90.00" type="DEFAULT_VEHTYPE" speed="13.34" pos="139.91" lane="2/1to3/1_0" slope="0.00"/>
        <vehicle id="24" x="601.65" y="293.31" angle="180.00" type="DEFAULT_VEHTYPE" speed="13.71" pos="88.56" lane="3/1to3/2_0" slope="0.00"/>
        <vehicle id="3" x="401.65" y="103.98" angle="180.00" type="DEFAULT_VEHTYPE" speed="12.96" pos="103.98" lane="2/0to2/1_0" slope="0.00"/>
        <vehicle id="4" x="787.82" y="201.65" angle="-90.00" type="DEFAULT_VEHTYPE" speed="12.93" pos="12.18" lane="4/1to3/1_0" slope="0.00"/>
        <vehicle id="5" x="398.35" y="564.46" angle="0.00" type="DEFAULT_VEHTYPE" speed="13.05" pos="30.79" lane="2/3to2/2_0" slope="0.00"/>
        <vehicle id="6" x="198.35" y="384.45" angle="0.00" type="DEFAULT_VEHTYPE" speed="11.05" pos="10.80" lane="1/2to1/1_0" slope="0.00"/>
        <vehicle id="7" x="356.90" y="598.35" angle="90.00" type="DEFAULT_VEHTYPE" speed="12.75" pos="152.15" lane="1/3to2/3_0" slope="0.00"/>
        <vehicle id="8" x="398.35" y="11.42" angle="0.00" type="DEFAULT_VEHTYPE" speed="12.76" pos="183.83" lane="2/1to2/0_0" slope="0.00"/>
        <vehicle id="9" x="601.65" y="216.43" angle="180.00" type="DEFAULT_VEHTYPE" speed="9.76" pos="11.68" lane="3/1to3/2_0" slope="0.00"/>
    </timestep>
    <timestep time="608.00">
        <vehicle id="0" x="584.39" y="198.35" angle="90.00" type="DEFAULT_VEHTYPE" speed="1.19" pos="179.64" lane="2/1to3/1_0" slope="0.00"/>
        <vehicle id="1" x="198.35" y="3.12" angle="0.00" type="DEFAULT_VEHTYPE" speed="13.03" pos="192.13" lane="1/1to1/0_0" slope="0.00"/>
        <vehicle id="11" x="743.51" y="201.65" angle="-90.00" type="DEFAULT_VEHTYPE" speed="13.18" pos="56.49" lane="4/1to3/1_0" slope="0.00"/>
        <vehicle id="12" x="198.35" y="130.42" angle="0.00" type="DEFAULT_VEHTYPE" speed="13.73" pos="64.83" lane="1/1to1/0_0" slope="0.00"/>
        <vehicle id="14" x="601.65" y="266.79" angle="180.00" type="DEFAULT_VEHTYPE" speed="12.75" pos="62.04" lane="3/1to3/2_0" slope="0.00"/>
        <vehicle id="15" x="516.23" y="401.65" angle="-90.00" type="DEFAULT_VEHTYPE" speed="13.20" pos="79.02" lane="3/2to2/2_0" slope="0.00"/>
        <vehicle id="16" x="198.35" y="330.44" angle="0.00" type="DEFAULT_VEHTYPE" speed="13.56" pos="64.81" lane="1/2to1/1_0" slope="0.00"/>
        <vehicle id="17" x="608.92" y="201.65" angle="-90.00" type="DEFAULT_VEHTYPE" speed="3.53" pos="191.08" lane="4/1to3/1_0" slope="0.00"/>
        <vehicle id="18" x="380.78" y="198.35" angle="90.00" type="DEFAULT_VEHTYPE" speed="9.96" pos="176.03" lane="1/1to2/1_0" slope="0.00"/>
        <vehicle id="19" x="592.75" y="198.35" angle="90.00" type="DEFAULT_VEHTYPE" speed="0.00" pos="188.00" lane="2/1to3/1_0" slope="0.00"/>
        <vehicle id="2" x="257.52" y="401.65" angle="-90.00" type="DEFAULT_VEHTYPE" speed="13.22" pos="137.73" lane="2/2to1/2_0" slope="0.00"/>
        <vehicle id="20" x="398.35" y="190.16" angle="0.00" type="DEFAULT_VEHTYPE" speed="13.39" pos="5.09" lane="2/1to2/0_0" slope="0.00"/>
        <vehicle id="21" x="312.51" y="401.65" angle="-90.00" type="DEFAULT_VEHTYPE" speed="12.81" pos="82.74" lane="2/2to1/2_0" slope="0.00"/>
        <vehicle id="22" x="754.66" y="198.35" angle="90.00" type="DEFAULT_VEHTYPE" speed="13.37" pos="149.91" lane="3/1to4/1_0" slope="0.00"/>
        <vehicle id="23" x="557.15" y="198.35" angle="90.00" type="DEFAULT_VEHTYPE" speed="12.49" pos="152.40" lane="2/1to3/1_0" slope="0.00"/>
        <vehicle id="24" x="601.65" y="306.58" angle="180.00" type="DEFAULT_VEHTYPE" speed="13.27" pos="101.83" lane="3/1to3/2_0" slope="0.00"/>
        <vehicle id="3" x="401.65" y="117.18" angle="180.00" type="DEFAULT_VEHTYPE" speed="13.20" pos="117.18" lane="2/0to2/1_0" slope="0.00"/>
        <vehicle id="4" x="774.14" y="201.65" angle="-90.00" type="DEFAULT_VEHTYPE" speed="13.68" pos="25.86" lane="4/1to3/1_0" slope="0.00"/>
        <vehicle id="5" x="398.35" y="551.66" angle="0.00" type="DEFAULT_VEHTYPE" speed="12.80" pos="43.59" lane="2/3to2/2_0" slope="0.00"/>
        <vehicle id="6" x="198.35" y="371.34" angle="0.00" type="DEFAULT_VEHTYPE" speed="13.11" pos="23.91" lane="1/2to1/1_0" slope="0.00"/>
        <vehicle id="7" x="370.62" y="598.35" angle="90.00" type="DEFAULT_VEHTYPE" speed="13.72" pos="165.87" lane="1/3to2/3_0" slope="0.00"/>
        <vehicle id="8" x="399.17" y="-1.24" angle="9.77" type="DEFAULT_VEHTYPE" speed="12.90" pos="1.48" lane=":2/0_0_0" slope="0.00"/>
        <vehicle id="9" x="601.65" y="227.94" angle="180.00" type="DEFAULT_VEHTYPE" speed="11.50" pos="23.19" lane="3/1to3/2_0" slope="0.00"/>
    </timestep>
    <timestep time="609.00">
        <vehicle id="0" x="585.12" y="198.35" angle="90.00" type="DEFAULT_VEHTYPE" speed="0.73" pos="180.37" lane="2/1to3/1_0" slope="0.00"/>
        <vehicle id="1" x="201.65" y="5.47" angle="180.00" type="DEFAULT_VEHTYPE" speed="13.41" pos="5.47" lane="1/0to1/1_0" slope="0.00"/>
        <vehicle id="11" x="730.13" y="201.65" angle="-90.00" type="DEFAULT_VEHTYPE" speed="13.38" pos="69.87" lane="4/1to3/1_0" slope="0.00"/>
        <vehicle id="12" x="198.35" y="116.84" angle="0.00" type="DEFAULT_VEHTYPE" speed="13.58" pos="78.41" lane="1/1to1/0_0" slope="0.00"/>
        <vehicle id="14" x="601.65" y="280.28" angle="180.00" type="DEFAULT_VEHTYPE" speed="13.49" pos="75.53" lane="3/1to3/2_0" slope="0.00"/>
        <vehicle id="15" x="503.02" y="401.65" angle="-90.00" type="DEFAULT_VEHTYPE" speed="13.21" pos="92.23" lane="3/2to2/2_0" slope="0.00"/>
        <vehicle id="16" x="198.35" y="317.60" angle="0.00" type="DEFAULT_VEHTYPE" speed="12.84" pos="77.65" lane="1/2to1/1_0" slope="0.00"/>
        <vehicle id="17" x="603.34" y="201.87" angle="-92.51" type="DEFAULT_VEHTYPE" speed="5.60" pos="1.43" lane=":3/1_4_0" slope="0.00"/>
        <vehicle id="18" x="387.37" y="198.35" angle="90.00" type="DEFAULT_VEHTYPE" speed="6.60" pos="182.62" lane="1/1to2/1_0" slope="0.00"/>
        <vehicle id="19" x="592.75" y="198.35" angle="90.00" type="DEFAULT_VEHTYPE" speed="0.00" pos="188.00" lane="2/1to3/1_0" slope="0.00"/>
        <vehicle id="2" x="244.73" y="401.65" angle="-90.00" type="DEFAULT_VEHTYPE" speed="12.79" pos="150.52" lane="2/2to1/2_0" slope="0.00"/>
        <vehicle id="20" x="398.35" y="177.02" angle="0.00" type="DEFAULT_VEHTYPE" speed="13.14" pos="18.23" lane="2/1to2/0_0" slope="0.00"/>
        <vehicle id="21" x="298.67" y="401.65" angle="-90.00" type="DEFAULT_VEHTYPE" speed="13.84" pos="96.58" lane="2/2to1/2_0" slope="0.00"/>
        <vehicle id="22" x="767.68" y="198.35" angle="90.00" type="DEFAULT_VEHTYPE" speed="13.01" pos="162.93" lane="3/1to4/1_0" slope="0.00"/>
        <vehicle id="23" x="566.60" y="198.35" angle="90.00" type="DEFAULT_VEHTYPE" speed="9.45" pos="161.85" lane="2/1to3/1_0" slope="0.00"/>
        <vehicle id="24" x="601.65" y="319.35" angle="180.00" type="DEFAULT_VEHTYPE" speed="12.77" pos="114.60" lane="3/1to3/2_0" slope="0.00"/>
        <vehicle id="3" x="401.65" y="130.91" angle="180.00" type="DEFAULT_VEHTYPE" speed="13.73" pos="130.91" lane="2/0to2/1_0" slope="0.00"/>
        <vehicle id="4" x="760.62" y="201.65" angle="-90.00" type="DEFAULT_VEHTYPE" speed="13.52" pos="39.38" lane="4/1to3/1_0" slope="0.00"/>
        <vehicle id="5" x="398.35" y="538.07" angle="0.00" type="DEFAULT_VEHTYPE" speed="13.59" pos="57.18" lane="2/3to2/2_0" slope="0.00"/>
        <vehicle id="6" x="198.35" y="358.21" angle="0.00" type="DEFAULT_VEHTYPE" speed="13.13" pos="37.04" lane="1/2to1/1_0" slope="0.00"/>
        <vehicle id="7" x="380.71" y="598.35" angle="90.00" type="DEFAULT_VEHTYPE" speed="10.09" pos="175.96" lane="1/3to2/3_0" slope="0.00"/>
        <vehicle id="8" x="401.65" y="9.32" angle="180.00" type="DEFAULT_VEHTYPE" speed="12.66" pos="9.32" lane="2/0to2/1_0" slope="0.00"/>
        <vehicle id="9" x="601.65" y="241.62" angle="180.00" type="DEFAULT_VEHTYPE" speed="13.69" pos="36.87" lane="3/1to3/2_0" slope="0.00"/>
    </timestep>
    <timestep time="610.00">
        <vehicle id="0" x="585.19" y="198.35" angle="90.00" type="DEFAULT_VEHTYPE" speed="0.07" pos="180.44" lane="2/1to3/1_0" slope="0.00"/>
        <vehicle id="1" x="201.65" y="19.07" angle="180.00" type="DEFAULT_VEHTYPE" speed="13.59" pos="19.07" lane="1/0to1/1_0" slope="0.00"/>
        <vehicle id="11" x="717.04" y="201.65" angle="-90.00" type="DEFAULT_VEHTYPE" speed="13.09" pos="82.96" lane="4/1to3/1_0" slope="0.00"/>
        <vehicle id="12" x="198.35" y="103.06" angle="0.00" type="DEFAULT_VEHTYPE" speed="13.78" pos="92.19" lane="1/1to1/0_0" slope="0.00"/>
        <vehicle id="14" x="601.65" y="293.11" angle="180.00" type="DEFAULT_VEHTYPE" speed="12.83" pos="88.36" lane="3/1to3/2_0" slope="0.00"/>
        <vehicle id="15" x="490.38" y="401.65" angle="-90.00" type="DEFAULT_VEHTYPE" speed="12.63" pos="104.87" lane="3/2to2/2_0" slope="0.00"/>
        <vehicle id="16" x="198.35" y="303.72" angle="0.00" type="DEFAULT_VEHTYPE" speed="13.88" pos="91.53" lane="1/2to1/1_0" slope="0.00"/>
        <vehicle id="17" x="601.65" y="209.05" angle="-178.88" type="DEFAULT_VEHTYPE" speed="7.87" pos="4.30" lane="3/1to3/2_0" slope="0.00"/>
        <vehicle id="18" x="390.11" y="198.35" angle="90.00" type="DEFAULT_VEHTYPE" speed="2.74" pos="185.36" lane="1/1to2/1_0" slope="0.00"/>
        <vehicle id="19" x="592.75" y="198.35" angle="90.00" type="DEFAULT_VEHTYPE" speed="0.00" pos="188.00" lane="2/1to3/1_0" slope="0.00"/>
        <vehicle id="2" x="231.03" y="401.65" angle="-90.00" type="DEFAULT_VEHTYPE" speed="13.71" pos="164.22" lane="2/2to1/2_0" slope="0.00"/>
        <vehicle id="20" x="398.35" y="163.29" angle="0.00" type="DEFAULT_VEHTYPE" speed="13.73" pos="31.96" lane="2/1to2/0_0" slope="0.00"/>
        <vehicle id="21" x="285.99" y="401.65" angle="-90.00" type="DEFAULT_VEHTYPE" speed="12.67" pos="109.26" lane="2/2to1/2_0" slope="0.00"/>
        <vehicle id="22" x="780.99" y="198.35" angle="90.00" type="DEFAULT_VEHTYPE" speed="13.31" pos="176.24" lane="3/1to4/1_0" slope="0.00"/>
        <vehicle id="23" x="572.90" y="198.35" angle="90.00" type="DEFAULT_VEHTYPE" speed="6.30" pos="168.15" lane="2/1to3/1_0" slope="0.00"/>
        <vehicle id="24" x="601.65" y="332.26" angle="180.00" type="DEFAULT_VEHTYPE" speed="12.91" pos="127.51" lane="3/1to3/2_0" slope="0.00"/>
        <vehicle id="3" x="401.65" y="144.01" angle="180.00" type="DEFAULT_VEHTYPE" speed="13.10" pos="144.01" lane="2/0to2/1_0" slope="0.00"/>
        <vehicle id="4" x="746.77" y="201.65" angle="-90.00" type="DEFAULT_VEHTYPE" speed="13.85" pos="53.23" lane="4/1to3/1_0" slope="0.00"/>
        <vehicle id="5" x="398.35" y="524.20" angle="0.00" type="DEFAULT_VEHTYPE" speed="13.86" pos="71.05" lane="2/3to2/2_0" slope="0.00"/>
        <vehicle id="6" x="198.35" y="344.59" angle="0.00" type="DEFAULT_VEHTYPE" speed="13.62" pos="50.66" lane="1/2to1/1_0" slope="0.00"/>
        <vehicle id="7" x="386.31" y="598.35" angle="90.00" type="DEFAULT_VEHTYPE" speed="5.60" pos="181.56" lane="1/3to2/3_0" slope="0.00"/>
        <vehicle id="8" x="401.65" y="22.50" angle="180.00" type="DEFAULT_VEHTYPE" speed="13.18" pos="22.50" lane="2/0to2/1_0" slope="0.00"/>
        <vehicle id="9" x="601.65" y="255.31" angle="180.00" type="DEFAULT_VEHTYPE" speed="13.69" pos="50.56" lane="3/1to3/2_0" slope="0.00"/>
    </timestep>
    <timestep time="611.00">
        <vehicle id="0" x="585.23" y="198.35" angle="90.00" type="DEFAULT_VEHTYPE" speed="0.04" pos="180.48" lane="2/1to3/1_0" slope="0.00"/>
        <vehicle id="1" x="201.65" y="32.36" angle="180.00" type="DEFAULT_VEHTYPE" speed="13.29" pos="32.36" lane="1/0to1/1_0" slope="0.00"/>
        <vehicle id="11" x="704.15" y="201.65" angle="-90.00" type="DEFAULT_VEHTYPE" speed="12.89" pos="95.85" lane="4/1to3/1_0" slope="0.00"/>
        <vehicle id="12" x="198.35" y="89.97" angle="0.00" type="DEFAULT_VEHTYPE" speed="13.09" pos="105.28" lane="1/1to1/0_0" slope="0.00"/>
        <vehicle id="14" x="601.65" y="306.70" angle="180.00" type="DEFAULT_VEHTYPE" speed="13.59" pos="101.95" lane="3/1to3/2_0" slope="0.00"/>
        <vehicle id="15" x="477.58" y="401.65" angle="-90.00" type="DEFAULT_VEHTYPE" speed="12.80" pos="117.67" lane="3/2to2/2_0" slope="0.00"/>
        <vehicle id="16" x="198.35" y="290.46" angle="0.00" type="DEFAULT_VEHTYPE" speed="13.26" pos="104.79" lane="1/2to1/1_0" slope="0.00"/>
        <vehicle id="17" x="601.65" y="218.82" angle="180.00" type="DEFAULT_VEHTYPE" speed="9.77" pos="14.07" lane="3/1to3/2_0" slope="0.00"/>
        <vehicle id="18" x="392.04" y="198.35" angle="90.00" type="DEFAULT_VEHTYPE" speed="1.93" pos="187.29" lane="1/1to2/1_0" slope="0.00"/>
        <vehicle id="19" x="595.12" y="198.35" angle="90.00" type="DEFAULT_VEHTYPE" speed="2.37" pos="190.37" lane="2/1to3/1_0" slope="0.00"/>
        <vehicle id="2" x="220.40" y="401.65" angle="-90.00" type="DEFAULT_VEHTYPE" speed="10.62" pos="174.85" lane="2/2to1/2_0" slope="0.00"/>
        <vehicle id="20" x="398.35" y="150.27" angle="0.00" type="DEFAULT_VEHTYPE" speed="13.02" pos="44.98" lane="2/1to2/0_0" slope="0.00"/>
        <vehicle id="21" x="273.17" y="401.65" angle="-90.00" type="DEFAULT_VEHTYPE" speed="12.82" pos="122.08" lane="2/2to1/2_0" slope="0.00"/>
        <vehicle id="22" x="793.69" y="198.35" angle="90.00" type="DEFAULT_VEHTYPE" speed="12.70" pos="188.94" lane="3/1to4/1_0" slope="0.00"/>
        <vehicle id="23" x="575.23" y="198.35" angle="90.00" type="DEFAULT_VEHTYPE" speed="2.33" pos="170.48" lane="2/1to3/1_0" slope="0.00"/>
        <vehicle id="24" x="601.65" y="345.38" angle="180.00" type="DEFAULT_VEHTYPE" speed="13.13" pos="140.63" lane="3/1to3/2_0" slope="0.00"/>
        <vehicle id="3" x="401.65" y="156.91" angle="180.00" type="DEFAULT_VEHTYPE" speed="12.90" pos="156.91" lane="2/0to2/1_0" slope="0.00"/>
        <vehicle id="4" x="733.21" y="201.65" angle="-90.00" type="DEFAULT_VEHTYPE" speed="13.56" pos="66.79" lane="4/1to3/1_0" slope="0.00"/>
        <vehicle id="5" x="398.35" y="510.36" angle="0.00" type="DEFAULT_VEHTYPE" speed="13.85" pos="84.89" lane="2/3to2/2_0" slope="0.00"/>
        <vehicle id="6" x="198.35" y="331.24" angle="0.00" type="DEFAULT_VEHTYPE" speed="13.35" pos="64.01" lane="1/2to1/1_0" slope="0.00"/>
        <vehicle id="7" x="390.65" y="598.35" angle="90.00" type="DEFAULT_VEHTYPE" speed="4.34" pos="185.90" lane="1/3to2/3_0" slope="0.00"/>
        <vehicle id="8" x="401.65" y="35.58" angle="180.00" type="DEFAULT_VEHTYPE" speed="13.08" pos="35.58" lane="2/0to2/1_0" slope="0.00"/>
        <vehicle id="9" x="601.65" y="269.20" angle="180.00" type="DEFAULT_VEHTYPE" speed="13.89" pos="64.45" lane="3/1to3/2_0" slope="0.00"/>
    </timestep>
    <timestep time="612.00">
        <vehicle id="0" x="587.18" y="198.35" angle="90.00" type="DEFAULT_VEHTYPE" speed="1.95" pos="182.43" lane="2/1to3/1_0" slope="0.00"/>
        <vehicle id="1" x="201.65" y="45.45" angle="180.00" type="DEFAULT_VEHTYPE" speed="13.09" pos="45.45" lane="1/0to1/1_0" slope="0.00"/>
        <vehicle id="11" x="690.84" y="201.65" angle="-90.00" type="DEFAULT_VEHTYPE" speed="13.31" pos="109.16" lane="4/1to3/1_0" slope="0.00"/>
        <vehicle id="12" x="198.35" y="76.31" angle="0.00" type="DEFAULT_VEHTYPE" speed="13.66" pos="118.94" lane="1/1to1/0_0" slope="0.00"/>
        <vehicle id="14" x="601.65" y="319.51" angle="180.00" type="DEFAULT_VEHTYPE" speed="12.82" pos="114.76" lane="3/1to3/2_0" slope="0.00"/>
        <vehicle id="15" x="464.44" y="401.65" angle="-90.00" type="DEFAULT_VEHTYPE" speed="13.15" pos="130.81" lane="3/2to2/2_0" slope="0.00"/>
        <vehicle id="16" x="198.35" y="277.08" angle="0.00" type="DEFAULT_VEHTYPE" speed="13.37" pos="118.17" lane="1/2to1/1_0" slope="0.00"/>
        <vehicle id="17" x="601.65" y="230.98" angle="180.00" type="DEFAULT_VEHTYPE" speed="12.16" pos="26.23" lane="3/1to3/2_0" slope="0.00"/>
        <vehicle id="18" x="392.44" y="198.35" angle="90.00" type="DEFAULT_VEHTYPE" speed="0.39" pos="187.69" lane="1/1to2/1_0" slope="0.00"/>
        <vehicle id="19" x="599.10" y="199.38" angle="102.09" type="DEFAULT_VEHTYPE" speed="4.18" pos="4.05" lane=":3/1_14_0" slope="0.00"/>
        <vehicle id="2" x="213.64" y="401.65" angle="-90.00" type="DEFAULT_VEHTYPE" speed="6.76" pos="181.61" lane="2/2to1/2_0" slope="0.00"/>
        <vehicle id="20" x="398.35" y="137.32" angle="0.00" type="DEFAULT_VEHTYPE" speed="12.95" pos="57.93" lane="2/1to2/0_0" slope="0.00"/>
        <vehicle id="21" x="260.07" y="401.65" angle="-90.00" type="DEFAULT_VEHTYPE" speed="13.11" pos="135.18" lane="2/2to1/2_0" slope="0.00"/>
        <vehicle id="22" x="797.29" y="201.65" angle="-109.74" type="DEFAULT_VEHTYPE" speed="13.84" pos="2.71" lane="4/1to3/1_0" slope="0.00"/>
        <vehicle id="23" x="576.25" y="198.35" angle="90.00" type="DEFAULT_VEHTYPE" speed="1.02" pos="171.50" lane="2/1to3/1_0" slope="0.00"/>
        <vehicle id="24" x="601.65" y="358.03" angle="180.00" type="DEFAULT_VEHTYPE" speed="12.65" pos="153.28" lane="3/1to3/2_0" slope="0.00"/>
        <vehicle id="3" x="401.65" y="169.61" angle="180.00" type="DEFAULT_VEHTYPE" speed="12.70" pos="169.61" lane="2/0to2/1_0" slope="0.00"/>
        <vehicle id="4" x="720.04" y="201.65" angle="-90.00" type="DEFAULT_VEHTYPE" speed="13.18" pos="79.96" lane="4/1to3/1_0" slope="0.00"/>
        <vehicle id="5" x="398.35" y="497.35" angle="0.00" type="DEFAULT_VEHTYPE" speed="13.01" pos="97.90" lane="2/3to2/2_0" slope="0.00"/>
        <vehicle id="6" x="198.35" y="318.19" angle="0.00" type="DEFAULT_VEHTYPE" speed="13.06" pos="77.06" lane="1/2to1/1_0" slope="0.00"/>
        <vehicle id="7" x="397.36" y="598.65" angle="93.46" type="DEFAULT_VEHTYPE" speed="6.73" pos="2.13" lane=":2/3_14_0" slope="0.00"/>
        <vehicle id="8" x="401.65" y="48.67" angle="180.00" type="DEFAULT_VEHTYPE" speed="13.09" pos="48.67" lane="2/0to2/1_0" slope="0.00"/>
        <vehicle id="9" x="601.65" y="282.91" angle="180.00" type="DEFAULT_VEHTYPE" speed="13.71" pos="78.16" lane="3/1to3/2_0" slope="0.00"/>
    </timestep>
    <timestep time="613.00">
        <vehicle id="0" x="590.32" y="198.35" angle="90.00" type="DEFAULT_VEHTYPE" speed="3.14" pos="185.57" lane="2/1to3/1_0" slope="0.00"/>
        <vehicle id="1" x="201.65" y="58.72" angle="180.00" type="DEFAULT_VEHTYPE" speed="13.28" pos="58.72" lane="1/0to1/1_0" slope="0.00"/>
        <vehicle id="11" x="677.71" y="201.65" angle="-90.00" type="DEFAULT_VEHTYPE" speed="13.12" pos="122.29" lane="4/1to3/1_0" slope="0.00"/>
        <vehicle id="12" x="198.35" y="63.70" angle="0.00" type="DEFAULT_VEHTYPE" speed="12.61" pos="131.55" lane="1/1to1/0_0" slope="0.00"/>
        <vehicle id="14" x="601.65" y="332.36" angle="180.00" type="DEFAULT_VEHTYPE" speed="12.85" pos="127.61" lane="3/1to3/2_0" slope="0.00"/>
        <vehicle id="15" x="451.24" y="401.65" angle="-90.00" type="DEFAULT_VEHTYPE" speed="13.19" pos="144.01" lane="3/2to2/2_0" slope="0.00"/>
        <vehicle id="16" x="198.35" y="263.90" angle="0.00" type="DEFAULT_VEHTYPE" speed="13.18" pos="131.35" lane="1/2to1/1_0" slope="0.00"/>
        <vehicle id="17" x="601.65" y="244.63" angle="180.00" type="DEFAULT_VEHTYPE" speed="13.65" pos="39.88" lane="3/1to3/2_0" slope="0.00"/>
        <vehicle id="18" x="392.71" y="198.35" angle="90.00" type="DEFAULT_VEHTYPE" speed="0.28" pos="187.96" lane="1/1to2/1_0" slope="0.00"/>
        <vehicle id="19" x="601.64" y="204.68" angle="161.65" type="DEFAULT_VEHTYPE" speed="6.20" pos="10.25" lane=":3/1_14_0" slope="0.00"/>
        <vehicle id="2" x="209.66" y="401.65" angle="-90.00" type="DEFAULT_VEHTYPE" speed="3.98" pos="185.59" lane="2/2to1/2_0" slope="0.00"/>
        <vehicle id="20" x="398.35" y="124.15" angle="0.00" type="DEFAULT_VEHTYPE" speed="13.17" pos="71.10" lane="2/1to2/0_0" slope="0.00"/>
        <vehicle id="21" x="246.83" y="401.65" angle="-90.00" type="DEFAULT_VEHTYPE" speed="13.24" pos="148.42" lane="2/2to1/2_0" slope="0.00"/>
        <vehicle id="22" x="783.98" y="201.65" angle="-90.00" type="DEFAULT_VEHTYPE" speed="13.31" pos="16.02" lane="4/1to3/1_0" slope="0.00"/>
        <vehicle id="23" x="578.65" y="198.35" angle="90.00" type="DEFAULT_VEHTYPE" speed="2.39" pos="173.90" lane="2/1to3/1_0" slope="0.00"/>
        <vehicle id="24" x="601.65" y="370.61" angle="180.00" type="DEFAULT_VEHTYPE" speed="12.58" pos="165.86" lane="3/1to3/2_0" slope="0.00"/>
        <vehicle id="3" x="401.65" y="182.32" angle="180.00" type="DEFAULT_VEHTYPE" speed="12.71" pos="182.32" lane="2/0to2/1_0" slope="0.00"/>
        <vehicle id="4" x="706.74" y="201.65" angle="-90.00" type="DEFAULT_VEHTYPE" speed="13.29" pos="93.26" lane="4/1to3/1_0" slope="0.00"/>
        <vehicle id="5" x="398.35" y="484.53" angle="0.00" type="DEFAULT_VEHTYPE" speed="12.82" pos="110.72" lane="2/3to2/2_0" slope="0.00"/>
        <vehicle id="6" x="198.35" y="305.06" angle="0.00" type="DEFAULT_VEHTYPE" speed="13.13" pos="90.19" lane="1/2to1/1_0" slope="0.00"/>
        <vehicle id="7" x="401.65" y="605.81" angle="168.58" type="DEFAULT_VEHTYPE" speed="9.25" pos="1.06" lane="2/3to2/4_0" slope="0.00"/>
        <vehicle id="8" x="401.65" y="61.59" angle="180.00" type="DEFAULT_VEHTYPE" speed="12.92" pos="61.59" lane="2/0to2/1_0" slope="0.00"/>
        <vehicle id="9" x="601.65" y="296.73" angle="180.00" type="DEFAULT_VEHTYPE" speed="13.82" pos="91.98" lane="3/1to3/2_0" slope="0.00"/>
    </timestep>
    <timestep time="614.00">
        <vehicle id="0" x="594.78" y="198.35" angle="90.00" type="DEFAULT_VEHTYPE" speed="4.46" pos="190.03" lane="2/1to3/1_0" slope="0.00"/>
        <vehicle id="1" x="201.65" y="72.16" angle="180.00" type="DEFAULT_VEHTYPE" speed="13.44" pos="72.16" lane="1/0to1/1_0" slope="0.00"/>
        <vehicle id="11" x="664.46" y="201.65" angle="-90.00" type="DEFAULT_VEHTYPE" speed="13.25" pos="135.54" lane="4/1to3/1_0" slope="0.00"/>
        <vehicle id="12" x="198.35" y="51.01" angle="0.00" type="DEFAULT_VEHTYPE" speed="12.69" pos="144.24" lane="1/1to1/0_0" slope="0.00"/>
        <vehicle id="14" x="601.65" y="345.33" angle="180.00" type="DEFAULT_VEHTYPE" speed="12.97" pos="140.58" lane="3/1to3/2_0" slope="0.00"/>
        <vehicle id="15" x="437.44" y="401.65" angle="-90.00" type="DEFAULT_VEHTYPE" speed="13.80" pos="157.81" lane="3/2to2/2_0" slope="0.00"/>
        <vehicle id="16" x="198.35" y="250.02" angle="0.00" type="DEFAULT_VEHTYPE" speed="13.88" pos="145.23" lane="1/2to1/1_0" slope="0.00"/>
        <vehicle id="17" x="601.65" y="257.67" angle="180.00" type="DEFAULT_VEHTYPE" speed="13.04" pos="52.92" lane="3/1to3/2_0" slope="0.00"/>
        <vehicle id="18" x="392.73" y="198.35" angle="90.00" type="DEFAULT_VEHTYPE" speed="0.02" pos="187.98" lane="1/1to2/1_0" slope="0.00"/>
        <vehicle id="19" x="601.65" y="212.87" angle="180.00" type="DEFAULT_VEHTYPE" speed="8.18" pos="8.12" lane="3/1to3/2_0" slope="0.00"/>
        <vehicle id="2" x="204.26" y="401.58" angle="-89.20" type="DEFAULT_VEHTYPE" speed="5.40" pos="0.49" lane=":1/2_6_0" slope="0.00"/>
        <vehicle id="20" x="398.35" y="110.64" angle="0.00" type="DEFAULT_VEHTYPE" speed="13.52" pos="84.61" lane="2/1to2/0_0" slope="0.00"/>
        <vehicle id="21" x="235.48" y="401.65" angle="-90.00" type="DEFAULT_VEHTYPE" speed="11.35" pos="159.77" lane="2/2to1/2_0" slope="0.00"/>
        <vehicle id="22" x="770.89" y="201.65" angle="-90.00" type="DEFAULT_VEHTYPE" speed="13.09" pos="29.11" lane="4/1to3/1_0" slope="0.00"/>
        <vehicle id="23" x="580.62" y="198.35" angle="90.00" type="DEFAULT_VEHTYPE" speed="1.97" pos="175.87" lane="2/1to3/1_0" slope="0.00"/>
        <vehicle id="24" x="601.65" y="380.90" angle="180.00" type="DEFAULT_VEHTYPE" speed="10.29" pos="176.15" lane="3/1to3/2_0" slope="0.00"/>
        <vehicle id="3" x="401.71" y="195.66" angle="179.35" type="DEFAULT_VEHTYPE" speed="13.34" pos="0.41" lane=":2/1_8_0" slope="0.00"/>
        <vehicle id="4" x="693.38" y="201.65" angle="-90.00" type="DEFAULT_VEHTYPE" speed="13.36" pos="106.62" lane="4/1to3/1_0" slope="0.00"/>
        <vehicle id="5" x="398.35" y="471.55" angle="0.00" type="DEFAULT_VEHTYPE" speed="12.98" pos="123.70" lane="2/3to2/2_0" slope="0.00"/>
        <vehicle id="6" x="198.35" y="291.96" angle="0.00" type="DEFAULT_VEHTYPE" speed="13.09" pos="103.29" lane="1/2to1/1_0" slope="0.00"/>
        <vehicle id="7" x="401.65" y="616.59" angle="180.00" type="DEFAULT_VEHTYPE" speed="10.78" pos="11.84" lane="2/3to2/4_0" slope="0.00"/>
        <vehicle id="8" x="401.65" y="74.41" angle="180.00" type="DEFAULT_VEHTYPE" speed="12.81" pos="74.41" lane="2/0to2/1_0" slope="0.00"/>
        <vehicle id="9" x="601.65" y="309.81" angle="180.00" type="DEFAULT_VEHTYPE" speed="13.08" pos="105.06" lane="3/1to3/2_0" slope="0.00"/>
    </timestep>
    <timestep time="615.00">
        <vehicle id="0" x="600.79" y="198.35" angle="90.00" type="DEFAULT_VEHTYPE" speed="6.01" pos="5.54" lane=":3/1_13_0" slope="0.00"/>
        <vehicle id="1" x="201.65" y="85.25" angle="180.00" type="DEFAULT_VEHTYPE" speed="13.08" pos="85.25" lane="1/0to1/1_0" slope="0.00"/>
        <vehicle id="11" x="651.37" y="201.65" angle="-90.00" type="DEFAULT_VEHTYPE" speed="13.09" pos="148.63" lane="4/1to3/1_0" slope="0.00"/>
        <vehicle id="12" x="198.35" y="37.77" angle="0.00" type="DEFAULT_VEHTYPE" speed="13.24" pos="157.48" lane="1/1to1/0_0" slope="0.00"/>
        <vehicle id="14" x="601.65" y="358.87" angle="180.00" type="DEFAULT_VEHTYPE" speed="13.54" pos="154.12" lane="3/1to3/2_0" slope="0.00"/>
        <vehicle id="15" x="425.68" y="401.65" angle="-90.00" type="DEFAULT_VEHTYPE" speed="11.77" pos="169.57" lane="3/2to2/2_0" slope="0.00"/>
        <vehicle id="16" x="198.35" y="236.90" angle="0.00" type="DEFAULT_VEHTYPE" speed="13.11" pos="158.35" lane="1/2to1/1_0" slope="0.00"/>
        <vehicle id="17" x="601.65" y="271.53" angle="180.00" type="DEFAULT_VEHTYPE" speed="13.87" pos="66.78" lane="3/1to3/2_0" slope="0.00"/>
        <vehicle id="18" x="392.75" y="198.35" angle="90.00" type="DEFAULT_VEHTYPE" speed="0.02" pos="188.00" lane="1/1to2/1_0" slope="0.00"/>
        <vehicle id="19" x="601.65" y="222.75" angle="180.00" type="DEFAULT_VEHTYPE" speed="9.88" pos="18.00" lane="3/1to3/2_0" slope="0.00"/>
        <vehicle id="2" x="198.62" y="397.12" angle="-36.38" type="DEFAULT_VEHTYPE" speed="7.94" pos="8.43" lane=":1/2_6_0" slope="0.00"/>
        <vehicle id="20" x="398.35" y="97.54" angle="0.00" type="DEFAULT_VEHTYPE" speed="13.09" pos="97.71" lane="2/1to2/0_0" slope="0.00"/>
        <vehicle id="21" x="223.50" y="401.65" angle="-90.00" type="DEFAULT_VEHTYPE" speed="11.97" pos="171.75" lane="2/2to1/2_0" slope="0.00"/>
        <vehicle id="22" x="757.13" y="201.65" angle="-90.00" type="DEFAULT_VEHTYPE" speed="13.76" pos="42.87" lane="4/1to3/1_0" slope="0.00"/>
        <vehicle id="23" x="584.55" y="198.35" angle="90.00" type="DEFAULT_VEHTYPE" speed="3.93" pos="179.80" lane="2/1to3/1_0" slope="0.00"/>
        <vehicle id="24" x="601.65" y="387.53" angle="180.00" type="DEFAULT_VEHTYPE" speed="6.63" pos="182.78" lane="3/1to3/2_0" slope="0.00"/>
        <vehicle id="3" x="414.04" y="198.35" angle="90.00" type="DEFAULT_VEHTYPE" speed="13.88" pos="9.29" lane="2/1to3/1_0" slope="0.00"/>
        <vehicle id="4" x="680.36" y="201.65" angle="-90.00" type="DEFAULT_VEHTYPE" speed="13.03" pos="119.64" lane="4/1to3/1_0" slope="0.00"/>
        <vehicle id="5" x="398.35" y="457.85" angle="0.00" type="DEFAULT_VEHTYPE" speed="13.69" pos="137.40" lane="2/3to2/2_0" slope="0.00"/>
        <vehicle id="6" x="198.35" y="278.74" angle="0.00" type="DEFAULT_VEHTYPE" speed="13.22" pos="116.51" lane="1/2to1/1_0" slope="0.00"/>
        <vehicle id="7" x="401.65" y="629.16" angle="180.00" type="DEFAULT_VEHTYPE" speed="12.57" pos="24.41" lane="2/3to2/4_0" slope="0.00"/>
        <vehicle id="8" x="401.65" y="87.21" angle="180.00" type="DEFAULT_VEHTYPE" speed="12.80" pos="87.21" lane="2/0to2/1_0" slope="0.00"/>
        <vehicle id="9" x="601.65" y="322.79" angle="180.00" type="DEFAULT_VEHTYPE" speed="12.98" pos="118.04" lane="3/1to3/2_0" slope="0.00"/>
    </timestep>
    <timestep time="616.00">
        <vehicle id="0" x="609.18" y="198.35" angle="90.00" type="DEFAULT_VEHTYPE" speed="8.39" pos="4.43" lane="3/1to4/1_0" slope="0.00"/>
        <vehicle id="1" x="201.65" y="98.41" angle="180.00" type="DEFAULT_VEHTYPE" speed="13.17" pos="98.41" lane="1/0to1/1_0" slope="0.00"/>
        <vehicle id="11" x="637.74" y="201.65" angle="-90.00" type="DEFAULT_VEHTYPE" speed="13.63" pos="162.26" lane="4/1to3/1_0" slope="0.00"/>
        <vehicle id="12" x="198.35" y="24.22" angle="0.00" type="DEFAULT_VEHTYPE" speed="13.55" pos="171.03" lane="1/1to1/0_0" slope="0.00"/>
        <vehicle id="14" x="601.65" y="369.84" angle="180.00" type="DEFAULT_VEHTYPE" speed="10.97" pos="165.09" lane="3/1to3/2_0" slope="0.00"/>
        <vehicle id="15" x="416.64" y="401.65" angle="-90.00" type="DEFAULT_VEHTYPE" speed="9.04" pos="178.61" lane="3/2to2/2_0" slope="0.00"/>
        <vehicle id="16" x="198.35" y="223.76" angle="0.00" type="DEFAULT_VEHTYPE" speed="13.14" pos="171.49" lane="1/2to1/1_0" slope="0.00"/>
        <vehicle id="17" x="601.65" y="285.36" angle="180.00" type="DEFAULT_VEHTYPE" speed="13.83" pos="80.61" lane="3/1to3/2_0" slope="0.00"/>
        <vehicle id="18" x="394.92" y="198.35" angle="90.00" type="DEFAULT_VEHTYPE" speed="2.17" pos="190.17" lane="1/1to2/1_0" slope="0.00"/>
        <vehicle id="19" x="601.65" y="234.95" angle="180.00" type="DEFAULT_VEHTYPE" speed="12.20" pos="30.20" lane="3/1to3/2_0" slope="0.00"/>
        <vehicle id="2" x="198.35" y="386.91" angle="0.00" type="DEFAULT_VEHTYPE" speed="10.23" pos="8.34" lane="1/2to1/1_0" slope="0.00"/>
        <vehicle id="20" x="398.35" y="84.36" angle="0.00" type="DEFAULT_VEHTYPE" speed="13.19" pos="110.89" lane="2/1to2/0_0" slope="0.00"/>
        <vehicle id="21" x="215.15" y="401.65" angle="-90.00" type="DEFAULT_VEHTYPE" speed="8.35" pos="180.10" lane="2/2to1/2_0" slope="0.00"/>
        <vehicle id="22" x="743.63" y="201.65" angle="-90.00" type="DEFAULT_VEHTYPE" speed="13.50" pos="56.37" lane="4/1to3/1_0" slope="0.00"/>
        <vehicle id="23" x="589.21" y="198.35" angle="90.00" type="DEFAULT_VEHTYPE" speed="4.66" pos="184.46" lane="2/1to3/1_0" slope="0.00"/>
        <vehicle id="24" x="601.65" y="390.83" angle="180.00" type="DEFAULT_VEHTYPE" speed="3.30" pos="186.08" lane="3/1to3/2_0" slope="0.00"/>
        <vehicle id="3" x="427.11" y="198.35" angle="90.00" type="DEFAULT_VEHTYPE" speed="13.07" pos="22.36" lane="2/1to3/1_0" slope="0.00"/>
        <vehicle id="4" x="667.36" y="201.65" angle="-90.00" type="DEFAULT_VEHTYPE" speed="13.00" pos="132.64" lane="4/1to3/1_0" slope="0.00"/>
        <vehicle id="5" x="398.35" y="444.04" angle="0.00" type="DEFAULT_VEHTYPE" speed="13.81" pos="151.21" lane="2/3to2/2_0" slope="0.00"/>
        <vehicle id="6" x="198.35" y="266.05" angle="0.00" type="DEFAULT_VEHTYPE" speed="12.69" pos="129.20" lane="1/2to1/1_0" slope="0.00"/>
        <vehicle id="7" x="401.65" y="642.67" angle="180.00" type="DEFAULT_VEHTYPE" speed="13.51" pos="37.92" lane="2/3to2/4_0" slope="0.00"/>
        <vehicle id="8" x="401.65" y="100.21" angle="180.00" type="DEFAULT_VEHTYPE" speed="13.00" pos="100.21" lane="2/0to2/1_0" slope="0.00"/>
        <vehicle id="9" x="601.65" y="336.02" angle="180.00" type="DEFAULT_VEHTYPE" speed="13.24" pos="131.27" lane="3/1to3/2_0" slope="0.00"/>
    </timestep>
    <timestep time="617.00">
        <vehicle id="0" x="619.11" y="198.35" angle="90.00" type="DEFAULT_VEHTYPE" speed="9.94" pos="14.36" lane="3/1to4/1_0" slope="0.00"/>
        <vehicle id="1" x="201.65" y="111.70" angle="180.00" type="DEFAULT_VEHTYPE" speed="13.29" pos="111.70" lane="1/0to1/1_0" slope="0.00"/>
        <vehicle id="11" x="625.59" y="201.65" angle="-90.00" type="DEFAULT_VEHTYPE" speed="12.15" pos="174.41" lane="4/1to3/1_0" slope="0.00"/>
        <vehicle id="12" x="198.35" y="10.97" angle="0.00" type="DEFAULT_VEHTYPE" speed="13.25" pos="184.28" lane="1/1to1/0_0" slope="0.00"/>
        <vehicle id="14" x="601.65" y="376.78" angle="180.00" type="DEFAULT_VEHTYPE" speed="6.94" pos="172.03" lane="3/1to3/2_0" slope="0.00"/>
        <vehicle id="15" x="412.10" y="401.65" angle="-90.00" type="DEFAULT_VEHTYPE" speed="4.54" pos="183.15" lane="3/2to2/2_0" slope="0.00"/>
        <vehicle id="16" x="198.35" y="210.88" angle="0.00" type="DEFAULT_VEHTYPE" speed="12.89" pos="184.37" lane="1/2to1/1_0" slope="0.00"/>
        <vehicle id="17" x="601.65" y="298.13" angle="180.00" type="DEFAULT_VEHTYPE" speed="12.77" pos="93.38" lane="3/1to3/2_0" slope="0.00"/>
        <vehicle id="18" x="399.58" y="198.35" angle="90.00" type="DEFAULT_VEHTYPE" speed="4.65" pos="4.33" lane=":2/1_13_0" slope="0.00"/>
        <vehicle id="19" x="601.65" y="248.84" angle="180.00" type="DEFAULT_VEHTYPE" speed="13.89" pos="44.09" lane="3/1to3/2_0" slope="0.00"/>
        <vehicle id="2" x="198.35" y="374.15" angle="0.00" type="DEFAULT_VEHTYPE" speed="12.76" pos="21.10" lane="1/2to1/1_0" slope="0.00"/>
        <vehicle id="20" x="398.35" y="71.23" angle="0.00" type="DEFAULT_VEHTYPE" speed="13.13" pos="124.02" lane="2/1to2/0_0" slope="0.00"/>
        <vehicle id="21" x="210.77" y="401.65" angle="-90.00" type="DEFAULT_VEHTYPE" speed="4.38" pos="184.48" lane="2/2to1/2_0" slope="0.00"/>
        <vehicle id="22" x="730.26" y="201.65" angle="-90.00" type="DEFAULT_VEHTYPE" speed="13.37" pos="69.74" lane="4/1to3/1_0" slope="0.00"/>
        <vehicle id="23" x="595.30" y="198.35" angle="90.00" type="DEFAULT_VEHTYPE" speed="6.09" pos="0.05" lane=":3/1_13_0" slope="0.00"/>
        <vehicle id="24" x="601.55" y="395.92" angle="-178.91" type="DEFAULT_VEHTYPE" speed="5.09" pos="0.67" lane=":3/2_10_0" slope="0.00"/>
        <vehicle id="3" x="440.05" y="198.35" angle="90.00" type="DEFAULT_VEHTYPE" speed="12.94" pos="35.30" lane="2/1to3/1_0" slope="0.00"/>
        <vehicle id="4" x="653.59" y="201.65" angle="-90.00" type="DEFAULT_VEHTYPE" speed="13.77" pos="146.41" lane="4/1to3/1_0" slope="0.00"/>
        <vehicle id="5" x="398.35" y="430.89" angle="0.00" type="DEFAULT_VEHTYPE" speed="13.15" pos="164.36" lane="2/3to2/2_0" slope="0.00"/>
        <vehicle id="6" x="198.35" y="252.70" angle="0.00" type="DEFAULT_VEHTYPE" speed="13.35" pos="142.55" lane="1/2to1/1_0" slope="0.00"/>
        <vehicle id="7" x="401.65" y="656.28" angle="180.00" type="DEFAULT_VEHTYPE" speed="13.60" pos="51.53" lane="2/3to2/4_0" slope="0.00"/>
        <vehicle id="8" x="401.65" y="114.07" angle="180.00" type="DEFAULT_VEHTYPE" speed="13.86" pos="114.07" lane="2/0to2/1_0" slope="0.00"/>
        <vehicle id="9" x="601.65" y="348.96" angle="180.00" type="DEFAULT_VEHTYPE" speed="12.94" pos="144.21" lane="3/1to3/2_0" slope="0.00"/>
    </timestep>
    <timestep time="618.00">
        <vehicle id="0" x="630.66" y="198.35" angle="90.00" type="DEFAULT_VEHTYPE" speed="11.55" pos="25.91" lane="3/1to4/1_0" slope="0.00"/>
        <vehicle id="1" x="201.65" y="124.52" angle="180.00" type="DEFAULT_VEHTYPE" speed="12.82" pos="124.52" lane="1/0to1/1_0" slope="0.00"/>
        <vehicle id="11" x="617.74" y="201.65" angle="-90.00" type="DEFAULT_VEHTYPE" speed="7.85" pos="182.26" lane="4/1to3/1_0" slope="0.00"/>
        <vehicle id="12" x="199.85" y="-1.58" angle="19.10" type="DEFAULT_VEHTYPE" speed="13.21" pos="2.24" lane=":1/0_0_0" slope="0.00"/>
        <vehicle id="14" x="601.65" y="384.00" angle="180.00" type="DEFAULT_VEHTYPE" speed="7.21" pos="179.25" lane="3/1to3/2_0" slope="0.00"/>
        <vehicle id="15" x="408.89" y="401.65" angle="-90.00" type="DEFAULT_VEHTYPE" speed="3.21" pos="186.36" lane="3/2to2/2_0" slope="0.00"/>
        <vehicle id="16" x="192.66" y="201.65" angle="-81.47" type="DEFAULT_VEHTYPE" speed="13.72" pos="2.59" lane="1/1to0/1_0" slope="0.00"/>
        <vehicle id="17" x="601.65" y="311.46" angle="180.00" type="DEFAULT_VEHTYPE" speed="13.33" pos="106.71" lane="3/1to3/2_0" slope="0.00"/>
        <vehicle id="18" x="406.05" y="198.35" angle="90.00" type="DEFAULT_VEHTYPE" speed="6.48" pos="1.30" lane="2/1to3/1_0" slope="0.00"/>
        <vehicle id="19" x="601.65" y="261.54" angle="180.00" type="DEFAULT_VEHTYPE" speed="12.70" pos="56.79" lane="3/1to3/2_0" slope="0.00"/>
        <vehicle id="2" x="198.35" y="360.75" angle="0.00" type="DEFAULT_VEHTYPE" speed="13.40" pos="34.50" lane="1/2to1/1_0" slope="0.00"/>
        <vehicle id="20" x="398.35" y="58.40" angle="0.00" type="DEFAULT_VEHTYPE" speed="12.83" pos="136.85" lane="2/1to2/0_0" slope="0.00"/>
        <vehicle id="21" x="204.04" y="401.55" angle="-88.84" type="DEFAULT_VEHTYPE" speed="6.74" pos="0.71" lane=":1/2_6_0" slope="0.00"/>
        <vehicle id="22" x="717.43" y="201.65" angle="-90.00" type="DEFAULT_VEHTYPE" speed="12.83" pos="82.57" lane="4/1to3/1_0" slope="0.00"/>
        <vehicle id="23" x="603.94" y="198.35" angle="90.00" type="DEFAULT_VEHTYPE" speed="8.64" pos="8.69" lane=":3/1_13_0" slope="0.00"/>
        <vehicle id="24" x="598.41" y="401.03" angle="-141.76" type="DEFAULT_VEHTYPE" speed="6.39" pos="7.07" lane=":3/2_10_0" slope="0.00"/>
        <vehicle id="3" x="453.80" y="198.35" angle="90.00" type="DEFAULT_VEHTYPE" speed="13.75" pos="49.05" lane="2/1to3/1_0" slope="0.00"/>
        <vehicle id="4" x="640.31" y="201.65" angle="-90.00" type="DEFAULT_VEHTYPE" speed="13.28" pos="159.69" lane="4/1to3/1_0" slope="0.00"/>
        <vehicle id="5" x="398.35" y="417.49" angle="0.00" type="DEFAULT_VEHTYPE" speed="13.40" pos="177.76" lane="2/3to2/2_0" slope="0.00"/>
        <vehicle id="6" x="198.35" y="238.96" angle="0.00" type="DEFAULT_VEHTYPE" speed="13.75" pos="156.29" lane="1/2to1/1_0" slope="0.00"/>
        <vehicle id="7" x="401.65" y="670.08" angle="180.00" type="DEFAULT_VEHTYPE" speed="13.81" pos="65.33" lane="2/3to2/4_0" slope="0.00"/>
        <vehicle id="8" x="401.65" y="126.84" angle="180.00" type="DEFAULT_VEHTYPE" speed="12.76" pos="126.84" lane="2/0to2/1_0" slope="0.00"/>
        <vehicle id="9" x="601.65" y="359.69" angle="180.00" type="DEFAULT_VEHTYPE" speed="10.73" pos="154.94" lane="3/1to3/2_0" slope="0.00"/>
    </timestep>
    <timestep time="619.00">
        <vehicle id="0" x="643.77" y="198.35" angle="90.00" type="DEFAULT_VEHTYPE" speed="13.10" pos="39.02" lane="3/1to4/1_0" slope="0.00"/>
        <vehicle id="1" x="201.65" y="137.61" angle="180.00" type="DEFAULT_VEHTYPE" speed="13.09" pos="137.61" lane="1/0to1/1_0" slope="0.00"/>
        <vehicle id="11" x="612.21" y="201.65" angle="-90.00" type="DEFAULT_VEHTYPE" speed="5.53" pos="187.79" lane="4/1to3/1_0" slope="0.00"/>
        <vehicle id="12" x="201.65" y="10.29" angle="180.00" type="DEFAULT_VEHTYPE" speed="12.86" pos="10.29" lane="1/0to1/1_0" slope="0.00"/>
        <vehicle id="14" x="601.65" y="388.63" angle="180.00" type="DEFAULT_VEHTYPE" speed="4.63" pos="183.88" lane="3/1to3/2_0" slope="0.00"/>
        <vehicle id="15" x="407.80" y="401.65" angle="-90.00" type="DEFAULT_VEHTYPE" speed="1.09" pos="187.45" lane="3/2to2/2_0" slope="0.00"/>
        <vehicle id="16" x="179.37" y="201.65" angle="-90.00" type="DEFAULT_VEHTYPE" speed="13.29" pos="15.88" lane="1/1to0/1_0" slope="0.00"/>
        <vehicle id="17" x="601.65" y="324.64" angle="180.00" type="DEFAULT_VEHTYPE" speed="13.18" pos="119.89" lane="3/1to3/2_0" slope="0.00"/>
        <vehicle id="18" x="414.28" y="198.35" angle="90.00" type="DEFAULT_VEHTYPE" speed="8.23" pos="9.53" lane="2/1to3/1_0" slope="0.00"/>
        <vehicle id="19" x="601.65" y="274.86" angle="180.00" type="DEFAULT_VEHTYPE" speed="13.33" pos="70.11" lane="3/1to3/2_0" slope="0.00"/>
        <vehicle id="2" x="198.35" y="347.89" angle="0.00" type="DEFAULT_VEHTYPE" speed="12.86" pos="47.36" lane="1/2to1/1_0" slope="0.00"/>
        <vehicle id="20" x="398.35" y="44.77" angle="0.00" type="DEFAULT_VEHTYPE" speed="13.63" pos="150.48" lane="2/1to2/0_0" slope="0.00"/>
        <vehicle id="21" x="198.48" y="396.13" angle="-26.06" type="DEFAULT_VEHTYPE" speed="8.72" pos="9.43" lane=":1/2_6_0" slope="0.00"/>
        <vehicle id="22" x="704.22" y="201.65" angle="-90.00" type="DEFAULT_VEHTYPE" speed="13.21" pos="95.78" lane="4/1to3/1_0" slope="0.00"/>
        <vehicle id="23" x="614.62" y="198.35" angle="90.00" type="DEFAULT_VEHTYPE" speed="10.68" pos="9.87" lane="3/1to4/1_0" slope="0.00"/>
        <vehicle id="24" x="590.72" y="401.65" angle="-90.76" type="DEFAULT_VEHTYPE" speed="7.78" pos="4.53" lane="3/2to2/2_0" slope="0.00"/>
        <vehicle id="3" x="466.80" y="198.35" angle="90.00" type="DEFAULT_VEHTYPE" speed="13.00" pos="62.05" lane="2/1to3/1_0" slope="0.00"/>
        <vehicle id="4" x="630.58" y="201.65" angle="-90.00" type="DEFAULT_VEHTYPE" speed="9.73" pos="169.42" lane="4/1to3/1_0" slope="0.00"/>
        <vehicle id="5" x="398.35" y="404.56" angle="0.00" type="DEFAULT_VEHTYPE" speed="12.94" pos="0.19" lane=":2/2_1_0" slope="0.00"/>
        <vehicle id="6" x="198.35" y="225.75" angle="0.00" type="DEFAULT_VEHTYPE" speed="13.21" pos="169.50" lane="1/2to1/1_0" slope="0.00"/>
        <vehicle id="7" x="401.65" y="683.30" angle="180.00" type="DEFAULT_VEHTYPE" speed="13.21" pos="78.55" lane="2/3to2/4_0" slope="0.00"/>
        <vehicle id="8" x="401.65" y="140.35" angle="180.00" type="DEFAULT_VEHTYPE" speed="13.51" pos="140.35" lane="2/0to2/1_0" slope="0.00"/>
        <vehicle id="9" x="601.65" y="370.23" angle="180.00" type="DEFAULT_VEHTYPE" speed="10.54" pos="165.48" lane="3/1to3/2_0" slope="0.00"/>
    </timestep>
    <timestep time="620.00">
        <vehicle id="0" x="657.61" y="198.35" angle="90.00" type="DEFAULT_VEHTYPE" speed="13.84" pos="52.86" lane="3/1to4/1_0" slope="0.00"/>
        <vehicle id="1" x="201.65" y="150.94" angle="180.00" type="DEFAULT_VEHTYPE" speed="13.33" pos="150.94" lane="1/0to1/1_0" slope="0.00"/>
        <vehicle id="11" x="609.73" y="201.65" angle="-90.00" type="DEFAULT_VEHTYPE" speed="2.48" pos="190.27" lane="4/1to3/1_0" slope="0.00"/>
        <vehicle id="12" x="201.65" y="23.33" angle="180.00" type="DEFAULT_VEHTYPE" speed="13.05" pos="23.33" lane="1/0to1/1_0" slope="0.00"/>
        <vehicle id="14" x="601.60" y="395.60" angle="-179.42" type="DEFAULT_VEHTYPE" speed="6.98" pos="0.36" lane=":3/2_10_0" slope="0.00"/>
        <vehicle id="15" x="405.77" y="401.65" angle="-90.00" type="DEFAULT_VEHTYPE" speed="2.03" pos="189.48" lane="3/2to2/2_0" slope="0.00"/>
        <vehicle id="16" x="166.68" y="201.65" angle="-90.00" type="DEFAULT_VEHTYPE" speed="12.69" pos="28.57" lane="1/1to0/1_0" slope="0.00"/>
        <vehicle id="17" x="601.65" y="338.35" angle="180.00" type="DEFAULT_VEHTYPE" speed="13.71" pos="133.60" lane="3/1to3/2_0" slope="0.00"/>
        <vehicle id="18" x="424.52" y="198.35" angle="90.00" type="DEFAULT_VEHTYPE" speed="10.24" pos="19.77" lane="2/1to3/1_0" slope="0.00"/>
        <vehicle id="19" x="601.65" y="287.92" angle="180.00" type="DEFAULT_VEHTYPE" speed="13.05" pos="83.17" lane="3/1to3/2_0" slope="0.00"/>
        <vehicle id="2" x="198.35" y="334.39" angle="0.00" type="DEFAULT_VEHTYPE" speed="13.49" pos="60.86" lane="1/2to1/1_0" slope="0.00"/>
        <vehicle id="20" x="398.35" y="32.11" angle="0.00" type="DEFAULT_VEHTYPE" speed="12.66" pos="163.14" lane="2/1to2/0_0" slope="0.00"/>
        <vehicle id="21" x="198.35" y="385.29" angle="0.00" type="DEFAULT_VEHTYPE" speed="10.85" pos="9.96" lane="1/2to1/1_0" slope="0.00"/>
        <vehicle id="22" x="691.19" y="201.65" angle="-90.00" type="DEFAULT_VEHTYPE" speed="13.02" pos="108.81" lane="4/1to3/1_0" slope="0.00"/>
        <vehicle id="23" x="627.05" y="198.35" angle="90.00" type="DEFAULT_VEHTYPE" speed="12.43" pos="22.30" lane="3/1to4/1_0" slope="0.00"/>
        <vehicle id="24" x="581.29" y="401.65" angle="-90.00" type="DEFAULT_VEHTYPE" speed="9.43" pos="13.96" lane="3/2to2/2_0" slope="0.00"/>
        <vehicle id="3" x="480.28" y="198.35" angle="90.00" type="DEFAULT_VEHTYPE" speed="13.48" pos="75.53" lane="2/1to3/1_0" slope="0.00"/>
        <vehicle id="4" x="623.59" y="201.65" angle="-90.00" type="DEFAULT_VEHTYPE" speed="6.99" pos="176.41" lane="4/1to3/1_0" slope="0.00"/>
        <vehicle id="5" x="398.35" y="391.37" angle="0.00" type="DEFAULT_VEHTYPE" speed="13.18" pos="3.88" lane="2/2to2/1_0" slope="0.00"/>
        <vehicle id="6" x="198.35" y="212.73" angle="0.00" type="DEFAULT_VEHTYPE" speed="13.02" pos="182.52" lane="1/2to1/1_0" slope="0.00"/>
        <vehicle id="7" x="401.65" y="696.41" angle="180.00" type="DEFAULT_VEHTYPE" speed="13.12" pos="91.66" lane="2/3to2/4_0" slope="0.00"/>
        <vehicle id="8" x="401.65" y="153.97" angle="180.00" type="DEFAULT_VEHTYPE" speed="13.61" pos="153.97" lane="2/0to2/1_0" slope="0.00"/>
        <vehicle id="9" x="601.65" y="376.90" angle="180.00" type="DEFAULT_VEHTYPE" speed="6.67" pos="172.15" lane="3/1to3/2_0" slope="0.00"/>
    </timestep>
    <timestep time="621.00">
        <vehicle id="0" x="671.38" y="198.35" angle="90.00" type="DEFAULT_VEHTYPE" speed="13.77" pos="66.63" lane="3/1to4/1_0" slope="0.00"/>
        <vehicle id="1" x="201.65" y="164.34" angle="180.00" type="DEFAULT_VEHTYPE" speed="13.40" pos="164.34" lane="1/0to1/1_0" slope="0.00"/>
        <vehicle id="11" x="605.31" y="201.65" angle="-90.00" type="DEFAULT_VEHTYPE" speed="4.42" pos="194.69" lane="4/1to3/1_0" slope="0.00"/>
        <vehicle id="12" x="201.65" y="36.14" angle="180.00" type="DEFAULT_VEHTYPE" speed="12.81" pos="36.14" lane="1/0to1/1_0" slope="0.00"/>
        <vehicle id="14" x="596.88" y="401.42" angle="-123.85" type="DEFAULT_VEHTYPE" speed="8.32" pos="1.54" lane=":3/2_18_0" slope="0.00"/>
        <vehicle id="15" x="401.56" y="401.65" angle="-90.00" type="DEFAULT_VEHTYPE" speed="4.21" pos="3.19" lane=":2/2_5_0" slope="0.00"/>
        <vehicle id="16" x="153.45" y="201.65" angle="-90.00" type="DEFAULT_VEHTYPE" speed="13.22" pos="41.80" lane="1/1to0/1_0" slope="0.00"/>
        <vehicle id="17" x="601.65" y="352.05" angle="180.00" type="DEFAULT_VEHTYPE" speed="13.70" pos="147.30" lane="3/1to3/2_0" slope="0.00"/>
        <vehicle id="18" x="436.22" y="198.35" angle="90.00" type="DEFAULT_VEHTYPE" speed="11.69" pos="31.47" lane="2/1to3/1_0" slope="0.00"/>
        <vehicle id="19" x="601.65" y="301.12" angle="180.00" type="DEFAULT_VEHTYPE" speed="13.20" pos="96.37" lane="3/1to3/2_0" slope="0.00"/>
        <vehicle id="2" x="198.35" y="321.51" angle="0.00" type="DEFAULT_VEHTYPE" speed="12.89" pos="73.74" lane="1/2to1/1_0" slope="0.00"/>
        <vehicle id="20" x="398.35" y="19.43" angle="0.00" type="DEFAULT_VEHTYPE" speed="12.68" pos="175.82" lane="2/1to2/0_0" slope="0.00"/>
        <vehicle id="21" x="198.35" y="371.95" angle="0.00" type="DEFAULT_VEHTYPE" speed="13.34" pos="23.30" lane="1/2to1/1_0" slope="0.00"/>
        <vehicle id="22" x="677.35" y="201.65" angle="-90.00" type="DEFAULT_VEHTYPE" speed="13.84" pos="122.65" lane="4/1to3/1_0" slope="0.00"/>
        <vehicle id="23" x="640.66" y="198.35" angle="90.00" type="DEFAULT_VEHTYPE" speed="13.61" pos="35.91" lane="3/1to4/1_0" slope="0.00"/>
        <vehicle id="24" x="570.36" y="401.65" angle="-90.00" type="DEFAULT_VEHTYPE" speed="10.93" pos="24.89" lane="3/2to2/2_0" slope="0.00"/>
        <vehicle id="3" x="493.44" y="198.35" angle="90.00" type="DEFAULT_VEHTYPE" speed="13.16" pos="88.69" lane="2/1to3/1_0" slope="0.00"/>
        <vehicle id="4" x="619.56" y="201.65" angle="-90.00" type="DEFAULT_VEHTYPE" speed="4.02" pos="180.44" lane="4/1to3/1_0" slope="0.00"/>
        <vehicle id="5" x="398.35" y="378.70" angle="0.00" type="DEFAULT_VEHTYPE" speed="12.67" pos="16.55" lane="2/2to2/1_0" slope="0.00"/>
        <vehicle id="6" x="195.31" y="201.66" angle="-43.96" type="DEFAULT_VEHTYPE" speed="12.92" pos="4.94" lane=":1/1_0_0" slope="0.00"/>
        <vehicle id="7" x="401.65" y="709.92" angle="180.00" type="DEFAULT_VEHTYPE" speed="13.50" pos="105.17" lane="2/3to2/4_0" slope="0.00"/>
        <vehicle id="8" x="401.65" y="166.77" angle="180.00" type="DEFAULT_VEHTYPE" speed="12.80" pos="166.77" lane="2/0to2/1_0" slope="0.00"/>
        <vehicle id="9" x="601.65" y="384.90" angle="180.00" type="DEFAULT_VEHTYPE" speed="8.00" pos="180.15" lane="3/1to3/2_0" slope="0.00"/>
    </timestep>
    <timestep time="622.00">
        <vehicle id="0" x="684.94" y="198.35" angle="90.00" type="DEFAULT_VEHTYPE" speed="13.56" pos="80.19" lane="3/1to4/1_0" slope="0.00"/>
        <vehicle id="1" x="201.65" y="177.98" angle="180.00" type="DEFAULT_VEHTYPE" speed="13.64" pos="177.98" lane="1/0to1/1_0" slope="0.00"/>
        <vehicle id="11" x="601.65" y="206.01" angle="-156.20" type="DEFAULT_VEHTYPE" speed="6.83" pos="1.26" lane="3/1to3/2_0" slope="0.00"/>
        <vehicle id="12" x="201.65" y="49.84" angle="180.00" type="DEFAULT_VEHTYPE" speed="13.70" pos="49.84" lane="1/0to1/1_0" slope="0.00"/>
        <vehicle id="14" x="586.79" y="401.65" angle="-90.00" type="DEFAULT_VEHTYPE" speed="10.10" pos="8.46" lane="3/2to2/2_0" slope="0.00"/>
        <vehicle id="15" x="395.04" y="401.65" angle="-90.00" type="DEFAULT_VEHTYPE" speed="6.52" pos="0.21" lane="2/2to1/2_0" slope="0.00"/>
        <vehicle id="16" x="140.70" y="201.65" angle="-90.00" type="DEFAULT_VEHTYPE" speed="12.76" pos="54.55" lane="1/1to0/1_0" slope="0.00"/>
        <vehicle id="17" x="601.65" y="365.17" angle="180.00" type="DEFAULT_VEHTYPE" speed="13.12" pos="160.42" lane="3/1to3/2_0" slope="0.00"/>
        <vehicle id="18" x="449.22" y="198.35" angle="90.00" type="DEFAULT_VEHTYPE" speed="13.00" pos="44.47" lane="2/1to3/1_0" slope="0.00"/>
        <vehicle id="19" x="601.65" y="314.65" angle="180.00" type="DEFAULT_VEHTYPE" speed="13.53" pos="109.90" lane="3/1to3/2_0" slope="0.00"/>
        <vehicle id="2" x="198.35" y="308.32" angle="0.00" type="DEFAULT_VEHTYPE" speed="13.18" pos="86.93" lane="1/2to1/1_0" slope="0.00"/>
        <vehicle id="20" x="398.35" y="5.80" angle="0.00" type="DEFAULT_VEHTYPE" speed="13.63" pos="189.45" lane="2/1to2/0_0" slope="0.00"/>
        <vehicle id="21" x="198.35" y="359.09" angle="0.00" type="DEFAULT_VEHTYPE" speed="12.87" pos="36.16" lane="1/2to1/1_0" slope="0.00"/>
        <vehicle id="22" x="663.64" y="201.65" angle="-90.00" type="DEFAULT_VEHTYPE" speed="13.71" pos="136.36" lane="4/1to3/1_0" slope="0.00"/>
        <vehicle id="23" x="654.38" y="198.35" angle="90.00" type="DEFAULT_VEHTYPE" speed="13.72" pos="49.63" lane="3/1to4/1_0" slope="0.00"/>
        <vehicle id="24" x="557.82" y="401.65" angle="-90.00" type="DEFAULT_VEHTYPE" speed="12.53" pos="37.43" lane="3/2to2/2_0" slope="0.00"/>
        <vehicle id="3" x="506.56" y="198.35" angle="90.00" type="DEFAULT_VEHTYPE" speed="13.12" pos="101.81" lane="2/1to3/1_0" slope="0.00"/>
        <vehicle id="4" x="615.09" y="201.65" angle="-90.00" type="DEFAULT_VEHTYPE" speed="4.47" pos="184.91" lane="4/1to3/1_0" slope="0.00"/>
        <vehicle id="5" x="398.35" y="365.91" angle="0.00" type="DEFAULT_VEHTYPE" speed="12.79" pos="29.34" lane="2/2to2/1_0" slope="0.00"/>
        <vehicle id="6" x="181.65" y="201.65" angle="-90.00" type="DEFAULT_VEHTYPE" speed="13.65" pos="13.60" lane="1/1to0/1_0" slope="0.00"/>
        <vehicle id="7" x="401.65" y="723.70" angle="180.00" type="DEFAULT_VEHTYPE" speed="13.78" pos="118.95" lane="2/3to2/4_0" slope="0.00"/>
        <vehicle id="8" x="401.65" y="179.53" angle="180.00" type="DEFAULT_VEHTYPE" speed="12.76" pos="179.53" lane="2/0to2/1_0" slope="0.00"/>
        <vehicle id="9" x="601.65" y="389.57" angle="180.00" type="DEFAULT_VEHTYPE" speed="4.67" pos="184.82" lane="3/1to3/2_0" slope="0.00"/>
    </timestep>
    <timestep time="623.00">
        <vehicle id="0" x="697.96" y="198.35" angle="90.00" type="DEFAULT_VEHTYPE" speed="13.02" pos="93.21" lane="3/1to4/1_0" slope="0.00"/>
        <vehicle id="1" x="201.65" y="190.71" angle="180.00" type="DEFAULT_VEHTYPE" speed="12.73" pos="190.71" lane="1/0to1/1_0" slope="0.00"/>
        <vehicle id="11" x="601.65" y="214.66" angle="180.00" type="DEFAULT_VEHTYPE" speed="8.65" pos="9.91" lane="3/1to3/2_0" slope="0.00"/>
        <vehicle id="12" x="201.65" y="63.07" angle="180.00" type="DEFAULT_VEHTYPE" speed="13.24" pos="63.07" lane="1/0to1/1_0" slope="0.00"/>
        <vehicle id="14" x="574.67" y="401.65" angle="-90.00" type="DEFAULT_VEHTYPE" speed="12.12" pos="20.58" lane="3/2to2/2_0" slope="0.00"/>
        <vehicle id="15" x="387.21" y="401.65" angle="-90.00" type="DEFAULT_VEHTYPE" speed="7.84" pos="8.04" lane="2/2to1/2_0" slope="0.00"/>
        <vehicle id="16" x="127.88" y="201.65" angle="-90.00" type="DEFAULT_VEHTYPE" speed="12.82" pos="67.37" lane="1/1to0/1_0" slope="0.00"/>
        <vehicle id="17" x="601.65" y="374.45" angle="180.00" type="DEFAULT_VEHTYPE" speed="9.28" pos="169.70" lane="3/1to3/2_0" slope="0.00"/>
        <vehicle id="18" x="462.34" y="198.35" angle="90.00" type="DEFAULT_VEHTYPE" speed="13.12" pos="57.59" lane="2/1to3/1_0" slope="0.00"/>
        <vehicle id="19" x="601.65" y="327.72" angle="180.00" type="DEFAULT_VEHTYPE" speed="13.08" pos="122.97" lane="3/1to3/2_0" slope="0.00"/>
        <vehicle id="2" x="198.35" y="294.66" angle="0.00" type="DEFAULT_VEHTYPE" speed="13.67" pos="100.59" lane="1/2to1/1_0" slope="0.00"/>
        <vehicle id="20" x="401.65" y="3.01" angle="164.01" type="DEFAULT_VEHTYPE" speed="13.62" pos="3.01" lane="2/0to2/1_0" slope="0.00"/>
        <vehicle id="21" x="198.35" y="346.05" angle="0.00" type="DEFAULT_VEHTYPE" speed="13.03" pos="49.20" lane="1/2to1/1_0" slope="0.00"/>
        <vehicle id="22" x="650.84" y="201.65" angle="-90.00" type="DEFAULT_VEHTYPE" speed="12.80" pos="149.16" lane="4/1to3/1_0" slope="0.00"/>
        <vehicle id="23" x="667.83" y="198.35" angle="90.00" type="DEFAULT_VEHTYPE" speed="13.46" pos="63.08" lane="3/1to4/1_0" slope="0.00"/>
        <vehicle id="24" x="544.23" y="401.65" angle="-90.00" type="DEFAULT_VEHTYPE" speed="13.59" pos="51.02" lane="3/2to2/2_0" slope="0.00"/>
        <vehicle id="3" x="520.19" y="198.35" angle="90.00" type="DEFAULT_VEHTYPE" speed="13.62" pos="115.44" lane="2/1to3/1_0" slope="0.00"/>
        <vehicle id="4" x="610.82" y="201.65" angle="-90.00" type="DEFAULT_VEHTYPE" speed="4.27" pos="189.18" lane="4/1to3/1_0" slope="0.00"/>
        <vehicle id="5" x="398.35" y="352.07" angle="0.00" type="DEFAULT_VEHTYPE" speed="13.84" pos="43.18" lane="2/2to2/1_0" slope="0.00"/>
        <vehicle id="6" x="168.38" y="201.65" angle="-90.00" type="DEFAULT_VEHTYPE" speed="13.27" pos="26.87" lane="1/1to0/1_0" slope="0.00"/>
        <vehicle id="7" x="401.65" y="737.48" angle="180.00" type="DEFAULT_VEHTYPE" speed="13.78" pos="132.73" lane="2/3to2/4_0" slope="0.00"/>
        <vehicle id="8" x="401.65" y="192.46" angle="180.00" type="DEFAULT_VEHTYPE" speed="12.93" pos="192.46" lane="2/0to2/1_0" slope="0.00"/>
        <vehicle id="9" x="601.59" y="395.64" angle="-179.37" type="DEFAULT_VEHTYPE" speed="6.06" pos="0.39" lane=":3/2_10_0" slope="0.00"/>
    </timestep>
    <timestep time="624.00">
        <vehicle id="0" x="710.73" y="198.35" angle="90.00" type="DEFAULT_VEHTYPE" speed="12.77" pos="105.98" lane="3/1to4/1_0" slope="0.00"/>
        <vehicle id="1" x="208.13" y="198.35" angle="93.66" type="DEFAULT_VEHTYPE" speed="12.92" pos="3.38" lane="1/1to2/1_0" slope="0.00"/>
        <vehicle id="11" x="601.65" y="225.74" angle="180.00" type="DEFAULT_VEHTYPE" speed="11.08" pos="20.99" lane="3/1to3/2_0" slope="0.00"/>
        <vehicle id="12" x="201.65" y="75.86" angle="180.00" type="DEFAULT_VEHTYPE" speed="12.78" pos="75.86" lane="1/0to1/1_0" slope="0.00"/>
        <vehicle id="14" x="562.02" y="401.65" angle="-90.00" type="DEFAULT_VEHTYPE" speed="12.65" pos="33.23" lane="3/2to2/2_0" slope="0.00"/>
        <vehicle id="15" x="377.26" y="401.65" angle="-90.00" type="DEFAULT_VEHTYPE" speed="9.95" pos="17.99" lane="2/2to1/2_0" slope="0.00"/>
        <vehicle id="16" x="114.65" y="201.65" angle="-90.00" type="DEFAULT_VEHTYPE" speed="13.23" pos="80.60" lane="1/1to0/1_0" slope="0.00"/>
        <vehicle id="17" x="601.65" y="382.68" angle="180.00" type="DEFAULT_VEHTYPE" speed="8.22" pos="177.93" lane="3/1to3/2_0" slope="0.00"/>
        <vehicle id="18" x="475.78" y="198.35" angle="90.00" type="DEFAULT_VEHTYPE" speed="13.44" pos="71.03" lane="2/1to3/1_0" slope="0.00"/>
        <vehicle id="19" x="601.65" y="340.65" angle="180.00" type="DEFAULT_VEHTYPE" speed="12.93" pos="135.90" lane="3/1to3/2_0" slope="0.00"/>
        <vehicle id="2" x="198.35" y="281.94" angle="0.00" type="DEFAULT_VEHTYPE" speed="12.71" pos="113.31" lane="1/2to1/1_0" slope="0.00"/>
        <vehicle id="20" x="401.65" y="15.78" angle="180.00" type="DEFAULT_VEHTYPE" speed="12.77" pos="15.78" lane="2/0to2/1_0" slope="0.00"/>
        <vehicle id="21" x="198.35" y="332.75" angle="0.00" type="DEFAULT_VEHTYPE" speed="13.31" pos="62.50" lane="1/2to1/1_0" slope="0.00"/>
        <vehicle id="22" x="638.02" y="201.65" angle="-90.00" type="DEFAULT_VEHTYPE" speed="12.82" pos="161.98" lane="4/1to3/1_0" slope="0.00"/>
        <vehicle id="23" x="680.76" y="198.35" angle="90.00" type="DEFAULT_VEHTYPE" speed="12.93" pos="76.01" lane="3/1to4/1_0" slope="0.00"/>
        <vehicle id="24" x="530.93" y="401.65" angle="-90.00" type="DEFAULT_VEHTYPE" speed="13.31" pos="64.32" lane="3/2to2/2_0" slope="0.00"/>
        <vehicle id="3" x="533.52" y="198.35" angle="90.00" type="DEFAULT_VEHTYPE" speed="13.33" pos="128.77" lane="2/1to3/1_0" slope="0.00"/>
        <vehicle id="4" x="604.65" y="201.66" angle="-90.16" type="DEFAULT_VEHTYPE" speed="6.17" pos="0.10" lane=":3/1_4_0" slope="0.00"/>
        <vehicle id="5" x="398.35" y="338.25" angle="0.00" type="DEFAULT_VEHTYPE" speed="13.81" pos="57.00" lane="2/2to2/1_0" slope="0.00"/>
        <vehicle id="6" x="155.51" y="201.65" angle="-90.00" type="DEFAULT_VEHTYPE" speed="12.87" pos="39.74" lane="1/1to0/1_0" slope="0.00"/>
        <vehicle id="7" x="401.65" y="750.81" angle="180.00" type="DEFAULT_VEHTYPE" speed="13.34" pos="146.06" lane="2/3to2/4_0" slope="0.00"/>
        <vehicle id="8" x="409.65" y="198.35" angle="90.17" type="DEFAULT_VEHTYPE" speed="12.69" pos="4.90" lane="2/1to3/1_0" slope="0.00"/>
        <vehicle id="9" x="597.43" y="401.34" angle="-129.59" type="DEFAULT_VEHTYPE" speed="7.73" pos="0.98" lane=":3/2_18_0" slope="0.00"/>
    </timestep>
    <timestep time="625.00">
        <vehicle id="0" x="724.37" y="198.35" angle="90.00" type="DEFAULT_VEHTYPE" speed="13.64" pos="119.62" lane="3/1to4/1_0" slope="0.00"/>
        <vehicle id="1" x="221.35" y="198.35" angle="90.00" type="DEFAULT_VEHTYPE" speed="13.21" pos="16.60" lane="1/1to2/1_0" slope="0.00"/>
        <vehicle id="11" x="601.65" y="239.26" angle="180.00" type="DEFAULT_VEHTYPE" speed="13.53" pos="34.51" lane="3/1to3/2_0" slope="0.00"/>
        <vehicle id="12" x="201.65" y="89.26" angle="180.00" type="DEFAULT_VEHTYPE" speed="13.41" pos="89.26" lane="1/0to1/1_0" slope="0.00"/>
        <vehicle id="14" x="548.71" y="401.65" angle="-90.00" type="DEFAULT_VEHTYPE" speed="13.31" pos="46.54" lane="3/2to2/2_0" slope="0.00"/>
        <vehicle id="15" x="365.55" y="401.65" angle="-90.00" type="DEFAULT_VEHTYPE" speed="11.71" pos="29.70" lane="2/2to1/2_0" slope="0.00"/>
        <vehicle id="16" x="101.23" y="201.65" angle="-90.00" type="DEFAULT_VEHTYPE" speed="13.43" pos="94.02" lane="1/1to0/1_0" slope="0.00"/>
        <vehicle id="17" x="601.65" y="387.91" angle="180.00" type="DEFAULT_VEHTYPE" speed="5.24" pos="183.16" lane="3/1to3/2_0" slope="0.00"/>
        <vehicle id="18" x="488.91" y="198.35" angle="90.00" type="DEFAULT_VEHTYPE" speed="13.13" pos="84.16" lane="2/1to3/1_0" slope="0.00"/>
        <vehicle id="19" x="601.65" y="354.27" angle="180.00" type="DEFAULT_VEHTYPE" speed="13.62" pos="149.52" lane="3/1to3/2_0" slope="0.00"/>
        <vehicle id="2" x="198.35" y="268.88" angle="0.00" type="DEFAULT_VEHTYPE" speed="13.06" pos="126.37" lane="1/2to1/1_0" slope="0.00"/>
        <vehicle id="20" x="401.65" y="29.42" angle="180.00" type="DEFAULT_VEHTYPE" speed="13.64" pos="29.42" lane="2/0to2/1_0" slope="0.00"/>
        <vehicle id="21" x="198.35" y="319.69" angle="0.00" type="DEFAULT_VEHTYPE" speed="13.05" pos="75.56" lane="1/2to1/1_0" slope="0.00"/>
        <vehicle id="22" x="626.47" y="201.65" angle="-90.00" type="DEFAULT_VEHTYPE" speed="11.55" pos="173.53" lane="4/1to3/1_0" slope="0.00"/>
        <vehicle id="23" x="693.37" y="198.35" angle="90.00" type="DEFAULT_VEHTYPE" speed="12.61" pos="88.62" lane="3/1to4/1_0" slope="0.00"/>
        <vehicle id="24" x="517.30" y="401.65" angle="-90.00" type="DEFAULT_VEHTYPE" speed="13.63" pos="77.95" lane="3/2to2/2_0" slope="0.00"/>
        <vehicle id="3" x="547.37" y="198.35" angle="90.00" type="DEFAULT_VEHTYPE" speed="13.85" pos="142.62" lane="2/1to3/1_0" slope="0.00"/>
        <vehicle id="4" x="601.65" y="207.87" angle="-174.71" type="DEFAULT_VEHTYPE" speed="8.02" pos="3.12" lane="3/1to3/2_0" slope="0.00"/>
        <vehicle id="5" x="398.35" y="325.44" angle="0.00" type="DEFAULT_VEHTYPE" speed="12.82" pos="69.81" lane="2/2to2/1_0" slope="0.00"/>
        <vehicle id="6" x="141.82" y="201.65" angle="-90.00" type="DEFAULT_VEHTYPE" speed="13.69" pos="53.43" lane="1/1to0/1_0" slope="0.00"/>
        <vehicle id="7" x="401.65" y="763.83" angle="180.00" type="DEFAULT_VEHTYPE" speed="13.01" pos="159.08" lane="2/3to2/4_0" slope="0.00"/>
        <vehicle id="8" x="423.49" y="198.35" angle="90.00" type="DEFAULT_VEHTYPE" speed="13.84" pos="18.74" lane="2/1to3/1_0" slope="0.00"/>
        <vehicle id="9" x="587.70" y="401.65" angle="-90.00" type="DEFAULT_VEHTYPE" speed="9.75" pos="7.55" lane="3/2to2/2_0" slope="0.00"/>
    </timestep>
    <timestep time="626.00">
        <vehicle id="0" x="737.23" y="198.35" angle="90.00" type="DEFAULT_VEHTYPE" speed="12.86" pos="132.48" lane="3/1to4/1_0" slope="0.00"/>
        <vehicle id="1" x="234.07" y="198.35" angle="90.00" type="DEFAULT_VEHTYPE" speed="12.72" pos="29.32" lane="1/1to2/1_0" slope="0.00"/>
        <vehicle id="11" x="601.65" y="252.78" angle="180.00" type="DEFAULT_VEHTYPE" speed="13.52" pos="48.03" lane="3/1to3/2_0" slope="0.00"/>
        <vehicle id="12" x="201.65" y="102.13" angle="180.00" type="DEFAULT_VEHTYPE" speed="12.87" pos="102.13" lane="1/0to1/1_0" slope="0.00"/>
        <vehicle id="14" x="535.79" y="401.65" angle="-90.00" type="DEFAULT_VEHTYPE" speed="12.92" pos="59.46" lane="3/2to2/2_0" slope="0.00"/>
        <vehicle id="15" x="352.74" y="401.65" angle="-90.00" type="DEFAULT_VEHTYPE" speed="12.80" pos="42.51" lane="2/2to1/2_0" slope="0.00"/>
        <vehicle id="16" x="87.99" y="201.65" angle="-90.00" type="DEFAULT_VEHTYPE" speed="13.24" pos="107.26" lane="1/1to0/1_0" slope="0.00"/>
        <vehicle id="17" x="601.65" y="390.48" angle="180.00" type="DEFAULT_VEHTYPE" speed="2.57" pos="185.73" lane="3/1to3/2_0" slope="0.00"/>
        <vehicle id="18" x="501.79" y="198.35" angle="90.00" type="DEFAULT_VEHTYPE" speed="12.88" pos="97.04" lane="2/1to3/1_0" slope="0.00"/>
        <vehicle id="19" x="601.65" y="366.53" angle="180.00" type="DEFAULT_VEHTYPE" speed="12.26" pos="161.78" lane="3/1to3/2_0" slope="0.00"/>
        <vehicle id="2" x="198.35" y="255.78" angle="0.00" type="DEFAULT_VEHTYPE" speed="13.10" pos="139.47" lane="1/2to1/1_0" slope="0.00"/>
        <vehicle id="20" x="401.65" y="43.13" angle="180.00" type="DEFAULT_VEHTYPE" speed="13.70" pos="43.13" lane="2/0to2/1_0" slope="0.00"/>
        <vehicle id="21" x="198.35" y="306.61" angle="0.00" type="DEFAULT_VEHTYPE" speed="13.08" pos="88.64" lane="1/2to1/1_0" slope="0.00"/>
        <vehicle id="22" x="617.85" y="201.65" angle="-90.00" type="DEFAULT_VEHTYPE" speed="8.62" pos="182.15" lane="4/1to3/1_0" slope="0.00"/>
        <vehicle id="23" x="706.90" y="198.35" angle="90.00" type="DEFAULT_VEHTYPE" speed="13.53" pos="102.15" lane="3/1to4/1_0" slope="0.00"/>
        <vehicle id="24" x="503.55" y="401.65" angle="-90.00" type="DEFAULT_VEHTYPE" speed="13.75" pos="91.70" lane="3/2to2/2_0" slope="0.00"/>
        <vehicle id="3" x="560.03" y="198.35" angle="90.00" type="DEFAULT_VEHTYPE" speed="12.66" pos="155.28" lane="2/1to3/1_0" slope="0.00"/>
        <vehicle id="4" x="601.65" y="218.28" angle="180.00" type="DEFAULT_VEHTYPE" speed="10.41" pos="13.53" lane="3/1to3/2_0" slope="0.00"/>
        <vehicle id="5" x="398.35" y="312.15" angle="0.00" type="DEFAULT_VEHTYPE" speed="13.29" pos="83.10" lane="2/2to2/1_0" slope="0.00"/>
        <vehicle id="6" x="128.49" y="201.65" angle="-90.00" type="DEFAULT_VEHTYPE" speed="13.33" pos="66.76" lane="1/1to0/1_0" slope="0.00"/>
        <vehicle id="7" x="401.65" y="776.88" angle="180.00" type="DEFAULT_VEHTYPE" speed="13.05" pos="172.13" lane="2/3to2/4_0" slope="0.00"/>
        <vehicle id="8" x="436.46" y="198.35" angle="90.00" type="DEFAULT_VEHTYPE" speed="12.97" pos="31.71" lane="2/1to3/1_0" slope="0.00"/>
        <vehicle id="9" x="576.37" y="401.65" angle="-90.00" type="DEFAULT_VEHTYPE" speed="11.33" pos="18.88" lane="3/2to2/2_0" slope="0.00"/>
    </timestep>
    <timestep time="627.00">
        <vehicle id="0" x="750.23" y="198.35" angle="90.00" type="DEFAULT_VEHTYPE" speed="13.00" pos="145.48" lane="3/1to4/1_0" slope="0.00"/>
        <vehicle id="1" x="247.52" y="198.35" angle="90.00" type="DEFAULT_VEHTYPE" speed="13.45" pos="42.77" lane="1/1to2/1_0" slope="0.00"/>
        <vehicle id="11" x="601.65" y="265.57" angle="180.00" type="DEFAULT_VEHTYPE" speed="12.79" pos="60.82" lane="3/1to3/2_0" slope="0.00"/>
        <vehicle id="12" x="201.65" y="115.63" angle="180.00" type="DEFAULT_VEHTYPE" speed="13.50" pos="115.63" lane="1/0to1/1_0" slope="0.00"/>
        <vehicle id="14" x="522.06" y="401.65" angle="-90.00" type="DEFAULT_VEHTYPE" speed="13.73" pos="73.19" lane="3/2to2/2_0" slope="0.00"/>
        <vehicle id="15" x="339.26" y="401.65" angle="-90.00" type="DEFAULT_VEHTYPE" speed="13.48" pos="55.99" lane="2/2to1/2_0" slope="0.00"/>
        <vehicle id="16" x="74.54" y="201.65" angle="-90.00" type="DEFAULT_VEHTYPE" speed="13.45" pos="120.71" lane="1/1to0/1_0" slope="0.00"/>
        <vehicle id="17" x="601.65" y="394.60" angle="180.00" type="DEFAULT_VEHTYPE" speed="4.12" pos="189.85" lane="3/1to3/2_0" slope="0.00"/>
        <vehicle id="18" x="514.71" y="198.35" angle="90.00" type="DEFAULT_VEHTYPE" speed="12.92" pos="109.96" lane="2/1to3/1_0" slope="0.00"/>
        <vehicle id="19" x="601.65" y="374.29" angle="180.00" type="DEFAULT_VEHTYPE" speed="7.76" pos="169.54" lane="3/1to3/2_0" slope="0.00"/>
        <vehicle id="2" x="198.35" y="241.94" angle="0.00" type="DEFAULT_VEHTYPE" speed="13.84" pos="153.31" lane="1/2to1/1_0" slope="0.00"/>
        <vehicle id="20" x="401.65" y="56.11" angle="180.00" type="DEFAULT_VEHTYPE" speed="12.99" pos="56.11" lane="2/0to2/1_0" slope="0.00"/>
        <vehicle id="21" x="198.35" y="293.12" angle="0.00" type="DEFAULT_VEHTYPE" speed="13.49" pos="102.13" lane="1/2to1/1_0" slope="0.00"/>
        <vehicle id="22" x="612.80" y="201.65" angle="-90.00" type="DEFAULT_VEHTYPE" speed="5.05" pos="187.20" lane="4/1to3/1_0" slope="0.00"/>
        <vehicle id="23" x="720.20" y="198.35" angle="90.00" type="DEFAULT_VEHTYPE" speed="13.30" pos="115.45" lane="3/1to4/1_0" slope="0.00"/>
        <vehicle id="24" x="489.81" y="401.65" angle="-90.00" type="DEFAULT_VEHTYPE" speed="13.74" pos="105.44" lane="3/2to2/2_0" slope="0.00"/>
        <vehicle id="3" x="573.18" y="198.35" angle="90.00" type="DEFAULT_VEHTYPE" speed="13.15" pos="168.43" lane="2/1to3/1_0" slope="0.00"/>
        <vehicle id="4" x="601.65" y="230.09" angle="180.00" type="DEFAULT_VEHTYPE" speed="11.80" pos="25.34" lane="3/1to3/2_0" slope="0.00"/>
        <vehicle id="5" x="398.35" y="298.79" angle="0.00" type="DEFAULT_VEHTYPE" speed="13.36" pos="96.46" lane="2/2to2/1_0" slope="0.00"/>
        <vehicle id="6" x="115.08" y="201.65" angle="-90.00" type="DEFAULT_VEHTYPE" speed="13.41" pos="80.17" lane="1/1to0/1_0" slope="0.00"/>
        <vehicle id="7" x="401.65" y="789.78" angle="180.00" type="DEFAULT_VEHTYPE" speed="12.90" pos="185.03" lane="2/3to2/4_0" slope="0.00"/>
        <vehicle id="8" x="449.23" y="198.35" angle="90.00" type="DEFAULT_VEHTYPE" speed="12.76" pos="44.48" lane="2/1to3/1_0" slope="0.00"/>
        <vehicle id="9" x="562.52" y="401.65" angle="-90.00" type="DEFAULT_VEHTYPE" speed="13.84" pos="32.73" lane="3/2to2/2_0" slope="0.00"/>
    </timestep>
    <timestep time="628.00">
        <vehicle id="0" x="763.42" y="198.35" angle="90.00" type="DEFAULT_VEHTYPE" speed="13.19" pos="158.67" lane="3/1to4/1_0" slope="0.00"/>
        <vehicle id="1" x="260.98" y="198.35" angle="90.00" type="DEFAULT_VEHTYPE" speed="13.46" pos="56.23" lane="1/1to2/1_0" slope="0.00"/>
        <vehicle id="11" x="601.65" y="279.02" angle="180.00" type="DEFAULT_VEHTYPE" speed="13.45" pos="74.27" lane="3/1to3/2_0" slope="0.00"/>
        <vehicle id="12" x="201.65" y="128.33" angle="180.00" type="DEFAULT_VEHTYPE" speed="12.71" pos="128.33" lane="1/0to1/1_0" slope="0.00"/>
        <vehicle id="14" x="508.30" y="401.65" angle="-90.00" type="DEFAULT_VEHTYPE" speed="13.76" pos="86.95" lane="3/2to2/2_0" slope="0.00"/>
        <vehicle id="15" x="325.83" y="401.65" angle="-90.00" type="DEFAULT_VEHTYPE" speed="13.44" pos="69.42" lane="2/2to1/2_0" slope="0.00"/>
        <vehicle id="16" x="61.36" y="201.65" angle="-90.00" type="DEFAULT_VEHTYPE" speed="13.17" pos="133.89" lane="1/1to0/1_0" slope="0.00"/>
        <vehicle id="17" x="599.31" y="400.50" angle="-152.57" type="DEFAULT_VEHTYPE" speed="6.68" pos="6.02" lane=":3/2_10_0" slope="0.00"/>
        <vehicle id="18" x="527.73" y="198.35" angle="90.00" type="DEFAULT_VEHTYPE" speed="13.03" pos="122.98" lane="2/1to3/1_0" slope="0.00"/>
        <vehicle id="19" x="601.65" y="381.27" angle="180.00" type="DEFAULT_VEHTYPE" speed="6.98" pos="176.52" lane="3/1to3/2_0" slope="0.00"/>
        <vehicle id="2" x="198.35" y="228.31" angle="0.00" type="DEFAULT_VEHTYPE" speed="13.63" pos="166.94" lane="1/2to1/1_0" slope="0.00"/>
        <vehicle id="20" x="401.65" y="68.76" angle="180.00" type="DEFAULT_VEHTYPE" speed="12.65" pos="68.76" lane="2/0to2/1_0" slope="0.00"/>
        <vehicle id="21" x="198.35" y="279.72" angle="0.00" type="DEFAULT_VEHTYPE" speed="13.40" pos="115.53" lane="1/2to1/1_0" slope="0.00"/>
        <vehicle id="22" x="610.18" y="201.65" angle="-90.00" type="DEFAULT_VEHTYPE" speed="2.62" pos="189.82" lane="4/1to3/1_0" slope="0.00"/>
        <vehicle id="23" x="733.98" y="198.35" angle="90.00" type="DEFAULT_VEHTYPE" speed="13.77" pos="129.23" lane="3/1to4/1_0" slope="0.00"/>
        <vehicle id="24" x="476.79" y="401.65" angle="-90.00" type="DEFAULT_VEHTYPE" speed="13.01" pos="118.46" lane="3/2to2/2_0" slope="0.00"/>
        <vehicle id="3" x="582.44" y="198.35" angle="90.00" type="DEFAULT_VEHTYPE" speed="9.26" pos="177.69" lane="2/1to3/1_0" slope="0.00"/>
        <vehicle id="4" x="601.65" y="243.52" angle="180.00" type="DEFAULT_VEHTYPE" speed="13.43" pos="38.77" lane="3/1to3/2_0" slope="0.00"/>
        <vehicle id="5" x="398.35" y="285.46" angle="0.00" type="DEFAULT_VEHTYPE" speed="13.34" pos="109.79" lane="2/2to2/1_0" slope="0.00"/>
        <vehicle id="6" x="101.54" y="201.65" angle="-90.00" type="DEFAULT_VEHTYPE" speed="13.54" pos="93.71" lane="1/1to0/1_0" slope="0.00"/>
        <vehicle id="7" x="399.08" y="801.10" angle="-135.39" type="DEFAULT_VEHTYPE" speed="13.72" pos="3.50" lane=":2/4_0_0" slope="0.00"/>
        <vehicle id="8" x="463.10" y="198.35" angle="90.00" type="DEFAULT_VEHTYPE" speed="13.87" pos="58.35" lane="2/1to3/1_0" slope="0.00"/>
        <vehicle id="9" x="549.77" y="401.65" angle="-90.00" type="DEFAULT_VEHTYPE" speed="12.75" pos="45.48" lane="3/2to2/2_0" slope="0.00"/>
    </timestep>
    <timestep time="629.00">
        <vehicle id="0" x="777.23" y="198.35" angle="90.00" type="DEFAULT_VEHTYPE" speed="13.81" pos="172.48" lane="3/1to4/1_0" slope="0.00"/>
        <vehicle id="1" x="274.17" y="198.35" angle="90.00" type="DEFAULT_VEHTYPE" speed="13.19" pos="69.42" lane="1/1to2/1_0" slope="0.00"/>
        <vehicle id="11" x="601.65" y="292.89" angle="180.00" type="DEFAULT_VEHTYPE" speed="13.86" pos="88.14" lane="3/1to3/2_0" slope="0.00"/>
        <vehicle id="12" x="201.65" y="141.93" angle="180.00" type="DEFAULT_VEHTYPE" speed="13.60" pos="141.93" lane="1/0to1/1_0" slope="0.00"/>
        <vehicle id="14" x="495.19" y="401.65" angle="-90.00" type="DEFAULT_VEHTYPE" speed="13.12" pos="100.06" lane="3/2to2/2_0" slope="0.00"/>
        <vehicle id="15" x="312.02" y="401.65" angle="-90.00" type="DEFAULT_VEHTYPE" speed="13.81" pos="83.23" lane="2/2to1/2_0" slope="0.00"/>
        <vehicle id="16" x="48.00" y="201.65" angle="-90.00" type="DEFAULT_VEHTYPE" speed="13.36" pos="147.25" lane="1/1to0/1_0" slope="0.00"/>
        <vehicle id="17" x="591.45" y="401.65" angle="-91.94" type="DEFAULT_VEHTYPE" speed="8.10" pos="3.80" lane="3/2to2/2_0" slope="0.00"/>
        <vehicle id="18" x="541.08" y="198.35" angle="90.00" type="DEFAULT_VEHTYPE" speed="13.34" pos="136.33" lane="2/1to3/1_0" slope="0.00"/>
        <vehicle id="19" x="601.65" y="386.80" angle="180.00" type="DEFAULT_VEHTYPE" speed="5.52" pos="182.05" lane="3/1to3/2_0" slope="0.00"/>
        <vehicle id="2" x="198.35" y="214.74" angle="0.00" type="DEFAULT_VEHTYPE" speed="13.57" pos="180.51" lane="1/2to1/1_0" slope="0.00"/>
        <vehicle id="20" x="401.65" y="82.04" angle="180.00" type="DEFAULT_VEHTYPE" speed="13.28" pos="82.04" lane="2/0to2/1_0" slope="0.00"/>
        <vehicle id="21" x="198.35" y="265.82" angle="0.00" type="DEFAULT_VEHTYPE" speed="13.90" pos="129.43" lane="1/2to1/1_0" slope="0.00"/>
        <vehicle id="22" x="605.02" y="201.65" angle="-90.00" type="DEFAULT_VEHTYPE" speed="5.16" pos="194.98" lane="4/1to3/1_0" slope="0.00"/>
        <vehicle id="23" x="747.67" y="198.35" angle="90.00" type="DEFAULT_VEHTYPE" speed="13.70" pos="142.92" lane="3/1to4/1_0" slope="0.00"/>
        <vehicle id="24" x="463.72" y="401.65" angle="-90.00" type="DEFAULT_VEHTYPE" speed="13.07" pos="131.53" lane="3/2to2/2_0" slope="0.00"/>
        <vehicle id="3" x="587.88" y="198.35" angle="90.00" type="DEFAULT_VEHTYPE" speed="5.43" pos="183.13" lane="2/1to3/1_0" slope="0.00"/>
        <vehicle id="4" x="601.65" y="256.82" angle="180.00" type="DEFAULT_VEHTYPE" speed="13.30" pos="52.07" lane="3/1to3/2_0" slope="0.00"/>
        <vehicle id="5" x="398.35" y="272.00" angle="0.00" type="DEFAULT_VEHTYPE" speed="13.45" pos="123.25" lane="2/2to2/1_0" slope="0.00"/>
        <vehicle id="6" x="88.16" y="201.65" angle="-90.00" type="DEFAULT_VEHTYPE" speed="13.39" pos="107.09" lane="1/1to0/1_0" slope="0.00"/>
        <vehicle id="7" x="398.35" y="788.09" angle="0.00" type="DEFAULT_VEHTYPE" speed="13.23" pos="11.91" lane="2/4to2/3_0" slope="0.00"/>
        <vehicle id="8" x="475.89" y="198.35" angle="90.00" type="DEFAULT_VEHTYPE" speed="12.79" pos="71.14" lane="2/1to3/1_0" slope="0.00"/>
        <vehicle id="9" x="536.81" y="401.65" angle="-90.00" type="DEFAULT_VEHTYPE" speed="12.97" pos="58.44" lane="3/2to2/2_0" slope="0.00"/>
    </timestep>
    <timestep time="630.00">
        <vehicle id="0" x="790.02" y="198.35" angle="90.00" type="DEFAULT_VEHTYPE" speed="12.80" pos="185.27" lane="3/1to4/1_0" slope="0.00"/>
        <vehicle id="1" x="287.52" y="198.35" angle="90.00" type="DEFAULT_VEHTYPE" speed="13.35" pos="82.77" lane="1/1to2/1_0" slope="0.00"/>
        <vehicle id="11" x="601.65" y="306.31" angle="180.00" type="DEFAULT_VEHTYPE" speed="13.42" pos="101.56" lane="3/1to3/2_0" slope="0.00"/>
        <vehicle id="12" x="201.65" y="155.57" angle="180.00" type="DEFAULT_VEHTYPE" speed="13.64" pos="155.57" lane="1/0to1/1_0" slope="0.00"/>
        <vehicle id="14" x="481.71" y="401.65" angle="-90.00" type="DEFAULT_VEHTYPE" speed="13.48" pos="113.54" lane="3/2to2/2_0" slope="0.00"/>
        <vehicle id="15" x="298.65" y="401.65" angle="-90.00" type="DEFAULT_VEHTYPE" speed="13.37" pos="96.60" lane="2/2to1/2_0" slope="0.00"/>
        <vehicle id="16" x="35.24" y="201.65" angle="-90.00" type="DEFAULT_VEHTYPE" speed="12.76" pos="160.01" lane="1/1to0/1_0" slope="0.00"/>
        <vehicle id="17" x="581.59" y="401.65" angle="-90.00" type="DEFAULT_VEHTYPE" speed="9.85" pos="13.66" lane="3/2to2/2_0" slope="0.00"/>
        <vehicle id="18" x="553.87" y="198.35" angle="90.00" type="DEFAULT_VEHTYPE" speed="12.79" pos="149.12" lane="2/1to3/1_0" slope="0.00"/>
        <vehicle id="19" x="601.65" y="390.79" angle="180.00" type="DEFAULT_VEHTYPE" speed="4.00" pos="186.04" lane="3/1to3/2_0" slope="0.00"/>
        <vehicle id="2" x="196.95" y="202.05" angle="-17.33" type="DEFAULT_VEHTYPE" speed="13.22" pos="3.23" lane=":1/1_0_0" slope="0.00"/>
        <vehicle id="20" x="401.65" y="95.82" angle="180.00" type="DEFAULT_VEHTYPE" speed="13.78" pos="95.82" lane="2/0to2/1_0" slope="0.00"/>
        <vehicle id="21" x="198.35" y="252.03" angle="0.00" type="DEFAULT_VEHTYPE" speed="13.79" pos="143.22" lane="1/2to1/1_0" slope="0.00"/>
        <vehicle id="22" x="601.65" y="206.96" angle="-167.71" type="DEFAULT_VEHTYPE" speed="7.48" pos="2.21" lane="3/1to3/2_0" slope="0.00"/>
        <vehicle id="23" x="760.94" y="198.35" angle="90.00" type="DEFAULT_VEHTYPE" speed="13.27" pos="156.19" lane="3/1to4/1_0" slope="0.00"/>
        <vehicle id="24" x="450.35" y="401.65" angle="-90.00" type="DEFAULT_VEHTYPE" speed="13.36" pos="144.90" lane="3/2to2/2_0" slope="0.00"/>
        <vehicle id="3" x="590.92" y="198.35" angle="90.00" type="DEFAULT_VEHTYPE" speed="3.05" pos="186.17" lane="2/1to3/1_0" slope="0.00"/>
        <vehicle id="4" x="601.65" y="269.87" angle="180.00" type="DEFAULT_VEHTYPE" speed="13.05" pos="65.12" lane="3/1to3/2_0" slope="0.00"/>
        <vehicle id="5" x="398.35" y="258.51" angle="0.00" type="DEFAULT_VEHTYPE" speed="13.50" pos="136.74" lane="2/2to2/1_0" slope="0.00"/>
        <vehicle id="6" x="75.24" y="201.65" angle="-90.00" type="DEFAULT_VEHTYPE" speed="12.92" pos="120.01" lane="1/1to0/1_0" slope="0.00"/>
        <vehicle id="7" x="398.35" y="774.80" angle="0.00" type="DEFAULT_VEHTYPE" speed="13.29" pos="25.20" lane="2/4to2/3_0" slope="0.00"/>
        <vehicle id="8" x="488.90" y="198.35" angle="90.00" type="DEFAULT_VEHTYPE" speed="13.02" pos="84.15" lane="2/1to3/1_0" slope="0.00"/>
        <vehicle id="9" x="524.21" y="401.65" angle="-90.00" type="DEFAULT_VEHTYPE" speed="12.60" pos="71.04" lane="3/2to2/2_0" slope="0.00"/>
    </timestep>
    <timestep time="631.00">
        <vehicle id="0" x="801.44" y="200.42" angle="120.11" type="DEFAULT_VEHTYPE" speed="12.86" pos="2.88" lane=":4/1_0_0" slope="0.00"/>
        <vehicle id="1" x="301.41" y="198.35" angle="90.00" type="DEFAULT_VEHTYPE" speed="13.88" pos="96.66" lane="1/1to2/1_0" slope="0.00"/>
        <vehicle id="11" x="601.65" y="319.99" angle="180.00" type="DEFAULT_VEHTYPE" speed="13.68" pos="115.24" lane="3/1to3/2_0" slope="0.00"/>
        <vehicle id="12" x="201.65" y="169.17" angle="180.00" type="DEFAULT_VEHTYPE" speed="13.60" pos="169.17" lane="1/0to1/1_0" slope="0.00"/>
        <vehicle id="14" x="468.19" y="401.65" angle="-90.00" type="DEFAULT_VEHTYPE" speed="13.53" pos="127.06" lane="3/2to2/2_0" slope="0.00"/>
        <vehicle id="15" x="285.71" y="401.65" angle="-90.00" type="DEFAULT_VEHTYPE" speed="12.94" pos="109.54" lane="2/2to1/2_0" slope="0.00"/>
        <vehicle id="16" x="21.97" y="201.65" angle="-90.00" type="DEFAULT_VEHTYPE" speed="13.27" pos="173.28" lane="1/1to0/1_0" slope="0.00"/>
        <vehicle id="17" x="570.03" y="401.65" angle="-90.00" type="DEFAULT_VEHTYPE" speed="11.56" pos="25.22" lane="3/2to2/2_0" slope="0.00"/>
        <vehicle id="18" x="565.37" y="198.35" angle="90.00" type="DEFAULT_VEHTYPE" speed="11.50" pos="160.62" lane="2/1to3/1_0" slope="0.00"/>
        <vehicle id="19" x="601.46" y="396.55" angle="-177.88" type="DEFAULT_VEHTYPE" speed="5.76" pos="1.31" lane=":3/2_10_0" slope="0.00"/>
        <vehicle id="2" x="183.92" y="201.65" angle="-90.00" type="DEFAULT_VEHTYPE" speed="13.10" pos="11.33" lane="1/1to0/1_0" slope="0.00"/>
        <vehicle id="20" x="401.65" y="108.79" angle="180.00" type="DEFAULT_VEHTYPE" speed="12.97" pos="108.79" lane="2/0to2/1_0" slope="0.00"/>
        <vehicle id="21" x="198.35" y="238.21" angle="0.00" type="DEFAULT_VEHTYPE" speed="13.82" pos="157.04" lane="1/2to1/1_0" slope="0.00"/>
        <vehicle id="22" x="601.65" y="216.05" angle="180.00" type="DEFAULT_VEHTYPE" speed="9.08" pos="11.30" lane="3/1to3/2_0" slope="0.00"/>
        <vehicle id="23" x="774.58" y="198.35" angle="90.00" type="DEFAULT_VEHTYPE" speed="13.64" pos="169.83" lane="3/1to4/1_0" slope="0.00"/>
        <vehicle id="24" x="436.96" y="401.65" angle="-90.00" type="DEFAULT_VEHTYPE" speed="13.39" pos="158.29" lane="3/2to2/2_0" slope="0.00"/>
        <vehicle id="3" x="591.73" y="198.35" angle="90.00" type="DEFAULT_VEHTYPE" speed="0.80" pos="186.98" lane="2/1to3/1_0" slope="0.00"/>
        <vehicle id="4" x="601.65" y="283.34" angle="180.00" type="DEFAULT_VEHTYPE" speed="13.47" pos="78.59" lane="3/1to3/2_0" slope="0.00"/>
        <vehicle id="5" x="398.35" y="245.14" angle="0.00" type="DEFAULT_VEHTYPE" speed="13.37" pos="150.11" lane="2/2to2/1_0" slope="0.00"/>
        <vehicle id="6" x="61.61" y="201.65" angle="-90.00" type="DEFAULT_VEHTYPE" speed="13.63" pos="133.64" lane="1/1to0/1_0" slope="0.00"/>
        <vehicle id="7" x="398.35" y="761.25" angle="0.00" type="DEFAULT_VEHTYPE" speed="13.54" pos="38.75" lane="2/4to2/3_0" slope="0.00"/>
        <vehicle id="8" x="501.70" y="198.35" angle="90.00" type="DEFAULT_VEHTYPE" speed="12.80" pos="96.95" lane="2/1to3/1_0" slope="0.00"/>
        <vehicle id="9" x="510.47" y="401.65" angle="-90.00" type="DEFAULT_VEHTYPE" speed="13.74" pos="84.78" lane="3/2to2/2_0" slope="0.00"/>
    </timestep>
    <timestep time="632.00">
        <vehicle id="0" x="788.79" y="201.65" angle="-90.00" type="DEFAULT_VEHTYPE" speed="13.15" pos="11.21" lane="4/1to3/1_0" slope="0.00"/>
        <vehicle id="1" x="314.01" y="198.35" angle="90.00" type="DEFAULT_VEHTYPE" speed="12.60" pos="109.26" lane="1/1to2/1_0" slope="0.00"/>
        <vehicle id="11" x="601.65" y="333.19" angle="180.00" type="DEFAULT_VEHTYPE" speed="13.20" pos="128.44" lane="3/1to3/2_0" slope="0.00"/>
        <vehicle id="12" x="201.65" y="182.07" angle="180.00" type="DEFAULT_VEHTYPE" speed="12.89" pos="182.07" lane="1/0to1/1_0" slope="0.00"/>
        <vehicle id="14" x="454.80" y="401.65" angle="-90.00" type="DEFAULT_VEHTYPE" speed="13.38" pos="140.45" lane="3/2to2/2_0" slope="0.00"/>
        <vehicle id="15" x="271.90" y="401.65" angle="-90.00" type="DEFAULT_VEHTYPE" speed="13.81" pos="123.35" lane="2/2to1/2_0" slope="0.00"/>
        <vehicle id="16" x="9.07" y="201.65" angle="-90.00" type="DEFAULT_VEHTYPE" speed="12.90" pos="186.18" lane="1/1to0/1_0" slope="0.00"/>
        <vehicle id="17" x="557.26" y="401.65" angle="-90.00" type="DEFAULT_VEHTYPE" speed="12.77" pos="37.99" lane="3/2to2/2_0" slope="0.00"/>
        <vehicle id="18" x="573.95" y="198.35" angle="90.00" type="DEFAULT_VEHTYPE" speed="8.57" pos="169.20" lane="2/1to3/1_0" slope="0.00"/>
        <vehicle id="19" x="596.12" y="401.53" angle="-115.95" type="DEFAULT_VEHTYPE" speed="8.13" pos="2.30" lane=":3/2_18_0" slope="0.00"/>
        <vehicle id="2" x="170.08" y="201.65" angle="-90.00" type="DEFAULT_VEHTYPE" speed="13.84" pos="25.17" lane="1/1to0/1_0" slope="0.00"/>
        <vehicle id="20" x="401.65" y="122.30" angle="180.00" type="DEFAULT_VEHTYPE" speed="13.51" pos="122.30" lane="2/0to2/1_0" slope="0.00"/>
        <vehicle id="21" x="198.35" y="224.78" angle="0.00" type="DEFAULT_VEHTYPE" speed="13.42" pos="170.47" lane="1/2to1/1_0" slope="0.00"/>
        <vehicle id="22" x="601.65" y="227.16" angle="180.00" type="DEFAULT_VEHTYPE" speed="11.11" pos="22.41" lane="3/1to3/2_0" slope="0.00"/>
        <vehicle id="23" x="787.46" y="198.35" angle="90.00" type="DEFAULT_VEHTYPE" speed="12.87" pos="182.71" lane="3/1to4/1_0" slope="0.00"/>
        <vehicle id="24" x="424.67" y="401.65" angle="-90.00" type="DEFAULT_VEHTYPE" speed="12.29" pos="170.58" lane="3/2to2/2_0" slope="0.00"/>
        <vehicle id="3" x="593.84" y="198.35" angle="90.00" type="DEFAULT_VEHTYPE" speed="2.12" pos="189.09" lane="2/1to3/1_0" slope="0.00"/>
        <vehicle id="4" x="601.65" y="295.98" angle="180.00" type="DEFAULT_VEHTYPE" speed="12.64" pos="91.23" lane="3/1to3/2_0" slope="0.00"/>
        <vehicle id="5" x="398.35" y="232.18" angle="0.00" type="DEFAULT_VEHTYPE" speed="12.96" pos="163.07" lane="2/2to2/1_0" slope="0.00"/>
        <vehicle id="6" x="48.32" y="201.65" angle="-90.00" type="DEFAULT_VEHTYPE" speed="13.29" pos="146.93" lane="1/1to0/1_0" slope="0.00"/>
        <vehicle id="7" x="398.35" y="747.76" angle="0.00" type="DEFAULT_VEHTYPE" speed="13.50" pos="52.24" lane="2/4to2/3_0" slope="0.00"/>
        <vehicle id="8" x="514.58" y="198.35" angle="90.00" type="DEFAULT_VEHTYPE" speed="12.87" pos="109.83" lane="2/1to3/1_0" slope="0.00"/>
        <vehicle id="9" x="497.39" y="401.65" angle="-90.00" type="DEFAULT_VEHTYPE" speed="13.08" pos="97.86" lane="3/2to2/2_0" slope="0.00"/>
    </timestep>
    <timestep time="633.00">
        <vehicle id="0" x="775.21" y="201.65" angle="-90.00" type="DEFAULT_VEHTYPE" speed="13.59" pos="24.79" lane="4/1to3/1_0" slope="0.00"/>
        <vehicle id="1" x="327.03" y="198.35" angle="90.00" type="DEFAULT_VEHTYPE" speed="13.02" pos="122.28" lane="1/1to2/1_0" slope="0.00"/>
        <vehicle id="11" x="601.65" y="346.68" angle="180.00" type="DEFAULT_VEHTYPE" speed="13.49" pos="141.93" lane="3/1to3/2_0" slope="0.00"/>
        <vehicle id="12" x="201.65" y="194.90" angle="180.00" type="DEFAULT_VEHTYPE" speed="12.83" pos="194.90" lane="1/0to1/1_0" slope="0.00"/>
        <vehicle id="14" x="442.14" y="401.65" angle="-90.00" type="DEFAULT_VEHTYPE" speed="12.66" pos="153.11" lane="3/2to2/2_0" slope="0.00"/>
        <vehicle id="15" x="259.26" y="401.65" angle="-90.00" type="DEFAULT_VEHTYPE" speed="12.64" pos="135.99" lane="2/2to1/2_0" slope="0.00"/>
        <vehicle id="16" x="-0.06" y="198.39" angle="-5.49" type="DEFAULT_VEHTYPE" speed="13.82" pos="4.75" lane=":0/1_0_0" slope="0.00"/>
        <vehicle id="17" x="544.08" y="401.65" angle="-90.00" type="DEFAULT_VEHTYPE" speed="13.18" pos="51.17" lane="3/2to2/2_0" slope="0.00"/>
        <vehicle id="18" x="580.90" y="198.35" angle="90.00" type="DEFAULT_VEHTYPE" speed="6.95" pos="176.15" lane="2/1to3/1_0" slope="0.00"/>
        <vehicle id="19" x="585.88" y="401.65" angle="-90.00" type="DEFAULT_VEHTYPE" speed="10.25" pos="9.37" lane="3/2to2/2_0" slope="0.00"/>
        <vehicle id="2" x="156.42" y="201.65" angle="-90.00" type="DEFAULT_VEHTYPE" speed="13.66" pos="38.83" lane="1/1to0/1_0" slope="0.00"/>
        <vehicle id="20" x="401.65" y="135.77" angle="180.00" type="DEFAULT_VEHTYPE" speed="13.48" pos="135.77" lane="2/0to2/1_0" slope="0.00"/>
        <vehicle id="21" x="198.35" y="211.12" angle="0.00" type="DEFAULT_VEHTYPE" speed="13.66" pos="184.13" lane="1/2to1/1_0" slope="0.00"/>
        <vehicle id="22" x="601.65" y="240.46" angle="180.00" type="DEFAULT_VEHTYPE" speed="13.30" pos="35.71" lane="3/1to3/2_0" slope="0.00"/>
        <vehicle id="23" x="800.39" y="198.61" angle="93.01" type="DEFAULT_VEHTYPE" speed="13.01" pos="0.47" lane=":4/1_0_0" slope="0.00"/>
        <vehicle id="24" x="415.87" y="401.65" angle="-90.00" type="DEFAULT_VEHTYPE" speed="8.80" pos="179.38" lane="3/2to2/2_0" slope="0.00"/>
        <vehicle id="3" x="597.61" y="198.69" angle="93.88" type="DEFAULT_VEHTYPE" speed="3.79" pos="2.39" lane=":3/1_14_0" slope="0.00"/>
        <vehicle id="4" x="601.65" y="309.42" angle="180.00" type="DEFAULT_VEHTYPE" speed="13.44" pos="104.67" lane="3/1to3/2_0" slope="0.00"/>
        <vehicle id="5" x="398.35" y="218.91" angle="0.00" type="DEFAULT_VEHTYPE" speed="13.28" pos="176.34" lane="2/2to2/1_0" slope="0.00"/>
        <vehicle id="6" x="34.56" y="201.65" angle="-90.00" type="DEFAULT_VEHTYPE" speed="13.76" pos="160.69" lane="1/1to0/1_0" slope="0.00"/>
        <vehicle id="7" x="398.35" y="734.28" angle="0.00" type="DEFAULT_VEHTYPE" speed="13.47" pos="65.72" lane="2/4to2/3_0" slope="0.00"/>
        <vehicle id="8" x="527.34" y="198.35" angle="90.00" type="DEFAULT_VEHTYPE" speed="12.76" pos="122.59" lane="2/1to3/1_0" slope="0.00"/>
        <vehicle id="9" x="483.98" y="401.65" angle="-90.00" type="DEFAULT_VEHTYPE" speed="13.41" pos="111.27" lane="3/2to2/2_0" slope="0.00"/>
    </timestep>
    <timestep time="634.00">
        <vehicle id="0" x="761.63" y="201.65" angle="-90.00" type="DEFAULT_VEHTYPE" speed="13.57" pos="38.37" lane="4/1to3/1_0" slope="0.00"/>
        <vehicle id="1" x="339.90" y="198.35" angle="90.00" type="DEFAULT_VEHTYPE" speed="12.88" pos="135.15" lane="1/1to2/1_0" slope="0.00"/>
        <vehicle id="11" x="601.65" y="360.17" angle="180.00" type="DEFAULT_VEHTYPE" speed="13.48" pos="155.42" lane="3/1to3/2_0" slope="0.00"/>
        <vehicle id="12" x="212.70" y="198.35" angle="90.00" type="DEFAULT_VEHTYPE" speed="13.31" pos="7.95" lane="1/1to2/1_0" slope="0.00"/>
        <vehicle id="14" x="431.23" y="401.65" angle="-90.00" type="DEFAULT_VEHTYPE" speed="10.91" pos="164.02" lane="3/2to2/2_0" slope="0.00"/>
        <vehicle id="15" x="246.21" y="401.65" angle="-90.00" type="DEFAULT_VEHTYPE" speed="13.05" pos="149.04" lane="2/2to1/2_0" slope="0.00"/>
        <vehicle id="16" x="12.61" y="198.35" angle="90.00" type="DEFAULT_VEHTYPE" speed="12.69" pos="12.61" lane="0/1to1/1_0" slope="0.00"/>
        <vehicle id="17" x="531.33" y="401.65" angle="-90.00" type="DEFAULT_VEHTYPE" speed="12.75" pos="63.92" lane="3/2to2/2_0" slope="0.00"/>
        <vehicle id="18" x="585.43" y="198.35" angle="90.00" type="DEFAULT_VEHTYPE" speed="4.53" pos="180.68" lane="2/1to3/1_0" slope="0.00"/>
        <vehicle id="19" x="573.36" y="401.65" angle="-90.00" type="DEFAULT_VEHTYPE" speed="12.52" pos="21.89" lane="3/2to2/2_0" slope="0.00"/>
        <vehicle id="2" x="142.71" y="201.65" angle="-90.00" type="DEFAULT_VEHTYPE" speed="13.71" pos="52.54" lane="1/1to0/1_0" slope="0.00"/>
        <vehicle id="20" x="401.65" y="148.88" angle="180.00" type="DEFAULT_VEHTYPE" speed="13.11" pos="148.88" lane="2/0to2/1_0" slope="0.00"/>
        <vehicle id="21" x="193.38" y="201.65" angle="-73.76" type="DEFAULT_VEHTYPE" speed="13.24" pos="1.87" lane="1/1to0/1_0" slope="0.00"/>
        <vehicle id="22" x="601.65" y="253.84" angle="180.00" type="DEFAULT_VEHTYPE" speed="13.38" pos="49.09" lane="3/1to3/2_0" slope="0.00"/>
        <vehicle id="23" x="791.58" y="201.65" angle="-90.00" type="DEFAULT_VEHTYPE" speed="12.77" pos="8.42" lane="4/1to3/1_0" slope="0.00"/>
        <vehicle id="24" x="410.65" y="401.65" angle="-90.00" type="DEFAULT_VEHTYPE" speed="5.22" pos="184.60" lane="3/2to2/2_0" slope="0.00"/>
        <vehicle id="3" x="601.38" y="202.87" angle="143.49" type="DEFAULT_VEHTYPE" speed="6.04" pos="8.42" lane=":3/1_14_0" slope="0.00"/>
        <vehicle id="4" x="601.65" y="322.09" angle="180.00" type="DEFAULT_VEHTYPE" speed="12.67" pos="117.34" lane="3/1to3/2_0" slope="0.00"/>
        <vehicle id="5" x="398.35" y="205.75" angle="0.00" type="DEFAULT_VEHTYPE" speed="13.15" pos="189.50" lane="2/2to2/1_0" slope="0.00"/>
        <vehicle id="6" x="21.55" y="201.65" angle="-90.00" type="DEFAULT_VEHTYPE" speed="13.01" pos="173.70" lane="1/1to0/1_0" slope="0.00"/>
        <vehicle id="7" x="398.35" y="720.84" angle="0.00" type="DEFAULT_VEHTYPE" speed="13.44" pos="79.16" lane="2/4to2/3_0" slope="0.00"/>
        <vehicle id="8" x="540.04" y="198.35" angle="90.00" type="DEFAULT_VEHTYPE" speed="12.70" pos="135.29" lane="2/1to3/1_0" slope="0.00"/>
        <vehicle id="9" x="470.52" y="401.65" angle="-90.00" type="DEFAULT_VEHTYPE" speed="13.46" pos="124.73" lane="3/2to2/2_0" slope="0.00"/>
    </timestep>
    <timestep time="635.00">
        <vehicle id="0" x="747.86" y="201.65" angle="-90.00" type="DEFAULT_VEHTYPE" speed="13.77" pos="52.14" lane="4/1to3/1_0" slope="0.00"/>
        <vehicle id="1" x="352.66" y="198.35" angle="90.00" type="DEFAULT_VEHTYPE" speed="12.75" pos="147.91" lane="1/1to2/1_0" slope="0.00"/>
        <vehicle id="11" x="601.65" y="373.04" angle="180.00" type="DEFAULT_VEHTYPE" speed="12.87" pos="168.29" lane="3/1to3/2_0" slope="0.00"/>
        <vehicle id="12" x="225.72" y="198.35" angle="90.00" type="DEFAULT_VEHTYPE" speed="13.02" pos="20.97" lane="1/1to2/1_0" slope="0.00"/>
        <vehicle id="14" x="423.11" y="401.65" angle="-90.00" type="DEFAULT_VEHTYPE" speed="8.12" pos="172.14" lane="3/2to2/2_0" slope="0.00"/>
        <vehicle id="15" x="233.02" y="401.65" angle="-90.00" type="DEFAULT_VEHTYPE" speed="13.19" pos="162.23" lane="2/2to1/2_0" slope="0.00"/>
        <vehicle id="16" x="26.42" y="198.35" angle="90.00" type="DEFAULT_VEHTYPE" speed="13.81" pos="26.42" lane="0/1to1/1_0" slope="0.00"/>
        <vehicle id="17" x="518.10" y="401.65" angle="-90.00" type="DEFAULT_VEHTYPE" speed="13.23" pos="77.15" lane="3/2to2/2_0" slope="0.00"/>
        <vehicle id="18" x="589.99" y="198.35" angle="90.00" type="DEFAULT_VEHTYPE" speed="4.56" pos="185.24" lane="2/1to3/1_0" slope="0.00"/>
        <vehicle id="19" x="559.63" y="401.65" angle="-90.00" type="DEFAULT_VEHTYPE" speed="13.73" pos="35.62" lane="3/2to2/2_0" slope="0.00"/>
        <vehicle id="2" x="130.00" y="201.65" angle="-90.00" type="DEFAULT_VEHTYPE" speed="12.71" pos="65.25" lane="1/1to0/1_0" slope="0.00"/>
        <vehicle id="20" x="401.65" y="162.32" angle="180.00" type="DEFAULT_VEHTYPE" speed="13.43" pos="162.32" lane="2/0to2/1_0" slope="0.00"/>
        <vehicle id="21" x="180.41" y="201.65" angle="-90.00" type="DEFAULT_VEHTYPE" speed="12.98" pos="14.84" lane="1/1to0/1_0" slope="0.00"/>
        <vehicle id="22" x="601.65" y="267.63" angle="180.00" type="DEFAULT_VEHTYPE" speed="13.79" pos="62.88" lane="3/1to3/2_0" slope="0.00"/>
        <vehicle id="23" x="778.38" y="201.65" angle="-90.00" type="DEFAULT_VEHTYPE" speed="13.20" pos="21.62" lane="4/1to3/1_0" slope="0.00"/>
        <vehicle id="24" x="403.05" y="401.41" angle="-87.21" type="DEFAULT_VEHTYPE" speed="7.62" pos="1.72" lane=":2/2_6_0" slope="0.00"/>
        <vehicle id="3" x="601.65" y="210.65" angle="180.00" type="DEFAULT_VEHTYPE" speed="7.80" pos="5.90" lane="3/1to3/2_0" slope="0.00"/>
        <vehicle id="4" x="601.65" y="335.77" angle="180.00" type="DEFAULT_VEHTYPE" speed="13.68" pos="131.02" lane="3/1to3/2_0" slope="0.00"/>
        <vehicle id="5" x="387.57" y="201.65" angle="-90.00" type="DEFAULT_VEHTYPE" speed="13.68" pos="7.68" lane="2/1to1/1_0" slope="0.00"/>
        <vehicle id="6" x="8.28" y="201.65" angle="-90.00" type="DEFAULT_VEHTYPE" speed="13.27" pos="186.97" lane="1/1to0/1_0" slope="0.00"/>
        <vehicle id="7" x="398.35" y="708.15" angle="0.00" type="DEFAULT_VEHTYPE" speed="12.69" pos="91.85" lane="2/4to2/3_0" slope="0.00"/>
        <vehicle id="8" x="553.55" y="198.35" angle="90.00" type="DEFAULT_VEHTYPE" speed="13.51" pos="148.80" lane="2/1to3/1_0" slope="0.00"/>
        <vehicle id="9" x="457.37" y="401.65" angle="-90.00" type="DEFAULT_VEHTYPE" speed="13.15" pos="137.88" lane="3/2to2/2_0" slope="0.00"/>
    </timestep>
    <timestep time="636.00">
        <vehicle id="0" x="734.51" y="201.65" angle="-90.00" type="DEFAULT_VEHTYPE" speed="13.36" pos="65.49" lane="4/1to3/1_0" slope="0.00"/>
        <vehicle id="1" x="366.27" y="198.35" angle="90.00" type="DEFAULT_VEHTYPE" speed="13.61" pos="161.52" lane="1/1to2/1_0" slope="0.00"/>
        <vehicle id="11" x="601.65" y="382.59" angle="180.00" type="DEFAULT_VEHTYPE" speed="9.56" pos="177.84" lane="3/1to3/2_0" slope="0.00"/>
        <vehicle id="12" x="239.28" y="198.35" angle="90.00" type="DEFAULT_VEHTYPE" speed="13.56" pos="34.53" lane="1/1to2/1_0" slope="0.00"/>
        <vehicle id="14" x="415.42" y="401.65" angle="-90.00" type="DEFAULT_VEHTYPE" speed="7.69" pos="179.83" lane="3/2to2/2_0" slope="0.00"/>
        <vehicle id="15" x="222.77" y="401.65" angle="-90.00" type="DEFAULT_VEHTYPE" speed="10.25" pos="172.48" lane="2/2to1/2_0" slope="0.00"/>
        <vehicle id="16" x="39.21" y="198.35" angle="90.00" type="DEFAULT_VEHTYPE" speed="12.79" pos="39.21" lane="0/1to1/1_0" slope="0.00"/>
        <vehicle id="17" x="504.23" y="401.65" angle="-90.00" type="DEFAULT_VEHTYPE" speed="13.88" pos="91.02" lane="3/2to2/2_0" slope="0.00"/>
        <vehicle id="18" x="595.93" y="198.35" angle="90.00" type="DEFAULT_VEHTYPE" speed="5.94" pos="0.68" lane=":3/1_13_0" slope="0.00"/>
        <vehicle id="19" x="546.47" y="401.65" angle="-90.00" type="DEFAULT_VEHTYPE" speed="13.16" pos="48.78" lane="3/2to2/2_0" slope="0.00"/>
        <vehicle id="2" x="116.10" y="201.65" angle="-90.00" type="DEFAULT_VEHTYPE" speed="13.90" pos="79.15" lane="1/1to0/1_0" slope="0.00"/>
        <vehicle id="20" x="401.65" y="175.22" angle="180.00" type="DEFAULT_VEHTYPE" speed="12.91" pos="175.22" lane="2/0to2/1_0" slope="0.00"/>
        <vehicle id="21" x="166.78" y="201.65" angle="-90.00" type="DEFAULT_VEHTYPE" speed="13.63" pos="28.47" lane="1/1to0/1_0" slope="0.00"/>
        <vehicle id="22" x="601.65" y="280.88" angle="180.00" type="DEFAULT_VEHTYPE" speed="13.25" pos="76.13" lane="3/1to3/2_0" slope="0.00"/>
        <vehicle id="23" x="765.12" y="201.65" angle="-90.00" type="DEFAULT_VEHTYPE" speed="13.27" pos="34.88" lane="4/1to3/1_0" slope="0.00"/>
        <vehicle id="24" x="398.35" y="394.21" angle="-11.56" type="DEFAULT_VEHTYPE" speed="9.64" pos="1.04" lane="2/2to2/1_0" slope="0.00"/>
        <vehicle id="3" x="601.65" y="220.50" angle="180.00" type="DEFAULT_VEHTYPE" speed="9.85" pos="15.75" lane="3/1to3/2_0" slope="0.00"/>
        <vehicle id="4" x="601.65" y="349.39" angle="180.00" type="DEFAULT_VEHTYPE" speed="13.62" pos="144.64" lane="3/1to3/2_0" slope="0.00"/>
        <vehicle id="5" x="373.75" y="201.65" angle="-90.00" type="DEFAULT_VEHTYPE" speed="13.81" pos="21.50" lane="2/1to1/1_0" slope="0.00"/>
        <vehicle id="6" x="-0.06" y="198.39" angle="-5.39" type="DEFAULT_VEHTYPE" speed="13.03" pos="4.75" lane=":0/1_0_0" slope="0.00"/>
        <vehicle id="7" x="398.35" y="695.30" angle="0.00" type="DEFAULT_VEHTYPE" speed="12.85" pos="104.70" lane="2/4to2/3_0" slope="0.00"/>
        <vehicle id="8" x="567.18" y="198.35" angle="90.00" type="DEFAULT_VEHTYPE" speed="13.63" pos="162.43" lane="2/1to3/1_0" slope="0.00"/>
        <vehicle id="9" x="443.71" y="401.65" angle="-90.00" type="DEFAULT_VEHTYPE" speed="13.67" pos="151.54" lane="3/2to2/2_0" slope="0.00"/>
    </timestep>
    <timestep time="637.00">
        <vehicle id="0" x="721.39" y="201.65" angle="-90.00" type="DEFAULT_VEHTYPE" speed="13.11" pos="78.61" lane="4/1to3/1_0" slope="0.00"/>
        <vehicle id="1" x="377.65" y="198.35" angle="90.00" type="DEFAULT_VEHTYPE" speed="11.38" pos="172.90" lane="1/1to2/1_0" slope="0.00"/>
        <vehicle id="11" x="601.65" y="388.04" angle="180.00" type="DEFAULT_VEHTYPE" speed="5.45" pos="183.29" lane="3/1to3/2_0" slope="0.00"/>
        <vehicle id="12" x="253.02" y="198.35" angle="90.00" type="DEFAULT_VEHTYPE" speed="13.74" pos="48.27" lane="1/1to2/1_0" slope="0.00"/>
        <vehicle id="14" x="410.61" y="401.65" angle="-90.00" type="DEFAULT_VEHTYPE" speed="4.81" pos="184.64" lane="3/2to2/2_0" slope="0.00"/>
        <vehicle id="15" x="215.76" y="401.65" angle="-90.00" type="DEFAULT_VEHTYPE" speed="7.02" pos="179.49" lane="2/2to1/2_0" slope="0.00"/>
        <vehicle id="16" x="52.03" y="198.35" angle="90.00" type="DEFAULT_VEHTYPE" speed="12.82" pos="52.03" lane="0/1to1/1_0" slope="0.00"/>
        <vehicle id="17" x="490.93" y="401.65" angle="-90.00" type="DEFAULT_VEHTYPE" speed="13.30" pos="104.32" lane="3/2to2/2_0" slope="0.00"/>
        <vehicle id="18" x="603.60" y="198.35" angle="90.00" type="DEFAULT_VEHTYPE" speed="7.67" pos="8.35" lane=":3/1_13_0" slope="0.00"/>
        <vehicle id="19" x="533.14" y="401.65" angle="-90.00" type="DEFAULT_VEHTYPE" speed="13.32" pos="62.11" lane="3/2to2/2_0" slope="0.00"/>
        <vehicle id="2" x="102.59" y="201.65" angle="-90.00" type="DEFAULT_VEHTYPE" speed="13.52" pos="92.66" lane="1/1to0/1_0" slope="0.00"/>
        <vehicle id="20" x="401.65" y="188.92" angle="180.00" type="DEFAULT_VEHTYPE" speed="13.70" pos="188.92" lane="2/0to2/1_0" slope="0.00"/>
        <vehicle id="21" x="153.34" y="201.65" angle="-90.00" type="DEFAULT_VEHTYPE" speed="13.44" pos="41.91" lane="1/1to0/1_0" slope="0.00"/>
        <vehicle id="22" x="601.65" y="293.57" angle="180.00" type="DEFAULT_VEHTYPE" speed="12.70" pos="88.82" lane="3/1to3/2_0" slope="0.00"/>
        <vehicle id="23" x="752.15" y="201.65" angle="-90.00" type="DEFAULT_VEHTYPE" speed="12.97" pos="47.85" lane="4/1to3/1_0" slope="0.00"/>
        <vehicle id="24" x="398.35" y="382.60" angle="0.00" type="DEFAULT_VEHTYPE" speed="11.61" pos="12.65" lane="2/2to2/1_0" slope="0.00"/>
        <vehicle id="3" x="601.65" y="231.99" angle="180.00" type="DEFAULT_VEHTYPE" speed="11.50" pos="27.24" lane="3/1to3/2_0" slope="0.00"/>
        <vehicle id="4" x="601.65" y="363.15" angle="180.00" type="DEFAULT_VEHTYPE" speed="13.76" pos="158.40" lane="3/1to3/2_0" slope="0.00"/>
        <vehicle id="5" x="360.53" y="201.65" angle="-90.00" type="DEFAULT_VEHTYPE" speed="13.23" pos="34.72" lane="2/1to1/1_0" slope="0.00"/>
        <vehicle id="6" x="13.10" y="198.35" angle="90.00" type="DEFAULT_VEHTYPE" speed="13.17" pos="13.10" lane="0/1to1/1_0" slope="0.00"/>
        <vehicle id="7" x="398.35" y="682.08" angle="0.00" type="DEFAULT_VEHTYPE" speed="13.22" pos="117.92" lane="2/4to2/3_0" slope="0.00"/>
        <vehicle id="8" x="577.35" y="198.35" angle="90.00" type="DEFAULT_VEHTYPE" speed="10.17" pos="172.60" lane="2/1to3/1_0" slope="0.00"/>
        <vehicle id="9" x="431.57" y="401.65" angle="-90.00" type="DEFAULT_VEHTYPE" speed="12.14" pos="163.68" lane="3/2to2/2_0" slope="0.00"/>
    </timestep>
    <timestep time="638.00">
        <vehicle id="0" x="707.60" y="201.65" angle="-90.00" type="DEFAULT_VEHTYPE" speed="13.79" pos="92.40" lane="4/1to3/1_0" slope="0.00"/>
        <vehicle id="1" x="384.72" y="198.35" angle="90.00" type="DEFAULT_VEHTYPE" speed="7.07" pos="179.97" lane="1/1to2/1_0" slope="0.00"/>
        <vehicle id="11" x="601.65" y="390.23" angle="180.00" type="DEFAULT_VEHTYPE" speed="2.19" pos="185.48" lane="3/1to3/2_0" slope="0.00"/>
        <vehicle id="12" x="265.88" y="198.35" angle="90.00" type="DEFAULT_VEHTYPE" speed="12.86" pos="61.13" lane="1/1to2/1_0" slope="0.00"/>
        <vehicle id="14" x="403.25" y="401.44" angle="-87.53" type="DEFAULT_VEHTYPE" speed="7.38" pos="1.52" lane=":2/2_6_0" slope="0.00"/>
        <vehicle id="15" x="210.72" y="401.65" angle="-90.00" type="DEFAULT_VEHTYPE" speed="5.03" pos="184.53" lane="2/2to1/2_0" slope="0.00"/>
        <vehicle id="16" x="65.37" y="198.35" angle="90.00" type="DEFAULT_VEHTYPE" speed="13.35" pos="65.37" lane="0/1to1/1_0" slope="0.00"/>
        <vehicle id="17" x="477.58" y="401.65" angle="-90.00" type="DEFAULT_VEHTYPE" speed="13.34" pos="117.67" lane="3/2to2/2_0" slope="0.00"/>
        <vehicle id="18" x="613.36" y="198.35" angle="90.00" type="DEFAULT_VEHTYPE" speed="9.76" pos="8.61" lane="3/1to4/1_0" slope="0.00"/>
        <vehicle id="19" x="519.95" y="401.65" angle="-90.00" type="DEFAULT_VEHTYPE" speed="13.19" pos="75.30" lane="3/2to2/2_0" slope="0.00"/>
        <vehicle id="2" x="88.75" y="201.65" angle="-90.00" type="DEFAULT_VEHTYPE" speed="13.84" pos="106.50" lane="1/1to0/1_0" slope="0.00"/>
        <vehicle id="20" x="406.55" y="198.35" angle="107.05" type="DEFAULT_VEHTYPE" speed="13.12" pos="1.80" lane="2/1to3/1_0" slope="0.00"/>
        <vehicle id="21" x="139.57" y="201.65" angle="-90.00" type="DEFAULT_VEHTYPE" speed="13.76" pos="55.68" lane="1/1to0/1_0" slope="0.00"/>
        <vehicle id="22" x="601.65" y="306.26" angle="180.00" type="DEFAULT_VEHTYPE" speed="12.69" pos="101.51" lane="3/1to3/2_0" slope="0.00"/>
        <vehicle id="23" x="738.39" y="201.65" angle="-90.00" type="DEFAULT_VEHTYPE" speed="13.76" pos="61.61" lane="4/1to3/1_0" slope="0.00"/>
        <vehicle id="24" x="398.35" y="369.48" angle="0.00" type="DEFAULT_VEHTYPE" speed="13.12" pos="25.77" lane="2/2to2/1_0" slope="0.00"/>
        <vehicle id="3" x="601.65" y="245.05" angle="180.00" type="DEFAULT_VEHTYPE" speed="13.05" pos="40.30" lane="3/1to3/2_0" slope="0.00"/>
        <vehicle id="4" x="601.65" y="373.03" angle="180.00" type="DEFAULT_VEHTYPE" speed="9.88" pos="168.28" lane="3/1to3/2_0" slope="0.00"/>
        <vehicle id="5" x="346.68" y="201.65" angle="-90.00" type="DEFAULT_VEHTYPE" speed="13.85" pos="48.57" lane="2/1to1/1_0" slope="0.00"/>
        <vehicle id="6" x="26.52" y="198.35" angle="90.00" type="DEFAULT_VEHTYPE" speed="13.43" pos="26.52" lane="0/1to1/1_0" slope="0.00"/>
        <vehicle id="7" x="398.35" y="669.13" angle="0.00" type="DEFAULT_VEHTYPE" speed="12.95" pos="130.87" lane="2/4to2/3_0" slope="0.00"/>
        <vehicle id="8" x="584.77" y="198.35" angle="90.00" type="DEFAULT_VEHTYPE" speed="7.42" pos="180.02" lane="2/1to3/1_0" slope="0.00"/>
        <vehicle id="9" x="423.38" y="401.65" angle="-90.00" type="DEFAULT_VEHTYPE" speed="8.19" pos="171.87" lane="3/2to2/2_0" slope="0.00"/>
    </timestep>
    <timestep time="639.00">
        <vehicle id="0" x="694.94" y="201.65" angle="-90.00" type="DEFAULT_VEHTYPE" speed="12.66" pos="105.06" lane="4/1to3/1_0" slope="0.00"/>
        <vehicle id="1" x="389.58" y="198.35" angle="90.00" type="DEFAULT_VEHTYPE" speed="4.86" pos="184.83" lane="1/1to2/1_0" slope="0.00"/>
        <vehicle id="11" x="601.65" y="394.85" angle="180.00" type="DEFAULT_VEHTYPE" speed="4.62" pos="190.10" lane="3/1to3/2_0" slope="0.00"/>
        <vehicle id="12" x="279.60" y="198.35" angle="90.00" type="DEFAULT_VEHTYPE" speed="13.73" pos="74.85" lane="1/1to2/1_0" slope="0.00"/>
        <vehicle id="14" x="398.35" y="395.17" angle="-17.52" type="DEFAULT_VEHTYPE" speed="8.88" pos="0.08" lane="2/2to2/1_0" slope="0.00"/>
        <vehicle id="15" x="204.08" y="401.55" angle="-88.90" type="DEFAULT_VEHTYPE" speed="6.65" pos="0.68" lane=":1/2_6_0" slope="0.00"/>
        <vehicle id="16" x="79.26" y="198.35" angle="90.00" type="DEFAULT_VEHTYPE" speed="13.89" pos="79.26" lane="0/1to1/1_0" slope="0.00"/>
        <vehicle id="17" x="464.76" y="401.65" angle="-90.00" type="DEFAULT_VEHTYPE" speed="12.83" pos="130.49" lane="3/2to2/2_0" slope="0.00"/>
        <vehicle id="18" x="625.71" y="198.35" angle="90.00" type="DEFAULT_VEHTYPE" speed="12.34" pos="20.96" lane="3/1to4/1_0" slope="0.00"/>
        <vehicle id="19" x="506.93" y="401.65" angle="-90.00" type="DEFAULT_VEHTYPE" speed="13.02" pos="88.32" lane="3/2to2/2_0" slope="0.00"/>
        <vehicle id="2" x="76.05" y="201.65" angle="-90.00" type="DEFAULT_VEHTYPE" speed="12.70" pos="119.20" lane="1/1to0/1_0" slope="0.00"/>
        <vehicle id="20" x="419.99" y="198.35" angle="90.00" type="DEFAULT_VEHTYPE" speed="13.44" pos="15.24" lane="2/1to3/1_0" slope="0.00"/>
        <vehicle id="21" x="125.79" y="201.65" angle="-90.00" type="DEFAULT_VEHTYPE" speed="13.78" pos="69.46" lane="1/1to0/1_0" slope="0.00"/>
        <vehicle id="22" x="601.65" y="319.29" angle="180.00" type="DEFAULT_VEHTYPE" speed="13.03" pos="114.54" lane="3/1to3/2_0" slope="0.00"/>
        <vehicle id="23" x="725.64" y="201.65" angle="-90.00" type="DEFAULT_VEHTYPE" speed="12.75" pos="74.36" lane="4/1to3/1_0" slope="0.00"/>
        <vehicle id="24" x="398.35" y="356.56" angle="0.00" type="DEFAULT_VEHTYPE" speed="12.92" pos="38.69" lane="2/2to2/1_0" slope="0.00"/>
        <vehicle id="3" x="601.65" y="257.79" angle="180.00" type="DEFAULT_VEHTYPE" speed="12.74" pos="53.04" lane="3/1to3/2_0" slope="0.00"/>
        <vehicle id="4" x="601.65" y="378.46" angle="180.00" type="DEFAULT_VEHTYPE" speed="5.44" pos="173.71" lane="3/1to3/2_0" slope="0.00"/>
        <vehicle id="5" x="333.43" y="201.65" angle="-90.00" type="DEFAULT_VEHTYPE" speed="13.26" pos="61.82" lane="2/1to1/1_0" slope="0.00"/>
        <vehicle id="6" x="39.69" y="198.35" angle="90.00" type="DEFAULT_VEHTYPE" speed="13.16" pos="39.69" lane="0/1to1/1_0" slope="0.00"/>
        <vehicle id="7" x="398.35" y="655.31" angle="0.00" type="DEFAULT_VEHTYPE" speed="13.82" pos="144.69" lane="2/4to2/3_0" slope="0.00"/>
        <vehicle id="8" x="589.60" y="198.35" angle="90.00" type="DEFAULT_VEHTYPE" speed="4.82" pos="184.85" lane="2/1to3/1_0" slope="0.00"/>
        <vehicle id="9" x="415.10" y="401.65" angle="-90.00" type="DEFAULT_VEHTYPE" speed="8.28" pos="180.15" lane="3/2to2/2_0" slope="0.00"/>
    </timestep>
    <timestep time="640.00">
        <vehicle id="0" x="681.33" y="201.65" angle="-90.00" type="DEFAULT_VEHTYPE" speed="13.60" pos="118.67" lane="4/1to3/1_0" slope="0.00"/>
        <vehicle id="1" x="396.71" y="198.35" angle="90.00" type="DEFAULT_VEHTYPE" speed="7.13" pos="1.46" lane=":2/1_13_0" slope="0.00"/>
        <vehicle id="11" x="599.13" y="400.60" angle="-150.45" type="DEFAULT_VEHTYPE" speed="6.63" pos="6.23" lane=":3/2_10_0" slope="0.00"/>
        <vehicle id="12" x="292.63" y="198.35" angle="90.00" type="DEFAULT_VEHTYPE" speed="13.03" pos="87.88" lane="1/1to2/1_0" slope="0.00"/>
        <vehicle id="14" x="398.35" y="383.99" angle="0.00" type="DEFAULT_VEHTYPE" speed="11.18" pos="11.26" lane="2/2to2/1_0" slope="0.00"/>
        <vehicle id="15" x="198.46" y="396.00" angle="-24.70" type="DEFAULT_VEHTYPE" speed="8.89" pos="9.56" lane=":1/2_6_0" slope="0.00"/>
        <vehicle id="16" x="92.73" y="198.35" angle="90.00" type="DEFAULT_VEHTYPE" speed="13.47" pos="92.73" lane="0/1to1/1_0" slope="0.00"/>
        <vehicle id="17" x="451.02" y="401.65" angle="-90.00" type="DEFAULT_VEHTYPE" speed="13.74" pos="144.23" lane="3/2to2/2_0" slope="0.00"/>
        <vehicle id="18" x="639.50" y="198.35" angle="90.00" type="DEFAULT_VEHTYPE" speed="13.80" pos="34.75" lane="3/1to4/1_0" slope="0.00"/>
        <vehicle id="19" x="493.53" y="401.65" angle="-90.00" type="DEFAULT_VEHTYPE" speed="13.40" pos="101.72" lane="3/2to2/2_0" slope="0.00"/>
        <vehicle id="2" x="63.23" y="201.65" angle="-90.00" type="DEFAULT_VEHTYPE" speed="12.82" pos="132.02" lane="1/1to0/1_0" slope="0.00"/>
        <vehicle id="20" x="433.65" y="198.35" angle="90.00" type="DEFAULT_VEHTYPE" speed="13.66" pos="28.90" lane="2/1to3/1_0" slope="0.00"/>
        <vehicle id="21" x="112.24" y="201.65" angle="-90.00" type="DEFAULT_VEHTYPE" speed="13.56" pos="83.01" lane="1/1to0/1_0" slope="0.00"/>
        <vehicle id="22" x="601.65" y="333.03" angle="180.00" type="DEFAULT_VEHTYPE" speed="13.73" pos="128.28" lane="3/1to3/2_0" slope="0.00"/>
        <vehicle id="23" x="711.89" y="201.65" angle="-90.00" type="DEFAULT_VEHTYPE" speed="13.75" pos="88.11" lane="4/1to3/1_0" slope="0.00"/>
        <vehicle id="24" x="398.35" y="343.42" angle="0.00" type="DEFAULT_VEHTYPE" speed="13.14" pos="51.83" lane="2/2to2/1_0" slope="0.00"/>
        <vehicle id="3" x="601.65" y="271.40" angle="180.00" type="DEFAULT_VEHTYPE" speed="13.61" pos="66.65" lane="3/1to3/2_0" slope="0.00"/>
        <vehicle id="4" x="601.65" y="384.32" angle="180.00" type="DEFAULT_VEHTYPE" speed="5.86" pos="179.57" lane="3/1to3/2_0" slope="0.00"/>
        <vehicle id="5" x="320.81" y="201.65" angle="-90.00" type="DEFAULT_VEHTYPE" speed="12.61" pos="74.44" lane="2/1to1/1_0" slope="0.00"/>
        <vehicle id="6" x="52.66" y="198.35" angle="90.00" type="DEFAULT_VEHTYPE" speed="12.97" pos="52.66" lane="0/1to1/1_0" slope="0.00"/>
        <vehicle id="7" x="398.35" y="641.48" angle="0.00" type="DEFAULT_VEHTYPE" speed="13.83" pos="158.52" lane="2/4to2/3_0" slope="0.00"/>
        <vehicle id="8" x="596.82" y="198.57" angle="92.57" type="DEFAULT_VEHTYPE" speed="7.24" pos="1.58" lane=":3/1_14_0" slope="0.00"/>
        <vehicle id="9" x="410.15" y="401.65" angle="-90.00" type="DEFAULT_VEHTYPE" speed="4.94" pos="185.10" lane="3/2to2/2_0" slope="0.00"/>
    </timestep>
    <timestep time="641.00">
        <vehicle id="0" x="668.20" y="201.65" angle="-90.00" type="DEFAULT_VEHTYPE" speed="13.13" pos="131.80" lane="4/1to3/1_0" slope="0.00"/>
        <vehicle id="1" x="405.61" y="198.35" angle="90.00" type="DEFAULT_VEHTYPE" speed="8.91" pos="0.86" lane="2/1to3/1_0" slope="0.00"/>
        <vehicle id="11" x="590.57" y="401.65" angle="-90.52" type="DEFAULT_VEHTYPE" speed="8.77" pos="4.68" lane="3/2to2/2_0" slope="0.00"/>
        <vehicle id="12" x="305.31" y="198.35" angle="90.00" type="DEFAULT_VEHTYPE" speed="12.68" pos="100.56" lane="1/1to2/1_0" slope="0.00"/>
        <vehicle id="14" x="398.35" y="370.45" angle="0.00" type="DEFAULT_VEHTYPE" speed="13.53" pos="24.80" lane="2/2to2/1_0" slope="0.00"/>
        <vehicle id="15" x="198.35" y="384.57" angle="0.00" type="DEFAULT_VEHTYPE" speed="11.43" pos="10.68" lane="1/2to1/1_0" slope="0.00"/>
        <vehicle id="16" x="106.46" y="198.35" angle="90.00" type="DEFAULT_VEHTYPE" speed="13.73" pos="106.46" lane="0/1to1/1_0" slope="0.00"/>
        <vehicle id="17" x="437.69" y="401.65" angle="-90.00" type="DEFAULT_VEHTYPE" speed="13.33" pos="157.56" lane="3/2to2/2_0" slope="0.00"/>
        <vehicle id="18" x="652.15" y="198.35" angle="90.00" type="DEFAULT_VEHTYPE" speed="12.65" pos="47.40" lane="3/1to4/1_0" slope="0.00"/>
        <vehicle id="19" x="480.73" y="401.65" angle="-90.00" type="DEFAULT_VEHTYPE" speed="12.80" pos="114.52" lane="3/2to2/2_0" slope="0.00"/>
        <vehicle id="2" x="50.36" y="201.65" angle="-90.00" type="DEFAULT_VEHTYPE" speed="12.87" pos="144.89" lane="1/1to0/1_0" slope="0.00"/>
        <vehicle id="20" x="447.41" y="198.35" angle="90.00" type="DEFAULT_VEHTYPE" speed="13.77" pos="42.66" lane="2/1to3/1_0" slope="0.00"/>
        <vehicle id="21" x="98.77" y="201.65" angle="-90.00" type="DEFAULT_VEHTYPE" speed="13.47" pos="96.48" lane="1/1to0/1_0" slope="0.00"/>
        <vehicle id="22" x="601.65" y="346.73" angle="180.00" type="DEFAULT_VEHTYPE" speed="13.70" pos="141.98" lane="3/1to3/2_0" slope="0.00"/>
        <vehicle id="23" x="698.00" y="201.65" angle="-90.00" type="DEFAULT_VEHTYPE" speed="13.89" pos="102.00" lane="4/1to3/1_0" slope="0.00"/>
        <vehicle id="24" x="398.35" y="330.43" angle="0.00" type="DEFAULT_VEHTYPE" speed="12.99" pos="64.82" lane="2/2to2/1_0" slope="0.00"/>
        <vehicle id="3" x="601.65" y="284.96" angle="180.00" type="DEFAULT_VEHTYPE" speed="13.56" pos="80.21" lane="3/1to3/2_0" slope="0.00"/>
        <vehicle id="4" x="601.65" y="389.50" angle="180.00" type="DEFAULT_VEHTYPE" speed="5.18" pos="184.75" lane="3/1to3/2_0" slope="0.00"/>
        <vehicle id="5" x="307.30" y="201.65" angle="-90.00" type="DEFAULT_VEHTYPE" speed="13.51" pos="87.95" lane="2/1to1/1_0" slope="0.00"/>
        <vehicle id="6" x="66.25" y="198.35" angle="90.00" type="DEFAULT_VEHTYPE" speed="13.60" pos="66.25" lane="0/1to1/1_0" slope="0.00"/>
        <vehicle id="7" x="398.35" y="628.49" angle="0.00" type="DEFAULT_VEHTYPE" speed="12.99" pos="171.51" lane="2/4to2/3_0" slope="0.00"/>
        <vehicle id="8" x="601.65" y="205.72" angle="168.01" type="DEFAULT_VEHTYPE" speed="9.71" pos="0.97" lane="3/1to3/2_0" slope="0.00"/>
        <vehicle id="9" x="403.49" y="401.65" angle="-90.00" type="DEFAULT_VEHTYPE" speed="6.66" pos="1.26" lane=":2/2_5_0" slope="0.00"/>
    </timestep>
    <timestep time="642.00">
        <vehicle id="0" x="655.43" y="201.65" angle="-90.00" type="DEFAULT_VEHTYPE" speed="12.77" pos="144.57" lane="4/1to3/1_0" slope="0.00"/>
        <vehicle id="1" x="416.10" y="198.35" angle="90.00" type="DEFAULT_VEHTYPE" speed="10.49" pos="11.35" lane="2/1to3/1_0" slope="0.00"/>
        <vehicle id="11" x="579.49" y="401.65" angle="-90.00" type="DEFAULT_VEHTYPE" speed="11.08" pos="15.76" lane="3/2to2/2_0" slope="0.00"/>
        <vehicle id="12" x="318.04" y="198.35" angle="90.00" type="DEFAULT_VEHTYPE" speed="12.72" pos="113.29" lane="1/1to2/1_0" slope="0.00"/>
        <vehicle id="14" x="398.35" y="356.96" angle="0.00" type="DEFAULT_VEHTYPE" speed="13.50" pos="38.29" lane="2/2to2/1_0" slope="0.00"/>
        <vehicle id="15" x="198.35" y="371.76" angle="0.00" type="DEFAULT_VEHTYPE" speed="12.82" pos="23.49" lane="1/2to1/1_0" slope="0.00"/>
        <vehicle id="16" x="119.33" y="198.35" angle="90.00" type="DEFAULT_VEHTYPE" speed="12.87" pos="119.33" lane="0/1to1/1_0" slope="0.00"/>
        <vehicle id="17" x="426.32" y="401.65" angle="-90.00" type="DEFAULT_VEHTYPE" speed="11.37" pos="168.93" lane="3/2to2/2_0" slope="0.00"/>
        <vehicle id="18" x="665.03" y="198.35" angle="90.00" type="DEFAULT_VEHTYPE" speed="12.88" pos="60.28" lane="3/1to4/1_0" slope="0.00"/>
        <vehicle id="19" x="467.59" y="401.65" angle="-90.00" type="DEFAULT_VEHTYPE" speed="13.14" pos="127.66" lane="3/2to2/2_0" slope="0.00"/>
        <vehicle id="2" x="37.47" y="201.65" angle="-90.00" type="DEFAULT_VEHTYPE" speed="12.89" pos="157.78" lane="1/1to0/1_0" slope="0.00"/>
        <vehicle id="20" x="460.04" y="198.35" angle="90.00" type="DEFAULT_VEHTYPE" speed="12.63" pos="55.29" lane="2/1to3/1_0" slope="0.00"/>
        <vehicle id="21" x="85.12" y="201.65" angle="-90.00" type="DEFAULT_VEHTYPE" speed="13.64" pos="110.13" lane="1/1to0/1_0" slope="0.00"/>
        <vehicle id="22" x="601.65" y="360.01" angle="180.00" type="DEFAULT_VEHTYPE" speed="13.28" pos="155.26" lane="3/1to3/2_0" slope="0.00"/>
        <vehicle id="23" x="684.13" y="201.65" angle="-90.00" type="DEFAULT_VEHTYPE" speed="13.87" pos="115.87" lane="4/1to3/1_0" slope="0.00"/>
        <vehicle id="24" x="398.35" y="317.77" angle="0.00" type="DEFAULT_VEHTYPE" speed="12.66" pos="77.48" lane="2/2to2/1_0" slope="0.00"/>
        <vehicle id="3" x="601.65" y="297.76" angle="180.00" type="DEFAULT_VEHTYPE" speed="12.80" pos="93.01" lane="3/1to3/2_0" slope="0.00"/>
        <vehicle id="4" x="601.55" y="395.98" angle="-178.81" type="DEFAULT_VEHTYPE" speed="6.48" pos="0.74" lane=":3/2_10_0" slope="0.00"/>
        <vehicle id="5" x="294.04" y="201.65" angle="-90.00" type="DEFAULT_VEHTYPE" speed="13.26" pos="101.21" lane="2/1to1/1_0" slope="0.00"/>
        <vehicle id="6" x="80.01" y="198.35" angle="90.00" type="DEFAULT_VEHTYPE" speed="13.75" pos="80.01" lane="0/1to1/1_0" slope="0.00"/>
        <vehicle id="7" x="398.35" y="615.81" angle="0.00" type="DEFAULT_VEHTYPE" speed="12.68" pos="184.19" lane="2/4to2/3_0" slope="0.00"/>
        <vehicle id="8" x="601.65" y="216.75" angle="180.00" type="DEFAULT_VEHTYPE" speed="11.03" pos="12.00" lane="3/1to3/2_0" slope="0.00"/>
        <vehicle id="9" x="394.93" y="401.65" angle="-90.00" type="DEFAULT_VEHTYPE" speed="8.56" pos="0.32" lane="2/2to1/2_0" slope="0.00"/>
    </timestep>
    <timestep time="643.00">
        <vehicle id="0" x="642.45" y="201.65" angle="-90.00" type="DEFAULT_VEHTYPE" speed="12.98" pos="157.55" lane="4/1to3/1_0" slope="0.00"/>
        <vehicle id="1" x="429.19" y="198.35" angle="90.00" type="DEFAULT_VEHTYPE" speed="13.09" pos="24.44" lane="2/1to3/1_0" slope="0.00"/>
        <vehicle id="11" x="566.33" y="401.65" angle="-90.00" type="DEFAULT_VEHTYPE" speed="13.16" pos="28.92" lane="3/2to2/2_0" slope="0.00"/>
        <vehicle id="12" x="331.12" y="198.35" angle="90.00" type="DEFAULT_VEHTYPE" speed="13.08" pos="126.37" lane="1/1to2/1_0" slope="0.00"/>
        <vehicle id="14" x="398.35" y="344.05" angle="0.00" type="DEFAULT_VEHTYPE" speed="12.91" pos="51.20" lane="2/2to2/1_0" slope="0.00"/>
        <vehicle id="15" x="198.35" y="358.86" angle="0.00" type="DEFAULT_VEHTYPE" speed="12.90" pos="36.39" lane="1/2to1/1_0" slope="0.00"/>
        <vehicle id="16" x="132.28" y="198.35" angle="90.00" type="DEFAULT_VEHTYPE" speed="12.95" pos="132.28" lane="0/1to1/1_0" slope="0.00"/>
        <vehicle id="17" x="417.51" y="401.65" angle="-90.00" type="DEFAULT_VEHTYPE" speed="8.81" pos="177.74" lane="3/2to2/2_0" slope="0.00"/>
        <vehicle id="18" x="678.07" y="198.35" angle="90.00" type="DEFAULT_VEHTYPE" speed="13.04" pos="73.32" lane="3/1to4/1_0" slope="0.00"/>
        <vehicle id="19" x="454.25" y="401.65" angle="-90.00" type="DEFAULT_VEHTYPE" speed="13.34" pos="141.00" lane="3/2to2/2_0" slope="0.00"/>
        <vehicle id="2" x="23.64" y="201.65" angle="-90.00" type="DEFAULT_VEHTYPE" speed="13.83" pos="171.61" lane="1/1to0/1_0" slope="0.00"/>
        <vehicle id="20" x="472.73" y="198.35" angle="90.00" type="DEFAULT_VEHTYPE" speed="12.69" pos="67.98" lane="2/1to3/1_0" slope="0.00"/>
        <vehicle id="21" x="71.40" y="201.65" angle="-90.00" type="DEFAULT_VEHTYPE" speed="13.72" pos="123.85" lane="1/1to0/1_0" slope="0.00"/>
        <vehicle id="22" x="601.65" y="373.12" angle="180.00" type="DEFAULT_VEHTYPE" speed="13.11" pos="168.37" lane="3/1to3/2_0" slope="0.00"/>
        <vehicle id="23" x="671.48" y="201.65" angle="-90.00" type="DEFAULT_VEHTYPE" speed="12.65" pos="128.52" lane="4/1to3/1_0" slope="0.00"/>
        <vehicle id="24" x="398.35" y="303.89" angle="0.00" type="DEFAULT_VEHTYPE" speed="13.88" pos="91.36" lane="2/2to2/1_0" slope="0.00"/>
        <vehicle id="3" x="601.65" y="311.59" angle="180.00" type="DEFAULT_VEHTYPE" speed="13.83" pos="106.84" lane="3/1to3/2_0" slope="0.00"/>
        <vehicle id="4" x="596.98" y="401.40" angle="-124.95" type="DEFAULT_VEHTYPE" speed="7.83" pos="1.43" lane=":3/2_18_0" slope="0.00"/>
        <vehicle id="5" x="280.47" y="201.65" angle="-90.00" type="DEFAULT_VEHTYPE" speed="13.57" pos="114.78" lane="2/1to1/1_0" slope="0.00"/>
        <vehicle id="6" x="92.90" y="198.35" angle="90.00" type="DEFAULT_VEHTYPE" speed="12.90" pos="92.90" lane="0/1to1/1_0" slope="0.00"/>
        <vehicle id="7" x="398.35" y="602.06" angle="0.00" type="DEFAULT_VEHTYPE" speed="13.76" pos="2.69" lane=":2/3_1_0" slope="0.00"/>
        <vehicle id="8" x="601.65" y="230.08" angle="180.00" type="DEFAULT_VEHTYPE" speed="13.33" pos="25.33" lane="3/1to3/2_0" slope="0.00"/>
        <vehicle id="9" x="384.55" y="401.65" angle="-90.00" type="DEFAULT_VEHTYPE" speed="10.38" pos="10.70" lane="2/2to1/2_0" slope="0.00"/>
    </timestep>
    <timestep time="644.00">
        <vehicle id="0" x="629.04" y="201.65" angle="-90.00" type="DEFAULT_VEHTYPE" speed="13.41" pos="170.96" lane="4/1to3/1_0" slope="0.00"/>
        <vehicle id="1" x="441.95" y="198.35" angle="90.00" type="DEFAULT_VEHTYPE" speed="12.75" pos="37.20" lane="2/1to3/1_0" slope="0.00"/>
        <vehicle id="11" x="553.06" y="401.65" angle="-90.00" type="DEFAULT_VEHTYPE" speed="13.27" pos="42.19" lane="3/2to2/2_0" slope="0.00"/>
        <vehicle id="12" x="344.99" y="198.35" angle="90.00" type="DEFAULT_VEHTYPE" speed="13.88" pos="140.24" lane="1/1to2/1_0" slope="0.00"/>
        <vehicle id="14" x="398.35" y="330.16" angle="0.00" type="DEFAULT_VEHTYPE" speed="13.89" pos="65.09" lane="2/2to2/1_0" slope="0.00"/>
        <vehicle id="15" x="198.35" y="345.60" angle="0.00" type="DEFAULT_VEHTYPE" speed="13.26" pos="49.65" lane="1/2to1/1_0" slope="0.00"/>
        <vehicle id="16" x="145.71" y="198.35" angle="90.00" type="DEFAULT_VEHTYPE" speed="13.43" pos="145.71" lane="0/1to1/1_0" slope="0.00"/>
        <vehicle id="17" x="412.13" y="401.65" angle="-90.00" type="DEFAULT_VEHTYPE" speed="5.38" pos="183.12" lane="3/2to2/2_0" slope="0.00"/>
        <vehicle id="18" x="690.95" y="198.35" angle="90.00" type="DEFAULT_VEHTYPE" speed="12.88" pos="86.20" lane="3/1to4/1_0" slope="0.00"/>
        <vehicle id="19" x="441.04" y="401.65" angle="-90.00" type="DEFAULT_VEHTYPE" speed="13.21" pos="154.21" lane="3/2to2/2_0" slope="0.00"/>
        <vehicle id="2" x="10.41" y="201.65" angle="-90.00" type="DEFAULT_VEHTYPE" speed="13.23" pos="184.84" lane="1/1to0/1_0" slope="0.00"/>
        <vehicle id="20" x="486.24" y="198.35" angle="90.00" type="DEFAULT_VEHTYPE" speed="13.51" pos="81.49" lane="2/1to3/1_0" slope="0.00"/>
        <vehicle id="21" x="57.96" y="201.65" angle="-90.00" type="DEFAULT_VEHTYPE" speed="13.44" pos="137.29" lane="1/1to0/1_0" slope="0.00"/>
        <vehicle id="22" x="601.65" y="382.11" angle="180.00" type="DEFAULT_VEHTYPE" speed="8.99" pos="177.36" lane="3/1to3/2_0" slope="0.00"/>
        <vehicle id="23" x="657.63" y="201.65" angle="-90.00" type="DEFAULT_VEHTYPE" speed="13.85" pos="142.37" lane="4/1to3/1_0" slope="0.00"/>
        <vehicle id="24" x="398.35" y="290.35" angle="0.00" type="DEFAULT_VEHTYPE" speed="13.54" pos="104.90" lane="2/2to2/1_0" slope="0.00"/>
        <vehicle id="3" x="601.65" y="325.05" angle="180.00" type="DEFAULT_VEHTYPE" speed="13.46" pos="120.30" lane="3/1to3/2_0" slope="0.00"/>
        <vehicle id="4" x="587.73" y="401.65" angle="-90.00" type="DEFAULT_VEHTYPE" speed="9.27" pos="7.52" lane="3/2to2/2_0" slope="0.00"/>
        <vehicle id="5" x="266.89" y="201.65" angle="-90.00" type="DEFAULT_VEHTYPE" speed="13.58" pos="128.36" lane="2/1to1/1_0" slope="0.00"/>
        <vehicle id="6" x="106.59" y="198.35" angle="90.00" type="DEFAULT_VEHTYPE" speed="13.68" pos="106.59" lane="0/1to1/1_0" slope="0.00"/>
        <vehicle id="7" x="398.35" y="589.09" angle="0.00" type="DEFAULT_VEHTYPE" speed="12.97" pos="6.16" lane="2/3to2/2_0" slope="0.00"/>
        <vehicle id="8" x="601.65" y="243.71" angle="180.00" type="DEFAULT_VEHTYPE" speed="13.63" pos="38.96" lane="3/1to3/2_0" slope="0.00"/>
        <vehicle id="9" x="372.33" y="401.65" angle="-90.00" type="DEFAULT_VEHTYPE" speed="12.21" pos="22.92" lane="2/2to1/2_0" slope="0.00"/>
    </timestep>
    <timestep time="645.00">
        <vehicle id="0" x="619.56" y="201.65" angle="-90.00" type="DEFAULT_VEHTYPE" speed="9.49" pos="180.44" lane="4/1to3/1_0" slope="0.00"/>
        <vehicle id="1" x="455.43" y="198.35" angle="90.00" type="DEFAULT_VEHTYPE" speed="13.48" pos="50.68" lane="2/1to3/1_0" slope="0.00"/>
        <vehicle id="11" x="539.97" y="401.65" angle="-90.00" type="DEFAULT_VEHTYPE" speed="13.09" pos="55.28" lane="3/2to2/2_0" slope="0.00"/>
        <vehicle id="12" x="358.07" y="198.35" angle="90.00" type="DEFAULT_VEHTYPE" speed="13.08" pos="153.32" lane="1/1to2/1_0" slope="0.00"/>
        <vehicle id="14" x="398.35" y="317.43" angle="0.00" type="DEFAULT_VEHTYPE" speed="12.73" pos="77.82" lane="2/2to2/1_0" slope="0.00"/>
        <vehicle id="15" x="198.35" y="332.25" angle="0.00" type="DEFAULT_VEHTYPE" speed="13.35" pos="63.00" lane="1/2to1/1_0" slope="0.00"/>
        <vehicle id="16" x="159.52" y="198.35" angle="90.00" type="DEFAULT_VEHTYPE" speed="13.81" pos="159.52" lane="0/1to1/1_0" slope="0.00"/>
        <vehicle id="17" x="408.89" y="401.65" angle="-90.00" type="DEFAULT_VEHTYPE" speed="3.24" pos="186.36" lane="3/2to2/2_0" slope="0.00"/>
        <vehicle id="18" x="704.22" y="198.35" angle="90.00" type="DEFAULT_VEHTYPE" speed="13.27" pos="99.47" lane="3/1to4/1_0" slope="0.00"/>
        <vehicle id="19" x="429.78" y="401.65" angle="-90.00" type="DEFAULT_VEHTYPE" speed="11.26" pos="165.47" lane="3/2to2/2_0" slope="0.00"/>
        <vehicle id="2" x="-1.24" y="199.18" angle="-49.69" type="DEFAULT_VEHTYPE" speed="13.74" pos="3.33" lane=":0/1_0_0" slope="0.00"/>
        <vehicle id="20" x="499.24" y="198.35" angle="90.00" type="DEFAULT_VEHTYPE" speed="13.00" pos="94.49" lane="2/1to3/1_0" slope="0.00"/>
        <vehicle id="21" x="45.04" y="201.65" angle="-90.00" type="DEFAULT_VEHTYPE" speed="12.92" pos="150.21" lane="1/1to0/1_0" slope="0.00"/>
        <vehicle id="22" x="601.65" y="387.86" angle="180.00" type="DEFAULT_VEHTYPE" speed="5.75" pos="183.11" lane="3/1to3/2_0" slope="0.00"/>
        <vehicle id="23" x="644.77" y="201.65" angle="-90.00" type="DEFAULT_VEHTYPE" speed="12.86" pos="155.23" lane="4/1to3/1_0" slope="0.00"/>
        <vehicle id="24" x="398.35" y="276.67" angle="0.00" type="DEFAULT_VEHTYPE" speed="13.68" pos="118.58" lane="2/2to2/1_0" slope="0.00"/>
        <vehicle id="3" x="601.65" y="338.82" angle="180.00" type="DEFAULT_VEHTYPE" speed="13.77" pos="134.07" lane="3/1to3/2_0" slope="0.00"/>
        <vehicle id="4" x="576.54" y="401.65" angle="-90.00" type="DEFAULT_VEHTYPE" speed="11.19" pos="18.71" lane="3/2to2/2_0" slope="0.00"/>
        <vehicle id="5" x="254.14" y="201.65" angle="-90.00" type="DEFAULT_VEHTYPE" speed="12.75" pos="141.11" lane="2/1to1/1_0" slope="0.00"/>
        <vehicle id="6" x="119.99" y="198.35" angle="90.00" type="DEFAULT_VEHTYPE" speed="13.41" pos="119.99" lane="0/1to1/1_0" slope="0.00"/>
        <vehicle id="7" x="398.35" y="575.97" angle="0.00" type="DEFAULT_VEHTYPE" speed="13.12" pos="19.28" lane="2/3to2/2_0" slope="0.00"/>
        <vehicle id="8" x="601.65" y="257.51" angle="180.00" type="DEFAULT_VEHTYPE" speed="13.80" pos="52.76" lane="3/1to3/2_0" slope="0.00"/>
        <vehicle id="9" x="359.56" y="401.65" angle="-90.00" type="DEFAULT_VEHTYPE" speed="12.77" pos="35.69" lane="2/2to1/2_0" slope="0.00"/>
    </timestep>
    <timestep time="646.00">
        <vehicle id="0" x="613.77" y="201.65" angle="-90.00" type="DEFAULT_VEHTYPE" speed="5.79" pos="186.23" lane="4/1to3/1_0" slope="0.00"/>
        <vehicle id="1" x="468.58" y="198.35" angle="90.00" type="DEFAULT_VEHTYPE" speed="13.15" pos="63.83" lane="2/1to3/1_0" slope="0.00"/>
        <vehicle id="11" x="527.18" y="401.65" angle="-90.00" type="DEFAULT_VEHTYPE" speed="12.78" pos="68.07" lane="3/2to2/2_0" slope="0.00"/>
        <vehicle id="12" x="371.28" y="198.35" angle="90.00" type="DEFAULT_VEHTYPE" speed="13.21" pos="166.53" lane="1/1to2/1_0" slope="0.00"/>
        <vehicle id="14" x="398.35" y="304.64" angle="0.00" type="DEFAULT_VEHTYPE" speed="12.80" pos="90.61" lane="2/2to2/1_0" slope="0.00"/>
        <vehicle id="15" x="198.35" y="318.70" angle="0.00" type="DEFAULT_VEHTYPE" speed="13.55" pos="76.55" lane="1/2to1/1_0" slope="0.00"/>
        <vehicle id="16" x="172.07" y="198.35" angle="90.00" type="DEFAULT_VEHTYPE" speed="12.54" pos="172.07" lane="0/1to1/1_0" slope="0.00"/>
        <vehicle id="17" x="403.19" y="401.65" angle="-90.00" type="DEFAULT_VEHTYPE" speed="5.70" pos="1.56" lane=":2/2_5_0" slope="0.00"/>
        <vehicle id="18" x="717.12" y="198.35" angle="90.00" type="DEFAULT_VEHTYPE" speed="12.89" pos="112.37" lane="3/1to4/1_0" slope="0.00"/>
        <vehicle id="19" x="422.56" y="401.65" angle="-90.00" type="DEFAULT_VEHTYPE" speed="7.21" pos="172.69" lane="3/2to2/2_0" slope="0.00"/>
        <vehicle id="2" x="12.11" y="198.35" angle="90.00" type="DEFAULT_VEHTYPE" speed="13.60" pos="12.11" lane="0/1to1/1_0" slope="0.00"/>
        <vehicle id="20" x="512.88" y="198.35" angle="90.00" type="DEFAULT_VEHTYPE" speed="13.64" pos="108.13" lane="2/1to3/1_0" slope="0.00"/>
        <vehicle id="21" x="31.21" y="201.65" angle="-90.00" type="DEFAULT_VEHTYPE" speed="13.83" pos="164.04" lane="1/1to0/1_0" slope="0.00"/>
        <vehicle id="22" x="601.65" y="390.50" angle="180.00" type="DEFAULT_VEHTYPE" speed="2.64" pos="185.75" lane="3/1to3/2_0" slope="0.00"/>
        <vehicle id="23" x="633.51" y="201.65" angle="-90.00" type="DEFAULT_VEHTYPE" speed="11.26" pos="166.49" lane="4/1to3/1_0" slope="0.00"/>
        <vehicle id="24" x="398.35" y="263.75" angle="0.00" type="DEFAULT_VEHTYPE" speed="12.92" pos="131.50" lane="2/2to2/1_0" slope="0.00"/>
        <vehicle id="3" x="601.65" y="351.59" angle="180.00" type="DEFAULT_VEHTYPE" speed="12.77" pos="146.84" lane="3/1to3/2_0" slope="0.00"/>
        <vehicle id="4" x="562.90" y="401.65" angle="-90.00" type="DEFAULT_VEHTYPE" speed="13.64" pos="32.35" lane="3/2to2/2_0" slope="0.00"/>
        <vehicle id="5" x="241.41" y="201.65" angle="-90.00" type="DEFAULT_VEHTYPE" speed="12.73" pos="153.84" lane="2/1to1/1_0" slope="0.00"/>
        <vehicle id="6" x="132.65" y="198.35" angle="90.00" type="DEFAULT_VEHTYPE" speed="12.66" pos="132.65" lane="0/1to1/1_0" slope="0.00"/>
        <vehicle id="7" x="398.35" y="562.74" angle="0.00" type="DEFAULT_VEHTYPE" speed="13.23" pos="32.51" lane="2/3to2/2_0" slope="0.00"/>
        <vehicle id="8" x="601.65" y="271.41" angle="180.00" type="DEFAULT_VEHTYPE" speed="13.90" pos="66.66" lane="3/1to3/2_0" slope="0.00"/>
        <vehicle id="9" x="346.52" y="401.65" angle="-90.00" type="DEFAULT_VEHTYPE" speed="13.04" pos="48.73" lane="2/2to1/2_0" slope="0.00"/>
    </timestep>
    <timestep time="647.00">
        <vehicle id="0" x="610.52" y="201.65" angle="-90.00" type="DEFAULT_VEHTYPE" speed="3.25" pos="189.48" lane="4/1to3/1_0" slope="0.00"/>
        <vehicle id="1" x="482.31" y="198.35" angle="90.00" type="DEFAULT_VEHTYPE" speed="13.73" pos="77.56" lane="2/1to3/1_0" slope="0.00"/>
        <vehicle id="11" x="514.56" y="401.65" angle="-90.00" type="DEFAULT_VEHTYPE" speed="12.62" pos="80.69" lane="3/2to2/2_0" slope="0.00"/>
        <vehicle id="12" x="381.18" y="198.35" angle="90.00" type="DEFAULT_VEHTYPE" speed="9.90" pos="176.43" lane="1/1to2/1_0" slope="0.00"/>
        <vehicle id="14" x="398.35" y="292.02" angle="0.00" type="DEFAULT_VEHTYPE" speed="12.62" pos="103.23" lane="2/2to2/1_0" slope="0.00"/>
        <vehicle id="15" x="198.35" y="305.71" angle="0.00" type="DEFAULT_VEHTYPE" speed="12.99" pos="89.54" lane="1/2to1/1_0" slope="0.00"/>
        <vehicle id="16" x="181.85" y="198.35" angle="90.00" type="DEFAULT_VEHTYPE" speed="9.79" pos="181.85" lane="0/1to1/1_0" slope="0.00"/>
        <vehicle id="17" x="395.08" y="401.65" angle="-90.00" type="DEFAULT_VEHTYPE" speed="8.11" pos="0.17" lane="2/2to1/2_0" slope="0.00"/>
        <vehicle id="18" x="730.30" y="198.35" angle="90.00" type="DEFAULT_VEHTYPE" speed="13.19" pos="125.55" lane="3/1to4/1_0" slope="0.00"/>
        <vehicle id="19" x="414.58" y="401.65" angle="-90.00" type="DEFAULT_VEHTYPE" speed="7.98" pos="180.67" lane="3/2to2/2_0" slope="0.00"/>
        <vehicle id="2" x="24.79" y="198.35" angle="90.00" type="DEFAULT_VEHTYPE" speed="12.68" pos="24.79" lane="0/1to1/1_0" slope="0.00"/>
        <vehicle id="20" x="526.35" y="198.35" angle="90.00" type="DEFAULT_VEHTYPE" speed="13.48" pos="121.60" lane="2/1to3/1_0" slope="0.00"/>
        <vehicle id="21" x="18.52" y="201.65" angle="-90.00" type="DEFAULT_VEHTYPE" speed="12.69" pos="176.73" lane="1/1to0/1_0" slope="0.00"/>
        <vehicle id="22" x="601.65" y="395.27" angle="-179.97" type="DEFAULT_VEHTYPE" speed="4.77" pos="0.02" lane=":3/2_10_0" slope="0.00"/>
        <vehicle id="23" x="625.24" y="201.65" angle="-90.00" type="DEFAULT_VEHTYPE" speed="8.27" pos="174.76" lane="4/1to3/1_0" slope="0.00"/>
        <vehicle id="24" x="398.35" y="249.93" angle="0.00" type="DEFAULT_VEHTYPE" speed="13.82" pos="145.32" lane="2/2to2/1_0" slope="0.00"/>
        <vehicle id="3" x="601.65" y="364.44" angle="180.00" type="DEFAULT_VEHTYPE" speed="12.85" pos="159.69" lane="3/1to3/2_0" slope="0.00"/>
        <vehicle id="4" x="549.03" y="401.65" angle="-90.00" type="DEFAULT_VEHTYPE" speed="13.87" pos="46.22" lane="3/2to2/2_0" slope="0.00"/>
        <vehicle id="5" x="229.02" y="201.65" angle="-90.00" type="DEFAULT_VEHTYPE" speed="12.38" pos="166.23" lane="2/1to1/1_0" slope="0.00"/>
        <vehicle id="6" x="145.56" y="198.35" angle="90.00" type="DEFAULT_VEHTYPE" speed="12.91" pos="145.56" lane="0/1to1/1_0" slope="0.00"/>
        <vehicle id="7" x="398.35" y="549.91" angle="0.00" type="DEFAULT_VEHTYPE" speed="12.83" pos="45.34" lane="2/3to2/2_0" slope="0.00"/>
        <vehicle id="8" x="601.65" y="284.47" angle="180.00" type="DEFAULT_VEHTYPE" speed="13.07" pos="79.72" lane="3/1to3/2_0" slope="0.00"/>
        <vehicle id="9" x="333.02" y="401.65" angle="-90.00" type="DEFAULT_VEHTYPE" speed="13.50" pos="62.23" lane="2/2to1/2_0" slope="0.00"/>
    </timestep>
    <timestep time="648.00">
        <vehicle id="0" x="605.31" y="201.65" angle="-90.00" type="DEFAULT_VEHTYPE" speed="5.21" pos="194.69" lane="4/1to3/1_0" slope="0.00"/>
        <vehicle id="1" x="496.01" y="198.35" angle="90.00" type="DEFAULT_VEHTYPE" speed="13.69" pos="91.26" lane="2/1to3/1_0" slope="0.00"/>
        <vehicle id="11" x="501.57" y="401.65" angle="-90.00" type="DEFAULT_VEHTYPE" speed="12.99" pos="93.68" lane="3/2to2/2_0" slope="0.00"/>
        <vehicle id="12" x="387.74" y="198.35" angle="90.00" type="DEFAULT_VEHTYPE" speed="6.56" pos="182.99" lane="1/1to2/1_0" slope="0.00"/>
        <vehicle id="14" x="398.35" y="279.32" angle="0.00" type="DEFAULT_VEHTYPE" speed="12.70" pos="115.93" lane="2/2to2/1_0" slope="0.00"/>
        <vehicle id="15" x="198.35" y="292.31" angle="0.00" type="DEFAULT_VEHTYPE" speed="13.40" pos="102.94" lane="1/2to1/1_0" slope="0.00"/>
        <vehicle id="16" x="187.25" y="198.35" angle="90.00" type="DEFAULT_VEHTYPE" speed="5.40" pos="187.25" lane="0/1to1/1_0" slope="0.00"/>
        <vehicle id="17" x="385.30" y="401.65" angle="-90.00" type="DEFAULT_VEHTYPE" speed="9.78" pos="9.95" lane="2/2to1/2_0" slope="0.00"/>
        <vehicle id="18" x="743.19" y="198.35" angle="90.00" type="DEFAULT_VEHTYPE" speed="12.89" pos="138.44" lane="3/1to4/1_0" slope="0.00"/>
        <vehicle id="19" x="410.90" y="401.65" angle="-90.00" type="DEFAULT_VEHTYPE" speed="3.68" pos="184.35" lane="3/2to2/2_0" slope="0.00"/>
        <vehicle id="2" x="37.42" y="198.35" angle="90.00" type="DEFAULT_VEHTYPE" speed="12.63" pos="37.42" lane="0/1to1/1_0" slope="0.00"/>
        <vehicle id="20" x="540.22" y="198.35" angle="90.00" type="DEFAULT_VEHTYPE" speed="13.87" pos="135.47" lane="2/1to3/1_0" slope="0.00"/>
        <vehicle id="21" x="5.66" y="201.65" angle="-90.00" type="DEFAULT_VEHTYPE" speed="12.86" pos="189.59" lane="1/1to0/1_0" slope="0.00"/>
        <vehicle id="22" x="598.42" y="401.03" angle="-141.80" type="DEFAULT_VEHTYPE" speed="7.04" pos="7.06" lane=":3/2_10_0" slope="0.00"/>
        <vehicle id="23" x="620.91" y="201.65" angle="-90.00" type="DEFAULT_VEHTYPE" speed="4.33" pos="179.09" lane="4/1to3/1_0" slope="0.00"/>
        <vehicle id="24" x="398.35" y="237.06" angle="0.00" type="DEFAULT_VEHTYPE" speed="12.87" pos="158.19" lane="2/2to2/1_0" slope="0.00"/>
        <vehicle id="3" x="601.65" y="376.52" angle="180.00" type="DEFAULT_VEHTYPE" speed="12.08" pos="171.77" lane="3/1to3/2_0" slope="0.00"/>
        <vehicle id="4" x="535.65" y="401.65" angle="-90.00" type="DEFAULT_VEHTYPE" speed="13.38" pos="59.60" lane="3/2to2/2_0" slope="0.00"/>
        <vehicle id="5" x="219.58" y="201.65" angle="-90.00" type="DEFAULT_VEHTYPE" speed="9.44" pos="175.67" lane="2/1to1/1_0" slope="0.00"/>
        <vehicle id="6" x="159.46" y="198.35" angle="90.00" type="DEFAULT_VEHTYPE" speed="13.90" pos="159.46" lane="0/1to1/1_0" slope="0.00"/>
        <vehicle id="7" x="398.35" y="537.06" angle="0.00" type="DEFAULT_VEHTYPE" speed="12.85" pos="58.19" lane="2/3to2/2_0" slope="0.00"/>
        <vehicle id="8" x="601.65" y="297.09" angle="180.00" type="DEFAULT_VEHTYPE" speed="12.61" pos="92.34" lane="3/1to3/2_0" slope="0.00"/>
        <vehicle id="9" x="320.05" y="401.65" angle="-90.00" type="DEFAULT_VEHTYPE" speed="12.97" pos="75.20" lane="2/2to1/2_0" slope="0.00"/>
    </timestep>
    <timestep time="649.00">
        <vehicle id="0" x="601.65" y="206.22" angle="-159.09" type="DEFAULT_VEHTYPE" speed="7.03" pos="1.47" lane="3/1to3/2_0" slope="0.00"/>
        <vehicle id="1" x="509.41" y="198.35" angle="90.00" type="DEFAULT_VEHTYPE" speed="13.40" pos="104.66" lane="2/1to3/1_0" slope="0.00"/>
        <vehicle id="11" x="487.72" y="401.65" angle="-90.00" type="DEFAULT_VEHTYPE" speed="13.84" pos="107.53" lane="3/2to2/2_0" slope="0.00"/>
        <vehicle id="12" x="391.15" y="198.35" angle="90.00" type="DEFAULT_VEHTYPE" speed="3.41" pos="186.40" lane="1/1to2/1_0" slope="0.00"/>
        <vehicle id="14" x="398.35" y="265.98" angle="0.00" type="DEFAULT_VEHTYPE" speed="13.33" pos="129.27" lane="2/2to2/1_0" slope="0.00"/>
        <vehicle id="15" x="198.35" y="278.75" angle="0.00" type="DEFAULT_VEHTYPE" speed="13.55" pos="116.50" lane="1/2to1/1_0" slope="0.00"/>
        <vehicle id="16" x="190.99" y="198.35" angle="90.00" type="DEFAULT_VEHTYPE" speed="3.74" pos="190.99" lane="0/1to1/1_0" slope="0.00"/>
        <vehicle id="17" x="373.37" y="401.65" angle="-90.00" type="DEFAULT_VEHTYPE" speed="11.93" pos="21.88" lane="2/2to1/2_0" slope="0.00"/>
        <vehicle id="18" x="756.61" y="198.35" angle="90.00" type="DEFAULT_VEHTYPE" speed="13.41" pos="151.86" lane="3/1to4/1_0" slope="0.00"/>
        <vehicle id="19" x="404.85" y="401.65" angle="-90.00" type="DEFAULT_VEHTYPE" speed="6.05" pos="190.40" lane="3/2to2/2_0" slope="0.00"/>
        <vehicle id="2" x="50.22" y="198.35" angle="90.00" type="DEFAULT_VEHTYPE" speed="12.80" pos="50.22" lane="0/1to1/1_0" slope="0.00"/>
        <vehicle id="20" x="553.04" y="198.35" angle="90.00" type="DEFAULT_VEHTYPE" speed="12.82" pos="148.29" lane="2/1to3/1_0" slope="0.00"/>
        <vehicle id="21" x="2.42" y="198.35" angle="65.66" type="DEFAULT_VEHTYPE" speed="12.90" pos="2.42" lane="0/1to1/1_0" slope="0.00"/>
        <vehicle id="22" x="589.74" y="401.65" angle="-90.00" type="DEFAULT_VEHTYPE" speed="8.77" pos="5.51" lane="3/2to2/2_0" slope="0.00"/>
        <vehicle id="23" x="615.59" y="201.65" angle="-90.00" type="DEFAULT_VEHTYPE" speed="5.32" pos="184.41" lane="4/1to3/1_0" slope="0.00"/>
        <vehicle id="24" x="398.35" y="223.96" angle="0.00" type="DEFAULT_VEHTYPE" speed="13.10" pos="171.29" lane="2/2to2/1_0" slope="0.00"/>
        <vehicle id="3" x="601.65" y="384.30" angle="180.00" type="DEFAULT_VEHTYPE" speed="7.78" pos="179.55" lane="3/1to3/2_0" slope="0.00"/>
        <vehicle id="4" x="521.82" y="401.65" angle="-90.00" type="DEFAULT_VEHTYPE" speed="13.82" pos="73.43" lane="3/2to2/2_0" slope="0.00"/>
        <vehicle id="5" x="213.22" y="201.65" angle="-90.00" type="DEFAULT_VEHTYPE" speed="6.36" pos="182.03" lane="2/1to1/1_0" slope="0.00"/>
        <vehicle id="6" x="169.90" y="198.35" angle="90.00" type="DEFAULT_VEHTYPE" speed="10.44" pos="169.90" lane="0/1to1/1_0" slope="0.00"/>
        <vehicle id="7" x="398.35" y="524.43" angle="0.00" type="DEFAULT_VEHTYPE" speed="12.63" pos="70.82" lane="2/3to2/2_0" slope="0.00"/>
        <vehicle id="8" x="601.65" y="310.18" angle="180.00" type="DEFAULT_VEHTYPE" speed="13.09" pos="105.43" lane="3/1to3/2_0" slope="0.00"/>
        <vehicle id="9" x="306.51" y="401.65" angle="-90.00" type="DEFAULT_VEHTYPE" speed="13.54" pos="88.74" lane="2/2to1/2_0" slope="0.00"/>
    </timestep>
    <timestep time="650.00">
        <vehicle id="0" x="601.65" y="214.68" angle="180.00" type="DEFAULT_VEHTYPE" speed="8.45" pos="9.93" lane="3/1to3/2_0" slope="0.00"/>
        <vehicle id="1" x="522.49" y="198.35" angle="90.00" type="DEFAULT_VEHTYPE" speed="13.09" pos="117.74" lane="2/1to3/1_0" slope="0.00"/>
        <vehicle id="11" x="473.95" y="401.65" angle="-90.00" type="DEFAULT_VEHTYPE" speed="13.78" pos="121.30" lane="3/2to2/2_0" slope="0.00"/>
        <vehicle id="12" x="392.23" y="198.35" angle="90.00" type="DEFAULT_VEHTYPE" speed="1.08" pos="187.48" lane="1/1to2/1_0" slope="0.00"/>
        <vehicle id="14" x="398.35" y="252.26" angle="0.00" type="DEFAULT_VEHTYPE" speed="13.72" pos="142.99" lane="2/2to2/1_0" slope="0.00"/>
        <vehicle id="15" x="198.35" y="265.84" angle="0.00" type="DEFAULT_VEHTYPE" speed="12.91" pos="129.41" lane="1/2to1/1_0" slope="0.00"/>
        <vehicle id="16" x="196.38" y="198.19" angle="88.18" type="DEFAULT_VEHTYPE" speed="5.40" pos="1.14" lane=":1/1_12_0" slope="0.00"/>
        <vehicle id="17" x="359.62" y="401.65" angle="-90.00" type="DEFAULT_VEHTYPE" speed="13.75" pos="35.63" lane="2/2to1/2_0" slope="0.00"/>
        <vehicle id="18" x="769.21" y="198.35" angle="90.00" type="DEFAULT_VEHTYPE" speed="12.60" pos="164.46" lane="3/1to4/1_0" slope="0.00"/>
        <vehicle id="19" x="398.60" y="397.00" angle="-35.20" type="DEFAULT_VEHTYPE" speed="8.65" pos="8.55" lane=":2/2_6_0" slope="0.00"/>
        <vehicle id="2" x="62.96" y="198.35" angle="90.00" type="DEFAULT_VEHTYPE" speed="12.73" pos="62.96" lane="0/1to1/1_0" slope="0.00"/>
        <vehicle id="20" x="566.56" y="198.35" angle="90.00" type="DEFAULT_VEHTYPE" speed="13.52" pos="161.81" lane="2/1to3/1_0" slope="0.00"/>
        <vehicle id="21" x="16.08" y="198.35" angle="90.00" type="DEFAULT_VEHTYPE" speed="13.66" pos="16.08" lane="0/1to1/1_0" slope="0.00"/>
        <vehicle id="22" x="578.45" y="401.65" angle="-90.00" type="DEFAULT_VEHTYPE" speed="11.29" pos="16.80" lane="3/2to2/2_0" slope="0.00"/>
        <vehicle id="23" x="611.36" y="201.65" angle="-90.00" type="DEFAULT_VEHTYPE" speed="4.24" pos="188.64" lane="4/1to3/1_0" slope="0.00"/>
        <vehicle id="24" x="398.35" y="210.83" angle="0.00" type="DEFAULT_VEHTYPE" speed="13.13" pos="184.42" lane="2/2to2/1_0" slope="0.00"/>
        <vehicle id="3" x="601.65" y="389.02" angle="180.00" type="DEFAULT_VEHTYPE" speed="4.71" pos="184.27" lane="3/1to3/2_0" slope="0.00"/>
        <vehicle id="4" x="508.49" y="401.65" angle="-90.00" type="DEFAULT_VEHTYPE" speed="13.34" pos="86.76" lane="3/2to2/2_0" slope="0.00"/>
        <vehicle id="5" x="209.76" y="201.65" angle="-90.00" type="DEFAULT_VEHTYPE" speed="3.47" pos="185.49" lane="2/1to1/1_0" slope="0.00"/>
        <vehicle id="6" x="177.15" y="198.35" angle="90.00" type="DEFAULT_VEHTYPE" speed="7.25" pos="177.15" lane="0/1to1/1_0" slope="0.00"/>
        <vehicle id="7" x="398.35" y="511.45" angle="0.00" type="DEFAULT_VEHTYPE" speed="12.97" pos="83.80" lane="2/3to2/2_0" slope="0.00"/>
        <vehicle id="8" x="601.65" y="322.99" angle="180.00" type="DEFAULT_VEHTYPE" speed="12.81" pos="118.24" lane="3/1to3/2_0" slope="0.00"/>
        <vehicle id="9" x="293.06" y="401.65" angle="-90.00" type="DEFAULT_VEHTYPE" speed="13.45" pos="102.19" lane="2/2to1/2_0" slope="0.00"/>
    </timestep>
    <timestep time="651.00">
        <vehicle id="0" x="601.65" y="225.44" angle="180.00" type="DEFAULT_VEHTYPE" speed="10.77" pos="20.69" lane="3/1to3/2_0" slope="0.00"/>
        <vehicle id="1" x="535.65" y="198.35" angle="90.00" type="DEFAULT_VEHTYPE" speed="13.16" pos="130.90" lane="2/1to3/1_0" slope="0.00"/>
        <vehicle id="11" x="460.20" y="401.65" angle="-90.00" type="DEFAULT_VEHTYPE" speed="13.74" pos="135.05" lane="3/2to2/2_0" slope="0.00"/>
        <vehicle id="12" x="392.57" y="198.35" angle="90.00" type="DEFAULT_VEHTYPE" speed="0.34" pos="187.82" lane="1/1to2/1_0" slope="0.00"/>
        <vehicle id="14" x="398.35" y="239.39" angle="0.00" type="DEFAULT_VEHTYPE" speed="12.87" pos="155.86" lane="2/2to2/1_0" slope="0.00"/>
        <vehicle id="15" x="198.35" y="252.34" angle="0.00" type="DEFAULT_VEHTYPE" speed="13.50" pos="142.91" lane="1/2to1/1_0" slope="0.00"/>
        <vehicle id="16" x="198.35" y="192.18" angle="5.57" type="DEFAULT_VEHTYPE" speed="6.93" pos="3.07" lane="1/1to1/0_0" slope="0.00"/>
        <vehicle id="17" x="346.77" y="401.65" angle="-90.00" type="DEFAULT_VEHTYPE" speed="12.85" pos="48.48" lane="2/2to1/2_0" slope="0.00"/>
        <vehicle id="18" x="782.92" y="198.35" angle="90.00" type="DEFAULT_VEHTYPE" speed="13.71" pos="178.17" lane="3/1to4/1_0" slope="0.00"/>
        <vehicle id="19" x="398.35" y="386.89" angle="0.00" type="DEFAULT_VEHTYPE" speed="10.13" pos="8.36" lane="2/2to2/1_0" slope="0.00"/>
        <vehicle id="2" x="76.40" y="198.35" angle="90.00" type="DEFAULT_VEHTYPE" speed="13.44" pos="76.40" lane="0/1to1/1_0" slope="0.00"/>
        <vehicle id="20" x="577.45" y="198.35" angle="90.00" type="DEFAULT_VEHTYPE" speed="10.89" pos="172.70" lane="2/1to3/1_0" slope="0.00"/>
        <vehicle id="21" x="29.29" y="198.35" angle="90.00" type="DEFAULT_VEHTYPE" speed="13.21" pos="29.29" lane="0/1to1/1_0" slope="0.00"/>
        <vehicle id="22" x="564.79" y="401.65" angle="-90.00" type="DEFAULT_VEHTYPE" speed="13.65" pos="30.46" lane="3/2to2/2_0" slope="0.00"/>
        <vehicle id="23" x="605.66" y="201.65" angle="-90.00" type="DEFAULT_VEHTYPE" speed="5.70" pos="194.34" lane="4/1to3/1_0" slope="0.00"/>
        <vehicle id="24" x="398.35" y="197.69" angle="0.00" type="DEFAULT_VEHTYPE" speed="13.14" pos="7.06" lane=":2/1_1_0" slope="0.00"/>
        <vehicle id="3" x="601.55" y="395.98" angle="-178.80" type="DEFAULT_VEHTYPE" speed="6.97" pos="0.74" lane=":3/2_10_0" slope="0.00"/>
        <vehicle id="4" x="495.00" y="401.65" angle="-90.00" type="DEFAULT_VEHTYPE" speed="13.49" pos="100.25" lane="3/2to2/2_0" slope="0.00"/>
        <vehicle id="5" x="204.03" y="201.75" angle="-91.15" type="DEFAULT_VEHTYPE" speed="5.73" pos="0.73" lane=":1/1_4_0" slope="0.00"/>
        <vehicle id="6" x="184.07" y="198.35" angle="90.00" type="DEFAULT_VEHTYPE" speed="6.92" pos="184.07" lane="0/1to1/1_0" slope="0.00"/>
        <vehicle id="7" x="398.35" y="498.76" angle="0.00" type="DEFAULT_VEHTYPE" speed="12.69" pos="96.49" lane="2/3to2/2_0" slope="0.00"/>
        <vehicle id="8" x="601.65" y="335.98" angle="180.00" type="DEFAULT_VEHTYPE" speed="12.99" pos="131.23" lane="3/1to3/2_0" slope="0.00"/>
        <vehicle id="9" x="279.86" y="401.65" angle="-90.00" type="DEFAULT_VEHTYPE" speed="13.20" pos="115.39" lane="2/2to1/2_0" slope="0.00"/>
    </timestep>
    <timestep time="652.00">
        <vehicle id="0" x="601.65" y="238.48" angle="180.00" type="DEFAULT_VEHTYPE" speed="13.03" pos="33.73" lane="3/1to3/2_0" slope="0.00"/>
        <vehicle id="1" x="549.26" y="198.35" angle="90.00" type="DEFAULT_VEHTYPE" speed="13.61" pos="144.51" lane="2/1to3/1_0" slope="0.00"/>
        <vehicle id="11" x="446.55" y="401.65" angle="-90.00" type="DEFAULT_VEHTYPE" speed="13.65" pos="148.70" lane="3/2to2/2_0" slope="0.00"/>
        <vehicle id="12" x="392.67" y="198.35" angle="90.00" type="DEFAULT_VEHTYPE" speed="0.09" pos="187.92" lane="1/1to2/1_0" slope="0.00"/>
        <vehicle id="14" x="398.35" y="226.41" angle="0.00" type="DEFAULT_VEHTYPE" speed="12.98" pos="168.84" lane="2/2to2/1_0" slope="0.00"/>
        <vehicle id="15" x="198.35" y="239.19" angle="0.00" type="DEFAULT_VEHTYPE" speed="13.15" pos="156.06" lane="1/2to1/1_0" slope="0.00"/>
        <vehicle id="16" x="198.35" y="183.75" angle="0.00" type="DEFAULT_VEHTYPE" speed="8.43" pos="11.50" lane="1/1to1/0_0" slope="0.00"/>
        <vehicle id="17" x="333.06" y="401.65" angle="-90.00" type="DEFAULT_VEHTYPE" speed="13.70" pos="62.19" lane="2/2to1/2_0" slope="0.00"/>
        <vehicle id="18" x="795.80" y="198.35" angle="90.00" type="DEFAULT_VEHTYPE" speed="12.88" pos="191.05" lane="3/1to4/1_0" slope="0.00"/>
        <vehicle id="19" x="398.35" y="374.85" angle="0.00" type="DEFAULT_VEHTYPE" speed="12.04" pos="20.40" lane="2/2to2/1_0" slope="0.00"/>
        <vehicle id="2" x="89.77" y="198.35" angle="90.00" type="DEFAULT_VEHTYPE" speed="13.38" pos="89.77" lane="0/1to1/1_0" slope="0.00"/>
        <vehicle id="20" x="584.60" y="198.35" angle="90.00" type="DEFAULT_VEHTYPE" speed="7.15" pos="179.85" lane="2/1to3/1_0" slope="0.00"/>
        <vehicle id="21" x="43.12" y="198.35" angle="90.00" type="DEFAULT_VEHTYPE" speed="13.83" pos="43.12" lane="0/1to1/1_0" slope="0.00"/>
        <vehicle id="22" x="551.67" y="401.65" angle="-90.00" type="DEFAULT_VEHTYPE" speed="13.12" pos="43.58" lane="3/2to2/2_0" slope="0.00"/>
        <vehicle id="23" x="601.65" y="206.08" angle="-157.24" type="DEFAULT_VEHTYPE" speed="7.24" pos="1.33" lane="3/1to3/2_0" slope="0.00"/>
        <vehicle id="24" x="398.35" y="184.65" angle="0.00" type="DEFAULT_VEHTYPE" speed="13.04" pos="10.60" lane="2/1to2/0_0" slope="0.00"/>
        <vehicle id="3" x="596.29" y="401.50" angle="-117.67" type="DEFAULT_VEHTYPE" speed="8.53" pos="2.13" lane=":3/2_18_0" slope="0.00"/>
        <vehicle id="4" x="481.16" y="401.65" angle="-90.00" type="DEFAULT_VEHTYPE" speed="13.83" pos="114.09" lane="3/2to2/2_0" slope="0.00"/>
        <vehicle id="5" x="201.65" y="208.16" angle="-176.46" type="DEFAULT_VEHTYPE" speed="7.68" pos="3.41" lane="1/1to1/2_0" slope="0.00"/>
        <vehicle id="6" x="188.76" y="198.35" angle="90.00" type="DEFAULT_VEHTYPE" speed="4.69" pos="188.76" lane="0/1to1/1_0" slope="0.00"/>
        <vehicle id="7" x="398.35" y="485.85" angle="0.00" type="DEFAULT_VEHTYPE" speed="12.91" pos="109.40" lane="2/3to2/2_0" slope="0.00"/>
        <vehicle id="8" x="601.65" y="349.38" angle="180.00" type="DEFAULT_VEHTYPE" speed="13.40" pos="144.63" lane="3/1to3/2_0" slope="0.00"/>
        <vehicle id="9" x="267.18" y="401.65" angle="-90.00" type="DEFAULT_VEHTYPE" speed="12.69" pos="128.07" lane="2/2to1/2_0" slope="0.00"/>
    </timestep>
    <timestep time="653.00">
        <vehicle id="0" x="601.65" y="251.41" angle="180.00" type="DEFAULT_VEHTYPE" speed="12.94" pos="46.66" lane="3/1to3/2_0" slope="0.00"/>
        <vehicle id="1" x="562.64" y="198.35" angle="90.00" type="DEFAULT_VEHTYPE" speed="13.38" pos="157.89" lane="2/1to3/1_0" slope="0.00"/>
        <vehicle id="11" x="432.74" y="401.65" angle="-90.00" type="DEFAULT_VEHTYPE" speed="13.81" pos="162.51" lane="3/2to2/2_0" slope="0.00"/>
        <vehicle id="12" x="392.72" y="198.35" angle="90.00" type="DEFAULT_VEHTYPE" speed="0.06" pos="187.97" lane="1/1to2/1_0" slope="0.00"/>
        <vehicle id="14" x="398.35" y="213.00" angle="0.00" type="DEFAULT_VEHTYPE" speed="13.41" pos="182.25" lane="2/2to2/1_0" slope="0.00"/>
        <vehicle id="15" x="198.35" y="225.35" angle="0.00" type="DEFAULT_VEHTYPE" speed="13.84" pos="169.90" lane="1/2to1/1_0" slope="0.00"/>
        <vehicle id="16" x="198.35" y="173.29" angle="0.00" type="DEFAULT_VEHTYPE" speed="10.46" pos="21.96" lane="1/1to1/0_0" slope="0.00"/>
        <vehicle id="17" x="320.05" y="401.65" angle="-90.00" type="DEFAULT_VEHTYPE" speed="13.01" pos="75.20" lane="2/2to1/2_0" slope="0.00"/>
        <vehicle id="18" x="795.38" y="201.65" angle="-92.43" type="DEFAULT_VEHTYPE" speed="13.64" pos="4.62" lane="4/1to3/1_0" slope="0.00"/>
        <vehicle id="19" x="398.35" y="360.95" angle="0.00" type="DEFAULT_VEHTYPE" speed="13.90" pos="34.30" lane="2/2to2/1_0" slope="0.00"/>
        <vehicle id="2" x="102.51" y="198.35" angle="90.00" type="DEFAULT_VEHTYPE" speed="12.74" pos="102.51" lane="0/1to1/1_0" slope="0.00"/>
        <vehicle id="20" x="589.14" y="198.35" angle="90.00" type="DEFAULT_VEHTYPE" speed="4.54" pos="184.39" lane="2/1to3/1_0" slope="0.00"/>
        <vehicle id="21" x="56.99" y="198.35" angle="90.00" type="DEFAULT_VEHTYPE" speed="13.87" pos="56.99" lane="0/1to1/1_0" slope="0.00"/>
        <vehicle id="22" x="538.25" y="401.65" angle="-90.00" type="DEFAULT_VEHTYPE" speed="13.42" pos="57.00" lane="3/2to2/2_0" slope="0.00"/>
        <vehicle id="23" x="601.65" y="215.73" angle="180.00" type="DEFAULT_VEHTYPE" speed="9.64" pos="10.98" lane="3/1to3/2_0" slope="0.00"/>
        <vehicle id="24" x="398.35" y="171.82" angle="0.00" type="DEFAULT_VEHTYPE" speed="12.83" pos="23.43" lane="2/1to2/0_0" slope="0.00"/>
        <vehicle id="3" x="586.27" y="401.65" angle="-90.00" type="DEFAULT_VEHTYPE" speed="10.03" pos="8.98" lane="3/2to2/2_0" slope="0.00"/>
        <vehicle id="4" x="468.22" y="401.65" angle="-90.00" type="DEFAULT_VEHTYPE" speed="12.95" pos="127.03" lane="3/2to2/2_0" slope="0.00"/>
        <vehicle id="5" x="201.65" y="217.27" angle="180.00" type="DEFAULT_VEHTYPE" speed="9.12" pos="12.52" lane="1/1to1/2_0" slope="0.00"/>
        <vehicle id="6" x="195.21" y="198.35" angle="90.00" type="DEFAULT_VEHTYPE" speed="6.45" pos="195.21" lane="0/1to1/1_0" slope="0.00"/>
        <vehicle id="7" x="398.35" y="472.37" angle="0.00" type="DEFAULT_VEHTYPE" speed="13.48" pos="122.88" lane="2/3to2/2_0" slope="0.00"/>
        <vehicle id="8" x="601.65" y="363.01" angle="180.00" type="DEFAULT_VEHTYPE" speed="13.63" pos="158.26" lane="3/1to3/2_0" slope="0.00"/>
        <vehicle id="9" x="253.97" y="401.65" angle="-90.00" type="DEFAULT_VEHTYPE" speed="13.20" pos="141.28" lane="2/2to1/2_0" slope="0.00"/>
    </timestep>
    <timestep time="654.00">
        <vehicle id="0" x="601.65" y="265.04" angle="180.00" type="DEFAULT_VEHTYPE" speed="13.63" pos="60.29" lane="3/1to3/2_0" slope="0.00"/>
        <vehicle id="1" x="573.12" y="198.35" angle="90.00" type="DEFAULT_VEHTYPE" speed="10.48" pos="168.37" lane="2/1to3/1_0" slope="0.00"/>
        <vehicle id="11" x="422.01" y="401.65" angle="-90.00" type="DEFAULT_VEHTYPE" speed="10.73" pos="173.24" lane="3/2to2/2_0" slope="0.00"/>
        <vehicle id="12" x="392.75" y="198.35" angle="90.00" type="DEFAULT_VEHTYPE" speed="0.02" pos="188.00" lane="1/1to2/1_0" slope="0.00"/>
        <vehicle id="14" x="398.35" y="199.23" angle="0.00" type="DEFAULT_VEHTYPE" speed="13.77" pos="5.52" lane=":2/1_1_0" slope="0.00"/>
        <vehicle id="15" x="198.35" y="212.40" angle="0.00" type="DEFAULT_VEHTYPE" speed="12.95" pos="182.85" lane="1/2to1/1_0" slope="0.00"/>
        <vehicle id="16" x="198.35" y="161.07" angle="0.00" type="DEFAULT_VEHTYPE" speed="12.22" pos="34.18" lane="1/1to1/0_0" slope="0.00"/>
        <vehicle id="17" x="306.67" y="401.65" angle="-90.00" type="DEFAULT_VEHTYPE" speed="13.38" pos="88.58" lane="2/2to1/2_0" slope="0.00"/>
        <vehicle id="18" x="782.31" y="201.65" angle="-90.00" type="DEFAULT_VEHTYPE" speed="13.06" pos="17.69" lane="4/1to3/1_0" slope="0.00"/>
        <vehicle id="19" x="398.35" y="347.15" angle="0.00" type="DEFAULT_VEHTYPE" speed="13.80" pos="48.10" lane="2/2to2/1_0" slope="0.00"/>
        <vehicle id="2" x="115.14" y="198.35" angle="90.00" type="DEFAULT_VEHTYPE" speed="12.63" pos="115.14" lane="0/1to1/1_0" slope="0.00"/>
        <vehicle id="20" x="595.52" y="198.35" angle="90.00" type="DEFAULT_VEHTYPE" speed="6.39" pos="0.27" lane=":3/1_13_0" slope="0.00"/>
        <vehicle id="21" x="69.72" y="198.35" angle="90.00" type="DEFAULT_VEHTYPE" speed="12.73" pos="69.72" lane="0/1to1/1_0" slope="0.00"/>
        <vehicle id="22" x="524.84" y="401.65" angle="-90.00" type="DEFAULT_VEHTYPE" speed="13.41" pos="70.41" lane="3/2to2/2_0" slope="0.00"/>
        <vehicle id="23" x="601.65" y="227.19" angle="180.00" type="DEFAULT_VEHTYPE" speed="11.47" pos="22.44" lane="3/1to3/2_0" slope="0.00"/>
        <vehicle id="24" x="398.35" y="159.04" angle="0.00" type="DEFAULT_VEHTYPE" speed="12.79" pos="36.21" lane="2/1to2/0_0" slope="0.00"/>
        <vehicle id="3" x="574.80" y="401.65" angle="-90.00" type="DEFAULT_VEHTYPE" speed="11.47" pos="20.45" lane="3/2to2/2_0" slope="0.00"/>
        <vehicle id="4" x="455.37" y="401.65" angle="-90.00" type="DEFAULT_VEHTYPE" speed="12.85" pos="139.88" lane="3/2to2/2_0" slope="0.00"/>
        <vehicle id="5" x="201.65" y="228.93" angle="180.00" type="DEFAULT_VEHTYPE" speed="11.66" pos="24.18" lane="1/1to1/2_0" slope="0.00"/>
        <vehicle id="6" x="198.35" y="192.06" angle="4.87" type="DEFAULT_VEHTYPE" speed="8.23" pos="3.19" lane="1/1to1/0_0" slope="0.00"/>
        <vehicle id="7" x="398.35" y="458.86" angle="0.00" type="DEFAULT_VEHTYPE" speed="13.51" pos="136.39" lane="2/3to2/2_0" slope="0.00"/>
        <vehicle id="8" x="601.65" y="375.26" angle="180.00" type="DEFAULT_VEHTYPE" speed="12.25" pos="170.51" lane="3/1to3/2_0" slope="0.00"/>
        <vehicle id="9" x="240.13" y="401.65" angle="-90.00" type="DEFAULT_VEHTYPE" speed="13.84" pos="155.12" lane="2/2to1/2_0" slope="0.00"/>
    </timestep>
    <timestep time="655.00">
        <vehicle id="0" x="601.65" y="278.36" angle="180.00" type="DEFAULT_VEHTYPE" speed="13.32" pos="73.61" lane="3/1to3/2_0" slope="0.00"/>
        <vehicle id="1" x="582.08" y="198.35" angle="90.00" type="DEFAULT_VEHTYPE" speed="8.96" pos="177.33" lane="2/1to3/1_0" slope="0.00"/>
        <vehicle id="11" x="414.24" y="401.65" angle="-90.00" type="DEFAULT_VEHTYPE" speed="7.77" pos="181.01" lane="3/2to2/2_0" slope="0.00"/>
        <vehicle id="12" x="392.75" y="198.35" angle="90.00" type="DEFAULT_VEHTYPE" speed="0.00" pos="188.00" lane="1/1to2/1_0" slope="0.00"/>
        <vehicle id="14" x="398.35" y="186.15" angle="0.00" type="DEFAULT_VEHTYPE" speed="13.09" pos="9.10" lane="2/1to2/0_0" slope="0.00"/>
        <vehicle id="15" x="194.60" y="201.65" angle="-56.10" type="DEFAULT_VEHTYPE" speed="13.30" pos="0.65" lane="1/1to0/1_0" slope="0.00"/>
        <vehicle id="16" x="198.35" y="148.13" angle="0.00" type="DEFAULT_VEHTYPE" speed="12.94" pos="47.12" lane="1/1to1/0_0" slope="0.00"/>
        <vehicle id="17" x="293.80" y="401.65" angle="-90.00" type="DEFAULT_VEHTYPE" speed="12.86" pos="101.45" lane="2/2to1/2_0" slope="0.00"/>
        <vehicle id="18" x="768.82" y="201.65" angle="-90.00" type="DEFAULT_VEHTYPE" speed="13.49" pos="31.18" lane="4/1to3/1_0" slope="0.00"/>
        <vehicle id="19" x="398.35" y="334.04" angle="0.00" type="DEFAULT_VEHTYPE" speed="13.12" pos="61.21" lane="2/2to2/1_0" slope="0.00"/>
        <vehicle id="2" x="128.99" y="198.35" angle="90.00" type="DEFAULT_VEHTYPE" speed="13.85" pos="128.99" lane="0/1to1/1_0" slope="0.00"/>
        <vehicle id="20" x="603.67" y="198.35" angle="90.00" type="DEFAULT_VEHTYPE" speed="8.15" pos="8.42" lane=":3/1_13_0" slope="0.00"/>
        <vehicle id="21" x="82.87" y="198.35" angle="90.00" type="DEFAULT_VEHTYPE" speed="13.15" pos="82.87" lane="0/1to1/1_0" slope="0.00"/>
        <vehicle id="22" x="511.33" y="401.65" angle="-90.00" type="DEFAULT_VEHTYPE" speed="13.51" pos="83.92" lane="3/2to2/2_0" slope="0.00"/>
        <vehicle id="23" x="601.65" y="241.05" angle="180.00" type="DEFAULT_VEHTYPE" speed="13.85" pos="36.30" lane="3/1to3/2_0" slope="0.00"/>
        <vehicle id="24" x="398.35" y="145.89" angle="0.00" type="DEFAULT_VEHTYPE" speed="13.14" pos="49.36" lane="2/1to2/0_0" slope="0.00"/>
        <vehicle id="3" x="561.03" y="401.65" angle="-90.00" type="DEFAULT_VEHTYPE" speed="13.76" pos="34.22" lane="3/2to2/2_0" slope="0.00"/>
        <vehicle id="4" x="442.03" y="401.65" angle="-90.00" type="DEFAULT_VEHTYPE" speed="13.33" pos="153.22" lane="3/2to2/2_0" slope="0.00"/>
        <vehicle id="5" x="201.65" y="242.25" angle="180.00" type="DEFAULT_VEHTYPE" speed="13.31" pos="37.50" lane="1/1to1/2_0" slope="0.00"/>
        <vehicle id="6" x="198.35" y="181.76" angle="0.00" type="DEFAULT_VEHTYPE" speed="10.30" pos="13.49" lane="1/1to1/0_0" slope="0.00"/>
        <vehicle id="7" x="398.35" y="445.93" angle="0.00" type="DEFAULT_VEHTYPE" speed="12.93" pos="149.32" lane="2/3to2/2_0" slope="0.00"/>
        <vehicle id="8" x="601.65" y="383.84" angle="180.00" type="DEFAULT_VEHTYPE" speed="8.58" pos="179.09" lane="3/1to3/2_0" slope="0.00"/>
        <vehicle id="9" x="228.10" y="401.65" angle="-90.00" type="DEFAULT_VEHTYPE" speed="12.03" pos="167.15" lane="2/2to1/2_0" slope="0.00"/>
    </timestep>
    <timestep time="656.00">
        <vehicle id="0" x="601.65" y="291.84" angle="180.00" type="DEFAULT_VEHTYPE" speed="13.48" pos="87.09" lane="3/1to3/2_0" slope="0.00"/>
        <vehicle id="1" x="587.58" y="198.35" angle="90.00" type="DEFAULT_VEHTYPE" speed="5.50" pos="182.83" lane="2/1to3/1_0" slope="0.00"/>
        <vehicle id="11" x="410.72" y="401.65" angle="-90.00" type="DEFAULT_VEHTYPE" speed="3.51" pos="184.53" lane="3/2to2/2_0" slope="0.00"/>
        <vehicle id="12" x="394.05" y="198.35" angle="90.00" type="DEFAULT_VEHTYPE" speed="1.30" pos="189.30" lane="1/1to2/1_0" slope="0.00"/>
        <vehicle id="14" x="398.35" y="173.45" angle="0.00" type="DEFAULT_VEHTYPE" speed="12.70" pos="21.80" lane="2/1to2/0_0" slope="0.00"/>
        <vehicle id="15" x="180.70" y="201.65" angle="-90.00" type="DEFAULT_VEHTYPE" speed="13.90" pos="14.55" lane="1/1to0/1_0" slope="0.00"/>
        <vehicle id="16" x="198.35" y="135.32" angle="0.00" type="DEFAULT_VEHTYPE" speed="12.81" pos="59.93" lane="1/1to1/0_0" slope="0.00"/>
        <vehicle id="17" x="280.60" y="401.65" angle="-90.00" type="DEFAULT_VEHTYPE" speed="13.21" pos="114.65" lane="2/2to1/2_0" slope="0.00"/>
        <vehicle id="18" x="755.28" y="201.65" angle="-90.00" type="DEFAULT_VEHTYPE" speed="13.54" pos="44.72" lane="4/1to3/1_0" slope="0.00"/>
        <vehicle id="19" x="398.35" y="321.22" angle="0.00" type="DEFAULT_VEHTYPE" speed="12.82" pos="74.03" lane="2/2to2/1_0" slope="0.00"/>
        <vehicle id="2" x="142.09" y="198.35" angle="90.00" type="DEFAULT_VEHTYPE" speed="13.10" pos="142.09" lane="0/1to1/1_0" slope="0.00"/>
        <vehicle id="20" x="614.18" y="198.35" angle="90.00" type="DEFAULT_VEHTYPE" speed="10.50" pos="9.43" lane="3/1to4/1_0" slope="0.00"/>
        <vehicle id="21" x="95.97" y="198.35" angle="90.00" type="DEFAULT_VEHTYPE" speed="13.11" pos="95.97" lane="0/1to1/1_0" slope="0.00"/>
        <vehicle id="22" x="497.92" y="401.65" angle="-90.00" type="DEFAULT_VEHTYPE" speed="13.41" pos="97.33" lane="3/2to2/2_0" slope="0.00"/>
        <vehicle id="23" x="601.65" y="254.27" angle="180.00" type="DEFAULT_VEHTYPE" speed="13.23" pos="49.52" lane="3/1to3/2_0" slope="0.00"/>
        <vehicle id="24" x="398.35" y="133.05" angle="0.00" type="DEFAULT_VEHTYPE" speed="12.84" pos="62.20" lane="2/1to2/0_0" slope="0.00"/>
        <vehicle id="3" x="547.39" y="401.65" angle="-90.00" type="DEFAULT_VEHTYPE" speed="13.64" pos="47.86" lane="3/2to2/2_0" slope="0.00"/>
        <vehicle id="4" x="430.65" y="401.65" angle="-90.00" type="DEFAULT_VEHTYPE" speed="11.38" pos="164.60" lane="3/2to2/2_0" slope="0.00"/>
        <vehicle id="5" x="201.65" y="255.48" angle="180.00" type="DEFAULT_VEHTYPE" speed="13.23" pos="50.73" lane="1/1to1/2_0" slope="0.00"/>
        <vehicle id="6" x="198.35" y="169.17" angle="0.00" type="DEFAULT_VEHTYPE" speed="12.60" pos="26.08" lane="1/1to1/0_0" slope="0.00"/>
        <vehicle id="7" x="398.35" y="433.08" angle="0.00" type="DEFAULT_VEHTYPE" speed="12.85" pos="162.17" lane="2/3to2/2_0" slope="0.00"/>
        <vehicle id="8" x="601.65" y="388.21" angle="180.00" type="DEFAULT_VEHTYPE" speed="4.37" pos="183.46" lane="3/1to3/2_0" slope="0.00"/>
        <vehicle id="9" x="218.23" y="401.65" angle="-90.00" type="DEFAULT_VEHTYPE" speed="9.87" pos="177.02" lane="2/2to1/2_0" slope="0.00"/>
    </timestep>
    <timestep time="657.00">
        <vehicle id="0" x="601.65" y="304.97" angle="180.00" type="DEFAULT_VEHTYPE" speed="13.13" pos="100.22" lane="3/1to3/2_0" slope="0.00"/>
        <vehicle id="1" x="590.92" y="198.35" angle="90.00" type="DEFAULT_VEHTYPE" speed="3.34" pos="186.17" lane="2/1to3/1_0" slope="0.00"/>
        <vehicle id="11" x="408.17" y="401.65" angle="-90.00" type="DEFAULT_VEHTYPE" speed="2.55" pos="187.08" lane="3/2to2/2_0" slope="0.00"/>
        <vehicle id="12" x="397.10" y="198.35" angle="90.00" type="DEFAULT_VEHTYPE" speed="3.05" pos="1.85" lane=":2/1_13_0" slope="0.00"/>
        <vehicle id="14" x="398.35" y="160.09" angle="0.00" type="DEFAULT_VEHTYPE" speed="13.35" pos="35.16" lane="2/1to2/0_0" slope="0.00"/>
        <vehicle id="15" x="167.52" y="201.65" angle="-90.00" type="DEFAULT_VEHTYPE" speed="13.19" pos="27.73" lane="1/1to0/1_0" slope="0.00"/>
        <vehicle id="16" x="198.35" y="122.27" angle="0.00" type="DEFAULT_VEHTYPE" speed="13.05" pos="72.98" lane="1/1to1/0_0" slope="0.00"/>
        <vehicle id="17" x="267.47" y="401.65" angle="-90.00" type="DEFAULT_VEHTYPE" speed="13.13" pos="127.78" lane="2/2to1/2_0" slope="0.00"/>
        <vehicle id="18" x="742.12" y="201.65" angle="-90.00" type="DEFAULT_VEHTYPE" speed="13.16" pos="57.88" lane="4/1to3/1_0" slope="0.00"/>
        <vehicle id="19" x="398.35" y="308.18" angle="0.00" type="DEFAULT_VEHTYPE" speed="13.04" pos="87.07" lane="2/2to2/1_0" slope="0.00"/>
        <vehicle id="2" x="155.20" y="198.35" angle="90.00" type="DEFAULT_VEHTYPE" speed="13.11" pos="155.20" lane="0/1to1/1_0" slope="0.00"/>
        <vehicle id="20" x="626.27" y="198.35" angle="90.00" type="DEFAULT_VEHTYPE" speed="12.09" pos="21.52" lane="3/1to4/1_0" slope="0.00"/>
        <vehicle id="21" x="109.04" y="198.35" angle="90.00" type="DEFAULT_VEHTYPE" speed="13.06" pos="109.04" lane="0/1to1/1_0" slope="0.00"/>
        <vehicle id="22" x="484.30" y="401.65" angle="-90.00" type="DEFAULT_VEHTYPE" speed="13.61" pos="110.95" lane="3/2to2/2_0" slope="0.00"/>
        <vehicle id="23" x="601.65" y="267.33" angle="180.00" type="DEFAULT_VEHTYPE" speed="13.05" pos="62.58" lane="3/1to3/2_0" slope="0.00"/>
        <vehicle id="24" x="398.35" y="119.92" angle="0.00" type="DEFAULT_VEHTYPE" speed="13.13" pos="75.33" lane="2/1to2/0_0" slope="0.00"/>
        <vehicle id="3" x="534.76" y="401.65" angle="-90.00" type="DEFAULT_VEHTYPE" speed="12.63" pos="60.49" lane="3/2to2/2_0" slope="0.00"/>
        <vehicle id="4" x="423.77" y="401.65" angle="-90.00" type="DEFAULT_VEHTYPE" speed="6.88" pos="171.48" lane="3/2to2/2_0" slope="0.00"/>
        <vehicle id="5" x="201.65" y="268.62" angle="180.00" type="DEFAULT_VEHTYPE" speed="13.14" pos="63.87" lane="1/1to1/2_0" slope="0.00"/>
        <vehicle id="6" x="198.35" y="155.43" angle="0.00" type="DEFAULT_VEHTYPE" speed="13.73" pos="39.82" lane="1/1to1/0_0" slope="0.00"/>
        <vehicle id="7" x="398.35" y="419.81" angle="0.00" type="DEFAULT_VEHTYPE" speed="13.27" pos="175.44" lane="2/3to2/2_0" slope="0.00"/>
        <vehicle id="8" x="601.65" y="391.16" angle="180.00" type="DEFAULT_VEHTYPE" speed="2.95" pos="186.41" lane="3/1to3/2_0" slope="0.00"/>
        <vehicle id="9" x="212.15" y="401.65" angle="-90.00" type="DEFAULT_VEHTYPE" speed="6.08" pos="183.10" lane="2/2to1/2_0" slope="0.00"/>
    </timestep>
    <timestep time="658.00">
        <vehicle id="0" x="601.65" y="318.64" angle="180.00" type="DEFAULT_VEHTYPE" speed="13.66" pos="113.89" lane="3/1to3/2_0" slope="0.00"/>
        <vehicle id="1" x="596.01" y="198.35" angle="90.00" type="DEFAULT_VEHTYPE" speed="5.09" pos="0.76" lane=":3/1_13_0" slope="0.00"/>
        <vehicle id="11" x="407.74" y="401.65" angle="-90.00" type="DEFAULT_VEHTYPE" speed="0.43" pos="187.51" lane="3/2to2/2_0" slope="0.00"/>
        <vehicle id="12" x="402.07" y="198.35" angle="90.00" type="DEFAULT_VEHTYPE" speed="4.98" pos="6.82" lane=":2/1_13_0" slope="0.00"/>
        <vehicle id="14" x="398.35" y="146.82" angle="0.00" type="DEFAULT_VEHTYPE" speed="13.27" pos="48.43" lane="2/1to2/0_0" slope="0.00"/>
        <vehicle id="15" x="154.06" y="201.65" angle="-90.00" type="DEFAULT_VEHTYPE" speed="13.45" pos="41.19" lane="1/1to0/1_0" slope="0.00"/>
        <vehicle id="16" x="198.35" y="109.48" angle="0.00" type="DEFAULT_VEHTYPE" speed="12.79" pos="85.77" lane="1/1to1/0_0" slope="0.00"/>
        <vehicle id="17" x="253.59" y="401.65" angle="-90.00" type="DEFAULT_VEHTYPE" speed="13.88" pos="141.66" lane="2/2to1/2_0" slope="0.00"/>
        <vehicle id="18" x="728.70" y="201.65" angle="-90.00" type="DEFAULT_VEHTYPE" speed="13.43" pos="71.30" lane="4/1to3/1_0" slope="0.00"/>
        <vehicle id="19" x="398.35" y="295.12" angle="0.00" type="DEFAULT_VEHTYPE" speed="13.05" pos="100.13" lane="2/2to2/1_0" slope="0.00"/>
        <vehicle id="2" x="168.10" y="198.35" angle="90.00" type="DEFAULT_VEHTYPE" speed="12.90" pos="168.10" lane="0/1to1/1_0" slope="0.00"/>
        <vehicle id="20" x="640.00" y="198.35" angle="90.00" type="DEFAULT_VEHTYPE" speed="13.73" pos="35.25" lane="3/1to4/1_0" slope="0.00"/>
        <vehicle id="21" x="122.77" y="198.35" angle="90.00" type="DEFAULT_VEHTYPE" speed="13.73" pos="122.77" lane="0/1to1/1_0" slope="0.00"/>
        <vehicle id="22" x="471.21" y="401.65" angle="-90.00" type="DEFAULT_VEHTYPE" speed="13.09" pos="124.04" lane="3/2to2/2_0" slope="0.00"/>
        <vehicle id="23" x="601.65" y="279.98" angle="180.00" type="DEFAULT_VEHTYPE" speed="12.66" pos="75.23" lane="3/1to3/2_0" slope="0.00"/>
        <vehicle id="24" x="398.35" y="106.33" angle="0.00" type="DEFAULT_VEHTYPE" speed="13.59" pos="88.92" lane="2/1to2/0_0" slope="0.00"/>
        <vehicle id="3" x="520.99" y="401.65" angle="-90.00" type="DEFAULT_VEHTYPE" speed="13.78" pos="74.26" lane="3/2to2/2_0" slope="0.00"/>
        <vehicle id="4" x="418.73" y="401.65" angle="-90.00" type="DEFAULT_VEHTYPE" speed="5.04" pos="176.52" lane="3/2to2/2_0" slope="0.00"/>
        <vehicle id="5" x="201.65" y="282.17" angle="180.00" type="DEFAULT_VEHTYPE" speed="13.55" pos="77.42" lane="1/1to1/2_0" slope="0.00"/>
        <vehicle id="6" x="198.35" y="141.97" angle="0.00" type="DEFAULT_VEHTYPE" speed="13.47" pos="53.28" lane="1/1to1/0_0" slope="0.00"/>
        <vehicle id="7" x="398.35" y="405.98" angle="0.00" type="DEFAULT_VEHTYPE" speed="13.83" pos="189.27" lane="2/3to2/2_0" slope="0.00"/>
        <vehicle id="8" x="601.47" y="396.53" angle="-177.89" type="DEFAULT_VEHTYPE" speed="5.39" pos="1.30" lane=":3/2_10_0" slope="0.00"/>
        <vehicle id="9" x="209.22" y="401.65" angle="-90.00" type="DEFAULT_VEHTYPE" speed="2.93" pos="186.03" lane="2/2to1/2_0" slope="0.00"/>
    </timestep>
    <timestep time="659.00">
        <vehicle id="0" x="601.65" y="331.73" angle="180.00" type="DEFAULT_VEHTYPE" speed="13.10" pos="126.98" lane="3/1to3/2_0" slope="0.00"/>
        <vehicle id="1" x="603.04" y="198.35" angle="90.00" type="DEFAULT_VEHTYPE" speed="7.04" pos="7.79" lane=":3/1_13_0" slope="0.00"/>
        <vehicle id="11" x="407.48" y="401.65" angle="-90.00" type="DEFAULT_VEHTYPE" speed="0.26" pos="187.77" lane="3/2to2/2_0" slope="0.00"/>
        <vehicle id="12" x="408.70" y="198.35" angle="90.00" type="DEFAULT_VEHTYPE" speed="6.62" pos="3.95" lane="2/1to3/1_0" slope="0.00"/>
        <vehicle id="14" x="398.35" y="133.09" angle="0.00" type="DEFAULT_VEHTYPE" speed="13.73" pos="62.16" lane="2/1to2/0_0" slope="0.00"/>
        <vehicle id="15" x="140.22" y="201.65" angle="-90.00" type="DEFAULT_VEHTYPE" speed="13.84" pos="55.03" lane="1/1to0/1_0" slope="0.00"/>
        <vehicle id="16" x="198.35" y="96.51" angle="0.00" type="DEFAULT_VEHTYPE" speed="12.96" pos="98.74" lane="1/1to1/0_0" slope="0.00"/>
        <vehicle id="17" x="240.23" y="401.65" angle="-90.00" type="DEFAULT_VEHTYPE" speed="13.36" pos="155.02" lane="2/2to1/2_0" slope="0.00"/>
        <vehicle id="18" x="715.29" y="201.65" angle="-90.00" type="DEFAULT_VEHTYPE" speed="13.41" pos="84.71" lane="4/1to3/1_0" slope="0.00"/>
        <vehicle id="19" x="398.35" y="281.98" angle="0.00" type="DEFAULT_VEHTYPE" speed="13.15" pos="113.27" lane="2/2to2/1_0" slope="0.00"/>
        <vehicle id="2" x="178.19" y="198.35" angle="90.00" type="DEFAULT_VEHTYPE" speed="10.09" pos="178.19" lane="0/1to1/1_0" slope="0.00"/>
        <vehicle id="20" x="653.32" y="198.35" angle="90.00" type="DEFAULT_VEHTYPE" speed="13.32" pos="48.57" lane="3/1to4/1_0" slope="0.00"/>
        <vehicle id="21" x="135.70" y="198.35" angle="90.00" type="DEFAULT_VEHTYPE" speed="12.94" pos="135.70" lane="0/1to1/1_0" slope="0.00"/>
        <vehicle id="22" x="458.61" y="401.65" angle="-90.00" type="DEFAULT_VEHTYPE" speed="12.61" pos="136.64" lane="3/2to2/2_0" slope="0.00"/>
        <vehicle id="23" x="601.65" y="293.49" angle="180.00" type="DEFAULT_VEHTYPE" speed="13.51" pos="88.74" lane="3/1to3/2_0" slope="0.00"/>
        <vehicle id="24" x="398.35" y="92.71" angle="0.00" type="DEFAULT_VEHTYPE" speed="13.62" pos="102.54" lane="2/1to2/0_0" slope="0.00"/>
        <vehicle id="3" x="507.62" y="401.65" angle="-90.00" type="DEFAULT_VEHTYPE" speed="13.36" pos="87.63" lane="3/2to2/2_0" slope="0.00"/>
        <vehicle id="4" x="416.26" y="401.65" angle="-90.00" type="DEFAULT_VEHTYPE" speed="2.47" pos="178.99" lane="3/2to2/2_0" slope="0.00"/>
        <vehicle id="5" x="201.65" y="295.40" angle="180.00" type="DEFAULT_VEHTYPE" speed="13.23" pos="90.65" lane="1/1to1/2_0" slope="0.00"/>
        <vehicle id="6" x="198.35" y="128.10" angle="0.00" type="DEFAULT_VEHTYPE" speed="13.86" pos="67.15" lane="1/1to1/0_0" slope="0.00"/>
        <vehicle id="7" x="398.35" y="392.69" angle="0.00" type="DEFAULT_VEHTYPE" speed="13.29" pos="2.56" lane="2/2to2/1_0" slope="0.00"/>
        <vehicle id="8" x="596.47" y="401.48" angle="-119.61" type="DEFAULT_VEHTYPE" speed="7.79" pos="1.94" lane=":3/2_18_0" slope="0.00"/>
        <vehicle id="9" x="203.77" y="401.51" angle="-88.39" type="DEFAULT_VEHTYPE" speed="5.46" pos="0.99" lane=":1/2_6_0" slope="0.00"/>
    </timestep>
    <timestep time="660.00">
        <vehicle id="0" x="601.65" y="345.04" angle="180.00" type="DEFAULT_VEHTYPE" speed="13.31" pos="140.29" lane="3/1to3/2_0" slope="0.00"/>
        <vehicle id="1" x="611.55" y="198.35" angle="90.00" type="DEFAULT_VEHTYPE" speed="8.51" pos="6.80" lane="3/1to4/1_0" slope="0.00"/>
        <vehicle id="11" x="407.34" y="401.65" angle="-90.00" type="DEFAULT_VEHTYPE" speed="0.14" pos="187.91" lane="3/2to2/2_0" slope="0.00"/>
        <vehicle id="12" x="417.85" y="198.35" angle="90.00" type="DEFAULT_VEHTYPE" speed="9.16" pos="13.10" lane="2/1to3/1_0" slope="0.00"/>
        <vehicle id="14" x="398.35" y="119.43" angle="0.00" type="DEFAULT_VEHTYPE" speed="13.66" pos="75.82" lane="2/1to2/0_0" slope="0.00"/>
        <vehicle id="15" x="127.46" y="201.65" angle="-90.00" type="DEFAULT_VEHTYPE" speed="12.76" pos="67.79" lane="1/1to0/1_0" slope="0.00"/>
        <vehicle id="16" x="198.35" y="83.21" angle="0.00" type="DEFAULT_VEHTYPE" speed="13.30" pos="112.04" lane="1/1to1/0_0" slope="0.00"/>
        <vehicle id="17" x="227.20" y="401.65" angle="-90.00" type="DEFAULT_VEHTYPE" speed="13.03" pos="168.05" lane="2/2to1/2_0" slope="0.00"/>
        <vehicle id="18" x="702.37" y="201.65" angle="-90.00" type="DEFAULT_VEHTYPE" speed="12.92" pos="97.63" lane="4/1to3/1_0" slope="0.00"/>
        <vehicle id="19" x="398.35" y="268.21" angle="0.00" type="DEFAULT_VEHTYPE" speed="13.77" pos="127.04" lane="2/2to2/1_0" slope="0.00"/>
        <vehicle id="2" x="185.87" y="198.35" angle="90.00" type="DEFAULT_VEHTYPE" speed="7.68" pos="185.87" lane="0/1to1/1_0" slope="0.00"/>
        <vehicle id="20" x="666.39" y="198.35" angle="90.00" type="DEFAULT_VEHTYPE" speed="13.07" pos="61.64" lane="3/1to4/1_0" slope="0.00"/>
        <vehicle id="21" x="148.42" y="198.35" angle="90.00" type="DEFAULT_VEHTYPE" speed="12.72" pos="148.42" lane="0/1to1/1_0" slope="0.00"/>
        <vehicle id="22" x="445.63" y="401.65" angle="-90.00" type="DEFAULT_VEHTYPE" speed="12.98" pos="149.62" lane="3/2to2/2_0" slope="0.00"/>
        <vehicle id="23" x="601.65" y="306.18" angle="180.00" type="DEFAULT_VEHTYPE" speed="12.69" pos="101.43" lane="3/1to3/2_0" slope="0.00"/>
        <vehicle id="24" x="398.35" y="79.16" angle="0.00" type="DEFAULT_VEHTYPE" speed="13.55" pos="116.09" lane="2/1to2/0_0" slope="0.00"/>
        <vehicle id="3" x="493.94" y="401.65" angle="-90.00" type="DEFAULT_VEHTYPE" speed="13.68" pos="101.31" lane="3/2to2/2_0" slope="0.00"/>
        <vehicle id="4" x="415.66" y="401.65" angle="-90.00" type="DEFAULT_VEHTYPE" speed="0.60" pos="179.59" lane="3/2to2/2_0" slope="0.00"/>
        <vehicle id="5" x="201.65" y="309.12" angle="180.00" type="DEFAULT_VEHTYPE" speed="13.72" pos="104.37" lane="1/1to1/2_0" slope="0.00"/>
        <vehicle id="6" x="198.35" y="115.03" angle="0.00" type="DEFAULT_VEHTYPE" speed="13.07" pos="80.22" lane="1/1to1/0_0" slope="0.00"/>
        <vehicle id="7" x="398.35" y="379.25" angle="0.00" type="DEFAULT_VEHTYPE" speed="13.44" pos="16.00" lane="2/2to2/1_0" slope="0.00"/>
        <vehicle id="8" x="586.31" y="401.65" angle="-90.00" type="DEFAULT_VEHTYPE" speed="10.17" pos="8.94" lane="3/2to2/2_0" slope="0.00"/>
        <vehicle id="9" x="198.63" y="397.18" angle="-37.02" type="DEFAULT_VEHTYPE" speed="7.38" pos="8.37" lane=":1/2_6_0" slope="0.00"/>
    </timestep>
    <timestep time="661.00">
        <vehicle id="0" x="601.65" y="358.21" angle="180.00" type="DEFAULT_VEHTYPE" speed="13.17" pos="153.46" lane="3/1to3/2_0" slope="0.00"/>
        <vehicle id="1" x="621.82" y="198.35" angle="90.00" type="DEFAULT_VEHTYPE" speed="10.27" pos="17.07" lane="3/1to4/1_0" slope="0.00"/>
        <vehicle id="11" x="405.79" y="401.65" angle="-90.00" type="DEFAULT_VEHTYPE" speed="1.55" pos="189.46" lane="3/2to2/2_0" slope="0.00"/>
        <vehicle id="12" x="428.94" y="198.35" angle="90.00" type="DEFAULT_VEHTYPE" speed="11.09" pos="24.19" lane="2/1to3/1_0" slope="0.00"/>
        <vehicle id="14" x="398.35" y="105.72" angle="0.00" type="DEFAULT_VEHTYPE" speed="13.71" pos="89.53" lane="2/1to2/0_0" slope="0.00"/>
        <vehicle id="15" x="114.82" y="201.65" angle="-90.00" type="DEFAULT_VEHTYPE" speed="12.65" pos="80.43" lane="1/1to0/1_0" slope="0.00"/>
        <vehicle id="16" x="198.35" y="70.31" angle="0.00" type="DEFAULT_VEHTYPE" speed="12.90" pos="124.94" lane="1/1to1/0_0" slope="0.00"/>
        <vehicle id="17" x="218.64" y="401.65" angle="-90.00" type="DEFAULT_VEHTYPE" speed="8.56" pos="176.61" lane="2/2to1/2_0" slope="0.00"/>
        <vehicle id="18" x="689.00" y="201.65" angle="-90.00" type="DEFAULT_VEHTYPE" speed="13.37" pos="111.00" lane="4/1to3/1_0" slope="0.00"/>
        <vehicle id="19" x="398.35" y="255.20" angle="0.00" type="DEFAULT_VEHTYPE" speed="13.01" pos="140.05" lane="2/2to2/1_0" slope="0.00"/>
        <vehicle id="2" x="189.48" y="198.35" angle="90.00" type="DEFAULT_VEHTYPE" speed="3.61" pos="189.48" lane="0/1to1/1_0" slope="0.00"/>
        <vehicle id="20" x="679.81" y="198.35" angle="90.00" type="DEFAULT_VEHTYPE" speed="13.43" pos="75.06" lane="3/1to4/1_0" slope="0.00"/>
        <vehicle id="21" x="161.20" y="198.35" angle="90.00" type="DEFAULT_VEHTYPE" speed="12.78" pos="161.20" lane="0/1to1/1_0" slope="0.00"/>
        <vehicle id="22" x="436.29" y="401.65" angle="-90.00" type="DEFAULT_VEHTYPE" speed="9.33" pos="158.96" lane="3/2to2/2_0" slope="0.00"/>
        <vehicle id="23" x="601.65" y="319.96" angle="180.00" type="DEFAULT_VEHTYPE" speed="13.77" pos="115.21" lane="3/1to3/2_0" slope="0.00"/>
        <vehicle id="24" x="398.35" y="66.20" angle="0.00" type="DEFAULT_VEHTYPE" speed="12.96" pos="129.05" lane="2/1to2/0_0" slope="0.00"/>
        <vehicle id="3" x="481.01" y="401.65" angle="-90.00" type="DEFAULT_VEHTYPE" speed="12.93" pos="114.24" lane="3/2to2/2_0" slope="0.00"/>
        <vehicle id="4" x="414.95" y="401.65" angle="-90.00" type="DEFAULT_VEHTYPE" speed="0.71" pos="180.30" lane="3/2to2/2_0" slope="0.00"/>
        <vehicle id="5" x="201.65" y="321.79" angle="180.00" type="DEFAULT_VEHTYPE" speed="12.67" pos="117.04" lane="1/1to1/2_0" slope="0.00"/>
        <vehicle id="6" x="198.35" y="102.18" angle="0.00" type="DEFAULT_VEHTYPE" speed="12.85" pos="93.07" lane="1/1to1/0_0" slope="0.00"/>
        <vehicle id="7" x="398.35" y="365.51" angle="0.00" type="DEFAULT_VEHTYPE" speed="13.74" pos="29.74" lane="2/2to2/1_0" slope="0.00"/>
        <vehicle id="8" x="573.72" y="401.65" angle="-90.00" type="DEFAULT_VEHTYPE" speed="12.59" pos="21.53" lane="3/2to2/2_0" slope="0.00"/>
        <vehicle id="9" x="198.35" y="387.88" angle="0.00" type="DEFAULT_VEHTYPE" speed="9.31" pos="7.37" lane="1/2to1/1_0" slope="0.00"/>
    </timestep>
    <timestep time="662.00">
        <vehicle id="0" x="601.65" y="370.99" angle="180.00" type="DEFAULT_VEHTYPE" speed="12.78" pos="166.24" lane="3/1to3/2_0" slope="0.00"/>
        <vehicle id="1" x="633.80" y="198.35" angle="90.00" type="DEFAULT_VEHTYPE" speed="11.97" pos="29.05" lane="3/1to4/1_0" slope="0.00"/>
        <vehicle id="11" x="402.68" y="401.35" angle="-86.60" type="DEFAULT_VEHTYPE" speed="3.13" pos="2.09" lane=":2/2_6_0" slope="0.00"/>
        <vehicle id="12" x="441.45" y="198.35" angle="90.00" type="DEFAULT_VEHTYPE" speed="12.51" pos="36.70" lane="2/1to3/1_0" slope="0.00"/>
        <vehicle id="14" x="398.35" y="92.62" angle="0.00" type="DEFAULT_VEHTYPE" speed="13.10" pos="102.63" lane="2/1to2/0_0" slope="0.00"/>
        <vehicle id="15" x="102.10" y="201.65" angle="-90.00" type="DEFAULT_VEHTYPE" speed="12.72" pos="93.15" lane="1/1to0/1_0" slope="0.00"/>
        <vehicle id="16" x="198.35" y="56.63" angle="0.00" type="DEFAULT_VEHTYPE" speed="13.68" pos="138.62" lane="1/1to1/0_0" slope="0.00"/>
        <vehicle id="17" x="212.80" y="401.65" angle="-90.00" type="DEFAULT_VEHTYPE" speed="5.83" pos="182.45" lane="2/2to1/2_0" slope="0.00"/>
        <vehicle id="18" x="676.04" y="201.65" angle="-90.00" type="DEFAULT_VEHTYPE" speed="12.96" pos="123.96" lane="4/1to3/1_0" slope="0.00"/>
        <vehicle id="19" x="398.35" y="242.35" angle="0.00" type="DEFAULT_VEHTYPE" speed="12.85" pos="152.90" lane="2/2to2/1_0" slope="0.00"/>
        <vehicle id="2" x="195.44" y="198.32" angle="89.70" type="DEFAULT_VEHTYPE" speed="5.96" pos="0.19" lane=":1/1_12_0" slope="0.00"/>
        <vehicle id="20" x="693.71" y="198.35" angle="90.00" type="DEFAULT_VEHTYPE" speed="13.89" pos="88.96" lane="3/1to4/1_0" slope="0.00"/>
        <vehicle id="21" x="170.70" y="198.35" angle="90.00" type="DEFAULT_VEHTYPE" speed="9.50" pos="170.70" lane="0/1to1/1_0" slope="0.00"/>
        <vehicle id="22" x="428.78" y="401.65" angle="-90.00" type="DEFAULT_VEHTYPE" speed="7.51" pos="166.47" lane="3/2to2/2_0" slope="0.00"/>
        <vehicle id="23" x="601.65" y="333.50" angle="180.00" type="DEFAULT_VEHTYPE" speed="13.54" pos="128.75" lane="3/1to3/2_0" slope="0.00"/>
        <vehicle id="24" x="398.35" y="52.47" angle="0.00" type="DEFAULT_VEHTYPE" speed="13.72" pos="142.78" lane="2/1to2/0_0" slope="0.00"/>
        <vehicle id="3" x="468.26" y="401.65" angle="-90.00" type="DEFAULT_VEHTYPE" speed="12.74" pos="126.99" lane="3/2to2/2_0" slope="0.00"/>
        <vehicle id="4" x="413.78" y="401.65" angle="-90.00" type="DEFAULT_VEHTYPE" speed="1.17" pos="181.47" lane="3/2to2/2_0" slope="0.00"/>
        <vehicle id="5" x="201.65" y="334.46" angle="180.00" type="DEFAULT_VEHTYPE" speed="12.67" pos="129.71" lane="1/1to1/2_0" slope="0.00"/>
        <vehicle id="6" x="198.35" y="89.50" angle="0.00" type="DEFAULT_VEHTYPE" speed="12.68" pos="105.75" lane="1/1to1/0_0" slope="0.00"/>
        <vehicle id="7" x="398.35" y="352.34" angle="0.00" type="DEFAULT_VEHTYPE" speed="13.17" pos="42.91" lane="2/2to2/1_0" slope="0.00"/>
        <vehicle id="8" x="559.90" y="401.65" angle="-90.00" type="DEFAULT_VEHTYPE" speed="13.82" pos="35.35" lane="3/2to2/2_0" slope="0.00"/>
        <vehicle id="9" x="198.35" y="377.06" angle="0.00" type="DEFAULT_VEHTYPE" speed="10.83" pos="18.19" lane="1/2to1/1_0" slope="0.00"/>
    </timestep>
    <timestep time="663.00">
        <vehicle id="0" x="601.65" y="380.96" angle="180.00" type="DEFAULT_VEHTYPE" speed="9.97" pos="176.21" lane="3/1to3/2_0" slope="0.00"/>
        <vehicle id="1" x="646.79" y="198.35" angle="90.00" type="DEFAULT_VEHTYPE" speed="13.00" pos="42.04" lane="3/1to4/1_0" slope="0.00"/>
        <vehicle id="11" x="399.03" y="398.52" angle="-53.09" type="DEFAULT_VEHTYPE" speed="4.85" pos="6.94" lane=":2/2_6_0" slope="0.00"/>
        <vehicle id="12" x="454.06" y="198.35" angle="90.00" type="DEFAULT_VEHTYPE" speed="12.61" pos="49.31" lane="2/1to3/1_0" slope="0.00"/>
        <vehicle id="14" x="398.35" y="79.04" angle="0.00" type="DEFAULT_VEHTYPE" speed="13.58" pos="116.21" lane="2/1to2/0_0" slope="0.00"/>
        <vehicle id="15" x="88.28" y="201.65" angle="-90.00" type="DEFAULT_VEHTYPE" speed="13.82" pos="106.97" lane="1/1to0/1_0" slope="0.00"/>
        <vehicle id="16" x="198.35" y="43.48" angle="0.00" type="DEFAULT_VEHTYPE" speed="13.15" pos="151.77" lane="1/1to1/0_0" slope="0.00"/>
        <vehicle id="17" x="209.18" y="401.65" angle="-90.00" type="DEFAULT_VEHTYPE" speed="3.62" pos="186.07" lane="2/2to1/2_0" slope="0.00"/>
        <vehicle id="18" x="662.17" y="201.65" angle="-90.00" type="DEFAULT_VEHTYPE" speed="13.87" pos="137.83" lane="4/1to3/1_0" slope="0.00"/>
        <vehicle id="19" x="398.35" y="229.06" angle="0.00" type="DEFAULT_VEHTYPE" speed="13.29" pos="166.19" lane="2/2to2/1_0" slope="0.00"/>
        <vehicle id="2" x="198.35" y="192.73" angle="9.01" type="DEFAULT_VEHTYPE" speed="7.33" pos="2.52" lane="1/1to1/0_0" slope="0.00"/>
        <vehicle id="20" x="707.07" y="198.35" angle="90.00" type="DEFAULT_VEHTYPE" speed="13.36" pos="102.32" lane="3/1to4/1_0" slope="0.00"/>
        <vehicle id="21" x="180.43" y="198.35" angle="90.00" type="DEFAULT_VEHTYPE" speed="9.73" pos="180.43" lane="0/1to1/1_0" slope="0.00"/>
        <vehicle id="22" x="424.14" y="401.65" angle="-90.00" type="DEFAULT_VEHTYPE" speed="4.65" pos="171.11" lane="3/2to2/2_0" slope="0.00"/>
        <vehicle id="23" x="601.65" y="346.24" angle="180.00" type="DEFAULT_VEHTYPE" speed="12.74" pos="141.49" lane="3/1to3/2_0" slope="0.00"/>
        <vehicle id="24" x="398.35" y="38.97" angle="0.00" type="DEFAULT_VEHTYPE" speed="13.50" pos="156.28" lane="2/1to2/0_0" slope="0.00"/>
        <vehicle id="3" x="455.53" y="401.65" angle="-90.00" type="DEFAULT_VEHTYPE" speed="12.74" pos="139.72" lane="3/2to2/2_0" slope="0.00"/>
        <vehicle id="4" x="411.04" y="401.65" angle="-90.00" type="DEFAULT_VEHTYPE" speed="2.74" pos="184.21" lane="3/2to2/2_0" slope="0.00"/>
        <vehicle id="5" x="201.65" y="348.30" angle="180.00" type="DEFAULT_VEHTYPE" speed="13.84" pos="143.55" lane="1/1to1/2_0" slope="0.00"/>
        <vehicle id="6" x="198.35" y="75.81" angle="0.00" type="DEFAULT_VEHTYPE" speed="13.69" pos="119.44" lane="1/1to1/0_0" slope="0.00"/>
        <vehicle id="7" x="398.35" y="339.43" angle="0.00" type="DEFAULT_VEHTYPE" speed="12.90" pos="55.82" lane="2/2to2/1_0" slope="0.00"/>
        <vehicle id="8" x="546.58" y="401.65" angle="-90.00" type="DEFAULT_VEHTYPE" speed="13.32" pos="48.67" lane="3/2to2/2_0" slope="0.00"/>
        <vehicle id="9" x="198.35" y="364.22" angle="0.00" type="DEFAULT_VEHTYPE" speed="12.83" pos="31.03" lane="1/2to1/1_0" slope="0.00"/>
    </timestep>
    <timestep time="664.00">
        <vehicle id="0" x="601.65" y="387.16" angle="180.00" type="DEFAULT_VEHTYPE" speed="6.21" pos="182.41" lane="3/1to3/2_0" slope="0.00"/>
        <vehicle id="1" x="659.72" y="198.35" angle="90.00" type="DEFAULT_VEHTYPE" speed="12.92" pos="54.97" lane="3/1to4/1_0" slope="0.00"/>
        <vehicle id="11" x="398.35" y="391.66" angle="-2.30" type="DEFAULT_VEHTYPE" speed="6.97" pos="3.59" lane="2/2to2/1_0" slope="0.00"/>
        <vehicle id="12" x="467.91" y="198.35" angle="90.00" type="DEFAULT_VEHTYPE" speed="13.86" pos="63.16" lane="2/1to3/1_0" slope="0.00"/>
        <vehicle id="14" x="398.35" y="66.37" angle="0.00" type="DEFAULT_VEHTYPE" speed="12.67" pos="128.88" lane="2/1to2/0_0" slope="0.00"/>
        <vehicle id="15" x="75.43" y="201.65" angle="-90.00" type="DEFAULT_VEHTYPE" speed="12.85" pos="119.82" lane="1/1to0/1_0" slope="0.00"/>
        <vehicle id="16" x="198.35" y="30.40" angle="0.00" type="DEFAULT_VEHTYPE" speed="13.08" pos="164.85" lane="1/1to1/0_0" slope="0.00"/>
        <vehicle id="17" x="203.13" y="401.42" angle="-87.34" type="DEFAULT_VEHTYPE" speed="6.07" pos="1.64" lane=":1/2_6_0" slope="0.00"/>
        <vehicle id="18" x="649.02" y="201.65" angle="-90.00" type="DEFAULT_VEHTYPE" speed="13.15" pos="150.98" lane="4/1to3/1_0" slope="0.00"/>
        <vehicle id="19" x="398.35" y="215.88" angle="0.00" type="DEFAULT_VEHTYPE" speed="13.18" pos="179.37" lane="2/2to2/1_0" slope="0.00"/>
        <vehicle id="2" x="198.35" y="183.15" angle="0.00" type="DEFAULT_VEHTYPE" speed="9.58" pos="12.10" lane="1/1to1/0_0" slope="0.00"/>
        <vehicle id="20" x="720.96" y="198.35" angle="90.00" type="DEFAULT_VEHTYPE" speed="13.90" pos="116.21" lane="3/1to4/1_0" slope="0.00"/>
        <vehicle id="21" x="187.35" y="198.35" angle="90.00" type="DEFAULT_VEHTYPE" speed="6.92" pos="187.35" lane="0/1to1/1_0" slope="0.00"/>
        <vehicle id="22" x="420.81" y="401.65" angle="-90.00" type="DEFAULT_VEHTYPE" speed="3.33" pos="174.44" lane="3/2to2/2_0" slope="0.00"/>
        <vehicle id="23" x="601.65" y="359.09" angle="180.00" type="DEFAULT_VEHTYPE" speed="12.86" pos="154.34" lane="3/1to3/2_0" slope="0.00"/>
        <vehicle id="24" x="398.35" y="25.98" angle="0.00" type="DEFAULT_VEHTYPE" speed="12.99" pos="169.27" lane="2/1to2/0_0" slope="0.00"/>
        <vehicle id="3" x="444.07" y="401.65" angle="-90.00" type="DEFAULT_VEHTYPE" speed="11.46" pos="151.18" lane="3/2to2/2_0" slope="0.00"/>
        <vehicle id="4" x="405.75" y="401.65" angle="-90.00" type="DEFAULT_VEHTYPE" speed="5.29" pos="189.50" lane="3/2to2/2_0" slope="0.00"/>
        <vehicle id="5" x="201.65" y="361.90" angle="180.00" type="DEFAULT_VEHTYPE" speed="13.60" pos="157.15" lane="1/1to1/2_0" slope="0.00"/>
        <vehicle id="6" x="198.35" y="62.04" angle="0.00" type="DEFAULT_VEHTYPE" speed="13.77" pos="133.21" lane="1/1to1/0_0" slope="0.00"/>
        <vehicle id="7" x="398.35" y="326.75" angle="0.00" type="DEFAULT_VEHTYPE" speed="12.68" pos="68.50" lane="2/2to2/1_0" slope="0.00"/>
        <vehicle id="8" x="533.08" y="401.65" angle="-90.00" type="DEFAULT_VEHTYPE" speed="13.50" pos="62.17" lane="3/2to2/2_0" slope="0.00"/>
        <vehicle id="9" x="198.35" y="350.96" angle="0.00" type="DEFAULT_VEHTYPE" speed="13.26" pos="44.29" lane="1/2to1/1_0" slope="0.00"/>
    </timestep>
    <timestep time="665.00">
        <vehicle id="0" x="601.65" y="390.26" angle="180.00" type="DEFAULT_VEHTYPE" speed="3.10" pos="185.51" lane="3/1to3/2_0" slope="0.00"/>
        <vehicle id="1" x="673.38" y="198.35" angle="90.00" type="DEFAULT_VEHTYPE" speed="13.66" pos="68.63" lane="3/1to4/1_0" slope="0.00"/>
        <vehicle id="11" x="398.35" y="382.81" angle="0.00" type="DEFAULT_VEHTYPE" speed="8.86" pos="12.44" lane="2/2to2/1_0" slope="0.00"/>
        <vehicle id="12" x="480.57" y="198.35" angle="90.00" type="DEFAULT_VEHTYPE" speed="12.66" pos="75.82" lane="2/1to3/1_0" slope="0.00"/>
        <vehicle id="14" x="398.35" y="53.33" angle="0.00" type="DEFAULT_VEHTYPE" speed="13.04" pos="141.92" lane="2/1to2/0_0" slope="0.00"/>
        <vehicle id="15" x="62.47" y="201.65" angle="-90.00" type="DEFAULT_VEHTYPE" speed="12.96" pos="132.78" lane="1/1to0/1_0" slope="0.00"/>
        <vehicle id="16" x="198.35" y="16.71" angle="0.00" type="DEFAULT_VEHTYPE" speed="13.68" pos="178.54" lane="1/1to1/0_0" slope="0.00"/>
        <vehicle id="17" x="198.41" y="395.64" angle="-21.08" type="DEFAULT_VEHTYPE" speed="8.29" pos="9.93" lane=":1/2_6_0" slope="0.00"/>
        <vehicle id="18" x="636.05" y="201.65" angle="-90.00" type="DEFAULT_VEHTYPE" speed="12.98" pos="163.95" lane="4/1to3/1_0" slope="0.00"/>
        <vehicle id="19" x="398.35" y="202.09" angle="0.00" type="DEFAULT_VEHTYPE" speed="13.78" pos="2.66" lane=":2/1_1_0" slope="0.00"/>
        <vehicle id="2" x="198.35" y="172.25" angle="0.00" type="DEFAULT_VEHTYPE" speed="10.90" pos="23.00" lane="1/1to1/0_0" slope="0.00"/>
        <vehicle id="20" x="734.45" y="198.35" angle="90.00" type="DEFAULT_VEHTYPE" speed="13.48" pos="129.70" lane="3/1to4/1_0" slope="0.00"/>
        <vehicle id="21" x="190.67" y="198.35" angle="90.00" type="DEFAULT_VEHTYPE" speed="3.32" pos="190.67" lane="0/1to1/1_0" slope="0.00"/>
        <vehicle id="22" x="414.97" y="401.65" angle="-90.00" type="DEFAULT_VEHTYPE" speed="5.84" pos="180.28" lane="3/2to2/2_0" slope="0.00"/>
        <vehicle id="23" x="601.65" y="370.18" angle="180.00" type="DEFAULT_VEHTYPE" speed="11.09" pos="165.43" lane="3/1to3/2_0" slope="0.00"/>
        <vehicle id="24" x="398.35" y="12.89" angle="0.00" type="DEFAULT_VEHTYPE" speed="13.10" pos="182.36" lane="2/1to2/0_0" slope="0.00"/>
        <vehicle id="3" x="436.62" y="401.65" angle="-90.00" type="DEFAULT_VEHTYPE" speed="7.45" pos="158.63" lane="3/2to2/2_0" slope="0.00"/>
        <vehicle id="4" x="398.99" y="401.65" angle="-90.00" type="DEFAULT_VEHTYPE" speed="6.76" pos="5.76" lane=":2/2_5_0" slope="0.00"/>
        <vehicle id="5" x="201.65" y="374.65" angle="180.00" type="DEFAULT_VEHTYPE" speed="12.75" pos="169.90" lane="1/1to1/2_0" slope="0.00"/>
        <vehicle id="6" x="198.35" y="48.66" angle="0.00" type="DEFAULT_VEHTYPE" speed="13.39" pos="146.59" lane="1/1to1/0_0" slope="0.00"/>
        <vehicle id="7" x="398.35" y="314.08" angle="0.00" type="DEFAULT_VEHTYPE" speed="12.68" pos="81.17" lane="2/2to2/1_0" slope="0.00"/>
        <vehicle id="8" x="519.61" y="401.65" angle="-90.00" type="DEFAULT_VEHTYPE" speed="13.47" pos="75.64" lane="3/2to2/2_0" slope="0.00"/>
        <vehicle id="9" x="198.35" y="338.28" angle="0.00" type="DEFAULT_VEHTYPE" speed="12.68" pos="56.97" lane="1/2to1/1_0" slope="0.00"/>
    </timestep>
    <timestep time="666.00">
        <vehicle id="0" x="601.65" y="395.21" angle="180.00" type="DEFAULT_VEHTYPE" speed="4.95" pos="190.46" lane="3/1to3/2_0" slope="0.00"/>
        <vehicle id="1" x="687.23" y="198.35" angle="90.00" type="DEFAULT_VEHTYPE" speed="13.86" pos="82.48" lane="3/1to4/1_0" slope="0.00"/>
        <vehicle id="11" x="398.35" y="372.62" angle="0.00" type="DEFAULT_VEHTYPE" speed="10.19" pos="22.63" lane="2/2to2/1_0" slope="0.00"/>
        <vehicle id="12" x="493.30" y="198.35" angle="90.00" type="DEFAULT_VEHTYPE" speed="12.73" pos="88.55" lane="2/1to3/1_0" slope="0.00"/>
        <vehicle id="14" x="398.35" y="40.27" angle="0.00" type="DEFAULT_VEHTYPE" speed="13.06" pos="154.98" lane="2/1to2/0_0" slope="0.00"/>
        <vehicle id="15" x="49.00" y="201.65" angle="-90.00" type="DEFAULT_VEHTYPE" speed="13.47" pos="146.25" lane="1/1to0/1_0" slope="0.00"/>
        <vehicle id="16" x="198.35" y="2.83" angle="0.00" type="DEFAULT_VEHTYPE" speed="13.89" pos="192.42" lane="1/1to1/0_0" slope="0.00"/>
        <vehicle id="17" x="198.35" y="385.36" angle="0.00" type="DEFAULT_VEHTYPE" speed="10.29" pos="9.89" lane="1/2to1/1_0" slope="0.00"/>
        <vehicle id="18" x="624.67" y="201.65" angle="-90.00" type="DEFAULT_VEHTYPE" speed="11.37" pos="175.33" lane="4/1to3/1_0" slope="0.00"/>
        <vehicle id="19" x="398.35" y="188.51" angle="0.00" type="DEFAULT_VEHTYPE" speed="13.58" pos="6.74" lane="2/1to2/0_0" slope="0.00"/>
        <vehicle id="2" x="198.35" y="159.27" angle="0.00" type="DEFAULT_VEHTYPE" speed="12.98" pos="35.98" lane="1/1to1/0_0" slope="0.00"/>
        <vehicle id="20" x="747.15" y="198.35" angle="90.00" type="DEFAULT_VEHTYPE" speed="12.70" pos="142.40" lane="3/1to4/1_0" slope="0.00"/>
        <vehicle id="21" x="195.97" y="198.25" angle="88.84" type="DEFAULT_VEHTYPE" speed="5.31" pos="0.73" lane=":1/1_12_0" slope="0.00"/>
        <vehicle id="22" x="410.58" y="401.65" angle="-90.00" type="DEFAULT_VEHTYPE" speed="4.39" pos="184.67" lane="3/2to2/2_0" slope="0.00"/>
        <vehicle id="23" x="601.65" y="377.04" angle="180.00" type="DEFAULT_VEHTYPE" speed="6.86" pos="172.29" lane="3/1to3/2_0" slope="0.00"/>
        <vehicle id="24" x="398.43" y="-0.12" angle="0.88" type="DEFAULT_VEHTYPE" speed="13.02" pos="0.14" lane=":2/0_0_0" slope="0.00"/>
        <vehicle id="3" x="428.02" y="401.65" angle="-90.00" type="DEFAULT_VEHTYPE" speed="8.60" pos="167.23" lane="3/2to2/2_0" slope="0.00"/>
        <vehicle id="4" x="390.68" y="401.65" angle="-90.00" type="DEFAULT_VEHTYPE" speed="8.31" pos="4.57" lane="2/2to1/2_0" slope="0.00"/>
        <vehicle id="5" x="201.65" y="388.15" angle="180.00" type="DEFAULT_VEHTYPE" speed="13.50" pos="183.40" lane="1/1to1/2_0" slope="0.00"/>
        <vehicle id="6" x="198.35" y="34.90" angle="0.00" type="DEFAULT_VEHTYPE" speed="13.76" pos="160.35" lane="1/1to1/0_0" slope="0.00"/>
        <vehicle id="7" x="398.35" y="301.15" angle="0.00" type="DEFAULT_VEHTYPE" speed="12.93" pos="94.10" lane="2/2to2/1_0" slope="0.00"/>
        <vehicle id="8" x="506.13" y="401.65" angle="-90.00" type="DEFAULT_VEHTYPE" speed="13.48" pos="89.12" lane="3/2to2/2_0" slope="0.00"/>
        <vehicle id="9" x="198.35" y="325.10" angle="0.00" type="DEFAULT_VEHTYPE" speed="13.19" pos="70.15" lane="1/2to1/1_0" slope="0.00"/>
    </timestep>
    <timestep time="667.00">
        <vehicle id="0" x="598.13" y="401.20" angle="-138.35" type="DEFAULT_VEHTYPE" speed="7.43" pos="0.26" lane=":3/2_18_0" slope="0.00"/>
        <vehicle id="1" x="700.19" y="198.35" angle="90.00" type="DEFAULT_VEHTYPE" speed="12.96" pos="95.44" lane="3/1to4/1_0" slope="0.00"/>
        <vehicle id="11" x="398.35" y="360.02" angle="0.00" type="DEFAULT_VEHTYPE" speed="12.60" pos="35.23" lane="2/2to2/1_0" slope="0.00"/>
        <vehicle id="12" x="506.43" y="198.35" angle="90.00" type="DEFAULT_VEHTYPE" speed="13.13" pos="101.68" lane="2/1to3/1_0" slope="0.00"/>
        <vehicle id="14" x="398.35" y="27.61" angle="0.00" type="DEFAULT_VEHTYPE" speed="12.66" pos="167.64" lane="2/1to2/0_0" slope="0.00"/>
        <vehicle id="15" x="35.35" y="201.65" angle="-90.00" type="DEFAULT_VEHTYPE" speed="13.65" pos="159.90" lane="1/1to0/1_0" slope="0.00"/>
        <vehicle id="16" x="201.65" y="5.26" angle="180.00" type="DEFAULT_VEHTYPE" speed="12.90" pos="5.26" lane="1/0to1/1_0" slope="0.00"/>
        <vehicle id="17" x="198.35" y="373.47" angle="0.00" type="DEFAULT_VEHTYPE" speed="11.88" pos="21.78" lane="1/2to1/1_0" slope="0.00"/>
        <vehicle id="18" x="616.40" y="201.65" angle="-90.00" type="DEFAULT_VEHTYPE" speed="8.27" pos="183.60" lane="4/1to3/1_0" slope="0.00"/>
        <vehicle id="19" x="398.35" y="175.37" angle="0.00" type="DEFAULT_VEHTYPE" speed="13.14" pos="19.88" lane="2/1to2/0_0" slope="0.00"/>
        <vehicle id="2" x="198.35" y="146.52" angle="0.00" type="DEFAULT_VEHTYPE" speed="12.75" pos="48.73" lane="1/1to1/0_0" slope="0.00"/>
        <vehicle id="20" x="760.64" y="198.35" angle="90.00" type="DEFAULT_VEHTYPE" speed="13.49" pos="155.89" lane="3/1to4/1_0" slope="0.00"/>
        <vehicle id="21" x="198.35" y="191.89" angle="3.80" type="DEFAULT_VEHTYPE" speed="7.63" pos="3.36" lane="1/1to1/0_0" slope="0.00"/>
        <vehicle id="22" x="403.68" y="401.65" angle="-90.00" type="DEFAULT_VEHTYPE" speed="6.90" pos="1.07" lane=":2/2_5_0" slope="0.00"/>
        <vehicle id="23" x="601.65" y="383.48" angle="180.00" type="DEFAULT_VEHTYPE" speed="6.45" pos="178.73" lane="3/1to3/2_0" slope="0.00"/>
        <vehicle id="24" x="401.65" y="8.13" angle="180.00" type="DEFAULT_VEHTYPE" speed="12.81" pos="8.13" lane="2/0to2/1_0" slope="0.00"/>
        <vehicle id="3" x="422.90" y="401.65" angle="-90.00" type="DEFAULT_VEHTYPE" speed="5.12" pos="172.35" lane="3/2to2/2_0" slope="0.00"/>
        <vehicle id="4" x="380.67" y="401.65" angle="-90.00" type="DEFAULT_VEHTYPE" speed="10.02" pos="14.58" lane="2/2to1/2_0" slope="0.00"/>
        <vehicle id="5" x="206.19" y="398.35" angle="111.26" type="DEFAULT_VEHTYPE" speed="13.54" pos="1.44" lane="1/2to2/2_0" slope="0.00"/>
        <vehicle id="6" x="198.35" y="21.41" angle="0.00" type="DEFAULT_VEHTYPE" speed="13.49" pos="173.84" lane="1/1to1/0_0" slope="0.00"/>
        <vehicle id="7" x="398.35" y="287.34" angle="0.00" type="DEFAULT_VEHTYPE" speed="13.81" pos="107.91" lane="2/2to2/1_0" slope="0.00"/>
        <vehicle id="8" x="492.64" y="401.65" angle="-90.00" type="DEFAULT_VEHTYPE" speed="13.48" pos="102.61" lane="3/2to2/2_0" slope="0.00"/>
        <vehicle id="9" x="198.35" y="312.47" angle="0.00" type="DEFAULT_VEHTYPE" speed="12.63" pos="82.78" lane="1/2to1/1_0" slope="0.00"/>
    </timestep>
    <timestep time="668.00">
        <vehicle id="0" x="589.10" y="401.65" angle="-90.00" type="DEFAULT_VEHTYPE" speed="9.08" pos="6.15" lane="3/2to2/2_0" slope="0.00"/>
        <vehicle id="1" x="713.46" y="198.35" angle="90.00" type="DEFAULT_VEHTYPE" speed="13.26" pos="108.71" lane="3/1to4/1_0" slope="0.00"/>
        <vehicle id="11" x="398.35" y="347.21" angle="0.00" type="DEFAULT_VEHTYPE" speed="12.81" pos="48.04" lane="2/2to2/1_0" slope="0.00"/>
        <vehicle id="12" x="519.78" y="198.35" angle="90.00" type="DEFAULT_VEHTYPE" speed="13.36" pos="115.03" lane="2/1to3/1_0" slope="0.00"/>
        <vehicle id="14" x="398.35" y="14.89" angle="0.00" type="DEFAULT_VEHTYPE" speed="12.72" pos="180.36" lane="2/1to2/0_0" slope="0.00"/>
        <vehicle id="15" x="21.93" y="201.65" angle="-90.00" type="DEFAULT_VEHTYPE" speed="13.42" pos="173.32" lane="1/1to0/1_0" slope="0.00"/>
        <vehicle id="16" x="201.65" y="17.91" angle="180.00" type="DEFAULT_VEHTYPE" speed="12.65" pos="17.91" lane="1/0to1/1_0" slope="0.00"/>
        <vehicle id="17" x="198.35" y="360.77" angle="0.00" type="DEFAULT_VEHTYPE" speed="12.70" pos="34.48" lane="1/2to1/1_0" slope="0.00"/>
        <vehicle id="18" x="611.09" y="201.65" angle="-90.00" type="DEFAULT_VEHTYPE" speed="5.31" pos="188.91" lane="4/1to3/1_0" slope="0.00"/>
        <vehicle id="19" x="398.35" y="162.09" angle="0.00" type="DEFAULT_VEHTYPE" speed="13.28" pos="33.16" lane="2/1to2/0_0" slope="0.00"/>
        <vehicle id="2" x="198.35" y="133.77" angle="0.00" type="DEFAULT_VEHTYPE" speed="12.75" pos="61.48" lane="1/1to1/0_0" slope="0.00"/>
        <vehicle id="20" x="773.96" y="198.35" angle="90.00" type="DEFAULT_VEHTYPE" speed="13.31" pos="169.21" lane="3/1to4/1_0" slope="0.00"/>
        <vehicle id="21" x="198.35" y="182.50" angle="0.00" type="DEFAULT_VEHTYPE" speed="9.39" pos="12.75" lane="1/1to1/0_0" slope="0.00"/>
        <vehicle id="22" x="394.37" y="401.65" angle="-90.00" type="DEFAULT_VEHTYPE" speed="9.31" pos="0.88" lane="2/2to1/2_0" slope="0.00"/>
        <vehicle id="23" x="601.65" y="388.47" angle="180.00" type="DEFAULT_VEHTYPE" speed="4.99" pos="183.72" lane="3/1to3/2_0" slope="0.00"/>
        <vehicle id="24" x="401.65" y="21.89" angle="180.00" type="DEFAULT_VEHTYPE" speed="13.76" pos="21.89" lane="2/0to2/1_0" slope="0.00"/>
        <vehicle id="3" x="416.42" y="401.65" angle="-90.00" type="DEFAULT_VEHTYPE" speed="6.48" pos="178.83" lane="3/2to2/2_0" slope="0.00"/>
        <vehicle id="4" x="368.30" y="401.65" angle="-90.00" type="DEFAULT_VEHTYPE" speed="12.36" pos="26.95" lane="2/2to1/2_0" slope="0.00"/>
        <vehicle id="5" x="219.28" y="398.35" angle="90.00" type="DEFAULT_VEHTYPE" speed="13.09" pos="14.53" lane="1/2to2/2_0" slope="0.00"/>
        <vehicle id="6" x="198.35" y="7.86" angle="0.00" type="DEFAULT_VEHTYPE" speed="13.54" pos="187.39" lane="1/1to1/0_0" slope="0.00"/>
        <vehicle id="7" x="398.35" y="274.11" angle="0.00" type="DEFAULT_VEHTYPE" speed="13.23" pos="121.14" lane="2/2to2/1_0" slope="0.00"/>
        <vehicle id="8" x="479.75" y="401.65" angle="-90.00" type="DEFAULT_VEHTYPE" speed="12.89" pos="115.50" lane="3/2to2/2_0" slope="0.00"/>
        <vehicle id="9" x="198.35" y="299.71" angle="0.00" type="DEFAULT_VEHTYPE" speed="12.76" pos="95.54" lane="1/2to1/1_0" slope="0.00"/>
    </timestep>
    <timestep time="669.00">
        <vehicle id="0" x="577.51" y="401.65" angle="-90.00" type="DEFAULT_VEHTYPE" speed="11.59" pos="17.74" lane="3/2to2/2_0" slope="0.00"/>
        <vehicle id="1" x="727.15" y="198.35" angle="90.00" type="DEFAULT_VEHTYPE" speed="13.70" pos="122.40" lane="3/1to4/1_0" slope="0.00"/>
        <vehicle id="11" x="398.35" y="333.94" angle="0.00" type="DEFAULT_VEHTYPE" speed="13.27" pos="61.31" lane="2/2to2/1_0" slope="0.00"/>
        <vehicle id="12" x="533.24" y="198.35" angle="90.00" type="DEFAULT_VEHTYPE" speed="13.46" pos="128.49" lane="2/1to3/1_0" slope="0.00"/>
        <vehicle id="14" x="398.35" y="2.14" angle="0.00" type="DEFAULT_VEHTYPE" speed="12.75" pos="193.11" lane="2/1to2/0_0" slope="0.00"/>
        <vehicle id="15" x="8.50" y="201.65" angle="-90.00" type="DEFAULT_VEHTYPE" speed="13.43" pos="186.75" lane="1/1to0/1_0" slope="0.00"/>
        <vehicle id="16" x="201.65" y="30.74" angle="180.00" type="DEFAULT_VEHTYPE" speed="12.83" pos="30.74" lane="1/0to1/1_0" slope="0.00"/>
        <vehicle id="17" x="198.35" y="347.89" angle="0.00" type="DEFAULT_VEHTYPE" speed="12.87" pos="47.36" lane="1/2to1/1_0" slope="0.00"/>
        <vehicle id="18" x="604.11" y="201.74" angle="-91.02" type="DEFAULT_VEHTYPE" speed="6.98" pos="0.64" lane=":3/1_4_0" slope="0.00"/>
        <vehicle id="19" x="398.35" y="148.95" angle="0.00" type="DEFAULT_VEHTYPE" speed="13.14" pos="46.30" lane="2/1to2/0_0" slope="0.00"/>
        <vehicle id="2" x="198.35" y="120.31" angle="0.00" type="DEFAULT_VEHTYPE" speed="13.46" pos="74.94" lane="1/1to1/0_0" slope="0.00"/>
        <vehicle id="20" x="786.93" y="198.35" angle="90.00" type="DEFAULT_VEHTYPE" speed="12.97" pos="182.18" lane="3/1to4/1_0" slope="0.00"/>
        <vehicle id="21" x="198.35" y="171.44" angle="0.00" type="DEFAULT_VEHTYPE" speed="11.05" pos="23.81" lane="1/1to1/0_0" slope="0.00"/>
        <vehicle id="22" x="382.90" y="401.65" angle="-90.00" type="DEFAULT_VEHTYPE" speed="11.47" pos="12.35" lane="2/2to1/2_0" slope="0.00"/>
        <vehicle id="23" x="601.56" y="395.86" angle="-179.00" type="DEFAULT_VEHTYPE" speed="7.40" pos="0.62" lane=":3/2_10_0" slope="0.00"/>
        <vehicle id="24" x="401.65" y="35.51" angle="180.00" type="DEFAULT_VEHTYPE" speed="13.62" pos="35.51" lane="2/0to2/1_0" slope="0.00"/>
        <vehicle id="3" x="411.20" y="401.65" angle="-90.00" type="DEFAULT_VEHTYPE" speed="5.22" pos="184.05" lane="3/2to2/2_0" slope="0.00"/>
        <vehicle id="4" x="355.20" y="401.65" angle="-90.00" type="DEFAULT_VEHTYPE" speed="13.10" pos="40.05" lane="2/2to1/2_0" slope="0.00"/>
        <vehicle id="5" x="232.20" y="398.35" angle="90.00" type="DEFAULT_VEHTYPE" speed="12.92" pos="27.45" lane="1/2to2/2_0" slope="0.00"/>
        <vehicle id="6" x="201.65" y="1.06" angle="122.63" type="DEFAULT_VEHTYPE" speed="13.75" pos="1.06" lane="1/0to1/1_0" slope="0.00"/>
        <vehicle id="7" x="398.35" y="261.50" angle="0.00" type="DEFAULT_VEHTYPE" speed="12.61" pos="133.75" lane="2/2to2/1_0" slope="0.00"/>
        <vehicle id="8" x="466.60" y="401.65" angle="-90.00" type="DEFAULT_VEHTYPE" speed="13.16" pos="128.65" lane="3/2to2/2_0" slope="0.00"/>
        <vehicle id="9" x="198.35" y="286.57" angle="0.00" type="DEFAULT_VEHTYPE" speed="13.14" pos="108.68" lane="1/2to1/1_0" slope="0.00"/>
    </timestep>
    <timestep time="670.00">
        <vehicle id="0" x="564.74" y="401.65" angle="-90.00" type="DEFAULT_VEHTYPE" speed="12.76" pos="30.51" lane="3/2to2/2_0" slope="0.00"/>
        <vehicle id="1" x="740.67" y="198.35" angle="90.00" type="DEFAULT_VEHTYPE" speed="13.52" pos="135.92" lane="3/1to4/1_0" slope="0.00"/>
        <vehicle id="11" x="398.35" y="320.48" angle="0.00" type="DEFAULT_VEHTYPE" speed="13.46" pos="74.77" lane="2/2to2/1_0" slope="0.00"/>
        <vehicle id="12" x="546.81" y="198.35" angle="90.00" type="DEFAULT_VEHTYPE" speed="13.56" pos="142.06" lane="2/1to3/1_0" slope="0.00"/>
        <vehicle id="14" x="401.65" y="5.94" angle="180.00" type="DEFAULT_VEHTYPE" speed="12.90" pos="5.94" lane="2/0to2/1_0" slope="0.00"/>
        <vehicle id="15" x="-0.26" y="198.52" angle="-13.61" type="DEFAULT_VEHTYPE" speed="13.01" pos="4.51" lane=":0/1_0_0" slope="0.00"/>
        <vehicle id="16" x="201.65" y="44.17" angle="180.00" type="DEFAULT_VEHTYPE" speed="13.43" pos="44.17" lane="1/0to1/1_0" slope="0.00"/>
        <vehicle id="17" x="198.35" y="335.10" angle="0.00" type="DEFAULT_VEHTYPE" speed="12.79" pos="60.15" lane="1/2to1/1_0" slope="0.00"/>
        <vehicle id="18" x="601.65" y="209.86" angle="180.00" type="DEFAULT_VEHTYPE" speed="9.46" pos="5.11" lane="3/1to3/2_0" slope="0.00"/>
        <vehicle id="19" x="398.35" y="135.09" angle="0.00" type="DEFAULT_VEHTYPE" speed="13.87" pos="60.16" lane="2/1to2/0_0" slope="0.00"/>
        <vehicle id="2" x="198.35" y="106.51" angle="0.00" type="DEFAULT_VEHTYPE" speed="13.80" pos="88.74" lane="1/1to1/0_0" slope="0.00"/>
        <vehicle id="20" x="799.74" y="198.35" angle="90.00" type="DEFAULT_VEHTYPE" speed="12.82" pos="194.99" lane="3/1to4/1_0" slope="0.00"/>
        <vehicle id="21" x="198.35" y="158.46" angle="0.00" type="DEFAULT_VEHTYPE" speed="12.98" pos="36.79" lane="1/1to1/0_0" slope="0.00"/>
        <vehicle id="22" x="369.39" y="401.65" angle="-90.00" type="DEFAULT_VEHTYPE" speed="13.51" pos="25.86" lane="2/2to1/2_0" slope="0.00"/>
        <vehicle id="23" x="595.79" y="401.57" angle="-112.60" type="DEFAULT_VEHTYPE" speed="9.15" pos="2.63" lane=":3/2_18_0" slope="0.00"/>
        <vehicle id="24" x="401.65" y="48.52" angle="180.00" type="DEFAULT_VEHTYPE" speed="13.02" pos="48.52" lane="2/0to2/1_0" slope="0.00"/>
        <vehicle id="3" x="403.93" y="401.53" angle="-88.66" type="DEFAULT_VEHTYPE" speed="7.27" pos="0.82" lane=":2/2_6_0" slope="0.00"/>
        <vehicle id="4" x="342.25" y="401.65" angle="-90.00" type="DEFAULT_VEHTYPE" speed="12.95" pos="53.00" lane="2/2to1/2_0" slope="0.00"/>
        <vehicle id="5" x="245.89" y="398.35" angle="90.00" type="DEFAULT_VEHTYPE" speed="13.69" pos="41.14" lane="1/2to2/2_0" slope="0.00"/>
        <vehicle id="6" x="201.65" y="14.77" angle="180.00" type="DEFAULT_VEHTYPE" speed="13.71" pos="14.77" lane="1/0to1/1_0" slope="0.00"/>
        <vehicle id="7" x="398.35" y="248.06" angle="0.00" type="DEFAULT_VEHTYPE" speed="13.44" pos="147.19" lane="2/2to2/1_0" slope="0.00"/>
        <vehicle id="8" x="453.95" y="401.65" angle="-90.00" type="DEFAULT_VEHTYPE" speed="12.65" pos="141.30" lane="3/2to2/2_0" slope="0.00"/>
        <vehicle id="9" x="198.35" y="273.83" angle="0.00" type="DEFAULT_VEHTYPE" speed="12.74" pos="121.42" lane="1/2to1/1_0" slope="0.00"/>
    </timestep>
    <timestep time="671.00">
        <vehicle id="0" x="551.08" y="401.65" angle="-90.00" type="DEFAULT_VEHTYPE" speed="13.66" pos="44.17" lane="3/2to2/2_0" slope="0.00"/>
        <vehicle id="1" x="753.44" y="198.35" angle="90.00" type="DEFAULT_VEHTYPE" speed="12.77" pos="148.69" lane="3/1to4/1_0" slope="0.00"/>
        <vehicle id="11" x="398.35" y="307.72" angle="0.00" type="DEFAULT_VEHTYPE" speed="12.76" pos="87.53" lane="2/2to2/1_0" slope="0.00"/>
        <vehicle id="12" x="559.75" y="198.35" angle="90.00" type="DEFAULT_VEHTYPE" speed="12.94" pos="155.00" lane="2/1to3/1_0" slope="0.00"/>
        <vehicle id="14" x="401.65" y="19.37" angle="180.00" type="DEFAULT_VEHTYPE" speed="13.43" pos="19.37" lane="2/0to2/1_0" slope="0.00"/>
        <vehicle id="15" x="13.36" y="198.35" angle="90.00" type="DEFAULT_VEHTYPE" speed="13.68" pos="13.36" lane="0/1to1/1_0" slope="0.00"/>
        <vehicle id="16" x="201.65" y="57.18" angle="180.00" type="DEFAULT_VEHTYPE" speed="13.01" pos="57.18" lane="1/0to1/1_0" slope="0.00"/>
        <vehicle id="17" x="198.35" y="321.67" angle="0.00" type="DEFAULT_VEHTYPE" speed="13.43" pos="73.58" lane="1/2to1/1_0" slope="0.00"/>
        <vehicle id="18" x="601.65" y="221.49" angle="180.00" type="DEFAULT_VEHTYPE" speed="11.63" pos="16.74" lane="3/1to3/2_0" slope="0.00"/>
        <vehicle id="19" x="398.35" y="121.35" angle="0.00" type="DEFAULT_VEHTYPE" speed="13.74" pos="73.90" lane="2/1to2/0_0" slope="0.00"/>
        <vehicle id="2" x="198.35" y="92.72" angle="0.00" type="DEFAULT_VEHTYPE" speed="13.79" pos="102.53" lane="1/1to1/0_0" slope="0.00"/>
        <vehicle id="20" x="791.19" y="201.65" angle="-90.00" type="DEFAULT_VEHTYPE" speed="13.89" pos="8.81" lane="4/1to3/1_0" slope="0.00"/>
        <vehicle id="21" x="198.35" y="145.50" angle="0.00" type="DEFAULT_VEHTYPE" speed="12.96" pos="49.75" lane="1/1to1/0_0" slope="0.00"/>
        <vehicle id="22" x="356.59" y="401.65" angle="-90.00" type="DEFAULT_VEHTYPE" speed="12.80" pos="38.66" lane="2/2to1/2_0" slope="0.00"/>
        <vehicle id="23" x="584.79" y="401.65" angle="-90.00" type="DEFAULT_VEHTYPE" speed="11.01" pos="10.46" lane="3/2to2/2_0" slope="0.00"/>
        <vehicle id="24" x="401.65" y="62.06" angle="180.00" type="DEFAULT_VEHTYPE" speed="13.53" pos="62.06" lane="2/0to2/1_0" slope="0.00"/>
        <vehicle id="3" x="398.35" y="394.95" angle="-16.15" type="DEFAULT_VEHTYPE" speed="9.80" pos="0.30" lane="2/2to2/1_0" slope="0.00"/>
        <vehicle id="4" x="328.50" y="401.65" angle="-90.00" type="DEFAULT_VEHTYPE" speed="13.75" pos="66.75" lane="2/2to1/2_0" slope="0.00"/>
        <vehicle id="5" x="258.55" y="398.35" angle="90.00" type="DEFAULT_VEHTYPE" speed="12.65" pos="53.80" lane="1/2to2/2_0" slope="0.00"/>
        <vehicle id="6" x="201.65" y="27.44" angle="180.00" type="DEFAULT_VEHTYPE" speed="12.66" pos="27.44" lane="1/0to1/1_0" slope="0.00"/>
        <vehicle id="7" x="398.35" y="234.41" angle="0.00" type="DEFAULT_VEHTYPE" speed="13.66" pos="160.84" lane="2/2to2/1_0" slope="0.00"/>
        <vehicle id="8" x="441.06" y="401.65" angle="-90.00" type="DEFAULT_VEHTYPE" speed="12.89" pos="154.19" lane="3/2to2/2_0" slope="0.00"/>
        <vehicle id="9" x="198.35" y="259.95" angle="0.00" type="DEFAULT_VEHTYPE" speed="13.88" pos="135.30" lane="1/2to1/1_0" slope="0.00"/>
    </timestep>
    <timestep time="672.00">
        <vehicle id="0" x="537.82" y="401.65" angle="-90.00" type="DEFAULT_VEHTYPE" speed="13.26" pos="57.43" lane="3/2to2/2_0" slope="0.00"/>
        <vehicle id="1" x="767.34" y="198.35" angle="90.00" type="DEFAULT_VEHTYPE" speed="13.90" pos="162.59" lane="3/1to4/1_0" slope="0.00"/>
        <vehicle id="11" x="398.35" y="294.77" angle="0.00" type="DEFAULT_VEHTYPE" speed="12.95" pos="100.48" lane="2/2to2/1_0" slope="0.00"/>
        <vehicle id="12" x="572.07" y="198.35" angle="90.00" type="DEFAULT_VEHTYPE" speed="12.32" pos="167.32" lane="2/1to3/1_0" slope="0.00"/>
        <vehicle id="14" x="401.65" y="32.75" angle="180.00" type="DEFAULT_VEHTYPE" speed="13.39" pos="32.75" lane="2/0to2/1_0" slope="0.00"/>
        <vehicle id="15" x="27.09" y="198.35" angle="90.00" type="DEFAULT_VEHTYPE" speed="13.72" pos="27.09" lane="0/1to1/1_0" slope="0.00"/>
        <vehicle id="16" x="201.65" y="69.81" angle="180.00" type="DEFAULT_VEHTYPE" speed="12.62" pos="69.81" lane="1/0to1/1_0" slope="0.00"/>
        <vehicle id="17" x="198.35" y="309.05" angle="0.00" type="DEFAULT_VEHTYPE" speed="12.62" pos="86.20" lane="1/2to1/1_0" slope="0.00"/>
        <vehicle id="18" x="601.65" y="234.60" angle="180.00" type="DEFAULT_VEHTYPE" speed="13.11" pos="29.85" lane="3/1to3/2_0" slope="0.00"/>
        <vehicle id="19" x="398.35" y="107.82" angle="0.00" type="DEFAULT_VEHTYPE" speed="13.53" pos="87.43" lane="2/1to2/0_0" slope="0.00"/>
        <vehicle id="2" x="198.35" y="78.92" angle="0.00" type="DEFAULT_VEHTYPE" speed="13.80" pos="116.33" lane="1/1to1/0_0" slope="0.00"/>
        <vehicle id="20" x="778.45" y="201.65" angle="-90.00" type="DEFAULT_VEHTYPE" speed="12.74" pos="21.55" lane="4/1to3/1_0" slope="0.00"/>
        <vehicle id="21" x="198.35" y="132.84" angle="0.00" type="DEFAULT_VEHTYPE" speed="12.66" pos="62.41" lane="1/1to1/0_0" slope="0.00"/>
        <vehicle id="22" x="343.71" y="401.65" angle="-90.00" type="DEFAULT_VEHTYPE" speed="12.88" pos="51.54" lane="2/2to1/2_0" slope="0.00"/>
        <vehicle id="23" x="572.28" y="401.65" angle="-90.00" type="DEFAULT_VEHTYPE" speed="12.52" pos="22.97" lane="3/2to2/2_0" slope="0.00"/>
        <vehicle id="24" x="401.65" y="75.52" angle="180.00" type="DEFAULT_VEHTYPE" speed="13.47" pos="75.52" lane="2/0to2/1_0" slope="0.00"/>
        <vehicle id="3" x="398.35" y="383.09" angle="0.00" type="DEFAULT_VEHTYPE" speed="11.86" pos="12.16" lane="2/2to2/1_0" slope="0.00"/>
        <vehicle id="4" x="315.36" y="401.65" angle="-90.00" type="DEFAULT_VEHTYPE" speed="13.14" pos="79.89" lane="2/2to1/2_0" slope="0.00"/>
        <vehicle id="5" x="271.88" y="398.35" angle="90.00" type="DEFAULT_VEHTYPE" speed="13.33" pos="67.13" lane="1/2to2/2_0" slope="0.00"/>
        <vehicle id="6" x="201.65" y="40.07" angle="180.00" type="DEFAULT_VEHTYPE" speed="12.63" pos="40.07" lane="1/0to1/1_0" slope="0.00"/>
        <vehicle id="7" x="398.35" y="221.45" angle="0.00" type="DEFAULT_VEHTYPE" speed="12.95" pos="173.80" lane="2/2to2/1_0" slope="0.00"/>
        <vehicle id="8" x="428.68" y="401.65" angle="-90.00" type="DEFAULT_VEHTYPE" speed="12.38" pos="166.57" lane="3/2to2/2_0" slope="0.00"/>
        <vehicle id="9" x="198.35" y="246.40" angle="0.00" type="DEFAULT_VEHTYPE" speed="13.55" pos="148.85" lane="1/2to1/1_0" slope="0.00"/>
    </timestep>
    <timestep time="673.00">
        <vehicle id="0" x="524.96" y="401.65" angle="-90.00" type="DEFAULT_VEHTYPE" speed="12.87" pos="70.29" lane="3/2to2/2_0" slope="0.00"/>
        <vehicle id="1" x="780.26" y="198.35" angle="90.00" type="DEFAULT_VEHTYPE" speed="12.92" pos="175.51" lane="3/1to4/1_0" slope="0.00"/>
        <vehicle id="11" x="398.35" y="281.28" angle="0.00" type="DEFAULT_VEHTYPE" speed="13.49" pos="113.97" lane="2/2to2/1_0" slope="0.00"/>
        <vehicle id="12" x="581.16" y="198.35" angle="90.00" type="DEFAULT_VEHTYPE" speed="9.09" pos="176.41" lane="2/1to3/1_0" slope="0.00"/>
        <vehicle id="14" x="401.65" y="45.42" angle="180.00" type="DEFAULT_VEHTYPE" speed="12.66" pos="45.42" lane="2/0to2/1_0" slope="0.00"/>
        <vehicle id="15" x="39.81" y="198.35" angle="90.00" type="DEFAULT_VEHTYPE" speed="12.72" pos="39.81" lane="0/1to1/1_0" slope="0.00"/>
        <vehicle id="16" x="201.65" y="83.63" angle="180.00" type="DEFAULT_VEHTYPE" speed="13.82" pos="83.63" lane="1/0to1/1_0" slope="0.00"/>
        <vehicle id="17" x="198.35" y="296.24" angle="0.00" type="DEFAULT_VEHTYPE" speed="12.82" pos="99.01" lane="1/2to1/1_0" slope="0.00"/>
        <vehicle id="18" x="601.65" y="248.28" angle="180.00" type="DEFAULT_VEHTYPE" speed="13.68" pos="43.53" lane="3/1to3/2_0" slope="0.00"/>
        <vehicle id="19" x="398.35" y="94.61" angle="0.00" type="DEFAULT_VEHTYPE" speed="13.21" pos="100.64" lane="2/1to2/0_0" slope="0.00"/>
        <vehicle id="2" x="198.35" y="65.93" angle="0.00" type="DEFAULT_VEHTYPE" speed="12.99" pos="129.32" lane="1/1to1/0_0" slope="0.00"/>
        <vehicle id="20" x="765.31" y="201.65" angle="-90.00" type="DEFAULT_VEHTYPE" speed="13.14" pos="34.69" lane="4/1to3/1_0" slope="0.00"/>
        <vehicle id="21" x="198.35" y="119.59" angle="0.00" type="DEFAULT_VEHTYPE" speed="13.25" pos="75.66" lane="1/1to1/0_0" slope="0.00"/>
        <vehicle id="22" x="330.78" y="401.65" angle="-90.00" type="DEFAULT_VEHTYPE" speed="12.93" pos="64.47" lane="2/2to1/2_0" slope="0.00"/>
        <vehicle id="23" x="558.41" y="401.65" angle="-90.00" type="DEFAULT_VEHTYPE" speed="13.87" pos="36.84" lane="3/2to2/2_0" slope="0.00"/>
        <vehicle id="24" x="401.65" y="88.26" angle="180.00" type="DEFAULT_VEHTYPE" speed="12.74" pos="88.26" lane="2/0to2/1_0" slope="0.00"/>
        <vehicle id="3" x="398.35" y="369.47" angle="0.00" type="DEFAULT_VEHTYPE" speed="13.62" pos="25.78" lane="2/2to2/1_0" slope="0.00"/>
        <vehicle id="4" x="301.90" y="401.65" angle="-90.00" type="DEFAULT_VEHTYPE" speed="13.45" pos="93.35" lane="2/2to1/2_0" slope="0.00"/>
        <vehicle id="5" x="284.57" y="398.35" angle="90.00" type="DEFAULT_VEHTYPE" speed="12.70" pos="79.82" lane="1/2to2/2_0" slope="0.00"/>
        <vehicle id="6" x="201.65" y="53.30" angle="180.00" type="DEFAULT_VEHTYPE" speed="13.23" pos="53.30" lane="1/0to1/1_0" slope="0.00"/>
        <vehicle id="7" x="398.35" y="208.25" angle="0.00" type="DEFAULT_VEHTYPE" speed="13.21" pos="187.00" lane="2/2to2/1_0" slope="0.00"/>
        <vehicle id="8" x="419.27" y="401.65" angle="-90.00" type="DEFAULT_VEHTYPE" speed="9.41" pos="175.98" lane="3/2to2/2_0" slope="0.00"/>
        <vehicle id="9" x="198.35" y="232.58" angle="0.00" type="DEFAULT_VEHTYPE" speed="13.82" pos="162.67" lane="1/2to1/1_0" slope="0.00"/>
    </timestep>
    <timestep time="674.00">
        <vehicle id="0" x="511.73" y="401.65" angle="-90.00" type="DEFAULT_VEHTYPE" speed="13.23" pos="83.52" lane="3/2to2/2_0" slope="0.00"/>
        <vehicle id="1" x="793.12" y="198.35" angle="90.00" type="DEFAULT_VEHTYPE" speed="12.86" pos="188.37" lane="3/1to4/1_0" slope="0.00"/>
        <vehicle id="11" x="398.35" y="268.28" angle="0.00" type="DEFAULT_VEHTYPE" speed="13.00" pos="126.97" lane="2/2to2/1_0" slope="0.00"/>
        <vehicle id="12" x="587.22" y="198.35" angle="90.00" type="DEFAULT_VEHTYPE" speed="6.06" pos="182.47" lane="2/1to3/1_0" slope="0.00"/>
        <vehicle id="14" x="401.65" y="58.66" angle="180.00" type="DEFAULT_VEHTYPE" speed="13.25" pos="58.66" lane="2/0to2/1_0" slope="0.00"/>
        <vehicle id="15" x="52.44" y="198.35" angle="90.00" type="DEFAULT_VEHTYPE" speed="12.63" pos="52.44" lane="0/1to1/1_0" slope="0.00"/>
        <vehicle id="16" x="201.65" y="96.81" angle="180.00" type="DEFAULT_VEHTYPE" speed="13.18" pos="96.81" lane="1/0to1/1_0" slope="0.00"/>
        <vehicle id="17" x="198.35" y="282.78" angle="0.00" type="DEFAULT_VEHTYPE" speed="13.46" pos="112.47" lane="1/2to1/1_0" slope="0.00"/>
        <vehicle id="18" x="601.65" y="261.97" angle="180.00" type="DEFAULT_VEHTYPE" speed="13.69" pos="57.22" lane="3/1to3/2_0" slope="0.00"/>
        <vehicle id="19" x="398.35" y="80.71" angle="0.00" type="DEFAULT_VEHTYPE" speed="13.90" pos="114.54" lane="2/1to2/0_0" slope="0.00"/>
        <vehicle id="2" x="198.35" y="52.63" angle="0.00" type="DEFAULT_VEHTYPE" speed="13.31" pos="142.62" lane="1/1to1/0_0" slope="0.00"/>
        <vehicle id="20" x="751.65" y="201.65" angle="-90.00" type="DEFAULT_VEHTYPE" speed="13.66" pos="48.35" lane="4/1to3/1_0" slope="0.00"/>
        <vehicle id="21" x="198.35" y="106.60" angle="0.00" type="DEFAULT_VEHTYPE" speed="12.99" pos="88.65" lane="1/1to1/0_0" slope="0.00"/>
        <vehicle id="22" x="317.25" y="401.65" angle="-90.00" type="DEFAULT_VEHTYPE" speed="13.52" pos="78.00" lane="2/2to1/2_0" slope="0.00"/>
        <vehicle id="23" x="545.77" y="401.65" angle="-90.00" type="DEFAULT_VEHTYPE" speed="12.64" pos="49.48" lane="3/2to2/2_0" slope="0.00"/>
        <vehicle id="24" x="401.65" y="101.29" angle="180.00" type="DEFAULT_VEHTYPE" speed="13.03" pos="101.29" lane="2/0to2/1_0" slope="0.00"/>
        <vehicle id="3" x="398.35" y="356.45" angle="0.00" type="DEFAULT_VEHTYPE" speed="13.02" pos="38.80" lane="2/2to2/1_0" slope="0.00"/>
        <vehicle id="4" x="288.47" y="401.65" angle="-90.00" type="DEFAULT_VEHTYPE" speed="13.43" pos="106.78" lane="2/2to1/2_0" slope="0.00"/>
        <vehicle id="5" x="297.62" y="398.35" angle="90.00" type="DEFAULT_VEHTYPE" speed="13.05" pos="92.87" lane="1/2to2/2_0" slope="0.00"/>
        <vehicle id="6" x="201.65" y="66.47" angle="180.00" type="DEFAULT_VEHTYPE" speed="13.16" pos="66.47" lane="1/0to1/1_0" slope="0.00"/>
        <vehicle id="7" x="390.65" y="201.65" angle="-89.35" type="DEFAULT_VEHTYPE" speed="13.09" pos="4.60" lane="2/1to1/1_0" slope="0.00"/>
        <vehicle id="8" x="413.13" y="401.65" angle="-90.00" type="DEFAULT_VEHTYPE" speed="6.14" pos="182.12" lane="3/2to2/2_0" slope="0.00"/>
        <vehicle id="9" x="198.35" y="219.35" angle="0.00" type="DEFAULT_VEHTYPE" speed="13.23" pos="175.90" lane="1/2to1/1_0" slope="0.00"/>
    </timestep>
    <timestep time="675.00">
        <vehicle id="0" x="498.83" y="401.65" angle="-90.00" type="DEFAULT_VEHTYPE" speed="12.89" pos="96.42" lane="3/2to2/2_0" slope="0.00"/>
        <vehicle id="1" x="798.43" y="201.65" angle="-132.84" type="DEFAULT_VEHTYPE" speed="13.27" pos="1.57" lane="4/1to3/1_0" slope="0.00"/>
        <vehicle id="11" x="398.35" y="254.83" angle="0.00" type="DEFAULT_VEHTYPE" speed="13.45" pos="140.42" lane="2/2to2/1_0" slope="0.00"/>
        <vehicle id="12" x="591.02" y="198.35" angle="90.00" type="DEFAULT_VEHTYPE" speed="3.80" pos="186.27" lane="2/1to3/1_0" slope="0.00"/>
        <vehicle id="14" x="401.65" y="72.54" angle="180.00" type="DEFAULT_VEHTYPE" speed="13.88" pos="72.54" lane="2/0to2/1_0" slope="0.00"/>
        <vehicle id="15" x="65.88" y="198.35" angle="90.00" type="DEFAULT_VEHTYPE" speed="13.44" pos="65.88" lane="0/1to1/1_0" slope="0.00"/>
        <vehicle id="16" x="201.65" y="109.98" angle="180.00" type="DEFAULT_VEHTYPE" speed="13.17" pos="109.98" lane="1/0to1/1_0" slope="0.00"/>
        <vehicle id="17" x="198.35" y="268.90" angle="0.00" type="DEFAULT_VEHTYPE" speed="13.88" pos="126.35" lane="1/2to1/1_0" slope="0.00"/>
        <vehicle id="18" x="601.65" y="275.75" angle="180.00" type="DEFAULT_VEHTYPE" speed="13.78" pos="71.00" lane="3/1to3/2_0" slope="0.00"/>
        <vehicle id="19" x="398.35" y="67.30" angle="0.00" type="DEFAULT_VEHTYPE" speed="13.41" pos="127.95" lane="2/1to2/0_0" slope="0.00"/>
        <vehicle id="2" x="198.35" y="39.87" angle="0.00" type="DEFAULT_VEHTYPE" speed="12.76" pos="155.38" lane="1/1to1/0_0" slope="0.00"/>
        <vehicle id="20" x="738.69" y="201.65" angle="-90.00" type="DEFAULT_VEHTYPE" speed="12.96" pos="61.31" lane="4/1to3/1_0" slope="0.00"/>
        <vehicle id="21" x="198.35" y="93.60" angle="0.00" type="DEFAULT_VEHTYPE" speed="13.00" pos="101.65" lane="1/1to1/0_0" slope="0.00"/>
        <vehicle id="22" x="303.76" y="401.65" angle="-90.00" type="DEFAULT_VEHTYPE" speed="13.49" pos="91.49" lane="2/2to1/2_0" slope="0.00"/>
        <vehicle id="23" x="532.10" y="401.65" angle="-90.00" type="DEFAULT_VEHTYPE" speed="13.67" pos="63.15" lane="3/2to2/2_0" slope="0.00"/>
        <vehicle id="24" x="401.65" y="113.99" angle="180.00" type="DEFAULT_VEHTYPE" speed="12.70" pos="113.99" lane="2/0to2/1_0" slope="0.00"/>
        <vehicle id="3" x="398.35" y="343.57" angle="0.00" type="DEFAULT_VEHTYPE" speed="12.88" pos="51.68" lane="2/2to2/1_0" slope="0.00"/>
        <vehicle id="4" x="274.74" y="401.65" angle="-90.00" type="DEFAULT_VEHTYPE" speed="13.74" pos="120.51" lane="2/2to1/2_0" slope="0.00"/>
        <vehicle id="5" x="310.35" y="398.35" angle="90.00" type="DEFAULT_VEHTYPE" speed="12.73" pos="105.60" lane="1/2to2/2_0" slope="0.00"/>
        <vehicle id="6" x="201.65" y="79.84" angle="180.00" type="DEFAULT_VEHTYPE" speed="13.37" pos="79.84" lane="1/0to1/1_0" slope="0.00"/>
        <vehicle id="7" x="376.87" y="201.65" angle="-90.00" type="DEFAULT_VEHTYPE" speed="13.78" pos="18.38" lane="2/1to1/1_0" slope="0.00"/>
        <vehicle id="8" x="409.67" y="401.65" angle="-90.00" type="DEFAULT_VEHTYPE" speed="3.46" pos="185.58" lane="3/2to2/2_0" slope="0.00"/>
        <vehicle id="9" x="198.35" y="205.84" angle="0.00" type="DEFAULT_VEHTYPE" speed="13.51" pos="189.41" lane="1/2to1/1_0" slope="0.00"/>
    </timestep>
    <timestep time="676.00">
        <vehicle id="0" x="486.05" y="401.65" angle="-90.00" type="DEFAULT_VEHTYPE" speed="12.79" pos="109.20" lane="3/2to2/2_0" slope="0.00"/>
        <vehicle id="1" x="784.98" y="201.65" angle="-90.00" type="DEFAULT_VEHTYPE" speed="13.45" pos="15.02" lane="4/1to3/1_0" slope="0.00"/>
        <vehicle id="11" x="398.35" y="242.13" angle="0.00" type="DEFAULT_VEHTYPE" speed="12.70" pos="153.12" lane="2/2to2/1_0" slope="0.00"/>
        <vehicle id="12" x="596.42" y="198.35" angle="90.00" type="DEFAULT_VEHTYPE" speed="5.39" pos="1.17" lane=":3/1_13_0" slope="0.00"/>
        <vehicle id="14" x="401.65" y="85.73" angle="180.00" type="DEFAULT_VEHTYPE" speed="13.19" pos="85.73" lane="2/0to2/1_0" slope="0.00"/>
        <vehicle id="15" x="78.69" y="198.35" angle="90.00" type="DEFAULT_VEHTYPE" speed="12.81" pos="78.69" lane="0/1to1/1_0" slope="0.00"/>
        <vehicle id="16" x="201.65" y="123.51" angle="180.00" type="DEFAULT_VEHTYPE" speed="13.53" pos="123.51" lane="1/0to1/1_0" slope="0.00"/>
        <vehicle id="17" x="198.35" y="255.67" angle="0.00" type="DEFAULT_VEHTYPE" speed="13.23" pos="139.58" lane="1/2to1/1_0" slope="0.00"/>
        <vehicle id="18" x="601.65" y="289.59" angle="180.00" type="DEFAULT_VEHTYPE" speed="13.84" pos="84.84" lane="3/1to3/2_0" slope="0.00"/>
        <vehicle id="19" x="398.35" y="53.80" angle="0.00" type="DEFAULT_VEHTYPE" speed="13.51" pos="141.45" lane="2/1to2/0_0" slope="0.00"/>
        <vehicle id="2" x="198.35" y="26.68" angle="0.00" type="DEFAULT_VEHTYPE" speed="13.19" pos="168.57" lane="1/1to1/0_0" slope="0.00"/>
        <vehicle id="20" x="725.44" y="201.65" angle="-90.00" type="DEFAULT_VEHTYPE" speed="13.24" pos="74.56" lane="4/1to3/1_0" slope="0.00"/>
        <vehicle id="21" x="198.35" y="80.39" angle="0.00" type="DEFAULT_VEHTYPE" speed="13.21" pos="114.86" lane="1/1to1/0_0" slope="0.00"/>
        <vehicle id="22" x="290.83" y="401.65" angle="-90.00" type="DEFAULT_VEHTYPE" speed="12.93" pos="104.42" lane="2/2to1/2_0" slope="0.00"/>
        <vehicle id="23" x="519.00" y="401.65" angle="-90.00" type="DEFAULT_VEHTYPE" speed="13.10" pos="76.25" lane="3/2to2/2_0" slope="0.00"/>
        <vehicle id="24" x="401.65" y="127.76" angle="180.00" type="DEFAULT_VEHTYPE" speed="13.77" pos="127.76" lane="2/0to2/1_0" slope="0.00"/>
        <vehicle id="3" x="398.35" y="330.37" angle="0.00" type="DEFAULT_VEHTYPE" speed="13.19" pos="64.88" lane="2/2to2/1_0" slope="0.00"/>
        <vehicle id="4" x="261.99" y="401.65" angle="-90.00" type="DEFAULT_VEHTYPE" speed="12.74" pos="133.26" lane="2/2to1/2_0" slope="0.00"/>
        <vehicle id="5" x="323.70" y="398.35" angle="90.00" type="DEFAULT_VEHTYPE" speed="13.35" pos="118.95" lane="1/2to2/2_0" slope="0.00"/>
        <vehicle id="6" x="201.65" y="93.47" angle="180.00" type="DEFAULT_VEHTYPE" speed="13.63" pos="93.47" lane="1/0to1/1_0" slope="0.00"/>
        <vehicle id="7" x="364.16" y="201.65" angle="-90.00" type="DEFAULT_VEHTYPE" speed="12.71" pos="31.09" lane="2/1to1/1_0" slope="0.00"/>
        <vehicle id="8" x="403.88" y="401.53" angle="-88.57" type="DEFAULT_VEHTYPE" speed="5.80" pos="0.88" lane=":2/2_6_0" slope="0.00"/>
        <vehicle id="9" x="187.73" y="201.65" angle="-90.00" type="DEFAULT_VEHTYPE" speed="13.62" pos="7.52" lane="1/1to0/1_0" slope="0.00"/>
    </timestep>
    <timestep time="677.00">
        <vehicle id="0" x="472.18" y="401.65" angle="-90.00" type="DEFAULT_VEHTYPE" speed="13.86" pos="123.07" lane="3/2to2/2_0" slope="0.00"/>
        <vehicle id="1" x="771.44" y="201.65" angle="-90.00" type="DEFAULT_VEHTYPE" speed="13.53" pos="28.56" lane="4/1to3/1_0" slope="0.00"/>
        <vehicle id="11" x="398.35" y="228.55" angle="0.00" type="DEFAULT_VEHTYPE" speed="13.58" pos="166.70" lane="2/2to2/1_0" slope="0.00"/>
        <vehicle id="12" x="604.16" y="198.35" angle="90.00" type="DEFAULT_VEHTYPE" speed="7.74" pos="8.91" lane=":3/1_13_0" slope="0.00"/>
        <vehicle id="14" x="401.65" y="98.84" angle="180.00" type="DEFAULT_VEHTYPE" speed="13.11" pos="98.84" lane="2/0to2/1_0" slope="0.00"/>
        <vehicle id="15" x="91.31" y="198.35" angle="90.00" type="DEFAULT_VEHTYPE" speed="12.62" pos="91.31" lane="0/1to1/1_0" slope="0.00"/>
        <vehicle id="16" x="201.65" y="137.29" angle="180.00" type="DEFAULT_VEHTYPE" speed="13.78" pos="137.29" lane="1/0to1/1_0" slope="0.00"/>
        <vehicle id="17" x="198.35" y="242.47" angle="0.00" type="DEFAULT_VEHTYPE" speed="13.19" pos="152.78" lane="1/2to1/1_0" slope="0.00"/>
        <vehicle id="18" x="601.65" y="302.75" angle="180.00" type="DEFAULT_VEHTYPE" speed="13.16" pos="98.00" lane="3/1to3/2_0" slope="0.00"/>
        <vehicle id="19" x="398.35" y="40.72" angle="0.00" type="DEFAULT_VEHTYPE" speed="13.08" pos="154.53" lane="2/1to2/0_0" slope="0.00"/>
        <vehicle id="2" x="198.35" y="13.66" angle="0.00" type="DEFAULT_VEHTYPE" speed="13.03" pos="181.59" lane="1/1to1/0_0" slope="0.00"/>
        <vehicle id="20" x="712.39" y="201.65" angle="-90.00" type="DEFAULT_VEHTYPE" speed="13.05" pos="87.61" lane="4/1to3/1_0" slope="0.00"/>
        <vehicle id="21" x="198.35" y="67.23" angle="0.00" type="DEFAULT_VEHTYPE" speed="13.16" pos="128.02" lane="1/1to1/0_0" slope="0.00"/>
        <vehicle id="22" x="277.11" y="401.65" angle="-90.00" type="DEFAULT_VEHTYPE" speed="13.72" pos="118.14" lane="2/2to1/2_0" slope="0.00"/>
        <vehicle id="23" x="506.38" y="401.65" angle="-90.00" type="DEFAULT_VEHTYPE" speed="12.62" pos="88.87" lane="3/2to2/2_0" slope="0.00"/>
        <vehicle id="24" x="401.65" y="140.86" angle="180.00" type="DEFAULT_VEHTYPE" speed="13.10" pos="140.86" lane="2/0to2/1_0" slope="0.00"/>
        <vehicle id="3" x="398.35" y="317.50" angle="0.00" type="DEFAULT_VEHTYPE" speed="12.87" pos="77.75" lane="2/2to2/1_0" slope="0.00"/>
        <vehicle id="4" x="248.62" y="401.65" angle="-90.00" type="DEFAULT_VEHTYPE" speed="13.37" pos="146.63" lane="2/2to1/2_0" slope="0.00"/>
        <vehicle id="5" x="336.98" y="398.35" angle="90.00" type="DEFAULT_VEHTYPE" speed="13.28" pos="132.23" lane="1/2to2/2_0" slope="0.00"/>
        <vehicle id="6" x="201.65" y="106.10" angle="180.00" type="DEFAULT_VEHTYPE" speed="12.63" pos="106.10" lane="1/0to1/1_0" slope="0.00"/>
        <vehicle id="7" x="350.84" y="201.65" angle="-90.00" type="DEFAULT_VEHTYPE" speed="13.32" pos="44.41" lane="2/1to1/1_0" slope="0.00"/>
        <vehicle id="8" x="398.66" y="397.41" angle="-39.43" type="DEFAULT_VEHTYPE" speed="7.26" pos="8.14" lane=":2/2_6_0" slope="0.00"/>
        <vehicle id="9" x="174.84" y="201.65" angle="-90.00" type="DEFAULT_VEHTYPE" speed="12.89" pos="20.41" lane="1/1to0/1_0" slope="0.00"/>
    </timestep>
    <timestep time="678.00">
        <vehicle id="0" x="459.22" y="401.65" angle="-90.00" type="DEFAULT_VEHTYPE" speed="12.97" pos="136.03" lane="3/2to2/2_0" slope="0.00"/>
        <vehicle id="1" x="758.78" y="201.65" angle="-90.00" type="DEFAULT_VEHTYPE" speed="12.66" pos="41.22" lane="4/1to3/1_0" slope="0.00"/>
        <vehicle id="11" x="398.35" y="215.33" angle="0.00" type="DEFAULT_VEHTYPE" speed="13.21" pos="179.92" lane="2/2to2/1_0" slope="0.00"/>
        <vehicle id="12" x="614.35" y="198.35" angle="90.00" type="DEFAULT_VEHTYPE" speed="10.19" pos="9.60" lane="3/1to4/1_0" slope="0.00"/>
        <vehicle id="14" x="401.65" y="111.55" angle="180.00" type="DEFAULT_VEHTYPE" speed="12.71" pos="111.55" lane="2/0to2/1_0" slope="0.00"/>
        <vehicle id="15" x="104.08" y="198.35" angle="90.00" type="DEFAULT_VEHTYPE" speed="12.77" pos="104.08" lane="0/1to1/1_0" slope="0.00"/>
        <vehicle id="16" x="201.65" y="150.86" angle="180.00" type="DEFAULT_VEHTYPE" speed="13.58" pos="150.86" lane="1/0to1/1_0" slope="0.00"/>
        <vehicle id="17" x="198.35" y="229.23" angle="0.00" type="DEFAULT_VEHTYPE" speed="13.24" pos="166.02" lane="1/2to1/1_0" slope="0.00"/>
        <vehicle id="18" x="601.65" y="316.21" angle="180.00" type="DEFAULT_VEHTYPE" speed="13.46" pos="111.46" lane="3/1to3/2_0" slope="0.00"/>
        <vehicle id="19" x="398.35" y="27.36" angle="0.00" type="DEFAULT_VEHTYPE" speed="13.35" pos="167.89" lane="2/1to2/0_0" slope="0.00"/>
        <vehicle id="2" x="198.35" y="0.61" angle="0.00" type="DEFAULT_VEHTYPE" speed="13.05" pos="194.64" lane="1/1to1/0_0" slope="0.00"/>
        <vehicle id="20" x="699.32" y="201.65" angle="-90.00" type="DEFAULT_VEHTYPE" speed="13.07" pos="100.68" lane="4/1to3/1_0" slope="0.00"/>
        <vehicle id="21" x="198.35" y="54.06" angle="0.00" type="DEFAULT_VEHTYPE" speed="13.17" pos="141.19" lane="1/1to1/0_0" slope="0.00"/>
        <vehicle id="22" x="264.14" y="401.65" angle="-90.00" type="DEFAULT_VEHTYPE" speed="12.97" pos="131.11" lane="2/2to1/2_0" slope="0.00"/>
        <vehicle id="23" x="493.48" y="401.65" angle="-90.00" type="DEFAULT_VEHTYPE" speed="12.89" pos="101.77" lane="3/2to2/2_0" slope="0.00"/>
        <vehicle id="24" x="401.65" y="153.59" angle="180.00" type="DEFAULT_VEHTYPE" speed="12.73" pos="153.59" lane="2/0to2/1_0" slope="0.00"/>
        <vehicle id="3" x="398.35" y="304.44" angle="0.00" type="DEFAULT_VEHTYPE" speed="13.06" pos="90.81" lane="2/2to2/1_0" slope="0.00"/>
        <vehicle id="4" x="235.18" y="401.65" angle="-90.00" type="DEFAULT_VEHTYPE" speed="13.44" pos="160.07" lane="2/2to1/2_0" slope="0.00"/>
        <vehicle id="5" x="350.53" y="398.35" angle="90.00" type="DEFAULT_VEHTYPE" speed="13.56" pos="145.78" lane="1/2to2/2_0" slope="0.00"/>
        <vehicle id="6" x="201.65" y="119.70" angle="180.00" type="DEFAULT_VEHTYPE" speed="13.60" pos="119.70" lane="1/0to1/1_0" slope="0.00"/>
        <vehicle id="7" x="337.68" y="201.65" angle="-90.00" type="DEFAULT_VEHTYPE" speed="13.16" pos="57.57" lane="2/1to1/1_0" slope="0.00"/>
        <vehicle id="8" x="398.35" y="388.48" angle="0.00" type="DEFAULT_VEHTYPE" speed="8.95" pos="6.77" lane="2/2to2/1_0" slope="0.00"/>
        <vehicle id="9" x="161.62" y="201.65" angle="-90.00" type="DEFAULT_VEHTYPE" speed="13.22" pos="33.63" lane="1/1to0/1_0" slope="0.00"/>
    </timestep>
    <timestep time="679.00">
        <vehicle id="0" x="446.38" y="401.65" angle="-90.00" type="DEFAULT_VEHTYPE" speed="12.84" pos="148.87" lane="3/2to2/2_0" slope="0.00"/>
        <vehicle id="1" x="746.10" y="201.65" angle="-90.00" type="DEFAULT_VEHTYPE" speed="12.68" pos="53.90" lane="4/1to3/1_0" slope="0.00"/>
        <vehicle id="11" x="398.35" y="201.98" angle="0.00" type="DEFAULT_VEHTYPE" speed="13.35" pos="2.77" lane=":2/1_1_0" slope="0.00"/>
        <vehicle id="12" x="626.84" y="198.35" angle="90.00" type="DEFAULT_VEHTYPE" speed="12.48" pos="22.09" lane="3/1to4/1_0" slope="0.00"/>
        <vehicle id="14" x="401.65" y="124.71" angle="180.00" type="DEFAULT_VEHTYPE" speed="13.16" pos="124.71" lane="2/0to2/1_0" slope="0.00"/>
        <vehicle id="15" x="117.24" y="198.35" angle="90.00" type="DEFAULT_VEHTYPE" speed="13.16" pos="117.24" lane="0/1to1/1_0" slope="0.00"/>
        <vehicle id="16" x="201.65" y="163.68" angle="180.00" type="DEFAULT_VEHTYPE" speed="12.81" pos="163.68" lane="1/0to1/1_0" slope="0.00"/>
        <vehicle id="17" x="198.35" y="216.32" angle="0.00" type="DEFAULT_VEHTYPE" speed="12.92" pos="178.93" lane="1/2to1/1_0" slope="0.00"/>
        <vehicle id="18" x="601.65" y="329.93" angle="180.00" type="DEFAULT_VEHTYPE" speed="13.73" pos="125.18" lane="3/1to3/2_0" slope="0.00"/>
        <vehicle id="19" x="398.35" y="13.53" angle="0.00" type="DEFAULT_VEHTYPE" speed="13.83" pos="181.72" lane="2/1to2/0_0" slope="0.00"/>
        <vehicle id="2" x="201.65" y="8.36" angle="180.00" type="DEFAULT_VEHTYPE" speed="13.79" pos="8.36" lane="1/0to1/1_0" slope="0.00"/>
        <vehicle id="20" x="685.57" y="201.65" angle="-90.00" type="DEFAULT_VEHTYPE" speed="13.75" pos="114.43" lane="4/1to3/1_0" slope="0.00"/>
        <vehicle id="21" x="198.35" y="40.28" angle="0.00" type="DEFAULT_VEHTYPE" speed="13.78" pos="154.97" lane="1/1to1/0_0" slope="0.00"/>
        <vehicle id="22" x="251.15" y="401.65" angle="-90.00" type="DEFAULT_VEHTYPE" speed="12.99" pos="144.10" lane="2/2to1/2_0" slope="0.00"/>
        <vehicle id="23" x="479.77" y="401.65" angle="-90.00" type="DEFAULT_VEHTYPE" speed="13.72" pos="115.48" lane="3/2to2/2_0" slope="0.00"/>
        <vehicle id="24" x="401.65" y="167.15" angle="180.00" type="DEFAULT_VEHTYPE" speed="13.57" pos="167.15" lane="2/0to2/1_0" slope="0.00"/>
        <vehicle id="3" x="398.35" y="290.86" angle="0.00" type="DEFAULT_VEHTYPE" speed="13.58" pos="104.39" lane="2/2to2/1_0" slope="0.00"/>
        <vehicle id="4" x="224.13" y="401.65" angle="-90.00" type="DEFAULT_VEHTYPE" speed="11.04" pos="171.12" lane="2/2to1/2_0" slope="0.00"/>
        <vehicle id="5" x="364.14" y="398.35" angle="90.00" type="DEFAULT_VEHTYPE" speed="13.61" pos="159.39" lane="1/2to2/2_0" slope="0.00"/>
        <vehicle id="6" x="201.65" y="133.30" angle="180.00" type="DEFAULT_VEHTYPE" speed="13.60" pos="133.30" lane="1/0to1/1_0" slope="0.00"/>
        <vehicle id="7" x="324.23" y="201.65" angle="-90.00" type="DEFAULT_VEHTYPE" speed="13.44" pos="71.02" lane="2/1to1/1_0" slope="0.00"/>
        <vehicle id="8" x="398.35" y="378.07" angle="0.00" type="DEFAULT_VEHTYPE" speed="10.41" pos="17.18" lane="2/2to2/1_0" slope="0.00"/>
        <vehicle id="9" x="147.84" y="201.65" angle="-90.00" type="DEFAULT_VEHTYPE" speed="13.77" pos="47.41" lane="1/1to0/1_0" slope="0.00"/>
    </timestep>
    <timestep time="680.00">
        <vehicle id="0" x="433.61" y="401.65" angle="-90.00" type="DEFAULT_VEHTYPE" speed="12.77" pos="161.64" lane="3/2to2/2_0" slope="0.00"/>
        <vehicle id="1" x="732.34" y="201.65" angle="-90.00" type="DEFAULT_VEHTYPE" speed="13.76" pos="67.66" lane="4/1to3/1_0" slope="0.00"/>
        <vehicle id="11" x="398.35" y="188.81" angle="0.00" type="DEFAULT_VEHTYPE" speed="13.17" pos="6.44" lane="2/1to2/0_0" slope="0.00"/>
        <vehicle id="12" x="639.52" y="198.35" angle="90.00" type="DEFAULT_VEHTYPE" speed="12.69" pos="34.77" lane="3/1to4/1_0" slope="0.00"/>
        <vehicle id="14" x="401.65" y="137.67" angle="180.00" type="DEFAULT_VEHTYPE" speed="12.96" pos="137.67" lane="2/0to2/1_0" slope="0.00"/>
        <vehicle id="15" x="131.07" y="198.35" angle="90.00" type="DEFAULT_VEHTYPE" speed="13.83" pos="131.07" lane="0/1to1/1_0" slope="0.00"/>
        <vehicle id="16" x="201.65" y="176.95" angle="180.00" type="DEFAULT_VEHTYPE" speed="13.27" pos="176.95" lane="1/0to1/1_0" slope="0.00"/>
        <vehicle id="17" x="197.95" y="203.04" angle="-4.66" type="DEFAULT_VEHTYPE" speed="13.35" pos="1.78" lane=":1/1_0_0" slope="0.00"/>
        <vehicle id="18" x="601.65" y="343.74" angle="180.00" type="DEFAULT_VEHTYPE" speed="13.81" pos="138.99" lane="3/1to3/2_0" slope="0.00"/>
        <vehicle id="19" x="398.54" y="-0.29" angle="2.23" type="DEFAULT_VEHTYPE" speed="13.88" pos="0.35" lane=":2/0_0_0" slope="0.00"/>
        <vehicle id="2" x="201.65" y="21.82" angle="180.00" type="DEFAULT_VEHTYPE" speed="13.47" pos="21.82" lane="1/0to1/1_0" slope="0.00"/>
        <vehicle id="20" x="672.78" y="201.65" angle="-90.00" type="DEFAULT_VEHTYPE" speed="12.79" pos="127.22" lane="4/1to3/1_0" slope="0.00"/>
        <vehicle id="21" x="198.35" y="27.42" angle="0.00" type="DEFAULT_VEHTYPE" speed="12.85" pos="167.83" lane="1/1to1/0_0" slope="0.00"/>
        <vehicle id="22" x="238.56" y="401.65" angle="-90.00" type="DEFAULT_VEHTYPE" speed="12.59" pos="156.69" lane="2/2to1/2_0" slope="0.00"/>
        <vehicle id="23" x="467.00" y="401.65" angle="-90.00" type="DEFAULT_VEHTYPE" speed="12.77" pos="128.25" lane="3/2to2/2_0" slope="0.00"/>
        <vehicle id="24" x="401.65" y="180.72" angle="180.00" type="DEFAULT_VEHTYPE" speed="13.56" pos="180.72" lane="2/0to2/1_0" slope="0.00"/>
        <vehicle id="3" x="398.35" y="277.30" angle="0.00" type="DEFAULT_VEHTYPE" speed="13.57" pos="117.95" lane="2/2to2/1_0" slope="0.00"/>
        <vehicle id="4" x="215.84" y="401.65" angle="-90.00" type="DEFAULT_VEHTYPE" speed="8.29" pos="179.41" lane="2/2to1/2_0" slope="0.00"/>
        <vehicle id="5" x="375.15" y="398.35" angle="90.00" type="DEFAULT_VEHTYPE" speed="11.01" pos="170.40" lane="1/2to2/2_0" slope="0.00"/>
        <vehicle id="6" x="201.65" y="146.29" angle="180.00" type="DEFAULT_VEHTYPE" speed="12.99" pos="146.29" lane="1/0to1/1_0" slope="0.00"/>
        <vehicle id="7" x="310.82" y="201.65" angle="-90.00" type="DEFAULT_VEHTYPE" speed="13.41" pos="84.43" lane="2/1to1/1_0" slope="0.00"/>
        <vehicle id="8" x="398.35" y="365.18" angle="0.00" type="DEFAULT_VEHTYPE" speed="12.89" pos="30.07" lane="2/2to2/1_0" slope="0.00"/>
        <vehicle id="9" x="134.43" y="201.65" angle="-90.00" type="DEFAULT_VEHTYPE" speed="13.41" pos="60.82" lane="1/1to0/1_0" slope="0.00"/>
    </timestep>
    <timestep time="681.00">
        <vehicle id="0" x="422.69" y="401.65" angle="-90.00" type="DEFAULT_VEHTYPE" speed="10.91" pos="172.56" lane="3/2to2/2_0" slope="0.00"/>
        <vehicle id="1" x="718.75" y="201.65" angle="-90.00" type="DEFAULT_VEHTYPE" speed="13.59" pos="81.25" lane="4/1to3/1_0" slope="0.00"/>
        <vehicle id="11" x="398.35" y="175.30" angle="0.00" type="DEFAULT_VEHTYPE" speed="13.51" pos="19.95" lane="2/1to2/0_0" slope="0.00"/>
        <vehicle id="12" x="652.80" y="198.35" angle="90.00" type="DEFAULT_VEHTYPE" speed="13.28" pos="48.05" lane="3/1to4/1_0" slope="0.00"/>
        <vehicle id="14" x="401.65" y="151.46" angle="180.00" type="DEFAULT_VEHTYPE" speed="13.78" pos="151.46" lane="2/0to2/1_0" slope="0.00"/>
        <vehicle id="15" x="143.77" y="198.35" angle="90.00" type="DEFAULT_VEHTYPE" speed="12.70" pos="143.77" lane="0/1to1/1_0" slope="0.00"/>
        <vehicle id="16" x="201.65" y="190.33" angle="180.00" type="DEFAULT_VEHTYPE" speed="13.38" pos="190.33" lane="1/0to1/1_0" slope="0.00"/>
        <vehicle id="17" x="185.49" y="201.65" angle="-90.00" type="DEFAULT_VEHTYPE" speed="12.98" pos="9.76" lane="1/1to0/1_0" slope="0.00"/>
        <vehicle id="18" x="601.65" y="356.64" angle="180.00" type="DEFAULT_VEHTYPE" speed="12.90" pos="151.89" lane="3/1to3/2_0" slope="0.00"/>
        <vehicle id="19" x="401.65" y="9.09" angle="180.00" type="DEFAULT_VEHTYPE" speed="13.56" pos="9.09" lane="2/0to2/1_0" slope="0.00"/>
        <vehicle id="2" x="201.65" y="35.40" angle="180.00" type="DEFAULT_VEHTYPE" speed="13.57" pos="35.40" lane="1/0to1/1_0" slope="0.00"/>
        <vehicle id="20" x="660.18" y="201.65" angle="-90.00" type="DEFAULT_VEHTYPE" speed="12.61" pos="139.82" lane="4/1to3/1_0" slope="0.00"/>
        <vehicle id="21" x="198.35" y="14.60" angle="0.00" type="DEFAULT_VEHTYPE" speed="12.82" pos="180.65" lane="1/1to1/0_0" slope="0.00"/>
        <vehicle id="22" x="228.26" y="401.65" angle="-90.00" type="DEFAULT_VEHTYPE" speed="10.30" pos="166.99" lane="2/2to1/2_0" slope="0.00"/>
        <vehicle id="23" x="454.04" y="401.65" angle="-90.00" type="DEFAULT_VEHTYPE" speed="12.96" pos="141.21" lane="3/2to2/2_0" slope="0.00"/>
        <vehicle id="24" x="401.65" y="193.69" angle="180.00" type="DEFAULT_VEHTYPE" speed="12.97" pos="193.69" lane="2/0to2/1_0" slope="0.00"/>
        <vehicle id="3" x="398.35" y="264.57" angle="0.00" type="DEFAULT_VEHTYPE" speed="12.73" pos="130.68" lane="2/2to2/1_0" slope="0.00"/>
        <vehicle id="4" x="210.83" y="401.65" angle="-90.00" type="DEFAULT_VEHTYPE" speed="5.01" pos="184.42" lane="2/2to1/2_0" slope="0.00"/>
        <vehicle id="5" x="383.05" y="398.35" angle="90.00" type="DEFAULT_VEHTYPE" speed="7.90" pos="178.30" lane="1/2to2/2_0" slope="0.00"/>
        <vehicle id="6" x="201.65" y="159.19" angle="180.00" type="DEFAULT_VEHTYPE" speed="12.90" pos="159.19" lane="1/0to1/1_0" slope="0.00"/>
        <vehicle id="7" x="297.49" y="201.65" angle="-90.00" type="DEFAULT_VEHTYPE" speed="13.33" pos="97.76" lane="2/1to1/1_0" slope="0.00"/>
        <vehicle id="8" x="398.35" y="351.62" angle="0.00" type="DEFAULT_VEHTYPE" speed="13.55" pos="43.63" lane="2/2to2/1_0" slope="0.00"/>
        <vehicle id="9" x="121.16" y="201.65" angle="-90.00" type="DEFAULT_VEHTYPE" speed="13.27" pos="74.09" lane="1/1to0/1_0" slope="0.00"/>
    </timestep>
    <timestep time="682.00">
        <vehicle id="0" x="415.08" y="401.65" angle="-90.00" type="DEFAULT_VEHTYPE" speed="7.61" pos="180.17" lane="3/2to2/2_0" slope="0.00"/>
        <vehicle id="1" x="705.04" y="201.65" angle="-90.00" type="DEFAULT_VEHTYPE" speed="13.71" pos="94.96" lane="4/1to3/1_0" slope="0.00"/>
        <vehicle id="11" x="398.35" y="161.94" angle="0.00" type="DEFAULT_VEHTYPE" speed="13.36" pos="33.31" lane="2/1to2/0_0" slope="0.00"/>
        <vehicle id="12" x="666.13" y="198.35" angle="90.00" type="DEFAULT_VEHTYPE" speed="13.33" pos="61.38" lane="3/1to4/1_0" slope="0.00"/>
        <vehicle id="14" x="401.65" y="165.30" angle="180.00" type="DEFAULT_VEHTYPE" speed="13.84" pos="165.30" lane="2/0to2/1_0" slope="0.00"/>
        <vehicle id="15" x="157.46" y="198.35" angle="90.00" type="DEFAULT_VEHTYPE" speed="13.69" pos="157.46" lane="0/1to1/1_0" slope="0.00"/>
        <vehicle id="16" x="208.73" y="198.35" angle="91.63" type="DEFAULT_VEHTYPE" speed="13.90" pos="3.98" lane="1/1to2/1_0" slope="0.00"/>
        <vehicle id="17" x="172.48" y="201.65" angle="-90.00" type="DEFAULT_VEHTYPE" speed="13.01" pos="22.77" lane="1/1to0/1_0" slope="0.00"/>
        <vehicle id="18" x="601.65" y="369.78" angle="180.00" type="DEFAULT_VEHTYPE" speed="13.13" pos="165.03" lane="3/1to3/2_0" slope="0.00"/>
        <vehicle id="19" x="401.65" y="22.93" angle="180.00" type="DEFAULT_VEHTYPE" speed="13.84" pos="22.93" lane="2/0to2/1_0" slope="0.00"/>
        <vehicle id="2" x="201.65" y="48.49" angle="180.00" type="DEFAULT_VEHTYPE" speed="13.09" pos="48.49" lane="1/0to1/1_0" slope="0.00"/>
        <vehicle id="20" x="646.51" y="201.65" angle="-90.00" type="DEFAULT_VEHTYPE" speed="13.67" pos="153.49" lane="4/1to3/1_0" slope="0.00"/>
        <vehicle id="21" x="198.35" y="1.28" angle="0.00" type="DEFAULT_VEHTYPE" speed="13.32" pos="193.97" lane="1/1to1/0_0" slope="0.00"/>
        <vehicle id="22" x="222.08" y="401.65" angle="-90.00" type="DEFAULT_VEHTYPE" speed="6.18" pos="173.17" lane="2/2to1/2_0" slope="0.00"/>
        <vehicle id="23" x="441.34" y="401.65" angle="-90.00" type="DEFAULT_VEHTYPE" speed="12.70" pos="153.91" lane="3/2to2/2_0" slope="0.00"/>
        <vehicle id="24" x="411.17" y="198.35" angle="90.00" type="DEFAULT_VEHTYPE" speed="12.98" pos="6.42" lane="2/1to3/1_0" slope="0.00"/>
        <vehicle id="3" x="398.35" y="250.70" angle="0.00" type="DEFAULT_VEHTYPE" speed="13.87" pos="144.55" lane="2/2to2/1_0" slope="0.00"/>
        <vehicle id="4" x="203.98" y="401.54" angle="-88.74" type="DEFAULT_VEHTYPE" speed="6.86" pos="0.78" lane=":1/2_6_0" slope="0.00"/>
        <vehicle id="5" x="388.11" y="398.35" angle="90.00" type="DEFAULT_VEHTYPE" speed="5.06" pos="183.36" lane="1/2to2/2_0" slope="0.00"/>
        <vehicle id="6" x="201.65" y="171.81" angle="180.00" type="DEFAULT_VEHTYPE" speed="12.62" pos="171.81" lane="1/0to1/1_0" slope="0.00"/>
        <vehicle id="7" x="284.03" y="201.65" angle="-90.00" type="DEFAULT_VEHTYPE" speed="13.46" pos="111.22" lane="2/1to1/1_0" slope="0.00"/>
        <vehicle id="8" x="398.35" y="337.92" angle="0.00" type="DEFAULT_VEHTYPE" speed="13.70" pos="57.33" lane="2/2to2/1_0" slope="0.00"/>
        <vehicle id="9" x="107.70" y="201.65" angle="-90.00" type="DEFAULT_VEHTYPE" speed="13.46" pos="87.55" lane="1/1to0/1_0" slope="0.00"/>
    </timestep>
    <timestep time="683.00">
        <vehicle id="0" x="411.35" y="401.65" angle="-90.00" type="DEFAULT_VEHTYPE" speed="3.73" pos="183.90" lane="3/2to2/2_0" slope="0.00"/>
        <vehicle id="1" x="692.28" y="201.65" angle="-90.00" type="DEFAULT_VEHTYPE" speed="12.76" pos="107.72" lane="4/1to3/1_0" slope="0.00"/>
        <vehicle id="11" x="398.35" y="148.90" angle="0.00" type="DEFAULT_VEHTYPE" speed="13.04" pos="46.35" lane="2/1to2/0_0" slope="0.00"/>
        <vehicle id="12" x="679.18" y="198.35" angle="90.00" type="DEFAULT_VEHTYPE" speed="13.05" pos="74.43" lane="3/1to4/1_0" slope="0.00"/>
        <vehicle id="14" x="401.65" y="178.20" angle="180.00" type="DEFAULT_VEHTYPE" speed="12.90" pos="178.20" lane="2/0to2/1_0" slope="0.00"/>
        <vehicle id="15" x="171.11" y="198.35" angle="90.00" type="DEFAULT_VEHTYPE" speed="13.64" pos="171.11" lane="0/1to1/1_0" slope="0.00"/>
        <vehicle id="16" x="222.61" y="198.35" angle="90.00" type="DEFAULT_VEHTYPE" speed="13.88" pos="17.86" lane="1/1to2/1_0" slope="0.00"/>
        <vehicle id="17" x="159.86" y="201.65" angle="-90.00" type="DEFAULT_VEHTYPE" speed="12.62" pos="35.39" lane="1/1to0/1_0" slope="0.00"/>
        <vehicle id="18" x="601.65" y="379.47" angle="180.00" type="DEFAULT_VEHTYPE" speed="9.69" pos="174.72" lane="3/1to3/2_0" slope="0.00"/>
        <vehicle id="19" x="401.65" y="36.29" angle="180.00" type="DEFAULT_VEHTYPE" speed="13.35" pos="36.29" lane="2/0to2/1_0" slope="0.00"/>
        <vehicle id="2" x="201.65" y="61.83" angle="180.00" type="DEFAULT_VEHTYPE" speed="13.34" pos="61.83" lane="1/0to1/1_0" slope="0.00"/>
        <vehicle id="20" x="633.82" y="201.65" angle="-90.00" type="DEFAULT_VEHTYPE" speed="12.69" pos="166.18" lane="4/1to3/1_0" slope="0.00"/>
        <vehicle id="21" x="201.65" y="6.96" angle="180.00" type="DEFAULT_VEHTYPE" speed="13.06" pos="6.96" lane="1/0to1/1_0" slope="0.00"/>
        <vehicle id="22" x="214.31" y="401.65" angle="-90.00" type="DEFAULT_VEHTYPE" speed="7.77" pos="180.94" lane="2/2to1/2_0" slope="0.00"/>
        <vehicle id="23" x="430.97" y="401.65" angle="-90.00" type="DEFAULT_VEHTYPE" speed="10.37" pos="164.28" lane="3/2to2/2_0" slope="0.00"/>
        <vehicle id="24" x="423.93" y="198.35" angle="90.00" type="DEFAULT_VEHTYPE" speed="12.76" pos="19.18" lane="2/1to3/1_0" slope="0.00"/>
        <vehicle id="3" x="398.35" y="237.64" angle="0.00" type="DEFAULT_VEHTYPE" speed="13.05" pos="157.61" lane="2/2to2/1_0" slope="0.00"/>
        <vehicle id="4" x="198.50" y="396.33" angle="-28.09" type="DEFAULT_VEHTYPE" speed="8.46" pos="9.23" lane=":1/2_6_0" slope="0.00"/>
        <vehicle id="5" x="391.26" y="398.35" angle="90.00" type="DEFAULT_VEHTYPE" speed="3.15" pos="186.51" lane="1/2to2/2_0" slope="0.00"/>
        <vehicle id="6" x="201.65" y="184.69" angle="180.00" type="DEFAULT_VEHTYPE" speed="12.88" pos="184.69" lane="1/0to1/1_0" slope="0.00"/>
        <vehicle id="7" x="270.48" y="201.65" angle="-90.00" type="DEFAULT_VEHTYPE" speed="13.55" pos="124.77" lane="2/1to1/1_0" slope="0.00"/>
        <vehicle id="8" x="398.35" y="324.82" angle="0.00" type="DEFAULT_VEHTYPE" speed="13.11" pos="70.43" lane="2/2to2/1_0" slope="0.00"/>
        <vehicle id="9" x="94.73" y="201.65" angle="-90.00" type="DEFAULT_VEHTYPE" speed="12.97" pos="100.52" lane="1/1to0/1_0" slope="0.00"/>
    </timestep>
    <timestep time="684.00">
        <vehicle id="0" x="405.21" y="401.65" angle="-90.00" type="DEFAULT_VEHTYPE" speed="6.13" pos="190.04" lane="3/2to2/2_0" slope="0.00"/>
        <vehicle id="1" x="679.12" y="201.65" angle="-90.00" type="DEFAULT_VEHTYPE" speed="13.16" pos="120.88" lane="4/1to3/1_0" slope="0.00"/>
        <vehicle id="11" x="398.35" y="136.03" angle="0.00" type="DEFAULT_VEHTYPE" speed="12.86" pos="59.22" lane="2/1to2/0_0" slope="0.00"/>
        <vehicle id="12" x="691.93" y="198.35" angle="90.00" type="DEFAULT_VEHTYPE" speed="12.74" pos="87.18" lane="3/1to4/1_0" slope="0.00"/>
        <vehicle id="14" x="401.65" y="191.22" angle="180.00" type="DEFAULT_VEHTYPE" speed="13.02" pos="191.22" lane="2/0to2/1_0" slope="0.00"/>
        <vehicle id="15" x="180.25" y="198.35" angle="90.00" type="DEFAULT_VEHTYPE" speed="9.14" pos="180.25" lane="0/1to1/1_0" slope="0.00"/>
        <vehicle id="16" x="235.81" y="198.35" angle="90.00" type="DEFAULT_VEHTYPE" speed="13.21" pos="31.06" lane="1/1to2/1_0" slope="0.00"/>
        <vehicle id="17" x="146.53" y="201.65" angle="-90.00" type="DEFAULT_VEHTYPE" speed="13.33" pos="48.72" lane="1/1to0/1_0" slope="0.00"/>
        <vehicle id="18" x="601.65" y="385.53" angle="180.00" type="DEFAULT_VEHTYPE" speed="6.06" pos="180.78" lane="3/1to3/2_0" slope="0.00"/>
        <vehicle id="19" x="401.65" y="48.95" angle="180.00" type="DEFAULT_VEHTYPE" speed="12.66" pos="48.95" lane="2/0to2/1_0" slope="0.00"/>
        <vehicle id="2" x="201.65" y="75.41" angle="180.00" type="DEFAULT_VEHTYPE" speed="13.58" pos="75.41" lane="1/0to1/1_0" slope="0.00"/>
        <vehicle id="20" x="623.18" y="201.65" angle="-90.00" type="DEFAULT_VEHTYPE" speed="10.64" pos="176.82" lane="4/1to3/1_0" slope="0.00"/>
        <vehicle id="21" x="201.65" y="20.64" angle="180.00" type="DEFAULT_VEHTYPE" speed="13.69" pos="20.64" lane="1/0to1/1_0" slope="0.00"/>
        <vehicle id="22" x="209.94" y="401.65" angle="-90.00" type="DEFAULT_VEHTYPE" speed="4.37" pos="185.31" lane="2/2to1/2_0" slope="0.00"/>
        <vehicle id="23" x="424.62" y="401.65" angle="-90.00" type="DEFAULT_VEHTYPE" speed="6.35" pos="170.63" lane="3/2to2/2_0" slope="0.00"/>
        <vehicle id="24" x="436.67" y="198.35" angle="90.00" type="DEFAULT_VEHTYPE" speed="12.74" pos="31.92" lane="2/1to3/1_0" slope="0.00"/>
        <vehicle id="3" x="398.35" y="224.24" angle="0.00" type="DEFAULT_VEHTYPE" speed="13.41" pos="171.01" lane="2/2to2/1_0" slope="0.00"/>
        <vehicle id="4" x="198.35" y="385.38" angle="0.00" type="DEFAULT_VEHTYPE" speed="10.95" pos="9.87" lane="1/2to1/1_0" slope="0.00"/>
        <vehicle id="5" x="396.54" y="398.17" angle="87.93" type="DEFAULT_VEHTYPE" speed="5.29" pos="1.30" lane=":2/2_12_0" slope="0.00"/>
        <vehicle id="6" x="202.50" y="197.62" angle="169.88" type="DEFAULT_VEHTYPE" speed="13.15" pos="2.59" lane=":1/1_8_0" slope="0.00"/>
        <vehicle id="7" x="256.78" y="201.65" angle="-90.00" type="DEFAULT_VEHTYPE" speed="13.70" pos="138.47" lane="2/1to1/1_0" slope="0.00"/>
        <vehicle id="8" x="398.35" y="311.49" angle="0.00" type="DEFAULT_VEHTYPE" speed="13.33" pos="83.76" lane="2/2to2/1_0" slope="0.00"/>
        <vehicle id="9" x="81.89" y="201.65" angle="-90.00" type="DEFAULT_VEHTYPE" speed="12.84" pos="113.36" lane="1/1to0/1_0" slope="0.00"/>
    </timestep>
    <timestep time="685.00">
        <vehicle id="0" x="396.64" y="401.65" angle="-90.00" type="DEFAULT_VEHTYPE" speed="8.58" pos="8.11" lane=":2/2_5_0" slope="0.00"/>
        <vehicle id="1" x="665.75" y="201.65" angle="-90.00" type="DEFAULT_VEHTYPE" speed="13.37" pos="134.25" lane="4/1to3/1_0" slope="0.00"/>
        <vehicle id="11" x="398.35" y="122.44" angle="0.00" type="DEFAULT_VEHTYPE" speed="13.59" pos="72.81" lane="2/1to2/0_0" slope="0.00"/>
        <vehicle id="12" x="704.78" y="198.35" angle="90.00" type="DEFAULT_VEHTYPE" speed="12.85" pos="100.03" lane="3/1to4/1_0" slope="0.00"/>
        <vehicle id="14" x="408.63" y="198.35" angle="91.79" type="DEFAULT_VEHTYPE" speed="12.91" pos="3.88" lane="2/1to3/1_0" slope="0.00"/>
        <vehicle id="15" x="187.11" y="198.35" angle="90.00" type="DEFAULT_VEHTYPE" speed="6.87" pos="187.11" lane="0/1to1/1_0" slope="0.00"/>
        <vehicle id="16" x="249.49" y="198.35" angle="90.00" type="DEFAULT_VEHTYPE" speed="13.68" pos="44.74" lane="1/1to2/1_0" slope="0.00"/>
        <vehicle id="17" x="133.41" y="201.65" angle="-90.00" type="DEFAULT_VEHTYPE" speed="13.12" pos="61.84" lane="1/1to0/1_0" slope="0.00"/>
        <vehicle id="18" x="601.65" y="389.29" angle="180.00" type="DEFAULT_VEHTYPE" speed="3.76" pos="184.54" lane="3/1to3/2_0" slope="0.00"/>
        <vehicle id="19" x="401.65" y="62.56" angle="180.00" type="DEFAULT_VEHTYPE" speed="13.61" pos="62.56" lane="2/0to2/1_0" slope="0.00"/>
        <vehicle id="2" x="201.65" y="88.25" angle="180.00" type="DEFAULT_VEHTYPE" speed="12.83" pos="88.25" lane="1/0to1/1_0" slope="0.00"/>
        <vehicle id="20" x="615.31" y="201.65" angle="-90.00" type="DEFAULT_VEHTYPE" speed="7.87" pos="184.69" lane="4/1to3/1_0" slope="0.00"/>
        <vehicle id="21" x="201.65" y="33.36" angle="180.00" type="DEFAULT_VEHTYPE" speed="12.72" pos="33.36" lane="1/0to1/1_0" slope="0.00"/>
        <vehicle id="22" x="203.39" y="401.46" angle="-87.77" type="DEFAULT_VEHTYPE" speed="6.57" pos="1.37" lane=":1/2_6_0" slope="0.00"/>
        <vehicle id="23" x="416.02" y="401.65" angle="-90.00" type="DEFAULT_VEHTYPE" speed="8.59" pos="179.23" lane="3/2to2/2_0" slope="0.00"/>
        <vehicle id="24" x="450.14" y="198.35" angle="90.00" type="DEFAULT_VEHTYPE" speed="13.47" pos="45.39" lane="2/1to3/1_0" slope="0.00"/>
        <vehicle id="3" x="398.35" y="211.24" angle="0.00" type="DEFAULT_VEHTYPE" speed="12.99" pos="184.01" lane="2/2to2/1_0" slope="0.00"/>
        <vehicle id="4" x="198.35" y="371.92" angle="0.00" type="DEFAULT_VEHTYPE" speed="13.46" pos="23.33" lane="1/2to1/1_0" slope="0.00"/>
        <vehicle id="5" x="398.35" y="392.32" angle="6.41" type="DEFAULT_VEHTYPE" speed="6.63" pos="2.93" lane="2/2to2/1_0" slope="0.00"/>
        <vehicle id="6" x="215.46" y="198.35" angle="90.00" type="DEFAULT_VEHTYPE" speed="13.12" pos="10.71" lane="1/1to2/1_0" slope="0.00"/>
        <vehicle id="7" x="243.90" y="201.65" angle="-90.00" type="DEFAULT_VEHTYPE" speed="12.88" pos="151.35" lane="2/1to1/1_0" slope="0.00"/>
        <vehicle id="8" x="398.35" y="298.28" angle="0.00" type="DEFAULT_VEHTYPE" speed="13.20" pos="96.97" lane="2/2to2/1_0" slope="0.00"/>
        <vehicle id="9" x="68.87" y="201.65" angle="-90.00" type="DEFAULT_VEHTYPE" speed="13.02" pos="126.38" lane="1/1to0/1_0" slope="0.00"/>
    </timestep>
    <timestep time="686.00">
        <vehicle id="0" x="386.55" y="401.65" angle="-90.00" type="DEFAULT_VEHTYPE" speed="10.09" pos="8.70" lane="2/2to1/2_0" slope="0.00"/>
        <vehicle id="1" x="652.63" y="201.65" angle="-90.00" type="DEFAULT_VEHTYPE" speed="13.12" pos="147.37" lane="4/1to3/1_0" slope="0.00"/>
        <vehicle id="11" x="398.35" y="108.78" angle="0.00" type="DEFAULT_VEHTYPE" speed="13.66" pos="86.47" lane="2/1to2/0_0" slope="0.00"/>
        <vehicle id="12" x="717.41" y="198.35" angle="90.00" type="DEFAULT_VEHTYPE" speed="12.63" pos="112.66" lane="3/1to4/1_0" slope="0.00"/>
        <vehicle id="14" x="422.27" y="198.35" angle="90.00" type="DEFAULT_VEHTYPE" speed="13.64" pos="17.52" lane="2/1to3/1_0" slope="0.00"/>
        <vehicle id="15" x="190.83" y="198.35" angle="90.00" type="DEFAULT_VEHTYPE" speed="3.71" pos="190.83" lane="0/1to1/1_0" slope="0.00"/>
        <vehicle id="16" x="262.49" y="198.35" angle="90.00" type="DEFAULT_VEHTYPE" speed="12.99" pos="57.74" lane="1/1to2/1_0" slope="0.00"/>
        <vehicle id="17" x="119.64" y="201.65" angle="-90.00" type="DEFAULT_VEHTYPE" speed="13.77" pos="75.61" lane="1/1to0/1_0" slope="0.00"/>
        <vehicle id="18" x="601.65" y="395.25" angle="180.00" type="DEFAULT_VEHTYPE" speed="5.95" pos="190.50" lane="3/1to3/2_0" slope="0.00"/>
        <vehicle id="19" x="401.65" y="75.94" angle="180.00" type="DEFAULT_VEHTYPE" speed="13.38" pos="75.94" lane="2/0to2/1_0" slope="0.00"/>
        <vehicle id="2" x="201.65" y="100.87" angle="180.00" type="DEFAULT_VEHTYPE" speed="12.62" pos="100.87" lane="1/0to1/1_0" slope="0.00"/>
        <vehicle id="20" x="610.79" y="201.65" angle="-90.00" type="DEFAULT_VEHTYPE" speed="4.52" pos="189.21" lane="4/1to3/1_0" slope="0.00"/>
        <vehicle id="21" x="201.65" y="46.66" angle="180.00" type="DEFAULT_VEHTYPE" speed="13.30" pos="46.66" lane="1/0to1/1_0" slope="0.00"/>
        <vehicle id="22" x="198.44" y="395.85" angle="-23.20" type="DEFAULT_VEHTYPE" speed="8.34" pos="9.71" lane=":1/2_6_0" slope="0.00"/>
        <vehicle id="23" x="411.46" y="401.65" angle="-90.00" type="DEFAULT_VEHTYPE" speed="4.57" pos="183.79" lane="3/2to2/2_0" slope="0.00"/>
        <vehicle id="24" x="462.83" y="198.35" angle="90.00" type="DEFAULT_VEHTYPE" speed="12.69" pos="58.08" lane="2/1to3/1_0" slope="0.00"/>
        <vehicle id="3" x="398.35" y="197.84" angle="0.00" type="DEFAULT_VEHTYPE" speed="13.40" pos="6.91" lane=":2/1_1_0" slope="0.00"/>
        <vehicle id="4" x="198.35" y="358.40" angle="0.00" type="DEFAULT_VEHTYPE" speed="13.52" pos="36.85" lane="1/2to1/1_0" slope="0.00"/>
        <vehicle id="5" x="398.35" y="383.49" angle="0.00" type="DEFAULT_VEHTYPE" speed="8.83" pos="11.76" lane="2/2to2/1_0" slope="0.00"/>
        <vehicle id="6" x="228.10" y="198.35" angle="90.00" type="DEFAULT_VEHTYPE" speed="12.64" pos="23.35" lane="1/1to2/1_0" slope="0.00"/>
        <vehicle id="7" x="230.69" y="201.65" angle="-90.00" type="DEFAULT_VEHTYPE" speed="13.21" pos="164.56" lane="2/1to1/1_0" slope="0.00"/>
        <vehicle id="8" x="398.35" y="284.65" angle="0.00" type="DEFAULT_VEHTYPE" speed="13.64" pos="110.60" lane="2/2to2/1_0" slope="0.00"/>
        <vehicle id="9" x="55.29" y="201.65" angle="-90.00" type="DEFAULT_VEHTYPE" speed="13.58" pos="139.96" lane="1/1to0/1_0" slope="0.00"/>
    </timestep>
    <timestep time="687.00">
        <vehicle id="0" x="374.72" y="401.65" angle="-90.00" type="DEFAULT_VEHTYPE" speed="11.83" pos="20.53" lane="2/2to1/2_0" slope="0.00"/>
        <vehicle id="1" x="639.68" y="201.65" angle="-90.00" type="DEFAULT_VEHTYPE" speed="12.95" pos="160.32" lane="4/1to3/1_0" slope="0.00"/>
        <vehicle id="11" x="398.35" y="95.64" angle="0.00" type="DEFAULT_VEHTYPE" speed="13.14" pos="99.61" lane="2/1to2/0_0" slope="0.00"/>
        <vehicle id="12" x="730.73" y="198.35" angle="90.00" type="DEFAULT_VEHTYPE" speed="13.32" pos="125.98" lane="3/1to4/1_0" slope="0.00"/>
        <vehicle id="14" x="435.68" y="198.35" angle="90.00" type="DEFAULT_VEHTYPE" speed="13.41" pos="30.93" lane="2/1to3/1_0" slope="0.00"/>
        <vehicle id="15" x="196.02" y="198.24" angle="88.77" type="DEFAULT_VEHTYPE" speed="5.20" pos="0.78" lane=":1/1_12_0" slope="0.00"/>
        <vehicle id="16" x="276.31" y="198.35" angle="90.00" type="DEFAULT_VEHTYPE" speed="13.82" pos="71.56" lane="1/1to2/1_0" slope="0.00"/>
        <vehicle id="17" x="106.21" y="201.65" angle="-90.00" type="DEFAULT_VEHTYPE" speed="13.43" pos="89.04" lane="1/1to0/1_0" slope="0.00"/>
        <vehicle id="18" x="597.25" y="401.36" angle="-127.74" type="DEFAULT_VEHTYPE" speed="8.30" pos="1.16" lane=":3/2_18_0" slope="0.00"/>
        <vehicle id="19" x="401.65" y="89.50" angle="180.00" type="DEFAULT_VEHTYPE" speed="13.56" pos="89.50" lane="2/0to2/1_0" slope="0.00"/>
        <vehicle id="2" x="201.65" y="114.54" angle="180.00" type="DEFAULT_VEHTYPE" speed="13.67" pos="114.54" lane="1/0to1/1_0" slope="0.00"/>
        <vehicle id="20" x="604.42" y="201.70" angle="-90.53" type="DEFAULT_VEHTYPE" speed="6.38" pos="0.34" lane=":3/1_4_0" slope="0.00"/>
        <vehicle id="21" x="201.65" y="60.52" angle="180.00" type="DEFAULT_VEHTYPE" speed="13.87" pos="60.52" lane="1/0to1/1_0" slope="0.00"/>
        <vehicle id="22" x="198.35" y="385.84" angle="0.00" type="DEFAULT_VEHTYPE" speed="10.02" pos="9.41" lane="1/2to1/1_0" slope="0.00"/>
        <vehicle id="23" x="405.00" y="401.65" angle="-90.00" type="DEFAULT_VEHTYPE" speed="6.45" pos="190.25" lane="3/2to2/2_0" slope="0.00"/>
        <vehicle id="24" x="476.54" y="198.35" angle="90.00" type="DEFAULT_VEHTYPE" speed="13.71" pos="71.79" lane="2/1to3/1_0" slope="0.00"/>
        <vehicle id="3" x="398.35" y="184.99" angle="0.00" type="DEFAULT_VEHTYPE" speed="12.85" pos="10.26" lane="2/1to2/0_0" slope="0.00"/>
        <vehicle id="4" x="198.35" y="345.57" angle="0.00" type="DEFAULT_VEHTYPE" speed="12.83" pos="49.68" lane="1/2to1/1_0" slope="0.00"/>
        <vehicle id="5" x="398.35" y="372.86" angle="0.00" type="DEFAULT_VEHTYPE" speed="10.63" pos="22.39" lane="2/2to2/1_0" slope="0.00"/>
        <vehicle id="6" x="241.88" y="198.35" angle="90.00" type="DEFAULT_VEHTYPE" speed="13.79" pos="37.13" lane="1/1to2/1_0" slope="0.00"/>
        <vehicle id="7" x="220.31" y="201.65" angle="-90.00" type="DEFAULT_VEHTYPE" speed="10.38" pos="174.94" lane="2/1to1/1_0" slope="0.00"/>
        <vehicle id="8" x="398.35" y="271.39" angle="0.00" type="DEFAULT_VEHTYPE" speed="13.26" pos="123.86" lane="2/2to2/1_0" slope="0.00"/>
        <vehicle id="9" x="41.49" y="201.65" angle="-90.00" type="DEFAULT_VEHTYPE" speed="13.80" pos="153.76" lane="1/1to0/1_0" slope="0.00"/>
    </timestep>
    <timestep time="688.00">
        <vehicle id="0" x="361.96" y="401.65" angle="-90.00" type="DEFAULT_VEHTYPE" speed="12.76" pos="33.29" lane="2/2to1/2_0" slope="0.00"/>
        <vehicle id="1" x="627.63" y="201.65" angle="-90.00" type="DEFAULT_VEHTYPE" speed="12.05" pos="172.37" lane="4/1to3/1_0" slope="0.00"/>
        <vehicle id="11" x="398.35" y="82.26" angle="0.00" type="DEFAULT_VEHTYPE" speed="13.38" pos="112.99" lane="2/1to2/0_0" slope="0.00"/>
        <vehicle id="12" x="743.60" y="198.35" angle="90.00" type="DEFAULT_VEHTYPE" speed="12.87" pos="138.85" lane="3/1to4/1_0" slope="0.00"/>
        <vehicle id="14" x="448.82" y="198.35" angle="90.00" type="DEFAULT_VEHTYPE" speed="13.14" pos="44.07" lane="2/1to3/1_0" slope="0.00"/>
        <vehicle id="15" x="198.35" y="191.93" angle="4.06" type="DEFAULT_VEHTYPE" speed="7.54" pos="3.32" lane="1/1to1/0_0" slope="0.00"/>
        <vehicle id="16" x="288.97" y="198.35" angle="90.00" type="DEFAULT_VEHTYPE" speed="12.66" pos="84.22" lane="1/1to2/1_0" slope="0.00"/>
        <vehicle id="17" x="92.55" y="201.65" angle="-90.00" type="DEFAULT_VEHTYPE" speed="13.66" pos="102.70" lane="1/1to0/1_0" slope="0.00"/>
        <vehicle id="18" x="586.80" y="401.65" angle="-90.00" type="DEFAULT_VEHTYPE" speed="10.47" pos="8.45" lane="3/2to2/2_0" slope="0.00"/>
        <vehicle id="19" x="401.65" y="102.92" angle="180.00" type="DEFAULT_VEHTYPE" speed="13.42" pos="102.92" lane="2/0to2/1_0" slope="0.00"/>
        <vehicle id="2" x="201.65" y="127.67" angle="180.00" type="DEFAULT_VEHTYPE" speed="13.13" pos="127.67" lane="1/0to1/1_0" slope="0.00"/>
        <vehicle id="20" x="601.65" y="208.77" angle="-178.44" type="DEFAULT_VEHTYPE" speed="8.68" pos="4.02" lane="3/1to3/2_0" slope="0.00"/>
        <vehicle id="21" x="201.65" y="74.42" angle="180.00" type="DEFAULT_VEHTYPE" speed="13.90" pos="74.42" lane="1/0to1/1_0" slope="0.00"/>
        <vehicle id="22" x="198.35" y="374.41" angle="0.00" type="DEFAULT_VEHTYPE" speed="11.43" pos="20.84" lane="1/2to1/1_0" slope="0.00"/>
        <vehicle id="23" x="398.63" y="397.24" angle="-37.65" type="DEFAULT_VEHTYPE" speed="8.56" pos="8.31" lane=":2/2_6_0" slope="0.00"/>
        <vehicle id="24" x="490.20" y="198.35" angle="90.00" type="DEFAULT_VEHTYPE" speed="13.65" pos="85.45" lane="2/1to3/1_0" slope="0.00"/>
        <vehicle id="3" x="398.35" y="172.18" angle="0.00" type="DEFAULT_VEHTYPE" speed="12.82" pos="23.07" lane="2/1to2/0_0" slope="0.00"/>
        <vehicle id="4" x="198.35" y="331.92" angle="0.00" type="DEFAULT_VEHTYPE" speed="13.65" pos="63.33" lane="1/2to1/1_0" slope="0.00"/>
        <vehicle id="5" x="398.35" y="359.76" angle="0.00" type="DEFAULT_VEHTYPE" speed="13.09" pos="35.49" lane="2/2to2/1_0" slope="0.00"/>
        <vehicle id="6" x="254.99" y="198.35" angle="90.00" type="DEFAULT_VEHTYPE" speed="13.10" pos="50.24" lane="1/1to2/1_0" slope="0.00"/>
        <vehicle id="7" x="213.62" y="201.65" angle="-90.00" type="DEFAULT_VEHTYPE" speed="6.70" pos="181.63" lane="2/1to1/1_0" slope="0.00"/>
        <vehicle id="8" x="398.35" y="258.49" angle="0.00" type="DEFAULT_VEHTYPE" speed="12.90" pos="136.76" lane="2/2to2/1_0" slope="0.00"/>
        <vehicle id="9" x="28.23" y="201.65" angle="-90.00" type="DEFAULT_VEHTYPE" speed="13.26" pos="167.02" lane="1/1to0/1_0" slope="0.00"/>
    </timestep>
    <timestep time="689.00">
        <vehicle id="0" x="349.00" y="401.65" angle="-90.00" type="DEFAULT_VEHTYPE" speed="12.96" pos="46.25" lane="2/2to1/2_0" slope="0.00"/>
        <vehicle id="1" x="618.97" y="201.65" angle="-90.00" type="DEFAULT_VEHTYPE" speed="8.66" pos="181.03" lane="4/1to3/1_0" slope="0.00"/>
        <vehicle id="11" x="398.35" y="69.59" angle="0.00" type="DEFAULT_VEHTYPE" speed="12.66" pos="125.66" lane="2/1to2/0_0" slope="0.00"/>
        <vehicle id="12" x="757.36" y="198.35" angle="90.00" type="DEFAULT_VEHTYPE" speed="13.76" pos="152.61" lane="3/1to4/1_0" slope="0.00"/>
        <vehicle id="14" x="461.87" y="198.35" angle="90.00" type="DEFAULT_VEHTYPE" speed="13.05" pos="57.12" lane="2/1to3/1_0" slope="0.00"/>
        <vehicle id="15" x="198.35" y="182.72" angle="0.00" type="DEFAULT_VEHTYPE" speed="9.21" pos="12.53" lane="1/1to1/0_0" slope="0.00"/>
        <vehicle id="16" x="302.78" y="198.35" angle="90.00" type="DEFAULT_VEHTYPE" speed="13.80" pos="98.03" lane="1/1to2/1_0" slope="0.00"/>
        <vehicle id="17" x="79.41" y="201.65" angle="-90.00" type="DEFAULT_VEHTYPE" speed="13.15" pos="115.84" lane="1/1to0/1_0" slope="0.00"/>
        <vehicle id="18" x="574.90" y="401.65" angle="-90.00" type="DEFAULT_VEHTYPE" speed="11.90" pos="20.35" lane="3/2to2/2_0" slope="0.00"/>
        <vehicle id="19" x="401.65" y="115.87" angle="180.00" type="DEFAULT_VEHTYPE" speed="12.95" pos="115.87" lane="2/0to2/1_0" slope="0.00"/>
        <vehicle id="2" x="201.65" y="140.36" angle="180.00" type="DEFAULT_VEHTYPE" speed="12.69" pos="140.36" lane="1/0to1/1_0" slope="0.00"/>
        <vehicle id="20" x="601.65" y="219.16" angle="180.00" type="DEFAULT_VEHTYPE" speed="10.39" pos="14.41" lane="3/1to3/2_0" slope="0.00"/>
        <vehicle id="21" x="201.65" y="87.44" angle="180.00" type="DEFAULT_VEHTYPE" speed="13.02" pos="87.44" lane="1/0to1/1_0" slope="0.00"/>
        <vehicle id="22" x="198.35" y="361.10" angle="0.00" type="DEFAULT_VEHTYPE" speed="13.31" pos="34.15" lane="1/2to1/1_0" slope="0.00"/>
        <vehicle id="23" x="398.35" y="386.17" angle="0.00" type="DEFAULT_VEHTYPE" speed="11.09" pos="9.08" lane="2/2to2/1_0" slope="0.00"/>
        <vehicle id="24" x="503.92" y="198.35" angle="90.00" type="DEFAULT_VEHTYPE" speed="13.72" pos="99.17" lane="2/1to3/1_0" slope="0.00"/>
        <vehicle id="3" x="398.35" y="158.82" angle="0.00" type="DEFAULT_VEHTYPE" speed="13.35" pos="36.43" lane="2/1to2/0_0" slope="0.00"/>
        <vehicle id="4" x="198.35" y="318.62" angle="0.00" type="DEFAULT_VEHTYPE" speed="13.30" pos="76.63" lane="1/2to1/1_0" slope="0.00"/>
        <vehicle id="5" x="398.35" y="346.24" angle="0.00" type="DEFAULT_VEHTYPE" speed="13.52" pos="49.01" lane="2/2to2/1_0" slope="0.00"/>
        <vehicle id="6" x="268.18" y="198.35" angle="90.00" type="DEFAULT_VEHTYPE" speed="13.19" pos="63.43" lane="1/1to2/1_0" slope="0.00"/>
        <vehicle id="7" x="209.32" y="201.65" angle="-90.00" type="DEFAULT_VEHTYPE" speed="4.30" pos="185.93" lane="2/1to1/1_0" slope="0.00"/>
        <vehicle id="8" x="398.35" y="245.87" angle="0.00" type="DEFAULT_VEHTYPE" speed="12.62" pos="149.38" lane="2/2to2/1_0" slope="0.00"/>
        <vehicle id="9" x="14.59" y="201.65" angle="-90.00" type="DEFAULT_VEHTYPE" speed="13.64" pos="180.66" lane="1/1to0/1_0" slope="0.00"/>
    </timestep>
    <timestep time="690.00">
        <vehicle id="0" x="335.89" y="401.65" angle="-90.00" type="DEFAULT_VEHTYPE" speed="13.11" pos="59.36" lane="2/2to1/2_0" slope="0.00"/>
        <vehicle id="1" x="613.36" y="201.65" angle="-90.00" type="DEFAULT_VEHTYPE" speed="5.61" pos="186.64" lane="4/1to3/1_0" slope="0.00"/>
        <vehicle id="11" x="398.35" y="56.14" angle="0.00" type="DEFAULT_VEHTYPE" speed="13.45" pos="139.11" lane="2/1to2/0_0" slope="0.00"/>
        <vehicle id="12" x="769.98" y="198.35" angle="90.00" type="DEFAULT_VEHTYPE" speed="12.63" pos="165.23" lane="3/1to4/1_0" slope="0.00"/>
        <vehicle id="14" x="474.76" y="198.35" angle="90.00" type="DEFAULT_VEHTYPE" speed="12.89" pos="70.01" lane="2/1to3/1_0" slope="0.00"/>
        <vehicle id="15" x="198.35" y="171.81" angle="0.00" type="DEFAULT_VEHTYPE" speed="10.91" pos="23.44" lane="1/1to1/0_0" slope="0.00"/>
        <vehicle id="16" x="316.67" y="198.35" angle="90.00" type="DEFAULT_VEHTYPE" speed="13.90" pos="111.92" lane="1/1to2/1_0" slope="0.00"/>
        <vehicle id="17" x="66.34" y="201.65" angle="-90.00" type="DEFAULT_VEHTYPE" speed="13.06" pos="128.91" lane="1/1to0/1_0" slope="0.00"/>
        <vehicle id="18" x="561.43" y="401.65" angle="-90.00" type="DEFAULT_VEHTYPE" speed="13.48" pos="33.82" lane="3/2to2/2_0" slope="0.00"/>
        <vehicle id="19" x="401.65" y="128.51" angle="180.00" type="DEFAULT_VEHTYPE" speed="12.64" pos="128.51" lane="2/0to2/1_0" slope="0.00"/>
        <vehicle id="2" x="201.65" y="153.65" angle="180.00" type="DEFAULT_VEHTYPE" speed="13.29" pos="153.65" lane="1/0to1/1_0" slope="0.00"/>
        <vehicle id="20" x="601.65" y="231.08" angle="180.00" type="DEFAULT_VEHTYPE" speed="11.93" pos="26.33" lane="3/1to3/2_0" slope="0.00"/>
        <vehicle id="21" x="201.65" y="101.15" angle="180.00" type="DEFAULT_VEHTYPE" speed="13.71" pos="101.15" lane="1/0to1/1_0" slope="0.00"/>
        <vehicle id="22" x="198.35" y="348.45" angle="0.00" type="DEFAULT_VEHTYPE" speed="12.66" pos="46.80" lane="1/2to1/1_0" slope="0.00"/>
        <vehicle id="23" x="398.35" y="372.73" angle="0.00" type="DEFAULT_VEHTYPE" speed="13.44" pos="22.52" lane="2/2to2/1_0" slope="0.00"/>
        <vehicle id="24" x="517.33" y="198.35" angle="90.00" type="DEFAULT_VEHTYPE" speed="13.41" pos="112.58" lane="2/1to3/1_0" slope="0.00"/>
        <vehicle id="3" x="398.35" y="145.48" angle="0.00" type="DEFAULT_VEHTYPE" speed="13.34" pos="49.77" lane="2/1to2/0_0" slope="0.00"/>
        <vehicle id="4" x="198.35" y="305.06" angle="0.00" type="DEFAULT_VEHTYPE" speed="13.56" pos="90.19" lane="1/2to1/1_0" slope="0.00"/>
        <vehicle id="5" x="398.35" y="333.41" angle="0.00" type="DEFAULT_VEHTYPE" speed="12.83" pos="61.84" lane="2/2to2/1_0" slope="0.00"/>
        <vehicle id="6" x="281.49" y="198.35" angle="90.00" type="DEFAULT_VEHTYPE" speed="13.31" pos="76.74" lane="1/1to2/1_0" slope="0.00"/>
        <vehicle id="7" x="203.28" y="201.91" angle="-92.97" type="DEFAULT_VEHTYPE" speed="6.07" pos="1.50" lane=":1/1_4_0" slope="0.00"/>
        <vehicle id="8" x="398.35" y="233.19" angle="0.00" type="DEFAULT_VEHTYPE" speed="12.69" pos="162.06" lane="2/2to2/1_0" slope="0.00"/>
        <vehicle id="9" x="1.05" y="201.65" angle="-90.00" type="DEFAULT_VEHTYPE" speed="13.53" pos="194.20" lane="1/1to0/1_0" slope="0.00"/>
    </timestep>
    <timestep time="691.00">
        <vehicle id="0" x="322.66" y="401.65" angle="-90.00" type="DEFAULT_VEHTYPE" speed="13.23" pos="72.59" lane="2/2to1/2_0" slope="0.00"/>
        <vehicle id="1" x="610.47" y="201.65" angle="-90.00" type="DEFAULT_VEHTYPE" speed="2.89" pos="189.53" lane="4/1to3/1_0" slope="0.00"/>
        <vehicle id="11" x="398.35" y="42.96" angle="0.00" type="DEFAULT_VEHTYPE" speed="13.18" pos="152.29" lane="2/1to2/0_0" slope="0.00"/>
        <vehicle id="12" x="782.81" y="198.35" angle="90.00" type="DEFAULT_VEHTYPE" speed="12.83" pos="178.06" lane="3/1to4/1_0" slope="0.00"/>
        <vehicle id="14" x="488.39" y="198.35" angle="90.00" type="DEFAULT_VEHTYPE" speed="13.63" pos="83.64" lane="2/1to3/1_0" slope="0.00"/>
        <vehicle id="15" x="198.35" y="159.05" angle="0.00" type="DEFAULT_VEHTYPE" speed="12.77" pos="36.20" lane="1/1to1/0_0" slope="0.00"/>
        <vehicle id="16" x="330.26" y="198.35" angle="90.00" type="DEFAULT_VEHTYPE" speed="13.58" pos="125.51" lane="1/1to2/1_0" slope="0.00"/>
        <vehicle id="17" x="52.97" y="201.65" angle="-90.00" type="DEFAULT_VEHTYPE" speed="13.38" pos="142.28" lane="1/1to0/1_0" slope="0.00"/>
        <vehicle id="18" x="548.76" y="401.65" angle="-90.00" type="DEFAULT_VEHTYPE" speed="12.66" pos="46.49" lane="3/2to2/2_0" slope="0.00"/>
        <vehicle id="19" x="401.65" y="141.80" angle="180.00" type="DEFAULT_VEHTYPE" speed="13.29" pos="141.80" lane="2/0to2/1_0" slope="0.00"/>
        <vehicle id="2" x="201.65" y="167.45" angle="180.00" type="DEFAULT_VEHTYPE" speed="13.79" pos="167.45" lane="1/0to1/1_0" slope="0.00"/>
        <vehicle id="20" x="601.65" y="244.26" angle="180.00" type="DEFAULT_VEHTYPE" speed="13.18" pos="39.51" lane="3/1to3/2_0" slope="0.00"/>
        <vehicle id="21" x="201.65" y="114.67" angle="180.00" type="DEFAULT_VEHTYPE" speed="13.52" pos="114.67" lane="1/0to1/1_0" slope="0.00"/>
        <vehicle id="22" x="198.35" y="335.61" angle="0.00" type="DEFAULT_VEHTYPE" speed="12.83" pos="59.64" lane="1/2to1/1_0" slope="0.00"/>
        <vehicle id="23" x="398.35" y="359.13" angle="0.00" type="DEFAULT_VEHTYPE" speed="13.60" pos="36.12" lane="2/2to2/1_0" slope="0.00"/>
        <vehicle id="24" x="530.72" y="198.35" angle="90.00" type="DEFAULT_VEHTYPE" speed="13.40" pos="125.97" lane="2/1to3/1_0" slope="0.00"/>
        <vehicle id="3" x="398.35" y="132.46" angle="0.00" type="DEFAULT_VEHTYPE" speed="13.03" pos="62.79" lane="2/1to2/0_0" slope="0.00"/>
        <vehicle id="4" x="198.35" y="292.33" angle="0.00" type="DEFAULT_VEHTYPE" speed="12.73" pos="102.92" lane="1/2to1/1_0" slope="0.00"/>
        <vehicle id="5" x="398.35" y="320.71" angle="0.00" type="DEFAULT_VEHTYPE" speed="12.70" pos="74.54" lane="2/2to2/1_0" slope="0.00"/>
        <vehicle id="6" x="294.29" y="198.35" angle="90.00" type="DEFAULT_VEHTYPE" speed="12.81" pos="89.54" lane="1/1to2/1_0" slope="0.00"/>
        <vehicle id="7" x="201.65" y="208.70" angle="-178.32" type="DEFAULT_VEHTYPE" speed="7.44" pos="3.95" lane="1/1to1/2_0" slope="0.00"/>
        <vehicle id="8" x="398.35" y="219.62" angle="0.00" type="DEFAULT_VEHTYPE" speed="13.57" pos="175.63" lane="2/2to2/1_0" slope="0.00"/>
        <vehicle id="9" x="8.02" y="198.35" angle="90.00" type="DEFAULT_VEHTYPE" speed="13.89" pos="8.02" lane="0/1to1/1_0" slope="0.00"/>
    </timestep>
    <timestep time="692.00">
        <vehicle id="0" x="309.72" y="401.65" angle="-90.00" type="DEFAULT_VEHTYPE" speed="12.94" pos="85.53" lane="2/2to1/2_0" slope="0.00"/>
        <vehicle id="1" x="605.41" y="201.65" angle="-90.00" type="DEFAULT_VEHTYPE" speed="5.06" pos="194.59" lane="4/1to3/1_0" slope="0.00"/>
        <vehicle id="11" x="398.35" y="29.60" angle="0.00" type="DEFAULT_VEHTYPE" speed="13.36" pos="165.65" lane="2/1to2/0_0" slope="0.00"/>
        <vehicle id="12" x="796.61" y="198.35" angle="90.00" type="DEFAULT_VEHTYPE" speed="13.80" pos="191.86" lane="3/1to4/1_0" slope="0.00"/>
        <vehicle id="14" x="501.36" y="198.35" angle="90.00" type="DEFAULT_VEHTYPE" speed="12.97" pos="96.61" lane="2/1to3/1_0" slope="0.00"/>
        <vehicle id="15" x="198.35" y="145.80" angle="0.00" type="DEFAULT_VEHTYPE" speed="13.24" pos="49.45" lane="1/1to1/0_0" slope="0.00"/>
        <vehicle id="16" x="344.02" y="198.35" angle="90.00" type="DEFAULT_VEHTYPE" speed="13.76" pos="139.27" lane="1/1to2/1_0" slope="0.00"/>
        <vehicle id="17" x="39.97" y="201.65" angle="-90.00" type="DEFAULT_VEHTYPE" speed="12.99" pos="155.28" lane="1/1to0/1_0" slope="0.00"/>
        <vehicle id="18" x="536.16" y="401.65" angle="-90.00" type="DEFAULT_VEHTYPE" speed="12.60" pos="59.09" lane="3/2to2/2_0" slope="0.00"/>
        <vehicle id="19" x="401.65" y="154.77" angle="180.00" type="DEFAULT_VEHTYPE" speed="12.97" pos="154.77" lane="2/0to2/1_0" slope="0.00"/>
        <vehicle id="2" x="201.65" y="180.42" angle="180.00" type="DEFAULT_VEHTYPE" speed="12.97" pos="180.42" lane="1/0to1/1_0" slope="0.00"/>
        <vehicle id="20" x="601.65" y="257.32" angle="180.00" type="DEFAULT_VEHTYPE" speed="13.06" pos="52.57" lane="3/1to3/2_0" slope="0.00"/>
        <vehicle id="21" x="201.65" y="127.93" angle="180.00" type="DEFAULT_VEHTYPE" speed="13.26" pos="127.93" lane="1/0to1/1_0" slope="0.00"/>
        <vehicle id="22" x="198.35" y="322.79" angle="0.00" type="DEFAULT_VEHTYPE" speed="12.82" pos="72.46" lane="1/2to1/1_0" slope="0.00"/>
        <vehicle id="23" x="398.35" y="345.73" angle="0.00" type="DEFAULT_VEHTYPE" speed="13.40" pos="49.52" lane="2/2to2/1_0" slope="0.00"/>
        <vehicle id="24" x="544.05" y="198.35" angle="90.00" type="DEFAULT_VEHTYPE" speed="13.33" pos="139.30" lane="2/1to3/1_0" slope="0.00"/>
        <vehicle id="3" x="398.35" y="119.09" angle="0.00" type="DEFAULT_VEHTYPE" speed="13.37" pos="76.16" lane="2/1to2/0_0" slope="0.00"/>
        <vehicle id="4" x="198.35" y="278.54" angle="0.00" type="DEFAULT_VEHTYPE" speed="13.80" pos="116.71" lane="1/2to1/1_0" slope="0.00"/>
        <vehicle id="5" x="398.35" y="306.90" angle="0.00" type="DEFAULT_VEHTYPE" speed="13.81" pos="88.35" lane="2/2to2/1_0" slope="0.00"/>
        <vehicle id="6" x="307.40" y="198.35" angle="90.00" type="DEFAULT_VEHTYPE" speed="13.11" pos="102.65" lane="1/1to2/1_0" slope="0.00"/>
        <vehicle id="7" x="201.65" y="218.61" angle="180.00" type="DEFAULT_VEHTYPE" speed="9.91" pos="13.86" lane="1/1to1/2_0" slope="0.00"/>
        <vehicle id="8" x="398.35" y="206.38" angle="0.00" type="DEFAULT_VEHTYPE" speed="13.24" pos="188.87" lane="2/2to2/1_0" slope="0.00"/>
        <vehicle id="9" x="21.74" y="198.35" angle="90.00" type="DEFAULT_VEHTYPE" speed="13.72" pos="21.74" lane="0/1to1/1_0" slope="0.00"/>
    </timestep>
    <timestep time="693.00">
        <vehicle id="0" x="296.99" y="401.65" angle="-90.00" type="DEFAULT_VEHTYPE" speed="12.73" pos="98.26" lane="2/2to1/2_0" slope="0.00"/>
        <vehicle id="1" x="601.65" y="206.33" angle="-160.40" type="DEFAULT_VEHTYPE" speed="7.25" pos="1.58" lane="3/1to3/2_0" slope="0.00"/>
        <vehicle id="11" x="398.35" y="16.84" angle="0.00" type="DEFAULT_VEHTYPE" speed="12.76" pos="178.41" lane="2/1to2/0_0" slope="0.00"/>
        <vehicle id="12" x="795.15" y="201.65" angle="-90.95" type="DEFAULT_VEHTYPE" speed="13.06" pos="4.85" lane="4/1to3/1_0" slope="0.00"/>
        <vehicle id="14" x="514.13" y="198.35" angle="90.00" type="DEFAULT_VEHTYPE" speed="12.77" pos="109.38" lane="2/1to3/1_0" slope="0.00"/>
        <vehicle id="15" x="198.35" y="132.65" angle="0.00" type="DEFAULT_VEHTYPE" speed="13.16" pos="62.60" lane="1/1to1/0_0" slope="0.00"/>
        <vehicle id="16" x="357.71" y="198.35" angle="90.00" type="DEFAULT_VEHTYPE" speed="13.69" pos="152.96" lane="1/1to2/1_0" slope="0.00"/>
        <vehicle id="17" x="26.60" y="201.65" angle="-90.00" type="DEFAULT_VEHTYPE" speed="13.37" pos="168.65" lane="1/1to0/1_0" slope="0.00"/>
        <vehicle id="18" x="522.94" y="401.65" angle="-90.00" type="DEFAULT_VEHTYPE" speed="13.22" pos="72.31" lane="3/2to2/2_0" slope="0.00"/>
        <vehicle id="19" x="401.65" y="168.05" angle="180.00" type="DEFAULT_VEHTYPE" speed="13.29" pos="168.05" lane="2/0to2/1_0" slope="0.00"/>
        <vehicle id="2" x="201.65" y="193.57" angle="180.00" type="DEFAULT_VEHTYPE" speed="13.15" pos="193.57" lane="1/0to1/1_0" slope="0.00"/>
        <vehicle id="20" x="601.65" y="270.07" angle="180.00" type="DEFAULT_VEHTYPE" speed="12.75" pos="65.32" lane="3/1to3/2_0" slope="0.00"/>
        <vehicle id="21" x="201.65" y="140.93" angle="180.00" type="DEFAULT_VEHTYPE" speed="12.99" pos="140.93" lane="1/0to1/1_0" slope="0.00"/>
        <vehicle id="22" x="198.35" y="309.59" angle="0.00" type="DEFAULT_VEHTYPE" speed="13.21" pos="85.66" lane="1/2to1/1_0" slope="0.00"/>
        <vehicle id="23" x="398.35" y="332.53" angle="0.00" type="DEFAULT_VEHTYPE" speed="13.20" pos="62.72" lane="2/2to2/1_0" slope="0.00"/>
        <vehicle id="24" x="556.66" y="198.35" angle="90.00" type="DEFAULT_VEHTYPE" speed="12.60" pos="151.91" lane="2/1to3/1_0" slope="0.00"/>
        <vehicle id="3" x="398.35" y="106.05" angle="0.00" type="DEFAULT_VEHTYPE" speed="13.04" pos="89.20" lane="2/1to2/0_0" slope="0.00"/>
        <vehicle id="4" x="198.35" y="264.74" angle="0.00" type="DEFAULT_VEHTYPE" speed="13.80" pos="130.51" lane="1/2to1/1_0" slope="0.00"/>
        <vehicle id="5" x="398.35" y="293.13" angle="0.00" type="DEFAULT_VEHTYPE" speed="13.76" pos="102.12" lane="2/2to2/1_0" slope="0.00"/>
        <vehicle id="6" x="320.30" y="198.35" angle="90.00" type="DEFAULT_VEHTYPE" speed="12.89" pos="115.55" lane="1/1to2/1_0" slope="0.00"/>
        <vehicle id="7" x="201.65" y="230.36" angle="180.00" type="DEFAULT_VEHTYPE" speed="11.76" pos="25.61" lane="1/1to1/2_0" slope="0.00"/>
        <vehicle id="8" x="398.35" y="193.62" angle="0.00" type="DEFAULT_VEHTYPE" speed="12.76" pos="1.63" lane="2/1to2/0_0" slope="0.00"/>
        <vehicle id="9" x="35.07" y="198.35" angle="90.00" type="DEFAULT_VEHTYPE" speed="13.33" pos="35.07" lane="0/1to1/1_0" slope="0.00"/>
    </timestep>
    <timestep time="694.00">
        <vehicle id="0" x="283.09" y="401.65" angle="-90.00" type="DEFAULT_VEHTYPE" speed="13.90" pos="112.16" lane="2/2to1/2_0" slope="0.00"/>
        <vehicle id="1" x="601.65" y="215.24" angle="180.00" type="DEFAULT_VEHTYPE" speed="8.90" pos="10.49" lane="3/1to3/2_0" slope="0.00"/>
        <vehicle id="11" x="398.35" y="3.63" angle="0.00" type="DEFAULT_VEHTYPE" speed="13.21" pos="191.62" lane="2/1to2/0_0" slope="0.00"/>
        <vehicle id="12" x="782.15" y="201.65" angle="-90.00" type="DEFAULT_VEHTYPE" speed="13.00" pos="17.85" lane="4/1to3/1_0" slope="0.00"/>
        <vehicle id="14" x="527.28" y="198.35" angle="90.00" type="DEFAULT_VEHTYPE" speed="13.14" pos="122.53" lane="2/1to3/1_0" slope="0.00"/>
        <vehicle id="15" x="198.35" y="119.60" angle="0.00" type="DEFAULT_VEHTYPE" speed="13.05" pos="75.65" lane="1/1to1/0_0" slope="0.00"/>
        <vehicle id="16" x="371.31" y="198.35" angle="90.00" type="DEFAULT_VEHTYPE" speed="13.61" pos="166.56" lane="1/1to2/1_0" slope="0.00"/>
        <vehicle id="17" x="13.51" y="201.65" angle="-90.00" type="DEFAULT_VEHTYPE" speed="13.09" pos="181.74" lane="1/1to0/1_0" slope="0.00"/>
        <vehicle id="18" x="509.31" y="401.65" angle="-90.00" type="DEFAULT_VEHTYPE" speed="13.63" pos="85.94" lane="3/2to2/2_0" slope="0.00"/>
        <vehicle id="19" x="401.65" y="181.07" angle="180.00" type="DEFAULT_VEHTYPE" speed="13.02" pos="181.07" lane="2/0to2/1_0" slope="0.00"/>
        <vehicle id="2" x="211.10" y="198.35" angle="90.00" type="DEFAULT_VEHTYPE" speed="13.03" pos="6.35" lane="1/1to2/1_0" slope="0.00"/>
        <vehicle id="20" x="601.65" y="282.81" angle="180.00" type="DEFAULT_VEHTYPE" speed="12.74" pos="78.06" lane="3/1to3/2_0" slope="0.00"/>
        <vehicle id="21" x="201.65" y="154.25" angle="180.00" type="DEFAULT_VEHTYPE" speed="13.33" pos="154.25" lane="1/0to1/1_0" slope="0.00"/>
        <vehicle id="22" x="198.35" y="296.11" angle="0.00" type="DEFAULT_VEHTYPE" speed="13.47" pos="99.14" lane="1/2to1/1_0" slope="0.00"/>
        <vehicle id="23" x="398.35" y="319.72" angle="0.00" type="DEFAULT_VEHTYPE" speed="12.81" pos="75.53" lane="2/2to2/1_0" slope="0.00"/>
        <vehicle id="24" x="569.37" y="198.35" angle="90.00" type="DEFAULT_VEHTYPE" speed="12.72" pos="164.62" lane="2/1to3/1_0" slope="0.00"/>
        <vehicle id="3" x="398.35" y="92.36" angle="0.00" type="DEFAULT_VEHTYPE" speed="13.69" pos="102.89" lane="2/1to2/0_0" slope="0.00"/>
        <vehicle id="4" x="198.35" y="251.53" angle="0.00" type="DEFAULT_VEHTYPE" speed="13.21" pos="143.72" lane="1/2to1/1_0" slope="0.00"/>
        <vehicle id="5" x="398.35" y="280.39" angle="0.00" type="DEFAULT_VEHTYPE" speed="12.74" pos="114.86" lane="2/2to2/1_0" slope="0.00"/>
        <vehicle id="6" x="334.15" y="198.35" angle="90.00" type="DEFAULT_VEHTYPE" speed="13.85" pos="129.40" lane="1/1to2/1_0" slope="0.00"/>
        <vehicle id="7" x="201.65" y="244.02" angle="180.00" type="DEFAULT_VEHTYPE" speed="13.65" pos="39.27" lane="1/1to1/2_0" slope="0.00"/>
        <vehicle id="8" x="398.35" y="179.91" angle="0.00" type="DEFAULT_VEHTYPE" speed="13.71" pos="15.34" lane="2/1to2/0_0" slope="0.00"/>
        <vehicle id="9" x="47.94" y="198.35" angle="90.00" type="DEFAULT_VEHTYPE" speed="12.87" pos="47.94" lane="0/1to1/1_0" slope="0.00"/>
    </timestep>
    <timestep time="695.00">
        <vehicle id="0" x="269.45" y="401.65" angle="-90.00" type="DEFAULT_VEHTYPE" speed="13.64" pos="125.80" lane="2/2to1/2_0" slope="0.00"/>
        <vehicle id="1" x="601.65" y="226.55" angle="180.00" type="DEFAULT_VEHTYPE" speed="11.32" pos="21.80" lane="3/1to3/2_0" slope="0.00"/>
        <vehicle id="11" x="401.65" y="5.43" angle="180.00" type="DEFAULT_VEHTYPE" speed="13.88" pos="5.43" lane="2/0to2/1_0" slope="0.00"/>
        <vehicle id="12" x="768.39" y="201.65" angle="-90.00" type="DEFAULT_VEHTYPE" speed="13.75" pos="31.61" lane="4/1to3/1_0" slope="0.00"/>
        <vehicle id="14" x="540.27" y="198.35" angle="90.00" type="DEFAULT_VEHTYPE" speed="12.99" pos="135.52" lane="2/1to3/1_0" slope="0.00"/>
        <vehicle id="15" x="198.35" y="106.15" angle="0.00" type="DEFAULT_VEHTYPE" speed="13.45" pos="89.10" lane="1/1to1/0_0" slope="0.00"/>
        <vehicle id="16" x="380.42" y="198.35" angle="90.00" type="DEFAULT_VEHTYPE" speed="9.11" pos="175.67" lane="1/1to2/1_0" slope="0.00"/>
        <vehicle id="17" x="-0.25" y="201.49" angle="-88.12" type="DEFAULT_VEHTYPE" speed="13.81" pos="0.29" lane=":0/1_0_0" slope="0.00"/>
        <vehicle id="18" x="496.60" y="401.65" angle="-90.00" type="DEFAULT_VEHTYPE" speed="12.71" pos="98.65" lane="3/2to2/2_0" slope="0.00"/>
        <vehicle id="19" x="401.65" y="194.42" angle="180.00" type="DEFAULT_VEHTYPE" speed="13.34" pos="194.42" lane="2/0to2/1_0" slope="0.00"/>
        <vehicle id="2" x="223.85" y="198.35" angle="90.00" type="DEFAULT_VEHTYPE" speed="12.75" pos="19.10" lane="1/1to2/1_0" slope="0.00"/>
        <vehicle id="20" x="601.65" y="295.84" angle="180.00" type="DEFAULT_VEHTYPE" speed="13.03" pos="91.09" lane="3/1to3/2_0" slope="0.00"/>
        <vehicle id="21" x="201.65" y="166.91" angle="180.00" type="DEFAULT_VEHTYPE" speed="12.66" pos="166.91" lane="1/0to1/1_0" slope="0.00"/>
        <vehicle id="22" x="198.35" y="282.73" angle="0.00" type="DEFAULT_VEHTYPE" speed="13.39" pos="112.52" lane="1/2to1/1_0" slope="0.00"/>
        <vehicle id="23" x="398.35" y="306.94" angle="0.00" type="DEFAULT_VEHTYPE" speed="12.78" pos="88.31" lane="2/2to2/1_0" slope="0.00"/>
        <vehicle id="24" x="579.62" y="198.35" angle="90.00" type="DEFAULT_VEHTYPE" speed="10.24" pos="174.87" lane="2/1to3/1_0" slope="0.00"/>
        <vehicle id="3" x="398.35" y="79.75" angle="0.00" type="DEFAULT_VEHTYPE" speed="12.61" pos="115.50" lane="2/1to2/0_0" slope="0.00"/>
        <vehicle id="4" x="198.35" y="238.26" angle="0.00" type="DEFAULT_VEHTYPE" speed="13.27" pos="156.99" lane="1/2to1/1_0" slope="0.00"/>
        <vehicle id="5" x="398.35" y="266.69" angle="0.00" type="DEFAULT_VEHTYPE" speed="13.71" pos="128.56" lane="2/2to2/1_0" slope="0.00"/>
        <vehicle id="6" x="347.82" y="198.35" angle="90.00" type="DEFAULT_VEHTYPE" speed="13.67" pos="143.07" lane="1/1to2/1_0" slope="0.00"/>
        <vehicle id="7" x="201.65" y="256.68" angle="180.00" type="DEFAULT_VEHTYPE" speed="12.67" pos="51.93" lane="1/1to1/2_0" slope="0.00"/>
        <vehicle id="8" x="398.35" y="166.80" angle="0.00" type="DEFAULT_VEHTYPE" speed="13.11" pos="28.45" lane="2/1to2/0_0" slope="0.00"/>
        <vehicle id="9" x="61.38" y="198.35" angle="90.00" type="DEFAULT_VEHTYPE" speed="13.45" pos="61.38" lane="0/1to1/1_0" slope="0.00"/>
    </timestep>
    <timestep time="696.00">
        <vehicle id="0" x="256.69" y="401.65" angle="-90.00" type="DEFAULT_VEHTYPE" speed="12.76" pos="138.56" lane="2/2to1/2_0" slope="0.00"/>
        <vehicle id="1" x="601.65" y="240.36" angle="180.00" type="DEFAULT_VEHTYPE" speed="13.81" pos="35.61" lane="3/1to3/2_0" slope="0.00"/>
        <vehicle id="11" x="401.65" y="18.03" angle="180.00" type="DEFAULT_VEHTYPE" speed="12.60" pos="18.03" lane="2/0to2/1_0" slope="0.00"/>
        <vehicle id="12" x="755.18" y="201.65" angle="-90.00" type="DEFAULT_VEHTYPE" speed="13.21" pos="44.82" lane="4/1to3/1_0" slope="0.00"/>
        <vehicle id="14" x="552.97" y="198.35" angle="90.00" type="DEFAULT_VEHTYPE" speed="12.70" pos="148.22" lane="2/1to3/1_0" slope="0.00"/>
        <vehicle id="15" x="198.35" y="93.29" angle="0.00" type="DEFAULT_VEHTYPE" speed="12.86" pos="101.96" lane="1/1to1/0_0" slope="0.00"/>
        <vehicle id="16" x="387.24" y="198.35" angle="90.00" type="DEFAULT_VEHTYPE" speed="6.81" pos="182.49" lane="1/1to2/1_0" slope="0.00"/>
        <vehicle id="17" x="8.42" y="198.35" angle="90.00" type="DEFAULT_VEHTYPE" speed="12.95" pos="8.42" lane="0/1to1/1_0" slope="0.00"/>
        <vehicle id="18" x="483.08" y="401.65" angle="-90.00" type="DEFAULT_VEHTYPE" speed="13.51" pos="112.17" lane="3/2to2/2_0" slope="0.00"/>
        <vehicle id="19" x="411.78" y="198.35" angle="90.00" type="DEFAULT_VEHTYPE" speed="12.87" pos="7.03" lane="2/1to3/1_0" slope="0.00"/>
        <vehicle id="2" x="237.13" y="198.35" angle="90.00" type="DEFAULT_VEHTYPE" speed="13.28" pos="32.38" lane="1/1to2/1_0" slope="0.00"/>
        <vehicle id="20" x="601.65" y="309.58" angle="180.00" type="DEFAULT_VEHTYPE" speed="13.74" pos="104.83" lane="3/1to3/2_0" slope="0.00"/>
        <vehicle id="21" x="201.65" y="180.73" angle="180.00" type="DEFAULT_VEHTYPE" speed="13.81" pos="180.73" lane="1/0to1/1_0" slope="0.00"/>
        <vehicle id="22" x="198.35" y="269.56" angle="0.00" type="DEFAULT_VEHTYPE" speed="13.17" pos="125.69" lane="1/2to1/1_0" slope="0.00"/>
        <vehicle id="23" x="398.35" y="294.03" angle="0.00" type="DEFAULT_VEHTYPE" speed="12.91" pos="101.22" lane="2/2to2/1_0" slope="0.00"/>
        <vehicle id="24" x="585.70" y="198.35" angle="90.00" type="DEFAULT_VEHTYPE" speed="6.08" pos="180.95" lane="2/1to3/1_0" slope="0.00"/>
        <vehicle id="3" x="398.35" y="66.94" angle="0.00" type="DEFAULT_VEHTYPE" speed="12.81" pos="128.31" lane="2/1to2/0_0" slope="0.00"/>
        <vehicle id="4" x="198.35" y="224.71" angle="0.00" type="DEFAULT_VEHTYPE" speed="13.55" pos="170.54" lane="1/2to1/1_0" slope="0.00"/>
        <vehicle id="5" x="398.35" y="253.55" angle="0.00" type="DEFAULT_VEHTYPE" speed="13.13" pos="141.70" lane="2/2to2/1_0" slope="0.00"/>
        <vehicle id="6" x="361.21" y="198.35" angle="90.00" type="DEFAULT_VEHTYPE" speed="13.39" pos="156.46" lane="1/1to2/1_0" slope="0.00"/>
        <vehicle id="7" x="201.65" y="269.31" angle="180.00" type="DEFAULT_VEHTYPE" speed="12.63" pos="64.56" lane="1/1to1/2_0" slope="0.00"/>
        <vehicle id="8" x="398.35" y="153.40" angle="0.00" type="DEFAULT_VEHTYPE" speed="13.39" pos="41.85" lane="2/1to2/0_0" slope="0.00"/>
        <vehicle id="9" x="74.44" y="198.35" angle="90.00" type="DEFAULT_VEHTYPE" speed="13.05" pos="74.44" lane="0/1to1/1_0" slope="0.00"/>
    </timestep>
    <timestep time="697.00">
        <vehicle id="0" x="243.16" y="401.65" angle="-90.00" type="DEFAULT_VEHTYPE" speed="13.53" pos="152.09" lane="2/2to1/2_0" slope="0.00"/>
        <vehicle id="1" x="601.65" y="253.64" angle="180.00" type="DEFAULT_VEHTYPE" speed="13.28" pos="48.89" lane="3/1to3/2_0" slope="0.00"/>
        <vehicle id="11" x="401.65" y="30.73" angle="180.00" type="DEFAULT_VEHTYPE" speed="12.70" pos="30.73" lane="2/0to2/1_0" slope="0.00"/>
        <vehicle id="12" x="741.54" y="201.65" angle="-90.00" type="DEFAULT_VEHTYPE" speed="13.64" pos="58.46" lane="4/1to3/1_0" slope="0.00"/>
        <vehicle id="14" x="564.94" y="198.35" angle="90.00" type="DEFAULT_VEHTYPE" speed="11.97" pos="160.19" lane="2/1to3/1_0" slope="0.00"/>
        <vehicle id="15" x="198.35" y="80.09" angle="0.00" type="DEFAULT_VEHTYPE" speed="13.21" pos="115.16" lane="1/1to1/0_0" slope="0.00"/>
        <vehicle id="16" x="390.05" y="198.35" angle="90.00" type="DEFAULT_VEHTYPE" speed="2.82" pos="185.30" lane="1/1to2/1_0" slope="0.00"/>
        <vehicle id="17" x="21.26" y="198.35" angle="90.00" type="DEFAULT_VEHTYPE" speed="12.83" pos="21.26" lane="0/1to1/1_0" slope="0.00"/>
        <vehicle id="18" x="469.97" y="401.65" angle="-90.00" type="DEFAULT_VEHTYPE" speed="13.12" pos="125.28" lane="3/2to2/2_0" slope="0.00"/>
        <vehicle id="19" x="424.82" y="198.35" angle="90.00" type="DEFAULT_VEHTYPE" speed="13.04" pos="20.07" lane="2/1to3/1_0" slope="0.00"/>
        <vehicle id="2" x="250.48" y="198.35" angle="90.00" type="DEFAULT_VEHTYPE" speed="13.35" pos="45.73" lane="1/1to2/1_0" slope="0.00"/>
        <vehicle id="20" x="601.65" y="322.81" angle="180.00" type="DEFAULT_VEHTYPE" speed="13.23" pos="118.06" lane="3/1to3/2_0" slope="0.00"/>
        <vehicle id="21" x="201.65" y="194.19" angle="180.00" type="DEFAULT_VEHTYPE" speed="13.46" pos="194.19" lane="1/0to1/1_0" slope="0.00"/>
        <vehicle id="22" x="198.35" y="256.19" angle="0.00" type="DEFAULT_VEHTYPE" speed="13.37" pos="139.06" lane="1/2to1/1_0" slope="0.00"/>
        <vehicle id="23" x="398.35" y="280.76" angle="0.00" type="DEFAULT_VEHTYPE" speed="13.27" pos="114.49" lane="2/2to2/1_0" slope="0.00"/>
        <vehicle id="24" x="589.54" y="198.35" angle="90.00" type="DEFAULT_VEHTYPE" speed="3.84" pos="184.79" lane="2/1to3/1_0" slope="0.00"/>
        <vehicle id="3" x="398.35" y="54.10" angle="0.00" type="DEFAULT_VEHTYPE" speed="12.84" pos="141.15" lane="2/1to2/0_0" slope="0.00"/>
        <vehicle id="4" x="198.35" y="211.02" angle="0.00" type="DEFAULT_VEHTYPE" speed="13.69" pos="184.23" lane="1/2to1/1_0" slope="0.00"/>
        <vehicle id="5" x="398.35" y="240.28" angle="0.00" type="DEFAULT_VEHTYPE" speed="13.27" pos="154.97" lane="2/2to2/1_0" slope="0.00"/>
        <vehicle id="6" x="372.15" y="198.35" angle="90.00" type="DEFAULT_VEHTYPE" speed="10.95" pos="167.40" lane="1/1to2/1_0" slope="0.00"/>
        <vehicle id="7" x="201.65" y="282.55" angle="180.00" type="DEFAULT_VEHTYPE" speed="13.23" pos="77.80" lane="1/1to1/2_0" slope="0.00"/>
        <vehicle id="8" x="398.35" y="140.68" angle="0.00" type="DEFAULT_VEHTYPE" speed="12.73" pos="54.57" lane="2/1to2/0_0" slope="0.00"/>
        <vehicle id="9" x="87.92" y="198.35" angle="90.00" type="DEFAULT_VEHTYPE" speed="13.48" pos="87.92" lane="0/1to1/1_0" slope="0.00"/>
    </timestep>
    <timestep time="698.00">
        <vehicle id="0" x="230.51" y="401.65" angle="-90.00" type="DEFAULT_VEHTYPE" speed="12.65" pos="164.74" lane="2/2to1/2_0" slope="0.00"/>
        <vehicle id="1" x="601.65" y="266.47" angle="180.00" type="DEFAULT_VEHTYPE" speed="12.83" pos="61.72" lane="3/1to3/2_0" slope="0.00"/>
        <vehicle id="11" x="401.65" y="44.19" angle="180.00" type="DEFAULT_VEHTYPE" speed="13.45" pos="44.19" lane="2/0to2/1_0" slope="0.00"/>
        <vehicle id="12" x="728.92" y="201.65" angle="-90.00" type="DEFAULT_VEHTYPE" speed="12.62" pos="71.08" lane="4/1to3/1_0" slope="0.00"/>
        <vehicle id="14" x="573.30" y="198.35" angle="90.00" type="DEFAULT_VEHTYPE" speed="8.36" pos="168.55" lane="2/1to3/1_0" slope="0.00"/>
        <vehicle id="15" x="198.35" y="67.06" angle="0.00" type="DEFAULT_VEHTYPE" speed="13.03" pos="128.19" lane="1/1to1/0_0" slope="0.00"/>
        <vehicle id="16" x="391.30" y="198.35" angle="90.00" type="DEFAULT_VEHTYPE" speed="1.24" pos="186.55" lane="1/1to2/1_0" slope="0.00"/>
        <vehicle id="17" x="34.89" y="198.35" angle="90.00" type="DEFAULT_VEHTYPE" speed="13.64" pos="34.89" lane="0/1to1/1_0" slope="0.00"/>
        <vehicle id="18" x="456.27" y="401.65" angle="-90.00" type="DEFAULT_VEHTYPE" speed="13.70" pos="138.98" lane="3/2to2/2_0" slope="0.00"/>
        <vehicle id="19" x="438.35" y="198.35" angle="90.00" type="DEFAULT_VEHTYPE" speed="13.53" pos="33.60" lane="2/1to3/1_0" slope="0.00"/>
        <vehicle id="2" x="263.93" y="198.35" angle="90.00" type="DEFAULT_VEHTYPE" speed="13.45" pos="59.18" lane="1/1to2/1_0" slope="0.00"/>
        <vehicle id="20" x="601.65" y="336.63" angle="180.00" type="DEFAULT_VEHTYPE" speed="13.82" pos="131.88" lane="3/1to3/2_0" slope="0.00"/>
        <vehicle id="21" x="212.27" y="198.35" angle="90.00" type="DEFAULT_VEHTYPE" speed="13.58" pos="7.52" lane="1/1to2/1_0" slope="0.00"/>
        <vehicle id="22" x="198.35" y="242.64" angle="0.00" type="DEFAULT_VEHTYPE" speed="13.55" pos="152.61" lane="1/2to1/1_0" slope="0.00"/>
        <vehicle id="23" x="398.35" y="267.90" angle="0.00" type="DEFAULT_VEHTYPE" speed="12.85" pos="127.35" lane="2/2to2/1_0" slope="0.00"/>
        <vehicle id="24" x="594.72" y="198.35" angle="90.00" type="DEFAULT_VEHTYPE" speed="5.18" pos="189.97" lane="2/1to3/1_0" slope="0.00"/>
        <vehicle id="3" x="398.35" y="40.69" angle="0.00" type="DEFAULT_VEHTYPE" speed="13.41" pos="154.56" lane="2/1to2/0_0" slope="0.00"/>
        <vehicle id="4" x="192.87" y="201.65" angle="-79.57" type="DEFAULT_VEHTYPE" speed="13.65" pos="2.38" lane="1/1to0/1_0" slope="0.00"/>
        <vehicle id="5" x="398.35" y="227.31" angle="0.00" type="DEFAULT_VEHTYPE" speed="12.97" pos="167.94" lane="2/2to2/1_0" slope="0.00"/>
        <vehicle id="6" x="378.60" y="198.35" angle="90.00" type="DEFAULT_VEHTYPE" speed="6.45" pos="173.85" lane="1/1to2/1_0" slope="0.00"/>
        <vehicle id="7" x="201.65" y="295.91" angle="180.00" type="DEFAULT_VEHTYPE" speed="13.36" pos="91.16" lane="1/1to1/2_0" slope="0.00"/>
        <vehicle id="8" x="398.35" y="127.13" angle="0.00" type="DEFAULT_VEHTYPE" speed="13.55" pos="68.12" lane="2/1to2/0_0" slope="0.00"/>
        <vehicle id="9" x="100.52" y="198.35" angle="90.00" type="DEFAULT_VEHTYPE" speed="12.60" pos="100.52" lane="0/1to1/1_0" slope="0.00"/>
    </timestep>
    <timestep time="699.00">
        <vehicle id="0" x="219.89" y="401.65" angle="-90.00" type="DEFAULT_VEHTYPE" speed="10.62" pos="175.36" lane="2/2to1/2_0" slope="0.00"/>
        <vehicle id="1" x="601.65" y="279.07" angle="180.00" type="DEFAULT_VEHTYPE" speed="12.60" pos="74.32" lane="3/1to3/2_0" slope="0.00"/>
        <vehicle id="11" x="401.65" y="57.19" angle="180.00" type="DEFAULT_VEHTYPE" speed="13.00" pos="57.19" lane="2/0to2/1_0" slope="0.00"/>
        <vehicle id="12" x="715.15" y="201.65" angle="-90.00" type="DEFAULT_VEHTYPE" speed="13.77" pos="84.85" lane="4/1to3/1_0" slope="0.00"/>
        <vehicle id="14" x="581.97" y="198.35" angle="90.00" type="DEFAULT_VEHTYPE" speed="8.66" pos="177.22" lane="2/1to3/1_0" slope="0.00"/>
        <vehicle id="15" x="198.35" y="53.40" angle="0.00" type="DEFAULT_VEHTYPE" speed="13.66" pos="141.85" lane="1/1to1/0_0" slope="0.00"/>
        <vehicle id="16" x="392.46" y="198.35" angle="90.00" type="DEFAULT_VEHTYPE" speed="1.16" pos="187.71" lane="1/1to2/1_0" slope="0.00"/>
        <vehicle id="17" x="48.02" y="198.35" angle="90.00" type="DEFAULT_VEHTYPE" speed="13.13" pos="48.02" lane="0/1to1/1_0" slope="0.00"/>
        <vehicle id="18" x="443.13" y="401.65" angle="-90.00" type="DEFAULT_VEHTYPE" speed="13.14" pos="152.12" lane="3/2to2/2_0" slope="0.00"/>
        <vehicle id="19" x="451.18" y="198.35" angle="90.00" type="DEFAULT_VEHTYPE" speed="12.83" pos="46.43" lane="2/1to3/1_0" slope="0.00"/>
        <vehicle id="2" x="277.15" y="198.35" angle="90.00" type="DEFAULT_VEHTYPE" speed="13.22" pos="72.40" lane="1/1to2/1_0" slope="0.00"/>
        <vehicle id="20" x="601.65" y="350.27" angle="180.00" type="DEFAULT_VEHTYPE" speed="13.64" pos="145.52" lane="3/1to3/2_0" slope="0.00"/>
        <vehicle id="21" x="225.49" y="198.35" angle="90.00" type="DEFAULT_VEHTYPE" speed="13.22" pos="20.74" lane="1/1to2/1_0" slope="0.00"/>
        <vehicle id="22" x="198.35" y="228.92" angle="0.00" type="DEFAULT_VEHTYPE" speed="13.72" pos="166.33" lane="1/2to1/1_0" slope="0.00"/>
        <vehicle id="23" x="398.35" y="254.83" angle="0.00" type="DEFAULT_VEHTYPE" speed="13.07" pos="140.42" lane="2/2to2/1_0" slope="0.00"/>
        <vehicle id="24" x="600.99" y="201.52" angle="127.48" type="DEFAULT_VEHTYPE" speed="7.53" pos="6.99" lane=":3/1_14_0" slope="0.00"/>
        <vehicle id="3" x="398.35" y="27.93" angle="0.00" type="DEFAULT_VEHTYPE" speed="12.76" pos="167.32" lane="2/1to2/0_0" slope="0.00"/>
        <vehicle id="4" x="180.13" y="201.65" angle="-90.00" type="DEFAULT_VEHTYPE" speed="12.74" pos="15.12" lane="1/1to0/1_0" slope="0.00"/>
        <vehicle id="5" x="398.35" y="218.82" angle="0.00" type="DEFAULT_VEHTYPE" speed="8.49" pos="176.43" lane="2/2to2/1_0" slope="0.00"/>
        <vehicle id="6" x="381.26" y="198.35" angle="90.00" type="DEFAULT_VEHTYPE" speed="2.66" pos="176.51" lane="1/1to2/1_0" slope="0.00"/>
        <vehicle id="7" x="201.65" y="309.37" angle="180.00" type="DEFAULT_VEHTYPE" speed="13.46" pos="104.62" lane="1/1to1/2_0" slope="0.00"/>
        <vehicle id="8" x="398.35" y="113.42" angle="0.00" type="DEFAULT_VEHTYPE" speed="13.71" pos="81.83" lane="2/1to2/0_0" slope="0.00"/>
        <vehicle id="9" x="113.63" y="198.35" angle="90.00" type="DEFAULT_VEHTYPE" speed="13.11" pos="113.63" lane="0/1to1/1_0" slope="0.00"/>
    </timestep>
    <timestep time="700.00">
        <vehicle id="0" x="213.28" y="401.65" angle="-90.00" type="DEFAULT_VEHTYPE" speed="6.61" pos="181.97" lane="2/2to1/2_0" slope="0.00"/>
        <vehicle id="1" x="601.65" y="292.44" angle="180.00" type="DEFAULT_VEHTYPE" speed="13.36" pos="87.69" lane="3/1to3/2_0" slope="0.00"/>
        <vehicle id="11" x="401.65" y="71.08" angle="180.00" type="DEFAULT_VEHTYPE" speed="13.89" pos="71.08" lane="2/0to2/1_0" slope="0.00"/>
        <vehicle id="12" x="701.75" y="201.65" angle="-90.00" type="DEFAULT_VEHTYPE" speed="13.40" pos="98.25" lane="4/1to3/1_0" slope="0.00"/>
        <vehicle id="14" x="587.62" y="198.35" angle="90.00" type="DEFAULT_VEHTYPE" speed="5.65" pos="182.87" lane="2/1to3/1_0" slope="0.00"/>
        <vehicle id="15" x="198.35" y="39.60" angle="0.00" type="DEFAULT_VEHTYPE" speed="13.80" pos="155.65" lane="1/1to1/0_0" slope="0.00"/>
        <vehicle id="16" x="392.70" y="198.35" angle="90.00" type="DEFAULT_VEHTYPE" speed="0.24" pos="187.95" lane="1/1to2/1_0" slope="0.00"/>
        <vehicle id="17" x="61.08" y="198.35" angle="90.00" type="DEFAULT_VEHTYPE" speed="13.06" pos="61.08" lane="0/1to1/1_0" slope="0.00"/>
        <vehicle id="18" x="430.31" y="401.65" angle="-90.00" type="DEFAULT_VEHTYPE" speed="12.82" pos="164.94" lane="3/2to2/2_0" slope="0.00"/>
        <vehicle id="19" x="463.78" y="198.35" angle="90.00" type="DEFAULT_VEHTYPE" speed="12.60" pos="59.03" lane="2/1to3/1_0" slope="0.00"/>
        <vehicle id="2" x="289.93" y="198.35" angle="90.00" type="DEFAULT_VEHTYPE" speed="12.78" pos="85.18" lane="1/1to2/1_0" slope="0.00"/>
        <vehicle id="20" x="601.65" y="363.84" angle="180.00" type="DEFAULT_VEHTYPE" speed="13.57" pos="159.09" lane="3/1to3/2_0" slope="0.00"/>
        <vehicle id="21" x="238.72" y="198.35" angle="90.00" type="DEFAULT_VEHTYPE" speed="13.23" pos="33.97" lane="1/1to2/1_0" slope="0.00"/>
        <vehicle id="22" x="198.35" y="215.89" angle="0.00" type="DEFAULT_VEHTYPE" speed="13.03" pos="179.36" lane="1/2to1/1_0" slope="0.00"/>
        <vehicle id="23" x="398.35" y="241.65" angle="0.00" type="DEFAULT_VEHTYPE" speed="13.18" pos="153.60" lane="2/2to2/1_0" slope="0.00"/>
        <vehicle id="24" x="601.65" y="210.63" angle="180.00" type="DEFAULT_VEHTYPE" speed="9.20" pos="5.88" lane="3/1to3/2_0" slope="0.00"/>
        <vehicle id="3" x="398.35" y="15.19" angle="0.00" type="DEFAULT_VEHTYPE" speed="12.73" pos="180.06" lane="2/1to2/0_0" slope="0.00"/>
        <vehicle id="4" x="166.46" y="201.65" angle="-90.00" type="DEFAULT_VEHTYPE" speed="13.68" pos="28.79" lane="1/1to0/1_0" slope="0.00"/>
        <vehicle id="5" x="398.35" y="212.71" angle="0.00" type="DEFAULT_VEHTYPE" speed="6.10" pos="182.54" lane="2/2to2/1_0" slope="0.00"/>
        <vehicle id="6" x="384.02" y="198.35" angle="90.00" type="DEFAULT_VEHTYPE" speed="2.76" pos="179.27" lane="1/1to2/1_0" slope="0.00"/>
        <vehicle id="7" x="201.65" y="322.64" angle="180.00" type="DEFAULT_VEHTYPE" speed="13.27" pos="117.89" lane="1/1to1/2_0" slope="0.00"/>
        <vehicle id="8" x="398.35" y="99.63" angle="0.00" type="DEFAULT_VEHTYPE" speed="13.79" pos="95.62" lane="2/1to2/0_0" slope="0.00"/>
        <vehicle id="9" x="126.89" y="198.35" angle="90.00" type="DEFAULT_VEHTYPE" speed="13.26" pos="126.89" lane="0/1to1/1_0" slope="0.00"/>
    </timestep>
    <timestep time="701.00">
        <vehicle id="0" x="209.65" y="401.65" angle="-90.00" type="DEFAULT_VEHTYPE" speed="3.63" pos="185.60" lane="2/2to1/2_0" slope="0.00"/>
        <vehicle id="1" x="601.65" y="305.63" angle="180.00" type="DEFAULT_VEHTYPE" speed="13.19" pos="100.88" lane="3/1to3/2_0" slope="0.00"/>
        <vehicle id="11" x="401.65" y="84.28" angle="180.00" type="DEFAULT_VEHTYPE" speed="13.20" pos="84.28" lane="2/0to2/1_0" slope="0.00"/>
        <vehicle id="12" x="688.73" y="201.65" angle="-90.00" type="DEFAULT_VEHTYPE" speed="13.02" pos="111.27" lane="4/1to3/1_0" slope="0.00"/>
        <vehicle id="14" x="590.56" y="198.35" angle="90.00" type="DEFAULT_VEHTYPE" speed="2.95" pos="185.81" lane="2/1to3/1_0" slope="0.00"/>
        <vehicle id="15" x="198.35" y="26.39" angle="0.00" type="DEFAULT_VEHTYPE" speed="13.21" pos="168.86" lane="1/1to1/0_0" slope="0.00"/>
        <vehicle id="16" x="392.73" y="198.35" angle="90.00" type="DEFAULT_VEHTYPE" speed="0.03" pos="187.98" lane="1/1to2/1_0" slope="0.00"/>
        <vehicle id="17" x="73.79" y="198.35" angle="90.00" type="DEFAULT_VEHTYPE" speed="12.72" pos="73.79" lane="0/1to1/1_0" slope="0.00"/>
        <vehicle id="18" x="419.82" y="401.65" angle="-90.00" type="DEFAULT_VEHTYPE" speed="10.49" pos="175.43" lane="3/2to2/2_0" slope="0.00"/>
        <vehicle id="19" x="476.76" y="198.35" angle="90.00" type="DEFAULT_VEHTYPE" speed="12.98" pos="72.01" lane="2/1to3/1_0" slope="0.00"/>
        <vehicle id="2" x="303.51" y="198.35" angle="90.00" type="DEFAULT_VEHTYPE" speed="13.58" pos="98.76" lane="1/1to2/1_0" slope="0.00"/>
        <vehicle id="20" x="601.65" y="375.67" angle="180.00" type="DEFAULT_VEHTYPE" speed="11.83" pos="170.92" lane="3/1to3/2_0" slope="0.00"/>
        <vehicle id="21" x="252.27" y="198.35" angle="90.00" type="DEFAULT_VEHTYPE" speed="13.55" pos="47.52" lane="1/1to2/1_0" slope="0.00"/>
        <vehicle id="22" x="197.84" y="202.86" angle="-5.99" type="DEFAULT_VEHTYPE" speed="13.14" pos="2.00" lane=":1/1_0_0" slope="0.00"/>
        <vehicle id="23" x="398.35" y="230.72" angle="0.00" type="DEFAULT_VEHTYPE" speed="10.93" pos="164.53" lane="2/2to2/1_0" slope="0.00"/>
        <vehicle id="24" x="601.65" y="221.39" angle="180.00" type="DEFAULT_VEHTYPE" speed="10.76" pos="16.64" lane="3/1to3/2_0" slope="0.00"/>
        <vehicle id="3" x="398.35" y="1.50" angle="0.00" type="DEFAULT_VEHTYPE" speed="13.69" pos="193.75" lane="2/1to2/0_0" slope="0.00"/>
        <vehicle id="4" x="153.58" y="201.65" angle="-90.00" type="DEFAULT_VEHTYPE" speed="12.88" pos="41.67" lane="1/1to0/1_0" slope="0.00"/>
        <vehicle id="5" x="398.35" y="209.15" angle="0.00" type="DEFAULT_VEHTYPE" speed="3.56" pos="186.10" lane="2/2to2/1_0" slope="0.00"/>
        <vehicle id="6" x="385.02" y="198.35" angle="90.00" type="DEFAULT_VEHTYPE" speed="1.01" pos="180.27" lane="1/1to2/1_0" slope="0.00"/>
        <vehicle id="7" x="201.65" y="336.33" angle="180.00" type="DEFAULT_VEHTYPE" speed="13.69" pos="131.58" lane="1/1to1/2_0" slope="0.00"/>
        <vehicle id="8" x="398.35" y="86.65" angle="0.00" type="DEFAULT_VEHTYPE" speed="12.98" pos="108.60" lane="2/1to2/0_0" slope="0.00"/>
        <vehicle id="9" x="139.72" y="198.35" angle="90.00" type="DEFAULT_VEHTYPE" speed="12.82" pos="139.72" lane="0/1to1/1_0" slope="0.00"/>
    </timestep>
    <timestep time="702.00">
        <vehicle id="0" x="204.30" y="401.59" angle="-89.27" type="DEFAULT_VEHTYPE" speed="5.35" pos="0.45" lane=":1/2_6_0" slope="0.00"/>
        <vehicle id="1" x="601.65" y="318.35" angle="180.00" type="DEFAULT_VEHTYPE" speed="12.72" pos="113.60" lane="3/1to3/2_0" slope="0.00"/>
        <vehicle id="11" x="401.65" y="97.46" angle="180.00" type="DEFAULT_VEHTYPE" speed="13.18" pos="97.46" lane="2/0to2/1_0" slope="0.00"/>
        <vehicle id="12" x="675.15" y="201.65" angle="-90.00" type="DEFAULT_VEHTYPE" speed="13.58" pos="124.85" lane="4/1to3/1_0" slope="0.00"/>
        <vehicle id="14" x="595.77" y="198.42" angle="90.85" type="DEFAULT_VEHTYPE" speed="5.21" pos="0.52" lane=":3/1_14_0" slope="0.00"/>
        <vehicle id="15" x="198.35" y="12.84" angle="0.00" type="DEFAULT_VEHTYPE" speed="13.55" pos="182.41" lane="1/1to1/0_0" slope="0.00"/>
        <vehicle id="16" x="392.74" y="198.35" angle="90.00" type="DEFAULT_VEHTYPE" speed="0.01" pos="187.99" lane="1/1to2/1_0" slope="0.00"/>
        <vehicle id="17" x="86.57" y="198.35" angle="90.00" type="DEFAULT_VEHTYPE" speed="12.78" pos="86.57" lane="0/1to1/1_0" slope="0.00"/>
        <vehicle id="18" x="413.83" y="401.65" angle="-90.00" type="DEFAULT_VEHTYPE" speed="5.99" pos="181.42" lane="3/2to2/2_0" slope="0.00"/>
        <vehicle id="19" x="490.13" y="198.35" angle="90.00" type="DEFAULT_VEHTYPE" speed="13.37" pos="85.38" lane="2/1to3/1_0" slope="0.00"/>
        <vehicle id="2" x="316.82" y="198.35" angle="90.00" type="DEFAULT_VEHTYPE" speed="13.31" pos="112.07" lane="1/1to2/1_0" slope="0.00"/>
        <vehicle id="20" x="601.65" y="384.01" angle="180.00" type="DEFAULT_VEHTYPE" speed="8.35" pos="179.26" lane="3/1to3/2_0" slope="0.00"/>
        <vehicle id="21" x="265.11" y="198.35" angle="90.00" type="DEFAULT_VEHTYPE" speed="12.84" pos="60.36" lane="1/1to2/1_0" slope="0.00"/>
        <vehicle id="22" x="184.83" y="201.65" angle="-90.00" type="DEFAULT_VEHTYPE" speed="13.42" pos="10.42" lane="1/1to0/1_0" slope="0.00"/>
        <vehicle id="23" x="398.35" y="223.33" angle="0.00" type="DEFAULT_VEHTYPE" speed="7.39" pos="171.92" lane="2/2to2/1_0" slope="0.00"/>
        <vehicle id="24" x="601.65" y="234.53" angle="180.00" type="DEFAULT_VEHTYPE" speed="13.13" pos="29.78" lane="3/1to3/2_0" slope="0.00"/>
        <vehicle id="3" x="401.65" y="6.44" angle="180.00" type="DEFAULT_VEHTYPE" speed="12.76" pos="6.44" lane="2/0to2/1_0" slope="0.00"/>
        <vehicle id="4" x="140.00" y="201.65" angle="-90.00" type="DEFAULT_VEHTYPE" speed="13.58" pos="55.25" lane="1/1to0/1_0" slope="0.00"/>
        <vehicle id="5" x="398.57" y="203.20" angle="2.54" type="DEFAULT_VEHTYPE" speed="5.97" pos="1.56" lane=":2/1_2_0" slope="0.00"/>
        <vehicle id="6" x="385.18" y="198.35" angle="90.00" type="DEFAULT_VEHTYPE" speed="0.15" pos="180.43" lane="1/1to2/1_0" slope="0.00"/>
        <vehicle id="7" x="201.65" y="348.97" angle="180.00" type="DEFAULT_VEHTYPE" speed="12.64" pos="144.22" lane="1/1to1/2_0" slope="0.00"/>
        <vehicle id="8" x="398.35" y="73.89" angle="0.00" type="DEFAULT_VEHTYPE" speed="12.76" pos="121.36" lane="2/1to2/0_0" slope="0.00"/>
        <vehicle id="9" x="152.51" y="198.35" angle="90.00" type="DEFAULT_VEHTYPE" speed="12.79" pos="152.51" lane="0/1to1/1_0" slope="0.00"/>
    </timestep>
    <timestep time="703.00">
        <vehicle id="0" x="198.68" y="397.58" angle="-41.14" type="DEFAULT_VEHTYPE" speed="7.52" pos="7.97" lane=":1/2_6_0" slope="0.00"/>
        <vehicle id="1" x="601.65" y="331.69" angle="180.00" type="DEFAULT_VEHTYPE" speed="13.35" pos="126.94" lane="3/1to3/2_0" slope="0.00"/>
        <vehicle id="11" x="401.65" y="110.64" angle="180.00" type="DEFAULT_VEHTYPE" speed="13.19" pos="110.64" lane="2/0to2/1_0" slope="0.00"/>
        <vehicle id="12" x="662.24" y="201.65" angle="-90.00" type="DEFAULT_VEHTYPE" speed="12.92" pos="137.76" lane="4/1to3/1_0" slope="0.00"/>
        <vehicle id="14" x="601.24" y="201.93" angle="132.34" type="DEFAULT_VEHTYPE" speed="6.95" pos="7.47" lane=":3/1_14_0" slope="0.00"/>
        <vehicle id="15" x="198.85" y="-0.75" angle="5.85" type="DEFAULT_VEHTYPE" speed="13.74" pos="0.90" lane=":1/0_0_0" slope="0.00"/>
        <vehicle id="16" x="392.74" y="198.35" angle="90.00" type="DEFAULT_VEHTYPE" speed="0.00" pos="187.99" lane="1/1to2/1_0" slope="0.00"/>
        <vehicle id="17" x="99.89" y="198.35" angle="90.00" type="DEFAULT_VEHTYPE" speed="13.32" pos="99.89" lane="0/1to1/1_0" slope="0.00"/>
        <vehicle id="18" x="410.26" y="401.65" angle="-90.00" type="DEFAULT_VEHTYPE" speed="3.58" pos="184.99" lane="3/2to2/2_0" slope="0.00"/>
        <vehicle id="19" x="503.57" y="198.35" angle="90.00" type="DEFAULT_VEHTYPE" speed="13.44" pos="98.82" lane="2/1to3/1_0" slope="0.00"/>
        <vehicle id="2" x="329.75" y="198.35" angle="90.00" type="DEFAULT_VEHTYPE" speed="12.93" pos="125.00" lane="1/1to2/1_0" slope="0.00"/>
        <vehicle id="20" x="601.65" y="388.53" angle="180.00" type="DEFAULT_VEHTYPE" speed="4.51" pos="183.78" lane="3/1to3/2_0" slope="0.00"/>
        <vehicle id="21" x="278.15" y="198.35" angle="90.00" type="DEFAULT_VEHTYPE" speed="13.03" pos="73.40" lane="1/1to2/1_0" slope="0.00"/>
        <vehicle id="22" x="171.34" y="201.65" angle="-90.00" type="DEFAULT_VEHTYPE" speed="13.49" pos="23.91" lane="1/1to0/1_0" slope="0.00"/>
        <vehicle id="23" x="398.35" y="215.20" angle="0.00" type="DEFAULT_VEHTYPE" speed="8.13" pos="180.05" lane="2/2to2/1_0" slope="0.00"/>
        <vehicle id="24" x="601.65" y="248.26" angle="180.00" type="DEFAULT_VEHTYPE" speed="13.73" pos="43.51" lane="3/1to3/2_0" slope="0.00"/>
        <vehicle id="3" x="401.65" y="19.46" angle="180.00" type="DEFAULT_VEHTYPE" speed="13.02" pos="19.46" lane="2/0to2/1_0" slope="0.00"/>
        <vehicle id="4" x="127.33" y="201.65" angle="-90.00" type="DEFAULT_VEHTYPE" speed="12.67" pos="67.92" lane="1/1to0/1_0" slope="0.00"/>
        <vehicle id="5" x="404.03" y="198.45" angle="65.55" type="DEFAULT_VEHTYPE" speed="8.03" pos="2.45" lane=":2/1_16_0" slope="0.00"/>
        <vehicle id="6" x="385.22" y="198.35" angle="90.00" type="DEFAULT_VEHTYPE" speed="0.04" pos="180.47" lane="1/1to2/1_0" slope="0.00"/>
        <vehicle id="7" x="201.65" y="362.29" angle="180.00" type="DEFAULT_VEHTYPE" speed="13.32" pos="157.54" lane="1/1to1/2_0" slope="0.00"/>
        <vehicle id="8" x="398.35" y="61.01" angle="0.00" type="DEFAULT_VEHTYPE" speed="12.88" pos="134.24" lane="2/1to2/0_0" slope="0.00"/>
        <vehicle id="9" x="165.88" y="198.35" angle="90.00" type="DEFAULT_VEHTYPE" speed="13.37" pos="165.88" lane="0/1to1/1_0" slope="0.00"/>
    </timestep>
    <timestep time="704.00">
        <vehicle id="0" x="198.35" y="387.51" angle="0.00" type="DEFAULT_VEHTYPE" speed="10.09" pos="7.74" lane="1/2to1/1_0" slope="0.00"/>
        <vehicle id="1" x="601.65" y="344.35" angle="180.00" type="DEFAULT_VEHTYPE" speed="12.65" pos="139.60" lane="3/1to3/2_0" slope="0.00"/>
        <vehicle id="11" x="401.65" y="123.58" angle="180.00" type="DEFAULT_VEHTYPE" speed="12.94" pos="123.58" lane="2/0to2/1_0" slope="0.00"/>
        <vehicle id="12" x="649.18" y="201.65" angle="-90.00" type="DEFAULT_VEHTYPE" speed="13.06" pos="150.82" lane="4/1to3/1_0" slope="0.00"/>
        <vehicle id="14" x="601.65" y="211.42" angle="180.00" type="DEFAULT_VEHTYPE" speed="9.52" pos="6.67" lane="3/1to3/2_0" slope="0.00"/>
        <vehicle id="15" x="201.65" y="9.01" angle="180.00" type="DEFAULT_VEHTYPE" speed="12.93" pos="9.01" lane="1/0to1/1_0" slope="0.00"/>
        <vehicle id="16" x="392.74" y="198.35" angle="90.00" type="DEFAULT_VEHTYPE" speed="0.00" pos="187.99" lane="1/1to2/1_0" slope="0.00"/>
        <vehicle id="17" x="113.48" y="198.35" angle="90.00" type="DEFAULT_VEHTYPE" speed="13.59" pos="113.48" lane="0/1to1/1_0" slope="0.00"/>
        <vehicle id="18" x="404.91" y="401.65" angle="-90.00" type="DEFAULT_VEHTYPE" speed="5.34" pos="190.34" lane="3/2to2/2_0" slope="0.00"/>
        <vehicle id="19" x="517.04" y="198.35" angle="90.00" type="DEFAULT_VEHTYPE" speed="13.47" pos="112.29" lane="2/1to3/1_0" slope="0.00"/>
        <vehicle id="2" x="342.38" y="198.35" angle="90.00" type="DEFAULT_VEHTYPE" speed="12.63" pos="137.63" lane="1/1to2/1_0" slope="0.00"/>
        <vehicle id="20" x="601.65" y="394.96" angle="180.00" type="DEFAULT_VEHTYPE" speed="6.44" pos="190.21" lane="3/1to3/2_0" slope="0.00"/>
        <vehicle id="21" x="290.99" y="198.35" angle="90.00" type="DEFAULT_VEHTYPE" speed="12.85" pos="86.24" lane="1/1to2/1_0" slope="0.00"/>
        <vehicle id="22" x="158.22" y="201.65" angle="-90.00" type="DEFAULT_VEHTYPE" speed="13.12" pos="37.03" lane="1/1to0/1_0" slope="0.00"/>
        <vehicle id="23" x="398.35" y="205.05" angle="0.00" type="DEFAULT_VEHTYPE" speed="10.16" pos="190.20" lane="2/2to2/1_0" slope="0.00"/>
        <vehicle id="24" x="601.65" y="261.28" angle="180.00" type="DEFAULT_VEHTYPE" speed="13.02" pos="56.53" lane="3/1to3/2_0" slope="0.00"/>
        <vehicle id="3" x="401.65" y="32.64" angle="180.00" type="DEFAULT_VEHTYPE" speed="13.18" pos="32.64" lane="2/0to2/1_0" slope="0.00"/>
        <vehicle id="4" x="113.77" y="201.65" angle="-90.00" type="DEFAULT_VEHTYPE" speed="13.56" pos="81.48" lane="1/1to0/1_0" slope="0.00"/>
        <vehicle id="5" x="414.00" y="198.35" angle="90.00" type="DEFAULT_VEHTYPE" speed="9.99" pos="9.25" lane="2/1to3/1_0" slope="0.00"/>
        <vehicle id="6" x="385.24" y="198.35" angle="90.00" type="DEFAULT_VEHTYPE" speed="0.02" pos="180.49" lane="1/1to2/1_0" slope="0.00"/>
        <vehicle id="7" x="201.65" y="375.80" angle="180.00" type="DEFAULT_VEHTYPE" speed="13.51" pos="171.05" lane="1/1to1/2_0" slope="0.00"/>
        <vehicle id="8" x="398.35" y="47.24" angle="0.00" type="DEFAULT_VEHTYPE" speed="13.77" pos="148.01" lane="2/1to2/0_0" slope="0.00"/>
        <vehicle id="9" x="176.70" y="198.35" angle="90.00" type="DEFAULT_VEHTYPE" speed="10.83" pos="176.70" lane="0/1to1/1_0" slope="0.00"/>
    </timestep>
    <timestep time="705.00">
        <vehicle id="0" x="198.35" y="375.34" angle="0.00" type="DEFAULT_VEHTYPE" speed="12.16" pos="19.91" lane="1/2to1/1_0" slope="0.00"/>
        <vehicle id="1" x="601.65" y="357.78" angle="180.00" type="DEFAULT_VEHTYPE" speed="13.44" pos="153.03" lane="3/1to3/2_0" slope="0.00"/>
        <vehicle id="11" x="401.65" y="136.62" angle="180.00" type="DEFAULT_VEHTYPE" speed="13.04" pos="136.62" lane="2/0to2/1_0" slope="0.00"/>
        <vehicle id="12" x="635.63" y="201.65" angle="-90.00" type="DEFAULT_VEHTYPE" speed="13.55" pos="164.37" lane="4/1to3/1_0" slope="0.00"/>
        <vehicle id="14" x="601.65" y="222.69" angle="180.00" type="DEFAULT_VEHTYPE" speed="11.27" pos="17.94" lane="3/1to3/2_0" slope="0.00"/>
        <vehicle id="15" x="201.65" y="22.67" angle="180.00" type="DEFAULT_VEHTYPE" speed="13.65" pos="22.67" lane="1/0to1/1_0" slope="0.00"/>
        <vehicle id="16" x="392.74" y="198.35" angle="90.00" type="DEFAULT_VEHTYPE" speed="0.00" pos="187.99" lane="1/1to2/1_0" slope="0.00"/>
        <vehicle id="17" x="127.21" y="198.35" angle="90.00" type="DEFAULT_VEHTYPE" speed="13.73" pos="127.21" lane="0/1to1/1_0" slope="0.00"/>
        <vehicle id="18" x="399.24" y="398.86" angle="-57.21" type="DEFAULT_VEHTYPE" speed="6.71" pos="6.54" lane=":2/2_6_0" slope="0.00"/>
        <vehicle id="19" x="530.34" y="198.35" angle="90.00" type="DEFAULT_VEHTYPE" speed="13.30" pos="125.59" lane="2/1to3/1_0" slope="0.00"/>
        <vehicle id="2" x="355.85" y="198.35" angle="90.00" type="DEFAULT_VEHTYPE" speed="13.47" pos="151.10" lane="1/1to2/1_0" slope="0.00"/>
        <vehicle id="20" x="597.69" y="401.30" angle="-132.28" type="DEFAULT_VEHTYPE" speed="8.14" pos="0.72" lane=":3/2_18_0" slope="0.00"/>
        <vehicle id="21" x="304.61" y="198.35" angle="90.00" type="DEFAULT_VEHTYPE" speed="13.62" pos="99.86" lane="1/1to2/1_0" slope="0.00"/>
        <vehicle id="22" x="145.57" y="201.65" angle="-90.00" type="DEFAULT_VEHTYPE" speed="12.65" pos="49.68" lane="1/1to0/1_0" slope="0.00"/>
        <vehicle id="23" x="398.35" y="193.51" angle="0.00" type="DEFAULT_VEHTYPE" speed="11.54" pos="1.74" lane="2/1to2/0_0" slope="0.00"/>
        <vehicle id="24" x="601.65" y="273.88" angle="180.00" type="DEFAULT_VEHTYPE" speed="12.60" pos="69.13" lane="3/1to3/2_0" slope="0.00"/>
        <vehicle id="3" x="401.65" y="46.38" angle="180.00" type="DEFAULT_VEHTYPE" speed="13.74" pos="46.38" lane="2/0to2/1_0" slope="0.00"/>
        <vehicle id="4" x="101.16" y="201.65" angle="-90.00" type="DEFAULT_VEHTYPE" speed="12.61" pos="94.09" lane="1/1to0/1_0" slope="0.00"/>
        <vehicle id="5" x="426.13" y="198.35" angle="90.00" type="DEFAULT_VEHTYPE" speed="12.13" pos="21.38" lane="2/1to3/1_0" slope="0.00"/>
        <vehicle id="6" x="385.24" y="198.35" angle="90.00" type="DEFAULT_VEHTYPE" speed="0.00" pos="180.49" lane="1/1to2/1_0" slope="0.00"/>
        <vehicle id="7" x="201.65" y="388.77" angle="180.00" type="DEFAULT_VEHTYPE" speed="12.97" pos="184.02" lane="1/1to1/2_0" slope="0.00"/>
        <vehicle id="8" x="398.35" y="34.59" angle="0.00" type="DEFAULT_VEHTYPE" speed="12.65" pos="160.66" lane="2/1to2/0_0" slope="0.00"/>
        <vehicle id="9" x="183.83" y="198.35" angle="90.00" type="DEFAULT_VEHTYPE" speed="7.12" pos="183.83" lane="0/1to1/1_0" slope="0.00"/>
    </timestep>
    <timestep time="706.00">
        <vehicle id="0" x="198.35" y="361.70" angle="0.00" type="DEFAULT_VEHTYPE" speed="13.65" pos="33.55" lane="1/2to1/1_0" slope="0.00"/>
        <vehicle id="1" x="601.65" y="370.46" angle="180.00" type="DEFAULT_VEHTYPE" speed="12.67" pos="165.71" lane="3/1to3/2_0" slope="0.00"/>
        <vehicle id="11" x="401.65" y="149.40" angle="180.00" type="DEFAULT_VEHTYPE" speed="12.78" pos="149.40" lane="2/0to2/1_0" slope="0.00"/>
        <vehicle id="12" x="623.95" y="201.65" angle="-90.00" type="DEFAULT_VEHTYPE" speed="11.67" pos="176.05" lane="4/1to3/1_0" slope="0.00"/>
        <vehicle id="14" x="601.65" y="236.24" angle="180.00" type="DEFAULT_VEHTYPE" speed="13.55" pos="31.49" lane="3/1to3/2_0" slope="0.00"/>
        <vehicle id="15" x="201.65" y="35.99" angle="180.00" type="DEFAULT_VEHTYPE" speed="13.32" pos="35.99" lane="1/0to1/1_0" slope="0.00"/>
        <vehicle id="16" x="392.74" y="198.35" angle="90.00" type="DEFAULT_VEHTYPE" speed="0.00" pos="187.99" lane="1/1to2/1_0" slope="0.00"/>
        <vehicle id="17" x="140.59" y="198.35" angle="90.00" type="DEFAULT_VEHTYPE" speed="13.38" pos="140.59" lane="0/1to1/1_0" slope="0.00"/>
        <vehicle id="18" x="398.35" y="390.24" angle="0.00" type="DEFAULT_VEHTYPE" speed="8.78" pos="5.01" lane="2/2to2/1_0" slope="0.00"/>
        <vehicle id="19" x="544.04" y="198.35" angle="90.00" type="DEFAULT_VEHTYPE" speed="13.70" pos="139.29" lane="2/1to3/1_0" slope="0.00"/>
        <vehicle id="2" x="365.17" y="198.35" angle="90.00" type="DEFAULT_VEHTYPE" speed="9.32" pos="160.42" lane="1/1to2/1_0" slope="0.00"/>
        <vehicle id="20" x="587.65" y="401.65" angle="-90.00" type="DEFAULT_VEHTYPE" speed="10.06" pos="7.60" lane="3/2to2/2_0" slope="0.00"/>
        <vehicle id="21" x="318.40" y="198.35" angle="90.00" type="DEFAULT_VEHTYPE" speed="13.79" pos="113.65" lane="1/1to2/1_0" slope="0.00"/>
        <vehicle id="22" x="131.81" y="201.65" angle="-90.00" type="DEFAULT_VEHTYPE" speed="13.75" pos="63.44" lane="1/1to0/1_0" slope="0.00"/>
        <vehicle id="23" x="398.35" y="180.30" angle="0.00" type="DEFAULT_VEHTYPE" speed="13.21" pos="14.95" lane="2/1to2/0_0" slope="0.00"/>
        <vehicle id="24" x="601.65" y="287.28" angle="180.00" type="DEFAULT_VEHTYPE" speed="13.40" pos="82.53" lane="3/1to3/2_0" slope="0.00"/>
        <vehicle id="3" x="401.65" y="59.50" angle="180.00" type="DEFAULT_VEHTYPE" speed="13.12" pos="59.50" lane="2/0to2/1_0" slope="0.00"/>
        <vehicle id="4" x="87.70" y="201.65" angle="-90.00" type="DEFAULT_VEHTYPE" speed="13.45" pos="107.55" lane="1/1to0/1_0" slope="0.00"/>
        <vehicle id="5" x="439.92" y="198.35" angle="90.00" type="DEFAULT_VEHTYPE" speed="13.79" pos="35.17" lane="2/1to3/1_0" slope="0.00"/>
        <vehicle id="6" x="385.24" y="198.35" angle="90.00" type="DEFAULT_VEHTYPE" speed="0.00" pos="180.49" lane="1/1to2/1_0" slope="0.00"/>
        <vehicle id="7" x="201.65" y="401.85" angle="180.00" type="DEFAULT_VEHTYPE" speed="13.08" pos="6.60" lane=":1/2_9_0" slope="0.00"/>
        <vehicle id="8" x="398.35" y="21.63" angle="0.00" type="DEFAULT_VEHTYPE" speed="12.96" pos="173.62" lane="2/1to2/0_0" slope="0.00"/>
        <vehicle id="9" x="188.51" y="198.35" angle="90.00" type="DEFAULT_VEHTYPE" speed="4.68" pos="188.51" lane="0/1to1/1_0" slope="0.00"/>
    </timestep>
    <timestep time="707.00">
        <vehicle id="0" x="198.35" y="348.35" angle="0.00" type="DEFAULT_VEHTYPE" speed="13.35" pos="46.90" lane="1/2to1/1_0" slope="0.00"/>
        <vehicle id="1" x="601.65" y="380.45" angle="180.00" type="DEFAULT_VEHTYPE" speed="9.99" pos="175.70" lane="3/1to3/2_0" slope="0.00"/>
        <vehicle id="11" x="401.65" y="163.24" angle="180.00" type="DEFAULT_VEHTYPE" speed="13.84" pos="163.24" lane="2/0to2/1_0" slope="0.00"/>
        <vehicle id="12" x="615.97" y="201.65" angle="-90.00" type="DEFAULT_VEHTYPE" speed="7.99" pos="184.03" lane="4/1to3/1_0" slope="0.00"/>
        <vehicle id="14" x="601.65" y="249.65" angle="180.00" type="DEFAULT_VEHTYPE" speed="13.41" pos="44.90" lane="3/1to3/2_0" slope="0.00"/>
        <vehicle id="15" x="201.65" y="49.28" angle="180.00" type="DEFAULT_VEHTYPE" speed="13.30" pos="49.28" lane="1/0to1/1_0" slope="0.00"/>
        <vehicle id="16" x="392.74" y="198.35" angle="90.00" type="DEFAULT_VEHTYPE" speed="0.00" pos="187.99" lane="1/1to2/1_0" slope="0.00"/>
        <vehicle id="17" x="153.41" y="198.35" angle="90.00" type="DEFAULT_VEHTYPE" speed="12.82" pos="153.41" lane="0/1to1/1_0" slope="0.00"/>
        <vehicle id="18" x="398.35" y="380.07" angle="0.00" type="DEFAULT_VEHTYPE" speed="10.17" pos="15.18" lane="2/2to2/1_0" slope="0.00"/>
        <vehicle id="19" x="557.11" y="198.35" angle="90.00" type="DEFAULT_VEHTYPE" speed="13.06" pos="152.36" lane="2/1to3/1_0" slope="0.00"/>
        <vehicle id="2" x="371.35" y="198.35" angle="90.00" type="DEFAULT_VEHTYPE" speed="6.18" pos="166.60" lane="1/1to2/1_0" slope="0.00"/>
        <vehicle id="20" x="576.04" y="401.65" angle="-90.00" type="DEFAULT_VEHTYPE" speed="11.61" pos="19.21" lane="3/2to2/2_0" slope="0.00"/>
        <vehicle id="21" x="332.24" y="198.35" angle="90.00" type="DEFAULT_VEHTYPE" speed="13.84" pos="127.49" lane="1/1to2/1_0" slope="0.00"/>
        <vehicle id="22" x="118.09" y="201.65" angle="-90.00" type="DEFAULT_VEHTYPE" speed="13.72" pos="77.16" lane="1/1to0/1_0" slope="0.00"/>
        <vehicle id="23" x="398.35" y="166.96" angle="0.00" type="DEFAULT_VEHTYPE" speed="13.34" pos="28.29" lane="2/1to2/0_0" slope="0.00"/>
        <vehicle id="24" x="601.65" y="300.58" angle="180.00" type="DEFAULT_VEHTYPE" speed="13.30" pos="95.83" lane="3/1to3/2_0" slope="0.00"/>
        <vehicle id="3" x="401.65" y="72.34" angle="180.00" type="DEFAULT_VEHTYPE" speed="12.84" pos="72.34" lane="2/0to2/1_0" slope="0.00"/>
        <vehicle id="4" x="75.01" y="201.65" angle="-90.00" type="DEFAULT_VEHTYPE" speed="12.69" pos="120.24" lane="1/1to0/1_0" slope="0.00"/>
        <vehicle id="5" x="453.57" y="198.35" angle="90.00" type="DEFAULT_VEHTYPE" speed="13.65" pos="48.82" lane="2/1to3/1_0" slope="0.00"/>
        <vehicle id="6" x="385.24" y="198.35" angle="90.00" type="DEFAULT_VEHTYPE" speed="0.00" pos="180.49" lane="1/1to2/1_0" slope="0.00"/>
        <vehicle id="7" x="201.65" y="414.69" angle="180.00" type="DEFAULT_VEHTYPE" speed="12.84" pos="9.94" lane="1/2to1/3_0" slope="0.00"/>
        <vehicle id="8" x="398.35" y="8.44" angle="0.00" type="DEFAULT_VEHTYPE" speed="13.19" pos="186.81" lane="2/1to2/0_0" slope="0.00"/>
        <vehicle id="9" x="195.07" y="198.35" angle="90.00" type="DEFAULT_VEHTYPE" speed="6.56" pos="195.07" lane="0/1to1/1_0" slope="0.00"/>
    </timestep>
    <timestep time="708.00">
        <vehicle id="0" x="198.35" y="334.80" angle="0.00" type="DEFAULT_VEHTYPE" speed="13.54" pos="60.45" lane="1/2to1/1_0" slope="0.00"/>
        <vehicle id="1" x="601.65" y="387.11" angle="180.00" type="DEFAULT_VEHTYPE" speed="6.66" pos="182.36" lane="3/1to3/2_0" slope="0.00"/>
        <vehicle id="11" x="401.65" y="176.78" angle="180.00" type="DEFAULT_VEHTYPE" speed="13.54" pos="176.78" lane="2/0to2/1_0" slope="0.00"/>
        <vehicle id="12" x="611.57" y="201.65" angle="-90.00" type="DEFAULT_VEHTYPE" speed="4.40" pos="188.43" lane="4/1to3/1_0" slope="0.00"/>
        <vehicle id="14" x="601.65" y="263.01" angle="180.00" type="DEFAULT_VEHTYPE" speed="13.36" pos="58.26" lane="3/1to3/2_0" slope="0.00"/>
        <vehicle id="15" x="201.65" y="62.19" angle="180.00" type="DEFAULT_VEHTYPE" speed="12.90" pos="62.19" lane="1/0to1/1_0" slope="0.00"/>
        <vehicle id="16" x="392.74" y="198.35" angle="90.00" type="DEFAULT_VEHTYPE" speed="0.00" pos="187.99" lane="1/1to2/1_0" slope="0.00"/>
        <vehicle id="17" x="167.01" y="198.35" angle="90.00" type="DEFAULT_VEHTYPE" speed="13.60" pos="167.01" lane="0/1to1/1_0" slope="0.00"/>
        <vehicle id="18" x="398.35" y="368.18" angle="0.00" type="DEFAULT_VEHTYPE" speed="11.90" pos="27.07" lane="2/2to2/1_0" slope="0.00"/>
        <vehicle id="19" x="570.53" y="198.35" angle="90.00" type="DEFAULT_VEHTYPE" speed="13.42" pos="165.78" lane="2/1to3/1_0" slope="0.00"/>
        <vehicle id="2" x="375.46" y="198.35" angle="90.00" type="DEFAULT_VEHTYPE" speed="4.11" pos="170.71" lane="1/1to2/1_0" slope="0.00"/>
        <vehicle id="20" x="562.71" y="401.65" angle="-90.00" type="DEFAULT_VEHTYPE" speed="13.33" pos="32.54" lane="3/2to2/2_0" slope="0.00"/>
        <vehicle id="21" x="345.63" y="198.35" angle="90.00" type="DEFAULT_VEHTYPE" speed="13.39" pos="140.88" lane="1/1to2/1_0" slope="0.00"/>
        <vehicle id="22" x="104.42" y="201.65" angle="-90.00" type="DEFAULT_VEHTYPE" speed="13.67" pos="90.83" lane="1/1to0/1_0" slope="0.00"/>
        <vehicle id="23" x="398.35" y="153.42" angle="0.00" type="DEFAULT_VEHTYPE" speed="13.54" pos="41.83" lane="2/1to2/0_0" slope="0.00"/>
        <vehicle id="24" x="601.65" y="313.98" angle="180.00" type="DEFAULT_VEHTYPE" speed="13.40" pos="109.23" lane="3/1to3/2_0" slope="0.00"/>
        <vehicle id="3" x="401.65" y="86.14" angle="180.00" type="DEFAULT_VEHTYPE" speed="13.80" pos="86.14" lane="2/0to2/1_0" slope="0.00"/>
        <vehicle id="4" x="62.18" y="201.65" angle="-90.00" type="DEFAULT_VEHTYPE" speed="12.83" pos="133.07" lane="1/1to0/1_0" slope="0.00"/>
        <vehicle id="5" x="466.71" y="198.35" angle="90.00" type="DEFAULT_VEHTYPE" speed="13.14" pos="61.96" lane="2/1to3/1_0" slope="0.00"/>
        <vehicle id="6" x="385.24" y="198.35" angle="90.00" type="DEFAULT_VEHTYPE" speed="0.00" pos="180.49" lane="1/1to2/1_0" slope="0.00"/>
        <vehicle id="7" x="201.65" y="427.30" angle="180.00" type="DEFAULT_VEHTYPE" speed="12.61" pos="22.55" lane="1/2to1/3_0" slope="0.00"/>
        <vehicle id="8" x="401.39" y="-0.38" angle="71.40" type="DEFAULT_VEHTYPE" speed="12.80" pos="4.36" lane=":2/0_0_0" slope="0.00"/>
        <vehicle id="9" x="198.35" y="192.38" angle="6.79" type="DEFAULT_VEHTYPE" speed="8.06" pos="2.87" lane="1/1to1/0_0" slope="0.00"/>
    </timestep>
    <timestep time="709.00">
        <vehicle id="0" x="198.35" y="321.47" angle="0.00" type="DEFAULT_VEHTYPE" speed="13.33" pos="73.78" lane="1/2to1/1_0" slope="0.00"/>
        <vehicle id="1" x="601.65" y="390.92" angle="180.00" type="DEFAULT_VEHTYPE" speed="3.80" pos="186.17" lane="3/1to3/2_0" slope="0.00"/>
        <vehicle id="11" x="401.65" y="189.63" angle="180.00" type="DEFAULT_VEHTYPE" speed="12.85" pos="189.63" lane="2/0to2/1_0" slope="0.00"/>
        <vehicle id="12" x="604.74" y="201.65" angle="-90.01" type="DEFAULT_VEHTYPE" speed="6.82" pos="0.01" lane=":3/1_4_0" slope="0.00"/>
        <vehicle id="14" x="601.65" y="275.73" angle="180.00" type="DEFAULT_VEHTYPE" speed="12.72" pos="70.98" lane="3/1to3/2_0" slope="0.00"/>
        <vehicle id="15" x="201.65" y="76.08" angle="180.00" type="DEFAULT_VEHTYPE" speed="13.89" pos="76.08" lane="1/0to1/1_0" slope="0.00"/>
        <vehicle id="16" x="392.74" y="198.35" angle="90.00" type="DEFAULT_VEHTYPE" speed="0.00" pos="187.99" lane="1/1to2/1_0" slope="0.00"/>
        <vehicle id="17" x="177.36" y="198.35" angle="90.00" type="DEFAULT_VEHTYPE" speed="10.35" pos="177.36" lane="0/1to1/1_0" slope="0.00"/>
        <vehicle id="18" x="398.35" y="354.96" angle="0.00" type="DEFAULT_VEHTYPE" speed="13.21" pos="40.29" lane="2/2to2/1_0" slope="0.00"/>
        <vehicle id="19" x="580.62" y="198.35" angle="90.00" type="DEFAULT_VEHTYPE" speed="10.09" pos="175.87" lane="2/1to3/1_0" slope="0.00"/>
        <vehicle id="2" x="376.92" y="198.35" angle="90.00" type="DEFAULT_VEHTYPE" speed="1.46" pos="172.17" lane="1/1to2/1_0" slope="0.00"/>
        <vehicle id="20" x="549.12" y="401.65" angle="-90.00" type="DEFAULT_VEHTYPE" speed="13.60" pos="46.13" lane="3/2to2/2_0" slope="0.00"/>
        <vehicle id="21" x="355.52" y="198.35" angle="90.00" type="DEFAULT_VEHTYPE" speed="9.89" pos="150.77" lane="1/1to2/1_0" slope="0.00"/>
        <vehicle id="22" x="91.48" y="201.65" angle="-90.00" type="DEFAULT_VEHTYPE" speed="12.93" pos="103.77" lane="1/1to0/1_0" slope="0.00"/>
        <vehicle id="23" x="398.35" y="140.34" angle="0.00" type="DEFAULT_VEHTYPE" speed="13.08" pos="54.91" lane="2/1to2/0_0" slope="0.00"/>
        <vehicle id="24" x="601.65" y="326.74" angle="180.00" type="DEFAULT_VEHTYPE" speed="12.75" pos="121.99" lane="3/1to3/2_0" slope="0.00"/>
        <vehicle id="3" x="401.65" y="100.01" angle="180.00" type="DEFAULT_VEHTYPE" speed="13.87" pos="100.01" lane="2/0to2/1_0" slope="0.00"/>
        <vehicle id="4" x="48.72" y="201.65" angle="-90.00" type="DEFAULT_VEHTYPE" speed="13.46" pos="146.53" lane="1/1to0/1_0" slope="0.00"/>
        <vehicle id="5" x="480.41" y="198.35" angle="90.00" type="DEFAULT_VEHTYPE" speed="13.70" pos="75.66" lane="2/1to3/1_0" slope="0.00"/>
        <vehicle id="6" x="385.24" y="198.35" angle="90.00" type="DEFAULT_VEHTYPE" speed="0.00" pos="180.49" lane="1/1to2/1_0" slope="0.00"/>
        <vehicle id="7" x="201.65" y="440.38" angle="180.00" type="DEFAULT_VEHTYPE" speed="13.08" pos="35.63" lane="1/2to1/3_0" slope="0.00"/>
        <vehicle id="8" x="401.65" y="13.30" angle="180.00" type="DEFAULT_VEHTYPE" speed="13.76" pos="13.30" lane="2/0to2/1_0" slope="0.00"/>
        <vehicle id="9" x="198.35" y="181.82" angle="0.00" type="DEFAULT_VEHTYPE" speed="10.55" pos="13.43" lane="1/1to1/0_0" slope="0.00"/>
    </timestep>
    <timestep time="710.00">
        <vehicle id="0" x="198.35" y="308.62" angle="0.00" type="DEFAULT_VEHTYPE" speed="12.85" pos="86.63" lane="1/2to1/1_0" slope="0.00"/>
        <vehicle id="1" x="601.51" y="396.23" angle="-178.40" type="DEFAULT_VEHTYPE" speed="5.32" pos="0.99" lane=":3/2_10_0" slope="0.00"/>
        <vehicle id="11" x="407.81" y="198.35" angle="95.62" type="DEFAULT_VEHTYPE" speed="13.68" pos="3.06" lane="2/1to3/1_0" slope="0.00"/>
        <vehicle id="12" x="601.65" y="208.77" angle="-178.44" type="DEFAULT_VEHTYPE" speed="9.01" pos="4.02" lane="3/1to3/2_0" slope="0.00"/>
        <vehicle id="14" x="601.65" y="289.54" angle="180.00" type="DEFAULT_VEHTYPE" speed="13.81" pos="84.79" lane="3/1to3/2_0" slope="0.00"/>
        <vehicle id="15" x="201.65" y="89.14" angle="180.00" type="DEFAULT_VEHTYPE" speed="13.06" pos="89.14" lane="1/0to1/1_0" slope="0.00"/>
        <vehicle id="16" x="392.74" y="198.35" angle="90.00" type="DEFAULT_VEHTYPE" speed="0.00" pos="187.99" lane="1/1to2/1_0" slope="0.00"/>
        <vehicle id="17" x="185.33" y="198.35" angle="90.00" type="DEFAULT_VEHTYPE" speed="7.97" pos="185.33" lane="0/1to1/1_0" slope="0.00"/>
        <vehicle id="18" x="398.35" y="341.66" angle="0.00" type="DEFAULT_VEHTYPE" speed="13.30" pos="53.59" lane="2/2to2/1_0" slope="0.00"/>
        <vehicle id="19" x="586.25" y="198.35" angle="90.00" type="DEFAULT_VEHTYPE" speed="5.63" pos="181.50" lane="2/1to3/1_0" slope="0.00"/>
        <vehicle id="2" x="377.40" y="198.35" angle="90.00" type="DEFAULT_VEHTYPE" speed="0.48" pos="172.65" lane="1/1to2/1_0" slope="0.00"/>
        <vehicle id="20" x="535.68" y="401.65" angle="-90.00" type="DEFAULT_VEHTYPE" speed="13.44" pos="59.57" lane="3/2to2/2_0" slope="0.00"/>
        <vehicle id="21" x="362.27" y="198.35" angle="90.00" type="DEFAULT_VEHTYPE" speed="6.75" pos="157.52" lane="1/1to2/1_0" slope="0.00"/>
        <vehicle id="22" x="78.40" y="201.65" angle="-90.00" type="DEFAULT_VEHTYPE" speed="13.08" pos="116.85" lane="1/1to0/1_0" slope="0.00"/>
        <vehicle id="23" x="398.35" y="126.81" angle="0.00" type="DEFAULT_VEHTYPE" speed="13.52" pos="68.44" lane="2/1to2/0_0" slope="0.00"/>
        <vehicle id="24" x="601.65" y="339.64" angle="180.00" type="DEFAULT_VEHTYPE" speed="12.91" pos="134.89" lane="3/1to3/2_0" slope="0.00"/>
        <vehicle id="3" x="401.65" y="113.68" angle="180.00" type="DEFAULT_VEHTYPE" speed="13.68" pos="113.68" lane="2/0to2/1_0" slope="0.00"/>
        <vehicle id="4" x="35.86" y="201.65" angle="-90.00" type="DEFAULT_VEHTYPE" speed="12.86" pos="159.39" lane="1/1to0/1_0" slope="0.00"/>
        <vehicle id="5" x="493.91" y="198.35" angle="90.00" type="DEFAULT_VEHTYPE" speed="13.50" pos="89.16" lane="2/1to3/1_0" slope="0.00"/>
        <vehicle id="6" x="385.24" y="198.35" angle="90.00" type="DEFAULT_VEHTYPE" speed="0.00" pos="180.49" lane="1/1to2/1_0" slope="0.00"/>
        <vehicle id="7" x="201.65" y="453.17" angle="180.00" type="DEFAULT_VEHTYPE" speed="12.79" pos="48.42" lane="1/2to1/3_0" slope="0.00"/>
        <vehicle id="8" x="401.65" y="26.50" angle="180.00" type="DEFAULT_VEHTYPE" speed="13.20" pos="26.50" lane="2/0to2/1_0" slope="0.00"/>
        <vehicle id="9" x="198.35" y="169.61" angle="0.00" type="DEFAULT_VEHTYPE" speed="12.21" pos="25.64" lane="1/1to1/0_0" slope="0.00"/>
    </timestep>
    <timestep time="711.00">
        <vehicle id="0" x="198.35" y="295.53" angle="0.00" type="DEFAULT_VEHTYPE" speed="13.08" pos="99.72" lane="1/2to1/1_0" slope="0.00"/>
        <vehicle id="1" x="597.91" y="401.27" angle="-135.38" type="DEFAULT_VEHTYPE" speed="6.65" pos="0.49" lane=":3/2_18_0" slope="0.00"/>
        <vehicle id="11" x="420.75" y="198.35" angle="90.00" type="DEFAULT_VEHTYPE" speed="12.94" pos="16.00" lane="2/1to3/1_0" slope="0.00"/>
        <vehicle id="12" x="601.65" y="219.46" angle="180.00" type="DEFAULT_VEHTYPE" speed="10.69" pos="14.71" lane="3/1to3/2_0" slope="0.00"/>
        <vehicle id="14" x="601.65" y="302.97" angle="180.00" type="DEFAULT_VEHTYPE" speed="13.43" pos="98.22" lane="3/1to3/2_0" slope="0.00"/>
        <vehicle id="15" x="201.65" y="102.78" angle="180.00" type="DEFAULT_VEHTYPE" speed="13.64" pos="102.78" lane="1/0to1/1_0" slope="0.00"/>
        <vehicle id="16" x="392.74" y="198.35" angle="90.00" type="DEFAULT_VEHTYPE" speed="0.00" pos="187.99" lane="1/1to2/1_0" slope="0.00"/>
        <vehicle id="17" x="189.07" y="198.35" angle="90.00" type="DEFAULT_VEHTYPE" speed="3.74" pos="189.07" lane="0/1to1/1_0" slope="0.00"/>
        <vehicle id="18" x="398.35" y="327.93" angle="0.00" type="DEFAULT_VEHTYPE" speed="13.73" pos="67.32" lane="2/2to2/1_0" slope="0.00"/>
        <vehicle id="19" x="590.21" y="198.35" angle="90.00" type="DEFAULT_VEHTYPE" speed="3.96" pos="185.46" lane="2/1to3/1_0" slope="0.00"/>
        <vehicle id="2" x="377.58" y="198.35" angle="90.00" type="DEFAULT_VEHTYPE" speed="0.18" pos="172.83" lane="1/1to2/1_0" slope="0.00"/>
        <vehicle id="20" x="521.90" y="401.65" angle="-90.00" type="DEFAULT_VEHTYPE" speed="13.77" pos="73.35" lane="3/2to2/2_0" slope="0.00"/>
        <vehicle id="21" x="366.80" y="198.35" angle="90.00" type="DEFAULT_VEHTYPE" speed="4.52" pos="162.05" lane="1/1to2/1_0" slope="0.00"/>
        <vehicle id="22" x="65.31" y="201.65" angle="-90.00" type="DEFAULT_VEHTYPE" speed="13.09" pos="129.94" lane="1/1to0/1_0" slope="0.00"/>
        <vehicle id="23" x="398.35" y="114.05" angle="0.00" type="DEFAULT_VEHTYPE" speed="12.76" pos="81.20" lane="2/1to2/0_0" slope="0.00"/>
        <vehicle id="24" x="601.65" y="352.95" angle="180.00" type="DEFAULT_VEHTYPE" speed="13.31" pos="148.20" lane="3/1to3/2_0" slope="0.00"/>
        <vehicle id="3" x="401.65" y="126.76" angle="180.00" type="DEFAULT_VEHTYPE" speed="13.08" pos="126.76" lane="2/0to2/1_0" slope="0.00"/>
        <vehicle id="4" x="22.24" y="201.65" angle="-90.00" type="DEFAULT_VEHTYPE" speed="13.62" pos="173.01" lane="1/1to0/1_0" slope="0.00"/>
        <vehicle id="5" x="507.37" y="198.35" angle="90.00" type="DEFAULT_VEHTYPE" speed="13.46" pos="102.62" lane="2/1to3/1_0" slope="0.00"/>
        <vehicle id="6" x="385.24" y="198.35" angle="90.00" type="DEFAULT_VEHTYPE" speed="0.00" pos="180.49" lane="1/1to2/1_0" slope="0.00"/>
        <vehicle id="7" x="201.65" y="466.60" angle="180.00" type="DEFAULT_VEHTYPE" speed="13.43" pos="61.85" lane="1/2to1/3_0" slope="0.00"/>
        <vehicle id="8" x="401.65" y="40.37" angle="180.00" type="DEFAULT_VEHTYPE" speed="13.87" pos="40.37" lane="2/0to2/1_0" slope="0.00"/>
        <vehicle id="9" x="198.35" y="156.76" angle="0.00" type="DEFAULT_VEHTYPE" speed="12.85" pos="38.49" lane="1/1to1/0_0" slope="0.00"/>
    </timestep>
    <timestep time="712.00">
        <vehicle id="0" x="198.35" y="281.97" angle="0.00" type="DEFAULT_VEHTYPE" speed="13.56" pos="113.28" lane="1/2to1/1_0" slope="0.00"/>
        <vehicle id="1" x="589.60" y="401.65" angle="-90.00" type="DEFAULT_VEHTYPE" speed="8.34" pos="5.65" lane="3/2to2/2_0" slope="0.00"/>
        <vehicle id="11" x="433.58" y="198.35" angle="90.00" type="DEFAULT_VEHTYPE" speed="12.83" pos="28.83" lane="2/1to3/1_0" slope="0.00"/>
        <vehicle id="12" x="601.65" y="231.70" angle="180.00" type="DEFAULT_VEHTYPE" speed="12.24" pos="26.95" lane="3/1to3/2_0" slope="0.00"/>
        <vehicle id="14" x="601.65" y="316.09" angle="180.00" type="DEFAULT_VEHTYPE" speed="13.12" pos="111.34" lane="3/1to3/2_0" slope="0.00"/>
        <vehicle id="15" x="201.65" y="116.48" angle="180.00" type="DEFAULT_VEHTYPE" speed="13.70" pos="116.48" lane="1/0to1/1_0" slope="0.00"/>
        <vehicle id="16" x="395.16" y="198.35" angle="90.00" type="DEFAULT_VEHTYPE" speed="2.42" pos="190.41" lane="1/1to2/1_0" slope="0.00"/>
        <vehicle id="17" x="194.85" y="198.35" angle="90.00" type="DEFAULT_VEHTYPE" speed="5.78" pos="194.85" lane="0/1to1/1_0" slope="0.00"/>
        <vehicle id="18" x="398.35" y="315.30" angle="0.00" type="DEFAULT_VEHTYPE" speed="12.62" pos="79.95" lane="2/2to2/1_0" slope="0.00"/>
        <vehicle id="19" x="596.39" y="198.51" angle="91.87" type="DEFAULT_VEHTYPE" speed="6.19" pos="1.15" lane=":3/1_14_0" slope="0.00"/>
        <vehicle id="2" x="377.72" y="198.35" angle="90.00" type="DEFAULT_VEHTYPE" speed="0.14" pos="172.97" lane="1/1to2/1_0" slope="0.00"/>
        <vehicle id="20" x="509.05" y="401.65" angle="-90.00" type="DEFAULT_VEHTYPE" speed="12.85" pos="86.20" lane="3/2to2/2_0" slope="0.00"/>
        <vehicle id="21" x="368.58" y="198.35" angle="90.00" type="DEFAULT_VEHTYPE" speed="1.79" pos="163.83" lane="1/1to2/1_0" slope="0.00"/>
        <vehicle id="22" x="52.20" y="201.65" angle="-90.00" type="DEFAULT_VEHTYPE" speed="13.11" pos="143.05" lane="1/1to0/1_0" slope="0.00"/>
        <vehicle id="23" x="398.35" y="101.23" angle="0.00" type="DEFAULT_VEHTYPE" speed="12.82" pos="94.02" lane="2/1to2/0_0" slope="0.00"/>
        <vehicle id="24" x="601.65" y="366.73" angle="180.00" type="DEFAULT_VEHTYPE" speed="13.78" pos="161.98" lane="3/1to3/2_0" slope="0.00"/>
        <vehicle id="3" x="401.65" y="139.63" angle="180.00" type="DEFAULT_VEHTYPE" speed="12.87" pos="139.63" lane="2/0to2/1_0" slope="0.00"/>
        <vehicle id="4" x="8.81" y="201.65" angle="-90.00" type="DEFAULT_VEHTYPE" speed="13.43" pos="186.44" lane="1/1to0/1_0" slope="0.00"/>
        <vehicle id="5" x="520.90" y="198.35" angle="90.00" type="DEFAULT_VEHTYPE" speed="13.52" pos="116.15" lane="2/1to3/1_0" slope="0.00"/>
        <vehicle id="6" x="385.24" y="198.35" angle="90.00" type="DEFAULT_VEHTYPE" speed="0.00" pos="180.49" lane="1/1to2/1_0" slope="0.00"/>
        <vehicle id="7" x="201.65" y="479.48" angle="180.00" type="DEFAULT_VEHTYPE" speed="12.88" pos="74.73" lane="1/2to1/3_0" slope="0.00"/>
        <vehicle id="8" x="401.65" y="53.24" angle="180.00" type="DEFAULT_VEHTYPE" speed="12.87" pos="53.24" lane="2/0to2/1_0" slope="0.00"/>
        <vehicle id="9" x="198.35" y="143.52" angle="0.00" type="DEFAULT_VEHTYPE" speed="13.24" pos="51.73" lane="1/1to1/0_0" slope="0.00"/>
    </timestep>
    <timestep time="713.00">
        <vehicle id="0" x="198.35" y="268.43" angle="0.00" type="DEFAULT_VEHTYPE" speed="13.54" pos="126.82" lane="1/2to1/1_0" slope="0.00"/>
        <vehicle id="1" x="578.92" y="401.65" angle="-90.00" type="DEFAULT_VEHTYPE" speed="10.68" pos="16.33" lane="3/2to2/2_0" slope="0.00"/>
        <vehicle id="11" x="446.47" y="198.35" angle="90.00" type="DEFAULT_VEHTYPE" speed="12.89" pos="41.72" lane="2/1to3/1_0" slope="0.00"/>
        <vehicle id="12" x="601.65" y="245.05" angle="180.00" type="DEFAULT_VEHTYPE" speed="13.35" pos="40.30" lane="3/1to3/2_0" slope="0.00"/>
        <vehicle id="14" x="601.65" y="328.84" angle="180.00" type="DEFAULT_VEHTYPE" speed="12.75" pos="124.09" lane="3/1to3/2_0" slope="0.00"/>
        <vehicle id="15" x="201.65" y="130.08" angle="180.00" type="DEFAULT_VEHTYPE" speed="13.60" pos="130.08" lane="1/0to1/1_0" slope="0.00"/>
        <vehicle id="16" x="399.90" y="198.35" angle="90.00" type="DEFAULT_VEHTYPE" speed="4.73" pos="4.65" lane=":2/1_13_0" slope="0.00"/>
        <vehicle id="17" x="198.35" y="192.30" angle="6.34" type="DEFAULT_VEHTYPE" speed="8.35" pos="2.95" lane="1/1to1/0_0" slope="0.00"/>
        <vehicle id="18" x="398.35" y="301.41" angle="0.00" type="DEFAULT_VEHTYPE" speed="13.89" pos="93.84" lane="2/2to2/1_0" slope="0.00"/>
        <vehicle id="19" x="601.50" y="203.70" angle="152.13" type="DEFAULT_VEHTYPE" speed="8.10" pos="9.25" lane=":3/1_14_0" slope="0.00"/>
        <vehicle id="2" x="377.73" y="198.35" angle="90.00" type="DEFAULT_VEHTYPE" speed="0.01" pos="172.98" lane="1/1to2/1_0" slope="0.00"/>
        <vehicle id="20" x="496.16" y="401.65" angle="-90.00" type="DEFAULT_VEHTYPE" speed="12.89" pos="99.09" lane="3/2to2/2_0" slope="0.00"/>
        <vehicle id="21" x="369.39" y="198.35" angle="90.00" type="DEFAULT_VEHTYPE" speed="0.80" pos="164.64" lane="1/1to2/1_0" slope="0.00"/>
        <vehicle id="22" x="39.25" y="201.65" angle="-90.00" type="DEFAULT_VEHTYPE" speed="12.95" pos="156.00" lane="1/1to0/1_0" slope="0.00"/>
        <vehicle id="23" x="398.35" y="88.46" angle="0.00" type="DEFAULT_VEHTYPE" speed="12.76" pos="106.79" lane="2/1to2/0_0" slope="0.00"/>
        <vehicle id="24" x="601.65" y="377.82" angle="180.00" type="DEFAULT_VEHTYPE" speed="11.09" pos="173.07" lane="3/1to3/2_0" slope="0.00"/>
        <vehicle id="3" x="401.65" y="152.74" angle="180.00" type="DEFAULT_VEHTYPE" speed="13.12" pos="152.74" lane="2/0to2/1_0" slope="0.00"/>
        <vehicle id="4" x="-0.59" y="198.75" angle="-27.05" type="DEFAULT_VEHTYPE" speed="12.92" pos="4.11" lane=":0/1_0_0" slope="0.00"/>
        <vehicle id="5" x="534.01" y="198.35" angle="90.00" type="DEFAULT_VEHTYPE" speed="13.11" pos="129.26" lane="2/1to3/1_0" slope="0.00"/>
        <vehicle id="6" x="386.44" y="198.35" angle="90.00" type="DEFAULT_VEHTYPE" speed="1.21" pos="181.69" lane="1/1to2/1_0" slope="0.00"/>
        <vehicle id="7" x="201.65" y="492.46" angle="180.00" type="DEFAULT_VEHTYPE" speed="12.98" pos="87.71" lane="1/2to1/3_0" slope="0.00"/>
        <vehicle id="8" x="401.65" y="66.58" angle="180.00" type="DEFAULT_VEHTYPE" speed="13.34" pos="66.58" lane="2/0to2/1_0" slope="0.00"/>
        <vehicle id="9" x="198.35" y="130.00" angle="0.00" type="DEFAULT_VEHTYPE" speed="13.52" pos="65.25" lane="1/1to1/0_0" slope="0.00"/>
    </timestep>
    <timestep time="714.00">
        <vehicle id="0" x="198.35" y="255.66" angle="0.00" type="DEFAULT_VEHTYPE" speed="12.78" pos="139.59" lane="1/2to1/1_0" slope="0.00"/>
        <vehicle id="1" x="565.98" y="401.65" angle="-90.00" type="DEFAULT_VEHTYPE" speed="12.94" pos="29.27" lane="3/2to2/2_0" slope="0.00"/>
        <vehicle id="11" x="459.53" y="198.35" angle="90.00" type="DEFAULT_VEHTYPE" speed="13.07" pos="54.78" lane="2/1to3/1_0" slope="0.00"/>
        <vehicle id="12" x="601.65" y="258.34" angle="180.00" type="DEFAULT_VEHTYPE" speed="13.29" pos="53.59" lane="3/1to3/2_0" slope="0.00"/>
        <vehicle id="14" x="601.65" y="342.66" angle="180.00" type="DEFAULT_VEHTYPE" speed="13.82" pos="137.91" lane="3/1to3/2_0" slope="0.00"/>
        <vehicle id="15" x="201.65" y="143.82" angle="180.00" type="DEFAULT_VEHTYPE" speed="13.75" pos="143.82" lane="1/0to1/1_0" slope="0.00"/>
        <vehicle id="16" x="406.08" y="198.35" angle="90.00" type="DEFAULT_VEHTYPE" speed="6.19" pos="1.33" lane="2/1to3/1_0" slope="0.00"/>
        <vehicle id="17" x="198.35" y="181.50" angle="0.00" type="DEFAULT_VEHTYPE" speed="10.80" pos="13.75" lane="1/1to1/0_0" slope="0.00"/>
        <vehicle id="18" x="398.35" y="288.08" angle="0.00" type="DEFAULT_VEHTYPE" speed="13.33" pos="107.17" lane="2/2to2/1_0" slope="0.00"/>
        <vehicle id="19" x="601.65" y="213.52" angle="180.00" type="DEFAULT_VEHTYPE" speed="9.84" pos="8.77" lane="3/1to3/2_0" slope="0.00"/>
        <vehicle id="2" x="378.55" y="198.35" angle="90.00" type="DEFAULT_VEHTYPE" speed="0.81" pos="173.80" lane="1/1to2/1_0" slope="0.00"/>
        <vehicle id="20" x="482.28" y="401.65" angle="-90.00" type="DEFAULT_VEHTYPE" speed="13.88" pos="112.97" lane="3/2to2/2_0" slope="0.00"/>
        <vehicle id="21" x="369.86" y="198.35" angle="90.00" type="DEFAULT_VEHTYPE" speed="0.47" pos="165.11" lane="1/1to2/1_0" slope="0.00"/>
        <vehicle id="22" x="25.44" y="201.65" angle="-90.00" type="DEFAULT_VEHTYPE" speed="13.81" pos="169.81" lane="1/1to0/1_0" slope="0.00"/>
        <vehicle id="23" x="398.35" y="74.63" angle="0.00" type="DEFAULT_VEHTYPE" speed="13.83" pos="120.62" lane="2/1to2/0_0" slope="0.00"/>
        <vehicle id="24" x="601.65" y="384.76" angle="180.00" type="DEFAULT_VEHTYPE" speed="6.94" pos="180.01" lane="3/1to3/2_0" slope="0.00"/>
        <vehicle id="3" x="401.65" y="166.34" angle="180.00" type="DEFAULT_VEHTYPE" speed="13.59" pos="166.34" lane="2/0to2/1_0" slope="0.00"/>
        <vehicle id="4" x="12.99" y="198.35" angle="90.00" type="DEFAULT_VEHTYPE" speed="13.70" pos="12.99" lane="0/1to1/1_0" slope="0.00"/>
        <vehicle id="5" x="547.10" y="198.35" angle="90.00" type="DEFAULT_VEHTYPE" speed="13.09" pos="142.35" lane="2/1to3/1_0" slope="0.00"/>
        <vehicle id="6" x="389.12" y="198.35" angle="90.00" type="DEFAULT_VEHTYPE" speed="2.67" pos="184.37" lane="1/1to2/1_0" slope="0.00"/>
        <vehicle id="7" x="201.65" y="506.15" angle="180.00" type="DEFAULT_VEHTYPE" speed="13.68" pos="101.40" lane="1/2to1/3_0" slope="0.00"/>
        <vehicle id="8" x="401.65" y="79.34" angle="180.00" type="DEFAULT_VEHTYPE" speed="12.77" pos="79.34" lane="2/0to2/1_0" slope="0.00"/>
        <vehicle id="9" x="198.35" y="116.94" angle="0.00" type="DEFAULT_VEHTYPE" speed="13.06" pos="78.31" lane="1/1to1/0_0" slope="0.00"/>
    </timestep>
    <timestep time="715.00">
        <vehicle id="0" x="198.35" y="242.07" angle="0.00" type="DEFAULT_VEHTYPE" speed="13.59" pos="153.18" lane="1/2to1/1_0" slope="0.00"/>
        <vehicle id="1" x="553.06" y="401.65" angle="-90.00" type="DEFAULT_VEHTYPE" speed="12.92" pos="42.19" lane="3/2to2/2_0" slope="0.00"/>
        <vehicle id="11" x="472.62" y="198.35" angle="90.00" type="DEFAULT_VEHTYPE" speed="13.09" pos="67.87" lane="2/1to3/1_0" slope="0.00"/>
        <vehicle id="12" x="601.65" y="271.67" angle="180.00" type="DEFAULT_VEHTYPE" speed="13.33" pos="66.92" lane="3/1to3/2_0" slope="0.00"/>
        <vehicle id="14" x="601.65" y="356.25" angle="180.00" type="DEFAULT_VEHTYPE" speed="13.60" pos="151.50" lane="3/1to3/2_0" slope="0.00"/>
        <vehicle id="15" x="201.65" y="156.58" angle="180.00" type="DEFAULT_VEHTYPE" speed="12.76" pos="156.58" lane="1/0to1/1_0" slope="0.00"/>
        <vehicle id="16" x="413.87" y="198.35" angle="90.00" type="DEFAULT_VEHTYPE" speed="7.79" pos="9.12" lane="2/1to3/1_0" slope="0.00"/>
        <vehicle id="17" x="198.35" y="168.76" angle="0.00" type="DEFAULT_VEHTYPE" speed="12.74" pos="26.49" lane="1/1to1/0_0" slope="0.00"/>
        <vehicle id="18" x="398.35" y="275.23" angle="0.00" type="DEFAULT_VEHTYPE" speed="12.85" pos="120.02" lane="2/2to2/1_0" slope="0.00"/>
        <vehicle id="19" x="601.65" y="225.40" angle="180.00" type="DEFAULT_VEHTYPE" speed="11.88" pos="20.65" lane="3/1to3/2_0" slope="0.00"/>
        <vehicle id="2" x="380.62" y="198.35" angle="90.00" type="DEFAULT_VEHTYPE" speed="2.07" pos="175.87" lane="1/1to2/1_0" slope="0.00"/>
        <vehicle id="20" x="469.22" y="401.65" angle="-90.00" type="DEFAULT_VEHTYPE" speed="13.07" pos="126.03" lane="3/2to2/2_0" slope="0.00"/>
        <vehicle id="21" x="370.57" y="198.35" angle="90.00" type="DEFAULT_VEHTYPE" speed="0.71" pos="165.82" lane="1/1to2/1_0" slope="0.00"/>
        <vehicle id="22" x="12.53" y="201.65" angle="-90.00" type="DEFAULT_VEHTYPE" speed="12.91" pos="182.72" lane="1/1to0/1_0" slope="0.00"/>
        <vehicle id="23" x="398.35" y="61.01" angle="0.00" type="DEFAULT_VEHTYPE" speed="13.62" pos="134.24" lane="2/1to2/0_0" slope="0.00"/>
        <vehicle id="24" x="601.65" y="389.29" angle="180.00" type="DEFAULT_VEHTYPE" speed="4.52" pos="184.54" lane="3/1to3/2_0" slope="0.00"/>
        <vehicle id="3" x="401.65" y="179.30" angle="180.00" type="DEFAULT_VEHTYPE" speed="12.96" pos="179.30" lane="2/0to2/1_0" slope="0.00"/>
        <vehicle id="4" x="26.59" y="198.35" angle="90.00" type="DEFAULT_VEHTYPE" speed="13.60" pos="26.59" lane="0/1to1/1_0" slope="0.00"/>
        <vehicle id="5" x="560.72" y="198.35" angle="90.00" type="DEFAULT_VEHTYPE" speed="13.62" pos="155.97" lane="2/1to3/1_0" slope="0.00"/>
        <vehicle id="6" x="391.58" y="198.35" angle="90.00" type="DEFAULT_VEHTYPE" speed="2.47" pos="186.83" lane="1/1to2/1_0" slope="0.00"/>
        <vehicle id="7" x="201.65" y="519.38" angle="180.00" type="DEFAULT_VEHTYPE" speed="13.23" pos="114.63" lane="1/2to1/3_0" slope="0.00"/>
        <vehicle id="8" x="401.65" y="92.59" angle="180.00" type="DEFAULT_VEHTYPE" speed="13.24" pos="92.59" lane="2/0to2/1_0" slope="0.00"/>
        <vehicle id="9" x="198.35" y="103.41" angle="0.00" type="DEFAULT_VEHTYPE" speed="13.53" pos="91.84" lane="1/1to1/0_0" slope="0.00"/>
    </timestep>
    <timestep time="716.00">
        <vehicle id="0" x="198.35" y="228.80" angle="0.00" type="DEFAULT_VEHTYPE" speed="13.27" pos="166.45" lane="1/2to1/1_0" slope="0.00"/>
        <vehicle id="1" x="539.18" y="401.65" angle="-90.00" type="DEFAULT_VEHTYPE" speed="13.89" pos="56.07" lane="3/2to2/2_0" slope="0.00"/>
        <vehicle id="11" x="486.48" y="198.35" angle="90.00" type="DEFAULT_VEHTYPE" speed="13.86" pos="81.73" lane="2/1to3/1_0" slope="0.00"/>
        <vehicle id="12" x="601.65" y="284.44" angle="180.00" type="DEFAULT_VEHTYPE" speed="12.77" pos="79.69" lane="3/1to3/2_0" slope="0.00"/>
        <vehicle id="14" x="601.65" y="369.05" angle="180.00" type="DEFAULT_VEHTYPE" speed="12.79" pos="164.30" lane="3/1to3/2_0" slope="0.00"/>
        <vehicle id="15" x="201.65" y="169.52" angle="180.00" type="DEFAULT_VEHTYPE" speed="12.94" pos="169.52" lane="1/0to1/1_0" slope="0.00"/>
        <vehicle id="16" x="423.14" y="198.35" angle="90.00" type="DEFAULT_VEHTYPE" speed="9.27" pos="18.39" lane="2/1to3/1_0" slope="0.00"/>
        <vehicle id="17" x="198.35" y="155.77" angle="0.00" type="DEFAULT_VEHTYPE" speed="12.99" pos="39.48" lane="1/1to1/0_0" slope="0.00"/>
        <vehicle id="18" x="398.35" y="262.46" angle="0.00" type="DEFAULT_VEHTYPE" speed="12.77" pos="132.79" lane="2/2to2/1_0" slope="0.00"/>
        <vehicle id="19" x="601.65" y="238.56" angle="180.00" type="DEFAULT_VEHTYPE" speed="13.16" pos="33.81" lane="3/1to3/2_0" slope="0.00"/>
        <vehicle id="2" x="382.15" y="198.35" angle="90.00" type="DEFAULT_VEHTYPE" speed="1.53" pos="177.40" lane="1/1to2/1_0" slope="0.00"/>
        <vehicle id="20" x="456.42" y="401.65" angle="-90.00" type="DEFAULT_VEHTYPE" speed="12.79" pos="138.83" lane="3/2to2/2_0" slope="0.00"/>
        <vehicle id="21" x="372.53" y="198.35" angle="90.00" type="DEFAULT_VEHTYPE" speed="1.96" pos="167.78" lane="1/1to2/1_0" slope="0.00"/>
        <vehicle id="22" x="-0.28" y="201.47" angle="-87.89" type="DEFAULT_VEHTYPE" speed="12.86" pos="0.33" lane=":0/1_0_0" slope="0.00"/>
        <vehicle id="23" x="398.35" y="48.14" angle="0.00" type="DEFAULT_VEHTYPE" speed="12.87" pos="147.11" lane="2/1to2/0_0" slope="0.00"/>
        <vehicle id="24" x="601.62" y="395.44" angle="-179.68" type="DEFAULT_VEHTYPE" speed="6.15" pos="0.19" lane=":3/2_10_0" slope="0.00"/>
        <vehicle id="3" x="401.65" y="191.66" angle="180.00" type="DEFAULT_VEHTYPE" speed="12.36" pos="191.66" lane="2/0to2/1_0" slope="0.00"/>
        <vehicle id="4" x="39.90" y="198.35" angle="90.00" type="DEFAULT_VEHTYPE" speed="13.31" pos="39.90" lane="0/1to1/1_0" slope="0.00"/>
        <vehicle id="5" x="573.65" y="198.35" angle="90.00" type="DEFAULT_VEHTYPE" speed="12.94" pos="168.90" lane="2/1to3/1_0" slope="0.00"/>
        <vehicle id="6" x="392.33" y="198.35" angle="90.00" type="DEFAULT_VEHTYPE" speed="0.74" pos="187.58" lane="1/1to2/1_0" slope="0.00"/>
        <vehicle id="7" x="201.65" y="532.43" angle="180.00" type="DEFAULT_VEHTYPE" speed="13.05" pos="127.68" lane="1/2to1/3_0" slope="0.00"/>
        <vehicle id="8" x="401.65" y="105.75" angle="180.00" type="DEFAULT_VEHTYPE" speed="13.16" pos="105.75" lane="2/0to2/1_0" slope="0.00"/>
        <vehicle id="9" x="198.35" y="89.93" angle="0.00" type="DEFAULT_VEHTYPE" speed="13.48" pos="105.32" lane="1/1to1/0_0" slope="0.00"/>
    </timestep>
    <timestep time="717.00">
        <vehicle id="0" x="198.35" y="214.95" angle="0.00" type="DEFAULT_VEHTYPE" speed="13.85" pos="180.30" lane="1/2to1/1_0" slope="0.00"/>
        <vehicle id="1" x="525.98" y="401.65" angle="-90.00" type="DEFAULT_VEHTYPE" speed="13.20" pos="69.27" lane="3/2to2/2_0" slope="0.00"/>
        <vehicle id="11" x="499.72" y="198.35" angle="90.00" type="DEFAULT_VEHTYPE" speed="13.24" pos="94.97" lane="2/1to3/1_0" slope="0.00"/>
        <vehicle id="12" x="601.65" y="297.27" angle="180.00" type="DEFAULT_VEHTYPE" speed="12.83" pos="92.52" lane="3/1to3/2_0" slope="0.00"/>
        <vehicle id="14" x="601.65" y="378.99" angle="180.00" type="DEFAULT_VEHTYPE" speed="9.94" pos="174.24" lane="3/1to3/2_0" slope="0.00"/>
        <vehicle id="15" x="201.65" y="183.08" angle="180.00" type="DEFAULT_VEHTYPE" speed="13.56" pos="183.08" lane="1/0to1/1_0" slope="0.00"/>
        <vehicle id="16" x="433.80" y="198.35" angle="90.00" type="DEFAULT_VEHTYPE" speed="10.66" pos="29.05" lane="2/1to3/1_0" slope="0.00"/>
        <vehicle id="17" x="198.35" y="142.65" angle="0.00" type="DEFAULT_VEHTYPE" speed="13.12" pos="52.60" lane="1/1to1/0_0" slope="0.00"/>
        <vehicle id="18" x="398.35" y="248.81" angle="0.00" type="DEFAULT_VEHTYPE" speed="13.65" pos="146.44" lane="2/2to2/1_0" slope="0.00"/>
        <vehicle id="19" x="601.65" y="251.44" angle="180.00" type="DEFAULT_VEHTYPE" speed="12.88" pos="46.69" lane="3/1to3/2_0" slope="0.00"/>
        <vehicle id="2" x="384.24" y="198.35" angle="90.00" type="DEFAULT_VEHTYPE" speed="2.09" pos="179.49" lane="1/1to2/1_0" slope="0.00"/>
        <vehicle id="20" x="443.68" y="401.65" angle="-90.00" type="DEFAULT_VEHTYPE" speed="12.74" pos="151.57" lane="3/2to2/2_0" slope="0.00"/>
        <vehicle id="21" x="374.08" y="198.35" angle="90.00" type="DEFAULT_VEHTYPE" speed="1.55" pos="169.33" lane="1/1to2/1_0" slope="0.00"/>
        <vehicle id="22" x="8.14" y="198.35" angle="90.00" type="DEFAULT_VEHTYPE" speed="12.63" pos="8.14" lane="0/1to1/1_0" slope="0.00"/>
        <vehicle id="23" x="398.35" y="35.28" angle="0.00" type="DEFAULT_VEHTYPE" speed="12.86" pos="159.97" lane="2/1to2/0_0" slope="0.00"/>
        <vehicle id="24" x="597.81" y="401.28" angle="-134.00" type="DEFAULT_VEHTYPE" speed="7.53" pos="0.59" lane=":3/2_18_0" slope="0.00"/>
        <vehicle id="3" x="408.27" y="198.35" angle="92.84" type="DEFAULT_VEHTYPE" speed="12.11" pos="3.52" lane="2/1to3/1_0" slope="0.00"/>
        <vehicle id="4" x="53.80" y="198.35" angle="90.00" type="DEFAULT_VEHTYPE" speed="13.90" pos="53.80" lane="0/1to1/1_0" slope="0.00"/>
        <vehicle id="5" x="582.76" y="198.35" angle="90.00" type="DEFAULT_VEHTYPE" speed="9.10" pos="178.01" lane="2/1to3/1_0" slope="0.00"/>
        <vehicle id="6" x="392.67" y="198.35" angle="90.00" type="DEFAULT_VEHTYPE" speed="0.34" pos="187.92" lane="1/1to2/1_0" slope="0.00"/>
        <vehicle id="7" x="201.65" y="545.16" angle="180.00" type="DEFAULT_VEHTYPE" speed="12.73" pos="140.41" lane="1/2to1/3_0" slope="0.00"/>
        <vehicle id="8" x="401.65" y="118.94" angle="180.00" type="DEFAULT_VEHTYPE" speed="13.19" pos="118.94" lane="2/0to2/1_0" slope="0.00"/>
        <vehicle id="9" x="198.35" y="76.61" angle="0.00" type="DEFAULT_VEHTYPE" speed="13.33" pos="118.64" lane="1/1to1/0_0" slope="0.00"/>
    </timestep>
    <timestep time="718.00">
        <vehicle id="0" x="197.60" y="202.47" angle="-8.78" type="DEFAULT_VEHTYPE" speed="12.64" pos="2.44" lane=":1/1_0_0" slope="0.00"/>
        <vehicle id="1" x="512.77" y="401.65" angle="-90.00" type="DEFAULT_VEHTYPE" speed="13.21" pos="82.48" lane="3/2to2/2_0" slope="0.00"/>
        <vehicle id="11" x="512.37" y="198.35" angle="90.00" type="DEFAULT_VEHTYPE" speed="12.65" pos="107.62" lane="2/1to3/1_0" slope="0.00"/>
        <vehicle id="12" x="601.65" y="311.00" angle="180.00" type="DEFAULT_VEHTYPE" speed="13.73" pos="106.25" lane="3/1to3/2_0" slope="0.00"/>
        <vehicle id="14" x="601.65" y="386.41" angle="180.00" type="DEFAULT_VEHTYPE" speed="7.42" pos="181.66" lane="3/1to3/2_0" slope="0.00"/>
        <vehicle id="15" x="201.80" y="196.31" angle="178.31" type="DEFAULT_VEHTYPE" speed="13.23" pos="1.06" lane=":1/1_8_0" slope="0.00"/>
        <vehicle id="16" x="447.05" y="198.35" angle="90.00" type="DEFAULT_VEHTYPE" speed="13.25" pos="42.30" lane="2/1to3/1_0" slope="0.00"/>
        <vehicle id="17" x="198.35" y="129.64" angle="0.00" type="DEFAULT_VEHTYPE" speed="13.01" pos="65.61" lane="1/1to1/0_0" slope="0.00"/>
        <vehicle id="18" x="398.35" y="235.39" angle="0.00" type="DEFAULT_VEHTYPE" speed="13.42" pos="159.86" lane="2/2to2/1_0" slope="0.00"/>
        <vehicle id="19" x="601.65" y="264.66" angle="180.00" type="DEFAULT_VEHTYPE" speed="13.22" pos="59.91" lane="3/1to3/2_0" slope="0.00"/>
        <vehicle id="2" x="385.09" y="198.35" angle="90.00" type="DEFAULT_VEHTYPE" speed="0.85" pos="180.34" lane="1/1to2/1_0" slope="0.00"/>
        <vehicle id="20" x="430.25" y="401.65" angle="-90.00" type="DEFAULT_VEHTYPE" speed="13.43" pos="165.00" lane="3/2to2/2_0" slope="0.00"/>
        <vehicle id="21" x="375.93" y="198.35" angle="90.00" type="DEFAULT_VEHTYPE" speed="1.85" pos="171.18" lane="1/1to2/1_0" slope="0.00"/>
        <vehicle id="22" x="21.42" y="198.35" angle="90.00" type="DEFAULT_VEHTYPE" speed="13.28" pos="21.42" lane="0/1to1/1_0" slope="0.00"/>
        <vehicle id="23" x="398.35" y="22.25" angle="0.00" type="DEFAULT_VEHTYPE" speed="13.03" pos="173.00" lane="2/1to2/0_0" slope="0.00"/>
        <vehicle id="24" x="588.68" y="401.65" angle="-90.00" type="DEFAULT_VEHTYPE" speed="9.16" pos="6.57" lane="3/2to2/2_0" slope="0.00"/>
        <vehicle id="3" x="420.45" y="198.35" angle="90.00" type="DEFAULT_VEHTYPE" speed="12.18" pos="15.70" lane="2/1to3/1_0" slope="0.00"/>
        <vehicle id="4" x="66.86" y="198.35" angle="90.00" type="DEFAULT_VEHTYPE" speed="13.06" pos="66.86" lane="0/1to1/1_0" slope="0.00"/>
        <vehicle id="5" x="587.73" y="198.35" angle="90.00" type="DEFAULT_VEHTYPE" speed="4.98" pos="182.98" lane="2/1to3/1_0" slope="0.00"/>
        <vehicle id="6" x="392.75" y="198.35" angle="90.00" type="DEFAULT_VEHTYPE" speed="0.08" pos="188.00" lane="1/1to2/1_0" slope="0.00"/>
        <vehicle id="7" x="201.65" y="558.54" angle="180.00" type="DEFAULT_VEHTYPE" speed="13.38" pos="153.79" lane="1/2to1/3_0" slope="0.00"/>
        <vehicle id="8" x="401.65" y="132.14" angle="180.00" type="DEFAULT_VEHTYPE" speed="13.21" pos="132.14" lane="2/0to2/1_0" slope="0.00"/>
        <vehicle id="9" x="198.35" y="63.62" angle="0.00" type="DEFAULT_VEHTYPE" speed="12.99" pos="131.63" lane="1/1to1/0_0" slope="0.00"/>
    </timestep>
    <timestep time="719.00">
        <vehicle id="0" x="184.27" y="201.65" angle="-90.00" type="DEFAULT_VEHTYPE" speed="13.54" pos="10.98" lane="1/1to0/1_0" slope="0.00"/>
        <vehicle id="1" x="499.92" y="401.65" angle="-90.00" type="DEFAULT_VEHTYPE" speed="12.85" pos="95.33" lane="3/2to2/2_0" slope="0.00"/>
        <vehicle id="11" x="525.97" y="198.35" angle="90.00" type="DEFAULT_VEHTYPE" speed="13.60" pos="121.22" lane="2/1to3/1_0" slope="0.00"/>
        <vehicle id="12" x="601.65" y="324.45" angle="180.00" type="DEFAULT_VEHTYPE" speed="13.45" pos="119.70" lane="3/1to3/2_0" slope="0.00"/>
        <vehicle id="14" x="601.65" y="389.50" angle="180.00" type="DEFAULT_VEHTYPE" speed="3.09" pos="184.75" lane="3/1to3/2_0" slope="0.00"/>
        <vehicle id="15" x="213.94" y="198.35" angle="90.00" type="DEFAULT_VEHTYPE" speed="13.12" pos="9.19" lane="1/1to2/1_0" slope="0.00"/>
        <vehicle id="16" x="460.37" y="198.35" angle="90.00" type="DEFAULT_VEHTYPE" speed="13.32" pos="55.62" lane="2/1to3/1_0" slope="0.00"/>
        <vehicle id="17" x="198.35" y="116.15" angle="0.00" type="DEFAULT_VEHTYPE" speed="13.49" pos="79.10" lane="1/1to1/0_0" slope="0.00"/>
        <vehicle id="18" x="398.35" y="221.77" angle="0.00" type="DEFAULT_VEHTYPE" speed="13.62" pos="173.48" lane="2/2to2/1_0" slope="0.00"/>
        <vehicle id="19" x="601.65" y="277.96" angle="180.00" type="DEFAULT_VEHTYPE" speed="13.30" pos="73.21" lane="3/1to3/2_0" slope="0.00"/>
        <vehicle id="2" x="385.24" y="198.35" angle="90.00" type="DEFAULT_VEHTYPE" speed="0.15" pos="180.49" lane="1/1to2/1_0" slope="0.00"/>
        <vehicle id="20" x="420.71" y="401.65" angle="-90.00" type="DEFAULT_VEHTYPE" speed="9.55" pos="174.54" lane="3/2to2/2_0" slope="0.00"/>
        <vehicle id="21" x="376.84" y="198.35" angle="90.00" type="DEFAULT_VEHTYPE" speed="0.92" pos="172.09" lane="1/1to2/1_0" slope="0.00"/>
        <vehicle id="22" x="34.87" y="198.35" angle="90.00" type="DEFAULT_VEHTYPE" speed="13.45" pos="34.87" lane="0/1to1/1_0" slope="0.00"/>
        <vehicle id="23" x="398.35" y="8.45" angle="0.00" type="DEFAULT_VEHTYPE" speed="13.80" pos="186.80" lane="2/1to2/0_0" slope="0.00"/>
        <vehicle id="24" x="577.31" y="401.65" angle="-90.00" type="DEFAULT_VEHTYPE" speed="11.37" pos="17.94" lane="3/2to2/2_0" slope="0.00"/>
        <vehicle id="3" x="434.02" y="198.35" angle="90.00" type="DEFAULT_VEHTYPE" speed="13.57" pos="29.27" lane="2/1to3/1_0" slope="0.00"/>
        <vehicle id="4" x="80.60" y="198.35" angle="90.00" type="DEFAULT_VEHTYPE" speed="13.74" pos="80.60" lane="0/1to1/1_0" slope="0.00"/>
        <vehicle id="5" x="590.76" y="198.35" angle="90.00" type="DEFAULT_VEHTYPE" speed="3.03" pos="186.01" lane="2/1to3/1_0" slope="0.00"/>
        <vehicle id="6" x="392.75" y="198.35" angle="90.00" type="DEFAULT_VEHTYPE" speed="0.00" pos="188.00" lane="1/1to2/1_0" slope="0.00"/>
        <vehicle id="7" x="201.65" y="571.86" angle="180.00" type="DEFAULT_VEHTYPE" speed="13.32" pos="167.11" lane="1/2to1/3_0" slope="0.00"/>
        <vehicle id="8" x="401.65" y="145.87" angle="180.00" type="DEFAULT_VEHTYPE" speed="13.73" pos="145.87" lane="2/0to2/1_0" slope="0.00"/>
        <vehicle id="9" x="198.35" y="50.10" angle="0.00" type="DEFAULT_VEHTYPE" speed="13.52" pos="145.15" lane="1/1to1/0_0" slope="0.00"/>
    </timestep>
    <timestep time="720.00">
        <vehicle id="0" x="171.36" y="201.65" angle="-90.00" type="DEFAULT_VEHTYPE" speed="12.91" pos="23.89" lane="1/1to0/1_0" slope="0.00"/>
        <vehicle id="1" x="487.12" y="401.65" angle="-90.00" type="DEFAULT_VEHTYPE" speed="12.80" pos="108.13" lane="3/2to2/2_0" slope="0.00"/>
        <vehicle id="11" x="538.92" y="198.35" angle="90.00" type="DEFAULT_VEHTYPE" speed="12.94" pos="134.17" lane="2/1to3/1_0" slope="0.00"/>
        <vehicle id="12" x="601.65" y="337.13" angle="180.00" type="DEFAULT_VEHTYPE" speed="12.68" pos="132.38" lane="3/1to3/2_0" slope="0.00"/>
        <vehicle id="14" x="601.65" y="395.18" angle="180.00" type="DEFAULT_VEHTYPE" speed="5.68" pos="190.43" lane="3/1to3/2_0" slope="0.00"/>
        <vehicle id="15" x="226.92" y="198.35" angle="90.00" type="DEFAULT_VEHTYPE" speed="12.98" pos="22.17" lane="1/1to2/1_0" slope="0.00"/>
        <vehicle id="16" x="473.35" y="198.35" angle="90.00" type="DEFAULT_VEHTYPE" speed="12.98" pos="68.60" lane="2/1to3/1_0" slope="0.00"/>
        <vehicle id="17" x="198.35" y="102.63" angle="0.00" type="DEFAULT_VEHTYPE" speed="13.51" pos="92.62" lane="1/1to1/0_0" slope="0.00"/>
        <vehicle id="18" x="398.35" y="209.08" angle="0.00" type="DEFAULT_VEHTYPE" speed="12.69" pos="186.17" lane="2/2to2/1_0" slope="0.00"/>
        <vehicle id="19" x="601.65" y="291.27" angle="180.00" type="DEFAULT_VEHTYPE" speed="13.31" pos="86.52" lane="3/1to3/2_0" slope="0.00"/>
        <vehicle id="2" x="385.24" y="198.35" angle="90.00" type="DEFAULT_VEHTYPE" speed="0.00" pos="180.49" lane="1/1to2/1_0" slope="0.00"/>
        <vehicle id="20" x="413.91" y="401.65" angle="-90.00" type="DEFAULT_VEHTYPE" speed="6.79" pos="181.34" lane="3/2to2/2_0" slope="0.00"/>
        <vehicle id="21" x="377.41" y="198.35" angle="90.00" type="DEFAULT_VEHTYPE" speed="0.57" pos="172.66" lane="1/1to2/1_0" slope="0.00"/>
        <vehicle id="22" x="47.49" y="198.35" angle="90.00" type="DEFAULT_VEHTYPE" speed="12.62" pos="47.49" lane="0/1to1/1_0" slope="0.00"/>
        <vehicle id="23" x="401.65" y="0.57" angle="106.08" type="DEFAULT_VEHTYPE" speed="13.84" pos="0.57" lane="2/0to2/1_0" slope="0.00"/>
        <vehicle id="24" x="563.68" y="401.65" angle="-90.00" type="DEFAULT_VEHTYPE" speed="13.63" pos="31.57" lane="3/2to2/2_0" slope="0.00"/>
        <vehicle id="3" x="446.98" y="198.35" angle="90.00" type="DEFAULT_VEHTYPE" speed="12.96" pos="42.23" lane="2/1to3/1_0" slope="0.00"/>
        <vehicle id="4" x="93.25" y="198.35" angle="90.00" type="DEFAULT_VEHTYPE" speed="12.64" pos="93.25" lane="0/1to1/1_0" slope="0.00"/>
        <vehicle id="5" x="596.23" y="198.49" angle="91.61" type="DEFAULT_VEHTYPE" speed="5.48" pos="0.99" lane=":3/1_14_0" slope="0.00"/>
        <vehicle id="6" x="392.75" y="198.35" angle="90.00" type="DEFAULT_VEHTYPE" speed="0.00" pos="188.00" lane="1/1to2/1_0" slope="0.00"/>
        <vehicle id="7" x="201.65" y="585.72" angle="180.00" type="DEFAULT_VEHTYPE" speed="13.86" pos="180.97" lane="1/2to1/3_0" slope="0.00"/>
        <vehicle id="8" x="401.65" y="159.02" angle="180.00" type="DEFAULT_VEHTYPE" speed="13.14" pos="159.02" lane="2/0to2/1_0" slope="0.00"/>
        <vehicle id="9" x="198.35" y="37.47" angle="0.00" type="DEFAULT_VEHTYPE" speed="12.62" pos="157.78" lane="1/1to1/0_0" slope="0.00"/>
    </timestep>
    <timestep time="721.00">
        <vehicle id="0" x="158.55" y="201.65" angle="-90.00" type="DEFAULT_VEHTYPE" speed="12.81" pos="36.70" lane="1/1to0/1_0" slope="0.00"/>
        <vehicle id="1" x="473.58" y="401.65" angle="-90.00" type="DEFAULT_VEHTYPE" speed="13.54" pos="121.67" lane="3/2to2/2_0" slope="0.00"/>
        <vehicle id="11" x="551.91" y="198.35" angle="90.00" type="DEFAULT_VEHTYPE" speed="12.99" pos="147.16" lane="2/1to3/1_0" slope="0.00"/>
        <vehicle id="12" x="601.65" y="349.95" angle="180.00" type="DEFAULT_VEHTYPE" speed="12.82" pos="145.20" lane="3/1to3/2_0" slope="0.00"/>
        <vehicle id="14" x="598.20" y="401.16" angle="-139.15" type="DEFAULT_VEHTYPE" speed="7.39" pos="0.18" lane=":3/2_18_0" slope="0.00"/>
        <vehicle id="15" x="239.56" y="198.35" angle="90.00" type="DEFAULT_VEHTYPE" speed="12.64" pos="34.81" lane="1/1to2/1_0" slope="0.00"/>
        <vehicle id="16" x="486.15" y="198.35" angle="90.00" type="DEFAULT_VEHTYPE" speed="12.80" pos="81.40" lane="2/1to3/1_0" slope="0.00"/>
        <vehicle id="17" x="198.35" y="89.79" angle="0.00" type="DEFAULT_VEHTYPE" speed="12.85" pos="105.46" lane="1/1to1/0_0" slope="0.00"/>
        <vehicle id="18" x="398.35" y="195.33" angle="0.00" type="DEFAULT_VEHTYPE" speed="13.74" pos="9.42" lane=":2/1_1_0" slope="0.00"/>
        <vehicle id="19" x="601.65" y="304.23" angle="180.00" type="DEFAULT_VEHTYPE" speed="12.96" pos="99.48" lane="3/1to3/2_0" slope="0.00"/>
        <vehicle id="2" x="385.24" y="198.35" angle="90.00" type="DEFAULT_VEHTYPE" speed="0.00" pos="180.49" lane="1/1to2/1_0" slope="0.00"/>
        <vehicle id="20" x="409.87" y="401.65" angle="-90.00" type="DEFAULT_VEHTYPE" speed="4.05" pos="185.38" lane="3/2to2/2_0" slope="0.00"/>
        <vehicle id="21" x="377.69" y="198.35" angle="90.00" type="DEFAULT_VEHTYPE" speed="0.27" pos="172.94" lane="1/1to2/1_0" slope="0.00"/>
        <vehicle id="22" x="60.98" y="198.35" angle="90.00" type="DEFAULT_VEHTYPE" speed="13.49" pos="60.98" lane="0/1to1/1_0" slope="0.00"/>
        <vehicle id="23" x="401.65" y="13.74" angle="180.00" type="DEFAULT_VEHTYPE" speed="13.18" pos="13.74" lane="2/0to2/1_0" slope="0.00"/>
        <vehicle id="24" x="550.20" y="401.65" angle="-90.00" type="DEFAULT_VEHTYPE" speed="13.49" pos="45.05" lane="3/2to2/2_0" slope="0.00"/>
        <vehicle id="3" x="459.96" y="198.35" angle="90.00" type="DEFAULT_VEHTYPE" speed="12.97" pos="55.21" lane="2/1to3/1_0" slope="0.00"/>
        <vehicle id="4" x="106.58" y="198.35" angle="90.00" type="DEFAULT_VEHTYPE" speed="13.34" pos="106.58" lane="0/1to1/1_0" slope="0.00"/>
        <vehicle id="5" x="601.32" y="202.47" angle="139.28" type="DEFAULT_VEHTYPE" speed="7.02" pos="8.01" lane=":3/1_14_0" slope="0.00"/>
        <vehicle id="6" x="392.75" y="198.35" angle="90.00" type="DEFAULT_VEHTYPE" speed="0.00" pos="188.00" lane="1/1to2/1_0" slope="0.00"/>
        <vehicle id="7" x="203.26" y="598.08" angle="159.80" type="DEFAULT_VEHTYPE" speed="13.00" pos="3.47" lane=":1/3_8_0" slope="0.00"/>
        <vehicle id="8" x="401.65" y="171.93" angle="180.00" type="DEFAULT_VEHTYPE" speed="12.91" pos="171.93" lane="2/0to2/1_0" slope="0.00"/>
        <vehicle id="9" x="198.35" y="24.48" angle="0.00" type="DEFAULT_VEHTYPE" speed="12.99" pos="170.77" lane="1/1to1/0_0" slope="0.00"/>
    </timestep>
    <timestep time="722.00">
        <vehicle id="0" x="145.18" y="201.65" angle="-90.00" type="DEFAULT_VEHTYPE" speed="13.37" pos="50.07" lane="1/1to0/1_0" slope="0.00"/>
        <vehicle id="1" x="460.19" y="401.65" angle="-90.00" type="DEFAULT_VEHTYPE" speed="13.39" pos="135.06" lane="3/2to2/2_0" slope="0.00"/>
        <vehicle id="11" x="564.64" y="198.35" angle="90.00" type="DEFAULT_VEHTYPE" speed="12.73" pos="159.89" lane="2/1to3/1_0" slope="0.00"/>
        <vehicle id="12" x="601.65" y="362.90" angle="180.00" type="DEFAULT_VEHTYPE" speed="12.94" pos="158.15" lane="3/1to3/2_0" slope="0.00"/>
        <vehicle id="14" x="588.93" y="401.65" angle="-90.00" type="DEFAULT_VEHTYPE" speed="9.32" pos="6.32" lane="3/2to2/2_0" slope="0.00"/>
        <vehicle id="15" x="252.62" y="198.35" angle="90.00" type="DEFAULT_VEHTYPE" speed="13.06" pos="47.87" lane="1/1to2/1_0" slope="0.00"/>
        <vehicle id="16" x="499.39" y="198.35" angle="90.00" type="DEFAULT_VEHTYPE" speed="13.24" pos="94.64" lane="2/1to3/1_0" slope="0.00"/>
        <vehicle id="17" x="198.35" y="76.94" angle="0.00" type="DEFAULT_VEHTYPE" speed="12.85" pos="118.31" lane="1/1to1/0_0" slope="0.00"/>
        <vehicle id="18" x="398.35" y="182.06" angle="0.00" type="DEFAULT_VEHTYPE" speed="13.28" pos="13.19" lane="2/1to2/0_0" slope="0.00"/>
        <vehicle id="19" x="601.65" y="317.22" angle="180.00" type="DEFAULT_VEHTYPE" speed="13.00" pos="112.47" lane="3/1to3/2_0" slope="0.00"/>
        <vehicle id="2" x="385.24" y="198.35" angle="90.00" type="DEFAULT_VEHTYPE" speed="0.00" pos="180.49" lane="1/1to2/1_0" slope="0.00"/>
        <vehicle id="20" x="403.34" y="401.45" angle="-87.69" type="DEFAULT_VEHTYPE" speed="6.54" pos="1.42" lane=":2/2_6_0" slope="0.00"/>
        <vehicle id="21" x="377.73" y="198.35" angle="90.00" type="DEFAULT_VEHTYPE" speed="0.05" pos="172.98" lane="1/1to2/1_0" slope="0.00"/>
        <vehicle id="22" x="73.89" y="198.35" angle="90.00" type="DEFAULT_VEHTYPE" speed="12.91" pos="73.89" lane="0/1to1/1_0" slope="0.00"/>
        <vehicle id="23" x="401.65" y="27.08" angle="180.00" type="DEFAULT_VEHTYPE" speed="13.33" pos="27.08" lane="2/0to2/1_0" slope="0.00"/>
        <vehicle id="24" x="536.86" y="401.65" angle="-90.00" type="DEFAULT_VEHTYPE" speed="13.34" pos="58.39" lane="3/2to2/2_0" slope="0.00"/>
        <vehicle id="3" x="473.05" y="198.35" angle="90.00" type="DEFAULT_VEHTYPE" speed="13.10" pos="68.30" lane="2/1to3/1_0" slope="0.00"/>
        <vehicle id="4" x="119.31" y="198.35" angle="90.00" type="DEFAULT_VEHTYPE" speed="12.73" pos="119.31" lane="0/1to1/1_0" slope="0.00"/>
        <vehicle id="5" x="601.65" y="211.02" angle="180.00" type="DEFAULT_VEHTYPE" speed="8.58" pos="6.27" lane="3/1to3/2_0" slope="0.00"/>
        <vehicle id="6" x="392.75" y="198.35" angle="90.00" type="DEFAULT_VEHTYPE" speed="0.00" pos="188.00" lane="1/1to2/1_0" slope="0.00"/>
        <vehicle id="7" x="215.90" y="598.35" angle="90.00" type="DEFAULT_VEHTYPE" speed="12.68" pos="11.15" lane="1/3to2/3_0" slope="0.00"/>
        <vehicle id="8" x="401.65" y="184.96" angle="180.00" type="DEFAULT_VEHTYPE" speed="13.03" pos="184.96" lane="2/0to2/1_0" slope="0.00"/>
        <vehicle id="9" x="198.35" y="11.75" angle="0.00" type="DEFAULT_VEHTYPE" speed="12.74" pos="183.50" lane="1/1to1/0_0" slope="0.00"/>
    </timestep>
    <timestep time="723.00">
        <vehicle id="0" x="131.61" y="201.65" angle="-90.00" type="DEFAULT_VEHTYPE" speed="13.58" pos="63.64" lane="1/1to0/1_0" slope="0.00"/>
        <vehicle id="1" x="446.51" y="401.65" angle="-90.00" type="DEFAULT_VEHTYPE" speed="13.68" pos="148.74" lane="3/2to2/2_0" slope="0.00"/>
        <vehicle id="11" x="575.85" y="198.35" angle="90.00" type="DEFAULT_VEHTYPE" speed="11.21" pos="171.10" lane="2/1to3/1_0" slope="0.00"/>
        <vehicle id="12" x="601.65" y="374.65" angle="180.00" type="DEFAULT_VEHTYPE" speed="11.76" pos="169.90" lane="3/1to3/2_0" slope="0.00"/>
        <vehicle id="14" x="577.79" y="401.65" angle="-90.00" type="DEFAULT_VEHTYPE" speed="11.14" pos="17.46" lane="3/2to2/2_0" slope="0.00"/>
        <vehicle id="15" x="266.45" y="198.35" angle="90.00" type="DEFAULT_VEHTYPE" speed="13.82" pos="61.70" lane="1/1to2/1_0" slope="0.00"/>
        <vehicle id="16" x="512.52" y="198.35" angle="90.00" type="DEFAULT_VEHTYPE" speed="13.13" pos="107.77" lane="2/1to3/1_0" slope="0.00"/>
        <vehicle id="17" x="198.35" y="63.08" angle="0.00" type="DEFAULT_VEHTYPE" speed="13.86" pos="132.17" lane="1/1to1/0_0" slope="0.00"/>
        <vehicle id="18" x="398.35" y="168.76" angle="0.00" type="DEFAULT_VEHTYPE" speed="13.29" pos="26.49" lane="2/1to2/0_0" slope="0.00"/>
        <vehicle id="19" x="601.65" y="330.74" angle="180.00" type="DEFAULT_VEHTYPE" speed="13.52" pos="125.99" lane="3/1to3/2_0" slope="0.00"/>
        <vehicle id="2" x="385.24" y="198.35" angle="90.00" type="DEFAULT_VEHTYPE" speed="0.00" pos="180.49" lane="1/1to2/1_0" slope="0.00"/>
        <vehicle id="20" x="398.39" y="395.52" angle="-19.88" type="DEFAULT_VEHTYPE" speed="8.62" pos="10.05" lane=":2/2_6_0" slope="0.00"/>
        <vehicle id="21" x="377.73" y="198.35" angle="90.00" type="DEFAULT_VEHTYPE" speed="0.00" pos="172.98" lane="1/1to2/1_0" slope="0.00"/>
        <vehicle id="22" x="86.91" y="198.35" angle="90.00" type="DEFAULT_VEHTYPE" speed="13.01" pos="86.91" lane="0/1to1/1_0" slope="0.00"/>
        <vehicle id="23" x="401.65" y="39.92" angle="180.00" type="DEFAULT_VEHTYPE" speed="12.85" pos="39.92" lane="2/0to2/1_0" slope="0.00"/>
        <vehicle id="24" x="523.30" y="401.65" angle="-90.00" type="DEFAULT_VEHTYPE" speed="13.56" pos="71.95" lane="3/2to2/2_0" slope="0.00"/>
        <vehicle id="3" x="486.67" y="198.35" angle="90.00" type="DEFAULT_VEHTYPE" speed="13.62" pos="81.92" lane="2/1to3/1_0" slope="0.00"/>
        <vehicle id="4" x="132.22" y="198.35" angle="90.00" type="DEFAULT_VEHTYPE" speed="12.91" pos="132.22" lane="0/1to1/1_0" slope="0.00"/>
        <vehicle id="5" x="601.65" y="221.30" angle="180.00" type="DEFAULT_VEHTYPE" speed="10.28" pos="16.55" lane="3/1to3/2_0" slope="0.00"/>
        <vehicle id="6" x="392.75" y="198.35" angle="90.00" type="DEFAULT_VEHTYPE" speed="0.00" pos="188.00" lane="1/1to2/1_0" slope="0.00"/>
        <vehicle id="7" x="229.70" y="598.35" angle="90.00" type="DEFAULT_VEHTYPE" speed="13.80" pos="24.95" lane="1/3to2/3_0" slope="0.00"/>
        <vehicle id="8" x="402.50" y="197.63" angle="169.92" type="DEFAULT_VEHTYPE" speed="12.89" pos="2.60" lane=":2/1_8_0" slope="0.00"/>
        <vehicle id="9" x="199.25" y="-1.28" angle="10.85" type="DEFAULT_VEHTYPE" speed="13.32" pos="1.58" lane=":1/0_0_0" slope="0.00"/>
    </timestep>
    <timestep time="724.00">
        <vehicle id="0" x="117.82" y="201.65" angle="-90.00" type="DEFAULT_VEHTYPE" speed="13.79" pos="77.43" lane="1/1to0/1_0" slope="0.00"/>
        <vehicle id="1" x="433.59" y="401.65" angle="-90.00" type="DEFAULT_VEHTYPE" speed="12.92" pos="161.66" lane="3/2to2/2_0" slope="0.00"/>
        <vehicle id="11" x="584.32" y="198.35" angle="90.00" type="DEFAULT_VEHTYPE" speed="8.48" pos="179.57" lane="2/1to3/1_0" slope="0.00"/>
        <vehicle id="12" x="601.65" y="383.38" angle="180.00" type="DEFAULT_VEHTYPE" speed="8.73" pos="178.63" lane="3/1to3/2_0" slope="0.00"/>
        <vehicle id="14" x="565.34" y="401.65" angle="-90.00" type="DEFAULT_VEHTYPE" speed="12.45" pos="29.91" lane="3/2to2/2_0" slope="0.00"/>
        <vehicle id="15" x="279.76" y="198.35" angle="90.00" type="DEFAULT_VEHTYPE" speed="13.31" pos="75.01" lane="1/1to2/1_0" slope="0.00"/>
        <vehicle id="16" x="525.27" y="198.35" angle="90.00" type="DEFAULT_VEHTYPE" speed="12.75" pos="120.52" lane="2/1to3/1_0" slope="0.00"/>
        <vehicle id="17" x="198.35" y="50.26" angle="0.00" type="DEFAULT_VEHTYPE" speed="12.82" pos="144.99" lane="1/1to1/0_0" slope="0.00"/>
        <vehicle id="18" x="398.35" y="154.95" angle="0.00" type="DEFAULT_VEHTYPE" speed="13.81" pos="40.30" lane="2/1to2/0_0" slope="0.00"/>
        <vehicle id="19" x="601.65" y="343.69" angle="180.00" type="DEFAULT_VEHTYPE" speed="12.95" pos="138.94" lane="3/1to3/2_0" slope="0.00"/>
        <vehicle id="2" x="385.24" y="198.35" angle="90.00" type="DEFAULT_VEHTYPE" speed="0.00" pos="180.49" lane="1/1to2/1_0" slope="0.00"/>
        <vehicle id="20" x="398.35" y="384.94" angle="0.00" type="DEFAULT_VEHTYPE" speed="10.59" pos="10.31" lane="2/2to2/1_0" slope="0.00"/>
        <vehicle id="21" x="377.73" y="198.35" angle="90.00" type="DEFAULT_VEHTYPE" speed="0.00" pos="172.98" lane="1/1to2/1_0" slope="0.00"/>
        <vehicle id="22" x="100.20" y="198.35" angle="90.00" type="DEFAULT_VEHTYPE" speed="13.29" pos="100.20" lane="0/1to1/1_0" slope="0.00"/>
        <vehicle id="23" x="401.65" y="53.74" angle="180.00" type="DEFAULT_VEHTYPE" speed="13.82" pos="53.74" lane="2/0to2/1_0" slope="0.00"/>
        <vehicle id="24" x="509.56" y="401.65" angle="-90.00" type="DEFAULT_VEHTYPE" speed="13.73" pos="85.69" lane="3/2to2/2_0" slope="0.00"/>
        <vehicle id="3" x="499.29" y="198.35" angle="90.00" type="DEFAULT_VEHTYPE" speed="12.62" pos="94.54" lane="2/1to3/1_0" slope="0.00"/>
        <vehicle id="4" x="145.21" y="198.35" angle="90.00" type="DEFAULT_VEHTYPE" speed="12.99" pos="145.21" lane="0/1to1/1_0" slope="0.00"/>
        <vehicle id="5" x="601.65" y="233.42" angle="180.00" type="DEFAULT_VEHTYPE" speed="12.12" pos="28.67" lane="3/1to3/2_0" slope="0.00"/>
        <vehicle id="6" x="392.75" y="198.35" angle="90.00" type="DEFAULT_VEHTYPE" speed="0.00" pos="188.00" lane="1/1to2/1_0" slope="0.00"/>
        <vehicle id="7" x="242.40" y="598.35" angle="90.00" type="DEFAULT_VEHTYPE" speed="12.69" pos="37.65" lane="1/3to2/3_0" slope="0.00"/>
        <vehicle id="8" x="416.08" y="198.35" angle="90.00" type="DEFAULT_VEHTYPE" speed="13.74" pos="11.33" lane="2/1to3/1_0" slope="0.00"/>
        <vehicle id="9" x="201.65" y="9.83" angle="180.00" type="DEFAULT_VEHTYPE" speed="13.08" pos="9.83" lane="1/0to1/1_0" slope="0.00"/>
    </timestep>
    <timestep time="725.00">
        <vehicle id="0" x="104.93" y="201.65" angle="-90.00" type="DEFAULT_VEHTYPE" speed="12.89" pos="90.32" lane="1/1to0/1_0" slope="0.00"/>
        <vehicle id="1" x="422.76" y="401.65" angle="-90.00" type="DEFAULT_VEHTYPE" speed="10.82" pos="172.49" lane="3/2to2/2_0" slope="0.00"/>
        <vehicle id="11" x="588.65" y="198.35" angle="90.00" type="DEFAULT_VEHTYPE" speed="4.32" pos="183.90" lane="2/1to3/1_0" slope="0.00"/>
        <vehicle id="12" x="601.65" y="388.88" angle="180.00" type="DEFAULT_VEHTYPE" speed="5.49" pos="184.13" lane="3/1to3/2_0" slope="0.00"/>
        <vehicle id="14" x="552.10" y="401.65" angle="-90.00" type="DEFAULT_VEHTYPE" speed="13.24" pos="43.15" lane="3/2to2/2_0" slope="0.00"/>
        <vehicle id="15" x="292.60" y="198.35" angle="90.00" type="DEFAULT_VEHTYPE" speed="12.84" pos="87.85" lane="1/1to2/1_0" slope="0.00"/>
        <vehicle id="16" x="538.39" y="198.35" angle="90.00" type="DEFAULT_VEHTYPE" speed="13.12" pos="133.64" lane="2/1to3/1_0" slope="0.00"/>
        <vehicle id="17" x="198.35" y="37.29" angle="0.00" type="DEFAULT_VEHTYPE" speed="12.98" pos="157.96" lane="1/1to1/0_0" slope="0.00"/>
        <vehicle id="18" x="398.35" y="141.98" angle="0.00" type="DEFAULT_VEHTYPE" speed="12.97" pos="53.27" lane="2/1to2/0_0" slope="0.00"/>
        <vehicle id="19" x="601.65" y="357.39" angle="180.00" type="DEFAULT_VEHTYPE" speed="13.70" pos="152.64" lane="3/1to3/2_0" slope="0.00"/>
        <vehicle id="2" x="385.24" y="198.35" angle="90.00" type="DEFAULT_VEHTYPE" speed="0.00" pos="180.49" lane="1/1to2/1_0" slope="0.00"/>
        <vehicle id="20" x="398.35" y="372.58" angle="0.00" type="DEFAULT_VEHTYPE" speed="12.36" pos="22.67" lane="2/2to2/1_0" slope="0.00"/>
        <vehicle id="21" x="377.73" y="198.35" angle="90.00" type="DEFAULT_VEHTYPE" speed="0.00" pos="172.98" lane="1/1to2/1_0" slope="0.00"/>
        <vehicle id="22" x="113.62" y="198.35" angle="90.00" type="DEFAULT_VEHTYPE" speed="13.43" pos="113.62" lane="0/1to1/1_0" slope="0.00"/>
        <vehicle id="23" x="401.65" y="67.39" angle="180.00" type="DEFAULT_VEHTYPE" speed="13.65" pos="67.39" lane="2/0to2/1_0" slope="0.00"/>
        <vehicle id="24" x="495.84" y="401.65" angle="-90.00" type="DEFAULT_VEHTYPE" speed="13.72" pos="99.41" lane="3/2to2/2_0" slope="0.00"/>
        <vehicle id="3" x="512.25" y="198.35" angle="90.00" type="DEFAULT_VEHTYPE" speed="12.95" pos="107.50" lane="2/1to3/1_0" slope="0.00"/>
        <vehicle id="4" x="158.66" y="198.35" angle="90.00" type="DEFAULT_VEHTYPE" speed="13.45" pos="158.66" lane="0/1to1/1_0" slope="0.00"/>
        <vehicle id="5" x="601.65" y="247.13" angle="180.00" type="DEFAULT_VEHTYPE" speed="13.71" pos="42.38" lane="3/1to3/2_0" slope="0.00"/>
        <vehicle id="6" x="394.57" y="198.35" angle="90.00" type="DEFAULT_VEHTYPE" speed="1.83" pos="189.82" lane="1/1to2/1_0" slope="0.00"/>
        <vehicle id="7" x="255.25" y="598.35" angle="90.00" type="DEFAULT_VEHTYPE" speed="12.85" pos="50.50" lane="1/3to2/3_0" slope="0.00"/>
        <vehicle id="8" x="429.70" y="198.35" angle="90.00" type="DEFAULT_VEHTYPE" speed="13.61" pos="24.95" lane="2/1to3/1_0" slope="0.00"/>
        <vehicle id="9" x="201.65" y="22.82" angle="180.00" type="DEFAULT_VEHTYPE" speed="12.99" pos="22.82" lane="1/0to1/1_0" slope="0.00"/>
    </timestep>
    <timestep time="726.00">
        <vehicle id="0" x="91.88" y="201.65" angle="-90.00" type="DEFAULT_VEHTYPE" speed="13.05" pos="103.37" lane="1/1to0/1_0" slope="0.00"/>
        <vehicle id="1" x="415.79" y="401.65" angle="-90.00" type="DEFAULT_VEHTYPE" speed="6.97" pos="179.46" lane="3/2to2/2_0" slope="0.00"/>
        <vehicle id="11" x="595.44" y="198.35" angle="90.00" type="DEFAULT_VEHTYPE" speed="6.80" pos="0.19" lane=":3/1_13_0" slope="0.00"/>
        <vehicle id="12" x="601.56" y="395.85" angle="-179.01" type="DEFAULT_VEHTYPE" speed="6.98" pos="0.61" lane=":3/2_10_0" slope="0.00"/>
        <vehicle id="14" x="538.23" y="401.65" angle="-90.00" type="DEFAULT_VEHTYPE" speed="13.88" pos="57.02" lane="3/2to2/2_0" slope="0.00"/>
        <vehicle id="15" x="305.91" y="198.35" angle="90.00" type="DEFAULT_VEHTYPE" speed="13.31" pos="101.16" lane="1/1to2/1_0" slope="0.00"/>
        <vehicle id="16" x="551.94" y="198.35" angle="90.00" type="DEFAULT_VEHTYPE" speed="13.55" pos="147.19" lane="2/1to3/1_0" slope="0.00"/>
        <vehicle id="17" x="198.35" y="24.56" angle="0.00" type="DEFAULT_VEHTYPE" speed="12.72" pos="170.69" lane="1/1to1/0_0" slope="0.00"/>
        <vehicle id="18" x="398.35" y="128.59" angle="0.00" type="DEFAULT_VEHTYPE" speed="13.39" pos="66.66" lane="2/1to2/0_0" slope="0.00"/>
        <vehicle id="19" x="601.65" y="369.59" angle="180.00" type="DEFAULT_VEHTYPE" speed="12.20" pos="164.84" lane="3/1to3/2_0" slope="0.00"/>
        <vehicle id="2" x="386.32" y="198.35" angle="90.00" type="DEFAULT_VEHTYPE" speed="1.08" pos="181.57" lane="1/1to2/1_0" slope="0.00"/>
        <vehicle id="20" x="398.35" y="358.99" angle="0.00" type="DEFAULT_VEHTYPE" speed="13.60" pos="36.26" lane="2/2to2/1_0" slope="0.00"/>
        <vehicle id="21" x="377.73" y="198.35" angle="90.00" type="DEFAULT_VEHTYPE" speed="0.00" pos="172.98" lane="1/1to2/1_0" slope="0.00"/>
        <vehicle id="22" x="126.59" y="198.35" angle="90.00" type="DEFAULT_VEHTYPE" speed="12.97" pos="126.59" lane="0/1to1/1_0" slope="0.00"/>
        <vehicle id="23" x="401.65" y="80.89" angle="180.00" type="DEFAULT_VEHTYPE" speed="13.49" pos="80.89" lane="2/0to2/1_0" slope="0.00"/>
        <vehicle id="24" x="482.43" y="401.65" angle="-90.00" type="DEFAULT_VEHTYPE" speed="13.41" pos="112.82" lane="3/2to2/2_0" slope="0.00"/>
        <vehicle id="3" x="525.48" y="198.35" angle="90.00" type="DEFAULT_VEHTYPE" speed="13.24" pos="120.73" lane="2/1to3/1_0" slope="0.00"/>
        <vehicle id="4" x="171.55" y="198.35" angle="90.00" type="DEFAULT_VEHTYPE" speed="12.89" pos="171.55" lane="0/1to1/1_0" slope="0.00"/>
        <vehicle id="5" x="601.65" y="260.16" angle="180.00" type="DEFAULT_VEHTYPE" speed="13.03" pos="55.41" lane="3/1to3/2_0" slope="0.00"/>
        <vehicle id="6" x="398.45" y="198.35" angle="90.00" type="DEFAULT_VEHTYPE" speed="3.88" pos="3.20" lane=":2/1_13_0" slope="0.00"/>
        <vehicle id="7" x="268.68" y="598.35" angle="90.00" type="DEFAULT_VEHTYPE" speed="13.42" pos="63.93" lane="1/3to2/3_0" slope="0.00"/>
        <vehicle id="8" x="442.31" y="198.35" angle="90.00" type="DEFAULT_VEHTYPE" speed="12.61" pos="37.56" lane="2/1to3/1_0" slope="0.00"/>
        <vehicle id="9" x="201.65" y="35.95" angle="180.00" type="DEFAULT_VEHTYPE" speed="13.13" pos="35.95" lane="1/0to1/1_0" slope="0.00"/>
    </timestep>
    <timestep time="727.00">
        <vehicle id="0" x="78.37" y="201.65" angle="-90.00" type="DEFAULT_VEHTYPE" speed="13.51" pos="116.88" lane="1/1to0/1_0" slope="0.00"/>
        <vehicle id="1" x="411.59" y="401.65" angle="-90.00" type="DEFAULT_VEHTYPE" speed="4.20" pos="183.66" lane="3/2to2/2_0" slope="0.00"/>
        <vehicle id="11" x="604.55" y="198.35" angle="90.00" type="DEFAULT_VEHTYPE" speed="9.10" pos="9.30" lane=":3/1_13_0" slope="0.00"/>
        <vehicle id="12" x="596.61" y="401.46" angle="-121.08" type="DEFAULT_VEHTYPE" speed="8.33" pos="1.80" lane=":3/2_18_0" slope="0.00"/>
        <vehicle id="14" x="524.67" y="401.65" angle="-90.00" type="DEFAULT_VEHTYPE" speed="13.56" pos="70.58" lane="3/2to2/2_0" slope="0.00"/>
        <vehicle id="15" x="319.10" y="198.35" angle="90.00" type="DEFAULT_VEHTYPE" speed="13.18" pos="114.35" lane="1/1to2/1_0" slope="0.00"/>
        <vehicle id="16" x="565.12" y="198.35" angle="90.00" type="DEFAULT_VEHTYPE" speed="13.18" pos="160.37" lane="2/1to3/1_0" slope="0.00"/>
        <vehicle id="17" x="198.35" y="11.84" angle="0.00" type="DEFAULT_VEHTYPE" speed="12.72" pos="183.41" lane="1/1to1/0_0" slope="0.00"/>
        <vehicle id="18" x="398.35" y="115.95" angle="0.00" type="DEFAULT_VEHTYPE" speed="12.63" pos="79.30" lane="2/1to2/0_0" slope="0.00"/>
        <vehicle id="19" x="601.65" y="379.26" angle="180.00" type="DEFAULT_VEHTYPE" speed="9.67" pos="174.51" lane="3/1to3/2_0" slope="0.00"/>
        <vehicle id="2" x="389.14" y="198.35" angle="90.00" type="DEFAULT_VEHTYPE" speed="2.82" pos="184.39" lane="1/1to2/1_0" slope="0.00"/>
        <vehicle id="20" x="398.35" y="345.40" angle="0.00" type="DEFAULT_VEHTYPE" speed="13.59" pos="49.85" lane="2/2to2/1_0" slope="0.00"/>
        <vehicle id="21" x="378.52" y="198.35" angle="90.00" type="DEFAULT_VEHTYPE" speed="0.79" pos="173.77" lane="1/1to2/1_0" slope="0.00"/>
        <vehicle id="22" x="140.16" y="198.35" angle="90.00" type="DEFAULT_VEHTYPE" speed="13.57" pos="140.16" lane="0/1to1/1_0" slope="0.00"/>
        <vehicle id="23" x="401.65" y="93.84" angle="180.00" type="DEFAULT_VEHTYPE" speed="12.95" pos="93.84" lane="2/0to2/1_0" slope="0.00"/>
        <vehicle id="24" x="468.95" y="401.65" angle="-90.00" type="DEFAULT_VEHTYPE" speed="13.48" pos="126.30" lane="3/2to2/2_0" slope="0.00"/>
        <vehicle id="3" x="538.23" y="198.35" angle="90.00" type="DEFAULT_VEHTYPE" speed="12.75" pos="133.48" lane="2/1to3/1_0" slope="0.00"/>
        <vehicle id="4" x="180.82" y="198.35" angle="90.00" type="DEFAULT_VEHTYPE" speed="9.26" pos="180.82" lane="0/1to1/1_0" slope="0.00"/>
        <vehicle id="5" x="601.65" y="273.14" angle="180.00" type="DEFAULT_VEHTYPE" speed="12.98" pos="68.39" lane="3/1to3/2_0" slope="0.00"/>
        <vehicle id="6" x="404.82" y="198.35" angle="90.00" type="DEFAULT_VEHTYPE" speed="6.36" pos="0.07" lane="2/1to3/1_0" slope="0.00"/>
        <vehicle id="7" x="281.60" y="598.35" angle="90.00" type="DEFAULT_VEHTYPE" speed="12.93" pos="76.85" lane="1/3to2/3_0" slope="0.00"/>
        <vehicle id="8" x="455.07" y="198.35" angle="90.00" type="DEFAULT_VEHTYPE" speed="12.76" pos="50.32" lane="2/1to3/1_0" slope="0.00"/>
        <vehicle id="9" x="201.65" y="48.72" angle="180.00" type="DEFAULT_VEHTYPE" speed="12.77" pos="48.72" lane="1/0to1/1_0" slope="0.00"/>
    </timestep>
    <timestep time="728.00">
        <vehicle id="0" x="65.43" y="201.65" angle="-90.00" type="DEFAULT_VEHTYPE" speed="12.95" pos="129.82" lane="1/1to0/1_0" slope="0.00"/>
        <vehicle id="1" x="405.13" y="401.65" angle="-90.00" type="DEFAULT_VEHTYPE" speed="6.45" pos="190.12" lane="3/2to2/2_0" slope="0.00"/>
        <vehicle id="11" x="615.99" y="198.35" angle="90.00" type="DEFAULT_VEHTYPE" speed="11.44" pos="11.24" lane="3/1to4/1_0" slope="0.00"/>
        <vehicle id="12" x="585.90" y="401.65" angle="-90.00" type="DEFAULT_VEHTYPE" speed="10.73" pos="9.35" lane="3/2to2/2_0" slope="0.00"/>
        <vehicle id="14" x="511.54" y="401.65" angle="-90.00" type="DEFAULT_VEHTYPE" speed="13.13" pos="83.71" lane="3/2to2/2_0" slope="0.00"/>
        <vehicle id="15" x="332.89" y="198.35" angle="90.00" type="DEFAULT_VEHTYPE" speed="13.79" pos="128.14" lane="1/1to2/1_0" slope="0.00"/>
        <vehicle id="16" x="576.49" y="198.35" angle="90.00" type="DEFAULT_VEHTYPE" speed="11.37" pos="171.74" lane="2/1to3/1_0" slope="0.00"/>
        <vehicle id="17" x="199.43" y="-1.37" angle="13.27" type="DEFAULT_VEHTYPE" speed="13.62" pos="1.78" lane=":1/0_0_0" slope="0.00"/>
        <vehicle id="18" x="398.35" y="102.60" angle="0.00" type="DEFAULT_VEHTYPE" speed="13.35" pos="92.65" lane="2/1to2/0_0" slope="0.00"/>
        <vehicle id="19" x="601.65" y="386.32" angle="180.00" type="DEFAULT_VEHTYPE" speed="7.06" pos="181.57" lane="3/1to3/2_0" slope="0.00"/>
        <vehicle id="2" x="393.81" y="198.35" angle="90.00" type="DEFAULT_VEHTYPE" speed="4.66" pos="189.06" lane="1/1to2/1_0" slope="0.00"/>
        <vehicle id="20" x="398.35" y="332.70" angle="0.00" type="DEFAULT_VEHTYPE" speed="12.70" pos="62.55" lane="2/2to2/1_0" slope="0.00"/>
        <vehicle id="21" x="380.46" y="198.35" angle="90.00" type="DEFAULT_VEHTYPE" speed="1.94" pos="175.71" lane="1/1to2/1_0" slope="0.00"/>
        <vehicle id="22" x="153.29" y="198.35" angle="90.00" type="DEFAULT_VEHTYPE" speed="13.13" pos="153.29" lane="0/1to1/1_0" slope="0.00"/>
        <vehicle id="23" x="401.65" y="107.71" angle="180.00" type="DEFAULT_VEHTYPE" speed="13.87" pos="107.71" lane="2/0to2/1_0" slope="0.00"/>
        <vehicle id="24" x="455.49" y="401.65" angle="-90.00" type="DEFAULT_VEHTYPE" speed="13.46" pos="139.76" lane="3/2to2/2_0" slope="0.00"/>
        <vehicle id="3" x="551.82" y="198.35" angle="90.00" type="DEFAULT_VEHTYPE" speed="13.58" pos="147.07" lane="2/1to3/1_0" slope="0.00"/>
        <vehicle id="4" x="187.18" y="198.35" angle="90.00" type="DEFAULT_VEHTYPE" speed="6.37" pos="187.18" lane="0/1to1/1_0" slope="0.00"/>
        <vehicle id="5" x="601.65" y="286.34" angle="180.00" type="DEFAULT_VEHTYPE" speed="13.20" pos="81.59" lane="3/1to3/2_0" slope="0.00"/>
        <vehicle id="6" x="413.34" y="198.35" angle="90.00" type="DEFAULT_VEHTYPE" speed="8.52" pos="8.59" lane="2/1to3/1_0" slope="0.00"/>
        <vehicle id="7" x="294.42" y="598.35" angle="90.00" type="DEFAULT_VEHTYPE" speed="12.82" pos="89.67" lane="1/3to2/3_0" slope="0.00"/>
        <vehicle id="8" x="467.91" y="198.35" angle="90.00" type="DEFAULT_VEHTYPE" speed="12.84" pos="63.16" lane="2/1to3/1_0" slope="0.00"/>
        <vehicle id="9" x="201.65" y="61.37" angle="180.00" type="DEFAULT_VEHTYPE" speed="12.65" pos="61.37" lane="1/0to1/1_0" slope="0.00"/>
    </timestep>
    <timestep time="729.00">
        <vehicle id="0" x="52.15" y="201.65" angle="-90.00" type="DEFAULT_VEHTYPE" speed="13.27" pos="143.10" lane="1/1to0/1_0" slope="0.00"/>
        <vehicle id="1" x="398.66" y="397.39" angle="-39.27" type="DEFAULT_VEHTYPE" speed="8.54" pos="8.15" lane=":2/2_6_0" slope="0.00"/>
        <vehicle id="11" x="628.83" y="198.35" angle="90.00" type="DEFAULT_VEHTYPE" speed="12.84" pos="24.08" lane="3/1to4/1_0" slope="0.00"/>
        <vehicle id="12" x="573.38" y="401.65" angle="-90.00" type="DEFAULT_VEHTYPE" speed="12.52" pos="21.87" lane="3/2to2/2_0" slope="0.00"/>
        <vehicle id="14" x="498.02" y="401.65" angle="-90.00" type="DEFAULT_VEHTYPE" speed="13.51" pos="97.23" lane="3/2to2/2_0" slope="0.00"/>
        <vehicle id="15" x="346.61" y="198.35" angle="90.00" type="DEFAULT_VEHTYPE" speed="13.72" pos="141.86" lane="1/1to2/1_0" slope="0.00"/>
        <vehicle id="16" x="584.27" y="198.35" angle="90.00" type="DEFAULT_VEHTYPE" speed="7.78" pos="179.52" lane="2/1to3/1_0" slope="0.00"/>
        <vehicle id="17" x="201.65" y="10.17" angle="180.00" type="DEFAULT_VEHTYPE" speed="13.21" pos="10.17" lane="1/0to1/1_0" slope="0.00"/>
        <vehicle id="18" x="398.35" y="89.35" angle="0.00" type="DEFAULT_VEHTYPE" speed="13.24" pos="105.90" lane="2/1to2/0_0" slope="0.00"/>
        <vehicle id="19" x="601.65" y="389.39" angle="180.00" type="DEFAULT_VEHTYPE" speed="3.07" pos="184.64" lane="3/1to3/2_0" slope="0.00"/>
        <vehicle id="2" x="400.38" y="198.35" angle="90.00" type="DEFAULT_VEHTYPE" speed="6.57" pos="5.13" lane=":2/1_13_0" slope="0.00"/>
        <vehicle id="20" x="398.35" y="319.27" angle="0.00" type="DEFAULT_VEHTYPE" speed="13.44" pos="75.98" lane="2/2to2/1_0" slope="0.00"/>
        <vehicle id="21" x="384.82" y="198.35" angle="90.00" type="DEFAULT_VEHTYPE" speed="4.36" pos="180.07" lane="1/1to2/1_0" slope="0.00"/>
        <vehicle id="22" x="166.73" y="198.35" angle="90.00" type="DEFAULT_VEHTYPE" speed="13.44" pos="166.73" lane="0/1to1/1_0" slope="0.00"/>
        <vehicle id="23" x="401.65" y="121.37" angle="180.00" type="DEFAULT_VEHTYPE" speed="13.66" pos="121.37" lane="2/0to2/1_0" slope="0.00"/>
        <vehicle id="24" x="442.27" y="401.65" angle="-90.00" type="DEFAULT_VEHTYPE" speed="13.22" pos="152.98" lane="3/2to2/2_0" slope="0.00"/>
        <vehicle id="3" x="564.76" y="198.35" angle="90.00" type="DEFAULT_VEHTYPE" speed="12.94" pos="160.01" lane="2/1to3/1_0" slope="0.00"/>
        <vehicle id="4" x="190.19" y="198.35" angle="90.00" type="DEFAULT_VEHTYPE" speed="3.00" pos="190.19" lane="0/1to1/1_0" slope="0.00"/>
        <vehicle id="5" x="601.65" y="299.97" angle="180.00" type="DEFAULT_VEHTYPE" speed="13.63" pos="95.22" lane="3/1to3/2_0" slope="0.00"/>
        <vehicle id="6" x="423.46" y="198.35" angle="90.00" type="DEFAULT_VEHTYPE" speed="10.12" pos="18.71" lane="2/1to3/1_0" slope="0.00"/>
        <vehicle id="7" x="307.45" y="598.35" angle="90.00" type="DEFAULT_VEHTYPE" speed="13.03" pos="102.70" lane="1/3to2/3_0" slope="0.00"/>
        <vehicle id="8" x="480.70" y="198.35" angle="90.00" type="DEFAULT_VEHTYPE" speed="12.79" pos="75.95" lane="2/1to3/1_0" slope="0.00"/>
        <vehicle id="9" x="201.65" y="74.78" angle="180.00" type="DEFAULT_VEHTYPE" speed="13.41" pos="74.78" lane="1/0to1/1_0" slope="0.00"/>
    </timestep>
    <timestep time="730.00">
        <vehicle id="0" x="39.31" y="201.65" angle="-90.00" type="DEFAULT_VEHTYPE" speed="12.84" pos="155.94" lane="1/1to0/1_0" slope="0.00"/>
        <vehicle id="1" x="398.35" y="386.64" angle="0.00" type="DEFAULT_VEHTYPE" speed="10.78" pos="8.61" lane="2/2to2/1_0" slope="0.00"/>
        <vehicle id="11" x="641.48" y="198.35" angle="90.00" type="DEFAULT_VEHTYPE" speed="12.65" pos="36.73" lane="3/1to4/1_0" slope="0.00"/>
        <vehicle id="12" x="559.58" y="401.65" angle="-90.00" type="DEFAULT_VEHTYPE" speed="13.80" pos="35.67" lane="3/2to2/2_0" slope="0.00"/>
        <vehicle id="14" x="484.53" y="401.65" angle="-90.00" type="DEFAULT_VEHTYPE" speed="13.49" pos="110.72" lane="3/2to2/2_0" slope="0.00"/>
        <vehicle id="15" x="359.02" y="198.35" angle="90.00" type="DEFAULT_VEHTYPE" speed="12.42" pos="154.27" lane="1/1to2/1_0" slope="0.00"/>
        <vehicle id="16" x="588.78" y="198.35" angle="90.00" type="DEFAULT_VEHTYPE" speed="4.51" pos="184.03" lane="2/1to3/1_0" slope="0.00"/>
        <vehicle id="17" x="201.65" y="23.83" angle="180.00" type="DEFAULT_VEHTYPE" speed="13.66" pos="23.83" lane="1/0to1/1_0" slope="0.00"/>
        <vehicle id="18" x="398.35" y="76.34" angle="0.00" type="DEFAULT_VEHTYPE" speed="13.02" pos="118.91" lane="2/1to2/0_0" slope="0.00"/>
        <vehicle id="19" x="601.65" y="393.92" angle="180.00" type="DEFAULT_VEHTYPE" speed="4.53" pos="189.17" lane="3/1to3/2_0" slope="0.00"/>
        <vehicle id="2" x="408.54" y="198.35" angle="90.00" type="DEFAULT_VEHTYPE" speed="8.16" pos="3.79" lane="2/1to3/1_0" slope="0.00"/>
        <vehicle id="20" x="398.35" y="305.76" angle="0.00" type="DEFAULT_VEHTYPE" speed="13.50" pos="89.49" lane="2/2to2/1_0" slope="0.00"/>
        <vehicle id="21" x="389.02" y="198.35" angle="90.00" type="DEFAULT_VEHTYPE" speed="4.20" pos="184.27" lane="1/1to2/1_0" slope="0.00"/>
        <vehicle id="22" x="175.67" y="198.35" angle="90.00" type="DEFAULT_VEHTYPE" speed="8.94" pos="175.67" lane="0/1to1/1_0" slope="0.00"/>
        <vehicle id="23" x="401.65" y="134.35" angle="180.00" type="DEFAULT_VEHTYPE" speed="12.98" pos="134.35" lane="2/0to2/1_0" slope="0.00"/>
        <vehicle id="24" x="429.07" y="401.65" angle="-90.00" type="DEFAULT_VEHTYPE" speed="13.20" pos="166.18" lane="3/2to2/2_0" slope="0.00"/>
        <vehicle id="3" x="573.86" y="198.35" angle="90.00" type="DEFAULT_VEHTYPE" speed="9.10" pos="169.11" lane="2/1to3/1_0" slope="0.00"/>
        <vehicle id="4" x="195.47" y="198.32" angle="89.65" type="DEFAULT_VEHTYPE" speed="5.29" pos="0.22" lane=":1/1_12_0" slope="0.00"/>
        <vehicle id="5" x="601.65" y="313.60" angle="180.00" type="DEFAULT_VEHTYPE" speed="13.63" pos="108.85" lane="3/1to3/2_0" slope="0.00"/>
        <vehicle id="6" x="435.31" y="198.35" angle="90.00" type="DEFAULT_VEHTYPE" speed="11.85" pos="30.56" lane="2/1to3/1_0" slope="0.00"/>
        <vehicle id="7" x="320.43" y="598.35" angle="90.00" type="DEFAULT_VEHTYPE" speed="12.99" pos="115.68" lane="1/3to2/3_0" slope="0.00"/>
        <vehicle id="8" x="493.92" y="198.35" angle="90.00" type="DEFAULT_VEHTYPE" speed="13.22" pos="89.17" lane="2/1to3/1_0" slope="0.00"/>
        <vehicle id="9" x="201.65" y="87.79" angle="180.00" type="DEFAULT_VEHTYPE" speed="13.01" pos="87.79" lane="1/0to1/1_0" slope="0.00"/>
    </timestep>
    <timestep time="731.00">
        <vehicle id="0" x="26.02" y="201.65" angle="-90.00" type="DEFAULT_VEHTYPE" speed="13.29" pos="169.23" lane="1/1to0/1_0" slope="0.00"/>
        <vehicle id="1" x="398.35" y="373.42" angle="0.00" type="DEFAULT_VEHTYPE" speed="13.21" pos="21.83" lane="2/2to2/1_0" slope="0.00"/>
        <vehicle id="11" x="655.14" y="198.35" angle="90.00" type="DEFAULT_VEHTYPE" speed="13.66" pos="50.39" lane="3/1to4/1_0" slope="0.00"/>
        <vehicle id="12" x="546.79" y="401.65" angle="-90.00" type="DEFAULT_VEHTYPE" speed="12.79" pos="48.46" lane="3/2to2/2_0" slope="0.00"/>
        <vehicle id="14" x="471.70" y="401.65" angle="-90.00" type="DEFAULT_VEHTYPE" speed="12.83" pos="123.55" lane="3/2to2/2_0" slope="0.00"/>
        <vehicle id="15" x="369.34" y="198.35" angle="90.00" type="DEFAULT_VEHTYPE" speed="10.32" pos="164.59" lane="1/1to2/1_0" slope="0.00"/>
        <vehicle id="16" x="594.60" y="198.35" angle="90.00" type="DEFAULT_VEHTYPE" speed="5.82" pos="189.85" lane="2/1to3/1_0" slope="0.00"/>
        <vehicle id="17" x="201.65" y="37.01" angle="180.00" type="DEFAULT_VEHTYPE" speed="13.18" pos="37.01" lane="1/0to1/1_0" slope="0.00"/>
        <vehicle id="18" x="398.35" y="62.59" angle="0.00" type="DEFAULT_VEHTYPE" speed="13.75" pos="132.66" lane="2/1to2/0_0" slope="0.00"/>
        <vehicle id="19" x="600.29" y="399.66" angle="-163.85" type="DEFAULT_VEHTYPE" speed="6.03" pos="4.70" lane=":3/2_10_0" slope="0.00"/>
        <vehicle id="2" x="418.27" y="198.35" angle="90.00" type="DEFAULT_VEHTYPE" speed="9.73" pos="13.52" lane="2/1to3/1_0" slope="0.00"/>
        <vehicle id="20" x="398.35" y="293.15" angle="0.00" type="DEFAULT_VEHTYPE" speed="12.61" pos="102.10" lane="2/2to2/1_0" slope="0.00"/>
        <vehicle id="21" x="395.58" y="198.35" angle="90.00" type="DEFAULT_VEHTYPE" speed="6.56" pos="0.33" lane=":2/1_13_0" slope="0.00"/>
        <vehicle id="22" x="183.10" y="198.35" angle="90.00" type="DEFAULT_VEHTYPE" speed="7.43" pos="183.10" lane="0/1to1/1_0" slope="0.00"/>
        <vehicle id="23" x="401.65" y="148.05" angle="180.00" type="DEFAULT_VEHTYPE" speed="13.70" pos="148.05" lane="2/0to2/1_0" slope="0.00"/>
        <vehicle id="24" x="418.93" y="401.65" angle="-90.00" type="DEFAULT_VEHTYPE" speed="10.13" pos="176.32" lane="3/2to2/2_0" slope="0.00"/>
        <vehicle id="3" x="579.10" y="198.35" angle="90.00" type="DEFAULT_VEHTYPE" speed="5.24" pos="174.35" lane="2/1to3/1_0" slope="0.00"/>
        <vehicle id="4" x="198.35" y="193.32" angle="15.51" type="DEFAULT_VEHTYPE" speed="6.71" pos="1.93" lane="1/1to1/0_0" slope="0.00"/>
        <vehicle id="5" x="601.65" y="327.04" angle="180.00" type="DEFAULT_VEHTYPE" speed="13.44" pos="122.29" lane="3/1to3/2_0" slope="0.00"/>
        <vehicle id="6" x="448.64" y="198.35" angle="90.00" type="DEFAULT_VEHTYPE" speed="13.33" pos="43.89" lane="2/1to3/1_0" slope="0.00"/>
        <vehicle id="7" x="333.83" y="598.35" angle="90.00" type="DEFAULT_VEHTYPE" speed="13.39" pos="129.08" lane="1/3to2/3_0" slope="0.00"/>
        <vehicle id="8" x="507.08" y="198.35" angle="90.00" type="DEFAULT_VEHTYPE" speed="13.15" pos="102.33" lane="2/1to3/1_0" slope="0.00"/>
        <vehicle id="9" x="201.65" y="101.55" angle="180.00" type="DEFAULT_VEHTYPE" speed="13.76" pos="101.55" lane="1/0to1/1_0" slope="0.00"/>
    </timestep>
    <timestep time="732.00">
        <vehicle id="0" x="12.16" y="201.65" angle="-90.00" type="DEFAULT_VEHTYPE" speed="13.87" pos="183.09" lane="1/1to0/1_0" slope="0.00"/>
        <vehicle id="1" x="398.35" y="359.92" angle="0.00" type="DEFAULT_VEHTYPE" speed="13.50" pos="35.33" lane="2/2to2/1_0" slope="0.00"/>
        <vehicle id="11" x="667.94" y="198.35" angle="90.00" type="DEFAULT_VEHTYPE" speed="12.80" pos="63.19" lane="3/1to4/1_0" slope="0.00"/>
        <vehicle id="12" x="533.61" y="401.65" angle="-90.00" type="DEFAULT_VEHTYPE" speed="13.17" pos="61.64" lane="3/2to2/2_0" slope="0.00"/>
        <vehicle id="14" x="458.91" y="401.65" angle="-90.00" type="DEFAULT_VEHTYPE" speed="12.79" pos="136.34" lane="3/2to2/2_0" slope="0.00"/>
        <vehicle id="15" x="379.81" y="198.35" angle="90.00" type="DEFAULT_VEHTYPE" speed="10.47" pos="175.06" lane="1/1to2/1_0" slope="0.00"/>
        <vehicle id="16" x="601.16" y="201.79" angle="130.73" type="DEFAULT_VEHTYPE" speed="7.96" pos="7.31" lane=":3/1_14_0" slope="0.00"/>
        <vehicle id="17" x="201.65" y="50.18" angle="180.00" type="DEFAULT_VEHTYPE" speed="13.18" pos="50.18" lane="1/0to1/1_0" slope="0.00"/>
        <vehicle id="18" x="398.35" y="49.96" angle="0.00" type="DEFAULT_VEHTYPE" speed="12.63" pos="145.29" lane="2/1to2/0_0" slope="0.00"/>
        <vehicle id="19" x="592.89" y="401.65" angle="-94.28" type="DEFAULT_VEHTYPE" speed="7.99" pos="2.36" lane="3/2to2/2_0" slope="0.00"/>
        <vehicle id="2" x="430.03" y="198.35" angle="90.00" type="DEFAULT_VEHTYPE" speed="11.77" pos="25.28" lane="2/1to3/1_0" slope="0.00"/>
        <vehicle id="20" x="398.35" y="280.02" angle="0.00" type="DEFAULT_VEHTYPE" speed="13.12" pos="115.23" lane="2/2to2/1_0" slope="0.00"/>
        <vehicle id="21" x="404.21" y="198.35" angle="90.00" type="DEFAULT_VEHTYPE" speed="8.63" pos="8.96" lane=":2/1_13_0" slope="0.00"/>
        <vehicle id="22" x="188.55" y="198.35" angle="90.00" type="DEFAULT_VEHTYPE" speed="5.45" pos="188.55" lane="0/1to1/1_0" slope="0.00"/>
        <vehicle id="23" x="401.65" y="161.72" angle="180.00" type="DEFAULT_VEHTYPE" speed="13.67" pos="161.72" lane="2/0to2/1_0" slope="0.00"/>
        <vehicle id="24" x="413.22" y="401.65" angle="-90.00" type="DEFAULT_VEHTYPE" speed="5.71" pos="182.03" lane="3/2to2/2_0" slope="0.00"/>
        <vehicle id="3" x="585.60" y="198.35" angle="90.00" type="DEFAULT_VEHTYPE" speed="6.51" pos="180.85" lane="2/1to3/1_0" slope="0.00"/>
        <vehicle id="4" x="198.35" y="185.07" angle="0.00" type="DEFAULT_VEHTYPE" speed="8.24" pos="10.18" lane="1/1to1/0_0" slope="0.00"/>
        <vehicle id="5" x="601.65" y="340.45" angle="180.00" type="DEFAULT_VEHTYPE" speed="13.40" pos="135.70" lane="3/1to3/2_0" slope="0.00"/>
        <vehicle id="6" x="461.40" y="198.35" angle="90.00" type="DEFAULT_VEHTYPE" speed="12.76" pos="56.65" lane="2/1to3/1_0" slope="0.00"/>
        <vehicle id="7" x="347.57" y="598.35" angle="90.00" type="DEFAULT_VEHTYPE" speed="13.74" pos="142.82" lane="1/3to2/3_0" slope="0.00"/>
        <vehicle id="8" x="520.68" y="198.35" angle="90.00" type="DEFAULT_VEHTYPE" speed="13.61" pos="115.93" lane="2/1to3/1_0" slope="0.00"/>
        <vehicle id="9" x="201.65" y="114.32" angle="180.00" type="DEFAULT_VEHTYPE" speed="12.77" pos="114.32" lane="1/0to1/1_0" slope="0.00"/>
    </timestep>
    <timestep time="733.00">
        <vehicle id="0" x="-0.70" y="201.19" angle="-84.60" type="DEFAULT_VEHTYPE" speed="12.99" pos="0.83" lane=":0/1_0_0" slope="0.00"/>
        <vehicle id="1" x="398.35" y="347.31" angle="0.00" type="DEFAULT_VEHTYPE" speed="12.61" pos="47.94" lane="2/2to2/1_0" slope="0.00"/>
        <vehicle id="11" x="680.63" y="198.35" angle="90.00" type="DEFAULT_VEHTYPE" speed="12.69" pos="75.88" lane="3/1to4/1_0" slope="0.00"/>
        <vehicle id="12" x="520.24" y="401.65" angle="-90.00" type="DEFAULT_VEHTYPE" speed="13.37" pos="75.01" lane="3/2to2/2_0" slope="0.00"/>
        <vehicle id="14" x="445.37" y="401.65" angle="-90.00" type="DEFAULT_VEHTYPE" speed="13.54" pos="149.88" lane="3/2to2/2_0" slope="0.00"/>
        <vehicle id="15" x="386.32" y="198.35" angle="90.00" type="DEFAULT_VEHTYPE" speed="6.51" pos="181.57" lane="1/1to2/1_0" slope="0.00"/>
        <vehicle id="16" x="601.65" y="211.32" angle="180.00" type="DEFAULT_VEHTYPE" speed="9.58" pos="6.57" lane="3/1to3/2_0" slope="0.00"/>
        <vehicle id="17" x="201.65" y="62.81" angle="180.00" type="DEFAULT_VEHTYPE" speed="12.63" pos="62.81" lane="1/0to1/1_0" slope="0.00"/>
        <vehicle id="18" x="398.35" y="36.24" angle="0.00" type="DEFAULT_VEHTYPE" speed="13.72" pos="159.01" lane="2/1to2/0_0" slope="0.00"/>
        <vehicle id="19" x="582.70" y="401.65" angle="-90.00" type="DEFAULT_VEHTYPE" speed="10.18" pos="12.55" lane="3/2to2/2_0" slope="0.00"/>
        <vehicle id="2" x="443.30" y="198.35" angle="90.00" type="DEFAULT_VEHTYPE" speed="13.27" pos="38.55" lane="2/1to3/1_0" slope="0.00"/>
        <vehicle id="20" x="398.35" y="266.24" angle="0.00" type="DEFAULT_VEHTYPE" speed="13.79" pos="129.01" lane="2/2to2/1_0" slope="0.00"/>
        <vehicle id="21" x="414.55" y="198.35" angle="90.00" type="DEFAULT_VEHTYPE" speed="10.34" pos="9.80" lane="2/1to3/1_0" slope="0.00"/>
        <vehicle id="22" x="195.55" y="198.31" angle="89.52" type="DEFAULT_VEHTYPE" speed="7.00" pos="0.30" lane=":1/1_12_0" slope="0.00"/>
        <vehicle id="23" x="401.65" y="174.61" angle="180.00" type="DEFAULT_VEHTYPE" speed="12.89" pos="174.61" lane="2/0to2/1_0" slope="0.00"/>
        <vehicle id="24" x="409.48" y="401.65" angle="-90.00" type="DEFAULT_VEHTYPE" speed="3.75" pos="185.77" lane="3/2to2/2_0" slope="0.00"/>
        <vehicle id="3" x="589.58" y="198.35" angle="90.00" type="DEFAULT_VEHTYPE" speed="3.98" pos="184.83" lane="2/1to3/1_0" slope="0.00"/>
        <vehicle id="4" x="198.35" y="175.15" angle="0.00" type="DEFAULT_VEHTYPE" speed="9.93" pos="20.10" lane="1/1to1/0_0" slope="0.00"/>
        <vehicle id="5" x="601.65" y="354.22" angle="180.00" type="DEFAULT_VEHTYPE" speed="13.77" pos="149.47" lane="3/1to3/2_0" slope="0.00"/>
        <vehicle id="6" x="475.23" y="198.35" angle="90.00" type="DEFAULT_VEHTYPE" speed="13.83" pos="70.48" lane="2/1to3/1_0" slope="0.00"/>
        <vehicle id="7" x="360.62" y="598.35" angle="90.00" type="DEFAULT_VEHTYPE" speed="13.05" pos="155.87" lane="1/3to2/3_0" slope="0.00"/>
        <vehicle id="8" x="533.74" y="198.35" angle="90.00" type="DEFAULT_VEHTYPE" speed="13.06" pos="128.99" lane="2/1to3/1_0" slope="0.00"/>
        <vehicle id="9" x="201.65" y="127.81" angle="180.00" type="DEFAULT_VEHTYPE" speed="13.49" pos="127.81" lane="1/0to1/1_0" slope="0.00"/>
    </timestep>
    <timestep time="734.00">
        <vehicle id="0" x="9.68" y="198.35" angle="90.00" type="DEFAULT_VEHTYPE" speed="13.67" pos="9.68" lane="0/1to1/1_0" slope="0.00"/>
        <vehicle id="1" x="398.35" y="334.46" angle="0.00" type="DEFAULT_VEHTYPE" speed="12.85" pos="60.79" lane="2/2to2/1_0" slope="0.00"/>
        <vehicle id="11" x="693.33" y="198.35" angle="90.00" type="DEFAULT_VEHTYPE" speed="12.69" pos="88.58" lane="3/1to4/1_0" slope="0.00"/>
        <vehicle id="12" x="506.77" y="401.65" angle="-90.00" type="DEFAULT_VEHTYPE" speed="13.47" pos="88.48" lane="3/2to2/2_0" slope="0.00"/>
        <vehicle id="14" x="433.85" y="401.65" angle="-90.00" type="DEFAULT_VEHTYPE" speed="11.53" pos="161.40" lane="3/2to2/2_0" slope="0.00"/>
        <vehicle id="15" x="390.45" y="198.35" angle="90.00" type="DEFAULT_VEHTYPE" speed="4.13" pos="185.70" lane="1/1to2/1_0" slope="0.00"/>
        <vehicle id="16" x="601.65" y="222.84" angle="180.00" type="DEFAULT_VEHTYPE" speed="11.52" pos="18.09" lane="3/1to3/2_0" slope="0.00"/>
        <vehicle id="17" x="201.65" y="76.13" angle="180.00" type="DEFAULT_VEHTYPE" speed="13.32" pos="76.13" lane="1/0to1/1_0" slope="0.00"/>
        <vehicle id="18" x="398.35" y="22.86" angle="0.00" type="DEFAULT_VEHTYPE" speed="13.39" pos="172.39" lane="2/1to2/0_0" slope="0.00"/>
        <vehicle id="19" x="571.09" y="401.65" angle="-90.00" type="DEFAULT_VEHTYPE" speed="11.62" pos="24.16" lane="3/2to2/2_0" slope="0.00"/>
        <vehicle id="2" x="456.54" y="198.35" angle="90.00" type="DEFAULT_VEHTYPE" speed="13.24" pos="51.79" lane="2/1to3/1_0" slope="0.00"/>
        <vehicle id="20" x="398.35" y="253.44" angle="0.00" type="DEFAULT_VEHTYPE" speed="12.80" pos="141.81" lane="2/2to2/1_0" slope="0.00"/>
        <vehicle id="21" x="427.08" y="198.35" angle="90.00" type="DEFAULT_VEHTYPE" speed="12.54" pos="22.33" lane="2/1to3/1_0" slope="0.00"/>
        <vehicle id="22" x="198.35" y="191.49" angle="1.97" type="DEFAULT_VEHTYPE" speed="8.46" pos="3.76" lane="1/1to1/0_0" slope="0.00"/>
        <vehicle id="23" x="401.65" y="188.22" angle="180.00" type="DEFAULT_VEHTYPE" speed="13.62" pos="188.22" lane="2/0to2/1_0" slope="0.00"/>
        <vehicle id="24" x="403.67" y="401.65" angle="-90.00" type="DEFAULT_VEHTYPE" speed="5.80" pos="1.08" lane=":2/2_5_0" slope="0.00"/>
        <vehicle id="3" x="595.69" y="198.41" angle="90.72" type="DEFAULT_VEHTYPE" speed="6.11" pos="0.44" lane=":3/1_14_0" slope="0.00"/>
        <vehicle id="4" x="198.35" y="163.70" angle="0.00" type="DEFAULT_VEHTYPE" speed="11.45" pos="31.55" lane="1/1to1/0_0" slope="0.00"/>
        <vehicle id="5" x="601.65" y="367.59" angle="180.00" type="DEFAULT_VEHTYPE" speed="13.37" pos="162.84" lane="3/1to3/2_0" slope="0.00"/>
        <vehicle id="6" x="487.97" y="198.35" angle="90.00" type="DEFAULT_VEHTYPE" speed="12.74" pos="83.22" lane="2/1to3/1_0" slope="0.00"/>
        <vehicle id="7" x="373.13" y="598.35" angle="90.00" type="DEFAULT_VEHTYPE" speed="12.51" pos="168.38" lane="1/3to2/3_0" slope="0.00"/>
        <vehicle id="8" x="546.62" y="198.35" angle="90.00" type="DEFAULT_VEHTYPE" speed="12.88" pos="141.87" lane="2/1to3/1_0" slope="0.00"/>
        <vehicle id="9" x="201.65" y="140.85" angle="180.00" type="DEFAULT_VEHTYPE" speed="13.04" pos="140.85" lane="1/0to1/1_0" slope="0.00"/>
    </timestep>
    <timestep time="735.00">
        <vehicle id="0" x="23.10" y="198.35" angle="90.00" type="DEFAULT_VEHTYPE" speed="13.43" pos="23.10" lane="0/1to1/1_0" slope="0.00"/>
        <vehicle id="1" x="398.35" y="320.68" angle="0.00" type="DEFAULT_VEHTYPE" speed="13.78" pos="74.57" lane="2/2to2/1_0" slope="0.00"/>
        <vehicle id="11" x="706.59" y="198.35" angle="90.00" type="DEFAULT_VEHTYPE" speed="13.26" pos="101.84" lane="3/1to4/1_0" slope="0.00"/>
        <vehicle id="12" x="492.93" y="401.65" angle="-90.00" type="DEFAULT_VEHTYPE" speed="13.84" pos="102.32" lane="3/2to2/2_0" slope="0.00"/>
        <vehicle id="14" x="422.44" y="401.65" angle="-90.00" type="DEFAULT_VEHTYPE" speed="11.41" pos="172.81" lane="3/2to2/2_0" slope="0.00"/>
        <vehicle id="15" x="391.78" y="198.35" angle="90.00" type="DEFAULT_VEHTYPE" speed="1.33" pos="187.03" lane="1/1to2/1_0" slope="0.00"/>
        <vehicle id="16" x="601.65" y="236.14" angle="180.00" type="DEFAULT_VEHTYPE" speed="13.30" pos="31.39" lane="3/1to3/2_0" slope="0.00"/>
        <vehicle id="17" x="201.65" y="89.89" angle="180.00" type="DEFAULT_VEHTYPE" speed="13.76" pos="89.89" lane="1/0to1/1_0" slope="0.00"/>
        <vehicle id="18" x="398.35" y="8.97" angle="0.00" type="DEFAULT_VEHTYPE" speed="13.88" pos="186.28" lane="2/1to2/0_0" slope="0.00"/>
        <vehicle id="19" x="557.70" y="401.65" angle="-90.00" type="DEFAULT_VEHTYPE" speed="13.39" pos="37.55" lane="3/2to2/2_0" slope="0.00"/>
        <vehicle id="2" x="469.38" y="198.35" angle="90.00" type="DEFAULT_VEHTYPE" speed="12.84" pos="64.63" lane="2/1to3/1_0" slope="0.00"/>
        <vehicle id="20" x="398.35" y="240.55" angle="0.00" type="DEFAULT_VEHTYPE" speed="12.89" pos="154.70" lane="2/2to2/1_0" slope="0.00"/>
        <vehicle id="21" x="440.52" y="198.35" angle="90.00" type="DEFAULT_VEHTYPE" speed="13.43" pos="35.77" lane="2/1to3/1_0" slope="0.00"/>
        <vehicle id="22" x="198.35" y="181.51" angle="0.00" type="DEFAULT_VEHTYPE" speed="9.98" pos="13.74" lane="1/1to1/0_0" slope="0.00"/>
        <vehicle id="23" x="406.57" y="198.35" angle="106.77" type="DEFAULT_VEHTYPE" speed="13.85" pos="1.82" lane="2/1to3/1_0" slope="0.00"/>
        <vehicle id="24" x="395.95" y="401.65" angle="-90.00" type="DEFAULT_VEHTYPE" speed="7.73" pos="8.80" lane=":2/2_5_0" slope="0.00"/>
        <vehicle id="3" x="601.46" y="203.39" angle="148.89" type="DEFAULT_VEHTYPE" speed="8.50" pos="8.94" lane=":3/1_14_0" slope="0.00"/>
        <vehicle id="4" x="198.35" y="150.26" angle="0.00" type="DEFAULT_VEHTYPE" speed="13.43" pos="44.99" lane="1/1to1/0_0" slope="0.00"/>
        <vehicle id="5" x="601.65" y="378.76" angle="180.00" type="DEFAULT_VEHTYPE" speed="11.17" pos="174.01" lane="3/1to3/2_0" slope="0.00"/>
        <vehicle id="6" x="501.36" y="198.35" angle="90.00" type="DEFAULT_VEHTYPE" speed="13.39" pos="96.61" lane="2/1to3/1_0" slope="0.00"/>
        <vehicle id="7" x="382.62" y="598.35" angle="90.00" type="DEFAULT_VEHTYPE" speed="9.49" pos="177.87" lane="1/3to2/3_0" slope="0.00"/>
        <vehicle id="8" x="560.47" y="198.35" angle="90.00" type="DEFAULT_VEHTYPE" speed="13.84" pos="155.72" lane="2/1to3/1_0" slope="0.00"/>
        <vehicle id="9" x="201.65" y="153.91" angle="180.00" type="DEFAULT_VEHTYPE" speed="13.07" pos="153.91" lane="1/0to1/1_0" slope="0.00"/>
    </timestep>
    <timestep time="736.00">
        <vehicle id="0" x="36.99" y="198.35" angle="90.00" type="DEFAULT_VEHTYPE" speed="13.89" pos="36.99" lane="0/1to1/1_0" slope="0.00"/>
        <vehicle id="1" x="398.35" y="306.98" angle="0.00" type="DEFAULT_VEHTYPE" speed="13.70" pos="88.27" lane="2/2to2/1_0" slope="0.00"/>
        <vehicle id="11" x="720.16" y="198.35" angle="90.00" type="DEFAULT_VEHTYPE" speed="13.57" pos="115.41" lane="3/1to4/1_0" slope="0.00"/>
        <vehicle id="12" x="479.73" y="401.65" angle="-90.00" type="DEFAULT_VEHTYPE" speed="13.20" pos="115.52" lane="3/2to2/2_0" slope="0.00"/>
        <vehicle id="14" x="414.92" y="401.65" angle="-90.00" type="DEFAULT_VEHTYPE" speed="7.52" pos="180.33" lane="3/2to2/2_0" slope="0.00"/>
        <vehicle id="15" x="392.51" y="198.35" angle="90.00" type="DEFAULT_VEHTYPE" speed="0.73" pos="187.76" lane="1/1to2/1_0" slope="0.00"/>
        <vehicle id="16" x="601.65" y="249.92" angle="180.00" type="DEFAULT_VEHTYPE" speed="13.78" pos="45.17" lane="3/1to3/2_0" slope="0.00"/>
        <vehicle id="17" x="201.65" y="102.81" angle="180.00" type="DEFAULT_VEHTYPE" speed="12.92" pos="102.81" lane="1/0to1/1_0" slope="0.00"/>
        <vehicle id="18" x="401.57" y="-0.13" angle="81.87" type="DEFAULT_VEHTYPE" speed="13.64" pos="4.67" lane=":2/0_0_0" slope="0.00"/>
        <vehicle id="19" x="544.58" y="401.65" angle="-90.00" type="DEFAULT_VEHTYPE" speed="13.12" pos="50.67" lane="3/2to2/2_0" slope="0.00"/>
        <vehicle id="2" x="482.48" y="198.35" angle="90.00" type="DEFAULT_VEHTYPE" speed="13.10" pos="77.73" lane="2/1to3/1_0" slope="0.00"/>
        <vehicle id="20" x="398.35" y="227.62" angle="0.00" type="DEFAULT_VEHTYPE" speed="12.93" pos="167.63" lane="2/2to2/1_0" slope="0.00"/>
        <vehicle id="21" x="453.85" y="198.35" angle="90.00" type="DEFAULT_VEHTYPE" speed="13.33" pos="49.10" lane="2/1to3/1_0" slope="0.00"/>
        <vehicle id="22" x="198.35" y="169.69" angle="0.00" type="DEFAULT_VEHTYPE" speed="11.82" pos="25.56" lane="1/1to1/0_0" slope="0.00"/>
        <vehicle id="23" x="420.23" y="198.35" angle="90.00" type="DEFAULT_VEHTYPE" speed="13.66" pos="15.48" lane="2/1to3/1_0" slope="0.00"/>
        <vehicle id="24" x="385.68" y="401.65" angle="-90.00" type="DEFAULT_VEHTYPE" speed="10.26" pos="9.57" lane="2/2to1/2_0" slope="0.00"/>
        <vehicle id="3" x="601.65" y="214.33" angle="180.00" type="DEFAULT_VEHTYPE" speed="10.96" pos="9.58" lane="3/1to3/2_0" slope="0.00"/>
        <vehicle id="4" x="198.35" y="137.26" angle="0.00" type="DEFAULT_VEHTYPE" speed="13.00" pos="57.99" lane="1/1to1/0_0" slope="0.00"/>
        <vehicle id="5" x="601.65" y="385.93" angle="180.00" type="DEFAULT_VEHTYPE" speed="7.18" pos="181.18" lane="3/1to3/2_0" slope="0.00"/>
        <vehicle id="6" x="514.68" y="198.35" angle="90.00" type="DEFAULT_VEHTYPE" speed="13.32" pos="109.93" lane="2/1to3/1_0" slope="0.00"/>
        <vehicle id="7" x="388.64" y="598.35" angle="90.00" type="DEFAULT_VEHTYPE" speed="6.02" pos="183.89" lane="1/3to2/3_0" slope="0.00"/>
        <vehicle id="8" x="573.28" y="198.35" angle="90.00" type="DEFAULT_VEHTYPE" speed="12.81" pos="168.53" lane="2/1to3/1_0" slope="0.00"/>
        <vehicle id="9" x="201.65" y="167.27" angle="180.00" type="DEFAULT_VEHTYPE" speed="13.36" pos="167.27" lane="1/0to1/1_0" slope="0.00"/>
    </timestep>
    <timestep time="737.00">
        <vehicle id="0" x="49.82" y="198.35" angle="90.00" type="DEFAULT_VEHTYPE" speed="12.83" pos="49.82" lane="0/1to1/1_0" slope="0.00"/>
        <vehicle id="1" x="398.35" y="293.68" angle="0.00" type="DEFAULT_VEHTYPE" speed="13.30" pos="101.57" lane="2/2to2/1_0" slope="0.00"/>
        <vehicle id="11" x="733.15" y="198.35" angle="90.00" type="DEFAULT_VEHTYPE" speed="12.99" pos="128.40" lane="3/1to4/1_0" slope="0.00"/>
        <vehicle id="12" x="466.84" y="401.65" angle="-90.00" type="DEFAULT_VEHTYPE" speed="12.88" pos="128.41" lane="3/2to2/2_0" slope="0.00"/>
        <vehicle id="14" x="411.18" y="401.65" angle="-90.00" type="DEFAULT_VEHTYPE" speed="3.74" pos="184.07" lane="3/2to2/2_0" slope="0.00"/>
        <vehicle id="15" x="392.72" y="198.35" angle="90.00" type="DEFAULT_VEHTYPE" speed="0.21" pos="187.97" lane="1/1to2/1_0" slope="0.00"/>
        <vehicle id="16" x="601.65" y="262.66" angle="180.00" type="DEFAULT_VEHTYPE" speed="12.74" pos="57.91" lane="3/1to3/2_0" slope="0.00"/>
        <vehicle id="17" x="201.65" y="116.11" angle="180.00" type="DEFAULT_VEHTYPE" speed="13.30" pos="116.11" lane="1/0to1/1_0" slope="0.00"/>
        <vehicle id="18" x="401.65" y="12.89" angle="180.00" type="DEFAULT_VEHTYPE" speed="13.04" pos="12.89" lane="2/0to2/1_0" slope="0.00"/>
        <vehicle id="19" x="531.06" y="401.65" angle="-90.00" type="DEFAULT_VEHTYPE" speed="13.52" pos="64.19" lane="3/2to2/2_0" slope="0.00"/>
        <vehicle id="2" x="496.14" y="198.35" angle="90.00" type="DEFAULT_VEHTYPE" speed="13.65" pos="91.39" lane="2/1to3/1_0" slope="0.00"/>
        <vehicle id="20" x="398.35" y="214.28" angle="0.00" type="DEFAULT_VEHTYPE" speed="13.34" pos="180.97" lane="2/2to2/1_0" slope="0.00"/>
        <vehicle id="21" x="467.57" y="198.35" angle="90.00" type="DEFAULT_VEHTYPE" speed="13.72" pos="62.82" lane="2/1to3/1_0" slope="0.00"/>
        <vehicle id="22" x="198.35" y="155.99" angle="0.00" type="DEFAULT_VEHTYPE" speed="13.69" pos="39.26" lane="1/1to1/0_0" slope="0.00"/>
        <vehicle id="23" x="433.14" y="198.35" angle="90.00" type="DEFAULT_VEHTYPE" speed="12.91" pos="28.39" lane="2/1to3/1_0" slope="0.00"/>
        <vehicle id="24" x="373.89" y="401.65" angle="-90.00" type="DEFAULT_VEHTYPE" speed="11.79" pos="21.36" lane="2/2to1/2_0" slope="0.00"/>
        <vehicle id="3" x="601.65" y="227.14" angle="180.00" type="DEFAULT_VEHTYPE" speed="12.81" pos="22.39" lane="3/1to3/2_0" slope="0.00"/>
        <vehicle id="4" x="198.35" y="123.44" angle="0.00" type="DEFAULT_VEHTYPE" speed="13.81" pos="71.81" lane="1/1to1/0_0" slope="0.00"/>
        <vehicle id="5" x="601.65" y="389.45" angle="180.00" type="DEFAULT_VEHTYPE" speed="3.51" pos="184.70" lane="3/1to3/2_0" slope="0.00"/>
        <vehicle id="6" x="528.08" y="198.35" angle="90.00" type="DEFAULT_VEHTYPE" speed="13.40" pos="123.33" lane="2/1to3/1_0" slope="0.00"/>
        <vehicle id="7" x="396.43" y="598.52" angle="91.94" type="DEFAULT_VEHTYPE" speed="7.81" pos="1.20" lane=":2/3_14_0" slope="0.00"/>
        <vehicle id="8" x="581.59" y="198.35" angle="90.00" type="DEFAULT_VEHTYPE" speed="8.31" pos="176.84" lane="2/1to3/1_0" slope="0.00"/>
        <vehicle id="9" x="201.65" y="181.08" angle="180.00" type="DEFAULT_VEHTYPE" speed="13.81" pos="181.08" lane="1/0to1/1_0" slope="0.00"/>
    </timestep>
    <timestep time="738.00">
        <vehicle id="0" x="63.68" y="198.35" angle="90.00" type="DEFAULT_VEHTYPE" speed="13.85" pos="63.68" lane="0/1to1/1_0" slope="0.00"/>
        <vehicle id="1" x="398.35" y="280.21" angle="0.00" type="DEFAULT_VEHTYPE" speed="13.47" pos="115.04" lane="2/2to2/1_0" slope="0.00"/>
        <vehicle id="11" x="746.49" y="198.35" angle="90.00" type="DEFAULT_VEHTYPE" speed="13.34" pos="141.74" lane="3/1to4/1_0" slope="0.00"/>
        <vehicle id="12" x="453.05" y="401.65" angle="-90.00" type="DEFAULT_VEHTYPE" speed="13.79" pos="142.20" lane="3/2to2/2_0" slope="0.00"/>
        <vehicle id="14" x="405.41" y="401.65" angle="-90.00" type="DEFAULT_VEHTYPE" speed="5.77" pos="189.84" lane="3/2to2/2_0" slope="0.00"/>
        <vehicle id="15" x="392.75" y="198.35" angle="90.00" type="DEFAULT_VEHTYPE" speed="0.03" pos="188.00" lane="1/1to2/1_0" slope="0.00"/>
        <vehicle id="16" x="601.65" y="275.68" angle="180.00" type="DEFAULT_VEHTYPE" speed="13.01" pos="70.93" lane="3/1to3/2_0" slope="0.00"/>
        <vehicle id="17" x="201.65" y="129.75" angle="180.00" type="DEFAULT_VEHTYPE" speed="13.64" pos="129.75" lane="1/0to1/1_0" slope="0.00"/>
        <vehicle id="18" x="401.65" y="26.44" angle="180.00" type="DEFAULT_VEHTYPE" speed="13.55" pos="26.44" lane="2/0to2/1_0" slope="0.00"/>
        <vehicle id="19" x="518.40" y="401.65" angle="-90.00" type="DEFAULT_VEHTYPE" speed="12.66" pos="76.85" lane="3/2to2/2_0" slope="0.00"/>
        <vehicle id="2" x="510.03" y="198.35" angle="90.00" type="DEFAULT_VEHTYPE" speed="13.89" pos="105.28" lane="2/1to3/1_0" slope="0.00"/>
        <vehicle id="20" x="398.35" y="201.22" angle="0.00" type="DEFAULT_VEHTYPE" speed="13.06" pos="3.53" lane=":2/1_1_0" slope="0.00"/>
        <vehicle id="21" x="480.89" y="198.35" angle="90.00" type="DEFAULT_VEHTYPE" speed="13.32" pos="76.14" lane="2/1to3/1_0" slope="0.00"/>
        <vehicle id="22" x="198.35" y="142.91" angle="0.00" type="DEFAULT_VEHTYPE" speed="13.08" pos="52.34" lane="1/1to1/0_0" slope="0.00"/>
        <vehicle id="23" x="446.79" y="198.35" angle="90.00" type="DEFAULT_VEHTYPE" speed="13.65" pos="42.04" lane="2/1to3/1_0" slope="0.00"/>
        <vehicle id="24" x="360.87" y="401.65" angle="-90.00" type="DEFAULT_VEHTYPE" speed="13.02" pos="34.38" lane="2/2to1/2_0" slope="0.00"/>
        <vehicle id="3" x="601.65" y="240.78" angle="180.00" type="DEFAULT_VEHTYPE" speed="13.64" pos="36.03" lane="3/1to3/2_0" slope="0.00"/>
        <vehicle id="4" x="198.35" y="109.79" angle="0.00" type="DEFAULT_VEHTYPE" speed="13.65" pos="85.46" lane="1/1to1/0_0" slope="0.00"/>
        <vehicle id="5" x="601.65" y="394.71" angle="180.00" type="DEFAULT_VEHTYPE" speed="5.26" pos="189.96" lane="3/1to3/2_0" slope="0.00"/>
        <vehicle id="6" x="541.17" y="198.35" angle="90.00" type="DEFAULT_VEHTYPE" speed="13.09" pos="136.42" lane="2/1to3/1_0" slope="0.00"/>
        <vehicle id="7" x="401.65" y="604.99" angle="163.49" type="DEFAULT_VEHTYPE" speed="9.37" pos="0.24" lane="2/3to2/4_0" slope="0.00"/>
        <vehicle id="8" x="586.80" y="198.35" angle="90.00" type="DEFAULT_VEHTYPE" speed="5.21" pos="182.05" lane="2/1to3/1_0" slope="0.00"/>
        <vehicle id="9" x="201.65" y="193.69" angle="180.00" type="DEFAULT_VEHTYPE" speed="12.60" pos="193.69" lane="1/0to1/1_0" slope="0.00"/>
    </timestep>
    <timestep time="739.00">
        <vehicle id="0" x="76.69" y="198.35" angle="90.00" type="DEFAULT_VEHTYPE" speed="13.02" pos="76.69" lane="0/1to1/1_0" slope="0.00"/>
        <vehicle id="1" x="398.35" y="266.51" angle="0.00" type="DEFAULT_VEHTYPE" speed="13.69" pos="128.74" lane="2/2to2/1_0" slope="0.00"/>
        <vehicle id="11" x="760.19" y="198.35" angle="90.00" type="DEFAULT_VEHTYPE" speed="13.70" pos="155.44" lane="3/1to4/1_0" slope="0.00"/>
        <vehicle id="12" x="439.58" y="401.65" angle="-90.00" type="DEFAULT_VEHTYPE" speed="13.47" pos="155.67" lane="3/2to2/2_0" slope="0.00"/>
        <vehicle id="14" x="397.79" y="401.65" angle="-90.00" type="DEFAULT_VEHTYPE" speed="7.62" pos="6.96" lane=":2/2_5_0" slope="0.00"/>
        <vehicle id="15" x="392.75" y="198.35" angle="90.00" type="DEFAULT_VEHTYPE" speed="0.00" pos="188.00" lane="1/1to2/1_0" slope="0.00"/>
        <vehicle id="16" x="601.65" y="289.17" angle="180.00" type="DEFAULT_VEHTYPE" speed="13.49" pos="84.42" lane="3/1to3/2_0" slope="0.00"/>
        <vehicle id="17" x="201.65" y="143.47" angle="180.00" type="DEFAULT_VEHTYPE" speed="13.72" pos="143.47" lane="1/0to1/1_0" slope="0.00"/>
        <vehicle id="18" x="401.65" y="39.84" angle="180.00" type="DEFAULT_VEHTYPE" speed="13.40" pos="39.84" lane="2/0to2/1_0" slope="0.00"/>
        <vehicle id="19" x="505.52" y="401.65" angle="-90.00" type="DEFAULT_VEHTYPE" speed="12.87" pos="89.73" lane="3/2to2/2_0" slope="0.00"/>
        <vehicle id="2" x="522.75" y="198.35" angle="90.00" type="DEFAULT_VEHTYPE" speed="12.73" pos="118.00" lane="2/1to3/1_0" slope="0.00"/>
        <vehicle id="20" x="398.35" y="187.91" angle="0.00" type="DEFAULT_VEHTYPE" speed="13.31" pos="7.34" lane="2/1to2/0_0" slope="0.00"/>
        <vehicle id="21" x="494.60" y="198.35" angle="90.00" type="DEFAULT_VEHTYPE" speed="13.71" pos="89.85" lane="2/1to3/1_0" slope="0.00"/>
        <vehicle id="22" x="198.35" y="129.50" angle="0.00" type="DEFAULT_VEHTYPE" speed="13.41" pos="65.75" lane="1/1to1/0_0" slope="0.00"/>
        <vehicle id="23" x="459.88" y="198.35" angle="90.00" type="DEFAULT_VEHTYPE" speed="13.09" pos="55.13" lane="2/1to3/1_0" slope="0.00"/>
        <vehicle id="24" x="348.11" y="401.65" angle="-90.00" type="DEFAULT_VEHTYPE" speed="12.76" pos="47.14" lane="2/2to1/2_0" slope="0.00"/>
        <vehicle id="3" x="601.65" y="254.16" angle="180.00" type="DEFAULT_VEHTYPE" speed="13.38" pos="49.41" lane="3/1to3/2_0" slope="0.00"/>
        <vehicle id="4" x="198.35" y="96.13" angle="0.00" type="DEFAULT_VEHTYPE" speed="13.66" pos="99.12" lane="1/1to1/0_0" slope="0.00"/>
        <vehicle id="5" x="598.97" y="400.70" angle="-148.55" type="DEFAULT_VEHTYPE" speed="6.95" pos="6.41" lane=":3/2_10_0" slope="0.00"/>
        <vehicle id="6" x="554.59" y="198.35" angle="90.00" type="DEFAULT_VEHTYPE" speed="13.42" pos="149.84" lane="2/1to3/1_0" slope="0.00"/>
        <vehicle id="7" x="401.65" y="616.80" angle="180.00" type="DEFAULT_VEHTYPE" speed="11.80" pos="12.05" lane="2/3to2/4_0" slope="0.00"/>
        <vehicle id="8" x="590.31" y="198.35" angle="90.00" type="DEFAULT_VEHTYPE" speed="3.51" pos="185.56" lane="2/1to3/1_0" slope="0.00"/>
        <vehicle id="9" x="211.87" y="198.35" angle="90.00" type="DEFAULT_VEHTYPE" speed="13.69" pos="7.12" lane="1/1to2/1_0" slope="0.00"/>
    </timestep>
    <timestep time="740.00">
        <vehicle id="0" x="90.21" y="198.35" angle="90.00" type="DEFAULT_VEHTYPE" speed="13.52" pos="90.21" lane="0/1to1/1_0" slope="0.00"/>
        <vehicle id="1" x="398.35" y="252.65" angle="0.00" type="DEFAULT_VEHTYPE" speed="13.87" pos="142.60" lane="2/2to2/1_0" slope="0.00"/>
        <vehicle id="11" x="773.62" y="198.35" angle="90.00" type="DEFAULT_VEHTYPE" speed="13.43" pos="168.87" lane="3/1to4/1_0" slope="0.00"/>
        <vehicle id="12" x="426.48" y="401.65" angle="-90.00" type="DEFAULT_VEHTYPE" speed="13.10" pos="168.77" lane="3/2to2/2_0" slope="0.00"/>
        <vehicle id="14" x="387.78" y="401.65" angle="-90.00" type="DEFAULT_VEHTYPE" speed="10.00" pos="7.47" lane="2/2to1/2_0" slope="0.00"/>
        <vehicle id="15" x="394.60" y="198.35" angle="90.00" type="DEFAULT_VEHTYPE" speed="1.85" pos="189.85" lane="1/1to2/1_0" slope="0.00"/>
        <vehicle id="16" x="601.65" y="301.78" angle="180.00" type="DEFAULT_VEHTYPE" speed="12.61" pos="97.03" lane="3/1to3/2_0" slope="0.00"/>
        <vehicle id="17" x="201.65" y="157.12" angle="180.00" type="DEFAULT_VEHTYPE" speed="13.65" pos="157.12" lane="1/0to1/1_0" slope="0.00"/>
        <vehicle id="18" x="401.65" y="52.55" angle="180.00" type="DEFAULT_VEHTYPE" speed="12.71" pos="52.55" lane="2/0to2/1_0" slope="0.00"/>
        <vehicle id="19" x="492.47" y="401.65" angle="-90.00" type="DEFAULT_VEHTYPE" speed="13.05" pos="102.78" lane="3/2to2/2_0" slope="0.00"/>
        <vehicle id="2" x="535.58" y="198.35" angle="90.00" type="DEFAULT_VEHTYPE" speed="12.82" pos="130.83" lane="2/1to3/1_0" slope="0.00"/>
        <vehicle id="20" x="398.35" y="175.30" angle="0.00" type="DEFAULT_VEHTYPE" speed="12.60" pos="19.95" lane="2/1to2/0_0" slope="0.00"/>
        <vehicle id="21" x="508.47" y="198.35" angle="90.00" type="DEFAULT_VEHTYPE" speed="13.87" pos="103.72" lane="2/1to3/1_0" slope="0.00"/>
        <vehicle id="22" x="198.35" y="116.01" angle="0.00" type="DEFAULT_VEHTYPE" speed="13.50" pos="79.24" lane="1/1to1/0_0" slope="0.00"/>
        <vehicle id="23" x="472.74" y="198.35" angle="90.00" type="DEFAULT_VEHTYPE" speed="12.87" pos="67.99" lane="2/1to3/1_0" slope="0.00"/>
        <vehicle id="24" x="335.11" y="401.65" angle="-90.00" type="DEFAULT_VEHTYPE" speed="13.00" pos="60.14" lane="2/2to1/2_0" slope="0.00"/>
        <vehicle id="3" x="601.65" y="267.13" angle="180.00" type="DEFAULT_VEHTYPE" speed="12.97" pos="62.38" lane="3/1to3/2_0" slope="0.00"/>
        <vehicle id="4" x="198.35" y="82.89" angle="0.00" type="DEFAULT_VEHTYPE" speed="13.24" pos="112.36" lane="1/1to1/0_0" slope="0.00"/>
        <vehicle id="5" x="590.01" y="401.65" angle="-90.00" type="DEFAULT_VEHTYPE" speed="9.15" pos="5.24" lane="3/2to2/2_0" slope="0.00"/>
        <vehicle id="6" x="566.32" y="198.35" angle="90.00" type="DEFAULT_VEHTYPE" speed="11.73" pos="161.57" lane="2/1to3/1_0" slope="0.00"/>
        <vehicle id="7" x="401.65" y="630.22" angle="180.00" type="DEFAULT_VEHTYPE" speed="13.42" pos="25.47" lane="2/3to2/4_0" slope="0.00"/>
        <vehicle id="8" x="596.02" y="198.35" angle="90.00" type="DEFAULT_VEHTYPE" speed="5.72" pos="0.77" lane=":3/1_13_0" slope="0.00"/>
        <vehicle id="9" x="225.47" y="198.35" angle="90.00" type="DEFAULT_VEHTYPE" speed="13.60" pos="20.72" lane="1/1to2/1_0" slope="0.00"/>
    </timestep>
    <timestep time="741.00">
        <vehicle id="0" x="102.82" y="198.35" angle="90.00" type="DEFAULT_VEHTYPE" speed="12.61" pos="102.82" lane="0/1to1/1_0" slope="0.00"/>
        <vehicle id="1" x="398.35" y="239.03" angle="0.00" type="DEFAULT_VEHTYPE" speed="13.61" pos="156.22" lane="2/2to2/1_0" slope="0.00"/>
        <vehicle id="11" x="787.40" y="198.35" angle="90.00" type="DEFAULT_VEHTYPE" speed="13.79" pos="182.65" lane="3/1to4/1_0" slope="0.00"/>
        <vehicle id="12" x="417.78" y="401.65" angle="-90.00" type="DEFAULT_VEHTYPE" speed="8.70" pos="177.47" lane="3/2to2/2_0" slope="0.00"/>
        <vehicle id="14" x="376.19" y="401.65" angle="-90.00" type="DEFAULT_VEHTYPE" speed="11.59" pos="19.06" lane="2/2to1/2_0" slope="0.00"/>
        <vehicle id="15" x="397.91" y="198.35" angle="90.00" type="DEFAULT_VEHTYPE" speed="3.31" pos="2.66" lane=":2/1_13_0" slope="0.00"/>
        <vehicle id="16" x="601.65" y="314.54" angle="180.00" type="DEFAULT_VEHTYPE" speed="12.77" pos="109.79" lane="3/1to3/2_0" slope="0.00"/>
        <vehicle id="17" x="201.65" y="169.99" angle="180.00" type="DEFAULT_VEHTYPE" speed="12.87" pos="169.99" lane="1/0to1/1_0" slope="0.00"/>
        <vehicle id="18" x="401.65" y="66.39" angle="180.00" type="DEFAULT_VEHTYPE" speed="13.84" pos="66.39" lane="2/0to2/1_0" slope="0.00"/>
        <vehicle id="19" x="479.02" y="401.65" angle="-90.00" type="DEFAULT_VEHTYPE" speed="13.45" pos="116.23" lane="3/2to2/2_0" slope="0.00"/>
        <vehicle id="2" x="548.24" y="198.35" angle="90.00" type="DEFAULT_VEHTYPE" speed="12.66" pos="143.49" lane="2/1to3/1_0" slope="0.00"/>
        <vehicle id="20" x="398.35" y="162.01" angle="0.00" type="DEFAULT_VEHTYPE" speed="13.30" pos="33.24" lane="2/1to2/0_0" slope="0.00"/>
        <vehicle id="21" x="521.32" y="198.35" angle="90.00" type="DEFAULT_VEHTYPE" speed="12.84" pos="116.57" lane="2/1to3/1_0" slope="0.00"/>
        <vehicle id="22" x="198.35" y="103.29" angle="0.00" type="DEFAULT_VEHTYPE" speed="12.72" pos="91.96" lane="1/1to1/0_0" slope="0.00"/>
        <vehicle id="23" x="485.58" y="198.35" angle="90.00" type="DEFAULT_VEHTYPE" speed="12.84" pos="80.83" lane="2/1to3/1_0" slope="0.00"/>
        <vehicle id="24" x="322.36" y="401.65" angle="-90.00" type="DEFAULT_VEHTYPE" speed="12.75" pos="72.89" lane="2/2to1/2_0" slope="0.00"/>
        <vehicle id="3" x="601.65" y="280.69" angle="180.00" type="DEFAULT_VEHTYPE" speed="13.56" pos="75.94" lane="3/1to3/2_0" slope="0.00"/>
        <vehicle id="4" x="198.35" y="69.53" angle="0.00" type="DEFAULT_VEHTYPE" speed="13.36" pos="125.72" lane="1/1to1/0_0" slope="0.00"/>
        <vehicle id="5" x="579.09" y="401.65" angle="-90.00" type="DEFAULT_VEHTYPE" speed="10.91" pos="16.16" lane="3/2to2/2_0" slope="0.00"/>
        <vehicle id="6" x="577.41" y="198.35" angle="90.00" type="DEFAULT_VEHTYPE" speed="11.08" pos="172.66" lane="2/1to3/1_0" slope="0.00"/>
        <vehicle id="7" x="401.65" y="643.76" angle="180.00" type="DEFAULT_VEHTYPE" speed="13.54" pos="39.01" lane="2/3to2/4_0" slope="0.00"/>
        <vehicle id="8" x="603.37" y="198.35" angle="90.00" type="DEFAULT_VEHTYPE" speed="7.34" pos="8.12" lane=":3/1_13_0" slope="0.00"/>
        <vehicle id="9" x="238.75" y="198.35" angle="90.00" type="DEFAULT_VEHTYPE" speed="13.27" pos="34.00" lane="1/1to2/1_0" slope="0.00"/>
    </timestep>
    <timestep time="742.00">
        <vehicle id="0" x="115.88" y="198.35" angle="90.00" type="DEFAULT_VEHTYPE" speed="13.06" pos="115.88" lane="0/1to1/1_0" slope="0.00"/>
        <vehicle id="1" x="398.35" y="226.88" angle="0.00" type="DEFAULT_VEHTYPE" speed="12.15" pos="168.37" lane="2/2to2/1_0" slope="0.00"/>
        <vehicle id="11" x="800.48" y="198.67" angle="93.68" type="DEFAULT_VEHTYPE" speed="13.17" pos="0.57" lane=":4/1_0_0" slope="0.00"/>
        <vehicle id="12" x="412.63" y="401.65" angle="-90.00" type="DEFAULT_VEHTYPE" speed="5.15" pos="182.62" lane="3/2to2/2_0" slope="0.00"/>
        <vehicle id="14" x="363.34" y="401.65" angle="-90.00" type="DEFAULT_VEHTYPE" speed="12.85" pos="31.91" lane="2/2to1/2_0" slope="0.00"/>
        <vehicle id="15" x="403.29" y="198.35" angle="90.00" type="DEFAULT_VEHTYPE" speed="5.38" pos="8.04" lane=":2/1_13_0" slope="0.00"/>
        <vehicle id="16" x="601.65" y="327.18" angle="180.00" type="DEFAULT_VEHTYPE" speed="12.63" pos="122.43" lane="3/1to3/2_0" slope="0.00"/>
        <vehicle id="17" x="201.65" y="182.88" angle="180.00" type="DEFAULT_VEHTYPE" speed="12.89" pos="182.88" lane="1/0to1/1_0" slope="0.00"/>
        <vehicle id="18" x="401.65" y="79.51" angle="180.00" type="DEFAULT_VEHTYPE" speed="13.12" pos="79.51" lane="2/0to2/1_0" slope="0.00"/>
        <vehicle id="19" x="465.52" y="401.65" angle="-90.00" type="DEFAULT_VEHTYPE" speed="13.50" pos="129.73" lane="3/2to2/2_0" slope="0.00"/>
        <vehicle id="2" x="560.84" y="198.35" angle="90.00" type="DEFAULT_VEHTYPE" speed="12.60" pos="156.09" lane="2/1to3/1_0" slope="0.00"/>
        <vehicle id="20" x="398.35" y="148.36" angle="0.00" type="DEFAULT_VEHTYPE" speed="13.65" pos="46.89" lane="2/1to2/0_0" slope="0.00"/>
        <vehicle id="21" x="534.05" y="198.35" angle="90.00" type="DEFAULT_VEHTYPE" speed="12.74" pos="129.30" lane="2/1to3/1_0" slope="0.00"/>
        <vehicle id="22" x="198.35" y="89.98" angle="0.00" type="DEFAULT_VEHTYPE" speed="13.31" pos="105.27" lane="1/1to1/0_0" slope="0.00"/>
        <vehicle id="23" x="499.47" y="198.35" angle="90.00" type="DEFAULT_VEHTYPE" speed="13.89" pos="94.72" lane="2/1to3/1_0" slope="0.00"/>
        <vehicle id="24" x="309.08" y="401.65" angle="-90.00" type="DEFAULT_VEHTYPE" speed="13.28" pos="86.17" lane="2/2to1/2_0" slope="0.00"/>
        <vehicle id="3" x="601.65" y="294.55" angle="180.00" type="DEFAULT_VEHTYPE" speed="13.86" pos="89.80" lane="3/1to3/2_0" slope="0.00"/>
        <vehicle id="4" x="198.35" y="56.81" angle="0.00" type="DEFAULT_VEHTYPE" speed="12.72" pos="138.44" lane="1/1to1/0_0" slope="0.00"/>
        <vehicle id="5" x="565.96" y="401.65" angle="-90.00" type="DEFAULT_VEHTYPE" speed="13.14" pos="29.29" lane="3/2to2/2_0" slope="0.00"/>
        <vehicle id="6" x="584.34" y="198.35" angle="90.00" type="DEFAULT_VEHTYPE" speed="6.93" pos="179.59" lane="2/1to3/1_0" slope="0.00"/>
        <vehicle id="7" x="401.65" y="657.19" angle="180.00" type="DEFAULT_VEHTYPE" speed="13.43" pos="52.44" lane="2/3to2/4_0" slope="0.00"/>
        <vehicle id="8" x="613.21" y="198.35" angle="90.00" type="DEFAULT_VEHTYPE" speed="9.84" pos="8.46" lane="3/1to4/1_0" slope="0.00"/>
        <vehicle id="9" x="251.69" y="198.35" angle="90.00" type="DEFAULT_VEHTYPE" speed="12.95" pos="46.94" lane="1/1to2/1_0" slope="0.00"/>
    </timestep>
    <timestep time="743.00">
        <vehicle id="0" x="129.04" y="198.35" angle="90.00" type="DEFAULT_VEHTYPE" speed="13.16" pos="129.04" lane="0/1to1/1_0" slope="0.00"/>
        <vehicle id="1" x="398.35" y="214.70" angle="0.00" type="DEFAULT_VEHTYPE" speed="12.18" pos="180.55" lane="2/2to2/1_0" slope="0.00"/>
        <vehicle id="11" x="791.62" y="201.65" angle="-90.00" type="DEFAULT_VEHTYPE" speed="12.63" pos="8.38" lane="4/1to3/1_0" slope="0.00"/>
        <vehicle id="12" x="408.96" y="401.65" angle="-90.00" type="DEFAULT_VEHTYPE" speed="3.67" pos="186.29" lane="3/2to2/2_0" slope="0.00"/>
        <vehicle id="14" x="350.12" y="401.65" angle="-90.00" type="DEFAULT_VEHTYPE" speed="13.22" pos="45.13" lane="2/2to1/2_0" slope="0.00"/>
        <vehicle id="15" x="410.21" y="198.35" angle="90.00" type="DEFAULT_VEHTYPE" speed="6.92" pos="5.46" lane="2/1to3/1_0" slope="0.00"/>
        <vehicle id="16" x="601.65" y="339.80" angle="180.00" type="DEFAULT_VEHTYPE" speed="12.62" pos="135.05" lane="3/1to3/2_0" slope="0.00"/>
        <vehicle id="17" x="201.81" y="196.37" angle="178.20" type="DEFAULT_VEHTYPE" speed="13.51" pos="1.13" lane=":1/1_8_0" slope="0.00"/>
        <vehicle id="18" x="401.65" y="92.68" angle="180.00" type="DEFAULT_VEHTYPE" speed="13.17" pos="92.68" lane="2/0to2/1_0" slope="0.00"/>
        <vehicle id="19" x="451.87" y="401.65" angle="-90.00" type="DEFAULT_VEHTYPE" speed="13.65" pos="143.38" lane="3/2to2/2_0" slope="0.00"/>
        <vehicle id="2" x="570.66" y="198.35" angle="90.00" type="DEFAULT_VEHTYPE" speed="9.82" pos="165.91" lane="2/1to3/1_0" slope="0.00"/>
        <vehicle id="20" x="398.35" y="134.67" angle="0.00" type="DEFAULT_VEHTYPE" speed="13.70" pos="60.58" lane="2/1to2/0_0" slope="0.00"/>
        <vehicle id="21" x="547.06" y="198.35" angle="90.00" type="DEFAULT_VEHTYPE" speed="13.01" pos="142.31" lane="2/1to3/1_0" slope="0.00"/>
        <vehicle id="22" x="198.35" y="77.28" angle="0.00" type="DEFAULT_VEHTYPE" speed="12.70" pos="117.97" lane="1/1to1/0_0" slope="0.00"/>
        <vehicle id="23" x="513.07" y="198.35" angle="90.00" type="DEFAULT_VEHTYPE" speed="13.60" pos="108.32" lane="2/1to3/1_0" slope="0.00"/>
        <vehicle id="24" x="296.28" y="401.65" angle="-90.00" type="DEFAULT_VEHTYPE" speed="12.80" pos="98.97" lane="2/2to1/2_0" slope="0.00"/>
        <vehicle id="3" x="601.65" y="308.44" angle="180.00" type="DEFAULT_VEHTYPE" speed="13.89" pos="103.69" lane="3/1to3/2_0" slope="0.00"/>
        <vehicle id="4" x="198.35" y="43.51" angle="0.00" type="DEFAULT_VEHTYPE" speed="13.30" pos="151.74" lane="1/1to1/0_0" slope="0.00"/>
        <vehicle id="5" x="552.78" y="401.65" angle="-90.00" type="DEFAULT_VEHTYPE" speed="13.17" pos="42.47" lane="3/2to2/2_0" slope="0.00"/>
        <vehicle id="6" x="589.06" y="198.35" angle="90.00" type="DEFAULT_VEHTYPE" speed="4.72" pos="184.31" lane="2/1to3/1_0" slope="0.00"/>
        <vehicle id="7" x="401.65" y="670.32" angle="180.00" type="DEFAULT_VEHTYPE" speed="13.12" pos="65.57" lane="2/3to2/4_0" slope="0.00"/>
        <vehicle id="8" x="625.39" y="198.35" angle="90.00" type="DEFAULT_VEHTYPE" speed="12.18" pos="20.64" lane="3/1to4/1_0" slope="0.00"/>
        <vehicle id="9" x="265.39" y="198.35" angle="90.00" type="DEFAULT_VEHTYPE" speed="13.70" pos="60.64" lane="1/1to2/1_0" slope="0.00"/>
    </timestep>
    <timestep time="744.00">
        <vehicle id="0" x="142.04" y="198.35" angle="90.00" type="DEFAULT_VEHTYPE" speed="13.00" pos="142.04" lane="0/1to1/1_0" slope="0.00"/>
        <vehicle id="1" x="398.35" y="201.69" angle="0.00" type="DEFAULT_VEHTYPE" speed="13.01" pos="3.06" lane=":2/1_1_0" slope="0.00"/>
        <vehicle id="11" x="778.98" y="201.65" angle="-90.00" type="DEFAULT_VEHTYPE" speed="12.64" pos="21.02" lane="4/1to3/1_0" slope="0.00"/>
        <vehicle id="12" x="402.72" y="401.65" angle="-90.00" type="DEFAULT_VEHTYPE" speed="6.24" pos="2.03" lane=":2/2_5_0" slope="0.00"/>
        <vehicle id="14" x="337.18" y="401.65" angle="-90.00" type="DEFAULT_VEHTYPE" speed="12.95" pos="58.07" lane="2/2to1/2_0" slope="0.00"/>
        <vehicle id="15" x="418.78" y="198.35" angle="90.00" type="DEFAULT_VEHTYPE" speed="8.57" pos="14.03" lane="2/1to3/1_0" slope="0.00"/>
        <vehicle id="16" x="601.65" y="353.03" angle="180.00" type="DEFAULT_VEHTYPE" speed="13.23" pos="148.28" lane="3/1to3/2_0" slope="0.00"/>
        <vehicle id="17" x="214.50" y="198.35" angle="90.00" type="DEFAULT_VEHTYPE" speed="13.62" pos="9.75" lane="1/1to2/1_0" slope="0.00"/>
        <vehicle id="18" x="401.65" y="106.02" angle="180.00" type="DEFAULT_VEHTYPE" speed="13.34" pos="106.02" lane="2/0to2/1_0" slope="0.00"/>
        <vehicle id="19" x="437.99" y="401.65" angle="-90.00" type="DEFAULT_VEHTYPE" speed="13.88" pos="157.26" lane="3/2to2/2_0" slope="0.00"/>
        <vehicle id="2" x="577.23" y="198.35" angle="90.00" type="DEFAULT_VEHTYPE" speed="6.57" pos="172.48" lane="2/1to3/1_0" slope="0.00"/>
        <vehicle id="20" x="398.35" y="122.03" angle="0.00" type="DEFAULT_VEHTYPE" speed="12.63" pos="73.22" lane="2/1to2/0_0" slope="0.00"/>
        <vehicle id="21" x="558.85" y="198.35" angle="90.00" type="DEFAULT_VEHTYPE" speed="11.78" pos="154.10" lane="2/1to3/1_0" slope="0.00"/>
        <vehicle id="22" x="198.35" y="64.34" angle="0.00" type="DEFAULT_VEHTYPE" speed="12.94" pos="130.91" lane="1/1to1/0_0" slope="0.00"/>
        <vehicle id="23" x="525.70" y="198.35" angle="90.00" type="DEFAULT_VEHTYPE" speed="12.63" pos="120.95" lane="2/1to3/1_0" slope="0.00"/>
        <vehicle id="24" x="283.38" y="401.65" angle="-90.00" type="DEFAULT_VEHTYPE" speed="12.91" pos="111.87" lane="2/2to1/2_0" slope="0.00"/>
        <vehicle id="3" x="601.65" y="321.41" angle="180.00" type="DEFAULT_VEHTYPE" speed="12.96" pos="116.66" lane="3/1to3/2_0" slope="0.00"/>
        <vehicle id="4" x="198.35" y="30.05" angle="0.00" type="DEFAULT_VEHTYPE" speed="13.46" pos="165.20" lane="1/1to1/0_0" slope="0.00"/>
        <vehicle id="5" x="539.39" y="401.65" angle="-90.00" type="DEFAULT_VEHTYPE" speed="13.40" pos="55.86" lane="3/2to2/2_0" slope="0.00"/>
        <vehicle id="6" x="595.22" y="198.35" angle="90.00" type="DEFAULT_VEHTYPE" speed="6.16" pos="190.47" lane="2/1to3/1_0" slope="0.00"/>
        <vehicle id="7" x="401.65" y="683.13" angle="180.00" type="DEFAULT_VEHTYPE" speed="12.82" pos="78.38" lane="2/3to2/4_0" slope="0.00"/>
        <vehicle id="8" x="639.01" y="198.35" angle="90.00" type="DEFAULT_VEHTYPE" speed="13.62" pos="34.26" lane="3/1to4/1_0" slope="0.00"/>
        <vehicle id="9" x="278.43" y="198.35" angle="90.00" type="DEFAULT_VEHTYPE" speed="13.04" pos="73.68" lane="1/1to2/1_0" slope="0.00"/>
    </timestep>
    <timestep time="745.00">
        <vehicle id="0" x="155.14" y="198.35" angle="90.00" type="DEFAULT_VEHTYPE" speed="13.11" pos="155.14" lane="0/1to1/1_0" slope="0.00"/>
        <vehicle id="1" x="398.35" y="187.98" angle="0.00" type="DEFAULT_VEHTYPE" speed="13.71" pos="7.27" lane="2/1to2/0_0" slope="0.00"/>
        <vehicle id="11" x="765.94" y="201.65" angle="-90.00" type="DEFAULT_VEHTYPE" speed="13.03" pos="34.06" lane="4/1to3/1_0" slope="0.00"/>
        <vehicle id="12" x="394.70" y="401.65" angle="-90.00" type="DEFAULT_VEHTYPE" speed="8.02" pos="0.55" lane="2/2to1/2_0" slope="0.00"/>
        <vehicle id="14" x="323.94" y="401.65" angle="-90.00" type="DEFAULT_VEHTYPE" speed="13.24" pos="71.31" lane="2/2to1/2_0" slope="0.00"/>
        <vehicle id="15" x="428.84" y="198.35" angle="90.00" type="DEFAULT_VEHTYPE" speed="10.06" pos="24.09" lane="2/1to3/1_0" slope="0.00"/>
        <vehicle id="16" x="601.65" y="365.93" angle="180.00" type="DEFAULT_VEHTYPE" speed="12.90" pos="161.18" lane="3/1to3/2_0" slope="0.00"/>
        <vehicle id="17" x="227.16" y="198.35" angle="90.00" type="DEFAULT_VEHTYPE" speed="12.66" pos="22.41" lane="1/1to2/1_0" slope="0.00"/>
        <vehicle id="18" x="401.65" y="119.13" angle="180.00" type="DEFAULT_VEHTYPE" speed="13.11" pos="119.13" lane="2/0to2/1_0" slope="0.00"/>
        <vehicle id="19" x="426.52" y="401.65" angle="-90.00" type="DEFAULT_VEHTYPE" speed="11.47" pos="168.73" lane="3/2to2/2_0" slope="0.00"/>
        <vehicle id="2" x="584.86" y="198.35" angle="90.00" type="DEFAULT_VEHTYPE" speed="7.64" pos="180.11" lane="2/1to3/1_0" slope="0.00"/>
        <vehicle id="20" x="398.35" y="108.77" angle="0.00" type="DEFAULT_VEHTYPE" speed="13.26" pos="86.48" lane="2/1to2/0_0" slope="0.00"/>
        <vehicle id="21" x="566.65" y="198.35" angle="90.00" type="DEFAULT_VEHTYPE" speed="7.80" pos="161.90" lane="2/1to3/1_0" slope="0.00"/>
        <vehicle id="22" x="198.35" y="50.74" angle="0.00" type="DEFAULT_VEHTYPE" speed="13.60" pos="144.51" lane="1/1to1/0_0" slope="0.00"/>
        <vehicle id="23" x="539.05" y="198.35" angle="90.00" type="DEFAULT_VEHTYPE" speed="13.35" pos="134.30" lane="2/1to3/1_0" slope="0.00"/>
        <vehicle id="24" x="270.70" y="401.65" angle="-90.00" type="DEFAULT_VEHTYPE" speed="12.68" pos="124.55" lane="2/2to1/2_0" slope="0.00"/>
        <vehicle id="3" x="601.65" y="334.40" angle="180.00" type="DEFAULT_VEHTYPE" speed="12.99" pos="129.65" lane="3/1to3/2_0" slope="0.00"/>
        <vehicle id="4" x="198.35" y="16.19" angle="0.00" type="DEFAULT_VEHTYPE" speed="13.86" pos="179.06" lane="1/1to1/0_0" slope="0.00"/>
        <vehicle id="5" x="526.40" y="401.65" angle="-90.00" type="DEFAULT_VEHTYPE" speed="12.99" pos="68.85" lane="3/2to2/2_0" slope="0.00"/>
        <vehicle id="6" x="601.41" y="203.06" angle="145.53" type="DEFAULT_VEHTYPE" speed="8.65" pos="8.62" lane=":3/1_14_0" slope="0.00"/>
        <vehicle id="7" x="401.65" y="696.59" angle="180.00" type="DEFAULT_VEHTYPE" speed="13.45" pos="91.84" lane="2/3to2/4_0" slope="0.00"/>
        <vehicle id="8" x="651.61" y="198.35" angle="90.00" type="DEFAULT_VEHTYPE" speed="12.60" pos="46.86" lane="3/1to4/1_0" slope="0.00"/>
        <vehicle id="9" x="291.99" y="198.35" angle="90.00" type="DEFAULT_VEHTYPE" speed="13.56" pos="87.24" lane="1/1to2/1_0" slope="0.00"/>
    </timestep>
    <timestep time="746.00">
        <vehicle id="0" x="168.64" y="198.35" angle="90.00" type="DEFAULT_VEHTYPE" speed="13.50" pos="168.64" lane="0/1to1/1_0" slope="0.00"/>
        <vehicle id="1" x="398.35" y="174.54" angle="0.00" type="DEFAULT_VEHTYPE" speed="13.44" pos="20.71" lane="2/1to2/0_0" slope="0.00"/>
        <vehicle id="11" x="753.27" y="201.65" angle="-90.00" type="DEFAULT_VEHTYPE" speed="12.67" pos="46.73" lane="4/1to3/1_0" slope="0.00"/>
        <vehicle id="12" x="384.46" y="401.65" angle="-90.00" type="DEFAULT_VEHTYPE" speed="10.24" pos="10.79" lane="2/2to1/2_0" slope="0.00"/>
        <vehicle id="14" x="310.96" y="401.65" angle="-90.00" type="DEFAULT_VEHTYPE" speed="12.97" pos="84.29" lane="2/2to1/2_0" slope="0.00"/>
        <vehicle id="15" x="440.97" y="198.35" angle="90.00" type="DEFAULT_VEHTYPE" speed="12.13" pos="36.22" lane="2/1to3/1_0" slope="0.00"/>
        <vehicle id="16" x="601.65" y="376.44" angle="180.00" type="DEFAULT_VEHTYPE" speed="10.51" pos="171.69" lane="3/1to3/2_0" slope="0.00"/>
        <vehicle id="17" x="240.78" y="198.35" angle="90.00" type="DEFAULT_VEHTYPE" speed="13.62" pos="36.03" lane="1/1to2/1_0" slope="0.00"/>
        <vehicle id="18" x="401.65" y="132.50" angle="180.00" type="DEFAULT_VEHTYPE" speed="13.38" pos="132.50" lane="2/0to2/1_0" slope="0.00"/>
        <vehicle id="19" x="418.22" y="401.65" angle="-90.00" type="DEFAULT_VEHTYPE" speed="8.30" pos="177.03" lane="3/2to2/2_0" slope="0.00"/>
        <vehicle id="2" x="588.66" y="198.35" angle="90.00" type="DEFAULT_VEHTYPE" speed="3.80" pos="183.91" lane="2/1to3/1_0" slope="0.00"/>
        <vehicle id="20" x="398.35" y="95.42" angle="0.00" type="DEFAULT_VEHTYPE" speed="13.35" pos="99.83" lane="2/1to2/0_0" slope="0.00"/>
        <vehicle id="21" x="575.34" y="198.35" angle="90.00" type="DEFAULT_VEHTYPE" speed="8.70" pos="170.59" lane="2/1to3/1_0" slope="0.00"/>
        <vehicle id="22" x="198.35" y="37.85" angle="0.00" type="DEFAULT_VEHTYPE" speed="12.88" pos="157.40" lane="1/1to1/0_0" slope="0.00"/>
        <vehicle id="23" x="550.85" y="198.35" angle="90.00" type="DEFAULT_VEHTYPE" speed="11.80" pos="146.10" lane="2/1to3/1_0" slope="0.00"/>
        <vehicle id="24" x="256.95" y="401.65" angle="-90.00" type="DEFAULT_VEHTYPE" speed="13.74" pos="138.30" lane="2/2to1/2_0" slope="0.00"/>
        <vehicle id="3" x="601.65" y="348.28" angle="180.00" type="DEFAULT_VEHTYPE" speed="13.88" pos="143.53" lane="3/1to3/2_0" slope="0.00"/>
        <vehicle id="4" x="198.35" y="3.00" angle="0.00" type="DEFAULT_VEHTYPE" speed="13.19" pos="192.25" lane="1/1to1/0_0" slope="0.00"/>
        <vehicle id="5" x="512.54" y="401.65" angle="-90.00" type="DEFAULT_VEHTYPE" speed="13.87" pos="82.71" lane="3/2to2/2_0" slope="0.00"/>
        <vehicle id="6" x="601.65" y="214.23" angle="180.00" type="DEFAULT_VEHTYPE" speed="11.18" pos="9.48" lane="3/1to3/2_0" slope="0.00"/>
        <vehicle id="7" x="401.65" y="710.28" angle="180.00" type="DEFAULT_VEHTYPE" speed="13.69" pos="105.53" lane="2/3to2/4_0" slope="0.00"/>
        <vehicle id="8" x="665.30" y="198.35" angle="90.00" type="DEFAULT_VEHTYPE" speed="13.69" pos="60.55" lane="3/1to4/1_0" slope="0.00"/>
        <vehicle id="9" x="305.24" y="198.35" angle="90.00" type="DEFAULT_VEHTYPE" speed="13.25" pos="100.49" lane="1/1to2/1_0" slope="0.00"/>
    </timestep>
    <timestep time="747.00">
        <vehicle id="0" x="178.30" y="198.35" angle="90.00" type="DEFAULT_VEHTYPE" speed="9.66" pos="178.30" lane="0/1to1/1_0" slope="0.00"/>
        <vehicle id="1" x="398.35" y="160.78" angle="0.00" type="DEFAULT_VEHTYPE" speed="13.76" pos="34.47" lane="2/1to2/0_0" slope="0.00"/>
        <vehicle id="11" x="739.84" y="201.65" angle="-90.00" type="DEFAULT_VEHTYPE" speed="13.43" pos="60.16" lane="4/1to3/1_0" slope="0.00"/>
        <vehicle id="12" x="372.63" y="401.65" angle="-90.00" type="DEFAULT_VEHTYPE" speed="11.83" pos="22.62" lane="2/2to1/2_0" slope="0.00"/>
        <vehicle id="14" x="297.25" y="401.65" angle="-90.00" type="DEFAULT_VEHTYPE" speed="13.71" pos="98.00" lane="2/2to1/2_0" slope="0.00"/>
        <vehicle id="15" x="454.27" y="198.35" angle="90.00" type="DEFAULT_VEHTYPE" speed="13.31" pos="49.52" lane="2/1to3/1_0" slope="0.00"/>
        <vehicle id="16" x="601.65" y="383.79" angle="180.00" type="DEFAULT_VEHTYPE" speed="7.35" pos="179.04" lane="3/1to3/2_0" slope="0.00"/>
        <vehicle id="17" x="254.34" y="198.35" angle="90.00" type="DEFAULT_VEHTYPE" speed="13.56" pos="49.59" lane="1/1to2/1_0" slope="0.00"/>
        <vehicle id="18" x="401.65" y="146.34" angle="180.00" type="DEFAULT_VEHTYPE" speed="13.84" pos="146.34" lane="2/0to2/1_0" slope="0.00"/>
        <vehicle id="19" x="412.11" y="401.65" angle="-90.00" type="DEFAULT_VEHTYPE" speed="6.11" pos="183.14" lane="3/2to2/2_0" slope="0.00"/>
        <vehicle id="2" x="594.31" y="198.35" angle="90.00" type="DEFAULT_VEHTYPE" speed="5.65" pos="189.56" lane="2/1to3/1_0" slope="0.00"/>
        <vehicle id="20" x="398.35" y="81.81" angle="0.00" type="DEFAULT_VEHTYPE" speed="13.61" pos="113.44" lane="2/1to2/0_0" slope="0.00"/>
        <vehicle id="21" x="579.54" y="198.35" angle="90.00" type="DEFAULT_VEHTYPE" speed="4.20" pos="174.79" lane="2/1to3/1_0" slope="0.00"/>
        <vehicle id="22" x="198.35" y="24.81" angle="0.00" type="DEFAULT_VEHTYPE" speed="13.04" pos="170.44" lane="1/1to1/0_0" slope="0.00"/>
        <vehicle id="23" x="561.78" y="198.35" angle="90.00" type="DEFAULT_VEHTYPE" speed="10.93" pos="157.03" lane="2/1to3/1_0" slope="0.00"/>
        <vehicle id="24" x="244.33" y="401.65" angle="-90.00" type="DEFAULT_VEHTYPE" speed="12.63" pos="150.92" lane="2/2to1/2_0" slope="0.00"/>
        <vehicle id="3" x="601.65" y="361.25" angle="180.00" type="DEFAULT_VEHTYPE" speed="12.97" pos="156.50" lane="3/1to3/2_0" slope="0.00"/>
        <vehicle id="4" x="201.65" y="5.82" angle="180.00" type="DEFAULT_VEHTYPE" speed="13.64" pos="5.82" lane="1/0to1/1_0" slope="0.00"/>
        <vehicle id="5" x="499.24" y="401.65" angle="-90.00" type="DEFAULT_VEHTYPE" speed="13.30" pos="96.01" lane="3/2to2/2_0" slope="0.00"/>
        <vehicle id="6" x="601.65" y="226.98" angle="180.00" type="DEFAULT_VEHTYPE" speed="12.76" pos="22.23" lane="3/1to3/2_0" slope="0.00"/>
        <vehicle id="7" x="401.65" y="723.47" angle="180.00" type="DEFAULT_VEHTYPE" speed="13.19" pos="118.72" lane="2/3to2/4_0" slope="0.00"/>
        <vehicle id="8" x="678.75" y="198.35" angle="90.00" type="DEFAULT_VEHTYPE" speed="13.46" pos="74.00" lane="3/1to4/1_0" slope="0.00"/>
        <vehicle id="9" x="318.89" y="198.35" angle="90.00" type="DEFAULT_VEHTYPE" speed="13.65" pos="114.14" lane="1/1to2/1_0" slope="0.00"/>
    </timestep>
    <timestep time="748.00">
        <vehicle id="0" x="185.56" y="198.35" angle="90.00" type="DEFAULT_VEHTYPE" speed="7.26" pos="185.56" lane="0/1to1/1_0" slope="0.00"/>
        <vehicle id="1" x="398.35" y="147.32" angle="0.00" type="DEFAULT_VEHTYPE" speed="13.46" pos="47.93" lane="2/1to2/0_0" slope="0.00"/>
        <vehicle id="11" x="727.15" y="201.65" angle="-90.00" type="DEFAULT_VEHTYPE" speed="12.69" pos="72.85" lane="4/1to3/1_0" slope="0.00"/>
        <vehicle id="12" x="358.88" y="401.65" angle="-90.00" type="DEFAULT_VEHTYPE" speed="13.75" pos="36.37" lane="2/2to1/2_0" slope="0.00"/>
        <vehicle id="14" x="283.74" y="401.65" angle="-90.00" type="DEFAULT_VEHTYPE" speed="13.51" pos="111.51" lane="2/2to1/2_0" slope="0.00"/>
        <vehicle id="15" x="468.04" y="198.35" angle="90.00" type="DEFAULT_VEHTYPE" speed="13.76" pos="63.29" lane="2/1to3/1_0" slope="0.00"/>
        <vehicle id="16" x="601.65" y="388.67" angle="180.00" type="DEFAULT_VEHTYPE" speed="4.88" pos="183.92" lane="3/1to3/2_0" slope="0.00"/>
        <vehicle id="17" x="267.81" y="198.35" angle="90.00" type="DEFAULT_VEHTYPE" speed="13.46" pos="63.06" lane="1/1to2/1_0" slope="0.00"/>
        <vehicle id="18" x="401.65" y="159.11" angle="180.00" type="DEFAULT_VEHTYPE" speed="12.77" pos="159.11" lane="2/0to2/1_0" slope="0.00"/>
        <vehicle id="19" x="409.66" y="401.65" angle="-90.00" type="DEFAULT_VEHTYPE" speed="2.45" pos="185.59" lane="3/2to2/2_0" slope="0.00"/>
        <vehicle id="2" x="600.90" y="201.36" angle="125.55" type="DEFAULT_VEHTYPE" speed="7.75" pos="6.81" lane=":3/1_14_0" slope="0.00"/>
        <vehicle id="20" x="398.35" y="69.02" angle="0.00" type="DEFAULT_VEHTYPE" speed="12.79" pos="126.23" lane="2/1to2/0_0" slope="0.00"/>
        <vehicle id="21" x="585.37" y="198.35" angle="90.00" type="DEFAULT_VEHTYPE" speed="5.83" pos="180.62" lane="2/1to3/1_0" slope="0.00"/>
        <vehicle id="22" x="198.35" y="11.16" angle="0.00" type="DEFAULT_VEHTYPE" speed="13.66" pos="184.09" lane="1/1to1/0_0" slope="0.00"/>
        <vehicle id="23" x="568.21" y="198.35" angle="90.00" type="DEFAULT_VEHTYPE" speed="6.43" pos="163.46" lane="2/1to3/1_0" slope="0.00"/>
        <vehicle id="24" x="230.59" y="401.65" angle="-90.00" type="DEFAULT_VEHTYPE" speed="13.74" pos="164.66" lane="2/2to1/2_0" slope="0.00"/>
        <vehicle id="3" x="601.65" y="370.66" angle="180.00" type="DEFAULT_VEHTYPE" speed="9.40" pos="165.91" lane="3/1to3/2_0" slope="0.00"/>
        <vehicle id="4" x="201.65" y="19.41" angle="180.00" type="DEFAULT_VEHTYPE" speed="13.59" pos="19.41" lane="1/0to1/1_0" slope="0.00"/>
        <vehicle id="5" x="486.02" y="401.65" angle="-90.00" type="DEFAULT_VEHTYPE" speed="13.22" pos="109.23" lane="3/2to2/2_0" slope="0.00"/>
        <vehicle id="6" x="601.65" y="239.74" angle="180.00" type="DEFAULT_VEHTYPE" speed="12.76" pos="34.99" lane="3/1to3/2_0" slope="0.00"/>
        <vehicle id="7" x="401.65" y="736.86" angle="180.00" type="DEFAULT_VEHTYPE" speed="13.39" pos="132.11" lane="2/3to2/4_0" slope="0.00"/>
        <vehicle id="8" x="692.17" y="198.35" angle="90.00" type="DEFAULT_VEHTYPE" speed="13.42" pos="87.42" lane="3/1to4/1_0" slope="0.00"/>
        <vehicle id="9" x="332.18" y="198.35" angle="90.00" type="DEFAULT_VEHTYPE" speed="13.28" pos="127.43" lane="1/1to2/1_0" slope="0.00"/>
    </timestep>
    <timestep time="749.00">
        <vehicle id="0" x="189.44" y="198.35" angle="90.00" type="DEFAULT_VEHTYPE" speed="3.88" pos="189.44" lane="0/1to1/1_0" slope="0.00"/>
        <vehicle id="1" x="398.35" y="133.55" angle="0.00" type="DEFAULT_VEHTYPE" speed="13.77" pos="61.70" lane="2/1to2/0_0" slope="0.00"/>
        <vehicle id="11" x="714.31" y="201.65" angle="-90.00" type="DEFAULT_VEHTYPE" speed="12.84" pos="85.69" lane="4/1to3/1_0" slope="0.00"/>
        <vehicle id="12" x="345.28" y="401.65" angle="-90.00" type="DEFAULT_VEHTYPE" speed="13.61" pos="49.97" lane="2/2to1/2_0" slope="0.00"/>
        <vehicle id="14" x="270.81" y="401.65" angle="-90.00" type="DEFAULT_VEHTYPE" speed="12.93" pos="124.44" lane="2/2to1/2_0" slope="0.00"/>
        <vehicle id="15" x="481.10" y="198.35" angle="90.00" type="DEFAULT_VEHTYPE" speed="13.07" pos="76.35" lane="2/1to3/1_0" slope="0.00"/>
        <vehicle id="16" x="601.56" y="395.87" angle="-178.99" type="DEFAULT_VEHTYPE" speed="7.20" pos="0.62" lane=":3/2_10_0" slope="0.00"/>
        <vehicle id="17" x="281.14" y="198.35" angle="90.00" type="DEFAULT_VEHTYPE" speed="13.33" pos="76.39" lane="1/1to2/1_0" slope="0.00"/>
        <vehicle id="18" x="401.65" y="172.87" angle="180.00" type="DEFAULT_VEHTYPE" speed="13.76" pos="172.87" lane="2/0to2/1_0" slope="0.00"/>
        <vehicle id="19" x="405.35" y="401.65" angle="-90.00" type="DEFAULT_VEHTYPE" speed="4.31" pos="189.90" lane="3/2to2/2_0" slope="0.00"/>
        <vehicle id="2" x="601.65" y="211.19" angle="180.00" type="DEFAULT_VEHTYPE" speed="9.95" pos="6.44" lane="3/1to3/2_0" slope="0.00"/>
        <vehicle id="20" x="398.35" y="55.68" angle="0.00" type="DEFAULT_VEHTYPE" speed="13.34" pos="139.57" lane="2/1to2/0_0" slope="0.00"/>
        <vehicle id="21" x="588.91" y="198.35" angle="90.00" type="DEFAULT_VEHTYPE" speed="3.54" pos="184.16" lane="2/1to3/1_0" slope="0.00"/>
        <vehicle id="22" x="199.37" y="-1.34" angle="12.43" type="DEFAULT_VEHTYPE" speed="12.87" pos="1.71" lane=":1/0_0_0" slope="0.00"/>
        <vehicle id="23" x="574.47" y="198.35" angle="90.00" type="DEFAULT_VEHTYPE" speed="6.25" pos="169.72" lane="2/1to3/1_0" slope="0.00"/>
        <vehicle id="24" x="220.80" y="401.65" angle="-90.00" type="DEFAULT_VEHTYPE" speed="9.79" pos="174.45" lane="2/2to1/2_0" slope="0.00"/>
        <vehicle id="3" x="601.65" y="377.43" angle="180.00" type="DEFAULT_VEHTYPE" speed="6.77" pos="172.68" lane="3/1to3/2_0" slope="0.00"/>
        <vehicle id="4" x="201.65" y="32.74" angle="180.00" type="DEFAULT_VEHTYPE" speed="13.33" pos="32.74" lane="1/0to1/1_0" slope="0.00"/>
        <vehicle id="5" x="473.26" y="401.65" angle="-90.00" type="DEFAULT_VEHTYPE" speed="12.75" pos="121.99" lane="3/2to2/2_0" slope="0.00"/>
        <vehicle id="6" x="601.65" y="252.95" angle="180.00" type="DEFAULT_VEHTYPE" speed="13.21" pos="48.20" lane="3/1to3/2_0" slope="0.00"/>
        <vehicle id="7" x="401.65" y="750.58" angle="180.00" type="DEFAULT_VEHTYPE" speed="13.73" pos="145.83" lane="2/3to2/4_0" slope="0.00"/>
        <vehicle id="8" x="706.05" y="198.35" angle="90.00" type="DEFAULT_VEHTYPE" speed="13.88" pos="101.30" lane="3/1to4/1_0" slope="0.00"/>
        <vehicle id="9" x="345.94" y="198.35" angle="90.00" type="DEFAULT_VEHTYPE" speed="13.76" pos="141.19" lane="1/1to2/1_0" slope="0.00"/>
    </timestep>
    <timestep time="750.00">
        <vehicle id="0" x="195.20" y="198.35" angle="90.00" type="DEFAULT_VEHTYPE" speed="5.76" pos="195.20" lane="0/1to1/1_0" slope="0.00"/>
        <vehicle id="1" x="398.35" y="120.64" angle="0.00" type="DEFAULT_VEHTYPE" speed="12.91" pos="74.61" lane="2/1to2/0_0" slope="0.00"/>
        <vehicle id="11" x="700.84" y="201.65" angle="-90.00" type="DEFAULT_VEHTYPE" speed="13.47" pos="99.16" lane="4/1to3/1_0" slope="0.00"/>
        <vehicle id="12" x="332.13" y="401.65" angle="-90.00" type="DEFAULT_VEHTYPE" speed="13.15" pos="63.12" lane="2/2to1/2_0" slope="0.00"/>
        <vehicle id="14" x="258.11" y="401.65" angle="-90.00" type="DEFAULT_VEHTYPE" speed="12.70" pos="137.14" lane="2/2to1/2_0" slope="0.00"/>
        <vehicle id="15" x="494.13" y="198.35" angle="90.00" type="DEFAULT_VEHTYPE" speed="13.02" pos="89.38" lane="2/1to3/1_0" slope="0.00"/>
        <vehicle id="16" x="596.17" y="401.52" angle="-116.51" type="DEFAULT_VEHTYPE" speed="8.76" pos="2.25" lane=":3/2_18_0" slope="0.00"/>
        <vehicle id="17" x="294.25" y="198.35" angle="90.00" type="DEFAULT_VEHTYPE" speed="13.11" pos="89.50" lane="1/1to2/1_0" slope="0.00"/>
        <vehicle id="18" x="401.65" y="186.58" angle="180.00" type="DEFAULT_VEHTYPE" speed="13.71" pos="186.58" lane="2/0to2/1_0" slope="0.00"/>
        <vehicle id="19" x="398.52" y="401.65" angle="-90.00" type="DEFAULT_VEHTYPE" speed="6.83" pos="6.23" lane=":2/2_5_0" slope="0.00"/>
        <vehicle id="2" x="601.65" y="223.58" angle="180.00" type="DEFAULT_VEHTYPE" speed="12.39" pos="18.83" lane="3/1to3/2_0" slope="0.00"/>
        <vehicle id="20" x="398.35" y="42.57" angle="0.00" type="DEFAULT_VEHTYPE" speed="13.12" pos="152.68" lane="2/1to2/0_0" slope="0.00"/>
        <vehicle id="21" x="594.79" y="198.35" angle="90.00" type="DEFAULT_VEHTYPE" speed="5.88" pos="190.04" lane="2/1to3/1_0" slope="0.00"/>
        <vehicle id="22" x="201.65" y="9.83" angle="180.00" type="DEFAULT_VEHTYPE" speed="12.94" pos="9.83" lane="1/0to1/1_0" slope="0.00"/>
        <vehicle id="23" x="578.62" y="198.35" angle="90.00" type="DEFAULT_VEHTYPE" speed="4.16" pos="173.87" lane="2/1to3/1_0" slope="0.00"/>
        <vehicle id="24" x="214.25" y="401.65" angle="-90.00" type="DEFAULT_VEHTYPE" speed="6.54" pos="181.00" lane="2/2to1/2_0" slope="0.00"/>
        <vehicle id="3" x="601.65" y="384.79" angle="180.00" type="DEFAULT_VEHTYPE" speed="7.37" pos="180.04" lane="3/1to3/2_0" slope="0.00"/>
        <vehicle id="4" x="201.65" y="46.42" angle="180.00" type="DEFAULT_VEHTYPE" speed="13.68" pos="46.42" lane="1/0to1/1_0" slope="0.00"/>
        <vehicle id="5" x="460.22" y="401.65" angle="-90.00" type="DEFAULT_VEHTYPE" speed="13.05" pos="135.03" lane="3/2to2/2_0" slope="0.00"/>
        <vehicle id="6" x="601.65" y="266.05" angle="180.00" type="DEFAULT_VEHTYPE" speed="13.10" pos="61.30" lane="3/1to3/2_0" slope="0.00"/>
        <vehicle id="7" x="401.65" y="763.60" angle="180.00" type="DEFAULT_VEHTYPE" speed="13.02" pos="158.85" lane="2/3to2/4_0" slope="0.00"/>
        <vehicle id="8" x="718.79" y="198.35" angle="90.00" type="DEFAULT_VEHTYPE" speed="12.74" pos="114.04" lane="3/1to4/1_0" slope="0.00"/>
        <vehicle id="9" x="358.55" y="198.35" angle="90.00" type="DEFAULT_VEHTYPE" speed="12.61" pos="153.80" lane="1/1to2/1_0" slope="0.00"/>
    </timestep>
    <timestep time="751.00">
        <vehicle id="0" x="198.35" y="192.41" angle="6.99" type="DEFAULT_VEHTYPE" speed="7.89" pos="2.84" lane="1/1to1/0_0" slope="0.00"/>
        <vehicle id="1" x="398.35" y="107.19" angle="0.00" type="DEFAULT_VEHTYPE" speed="13.45" pos="88.06" lane="2/1to2/0_0" slope="0.00"/>
        <vehicle id="11" x="687.74" y="201.65" angle="-90.00" type="DEFAULT_VEHTYPE" speed="13.10" pos="112.26" lane="4/1to3/1_0" slope="0.00"/>
        <vehicle id="12" x="318.54" y="401.65" angle="-90.00" type="DEFAULT_VEHTYPE" speed="13.59" pos="76.71" lane="2/2to1/2_0" slope="0.00"/>
        <vehicle id="14" x="244.35" y="401.65" angle="-90.00" type="DEFAULT_VEHTYPE" speed="13.75" pos="150.90" lane="2/2to1/2_0" slope="0.00"/>
        <vehicle id="15" x="506.98" y="198.35" angle="90.00" type="DEFAULT_VEHTYPE" speed="12.85" pos="102.23" lane="2/1to3/1_0" slope="0.00"/>
        <vehicle id="16" x="585.68" y="401.65" angle="-90.00" type="DEFAULT_VEHTYPE" speed="10.50" pos="9.57" lane="3/2to2/2_0" slope="0.00"/>
        <vehicle id="17" x="308.00" y="198.35" angle="90.00" type="DEFAULT_VEHTYPE" speed="13.75" pos="103.25" lane="1/1to2/1_0" slope="0.00"/>
        <vehicle id="18" x="404.97" y="198.35" angle="131.15" type="DEFAULT_VEHTYPE" speed="13.90" pos="0.22" lane="2/1to3/1_0" slope="0.00"/>
        <vehicle id="19" x="389.16" y="401.65" angle="-90.00" type="DEFAULT_VEHTYPE" speed="9.36" pos="6.09" lane="2/2to1/2_0" slope="0.00"/>
        <vehicle id="2" x="601.65" y="237.11" angle="180.00" type="DEFAULT_VEHTYPE" speed="13.53" pos="32.36" lane="3/1to3/2_0" slope="0.00"/>
        <vehicle id="20" x="398.35" y="29.93" angle="0.00" type="DEFAULT_VEHTYPE" speed="12.64" pos="165.32" lane="2/1to2/0_0" slope="0.00"/>
        <vehicle id="21" x="601.29" y="202.24" angle="136.82" type="DEFAULT_VEHTYPE" speed="8.25" pos="7.79" lane=":3/1_14_0" slope="0.00"/>
        <vehicle id="22" x="201.65" y="23.56" angle="180.00" type="DEFAULT_VEHTYPE" speed="13.73" pos="23.56" lane="1/0to1/1_0" slope="0.00"/>
        <vehicle id="23" x="584.95" y="198.35" angle="90.00" type="DEFAULT_VEHTYPE" speed="6.32" pos="180.20" lane="2/1to3/1_0" slope="0.00"/>
        <vehicle id="24" x="210.40" y="401.65" angle="-90.00" type="DEFAULT_VEHTYPE" speed="3.85" pos="184.85" lane="2/2to1/2_0" slope="0.00"/>
        <vehicle id="3" x="601.65" y="388.94" angle="180.00" type="DEFAULT_VEHTYPE" speed="4.14" pos="184.19" lane="3/1to3/2_0" slope="0.00"/>
        <vehicle id="4" x="201.65" y="59.13" angle="180.00" type="DEFAULT_VEHTYPE" speed="12.71" pos="59.13" lane="1/0to1/1_0" slope="0.00"/>
        <vehicle id="5" x="446.49" y="401.65" angle="-90.00" type="DEFAULT_VEHTYPE" speed="13.73" pos="148.76" lane="3/2to2/2_0" slope="0.00"/>
        <vehicle id="6" x="601.65" y="279.35" angle="180.00" type="DEFAULT_VEHTYPE" speed="13.30" pos="74.60" lane="3/1to3/2_0" slope="0.00"/>
        <vehicle id="7" x="401.65" y="776.29" angle="180.00" type="DEFAULT_VEHTYPE" speed="12.69" pos="171.54" lane="2/3to2/4_0" slope="0.00"/>
        <vehicle id="8" x="731.64" y="198.35" angle="90.00" type="DEFAULT_VEHTYPE" speed="12.85" pos="126.89" lane="3/1to4/1_0" slope="0.00"/>
        <vehicle id="9" x="372.02" y="198.35" angle="90.00" type="DEFAULT_VEHTYPE" speed="13.47" pos="167.27" lane="1/1to2/1_0" slope="0.00"/>
    </timestep>
    <timestep time="752.00">
        <vehicle id="0" x="198.35" y="183.02" angle="0.00" type="DEFAULT_VEHTYPE" speed="9.39" pos="12.23" lane="1/1to1/0_0" slope="0.00"/>
        <vehicle id="1" x="398.35" y="93.55" angle="0.00" type="DEFAULT_VEHTYPE" speed="13.65" pos="101.70" lane="2/1to2/0_0" slope="0.00"/>
        <vehicle id="11" x="673.88" y="201.65" angle="-90.00" type="DEFAULT_VEHTYPE" speed="13.86" pos="126.12" lane="4/1to3/1_0" slope="0.00"/>
        <vehicle id="12" x="305.42" y="401.65" angle="-90.00" type="DEFAULT_VEHTYPE" speed="13.13" pos="89.83" lane="2/2to1/2_0" slope="0.00"/>
        <vehicle id="14" x="233.22" y="401.65" angle="-90.00" type="DEFAULT_VEHTYPE" speed="11.14" pos="162.03" lane="2/2to1/2_0" slope="0.00"/>
        <vehicle id="15" x="520.47" y="198.35" angle="90.00" type="DEFAULT_VEHTYPE" speed="13.49" pos="115.72" lane="2/1to3/1_0" slope="0.00"/>
        <vehicle id="16" x="572.77" y="401.65" angle="-90.00" type="DEFAULT_VEHTYPE" speed="12.91" pos="22.48" lane="3/2to2/2_0" slope="0.00"/>
        <vehicle id="17" x="321.61" y="198.35" angle="90.00" type="DEFAULT_VEHTYPE" speed="13.62" pos="116.86" lane="1/1to2/1_0" slope="0.00"/>
        <vehicle id="18" x="418.29" y="198.35" angle="90.00" type="DEFAULT_VEHTYPE" speed="13.32" pos="13.54" lane="2/1to3/1_0" slope="0.00"/>
        <vehicle id="19" x="377.38" y="401.65" angle="-90.00" type="DEFAULT_VEHTYPE" speed="11.78" pos="17.87" lane="2/2to1/2_0" slope="0.00"/>
        <vehicle id="2" x="601.65" y="250.24" angle="180.00" type="DEFAULT_VEHTYPE" speed="13.13" pos="45.49" lane="3/1to3/2_0" slope="0.00"/>
        <vehicle id="20" x="398.35" y="16.78" angle="0.00" type="DEFAULT_VEHTYPE" speed="13.15" pos="178.47" lane="2/1to2/0_0" slope="0.00"/>
        <vehicle id="21" x="601.65" y="212.23" angle="180.00" type="DEFAULT_VEHTYPE" speed="10.01" pos="7.48" lane="3/1to3/2_0" slope="0.00"/>
        <vehicle id="22" x="201.65" y="37.16" angle="180.00" type="DEFAULT_VEHTYPE" speed="13.59" pos="37.16" lane="1/0to1/1_0" slope="0.00"/>
        <vehicle id="23" x="589.65" y="198.35" angle="90.00" type="DEFAULT_VEHTYPE" speed="4.70" pos="184.90" lane="2/1to3/1_0" slope="0.00"/>
        <vehicle id="24" x="204.21" y="401.57" angle="-89.12" type="DEFAULT_VEHTYPE" speed="6.19" pos="0.54" lane=":1/2_6_0" slope="0.00"/>
        <vehicle id="3" x="601.60" y="395.62" angle="-179.39" type="DEFAULT_VEHTYPE" speed="6.69" pos="0.37" lane=":3/2_10_0" slope="0.00"/>
        <vehicle id="4" x="201.65" y="72.43" angle="180.00" type="DEFAULT_VEHTYPE" speed="13.30" pos="72.43" lane="1/0to1/1_0" slope="0.00"/>
        <vehicle id="5" x="432.73" y="401.65" angle="-90.00" type="DEFAULT_VEHTYPE" speed="13.76" pos="162.52" lane="3/2to2/2_0" slope="0.00"/>
        <vehicle id="6" x="601.65" y="292.38" angle="180.00" type="DEFAULT_VEHTYPE" speed="13.03" pos="87.63" lane="3/1to3/2_0" slope="0.00"/>
        <vehicle id="7" x="401.65" y="789.00" angle="180.00" type="DEFAULT_VEHTYPE" speed="12.70" pos="184.25" lane="2/3to2/4_0" slope="0.00"/>
        <vehicle id="8" x="744.28" y="198.35" angle="90.00" type="DEFAULT_VEHTYPE" speed="12.64" pos="139.53" lane="3/1to4/1_0" slope="0.00"/>
        <vehicle id="9" x="381.59" y="198.35" angle="90.00" type="DEFAULT_VEHTYPE" speed="9.57" pos="176.84" lane="1/1to2/1_0" slope="0.00"/>
    </timestep>
    <timestep time="753.00">
        <vehicle id="0" x="198.35" y="171.52" angle="0.00" type="DEFAULT_VEHTYPE" speed="11.50" pos="23.73" lane="1/1to1/0_0" slope="0.00"/>
        <vehicle id="1" x="398.35" y="79.72" angle="0.00" type="DEFAULT_VEHTYPE" speed="13.82" pos="115.53" lane="2/1to2/0_0" slope="0.00"/>
        <vehicle id="11" x="661.07" y="201.65" angle="-90.00" type="DEFAULT_VEHTYPE" speed="12.80" pos="138.93" lane="4/1to3/1_0" slope="0.00"/>
        <vehicle id="12" x="292.72" y="401.65" angle="-90.00" type="DEFAULT_VEHTYPE" speed="12.69" pos="102.53" lane="2/2to1/2_0" slope="0.00"/>
        <vehicle id="14" x="222.32" y="401.65" angle="-90.00" type="DEFAULT_VEHTYPE" speed="10.90" pos="172.93" lane="2/2to1/2_0" slope="0.00"/>
        <vehicle id="15" x="533.67" y="198.35" angle="90.00" type="DEFAULT_VEHTYPE" speed="13.20" pos="128.92" lane="2/1to3/1_0" slope="0.00"/>
        <vehicle id="16" x="559.53" y="401.65" angle="-90.00" type="DEFAULT_VEHTYPE" speed="13.24" pos="35.72" lane="3/2to2/2_0" slope="0.00"/>
        <vehicle id="17" x="334.49" y="198.35" angle="90.00" type="DEFAULT_VEHTYPE" speed="12.88" pos="129.74" lane="1/1to2/1_0" slope="0.00"/>
        <vehicle id="18" x="430.99" y="198.35" angle="90.00" type="DEFAULT_VEHTYPE" speed="12.70" pos="26.24" lane="2/1to3/1_0" slope="0.00"/>
        <vehicle id="19" x="363.79" y="401.65" angle="-90.00" type="DEFAULT_VEHTYPE" speed="13.59" pos="31.46" lane="2/2to1/2_0" slope="0.00"/>
        <vehicle id="2" x="601.65" y="263.94" angle="180.00" type="DEFAULT_VEHTYPE" speed="13.71" pos="59.19" lane="3/1to3/2_0" slope="0.00"/>
        <vehicle id="20" x="398.35" y="3.37" angle="0.00" type="DEFAULT_VEHTYPE" speed="13.41" pos="191.88" lane="2/1to2/0_0" slope="0.00"/>
        <vehicle id="21" x="601.65" y="224.52" angle="180.00" type="DEFAULT_VEHTYPE" speed="12.29" pos="19.77" lane="3/1to3/2_0" slope="0.00"/>
        <vehicle id="22" x="201.65" y="50.56" angle="180.00" type="DEFAULT_VEHTYPE" speed="13.40" pos="50.56" lane="1/0to1/1_0" slope="0.00"/>
        <vehicle id="23" x="595.70" y="198.35" angle="90.00" type="DEFAULT_VEHTYPE" speed="6.05" pos="0.45" lane=":3/1_13_0" slope="0.00"/>
        <vehicle id="24" x="198.60" y="397.01" angle="-35.23" type="DEFAULT_VEHTYPE" speed="8.00" pos="8.54" lane=":1/2_6_0" slope="0.00"/>
        <vehicle id="3" x="596.59" y="401.46" angle="-120.84" type="DEFAULT_VEHTYPE" speed="8.59" pos="1.83" lane=":3/2_18_0" slope="0.00"/>
        <vehicle id="4" x="201.65" y="86.12" angle="180.00" type="DEFAULT_VEHTYPE" speed="13.69" pos="86.12" lane="1/0to1/1_0" slope="0.00"/>
        <vehicle id="5" x="422.10" y="401.65" angle="-90.00" type="DEFAULT_VEHTYPE" speed="10.63" pos="173.15" lane="3/2to2/2_0" slope="0.00"/>
        <vehicle id="6" x="601.65" y="306.10" angle="180.00" type="DEFAULT_VEHTYPE" speed="13.71" pos="101.35" lane="3/1to3/2_0" slope="0.00"/>
        <vehicle id="7" x="400.15" y="801.57" angle="-160.93" type="DEFAULT_VEHTYPE" speed="13.24" pos="2.24" lane=":2/4_0_0" slope="0.00"/>
        <vehicle id="8" x="758.02" y="198.35" angle="90.00" type="DEFAULT_VEHTYPE" speed="13.74" pos="153.27" lane="3/1to4/1_0" slope="0.00"/>
        <vehicle id="9" x="387.85" y="198.35" angle="90.00" type="DEFAULT_VEHTYPE" speed="6.26" pos="183.10" lane="1/1to2/1_0" slope="0.00"/>
    </timestep>
    <timestep time="754.00">
        <vehicle id="0" x="198.35" y="157.90" angle="0.00" type="DEFAULT_VEHTYPE" speed="13.61" pos="37.35" lane="1/1to1/0_0" slope="0.00"/>
        <vehicle id="1" x="398.35" y="66.91" angle="0.00" type="DEFAULT_VEHTYPE" speed="12.82" pos="128.34" lane="2/1to2/0_0" slope="0.00"/>
        <vehicle id="11" x="648.12" y="201.65" angle="-90.00" type="DEFAULT_VEHTYPE" speed="12.95" pos="151.88" lane="4/1to3/1_0" slope="0.00"/>
        <vehicle id="12" x="279.61" y="401.65" angle="-90.00" type="DEFAULT_VEHTYPE" speed="13.11" pos="115.64" lane="2/2to1/2_0" slope="0.00"/>
        <vehicle id="14" x="214.64" y="401.65" angle="-90.00" type="DEFAULT_VEHTYPE" speed="7.68" pos="180.61" lane="2/2to1/2_0" slope="0.00"/>
        <vehicle id="15" x="546.69" y="198.35" angle="90.00" type="DEFAULT_VEHTYPE" speed="13.02" pos="141.94" lane="2/1to3/1_0" slope="0.00"/>
        <vehicle id="16" x="546.64" y="401.65" angle="-90.00" type="DEFAULT_VEHTYPE" speed="12.89" pos="48.61" lane="3/2to2/2_0" slope="0.00"/>
        <vehicle id="17" x="347.16" y="198.35" angle="90.00" type="DEFAULT_VEHTYPE" speed="12.67" pos="142.41" lane="1/1to2/1_0" slope="0.00"/>
        <vehicle id="18" x="443.78" y="198.35" angle="90.00" type="DEFAULT_VEHTYPE" speed="12.79" pos="39.03" lane="2/1to3/1_0" slope="0.00"/>
        <vehicle id="19" x="350.37" y="401.65" angle="-90.00" type="DEFAULT_VEHTYPE" speed="13.41" pos="44.88" lane="2/2to1/2_0" slope="0.00"/>
        <vehicle id="2" x="601.65" y="276.70" angle="180.00" type="DEFAULT_VEHTYPE" speed="12.75" pos="71.95" lane="3/1to3/2_0" slope="0.00"/>
        <vehicle id="20" x="401.65" y="4.88" angle="179.21" type="DEFAULT_VEHTYPE" speed="13.07" pos="4.88" lane="2/0to2/1_0" slope="0.00"/>
        <vehicle id="21" x="601.65" y="237.85" angle="180.00" type="DEFAULT_VEHTYPE" speed="13.33" pos="33.10" lane="3/1to3/2_0" slope="0.00"/>
        <vehicle id="22" x="201.65" y="64.03" angle="180.00" type="DEFAULT_VEHTYPE" speed="13.48" pos="64.03" lane="1/0to1/1_0" slope="0.00"/>
        <vehicle id="23" x="604.20" y="198.35" angle="90.00" type="DEFAULT_VEHTYPE" speed="8.49" pos="8.95" lane=":3/1_13_0" slope="0.00"/>
        <vehicle id="24" x="198.35" y="387.59" angle="0.00" type="DEFAULT_VEHTYPE" speed="9.43" pos="7.66" lane="1/2to1/1_0" slope="0.00"/>
        <vehicle id="3" x="586.09" y="401.65" angle="-90.00" type="DEFAULT_VEHTYPE" speed="10.51" pos="9.16" lane="3/2to2/2_0" slope="0.00"/>
        <vehicle id="4" x="201.65" y="99.77" angle="180.00" type="DEFAULT_VEHTYPE" speed="13.64" pos="99.77" lane="1/0to1/1_0" slope="0.00"/>
        <vehicle id="5" x="414.30" y="401.65" angle="-90.00" type="DEFAULT_VEHTYPE" speed="7.80" pos="180.95" lane="3/2to2/2_0" slope="0.00"/>
        <vehicle id="6" x="601.65" y="319.60" angle="180.00" type="DEFAULT_VEHTYPE" speed="13.50" pos="114.85" lane="3/1to3/2_0" slope="0.00"/>
        <vehicle id="7" x="398.35" y="789.00" angle="0.00" type="DEFAULT_VEHTYPE" speed="13.58" pos="11.00" lane="2/4to2/3_0" slope="0.00"/>
        <vehicle id="8" x="771.64" y="198.35" angle="90.00" type="DEFAULT_VEHTYPE" speed="13.63" pos="166.89" lane="3/1to4/1_0" slope="0.00"/>
        <vehicle id="9" x="390.27" y="198.35" angle="90.00" type="DEFAULT_VEHTYPE" speed="2.42" pos="185.52" lane="1/1to2/1_0" slope="0.00"/>
    </timestep>
    <timestep time="755.00">
        <vehicle id="0" x="198.35" y="144.83" angle="0.00" type="DEFAULT_VEHTYPE" speed="13.07" pos="50.42" lane="1/1to1/0_0" slope="0.00"/>
        <vehicle id="1" x="398.35" y="53.49" angle="0.00" type="DEFAULT_VEHTYPE" speed="13.41" pos="141.76" lane="2/1to2/0_0" slope="0.00"/>
        <vehicle id="11" x="634.40" y="201.65" angle="-90.00" type="DEFAULT_VEHTYPE" speed="13.72" pos="165.60" lane="4/1to3/1_0" slope="0.00"/>
        <vehicle id="12" x="266.82" y="401.65" angle="-90.00" type="DEFAULT_VEHTYPE" speed="12.79" pos="128.43" lane="2/2to1/2_0" slope="0.00"/>
        <vehicle id="14" x="209.96" y="401.65" angle="-90.00" type="DEFAULT_VEHTYPE" speed="4.68" pos="185.29" lane="2/2to1/2_0" slope="0.00"/>
        <vehicle id="15" x="559.63" y="198.35" angle="90.00" type="DEFAULT_VEHTYPE" speed="12.93" pos="154.88" lane="2/1to3/1_0" slope="0.00"/>
        <vehicle id="16" x="533.47" y="401.65" angle="-90.00" type="DEFAULT_VEHTYPE" speed="13.18" pos="61.78" lane="3/2to2/2_0" slope="0.00"/>
        <vehicle id="17" x="360.89" y="198.35" angle="90.00" type="DEFAULT_VEHTYPE" speed="13.73" pos="156.14" lane="1/1to2/1_0" slope="0.00"/>
        <vehicle id="18" x="456.41" y="198.35" angle="90.00" type="DEFAULT_VEHTYPE" speed="12.63" pos="51.66" lane="2/1to3/1_0" slope="0.00"/>
        <vehicle id="19" x="337.22" y="401.65" angle="-90.00" type="DEFAULT_VEHTYPE" speed="13.16" pos="58.03" lane="2/2to1/2_0" slope="0.00"/>
        <vehicle id="2" x="601.65" y="290.58" angle="180.00" type="DEFAULT_VEHTYPE" speed="13.88" pos="85.83" lane="3/1to3/2_0" slope="0.00"/>
        <vehicle id="20" x="401.65" y="18.64" angle="180.00" type="DEFAULT_VEHTYPE" speed="13.77" pos="18.64" lane="2/0to2/1_0" slope="0.00"/>
        <vehicle id="21" x="601.65" y="250.89" angle="180.00" type="DEFAULT_VEHTYPE" speed="13.04" pos="46.14" lane="3/1to3/2_0" slope="0.00"/>
        <vehicle id="22" x="201.65" y="76.89" angle="180.00" type="DEFAULT_VEHTYPE" speed="12.85" pos="76.89" lane="1/0to1/1_0" slope="0.00"/>
        <vehicle id="23" x="614.55" y="198.35" angle="90.00" type="DEFAULT_VEHTYPE" speed="10.35" pos="9.80" lane="3/1to4/1_0" slope="0.00"/>
        <vehicle id="24" x="198.35" y="376.51" angle="0.00" type="DEFAULT_VEHTYPE" speed="11.09" pos="18.74" lane="1/2to1/1_0" slope="0.00"/>
        <vehicle id="3" x="573.34" y="401.65" angle="-90.00" type="DEFAULT_VEHTYPE" speed="12.75" pos="21.91" lane="3/2to2/2_0" slope="0.00"/>
        <vehicle id="4" x="201.65" y="113.06" angle="180.00" type="DEFAULT_VEHTYPE" speed="13.29" pos="113.06" lane="1/0to1/1_0" slope="0.00"/>
        <vehicle id="5" x="410.54" y="401.65" angle="-90.00" type="DEFAULT_VEHTYPE" speed="3.76" pos="184.71" lane="3/2to2/2_0" slope="0.00"/>
        <vehicle id="6" x="601.65" y="333.21" angle="180.00" type="DEFAULT_VEHTYPE" speed="13.61" pos="128.46" lane="3/1to3/2_0" slope="0.00"/>
        <vehicle id="7" x="398.35" y="775.74" angle="0.00" type="DEFAULT_VEHTYPE" speed="13.26" pos="24.26" lane="2/4to2/3_0" slope="0.00"/>
        <vehicle id="8" x="784.77" y="198.35" angle="90.00" type="DEFAULT_VEHTYPE" speed="13.13" pos="180.02" lane="3/1to4/1_0" slope="0.00"/>
        <vehicle id="9" x="394.03" y="198.35" angle="90.00" type="DEFAULT_VEHTYPE" speed="3.77" pos="189.28" lane="1/1to2/1_0" slope="0.00"/>
    </timestep>
    <timestep time="756.00">
        <vehicle id="0" x="198.35" y="131.79" angle="0.00" type="DEFAULT_VEHTYPE" speed="13.04" pos="63.46" lane="1/1to1/0_0" slope="0.00"/>
        <vehicle id="1" x="398.35" y="39.86" angle="0.00" type="DEFAULT_VEHTYPE" speed="13.63" pos="155.39" lane="2/1to2/0_0" slope="0.00"/>
        <vehicle id="11" x="623.93" y="201.65" angle="-90.00" type="DEFAULT_VEHTYPE" speed="10.47" pos="176.07" lane="4/1to3/1_0" slope="0.00"/>
        <vehicle id="12" x="254.05" y="401.65" angle="-90.00" type="DEFAULT_VEHTYPE" speed="12.77" pos="141.20" lane="2/2to1/2_0" slope="0.00"/>
        <vehicle id="14" x="203.23" y="401.43" angle="-87.50" type="DEFAULT_VEHTYPE" speed="6.75" pos="1.54" lane=":1/2_6_0" slope="0.00"/>
        <vehicle id="15" x="571.80" y="198.35" angle="90.00" type="DEFAULT_VEHTYPE" speed="12.17" pos="167.05" lane="2/1to3/1_0" slope="0.00"/>
        <vehicle id="16" x="520.56" y="401.65" angle="-90.00" type="DEFAULT_VEHTYPE" speed="12.90" pos="74.69" lane="3/2to2/2_0" slope="0.00"/>
        <vehicle id="17" x="372.06" y="198.35" angle="90.00" type="DEFAULT_VEHTYPE" speed="11.17" pos="167.31" lane="1/1to2/1_0" slope="0.00"/>
        <vehicle id="18" x="469.40" y="198.35" angle="90.00" type="DEFAULT_VEHTYPE" speed="12.99" pos="64.65" lane="2/1to3/1_0" slope="0.00"/>
        <vehicle id="19" x="324.01" y="401.65" angle="-90.00" type="DEFAULT_VEHTYPE" speed="13.20" pos="71.24" lane="2/2to1/2_0" slope="0.00"/>
        <vehicle id="2" x="601.65" y="303.21" angle="180.00" type="DEFAULT_VEHTYPE" speed="12.63" pos="98.46" lane="3/1to3/2_0" slope="0.00"/>
        <vehicle id="20" x="401.65" y="31.60" angle="180.00" type="DEFAULT_VEHTYPE" speed="12.96" pos="31.60" lane="2/0to2/1_0" slope="0.00"/>
        <vehicle id="21" x="601.65" y="264.29" angle="180.00" type="DEFAULT_VEHTYPE" speed="13.40" pos="59.54" lane="3/1to3/2_0" slope="0.00"/>
        <vehicle id="22" x="201.65" y="90.67" angle="180.00" type="DEFAULT_VEHTYPE" speed="13.78" pos="90.67" lane="1/0to1/1_0" slope="0.00"/>
        <vehicle id="23" x="627.09" y="198.35" angle="90.00" type="DEFAULT_VEHTYPE" speed="12.54" pos="22.34" lane="3/1to4/1_0" slope="0.00"/>
        <vehicle id="24" x="198.35" y="363.03" angle="0.00" type="DEFAULT_VEHTYPE" speed="13.48" pos="32.22" lane="1/2to1/1_0" slope="0.00"/>
        <vehicle id="3" x="559.58" y="401.65" angle="-90.00" type="DEFAULT_VEHTYPE" speed="13.76" pos="35.67" lane="3/2to2/2_0" slope="0.00"/>
        <vehicle id="4" x="201.65" y="126.77" angle="180.00" type="DEFAULT_VEHTYPE" speed="13.71" pos="126.77" lane="1/0to1/1_0" slope="0.00"/>
        <vehicle id="5" x="404.27" y="401.65" angle="-90.00" type="DEFAULT_VEHTYPE" speed="6.27" pos="0.48" lane=":2/2_5_0" slope="0.00"/>
        <vehicle id="6" x="601.65" y="346.39" angle="180.00" type="DEFAULT_VEHTYPE" speed="13.19" pos="141.64" lane="3/1to3/2_0" slope="0.00"/>
        <vehicle id="7" x="398.35" y="762.46" angle="0.00" type="DEFAULT_VEHTYPE" speed="13.28" pos="37.54" lane="2/4to2/3_0" slope="0.00"/>
        <vehicle id="8" x="798.47" y="198.35" angle="90.00" type="DEFAULT_VEHTYPE" speed="13.70" pos="193.72" lane="3/1to4/1_0" slope="0.00"/>
        <vehicle id="9" x="400.13" y="198.35" angle="90.00" type="DEFAULT_VEHTYPE" speed="6.10" pos="4.88" lane=":2/1_13_0" slope="0.00"/>
    </timestep>
    <timestep time="757.00">
        <vehicle id="0" x="198.35" y="118.75" angle="0.00" type="DEFAULT_VEHTYPE" speed="13.04" pos="76.50" lane="1/1to1/0_0" slope="0.00"/>
        <vehicle id="1" x="398.35" y="26.65" angle="0.00" type="DEFAULT_VEHTYPE" speed="13.21" pos="168.60" lane="2/1to2/0_0" slope="0.00"/>
        <vehicle id="11" x="615.92" y="201.65" angle="-90.00" type="DEFAULT_VEHTYPE" speed="8.01" pos="184.08" lane="4/1to3/1_0" slope="0.00"/>
        <vehicle id="12" x="240.49" y="401.65" angle="-90.00" type="DEFAULT_VEHTYPE" speed="13.56" pos="154.76" lane="2/2to1/2_0" slope="0.00"/>
        <vehicle id="14" x="198.35" y="394.89" angle="-15.80" type="DEFAULT_VEHTYPE" speed="9.14" pos="0.36" lane="1/2to1/1_0" slope="0.00"/>
        <vehicle id="15" x="581.19" y="198.35" angle="90.00" type="DEFAULT_VEHTYPE" speed="9.39" pos="176.44" lane="2/1to3/1_0" slope="0.00"/>
        <vehicle id="16" x="507.71" y="401.65" angle="-90.00" type="DEFAULT_VEHTYPE" speed="12.85" pos="87.54" lane="3/2to2/2_0" slope="0.00"/>
        <vehicle id="17" x="381.19" y="198.35" angle="90.00" type="DEFAULT_VEHTYPE" speed="9.13" pos="176.44" lane="1/1to2/1_0" slope="0.00"/>
        <vehicle id="18" x="483.09" y="198.35" angle="90.00" type="DEFAULT_VEHTYPE" speed="13.68" pos="78.34" lane="2/1to3/1_0" slope="0.00"/>
        <vehicle id="19" x="310.78" y="401.65" angle="-90.00" type="DEFAULT_VEHTYPE" speed="13.23" pos="84.47" lane="2/2to1/2_0" slope="0.00"/>
        <vehicle id="2" x="601.65" y="315.87" angle="180.00" type="DEFAULT_VEHTYPE" speed="12.66" pos="111.12" lane="3/1to3/2_0" slope="0.00"/>
        <vehicle id="20" x="401.65" y="44.75" angle="180.00" type="DEFAULT_VEHTYPE" speed="13.15" pos="44.75" lane="2/0to2/1_0" slope="0.00"/>
        <vehicle id="21" x="601.65" y="278.18" angle="180.00" type="DEFAULT_VEHTYPE" speed="13.89" pos="73.43" lane="3/1to3/2_0" slope="0.00"/>
        <vehicle id="22" x="201.65" y="104.12" angle="180.00" type="DEFAULT_VEHTYPE" speed="13.45" pos="104.12" lane="1/0to1/1_0" slope="0.00"/>
        <vehicle id="23" x="639.72" y="198.35" angle="90.00" type="DEFAULT_VEHTYPE" speed="12.63" pos="34.97" lane="3/1to4/1_0" slope="0.00"/>
        <vehicle id="24" x="198.35" y="350.11" angle="0.00" type="DEFAULT_VEHTYPE" speed="12.91" pos="45.14" lane="1/2to1/1_0" slope="0.00"/>
        <vehicle id="3" x="545.85" y="401.65" angle="-90.00" type="DEFAULT_VEHTYPE" speed="13.72" pos="49.40" lane="3/2to2/2_0" slope="0.00"/>
        <vehicle id="4" x="201.65" y="140.18" angle="180.00" type="DEFAULT_VEHTYPE" speed="13.41" pos="140.18" lane="1/0to1/1_0" slope="0.00"/>
        <vehicle id="5" x="396.29" y="401.65" angle="-90.00" type="DEFAULT_VEHTYPE" speed="7.98" pos="8.46" lane=":2/2_5_0" slope="0.00"/>
        <vehicle id="6" x="601.65" y="359.87" angle="180.00" type="DEFAULT_VEHTYPE" speed="13.48" pos="155.12" lane="3/1to3/2_0" slope="0.00"/>
        <vehicle id="7" x="398.35" y="748.95" angle="0.00" type="DEFAULT_VEHTYPE" speed="13.51" pos="51.05" lane="2/4to2/3_0" slope="0.00"/>
        <vehicle id="8" x="793.53" y="201.65" angle="-90.00" type="DEFAULT_VEHTYPE" speed="12.81" pos="6.47" lane="4/1to3/1_0" slope="0.00"/>
        <vehicle id="9" x="408.16" y="198.35" angle="90.00" type="DEFAULT_VEHTYPE" speed="8.03" pos="3.41" lane="2/1to3/1_0" slope="0.00"/>
    </timestep>
    <timestep time="758.00">
        <vehicle id="0" x="198.35" y="105.65" angle="0.00" type="DEFAULT_VEHTYPE" speed="13.10" pos="89.60" lane="1/1to1/0_0" slope="0.00"/>
        <vehicle id="1" x="398.35" y="13.04" angle="0.00" type="DEFAULT_VEHTYPE" speed="13.61" pos="182.21" lane="2/1to2/0_0" slope="0.00"/>
        <vehicle id="11" x="611.51" y="201.65" angle="-90.00" type="DEFAULT_VEHTYPE" speed="4.40" pos="188.49" lane="4/1to3/1_0" slope="0.00"/>
        <vehicle id="12" x="227.79" y="401.65" angle="-90.00" type="DEFAULT_VEHTYPE" speed="12.71" pos="167.46" lane="2/2to1/2_0" slope="0.00"/>
        <vehicle id="14" x="198.35" y="383.87" angle="0.00" type="DEFAULT_VEHTYPE" speed="11.02" pos="11.38" lane="1/2to1/1_0" slope="0.00"/>
        <vehicle id="15" x="587.00" y="198.35" angle="90.00" type="DEFAULT_VEHTYPE" speed="5.81" pos="182.25" lane="2/1to3/1_0" slope="0.00"/>
        <vehicle id="16" x="494.06" y="401.65" angle="-90.00" type="DEFAULT_VEHTYPE" speed="13.65" pos="101.19" lane="3/2to2/2_0" slope="0.00"/>
        <vehicle id="17" x="387.47" y="198.35" angle="90.00" type="DEFAULT_VEHTYPE" speed="6.28" pos="182.72" lane="1/1to2/1_0" slope="0.00"/>
        <vehicle id="18" x="496.44" y="198.35" angle="90.00" type="DEFAULT_VEHTYPE" speed="13.35" pos="91.69" lane="2/1to3/1_0" slope="0.00"/>
        <vehicle id="19" x="298.08" y="401.65" angle="-90.00" type="DEFAULT_VEHTYPE" speed="12.70" pos="97.17" lane="2/2to1/2_0" slope="0.00"/>
        <vehicle id="2" x="601.65" y="329.56" angle="180.00" type="DEFAULT_VEHTYPE" speed="13.68" pos="124.81" lane="3/1to3/2_0" slope="0.00"/>
        <vehicle id="20" x="401.65" y="58.00" angle="180.00" type="DEFAULT_VEHTYPE" speed="13.25" pos="58.00" lane="2/0to2/1_0" slope="0.00"/>
        <vehicle id="21" x="601.65" y="290.93" angle="180.00" type="DEFAULT_VEHTYPE" speed="12.75" pos="86.18" lane="3/1to3/2_0" slope="0.00"/>
        <vehicle id="22" x="201.65" y="117.35" angle="180.00" type="DEFAULT_VEHTYPE" speed="13.23" pos="117.35" lane="1/0to1/1_0" slope="0.00"/>
        <vehicle id="23" x="652.33" y="198.35" angle="90.00" type="DEFAULT_VEHTYPE" speed="12.61" pos="47.58" lane="3/1to4/1_0" slope="0.00"/>
        <vehicle id="24" x="198.35" y="337.09" angle="0.00" type="DEFAULT_VEHTYPE" speed="13.02" pos="58.16" lane="1/2to1/1_0" slope="0.00"/>
        <vehicle id="3" x="532.85" y="401.65" angle="-90.00" type="DEFAULT_VEHTYPE" speed="13.00" pos="62.40" lane="3/2to2/2_0" slope="0.00"/>
        <vehicle id="4" x="201.65" y="153.96" angle="180.00" type="DEFAULT_VEHTYPE" speed="13.78" pos="153.96" lane="1/0to1/1_0" slope="0.00"/>
        <vehicle id="5" x="386.07" y="401.65" angle="-90.00" type="DEFAULT_VEHTYPE" speed="10.23" pos="9.18" lane="2/2to1/2_0" slope="0.00"/>
        <vehicle id="6" x="601.65" y="372.03" angle="180.00" type="DEFAULT_VEHTYPE" speed="12.15" pos="167.28" lane="3/1to3/2_0" slope="0.00"/>
        <vehicle id="7" x="398.35" y="735.34" angle="0.00" type="DEFAULT_VEHTYPE" speed="13.61" pos="64.66" lane="2/4to2/3_0" slope="0.00"/>
        <vehicle id="8" x="780.14" y="201.65" angle="-90.00" type="DEFAULT_VEHTYPE" speed="13.39" pos="19.86" lane="4/1to3/1_0" slope="0.00"/>
        <vehicle id="9" x="418.52" y="198.35" angle="90.00" type="DEFAULT_VEHTYPE" speed="10.36" pos="13.77" lane="2/1to3/1_0" slope="0.00"/>
    </timestep>
    <timestep time="759.00">
        <vehicle id="0" x="198.35" y="93.00" angle="0.00" type="DEFAULT_VEHTYPE" speed="12.65" pos="102.25" lane="1/1to1/0_0" slope="0.00"/>
        <vehicle id="1" x="398.35" y="0.25" angle="0.00" type="DEFAULT_VEHTYPE" speed="12.79" pos="195.00" lane="2/1to2/0_0" slope="0.00"/>
        <vehicle id="11" x="605.53" y="201.65" angle="-90.00" type="DEFAULT_VEHTYPE" speed="5.99" pos="194.47" lane="4/1to3/1_0" slope="0.00"/>
        <vehicle id="12" x="218.34" y="401.65" angle="-90.00" type="DEFAULT_VEHTYPE" speed="9.44" pos="176.91" lane="2/2to1/2_0" slope="0.00"/>
        <vehicle id="14" x="198.35" y="371.01" angle="0.00" type="DEFAULT_VEHTYPE" speed="12.86" pos="24.24" lane="1/2to1/1_0" slope="0.00"/>
        <vehicle id="15" x="590.48" y="198.35" angle="90.00" type="DEFAULT_VEHTYPE" speed="3.48" pos="185.73" lane="2/1to3/1_0" slope="0.00"/>
        <vehicle id="16" x="480.85" y="401.65" angle="-90.00" type="DEFAULT_VEHTYPE" speed="13.21" pos="114.40" lane="3/2to2/2_0" slope="0.00"/>
        <vehicle id="17" x="391.20" y="198.35" angle="90.00" type="DEFAULT_VEHTYPE" speed="3.73" pos="186.45" lane="1/1to2/1_0" slope="0.00"/>
        <vehicle id="18" x="510.04" y="198.35" angle="90.00" type="DEFAULT_VEHTYPE" speed="13.60" pos="105.29" lane="2/1to3/1_0" slope="0.00"/>
        <vehicle id="19" x="285.17" y="401.65" angle="-90.00" type="DEFAULT_VEHTYPE" speed="12.91" pos="110.08" lane="2/2to1/2_0" slope="0.00"/>
        <vehicle id="2" x="601.65" y="342.60" angle="180.00" type="DEFAULT_VEHTYPE" speed="13.05" pos="137.85" lane="3/1to3/2_0" slope="0.00"/>
        <vehicle id="20" x="401.65" y="70.65" angle="180.00" type="DEFAULT_VEHTYPE" speed="12.65" pos="70.65" lane="2/0to2/1_0" slope="0.00"/>
        <vehicle id="21" x="601.65" y="303.57" angle="180.00" type="DEFAULT_VEHTYPE" speed="12.65" pos="98.82" lane="3/1to3/2_0" slope="0.00"/>
        <vehicle id="22" x="201.65" y="130.42" angle="180.00" type="DEFAULT_VEHTYPE" speed="13.07" pos="130.42" lane="1/0to1/1_0" slope="0.00"/>
        <vehicle id="23" x="665.10" y="198.35" angle="90.00" type="DEFAULT_VEHTYPE" speed="12.78" pos="60.35" lane="3/1to4/1_0" slope="0.00"/>
        <vehicle id="24" x="198.35" y="323.44" angle="0.00" type="DEFAULT_VEHTYPE" speed="13.65" pos="71.81" lane="1/2to1/1_0" slope="0.00"/>
        <vehicle id="3" x="519.89" y="401.65" angle="-90.00" type="DEFAULT_VEHTYPE" speed="12.96" pos="75.36" lane="3/2to2/2_0" slope="0.00"/>
        <vehicle id="4" x="201.65" y="166.97" angle="180.00" type="DEFAULT_VEHTYPE" speed="13.01" pos="166.97" lane="1/0to1/1_0" slope="0.00"/>
        <vehicle id="5" x="373.51" y="401.65" angle="-90.00" type="DEFAULT_VEHTYPE" speed="12.55" pos="21.74" lane="2/2to1/2_0" slope="0.00"/>
        <vehicle id="6" x="601.65" y="381.79" angle="180.00" type="DEFAULT_VEHTYPE" speed="9.77" pos="177.04" lane="3/1to3/2_0" slope="0.00"/>
        <vehicle id="7" x="398.35" y="722.31" angle="0.00" type="DEFAULT_VEHTYPE" speed="13.04" pos="77.69" lane="2/4to2/3_0" slope="0.00"/>
        <vehicle id="8" x="766.43" y="201.65" angle="-90.00" type="DEFAULT_VEHTYPE" speed="13.71" pos="33.57" lane="4/1to3/1_0" slope="0.00"/>
        <vehicle id="9" x="431.18" y="198.35" angle="90.00" type="DEFAULT_VEHTYPE" speed="12.66" pos="26.43" lane="2/1to3/1_0" slope="0.00"/>
    </timestep>
    <timestep time="760.00">
        <vehicle id="0" x="198.35" y="79.50" angle="0.00" type="DEFAULT_VEHTYPE" speed="13.50" pos="115.75" lane="1/1to1/0_0" slope="0.00"/>
        <vehicle id="1" x="401.65" y="8.19" angle="180.00" type="DEFAULT_VEHTYPE" speed="13.26" pos="8.19" lane="2/0to2/1_0" slope="0.00"/>
        <vehicle id="11" x="601.65" y="206.56" angle="-163.04" type="DEFAULT_VEHTYPE" speed="7.58" pos="1.81" lane="3/1to3/2_0" slope="0.00"/>
        <vehicle id="12" x="212.06" y="401.65" angle="-90.00" type="DEFAULT_VEHTYPE" speed="6.28" pos="183.19" lane="2/2to1/2_0" slope="0.00"/>
        <vehicle id="14" x="198.35" y="357.48" angle="0.00" type="DEFAULT_VEHTYPE" speed="13.53" pos="37.77" lane="1/2to1/1_0" slope="0.00"/>
        <vehicle id="15" x="592.15" y="198.35" angle="90.00" type="DEFAULT_VEHTYPE" speed="1.67" pos="187.40" lane="2/1to3/1_0" slope="0.00"/>
        <vehicle id="16" x="467.41" y="401.65" angle="-90.00" type="DEFAULT_VEHTYPE" speed="13.44" pos="127.84" lane="3/2to2/2_0" slope="0.00"/>
        <vehicle id="17" x="396.24" y="198.35" angle="90.00" type="DEFAULT_VEHTYPE" speed="5.04" pos="0.99" lane=":2/1_13_0" slope="0.00"/>
        <vehicle id="18" x="523.07" y="198.35" angle="90.00" type="DEFAULT_VEHTYPE" speed="13.03" pos="118.32" lane="2/1to3/1_0" slope="0.00"/>
        <vehicle id="19" x="271.54" y="401.65" angle="-90.00" type="DEFAULT_VEHTYPE" speed="13.63" pos="123.71" lane="2/2to1/2_0" slope="0.00"/>
        <vehicle id="2" x="601.65" y="355.71" angle="180.00" type="DEFAULT_VEHTYPE" speed="13.11" pos="150.96" lane="3/1to3/2_0" slope="0.00"/>
        <vehicle id="20" x="401.65" y="83.49" angle="180.00" type="DEFAULT_VEHTYPE" speed="12.84" pos="83.49" lane="2/0to2/1_0" slope="0.00"/>
        <vehicle id="21" x="601.65" y="317.29" angle="180.00" type="DEFAULT_VEHTYPE" speed="13.72" pos="112.54" lane="3/1to3/2_0" slope="0.00"/>
        <vehicle id="22" x="201.65" y="143.39" angle="180.00" type="DEFAULT_VEHTYPE" speed="12.97" pos="143.39" lane="1/0to1/1_0" slope="0.00"/>
        <vehicle id="23" x="678.07" y="198.35" angle="90.00" type="DEFAULT_VEHTYPE" speed="12.97" pos="73.32" lane="3/1to4/1_0" slope="0.00"/>
        <vehicle id="24" x="198.35" y="310.63" angle="0.00" type="DEFAULT_VEHTYPE" speed="12.82" pos="84.62" lane="1/2to1/1_0" slope="0.00"/>
        <vehicle id="3" x="506.89" y="401.65" angle="-90.00" type="DEFAULT_VEHTYPE" speed="12.99" pos="88.36" lane="3/2to2/2_0" slope="0.00"/>
        <vehicle id="4" x="201.65" y="179.99" angle="180.00" type="DEFAULT_VEHTYPE" speed="13.02" pos="179.99" lane="1/0to1/1_0" slope="0.00"/>
        <vehicle id="5" x="360.71" y="401.65" angle="-90.00" type="DEFAULT_VEHTYPE" speed="12.80" pos="34.54" lane="2/2to1/2_0" slope="0.00"/>
        <vehicle id="6" x="601.65" y="387.12" angle="180.00" type="DEFAULT_VEHTYPE" speed="5.33" pos="182.37" lane="3/1to3/2_0" slope="0.00"/>
        <vehicle id="7" x="398.35" y="709.31" angle="0.00" type="DEFAULT_VEHTYPE" speed="12.99" pos="90.69" lane="2/4to2/3_0" slope="0.00"/>
        <vehicle id="8" x="752.75" y="201.65" angle="-90.00" type="DEFAULT_VEHTYPE" speed="13.68" pos="47.25" lane="4/1to3/1_0" slope="0.00"/>
        <vehicle id="9" x="444.07" y="198.35" angle="90.00" type="DEFAULT_VEHTYPE" speed="12.89" pos="39.32" lane="2/1to3/1_0" slope="0.00"/>
    </timestep>
    <timestep time="761.00">
        <vehicle id="0" x="198.35" y="66.28" angle="0.00" type="DEFAULT_VEHTYPE" speed="13.23" pos="128.97" lane="1/1to1/0_0" slope="0.00"/>
        <vehicle id="1" x="401.65" y="20.88" angle="180.00" type="DEFAULT_VEHTYPE" speed="12.69" pos="20.88" lane="2/0to2/1_0" slope="0.00"/>
        <vehicle id="11" x="601.65" y="215.96" angle="180.00" type="DEFAULT_VEHTYPE" speed="9.40" pos="11.21" lane="3/1to3/2_0" slope="0.00"/>
        <vehicle id="12" x="209.37" y="401.65" angle="-90.00" type="DEFAULT_VEHTYPE" speed="2.69" pos="185.88" lane="2/2to1/2_0" slope="0.00"/>
        <vehicle id="14" x="198.35" y="343.60" angle="0.00" type="DEFAULT_VEHTYPE" speed="13.88" pos="51.65" lane="1/2to1/1_0" slope="0.00"/>
        <vehicle id="15" x="592.63" y="198.35" angle="90.00" type="DEFAULT_VEHTYPE" speed="0.48" pos="187.88" lane="2/1to3/1_0" slope="0.00"/>
        <vehicle id="16" x="453.74" y="401.65" angle="-90.00" type="DEFAULT_VEHTYPE" speed="13.67" pos="141.51" lane="3/2to2/2_0" slope="0.00"/>
        <vehicle id="17" x="402.68" y="198.35" angle="90.00" type="DEFAULT_VEHTYPE" speed="6.44" pos="7.43" lane=":2/1_13_0" slope="0.00"/>
        <vehicle id="18" x="535.91" y="198.35" angle="90.00" type="DEFAULT_VEHTYPE" speed="12.84" pos="131.16" lane="2/1to3/1_0" slope="0.00"/>
        <vehicle id="19" x="258.15" y="401.65" angle="-90.00" type="DEFAULT_VEHTYPE" speed="13.39" pos="137.10" lane="2/2to1/2_0" slope="0.00"/>
        <vehicle id="2" x="601.65" y="367.37" angle="180.00" type="DEFAULT_VEHTYPE" speed="11.66" pos="162.62" lane="3/1to3/2_0" slope="0.00"/>
        <vehicle id="20" x="401.65" y="96.59" angle="180.00" type="DEFAULT_VEHTYPE" speed="13.10" pos="96.59" lane="2/0to2/1_0" slope="0.00"/>
        <vehicle id="21" x="601.65" y="330.59" angle="180.00" type="DEFAULT_VEHTYPE" speed="13.29" pos="125.84" lane="3/1to3/2_0" slope="0.00"/>
        <vehicle id="22" x="201.65" y="156.59" angle="180.00" type="DEFAULT_VEHTYPE" speed="13.20" pos="156.59" lane="1/0to1/1_0" slope="0.00"/>
        <vehicle id="23" x="691.60" y="198.35" angle="90.00" type="DEFAULT_VEHTYPE" speed="13.53" pos="86.85" lane="3/1to4/1_0" slope="0.00"/>
        <vehicle id="24" x="198.35" y="297.34" angle="0.00" type="DEFAULT_VEHTYPE" speed="13.28" pos="97.91" lane="1/2to1/1_0" slope="0.00"/>
        <vehicle id="3" x="493.01" y="401.65" angle="-90.00" type="DEFAULT_VEHTYPE" speed="13.88" pos="102.24" lane="3/2to2/2_0" slope="0.00"/>
        <vehicle id="4" x="201.65" y="192.66" angle="180.00" type="DEFAULT_VEHTYPE" speed="12.67" pos="192.66" lane="1/0to1/1_0" slope="0.00"/>
        <vehicle id="5" x="347.00" y="401.65" angle="-90.00" type="DEFAULT_VEHTYPE" speed="13.71" pos="48.25" lane="2/2to1/2_0" slope="0.00"/>
        <vehicle id="6" x="601.65" y="390.94" angle="180.00" type="DEFAULT_VEHTYPE" speed="3.82" pos="186.19" lane="3/1to3/2_0" slope="0.00"/>
        <vehicle id="7" x="398.35" y="696.33" angle="0.00" type="DEFAULT_VEHTYPE" speed="12.99" pos="103.67" lane="2/4to2/3_0" slope="0.00"/>
        <vehicle id="8" x="739.95" y="201.65" angle="-90.00" type="DEFAULT_VEHTYPE" speed="12.80" pos="60.05" lane="4/1to3/1_0" slope="0.00"/>
        <vehicle id="9" x="457.23" y="198.35" angle="90.00" type="DEFAULT_VEHTYPE" speed="13.16" pos="52.48" lane="2/1to3/1_0" slope="0.00"/>
    </timestep>
    <timestep time="762.00">
        <vehicle id="0" x="198.35" y="52.77" angle="0.00" type="DEFAULT_VEHTYPE" speed="13.50" pos="142.48" lane="1/1to1/0_0" slope="0.00"/>
        <vehicle id="1" x="401.65" y="34.57" angle="180.00" type="DEFAULT_VEHTYPE" speed="13.69" pos="34.57" lane="2/0to2/1_0" slope="0.00"/>
        <vehicle id="11" x="601.65" y="227.50" angle="180.00" type="DEFAULT_VEHTYPE" speed="11.54" pos="22.75" lane="3/1to3/2_0" slope="0.00"/>
        <vehicle id="12" x="204.82" y="401.65" angle="-90.00" type="DEFAULT_VEHTYPE" speed="4.56" pos="190.43" lane="2/2to1/2_0" slope="0.00"/>
        <vehicle id="14" x="198.35" y="330.93" angle="0.00" type="DEFAULT_VEHTYPE" speed="12.67" pos="64.32" lane="1/2to1/1_0" slope="0.00"/>
        <vehicle id="15" x="594.69" y="198.35" angle="90.00" type="DEFAULT_VEHTYPE" speed="2.06" pos="189.94" lane="2/1to3/1_0" slope="0.00"/>
        <vehicle id="16" x="439.87" y="401.65" angle="-90.00" type="DEFAULT_VEHTYPE" speed="13.86" pos="155.38" lane="3/2to2/2_0" slope="0.00"/>
        <vehicle id="17" x="411.05" y="198.35" angle="90.00" type="DEFAULT_VEHTYPE" speed="8.37" pos="6.30" lane="2/1to3/1_0" slope="0.00"/>
        <vehicle id="18" x="549.30" y="198.35" angle="90.00" type="DEFAULT_VEHTYPE" speed="13.39" pos="144.55" lane="2/1to3/1_0" slope="0.00"/>
        <vehicle id="19" x="245.02" y="401.65" angle="-90.00" type="DEFAULT_VEHTYPE" speed="13.13" pos="150.23" lane="2/2to1/2_0" slope="0.00"/>
        <vehicle id="2" x="601.65" y="374.90" angle="180.00" type="DEFAULT_VEHTYPE" speed="7.53" pos="170.15" lane="3/1to3/2_0" slope="0.00"/>
        <vehicle id="20" x="401.65" y="109.50" angle="180.00" type="DEFAULT_VEHTYPE" speed="12.91" pos="109.50" lane="2/0to2/1_0" slope="0.00"/>
        <vehicle id="21" x="601.65" y="343.61" angle="180.00" type="DEFAULT_VEHTYPE" speed="13.02" pos="138.86" lane="3/1to3/2_0" slope="0.00"/>
        <vehicle id="22" x="201.65" y="170.15" angle="180.00" type="DEFAULT_VEHTYPE" speed="13.56" pos="170.15" lane="1/0to1/1_0" slope="0.00"/>
        <vehicle id="23" x="704.88" y="198.35" angle="90.00" type="DEFAULT_VEHTYPE" speed="13.27" pos="100.13" lane="3/1to4/1_0" slope="0.00"/>
        <vehicle id="24" x="198.35" y="283.79" angle="0.00" type="DEFAULT_VEHTYPE" speed="13.55" pos="111.46" lane="1/2to1/1_0" slope="0.00"/>
        <vehicle id="3" x="479.72" y="401.65" angle="-90.00" type="DEFAULT_VEHTYPE" speed="13.29" pos="115.53" lane="3/2to2/2_0" slope="0.00"/>
        <vehicle id="4" x="210.66" y="198.35" angle="90.00" type="DEFAULT_VEHTYPE" speed="13.49" pos="5.91" lane="1/1to2/1_0" slope="0.00"/>
        <vehicle id="5" x="333.94" y="401.65" angle="-90.00" type="DEFAULT_VEHTYPE" speed="13.07" pos="61.31" lane="2/2to1/2_0" slope="0.00"/>
        <vehicle id="6" x="601.49" y="396.36" angle="-178.18" type="DEFAULT_VEHTYPE" speed="5.43" pos="1.12" lane=":3/2_10_0" slope="0.00"/>
        <vehicle id="7" x="398.35" y="683.60" angle="0.00" type="DEFAULT_VEHTYPE" speed="12.73" pos="116.40" lane="2/4to2/3_0" slope="0.00"/>
        <vehicle id="8" x="726.99" y="201.65" angle="-90.00" type="DEFAULT_VEHTYPE" speed="12.96" pos="73.01" lane="4/1to3/1_0" slope="0.00"/>
        <vehicle id="9" x="470.97" y="198.35" angle="90.00" type="DEFAULT_VEHTYPE" speed="13.75" pos="66.22" lane="2/1to3/1_0" slope="0.00"/>
    </timestep>
    <timestep time="763.00">
        <vehicle id="0" x="198.35" y="40.13" angle="0.00" type="DEFAULT_VEHTYPE" speed="12.64" pos="155.12" lane="1/1to1/0_0" slope="0.00"/>
        <vehicle id="1" x="401.65" y="47.58" angle="180.00" type="DEFAULT_VEHTYPE" speed="13.01" pos="47.58" lane="2/0to2/1_0" slope="0.00"/>
        <vehicle id="11" x="601.65" y="240.24" angle="180.00" type="DEFAULT_VEHTYPE" speed="12.74" pos="35.49" lane="3/1to3/2_0" slope="0.00"/>
        <vehicle id="12" x="199.60" y="399.47" angle="-64.53" type="DEFAULT_VEHTYPE" speed="5.90" pos="5.83" lane=":1/2_6_0" slope="0.00"/>
        <vehicle id="14" x="198.35" y="317.87" angle="0.00" type="DEFAULT_VEHTYPE" speed="13.06" pos="77.38" lane="1/2to1/1_0" slope="0.00"/>
        <vehicle id="15" x="599.13" y="199.40" angle="102.32" type="DEFAULT_VEHTYPE" speed="4.65" pos="4.08" lane=":3/1_14_0" slope="0.00"/>
        <vehicle id="16" x="427.67" y="401.65" angle="-90.00" type="DEFAULT_VEHTYPE" speed="12.20" pos="167.58" lane="3/2to2/2_0" slope="0.00"/>
        <vehicle id="17" x="420.84" y="198.35" angle="90.00" type="DEFAULT_VEHTYPE" speed="9.79" pos="16.09" lane="2/1to3/1_0" slope="0.00"/>
        <vehicle id="18" x="562.82" y="198.35" angle="90.00" type="DEFAULT_VEHTYPE" speed="13.51" pos="158.07" lane="2/1to3/1_0" slope="0.00"/>
        <vehicle id="19" x="231.49" y="401.65" angle="-90.00" type="DEFAULT_VEHTYPE" speed="13.53" pos="163.76" lane="2/2to1/2_0" slope="0.00"/>
        <vehicle id="2" x="601.65" y="383.73" angle="180.00" type="DEFAULT_VEHTYPE" speed="8.83" pos="178.98" lane="3/1to3/2_0" slope="0.00"/>
        <vehicle id="20" x="401.65" y="122.25" angle="180.00" type="DEFAULT_VEHTYPE" speed="12.75" pos="122.25" lane="2/0to2/1_0" slope="0.00"/>
        <vehicle id="21" x="601.65" y="355.78" angle="180.00" type="DEFAULT_VEHTYPE" speed="12.18" pos="151.03" lane="3/1to3/2_0" slope="0.00"/>
        <vehicle id="22" x="201.65" y="183.86" angle="180.00" type="DEFAULT_VEHTYPE" speed="13.71" pos="183.86" lane="1/0to1/1_0" slope="0.00"/>
        <vehicle id="23" x="717.76" y="198.35" angle="90.00" type="DEFAULT_VEHTYPE" speed="12.89" pos="113.01" lane="3/1to4/1_0" slope="0.00"/>
        <vehicle id="24" x="198.35" y="270.18" angle="0.00" type="DEFAULT_VEHTYPE" speed="13.61" pos="125.07" lane="1/2to1/1_0" slope="0.00"/>
        <vehicle id="3" x="467.09" y="401.65" angle="-90.00" type="DEFAULT_VEHTYPE" speed="12.63" pos="128.16" lane="3/2to2/2_0" slope="0.00"/>
        <vehicle id="4" x="224.37" y="198.35" angle="90.00" type="DEFAULT_VEHTYPE" speed="13.71" pos="19.62" lane="1/1to2/1_0" slope="0.00"/>
        <vehicle id="5" x="320.17" y="401.65" angle="-90.00" type="DEFAULT_VEHTYPE" speed="13.76" pos="75.08" lane="2/2to1/2_0" slope="0.00"/>
        <vehicle id="6" x="597.17" y="401.38" angle="-126.96" type="DEFAULT_VEHTYPE" speed="7.25" pos="1.24" lane=":3/2_18_0" slope="0.00"/>
        <vehicle id="7" x="398.35" y="670.94" angle="0.00" type="DEFAULT_VEHTYPE" speed="12.65" pos="129.06" lane="2/4to2/3_0" slope="0.00"/>
        <vehicle id="8" x="713.75" y="201.65" angle="-90.00" type="DEFAULT_VEHTYPE" speed="13.24" pos="86.25" lane="4/1to3/1_0" slope="0.00"/>
        <vehicle id="9" x="483.67" y="198.35" angle="90.00" type="DEFAULT_VEHTYPE" speed="12.69" pos="78.92" lane="2/1to3/1_0" slope="0.00"/>
    </timestep>
    <timestep time="764.00">
        <vehicle id="0" x="198.35" y="26.62" angle="0.00" type="DEFAULT_VEHTYPE" speed="13.51" pos="168.63" lane="1/1to1/0_0" slope="0.00"/>
        <vehicle id="1" x="401.65" y="60.66" angle="180.00" type="DEFAULT_VEHTYPE" speed="13.08" pos="60.66" lane="2/0to2/1_0" slope="0.00"/>
        <vehicle id="11" x="601.65" y="253.22" angle="180.00" type="DEFAULT_VEHTYPE" speed="12.98" pos="48.47" lane="3/1to3/2_0" slope="0.00"/>
        <vehicle id="12" x="198.35" y="391.64" angle="-2.27" type="DEFAULT_VEHTYPE" speed="8.09" pos="3.61" lane="1/2to1/1_0" slope="0.00"/>
        <vehicle id="14" x="198.35" y="304.03" angle="0.00" type="DEFAULT_VEHTYPE" speed="13.84" pos="91.22" lane="1/2to1/1_0" slope="0.00"/>
        <vehicle id="15" x="601.65" y="205.34" angle="165.63" type="DEFAULT_VEHTYPE" speed="6.82" pos="0.59" lane="3/1to3/2_0" slope="0.00"/>
        <vehicle id="16" x="419.06" y="401.65" angle="-90.00" type="DEFAULT_VEHTYPE" speed="8.61" pos="176.19" lane="3/2to2/2_0" slope="0.00"/>
        <vehicle id="17" x="432.44" y="198.35" angle="90.00" type="DEFAULT_VEHTYPE" speed="11.60" pos="27.69" lane="2/1to3/1_0" slope="0.00"/>
        <vehicle id="18" x="574.78" y="198.35" angle="90.00" type="DEFAULT_VEHTYPE" speed="11.96" pos="170.03" lane="2/1to3/1_0" slope="0.00"/>
        <vehicle id="19" x="221.05" y="401.65" angle="-90.00" type="DEFAULT_VEHTYPE" speed="10.44" pos="174.20" lane="2/2to1/2_0" slope="0.00"/>
        <vehicle id="2" x="601.65" y="388.79" angle="180.00" type="DEFAULT_VEHTYPE" speed="5.05" pos="184.04" lane="3/1to3/2_0" slope="0.00"/>
        <vehicle id="20" x="401.65" y="135.82" angle="180.00" type="DEFAULT_VEHTYPE" speed="13.58" pos="135.82" lane="2/0to2/1_0" slope="0.00"/>
        <vehicle id="21" x="601.65" y="367.91" angle="180.00" type="DEFAULT_VEHTYPE" speed="12.13" pos="163.16" lane="3/1to3/2_0" slope="0.00"/>
        <vehicle id="22" x="201.82" y="196.46" angle="178.07" type="DEFAULT_VEHTYPE" speed="12.60" pos="1.22" lane=":1/1_8_0" slope="0.00"/>
        <vehicle id="23" x="731.12" y="198.35" angle="90.00" type="DEFAULT_VEHTYPE" speed="13.36" pos="126.37" lane="3/1to4/1_0" slope="0.00"/>
        <vehicle id="24" x="198.35" y="257.00" angle="0.00" type="DEFAULT_VEHTYPE" speed="13.18" pos="138.25" lane="1/2to1/1_0" slope="0.00"/>
        <vehicle id="3" x="454.10" y="401.65" angle="-90.00" type="DEFAULT_VEHTYPE" speed="12.99" pos="141.15" lane="3/2to2/2_0" slope="0.00"/>
        <vehicle id="4" x="237.94" y="198.35" angle="90.00" type="DEFAULT_VEHTYPE" speed="13.58" pos="33.19" lane="1/1to2/1_0" slope="0.00"/>
        <vehicle id="5" x="307.39" y="401.65" angle="-90.00" type="DEFAULT_VEHTYPE" speed="12.78" pos="87.86" lane="2/2to1/2_0" slope="0.00"/>
        <vehicle id="6" x="587.69" y="401.65" angle="-90.00" type="DEFAULT_VEHTYPE" speed="9.51" pos="7.56" lane="3/2to2/2_0" slope="0.00"/>
        <vehicle id="7" x="398.35" y="657.89" angle="0.00" type="DEFAULT_VEHTYPE" speed="13.06" pos="142.11" lane="2/4to2/3_0" slope="0.00"/>
        <vehicle id="8" x="700.99" y="201.65" angle="-90.00" type="DEFAULT_VEHTYPE" speed="12.76" pos="99.01" lane="4/1to3/1_0" slope="0.00"/>
        <vehicle id="9" x="497.15" y="198.35" angle="90.00" type="DEFAULT_VEHTYPE" speed="13.49" pos="92.40" lane="2/1to3/1_0" slope="0.00"/>
    </timestep>
    <timestep time="765.00">
        <vehicle id="0" x="198.35" y="13.29" angle="0.00" type="DEFAULT_VEHTYPE" speed="13.33" pos="181.96" lane="1/1to1/0_0" slope="0.00"/>
        <vehicle id="1" x="401.65" y="73.78" angle="180.00" type="DEFAULT_VEHTYPE" speed="13.12" pos="73.78" lane="2/0to2/1_0" slope="0.00"/>
        <vehicle id="11" x="601.65" y="266.92" angle="180.00" type="DEFAULT_VEHTYPE" speed="13.70" pos="62.17" lane="3/1to3/2_0" slope="0.00"/>
        <vehicle id="12" x="198.35" y="382.11" angle="0.00" type="DEFAULT_VEHTYPE" speed="9.54" pos="13.14" lane="1/2to1/1_0" slope="0.00"/>
        <vehicle id="14" x="198.35" y="290.64" angle="0.00" type="DEFAULT_VEHTYPE" speed="13.38" pos="104.61" lane="1/2to1/1_0" slope="0.00"/>
        <vehicle id="15" x="601.65" y="213.50" angle="180.00" type="DEFAULT_VEHTYPE" speed="8.17" pos="8.75" lane="3/1to3/2_0" slope="0.00"/>
        <vehicle id="16" x="413.08" y="401.65" angle="-90.00" type="DEFAULT_VEHTYPE" speed="5.98" pos="182.17" lane="3/2to2/2_0" slope="0.00"/>
        <vehicle id="17" x="446.01" y="198.35" angle="90.00" type="DEFAULT_VEHTYPE" speed="13.57" pos="41.26" lane="2/1to3/1_0" slope="0.00"/>
        <vehicle id="18" x="583.64" y="198.35" angle="90.00" type="DEFAULT_VEHTYPE" speed="8.87" pos="178.89" lane="2/1to3/1_0" slope="0.00"/>
        <vehicle id="19" x="214.68" y="401.65" angle="-90.00" type="DEFAULT_VEHTYPE" speed="6.37" pos="180.57" lane="2/2to1/2_0" slope="0.00"/>
        <vehicle id="2" x="601.56" y="395.87" angle="-178.98" type="DEFAULT_VEHTYPE" speed="7.10" pos="0.63" lane=":3/2_10_0" slope="0.00"/>
        <vehicle id="20" x="401.65" y="149.51" angle="180.00" type="DEFAULT_VEHTYPE" speed="13.68" pos="149.51" lane="2/0to2/1_0" slope="0.00"/>
        <vehicle id="21" x="601.65" y="376.32" angle="180.00" type="DEFAULT_VEHTYPE" speed="8.41" pos="171.57" lane="3/1to3/2_0" slope="0.00"/>
        <vehicle id="22" x="214.19" y="198.35" angle="90.00" type="DEFAULT_VEHTYPE" speed="13.22" pos="9.44" lane="1/1to2/1_0" slope="0.00"/>
        <vehicle id="23" x="744.66" y="198.35" angle="90.00" type="DEFAULT_VEHTYPE" speed="13.54" pos="139.91" lane="3/1to4/1_0" slope="0.00"/>
        <vehicle id="24" x="198.35" y="243.14" angle="0.00" type="DEFAULT_VEHTYPE" speed="13.86" pos="152.11" lane="1/2to1/1_0" slope="0.00"/>
        <vehicle id="3" x="441.44" y="401.65" angle="-90.00" type="DEFAULT_VEHTYPE" speed="12.66" pos="153.81" lane="3/2to2/2_0" slope="0.00"/>
        <vehicle id="4" x="251.02" y="198.35" angle="90.00" type="DEFAULT_VEHTYPE" speed="13.07" pos="46.27" lane="1/1to2/1_0" slope="0.00"/>
        <vehicle id="5" x="294.23" y="401.65" angle="-90.00" type="DEFAULT_VEHTYPE" speed="13.16" pos="101.02" lane="2/2to1/2_0" slope="0.00"/>
        <vehicle id="6" x="576.28" y="401.65" angle="-90.00" type="DEFAULT_VEHTYPE" speed="11.40" pos="18.97" lane="3/2to2/2_0" slope="0.00"/>
        <vehicle id="7" x="398.35" y="644.45" angle="0.00" type="DEFAULT_VEHTYPE" speed="13.44" pos="155.55" lane="2/4to2/3_0" slope="0.00"/>
        <vehicle id="8" x="687.40" y="201.65" angle="-90.00" type="DEFAULT_VEHTYPE" speed="13.58" pos="112.60" lane="4/1to3/1_0" slope="0.00"/>
        <vehicle id="9" x="510.92" y="198.35" angle="90.00" type="DEFAULT_VEHTYPE" speed="13.76" pos="106.17" lane="2/1to3/1_0" slope="0.00"/>
    </timestep>
    <timestep time="766.00">
        <vehicle id="0" x="198.44" y="-0.14" angle="1.04" type="DEFAULT_VEHTYPE" speed="13.46" pos="0.16" lane=":1/0_0_0" slope="0.00"/>
        <vehicle id="1" x="401.65" y="87.35" angle="180.00" type="DEFAULT_VEHTYPE" speed="13.56" pos="87.35" lane="2/0to2/1_0" slope="0.00"/>
        <vehicle id="11" x="601.65" y="280.59" angle="180.00" type="DEFAULT_VEHTYPE" speed="13.67" pos="75.84" lane="3/1to3/2_0" slope="0.00"/>
        <vehicle id="12" x="198.35" y="371.24" angle="0.00" type="DEFAULT_VEHTYPE" speed="10.87" pos="24.01" lane="1/2to1/1_0" slope="0.00"/>
        <vehicle id="14" x="198.35" y="277.31" angle="0.00" type="DEFAULT_VEHTYPE" speed="13.33" pos="117.94" lane="1/2to1/1_0" slope="0.00"/>
        <vehicle id="15" x="601.65" y="223.84" angle="180.00" type="DEFAULT_VEHTYPE" speed="10.34" pos="19.09" lane="3/1to3/2_0" slope="0.00"/>
        <vehicle id="16" x="409.31" y="401.65" angle="-90.00" type="DEFAULT_VEHTYPE" speed="3.77" pos="185.94" lane="3/2to2/2_0" slope="0.00"/>
        <vehicle id="17" x="459.82" y="198.35" angle="90.00" type="DEFAULT_VEHTYPE" speed="13.81" pos="55.07" lane="2/1to3/1_0" slope="0.00"/>
        <vehicle id="18" x="588.21" y="198.35" angle="90.00" type="DEFAULT_VEHTYPE" speed="4.56" pos="183.46" lane="2/1to3/1_0" slope="0.00"/>
        <vehicle id="19" x="210.20" y="401.65" angle="-90.00" type="DEFAULT_VEHTYPE" speed="4.48" pos="185.05" lane="2/2to1/2_0" slope="0.00"/>
        <vehicle id="2" x="595.33" y="401.64" angle="-108.42" type="DEFAULT_VEHTYPE" speed="9.60" pos="3.10" lane=":3/2_18_0" slope="0.00"/>
        <vehicle id="20" x="401.65" y="162.80" angle="180.00" type="DEFAULT_VEHTYPE" speed="13.29" pos="162.80" lane="2/0to2/1_0" slope="0.00"/>
        <vehicle id="21" x="601.65" y="384.50" angle="180.00" type="DEFAULT_VEHTYPE" speed="8.18" pos="179.75" lane="3/1to3/2_0" slope="0.00"/>
        <vehicle id="22" x="228.02" y="198.35" angle="90.00" type="DEFAULT_VEHTYPE" speed="13.83" pos="23.27" lane="1/1to2/1_0" slope="0.00"/>
        <vehicle id="23" x="758.53" y="198.35" angle="90.00" type="DEFAULT_VEHTYPE" speed="13.87" pos="153.78" lane="3/1to4/1_0" slope="0.00"/>
        <vehicle id="24" x="198.35" y="229.58" angle="0.00" type="DEFAULT_VEHTYPE" speed="13.55" pos="165.67" lane="1/2to1/1_0" slope="0.00"/>
        <vehicle id="3" x="430.70" y="401.65" angle="-90.00" type="DEFAULT_VEHTYPE" speed="10.74" pos="164.55" lane="3/2to2/2_0" slope="0.00"/>
        <vehicle id="4" x="263.63" y="198.35" angle="90.00" type="DEFAULT_VEHTYPE" speed="12.61" pos="58.88" lane="1/1to2/1_0" slope="0.00"/>
        <vehicle id="5" x="281.16" y="401.65" angle="-90.00" type="DEFAULT_VEHTYPE" speed="13.07" pos="114.09" lane="2/2to1/2_0" slope="0.00"/>
        <vehicle id="6" x="563.18" y="401.65" angle="-90.00" type="DEFAULT_VEHTYPE" speed="13.10" pos="32.07" lane="3/2to2/2_0" slope="0.00"/>
        <vehicle id="7" x="398.35" y="631.25" angle="0.00" type="DEFAULT_VEHTYPE" speed="13.20" pos="168.75" lane="2/4to2/3_0" slope="0.00"/>
        <vehicle id="8" x="673.89" y="201.65" angle="-90.00" type="DEFAULT_VEHTYPE" speed="13.51" pos="126.11" lane="4/1to3/1_0" slope="0.00"/>
        <vehicle id="9" x="523.96" y="198.35" angle="90.00" type="DEFAULT_VEHTYPE" speed="13.05" pos="119.21" lane="2/1to3/1_0" slope="0.00"/>
    </timestep>
    <timestep time="767.00">
        <vehicle id="0" x="201.65" y="8.07" angle="180.00" type="DEFAULT_VEHTYPE" speed="12.72" pos="8.07" lane="1/0to1/1_0" slope="0.00"/>
        <vehicle id="1" x="401.65" y="100.71" angle="180.00" type="DEFAULT_VEHTYPE" speed="13.36" pos="100.71" lane="2/0to2/1_0" slope="0.00"/>
        <vehicle id="11" x="601.65" y="294.27" angle="180.00" type="DEFAULT_VEHTYPE" speed="13.67" pos="89.52" lane="3/1to3/2_0" slope="0.00"/>
        <vehicle id="12" x="198.35" y="358.61" angle="0.00" type="DEFAULT_VEHTYPE" speed="12.63" pos="36.64" lane="1/2to1/1_0" slope="0.00"/>
        <vehicle id="14" x="198.35" y="264.70" angle="0.00" type="DEFAULT_VEHTYPE" speed="12.61" pos="130.55" lane="1/2to1/1_0" slope="0.00"/>
        <vehicle id="15" x="601.65" y="236.50" angle="180.00" type="DEFAULT_VEHTYPE" speed="12.66" pos="31.75" lane="3/1to3/2_0" slope="0.00"/>
        <vehicle id="16" x="403.53" y="401.48" angle="-88.01" type="DEFAULT_VEHTYPE" speed="5.79" pos="1.23" lane=":2/2_6_0" slope="0.00"/>
        <vehicle id="17" x="473.45" y="198.35" angle="90.00" type="DEFAULT_VEHTYPE" speed="13.62" pos="68.70" lane="2/1to3/1_0" slope="0.00"/>
        <vehicle id="18" x="590.35" y="198.35" angle="90.00" type="DEFAULT_VEHTYPE" speed="2.14" pos="185.60" lane="2/1to3/1_0" slope="0.00"/>
        <vehicle id="19" x="203.68" y="401.50" angle="-88.25" type="DEFAULT_VEHTYPE" speed="6.53" pos="1.08" lane=":1/2_6_0" slope="0.00"/>
        <vehicle id="2" x="583.52" y="401.65" angle="-90.00" type="DEFAULT_VEHTYPE" speed="11.82" pos="11.73" lane="3/2to2/2_0" slope="0.00"/>
        <vehicle id="20" x="401.65" y="175.41" angle="180.00" type="DEFAULT_VEHTYPE" speed="12.61" pos="175.41" lane="2/0to2/1_0" slope="0.00"/>
        <vehicle id="21" x="601.65" y="388.87" angle="180.00" type="DEFAULT_VEHTYPE" speed="4.37" pos="184.12" lane="3/1to3/2_0" slope="0.00"/>
        <vehicle id="22" x="240.90" y="198.35" angle="90.00" type="DEFAULT_VEHTYPE" speed="12.87" pos="36.15" lane="1/1to2/1_0" slope="0.00"/>
        <vehicle id="23" x="772.29" y="198.35" angle="90.00" type="DEFAULT_VEHTYPE" speed="13.76" pos="167.54" lane="3/1to4/1_0" slope="0.00"/>
        <vehicle id="24" x="198.35" y="216.33" angle="0.00" type="DEFAULT_VEHTYPE" speed="13.25" pos="178.92" lane="1/2to1/1_0" slope="0.00"/>
        <vehicle id="3" x="424.09" y="401.65" angle="-90.00" type="DEFAULT_VEHTYPE" speed="6.62" pos="171.16" lane="3/2to2/2_0" slope="0.00"/>
        <vehicle id="4" x="276.51" y="198.35" angle="90.00" type="DEFAULT_VEHTYPE" speed="12.88" pos="71.76" lane="1/1to2/1_0" slope="0.00"/>
        <vehicle id="5" x="268.37" y="401.65" angle="-90.00" type="DEFAULT_VEHTYPE" speed="12.79" pos="126.88" lane="2/2to1/2_0" slope="0.00"/>
        <vehicle id="6" x="550.29" y="401.65" angle="-90.00" type="DEFAULT_VEHTYPE" speed="12.89" pos="44.96" lane="3/2to2/2_0" slope="0.00"/>
        <vehicle id="7" x="398.35" y="617.83" angle="0.00" type="DEFAULT_VEHTYPE" speed="13.42" pos="182.17" lane="2/4to2/3_0" slope="0.00"/>
        <vehicle id="8" x="660.50" y="201.65" angle="-90.00" type="DEFAULT_VEHTYPE" speed="13.40" pos="139.50" lane="4/1to3/1_0" slope="0.00"/>
        <vehicle id="9" x="536.58" y="198.35" angle="90.00" type="DEFAULT_VEHTYPE" speed="12.61" pos="131.83" lane="2/1to3/1_0" slope="0.00"/>
    </timestep>
    <timestep time="768.00">
        <vehicle id="0" x="201.65" y="20.67" angle="180.00" type="DEFAULT_VEHTYPE" speed="12.61" pos="20.67" lane="1/0to1/1_0" slope="0.00"/>
        <vehicle id="1" x="401.65" y="113.32" angle="180.00" type="DEFAULT_VEHTYPE" speed="12.62" pos="113.32" lane="2/0to2/1_0" slope="0.00"/>
        <vehicle id="11" x="601.65" y="307.74" angle="180.00" type="DEFAULT_VEHTYPE" speed="13.48" pos="102.99" lane="3/1to3/2_0" slope="0.00"/>
        <vehicle id="12" x="198.35" y="345.50" angle="0.00" type="DEFAULT_VEHTYPE" speed="13.11" pos="49.75" lane="1/2to1/1_0" slope="0.00"/>
        <vehicle id="14" x="198.35" y="251.81" angle="0.00" type="DEFAULT_VEHTYPE" speed="12.88" pos="143.44" lane="1/2to1/1_0" slope="0.00"/>
        <vehicle id="15" x="601.65" y="249.39" angle="180.00" type="DEFAULT_VEHTYPE" speed="12.88" pos="44.64" lane="3/1to3/2_0" slope="0.00"/>
        <vehicle id="16" x="398.49" y="396.24" angle="-27.24" type="DEFAULT_VEHTYPE" speed="8.09" pos="9.32" lane=":2/2_6_0" slope="0.00"/>
        <vehicle id="17" x="486.79" y="198.35" angle="90.00" type="DEFAULT_VEHTYPE" speed="13.34" pos="82.04" lane="2/1to3/1_0" slope="0.00"/>
        <vehicle id="18" x="594.96" y="198.35" angle="90.00" type="DEFAULT_VEHTYPE" speed="4.61" pos="190.21" lane="2/1to3/1_0" slope="0.00"/>
        <vehicle id="19" x="198.39" y="395.54" angle="-20.03" type="DEFAULT_VEHTYPE" speed="8.96" pos="10.03" lane=":1/2_6_0" slope="0.00"/>
        <vehicle id="2" x="570.83" y="401.65" angle="-90.00" type="DEFAULT_VEHTYPE" speed="12.69" pos="24.42" lane="3/2to2/2_0" slope="0.00"/>
        <vehicle id="20" x="401.65" y="189.14" angle="180.00" type="DEFAULT_VEHTYPE" speed="13.73" pos="189.14" lane="2/0to2/1_0" slope="0.00"/>
        <vehicle id="21" x="601.63" y="395.36" angle="-179.83" type="DEFAULT_VEHTYPE" speed="6.49" pos="0.11" lane=":3/2_10_0" slope="0.00"/>
        <vehicle id="22" x="254.31" y="198.35" angle="90.00" type="DEFAULT_VEHTYPE" speed="13.42" pos="49.56" lane="1/1to2/1_0" slope="0.00"/>
        <vehicle id="23" x="785.11" y="198.35" angle="90.00" type="DEFAULT_VEHTYPE" speed="12.81" pos="180.36" lane="3/1to4/1_0" slope="0.00"/>
        <vehicle id="24" x="198.03" y="203.17" angle="-3.71" type="DEFAULT_VEHTYPE" speed="13.21" pos="1.63" lane=":1/1_0_0" slope="0.00"/>
        <vehicle id="3" x="416.16" y="401.65" angle="-90.00" type="DEFAULT_VEHTYPE" speed="7.93" pos="179.09" lane="3/2to2/2_0" slope="0.00"/>
        <vehicle id="4" x="290.29" y="198.35" angle="90.00" type="DEFAULT_VEHTYPE" speed="13.78" pos="85.54" lane="1/1to2/1_0" slope="0.00"/>
        <vehicle id="5" x="254.78" y="401.65" angle="-90.00" type="DEFAULT_VEHTYPE" speed="13.59" pos="140.47" lane="2/2to1/2_0" slope="0.00"/>
        <vehicle id="6" x="536.81" y="401.65" angle="-90.00" type="DEFAULT_VEHTYPE" speed="13.48" pos="58.44" lane="3/2to2/2_0" slope="0.00"/>
        <vehicle id="7" x="398.35" y="604.61" angle="0.00" type="DEFAULT_VEHTYPE" speed="13.21" pos="0.14" lane=":2/3_1_0" slope="0.00"/>
        <vehicle id="8" x="647.15" y="201.65" angle="-90.00" type="DEFAULT_VEHTYPE" speed="13.34" pos="152.85" lane="4/1to3/1_0" slope="0.00"/>
        <vehicle id="9" x="549.64" y="198.35" angle="90.00" type="DEFAULT_VEHTYPE" speed="13.07" pos="144.89" lane="2/1to3/1_0" slope="0.00"/>
    </timestep>
    <timestep time="769.00">
        <vehicle id="0" x="201.65" y="34.38" angle="180.00" type="DEFAULT_VEHTYPE" speed="13.71" pos="34.38" lane="1/0to1/1_0" slope="0.00"/>
        <vehicle id="1" x="401.65" y="127.13" angle="180.00" type="DEFAULT_VEHTYPE" speed="13.80" pos="127.13" lane="2/0to2/1_0" slope="0.00"/>
        <vehicle id="11" x="601.65" y="321.44" angle="180.00" type="DEFAULT_VEHTYPE" speed="13.70" pos="116.69" lane="3/1to3/2_0" slope="0.00"/>
        <vehicle id="12" x="198.35" y="332.76" angle="0.00" type="DEFAULT_VEHTYPE" speed="12.74" pos="62.49" lane="1/2to1/1_0" slope="0.00"/>
        <vehicle id="14" x="198.35" y="238.61" angle="0.00" type="DEFAULT_VEHTYPE" speed="13.20" pos="156.64" lane="1/2to1/1_0" slope="0.00"/>
        <vehicle id="15" x="601.65" y="262.82" angle="180.00" type="DEFAULT_VEHTYPE" speed="13.44" pos="58.07" lane="3/1to3/2_0" slope="0.00"/>
        <vehicle id="16" x="398.35" y="386.12" angle="0.00" type="DEFAULT_VEHTYPE" speed="10.13" pos="9.13" lane="2/2to2/1_0" slope="0.00"/>
        <vehicle id="17" x="499.79" y="198.35" angle="90.00" type="DEFAULT_VEHTYPE" speed="13.00" pos="95.04" lane="2/1to3/1_0" slope="0.00"/>
        <vehicle id="18" x="600.42" y="200.56" angle="115.87" type="DEFAULT_VEHTYPE" speed="6.16" pos="5.87" lane=":3/1_14_0" slope="0.00"/>
        <vehicle id="19" x="198.35" y="384.01" angle="0.00" type="DEFAULT_VEHTYPE" speed="11.53" pos="11.24" lane="1/2to1/1_0" slope="0.00"/>
        <vehicle id="2" x="556.96" y="401.65" angle="-90.00" type="DEFAULT_VEHTYPE" speed="13.86" pos="38.29" lane="3/2to2/2_0" slope="0.00"/>
        <vehicle id="20" x="407.15" y="198.35" angle="100.20" type="DEFAULT_VEHTYPE" speed="13.51" pos="2.40" lane="2/1to3/1_0" slope="0.00"/>
        <vehicle id="21" x="597.05" y="401.39" angle="-125.68" type="DEFAULT_VEHTYPE" speed="8.39" pos="1.36" lane=":3/2_18_0" slope="0.00"/>
        <vehicle id="22" x="267.11" y="198.35" angle="90.00" type="DEFAULT_VEHTYPE" speed="12.79" pos="62.36" lane="1/1to2/1_0" slope="0.00"/>
        <vehicle id="23" x="798.20" y="198.35" angle="90.00" type="DEFAULT_VEHTYPE" speed="13.09" pos="193.45" lane="3/1to4/1_0" slope="0.00"/>
        <vehicle id="24" x="185.97" y="201.65" angle="-90.00" type="DEFAULT_VEHTYPE" speed="12.65" pos="9.28" lane="1/1to0/1_0" slope="0.00"/>
        <vehicle id="3" x="411.60" y="401.65" angle="-90.00" type="DEFAULT_VEHTYPE" speed="4.56" pos="183.65" lane="3/2to2/2_0" slope="0.00"/>
        <vehicle id="4" x="303.36" y="198.35" angle="90.00" type="DEFAULT_VEHTYPE" speed="13.07" pos="98.61" lane="1/1to2/1_0" slope="0.00"/>
        <vehicle id="5" x="241.07" y="401.65" angle="-90.00" type="DEFAULT_VEHTYPE" speed="13.71" pos="154.18" lane="2/2to1/2_0" slope="0.00"/>
        <vehicle id="6" x="524.08" y="401.65" angle="-90.00" type="DEFAULT_VEHTYPE" speed="12.73" pos="71.17" lane="3/2to2/2_0" slope="0.00"/>
        <vehicle id="7" x="398.35" y="591.29" angle="0.00" type="DEFAULT_VEHTYPE" speed="13.32" pos="3.96" lane="2/3to2/2_0" slope="0.00"/>
        <vehicle id="8" x="634.03" y="201.65" angle="-90.00" type="DEFAULT_VEHTYPE" speed="13.13" pos="165.97" lane="4/1to3/1_0" slope="0.00"/>
        <vehicle id="9" x="563.15" y="198.35" angle="90.00" type="DEFAULT_VEHTYPE" speed="13.51" pos="158.40" lane="2/1to3/1_0" slope="0.00"/>
    </timestep>
    <timestep time="770.00">
        <vehicle id="0" x="201.65" y="47.18" angle="180.00" type="DEFAULT_VEHTYPE" speed="12.80" pos="47.18" lane="1/0to1/1_0" slope="0.00"/>
        <vehicle id="1" x="401.65" y="140.50" angle="180.00" type="DEFAULT_VEHTYPE" speed="13.37" pos="140.50" lane="2/0to2/1_0" slope="0.00"/>
        <vehicle id="11" x="601.65" y="335.21" angle="180.00" type="DEFAULT_VEHTYPE" speed="13.77" pos="130.46" lane="3/1to3/2_0" slope="0.00"/>
        <vehicle id="12" x="198.35" y="318.89" angle="0.00" type="DEFAULT_VEHTYPE" speed="13.87" pos="76.36" lane="1/2to1/1_0" slope="0.00"/>
        <vehicle id="14" x="198.35" y="225.15" angle="0.00" type="DEFAULT_VEHTYPE" speed="13.46" pos="170.10" lane="1/2to1/1_0" slope="0.00"/>
        <vehicle id="15" x="601.65" y="276.01" angle="180.00" type="DEFAULT_VEHTYPE" speed="13.19" pos="71.26" lane="3/1to3/2_0" slope="0.00"/>
        <vehicle id="16" x="398.35" y="374.28" angle="0.00" type="DEFAULT_VEHTYPE" speed="11.84" pos="20.97" lane="2/2to2/1_0" slope="0.00"/>
        <vehicle id="17" x="513.14" y="198.35" angle="90.00" type="DEFAULT_VEHTYPE" speed="13.35" pos="108.39" lane="2/1to3/1_0" slope="0.00"/>
        <vehicle id="18" x="601.65" y="207.93" angle="177.03" type="DEFAULT_VEHTYPE" speed="7.62" pos="3.18" lane="3/1to3/2_0" slope="0.00"/>
        <vehicle id="19" x="198.35" y="370.65" angle="0.00" type="DEFAULT_VEHTYPE" speed="13.36" pos="24.60" lane="1/2to1/1_0" slope="0.00"/>
        <vehicle id="2" x="543.73" y="401.65" angle="-90.00" type="DEFAULT_VEHTYPE" speed="13.23" pos="51.52" lane="3/2to2/2_0" slope="0.00"/>
        <vehicle id="20" x="419.80" y="198.35" angle="90.00" type="DEFAULT_VEHTYPE" speed="12.65" pos="15.05" lane="2/1to3/1_0" slope="0.00"/>
        <vehicle id="21" x="586.50" y="401.65" angle="-90.00" type="DEFAULT_VEHTYPE" speed="10.57" pos="8.75" lane="3/2to2/2_0" slope="0.00"/>
        <vehicle id="22" x="279.88" y="198.35" angle="90.00" type="DEFAULT_VEHTYPE" speed="12.77" pos="75.13" lane="1/1to2/1_0" slope="0.00"/>
        <vehicle id="23" x="793.68" y="201.65" angle="-90.00" type="DEFAULT_VEHTYPE" speed="12.94" pos="6.32" lane="4/1to3/1_0" slope="0.00"/>
        <vehicle id="24" x="172.32" y="201.65" angle="-90.00" type="DEFAULT_VEHTYPE" speed="13.65" pos="22.93" lane="1/1to0/1_0" slope="0.00"/>
        <vehicle id="3" x="404.65" y="401.64" angle="-89.84" type="DEFAULT_VEHTYPE" speed="6.95" pos="0.10" lane=":2/2_6_0" slope="0.00"/>
        <vehicle id="4" x="317.15" y="198.35" angle="90.00" type="DEFAULT_VEHTYPE" speed="13.79" pos="112.40" lane="1/1to2/1_0" slope="0.00"/>
        <vehicle id="5" x="227.57" y="401.65" angle="-90.00" type="DEFAULT_VEHTYPE" speed="13.50" pos="167.68" lane="2/2to1/2_0" slope="0.00"/>
        <vehicle id="6" x="510.34" y="401.65" angle="-90.00" type="DEFAULT_VEHTYPE" speed="13.74" pos="84.91" lane="3/2to2/2_0" slope="0.00"/>
        <vehicle id="7" x="398.35" y="577.59" angle="0.00" type="DEFAULT_VEHTYPE" speed="13.71" pos="17.66" lane="2/3to2/2_0" slope="0.00"/>
        <vehicle id="8" x="622.93" y="201.65" angle="-90.00" type="DEFAULT_VEHTYPE" speed="11.10" pos="177.07" lane="4/1to3/1_0" slope="0.00"/>
        <vehicle id="9" x="574.91" y="198.35" angle="90.00" type="DEFAULT_VEHTYPE" speed="11.76" pos="170.16" lane="2/1to3/1_0" slope="0.00"/>
    </timestep>
    <timestep time="771.00">
        <vehicle id="0" x="201.65" y="60.41" angle="180.00" type="DEFAULT_VEHTYPE" speed="13.23" pos="60.41" lane="1/0to1/1_0" slope="0.00"/>
        <vehicle id="1" x="401.65" y="154.10" angle="180.00" type="DEFAULT_VEHTYPE" speed="13.60" pos="154.10" lane="2/0to2/1_0" slope="0.00"/>
        <vehicle id="11" x="601.65" y="348.51" angle="180.00" type="DEFAULT_VEHTYPE" speed="13.30" pos="143.76" lane="3/1to3/2_0" slope="0.00"/>
        <vehicle id="12" x="198.35" y="305.18" angle="0.00" type="DEFAULT_VEHTYPE" speed="13.71" pos="90.07" lane="1/2to1/1_0" slope="0.00"/>
        <vehicle id="14" x="198.35" y="211.71" angle="0.00" type="DEFAULT_VEHTYPE" speed="13.44" pos="183.54" lane="1/2to1/1_0" slope="0.00"/>
        <vehicle id="15" x="601.65" y="289.16" angle="180.00" type="DEFAULT_VEHTYPE" speed="13.14" pos="84.41" lane="3/1to3/2_0" slope="0.00"/>
        <vehicle id="16" x="398.35" y="361.57" angle="0.00" type="DEFAULT_VEHTYPE" speed="12.71" pos="33.68" lane="2/2to2/1_0" slope="0.00"/>
        <vehicle id="17" x="526.69" y="198.35" angle="90.00" type="DEFAULT_VEHTYPE" speed="13.55" pos="121.94" lane="2/1to3/1_0" slope="0.00"/>
        <vehicle id="18" x="601.65" y="217.76" angle="180.00" type="DEFAULT_VEHTYPE" speed="9.83" pos="13.01" lane="3/1to3/2_0" slope="0.00"/>
        <vehicle id="19" x="198.35" y="357.42" angle="0.00" type="DEFAULT_VEHTYPE" speed="13.23" pos="37.83" lane="1/2to1/1_0" slope="0.00"/>
        <vehicle id="2" x="529.93" y="401.65" angle="-90.00" type="DEFAULT_VEHTYPE" speed="13.81" pos="65.32" lane="3/2to2/2_0" slope="0.00"/>
        <vehicle id="20" x="433.63" y="198.35" angle="90.00" type="DEFAULT_VEHTYPE" speed="13.83" pos="28.88" lane="2/1to3/1_0" slope="0.00"/>
        <vehicle id="21" x="574.58" y="401.65" angle="-90.00" type="DEFAULT_VEHTYPE" speed="11.92" pos="20.67" lane="3/2to2/2_0" slope="0.00"/>
        <vehicle id="22" x="293.54" y="198.35" angle="90.00" type="DEFAULT_VEHTYPE" speed="13.66" pos="88.79" lane="1/1to2/1_0" slope="0.00"/>
        <vehicle id="23" x="780.35" y="201.65" angle="-90.00" type="DEFAULT_VEHTYPE" speed="13.33" pos="19.65" lane="4/1to3/1_0" slope="0.00"/>
        <vehicle id="24" x="159.70" y="201.65" angle="-90.00" type="DEFAULT_VEHTYPE" speed="12.61" pos="35.55" lane="1/1to0/1_0" slope="0.00"/>
        <vehicle id="3" x="398.46" y="396.04" angle="-25.17" type="DEFAULT_VEHTYPE" speed="9.42" pos="9.52" lane=":2/2_6_0" slope="0.00"/>
        <vehicle id="4" x="330.47" y="198.35" angle="90.00" type="DEFAULT_VEHTYPE" speed="13.32" pos="125.72" lane="1/1to2/1_0" slope="0.00"/>
        <vehicle id="5" x="218.04" y="401.65" angle="-90.00" type="DEFAULT_VEHTYPE" speed="9.53" pos="177.21" lane="2/2to1/2_0" slope="0.00"/>
        <vehicle id="6" x="497.71" y="401.65" angle="-90.00" type="DEFAULT_VEHTYPE" speed="12.63" pos="97.54" lane="3/2to2/2_0" slope="0.00"/>
        <vehicle id="7" x="398.35" y="564.57" angle="0.00" type="DEFAULT_VEHTYPE" speed="13.02" pos="30.68" lane="2/3to2/2_0" slope="0.00"/>
        <vehicle id="8" x="615.52" y="201.65" angle="-90.00" type="DEFAULT_VEHTYPE" speed="7.41" pos="184.48" lane="4/1to3/1_0" slope="0.00"/>
        <vehicle id="9" x="583.61" y="198.35" angle="90.00" type="DEFAULT_VEHTYPE" speed="8.69" pos="178.86" lane="2/1to3/1_0" slope="0.00"/>
    </timestep>
    <timestep time="772.00">
        <vehicle id="0" x="201.65" y="73.56" angle="180.00" type="DEFAULT_VEHTYPE" speed="13.15" pos="73.56" lane="1/0to1/1_0" slope="0.00"/>
        <vehicle id="1" x="401.65" y="167.64" angle="180.00" type="DEFAULT_VEHTYPE" speed="13.54" pos="167.64" lane="2/0to2/1_0" slope="0.00"/>
        <vehicle id="11" x="601.65" y="361.13" angle="180.00" type="DEFAULT_VEHTYPE" speed="12.62" pos="156.38" lane="3/1to3/2_0" slope="0.00"/>
        <vehicle id="12" x="198.35" y="291.98" angle="0.00" type="DEFAULT_VEHTYPE" speed="13.20" pos="103.27" lane="1/2to1/1_0" slope="0.00"/>
        <vehicle id="14" x="193.78" y="201.65" angle="-69.02" type="DEFAULT_VEHTYPE" speed="13.43" pos="1.47" lane="1/1to0/1_0" slope="0.00"/>
        <vehicle id="15" x="601.65" y="302.48" angle="180.00" type="DEFAULT_VEHTYPE" speed="13.32" pos="97.73" lane="3/1to3/2_0" slope="0.00"/>
        <vehicle id="16" x="398.35" y="348.28" angle="0.00" type="DEFAULT_VEHTYPE" speed="13.30" pos="46.97" lane="2/2to2/1_0" slope="0.00"/>
        <vehicle id="17" x="539.56" y="198.35" angle="90.00" type="DEFAULT_VEHTYPE" speed="12.87" pos="134.81" lane="2/1to3/1_0" slope="0.00"/>
        <vehicle id="18" x="601.65" y="230.06" angle="180.00" type="DEFAULT_VEHTYPE" speed="12.30" pos="25.31" lane="3/1to3/2_0" slope="0.00"/>
        <vehicle id="19" x="198.35" y="344.82" angle="0.00" type="DEFAULT_VEHTYPE" speed="12.60" pos="50.43" lane="1/2to1/1_0" slope="0.00"/>
        <vehicle id="2" x="516.44" y="401.65" angle="-90.00" type="DEFAULT_VEHTYPE" speed="13.49" pos="78.81" lane="3/2to2/2_0" slope="0.00"/>
        <vehicle id="20" x="446.86" y="198.35" angle="90.00" type="DEFAULT_VEHTYPE" speed="13.23" pos="42.11" lane="2/1to3/1_0" slope="0.00"/>
        <vehicle id="21" x="560.70" y="401.65" angle="-90.00" type="DEFAULT_VEHTYPE" speed="13.88" pos="34.55" lane="3/2to2/2_0" slope="0.00"/>
        <vehicle id="22" x="307.32" y="198.35" angle="90.00" type="DEFAULT_VEHTYPE" speed="13.78" pos="102.57" lane="1/1to2/1_0" slope="0.00"/>
        <vehicle id="23" x="767.38" y="201.65" angle="-90.00" type="DEFAULT_VEHTYPE" speed="12.97" pos="32.62" lane="4/1to3/1_0" slope="0.00"/>
        <vehicle id="24" x="146.71" y="201.65" angle="-90.00" type="DEFAULT_VEHTYPE" speed="13.00" pos="48.54" lane="1/1to0/1_0" slope="0.00"/>
        <vehicle id="3" x="398.35" y="384.23" angle="0.00" type="DEFAULT_VEHTYPE" speed="11.82" pos="11.02" lane="2/2to2/1_0" slope="0.00"/>
        <vehicle id="4" x="344.32" y="198.35" angle="90.00" type="DEFAULT_VEHTYPE" speed="13.86" pos="139.57" lane="1/1to2/1_0" slope="0.00"/>
        <vehicle id="5" x="211.81" y="401.65" angle="-90.00" type="DEFAULT_VEHTYPE" speed="6.23" pos="183.44" lane="2/2to1/2_0" slope="0.00"/>
        <vehicle id="6" x="483.86" y="401.65" angle="-90.00" type="DEFAULT_VEHTYPE" speed="13.85" pos="111.39" lane="3/2to2/2_0" slope="0.00"/>
        <vehicle id="7" x="398.35" y="551.12" angle="0.00" type="DEFAULT_VEHTYPE" speed="13.45" pos="44.13" lane="2/3to2/2_0" slope="0.00"/>
        <vehicle id="8" x="610.50" y="201.65" angle="-90.00" type="DEFAULT_VEHTYPE" speed="5.02" pos="189.50" lane="4/1to3/1_0" slope="0.00"/>
        <vehicle id="9" x="589.00" y="198.35" angle="90.00" type="DEFAULT_VEHTYPE" speed="5.40" pos="184.25" lane="2/1to3/1_0" slope="0.00"/>
    </timestep>
    <timestep time="773.00">
        <vehicle id="0" x="201.65" y="86.34" angle="180.00" type="DEFAULT_VEHTYPE" speed="12.78" pos="86.34" lane="1/0to1/1_0" slope="0.00"/>
        <vehicle id="1" x="401.65" y="181.44" angle="180.00" type="DEFAULT_VEHTYPE" speed="13.80" pos="181.44" lane="2/0to2/1_0" slope="0.00"/>
        <vehicle id="11" x="601.65" y="373.03" angle="180.00" type="DEFAULT_VEHTYPE" speed="11.90" pos="168.28" lane="3/1to3/2_0" slope="0.00"/>
        <vehicle id="12" x="198.35" y="278.23" angle="0.00" type="DEFAULT_VEHTYPE" speed="13.75" pos="117.02" lane="1/2to1/1_0" slope="0.00"/>
        <vehicle id="14" x="180.21" y="201.65" angle="-90.00" type="DEFAULT_VEHTYPE" speed="13.58" pos="15.04" lane="1/1to0/1_0" slope="0.00"/>
        <vehicle id="15" x="601.65" y="316.15" angle="180.00" type="DEFAULT_VEHTYPE" speed="13.68" pos="111.40" lane="3/1to3/2_0" slope="0.00"/>
        <vehicle id="16" x="398.35" y="335.50" angle="0.00" type="DEFAULT_VEHTYPE" speed="12.78" pos="59.75" lane="2/2to2/1_0" slope="0.00"/>
        <vehicle id="17" x="553.18" y="198.35" angle="90.00" type="DEFAULT_VEHTYPE" speed="13.62" pos="148.43" lane="2/1to3/1_0" slope="0.00"/>
        <vehicle id="18" x="601.65" y="243.04" angle="180.00" type="DEFAULT_VEHTYPE" speed="12.98" pos="38.29" lane="3/1to3/2_0" slope="0.00"/>
        <vehicle id="19" x="198.35" y="331.59" angle="0.00" type="DEFAULT_VEHTYPE" speed="13.23" pos="63.66" lane="1/2to1/1_0" slope="0.00"/>
        <vehicle id="2" x="502.98" y="401.65" angle="-90.00" type="DEFAULT_VEHTYPE" speed="13.46" pos="92.27" lane="3/2to2/2_0" slope="0.00"/>
        <vehicle id="20" x="460.71" y="198.35" angle="90.00" type="DEFAULT_VEHTYPE" speed="13.86" pos="55.96" lane="2/1to3/1_0" slope="0.00"/>
        <vehicle id="21" x="547.01" y="401.65" angle="-90.00" type="DEFAULT_VEHTYPE" speed="13.69" pos="48.24" lane="3/2to2/2_0" slope="0.00"/>
        <vehicle id="22" x="320.97" y="198.35" angle="90.00" type="DEFAULT_VEHTYPE" speed="13.65" pos="116.22" lane="1/1to2/1_0" slope="0.00"/>
        <vehicle id="23" x="754.69" y="201.65" angle="-90.00" type="DEFAULT_VEHTYPE" speed="12.69" pos="45.31" lane="4/1to3/1_0" slope="0.00"/>
        <vehicle id="24" x="133.82" y="201.65" angle="-90.00" type="DEFAULT_VEHTYPE" speed="12.89" pos="61.43" lane="1/1to0/1_0" slope="0.00"/>
        <vehicle id="3" x="398.35" y="371.43" angle="0.00" type="DEFAULT_VEHTYPE" speed="12.80" pos="23.82" lane="2/2to2/1_0" slope="0.00"/>
        <vehicle id="4" x="357.33" y="198.35" angle="90.00" type="DEFAULT_VEHTYPE" speed="13.01" pos="152.58" lane="1/1to2/1_0" slope="0.00"/>
        <vehicle id="5" x="209.56" y="401.65" angle="-90.00" type="DEFAULT_VEHTYPE" speed="2.25" pos="185.69" lane="2/2to1/2_0" slope="0.00"/>
        <vehicle id="6" x="470.64" y="401.65" angle="-90.00" type="DEFAULT_VEHTYPE" speed="13.22" pos="124.61" lane="3/2to2/2_0" slope="0.00"/>
        <vehicle id="7" x="398.35" y="538.34" angle="0.00" type="DEFAULT_VEHTYPE" speed="12.78" pos="56.91" lane="2/3to2/2_0" slope="0.00"/>
        <vehicle id="8" x="603.66" y="201.80" angle="-91.75" type="DEFAULT_VEHTYPE" speed="6.85" pos="1.10" lane=":3/1_4_0" slope="0.00"/>
        <vehicle id="9" x="591.48" y="198.35" angle="90.00" type="DEFAULT_VEHTYPE" speed="2.48" pos="186.73" lane="2/1to3/1_0" slope="0.00"/>
    </timestep>
    <timestep time="774.00">
        <vehicle id="0" x="201.65" y="99.14" angle="180.00" type="DEFAULT_VEHTYPE" speed="12.80" pos="99.14" lane="1/0to1/1_0" slope="0.00"/>
        <vehicle id="1" x="401.65" y="194.91" angle="180.00" type="DEFAULT_VEHTYPE" speed="13.47" pos="194.91" lane="2/0to2/1_0" slope="0.00"/>
        <vehicle id="11" x="601.65" y="382.56" angle="180.00" type="DEFAULT_VEHTYPE" speed="9.53" pos="177.81" lane="3/1to3/2_0" slope="0.00"/>
        <vehicle id="12" x="198.35" y="265.28" angle="0.00" type="DEFAULT_VEHTYPE" speed="12.95" pos="129.97" lane="1/2to1/1_0" slope="0.00"/>
        <vehicle id="14" x="167.28" y="201.65" angle="-90.00" type="DEFAULT_VEHTYPE" speed="12.93" pos="27.97" lane="1/1to0/1_0" slope="0.00"/>
        <vehicle id="15" x="601.65" y="329.15" angle="180.00" type="DEFAULT_VEHTYPE" speed="13.00" pos="124.40" lane="3/1to3/2_0" slope="0.00"/>
        <vehicle id="16" x="398.35" y="321.76" angle="0.00" type="DEFAULT_VEHTYPE" speed="13.74" pos="73.49" lane="2/2to2/1_0" slope="0.00"/>
        <vehicle id="17" x="565.70" y="198.35" angle="90.00" type="DEFAULT_VEHTYPE" speed="12.52" pos="160.95" lane="2/1to3/1_0" slope="0.00"/>
        <vehicle id="18" x="601.65" y="256.68" angle="180.00" type="DEFAULT_VEHTYPE" speed="13.64" pos="51.93" lane="3/1to3/2_0" slope="0.00"/>
        <vehicle id="19" x="198.35" y="317.72" angle="0.00" type="DEFAULT_VEHTYPE" speed="13.86" pos="77.53" lane="1/2to1/1_0" slope="0.00"/>
        <vehicle id="2" x="489.58" y="401.65" angle="-90.00" type="DEFAULT_VEHTYPE" speed="13.40" pos="105.67" lane="3/2to2/2_0" slope="0.00"/>
        <vehicle id="20" x="473.56" y="198.35" angle="90.00" type="DEFAULT_VEHTYPE" speed="12.85" pos="68.81" lane="2/1to3/1_0" slope="0.00"/>
        <vehicle id="21" x="533.69" y="401.65" angle="-90.00" type="DEFAULT_VEHTYPE" speed="13.32" pos="61.56" lane="3/2to2/2_0" slope="0.00"/>
        <vehicle id="22" x="333.95" y="198.35" angle="90.00" type="DEFAULT_VEHTYPE" speed="12.98" pos="129.20" lane="1/1to2/1_0" slope="0.00"/>
        <vehicle id="23" x="741.50" y="201.65" angle="-90.00" type="DEFAULT_VEHTYPE" speed="13.19" pos="58.50" lane="4/1to3/1_0" slope="0.00"/>
        <vehicle id="24" x="120.17" y="201.65" angle="-90.00" type="DEFAULT_VEHTYPE" speed="13.65" pos="75.08" lane="1/1to0/1_0" slope="0.00"/>
        <vehicle id="3" x="398.35" y="357.62" angle="0.00" type="DEFAULT_VEHTYPE" speed="13.81" pos="37.63" lane="2/2to2/1_0" slope="0.00"/>
        <vehicle id="4" x="370.34" y="198.35" angle="90.00" type="DEFAULT_VEHTYPE" speed="13.01" pos="165.59" lane="1/1to2/1_0" slope="0.00"/>
        <vehicle id="5" x="205.00" y="401.65" angle="-90.00" type="DEFAULT_VEHTYPE" speed="4.56" pos="190.25" lane="2/2to1/2_0" slope="0.00"/>
        <vehicle id="6" x="457.33" y="401.65" angle="-90.00" type="DEFAULT_VEHTYPE" speed="13.31" pos="137.92" lane="3/2to2/2_0" slope="0.00"/>
        <vehicle id="7" x="398.35" y="524.86" angle="0.00" type="DEFAULT_VEHTYPE" speed="13.48" pos="70.39" lane="2/3to2/2_0" slope="0.00"/>
        <vehicle id="8" x="601.65" y="209.91" angle="180.00" type="DEFAULT_VEHTYPE" speed="9.06" pos="5.16" lane="3/1to3/2_0" slope="0.00"/>
        <vehicle id="9" x="592.07" y="198.35" angle="90.00" type="DEFAULT_VEHTYPE" speed="0.59" pos="187.32" lane="2/1to3/1_0" slope="0.00"/>
    </timestep>
    <timestep time="775.00">
        <vehicle id="0" x="201.65" y="111.84" angle="180.00" type="DEFAULT_VEHTYPE" speed="12.70" pos="111.84" lane="1/0to1/1_0" slope="0.00"/>
        <vehicle id="1" x="412.67" y="198.35" angle="90.00" type="DEFAULT_VEHTYPE" speed="13.26" pos="7.92" lane="2/1to3/1_0" slope="0.00"/>
        <vehicle id="11" x="601.65" y="387.85" angle="180.00" type="DEFAULT_VEHTYPE" speed="5.29" pos="183.10" lane="3/1to3/2_0" slope="0.00"/>
        <vehicle id="12" x="198.35" y="251.58" angle="0.00" type="DEFAULT_VEHTYPE" speed="13.70" pos="143.67" lane="1/2to1/1_0" slope="0.00"/>
        <vehicle id="14" x="153.50" y="201.65" angle="-90.00" type="DEFAULT_VEHTYPE" speed="13.78" pos="41.75" lane="1/1to0/1_0" slope="0.00"/>
        <vehicle id="15" x="601.65" y="342.51" angle="180.00" type="DEFAULT_VEHTYPE" speed="13.36" pos="137.76" lane="3/1to3/2_0" slope="0.00"/>
        <vehicle id="16" x="398.35" y="308.57" angle="0.00" type="DEFAULT_VEHTYPE" speed="13.19" pos="86.68" lane="2/2to2/1_0" slope="0.00"/>
        <vehicle id="17" x="574.07" y="198.35" angle="90.00" type="DEFAULT_VEHTYPE" speed="8.37" pos="169.32" lane="2/1to3/1_0" slope="0.00"/>
        <vehicle id="18" x="601.65" y="269.69" angle="180.00" type="DEFAULT_VEHTYPE" speed="13.01" pos="64.94" lane="3/1to3/2_0" slope="0.00"/>
        <vehicle id="19" x="198.35" y="304.99" angle="0.00" type="DEFAULT_VEHTYPE" speed="12.74" pos="90.26" lane="1/2to1/1_0" slope="0.00"/>
        <vehicle id="2" x="476.93" y="401.65" angle="-90.00" type="DEFAULT_VEHTYPE" speed="12.65" pos="118.32" lane="3/2to2/2_0" slope="0.00"/>
        <vehicle id="20" x="486.38" y="198.35" angle="90.00" type="DEFAULT_VEHTYPE" speed="12.82" pos="81.63" lane="2/1to3/1_0" slope="0.00"/>
        <vehicle id="21" x="521.06" y="401.65" angle="-90.00" type="DEFAULT_VEHTYPE" speed="12.63" pos="74.19" lane="3/2to2/2_0" slope="0.00"/>
        <vehicle id="22" x="347.38" y="198.35" angle="90.00" type="DEFAULT_VEHTYPE" speed="13.43" pos="142.63" lane="1/1to2/1_0" slope="0.00"/>
        <vehicle id="23" x="728.09" y="201.65" angle="-90.00" type="DEFAULT_VEHTYPE" speed="13.41" pos="71.91" lane="4/1to3/1_0" slope="0.00"/>
        <vehicle id="24" x="106.82" y="201.65" angle="-90.00" type="DEFAULT_VEHTYPE" speed="13.35" pos="88.43" lane="1/1to0/1_0" slope="0.00"/>
        <vehicle id="3" x="398.35" y="345.02" angle="0.00" type="DEFAULT_VEHTYPE" speed="12.61" pos="50.23" lane="2/2to2/1_0" slope="0.00"/>
        <vehicle id="4" x="379.60" y="198.35" angle="90.00" type="DEFAULT_VEHTYPE" speed="9.25" pos="174.85" lane="1/1to2/1_0" slope="0.00"/>
        <vehicle id="5" x="199.09" y="398.62" angle="-54.27" type="DEFAULT_VEHTYPE" speed="7.08" pos="6.82" lane=":1/2_6_0" slope="0.00"/>
        <vehicle id="6" x="444.51" y="401.65" angle="-90.00" type="DEFAULT_VEHTYPE" speed="12.82" pos="150.74" lane="3/2to2/2_0" slope="0.00"/>
        <vehicle id="7" x="398.35" y="511.67" angle="0.00" type="DEFAULT_VEHTYPE" speed="13.19" pos="83.58" lane="2/3to2/2_0" slope="0.00"/>
        <vehicle id="8" x="601.65" y="221.52" angle="180.00" type="DEFAULT_VEHTYPE" speed="11.61" pos="16.77" lane="3/1to3/2_0" slope="0.00"/>
        <vehicle id="9" x="594.67" y="198.35" angle="90.00" type="DEFAULT_VEHTYPE" speed="2.60" pos="189.92" lane="2/1to3/1_0" slope="0.00"/>
    </timestep>
    <timestep time="776.00">
        <vehicle id="0" x="201.65" y="125.63" angle="180.00" type="DEFAULT_VEHTYPE" speed="13.79" pos="125.63" lane="1/0to1/1_0" slope="0.00"/>
        <vehicle id="1" x="426.46" y="198.35" angle="90.00" type="DEFAULT_VEHTYPE" speed="13.79" pos="21.71" lane="2/1to3/1_0" slope="0.00"/>
        <vehicle id="11" x="601.65" y="390.25" angle="180.00" type="DEFAULT_VEHTYPE" speed="2.41" pos="185.50" lane="3/1to3/2_0" slope="0.00"/>
        <vehicle id="12" x="198.35" y="238.56" angle="0.00" type="DEFAULT_VEHTYPE" speed="13.01" pos="156.69" lane="1/2to1/1_0" slope="0.00"/>
        <vehicle id="14" x="139.90" y="201.65" angle="-90.00" type="DEFAULT_VEHTYPE" speed="13.60" pos="55.35" lane="1/1to0/1_0" slope="0.00"/>
        <vehicle id="15" x="601.65" y="355.50" angle="180.00" type="DEFAULT_VEHTYPE" speed="12.99" pos="150.75" lane="3/1to3/2_0" slope="0.00"/>
        <vehicle id="16" x="398.35" y="295.63" angle="0.00" type="DEFAULT_VEHTYPE" speed="12.94" pos="99.62" lane="2/2to2/1_0" slope="0.00"/>
        <vehicle id="17" x="581.12" y="198.35" angle="90.00" type="DEFAULT_VEHTYPE" speed="7.05" pos="176.37" lane="2/1to3/1_0" slope="0.00"/>
        <vehicle id="18" x="601.65" y="282.29" angle="180.00" type="DEFAULT_VEHTYPE" speed="12.60" pos="77.54" lane="3/1to3/2_0" slope="0.00"/>
        <vehicle id="19" x="198.35" y="291.14" angle="0.00" type="DEFAULT_VEHTYPE" speed="13.85" pos="104.11" lane="1/2to1/1_0" slope="0.00"/>
        <vehicle id="2" x="464.02" y="401.65" angle="-90.00" type="DEFAULT_VEHTYPE" speed="12.91" pos="131.23" lane="3/2to2/2_0" slope="0.00"/>
        <vehicle id="20" x="499.25" y="198.35" angle="90.00" type="DEFAULT_VEHTYPE" speed="12.87" pos="94.50" lane="2/1to3/1_0" slope="0.00"/>
        <vehicle id="21" x="507.90" y="401.65" angle="-90.00" type="DEFAULT_VEHTYPE" speed="13.16" pos="87.35" lane="3/2to2/2_0" slope="0.00"/>
        <vehicle id="22" x="360.83" y="198.35" angle="90.00" type="DEFAULT_VEHTYPE" speed="13.45" pos="156.08" lane="1/1to2/1_0" slope="0.00"/>
        <vehicle id="23" x="714.95" y="201.65" angle="-90.00" type="DEFAULT_VEHTYPE" speed="13.14" pos="85.05" lane="4/1to3/1_0" slope="0.00"/>
        <vehicle id="24" x="93.78" y="201.65" angle="-90.00" type="DEFAULT_VEHTYPE" speed="13.04" pos="101.47" lane="1/1to0/1_0" slope="0.00"/>
        <vehicle id="3" x="398.35" y="332.00" angle="0.00" type="DEFAULT_VEHTYPE" speed="13.02" pos="63.25" lane="2/2to2/1_0" slope="0.00"/>
        <vehicle id="4" x="386.83" y="198.35" angle="90.00" type="DEFAULT_VEHTYPE" speed="7.23" pos="182.08" lane="1/1to2/1_0" slope="0.00"/>
        <vehicle id="5" x="198.35" y="390.03" angle="0.00" type="DEFAULT_VEHTYPE" speed="8.71" pos="5.22" lane="1/2to1/1_0" slope="0.00"/>
        <vehicle id="6" x="431.45" y="401.65" angle="-90.00" type="DEFAULT_VEHTYPE" speed="13.06" pos="163.80" lane="3/2to2/2_0" slope="0.00"/>
        <vehicle id="7" x="398.35" y="498.95" angle="0.00" type="DEFAULT_VEHTYPE" speed="12.72" pos="96.30" lane="2/3to2/2_0" slope="0.00"/>
        <vehicle id="8" x="601.65" y="234.15" angle="180.00" type="DEFAULT_VEHTYPE" speed="12.63" pos="29.40" lane="3/1to3/2_0" slope="0.00"/>
        <vehicle id="9" x="598.71" y="199.15" angle="99.29" type="DEFAULT_VEHTYPE" speed="4.17" pos="3.60" lane=":3/1_14_0" slope="0.00"/>
    </timestep>
    <timestep time="777.00">
        <vehicle id="0" x="201.65" y="138.34" angle="180.00" type="DEFAULT_VEHTYPE" speed="12.71" pos="138.34" lane="1/0to1/1_0" slope="0.00"/>
        <vehicle id="1" x="440.05" y="198.35" angle="90.00" type="DEFAULT_VEHTYPE" speed="13.59" pos="35.30" lane="2/1to3/1_0" slope="0.00"/>
        <vehicle id="11" x="601.65" y="395.15" angle="180.00" type="DEFAULT_VEHTYPE" speed="4.90" pos="190.40" lane="3/1to3/2_0" slope="0.00"/>
        <vehicle id="12" x="198.35" y="224.94" angle="0.00" type="DEFAULT_VEHTYPE" speed="13.63" pos="170.31" lane="1/2to1/1_0" slope="0.00"/>
        <vehicle id="14" x="126.17" y="201.65" angle="-90.00" type="DEFAULT_VEHTYPE" speed="13.73" pos="69.08" lane="1/1to0/1_0" slope="0.00"/>
        <vehicle id="15" x="601.65" y="366.47" angle="180.00" type="DEFAULT_VEHTYPE" speed="10.97" pos="161.72" lane="3/1to3/2_0" slope="0.00"/>
        <vehicle id="16" x="398.35" y="282.01" angle="0.00" type="DEFAULT_VEHTYPE" speed="13.62" pos="113.24" lane="2/2to2/1_0" slope="0.00"/>
        <vehicle id="17" x="586.05" y="198.35" angle="90.00" type="DEFAULT_VEHTYPE" speed="4.93" pos="181.30" lane="2/1to3/1_0" slope="0.00"/>
        <vehicle id="18" x="601.65" y="295.77" angle="180.00" type="DEFAULT_VEHTYPE" speed="13.48" pos="91.02" lane="3/1to3/2_0" slope="0.00"/>
        <vehicle id="19" x="198.35" y="278.35" angle="0.00" type="DEFAULT_VEHTYPE" speed="12.79" pos="116.90" lane="1/2to1/1_0" slope="0.00"/>
        <vehicle id="2" x="450.57" y="401.65" angle="-90.00" type="DEFAULT_VEHTYPE" speed="13.45" pos="144.68" lane="3/2to2/2_0" slope="0.00"/>
        <vehicle id="20" x="512.01" y="198.35" angle="90.00" type="DEFAULT_VEHTYPE" speed="12.76" pos="107.26" lane="2/1to3/1_0" slope="0.00"/>
        <vehicle id="21" x="495.21" y="401.65" angle="-90.00" type="DEFAULT_VEHTYPE" speed="12.69" pos="100.04" lane="3/2to2/2_0" slope="0.00"/>
        <vehicle id="22" x="371.86" y="198.35" angle="90.00" type="DEFAULT_VEHTYPE" speed="11.03" pos="167.11" lane="1/1to2/1_0" slope="0.00"/>
        <vehicle id="23" x="701.92" y="201.65" angle="-90.00" type="DEFAULT_VEHTYPE" speed="13.04" pos="98.08" lane="4/1to3/1_0" slope="0.00"/>
        <vehicle id="24" x="80.70" y="201.65" angle="-90.00" type="DEFAULT_VEHTYPE" speed="13.09" pos="114.55" lane="1/1to0/1_0" slope="0.00"/>
        <vehicle id="3" x="398.35" y="318.35" angle="0.00" type="DEFAULT_VEHTYPE" speed="13.65" pos="76.90" lane="2/2to2/1_0" slope="0.00"/>
        <vehicle id="4" x="389.84" y="198.35" angle="90.00" type="DEFAULT_VEHTYPE" speed="3.01" pos="185.09" lane="1/1to2/1_0" slope="0.00"/>
        <vehicle id="5" x="198.35" y="379.37" angle="0.00" type="DEFAULT_VEHTYPE" speed="10.66" pos="15.88" lane="1/2to1/1_0" slope="0.00"/>
        <vehicle id="6" x="421.73" y="401.65" angle="-90.00" type="DEFAULT_VEHTYPE" speed="9.72" pos="173.52" lane="3/2to2/2_0" slope="0.00"/>
        <vehicle id="7" x="398.35" y="485.94" angle="0.00" type="DEFAULT_VEHTYPE" speed="13.01" pos="109.31" lane="2/3to2/2_0" slope="0.00"/>
        <vehicle id="8" x="601.65" y="246.92" angle="180.00" type="DEFAULT_VEHTYPE" speed="12.77" pos="42.17" lane="3/1to3/2_0" slope="0.00"/>
        <vehicle id="9" x="601.49" y="203.65" angle="151.71" type="DEFAULT_VEHTYPE" speed="5.62" pos="9.21" lane=":3/1_14_0" slope="0.00"/>
    </timestep>
    <timestep time="778.00">
        <vehicle id="0" x="201.65" y="151.57" angle="180.00" type="DEFAULT_VEHTYPE" speed="13.22" pos="151.57" lane="1/0to1/1_0" slope="0.00"/>
        <vehicle id="1" x="453.74" y="198.35" angle="90.00" type="DEFAULT_VEHTYPE" speed="13.68" pos="48.99" lane="2/1to3/1_0" slope="0.00"/>
        <vehicle id="11" x="598.97" y="400.70" angle="-148.57" type="DEFAULT_VEHTYPE" speed="6.51" pos="6.41" lane=":3/2_10_0" slope="0.00"/>
        <vehicle id="12" x="198.35" y="211.33" angle="0.00" type="DEFAULT_VEHTYPE" speed="13.61" pos="183.92" lane="1/2to1/1_0" slope="0.00"/>
        <vehicle id="14" x="112.39" y="201.65" angle="-90.00" type="DEFAULT_VEHTYPE" speed="13.78" pos="82.86" lane="1/1to0/1_0" slope="0.00"/>
        <vehicle id="15" x="601.65" y="377.97" angle="180.00" type="DEFAULT_VEHTYPE" speed="11.50" pos="173.22" lane="3/1to3/2_0" slope="0.00"/>
        <vehicle id="16" x="398.35" y="268.87" angle="0.00" type="DEFAULT_VEHTYPE" speed="13.14" pos="126.38" lane="2/2to2/1_0" slope="0.00"/>
        <vehicle id="17" x="589.79" y="198.35" angle="90.00" type="DEFAULT_VEHTYPE" speed="3.73" pos="185.04" lane="2/1to3/1_0" slope="0.00"/>
        <vehicle id="18" x="601.65" y="308.47" angle="180.00" type="DEFAULT_VEHTYPE" speed="12.70" pos="103.72" lane="3/1to3/2_0" slope="0.00"/>
        <vehicle id="19" x="198.35" y="265.61" angle="0.00" type="DEFAULT_VEHTYPE" speed="12.74" pos="129.64" lane="1/2to1/1_0" slope="0.00"/>
        <vehicle id="2" x="438.15" y="401.65" angle="-90.00" type="DEFAULT_VEHTYPE" speed="12.42" pos="157.10" lane="3/2to2/2_0" slope="0.00"/>
        <vehicle id="20" x="525.24" y="198.35" angle="90.00" type="DEFAULT_VEHTYPE" speed="13.23" pos="120.49" lane="2/1to3/1_0" slope="0.00"/>
        <vehicle id="21" x="482.10" y="401.65" angle="-90.00" type="DEFAULT_VEHTYPE" speed="13.11" pos="113.15" lane="3/2to2/2_0" slope="0.00"/>
        <vehicle id="22" x="378.39" y="198.35" angle="90.00" type="DEFAULT_VEHTYPE" speed="6.53" pos="173.64" lane="1/1to2/1_0" slope="0.00"/>
        <vehicle id="23" x="688.10" y="201.65" angle="-90.00" type="DEFAULT_VEHTYPE" speed="13.82" pos="111.90" lane="4/1to3/1_0" slope="0.00"/>
        <vehicle id="24" x="67.06" y="201.65" angle="-90.00" type="DEFAULT_VEHTYPE" speed="13.64" pos="128.19" lane="1/1to0/1_0" slope="0.00"/>
        <vehicle id="3" x="398.35" y="305.50" angle="0.00" type="DEFAULT_VEHTYPE" speed="12.85" pos="89.75" lane="2/2to2/1_0" slope="0.00"/>
        <vehicle id="4" x="394.36" y="198.35" angle="90.00" type="DEFAULT_VEHTYPE" speed="4.53" pos="189.61" lane="1/1to2/1_0" slope="0.00"/>
        <vehicle id="5" x="198.35" y="366.33" angle="0.00" type="DEFAULT_VEHTYPE" speed="13.04" pos="28.92" lane="1/2to1/1_0" slope="0.00"/>
        <vehicle id="6" x="414.27" y="401.65" angle="-90.00" type="DEFAULT_VEHTYPE" speed="7.46" pos="180.98" lane="3/2to2/2_0" slope="0.00"/>
        <vehicle id="7" x="398.35" y="472.86" angle="0.00" type="DEFAULT_VEHTYPE" speed="13.08" pos="122.39" lane="2/3to2/2_0" slope="0.00"/>
        <vehicle id="8" x="601.65" y="259.57" angle="180.00" type="DEFAULT_VEHTYPE" speed="12.65" pos="54.82" lane="3/1to3/2_0" slope="0.00"/>
        <vehicle id="9" x="601.65" y="211.75" angle="180.00" type="DEFAULT_VEHTYPE" speed="8.11" pos="7.00" lane="3/1to3/2_0" slope="0.00"/>
    </timestep>
    <timestep time="779.00">
        <vehicle id="0" x="201.65" y="165.17" angle="180.00" type="DEFAULT_VEHTYPE" speed="13.61" pos="165.17" lane="1/0to1/1_0" slope="0.00"/>
        <vehicle id="1" x="466.95" y="198.35" angle="90.00" type="DEFAULT_VEHTYPE" speed="13.21" pos="62.20" lane="2/1to3/1_0" slope="0.00"/>
        <vehicle id="11" x="590.80" y="401.65" angle="-90.89" type="DEFAULT_VEHTYPE" speed="8.36" pos="4.45" lane="3/2to2/2_0" slope="0.00"/>
        <vehicle id="12" x="192.99" y="201.65" angle="-78.26" type="DEFAULT_VEHTYPE" speed="13.84" pos="2.26" lane="1/1to0/1_0" slope="0.00"/>
        <vehicle id="14" x="99.24" y="201.65" angle="-90.00" type="DEFAULT_VEHTYPE" speed="13.15" pos="96.01" lane="1/1to0/1_0" slope="0.00"/>
        <vehicle id="15" x="601.65" y="385.45" angle="180.00" type="DEFAULT_VEHTYPE" speed="7.48" pos="180.70" lane="3/1to3/2_0" slope="0.00"/>
        <vehicle id="16" x="398.35" y="255.93" angle="0.00" type="DEFAULT_VEHTYPE" speed="12.94" pos="139.32" lane="2/2to2/1_0" slope="0.00"/>
        <vehicle id="17" x="596.07" y="198.35" angle="90.00" type="DEFAULT_VEHTYPE" speed="6.29" pos="0.82" lane=":3/1_13_0" slope="0.00"/>
        <vehicle id="18" x="601.65" y="321.86" angle="180.00" type="DEFAULT_VEHTYPE" speed="13.39" pos="117.11" lane="3/1to3/2_0" slope="0.00"/>
        <vehicle id="19" x="198.35" y="251.87" angle="0.00" type="DEFAULT_VEHTYPE" speed="13.74" pos="143.38" lane="1/2to1/1_0" slope="0.00"/>
        <vehicle id="2" x="428.26" y="401.65" angle="-90.00" type="DEFAULT_VEHTYPE" speed="9.89" pos="166.99" lane="3/2to2/2_0" slope="0.00"/>
        <vehicle id="20" x="538.12" y="198.35" angle="90.00" type="DEFAULT_VEHTYPE" speed="12.89" pos="133.37" lane="2/1to3/1_0" slope="0.00"/>
        <vehicle id="21" x="469.13" y="401.65" angle="-90.00" type="DEFAULT_VEHTYPE" speed="12.96" pos="126.12" lane="3/2to2/2_0" slope="0.00"/>
        <vehicle id="22" x="384.78" y="198.35" angle="90.00" type="DEFAULT_VEHTYPE" speed="6.39" pos="180.03" lane="1/1to2/1_0" slope="0.00"/>
        <vehicle id="23" x="674.77" y="201.65" angle="-90.00" type="DEFAULT_VEHTYPE" speed="13.33" pos="125.23" lane="4/1to3/1_0" slope="0.00"/>
        <vehicle id="24" x="53.94" y="201.65" angle="-90.00" type="DEFAULT_VEHTYPE" speed="13.12" pos="141.31" lane="1/1to0/1_0" slope="0.00"/>
        <vehicle id="3" x="398.35" y="292.61" angle="0.00" type="DEFAULT_VEHTYPE" speed="12.89" pos="102.64" lane="2/2to2/1_0" slope="0.00"/>
        <vehicle id="4" x="400.34" y="198.35" angle="90.00" type="DEFAULT_VEHTYPE" speed="5.98" pos="5.09" lane=":2/1_13_0" slope="0.00"/>
        <vehicle id="5" x="198.35" y="353.43" angle="0.00" type="DEFAULT_VEHTYPE" speed="12.90" pos="41.82" lane="1/2to1/1_0" slope="0.00"/>
        <vehicle id="6" x="410.01" y="401.65" angle="-90.00" type="DEFAULT_VEHTYPE" speed="4.26" pos="185.24" lane="3/2to2/2_0" slope="0.00"/>
        <vehicle id="7" x="398.35" y="459.86" angle="0.00" type="DEFAULT_VEHTYPE" speed="13.00" pos="135.39" lane="2/3to2/2_0" slope="0.00"/>
        <vehicle id="8" x="601.65" y="272.57" angle="180.00" type="DEFAULT_VEHTYPE" speed="13.00" pos="67.82" lane="3/1to3/2_0" slope="0.00"/>
        <vehicle id="9" x="601.65" y="222.16" angle="180.00" type="DEFAULT_VEHTYPE" speed="10.42" pos="17.41" lane="3/1to3/2_0" slope="0.00"/>
    </timestep>
    <timestep time="780.00">
        <vehicle id="0" x="201.65" y="177.86" angle="180.00" type="DEFAULT_VEHTYPE" speed="12.69" pos="177.86" lane="1/0to1/1_0" slope="0.00"/>
        <vehicle id="1" x="480.12" y="198.35" angle="90.00" type="DEFAULT_VEHTYPE" speed="13.17" pos="75.37" lane="2/1to3/1_0" slope="0.00"/>
        <vehicle id="11" x="580.80" y="401.65" angle="-90.00" type="DEFAULT_VEHTYPE" speed="10.01" pos="14.45" lane="3/2to2/2_0" slope="0.00"/>
        <vehicle id="12" x="179.97" y="201.65" angle="-90.00" type="DEFAULT_VEHTYPE" speed="13.02" pos="15.28" lane="1/1to0/1_0" slope="0.00"/>
        <vehicle id="14" x="86.24" y="201.65" angle="-90.00" type="DEFAULT_VEHTYPE" speed="13.01" pos="109.01" lane="1/1to0/1_0" slope="0.00"/>
        <vehicle id="15" x="601.65" y="390.04" angle="180.00" type="DEFAULT_VEHTYPE" speed="4.58" pos="185.29" lane="3/1to3/2_0" slope="0.00"/>
        <vehicle id="16" x="398.35" y="243.23" angle="0.00" type="DEFAULT_VEHTYPE" speed="12.70" pos="152.02" lane="2/2to2/1_0" slope="0.00"/>
        <vehicle id="17" x="604.19" y="198.35" angle="90.00" type="DEFAULT_VEHTYPE" speed="8.12" pos="8.94" lane=":3/1_13_0" slope="0.00"/>
        <vehicle id="18" x="601.65" y="335.28" angle="180.00" type="DEFAULT_VEHTYPE" speed="13.42" pos="130.53" lane="3/1to3/2_0" slope="0.00"/>
        <vehicle id="19" x="198.35" y="238.63" angle="0.00" type="DEFAULT_VEHTYPE" speed="13.24" pos="156.62" lane="1/2to1/1_0" slope="0.00"/>
        <vehicle id="2" x="422.60" y="401.65" angle="-90.00" type="DEFAULT_VEHTYPE" speed="5.66" pos="172.65" lane="3/2to2/2_0" slope="0.00"/>
        <vehicle id="20" x="551.04" y="198.35" angle="90.00" type="DEFAULT_VEHTYPE" speed="12.92" pos="146.29" lane="2/1to3/1_0" slope="0.00"/>
        <vehicle id="21" x="456.25" y="401.65" angle="-90.00" type="DEFAULT_VEHTYPE" speed="12.89" pos="139.00" lane="3/2to2/2_0" slope="0.00"/>
        <vehicle id="22" x="388.68" y="198.35" angle="90.00" type="DEFAULT_VEHTYPE" speed="3.90" pos="183.93" lane="1/1to2/1_0" slope="0.00"/>
        <vehicle id="23" x="662.10" y="201.65" angle="-90.00" type="DEFAULT_VEHTYPE" speed="12.66" pos="137.90" lane="4/1to3/1_0" slope="0.00"/>
        <vehicle id="24" x="40.07" y="201.65" angle="-90.00" type="DEFAULT_VEHTYPE" speed="13.87" pos="155.18" lane="1/1to0/1_0" slope="0.00"/>
        <vehicle id="3" x="398.35" y="278.86" angle="0.00" type="DEFAULT_VEHTYPE" speed="13.75" pos="116.39" lane="2/2to2/1_0" slope="0.00"/>
        <vehicle id="4" x="408.06" y="198.35" angle="90.00" type="DEFAULT_VEHTYPE" speed="7.72" pos="3.31" lane="2/1to3/1_0" slope="0.00"/>
        <vehicle id="5" x="198.35" y="339.70" angle="0.00" type="DEFAULT_VEHTYPE" speed="13.73" pos="55.55" lane="1/2to1/1_0" slope="0.00"/>
        <vehicle id="6" x="403.57" y="401.65" angle="-90.00" type="DEFAULT_VEHTYPE" speed="6.44" pos="1.18" lane=":2/2_5_0" slope="0.00"/>
        <vehicle id="7" x="398.35" y="446.25" angle="0.00" type="DEFAULT_VEHTYPE" speed="13.61" pos="149.00" lane="2/3to2/2_0" slope="0.00"/>
        <vehicle id="8" x="601.65" y="286.38" angle="180.00" type="DEFAULT_VEHTYPE" speed="13.81" pos="81.63" lane="3/1to3/2_0" slope="0.00"/>
        <vehicle id="9" x="601.65" y="234.10" angle="180.00" type="DEFAULT_VEHTYPE" speed="11.93" pos="29.35" lane="3/1to3/2_0" slope="0.00"/>
    </timestep>
    <timestep time="781.00">
        <vehicle id="0" x="201.65" y="190.57" angle="180.00" type="DEFAULT_VEHTYPE" speed="12.71" pos="190.57" lane="1/0to1/1_0" slope="0.00"/>
        <vehicle id="1" x="493.83" y="198.35" angle="90.00" type="DEFAULT_VEHTYPE" speed="13.71" pos="89.08" lane="2/1to3/1_0" slope="0.00"/>
        <vehicle id="11" x="569.04" y="401.65" angle="-90.00" type="DEFAULT_VEHTYPE" speed="11.76" pos="26.21" lane="3/2to2/2_0" slope="0.00"/>
        <vehicle id="12" x="167.34" y="201.65" angle="-90.00" type="DEFAULT_VEHTYPE" speed="12.63" pos="27.91" lane="1/1to0/1_0" slope="0.00"/>
        <vehicle id="14" x="72.88" y="201.65" angle="-90.00" type="DEFAULT_VEHTYPE" speed="13.36" pos="122.37" lane="1/1to0/1_0" slope="0.00"/>
        <vehicle id="15" x="601.45" y="396.64" angle="-177.72" type="DEFAULT_VEHTYPE" speed="6.62" pos="1.40" lane=":3/2_10_0" slope="0.00"/>
        <vehicle id="16" x="398.35" y="230.04" angle="0.00" type="DEFAULT_VEHTYPE" speed="13.19" pos="165.21" lane="2/2to2/1_0" slope="0.00"/>
        <vehicle id="17" x="614.75" y="198.35" angle="90.00" type="DEFAULT_VEHTYPE" speed="10.55" pos="10.00" lane="3/1to4/1_0" slope="0.00"/>
        <vehicle id="18" x="601.65" y="348.80" angle="180.00" type="DEFAULT_VEHTYPE" speed="13.53" pos="144.05" lane="3/1to3/2_0" slope="0.00"/>
        <vehicle id="19" x="198.35" y="225.07" angle="0.00" type="DEFAULT_VEHTYPE" speed="13.56" pos="170.18" lane="1/2to1/1_0" slope="0.00"/>
        <vehicle id="2" x="414.79" y="401.65" angle="-90.00" type="DEFAULT_VEHTYPE" speed="7.80" pos="180.46" lane="3/2to2/2_0" slope="0.00"/>
        <vehicle id="20" x="564.81" y="198.35" angle="90.00" type="DEFAULT_VEHTYPE" speed="13.77" pos="160.06" lane="2/1to3/1_0" slope="0.00"/>
        <vehicle id="21" x="444.01" y="401.65" angle="-90.00" type="DEFAULT_VEHTYPE" speed="12.23" pos="151.24" lane="3/2to2/2_0" slope="0.00"/>
        <vehicle id="22" x="390.58" y="198.35" angle="90.00" type="DEFAULT_VEHTYPE" speed="1.89" pos="185.83" lane="1/1to2/1_0" slope="0.00"/>
        <vehicle id="23" x="649.31" y="201.65" angle="-90.00" type="DEFAULT_VEHTYPE" speed="12.79" pos="150.69" lane="4/1to3/1_0" slope="0.00"/>
        <vehicle id="24" x="27.42" y="201.65" angle="-90.00" type="DEFAULT_VEHTYPE" speed="12.64" pos="167.83" lane="1/1to0/1_0" slope="0.00"/>
        <vehicle id="3" x="398.35" y="266.15" angle="0.00" type="DEFAULT_VEHTYPE" speed="12.71" pos="129.10" lane="2/2to2/1_0" slope="0.00"/>
        <vehicle id="4" x="417.82" y="198.35" angle="90.00" type="DEFAULT_VEHTYPE" speed="9.76" pos="13.07" lane="2/1to3/1_0" slope="0.00"/>
        <vehicle id="5" x="198.35" y="325.94" angle="0.00" type="DEFAULT_VEHTYPE" speed="13.76" pos="69.31" lane="1/2to1/1_0" slope="0.00"/>
        <vehicle id="6" x="394.54" y="401.65" angle="-90.00" type="DEFAULT_VEHTYPE" speed="9.03" pos="0.71" lane="2/2to1/2_0" slope="0.00"/>
        <vehicle id="7" x="398.35" y="433.25" angle="0.00" type="DEFAULT_VEHTYPE" speed="13.00" pos="162.00" lane="2/3to2/2_0" slope="0.00"/>
        <vehicle id="8" x="601.65" y="300.25" angle="180.00" type="DEFAULT_VEHTYPE" speed="13.87" pos="95.50" lane="3/1to3/2_0" slope="0.00"/>
        <vehicle id="9" x="601.65" y="247.62" angle="180.00" type="DEFAULT_VEHTYPE" speed="13.52" pos="42.87" lane="3/1to3/2_0" slope="0.00"/>
    </timestep>
    <timestep time="782.00">
        <vehicle id="0" x="208.54" y="198.35" angle="91.93" type="DEFAULT_VEHTYPE" speed="13.47" pos="3.79" lane="1/1to2/1_0" slope="0.00"/>
        <vehicle id="1" x="507.65" y="198.35" angle="90.00" type="DEFAULT_VEHTYPE" speed="13.82" pos="102.90" lane="2/1to3/1_0" slope="0.00"/>
        <vehicle id="11" x="555.16" y="401.65" angle="-90.00" type="DEFAULT_VEHTYPE" speed="13.88" pos="40.09" lane="3/2to2/2_0" slope="0.00"/>
        <vehicle id="12" x="153.60" y="201.65" angle="-90.00" type="DEFAULT_VEHTYPE" speed="13.74" pos="41.65" lane="1/1to0/1_0" slope="0.00"/>
        <vehicle id="14" x="59.99" y="201.65" angle="-90.00" type="DEFAULT_VEHTYPE" speed="12.89" pos="135.26" lane="1/1to0/1_0" slope="0.00"/>
        <vehicle id="15" x="595.22" y="401.65" angle="-107.85" type="DEFAULT_VEHTYPE" speed="8.94" pos="0.03" lane="3/2to2/2_0" slope="0.00"/>
        <vehicle id="16" x="398.35" y="216.61" angle="0.00" type="DEFAULT_VEHTYPE" speed="13.43" pos="178.64" lane="2/2to2/1_0" slope="0.00"/>
        <vehicle id="17" x="626.78" y="198.35" angle="90.00" type="DEFAULT_VEHTYPE" speed="12.03" pos="22.03" lane="3/1to4/1_0" slope="0.00"/>
        <vehicle id="18" x="601.65" y="362.19" angle="180.00" type="DEFAULT_VEHTYPE" speed="13.39" pos="157.44" lane="3/1to3/2_0" slope="0.00"/>
        <vehicle id="19" x="198.35" y="212.02" angle="0.00" type="DEFAULT_VEHTYPE" speed="13.06" pos="183.23" lane="1/2to1/1_0" slope="0.00"/>
        <vehicle id="2" x="410.60" y="401.65" angle="-90.00" type="DEFAULT_VEHTYPE" speed="4.19" pos="184.65" lane="3/2to2/2_0" slope="0.00"/>
        <vehicle id="20" x="576.21" y="198.35" angle="90.00" type="DEFAULT_VEHTYPE" speed="11.40" pos="171.46" lane="2/1to3/1_0" slope="0.00"/>
        <vehicle id="21" x="432.11" y="401.65" angle="-90.00" type="DEFAULT_VEHTYPE" speed="11.91" pos="163.14" lane="3/2to2/2_0" slope="0.00"/>
        <vehicle id="22" x="392.18" y="198.35" angle="90.00" type="DEFAULT_VEHTYPE" speed="1.60" pos="187.43" lane="1/1to2/1_0" slope="0.00"/>
        <vehicle id="23" x="635.62" y="201.65" angle="-90.00" type="DEFAULT_VEHTYPE" speed="13.70" pos="164.38" lane="4/1to3/1_0" slope="0.00"/>
        <vehicle id="24" x="13.86" y="201.65" angle="-90.00" type="DEFAULT_VEHTYPE" speed="13.57" pos="181.39" lane="1/1to0/1_0" slope="0.00"/>
        <vehicle id="3" x="398.35" y="253.40" angle="0.00" type="DEFAULT_VEHTYPE" speed="12.74" pos="141.85" lane="2/2to2/1_0" slope="0.00"/>
        <vehicle id="4" x="430.04" y="198.35" angle="90.00" type="DEFAULT_VEHTYPE" speed="12.22" pos="25.29" lane="2/1to3/1_0" slope="0.00"/>
        <vehicle id="5" x="198.35" y="312.43" angle="0.00" type="DEFAULT_VEHTYPE" speed="13.51" pos="82.82" lane="1/2to1/1_0" slope="0.00"/>
        <vehicle id="6" x="383.32" y="401.65" angle="-90.00" type="DEFAULT_VEHTYPE" speed="11.22" pos="11.93" lane="2/2to1/2_0" slope="0.00"/>
        <vehicle id="7" x="398.35" y="419.44" angle="0.00" type="DEFAULT_VEHTYPE" speed="13.81" pos="175.81" lane="2/3to2/2_0" slope="0.00"/>
        <vehicle id="8" x="601.65" y="313.06" angle="180.00" type="DEFAULT_VEHTYPE" speed="12.81" pos="108.31" lane="3/1to3/2_0" slope="0.00"/>
        <vehicle id="9" x="601.65" y="260.26" angle="180.00" type="DEFAULT_VEHTYPE" speed="12.64" pos="55.51" lane="3/1to3/2_0" slope="0.00"/>
    </timestep>
    <timestep time="783.00">
        <vehicle id="0" x="222.25" y="198.35" angle="90.00" type="DEFAULT_VEHTYPE" speed="13.71" pos="17.50" lane="1/1to2/1_0" slope="0.00"/>
        <vehicle id="1" x="521.10" y="198.35" angle="90.00" type="DEFAULT_VEHTYPE" speed="13.45" pos="116.35" lane="2/1to3/1_0" slope="0.00"/>
        <vehicle id="11" x="542.46" y="401.65" angle="-90.00" type="DEFAULT_VEHTYPE" speed="12.70" pos="52.79" lane="3/2to2/2_0" slope="0.00"/>
        <vehicle id="12" x="140.43" y="201.65" angle="-90.00" type="DEFAULT_VEHTYPE" speed="13.17" pos="54.82" lane="1/1to0/1_0" slope="0.00"/>
        <vehicle id="14" x="46.20" y="201.65" angle="-90.00" type="DEFAULT_VEHTYPE" speed="13.79" pos="149.05" lane="1/1to0/1_0" slope="0.00"/>
        <vehicle id="15" x="583.82" y="401.65" angle="-90.00" type="DEFAULT_VEHTYPE" speed="11.41" pos="11.43" lane="3/2to2/2_0" slope="0.00"/>
        <vehicle id="16" x="398.35" y="202.87" angle="0.00" type="DEFAULT_VEHTYPE" speed="13.75" pos="1.88" lane=":2/1_1_0" slope="0.00"/>
        <vehicle id="17" x="639.83" y="198.35" angle="90.00" type="DEFAULT_VEHTYPE" speed="13.05" pos="35.08" lane="3/1to4/1_0" slope="0.00"/>
        <vehicle id="18" x="601.65" y="374.65" angle="180.00" type="DEFAULT_VEHTYPE" speed="12.46" pos="169.90" lane="3/1to3/2_0" slope="0.00"/>
        <vehicle id="19" x="194.51" y="201.65" angle="-57.62" type="DEFAULT_VEHTYPE" speed="13.00" pos="0.74" lane="1/1to0/1_0" slope="0.00"/>
        <vehicle id="2" x="408.61" y="401.65" angle="-90.00" type="DEFAULT_VEHTYPE" speed="1.99" pos="186.64" lane="3/2to2/2_0" slope="0.00"/>
        <vehicle id="20" x="584.17" y="198.35" angle="90.00" type="DEFAULT_VEHTYPE" speed="7.96" pos="179.42" lane="2/1to3/1_0" slope="0.00"/>
        <vehicle id="21" x="424.70" y="401.65" angle="-90.00" type="DEFAULT_VEHTYPE" speed="7.41" pos="170.55" lane="3/2to2/2_0" slope="0.00"/>
        <vehicle id="22" x="392.54" y="198.35" angle="90.00" type="DEFAULT_VEHTYPE" speed="0.36" pos="187.79" lane="1/1to2/1_0" slope="0.00"/>
        <vehicle id="23" x="624.35" y="201.65" angle="-90.00" type="DEFAULT_VEHTYPE" speed="11.27" pos="175.65" lane="4/1to3/1_0" slope="0.00"/>
        <vehicle id="24" x="1.14" y="201.65" angle="-90.00" type="DEFAULT_VEHTYPE" speed="12.71" pos="194.11" lane="1/1to0/1_0" slope="0.00"/>
        <vehicle id="3" x="398.35" y="240.27" angle="0.00" type="DEFAULT_VEHTYPE" speed="13.13" pos="154.98" lane="2/2to2/1_0" slope="0.00"/>
        <vehicle id="4" x="443.94" y="198.35" angle="90.00" type="DEFAULT_VEHTYPE" speed="13.90" pos="39.19" lane="2/1to3/1_0" slope="0.00"/>
        <vehicle id="5" x="198.35" y="298.98" angle="0.00" type="DEFAULT_VEHTYPE" speed="13.45" pos="96.27" lane="1/2to1/1_0" slope="0.00"/>
        <vehicle id="6" x="369.86" y="401.65" angle="-90.00" type="DEFAULT_VEHTYPE" speed="13.46" pos="25.39" lane="2/2to1/2_0" slope="0.00"/>
        <vehicle id="7" x="398.35" y="406.17" angle="0.00" type="DEFAULT_VEHTYPE" speed="13.27" pos="189.08" lane="2/3to2/2_0" slope="0.00"/>
        <vehicle id="8" x="601.65" y="326.62" angle="180.00" type="DEFAULT_VEHTYPE" speed="13.56" pos="121.87" lane="3/1to3/2_0" slope="0.00"/>
        <vehicle id="9" x="601.65" y="274.08" angle="180.00" type="DEFAULT_VEHTYPE" speed="13.81" pos="69.33" lane="3/1to3/2_0" slope="0.00"/>
    </timestep>
    <timestep time="784.00">
        <vehicle id="0" x="235.03" y="198.35" angle="90.00" type="DEFAULT_VEHTYPE" speed="12.78" pos="30.28" lane="1/1to2/1_0" slope="0.00"/>
        <vehicle id="1" x="534.48" y="198.35" angle="90.00" type="DEFAULT_VEHTYPE" speed="13.39" pos="129.73" lane="2/1to3/1_0" slope="0.00"/>
        <vehicle id="11" x="529.30" y="401.65" angle="-90.00" type="DEFAULT_VEHTYPE" speed="13.16" pos="65.95" lane="3/2to2/2_0" slope="0.00"/>
        <vehicle id="12" x="127.22" y="201.65" angle="-90.00" type="DEFAULT_VEHTYPE" speed="13.20" pos="68.03" lane="1/1to0/1_0" slope="0.00"/>
        <vehicle id="14" x="33.05" y="201.65" angle="-90.00" type="DEFAULT_VEHTYPE" speed="13.16" pos="162.20" lane="1/1to0/1_0" slope="0.00"/>
        <vehicle id="15" x="569.96" y="401.65" angle="-90.00" type="DEFAULT_VEHTYPE" speed="13.85" pos="25.29" lane="3/2to2/2_0" slope="0.00"/>
        <vehicle id="16" x="398.35" y="190.23" angle="0.00" type="DEFAULT_VEHTYPE" speed="12.64" pos="5.02" lane="2/1to2/0_0" slope="0.00"/>
        <vehicle id="17" x="652.86" y="198.35" angle="90.00" type="DEFAULT_VEHTYPE" speed="13.03" pos="48.11" lane="3/1to4/1_0" slope="0.00"/>
        <vehicle id="18" x="601.65" y="383.15" angle="180.00" type="DEFAULT_VEHTYPE" speed="8.50" pos="178.40" lane="3/1to3/2_0" slope="0.00"/>
        <vehicle id="19" x="181.08" y="201.65" angle="-90.00" type="DEFAULT_VEHTYPE" speed="13.43" pos="14.17" lane="1/1to0/1_0" slope="0.00"/>
        <vehicle id="2" x="407.84" y="401.65" angle="-90.00" type="DEFAULT_VEHTYPE" speed="0.78" pos="187.41" lane="3/2to2/2_0" slope="0.00"/>
        <vehicle id="20" x="588.64" y="198.35" angle="90.00" type="DEFAULT_VEHTYPE" speed="4.47" pos="183.89" lane="2/1to3/1_0" slope="0.00"/>
        <vehicle id="21" x="419.61" y="401.65" angle="-90.00" type="DEFAULT_VEHTYPE" speed="5.09" pos="175.64" lane="3/2to2/2_0" slope="0.00"/>
        <vehicle id="22" x="392.74" y="198.35" angle="90.00" type="DEFAULT_VEHTYPE" speed="0.21" pos="187.99" lane="1/1to2/1_0" slope="0.00"/>
        <vehicle id="23" x="616.86" y="201.65" angle="-90.00" type="DEFAULT_VEHTYPE" speed="7.49" pos="183.14" lane="4/1to3/1_0" slope="0.00"/>
        <vehicle id="24" x="7.59" y="198.35" angle="90.00" type="DEFAULT_VEHTYPE" speed="13.56" pos="7.59" lane="0/1to1/1_0" slope="0.00"/>
        <vehicle id="3" x="398.35" y="227.55" angle="0.00" type="DEFAULT_VEHTYPE" speed="12.72" pos="167.70" lane="2/2to2/1_0" slope="0.00"/>
        <vehicle id="4" x="456.66" y="198.35" angle="90.00" type="DEFAULT_VEHTYPE" speed="12.72" pos="51.91" lane="2/1to3/1_0" slope="0.00"/>
        <vehicle id="5" x="198.35" y="285.74" angle="0.00" type="DEFAULT_VEHTYPE" speed="13.24" pos="109.51" lane="1/2to1/1_0" slope="0.00"/>
        <vehicle id="6" x="357.05" y="401.65" angle="-90.00" type="DEFAULT_VEHTYPE" speed="12.81" pos="38.20" lane="2/2to1/2_0" slope="0.00"/>
        <vehicle id="7" x="398.35" y="392.84" angle="0.00" type="DEFAULT_VEHTYPE" speed="13.32" pos="2.41" lane="2/2to2/1_0" slope="0.00"/>
        <vehicle id="8" x="601.65" y="339.51" angle="180.00" type="DEFAULT_VEHTYPE" speed="12.89" pos="134.76" lane="3/1to3/2_0" slope="0.00"/>
        <vehicle id="9" x="601.65" y="287.57" angle="180.00" type="DEFAULT_VEHTYPE" speed="13.49" pos="82.82" lane="3/1to3/2_0" slope="0.00"/>
    </timestep>
    <timestep time="785.00">
        <vehicle id="0" x="248.81" y="198.35" angle="90.00" type="DEFAULT_VEHTYPE" speed="13.78" pos="44.06" lane="1/1to2/1_0" slope="0.00"/>
        <vehicle id="1" x="547.27" y="198.35" angle="90.00" type="DEFAULT_VEHTYPE" speed="12.79" pos="142.52" lane="2/1to3/1_0" slope="0.00"/>
        <vehicle id="11" x="515.97" y="401.65" angle="-90.00" type="DEFAULT_VEHTYPE" speed="13.33" pos="79.28" lane="3/2to2/2_0" slope="0.00"/>
        <vehicle id="12" x="114.62" y="201.65" angle="-90.00" type="DEFAULT_VEHTYPE" speed="12.61" pos="80.63" lane="1/1to0/1_0" slope="0.00"/>
        <vehicle id="14" x="19.44" y="201.65" angle="-90.00" type="DEFAULT_VEHTYPE" speed="13.60" pos="175.81" lane="1/1to0/1_0" slope="0.00"/>
        <vehicle id="15" x="556.55" y="401.65" angle="-90.00" type="DEFAULT_VEHTYPE" speed="13.41" pos="38.70" lane="3/2to2/2_0" slope="0.00"/>
        <vehicle id="16" x="398.35" y="176.65" angle="0.00" type="DEFAULT_VEHTYPE" speed="13.57" pos="18.60" lane="2/1to2/0_0" slope="0.00"/>
        <vehicle id="17" x="665.76" y="198.35" angle="90.00" type="DEFAULT_VEHTYPE" speed="12.90" pos="61.01" lane="3/1to4/1_0" slope="0.00"/>
        <vehicle id="18" x="601.65" y="388.84" angle="180.00" type="DEFAULT_VEHTYPE" speed="5.69" pos="184.09" lane="3/1to3/2_0" slope="0.00"/>
        <vehicle id="19" x="168.36" y="201.65" angle="-90.00" type="DEFAULT_VEHTYPE" speed="12.73" pos="26.89" lane="1/1to0/1_0" slope="0.00"/>
        <vehicle id="2" x="405.08" y="401.65" angle="-90.00" type="DEFAULT_VEHTYPE" speed="2.76" pos="190.17" lane="3/2to2/2_0" slope="0.00"/>
        <vehicle id="20" x="595.24" y="198.35" angle="90.00" type="DEFAULT_VEHTYPE" speed="6.60" pos="190.49" lane="2/1to3/1_0" slope="0.00"/>
        <vehicle id="21" x="417.36" y="401.65" angle="-90.00" type="DEFAULT_VEHTYPE" speed="2.25" pos="177.89" lane="3/2to2/2_0" slope="0.00"/>
        <vehicle id="22" x="392.74" y="198.35" angle="90.00" type="DEFAULT_VEHTYPE" speed="0.00" pos="187.99" lane="1/1to2/1_0" slope="0.00"/>
        <vehicle id="23" x="611.66" y="201.65" angle="-90.00" type="DEFAULT_VEHTYPE" speed="5.20" pos="188.34" lane="4/1to3/1_0" slope="0.00"/>
        <vehicle id="24" x="21.44" y="198.35" angle="90.00" type="DEFAULT_VEHTYPE" speed="13.85" pos="21.44" lane="0/1to1/1_0" slope="0.00"/>
        <vehicle id="3" x="398.35" y="213.76" angle="0.00" type="DEFAULT_VEHTYPE" speed="13.79" pos="181.49" lane="2/2to2/1_0" slope="0.00"/>
        <vehicle id="4" x="470.27" y="198.35" angle="90.00" type="DEFAULT_VEHTYPE" speed="13.62" pos="65.52" lane="2/1to3/1_0" slope="0.00"/>
        <vehicle id="5" x="198.35" y="272.52" angle="0.00" type="DEFAULT_VEHTYPE" speed="13.22" pos="122.73" lane="1/2to1/1_0" slope="0.00"/>
        <vehicle id="6" x="344.07" y="401.65" angle="-90.00" type="DEFAULT_VEHTYPE" speed="12.98" pos="51.18" lane="2/2to1/2_0" slope="0.00"/>
        <vehicle id="7" x="398.35" y="379.03" angle="0.00" type="DEFAULT_VEHTYPE" speed="13.81" pos="16.22" lane="2/2to2/1_0" slope="0.00"/>
        <vehicle id="8" x="601.65" y="352.42" angle="180.00" type="DEFAULT_VEHTYPE" speed="12.91" pos="147.67" lane="3/1to3/2_0" slope="0.00"/>
        <vehicle id="9" x="601.65" y="301.26" angle="180.00" type="DEFAULT_VEHTYPE" speed="13.70" pos="96.51" lane="3/1to3/2_0" slope="0.00"/>
    </timestep>
    <timestep time="786.00">
        <vehicle id="0" x="262.09" y="198.35" angle="90.00" type="DEFAULT_VEHTYPE" speed="13.28" pos="57.34" lane="1/1to2/1_0" slope="0.00"/>
        <vehicle id="1" x="560.72" y="198.35" angle="90.00" type="DEFAULT_VEHTYPE" speed="13.45" pos="155.97" lane="2/1to3/1_0" slope="0.00"/>
        <vehicle id="11" x="502.86" y="401.65" angle="-90.00" type="DEFAULT_VEHTYPE" speed="13.11" pos="92.39" lane="3/2to2/2_0" slope="0.00"/>
        <vehicle id="12" x="100.94" y="201.65" angle="-90.00" type="DEFAULT_VEHTYPE" speed="13.68" pos="94.31" lane="1/1to0/1_0" slope="0.00"/>
        <vehicle id="14" x="6.49" y="201.65" angle="-90.00" type="DEFAULT_VEHTYPE" speed="12.95" pos="188.76" lane="1/1to0/1_0" slope="0.00"/>
        <vehicle id="15" x="543.01" y="401.65" angle="-90.00" type="DEFAULT_VEHTYPE" speed="13.54" pos="52.24" lane="3/2to2/2_0" slope="0.00"/>
        <vehicle id="16" x="398.35" y="163.90" angle="0.00" type="DEFAULT_VEHTYPE" speed="12.75" pos="31.35" lane="2/1to2/0_0" slope="0.00"/>
        <vehicle id="17" x="679.22" y="198.35" angle="90.00" type="DEFAULT_VEHTYPE" speed="13.46" pos="74.47" lane="3/1to4/1_0" slope="0.00"/>
        <vehicle id="18" x="601.56" y="395.88" angle="-178.96" type="DEFAULT_VEHTYPE" speed="7.05" pos="0.64" lane=":3/2_10_0" slope="0.00"/>
        <vehicle id="19" x="155.66" y="201.65" angle="-90.00" type="DEFAULT_VEHTYPE" speed="12.69" pos="39.59" lane="1/1to0/1_0" slope="0.00"/>
        <vehicle id="2" x="400.55" y="401.65" angle="-90.00" type="DEFAULT_VEHTYPE" speed="4.53" pos="4.20" lane=":2/2_5_0" slope="0.00"/>
        <vehicle id="20" x="604.30" y="198.35" angle="90.00" type="DEFAULT_VEHTYPE" speed="9.06" pos="9.05" lane=":3/1_13_0" slope="0.00"/>
        <vehicle id="21" x="414.41" y="401.65" angle="-90.00" type="DEFAULT_VEHTYPE" speed="2.95" pos="180.84" lane="3/2to2/2_0" slope="0.00"/>
        <vehicle id="22" x="392.74" y="198.35" angle="90.00" type="DEFAULT_VEHTYPE" speed="0.00" pos="187.99" lane="1/1to2/1_0" slope="0.00"/>
        <vehicle id="23" x="604.33" y="201.71" angle="-90.67" type="DEFAULT_VEHTYPE" speed="7.33" pos="0.42" lane=":3/1_4_0" slope="0.00"/>
        <vehicle id="24" x="34.19" y="198.35" angle="90.00" type="DEFAULT_VEHTYPE" speed="12.75" pos="34.19" lane="0/1to1/1_0" slope="0.00"/>
        <vehicle id="3" x="398.35" y="200.85" angle="0.00" type="DEFAULT_VEHTYPE" speed="12.91" pos="3.90" lane=":2/1_1_0" slope="0.00"/>
        <vehicle id="4" x="483.10" y="198.35" angle="90.00" type="DEFAULT_VEHTYPE" speed="12.83" pos="78.35" lane="2/1to3/1_0" slope="0.00"/>
        <vehicle id="5" x="198.35" y="259.55" angle="0.00" type="DEFAULT_VEHTYPE" speed="12.96" pos="135.70" lane="1/2to1/1_0" slope="0.00"/>
        <vehicle id="6" x="331.15" y="401.65" angle="-90.00" type="DEFAULT_VEHTYPE" speed="12.92" pos="64.10" lane="2/2to1/2_0" slope="0.00"/>
        <vehicle id="7" x="398.35" y="365.58" angle="0.00" type="DEFAULT_VEHTYPE" speed="13.45" pos="29.67" lane="2/2to2/1_0" slope="0.00"/>
        <vehicle id="8" x="601.65" y="365.03" angle="180.00" type="DEFAULT_VEHTYPE" speed="12.61" pos="160.28" lane="3/1to3/2_0" slope="0.00"/>
        <vehicle id="9" x="601.65" y="315.10" angle="180.00" type="DEFAULT_VEHTYPE" speed="13.84" pos="110.35" lane="3/1to3/2_0" slope="0.00"/>
    </timestep>
    <timestep time="787.00">
        <vehicle id="0" x="275.48" y="198.35" angle="90.00" type="DEFAULT_VEHTYPE" speed="13.39" pos="70.73" lane="1/1to2/1_0" slope="0.00"/>
        <vehicle id="1" x="573.04" y="198.35" angle="90.00" type="DEFAULT_VEHTYPE" speed="12.32" pos="168.29" lane="2/1to3/1_0" slope="0.00"/>
        <vehicle id="11" x="489.27" y="401.65" angle="-90.00" type="DEFAULT_VEHTYPE" speed="13.58" pos="105.98" lane="3/2to2/2_0" slope="0.00"/>
        <vehicle id="12" x="88.26" y="201.65" angle="-90.00" type="DEFAULT_VEHTYPE" speed="12.68" pos="106.99" lane="1/1to0/1_0" slope="0.00"/>
        <vehicle id="14" x="1.61" y="198.35" angle="48.12" type="DEFAULT_VEHTYPE" speed="12.92" pos="1.61" lane="0/1to1/1_0" slope="0.00"/>
        <vehicle id="15" x="529.77" y="401.65" angle="-90.00" type="DEFAULT_VEHTYPE" speed="13.24" pos="65.48" lane="3/2to2/2_0" slope="0.00"/>
        <vehicle id="16" x="398.35" y="151.15" angle="0.00" type="DEFAULT_VEHTYPE" speed="12.75" pos="44.10" lane="2/1to2/0_0" slope="0.00"/>
        <vehicle id="17" x="692.90" y="198.35" angle="90.00" type="DEFAULT_VEHTYPE" speed="13.68" pos="88.15" lane="3/1to4/1_0" slope="0.00"/>
        <vehicle id="18" x="595.94" y="401.55" angle="-114.11" type="DEFAULT_VEHTYPE" speed="8.98" pos="2.48" lane=":3/2_18_0" slope="0.00"/>
        <vehicle id="19" x="141.79" y="201.65" angle="-90.00" type="DEFAULT_VEHTYPE" speed="13.87" pos="53.46" lane="1/1to0/1_0" slope="0.00"/>
        <vehicle id="2" x="393.92" y="401.65" angle="-90.00" type="DEFAULT_VEHTYPE" speed="6.63" pos="1.33" lane="2/2to1/2_0" slope="0.00"/>
        <vehicle id="20" x="614.78" y="198.35" angle="90.00" type="DEFAULT_VEHTYPE" speed="10.47" pos="10.03" lane="3/1to4/1_0" slope="0.00"/>
        <vehicle id="21" x="410.10" y="401.65" angle="-90.00" type="DEFAULT_VEHTYPE" speed="4.31" pos="185.15" lane="3/2to2/2_0" slope="0.00"/>
        <vehicle id="22" x="392.74" y="198.35" angle="90.00" type="DEFAULT_VEHTYPE" speed="0.00" pos="187.99" lane="1/1to2/1_0" slope="0.00"/>
        <vehicle id="23" x="601.65" y="209.34" angle="-179.35" type="DEFAULT_VEHTYPE" speed="9.17" pos="4.59" lane="3/1to3/2_0" slope="0.00"/>
        <vehicle id="24" x="47.17" y="198.35" angle="90.00" type="DEFAULT_VEHTYPE" speed="12.98" pos="47.17" lane="0/1to1/1_0" slope="0.00"/>
        <vehicle id="3" x="398.35" y="187.63" angle="0.00" type="DEFAULT_VEHTYPE" speed="13.22" pos="7.62" lane="2/1to2/0_0" slope="0.00"/>
        <vehicle id="4" x="496.05" y="198.35" angle="90.00" type="DEFAULT_VEHTYPE" speed="12.95" pos="91.30" lane="2/1to3/1_0" slope="0.00"/>
        <vehicle id="5" x="198.35" y="246.45" angle="0.00" type="DEFAULT_VEHTYPE" speed="13.10" pos="148.80" lane="1/2to1/1_0" slope="0.00"/>
        <vehicle id="6" x="317.55" y="401.65" angle="-90.00" type="DEFAULT_VEHTYPE" speed="13.60" pos="77.70" lane="2/2to1/2_0" slope="0.00"/>
        <vehicle id="7" x="398.35" y="352.48" angle="0.00" type="DEFAULT_VEHTYPE" speed="13.10" pos="42.77" lane="2/2to2/1_0" slope="0.00"/>
        <vehicle id="8" x="601.65" y="376.28" angle="180.00" type="DEFAULT_VEHTYPE" speed="11.25" pos="171.53" lane="3/1to3/2_0" slope="0.00"/>
        <vehicle id="9" x="601.65" y="328.51" angle="180.00" type="DEFAULT_VEHTYPE" speed="13.41" pos="123.76" lane="3/1to3/2_0" slope="0.00"/>
    </timestep>
    <timestep time="788.00">
        <vehicle id="0" x="288.38" y="198.35" angle="90.00" type="DEFAULT_VEHTYPE" speed="12.89" pos="83.63" lane="1/1to2/1_0" slope="0.00"/>
        <vehicle id="1" x="581.79" y="198.35" angle="90.00" type="DEFAULT_VEHTYPE" speed="8.75" pos="177.04" lane="2/1to3/1_0" slope="0.00"/>
        <vehicle id="11" x="476.48" y="401.65" angle="-90.00" type="DEFAULT_VEHTYPE" speed="12.80" pos="118.77" lane="3/2to2/2_0" slope="0.00"/>
        <vehicle id="12" x="74.88" y="201.65" angle="-90.00" type="DEFAULT_VEHTYPE" speed="13.38" pos="120.37" lane="1/1to0/1_0" slope="0.00"/>
        <vehicle id="14" x="15.50" y="198.35" angle="90.00" type="DEFAULT_VEHTYPE" speed="13.89" pos="15.50" lane="0/1to1/1_0" slope="0.00"/>
        <vehicle id="15" x="516.47" y="401.65" angle="-90.00" type="DEFAULT_VEHTYPE" speed="13.30" pos="78.78" lane="3/2to2/2_0" slope="0.00"/>
        <vehicle id="16" x="398.35" y="137.49" angle="0.00" type="DEFAULT_VEHTYPE" speed="13.66" pos="57.76" lane="2/1to2/0_0" slope="0.00"/>
        <vehicle id="17" x="705.73" y="198.35" angle="90.00" type="DEFAULT_VEHTYPE" speed="12.84" pos="100.98" lane="3/1to4/1_0" slope="0.00"/>
        <vehicle id="18" x="585.66" y="401.65" angle="-90.00" type="DEFAULT_VEHTYPE" speed="10.29" pos="9.59" lane="3/2to2/2_0" slope="0.00"/>
        <vehicle id="19" x="128.57" y="201.65" angle="-90.00" type="DEFAULT_VEHTYPE" speed="13.22" pos="66.68" lane="1/1to0/1_0" slope="0.00"/>
        <vehicle id="2" x="385.21" y="401.65" angle="-90.00" type="DEFAULT_VEHTYPE" speed="8.71" pos="10.04" lane="2/2to1/2_0" slope="0.00"/>
        <vehicle id="20" x="627.08" y="198.35" angle="90.00" type="DEFAULT_VEHTYPE" speed="12.31" pos="22.33" lane="3/1to4/1_0" slope="0.00"/>
        <vehicle id="21" x="403.28" y="401.44" angle="-87.59" type="DEFAULT_VEHTYPE" speed="6.83" pos="1.48" lane=":2/2_6_0" slope="0.00"/>
        <vehicle id="22" x="394.69" y="198.35" angle="90.00" type="DEFAULT_VEHTYPE" speed="1.94" pos="189.94" lane="1/1to2/1_0" slope="0.00"/>
        <vehicle id="23" x="601.65" y="220.79" angle="180.00" type="DEFAULT_VEHTYPE" speed="11.44" pos="16.04" lane="3/1to3/2_0" slope="0.00"/>
        <vehicle id="24" x="60.68" y="198.35" angle="90.00" type="DEFAULT_VEHTYPE" speed="13.51" pos="60.68" lane="0/1to1/1_0" slope="0.00"/>
        <vehicle id="3" x="398.35" y="174.89" angle="0.00" type="DEFAULT_VEHTYPE" speed="12.74" pos="20.36" lane="2/1to2/0_0" slope="0.00"/>
        <vehicle id="4" x="509.50" y="198.35" angle="90.00" type="DEFAULT_VEHTYPE" speed="13.44" pos="104.75" lane="2/1to3/1_0" slope="0.00"/>
        <vehicle id="5" x="198.35" y="232.66" angle="0.00" type="DEFAULT_VEHTYPE" speed="13.80" pos="162.59" lane="1/2to1/1_0" slope="0.00"/>
        <vehicle id="6" x="304.42" y="401.65" angle="-90.00" type="DEFAULT_VEHTYPE" speed="13.12" pos="90.83" lane="2/2to1/2_0" slope="0.00"/>
        <vehicle id="7" x="398.35" y="339.03" angle="0.00" type="DEFAULT_VEHTYPE" speed="13.45" pos="56.22" lane="2/2to2/1_0" slope="0.00"/>
        <vehicle id="8" x="601.65" y="384.50" angle="180.00" type="DEFAULT_VEHTYPE" speed="8.22" pos="179.75" lane="3/1to3/2_0" slope="0.00"/>
        <vehicle id="9" x="601.65" y="341.43" angle="180.00" type="DEFAULT_VEHTYPE" speed="12.92" pos="136.68" lane="3/1to3/2_0" slope="0.00"/>
    </timestep>
    <timestep time="789.00">
        <vehicle id="0" x="302.07" y="198.35" angle="90.00" type="DEFAULT_VEHTYPE" speed="13.69" pos="97.32" lane="1/1to2/1_0" slope="0.00"/>
        <vehicle id="1" x="588.16" y="198.35" angle="90.00" type="DEFAULT_VEHTYPE" speed="6.37" pos="183.41" lane="2/1to3/1_0" slope="0.00"/>
        <vehicle id="11" x="463.33" y="401.65" angle="-90.00" type="DEFAULT_VEHTYPE" speed="13.15" pos="131.92" lane="3/2to2/2_0" slope="0.00"/>
        <vehicle id="12" x="61.78" y="201.65" angle="-90.00" type="DEFAULT_VEHTYPE" speed="13.10" pos="133.47" lane="1/1to0/1_0" slope="0.00"/>
        <vehicle id="14" x="29.40" y="198.35" angle="90.00" type="DEFAULT_VEHTYPE" speed="13.90" pos="29.40" lane="0/1to1/1_0" slope="0.00"/>
        <vehicle id="15" x="503.28" y="401.65" angle="-90.00" type="DEFAULT_VEHTYPE" speed="13.19" pos="91.97" lane="3/2to2/2_0" slope="0.00"/>
        <vehicle id="16" x="398.35" y="124.42" angle="0.00" type="DEFAULT_VEHTYPE" speed="13.06" pos="70.83" lane="2/1to2/0_0" slope="0.00"/>
        <vehicle id="17" x="719.51" y="198.35" angle="90.00" type="DEFAULT_VEHTYPE" speed="13.78" pos="114.76" lane="3/1to4/1_0" slope="0.00"/>
        <vehicle id="18" x="573.28" y="401.65" angle="-90.00" type="DEFAULT_VEHTYPE" speed="12.38" pos="21.97" lane="3/2to2/2_0" slope="0.00"/>
        <vehicle id="19" x="115.02" y="201.65" angle="-90.00" type="DEFAULT_VEHTYPE" speed="13.55" pos="80.23" lane="1/1to0/1_0" slope="0.00"/>
        <vehicle id="2" x="375.05" y="401.65" angle="-90.00" type="DEFAULT_VEHTYPE" speed="10.17" pos="20.20" lane="2/2to1/2_0" slope="0.00"/>
        <vehicle id="20" x="640.11" y="198.35" angle="90.00" type="DEFAULT_VEHTYPE" speed="13.03" pos="35.36" lane="3/1to4/1_0" slope="0.00"/>
        <vehicle id="21" x="398.35" y="394.86" angle="-15.61" type="DEFAULT_VEHTYPE" speed="9.23" pos="0.39" lane="2/2to2/1_0" slope="0.00"/>
        <vehicle id="22" x="399.05" y="198.35" angle="90.00" type="DEFAULT_VEHTYPE" speed="4.36" pos="3.80" lane=":2/1_13_0" slope="0.00"/>
        <vehicle id="23" x="601.65" y="233.74" angle="180.00" type="DEFAULT_VEHTYPE" speed="12.95" pos="28.99" lane="3/1to3/2_0" slope="0.00"/>
        <vehicle id="24" x="74.24" y="198.35" angle="90.00" type="DEFAULT_VEHTYPE" speed="13.57" pos="74.24" lane="0/1to1/1_0" slope="0.00"/>
        <vehicle id="3" x="398.35" y="161.18" angle="0.00" type="DEFAULT_VEHTYPE" speed="13.71" pos="34.07" lane="2/1to2/0_0" slope="0.00"/>
        <vehicle id="4" x="522.86" y="198.35" angle="90.00" type="DEFAULT_VEHTYPE" speed="13.36" pos="118.11" lane="2/1to3/1_0" slope="0.00"/>
        <vehicle id="5" x="198.35" y="218.84" angle="0.00" type="DEFAULT_VEHTYPE" speed="13.82" pos="176.41" lane="1/2to1/1_0" slope="0.00"/>
        <vehicle id="6" x="291.22" y="401.65" angle="-90.00" type="DEFAULT_VEHTYPE" speed="13.20" pos="104.03" lane="2/2to1/2_0" slope="0.00"/>
        <vehicle id="7" x="398.35" y="325.82" angle="0.00" type="DEFAULT_VEHTYPE" speed="13.21" pos="69.43" lane="2/2to2/1_0" slope="0.00"/>
        <vehicle id="8" x="601.65" y="389.67" angle="180.00" type="DEFAULT_VEHTYPE" speed="5.17" pos="184.92" lane="3/1to3/2_0" slope="0.00"/>
        <vehicle id="9" x="601.65" y="354.79" angle="180.00" type="DEFAULT_VEHTYPE" speed="13.36" pos="150.04" lane="3/1to3/2_0" slope="0.00"/>
    </timestep>
    <timestep time="790.00">
        <vehicle id="0" x="315.15" y="198.35" angle="90.00" type="DEFAULT_VEHTYPE" speed="13.09" pos="110.40" lane="1/1to2/1_0" slope="0.00"/>
        <vehicle id="1" x="590.22" y="198.35" angle="90.00" type="DEFAULT_VEHTYPE" speed="2.06" pos="185.47" lane="2/1to3/1_0" slope="0.00"/>
        <vehicle id="11" x="450.19" y="401.65" angle="-90.00" type="DEFAULT_VEHTYPE" speed="13.14" pos="145.06" lane="3/2to2/2_0" slope="0.00"/>
        <vehicle id="12" x="48.37" y="201.65" angle="-90.00" type="DEFAULT_VEHTYPE" speed="13.40" pos="146.88" lane="1/1to0/1_0" slope="0.00"/>
        <vehicle id="14" x="42.50" y="198.35" angle="90.00" type="DEFAULT_VEHTYPE" speed="13.10" pos="42.50" lane="0/1to1/1_0" slope="0.00"/>
        <vehicle id="15" x="490.15" y="401.65" angle="-90.00" type="DEFAULT_VEHTYPE" speed="13.13" pos="105.10" lane="3/2to2/2_0" slope="0.00"/>
        <vehicle id="16" x="398.35" y="110.53" angle="0.00" type="DEFAULT_VEHTYPE" speed="13.90" pos="84.72" lane="2/1to2/0_0" slope="0.00"/>
        <vehicle id="17" x="732.92" y="198.35" angle="90.00" type="DEFAULT_VEHTYPE" speed="13.41" pos="128.17" lane="3/1to4/1_0" slope="0.00"/>
        <vehicle id="18" x="559.70" y="401.65" angle="-90.00" type="DEFAULT_VEHTYPE" speed="13.58" pos="35.55" lane="3/2to2/2_0" slope="0.00"/>
        <vehicle id="19" x="101.53" y="201.65" angle="-90.00" type="DEFAULT_VEHTYPE" speed="13.49" pos="93.72" lane="1/1to0/1_0" slope="0.00"/>
        <vehicle id="2" x="362.54" y="401.65" angle="-90.00" type="DEFAULT_VEHTYPE" speed="12.51" pos="32.71" lane="2/2to1/2_0" slope="0.00"/>
        <vehicle id="20" x="653.98" y="198.35" angle="90.00" type="DEFAULT_VEHTYPE" speed="13.87" pos="49.23" lane="3/1to4/1_0" slope="0.00"/>
        <vehicle id="21" x="398.35" y="384.23" angle="0.00" type="DEFAULT_VEHTYPE" speed="10.63" pos="11.02" lane="2/2to2/1_0" slope="0.00"/>
        <vehicle id="22" x="405.69" y="198.35" angle="90.00" type="DEFAULT_VEHTYPE" speed="6.64" pos="0.94" lane="2/1to3/1_0" slope="0.00"/>
        <vehicle id="23" x="601.65" y="246.63" angle="180.00" type="DEFAULT_VEHTYPE" speed="12.89" pos="41.88" lane="3/1to3/2_0" slope="0.00"/>
        <vehicle id="24" x="88.04" y="198.35" angle="90.00" type="DEFAULT_VEHTYPE" speed="13.80" pos="88.04" lane="0/1to1/1_0" slope="0.00"/>
        <vehicle id="3" x="398.35" y="148.50" angle="0.00" type="DEFAULT_VEHTYPE" speed="12.68" pos="46.75" lane="2/1to2/0_0" slope="0.00"/>
        <vehicle id="4" x="536.22" y="198.35" angle="90.00" type="DEFAULT_VEHTYPE" speed="13.36" pos="131.47" lane="2/1to3/1_0" slope="0.00"/>
        <vehicle id="5" x="198.35" y="205.57" angle="0.00" type="DEFAULT_VEHTYPE" speed="13.27" pos="189.68" lane="1/2to1/1_0" slope="0.00"/>
        <vehicle id="6" x="277.65" y="401.65" angle="-90.00" type="DEFAULT_VEHTYPE" speed="13.57" pos="117.60" lane="2/2to1/2_0" slope="0.00"/>
        <vehicle id="7" x="398.35" y="313.12" angle="0.00" type="DEFAULT_VEHTYPE" speed="12.70" pos="82.13" lane="2/2to2/1_0" slope="0.00"/>
        <vehicle id="8" x="601.42" y="396.87" angle="-177.34" type="DEFAULT_VEHTYPE" speed="7.22" pos="1.64" lane=":3/2_10_0" slope="0.00"/>
        <vehicle id="9" x="601.65" y="367.55" angle="180.00" type="DEFAULT_VEHTYPE" speed="12.76" pos="162.80" lane="3/1to3/2_0" slope="0.00"/>
    </timestep>
    <timestep time="791.00">
        <vehicle id="0" x="328.77" y="198.35" angle="90.00" type="DEFAULT_VEHTYPE" speed="13.61" pos="124.02" lane="1/1to2/1_0" slope="0.00"/>
        <vehicle id="1" x="594.80" y="198.35" angle="90.00" type="DEFAULT_VEHTYPE" speed="4.58" pos="190.05" lane="2/1to3/1_0" slope="0.00"/>
        <vehicle id="11" x="437.24" y="401.65" angle="-90.00" type="DEFAULT_VEHTYPE" speed="12.95" pos="158.01" lane="3/2to2/2_0" slope="0.00"/>
        <vehicle id="12" x="34.70" y="201.65" angle="-90.00" type="DEFAULT_VEHTYPE" speed="13.67" pos="160.55" lane="1/1to0/1_0" slope="0.00"/>
        <vehicle id="14" x="55.44" y="198.35" angle="90.00" type="DEFAULT_VEHTYPE" speed="12.94" pos="55.44" lane="0/1to1/1_0" slope="0.00"/>
        <vehicle id="15" x="477.14" y="401.65" angle="-90.00" type="DEFAULT_VEHTYPE" speed="13.00" pos="118.11" lane="3/2to2/2_0" slope="0.00"/>
        <vehicle id="16" x="398.35" y="96.88" angle="0.00" type="DEFAULT_VEHTYPE" speed="13.65" pos="98.37" lane="2/1to2/0_0" slope="0.00"/>
        <vehicle id="17" x="746.06" y="198.35" angle="90.00" type="DEFAULT_VEHTYPE" speed="13.14" pos="141.31" lane="3/1to4/1_0" slope="0.00"/>
        <vehicle id="18" x="546.65" y="401.65" angle="-90.00" type="DEFAULT_VEHTYPE" speed="13.05" pos="48.60" lane="3/2to2/2_0" slope="0.00"/>
        <vehicle id="19" x="87.84" y="201.65" angle="-90.00" type="DEFAULT_VEHTYPE" speed="13.69" pos="107.41" lane="1/1to0/1_0" slope="0.00"/>
        <vehicle id="2" x="349.84" y="401.65" angle="-90.00" type="DEFAULT_VEHTYPE" speed="12.70" pos="45.41" lane="2/2to1/2_0" slope="0.00"/>
        <vehicle id="20" x="667.13" y="198.35" angle="90.00" type="DEFAULT_VEHTYPE" speed="13.15" pos="62.38" lane="3/1to4/1_0" slope="0.00"/>
        <vehicle id="21" x="398.35" y="371.67" angle="0.00" type="DEFAULT_VEHTYPE" speed="12.56" pos="23.58" lane="2/2to2/1_0" slope="0.00"/>
        <vehicle id="22" x="414.20" y="198.35" angle="90.00" type="DEFAULT_VEHTYPE" speed="8.50" pos="9.45" lane="2/1to3/1_0" slope="0.00"/>
        <vehicle id="23" x="601.65" y="260.52" angle="180.00" type="DEFAULT_VEHTYPE" speed="13.89" pos="55.77" lane="3/1to3/2_0" slope="0.00"/>
        <vehicle id="24" x="100.77" y="198.35" angle="90.00" type="DEFAULT_VEHTYPE" speed="12.73" pos="100.77" lane="0/1to1/1_0" slope="0.00"/>
        <vehicle id="3" x="398.35" y="134.80" angle="0.00" type="DEFAULT_VEHTYPE" speed="13.70" pos="60.45" lane="2/1to2/0_0" slope="0.00"/>
        <vehicle id="4" x="549.94" y="198.35" angle="90.00" type="DEFAULT_VEHTYPE" speed="13.72" pos="145.19" lane="2/1to3/1_0" slope="0.00"/>
        <vehicle id="5" x="188.46" y="201.65" angle="-90.00" type="DEFAULT_VEHTYPE" speed="12.61" pos="6.79" lane="1/1to0/1_0" slope="0.00"/>
        <vehicle id="6" x="263.99" y="401.65" angle="-90.00" type="DEFAULT_VEHTYPE" speed="13.66" pos="131.26" lane="2/2to1/2_0" slope="0.00"/>
        <vehicle id="7" x="398.35" y="299.84" angle="0.00" type="DEFAULT_VEHTYPE" speed="13.28" pos="95.41" lane="2/2to2/1_0" slope="0.00"/>
        <vehicle id="8" x="594.97" y="401.65" angle="-106.29" type="DEFAULT_VEHTYPE" speed="8.96" pos="0.28" lane="3/2to2/2_0" slope="0.00"/>
        <vehicle id="9" x="601.65" y="377.98" angle="180.00" type="DEFAULT_VEHTYPE" speed="10.43" pos="173.23" lane="3/1to3/2_0" slope="0.00"/>
    </timestep>
    <timestep time="792.00">
        <vehicle id="0" x="341.37" y="198.35" angle="90.00" type="DEFAULT_VEHTYPE" speed="12.61" pos="136.62" lane="1/1to2/1_0" slope="0.00"/>
        <vehicle id="1" x="600.74" y="201.10" angle="122.42" type="DEFAULT_VEHTYPE" speed="6.96" pos="6.51" lane=":3/1_14_0" slope="0.00"/>
        <vehicle id="11" x="425.67" y="401.65" angle="-90.00" type="DEFAULT_VEHTYPE" speed="11.57" pos="169.58" lane="3/2to2/2_0" slope="0.00"/>
        <vehicle id="12" x="21.25" y="201.65" angle="-90.00" type="DEFAULT_VEHTYPE" speed="13.45" pos="174.00" lane="1/1to0/1_0" slope="0.00"/>
        <vehicle id="14" x="68.54" y="198.35" angle="90.00" type="DEFAULT_VEHTYPE" speed="13.10" pos="68.54" lane="0/1to1/1_0" slope="0.00"/>
        <vehicle id="15" x="463.55" y="401.65" angle="-90.00" type="DEFAULT_VEHTYPE" speed="13.60" pos="131.70" lane="3/2to2/2_0" slope="0.00"/>
        <vehicle id="16" x="398.35" y="83.46" angle="0.00" type="DEFAULT_VEHTYPE" speed="13.41" pos="111.79" lane="2/1to2/0_0" slope="0.00"/>
        <vehicle id="17" x="759.24" y="198.35" angle="90.00" type="DEFAULT_VEHTYPE" speed="13.17" pos="154.49" lane="3/1to4/1_0" slope="0.00"/>
        <vehicle id="18" x="533.84" y="401.65" angle="-90.00" type="DEFAULT_VEHTYPE" speed="12.81" pos="61.41" lane="3/2to2/2_0" slope="0.00"/>
        <vehicle id="19" x="75.06" y="201.65" angle="-90.00" type="DEFAULT_VEHTYPE" speed="12.78" pos="120.19" lane="1/1to0/1_0" slope="0.00"/>
        <vehicle id="2" x="336.95" y="401.65" angle="-90.00" type="DEFAULT_VEHTYPE" speed="12.89" pos="58.30" lane="2/2to1/2_0" slope="0.00"/>
        <vehicle id="20" x="680.11" y="198.35" angle="90.00" type="DEFAULT_VEHTYPE" speed="12.98" pos="75.36" lane="3/1to4/1_0" slope="0.00"/>
        <vehicle id="21" x="398.35" y="358.04" angle="0.00" type="DEFAULT_VEHTYPE" speed="13.63" pos="37.21" lane="2/2to2/1_0" slope="0.00"/>
        <vehicle id="22" x="424.49" y="198.35" angle="90.00" type="DEFAULT_VEHTYPE" speed="10.30" pos="19.74" lane="2/1to3/1_0" slope="0.00"/>
        <vehicle id="23" x="601.65" y="273.64" angle="180.00" type="DEFAULT_VEHTYPE" speed="13.12" pos="68.89" lane="3/1to3/2_0" slope="0.00"/>
        <vehicle id="24" x="114.63" y="198.35" angle="90.00" type="DEFAULT_VEHTYPE" speed="13.85" pos="114.63" lane="0/1to1/1_0" slope="0.00"/>
        <vehicle id="3" x="398.35" y="121.95" angle="0.00" type="DEFAULT_VEHTYPE" speed="12.85" pos="73.30" lane="2/1to2/0_0" slope="0.00"/>
        <vehicle id="4" x="563.21" y="198.35" angle="90.00" type="DEFAULT_VEHTYPE" speed="13.27" pos="158.46" lane="2/1to3/1_0" slope="0.00"/>
        <vehicle id="5" x="175.55" y="201.65" angle="-90.00" type="DEFAULT_VEHTYPE" speed="12.91" pos="19.70" lane="1/1to0/1_0" slope="0.00"/>
        <vehicle id="6" x="251.01" y="401.65" angle="-90.00" type="DEFAULT_VEHTYPE" speed="12.98" pos="144.24" lane="2/2to1/2_0" slope="0.00"/>
        <vehicle id="7" x="398.35" y="286.27" angle="0.00" type="DEFAULT_VEHTYPE" speed="13.57" pos="108.98" lane="2/2to2/1_0" slope="0.00"/>
        <vehicle id="8" x="583.74" y="401.65" angle="-90.00" type="DEFAULT_VEHTYPE" speed="11.23" pos="11.51" lane="3/2to2/2_0" slope="0.00"/>
        <vehicle id="9" x="601.65" y="384.86" angle="180.00" type="DEFAULT_VEHTYPE" speed="6.88" pos="180.11" lane="3/1to3/2_0" slope="0.00"/>
    </timestep>
    <timestep time="793.00">
        <vehicle id="0" x="354.21" y="198.35" angle="90.00" type="DEFAULT_VEHTYPE" speed="12.83" pos="149.46" lane="1/1to2/1_0" slope="0.00"/>
        <vehicle id="1" x="601.65" y="210.37" angle="180.00" type="DEFAULT_VEHTYPE" speed="9.43" pos="5.62" lane="3/1to3/2_0" slope="0.00"/>
        <vehicle id="11" x="417.01" y="401.65" angle="-90.00" type="DEFAULT_VEHTYPE" speed="8.66" pos="178.24" lane="3/2to2/2_0" slope="0.00"/>
        <vehicle id="12" x="7.72" y="201.65" angle="-90.00" type="DEFAULT_VEHTYPE" speed="13.53" pos="187.53" lane="1/1to0/1_0" slope="0.00"/>
        <vehicle id="14" x="82.28" y="198.35" angle="90.00" type="DEFAULT_VEHTYPE" speed="13.74" pos="82.28" lane="0/1to1/1_0" slope="0.00"/>
        <vehicle id="15" x="450.31" y="401.65" angle="-90.00" type="DEFAULT_VEHTYPE" speed="13.24" pos="144.94" lane="3/2to2/2_0" slope="0.00"/>
        <vehicle id="16" x="398.35" y="70.03" angle="0.00" type="DEFAULT_VEHTYPE" speed="13.43" pos="125.22" lane="2/1to2/0_0" slope="0.00"/>
        <vehicle id="17" x="772.55" y="198.35" angle="90.00" type="DEFAULT_VEHTYPE" speed="13.32" pos="167.80" lane="3/1to4/1_0" slope="0.00"/>
        <vehicle id="18" x="519.95" y="401.65" angle="-90.00" type="DEFAULT_VEHTYPE" speed="13.90" pos="75.30" lane="3/2to2/2_0" slope="0.00"/>
        <vehicle id="19" x="61.57" y="201.65" angle="-90.00" type="DEFAULT_VEHTYPE" speed="13.49" pos="133.68" lane="1/1to0/1_0" slope="0.00"/>
        <vehicle id="2" x="323.89" y="401.65" angle="-90.00" type="DEFAULT_VEHTYPE" speed="13.07" pos="71.36" lane="2/2to1/2_0" slope="0.00"/>
        <vehicle id="20" x="692.96" y="198.35" angle="90.00" type="DEFAULT_VEHTYPE" speed="12.86" pos="88.21" lane="3/1to4/1_0" slope="0.00"/>
        <vehicle id="21" x="398.35" y="344.57" angle="0.00" type="DEFAULT_VEHTYPE" speed="13.47" pos="50.68" lane="2/2to2/1_0" slope="0.00"/>
        <vehicle id="22" x="436.88" y="198.35" angle="90.00" type="DEFAULT_VEHTYPE" speed="12.39" pos="32.13" lane="2/1to3/1_0" slope="0.00"/>
        <vehicle id="23" x="601.65" y="286.80" angle="180.00" type="DEFAULT_VEHTYPE" speed="13.16" pos="82.05" lane="3/1to3/2_0" slope="0.00"/>
        <vehicle id="24" x="128.41" y="198.35" angle="90.00" type="DEFAULT_VEHTYPE" speed="13.79" pos="128.41" lane="0/1to1/1_0" slope="0.00"/>
        <vehicle id="3" x="398.35" y="108.77" angle="0.00" type="DEFAULT_VEHTYPE" speed="13.18" pos="86.48" lane="2/1to2/0_0" slope="0.00"/>
        <vehicle id="4" x="575.19" y="198.35" angle="90.00" type="DEFAULT_VEHTYPE" speed="11.98" pos="170.44" lane="2/1to3/1_0" slope="0.00"/>
        <vehicle id="5" x="161.77" y="201.65" angle="-90.00" type="DEFAULT_VEHTYPE" speed="13.79" pos="33.48" lane="1/1to0/1_0" slope="0.00"/>
        <vehicle id="6" x="238.37" y="401.65" angle="-90.00" type="DEFAULT_VEHTYPE" speed="12.64" pos="156.88" lane="2/2to1/2_0" slope="0.00"/>
        <vehicle id="7" x="398.35" y="273.32" angle="0.00" type="DEFAULT_VEHTYPE" speed="12.95" pos="121.93" lane="2/2to2/1_0" slope="0.00"/>
        <vehicle id="8" x="570.13" y="401.65" angle="-90.00" type="DEFAULT_VEHTYPE" speed="13.60" pos="25.12" lane="3/2to2/2_0" slope="0.00"/>
        <vehicle id="9" x="601.65" y="389.18" angle="180.00" type="DEFAULT_VEHTYPE" speed="4.32" pos="184.43" lane="3/1to3/2_0" slope="0.00"/>
    </timestep>
    <timestep time="794.00">
        <vehicle id="0" x="367.24" y="198.35" angle="90.00" type="DEFAULT_VEHTYPE" speed="13.04" pos="162.49" lane="1/1to2/1_0" slope="0.00"/>
        <vehicle id="1" x="601.65" y="221.37" angle="180.00" type="DEFAULT_VEHTYPE" speed="11.00" pos="16.62" lane="3/1to3/2_0" slope="0.00"/>
        <vehicle id="11" x="411.32" y="401.65" angle="-90.00" type="DEFAULT_VEHTYPE" speed="5.69" pos="183.93" lane="3/2to2/2_0" slope="0.00"/>
        <vehicle id="12" x="0.20" y="198.35" angle="3.77" type="DEFAULT_VEHTYPE" speed="12.74" pos="0.20" lane="0/1to1/1_0" slope="0.00"/>
        <vehicle id="14" x="95.45" y="198.35" angle="90.00" type="DEFAULT_VEHTYPE" speed="13.17" pos="95.45" lane="0/1to1/1_0" slope="0.00"/>
        <vehicle id="15" x="437.00" y="401.65" angle="-90.00" type="DEFAULT_VEHTYPE" speed="13.31" pos="158.25" lane="3/2to2/2_0" slope="0.00"/>
        <vehicle id="16" x="398.35" y="56.49" angle="0.00" type="DEFAULT_VEHTYPE" speed="13.55" pos="138.76" lane="2/1to2/0_0" slope="0.00"/>
        <vehicle id="17" x="785.26" y="198.35" angle="90.00" type="DEFAULT_VEHTYPE" speed="12.70" pos="180.51" lane="3/1to4/1_0" slope="0.00"/>
        <vehicle id="18" x="506.68" y="401.65" angle="-90.00" type="DEFAULT_VEHTYPE" speed="13.26" pos="88.57" lane="3/2to2/2_0" slope="0.00"/>
        <vehicle id="19" x="48.20" y="201.65" angle="-90.00" type="DEFAULT_VEHTYPE" speed="13.37" pos="147.05" lane="1/1to0/1_0" slope="0.00"/>
        <vehicle id="2" x="310.88" y="401.65" angle="-90.00" type="DEFAULT_VEHTYPE" speed="13.01" pos="84.37" lane="2/2to1/2_0" slope="0.00"/>
        <vehicle id="20" x="706.31" y="198.35" angle="90.00" type="DEFAULT_VEHTYPE" speed="13.35" pos="101.56" lane="3/1to4/1_0" slope="0.00"/>
        <vehicle id="21" x="398.35" y="331.57" angle="0.00" type="DEFAULT_VEHTYPE" speed="13.01" pos="63.68" lane="2/2to2/1_0" slope="0.00"/>
        <vehicle id="22" x="450.59" y="198.35" angle="90.00" type="DEFAULT_VEHTYPE" speed="13.70" pos="45.84" lane="2/1to3/1_0" slope="0.00"/>
        <vehicle id="23" x="601.65" y="299.81" angle="180.00" type="DEFAULT_VEHTYPE" speed="13.00" pos="95.06" lane="3/1to3/2_0" slope="0.00"/>
        <vehicle id="24" x="141.19" y="198.35" angle="90.00" type="DEFAULT_VEHTYPE" speed="12.77" pos="141.19" lane="0/1to1/1_0" slope="0.00"/>
        <vehicle id="3" x="398.35" y="95.65" angle="0.00" type="DEFAULT_VEHTYPE" speed="13.13" pos="99.60" lane="2/1to2/0_0" slope="0.00"/>
        <vehicle id="4" x="583.65" y="198.35" angle="90.00" type="DEFAULT_VEHTYPE" speed="8.46" pos="178.90" lane="2/1to3/1_0" slope="0.00"/>
        <vehicle id="5" x="148.51" y="201.65" angle="-90.00" type="DEFAULT_VEHTYPE" speed="13.26" pos="46.74" lane="1/1to0/1_0" slope="0.00"/>
        <vehicle id="6" x="226.54" y="401.65" angle="-90.00" type="DEFAULT_VEHTYPE" speed="11.82" pos="168.71" lane="2/2to1/2_0" slope="0.00"/>
        <vehicle id="7" x="398.35" y="259.63" angle="0.00" type="DEFAULT_VEHTYPE" speed="13.69" pos="135.62" lane="2/2to2/1_0" slope="0.00"/>
        <vehicle id="8" x="556.38" y="401.65" angle="-90.00" type="DEFAULT_VEHTYPE" speed="13.76" pos="38.87" lane="3/2to2/2_0" slope="0.00"/>
        <vehicle id="9" x="601.65" y="394.86" angle="180.00" type="DEFAULT_VEHTYPE" speed="5.68" pos="190.11" lane="3/1to3/2_0" slope="0.00"/>
    </timestep>
    <timestep time="795.00">
        <vehicle id="0" x="377.80" y="198.35" angle="90.00" type="DEFAULT_VEHTYPE" speed="10.56" pos="173.05" lane="1/1to2/1_0" slope="0.00"/>
        <vehicle id="1" x="601.65" y="234.68" angle="180.00" type="DEFAULT_VEHTYPE" speed="13.31" pos="29.93" lane="3/1to3/2_0" slope="0.00"/>
        <vehicle id="11" x="403.23" y="401.65" angle="-90.00" type="DEFAULT_VEHTYPE" speed="8.09" pos="1.52" lane=":2/2_5_0" slope="0.00"/>
        <vehicle id="12" x="13.72" y="198.35" angle="90.00" type="DEFAULT_VEHTYPE" speed="13.52" pos="13.72" lane="0/1to1/1_0" slope="0.00"/>
        <vehicle id="14" x="109.32" y="198.35" angle="90.00" type="DEFAULT_VEHTYPE" speed="13.88" pos="109.32" lane="0/1to1/1_0" slope="0.00"/>
        <vehicle id="15" x="426.79" y="401.65" angle="-90.00" type="DEFAULT_VEHTYPE" speed="10.21" pos="168.46" lane="3/2to2/2_0" slope="0.00"/>
        <vehicle id="16" x="398.35" y="42.77" angle="0.00" type="DEFAULT_VEHTYPE" speed="13.72" pos="152.48" lane="2/1to2/0_0" slope="0.00"/>
        <vehicle id="17" x="798.88" y="198.35" angle="90.00" type="DEFAULT_VEHTYPE" speed="13.63" pos="194.13" lane="3/1to4/1_0" slope="0.00"/>
        <vehicle id="18" x="492.94" y="401.65" angle="-90.00" type="DEFAULT_VEHTYPE" speed="13.75" pos="102.31" lane="3/2to2/2_0" slope="0.00"/>
        <vehicle id="19" x="35.34" y="201.65" angle="-90.00" type="DEFAULT_VEHTYPE" speed="12.86" pos="159.91" lane="1/1to0/1_0" slope="0.00"/>
        <vehicle id="2" x="297.79" y="401.65" angle="-90.00" type="DEFAULT_VEHTYPE" speed="13.09" pos="97.46" lane="2/2to1/2_0" slope="0.00"/>
        <vehicle id="20" x="719.47" y="198.35" angle="90.00" type="DEFAULT_VEHTYPE" speed="13.16" pos="114.72" lane="3/1to4/1_0" slope="0.00"/>
        <vehicle id="21" x="398.35" y="318.83" angle="0.00" type="DEFAULT_VEHTYPE" speed="12.73" pos="76.42" lane="2/2to2/1_0" slope="0.00"/>
        <vehicle id="22" x="464.41" y="198.35" angle="90.00" type="DEFAULT_VEHTYPE" speed="13.82" pos="59.66" lane="2/1to3/1_0" slope="0.00"/>
        <vehicle id="23" x="601.65" y="312.64" angle="180.00" type="DEFAULT_VEHTYPE" speed="12.84" pos="107.89" lane="3/1to3/2_0" slope="0.00"/>
        <vehicle id="24" x="153.95" y="198.35" angle="90.00" type="DEFAULT_VEHTYPE" speed="12.76" pos="153.95" lane="0/1to1/1_0" slope="0.00"/>
        <vehicle id="3" x="398.35" y="82.91" angle="0.00" type="DEFAULT_VEHTYPE" speed="12.74" pos="112.34" lane="2/1to2/0_0" slope="0.00"/>
        <vehicle id="4" x="588.24" y="198.35" angle="90.00" type="DEFAULT_VEHTYPE" speed="4.60" pos="183.49" lane="2/1to3/1_0" slope="0.00"/>
        <vehicle id="5" x="135.56" y="201.65" angle="-90.00" type="DEFAULT_VEHTYPE" speed="12.95" pos="59.69" lane="1/1to0/1_0" slope="0.00"/>
        <vehicle id="6" x="217.74" y="401.65" angle="-90.00" type="DEFAULT_VEHTYPE" speed="8.80" pos="177.51" lane="2/2to1/2_0" slope="0.00"/>
        <vehicle id="7" x="398.35" y="246.44" angle="0.00" type="DEFAULT_VEHTYPE" speed="13.19" pos="148.81" lane="2/2to2/1_0" slope="0.00"/>
        <vehicle id="8" x="543.19" y="401.65" angle="-90.00" type="DEFAULT_VEHTYPE" speed="13.19" pos="52.06" lane="3/2to2/2_0" slope="0.00"/>
        <vehicle id="9" x="598.01" y="401.26" angle="-136.86" type="DEFAULT_VEHTYPE" speed="7.92" pos="0.39" lane=":3/2_18_0" slope="0.00"/>
    </timestep>
    <timestep time="796.00">
        <vehicle id="0" x="385.09" y="198.35" angle="90.00" type="DEFAULT_VEHTYPE" speed="7.29" pos="180.34" lane="1/1to2/1_0" slope="0.00"/>
        <vehicle id="1" x="601.65" y="247.92" angle="180.00" type="DEFAULT_VEHTYPE" speed="13.24" pos="43.17" lane="3/1to3/2_0" slope="0.00"/>
        <vehicle id="11" x="392.88" y="401.65" angle="-90.00" type="DEFAULT_VEHTYPE" speed="10.35" pos="2.37" lane="2/2to1/2_0" slope="0.00"/>
        <vehicle id="12" x="26.55" y="198.35" angle="90.00" type="DEFAULT_VEHTYPE" speed="12.83" pos="26.55" lane="0/1to1/1_0" slope="0.00"/>
        <vehicle id="14" x="122.67" y="198.35" angle="90.00" type="DEFAULT_VEHTYPE" speed="13.35" pos="122.67" lane="0/1to1/1_0" slope="0.00"/>
        <vehicle id="15" x="417.84" y="401.65" angle="-90.00" type="DEFAULT_VEHTYPE" speed="8.95" pos="177.41" lane="3/2to2/2_0" slope="0.00"/>
        <vehicle id="16" x="398.35" y="29.39" angle="0.00" type="DEFAULT_VEHTYPE" speed="13.39" pos="165.86" lane="2/1to2/0_0" slope="0.00"/>
        <vehicle id="17" x="792.76" y="201.65" angle="-90.00" type="DEFAULT_VEHTYPE" speed="13.18" pos="7.24" lane="4/1to3/1_0" slope="0.00"/>
        <vehicle id="18" x="479.77" y="401.65" angle="-90.00" type="DEFAULT_VEHTYPE" speed="13.16" pos="115.48" lane="3/2to2/2_0" slope="0.00"/>
        <vehicle id="19" x="21.44" y="201.65" angle="-90.00" type="DEFAULT_VEHTYPE" speed="13.90" pos="173.81" lane="1/1to0/1_0" slope="0.00"/>
        <vehicle id="2" x="283.94" y="401.65" angle="-90.00" type="DEFAULT_VEHTYPE" speed="13.84" pos="111.31" lane="2/2to1/2_0" slope="0.00"/>
        <vehicle id="20" x="733.31" y="198.35" angle="90.00" type="DEFAULT_VEHTYPE" speed="13.84" pos="128.56" lane="3/1to4/1_0" slope="0.00"/>
        <vehicle id="21" x="398.35" y="306.21" angle="0.00" type="DEFAULT_VEHTYPE" speed="12.63" pos="89.04" lane="2/2to2/1_0" slope="0.00"/>
        <vehicle id="22" x="477.59" y="198.35" angle="90.00" type="DEFAULT_VEHTYPE" speed="13.18" pos="72.84" lane="2/1to3/1_0" slope="0.00"/>
        <vehicle id="23" x="601.65" y="325.49" angle="180.00" type="DEFAULT_VEHTYPE" speed="12.84" pos="120.74" lane="3/1to3/2_0" slope="0.00"/>
        <vehicle id="24" x="167.10" y="198.35" angle="90.00" type="DEFAULT_VEHTYPE" speed="13.15" pos="167.10" lane="0/1to1/1_0" slope="0.00"/>
        <vehicle id="3" x="398.35" y="69.84" angle="0.00" type="DEFAULT_VEHTYPE" speed="13.07" pos="125.41" lane="2/1to2/0_0" slope="0.00"/>
        <vehicle id="4" x="591.45" y="198.35" angle="90.00" type="DEFAULT_VEHTYPE" speed="3.20" pos="186.70" lane="2/1to3/1_0" slope="0.00"/>
        <vehicle id="5" x="121.94" y="201.65" angle="-90.00" type="DEFAULT_VEHTYPE" speed="13.62" pos="73.31" lane="1/1to0/1_0" slope="0.00"/>
        <vehicle id="6" x="211.81" y="401.65" angle="-90.00" type="DEFAULT_VEHTYPE" speed="5.93" pos="183.44" lane="2/2to1/2_0" slope="0.00"/>
        <vehicle id="7" x="398.35" y="232.67" angle="0.00" type="DEFAULT_VEHTYPE" speed="13.77" pos="162.58" lane="2/2to2/1_0" slope="0.00"/>
        <vehicle id="8" x="529.84" y="401.65" angle="-90.00" type="DEFAULT_VEHTYPE" speed="13.36" pos="65.41" lane="3/2to2/2_0" slope="0.00"/>
        <vehicle id="9" x="587.71" y="401.65" angle="-90.00" type="DEFAULT_VEHTYPE" speed="10.33" pos="7.54" lane="3/2to2/2_0" slope="0.00"/>
    </timestep>
    <timestep time="797.00">
        <vehicle id="0" x="389.64" y="198.35" angle="90.00" type="DEFAULT_VEHTYPE" speed="4.55" pos="184.89" lane="1/1to2/1_0" slope="0.00"/>
        <vehicle id="1" x="601.65" y="260.63" angle="180.00" type="DEFAULT_VEHTYPE" speed="12.71" pos="55.88" lane="3/1to3/2_0" slope="0.00"/>
        <vehicle id="11" x="380.17" y="401.65" angle="-90.00" type="DEFAULT_VEHTYPE" speed="12.71" pos="15.08" lane="2/2to1/2_0" slope="0.00"/>
        <vehicle id="12" x="40.22" y="198.35" angle="90.00" type="DEFAULT_VEHTYPE" speed="13.67" pos="40.22" lane="0/1to1/1_0" slope="0.00"/>
        <vehicle id="14" x="136.25" y="198.35" angle="90.00" type="DEFAULT_VEHTYPE" speed="13.58" pos="136.25" lane="0/1to1/1_0" slope="0.00"/>
        <vehicle id="15" x="412.15" y="401.65" angle="-90.00" type="DEFAULT_VEHTYPE" speed="5.69" pos="183.10" lane="3/2to2/2_0" slope="0.00"/>
        <vehicle id="16" x="398.35" y="16.76" angle="0.00" type="DEFAULT_VEHTYPE" speed="12.63" pos="178.49" lane="2/1to2/0_0" slope="0.00"/>
        <vehicle id="17" x="779.29" y="201.65" angle="-90.00" type="DEFAULT_VEHTYPE" speed="13.47" pos="20.71" lane="4/1to3/1_0" slope="0.00"/>
        <vehicle id="18" x="466.79" y="401.65" angle="-90.00" type="DEFAULT_VEHTYPE" speed="12.98" pos="128.46" lane="3/2to2/2_0" slope="0.00"/>
        <vehicle id="19" x="8.18" y="201.65" angle="-90.00" type="DEFAULT_VEHTYPE" speed="13.26" pos="187.07" lane="1/1to0/1_0" slope="0.00"/>
        <vehicle id="2" x="271.16" y="401.65" angle="-90.00" type="DEFAULT_VEHTYPE" speed="12.78" pos="124.09" lane="2/2to1/2_0" slope="0.00"/>
        <vehicle id="20" x="747.16" y="198.35" angle="90.00" type="DEFAULT_VEHTYPE" speed="13.85" pos="142.41" lane="3/1to4/1_0" slope="0.00"/>
        <vehicle id="21" x="398.35" y="293.35" angle="0.00" type="DEFAULT_VEHTYPE" speed="12.86" pos="101.90" lane="2/2to2/1_0" slope="0.00"/>
        <vehicle id="22" x="491.38" y="198.35" angle="90.00" type="DEFAULT_VEHTYPE" speed="13.79" pos="86.63" lane="2/1to3/1_0" slope="0.00"/>
        <vehicle id="23" x="601.65" y="338.55" angle="180.00" type="DEFAULT_VEHTYPE" speed="13.06" pos="133.80" lane="3/1to3/2_0" slope="0.00"/>
        <vehicle id="24" x="178.14" y="198.35" angle="90.00" type="DEFAULT_VEHTYPE" speed="11.04" pos="178.14" lane="0/1to1/1_0" slope="0.00"/>
        <vehicle id="3" x="398.35" y="56.74" angle="0.00" type="DEFAULT_VEHTYPE" speed="13.10" pos="138.51" lane="2/1to2/0_0" slope="0.00"/>
        <vehicle id="4" x="597.17" y="198.35" angle="90.00" type="DEFAULT_VEHTYPE" speed="5.72" pos="1.92" lane=":3/1_13_0" slope="0.00"/>
        <vehicle id="5" x="108.99" y="201.65" angle="-90.00" type="DEFAULT_VEHTYPE" speed="12.95" pos="86.26" lane="1/1to0/1_0" slope="0.00"/>
        <vehicle id="6" x="209.70" y="401.65" angle="-90.00" type="DEFAULT_VEHTYPE" speed="2.11" pos="185.55" lane="2/2to1/2_0" slope="0.00"/>
        <vehicle id="7" x="398.35" y="219.83" angle="0.00" type="DEFAULT_VEHTYPE" speed="12.85" pos="175.42" lane="2/2to2/1_0" slope="0.00"/>
        <vehicle id="8" x="517.12" y="401.65" angle="-90.00" type="DEFAULT_VEHTYPE" speed="12.72" pos="78.13" lane="3/2to2/2_0" slope="0.00"/>
        <vehicle id="9" x="574.92" y="401.65" angle="-90.00" type="DEFAULT_VEHTYPE" speed="12.79" pos="20.33" lane="3/2to2/2_0" slope="0.00"/>
    </timestep>
    <timestep time="798.00">
        <vehicle id="0" x="395.81" y="198.35" angle="90.00" type="DEFAULT_VEHTYPE" speed="6.17" pos="0.56" lane=":2/1_13_0" slope="0.00"/>
        <vehicle id="1" x="601.65" y="273.61" angle="180.00" type="DEFAULT_VEHTYPE" speed="12.98" pos="68.86" lane="3/1to3/2_0" slope="0.00"/>
        <vehicle id="11" x="367.29" y="401.65" angle="-90.00" type="DEFAULT_VEHTYPE" speed="12.88" pos="27.96" lane="2/2to1/2_0" slope="0.00"/>
        <vehicle id="12" x="53.97" y="198.35" angle="90.00" type="DEFAULT_VEHTYPE" speed="13.75" pos="53.97" lane="0/1to1/1_0" slope="0.00"/>
        <vehicle id="14" x="149.24" y="198.35" angle="90.00" type="DEFAULT_VEHTYPE" speed="12.99" pos="149.24" lane="0/1to1/1_0" slope="0.00"/>
        <vehicle id="15" x="409.68" y="401.65" angle="-90.00" type="DEFAULT_VEHTYPE" speed="2.47" pos="185.57" lane="3/2to2/2_0" slope="0.00"/>
        <vehicle id="16" x="398.35" y="3.19" angle="0.00" type="DEFAULT_VEHTYPE" speed="13.57" pos="192.06" lane="2/1to2/0_0" slope="0.00"/>
        <vehicle id="17" x="765.98" y="201.65" angle="-90.00" type="DEFAULT_VEHTYPE" speed="13.31" pos="34.02" lane="4/1to3/1_0" slope="0.00"/>
        <vehicle id="18" x="454.07" y="401.65" angle="-90.00" type="DEFAULT_VEHTYPE" speed="12.72" pos="141.18" lane="3/2to2/2_0" slope="0.00"/>
        <vehicle id="19" x="-0.06" y="198.39" angle="-5.41" type="DEFAULT_VEHTYPE" speed="12.93" pos="4.75" lane=":0/1_0_0" slope="0.00"/>
        <vehicle id="2" x="257.82" y="401.65" angle="-90.00" type="DEFAULT_VEHTYPE" speed="13.35" pos="137.43" lane="2/2to1/2_0" slope="0.00"/>
        <vehicle id="20" x="760.40" y="198.35" angle="90.00" type="DEFAULT_VEHTYPE" speed="13.24" pos="155.65" lane="3/1to4/1_0" slope="0.00"/>
        <vehicle id="21" x="398.35" y="280.08" angle="0.00" type="DEFAULT_VEHTYPE" speed="13.27" pos="115.17" lane="2/2to2/1_0" slope="0.00"/>
        <vehicle id="22" x="504.96" y="198.35" angle="90.00" type="DEFAULT_VEHTYPE" speed="13.59" pos="100.21" lane="2/1to3/1_0" slope="0.00"/>
        <vehicle id="23" x="601.65" y="351.76" angle="180.00" type="DEFAULT_VEHTYPE" speed="13.21" pos="147.01" lane="3/1to3/2_0" slope="0.00"/>
        <vehicle id="24" x="185.71" y="198.35" angle="90.00" type="DEFAULT_VEHTYPE" speed="7.58" pos="185.71" lane="0/1to1/1_0" slope="0.00"/>
        <vehicle id="3" x="398.35" y="42.93" angle="0.00" type="DEFAULT_VEHTYPE" speed="13.80" pos="152.32" lane="2/1to2/0_0" slope="0.00"/>
        <vehicle id="4" x="604.24" y="198.35" angle="90.00" type="DEFAULT_VEHTYPE" speed="7.07" pos="8.99" lane=":3/1_13_0" slope="0.00"/>
        <vehicle id="5" x="95.32" y="201.65" angle="-90.00" type="DEFAULT_VEHTYPE" speed="13.66" pos="99.93" lane="1/1to0/1_0" slope="0.00"/>
        <vehicle id="6" x="206.20" y="401.65" angle="-90.00" type="DEFAULT_VEHTYPE" speed="3.50" pos="189.05" lane="2/2to1/2_0" slope="0.00"/>
        <vehicle id="7" x="398.35" y="206.43" angle="0.00" type="DEFAULT_VEHTYPE" speed="13.40" pos="188.82" lane="2/2to2/1_0" slope="0.00"/>
        <vehicle id="8" x="503.63" y="401.65" angle="-90.00" type="DEFAULT_VEHTYPE" speed="13.49" pos="91.62" lane="3/2to2/2_0" slope="0.00"/>
        <vehicle id="9" x="562.12" y="401.65" angle="-90.00" type="DEFAULT_VEHTYPE" speed="12.80" pos="33.13" lane="3/2to2/2_0" slope="0.00"/>
    </timestep>
    <timestep time="799.00">
        <vehicle id="0" x="403.72" y="198.35" angle="90.00" type="DEFAULT_VEHTYPE" speed="7.91" pos="8.47" lane=":2/1_13_0" slope="0.00"/>
        <vehicle id="1" x="601.65" y="287.00" angle="180.00" type="DEFAULT_VEHTYPE" speed="13.39" pos="82.25" lane="3/1to3/2_0" slope="0.00"/>
        <vehicle id="11" x="354.27" y="401.65" angle="-90.00" type="DEFAULT_VEHTYPE" speed="13.02" pos="40.98" lane="2/2to1/2_0" slope="0.00"/>
        <vehicle id="12" x="66.87" y="198.35" angle="90.00" type="DEFAULT_VEHTYPE" speed="12.90" pos="66.87" lane="0/1to1/1_0" slope="0.00"/>
        <vehicle id="14" x="162.44" y="198.35" angle="90.00" type="DEFAULT_VEHTYPE" speed="13.21" pos="162.44" lane="0/1to1/1_0" slope="0.00"/>
        <vehicle id="15" x="405.13" y="401.65" angle="-90.00" type="DEFAULT_VEHTYPE" speed="4.55" pos="190.12" lane="3/2to2/2_0" slope="0.00"/>
        <vehicle id="16" x="401.65" y="5.73" angle="180.00" type="DEFAULT_VEHTYPE" speed="13.74" pos="5.73" lane="2/0to2/1_0" slope="0.00"/>
        <vehicle id="17" x="752.62" y="201.65" angle="-90.00" type="DEFAULT_VEHTYPE" speed="13.36" pos="47.38" lane="4/1to3/1_0" slope="0.00"/>
        <vehicle id="18" x="441.05" y="401.65" angle="-90.00" type="DEFAULT_VEHTYPE" speed="13.02" pos="154.20" lane="3/2to2/2_0" slope="0.00"/>
        <vehicle id="19" x="13.71" y="198.35" angle="90.00" type="DEFAULT_VEHTYPE" speed="13.78" pos="13.71" lane="0/1to1/1_0" slope="0.00"/>
        <vehicle id="2" x="244.64" y="401.65" angle="-90.00" type="DEFAULT_VEHTYPE" speed="13.17" pos="150.61" lane="2/2to1/2_0" slope="0.00"/>
        <vehicle id="20" x="773.87" y="198.35" angle="90.00" type="DEFAULT_VEHTYPE" speed="13.46" pos="169.12" lane="3/1to4/1_0" slope="0.00"/>
        <vehicle id="21" x="398.35" y="266.95" angle="0.00" type="DEFAULT_VEHTYPE" speed="13.13" pos="128.30" lane="2/2to2/1_0" slope="0.00"/>
        <vehicle id="22" x="517.81" y="198.35" angle="90.00" type="DEFAULT_VEHTYPE" speed="12.85" pos="113.06" lane="2/1to3/1_0" slope="0.00"/>
        <vehicle id="23" x="601.65" y="364.89" angle="180.00" type="DEFAULT_VEHTYPE" speed="13.13" pos="160.14" lane="3/1to3/2_0" slope="0.00"/>
        <vehicle id="24" x="190.27" y="198.35" angle="90.00" type="DEFAULT_VEHTYPE" speed="4.56" pos="190.27" lane="0/1to1/1_0" slope="0.00"/>
        <vehicle id="3" x="398.35" y="30.12" angle="0.00" type="DEFAULT_VEHTYPE" speed="12.81" pos="165.13" lane="2/1to2/0_0" slope="0.00"/>
        <vehicle id="4" x="613.90" y="198.35" angle="90.00" type="DEFAULT_VEHTYPE" speed="9.65" pos="9.15" lane="3/1to4/1_0" slope="0.00"/>
        <vehicle id="5" x="81.50" y="201.65" angle="-90.00" type="DEFAULT_VEHTYPE" speed="13.82" pos="113.75" lane="1/1to0/1_0" slope="0.00"/>
        <vehicle id="6" x="201.25" y="400.83" angle="-80.45" type="DEFAULT_VEHTYPE" speed="5.09" pos="3.64" lane=":1/2_6_0" slope="0.00"/>
        <vehicle id="7" x="388.64" y="201.65" angle="-90.00" type="DEFAULT_VEHTYPE" speed="13.28" pos="6.61" lane="2/1to1/1_0" slope="0.00"/>
        <vehicle id="8" x="490.86" y="401.65" angle="-90.00" type="DEFAULT_VEHTYPE" speed="12.77" pos="104.39" lane="3/2to2/2_0" slope="0.00"/>
        <vehicle id="9" x="548.54" y="401.65" angle="-90.00" type="DEFAULT_VEHTYPE" speed="13.59" pos="46.71" lane="3/2to2/2_0" slope="0.00"/>
    </timestep>
</fcd-export>
