<?xml version="1.0" encoding="UTF-8"?>

<!-- generated on Thu Oct 31 13:34:38 2013 by SUMO sumo Version 0.18.0
<?xml version="1.0" encoding="UTF-8"?>

<configuration xmlns:xsi="http://www.w3.org/2001/XMLSchema-instance" xsi:noNamespaceSchemaLocation="http://sumo.sf.net/xsd/sumoConfiguration.xsd">

    <input>
        <net-file value="test.net.xml"/>
        <route-files value="test.rou.xml"/>
        <additional-files value="test.rerouter.xml"/>
    </input>

    <output>
        <fcd-output value="test-50.fcd.xml"/>
        <save-state.prefix value="state"/>
    </output>

    <time>
        <begin value="0"/>
        <end value="800"/>
    </time>

    <gui_only>
        <gui-settings-file value="test.settings.xml"/>
    </gui_only>

</configuration>
-->

<fcd-export>
    <timestep time="0.00">
        <vehicle id="0" x="398.35" y="190.15" angle="0.00" type="DEFAULT_VEHTYPE" speed="0.00" pos="5.10" lane="2/1to2/0_0" slope="0.00"/>
    </timestep>
    <timestep time="1.00">
        <vehicle id="0" x="398.35" y="188.71" angle="0.00" type="DEFAULT_VEHTYPE" speed="1.44" pos="6.54" lane="2/1to2/0_0" slope="0.00"/>
        <vehicle id="1" x="190.15" y="601.65" angle="-90.00" type="DEFAULT_VEHTYPE" speed="0.00" pos="5.10" lane="1/3to0/3_0" slope="0.00"/>
    </timestep>
    <timestep time="2.00">
        <vehicle id="0" x="398.35" y="185.59" angle="0.00" type="DEFAULT_VEHTYPE" speed="3.12" pos="9.66" lane="2/1to2/0_0" slope="0.00"/>
        <vehicle id="1" x="187.61" y="601.65" angle="-90.00" type="DEFAULT_VEHTYPE" speed="2.54" pos="7.64" lane="1/3to0/3_0" slope="0.00"/>
        <vehicle id="2" x="190.15" y="401.65" angle="-90.00" type="DEFAULT_VEHTYPE" speed="0.00" pos="5.10" lane="1/2to0/2_0" slope="0.00"/>
    </timestep>
    <timestep time="3.00">
        <vehicle id="0" x="398.35" y="180.52" angle="0.00" type="DEFAULT_VEHTYPE" speed="5.08" pos="14.73" lane="2/1to2/0_0" slope="0.00"/>
        <vehicle id="1" x="183.24" y="601.65" angle="-90.00" type="DEFAULT_VEHTYPE" speed="4.37" pos="12.01" lane="1/3to0/3_0" slope="0.00"/>
        <vehicle id="2" x="187.61" y="401.65" angle="-90.00" type="DEFAULT_VEHTYPE" speed="2.54" pos="7.64" lane="1/2to0/2_0" slope="0.00"/>
        <vehicle id="3" x="390.15" y="201.65" angle="-90.00" type="DEFAULT_VEHTYPE" speed="0.00" pos="5.10" lane="2/1to1/1_0" slope="0.00"/>
    </timestep>
    <timestep time="4.00">
        <vehicle id="0" x="398.35" y="173.81" angle="0.00" type="DEFAULT_VEHTYPE" speed="6.71" pos="21.44" lane="2/1to2/0_0" slope="0.00"/>
        <vehicle id="1" x="176.58" y="601.65" angle="-90.00" type="DEFAULT_VEHTYPE" speed="6.65" pos="18.67" lane="1/3to0/3_0" slope="0.00"/>
        <vehicle id="2" x="183.17" y="401.65" angle="-90.00" type="DEFAULT_VEHTYPE" speed="4.43" pos="12.08" lane="1/2to0/2_0" slope="0.00"/>
        <vehicle id="3" x="388.52" y="201.65" angle="-90.00" type="DEFAULT_VEHTYPE" speed="1.63" pos="6.73" lane="2/1to1/1_0" slope="0.00"/>
        <vehicle id="4" x="390.15" y="401.65" angle="-90.00" type="DEFAULT_VEHTYPE" speed="0.00" pos="5.10" lane="2/2to1/2_0" slope="0.00"/>
    </timestep>
    <timestep time="5.00">
        <vehicle id="0" x="398.35" y="164.50" angle="0.00" type="DEFAULT_VEHTYPE" speed="9.30" pos="30.75" lane="2/1to2/0_0" slope="0.00"/>
        <vehicle id="1" x="168.21" y="601.65" angle="-90.00" type="DEFAULT_VEHTYPE" speed="8.38" pos="27.04" lane="1/3to0/3_0" slope="0.00"/>
        <vehicle id="2" x="176.74" y="401.65" angle="-90.00" type="DEFAULT_VEHTYPE" speed="6.43" pos="18.51" lane="1/2to0/2_0" slope="0.00"/>
        <vehicle id="3" x="384.88" y="201.65" angle="-90.00" type="DEFAULT_VEHTYPE" speed="3.64" pos="10.37" lane="2/1to1/1_0" slope="0.00"/>
        <vehicle id="4" x="388.29" y="401.65" angle="-90.00" type="DEFAULT_VEHTYPE" speed="1.86" pos="6.96" lane="2/2to1/2_0" slope="0.00"/>
        <vehicle id="5" x="590.15" y="201.65" angle="-90.00" type="DEFAULT_VEHTYPE" speed="0.00" pos="5.10" lane="3/1to2/1_0" slope="0.00"/>
    </timestep>
    <timestep time="6.00">
        <vehicle id="0" x="398.35" y="152.94" angle="0.00" type="DEFAULT_VEHTYPE" speed="11.56" pos="42.31" lane="2/1to2/0_0" slope="0.00"/>
        <vehicle id="1" x="157.31" y="601.65" angle="-90.00" type="DEFAULT_VEHTYPE" speed="10.90" pos="37.94" lane="1/3to0/3_0" slope="0.00"/>
        <vehicle id="2" x="168.85" y="401.65" angle="-90.00" type="DEFAULT_VEHTYPE" speed="7.89" pos="26.40" lane="1/2to0/2_0" slope="0.00"/>
        <vehicle id="3" x="379.05" y="201.65" angle="-90.00" type="DEFAULT_VEHTYPE" speed="5.83" pos="16.20" lane="2/1to1/1_0" slope="0.00"/>
        <vehicle id="4" x="384.71" y="401.65" angle="-90.00" type="DEFAULT_VEHTYPE" speed="3.58" pos="10.54" lane="2/2to1/2_0" slope="0.00"/>
        <vehicle id="5" x="587.61" y="201.65" angle="-90.00" type="DEFAULT_VEHTYPE" speed="2.54" pos="7.64" lane="3/1to2/1_0" slope="0.00"/>
        <vehicle id="6" x="601.65" y="5.10" angle="180.00" type="DEFAULT_VEHTYPE" speed="0.00" pos="5.10" lane="3/0to3/1_0" slope="0.00"/>
    </timestep>
    <timestep time="7.00">
        <vehicle id="0" x="398.35" y="139.71" angle="0.00" type="DEFAULT_VEHTYPE" speed="13.23" pos="55.54" lane="2/1to2/0_0" slope="0.00"/>
        <vehicle id="1" x="144.21" y="601.65" angle="-90.00" type="DEFAULT_VEHTYPE" speed="13.10" pos="51.04" lane="1/3to0/3_0" slope="0.00"/>
        <vehicle id="2" x="159.19" y="401.65" angle="-90.00" type="DEFAULT_VEHTYPE" speed="9.67" pos="36.06" lane="1/2to0/2_0" slope="0.00"/>
        <vehicle id="3" x="371.85" y="201.65" angle="-90.00" type="DEFAULT_VEHTYPE" speed="7.20" pos="23.40" lane="2/1to1/1_0" slope="0.00"/>
        <vehicle id="4" x="379.61" y="401.65" angle="-90.00" type="DEFAULT_VEHTYPE" speed="5.10" pos="15.64" lane="2/2to1/2_0" slope="0.00"/>
        <vehicle id="5" x="583.62" y="201.65" angle="-90.00" type="DEFAULT_VEHTYPE" speed="3.99" pos="11.63" lane="3/1to2/1_0" slope="0.00"/>
        <vehicle id="6" x="601.65" y="7.18" angle="180.00" type="DEFAULT_VEHTYPE" speed="2.08" pos="7.18" lane="3/0to3/1_0" slope="0.00"/>
        <vehicle id="7" x="398.35" y="390.15" angle="0.00" type="DEFAULT_VEHTYPE" speed="0.00" pos="5.10" lane="2/2to2/1_0" slope="0.00"/>
    </timestep>
    <timestep time="8.00">
        <vehicle id="0" x="398.35" y="126.52" angle="0.00" type="DEFAULT_VEHTYPE" speed="13.19" pos="68.73" lane="2/1to2/0_0" slope="0.00"/>
        <vehicle id="1" x="130.61" y="601.65" angle="-90.00" type="DEFAULT_VEHTYPE" speed="13.59" pos="64.64" lane="1/3to0/3_0" slope="0.00"/>
        <vehicle id="2" x="146.96" y="401.65" angle="-90.00" type="DEFAULT_VEHTYPE" speed="12.22" pos="48.29" lane="1/2to0/2_0" slope="0.00"/>
        <vehicle id="3" x="362.43" y="201.65" angle="-90.00" type="DEFAULT_VEHTYPE" speed="9.41" pos="32.82" lane="2/1to1/1_0" slope="0.00"/>
        <vehicle id="4" x="372.90" y="401.65" angle="-90.00" type="DEFAULT_VEHTYPE" speed="6.71" pos="22.35" lane="2/2to1/2_0" slope="0.00"/>
        <vehicle id="5" x="577.24" y="201.65" angle="-90.00" type="DEFAULT_VEHTYPE" speed="6.38" pos="18.01" lane="3/1to2/1_0" slope="0.00"/>
        <vehicle id="6" x="601.65" y="10.63" angle="180.00" type="DEFAULT_VEHTYPE" speed="3.44" pos="10.63" lane="3/0to3/1_0" slope="0.00"/>
        <vehicle id="7" x="398.35" y="387.59" angle="0.00" type="DEFAULT_VEHTYPE" speed="2.56" pos="7.66" lane="2/2to2/1_0" slope="0.00"/>
        <vehicle id="8" x="794.90" y="201.65" angle="-90.00" type="DEFAULT_VEHTYPE" speed="0.00" pos="5.10" lane="4/1to3/1_0" slope="0.00"/>
    </timestep>
    <timestep time="9.00">
        <vehicle id="0" x="398.35" y="113.51" angle="0.00" type="DEFAULT_VEHTYPE" speed="13.01" pos="81.74" lane="2/1to2/0_0" slope="0.00"/>
        <vehicle id="1" x="117.15" y="601.65" angle="-90.00" type="DEFAULT_VEHTYPE" speed="13.47" pos="78.10" lane="1/3to0/3_0" slope="0.00"/>
        <vehicle id="2" x="133.23" y="401.65" angle="-90.00" type="DEFAULT_VEHTYPE" speed="13.73" pos="62.02" lane="1/2to0/2_0" slope="0.00"/>
        <vehicle id="3" x="350.58" y="201.65" angle="-90.00" type="DEFAULT_VEHTYPE" speed="11.85" pos="44.67" lane="2/1to1/1_0" slope="0.00"/>
        <vehicle id="4" x="364.12" y="401.65" angle="-90.00" type="DEFAULT_VEHTYPE" speed="8.77" pos="31.13" lane="2/2to1/2_0" slope="0.00"/>
        <vehicle id="5" x="569.52" y="201.65" angle="-90.00" type="DEFAULT_VEHTYPE" speed="7.73" pos="25.73" lane="3/1to2/1_0" slope="0.00"/>
        <vehicle id="6" x="601.65" y="16.32" angle="180.00" type="DEFAULT_VEHTYPE" speed="5.70" pos="16.32" lane="3/0to3/1_0" slope="0.00"/>
        <vehicle id="7" x="398.35" y="382.72" angle="0.00" type="DEFAULT_VEHTYPE" speed="4.87" pos="12.53" lane="2/2to2/1_0" slope="0.00"/>
        <vehicle id="8" x="792.52" y="201.65" angle="-90.00" type="DEFAULT_VEHTYPE" speed="2.38" pos="7.48" lane="4/1to3/1_0" slope="0.00"/>
        <vehicle id="9" x="209.85" y="398.35" angle="90.00" type="DEFAULT_VEHTYPE" speed="0.00" pos="5.10" lane="1/2to2/2_0" slope="0.00"/>
    </timestep>
    <timestep time="10.00">
        <vehicle id="0" x="398.35" y="100.35" angle="0.00" type="DEFAULT_VEHTYPE" speed="13.16" pos="94.90" lane="2/1to2/0_0" slope="0.00"/>
        <vehicle id="1" x="103.56" y="601.65" angle="-90.00" type="DEFAULT_VEHTYPE" speed="13.59" pos="91.69" lane="1/3to0/3_0" slope="0.00"/>
        <vehicle id="10" x="209.85" y="198.35" angle="90.00" type="DEFAULT_VEHTYPE" speed="0.00" pos="5.10" lane="1/1to2/1_0" slope="0.00"/>
        <vehicle id="2" x="120.39" y="401.65" angle="-90.00" type="DEFAULT_VEHTYPE" speed="12.84" pos="74.86" lane="1/2to0/2_0" slope="0.00"/>
        <vehicle id="3" x="336.80" y="201.65" angle="-90.00" type="DEFAULT_VEHTYPE" speed="13.78" pos="58.45" lane="2/1to1/1_0" slope="0.00"/>
        <vehicle id="4" x="353.62" y="401.65" angle="-90.00" type="DEFAULT_VEHTYPE" speed="10.51" pos="41.63" lane="2/2to1/2_0" slope="0.00"/>
        <vehicle id="5" x="560.12" y="201.65" angle="-90.00" type="DEFAULT_VEHTYPE" speed="9.40" pos="35.13" lane="3/1to2/1_0" slope="0.00"/>
        <vehicle id="6" x="601.65" y="23.85" angle="180.00" type="DEFAULT_VEHTYPE" speed="7.52" pos="23.85" lane="3/0to3/1_0" slope="0.00"/>
        <vehicle id="7" x="398.35" y="376.15" angle="0.00" type="DEFAULT_VEHTYPE" speed="6.57" pos="19.10" lane="2/2to2/1_0" slope="0.00"/>
        <vehicle id="8" x="788.75" y="201.65" angle="-90.00" type="DEFAULT_VEHTYPE" speed="3.77" pos="11.25" lane="4/1to3/1_0" slope="0.00"/>
        <vehicle id="9" x="211.20" y="398.35" angle="90.00" type="DEFAULT_VEHTYPE" speed="1.35" pos="6.45" lane="1/2to2/2_0" slope="0.00"/>
    </timestep>
    <timestep time="11.00">
        <vehicle id="0" x="398.35" y="86.85" angle="0.00" type="DEFAULT_VEHTYPE" speed="13.50" pos="108.40" lane="2/1to2/0_0" slope="0.00"/>
        <vehicle id="1" x="90.30" y="601.65" angle="-90.00" type="DEFAULT_VEHTYPE" speed="13.26" pos="104.95" lane="1/3to0/3_0" slope="0.00"/>
        <vehicle id="10" x="211.74" y="198.35" angle="90.00" type="DEFAULT_VEHTYPE" speed="1.89" pos="6.99" lane="1/1to2/1_0" slope="0.00"/>
        <vehicle id="11" x="5.10" y="198.35" angle="90.00" type="DEFAULT_VEHTYPE" speed="0.00" pos="5.10" lane="0/1to1/1_0" slope="0.00"/>
        <vehicle id="2" x="107.24" y="401.65" angle="-90.00" type="DEFAULT_VEHTYPE" speed="13.15" pos="88.01" lane="1/2to0/2_0" slope="0.00"/>
        <vehicle id="3" x="323.12" y="201.65" angle="-90.00" type="DEFAULT_VEHTYPE" speed="13.68" pos="72.13" lane="2/1to1/1_0" slope="0.00"/>
        <vehicle id="4" x="341.75" y="401.65" angle="-90.00" type="DEFAULT_VEHTYPE" speed="11.87" pos="53.50" lane="2/2to1/2_0" slope="0.00"/>
        <vehicle id="5" x="548.37" y="201.65" angle="-90.00" type="DEFAULT_VEHTYPE" speed="11.76" pos="46.88" lane="3/1to2/1_0" slope="0.00"/>
        <vehicle id="6" x="601.65" y="33.13" angle="180.00" type="DEFAULT_VEHTYPE" speed="9.29" pos="33.13" lane="3/0to3/1_0" slope="0.00"/>
        <vehicle id="7" x="398.35" y="367.17" angle="0.00" type="DEFAULT_VEHTYPE" speed="8.97" pos="28.08" lane="2/2to2/1_0" slope="0.00"/>
        <vehicle id="8" x="782.42" y="201.65" angle="-90.00" type="DEFAULT_VEHTYPE" speed="6.33" pos="17.58" lane="4/1to3/1_0" slope="0.00"/>
        <vehicle id="9" x="214.79" y="398.35" angle="90.00" type="DEFAULT_VEHTYPE" speed="3.59" pos="10.04" lane="1/2to2/2_0" slope="0.00"/>
    </timestep>
    <timestep time="12.00">
        <vehicle id="0" x="398.35" y="74.16" angle="0.00" type="DEFAULT_VEHTYPE" speed="12.69" pos="121.09" lane="2/1to2/0_0" slope="0.00"/>
        <vehicle id="1" x="76.49" y="601.65" angle="-90.00" type="DEFAULT_VEHTYPE" speed="13.81" pos="118.76" lane="1/3to0/3_0" slope="0.00"/>
        <vehicle id="10" x="216.17" y="198.35" angle="90.00" type="DEFAULT_VEHTYPE" speed="4.43" pos="11.42" lane="1/1to2/1_0" slope="0.00"/>
        <vehicle id="11" x="7.60" y="198.35" angle="90.00" type="DEFAULT_VEHTYPE" speed="2.50" pos="7.60" lane="0/1to1/1_0" slope="0.00"/>
        <vehicle id="12" x="209.85" y="598.35" angle="90.00" type="DEFAULT_VEHTYPE" speed="0.00" pos="5.10" lane="1/3to2/3_0" slope="0.00"/>
        <vehicle id="2" x="93.57" y="401.65" angle="-90.00" type="DEFAULT_VEHTYPE" speed="13.67" pos="101.68" lane="1/2to0/2_0" slope="0.00"/>
        <vehicle id="3" x="310.51" y="201.65" angle="-90.00" type="DEFAULT_VEHTYPE" speed="12.61" pos="84.74" lane="2/1to1/1_0" slope="0.00"/>
        <vehicle id="4" x="328.26" y="401.65" angle="-90.00" type="DEFAULT_VEHTYPE" speed="13.49" pos="66.99" lane="2/2to1/2_0" slope="0.00"/>
        <vehicle id="5" x="534.91" y="201.65" angle="-90.00" type="DEFAULT_VEHTYPE" speed="13.46" pos="60.34" lane="3/1to2/1_0" slope="0.00"/>
        <vehicle id="6" x="601.65" y="44.91" angle="180.00" type="DEFAULT_VEHTYPE" speed="11.78" pos="44.91" lane="3/0to3/1_0" slope="0.00"/>
        <vehicle id="7" x="398.35" y="356.33" angle="0.00" type="DEFAULT_VEHTYPE" speed="10.84" pos="38.92" lane="2/2to2/1_0" slope="0.00"/>
        <vehicle id="8" x="773.76" y="201.65" angle="-90.00" type="DEFAULT_VEHTYPE" speed="8.66" pos="26.24" lane="4/1to3/1_0" slope="0.00"/>
        <vehicle id="9" x="220.75" y="398.35" angle="90.00" type="DEFAULT_VEHTYPE" speed="5.95" pos="16.00" lane="1/2to2/2_0" slope="0.00"/>
    </timestep>
    <timestep time="13.00">
        <vehicle id="0" x="398.35" y="61.20" angle="0.00" type="DEFAULT_VEHTYPE" speed="12.96" pos="134.05" lane="2/1to2/0_0" slope="0.00"/>
        <vehicle id="1" x="63.04" y="601.65" angle="-90.00" type="DEFAULT_VEHTYPE" speed="13.44" pos="132.21" lane="1/3to0/3_0" slope="0.00"/>
        <vehicle id="10" x="222.44" y="198.35" angle="90.00" type="DEFAULT_VEHTYPE" speed="6.27" pos="17.69" lane="1/1to2/1_0" slope="0.00"/>
        <vehicle id="11" x="12.15" y="198.35" angle="90.00" type="DEFAULT_VEHTYPE" speed="4.55" pos="12.15" lane="0/1to1/1_0" slope="0.00"/>
        <vehicle id="12" x="211.98" y="598.35" angle="90.00" type="DEFAULT_VEHTYPE" speed="2.13" pos="7.23" lane="1/3to2/3_0" slope="0.00"/>
        <vehicle id="13" x="198.35" y="190.15" angle="0.00" type="DEFAULT_VEHTYPE" speed="0.00" pos="5.10" lane="1/1to1/0_0" slope="0.00"/>
        <vehicle id="2" x="80.05" y="401.65" angle="-90.00" type="DEFAULT_VEHTYPE" speed="13.52" pos="115.20" lane="1/2to0/2_0" slope="0.00"/>
        <vehicle id="3" x="296.89" y="201.65" angle="-90.00" type="DEFAULT_VEHTYPE" speed="13.62" pos="98.36" lane="2/1to1/1_0" slope="0.00"/>
        <vehicle id="4" x="315.24" y="401.65" angle="-90.00" type="DEFAULT_VEHTYPE" speed="13.02" pos="80.01" lane="2/2to1/2_0" slope="0.00"/>
        <vehicle id="5" x="521.56" y="201.65" angle="-90.00" type="DEFAULT_VEHTYPE" speed="13.35" pos="73.69" lane="3/1to2/1_0" slope="0.00"/>
        <vehicle id="6" x="601.65" y="58.01" angle="180.00" type="DEFAULT_VEHTYPE" speed="13.10" pos="58.01" lane="3/0to3/1_0" slope="0.00"/>
        <vehicle id="7" x="398.35" y="343.40" angle="0.00" type="DEFAULT_VEHTYPE" speed="12.93" pos="51.85" lane="2/2to2/1_0" slope="0.00"/>
        <vehicle id="8" x="763.17" y="201.65" angle="-90.00" type="DEFAULT_VEHTYPE" speed="10.59" pos="36.83" lane="4/1to3/1_0" slope="0.00"/>
        <vehicle id="9" x="228.23" y="398.35" angle="90.00" type="DEFAULT_VEHTYPE" speed="7.48" pos="23.48" lane="1/2to2/2_0" slope="0.00"/>
    </timestep>
    <timestep time="14.00">
        <vehicle id="0" x="398.35" y="48.57" angle="0.00" type="DEFAULT_VEHTYPE" speed="12.63" pos="146.68" lane="2/1to2/0_0" slope="0.00"/>
        <vehicle id="1" x="49.18" y="601.65" angle="-90.00" type="DEFAULT_VEHTYPE" speed="13.87" pos="146.07" lane="1/3to0/3_0" slope="0.00"/>
        <vehicle id="10" x="230.71" y="198.35" angle="90.00" type="DEFAULT_VEHTYPE" speed="8.28" pos="25.96" lane="1/1to2/1_0" slope="0.00"/>
        <vehicle id="11" x="18.17" y="198.35" angle="90.00" type="DEFAULT_VEHTYPE" speed="6.02" pos="18.17" lane="0/1to1/1_0" slope="0.00"/>
        <vehicle id="12" x="215.95" y="598.35" angle="90.00" type="DEFAULT_VEHTYPE" speed="3.98" pos="11.20" lane="1/3to2/3_0" slope="0.00"/>
        <vehicle id="13" x="198.35" y="188.81" angle="0.00" type="DEFAULT_VEHTYPE" speed="1.34" pos="6.44" lane="1/1to1/0_0" slope="0.00"/>
        <vehicle id="14" x="401.65" y="409.85" angle="180.00" type="DEFAULT_VEHTYPE" speed="0.00" pos="5.10" lane="2/2to2/3_0" slope="0.00"/>
        <vehicle id="2" x="66.54" y="401.65" angle="-90.00" type="DEFAULT_VEHTYPE" speed="13.51" pos="128.71" lane="1/2to0/2_0" slope="0.00"/>
        <vehicle id="3" x="283.12" y="201.65" angle="-90.00" type="DEFAULT_VEHTYPE" speed="13.76" pos="112.13" lane="2/1to1/1_0" slope="0.00"/>
        <vehicle id="4" x="302.48" y="401.65" angle="-90.00" type="DEFAULT_VEHTYPE" speed="12.76" pos="92.77" lane="2/2to1/2_0" slope="0.00"/>
        <vehicle id="5" x="508.47" y="201.65" angle="-90.00" type="DEFAULT_VEHTYPE" speed="13.09" pos="86.78" lane="3/1to2/1_0" slope="0.00"/>
        <vehicle id="6" x="601.65" y="70.71" angle="180.00" type="DEFAULT_VEHTYPE" speed="12.70" pos="70.71" lane="3/0to3/1_0" slope="0.00"/>
        <vehicle id="7" x="398.35" y="330.14" angle="0.00" type="DEFAULT_VEHTYPE" speed="13.26" pos="65.11" lane="2/2to2/1_0" slope="0.00"/>
        <vehicle id="8" x="750.53" y="201.65" angle="-90.00" type="DEFAULT_VEHTYPE" speed="12.64" pos="49.47" lane="4/1to3/1_0" slope="0.00"/>
        <vehicle id="9" x="237.39" y="398.35" angle="90.00" type="DEFAULT_VEHTYPE" speed="9.16" pos="32.64" lane="1/2to2/2_0" slope="0.00"/>
    </timestep>
    <timestep time="15.00">
        <vehicle id="0" x="398.35" y="35.05" angle="0.00" type="DEFAULT_VEHTYPE" speed="13.51" pos="160.20" lane="2/1to2/0_0" slope="0.00"/>
        <vehicle id="1" x="35.81" y="601.65" angle="-90.00" type="DEFAULT_VEHTYPE" speed="13.37" pos="159.44" lane="1/3to0/3_0" slope="0.00"/>
        <vehicle id="10" x="241.42" y="198.35" angle="90.00" type="DEFAULT_VEHTYPE" speed="10.71" pos="36.67" lane="1/1to2/1_0" slope="0.00"/>
        <vehicle id="11" x="25.86" y="198.35" angle="90.00" type="DEFAULT_VEHTYPE" speed="7.69" pos="25.86" lane="0/1to1/1_0" slope="0.00"/>
        <vehicle id="12" x="222.35" y="598.35" angle="90.00" type="DEFAULT_VEHTYPE" speed="6.40" pos="17.60" lane="1/3to2/3_0" slope="0.00"/>
        <vehicle id="13" x="198.35" y="186.02" angle="0.00" type="DEFAULT_VEHTYPE" speed="2.79" pos="9.23" lane="1/1to1/0_0" slope="0.00"/>
        <vehicle id="14" x="401.65" y="411.97" angle="180.00" type="DEFAULT_VEHTYPE" speed="2.12" pos="7.22" lane="2/2to2/3_0" slope="0.00"/>
        <vehicle id="15" x="590.15" y="201.65" angle="-90.00" type="DEFAULT_VEHTYPE" speed="0.00" pos="5.10" lane="3/1to2/1_0" slope="0.00"/>
        <vehicle id="2" x="53.09" y="401.65" angle="-90.00" type="DEFAULT_VEHTYPE" speed="13.45" pos="142.16" lane="1/2to0/2_0" slope="0.00"/>
        <vehicle id="3" x="270.13" y="201.65" angle="-90.00" type="DEFAULT_VEHTYPE" speed="12.99" pos="125.12" lane="2/1to1/1_0" slope="0.00"/>
        <vehicle id="4" x="288.71" y="401.65" angle="-90.00" type="DEFAULT_VEHTYPE" speed="13.77" pos="106.54" lane="2/2to1/2_0" slope="0.00"/>
        <vehicle id="5" x="495.18" y="201.65" angle="-90.00" type="DEFAULT_VEHTYPE" speed="13.29" pos="100.07" lane="3/1to2/1_0" slope="0.00"/>
        <vehicle id="6" x="601.65" y="83.75" angle="180.00" type="DEFAULT_VEHTYPE" speed="13.04" pos="83.75" lane="3/0to3/1_0" slope="0.00"/>
        <vehicle id="7" x="398.35" y="317.26" angle="0.00" type="DEFAULT_VEHTYPE" speed="12.88" pos="77.99" lane="2/2to2/1_0" slope="0.00"/>
        <vehicle id="8" x="736.99" y="201.65" angle="-90.00" type="DEFAULT_VEHTYPE" speed="13.53" pos="63.01" lane="4/1to3/1_0" slope="0.00"/>
        <vehicle id="9" x="248.22" y="398.35" angle="90.00" type="DEFAULT_VEHTYPE" speed="10.83" pos="43.47" lane="1/2to2/2_0" slope="0.00"/>
    </timestep>
    <timestep time="16.00">
        <vehicle id="0" x="398.35" y="21.78" angle="0.00" type="DEFAULT_VEHTYPE" speed="13.28" pos="173.47" lane="2/1to2/0_0" slope="0.00"/>
        <vehicle id="1" x="21.96" y="601.65" angle="-90.00" type="DEFAULT_VEHTYPE" speed="13.84" pos="173.29" lane="1/3to0/3_0" slope="0.00"/>
        <vehicle id="10" x="253.97" y="198.35" angle="90.00" type="DEFAULT_VEHTYPE" speed="12.55" pos="49.22" lane="1/1to2/1_0" slope="0.00"/>
        <vehicle id="11" x="35.79" y="198.35" angle="90.00" type="DEFAULT_VEHTYPE" speed="9.93" pos="35.79" lane="0/1to1/1_0" slope="0.00"/>
        <vehicle id="12" x="230.85" y="598.35" angle="90.00" type="DEFAULT_VEHTYPE" speed="8.50" pos="26.10" lane="1/3to2/3_0" slope="0.00"/>
        <vehicle id="13" x="198.35" y="181.52" angle="0.00" type="DEFAULT_VEHTYPE" speed="4.51" pos="13.73" lane="1/1to1/0_0" slope="0.00"/>
        <vehicle id="14" x="401.65" y="415.91" angle="180.00" type="DEFAULT_VEHTYPE" speed="3.95" pos="11.16" lane="2/2to2/3_0" slope="0.00"/>
        <vehicle id="15" x="588.65" y="201.65" angle="-90.00" type="DEFAULT_VEHTYPE" speed="1.50" pos="6.60" lane="3/1to2/1_0" slope="0.00"/>
        <vehicle id="16" x="398.35" y="390.15" angle="0.00" type="DEFAULT_VEHTYPE" speed="0.00" pos="5.10" lane="2/2to2/1_0" slope="0.00"/>
        <vehicle id="2" x="39.70" y="401.65" angle="-90.00" type="DEFAULT_VEHTYPE" speed="13.39" pos="155.55" lane="1/2to0/2_0" slope="0.00"/>
        <vehicle id="3" x="257.11" y="201.65" angle="-90.00" type="DEFAULT_VEHTYPE" speed="13.02" pos="138.14" lane="2/1to1/1_0" slope="0.00"/>
        <vehicle id="4" x="276.08" y="401.65" angle="-90.00" type="DEFAULT_VEHTYPE" speed="12.63" pos="119.17" lane="2/2to1/2_0" slope="0.00"/>
        <vehicle id="5" x="481.48" y="201.65" angle="-90.00" type="DEFAULT_VEHTYPE" speed="13.70" pos="113.77" lane="3/1to2/1_0" slope="0.00"/>
        <vehicle id="6" x="601.65" y="96.47" angle="180.00" type="DEFAULT_VEHTYPE" speed="12.72" pos="96.47" lane="3/0to3/1_0" slope="0.00"/>
        <vehicle id="7" x="398.35" y="303.81" angle="0.00" type="DEFAULT_VEHTYPE" speed="13.45" pos="91.44" lane="2/2to2/1_0" slope="0.00"/>
        <vehicle id="8" x="723.95" y="201.65" angle="-90.00" type="DEFAULT_VEHTYPE" speed="13.04" pos="76.05" lane="4/1to3/1_0" slope="0.00"/>
        <vehicle id="9" x="261.09" y="398.35" angle="90.00" type="DEFAULT_VEHTYPE" speed="12.87" pos="56.34" lane="1/2to2/2_0" slope="0.00"/>
    </timestep>
    <timestep time="17.00">
        <vehicle id="0" x="398.35" y="8.62" angle="0.00" type="DEFAULT_VEHTYPE" speed="13.15" pos="186.63" lane="2/1to2/0_0" slope="0.00"/>
        <vehicle id="1" x="8.20" y="601.65" angle="-90.00" type="DEFAULT_VEHTYPE" speed="13.77" pos="187.05" lane="1/3to0/3_0" slope="0.00"/>
        <vehicle id="10" x="267.65" y="198.35" angle="90.00" type="DEFAULT_VEHTYPE" speed="13.68" pos="62.90" lane="1/1to2/1_0" slope="0.00"/>
        <vehicle id="11" x="47.87" y="198.35" angle="90.00" type="DEFAULT_VEHTYPE" speed="12.08" pos="47.87" lane="0/1to1/1_0" slope="0.00"/>
        <vehicle id="12" x="240.92" y="598.35" angle="90.00" type="DEFAULT_VEHTYPE" speed="10.07" pos="36.17" lane="1/3to2/3_0" slope="0.00"/>
        <vehicle id="13" x="198.35" y="175.02" angle="0.00" type="DEFAULT_VEHTYPE" speed="6.49" pos="20.23" lane="1/1to1/0_0" slope="0.00"/>
        <vehicle id="14" x="401.65" y="422.02" angle="180.00" type="DEFAULT_VEHTYPE" speed="6.11" pos="17.27" lane="2/2to2/3_0" slope="0.00"/>
        <vehicle id="15" x="585.78" y="201.65" angle="-90.00" type="DEFAULT_VEHTYPE" speed="2.87" pos="9.47" lane="3/1to2/1_0" slope="0.00"/>
        <vehicle id="16" x="398.35" y="388.83" angle="0.00" type="DEFAULT_VEHTYPE" speed="1.32" pos="6.42" lane="2/2to2/1_0" slope="0.00"/>
        <vehicle id="17" x="190.15" y="401.65" angle="-90.00" type="DEFAULT_VEHTYPE" speed="0.00" pos="5.10" lane="1/2to0/2_0" slope="0.00"/>
        <vehicle id="2" x="26.91" y="401.65" angle="-90.00" type="DEFAULT_VEHTYPE" speed="12.79" pos="168.34" lane="1/2to0/2_0" slope="0.00"/>
        <vehicle id="3" x="244.04" y="201.65" angle="-90.00" type="DEFAULT_VEHTYPE" speed="13.07" pos="151.21" lane="2/1to1/1_0" slope="0.00"/>
        <vehicle id="4" x="263.25" y="401.65" angle="-90.00" type="DEFAULT_VEHTYPE" speed="12.83" pos="132.00" lane="2/2to1/2_0" slope="0.00"/>
        <vehicle id="5" x="468.29" y="201.65" angle="-90.00" type="DEFAULT_VEHTYPE" speed="13.19" pos="126.96" lane="3/1to2/1_0" slope="0.00"/>
        <vehicle id="6" x="601.65" y="110.35" angle="180.00" type="DEFAULT_VEHTYPE" speed="13.88" pos="110.35" lane="3/0to3/1_0" slope="0.00"/>
        <vehicle id="7" x="398.35" y="291.06" angle="0.00" type="DEFAULT_VEHTYPE" speed="12.75" pos="104.19" lane="2/2to2/1_0" slope="0.00"/>
        <vehicle id="8" x="710.68" y="201.65" angle="-90.00" type="DEFAULT_VEHTYPE" speed="13.27" pos="89.32" lane="4/1to3/1_0" slope="0.00"/>
        <vehicle id="9" x="273.81" y="398.35" angle="90.00" type="DEFAULT_VEHTYPE" speed="12.73" pos="69.06" lane="1/2to2/2_0" slope="0.00"/>
    </timestep>
    <timestep time="18.00">
        <vehicle id="0" x="401.65" y="0.46" angle="102.31" type="DEFAULT_VEHTYPE" speed="13.90" pos="0.46" lane="2/0to2/1_0" slope="0.00"/>
        <vehicle id="1" x="0.03" y="598.35" angle="-2.25" type="DEFAULT_VEHTYPE" speed="13.04" pos="0.03" lane="0/3to1/3_0" slope="0.00"/>
        <vehicle id="10" x="280.34" y="198.35" angle="90.00" type="DEFAULT_VEHTYPE" speed="12.68" pos="75.59" lane="1/1to2/1_0" slope="0.00"/>
        <vehicle id="11" x="60.75" y="198.35" angle="90.00" type="DEFAULT_VEHTYPE" speed="12.88" pos="60.75" lane="0/1to1/1_0" slope="0.00"/>
        <vehicle id="12" x="252.98" y="598.35" angle="90.00" type="DEFAULT_VEHTYPE" speed="12.06" pos="48.23" lane="1/3to2/3_0" slope="0.00"/>
        <vehicle id="13" x="198.35" y="167.03" angle="0.00" type="DEFAULT_VEHTYPE" speed="8.00" pos="28.22" lane="1/1to1/0_0" slope="0.00"/>
        <vehicle id="14" x="401.65" y="430.29" angle="180.00" type="DEFAULT_VEHTYPE" speed="8.27" pos="25.54" lane="2/2to2/3_0" slope="0.00"/>
        <vehicle id="15" x="580.84" y="201.65" angle="-90.00" type="DEFAULT_VEHTYPE" speed="4.94" pos="14.41" lane="3/1to2/1_0" slope="0.00"/>
        <vehicle id="16" x="398.35" y="385.97" angle="0.00" type="DEFAULT_VEHTYPE" speed="2.86" pos="9.28" lane="2/2to2/1_0" slope="0.00"/>
        <vehicle id="17" x="188.74" y="401.65" angle="-90.00" type="DEFAULT_VEHTYPE" speed="1.41" pos="6.51" lane="1/2to0/2_0" slope="0.00"/>
        <vehicle id="18" x="209.85" y="398.35" angle="90.00" type="DEFAULT_VEHTYPE" speed="0.00" pos="5.10" lane="1/2to2/2_0" slope="0.00"/>
        <vehicle id="2" x="13.03" y="401.65" angle="-90.00" type="DEFAULT_VEHTYPE" speed="13.88" pos="182.22" lane="1/2to0/2_0" slope="0.00"/>
        <vehicle id="3" x="230.77" y="201.65" angle="-90.00" type="DEFAULT_VEHTYPE" speed="13.27" pos="164.48" lane="2/1to1/1_0" slope="0.00"/>
        <vehicle id="4" x="250.53" y="401.65" angle="-90.00" type="DEFAULT_VEHTYPE" speed="12.72" pos="144.72" lane="2/2to1/2_0" slope="0.00"/>
        <vehicle id="5" x="454.54" y="201.65" angle="-90.00" type="DEFAULT_VEHTYPE" speed="13.75" pos="140.71" lane="3/1to2/1_0" slope="0.00"/>
        <vehicle id="6" x="601.65" y="123.15" angle="180.00" type="DEFAULT_VEHTYPE" speed="12.79" pos="123.15" lane="3/0to3/1_0" slope="0.00"/>
        <vehicle id="7" x="398.35" y="277.67" angle="0.00" type="DEFAULT_VEHTYPE" speed="13.39" pos="117.58" lane="2/2to2/1_0" slope="0.00"/>
        <vehicle id="8" x="698.08" y="201.65" angle="-90.00" type="DEFAULT_VEHTYPE" speed="12.60" pos="101.92" lane="4/1to3/1_0" slope="0.00"/>
        <vehicle id="9" x="287.08" y="398.35" angle="90.00" type="DEFAULT_VEHTYPE" speed="13.27" pos="82.33" lane="1/2to2/2_0" slope="0.00"/>
    </timestep>
    <timestep time="19.00">
        <vehicle id="0" x="401.65" y="13.16" angle="180.00" type="DEFAULT_VEHTYPE" speed="12.70" pos="13.16" lane="2/0to2/1_0" slope="0.00"/>
        <vehicle id="1" x="13.51" y="598.35" angle="90.00" type="DEFAULT_VEHTYPE" speed="13.48" pos="13.51" lane="0/3to1/3_0" slope="0.00"/>
        <vehicle id="10" x="294.09" y="198.35" angle="90.00" type="DEFAULT_VEHTYPE" speed="13.75" pos="89.34" lane="1/1to2/1_0" slope="0.00"/>
        <vehicle id="11" x="74.52" y="198.35" angle="90.00" type="DEFAULT_VEHTYPE" speed="13.77" pos="74.52" lane="0/1to1/1_0" slope="0.00"/>
        <vehicle id="12" x="266.59" y="598.35" angle="90.00" type="DEFAULT_VEHTYPE" speed="13.61" pos="61.84" lane="1/3to2/3_0" slope="0.00"/>
        <vehicle id="13" x="198.35" y="156.72" angle="0.00" type="DEFAULT_VEHTYPE" speed="10.30" pos="38.53" lane="1/1to1/0_0" slope="0.00"/>
        <vehicle id="14" x="401.65" y="440.91" angle="180.00" type="DEFAULT_VEHTYPE" speed="10.62" pos="36.16" lane="2/2to2/3_0" slope="0.00"/>
        <vehicle id="15" x="574.24" y="201.65" angle="-90.00" type="DEFAULT_VEHTYPE" speed="6.60" pos="21.01" lane="3/1to2/1_0" slope="0.00"/>
        <vehicle id="16" x="398.35" y="381.55" angle="0.00" type="DEFAULT_VEHTYPE" speed="4.42" pos="13.70" lane="2/2to2/1_0" slope="0.00"/>
        <vehicle id="17" x="185.01" y="401.65" angle="-90.00" type="DEFAULT_VEHTYPE" speed="3.74" pos="10.24" lane="1/2to0/2_0" slope="0.00"/>
        <vehicle id="18" x="212.28" y="398.35" angle="90.00" type="DEFAULT_VEHTYPE" speed="2.43" pos="7.53" lane="1/2to2/2_0" slope="0.00"/>
        <vehicle id="19" x="409.85" y="598.35" angle="90.00" type="DEFAULT_VEHTYPE" speed="0.00" pos="5.10" lane="2/3to3/3_0" slope="0.00"/>
        <vehicle id="2" x="-0.56" y="401.28" angle="-85.64" type="DEFAULT_VEHTYPE" speed="13.70" pos="0.68" lane=":0/2_0_0" slope="0.00"/>
        <vehicle id="3" x="220.62" y="201.65" angle="-90.00" type="DEFAULT_VEHTYPE" speed="10.15" pos="174.63" lane="2/1to1/1_0" slope="0.00"/>
        <vehicle id="4" x="237.05" y="401.65" angle="-90.00" type="DEFAULT_VEHTYPE" speed="13.48" pos="158.20" lane="2/2to1/2_0" slope="0.00"/>
        <vehicle id="5" x="441.22" y="201.65" angle="-90.00" type="DEFAULT_VEHTYPE" speed="13.32" pos="154.03" lane="3/1to2/1_0" slope="0.00"/>
        <vehicle id="6" x="601.65" y="136.57" angle="180.00" type="DEFAULT_VEHTYPE" speed="13.42" pos="136.57" lane="3/0to3/1_0" slope="0.00"/>
        <vehicle id="7" x="398.35" y="263.98" angle="0.00" type="DEFAULT_VEHTYPE" speed="13.70" pos="131.27" lane="2/2to2/1_0" slope="0.00"/>
        <vehicle id="8" x="684.93" y="201.65" angle="-90.00" type="DEFAULT_VEHTYPE" speed="13.15" pos="115.07" lane="4/1to3/1_0" slope="0.00"/>
        <vehicle id="9" x="299.95" y="398.35" angle="90.00" type="DEFAULT_VEHTYPE" speed="12.87" pos="95.20" lane="1/2to2/2_0" slope="0.00"/>
    </timestep>
    <timestep time="20.00">
        <vehicle id="0" x="401.65" y="26.19" angle="180.00" type="DEFAULT_VEHTYPE" speed="13.03" pos="26.19" lane="2/0to2/1_0" slope="0.00"/>
        <vehicle id="1" x="27.25" y="598.35" angle="90.00" type="DEFAULT_VEHTYPE" speed="13.74" pos="27.25" lane="0/3to1/3_0" slope="0.00"/>
        <vehicle id="10" x="307.88" y="198.35" angle="90.00" type="DEFAULT_VEHTYPE" speed="13.79" pos="103.13" lane="1/1to2/1_0" slope="0.00"/>
        <vehicle id="11" x="87.68" y="198.35" angle="90.00" type="DEFAULT_VEHTYPE" speed="13.16" pos="87.68" lane="0/1to1/1_0" slope="0.00"/>
        <vehicle id="12" x="280.44" y="598.35" angle="90.00" type="DEFAULT_VEHTYPE" speed="13.85" pos="75.69" lane="1/3to2/3_0" slope="0.00"/>
        <vehicle id="13" x="198.35" y="144.80" angle="0.00" type="DEFAULT_VEHTYPE" speed="11.93" pos="50.45" lane="1/1to1/0_0" slope="0.00"/>
        <vehicle id="14" x="401.65" y="453.17" angle="180.00" type="DEFAULT_VEHTYPE" speed="12.26" pos="48.42" lane="2/2to2/3_0" slope="0.00"/>
        <vehicle id="15" x="565.29" y="201.65" angle="-90.00" type="DEFAULT_VEHTYPE" speed="8.95" pos="29.96" lane="3/1to2/1_0" slope="0.00"/>
        <vehicle id="16" x="398.35" y="374.82" angle="0.00" type="DEFAULT_VEHTYPE" speed="6.73" pos="20.43" lane="2/2to2/1_0" slope="0.00"/>
        <vehicle id="17" x="179.00" y="401.65" angle="-90.00" type="DEFAULT_VEHTYPE" speed="6.01" pos="16.25" lane="1/2to0/2_0" slope="0.00"/>
        <vehicle id="18" x="216.28" y="398.35" angle="90.00" type="DEFAULT_VEHTYPE" speed="4.00" pos="11.53" lane="1/2to2/2_0" slope="0.00"/>
        <vehicle id="19" x="412.44" y="598.35" angle="90.00" type="DEFAULT_VEHTYPE" speed="2.59" pos="7.69" lane="2/3to3/3_0" slope="0.00"/>
        <vehicle id="2" x="9.16" y="398.35" angle="90.00" type="DEFAULT_VEHTYPE" speed="13.31" pos="9.16" lane="0/2to1/2_0" slope="0.00"/>
        <vehicle id="20" x="201.65" y="609.85" angle="180.00" type="DEFAULT_VEHTYPE" speed="0.00" pos="5.10" lane="1/3to1/4_0" slope="0.00"/>
        <vehicle id="3" x="214.37" y="201.65" angle="-90.00" type="DEFAULT_VEHTYPE" speed="6.25" pos="180.88" lane="2/1to1/1_0" slope="0.00"/>
        <vehicle id="4" x="225.17" y="401.65" angle="-90.00" type="DEFAULT_VEHTYPE" speed="11.88" pos="170.08" lane="2/2to1/2_0" slope="0.00"/>
        <vehicle id="5" x="427.97" y="201.65" angle="-90.00" type="DEFAULT_VEHTYPE" speed="13.24" pos="167.28" lane="3/1to2/1_0" slope="0.00"/>
        <vehicle id="6" x="601.65" y="149.25" angle="180.00" type="DEFAULT_VEHTYPE" speed="12.68" pos="149.25" lane="3/0to3/1_0" slope="0.00"/>
        <vehicle id="7" x="398.35" y="251.27" angle="0.00" type="DEFAULT_VEHTYPE" speed="12.71" pos="143.98" lane="2/2to2/1_0" slope="0.00"/>
        <vehicle id="8" x="671.77" y="201.65" angle="-90.00" type="DEFAULT_VEHTYPE" speed="13.16" pos="128.23" lane="4/1to3/1_0" slope="0.00"/>
        <vehicle id="9" x="313.33" y="398.35" angle="90.00" type="DEFAULT_VEHTYPE" speed="13.38" pos="108.58" lane="1/2to2/2_0" slope="0.00"/>
    </timestep>
    <timestep time="21.00">
        <vehicle id="0" x="401.65" y="38.92" angle="180.00" type="DEFAULT_VEHTYPE" speed="12.72" pos="38.92" lane="2/0to2/1_0" slope="0.00"/>
        <vehicle id="1" x="40.86" y="598.35" angle="90.00" type="DEFAULT_VEHTYPE" speed="13.61" pos="40.86" lane="0/3to1/3_0" slope="0.00"/>
        <vehicle id="10" x="321.76" y="198.35" angle="90.00" type="DEFAULT_VEHTYPE" speed="13.88" pos="117.01" lane="1/1to2/1_0" slope="0.00"/>
        <vehicle id="11" x="100.83" y="198.35" angle="90.00" type="DEFAULT_VEHTYPE" speed="13.15" pos="100.83" lane="0/1to1/1_0" slope="0.00"/>
        <vehicle id="12" x="294.04" y="598.35" angle="90.00" type="DEFAULT_VEHTYPE" speed="13.60" pos="89.29" lane="1/3to2/3_0" slope="0.00"/>
        <vehicle id="13" x="198.35" y="131.61" angle="0.00" type="DEFAULT_VEHTYPE" speed="13.19" pos="63.64" lane="1/1to1/0_0" slope="0.00"/>
        <vehicle id="14" x="401.65" y="465.84" angle="180.00" type="DEFAULT_VEHTYPE" speed="12.68" pos="61.09" lane="2/2to2/3_0" slope="0.00"/>
        <vehicle id="15" x="554.77" y="201.65" angle="-90.00" type="DEFAULT_VEHTYPE" speed="10.52" pos="40.48" lane="3/1to2/1_0" slope="0.00"/>
        <vehicle id="16" x="398.35" y="365.74" angle="0.00" type="DEFAULT_VEHTYPE" speed="9.08" pos="29.51" lane="2/2to2/1_0" slope="0.00"/>
        <vehicle id="17" x="171.15" y="401.65" angle="-90.00" type="DEFAULT_VEHTYPE" speed="7.85" pos="24.10" lane="1/2to0/2_0" slope="0.00"/>
        <vehicle id="18" x="222.74" y="398.35" angle="90.00" type="DEFAULT_VEHTYPE" speed="6.46" pos="17.99" lane="1/2to2/2_0" slope="0.00"/>
        <vehicle id="19" x="416.44" y="598.35" angle="90.00" type="DEFAULT_VEHTYPE" speed="4.00" pos="11.69" lane="2/3to3/3_0" slope="0.00"/>
        <vehicle id="2" x="22.76" y="398.35" angle="90.00" type="DEFAULT_VEHTYPE" speed="13.60" pos="22.76" lane="0/2to1/2_0" slope="0.00"/>
        <vehicle id="20" x="201.65" y="612.21" angle="180.00" type="DEFAULT_VEHTYPE" speed="2.36" pos="7.46" lane="1/3to1/4_0" slope="0.00"/>
        <vehicle id="21" x="190.15" y="201.65" angle="-90.00" type="DEFAULT_VEHTYPE" speed="0.00" pos="5.10" lane="1/1to0/1_0" slope="0.00"/>
        <vehicle id="3" x="209.80" y="201.65" angle="-90.00" type="DEFAULT_VEHTYPE" speed="4.57" pos="185.45" lane="2/1to1/1_0" slope="0.00"/>
        <vehicle id="4" x="216.76" y="401.65" angle="-90.00" type="DEFAULT_VEHTYPE" speed="8.42" pos="178.49" lane="2/2to1/2_0" slope="0.00"/>
        <vehicle id="5" x="419.06" y="201.65" angle="-90.00" type="DEFAULT_VEHTYPE" speed="8.92" pos="176.19" lane="3/1to2/1_0" slope="0.00"/>
        <vehicle id="6" x="601.65" y="162.36" angle="180.00" type="DEFAULT_VEHTYPE" speed="13.11" pos="162.36" lane="3/0to3/1_0" slope="0.00"/>
        <vehicle id="7" x="398.35" y="238.65" angle="0.00" type="DEFAULT_VEHTYPE" speed="12.62" pos="156.60" lane="2/2to2/1_0" slope="0.00"/>
        <vehicle id="8" x="658.38" y="201.65" angle="-90.00" type="DEFAULT_VEHTYPE" speed="13.39" pos="141.62" lane="4/1to3/1_0" slope="0.00"/>
        <vehicle id="9" x="326.54" y="398.35" angle="90.00" type="DEFAULT_VEHTYPE" speed="13.21" pos="121.79" lane="1/2to2/2_0" slope="0.00"/>
    </timestep>
    <timestep time="22.00">
        <vehicle id="0" x="401.65" y="52.56" angle="180.00" type="DEFAULT_VEHTYPE" speed="13.64" pos="52.56" lane="2/0to2/1_0" slope="0.00"/>
        <vehicle id="1" x="54.32" y="598.35" angle="90.00" type="DEFAULT_VEHTYPE" speed="13.45" pos="54.32" lane="0/3to1/3_0" slope="0.00"/>
        <vehicle id="10" x="334.91" y="198.35" angle="90.00" type="DEFAULT_VEHTYPE" speed="13.15" pos="130.16" lane="1/1to2/1_0" slope="0.00"/>
        <vehicle id="11" x="114.66" y="198.35" angle="90.00" type="DEFAULT_VEHTYPE" speed="13.84" pos="114.66" lane="0/1to1/1_0" slope="0.00"/>
        <vehicle id="12" x="307.90" y="598.35" angle="90.00" type="DEFAULT_VEHTYPE" speed="13.86" pos="103.15" lane="1/3to2/3_0" slope="0.00"/>
        <vehicle id="13" x="198.35" y="117.75" angle="0.00" type="DEFAULT_VEHTYPE" speed="13.86" pos="77.50" lane="1/1to1/0_0" slope="0.00"/>
        <vehicle id="14" x="401.65" y="478.55" angle="180.00" type="DEFAULT_VEHTYPE" speed="12.71" pos="73.80" lane="2/2to2/3_0" slope="0.00"/>
        <vehicle id="15" x="542.05" y="201.65" angle="-90.00" type="DEFAULT_VEHTYPE" speed="12.73" pos="53.20" lane="3/1to2/1_0" slope="0.00"/>
        <vehicle id="16" x="398.35" y="354.46" angle="0.00" type="DEFAULT_VEHTYPE" speed="11.28" pos="40.79" lane="2/2to2/1_0" slope="0.00"/>
        <vehicle id="17" x="161.16" y="401.65" angle="-90.00" type="DEFAULT_VEHTYPE" speed="9.99" pos="34.09" lane="1/2to0/2_0" slope="0.00"/>
        <vehicle id="18" x="231.78" y="398.35" angle="90.00" type="DEFAULT_VEHTYPE" speed="9.04" pos="27.03" lane="1/2to2/2_0" slope="0.00"/>
        <vehicle id="19" x="422.67" y="598.35" angle="90.00" type="DEFAULT_VEHTYPE" speed="6.23" pos="17.92" lane="2/3to3/3_0" slope="0.00"/>
        <vehicle id="2" x="36.61" y="398.35" angle="90.00" type="DEFAULT_VEHTYPE" speed="13.85" pos="36.61" lane="0/2to1/2_0" slope="0.00"/>
        <vehicle id="20" x="201.65" y="616.13" angle="180.00" type="DEFAULT_VEHTYPE" speed="3.92" pos="11.38" lane="1/3to1/4_0" slope="0.00"/>
        <vehicle id="21" x="188.26" y="201.65" angle="-90.00" type="DEFAULT_VEHTYPE" speed="1.89" pos="6.99" lane="1/1to0/1_0" slope="0.00"/>
        <vehicle id="22" x="409.85" y="598.35" angle="90.00" type="DEFAULT_VEHTYPE" speed="0.00" pos="5.10" lane="2/3to3/3_0" slope="0.00"/>
        <vehicle id="3" x="203.04" y="202.05" angle="-94.67" type="DEFAULT_VEHTYPE" speed="6.83" pos="1.78" lane=":1/1_4_0" slope="0.00"/>
        <vehicle id="4" x="211.55" y="401.65" angle="-90.00" type="DEFAULT_VEHTYPE" speed="5.21" pos="183.70" lane="2/2to1/2_0" slope="0.00"/>
        <vehicle id="5" x="413.30" y="201.65" angle="-90.00" type="DEFAULT_VEHTYPE" speed="5.76" pos="181.95" lane="3/1to2/1_0" slope="0.00"/>
        <vehicle id="6" x="601.65" y="173.92" angle="180.00" type="DEFAULT_VEHTYPE" speed="11.56" pos="173.92" lane="3/0to3/1_0" slope="0.00"/>
        <vehicle id="7" x="398.35" y="226.96" angle="0.00" type="DEFAULT_VEHTYPE" speed="11.68" pos="168.29" lane="2/2to2/1_0" slope="0.00"/>
        <vehicle id="8" x="644.96" y="201.65" angle="-90.00" type="DEFAULT_VEHTYPE" speed="13.42" pos="155.04" lane="4/1to3/1_0" slope="0.00"/>
        <vehicle id="9" x="340.17" y="398.35" angle="90.00" type="DEFAULT_VEHTYPE" speed="13.62" pos="135.42" lane="1/2to2/2_0" slope="0.00"/>
    </timestep>
    <timestep time="23.00">
        <vehicle id="0" x="401.65" y="65.16" angle="180.00" type="DEFAULT_VEHTYPE" speed="12.61" pos="65.16" lane="2/0to2/1_0" slope="0.00"/>
        <vehicle id="1" x="67.06" y="598.35" angle="90.00" type="DEFAULT_VEHTYPE" speed="12.74" pos="67.06" lane="0/3to1/3_0" slope="0.00"/>
        <vehicle id="10" x="348.62" y="198.35" angle="90.00" type="DEFAULT_VEHTYPE" speed="13.70" pos="143.87" lane="1/1to2/1_0" slope="0.00"/>
        <vehicle id="11" x="128.28" y="198.35" angle="90.00" type="DEFAULT_VEHTYPE" speed="13.62" pos="128.28" lane="0/1to1/1_0" slope="0.00"/>
        <vehicle id="12" x="321.39" y="598.35" angle="90.00" type="DEFAULT_VEHTYPE" speed="13.49" pos="116.64" lane="1/3to2/3_0" slope="0.00"/>
        <vehicle id="13" x="198.35" y="104.70" angle="0.00" type="DEFAULT_VEHTYPE" speed="13.05" pos="90.55" lane="1/1to1/0_0" slope="0.00"/>
        <vehicle id="14" x="401.65" y="492.14" angle="180.00" type="DEFAULT_VEHTYPE" speed="13.59" pos="87.39" lane="2/2to2/3_0" slope="0.00"/>
        <vehicle id="15" x="528.77" y="201.65" angle="-90.00" type="DEFAULT_VEHTYPE" speed="13.28" pos="66.48" lane="3/1to2/1_0" slope="0.00"/>
        <vehicle id="16" x="398.35" y="341.20" angle="0.00" type="DEFAULT_VEHTYPE" speed="13.26" pos="54.05" lane="2/2to2/1_0" slope="0.00"/>
        <vehicle id="17" x="149.32" y="401.65" angle="-90.00" type="DEFAULT_VEHTYPE" speed="11.84" pos="45.93" lane="1/2to0/2_0" slope="0.00"/>
        <vehicle id="18" x="242.27" y="398.35" angle="90.00" type="DEFAULT_VEHTYPE" speed="10.49" pos="37.52" lane="1/2to2/2_0" slope="0.00"/>
        <vehicle id="19" x="431.44" y="598.35" angle="90.00" type="DEFAULT_VEHTYPE" speed="8.77" pos="26.69" lane="2/3to3/3_0" slope="0.00"/>
        <vehicle id="2" x="49.32" y="398.35" angle="90.00" type="DEFAULT_VEHTYPE" speed="12.71" pos="49.32" lane="0/2to1/2_0" slope="0.00"/>
        <vehicle id="20" x="201.65" y="621.69" angle="180.00" type="DEFAULT_VEHTYPE" speed="5.56" pos="16.94" lane="1/3to1/4_0" slope="0.00"/>
        <vehicle id="21" x="183.78" y="201.65" angle="-90.00" type="DEFAULT_VEHTYPE" speed="4.48" pos="11.47" lane="1/1to0/1_0" slope="0.00"/>
        <vehicle id="22" x="411.60" y="598.35" angle="90.00" type="DEFAULT_VEHTYPE" speed="1.75" pos="6.85" lane="2/3to3/3_0" slope="0.00"/>
        <vehicle id="23" x="401.65" y="609.85" angle="180.00" type="DEFAULT_VEHTYPE" speed="0.00" pos="5.10" lane="2/3to2/4_0" slope="0.00"/>
        <vehicle id="3" x="201.65" y="210.50" angle="180.00" type="DEFAULT_VEHTYPE" speed="8.97" pos="5.75" lane="1/1to1/2_0" slope="0.00"/>
        <vehicle id="4" x="204.41" y="401.60" angle="-89.44" type="DEFAULT_VEHTYPE" speed="7.15" pos="0.34" lane=":1/2_6_0" slope="0.00"/>
        <vehicle id="5" x="410.07" y="201.65" angle="-90.00" type="DEFAULT_VEHTYPE" speed="3.23" pos="185.18" lane="3/1to2/1_0" slope="0.00"/>
        <vehicle id="6" x="601.65" y="182.16" angle="180.00" type="DEFAULT_VEHTYPE" speed="8.24" pos="182.16" lane="3/0to3/1_0" slope="0.00"/>
        <vehicle id="7" x="398.35" y="217.90" angle="0.00" type="DEFAULT_VEHTYPE" speed="9.06" pos="177.35" lane="2/2to2/1_0" slope="0.00"/>
        <vehicle id="8" x="631.50" y="201.65" angle="-90.00" type="DEFAULT_VEHTYPE" speed="13.46" pos="168.50" lane="4/1to3/1_0" slope="0.00"/>
        <vehicle id="9" x="353.69" y="398.35" angle="90.00" type="DEFAULT_VEHTYPE" speed="13.52" pos="148.94" lane="1/2to2/2_0" slope="0.00"/>
    </timestep>
    <timestep time="24.00">
        <vehicle id="0" x="401.65" y="77.90" angle="180.00" type="DEFAULT_VEHTYPE" speed="12.73" pos="77.90" lane="2/0to2/1_0" slope="0.00"/>
        <vehicle id="1" x="80.30" y="598.35" angle="90.00" type="DEFAULT_VEHTYPE" speed="13.24" pos="80.30" lane="0/3to1/3_0" slope="0.00"/>
        <vehicle id="10" x="361.83" y="198.35" angle="90.00" type="DEFAULT_VEHTYPE" speed="13.21" pos="157.08" lane="1/1to2/1_0" slope="0.00"/>
        <vehicle id="11" x="141.09" y="198.35" angle="90.00" type="DEFAULT_VEHTYPE" speed="12.80" pos="141.09" lane="0/1to1/1_0" slope="0.00"/>
        <vehicle id="12" x="334.44" y="598.35" angle="90.00" type="DEFAULT_VEHTYPE" speed="13.06" pos="129.69" lane="1/3to2/3_0" slope="0.00"/>
        <vehicle id="13" x="198.35" y="92.00" angle="0.00" type="DEFAULT_VEHTYPE" speed="12.70" pos="103.25" lane="1/1to1/0_0" slope="0.00"/>
        <vehicle id="14" x="401.65" y="505.72" angle="180.00" type="DEFAULT_VEHTYPE" speed="13.59" pos="100.97" lane="2/2to2/3_0" slope="0.00"/>
        <vehicle id="15" x="515.87" y="201.65" angle="-90.00" type="DEFAULT_VEHTYPE" speed="12.89" pos="79.38" lane="3/1to2/1_0" slope="0.00"/>
        <vehicle id="16" x="398.35" y="327.33" angle="0.00" type="DEFAULT_VEHTYPE" speed="13.87" pos="67.92" lane="2/2to2/1_0" slope="0.00"/>
        <vehicle id="17" x="136.62" y="401.65" angle="-90.00" type="DEFAULT_VEHTYPE" speed="12.71" pos="58.63" lane="1/2to0/2_0" slope="0.00"/>
        <vehicle id="18" x="254.84" y="398.35" angle="90.00" type="DEFAULT_VEHTYPE" speed="12.57" pos="50.09" lane="1/2to2/2_0" slope="0.00"/>
        <vehicle id="19" x="442.41" y="598.35" angle="90.00" type="DEFAULT_VEHTYPE" speed="10.97" pos="37.66" lane="2/3to3/3_0" slope="0.00"/>
        <vehicle id="2" x="62.05" y="398.35" angle="90.00" type="DEFAULT_VEHTYPE" speed="12.73" pos="62.05" lane="0/2to1/2_0" slope="0.00"/>
        <vehicle id="20" x="201.65" y="628.61" angle="180.00" type="DEFAULT_VEHTYPE" speed="6.92" pos="23.86" lane="1/3to1/4_0" slope="0.00"/>
        <vehicle id="21" x="177.60" y="201.65" angle="-90.00" type="DEFAULT_VEHTYPE" speed="6.18" pos="17.65" lane="1/1to0/1_0" slope="0.00"/>
        <vehicle id="22" x="415.42" y="598.35" angle="90.00" type="DEFAULT_VEHTYPE" speed="3.82" pos="10.67" lane="2/3to3/3_0" slope="0.00"/>
        <vehicle id="23" x="401.65" y="611.18" angle="180.00" type="DEFAULT_VEHTYPE" speed="1.33" pos="6.43" lane="2/3to2/4_0" slope="0.00"/>
        <vehicle id="24" x="209.85" y="398.35" angle="90.00" type="DEFAULT_VEHTYPE" speed="0.00" pos="5.10" lane="1/2to2/2_0" slope="0.00"/>
        <vehicle id="3" x="201.65" y="221.64" angle="180.00" type="DEFAULT_VEHTYPE" speed="11.14" pos="16.89" lane="1/1to1/2_0" slope="0.00"/>
        <vehicle id="4" x="198.49" y="396.21" angle="-26.88" type="DEFAULT_VEHTYPE" speed="9.01" pos="9.35" lane=":1/2_6_0" slope="0.00"/>
        <vehicle id="5" x="405.21" y="201.65" angle="-90.00" type="DEFAULT_VEHTYPE" speed="4.86" pos="190.04" lane="3/1to2/1_0" slope="0.00"/>
        <vehicle id="6" x="601.65" y="187.37" angle="180.00" type="DEFAULT_VEHTYPE" speed="5.21" pos="187.37" lane="3/0to3/1_0" slope="0.00"/>
        <vehicle id="7" x="398.35" y="212.38" angle="0.00" type="DEFAULT_VEHTYPE" speed="5.53" pos="182.87" lane="2/2to2/1_0" slope="0.00"/>
        <vehicle id="8" x="621.17" y="201.65" angle="-90.00" type="DEFAULT_VEHTYPE" speed="10.34" pos="178.83" lane="4/1to3/1_0" slope="0.00"/>
        <vehicle id="9" x="367.35" y="398.35" angle="90.00" type="DEFAULT_VEHTYPE" speed="13.66" pos="162.60" lane="1/2to2/2_0" slope="0.00"/>
    </timestep>
    <timestep time="25.00">
        <vehicle id="0" x="401.65" y="91.72" angle="180.00" type="DEFAULT_VEHTYPE" speed="13.83" pos="91.72" lane="2/0to2/1_0" slope="0.00"/>
        <vehicle id="1" x="94.12" y="598.35" angle="90.00" type="DEFAULT_VEHTYPE" speed="13.82" pos="94.12" lane="0/3to1/3_0" slope="0.00"/>
        <vehicle id="10" x="374.15" y="198.35" angle="90.00" type="DEFAULT_VEHTYPE" speed="12.33" pos="169.40" lane="1/1to2/1_0" slope="0.00"/>
        <vehicle id="11" x="154.98" y="198.35" angle="90.00" type="DEFAULT_VEHTYPE" speed="13.89" pos="154.98" lane="0/1to1/1_0" slope="0.00"/>
        <vehicle id="12" x="347.06" y="598.35" angle="90.00" type="DEFAULT_VEHTYPE" speed="12.61" pos="142.31" lane="1/3to2/3_0" slope="0.00"/>
        <vehicle id="13" x="198.35" y="79.21" angle="0.00" type="DEFAULT_VEHTYPE" speed="12.79" pos="116.04" lane="1/1to1/0_0" slope="0.00"/>
        <vehicle id="14" x="401.65" y="519.44" angle="180.00" type="DEFAULT_VEHTYPE" speed="13.71" pos="114.69" lane="2/2to2/3_0" slope="0.00"/>
        <vehicle id="15" x="503.00" y="201.65" angle="-90.00" type="DEFAULT_VEHTYPE" speed="12.87" pos="92.25" lane="3/1to2/1_0" slope="0.00"/>
        <vehicle id="16" x="398.35" y="313.99" angle="0.00" type="DEFAULT_VEHTYPE" speed="13.34" pos="81.26" lane="2/2to2/1_0" slope="0.00"/>
        <vehicle id="17" x="123.90" y="401.65" angle="-90.00" type="DEFAULT_VEHTYPE" speed="12.72" pos="71.35" lane="1/2to0/2_0" slope="0.00"/>
        <vehicle id="18" x="268.64" y="398.35" angle="90.00" type="DEFAULT_VEHTYPE" speed="13.80" pos="63.89" lane="1/2to2/2_0" slope="0.00"/>
        <vehicle id="19" x="455.93" y="598.35" angle="90.00" type="DEFAULT_VEHTYPE" speed="13.52" pos="51.18" lane="2/3to3/3_0" slope="0.00"/>
        <vehicle id="2" x="75.25" y="398.35" angle="90.00" type="DEFAULT_VEHTYPE" speed="13.20" pos="75.25" lane="0/2to1/2_0" slope="0.00"/>
        <vehicle id="20" x="201.65" y="637.24" angle="180.00" type="DEFAULT_VEHTYPE" speed="8.63" pos="32.49" lane="1/3to1/4_0" slope="0.00"/>
        <vehicle id="21" x="169.74" y="201.65" angle="-90.00" type="DEFAULT_VEHTYPE" speed="7.86" pos="25.51" lane="1/1to0/1_0" slope="0.00"/>
        <vehicle id="22" x="421.51" y="598.35" angle="90.00" type="DEFAULT_VEHTYPE" speed="6.09" pos="16.76" lane="2/3to3/3_0" slope="0.00"/>
        <vehicle id="23" x="401.65" y="614.13" angle="180.00" type="DEFAULT_VEHTYPE" speed="2.94" pos="9.38" lane="2/3to2/4_0" slope="0.00"/>
        <vehicle id="24" x="212.03" y="398.35" angle="90.00" type="DEFAULT_VEHTYPE" speed="2.18" pos="7.28" lane="1/2to2/2_0" slope="0.00"/>
        <vehicle id="25" x="598.35" y="590.15" angle="0.00" type="DEFAULT_VEHTYPE" speed="0.00" pos="5.10" lane="3/3to3/2_0" slope="0.00"/>
        <vehicle id="3" x="201.65" y="235.09" angle="180.00" type="DEFAULT_VEHTYPE" speed="13.45" pos="30.34" lane="1/1to1/2_0" slope="0.00"/>
        <vehicle id="4" x="198.35" y="385.77" angle="0.00" type="DEFAULT_VEHTYPE" speed="10.45" pos="9.48" lane="1/2to1/1_0" slope="0.00"/>
        <vehicle id="5" x="398.53" y="201.65" angle="-90.00" type="DEFAULT_VEHTYPE" speed="6.68" pos="6.22" lane=":2/1_5_0" slope="0.00"/>
        <vehicle id="6" x="601.65" y="191.14" angle="180.00" type="DEFAULT_VEHTYPE" speed="3.76" pos="191.14" lane="3/0to3/1_0" slope="0.00"/>
        <vehicle id="7" x="398.35" y="209.97" angle="0.00" type="DEFAULT_VEHTYPE" speed="2.40" pos="185.28" lane="2/2to2/1_0" slope="0.00"/>
        <vehicle id="8" x="614.76" y="201.65" angle="-90.00" type="DEFAULT_VEHTYPE" speed="6.40" pos="185.24" lane="4/1to3/1_0" slope="0.00"/>
        <vehicle id="9" x="380.14" y="398.35" angle="90.00" type="DEFAULT_VEHTYPE" speed="12.79" pos="175.39" lane="1/2to2/2_0" slope="0.00"/>
    </timestep>
    <timestep time="26.00">
        <vehicle id="0" x="401.65" y="105.07" angle="180.00" type="DEFAULT_VEHTYPE" speed="13.35" pos="105.07" lane="2/0to2/1_0" slope="0.00"/>
        <vehicle id="1" x="106.85" y="598.35" angle="90.00" type="DEFAULT_VEHTYPE" speed="12.73" pos="106.85" lane="0/3to1/3_0" slope="0.00"/>
        <vehicle id="10" x="383.20" y="198.35" angle="90.00" type="DEFAULT_VEHTYPE" speed="9.05" pos="178.45" lane="1/1to2/1_0" slope="0.00"/>
        <vehicle id="11" x="168.77" y="198.35" angle="90.00" type="DEFAULT_VEHTYPE" speed="13.79" pos="168.77" lane="0/1to1/1_0" slope="0.00"/>
        <vehicle id="12" x="360.85" y="598.35" angle="90.00" type="DEFAULT_VEHTYPE" speed="13.79" pos="156.10" lane="1/3to2/3_0" slope="0.00"/>
        <vehicle id="13" x="198.35" y="65.58" angle="0.00" type="DEFAULT_VEHTYPE" speed="13.64" pos="129.67" lane="1/1to1/0_0" slope="0.00"/>
        <vehicle id="14" x="401.65" y="532.25" angle="180.00" type="DEFAULT_VEHTYPE" speed="12.81" pos="127.50" lane="2/2to2/3_0" slope="0.00"/>
        <vehicle id="15" x="489.88" y="201.65" angle="-90.00" type="DEFAULT_VEHTYPE" speed="13.13" pos="105.37" lane="3/1to2/1_0" slope="0.00"/>
        <vehicle id="16" x="398.35" y="300.97" angle="0.00" type="DEFAULT_VEHTYPE" speed="13.02" pos="94.28" lane="2/2to2/1_0" slope="0.00"/>
        <vehicle id="17" x="111.17" y="401.65" angle="-90.00" type="DEFAULT_VEHTYPE" speed="12.73" pos="84.08" lane="1/2to0/2_0" slope="0.00"/>
        <vehicle id="18" x="282.18" y="398.35" angle="90.00" type="DEFAULT_VEHTYPE" speed="13.54" pos="77.43" lane="1/2to2/2_0" slope="0.00"/>
        <vehicle id="19" x="469.75" y="598.35" angle="90.00" type="DEFAULT_VEHTYPE" speed="13.82" pos="65.00" lane="2/3to3/3_0" slope="0.00"/>
        <vehicle id="2" x="88.00" y="398.35" angle="90.00" type="DEFAULT_VEHTYPE" speed="12.75" pos="88.00" lane="0/2to1/2_0" slope="0.00"/>
        <vehicle id="20" x="201.65" y="647.79" angle="180.00" type="DEFAULT_VEHTYPE" speed="10.54" pos="43.04" lane="1/3to1/4_0" slope="0.00"/>
        <vehicle id="21" x="159.44" y="201.65" angle="-90.00" type="DEFAULT_VEHTYPE" speed="10.30" pos="35.81" lane="1/1to0/1_0" slope="0.00"/>
        <vehicle id="22" x="428.94" y="598.35" angle="90.00" type="DEFAULT_VEHTYPE" speed="7.43" pos="24.19" lane="2/3to3/3_0" slope="0.00"/>
        <vehicle id="23" x="401.65" y="619.20" angle="180.00" type="DEFAULT_VEHTYPE" speed="5.08" pos="14.45" lane="2/3to2/4_0" slope="0.00"/>
        <vehicle id="24" x="216.62" y="398.35" angle="90.00" type="DEFAULT_VEHTYPE" speed="4.59" pos="11.87" lane="1/2to2/2_0" slope="0.00"/>
        <vehicle id="25" x="598.35" y="588.11" angle="0.00" type="DEFAULT_VEHTYPE" speed="2.04" pos="7.14" lane="3/3to3/2_0" slope="0.00"/>
        <vehicle id="26" x="409.85" y="598.35" angle="90.00" type="DEFAULT_VEHTYPE" speed="0.00" pos="5.10" lane="2/3to3/3_0" slope="0.00"/>
        <vehicle id="3" x="201.65" y="248.31" angle="180.00" type="DEFAULT_VEHTYPE" speed="13.22" pos="43.56" lane="1/1to1/2_0" slope="0.00"/>
        <vehicle id="4" x="198.35" y="373.08" angle="0.00" type="DEFAULT_VEHTYPE" speed="12.70" pos="22.17" lane="1/2to1/1_0" slope="0.00"/>
        <vehicle id="5" x="390.36" y="201.65" angle="-90.00" type="DEFAULT_VEHTYPE" speed="8.17" pos="4.89" lane="2/1to1/1_0" slope="0.00"/>
        <vehicle id="6" x="601.38" y="197.14" angle="-176.89" type="DEFAULT_VEHTYPE" speed="6.02" pos="1.91" lane=":3/1_10_0" slope="0.00"/>
        <vehicle id="7" x="398.35" y="205.47" angle="0.00" type="DEFAULT_VEHTYPE" speed="4.51" pos="189.78" lane="2/2to2/1_0" slope="0.00"/>
        <vehicle id="8" x="610.95" y="201.65" angle="-90.00" type="DEFAULT_VEHTYPE" speed="3.81" pos="189.05" lane="4/1to3/1_0" slope="0.00"/>
        <vehicle id="9" x="393.37" y="398.35" angle="90.00" type="DEFAULT_VEHTYPE" speed="13.23" pos="188.62" lane="1/2to2/2_0" slope="0.00"/>
    </timestep>
    <timestep time="27.00">
        <vehicle id="0" x="401.65" y="118.02" angle="180.00" type="DEFAULT_VEHTYPE" speed="12.95" pos="118.02" lane="2/0to2/1_0" slope="0.00"/>
        <vehicle id="1" x="120.32" y="598.35" angle="90.00" type="DEFAULT_VEHTYPE" speed="13.47" pos="120.32" lane="0/3to1/3_0" slope="0.00"/>
        <vehicle id="10" x="388.33" y="198.35" angle="90.00" type="DEFAULT_VEHTYPE" speed="5.13" pos="183.58" lane="1/1to2/1_0" slope="0.00"/>
        <vehicle id="11" x="178.83" y="198.35" angle="90.00" type="DEFAULT_VEHTYPE" speed="10.06" pos="178.83" lane="0/1to1/1_0" slope="0.00"/>
        <vehicle id="12" x="373.88" y="598.35" angle="90.00" type="DEFAULT_VEHTYPE" speed="13.02" pos="169.13" lane="1/3to2/3_0" slope="0.00"/>
        <vehicle id="13" x="198.35" y="52.38" angle="0.00" type="DEFAULT_VEHTYPE" speed="13.20" pos="142.87" lane="1/1to1/0_0" slope="0.00"/>
        <vehicle id="14" x="401.65" y="545.01" angle="180.00" type="DEFAULT_VEHTYPE" speed="12.77" pos="140.26" lane="2/2to2/3_0" slope="0.00"/>
        <vehicle id="15" x="476.27" y="201.65" angle="-90.00" type="DEFAULT_VEHTYPE" speed="13.60" pos="118.98" lane="3/1to2/1_0" slope="0.00"/>
        <vehicle id="16" x="398.35" y="288.29" angle="0.00" type="DEFAULT_VEHTYPE" speed="12.68" pos="106.96" lane="2/2to2/1_0" slope="0.00"/>
        <vehicle id="17" x="97.57" y="401.65" angle="-90.00" type="DEFAULT_VEHTYPE" speed="13.59" pos="97.68" lane="1/2to0/2_0" slope="0.00"/>
        <vehicle id="18" x="294.79" y="398.35" angle="90.00" type="DEFAULT_VEHTYPE" speed="12.61" pos="90.04" lane="1/2to2/2_0" slope="0.00"/>
        <vehicle id="19" x="482.91" y="598.35" angle="90.00" type="DEFAULT_VEHTYPE" speed="13.16" pos="78.16" lane="2/3to3/3_0" slope="0.00"/>
        <vehicle id="2" x="101.88" y="398.35" angle="90.00" type="DEFAULT_VEHTYPE" speed="13.88" pos="101.88" lane="0/2to1/2_0" slope="0.00"/>
        <vehicle id="20" x="201.65" y="660.77" angle="180.00" type="DEFAULT_VEHTYPE" speed="12.99" pos="56.02" lane="1/3to1/4_0" slope="0.00"/>
        <vehicle id="21" x="147.52" y="201.65" angle="-90.00" type="DEFAULT_VEHTYPE" speed="11.92" pos="47.73" lane="1/1to0/1_0" slope="0.00"/>
        <vehicle id="22" x="438.78" y="598.35" angle="90.00" type="DEFAULT_VEHTYPE" speed="9.84" pos="34.03" lane="2/3to3/3_0" slope="0.00"/>
        <vehicle id="23" x="401.65" y="626.83" angle="180.00" type="DEFAULT_VEHTYPE" speed="7.62" pos="22.08" lane="2/3to2/4_0" slope="0.00"/>
        <vehicle id="24" x="222.69" y="398.35" angle="90.00" type="DEFAULT_VEHTYPE" speed="6.07" pos="17.94" lane="1/2to2/2_0" slope="0.00"/>
        <vehicle id="25" x="598.35" y="583.54" angle="0.00" type="DEFAULT_VEHTYPE" speed="4.57" pos="11.71" lane="3/3to3/2_0" slope="0.00"/>
        <vehicle id="26" x="411.35" y="598.35" angle="90.00" type="DEFAULT_VEHTYPE" speed="1.50" pos="6.60" lane="2/3to3/3_0" slope="0.00"/>
        <vehicle id="3" x="201.65" y="261.16" angle="180.00" type="DEFAULT_VEHTYPE" speed="12.84" pos="56.41" lane="1/1to1/2_0" slope="0.00"/>
        <vehicle id="4" x="198.35" y="359.36" angle="0.00" type="DEFAULT_VEHTYPE" speed="13.72" pos="35.89" lane="1/2to1/1_0" slope="0.00"/>
        <vehicle id="5" x="380.83" y="201.65" angle="-90.00" type="DEFAULT_VEHTYPE" speed="9.53" pos="14.42" lane="2/1to1/1_0" slope="0.00"/>
        <vehicle id="6" x="596.29" y="201.50" angle="-117.67" type="DEFAULT_VEHTYPE" speed="7.36" pos="2.13" lane=":3/1_18_0" slope="0.00"/>
        <vehicle id="7" x="401.65" y="205.06" angle="97.42" type="DEFAULT_VEHTYPE" speed="5.85" pos="0.31" lane="2/1to2/2_0" slope="0.00"/>
        <vehicle id="8" x="605.32" y="201.65" angle="-90.00" type="DEFAULT_VEHTYPE" speed="5.63" pos="194.68" lane="4/1to3/1_0" slope="0.00"/>
    </timestep>
    <timestep time="28.00">
        <vehicle id="0" x="401.65" y="131.21" angle="180.00" type="DEFAULT_VEHTYPE" speed="13.19" pos="131.21" lane="2/0to2/1_0" slope="0.00"/>
        <vehicle id="1" x="134.02" y="598.35" angle="90.00" type="DEFAULT_VEHTYPE" speed="13.70" pos="134.02" lane="0/3to1/3_0" slope="0.00"/>
        <vehicle id="10" x="395.01" y="198.35" angle="90.00" type="DEFAULT_VEHTYPE" speed="6.67" pos="190.26" lane="1/1to2/1_0" slope="0.00"/>
        <vehicle id="11" x="185.84" y="198.35" angle="90.00" type="DEFAULT_VEHTYPE" speed="7.01" pos="185.84" lane="0/1to1/1_0" slope="0.00"/>
        <vehicle id="12" x="382.61" y="598.35" angle="90.00" type="DEFAULT_VEHTYPE" speed="8.73" pos="177.86" lane="1/3to2/3_0" slope="0.00"/>
        <vehicle id="13" x="198.35" y="39.15" angle="0.00" type="DEFAULT_VEHTYPE" speed="13.23" pos="156.10" lane="1/1to1/0_0" slope="0.00"/>
        <vehicle id="14" x="401.65" y="558.23" angle="180.00" type="DEFAULT_VEHTYPE" speed="13.22" pos="153.48" lane="2/2to2/3_0" slope="0.00"/>
        <vehicle id="15" x="463.25" y="201.65" angle="-90.00" type="DEFAULT_VEHTYPE" speed="13.02" pos="132.00" lane="3/1to2/1_0" slope="0.00"/>
        <vehicle id="16" x="398.35" y="275.36" angle="0.00" type="DEFAULT_VEHTYPE" speed="12.92" pos="119.89" lane="2/2to2/1_0" slope="0.00"/>
        <vehicle id="17" x="84.51" y="401.65" angle="-90.00" type="DEFAULT_VEHTYPE" speed="13.06" pos="110.74" lane="1/2to0/2_0" slope="0.00"/>
        <vehicle id="18" x="307.67" y="398.35" angle="90.00" type="DEFAULT_VEHTYPE" speed="12.88" pos="102.92" lane="1/2to2/2_0" slope="0.00"/>
        <vehicle id="19" x="495.52" y="598.35" angle="90.00" type="DEFAULT_VEHTYPE" speed="12.61" pos="90.77" lane="2/3to3/3_0" slope="0.00"/>
        <vehicle id="2" x="115.67" y="398.35" angle="90.00" type="DEFAULT_VEHTYPE" speed="13.79" pos="115.67" lane="0/2to1/2_0" slope="0.00"/>
        <vehicle id="20" x="201.65" y="674.34" angle="180.00" type="DEFAULT_VEHTYPE" speed="13.56" pos="69.59" lane="1/3to1/4_0" slope="0.00"/>
        <vehicle id="21" x="133.78" y="201.65" angle="-90.00" type="DEFAULT_VEHTYPE" speed="13.74" pos="61.47" lane="1/1to0/1_0" slope="0.00"/>
        <vehicle id="22" x="450.49" y="598.35" angle="90.00" type="DEFAULT_VEHTYPE" speed="11.72" pos="45.74" lane="2/3to3/3_0" slope="0.00"/>
        <vehicle id="23" x="401.65" y="635.84" angle="180.00" type="DEFAULT_VEHTYPE" speed="9.01" pos="31.09" lane="2/3to2/4_0" slope="0.00"/>
        <vehicle id="24" x="231.10" y="398.35" angle="90.00" type="DEFAULT_VEHTYPE" speed="8.40" pos="26.35" lane="1/2to2/2_0" slope="0.00"/>
        <vehicle id="25" x="598.35" y="577.16" angle="0.00" type="DEFAULT_VEHTYPE" speed="6.38" pos="18.09" lane="3/3to3/2_0" slope="0.00"/>
        <vehicle id="26" x="414.90" y="598.35" angle="90.00" type="DEFAULT_VEHTYPE" speed="3.55" pos="10.15" lane="2/3to3/3_0" slope="0.00"/>
        <vehicle id="28" x="601.65" y="609.85" angle="180.00" type="DEFAULT_VEHTYPE" speed="0.00" pos="5.10" lane="3/3to3/4_0" slope="0.00"/>
        <vehicle id="3" x="201.65" y="273.85" angle="180.00" type="DEFAULT_VEHTYPE" speed="12.69" pos="69.10" lane="1/1to1/2_0" slope="0.00"/>
        <vehicle id="4" x="198.35" y="345.63" angle="0.00" type="DEFAULT_VEHTYPE" speed="13.73" pos="49.62" lane="1/2to1/1_0" slope="0.00"/>
        <vehicle id="5" x="368.92" y="201.65" angle="-90.00" type="DEFAULT_VEHTYPE" speed="11.91" pos="26.33" lane="2/1to1/1_0" slope="0.00"/>
        <vehicle id="6" x="586.72" y="201.65" angle="-90.00" type="DEFAULT_VEHTYPE" speed="9.58" pos="8.53" lane="3/1to2/1_0" slope="0.00"/>
        <vehicle id="7" x="401.65" y="213.42" angle="180.00" type="DEFAULT_VEHTYPE" speed="8.36" pos="8.67" lane="2/1to2/2_0" slope="0.00"/>
        <vehicle id="8" x="601.65" y="206.72" angle="-164.94" type="DEFAULT_VEHTYPE" speed="7.54" pos="1.97" lane="3/1to3/2_0" slope="0.00"/>
    </timestep>
    <timestep time="29.00">
        <vehicle id="0" x="401.65" y="144.68" angle="180.00" type="DEFAULT_VEHTYPE" speed="13.47" pos="144.68" lane="2/0to2/1_0" slope="0.00"/>
        <vehicle id="1" x="146.72" y="598.35" angle="90.00" type="DEFAULT_VEHTYPE" speed="12.70" pos="146.72" lane="0/3to1/3_0" slope="0.00"/>
        <vehicle id="10" x="392.28" y="201.65" angle="-106.41" type="DEFAULT_VEHTYPE" speed="8.03" pos="2.97" lane="2/1to1/1_0" slope="0.00"/>
        <vehicle id="11" x="189.29" y="198.35" angle="90.00" type="DEFAULT_VEHTYPE" speed="3.45" pos="189.29" lane="0/1to1/1_0" slope="0.00"/>
        <vehicle id="12" x="387.46" y="598.35" angle="90.00" type="DEFAULT_VEHTYPE" speed="4.85" pos="182.71" lane="1/3to2/3_0" slope="0.00"/>
        <vehicle id="13" x="198.35" y="25.76" angle="0.00" type="DEFAULT_VEHTYPE" speed="13.39" pos="169.49" lane="1/1to1/0_0" slope="0.00"/>
        <vehicle id="14" x="401.65" y="571.00" angle="180.00" type="DEFAULT_VEHTYPE" speed="12.76" pos="166.25" lane="2/2to2/3_0" slope="0.00"/>
        <vehicle id="15" x="450.47" y="201.65" angle="-90.00" type="DEFAULT_VEHTYPE" speed="12.78" pos="144.78" lane="3/1to2/1_0" slope="0.00"/>
        <vehicle id="16" x="398.35" y="261.83" angle="0.00" type="DEFAULT_VEHTYPE" speed="13.53" pos="133.42" lane="2/2to2/1_0" slope="0.00"/>
        <vehicle id="17" x="71.67" y="401.65" angle="-90.00" type="DEFAULT_VEHTYPE" speed="12.85" pos="123.58" lane="1/2to0/2_0" slope="0.00"/>
        <vehicle id="18" x="321.25" y="398.35" angle="90.00" type="DEFAULT_VEHTYPE" speed="13.58" pos="116.50" lane="1/2to2/2_0" slope="0.00"/>
        <vehicle id="19" x="508.87" y="598.35" angle="90.00" type="DEFAULT_VEHTYPE" speed="13.36" pos="104.12" lane="2/3to3/3_0" slope="0.00"/>
        <vehicle id="2" x="128.37" y="398.35" angle="90.00" type="DEFAULT_VEHTYPE" speed="12.70" pos="128.37" lane="0/2to1/2_0" slope="0.00"/>
        <vehicle id="20" x="201.65" y="687.51" angle="180.00" type="DEFAULT_VEHTYPE" speed="13.17" pos="82.76" lane="1/3to1/4_0" slope="0.00"/>
        <vehicle id="21" x="121.13" y="201.65" angle="-90.00" type="DEFAULT_VEHTYPE" speed="12.65" pos="74.12" lane="1/1to0/1_0" slope="0.00"/>
        <vehicle id="22" x="463.52" y="598.35" angle="90.00" type="DEFAULT_VEHTYPE" speed="13.03" pos="58.77" lane="2/3to3/3_0" slope="0.00"/>
        <vehicle id="23" x="401.65" y="647.19" angle="180.00" type="DEFAULT_VEHTYPE" speed="11.36" pos="42.44" lane="2/3to2/4_0" slope="0.00"/>
        <vehicle id="24" x="241.85" y="398.35" angle="90.00" type="DEFAULT_VEHTYPE" speed="10.76" pos="37.10" lane="1/2to2/2_0" slope="0.00"/>
        <vehicle id="25" x="598.35" y="569.20" angle="0.00" type="DEFAULT_VEHTYPE" speed="7.96" pos="26.05" lane="3/3to3/2_0" slope="0.00"/>
        <vehicle id="26" x="419.91" y="598.35" angle="90.00" type="DEFAULT_VEHTYPE" speed="5.01" pos="15.16" lane="2/3to3/3_0" slope="0.00"/>
        <vehicle id="27" x="198.35" y="190.15" angle="0.00" type="DEFAULT_VEHTYPE" speed="0.00" pos="5.10" lane="1/1to1/0_0" slope="0.00"/>
        <vehicle id="28" x="601.65" y="612.24" angle="180.00" type="DEFAULT_VEHTYPE" speed="2.39" pos="7.49" lane="3/3to3/4_0" slope="0.00"/>
        <vehicle id="29" x="598.35" y="190.15" angle="0.00" type="DEFAULT_VEHTYPE" speed="0.00" pos="5.10" lane="3/1to3/0_0" slope="0.00"/>
        <vehicle id="3" x="201.65" y="287.65" angle="180.00" type="DEFAULT_VEHTYPE" speed="13.79" pos="82.90" lane="1/1to1/2_0" slope="0.00"/>
        <vehicle id="4" x="198.35" y="332.10" angle="0.00" type="DEFAULT_VEHTYPE" speed="13.52" pos="63.15" lane="1/2to1/1_0" slope="0.00"/>
        <vehicle id="5" x="355.57" y="201.65" angle="-90.00" type="DEFAULT_VEHTYPE" speed="13.35" pos="39.68" lane="2/1to1/1_0" slope="0.00"/>
        <vehicle id="6" x="574.68" y="201.65" angle="-90.00" type="DEFAULT_VEHTYPE" speed="12.04" pos="20.57" lane="3/1to2/1_0" slope="0.00"/>
        <vehicle id="7" x="401.65" y="223.10" angle="180.00" type="DEFAULT_VEHTYPE" speed="9.68" pos="18.35" lane="2/1to2/2_0" slope="0.00"/>
        <vehicle id="8" x="601.65" y="216.56" angle="180.00" type="DEFAULT_VEHTYPE" speed="9.84" pos="11.81" lane="3/1to3/2_0" slope="0.00"/>
    </timestep>
    <timestep time="30.00">
        <vehicle id="0" x="401.65" y="158.14" angle="180.00" type="DEFAULT_VEHTYPE" speed="13.46" pos="158.14" lane="2/0to2/1_0" slope="0.00"/>
        <vehicle id="1" x="159.67" y="598.35" angle="90.00" type="DEFAULT_VEHTYPE" speed="12.95" pos="159.67" lane="0/3to1/3_0" slope="0.00"/>
        <vehicle id="10" x="382.38" y="201.65" angle="-90.00" type="DEFAULT_VEHTYPE" speed="9.90" pos="12.87" lane="2/1to1/1_0" slope="0.00"/>
        <vehicle id="11" x="194.57" y="198.35" angle="90.00" type="DEFAULT_VEHTYPE" speed="5.28" pos="194.57" lane="0/1to1/1_0" slope="0.00"/>
        <vehicle id="12" x="390.52" y="598.35" angle="90.00" type="DEFAULT_VEHTYPE" speed="3.06" pos="185.77" lane="1/3to2/3_0" slope="0.00"/>
        <vehicle id="13" x="198.35" y="12.98" angle="0.00" type="DEFAULT_VEHTYPE" speed="12.78" pos="182.27" lane="1/1to1/0_0" slope="0.00"/>
        <vehicle id="14" x="401.65" y="580.06" angle="180.00" type="DEFAULT_VEHTYPE" speed="9.07" pos="175.31" lane="2/2to2/3_0" slope="0.00"/>
        <vehicle id="15" x="436.97" y="201.65" angle="-90.00" type="DEFAULT_VEHTYPE" speed="13.50" pos="158.28" lane="3/1to2/1_0" slope="0.00"/>
        <vehicle id="16" x="398.35" y="248.57" angle="0.00" type="DEFAULT_VEHTYPE" speed="13.27" pos="146.68" lane="2/2to2/1_0" slope="0.00"/>
        <vehicle id="17" x="58.34" y="401.65" angle="-90.00" type="DEFAULT_VEHTYPE" speed="13.32" pos="136.91" lane="1/2to0/2_0" slope="0.00"/>
        <vehicle id="18" x="334.10" y="398.35" angle="90.00" type="DEFAULT_VEHTYPE" speed="12.85" pos="129.35" lane="1/2to2/2_0" slope="0.00"/>
        <vehicle id="19" x="522.74" y="598.35" angle="90.00" type="DEFAULT_VEHTYPE" speed="13.87" pos="117.99" lane="2/3to3/3_0" slope="0.00"/>
        <vehicle id="2" x="141.19" y="398.35" angle="90.00" type="DEFAULT_VEHTYPE" speed="12.82" pos="141.19" lane="0/2to1/2_0" slope="0.00"/>
        <vehicle id="20" x="201.65" y="700.74" angle="180.00" type="DEFAULT_VEHTYPE" speed="13.24" pos="95.99" lane="1/3to1/4_0" slope="0.00"/>
        <vehicle id="21" x="108.01" y="201.65" angle="-90.00" type="DEFAULT_VEHTYPE" speed="13.13" pos="87.24" lane="1/1to0/1_0" slope="0.00"/>
        <vehicle id="22" x="477.17" y="598.35" angle="90.00" type="DEFAULT_VEHTYPE" speed="13.64" pos="72.42" lane="2/3to3/3_0" slope="0.00"/>
        <vehicle id="23" x="401.65" y="660.00" angle="180.00" type="DEFAULT_VEHTYPE" speed="12.80" pos="55.25" lane="2/3to2/4_0" slope="0.00"/>
        <vehicle id="24" x="254.91" y="398.35" angle="90.00" type="DEFAULT_VEHTYPE" speed="13.05" pos="50.16" lane="1/2to2/2_0" slope="0.00"/>
        <vehicle id="25" x="598.35" y="558.88" angle="0.00" type="DEFAULT_VEHTYPE" speed="10.32" pos="36.37" lane="3/3to3/2_0" slope="0.00"/>
        <vehicle id="26" x="426.86" y="598.35" angle="90.00" type="DEFAULT_VEHTYPE" speed="6.95" pos="22.11" lane="2/3to3/3_0" slope="0.00"/>
        <vehicle id="27" x="198.35" y="188.07" angle="0.00" type="DEFAULT_VEHTYPE" speed="2.08" pos="7.18" lane="1/1to1/0_0" slope="0.00"/>
        <vehicle id="28" x="601.65" y="617.05" angle="180.00" type="DEFAULT_VEHTYPE" speed="4.81" pos="12.30" lane="3/3to3/4_0" slope="0.00"/>
        <vehicle id="29" x="598.35" y="188.30" angle="0.00" type="DEFAULT_VEHTYPE" speed="1.85" pos="6.95" lane="3/1to3/0_0" slope="0.00"/>
        <vehicle id="3" x="201.65" y="300.96" angle="180.00" type="DEFAULT_VEHTYPE" speed="13.31" pos="96.21" lane="1/1to1/2_0" slope="0.00"/>
        <vehicle id="30" x="209.85" y="598.35" angle="90.00" type="DEFAULT_VEHTYPE" speed="0.00" pos="5.10" lane="1/3to2/3_0" slope="0.00"/>
        <vehicle id="4" x="198.35" y="318.56" angle="0.00" type="DEFAULT_VEHTYPE" speed="13.55" pos="76.69" lane="1/2to1/1_0" slope="0.00"/>
        <vehicle id="5" x="342.51" y="201.65" angle="-90.00" type="DEFAULT_VEHTYPE" speed="13.07" pos="52.74" lane="2/1to1/1_0" slope="0.00"/>
        <vehicle id="6" x="561.55" y="201.65" angle="-90.00" type="DEFAULT_VEHTYPE" speed="13.14" pos="33.70" lane="3/1to2/1_0" slope="0.00"/>
        <vehicle id="7" x="401.65" y="234.92" angle="180.00" type="DEFAULT_VEHTYPE" speed="11.82" pos="30.17" lane="2/1to2/2_0" slope="0.00"/>
        <vehicle id="8" x="601.65" y="228.10" angle="180.00" type="DEFAULT_VEHTYPE" speed="11.54" pos="23.35" lane="3/1to3/2_0" slope="0.00"/>
    </timestep>
    <timestep time="31.00">
        <vehicle id="0" x="401.65" y="170.62" angle="180.00" type="DEFAULT_VEHTYPE" speed="12.48" pos="170.62" lane="2/0to2/1_0" slope="0.00"/>
        <vehicle id="1" x="172.98" y="598.35" angle="90.00" type="DEFAULT_VEHTYPE" speed="13.31" pos="172.98" lane="0/3to1/3_0" slope="0.00"/>
        <vehicle id="10" x="371.15" y="201.65" angle="-90.00" type="DEFAULT_VEHTYPE" speed="11.23" pos="24.10" lane="2/1to1/1_0" slope="0.00"/>
        <vehicle id="11" x="201.01" y="201.56" angle="127.90" type="DEFAULT_VEHTYPE" speed="7.71" pos="7.03" lane=":1/1_14_0" slope="0.00"/>
        <vehicle id="12" x="391.52" y="598.35" angle="90.00" type="DEFAULT_VEHTYPE" speed="1.00" pos="186.77" lane="1/3to2/3_0" slope="0.00"/>
        <vehicle id="13" x="198.35" y="0.15" angle="0.00" type="DEFAULT_VEHTYPE" speed="12.84" pos="195.10" lane="1/1to1/0_0" slope="0.00"/>
        <vehicle id="14" x="401.65" y="586.24" angle="180.00" type="DEFAULT_VEHTYPE" speed="6.18" pos="181.49" lane="2/2to2/3_0" slope="0.00"/>
        <vehicle id="15" x="424.74" y="201.65" angle="-90.00" type="DEFAULT_VEHTYPE" speed="12.23" pos="170.51" lane="3/1to2/1_0" slope="0.00"/>
        <vehicle id="16" x="398.35" y="235.73" angle="0.00" type="DEFAULT_VEHTYPE" speed="12.83" pos="159.52" lane="2/2to2/1_0" slope="0.00"/>
        <vehicle id="17" x="45.36" y="401.65" angle="-90.00" type="DEFAULT_VEHTYPE" speed="12.98" pos="149.89" lane="1/2to0/2_0" slope="0.00"/>
        <vehicle id="18" x="347.90" y="398.35" angle="90.00" type="DEFAULT_VEHTYPE" speed="13.81" pos="143.15" lane="1/2to2/2_0" slope="0.00"/>
        <vehicle id="19" x="535.58" y="598.35" angle="90.00" type="DEFAULT_VEHTYPE" speed="12.84" pos="130.83" lane="2/3to3/3_0" slope="0.00"/>
        <vehicle id="2" x="153.82" y="398.35" angle="90.00" type="DEFAULT_VEHTYPE" speed="12.62" pos="153.82" lane="0/2to1/2_0" slope="0.00"/>
        <vehicle id="20" x="201.65" y="713.93" angle="180.00" type="DEFAULT_VEHTYPE" speed="13.19" pos="109.18" lane="1/3to1/4_0" slope="0.00"/>
        <vehicle id="21" x="94.60" y="201.65" angle="-90.00" type="DEFAULT_VEHTYPE" speed="13.41" pos="100.65" lane="1/1to0/1_0" slope="0.00"/>
        <vehicle id="22" x="489.94" y="598.35" angle="90.00" type="DEFAULT_VEHTYPE" speed="12.77" pos="85.19" lane="2/3to3/3_0" slope="0.00"/>
        <vehicle id="23" x="401.65" y="673.86" angle="180.00" type="DEFAULT_VEHTYPE" speed="13.86" pos="69.11" lane="2/3to2/4_0" slope="0.00"/>
        <vehicle id="24" x="267.67" y="398.35" angle="90.00" type="DEFAULT_VEHTYPE" speed="12.76" pos="62.92" lane="1/2to2/2_0" slope="0.00"/>
        <vehicle id="25" x="598.35" y="546.23" angle="0.00" type="DEFAULT_VEHTYPE" speed="12.65" pos="49.02" lane="3/3to3/2_0" slope="0.00"/>
        <vehicle id="26" x="435.61" y="598.35" angle="90.00" type="DEFAULT_VEHTYPE" speed="8.75" pos="30.86" lane="2/3to3/3_0" slope="0.00"/>
        <vehicle id="27" x="198.35" y="184.63" angle="0.00" type="DEFAULT_VEHTYPE" speed="3.43" pos="10.62" lane="1/1to1/0_0" slope="0.00"/>
        <vehicle id="28" x="601.65" y="623.32" angle="180.00" type="DEFAULT_VEHTYPE" speed="6.27" pos="18.57" lane="3/3to3/4_0" slope="0.00"/>
        <vehicle id="29" x="598.35" y="184.06" angle="0.00" type="DEFAULT_VEHTYPE" speed="4.24" pos="11.19" lane="3/1to3/0_0" slope="0.00"/>
        <vehicle id="3" x="201.65" y="313.67" angle="180.00" type="DEFAULT_VEHTYPE" speed="12.72" pos="108.92" lane="1/1to1/2_0" slope="0.00"/>
        <vehicle id="30" x="211.57" y="598.35" angle="90.00" type="DEFAULT_VEHTYPE" speed="1.72" pos="6.82" lane="1/3to2/3_0" slope="0.00"/>
        <vehicle id="31" x="5.10" y="198.35" angle="90.00" type="DEFAULT_VEHTYPE" speed="0.00" pos="5.10" lane="0/1to1/1_0" slope="0.00"/>
        <vehicle id="4" x="198.35" y="305.56" angle="0.00" type="DEFAULT_VEHTYPE" speed="13.00" pos="89.69" lane="1/2to1/1_0" slope="0.00"/>
        <vehicle id="5" x="328.81" y="201.65" angle="-90.00" type="DEFAULT_VEHTYPE" speed="13.70" pos="66.44" lane="2/1to1/1_0" slope="0.00"/>
        <vehicle id="6" x="548.47" y="201.65" angle="-90.00" type="DEFAULT_VEHTYPE" speed="13.08" pos="46.78" lane="3/1to2/1_0" slope="0.00"/>
        <vehicle id="7" x="401.65" y="247.75" angle="180.00" type="DEFAULT_VEHTYPE" speed="12.82" pos="43.00" lane="2/1to2/2_0" slope="0.00"/>
        <vehicle id="8" x="601.65" y="241.14" angle="180.00" type="DEFAULT_VEHTYPE" speed="13.04" pos="36.39" lane="3/1to3/2_0" slope="0.00"/>
    </timestep>
    <timestep time="32.00">
        <vehicle id="0" x="401.65" y="179.96" angle="180.00" type="DEFAULT_VEHTYPE" speed="9.34" pos="179.96" lane="2/0to2/1_0" slope="0.00"/>
        <vehicle id="1" x="181.94" y="598.35" angle="90.00" type="DEFAULT_VEHTYPE" speed="8.97" pos="181.94" lane="0/3to1/3_0" slope="0.00"/>
        <vehicle id="10" x="358.32" y="201.65" angle="-90.00" type="DEFAULT_VEHTYPE" speed="12.83" pos="36.93" lane="2/1to1/1_0" slope="0.00"/>
        <vehicle id="11" x="201.65" y="211.49" angle="180.00" type="DEFAULT_VEHTYPE" speed="10.03" pos="6.74" lane="1/1to1/2_0" slope="0.00"/>
        <vehicle id="12" x="392.54" y="598.35" angle="90.00" type="DEFAULT_VEHTYPE" speed="1.02" pos="187.79" lane="1/3to2/3_0" slope="0.00"/>
        <vehicle id="13" x="201.65" y="7.95" angle="180.00" type="DEFAULT_VEHTYPE" speed="12.92" pos="7.95" lane="1/0to1/1_0" slope="0.00"/>
        <vehicle id="14" x="401.65" y="589.33" angle="180.00" type="DEFAULT_VEHTYPE" speed="3.09" pos="184.58" lane="2/2to2/3_0" slope="0.00"/>
        <vehicle id="15" x="416.75" y="201.65" angle="-90.00" type="DEFAULT_VEHTYPE" speed="7.98" pos="178.50" lane="3/1to2/1_0" slope="0.00"/>
        <vehicle id="16" x="398.35" y="222.99" angle="0.00" type="DEFAULT_VEHTYPE" speed="12.74" pos="172.26" lane="2/2to2/1_0" slope="0.00"/>
        <vehicle id="17" x="32.13" y="401.65" angle="-90.00" type="DEFAULT_VEHTYPE" speed="13.24" pos="163.12" lane="1/2to0/2_0" slope="0.00"/>
        <vehicle id="18" x="361.77" y="398.35" angle="90.00" type="DEFAULT_VEHTYPE" speed="13.87" pos="157.02" lane="1/2to2/2_0" slope="0.00"/>
        <vehicle id="19" x="549.00" y="598.35" angle="90.00" type="DEFAULT_VEHTYPE" speed="13.42" pos="144.25" lane="2/3to3/3_0" slope="0.00"/>
        <vehicle id="2" x="166.79" y="398.35" angle="90.00" type="DEFAULT_VEHTYPE" speed="12.98" pos="166.79" lane="0/2to1/2_0" slope="0.00"/>
        <vehicle id="20" x="201.65" y="727.52" angle="180.00" type="DEFAULT_VEHTYPE" speed="13.59" pos="122.77" lane="1/3to1/4_0" slope="0.00"/>
        <vehicle id="21" x="80.88" y="201.65" angle="-90.00" type="DEFAULT_VEHTYPE" speed="13.72" pos="114.37" lane="1/1to0/1_0" slope="0.00"/>
        <vehicle id="22" x="503.70" y="598.35" angle="90.00" type="DEFAULT_VEHTYPE" speed="13.76" pos="98.95" lane="2/3to3/3_0" slope="0.00"/>
        <vehicle id="23" x="401.65" y="687.74" angle="180.00" type="DEFAULT_VEHTYPE" speed="13.88" pos="82.99" lane="2/3to2/4_0" slope="0.00"/>
        <vehicle id="24" x="281.53" y="398.35" angle="90.00" type="DEFAULT_VEHTYPE" speed="13.86" pos="76.78" lane="1/2to2/2_0" slope="0.00"/>
        <vehicle id="25" x="598.35" y="532.91" angle="0.00" type="DEFAULT_VEHTYPE" speed="13.31" pos="62.34" lane="3/3to3/2_0" slope="0.00"/>
        <vehicle id="26" x="446.16" y="598.35" angle="90.00" type="DEFAULT_VEHTYPE" speed="10.55" pos="41.41" lane="2/3to3/3_0" slope="0.00"/>
        <vehicle id="27" x="198.35" y="179.53" angle="0.00" type="DEFAULT_VEHTYPE" speed="5.10" pos="15.72" lane="1/1to1/0_0" slope="0.00"/>
        <vehicle id="28" x="601.65" y="631.40" angle="180.00" type="DEFAULT_VEHTYPE" speed="8.08" pos="26.65" lane="3/3to3/4_0" slope="0.00"/>
        <vehicle id="29" x="598.35" y="177.57" angle="0.00" type="DEFAULT_VEHTYPE" speed="6.49" pos="17.68" lane="3/1to3/0_0" slope="0.00"/>
        <vehicle id="3" x="201.65" y="326.82" angle="180.00" type="DEFAULT_VEHTYPE" speed="13.15" pos="122.07" lane="1/1to1/2_0" slope="0.00"/>
        <vehicle id="30" x="215.73" y="598.35" angle="90.00" type="DEFAULT_VEHTYPE" speed="4.16" pos="10.98" lane="1/3to2/3_0" slope="0.00"/>
        <vehicle id="31" x="6.75" y="198.35" angle="90.00" type="DEFAULT_VEHTYPE" speed="1.65" pos="6.75" lane="0/1to1/1_0" slope="0.00"/>
        <vehicle id="32" x="601.65" y="209.85" angle="180.00" type="DEFAULT_VEHTYPE" speed="0.00" pos="5.10" lane="3/1to3/2_0" slope="0.00"/>
        <vehicle id="4" x="198.35" y="292.58" angle="0.00" type="DEFAULT_VEHTYPE" speed="12.98" pos="102.67" lane="1/2to1/1_0" slope="0.00"/>
        <vehicle id="5" x="315.43" y="201.65" angle="-90.00" type="DEFAULT_VEHTYPE" speed="13.38" pos="79.82" lane="2/1to1/1_0" slope="0.00"/>
        <vehicle id="6" x="535.09" y="201.65" angle="-90.00" type="DEFAULT_VEHTYPE" speed="13.38" pos="60.16" lane="3/1to2/1_0" slope="0.00"/>
        <vehicle id="7" x="401.65" y="261.46" angle="180.00" type="DEFAULT_VEHTYPE" speed="13.71" pos="56.71" lane="2/1to2/2_0" slope="0.00"/>
        <vehicle id="8" x="601.65" y="254.45" angle="180.00" type="DEFAULT_VEHTYPE" speed="13.31" pos="49.70" lane="3/1to3/2_0" slope="0.00"/>
    </timestep>
    <timestep time="33.00">
        <vehicle id="0" x="401.65" y="186.41" angle="180.00" type="DEFAULT_VEHTYPE" speed="6.45" pos="186.41" lane="2/0to2/1_0" slope="0.00"/>
        <vehicle id="1" x="187.57" y="598.35" angle="90.00" type="DEFAULT_VEHTYPE" speed="5.63" pos="187.57" lane="0/3to1/3_0" slope="0.00"/>
        <vehicle id="10" x="345.02" y="201.65" angle="-90.00" type="DEFAULT_VEHTYPE" speed="13.30" pos="50.23" lane="2/1to1/1_0" slope="0.00"/>
        <vehicle id="11" x="201.65" y="224.01" angle="180.00" type="DEFAULT_VEHTYPE" speed="12.52" pos="19.26" lane="1/1to1/2_0" slope="0.00"/>
        <vehicle id="12" x="392.70" y="598.35" angle="90.00" type="DEFAULT_VEHTYPE" speed="0.15" pos="187.95" lane="1/3to2/3_0" slope="0.00"/>
        <vehicle id="13" x="201.65" y="20.89" angle="180.00" type="DEFAULT_VEHTYPE" speed="12.94" pos="20.89" lane="1/0to1/1_0" slope="0.00"/>
        <vehicle id="14" x="401.65" y="594.71" angle="180.00" type="DEFAULT_VEHTYPE" speed="5.38" pos="189.96" lane="2/2to2/3_0" slope="0.00"/>
        <vehicle id="15" x="411.16" y="201.65" angle="-90.00" type="DEFAULT_VEHTYPE" speed="5.59" pos="184.09" lane="3/1to2/1_0" slope="0.00"/>
        <vehicle id="16" x="398.35" y="210.35" angle="0.00" type="DEFAULT_VEHTYPE" speed="12.65" pos="184.90" lane="2/2to2/1_0" slope="0.00"/>
        <vehicle id="17" x="19.17" y="401.65" angle="-90.00" type="DEFAULT_VEHTYPE" speed="12.96" pos="176.08" lane="1/2to0/2_0" slope="0.00"/>
        <vehicle id="18" x="373.66" y="398.35" angle="90.00" type="DEFAULT_VEHTYPE" speed="11.88" pos="168.91" lane="1/2to2/2_0" slope="0.00"/>
        <vehicle id="19" x="562.18" y="598.35" angle="90.00" type="DEFAULT_VEHTYPE" speed="13.18" pos="157.43" lane="2/3to3/3_0" slope="0.00"/>
        <vehicle id="2" x="177.49" y="398.35" angle="90.00" type="DEFAULT_VEHTYPE" speed="10.70" pos="177.49" lane="0/2to1/2_0" slope="0.00"/>
        <vehicle id="20" x="201.65" y="740.53" angle="180.00" type="DEFAULT_VEHTYPE" speed="13.01" pos="135.78" lane="1/3to1/4_0" slope="0.00"/>
        <vehicle id="21" x="68.10" y="201.65" angle="-90.00" type="DEFAULT_VEHTYPE" speed="12.78" pos="127.15" lane="1/1to0/1_0" slope="0.00"/>
        <vehicle id="22" x="517.37" y="598.35" angle="90.00" type="DEFAULT_VEHTYPE" speed="13.67" pos="112.62" lane="2/3to3/3_0" slope="0.00"/>
        <vehicle id="23" x="401.65" y="700.89" angle="180.00" type="DEFAULT_VEHTYPE" speed="13.15" pos="96.14" lane="2/3to2/4_0" slope="0.00"/>
        <vehicle id="24" x="295.15" y="398.35" angle="90.00" type="DEFAULT_VEHTYPE" speed="13.62" pos="90.40" lane="1/2to2/2_0" slope="0.00"/>
        <vehicle id="25" x="598.35" y="519.25" angle="0.00" type="DEFAULT_VEHTYPE" speed="13.67" pos="76.00" lane="3/3to3/2_0" slope="0.00"/>
        <vehicle id="26" x="458.33" y="598.35" angle="90.00" type="DEFAULT_VEHTYPE" speed="12.17" pos="53.58" lane="2/3to3/3_0" slope="0.00"/>
        <vehicle id="27" x="198.35" y="173.11" angle="0.00" type="DEFAULT_VEHTYPE" speed="6.43" pos="22.14" lane="1/1to1/0_0" slope="0.00"/>
        <vehicle id="28" x="601.65" y="641.68" angle="180.00" type="DEFAULT_VEHTYPE" speed="10.28" pos="36.93" lane="3/3to3/4_0" slope="0.00"/>
        <vehicle id="29" x="598.35" y="169.69" angle="0.00" type="DEFAULT_VEHTYPE" speed="7.88" pos="25.56" lane="3/1to3/0_0" slope="0.00"/>
        <vehicle id="3" x="201.65" y="340.17" angle="180.00" type="DEFAULT_VEHTYPE" speed="13.35" pos="135.42" lane="1/1to1/2_0" slope="0.00"/>
        <vehicle id="30" x="222.21" y="598.35" angle="90.00" type="DEFAULT_VEHTYPE" speed="6.48" pos="17.46" lane="1/3to2/3_0" slope="0.00"/>
        <vehicle id="31" x="10.47" y="198.35" angle="90.00" type="DEFAULT_VEHTYPE" speed="3.72" pos="10.47" lane="0/1to1/1_0" slope="0.00"/>
        <vehicle id="32" x="601.65" y="212.27" angle="180.00" type="DEFAULT_VEHTYPE" speed="2.42" pos="7.52" lane="3/1to3/2_0" slope="0.00"/>
        <vehicle id="33" x="598.35" y="794.90" angle="0.00" type="DEFAULT_VEHTYPE" speed="0.00" pos="5.10" lane="3/4to3/3_0" slope="0.00"/>
        <vehicle id="4" x="198.35" y="279.11" angle="0.00" type="DEFAULT_VEHTYPE" speed="13.46" pos="116.14" lane="1/2to1/1_0" slope="0.00"/>
        <vehicle id="5" x="302.27" y="201.65" angle="-90.00" type="DEFAULT_VEHTYPE" speed="13.16" pos="92.98" lane="2/1to1/1_0" slope="0.00"/>
        <vehicle id="6" x="521.32" y="201.65" angle="-90.00" type="DEFAULT_VEHTYPE" speed="13.77" pos="73.93" lane="3/1to2/1_0" slope="0.00"/>
        <vehicle id="7" x="401.65" y="274.54" angle="180.00" type="DEFAULT_VEHTYPE" speed="13.08" pos="69.79" lane="2/1to2/2_0" slope="0.00"/>
        <vehicle id="8" x="601.65" y="267.39" angle="180.00" type="DEFAULT_VEHTYPE" speed="12.94" pos="62.64" lane="3/1to3/2_0" slope="0.00"/>
    </timestep>
    <timestep time="34.00">
        <vehicle id="0" x="401.65" y="189.45" angle="180.00" type="DEFAULT_VEHTYPE" speed="3.04" pos="189.45" lane="2/0to2/1_0" slope="0.00"/>
        <vehicle id="1" x="190.52" y="598.35" angle="90.00" type="DEFAULT_VEHTYPE" speed="2.94" pos="190.52" lane="0/3to1/3_0" slope="0.00"/>
        <vehicle id="10" x="332.16" y="201.65" angle="-90.00" type="DEFAULT_VEHTYPE" speed="12.87" pos="63.09" lane="2/1to1/1_0" slope="0.00"/>
        <vehicle id="11" x="201.65" y="236.79" angle="180.00" type="DEFAULT_VEHTYPE" speed="12.77" pos="32.04" lane="1/1to1/2_0" slope="0.00"/>
        <vehicle id="12" x="392.74" y="598.35" angle="90.00" type="DEFAULT_VEHTYPE" speed="0.04" pos="187.99" lane="1/3to2/3_0" slope="0.00"/>
        <vehicle id="13" x="201.65" y="33.56" angle="180.00" type="DEFAULT_VEHTYPE" speed="12.67" pos="33.56" lane="1/0to1/1_0" slope="0.00"/>
        <vehicle id="14" x="398.94" y="600.72" angle="-148.14" type="DEFAULT_VEHTYPE" speed="6.99" pos="6.45" lane=":2/3_10_0" slope="0.00"/>
        <vehicle id="15" x="404.01" y="201.75" angle="-91.18" type="DEFAULT_VEHTYPE" speed="7.15" pos="0.75" lane=":2/1_4_0" slope="0.00"/>
        <vehicle id="16" x="392.56" y="201.65" angle="-82.10" type="DEFAULT_VEHTYPE" speed="13.29" pos="2.69" lane="2/1to1/1_0" slope="0.00"/>
        <vehicle id="17" x="6.45" y="401.65" angle="-90.00" type="DEFAULT_VEHTYPE" speed="12.71" pos="188.80" lane="1/2to0/2_0" slope="0.00"/>
        <vehicle id="18" x="382.39" y="398.35" angle="90.00" type="DEFAULT_VEHTYPE" speed="8.73" pos="177.64" lane="1/2to2/2_0" slope="0.00"/>
        <vehicle id="19" x="574.18" y="598.35" angle="90.00" type="DEFAULT_VEHTYPE" speed="12.00" pos="169.43" lane="2/3to3/3_0" slope="0.00"/>
        <vehicle id="2" x="185.51" y="398.35" angle="90.00" type="DEFAULT_VEHTYPE" speed="8.02" pos="185.51" lane="0/2to1/2_0" slope="0.00"/>
        <vehicle id="20" x="201.65" y="753.46" angle="180.00" type="DEFAULT_VEHTYPE" speed="12.93" pos="148.71" lane="1/3to1/4_0" slope="0.00"/>
        <vehicle id="21" x="54.86" y="201.65" angle="-90.00" type="DEFAULT_VEHTYPE" speed="13.24" pos="140.39" lane="1/1to0/1_0" slope="0.00"/>
        <vehicle id="22" x="529.99" y="598.35" angle="90.00" type="DEFAULT_VEHTYPE" speed="12.62" pos="125.24" lane="2/3to3/3_0" slope="0.00"/>
        <vehicle id="23" x="401.65" y="714.40" angle="180.00" type="DEFAULT_VEHTYPE" speed="13.51" pos="109.65" lane="2/3to2/4_0" slope="0.00"/>
        <vehicle id="24" x="308.64" y="398.35" angle="90.00" type="DEFAULT_VEHTYPE" speed="13.49" pos="103.89" lane="1/2to2/2_0" slope="0.00"/>
        <vehicle id="25" x="598.35" y="505.89" angle="0.00" type="DEFAULT_VEHTYPE" speed="13.35" pos="89.36" lane="3/3to3/2_0" slope="0.00"/>
        <vehicle id="26" x="471.74" y="598.35" angle="90.00" type="DEFAULT_VEHTYPE" speed="13.41" pos="66.99" lane="2/3to3/3_0" slope="0.00"/>
        <vehicle id="27" x="198.35" y="164.15" angle="0.00" type="DEFAULT_VEHTYPE" speed="8.95" pos="31.10" lane="1/1to1/0_0" slope="0.00"/>
        <vehicle id="28" x="601.65" y="653.38" angle="180.00" type="DEFAULT_VEHTYPE" speed="11.70" pos="48.63" lane="3/3to3/4_0" slope="0.00"/>
        <vehicle id="29" x="598.35" y="160.50" angle="0.00" type="DEFAULT_VEHTYPE" speed="9.19" pos="34.75" lane="3/1to3/0_0" slope="0.00"/>
        <vehicle id="3" x="201.65" y="353.08" angle="180.00" type="DEFAULT_VEHTYPE" speed="12.90" pos="148.33" lane="1/1to1/2_0" slope="0.00"/>
        <vehicle id="30" x="230.80" y="598.35" angle="90.00" type="DEFAULT_VEHTYPE" speed="8.59" pos="26.05" lane="1/3to2/3_0" slope="0.00"/>
        <vehicle id="31" x="15.88" y="198.35" angle="90.00" type="DEFAULT_VEHTYPE" speed="5.41" pos="15.88" lane="0/1to1/1_0" slope="0.00"/>
        <vehicle id="32" x="601.65" y="217.14" angle="180.00" type="DEFAULT_VEHTYPE" speed="4.87" pos="12.39" lane="3/1to3/2_0" slope="0.00"/>
        <vehicle id="33" x="598.35" y="793.59" angle="0.00" type="DEFAULT_VEHTYPE" speed="1.31" pos="6.41" lane="3/4to3/3_0" slope="0.00"/>
        <vehicle id="34" x="601.65" y="5.10" angle="180.00" type="DEFAULT_VEHTYPE" speed="0.00" pos="5.10" lane="3/0to3/1_0" slope="0.00"/>
        <vehicle id="4" x="198.35" y="265.59" angle="0.00" type="DEFAULT_VEHTYPE" speed="13.52" pos="129.66" lane="1/2to1/1_0" slope="0.00"/>
        <vehicle id="5" x="288.74" y="201.65" angle="-90.00" type="DEFAULT_VEHTYPE" speed="13.54" pos="106.51" lane="2/1to1/1_0" slope="0.00"/>
        <vehicle id="6" x="508.08" y="201.65" angle="-90.00" type="DEFAULT_VEHTYPE" speed="13.24" pos="87.17" lane="3/1to2/1_0" slope="0.00"/>
        <vehicle id="7" x="401.65" y="288.12" angle="180.00" type="DEFAULT_VEHTYPE" speed="13.58" pos="83.37" lane="2/1to2/2_0" slope="0.00"/>
        <vehicle id="8" x="601.65" y="280.09" angle="180.00" type="DEFAULT_VEHTYPE" speed="12.70" pos="75.34" lane="3/1to3/2_0" slope="0.00"/>
    </timestep>
    <timestep time="35.00">
        <vehicle id="0" x="401.65" y="195.06" angle="180.00" type="DEFAULT_VEHTYPE" speed="5.61" pos="195.06" lane="2/0to2/1_0" slope="0.00"/>
        <vehicle id="1" x="194.94" y="598.35" angle="90.00" type="DEFAULT_VEHTYPE" speed="4.42" pos="194.94" lane="0/3to1/3_0" slope="0.00"/>
        <vehicle id="10" x="318.82" y="201.65" angle="-90.00" type="DEFAULT_VEHTYPE" speed="13.34" pos="76.43" lane="2/1to1/1_0" slope="0.00"/>
        <vehicle id="11" x="201.65" y="249.94" angle="180.00" type="DEFAULT_VEHTYPE" speed="13.16" pos="45.19" lane="1/1to1/2_0" slope="0.00"/>
        <vehicle id="12" x="392.74" y="598.35" angle="90.00" type="DEFAULT_VEHTYPE" speed="0.00" pos="187.99" lane="1/3to2/3_0" slope="0.00"/>
        <vehicle id="13" x="201.65" y="46.31" angle="180.00" type="DEFAULT_VEHTYPE" speed="12.75" pos="46.31" lane="1/0to1/1_0" slope="0.00"/>
        <vehicle id="14" x="390.58" y="601.65" angle="-90.53" type="DEFAULT_VEHTYPE" speed="8.54" pos="4.67" lane="2/3to1/3_0" slope="0.00"/>
        <vehicle id="15" x="401.65" y="209.63" angle="-179.81" type="DEFAULT_VEHTYPE" speed="9.14" pos="4.88" lane="2/1to2/2_0" slope="0.00"/>
        <vehicle id="16" x="379.01" y="201.65" angle="-90.00" type="DEFAULT_VEHTYPE" speed="13.55" pos="16.24" lane="2/1to1/1_0" slope="0.00"/>
        <vehicle id="17" x="1.45" y="398.35" angle="43.95" type="DEFAULT_VEHTYPE" speed="12.72" pos="1.45" lane="0/2to1/2_0" slope="0.00"/>
        <vehicle id="18" x="388.11" y="398.35" angle="90.00" type="DEFAULT_VEHTYPE" speed="5.71" pos="183.36" lane="1/2to2/2_0" slope="0.00"/>
        <vehicle id="19" x="583.20" y="598.35" angle="90.00" type="DEFAULT_VEHTYPE" speed="9.02" pos="178.45" lane="2/3to3/3_0" slope="0.00"/>
        <vehicle id="2" x="189.03" y="398.35" angle="90.00" type="DEFAULT_VEHTYPE" speed="3.52" pos="189.03" lane="0/2to1/2_0" slope="0.00"/>
        <vehicle id="20" x="201.65" y="767.08" angle="180.00" type="DEFAULT_VEHTYPE" speed="13.62" pos="162.33" lane="1/3to1/4_0" slope="0.00"/>
        <vehicle id="21" x="41.09" y="201.65" angle="-90.00" type="DEFAULT_VEHTYPE" speed="13.77" pos="154.16" lane="1/1to0/1_0" slope="0.00"/>
        <vehicle id="22" x="543.87" y="598.35" angle="90.00" type="DEFAULT_VEHTYPE" speed="13.87" pos="139.12" lane="2/3to3/3_0" slope="0.00"/>
        <vehicle id="23" x="401.65" y="728.27" angle="180.00" type="DEFAULT_VEHTYPE" speed="13.87" pos="123.52" lane="2/3to2/4_0" slope="0.00"/>
        <vehicle id="24" x="321.81" y="398.35" angle="90.00" type="DEFAULT_VEHTYPE" speed="13.17" pos="117.06" lane="1/2to2/2_0" slope="0.00"/>
        <vehicle id="25" x="598.35" y="492.47" angle="0.00" type="DEFAULT_VEHTYPE" speed="13.42" pos="102.78" lane="3/3to3/2_0" slope="0.00"/>
        <vehicle id="26" x="485.56" y="598.35" angle="90.00" type="DEFAULT_VEHTYPE" speed="13.81" pos="80.81" lane="2/3to3/3_0" slope="0.00"/>
        <vehicle id="27" x="198.35" y="153.85" angle="0.00" type="DEFAULT_VEHTYPE" speed="10.30" pos="41.40" lane="1/1to1/0_0" slope="0.00"/>
        <vehicle id="28" x="601.65" y="666.40" angle="180.00" type="DEFAULT_VEHTYPE" speed="13.01" pos="61.65" lane="3/3to3/4_0" slope="0.00"/>
        <vehicle id="29" x="598.35" y="148.78" angle="0.00" type="DEFAULT_VEHTYPE" speed="11.72" pos="46.47" lane="3/1to3/0_0" slope="0.00"/>
        <vehicle id="3" x="201.65" y="366.52" angle="180.00" type="DEFAULT_VEHTYPE" speed="13.44" pos="161.77" lane="1/1to1/2_0" slope="0.00"/>
        <vehicle id="30" x="240.75" y="598.35" angle="90.00" type="DEFAULT_VEHTYPE" speed="9.96" pos="36.00" lane="1/3to2/3_0" slope="0.00"/>
        <vehicle id="31" x="23.57" y="198.35" angle="90.00" type="DEFAULT_VEHTYPE" speed="7.70" pos="23.57" lane="0/1to1/1_0" slope="0.00"/>
        <vehicle id="32" x="601.65" y="223.58" angle="180.00" type="DEFAULT_VEHTYPE" speed="6.44" pos="18.83" lane="3/1to3/2_0" slope="0.00"/>
        <vehicle id="33" x="598.35" y="790.46" angle="0.00" type="DEFAULT_VEHTYPE" speed="3.13" pos="9.54" lane="3/4to3/3_0" slope="0.00"/>
        <vehicle id="34" x="601.65" y="6.85" angle="180.00" type="DEFAULT_VEHTYPE" speed="1.75" pos="6.85" lane="3/0to3/1_0" slope="0.00"/>
        <vehicle id="35" x="609.85" y="198.35" angle="90.00" type="DEFAULT_VEHTYPE" speed="0.00" pos="5.10" lane="3/1to4/1_0" slope="0.00"/>
        <vehicle id="4" x="198.35" y="252.56" angle="0.00" type="DEFAULT_VEHTYPE" speed="13.03" pos="142.69" lane="1/2to1/1_0" slope="0.00"/>
        <vehicle id="5" x="275.86" y="201.65" angle="-90.00" type="DEFAULT_VEHTYPE" speed="12.88" pos="119.39" lane="2/1to1/1_0" slope="0.00"/>
        <vehicle id="6" x="495.22" y="201.65" angle="-90.00" type="DEFAULT_VEHTYPE" speed="12.86" pos="100.03" lane="3/1to2/1_0" slope="0.00"/>
        <vehicle id="7" x="401.65" y="300.79" angle="180.00" type="DEFAULT_VEHTYPE" speed="12.67" pos="96.04" lane="2/1to2/2_0" slope="0.00"/>
        <vehicle id="8" x="601.65" y="293.71" angle="180.00" type="DEFAULT_VEHTYPE" speed="13.62" pos="88.96" lane="3/1to3/2_0" slope="0.00"/>
    </timestep>
    <timestep time="36.00">
        <vehicle id="0" x="398.46" y="201.00" angle="-142.33" type="DEFAULT_VEHTYPE" speed="7.20" pos="7.01" lane=":2/1_10_0" slope="0.00"/>
        <vehicle id="1" x="201.43" y="598.35" angle="90.00" type="DEFAULT_VEHTYPE" speed="6.49" pos="6.18" lane=":1/3_13_0" slope="0.00"/>
        <vehicle id="10" x="305.35" y="201.65" angle="-90.00" type="DEFAULT_VEHTYPE" speed="13.47" pos="89.90" lane="2/1to1/1_0" slope="0.00"/>
        <vehicle id="11" x="201.65" y="262.90" angle="180.00" type="DEFAULT_VEHTYPE" speed="12.95" pos="58.15" lane="1/1to1/2_0" slope="0.00"/>
        <vehicle id="12" x="392.74" y="598.35" angle="90.00" type="DEFAULT_VEHTYPE" speed="0.00" pos="187.99" lane="1/3to2/3_0" slope="0.00"/>
        <vehicle id="13" x="201.65" y="59.52" angle="180.00" type="DEFAULT_VEHTYPE" speed="13.20" pos="59.52" lane="1/0to1/1_0" slope="0.00"/>
        <vehicle id="14" x="379.77" y="601.65" angle="-90.00" type="DEFAULT_VEHTYPE" speed="10.81" pos="15.48" lane="2/3to1/3_0" slope="0.00"/>
        <vehicle id="15" x="401.65" y="220.43" angle="180.00" type="DEFAULT_VEHTYPE" speed="10.80" pos="15.68" lane="2/1to2/2_0" slope="0.00"/>
        <vehicle id="16" x="365.58" y="201.65" angle="-90.00" type="DEFAULT_VEHTYPE" speed="13.43" pos="29.67" lane="2/1to1/1_0" slope="0.00"/>
        <vehicle id="17" x="14.57" y="398.35" angle="90.00" type="DEFAULT_VEHTYPE" speed="13.12" pos="14.57" lane="0/2to1/2_0" slope="0.00"/>
        <vehicle id="18" x="390.99" y="398.35" angle="90.00" type="DEFAULT_VEHTYPE" speed="2.89" pos="186.24" lane="1/2to2/2_0" slope="0.00"/>
        <vehicle id="19" x="588.06" y="598.35" angle="90.00" type="DEFAULT_VEHTYPE" speed="4.86" pos="183.31" lane="2/3to3/3_0" slope="0.00"/>
        <vehicle id="2" x="194.02" y="398.35" angle="90.00" type="DEFAULT_VEHTYPE" speed="4.98" pos="194.02" lane="0/2to1/2_0" slope="0.00"/>
        <vehicle id="20" x="201.65" y="779.77" angle="180.00" type="DEFAULT_VEHTYPE" speed="12.70" pos="175.02" lane="1/3to1/4_0" slope="0.00"/>
        <vehicle id="21" x="27.48" y="201.65" angle="-90.00" type="DEFAULT_VEHTYPE" speed="13.61" pos="167.77" lane="1/1to0/1_0" slope="0.00"/>
        <vehicle id="22" x="556.71" y="598.35" angle="90.00" type="DEFAULT_VEHTYPE" speed="12.84" pos="151.96" lane="2/3to3/3_0" slope="0.00"/>
        <vehicle id="23" x="401.65" y="741.95" angle="180.00" type="DEFAULT_VEHTYPE" speed="13.69" pos="137.20" lane="2/3to2/4_0" slope="0.00"/>
        <vehicle id="24" x="335.31" y="398.35" angle="90.00" type="DEFAULT_VEHTYPE" speed="13.49" pos="130.56" lane="1/2to2/2_0" slope="0.00"/>
        <vehicle id="25" x="598.35" y="479.26" angle="0.00" type="DEFAULT_VEHTYPE" speed="13.21" pos="115.99" lane="3/3to3/2_0" slope="0.00"/>
        <vehicle id="26" x="499.28" y="598.35" angle="90.00" type="DEFAULT_VEHTYPE" speed="13.72" pos="94.53" lane="2/3to3/3_0" slope="0.00"/>
        <vehicle id="27" x="198.35" y="141.23" angle="0.00" type="DEFAULT_VEHTYPE" speed="12.62" pos="54.02" lane="1/1to1/0_0" slope="0.00"/>
        <vehicle id="28" x="601.65" y="679.53" angle="180.00" type="DEFAULT_VEHTYPE" speed="13.13" pos="74.78" lane="3/3to3/4_0" slope="0.00"/>
        <vehicle id="29" x="598.35" y="135.33" angle="0.00" type="DEFAULT_VEHTYPE" speed="13.45" pos="59.92" lane="3/1to3/0_0" slope="0.00"/>
        <vehicle id="3" x="201.65" y="379.94" angle="180.00" type="DEFAULT_VEHTYPE" speed="13.42" pos="175.19" lane="1/1to1/2_0" slope="0.00"/>
        <vehicle id="30" x="252.04" y="598.35" angle="90.00" type="DEFAULT_VEHTYPE" speed="11.28" pos="47.29" lane="1/3to2/3_0" slope="0.00"/>
        <vehicle id="31" x="32.79" y="198.35" angle="90.00" type="DEFAULT_VEHTYPE" speed="9.22" pos="32.79" lane="0/1to1/1_0" slope="0.00"/>
        <vehicle id="32" x="601.65" y="232.52" angle="180.00" type="DEFAULT_VEHTYPE" speed="8.95" pos="27.77" lane="3/1to3/2_0" slope="0.00"/>
        <vehicle id="33" x="598.35" y="784.94" angle="0.00" type="DEFAULT_VEHTYPE" speed="5.52" pos="15.06" lane="3/4to3/3_0" slope="0.00"/>
        <vehicle id="34" x="601.65" y="11.10" angle="180.00" type="DEFAULT_VEHTYPE" speed="4.25" pos="11.10" lane="3/0to3/1_0" slope="0.00"/>
        <vehicle id="35" x="611.93" y="198.35" angle="90.00" type="DEFAULT_VEHTYPE" speed="2.08" pos="7.18" lane="3/1to4/1_0" slope="0.00"/>
        <vehicle id="4" x="198.35" y="239.93" angle="0.00" type="DEFAULT_VEHTYPE" speed="12.63" pos="155.32" lane="1/2to1/1_0" slope="0.00"/>
        <vehicle id="5" x="262.85" y="201.65" angle="-90.00" type="DEFAULT_VEHTYPE" speed="13.00" pos="132.40" lane="2/1to1/1_0" slope="0.00"/>
        <vehicle id="6" x="482.39" y="201.65" angle="-90.00" type="DEFAULT_VEHTYPE" speed="12.82" pos="112.86" lane="3/1to2/1_0" slope="0.00"/>
        <vehicle id="7" x="401.65" y="314.52" angle="180.00" type="DEFAULT_VEHTYPE" speed="13.73" pos="109.77" lane="2/1to2/2_0" slope="0.00"/>
        <vehicle id="8" x="601.65" y="306.56" angle="180.00" type="DEFAULT_VEHTYPE" speed="12.85" pos="101.81" lane="3/1to3/2_0" slope="0.00"/>
    </timestep>
    <timestep time="37.00">
        <vehicle id="0" x="389.47" y="201.65" angle="-90.00" type="DEFAULT_VEHTYPE" speed="9.08" pos="5.78" lane="2/1to1/1_0" slope="0.00"/>
        <vehicle id="1" x="209.86" y="598.35" angle="90.00" type="DEFAULT_VEHTYPE" speed="8.43" pos="5.11" lane="1/3to2/3_0" slope="0.00"/>
        <vehicle id="10" x="291.68" y="201.65" angle="-90.00" type="DEFAULT_VEHTYPE" speed="13.67" pos="103.57" lane="2/1to1/1_0" slope="0.00"/>
        <vehicle id="11" x="201.65" y="275.79" angle="180.00" type="DEFAULT_VEHTYPE" speed="12.89" pos="71.04" lane="1/1to1/2_0" slope="0.00"/>
        <vehicle id="12" x="394.22" y="598.35" angle="90.00" type="DEFAULT_VEHTYPE" speed="1.47" pos="189.47" lane="1/3to2/3_0" slope="0.00"/>
        <vehicle id="13" x="201.65" y="72.75" angle="180.00" type="DEFAULT_VEHTYPE" speed="13.24" pos="72.75" lane="1/0to1/1_0" slope="0.00"/>
        <vehicle id="14" x="367.62" y="601.65" angle="-90.00" type="DEFAULT_VEHTYPE" speed="12.15" pos="27.63" lane="2/3to1/3_0" slope="0.00"/>
        <vehicle id="15" x="401.65" y="233.20" angle="180.00" type="DEFAULT_VEHTYPE" speed="12.77" pos="28.45" lane="2/1to2/2_0" slope="0.00"/>
        <vehicle id="16" x="352.49" y="201.65" angle="-90.00" type="DEFAULT_VEHTYPE" speed="13.09" pos="42.76" lane="2/1to1/1_0" slope="0.00"/>
        <vehicle id="17" x="27.93" y="398.35" angle="90.00" type="DEFAULT_VEHTYPE" speed="13.37" pos="27.93" lane="0/2to1/2_0" slope="0.00"/>
        <vehicle id="18" x="395.95" y="398.35" angle="90.00" type="DEFAULT_VEHTYPE" speed="4.95" pos="0.70" lane=":2/2_13_0" slope="0.00"/>
        <vehicle id="19" x="590.25" y="598.35" angle="90.00" type="DEFAULT_VEHTYPE" speed="2.19" pos="185.50" lane="2/3to3/3_0" slope="0.00"/>
        <vehicle id="2" x="198.35" y="395.02" angle="41.00" type="DEFAULT_VEHTYPE" speed="6.47" pos="0.23" lane="1/2to1/1_0" slope="0.00"/>
        <vehicle id="20" x="201.65" y="792.78" angle="180.00" type="DEFAULT_VEHTYPE" speed="13.01" pos="188.03" lane="1/3to1/4_0" slope="0.00"/>
        <vehicle id="21" x="13.75" y="201.65" angle="-90.00" type="DEFAULT_VEHTYPE" speed="13.72" pos="181.50" lane="1/1to0/1_0" slope="0.00"/>
        <vehicle id="22" x="568.06" y="598.35" angle="90.00" type="DEFAULT_VEHTYPE" speed="11.36" pos="163.31" lane="2/3to3/3_0" slope="0.00"/>
        <vehicle id="23" x="401.65" y="754.82" angle="180.00" type="DEFAULT_VEHTYPE" speed="12.86" pos="150.07" lane="2/3to2/4_0" slope="0.00"/>
        <vehicle id="24" x="347.93" y="398.35" angle="90.00" type="DEFAULT_VEHTYPE" speed="12.62" pos="143.18" lane="1/2to2/2_0" slope="0.00"/>
        <vehicle id="25" x="598.35" y="465.46" angle="0.00" type="DEFAULT_VEHTYPE" speed="13.80" pos="129.79" lane="3/3to3/2_0" slope="0.00"/>
        <vehicle id="26" x="512.08" y="598.35" angle="90.00" type="DEFAULT_VEHTYPE" speed="12.80" pos="107.33" lane="2/3to3/3_0" slope="0.00"/>
        <vehicle id="27" x="198.35" y="127.41" angle="0.00" type="DEFAULT_VEHTYPE" speed="13.82" pos="67.84" lane="1/1to1/0_0" slope="0.00"/>
        <vehicle id="28" x="601.65" y="693.15" angle="180.00" type="DEFAULT_VEHTYPE" speed="13.62" pos="88.40" lane="3/3to3/4_0" slope="0.00"/>
        <vehicle id="29" x="598.35" y="121.89" angle="0.00" type="DEFAULT_VEHTYPE" speed="13.43" pos="73.36" lane="3/1to3/0_0" slope="0.00"/>
        <vehicle id="3" x="201.65" y="393.31" angle="180.00" type="DEFAULT_VEHTYPE" speed="13.37" pos="188.56" lane="1/1to1/2_0" slope="0.00"/>
        <vehicle id="30" x="265.22" y="598.35" angle="90.00" type="DEFAULT_VEHTYPE" speed="13.19" pos="60.47" lane="1/3to2/3_0" slope="0.00"/>
        <vehicle id="31" x="44.04" y="198.35" angle="90.00" type="DEFAULT_VEHTYPE" speed="11.24" pos="44.04" lane="0/1to1/1_0" slope="0.00"/>
        <vehicle id="32" x="601.65" y="243.98" angle="180.00" type="DEFAULT_VEHTYPE" speed="11.46" pos="39.23" lane="3/1to3/2_0" slope="0.00"/>
        <vehicle id="33" x="598.35" y="776.98" angle="0.00" type="DEFAULT_VEHTYPE" speed="7.96" pos="23.02" lane="3/4to3/3_0" slope="0.00"/>
        <vehicle id="34" x="601.65" y="16.92" angle="180.00" type="DEFAULT_VEHTYPE" speed="5.82" pos="16.92" lane="3/0to3/1_0" slope="0.00"/>
        <vehicle id="35" x="615.38" y="198.35" angle="90.00" type="DEFAULT_VEHTYPE" speed="3.45" pos="10.63" lane="3/1to4/1_0" slope="0.00"/>
        <vehicle id="36" x="590.15" y="601.65" angle="-90.00" type="DEFAULT_VEHTYPE" speed="0.00" pos="5.10" lane="3/3to2/3_0" slope="0.00"/>
        <vehicle id="37" x="409.85" y="198.35" angle="90.00" type="DEFAULT_VEHTYPE" speed="0.00" pos="5.10" lane="2/1to3/1_0" slope="0.00"/>
        <vehicle id="4" x="198.35" y="227.15" angle="0.00" type="DEFAULT_VEHTYPE" speed="12.78" pos="168.10" lane="1/2to1/1_0" slope="0.00"/>
        <vehicle id="5" x="249.72" y="201.65" angle="-90.00" type="DEFAULT_VEHTYPE" speed="13.14" pos="145.53" lane="2/1to1/1_0" slope="0.00"/>
        <vehicle id="6" x="468.54" y="201.65" angle="-90.00" type="DEFAULT_VEHTYPE" speed="13.85" pos="126.71" lane="3/1to2/1_0" slope="0.00"/>
        <vehicle id="7" x="401.65" y="328.10" angle="180.00" type="DEFAULT_VEHTYPE" speed="13.58" pos="123.35" lane="2/1to2/2_0" slope="0.00"/>
        <vehicle id="8" x="601.65" y="319.50" angle="180.00" type="DEFAULT_VEHTYPE" speed="12.94" pos="114.75" lane="3/1to3/2_0" slope="0.00"/>
    </timestep>
    <timestep time="38.00">
        <vehicle id="0" x="377.90" y="201.65" angle="-90.00" type="DEFAULT_VEHTYPE" speed="11.58" pos="17.35" lane="2/1to1/1_0" slope="0.00"/>
        <vehicle id="1" x="220.39" y="598.35" angle="90.00" type="DEFAULT_VEHTYPE" speed="10.52" pos="15.64" lane="1/3to2/3_0" slope="0.00"/>
        <vehicle id="10" x="278.29" y="201.65" angle="-90.00" type="DEFAULT_VEHTYPE" speed="13.39" pos="116.96" lane="2/1to1/1_0" slope="0.00"/>
        <vehicle id="11" x="201.65" y="289.07" angle="180.00" type="DEFAULT_VEHTYPE" speed="13.28" pos="84.32" lane="1/1to1/2_0" slope="0.00"/>
        <vehicle id="12" x="396.74" y="599.69" angle="106.80" type="DEFAULT_VEHTYPE" speed="3.10" pos="2.06" lane=":2/3_15_0" slope="0.00"/>
        <vehicle id="13" x="201.65" y="85.97" angle="180.00" type="DEFAULT_VEHTYPE" speed="13.22" pos="85.97" lane="1/0to1/1_0" slope="0.00"/>
        <vehicle id="14" x="353.82" y="601.65" angle="-90.00" type="DEFAULT_VEHTYPE" speed="13.80" pos="41.43" lane="2/3to1/3_0" slope="0.00"/>
        <vehicle id="15" x="401.65" y="246.36" angle="180.00" type="DEFAULT_VEHTYPE" speed="13.16" pos="41.61" lane="2/1to2/2_0" slope="0.00"/>
        <vehicle id="16" x="339.20" y="201.65" angle="-90.00" type="DEFAULT_VEHTYPE" speed="13.29" pos="56.05" lane="2/1to1/1_0" slope="0.00"/>
        <vehicle id="17" x="41.63" y="398.35" angle="90.00" type="DEFAULT_VEHTYPE" speed="13.69" pos="41.63" lane="0/2to1/2_0" slope="0.00"/>
        <vehicle id="18" x="402.24" y="398.35" angle="90.00" type="DEFAULT_VEHTYPE" speed="6.29" pos="6.99" lane=":2/2_13_0" slope="0.00"/>
        <vehicle id="19" x="591.28" y="598.35" angle="90.00" type="DEFAULT_VEHTYPE" speed="1.03" pos="186.53" lane="2/3to3/3_0" slope="0.00"/>
        <vehicle id="2" x="198.35" y="387.03" angle="0.00" type="DEFAULT_VEHTYPE" speed="7.98" pos="8.22" lane="1/2to1/1_0" slope="0.00"/>
        <vehicle id="20" x="198.35" y="798.19" angle="-37.17" type="DEFAULT_VEHTYPE" speed="13.84" pos="1.81" lane="1/4to1/3_0" slope="0.00"/>
        <vehicle id="21" x="0.86" y="201.65" angle="-90.00" type="DEFAULT_VEHTYPE" speed="12.89" pos="194.39" lane="1/1to0/1_0" slope="0.00"/>
        <vehicle id="22" x="575.36" y="598.35" angle="90.00" type="DEFAULT_VEHTYPE" speed="7.30" pos="170.61" lane="2/3to3/3_0" slope="0.00"/>
        <vehicle id="23" x="401.65" y="768.49" angle="180.00" type="DEFAULT_VEHTYPE" speed="13.68" pos="163.74" lane="2/3to2/4_0" slope="0.00"/>
        <vehicle id="24" x="361.10" y="398.35" angle="90.00" type="DEFAULT_VEHTYPE" speed="13.17" pos="156.35" lane="1/2to2/2_0" slope="0.00"/>
        <vehicle id="25" x="598.35" y="452.64" angle="0.00" type="DEFAULT_VEHTYPE" speed="12.82" pos="142.61" lane="3/3to3/2_0" slope="0.00"/>
        <vehicle id="26" x="525.31" y="598.35" angle="90.00" type="DEFAULT_VEHTYPE" speed="13.23" pos="120.56" lane="2/3to3/3_0" slope="0.00"/>
        <vehicle id="27" x="198.35" y="114.33" angle="0.00" type="DEFAULT_VEHTYPE" speed="13.08" pos="80.92" lane="1/1to1/0_0" slope="0.00"/>
        <vehicle id="28" x="601.65" y="706.46" angle="180.00" type="DEFAULT_VEHTYPE" speed="13.32" pos="101.71" lane="3/3to3/4_0" slope="0.00"/>
        <vehicle id="29" x="598.35" y="109.00" angle="0.00" type="DEFAULT_VEHTYPE" speed="12.89" pos="86.25" lane="3/1to3/0_0" slope="0.00"/>
        <vehicle id="3" x="201.65" y="406.41" angle="180.00" type="DEFAULT_VEHTYPE" speed="13.10" pos="1.66" lane="1/2to1/3_0" slope="0.00"/>
        <vehicle id="30" x="278.48" y="598.35" angle="90.00" type="DEFAULT_VEHTYPE" speed="13.26" pos="73.73" lane="1/3to2/3_0" slope="0.00"/>
        <vehicle id="31" x="57.64" y="198.35" angle="90.00" type="DEFAULT_VEHTYPE" speed="13.61" pos="57.64" lane="0/1to1/1_0" slope="0.00"/>
        <vehicle id="32" x="601.65" y="256.65" angle="180.00" type="DEFAULT_VEHTYPE" speed="12.68" pos="51.90" lane="3/1to3/2_0" slope="0.00"/>
        <vehicle id="33" x="598.35" y="767.63" angle="0.00" type="DEFAULT_VEHTYPE" speed="9.34" pos="32.37" lane="3/4to3/3_0" slope="0.00"/>
        <vehicle id="34" x="601.65" y="25.12" angle="180.00" type="DEFAULT_VEHTYPE" speed="8.20" pos="25.12" lane="3/0to3/1_0" slope="0.00"/>
        <vehicle id="35" x="620.36" y="198.35" angle="90.00" type="DEFAULT_VEHTYPE" speed="4.98" pos="15.61" lane="3/1to4/1_0" slope="0.00"/>
        <vehicle id="36" x="588.01" y="601.65" angle="-90.00" type="DEFAULT_VEHTYPE" speed="2.14" pos="7.24" lane="3/3to2/3_0" slope="0.00"/>
        <vehicle id="37" x="411.83" y="198.35" angle="90.00" type="DEFAULT_VEHTYPE" speed="1.98" pos="7.08" lane="2/1to3/1_0" slope="0.00"/>
        <vehicle id="38" x="209.85" y="598.35" angle="90.00" type="DEFAULT_VEHTYPE" speed="0.00" pos="5.10" lane="1/3to2/3_0" slope="0.00"/>
        <vehicle id="4" x="198.35" y="218.11" angle="0.00" type="DEFAULT_VEHTYPE" speed="9.04" pos="177.14" lane="1/2to1/1_0" slope="0.00"/>
        <vehicle id="5" x="236.91" y="201.65" angle="-90.00" type="DEFAULT_VEHTYPE" speed="12.81" pos="158.34" lane="2/1to1/1_0" slope="0.00"/>
        <vehicle id="6" x="454.99" y="201.65" angle="-90.00" type="DEFAULT_VEHTYPE" speed="13.56" pos="140.26" lane="3/1to2/1_0" slope="0.00"/>
        <vehicle id="7" x="401.65" y="341.38" angle="180.00" type="DEFAULT_VEHTYPE" speed="13.28" pos="136.63" lane="2/1to2/2_0" slope="0.00"/>
        <vehicle id="8" x="601.65" y="333.32" angle="180.00" type="DEFAULT_VEHTYPE" speed="13.81" pos="128.57" lane="3/1to3/2_0" slope="0.00"/>
    </timestep>
    <timestep time="39.00">
        <vehicle id="0" x="364.15" y="201.65" angle="-90.00" type="DEFAULT_VEHTYPE" speed="13.75" pos="31.10" lane="2/1to1/1_0" slope="0.00"/>
        <vehicle id="1" x="232.95" y="598.35" angle="90.00" type="DEFAULT_VEHTYPE" speed="12.56" pos="28.20" lane="1/3to2/3_0" slope="0.00"/>
        <vehicle id="10" x="265.61" y="201.65" angle="-90.00" type="DEFAULT_VEHTYPE" speed="12.67" pos="129.64" lane="2/1to1/1_0" slope="0.00"/>
        <vehicle id="11" x="201.65" y="302.10" angle="180.00" type="DEFAULT_VEHTYPE" speed="13.03" pos="97.35" lane="1/1to1/2_0" slope="0.00"/>
        <vehicle id="12" x="393.29" y="601.65" angle="-123.54" type="DEFAULT_VEHTYPE" speed="4.72" pos="1.96" lane="2/3to1/3_0" slope="0.00"/>
        <vehicle id="13" x="201.65" y="99.19" angle="180.00" type="DEFAULT_VEHTYPE" speed="13.22" pos="99.19" lane="1/0to1/1_0" slope="0.00"/>
        <vehicle id="14" x="341.13" y="601.65" angle="-90.00" type="DEFAULT_VEHTYPE" speed="12.70" pos="54.12" lane="2/3to1/3_0" slope="0.00"/>
        <vehicle id="15" x="401.65" y="259.42" angle="180.00" type="DEFAULT_VEHTYPE" speed="13.06" pos="54.67" lane="2/1to2/2_0" slope="0.00"/>
        <vehicle id="16" x="325.67" y="201.65" angle="-90.00" type="DEFAULT_VEHTYPE" speed="13.54" pos="69.58" lane="2/1to1/1_0" slope="0.00"/>
        <vehicle id="17" x="55.17" y="398.35" angle="90.00" type="DEFAULT_VEHTYPE" speed="13.54" pos="55.17" lane="0/2to1/2_0" slope="0.00"/>
        <vehicle id="18" x="410.06" y="398.35" angle="90.00" type="DEFAULT_VEHTYPE" speed="7.82" pos="5.31" lane="2/2to3/2_0" slope="0.00"/>
        <vehicle id="19" x="593.90" y="598.35" angle="90.00" type="DEFAULT_VEHTYPE" speed="2.62" pos="189.15" lane="2/3to3/3_0" slope="0.00"/>
        <vehicle id="2" x="198.35" y="377.01" angle="0.00" type="DEFAULT_VEHTYPE" speed="10.03" pos="18.24" lane="1/2to1/1_0" slope="0.00"/>
        <vehicle id="20" x="198.35" y="785.21" angle="0.00" type="DEFAULT_VEHTYPE" speed="12.99" pos="14.79" lane="1/4to1/3_0" slope="0.00"/>
        <vehicle id="21" x="7.77" y="198.35" angle="90.00" type="DEFAULT_VEHTYPE" speed="13.45" pos="7.77" lane="0/1to1/1_0" slope="0.00"/>
        <vehicle id="22" x="579.46" y="598.35" angle="90.00" type="DEFAULT_VEHTYPE" speed="4.10" pos="174.71" lane="2/3to3/3_0" slope="0.00"/>
        <vehicle id="23" x="401.65" y="781.76" angle="180.00" type="DEFAULT_VEHTYPE" speed="13.27" pos="177.01" lane="2/3to2/4_0" slope="0.00"/>
        <vehicle id="24" x="373.76" y="398.35" angle="90.00" type="DEFAULT_VEHTYPE" speed="12.66" pos="169.01" lane="1/2to2/2_0" slope="0.00"/>
        <vehicle id="25" x="598.35" y="439.06" angle="0.00" type="DEFAULT_VEHTYPE" speed="13.58" pos="156.19" lane="3/3to3/2_0" slope="0.00"/>
        <vehicle id="26" x="539.20" y="598.35" angle="90.00" type="DEFAULT_VEHTYPE" speed="13.89" pos="134.45" lane="2/3to3/3_0" slope="0.00"/>
        <vehicle id="27" x="198.35" y="101.21" angle="0.00" type="DEFAULT_VEHTYPE" speed="13.12" pos="94.04" lane="1/1to1/0_0" slope="0.00"/>
        <vehicle id="28" x="601.65" y="719.24" angle="180.00" type="DEFAULT_VEHTYPE" speed="12.77" pos="114.49" lane="3/3to3/4_0" slope="0.00"/>
        <vehicle id="29" x="598.35" y="95.61" angle="0.00" type="DEFAULT_VEHTYPE" speed="13.40" pos="99.64" lane="3/1to3/0_0" slope="0.00"/>
        <vehicle id="3" x="201.65" y="419.11" angle="180.00" type="DEFAULT_VEHTYPE" speed="12.70" pos="14.36" lane="1/2to1/3_0" slope="0.00"/>
        <vehicle id="30" x="292.16" y="598.35" angle="90.00" type="DEFAULT_VEHTYPE" speed="13.68" pos="87.41" lane="1/3to2/3_0" slope="0.00"/>
        <vehicle id="31" x="70.87" y="198.35" angle="90.00" type="DEFAULT_VEHTYPE" speed="13.23" pos="70.87" lane="0/1to1/1_0" slope="0.00"/>
        <vehicle id="32" x="601.65" y="269.51" angle="180.00" type="DEFAULT_VEHTYPE" speed="12.86" pos="64.76" lane="3/1to3/2_0" slope="0.00"/>
        <vehicle id="33" x="598.35" y="756.15" angle="0.00" type="DEFAULT_VEHTYPE" speed="11.48" pos="43.85" lane="3/4to3/3_0" slope="0.00"/>
        <vehicle id="34" x="601.65" y="35.53" angle="180.00" type="DEFAULT_VEHTYPE" speed="10.41" pos="35.53" lane="3/0to3/1_0" slope="0.00"/>
        <vehicle id="35" x="627.86" y="198.35" angle="90.00" type="DEFAULT_VEHTYPE" speed="7.50" pos="23.11" lane="3/1to4/1_0" slope="0.00"/>
        <vehicle id="36" x="583.82" y="601.65" angle="-90.00" type="DEFAULT_VEHTYPE" speed="4.19" pos="11.43" lane="3/3to2/3_0" slope="0.00"/>
        <vehicle id="37" x="416.23" y="198.35" angle="90.00" type="DEFAULT_VEHTYPE" speed="4.40" pos="11.48" lane="2/1to3/1_0" slope="0.00"/>
        <vehicle id="38" x="211.92" y="598.35" angle="90.00" type="DEFAULT_VEHTYPE" speed="2.07" pos="7.17" lane="1/3to2/3_0" slope="0.00"/>
        <vehicle id="39" x="398.35" y="190.15" angle="0.00" type="DEFAULT_VEHTYPE" speed="0.00" pos="5.10" lane="2/1to2/0_0" slope="0.00"/>
        <vehicle id="4" x="198.35" y="211.82" angle="0.00" type="DEFAULT_VEHTYPE" speed="6.30" pos="183.43" lane="1/2to1/1_0" slope="0.00"/>
        <vehicle id="5" x="225.62" y="201.65" angle="-90.00" type="DEFAULT_VEHTYPE" speed="11.29" pos="169.63" lane="2/1to1/1_0" slope="0.00"/>
        <vehicle id="6" x="441.17" y="201.65" angle="-90.00" type="DEFAULT_VEHTYPE" speed="13.81" pos="154.08" lane="3/1to2/1_0" slope="0.00"/>
        <vehicle id="7" x="401.65" y="355.04" angle="180.00" type="DEFAULT_VEHTYPE" speed="13.66" pos="150.29" lane="2/1to2/2_0" slope="0.00"/>
        <vehicle id="8" x="601.65" y="346.15" angle="180.00" type="DEFAULT_VEHTYPE" speed="12.83" pos="141.40" lane="3/1to3/2_0" slope="0.00"/>
    </timestep>
    <timestep time="40.00">
        <vehicle id="0" x="351.00" y="201.65" angle="-90.00" type="DEFAULT_VEHTYPE" speed="13.14" pos="44.25" lane="2/1to1/1_0" slope="0.00"/>
        <vehicle id="1" x="246.28" y="598.35" angle="90.00" type="DEFAULT_VEHTYPE" speed="13.33" pos="41.53" lane="1/3to2/3_0" slope="0.00"/>
        <vehicle id="10" x="252.31" y="201.65" angle="-90.00" type="DEFAULT_VEHTYPE" speed="13.30" pos="142.94" lane="2/1to1/1_0" slope="0.00"/>
        <vehicle id="11" x="201.65" y="315.21" angle="180.00" type="DEFAULT_VEHTYPE" speed="13.11" pos="110.46" lane="1/1to1/2_0" slope="0.00"/>
        <vehicle id="12" x="386.20" y="601.65" angle="-90.00" type="DEFAULT_VEHTYPE" speed="7.08" pos="9.05" lane="2/3to1/3_0" slope="0.00"/>
        <vehicle id="13" x="201.65" y="111.84" angle="180.00" type="DEFAULT_VEHTYPE" speed="12.65" pos="111.84" lane="1/0to1/1_0" slope="0.00"/>
        <vehicle id="14" x="327.80" y="601.65" angle="-90.00" type="DEFAULT_VEHTYPE" speed="13.32" pos="67.45" lane="2/3to1/3_0" slope="0.00"/>
        <vehicle id="15" x="401.65" y="273.24" angle="180.00" type="DEFAULT_VEHTYPE" speed="13.83" pos="68.49" lane="2/1to2/2_0" slope="0.00"/>
        <vehicle id="16" x="312.22" y="201.65" angle="-90.00" type="DEFAULT_VEHTYPE" speed="13.44" pos="83.03" lane="2/1to1/1_0" slope="0.00"/>
        <vehicle id="17" x="68.06" y="398.35" angle="90.00" type="DEFAULT_VEHTYPE" speed="12.89" pos="68.06" lane="0/2to1/2_0" slope="0.00"/>
        <vehicle id="18" x="419.90" y="398.35" angle="90.00" type="DEFAULT_VEHTYPE" speed="9.84" pos="15.15" lane="2/2to3/2_0" slope="0.00"/>
        <vehicle id="19" x="596.36" y="600.92" angle="134.41" type="DEFAULT_VEHTYPE" speed="4.84" pos="3.49" lane=":3/3_15_0" slope="0.00"/>
        <vehicle id="2" x="198.35" y="364.61" angle="0.00" type="DEFAULT_VEHTYPE" speed="12.40" pos="30.64" lane="1/2to1/1_0" slope="0.00"/>
        <vehicle id="20" x="198.35" y="772.19" angle="0.00" type="DEFAULT_VEHTYPE" speed="13.01" pos="27.81" lane="1/4to1/3_0" slope="0.00"/>
        <vehicle id="21" x="20.70" y="198.35" angle="90.00" type="DEFAULT_VEHTYPE" speed="12.93" pos="20.70" lane="0/1to1/1_0" slope="0.00"/>
        <vehicle id="22" x="583.03" y="598.35" angle="90.00" type="DEFAULT_VEHTYPE" speed="3.56" pos="178.28" lane="2/3to3/3_0" slope="0.00"/>
        <vehicle id="23" x="401.65" y="794.65" angle="180.00" type="DEFAULT_VEHTYPE" speed="12.89" pos="189.90" lane="2/3to2/4_0" slope="0.00"/>
        <vehicle id="24" x="382.18" y="398.35" angle="90.00" type="DEFAULT_VEHTYPE" speed="8.43" pos="177.43" lane="1/2to2/2_0" slope="0.00"/>
        <vehicle id="25" x="598.35" y="425.37" angle="0.00" type="DEFAULT_VEHTYPE" speed="13.69" pos="169.88" lane="3/3to3/2_0" slope="0.00"/>
        <vehicle id="26" x="551.29" y="598.35" angle="90.00" type="DEFAULT_VEHTYPE" speed="12.09" pos="146.54" lane="2/3to3/3_0" slope="0.00"/>
        <vehicle id="27" x="198.35" y="87.70" angle="0.00" type="DEFAULT_VEHTYPE" speed="13.51" pos="107.55" lane="1/1to1/0_0" slope="0.00"/>
        <vehicle id="28" x="601.65" y="732.14" angle="180.00" type="DEFAULT_VEHTYPE" speed="12.90" pos="127.39" lane="3/3to3/4_0" slope="0.00"/>
        <vehicle id="29" x="598.35" y="82.37" angle="0.00" type="DEFAULT_VEHTYPE" speed="13.23" pos="112.88" lane="3/1to3/0_0" slope="0.00"/>
        <vehicle id="3" x="201.65" y="431.89" angle="180.00" type="DEFAULT_VEHTYPE" speed="12.79" pos="27.14" lane="1/2to1/3_0" slope="0.00"/>
        <vehicle id="30" x="305.02" y="598.35" angle="90.00" type="DEFAULT_VEHTYPE" speed="12.87" pos="100.27" lane="1/3to2/3_0" slope="0.00"/>
        <vehicle id="31" x="83.76" y="198.35" angle="90.00" type="DEFAULT_VEHTYPE" speed="12.88" pos="83.76" lane="0/1to1/1_0" slope="0.00"/>
        <vehicle id="32" x="601.65" y="283.31" angle="180.00" type="DEFAULT_VEHTYPE" speed="13.79" pos="78.56" lane="3/1to3/2_0" slope="0.00"/>
        <vehicle id="33" x="598.35" y="743.26" angle="0.00" type="DEFAULT_VEHTYPE" speed="12.89" pos="56.74" lane="3/4to3/3_0" slope="0.00"/>
        <vehicle id="34" x="601.65" y="48.53" angle="180.00" type="DEFAULT_VEHTYPE" speed="13.00" pos="48.53" lane="3/0to3/1_0" slope="0.00"/>
        <vehicle id="35" x="637.53" y="198.35" angle="90.00" type="DEFAULT_VEHTYPE" speed="9.67" pos="32.78" lane="3/1to4/1_0" slope="0.00"/>
        <vehicle id="36" x="577.64" y="601.65" angle="-90.00" type="DEFAULT_VEHTYPE" speed="6.18" pos="17.61" lane="3/3to2/3_0" slope="0.00"/>
        <vehicle id="37" x="423.22" y="198.35" angle="90.00" type="DEFAULT_VEHTYPE" speed="6.99" pos="18.47" lane="2/1to3/1_0" slope="0.00"/>
        <vehicle id="38" x="215.91" y="598.35" angle="90.00" type="DEFAULT_VEHTYPE" speed="3.99" pos="11.16" lane="1/3to2/3_0" slope="0.00"/>
        <vehicle id="39" x="398.35" y="187.77" angle="0.00" type="DEFAULT_VEHTYPE" speed="2.38" pos="7.48" lane="2/1to2/0_0" slope="0.00"/>
        <vehicle id="4" x="198.35" y="208.72" angle="0.00" type="DEFAULT_VEHTYPE" speed="3.10" pos="186.53" lane="1/2to1/1_0" slope="0.00"/>
        <vehicle id="40" x="601.65" y="5.10" angle="180.00" type="DEFAULT_VEHTYPE" speed="0.00" pos="5.10" lane="3/0to3/1_0" slope="0.00"/>
        <vehicle id="5" x="217.56" y="201.65" angle="-90.00" type="DEFAULT_VEHTYPE" speed="8.06" pos="177.69" lane="2/1to1/1_0" slope="0.00"/>
        <vehicle id="6" x="427.75" y="201.65" angle="-90.00" type="DEFAULT_VEHTYPE" speed="13.42" pos="167.50" lane="3/1to2/1_0" slope="0.00"/>
        <vehicle id="7" x="401.65" y="368.58" angle="180.00" type="DEFAULT_VEHTYPE" speed="13.53" pos="163.83" lane="2/1to2/2_0" slope="0.00"/>
        <vehicle id="8" x="601.65" y="359.91" angle="180.00" type="DEFAULT_VEHTYPE" speed="13.76" pos="155.16" lane="3/1to3/2_0" slope="0.00"/>
    </timestep>
    <timestep time="41.00">
        <vehicle id="0" x="337.24" y="201.65" angle="-90.00" type="DEFAULT_VEHTYPE" speed="13.76" pos="58.01" lane="2/1to1/1_0" slope="0.00"/>
        <vehicle id="1" x="259.21" y="598.35" angle="90.00" type="DEFAULT_VEHTYPE" speed="12.93" pos="54.46" lane="1/3to2/3_0" slope="0.00"/>
        <vehicle id="10" x="239.25" y="201.65" angle="-90.00" type="DEFAULT_VEHTYPE" speed="13.06" pos="156.00" lane="2/1to1/1_0" slope="0.00"/>
        <vehicle id="11" x="201.65" y="328.73" angle="180.00" type="DEFAULT_VEHTYPE" speed="13.51" pos="123.98" lane="1/1to1/2_0" slope="0.00"/>
        <vehicle id="12" x="377.43" y="601.65" angle="-90.00" type="DEFAULT_VEHTYPE" speed="8.78" pos="17.82" lane="2/3to1/3_0" slope="0.00"/>
        <vehicle id="13" x="201.65" y="124.87" angle="180.00" type="DEFAULT_VEHTYPE" speed="13.03" pos="124.87" lane="1/0to1/1_0" slope="0.00"/>
        <vehicle id="14" x="314.75" y="601.65" angle="-90.00" type="DEFAULT_VEHTYPE" speed="13.05" pos="80.50" lane="2/3to1/3_0" slope="0.00"/>
        <vehicle id="15" x="401.65" y="286.02" angle="180.00" type="DEFAULT_VEHTYPE" speed="12.78" pos="81.27" lane="2/1to2/2_0" slope="0.00"/>
        <vehicle id="16" x="298.99" y="201.65" angle="-90.00" type="DEFAULT_VEHTYPE" speed="13.24" pos="96.26" lane="2/1to1/1_0" slope="0.00"/>
        <vehicle id="17" x="80.70" y="398.35" angle="90.00" type="DEFAULT_VEHTYPE" speed="12.64" pos="80.70" lane="0/2to1/2_0" slope="0.00"/>
        <vehicle id="18" x="431.51" y="398.35" angle="90.00" type="DEFAULT_VEHTYPE" speed="11.60" pos="26.76" lane="2/2to3/2_0" slope="0.00"/>
        <vehicle id="19" x="589.69" y="601.65" angle="-90.00" type="DEFAULT_VEHTYPE" speed="6.89" pos="5.56" lane="3/3to2/3_0" slope="0.00"/>
        <vehicle id="2" x="198.35" y="351.72" angle="0.00" type="DEFAULT_VEHTYPE" speed="12.89" pos="43.53" lane="1/2to1/1_0" slope="0.00"/>
        <vehicle id="20" x="198.35" y="758.85" angle="0.00" type="DEFAULT_VEHTYPE" speed="13.35" pos="41.15" lane="1/4to1/3_0" slope="0.00"/>
        <vehicle id="21" x="33.83" y="198.35" angle="90.00" type="DEFAULT_VEHTYPE" speed="13.13" pos="33.83" lane="0/1to1/1_0" slope="0.00"/>
        <vehicle id="22" x="588.80" y="598.35" angle="90.00" type="DEFAULT_VEHTYPE" speed="5.77" pos="184.05" lane="2/3to3/3_0" slope="0.00"/>
        <vehicle id="23" x="398.35" y="797.05" angle="-16.63" type="DEFAULT_VEHTYPE" speed="13.12" pos="2.95" lane="2/4to2/3_0" slope="0.00"/>
        <vehicle id="24" x="387.91" y="398.35" angle="90.00" type="DEFAULT_VEHTYPE" speed="5.73" pos="183.16" lane="1/2to2/2_0" slope="0.00"/>
        <vehicle id="25" x="598.35" y="411.71" angle="0.00" type="DEFAULT_VEHTYPE" speed="13.66" pos="183.54" lane="3/3to3/2_0" slope="0.00"/>
        <vehicle id="26" x="561.93" y="598.35" angle="90.00" type="DEFAULT_VEHTYPE" speed="10.64" pos="157.18" lane="2/3to3/3_0" slope="0.00"/>
        <vehicle id="27" x="198.35" y="74.88" angle="0.00" type="DEFAULT_VEHTYPE" speed="12.82" pos="120.37" lane="1/1to1/0_0" slope="0.00"/>
        <vehicle id="28" x="601.65" y="745.12" angle="180.00" type="DEFAULT_VEHTYPE" speed="12.98" pos="140.37" lane="3/3to3/4_0" slope="0.00"/>
        <vehicle id="29" x="598.35" y="69.48" angle="0.00" type="DEFAULT_VEHTYPE" speed="12.89" pos="125.77" lane="3/1to3/0_0" slope="0.00"/>
        <vehicle id="3" x="201.65" y="444.97" angle="180.00" type="DEFAULT_VEHTYPE" speed="13.07" pos="40.22" lane="1/2to1/3_0" slope="0.00"/>
        <vehicle id="30" x="318.75" y="598.35" angle="90.00" type="DEFAULT_VEHTYPE" speed="13.73" pos="114.00" lane="1/3to2/3_0" slope="0.00"/>
        <vehicle id="31" x="96.93" y="198.35" angle="90.00" type="DEFAULT_VEHTYPE" speed="13.18" pos="96.93" lane="0/1to1/1_0" slope="0.00"/>
        <vehicle id="32" x="601.65" y="296.03" angle="180.00" type="DEFAULT_VEHTYPE" speed="12.72" pos="91.28" lane="3/1to3/2_0" slope="0.00"/>
        <vehicle id="33" x="598.35" y="730.17" angle="0.00" type="DEFAULT_VEHTYPE" speed="13.09" pos="69.83" lane="3/4to3/3_0" slope="0.00"/>
        <vehicle id="34" x="601.65" y="62.18" angle="180.00" type="DEFAULT_VEHTYPE" speed="13.65" pos="62.18" lane="3/0to3/1_0" slope="0.00"/>
        <vehicle id="35" x="649.25" y="198.35" angle="90.00" type="DEFAULT_VEHTYPE" speed="11.72" pos="44.50" lane="3/1to4/1_0" slope="0.00"/>
        <vehicle id="36" x="569.75" y="601.65" angle="-90.00" type="DEFAULT_VEHTYPE" speed="7.89" pos="25.50" lane="3/3to2/3_0" slope="0.00"/>
        <vehicle id="37" x="431.70" y="198.35" angle="90.00" type="DEFAULT_VEHTYPE" speed="8.48" pos="26.95" lane="2/1to3/1_0" slope="0.00"/>
        <vehicle id="38" x="221.73" y="598.35" angle="90.00" type="DEFAULT_VEHTYPE" speed="5.82" pos="16.98" lane="1/3to2/3_0" slope="0.00"/>
        <vehicle id="39" x="398.35" y="183.75" angle="0.00" type="DEFAULT_VEHTYPE" speed="4.02" pos="11.50" lane="2/1to2/0_0" slope="0.00"/>
        <vehicle id="4" x="198.59" y="203.05" angle="2.79" type="DEFAULT_VEHTYPE" speed="5.69" pos="1.72" lane=":1/1_2_0" slope="0.00"/>
        <vehicle id="40" x="601.65" y="7.69" angle="180.00" type="DEFAULT_VEHTYPE" speed="2.59" pos="7.69" lane="3/0to3/1_0" slope="0.00"/>
        <vehicle id="41" x="398.35" y="590.15" angle="0.00" type="DEFAULT_VEHTYPE" speed="0.00" pos="5.10" lane="2/3to2/2_0" slope="0.00"/>
        <vehicle id="5" x="212.35" y="201.65" angle="-90.00" type="DEFAULT_VEHTYPE" speed="5.21" pos="182.90" lane="2/1to1/1_0" slope="0.00"/>
        <vehicle id="6" x="418.57" y="201.65" angle="-90.00" type="DEFAULT_VEHTYPE" speed="9.19" pos="176.68" lane="3/1to2/1_0" slope="0.00"/>
        <vehicle id="7" x="401.65" y="381.88" angle="180.00" type="DEFAULT_VEHTYPE" speed="13.30" pos="177.13" lane="2/1to2/2_0" slope="0.00"/>
        <vehicle id="8" x="601.65" y="373.81" angle="180.00" type="DEFAULT_VEHTYPE" speed="13.90" pos="169.06" lane="3/1to3/2_0" slope="0.00"/>
    </timestep>
    <timestep time="42.00">
        <vehicle id="0" x="323.70" y="201.65" angle="-90.00" type="DEFAULT_VEHTYPE" speed="13.54" pos="71.55" lane="2/1to1/1_0" slope="0.00"/>
        <vehicle id="1" x="272.56" y="598.35" angle="90.00" type="DEFAULT_VEHTYPE" speed="13.35" pos="67.81" lane="1/3to2/3_0" slope="0.00"/>
        <vehicle id="10" x="229.36" y="201.65" angle="-90.00" type="DEFAULT_VEHTYPE" speed="9.89" pos="165.89" lane="2/1to1/1_0" slope="0.00"/>
        <vehicle id="11" x="201.65" y="342.26" angle="180.00" type="DEFAULT_VEHTYPE" speed="13.53" pos="137.51" lane="1/1to1/2_0" slope="0.00"/>
        <vehicle id="12" x="366.84" y="601.65" angle="-90.00" type="DEFAULT_VEHTYPE" speed="10.59" pos="28.41" lane="2/3to1/3_0" slope="0.00"/>
        <vehicle id="13" x="201.65" y="137.58" angle="180.00" type="DEFAULT_VEHTYPE" speed="12.71" pos="137.58" lane="1/0to1/1_0" slope="0.00"/>
        <vehicle id="14" x="301.61" y="601.65" angle="-90.00" type="DEFAULT_VEHTYPE" speed="13.15" pos="93.64" lane="2/3to1/3_0" slope="0.00"/>
        <vehicle id="15" x="401.65" y="299.35" angle="180.00" type="DEFAULT_VEHTYPE" speed="13.33" pos="94.60" lane="2/1to2/2_0" slope="0.00"/>
        <vehicle id="16" x="286.01" y="201.65" angle="-90.00" type="DEFAULT_VEHTYPE" speed="12.97" pos="109.24" lane="2/1to1/1_0" slope="0.00"/>
        <vehicle id="17" x="94.08" y="398.35" angle="90.00" type="DEFAULT_VEHTYPE" speed="13.39" pos="94.08" lane="0/2to1/2_0" slope="0.00"/>
        <vehicle id="18" x="444.86" y="398.35" angle="90.00" type="DEFAULT_VEHTYPE" speed="13.36" pos="40.11" lane="2/2to3/2_0" slope="0.00"/>
        <vehicle id="19" x="581.15" y="601.65" angle="-90.00" type="DEFAULT_VEHTYPE" speed="8.54" pos="14.10" lane="3/3to2/3_0" slope="0.00"/>
        <vehicle id="2" x="198.35" y="338.31" angle="0.00" type="DEFAULT_VEHTYPE" speed="13.41" pos="56.94" lane="1/2to1/1_0" slope="0.00"/>
        <vehicle id="20" x="198.35" y="745.71" angle="0.00" type="DEFAULT_VEHTYPE" speed="13.14" pos="54.29" lane="1/4to1/3_0" slope="0.00"/>
        <vehicle id="21" x="46.46" y="198.35" angle="90.00" type="DEFAULT_VEHTYPE" speed="12.63" pos="46.46" lane="0/1to1/1_0" slope="0.00"/>
        <vehicle id="22" x="595.90" y="598.44" angle="91.06" type="DEFAULT_VEHTYPE" speed="7.11" pos="0.66" lane=":3/3_14_0" slope="0.00"/>
        <vehicle id="23" x="398.35" y="784.11" angle="0.00" type="DEFAULT_VEHTYPE" speed="12.94" pos="15.89" lane="2/4to2/3_0" slope="0.00"/>
        <vehicle id="24" x="390.64" y="398.35" angle="90.00" type="DEFAULT_VEHTYPE" speed="2.72" pos="185.89" lane="1/2to2/2_0" slope="0.00"/>
        <vehicle id="25" x="594.36" y="401.65" angle="-60.20" type="DEFAULT_VEHTYPE" speed="12.85" pos="0.89" lane="3/2to2/2_0" slope="0.00"/>
        <vehicle id="26" x="572.40" y="598.35" angle="90.00" type="DEFAULT_VEHTYPE" speed="10.47" pos="167.65" lane="2/3to3/3_0" slope="0.00"/>
        <vehicle id="27" x="198.35" y="61.36" angle="0.00" type="DEFAULT_VEHTYPE" speed="13.52" pos="133.89" lane="1/1to1/0_0" slope="0.00"/>
        <vehicle id="28" x="601.65" y="758.18" angle="180.00" type="DEFAULT_VEHTYPE" speed="13.06" pos="153.43" lane="3/3to3/4_0" slope="0.00"/>
        <vehicle id="29" x="598.35" y="55.63" angle="0.00" type="DEFAULT_VEHTYPE" speed="13.85" pos="139.62" lane="3/1to3/0_0" slope="0.00"/>
        <vehicle id="3" x="201.65" y="458.71" angle="180.00" type="DEFAULT_VEHTYPE" speed="13.74" pos="53.96" lane="1/2to1/3_0" slope="0.00"/>
        <vehicle id="30" x="332.10" y="598.35" angle="90.00" type="DEFAULT_VEHTYPE" speed="13.35" pos="127.35" lane="1/3to2/3_0" slope="0.00"/>
        <vehicle id="31" x="110.42" y="198.35" angle="90.00" type="DEFAULT_VEHTYPE" speed="13.49" pos="110.42" lane="0/1to1/1_0" slope="0.00"/>
        <vehicle id="32" x="601.65" y="309.19" angle="180.00" type="DEFAULT_VEHTYPE" speed="13.16" pos="104.44" lane="3/1to3/2_0" slope="0.00"/>
        <vehicle id="33" x="598.35" y="716.36" angle="0.00" type="DEFAULT_VEHTYPE" speed="13.82" pos="83.64" lane="3/4to3/3_0" slope="0.00"/>
        <vehicle id="34" x="601.65" y="75.10" angle="180.00" type="DEFAULT_VEHTYPE" speed="12.92" pos="75.10" lane="3/0to3/1_0" slope="0.00"/>
        <vehicle id="35" x="662.98" y="198.35" angle="90.00" type="DEFAULT_VEHTYPE" speed="13.73" pos="58.23" lane="3/1to4/1_0" slope="0.00"/>
        <vehicle id="36" x="559.81" y="601.65" angle="-90.00" type="DEFAULT_VEHTYPE" speed="9.94" pos="35.44" lane="3/3to2/3_0" slope="0.00"/>
        <vehicle id="37" x="442.15" y="198.35" angle="90.00" type="DEFAULT_VEHTYPE" speed="10.45" pos="37.40" lane="2/1to3/1_0" slope="0.00"/>
        <vehicle id="38" x="229.75" y="598.35" angle="90.00" type="DEFAULT_VEHTYPE" speed="8.02" pos="25.00" lane="1/3to2/3_0" slope="0.00"/>
        <vehicle id="39" x="398.35" y="178.18" angle="0.00" type="DEFAULT_VEHTYPE" speed="5.57" pos="17.07" lane="2/1to2/0_0" slope="0.00"/>
        <vehicle id="4" x="203.75" y="198.49" angle="62.69" type="DEFAULT_VEHTYPE" speed="7.59" pos="2.17" lane=":1/1_16_0" slope="0.00"/>
        <vehicle id="40" x="601.65" y="12.39" angle="180.00" type="DEFAULT_VEHTYPE" speed="4.70" pos="12.39" lane="3/0to3/1_0" slope="0.00"/>
        <vehicle id="41" x="398.35" y="588.40" angle="0.00" type="DEFAULT_VEHTYPE" speed="1.75" pos="6.85" lane="2/3to2/2_0" slope="0.00"/>
        <vehicle id="5" x="208.88" y="201.65" angle="-90.00" type="DEFAULT_VEHTYPE" speed="3.46" pos="186.37" lane="2/1to1/1_0" slope="0.00"/>
        <vehicle id="6" x="412.28" y="201.65" angle="-90.00" type="DEFAULT_VEHTYPE" speed="6.29" pos="182.97" lane="3/1to2/1_0" slope="0.00"/>
        <vehicle id="7" x="401.65" y="394.83" angle="180.00" type="DEFAULT_VEHTYPE" speed="12.96" pos="190.08" lane="2/1to2/2_0" slope="0.00"/>
        <vehicle id="8" x="601.65" y="387.50" angle="180.00" type="DEFAULT_VEHTYPE" speed="13.70" pos="182.75" lane="3/1to3/2_0" slope="0.00"/>
    </timestep>
    <timestep time="43.00">
        <vehicle id="0" x="309.96" y="201.65" angle="-90.00" type="DEFAULT_VEHTYPE" speed="13.74" pos="85.29" lane="2/1to1/1_0" slope="0.00"/>
        <vehicle id="1" x="285.81" y="598.35" angle="90.00" type="DEFAULT_VEHTYPE" speed="13.25" pos="81.06" lane="1/3to2/3_0" slope="0.00"/>
        <vehicle id="10" x="222.89" y="201.65" angle="-90.00" type="DEFAULT_VEHTYPE" speed="6.47" pos="172.36" lane="2/1to1/1_0" slope="0.00"/>
        <vehicle id="11" x="201.65" y="355.89" angle="180.00" type="DEFAULT_VEHTYPE" speed="13.63" pos="151.14" lane="1/1to1/2_0" slope="0.00"/>
        <vehicle id="12" x="354.84" y="601.65" angle="-90.00" type="DEFAULT_VEHTYPE" speed="12.00" pos="40.41" lane="2/3to1/3_0" slope="0.00"/>
        <vehicle id="13" x="201.65" y="151.10" angle="180.00" type="DEFAULT_VEHTYPE" speed="13.52" pos="151.10" lane="1/0to1/1_0" slope="0.00"/>
        <vehicle id="14" x="288.96" y="601.65" angle="-90.00" type="DEFAULT_VEHTYPE" speed="12.64" pos="106.29" lane="2/3to1/3_0" slope="0.00"/>
        <vehicle id="15" x="401.65" y="312.52" angle="180.00" type="DEFAULT_VEHTYPE" speed="13.17" pos="107.77" lane="2/1to2/2_0" slope="0.00"/>
        <vehicle id="16" x="272.18" y="201.65" angle="-90.00" type="DEFAULT_VEHTYPE" speed="13.84" pos="123.07" lane="2/1to1/1_0" slope="0.00"/>
        <vehicle id="17" x="107.48" y="398.35" angle="90.00" type="DEFAULT_VEHTYPE" speed="13.40" pos="107.48" lane="0/2to1/2_0" slope="0.00"/>
        <vehicle id="18" x="458.58" y="398.35" angle="90.00" type="DEFAULT_VEHTYPE" speed="13.72" pos="53.83" lane="2/2to3/2_0" slope="0.00"/>
        <vehicle id="19" x="570.11" y="601.65" angle="-90.00" type="DEFAULT_VEHTYPE" speed="11.04" pos="25.14" lane="3/3to2/3_0" slope="0.00"/>
        <vehicle id="2" x="198.35" y="324.97" angle="0.00" type="DEFAULT_VEHTYPE" speed="13.34" pos="70.28" lane="1/2to1/1_0" slope="0.00"/>
        <vehicle id="20" x="198.35" y="732.84" angle="0.00" type="DEFAULT_VEHTYPE" speed="12.87" pos="67.16" lane="1/4to1/3_0" slope="0.00"/>
        <vehicle id="21" x="59.79" y="198.35" angle="90.00" type="DEFAULT_VEHTYPE" speed="13.33" pos="59.79" lane="0/1to1/1_0" slope="0.00"/>
        <vehicle id="22" x="601.53" y="603.88" angle="154.02" type="DEFAULT_VEHTYPE" speed="8.78" pos="9.44" lane=":3/3_14_0" slope="0.00"/>
        <vehicle id="23" x="398.35" y="770.94" angle="0.00" type="DEFAULT_VEHTYPE" speed="13.17" pos="29.06" lane="2/4to2/3_0" slope="0.00"/>
        <vehicle id="24" x="395.44" y="398.32" angle="89.69" type="DEFAULT_VEHTYPE" speed="4.80" pos="0.19" lane=":2/2_12_0" slope="0.00"/>
        <vehicle id="25" x="581.55" y="401.65" angle="-90.00" type="DEFAULT_VEHTYPE" speed="12.81" pos="13.70" lane="3/2to2/2_0" slope="0.00"/>
        <vehicle id="26" x="582.00" y="598.35" angle="90.00" type="DEFAULT_VEHTYPE" speed="9.61" pos="177.25" lane="2/3to3/3_0" slope="0.00"/>
        <vehicle id="27" x="198.35" y="48.60" angle="0.00" type="DEFAULT_VEHTYPE" speed="12.76" pos="146.65" lane="1/1to1/0_0" slope="0.00"/>
        <vehicle id="28" x="601.65" y="771.54" angle="180.00" type="DEFAULT_VEHTYPE" speed="13.36" pos="166.79" lane="3/3to3/4_0" slope="0.00"/>
        <vehicle id="29" x="598.35" y="42.78" angle="0.00" type="DEFAULT_VEHTYPE" speed="12.85" pos="152.47" lane="3/1to3/0_0" slope="0.00"/>
        <vehicle id="3" x="201.65" y="472.46" angle="180.00" type="DEFAULT_VEHTYPE" speed="13.75" pos="67.71" lane="1/2to1/3_0" slope="0.00"/>
        <vehicle id="30" x="345.85" y="598.35" angle="90.00" type="DEFAULT_VEHTYPE" speed="13.74" pos="141.10" lane="1/3to2/3_0" slope="0.00"/>
        <vehicle id="31" x="123.95" y="198.35" angle="90.00" type="DEFAULT_VEHTYPE" speed="13.53" pos="123.95" lane="0/1to1/1_0" slope="0.00"/>
        <vehicle id="32" x="601.65" y="322.63" angle="180.00" type="DEFAULT_VEHTYPE" speed="13.44" pos="117.88" lane="3/1to3/2_0" slope="0.00"/>
        <vehicle id="33" x="598.35" y="703.31" angle="0.00" type="DEFAULT_VEHTYPE" speed="13.04" pos="96.69" lane="3/4to3/3_0" slope="0.00"/>
        <vehicle id="34" x="601.65" y="87.84" angle="180.00" type="DEFAULT_VEHTYPE" speed="12.74" pos="87.84" lane="3/0to3/1_0" slope="0.00"/>
        <vehicle id="35" x="676.87" y="198.35" angle="90.00" type="DEFAULT_VEHTYPE" speed="13.89" pos="72.12" lane="3/1to4/1_0" slope="0.00"/>
        <vehicle id="36" x="547.38" y="601.65" angle="-90.00" type="DEFAULT_VEHTYPE" speed="12.43" pos="47.87" lane="3/3to2/3_0" slope="0.00"/>
        <vehicle id="37" x="454.91" y="198.35" angle="90.00" type="DEFAULT_VEHTYPE" speed="12.76" pos="50.16" lane="2/1to3/1_0" slope="0.00"/>
        <vehicle id="38" x="239.88" y="598.35" angle="90.00" type="DEFAULT_VEHTYPE" speed="10.13" pos="35.13" lane="1/3to2/3_0" slope="0.00"/>
        <vehicle id="39" x="398.35" y="170.43" angle="0.00" type="DEFAULT_VEHTYPE" speed="7.75" pos="24.82" lane="2/1to2/0_0" slope="0.00"/>
        <vehicle id="4" x="212.73" y="198.35" angle="90.00" type="DEFAULT_VEHTYPE" speed="8.99" pos="7.98" lane="1/1to2/1_0" slope="0.00"/>
        <vehicle id="40" x="601.65" y="19.63" angle="180.00" type="DEFAULT_VEHTYPE" speed="7.23" pos="19.63" lane="3/0to3/1_0" slope="0.00"/>
        <vehicle id="41" x="398.35" y="584.08" angle="0.00" type="DEFAULT_VEHTYPE" speed="4.32" pos="11.17" lane="2/3to2/2_0" slope="0.00"/>
        <vehicle id="42" x="409.85" y="398.35" angle="90.00" type="DEFAULT_VEHTYPE" speed="0.00" pos="5.10" lane="2/2to3/2_0" slope="0.00"/>
        <vehicle id="43" x="609.85" y="198.35" angle="90.00" type="DEFAULT_VEHTYPE" speed="0.00" pos="5.10" lane="3/1to4/1_0" slope="0.00"/>
        <vehicle id="5" x="203.52" y="201.82" angle="-91.98" type="DEFAULT_VEHTYPE" speed="5.38" pos="1.25" lane=":1/1_4_0" slope="0.00"/>
        <vehicle id="6" x="409.59" y="201.65" angle="-90.00" type="DEFAULT_VEHTYPE" speed="2.70" pos="185.66" lane="3/1to2/1_0" slope="0.00"/>
        <vehicle id="7" x="401.65" y="407.45" angle="180.00" type="DEFAULT_VEHTYPE" speed="12.62" pos="2.70" lane="2/2to2/3_0" slope="0.00"/>
        <vehicle id="8" x="605.46" y="398.35" angle="122.79" type="DEFAULT_VEHTYPE" speed="13.46" pos="0.71" lane="3/2to4/2_0" slope="0.00"/>
    </timestep>
    <timestep time="44.00">
        <vehicle id="0" x="297.11" y="201.65" angle="-90.00" type="DEFAULT_VEHTYPE" speed="12.85" pos="98.14" lane="2/1to1/1_0" slope="0.00"/>
        <vehicle id="1" x="299.01" y="598.35" angle="90.00" type="DEFAULT_VEHTYPE" speed="13.20" pos="94.26" lane="1/3to2/3_0" slope="0.00"/>
        <vehicle id="10" x="215.79" y="201.65" angle="-90.00" type="DEFAULT_VEHTYPE" speed="7.10" pos="179.46" lane="2/1to1/1_0" slope="0.00"/>
        <vehicle id="11" x="201.65" y="369.60" angle="180.00" type="DEFAULT_VEHTYPE" speed="13.71" pos="164.85" lane="1/1to1/2_0" slope="0.00"/>
        <vehicle id="12" x="341.41" y="601.65" angle="-90.00" type="DEFAULT_VEHTYPE" speed="13.43" pos="53.84" lane="2/3to1/3_0" slope="0.00"/>
        <vehicle id="13" x="201.65" y="163.73" angle="180.00" type="DEFAULT_VEHTYPE" speed="12.63" pos="163.73" lane="1/0to1/1_0" slope="0.00"/>
        <vehicle id="14" x="275.31" y="601.65" angle="-90.00" type="DEFAULT_VEHTYPE" speed="13.65" pos="119.94" lane="2/3to1/3_0" slope="0.00"/>
        <vehicle id="15" x="401.65" y="325.31" angle="180.00" type="DEFAULT_VEHTYPE" speed="12.79" pos="120.56" lane="2/1to2/2_0" slope="0.00"/>
        <vehicle id="16" x="258.59" y="201.65" angle="-90.00" type="DEFAULT_VEHTYPE" speed="13.59" pos="136.66" lane="2/1to1/1_0" slope="0.00"/>
        <vehicle id="17" x="120.35" y="398.35" angle="90.00" type="DEFAULT_VEHTYPE" speed="12.86" pos="120.35" lane="0/2to1/2_0" slope="0.00"/>
        <vehicle id="18" x="472.33" y="398.35" angle="90.00" type="DEFAULT_VEHTYPE" speed="13.75" pos="67.58" lane="2/2to3/2_0" slope="0.00"/>
        <vehicle id="19" x="557.83" y="601.65" angle="-90.00" type="DEFAULT_VEHTYPE" speed="12.28" pos="37.42" lane="3/3to2/3_0" slope="0.00"/>
        <vehicle id="2" x="198.35" y="311.59" angle="0.00" type="DEFAULT_VEHTYPE" speed="13.37" pos="83.66" lane="1/2to1/1_0" slope="0.00"/>
        <vehicle id="20" x="198.35" y="718.99" angle="0.00" type="DEFAULT_VEHTYPE" speed="13.84" pos="81.01" lane="1/4to1/3_0" slope="0.00"/>
        <vehicle id="21" x="72.74" y="198.35" angle="90.00" type="DEFAULT_VEHTYPE" speed="12.95" pos="72.74" lane="0/1to1/1_0" slope="0.00"/>
        <vehicle id="22" x="601.65" y="614.34" angle="180.00" type="DEFAULT_VEHTYPE" speed="10.47" pos="9.59" lane="3/3to3/4_0" slope="0.00"/>
        <vehicle id="23" x="398.35" y="758.21" angle="0.00" type="DEFAULT_VEHTYPE" speed="12.73" pos="41.79" lane="2/4to2/3_0" slope="0.00"/>
        <vehicle id="24" x="398.35" y="393.74" angle="20.40" type="DEFAULT_VEHTYPE" speed="6.32" pos="1.51" lane="2/2to2/1_0" slope="0.00"/>
        <vehicle id="25" x="568.53" y="401.65" angle="-90.00" type="DEFAULT_VEHTYPE" speed="13.02" pos="26.72" lane="3/2to2/2_0" slope="0.00"/>
        <vehicle id="26" x="587.15" y="598.35" angle="90.00" type="DEFAULT_VEHTYPE" speed="5.15" pos="182.40" lane="2/3to3/3_0" slope="0.00"/>
        <vehicle id="27" x="198.35" y="35.20" angle="0.00" type="DEFAULT_VEHTYPE" speed="13.40" pos="160.05" lane="1/1to1/0_0" slope="0.00"/>
        <vehicle id="28" x="601.65" y="785.18" angle="180.00" type="DEFAULT_VEHTYPE" speed="13.64" pos="180.43" lane="3/3to3/4_0" slope="0.00"/>
        <vehicle id="29" x="598.35" y="29.47" angle="0.00" type="DEFAULT_VEHTYPE" speed="13.31" pos="165.78" lane="3/1to3/0_0" slope="0.00"/>
        <vehicle id="3" x="201.65" y="485.74" angle="180.00" type="DEFAULT_VEHTYPE" speed="13.28" pos="80.99" lane="1/2to1/3_0" slope="0.00"/>
        <vehicle id="30" x="359.37" y="598.35" angle="90.00" type="DEFAULT_VEHTYPE" speed="13.52" pos="154.62" lane="1/3to2/3_0" slope="0.00"/>
        <vehicle id="31" x="137.82" y="198.35" angle="90.00" type="DEFAULT_VEHTYPE" speed="13.87" pos="137.82" lane="0/1to1/1_0" slope="0.00"/>
        <vehicle id="32" x="601.65" y="335.64" angle="180.00" type="DEFAULT_VEHTYPE" speed="13.01" pos="130.89" lane="3/1to3/2_0" slope="0.00"/>
        <vehicle id="33" x="598.35" y="689.59" angle="0.00" type="DEFAULT_VEHTYPE" speed="13.73" pos="110.41" lane="3/4to3/3_0" slope="0.00"/>
        <vehicle id="34" x="601.65" y="100.99" angle="180.00" type="DEFAULT_VEHTYPE" speed="13.15" pos="100.99" lane="3/0to3/1_0" slope="0.00"/>
        <vehicle id="35" x="690.14" y="198.35" angle="90.00" type="DEFAULT_VEHTYPE" speed="13.27" pos="85.39" lane="3/1to4/1_0" slope="0.00"/>
        <vehicle id="36" x="534.49" y="601.65" angle="-90.00" type="DEFAULT_VEHTYPE" speed="12.88" pos="60.76" lane="3/3to2/3_0" slope="0.00"/>
        <vehicle id="37" x="468.26" y="198.35" angle="90.00" type="DEFAULT_VEHTYPE" speed="13.35" pos="63.51" lane="2/1to3/1_0" slope="0.00"/>
        <vehicle id="38" x="251.48" y="598.35" angle="90.00" type="DEFAULT_VEHTYPE" speed="11.60" pos="46.73" lane="1/3to2/3_0" slope="0.00"/>
        <vehicle id="39" x="398.35" y="160.19" angle="0.00" type="DEFAULT_VEHTYPE" speed="10.24" pos="35.06" lane="2/1to2/0_0" slope="0.00"/>
        <vehicle id="4" x="223.13" y="198.35" angle="90.00" type="DEFAULT_VEHTYPE" speed="10.39" pos="18.38" lane="1/1to2/1_0" slope="0.00"/>
        <vehicle id="40" x="601.65" y="28.64" angle="180.00" type="DEFAULT_VEHTYPE" speed="9.01" pos="28.64" lane="3/0to3/1_0" slope="0.00"/>
        <vehicle id="41" x="398.35" y="577.23" angle="0.00" type="DEFAULT_VEHTYPE" speed="6.84" pos="18.02" lane="2/3to2/2_0" slope="0.00"/>
        <vehicle id="42" x="411.30" y="398.35" angle="90.00" type="DEFAULT_VEHTYPE" speed="1.45" pos="6.55" lane="2/2to3/2_0" slope="0.00"/>
        <vehicle id="43" x="611.79" y="198.35" angle="90.00" type="DEFAULT_VEHTYPE" speed="1.94" pos="7.04" lane="3/1to4/1_0" slope="0.00"/>
        <vehicle id="44" x="401.65" y="5.10" angle="180.00" type="DEFAULT_VEHTYPE" speed="0.00" pos="5.10" lane="2/0to2/1_0" slope="0.00"/>
        <vehicle id="5" x="201.65" y="208.19" angle="-176.70" type="DEFAULT_VEHTYPE" speed="7.20" pos="3.44" lane="1/1to1/2_0" slope="0.00"/>
        <vehicle id="6" x="404.80" y="201.65" angle="-90.00" type="DEFAULT_VEHTYPE" speed="4.78" pos="190.45" lane="3/1to2/1_0" slope="0.00"/>
        <vehicle id="7" x="401.65" y="421.30" angle="180.00" type="DEFAULT_VEHTYPE" speed="13.84" pos="16.55" lane="2/2to2/3_0" slope="0.00"/>
        <vehicle id="8" x="619.23" y="398.35" angle="90.00" type="DEFAULT_VEHTYPE" speed="13.76" pos="14.48" lane="3/2to4/2_0" slope="0.00"/>
    </timestep>
    <timestep time="45.00">
        <vehicle id="0" x="284.49" y="201.65" angle="-90.00" type="DEFAULT_VEHTYPE" speed="12.62" pos="110.76" lane="2/1to1/1_0" slope="0.00"/>
        <vehicle id="1" x="312.14" y="598.35" angle="90.00" type="DEFAULT_VEHTYPE" speed="13.12" pos="107.39" lane="1/3to2/3_0" slope="0.00"/>
        <vehicle id="10" x="211.28" y="201.65" angle="-90.00" type="DEFAULT_VEHTYPE" speed="4.51" pos="183.97" lane="2/1to1/1_0" slope="0.00"/>
        <vehicle id="11" x="201.65" y="383.39" angle="180.00" type="DEFAULT_VEHTYPE" speed="13.79" pos="178.64" lane="1/1to1/2_0" slope="0.00"/>
        <vehicle id="12" x="328.08" y="601.65" angle="-90.00" type="DEFAULT_VEHTYPE" speed="13.33" pos="67.17" lane="2/3to1/3_0" slope="0.00"/>
        <vehicle id="13" x="201.65" y="176.65" angle="180.00" type="DEFAULT_VEHTYPE" speed="12.92" pos="176.65" lane="1/0to1/1_0" slope="0.00"/>
        <vehicle id="14" x="262.37" y="601.65" angle="-90.00" type="DEFAULT_VEHTYPE" speed="12.94" pos="132.88" lane="2/3to1/3_0" slope="0.00"/>
        <vehicle id="15" x="401.65" y="338.76" angle="180.00" type="DEFAULT_VEHTYPE" speed="13.46" pos="134.01" lane="2/1to2/2_0" slope="0.00"/>
        <vehicle id="16" x="245.72" y="201.65" angle="-90.00" type="DEFAULT_VEHTYPE" speed="12.87" pos="149.53" lane="2/1to1/1_0" slope="0.00"/>
        <vehicle id="17" x="133.44" y="398.35" angle="90.00" type="DEFAULT_VEHTYPE" speed="13.09" pos="133.44" lane="0/2to1/2_0" slope="0.00"/>
        <vehicle id="18" x="485.60" y="398.35" angle="90.00" type="DEFAULT_VEHTYPE" speed="13.27" pos="80.85" lane="2/2to3/2_0" slope="0.00"/>
        <vehicle id="19" x="544.56" y="601.65" angle="-90.00" type="DEFAULT_VEHTYPE" speed="13.26" pos="50.69" lane="3/3to2/3_0" slope="0.00"/>
        <vehicle id="2" x="198.35" y="297.91" angle="0.00" type="DEFAULT_VEHTYPE" speed="13.68" pos="97.34" lane="1/2to1/1_0" slope="0.00"/>
        <vehicle id="20" x="198.35" y="705.39" angle="0.00" type="DEFAULT_VEHTYPE" speed="13.60" pos="94.61" lane="1/4to1/3_0" slope="0.00"/>
        <vehicle id="21" x="85.76" y="198.35" angle="90.00" type="DEFAULT_VEHTYPE" speed="13.02" pos="85.76" lane="0/1to1/1_0" slope="0.00"/>
        <vehicle id="22" x="601.65" y="626.69" angle="180.00" type="DEFAULT_VEHTYPE" speed="12.35" pos="21.94" lane="3/3to3/4_0" slope="0.00"/>
        <vehicle id="23" x="398.35" y="744.52" angle="0.00" type="DEFAULT_VEHTYPE" speed="13.70" pos="55.48" lane="2/4to2/3_0" slope="0.00"/>
        <vehicle id="24" x="398.35" y="386.06" angle="0.00" type="DEFAULT_VEHTYPE" speed="7.67" pos="9.19" lane="2/2to2/1_0" slope="0.00"/>
        <vehicle id="25" x="555.42" y="401.65" angle="-90.00" type="DEFAULT_VEHTYPE" speed="13.11" pos="39.83" lane="3/2to2/2_0" slope="0.00"/>
        <vehicle id="26" x="590.09" y="598.35" angle="90.00" type="DEFAULT_VEHTYPE" speed="2.94" pos="185.34" lane="2/3to3/3_0" slope="0.00"/>
        <vehicle id="27" x="198.35" y="21.37" angle="0.00" type="DEFAULT_VEHTYPE" speed="13.83" pos="173.88" lane="1/1to1/0_0" slope="0.00"/>
        <vehicle id="28" x="601.65" y="798.92" angle="180.00" type="DEFAULT_VEHTYPE" speed="13.75" pos="194.17" lane="3/3to3/4_0" slope="0.00"/>
        <vehicle id="29" x="598.35" y="16.09" angle="0.00" type="DEFAULT_VEHTYPE" speed="13.38" pos="179.16" lane="3/1to3/0_0" slope="0.00"/>
        <vehicle id="3" x="201.65" y="499.00" angle="180.00" type="DEFAULT_VEHTYPE" speed="13.26" pos="94.25" lane="1/2to1/3_0" slope="0.00"/>
        <vehicle id="30" x="371.56" y="598.35" angle="90.00" type="DEFAULT_VEHTYPE" speed="12.19" pos="166.81" lane="1/3to2/3_0" slope="0.00"/>
        <vehicle id="31" x="151.49" y="198.35" angle="90.00" type="DEFAULT_VEHTYPE" speed="13.67" pos="151.49" lane="0/1to1/1_0" slope="0.00"/>
        <vehicle id="32" x="601.65" y="349.25" angle="180.00" type="DEFAULT_VEHTYPE" speed="13.62" pos="144.50" lane="3/1to3/2_0" slope="0.00"/>
        <vehicle id="33" x="598.35" y="675.92" angle="0.00" type="DEFAULT_VEHTYPE" speed="13.67" pos="124.08" lane="3/4to3/3_0" slope="0.00"/>
        <vehicle id="34" x="601.65" y="114.46" angle="180.00" type="DEFAULT_VEHTYPE" speed="13.47" pos="114.46" lane="3/0to3/1_0" slope="0.00"/>
        <vehicle id="35" x="702.84" y="198.35" angle="90.00" type="DEFAULT_VEHTYPE" speed="12.70" pos="98.09" lane="3/1to4/1_0" slope="0.00"/>
        <vehicle id="36" x="521.59" y="601.65" angle="-90.00" type="DEFAULT_VEHTYPE" speed="12.90" pos="73.66" lane="3/3to2/3_0" slope="0.00"/>
        <vehicle id="37" x="481.48" y="198.35" angle="90.00" type="DEFAULT_VEHTYPE" speed="13.22" pos="76.73" lane="2/1to3/1_0" slope="0.00"/>
        <vehicle id="38" x="265.37" y="598.35" angle="90.00" type="DEFAULT_VEHTYPE" speed="13.89" pos="60.62" lane="1/3to2/3_0" slope="0.00"/>
        <vehicle id="39" x="398.35" y="147.60" angle="0.00" type="DEFAULT_VEHTYPE" speed="12.58" pos="47.65" lane="2/1to2/0_0" slope="0.00"/>
        <vehicle id="4" x="234.91" y="198.35" angle="90.00" type="DEFAULT_VEHTYPE" speed="11.78" pos="30.16" lane="1/1to2/1_0" slope="0.00"/>
        <vehicle id="40" x="601.65" y="38.99" angle="180.00" type="DEFAULT_VEHTYPE" speed="10.36" pos="38.99" lane="3/0to3/1_0" slope="0.00"/>
        <vehicle id="41" x="398.35" y="568.15" angle="0.00" type="DEFAULT_VEHTYPE" speed="9.09" pos="27.10" lane="2/3to2/2_0" slope="0.00"/>
        <vehicle id="42" x="415.07" y="398.35" angle="90.00" type="DEFAULT_VEHTYPE" speed="3.77" pos="10.32" lane="2/2to3/2_0" slope="0.00"/>
        <vehicle id="43" x="615.97" y="198.35" angle="90.00" type="DEFAULT_VEHTYPE" speed="4.18" pos="11.22" lane="3/1to4/1_0" slope="0.00"/>
        <vehicle id="44" x="401.65" y="6.61" angle="180.00" type="DEFAULT_VEHTYPE" speed="1.51" pos="6.61" lane="2/0to2/1_0" slope="0.00"/>
        <vehicle id="45" x="609.85" y="598.35" angle="90.00" type="DEFAULT_VEHTYPE" speed="0.00" pos="5.10" lane="3/3to4/3_0" slope="0.00"/>
        <vehicle id="5" x="201.65" y="217.01" angle="180.00" type="DEFAULT_VEHTYPE" speed="8.82" pos="12.26" lane="1/1to1/2_0" slope="0.00"/>
        <vehicle id="6" x="397.44" y="201.65" angle="-90.00" type="DEFAULT_VEHTYPE" speed="7.36" pos="7.31" lane=":2/1_5_0" slope="0.00"/>
        <vehicle id="7" x="401.65" y="434.19" angle="180.00" type="DEFAULT_VEHTYPE" speed="12.89" pos="29.44" lane="2/2to2/3_0" slope="0.00"/>
        <vehicle id="8" x="632.36" y="398.35" angle="90.00" type="DEFAULT_VEHTYPE" speed="13.13" pos="27.61" lane="3/2to4/2_0" slope="0.00"/>
    </timestep>
    <timestep time="46.00">
        <vehicle id="0" x="271.49" y="201.65" angle="-90.00" type="DEFAULT_VEHTYPE" speed="13.00" pos="123.76" lane="2/1to1/1_0" slope="0.00"/>
        <vehicle id="1" x="325.31" y="598.35" angle="90.00" type="DEFAULT_VEHTYPE" speed="13.17" pos="120.56" lane="1/3to2/3_0" slope="0.00"/>
        <vehicle id="10" x="205.47" y="201.65" angle="-90.00" type="DEFAULT_VEHTYPE" speed="5.82" pos="189.78" lane="2/1to1/1_0" slope="0.00"/>
        <vehicle id="11" x="201.65" y="396.87" angle="180.00" type="DEFAULT_VEHTYPE" speed="13.48" pos="1.62" lane=":1/2_9_0" slope="0.00"/>
        <vehicle id="12" x="315.10" y="601.65" angle="-90.00" type="DEFAULT_VEHTYPE" speed="12.98" pos="80.15" lane="2/3to1/3_0" slope="0.00"/>
        <vehicle id="13" x="201.65" y="190.55" angle="180.00" type="DEFAULT_VEHTYPE" speed="13.90" pos="190.55" lane="1/0to1/1_0" slope="0.00"/>
        <vehicle id="14" x="249.15" y="601.65" angle="-90.00" type="DEFAULT_VEHTYPE" speed="13.22" pos="146.10" lane="2/3to1/3_0" slope="0.00"/>
        <vehicle id="15" x="401.65" y="352.59" angle="180.00" type="DEFAULT_VEHTYPE" speed="13.82" pos="147.84" lane="2/1to2/2_0" slope="0.00"/>
        <vehicle id="16" x="233.00" y="201.65" angle="-90.00" type="DEFAULT_VEHTYPE" speed="12.72" pos="162.25" lane="2/1to1/1_0" slope="0.00"/>
        <vehicle id="17" x="146.72" y="398.35" angle="90.00" type="DEFAULT_VEHTYPE" speed="13.28" pos="146.72" lane="0/2to1/2_0" slope="0.00"/>
        <vehicle id="18" x="499.37" y="398.35" angle="90.00" type="DEFAULT_VEHTYPE" speed="13.77" pos="94.62" lane="2/2to3/2_0" slope="0.00"/>
        <vehicle id="19" x="531.57" y="601.65" angle="-90.00" type="DEFAULT_VEHTYPE" speed="12.99" pos="63.68" lane="3/3to2/3_0" slope="0.00"/>
        <vehicle id="2" x="198.35" y="284.40" angle="0.00" type="DEFAULT_VEHTYPE" speed="13.51" pos="110.85" lane="1/2to1/1_0" slope="0.00"/>
        <vehicle id="20" x="198.35" y="692.37" angle="0.00" type="DEFAULT_VEHTYPE" speed="13.02" pos="107.63" lane="1/4to1/3_0" slope="0.00"/>
        <vehicle id="21" x="98.77" y="198.35" angle="90.00" type="DEFAULT_VEHTYPE" speed="13.01" pos="98.77" lane="0/1to1/1_0" slope="0.00"/>
        <vehicle id="22" x="601.65" y="640.27" angle="180.00" type="DEFAULT_VEHTYPE" speed="13.58" pos="35.52" lane="3/3to3/4_0" slope="0.00"/>
        <vehicle id="23" x="398.35" y="731.39" angle="0.00" type="DEFAULT_VEHTYPE" speed="13.13" pos="68.61" lane="2/4to2/3_0" slope="0.00"/>
        <vehicle id="24" x="398.35" y="376.51" angle="0.00" type="DEFAULT_VEHTYPE" speed="9.56" pos="18.74" lane="2/2to2/1_0" slope="0.00"/>
        <vehicle id="25" x="542.44" y="401.65" angle="-90.00" type="DEFAULT_VEHTYPE" speed="12.98" pos="52.81" lane="3/2to2/2_0" slope="0.00"/>
        <vehicle id="26" x="595.30" y="598.38" angle="90.37" type="DEFAULT_VEHTYPE" speed="5.22" pos="0.06" lane=":3/3_15_0" slope="0.00"/>
        <vehicle id="27" x="198.35" y="8.25" angle="0.00" type="DEFAULT_VEHTYPE" speed="13.12" pos="187.00" lane="1/1to1/0_0" slope="0.00"/>
        <vehicle id="28" x="598.35" y="793.14" angle="0.00" type="DEFAULT_VEHTYPE" speed="12.75" pos="6.86" lane="3/4to3/3_0" slope="0.00"/>
        <vehicle id="29" x="598.35" y="3.08" angle="0.00" type="DEFAULT_VEHTYPE" speed="13.01" pos="192.17" lane="3/1to3/0_0" slope="0.00"/>
        <vehicle id="3" x="201.65" y="511.78" angle="180.00" type="DEFAULT_VEHTYPE" speed="12.78" pos="107.03" lane="1/2to1/3_0" slope="0.00"/>
        <vehicle id="30" x="381.09" y="598.35" angle="90.00" type="DEFAULT_VEHTYPE" speed="9.53" pos="176.34" lane="1/3to2/3_0" slope="0.00"/>
        <vehicle id="31" x="164.99" y="198.35" angle="90.00" type="DEFAULT_VEHTYPE" speed="13.50" pos="164.99" lane="0/1to1/1_0" slope="0.00"/>
        <vehicle id="32" x="601.65" y="362.89" angle="180.00" type="DEFAULT_VEHTYPE" speed="13.63" pos="158.14" lane="3/1to3/2_0" slope="0.00"/>
        <vehicle id="33" x="598.35" y="662.74" angle="0.00" type="DEFAULT_VEHTYPE" speed="13.18" pos="137.26" lane="3/4to3/3_0" slope="0.00"/>
        <vehicle id="34" x="601.65" y="127.53" angle="180.00" type="DEFAULT_VEHTYPE" speed="13.07" pos="127.53" lane="3/0to3/1_0" slope="0.00"/>
        <vehicle id="35" x="715.90" y="198.35" angle="90.00" type="DEFAULT_VEHTYPE" speed="13.07" pos="111.15" lane="3/1to4/1_0" slope="0.00"/>
        <vehicle id="36" x="508.58" y="601.65" angle="-90.00" type="DEFAULT_VEHTYPE" speed="13.01" pos="86.67" lane="3/3to2/3_0" slope="0.00"/>
        <vehicle id="37" x="494.73" y="198.35" angle="90.00" type="DEFAULT_VEHTYPE" speed="13.26" pos="89.98" lane="2/1to3/1_0" slope="0.00"/>
        <vehicle id="38" x="279.13" y="598.35" angle="90.00" type="DEFAULT_VEHTYPE" speed="13.76" pos="74.38" lane="1/3to2/3_0" slope="0.00"/>
        <vehicle id="39" x="398.35" y="134.81" angle="0.00" type="DEFAULT_VEHTYPE" speed="12.79" pos="60.44" lane="2/1to2/0_0" slope="0.00"/>
        <vehicle id="4" x="247.61" y="198.35" angle="90.00" type="DEFAULT_VEHTYPE" speed="12.71" pos="42.86" lane="1/1to2/1_0" slope="0.00"/>
        <vehicle id="40" x="601.65" y="50.91" angle="180.00" type="DEFAULT_VEHTYPE" speed="11.92" pos="50.91" lane="3/0to3/1_0" slope="0.00"/>
        <vehicle id="41" x="398.35" y="557.13" angle="0.00" type="DEFAULT_VEHTYPE" speed="11.02" pos="38.12" lane="2/3to2/2_0" slope="0.00"/>
        <vehicle id="42" x="420.26" y="398.35" angle="90.00" type="DEFAULT_VEHTYPE" speed="5.18" pos="15.51" lane="2/2to3/2_0" slope="0.00"/>
        <vehicle id="43" x="621.88" y="198.35" angle="90.00" type="DEFAULT_VEHTYPE" speed="5.91" pos="17.13" lane="3/1to4/1_0" slope="0.00"/>
        <vehicle id="44" x="401.65" y="9.74" angle="180.00" type="DEFAULT_VEHTYPE" speed="3.14" pos="9.74" lane="2/0to2/1_0" slope="0.00"/>
        <vehicle id="45" x="612.32" y="598.35" angle="90.00" type="DEFAULT_VEHTYPE" speed="2.47" pos="7.57" lane="3/3to4/3_0" slope="0.00"/>
        <vehicle id="5" x="201.65" y="228.28" angle="180.00" type="DEFAULT_VEHTYPE" speed="11.26" pos="23.53" lane="1/1to1/2_0" slope="0.00"/>
        <vehicle id="6" x="388.23" y="201.65" angle="-90.00" type="DEFAULT_VEHTYPE" speed="9.21" pos="7.02" lane="2/1to1/1_0" slope="0.00"/>
        <vehicle id="7" x="401.65" y="447.82" angle="180.00" type="DEFAULT_VEHTYPE" speed="13.64" pos="43.07" lane="2/2to2/3_0" slope="0.00"/>
        <vehicle id="8" x="645.80" y="398.35" angle="90.00" type="DEFAULT_VEHTYPE" speed="13.44" pos="41.05" lane="3/2to4/2_0" slope="0.00"/>
    </timestep>
    <timestep time="47.00">
        <vehicle id="0" x="257.64" y="201.65" angle="-90.00" type="DEFAULT_VEHTYPE" speed="13.85" pos="137.61" lane="2/1to1/1_0" slope="0.00"/>
        <vehicle id="1" x="338.29" y="598.35" angle="90.00" type="DEFAULT_VEHTYPE" speed="12.98" pos="133.54" lane="1/3to2/3_0" slope="0.00"/>
        <vehicle id="10" x="198.92" y="198.33" angle="-50.72" type="DEFAULT_VEHTYPE" speed="7.88" pos="7.17" lane=":1/1_6_0" slope="0.00"/>
        <vehicle id="11" x="201.65" y="409.57" angle="180.00" type="DEFAULT_VEHTYPE" speed="12.70" pos="4.82" lane="1/2to1/3_0" slope="0.00"/>
        <vehicle id="12" x="301.70" y="601.65" angle="-90.00" type="DEFAULT_VEHTYPE" speed="13.40" pos="93.55" lane="2/3to1/3_0" slope="0.00"/>
        <vehicle id="13" x="208.18" y="198.35" angle="93.40" type="DEFAULT_VEHTYPE" speed="13.13" pos="3.43" lane="1/1to2/1_0" slope="0.00"/>
        <vehicle id="14" x="236.37" y="601.65" angle="-90.00" type="DEFAULT_VEHTYPE" speed="12.78" pos="158.88" lane="2/3to1/3_0" slope="0.00"/>
        <vehicle id="15" x="401.65" y="365.98" angle="180.00" type="DEFAULT_VEHTYPE" speed="13.40" pos="161.23" lane="2/1to2/2_0" slope="0.00"/>
        <vehicle id="16" x="222.12" y="201.65" angle="-90.00" type="DEFAULT_VEHTYPE" speed="10.88" pos="173.13" lane="2/1to1/1_0" slope="0.00"/>
        <vehicle id="17" x="159.47" y="398.35" angle="90.00" type="DEFAULT_VEHTYPE" speed="12.76" pos="159.47" lane="0/2to1/2_0" slope="0.00"/>
        <vehicle id="18" x="512.07" y="398.35" angle="90.00" type="DEFAULT_VEHTYPE" speed="12.70" pos="107.32" lane="2/2to3/2_0" slope="0.00"/>
        <vehicle id="19" x="518.98" y="601.65" angle="-90.00" type="DEFAULT_VEHTYPE" speed="12.59" pos="76.27" lane="3/3to2/3_0" slope="0.00"/>
        <vehicle id="2" x="198.35" y="270.54" angle="0.00" type="DEFAULT_VEHTYPE" speed="13.86" pos="124.71" lane="1/2to1/1_0" slope="0.00"/>
        <vehicle id="20" x="198.35" y="679.77" angle="0.00" type="DEFAULT_VEHTYPE" speed="12.60" pos="120.23" lane="1/4to1/3_0" slope="0.00"/>
        <vehicle id="21" x="111.43" y="198.35" angle="90.00" type="DEFAULT_VEHTYPE" speed="12.66" pos="111.43" lane="0/1to1/1_0" slope="0.00"/>
        <vehicle id="22" x="601.65" y="654.10" angle="180.00" type="DEFAULT_VEHTYPE" speed="13.83" pos="49.35" lane="3/3to3/4_0" slope="0.00"/>
        <vehicle id="23" x="398.35" y="717.53" angle="0.00" type="DEFAULT_VEHTYPE" speed="13.86" pos="82.47" lane="2/4to2/3_0" slope="0.00"/>
        <vehicle id="24" x="398.35" y="365.40" angle="0.00" type="DEFAULT_VEHTYPE" speed="11.10" pos="29.85" lane="2/2to2/1_0" slope="0.00"/>
        <vehicle id="25" x="529.66" y="401.65" angle="-90.00" type="DEFAULT_VEHTYPE" speed="12.78" pos="65.59" lane="3/2to2/2_0" slope="0.00"/>
        <vehicle id="26" x="592.59" y="601.65" angle="-110.36" type="DEFAULT_VEHTYPE" speed="7.42" pos="2.66" lane="3/3to2/3_0" slope="0.00"/>
        <vehicle id="27" x="201.65" y="0.83" angle="115.12" type="DEFAULT_VEHTYPE" speed="13.90" pos="0.83" lane="1/0to1/1_0" slope="0.00"/>
        <vehicle id="28" x="598.35" y="780.33" angle="0.00" type="DEFAULT_VEHTYPE" speed="12.81" pos="19.67" lane="3/4to3/3_0" slope="0.00"/>
        <vehicle id="29" x="601.65" y="4.78" angle="178.58" type="DEFAULT_VEHTYPE" speed="12.68" pos="4.78" lane="3/0to3/1_0" slope="0.00"/>
        <vehicle id="3" x="201.65" y="524.39" angle="180.00" type="DEFAULT_VEHTYPE" speed="12.60" pos="119.64" lane="1/2to1/3_0" slope="0.00"/>
        <vehicle id="30" x="386.54" y="598.35" angle="90.00" type="DEFAULT_VEHTYPE" speed="5.45" pos="181.79" lane="1/3to2/3_0" slope="0.00"/>
        <vehicle id="31" x="176.28" y="198.35" angle="90.00" type="DEFAULT_VEHTYPE" speed="11.29" pos="176.28" lane="0/1to1/1_0" slope="0.00"/>
        <vehicle id="32" x="601.65" y="374.60" angle="180.00" type="DEFAULT_VEHTYPE" speed="11.71" pos="169.85" lane="3/1to3/2_0" slope="0.00"/>
        <vehicle id="33" x="598.35" y="649.67" angle="0.00" type="DEFAULT_VEHTYPE" speed="13.07" pos="150.33" lane="3/4to3/3_0" slope="0.00"/>
        <vehicle id="34" x="601.65" y="141.33" angle="180.00" type="DEFAULT_VEHTYPE" speed="13.80" pos="141.33" lane="3/0to3/1_0" slope="0.00"/>
        <vehicle id="35" x="729.13" y="198.35" angle="90.00" type="DEFAULT_VEHTYPE" speed="13.23" pos="124.38" lane="3/1to4/1_0" slope="0.00"/>
        <vehicle id="36" x="495.21" y="601.65" angle="-90.00" type="DEFAULT_VEHTYPE" speed="13.36" pos="100.04" lane="3/3to2/3_0" slope="0.00"/>
        <vehicle id="37" x="507.98" y="198.35" angle="90.00" type="DEFAULT_VEHTYPE" speed="13.25" pos="103.23" lane="2/1to3/1_0" slope="0.00"/>
        <vehicle id="38" x="291.98" y="598.35" angle="90.00" type="DEFAULT_VEHTYPE" speed="12.85" pos="87.23" lane="1/3to2/3_0" slope="0.00"/>
        <vehicle id="39" x="398.35" y="121.41" angle="0.00" type="DEFAULT_VEHTYPE" speed="13.40" pos="73.84" lane="2/1to2/0_0" slope="0.00"/>
        <vehicle id="4" x="260.71" y="198.35" angle="90.00" type="DEFAULT_VEHTYPE" speed="13.10" pos="55.96" lane="1/1to2/1_0" slope="0.00"/>
        <vehicle id="40" x="601.65" y="64.39" angle="180.00" type="DEFAULT_VEHTYPE" speed="13.48" pos="64.39" lane="3/0to3/1_0" slope="0.00"/>
        <vehicle id="41" x="398.35" y="543.85" angle="0.00" type="DEFAULT_VEHTYPE" speed="13.28" pos="51.40" lane="2/3to2/2_0" slope="0.00"/>
        <vehicle id="42" x="426.92" y="398.35" angle="90.00" type="DEFAULT_VEHTYPE" speed="6.66" pos="22.17" lane="2/2to3/2_0" slope="0.00"/>
        <vehicle id="43" x="629.98" y="198.35" angle="90.00" type="DEFAULT_VEHTYPE" speed="8.10" pos="25.23" lane="3/1to4/1_0" slope="0.00"/>
        <vehicle id="44" x="401.65" y="14.63" angle="180.00" type="DEFAULT_VEHTYPE" speed="4.89" pos="14.63" lane="2/0to2/1_0" slope="0.00"/>
        <vehicle id="45" x="617.21" y="598.35" angle="90.00" type="DEFAULT_VEHTYPE" speed="4.90" pos="12.46" lane="3/3to4/3_0" slope="0.00"/>
        <vehicle id="5" x="201.65" y="241.40" angle="180.00" type="DEFAULT_VEHTYPE" speed="13.12" pos="36.65" lane="1/1to1/2_0" slope="0.00"/>
        <vehicle id="6" x="377.05" y="201.65" angle="-90.00" type="DEFAULT_VEHTYPE" speed="11.18" pos="18.20" lane="2/1to1/1_0" slope="0.00"/>
        <vehicle id="7" x="401.65" y="460.62" angle="180.00" type="DEFAULT_VEHTYPE" speed="12.80" pos="55.87" lane="2/2to2/3_0" slope="0.00"/>
        <vehicle id="8" x="658.66" y="398.35" angle="90.00" type="DEFAULT_VEHTYPE" speed="12.87" pos="53.91" lane="3/2to4/2_0" slope="0.00"/>
    </timestep>
    <timestep time="48.00">
        <vehicle id="0" x="244.05" y="201.65" angle="-90.00" type="DEFAULT_VEHTYPE" speed="13.59" pos="151.20" lane="2/1to1/1_0" slope="0.00"/>
        <vehicle id="1" x="351.95" y="598.35" angle="90.00" type="DEFAULT_VEHTYPE" speed="13.66" pos="147.20" lane="1/3to2/3_0" slope="0.00"/>
        <vehicle id="10" x="198.35" y="188.23" angle="0.00" type="DEFAULT_VEHTYPE" speed="10.17" pos="7.02" lane="1/1to1/0_0" slope="0.00"/>
        <vehicle id="11" x="201.65" y="422.28" angle="180.00" type="DEFAULT_VEHTYPE" speed="12.71" pos="17.53" lane="1/2to1/3_0" slope="0.00"/>
        <vehicle id="12" x="288.72" y="601.65" angle="-90.00" type="DEFAULT_VEHTYPE" speed="12.98" pos="106.53" lane="2/3to1/3_0" slope="0.00"/>
        <vehicle id="13" x="221.42" y="198.35" angle="90.00" type="DEFAULT_VEHTYPE" speed="13.24" pos="16.67" lane="1/1to2/1_0" slope="0.00"/>
        <vehicle id="14" x="225.14" y="601.65" angle="-90.00" type="DEFAULT_VEHTYPE" speed="11.22" pos="170.11" lane="2/3to1/3_0" slope="0.00"/>
        <vehicle id="15" x="401.65" y="379.19" angle="180.00" type="DEFAULT_VEHTYPE" speed="13.21" pos="174.44" lane="2/1to2/2_0" slope="0.00"/>
        <vehicle id="16" x="214.37" y="201.65" angle="-90.00" type="DEFAULT_VEHTYPE" speed="7.76" pos="180.88" lane="2/1to1/1_0" slope="0.00"/>
        <vehicle id="17" x="172.08" y="398.35" angle="90.00" type="DEFAULT_VEHTYPE" speed="12.61" pos="172.08" lane="0/2to1/2_0" slope="0.00"/>
        <vehicle id="18" x="525.04" y="398.35" angle="90.00" type="DEFAULT_VEHTYPE" speed="12.97" pos="120.29" lane="2/2to3/2_0" slope="0.00"/>
        <vehicle id="19" x="505.53" y="601.65" angle="-90.00" type="DEFAULT_VEHTYPE" speed="13.45" pos="89.72" lane="3/3to2/3_0" slope="0.00"/>
        <vehicle id="2" x="198.35" y="256.75" angle="0.00" type="DEFAULT_VEHTYPE" speed="13.79" pos="138.50" lane="1/2to1/1_0" slope="0.00"/>
        <vehicle id="20" x="198.35" y="666.08" angle="0.00" type="DEFAULT_VEHTYPE" speed="13.69" pos="133.92" lane="1/4to1/3_0" slope="0.00"/>
        <vehicle id="21" x="125.06" y="198.35" angle="90.00" type="DEFAULT_VEHTYPE" speed="13.63" pos="125.06" lane="0/1to1/1_0" slope="0.00"/>
        <vehicle id="22" x="601.65" y="666.74" angle="180.00" type="DEFAULT_VEHTYPE" speed="12.64" pos="61.99" lane="3/3to3/4_0" slope="0.00"/>
        <vehicle id="23" x="398.35" y="704.90" angle="0.00" type="DEFAULT_VEHTYPE" speed="12.63" pos="95.10" lane="2/4to2/3_0" slope="0.00"/>
        <vehicle id="24" x="398.35" y="352.29" angle="0.00" type="DEFAULT_VEHTYPE" speed="13.11" pos="42.96" lane="2/2to2/1_0" slope="0.00"/>
        <vehicle id="25" x="516.57" y="401.65" angle="-90.00" type="DEFAULT_VEHTYPE" speed="13.09" pos="78.68" lane="3/2to2/2_0" slope="0.00"/>
        <vehicle id="26" x="583.66" y="601.65" angle="-90.00" type="DEFAULT_VEHTYPE" speed="8.93" pos="11.59" lane="3/3to2/3_0" slope="0.00"/>
        <vehicle id="27" x="201.65" y="13.97" angle="180.00" type="DEFAULT_VEHTYPE" speed="13.14" pos="13.97" lane="1/0to1/1_0" slope="0.00"/>
        <vehicle id="28" x="598.35" y="767.52" angle="0.00" type="DEFAULT_VEHTYPE" speed="12.81" pos="32.48" lane="3/4to3/3_0" slope="0.00"/>
        <vehicle id="29" x="601.65" y="17.51" angle="180.00" type="DEFAULT_VEHTYPE" speed="12.73" pos="17.51" lane="3/0to3/1_0" slope="0.00"/>
        <vehicle id="3" x="201.65" y="537.16" angle="180.00" type="DEFAULT_VEHTYPE" speed="12.77" pos="132.41" lane="1/2to1/3_0" slope="0.00"/>
        <vehicle id="30" x="390.49" y="598.35" angle="90.00" type="DEFAULT_VEHTYPE" speed="3.95" pos="185.74" lane="1/3to2/3_0" slope="0.00"/>
        <vehicle id="31" x="183.56" y="198.35" angle="90.00" type="DEFAULT_VEHTYPE" speed="7.28" pos="183.56" lane="0/1to1/1_0" slope="0.00"/>
        <vehicle id="32" x="601.65" y="383.51" angle="180.00" type="DEFAULT_VEHTYPE" speed="8.92" pos="178.76" lane="3/1to3/2_0" slope="0.00"/>
        <vehicle id="33" x="598.35" y="636.45" angle="0.00" type="DEFAULT_VEHTYPE" speed="13.22" pos="163.55" lane="3/4to3/3_0" slope="0.00"/>
        <vehicle id="34" x="601.65" y="154.38" angle="180.00" type="DEFAULT_VEHTYPE" speed="13.05" pos="154.38" lane="3/0to3/1_0" slope="0.00"/>
        <vehicle id="35" x="742.93" y="198.35" angle="90.00" type="DEFAULT_VEHTYPE" speed="13.80" pos="138.18" lane="3/1to4/1_0" slope="0.00"/>
        <vehicle id="36" x="481.47" y="601.65" angle="-90.00" type="DEFAULT_VEHTYPE" speed="13.74" pos="113.78" lane="3/3to2/3_0" slope="0.00"/>
        <vehicle id="37" x="520.87" y="198.35" angle="90.00" type="DEFAULT_VEHTYPE" speed="12.89" pos="116.12" lane="2/1to3/1_0" slope="0.00"/>
        <vehicle id="38" x="305.74" y="598.35" angle="90.00" type="DEFAULT_VEHTYPE" speed="13.75" pos="100.99" lane="1/3to2/3_0" slope="0.00"/>
        <vehicle id="39" x="398.35" y="108.75" angle="0.00" type="DEFAULT_VEHTYPE" speed="12.66" pos="86.50" lane="2/1to2/0_0" slope="0.00"/>
        <vehicle id="4" x="274.27" y="198.35" angle="90.00" type="DEFAULT_VEHTYPE" speed="13.56" pos="69.52" lane="1/1to2/1_0" slope="0.00"/>
        <vehicle id="40" x="601.65" y="77.98" angle="180.00" type="DEFAULT_VEHTYPE" speed="13.59" pos="77.98" lane="3/0to3/1_0" slope="0.00"/>
        <vehicle id="41" x="398.35" y="530.27" angle="0.00" type="DEFAULT_VEHTYPE" speed="13.58" pos="64.98" lane="2/3to2/2_0" slope="0.00"/>
        <vehicle id="42" x="436.14" y="398.35" angle="90.00" type="DEFAULT_VEHTYPE" speed="9.23" pos="31.39" lane="2/2to3/2_0" slope="0.00"/>
        <vehicle id="43" x="640.46" y="198.35" angle="90.00" type="DEFAULT_VEHTYPE" speed="10.48" pos="35.71" lane="3/1to4/1_0" slope="0.00"/>
        <vehicle id="44" x="401.65" y="20.88" angle="180.00" type="DEFAULT_VEHTYPE" speed="6.25" pos="20.88" lane="2/0to2/1_0" slope="0.00"/>
        <vehicle id="45" x="624.19" y="598.35" angle="90.00" type="DEFAULT_VEHTYPE" speed="6.98" pos="19.44" lane="3/3to4/3_0" slope="0.00"/>
        <vehicle id="46" x="609.85" y="598.35" angle="90.00" type="DEFAULT_VEHTYPE" speed="0.00" pos="5.10" lane="3/3to4/3_0" slope="0.00"/>
        <vehicle id="48" x="5.10" y="198.35" angle="90.00" type="DEFAULT_VEHTYPE" speed="0.00" pos="5.10" lane="0/1to1/1_0" slope="0.00"/>
        <vehicle id="5" x="201.65" y="254.32" angle="180.00" type="DEFAULT_VEHTYPE" speed="12.92" pos="49.57" lane="1/1to1/2_0" slope="0.00"/>
        <vehicle id="6" x="364.46" y="201.65" angle="-90.00" type="DEFAULT_VEHTYPE" speed="12.59" pos="30.79" lane="2/1to1/1_0" slope="0.00"/>
        <vehicle id="7" x="401.65" y="473.90" angle="180.00" type="DEFAULT_VEHTYPE" speed="13.28" pos="69.15" lane="2/2to2/3_0" slope="0.00"/>
        <vehicle id="8" x="671.90" y="398.35" angle="90.00" type="DEFAULT_VEHTYPE" speed="13.23" pos="67.15" lane="3/2to4/2_0" slope="0.00"/>
    </timestep>
    <timestep time="49.00">
        <vehicle id="0" x="231.58" y="201.65" angle="-90.00" type="DEFAULT_VEHTYPE" speed="12.48" pos="163.67" lane="2/1to1/1_0" slope="0.00"/>
        <vehicle id="1" x="364.13" y="598.35" angle="90.00" type="DEFAULT_VEHTYPE" speed="12.18" pos="159.38" lane="1/3to2/3_0" slope="0.00"/>
        <vehicle id="10" x="198.35" y="175.53" angle="0.00" type="DEFAULT_VEHTYPE" speed="12.70" pos="19.72" lane="1/1to1/0_0" slope="0.00"/>
        <vehicle id="11" x="201.65" y="436.17" angle="180.00" type="DEFAULT_VEHTYPE" speed="13.89" pos="31.42" lane="1/2to1/3_0" slope="0.00"/>
        <vehicle id="12" x="275.21" y="601.65" angle="-90.00" type="DEFAULT_VEHTYPE" speed="13.51" pos="120.04" lane="2/3to1/3_0" slope="0.00"/>
        <vehicle id="13" x="234.84" y="198.35" angle="90.00" type="DEFAULT_VEHTYPE" speed="13.43" pos="30.09" lane="1/1to2/1_0" slope="0.00"/>
        <vehicle id="14" x="217.30" y="601.65" angle="-90.00" type="DEFAULT_VEHTYPE" speed="7.84" pos="177.95" lane="2/3to1/3_0" slope="0.00"/>
        <vehicle id="15" x="401.65" y="392.31" angle="180.00" type="DEFAULT_VEHTYPE" speed="13.12" pos="187.56" lane="2/1to2/2_0" slope="0.00"/>
        <vehicle id="16" x="210.54" y="201.65" angle="-90.00" type="DEFAULT_VEHTYPE" speed="3.82" pos="184.71" lane="2/1to1/1_0" slope="0.00"/>
        <vehicle id="17" x="181.01" y="398.35" angle="90.00" type="DEFAULT_VEHTYPE" speed="8.93" pos="181.01" lane="0/2to1/2_0" slope="0.00"/>
        <vehicle id="18" x="537.88" y="398.35" angle="90.00" type="DEFAULT_VEHTYPE" speed="12.84" pos="133.13" lane="2/2to3/2_0" slope="0.00"/>
        <vehicle id="19" x="492.51" y="601.65" angle="-90.00" type="DEFAULT_VEHTYPE" speed="13.02" pos="102.74" lane="3/3to2/3_0" slope="0.00"/>
        <vehicle id="2" x="198.35" y="243.52" angle="0.00" type="DEFAULT_VEHTYPE" speed="13.23" pos="151.73" lane="1/2to1/1_0" slope="0.00"/>
        <vehicle id="20" x="198.35" y="653.22" angle="0.00" type="DEFAULT_VEHTYPE" speed="12.86" pos="146.78" lane="1/4to1/3_0" slope="0.00"/>
        <vehicle id="21" x="138.06" y="198.35" angle="90.00" type="DEFAULT_VEHTYPE" speed="13.01" pos="138.06" lane="0/1to1/1_0" slope="0.00"/>
        <vehicle id="22" x="601.65" y="680.26" angle="180.00" type="DEFAULT_VEHTYPE" speed="13.52" pos="75.51" lane="3/3to3/4_0" slope="0.00"/>
        <vehicle id="23" x="398.35" y="692.21" angle="0.00" type="DEFAULT_VEHTYPE" speed="12.69" pos="107.79" lane="2/4to2/3_0" slope="0.00"/>
        <vehicle id="24" x="398.35" y="339.46" angle="0.00" type="DEFAULT_VEHTYPE" speed="12.84" pos="55.79" lane="2/2to2/1_0" slope="0.00"/>
        <vehicle id="25" x="502.74" y="401.65" angle="-90.00" type="DEFAULT_VEHTYPE" speed="13.83" pos="92.51" lane="3/2to2/2_0" slope="0.00"/>
        <vehicle id="26" x="573.31" y="601.65" angle="-90.00" type="DEFAULT_VEHTYPE" speed="10.35" pos="21.94" lane="3/3to2/3_0" slope="0.00"/>
        <vehicle id="27" x="201.65" y="27.11" angle="180.00" type="DEFAULT_VEHTYPE" speed="13.14" pos="27.11" lane="1/0to1/1_0" slope="0.00"/>
        <vehicle id="28" x="598.35" y="754.60" angle="0.00" type="DEFAULT_VEHTYPE" speed="12.92" pos="45.40" lane="3/4to3/3_0" slope="0.00"/>
        <vehicle id="29" x="601.65" y="30.84" angle="180.00" type="DEFAULT_VEHTYPE" speed="13.33" pos="30.84" lane="3/0to3/1_0" slope="0.00"/>
        <vehicle id="3" x="201.65" y="550.85" angle="180.00" type="DEFAULT_VEHTYPE" speed="13.69" pos="146.10" lane="1/2to1/3_0" slope="0.00"/>
        <vehicle id="30" x="395.79" y="598.71" angle="94.25" type="DEFAULT_VEHTYPE" speed="5.41" pos="0.65" lane=":2/3_15_0" slope="0.00"/>
        <vehicle id="31" x="188.96" y="198.35" angle="90.00" type="DEFAULT_VEHTYPE" speed="5.40" pos="188.96" lane="0/1to1/1_0" slope="0.00"/>
        <vehicle id="32" x="601.65" y="389.01" angle="180.00" type="DEFAULT_VEHTYPE" speed="5.50" pos="184.26" lane="3/1to3/2_0" slope="0.00"/>
        <vehicle id="33" x="598.35" y="625.25" angle="0.00" type="DEFAULT_VEHTYPE" speed="11.20" pos="174.75" lane="3/4to3/3_0" slope="0.00"/>
        <vehicle id="34" x="601.65" y="167.59" angle="180.00" type="DEFAULT_VEHTYPE" speed="13.21" pos="167.59" lane="3/0to3/1_0" slope="0.00"/>
        <vehicle id="35" x="755.72" y="198.35" angle="90.00" type="DEFAULT_VEHTYPE" speed="12.79" pos="150.97" lane="3/1to4/1_0" slope="0.00"/>
        <vehicle id="36" x="468.27" y="601.65" angle="-90.00" type="DEFAULT_VEHTYPE" speed="13.21" pos="126.98" lane="3/3to2/3_0" slope="0.00"/>
        <vehicle id="37" x="533.78" y="198.35" angle="90.00" type="DEFAULT_VEHTYPE" speed="12.91" pos="129.03" lane="2/1to3/1_0" slope="0.00"/>
        <vehicle id="38" x="319.15" y="598.35" angle="90.00" type="DEFAULT_VEHTYPE" speed="13.41" pos="114.40" lane="1/3to2/3_0" slope="0.00"/>
        <vehicle id="39" x="398.35" y="95.64" angle="0.00" type="DEFAULT_VEHTYPE" speed="13.11" pos="99.61" lane="2/1to2/0_0" slope="0.00"/>
        <vehicle id="4" x="287.60" y="198.35" angle="90.00" type="DEFAULT_VEHTYPE" speed="13.33" pos="82.85" lane="1/1to2/1_0" slope="0.00"/>
        <vehicle id="40" x="601.65" y="91.18" angle="180.00" type="DEFAULT_VEHTYPE" speed="13.20" pos="91.18" lane="3/0to3/1_0" slope="0.00"/>
        <vehicle id="41" x="398.35" y="516.90" angle="0.00" type="DEFAULT_VEHTYPE" speed="13.38" pos="78.35" lane="2/3to2/2_0" slope="0.00"/>
        <vehicle id="42" x="447.36" y="398.35" angle="90.00" type="DEFAULT_VEHTYPE" speed="11.22" pos="42.61" lane="2/2to3/2_0" slope="0.00"/>
        <vehicle id="43" x="653.30" y="198.35" angle="90.00" type="DEFAULT_VEHTYPE" speed="12.84" pos="48.55" lane="3/1to4/1_0" slope="0.00"/>
        <vehicle id="44" x="401.65" y="29.09" angle="180.00" type="DEFAULT_VEHTYPE" speed="8.21" pos="29.09" lane="2/0to2/1_0" slope="0.00"/>
        <vehicle id="45" x="633.50" y="598.35" angle="90.00" type="DEFAULT_VEHTYPE" speed="9.30" pos="28.75" lane="3/3to4/3_0" slope="0.00"/>
        <vehicle id="46" x="611.60" y="598.35" angle="90.00" type="DEFAULT_VEHTYPE" speed="1.75" pos="6.85" lane="3/3to4/3_0" slope="0.00"/>
        <vehicle id="48" x="7.24" y="198.35" angle="90.00" type="DEFAULT_VEHTYPE" speed="2.14" pos="7.24" lane="0/1to1/1_0" slope="0.00"/>
        <vehicle id="5" x="201.65" y="268.03" angle="180.00" type="DEFAULT_VEHTYPE" speed="13.71" pos="63.28" lane="1/1to1/2_0" slope="0.00"/>
        <vehicle id="6" x="351.31" y="201.65" angle="-90.00" type="DEFAULT_VEHTYPE" speed="13.15" pos="43.94" lane="2/1to1/1_0" slope="0.00"/>
        <vehicle id="7" x="401.65" y="486.70" angle="180.00" type="DEFAULT_VEHTYPE" speed="12.80" pos="81.95" lane="2/2to2/3_0" slope="0.00"/>
        <vehicle id="8" x="685.56" y="398.35" angle="90.00" type="DEFAULT_VEHTYPE" speed="13.67" pos="80.81" lane="3/2to4/2_0" slope="0.00"/>
    </timestep>
    <timestep time="50.00">
        <vehicle id="0" x="223.60" y="201.65" angle="-90.00" type="DEFAULT_VEHTYPE" speed="7.98" pos="171.65" lane="2/1to1/1_0" slope="0.00"/>
        <vehicle id="1" x="376.05" y="598.35" angle="90.00" type="DEFAULT_VEHTYPE" speed="11.93" pos="171.30" lane="1/3to2/3_0" slope="0.00"/>
        <vehicle id="10" x="198.35" y="162.42" angle="0.00" type="DEFAULT_VEHTYPE" speed="13.11" pos="32.83" lane="1/1to1/0_0" slope="0.00"/>
        <vehicle id="11" x="201.65" y="449.83" angle="180.00" type="DEFAULT_VEHTYPE" speed="13.66" pos="45.08" lane="1/2to1/3_0" slope="0.00"/>
        <vehicle id="12" x="262.60" y="601.65" angle="-90.00" type="DEFAULT_VEHTYPE" speed="12.61" pos="132.65" lane="2/3to1/3_0" slope="0.00"/>
        <vehicle id="13" x="247.89" y="198.35" angle="90.00" type="DEFAULT_VEHTYPE" speed="13.05" pos="43.14" lane="1/1to2/1_0" slope="0.00"/>
        <vehicle id="14" x="212.07" y="601.65" angle="-90.00" type="DEFAULT_VEHTYPE" speed="5.23" pos="183.18" lane="2/3to1/3_0" slope="0.00"/>
        <vehicle id="15" x="401.65" y="405.78" angle="180.00" type="DEFAULT_VEHTYPE" speed="13.47" pos="1.03" lane="2/2to2/3_0" slope="0.00"/>
        <vehicle id="16" x="204.93" y="201.65" angle="-90.00" type="DEFAULT_VEHTYPE" speed="5.61" pos="190.32" lane="2/1to1/1_0" slope="0.00"/>
        <vehicle id="17" x="187.68" y="398.35" angle="90.00" type="DEFAULT_VEHTYPE" speed="6.67" pos="187.68" lane="0/2to1/2_0" slope="0.00"/>
        <vehicle id="18" x="550.54" y="398.35" angle="90.00" type="DEFAULT_VEHTYPE" speed="12.66" pos="145.79" lane="2/2to3/2_0" slope="0.00"/>
        <vehicle id="19" x="479.39" y="601.65" angle="-90.00" type="DEFAULT_VEHTYPE" speed="13.12" pos="115.86" lane="3/3to2/3_0" slope="0.00"/>
        <vehicle id="2" x="198.35" y="230.47" angle="0.00" type="DEFAULT_VEHTYPE" speed="13.05" pos="164.78" lane="1/2to1/1_0" slope="0.00"/>
        <vehicle id="20" x="198.35" y="640.33" angle="0.00" type="DEFAULT_VEHTYPE" speed="12.90" pos="159.67" lane="1/4to1/3_0" slope="0.00"/>
        <vehicle id="21" x="151.32" y="198.35" angle="90.00" type="DEFAULT_VEHTYPE" speed="13.25" pos="151.32" lane="0/1to1/1_0" slope="0.00"/>
        <vehicle id="22" x="601.65" y="693.58" angle="180.00" type="DEFAULT_VEHTYPE" speed="13.32" pos="88.83" lane="3/3to3/4_0" slope="0.00"/>
        <vehicle id="23" x="398.35" y="678.86" angle="0.00" type="DEFAULT_VEHTYPE" speed="13.35" pos="121.14" lane="2/4to2/3_0" slope="0.00"/>
        <vehicle id="24" x="398.35" y="325.77" angle="0.00" type="DEFAULT_VEHTYPE" speed="13.69" pos="69.48" lane="2/2to2/1_0" slope="0.00"/>
        <vehicle id="25" x="489.74" y="401.65" angle="-90.00" type="DEFAULT_VEHTYPE" speed="13.00" pos="105.51" lane="3/2to2/2_0" slope="0.00"/>
        <vehicle id="26" x="560.88" y="601.65" angle="-90.00" type="DEFAULT_VEHTYPE" speed="12.43" pos="34.37" lane="3/3to2/3_0" slope="0.00"/>
        <vehicle id="27" x="201.65" y="39.87" angle="180.00" type="DEFAULT_VEHTYPE" speed="12.76" pos="39.87" lane="1/0to1/1_0" slope="0.00"/>
        <vehicle id="28" x="598.35" y="740.79" angle="0.00" type="DEFAULT_VEHTYPE" speed="13.82" pos="59.21" lane="3/4to3/3_0" slope="0.00"/>
        <vehicle id="29" x="601.65" y="44.23" angle="180.00" type="DEFAULT_VEHTYPE" speed="13.39" pos="44.23" lane="3/0to3/1_0" slope="0.00"/>
        <vehicle id="3" x="201.65" y="564.15" angle="180.00" type="DEFAULT_VEHTYPE" speed="13.30" pos="159.40" lane="1/2to1/3_0" slope="0.00"/>
        <vehicle id="30" x="392.56" y="601.65" angle="-109.92" type="DEFAULT_VEHTYPE" speed="6.86" pos="2.69" lane="2/3to1/3_0" slope="0.00"/>
        <vehicle id="31" x="191.61" y="198.35" angle="90.00" type="DEFAULT_VEHTYPE" speed="2.65" pos="191.61" lane="0/1to1/1_0" slope="0.00"/>
        <vehicle id="32" x="601.45" y="396.62" angle="-177.75" type="DEFAULT_VEHTYPE" speed="7.62" pos="1.38" lane=":3/2_10_0" slope="0.00"/>
        <vehicle id="33" x="598.35" y="617.30" angle="0.00" type="DEFAULT_VEHTYPE" speed="7.96" pos="182.70" lane="3/4to3/3_0" slope="0.00"/>
        <vehicle id="34" x="601.65" y="177.82" angle="180.00" type="DEFAULT_VEHTYPE" speed="10.23" pos="177.82" lane="3/0to3/1_0" slope="0.00"/>
        <vehicle id="35" x="769.58" y="198.35" angle="90.00" type="DEFAULT_VEHTYPE" speed="13.86" pos="164.83" lane="3/1to4/1_0" slope="0.00"/>
        <vehicle id="36" x="455.09" y="601.65" angle="-90.00" type="DEFAULT_VEHTYPE" speed="13.18" pos="140.16" lane="3/3to2/3_0" slope="0.00"/>
        <vehicle id="37" x="546.77" y="198.35" angle="90.00" type="DEFAULT_VEHTYPE" speed="12.99" pos="142.02" lane="2/1to3/1_0" slope="0.00"/>
        <vehicle id="38" x="332.73" y="598.35" angle="90.00" type="DEFAULT_VEHTYPE" speed="13.59" pos="127.98" lane="1/3to2/3_0" slope="0.00"/>
        <vehicle id="39" x="398.35" y="81.76" angle="0.00" type="DEFAULT_VEHTYPE" speed="13.88" pos="113.49" lane="2/1to2/0_0" slope="0.00"/>
        <vehicle id="4" x="300.69" y="198.35" angle="90.00" type="DEFAULT_VEHTYPE" speed="13.08" pos="95.94" lane="1/1to2/1_0" slope="0.00"/>
        <vehicle id="40" x="601.65" y="104.80" angle="180.00" type="DEFAULT_VEHTYPE" speed="13.62" pos="104.80" lane="3/0to3/1_0" slope="0.00"/>
        <vehicle id="41" x="398.35" y="504.29" angle="0.00" type="DEFAULT_VEHTYPE" speed="12.61" pos="90.96" lane="2/3to2/2_0" slope="0.00"/>
        <vehicle id="42" x="460.97" y="398.35" angle="90.00" type="DEFAULT_VEHTYPE" speed="13.61" pos="56.22" lane="2/2to3/2_0" slope="0.00"/>
        <vehicle id="43" x="666.48" y="198.35" angle="90.00" type="DEFAULT_VEHTYPE" speed="13.18" pos="61.73" lane="3/1to4/1_0" slope="0.00"/>
        <vehicle id="44" x="401.65" y="39.30" angle="180.00" type="DEFAULT_VEHTYPE" speed="10.21" pos="39.30" lane="2/0to2/1_0" slope="0.00"/>
        <vehicle id="45" x="644.51" y="598.35" angle="90.00" type="DEFAULT_VEHTYPE" speed="11.01" pos="39.76" lane="3/3to4/3_0" slope="0.00"/>
        <vehicle id="46" x="615.47" y="598.35" angle="90.00" type="DEFAULT_VEHTYPE" speed="3.87" pos="10.72" lane="3/3to4/3_0" slope="0.00"/>
        <vehicle id="48" x="11.50" y="198.35" angle="90.00" type="DEFAULT_VEHTYPE" speed="4.26" pos="11.50" lane="0/1to1/1_0" slope="0.00"/>
        <vehicle id="5" x="201.65" y="281.42" angle="180.00" type="DEFAULT_VEHTYPE" speed="13.39" pos="76.67" lane="1/1to1/2_0" slope="0.00"/>
        <vehicle id="6" x="338.38" y="201.65" angle="-90.00" type="DEFAULT_VEHTYPE" speed="12.93" pos="56.87" lane="2/1to1/1_0" slope="0.00"/>
        <vehicle id="7" x="401.65" y="500.36" angle="180.00" type="DEFAULT_VEHTYPE" speed="13.66" pos="95.61" lane="2/2to2/3_0" slope="0.00"/>
        <vehicle id="8" x="699.00" y="398.35" angle="90.00" type="DEFAULT_VEHTYPE" speed="13.44" pos="94.25" lane="3/2to4/2_0" slope="0.00"/>
    </timestep>
    <timestep time="51.00">
        <vehicle id="0" x="215.79" y="201.65" angle="-90.00" type="DEFAULT_VEHTYPE" speed="7.81" pos="179.46" lane="2/1to1/1_0" slope="0.00"/>
        <vehicle id="1" x="383.56" y="598.35" angle="90.00" type="DEFAULT_VEHTYPE" speed="7.51" pos="178.81" lane="1/3to2/3_0" slope="0.00"/>
        <vehicle id="10" x="198.35" y="149.28" angle="0.00" type="DEFAULT_VEHTYPE" speed="13.14" pos="45.97" lane="1/1to1/0_0" slope="0.00"/>
        <vehicle id="11" x="201.65" y="463.09" angle="180.00" type="DEFAULT_VEHTYPE" speed="13.26" pos="58.34" lane="1/2to1/3_0" slope="0.00"/>
        <vehicle id="12" x="249.66" y="601.65" angle="-90.00" type="DEFAULT_VEHTYPE" speed="12.94" pos="145.59" lane="2/3to1/3_0" slope="0.00"/>
        <vehicle id="13" x="261.58" y="198.35" angle="90.00" type="DEFAULT_VEHTYPE" speed="13.69" pos="56.83" lane="1/1to2/1_0" slope="0.00"/>
        <vehicle id="14" x="208.90" y="601.65" angle="-90.00" type="DEFAULT_VEHTYPE" speed="3.16" pos="186.35" lane="2/3to1/3_0" slope="0.00"/>
        <vehicle id="15" x="401.65" y="418.92" angle="180.00" type="DEFAULT_VEHTYPE" speed="13.14" pos="14.17" lane="2/2to2/3_0" slope="0.00"/>
        <vehicle id="16" x="201.65" y="206.60" angle="-163.53" type="DEFAULT_VEHTYPE" speed="7.03" pos="1.85" lane="1/1to1/2_0" slope="0.00"/>
        <vehicle id="17" x="190.09" y="398.35" angle="90.00" type="DEFAULT_VEHTYPE" speed="2.41" pos="190.09" lane="0/2to1/2_0" slope="0.00"/>
        <vehicle id="18" x="563.57" y="398.35" angle="90.00" type="DEFAULT_VEHTYPE" speed="13.03" pos="158.82" lane="2/2to3/2_0" slope="0.00"/>
        <vehicle id="19" x="466.67" y="601.65" angle="-90.00" type="DEFAULT_VEHTYPE" speed="12.71" pos="128.58" lane="3/3to2/3_0" slope="0.00"/>
        <vehicle id="2" x="198.35" y="219.96" angle="0.00" type="DEFAULT_VEHTYPE" speed="10.52" pos="175.29" lane="1/2to1/1_0" slope="0.00"/>
        <vehicle id="20" x="198.35" y="627.23" angle="0.00" type="DEFAULT_VEHTYPE" speed="13.10" pos="172.77" lane="1/4to1/3_0" slope="0.00"/>
        <vehicle id="21" x="164.35" y="198.35" angle="90.00" type="DEFAULT_VEHTYPE" speed="13.03" pos="164.35" lane="0/1to1/1_0" slope="0.00"/>
        <vehicle id="22" x="601.65" y="706.97" angle="180.00" type="DEFAULT_VEHTYPE" speed="13.39" pos="102.22" lane="3/3to3/4_0" slope="0.00"/>
        <vehicle id="23" x="398.35" y="665.59" angle="0.00" type="DEFAULT_VEHTYPE" speed="13.26" pos="134.41" lane="2/4to2/3_0" slope="0.00"/>
        <vehicle id="24" x="398.35" y="312.75" angle="0.00" type="DEFAULT_VEHTYPE" speed="13.01" pos="82.50" lane="2/2to2/1_0" slope="0.00"/>
        <vehicle id="25" x="477.03" y="401.65" angle="-90.00" type="DEFAULT_VEHTYPE" speed="12.72" pos="118.22" lane="3/2to2/2_0" slope="0.00"/>
        <vehicle id="26" x="548.10" y="601.65" angle="-90.00" type="DEFAULT_VEHTYPE" speed="12.78" pos="47.15" lane="3/3to2/3_0" slope="0.00"/>
        <vehicle id="27" x="201.65" y="52.96" angle="180.00" type="DEFAULT_VEHTYPE" speed="13.09" pos="52.96" lane="1/0to1/1_0" slope="0.00"/>
        <vehicle id="28" x="598.35" y="726.99" angle="0.00" type="DEFAULT_VEHTYPE" speed="13.80" pos="73.01" lane="3/4to3/3_0" slope="0.00"/>
        <vehicle id="29" x="601.65" y="57.38" angle="180.00" type="DEFAULT_VEHTYPE" speed="13.15" pos="57.38" lane="3/0to3/1_0" slope="0.00"/>
        <vehicle id="3" x="201.65" y="576.82" angle="180.00" type="DEFAULT_VEHTYPE" speed="12.67" pos="172.07" lane="1/2to1/3_0" slope="0.00"/>
        <vehicle id="30" x="383.33" y="601.65" angle="-90.00" type="DEFAULT_VEHTYPE" speed="9.23" pos="11.92" lane="2/3to1/3_0" slope="0.00"/>
        <vehicle id="31" x="192.43" y="198.35" angle="90.00" type="DEFAULT_VEHTYPE" speed="0.81" pos="192.43" lane="0/1to1/1_0" slope="0.00"/>
        <vehicle id="32" x="594.48" y="401.65" angle="-103.26" type="DEFAULT_VEHTYPE" speed="9.70" pos="0.77" lane="3/2to2/2_0" slope="0.00"/>
        <vehicle id="33" x="598.35" y="611.72" angle="0.00" type="DEFAULT_VEHTYPE" speed="5.57" pos="188.28" lane="3/4to3/3_0" slope="0.00"/>
        <vehicle id="34" x="601.65" y="184.94" angle="180.00" type="DEFAULT_VEHTYPE" speed="7.12" pos="184.94" lane="3/0to3/1_0" slope="0.00"/>
        <vehicle id="35" x="782.96" y="198.35" angle="90.00" type="DEFAULT_VEHTYPE" speed="13.38" pos="178.21" lane="3/1to4/1_0" slope="0.00"/>
        <vehicle id="36" x="441.76" y="601.65" angle="-90.00" type="DEFAULT_VEHTYPE" speed="13.33" pos="153.49" lane="3/3to2/3_0" slope="0.00"/>
        <vehicle id="37" x="560.09" y="198.35" angle="90.00" type="DEFAULT_VEHTYPE" speed="13.33" pos="155.34" lane="2/1to3/1_0" slope="0.00"/>
        <vehicle id="38" x="345.85" y="598.35" angle="90.00" type="DEFAULT_VEHTYPE" speed="13.12" pos="141.10" lane="1/3to2/3_0" slope="0.00"/>
        <vehicle id="39" x="398.35" y="68.21" angle="0.00" type="DEFAULT_VEHTYPE" speed="13.55" pos="127.04" lane="2/1to2/0_0" slope="0.00"/>
        <vehicle id="4" x="313.32" y="198.35" angle="90.00" type="DEFAULT_VEHTYPE" speed="12.64" pos="108.57" lane="1/1to2/1_0" slope="0.00"/>
        <vehicle id="40" x="601.65" y="117.63" angle="180.00" type="DEFAULT_VEHTYPE" speed="12.83" pos="117.63" lane="3/0to3/1_0" slope="0.00"/>
        <vehicle id="41" x="398.35" y="490.96" angle="0.00" type="DEFAULT_VEHTYPE" speed="13.33" pos="104.29" lane="2/3to2/2_0" slope="0.00"/>
        <vehicle id="42" x="474.12" y="398.35" angle="90.00" type="DEFAULT_VEHTYPE" speed="13.15" pos="69.37" lane="2/2to3/2_0" slope="0.00"/>
        <vehicle id="43" x="680.37" y="198.35" angle="90.00" type="DEFAULT_VEHTYPE" speed="13.89" pos="75.62" lane="3/1to4/1_0" slope="0.00"/>
        <vehicle id="44" x="401.65" y="51.59" angle="180.00" type="DEFAULT_VEHTYPE" speed="12.29" pos="51.59" lane="2/0to2/1_0" slope="0.00"/>
        <vehicle id="45" x="657.68" y="598.35" angle="90.00" type="DEFAULT_VEHTYPE" speed="13.17" pos="52.93" lane="3/3to4/3_0" slope="0.00"/>
        <vehicle id="46" x="621.04" y="598.35" angle="90.00" type="DEFAULT_VEHTYPE" speed="5.57" pos="16.29" lane="3/3to4/3_0" slope="0.00"/>
        <vehicle id="48" x="18.32" y="198.35" angle="90.00" type="DEFAULT_VEHTYPE" speed="6.82" pos="18.32" lane="0/1to1/1_0" slope="0.00"/>
        <vehicle id="49" x="5.10" y="198.35" angle="90.00" type="DEFAULT_VEHTYPE" speed="0.00" pos="5.10" lane="0/1to1/1_0" slope="0.00"/>
        <vehicle id="5" x="201.65" y="294.05" angle="180.00" type="DEFAULT_VEHTYPE" speed="12.63" pos="89.30" lane="1/1to1/2_0" slope="0.00"/>
        <vehicle id="6" x="325.44" y="201.65" angle="-90.00" type="DEFAULT_VEHTYPE" speed="12.94" pos="69.81" lane="2/1to1/1_0" slope="0.00"/>
        <vehicle id="7" x="401.65" y="513.10" angle="180.00" type="DEFAULT_VEHTYPE" speed="12.74" pos="108.35" lane="2/2to2/3_0" slope="0.00"/>
        <vehicle id="8" x="712.59" y="398.35" angle="90.00" type="DEFAULT_VEHTYPE" speed="13.58" pos="107.84" lane="3/2to4/2_0" slope="0.00"/>
    </timestep>
    <timestep time="52.00">
        <vehicle id="0" x="211.40" y="201.65" angle="-90.00" type="DEFAULT_VEHTYPE" speed="4.39" pos="183.85" lane="2/1to1/1_0" slope="0.00"/>
        <vehicle id="1" x="389.15" y="598.35" angle="90.00" type="DEFAULT_VEHTYPE" speed="5.59" pos="184.40" lane="1/3to2/3_0" slope="0.00"/>
        <vehicle id="10" x="198.35" y="136.09" angle="0.00" type="DEFAULT_VEHTYPE" speed="13.19" pos="59.16" lane="1/1to1/0_0" slope="0.00"/>
        <vehicle id="11" x="201.65" y="475.96" angle="180.00" type="DEFAULT_VEHTYPE" speed="12.87" pos="71.21" lane="1/2to1/3_0" slope="0.00"/>
        <vehicle id="12" x="237.35" y="601.65" angle="-90.00" type="DEFAULT_VEHTYPE" speed="12.30" pos="157.90" lane="2/3to1/3_0" slope="0.00"/>
        <vehicle id="13" x="274.70" y="198.35" angle="90.00" type="DEFAULT_VEHTYPE" speed="13.12" pos="69.95" lane="1/1to2/1_0" slope="0.00"/>
        <vehicle id="14" x="207.74" y="601.65" angle="-90.00" type="DEFAULT_VEHTYPE" speed="1.16" pos="187.51" lane="2/3to1/3_0" slope="0.00"/>
        <vehicle id="15" x="401.65" y="431.90" angle="180.00" type="DEFAULT_VEHTYPE" speed="12.98" pos="27.15" lane="2/2to2/3_0" slope="0.00"/>
        <vehicle id="16" x="201.65" y="216.09" angle="180.00" type="DEFAULT_VEHTYPE" speed="9.49" pos="11.34" lane="1/1to1/2_0" slope="0.00"/>
        <vehicle id="17" x="194.93" y="398.35" angle="90.00" type="DEFAULT_VEHTYPE" speed="4.84" pos="194.93" lane="0/2to1/2_0" slope="0.00"/>
        <vehicle id="18" x="576.31" y="398.35" angle="90.00" type="DEFAULT_VEHTYPE" speed="12.74" pos="171.56" lane="2/2to3/2_0" slope="0.00"/>
        <vehicle id="19" x="453.50" y="601.65" angle="-90.00" type="DEFAULT_VEHTYPE" speed="13.17" pos="141.75" lane="3/3to2/3_0" slope="0.00"/>
        <vehicle id="2" x="198.35" y="212.98" angle="0.00" type="DEFAULT_VEHTYPE" speed="6.97" pos="182.27" lane="1/2to1/1_0" slope="0.00"/>
        <vehicle id="20" x="198.35" y="614.51" angle="0.00" type="DEFAULT_VEHTYPE" speed="12.72" pos="185.49" lane="1/4to1/3_0" slope="0.00"/>
        <vehicle id="21" x="172.99" y="198.35" angle="90.00" type="DEFAULT_VEHTYPE" speed="8.64" pos="172.99" lane="0/1to1/1_0" slope="0.00"/>
        <vehicle id="22" x="601.65" y="720.26" angle="180.00" type="DEFAULT_VEHTYPE" speed="13.29" pos="115.51" lane="3/3to3/4_0" slope="0.00"/>
        <vehicle id="23" x="398.35" y="652.73" angle="0.00" type="DEFAULT_VEHTYPE" speed="12.87" pos="147.27" lane="2/4to2/3_0" slope="0.00"/>
        <vehicle id="24" x="398.35" y="299.01" angle="0.00" type="DEFAULT_VEHTYPE" speed="13.75" pos="96.24" lane="2/2to2/1_0" slope="0.00"/>
        <vehicle id="25" x="463.25" y="401.65" angle="-90.00" type="DEFAULT_VEHTYPE" speed="13.78" pos="132.00" lane="3/2to2/2_0" slope="0.00"/>
        <vehicle id="26" x="535.04" y="601.65" angle="-90.00" type="DEFAULT_VEHTYPE" speed="13.06" pos="60.21" lane="3/3to2/3_0" slope="0.00"/>
        <vehicle id="27" x="201.65" y="65.92" angle="180.00" type="DEFAULT_VEHTYPE" speed="12.96" pos="65.92" lane="1/0to1/1_0" slope="0.00"/>
        <vehicle id="28" x="598.35" y="713.31" angle="0.00" type="DEFAULT_VEHTYPE" speed="13.68" pos="86.69" lane="3/4to3/3_0" slope="0.00"/>
        <vehicle id="29" x="601.65" y="70.82" angle="180.00" type="DEFAULT_VEHTYPE" speed="13.43" pos="70.82" lane="3/0to3/1_0" slope="0.00"/>
        <vehicle id="3" x="201.65" y="590.13" angle="180.00" type="DEFAULT_VEHTYPE" speed="13.31" pos="185.38" lane="1/2to1/3_0" slope="0.00"/>
        <vehicle id="30" x="372.31" y="601.65" angle="-90.00" type="DEFAULT_VEHTYPE" speed="11.02" pos="22.94" lane="2/3to1/3_0" slope="0.00"/>
        <vehicle id="31" x="192.68" y="198.35" angle="90.00" type="DEFAULT_VEHTYPE" speed="0.26" pos="192.68" lane="0/1to1/1_0" slope="0.00"/>
        <vehicle id="32" x="582.39" y="401.65" angle="-90.00" type="DEFAULT_VEHTYPE" speed="12.10" pos="12.86" lane="3/2to2/2_0" slope="0.00"/>
        <vehicle id="33" x="598.47" y="603.93" angle="1.34" type="DEFAULT_VEHTYPE" speed="7.80" pos="0.83" lane=":3/3_2_0" slope="0.00"/>
        <vehicle id="34" x="601.65" y="189.34" angle="180.00" type="DEFAULT_VEHTYPE" speed="4.39" pos="189.34" lane="3/0to3/1_0" slope="0.00"/>
        <vehicle id="35" x="796.82" y="198.35" angle="90.00" type="DEFAULT_VEHTYPE" speed="13.86" pos="192.07" lane="3/1to4/1_0" slope="0.00"/>
        <vehicle id="36" x="429.22" y="601.65" angle="-90.00" type="DEFAULT_VEHTYPE" speed="12.54" pos="166.03" lane="3/3to2/3_0" slope="0.00"/>
        <vehicle id="37" x="573.31" y="198.35" angle="90.00" type="DEFAULT_VEHTYPE" speed="13.21" pos="168.56" lane="2/1to3/1_0" slope="0.00"/>
        <vehicle id="38" x="359.11" y="598.35" angle="90.00" type="DEFAULT_VEHTYPE" speed="13.26" pos="154.36" lane="1/3to2/3_0" slope="0.00"/>
        <vehicle id="39" x="398.35" y="55.28" angle="0.00" type="DEFAULT_VEHTYPE" speed="12.93" pos="139.97" lane="2/1to2/0_0" slope="0.00"/>
        <vehicle id="4" x="327.13" y="198.35" angle="90.00" type="DEFAULT_VEHTYPE" speed="13.80" pos="122.38" lane="1/1to2/1_0" slope="0.00"/>
        <vehicle id="40" x="601.65" y="130.55" angle="180.00" type="DEFAULT_VEHTYPE" speed="12.93" pos="130.55" lane="3/0to3/1_0" slope="0.00"/>
        <vehicle id="41" x="398.35" y="477.55" angle="0.00" type="DEFAULT_VEHTYPE" speed="13.41" pos="117.70" lane="2/3to2/2_0" slope="0.00"/>
        <vehicle id="42" x="487.36" y="398.35" angle="90.00" type="DEFAULT_VEHTYPE" speed="13.25" pos="82.61" lane="2/2to3/2_0" slope="0.00"/>
        <vehicle id="43" x="694.17" y="198.35" angle="90.00" type="DEFAULT_VEHTYPE" speed="13.80" pos="89.42" lane="3/1to4/1_0" slope="0.00"/>
        <vehicle id="44" x="401.65" y="65.23" angle="180.00" type="DEFAULT_VEHTYPE" speed="13.64" pos="65.23" lane="2/0to2/1_0" slope="0.00"/>
        <vehicle id="45" x="670.91" y="598.35" angle="90.00" type="DEFAULT_VEHTYPE" speed="13.24" pos="66.16" lane="3/3to4/3_0" slope="0.00"/>
        <vehicle id="46" x="629.09" y="598.35" angle="90.00" type="DEFAULT_VEHTYPE" speed="8.05" pos="24.34" lane="3/3to4/3_0" slope="0.00"/>
        <vehicle id="48" x="27.08" y="198.35" angle="90.00" type="DEFAULT_VEHTYPE" speed="8.76" pos="27.08" lane="0/1to1/1_0" slope="0.00"/>
        <vehicle id="49" x="6.89" y="198.35" angle="90.00" type="DEFAULT_VEHTYPE" speed="1.79" pos="6.89" lane="0/1to1/1_0" slope="0.00"/>
        <vehicle id="5" x="201.65" y="307.08" angle="180.00" type="DEFAULT_VEHTYPE" speed="13.03" pos="102.33" lane="1/1to1/2_0" slope="0.00"/>
        <vehicle id="6" x="311.76" y="201.65" angle="-90.00" type="DEFAULT_VEHTYPE" speed="13.68" pos="83.49" lane="2/1to1/1_0" slope="0.00"/>
        <vehicle id="7" x="401.65" y="525.75" angle="180.00" type="DEFAULT_VEHTYPE" speed="12.65" pos="121.00" lane="2/2to2/3_0" slope="0.00"/>
        <vehicle id="8" x="725.83" y="398.35" angle="90.00" type="DEFAULT_VEHTYPE" speed="13.25" pos="121.08" lane="3/2to4/2_0" slope="0.00"/>
    </timestep>
    <timestep time="53.00">
        <vehicle id="0" x="204.88" y="201.65" angle="-90.00" type="DEFAULT_VEHTYPE" speed="6.52" pos="190.37" lane="2/1to1/1_0" slope="0.00"/>
        <vehicle id="1" x="396.62" y="598.16" angle="87.79" type="DEFAULT_VEHTYPE" speed="7.48" pos="1.38" lane=":2/3_12_0" slope="0.00"/>
        <vehicle id="10" x="198.35" y="122.22" angle="0.00" type="DEFAULT_VEHTYPE" speed="13.86" pos="73.03" lane="1/1to1/0_0" slope="0.00"/>
        <vehicle id="11" x="201.65" y="489.33" angle="180.00" type="DEFAULT_VEHTYPE" speed="13.37" pos="84.58" lane="1/2to1/3_0" slope="0.00"/>
        <vehicle id="12" x="227.12" y="601.65" angle="-90.00" type="DEFAULT_VEHTYPE" speed="10.24" pos="168.13" lane="2/3to1/3_0" slope="0.00"/>
        <vehicle id="13" x="288.04" y="198.35" angle="90.00" type="DEFAULT_VEHTYPE" speed="13.34" pos="83.29" lane="1/1to2/1_0" slope="0.00"/>
        <vehicle id="14" x="207.39" y="601.65" angle="-90.00" type="DEFAULT_VEHTYPE" speed="0.35" pos="187.86" lane="2/3to1/3_0" slope="0.00"/>
        <vehicle id="15" x="401.65" y="445.50" angle="180.00" type="DEFAULT_VEHTYPE" speed="13.60" pos="40.75" lane="2/2to2/3_0" slope="0.00"/>
        <vehicle id="16" x="201.65" y="227.32" angle="180.00" type="DEFAULT_VEHTYPE" speed="11.22" pos="22.57" lane="1/1to1/2_0" slope="0.00"/>
        <vehicle id="17" x="200.81" y="401.22" angle="123.85" type="DEFAULT_VEHTYPE" speed="6.97" pos="6.64" lane=":1/2_14_0" slope="0.00"/>
        <vehicle id="18" x="589.08" y="398.35" angle="90.00" type="DEFAULT_VEHTYPE" speed="12.77" pos="184.33" lane="2/2to3/2_0" slope="0.00"/>
        <vehicle id="19" x="439.91" y="601.65" angle="-90.00" type="DEFAULT_VEHTYPE" speed="13.59" pos="155.34" lane="3/3to2/3_0" slope="0.00"/>
        <vehicle id="2" x="198.35" y="209.57" angle="0.00" type="DEFAULT_VEHTYPE" speed="3.42" pos="185.68" lane="1/2to1/1_0" slope="0.00"/>
        <vehicle id="20" x="198.35" y="601.44" angle="0.00" type="DEFAULT_VEHTYPE" speed="13.07" pos="3.31" lane=":1/3_1_0" slope="0.00"/>
        <vehicle id="21" x="179.72" y="198.35" angle="90.00" type="DEFAULT_VEHTYPE" speed="6.73" pos="179.72" lane="0/1to1/1_0" slope="0.00"/>
        <vehicle id="22" x="601.65" y="733.23" angle="180.00" type="DEFAULT_VEHTYPE" speed="12.97" pos="128.48" lane="3/3to3/4_0" slope="0.00"/>
        <vehicle id="23" x="398.35" y="639.17" angle="0.00" type="DEFAULT_VEHTYPE" speed="13.56" pos="160.83" lane="2/4to2/3_0" slope="0.00"/>
        <vehicle id="24" x="398.35" y="285.94" angle="0.00" type="DEFAULT_VEHTYPE" speed="13.07" pos="109.31" lane="2/2to2/1_0" slope="0.00"/>
        <vehicle id="25" x="450.54" y="401.65" angle="-90.00" type="DEFAULT_VEHTYPE" speed="12.71" pos="144.71" lane="3/2to2/2_0" slope="0.00"/>
        <vehicle id="26" x="521.39" y="601.65" angle="-90.00" type="DEFAULT_VEHTYPE" speed="13.65" pos="73.86" lane="3/3to2/3_0" slope="0.00"/>
        <vehicle id="27" x="201.65" y="79.54" angle="180.00" type="DEFAULT_VEHTYPE" speed="13.62" pos="79.54" lane="1/0to1/1_0" slope="0.00"/>
        <vehicle id="28" x="598.35" y="700.11" angle="0.00" type="DEFAULT_VEHTYPE" speed="13.20" pos="99.89" lane="3/4to3/3_0" slope="0.00"/>
        <vehicle id="29" x="601.65" y="84.36" angle="180.00" type="DEFAULT_VEHTYPE" speed="13.54" pos="84.36" lane="3/0to3/1_0" slope="0.00"/>
        <vehicle id="3" x="208.37" y="598.35" angle="92.27" type="DEFAULT_VEHTYPE" speed="13.74" pos="3.62" lane="1/3to2/3_0" slope="0.00"/>
        <vehicle id="30" x="358.79" y="601.65" angle="-90.00" type="DEFAULT_VEHTYPE" speed="13.52" pos="36.46" lane="2/3to1/3_0" slope="0.00"/>
        <vehicle id="31" x="192.75" y="198.35" angle="90.00" type="DEFAULT_VEHTYPE" speed="0.06" pos="192.75" lane="0/1to1/1_0" slope="0.00"/>
        <vehicle id="32" x="568.58" y="401.65" angle="-90.00" type="DEFAULT_VEHTYPE" speed="13.80" pos="26.67" lane="3/2to2/2_0" slope="0.00"/>
        <vehicle id="33" x="605.57" y="598.35" angle="77.09" type="DEFAULT_VEHTYPE" speed="10.31" pos="0.82" lane="3/3to4/3_0" slope="0.00"/>
        <vehicle id="34" x="601.65" y="195.25" angle="-180.00" type="DEFAULT_VEHTYPE" speed="5.92" pos="0.00" lane=":3/1_10_0" slope="0.00"/>
        <vehicle id="35" x="795.04" y="201.65" angle="-90.27" type="DEFAULT_VEHTYPE" speed="12.96" pos="4.96" lane="4/1to3/1_0" slope="0.00"/>
        <vehicle id="36" x="419.31" y="601.65" angle="-90.00" type="DEFAULT_VEHTYPE" speed="9.91" pos="175.94" lane="3/3to2/3_0" slope="0.00"/>
        <vehicle id="37" x="582.38" y="198.35" angle="90.00" type="DEFAULT_VEHTYPE" speed="9.07" pos="177.63" lane="2/1to3/1_0" slope="0.00"/>
        <vehicle id="38" x="370.55" y="598.35" angle="90.00" type="DEFAULT_VEHTYPE" speed="11.44" pos="165.80" lane="1/3to2/3_0" slope="0.00"/>
        <vehicle id="39" x="398.35" y="42.06" angle="0.00" type="DEFAULT_VEHTYPE" speed="13.21" pos="153.19" lane="2/1to2/0_0" slope="0.00"/>
        <vehicle id="4" x="340.95" y="198.35" angle="90.00" type="DEFAULT_VEHTYPE" speed="13.82" pos="136.20" lane="1/1to2/1_0" slope="0.00"/>
        <vehicle id="40" x="601.65" y="143.54" angle="180.00" type="DEFAULT_VEHTYPE" speed="12.99" pos="143.54" lane="3/0to3/1_0" slope="0.00"/>
        <vehicle id="41" x="398.35" y="464.26" angle="0.00" type="DEFAULT_VEHTYPE" speed="13.29" pos="130.99" lane="2/3to2/2_0" slope="0.00"/>
        <vehicle id="42" x="501.01" y="398.35" angle="90.00" type="DEFAULT_VEHTYPE" speed="13.64" pos="96.26" lane="2/2to3/2_0" slope="0.00"/>
        <vehicle id="43" x="707.31" y="198.35" angle="90.00" type="DEFAULT_VEHTYPE" speed="13.13" pos="102.56" lane="3/1to4/1_0" slope="0.00"/>
        <vehicle id="44" x="401.65" y="78.54" angle="180.00" type="DEFAULT_VEHTYPE" speed="13.31" pos="78.54" lane="2/0to2/1_0" slope="0.00"/>
        <vehicle id="45" x="684.07" y="598.35" angle="90.00" type="DEFAULT_VEHTYPE" speed="13.16" pos="79.32" lane="3/3to4/3_0" slope="0.00"/>
        <vehicle id="46" x="638.45" y="598.35" angle="90.00" type="DEFAULT_VEHTYPE" speed="9.36" pos="33.70" lane="3/3to4/3_0" slope="0.00"/>
        <vehicle id="48" x="38.11" y="198.35" angle="90.00" type="DEFAULT_VEHTYPE" speed="11.04" pos="38.11" lane="0/1to1/1_0" slope="0.00"/>
        <vehicle id="49" x="10.89" y="198.35" angle="90.00" type="DEFAULT_VEHTYPE" speed="4.00" pos="10.89" lane="0/1to1/1_0" slope="0.00"/>
        <vehicle id="5" x="201.65" y="320.65" angle="180.00" type="DEFAULT_VEHTYPE" speed="13.58" pos="115.90" lane="1/1to1/2_0" slope="0.00"/>
        <vehicle id="6" x="298.31" y="201.65" angle="-90.00" type="DEFAULT_VEHTYPE" speed="13.45" pos="96.94" lane="2/1to1/1_0" slope="0.00"/>
        <vehicle id="7" x="401.65" y="538.84" angle="180.00" type="DEFAULT_VEHTYPE" speed="13.09" pos="134.09" lane="2/2to2/3_0" slope="0.00"/>
        <vehicle id="8" x="739.66" y="398.35" angle="90.00" type="DEFAULT_VEHTYPE" speed="13.82" pos="134.91" lane="3/2to4/2_0" slope="0.00"/>
    </timestep>
    <timestep time="54.00">
        <vehicle id="0" x="201.65" y="208.58" angle="-178.14" type="DEFAULT_VEHTYPE" speed="8.96" pos="3.83" lane="1/1to1/2_0" slope="0.00"/>
        <vehicle id="1" x="398.35" y="589.39" angle="0.00" type="DEFAULT_VEHTYPE" speed="9.48" pos="5.86" lane="2/3to2/2_0" slope="0.00"/>
        <vehicle id="10" x="198.35" y="108.59" angle="0.00" type="DEFAULT_VEHTYPE" speed="13.63" pos="86.66" lane="1/1to1/0_0" slope="0.00"/>
        <vehicle id="11" x="201.65" y="502.36" angle="180.00" type="DEFAULT_VEHTYPE" speed="13.03" pos="97.61" lane="1/2to1/3_0" slope="0.00"/>
        <vehicle id="12" x="220.97" y="601.65" angle="-90.00" type="DEFAULT_VEHTYPE" speed="6.14" pos="174.28" lane="2/3to1/3_0" slope="0.00"/>
        <vehicle id="13" x="301.57" y="198.35" angle="90.00" type="DEFAULT_VEHTYPE" speed="13.53" pos="96.82" lane="1/1to2/1_0" slope="0.00"/>
        <vehicle id="14" x="205.53" y="601.65" angle="-90.00" type="DEFAULT_VEHTYPE" speed="1.86" pos="189.72" lane="2/3to1/3_0" slope="0.00"/>
        <vehicle id="15" x="401.65" y="459.24" angle="180.00" type="DEFAULT_VEHTYPE" speed="13.74" pos="54.49" lane="2/2to2/3_0" slope="0.00"/>
        <vehicle id="16" x="201.65" y="241.09" angle="180.00" type="DEFAULT_VEHTYPE" speed="13.78" pos="36.34" lane="1/1to1/2_0" slope="0.00"/>
        <vehicle id="17" x="201.65" y="409.52" angle="179.62" type="DEFAULT_VEHTYPE" speed="8.44" pos="4.77" lane="1/2to1/3_0" slope="0.00"/>
        <vehicle id="19" x="430.28" y="601.65" angle="-90.00" type="DEFAULT_VEHTYPE" speed="9.63" pos="164.97" lane="3/3to2/3_0" slope="0.00"/>
        <vehicle id="2" x="198.46" y="203.96" angle="1.29" type="DEFAULT_VEHTYPE" speed="5.61" pos="0.80" lane=":1/1_2_0" slope="0.00"/>
        <vehicle id="20" x="198.35" y="587.92" angle="0.00" type="DEFAULT_VEHTYPE" speed="13.52" pos="7.33" lane="1/3to1/2_0" slope="0.00"/>
        <vehicle id="21" x="182.46" y="198.35" angle="90.00" type="DEFAULT_VEHTYPE" speed="2.74" pos="182.46" lane="0/1to1/1_0" slope="0.00"/>
        <vehicle id="22" x="601.65" y="746.83" angle="180.00" type="DEFAULT_VEHTYPE" speed="13.60" pos="142.08" lane="3/3to3/4_0" slope="0.00"/>
        <vehicle id="23" x="398.35" y="626.22" angle="0.00" type="DEFAULT_VEHTYPE" speed="12.95" pos="173.78" lane="2/4to2/3_0" slope="0.00"/>
        <vehicle id="24" x="398.35" y="273.26" angle="0.00" type="DEFAULT_VEHTYPE" speed="12.68" pos="121.99" lane="2/2to2/1_0" slope="0.00"/>
        <vehicle id="25" x="437.47" y="401.65" angle="-90.00" type="DEFAULT_VEHTYPE" speed="13.07" pos="157.78" lane="3/2to2/2_0" slope="0.00"/>
        <vehicle id="26" x="508.74" y="601.65" angle="-90.00" type="DEFAULT_VEHTYPE" speed="12.66" pos="86.51" lane="3/3to2/3_0" slope="0.00"/>
        <vehicle id="27" x="201.65" y="92.66" angle="180.00" type="DEFAULT_VEHTYPE" speed="13.13" pos="92.66" lane="1/0to1/1_0" slope="0.00"/>
        <vehicle id="28" x="598.35" y="687.03" angle="0.00" type="DEFAULT_VEHTYPE" speed="13.08" pos="112.97" lane="3/4to3/3_0" slope="0.00"/>
        <vehicle id="29" x="601.65" y="97.73" angle="180.00" type="DEFAULT_VEHTYPE" speed="13.37" pos="97.73" lane="3/0to3/1_0" slope="0.00"/>
        <vehicle id="3" x="221.90" y="598.35" angle="90.00" type="DEFAULT_VEHTYPE" speed="13.53" pos="17.15" lane="1/3to2/3_0" slope="0.00"/>
        <vehicle id="30" x="345.44" y="601.65" angle="-90.00" type="DEFAULT_VEHTYPE" speed="13.35" pos="49.81" lane="2/3to1/3_0" slope="0.00"/>
        <vehicle id="31" x="192.75" y="198.35" angle="90.00" type="DEFAULT_VEHTYPE" speed="0.00" pos="192.75" lane="0/1to1/1_0" slope="0.00"/>
        <vehicle id="32" x="555.46" y="401.65" angle="-90.00" type="DEFAULT_VEHTYPE" speed="13.13" pos="39.79" lane="3/2to2/2_0" slope="0.00"/>
        <vehicle id="33" x="617.59" y="598.35" angle="90.00" type="DEFAULT_VEHTYPE" speed="12.02" pos="12.84" lane="3/3to4/3_0" slope="0.00"/>
        <vehicle id="34" x="597.60" y="201.31" angle="-131.39" type="DEFAULT_VEHTYPE" speed="7.94" pos="0.80" lane=":3/1_18_0" slope="0.00"/>
        <vehicle id="35" x="782.09" y="201.65" angle="-90.00" type="DEFAULT_VEHTYPE" speed="12.95" pos="17.91" lane="4/1to3/1_0" slope="0.00"/>
        <vehicle id="36" x="412.47" y="601.65" angle="-90.00" type="DEFAULT_VEHTYPE" speed="6.84" pos="182.78" lane="3/3to2/3_0" slope="0.00"/>
        <vehicle id="37" x="587.56" y="198.35" angle="90.00" type="DEFAULT_VEHTYPE" speed="5.19" pos="182.81" lane="2/1to3/1_0" slope="0.00"/>
        <vehicle id="38" x="379.81" y="598.35" angle="90.00" type="DEFAULT_VEHTYPE" speed="9.26" pos="175.06" lane="1/3to2/3_0" slope="0.00"/>
        <vehicle id="39" x="398.35" y="29.09" angle="0.00" type="DEFAULT_VEHTYPE" speed="12.97" pos="166.16" lane="2/1to2/0_0" slope="0.00"/>
        <vehicle id="4" x="354.05" y="198.35" angle="90.00" type="DEFAULT_VEHTYPE" speed="13.11" pos="149.30" lane="1/1to2/1_0" slope="0.00"/>
        <vehicle id="40" x="601.65" y="157.13" angle="180.00" type="DEFAULT_VEHTYPE" speed="13.58" pos="157.13" lane="3/0to3/1_0" slope="0.00"/>
        <vehicle id="41" x="398.35" y="451.07" angle="0.00" type="DEFAULT_VEHTYPE" speed="13.19" pos="144.18" lane="2/3to2/2_0" slope="0.00"/>
        <vehicle id="42" x="514.87" y="398.35" angle="90.00" type="DEFAULT_VEHTYPE" speed="13.86" pos="110.12" lane="2/2to3/2_0" slope="0.00"/>
        <vehicle id="43" x="720.91" y="198.35" angle="90.00" type="DEFAULT_VEHTYPE" speed="13.60" pos="116.16" lane="3/1to4/1_0" slope="0.00"/>
        <vehicle id="44" x="401.65" y="92.19" angle="180.00" type="DEFAULT_VEHTYPE" speed="13.65" pos="92.19" lane="2/0to2/1_0" slope="0.00"/>
        <vehicle id="45" x="697.27" y="598.35" angle="90.00" type="DEFAULT_VEHTYPE" speed="13.20" pos="92.52" lane="3/3to4/3_0" slope="0.00"/>
        <vehicle id="46" x="649.12" y="598.35" angle="90.00" type="DEFAULT_VEHTYPE" speed="10.67" pos="44.37" lane="3/3to4/3_0" slope="0.00"/>
        <vehicle id="48" x="51.59" y="198.35" angle="90.00" type="DEFAULT_VEHTYPE" speed="13.48" pos="51.59" lane="0/1to1/1_0" slope="0.00"/>
        <vehicle id="49" x="17.47" y="198.35" angle="90.00" type="DEFAULT_VEHTYPE" speed="6.58" pos="17.47" lane="0/1to1/1_0" slope="0.00"/>
        <vehicle id="5" x="201.65" y="333.92" angle="180.00" type="DEFAULT_VEHTYPE" speed="13.26" pos="129.17" lane="1/1to1/2_0" slope="0.00"/>
        <vehicle id="6" x="285.38" y="201.65" angle="-90.00" type="DEFAULT_VEHTYPE" speed="12.93" pos="109.87" lane="2/1to1/1_0" slope="0.00"/>
        <vehicle id="7" x="401.65" y="551.58" angle="180.00" type="DEFAULT_VEHTYPE" speed="12.73" pos="146.83" lane="2/2to2/3_0" slope="0.00"/>
        <vehicle id="8" x="752.32" y="398.35" angle="90.00" type="DEFAULT_VEHTYPE" speed="12.66" pos="147.57" lane="3/2to4/2_0" slope="0.00"/>
    </timestep>
    <timestep time="55.00">
        <vehicle id="0" x="201.65" y="219.73" angle="180.00" type="DEFAULT_VEHTYPE" speed="11.15" pos="14.98" lane="1/1to1/2_0" slope="0.00"/>
        <vehicle id="1" x="398.35" y="578.37" angle="0.00" type="DEFAULT_VEHTYPE" speed="11.03" pos="16.88" lane="2/3to2/2_0" slope="0.00"/>
        <vehicle id="10" x="198.35" y="95.40" angle="0.00" type="DEFAULT_VEHTYPE" speed="13.19" pos="99.85" lane="1/1to1/0_0" slope="0.00"/>
        <vehicle id="11" x="201.65" y="516.22" angle="180.00" type="DEFAULT_VEHTYPE" speed="13.86" pos="111.47" lane="1/2to1/3_0" slope="0.00"/>
        <vehicle id="12" x="216.61" y="601.65" angle="-90.00" type="DEFAULT_VEHTYPE" speed="4.36" pos="178.64" lane="2/3to1/3_0" slope="0.00"/>
        <vehicle id="13" x="314.91" y="198.35" angle="90.00" type="DEFAULT_VEHTYPE" speed="13.34" pos="110.16" lane="1/1to2/1_0" slope="0.00"/>
        <vehicle id="14" x="202.37" y="601.31" angle="-86.10" type="DEFAULT_VEHTYPE" speed="3.18" pos="2.40" lane=":1/3_6_0" slope="0.00"/>
        <vehicle id="15" x="401.65" y="472.95" angle="180.00" type="DEFAULT_VEHTYPE" speed="13.71" pos="68.20" lane="2/2to2/3_0" slope="0.00"/>
        <vehicle id="16" x="201.65" y="254.24" angle="180.00" type="DEFAULT_VEHTYPE" speed="13.14" pos="49.49" lane="1/1to1/2_0" slope="0.00"/>
        <vehicle id="17" x="201.65" y="420.35" angle="180.00" type="DEFAULT_VEHTYPE" speed="10.83" pos="15.60" lane="1/2to1/3_0" slope="0.00"/>
        <vehicle id="19" x="423.23" y="601.65" angle="-90.00" type="DEFAULT_VEHTYPE" speed="7.05" pos="172.02" lane="3/3to2/3_0" slope="0.00"/>
        <vehicle id="2" x="203.37" y="198.55" angle="58.75" type="DEFAULT_VEHTYPE" speed="8.13" pos="1.79" lane=":1/1_16_0" slope="0.00"/>
        <vehicle id="20" x="198.35" y="574.30" angle="0.00" type="DEFAULT_VEHTYPE" speed="13.61" pos="20.95" lane="1/3to1/2_0" slope="0.00"/>
        <vehicle id="21" x="183.80" y="198.35" angle="90.00" type="DEFAULT_VEHTYPE" speed="1.34" pos="183.80" lane="0/1to1/1_0" slope="0.00"/>
        <vehicle id="22" x="601.65" y="759.52" angle="180.00" type="DEFAULT_VEHTYPE" speed="12.69" pos="154.77" lane="3/3to3/4_0" slope="0.00"/>
        <vehicle id="23" x="398.35" y="612.66" angle="0.00" type="DEFAULT_VEHTYPE" speed="13.56" pos="187.34" lane="2/4to2/3_0" slope="0.00"/>
        <vehicle id="24" x="398.35" y="259.44" angle="0.00" type="DEFAULT_VEHTYPE" speed="13.82" pos="135.81" lane="2/2to2/1_0" slope="0.00"/>
        <vehicle id="25" x="426.00" y="401.65" angle="-90.00" type="DEFAULT_VEHTYPE" speed="11.47" pos="169.25" lane="3/2to2/2_0" slope="0.00"/>
        <vehicle id="26" x="495.09" y="601.65" angle="-90.00" type="DEFAULT_VEHTYPE" speed="13.65" pos="100.16" lane="3/3to2/3_0" slope="0.00"/>
        <vehicle id="27" x="201.65" y="106.22" angle="180.00" type="DEFAULT_VEHTYPE" speed="13.56" pos="106.22" lane="1/0to1/1_0" slope="0.00"/>
        <vehicle id="28" x="598.35" y="673.48" angle="0.00" type="DEFAULT_VEHTYPE" speed="13.55" pos="126.52" lane="3/4to3/3_0" slope="0.00"/>
        <vehicle id="29" x="601.65" y="110.70" angle="180.00" type="DEFAULT_VEHTYPE" speed="12.97" pos="110.70" lane="3/0to3/1_0" slope="0.00"/>
        <vehicle id="3" x="234.64" y="598.35" angle="90.00" type="DEFAULT_VEHTYPE" speed="12.74" pos="29.89" lane="1/3to2/3_0" slope="0.00"/>
        <vehicle id="30" x="332.38" y="601.65" angle="-90.00" type="DEFAULT_VEHTYPE" speed="13.07" pos="62.87" lane="2/3to1/3_0" slope="0.00"/>
        <vehicle id="31" x="192.75" y="198.35" angle="90.00" type="DEFAULT_VEHTYPE" speed="0.00" pos="192.75" lane="0/1to1/1_0" slope="0.00"/>
        <vehicle id="32" x="542.79" y="401.65" angle="-90.00" type="DEFAULT_VEHTYPE" speed="12.66" pos="52.46" lane="3/2to2/2_0" slope="0.00"/>
        <vehicle id="33" x="631.39" y="598.35" angle="90.00" type="DEFAULT_VEHTYPE" speed="13.80" pos="26.64" lane="3/3to4/3_0" slope="0.00"/>
        <vehicle id="34" x="587.41" y="201.65" angle="-90.00" type="DEFAULT_VEHTYPE" speed="10.22" pos="7.84" lane="3/1to2/1_0" slope="0.00"/>
        <vehicle id="35" x="768.65" y="201.65" angle="-90.00" type="DEFAULT_VEHTYPE" speed="13.44" pos="31.35" lane="4/1to3/1_0" slope="0.00"/>
        <vehicle id="36" x="410.03" y="601.65" angle="-90.00" type="DEFAULT_VEHTYPE" speed="2.44" pos="185.22" lane="3/3to2/3_0" slope="0.00"/>
        <vehicle id="37" x="591.07" y="198.35" angle="90.00" type="DEFAULT_VEHTYPE" speed="3.51" pos="186.32" lane="2/1to3/1_0" slope="0.00"/>
        <vehicle id="38" x="386.64" y="598.35" angle="90.00" type="DEFAULT_VEHTYPE" speed="6.83" pos="181.89" lane="1/3to2/3_0" slope="0.00"/>
        <vehicle id="39" x="398.35" y="15.69" angle="0.00" type="DEFAULT_VEHTYPE" speed="13.40" pos="179.56" lane="2/1to2/0_0" slope="0.00"/>
        <vehicle id="4" x="367.36" y="198.35" angle="90.00" type="DEFAULT_VEHTYPE" speed="13.30" pos="162.61" lane="1/1to2/1_0" slope="0.00"/>
        <vehicle id="40" x="601.65" y="170.07" angle="180.00" type="DEFAULT_VEHTYPE" speed="12.95" pos="170.07" lane="3/0to3/1_0" slope="0.00"/>
        <vehicle id="41" x="398.35" y="437.92" angle="0.00" type="DEFAULT_VEHTYPE" speed="13.15" pos="157.33" lane="2/3to2/2_0" slope="0.00"/>
        <vehicle id="42" x="528.46" y="398.35" angle="90.00" type="DEFAULT_VEHTYPE" speed="13.59" pos="123.71" lane="2/2to3/2_0" slope="0.00"/>
        <vehicle id="43" x="734.39" y="198.35" angle="90.00" type="DEFAULT_VEHTYPE" speed="13.49" pos="129.64" lane="3/1to4/1_0" slope="0.00"/>
        <vehicle id="44" x="401.65" y="105.46" angle="180.00" type="DEFAULT_VEHTYPE" speed="13.27" pos="105.46" lane="2/0to2/1_0" slope="0.00"/>
        <vehicle id="45" x="710.02" y="598.35" angle="90.00" type="DEFAULT_VEHTYPE" speed="12.75" pos="105.27" lane="3/3to4/3_0" slope="0.00"/>
        <vehicle id="46" x="662.26" y="598.35" angle="90.00" type="DEFAULT_VEHTYPE" speed="13.14" pos="57.51" lane="3/3to4/3_0" slope="0.00"/>
        <vehicle id="48" x="64.78" y="198.35" angle="90.00" type="DEFAULT_VEHTYPE" speed="13.19" pos="64.78" lane="0/1to1/1_0" slope="0.00"/>
        <vehicle id="49" x="26.33" y="198.35" angle="90.00" type="DEFAULT_VEHTYPE" speed="8.86" pos="26.33" lane="0/1to1/1_0" slope="0.00"/>
        <vehicle id="5" x="201.65" y="347.65" angle="180.00" type="DEFAULT_VEHTYPE" speed="13.73" pos="142.90" lane="1/1to1/2_0" slope="0.00"/>
        <vehicle id="6" x="271.69" y="201.65" angle="-90.00" type="DEFAULT_VEHTYPE" speed="13.69" pos="123.56" lane="2/1to1/1_0" slope="0.00"/>
        <vehicle id="7" x="401.65" y="565.44" angle="180.00" type="DEFAULT_VEHTYPE" speed="13.86" pos="160.69" lane="2/2to2/3_0" slope="0.00"/>
        <vehicle id="8" x="766.17" y="398.35" angle="90.00" type="DEFAULT_VEHTYPE" speed="13.85" pos="161.42" lane="3/2to4/2_0" slope="0.00"/>
    </timestep>
    <timestep time="56.00">
        <vehicle id="0" x="201.65" y="232.74" angle="180.00" type="DEFAULT_VEHTYPE" speed="13.01" pos="27.99" lane="1/1to1/2_0" slope="0.00"/>
        <vehicle id="1" x="398.35" y="564.77" angle="0.00" type="DEFAULT_VEHTYPE" speed="13.59" pos="30.48" lane="2/3to2/2_0" slope="0.00"/>
        <vehicle id="10" x="198.35" y="82.00" angle="0.00" type="DEFAULT_VEHTYPE" speed="13.40" pos="113.25" lane="1/1to1/0_0" slope="0.00"/>
        <vehicle id="11" x="201.65" y="529.61" angle="180.00" type="DEFAULT_VEHTYPE" speed="13.39" pos="124.86" lane="1/2to1/3_0" slope="0.00"/>
        <vehicle id="12" x="213.14" y="601.65" angle="-90.00" type="DEFAULT_VEHTYPE" speed="3.47" pos="182.11" lane="2/3to1/3_0" slope="0.00"/>
        <vehicle id="13" x="328.55" y="198.35" angle="90.00" type="DEFAULT_VEHTYPE" speed="13.63" pos="123.80" lane="1/1to2/1_0" slope="0.00"/>
        <vehicle id="14" x="198.71" y="597.75" angle="-43.09" type="DEFAULT_VEHTYPE" speed="5.39" pos="7.79" lane=":1/3_6_0" slope="0.00"/>
        <vehicle id="15" x="401.65" y="486.78" angle="180.00" type="DEFAULT_VEHTYPE" speed="13.83" pos="82.03" lane="2/2to2/3_0" slope="0.00"/>
        <vehicle id="16" x="201.65" y="267.73" angle="180.00" type="DEFAULT_VEHTYPE" speed="13.49" pos="62.98" lane="1/1to1/2_0" slope="0.00"/>
        <vehicle id="17" x="201.65" y="433.55" angle="180.00" type="DEFAULT_VEHTYPE" speed="13.20" pos="28.80" lane="1/2to1/3_0" slope="0.00"/>
        <vehicle id="19" x="420.07" y="601.65" angle="-90.00" type="DEFAULT_VEHTYPE" speed="3.15" pos="175.18" lane="3/3to2/3_0" slope="0.00"/>
        <vehicle id="2" x="212.83" y="198.35" angle="90.00" type="DEFAULT_VEHTYPE" speed="9.48" pos="8.08" lane="1/1to2/1_0" slope="0.00"/>
        <vehicle id="20" x="198.35" y="561.24" angle="0.00" type="DEFAULT_VEHTYPE" speed="13.07" pos="34.01" lane="1/3to1/2_0" slope="0.00"/>
        <vehicle id="21" x="184.75" y="198.35" angle="90.00" type="DEFAULT_VEHTYPE" speed="0.95" pos="184.75" lane="0/1to1/1_0" slope="0.00"/>
        <vehicle id="22" x="601.65" y="773.05" angle="180.00" type="DEFAULT_VEHTYPE" speed="13.52" pos="168.30" lane="3/3to3/4_0" slope="0.00"/>
        <vehicle id="23" x="398.35" y="599.94" angle="0.00" type="DEFAULT_VEHTYPE" speed="12.73" pos="4.81" lane=":2/3_1_0" slope="0.00"/>
        <vehicle id="24" x="398.35" y="245.78" angle="0.00" type="DEFAULT_VEHTYPE" speed="13.66" pos="149.47" lane="2/2to2/1_0" slope="0.00"/>
        <vehicle id="25" x="417.98" y="401.65" angle="-90.00" type="DEFAULT_VEHTYPE" speed="8.02" pos="177.27" lane="3/2to2/2_0" slope="0.00"/>
        <vehicle id="26" x="481.38" y="601.65" angle="-90.00" type="DEFAULT_VEHTYPE" speed="13.71" pos="113.87" lane="3/3to2/3_0" slope="0.00"/>
        <vehicle id="27" x="201.65" y="120.00" angle="180.00" type="DEFAULT_VEHTYPE" speed="13.77" pos="120.00" lane="1/0to1/1_0" slope="0.00"/>
        <vehicle id="28" x="598.35" y="659.84" angle="0.00" type="DEFAULT_VEHTYPE" speed="13.63" pos="140.16" lane="3/4to3/3_0" slope="0.00"/>
        <vehicle id="29" x="601.65" y="123.84" angle="180.00" type="DEFAULT_VEHTYPE" speed="13.14" pos="123.84" lane="3/0to3/1_0" slope="0.00"/>
        <vehicle id="3" x="248.42" y="598.35" angle="90.00" type="DEFAULT_VEHTYPE" speed="13.78" pos="43.67" lane="1/3to2/3_0" slope="0.00"/>
        <vehicle id="30" x="318.82" y="601.65" angle="-90.00" type="DEFAULT_VEHTYPE" speed="13.55" pos="76.43" lane="2/3to1/3_0" slope="0.00"/>
        <vehicle id="31" x="192.75" y="198.35" angle="90.00" type="DEFAULT_VEHTYPE" speed="0.00" pos="192.75" lane="0/1to1/1_0" slope="0.00"/>
        <vehicle id="32" x="529.30" y="401.65" angle="-90.00" type="DEFAULT_VEHTYPE" speed="13.49" pos="65.95" lane="3/2to2/2_0" slope="0.00"/>
        <vehicle id="33" x="644.12" y="598.35" angle="90.00" type="DEFAULT_VEHTYPE" speed="12.73" pos="39.37" lane="3/3to4/3_0" slope="0.00"/>
        <vehicle id="34" x="574.65" y="201.65" angle="-90.00" type="DEFAULT_VEHTYPE" speed="12.76" pos="20.60" lane="3/1to2/1_0" slope="0.00"/>
        <vehicle id="35" x="754.77" y="201.65" angle="-90.00" type="DEFAULT_VEHTYPE" speed="13.88" pos="45.23" lane="4/1to3/1_0" slope="0.00"/>
        <vehicle id="36" x="405.17" y="601.65" angle="-90.00" type="DEFAULT_VEHTYPE" speed="4.86" pos="190.08" lane="3/3to2/3_0" slope="0.00"/>
        <vehicle id="37" x="591.92" y="198.35" angle="90.00" type="DEFAULT_VEHTYPE" speed="0.85" pos="187.17" lane="2/1to3/1_0" slope="0.00"/>
        <vehicle id="38" x="390.67" y="598.35" angle="90.00" type="DEFAULT_VEHTYPE" speed="4.03" pos="185.92" lane="1/3to2/3_0" slope="0.00"/>
        <vehicle id="39" x="398.35" y="2.56" angle="0.00" type="DEFAULT_VEHTYPE" speed="13.13" pos="192.69" lane="2/1to2/0_0" slope="0.00"/>
        <vehicle id="4" x="378.39" y="198.35" angle="90.00" type="DEFAULT_VEHTYPE" speed="11.03" pos="173.64" lane="1/1to2/1_0" slope="0.00"/>
        <vehicle id="40" x="601.65" y="180.19" angle="180.00" type="DEFAULT_VEHTYPE" speed="10.12" pos="180.19" lane="3/0to3/1_0" slope="0.00"/>
        <vehicle id="41" x="398.35" y="424.81" angle="0.00" type="DEFAULT_VEHTYPE" speed="13.11" pos="170.44" lane="2/3to2/2_0" slope="0.00"/>
        <vehicle id="42" x="542.35" y="398.35" angle="90.00" type="DEFAULT_VEHTYPE" speed="13.88" pos="137.60" lane="2/2to3/2_0" slope="0.00"/>
        <vehicle id="43" x="747.05" y="198.35" angle="90.00" type="DEFAULT_VEHTYPE" speed="12.66" pos="142.30" lane="3/1to4/1_0" slope="0.00"/>
        <vehicle id="44" x="401.65" y="118.87" angle="180.00" type="DEFAULT_VEHTYPE" speed="13.41" pos="118.87" lane="2/0to2/1_0" slope="0.00"/>
        <vehicle id="45" x="722.69" y="598.35" angle="90.00" type="DEFAULT_VEHTYPE" speed="12.67" pos="117.94" lane="3/3to4/3_0" slope="0.00"/>
        <vehicle id="46" x="674.86" y="598.35" angle="90.00" type="DEFAULT_VEHTYPE" speed="12.60" pos="70.11" lane="3/3to4/3_0" slope="0.00"/>
        <vehicle id="48" x="77.88" y="198.35" angle="90.00" type="DEFAULT_VEHTYPE" speed="13.10" pos="77.88" lane="0/1to1/1_0" slope="0.00"/>
        <vehicle id="49" x="36.95" y="198.35" angle="90.00" type="DEFAULT_VEHTYPE" speed="10.62" pos="36.95" lane="0/1to1/1_0" slope="0.00"/>
        <vehicle id="5" x="201.65" y="361.17" angle="180.00" type="DEFAULT_VEHTYPE" speed="13.53" pos="156.42" lane="1/1to1/2_0" slope="0.00"/>
        <vehicle id="6" x="258.60" y="201.65" angle="-90.00" type="DEFAULT_VEHTYPE" speed="13.09" pos="136.65" lane="2/1to1/1_0" slope="0.00"/>
        <vehicle id="7" x="401.65" y="576.59" angle="180.00" type="DEFAULT_VEHTYPE" speed="11.15" pos="171.84" lane="2/2to2/3_0" slope="0.00"/>
        <vehicle id="8" x="780.03" y="398.35" angle="90.00" type="DEFAULT_VEHTYPE" speed="13.86" pos="175.28" lane="3/2to4/2_0" slope="0.00"/>
    </timestep>
    <timestep time="57.00">
        <vehicle id="0" x="201.65" y="245.93" angle="180.00" type="DEFAULT_VEHTYPE" speed="13.20" pos="41.18" lane="1/1to1/2_0" slope="0.00"/>
        <vehicle id="1" x="398.35" y="551.65" angle="0.00" type="DEFAULT_VEHTYPE" speed="13.12" pos="43.60" lane="2/3to2/2_0" slope="0.00"/>
        <vehicle id="10" x="198.35" y="69.14" angle="0.00" type="DEFAULT_VEHTYPE" speed="12.87" pos="126.11" lane="1/1to1/0_0" slope="0.00"/>
        <vehicle id="11" x="201.65" y="543.37" angle="180.00" type="DEFAULT_VEHTYPE" speed="13.76" pos="138.62" lane="1/2to1/3_0" slope="0.00"/>
        <vehicle id="12" x="209.72" y="601.65" angle="-90.00" type="DEFAULT_VEHTYPE" speed="3.42" pos="185.53" lane="2/3to1/3_0" slope="0.00"/>
        <vehicle id="13" x="341.82" y="198.35" angle="90.00" type="DEFAULT_VEHTYPE" speed="13.28" pos="137.07" lane="1/1to2/1_0" slope="0.00"/>
        <vehicle id="14" x="198.35" y="590.28" angle="-0.06" type="DEFAULT_VEHTYPE" speed="7.49" pos="4.97" lane="1/3to1/2_0" slope="0.00"/>
        <vehicle id="15" x="401.65" y="500.01" angle="180.00" type="DEFAULT_VEHTYPE" speed="13.22" pos="95.26" lane="2/2to2/3_0" slope="0.00"/>
        <vehicle id="16" x="201.65" y="280.64" angle="180.00" type="DEFAULT_VEHTYPE" speed="12.91" pos="75.89" lane="1/1to1/2_0" slope="0.00"/>
        <vehicle id="17" x="201.65" y="447.20" angle="180.00" type="DEFAULT_VEHTYPE" speed="13.65" pos="42.45" lane="1/2to1/3_0" slope="0.00"/>
        <vehicle id="19" x="415.42" y="601.65" angle="-90.00" type="DEFAULT_VEHTYPE" speed="4.65" pos="179.83" lane="3/3to2/3_0" slope="0.00"/>
        <vehicle id="2" x="224.40" y="198.35" angle="90.00" type="DEFAULT_VEHTYPE" speed="11.57" pos="19.65" lane="1/1to2/1_0" slope="0.00"/>
        <vehicle id="20" x="198.35" y="547.61" angle="0.00" type="DEFAULT_VEHTYPE" speed="13.62" pos="47.64" lane="1/3to1/2_0" slope="0.00"/>
        <vehicle id="21" x="185.08" y="198.35" angle="90.00" type="DEFAULT_VEHTYPE" speed="0.32" pos="185.08" lane="0/1to1/1_0" slope="0.00"/>
        <vehicle id="22" x="601.65" y="786.54" angle="180.00" type="DEFAULT_VEHTYPE" speed="13.49" pos="181.79" lane="3/3to3/4_0" slope="0.00"/>
        <vehicle id="23" x="398.35" y="586.16" angle="0.00" type="DEFAULT_VEHTYPE" speed="13.78" pos="9.09" lane="2/3to2/2_0" slope="0.00"/>
        <vehicle id="24" x="398.35" y="231.99" angle="0.00" type="DEFAULT_VEHTYPE" speed="13.80" pos="163.26" lane="2/2to2/1_0" slope="0.00"/>
        <vehicle id="25" x="411.93" y="401.65" angle="-90.00" type="DEFAULT_VEHTYPE" speed="6.05" pos="183.32" lane="3/2to2/2_0" slope="0.00"/>
        <vehicle id="26" x="468.08" y="601.65" angle="-90.00" type="DEFAULT_VEHTYPE" speed="13.30" pos="127.17" lane="3/3to2/3_0" slope="0.00"/>
        <vehicle id="27" x="201.65" y="132.99" angle="180.00" type="DEFAULT_VEHTYPE" speed="13.00" pos="132.99" lane="1/0to1/1_0" slope="0.00"/>
        <vehicle id="28" x="598.35" y="646.42" angle="0.00" type="DEFAULT_VEHTYPE" speed="13.42" pos="153.58" lane="3/4to3/3_0" slope="0.00"/>
        <vehicle id="29" x="601.65" y="136.69" angle="180.00" type="DEFAULT_VEHTYPE" speed="12.85" pos="136.69" lane="3/0to3/1_0" slope="0.00"/>
        <vehicle id="3" x="262.03" y="598.35" angle="90.00" type="DEFAULT_VEHTYPE" speed="13.61" pos="57.28" lane="1/3to2/3_0" slope="0.00"/>
        <vehicle id="30" x="304.99" y="601.65" angle="-90.00" type="DEFAULT_VEHTYPE" speed="13.84" pos="90.26" lane="2/3to1/3_0" slope="0.00"/>
        <vehicle id="31" x="195.30" y="198.36" angle="90.08" type="DEFAULT_VEHTYPE" speed="2.55" pos="0.05" lane=":1/1_14_0" slope="0.00"/>
        <vehicle id="32" x="516.39" y="401.65" angle="-90.00" type="DEFAULT_VEHTYPE" speed="12.91" pos="78.86" lane="3/2to2/2_0" slope="0.00"/>
        <vehicle id="33" x="656.80" y="598.35" angle="90.00" type="DEFAULT_VEHTYPE" speed="12.68" pos="52.05" lane="3/3to4/3_0" slope="0.00"/>
        <vehicle id="34" x="561.39" y="201.65" angle="-90.00" type="DEFAULT_VEHTYPE" speed="13.26" pos="33.86" lane="3/1to2/1_0" slope="0.00"/>
        <vehicle id="35" x="742.17" y="201.65" angle="-90.00" type="DEFAULT_VEHTYPE" speed="12.61" pos="57.83" lane="4/1to3/1_0" slope="0.00"/>
        <vehicle id="36" x="405.96" y="598.35" angle="37.12" type="DEFAULT_VEHTYPE" speed="6.45" pos="1.21" lane="2/3to3/3_0" slope="0.00"/>
        <vehicle id="37" x="592.32" y="198.35" angle="90.00" type="DEFAULT_VEHTYPE" speed="0.40" pos="187.57" lane="2/1to3/1_0" slope="0.00"/>
        <vehicle id="38" x="391.60" y="598.35" angle="90.00" type="DEFAULT_VEHTYPE" speed="0.93" pos="186.85" lane="1/3to2/3_0" slope="0.00"/>
        <vehicle id="39" x="401.65" y="6.29" angle="180.00" type="DEFAULT_VEHTYPE" speed="13.67" pos="6.29" lane="2/0to2/1_0" slope="0.00"/>
        <vehicle id="4" x="385.67" y="198.35" angle="90.00" type="DEFAULT_VEHTYPE" speed="7.28" pos="180.92" lane="1/1to2/1_0" slope="0.00"/>
        <vehicle id="40" x="601.65" y="186.14" angle="180.00" type="DEFAULT_VEHTYPE" speed="5.95" pos="186.14" lane="3/0to3/1_0" slope="0.00"/>
        <vehicle id="41" x="398.35" y="411.55" angle="0.00" type="DEFAULT_VEHTYPE" speed="13.26" pos="183.70" lane="2/3to2/2_0" slope="0.00"/>
        <vehicle id="42" x="555.08" y="398.35" angle="90.00" type="DEFAULT_VEHTYPE" speed="12.73" pos="150.33" lane="2/2to3/2_0" slope="0.00"/>
        <vehicle id="43" x="760.25" y="198.35" angle="90.00" type="DEFAULT_VEHTYPE" speed="13.20" pos="155.50" lane="3/1to4/1_0" slope="0.00"/>
        <vehicle id="44" x="401.65" y="132.25" angle="180.00" type="DEFAULT_VEHTYPE" speed="13.38" pos="132.25" lane="2/0to2/1_0" slope="0.00"/>
        <vehicle id="45" x="735.66" y="598.35" angle="90.00" type="DEFAULT_VEHTYPE" speed="12.97" pos="130.91" lane="3/3to4/3_0" slope="0.00"/>
        <vehicle id="46" x="688.62" y="598.35" angle="90.00" type="DEFAULT_VEHTYPE" speed="13.76" pos="83.87" lane="3/3to4/3_0" slope="0.00"/>
        <vehicle id="47" x="209.85" y="198.35" angle="90.00" type="DEFAULT_VEHTYPE" speed="0.00" pos="5.10" lane="1/1to2/1_0" slope="0.00"/>
        <vehicle id="48" x="91.29" y="198.35" angle="90.00" type="DEFAULT_VEHTYPE" speed="13.42" pos="91.29" lane="0/1to1/1_0" slope="0.00"/>
        <vehicle id="49" x="49.46" y="198.35" angle="90.00" type="DEFAULT_VEHTYPE" speed="12.50" pos="49.46" lane="0/1to1/1_0" slope="0.00"/>
        <vehicle id="5" x="201.65" y="373.26" angle="180.00" type="DEFAULT_VEHTYPE" speed="12.09" pos="168.51" lane="1/1to1/2_0" slope="0.00"/>
        <vehicle id="6" x="245.35" y="201.65" angle="-90.00" type="DEFAULT_VEHTYPE" speed="13.26" pos="149.90" lane="2/1to1/1_0" slope="0.00"/>
        <vehicle id="7" x="401.65" y="584.45" angle="180.00" type="DEFAULT_VEHTYPE" speed="7.86" pos="179.70" lane="2/2to2/3_0" slope="0.00"/>
        <vehicle id="8" x="793.19" y="398.35" angle="90.00" type="DEFAULT_VEHTYPE" speed="13.17" pos="188.44" lane="3/2to4/2_0" slope="0.00"/>
    </timestep>
    <timestep time="58.00">
        <vehicle id="0" x="201.65" y="259.19" angle="180.00" type="DEFAULT_VEHTYPE" speed="13.25" pos="54.44" lane="1/1to1/2_0" slope="0.00"/>
        <vehicle id="1" x="398.35" y="539.03" angle="0.00" type="DEFAULT_VEHTYPE" speed="12.62" pos="56.22" lane="2/3to2/2_0" slope="0.00"/>
        <vehicle id="10" x="198.35" y="56.00" angle="0.00" type="DEFAULT_VEHTYPE" speed="13.14" pos="139.25" lane="1/1to1/0_0" slope="0.00"/>
        <vehicle id="11" x="201.65" y="556.22" angle="180.00" type="DEFAULT_VEHTYPE" speed="12.84" pos="151.47" lane="1/2to1/3_0" slope="0.00"/>
        <vehicle id="12" x="204.02" y="601.55" angle="-88.80" type="DEFAULT_VEHTYPE" speed="5.71" pos="0.74" lane=":1/3_6_0" slope="0.00"/>
        <vehicle id="13" x="355.06" y="198.35" angle="90.00" type="DEFAULT_VEHTYPE" speed="13.23" pos="150.31" lane="1/1to2/1_0" slope="0.00"/>
        <vehicle id="14" x="198.35" y="581.49" angle="0.00" type="DEFAULT_VEHTYPE" speed="8.80" pos="13.76" lane="1/3to1/2_0" slope="0.00"/>
        <vehicle id="15" x="401.65" y="513.71" angle="180.00" type="DEFAULT_VEHTYPE" speed="13.70" pos="108.96" lane="2/2to2/3_0" slope="0.00"/>
        <vehicle id="16" x="201.65" y="294.38" angle="180.00" type="DEFAULT_VEHTYPE" speed="13.74" pos="89.63" lane="1/1to1/2_0" slope="0.00"/>
        <vehicle id="17" x="201.65" y="460.25" angle="180.00" type="DEFAULT_VEHTYPE" speed="13.05" pos="55.50" lane="1/2to1/3_0" slope="0.00"/>
        <vehicle id="19" x="408.87" y="601.65" angle="-90.00" type="DEFAULT_VEHTYPE" speed="6.55" pos="186.38" lane="3/3to2/3_0" slope="0.00"/>
        <vehicle id="2" x="237.02" y="198.35" angle="90.00" type="DEFAULT_VEHTYPE" speed="12.62" pos="32.27" lane="1/1to2/1_0" slope="0.00"/>
        <vehicle id="20" x="198.35" y="534.65" angle="0.00" type="DEFAULT_VEHTYPE" speed="12.97" pos="60.60" lane="1/3to1/2_0" slope="0.00"/>
        <vehicle id="21" x="186.40" y="198.35" angle="90.00" type="DEFAULT_VEHTYPE" speed="1.32" pos="186.40" lane="0/1to1/1_0" slope="0.00"/>
        <vehicle id="22" x="601.65" y="799.89" angle="180.00" type="DEFAULT_VEHTYPE" speed="13.35" pos="195.14" lane="3/3to3/4_0" slope="0.00"/>
        <vehicle id="23" x="398.35" y="573.41" angle="0.00" type="DEFAULT_VEHTYPE" speed="12.74" pos="21.84" lane="2/3to2/2_0" slope="0.00"/>
        <vehicle id="24" x="398.35" y="221.96" angle="0.00" type="DEFAULT_VEHTYPE" speed="10.03" pos="173.29" lane="2/2to2/1_0" slope="0.00"/>
        <vehicle id="25" x="408.99" y="401.65" angle="-90.00" type="DEFAULT_VEHTYPE" speed="2.94" pos="186.26" lane="3/2to2/2_0" slope="0.00"/>
        <vehicle id="26" x="454.45" y="601.65" angle="-90.00" type="DEFAULT_VEHTYPE" speed="13.62" pos="140.80" lane="3/3to2/3_0" slope="0.00"/>
        <vehicle id="27" x="201.65" y="146.09" angle="180.00" type="DEFAULT_VEHTYPE" speed="13.10" pos="146.09" lane="1/0to1/1_0" slope="0.00"/>
        <vehicle id="28" x="598.35" y="632.59" angle="0.00" type="DEFAULT_VEHTYPE" speed="13.83" pos="167.41" lane="3/4to3/3_0" slope="0.00"/>
        <vehicle id="29" x="601.65" y="149.87" angle="180.00" type="DEFAULT_VEHTYPE" speed="13.18" pos="149.87" lane="3/0to3/1_0" slope="0.00"/>
        <vehicle id="3" x="275.05" y="598.35" angle="90.00" type="DEFAULT_VEHTYPE" speed="13.02" pos="70.30" lane="1/3to2/3_0" slope="0.00"/>
        <vehicle id="30" x="292.14" y="601.65" angle="-90.00" type="DEFAULT_VEHTYPE" speed="12.85" pos="103.11" lane="2/3to1/3_0" slope="0.00"/>
        <vehicle id="31" x="199.36" y="199.54" angle="104.00" type="DEFAULT_VEHTYPE" speed="4.31" pos="4.35" lane=":1/1_14_0" slope="0.00"/>
        <vehicle id="32" x="502.60" y="401.65" angle="-90.00" type="DEFAULT_VEHTYPE" speed="13.79" pos="92.65" lane="3/2to2/2_0" slope="0.00"/>
        <vehicle id="33" x="669.43" y="598.35" angle="90.00" type="DEFAULT_VEHTYPE" speed="12.62" pos="64.68" lane="3/3to4/3_0" slope="0.00"/>
        <vehicle id="34" x="547.58" y="201.65" angle="-90.00" type="DEFAULT_VEHTYPE" speed="13.81" pos="47.67" lane="3/1to2/1_0" slope="0.00"/>
        <vehicle id="35" x="729.36" y="201.65" angle="-90.00" type="DEFAULT_VEHTYPE" speed="12.81" pos="70.64" lane="4/1to3/1_0" slope="0.00"/>
        <vehicle id="36" x="413.80" y="598.35" angle="90.00" type="DEFAULT_VEHTYPE" speed="7.84" pos="9.05" lane="2/3to3/3_0" slope="0.00"/>
        <vehicle id="37" x="592.60" y="198.35" angle="90.00" type="DEFAULT_VEHTYPE" speed="0.28" pos="187.85" lane="2/1to3/1_0" slope="0.00"/>
        <vehicle id="38" x="394.92" y="598.35" angle="90.00" type="DEFAULT_VEHTYPE" speed="3.32" pos="190.17" lane="1/3to2/3_0" slope="0.00"/>
        <vehicle id="39" x="401.65" y="19.34" angle="180.00" type="DEFAULT_VEHTYPE" speed="13.05" pos="19.34" lane="2/0to2/1_0" slope="0.00"/>
        <vehicle id="4" x="390.02" y="198.35" angle="90.00" type="DEFAULT_VEHTYPE" speed="4.35" pos="185.27" lane="1/1to2/1_0" slope="0.00"/>
        <vehicle id="40" x="601.65" y="189.36" angle="180.00" type="DEFAULT_VEHTYPE" speed="3.22" pos="189.36" lane="3/0to3/1_0" slope="0.00"/>
        <vehicle id="41" x="398.35" y="398.62" angle="0.00" type="DEFAULT_VEHTYPE" speed="12.93" pos="6.13" lane=":2/2_1_0" slope="0.00"/>
        <vehicle id="42" x="568.42" y="398.35" angle="90.00" type="DEFAULT_VEHTYPE" speed="13.35" pos="163.67" lane="2/2to3/2_0" slope="0.00"/>
        <vehicle id="43" x="773.14" y="198.35" angle="90.00" type="DEFAULT_VEHTYPE" speed="12.89" pos="168.39" lane="3/1to4/1_0" slope="0.00"/>
        <vehicle id="44" x="401.65" y="145.60" angle="180.00" type="DEFAULT_VEHTYPE" speed="13.35" pos="145.60" lane="2/0to2/1_0" slope="0.00"/>
        <vehicle id="45" x="749.10" y="598.35" angle="90.00" type="DEFAULT_VEHTYPE" speed="13.44" pos="144.35" lane="3/3to4/3_0" slope="0.00"/>
        <vehicle id="46" x="701.97" y="598.35" angle="90.00" type="DEFAULT_VEHTYPE" speed="13.35" pos="97.22" lane="3/3to4/3_0" slope="0.00"/>
        <vehicle id="47" x="211.93" y="198.35" angle="90.00" type="DEFAULT_VEHTYPE" speed="2.08" pos="7.18" lane="1/1to2/1_0" slope="0.00"/>
        <vehicle id="48" x="104.99" y="198.35" angle="90.00" type="DEFAULT_VEHTYPE" speed="13.69" pos="104.99" lane="0/1to1/1_0" slope="0.00"/>
        <vehicle id="49" x="62.93" y="198.35" angle="90.00" type="DEFAULT_VEHTYPE" speed="13.47" pos="62.93" lane="0/1to1/1_0" slope="0.00"/>
        <vehicle id="5" x="201.65" y="382.47" angle="180.00" type="DEFAULT_VEHTYPE" speed="9.21" pos="177.72" lane="1/1to1/2_0" slope="0.00"/>
        <vehicle id="6" x="231.85" y="201.65" angle="-90.00" type="DEFAULT_VEHTYPE" speed="13.49" pos="163.40" lane="2/1to1/1_0" slope="0.00"/>
        <vehicle id="7" x="401.65" y="588.83" angle="180.00" type="DEFAULT_VEHTYPE" speed="4.39" pos="184.08" lane="2/2to2/3_0" slope="0.00"/>
    </timestep>
    <timestep time="59.00">
        <vehicle id="0" x="201.65" y="272.93" angle="180.00" type="DEFAULT_VEHTYPE" speed="13.75" pos="68.18" lane="1/1to1/2_0" slope="0.00"/>
        <vehicle id="1" x="398.35" y="525.81" angle="0.00" type="DEFAULT_VEHTYPE" speed="13.22" pos="69.44" lane="2/3to2/2_0" slope="0.00"/>
        <vehicle id="10" x="198.35" y="42.34" angle="0.00" type="DEFAULT_VEHTYPE" speed="13.66" pos="152.91" lane="1/1to1/0_0" slope="0.00"/>
        <vehicle id="11" x="201.65" y="569.60" angle="180.00" type="DEFAULT_VEHTYPE" speed="13.39" pos="164.85" lane="1/2to1/3_0" slope="0.00"/>
        <vehicle id="12" x="198.58" y="596.87" angle="-33.83" type="DEFAULT_VEHTYPE" speed="7.94" pos="8.68" lane=":1/3_6_0" slope="0.00"/>
        <vehicle id="13" x="366.60" y="198.35" angle="90.00" type="DEFAULT_VEHTYPE" speed="11.55" pos="161.85" lane="1/1to2/1_0" slope="0.00"/>
        <vehicle id="14" x="198.35" y="570.17" angle="0.00" type="DEFAULT_VEHTYPE" speed="11.32" pos="25.08" lane="1/3to1/2_0" slope="0.00"/>
        <vehicle id="15" x="401.65" y="526.62" angle="180.00" type="DEFAULT_VEHTYPE" speed="12.91" pos="121.87" lane="2/2to2/3_0" slope="0.00"/>
        <vehicle id="16" x="201.65" y="307.10" angle="180.00" type="DEFAULT_VEHTYPE" speed="12.72" pos="102.35" lane="1/1to1/2_0" slope="0.00"/>
        <vehicle id="17" x="201.65" y="472.91" angle="180.00" type="DEFAULT_VEHTYPE" speed="12.66" pos="68.16" lane="1/2to1/3_0" slope="0.00"/>
        <vehicle id="2" x="250.22" y="198.35" angle="90.00" type="DEFAULT_VEHTYPE" speed="13.20" pos="45.47" lane="1/1to2/1_0" slope="0.00"/>
        <vehicle id="20" x="198.35" y="521.47" angle="0.00" type="DEFAULT_VEHTYPE" speed="13.18" pos="73.78" lane="1/3to1/2_0" slope="0.00"/>
        <vehicle id="21" x="189.37" y="198.35" angle="90.00" type="DEFAULT_VEHTYPE" speed="2.97" pos="189.37" lane="0/1to1/1_0" slope="0.00"/>
        <vehicle id="23" x="398.35" y="560.21" angle="0.00" type="DEFAULT_VEHTYPE" speed="13.20" pos="35.04" lane="2/3to2/2_0" slope="0.00"/>
        <vehicle id="24" x="398.35" y="215.25" angle="0.00" type="DEFAULT_VEHTYPE" speed="6.71" pos="180.00" lane="2/2to2/1_0" slope="0.00"/>
        <vehicle id="25" x="404.62" y="401.65" angle="-90.00" type="DEFAULT_VEHTYPE" speed="4.37" pos="0.13" lane=":2/2_5_0" slope="0.00"/>
        <vehicle id="26" x="441.24" y="601.65" angle="-90.00" type="DEFAULT_VEHTYPE" speed="13.21" pos="154.01" lane="3/3to2/3_0" slope="0.00"/>
        <vehicle id="27" x="201.65" y="159.52" angle="180.00" type="DEFAULT_VEHTYPE" speed="13.42" pos="159.52" lane="1/0to1/1_0" slope="0.00"/>
        <vehicle id="28" x="598.35" y="618.88" angle="0.00" type="DEFAULT_VEHTYPE" speed="13.71" pos="181.12" lane="3/4to3/3_0" slope="0.00"/>
        <vehicle id="29" x="601.65" y="162.44" angle="180.00" type="DEFAULT_VEHTYPE" speed="12.57" pos="162.44" lane="3/0to3/1_0" slope="0.00"/>
        <vehicle id="3" x="288.19" y="598.35" angle="90.00" type="DEFAULT_VEHTYPE" speed="13.15" pos="83.44" lane="1/3to2/3_0" slope="0.00"/>
        <vehicle id="30" x="279.17" y="601.65" angle="-90.00" type="DEFAULT_VEHTYPE" speed="12.96" pos="116.08" lane="2/3to1/3_0" slope="0.00"/>
        <vehicle id="31" x="201.65" y="205.18" angle="164.64" type="DEFAULT_VEHTYPE" speed="6.39" pos="0.43" lane="1/1to1/2_0" slope="0.00"/>
        <vehicle id="32" x="488.96" y="401.65" angle="-90.00" type="DEFAULT_VEHTYPE" speed="13.64" pos="106.29" lane="3/2to2/2_0" slope="0.00"/>
        <vehicle id="33" x="682.71" y="598.35" angle="90.00" type="DEFAULT_VEHTYPE" speed="13.28" pos="77.96" lane="3/3to4/3_0" slope="0.00"/>
        <vehicle id="34" x="534.91" y="201.65" angle="-90.00" type="DEFAULT_VEHTYPE" speed="12.67" pos="60.34" lane="3/1to2/1_0" slope="0.00"/>
        <vehicle id="35" x="715.63" y="201.65" angle="-90.00" type="DEFAULT_VEHTYPE" speed="13.73" pos="84.37" lane="4/1to3/1_0" slope="0.00"/>
        <vehicle id="36" x="423.34" y="598.35" angle="90.00" type="DEFAULT_VEHTYPE" speed="9.55" pos="18.59" lane="2/3to3/3_0" slope="0.00"/>
        <vehicle id="37" x="592.70" y="198.35" angle="90.00" type="DEFAULT_VEHTYPE" speed="0.10" pos="187.95" lane="2/1to3/1_0" slope="0.00"/>
        <vehicle id="38" x="398.32" y="595.45" angle="48.60" type="DEFAULT_VEHTYPE" speed="5.12" pos="4.79" lane=":2/3_12_0" slope="0.00"/>
        <vehicle id="39" x="401.65" y="33.24" angle="180.00" type="DEFAULT_VEHTYPE" speed="13.90" pos="33.24" lane="2/0to2/1_0" slope="0.00"/>
        <vehicle id="4" x="396.81" y="198.35" angle="90.00" type="DEFAULT_VEHTYPE" speed="6.79" pos="1.56" lane=":2/1_13_0" slope="0.00"/>
        <vehicle id="40" x="601.65" y="194.98" angle="180.00" type="DEFAULT_VEHTYPE" speed="5.62" pos="194.98" lane="3/0to3/1_0" slope="0.00"/>
        <vehicle id="41" x="398.35" y="385.28" angle="0.00" type="DEFAULT_VEHTYPE" speed="13.34" pos="9.97" lane="2/2to2/1_0" slope="0.00"/>
        <vehicle id="42" x="578.69" y="398.35" angle="90.00" type="DEFAULT_VEHTYPE" speed="10.26" pos="173.94" lane="2/2to3/2_0" slope="0.00"/>
        <vehicle id="43" x="786.58" y="198.35" angle="90.00" type="DEFAULT_VEHTYPE" speed="13.44" pos="181.83" lane="3/1to4/1_0" slope="0.00"/>
        <vehicle id="44" x="401.65" y="159.19" angle="180.00" type="DEFAULT_VEHTYPE" speed="13.59" pos="159.19" lane="2/0to2/1_0" slope="0.00"/>
        <vehicle id="45" x="761.78" y="598.35" angle="90.00" type="DEFAULT_VEHTYPE" speed="12.68" pos="157.03" lane="3/3to4/3_0" slope="0.00"/>
        <vehicle id="46" x="714.86" y="598.35" angle="90.00" type="DEFAULT_VEHTYPE" speed="12.89" pos="110.11" lane="3/3to4/3_0" slope="0.00"/>
        <vehicle id="47" x="216.11" y="198.35" angle="90.00" type="DEFAULT_VEHTYPE" speed="4.17" pos="11.36" lane="1/1to2/1_0" slope="0.00"/>
        <vehicle id="48" x="118.14" y="198.35" angle="90.00" type="DEFAULT_VEHTYPE" speed="13.15" pos="118.14" lane="0/1to1/1_0" slope="0.00"/>
        <vehicle id="49" x="76.40" y="198.35" angle="90.00" type="DEFAULT_VEHTYPE" speed="13.47" pos="76.40" lane="0/1to1/1_0" slope="0.00"/>
        <vehicle id="5" x="201.65" y="387.64" angle="180.00" type="DEFAULT_VEHTYPE" speed="5.17" pos="182.89" lane="1/1to1/2_0" slope="0.00"/>
        <vehicle id="6" x="221.75" y="201.65" angle="-90.00" type="DEFAULT_VEHTYPE" speed="10.11" pos="173.50" lane="2/1to1/1_0" slope="0.00"/>
        <vehicle id="7" x="401.65" y="594.81" angle="180.00" type="DEFAULT_VEHTYPE" speed="5.97" pos="190.06" lane="2/2to2/3_0" slope="0.00"/>
    </timestep>
    <timestep time="60.00">
        <vehicle id="0" x="201.65" y="285.71" angle="180.00" type="DEFAULT_VEHTYPE" speed="12.78" pos="80.96" lane="1/1to1/2_0" slope="0.00"/>
        <vehicle id="1" x="398.35" y="512.46" angle="0.00" type="DEFAULT_VEHTYPE" speed="13.35" pos="82.79" lane="2/3to2/2_0" slope="0.00"/>
        <vehicle id="10" x="198.35" y="29.29" angle="0.00" type="DEFAULT_VEHTYPE" speed="13.05" pos="165.96" lane="1/1to1/0_0" slope="0.00"/>
        <vehicle id="11" x="201.65" y="583.31" angle="180.00" type="DEFAULT_VEHTYPE" speed="13.71" pos="178.56" lane="1/2to1/3_0" slope="0.00"/>
        <vehicle id="12" x="198.35" y="586.41" angle="0.00" type="DEFAULT_VEHTYPE" speed="10.48" pos="8.84" lane="1/3to1/2_0" slope="0.00"/>
        <vehicle id="13" x="377.16" y="198.35" angle="90.00" type="DEFAULT_VEHTYPE" speed="10.56" pos="172.41" lane="1/1to2/1_0" slope="0.00"/>
        <vehicle id="14" x="198.35" y="557.14" angle="0.00" type="DEFAULT_VEHTYPE" speed="13.03" pos="38.11" lane="1/3to1/2_0" slope="0.00"/>
        <vehicle id="15" x="401.65" y="540.31" angle="180.00" type="DEFAULT_VEHTYPE" speed="13.69" pos="135.56" lane="2/2to2/3_0" slope="0.00"/>
        <vehicle id="16" x="201.65" y="320.74" angle="180.00" type="DEFAULT_VEHTYPE" speed="13.64" pos="115.99" lane="1/1to1/2_0" slope="0.00"/>
        <vehicle id="17" x="201.65" y="486.55" angle="180.00" type="DEFAULT_VEHTYPE" speed="13.63" pos="81.80" lane="1/2to1/3_0" slope="0.00"/>
        <vehicle id="2" x="264.04" y="198.35" angle="90.00" type="DEFAULT_VEHTYPE" speed="13.82" pos="59.29" lane="1/1to2/1_0" slope="0.00"/>
        <vehicle id="20" x="198.35" y="507.70" angle="0.00" type="DEFAULT_VEHTYPE" speed="13.76" pos="87.55" lane="1/3to1/2_0" slope="0.00"/>
        <vehicle id="21" x="191.64" y="198.35" angle="90.00" type="DEFAULT_VEHTYPE" speed="2.27" pos="191.64" lane="0/1to1/1_0" slope="0.00"/>
        <vehicle id="23" x="398.35" y="546.79" angle="0.00" type="DEFAULT_VEHTYPE" speed="13.42" pos="48.46" lane="2/3to2/2_0" slope="0.00"/>
        <vehicle id="24" x="398.35" y="210.27" angle="0.00" type="DEFAULT_VEHTYPE" speed="4.98" pos="184.98" lane="2/2to2/1_0" slope="0.00"/>
        <vehicle id="25" x="397.94" y="401.65" angle="-90.00" type="DEFAULT_VEHTYPE" speed="6.69" pos="6.81" lane=":2/2_5_0" slope="0.00"/>
        <vehicle id="26" x="427.86" y="601.65" angle="-90.00" type="DEFAULT_VEHTYPE" speed="13.38" pos="167.39" lane="3/3to2/3_0" slope="0.00"/>
        <vehicle id="27" x="201.65" y="173.22" angle="180.00" type="DEFAULT_VEHTYPE" speed="13.70" pos="173.22" lane="1/0to1/1_0" slope="0.00"/>
        <vehicle id="28" x="598.35" y="606.06" angle="0.00" type="DEFAULT_VEHTYPE" speed="12.82" pos="193.94" lane="3/4to3/3_0" slope="0.00"/>
        <vehicle id="29" x="601.65" y="174.36" angle="180.00" type="DEFAULT_VEHTYPE" speed="11.93" pos="174.36" lane="3/0to3/1_0" slope="0.00"/>
        <vehicle id="3" x="301.13" y="598.35" angle="90.00" type="DEFAULT_VEHTYPE" speed="12.94" pos="96.38" lane="1/3to2/3_0" slope="0.00"/>
        <vehicle id="30" x="266.49" y="601.65" angle="-90.00" type="DEFAULT_VEHTYPE" speed="12.68" pos="128.76" lane="2/3to1/3_0" slope="0.00"/>
        <vehicle id="31" x="201.65" y="213.00" angle="180.00" type="DEFAULT_VEHTYPE" speed="7.83" pos="8.25" lane="1/1to1/2_0" slope="0.00"/>
        <vehicle id="32" x="476.12" y="401.65" angle="-90.00" type="DEFAULT_VEHTYPE" speed="12.84" pos="119.13" lane="3/2to2/2_0" slope="0.00"/>
        <vehicle id="33" x="696.10" y="598.35" angle="90.00" type="DEFAULT_VEHTYPE" speed="13.40" pos="91.35" lane="3/3to4/3_0" slope="0.00"/>
        <vehicle id="34" x="521.40" y="201.65" angle="-90.00" type="DEFAULT_VEHTYPE" speed="13.51" pos="73.85" lane="3/1to2/1_0" slope="0.00"/>
        <vehicle id="35" x="702.12" y="201.65" angle="-90.00" type="DEFAULT_VEHTYPE" speed="13.51" pos="97.88" lane="4/1to3/1_0" slope="0.00"/>
        <vehicle id="36" x="434.62" y="598.35" angle="90.00" type="DEFAULT_VEHTYPE" speed="11.28" pos="29.87" lane="2/3to3/3_0" slope="0.00"/>
        <vehicle id="37" x="592.75" y="198.35" angle="90.00" type="DEFAULT_VEHTYPE" speed="0.05" pos="188.00" lane="2/1to3/1_0" slope="0.00"/>
        <vehicle id="38" x="398.35" y="588.84" angle="0.00" type="DEFAULT_VEHTYPE" speed="6.61" pos="6.41" lane="2/3to2/2_0" slope="0.00"/>
        <vehicle id="39" x="401.65" y="46.60" angle="180.00" type="DEFAULT_VEHTYPE" speed="13.36" pos="46.60" lane="2/0to2/1_0" slope="0.00"/>
        <vehicle id="4" x="406.07" y="198.35" angle="90.00" type="DEFAULT_VEHTYPE" speed="9.26" pos="1.32" lane="2/1to3/1_0" slope="0.00"/>
        <vehicle id="40" x="597.74" y="201.29" angle="-132.94" type="DEFAULT_VEHTYPE" speed="8.07" pos="0.66" lane=":3/1_18_0" slope="0.00"/>
        <vehicle id="41" x="398.35" y="371.43" angle="0.00" type="DEFAULT_VEHTYPE" speed="13.84" pos="23.82" lane="2/2to2/1_0" slope="0.00"/>
        <vehicle id="42" x="585.04" y="398.35" angle="90.00" type="DEFAULT_VEHTYPE" speed="6.35" pos="180.29" lane="2/2to3/2_0" slope="0.00"/>
        <vehicle id="43" x="800.01" y="198.36" angle="90.07" type="DEFAULT_VEHTYPE" speed="13.43" pos="0.01" lane=":4/1_0_0" slope="0.00"/>
        <vehicle id="44" x="401.65" y="171.83" angle="180.00" type="DEFAULT_VEHTYPE" speed="12.64" pos="171.83" lane="2/0to2/1_0" slope="0.00"/>
        <vehicle id="45" x="775.04" y="598.35" angle="90.00" type="DEFAULT_VEHTYPE" speed="13.27" pos="170.29" lane="3/3to4/3_0" slope="0.00"/>
        <vehicle id="46" x="727.48" y="598.35" angle="90.00" type="DEFAULT_VEHTYPE" speed="12.62" pos="122.73" lane="3/3to4/3_0" slope="0.00"/>
        <vehicle id="47" x="222.83" y="198.35" angle="90.00" type="DEFAULT_VEHTYPE" speed="6.72" pos="18.08" lane="1/1to2/1_0" slope="0.00"/>
        <vehicle id="48" x="132.02" y="198.35" angle="90.00" type="DEFAULT_VEHTYPE" speed="13.89" pos="132.02" lane="0/1to1/1_0" slope="0.00"/>
        <vehicle id="49" x="89.56" y="198.35" angle="90.00" type="DEFAULT_VEHTYPE" speed="13.16" pos="89.56" lane="0/1to1/1_0" slope="0.00"/>
        <vehicle id="5" x="201.65" y="390.36" angle="180.00" type="DEFAULT_VEHTYPE" speed="2.72" pos="185.61" lane="1/1to1/2_0" slope="0.00"/>
        <vehicle id="6" x="214.30" y="201.65" angle="-90.00" type="DEFAULT_VEHTYPE" speed="7.45" pos="180.95" lane="2/1to1/1_0" slope="0.00"/>
        <vehicle id="7" x="398.23" y="601.14" angle="-139.62" type="DEFAULT_VEHTYPE" speed="7.72" pos="0.13" lane=":2/3_18_0" slope="0.00"/>
    </timestep>
    <timestep time="61.00">
        <vehicle id="0" x="201.65" y="298.99" angle="180.00" type="DEFAULT_VEHTYPE" speed="13.28" pos="94.24" lane="1/1to1/2_0" slope="0.00"/>
        <vehicle id="1" x="398.35" y="498.65" angle="0.00" type="DEFAULT_VEHTYPE" speed="13.81" pos="96.60" lane="2/3to2/2_0" slope="0.00"/>
        <vehicle id="10" x="198.35" y="16.11" angle="0.00" type="DEFAULT_VEHTYPE" speed="13.18" pos="179.14" lane="1/1to1/0_0" slope="0.00"/>
        <vehicle id="11" x="201.78" y="596.16" angle="178.54" type="DEFAULT_VEHTYPE" speed="12.85" pos="0.92" lane=":1/3_8_0" slope="0.00"/>
        <vehicle id="12" x="198.35" y="573.71" angle="0.00" type="DEFAULT_VEHTYPE" speed="12.70" pos="21.54" lane="1/3to1/2_0" slope="0.00"/>
        <vehicle id="13" x="384.06" y="198.35" angle="90.00" type="DEFAULT_VEHTYPE" speed="6.90" pos="179.31" lane="1/1to2/1_0" slope="0.00"/>
        <vehicle id="14" x="198.35" y="544.14" angle="0.00" type="DEFAULT_VEHTYPE" speed="13.01" pos="51.11" lane="1/3to1/2_0" slope="0.00"/>
        <vehicle id="15" x="401.65" y="553.02" angle="180.00" type="DEFAULT_VEHTYPE" speed="12.71" pos="148.27" lane="2/2to2/3_0" slope="0.00"/>
        <vehicle id="16" x="201.65" y="333.93" angle="180.00" type="DEFAULT_VEHTYPE" speed="13.19" pos="129.18" lane="1/1to1/2_0" slope="0.00"/>
        <vehicle id="17" x="201.65" y="500.44" angle="180.00" type="DEFAULT_VEHTYPE" speed="13.89" pos="95.69" lane="1/2to1/3_0" slope="0.00"/>
        <vehicle id="2" x="277.21" y="198.35" angle="90.00" type="DEFAULT_VEHTYPE" speed="13.16" pos="72.46" lane="1/1to2/1_0" slope="0.00"/>
        <vehicle id="20" x="198.35" y="494.56" angle="0.00" type="DEFAULT_VEHTYPE" speed="13.15" pos="100.69" lane="1/3to1/2_0" slope="0.00"/>
        <vehicle id="21" x="192.19" y="198.35" angle="90.00" type="DEFAULT_VEHTYPE" speed="0.55" pos="192.19" lane="0/1to1/1_0" slope="0.00"/>
        <vehicle id="23" x="398.35" y="533.87" angle="0.00" type="DEFAULT_VEHTYPE" speed="12.92" pos="61.38" lane="2/3to2/2_0" slope="0.00"/>
        <vehicle id="24" x="399.28" y="203.45" angle="11.27" type="DEFAULT_VEHTYPE" speed="7.14" pos="1.61" lane=":2/1_3_0" slope="0.00"/>
        <vehicle id="25" x="389.17" y="401.65" angle="-90.00" type="DEFAULT_VEHTYPE" speed="8.77" pos="6.08" lane="2/2to1/2_0" slope="0.00"/>
        <vehicle id="26" x="418.64" y="601.65" angle="-90.00" type="DEFAULT_VEHTYPE" speed="9.23" pos="176.61" lane="3/3to2/3_0" slope="0.00"/>
        <vehicle id="27" x="201.65" y="186.23" angle="180.00" type="DEFAULT_VEHTYPE" speed="13.01" pos="186.23" lane="1/0to1/1_0" slope="0.00"/>
        <vehicle id="28" x="587.99" y="601.65" angle="-90.00" type="DEFAULT_VEHTYPE" speed="13.56" pos="7.26" lane="3/3to2/3_0" slope="0.00"/>
        <vehicle id="29" x="601.65" y="188.22" angle="180.00" type="DEFAULT_VEHTYPE" speed="13.86" pos="188.22" lane="3/0to3/1_0" slope="0.00"/>
        <vehicle id="3" x="313.81" y="598.35" angle="90.00" type="DEFAULT_VEHTYPE" speed="12.69" pos="109.06" lane="1/3to2/3_0" slope="0.00"/>
        <vehicle id="30" x="252.68" y="601.65" angle="-90.00" type="DEFAULT_VEHTYPE" speed="13.81" pos="142.57" lane="2/3to1/3_0" slope="0.00"/>
        <vehicle id="31" x="201.65" y="222.63" angle="180.00" type="DEFAULT_VEHTYPE" speed="9.62" pos="17.88" lane="1/1to1/2_0" slope="0.00"/>
        <vehicle id="32" x="462.68" y="401.65" angle="-90.00" type="DEFAULT_VEHTYPE" speed="13.43" pos="132.57" lane="3/2to2/2_0" slope="0.00"/>
        <vehicle id="33" x="708.96" y="598.35" angle="90.00" type="DEFAULT_VEHTYPE" speed="12.86" pos="104.21" lane="3/3to4/3_0" slope="0.00"/>
        <vehicle id="34" x="508.25" y="201.65" angle="-90.00" type="DEFAULT_VEHTYPE" speed="13.15" pos="87.00" lane="3/1to2/1_0" slope="0.00"/>
        <vehicle id="35" x="688.41" y="201.65" angle="-90.00" type="DEFAULT_VEHTYPE" speed="13.70" pos="111.59" lane="4/1to3/1_0" slope="0.00"/>
        <vehicle id="36" x="447.77" y="598.35" angle="90.00" type="DEFAULT_VEHTYPE" speed="13.15" pos="43.02" lane="2/3to3/3_0" slope="0.00"/>
        <vehicle id="37" x="592.75" y="198.35" angle="90.00" type="DEFAULT_VEHTYPE" speed="0.00" pos="188.00" lane="2/1to3/1_0" slope="0.00"/>
        <vehicle id="38" x="398.35" y="580.48" angle="0.00" type="DEFAULT_VEHTYPE" speed="8.37" pos="14.77" lane="2/3to2/2_0" slope="0.00"/>
        <vehicle id="39" x="401.65" y="59.63" angle="180.00" type="DEFAULT_VEHTYPE" speed="13.02" pos="59.63" lane="2/0to2/1_0" slope="0.00"/>
        <vehicle id="4" x="416.67" y="198.35" angle="90.00" type="DEFAULT_VEHTYPE" speed="10.60" pos="11.92" lane="2/1to3/1_0" slope="0.00"/>
        <vehicle id="40" x="587.91" y="201.65" angle="-90.00" type="DEFAULT_VEHTYPE" speed="9.85" pos="7.34" lane="3/1to2/1_0" slope="0.00"/>
        <vehicle id="41" x="398.35" y="357.55" angle="0.00" type="DEFAULT_VEHTYPE" speed="13.89" pos="37.70" lane="2/2to2/1_0" slope="0.00"/>
        <vehicle id="42" x="588.97" y="398.35" angle="90.00" type="DEFAULT_VEHTYPE" speed="3.93" pos="184.22" lane="2/2to3/2_0" slope="0.00"/>
        <vehicle id="43" x="790.93" y="201.65" angle="-90.00" type="DEFAULT_VEHTYPE" speed="13.88" pos="9.07" lane="4/1to3/1_0" slope="0.00"/>
        <vehicle id="44" x="401.65" y="184.24" angle="180.00" type="DEFAULT_VEHTYPE" speed="12.40" pos="184.24" lane="2/0to2/1_0" slope="0.00"/>
        <vehicle id="45" x="788.53" y="598.35" angle="90.00" type="DEFAULT_VEHTYPE" speed="13.49" pos="183.78" lane="3/3to4/3_0" slope="0.00"/>
        <vehicle id="46" x="740.70" y="598.35" angle="90.00" type="DEFAULT_VEHTYPE" speed="13.22" pos="135.95" lane="3/3to4/3_0" slope="0.00"/>
        <vehicle id="47" x="232.05" y="198.35" angle="90.00" type="DEFAULT_VEHTYPE" speed="9.22" pos="27.30" lane="1/1to2/1_0" slope="0.00"/>
        <vehicle id="48" x="145.75" y="198.35" angle="90.00" type="DEFAULT_VEHTYPE" speed="13.72" pos="145.75" lane="0/1to1/1_0" slope="0.00"/>
        <vehicle id="49" x="102.17" y="198.35" angle="90.00" type="DEFAULT_VEHTYPE" speed="12.62" pos="102.17" lane="0/1to1/1_0" slope="0.00"/>
        <vehicle id="5" x="201.65" y="394.90" angle="180.00" type="DEFAULT_VEHTYPE" speed="4.53" pos="190.15" lane="1/1to1/2_0" slope="0.00"/>
        <vehicle id="6" x="210.20" y="201.65" angle="-90.00" type="DEFAULT_VEHTYPE" speed="4.10" pos="185.05" lane="2/1to1/1_0" slope="0.00"/>
        <vehicle id="7" x="388.10" y="601.65" angle="-90.00" type="DEFAULT_VEHTYPE" speed="10.20" pos="7.15" lane="2/3to1/3_0" slope="0.00"/>
    </timestep>
    <timestep time="62.00">
        <vehicle id="0" x="201.65" y="312.79" angle="180.00" type="DEFAULT_VEHTYPE" speed="13.80" pos="108.04" lane="1/1to1/2_0" slope="0.00"/>
        <vehicle id="1" x="398.35" y="485.58" angle="0.00" type="DEFAULT_VEHTYPE" speed="13.08" pos="109.67" lane="2/3to2/2_0" slope="0.00"/>
        <vehicle id="10" x="198.35" y="2.42" angle="0.00" type="DEFAULT_VEHTYPE" speed="13.69" pos="192.83" lane="1/1to1/0_0" slope="0.00"/>
        <vehicle id="11" x="213.54" y="598.35" angle="90.00" type="DEFAULT_VEHTYPE" speed="12.87" pos="8.79" lane="1/3to2/3_0" slope="0.00"/>
        <vehicle id="12" x="198.35" y="560.76" angle="0.00" type="DEFAULT_VEHTYPE" speed="12.95" pos="34.49" lane="1/3to1/2_0" slope="0.00"/>
        <vehicle id="13" x="388.98" y="198.35" angle="90.00" type="DEFAULT_VEHTYPE" speed="4.92" pos="184.23" lane="1/1to2/1_0" slope="0.00"/>
        <vehicle id="14" x="198.35" y="530.32" angle="0.00" type="DEFAULT_VEHTYPE" speed="13.82" pos="64.93" lane="1/3to1/2_0" slope="0.00"/>
        <vehicle id="15" x="401.65" y="566.41" angle="180.00" type="DEFAULT_VEHTYPE" speed="13.39" pos="161.66" lane="2/2to2/3_0" slope="0.00"/>
        <vehicle id="16" x="201.65" y="347.46" angle="180.00" type="DEFAULT_VEHTYPE" speed="13.52" pos="142.71" lane="1/1to1/2_0" slope="0.00"/>
        <vehicle id="17" x="201.65" y="514.12" angle="180.00" type="DEFAULT_VEHTYPE" speed="13.68" pos="109.37" lane="1/2to1/3_0" slope="0.00"/>
        <vehicle id="2" x="290.21" y="198.35" angle="90.00" type="DEFAULT_VEHTYPE" speed="13.00" pos="85.46" lane="1/1to2/1_0" slope="0.00"/>
        <vehicle id="20" x="198.35" y="481.23" angle="0.00" type="DEFAULT_VEHTYPE" speed="13.33" pos="114.02" lane="1/3to1/2_0" slope="0.00"/>
        <vehicle id="21" x="192.68" y="198.35" angle="90.00" type="DEFAULT_VEHTYPE" speed="0.49" pos="192.68" lane="0/1to1/1_0" slope="0.00"/>
        <vehicle id="23" x="398.35" y="521.09" angle="0.00" type="DEFAULT_VEHTYPE" speed="12.79" pos="74.16" lane="2/3to2/2_0" slope="0.00"/>
        <vehicle id="24" x="401.65" y="210.25" angle="180.00" type="DEFAULT_VEHTYPE" speed="8.71" pos="5.50" lane="2/1to2/2_0" slope="0.00"/>
        <vehicle id="25" x="378.69" y="401.65" angle="-90.00" type="DEFAULT_VEHTYPE" speed="10.48" pos="16.56" lane="2/2to1/2_0" slope="0.00"/>
        <vehicle id="26" x="412.58" y="601.65" angle="-90.00" type="DEFAULT_VEHTYPE" speed="6.06" pos="182.67" lane="3/3to2/3_0" slope="0.00"/>
        <vehicle id="27" x="201.65" y="199.65" angle="180.00" type="DEFAULT_VEHTYPE" speed="13.42" pos="4.40" lane=":1/1_9_0" slope="0.00"/>
        <vehicle id="28" x="574.46" y="601.65" angle="-90.00" type="DEFAULT_VEHTYPE" speed="13.54" pos="20.79" lane="3/3to2/3_0" slope="0.00"/>
        <vehicle id="29" x="601.65" y="201.33" angle="180.00" type="DEFAULT_VEHTYPE" speed="13.11" pos="6.08" lane=":3/1_9_0" slope="0.00"/>
        <vehicle id="3" x="326.59" y="598.35" angle="90.00" type="DEFAULT_VEHTYPE" speed="12.78" pos="121.84" lane="1/3to2/3_0" slope="0.00"/>
        <vehicle id="30" x="239.85" y="601.65" angle="-90.00" type="DEFAULT_VEHTYPE" speed="12.84" pos="155.40" lane="2/3to1/3_0" slope="0.00"/>
        <vehicle id="31" x="201.65" y="233.99" angle="180.00" type="DEFAULT_VEHTYPE" speed="11.37" pos="29.24" lane="1/1to1/2_0" slope="0.00"/>
        <vehicle id="32" x="448.99" y="401.65" angle="-90.00" type="DEFAULT_VEHTYPE" speed="13.70" pos="146.26" lane="3/2to2/2_0" slope="0.00"/>
        <vehicle id="33" x="722.70" y="598.35" angle="90.00" type="DEFAULT_VEHTYPE" speed="13.74" pos="117.95" lane="3/3to4/3_0" slope="0.00"/>
        <vehicle id="34" x="494.70" y="201.65" angle="-90.00" type="DEFAULT_VEHTYPE" speed="13.55" pos="100.55" lane="3/1to2/1_0" slope="0.00"/>
        <vehicle id="35" x="675.37" y="201.65" angle="-90.00" type="DEFAULT_VEHTYPE" speed="13.04" pos="124.63" lane="4/1to3/1_0" slope="0.00"/>
        <vehicle id="36" x="460.65" y="598.35" angle="90.00" type="DEFAULT_VEHTYPE" speed="12.88" pos="55.90" lane="2/3to3/3_0" slope="0.00"/>
        <vehicle id="37" x="592.75" y="198.35" angle="90.00" type="DEFAULT_VEHTYPE" speed="0.00" pos="188.00" lane="2/1to3/1_0" slope="0.00"/>
        <vehicle id="38" x="398.35" y="569.84" angle="0.00" type="DEFAULT_VEHTYPE" speed="10.64" pos="25.41" lane="2/3to2/2_0" slope="0.00"/>
        <vehicle id="39" x="401.65" y="72.70" angle="180.00" type="DEFAULT_VEHTYPE" speed="13.07" pos="72.70" lane="2/0to2/1_0" slope="0.00"/>
        <vehicle id="4" x="429.14" y="198.35" angle="90.00" type="DEFAULT_VEHTYPE" speed="12.47" pos="24.39" lane="2/1to3/1_0" slope="0.00"/>
        <vehicle id="40" x="576.03" y="201.65" angle="-90.00" type="DEFAULT_VEHTYPE" speed="11.89" pos="19.22" lane="3/1to2/1_0" slope="0.00"/>
        <vehicle id="41" x="398.35" y="344.23" angle="0.00" type="DEFAULT_VEHTYPE" speed="13.32" pos="51.02" lane="2/2to2/1_0" slope="0.00"/>
        <vehicle id="42" x="595.10" y="398.35" angle="90.00" type="DEFAULT_VEHTYPE" speed="6.13" pos="190.35" lane="2/2to3/2_0" slope="0.00"/>
        <vehicle id="43" x="777.20" y="201.65" angle="-90.00" type="DEFAULT_VEHTYPE" speed="13.73" pos="22.80" lane="4/1to3/1_0" slope="0.00"/>
        <vehicle id="44" x="402.12" y="197.08" angle="174.53" type="DEFAULT_VEHTYPE" speed="12.93" pos="1.92" lane=":2/1_8_0" slope="0.00"/>
        <vehicle id="45" x="801.09" y="599.08" angle="98.70" type="DEFAULT_VEHTYPE" speed="12.78" pos="1.31" lane=":4/3_0_0" slope="0.00"/>
        <vehicle id="46" x="754.02" y="598.35" angle="90.00" type="DEFAULT_VEHTYPE" speed="13.32" pos="149.27" lane="3/3to4/3_0" slope="0.00"/>
        <vehicle id="47" x="242.96" y="198.35" angle="90.00" type="DEFAULT_VEHTYPE" speed="10.91" pos="38.21" lane="1/1to2/1_0" slope="0.00"/>
        <vehicle id="48" x="158.35" y="198.35" angle="90.00" type="DEFAULT_VEHTYPE" speed="12.60" pos="158.35" lane="0/1to1/1_0" slope="0.00"/>
        <vehicle id="49" x="114.87" y="198.35" angle="90.00" type="DEFAULT_VEHTYPE" speed="12.70" pos="114.87" lane="0/1to1/1_0" slope="0.00"/>
        <vehicle id="5" x="198.72" y="400.85" angle="-145.45" type="DEFAULT_VEHTYPE" speed="7.07" pos="6.71" lane=":1/2_10_0" slope="0.00"/>
        <vehicle id="6" x="208.15" y="201.65" angle="-90.00" type="DEFAULT_VEHTYPE" speed="2.05" pos="187.10" lane="2/1to1/1_0" slope="0.00"/>
        <vehicle id="7" x="376.50" y="601.65" angle="-90.00" type="DEFAULT_VEHTYPE" speed="11.60" pos="18.75" lane="2/3to1/3_0" slope="0.00"/>
    </timestep>
    <timestep time="63.00">
        <vehicle id="0" x="201.65" y="325.99" angle="180.00" type="DEFAULT_VEHTYPE" speed="13.20" pos="121.24" lane="1/1to1/2_0" slope="0.00"/>
        <vehicle id="1" x="398.35" y="471.68" angle="0.00" type="DEFAULT_VEHTYPE" speed="13.90" pos="123.57" lane="2/3to2/2_0" slope="0.00"/>
        <vehicle id="11" x="227.43" y="598.35" angle="90.00" type="DEFAULT_VEHTYPE" speed="13.89" pos="22.68" lane="1/3to2/3_0" slope="0.00"/>
        <vehicle id="12" x="198.35" y="548.15" angle="0.00" type="DEFAULT_VEHTYPE" speed="12.60" pos="47.10" lane="1/3to1/2_0" slope="0.00"/>
        <vehicle id="13" x="390.79" y="198.35" angle="90.00" type="DEFAULT_VEHTYPE" speed="1.81" pos="186.04" lane="1/1to2/1_0" slope="0.00"/>
        <vehicle id="14" x="198.35" y="517.34" angle="0.00" type="DEFAULT_VEHTYPE" speed="12.98" pos="77.91" lane="1/3to1/2_0" slope="0.00"/>
        <vehicle id="15" x="401.65" y="580.19" angle="180.00" type="DEFAULT_VEHTYPE" speed="13.78" pos="175.44" lane="2/2to2/3_0" slope="0.00"/>
        <vehicle id="16" x="201.65" y="360.44" angle="180.00" type="DEFAULT_VEHTYPE" speed="12.99" pos="155.69" lane="1/1to1/2_0" slope="0.00"/>
        <vehicle id="17" x="201.65" y="527.88" angle="180.00" type="DEFAULT_VEHTYPE" speed="13.76" pos="123.13" lane="1/2to1/3_0" slope="0.00"/>
        <vehicle id="2" x="303.02" y="198.35" angle="90.00" type="DEFAULT_VEHTYPE" speed="12.81" pos="98.27" lane="1/1to2/1_0" slope="0.00"/>
        <vehicle id="20" x="198.35" y="468.12" angle="0.00" type="DEFAULT_VEHTYPE" speed="13.11" pos="127.13" lane="1/3to1/2_0" slope="0.00"/>
        <vehicle id="21" x="192.75" y="198.35" angle="90.00" type="DEFAULT_VEHTYPE" speed="0.07" pos="192.75" lane="0/1to1/1_0" slope="0.00"/>
        <vehicle id="23" x="398.35" y="507.82" angle="0.00" type="DEFAULT_VEHTYPE" speed="13.26" pos="87.43" lane="2/3to2/2_0" slope="0.00"/>
        <vehicle id="24" x="401.65" y="220.80" angle="180.00" type="DEFAULT_VEHTYPE" speed="10.55" pos="16.05" lane="2/1to2/2_0" slope="0.00"/>
        <vehicle id="25" x="366.07" y="401.65" angle="-90.00" type="DEFAULT_VEHTYPE" speed="12.62" pos="29.18" lane="2/2to1/2_0" slope="0.00"/>
        <vehicle id="26" x="409.08" y="601.65" angle="-90.00" type="DEFAULT_VEHTYPE" speed="3.49" pos="186.17" lane="3/3to2/3_0" slope="0.00"/>
        <vehicle id="27" x="201.65" y="212.89" angle="180.00" type="DEFAULT_VEHTYPE" speed="13.24" pos="8.14" lane="1/1to1/2_0" slope="0.00"/>
        <vehicle id="28" x="561.39" y="601.65" angle="-90.00" type="DEFAULT_VEHTYPE" speed="13.06" pos="33.86" lane="3/3to2/3_0" slope="0.00"/>
        <vehicle id="29" x="601.65" y="214.20" angle="180.00" type="DEFAULT_VEHTYPE" speed="12.86" pos="9.45" lane="3/1to3/2_0" slope="0.00"/>
        <vehicle id="3" x="339.81" y="598.35" angle="90.00" type="DEFAULT_VEHTYPE" speed="13.22" pos="135.06" lane="1/3to2/3_0" slope="0.00"/>
        <vehicle id="30" x="227.92" y="601.65" angle="-90.00" type="DEFAULT_VEHTYPE" speed="11.92" pos="167.33" lane="2/3to1/3_0" slope="0.00"/>
        <vehicle id="31" x="201.65" y="247.00" angle="180.00" type="DEFAULT_VEHTYPE" speed="13.01" pos="42.25" lane="1/1to1/2_0" slope="0.00"/>
        <vehicle id="32" x="435.76" y="401.65" angle="-90.00" type="DEFAULT_VEHTYPE" speed="13.22" pos="159.49" lane="3/2to2/2_0" slope="0.00"/>
        <vehicle id="33" x="736.02" y="598.35" angle="90.00" type="DEFAULT_VEHTYPE" speed="13.32" pos="131.27" lane="3/3to4/3_0" slope="0.00"/>
        <vehicle id="34" x="481.74" y="201.65" angle="-90.00" type="DEFAULT_VEHTYPE" speed="12.97" pos="113.51" lane="3/1to2/1_0" slope="0.00"/>
        <vehicle id="35" x="662.15" y="201.65" angle="-90.00" type="DEFAULT_VEHTYPE" speed="13.22" pos="137.85" lane="4/1to3/1_0" slope="0.00"/>
        <vehicle id="36" x="473.56" y="598.35" angle="90.00" type="DEFAULT_VEHTYPE" speed="12.92" pos="68.81" lane="2/3to3/3_0" slope="0.00"/>
        <vehicle id="37" x="595.24" y="198.35" angle="90.00" type="DEFAULT_VEHTYPE" speed="2.50" pos="190.49" lane="2/1to3/1_0" slope="0.00"/>
        <vehicle id="38" x="398.35" y="556.63" angle="0.00" type="DEFAULT_VEHTYPE" speed="13.21" pos="38.62" lane="2/3to2/2_0" slope="0.00"/>
        <vehicle id="39" x="401.65" y="86.11" angle="180.00" type="DEFAULT_VEHTYPE" speed="13.42" pos="86.11" lane="2/0to2/1_0" slope="0.00"/>
        <vehicle id="4" x="442.97" y="198.35" angle="90.00" type="DEFAULT_VEHTYPE" speed="13.83" pos="38.22" lane="2/1to3/1_0" slope="0.00"/>
        <vehicle id="40" x="563.40" y="201.65" angle="-90.00" type="DEFAULT_VEHTYPE" speed="12.63" pos="31.85" lane="3/1to2/1_0" slope="0.00"/>
        <vehicle id="41" x="398.35" y="330.71" angle="0.00" type="DEFAULT_VEHTYPE" speed="13.52" pos="64.54" lane="2/2to2/1_0" slope="0.00"/>
        <vehicle id="42" x="592.01" y="401.65" angle="-103.09" type="DEFAULT_VEHTYPE" speed="8.21" pos="3.24" lane="3/2to2/2_0" slope="0.00"/>
        <vehicle id="43" x="764.35" y="201.65" angle="-90.00" type="DEFAULT_VEHTYPE" speed="12.85" pos="35.65" lane="4/1to3/1_0" slope="0.00"/>
        <vehicle id="44" x="414.90" y="198.35" angle="90.00" type="DEFAULT_VEHTYPE" speed="13.23" pos="10.15" lane="2/1to3/1_0" slope="0.00"/>
        <vehicle id="45" x="790.54" y="601.65" angle="-90.00" type="DEFAULT_VEHTYPE" speed="12.97" pos="9.46" lane="4/3to3/3_0" slope="0.00"/>
        <vehicle id="46" x="767.19" y="598.35" angle="90.00" type="DEFAULT_VEHTYPE" speed="13.16" pos="162.44" lane="3/3to4/3_0" slope="0.00"/>
        <vehicle id="47" x="255.85" y="198.35" angle="90.00" type="DEFAULT_VEHTYPE" speed="12.89" pos="51.10" lane="1/1to2/1_0" slope="0.00"/>
        <vehicle id="48" x="169.80" y="198.35" angle="90.00" type="DEFAULT_VEHTYPE" speed="11.44" pos="169.80" lane="0/1to1/1_0" slope="0.00"/>
        <vehicle id="49" x="128.11" y="198.35" angle="90.00" type="DEFAULT_VEHTYPE" speed="13.24" pos="128.11" lane="0/1to1/1_0" slope="0.00"/>
        <vehicle id="5" x="189.26" y="401.65" angle="-90.00" type="DEFAULT_VEHTYPE" speed="9.60" pos="5.99" lane="1/2to0/2_0" slope="0.00"/>
        <vehicle id="6" x="207.62" y="201.65" angle="-90.00" type="DEFAULT_VEHTYPE" speed="0.53" pos="187.63" lane="2/1to1/1_0" slope="0.00"/>
        <vehicle id="7" x="363.19" y="601.65" angle="-90.00" type="DEFAULT_VEHTYPE" speed="13.31" pos="32.06" lane="2/3to1/3_0" slope="0.00"/>
    </timestep>
    <timestep time="64.00">
        <vehicle id="0" x="201.65" y="338.76" angle="180.00" type="DEFAULT_VEHTYPE" speed="12.77" pos="134.01" lane="1/1to1/2_0" slope="0.00"/>
        <vehicle id="1" x="398.35" y="457.82" angle="0.00" type="DEFAULT_VEHTYPE" speed="13.86" pos="137.43" lane="2/3to2/2_0" slope="0.00"/>
        <vehicle id="11" x="240.54" y="598.35" angle="90.00" type="DEFAULT_VEHTYPE" speed="13.11" pos="35.79" lane="1/3to2/3_0" slope="0.00"/>
        <vehicle id="12" x="198.35" y="534.36" angle="0.00" type="DEFAULT_VEHTYPE" speed="13.79" pos="60.89" lane="1/3to1/2_0" slope="0.00"/>
        <vehicle id="13" x="393.95" y="198.35" angle="90.00" type="DEFAULT_VEHTYPE" speed="3.16" pos="189.20" lane="1/1to2/1_0" slope="0.00"/>
        <vehicle id="14" x="198.35" y="504.56" angle="0.00" type="DEFAULT_VEHTYPE" speed="12.78" pos="90.69" lane="1/3to1/2_0" slope="0.00"/>
        <vehicle id="15" x="401.65" y="593.56" angle="180.00" type="DEFAULT_VEHTYPE" speed="13.37" pos="188.81" lane="2/2to2/3_0" slope="0.00"/>
        <vehicle id="16" x="201.65" y="373.73" angle="180.00" type="DEFAULT_VEHTYPE" speed="13.29" pos="168.98" lane="1/1to1/2_0" slope="0.00"/>
        <vehicle id="17" x="201.65" y="541.46" angle="180.00" type="DEFAULT_VEHTYPE" speed="13.58" pos="136.71" lane="1/2to1/3_0" slope="0.00"/>
        <vehicle id="2" x="316.13" y="198.35" angle="90.00" type="DEFAULT_VEHTYPE" speed="13.11" pos="111.38" lane="1/1to2/1_0" slope="0.00"/>
        <vehicle id="20" x="198.35" y="454.43" angle="0.00" type="DEFAULT_VEHTYPE" speed="13.69" pos="140.82" lane="1/3to1/2_0" slope="0.00"/>
        <vehicle id="21" x="192.75" y="198.35" angle="90.00" type="DEFAULT_VEHTYPE" speed="0.00" pos="192.75" lane="0/1to1/1_0" slope="0.00"/>
        <vehicle id="23" x="398.35" y="494.60" angle="0.00" type="DEFAULT_VEHTYPE" speed="13.22" pos="100.65" lane="2/3to2/2_0" slope="0.00"/>
        <vehicle id="24" x="401.65" y="232.79" angle="180.00" type="DEFAULT_VEHTYPE" speed="11.98" pos="28.04" lane="2/1to2/2_0" slope="0.00"/>
        <vehicle id="25" x="353.00" y="401.65" angle="-90.00" type="DEFAULT_VEHTYPE" speed="13.06" pos="42.25" lane="2/2to1/2_0" slope="0.00"/>
        <vehicle id="26" x="403.89" y="601.65" angle="-90.00" type="DEFAULT_VEHTYPE" speed="5.19" pos="0.86" lane=":2/3_5_0" slope="0.00"/>
        <vehicle id="27" x="201.65" y="225.84" angle="180.00" type="DEFAULT_VEHTYPE" speed="12.95" pos="21.09" lane="1/1to1/2_0" slope="0.00"/>
        <vehicle id="28" x="548.42" y="601.65" angle="-90.00" type="DEFAULT_VEHTYPE" speed="12.98" pos="46.83" lane="3/3to2/3_0" slope="0.00"/>
        <vehicle id="29" x="601.65" y="227.86" angle="180.00" type="DEFAULT_VEHTYPE" speed="13.66" pos="23.11" lane="3/1to3/2_0" slope="0.00"/>
        <vehicle id="3" x="353.38" y="598.35" angle="90.00" type="DEFAULT_VEHTYPE" speed="13.57" pos="148.63" lane="1/3to2/3_0" slope="0.00"/>
        <vehicle id="30" x="219.29" y="601.65" angle="-90.00" type="DEFAULT_VEHTYPE" speed="8.63" pos="175.96" lane="2/3to1/3_0" slope="0.00"/>
        <vehicle id="31" x="201.65" y="260.22" angle="180.00" type="DEFAULT_VEHTYPE" speed="13.22" pos="55.47" lane="1/1to1/2_0" slope="0.00"/>
        <vehicle id="32" x="424.37" y="401.65" angle="-90.00" type="DEFAULT_VEHTYPE" speed="11.39" pos="170.88" lane="3/2to2/2_0" slope="0.00"/>
        <vehicle id="33" x="749.76" y="598.35" angle="90.00" type="DEFAULT_VEHTYPE" speed="13.73" pos="145.01" lane="3/3to4/3_0" slope="0.00"/>
        <vehicle id="34" x="468.51" y="201.65" angle="-90.00" type="DEFAULT_VEHTYPE" speed="13.23" pos="126.74" lane="3/1to2/1_0" slope="0.00"/>
        <vehicle id="35" x="648.39" y="201.65" angle="-90.00" type="DEFAULT_VEHTYPE" speed="13.76" pos="151.61" lane="4/1to3/1_0" slope="0.00"/>
        <vehicle id="36" x="486.80" y="598.35" angle="90.00" type="DEFAULT_VEHTYPE" speed="13.24" pos="82.05" lane="2/3to3/3_0" slope="0.00"/>
        <vehicle id="37" x="599.92" y="198.35" angle="90.00" type="DEFAULT_VEHTYPE" speed="4.68" pos="4.67" lane=":3/1_13_0" slope="0.00"/>
        <vehicle id="38" x="398.35" y="543.23" angle="0.00" type="DEFAULT_VEHTYPE" speed="13.40" pos="52.02" lane="2/3to2/2_0" slope="0.00"/>
        <vehicle id="39" x="401.65" y="99.18" angle="180.00" type="DEFAULT_VEHTYPE" speed="13.07" pos="99.18" lane="2/0to2/1_0" slope="0.00"/>
        <vehicle id="4" x="456.14" y="198.35" angle="90.00" type="DEFAULT_VEHTYPE" speed="13.17" pos="51.39" lane="2/1to3/1_0" slope="0.00"/>
        <vehicle id="40" x="550.74" y="201.65" angle="-90.00" type="DEFAULT_VEHTYPE" speed="12.66" pos="44.51" lane="3/1to2/1_0" slope="0.00"/>
        <vehicle id="41" x="398.35" y="317.54" angle="0.00" type="DEFAULT_VEHTYPE" speed="13.17" pos="77.71" lane="2/2to2/1_0" slope="0.00"/>
        <vehicle id="42" x="581.63" y="401.65" angle="-90.00" type="DEFAULT_VEHTYPE" speed="10.38" pos="13.62" lane="3/2to2/2_0" slope="0.00"/>
        <vehicle id="43" x="751.16" y="201.65" angle="-90.00" type="DEFAULT_VEHTYPE" speed="13.19" pos="48.84" lane="4/1to3/1_0" slope="0.00"/>
        <vehicle id="44" x="427.75" y="198.35" angle="90.00" type="DEFAULT_VEHTYPE" speed="12.84" pos="23.00" lane="2/1to3/1_0" slope="0.00"/>
        <vehicle id="45" x="777.89" y="601.65" angle="-90.00" type="DEFAULT_VEHTYPE" speed="12.65" pos="22.11" lane="4/3to3/3_0" slope="0.00"/>
        <vehicle id="46" x="780.96" y="598.35" angle="90.00" type="DEFAULT_VEHTYPE" speed="13.77" pos="176.21" lane="3/3to4/3_0" slope="0.00"/>
        <vehicle id="47" x="268.45" y="198.35" angle="90.00" type="DEFAULT_VEHTYPE" speed="12.60" pos="63.70" lane="1/1to2/1_0" slope="0.00"/>
        <vehicle id="48" x="177.07" y="198.35" angle="90.00" type="DEFAULT_VEHTYPE" speed="7.27" pos="177.07" lane="0/1to1/1_0" slope="0.00"/>
        <vehicle id="49" x="141.55" y="198.35" angle="90.00" type="DEFAULT_VEHTYPE" speed="13.45" pos="141.55" lane="0/1to1/1_0" slope="0.00"/>
        <vehicle id="5" x="177.49" y="401.65" angle="-90.00" type="DEFAULT_VEHTYPE" speed="11.77" pos="17.76" lane="1/2to0/2_0" slope="0.00"/>
        <vehicle id="6" x="205.27" y="201.65" angle="-90.00" type="DEFAULT_VEHTYPE" speed="2.36" pos="189.98" lane="2/1to1/1_0" slope="0.00"/>
        <vehicle id="7" x="350.36" y="601.65" angle="-90.00" type="DEFAULT_VEHTYPE" speed="12.83" pos="44.89" lane="2/3to1/3_0" slope="0.00"/>
    </timestep>
    <timestep time="65.00">
        <vehicle id="0" x="201.65" y="352.63" angle="180.00" type="DEFAULT_VEHTYPE" speed="13.86" pos="147.88" lane="1/1to1/2_0" slope="0.00"/>
        <vehicle id="1" x="398.35" y="444.05" angle="0.00" type="DEFAULT_VEHTYPE" speed="13.77" pos="151.20" lane="2/3to2/2_0" slope="0.00"/>
        <vehicle id="11" x="253.49" y="598.35" angle="90.00" type="DEFAULT_VEHTYPE" speed="12.95" pos="48.74" lane="1/3to2/3_0" slope="0.00"/>
        <vehicle id="12" x="198.35" y="520.91" angle="0.00" type="DEFAULT_VEHTYPE" speed="13.45" pos="74.34" lane="1/3to1/2_0" slope="0.00"/>
        <vehicle id="13" x="399.69" y="198.35" angle="90.00" type="DEFAULT_VEHTYPE" speed="5.74" pos="4.44" lane=":2/1_13_0" slope="0.00"/>
        <vehicle id="14" x="198.35" y="490.76" angle="0.00" type="DEFAULT_VEHTYPE" speed="13.80" pos="104.49" lane="1/3to1/2_0" slope="0.00"/>
        <vehicle id="15" x="411.24" y="598.35" angle="90.00" type="DEFAULT_VEHTYPE" speed="13.18" pos="6.49" lane="2/3to3/3_0" slope="0.00"/>
        <vehicle id="16" x="201.65" y="387.10" angle="180.00" type="DEFAULT_VEHTYPE" speed="13.37" pos="182.35" lane="1/1to1/2_0" slope="0.00"/>
        <vehicle id="17" x="201.65" y="554.95" angle="180.00" type="DEFAULT_VEHTYPE" speed="13.49" pos="150.20" lane="1/2to1/3_0" slope="0.00"/>
        <vehicle id="2" x="329.41" y="198.35" angle="90.00" type="DEFAULT_VEHTYPE" speed="13.28" pos="124.66" lane="1/1to2/1_0" slope="0.00"/>
        <vehicle id="20" x="198.35" y="441.54" angle="0.00" type="DEFAULT_VEHTYPE" speed="12.89" pos="153.71" lane="1/3to1/2_0" slope="0.00"/>
        <vehicle id="21" x="192.75" y="198.35" angle="90.00" type="DEFAULT_VEHTYPE" speed="0.00" pos="192.75" lane="0/1to1/1_0" slope="0.00"/>
        <vehicle id="23" x="398.35" y="481.27" angle="0.00" type="DEFAULT_VEHTYPE" speed="13.33" pos="113.98" lane="2/3to2/2_0" slope="0.00"/>
        <vehicle id="24" x="401.65" y="246.40" angle="180.00" type="DEFAULT_VEHTYPE" speed="13.61" pos="41.65" lane="2/1to2/2_0" slope="0.00"/>
        <vehicle id="25" x="339.28" y="401.65" angle="-90.00" type="DEFAULT_VEHTYPE" speed="13.73" pos="55.97" lane="2/2to1/2_0" slope="0.00"/>
        <vehicle id="26" x="396.29" y="601.65" angle="-90.00" type="DEFAULT_VEHTYPE" speed="7.60" pos="8.46" lane=":2/3_5_0" slope="0.00"/>
        <vehicle id="27" x="201.65" y="238.81" angle="180.00" type="DEFAULT_VEHTYPE" speed="12.97" pos="34.06" lane="1/1to1/2_0" slope="0.00"/>
        <vehicle id="28" x="535.08" y="601.65" angle="-90.00" type="DEFAULT_VEHTYPE" speed="13.34" pos="60.17" lane="3/3to2/3_0" slope="0.00"/>
        <vehicle id="29" x="601.65" y="241.30" angle="180.00" type="DEFAULT_VEHTYPE" speed="13.44" pos="36.55" lane="3/1to3/2_0" slope="0.00"/>
        <vehicle id="3" x="366.62" y="598.35" angle="90.00" type="DEFAULT_VEHTYPE" speed="13.24" pos="161.87" lane="1/3to2/3_0" slope="0.00"/>
        <vehicle id="30" x="213.60" y="601.65" angle="-90.00" type="DEFAULT_VEHTYPE" speed="5.69" pos="181.65" lane="2/3to1/3_0" slope="0.00"/>
        <vehicle id="31" x="201.65" y="273.14" angle="180.00" type="DEFAULT_VEHTYPE" speed="12.92" pos="68.39" lane="1/1to1/2_0" slope="0.00"/>
        <vehicle id="32" x="416.04" y="401.65" angle="-90.00" type="DEFAULT_VEHTYPE" speed="8.33" pos="179.21" lane="3/2to2/2_0" slope="0.00"/>
        <vehicle id="33" x="762.84" y="598.35" angle="90.00" type="DEFAULT_VEHTYPE" speed="13.09" pos="158.09" lane="3/3to4/3_0" slope="0.00"/>
        <vehicle id="34" x="455.88" y="201.65" angle="-90.00" type="DEFAULT_VEHTYPE" speed="12.64" pos="139.37" lane="3/1to2/1_0" slope="0.00"/>
        <vehicle id="35" x="635.08" y="201.65" angle="-90.00" type="DEFAULT_VEHTYPE" speed="13.31" pos="164.92" lane="4/1to3/1_0" slope="0.00"/>
        <vehicle id="36" x="500.38" y="598.35" angle="90.00" type="DEFAULT_VEHTYPE" speed="13.57" pos="95.63" lane="2/3to3/3_0" slope="0.00"/>
        <vehicle id="37" x="606.97" y="198.35" angle="90.00" type="DEFAULT_VEHTYPE" speed="7.05" pos="2.22" lane="3/1to4/1_0" slope="0.00"/>
        <vehicle id="38" x="398.35" y="530.19" angle="0.00" type="DEFAULT_VEHTYPE" speed="13.04" pos="65.06" lane="2/3to2/2_0" slope="0.00"/>
        <vehicle id="39" x="401.65" y="112.76" angle="180.00" type="DEFAULT_VEHTYPE" speed="13.58" pos="112.76" lane="2/0to2/1_0" slope="0.00"/>
        <vehicle id="4" x="468.85" y="198.35" angle="90.00" type="DEFAULT_VEHTYPE" speed="12.71" pos="64.10" lane="2/1to3/1_0" slope="0.00"/>
        <vehicle id="40" x="537.70" y="201.65" angle="-90.00" type="DEFAULT_VEHTYPE" speed="13.04" pos="57.55" lane="3/1to2/1_0" slope="0.00"/>
        <vehicle id="41" x="398.35" y="304.02" angle="0.00" type="DEFAULT_VEHTYPE" speed="13.52" pos="91.23" lane="2/2to2/1_0" slope="0.00"/>
        <vehicle id="42" x="569.64" y="401.65" angle="-90.00" type="DEFAULT_VEHTYPE" speed="11.98" pos="25.61" lane="3/2to2/2_0" slope="0.00"/>
        <vehicle id="43" x="737.30" y="201.65" angle="-90.00" type="DEFAULT_VEHTYPE" speed="13.86" pos="62.70" lane="4/1to3/1_0" slope="0.00"/>
        <vehicle id="44" x="440.49" y="198.35" angle="90.00" type="DEFAULT_VEHTYPE" speed="12.74" pos="35.74" lane="2/1to3/1_0" slope="0.00"/>
        <vehicle id="45" x="764.95" y="601.65" angle="-90.00" type="DEFAULT_VEHTYPE" speed="12.94" pos="35.05" lane="4/3to3/3_0" slope="0.00"/>
        <vehicle id="46" x="793.83" y="598.35" angle="90.00" type="DEFAULT_VEHTYPE" speed="12.87" pos="189.08" lane="3/3to4/3_0" slope="0.00"/>
        <vehicle id="47" x="281.42" y="198.35" angle="90.00" type="DEFAULT_VEHTYPE" speed="12.97" pos="76.67" lane="1/1to2/1_0" slope="0.00"/>
        <vehicle id="48" x="181.23" y="198.35" angle="90.00" type="DEFAULT_VEHTYPE" speed="4.16" pos="181.23" lane="0/1to1/1_0" slope="0.00"/>
        <vehicle id="49" x="155.01" y="198.35" angle="90.00" type="DEFAULT_VEHTYPE" speed="13.46" pos="155.01" lane="0/1to1/1_0" slope="0.00"/>
        <vehicle id="5" x="164.49" y="401.65" angle="-90.00" type="DEFAULT_VEHTYPE" speed="13.00" pos="30.76" lane="1/2to0/2_0" slope="0.00"/>
        <vehicle id="6" x="201.74" y="204.14" angle="-124.42" type="DEFAULT_VEHTYPE" speed="4.90" pos="4.38" lane=":1/1_4_0" slope="0.00"/>
        <vehicle id="7" x="337.32" y="601.65" angle="-90.00" type="DEFAULT_VEHTYPE" speed="13.03" pos="57.93" lane="2/3to1/3_0" slope="0.00"/>
    </timestep>
    <timestep time="66.00">
        <vehicle id="0" x="201.65" y="365.28" angle="180.00" type="DEFAULT_VEHTYPE" speed="12.66" pos="160.53" lane="1/1to1/2_0" slope="0.00"/>
        <vehicle id="1" x="398.35" y="431.36" angle="0.00" type="DEFAULT_VEHTYPE" speed="12.69" pos="163.89" lane="2/3to2/2_0" slope="0.00"/>
        <vehicle id="11" x="266.73" y="598.35" angle="90.00" type="DEFAULT_VEHTYPE" speed="13.24" pos="61.98" lane="1/3to2/3_0" slope="0.00"/>
        <vehicle id="12" x="198.35" y="507.90" angle="0.00" type="DEFAULT_VEHTYPE" speed="13.01" pos="87.35" lane="1/3to1/2_0" slope="0.00"/>
        <vehicle id="13" x="407.06" y="198.35" angle="90.00" type="DEFAULT_VEHTYPE" speed="7.37" pos="2.31" lane="2/1to3/1_0" slope="0.00"/>
        <vehicle id="14" x="198.35" y="478.06" angle="0.00" type="DEFAULT_VEHTYPE" speed="12.70" pos="117.19" lane="1/3to1/2_0" slope="0.00"/>
        <vehicle id="15" x="425.09" y="598.35" angle="90.00" type="DEFAULT_VEHTYPE" speed="13.84" pos="20.34" lane="2/3to3/3_0" slope="0.00"/>
        <vehicle id="17" x="201.65" y="568.51" angle="180.00" type="DEFAULT_VEHTYPE" speed="13.57" pos="163.76" lane="1/2to1/3_0" slope="0.00"/>
        <vehicle id="2" x="343.24" y="198.35" angle="90.00" type="DEFAULT_VEHTYPE" speed="13.83" pos="138.49" lane="1/1to2/1_0" slope="0.00"/>
        <vehicle id="20" x="198.35" y="428.54" angle="0.00" type="DEFAULT_VEHTYPE" speed="13.00" pos="166.71" lane="1/3to1/2_0" slope="0.00"/>
        <vehicle id="21" x="192.75" y="198.35" angle="90.00" type="DEFAULT_VEHTYPE" speed="0.00" pos="192.75" lane="0/1to1/1_0" slope="0.00"/>
        <vehicle id="23" x="398.35" y="468.44" angle="0.00" type="DEFAULT_VEHTYPE" speed="12.83" pos="126.81" lane="2/3to2/2_0" slope="0.00"/>
        <vehicle id="24" x="401.65" y="259.15" angle="180.00" type="DEFAULT_VEHTYPE" speed="12.75" pos="54.40" lane="2/1to2/2_0" slope="0.00"/>
        <vehicle id="25" x="326.16" y="401.65" angle="-90.00" type="DEFAULT_VEHTYPE" speed="13.11" pos="69.09" lane="2/2to1/2_0" slope="0.00"/>
        <vehicle id="26" x="386.17" y="601.65" angle="-90.00" type="DEFAULT_VEHTYPE" speed="10.12" pos="9.08" lane="2/3to1/3_0" slope="0.00"/>
        <vehicle id="27" x="201.65" y="252.58" angle="180.00" type="DEFAULT_VEHTYPE" speed="13.76" pos="47.83" lane="1/1to1/2_0" slope="0.00"/>
        <vehicle id="28" x="521.41" y="601.65" angle="-90.00" type="DEFAULT_VEHTYPE" speed="13.67" pos="73.84" lane="3/3to2/3_0" slope="0.00"/>
        <vehicle id="29" x="601.65" y="254.72" angle="180.00" type="DEFAULT_VEHTYPE" speed="13.42" pos="49.97" lane="3/1to3/2_0" slope="0.00"/>
        <vehicle id="3" x="377.21" y="598.35" angle="90.00" type="DEFAULT_VEHTYPE" speed="10.59" pos="172.46" lane="1/3to2/3_0" slope="0.00"/>
        <vehicle id="30" x="210.55" y="601.65" angle="-90.00" type="DEFAULT_VEHTYPE" speed="3.06" pos="184.70" lane="2/3to1/3_0" slope="0.00"/>
        <vehicle id="31" x="201.65" y="286.76" angle="180.00" type="DEFAULT_VEHTYPE" speed="13.63" pos="82.01" lane="1/1to1/2_0" slope="0.00"/>
        <vehicle id="32" x="411.24" y="401.65" angle="-90.00" type="DEFAULT_VEHTYPE" speed="4.80" pos="184.01" lane="3/2to2/2_0" slope="0.00"/>
        <vehicle id="33" x="776.52" y="598.35" angle="90.00" type="DEFAULT_VEHTYPE" speed="13.67" pos="171.77" lane="3/3to4/3_0" slope="0.00"/>
        <vehicle id="34" x="442.51" y="201.65" angle="-90.00" type="DEFAULT_VEHTYPE" speed="13.37" pos="152.74" lane="3/1to2/1_0" slope="0.00"/>
        <vehicle id="35" x="623.77" y="201.65" angle="-90.00" type="DEFAULT_VEHTYPE" speed="11.31" pos="176.23" lane="4/1to3/1_0" slope="0.00"/>
        <vehicle id="36" x="513.73" y="598.35" angle="90.00" type="DEFAULT_VEHTYPE" speed="13.36" pos="108.98" lane="2/3to3/3_0" slope="0.00"/>
        <vehicle id="37" x="616.57" y="198.35" angle="90.00" type="DEFAULT_VEHTYPE" speed="9.60" pos="11.82" lane="3/1to4/1_0" slope="0.00"/>
        <vehicle id="38" x="398.35" y="517.49" angle="0.00" type="DEFAULT_VEHTYPE" speed="12.70" pos="77.76" lane="2/3to2/2_0" slope="0.00"/>
        <vehicle id="39" x="401.65" y="125.75" angle="180.00" type="DEFAULT_VEHTYPE" speed="12.99" pos="125.75" lane="2/0to2/1_0" slope="0.00"/>
        <vehicle id="4" x="481.94" y="198.35" angle="90.00" type="DEFAULT_VEHTYPE" speed="13.09" pos="77.19" lane="2/1to3/1_0" slope="0.00"/>
        <vehicle id="40" x="525.04" y="201.65" angle="-90.00" type="DEFAULT_VEHTYPE" speed="12.66" pos="70.21" lane="3/1to2/1_0" slope="0.00"/>
        <vehicle id="41" x="398.35" y="290.94" angle="0.00" type="DEFAULT_VEHTYPE" speed="13.08" pos="104.31" lane="2/2to2/1_0" slope="0.00"/>
        <vehicle id="42" x="556.65" y="401.65" angle="-90.00" type="DEFAULT_VEHTYPE" speed="12.99" pos="38.60" lane="3/2to2/2_0" slope="0.00"/>
        <vehicle id="43" x="724.25" y="201.65" angle="-90.00" type="DEFAULT_VEHTYPE" speed="13.04" pos="75.75" lane="4/1to3/1_0" slope="0.00"/>
        <vehicle id="44" x="453.82" y="198.35" angle="90.00" type="DEFAULT_VEHTYPE" speed="13.33" pos="49.07" lane="2/1to3/1_0" slope="0.00"/>
        <vehicle id="45" x="751.74" y="601.65" angle="-90.00" type="DEFAULT_VEHTYPE" speed="13.20" pos="48.26" lane="4/3to3/3_0" slope="0.00"/>
        <vehicle id="46" x="798.02" y="601.65" angle="-123.15" type="DEFAULT_VEHTYPE" speed="12.97" pos="1.98" lane="4/3to3/3_0" slope="0.00"/>
        <vehicle id="47" x="294.09" y="198.35" angle="90.00" type="DEFAULT_VEHTYPE" speed="12.67" pos="89.34" lane="1/1to2/1_0" slope="0.00"/>
        <vehicle id="48" x="184.17" y="198.35" angle="90.00" type="DEFAULT_VEHTYPE" speed="2.94" pos="184.17" lane="0/1to1/1_0" slope="0.00"/>
        <vehicle id="49" x="164.25" y="198.35" angle="90.00" type="DEFAULT_VEHTYPE" speed="9.23" pos="164.25" lane="0/1to1/1_0" slope="0.00"/>
        <vehicle id="5" x="151.55" y="401.65" angle="-90.00" type="DEFAULT_VEHTYPE" speed="12.94" pos="43.70" lane="1/2to0/2_0" slope="0.00"/>
        <vehicle id="6" x="201.65" y="211.51" angle="180.00" type="DEFAULT_VEHTYPE" speed="7.37" pos="6.76" lane="1/1to1/2_0" slope="0.00"/>
        <vehicle id="7" x="324.44" y="601.65" angle="-90.00" type="DEFAULT_VEHTYPE" speed="12.89" pos="70.81" lane="2/3to1/3_0" slope="0.00"/>
    </timestep>
    <timestep time="67.00">
        <vehicle id="0" x="201.65" y="378.17" angle="180.00" type="DEFAULT_VEHTYPE" speed="12.88" pos="173.42" lane="1/1to1/2_0" slope="0.00"/>
        <vehicle id="1" x="398.35" y="417.89" angle="0.00" type="DEFAULT_VEHTYPE" speed="13.47" pos="177.36" lane="2/3to2/2_0" slope="0.00"/>
        <vehicle id="11" x="279.79" y="598.35" angle="90.00" type="DEFAULT_VEHTYPE" speed="13.06" pos="75.04" lane="1/3to2/3_0" slope="0.00"/>
        <vehicle id="12" x="198.35" y="494.73" angle="0.00" type="DEFAULT_VEHTYPE" speed="13.16" pos="100.52" lane="1/3to1/2_0" slope="0.00"/>
        <vehicle id="13" x="416.99" y="198.35" angle="90.00" type="DEFAULT_VEHTYPE" speed="9.93" pos="12.24" lane="2/1to3/1_0" slope="0.00"/>
        <vehicle id="14" x="198.35" y="465.16" angle="0.00" type="DEFAULT_VEHTYPE" speed="12.90" pos="130.09" lane="1/3to1/2_0" slope="0.00"/>
        <vehicle id="15" x="437.83" y="598.35" angle="90.00" type="DEFAULT_VEHTYPE" speed="12.74" pos="33.08" lane="2/3to3/3_0" slope="0.00"/>
        <vehicle id="17" x="201.65" y="582.20" angle="180.00" type="DEFAULT_VEHTYPE" speed="13.69" pos="177.45" lane="1/2to1/3_0" slope="0.00"/>
        <vehicle id="2" x="356.49" y="198.35" angle="90.00" type="DEFAULT_VEHTYPE" speed="13.24" pos="151.74" lane="1/1to2/1_0" slope="0.00"/>
        <vehicle id="20" x="198.35" y="415.20" angle="0.00" type="DEFAULT_VEHTYPE" speed="13.34" pos="180.05" lane="1/3to1/2_0" slope="0.00"/>
        <vehicle id="21" x="194.84" y="198.35" angle="90.00" type="DEFAULT_VEHTYPE" speed="2.10" pos="194.84" lane="0/1to1/1_0" slope="0.00"/>
        <vehicle id="23" x="398.35" y="455.16" angle="0.00" type="DEFAULT_VEHTYPE" speed="13.28" pos="140.09" lane="2/3to2/2_0" slope="0.00"/>
        <vehicle id="24" x="401.65" y="272.46" angle="180.00" type="DEFAULT_VEHTYPE" speed="13.31" pos="67.71" lane="2/1to2/2_0" slope="0.00"/>
        <vehicle id="25" x="312.73" y="401.65" angle="-90.00" type="DEFAULT_VEHTYPE" speed="13.44" pos="82.52" lane="2/2to1/2_0" slope="0.00"/>
        <vehicle id="26" x="374.48" y="601.65" angle="-90.00" type="DEFAULT_VEHTYPE" speed="11.69" pos="20.77" lane="2/3to1/3_0" slope="0.00"/>
        <vehicle id="27" x="201.65" y="266.13" angle="180.00" type="DEFAULT_VEHTYPE" speed="13.55" pos="61.38" lane="1/1to1/2_0" slope="0.00"/>
        <vehicle id="28" x="508.59" y="601.65" angle="-90.00" type="DEFAULT_VEHTYPE" speed="12.81" pos="86.66" lane="3/3to2/3_0" slope="0.00"/>
        <vehicle id="29" x="601.65" y="267.98" angle="180.00" type="DEFAULT_VEHTYPE" speed="13.26" pos="63.23" lane="3/1to3/2_0" slope="0.00"/>
        <vehicle id="3" x="385.28" y="598.35" angle="90.00" type="DEFAULT_VEHTYPE" speed="8.07" pos="180.53" lane="1/3to2/3_0" slope="0.00"/>
        <vehicle id="30" x="204.97" y="601.65" angle="-90.00" type="DEFAULT_VEHTYPE" speed="5.58" pos="190.28" lane="2/3to1/3_0" slope="0.00"/>
        <vehicle id="31" x="201.65" y="299.77" angle="180.00" type="DEFAULT_VEHTYPE" speed="13.01" pos="95.02" lane="1/1to1/2_0" slope="0.00"/>
        <vehicle id="32" x="404.59" y="401.63" angle="-89.74" type="DEFAULT_VEHTYPE" speed="6.64" pos="0.16" lane=":2/2_6_0" slope="0.00"/>
        <vehicle id="33" x="789.82" y="598.35" angle="90.00" type="DEFAULT_VEHTYPE" speed="13.30" pos="185.07" lane="3/3to4/3_0" slope="0.00"/>
        <vehicle id="34" x="429.60" y="201.65" angle="-90.00" type="DEFAULT_VEHTYPE" speed="12.91" pos="165.65" lane="3/1to2/1_0" slope="0.00"/>
        <vehicle id="35" x="616.11" y="201.65" angle="-90.00" type="DEFAULT_VEHTYPE" speed="7.66" pos="183.89" lane="4/1to3/1_0" slope="0.00"/>
        <vehicle id="36" x="527.57" y="598.35" angle="90.00" type="DEFAULT_VEHTYPE" speed="13.84" pos="122.82" lane="2/3to3/3_0" slope="0.00"/>
        <vehicle id="37" x="627.59" y="198.35" angle="90.00" type="DEFAULT_VEHTYPE" speed="11.03" pos="22.84" lane="3/1to4/1_0" slope="0.00"/>
        <vehicle id="38" x="398.35" y="504.10" angle="0.00" type="DEFAULT_VEHTYPE" speed="13.39" pos="91.15" lane="2/3to2/2_0" slope="0.00"/>
        <vehicle id="39" x="401.65" y="139.13" angle="180.00" type="DEFAULT_VEHTYPE" speed="13.38" pos="139.13" lane="2/0to2/1_0" slope="0.00"/>
        <vehicle id="4" x="495.64" y="198.35" angle="90.00" type="DEFAULT_VEHTYPE" speed="13.70" pos="90.89" lane="2/1to3/1_0" slope="0.00"/>
        <vehicle id="40" x="511.75" y="201.65" angle="-90.00" type="DEFAULT_VEHTYPE" speed="13.29" pos="83.50" lane="3/1to2/1_0" slope="0.00"/>
        <vehicle id="41" x="398.35" y="278.22" angle="0.00" type="DEFAULT_VEHTYPE" speed="12.72" pos="117.03" lane="2/2to2/1_0" slope="0.00"/>
        <vehicle id="42" x="543.96" y="401.65" angle="-90.00" type="DEFAULT_VEHTYPE" speed="12.68" pos="51.29" lane="3/2to2/2_0" slope="0.00"/>
        <vehicle id="43" x="710.63" y="201.65" angle="-90.00" type="DEFAULT_VEHTYPE" speed="13.63" pos="89.37" lane="4/1to3/1_0" slope="0.00"/>
        <vehicle id="44" x="466.66" y="198.35" angle="90.00" type="DEFAULT_VEHTYPE" speed="12.84" pos="61.91" lane="2/1to3/1_0" slope="0.00"/>
        <vehicle id="45" x="738.28" y="601.65" angle="-90.00" type="DEFAULT_VEHTYPE" speed="13.46" pos="61.72" lane="4/3to3/3_0" slope="0.00"/>
        <vehicle id="46" x="785.32" y="601.65" angle="-90.00" type="DEFAULT_VEHTYPE" speed="12.70" pos="14.68" lane="4/3to3/3_0" slope="0.00"/>
        <vehicle id="47" x="307.60" y="198.35" angle="90.00" type="DEFAULT_VEHTYPE" speed="13.51" pos="102.85" lane="1/1to2/1_0" slope="0.00"/>
        <vehicle id="48" x="185.01" y="198.35" angle="90.00" type="DEFAULT_VEHTYPE" speed="0.84" pos="185.01" lane="0/1to1/1_0" slope="0.00"/>
        <vehicle id="49" x="170.48" y="198.35" angle="90.00" type="DEFAULT_VEHTYPE" speed="6.23" pos="170.48" lane="0/1to1/1_0" slope="0.00"/>
        <vehicle id="5" x="137.87" y="401.65" angle="-90.00" type="DEFAULT_VEHTYPE" speed="13.68" pos="57.38" lane="1/2to0/2_0" slope="0.00"/>
        <vehicle id="6" x="201.65" y="221.33" angle="180.00" type="DEFAULT_VEHTYPE" speed="9.82" pos="16.58" lane="1/1to1/2_0" slope="0.00"/>
        <vehicle id="7" x="311.22" y="601.65" angle="-90.00" type="DEFAULT_VEHTYPE" speed="13.22" pos="84.03" lane="2/3to1/3_0" slope="0.00"/>
    </timestep>
    <timestep time="68.00">
        <vehicle id="0" x="201.65" y="391.77" angle="180.00" type="DEFAULT_VEHTYPE" speed="13.60" pos="187.02" lane="1/1to1/2_0" slope="0.00"/>
        <vehicle id="1" x="398.35" y="404.82" angle="0.00" type="DEFAULT_VEHTYPE" speed="13.07" pos="190.43" lane="2/3to2/2_0" slope="0.00"/>
        <vehicle id="11" x="292.67" y="598.35" angle="90.00" type="DEFAULT_VEHTYPE" speed="12.88" pos="87.92" lane="1/3to2/3_0" slope="0.00"/>
        <vehicle id="12" x="198.35" y="481.15" angle="0.00" type="DEFAULT_VEHTYPE" speed="13.59" pos="114.10" lane="1/3to1/2_0" slope="0.00"/>
        <vehicle id="13" x="428.53" y="198.35" angle="90.00" type="DEFAULT_VEHTYPE" speed="11.54" pos="23.78" lane="2/1to3/1_0" slope="0.00"/>
        <vehicle id="14" x="198.35" y="451.74" angle="0.00" type="DEFAULT_VEHTYPE" speed="13.42" pos="143.51" lane="1/3to1/2_0" slope="0.00"/>
        <vehicle id="15" x="451.68" y="598.35" angle="90.00" type="DEFAULT_VEHTYPE" speed="13.85" pos="46.93" lane="2/3to3/3_0" slope="0.00"/>
        <vehicle id="17" x="201.68" y="595.48" angle="179.64" type="DEFAULT_VEHTYPE" speed="13.28" pos="0.23" lane=":1/3_8_0" slope="0.00"/>
        <vehicle id="2" x="369.20" y="198.35" angle="90.00" type="DEFAULT_VEHTYPE" speed="12.71" pos="164.45" lane="1/1to2/1_0" slope="0.00"/>
        <vehicle id="20" x="198.35" y="401.31" angle="0.00" type="DEFAULT_VEHTYPE" speed="13.89" pos="3.44" lane=":1/2_1_0" slope="0.00"/>
        <vehicle id="21" x="198.77" y="199.18" angle="99.73" type="DEFAULT_VEHTYPE" speed="4.08" pos="3.67" lane=":1/1_14_0" slope="0.00"/>
        <vehicle id="23" x="398.35" y="441.30" angle="0.00" type="DEFAULT_VEHTYPE" speed="13.86" pos="153.95" lane="2/3to2/2_0" slope="0.00"/>
        <vehicle id="24" x="401.65" y="285.67" angle="180.00" type="DEFAULT_VEHTYPE" speed="13.21" pos="80.92" lane="2/1to2/2_0" slope="0.00"/>
        <vehicle id="25" x="299.23" y="401.65" angle="-90.00" type="DEFAULT_VEHTYPE" speed="13.49" pos="96.02" lane="2/2to1/2_0" slope="0.00"/>
        <vehicle id="26" x="361.09" y="601.65" angle="-90.00" type="DEFAULT_VEHTYPE" speed="13.40" pos="34.16" lane="2/3to1/3_0" slope="0.00"/>
        <vehicle id="27" x="201.65" y="279.96" angle="180.00" type="DEFAULT_VEHTYPE" speed="13.83" pos="75.21" lane="1/1to1/2_0" slope="0.00"/>
        <vehicle id="28" x="495.35" y="601.65" angle="-90.00" type="DEFAULT_VEHTYPE" speed="13.25" pos="99.90" lane="3/3to2/3_0" slope="0.00"/>
        <vehicle id="29" x="601.65" y="280.91" angle="180.00" type="DEFAULT_VEHTYPE" speed="12.93" pos="76.16" lane="3/1to3/2_0" slope="0.00"/>
        <vehicle id="3" x="389.95" y="598.35" angle="90.00" type="DEFAULT_VEHTYPE" speed="4.67" pos="185.20" lane="1/3to2/3_0" slope="0.00"/>
        <vehicle id="30" x="201.65" y="607.29" angle="-171.16" type="DEFAULT_VEHTYPE" speed="7.76" pos="2.54" lane="1/3to1/4_0" slope="0.00"/>
        <vehicle id="31" x="201.65" y="313.55" angle="180.00" type="DEFAULT_VEHTYPE" speed="13.78" pos="108.80" lane="1/1to1/2_0" slope="0.00"/>
        <vehicle id="32" x="398.53" y="396.54" angle="-30.31" type="DEFAULT_VEHTYPE" speed="8.86" pos="9.02" lane=":2/2_6_0" slope="0.00"/>
        <vehicle id="34" x="420.12" y="201.65" angle="-90.00" type="DEFAULT_VEHTYPE" speed="9.48" pos="175.13" lane="3/1to2/1_0" slope="0.00"/>
        <vehicle id="35" x="611.64" y="201.65" angle="-90.00" type="DEFAULT_VEHTYPE" speed="4.48" pos="188.36" lane="4/1to3/1_0" slope="0.00"/>
        <vehicle id="36" x="540.71" y="598.35" angle="90.00" type="DEFAULT_VEHTYPE" speed="13.14" pos="135.96" lane="2/3to3/3_0" slope="0.00"/>
        <vehicle id="37" x="641.20" y="198.35" angle="90.00" type="DEFAULT_VEHTYPE" speed="13.61" pos="36.45" lane="3/1to4/1_0" slope="0.00"/>
        <vehicle id="38" x="398.35" y="490.75" angle="0.00" type="DEFAULT_VEHTYPE" speed="13.35" pos="104.50" lane="2/3to2/2_0" slope="0.00"/>
        <vehicle id="39" x="401.65" y="152.10" angle="180.00" type="DEFAULT_VEHTYPE" speed="12.97" pos="152.10" lane="2/0to2/1_0" slope="0.00"/>
        <vehicle id="4" x="509.49" y="198.35" angle="90.00" type="DEFAULT_VEHTYPE" speed="13.85" pos="104.74" lane="2/1to3/1_0" slope="0.00"/>
        <vehicle id="40" x="498.03" y="201.65" angle="-90.00" type="DEFAULT_VEHTYPE" speed="13.72" pos="97.22" lane="3/1to2/1_0" slope="0.00"/>
        <vehicle id="41" x="398.35" y="264.53" angle="0.00" type="DEFAULT_VEHTYPE" speed="13.69" pos="130.72" lane="2/2to2/1_0" slope="0.00"/>
        <vehicle id="42" x="530.10" y="401.65" angle="-90.00" type="DEFAULT_VEHTYPE" speed="13.86" pos="65.15" lane="3/2to2/2_0" slope="0.00"/>
        <vehicle id="43" x="696.92" y="201.65" angle="-90.00" type="DEFAULT_VEHTYPE" speed="13.71" pos="103.08" lane="4/1to3/1_0" slope="0.00"/>
        <vehicle id="44" x="479.63" y="198.35" angle="90.00" type="DEFAULT_VEHTYPE" speed="12.97" pos="74.88" lane="2/1to3/1_0" slope="0.00"/>
        <vehicle id="45" x="724.78" y="601.65" angle="-90.00" type="DEFAULT_VEHTYPE" speed="13.50" pos="75.22" lane="4/3to3/3_0" slope="0.00"/>
        <vehicle id="46" x="771.99" y="601.65" angle="-90.00" type="DEFAULT_VEHTYPE" speed="13.33" pos="28.01" lane="4/3to3/3_0" slope="0.00"/>
        <vehicle id="47" x="320.34" y="198.35" angle="90.00" type="DEFAULT_VEHTYPE" speed="12.74" pos="115.59" lane="1/1to2/1_0" slope="0.00"/>
        <vehicle id="48" x="186.04" y="198.35" angle="90.00" type="DEFAULT_VEHTYPE" speed="1.03" pos="186.04" lane="0/1to1/1_0" slope="0.00"/>
        <vehicle id="49" x="174.39" y="198.35" angle="90.00" type="DEFAULT_VEHTYPE" speed="3.91" pos="174.39" lane="0/1to1/1_0" slope="0.00"/>
        <vehicle id="5" x="124.07" y="401.65" angle="-90.00" type="DEFAULT_VEHTYPE" speed="13.79" pos="71.18" lane="1/2to0/2_0" slope="0.00"/>
        <vehicle id="6" x="201.65" y="233.22" angle="180.00" type="DEFAULT_VEHTYPE" speed="11.89" pos="28.47" lane="1/1to1/2_0" slope="0.00"/>
        <vehicle id="7" x="297.64" y="601.65" angle="-90.00" type="DEFAULT_VEHTYPE" speed="13.58" pos="97.61" lane="2/3to1/3_0" slope="0.00"/>
    </timestep>
    <timestep time="69.00">
        <vehicle id="0" x="209.75" y="398.35" angle="90.00" type="DEFAULT_VEHTYPE" speed="13.48" pos="5.00" lane="1/2to2/2_0" slope="0.00"/>
        <vehicle id="1" x="387.17" y="401.65" angle="-90.00" type="DEFAULT_VEHTYPE" speed="13.15" pos="8.08" lane="2/2to1/2_0" slope="0.00"/>
        <vehicle id="11" x="305.35" y="598.35" angle="90.00" type="DEFAULT_VEHTYPE" speed="12.68" pos="100.60" lane="1/3to2/3_0" slope="0.00"/>
        <vehicle id="12" x="198.35" y="467.59" angle="0.00" type="DEFAULT_VEHTYPE" speed="13.56" pos="127.66" lane="1/3to1/2_0" slope="0.00"/>
        <vehicle id="13" x="441.94" y="198.35" angle="90.00" type="DEFAULT_VEHTYPE" speed="13.41" pos="37.19" lane="2/1to3/1_0" slope="0.00"/>
        <vehicle id="14" x="198.35" y="438.42" angle="0.00" type="DEFAULT_VEHTYPE" speed="13.32" pos="156.83" lane="1/3to1/2_0" slope="0.00"/>
        <vehicle id="15" x="464.90" y="598.35" angle="90.00" type="DEFAULT_VEHTYPE" speed="13.23" pos="60.15" lane="2/3to3/3_0" slope="0.00"/>
        <vehicle id="17" x="213.55" y="598.35" angle="90.00" type="DEFAULT_VEHTYPE" speed="13.57" pos="8.80" lane="1/3to2/3_0" slope="0.00"/>
        <vehicle id="2" x="378.84" y="198.35" angle="90.00" type="DEFAULT_VEHTYPE" speed="9.64" pos="174.09" lane="1/1to2/1_0" slope="0.00"/>
        <vehicle id="20" x="198.35" y="388.70" angle="0.00" type="DEFAULT_VEHTYPE" speed="12.61" pos="6.55" lane="1/2to1/1_0" slope="0.00"/>
        <vehicle id="21" x="201.59" y="204.35" angle="158.83" type="DEFAULT_VEHTYPE" speed="6.25" pos="9.92" lane=":1/1_14_0" slope="0.00"/>
        <vehicle id="23" x="398.35" y="428.42" angle="0.00" type="DEFAULT_VEHTYPE" speed="12.88" pos="166.83" lane="2/3to2/2_0" slope="0.00"/>
        <vehicle id="24" x="401.65" y="299.05" angle="180.00" type="DEFAULT_VEHTYPE" speed="13.38" pos="94.30" lane="2/1to2/2_0" slope="0.00"/>
        <vehicle id="25" x="286.50" y="401.65" angle="-90.00" type="DEFAULT_VEHTYPE" speed="12.74" pos="108.75" lane="2/2to1/2_0" slope="0.00"/>
        <vehicle id="26" x="347.64" y="601.65" angle="-90.00" type="DEFAULT_VEHTYPE" speed="13.45" pos="47.61" lane="2/3to1/3_0" slope="0.00"/>
        <vehicle id="27" x="201.65" y="293.74" angle="180.00" type="DEFAULT_VEHTYPE" speed="13.77" pos="88.99" lane="1/1to1/2_0" slope="0.00"/>
        <vehicle id="28" x="482.36" y="601.65" angle="-90.00" type="DEFAULT_VEHTYPE" speed="12.99" pos="112.89" lane="3/3to2/3_0" slope="0.00"/>
        <vehicle id="29" x="601.65" y="294.10" angle="180.00" type="DEFAULT_VEHTYPE" speed="13.19" pos="89.35" lane="3/1to3/2_0" slope="0.00"/>
        <vehicle id="3" x="396.36" y="598.51" angle="91.82" type="DEFAULT_VEHTYPE" speed="6.42" pos="1.12" lane=":2/3_14_0" slope="0.00"/>
        <vehicle id="30" x="201.65" y="617.61" angle="180.00" type="DEFAULT_VEHTYPE" speed="10.33" pos="12.86" lane="1/3to1/4_0" slope="0.00"/>
        <vehicle id="31" x="201.65" y="326.73" angle="180.00" type="DEFAULT_VEHTYPE" speed="13.18" pos="121.98" lane="1/1to1/2_0" slope="0.00"/>
        <vehicle id="32" x="398.35" y="386.14" angle="0.00" type="DEFAULT_VEHTYPE" speed="10.41" pos="9.11" lane="2/2to2/1_0" slope="0.00"/>
        <vehicle id="34" x="413.06" y="201.65" angle="-90.00" type="DEFAULT_VEHTYPE" speed="7.06" pos="182.19" lane="3/1to2/1_0" slope="0.00"/>
        <vehicle id="35" x="605.45" y="201.65" angle="-90.00" type="DEFAULT_VEHTYPE" speed="6.19" pos="194.55" lane="4/1to3/1_0" slope="0.00"/>
        <vehicle id="36" x="553.77" y="598.35" angle="90.00" type="DEFAULT_VEHTYPE" speed="13.06" pos="149.02" lane="2/3to3/3_0" slope="0.00"/>
        <vehicle id="37" x="654.21" y="198.35" angle="90.00" type="DEFAULT_VEHTYPE" speed="13.01" pos="49.46" lane="3/1to4/1_0" slope="0.00"/>
        <vehicle id="38" x="398.35" y="477.49" angle="0.00" type="DEFAULT_VEHTYPE" speed="13.27" pos="117.76" lane="2/3to2/2_0" slope="0.00"/>
        <vehicle id="39" x="401.65" y="165.12" angle="180.00" type="DEFAULT_VEHTYPE" speed="13.02" pos="165.12" lane="2/0to2/1_0" slope="0.00"/>
        <vehicle id="4" x="523.32" y="198.35" angle="90.00" type="DEFAULT_VEHTYPE" speed="13.83" pos="118.57" lane="2/1to3/1_0" slope="0.00"/>
        <vehicle id="40" x="485.01" y="201.65" angle="-90.00" type="DEFAULT_VEHTYPE" speed="13.01" pos="110.24" lane="3/1to2/1_0" slope="0.00"/>
        <vehicle id="41" x="398.35" y="250.90" angle="0.00" type="DEFAULT_VEHTYPE" speed="13.63" pos="144.35" lane="2/2to2/1_0" slope="0.00"/>
        <vehicle id="42" x="516.99" y="401.65" angle="-90.00" type="DEFAULT_VEHTYPE" speed="13.11" pos="78.26" lane="3/2to2/2_0" slope="0.00"/>
        <vehicle id="43" x="683.39" y="201.65" angle="-90.00" type="DEFAULT_VEHTYPE" speed="13.53" pos="116.61" lane="4/1to3/1_0" slope="0.00"/>
        <vehicle id="44" x="493.23" y="198.35" angle="90.00" type="DEFAULT_VEHTYPE" speed="13.60" pos="88.48" lane="2/1to3/1_0" slope="0.00"/>
        <vehicle id="45" x="711.82" y="601.65" angle="-90.00" type="DEFAULT_VEHTYPE" speed="12.96" pos="88.18" lane="4/3to3/3_0" slope="0.00"/>
        <vehicle id="46" x="758.93" y="601.65" angle="-90.00" type="DEFAULT_VEHTYPE" speed="13.06" pos="41.07" lane="4/3to3/3_0" slope="0.00"/>
        <vehicle id="47" x="334.03" y="198.35" angle="90.00" type="DEFAULT_VEHTYPE" speed="13.69" pos="129.28" lane="1/1to2/1_0" slope="0.00"/>
        <vehicle id="48" x="188.68" y="198.35" angle="90.00" type="DEFAULT_VEHTYPE" speed="2.64" pos="188.68" lane="0/1to1/1_0" slope="0.00"/>
        <vehicle id="49" x="176.68" y="198.35" angle="90.00" type="DEFAULT_VEHTYPE" speed="2.29" pos="176.68" lane="0/1to1/1_0" slope="0.00"/>
        <vehicle id="5" x="110.46" y="401.65" angle="-90.00" type="DEFAULT_VEHTYPE" speed="13.61" pos="84.79" lane="1/2to0/2_0" slope="0.00"/>
        <vehicle id="6" x="201.65" y="246.65" angle="180.00" type="DEFAULT_VEHTYPE" speed="13.43" pos="41.90" lane="1/1to1/2_0" slope="0.00"/>
        <vehicle id="7" x="284.25" y="601.65" angle="-90.00" type="DEFAULT_VEHTYPE" speed="13.38" pos="111.00" lane="2/3to1/3_0" slope="0.00"/>
    </timestep>
    <timestep time="70.00">
        <vehicle id="0" x="222.73" y="398.35" angle="90.00" type="DEFAULT_VEHTYPE" speed="12.97" pos="17.98" lane="1/2to2/2_0" slope="0.00"/>
        <vehicle id="1" x="373.31" y="401.65" angle="-90.00" type="DEFAULT_VEHTYPE" speed="13.86" pos="21.94" lane="2/2to1/2_0" slope="0.00"/>
        <vehicle id="11" x="318.82" y="598.35" angle="90.00" type="DEFAULT_VEHTYPE" speed="13.47" pos="114.07" lane="1/3to2/3_0" slope="0.00"/>
        <vehicle id="12" x="198.35" y="453.70" angle="0.00" type="DEFAULT_VEHTYPE" speed="13.89" pos="141.55" lane="1/3to1/2_0" slope="0.00"/>
        <vehicle id="13" x="455.23" y="198.35" angle="90.00" type="DEFAULT_VEHTYPE" speed="13.29" pos="50.48" lane="2/1to3/1_0" slope="0.00"/>
        <vehicle id="14" x="198.35" y="425.41" angle="0.00" type="DEFAULT_VEHTYPE" speed="13.01" pos="169.84" lane="1/3to1/2_0" slope="0.00"/>
        <vehicle id="15" x="477.68" y="598.35" angle="90.00" type="DEFAULT_VEHTYPE" speed="12.78" pos="72.93" lane="2/3to3/3_0" slope="0.00"/>
        <vehicle id="17" x="226.50" y="598.35" angle="90.00" type="DEFAULT_VEHTYPE" speed="12.95" pos="21.75" lane="1/3to2/3_0" slope="0.00"/>
        <vehicle id="2" x="386.07" y="198.35" angle="90.00" type="DEFAULT_VEHTYPE" speed="7.23" pos="181.32" lane="1/1to2/1_0" slope="0.00"/>
        <vehicle id="20" x="198.35" y="375.49" angle="0.00" type="DEFAULT_VEHTYPE" speed="13.21" pos="19.76" lane="1/2to1/1_0" slope="0.00"/>
        <vehicle id="21" x="201.65" y="212.36" angle="180.00" type="DEFAULT_VEHTYPE" speed="8.01" pos="7.61" lane="1/1to1/2_0" slope="0.00"/>
        <vehicle id="23" x="398.35" y="414.60" angle="0.00" type="DEFAULT_VEHTYPE" speed="13.83" pos="180.65" lane="2/3to2/2_0" slope="0.00"/>
        <vehicle id="24" x="401.65" y="311.72" angle="180.00" type="DEFAULT_VEHTYPE" speed="12.67" pos="106.97" lane="2/1to2/2_0" slope="0.00"/>
        <vehicle id="25" x="273.68" y="401.65" angle="-90.00" type="DEFAULT_VEHTYPE" speed="12.82" pos="121.57" lane="2/2to1/2_0" slope="0.00"/>
        <vehicle id="26" x="334.93" y="601.65" angle="-90.00" type="DEFAULT_VEHTYPE" speed="12.70" pos="60.32" lane="2/3to1/3_0" slope="0.00"/>
        <vehicle id="27" x="201.65" y="307.13" angle="180.00" type="DEFAULT_VEHTYPE" speed="13.39" pos="102.38" lane="1/1to1/2_0" slope="0.00"/>
        <vehicle id="28" x="469.64" y="601.65" angle="-90.00" type="DEFAULT_VEHTYPE" speed="12.72" pos="125.61" lane="3/3to2/3_0" slope="0.00"/>
        <vehicle id="29" x="601.65" y="307.14" angle="180.00" type="DEFAULT_VEHTYPE" speed="13.04" pos="102.39" lane="3/1to3/2_0" slope="0.00"/>
        <vehicle id="3" x="401.53" y="603.93" angle="154.54" type="DEFAULT_VEHTYPE" speed="8.37" pos="9.49" lane=":2/3_14_0" slope="0.00"/>
        <vehicle id="30" x="201.65" y="629.72" angle="180.00" type="DEFAULT_VEHTYPE" speed="12.11" pos="24.97" lane="1/3to1/4_0" slope="0.00"/>
        <vehicle id="31" x="201.65" y="339.89" angle="180.00" type="DEFAULT_VEHTYPE" speed="13.16" pos="135.14" lane="1/1to1/2_0" slope="0.00"/>
        <vehicle id="32" x="398.35" y="374.38" angle="0.00" type="DEFAULT_VEHTYPE" speed="11.75" pos="20.87" lane="2/2to2/1_0" slope="0.00"/>
        <vehicle id="34" x="409.74" y="201.65" angle="-90.00" type="DEFAULT_VEHTYPE" speed="3.32" pos="185.51" lane="3/1to2/1_0" slope="0.00"/>
        <vehicle id="35" x="596.90" y="201.65" angle="-90.00" type="DEFAULT_VEHTYPE" speed="8.55" pos="7.85" lane=":3/1_5_0" slope="0.00"/>
        <vehicle id="36" x="566.65" y="598.35" angle="90.00" type="DEFAULT_VEHTYPE" speed="12.88" pos="161.90" lane="2/3to3/3_0" slope="0.00"/>
        <vehicle id="37" x="667.83" y="198.35" angle="90.00" type="DEFAULT_VEHTYPE" speed="13.62" pos="63.08" lane="3/1to4/1_0" slope="0.00"/>
        <vehicle id="38" x="398.35" y="464.77" angle="0.00" type="DEFAULT_VEHTYPE" speed="12.71" pos="130.48" lane="2/3to2/2_0" slope="0.00"/>
        <vehicle id="39" x="401.65" y="179.01" angle="180.00" type="DEFAULT_VEHTYPE" speed="13.88" pos="179.01" lane="2/0to2/1_0" slope="0.00"/>
        <vehicle id="4" x="536.56" y="198.35" angle="90.00" type="DEFAULT_VEHTYPE" speed="13.24" pos="131.81" lane="2/1to3/1_0" slope="0.00"/>
        <vehicle id="40" x="471.66" y="201.65" angle="-90.00" type="DEFAULT_VEHTYPE" speed="13.35" pos="123.59" lane="3/1to2/1_0" slope="0.00"/>
        <vehicle id="41" x="398.35" y="237.66" angle="0.00" type="DEFAULT_VEHTYPE" speed="13.24" pos="157.59" lane="2/2to2/1_0" slope="0.00"/>
        <vehicle id="42" x="503.66" y="401.65" angle="-90.00" type="DEFAULT_VEHTYPE" speed="13.33" pos="91.59" lane="3/2to2/2_0" slope="0.00"/>
        <vehicle id="43" x="670.63" y="201.65" angle="-90.00" type="DEFAULT_VEHTYPE" speed="12.76" pos="129.37" lane="4/1to3/1_0" slope="0.00"/>
        <vehicle id="44" x="505.94" y="198.35" angle="90.00" type="DEFAULT_VEHTYPE" speed="12.71" pos="101.19" lane="2/1to3/1_0" slope="0.00"/>
        <vehicle id="45" x="698.57" y="601.65" angle="-90.00" type="DEFAULT_VEHTYPE" speed="13.25" pos="101.43" lane="4/3to3/3_0" slope="0.00"/>
        <vehicle id="46" x="745.79" y="601.65" angle="-90.00" type="DEFAULT_VEHTYPE" speed="13.14" pos="54.21" lane="4/3to3/3_0" slope="0.00"/>
        <vehicle id="47" x="346.67" y="198.35" angle="90.00" type="DEFAULT_VEHTYPE" speed="12.64" pos="141.92" lane="1/1to2/1_0" slope="0.00"/>
        <vehicle id="48" x="193.76" y="198.35" angle="90.00" type="DEFAULT_VEHTYPE" speed="5.08" pos="193.76" lane="0/1to1/1_0" slope="0.00"/>
        <vehicle id="49" x="179.40" y="198.35" angle="90.00" type="DEFAULT_VEHTYPE" speed="2.71" pos="179.40" lane="0/1to1/1_0" slope="0.00"/>
        <vehicle id="5" x="97.66" y="401.65" angle="-90.00" type="DEFAULT_VEHTYPE" speed="12.81" pos="97.59" lane="1/2to0/2_0" slope="0.00"/>
        <vehicle id="6" x="201.65" y="260.11" angle="180.00" type="DEFAULT_VEHTYPE" speed="13.46" pos="55.36" lane="1/1to1/2_0" slope="0.00"/>
        <vehicle id="7" x="271.61" y="601.65" angle="-90.00" type="DEFAULT_VEHTYPE" speed="12.64" pos="123.64" lane="2/3to1/3_0" slope="0.00"/>
    </timestep>
    <timestep time="71.00">
        <vehicle id="0" x="236.35" y="398.35" angle="90.00" type="DEFAULT_VEHTYPE" speed="13.62" pos="31.60" lane="1/2to2/2_0" slope="0.00"/>
        <vehicle id="1" x="360.61" y="401.65" angle="-90.00" type="DEFAULT_VEHTYPE" speed="12.70" pos="34.64" lane="2/2to1/2_0" slope="0.00"/>
        <vehicle id="11" x="332.27" y="598.35" angle="90.00" type="DEFAULT_VEHTYPE" speed="13.45" pos="127.52" lane="1/3to2/3_0" slope="0.00"/>
        <vehicle id="12" x="198.35" y="439.83" angle="0.00" type="DEFAULT_VEHTYPE" speed="13.87" pos="155.42" lane="1/3to1/2_0" slope="0.00"/>
        <vehicle id="13" x="468.42" y="198.35" angle="90.00" type="DEFAULT_VEHTYPE" speed="13.19" pos="63.67" lane="2/1to3/1_0" slope="0.00"/>
        <vehicle id="14" x="198.35" y="412.61" angle="0.00" type="DEFAULT_VEHTYPE" speed="12.81" pos="182.64" lane="1/3to1/2_0" slope="0.00"/>
        <vehicle id="15" x="491.38" y="598.35" angle="90.00" type="DEFAULT_VEHTYPE" speed="13.71" pos="86.63" lane="2/3to3/3_0" slope="0.00"/>
        <vehicle id="17" x="239.27" y="598.35" angle="90.00" type="DEFAULT_VEHTYPE" speed="12.76" pos="34.52" lane="1/3to2/3_0" slope="0.00"/>
        <vehicle id="2" x="389.46" y="198.35" angle="90.00" type="DEFAULT_VEHTYPE" speed="3.39" pos="184.71" lane="1/1to2/1_0" slope="0.00"/>
        <vehicle id="20" x="198.35" y="361.70" angle="0.00" type="DEFAULT_VEHTYPE" speed="13.79" pos="33.55" lane="1/2to1/1_0" slope="0.00"/>
        <vehicle id="21" x="201.65" y="222.34" angle="180.00" type="DEFAULT_VEHTYPE" speed="9.99" pos="17.59" lane="1/1to1/2_0" slope="0.00"/>
        <vehicle id="23" x="398.35" y="401.74" angle="0.00" type="DEFAULT_VEHTYPE" speed="12.85" pos="3.01" lane=":2/2_1_0" slope="0.00"/>
        <vehicle id="24" x="401.65" y="325.37" angle="180.00" type="DEFAULT_VEHTYPE" speed="13.65" pos="120.62" lane="2/1to2/2_0" slope="0.00"/>
        <vehicle id="25" x="260.84" y="401.65" angle="-90.00" type="DEFAULT_VEHTYPE" speed="12.84" pos="134.41" lane="2/2to1/2_0" slope="0.00"/>
        <vehicle id="26" x="321.97" y="601.65" angle="-90.00" type="DEFAULT_VEHTYPE" speed="12.96" pos="73.28" lane="2/3to1/3_0" slope="0.00"/>
        <vehicle id="27" x="201.65" y="320.71" angle="180.00" type="DEFAULT_VEHTYPE" speed="13.58" pos="115.96" lane="1/1to1/2_0" slope="0.00"/>
        <vehicle id="28" x="456.35" y="601.65" angle="-90.00" type="DEFAULT_VEHTYPE" speed="13.29" pos="138.90" lane="3/3to2/3_0" slope="0.00"/>
        <vehicle id="29" x="601.65" y="319.97" angle="180.00" type="DEFAULT_VEHTYPE" speed="12.83" pos="115.22" lane="3/1to3/2_0" slope="0.00"/>
        <vehicle id="3" x="401.65" y="613.89" angle="180.00" type="DEFAULT_VEHTYPE" speed="9.97" pos="9.14" lane="2/3to2/4_0" slope="0.00"/>
        <vehicle id="30" x="201.65" y="643.53" angle="180.00" type="DEFAULT_VEHTYPE" speed="13.81" pos="38.78" lane="1/3to1/4_0" slope="0.00"/>
        <vehicle id="31" x="201.65" y="353.60" angle="180.00" type="DEFAULT_VEHTYPE" speed="13.71" pos="148.85" lane="1/1to1/2_0" slope="0.00"/>
        <vehicle id="32" x="398.35" y="361.63" angle="0.00" type="DEFAULT_VEHTYPE" speed="12.75" pos="33.62" lane="2/2to2/1_0" slope="0.00"/>
        <vehicle id="34" x="404.39" y="201.70" angle="-90.58" type="DEFAULT_VEHTYPE" speed="5.36" pos="0.37" lane=":2/1_4_0" slope="0.00"/>
        <vehicle id="35" x="586.34" y="201.65" angle="-90.00" type="DEFAULT_VEHTYPE" speed="10.56" pos="8.91" lane="3/1to2/1_0" slope="0.00"/>
        <vehicle id="36" x="580.32" y="598.35" angle="90.00" type="DEFAULT_VEHTYPE" speed="13.67" pos="175.57" lane="2/3to3/3_0" slope="0.00"/>
        <vehicle id="37" x="680.72" y="198.35" angle="90.00" type="DEFAULT_VEHTYPE" speed="12.89" pos="75.97" lane="3/1to4/1_0" slope="0.00"/>
        <vehicle id="38" x="398.35" y="451.49" angle="0.00" type="DEFAULT_VEHTYPE" speed="13.28" pos="143.76" lane="2/3to2/2_0" slope="0.00"/>
        <vehicle id="39" x="401.65" y="192.55" angle="180.00" type="DEFAULT_VEHTYPE" speed="13.54" pos="192.55" lane="2/0to2/1_0" slope="0.00"/>
        <vehicle id="4" x="550.07" y="198.35" angle="90.00" type="DEFAULT_VEHTYPE" speed="13.51" pos="145.32" lane="2/1to3/1_0" slope="0.00"/>
        <vehicle id="40" x="457.92" y="201.65" angle="-90.00" type="DEFAULT_VEHTYPE" speed="13.74" pos="137.33" lane="3/1to2/1_0" slope="0.00"/>
        <vehicle id="41" x="398.35" y="224.94" angle="0.00" type="DEFAULT_VEHTYPE" speed="12.72" pos="170.31" lane="2/2to2/1_0" slope="0.00"/>
        <vehicle id="42" x="490.95" y="401.65" angle="-90.00" type="DEFAULT_VEHTYPE" speed="12.71" pos="104.30" lane="3/2to2/2_0" slope="0.00"/>
        <vehicle id="43" x="656.78" y="201.65" angle="-90.00" type="DEFAULT_VEHTYPE" speed="13.85" pos="143.22" lane="4/1to3/1_0" slope="0.00"/>
        <vehicle id="44" x="518.77" y="198.35" angle="90.00" type="DEFAULT_VEHTYPE" speed="12.83" pos="114.02" lane="2/1to3/1_0" slope="0.00"/>
        <vehicle id="45" x="684.83" y="601.65" angle="-90.00" type="DEFAULT_VEHTYPE" speed="13.75" pos="115.17" lane="4/3to3/3_0" slope="0.00"/>
        <vehicle id="46" x="732.78" y="601.65" angle="-90.00" type="DEFAULT_VEHTYPE" speed="13.01" pos="67.22" lane="4/3to3/3_0" slope="0.00"/>
        <vehicle id="47" x="359.36" y="198.35" angle="90.00" type="DEFAULT_VEHTYPE" speed="12.70" pos="154.61" lane="1/1to2/1_0" slope="0.00"/>
        <vehicle id="49" x="183.51" y="198.35" angle="90.00" type="DEFAULT_VEHTYPE" speed="4.11" pos="183.51" lane="0/1to1/1_0" slope="0.00"/>
        <vehicle id="5" x="84.35" y="401.65" angle="-90.00" type="DEFAULT_VEHTYPE" speed="13.31" pos="110.90" lane="1/2to0/2_0" slope="0.00"/>
        <vehicle id="6" x="201.65" y="273.10" angle="180.00" type="DEFAULT_VEHTYPE" speed="12.99" pos="68.35" lane="1/1to1/2_0" slope="0.00"/>
        <vehicle id="7" x="257.73" y="601.65" angle="-90.00" type="DEFAULT_VEHTYPE" speed="13.88" pos="137.52" lane="2/3to1/3_0" slope="0.00"/>
    </timestep>
    <timestep time="72.00">
        <vehicle id="0" x="250.14" y="398.35" angle="90.00" type="DEFAULT_VEHTYPE" speed="13.79" pos="45.39" lane="1/2to2/2_0" slope="0.00"/>
        <vehicle id="1" x="347.85" y="401.65" angle="-90.00" type="DEFAULT_VEHTYPE" speed="12.76" pos="47.40" lane="2/2to1/2_0" slope="0.00"/>
        <vehicle id="11" x="346.03" y="598.35" angle="90.00" type="DEFAULT_VEHTYPE" speed="13.76" pos="141.28" lane="1/3to2/3_0" slope="0.00"/>
        <vehicle id="12" x="198.35" y="426.45" angle="0.00" type="DEFAULT_VEHTYPE" speed="13.38" pos="168.80" lane="1/3to1/2_0" slope="0.00"/>
        <vehicle id="13" x="481.53" y="198.35" angle="90.00" type="DEFAULT_VEHTYPE" speed="13.11" pos="76.78" lane="2/1to3/1_0" slope="0.00"/>
        <vehicle id="15" x="505.19" y="598.35" angle="90.00" type="DEFAULT_VEHTYPE" speed="13.80" pos="100.44" lane="2/3to3/3_0" slope="0.00"/>
        <vehicle id="17" x="252.25" y="598.35" angle="90.00" type="DEFAULT_VEHTYPE" speed="12.99" pos="47.50" lane="1/3to2/3_0" slope="0.00"/>
        <vehicle id="2" x="394.85" y="198.35" angle="90.00" type="DEFAULT_VEHTYPE" speed="5.39" pos="190.10" lane="1/1to2/1_0" slope="0.00"/>
        <vehicle id="20" x="198.35" y="347.89" angle="0.00" type="DEFAULT_VEHTYPE" speed="13.81" pos="47.36" lane="1/2to1/1_0" slope="0.00"/>
        <vehicle id="21" x="201.65" y="234.16" angle="180.00" type="DEFAULT_VEHTYPE" speed="11.82" pos="29.41" lane="1/1to1/2_0" slope="0.00"/>
        <vehicle id="23" x="398.35" y="387.88" angle="0.00" type="DEFAULT_VEHTYPE" speed="13.87" pos="7.37" lane="2/2to2/1_0" slope="0.00"/>
        <vehicle id="24" x="401.65" y="338.17" angle="180.00" type="DEFAULT_VEHTYPE" speed="12.80" pos="133.42" lane="2/1to2/2_0" slope="0.00"/>
        <vehicle id="25" x="248.19" y="401.65" angle="-90.00" type="DEFAULT_VEHTYPE" speed="12.65" pos="147.06" lane="2/2to1/2_0" slope="0.00"/>
        <vehicle id="26" x="308.13" y="601.65" angle="-90.00" type="DEFAULT_VEHTYPE" speed="13.84" pos="87.12" lane="2/3to1/3_0" slope="0.00"/>
        <vehicle id="27" x="201.65" y="333.39" angle="180.00" type="DEFAULT_VEHTYPE" speed="12.68" pos="128.64" lane="1/1to1/2_0" slope="0.00"/>
        <vehicle id="28" x="442.74" y="601.65" angle="-90.00" type="DEFAULT_VEHTYPE" speed="13.60" pos="152.51" lane="3/3to2/3_0" slope="0.00"/>
        <vehicle id="29" x="601.65" y="333.77" angle="180.00" type="DEFAULT_VEHTYPE" speed="13.80" pos="129.02" lane="3/1to3/2_0" slope="0.00"/>
        <vehicle id="3" x="401.65" y="626.41" angle="180.00" type="DEFAULT_VEHTYPE" speed="12.52" pos="21.66" lane="2/3to2/4_0" slope="0.00"/>
        <vehicle id="30" x="201.65" y="656.82" angle="180.00" type="DEFAULT_VEHTYPE" speed="13.29" pos="52.07" lane="1/3to1/4_0" slope="0.00"/>
        <vehicle id="31" x="201.65" y="367.45" angle="180.00" type="DEFAULT_VEHTYPE" speed="13.86" pos="162.70" lane="1/1to1/2_0" slope="0.00"/>
        <vehicle id="32" x="398.35" y="347.80" angle="0.00" type="DEFAULT_VEHTYPE" speed="13.83" pos="47.45" lane="2/2to2/1_0" slope="0.00"/>
        <vehicle id="34" x="401.65" y="207.12" angle="-169.48" type="DEFAULT_VEHTYPE" speed="7.01" pos="2.37" lane="2/1to2/2_0" slope="0.00"/>
        <vehicle id="35" x="573.70" y="201.65" angle="-90.00" type="DEFAULT_VEHTYPE" speed="12.64" pos="21.55" lane="3/1to2/1_0" slope="0.00"/>
        <vehicle id="36" x="593.29" y="598.35" angle="90.00" type="DEFAULT_VEHTYPE" speed="12.97" pos="188.54" lane="2/3to3/3_0" slope="0.00"/>
        <vehicle id="37" x="693.53" y="198.35" angle="90.00" type="DEFAULT_VEHTYPE" speed="12.81" pos="88.78" lane="3/1to4/1_0" slope="0.00"/>
        <vehicle id="38" x="398.35" y="438.74" angle="0.00" type="DEFAULT_VEHTYPE" speed="12.75" pos="156.51" lane="2/3to2/2_0" slope="0.00"/>
        <vehicle id="4" x="563.10" y="198.35" angle="90.00" type="DEFAULT_VEHTYPE" speed="13.03" pos="158.35" lane="2/1to3/1_0" slope="0.00"/>
        <vehicle id="40" x="444.91" y="201.65" angle="-90.00" type="DEFAULT_VEHTYPE" speed="13.01" pos="150.34" lane="3/1to2/1_0" slope="0.00"/>
        <vehicle id="41" x="398.35" y="212.20" angle="0.00" type="DEFAULT_VEHTYPE" speed="12.74" pos="183.05" lane="2/2to2/1_0" slope="0.00"/>
        <vehicle id="42" x="477.22" y="401.65" angle="-90.00" type="DEFAULT_VEHTYPE" speed="13.73" pos="118.03" lane="3/2to2/2_0" slope="0.00"/>
        <vehicle id="43" x="643.57" y="201.65" angle="-90.00" type="DEFAULT_VEHTYPE" speed="13.21" pos="156.43" lane="4/1to3/1_0" slope="0.00"/>
        <vehicle id="44" x="532.47" y="198.35" angle="90.00" type="DEFAULT_VEHTYPE" speed="13.70" pos="127.72" lane="2/1to3/1_0" slope="0.00"/>
        <vehicle id="45" x="672.14" y="601.65" angle="-90.00" type="DEFAULT_VEHTYPE" speed="12.68" pos="127.86" lane="4/3to3/3_0" slope="0.00"/>
        <vehicle id="46" x="720.01" y="601.65" angle="-90.00" type="DEFAULT_VEHTYPE" speed="12.77" pos="79.99" lane="4/3to3/3_0" slope="0.00"/>
        <vehicle id="47" x="368.87" y="198.35" angle="90.00" type="DEFAULT_VEHTYPE" speed="9.51" pos="164.12" lane="1/1to2/1_0" slope="0.00"/>
        <vehicle id="49" x="188.77" y="198.35" angle="90.00" type="DEFAULT_VEHTYPE" speed="5.26" pos="188.77" lane="0/1to1/1_0" slope="0.00"/>
        <vehicle id="5" x="71.41" y="401.65" angle="-90.00" type="DEFAULT_VEHTYPE" speed="12.93" pos="123.84" lane="1/2to0/2_0" slope="0.00"/>
        <vehicle id="6" x="201.65" y="285.96" angle="180.00" type="DEFAULT_VEHTYPE" speed="12.87" pos="81.21" lane="1/1to1/2_0" slope="0.00"/>
        <vehicle id="7" x="244.22" y="601.65" angle="-90.00" type="DEFAULT_VEHTYPE" speed="13.51" pos="151.03" lane="2/3to1/3_0" slope="0.00"/>
    </timestep>
    <timestep time="73.00">
        <vehicle id="0" x="263.65" y="398.35" angle="90.00" type="DEFAULT_VEHTYPE" speed="13.51" pos="58.90" lane="1/2to2/2_0" slope="0.00"/>
        <vehicle id="1" x="334.93" y="401.65" angle="-90.00" type="DEFAULT_VEHTYPE" speed="12.92" pos="60.32" lane="2/2to1/2_0" slope="0.00"/>
        <vehicle id="11" x="359.38" y="598.35" angle="90.00" type="DEFAULT_VEHTYPE" speed="13.35" pos="154.63" lane="1/3to2/3_0" slope="0.00"/>
        <vehicle id="12" x="198.35" y="412.79" angle="0.00" type="DEFAULT_VEHTYPE" speed="13.66" pos="182.46" lane="1/3to1/2_0" slope="0.00"/>
        <vehicle id="13" x="494.93" y="198.35" angle="90.00" type="DEFAULT_VEHTYPE" speed="13.40" pos="90.18" lane="2/1to3/1_0" slope="0.00"/>
        <vehicle id="15" x="518.04" y="598.35" angle="90.00" type="DEFAULT_VEHTYPE" speed="12.85" pos="113.29" lane="2/3to3/3_0" slope="0.00"/>
        <vehicle id="17" x="265.42" y="598.35" angle="90.00" type="DEFAULT_VEHTYPE" speed="13.16" pos="60.67" lane="1/3to2/3_0" slope="0.00"/>
        <vehicle id="2" x="402.37" y="198.35" angle="90.00" type="DEFAULT_VEHTYPE" speed="7.52" pos="7.12" lane=":2/1_13_0" slope="0.00"/>
        <vehicle id="20" x="198.35" y="334.15" angle="0.00" type="DEFAULT_VEHTYPE" speed="13.74" pos="61.10" lane="1/2to1/1_0" slope="0.00"/>
        <vehicle id="21" x="201.65" y="247.16" angle="180.00" type="DEFAULT_VEHTYPE" speed="13.00" pos="42.41" lane="1/1to1/2_0" slope="0.00"/>
        <vehicle id="23" x="398.35" y="374.80" angle="0.00" type="DEFAULT_VEHTYPE" speed="13.08" pos="20.45" lane="2/2to2/1_0" slope="0.00"/>
        <vehicle id="24" x="401.65" y="351.60" angle="180.00" type="DEFAULT_VEHTYPE" speed="13.42" pos="146.85" lane="2/1to2/2_0" slope="0.00"/>
        <vehicle id="25" x="235.12" y="401.65" angle="-90.00" type="DEFAULT_VEHTYPE" speed="13.07" pos="160.13" lane="2/2to1/2_0" slope="0.00"/>
        <vehicle id="26" x="294.84" y="601.65" angle="-90.00" type="DEFAULT_VEHTYPE" speed="13.29" pos="100.41" lane="2/3to1/3_0" slope="0.00"/>
        <vehicle id="27" x="201.65" y="346.71" angle="180.00" type="DEFAULT_VEHTYPE" speed="13.31" pos="141.96" lane="1/1to1/2_0" slope="0.00"/>
        <vehicle id="28" x="428.93" y="601.65" angle="-90.00" type="DEFAULT_VEHTYPE" speed="13.81" pos="166.32" lane="3/3to2/3_0" slope="0.00"/>
        <vehicle id="29" x="601.65" y="346.40" angle="180.00" type="DEFAULT_VEHTYPE" speed="12.63" pos="141.65" lane="3/1to3/2_0" slope="0.00"/>
        <vehicle id="3" x="401.65" y="639.61" angle="180.00" type="DEFAULT_VEHTYPE" speed="13.20" pos="34.86" lane="2/3to2/4_0" slope="0.00"/>
        <vehicle id="30" x="201.65" y="670.56" angle="180.00" type="DEFAULT_VEHTYPE" speed="13.74" pos="65.81" lane="1/3to1/4_0" slope="0.00"/>
        <vehicle id="31" x="201.65" y="380.27" angle="180.00" type="DEFAULT_VEHTYPE" speed="12.81" pos="175.52" lane="1/1to1/2_0" slope="0.00"/>
        <vehicle id="32" x="398.35" y="334.37" angle="0.00" type="DEFAULT_VEHTYPE" speed="13.43" pos="60.88" lane="2/2to2/1_0" slope="0.00"/>
        <vehicle id="34" x="401.65" y="216.56" angle="180.00" type="DEFAULT_VEHTYPE" speed="9.43" pos="11.81" lane="2/1to2/2_0" slope="0.00"/>
        <vehicle id="35" x="560.93" y="201.65" angle="-90.00" type="DEFAULT_VEHTYPE" speed="12.77" pos="34.32" lane="3/1to2/1_0" slope="0.00"/>
        <vehicle id="37" x="706.87" y="198.35" angle="90.00" type="DEFAULT_VEHTYPE" speed="13.34" pos="102.12" lane="3/1to4/1_0" slope="0.00"/>
        <vehicle id="38" x="398.35" y="425.32" angle="0.00" type="DEFAULT_VEHTYPE" speed="13.42" pos="169.93" lane="2/3to2/2_0" slope="0.00"/>
        <vehicle id="4" x="574.73" y="198.35" angle="90.00" type="DEFAULT_VEHTYPE" speed="11.64" pos="169.98" lane="2/1to3/1_0" slope="0.00"/>
        <vehicle id="40" x="431.38" y="201.65" angle="-90.00" type="DEFAULT_VEHTYPE" speed="13.54" pos="163.87" lane="3/1to2/1_0" slope="0.00"/>
        <vehicle id="41" x="395.08" y="201.65" angle="-47.94" type="DEFAULT_VEHTYPE" speed="12.62" pos="0.17" lane="2/1to1/1_0" slope="0.00"/>
        <vehicle id="42" x="464.14" y="401.65" angle="-90.00" type="DEFAULT_VEHTYPE" speed="13.08" pos="131.11" lane="3/2to2/2_0" slope="0.00"/>
        <vehicle id="43" x="630.70" y="201.65" angle="-90.00" type="DEFAULT_VEHTYPE" speed="12.87" pos="169.30" lane="4/1to3/1_0" slope="0.00"/>
        <vehicle id="44" x="545.71" y="198.35" angle="90.00" type="DEFAULT_VEHTYPE" speed="13.25" pos="140.96" lane="2/1to3/1_0" slope="0.00"/>
        <vehicle id="45" x="658.95" y="601.65" angle="-90.00" type="DEFAULT_VEHTYPE" speed="13.20" pos="141.05" lane="4/3to3/3_0" slope="0.00"/>
        <vehicle id="46" x="707.35" y="601.65" angle="-90.00" type="DEFAULT_VEHTYPE" speed="12.65" pos="92.65" lane="4/3to3/3_0" slope="0.00"/>
        <vehicle id="47" x="378.46" y="198.35" angle="90.00" type="DEFAULT_VEHTYPE" speed="9.59" pos="173.71" lane="1/1to2/1_0" slope="0.00"/>
        <vehicle id="49" x="196.08" y="198.47" angle="91.35" type="DEFAULT_VEHTYPE" speed="7.32" pos="0.83" lane=":1/1_14_0" slope="0.00"/>
        <vehicle id="5" x="58.12" y="401.65" angle="-90.00" type="DEFAULT_VEHTYPE" speed="13.30" pos="137.13" lane="1/2to0/2_0" slope="0.00"/>
        <vehicle id="6" x="201.65" y="299.32" angle="180.00" type="DEFAULT_VEHTYPE" speed="13.36" pos="94.57" lane="1/1to1/2_0" slope="0.00"/>
        <vehicle id="7" x="230.56" y="601.65" angle="-90.00" type="DEFAULT_VEHTYPE" speed="13.65" pos="164.69" lane="2/3to1/3_0" slope="0.00"/>
    </timestep>
    <timestep time="74.00">
        <vehicle id="0" x="277.40" y="398.35" angle="90.00" type="DEFAULT_VEHTYPE" speed="13.75" pos="72.65" lane="1/2to2/2_0" slope="0.00"/>
        <vehicle id="1" x="321.24" y="401.65" angle="-90.00" type="DEFAULT_VEHTYPE" speed="13.69" pos="74.01" lane="2/2to1/2_0" slope="0.00"/>
        <vehicle id="11" x="372.34" y="598.35" angle="90.00" type="DEFAULT_VEHTYPE" speed="12.96" pos="167.59" lane="1/3to2/3_0" slope="0.00"/>
        <vehicle id="12" x="198.35" y="399.83" angle="0.00" type="DEFAULT_VEHTYPE" speed="12.96" pos="4.92" lane=":1/2_1_0" slope="0.00"/>
        <vehicle id="13" x="508.53" y="198.35" angle="90.00" type="DEFAULT_VEHTYPE" speed="13.60" pos="103.78" lane="2/1to3/1_0" slope="0.00"/>
        <vehicle id="15" x="530.96" y="598.35" angle="90.00" type="DEFAULT_VEHTYPE" speed="12.93" pos="126.21" lane="2/3to3/3_0" slope="0.00"/>
        <vehicle id="17" x="278.69" y="598.35" angle="90.00" type="DEFAULT_VEHTYPE" speed="13.28" pos="73.94" lane="1/3to2/3_0" slope="0.00"/>
        <vehicle id="2" x="411.64" y="198.35" angle="90.00" type="DEFAULT_VEHTYPE" speed="9.28" pos="6.89" lane="2/1to3/1_0" slope="0.00"/>
        <vehicle id="20" x="198.35" y="320.58" angle="0.00" type="DEFAULT_VEHTYPE" speed="13.57" pos="74.67" lane="1/2to1/1_0" slope="0.00"/>
        <vehicle id="21" x="201.65" y="259.98" angle="180.00" type="DEFAULT_VEHTYPE" speed="12.82" pos="55.23" lane="1/1to1/2_0" slope="0.00"/>
        <vehicle id="23" x="398.35" y="361.39" angle="0.00" type="DEFAULT_VEHTYPE" speed="13.40" pos="33.86" lane="2/2to2/1_0" slope="0.00"/>
        <vehicle id="24" x="401.65" y="364.75" angle="180.00" type="DEFAULT_VEHTYPE" speed="13.16" pos="160.00" lane="2/1to2/2_0" slope="0.00"/>
        <vehicle id="25" x="224.38" y="401.65" angle="-90.00" type="DEFAULT_VEHTYPE" speed="10.75" pos="170.87" lane="2/2to1/2_0" slope="0.00"/>
        <vehicle id="26" x="280.97" y="601.65" angle="-90.00" type="DEFAULT_VEHTYPE" speed="13.87" pos="114.28" lane="2/3to1/3_0" slope="0.00"/>
        <vehicle id="27" x="201.65" y="359.61" angle="180.00" type="DEFAULT_VEHTYPE" speed="12.90" pos="154.86" lane="1/1to1/2_0" slope="0.00"/>
        <vehicle id="28" x="418.86" y="601.65" angle="-90.00" type="DEFAULT_VEHTYPE" speed="10.07" pos="176.39" lane="3/3to2/3_0" slope="0.00"/>
        <vehicle id="29" x="601.65" y="359.85" angle="180.00" type="DEFAULT_VEHTYPE" speed="13.46" pos="155.10" lane="3/1to3/2_0" slope="0.00"/>
        <vehicle id="3" x="401.65" y="653.27" angle="180.00" type="DEFAULT_VEHTYPE" speed="13.66" pos="48.52" lane="2/3to2/4_0" slope="0.00"/>
        <vehicle id="30" x="201.65" y="683.73" angle="180.00" type="DEFAULT_VEHTYPE" speed="13.17" pos="78.98" lane="1/3to1/4_0" slope="0.00"/>
        <vehicle id="31" x="201.65" y="393.80" angle="180.00" type="DEFAULT_VEHTYPE" speed="13.53" pos="189.05" lane="1/1to1/2_0" slope="0.00"/>
        <vehicle id="32" x="398.35" y="321.16" angle="0.00" type="DEFAULT_VEHTYPE" speed="13.21" pos="74.09" lane="2/2to2/1_0" slope="0.00"/>
        <vehicle id="34" x="401.65" y="227.45" angle="180.00" type="DEFAULT_VEHTYPE" speed="10.89" pos="22.70" lane="2/1to2/2_0" slope="0.00"/>
        <vehicle id="35" x="548.11" y="201.65" angle="-90.00" type="DEFAULT_VEHTYPE" speed="12.82" pos="47.14" lane="3/1to2/1_0" slope="0.00"/>
        <vehicle id="37" x="719.81" y="198.35" angle="90.00" type="DEFAULT_VEHTYPE" speed="12.94" pos="115.06" lane="3/1to4/1_0" slope="0.00"/>
        <vehicle id="38" x="398.35" y="412.18" angle="0.00" type="DEFAULT_VEHTYPE" speed="13.13" pos="183.07" lane="2/3to2/2_0" slope="0.00"/>
        <vehicle id="4" x="583.24" y="198.35" angle="90.00" type="DEFAULT_VEHTYPE" speed="8.51" pos="178.49" lane="2/1to3/1_0" slope="0.00"/>
        <vehicle id="40" x="420.75" y="201.65" angle="-90.00" type="DEFAULT_VEHTYPE" speed="10.63" pos="174.50" lane="3/1to2/1_0" slope="0.00"/>
        <vehicle id="41" x="381.28" y="201.65" angle="-90.00" type="DEFAULT_VEHTYPE" speed="13.80" pos="13.97" lane="2/1to1/1_0" slope="0.00"/>
        <vehicle id="42" x="451.23" y="401.65" angle="-90.00" type="DEFAULT_VEHTYPE" speed="12.91" pos="144.02" lane="3/2to2/2_0" slope="0.00"/>
        <vehicle id="43" x="621.17" y="201.65" angle="-90.00" type="DEFAULT_VEHTYPE" speed="9.54" pos="178.83" lane="4/1to3/1_0" slope="0.00"/>
        <vehicle id="44" x="558.67" y="198.35" angle="90.00" type="DEFAULT_VEHTYPE" speed="12.95" pos="153.92" lane="2/1to3/1_0" slope="0.00"/>
        <vehicle id="45" x="646.08" y="601.65" angle="-90.00" type="DEFAULT_VEHTYPE" speed="12.86" pos="153.92" lane="4/3to3/3_0" slope="0.00"/>
        <vehicle id="46" x="694.63" y="601.65" angle="-90.00" type="DEFAULT_VEHTYPE" speed="12.73" pos="105.37" lane="4/3to3/3_0" slope="0.00"/>
        <vehicle id="47" x="384.96" y="198.35" angle="90.00" type="DEFAULT_VEHTYPE" speed="6.51" pos="180.21" lane="1/1to2/1_0" slope="0.00"/>
        <vehicle id="49" x="201.65" y="204.87" angle="162.74" type="DEFAULT_VEHTYPE" speed="9.61" pos="0.12" lane="1/1to1/2_0" slope="0.00"/>
        <vehicle id="5" x="44.41" y="401.65" angle="-90.00" type="DEFAULT_VEHTYPE" speed="13.70" pos="150.84" lane="1/2to0/2_0" slope="0.00"/>
        <vehicle id="6" x="201.65" y="313.16" angle="180.00" type="DEFAULT_VEHTYPE" speed="13.84" pos="108.41" lane="1/1to1/2_0" slope="0.00"/>
        <vehicle id="7" x="217.34" y="601.65" angle="-90.00" type="DEFAULT_VEHTYPE" speed="13.23" pos="177.91" lane="2/3to1/3_0" slope="0.00"/>
    </timestep>
    <timestep time="75.00">
        <vehicle id="0" x="290.12" y="398.35" angle="90.00" type="DEFAULT_VEHTYPE" speed="12.72" pos="85.37" lane="1/2to2/2_0" slope="0.00"/>
        <vehicle id="1" x="307.39" y="401.65" angle="-90.00" type="DEFAULT_VEHTYPE" speed="13.84" pos="87.86" lane="2/2to1/2_0" slope="0.00"/>
        <vehicle id="11" x="381.98" y="598.35" angle="90.00" type="DEFAULT_VEHTYPE" speed="9.64" pos="177.23" lane="1/3to2/3_0" slope="0.00"/>
        <vehicle id="12" x="198.35" y="386.70" angle="0.00" type="DEFAULT_VEHTYPE" speed="13.13" pos="8.55" lane="1/2to1/1_0" slope="0.00"/>
        <vehicle id="13" x="522.22" y="198.35" angle="90.00" type="DEFAULT_VEHTYPE" speed="13.70" pos="117.47" lane="2/1to3/1_0" slope="0.00"/>
        <vehicle id="15" x="544.41" y="598.35" angle="90.00" type="DEFAULT_VEHTYPE" speed="13.45" pos="139.66" lane="2/3to3/3_0" slope="0.00"/>
        <vehicle id="17" x="291.73" y="598.35" angle="90.00" type="DEFAULT_VEHTYPE" speed="13.03" pos="86.98" lane="1/3to2/3_0" slope="0.00"/>
        <vehicle id="2" x="422.53" y="198.35" angle="90.00" type="DEFAULT_VEHTYPE" speed="10.88" pos="17.78" lane="2/1to3/1_0" slope="0.00"/>
        <vehicle id="20" x="198.35" y="307.28" angle="0.00" type="DEFAULT_VEHTYPE" speed="13.30" pos="87.97" lane="1/2to1/1_0" slope="0.00"/>
        <vehicle id="21" x="201.65" y="272.85" angle="180.00" type="DEFAULT_VEHTYPE" speed="12.87" pos="68.10" lane="1/1to1/2_0" slope="0.00"/>
        <vehicle id="23" x="398.35" y="347.99" angle="0.00" type="DEFAULT_VEHTYPE" speed="13.40" pos="47.26" lane="2/2to2/1_0" slope="0.00"/>
        <vehicle id="24" x="401.65" y="378.07" angle="180.00" type="DEFAULT_VEHTYPE" speed="13.32" pos="173.32" lane="2/1to2/2_0" slope="0.00"/>
        <vehicle id="25" x="216.83" y="401.65" angle="-90.00" type="DEFAULT_VEHTYPE" speed="7.55" pos="178.42" lane="2/2to1/2_0" slope="0.00"/>
        <vehicle id="26" x="267.26" y="601.65" angle="-90.00" type="DEFAULT_VEHTYPE" speed="13.71" pos="127.99" lane="2/3to1/3_0" slope="0.00"/>
        <vehicle id="27" x="201.65" y="372.93" angle="180.00" type="DEFAULT_VEHTYPE" speed="13.33" pos="168.18" lane="1/1to1/2_0" slope="0.00"/>
        <vehicle id="28" x="413.29" y="601.65" angle="-90.00" type="DEFAULT_VEHTYPE" speed="5.57" pos="181.96" lane="3/3to2/3_0" slope="0.00"/>
        <vehicle id="29" x="601.65" y="371.89" angle="180.00" type="DEFAULT_VEHTYPE" speed="12.04" pos="167.14" lane="3/1to3/2_0" slope="0.00"/>
        <vehicle id="3" x="401.65" y="666.90" angle="180.00" type="DEFAULT_VEHTYPE" speed="13.63" pos="62.15" lane="2/3to2/4_0" slope="0.00"/>
        <vehicle id="30" x="201.65" y="697.24" angle="180.00" type="DEFAULT_VEHTYPE" speed="13.51" pos="92.49" lane="1/3to1/4_0" slope="0.00"/>
        <vehicle id="31" x="211.14" y="398.35" angle="90.00" type="DEFAULT_VEHTYPE" speed="12.84" pos="6.39" lane="1/2to2/2_0" slope="0.00"/>
        <vehicle id="32" x="398.35" y="307.84" angle="0.00" type="DEFAULT_VEHTYPE" speed="13.31" pos="87.41" lane="2/2to2/1_0" slope="0.00"/>
        <vehicle id="34" x="401.65" y="240.17" angle="180.00" type="DEFAULT_VEHTYPE" speed="12.72" pos="35.42" lane="2/1to2/2_0" slope="0.00"/>
        <vehicle id="35" x="535.25" y="201.65" angle="-90.00" type="DEFAULT_VEHTYPE" speed="12.86" pos="60.00" lane="3/1to2/1_0" slope="0.00"/>
        <vehicle id="37" x="733.29" y="198.35" angle="90.00" type="DEFAULT_VEHTYPE" speed="13.48" pos="128.54" lane="3/1to4/1_0" slope="0.00"/>
        <vehicle id="38" x="398.35" y="399.46" angle="0.00" type="DEFAULT_VEHTYPE" speed="12.72" pos="5.29" lane=":2/2_1_0" slope="0.00"/>
        <vehicle id="4" x="588.98" y="198.35" angle="90.00" type="DEFAULT_VEHTYPE" speed="5.74" pos="184.23" lane="2/1to3/1_0" slope="0.00"/>
        <vehicle id="40" x="414.58" y="201.65" angle="-90.00" type="DEFAULT_VEHTYPE" speed="6.17" pos="180.67" lane="3/1to2/1_0" slope="0.00"/>
        <vehicle id="41" x="367.68" y="201.65" angle="-90.00" type="DEFAULT_VEHTYPE" speed="13.59" pos="27.57" lane="2/1to1/1_0" slope="0.00"/>
        <vehicle id="42" x="438.04" y="401.65" angle="-90.00" type="DEFAULT_VEHTYPE" speed="13.19" pos="157.21" lane="3/2to2/2_0" slope="0.00"/>
        <vehicle id="43" x="614.07" y="201.65" angle="-90.00" type="DEFAULT_VEHTYPE" speed="7.10" pos="185.93" lane="4/1to3/1_0" slope="0.00"/>
        <vehicle id="44" x="569.00" y="198.35" angle="90.00" type="DEFAULT_VEHTYPE" speed="10.33" pos="164.25" lane="2/1to3/1_0" slope="0.00"/>
        <vehicle id="45" x="632.52" y="601.65" angle="-90.00" type="DEFAULT_VEHTYPE" speed="13.56" pos="167.48" lane="4/3to3/3_0" slope="0.00"/>
        <vehicle id="46" x="681.09" y="601.65" angle="-90.00" type="DEFAULT_VEHTYPE" speed="13.54" pos="118.91" lane="4/3to3/3_0" slope="0.00"/>
        <vehicle id="47" x="389.03" y="198.35" angle="90.00" type="DEFAULT_VEHTYPE" speed="4.07" pos="184.28" lane="1/1to2/1_0" slope="0.00"/>
        <vehicle id="49" x="201.65" y="217.06" angle="180.00" type="DEFAULT_VEHTYPE" speed="12.18" pos="12.31" lane="1/1to1/2_0" slope="0.00"/>
        <vehicle id="5" x="30.81" y="401.65" angle="-90.00" type="DEFAULT_VEHTYPE" speed="13.60" pos="164.44" lane="1/2to0/2_0" slope="0.00"/>
        <vehicle id="6" x="201.65" y="325.91" angle="180.00" type="DEFAULT_VEHTYPE" speed="12.75" pos="121.16" lane="1/1to1/2_0" slope="0.00"/>
    </timestep>
    <timestep time="76.00">
        <vehicle id="0" x="303.96" y="398.35" angle="90.00" type="DEFAULT_VEHTYPE" speed="13.84" pos="99.21" lane="1/2to2/2_0" slope="0.00"/>
        <vehicle id="1" x="293.92" y="401.65" angle="-90.00" type="DEFAULT_VEHTYPE" speed="13.47" pos="101.33" lane="2/2to1/2_0" slope="0.00"/>
        <vehicle id="11" x="387.12" y="598.35" angle="90.00" type="DEFAULT_VEHTYPE" speed="5.14" pos="182.37" lane="1/3to2/3_0" slope="0.00"/>
        <vehicle id="12" x="198.35" y="373.67" angle="0.00" type="DEFAULT_VEHTYPE" speed="13.03" pos="21.58" lane="1/2to1/1_0" slope="0.00"/>
        <vehicle id="13" x="535.73" y="198.35" angle="90.00" type="DEFAULT_VEHTYPE" speed="13.50" pos="130.98" lane="2/1to3/1_0" slope="0.00"/>
        <vehicle id="15" x="557.70" y="598.35" angle="90.00" type="DEFAULT_VEHTYPE" speed="13.28" pos="152.95" lane="2/3to3/3_0" slope="0.00"/>
        <vehicle id="17" x="304.37" y="598.35" angle="90.00" type="DEFAULT_VEHTYPE" speed="12.65" pos="99.62" lane="1/3to2/3_0" slope="0.00"/>
        <vehicle id="2" x="435.48" y="198.35" angle="90.00" type="DEFAULT_VEHTYPE" speed="12.95" pos="30.73" lane="2/1to3/1_0" slope="0.00"/>
        <vehicle id="20" x="198.35" y="293.57" angle="0.00" type="DEFAULT_VEHTYPE" speed="13.70" pos="101.68" lane="1/2to1/1_0" slope="0.00"/>
        <vehicle id="21" x="201.65" y="286.65" angle="180.00" type="DEFAULT_VEHTYPE" speed="13.80" pos="81.90" lane="1/1to1/2_0" slope="0.00"/>
        <vehicle id="23" x="398.35" y="334.31" angle="0.00" type="DEFAULT_VEHTYPE" speed="13.69" pos="60.94" lane="2/2to2/1_0" slope="0.00"/>
        <vehicle id="24" x="401.65" y="391.77" angle="180.00" type="DEFAULT_VEHTYPE" speed="13.70" pos="187.02" lane="2/1to2/2_0" slope="0.00"/>
        <vehicle id="25" x="211.54" y="401.65" angle="-90.00" type="DEFAULT_VEHTYPE" speed="5.28" pos="183.71" lane="2/2to1/2_0" slope="0.00"/>
        <vehicle id="26" x="254.55" y="601.65" angle="-90.00" type="DEFAULT_VEHTYPE" speed="12.72" pos="140.70" lane="2/3to1/3_0" slope="0.00"/>
        <vehicle id="27" x="201.65" y="386.66" angle="180.00" type="DEFAULT_VEHTYPE" speed="13.73" pos="181.91" lane="1/1to1/2_0" slope="0.00"/>
        <vehicle id="28" x="409.27" y="601.65" angle="-90.00" type="DEFAULT_VEHTYPE" speed="4.02" pos="185.98" lane="3/3to2/3_0" slope="0.00"/>
        <vehicle id="29" x="601.65" y="381.56" angle="180.00" type="DEFAULT_VEHTYPE" speed="9.67" pos="176.81" lane="3/1to3/2_0" slope="0.00"/>
        <vehicle id="3" x="401.65" y="679.52" angle="180.00" type="DEFAULT_VEHTYPE" speed="12.62" pos="74.77" lane="2/3to2/4_0" slope="0.00"/>
        <vehicle id="30" x="201.65" y="710.23" angle="180.00" type="DEFAULT_VEHTYPE" speed="12.98" pos="105.48" lane="1/3to1/4_0" slope="0.00"/>
        <vehicle id="31" x="224.62" y="398.35" angle="90.00" type="DEFAULT_VEHTYPE" speed="13.48" pos="19.87" lane="1/2to2/2_0" slope="0.00"/>
        <vehicle id="32" x="398.35" y="294.76" angle="0.00" type="DEFAULT_VEHTYPE" speed="13.08" pos="100.49" lane="2/2to2/1_0" slope="0.00"/>
        <vehicle id="34" x="401.65" y="252.86" angle="180.00" type="DEFAULT_VEHTYPE" speed="12.69" pos="48.11" lane="2/1to2/2_0" slope="0.00"/>
        <vehicle id="35" x="522.45" y="201.65" angle="-90.00" type="DEFAULT_VEHTYPE" speed="12.80" pos="72.80" lane="3/1to2/1_0" slope="0.00"/>
        <vehicle id="37" x="746.34" y="198.35" angle="90.00" type="DEFAULT_VEHTYPE" speed="13.05" pos="141.59" lane="3/1to4/1_0" slope="0.00"/>
        <vehicle id="38" x="398.35" y="386.75" angle="0.00" type="DEFAULT_VEHTYPE" speed="12.71" pos="8.50" lane="2/2to2/1_0" slope="0.00"/>
        <vehicle id="4" x="596.77" y="198.35" angle="90.00" type="DEFAULT_VEHTYPE" speed="7.78" pos="1.52" lane=":3/1_13_0" slope="0.00"/>
        <vehicle id="40" x="410.94" y="201.65" angle="-90.00" type="DEFAULT_VEHTYPE" speed="3.63" pos="184.31" lane="3/1to2/1_0" slope="0.00"/>
        <vehicle id="41" x="354.22" y="201.65" angle="-90.00" type="DEFAULT_VEHTYPE" speed="13.47" pos="41.03" lane="2/1to1/1_0" slope="0.00"/>
        <vehicle id="42" x="425.97" y="401.65" angle="-90.00" type="DEFAULT_VEHTYPE" speed="12.07" pos="169.28" lane="3/2to2/2_0" slope="0.00"/>
        <vehicle id="43" x="609.92" y="201.65" angle="-90.00" type="DEFAULT_VEHTYPE" speed="4.15" pos="190.08" lane="4/1to3/1_0" slope="0.00"/>
        <vehicle id="44" x="577.31" y="198.35" angle="90.00" type="DEFAULT_VEHTYPE" speed="8.31" pos="172.56" lane="2/1to3/1_0" slope="0.00"/>
        <vehicle id="45" x="621.56" y="601.65" angle="-90.00" type="DEFAULT_VEHTYPE" speed="10.97" pos="178.44" lane="4/3to3/3_0" slope="0.00"/>
        <vehicle id="46" x="668.42" y="601.65" angle="-90.00" type="DEFAULT_VEHTYPE" speed="12.67" pos="131.58" lane="4/3to3/3_0" slope="0.00"/>
        <vehicle id="47" x="391.49" y="198.35" angle="90.00" type="DEFAULT_VEHTYPE" speed="2.46" pos="186.74" lane="1/1to2/1_0" slope="0.00"/>
        <vehicle id="49" x="201.65" y="230.35" angle="180.00" type="DEFAULT_VEHTYPE" speed="13.29" pos="25.60" lane="1/1to1/2_0" slope="0.00"/>
        <vehicle id="5" x="17.78" y="401.65" angle="-90.00" type="DEFAULT_VEHTYPE" speed="13.03" pos="177.47" lane="1/2to0/2_0" slope="0.00"/>
        <vehicle id="6" x="201.65" y="338.54" angle="180.00" type="DEFAULT_VEHTYPE" speed="12.63" pos="133.79" lane="1/1to1/2_0" slope="0.00"/>
    </timestep>
    <timestep time="77.00">
        <vehicle id="0" x="317.00" y="398.35" angle="90.00" type="DEFAULT_VEHTYPE" speed="13.03" pos="112.25" lane="1/2to2/2_0" slope="0.00"/>
        <vehicle id="1" x="281.15" y="401.65" angle="-90.00" type="DEFAULT_VEHTYPE" speed="12.77" pos="114.10" lane="2/2to1/2_0" slope="0.00"/>
        <vehicle id="11" x="390.66" y="598.35" angle="90.00" type="DEFAULT_VEHTYPE" speed="3.54" pos="185.91" lane="1/3to2/3_0" slope="0.00"/>
        <vehicle id="12" x="198.35" y="360.86" angle="0.00" type="DEFAULT_VEHTYPE" speed="12.81" pos="34.39" lane="1/2to1/1_0" slope="0.00"/>
        <vehicle id="13" x="549.19" y="198.35" angle="90.00" type="DEFAULT_VEHTYPE" speed="13.47" pos="144.44" lane="2/1to3/1_0" slope="0.00"/>
        <vehicle id="15" x="570.57" y="598.35" angle="90.00" type="DEFAULT_VEHTYPE" speed="12.87" pos="165.82" lane="2/3to3/3_0" slope="0.00"/>
        <vehicle id="17" x="317.54" y="598.35" angle="90.00" type="DEFAULT_VEHTYPE" speed="13.17" pos="112.79" lane="1/3to2/3_0" slope="0.00"/>
        <vehicle id="2" x="449.17" y="198.35" angle="90.00" type="DEFAULT_VEHTYPE" speed="13.69" pos="44.42" lane="2/1to3/1_0" slope="0.00"/>
        <vehicle id="20" x="198.35" y="280.48" angle="0.00" type="DEFAULT_VEHTYPE" speed="13.10" pos="114.77" lane="1/2to1/1_0" slope="0.00"/>
        <vehicle id="21" x="201.65" y="299.66" angle="180.00" type="DEFAULT_VEHTYPE" speed="13.01" pos="94.91" lane="1/1to1/2_0" slope="0.00"/>
        <vehicle id="23" x="398.35" y="320.70" angle="0.00" type="DEFAULT_VEHTYPE" speed="13.61" pos="74.55" lane="2/2to2/1_0" slope="0.00"/>
        <vehicle id="25" x="209.57" y="401.65" angle="-90.00" type="DEFAULT_VEHTYPE" speed="1.97" pos="185.68" lane="2/2to1/2_0" slope="0.00"/>
        <vehicle id="26" x="241.94" y="601.65" angle="-90.00" type="DEFAULT_VEHTYPE" speed="12.61" pos="153.31" lane="2/3to1/3_0" slope="0.00"/>
        <vehicle id="27" x="201.65" y="399.94" angle="180.00" type="DEFAULT_VEHTYPE" speed="13.28" pos="4.69" lane=":1/2_9_0" slope="0.00"/>
        <vehicle id="28" x="403.73" y="601.65" angle="-90.00" type="DEFAULT_VEHTYPE" speed="5.53" pos="1.02" lane=":2/3_5_0" slope="0.00"/>
        <vehicle id="29" x="601.65" y="387.75" angle="180.00" type="DEFAULT_VEHTYPE" speed="6.19" pos="183.00" lane="3/1to3/2_0" slope="0.00"/>
        <vehicle id="3" x="401.65" y="692.65" angle="180.00" type="DEFAULT_VEHTYPE" speed="13.12" pos="87.90" lane="2/3to2/4_0" slope="0.00"/>
        <vehicle id="30" x="201.65" y="723.03" angle="180.00" type="DEFAULT_VEHTYPE" speed="12.81" pos="118.28" lane="1/3to1/4_0" slope="0.00"/>
        <vehicle id="31" x="237.99" y="398.35" angle="90.00" type="DEFAULT_VEHTYPE" speed="13.38" pos="33.24" lane="1/2to2/2_0" slope="0.00"/>
        <vehicle id="32" x="398.35" y="281.32" angle="0.00" type="DEFAULT_VEHTYPE" speed="13.44" pos="113.93" lane="2/2to2/1_0" slope="0.00"/>
        <vehicle id="34" x="401.65" y="266.39" angle="180.00" type="DEFAULT_VEHTYPE" speed="13.53" pos="61.64" lane="2/1to2/2_0" slope="0.00"/>
        <vehicle id="35" x="508.58" y="201.65" angle="-90.00" type="DEFAULT_VEHTYPE" speed="13.87" pos="86.67" lane="3/1to2/1_0" slope="0.00"/>
        <vehicle id="37" x="759.03" y="198.35" angle="90.00" type="DEFAULT_VEHTYPE" speed="12.69" pos="154.28" lane="3/1to4/1_0" slope="0.00"/>
        <vehicle id="38" x="398.35" y="373.98" angle="0.00" type="DEFAULT_VEHTYPE" speed="12.77" pos="21.27" lane="2/2to2/1_0" slope="0.00"/>
        <vehicle id="4" x="606.38" y="198.35" angle="90.00" type="DEFAULT_VEHTYPE" speed="9.61" pos="1.63" lane="3/1to4/1_0" slope="0.00"/>
        <vehicle id="40" x="405.18" y="201.65" angle="-90.00" type="DEFAULT_VEHTYPE" speed="5.77" pos="190.07" lane="3/1to2/1_0" slope="0.00"/>
        <vehicle id="41" x="341.60" y="201.65" angle="-90.00" type="DEFAULT_VEHTYPE" speed="12.62" pos="53.65" lane="2/1to1/1_0" slope="0.00"/>
        <vehicle id="42" x="416.80" y="401.65" angle="-90.00" type="DEFAULT_VEHTYPE" speed="9.17" pos="178.45" lane="3/2to2/2_0" slope="0.00"/>
        <vehicle id="43" x="603.84" y="201.65" angle="-90.00" type="DEFAULT_VEHTYPE" speed="6.08" pos="0.91" lane=":3/1_5_0" slope="0.00"/>
        <vehicle id="44" x="585.26" y="198.35" angle="90.00" type="DEFAULT_VEHTYPE" speed="7.95" pos="180.51" lane="2/1to3/1_0" slope="0.00"/>
        <vehicle id="45" x="613.94" y="601.65" angle="-90.00" type="DEFAULT_VEHTYPE" speed="7.61" pos="186.06" lane="4/3to3/3_0" slope="0.00"/>
        <vehicle id="46" x="655.41" y="601.65" angle="-90.00" type="DEFAULT_VEHTYPE" speed="13.01" pos="144.59" lane="4/3to3/3_0" slope="0.00"/>
        <vehicle id="47" x="392.10" y="198.35" angle="90.00" type="DEFAULT_VEHTYPE" speed="0.62" pos="187.35" lane="1/1to2/1_0" slope="0.00"/>
        <vehicle id="49" x="201.65" y="243.77" angle="180.00" type="DEFAULT_VEHTYPE" speed="13.42" pos="39.02" lane="1/1to1/2_0" slope="0.00"/>
        <vehicle id="5" x="3.89" y="401.65" angle="-90.00" type="DEFAULT_VEHTYPE" speed="13.89" pos="191.36" lane="1/2to0/2_0" slope="0.00"/>
        <vehicle id="6" x="201.65" y="352.39" angle="180.00" type="DEFAULT_VEHTYPE" speed="13.86" pos="147.64" lane="1/1to1/2_0" slope="0.00"/>
    </timestep>
    <timestep time="78.00">
        <vehicle id="0" x="330.42" y="398.35" angle="90.00" type="DEFAULT_VEHTYPE" speed="13.42" pos="125.67" lane="1/2to2/2_0" slope="0.00"/>
        <vehicle id="1" x="268.06" y="401.65" angle="-90.00" type="DEFAULT_VEHTYPE" speed="13.09" pos="127.19" lane="2/2to1/2_0" slope="0.00"/>
        <vehicle id="11" x="391.77" y="598.35" angle="90.00" type="DEFAULT_VEHTYPE" speed="1.11" pos="187.02" lane="1/3to2/3_0" slope="0.00"/>
        <vehicle id="12" x="198.35" y="348.04" angle="0.00" type="DEFAULT_VEHTYPE" speed="12.82" pos="47.21" lane="1/2to1/1_0" slope="0.00"/>
        <vehicle id="13" x="562.46" y="198.35" angle="90.00" type="DEFAULT_VEHTYPE" speed="13.27" pos="157.71" lane="2/1to3/1_0" slope="0.00"/>
        <vehicle id="15" x="580.36" y="598.35" angle="90.00" type="DEFAULT_VEHTYPE" speed="9.79" pos="175.61" lane="2/3to3/3_0" slope="0.00"/>
        <vehicle id="17" x="330.16" y="598.35" angle="90.00" type="DEFAULT_VEHTYPE" speed="12.62" pos="125.41" lane="1/3to2/3_0" slope="0.00"/>
        <vehicle id="2" x="461.83" y="198.35" angle="90.00" type="DEFAULT_VEHTYPE" speed="12.66" pos="57.08" lane="2/1to3/1_0" slope="0.00"/>
        <vehicle id="20" x="198.35" y="267.29" angle="0.00" type="DEFAULT_VEHTYPE" speed="13.19" pos="127.96" lane="1/2to1/1_0" slope="0.00"/>
        <vehicle id="21" x="201.65" y="312.98" angle="180.00" type="DEFAULT_VEHTYPE" speed="13.31" pos="108.23" lane="1/1to1/2_0" slope="0.00"/>
        <vehicle id="23" x="398.35" y="306.99" angle="0.00" type="DEFAULT_VEHTYPE" speed="13.71" pos="88.26" lane="2/2to2/1_0" slope="0.00"/>
        <vehicle id="25" x="207.94" y="401.65" angle="-90.00" type="DEFAULT_VEHTYPE" speed="1.63" pos="187.31" lane="2/2to1/2_0" slope="0.00"/>
        <vehicle id="26" x="228.58" y="601.65" angle="-90.00" type="DEFAULT_VEHTYPE" speed="13.37" pos="166.67" lane="2/3to1/3_0" slope="0.00"/>
        <vehicle id="27" x="201.65" y="413.14" angle="180.00" type="DEFAULT_VEHTYPE" speed="13.21" pos="8.39" lane="1/2to1/3_0" slope="0.00"/>
        <vehicle id="28" x="396.65" y="601.65" angle="-90.00" type="DEFAULT_VEHTYPE" speed="7.08" pos="8.10" lane=":2/3_5_0" slope="0.00"/>
        <vehicle id="29" x="601.65" y="390.14" angle="180.00" type="DEFAULT_VEHTYPE" speed="2.39" pos="185.39" lane="3/1to3/2_0" slope="0.00"/>
        <vehicle id="3" x="401.65" y="705.67" angle="180.00" type="DEFAULT_VEHTYPE" speed="13.02" pos="100.92" lane="2/3to2/4_0" slope="0.00"/>
        <vehicle id="30" x="201.65" y="736.00" angle="180.00" type="DEFAULT_VEHTYPE" speed="12.97" pos="131.25" lane="1/3to1/4_0" slope="0.00"/>
        <vehicle id="31" x="251.72" y="398.35" angle="90.00" type="DEFAULT_VEHTYPE" speed="13.73" pos="46.97" lane="1/2to2/2_0" slope="0.00"/>
        <vehicle id="32" x="398.35" y="267.81" angle="0.00" type="DEFAULT_VEHTYPE" speed="13.51" pos="127.44" lane="2/2to2/1_0" slope="0.00"/>
        <vehicle id="34" x="401.65" y="279.15" angle="180.00" type="DEFAULT_VEHTYPE" speed="12.76" pos="74.40" lane="2/1to2/2_0" slope="0.00"/>
        <vehicle id="35" x="494.99" y="201.65" angle="-90.00" type="DEFAULT_VEHTYPE" speed="13.59" pos="100.26" lane="3/1to2/1_0" slope="0.00"/>
        <vehicle id="37" x="771.76" y="198.35" angle="90.00" type="DEFAULT_VEHTYPE" speed="12.73" pos="167.01" lane="3/1to4/1_0" slope="0.00"/>
        <vehicle id="38" x="398.35" y="361.33" angle="0.00" type="DEFAULT_VEHTYPE" speed="12.65" pos="33.92" lane="2/2to2/1_0" slope="0.00"/>
        <vehicle id="4" x="617.86" y="198.35" angle="90.00" type="DEFAULT_VEHTYPE" speed="11.48" pos="13.11" lane="3/1to4/1_0" slope="0.00"/>
        <vehicle id="40" x="397.92" y="201.65" angle="-90.00" type="DEFAULT_VEHTYPE" speed="7.26" pos="6.83" lane=":2/1_5_0" slope="0.00"/>
        <vehicle id="41" x="328.53" y="201.65" angle="-90.00" type="DEFAULT_VEHTYPE" speed="13.07" pos="66.72" lane="2/1to1/1_0" slope="0.00"/>
        <vehicle id="42" x="411.34" y="401.65" angle="-90.00" type="DEFAULT_VEHTYPE" speed="5.46" pos="183.91" lane="3/2to2/2_0" slope="0.00"/>
        <vehicle id="43" x="595.36" y="201.65" angle="-90.00" type="DEFAULT_VEHTYPE" speed="8.49" pos="9.39" lane=":3/1_5_0" slope="0.00"/>
        <vehicle id="44" x="590.04" y="198.35" angle="90.00" type="DEFAULT_VEHTYPE" speed="4.78" pos="185.29" lane="2/1to3/1_0" slope="0.00"/>
        <vehicle id="45" x="609.99" y="601.65" angle="-90.00" type="DEFAULT_VEHTYPE" speed="3.96" pos="190.01" lane="4/3to3/3_0" slope="0.00"/>
        <vehicle id="46" x="642.47" y="601.65" angle="-90.00" type="DEFAULT_VEHTYPE" speed="12.94" pos="157.53" lane="4/3to3/3_0" slope="0.00"/>
        <vehicle id="47" x="392.55" y="198.35" angle="90.00" type="DEFAULT_VEHTYPE" speed="0.44" pos="187.80" lane="1/1to2/1_0" slope="0.00"/>
        <vehicle id="49" x="201.65" y="256.65" angle="180.00" type="DEFAULT_VEHTYPE" speed="12.89" pos="51.90" lane="1/1to1/2_0" slope="0.00"/>
        <vehicle id="6" x="201.65" y="365.77" angle="180.00" type="DEFAULT_VEHTYPE" speed="13.37" pos="161.02" lane="1/1to1/2_0" slope="0.00"/>
    </timestep>
    <timestep time="79.00">
        <vehicle id="0" x="343.62" y="398.35" angle="90.00" type="DEFAULT_VEHTYPE" speed="13.20" pos="138.87" lane="1/2to2/2_0" slope="0.00"/>
        <vehicle id="1" x="255.09" y="401.65" angle="-90.00" type="DEFAULT_VEHTYPE" speed="12.97" pos="140.16" lane="2/2to1/2_0" slope="0.00"/>
        <vehicle id="11" x="395.40" y="598.37" angle="90.25" type="DEFAULT_VEHTYPE" speed="3.63" pos="0.16" lane=":2/3_14_0" slope="0.00"/>
        <vehicle id="12" x="198.35" y="335.00" angle="0.00" type="DEFAULT_VEHTYPE" speed="13.04" pos="60.25" lane="1/2to1/1_0" slope="0.00"/>
        <vehicle id="13" x="572.47" y="198.35" angle="90.00" type="DEFAULT_VEHTYPE" speed="10.01" pos="167.72" lane="2/1to3/1_0" slope="0.00"/>
        <vehicle id="15" x="586.33" y="598.35" angle="90.00" type="DEFAULT_VEHTYPE" speed="5.97" pos="181.58" lane="2/3to3/3_0" slope="0.00"/>
        <vehicle id="17" x="342.90" y="598.35" angle="90.00" type="DEFAULT_VEHTYPE" speed="12.74" pos="138.15" lane="1/3to2/3_0" slope="0.00"/>
        <vehicle id="2" x="474.52" y="198.35" angle="90.00" type="DEFAULT_VEHTYPE" speed="12.69" pos="69.77" lane="2/1to3/1_0" slope="0.00"/>
        <vehicle id="20" x="198.35" y="253.60" angle="0.00" type="DEFAULT_VEHTYPE" speed="13.69" pos="141.65" lane="1/2to1/1_0" slope="0.00"/>
        <vehicle id="21" x="201.65" y="326.72" angle="180.00" type="DEFAULT_VEHTYPE" speed="13.74" pos="121.97" lane="1/1to1/2_0" slope="0.00"/>
        <vehicle id="23" x="398.35" y="293.72" angle="0.00" type="DEFAULT_VEHTYPE" speed="13.27" pos="101.53" lane="2/2to2/1_0" slope="0.00"/>
        <vehicle id="25" x="207.58" y="401.65" angle="-90.00" type="DEFAULT_VEHTYPE" speed="0.37" pos="187.67" lane="2/2to1/2_0" slope="0.00"/>
        <vehicle id="26" x="218.89" y="601.65" angle="-90.00" type="DEFAULT_VEHTYPE" speed="9.68" pos="176.36" lane="2/3to1/3_0" slope="0.00"/>
        <vehicle id="27" x="201.65" y="426.45" angle="180.00" type="DEFAULT_VEHTYPE" speed="13.30" pos="21.70" lane="1/2to1/3_0" slope="0.00"/>
        <vehicle id="28" x="387.11" y="601.65" angle="-90.00" type="DEFAULT_VEHTYPE" speed="9.54" pos="8.14" lane="2/3to1/3_0" slope="0.00"/>
        <vehicle id="29" x="601.65" y="395.03" angle="180.00" type="DEFAULT_VEHTYPE" speed="4.89" pos="190.28" lane="3/1to3/2_0" slope="0.00"/>
        <vehicle id="3" x="401.65" y="718.81" angle="180.00" type="DEFAULT_VEHTYPE" speed="13.14" pos="114.06" lane="2/3to2/4_0" slope="0.00"/>
        <vehicle id="30" x="201.65" y="749.25" angle="180.00" type="DEFAULT_VEHTYPE" speed="13.25" pos="144.50" lane="1/3to1/4_0" slope="0.00"/>
        <vehicle id="31" x="264.62" y="398.35" angle="90.00" type="DEFAULT_VEHTYPE" speed="12.90" pos="59.87" lane="1/2to2/2_0" slope="0.00"/>
        <vehicle id="32" x="398.35" y="254.86" angle="0.00" type="DEFAULT_VEHTYPE" speed="12.95" pos="140.39" lane="2/2to2/1_0" slope="0.00"/>
        <vehicle id="34" x="401.65" y="292.69" angle="180.00" type="DEFAULT_VEHTYPE" speed="13.54" pos="87.94" lane="2/1to2/2_0" slope="0.00"/>
        <vehicle id="35" x="481.16" y="201.65" angle="-90.00" type="DEFAULT_VEHTYPE" speed="13.84" pos="114.09" lane="3/1to2/1_0" slope="0.00"/>
        <vehicle id="37" x="784.84" y="198.35" angle="90.00" type="DEFAULT_VEHTYPE" speed="13.07" pos="180.09" lane="3/1to4/1_0" slope="0.00"/>
        <vehicle id="38" x="398.35" y="348.55" angle="0.00" type="DEFAULT_VEHTYPE" speed="12.77" pos="46.70" lane="2/2to2/1_0" slope="0.00"/>
        <vehicle id="4" x="631.27" y="198.35" angle="90.00" type="DEFAULT_VEHTYPE" speed="13.41" pos="26.52" lane="3/1to4/1_0" slope="0.00"/>
        <vehicle id="40" x="389.17" y="201.65" angle="-90.00" type="DEFAULT_VEHTYPE" speed="8.74" pos="6.08" lane="2/1to1/1_0" slope="0.00"/>
        <vehicle id="41" x="315.49" y="201.65" angle="-90.00" type="DEFAULT_VEHTYPE" speed="13.03" pos="79.76" lane="2/1to1/1_0" slope="0.00"/>
        <vehicle id="42" x="404.11" y="401.65" angle="-90.00" type="DEFAULT_VEHTYPE" speed="7.24" pos="0.64" lane=":2/2_5_0" slope="0.00"/>
        <vehicle id="43" x="585.41" y="201.65" angle="-90.00" type="DEFAULT_VEHTYPE" speed="9.94" pos="9.84" lane="3/1to2/1_0" slope="0.00"/>
        <vehicle id="44" x="596.96" y="198.35" angle="90.00" type="DEFAULT_VEHTYPE" speed="6.92" pos="1.71" lane=":3/1_13_0" slope="0.00"/>
        <vehicle id="45" x="603.90" y="601.53" angle="-88.61" type="DEFAULT_VEHTYPE" speed="6.09" pos="0.86" lane=":3/3_6_0" slope="0.00"/>
        <vehicle id="46" x="631.53" y="601.65" angle="-90.00" type="DEFAULT_VEHTYPE" speed="10.94" pos="168.47" lane="4/3to3/3_0" slope="0.00"/>
        <vehicle id="47" x="392.69" y="198.35" angle="90.00" type="DEFAULT_VEHTYPE" speed="0.14" pos="187.94" lane="1/1to2/1_0" slope="0.00"/>
        <vehicle id="49" x="201.65" y="269.36" angle="180.00" type="DEFAULT_VEHTYPE" speed="12.70" pos="64.61" lane="1/1to1/2_0" slope="0.00"/>
        <vehicle id="6" x="201.65" y="379.20" angle="180.00" type="DEFAULT_VEHTYPE" speed="13.44" pos="174.45" lane="1/1to1/2_0" slope="0.00"/>
    </timestep>
    <timestep time="80.00">
        <vehicle id="0" x="356.64" y="398.35" angle="90.00" type="DEFAULT_VEHTYPE" speed="13.02" pos="151.89" lane="1/2to2/2_0" slope="0.00"/>
        <vehicle id="1" x="241.73" y="401.65" angle="-90.00" type="DEFAULT_VEHTYPE" speed="13.35" pos="153.52" lane="2/2to1/2_0" slope="0.00"/>
        <vehicle id="11" x="400.61" y="600.88" angle="119.73" type="DEFAULT_VEHTYPE" speed="6.09" pos="6.25" lane=":2/3_14_0" slope="0.00"/>
        <vehicle id="12" x="198.35" y="321.14" angle="0.00" type="DEFAULT_VEHTYPE" speed="13.86" pos="74.11" lane="1/2to1/1_0" slope="0.00"/>
        <vehicle id="13" x="581.90" y="198.35" angle="90.00" type="DEFAULT_VEHTYPE" speed="9.43" pos="177.15" lane="2/1to3/1_0" slope="0.00"/>
        <vehicle id="15" x="589.82" y="598.35" angle="90.00" type="DEFAULT_VEHTYPE" speed="3.49" pos="185.07" lane="2/3to3/3_0" slope="0.00"/>
        <vehicle id="17" x="356.15" y="598.35" angle="90.00" type="DEFAULT_VEHTYPE" speed="13.25" pos="151.40" lane="1/3to2/3_0" slope="0.00"/>
        <vehicle id="2" x="487.42" y="198.35" angle="90.00" type="DEFAULT_VEHTYPE" speed="12.90" pos="82.67" lane="2/1to3/1_0" slope="0.00"/>
        <vehicle id="20" x="198.35" y="240.31" angle="0.00" type="DEFAULT_VEHTYPE" speed="13.29" pos="154.94" lane="1/2to1/1_0" slope="0.00"/>
        <vehicle id="21" x="201.65" y="339.46" angle="180.00" type="DEFAULT_VEHTYPE" speed="12.75" pos="134.71" lane="1/1to1/2_0" slope="0.00"/>
        <vehicle id="23" x="398.35" y="280.01" angle="0.00" type="DEFAULT_VEHTYPE" speed="13.71" pos="115.24" lane="2/2to2/1_0" slope="0.00"/>
        <vehicle id="25" x="207.30" y="401.65" angle="-90.00" type="DEFAULT_VEHTYPE" speed="0.28" pos="187.95" lane="2/2to1/2_0" slope="0.00"/>
        <vehicle id="26" x="213.47" y="601.65" angle="-90.00" type="DEFAULT_VEHTYPE" speed="5.42" pos="181.78" lane="2/3to1/3_0" slope="0.00"/>
        <vehicle id="27" x="201.65" y="439.08" angle="180.00" type="DEFAULT_VEHTYPE" speed="12.63" pos="34.33" lane="1/2to1/3_0" slope="0.00"/>
        <vehicle id="28" x="375.16" y="601.65" angle="-90.00" type="DEFAULT_VEHTYPE" speed="11.94" pos="20.09" lane="2/3to1/3_0" slope="0.00"/>
        <vehicle id="29" x="598.56" y="400.95" angle="-143.52" type="DEFAULT_VEHTYPE" speed="7.12" pos="6.90" lane=":3/2_10_0" slope="0.00"/>
        <vehicle id="3" x="401.65" y="731.81" angle="180.00" type="DEFAULT_VEHTYPE" speed="13.00" pos="127.06" lane="2/3to2/4_0" slope="0.00"/>
        <vehicle id="30" x="201.65" y="762.41" angle="180.00" type="DEFAULT_VEHTYPE" speed="13.16" pos="157.66" lane="1/3to1/4_0" slope="0.00"/>
        <vehicle id="31" x="278.10" y="398.35" angle="90.00" type="DEFAULT_VEHTYPE" speed="13.48" pos="73.35" lane="1/2to2/2_0" slope="0.00"/>
        <vehicle id="32" x="398.35" y="241.17" angle="0.00" type="DEFAULT_VEHTYPE" speed="13.69" pos="154.08" lane="2/2to2/1_0" slope="0.00"/>
        <vehicle id="34" x="401.65" y="306.40" angle="180.00" type="DEFAULT_VEHTYPE" speed="13.70" pos="101.65" lane="2/1to2/2_0" slope="0.00"/>
        <vehicle id="35" x="467.75" y="201.65" angle="-90.00" type="DEFAULT_VEHTYPE" speed="13.41" pos="127.50" lane="3/1to2/1_0" slope="0.00"/>
        <vehicle id="37" x="797.60" y="198.35" angle="90.00" type="DEFAULT_VEHTYPE" speed="12.77" pos="192.85" lane="3/1to4/1_0" slope="0.00"/>
        <vehicle id="38" x="398.35" y="335.18" angle="0.00" type="DEFAULT_VEHTYPE" speed="13.38" pos="60.07" lane="2/2to2/1_0" slope="0.00"/>
        <vehicle id="4" x="644.01" y="198.35" angle="90.00" type="DEFAULT_VEHTYPE" speed="12.74" pos="39.26" lane="3/1to4/1_0" slope="0.00"/>
        <vehicle id="40" x="378.00" y="201.65" angle="-90.00" type="DEFAULT_VEHTYPE" speed="11.18" pos="17.25" lane="2/1to1/1_0" slope="0.00"/>
        <vehicle id="41" x="302.00" y="201.65" angle="-90.00" type="DEFAULT_VEHTYPE" speed="13.49" pos="93.25" lane="2/1to1/1_0" slope="0.00"/>
        <vehicle id="42" x="394.63" y="401.65" angle="-90.00" type="DEFAULT_VEHTYPE" speed="9.48" pos="0.62" lane="2/2to1/2_0" slope="0.00"/>
        <vehicle id="43" x="573.77" y="201.65" angle="-90.00" type="DEFAULT_VEHTYPE" speed="11.64" pos="21.48" lane="3/1to2/1_0" slope="0.00"/>
        <vehicle id="44" x="606.29" y="198.35" angle="90.00" type="DEFAULT_VEHTYPE" speed="9.33" pos="1.54" lane="3/1to4/1_0" slope="0.00"/>
        <vehicle id="45" x="598.56" y="596.69" angle="-31.93" type="DEFAULT_VEHTYPE" speed="8.01" pos="8.86" lane=":3/3_6_0" slope="0.00"/>
        <vehicle id="46" x="621.38" y="601.65" angle="-90.00" type="DEFAULT_VEHTYPE" speed="10.15" pos="178.62" lane="4/3to3/3_0" slope="0.00"/>
        <vehicle id="47" x="394.89" y="198.35" angle="90.00" type="DEFAULT_VEHTYPE" speed="2.20" pos="190.14" lane="1/1to2/1_0" slope="0.00"/>
        <vehicle id="49" x="201.65" y="282.68" angle="180.00" type="DEFAULT_VEHTYPE" speed="13.33" pos="77.93" lane="1/1to1/2_0" slope="0.00"/>
        <vehicle id="6" x="201.65" y="392.58" angle="180.00" type="DEFAULT_VEHTYPE" speed="13.38" pos="187.83" lane="1/1to1/2_0" slope="0.00"/>
    </timestep>
    <timestep time="81.00">
        <vehicle id="0" x="370.06" y="398.35" angle="90.00" type="DEFAULT_VEHTYPE" speed="13.42" pos="165.31" lane="1/2to2/2_0" slope="0.00"/>
        <vehicle id="1" x="230.21" y="401.65" angle="-90.00" type="DEFAULT_VEHTYPE" speed="11.52" pos="165.04" lane="2/2to1/2_0" slope="0.00"/>
        <vehicle id="11" x="401.65" y="609.02" angle="178.82" type="DEFAULT_VEHTYPE" speed="8.35" pos="4.27" lane="2/3to2/4_0" slope="0.00"/>
        <vehicle id="12" x="198.35" y="307.91" angle="0.00" type="DEFAULT_VEHTYPE" speed="13.24" pos="87.34" lane="1/2to1/1_0" slope="0.00"/>
        <vehicle id="13" x="587.22" y="198.35" angle="90.00" type="DEFAULT_VEHTYPE" speed="5.32" pos="182.47" lane="2/1to3/1_0" slope="0.00"/>
        <vehicle id="15" x="591.54" y="598.35" angle="90.00" type="DEFAULT_VEHTYPE" speed="1.72" pos="186.79" lane="2/3to3/3_0" slope="0.00"/>
        <vehicle id="17" x="369.36" y="598.35" angle="90.00" type="DEFAULT_VEHTYPE" speed="13.20" pos="164.61" lane="1/3to2/3_0" slope="0.00"/>
        <vehicle id="2" x="500.02" y="198.35" angle="90.00" type="DEFAULT_VEHTYPE" speed="12.61" pos="95.27" lane="2/1to3/1_0" slope="0.00"/>
        <vehicle id="20" x="198.35" y="227.86" angle="0.00" type="DEFAULT_VEHTYPE" speed="12.45" pos="167.39" lane="1/2to1/1_0" slope="0.00"/>
        <vehicle id="21" x="201.65" y="352.45" angle="180.00" type="DEFAULT_VEHTYPE" speed="12.99" pos="147.70" lane="1/1to1/2_0" slope="0.00"/>
        <vehicle id="23" x="398.35" y="266.56" angle="0.00" type="DEFAULT_VEHTYPE" speed="13.45" pos="128.69" lane="2/2to2/1_0" slope="0.00"/>
        <vehicle id="25" x="207.26" y="401.65" angle="-90.00" type="DEFAULT_VEHTYPE" speed="0.03" pos="187.99" lane="2/2to1/2_0" slope="0.00"/>
        <vehicle id="26" x="210.20" y="601.65" angle="-90.00" type="DEFAULT_VEHTYPE" speed="3.27" pos="185.05" lane="2/3to1/3_0" slope="0.00"/>
        <vehicle id="27" x="201.65" y="451.72" angle="180.00" type="DEFAULT_VEHTYPE" speed="12.65" pos="46.97" lane="1/2to1/3_0" slope="0.00"/>
        <vehicle id="28" x="362.42" y="601.65" angle="-90.00" type="DEFAULT_VEHTYPE" speed="12.75" pos="32.83" lane="2/3to1/3_0" slope="0.00"/>
        <vehicle id="29" x="589.58" y="401.65" angle="-90.00" type="DEFAULT_VEHTYPE" speed="9.09" pos="5.67" lane="3/2to2/2_0" slope="0.00"/>
        <vehicle id="3" x="401.65" y="745.49" angle="180.00" type="DEFAULT_VEHTYPE" speed="13.69" pos="140.74" lane="2/3to2/4_0" slope="0.00"/>
        <vehicle id="30" x="201.65" y="775.65" angle="180.00" type="DEFAULT_VEHTYPE" speed="13.24" pos="170.90" lane="1/3to1/4_0" slope="0.00"/>
        <vehicle id="31" x="291.38" y="398.35" angle="90.00" type="DEFAULT_VEHTYPE" speed="13.28" pos="86.63" lane="1/2to2/2_0" slope="0.00"/>
        <vehicle id="32" x="398.35" y="227.54" angle="0.00" type="DEFAULT_VEHTYPE" speed="13.63" pos="167.71" lane="2/2to2/1_0" slope="0.00"/>
        <vehicle id="34" x="401.65" y="319.95" angle="180.00" type="DEFAULT_VEHTYPE" speed="13.56" pos="115.20" lane="2/1to2/2_0" slope="0.00"/>
        <vehicle id="35" x="454.60" y="201.65" angle="-90.00" type="DEFAULT_VEHTYPE" speed="13.15" pos="140.65" lane="3/1to2/1_0" slope="0.00"/>
        <vehicle id="37" x="793.82" y="201.65" angle="-90.00" type="DEFAULT_VEHTYPE" speed="13.40" pos="6.18" lane="4/1to3/1_0" slope="0.00"/>
        <vehicle id="38" x="398.35" y="322.32" angle="0.00" type="DEFAULT_VEHTYPE" speed="12.86" pos="72.93" lane="2/2to2/1_0" slope="0.00"/>
        <vehicle id="4" x="657.72" y="198.35" angle="90.00" type="DEFAULT_VEHTYPE" speed="13.70" pos="52.97" lane="3/1to4/1_0" slope="0.00"/>
        <vehicle id="40" x="365.03" y="201.65" angle="-90.00" type="DEFAULT_VEHTYPE" speed="12.97" pos="30.22" lane="2/1to1/1_0" slope="0.00"/>
        <vehicle id="41" x="288.88" y="201.65" angle="-90.00" type="DEFAULT_VEHTYPE" speed="13.12" pos="106.37" lane="2/1to1/1_0" slope="0.00"/>
        <vehicle id="42" x="383.18" y="401.65" angle="-90.00" type="DEFAULT_VEHTYPE" speed="11.45" pos="12.07" lane="2/2to1/2_0" slope="0.00"/>
        <vehicle id="43" x="560.01" y="201.65" angle="-90.00" type="DEFAULT_VEHTYPE" speed="13.75" pos="35.24" lane="3/1to2/1_0" slope="0.00"/>
        <vehicle id="44" x="617.85" y="198.35" angle="90.00" type="DEFAULT_VEHTYPE" speed="11.56" pos="13.10" lane="3/1to4/1_0" slope="0.00"/>
        <vehicle id="45" x="598.35" y="586.72" angle="0.00" type="DEFAULT_VEHTYPE" speed="9.99" pos="8.53" lane="3/3to3/2_0" slope="0.00"/>
        <vehicle id="46" x="614.03" y="601.65" angle="-90.00" type="DEFAULT_VEHTYPE" speed="7.35" pos="185.97" lane="4/3to3/3_0" slope="0.00"/>
        <vehicle id="47" x="396.52" y="200.77" angle="128.92" type="DEFAULT_VEHTYPE" speed="3.63" pos="3.27" lane=":2/1_15_0" slope="0.00"/>
        <vehicle id="49" x="201.65" y="296.30" angle="180.00" type="DEFAULT_VEHTYPE" speed="13.61" pos="91.55" lane="1/1to1/2_0" slope="0.00"/>
        <vehicle id="6" x="201.65" y="405.60" angle="180.00" type="DEFAULT_VEHTYPE" speed="13.01" pos="0.85" lane="1/2to1/3_0" slope="0.00"/>
    </timestep>
    <timestep time="82.00">
        <vehicle id="0" x="382.94" y="398.35" angle="90.00" type="DEFAULT_VEHTYPE" speed="12.88" pos="178.19" lane="1/2to2/2_0" slope="0.00"/>
        <vehicle id="1" x="222.69" y="401.65" angle="-90.00" type="DEFAULT_VEHTYPE" speed="7.52" pos="172.56" lane="2/2to1/2_0" slope="0.00"/>
        <vehicle id="11" x="401.65" y="619.26" angle="180.00" type="DEFAULT_VEHTYPE" speed="10.23" pos="14.51" lane="2/3to2/4_0" slope="0.00"/>
        <vehicle id="12" x="198.35" y="294.94" angle="0.00" type="DEFAULT_VEHTYPE" speed="12.97" pos="100.31" lane="1/2to1/1_0" slope="0.00"/>
        <vehicle id="13" x="590.33" y="198.35" angle="90.00" type="DEFAULT_VEHTYPE" speed="3.11" pos="185.58" lane="2/1to3/1_0" slope="0.00"/>
        <vehicle id="15" x="592.54" y="598.35" angle="90.00" type="DEFAULT_VEHTYPE" speed="1.00" pos="187.79" lane="2/3to3/3_0" slope="0.00"/>
        <vehicle id="17" x="378.99" y="598.35" angle="90.00" type="DEFAULT_VEHTYPE" speed="9.64" pos="174.24" lane="1/3to2/3_0" slope="0.00"/>
        <vehicle id="2" x="513.61" y="198.35" angle="90.00" type="DEFAULT_VEHTYPE" speed="13.58" pos="108.86" lane="2/1to3/1_0" slope="0.00"/>
        <vehicle id="20" x="198.35" y="218.70" angle="0.00" type="DEFAULT_VEHTYPE" speed="9.16" pos="176.55" lane="1/2to1/1_0" slope="0.00"/>
        <vehicle id="21" x="201.65" y="365.50" angle="180.00" type="DEFAULT_VEHTYPE" speed="13.05" pos="160.75" lane="1/1to1/2_0" slope="0.00"/>
        <vehicle id="23" x="398.35" y="253.11" angle="0.00" type="DEFAULT_VEHTYPE" speed="13.45" pos="142.14" lane="2/2to2/1_0" slope="0.00"/>
        <vehicle id="25" x="207.25" y="401.65" angle="-90.00" type="DEFAULT_VEHTYPE" speed="0.01" pos="188.00" lane="2/2to1/2_0" slope="0.00"/>
        <vehicle id="26" x="204.52" y="601.68" angle="-90.36" type="DEFAULT_VEHTYPE" speed="5.68" pos="0.23" lane=":1/3_4_0" slope="0.00"/>
        <vehicle id="27" x="201.65" y="465.53" angle="180.00" type="DEFAULT_VEHTYPE" speed="13.81" pos="60.78" lane="1/2to1/3_0" slope="0.00"/>
        <vehicle id="28" x="348.66" y="601.65" angle="-90.00" type="DEFAULT_VEHTYPE" speed="13.76" pos="46.59" lane="2/3to1/3_0" slope="0.00"/>
        <vehicle id="29" x="578.12" y="401.65" angle="-90.00" type="DEFAULT_VEHTYPE" speed="11.46" pos="17.13" lane="3/2to2/2_0" slope="0.00"/>
        <vehicle id="3" x="401.65" y="758.15" angle="180.00" type="DEFAULT_VEHTYPE" speed="12.65" pos="153.40" lane="2/3to2/4_0" slope="0.00"/>
        <vehicle id="30" x="201.65" y="789.03" angle="180.00" type="DEFAULT_VEHTYPE" speed="13.37" pos="184.28" lane="1/3to1/4_0" slope="0.00"/>
        <vehicle id="31" x="304.56" y="398.35" angle="90.00" type="DEFAULT_VEHTYPE" speed="13.19" pos="99.81" lane="1/2to2/2_0" slope="0.00"/>
        <vehicle id="32" x="398.35" y="213.68" angle="0.00" type="DEFAULT_VEHTYPE" speed="13.86" pos="181.57" lane="2/2to2/1_0" slope="0.00"/>
        <vehicle id="34" x="401.65" y="333.66" angle="180.00" type="DEFAULT_VEHTYPE" speed="13.70" pos="128.91" lane="2/1to2/2_0" slope="0.00"/>
        <vehicle id="35" x="441.95" y="201.65" angle="-90.00" type="DEFAULT_VEHTYPE" speed="12.65" pos="153.30" lane="3/1to2/1_0" slope="0.00"/>
        <vehicle id="37" x="780.89" y="201.65" angle="-90.00" type="DEFAULT_VEHTYPE" speed="12.93" pos="19.11" lane="4/1to3/1_0" slope="0.00"/>
        <vehicle id="38" x="398.35" y="309.44" angle="0.00" type="DEFAULT_VEHTYPE" speed="12.88" pos="85.81" lane="2/2to2/1_0" slope="0.00"/>
        <vehicle id="4" x="671.24" y="198.35" angle="90.00" type="DEFAULT_VEHTYPE" speed="13.53" pos="66.49" lane="3/1to4/1_0" slope="0.00"/>
        <vehicle id="40" x="351.57" y="201.65" angle="-90.00" type="DEFAULT_VEHTYPE" speed="13.45" pos="43.68" lane="2/1to1/1_0" slope="0.00"/>
        <vehicle id="41" x="275.68" y="201.65" angle="-90.00" type="DEFAULT_VEHTYPE" speed="13.20" pos="119.57" lane="2/1to1/1_0" slope="0.00"/>
        <vehicle id="42" x="370.44" y="401.65" angle="-90.00" type="DEFAULT_VEHTYPE" speed="12.74" pos="24.81" lane="2/2to1/2_0" slope="0.00"/>
        <vehicle id="43" x="547.33" y="201.65" angle="-90.00" type="DEFAULT_VEHTYPE" speed="12.68" pos="47.92" lane="3/1to2/1_0" slope="0.00"/>
        <vehicle id="44" x="631.40" y="198.35" angle="90.00" type="DEFAULT_VEHTYPE" speed="13.55" pos="26.65" lane="3/1to4/1_0" slope="0.00"/>
        <vehicle id="45" x="598.35" y="574.56" angle="0.00" type="DEFAULT_VEHTYPE" speed="12.16" pos="20.69" lane="3/3to3/2_0" slope="0.00"/>
        <vehicle id="46" x="609.98" y="601.65" angle="-90.00" type="DEFAULT_VEHTYPE" speed="4.06" pos="190.02" lane="4/3to3/3_0" slope="0.00"/>
        <vehicle id="47" x="390.60" y="201.65" angle="-92.26" type="DEFAULT_VEHTYPE" speed="6.20" pos="4.65" lane="2/1to1/1_0" slope="0.00"/>
        <vehicle id="49" x="201.65" y="310.07" angle="180.00" type="DEFAULT_VEHTYPE" speed="13.77" pos="105.32" lane="1/1to1/2_0" slope="0.00"/>
        <vehicle id="6" x="201.65" y="419.14" angle="180.00" type="DEFAULT_VEHTYPE" speed="13.55" pos="14.39" lane="1/2to1/3_0" slope="0.00"/>
    </timestep>
    <timestep time="83.00">
        <vehicle id="1" x="218.58" y="401.65" angle="-90.00" type="DEFAULT_VEHTYPE" speed="4.12" pos="176.67" lane="2/2to1/2_0" slope="0.00"/>
        <vehicle id="11" x="401.65" y="631.12" angle="180.00" type="DEFAULT_VEHTYPE" speed="11.86" pos="26.37" lane="2/3to2/4_0" slope="0.00"/>
        <vehicle id="12" x="198.35" y="281.93" angle="0.00" type="DEFAULT_VEHTYPE" speed="13.01" pos="113.32" lane="1/2to1/1_0" slope="0.00"/>
        <vehicle id="13" x="595.21" y="198.35" angle="90.00" type="DEFAULT_VEHTYPE" speed="4.88" pos="190.46" lane="2/1to3/1_0" slope="0.00"/>
        <vehicle id="15" x="592.72" y="598.35" angle="90.00" type="DEFAULT_VEHTYPE" speed="0.18" pos="187.97" lane="2/3to3/3_0" slope="0.00"/>
        <vehicle id="17" x="385.92" y="598.35" angle="90.00" type="DEFAULT_VEHTYPE" speed="6.93" pos="181.17" lane="1/3to2/3_0" slope="0.00"/>
        <vehicle id="2" x="526.28" y="198.35" angle="90.00" type="DEFAULT_VEHTYPE" speed="12.67" pos="121.53" lane="2/1to3/1_0" slope="0.00"/>
        <vehicle id="20" x="198.35" y="213.00" angle="0.00" type="DEFAULT_VEHTYPE" speed="5.70" pos="182.25" lane="1/2to1/1_0" slope="0.00"/>
        <vehicle id="21" x="201.65" y="378.45" angle="180.00" type="DEFAULT_VEHTYPE" speed="12.96" pos="173.70" lane="1/1to1/2_0" slope="0.00"/>
        <vehicle id="23" x="398.35" y="240.24" angle="0.00" type="DEFAULT_VEHTYPE" speed="12.87" pos="155.01" lane="2/2to2/1_0" slope="0.00"/>
        <vehicle id="25" x="207.25" y="401.65" angle="-90.00" type="DEFAULT_VEHTYPE" speed="0.00" pos="188.00" lane="2/2to1/2_0" slope="0.00"/>
        <vehicle id="26" x="201.65" y="607.94" angle="-175.18" type="DEFAULT_VEHTYPE" speed="7.96" pos="3.19" lane="1/3to1/4_0" slope="0.00"/>
        <vehicle id="27" x="201.65" y="478.72" angle="180.00" type="DEFAULT_VEHTYPE" speed="13.19" pos="73.97" lane="1/2to1/3_0" slope="0.00"/>
        <vehicle id="28" x="335.83" y="601.65" angle="-90.00" type="DEFAULT_VEHTYPE" speed="12.84" pos="59.42" lane="2/3to1/3_0" slope="0.00"/>
        <vehicle id="29" x="564.65" y="401.65" angle="-90.00" type="DEFAULT_VEHTYPE" speed="13.46" pos="30.60" lane="3/2to2/2_0" slope="0.00"/>
        <vehicle id="3" x="401.65" y="771.57" angle="180.00" type="DEFAULT_VEHTYPE" speed="13.42" pos="166.82" lane="2/3to2/4_0" slope="0.00"/>
        <vehicle id="30" x="200.43" y="801.44" angle="-164.82" type="DEFAULT_VEHTYPE" speed="12.91" pos="1.94" lane=":1/4_0_0" slope="0.00"/>
        <vehicle id="31" x="318.45" y="398.35" angle="90.00" type="DEFAULT_VEHTYPE" speed="13.89" pos="113.70" lane="1/2to2/2_0" slope="0.00"/>
        <vehicle id="32" x="398.35" y="201.00" angle="0.00" type="DEFAULT_VEHTYPE" speed="12.68" pos="3.75" lane=":2/1_1_0" slope="0.00"/>
        <vehicle id="34" x="401.65" y="347.18" angle="180.00" type="DEFAULT_VEHTYPE" speed="13.53" pos="142.43" lane="2/1to2/2_0" slope="0.00"/>
        <vehicle id="35" x="428.23" y="201.65" angle="-90.00" type="DEFAULT_VEHTYPE" speed="13.72" pos="167.02" lane="3/1to2/1_0" slope="0.00"/>
        <vehicle id="37" x="767.03" y="201.65" angle="-90.00" type="DEFAULT_VEHTYPE" speed="13.86" pos="32.97" lane="4/1to3/1_0" slope="0.00"/>
        <vehicle id="38" x="398.35" y="296.21" angle="0.00" type="DEFAULT_VEHTYPE" speed="13.23" pos="99.04" lane="2/2to2/1_0" slope="0.00"/>
        <vehicle id="4" x="684.25" y="198.35" angle="90.00" type="DEFAULT_VEHTYPE" speed="13.01" pos="79.50" lane="3/1to4/1_0" slope="0.00"/>
        <vehicle id="40" x="338.04" y="201.65" angle="-90.00" type="DEFAULT_VEHTYPE" speed="13.53" pos="57.21" lane="2/1to1/1_0" slope="0.00"/>
        <vehicle id="41" x="263.04" y="201.65" angle="-90.00" type="DEFAULT_VEHTYPE" speed="12.65" pos="132.21" lane="2/1to1/1_0" slope="0.00"/>
        <vehicle id="42" x="357.72" y="401.65" angle="-90.00" type="DEFAULT_VEHTYPE" speed="12.72" pos="37.53" lane="2/2to1/2_0" slope="0.00"/>
        <vehicle id="43" x="534.39" y="201.65" angle="-90.00" type="DEFAULT_VEHTYPE" speed="12.94" pos="60.86" lane="3/1to2/1_0" slope="0.00"/>
        <vehicle id="44" x="644.26" y="198.35" angle="90.00" type="DEFAULT_VEHTYPE" speed="12.86" pos="39.51" lane="3/1to4/1_0" slope="0.00"/>
        <vehicle id="45" x="598.35" y="561.10" angle="0.00" type="DEFAULT_VEHTYPE" speed="13.45" pos="34.15" lane="3/3to3/2_0" slope="0.00"/>
        <vehicle id="46" x="603.35" y="601.65" angle="-90.00" type="DEFAULT_VEHTYPE" speed="6.62" pos="1.40" lane=":3/3_5_0" slope="0.00"/>
        <vehicle id="47" x="382.81" y="201.65" angle="-90.00" type="DEFAULT_VEHTYPE" speed="7.79" pos="12.44" lane="2/1to1/1_0" slope="0.00"/>
        <vehicle id="49" x="201.65" y="323.10" angle="180.00" type="DEFAULT_VEHTYPE" speed="13.04" pos="118.35" lane="1/1to1/2_0" slope="0.00"/>
        <vehicle id="6" x="201.65" y="432.36" angle="180.00" type="DEFAULT_VEHTYPE" speed="13.22" pos="27.61" lane="1/2to1/3_0" slope="0.00"/>
    </timestep>
    <timestep time="84.00">
        <vehicle id="1" x="216.31" y="401.65" angle="-90.00" type="DEFAULT_VEHTYPE" speed="2.27" pos="178.94" lane="2/2to1/2_0" slope="0.00"/>
        <vehicle id="11" x="401.65" y="644.24" angle="180.00" type="DEFAULT_VEHTYPE" speed="13.12" pos="39.49" lane="2/3to2/4_0" slope="0.00"/>
        <vehicle id="12" x="198.35" y="269.00" angle="0.00" type="DEFAULT_VEHTYPE" speed="12.93" pos="126.25" lane="1/2to1/1_0" slope="0.00"/>
        <vehicle id="13" x="601.13" y="201.74" angle="130.15" type="DEFAULT_VEHTYPE" speed="7.29" pos="7.25" lane=":3/1_14_0" slope="0.00"/>
        <vehicle id="15" x="594.70" y="598.35" angle="90.00" type="DEFAULT_VEHTYPE" speed="1.98" pos="189.95" lane="2/3to3/3_0" slope="0.00"/>
        <vehicle id="17" x="389.29" y="598.35" angle="90.00" type="DEFAULT_VEHTYPE" speed="3.37" pos="184.54" lane="1/3to2/3_0" slope="0.00"/>
        <vehicle id="2" x="539.05" y="198.35" angle="90.00" type="DEFAULT_VEHTYPE" speed="12.78" pos="134.30" lane="2/1to3/1_0" slope="0.00"/>
        <vehicle id="20" x="198.35" y="210.09" angle="0.00" type="DEFAULT_VEHTYPE" speed="2.92" pos="185.16" lane="1/2to1/1_0" slope="0.00"/>
        <vehicle id="21" x="201.65" y="391.67" angle="180.00" type="DEFAULT_VEHTYPE" speed="13.22" pos="186.92" lane="1/1to1/2_0" slope="0.00"/>
        <vehicle id="23" x="398.35" y="227.13" angle="0.00" type="DEFAULT_VEHTYPE" speed="13.11" pos="168.12" lane="2/2to2/1_0" slope="0.00"/>
        <vehicle id="25" x="207.25" y="401.65" angle="-90.00" type="DEFAULT_VEHTYPE" speed="0.00" pos="188.00" lane="2/2to1/2_0" slope="0.00"/>
        <vehicle id="26" x="201.65" y="617.97" angle="180.00" type="DEFAULT_VEHTYPE" speed="10.02" pos="13.22" lane="1/3to1/4_0" slope="0.00"/>
        <vehicle id="27" x="201.65" y="492.11" angle="180.00" type="DEFAULT_VEHTYPE" speed="13.40" pos="87.36" lane="1/2to1/3_0" slope="0.00"/>
        <vehicle id="28" x="322.27" y="601.65" angle="-90.00" type="DEFAULT_VEHTYPE" speed="13.55" pos="72.98" lane="2/3to1/3_0" slope="0.00"/>
        <vehicle id="29" x="551.39" y="401.65" angle="-90.00" type="DEFAULT_VEHTYPE" speed="13.26" pos="43.86" lane="3/2to2/2_0" slope="0.00"/>
        <vehicle id="3" x="401.65" y="784.98" angle="180.00" type="DEFAULT_VEHTYPE" speed="13.41" pos="180.23" lane="2/3to2/4_0" slope="0.00"/>
        <vehicle id="30" x="198.35" y="789.22" angle="0.00" type="DEFAULT_VEHTYPE" speed="13.66" pos="10.78" lane="1/4to1/3_0" slope="0.00"/>
        <vehicle id="31" x="332.20" y="398.35" angle="90.00" type="DEFAULT_VEHTYPE" speed="13.75" pos="127.45" lane="1/2to2/2_0" slope="0.00"/>
        <vehicle id="32" x="398.35" y="187.46" angle="0.00" type="DEFAULT_VEHTYPE" speed="13.53" pos="7.79" lane="2/1to2/0_0" slope="0.00"/>
        <vehicle id="34" x="401.65" y="360.15" angle="180.00" type="DEFAULT_VEHTYPE" speed="12.96" pos="155.40" lane="2/1to2/2_0" slope="0.00"/>
        <vehicle id="35" x="418.68" y="201.65" angle="-90.00" type="DEFAULT_VEHTYPE" speed="9.55" pos="176.57" lane="3/1to2/1_0" slope="0.00"/>
        <vehicle id="37" x="754.19" y="201.65" angle="-90.00" type="DEFAULT_VEHTYPE" speed="12.84" pos="45.81" lane="4/1to3/1_0" slope="0.00"/>
        <vehicle id="38" x="398.35" y="283.39" angle="0.00" type="DEFAULT_VEHTYPE" speed="12.82" pos="111.86" lane="2/2to2/1_0" slope="0.00"/>
        <vehicle id="4" x="697.92" y="198.35" angle="90.00" type="DEFAULT_VEHTYPE" speed="13.67" pos="93.17" lane="3/1to4/1_0" slope="0.00"/>
        <vehicle id="40" x="325.28" y="201.65" angle="-90.00" type="DEFAULT_VEHTYPE" speed="12.76" pos="69.97" lane="2/1to1/1_0" slope="0.00"/>
        <vehicle id="41" x="250.40" y="201.65" angle="-90.00" type="DEFAULT_VEHTYPE" speed="12.64" pos="144.85" lane="2/1to1/1_0" slope="0.00"/>
        <vehicle id="42" x="344.50" y="401.65" angle="-90.00" type="DEFAULT_VEHTYPE" speed="13.22" pos="50.75" lane="2/2to1/2_0" slope="0.00"/>
        <vehicle id="43" x="520.98" y="201.65" angle="-90.00" type="DEFAULT_VEHTYPE" speed="13.41" pos="74.27" lane="3/1to2/1_0" slope="0.00"/>
        <vehicle id="44" x="657.53" y="198.35" angle="90.00" type="DEFAULT_VEHTYPE" speed="13.27" pos="52.78" lane="3/1to4/1_0" slope="0.00"/>
        <vehicle id="45" x="598.35" y="547.73" angle="0.00" type="DEFAULT_VEHTYPE" speed="13.37" pos="47.52" lane="3/3to3/2_0" slope="0.00"/>
        <vehicle id="46" x="594.96" y="601.65" angle="-90.00" type="DEFAULT_VEHTYPE" speed="8.39" pos="0.29" lane="3/3to2/3_0" slope="0.00"/>
        <vehicle id="47" x="372.56" y="201.65" angle="-90.00" type="DEFAULT_VEHTYPE" speed="10.26" pos="22.69" lane="2/1to1/1_0" slope="0.00"/>
        <vehicle id="49" x="201.65" y="336.67" angle="180.00" type="DEFAULT_VEHTYPE" speed="13.57" pos="131.92" lane="1/1to1/2_0" slope="0.00"/>
        <vehicle id="6" x="201.65" y="445.95" angle="180.00" type="DEFAULT_VEHTYPE" speed="13.59" pos="41.20" lane="1/2to1/3_0" slope="0.00"/>
    </timestep>
    <timestep time="85.00">
        <vehicle id="1" x="215.05" y="401.65" angle="-90.00" type="DEFAULT_VEHTYPE" speed="1.26" pos="180.20" lane="2/2to1/2_0" slope="0.00"/>
        <vehicle id="11" x="401.65" y="658.04" angle="180.00" type="DEFAULT_VEHTYPE" speed="13.80" pos="53.29" lane="2/3to2/4_0" slope="0.00"/>
        <vehicle id="12" x="198.35" y="256.22" angle="0.00" type="DEFAULT_VEHTYPE" speed="12.79" pos="139.03" lane="1/2to1/1_0" slope="0.00"/>
        <vehicle id="13" x="601.65" y="210.36" angle="180.00" type="DEFAULT_VEHTYPE" speed="8.68" pos="5.61" lane="3/1to3/2_0" slope="0.00"/>
        <vehicle id="15" x="598.58" y="599.07" angle="98.33" type="DEFAULT_VEHTYPE" speed="3.99" pos="3.44" lane=":3/3_14_0" slope="0.00"/>
        <vehicle id="17" x="394.11" y="598.35" angle="90.00" type="DEFAULT_VEHTYPE" speed="4.82" pos="189.36" lane="1/3to2/3_0" slope="0.00"/>
        <vehicle id="2" x="552.83" y="198.35" angle="90.00" type="DEFAULT_VEHTYPE" speed="13.78" pos="148.08" lane="2/1to3/1_0" slope="0.00"/>
        <vehicle id="20" x="198.35" y="205.08" angle="0.00" type="DEFAULT_VEHTYPE" speed="5.00" pos="190.17" lane="1/2to1/1_0" slope="0.00"/>
        <vehicle id="21" x="201.65" y="405.27" angle="180.00" type="DEFAULT_VEHTYPE" speed="13.60" pos="0.52" lane="1/2to1/3_0" slope="0.00"/>
        <vehicle id="23" x="398.35" y="213.79" angle="0.00" type="DEFAULT_VEHTYPE" speed="13.35" pos="181.46" lane="2/2to2/1_0" slope="0.00"/>
        <vehicle id="25" x="207.25" y="401.65" angle="-90.00" type="DEFAULT_VEHTYPE" speed="0.00" pos="188.00" lane="2/2to1/2_0" slope="0.00"/>
        <vehicle id="26" x="201.65" y="629.78" angle="180.00" type="DEFAULT_VEHTYPE" speed="11.81" pos="25.03" lane="1/3to1/4_0" slope="0.00"/>
        <vehicle id="27" x="201.65" y="505.71" angle="180.00" type="DEFAULT_VEHTYPE" speed="13.60" pos="100.96" lane="1/2to1/3_0" slope="0.00"/>
        <vehicle id="28" x="309.53" y="601.65" angle="-90.00" type="DEFAULT_VEHTYPE" speed="12.74" pos="85.72" lane="2/3to1/3_0" slope="0.00"/>
        <vehicle id="29" x="538.30" y="401.65" angle="-90.00" type="DEFAULT_VEHTYPE" speed="13.09" pos="56.95" lane="3/2to2/2_0" slope="0.00"/>
        <vehicle id="3" x="401.65" y="798.61" angle="180.00" type="DEFAULT_VEHTYPE" speed="13.63" pos="193.86" lane="2/3to2/4_0" slope="0.00"/>
        <vehicle id="30" x="198.35" y="775.88" angle="0.00" type="DEFAULT_VEHTYPE" speed="13.34" pos="24.12" lane="1/4to1/3_0" slope="0.00"/>
        <vehicle id="31" x="346.06" y="398.35" angle="90.00" type="DEFAULT_VEHTYPE" speed="13.86" pos="141.31" lane="1/2to2/2_0" slope="0.00"/>
        <vehicle id="32" x="398.35" y="173.99" angle="0.00" type="DEFAULT_VEHTYPE" speed="13.48" pos="21.26" lane="2/1to2/0_0" slope="0.00"/>
        <vehicle id="34" x="401.65" y="372.95" angle="180.00" type="DEFAULT_VEHTYPE" speed="12.80" pos="168.20" lane="2/1to2/2_0" slope="0.00"/>
        <vehicle id="35" x="412.89" y="201.65" angle="-90.00" type="DEFAULT_VEHTYPE" speed="5.79" pos="182.36" lane="3/1to2/1_0" slope="0.00"/>
        <vehicle id="37" x="740.41" y="201.65" angle="-90.00" type="DEFAULT_VEHTYPE" speed="13.77" pos="59.59" lane="4/1to3/1_0" slope="0.00"/>
        <vehicle id="38" x="398.35" y="269.84" angle="0.00" type="DEFAULT_VEHTYPE" speed="13.55" pos="125.41" lane="2/2to2/1_0" slope="0.00"/>
        <vehicle id="4" x="711.17" y="198.35" angle="90.00" type="DEFAULT_VEHTYPE" speed="13.25" pos="106.42" lane="3/1to4/1_0" slope="0.00"/>
        <vehicle id="40" x="311.88" y="201.65" angle="-90.00" type="DEFAULT_VEHTYPE" speed="13.40" pos="83.37" lane="2/1to1/1_0" slope="0.00"/>
        <vehicle id="41" x="237.12" y="201.65" angle="-90.00" type="DEFAULT_VEHTYPE" speed="13.29" pos="158.13" lane="2/1to1/1_0" slope="0.00"/>
        <vehicle id="42" x="331.02" y="401.65" angle="-90.00" type="DEFAULT_VEHTYPE" speed="13.48" pos="64.23" lane="2/2to1/2_0" slope="0.00"/>
        <vehicle id="43" x="508.07" y="201.65" angle="-90.00" type="DEFAULT_VEHTYPE" speed="12.90" pos="87.18" lane="3/1to2/1_0" slope="0.00"/>
        <vehicle id="44" x="670.59" y="198.35" angle="90.00" type="DEFAULT_VEHTYPE" speed="13.06" pos="65.84" lane="3/1to4/1_0" slope="0.00"/>
        <vehicle id="45" x="598.35" y="534.42" angle="0.00" type="DEFAULT_VEHTYPE" speed="13.31" pos="60.83" lane="3/3to3/2_0" slope="0.00"/>
        <vehicle id="46" x="585.22" y="601.65" angle="-90.00" type="DEFAULT_VEHTYPE" speed="9.74" pos="10.03" lane="3/3to2/3_0" slope="0.00"/>
        <vehicle id="47" x="360.41" y="201.65" angle="-90.00" type="DEFAULT_VEHTYPE" speed="12.14" pos="34.84" lane="2/1to1/1_0" slope="0.00"/>
        <vehicle id="49" x="201.65" y="349.82" angle="180.00" type="DEFAULT_VEHTYPE" speed="13.15" pos="145.07" lane="1/1to1/2_0" slope="0.00"/>
        <vehicle id="6" x="201.65" y="459.67" angle="180.00" type="DEFAULT_VEHTYPE" speed="13.72" pos="54.92" lane="1/2to1/3_0" slope="0.00"/>
    </timestep>
    <timestep time="86.00">
        <vehicle id="1" x="214.84" y="401.65" angle="-90.00" type="DEFAULT_VEHTYPE" speed="0.21" pos="180.41" lane="2/2to1/2_0" slope="0.00"/>
        <vehicle id="11" x="401.65" y="670.73" angle="180.00" type="DEFAULT_VEHTYPE" speed="12.69" pos="65.98" lane="2/3to2/4_0" slope="0.00"/>
        <vehicle id="12" x="198.35" y="243.46" angle="0.00" type="DEFAULT_VEHTYPE" speed="12.76" pos="151.79" lane="1/2to1/1_0" slope="0.00"/>
        <vehicle id="13" x="601.65" y="221.56" angle="180.00" type="DEFAULT_VEHTYPE" speed="11.21" pos="16.81" lane="3/1to3/2_0" slope="0.00"/>
        <vehicle id="15" x="601.46" y="603.45" angle="149.54" type="DEFAULT_VEHTYPE" speed="5.56" pos="9.00" lane=":3/3_14_0" slope="0.00"/>
        <vehicle id="17" x="400.16" y="600.14" angle="110.95" type="DEFAULT_VEHTYPE" speed="6.53" pos="5.38" lane=":2/3_14_0" slope="0.00"/>
        <vehicle id="2" x="565.84" y="198.35" angle="90.00" type="DEFAULT_VEHTYPE" speed="13.01" pos="161.09" lane="2/1to3/1_0" slope="0.00"/>
        <vehicle id="20" x="201.11" y="199.25" angle="32.51" type="DEFAULT_VEHTYPE" speed="6.85" pos="6.52" lane=":1/1_2_0" slope="0.00"/>
        <vehicle id="21" x="201.65" y="417.89" angle="180.00" type="DEFAULT_VEHTYPE" speed="12.61" pos="13.14" lane="1/2to1/3_0" slope="0.00"/>
        <vehicle id="23" x="395.65" y="201.71" angle="-38.01" type="DEFAULT_VEHTYPE" speed="13.63" pos="4.60" lane=":2/1_0_0" slope="0.00"/>
        <vehicle id="25" x="207.25" y="401.65" angle="-90.00" type="DEFAULT_VEHTYPE" speed="0.00" pos="188.00" lane="2/2to1/2_0" slope="0.00"/>
        <vehicle id="26" x="201.65" y="643.22" angle="180.00" type="DEFAULT_VEHTYPE" speed="13.45" pos="38.47" lane="1/3to1/4_0" slope="0.00"/>
        <vehicle id="27" x="201.65" y="518.68" angle="180.00" type="DEFAULT_VEHTYPE" speed="12.97" pos="113.93" lane="1/2to1/3_0" slope="0.00"/>
        <vehicle id="28" x="296.20" y="601.65" angle="-90.00" type="DEFAULT_VEHTYPE" speed="13.34" pos="99.05" lane="2/3to1/3_0" slope="0.00"/>
        <vehicle id="29" x="525.53" y="401.65" angle="-90.00" type="DEFAULT_VEHTYPE" speed="12.77" pos="69.72" lane="3/2to2/2_0" slope="0.00"/>
        <vehicle id="3" x="398.35" y="792.49" angle="0.00" type="DEFAULT_VEHTYPE" speed="13.72" pos="7.51" lane="2/4to2/3_0" slope="0.00"/>
        <vehicle id="30" x="198.35" y="762.20" angle="0.00" type="DEFAULT_VEHTYPE" speed="13.68" pos="37.80" lane="1/4to1/3_0" slope="0.00"/>
        <vehicle id="31" x="359.55" y="398.35" angle="90.00" type="DEFAULT_VEHTYPE" speed="13.49" pos="154.80" lane="1/2to2/2_0" slope="0.00"/>
        <vehicle id="32" x="398.35" y="160.41" angle="0.00" type="DEFAULT_VEHTYPE" speed="13.58" pos="34.84" lane="2/1to2/0_0" slope="0.00"/>
        <vehicle id="34" x="401.65" y="385.60" angle="180.00" type="DEFAULT_VEHTYPE" speed="12.66" pos="180.85" lane="2/1to2/2_0" slope="0.00"/>
        <vehicle id="35" x="409.86" y="201.65" angle="-90.00" type="DEFAULT_VEHTYPE" speed="3.03" pos="185.39" lane="3/1to2/1_0" slope="0.00"/>
        <vehicle id="37" x="726.76" y="201.65" angle="-90.00" type="DEFAULT_VEHTYPE" speed="13.66" pos="73.24" lane="4/1to3/1_0" slope="0.00"/>
        <vehicle id="38" x="398.35" y="255.95" angle="0.00" type="DEFAULT_VEHTYPE" speed="13.90" pos="139.30" lane="2/2to2/1_0" slope="0.00"/>
        <vehicle id="4" x="724.06" y="198.35" angle="90.00" type="DEFAULT_VEHTYPE" speed="12.89" pos="119.31" lane="3/1to4/1_0" slope="0.00"/>
        <vehicle id="40" x="298.65" y="201.65" angle="-90.00" type="DEFAULT_VEHTYPE" speed="13.23" pos="96.60" lane="2/1to1/1_0" slope="0.00"/>
        <vehicle id="41" x="225.23" y="201.65" angle="-90.00" type="DEFAULT_VEHTYPE" speed="11.88" pos="170.02" lane="2/1to1/1_0" slope="0.00"/>
        <vehicle id="42" x="317.87" y="401.65" angle="-90.00" type="DEFAULT_VEHTYPE" speed="13.15" pos="77.38" lane="2/2to1/2_0" slope="0.00"/>
        <vehicle id="43" x="495.41" y="201.65" angle="-90.00" type="DEFAULT_VEHTYPE" speed="12.67" pos="99.84" lane="3/1to2/1_0" slope="0.00"/>
        <vehicle id="44" x="684.04" y="198.35" angle="90.00" type="DEFAULT_VEHTYPE" speed="13.45" pos="79.29" lane="3/1to4/1_0" slope="0.00"/>
        <vehicle id="45" x="598.35" y="521.41" angle="0.00" type="DEFAULT_VEHTYPE" speed="13.01" pos="73.84" lane="3/3to3/2_0" slope="0.00"/>
        <vehicle id="46" x="573.36" y="601.65" angle="-90.00" type="DEFAULT_VEHTYPE" speed="11.86" pos="21.89" lane="3/3to2/3_0" slope="0.00"/>
        <vehicle id="47" x="347.73" y="201.65" angle="-90.00" type="DEFAULT_VEHTYPE" speed="12.69" pos="47.52" lane="2/1to1/1_0" slope="0.00"/>
        <vehicle id="49" x="201.65" y="363.25" angle="180.00" type="DEFAULT_VEHTYPE" speed="13.43" pos="158.50" lane="1/1to1/2_0" slope="0.00"/>
        <vehicle id="6" x="201.65" y="473.33" angle="180.00" type="DEFAULT_VEHTYPE" speed="13.66" pos="68.58" lane="1/2to1/3_0" slope="0.00"/>
    </timestep>
    <timestep time="87.00">
        <vehicle id="1" x="214.77" y="401.65" angle="-90.00" type="DEFAULT_VEHTYPE" speed="0.07" pos="180.48" lane="2/2to1/2_0" slope="0.00"/>
        <vehicle id="11" x="401.65" y="683.98" angle="180.00" type="DEFAULT_VEHTYPE" speed="13.25" pos="79.23" lane="2/3to2/4_0" slope="0.00"/>
        <vehicle id="12" x="198.35" y="229.61" angle="0.00" type="DEFAULT_VEHTYPE" speed="13.85" pos="165.64" lane="1/2to1/1_0" slope="0.00"/>
        <vehicle id="13" x="601.65" y="234.22" angle="180.00" type="DEFAULT_VEHTYPE" speed="12.66" pos="29.47" lane="3/1to3/2_0" slope="0.00"/>
        <vehicle id="15" x="601.65" y="610.69" angle="180.00" type="DEFAULT_VEHTYPE" speed="7.25" pos="5.94" lane="3/3to3/4_0" slope="0.00"/>
        <vehicle id="17" x="401.65" y="608.83" angle="178.50" type="DEFAULT_VEHTYPE" speed="9.02" pos="4.08" lane="2/3to2/4_0" slope="0.00"/>
        <vehicle id="2" x="577.12" y="198.35" angle="90.00" type="DEFAULT_VEHTYPE" speed="11.28" pos="172.37" lane="2/1to3/1_0" slope="0.00"/>
        <vehicle id="20" x="209.13" y="198.35" angle="89.00" type="DEFAULT_VEHTYPE" speed="8.19" pos="4.38" lane="1/1to2/1_0" slope="0.00"/>
        <vehicle id="21" x="201.65" y="431.57" angle="180.00" type="DEFAULT_VEHTYPE" speed="13.69" pos="26.82" lane="1/2to1/3_0" slope="0.00"/>
        <vehicle id="23" x="382.61" y="201.65" angle="-90.00" type="DEFAULT_VEHTYPE" speed="13.05" pos="12.64" lane="2/1to1/1_0" slope="0.00"/>
        <vehicle id="25" x="207.25" y="401.65" angle="-90.00" type="DEFAULT_VEHTYPE" speed="0.00" pos="188.00" lane="2/2to1/2_0" slope="0.00"/>
        <vehicle id="26" x="201.65" y="656.52" angle="180.00" type="DEFAULT_VEHTYPE" speed="13.30" pos="51.77" lane="1/3to1/4_0" slope="0.00"/>
        <vehicle id="27" x="201.65" y="531.83" angle="180.00" type="DEFAULT_VEHTYPE" speed="13.15" pos="127.08" lane="1/2to1/3_0" slope="0.00"/>
        <vehicle id="28" x="282.75" y="601.65" angle="-90.00" type="DEFAULT_VEHTYPE" speed="13.45" pos="112.50" lane="2/3to1/3_0" slope="0.00"/>
        <vehicle id="29" x="511.87" y="401.65" angle="-90.00" type="DEFAULT_VEHTYPE" speed="13.65" pos="83.38" lane="3/2to2/2_0" slope="0.00"/>
        <vehicle id="3" x="398.35" y="779.42" angle="0.00" type="DEFAULT_VEHTYPE" speed="13.07" pos="20.58" lane="2/4to2/3_0" slope="0.00"/>
        <vehicle id="30" x="198.35" y="749.17" angle="0.00" type="DEFAULT_VEHTYPE" speed="13.04" pos="50.83" lane="1/4to1/3_0" slope="0.00"/>
        <vehicle id="31" x="372.67" y="398.35" angle="90.00" type="DEFAULT_VEHTYPE" speed="13.12" pos="167.92" lane="1/2to2/2_0" slope="0.00"/>
        <vehicle id="32" x="398.35" y="147.34" angle="0.00" type="DEFAULT_VEHTYPE" speed="13.07" pos="47.91" lane="2/1to2/0_0" slope="0.00"/>
        <vehicle id="35" x="404.53" y="201.68" angle="-90.35" type="DEFAULT_VEHTYPE" speed="5.33" pos="0.22" lane=":2/1_4_0" slope="0.00"/>
        <vehicle id="37" x="713.40" y="201.65" angle="-90.00" type="DEFAULT_VEHTYPE" speed="13.35" pos="86.60" lane="4/1to3/1_0" slope="0.00"/>
        <vehicle id="38" x="398.35" y="242.66" angle="0.00" type="DEFAULT_VEHTYPE" speed="13.29" pos="152.59" lane="2/2to2/1_0" slope="0.00"/>
        <vehicle id="4" x="737.55" y="198.35" angle="90.00" type="DEFAULT_VEHTYPE" speed="13.49" pos="132.80" lane="3/1to4/1_0" slope="0.00"/>
        <vehicle id="40" x="285.37" y="201.65" angle="-90.00" type="DEFAULT_VEHTYPE" speed="13.28" pos="109.88" lane="2/1to1/1_0" slope="0.00"/>
        <vehicle id="41" x="217.53" y="201.65" angle="-90.00" type="DEFAULT_VEHTYPE" speed="7.71" pos="177.72" lane="2/1to1/1_0" slope="0.00"/>
        <vehicle id="42" x="305.26" y="401.65" angle="-90.00" type="DEFAULT_VEHTYPE" speed="12.61" pos="89.99" lane="2/2to1/2_0" slope="0.00"/>
        <vehicle id="43" x="481.98" y="201.65" angle="-90.00" type="DEFAULT_VEHTYPE" speed="13.43" pos="113.27" lane="3/1to2/1_0" slope="0.00"/>
        <vehicle id="44" x="697.20" y="198.35" angle="90.00" type="DEFAULT_VEHTYPE" speed="13.17" pos="92.45" lane="3/1to4/1_0" slope="0.00"/>
        <vehicle id="45" x="598.35" y="508.73" angle="0.00" type="DEFAULT_VEHTYPE" speed="12.68" pos="86.52" lane="3/3to3/2_0" slope="0.00"/>
        <vehicle id="46" x="560.30" y="601.65" angle="-90.00" type="DEFAULT_VEHTYPE" speed="13.06" pos="34.95" lane="3/3to2/3_0" slope="0.00"/>
        <vehicle id="47" x="334.12" y="201.65" angle="-90.00" type="DEFAULT_VEHTYPE" speed="13.60" pos="61.13" lane="2/1to1/1_0" slope="0.00"/>
        <vehicle id="49" x="201.65" y="376.09" angle="180.00" type="DEFAULT_VEHTYPE" speed="12.84" pos="171.34" lane="1/1to1/2_0" slope="0.00"/>
        <vehicle id="6" x="201.65" y="486.50" angle="180.00" type="DEFAULT_VEHTYPE" speed="13.17" pos="81.75" lane="1/2to1/3_0" slope="0.00"/>
    </timestep>
    <timestep time="88.00">
        <vehicle id="1" x="214.75" y="401.65" angle="-90.00" type="DEFAULT_VEHTYPE" speed="0.02" pos="180.50" lane="2/2to1/2_0" slope="0.00"/>
        <vehicle id="11" x="401.65" y="697.09" angle="180.00" type="DEFAULT_VEHTYPE" speed="13.11" pos="92.34" lane="2/3to2/4_0" slope="0.00"/>
        <vehicle id="12" x="198.35" y="216.35" angle="0.00" type="DEFAULT_VEHTYPE" speed="13.26" pos="178.90" lane="1/2to1/1_0" slope="0.00"/>
        <vehicle id="13" x="601.65" y="247.28" angle="180.00" type="DEFAULT_VEHTYPE" speed="13.06" pos="42.53" lane="3/1to3/2_0" slope="0.00"/>
        <vehicle id="15" x="601.65" y="619.88" angle="180.00" type="DEFAULT_VEHTYPE" speed="9.19" pos="15.13" lane="3/3to3/4_0" slope="0.00"/>
        <vehicle id="17" x="401.65" y="619.94" angle="180.00" type="DEFAULT_VEHTYPE" speed="11.12" pos="15.19" lane="2/3to2/4_0" slope="0.00"/>
        <vehicle id="2" x="584.32" y="198.35" angle="90.00" type="DEFAULT_VEHTYPE" speed="7.20" pos="179.57" lane="2/1to3/1_0" slope="0.00"/>
        <vehicle id="20" x="219.16" y="198.35" angle="90.00" type="DEFAULT_VEHTYPE" speed="10.03" pos="14.41" lane="1/1to2/1_0" slope="0.00"/>
        <vehicle id="21" x="201.65" y="444.69" angle="180.00" type="DEFAULT_VEHTYPE" speed="13.11" pos="39.94" lane="1/2to1/3_0" slope="0.00"/>
        <vehicle id="23" x="369.90" y="201.65" angle="-90.00" type="DEFAULT_VEHTYPE" speed="12.71" pos="25.35" lane="2/1to1/1_0" slope="0.00"/>
        <vehicle id="25" x="207.25" y="401.65" angle="-90.00" type="DEFAULT_VEHTYPE" speed="0.00" pos="188.00" lane="2/2to1/2_0" slope="0.00"/>
        <vehicle id="26" x="201.65" y="670.25" angle="180.00" type="DEFAULT_VEHTYPE" speed="13.72" pos="65.50" lane="1/3to1/4_0" slope="0.00"/>
        <vehicle id="27" x="201.65" y="545.55" angle="180.00" type="DEFAULT_VEHTYPE" speed="13.72" pos="140.80" lane="1/2to1/3_0" slope="0.00"/>
        <vehicle id="28" x="269.67" y="601.65" angle="-90.00" type="DEFAULT_VEHTYPE" speed="13.08" pos="125.58" lane="2/3to1/3_0" slope="0.00"/>
        <vehicle id="29" x="498.96" y="401.65" angle="-90.00" type="DEFAULT_VEHTYPE" speed="12.91" pos="96.29" lane="3/2to2/2_0" slope="0.00"/>
        <vehicle id="3" x="398.35" y="765.63" angle="0.00" type="DEFAULT_VEHTYPE" speed="13.78" pos="34.37" lane="2/4to2/3_0" slope="0.00"/>
        <vehicle id="30" x="198.35" y="735.87" angle="0.00" type="DEFAULT_VEHTYPE" speed="13.29" pos="64.13" lane="1/4to1/3_0" slope="0.00"/>
        <vehicle id="31" x="381.72" y="398.35" angle="90.00" type="DEFAULT_VEHTYPE" speed="9.05" pos="176.97" lane="1/2to2/2_0" slope="0.00"/>
        <vehicle id="32" x="398.35" y="133.47" angle="0.00" type="DEFAULT_VEHTYPE" speed="13.87" pos="61.78" lane="2/1to2/0_0" slope="0.00"/>
        <vehicle id="35" x="401.65" y="207.66" angle="-173.44" type="DEFAULT_VEHTYPE" speed="7.69" pos="2.91" lane="2/1to2/2_0" slope="0.00"/>
        <vehicle id="37" x="700.32" y="201.65" angle="-90.00" type="DEFAULT_VEHTYPE" speed="13.09" pos="99.68" lane="4/1to3/1_0" slope="0.00"/>
        <vehicle id="38" x="398.35" y="229.09" angle="0.00" type="DEFAULT_VEHTYPE" speed="13.56" pos="166.16" lane="2/2to2/1_0" slope="0.00"/>
        <vehicle id="4" x="750.50" y="198.35" angle="90.00" type="DEFAULT_VEHTYPE" speed="12.96" pos="145.75" lane="3/1to4/1_0" slope="0.00"/>
        <vehicle id="40" x="271.67" y="201.65" angle="-90.00" type="DEFAULT_VEHTYPE" speed="13.70" pos="123.58" lane="2/1to1/1_0" slope="0.00"/>
        <vehicle id="41" x="212.68" y="201.65" angle="-90.00" type="DEFAULT_VEHTYPE" speed="4.85" pos="182.57" lane="2/1to1/1_0" slope="0.00"/>
        <vehicle id="42" x="292.49" y="401.65" angle="-90.00" type="DEFAULT_VEHTYPE" speed="12.77" pos="102.76" lane="2/2to1/2_0" slope="0.00"/>
        <vehicle id="43" x="468.85" y="201.65" angle="-90.00" type="DEFAULT_VEHTYPE" speed="13.13" pos="126.40" lane="3/1to2/1_0" slope="0.00"/>
        <vehicle id="44" x="710.38" y="198.35" angle="90.00" type="DEFAULT_VEHTYPE" speed="13.18" pos="105.63" lane="3/1to4/1_0" slope="0.00"/>
        <vehicle id="45" x="598.35" y="495.43" angle="0.00" type="DEFAULT_VEHTYPE" speed="13.30" pos="99.82" lane="3/3to3/2_0" slope="0.00"/>
        <vehicle id="46" x="546.63" y="601.65" angle="-90.00" type="DEFAULT_VEHTYPE" speed="13.67" pos="48.62" lane="3/3to2/3_0" slope="0.00"/>
        <vehicle id="47" x="320.77" y="201.65" angle="-90.00" type="DEFAULT_VEHTYPE" speed="13.35" pos="74.48" lane="2/1to1/1_0" slope="0.00"/>
        <vehicle id="49" x="201.65" y="389.85" angle="180.00" type="DEFAULT_VEHTYPE" speed="13.75" pos="185.10" lane="1/1to1/2_0" slope="0.00"/>
        <vehicle id="6" x="201.65" y="500.15" angle="180.00" type="DEFAULT_VEHTYPE" speed="13.65" pos="95.40" lane="1/2to1/3_0" slope="0.00"/>
    </timestep>
    <timestep time="89.00">
        <vehicle id="1" x="214.75" y="401.65" angle="-90.00" type="DEFAULT_VEHTYPE" speed="0.00" pos="180.50" lane="2/2to1/2_0" slope="0.00"/>
        <vehicle id="11" x="401.65" y="710.27" angle="180.00" type="DEFAULT_VEHTYPE" speed="13.19" pos="105.52" lane="2/3to2/4_0" slope="0.00"/>
        <vehicle id="12" x="198.01" y="203.14" angle="-3.95" type="DEFAULT_VEHTYPE" speed="13.26" pos="1.66" lane=":1/1_0_0" slope="0.00"/>
        <vehicle id="13" x="601.65" y="260.94" angle="180.00" type="DEFAULT_VEHTYPE" speed="13.67" pos="56.19" lane="3/1to3/2_0" slope="0.00"/>
        <vehicle id="15" x="601.65" y="631.08" angle="180.00" type="DEFAULT_VEHTYPE" speed="11.20" pos="26.33" lane="3/3to3/4_0" slope="0.00"/>
        <vehicle id="17" x="401.65" y="633.20" angle="180.00" type="DEFAULT_VEHTYPE" speed="13.25" pos="28.45" lane="2/3to2/4_0" slope="0.00"/>
        <vehicle id="2" x="588.70" y="198.35" angle="90.00" type="DEFAULT_VEHTYPE" speed="4.39" pos="183.95" lane="2/1to3/1_0" slope="0.00"/>
        <vehicle id="20" x="230.81" y="198.35" angle="90.00" type="DEFAULT_VEHTYPE" speed="11.65" pos="26.06" lane="1/1to2/1_0" slope="0.00"/>
        <vehicle id="21" x="201.65" y="457.75" angle="180.00" type="DEFAULT_VEHTYPE" speed="13.07" pos="53.00" lane="1/2to1/3_0" slope="0.00"/>
        <vehicle id="23" x="357.15" y="201.65" angle="-90.00" type="DEFAULT_VEHTYPE" speed="12.74" pos="38.10" lane="2/1to1/1_0" slope="0.00"/>
        <vehicle id="25" x="207.25" y="401.65" angle="-90.00" type="DEFAULT_VEHTYPE" speed="0.00" pos="188.00" lane="2/2to1/2_0" slope="0.00"/>
        <vehicle id="26" x="201.65" y="683.43" angle="180.00" type="DEFAULT_VEHTYPE" speed="13.19" pos="78.68" lane="1/3to1/4_0" slope="0.00"/>
        <vehicle id="27" x="201.65" y="558.97" angle="180.00" type="DEFAULT_VEHTYPE" speed="13.42" pos="154.22" lane="1/2to1/3_0" slope="0.00"/>
        <vehicle id="28" x="256.21" y="601.65" angle="-90.00" type="DEFAULT_VEHTYPE" speed="13.46" pos="139.04" lane="2/3to1/3_0" slope="0.00"/>
        <vehicle id="29" x="485.66" y="401.65" angle="-90.00" type="DEFAULT_VEHTYPE" speed="13.30" pos="109.59" lane="3/2to2/2_0" slope="0.00"/>
        <vehicle id="3" x="398.35" y="751.81" angle="0.00" type="DEFAULT_VEHTYPE" speed="13.82" pos="48.19" lane="2/4to2/3_0" slope="0.00"/>
        <vehicle id="30" x="198.35" y="723.01" angle="0.00" type="DEFAULT_VEHTYPE" speed="12.86" pos="76.99" lane="1/4to1/3_0" slope="0.00"/>
        <vehicle id="31" x="387.73" y="398.35" angle="90.00" type="DEFAULT_VEHTYPE" speed="6.01" pos="182.98" lane="1/2to2/2_0" slope="0.00"/>
        <vehicle id="32" x="398.35" y="120.43" angle="0.00" type="DEFAULT_VEHTYPE" speed="13.04" pos="74.82" lane="2/1to2/0_0" slope="0.00"/>
        <vehicle id="35" x="401.65" y="217.07" angle="180.00" type="DEFAULT_VEHTYPE" speed="9.41" pos="12.32" lane="2/1to2/2_0" slope="0.00"/>
        <vehicle id="37" x="687.25" y="201.65" angle="-90.00" type="DEFAULT_VEHTYPE" speed="13.07" pos="112.75" lane="4/1to3/1_0" slope="0.00"/>
        <vehicle id="38" x="398.35" y="215.78" angle="0.00" type="DEFAULT_VEHTYPE" speed="13.31" pos="179.47" lane="2/2to2/1_0" slope="0.00"/>
        <vehicle id="4" x="764.23" y="198.35" angle="90.00" type="DEFAULT_VEHTYPE" speed="13.72" pos="159.48" lane="3/1to4/1_0" slope="0.00"/>
        <vehicle id="40" x="257.86" y="201.65" angle="-90.00" type="DEFAULT_VEHTYPE" speed="13.80" pos="137.39" lane="2/1to1/1_0" slope="0.00"/>
        <vehicle id="41" x="208.99" y="201.65" angle="-90.00" type="DEFAULT_VEHTYPE" speed="3.68" pos="186.26" lane="2/1to1/1_0" slope="0.00"/>
        <vehicle id="42" x="278.94" y="401.65" angle="-90.00" type="DEFAULT_VEHTYPE" speed="13.55" pos="116.31" lane="2/2to1/2_0" slope="0.00"/>
        <vehicle id="43" x="455.64" y="201.65" angle="-90.00" type="DEFAULT_VEHTYPE" speed="13.21" pos="139.61" lane="3/1to2/1_0" slope="0.00"/>
        <vehicle id="44" x="723.10" y="198.35" angle="90.00" type="DEFAULT_VEHTYPE" speed="12.72" pos="118.35" lane="3/1to4/1_0" slope="0.00"/>
        <vehicle id="45" x="598.35" y="482.71" angle="0.00" type="DEFAULT_VEHTYPE" speed="12.72" pos="112.54" lane="3/3to3/2_0" slope="0.00"/>
        <vehicle id="46" x="533.89" y="601.65" angle="-90.00" type="DEFAULT_VEHTYPE" speed="12.73" pos="61.36" lane="3/3to2/3_0" slope="0.00"/>
        <vehicle id="47" x="307.14" y="201.65" angle="-90.00" type="DEFAULT_VEHTYPE" speed="13.63" pos="88.11" lane="2/1to1/1_0" slope="0.00"/>
        <vehicle id="49" x="201.65" y="403.71" angle="180.00" type="DEFAULT_VEHTYPE" speed="13.87" pos="8.46" lane=":1/2_9_0" slope="0.00"/>
        <vehicle id="6" x="201.65" y="513.73" angle="180.00" type="DEFAULT_VEHTYPE" speed="13.59" pos="108.98" lane="1/2to1/3_0" slope="0.00"/>
    </timestep>
    <timestep time="90.00">
        <vehicle id="1" x="214.75" y="401.65" angle="-90.00" type="DEFAULT_VEHTYPE" speed="0.00" pos="180.50" lane="2/2to1/2_0" slope="0.00"/>
        <vehicle id="11" x="401.65" y="723.86" angle="180.00" type="DEFAULT_VEHTYPE" speed="13.58" pos="119.11" lane="2/3to2/4_0" slope="0.00"/>
        <vehicle id="12" x="185.91" y="201.65" angle="-90.00" type="DEFAULT_VEHTYPE" speed="12.68" pos="9.34" lane="1/1to0/1_0" slope="0.00"/>
        <vehicle id="13" x="601.65" y="273.62" angle="180.00" type="DEFAULT_VEHTYPE" speed="12.67" pos="68.87" lane="3/1to3/2_0" slope="0.00"/>
        <vehicle id="15" x="601.65" y="644.84" angle="180.00" type="DEFAULT_VEHTYPE" speed="13.76" pos="40.09" lane="3/3to3/4_0" slope="0.00"/>
        <vehicle id="17" x="401.65" y="646.45" angle="180.00" type="DEFAULT_VEHTYPE" speed="13.25" pos="41.70" lane="2/3to2/4_0" slope="0.00"/>
        <vehicle id="2" x="594.41" y="198.35" angle="90.00" type="DEFAULT_VEHTYPE" speed="5.71" pos="189.66" lane="2/1to3/1_0" slope="0.00"/>
        <vehicle id="20" x="243.75" y="198.35" angle="90.00" type="DEFAULT_VEHTYPE" speed="12.95" pos="39.00" lane="1/1to2/1_0" slope="0.00"/>
        <vehicle id="21" x="201.65" y="470.91" angle="180.00" type="DEFAULT_VEHTYPE" speed="13.15" pos="66.16" lane="1/2to1/3_0" slope="0.00"/>
        <vehicle id="23" x="343.86" y="201.65" angle="-90.00" type="DEFAULT_VEHTYPE" speed="13.30" pos="51.39" lane="2/1to1/1_0" slope="0.00"/>
        <vehicle id="25" x="204.66" y="401.64" angle="-89.86" type="DEFAULT_VEHTYPE" speed="2.59" pos="0.09" lane=":1/2_6_0" slope="0.00"/>
        <vehicle id="26" x="201.65" y="697.09" angle="180.00" type="DEFAULT_VEHTYPE" speed="13.65" pos="92.34" lane="1/3to1/4_0" slope="0.00"/>
        <vehicle id="27" x="201.65" y="572.86" angle="180.00" type="DEFAULT_VEHTYPE" speed="13.89" pos="168.11" lane="1/2to1/3_0" slope="0.00"/>
        <vehicle id="28" x="242.64" y="601.65" angle="-90.00" type="DEFAULT_VEHTYPE" speed="13.57" pos="152.61" lane="2/3to1/3_0" slope="0.00"/>
        <vehicle id="29" x="472.89" y="401.65" angle="-90.00" type="DEFAULT_VEHTYPE" speed="12.77" pos="122.36" lane="3/2to2/2_0" slope="0.00"/>
        <vehicle id="3" x="398.35" y="738.11" angle="0.00" type="DEFAULT_VEHTYPE" speed="13.71" pos="61.89" lane="2/4to2/3_0" slope="0.00"/>
        <vehicle id="30" x="198.35" y="710.23" angle="0.00" type="DEFAULT_VEHTYPE" speed="12.78" pos="89.77" lane="1/4to1/3_0" slope="0.00"/>
        <vehicle id="31" x="390.21" y="398.35" angle="90.00" type="DEFAULT_VEHTYPE" speed="2.48" pos="185.46" lane="1/2to2/2_0" slope="0.00"/>
        <vehicle id="32" x="398.35" y="107.43" angle="0.00" type="DEFAULT_VEHTYPE" speed="13.00" pos="87.82" lane="2/1to2/0_0" slope="0.00"/>
        <vehicle id="35" x="401.65" y="228.55" angle="180.00" type="DEFAULT_VEHTYPE" speed="11.48" pos="23.80" lane="2/1to2/2_0" slope="0.00"/>
        <vehicle id="37" x="673.53" y="201.65" angle="-90.00" type="DEFAULT_VEHTYPE" speed="13.73" pos="126.47" lane="4/1to3/1_0" slope="0.00"/>
        <vehicle id="38" x="397.86" y="202.89" angle="-5.67" type="DEFAULT_VEHTYPE" speed="12.98" pos="1.95" lane=":2/1_0_0" slope="0.00"/>
        <vehicle id="4" x="777.66" y="198.35" angle="90.00" type="DEFAULT_VEHTYPE" speed="13.43" pos="172.91" lane="3/1to4/1_0" slope="0.00"/>
        <vehicle id="40" x="244.55" y="201.65" angle="-90.00" type="DEFAULT_VEHTYPE" speed="13.31" pos="150.70" lane="2/1to1/1_0" slope="0.00"/>
        <vehicle id="41" x="203.07" y="202.03" angle="-94.45" type="DEFAULT_VEHTYPE" speed="5.99" pos="1.75" lane=":1/1_4_0" slope="0.00"/>
        <vehicle id="42" x="265.05" y="401.65" angle="-90.00" type="DEFAULT_VEHTYPE" speed="13.88" pos="130.20" lane="2/2to1/2_0" slope="0.00"/>
        <vehicle id="43" x="442.66" y="201.65" angle="-90.00" type="DEFAULT_VEHTYPE" speed="12.97" pos="152.59" lane="3/1to2/1_0" slope="0.00"/>
        <vehicle id="44" x="736.63" y="198.35" angle="90.00" type="DEFAULT_VEHTYPE" speed="13.54" pos="131.88" lane="3/1to4/1_0" slope="0.00"/>
        <vehicle id="45" x="598.35" y="468.85" angle="0.00" type="DEFAULT_VEHTYPE" speed="13.87" pos="126.40" lane="3/3to3/2_0" slope="0.00"/>
        <vehicle id="46" x="520.33" y="601.65" angle="-90.00" type="DEFAULT_VEHTYPE" speed="13.57" pos="74.92" lane="3/3to2/3_0" slope="0.00"/>
        <vehicle id="47" x="293.38" y="201.65" angle="-90.00" type="DEFAULT_VEHTYPE" speed="13.76" pos="101.87" lane="2/1to1/1_0" slope="0.00"/>
        <vehicle id="49" x="201.65" y="416.73" angle="180.00" type="DEFAULT_VEHTYPE" speed="13.02" pos="11.98" lane="1/2to1/3_0" slope="0.00"/>
        <vehicle id="6" x="201.65" y="527.22" angle="180.00" type="DEFAULT_VEHTYPE" speed="13.49" pos="122.47" lane="1/2to1/3_0" slope="0.00"/>
    </timestep>
    <timestep time="91.00">
        <vehicle id="1" x="213.18" y="401.65" angle="-90.00" type="DEFAULT_VEHTYPE" speed="1.58" pos="182.07" lane="2/2to1/2_0" slope="0.00"/>
        <vehicle id="11" x="401.65" y="737.31" angle="180.00" type="DEFAULT_VEHTYPE" speed="13.45" pos="132.56" lane="2/3to2/4_0" slope="0.00"/>
        <vehicle id="12" x="172.32" y="201.65" angle="-90.00" type="DEFAULT_VEHTYPE" speed="13.59" pos="22.93" lane="1/1to0/1_0" slope="0.00"/>
        <vehicle id="13" x="601.65" y="287.16" angle="180.00" type="DEFAULT_VEHTYPE" speed="13.54" pos="82.41" lane="3/1to3/2_0" slope="0.00"/>
        <vehicle id="15" x="601.65" y="657.84" angle="180.00" type="DEFAULT_VEHTYPE" speed="13.00" pos="53.09" lane="3/3to3/4_0" slope="0.00"/>
        <vehicle id="17" x="401.65" y="660.14" angle="180.00" type="DEFAULT_VEHTYPE" speed="13.70" pos="55.39" lane="2/3to2/4_0" slope="0.00"/>
        <vehicle id="2" x="602.30" y="198.35" angle="90.00" type="DEFAULT_VEHTYPE" speed="7.88" pos="7.05" lane=":3/1_13_0" slope="0.00"/>
        <vehicle id="20" x="257.42" y="198.35" angle="90.00" type="DEFAULT_VEHTYPE" speed="13.67" pos="52.67" lane="1/1to2/1_0" slope="0.00"/>
        <vehicle id="21" x="201.65" y="484.31" angle="180.00" type="DEFAULT_VEHTYPE" speed="13.40" pos="79.56" lane="1/2to1/3_0" slope="0.00"/>
        <vehicle id="23" x="330.45" y="201.65" angle="-90.00" type="DEFAULT_VEHTYPE" speed="13.40" pos="64.80" lane="2/1to1/1_0" slope="0.00"/>
        <vehicle id="25" x="200.09" y="400.13" angle="-71.97" type="DEFAULT_VEHTYPE" speed="4.91" pos="5.00" lane=":1/2_6_0" slope="0.00"/>
        <vehicle id="26" x="201.65" y="710.24" angle="180.00" type="DEFAULT_VEHTYPE" speed="13.15" pos="105.49" lane="1/3to1/4_0" slope="0.00"/>
        <vehicle id="27" x="201.65" y="586.71" angle="180.00" type="DEFAULT_VEHTYPE" speed="13.85" pos="181.96" lane="1/2to1/3_0" slope="0.00"/>
        <vehicle id="28" x="229.67" y="601.65" angle="-90.00" type="DEFAULT_VEHTYPE" speed="12.97" pos="165.58" lane="2/3to1/3_0" slope="0.00"/>
        <vehicle id="29" x="459.57" y="401.65" angle="-90.00" type="DEFAULT_VEHTYPE" speed="13.31" pos="135.68" lane="3/2to2/2_0" slope="0.00"/>
        <vehicle id="3" x="398.35" y="725.28" angle="0.00" type="DEFAULT_VEHTYPE" speed="12.83" pos="74.72" lane="2/4to2/3_0" slope="0.00"/>
        <vehicle id="30" x="198.35" y="696.89" angle="0.00" type="DEFAULT_VEHTYPE" speed="13.34" pos="103.11" lane="1/4to1/3_0" slope="0.00"/>
        <vehicle id="31" x="394.97" y="398.35" angle="90.00" type="DEFAULT_VEHTYPE" speed="4.76" pos="190.22" lane="1/2to2/2_0" slope="0.00"/>
        <vehicle id="32" x="398.35" y="94.24" angle="0.00" type="DEFAULT_VEHTYPE" speed="13.19" pos="101.01" lane="2/1to2/0_0" slope="0.00"/>
        <vehicle id="35" x="401.65" y="242.44" angle="180.00" type="DEFAULT_VEHTYPE" speed="13.89" pos="37.69" lane="2/1to2/2_0" slope="0.00"/>
        <vehicle id="37" x="660.11" y="201.65" angle="-90.00" type="DEFAULT_VEHTYPE" speed="13.41" pos="139.89" lane="4/1to3/1_0" slope="0.00"/>
        <vehicle id="38" x="385.50" y="201.65" angle="-90.00" type="DEFAULT_VEHTYPE" speed="12.79" pos="9.75" lane="2/1to1/1_0" slope="0.00"/>
        <vehicle id="4" x="790.37" y="198.35" angle="90.00" type="DEFAULT_VEHTYPE" speed="12.71" pos="185.62" lane="3/1to4/1_0" slope="0.00"/>
        <vehicle id="40" x="231.57" y="201.65" angle="-90.00" type="DEFAULT_VEHTYPE" speed="12.99" pos="163.68" lane="2/1to1/1_0" slope="0.00"/>
        <vehicle id="41" x="201.65" y="208.97" angle="-178.76" type="DEFAULT_VEHTYPE" speed="7.48" pos="4.22" lane="1/1to1/2_0" slope="0.00"/>
        <vehicle id="42" x="251.96" y="401.65" angle="-90.00" type="DEFAULT_VEHTYPE" speed="13.09" pos="143.29" lane="2/2to1/2_0" slope="0.00"/>
        <vehicle id="43" x="429.18" y="201.65" angle="-90.00" type="DEFAULT_VEHTYPE" speed="13.49" pos="166.07" lane="3/1to2/1_0" slope="0.00"/>
        <vehicle id="44" x="749.65" y="198.35" angle="90.00" type="DEFAULT_VEHTYPE" speed="13.02" pos="144.90" lane="3/1to4/1_0" slope="0.00"/>
        <vehicle id="45" x="598.35" y="455.28" angle="0.00" type="DEFAULT_VEHTYPE" speed="13.57" pos="139.97" lane="3/3to3/2_0" slope="0.00"/>
        <vehicle id="46" x="506.52" y="601.65" angle="-90.00" type="DEFAULT_VEHTYPE" speed="13.80" pos="88.73" lane="3/3to2/3_0" slope="0.00"/>
        <vehicle id="47" x="280.23" y="201.65" angle="-90.00" type="DEFAULT_VEHTYPE" speed="13.15" pos="115.02" lane="2/1to1/1_0" slope="0.00"/>
        <vehicle id="49" x="201.65" y="429.95" angle="180.00" type="DEFAULT_VEHTYPE" speed="13.21" pos="25.20" lane="1/2to1/3_0" slope="0.00"/>
        <vehicle id="6" x="201.65" y="540.19" angle="180.00" type="DEFAULT_VEHTYPE" speed="12.97" pos="135.44" lane="1/2to1/3_0" slope="0.00"/>
    </timestep>
    <timestep time="92.00">
        <vehicle id="1" x="209.69" y="401.65" angle="-90.00" type="DEFAULT_VEHTYPE" speed="3.49" pos="185.56" lane="2/2to1/2_0" slope="0.00"/>
        <vehicle id="11" x="401.65" y="751.16" angle="180.00" type="DEFAULT_VEHTYPE" speed="13.86" pos="146.41" lane="2/3to2/4_0" slope="0.00"/>
        <vehicle id="12" x="158.49" y="201.65" angle="-90.00" type="DEFAULT_VEHTYPE" speed="13.83" pos="36.76" lane="1/1to0/1_0" slope="0.00"/>
        <vehicle id="13" x="601.65" y="300.91" angle="180.00" type="DEFAULT_VEHTYPE" speed="13.75" pos="96.16" lane="3/1to3/2_0" slope="0.00"/>
        <vehicle id="15" x="601.65" y="671.08" angle="180.00" type="DEFAULT_VEHTYPE" speed="13.24" pos="66.33" lane="3/3to3/4_0" slope="0.00"/>
        <vehicle id="17" x="401.65" y="673.25" angle="180.00" type="DEFAULT_VEHTYPE" speed="13.10" pos="68.50" lane="2/3to2/4_0" slope="0.00"/>
        <vehicle id="2" x="612.33" y="198.35" angle="90.00" type="DEFAULT_VEHTYPE" speed="10.03" pos="7.58" lane="3/1to4/1_0" slope="0.00"/>
        <vehicle id="20" x="271.14" y="198.35" angle="90.00" type="DEFAULT_VEHTYPE" speed="13.72" pos="66.39" lane="1/1to2/1_0" slope="0.00"/>
        <vehicle id="21" x="201.65" y="497.95" angle="180.00" type="DEFAULT_VEHTYPE" speed="13.64" pos="93.20" lane="1/2to1/3_0" slope="0.00"/>
        <vehicle id="23" x="316.95" y="201.65" angle="-90.00" type="DEFAULT_VEHTYPE" speed="13.50" pos="78.30" lane="2/1to1/1_0" slope="0.00"/>
        <vehicle id="25" x="198.35" y="393.22" angle="-5.45" type="DEFAULT_VEHTYPE" speed="7.35" pos="2.03" lane="1/2to1/1_0" slope="0.00"/>
        <vehicle id="26" x="201.65" y="723.49" angle="180.00" type="DEFAULT_VEHTYPE" speed="13.25" pos="118.74" lane="1/3to1/4_0" slope="0.00"/>
        <vehicle id="27" x="204.98" y="598.35" angle="131.06" type="DEFAULT_VEHTYPE" speed="13.77" pos="0.23" lane="1/3to2/3_0" slope="0.00"/>
        <vehicle id="28" x="219.79" y="601.65" angle="-90.00" type="DEFAULT_VEHTYPE" speed="9.88" pos="175.46" lane="2/3to1/3_0" slope="0.00"/>
        <vehicle id="29" x="446.43" y="401.65" angle="-90.00" type="DEFAULT_VEHTYPE" speed="13.14" pos="148.82" lane="3/2to2/2_0" slope="0.00"/>
        <vehicle id="3" x="398.35" y="711.74" angle="0.00" type="DEFAULT_VEHTYPE" speed="13.54" pos="88.26" lane="2/4to2/3_0" slope="0.00"/>
        <vehicle id="30" x="198.35" y="683.77" angle="0.00" type="DEFAULT_VEHTYPE" speed="13.12" pos="116.23" lane="1/4to1/3_0" slope="0.00"/>
        <vehicle id="31" x="398.35" y="393.94" angle="23.05" type="DEFAULT_VEHTYPE" speed="6.59" pos="1.31" lane="2/2to2/1_0" slope="0.00"/>
        <vehicle id="32" x="398.35" y="81.02" angle="0.00" type="DEFAULT_VEHTYPE" speed="13.22" pos="114.23" lane="2/1to2/0_0" slope="0.00"/>
        <vehicle id="35" x="401.65" y="256.22" angle="180.00" type="DEFAULT_VEHTYPE" speed="13.78" pos="51.47" lane="2/1to2/2_0" slope="0.00"/>
        <vehicle id="37" x="647.05" y="201.65" angle="-90.00" type="DEFAULT_VEHTYPE" speed="13.07" pos="152.95" lane="4/1to3/1_0" slope="0.00"/>
        <vehicle id="38" x="372.41" y="201.65" angle="-90.00" type="DEFAULT_VEHTYPE" speed="13.09" pos="22.84" lane="2/1to1/1_0" slope="0.00"/>
        <vehicle id="4" x="801.25" y="200.79" angle="129.49" type="DEFAULT_VEHTYPE" speed="12.93" pos="3.30" lane=":4/1_0_0" slope="0.00"/>
        <vehicle id="40" x="221.53" y="201.65" angle="-90.00" type="DEFAULT_VEHTYPE" speed="10.04" pos="173.72" lane="2/1to1/1_0" slope="0.00"/>
        <vehicle id="41" x="201.65" y="218.66" angle="180.00" type="DEFAULT_VEHTYPE" speed="9.69" pos="13.91" lane="1/1to1/2_0" slope="0.00"/>
        <vehicle id="42" x="239.37" y="401.65" angle="-90.00" type="DEFAULT_VEHTYPE" speed="12.59" pos="155.88" lane="2/2to1/2_0" slope="0.00"/>
        <vehicle id="43" x="419.87" y="201.65" angle="-90.00" type="DEFAULT_VEHTYPE" speed="9.30" pos="175.38" lane="3/1to2/1_0" slope="0.00"/>
        <vehicle id="44" x="762.58" y="198.35" angle="90.00" type="DEFAULT_VEHTYPE" speed="12.93" pos="157.83" lane="3/1to4/1_0" slope="0.00"/>
        <vehicle id="45" x="598.35" y="441.96" angle="0.00" type="DEFAULT_VEHTYPE" speed="13.31" pos="153.29" lane="3/3to3/2_0" slope="0.00"/>
        <vehicle id="46" x="493.66" y="601.65" angle="-90.00" type="DEFAULT_VEHTYPE" speed="12.86" pos="101.59" lane="3/3to2/3_0" slope="0.00"/>
        <vehicle id="47" x="267.31" y="201.65" angle="-90.00" type="DEFAULT_VEHTYPE" speed="12.91" pos="127.94" lane="2/1to1/1_0" slope="0.00"/>
        <vehicle id="49" x="201.65" y="443.42" angle="180.00" type="DEFAULT_VEHTYPE" speed="13.48" pos="38.67" lane="1/2to1/3_0" slope="0.00"/>
        <vehicle id="6" x="201.65" y="553.15" angle="180.00" type="DEFAULT_VEHTYPE" speed="12.96" pos="148.40" lane="1/2to1/3_0" slope="0.00"/>
    </timestep>
    <timestep time="93.00">
        <vehicle id="1" x="204.08" y="401.65" angle="-90.00" type="DEFAULT_VEHTYPE" speed="5.61" pos="0.67" lane=":1/2_5_0" slope="0.00"/>
        <vehicle id="11" x="401.65" y="764.04" angle="180.00" type="DEFAULT_VEHTYPE" speed="12.88" pos="159.29" lane="2/3to2/4_0" slope="0.00"/>
        <vehicle id="12" x="144.71" y="201.65" angle="-90.00" type="DEFAULT_VEHTYPE" speed="13.78" pos="50.54" lane="1/1to0/1_0" slope="0.00"/>
        <vehicle id="13" x="601.65" y="313.77" angle="180.00" type="DEFAULT_VEHTYPE" speed="12.85" pos="109.02" lane="3/1to3/2_0" slope="0.00"/>
        <vehicle id="15" x="601.65" y="684.41" angle="180.00" type="DEFAULT_VEHTYPE" speed="13.33" pos="79.66" lane="3/3to3/4_0" slope="0.00"/>
        <vehicle id="17" x="401.65" y="686.51" angle="180.00" type="DEFAULT_VEHTYPE" speed="13.27" pos="81.76" lane="2/3to2/4_0" slope="0.00"/>
        <vehicle id="2" x="624.16" y="198.35" angle="90.00" type="DEFAULT_VEHTYPE" speed="11.83" pos="19.41" lane="3/1to4/1_0" slope="0.00"/>
        <vehicle id="20" x="284.15" y="198.35" angle="90.00" type="DEFAULT_VEHTYPE" speed="13.01" pos="79.40" lane="1/1to2/1_0" slope="0.00"/>
        <vehicle id="21" x="201.65" y="510.61" angle="180.00" type="DEFAULT_VEHTYPE" speed="12.65" pos="105.86" lane="1/2to1/3_0" slope="0.00"/>
        <vehicle id="23" x="303.88" y="201.65" angle="-90.00" type="DEFAULT_VEHTYPE" speed="13.07" pos="91.37" lane="2/1to1/1_0" slope="0.00"/>
        <vehicle id="25" x="198.35" y="384.08" angle="0.00" type="DEFAULT_VEHTYPE" speed="9.13" pos="11.17" lane="1/2to1/1_0" slope="0.00"/>
        <vehicle id="26" x="201.65" y="737.16" angle="180.00" type="DEFAULT_VEHTYPE" speed="13.67" pos="132.41" lane="1/3to1/4_0" slope="0.00"/>
        <vehicle id="27" x="218.32" y="598.35" angle="90.00" type="DEFAULT_VEHTYPE" speed="13.34" pos="13.57" lane="1/3to2/3_0" slope="0.00"/>
        <vehicle id="28" x="212.91" y="601.65" angle="-90.00" type="DEFAULT_VEHTYPE" speed="6.88" pos="182.34" lane="2/3to1/3_0" slope="0.00"/>
        <vehicle id="29" x="433.15" y="401.65" angle="-90.00" type="DEFAULT_VEHTYPE" speed="13.28" pos="162.10" lane="3/2to2/2_0" slope="0.00"/>
        <vehicle id="3" x="398.35" y="698.83" angle="0.00" type="DEFAULT_VEHTYPE" speed="12.91" pos="101.17" lane="2/4to2/3_0" slope="0.00"/>
        <vehicle id="30" x="198.35" y="670.56" angle="0.00" type="DEFAULT_VEHTYPE" speed="13.22" pos="129.44" lane="1/4to1/3_0" slope="0.00"/>
        <vehicle id="31" x="398.35" y="384.92" angle="0.00" type="DEFAULT_VEHTYPE" speed="9.02" pos="10.33" lane="2/2to2/1_0" slope="0.00"/>
        <vehicle id="32" x="398.35" y="67.49" angle="0.00" type="DEFAULT_VEHTYPE" speed="13.52" pos="127.76" lane="2/1to2/0_0" slope="0.00"/>
        <vehicle id="35" x="401.65" y="269.30" angle="180.00" type="DEFAULT_VEHTYPE" speed="13.08" pos="64.55" lane="2/1to2/2_0" slope="0.00"/>
        <vehicle id="37" x="633.27" y="201.65" angle="-90.00" type="DEFAULT_VEHTYPE" speed="13.78" pos="166.73" lane="4/1to3/1_0" slope="0.00"/>
        <vehicle id="38" x="358.80" y="201.65" angle="-90.00" type="DEFAULT_VEHTYPE" speed="13.61" pos="36.45" lane="2/1to1/1_0" slope="0.00"/>
        <vehicle id="4" x="788.08" y="201.65" angle="-90.00" type="DEFAULT_VEHTYPE" speed="13.45" pos="11.92" lane="4/1to3/1_0" slope="0.00"/>
        <vehicle id="40" x="214.43" y="201.65" angle="-90.00" type="DEFAULT_VEHTYPE" speed="7.10" pos="180.82" lane="2/1to1/1_0" slope="0.00"/>
        <vehicle id="41" x="201.65" y="230.74" angle="180.00" type="DEFAULT_VEHTYPE" speed="12.07" pos="25.99" lane="1/1to1/2_0" slope="0.00"/>
        <vehicle id="42" x="229.45" y="401.65" angle="-90.00" type="DEFAULT_VEHTYPE" speed="9.93" pos="165.80" lane="2/2to1/2_0" slope="0.00"/>
        <vehicle id="43" x="413.59" y="201.65" angle="-90.00" type="DEFAULT_VEHTYPE" speed="6.28" pos="181.66" lane="3/1to2/1_0" slope="0.00"/>
        <vehicle id="44" x="775.65" y="198.35" angle="90.00" type="DEFAULT_VEHTYPE" speed="13.07" pos="170.90" lane="3/1to4/1_0" slope="0.00"/>
        <vehicle id="45" x="598.35" y="428.16" angle="0.00" type="DEFAULT_VEHTYPE" speed="13.80" pos="167.09" lane="3/3to3/2_0" slope="0.00"/>
        <vehicle id="46" x="480.83" y="601.65" angle="-90.00" type="DEFAULT_VEHTYPE" speed="12.83" pos="114.42" lane="3/3to2/3_0" slope="0.00"/>
        <vehicle id="47" x="254.44" y="201.65" angle="-90.00" type="DEFAULT_VEHTYPE" speed="12.87" pos="140.81" lane="2/1to1/1_0" slope="0.00"/>
        <vehicle id="49" x="201.65" y="457.01" angle="180.00" type="DEFAULT_VEHTYPE" speed="13.59" pos="52.26" lane="1/2to1/3_0" slope="0.00"/>
        <vehicle id="6" x="201.65" y="566.44" angle="180.00" type="DEFAULT_VEHTYPE" speed="13.29" pos="161.69" lane="1/2to1/3_0" slope="0.00"/>
    </timestep>
    <timestep time="94.00">
        <vehicle id="1" x="196.98" y="401.65" angle="-90.00" type="DEFAULT_VEHTYPE" speed="7.09" pos="7.77" lane=":1/2_5_0" slope="0.00"/>
        <vehicle id="11" x="401.65" y="777.38" angle="180.00" type="DEFAULT_VEHTYPE" speed="13.33" pos="172.63" lane="2/3to2/4_0" slope="0.00"/>
        <vehicle id="12" x="131.20" y="201.65" angle="-90.00" type="DEFAULT_VEHTYPE" speed="13.51" pos="64.05" lane="1/1to0/1_0" slope="0.00"/>
        <vehicle id="13" x="601.65" y="326.94" angle="180.00" type="DEFAULT_VEHTYPE" speed="13.18" pos="122.19" lane="3/1to3/2_0" slope="0.00"/>
        <vehicle id="15" x="601.65" y="697.34" angle="180.00" type="DEFAULT_VEHTYPE" speed="12.92" pos="92.59" lane="3/3to3/4_0" slope="0.00"/>
        <vehicle id="17" x="401.65" y="699.16" angle="180.00" type="DEFAULT_VEHTYPE" speed="12.65" pos="94.41" lane="2/3to2/4_0" slope="0.00"/>
        <vehicle id="2" x="637.64" y="198.35" angle="90.00" type="DEFAULT_VEHTYPE" speed="13.48" pos="32.89" lane="3/1to4/1_0" slope="0.00"/>
        <vehicle id="20" x="297.45" y="198.35" angle="90.00" type="DEFAULT_VEHTYPE" speed="13.30" pos="92.70" lane="1/1to2/1_0" slope="0.00"/>
        <vehicle id="21" x="201.65" y="524.10" angle="180.00" type="DEFAULT_VEHTYPE" speed="13.49" pos="119.35" lane="1/2to1/3_0" slope="0.00"/>
        <vehicle id="23" x="290.33" y="201.65" angle="-90.00" type="DEFAULT_VEHTYPE" speed="13.55" pos="104.92" lane="2/1to1/1_0" slope="0.00"/>
        <vehicle id="25" x="198.35" y="372.69" angle="0.00" type="DEFAULT_VEHTYPE" speed="11.39" pos="22.56" lane="1/2to1/1_0" slope="0.00"/>
        <vehicle id="26" x="201.65" y="750.73" angle="180.00" type="DEFAULT_VEHTYPE" speed="13.57" pos="145.98" lane="1/3to1/4_0" slope="0.00"/>
        <vehicle id="27" x="231.88" y="598.35" angle="90.00" type="DEFAULT_VEHTYPE" speed="13.55" pos="27.13" lane="1/3to2/3_0" slope="0.00"/>
        <vehicle id="28" x="209.87" y="601.65" angle="-90.00" type="DEFAULT_VEHTYPE" speed="3.04" pos="185.38" lane="2/3to1/3_0" slope="0.00"/>
        <vehicle id="29" x="422.80" y="401.65" angle="-90.00" type="DEFAULT_VEHTYPE" speed="10.35" pos="172.45" lane="3/2to2/2_0" slope="0.00"/>
        <vehicle id="3" x="398.35" y="685.46" angle="0.00" type="DEFAULT_VEHTYPE" speed="13.36" pos="114.54" lane="2/4to2/3_0" slope="0.00"/>
        <vehicle id="30" x="198.35" y="657.21" angle="0.00" type="DEFAULT_VEHTYPE" speed="13.35" pos="142.79" lane="1/4to1/3_0" slope="0.00"/>
        <vehicle id="31" x="398.35" y="374.11" angle="0.00" type="DEFAULT_VEHTYPE" speed="10.81" pos="21.14" lane="2/2to2/1_0" slope="0.00"/>
        <vehicle id="32" x="398.35" y="54.63" angle="0.00" type="DEFAULT_VEHTYPE" speed="12.87" pos="140.62" lane="2/1to2/0_0" slope="0.00"/>
        <vehicle id="35" x="401.65" y="282.20" angle="180.00" type="DEFAULT_VEHTYPE" speed="12.91" pos="77.45" lane="2/1to2/2_0" slope="0.00"/>
        <vehicle id="37" x="622.41" y="201.65" angle="-90.00" type="DEFAULT_VEHTYPE" speed="10.86" pos="177.59" lane="4/1to3/1_0" slope="0.00"/>
        <vehicle id="38" x="345.36" y="201.65" angle="-90.00" type="DEFAULT_VEHTYPE" speed="13.43" pos="49.89" lane="2/1to1/1_0" slope="0.00"/>
        <vehicle id="4" x="774.18" y="201.65" angle="-90.00" type="DEFAULT_VEHTYPE" speed="13.90" pos="25.82" lane="4/1to3/1_0" slope="0.00"/>
        <vehicle id="40" x="210.46" y="201.65" angle="-90.00" type="DEFAULT_VEHTYPE" speed="3.97" pos="184.79" lane="2/1to1/1_0" slope="0.00"/>
        <vehicle id="41" x="201.65" y="244.06" angle="180.00" type="DEFAULT_VEHTYPE" speed="13.32" pos="39.31" lane="1/1to1/2_0" slope="0.00"/>
        <vehicle id="42" x="219.23" y="401.65" angle="-90.00" type="DEFAULT_VEHTYPE" speed="10.21" pos="176.02" lane="2/2to1/2_0" slope="0.00"/>
        <vehicle id="43" x="409.78" y="201.65" angle="-90.00" type="DEFAULT_VEHTYPE" speed="3.81" pos="185.47" lane="3/1to2/1_0" slope="0.00"/>
        <vehicle id="44" x="788.63" y="198.35" angle="90.00" type="DEFAULT_VEHTYPE" speed="12.98" pos="183.88" lane="3/1to4/1_0" slope="0.00"/>
        <vehicle id="45" x="598.35" y="415.25" angle="0.00" type="DEFAULT_VEHTYPE" speed="12.91" pos="180.00" lane="3/3to3/2_0" slope="0.00"/>
        <vehicle id="46" x="468.17" y="601.65" angle="-90.00" type="DEFAULT_VEHTYPE" speed="12.66" pos="127.08" lane="3/3to2/3_0" slope="0.00"/>
        <vehicle id="47" x="241.80" y="201.65" angle="-90.00" type="DEFAULT_VEHTYPE" speed="12.64" pos="153.45" lane="2/1to1/1_0" slope="0.00"/>
        <vehicle id="49" x="201.65" y="470.25" angle="180.00" type="DEFAULT_VEHTYPE" speed="13.24" pos="65.50" lane="1/2to1/3_0" slope="0.00"/>
        <vehicle id="6" x="201.65" y="579.57" angle="180.00" type="DEFAULT_VEHTYPE" speed="13.13" pos="174.82" lane="1/2to1/3_0" slope="0.00"/>
    </timestep>
    <timestep time="95.00">
        <vehicle id="1" x="187.83" y="401.65" angle="-90.00" type="DEFAULT_VEHTYPE" speed="9.16" pos="7.42" lane="1/2to0/2_0" slope="0.00"/>
        <vehicle id="11" x="401.65" y="790.13" angle="180.00" type="DEFAULT_VEHTYPE" speed="12.75" pos="185.38" lane="2/3to2/4_0" slope="0.00"/>
        <vehicle id="12" x="117.77" y="201.65" angle="-90.00" type="DEFAULT_VEHTYPE" speed="13.42" pos="77.48" lane="1/1to0/1_0" slope="0.00"/>
        <vehicle id="13" x="601.65" y="339.69" angle="180.00" type="DEFAULT_VEHTYPE" speed="12.75" pos="134.94" lane="3/1to3/2_0" slope="0.00"/>
        <vehicle id="15" x="601.65" y="710.40" angle="180.00" type="DEFAULT_VEHTYPE" speed="13.06" pos="105.65" lane="3/3to3/4_0" slope="0.00"/>
        <vehicle id="17" x="401.65" y="712.12" angle="180.00" type="DEFAULT_VEHTYPE" speed="12.96" pos="107.37" lane="2/3to2/4_0" slope="0.00"/>
        <vehicle id="2" x="650.48" y="198.35" angle="90.00" type="DEFAULT_VEHTYPE" speed="12.84" pos="45.73" lane="3/1to4/1_0" slope="0.00"/>
        <vehicle id="20" x="310.52" y="198.35" angle="90.00" type="DEFAULT_VEHTYPE" speed="13.07" pos="105.77" lane="1/1to2/1_0" slope="0.00"/>
        <vehicle id="21" x="201.65" y="537.84" angle="180.00" type="DEFAULT_VEHTYPE" speed="13.75" pos="133.09" lane="1/2to1/3_0" slope="0.00"/>
        <vehicle id="23" x="276.61" y="201.65" angle="-90.00" type="DEFAULT_VEHTYPE" speed="13.72" pos="118.64" lane="2/1to1/1_0" slope="0.00"/>
        <vehicle id="25" x="198.35" y="359.63" angle="0.00" type="DEFAULT_VEHTYPE" speed="13.07" pos="35.62" lane="1/2to1/1_0" slope="0.00"/>
        <vehicle id="26" x="201.65" y="764.05" angle="180.00" type="DEFAULT_VEHTYPE" speed="13.32" pos="159.30" lane="1/3to1/4_0" slope="0.00"/>
        <vehicle id="27" x="245.33" y="598.35" angle="90.00" type="DEFAULT_VEHTYPE" speed="13.46" pos="40.58" lane="1/3to2/3_0" slope="0.00"/>
        <vehicle id="28" x="204.47" y="601.69" angle="-90.45" type="DEFAULT_VEHTYPE" speed="5.41" pos="0.29" lane=":1/3_4_0" slope="0.00"/>
        <vehicle id="29" x="414.82" y="401.65" angle="-90.00" type="DEFAULT_VEHTYPE" speed="7.98" pos="180.43" lane="3/2to2/2_0" slope="0.00"/>
        <vehicle id="3" x="398.35" y="671.69" angle="0.00" type="DEFAULT_VEHTYPE" speed="13.78" pos="128.31" lane="2/4to2/3_0" slope="0.00"/>
        <vehicle id="30" x="198.35" y="644.47" angle="0.00" type="DEFAULT_VEHTYPE" speed="12.73" pos="155.53" lane="1/4to1/3_0" slope="0.00"/>
        <vehicle id="31" x="398.35" y="361.11" angle="0.00" type="DEFAULT_VEHTYPE" speed="13.00" pos="34.14" lane="2/2to2/1_0" slope="0.00"/>
        <vehicle id="32" x="398.35" y="40.88" angle="0.00" type="DEFAULT_VEHTYPE" speed="13.75" pos="154.37" lane="2/1to2/0_0" slope="0.00"/>
        <vehicle id="35" x="401.65" y="296.04" angle="180.00" type="DEFAULT_VEHTYPE" speed="13.84" pos="91.29" lane="2/1to2/2_0" slope="0.00"/>
        <vehicle id="37" x="614.88" y="201.65" angle="-90.00" type="DEFAULT_VEHTYPE" speed="7.53" pos="185.12" lane="4/1to3/1_0" slope="0.00"/>
        <vehicle id="38" x="332.23" y="201.65" angle="-90.00" type="DEFAULT_VEHTYPE" speed="13.13" pos="63.02" lane="2/1to1/1_0" slope="0.00"/>
        <vehicle id="4" x="760.85" y="201.65" angle="-90.00" type="DEFAULT_VEHTYPE" speed="13.33" pos="39.15" lane="4/1to3/1_0" slope="0.00"/>
        <vehicle id="40" x="204.85" y="201.65" angle="-90.00" type="DEFAULT_VEHTYPE" speed="5.61" pos="190.40" lane="2/1to1/1_0" slope="0.00"/>
        <vehicle id="41" x="201.65" y="257.83" angle="180.00" type="DEFAULT_VEHTYPE" speed="13.78" pos="53.08" lane="1/1to1/2_0" slope="0.00"/>
        <vehicle id="42" x="213.17" y="401.65" angle="-90.00" type="DEFAULT_VEHTYPE" speed="6.06" pos="182.08" lane="2/2to1/2_0" slope="0.00"/>
        <vehicle id="43" x="403.94" y="201.65" angle="-90.00" type="DEFAULT_VEHTYPE" speed="5.84" pos="0.81" lane=":2/1_5_0" slope="0.00"/>
        <vehicle id="44" x="801.09" y="199.07" angle="98.55" type="DEFAULT_VEHTYPE" speed="12.67" pos="1.30" lane=":4/1_0_0" slope="0.00"/>
        <vehicle id="46" x="454.43" y="601.65" angle="-90.00" type="DEFAULT_VEHTYPE" speed="13.74" pos="140.82" lane="3/3to2/3_0" slope="0.00"/>
        <vehicle id="47" x="231.07" y="201.65" angle="-90.00" type="DEFAULT_VEHTYPE" speed="10.73" pos="164.18" lane="2/1to1/1_0" slope="0.00"/>
        <vehicle id="49" x="201.65" y="483.90" angle="180.00" type="DEFAULT_VEHTYPE" speed="13.65" pos="79.15" lane="1/2to1/3_0" slope="0.00"/>
        <vehicle id="6" x="201.65" y="593.35" angle="180.00" type="DEFAULT_VEHTYPE" speed="13.78" pos="188.60" lane="1/2to1/3_0" slope="0.00"/>
    </timestep>
    <timestep time="96.00">
        <vehicle id="1" x="176.19" y="401.65" angle="-90.00" type="DEFAULT_VEHTYPE" speed="11.64" pos="19.06" lane="1/2to0/2_0" slope="0.00"/>
        <vehicle id="11" x="399.66" y="801.48" angle="-151.74" type="DEFAULT_VEHTYPE" speed="12.66" pos="2.79" lane=":2/4_0_0" slope="0.00"/>
        <vehicle id="12" x="104.58" y="201.65" angle="-90.00" type="DEFAULT_VEHTYPE" speed="13.20" pos="90.67" lane="1/1to0/1_0" slope="0.00"/>
        <vehicle id="13" x="601.65" y="352.96" angle="180.00" type="DEFAULT_VEHTYPE" speed="13.27" pos="148.21" lane="3/1to3/2_0" slope="0.00"/>
        <vehicle id="15" x="601.65" y="724.11" angle="180.00" type="DEFAULT_VEHTYPE" speed="13.71" pos="119.36" lane="3/3to3/4_0" slope="0.00"/>
        <vehicle id="17" x="401.65" y="724.93" angle="180.00" type="DEFAULT_VEHTYPE" speed="12.80" pos="120.18" lane="2/3to2/4_0" slope="0.00"/>
        <vehicle id="2" x="663.27" y="198.35" angle="90.00" type="DEFAULT_VEHTYPE" speed="12.79" pos="58.52" lane="3/1to4/1_0" slope="0.00"/>
        <vehicle id="20" x="323.56" y="198.35" angle="90.00" type="DEFAULT_VEHTYPE" speed="13.04" pos="118.81" lane="1/1to2/1_0" slope="0.00"/>
        <vehicle id="21" x="201.65" y="551.45" angle="180.00" type="DEFAULT_VEHTYPE" speed="13.61" pos="146.70" lane="1/2to1/3_0" slope="0.00"/>
        <vehicle id="23" x="263.95" y="201.65" angle="-90.00" type="DEFAULT_VEHTYPE" speed="12.65" pos="131.30" lane="2/1to1/1_0" slope="0.00"/>
        <vehicle id="25" x="198.35" y="346.23" angle="0.00" type="DEFAULT_VEHTYPE" speed="13.40" pos="49.02" lane="1/2to1/1_0" slope="0.00"/>
        <vehicle id="26" x="201.65" y="777.89" angle="180.00" type="DEFAULT_VEHTYPE" speed="13.84" pos="173.14" lane="1/3to1/4_0" slope="0.00"/>
        <vehicle id="27" x="258.25" y="598.35" angle="90.00" type="DEFAULT_VEHTYPE" speed="12.92" pos="53.50" lane="1/3to2/3_0" slope="0.00"/>
        <vehicle id="28" x="201.65" y="607.45" angle="-172.15" type="DEFAULT_VEHTYPE" speed="7.41" pos="2.70" lane="1/3to1/4_0" slope="0.00"/>
        <vehicle id="29" x="410.47" y="401.65" angle="-90.00" type="DEFAULT_VEHTYPE" speed="4.36" pos="184.78" lane="3/2to2/2_0" slope="0.00"/>
        <vehicle id="3" x="398.35" y="658.04" angle="0.00" type="DEFAULT_VEHTYPE" speed="13.65" pos="141.96" lane="2/4to2/3_0" slope="0.00"/>
        <vehicle id="30" x="198.35" y="630.67" angle="0.00" type="DEFAULT_VEHTYPE" speed="13.80" pos="169.33" lane="1/4to1/3_0" slope="0.00"/>
        <vehicle id="31" x="398.35" y="348.32" angle="0.00" type="DEFAULT_VEHTYPE" speed="12.78" pos="46.93" lane="2/2to2/1_0" slope="0.00"/>
        <vehicle id="32" x="398.35" y="27.55" angle="0.00" type="DEFAULT_VEHTYPE" speed="13.33" pos="167.70" lane="2/1to2/0_0" slope="0.00"/>
        <vehicle id="35" x="401.65" y="309.24" angle="180.00" type="DEFAULT_VEHTYPE" speed="13.20" pos="104.49" lane="2/1to2/2_0" slope="0.00"/>
        <vehicle id="37" x="610.56" y="201.65" angle="-90.00" type="DEFAULT_VEHTYPE" speed="4.31" pos="189.44" lane="4/1to3/1_0" slope="0.00"/>
        <vehicle id="38" x="319.37" y="201.65" angle="-90.00" type="DEFAULT_VEHTYPE" speed="12.87" pos="75.88" lane="2/1to1/1_0" slope="0.00"/>
        <vehicle id="4" x="747.86" y="201.65" angle="-90.00" type="DEFAULT_VEHTYPE" speed="12.99" pos="52.14" lane="4/1to3/1_0" slope="0.00"/>
        <vehicle id="40" x="201.65" y="206.77" angle="-165.53" type="DEFAULT_VEHTYPE" speed="7.12" pos="2.02" lane="1/1to1/2_0" slope="0.00"/>
        <vehicle id="41" x="201.65" y="270.60" angle="180.00" type="DEFAULT_VEHTYPE" speed="12.77" pos="65.85" lane="1/1to1/2_0" slope="0.00"/>
        <vehicle id="42" x="209.92" y="401.65" angle="-90.00" type="DEFAULT_VEHTYPE" speed="3.25" pos="185.33" lane="2/2to1/2_0" slope="0.00"/>
        <vehicle id="43" x="395.50" y="201.65" angle="-90.00" type="DEFAULT_VEHTYPE" speed="8.43" pos="9.25" lane=":2/1_5_0" slope="0.00"/>
        <vehicle id="44" x="790.13" y="201.65" angle="-90.00" type="DEFAULT_VEHTYPE" speed="13.38" pos="9.87" lane="4/1to3/1_0" slope="0.00"/>
        <vehicle id="46" x="440.79" y="601.65" angle="-90.00" type="DEFAULT_VEHTYPE" speed="13.64" pos="154.46" lane="3/3to2/3_0" slope="0.00"/>
        <vehicle id="47" x="220.36" y="201.65" angle="-90.00" type="DEFAULT_VEHTYPE" speed="10.72" pos="174.89" lane="2/1to1/1_0" slope="0.00"/>
        <vehicle id="49" x="201.65" y="497.60" angle="180.00" type="DEFAULT_VEHTYPE" speed="13.71" pos="92.85" lane="1/2to1/3_0" slope="0.00"/>
        <vehicle id="6" x="211.60" y="598.35" angle="90.00" type="DEFAULT_VEHTYPE" speed="13.75" pos="6.85" lane="1/3to2/3_0" slope="0.00"/>
    </timestep>
    <timestep time="97.00">
        <vehicle id="1" x="163.14" y="401.65" angle="-90.00" type="DEFAULT_VEHTYPE" speed="13.05" pos="32.11" lane="1/2to0/2_0" slope="0.00"/>
        <vehicle id="11" x="398.35" y="789.31" angle="0.00" type="DEFAULT_VEHTYPE" speed="12.72" pos="10.69" lane="2/4to2/3_0" slope="0.00"/>
        <vehicle id="12" x="91.79" y="201.65" angle="-90.00" type="DEFAULT_VEHTYPE" speed="12.78" pos="103.46" lane="1/1to0/1_0" slope="0.00"/>
        <vehicle id="13" x="601.65" y="365.79" angle="180.00" type="DEFAULT_VEHTYPE" speed="12.83" pos="161.04" lane="3/1to3/2_0" slope="0.00"/>
        <vehicle id="15" x="601.65" y="737.12" angle="180.00" type="DEFAULT_VEHTYPE" speed="13.02" pos="132.37" lane="3/3to3/4_0" slope="0.00"/>
        <vehicle id="17" x="401.65" y="738.13" angle="180.00" type="DEFAULT_VEHTYPE" speed="13.20" pos="133.38" lane="2/3to2/4_0" slope="0.00"/>
        <vehicle id="2" x="677.14" y="198.35" angle="90.00" type="DEFAULT_VEHTYPE" speed="13.87" pos="72.39" lane="3/1to4/1_0" slope="0.00"/>
        <vehicle id="20" x="337.37" y="198.35" angle="90.00" type="DEFAULT_VEHTYPE" speed="13.81" pos="132.62" lane="1/1to2/1_0" slope="0.00"/>
        <vehicle id="21" x="201.65" y="565.23" angle="180.00" type="DEFAULT_VEHTYPE" speed="13.78" pos="160.48" lane="1/2to1/3_0" slope="0.00"/>
        <vehicle id="23" x="250.47" y="201.65" angle="-90.00" type="DEFAULT_VEHTYPE" speed="13.49" pos="144.78" lane="2/1to1/1_0" slope="0.00"/>
        <vehicle id="25" x="198.35" y="332.40" angle="0.00" type="DEFAULT_VEHTYPE" speed="13.83" pos="62.85" lane="1/2to1/1_0" slope="0.00"/>
        <vehicle id="26" x="201.65" y="791.33" angle="180.00" type="DEFAULT_VEHTYPE" speed="13.44" pos="186.58" lane="1/3to1/4_0" slope="0.00"/>
        <vehicle id="27" x="270.98" y="598.35" angle="90.00" type="DEFAULT_VEHTYPE" speed="12.73" pos="66.23" lane="1/3to2/3_0" slope="0.00"/>
        <vehicle id="28" x="201.65" y="616.61" angle="180.00" type="DEFAULT_VEHTYPE" speed="9.16" pos="11.86" lane="1/3to1/4_0" slope="0.00"/>
        <vehicle id="29" x="404.50" y="401.61" angle="-89.59" type="DEFAULT_VEHTYPE" speed="5.97" pos="0.25" lane=":2/2_6_0" slope="0.00"/>
        <vehicle id="3" x="398.35" y="645.10" angle="0.00" type="DEFAULT_VEHTYPE" speed="12.94" pos="154.90" lane="2/4to2/3_0" slope="0.00"/>
        <vehicle id="30" x="198.35" y="617.66" angle="0.00" type="DEFAULT_VEHTYPE" speed="13.01" pos="182.34" lane="1/4to1/3_0" slope="0.00"/>
        <vehicle id="31" x="398.35" y="334.45" angle="0.00" type="DEFAULT_VEHTYPE" speed="13.87" pos="60.80" lane="2/2to2/1_0" slope="0.00"/>
        <vehicle id="32" x="398.35" y="13.75" angle="0.00" type="DEFAULT_VEHTYPE" speed="13.80" pos="181.50" lane="2/1to2/0_0" slope="0.00"/>
        <vehicle id="35" x="401.65" y="323.04" angle="180.00" type="DEFAULT_VEHTYPE" speed="13.80" pos="118.29" lane="2/1to2/2_0" slope="0.00"/>
        <vehicle id="37" x="604.90" y="201.65" angle="-90.00" type="DEFAULT_VEHTYPE" speed="5.66" pos="195.10" lane="4/1to3/1_0" slope="0.00"/>
        <vehicle id="38" x="306.50" y="201.65" angle="-90.00" type="DEFAULT_VEHTYPE" speed="12.87" pos="88.75" lane="2/1to1/1_0" slope="0.00"/>
        <vehicle id="4" x="734.51" y="201.65" angle="-90.00" type="DEFAULT_VEHTYPE" speed="13.35" pos="65.49" lane="4/1to3/1_0" slope="0.00"/>
        <vehicle id="40" x="201.65" y="216.05" angle="180.00" type="DEFAULT_VEHTYPE" speed="9.28" pos="11.30" lane="1/1to1/2_0" slope="0.00"/>
        <vehicle id="41" x="201.65" y="283.96" angle="180.00" type="DEFAULT_VEHTYPE" speed="13.36" pos="79.21" lane="1/1to1/2_0" slope="0.00"/>
        <vehicle id="42" x="205.07" y="401.65" angle="-90.00" type="DEFAULT_VEHTYPE" speed="4.85" pos="190.18" lane="2/2to1/2_0" slope="0.00"/>
        <vehicle id="43" x="385.56" y="201.65" angle="-90.00" type="DEFAULT_VEHTYPE" speed="9.94" pos="9.69" lane="2/1to1/1_0" slope="0.00"/>
        <vehicle id="44" x="776.61" y="201.65" angle="-90.00" type="DEFAULT_VEHTYPE" speed="13.52" pos="23.39" lane="4/1to3/1_0" slope="0.00"/>
        <vehicle id="46" x="427.71" y="601.65" angle="-90.00" type="DEFAULT_VEHTYPE" speed="13.07" pos="167.54" lane="3/3to2/3_0" slope="0.00"/>
        <vehicle id="47" x="214.14" y="201.65" angle="-90.00" type="DEFAULT_VEHTYPE" speed="6.22" pos="181.11" lane="2/1to1/1_0" slope="0.00"/>
        <vehicle id="49" x="201.65" y="511.44" angle="180.00" type="DEFAULT_VEHTYPE" speed="13.84" pos="106.69" lane="1/2to1/3_0" slope="0.00"/>
        <vehicle id="6" x="224.28" y="598.35" angle="90.00" type="DEFAULT_VEHTYPE" speed="12.68" pos="19.53" lane="1/3to2/3_0" slope="0.00"/>
    </timestep>
    <timestep time="98.00">
        <vehicle id="1" x="149.77" y="401.65" angle="-90.00" type="DEFAULT_VEHTYPE" speed="13.37" pos="45.48" lane="1/2to0/2_0" slope="0.00"/>
        <vehicle id="11" x="398.35" y="775.74" angle="0.00" type="DEFAULT_VEHTYPE" speed="13.58" pos="24.26" lane="2/4to2/3_0" slope="0.00"/>
        <vehicle id="12" x="79.11" y="201.65" angle="-90.00" type="DEFAULT_VEHTYPE" speed="12.69" pos="116.14" lane="1/1to0/1_0" slope="0.00"/>
        <vehicle id="13" x="601.65" y="379.14" angle="180.00" type="DEFAULT_VEHTYPE" speed="13.35" pos="174.39" lane="3/1to3/2_0" slope="0.00"/>
        <vehicle id="15" x="601.65" y="750.42" angle="180.00" type="DEFAULT_VEHTYPE" speed="13.30" pos="145.67" lane="3/3to3/4_0" slope="0.00"/>
        <vehicle id="17" x="401.65" y="751.76" angle="180.00" type="DEFAULT_VEHTYPE" speed="13.64" pos="147.01" lane="2/3to2/4_0" slope="0.00"/>
        <vehicle id="2" x="690.87" y="198.35" angle="90.00" type="DEFAULT_VEHTYPE" speed="13.73" pos="86.12" lane="3/1to4/1_0" slope="0.00"/>
        <vehicle id="20" x="350.93" y="198.35" angle="90.00" type="DEFAULT_VEHTYPE" speed="13.55" pos="146.18" lane="1/1to2/1_0" slope="0.00"/>
        <vehicle id="21" x="201.65" y="578.89" angle="180.00" type="DEFAULT_VEHTYPE" speed="13.65" pos="174.14" lane="1/2to1/3_0" slope="0.00"/>
        <vehicle id="23" x="237.59" y="201.65" angle="-90.00" type="DEFAULT_VEHTYPE" speed="12.88" pos="157.66" lane="2/1to1/1_0" slope="0.00"/>
        <vehicle id="25" x="198.35" y="318.83" angle="0.00" type="DEFAULT_VEHTYPE" speed="13.58" pos="76.42" lane="1/2to1/1_0" slope="0.00"/>
        <vehicle id="27" x="284.32" y="598.35" angle="90.00" type="DEFAULT_VEHTYPE" speed="13.35" pos="79.57" lane="1/3to2/3_0" slope="0.00"/>
        <vehicle id="28" x="201.65" y="628.22" angle="180.00" type="DEFAULT_VEHTYPE" speed="11.61" pos="23.47" lane="1/3to1/4_0" slope="0.00"/>
        <vehicle id="29" x="398.67" y="397.51" angle="-40.43" type="DEFAULT_VEHTYPE" speed="7.79" pos="8.04" lane=":2/2_6_0" slope="0.00"/>
        <vehicle id="3" x="398.35" y="632.11" angle="0.00" type="DEFAULT_VEHTYPE" speed="12.99" pos="167.89" lane="2/4to2/3_0" slope="0.00"/>
        <vehicle id="31" x="398.35" y="321.28" angle="0.00" type="DEFAULT_VEHTYPE" speed="13.17" pos="73.97" lane="2/2to2/1_0" slope="0.00"/>
        <vehicle id="32" x="398.35" y="0.83" angle="0.00" type="DEFAULT_VEHTYPE" speed="12.92" pos="194.42" lane="2/1to2/0_0" slope="0.00"/>
        <vehicle id="35" x="401.65" y="336.00" angle="180.00" type="DEFAULT_VEHTYPE" speed="12.96" pos="131.25" lane="2/1to2/2_0" slope="0.00"/>
        <vehicle id="37" x="601.65" y="206.56" angle="-163.06" type="DEFAULT_VEHTYPE" speed="6.96" pos="1.81" lane="3/1to3/2_0" slope="0.00"/>
        <vehicle id="38" x="293.74" y="201.65" angle="-90.00" type="DEFAULT_VEHTYPE" speed="12.76" pos="101.51" lane="2/1to1/1_0" slope="0.00"/>
        <vehicle id="4" x="720.73" y="201.65" angle="-90.00" type="DEFAULT_VEHTYPE" speed="13.78" pos="79.27" lane="4/1to3/1_0" slope="0.00"/>
        <vehicle id="40" x="201.65" y="227.42" angle="180.00" type="DEFAULT_VEHTYPE" speed="11.37" pos="22.67" lane="1/1to1/2_0" slope="0.00"/>
        <vehicle id="41" x="201.65" y="296.87" angle="180.00" type="DEFAULT_VEHTYPE" speed="12.91" pos="92.12" lane="1/1to1/2_0" slope="0.00"/>
        <vehicle id="42" x="199.35" y="399.05" angle="-59.45" type="DEFAULT_VEHTYPE" speed="6.64" pos="6.33" lane=":1/2_6_0" slope="0.00"/>
        <vehicle id="43" x="373.51" y="201.65" angle="-90.00" type="DEFAULT_VEHTYPE" speed="12.05" pos="21.74" lane="2/1to1/1_0" slope="0.00"/>
        <vehicle id="44" x="763.56" y="201.65" angle="-90.00" type="DEFAULT_VEHTYPE" speed="13.05" pos="36.44" lane="4/1to3/1_0" slope="0.00"/>
        <vehicle id="46" x="419.00" y="601.65" angle="-90.00" type="DEFAULT_VEHTYPE" speed="8.71" pos="176.25" lane="3/3to2/3_0" slope="0.00"/>
        <vehicle id="47" x="209.94" y="201.65" angle="-90.00" type="DEFAULT_VEHTYPE" speed="4.20" pos="185.31" lane="2/1to1/1_0" slope="0.00"/>
        <vehicle id="49" x="201.65" y="524.05" angle="180.00" type="DEFAULT_VEHTYPE" speed="12.60" pos="119.30" lane="1/2to1/3_0" slope="0.00"/>
        <vehicle id="6" x="237.30" y="598.35" angle="90.00" type="DEFAULT_VEHTYPE" speed="13.02" pos="32.55" lane="1/3to2/3_0" slope="0.00"/>
    </timestep>
    <timestep time="99.00">
        <vehicle id="1" x="136.42" y="401.65" angle="-90.00" type="DEFAULT_VEHTYPE" speed="13.35" pos="58.83" lane="1/2to0/2_0" slope="0.00"/>
        <vehicle id="11" x="398.35" y="763.13" angle="0.00" type="DEFAULT_VEHTYPE" speed="12.60" pos="36.87" lane="2/4to2/3_0" slope="0.00"/>
        <vehicle id="12" x="65.43" y="201.65" angle="-90.00" type="DEFAULT_VEHTYPE" speed="13.68" pos="129.82" lane="1/1to0/1_0" slope="0.00"/>
        <vehicle id="13" x="601.65" y="392.33" angle="180.00" type="DEFAULT_VEHTYPE" speed="13.19" pos="187.58" lane="3/1to3/2_0" slope="0.00"/>
        <vehicle id="15" x="601.65" y="764.10" angle="180.00" type="DEFAULT_VEHTYPE" speed="13.68" pos="159.35" lane="3/3to3/4_0" slope="0.00"/>
        <vehicle id="17" x="401.65" y="764.52" angle="180.00" type="DEFAULT_VEHTYPE" speed="12.76" pos="159.77" lane="2/3to2/4_0" slope="0.00"/>
        <vehicle id="2" x="704.36" y="198.35" angle="90.00" type="DEFAULT_VEHTYPE" speed="13.50" pos="99.61" lane="3/1to4/1_0" slope="0.00"/>
        <vehicle id="20" x="363.93" y="198.35" angle="90.00" type="DEFAULT_VEHTYPE" speed="13.00" pos="159.18" lane="1/1to2/1_0" slope="0.00"/>
        <vehicle id="21" x="201.65" y="591.71" angle="180.00" type="DEFAULT_VEHTYPE" speed="12.83" pos="186.96" lane="1/2to1/3_0" slope="0.00"/>
        <vehicle id="23" x="229.00" y="201.65" angle="-90.00" type="DEFAULT_VEHTYPE" speed="8.59" pos="166.25" lane="2/1to1/1_0" slope="0.00"/>
        <vehicle id="25" x="198.35" y="305.47" angle="0.00" type="DEFAULT_VEHTYPE" speed="13.35" pos="89.78" lane="1/2to1/1_0" slope="0.00"/>
        <vehicle id="27" x="297.01" y="598.35" angle="90.00" type="DEFAULT_VEHTYPE" speed="12.68" pos="92.26" lane="1/3to2/3_0" slope="0.00"/>
        <vehicle id="28" x="201.65" y="641.52" angle="180.00" type="DEFAULT_VEHTYPE" speed="13.30" pos="36.77" lane="1/3to1/4_0" slope="0.00"/>
        <vehicle id="29" x="398.35" y="387.15" angle="0.00" type="DEFAULT_VEHTYPE" speed="10.38" pos="8.10" lane="2/2to2/1_0" slope="0.00"/>
        <vehicle id="3" x="398.35" y="618.25" angle="0.00" type="DEFAULT_VEHTYPE" speed="13.86" pos="181.75" lane="2/4to2/3_0" slope="0.00"/>
        <vehicle id="31" x="398.35" y="307.83" angle="0.00" type="DEFAULT_VEHTYPE" speed="13.46" pos="87.42" lane="2/2to2/1_0" slope="0.00"/>
        <vehicle id="32" x="401.65" y="6.95" angle="180.00" type="DEFAULT_VEHTYPE" speed="12.60" pos="6.95" lane="2/0to2/1_0" slope="0.00"/>
        <vehicle id="35" x="401.65" y="348.88" angle="180.00" type="DEFAULT_VEHTYPE" speed="12.88" pos="144.13" lane="2/1to2/2_0" slope="0.00"/>
        <vehicle id="37" x="601.65" y="214.92" angle="180.00" type="DEFAULT_VEHTYPE" speed="8.36" pos="10.17" lane="3/1to3/2_0" slope="0.00"/>
        <vehicle id="38" x="280.47" y="201.65" angle="-90.00" type="DEFAULT_VEHTYPE" speed="13.27" pos="114.78" lane="2/1to1/1_0" slope="0.00"/>
        <vehicle id="4" x="707.11" y="201.65" angle="-90.00" type="DEFAULT_VEHTYPE" speed="13.62" pos="92.89" lane="4/1to3/1_0" slope="0.00"/>
        <vehicle id="40" x="201.65" y="240.21" angle="180.00" type="DEFAULT_VEHTYPE" speed="12.79" pos="35.46" lane="1/1to1/2_0" slope="0.00"/>
        <vehicle id="41" x="201.65" y="309.60" angle="180.00" type="DEFAULT_VEHTYPE" speed="12.72" pos="104.85" lane="1/1to1/2_0" slope="0.00"/>
        <vehicle id="42" x="198.35" y="390.47" angle="-0.36" type="DEFAULT_VEHTYPE" speed="8.77" pos="4.78" lane="1/2to1/1_0" slope="0.00"/>
        <vehicle id="43" x="359.67" y="201.65" angle="-90.00" type="DEFAULT_VEHTYPE" speed="13.84" pos="35.58" lane="2/1to1/1_0" slope="0.00"/>
        <vehicle id="44" x="749.94" y="201.65" angle="-90.00" type="DEFAULT_VEHTYPE" speed="13.62" pos="50.06" lane="4/1to3/1_0" slope="0.00"/>
        <vehicle id="46" x="413.26" y="601.65" angle="-90.00" type="DEFAULT_VEHTYPE" speed="5.74" pos="181.99" lane="3/3to2/3_0" slope="0.00"/>
        <vehicle id="47" x="203.20" y="201.96" angle="-93.53" type="DEFAULT_VEHTYPE" speed="6.78" pos="1.60" lane=":1/1_4_0" slope="0.00"/>
        <vehicle id="49" x="201.65" y="536.99" angle="180.00" type="DEFAULT_VEHTYPE" speed="12.94" pos="132.24" lane="1/2to1/3_0" slope="0.00"/>
        <vehicle id="6" x="250.81" y="598.35" angle="90.00" type="DEFAULT_VEHTYPE" speed="13.51" pos="46.06" lane="1/3to2/3_0" slope="0.00"/>
    </timestep>
    <timestep time="100.00">
        <vehicle id="1" x="123.42" y="401.65" angle="-90.00" type="DEFAULT_VEHTYPE" speed="12.99" pos="71.83" lane="1/2to0/2_0" slope="0.00"/>
        <vehicle id="11" x="398.35" y="749.95" angle="0.00" type="DEFAULT_VEHTYPE" speed="13.19" pos="50.05" lane="2/4to2/3_0" slope="0.00"/>
        <vehicle id="12" x="52.24" y="201.65" angle="-90.00" type="DEFAULT_VEHTYPE" speed="13.19" pos="143.01" lane="1/1to0/1_0" slope="0.00"/>
        <vehicle id="13" x="601.65" y="405.95" angle="180.00" type="DEFAULT_VEHTYPE" speed="13.62" pos="1.20" lane="3/2to3/3_0" slope="0.00"/>
        <vehicle id="15" x="601.65" y="777.43" angle="180.00" type="DEFAULT_VEHTYPE" speed="13.33" pos="172.68" lane="3/3to3/4_0" slope="0.00"/>
        <vehicle id="17" x="401.65" y="778.30" angle="180.00" type="DEFAULT_VEHTYPE" speed="13.78" pos="173.55" lane="2/3to2/4_0" slope="0.00"/>
        <vehicle id="2" x="717.86" y="198.35" angle="90.00" type="DEFAULT_VEHTYPE" speed="13.49" pos="113.11" lane="3/1to4/1_0" slope="0.00"/>
        <vehicle id="20" x="375.75" y="198.35" angle="90.00" type="DEFAULT_VEHTYPE" speed="11.82" pos="171.00" lane="1/1to2/1_0" slope="0.00"/>
        <vehicle id="21" x="209.43" y="598.35" angle="90.52" type="DEFAULT_VEHTYPE" speed="13.21" pos="4.68" lane="1/3to2/3_0" slope="0.00"/>
        <vehicle id="23" x="219.74" y="201.65" angle="-90.00" type="DEFAULT_VEHTYPE" speed="9.26" pos="175.51" lane="2/1to1/1_0" slope="0.00"/>
        <vehicle id="25" x="198.35" y="291.89" angle="0.00" type="DEFAULT_VEHTYPE" speed="13.58" pos="103.36" lane="1/2to1/1_0" slope="0.00"/>
        <vehicle id="27" x="310.56" y="598.35" angle="90.00" type="DEFAULT_VEHTYPE" speed="13.56" pos="105.81" lane="1/3to2/3_0" slope="0.00"/>
        <vehicle id="28" x="201.65" y="654.72" angle="180.00" type="DEFAULT_VEHTYPE" speed="13.20" pos="49.97" lane="1/3to1/4_0" slope="0.00"/>
        <vehicle id="29" x="398.35" y="374.31" angle="0.00" type="DEFAULT_VEHTYPE" speed="12.84" pos="20.94" lane="2/2to2/1_0" slope="0.00"/>
        <vehicle id="3" x="398.35" y="605.50" angle="0.00" type="DEFAULT_VEHTYPE" speed="12.74" pos="194.50" lane="2/4to2/3_0" slope="0.00"/>
        <vehicle id="31" x="398.35" y="294.34" angle="0.00" type="DEFAULT_VEHTYPE" speed="13.49" pos="100.91" lane="2/2to2/1_0" slope="0.00"/>
        <vehicle id="32" x="401.65" y="20.63" angle="180.00" type="DEFAULT_VEHTYPE" speed="13.68" pos="20.63" lane="2/0to2/1_0" slope="0.00"/>
        <vehicle id="35" x="401.65" y="361.82" angle="180.00" type="DEFAULT_VEHTYPE" speed="12.94" pos="157.07" lane="2/1to2/2_0" slope="0.00"/>
        <vehicle id="37" x="601.65" y="225.59" angle="180.00" type="DEFAULT_VEHTYPE" speed="10.66" pos="20.84" lane="3/1to3/2_0" slope="0.00"/>
        <vehicle id="38" x="267.19" y="201.65" angle="-90.00" type="DEFAULT_VEHTYPE" speed="13.27" pos="128.06" lane="2/1to1/1_0" slope="0.00"/>
        <vehicle id="4" x="693.66" y="201.65" angle="-90.00" type="DEFAULT_VEHTYPE" speed="13.44" pos="106.34" lane="4/1to3/1_0" slope="0.00"/>
        <vehicle id="40" x="201.65" y="253.14" angle="180.00" type="DEFAULT_VEHTYPE" speed="12.93" pos="48.39" lane="1/1to1/2_0" slope="0.00"/>
        <vehicle id="41" x="201.65" y="322.60" angle="180.00" type="DEFAULT_VEHTYPE" speed="13.01" pos="117.85" lane="1/1to1/2_0" slope="0.00"/>
        <vehicle id="42" x="198.35" y="379.25" angle="0.00" type="DEFAULT_VEHTYPE" speed="11.23" pos="16.00" lane="1/2to1/1_0" slope="0.00"/>
        <vehicle id="43" x="346.14" y="201.65" angle="-90.00" type="DEFAULT_VEHTYPE" speed="13.52" pos="49.11" lane="2/1to1/1_0" slope="0.00"/>
        <vehicle id="44" x="736.58" y="201.65" angle="-90.00" type="DEFAULT_VEHTYPE" speed="13.36" pos="63.42" lane="4/1to3/1_0" slope="0.00"/>
        <vehicle id="46" x="409.55" y="601.65" angle="-90.00" type="DEFAULT_VEHTYPE" speed="3.71" pos="185.70" lane="3/3to2/3_0" slope="0.00"/>
        <vehicle id="47" x="201.65" y="210.07" angle="180.00" type="DEFAULT_VEHTYPE" speed="8.72" pos="5.32" lane="1/1to1/2_0" slope="0.00"/>
        <vehicle id="49" x="201.65" y="550.05" angle="180.00" type="DEFAULT_VEHTYPE" speed="13.06" pos="145.30" lane="1/2to1/3_0" slope="0.00"/>
        <vehicle id="6" x="264.04" y="598.35" angle="90.00" type="DEFAULT_VEHTYPE" speed="13.23" pos="59.29" lane="1/3to2/3_0" slope="0.00"/>
    </timestep>
    <timestep time="101.00">
        <vehicle id="1" x="110.29" y="401.65" angle="-90.00" type="DEFAULT_VEHTYPE" speed="13.14" pos="84.96" lane="1/2to0/2_0" slope="0.00"/>
        <vehicle id="11" x="398.35" y="736.49" angle="0.00" type="DEFAULT_VEHTYPE" speed="13.46" pos="63.51" lane="2/4to2/3_0" slope="0.00"/>
        <vehicle id="12" x="38.46" y="201.65" angle="-90.00" type="DEFAULT_VEHTYPE" speed="13.78" pos="156.79" lane="1/1to0/1_0" slope="0.00"/>
        <vehicle id="13" x="601.65" y="419.63" angle="180.00" type="DEFAULT_VEHTYPE" speed="13.68" pos="14.88" lane="3/2to3/3_0" slope="0.00"/>
        <vehicle id="15" x="601.65" y="791.03" angle="180.00" type="DEFAULT_VEHTYPE" speed="13.60" pos="186.28" lane="3/3to3/4_0" slope="0.00"/>
        <vehicle id="17" x="401.65" y="791.28" angle="180.00" type="DEFAULT_VEHTYPE" speed="12.97" pos="186.53" lane="2/3to2/4_0" slope="0.00"/>
        <vehicle id="2" x="731.49" y="198.35" angle="90.00" type="DEFAULT_VEHTYPE" speed="13.63" pos="126.74" lane="3/1to4/1_0" slope="0.00"/>
        <vehicle id="20" x="383.36" y="198.35" angle="90.00" type="DEFAULT_VEHTYPE" speed="7.62" pos="178.61" lane="1/1to2/1_0" slope="0.00"/>
        <vehicle id="21" x="223.15" y="598.35" angle="90.00" type="DEFAULT_VEHTYPE" speed="13.72" pos="18.40" lane="1/3to2/3_0" slope="0.00"/>
        <vehicle id="23" x="213.77" y="201.65" angle="-90.00" type="DEFAULT_VEHTYPE" speed="5.97" pos="181.48" lane="2/1to1/1_0" slope="0.00"/>
        <vehicle id="25" x="198.35" y="278.06" angle="0.00" type="DEFAULT_VEHTYPE" speed="13.83" pos="117.19" lane="1/2to1/1_0" slope="0.00"/>
        <vehicle id="27" x="323.85" y="598.35" angle="90.00" type="DEFAULT_VEHTYPE" speed="13.29" pos="119.10" lane="1/3to2/3_0" slope="0.00"/>
        <vehicle id="28" x="201.65" y="668.59" angle="180.00" type="DEFAULT_VEHTYPE" speed="13.87" pos="63.84" lane="1/3to1/4_0" slope="0.00"/>
        <vehicle id="29" x="398.35" y="360.69" angle="0.00" type="DEFAULT_VEHTYPE" speed="13.62" pos="34.56" lane="2/2to2/1_0" slope="0.00"/>
        <vehicle id="3" x="398.35" y="592.17" angle="0.00" type="DEFAULT_VEHTYPE" speed="13.33" pos="3.08" lane="2/3to2/2_0" slope="0.00"/>
        <vehicle id="31" x="398.35" y="280.45" angle="0.00" type="DEFAULT_VEHTYPE" speed="13.89" pos="114.80" lane="2/2to2/1_0" slope="0.00"/>
        <vehicle id="32" x="401.65" y="33.27" angle="180.00" type="DEFAULT_VEHTYPE" speed="12.64" pos="33.27" lane="2/0to2/1_0" slope="0.00"/>
        <vehicle id="35" x="401.65" y="374.97" angle="180.00" type="DEFAULT_VEHTYPE" speed="13.15" pos="170.22" lane="2/1to2/2_0" slope="0.00"/>
        <vehicle id="37" x="601.65" y="238.55" angle="180.00" type="DEFAULT_VEHTYPE" speed="12.96" pos="33.80" lane="3/1to3/2_0" slope="0.00"/>
        <vehicle id="38" x="253.76" y="201.65" angle="-90.00" type="DEFAULT_VEHTYPE" speed="13.43" pos="141.49" lane="2/1to1/1_0" slope="0.00"/>
        <vehicle id="4" x="680.95" y="201.65" angle="-90.00" type="DEFAULT_VEHTYPE" speed="12.72" pos="119.05" lane="4/1to3/1_0" slope="0.00"/>
        <vehicle id="40" x="201.65" y="266.65" angle="180.00" type="DEFAULT_VEHTYPE" speed="13.51" pos="61.90" lane="1/1to1/2_0" slope="0.00"/>
        <vehicle id="41" x="201.65" y="336.43" angle="180.00" type="DEFAULT_VEHTYPE" speed="13.83" pos="131.68" lane="1/1to1/2_0" slope="0.00"/>
        <vehicle id="42" x="198.35" y="366.26" angle="0.00" type="DEFAULT_VEHTYPE" speed="12.99" pos="28.99" lane="1/2to1/1_0" slope="0.00"/>
        <vehicle id="43" x="333.04" y="201.65" angle="-90.00" type="DEFAULT_VEHTYPE" speed="13.10" pos="62.21" lane="2/1to1/1_0" slope="0.00"/>
        <vehicle id="44" x="722.82" y="201.65" angle="-90.00" type="DEFAULT_VEHTYPE" speed="13.76" pos="77.18" lane="4/1to3/1_0" slope="0.00"/>
        <vehicle id="46" x="408.14" y="601.65" angle="-90.00" type="DEFAULT_VEHTYPE" speed="1.40" pos="187.11" lane="3/3to2/3_0" slope="0.00"/>
        <vehicle id="47" x="201.65" y="220.55" angle="180.00" type="DEFAULT_VEHTYPE" speed="10.49" pos="15.80" lane="1/1to1/2_0" slope="0.00"/>
        <vehicle id="49" x="201.65" y="563.31" angle="180.00" type="DEFAULT_VEHTYPE" speed="13.27" pos="158.56" lane="1/2to1/3_0" slope="0.00"/>
        <vehicle id="6" x="277.71" y="598.35" angle="90.00" type="DEFAULT_VEHTYPE" speed="13.68" pos="72.96" lane="1/3to2/3_0" slope="0.00"/>
    </timestep>
    <timestep time="102.00">
        <vehicle id="1" x="96.44" y="401.65" angle="-90.00" type="DEFAULT_VEHTYPE" speed="13.84" pos="98.81" lane="1/2to0/2_0" slope="0.00"/>
        <vehicle id="11" x="398.35" y="722.62" angle="0.00" type="DEFAULT_VEHTYPE" speed="13.87" pos="77.38" lane="2/4to2/3_0" slope="0.00"/>
        <vehicle id="12" x="25.81" y="201.65" angle="-90.00" type="DEFAULT_VEHTYPE" speed="12.65" pos="169.44" lane="1/1to0/1_0" slope="0.00"/>
        <vehicle id="13" x="601.65" y="432.33" angle="180.00" type="DEFAULT_VEHTYPE" speed="12.70" pos="27.58" lane="3/2to3/3_0" slope="0.00"/>
        <vehicle id="17" x="398.51" y="800.24" angle="-102.59" type="DEFAULT_VEHTYPE" speed="13.26" pos="4.54" lane=":2/4_0_0" slope="0.00"/>
        <vehicle id="2" x="744.67" y="198.35" angle="90.00" type="DEFAULT_VEHTYPE" speed="13.18" pos="139.92" lane="3/1to4/1_0" slope="0.00"/>
        <vehicle id="20" x="389.09" y="198.35" angle="90.00" type="DEFAULT_VEHTYPE" speed="5.73" pos="184.34" lane="1/1to2/1_0" slope="0.00"/>
        <vehicle id="21" x="235.80" y="598.35" angle="90.00" type="DEFAULT_VEHTYPE" speed="12.65" pos="31.05" lane="1/3to2/3_0" slope="0.00"/>
        <vehicle id="23" x="210.68" y="201.65" angle="-90.00" type="DEFAULT_VEHTYPE" speed="3.09" pos="184.57" lane="2/1to1/1_0" slope="0.00"/>
        <vehicle id="25" x="198.35" y="264.36" angle="0.00" type="DEFAULT_VEHTYPE" speed="13.70" pos="130.89" lane="1/2to1/1_0" slope="0.00"/>
        <vehicle id="27" x="337.19" y="598.35" angle="90.00" type="DEFAULT_VEHTYPE" speed="13.34" pos="132.44" lane="1/3to2/3_0" slope="0.00"/>
        <vehicle id="28" x="201.65" y="682.08" angle="180.00" type="DEFAULT_VEHTYPE" speed="13.49" pos="77.33" lane="1/3to1/4_0" slope="0.00"/>
        <vehicle id="29" x="398.35" y="347.16" angle="0.00" type="DEFAULT_VEHTYPE" speed="13.53" pos="48.09" lane="2/2to2/1_0" slope="0.00"/>
        <vehicle id="3" x="398.35" y="579.31" angle="0.00" type="DEFAULT_VEHTYPE" speed="12.86" pos="15.94" lane="2/3to2/2_0" slope="0.00"/>
        <vehicle id="31" x="398.35" y="267.84" angle="0.00" type="DEFAULT_VEHTYPE" speed="12.61" pos="127.41" lane="2/2to2/1_0" slope="0.00"/>
        <vehicle id="32" x="401.65" y="46.59" angle="180.00" type="DEFAULT_VEHTYPE" speed="13.31" pos="46.59" lane="2/0to2/1_0" slope="0.00"/>
        <vehicle id="35" x="401.65" y="387.89" angle="180.00" type="DEFAULT_VEHTYPE" speed="12.92" pos="183.14" lane="2/1to2/2_0" slope="0.00"/>
        <vehicle id="37" x="601.65" y="251.27" angle="180.00" type="DEFAULT_VEHTYPE" speed="12.72" pos="46.52" lane="3/1to3/2_0" slope="0.00"/>
        <vehicle id="38" x="240.43" y="201.65" angle="-90.00" type="DEFAULT_VEHTYPE" speed="13.33" pos="154.82" lane="2/1to1/1_0" slope="0.00"/>
        <vehicle id="4" x="668.03" y="201.65" angle="-90.00" type="DEFAULT_VEHTYPE" speed="12.92" pos="131.97" lane="4/1to3/1_0" slope="0.00"/>
        <vehicle id="40" x="201.65" y="280.48" angle="180.00" type="DEFAULT_VEHTYPE" speed="13.83" pos="75.73" lane="1/1to1/2_0" slope="0.00"/>
        <vehicle id="41" x="201.65" y="349.15" angle="180.00" type="DEFAULT_VEHTYPE" speed="12.72" pos="144.40" lane="1/1to1/2_0" slope="0.00"/>
        <vehicle id="42" x="198.35" y="353.11" angle="0.00" type="DEFAULT_VEHTYPE" speed="13.15" pos="42.14" lane="1/2to1/1_0" slope="0.00"/>
        <vehicle id="43" x="319.54" y="201.65" angle="-90.00" type="DEFAULT_VEHTYPE" speed="13.50" pos="75.71" lane="2/1to1/1_0" slope="0.00"/>
        <vehicle id="44" x="709.75" y="201.65" angle="-90.00" type="DEFAULT_VEHTYPE" speed="13.07" pos="90.25" lane="4/1to3/1_0" slope="0.00"/>
        <vehicle id="46" x="407.46" y="601.65" angle="-90.00" type="DEFAULT_VEHTYPE" speed="0.69" pos="187.79" lane="3/3to2/3_0" slope="0.00"/>
        <vehicle id="47" x="201.65" y="232.51" angle="180.00" type="DEFAULT_VEHTYPE" speed="11.95" pos="27.76" lane="1/1to1/2_0" slope="0.00"/>
        <vehicle id="49" x="201.65" y="576.41" angle="180.00" type="DEFAULT_VEHTYPE" speed="13.09" pos="171.66" lane="1/2to1/3_0" slope="0.00"/>
        <vehicle id="6" x="290.59" y="598.35" angle="90.00" type="DEFAULT_VEHTYPE" speed="12.88" pos="85.84" lane="1/3to2/3_0" slope="0.00"/>
    </timestep>
    <timestep time="103.00">
        <vehicle id="1" x="82.96" y="401.65" angle="-90.00" type="DEFAULT_VEHTYPE" speed="13.48" pos="112.29" lane="1/2to0/2_0" slope="0.00"/>
        <vehicle id="11" x="398.35" y="708.96" angle="0.00" type="DEFAULT_VEHTYPE" speed="13.66" pos="91.04" lane="2/4to2/3_0" slope="0.00"/>
        <vehicle id="12" x="12.15" y="201.65" angle="-90.00" type="DEFAULT_VEHTYPE" speed="13.66" pos="183.10" lane="1/1to0/1_0" slope="0.00"/>
        <vehicle id="13" x="601.65" y="445.81" angle="180.00" type="DEFAULT_VEHTYPE" speed="13.47" pos="41.06" lane="3/2to3/3_0" slope="0.00"/>
        <vehicle id="17" x="398.35" y="787.03" angle="0.00" type="DEFAULT_VEHTYPE" speed="13.25" pos="12.97" lane="2/4to2/3_0" slope="0.00"/>
        <vehicle id="2" x="757.47" y="198.35" angle="90.00" type="DEFAULT_VEHTYPE" speed="12.80" pos="152.72" lane="3/1to4/1_0" slope="0.00"/>
        <vehicle id="20" x="396.34" y="198.20" angle="88.25" type="DEFAULT_VEHTYPE" speed="7.26" pos="1.10" lane=":2/1_12_0" slope="0.00"/>
        <vehicle id="21" x="248.71" y="598.35" angle="90.00" type="DEFAULT_VEHTYPE" speed="12.91" pos="43.96" lane="1/3to2/3_0" slope="0.00"/>
        <vehicle id="23" x="205.53" y="201.65" angle="-90.00" type="DEFAULT_VEHTYPE" speed="5.15" pos="189.72" lane="2/1to1/1_0" slope="0.00"/>
        <vehicle id="25" x="198.35" y="250.52" angle="0.00" type="DEFAULT_VEHTYPE" speed="13.84" pos="144.73" lane="1/2to1/1_0" slope="0.00"/>
        <vehicle id="27" x="350.37" y="598.35" angle="90.00" type="DEFAULT_VEHTYPE" speed="13.18" pos="145.62" lane="1/3to2/3_0" slope="0.00"/>
        <vehicle id="28" x="201.65" y="695.80" angle="180.00" type="DEFAULT_VEHTYPE" speed="13.73" pos="91.05" lane="1/3to1/4_0" slope="0.00"/>
        <vehicle id="29" x="398.35" y="333.49" angle="0.00" type="DEFAULT_VEHTYPE" speed="13.67" pos="61.76" lane="2/2to2/1_0" slope="0.00"/>
        <vehicle id="3" x="398.35" y="566.31" angle="0.00" type="DEFAULT_VEHTYPE" speed="13.00" pos="28.94" lane="2/3to2/2_0" slope="0.00"/>
        <vehicle id="31" x="398.35" y="254.32" angle="0.00" type="DEFAULT_VEHTYPE" speed="13.53" pos="140.93" lane="2/2to2/1_0" slope="0.00"/>
        <vehicle id="32" x="401.65" y="60.22" angle="180.00" type="DEFAULT_VEHTYPE" speed="13.63" pos="60.22" lane="2/0to2/1_0" slope="0.00"/>
        <vehicle id="35" x="406.07" y="398.35" angle="112.89" type="DEFAULT_VEHTYPE" speed="13.68" pos="1.32" lane="2/2to3/2_0" slope="0.00"/>
        <vehicle id="37" x="601.65" y="263.92" angle="180.00" type="DEFAULT_VEHTYPE" speed="12.66" pos="59.17" lane="3/1to3/2_0" slope="0.00"/>
        <vehicle id="38" x="230.26" y="201.65" angle="-90.00" type="DEFAULT_VEHTYPE" speed="10.17" pos="164.99" lane="2/1to1/1_0" slope="0.00"/>
        <vehicle id="4" x="655.29" y="201.65" angle="-90.00" type="DEFAULT_VEHTYPE" speed="12.74" pos="144.71" lane="4/1to3/1_0" slope="0.00"/>
        <vehicle id="40" x="201.65" y="294.04" angle="180.00" type="DEFAULT_VEHTYPE" speed="13.56" pos="89.29" lane="1/1to1/2_0" slope="0.00"/>
        <vehicle id="41" x="201.65" y="362.11" angle="180.00" type="DEFAULT_VEHTYPE" speed="12.96" pos="157.36" lane="1/1to1/2_0" slope="0.00"/>
        <vehicle id="42" x="198.35" y="340.09" angle="0.00" type="DEFAULT_VEHTYPE" speed="13.02" pos="55.16" lane="1/2to1/1_0" slope="0.00"/>
        <vehicle id="43" x="306.90" y="201.65" angle="-90.00" type="DEFAULT_VEHTYPE" speed="12.65" pos="88.35" lane="2/1to1/1_0" slope="0.00"/>
        <vehicle id="44" x="696.46" y="201.65" angle="-90.00" type="DEFAULT_VEHTYPE" speed="13.29" pos="103.54" lane="4/1to3/1_0" slope="0.00"/>
        <vehicle id="46" x="404.45" y="601.61" angle="-89.51" type="DEFAULT_VEHTYPE" speed="3.01" pos="0.30" lane=":2/3_6_0" slope="0.00"/>
        <vehicle id="47" x="201.65" y="245.59" angle="180.00" type="DEFAULT_VEHTYPE" speed="13.08" pos="40.84" lane="1/1to1/2_0" slope="0.00"/>
        <vehicle id="49" x="201.65" y="589.92" angle="180.00" type="DEFAULT_VEHTYPE" speed="13.51" pos="185.17" lane="1/2to1/3_0" slope="0.00"/>
        <vehicle id="6" x="303.96" y="598.35" angle="90.00" type="DEFAULT_VEHTYPE" speed="13.37" pos="99.21" lane="1/3to2/3_0" slope="0.00"/>
    </timestep>
    <timestep time="104.00">
        <vehicle id="1" x="70.26" y="401.65" angle="-90.00" type="DEFAULT_VEHTYPE" speed="12.70" pos="124.99" lane="1/2to0/2_0" slope="0.00"/>
        <vehicle id="11" x="398.35" y="696.09" angle="0.00" type="DEFAULT_VEHTYPE" speed="12.87" pos="103.91" lane="2/4to2/3_0" slope="0.00"/>
        <vehicle id="12" x="-1.25" y="200.80" angle="-79.89" type="DEFAULT_VEHTYPE" speed="13.66" pos="1.51" lane=":0/1_0_0" slope="0.00"/>
        <vehicle id="13" x="601.65" y="458.66" angle="180.00" type="DEFAULT_VEHTYPE" speed="12.85" pos="53.91" lane="3/2to3/3_0" slope="0.00"/>
        <vehicle id="17" x="398.35" y="774.19" angle="0.00" type="DEFAULT_VEHTYPE" speed="12.84" pos="25.81" lane="2/4to2/3_0" slope="0.00"/>
        <vehicle id="2" x="770.35" y="198.35" angle="90.00" type="DEFAULT_VEHTYPE" speed="12.88" pos="165.60" lane="3/1to4/1_0" slope="0.00"/>
        <vehicle id="20" x="398.35" y="190.32" angle="0.12" type="DEFAULT_VEHTYPE" speed="8.82" pos="4.93" lane="2/1to2/0_0" slope="0.00"/>
        <vehicle id="21" x="261.47" y="598.35" angle="90.00" type="DEFAULT_VEHTYPE" speed="12.76" pos="56.72" lane="1/3to2/3_0" slope="0.00"/>
        <vehicle id="23" x="201.65" y="206.66" angle="-164.25" type="DEFAULT_VEHTYPE" speed="7.69" pos="1.91" lane="1/1to1/2_0" slope="0.00"/>
        <vehicle id="25" x="198.35" y="237.12" angle="0.00" type="DEFAULT_VEHTYPE" speed="13.41" pos="158.13" lane="1/2to1/1_0" slope="0.00"/>
        <vehicle id="27" x="364.05" y="598.35" angle="90.00" type="DEFAULT_VEHTYPE" speed="13.68" pos="159.30" lane="1/3to2/3_0" slope="0.00"/>
        <vehicle id="28" x="201.65" y="709.68" angle="180.00" type="DEFAULT_VEHTYPE" speed="13.88" pos="104.93" lane="1/3to1/4_0" slope="0.00"/>
        <vehicle id="29" x="398.35" y="320.67" angle="0.00" type="DEFAULT_VEHTYPE" speed="12.82" pos="74.58" lane="2/2to2/1_0" slope="0.00"/>
        <vehicle id="3" x="398.35" y="553.18" angle="0.00" type="DEFAULT_VEHTYPE" speed="13.13" pos="42.07" lane="2/3to2/2_0" slope="0.00"/>
        <vehicle id="31" x="398.35" y="241.47" angle="0.00" type="DEFAULT_VEHTYPE" speed="12.85" pos="153.78" lane="2/2to2/1_0" slope="0.00"/>
        <vehicle id="32" x="401.65" y="73.64" angle="180.00" type="DEFAULT_VEHTYPE" speed="13.42" pos="73.64" lane="2/0to2/1_0" slope="0.00"/>
        <vehicle id="35" x="418.69" y="398.35" angle="90.00" type="DEFAULT_VEHTYPE" speed="12.62" pos="13.94" lane="2/2to3/2_0" slope="0.00"/>
        <vehicle id="37" x="601.65" y="276.73" angle="180.00" type="DEFAULT_VEHTYPE" speed="12.81" pos="71.98" lane="3/1to3/2_0" slope="0.00"/>
        <vehicle id="38" x="220.72" y="201.65" angle="-90.00" type="DEFAULT_VEHTYPE" speed="9.54" pos="174.53" lane="2/1to1/1_0" slope="0.00"/>
        <vehicle id="4" x="641.54" y="201.65" angle="-90.00" type="DEFAULT_VEHTYPE" speed="13.75" pos="158.46" lane="4/1to3/1_0" slope="0.00"/>
        <vehicle id="40" x="201.65" y="307.17" angle="180.00" type="DEFAULT_VEHTYPE" speed="13.13" pos="102.42" lane="1/1to1/2_0" slope="0.00"/>
        <vehicle id="41" x="201.65" y="374.73" angle="180.00" type="DEFAULT_VEHTYPE" speed="12.62" pos="169.98" lane="1/1to1/2_0" slope="0.00"/>
        <vehicle id="42" x="198.35" y="327.07" angle="0.00" type="DEFAULT_VEHTYPE" speed="13.02" pos="68.18" lane="1/2to1/1_0" slope="0.00"/>
        <vehicle id="43" x="293.91" y="201.65" angle="-90.00" type="DEFAULT_VEHTYPE" speed="12.99" pos="101.34" lane="2/1to1/1_0" slope="0.00"/>
        <vehicle id="44" x="683.42" y="201.65" angle="-90.00" type="DEFAULT_VEHTYPE" speed="13.04" pos="116.58" lane="4/1to3/1_0" slope="0.00"/>
        <vehicle id="46" x="399.58" y="599.43" angle="-64.04" type="DEFAULT_VEHTYPE" speed="5.58" pos="5.88" lane=":2/3_6_0" slope="0.00"/>
        <vehicle id="47" x="201.65" y="258.71" angle="180.00" type="DEFAULT_VEHTYPE" speed="13.12" pos="53.96" lane="1/1to1/2_0" slope="0.00"/>
        <vehicle id="49" x="208.11" y="598.35" angle="93.80" type="DEFAULT_VEHTYPE" speed="13.69" pos="3.36" lane="1/3to2/3_0" slope="0.00"/>
        <vehicle id="6" x="316.68" y="598.35" angle="90.00" type="DEFAULT_VEHTYPE" speed="12.72" pos="111.93" lane="1/3to2/3_0" slope="0.00"/>
    </timestep>
    <timestep time="105.00">
        <vehicle id="1" x="56.64" y="401.65" angle="-90.00" type="DEFAULT_VEHTYPE" speed="13.62" pos="138.61" lane="1/2to0/2_0" slope="0.00"/>
        <vehicle id="11" x="398.35" y="682.94" angle="0.00" type="DEFAULT_VEHTYPE" speed="13.15" pos="117.06" lane="2/4to2/3_0" slope="0.00"/>
        <vehicle id="12" x="10.19" y="198.35" angle="90.00" type="DEFAULT_VEHTYPE" speed="13.50" pos="10.19" lane="0/1to1/1_0" slope="0.00"/>
        <vehicle id="13" x="601.65" y="471.79" angle="180.00" type="DEFAULT_VEHTYPE" speed="13.14" pos="67.04" lane="3/2to3/3_0" slope="0.00"/>
        <vehicle id="17" x="398.35" y="760.48" angle="0.00" type="DEFAULT_VEHTYPE" speed="13.71" pos="39.52" lane="2/4to2/3_0" slope="0.00"/>
        <vehicle id="2" x="782.97" y="198.35" angle="90.00" type="DEFAULT_VEHTYPE" speed="12.61" pos="178.22" lane="3/1to4/1_0" slope="0.00"/>
        <vehicle id="20" x="398.35" y="179.41" angle="0.00" type="DEFAULT_VEHTYPE" speed="10.91" pos="15.84" lane="2/1to2/0_0" slope="0.00"/>
        <vehicle id="21" x="275.15" y="598.35" angle="90.00" type="DEFAULT_VEHTYPE" speed="13.68" pos="70.40" lane="1/3to2/3_0" slope="0.00"/>
        <vehicle id="23" x="201.65" y="216.61" angle="180.00" type="DEFAULT_VEHTYPE" speed="9.95" pos="11.86" lane="1/1to1/2_0" slope="0.00"/>
        <vehicle id="25" x="198.35" y="223.92" angle="0.00" type="DEFAULT_VEHTYPE" speed="13.20" pos="171.33" lane="1/2to1/1_0" slope="0.00"/>
        <vehicle id="27" x="375.75" y="598.35" angle="90.00" type="DEFAULT_VEHTYPE" speed="11.70" pos="171.00" lane="1/3to2/3_0" slope="0.00"/>
        <vehicle id="28" x="201.65" y="722.97" angle="180.00" type="DEFAULT_VEHTYPE" speed="13.29" pos="118.22" lane="1/3to1/4_0" slope="0.00"/>
        <vehicle id="29" x="398.35" y="307.38" angle="0.00" type="DEFAULT_VEHTYPE" speed="13.29" pos="87.87" lane="2/2to2/1_0" slope="0.00"/>
        <vehicle id="3" x="398.35" y="539.49" angle="0.00" type="DEFAULT_VEHTYPE" speed="13.69" pos="55.76" lane="2/3to2/2_0" slope="0.00"/>
        <vehicle id="31" x="398.35" y="227.59" angle="0.00" type="DEFAULT_VEHTYPE" speed="13.88" pos="167.66" lane="2/2to2/1_0" slope="0.00"/>
        <vehicle id="32" x="401.65" y="87.23" angle="180.00" type="DEFAULT_VEHTYPE" speed="13.59" pos="87.23" lane="2/0to2/1_0" slope="0.00"/>
        <vehicle id="35" x="431.74" y="398.35" angle="90.00" type="DEFAULT_VEHTYPE" speed="13.05" pos="26.99" lane="2/2to3/2_0" slope="0.00"/>
        <vehicle id="37" x="601.65" y="289.50" angle="180.00" type="DEFAULT_VEHTYPE" speed="12.76" pos="84.75" lane="3/1to3/2_0" slope="0.00"/>
        <vehicle id="38" x="214.58" y="201.65" angle="-90.00" type="DEFAULT_VEHTYPE" speed="6.15" pos="180.67" lane="2/1to1/1_0" slope="0.00"/>
        <vehicle id="4" x="628.61" y="201.65" angle="-90.00" type="DEFAULT_VEHTYPE" speed="12.93" pos="171.39" lane="4/1to3/1_0" slope="0.00"/>
        <vehicle id="40" x="201.65" y="319.87" angle="180.00" type="DEFAULT_VEHTYPE" speed="12.70" pos="115.12" lane="1/1to1/2_0" slope="0.00"/>
        <vehicle id="41" x="201.65" y="388.24" angle="180.00" type="DEFAULT_VEHTYPE" speed="13.50" pos="183.49" lane="1/1to1/2_0" slope="0.00"/>
        <vehicle id="42" x="198.35" y="313.78" angle="0.00" type="DEFAULT_VEHTYPE" speed="13.28" pos="81.47" lane="1/2to1/1_0" slope="0.00"/>
        <vehicle id="43" x="280.01" y="201.65" angle="-90.00" type="DEFAULT_VEHTYPE" speed="13.89" pos="115.24" lane="2/1to1/1_0" slope="0.00"/>
        <vehicle id="44" x="670.39" y="201.65" angle="-90.00" type="DEFAULT_VEHTYPE" speed="13.03" pos="129.61" lane="4/1to3/1_0" slope="0.00"/>
        <vehicle id="46" x="398.35" y="592.07" angle="-2.96" type="DEFAULT_VEHTYPE" speed="7.62" pos="3.18" lane="2/3to2/2_0" slope="0.00"/>
        <vehicle id="47" x="201.65" y="271.95" angle="180.00" type="DEFAULT_VEHTYPE" speed="13.24" pos="67.20" lane="1/1to1/2_0" slope="0.00"/>
        <vehicle id="49" x="221.92" y="598.35" angle="90.00" type="DEFAULT_VEHTYPE" speed="13.81" pos="17.17" lane="1/3to2/3_0" slope="0.00"/>
        <vehicle id="6" x="329.35" y="598.35" angle="90.00" type="DEFAULT_VEHTYPE" speed="12.67" pos="124.60" lane="1/3to2/3_0" slope="0.00"/>
    </timestep>
    <timestep time="106.00">
        <vehicle id="1" x="43.53" y="401.65" angle="-90.00" type="DEFAULT_VEHTYPE" speed="13.10" pos="151.72" lane="1/2to0/2_0" slope="0.00"/>
        <vehicle id="11" x="398.35" y="669.08" angle="0.00" type="DEFAULT_VEHTYPE" speed="13.86" pos="130.92" lane="2/4to2/3_0" slope="0.00"/>
        <vehicle id="12" x="24.04" y="198.35" angle="90.00" type="DEFAULT_VEHTYPE" speed="13.85" pos="24.04" lane="0/1to1/1_0" slope="0.00"/>
        <vehicle id="13" x="601.65" y="484.91" angle="180.00" type="DEFAULT_VEHTYPE" speed="13.11" pos="80.16" lane="3/2to3/3_0" slope="0.00"/>
        <vehicle id="17" x="398.35" y="747.83" angle="0.00" type="DEFAULT_VEHTYPE" speed="12.65" pos="52.17" lane="2/4to2/3_0" slope="0.00"/>
        <vehicle id="2" x="796.01" y="198.35" angle="90.00" type="DEFAULT_VEHTYPE" speed="13.05" pos="191.26" lane="3/1to4/1_0" slope="0.00"/>
        <vehicle id="20" x="398.35" y="166.88" angle="0.00" type="DEFAULT_VEHTYPE" speed="12.53" pos="28.37" lane="2/1to2/0_0" slope="0.00"/>
        <vehicle id="21" x="288.23" y="598.35" angle="90.00" type="DEFAULT_VEHTYPE" speed="13.08" pos="83.48" lane="1/3to2/3_0" slope="0.00"/>
        <vehicle id="23" x="201.65" y="228.47" angle="180.00" type="DEFAULT_VEHTYPE" speed="11.86" pos="23.72" lane="1/1to1/2_0" slope="0.00"/>
        <vehicle id="25" x="198.35" y="211.21" angle="0.00" type="DEFAULT_VEHTYPE" speed="12.71" pos="184.04" lane="1/2to1/1_0" slope="0.00"/>
        <vehicle id="27" x="383.38" y="598.35" angle="90.00" type="DEFAULT_VEHTYPE" speed="7.63" pos="178.63" lane="1/3to2/3_0" slope="0.00"/>
        <vehicle id="28" x="201.65" y="736.84" angle="180.00" type="DEFAULT_VEHTYPE" speed="13.87" pos="132.09" lane="1/3to1/4_0" slope="0.00"/>
        <vehicle id="29" x="398.35" y="293.53" angle="0.00" type="DEFAULT_VEHTYPE" speed="13.85" pos="101.72" lane="2/2to2/1_0" slope="0.00"/>
        <vehicle id="3" x="398.35" y="525.73" angle="0.00" type="DEFAULT_VEHTYPE" speed="13.76" pos="69.52" lane="2/3to2/2_0" slope="0.00"/>
        <vehicle id="31" x="398.35" y="214.03" angle="0.00" type="DEFAULT_VEHTYPE" speed="13.56" pos="181.22" lane="2/2to2/1_0" slope="0.00"/>
        <vehicle id="32" x="401.65" y="100.71" angle="180.00" type="DEFAULT_VEHTYPE" speed="13.48" pos="100.71" lane="2/0to2/1_0" slope="0.00"/>
        <vehicle id="35" x="445.15" y="398.35" angle="90.00" type="DEFAULT_VEHTYPE" speed="13.42" pos="40.40" lane="2/2to3/2_0" slope="0.00"/>
        <vehicle id="37" x="601.65" y="302.49" angle="180.00" type="DEFAULT_VEHTYPE" speed="12.99" pos="97.74" lane="3/1to3/2_0" slope="0.00"/>
        <vehicle id="38" x="210.61" y="201.65" angle="-90.00" type="DEFAULT_VEHTYPE" speed="3.96" pos="184.64" lane="2/1to1/1_0" slope="0.00"/>
        <vehicle id="4" x="619.73" y="201.65" angle="-90.00" type="DEFAULT_VEHTYPE" speed="8.88" pos="180.27" lane="4/1to3/1_0" slope="0.00"/>
        <vehicle id="40" x="201.65" y="332.77" angle="180.00" type="DEFAULT_VEHTYPE" speed="12.90" pos="128.02" lane="1/1to1/2_0" slope="0.00"/>
        <vehicle id="41" x="201.65" y="401.75" angle="180.00" type="DEFAULT_VEHTYPE" speed="13.52" pos="6.50" lane=":1/2_9_0" slope="0.00"/>
        <vehicle id="42" x="198.35" y="300.51" angle="0.00" type="DEFAULT_VEHTYPE" speed="13.28" pos="94.74" lane="1/2to1/1_0" slope="0.00"/>
        <vehicle id="43" x="267.14" y="201.65" angle="-90.00" type="DEFAULT_VEHTYPE" speed="12.88" pos="128.11" lane="2/1to1/1_0" slope="0.00"/>
        <vehicle id="44" x="657.28" y="201.65" angle="-90.00" type="DEFAULT_VEHTYPE" speed="13.12" pos="142.72" lane="4/1to3/1_0" slope="0.00"/>
        <vehicle id="46" x="398.35" y="582.64" angle="0.00" type="DEFAULT_VEHTYPE" speed="9.43" pos="12.61" lane="2/3to2/2_0" slope="0.00"/>
        <vehicle id="47" x="201.65" y="285.83" angle="180.00" type="DEFAULT_VEHTYPE" speed="13.88" pos="81.08" lane="1/1to1/2_0" slope="0.00"/>
        <vehicle id="49" x="235.32" y="598.35" angle="90.00" type="DEFAULT_VEHTYPE" speed="13.39" pos="30.57" lane="1/3to2/3_0" slope="0.00"/>
        <vehicle id="6" x="342.60" y="598.35" angle="90.00" type="DEFAULT_VEHTYPE" speed="13.25" pos="137.85" lane="1/3to2/3_0" slope="0.00"/>
    </timestep>
    <timestep time="107.00">
        <vehicle id="1" x="29.69" y="401.65" angle="-90.00" type="DEFAULT_VEHTYPE" speed="13.84" pos="165.56" lane="1/2to0/2_0" slope="0.00"/>
        <vehicle id="11" x="398.35" y="655.95" angle="0.00" type="DEFAULT_VEHTYPE" speed="13.13" pos="144.05" lane="2/4to2/3_0" slope="0.00"/>
        <vehicle id="12" x="37.42" y="198.35" angle="90.00" type="DEFAULT_VEHTYPE" speed="13.38" pos="37.42" lane="0/1to1/1_0" slope="0.00"/>
        <vehicle id="13" x="601.65" y="498.07" angle="180.00" type="DEFAULT_VEHTYPE" speed="13.16" pos="93.32" lane="3/2to3/3_0" slope="0.00"/>
        <vehicle id="17" x="398.35" y="734.86" angle="0.00" type="DEFAULT_VEHTYPE" speed="12.97" pos="65.14" lane="2/4to2/3_0" slope="0.00"/>
        <vehicle id="2" x="796.18" y="201.65" angle="-97.80" type="DEFAULT_VEHTYPE" speed="12.63" pos="3.82" lane="4/1to3/1_0" slope="0.00"/>
        <vehicle id="20" x="398.35" y="153.79" angle="0.00" type="DEFAULT_VEHTYPE" speed="13.09" pos="41.46" lane="2/1to2/0_0" slope="0.00"/>
        <vehicle id="21" x="301.09" y="598.35" angle="90.00" type="DEFAULT_VEHTYPE" speed="12.85" pos="96.34" lane="1/3to2/3_0" slope="0.00"/>
        <vehicle id="23" x="201.65" y="241.99" angle="180.00" type="DEFAULT_VEHTYPE" speed="13.52" pos="37.24" lane="1/1to1/2_0" slope="0.00"/>
        <vehicle id="25" x="193.82" y="201.65" angle="-68.55" type="DEFAULT_VEHTYPE" speed="12.89" pos="1.43" lane="1/1to0/1_0" slope="0.00"/>
        <vehicle id="27" x="388.50" y="598.35" angle="90.00" type="DEFAULT_VEHTYPE" speed="5.11" pos="183.75" lane="1/3to2/3_0" slope="0.00"/>
        <vehicle id="28" x="201.65" y="749.54" angle="180.00" type="DEFAULT_VEHTYPE" speed="12.70" pos="144.79" lane="1/3to1/4_0" slope="0.00"/>
        <vehicle id="29" x="398.35" y="280.14" angle="0.00" type="DEFAULT_VEHTYPE" speed="13.39" pos="115.11" lane="2/2to2/1_0" slope="0.00"/>
        <vehicle id="3" x="398.35" y="512.12" angle="0.00" type="DEFAULT_VEHTYPE" speed="13.61" pos="83.13" lane="2/3to2/2_0" slope="0.00"/>
        <vehicle id="32" x="401.65" y="113.67" angle="180.00" type="DEFAULT_VEHTYPE" speed="12.96" pos="113.67" lane="2/0to2/1_0" slope="0.00"/>
        <vehicle id="35" x="458.64" y="398.35" angle="90.00" type="DEFAULT_VEHTYPE" speed="13.49" pos="53.89" lane="2/2to3/2_0" slope="0.00"/>
        <vehicle id="37" x="601.65" y="315.93" angle="180.00" type="DEFAULT_VEHTYPE" speed="13.44" pos="111.18" lane="3/1to3/2_0" slope="0.00"/>
        <vehicle id="38" x="204.22" y="201.72" angle="-90.86" type="DEFAULT_VEHTYPE" speed="6.40" pos="0.54" lane=":1/1_4_0" slope="0.00"/>
        <vehicle id="4" x="613.76" y="201.65" angle="-90.00" type="DEFAULT_VEHTYPE" speed="5.97" pos="186.24" lane="4/1to3/1_0" slope="0.00"/>
        <vehicle id="40" x="201.65" y="346.21" angle="180.00" type="DEFAULT_VEHTYPE" speed="13.44" pos="141.46" lane="1/1to1/2_0" slope="0.00"/>
        <vehicle id="41" x="201.65" y="414.53" angle="180.00" type="DEFAULT_VEHTYPE" speed="12.78" pos="9.78" lane="1/2to1/3_0" slope="0.00"/>
        <vehicle id="42" x="198.35" y="287.01" angle="0.00" type="DEFAULT_VEHTYPE" speed="13.50" pos="108.24" lane="1/2to1/1_0" slope="0.00"/>
        <vehicle id="43" x="253.74" y="201.65" angle="-90.00" type="DEFAULT_VEHTYPE" speed="13.40" pos="141.51" lane="2/1to1/1_0" slope="0.00"/>
        <vehicle id="44" x="644.15" y="201.65" angle="-90.00" type="DEFAULT_VEHTYPE" speed="13.13" pos="155.85" lane="4/1to3/1_0" slope="0.00"/>
        <vehicle id="46" x="398.35" y="571.89" angle="0.00" type="DEFAULT_VEHTYPE" speed="10.76" pos="23.36" lane="2/3to2/2_0" slope="0.00"/>
        <vehicle id="47" x="201.65" y="299.56" angle="180.00" type="DEFAULT_VEHTYPE" speed="13.74" pos="94.81" lane="1/1to1/2_0" slope="0.00"/>
        <vehicle id="49" x="249.11" y="598.35" angle="90.00" type="DEFAULT_VEHTYPE" speed="13.79" pos="44.36" lane="1/3to2/3_0" slope="0.00"/>
        <vehicle id="6" x="355.40" y="598.35" angle="90.00" type="DEFAULT_VEHTYPE" speed="12.80" pos="150.65" lane="1/3to2/3_0" slope="0.00"/>
    </timestep>
    <timestep time="108.00">
        <vehicle id="1" x="15.99" y="401.65" angle="-90.00" type="DEFAULT_VEHTYPE" speed="13.71" pos="179.26" lane="1/2to0/2_0" slope="0.00"/>
        <vehicle id="11" x="398.35" y="642.59" angle="0.00" type="DEFAULT_VEHTYPE" speed="13.37" pos="157.41" lane="2/4to2/3_0" slope="0.00"/>
        <vehicle id="12" x="51.27" y="198.35" angle="90.00" type="DEFAULT_VEHTYPE" speed="13.85" pos="51.27" lane="0/1to1/1_0" slope="0.00"/>
        <vehicle id="13" x="601.65" y="510.88" angle="180.00" type="DEFAULT_VEHTYPE" speed="12.81" pos="106.13" lane="3/2to3/3_0" slope="0.00"/>
        <vehicle id="17" x="398.35" y="722.13" angle="0.00" type="DEFAULT_VEHTYPE" speed="12.73" pos="77.87" lane="2/4to2/3_0" slope="0.00"/>
        <vehicle id="2" x="783.27" y="201.65" angle="-90.00" type="DEFAULT_VEHTYPE" speed="12.91" pos="16.73" lane="4/1to3/1_0" slope="0.00"/>
        <vehicle id="20" x="398.35" y="140.68" angle="0.00" type="DEFAULT_VEHTYPE" speed="13.11" pos="54.57" lane="2/1to2/0_0" slope="0.00"/>
        <vehicle id="21" x="314.49" y="598.35" angle="90.00" type="DEFAULT_VEHTYPE" speed="13.40" pos="109.74" lane="1/3to2/3_0" slope="0.00"/>
        <vehicle id="23" x="201.65" y="255.00" angle="180.00" type="DEFAULT_VEHTYPE" speed="13.01" pos="50.25" lane="1/1to1/2_0" slope="0.00"/>
        <vehicle id="25" x="180.47" y="201.65" angle="-90.00" type="DEFAULT_VEHTYPE" speed="13.35" pos="14.78" lane="1/1to0/1_0" slope="0.00"/>
        <vehicle id="27" x="395.66" y="598.41" angle="90.68" type="DEFAULT_VEHTYPE" speed="7.17" pos="0.42" lane=":2/3_14_0" slope="0.00"/>
        <vehicle id="28" x="201.65" y="762.63" angle="180.00" type="DEFAULT_VEHTYPE" speed="13.09" pos="157.88" lane="1/3to1/4_0" slope="0.00"/>
        <vehicle id="29" x="398.35" y="266.51" angle="0.00" type="DEFAULT_VEHTYPE" speed="13.63" pos="128.74" lane="2/2to2/1_0" slope="0.00"/>
        <vehicle id="3" x="398.35" y="498.62" angle="0.00" type="DEFAULT_VEHTYPE" speed="13.50" pos="96.63" lane="2/3to2/2_0" slope="0.00"/>
        <vehicle id="32" x="401.65" y="126.33" angle="180.00" type="DEFAULT_VEHTYPE" speed="12.66" pos="126.33" lane="2/0to2/1_0" slope="0.00"/>
        <vehicle id="35" x="471.27" y="398.35" angle="90.00" type="DEFAULT_VEHTYPE" speed="12.63" pos="66.52" lane="2/2to3/2_0" slope="0.00"/>
        <vehicle id="37" x="601.65" y="328.81" angle="180.00" type="DEFAULT_VEHTYPE" speed="12.88" pos="124.06" lane="3/1to3/2_0" slope="0.00"/>
        <vehicle id="38" x="201.65" y="209.13" angle="-179.01" type="DEFAULT_VEHTYPE" speed="8.84" pos="4.38" lane="1/1to1/2_0" slope="0.00"/>
        <vehicle id="4" x="610.50" y="201.65" angle="-90.00" type="DEFAULT_VEHTYPE" speed="3.25" pos="189.50" lane="4/1to3/1_0" slope="0.00"/>
        <vehicle id="40" x="201.65" y="360.09" angle="180.00" type="DEFAULT_VEHTYPE" speed="13.88" pos="155.34" lane="1/1to1/2_0" slope="0.00"/>
        <vehicle id="41" x="201.65" y="427.73" angle="180.00" type="DEFAULT_VEHTYPE" speed="13.20" pos="22.98" lane="1/2to1/3_0" slope="0.00"/>
        <vehicle id="42" x="198.35" y="273.82" angle="0.00" type="DEFAULT_VEHTYPE" speed="13.19" pos="121.43" lane="1/2to1/1_0" slope="0.00"/>
        <vehicle id="43" x="241.11" y="201.65" angle="-90.00" type="DEFAULT_VEHTYPE" speed="12.62" pos="154.14" lane="2/1to1/1_0" slope="0.00"/>
        <vehicle id="44" x="632.79" y="201.65" angle="-90.00" type="DEFAULT_VEHTYPE" speed="11.36" pos="167.21" lane="4/1to3/1_0" slope="0.00"/>
        <vehicle id="46" x="398.35" y="559.59" angle="0.00" type="DEFAULT_VEHTYPE" speed="12.30" pos="35.66" lane="2/3to2/2_0" slope="0.00"/>
        <vehicle id="47" x="201.65" y="313.11" angle="180.00" type="DEFAULT_VEHTYPE" speed="13.55" pos="108.36" lane="1/1to1/2_0" slope="0.00"/>
        <vehicle id="49" x="262.99" y="598.35" angle="90.00" type="DEFAULT_VEHTYPE" speed="13.88" pos="58.24" lane="1/3to2/3_0" slope="0.00"/>
        <vehicle id="6" x="368.41" y="598.35" angle="90.00" type="DEFAULT_VEHTYPE" speed="13.02" pos="163.66" lane="1/3to2/3_0" slope="0.00"/>
    </timestep>
    <timestep time="109.00">
        <vehicle id="1" x="3.04" y="401.65" angle="-90.00" type="DEFAULT_VEHTYPE" speed="12.94" pos="192.21" lane="1/2to0/2_0" slope="0.00"/>
        <vehicle id="11" x="398.35" y="629.24" angle="0.00" type="DEFAULT_VEHTYPE" speed="13.35" pos="170.76" lane="2/4to2/3_0" slope="0.00"/>
        <vehicle id="12" x="65.09" y="198.35" angle="90.00" type="DEFAULT_VEHTYPE" speed="13.83" pos="65.09" lane="0/1to1/1_0" slope="0.00"/>
        <vehicle id="13" x="601.65" y="523.97" angle="180.00" type="DEFAULT_VEHTYPE" speed="13.09" pos="119.22" lane="3/2to3/3_0" slope="0.00"/>
        <vehicle id="17" x="398.35" y="708.39" angle="0.00" type="DEFAULT_VEHTYPE" speed="13.74" pos="91.61" lane="2/4to2/3_0" slope="0.00"/>
        <vehicle id="2" x="770.61" y="201.65" angle="-90.00" type="DEFAULT_VEHTYPE" speed="12.65" pos="29.39" lane="4/1to3/1_0" slope="0.00"/>
        <vehicle id="20" x="398.35" y="127.91" angle="0.00" type="DEFAULT_VEHTYPE" speed="12.77" pos="67.34" lane="2/1to2/0_0" slope="0.00"/>
        <vehicle id="21" x="328.12" y="598.35" angle="90.00" type="DEFAULT_VEHTYPE" speed="13.64" pos="123.37" lane="1/3to2/3_0" slope="0.00"/>
        <vehicle id="23" x="201.65" y="267.98" angle="180.00" type="DEFAULT_VEHTYPE" speed="12.98" pos="63.23" lane="1/1to1/2_0" slope="0.00"/>
        <vehicle id="25" x="167.72" y="201.65" angle="-90.00" type="DEFAULT_VEHTYPE" speed="12.74" pos="27.53" lane="1/1to0/1_0" slope="0.00"/>
        <vehicle id="27" x="401.56" y="604.12" angle="156.50" type="DEFAULT_VEHTYPE" speed="9.26" pos="9.68" lane=":2/3_14_0" slope="0.00"/>
        <vehicle id="28" x="201.65" y="775.60" angle="180.00" type="DEFAULT_VEHTYPE" speed="12.98" pos="170.85" lane="1/3to1/4_0" slope="0.00"/>
        <vehicle id="29" x="398.35" y="253.22" angle="0.00" type="DEFAULT_VEHTYPE" speed="13.29" pos="142.03" lane="2/2to2/1_0" slope="0.00"/>
        <vehicle id="3" x="398.35" y="484.83" angle="0.00" type="DEFAULT_VEHTYPE" speed="13.79" pos="110.42" lane="2/3to2/2_0" slope="0.00"/>
        <vehicle id="32" x="401.65" y="139.11" angle="180.00" type="DEFAULT_VEHTYPE" speed="12.78" pos="139.11" lane="2/0to2/1_0" slope="0.00"/>
        <vehicle id="35" x="483.97" y="398.35" angle="90.00" type="DEFAULT_VEHTYPE" speed="12.70" pos="79.22" lane="2/2to3/2_0" slope="0.00"/>
        <vehicle id="37" x="601.65" y="342.30" angle="180.00" type="DEFAULT_VEHTYPE" speed="13.49" pos="137.55" lane="3/1to3/2_0" slope="0.00"/>
        <vehicle id="38" x="201.65" y="220.26" angle="180.00" type="DEFAULT_VEHTYPE" speed="11.13" pos="15.51" lane="1/1to1/2_0" slope="0.00"/>
        <vehicle id="4" x="605.34" y="201.65" angle="-90.00" type="DEFAULT_VEHTYPE" speed="5.17" pos="194.66" lane="4/1to3/1_0" slope="0.00"/>
        <vehicle id="40" x="201.65" y="372.21" angle="180.00" type="DEFAULT_VEHTYPE" speed="12.12" pos="167.46" lane="1/1to1/2_0" slope="0.00"/>
        <vehicle id="41" x="201.65" y="441.24" angle="180.00" type="DEFAULT_VEHTYPE" speed="13.52" pos="36.49" lane="1/2to1/3_0" slope="0.00"/>
        <vehicle id="42" x="198.35" y="260.43" angle="0.00" type="DEFAULT_VEHTYPE" speed="13.39" pos="134.82" lane="1/2to1/1_0" slope="0.00"/>
        <vehicle id="43" x="228.68" y="201.65" angle="-90.00" type="DEFAULT_VEHTYPE" speed="12.44" pos="166.57" lane="2/1to1/1_0" slope="0.00"/>
        <vehicle id="44" x="624.96" y="201.65" angle="-90.00" type="DEFAULT_VEHTYPE" speed="7.84" pos="175.04" lane="4/1to3/1_0" slope="0.00"/>
        <vehicle id="46" x="398.35" y="546.23" angle="0.00" type="DEFAULT_VEHTYPE" speed="13.36" pos="49.02" lane="2/3to2/2_0" slope="0.00"/>
        <vehicle id="47" x="201.65" y="326.14" angle="180.00" type="DEFAULT_VEHTYPE" speed="13.03" pos="121.39" lane="1/1to1/2_0" slope="0.00"/>
        <vehicle id="49" x="276.08" y="598.35" angle="90.00" type="DEFAULT_VEHTYPE" speed="13.09" pos="71.33" lane="1/3to2/3_0" slope="0.00"/>
        <vehicle id="6" x="378.39" y="598.35" angle="90.00" type="DEFAULT_VEHTYPE" speed="9.97" pos="173.64" lane="1/3to2/3_0" slope="0.00"/>
    </timestep>
    <timestep time="110.00">
        <vehicle id="1" x="5.82" y="398.35" angle="90.00" type="DEFAULT_VEHTYPE" speed="13.68" pos="5.82" lane="0/2to1/2_0" slope="0.00"/>
        <vehicle id="11" x="398.35" y="615.58" angle="0.00" type="DEFAULT_VEHTYPE" speed="13.66" pos="184.42" lane="2/4to2/3_0" slope="0.00"/>
        <vehicle id="12" x="78.24" y="198.35" angle="90.00" type="DEFAULT_VEHTYPE" speed="13.15" pos="78.24" lane="0/1to1/1_0" slope="0.00"/>
        <vehicle id="13" x="601.65" y="537.11" angle="180.00" type="DEFAULT_VEHTYPE" speed="13.14" pos="132.36" lane="3/2to3/3_0" slope="0.00"/>
        <vehicle id="17" x="398.35" y="695.39" angle="0.00" type="DEFAULT_VEHTYPE" speed="13.00" pos="104.61" lane="2/4to2/3_0" slope="0.00"/>
        <vehicle id="2" x="757.29" y="201.65" angle="-90.00" type="DEFAULT_VEHTYPE" speed="13.32" pos="42.71" lane="4/1to3/1_0" slope="0.00"/>
        <vehicle id="20" x="398.35" y="114.65" angle="0.00" type="DEFAULT_VEHTYPE" speed="13.27" pos="80.60" lane="2/1to2/0_0" slope="0.00"/>
        <vehicle id="21" x="340.75" y="598.35" angle="90.00" type="DEFAULT_VEHTYPE" speed="12.62" pos="136.00" lane="1/3to2/3_0" slope="0.00"/>
        <vehicle id="23" x="201.65" y="281.40" angle="180.00" type="DEFAULT_VEHTYPE" speed="13.42" pos="76.65" lane="1/1to1/2_0" slope="0.00"/>
        <vehicle id="25" x="155.11" y="201.65" angle="-90.00" type="DEFAULT_VEHTYPE" speed="12.61" pos="40.14" lane="1/1to0/1_0" slope="0.00"/>
        <vehicle id="27" x="401.65" y="614.89" angle="180.00" type="DEFAULT_VEHTYPE" speed="10.78" pos="10.14" lane="2/3to2/4_0" slope="0.00"/>
        <vehicle id="28" x="201.65" y="788.28" angle="180.00" type="DEFAULT_VEHTYPE" speed="12.68" pos="183.53" lane="1/3to1/4_0" slope="0.00"/>
        <vehicle id="29" x="398.35" y="240.30" angle="0.00" type="DEFAULT_VEHTYPE" speed="12.92" pos="154.95" lane="2/2to2/1_0" slope="0.00"/>
        <vehicle id="3" x="398.35" y="470.96" angle="0.00" type="DEFAULT_VEHTYPE" speed="13.87" pos="124.29" lane="2/3to2/2_0" slope="0.00"/>
        <vehicle id="32" x="401.65" y="151.98" angle="180.00" type="DEFAULT_VEHTYPE" speed="12.87" pos="151.98" lane="2/0to2/1_0" slope="0.00"/>
        <vehicle id="35" x="497.51" y="398.35" angle="90.00" type="DEFAULT_VEHTYPE" speed="13.54" pos="92.76" lane="2/2to3/2_0" slope="0.00"/>
        <vehicle id="37" x="601.65" y="355.51" angle="180.00" type="DEFAULT_VEHTYPE" speed="13.21" pos="150.76" lane="3/1to3/2_0" slope="0.00"/>
        <vehicle id="38" x="201.65" y="233.30" angle="180.00" type="DEFAULT_VEHTYPE" speed="13.04" pos="28.55" lane="1/1to1/2_0" slope="0.00"/>
        <vehicle id="4" x="601.65" y="206.26" angle="-159.53" type="DEFAULT_VEHTYPE" speed="7.10" pos="1.51" lane="3/1to3/2_0" slope="0.00"/>
        <vehicle id="40" x="201.65" y="381.05" angle="180.00" type="DEFAULT_VEHTYPE" speed="8.84" pos="176.30" lane="1/1to1/2_0" slope="0.00"/>
        <vehicle id="41" x="201.65" y="454.97" angle="180.00" type="DEFAULT_VEHTYPE" speed="13.73" pos="50.22" lane="1/2to1/3_0" slope="0.00"/>
        <vehicle id="42" x="198.35" y="247.26" angle="0.00" type="DEFAULT_VEHTYPE" speed="13.17" pos="147.99" lane="1/2to1/1_0" slope="0.00"/>
        <vehicle id="43" x="219.67" y="201.65" angle="-90.00" type="DEFAULT_VEHTYPE" speed="9.00" pos="175.58" lane="2/1to1/1_0" slope="0.00"/>
        <vehicle id="44" x="617.01" y="201.65" angle="-90.00" type="DEFAULT_VEHTYPE" speed="7.94" pos="182.99" lane="4/1to3/1_0" slope="0.00"/>
        <vehicle id="46" x="398.35" y="532.33" angle="0.00" type="DEFAULT_VEHTYPE" speed="13.89" pos="62.92" lane="2/3to2/2_0" slope="0.00"/>
        <vehicle id="47" x="201.65" y="339.24" angle="180.00" type="DEFAULT_VEHTYPE" speed="13.10" pos="134.49" lane="1/1to1/2_0" slope="0.00"/>
        <vehicle id="49" x="289.90" y="598.35" angle="90.00" type="DEFAULT_VEHTYPE" speed="13.82" pos="85.15" lane="1/3to2/3_0" slope="0.00"/>
        <vehicle id="6" x="385.93" y="598.35" angle="90.00" type="DEFAULT_VEHTYPE" speed="7.55" pos="181.18" lane="1/3to2/3_0" slope="0.00"/>
    </timestep>
    <timestep time="111.00">
        <vehicle id="1" x="18.44" y="398.35" angle="90.00" type="DEFAULT_VEHTYPE" speed="12.62" pos="18.44" lane="0/2to1/2_0" slope="0.00"/>
        <vehicle id="11" x="398.35" y="602.75" angle="0.00" type="DEFAULT_VEHTYPE" speed="12.83" pos="2.00" lane=":2/3_1_0" slope="0.00"/>
        <vehicle id="12" x="91.29" y="198.35" angle="90.00" type="DEFAULT_VEHTYPE" speed="13.05" pos="91.29" lane="0/1to1/1_0" slope="0.00"/>
        <vehicle id="13" x="601.65" y="550.04" angle="180.00" type="DEFAULT_VEHTYPE" speed="12.93" pos="145.29" lane="3/2to3/3_0" slope="0.00"/>
        <vehicle id="17" x="398.35" y="681.92" angle="0.00" type="DEFAULT_VEHTYPE" speed="13.47" pos="118.08" lane="2/4to2/3_0" slope="0.00"/>
        <vehicle id="2" x="743.96" y="201.65" angle="-90.00" type="DEFAULT_VEHTYPE" speed="13.33" pos="56.04" lane="4/1to3/1_0" slope="0.00"/>
        <vehicle id="20" x="398.35" y="102.03" angle="0.00" type="DEFAULT_VEHTYPE" speed="12.62" pos="93.22" lane="2/1to2/0_0" slope="0.00"/>
        <vehicle id="21" x="354.44" y="598.35" angle="90.00" type="DEFAULT_VEHTYPE" speed="13.70" pos="149.69" lane="1/3to2/3_0" slope="0.00"/>
        <vehicle id="23" x="201.65" y="294.70" angle="180.00" type="DEFAULT_VEHTYPE" speed="13.30" pos="89.95" lane="1/1to1/2_0" slope="0.00"/>
        <vehicle id="25" x="142.39" y="201.65" angle="-90.00" type="DEFAULT_VEHTYPE" speed="12.73" pos="52.86" lane="1/1to0/1_0" slope="0.00"/>
        <vehicle id="27" x="401.65" y="627.41" angle="180.00" type="DEFAULT_VEHTYPE" speed="12.52" pos="22.66" lane="2/3to2/4_0" slope="0.00"/>
        <vehicle id="28" x="200.22" y="801.54" angle="-161.92" type="DEFAULT_VEHTYPE" speed="13.88" pos="2.17" lane=":1/4_0_0" slope="0.00"/>
        <vehicle id="29" x="398.35" y="226.68" angle="0.00" type="DEFAULT_VEHTYPE" speed="13.62" pos="168.57" lane="2/2to2/1_0" slope="0.00"/>
        <vehicle id="3" x="398.35" y="457.20" angle="0.00" type="DEFAULT_VEHTYPE" speed="13.77" pos="138.05" lane="2/3to2/2_0" slope="0.00"/>
        <vehicle id="32" x="401.65" y="165.57" angle="180.00" type="DEFAULT_VEHTYPE" speed="13.59" pos="165.57" lane="2/0to2/1_0" slope="0.00"/>
        <vehicle id="35" x="511.26" y="398.35" angle="90.00" type="DEFAULT_VEHTYPE" speed="13.75" pos="106.51" lane="2/2to3/2_0" slope="0.00"/>
        <vehicle id="37" x="601.65" y="368.14" angle="180.00" type="DEFAULT_VEHTYPE" speed="12.63" pos="163.39" lane="3/1to3/2_0" slope="0.00"/>
        <vehicle id="38" x="201.65" y="246.49" angle="180.00" type="DEFAULT_VEHTYPE" speed="13.20" pos="41.74" lane="1/1to1/2_0" slope="0.00"/>
        <vehicle id="4" x="601.65" y="214.75" angle="180.00" type="DEFAULT_VEHTYPE" speed="8.49" pos="10.00" lane="3/1to3/2_0" slope="0.00"/>
        <vehicle id="40" x="201.65" y="386.98" angle="180.00" type="DEFAULT_VEHTYPE" speed="5.93" pos="182.23" lane="1/1to1/2_0" slope="0.00"/>
        <vehicle id="41" x="201.65" y="468.08" angle="180.00" type="DEFAULT_VEHTYPE" speed="13.11" pos="63.33" lane="1/2to1/3_0" slope="0.00"/>
        <vehicle id="42" x="198.35" y="233.86" angle="0.00" type="DEFAULT_VEHTYPE" speed="13.40" pos="161.39" lane="1/2to1/1_0" slope="0.00"/>
        <vehicle id="43" x="213.82" y="201.65" angle="-90.00" type="DEFAULT_VEHTYPE" speed="5.85" pos="181.43" lane="2/1to1/1_0" slope="0.00"/>
        <vehicle id="44" x="611.72" y="201.65" angle="-90.00" type="DEFAULT_VEHTYPE" speed="5.29" pos="188.28" lane="4/1to3/1_0" slope="0.00"/>
        <vehicle id="46" x="398.35" y="519.28" angle="0.00" type="DEFAULT_VEHTYPE" speed="13.06" pos="75.97" lane="2/3to2/2_0" slope="0.00"/>
        <vehicle id="47" x="201.65" y="352.25" angle="180.00" type="DEFAULT_VEHTYPE" speed="13.01" pos="147.50" lane="1/1to1/2_0" slope="0.00"/>
        <vehicle id="49" x="302.91" y="598.35" angle="90.00" type="DEFAULT_VEHTYPE" speed="13.01" pos="98.16" lane="1/3to2/3_0" slope="0.00"/>
        <vehicle id="6" x="390.35" y="598.35" angle="90.00" type="DEFAULT_VEHTYPE" speed="4.42" pos="185.60" lane="1/3to2/3_0" slope="0.00"/>
    </timestep>
    <timestep time="112.00">
        <vehicle id="1" x="31.11" y="398.35" angle="90.00" type="DEFAULT_VEHTYPE" speed="12.67" pos="31.11" lane="0/2to1/2_0" slope="0.00"/>
        <vehicle id="11" x="398.35" y="589.06" angle="0.00" type="DEFAULT_VEHTYPE" speed="13.69" pos="6.19" lane="2/3to2/2_0" slope="0.00"/>
        <vehicle id="12" x="104.01" y="198.35" angle="90.00" type="DEFAULT_VEHTYPE" speed="12.72" pos="104.01" lane="0/1to1/1_0" slope="0.00"/>
        <vehicle id="13" x="601.65" y="563.02" angle="180.00" type="DEFAULT_VEHTYPE" speed="12.98" pos="158.27" lane="3/2to3/3_0" slope="0.00"/>
        <vehicle id="17" x="398.35" y="668.12" angle="0.00" type="DEFAULT_VEHTYPE" speed="13.81" pos="131.88" lane="2/4to2/3_0" slope="0.00"/>
        <vehicle id="2" x="731.01" y="201.65" angle="-90.00" type="DEFAULT_VEHTYPE" speed="12.95" pos="68.99" lane="4/1to3/1_0" slope="0.00"/>
        <vehicle id="20" x="398.35" y="88.31" angle="0.00" type="DEFAULT_VEHTYPE" speed="13.71" pos="106.94" lane="2/1to2/0_0" slope="0.00"/>
        <vehicle id="21" x="366.08" y="598.35" angle="90.00" type="DEFAULT_VEHTYPE" speed="11.64" pos="161.33" lane="1/3to2/3_0" slope="0.00"/>
        <vehicle id="23" x="201.65" y="307.80" angle="180.00" type="DEFAULT_VEHTYPE" speed="13.10" pos="103.05" lane="1/1to1/2_0" slope="0.00"/>
        <vehicle id="25" x="128.62" y="201.65" angle="-90.00" type="DEFAULT_VEHTYPE" speed="13.76" pos="66.63" lane="1/1to0/1_0" slope="0.00"/>
        <vehicle id="27" x="401.65" y="640.11" angle="180.00" type="DEFAULT_VEHTYPE" speed="12.70" pos="35.36" lane="2/3to2/4_0" slope="0.00"/>
        <vehicle id="28" x="198.35" y="788.97" angle="0.00" type="DEFAULT_VEHTYPE" speed="13.68" pos="11.03" lane="1/4to1/3_0" slope="0.00"/>
        <vehicle id="29" x="398.35" y="213.20" angle="0.00" type="DEFAULT_VEHTYPE" speed="13.47" pos="182.05" lane="2/2to2/1_0" slope="0.00"/>
        <vehicle id="3" x="398.35" y="443.87" angle="0.00" type="DEFAULT_VEHTYPE" speed="13.33" pos="151.38" lane="2/3to2/2_0" slope="0.00"/>
        <vehicle id="32" x="401.65" y="178.68" angle="180.00" type="DEFAULT_VEHTYPE" speed="13.12" pos="178.68" lane="2/0to2/1_0" slope="0.00"/>
        <vehicle id="35" x="524.32" y="398.35" angle="90.00" type="DEFAULT_VEHTYPE" speed="13.06" pos="119.57" lane="2/2to3/2_0" slope="0.00"/>
        <vehicle id="37" x="601.65" y="378.55" angle="180.00" type="DEFAULT_VEHTYPE" speed="10.41" pos="173.80" lane="3/1to3/2_0" slope="0.00"/>
        <vehicle id="38" x="201.65" y="259.50" angle="180.00" type="DEFAULT_VEHTYPE" speed="13.01" pos="54.75" lane="1/1to1/2_0" slope="0.00"/>
        <vehicle id="4" x="601.65" y="224.83" angle="180.00" type="DEFAULT_VEHTYPE" speed="10.08" pos="20.08" lane="3/1to3/2_0" slope="0.00"/>
        <vehicle id="40" x="201.65" y="390.50" angle="180.00" type="DEFAULT_VEHTYPE" speed="3.52" pos="185.75" lane="1/1to1/2_0" slope="0.00"/>
        <vehicle id="41" x="201.65" y="481.08" angle="180.00" type="DEFAULT_VEHTYPE" speed="13.00" pos="76.33" lane="1/2to1/3_0" slope="0.00"/>
        <vehicle id="42" x="198.35" y="220.28" angle="0.00" type="DEFAULT_VEHTYPE" speed="13.58" pos="174.97" lane="1/2to1/1_0" slope="0.00"/>
        <vehicle id="43" x="209.58" y="201.65" angle="-90.00" type="DEFAULT_VEHTYPE" speed="4.24" pos="185.67" lane="2/1to1/1_0" slope="0.00"/>
        <vehicle id="44" x="604.45" y="201.69" angle="-90.48" type="DEFAULT_VEHTYPE" speed="7.27" pos="0.30" lane=":3/1_4_0" slope="0.00"/>
        <vehicle id="46" x="398.35" y="506.60" angle="0.00" type="DEFAULT_VEHTYPE" speed="12.68" pos="88.65" lane="2/3to2/2_0" slope="0.00"/>
        <vehicle id="47" x="201.65" y="365.11" angle="180.00" type="DEFAULT_VEHTYPE" speed="12.86" pos="160.36" lane="1/1to1/2_0" slope="0.00"/>
        <vehicle id="49" x="315.64" y="598.35" angle="90.00" type="DEFAULT_VEHTYPE" speed="12.73" pos="110.89" lane="1/3to2/3_0" slope="0.00"/>
        <vehicle id="6" x="392.15" y="598.35" angle="90.00" type="DEFAULT_VEHTYPE" speed="1.80" pos="187.40" lane="1/3to2/3_0" slope="0.00"/>
    </timestep>
    <timestep time="113.00">
        <vehicle id="1" x="43.99" y="398.35" angle="90.00" type="DEFAULT_VEHTYPE" speed="12.88" pos="43.99" lane="0/2to1/2_0" slope="0.00"/>
        <vehicle id="11" x="398.35" y="576.14" angle="0.00" type="DEFAULT_VEHTYPE" speed="12.92" pos="19.11" lane="2/3to2/2_0" slope="0.00"/>
        <vehicle id="12" x="116.66" y="198.35" angle="90.00" type="DEFAULT_VEHTYPE" speed="12.65" pos="116.66" lane="0/1to1/1_0" slope="0.00"/>
        <vehicle id="13" x="601.65" y="575.63" angle="180.00" type="DEFAULT_VEHTYPE" speed="12.61" pos="170.88" lane="3/2to3/3_0" slope="0.00"/>
        <vehicle id="17" x="398.35" y="655.28" angle="0.00" type="DEFAULT_VEHTYPE" speed="12.84" pos="144.72" lane="2/4to2/3_0" slope="0.00"/>
        <vehicle id="2" x="717.19" y="201.65" angle="-90.00" type="DEFAULT_VEHTYPE" speed="13.81" pos="82.81" lane="4/1to3/1_0" slope="0.00"/>
        <vehicle id="20" x="398.35" y="74.73" angle="0.00" type="DEFAULT_VEHTYPE" speed="13.59" pos="120.52" lane="2/1to2/0_0" slope="0.00"/>
        <vehicle id="21" x="374.15" y="598.35" angle="90.00" type="DEFAULT_VEHTYPE" speed="8.07" pos="169.40" lane="1/3to2/3_0" slope="0.00"/>
        <vehicle id="23" x="201.65" y="320.63" angle="180.00" type="DEFAULT_VEHTYPE" speed="12.83" pos="115.88" lane="1/1to1/2_0" slope="0.00"/>
        <vehicle id="25" x="115.46" y="201.65" angle="-90.00" type="DEFAULT_VEHTYPE" speed="13.16" pos="79.79" lane="1/1to0/1_0" slope="0.00"/>
        <vehicle id="27" x="401.65" y="652.89" angle="180.00" type="DEFAULT_VEHTYPE" speed="12.78" pos="48.14" lane="2/3to2/4_0" slope="0.00"/>
        <vehicle id="28" x="198.35" y="775.11" angle="0.00" type="DEFAULT_VEHTYPE" speed="13.86" pos="24.89" lane="1/4to1/3_0" slope="0.00"/>
        <vehicle id="29" x="398.35" y="199.88" angle="0.00" type="DEFAULT_VEHTYPE" speed="13.33" pos="4.87" lane=":2/1_1_0" slope="0.00"/>
        <vehicle id="3" x="398.35" y="430.49" angle="0.00" type="DEFAULT_VEHTYPE" speed="13.38" pos="164.76" lane="2/3to2/2_0" slope="0.00"/>
        <vehicle id="32" x="401.65" y="192.07" angle="180.00" type="DEFAULT_VEHTYPE" speed="13.39" pos="192.07" lane="2/0to2/1_0" slope="0.00"/>
        <vehicle id="35" x="537.26" y="398.35" angle="90.00" type="DEFAULT_VEHTYPE" speed="12.94" pos="132.51" lane="2/2to3/2_0" slope="0.00"/>
        <vehicle id="37" x="601.65" y="385.68" angle="180.00" type="DEFAULT_VEHTYPE" speed="7.13" pos="180.93" lane="3/1to3/2_0" slope="0.00"/>
        <vehicle id="38" x="201.65" y="272.61" angle="180.00" type="DEFAULT_VEHTYPE" speed="13.11" pos="67.86" lane="1/1to1/2_0" slope="0.00"/>
        <vehicle id="4" x="601.65" y="236.83" angle="180.00" type="DEFAULT_VEHTYPE" speed="12.00" pos="32.08" lane="3/1to3/2_0" slope="0.00"/>
        <vehicle id="40" x="201.57" y="395.83" angle="-179.05" type="DEFAULT_VEHTYPE" speed="5.34" pos="0.59" lane=":1/2_10_0" slope="0.00"/>
        <vehicle id="41" x="201.65" y="494.50" angle="180.00" type="DEFAULT_VEHTYPE" speed="13.42" pos="89.75" lane="1/2to1/3_0" slope="0.00"/>
        <vehicle id="42" x="198.35" y="207.10" angle="0.00" type="DEFAULT_VEHTYPE" speed="13.19" pos="188.15" lane="1/2to1/1_0" slope="0.00"/>
        <vehicle id="43" x="203.76" y="201.79" angle="-91.58" type="DEFAULT_VEHTYPE" speed="5.83" pos="0.99" lane=":1/1_4_0" slope="0.00"/>
        <vehicle id="44" x="601.65" y="209.35" angle="-179.36" type="DEFAULT_VEHTYPE" speed="9.30" pos="4.60" lane="3/1to3/2_0" slope="0.00"/>
        <vehicle id="46" x="398.35" y="493.70" angle="0.00" type="DEFAULT_VEHTYPE" speed="12.90" pos="101.55" lane="2/3to2/2_0" slope="0.00"/>
        <vehicle id="47" x="201.65" y="374.06" angle="180.00" type="DEFAULT_VEHTYPE" speed="8.94" pos="169.31" lane="1/1to1/2_0" slope="0.00"/>
        <vehicle id="49" x="329.53" y="598.35" angle="90.00" type="DEFAULT_VEHTYPE" speed="13.89" pos="124.78" lane="1/3to2/3_0" slope="0.00"/>
        <vehicle id="6" x="395.78" y="598.43" angle="90.88" type="DEFAULT_VEHTYPE" speed="3.64" pos="0.54" lane=":2/3_14_0" slope="0.00"/>
    </timestep>
    <timestep time="114.00">
        <vehicle id="1" x="57.06" y="398.35" angle="90.00" type="DEFAULT_VEHTYPE" speed="13.07" pos="57.06" lane="0/2to1/2_0" slope="0.00"/>
        <vehicle id="11" x="398.35" y="563.40" angle="0.00" type="DEFAULT_VEHTYPE" speed="12.75" pos="31.85" lane="2/3to2/2_0" slope="0.00"/>
        <vehicle id="12" x="129.93" y="198.35" angle="90.00" type="DEFAULT_VEHTYPE" speed="13.27" pos="129.93" lane="0/1to1/1_0" slope="0.00"/>
        <vehicle id="13" x="601.65" y="588.28" angle="180.00" type="DEFAULT_VEHTYPE" speed="12.65" pos="183.53" lane="3/2to3/3_0" slope="0.00"/>
        <vehicle id="17" x="398.35" y="641.87" angle="0.00" type="DEFAULT_VEHTYPE" speed="13.41" pos="158.13" lane="2/4to2/3_0" slope="0.00"/>
        <vehicle id="2" x="703.59" y="201.65" angle="-90.00" type="DEFAULT_VEHTYPE" speed="13.60" pos="96.41" lane="4/1to3/1_0" slope="0.00"/>
        <vehicle id="20" x="398.35" y="61.44" angle="0.00" type="DEFAULT_VEHTYPE" speed="13.28" pos="133.81" lane="2/1to2/0_0" slope="0.00"/>
        <vehicle id="21" x="381.68" y="598.35" angle="90.00" type="DEFAULT_VEHTYPE" speed="7.53" pos="176.93" lane="1/3to2/3_0" slope="0.00"/>
        <vehicle id="23" x="201.65" y="333.63" angle="180.00" type="DEFAULT_VEHTYPE" speed="13.00" pos="128.88" lane="1/1to1/2_0" slope="0.00"/>
        <vehicle id="25" x="102.04" y="201.65" angle="-90.00" type="DEFAULT_VEHTYPE" speed="13.42" pos="93.21" lane="1/1to0/1_0" slope="0.00"/>
        <vehicle id="27" x="401.65" y="666.33" angle="180.00" type="DEFAULT_VEHTYPE" speed="13.43" pos="61.58" lane="2/3to2/4_0" slope="0.00"/>
        <vehicle id="28" x="198.35" y="761.81" angle="0.00" type="DEFAULT_VEHTYPE" speed="13.30" pos="38.19" lane="1/4to1/3_0" slope="0.00"/>
        <vehicle id="29" x="398.35" y="186.18" angle="0.00" type="DEFAULT_VEHTYPE" speed="13.70" pos="9.07" lane="2/1to2/0_0" slope="0.00"/>
        <vehicle id="3" x="398.35" y="417.79" angle="0.00" type="DEFAULT_VEHTYPE" speed="12.70" pos="177.46" lane="2/3to2/2_0" slope="0.00"/>
        <vehicle id="32" x="409.83" y="198.35" angle="90.00" type="DEFAULT_VEHTYPE" speed="13.26" pos="5.08" lane="2/1to3/1_0" slope="0.00"/>
        <vehicle id="35" x="550.40" y="398.35" angle="90.00" type="DEFAULT_VEHTYPE" speed="13.15" pos="145.65" lane="2/2to3/2_0" slope="0.00"/>
        <vehicle id="37" x="601.65" y="389.87" angle="180.00" type="DEFAULT_VEHTYPE" speed="4.19" pos="185.12" lane="3/1to3/2_0" slope="0.00"/>
        <vehicle id="38" x="201.65" y="285.80" angle="180.00" type="DEFAULT_VEHTYPE" speed="13.19" pos="81.05" lane="1/1to1/2_0" slope="0.00"/>
        <vehicle id="4" x="601.65" y="250.22" angle="180.00" type="DEFAULT_VEHTYPE" speed="13.39" pos="45.47" lane="3/1to3/2_0" slope="0.00"/>
        <vehicle id="40" x="198.18" y="401.17" angle="-139.00" type="DEFAULT_VEHTYPE" speed="6.75" pos="0.20" lane=":1/2_18_0" slope="0.00"/>
        <vehicle id="41" x="201.65" y="507.93" angle="180.00" type="DEFAULT_VEHTYPE" speed="13.42" pos="103.18" lane="1/2to1/3_0" slope="0.00"/>
        <vehicle id="42" x="188.74" y="201.65" angle="-90.00" type="DEFAULT_VEHTYPE" speed="13.85" pos="6.51" lane="1/1to0/1_0" slope="0.00"/>
        <vehicle id="43" x="201.65" y="208.27" angle="-177.13" type="DEFAULT_VEHTYPE" speed="7.52" pos="3.52" lane="1/1to1/2_0" slope="0.00"/>
        <vehicle id="44" x="601.65" y="220.85" angle="180.00" type="DEFAULT_VEHTYPE" speed="11.50" pos="16.10" lane="3/1to3/2_0" slope="0.00"/>
        <vehicle id="46" x="398.35" y="480.57" angle="0.00" type="DEFAULT_VEHTYPE" speed="13.13" pos="114.68" lane="2/3to2/2_0" slope="0.00"/>
        <vehicle id="47" x="201.65" y="383.24" angle="180.00" type="DEFAULT_VEHTYPE" speed="9.18" pos="178.49" lane="1/1to1/2_0" slope="0.00"/>
        <vehicle id="49" x="343.27" y="598.35" angle="90.00" type="DEFAULT_VEHTYPE" speed="13.74" pos="138.52" lane="1/3to2/3_0" slope="0.00"/>
        <vehicle id="6" x="400.70" y="601.03" angle="121.54" type="DEFAULT_VEHTYPE" speed="5.88" pos="6.42" lane=":2/3_14_0" slope="0.00"/>
    </timestep>
    <timestep time="115.00">
        <vehicle id="1" x="70.01" y="398.35" angle="90.00" type="DEFAULT_VEHTYPE" speed="12.95" pos="70.01" lane="0/2to1/2_0" slope="0.00"/>
        <vehicle id="11" x="398.35" y="549.63" angle="0.00" type="DEFAULT_VEHTYPE" speed="13.77" pos="45.62" lane="2/3to2/2_0" slope="0.00"/>
        <vehicle id="12" x="143.62" y="198.35" angle="90.00" type="DEFAULT_VEHTYPE" speed="13.69" pos="143.62" lane="0/1to1/1_0" slope="0.00"/>
        <vehicle id="13" x="605.42" y="598.35" angle="123.53" type="DEFAULT_VEHTYPE" speed="12.64" pos="0.67" lane="3/3to4/3_0" slope="0.00"/>
        <vehicle id="17" x="398.35" y="628.73" angle="0.00" type="DEFAULT_VEHTYPE" speed="13.14" pos="171.27" lane="2/4to2/3_0" slope="0.00"/>
        <vehicle id="2" x="690.98" y="201.65" angle="-90.00" type="DEFAULT_VEHTYPE" speed="12.61" pos="109.02" lane="4/1to3/1_0" slope="0.00"/>
        <vehicle id="20" x="398.35" y="48.47" angle="0.00" type="DEFAULT_VEHTYPE" speed="12.97" pos="146.78" lane="2/1to2/0_0" slope="0.00"/>
        <vehicle id="21" x="386.92" y="598.35" angle="90.00" type="DEFAULT_VEHTYPE" speed="5.24" pos="182.17" lane="1/3to2/3_0" slope="0.00"/>
        <vehicle id="23" x="201.65" y="346.73" angle="180.00" type="DEFAULT_VEHTYPE" speed="13.10" pos="141.98" lane="1/1to1/2_0" slope="0.00"/>
        <vehicle id="25" x="88.26" y="201.65" angle="-90.00" type="DEFAULT_VEHTYPE" speed="13.78" pos="106.99" lane="1/1to0/1_0" slope="0.00"/>
        <vehicle id="27" x="401.65" y="679.55" angle="180.00" type="DEFAULT_VEHTYPE" speed="13.22" pos="74.80" lane="2/3to2/4_0" slope="0.00"/>
        <vehicle id="28" x="198.35" y="748.35" angle="0.00" type="DEFAULT_VEHTYPE" speed="13.47" pos="51.65" lane="1/4to1/3_0" slope="0.00"/>
        <vehicle id="29" x="398.35" y="173.38" angle="0.00" type="DEFAULT_VEHTYPE" speed="12.79" pos="21.87" lane="2/1to2/0_0" slope="0.00"/>
        <vehicle id="3" x="398.35" y="404.93" angle="0.00" type="DEFAULT_VEHTYPE" speed="12.86" pos="190.32" lane="2/3to2/2_0" slope="0.00"/>
        <vehicle id="32" x="423.18" y="198.35" angle="90.00" type="DEFAULT_VEHTYPE" speed="13.35" pos="18.43" lane="2/1to3/1_0" slope="0.00"/>
        <vehicle id="35" x="563.52" y="398.35" angle="90.00" type="DEFAULT_VEHTYPE" speed="13.11" pos="158.77" lane="2/2to3/2_0" slope="0.00"/>
        <vehicle id="37" x="601.49" y="396.37" angle="-178.17" type="DEFAULT_VEHTYPE" speed="6.51" pos="1.13" lane=":3/2_10_0" slope="0.00"/>
        <vehicle id="38" x="201.65" y="298.55" angle="180.00" type="DEFAULT_VEHTYPE" speed="12.75" pos="93.80" lane="1/1to1/2_0" slope="0.00"/>
        <vehicle id="4" x="601.65" y="263.38" angle="180.00" type="DEFAULT_VEHTYPE" speed="13.16" pos="58.63" lane="3/1to3/2_0" slope="0.00"/>
        <vehicle id="40" x="189.53" y="401.65" angle="-90.00" type="DEFAULT_VEHTYPE" speed="8.70" pos="5.72" lane="1/2to0/2_0" slope="0.00"/>
        <vehicle id="41" x="201.65" y="521.57" angle="180.00" type="DEFAULT_VEHTYPE" speed="13.64" pos="116.82" lane="1/2to1/3_0" slope="0.00"/>
        <vehicle id="42" x="174.86" y="201.65" angle="-90.00" type="DEFAULT_VEHTYPE" speed="13.88" pos="20.39" lane="1/1to0/1_0" slope="0.00"/>
        <vehicle id="43" x="201.65" y="217.61" angle="180.00" type="DEFAULT_VEHTYPE" speed="9.35" pos="12.86" lane="1/1to1/2_0" slope="0.00"/>
        <vehicle id="44" x="601.65" y="234.75" angle="180.00" type="DEFAULT_VEHTYPE" speed="13.89" pos="30.00" lane="3/1to3/2_0" slope="0.00"/>
        <vehicle id="46" x="398.35" y="467.80" angle="0.00" type="DEFAULT_VEHTYPE" speed="12.77" pos="127.45" lane="2/3to2/2_0" slope="0.00"/>
        <vehicle id="47" x="201.65" y="394.39" angle="180.00" type="DEFAULT_VEHTYPE" speed="11.15" pos="189.64" lane="1/1to1/2_0" slope="0.00"/>
        <vehicle id="49" x="356.51" y="598.35" angle="90.00" type="DEFAULT_VEHTYPE" speed="13.23" pos="151.76" lane="1/3to2/3_0" slope="0.00"/>
        <vehicle id="6" x="401.65" y="609.07" angle="178.90" type="DEFAULT_VEHTYPE" speed="8.22" pos="4.32" lane="2/3to2/4_0" slope="0.00"/>
    </timestep>
    <timestep time="116.00">
        <vehicle id="1" x="82.81" y="398.35" angle="90.00" type="DEFAULT_VEHTYPE" speed="12.81" pos="82.81" lane="0/2to1/2_0" slope="0.00"/>
        <vehicle id="11" x="398.35" y="535.94" angle="0.00" type="DEFAULT_VEHTYPE" speed="13.69" pos="59.31" lane="2/3to2/2_0" slope="0.00"/>
        <vehicle id="12" x="156.34" y="198.35" angle="90.00" type="DEFAULT_VEHTYPE" speed="12.71" pos="156.34" lane="0/1to1/1_0" slope="0.00"/>
        <vehicle id="13" x="618.75" y="598.35" angle="90.00" type="DEFAULT_VEHTYPE" speed="13.33" pos="14.00" lane="3/3to4/3_0" slope="0.00"/>
        <vehicle id="17" x="398.35" y="615.84" angle="0.00" type="DEFAULT_VEHTYPE" speed="12.89" pos="184.16" lane="2/4to2/3_0" slope="0.00"/>
        <vehicle id="2" x="677.74" y="201.65" angle="-90.00" type="DEFAULT_VEHTYPE" speed="13.24" pos="122.26" lane="4/1to3/1_0" slope="0.00"/>
        <vehicle id="20" x="398.35" y="35.10" angle="0.00" type="DEFAULT_VEHTYPE" speed="13.38" pos="160.15" lane="2/1to2/0_0" slope="0.00"/>
        <vehicle id="21" x="389.74" y="598.35" angle="90.00" type="DEFAULT_VEHTYPE" speed="2.81" pos="184.99" lane="1/3to2/3_0" slope="0.00"/>
        <vehicle id="23" x="201.65" y="360.42" angle="180.00" type="DEFAULT_VEHTYPE" speed="13.69" pos="155.67" lane="1/1to1/2_0" slope="0.00"/>
        <vehicle id="25" x="75.45" y="201.65" angle="-90.00" type="DEFAULT_VEHTYPE" speed="12.81" pos="119.80" lane="1/1to0/1_0" slope="0.00"/>
        <vehicle id="27" x="401.65" y="692.48" angle="180.00" type="DEFAULT_VEHTYPE" speed="12.93" pos="87.73" lane="2/3to2/4_0" slope="0.00"/>
        <vehicle id="28" x="198.35" y="735.30" angle="0.00" type="DEFAULT_VEHTYPE" speed="13.04" pos="64.70" lane="1/4to1/3_0" slope="0.00"/>
        <vehicle id="29" x="398.35" y="159.56" angle="0.00" type="DEFAULT_VEHTYPE" speed="13.82" pos="35.69" lane="2/1to2/0_0" slope="0.00"/>
        <vehicle id="3" x="398.35" y="391.46" angle="0.00" type="DEFAULT_VEHTYPE" speed="13.46" pos="3.79" lane="2/2to2/1_0" slope="0.00"/>
        <vehicle id="32" x="436.22" y="198.35" angle="90.00" type="DEFAULT_VEHTYPE" speed="13.04" pos="31.47" lane="2/1to3/1_0" slope="0.00"/>
        <vehicle id="35" x="576.33" y="398.35" angle="90.00" type="DEFAULT_VEHTYPE" speed="12.82" pos="171.58" lane="2/2to3/2_0" slope="0.00"/>
        <vehicle id="37" x="595.39" y="401.63" angle="-108.70" type="DEFAULT_VEHTYPE" speed="9.05" pos="3.03" lane=":3/2_18_0" slope="0.00"/>
        <vehicle id="38" x="201.65" y="312.20" angle="180.00" type="DEFAULT_VEHTYPE" speed="13.65" pos="107.45" lane="1/1to1/2_0" slope="0.00"/>
        <vehicle id="4" x="601.65" y="277.22" angle="180.00" type="DEFAULT_VEHTYPE" speed="13.84" pos="72.47" lane="3/1to3/2_0" slope="0.00"/>
        <vehicle id="40" x="179.17" y="401.65" angle="-90.00" type="DEFAULT_VEHTYPE" speed="10.36" pos="16.08" lane="1/2to0/2_0" slope="0.00"/>
        <vehicle id="41" x="201.65" y="534.55" angle="180.00" type="DEFAULT_VEHTYPE" speed="12.99" pos="129.80" lane="1/2to1/3_0" slope="0.00"/>
        <vehicle id="42" x="161.21" y="201.65" angle="-90.00" type="DEFAULT_VEHTYPE" speed="13.65" pos="34.04" lane="1/1to0/1_0" slope="0.00"/>
        <vehicle id="43" x="201.65" y="229.48" angle="180.00" type="DEFAULT_VEHTYPE" speed="11.87" pos="24.73" lane="1/1to1/2_0" slope="0.00"/>
        <vehicle id="44" x="601.65" y="248.31" angle="180.00" type="DEFAULT_VEHTYPE" speed="13.56" pos="43.56" lane="3/1to3/2_0" slope="0.00"/>
        <vehicle id="46" x="398.35" y="454.95" angle="0.00" type="DEFAULT_VEHTYPE" speed="12.85" pos="140.30" lane="2/3to2/2_0" slope="0.00"/>
        <vehicle id="47" x="201.65" y="407.04" angle="180.00" type="DEFAULT_VEHTYPE" speed="12.65" pos="2.29" lane="1/2to1/3_0" slope="0.00"/>
        <vehicle id="49" x="368.37" y="598.35" angle="90.00" type="DEFAULT_VEHTYPE" speed="11.87" pos="163.62" lane="1/3to2/3_0" slope="0.00"/>
        <vehicle id="6" x="401.65" y="618.92" angle="180.00" type="DEFAULT_VEHTYPE" speed="9.84" pos="14.17" lane="2/3to2/4_0" slope="0.00"/>
    </timestep>
    <timestep time="117.00">
        <vehicle id="1" x="95.47" y="398.35" angle="90.00" type="DEFAULT_VEHTYPE" speed="12.66" pos="95.47" lane="0/2to1/2_0" slope="0.00"/>
        <vehicle id="11" x="398.35" y="522.72" angle="0.00" type="DEFAULT_VEHTYPE" speed="13.22" pos="72.53" lane="2/3to2/2_0" slope="0.00"/>
        <vehicle id="12" x="169.32" y="198.35" angle="90.00" type="DEFAULT_VEHTYPE" speed="12.99" pos="169.32" lane="0/1to1/1_0" slope="0.00"/>
        <vehicle id="13" x="632.20" y="598.35" angle="90.00" type="DEFAULT_VEHTYPE" speed="13.45" pos="27.45" lane="3/3to4/3_0" slope="0.00"/>
        <vehicle id="17" x="398.35" y="603.14" angle="0.00" type="DEFAULT_VEHTYPE" speed="12.70" pos="1.61" lane=":2/3_1_0" slope="0.00"/>
        <vehicle id="2" x="664.16" y="201.65" angle="-90.00" type="DEFAULT_VEHTYPE" speed="13.58" pos="135.84" lane="4/1to3/1_0" slope="0.00"/>
        <vehicle id="20" x="398.35" y="21.71" angle="0.00" type="DEFAULT_VEHTYPE" speed="13.39" pos="173.54" lane="2/1to2/0_0" slope="0.00"/>
        <vehicle id="21" x="392.03" y="598.35" angle="90.00" type="DEFAULT_VEHTYPE" speed="2.29" pos="187.28" lane="1/3to2/3_0" slope="0.00"/>
        <vehicle id="23" x="201.65" y="373.38" angle="180.00" type="DEFAULT_VEHTYPE" speed="12.96" pos="168.63" lane="1/1to1/2_0" slope="0.00"/>
        <vehicle id="25" x="61.88" y="201.65" angle="-90.00" type="DEFAULT_VEHTYPE" speed="13.57" pos="133.37" lane="1/1to0/1_0" slope="0.00"/>
        <vehicle id="27" x="401.65" y="705.80" angle="180.00" type="DEFAULT_VEHTYPE" speed="13.32" pos="101.05" lane="2/3to2/4_0" slope="0.00"/>
        <vehicle id="28" x="198.35" y="721.57" angle="0.00" type="DEFAULT_VEHTYPE" speed="13.73" pos="78.43" lane="1/4to1/3_0" slope="0.00"/>
        <vehicle id="29" x="398.35" y="146.92" angle="0.00" type="DEFAULT_VEHTYPE" speed="12.64" pos="48.33" lane="2/1to2/0_0" slope="0.00"/>
        <vehicle id="3" x="398.35" y="377.59" angle="0.00" type="DEFAULT_VEHTYPE" speed="13.88" pos="17.66" lane="2/2to2/1_0" slope="0.00"/>
        <vehicle id="32" x="450.11" y="198.35" angle="90.00" type="DEFAULT_VEHTYPE" speed="13.90" pos="45.36" lane="2/1to3/1_0" slope="0.00"/>
        <vehicle id="35" x="589.14" y="398.35" angle="90.00" type="DEFAULT_VEHTYPE" speed="12.81" pos="184.39" lane="2/2to3/2_0" slope="0.00"/>
        <vehicle id="37" x="583.89" y="401.65" angle="-90.00" type="DEFAULT_VEHTYPE" speed="11.51" pos="11.36" lane="3/2to2/2_0" slope="0.00"/>
        <vehicle id="38" x="201.65" y="325.71" angle="180.00" type="DEFAULT_VEHTYPE" speed="13.51" pos="120.96" lane="1/1to1/2_0" slope="0.00"/>
        <vehicle id="4" x="601.65" y="290.30" angle="180.00" type="DEFAULT_VEHTYPE" speed="13.08" pos="85.55" lane="3/1to3/2_0" slope="0.00"/>
        <vehicle id="40" x="167.33" y="401.65" angle="-90.00" type="DEFAULT_VEHTYPE" speed="11.84" pos="27.92" lane="1/2to0/2_0" slope="0.00"/>
        <vehicle id="41" x="201.65" y="547.26" angle="180.00" type="DEFAULT_VEHTYPE" speed="12.71" pos="142.51" lane="1/2to1/3_0" slope="0.00"/>
        <vehicle id="42" x="147.48" y="201.65" angle="-90.00" type="DEFAULT_VEHTYPE" speed="13.73" pos="47.77" lane="1/1to0/1_0" slope="0.00"/>
        <vehicle id="43" x="201.65" y="242.45" angle="180.00" type="DEFAULT_VEHTYPE" speed="12.97" pos="37.70" lane="1/1to1/2_0" slope="0.00"/>
        <vehicle id="44" x="601.65" y="261.98" angle="180.00" type="DEFAULT_VEHTYPE" speed="13.66" pos="57.23" lane="3/1to3/2_0" slope="0.00"/>
        <vehicle id="46" x="398.35" y="441.24" angle="0.00" type="DEFAULT_VEHTYPE" speed="13.71" pos="154.01" lane="2/3to2/2_0" slope="0.00"/>
        <vehicle id="47" x="201.65" y="420.13" angle="180.00" type="DEFAULT_VEHTYPE" speed="13.10" pos="15.38" lane="1/2to1/3_0" slope="0.00"/>
        <vehicle id="49" x="375.74" y="598.35" angle="90.00" type="DEFAULT_VEHTYPE" speed="7.37" pos="170.99" lane="1/3to2/3_0" slope="0.00"/>
        <vehicle id="6" x="401.65" y="630.12" angle="180.00" type="DEFAULT_VEHTYPE" speed="11.21" pos="25.37" lane="2/3to2/4_0" slope="0.00"/>
    </timestep>
    <timestep time="118.00">
        <vehicle id="1" x="108.24" y="398.35" angle="90.00" type="DEFAULT_VEHTYPE" speed="12.76" pos="108.24" lane="0/2to1/2_0" slope="0.00"/>
        <vehicle id="11" x="398.35" y="509.20" angle="0.00" type="DEFAULT_VEHTYPE" speed="13.52" pos="86.05" lane="2/3to2/2_0" slope="0.00"/>
        <vehicle id="12" x="182.33" y="198.35" angle="90.00" type="DEFAULT_VEHTYPE" speed="13.00" pos="182.33" lane="0/1to1/1_0" slope="0.00"/>
        <vehicle id="13" x="645.41" y="598.35" angle="90.00" type="DEFAULT_VEHTYPE" speed="13.22" pos="40.66" lane="3/3to4/3_0" slope="0.00"/>
        <vehicle id="17" x="398.35" y="589.56" angle="0.00" type="DEFAULT_VEHTYPE" speed="13.58" pos="5.69" lane="2/3to2/2_0" slope="0.00"/>
        <vehicle id="2" x="651.26" y="201.65" angle="-90.00" type="DEFAULT_VEHTYPE" speed="12.90" pos="148.74" lane="4/1to3/1_0" slope="0.00"/>
        <vehicle id="20" x="398.35" y="8.03" angle="0.00" type="DEFAULT_VEHTYPE" speed="13.68" pos="187.22" lane="2/1to2/0_0" slope="0.00"/>
        <vehicle id="21" x="392.53" y="598.35" angle="90.00" type="DEFAULT_VEHTYPE" speed="0.49" pos="187.78" lane="1/3to2/3_0" slope="0.00"/>
        <vehicle id="23" x="201.65" y="386.31" angle="180.00" type="DEFAULT_VEHTYPE" speed="12.93" pos="181.56" lane="1/1to1/2_0" slope="0.00"/>
        <vehicle id="25" x="48.25" y="201.65" angle="-90.00" type="DEFAULT_VEHTYPE" speed="13.63" pos="147.00" lane="1/1to0/1_0" slope="0.00"/>
        <vehicle id="27" x="401.65" y="719.20" angle="180.00" type="DEFAULT_VEHTYPE" speed="13.40" pos="114.45" lane="2/3to2/4_0" slope="0.00"/>
        <vehicle id="28" x="198.35" y="707.93" angle="0.00" type="DEFAULT_VEHTYPE" speed="13.65" pos="92.07" lane="1/4to1/3_0" slope="0.00"/>
        <vehicle id="29" x="398.35" y="133.44" angle="0.00" type="DEFAULT_VEHTYPE" speed="13.48" pos="61.81" lane="2/1to2/0_0" slope="0.00"/>
        <vehicle id="3" x="398.35" y="364.36" angle="0.00" type="DEFAULT_VEHTYPE" speed="13.23" pos="30.89" lane="2/2to2/1_0" slope="0.00"/>
        <vehicle id="32" x="463.05" y="198.35" angle="90.00" type="DEFAULT_VEHTYPE" speed="12.94" pos="58.30" lane="2/1to3/1_0" slope="0.00"/>
        <vehicle id="37" x="571.21" y="401.65" angle="-90.00" type="DEFAULT_VEHTYPE" speed="12.68" pos="24.04" lane="3/2to2/2_0" slope="0.00"/>
        <vehicle id="38" x="201.65" y="338.76" angle="180.00" type="DEFAULT_VEHTYPE" speed="13.05" pos="134.01" lane="1/1to1/2_0" slope="0.00"/>
        <vehicle id="4" x="601.65" y="303.53" angle="180.00" type="DEFAULT_VEHTYPE" speed="13.23" pos="98.78" lane="3/1to3/2_0" slope="0.00"/>
        <vehicle id="40" x="154.68" y="401.65" angle="-90.00" type="DEFAULT_VEHTYPE" speed="12.65" pos="40.57" lane="1/2to0/2_0" slope="0.00"/>
        <vehicle id="41" x="201.65" y="559.96" angle="180.00" type="DEFAULT_VEHTYPE" speed="12.70" pos="155.21" lane="1/2to1/3_0" slope="0.00"/>
        <vehicle id="42" x="134.53" y="201.65" angle="-90.00" type="DEFAULT_VEHTYPE" speed="12.96" pos="60.72" lane="1/1to0/1_0" slope="0.00"/>
        <vehicle id="43" x="201.65" y="255.96" angle="180.00" type="DEFAULT_VEHTYPE" speed="13.50" pos="51.21" lane="1/1to1/2_0" slope="0.00"/>
        <vehicle id="44" x="601.65" y="275.46" angle="180.00" type="DEFAULT_VEHTYPE" speed="13.48" pos="70.71" lane="3/1to3/2_0" slope="0.00"/>
        <vehicle id="46" x="398.35" y="427.75" angle="0.00" type="DEFAULT_VEHTYPE" speed="13.50" pos="167.50" lane="2/3to2/2_0" slope="0.00"/>
        <vehicle id="47" x="201.65" y="434.00" angle="180.00" type="DEFAULT_VEHTYPE" speed="13.86" pos="29.25" lane="1/2to1/3_0" slope="0.00"/>
        <vehicle id="49" x="380.51" y="598.35" angle="90.00" type="DEFAULT_VEHTYPE" speed="4.77" pos="175.76" lane="1/3to2/3_0" slope="0.00"/>
        <vehicle id="6" x="401.65" y="642.71" angle="180.00" type="DEFAULT_VEHTYPE" speed="12.59" pos="37.96" lane="2/3to2/4_0" slope="0.00"/>
    </timestep>
    <timestep time="119.00">
        <vehicle id="1" x="121.77" y="398.35" angle="90.00" type="DEFAULT_VEHTYPE" speed="13.54" pos="121.77" lane="0/2to1/2_0" slope="0.00"/>
        <vehicle id="11" x="398.35" y="495.94" angle="0.00" type="DEFAULT_VEHTYPE" speed="13.26" pos="99.31" lane="2/3to2/2_0" slope="0.00"/>
        <vehicle id="12" x="194.93" y="198.35" angle="90.00" type="DEFAULT_VEHTYPE" speed="12.60" pos="194.93" lane="0/1to1/1_0" slope="0.00"/>
        <vehicle id="13" x="658.59" y="598.35" angle="90.00" type="DEFAULT_VEHTYPE" speed="13.18" pos="53.84" lane="3/3to4/3_0" slope="0.00"/>
        <vehicle id="17" x="398.35" y="575.87" angle="0.00" type="DEFAULT_VEHTYPE" speed="13.69" pos="19.38" lane="2/3to2/2_0" slope="0.00"/>
        <vehicle id="2" x="637.95" y="201.65" angle="-90.00" type="DEFAULT_VEHTYPE" speed="13.31" pos="162.05" lane="4/1to3/1_0" slope="0.00"/>
        <vehicle id="20" x="401.65" y="0.88" angle="116.65" type="DEFAULT_VEHTYPE" speed="13.73" pos="0.88" lane="2/0to2/1_0" slope="0.00"/>
        <vehicle id="21" x="394.87" y="598.35" angle="90.00" type="DEFAULT_VEHTYPE" speed="2.35" pos="190.12" lane="1/3to2/3_0" slope="0.00"/>
        <vehicle id="23" x="201.65" y="399.45" angle="180.00" type="DEFAULT_VEHTYPE" speed="13.14" pos="4.20" lane=":1/2_9_0" slope="0.00"/>
        <vehicle id="25" x="35.36" y="201.65" angle="-90.00" type="DEFAULT_VEHTYPE" speed="12.89" pos="159.89" lane="1/1to0/1_0" slope="0.00"/>
        <vehicle id="27" x="401.65" y="731.99" angle="180.00" type="DEFAULT_VEHTYPE" speed="12.78" pos="127.24" lane="2/3to2/4_0" slope="0.00"/>
        <vehicle id="28" x="198.35" y="695.07" angle="0.00" type="DEFAULT_VEHTYPE" speed="12.86" pos="104.93" lane="1/4to1/3_0" slope="0.00"/>
        <vehicle id="29" x="398.35" y="119.62" angle="0.00" type="DEFAULT_VEHTYPE" speed="13.82" pos="75.63" lane="2/1to2/0_0" slope="0.00"/>
        <vehicle id="3" x="398.35" y="350.63" angle="0.00" type="DEFAULT_VEHTYPE" speed="13.73" pos="44.62" lane="2/2to2/1_0" slope="0.00"/>
        <vehicle id="32" x="476.72" y="198.35" angle="90.00" type="DEFAULT_VEHTYPE" speed="13.66" pos="71.97" lane="2/1to3/1_0" slope="0.00"/>
        <vehicle id="37" x="558.56" y="401.65" angle="-90.00" type="DEFAULT_VEHTYPE" speed="12.66" pos="36.69" lane="3/2to2/2_0" slope="0.00"/>
        <vehicle id="38" x="201.65" y="351.48" angle="180.00" type="DEFAULT_VEHTYPE" speed="12.72" pos="146.73" lane="1/1to1/2_0" slope="0.00"/>
        <vehicle id="4" x="601.65" y="317.37" angle="180.00" type="DEFAULT_VEHTYPE" speed="13.85" pos="112.62" lane="3/1to3/2_0" slope="0.00"/>
        <vehicle id="40" x="141.96" y="401.65" angle="-90.00" type="DEFAULT_VEHTYPE" speed="12.72" pos="53.29" lane="1/2to0/2_0" slope="0.00"/>
        <vehicle id="41" x="201.65" y="573.19" angle="180.00" type="DEFAULT_VEHTYPE" speed="13.23" pos="168.44" lane="1/2to1/3_0" slope="0.00"/>
        <vehicle id="42" x="120.76" y="201.65" angle="-90.00" type="DEFAULT_VEHTYPE" speed="13.77" pos="74.49" lane="1/1to0/1_0" slope="0.00"/>
        <vehicle id="43" x="201.65" y="269.48" angle="180.00" type="DEFAULT_VEHTYPE" speed="13.52" pos="64.73" lane="1/1to1/2_0" slope="0.00"/>
        <vehicle id="44" x="601.65" y="288.32" angle="180.00" type="DEFAULT_VEHTYPE" speed="12.87" pos="83.57" lane="3/1to3/2_0" slope="0.00"/>
        <vehicle id="46" x="398.35" y="414.11" angle="0.00" type="DEFAULT_VEHTYPE" speed="13.63" pos="181.14" lane="2/3to2/2_0" slope="0.00"/>
        <vehicle id="47" x="201.65" y="447.36" angle="180.00" type="DEFAULT_VEHTYPE" speed="13.37" pos="42.61" lane="1/2to1/3_0" slope="0.00"/>
        <vehicle id="49" x="382.92" y="598.35" angle="90.00" type="DEFAULT_VEHTYPE" speed="2.41" pos="178.17" lane="1/3to2/3_0" slope="0.00"/>
        <vehicle id="6" x="401.65" y="655.48" angle="180.00" type="DEFAULT_VEHTYPE" speed="12.77" pos="50.73" lane="2/3to2/4_0" slope="0.00"/>
    </timestep>
    <timestep time="120.00">
        <vehicle id="1" x="134.98" y="398.35" angle="90.00" type="DEFAULT_VEHTYPE" speed="13.21" pos="134.98" lane="0/2to1/2_0" slope="0.00"/>
        <vehicle id="11" x="398.35" y="482.17" angle="0.00" type="DEFAULT_VEHTYPE" speed="13.77" pos="113.08" lane="2/3to2/2_0" slope="0.00"/>
        <vehicle id="13" x="671.65" y="598.35" angle="90.00" type="DEFAULT_VEHTYPE" speed="13.07" pos="66.90" lane="3/3to4/3_0" slope="0.00"/>
        <vehicle id="17" x="398.35" y="562.37" angle="0.00" type="DEFAULT_VEHTYPE" speed="13.49" pos="32.88" lane="2/3to2/2_0" slope="0.00"/>
        <vehicle id="2" x="625.34" y="201.65" angle="-90.00" type="DEFAULT_VEHTYPE" speed="12.61" pos="174.66" lane="4/1to3/1_0" slope="0.00"/>
        <vehicle id="20" x="401.65" y="14.42" angle="180.00" type="DEFAULT_VEHTYPE" speed="13.54" pos="14.42" lane="2/0to2/1_0" slope="0.00"/>
        <vehicle id="21" x="398.58" y="599.07" angle="98.39" type="DEFAULT_VEHTYPE" speed="3.83" pos="3.45" lane=":2/3_14_0" slope="0.00"/>
        <vehicle id="23" x="201.65" y="412.62" angle="180.00" type="DEFAULT_VEHTYPE" speed="13.16" pos="7.87" lane="1/2to1/3_0" slope="0.00"/>
        <vehicle id="25" x="22.57" y="201.65" angle="-90.00" type="DEFAULT_VEHTYPE" speed="12.78" pos="172.68" lane="1/1to0/1_0" slope="0.00"/>
        <vehicle id="27" x="401.65" y="744.63" angle="180.00" type="DEFAULT_VEHTYPE" speed="12.64" pos="139.88" lane="2/3to2/4_0" slope="0.00"/>
        <vehicle id="28" x="198.35" y="681.56" angle="0.00" type="DEFAULT_VEHTYPE" speed="13.50" pos="118.44" lane="1/4to1/3_0" slope="0.00"/>
        <vehicle id="29" x="398.35" y="106.74" angle="0.00" type="DEFAULT_VEHTYPE" speed="12.89" pos="88.51" lane="2/1to2/0_0" slope="0.00"/>
        <vehicle id="3" x="398.35" y="337.11" angle="0.00" type="DEFAULT_VEHTYPE" speed="13.53" pos="58.14" lane="2/2to2/1_0" slope="0.00"/>
        <vehicle id="32" x="489.62" y="198.35" angle="90.00" type="DEFAULT_VEHTYPE" speed="12.90" pos="84.87" lane="2/1to3/1_0" slope="0.00"/>
        <vehicle id="37" x="545.65" y="401.65" angle="-90.00" type="DEFAULT_VEHTYPE" speed="12.90" pos="49.60" lane="3/2to2/2_0" slope="0.00"/>
        <vehicle id="38" x="201.65" y="364.54" angle="180.00" type="DEFAULT_VEHTYPE" speed="13.06" pos="159.79" lane="1/1to1/2_0" slope="0.00"/>
        <vehicle id="4" x="601.65" y="330.77" angle="180.00" type="DEFAULT_VEHTYPE" speed="13.40" pos="126.02" lane="3/1to3/2_0" slope="0.00"/>
        <vehicle id="40" x="129.34" y="401.65" angle="-90.00" type="DEFAULT_VEHTYPE" speed="12.62" pos="65.91" lane="1/2to0/2_0" slope="0.00"/>
        <vehicle id="41" x="201.65" y="586.39" angle="180.00" type="DEFAULT_VEHTYPE" speed="13.20" pos="181.64" lane="1/2to1/3_0" slope="0.00"/>
        <vehicle id="42" x="108.05" y="201.65" angle="-90.00" type="DEFAULT_VEHTYPE" speed="12.71" pos="87.20" lane="1/1to0/1_0" slope="0.00"/>
        <vehicle id="43" x="201.65" y="282.88" angle="180.00" type="DEFAULT_VEHTYPE" speed="13.40" pos="78.13" lane="1/1to1/2_0" slope="0.00"/>
        <vehicle id="44" x="601.65" y="301.67" angle="180.00" type="DEFAULT_VEHTYPE" speed="13.35" pos="96.92" lane="3/1to3/2_0" slope="0.00"/>
        <vehicle id="46" x="396.75" y="401.92" angle="-20.18" type="DEFAULT_VEHTYPE" speed="12.83" pos="3.47" lane=":2/2_0_0" slope="0.00"/>
        <vehicle id="47" x="201.65" y="461.25" angle="180.00" type="DEFAULT_VEHTYPE" speed="13.89" pos="56.50" lane="1/2to1/3_0" slope="0.00"/>
        <vehicle id="49" x="385.20" y="598.35" angle="90.00" type="DEFAULT_VEHTYPE" speed="2.28" pos="180.45" lane="1/3to2/3_0" slope="0.00"/>
        <vehicle id="6" x="401.65" y="669.06" angle="180.00" type="DEFAULT_VEHTYPE" speed="13.58" pos="64.31" lane="2/3to2/4_0" slope="0.00"/>
    </timestep>
    <timestep time="121.00">
        <vehicle id="1" x="147.70" y="398.35" angle="90.00" type="DEFAULT_VEHTYPE" speed="12.71" pos="147.70" lane="0/2to1/2_0" slope="0.00"/>
        <vehicle id="11" x="398.35" y="469.36" angle="0.00" type="DEFAULT_VEHTYPE" speed="12.81" pos="125.89" lane="2/3to2/2_0" slope="0.00"/>
        <vehicle id="13" x="684.43" y="598.35" angle="90.00" type="DEFAULT_VEHTYPE" speed="12.78" pos="79.68" lane="3/3to4/3_0" slope="0.00"/>
        <vehicle id="17" x="398.35" y="548.83" angle="0.00" type="DEFAULT_VEHTYPE" speed="13.54" pos="46.42" lane="2/3to2/2_0" slope="0.00"/>
        <vehicle id="2" x="617.24" y="201.65" angle="-90.00" type="DEFAULT_VEHTYPE" speed="8.11" pos="182.76" lane="4/1to3/1_0" slope="0.00"/>
        <vehicle id="20" x="401.65" y="27.87" angle="180.00" type="DEFAULT_VEHTYPE" speed="13.45" pos="27.87" lane="2/0to2/1_0" slope="0.00"/>
        <vehicle id="21" x="401.45" y="603.36" angle="148.66" type="DEFAULT_VEHTYPE" speed="5.47" pos="8.92" lane=":2/3_14_0" slope="0.00"/>
        <vehicle id="23" x="201.65" y="425.78" angle="180.00" type="DEFAULT_VEHTYPE" speed="13.17" pos="21.03" lane="1/2to1/3_0" slope="0.00"/>
        <vehicle id="25" x="9.18" y="201.65" angle="-90.00" type="DEFAULT_VEHTYPE" speed="13.40" pos="186.07" lane="1/1to0/1_0" slope="0.00"/>
        <vehicle id="27" x="401.65" y="757.64" angle="180.00" type="DEFAULT_VEHTYPE" speed="13.01" pos="152.89" lane="2/3to2/4_0" slope="0.00"/>
        <vehicle id="28" x="198.35" y="668.56" angle="0.00" type="DEFAULT_VEHTYPE" speed="13.00" pos="131.44" lane="1/4to1/3_0" slope="0.00"/>
        <vehicle id="29" x="398.35" y="93.91" angle="0.00" type="DEFAULT_VEHTYPE" speed="12.82" pos="101.34" lane="2/1to2/0_0" slope="0.00"/>
        <vehicle id="3" x="398.35" y="324.42" angle="0.00" type="DEFAULT_VEHTYPE" speed="12.69" pos="70.83" lane="2/2to2/1_0" slope="0.00"/>
        <vehicle id="32" x="503.26" y="198.35" angle="90.00" type="DEFAULT_VEHTYPE" speed="13.64" pos="98.51" lane="2/1to3/1_0" slope="0.00"/>
        <vehicle id="37" x="532.85" y="401.65" angle="-90.00" type="DEFAULT_VEHTYPE" speed="12.80" pos="62.40" lane="3/2to2/2_0" slope="0.00"/>
        <vehicle id="38" x="201.65" y="377.55" angle="180.00" type="DEFAULT_VEHTYPE" speed="13.01" pos="172.80" lane="1/1to1/2_0" slope="0.00"/>
        <vehicle id="4" x="601.65" y="344.65" angle="180.00" type="DEFAULT_VEHTYPE" speed="13.87" pos="139.90" lane="3/1to3/2_0" slope="0.00"/>
        <vehicle id="40" x="116.39" y="401.65" angle="-90.00" type="DEFAULT_VEHTYPE" speed="12.96" pos="78.86" lane="1/2to0/2_0" slope="0.00"/>
        <vehicle id="41" x="203.80" y="598.22" angle="151.34" type="DEFAULT_VEHTYPE" speed="12.90" pos="4.04" lane=":1/3_8_0" slope="0.00"/>
        <vehicle id="42" x="95.09" y="201.65" angle="-90.00" type="DEFAULT_VEHTYPE" speed="12.96" pos="100.16" lane="1/1to0/1_0" slope="0.00"/>
        <vehicle id="43" x="201.65" y="296.34" angle="180.00" type="DEFAULT_VEHTYPE" speed="13.47" pos="91.59" lane="1/1to1/2_0" slope="0.00"/>
        <vehicle id="44" x="601.65" y="315.56" angle="180.00" type="DEFAULT_VEHTYPE" speed="13.89" pos="110.81" lane="3/1to3/2_0" slope="0.00"/>
        <vehicle id="46" x="384.13" y="401.65" angle="-90.00" type="DEFAULT_VEHTYPE" speed="12.65" pos="11.12" lane="2/2to1/2_0" slope="0.00"/>
        <vehicle id="47" x="201.65" y="473.87" angle="180.00" type="DEFAULT_VEHTYPE" speed="12.62" pos="69.12" lane="1/2to1/3_0" slope="0.00"/>
        <vehicle id="49" x="388.62" y="598.35" angle="90.00" type="DEFAULT_VEHTYPE" speed="3.42" pos="183.87" lane="1/3to2/3_0" slope="0.00"/>
        <vehicle id="6" x="401.65" y="682.31" angle="180.00" type="DEFAULT_VEHTYPE" speed="13.25" pos="77.56" lane="2/3to2/4_0" slope="0.00"/>
    </timestep>
    <timestep time="122.00">
        <vehicle id="1" x="160.68" y="398.35" angle="90.00" type="DEFAULT_VEHTYPE" speed="12.98" pos="160.68" lane="0/2to1/2_0" slope="0.00"/>
        <vehicle id="11" x="398.35" y="456.42" angle="0.00" type="DEFAULT_VEHTYPE" speed="12.94" pos="138.83" lane="2/3to2/2_0" slope="0.00"/>
        <vehicle id="13" x="698.05" y="598.35" angle="90.00" type="DEFAULT_VEHTYPE" speed="13.62" pos="93.30" lane="3/3to4/3_0" slope="0.00"/>
        <vehicle id="17" x="398.35" y="535.61" angle="0.00" type="DEFAULT_VEHTYPE" speed="13.23" pos="59.64" lane="2/3to2/2_0" slope="0.00"/>
        <vehicle id="2" x="611.79" y="201.65" angle="-90.00" type="DEFAULT_VEHTYPE" speed="5.44" pos="188.21" lane="4/1to3/1_0" slope="0.00"/>
        <vehicle id="20" x="401.65" y="40.56" angle="180.00" type="DEFAULT_VEHTYPE" speed="12.69" pos="40.56" lane="2/0to2/1_0" slope="0.00"/>
        <vehicle id="21" x="401.65" y="610.47" angle="180.00" type="DEFAULT_VEHTYPE" speed="7.12" pos="5.72" lane="2/3to2/4_0" slope="0.00"/>
        <vehicle id="23" x="201.65" y="439.66" angle="180.00" type="DEFAULT_VEHTYPE" speed="13.87" pos="34.91" lane="1/2to1/3_0" slope="0.00"/>
        <vehicle id="25" x="-0.40" y="198.62" angle="-19.49" type="DEFAULT_VEHTYPE" speed="13.51" pos="4.33" lane=":0/1_0_0" slope="0.00"/>
        <vehicle id="27" x="401.65" y="770.40" angle="180.00" type="DEFAULT_VEHTYPE" speed="12.76" pos="165.65" lane="2/3to2/4_0" slope="0.00"/>
        <vehicle id="28" x="198.35" y="654.72" angle="0.00" type="DEFAULT_VEHTYPE" speed="13.84" pos="145.28" lane="1/4to1/3_0" slope="0.00"/>
        <vehicle id="29" x="398.35" y="80.45" angle="0.00" type="DEFAULT_VEHTYPE" speed="13.47" pos="114.80" lane="2/1to2/0_0" slope="0.00"/>
        <vehicle id="3" x="398.35" y="311.52" angle="0.00" type="DEFAULT_VEHTYPE" speed="12.89" pos="83.73" lane="2/2to2/1_0" slope="0.00"/>
        <vehicle id="32" x="516.40" y="198.35" angle="90.00" type="DEFAULT_VEHTYPE" speed="13.14" pos="111.65" lane="2/1to3/1_0" slope="0.00"/>
        <vehicle id="37" x="519.06" y="401.65" angle="-90.00" type="DEFAULT_VEHTYPE" speed="13.79" pos="76.19" lane="3/2to2/2_0" slope="0.00"/>
        <vehicle id="38" x="201.65" y="390.15" angle="180.00" type="DEFAULT_VEHTYPE" speed="12.60" pos="185.40" lane="1/1to1/2_0" slope="0.00"/>
        <vehicle id="4" x="601.65" y="358.29" angle="180.00" type="DEFAULT_VEHTYPE" speed="13.65" pos="153.54" lane="3/1to3/2_0" slope="0.00"/>
        <vehicle id="40" x="102.50" y="401.65" angle="-90.00" type="DEFAULT_VEHTYPE" speed="13.88" pos="92.75" lane="1/2to0/2_0" slope="0.00"/>
        <vehicle id="41" x="216.70" y="598.35" angle="90.00" type="DEFAULT_VEHTYPE" speed="12.91" pos="11.95" lane="1/3to2/3_0" slope="0.00"/>
        <vehicle id="42" x="81.34" y="201.65" angle="-90.00" type="DEFAULT_VEHTYPE" speed="13.75" pos="113.91" lane="1/1to0/1_0" slope="0.00"/>
        <vehicle id="43" x="201.65" y="310.12" angle="180.00" type="DEFAULT_VEHTYPE" speed="13.78" pos="105.37" lane="1/1to1/2_0" slope="0.00"/>
        <vehicle id="44" x="601.65" y="329.15" angle="180.00" type="DEFAULT_VEHTYPE" speed="13.59" pos="124.40" lane="3/1to3/2_0" slope="0.00"/>
        <vehicle id="46" x="371.12" y="401.65" angle="-90.00" type="DEFAULT_VEHTYPE" speed="13.01" pos="24.13" lane="2/2to1/2_0" slope="0.00"/>
        <vehicle id="47" x="201.65" y="487.61" angle="180.00" type="DEFAULT_VEHTYPE" speed="13.74" pos="82.86" lane="1/2to1/3_0" slope="0.00"/>
        <vehicle id="49" x="394.27" y="598.35" angle="90.00" type="DEFAULT_VEHTYPE" speed="5.65" pos="189.52" lane="1/3to2/3_0" slope="0.00"/>
        <vehicle id="6" x="401.65" y="695.94" angle="180.00" type="DEFAULT_VEHTYPE" speed="13.63" pos="91.19" lane="2/3to2/4_0" slope="0.00"/>
    </timestep>
    <timestep time="123.00">
        <vehicle id="1" x="172.68" y="398.35" angle="90.00" type="DEFAULT_VEHTYPE" speed="12.00" pos="172.68" lane="0/2to1/2_0" slope="0.00"/>
        <vehicle id="11" x="398.35" y="442.61" angle="0.00" type="DEFAULT_VEHTYPE" speed="13.82" pos="152.64" lane="2/3to2/2_0" slope="0.00"/>
        <vehicle id="13" x="710.70" y="598.35" angle="90.00" type="DEFAULT_VEHTYPE" speed="12.65" pos="105.95" lane="3/3to4/3_0" slope="0.00"/>
        <vehicle id="17" x="398.35" y="522.14" angle="0.00" type="DEFAULT_VEHTYPE" speed="13.47" pos="73.11" lane="2/3to2/2_0" slope="0.00"/>
        <vehicle id="2" x="608.80" y="201.65" angle="-90.00" type="DEFAULT_VEHTYPE" speed="3.00" pos="191.20" lane="4/1to3/1_0" slope="0.00"/>
        <vehicle id="20" x="401.65" y="53.17" angle="180.00" type="DEFAULT_VEHTYPE" speed="12.61" pos="53.17" lane="2/0to2/1_0" slope="0.00"/>
        <vehicle id="21" x="401.65" y="620.01" angle="180.00" type="DEFAULT_VEHTYPE" speed="9.54" pos="15.26" lane="2/3to2/4_0" slope="0.00"/>
        <vehicle id="23" x="201.65" y="453.44" angle="180.00" type="DEFAULT_VEHTYPE" speed="13.78" pos="48.69" lane="1/2to1/3_0" slope="0.00"/>
        <vehicle id="25" x="13.33" y="198.35" angle="90.00" type="DEFAULT_VEHTYPE" speed="13.82" pos="13.33" lane="0/1to1/1_0" slope="0.00"/>
        <vehicle id="27" x="401.65" y="783.87" angle="180.00" type="DEFAULT_VEHTYPE" speed="13.47" pos="179.12" lane="2/3to2/4_0" slope="0.00"/>
        <vehicle id="28" x="198.35" y="640.93" angle="0.00" type="DEFAULT_VEHTYPE" speed="13.79" pos="159.07" lane="1/4to1/3_0" slope="0.00"/>
        <vehicle id="29" x="398.35" y="67.83" angle="0.00" type="DEFAULT_VEHTYPE" speed="12.62" pos="127.42" lane="2/1to2/0_0" slope="0.00"/>
        <vehicle id="3" x="398.35" y="298.49" angle="0.00" type="DEFAULT_VEHTYPE" speed="13.03" pos="96.76" lane="2/2to2/1_0" slope="0.00"/>
        <vehicle id="32" x="529.64" y="198.35" angle="90.00" type="DEFAULT_VEHTYPE" speed="13.24" pos="124.89" lane="2/1to3/1_0" slope="0.00"/>
        <vehicle id="37" x="505.78" y="401.65" angle="-90.00" type="DEFAULT_VEHTYPE" speed="13.29" pos="89.47" lane="3/2to2/2_0" slope="0.00"/>
        <vehicle id="38" x="201.65" y="403.81" angle="180.00" type="DEFAULT_VEHTYPE" speed="13.66" pos="8.56" lane=":1/2_9_0" slope="0.00"/>
        <vehicle id="4" x="601.65" y="371.01" angle="180.00" type="DEFAULT_VEHTYPE" speed="12.71" pos="166.26" lane="3/1to3/2_0" slope="0.00"/>
        <vehicle id="40" x="89.19" y="401.65" angle="-90.00" type="DEFAULT_VEHTYPE" speed="13.32" pos="106.06" lane="1/2to0/2_0" slope="0.00"/>
        <vehicle id="41" x="229.91" y="598.35" angle="90.00" type="DEFAULT_VEHTYPE" speed="13.21" pos="25.16" lane="1/3to2/3_0" slope="0.00"/>
        <vehicle id="42" x="68.27" y="201.65" angle="-90.00" type="DEFAULT_VEHTYPE" speed="13.07" pos="126.98" lane="1/1to0/1_0" slope="0.00"/>
        <vehicle id="43" x="201.65" y="323.92" angle="180.00" type="DEFAULT_VEHTYPE" speed="13.80" pos="119.17" lane="1/1to1/2_0" slope="0.00"/>
        <vehicle id="44" x="601.65" y="342.24" angle="180.00" type="DEFAULT_VEHTYPE" speed="13.09" pos="137.49" lane="3/1to3/2_0" slope="0.00"/>
        <vehicle id="46" x="357.42" y="401.65" angle="-90.00" type="DEFAULT_VEHTYPE" speed="13.70" pos="37.83" lane="2/2to1/2_0" slope="0.00"/>
        <vehicle id="47" x="201.65" y="500.98" angle="180.00" type="DEFAULT_VEHTYPE" speed="13.37" pos="96.23" lane="1/2to1/3_0" slope="0.00"/>
        <vehicle id="49" x="400.90" y="601.37" angle="125.61" type="DEFAULT_VEHTYPE" speed="7.80" pos="6.81" lane=":2/3_14_0" slope="0.00"/>
        <vehicle id="6" x="401.65" y="709.30" angle="180.00" type="DEFAULT_VEHTYPE" speed="13.37" pos="104.55" lane="2/3to2/4_0" slope="0.00"/>
    </timestep>
    <timestep time="124.00">
        <vehicle id="1" x="181.33" y="398.35" angle="90.00" type="DEFAULT_VEHTYPE" speed="8.65" pos="181.33" lane="0/2to1/2_0" slope="0.00"/>
        <vehicle id="11" x="398.35" y="429.98" angle="0.00" type="DEFAULT_VEHTYPE" speed="12.63" pos="165.27" lane="2/3to2/2_0" slope="0.00"/>
        <vehicle id="13" x="724.60" y="598.35" angle="90.00" type="DEFAULT_VEHTYPE" speed="13.90" pos="119.85" lane="3/3to4/3_0" slope="0.00"/>
        <vehicle id="17" x="398.35" y="508.67" angle="0.00" type="DEFAULT_VEHTYPE" speed="13.46" pos="86.58" lane="2/3to2/2_0" slope="0.00"/>
        <vehicle id="2" x="604.39" y="201.70" angle="-90.58" type="DEFAULT_VEHTYPE" speed="4.41" pos="0.37" lane=":3/1_4_0" slope="0.00"/>
        <vehicle id="20" x="401.65" y="66.33" angle="180.00" type="DEFAULT_VEHTYPE" speed="13.15" pos="66.33" lane="2/0to2/1_0" slope="0.00"/>
        <vehicle id="21" x="401.65" y="632.09" angle="180.00" type="DEFAULT_VEHTYPE" speed="12.08" pos="27.34" lane="2/3to2/4_0" slope="0.00"/>
        <vehicle id="23" x="201.65" y="466.13" angle="180.00" type="DEFAULT_VEHTYPE" speed="12.69" pos="61.38" lane="1/2to1/3_0" slope="0.00"/>
        <vehicle id="25" x="26.07" y="198.35" angle="90.00" type="DEFAULT_VEHTYPE" speed="12.73" pos="26.07" lane="0/1to1/1_0" slope="0.00"/>
        <vehicle id="27" x="401.65" y="796.76" angle="180.00" type="DEFAULT_VEHTYPE" speed="12.89" pos="192.01" lane="2/3to2/4_0" slope="0.00"/>
        <vehicle id="28" x="198.35" y="627.46" angle="0.00" type="DEFAULT_VEHTYPE" speed="13.47" pos="172.54" lane="1/4to1/3_0" slope="0.00"/>
        <vehicle id="29" x="398.35" y="53.97" angle="0.00" type="DEFAULT_VEHTYPE" speed="13.86" pos="141.28" lane="2/1to2/0_0" slope="0.00"/>
        <vehicle id="3" x="398.35" y="285.68" angle="0.00" type="DEFAULT_VEHTYPE" speed="12.81" pos="109.57" lane="2/2to2/1_0" slope="0.00"/>
        <vehicle id="32" x="542.36" y="198.35" angle="90.00" type="DEFAULT_VEHTYPE" speed="12.73" pos="137.61" lane="2/1to3/1_0" slope="0.00"/>
        <vehicle id="37" x="492.15" y="401.65" angle="-90.00" type="DEFAULT_VEHTYPE" speed="13.62" pos="103.10" lane="3/2to2/2_0" slope="0.00"/>
        <vehicle id="38" x="201.65" y="417.54" angle="180.00" type="DEFAULT_VEHTYPE" speed="13.73" pos="12.79" lane="1/2to1/3_0" slope="0.00"/>
        <vehicle id="4" x="601.65" y="380.57" angle="180.00" type="DEFAULT_VEHTYPE" speed="9.56" pos="175.82" lane="3/1to3/2_0" slope="0.00"/>
        <vehicle id="40" x="75.64" y="401.65" angle="-90.00" type="DEFAULT_VEHTYPE" speed="13.55" pos="119.61" lane="1/2to0/2_0" slope="0.00"/>
        <vehicle id="41" x="242.68" y="598.35" angle="90.00" type="DEFAULT_VEHTYPE" speed="12.77" pos="37.93" lane="1/3to2/3_0" slope="0.00"/>
        <vehicle id="42" x="55.12" y="201.65" angle="-90.00" type="DEFAULT_VEHTYPE" speed="13.15" pos="140.13" lane="1/1to0/1_0" slope="0.00"/>
        <vehicle id="43" x="201.65" y="336.99" angle="180.00" type="DEFAULT_VEHTYPE" speed="13.07" pos="132.24" lane="1/1to1/2_0" slope="0.00"/>
        <vehicle id="44" x="601.65" y="354.99" angle="180.00" type="DEFAULT_VEHTYPE" speed="12.75" pos="150.24" lane="3/1to3/2_0" slope="0.00"/>
        <vehicle id="46" x="343.64" y="401.65" angle="-90.00" type="DEFAULT_VEHTYPE" speed="13.78" pos="51.61" lane="2/2to1/2_0" slope="0.00"/>
        <vehicle id="47" x="201.65" y="514.34" angle="180.00" type="DEFAULT_VEHTYPE" speed="13.36" pos="109.59" lane="1/2to1/3_0" slope="0.00"/>
        <vehicle id="49" x="401.65" y="610.58" angle="180.00" type="DEFAULT_VEHTYPE" speed="9.34" pos="5.83" lane="2/3to2/4_0" slope="0.00"/>
        <vehicle id="6" x="401.65" y="722.83" angle="180.00" type="DEFAULT_VEHTYPE" speed="13.53" pos="118.08" lane="2/3to2/4_0" slope="0.00"/>
    </timestep>
    <timestep time="125.00">
        <vehicle id="1" x="187.61" y="398.35" angle="90.00" type="DEFAULT_VEHTYPE" speed="6.28" pos="187.61" lane="0/2to1/2_0" slope="0.00"/>
        <vehicle id="11" x="398.35" y="417.11" angle="0.00" type="DEFAULT_VEHTYPE" speed="12.86" pos="178.14" lane="2/3to2/2_0" slope="0.00"/>
        <vehicle id="13" x="738.36" y="598.35" angle="90.00" type="DEFAULT_VEHTYPE" speed="13.76" pos="133.61" lane="3/3to4/3_0" slope="0.00"/>
        <vehicle id="17" x="398.35" y="494.86" angle="0.00" type="DEFAULT_VEHTYPE" speed="13.82" pos="100.39" lane="2/3to2/2_0" slope="0.00"/>
        <vehicle id="2" x="601.65" y="206.59" angle="-163.39" type="DEFAULT_VEHTYPE" speed="6.47" pos="1.84" lane="3/1to3/2_0" slope="0.00"/>
        <vehicle id="20" x="401.65" y="80.18" angle="180.00" type="DEFAULT_VEHTYPE" speed="13.85" pos="80.18" lane="2/0to2/1_0" slope="0.00"/>
        <vehicle id="21" x="401.65" y="645.56" angle="180.00" type="DEFAULT_VEHTYPE" speed="13.46" pos="40.81" lane="2/3to2/4_0" slope="0.00"/>
        <vehicle id="23" x="201.65" y="478.78" angle="180.00" type="DEFAULT_VEHTYPE" speed="12.65" pos="74.03" lane="1/2to1/3_0" slope="0.00"/>
        <vehicle id="25" x="38.81" y="198.35" angle="90.00" type="DEFAULT_VEHTYPE" speed="12.74" pos="38.81" lane="0/1to1/1_0" slope="0.00"/>
        <vehicle id="27" x="398.35" y="794.23" angle="0.00" type="DEFAULT_VEHTYPE" speed="13.83" pos="5.77" lane="2/4to2/3_0" slope="0.00"/>
        <vehicle id="28" x="198.35" y="614.63" angle="0.00" type="DEFAULT_VEHTYPE" speed="12.83" pos="185.37" lane="1/4to1/3_0" slope="0.00"/>
        <vehicle id="29" x="398.35" y="41.06" angle="0.00" type="DEFAULT_VEHTYPE" speed="12.90" pos="154.19" lane="2/1to2/0_0" slope="0.00"/>
        <vehicle id="3" x="398.35" y="273.01" angle="0.00" type="DEFAULT_VEHTYPE" speed="12.66" pos="122.24" lane="2/2to2/1_0" slope="0.00"/>
        <vehicle id="32" x="556.09" y="198.35" angle="90.00" type="DEFAULT_VEHTYPE" speed="13.73" pos="151.34" lane="2/1to3/1_0" slope="0.00"/>
        <vehicle id="37" x="478.37" y="401.65" angle="-90.00" type="DEFAULT_VEHTYPE" speed="13.79" pos="116.88" lane="3/2to2/2_0" slope="0.00"/>
        <vehicle id="38" x="201.65" y="430.82" angle="180.00" type="DEFAULT_VEHTYPE" speed="13.29" pos="26.07" lane="1/2to1/3_0" slope="0.00"/>
        <vehicle id="4" x="601.65" y="386.67" angle="180.00" type="DEFAULT_VEHTYPE" speed="6.10" pos="181.92" lane="3/1to3/2_0" slope="0.00"/>
        <vehicle id="40" x="63.01" y="401.65" angle="-90.00" type="DEFAULT_VEHTYPE" speed="12.63" pos="132.24" lane="1/2to0/2_0" slope="0.00"/>
        <vehicle id="41" x="255.44" y="598.35" angle="90.00" type="DEFAULT_VEHTYPE" speed="12.76" pos="50.69" lane="1/3to2/3_0" slope="0.00"/>
        <vehicle id="42" x="42.27" y="201.65" angle="-90.00" type="DEFAULT_VEHTYPE" speed="12.85" pos="152.98" lane="1/1to0/1_0" slope="0.00"/>
        <vehicle id="43" x="201.65" y="350.59" angle="180.00" type="DEFAULT_VEHTYPE" speed="13.60" pos="145.84" lane="1/1to1/2_0" slope="0.00"/>
        <vehicle id="44" x="601.65" y="366.84" angle="180.00" type="DEFAULT_VEHTYPE" speed="11.85" pos="162.09" lane="3/1to3/2_0" slope="0.00"/>
        <vehicle id="46" x="330.23" y="401.65" angle="-90.00" type="DEFAULT_VEHTYPE" speed="13.41" pos="65.02" lane="2/2to1/2_0" slope="0.00"/>
        <vehicle id="47" x="201.65" y="527.93" angle="180.00" type="DEFAULT_VEHTYPE" speed="13.59" pos="123.18" lane="1/2to1/3_0" slope="0.00"/>
        <vehicle id="49" x="401.65" y="621.97" angle="180.00" type="DEFAULT_VEHTYPE" speed="11.39" pos="17.22" lane="2/3to2/4_0" slope="0.00"/>
        <vehicle id="6" x="401.65" y="736.59" angle="180.00" type="DEFAULT_VEHTYPE" speed="13.76" pos="131.84" lane="2/3to2/4_0" slope="0.00"/>
    </timestep>
    <timestep time="126.00">
        <vehicle id="1" x="191.16" y="398.35" angle="90.00" type="DEFAULT_VEHTYPE" speed="3.55" pos="191.16" lane="0/2to1/2_0" slope="0.00"/>
        <vehicle id="11" x="398.35" y="403.69" angle="0.00" type="DEFAULT_VEHTYPE" speed="13.42" pos="1.06" lane=":2/2_1_0" slope="0.00"/>
        <vehicle id="13" x="750.97" y="598.35" angle="90.00" type="DEFAULT_VEHTYPE" speed="12.61" pos="146.22" lane="3/3to4/3_0" slope="0.00"/>
        <vehicle id="17" x="398.35" y="481.12" angle="0.00" type="DEFAULT_VEHTYPE" speed="13.74" pos="114.13" lane="2/3to2/2_0" slope="0.00"/>
        <vehicle id="2" x="601.65" y="215.08" angle="180.00" type="DEFAULT_VEHTYPE" speed="8.49" pos="10.33" lane="3/1to3/2_0" slope="0.00"/>
        <vehicle id="20" x="401.65" y="93.91" angle="180.00" type="DEFAULT_VEHTYPE" speed="13.74" pos="93.91" lane="2/0to2/1_0" slope="0.00"/>
        <vehicle id="21" x="401.65" y="658.29" angle="180.00" type="DEFAULT_VEHTYPE" speed="12.73" pos="53.54" lane="2/3to2/4_0" slope="0.00"/>
        <vehicle id="23" x="201.65" y="491.87" angle="180.00" type="DEFAULT_VEHTYPE" speed="13.09" pos="87.12" lane="1/2to1/3_0" slope="0.00"/>
        <vehicle id="25" x="51.89" y="198.35" angle="90.00" type="DEFAULT_VEHTYPE" speed="13.08" pos="51.89" lane="0/1to1/1_0" slope="0.00"/>
        <vehicle id="27" x="398.35" y="781.21" angle="0.00" type="DEFAULT_VEHTYPE" speed="13.02" pos="18.79" lane="2/4to2/3_0" slope="0.00"/>
        <vehicle id="29" x="398.35" y="28.46" angle="0.00" type="DEFAULT_VEHTYPE" speed="12.60" pos="166.79" lane="2/1to2/0_0" slope="0.00"/>
        <vehicle id="3" x="398.35" y="259.96" angle="0.00" type="DEFAULT_VEHTYPE" speed="13.05" pos="135.29" lane="2/2to2/1_0" slope="0.00"/>
        <vehicle id="32" x="569.27" y="198.35" angle="90.00" type="DEFAULT_VEHTYPE" speed="13.18" pos="164.52" lane="2/1to3/1_0" slope="0.00"/>
        <vehicle id="37" x="465.60" y="401.65" angle="-90.00" type="DEFAULT_VEHTYPE" speed="12.77" pos="129.65" lane="3/2to2/2_0" slope="0.00"/>
        <vehicle id="38" x="201.65" y="443.74" angle="180.00" type="DEFAULT_VEHTYPE" speed="12.92" pos="38.99" lane="1/2to1/3_0" slope="0.00"/>
        <vehicle id="4" x="601.65" y="390.55" angle="180.00" type="DEFAULT_VEHTYPE" speed="3.88" pos="185.80" lane="3/1to3/2_0" slope="0.00"/>
        <vehicle id="40" x="49.61" y="401.65" angle="-90.00" type="DEFAULT_VEHTYPE" speed="13.40" pos="145.64" lane="1/2to0/2_0" slope="0.00"/>
        <vehicle id="41" x="268.34" y="598.35" angle="90.00" type="DEFAULT_VEHTYPE" speed="12.90" pos="63.59" lane="1/3to2/3_0" slope="0.00"/>
        <vehicle id="42" x="29.04" y="201.65" angle="-90.00" type="DEFAULT_VEHTYPE" speed="13.24" pos="166.21" lane="1/1to0/1_0" slope="0.00"/>
        <vehicle id="43" x="201.65" y="364.37" angle="180.00" type="DEFAULT_VEHTYPE" speed="13.77" pos="159.62" lane="1/1to1/2_0" slope="0.00"/>
        <vehicle id="44" x="601.65" y="374.89" angle="180.00" type="DEFAULT_VEHTYPE" speed="8.04" pos="170.14" lane="3/1to3/2_0" slope="0.00"/>
        <vehicle id="46" x="317.09" y="401.65" angle="-90.00" type="DEFAULT_VEHTYPE" speed="13.14" pos="78.16" lane="2/2to1/2_0" slope="0.00"/>
        <vehicle id="47" x="201.65" y="541.24" angle="180.00" type="DEFAULT_VEHTYPE" speed="13.31" pos="136.49" lane="1/2to1/3_0" slope="0.00"/>
        <vehicle id="49" x="401.65" y="635.08" angle="180.00" type="DEFAULT_VEHTYPE" speed="13.11" pos="30.33" lane="2/3to2/4_0" slope="0.00"/>
        <vehicle id="6" x="401.65" y="750.38" angle="180.00" type="DEFAULT_VEHTYPE" speed="13.80" pos="145.63" lane="2/3to2/4_0" slope="0.00"/>
    </timestep>
    <timestep time="127.00">
        <vehicle id="1" x="192.48" y="398.35" angle="90.00" type="DEFAULT_VEHTYPE" speed="1.32" pos="192.48" lane="0/2to1/2_0" slope="0.00"/>
        <vehicle id="11" x="398.35" y="390.38" angle="0.00" type="DEFAULT_VEHTYPE" speed="13.32" pos="4.87" lane="2/2to2/1_0" slope="0.00"/>
        <vehicle id="13" x="763.99" y="598.35" angle="90.00" type="DEFAULT_VEHTYPE" speed="13.03" pos="159.24" lane="3/3to4/3_0" slope="0.00"/>
        <vehicle id="17" x="398.35" y="467.57" angle="0.00" type="DEFAULT_VEHTYPE" speed="13.55" pos="127.68" lane="2/3to2/2_0" slope="0.00"/>
        <vehicle id="2" x="601.65" y="225.59" angle="180.00" type="DEFAULT_VEHTYPE" speed="10.51" pos="20.84" lane="3/1to3/2_0" slope="0.00"/>
        <vehicle id="20" x="401.65" y="107.25" angle="180.00" type="DEFAULT_VEHTYPE" speed="13.34" pos="107.25" lane="2/0to2/1_0" slope="0.00"/>
        <vehicle id="21" x="401.65" y="671.67" angle="180.00" type="DEFAULT_VEHTYPE" speed="13.38" pos="66.92" lane="2/3to2/4_0" slope="0.00"/>
        <vehicle id="23" x="201.65" y="504.72" angle="180.00" type="DEFAULT_VEHTYPE" speed="12.85" pos="99.97" lane="1/2to1/3_0" slope="0.00"/>
        <vehicle id="25" x="65.48" y="198.35" angle="90.00" type="DEFAULT_VEHTYPE" speed="13.59" pos="65.48" lane="0/1to1/1_0" slope="0.00"/>
        <vehicle id="27" x="398.35" y="768.55" angle="0.00" type="DEFAULT_VEHTYPE" speed="12.66" pos="31.45" lane="2/4to2/3_0" slope="0.00"/>
        <vehicle id="29" x="398.35" y="15.35" angle="0.00" type="DEFAULT_VEHTYPE" speed="13.11" pos="179.90" lane="2/1to2/0_0" slope="0.00"/>
        <vehicle id="3" x="398.35" y="247.04" angle="0.00" type="DEFAULT_VEHTYPE" speed="12.92" pos="148.21" lane="2/2to2/1_0" slope="0.00"/>
        <vehicle id="32" x="579.43" y="198.35" angle="90.00" type="DEFAULT_VEHTYPE" speed="10.15" pos="174.68" lane="2/1to3/1_0" slope="0.00"/>
        <vehicle id="37" x="452.92" y="401.65" angle="-90.00" type="DEFAULT_VEHTYPE" speed="12.68" pos="142.33" lane="3/2to2/2_0" slope="0.00"/>
        <vehicle id="38" x="201.65" y="456.58" angle="180.00" type="DEFAULT_VEHTYPE" speed="12.84" pos="51.83" lane="1/2to1/3_0" slope="0.00"/>
        <vehicle id="4" x="601.54" y="395.99" angle="-178.78" type="DEFAULT_VEHTYPE" speed="5.45" pos="0.75" lane=":3/2_10_0" slope="0.00"/>
        <vehicle id="40" x="36.18" y="401.65" angle="-90.00" type="DEFAULT_VEHTYPE" speed="13.43" pos="159.07" lane="1/2to0/2_0" slope="0.00"/>
        <vehicle id="41" x="281.81" y="598.35" angle="90.00" type="DEFAULT_VEHTYPE" speed="13.48" pos="77.06" lane="1/3to2/3_0" slope="0.00"/>
        <vehicle id="42" x="15.92" y="201.65" angle="-90.00" type="DEFAULT_VEHTYPE" speed="13.12" pos="179.33" lane="1/1to0/1_0" slope="0.00"/>
        <vehicle id="43" x="201.65" y="377.72" angle="180.00" type="DEFAULT_VEHTYPE" speed="13.35" pos="172.97" lane="1/1to1/2_0" slope="0.00"/>
        <vehicle id="44" x="601.65" y="379.09" angle="180.00" type="DEFAULT_VEHTYPE" speed="4.21" pos="174.34" lane="3/1to3/2_0" slope="0.00"/>
        <vehicle id="46" x="303.54" y="401.65" angle="-90.00" type="DEFAULT_VEHTYPE" speed="13.55" pos="91.71" lane="2/2to1/2_0" slope="0.00"/>
        <vehicle id="47" x="201.65" y="554.94" angle="180.00" type="DEFAULT_VEHTYPE" speed="13.70" pos="150.19" lane="1/2to1/3_0" slope="0.00"/>
        <vehicle id="49" x="401.65" y="648.37" angle="180.00" type="DEFAULT_VEHTYPE" speed="13.29" pos="43.62" lane="2/3to2/4_0" slope="0.00"/>
        <vehicle id="6" x="401.65" y="763.32" angle="180.00" type="DEFAULT_VEHTYPE" speed="12.94" pos="158.57" lane="2/3to2/4_0" slope="0.00"/>
    </timestep>
    <timestep time="128.00">
        <vehicle id="1" x="192.64" y="398.35" angle="90.00" type="DEFAULT_VEHTYPE" speed="0.16" pos="192.64" lane="0/2to1/2_0" slope="0.00"/>
        <vehicle id="11" x="398.35" y="376.58" angle="0.00" type="DEFAULT_VEHTYPE" speed="13.79" pos="18.67" lane="2/2to2/1_0" slope="0.00"/>
        <vehicle id="13" x="777.45" y="598.35" angle="90.00" type="DEFAULT_VEHTYPE" speed="13.45" pos="172.70" lane="3/3to4/3_0" slope="0.00"/>
        <vehicle id="17" x="398.35" y="454.24" angle="0.00" type="DEFAULT_VEHTYPE" speed="13.33" pos="141.01" lane="2/3to2/2_0" slope="0.00"/>
        <vehicle id="2" x="601.65" y="237.43" angle="180.00" type="DEFAULT_VEHTYPE" speed="11.83" pos="32.68" lane="3/1to3/2_0" slope="0.00"/>
        <vehicle id="20" x="401.65" y="120.28" angle="180.00" type="DEFAULT_VEHTYPE" speed="13.03" pos="120.28" lane="2/0to2/1_0" slope="0.00"/>
        <vehicle id="21" x="401.65" y="684.40" angle="180.00" type="DEFAULT_VEHTYPE" speed="12.73" pos="79.65" lane="2/3to2/4_0" slope="0.00"/>
        <vehicle id="23" x="201.65" y="517.64" angle="180.00" type="DEFAULT_VEHTYPE" speed="12.92" pos="112.89" lane="1/2to1/3_0" slope="0.00"/>
        <vehicle id="25" x="78.93" y="198.35" angle="90.00" type="DEFAULT_VEHTYPE" speed="13.45" pos="78.93" lane="0/1to1/1_0" slope="0.00"/>
        <vehicle id="27" x="398.35" y="754.77" angle="0.00" type="DEFAULT_VEHTYPE" speed="13.78" pos="45.23" lane="2/4to2/3_0" slope="0.00"/>
        <vehicle id="29" x="398.35" y="2.61" angle="0.00" type="DEFAULT_VEHTYPE" speed="12.74" pos="192.64" lane="2/1to2/0_0" slope="0.00"/>
        <vehicle id="3" x="398.35" y="233.40" angle="0.00" type="DEFAULT_VEHTYPE" speed="13.64" pos="161.85" lane="2/2to2/1_0" slope="0.00"/>
        <vehicle id="32" x="585.98" y="198.35" angle="90.00" type="DEFAULT_VEHTYPE" speed="6.55" pos="181.23" lane="2/1to3/1_0" slope="0.00"/>
        <vehicle id="37" x="439.43" y="401.65" angle="-90.00" type="DEFAULT_VEHTYPE" speed="13.49" pos="155.82" lane="3/2to2/2_0" slope="0.00"/>
        <vehicle id="38" x="201.65" y="469.24" angle="180.00" type="DEFAULT_VEHTYPE" speed="12.66" pos="64.49" lane="1/2to1/3_0" slope="0.00"/>
        <vehicle id="4" x="597.83" y="401.28" angle="-134.27" type="DEFAULT_VEHTYPE" speed="6.96" pos="0.57" lane=":3/2_18_0" slope="0.00"/>
        <vehicle id="40" x="23.14" y="401.65" angle="-90.00" type="DEFAULT_VEHTYPE" speed="13.04" pos="172.11" lane="1/2to0/2_0" slope="0.00"/>
        <vehicle id="41" x="295.11" y="598.35" angle="90.00" type="DEFAULT_VEHTYPE" speed="13.29" pos="90.36" lane="1/3to2/3_0" slope="0.00"/>
        <vehicle id="42" x="2.84" y="201.65" angle="-90.00" type="DEFAULT_VEHTYPE" speed="13.07" pos="192.41" lane="1/1to0/1_0" slope="0.00"/>
        <vehicle id="43" x="201.65" y="390.92" angle="180.00" type="DEFAULT_VEHTYPE" speed="13.20" pos="186.17" lane="1/1to1/2_0" slope="0.00"/>
        <vehicle id="44" x="601.65" y="385.61" angle="180.00" type="DEFAULT_VEHTYPE" speed="6.52" pos="180.86" lane="3/1to3/2_0" slope="0.00"/>
        <vehicle id="46" x="290.32" y="401.65" angle="-90.00" type="DEFAULT_VEHTYPE" speed="13.22" pos="104.93" lane="2/2to1/2_0" slope="0.00"/>
        <vehicle id="47" x="201.65" y="568.50" angle="180.00" type="DEFAULT_VEHTYPE" speed="13.55" pos="163.75" lane="1/2to1/3_0" slope="0.00"/>
        <vehicle id="49" x="401.65" y="661.65" angle="180.00" type="DEFAULT_VEHTYPE" speed="13.28" pos="56.90" lane="2/3to2/4_0" slope="0.00"/>
        <vehicle id="6" x="401.65" y="776.32" angle="180.00" type="DEFAULT_VEHTYPE" speed="13.00" pos="171.57" lane="2/3to2/4_0" slope="0.00"/>
    </timestep>
    <timestep time="129.00">
        <vehicle id="1" x="192.73" y="398.35" angle="90.00" type="DEFAULT_VEHTYPE" speed="0.09" pos="192.73" lane="0/2to1/2_0" slope="0.00"/>
        <vehicle id="11" x="398.35" y="363.88" angle="0.00" type="DEFAULT_VEHTYPE" speed="12.71" pos="31.37" lane="2/2to2/1_0" slope="0.00"/>
        <vehicle id="13" x="791.24" y="598.35" angle="90.00" type="DEFAULT_VEHTYPE" speed="13.79" pos="186.49" lane="3/3to4/3_0" slope="0.00"/>
        <vehicle id="17" x="398.35" y="440.97" angle="0.00" type="DEFAULT_VEHTYPE" speed="13.28" pos="154.28" lane="2/3to2/2_0" slope="0.00"/>
        <vehicle id="2" x="601.65" y="250.49" angle="180.00" type="DEFAULT_VEHTYPE" speed="13.07" pos="45.74" lane="3/1to3/2_0" slope="0.00"/>
        <vehicle id="20" x="401.65" y="133.74" angle="180.00" type="DEFAULT_VEHTYPE" speed="13.46" pos="133.74" lane="2/0to2/1_0" slope="0.00"/>
        <vehicle id="21" x="401.65" y="697.22" angle="180.00" type="DEFAULT_VEHTYPE" speed="12.82" pos="92.47" lane="2/3to2/4_0" slope="0.00"/>
        <vehicle id="23" x="201.65" y="530.98" angle="180.00" type="DEFAULT_VEHTYPE" speed="13.34" pos="126.23" lane="1/2to1/3_0" slope="0.00"/>
        <vehicle id="25" x="92.26" y="198.35" angle="90.00" type="DEFAULT_VEHTYPE" speed="13.33" pos="92.26" lane="0/1to1/1_0" slope="0.00"/>
        <vehicle id="27" x="398.35" y="741.79" angle="0.00" type="DEFAULT_VEHTYPE" speed="12.98" pos="58.21" lane="2/4to2/3_0" slope="0.00"/>
        <vehicle id="29" x="401.65" y="5.30" angle="180.00" type="DEFAULT_VEHTYPE" speed="12.73" pos="5.30" lane="2/0to2/1_0" slope="0.00"/>
        <vehicle id="3" x="398.35" y="219.82" angle="0.00" type="DEFAULT_VEHTYPE" speed="13.58" pos="175.43" lane="2/2to2/1_0" slope="0.00"/>
        <vehicle id="32" x="589.24" y="198.35" angle="90.00" type="DEFAULT_VEHTYPE" speed="3.26" pos="184.49" lane="2/1to3/1_0" slope="0.00"/>
        <vehicle id="37" x="426.90" y="401.65" angle="-90.00" type="DEFAULT_VEHTYPE" speed="12.53" pos="168.35" lane="3/2to2/2_0" slope="0.00"/>
        <vehicle id="38" x="201.65" y="481.90" angle="180.00" type="DEFAULT_VEHTYPE" speed="12.66" pos="77.15" lane="1/2to1/3_0" slope="0.00"/>
        <vehicle id="4" x="588.31" y="401.65" angle="-90.00" type="DEFAULT_VEHTYPE" speed="9.55" pos="6.94" lane="3/2to2/2_0" slope="0.00"/>
        <vehicle id="40" x="9.32" y="401.65" angle="-90.00" type="DEFAULT_VEHTYPE" speed="13.81" pos="185.93" lane="1/2to0/2_0" slope="0.00"/>
        <vehicle id="41" x="308.01" y="598.35" angle="90.00" type="DEFAULT_VEHTYPE" speed="12.91" pos="103.26" lane="1/3to2/3_0" slope="0.00"/>
        <vehicle id="42" x="5.90" y="198.35" angle="90.00" type="DEFAULT_VEHTYPE" speed="13.56" pos="5.90" lane="0/1to1/1_0" slope="0.00"/>
        <vehicle id="43" x="201.65" y="404.82" angle="180.00" type="DEFAULT_VEHTYPE" speed="13.89" pos="0.07" lane="1/2to1/3_0" slope="0.00"/>
        <vehicle id="44" x="601.65" y="390.14" angle="180.00" type="DEFAULT_VEHTYPE" speed="4.53" pos="185.39" lane="3/1to3/2_0" slope="0.00"/>
        <vehicle id="46" x="277.60" y="401.65" angle="-90.00" type="DEFAULT_VEHTYPE" speed="12.72" pos="117.65" lane="2/2to1/2_0" slope="0.00"/>
        <vehicle id="47" x="201.65" y="581.28" angle="180.00" type="DEFAULT_VEHTYPE" speed="12.79" pos="176.53" lane="1/2to1/3_0" slope="0.00"/>
        <vehicle id="49" x="401.65" y="674.50" angle="180.00" type="DEFAULT_VEHTYPE" speed="12.85" pos="69.75" lane="2/3to2/4_0" slope="0.00"/>
        <vehicle id="6" x="401.65" y="790.06" angle="180.00" type="DEFAULT_VEHTYPE" speed="13.74" pos="185.31" lane="2/3to2/4_0" slope="0.00"/>
    </timestep>
    <timestep time="130.00">
        <vehicle id="1" x="192.75" y="398.35" angle="90.00" type="DEFAULT_VEHTYPE" speed="0.02" pos="192.75" lane="0/2to1/2_0" slope="0.00"/>
        <vehicle id="11" x="398.35" y="350.78" angle="0.00" type="DEFAULT_VEHTYPE" speed="13.10" pos="44.47" lane="2/2to2/1_0" slope="0.00"/>
        <vehicle id="13" x="800.10" y="601.58" angle="172.90" type="DEFAULT_VEHTYPE" speed="13.46" pos="4.70" lane=":4/3_0_0" slope="0.00"/>
        <vehicle id="17" x="398.35" y="428.23" angle="0.00" type="DEFAULT_VEHTYPE" speed="12.74" pos="167.02" lane="2/3to2/2_0" slope="0.00"/>
        <vehicle id="2" x="601.65" y="264.12" angle="180.00" type="DEFAULT_VEHTYPE" speed="13.63" pos="59.37" lane="3/1to3/2_0" slope="0.00"/>
        <vehicle id="20" x="401.65" y="146.41" angle="180.00" type="DEFAULT_VEHTYPE" speed="12.67" pos="146.41" lane="2/0to2/1_0" slope="0.00"/>
        <vehicle id="21" x="401.65" y="710.18" angle="180.00" type="DEFAULT_VEHTYPE" speed="12.96" pos="105.43" lane="2/3to2/4_0" slope="0.00"/>
        <vehicle id="23" x="201.65" y="544.48" angle="180.00" type="DEFAULT_VEHTYPE" speed="13.50" pos="139.73" lane="1/2to1/3_0" slope="0.00"/>
        <vehicle id="25" x="105.75" y="198.35" angle="90.00" type="DEFAULT_VEHTYPE" speed="13.49" pos="105.75" lane="0/1to1/1_0" slope="0.00"/>
        <vehicle id="27" x="398.35" y="729.17" angle="0.00" type="DEFAULT_VEHTYPE" speed="12.62" pos="70.83" lane="2/4to2/3_0" slope="0.00"/>
        <vehicle id="29" x="401.65" y="18.69" angle="180.00" type="DEFAULT_VEHTYPE" speed="13.38" pos="18.69" lane="2/0to2/1_0" slope="0.00"/>
        <vehicle id="3" x="398.35" y="207.21" angle="0.00" type="DEFAULT_VEHTYPE" speed="12.61" pos="188.04" lane="2/2to2/1_0" slope="0.00"/>
        <vehicle id="32" x="594.58" y="198.35" angle="90.00" type="DEFAULT_VEHTYPE" speed="5.34" pos="189.83" lane="2/1to3/1_0" slope="0.00"/>
        <vehicle id="37" x="417.45" y="401.65" angle="-90.00" type="DEFAULT_VEHTYPE" speed="9.45" pos="177.80" lane="3/2to2/2_0" slope="0.00"/>
        <vehicle id="38" x="201.65" y="495.20" angle="180.00" type="DEFAULT_VEHTYPE" speed="13.30" pos="90.45" lane="1/2to1/3_0" slope="0.00"/>
        <vehicle id="4" x="576.25" y="401.65" angle="-90.00" type="DEFAULT_VEHTYPE" speed="12.06" pos="19.00" lane="3/2to2/2_0" slope="0.00"/>
        <vehicle id="40" x="-0.74" y="398.84" angle="-32.78" type="DEFAULT_VEHTYPE" speed="13.26" pos="3.93" lane=":0/2_0_0" slope="0.00"/>
        <vehicle id="41" x="321.71" y="598.35" angle="90.00" type="DEFAULT_VEHTYPE" speed="13.70" pos="116.96" lane="1/3to2/3_0" slope="0.00"/>
        <vehicle id="42" x="18.66" y="198.35" angle="90.00" type="DEFAULT_VEHTYPE" speed="12.77" pos="18.66" lane="0/1to1/1_0" slope="0.00"/>
        <vehicle id="43" x="201.65" y="418.63" angle="180.00" type="DEFAULT_VEHTYPE" speed="13.82" pos="13.88" lane="1/2to1/3_0" slope="0.00"/>
        <vehicle id="44" x="601.40" y="397.03" angle="-177.07" type="DEFAULT_VEHTYPE" speed="6.92" pos="1.80" lane=":3/2_10_0" slope="0.00"/>
        <vehicle id="46" x="264.98" y="401.65" angle="-90.00" type="DEFAULT_VEHTYPE" speed="12.62" pos="130.27" lane="2/2to1/2_0" slope="0.00"/>
        <vehicle id="47" x="201.65" y="594.05" angle="180.00" type="DEFAULT_VEHTYPE" speed="12.77" pos="189.30" lane="1/2to1/3_0" slope="0.00"/>
        <vehicle id="49" x="401.65" y="686.89" angle="180.00" type="DEFAULT_VEHTYPE" speed="12.39" pos="82.14" lane="2/3to2/4_0" slope="0.00"/>
        <vehicle id="6" x="398.87" y="800.78" angle="-124.32" type="DEFAULT_VEHTYPE" speed="13.83" pos="3.88" lane=":2/4_0_0" slope="0.00"/>
    </timestep>
    <timestep time="131.00">
        <vehicle id="1" x="194.98" y="398.35" angle="90.00" type="DEFAULT_VEHTYPE" speed="2.23" pos="194.98" lane="0/2to1/2_0" slope="0.00"/>
        <vehicle id="11" x="398.35" y="337.47" angle="0.00" type="DEFAULT_VEHTYPE" speed="13.30" pos="57.78" lane="2/2to2/1_0" slope="0.00"/>
        <vehicle id="13" x="787.11" y="601.65" angle="-90.00" type="DEFAULT_VEHTYPE" speed="13.01" pos="12.89" lane="4/3to3/3_0" slope="0.00"/>
        <vehicle id="17" x="398.35" y="414.89" angle="0.00" type="DEFAULT_VEHTYPE" speed="13.33" pos="180.36" lane="2/3to2/2_0" slope="0.00"/>
        <vehicle id="2" x="601.65" y="277.48" angle="180.00" type="DEFAULT_VEHTYPE" speed="13.36" pos="72.73" lane="3/1to3/2_0" slope="0.00"/>
        <vehicle id="20" x="401.65" y="159.25" angle="180.00" type="DEFAULT_VEHTYPE" speed="12.84" pos="159.25" lane="2/0to2/1_0" slope="0.00"/>
        <vehicle id="21" x="401.65" y="723.08" angle="180.00" type="DEFAULT_VEHTYPE" speed="12.90" pos="118.33" lane="2/3to2/4_0" slope="0.00"/>
        <vehicle id="23" x="201.65" y="557.34" angle="180.00" type="DEFAULT_VEHTYPE" speed="12.86" pos="152.59" lane="1/2to1/3_0" slope="0.00"/>
        <vehicle id="25" x="118.94" y="198.35" angle="90.00" type="DEFAULT_VEHTYPE" speed="13.19" pos="118.94" lane="0/1to1/1_0" slope="0.00"/>
        <vehicle id="27" x="398.35" y="715.83" angle="0.00" type="DEFAULT_VEHTYPE" speed="13.34" pos="84.17" lane="2/4to2/3_0" slope="0.00"/>
        <vehicle id="29" x="401.65" y="32.17" angle="180.00" type="DEFAULT_VEHTYPE" speed="13.48" pos="32.17" lane="2/0to2/1_0" slope="0.00"/>
        <vehicle id="3" x="389.91" y="201.65" angle="-90.00" type="DEFAULT_VEHTYPE" speed="12.81" pos="5.34" lane="2/1to1/1_0" slope="0.00"/>
        <vehicle id="32" x="600.66" y="200.97" angle="120.74" type="DEFAULT_VEHTYPE" speed="7.01" pos="6.34" lane=":3/1_14_0" slope="0.00"/>
        <vehicle id="37" x="412.20" y="401.65" angle="-90.00" type="DEFAULT_VEHTYPE" speed="5.25" pos="183.05" lane="3/2to2/2_0" slope="0.00"/>
        <vehicle id="38" x="201.65" y="508.27" angle="180.00" type="DEFAULT_VEHTYPE" speed="13.07" pos="103.52" lane="1/2to1/3_0" slope="0.00"/>
        <vehicle id="4" x="563.21" y="401.65" angle="-90.00" type="DEFAULT_VEHTYPE" speed="13.04" pos="32.04" lane="3/2to2/2_0" slope="0.00"/>
        <vehicle id="40" x="12.75" y="398.35" angle="90.00" type="DEFAULT_VEHTYPE" speed="13.64" pos="12.75" lane="0/2to1/2_0" slope="0.00"/>
        <vehicle id="41" x="334.46" y="598.35" angle="90.00" type="DEFAULT_VEHTYPE" speed="12.75" pos="129.71" lane="1/3to2/3_0" slope="0.00"/>
        <vehicle id="42" x="32.27" y="198.35" angle="90.00" type="DEFAULT_VEHTYPE" speed="13.60" pos="32.27" lane="0/1to1/1_0" slope="0.00"/>
        <vehicle id="43" x="201.65" y="432.38" angle="180.00" type="DEFAULT_VEHTYPE" speed="13.75" pos="27.63" lane="1/2to1/3_0" slope="0.00"/>
        <vehicle id="44" x="595.11" y="401.65" angle="-107.13" type="DEFAULT_VEHTYPE" speed="8.66" pos="0.14" lane="3/2to2/2_0" slope="0.00"/>
        <vehicle id="46" x="252.27" y="401.65" angle="-90.00" type="DEFAULT_VEHTYPE" speed="12.71" pos="142.98" lane="2/2to1/2_0" slope="0.00"/>
        <vehicle id="47" x="211.62" y="598.35" angle="90.00" type="DEFAULT_VEHTYPE" speed="13.07" pos="6.87" lane="1/3to2/3_0" slope="0.00"/>
        <vehicle id="49" x="401.65" y="699.33" angle="180.00" type="DEFAULT_VEHTYPE" speed="12.44" pos="94.58" lane="2/3to2/4_0" slope="0.00"/>
        <vehicle id="6" x="398.35" y="788.18" angle="0.00" type="DEFAULT_VEHTYPE" speed="12.75" pos="11.82" lane="2/4to2/3_0" slope="0.00"/>
    </timestep>
    <timestep time="132.00">
        <vehicle id="1" x="198.54" y="399.05" angle="98.09" type="DEFAULT_VEHTYPE" speed="3.67" pos="3.40" lane=":1/2_14_0" slope="0.00"/>
        <vehicle id="11" x="398.35" y="323.63" angle="0.00" type="DEFAULT_VEHTYPE" speed="13.85" pos="71.62" lane="2/2to2/1_0" slope="0.00"/>
        <vehicle id="13" x="774.32" y="601.65" angle="-90.00" type="DEFAULT_VEHTYPE" speed="12.79" pos="25.68" lane="4/3to3/3_0" slope="0.00"/>
        <vehicle id="17" x="396.59" y="401.84" angle="-22.43" type="DEFAULT_VEHTYPE" speed="13.80" pos="3.65" lane=":2/2_0_0" slope="0.00"/>
        <vehicle id="2" x="601.65" y="291.37" angle="180.00" type="DEFAULT_VEHTYPE" speed="13.89" pos="86.62" lane="3/1to3/2_0" slope="0.00"/>
        <vehicle id="20" x="401.65" y="172.78" angle="180.00" type="DEFAULT_VEHTYPE" speed="13.53" pos="172.78" lane="2/0to2/1_0" slope="0.00"/>
        <vehicle id="21" x="401.65" y="736.07" angle="180.00" type="DEFAULT_VEHTYPE" speed="12.99" pos="131.32" lane="2/3to2/4_0" slope="0.00"/>
        <vehicle id="23" x="201.65" y="571.02" angle="180.00" type="DEFAULT_VEHTYPE" speed="13.68" pos="166.27" lane="1/2to1/3_0" slope="0.00"/>
        <vehicle id="25" x="132.81" y="198.35" angle="90.00" type="DEFAULT_VEHTYPE" speed="13.86" pos="132.81" lane="0/1to1/1_0" slope="0.00"/>
        <vehicle id="27" x="398.35" y="702.61" angle="0.00" type="DEFAULT_VEHTYPE" speed="13.22" pos="97.39" lane="2/4to2/3_0" slope="0.00"/>
        <vehicle id="29" x="401.65" y="45.16" angle="180.00" type="DEFAULT_VEHTYPE" speed="12.98" pos="45.16" lane="2/0to2/1_0" slope="0.00"/>
        <vehicle id="3" x="376.70" y="201.65" angle="-90.00" type="DEFAULT_VEHTYPE" speed="13.21" pos="18.55" lane="2/1to1/1_0" slope="0.00"/>
        <vehicle id="32" x="601.65" y="210.07" angle="180.00" type="DEFAULT_VEHTYPE" speed="9.29" pos="5.32" lane="3/1to3/2_0" slope="0.00"/>
        <vehicle id="37" x="409.41" y="401.65" angle="-90.00" type="DEFAULT_VEHTYPE" speed="2.80" pos="185.84" lane="3/2to2/2_0" slope="0.00"/>
        <vehicle id="38" x="201.65" y="521.31" angle="180.00" type="DEFAULT_VEHTYPE" speed="13.04" pos="116.56" lane="1/2to1/3_0" slope="0.00"/>
        <vehicle id="4" x="549.83" y="401.65" angle="-90.00" type="DEFAULT_VEHTYPE" speed="13.39" pos="45.42" lane="3/2to2/2_0" slope="0.00"/>
        <vehicle id="40" x="25.85" y="398.35" angle="90.00" type="DEFAULT_VEHTYPE" speed="13.11" pos="25.85" lane="0/2to1/2_0" slope="0.00"/>
        <vehicle id="41" x="347.55" y="598.35" angle="90.00" type="DEFAULT_VEHTYPE" speed="13.09" pos="142.80" lane="1/3to2/3_0" slope="0.00"/>
        <vehicle id="42" x="45.05" y="198.35" angle="90.00" type="DEFAULT_VEHTYPE" speed="12.78" pos="45.05" lane="0/1to1/1_0" slope="0.00"/>
        <vehicle id="43" x="201.65" y="445.95" angle="180.00" type="DEFAULT_VEHTYPE" speed="13.57" pos="41.20" lane="1/2to1/3_0" slope="0.00"/>
        <vehicle id="44" x="583.99" y="401.65" angle="-90.00" type="DEFAULT_VEHTYPE" speed="11.12" pos="11.26" lane="3/2to2/2_0" slope="0.00"/>
        <vehicle id="46" x="238.51" y="401.65" angle="-90.00" type="DEFAULT_VEHTYPE" speed="13.75" pos="156.74" lane="2/2to1/2_0" slope="0.00"/>
        <vehicle id="47" x="225.35" y="598.35" angle="90.00" type="DEFAULT_VEHTYPE" speed="13.73" pos="20.60" lane="1/3to2/3_0" slope="0.00"/>
        <vehicle id="49" x="401.65" y="712.06" angle="180.00" type="DEFAULT_VEHTYPE" speed="12.73" pos="107.31" lane="2/3to2/4_0" slope="0.00"/>
        <vehicle id="6" x="398.35" y="775.11" angle="0.00" type="DEFAULT_VEHTYPE" speed="13.08" pos="24.89" lane="2/4to2/3_0" slope="0.00"/>
    </timestep>
    <timestep time="133.00">
        <vehicle id="1" x="201.39" y="402.92" angle="144.02" type="DEFAULT_VEHTYPE" speed="5.07" pos="8.47" lane=":1/2_14_0" slope="0.00"/>
        <vehicle id="11" x="398.35" y="310.06" angle="0.00" type="DEFAULT_VEHTYPE" speed="13.57" pos="85.19" lane="2/2to2/1_0" slope="0.00"/>
        <vehicle id="13" x="761.11" y="601.65" angle="-90.00" type="DEFAULT_VEHTYPE" speed="13.21" pos="38.89" lane="4/3to3/3_0" slope="0.00"/>
        <vehicle id="17" x="383.98" y="401.65" angle="-90.00" type="DEFAULT_VEHTYPE" speed="12.62" pos="11.27" lane="2/2to1/2_0" slope="0.00"/>
        <vehicle id="2" x="601.65" y="304.54" angle="180.00" type="DEFAULT_VEHTYPE" speed="13.17" pos="99.79" lane="3/1to3/2_0" slope="0.00"/>
        <vehicle id="20" x="401.65" y="185.72" angle="180.00" type="DEFAULT_VEHTYPE" speed="12.94" pos="185.72" lane="2/0to2/1_0" slope="0.00"/>
        <vehicle id="21" x="401.65" y="748.75" angle="180.00" type="DEFAULT_VEHTYPE" speed="12.68" pos="144.00" lane="2/3to2/4_0" slope="0.00"/>
        <vehicle id="23" x="201.65" y="584.08" angle="180.00" type="DEFAULT_VEHTYPE" speed="13.06" pos="179.33" lane="1/2to1/3_0" slope="0.00"/>
        <vehicle id="25" x="145.57" y="198.35" angle="90.00" type="DEFAULT_VEHTYPE" speed="12.76" pos="145.57" lane="0/1to1/1_0" slope="0.00"/>
        <vehicle id="27" x="398.35" y="689.59" angle="0.00" type="DEFAULT_VEHTYPE" speed="13.03" pos="110.41" lane="2/4to2/3_0" slope="0.00"/>
        <vehicle id="29" x="401.65" y="57.96" angle="180.00" type="DEFAULT_VEHTYPE" speed="12.80" pos="57.96" lane="2/0to2/1_0" slope="0.00"/>
        <vehicle id="3" x="362.84" y="201.65" angle="-90.00" type="DEFAULT_VEHTYPE" speed="13.85" pos="32.41" lane="2/1to1/1_0" slope="0.00"/>
        <vehicle id="32" x="601.65" y="221.48" angle="180.00" type="DEFAULT_VEHTYPE" speed="11.42" pos="16.73" lane="3/1to3/2_0" slope="0.00"/>
        <vehicle id="37" x="404.58" y="401.63" angle="-89.72" type="DEFAULT_VEHTYPE" speed="4.83" pos="0.17" lane=":2/2_6_0" slope="0.00"/>
        <vehicle id="38" x="201.65" y="535.20" angle="180.00" type="DEFAULT_VEHTYPE" speed="13.89" pos="130.45" lane="1/2to1/3_0" slope="0.00"/>
        <vehicle id="4" x="536.51" y="401.65" angle="-90.00" type="DEFAULT_VEHTYPE" speed="13.31" pos="58.74" lane="3/2to2/2_0" slope="0.00"/>
        <vehicle id="40" x="39.65" y="398.35" angle="90.00" type="DEFAULT_VEHTYPE" speed="13.80" pos="39.65" lane="0/2to1/2_0" slope="0.00"/>
        <vehicle id="41" x="361.22" y="598.35" angle="90.00" type="DEFAULT_VEHTYPE" speed="13.68" pos="156.47" lane="1/3to2/3_0" slope="0.00"/>
        <vehicle id="42" x="58.44" y="198.35" angle="90.00" type="DEFAULT_VEHTYPE" speed="13.39" pos="58.44" lane="0/1to1/1_0" slope="0.00"/>
        <vehicle id="43" x="201.65" y="458.64" angle="180.00" type="DEFAULT_VEHTYPE" speed="12.69" pos="53.89" lane="1/2to1/3_0" slope="0.00"/>
        <vehicle id="44" x="570.33" y="401.65" angle="-90.00" type="DEFAULT_VEHTYPE" speed="13.66" pos="24.92" lane="3/2to2/2_0" slope="0.00"/>
        <vehicle id="46" x="226.88" y="401.65" angle="-90.00" type="DEFAULT_VEHTYPE" speed="11.63" pos="168.37" lane="2/2to1/2_0" slope="0.00"/>
        <vehicle id="47" x="239.03" y="598.35" angle="90.00" type="DEFAULT_VEHTYPE" speed="13.68" pos="34.28" lane="1/3to2/3_0" slope="0.00"/>
        <vehicle id="49" x="401.65" y="725.87" angle="180.00" type="DEFAULT_VEHTYPE" speed="13.81" pos="121.12" lane="2/3to2/4_0" slope="0.00"/>
        <vehicle id="6" x="398.35" y="762.12" angle="0.00" type="DEFAULT_VEHTYPE" speed="12.99" pos="37.88" lane="2/4to2/3_0" slope="0.00"/>
    </timestep>
    <timestep time="134.00">
        <vehicle id="1" x="201.65" y="410.07" angle="180.00" type="DEFAULT_VEHTYPE" speed="7.17" pos="5.32" lane="1/2to1/3_0" slope="0.00"/>
        <vehicle id="11" x="398.35" y="296.46" angle="0.00" type="DEFAULT_VEHTYPE" speed="13.60" pos="98.79" lane="2/2to2/1_0" slope="0.00"/>
        <vehicle id="13" x="748.37" y="601.65" angle="-90.00" type="DEFAULT_VEHTYPE" speed="12.75" pos="51.63" lane="4/3to3/3_0" slope="0.00"/>
        <vehicle id="17" x="370.29" y="401.65" angle="-90.00" type="DEFAULT_VEHTYPE" speed="13.68" pos="24.96" lane="2/2to1/2_0" slope="0.00"/>
        <vehicle id="2" x="601.65" y="317.61" angle="180.00" type="DEFAULT_VEHTYPE" speed="13.08" pos="112.86" lane="3/1to3/2_0" slope="0.00"/>
        <vehicle id="21" x="401.65" y="761.44" angle="180.00" type="DEFAULT_VEHTYPE" speed="12.70" pos="156.69" lane="2/3to2/4_0" slope="0.00"/>
        <vehicle id="23" x="202.46" y="597.60" angle="170.47" type="DEFAULT_VEHTYPE" speed="13.71" pos="2.54" lane=":1/3_8_0" slope="0.00"/>
        <vehicle id="25" x="158.90" y="198.35" angle="90.00" type="DEFAULT_VEHTYPE" speed="13.33" pos="158.90" lane="0/1to1/1_0" slope="0.00"/>
        <vehicle id="27" x="398.35" y="676.65" angle="0.00" type="DEFAULT_VEHTYPE" speed="12.93" pos="123.35" lane="2/4to2/3_0" slope="0.00"/>
        <vehicle id="29" x="401.65" y="71.83" angle="180.00" type="DEFAULT_VEHTYPE" speed="13.87" pos="71.83" lane="2/0to2/1_0" slope="0.00"/>
        <vehicle id="3" x="350.20" y="201.65" angle="-90.00" type="DEFAULT_VEHTYPE" speed="12.64" pos="45.05" lane="2/1to1/1_0" slope="0.00"/>
        <vehicle id="32" x="601.65" y="234.31" angle="180.00" type="DEFAULT_VEHTYPE" speed="12.83" pos="29.56" lane="3/1to3/2_0" slope="0.00"/>
        <vehicle id="37" x="398.74" y="398.00" angle="-46.69" type="DEFAULT_VEHTYPE" speed="7.37" pos="7.54" lane=":2/2_6_0" slope="0.00"/>
        <vehicle id="38" x="201.65" y="548.42" angle="180.00" type="DEFAULT_VEHTYPE" speed="13.21" pos="143.67" lane="1/2to1/3_0" slope="0.00"/>
        <vehicle id="4" x="522.65" y="401.65" angle="-90.00" type="DEFAULT_VEHTYPE" speed="13.87" pos="72.60" lane="3/2to2/2_0" slope="0.00"/>
        <vehicle id="40" x="53.52" y="398.35" angle="90.00" type="DEFAULT_VEHTYPE" speed="13.87" pos="53.52" lane="0/2to1/2_0" slope="0.00"/>
        <vehicle id="41" x="373.62" y="598.35" angle="90.00" type="DEFAULT_VEHTYPE" speed="12.40" pos="168.87" lane="1/3to2/3_0" slope="0.00"/>
        <vehicle id="42" x="72.01" y="198.35" angle="90.00" type="DEFAULT_VEHTYPE" speed="13.57" pos="72.01" lane="0/1to1/1_0" slope="0.00"/>
        <vehicle id="43" x="201.65" y="472.02" angle="180.00" type="DEFAULT_VEHTYPE" speed="13.38" pos="67.27" lane="1/2to1/3_0" slope="0.00"/>
        <vehicle id="44" x="556.72" y="401.65" angle="-90.00" type="DEFAULT_VEHTYPE" speed="13.60" pos="38.53" lane="3/2to2/2_0" slope="0.00"/>
        <vehicle id="46" x="218.38" y="401.65" angle="-90.00" type="DEFAULT_VEHTYPE" speed="8.50" pos="176.87" lane="2/2to1/2_0" slope="0.00"/>
        <vehicle id="47" x="251.98" y="598.35" angle="90.00" type="DEFAULT_VEHTYPE" speed="12.95" pos="47.23" lane="1/3to2/3_0" slope="0.00"/>
        <vehicle id="49" x="401.65" y="738.00" angle="180.00" type="DEFAULT_VEHTYPE" speed="12.13" pos="133.25" lane="2/3to2/4_0" slope="0.00"/>
        <vehicle id="6" x="398.35" y="748.49" angle="0.00" type="DEFAULT_VEHTYPE" speed="13.63" pos="51.51" lane="2/4to2/3_0" slope="0.00"/>
    </timestep>
    <timestep time="135.00">
        <vehicle id="1" x="201.65" y="419.49" angle="180.00" type="DEFAULT_VEHTYPE" speed="9.43" pos="14.74" lane="1/2to1/3_0" slope="0.00"/>
        <vehicle id="11" x="398.35" y="283.10" angle="0.00" type="DEFAULT_VEHTYPE" speed="13.36" pos="112.15" lane="2/2to2/1_0" slope="0.00"/>
        <vehicle id="13" x="735.55" y="601.65" angle="-90.00" type="DEFAULT_VEHTYPE" speed="12.82" pos="64.45" lane="4/3to3/3_0" slope="0.00"/>
        <vehicle id="17" x="357.11" y="401.65" angle="-90.00" type="DEFAULT_VEHTYPE" speed="13.19" pos="38.14" lane="2/2to1/2_0" slope="0.00"/>
        <vehicle id="2" x="601.65" y="330.40" angle="180.00" type="DEFAULT_VEHTYPE" speed="12.79" pos="125.65" lane="3/1to3/2_0" slope="0.00"/>
        <vehicle id="21" x="401.65" y="774.78" angle="180.00" type="DEFAULT_VEHTYPE" speed="13.34" pos="170.03" lane="2/3to2/4_0" slope="0.00"/>
        <vehicle id="23" x="215.19" y="598.35" angle="90.00" type="DEFAULT_VEHTYPE" speed="12.90" pos="10.44" lane="1/3to2/3_0" slope="0.00"/>
        <vehicle id="25" x="172.14" y="198.35" angle="90.00" type="DEFAULT_VEHTYPE" speed="13.24" pos="172.14" lane="0/1to1/1_0" slope="0.00"/>
        <vehicle id="27" x="398.35" y="663.94" angle="0.00" type="DEFAULT_VEHTYPE" speed="12.72" pos="136.06" lane="2/4to2/3_0" slope="0.00"/>
        <vehicle id="29" x="401.65" y="84.85" angle="180.00" type="DEFAULT_VEHTYPE" speed="13.02" pos="84.85" lane="2/0to2/1_0" slope="0.00"/>
        <vehicle id="3" x="337.12" y="201.65" angle="-90.00" type="DEFAULT_VEHTYPE" speed="13.08" pos="58.13" lane="2/1to1/1_0" slope="0.00"/>
        <vehicle id="32" x="601.65" y="247.49" angle="180.00" type="DEFAULT_VEHTYPE" speed="13.18" pos="42.74" lane="3/1to3/2_0" slope="0.00"/>
        <vehicle id="37" x="398.35" y="389.01" angle="0.00" type="DEFAULT_VEHTYPE" speed="9.02" pos="6.24" lane="2/2to2/1_0" slope="0.00"/>
        <vehicle id="38" x="201.65" y="561.07" angle="180.00" type="DEFAULT_VEHTYPE" speed="12.66" pos="156.32" lane="1/2to1/3_0" slope="0.00"/>
        <vehicle id="4" x="509.25" y="401.65" angle="-90.00" type="DEFAULT_VEHTYPE" speed="13.39" pos="86.00" lane="3/2to2/2_0" slope="0.00"/>
        <vehicle id="40" x="66.79" y="398.35" angle="90.00" type="DEFAULT_VEHTYPE" speed="13.26" pos="66.79" lane="0/2to1/2_0" slope="0.00"/>
        <vehicle id="41" x="382.87" y="598.35" angle="90.00" type="DEFAULT_VEHTYPE" speed="9.25" pos="178.12" lane="1/3to2/3_0" slope="0.00"/>
        <vehicle id="42" x="85.24" y="198.35" angle="90.00" type="DEFAULT_VEHTYPE" speed="13.23" pos="85.24" lane="0/1to1/1_0" slope="0.00"/>
        <vehicle id="43" x="201.65" y="485.51" angle="180.00" type="DEFAULT_VEHTYPE" speed="13.48" pos="80.76" lane="1/2to1/3_0" slope="0.00"/>
        <vehicle id="44" x="543.15" y="401.65" angle="-90.00" type="DEFAULT_VEHTYPE" speed="13.58" pos="52.10" lane="3/2to2/2_0" slope="0.00"/>
        <vehicle id="46" x="212.22" y="401.65" angle="-90.00" type="DEFAULT_VEHTYPE" speed="6.16" pos="183.03" lane="2/2to1/2_0" slope="0.00"/>
        <vehicle id="47" x="264.59" y="598.35" angle="90.00" type="DEFAULT_VEHTYPE" speed="12.61" pos="59.84" lane="1/3to2/3_0" slope="0.00"/>
        <vehicle id="49" x="401.65" y="750.82" angle="180.00" type="DEFAULT_VEHTYPE" speed="12.82" pos="146.07" lane="2/3to2/4_0" slope="0.00"/>
        <vehicle id="6" x="398.35" y="735.68" angle="0.00" type="DEFAULT_VEHTYPE" speed="12.81" pos="64.32" lane="2/4to2/3_0" slope="0.00"/>
    </timestep>
    <timestep time="136.00">
        <vehicle id="1" x="201.65" y="430.70" angle="180.00" type="DEFAULT_VEHTYPE" speed="11.21" pos="25.95" lane="1/2to1/3_0" slope="0.00"/>
        <vehicle id="11" x="398.35" y="269.82" angle="0.00" type="DEFAULT_VEHTYPE" speed="13.28" pos="125.43" lane="2/2to2/1_0" slope="0.00"/>
        <vehicle id="13" x="721.69" y="601.65" angle="-90.00" type="DEFAULT_VEHTYPE" speed="13.86" pos="78.31" lane="4/3to3/3_0" slope="0.00"/>
        <vehicle id="17" x="343.58" y="401.65" angle="-90.00" type="DEFAULT_VEHTYPE" speed="13.53" pos="51.67" lane="2/2to1/2_0" slope="0.00"/>
        <vehicle id="2" x="601.65" y="344.16" angle="180.00" type="DEFAULT_VEHTYPE" speed="13.76" pos="139.41" lane="3/1to3/2_0" slope="0.00"/>
        <vehicle id="21" x="401.65" y="788.56" angle="180.00" type="DEFAULT_VEHTYPE" speed="13.77" pos="183.81" lane="2/3to2/4_0" slope="0.00"/>
        <vehicle id="23" x="228.99" y="598.35" angle="90.00" type="DEFAULT_VEHTYPE" speed="13.81" pos="24.24" lane="1/3to2/3_0" slope="0.00"/>
        <vehicle id="25" x="181.14" y="198.35" angle="90.00" type="DEFAULT_VEHTYPE" speed="9.00" pos="181.14" lane="0/1to1/1_0" slope="0.00"/>
        <vehicle id="27" x="398.35" y="650.36" angle="0.00" type="DEFAULT_VEHTYPE" speed="13.58" pos="149.64" lane="2/4to2/3_0" slope="0.00"/>
        <vehicle id="29" x="401.65" y="98.13" angle="180.00" type="DEFAULT_VEHTYPE" speed="13.28" pos="98.13" lane="2/0to2/1_0" slope="0.00"/>
        <vehicle id="3" x="323.56" y="201.65" angle="-90.00" type="DEFAULT_VEHTYPE" speed="13.56" pos="71.69" lane="2/1to1/1_0" slope="0.00"/>
        <vehicle id="32" x="601.65" y="260.38" angle="180.00" type="DEFAULT_VEHTYPE" speed="12.89" pos="55.63" lane="3/1to3/2_0" slope="0.00"/>
        <vehicle id="37" x="398.35" y="378.48" angle="0.00" type="DEFAULT_VEHTYPE" speed="10.53" pos="16.77" lane="2/2to2/1_0" slope="0.00"/>
        <vehicle id="38" x="201.65" y="574.10" angle="180.00" type="DEFAULT_VEHTYPE" speed="13.03" pos="169.35" lane="1/2to1/3_0" slope="0.00"/>
        <vehicle id="4" x="495.68" y="401.65" angle="-90.00" type="DEFAULT_VEHTYPE" speed="13.57" pos="99.57" lane="3/2to2/2_0" slope="0.00"/>
        <vehicle id="40" x="79.73" y="398.35" angle="90.00" type="DEFAULT_VEHTYPE" speed="12.94" pos="79.73" lane="0/2to1/2_0" slope="0.00"/>
        <vehicle id="41" x="388.21" y="598.35" angle="90.00" type="DEFAULT_VEHTYPE" speed="5.34" pos="183.46" lane="1/3to2/3_0" slope="0.00"/>
        <vehicle id="42" x="98.59" y="198.35" angle="90.00" type="DEFAULT_VEHTYPE" speed="13.35" pos="98.59" lane="0/1to1/1_0" slope="0.00"/>
        <vehicle id="43" x="201.65" y="499.12" angle="180.00" type="DEFAULT_VEHTYPE" speed="13.61" pos="94.37" lane="1/2to1/3_0" slope="0.00"/>
        <vehicle id="44" x="530.20" y="401.65" angle="-90.00" type="DEFAULT_VEHTYPE" speed="12.95" pos="65.05" lane="3/2to2/2_0" slope="0.00"/>
        <vehicle id="46" x="209.03" y="401.65" angle="-90.00" type="DEFAULT_VEHTYPE" speed="3.19" pos="186.22" lane="2/2to1/2_0" slope="0.00"/>
        <vehicle id="47" x="277.34" y="598.35" angle="90.00" type="DEFAULT_VEHTYPE" speed="12.75" pos="72.59" lane="1/3to2/3_0" slope="0.00"/>
        <vehicle id="49" x="401.65" y="764.00" angle="180.00" type="DEFAULT_VEHTYPE" speed="13.18" pos="159.25" lane="2/3to2/4_0" slope="0.00"/>
        <vehicle id="6" x="398.35" y="721.92" angle="0.00" type="DEFAULT_VEHTYPE" speed="13.76" pos="78.08" lane="2/4to2/3_0" slope="0.00"/>
    </timestep>
    <timestep time="137.00">
        <vehicle id="1" x="201.65" y="443.51" angle="180.00" type="DEFAULT_VEHTYPE" speed="12.81" pos="38.76" lane="1/2to1/3_0" slope="0.00"/>
        <vehicle id="11" x="398.35" y="256.00" angle="0.00" type="DEFAULT_VEHTYPE" speed="13.82" pos="139.25" lane="2/2to2/1_0" slope="0.00"/>
        <vehicle id="13" x="708.50" y="601.65" angle="-90.00" type="DEFAULT_VEHTYPE" speed="13.18" pos="91.50" lane="4/3to3/3_0" slope="0.00"/>
        <vehicle id="17" x="330.61" y="401.65" angle="-90.00" type="DEFAULT_VEHTYPE" speed="12.97" pos="64.64" lane="2/2to1/2_0" slope="0.00"/>
        <vehicle id="2" x="601.65" y="357.35" angle="180.00" type="DEFAULT_VEHTYPE" speed="13.19" pos="152.60" lane="3/1to3/2_0" slope="0.00"/>
        <vehicle id="21" x="400.39" y="801.46" angle="-164.36" type="DEFAULT_VEHTYPE" speed="13.42" pos="1.97" lane=":2/4_0_0" slope="0.00"/>
        <vehicle id="23" x="242.40" y="598.35" angle="90.00" type="DEFAULT_VEHTYPE" speed="13.41" pos="37.65" lane="1/3to2/3_0" slope="0.00"/>
        <vehicle id="25" x="186.61" y="198.35" angle="90.00" type="DEFAULT_VEHTYPE" speed="5.48" pos="186.61" lane="0/1to1/1_0" slope="0.00"/>
        <vehicle id="27" x="398.35" y="637.50" angle="0.00" type="DEFAULT_VEHTYPE" speed="12.86" pos="162.50" lane="2/4to2/3_0" slope="0.00"/>
        <vehicle id="29" x="401.65" y="111.01" angle="180.00" type="DEFAULT_VEHTYPE" speed="12.88" pos="111.01" lane="2/0to2/1_0" slope="0.00"/>
        <vehicle id="3" x="310.79" y="201.65" angle="-90.00" type="DEFAULT_VEHTYPE" speed="12.77" pos="84.46" lane="2/1to1/1_0" slope="0.00"/>
        <vehicle id="32" x="601.65" y="273.70" angle="180.00" type="DEFAULT_VEHTYPE" speed="13.31" pos="68.95" lane="3/1to3/2_0" slope="0.00"/>
        <vehicle id="37" x="398.35" y="365.49" angle="0.00" type="DEFAULT_VEHTYPE" speed="12.98" pos="29.76" lane="2/2to2/1_0" slope="0.00"/>
        <vehicle id="38" x="201.65" y="587.75" angle="180.00" type="DEFAULT_VEHTYPE" speed="13.65" pos="183.00" lane="1/2to1/3_0" slope="0.00"/>
        <vehicle id="4" x="483.03" y="401.65" angle="-90.00" type="DEFAULT_VEHTYPE" speed="12.65" pos="112.22" lane="3/2to2/2_0" slope="0.00"/>
        <vehicle id="40" x="93.28" y="398.35" angle="90.00" type="DEFAULT_VEHTYPE" speed="13.55" pos="93.28" lane="0/2to1/2_0" slope="0.00"/>
        <vehicle id="41" x="390.87" y="598.35" angle="90.00" type="DEFAULT_VEHTYPE" speed="2.66" pos="186.12" lane="1/3to2/3_0" slope="0.00"/>
        <vehicle id="42" x="112.00" y="198.35" angle="90.00" type="DEFAULT_VEHTYPE" speed="13.41" pos="112.00" lane="0/1to1/1_0" slope="0.00"/>
        <vehicle id="43" x="201.65" y="512.94" angle="180.00" type="DEFAULT_VEHTYPE" speed="13.82" pos="108.19" lane="1/2to1/3_0" slope="0.00"/>
        <vehicle id="44" x="516.30" y="401.65" angle="-90.00" type="DEFAULT_VEHTYPE" speed="13.90" pos="78.95" lane="3/2to2/2_0" slope="0.00"/>
        <vehicle id="46" x="204.38" y="401.65" angle="-90.00" type="DEFAULT_VEHTYPE" speed="4.65" pos="0.37" lane=":1/2_5_0" slope="0.00"/>
        <vehicle id="47" x="289.99" y="598.35" angle="90.00" type="DEFAULT_VEHTYPE" speed="12.65" pos="85.24" lane="1/3to2/3_0" slope="0.00"/>
        <vehicle id="49" x="401.65" y="777.24" angle="180.00" type="DEFAULT_VEHTYPE" speed="13.24" pos="172.49" lane="2/3to2/4_0" slope="0.00"/>
        <vehicle id="6" x="398.35" y="708.35" angle="0.00" type="DEFAULT_VEHTYPE" speed="13.57" pos="91.65" lane="2/4to2/3_0" slope="0.00"/>
    </timestep>
    <timestep time="138.00">
        <vehicle id="1" x="201.65" y="456.53" angle="180.00" type="DEFAULT_VEHTYPE" speed="13.02" pos="51.78" lane="1/2to1/3_0" slope="0.00"/>
        <vehicle id="11" x="398.35" y="242.12" angle="0.00" type="DEFAULT_VEHTYPE" speed="13.88" pos="153.13" lane="2/2to2/1_0" slope="0.00"/>
        <vehicle id="13" x="695.50" y="601.65" angle="-90.00" type="DEFAULT_VEHTYPE" speed="13.00" pos="104.50" lane="4/3to3/3_0" slope="0.00"/>
        <vehicle id="17" x="316.99" y="401.65" angle="-90.00" type="DEFAULT_VEHTYPE" speed="13.61" pos="78.26" lane="2/2to1/2_0" slope="0.00"/>
        <vehicle id="2" x="601.65" y="370.30" angle="180.00" type="DEFAULT_VEHTYPE" speed="12.96" pos="165.55" lane="3/1to3/2_0" slope="0.00"/>
        <vehicle id="21" x="398.35" y="789.14" angle="0.00" type="DEFAULT_VEHTYPE" speed="13.71" pos="10.86" lane="2/4to2/3_0" slope="0.00"/>
        <vehicle id="23" x="255.02" y="598.35" angle="90.00" type="DEFAULT_VEHTYPE" speed="12.62" pos="50.27" lane="1/3to2/3_0" slope="0.00"/>
        <vehicle id="25" x="190.44" y="198.35" angle="90.00" type="DEFAULT_VEHTYPE" speed="3.82" pos="190.44" lane="0/1to1/1_0" slope="0.00"/>
        <vehicle id="27" x="398.35" y="624.03" angle="0.00" type="DEFAULT_VEHTYPE" speed="13.47" pos="175.97" lane="2/4to2/3_0" slope="0.00"/>
        <vehicle id="29" x="401.65" y="123.98" angle="180.00" type="DEFAULT_VEHTYPE" speed="12.96" pos="123.98" lane="2/0to2/1_0" slope="0.00"/>
        <vehicle id="3" x="296.92" y="201.65" angle="-90.00" type="DEFAULT_VEHTYPE" speed="13.87" pos="98.33" lane="2/1to1/1_0" slope="0.00"/>
        <vehicle id="32" x="601.65" y="287.51" angle="180.00" type="DEFAULT_VEHTYPE" speed="13.82" pos="82.76" lane="3/1to3/2_0" slope="0.00"/>
        <vehicle id="37" x="398.35" y="351.68" angle="0.00" type="DEFAULT_VEHTYPE" speed="13.81" pos="43.57" lane="2/2to2/1_0" slope="0.00"/>
        <vehicle id="38" x="205.06" y="598.35" angle="129.68" type="DEFAULT_VEHTYPE" speed="12.81" pos="0.31" lane="1/3to2/3_0" slope="0.00"/>
        <vehicle id="4" x="469.57" y="401.65" angle="-90.00" type="DEFAULT_VEHTYPE" speed="13.47" pos="125.68" lane="3/2to2/2_0" slope="0.00"/>
        <vehicle id="40" x="106.55" y="398.35" angle="90.00" type="DEFAULT_VEHTYPE" speed="13.26" pos="106.55" lane="0/2to1/2_0" slope="0.00"/>
        <vehicle id="41" x="392.18" y="598.35" angle="90.00" type="DEFAULT_VEHTYPE" speed="1.32" pos="187.43" lane="1/3to2/3_0" slope="0.00"/>
        <vehicle id="42" x="124.62" y="198.35" angle="90.00" type="DEFAULT_VEHTYPE" speed="12.62" pos="124.62" lane="0/1to1/1_0" slope="0.00"/>
        <vehicle id="43" x="201.65" y="526.05" angle="180.00" type="DEFAULT_VEHTYPE" speed="13.12" pos="121.30" lane="1/2to1/3_0" slope="0.00"/>
        <vehicle id="44" x="503.25" y="401.65" angle="-90.00" type="DEFAULT_VEHTYPE" speed="13.05" pos="92.00" lane="3/2to2/2_0" slope="0.00"/>
        <vehicle id="46" x="197.20" y="401.65" angle="-90.00" type="DEFAULT_VEHTYPE" speed="7.18" pos="7.55" lane=":1/2_5_0" slope="0.00"/>
        <vehicle id="47" x="303.01" y="598.35" angle="90.00" type="DEFAULT_VEHTYPE" speed="13.02" pos="98.26" lane="1/3to2/3_0" slope="0.00"/>
        <vehicle id="49" x="401.65" y="790.85" angle="180.00" type="DEFAULT_VEHTYPE" speed="13.61" pos="186.10" lane="2/3to2/4_0" slope="0.00"/>
        <vehicle id="6" x="398.35" y="695.74" angle="0.00" type="DEFAULT_VEHTYPE" speed="12.61" pos="104.26" lane="2/4to2/3_0" slope="0.00"/>
    </timestep>
    <timestep time="139.00">
        <vehicle id="1" x="201.65" y="469.63" angle="180.00" type="DEFAULT_VEHTYPE" speed="13.10" pos="64.88" lane="1/2to1/3_0" slope="0.00"/>
        <vehicle id="11" x="398.35" y="228.95" angle="0.00" type="DEFAULT_VEHTYPE" speed="13.17" pos="166.30" lane="2/2to2/1_0" slope="0.00"/>
        <vehicle id="13" x="682.26" y="601.65" angle="-90.00" type="DEFAULT_VEHTYPE" speed="13.24" pos="117.74" lane="4/3to3/3_0" slope="0.00"/>
        <vehicle id="17" x="304.22" y="401.65" angle="-90.00" type="DEFAULT_VEHTYPE" speed="12.77" pos="91.03" lane="2/2to1/2_0" slope="0.00"/>
        <vehicle id="2" x="601.65" y="380.36" angle="180.00" type="DEFAULT_VEHTYPE" speed="10.06" pos="175.61" lane="3/1to3/2_0" slope="0.00"/>
        <vehicle id="21" x="398.35" y="775.57" angle="0.00" type="DEFAULT_VEHTYPE" speed="13.57" pos="24.43" lane="2/4to2/3_0" slope="0.00"/>
        <vehicle id="23" x="267.71" y="598.35" angle="90.00" type="DEFAULT_VEHTYPE" speed="12.69" pos="62.96" lane="1/3to2/3_0" slope="0.00"/>
        <vehicle id="25" x="196.17" y="198.22" angle="88.52" type="DEFAULT_VEHTYPE" speed="5.75" pos="0.93" lane=":1/1_12_0" slope="0.00"/>
        <vehicle id="27" x="398.35" y="610.85" angle="0.00" type="DEFAULT_VEHTYPE" speed="13.18" pos="189.15" lane="2/4to2/3_0" slope="0.00"/>
        <vehicle id="29" x="401.65" y="137.69" angle="180.00" type="DEFAULT_VEHTYPE" speed="13.71" pos="137.69" lane="2/0to2/1_0" slope="0.00"/>
        <vehicle id="3" x="283.08" y="201.65" angle="-90.00" type="DEFAULT_VEHTYPE" speed="13.84" pos="112.17" lane="2/1to1/1_0" slope="0.00"/>
        <vehicle id="32" x="601.65" y="300.14" angle="180.00" type="DEFAULT_VEHTYPE" speed="12.63" pos="95.39" lane="3/1to3/2_0" slope="0.00"/>
        <vehicle id="37" x="398.35" y="338.51" angle="0.00" type="DEFAULT_VEHTYPE" speed="13.17" pos="56.74" lane="2/2to2/1_0" slope="0.00"/>
        <vehicle id="38" x="218.31" y="598.35" angle="90.00" type="DEFAULT_VEHTYPE" speed="13.25" pos="13.56" lane="1/3to2/3_0" slope="0.00"/>
        <vehicle id="4" x="456.48" y="401.65" angle="-90.00" type="DEFAULT_VEHTYPE" speed="13.09" pos="138.77" lane="3/2to2/2_0" slope="0.00"/>
        <vehicle id="40" x="119.27" y="398.35" angle="90.00" type="DEFAULT_VEHTYPE" speed="12.72" pos="119.27" lane="0/2to1/2_0" slope="0.00"/>
        <vehicle id="41" x="392.49" y="598.35" angle="90.00" type="DEFAULT_VEHTYPE" speed="0.30" pos="187.74" lane="1/3to2/3_0" slope="0.00"/>
        <vehicle id="42" x="137.98" y="198.35" angle="90.00" type="DEFAULT_VEHTYPE" speed="13.36" pos="137.98" lane="0/1to1/1_0" slope="0.00"/>
        <vehicle id="43" x="201.65" y="539.57" angle="180.00" type="DEFAULT_VEHTYPE" speed="13.52" pos="134.82" lane="1/2to1/3_0" slope="0.00"/>
        <vehicle id="44" x="490.36" y="401.65" angle="-90.00" type="DEFAULT_VEHTYPE" speed="12.89" pos="104.89" lane="3/2to2/2_0" slope="0.00"/>
        <vehicle id="46" x="188.42" y="401.65" angle="-90.00" type="DEFAULT_VEHTYPE" speed="8.78" pos="6.83" lane="1/2to0/2_0" slope="0.00"/>
        <vehicle id="47" x="315.91" y="598.35" angle="90.00" type="DEFAULT_VEHTYPE" speed="12.90" pos="111.16" lane="1/3to2/3_0" slope="0.00"/>
        <vehicle id="49" x="398.49" y="800.22" angle="-101.74" type="DEFAULT_VEHTYPE" speed="13.71" pos="4.56" lane=":2/4_0_0" slope="0.00"/>
        <vehicle id="6" x="398.35" y="682.06" angle="0.00" type="DEFAULT_VEHTYPE" speed="13.68" pos="117.94" lane="2/4to2/3_0" slope="0.00"/>
    </timestep>
    <timestep time="140.00">
        <vehicle id="1" x="201.65" y="483.26" angle="180.00" type="DEFAULT_VEHTYPE" speed="13.63" pos="78.51" lane="1/2to1/3_0" slope="0.00"/>
        <vehicle id="11" x="398.35" y="216.07" angle="0.00" type="DEFAULT_VEHTYPE" speed="12.88" pos="179.18" lane="2/2to2/1_0" slope="0.00"/>
        <vehicle id="13" x="669.47" y="601.65" angle="-90.00" type="DEFAULT_VEHTYPE" speed="12.79" pos="130.53" lane="4/3to3/3_0" slope="0.00"/>
        <vehicle id="17" x="291.26" y="401.65" angle="-90.00" type="DEFAULT_VEHTYPE" speed="12.96" pos="103.99" lane="2/2to1/2_0" slope="0.00"/>
        <vehicle id="2" x="601.65" y="386.76" angle="180.00" type="DEFAULT_VEHTYPE" speed="6.40" pos="182.01" lane="3/1to3/2_0" slope="0.00"/>
        <vehicle id="21" x="398.35" y="762.34" angle="0.00" type="DEFAULT_VEHTYPE" speed="13.22" pos="37.66" lane="2/4to2/3_0" slope="0.00"/>
        <vehicle id="23" x="281.32" y="598.35" angle="90.00" type="DEFAULT_VEHTYPE" speed="13.61" pos="76.57" lane="1/3to2/3_0" slope="0.00"/>
        <vehicle id="25" x="198.35" y="191.99" angle="4.41" type="DEFAULT_VEHTYPE" speed="7.33" pos="3.26" lane="1/1to1/0_0" slope="0.00"/>
        <vehicle id="27" x="398.35" y="597.73" angle="0.00" type="DEFAULT_VEHTYPE" speed="13.11" pos="7.02" lane=":2/3_1_0" slope="0.00"/>
        <vehicle id="29" x="401.65" y="151.43" angle="180.00" type="DEFAULT_VEHTYPE" speed="13.74" pos="151.43" lane="2/0to2/1_0" slope="0.00"/>
        <vehicle id="3" x="270.13" y="201.65" angle="-90.00" type="DEFAULT_VEHTYPE" speed="12.96" pos="125.12" lane="2/1to1/1_0" slope="0.00"/>
        <vehicle id="32" x="601.65" y="313.30" angle="180.00" type="DEFAULT_VEHTYPE" speed="13.16" pos="108.55" lane="3/1to3/2_0" slope="0.00"/>
        <vehicle id="37" x="398.35" y="324.90" angle="0.00" type="DEFAULT_VEHTYPE" speed="13.61" pos="70.35" lane="2/2to2/1_0" slope="0.00"/>
        <vehicle id="38" x="230.98" y="598.35" angle="90.00" type="DEFAULT_VEHTYPE" speed="12.66" pos="26.23" lane="1/3to2/3_0" slope="0.00"/>
        <vehicle id="4" x="443.12" y="401.65" angle="-90.00" type="DEFAULT_VEHTYPE" speed="13.36" pos="152.13" lane="3/2to2/2_0" slope="0.00"/>
        <vehicle id="40" x="133.02" y="398.35" angle="90.00" type="DEFAULT_VEHTYPE" speed="13.75" pos="133.02" lane="0/2to1/2_0" slope="0.00"/>
        <vehicle id="41" x="392.70" y="598.35" angle="90.00" type="DEFAULT_VEHTYPE" speed="0.21" pos="187.95" lane="1/3to2/3_0" slope="0.00"/>
        <vehicle id="42" x="151.32" y="198.35" angle="90.00" type="DEFAULT_VEHTYPE" speed="13.34" pos="151.32" lane="0/1to1/1_0" slope="0.00"/>
        <vehicle id="43" x="201.65" y="552.84" angle="180.00" type="DEFAULT_VEHTYPE" speed="13.27" pos="148.09" lane="1/2to1/3_0" slope="0.00"/>
        <vehicle id="44" x="476.98" y="401.65" angle="-90.00" type="DEFAULT_VEHTYPE" speed="13.38" pos="118.27" lane="3/2to2/2_0" slope="0.00"/>
        <vehicle id="46" x="177.12" y="401.65" angle="-90.00" type="DEFAULT_VEHTYPE" speed="11.30" pos="18.13" lane="1/2to0/2_0" slope="0.00"/>
        <vehicle id="47" x="328.87" y="598.35" angle="90.00" type="DEFAULT_VEHTYPE" speed="12.96" pos="124.12" lane="1/3to2/3_0" slope="0.00"/>
        <vehicle id="49" x="398.35" y="787.46" angle="0.00" type="DEFAULT_VEHTYPE" speed="12.80" pos="12.54" lane="2/4to2/3_0" slope="0.00"/>
        <vehicle id="6" x="398.35" y="669.22" angle="0.00" type="DEFAULT_VEHTYPE" speed="12.85" pos="130.78" lane="2/4to2/3_0" slope="0.00"/>
    </timestep>
    <timestep time="141.00">
        <vehicle id="1" x="201.65" y="495.96" angle="180.00" type="DEFAULT_VEHTYPE" speed="12.70" pos="91.21" lane="1/2to1/3_0" slope="0.00"/>
        <vehicle id="11" x="398.12" y="203.33" angle="-2.60" type="DEFAULT_VEHTYPE" speed="12.77" pos="1.44" lane=":2/1_0_0" slope="0.00"/>
        <vehicle id="13" x="656.63" y="601.65" angle="-90.00" type="DEFAULT_VEHTYPE" speed="12.84" pos="143.37" lane="4/3to3/3_0" slope="0.00"/>
        <vehicle id="17" x="277.46" y="401.65" angle="-90.00" type="DEFAULT_VEHTYPE" speed="13.80" pos="117.79" lane="2/2to1/2_0" slope="0.00"/>
        <vehicle id="2" x="601.65" y="390.19" angle="180.00" type="DEFAULT_VEHTYPE" speed="3.43" pos="185.44" lane="3/1to3/2_0" slope="0.00"/>
        <vehicle id="21" x="398.35" y="748.73" angle="0.00" type="DEFAULT_VEHTYPE" speed="13.62" pos="51.27" lane="2/4to2/3_0" slope="0.00"/>
        <vehicle id="23" x="294.83" y="598.35" angle="90.00" type="DEFAULT_VEHTYPE" speed="13.51" pos="90.08" lane="1/3to2/3_0" slope="0.00"/>
        <vehicle id="25" x="198.35" y="182.71" angle="0.00" type="DEFAULT_VEHTYPE" speed="9.28" pos="12.54" lane="1/1to1/0_0" slope="0.00"/>
        <vehicle id="27" x="398.35" y="583.94" angle="0.00" type="DEFAULT_VEHTYPE" speed="13.79" pos="11.31" lane="2/3to2/2_0" slope="0.00"/>
        <vehicle id="29" x="401.65" y="164.89" angle="180.00" type="DEFAULT_VEHTYPE" speed="13.45" pos="164.89" lane="2/0to2/1_0" slope="0.00"/>
        <vehicle id="3" x="256.48" y="201.65" angle="-90.00" type="DEFAULT_VEHTYPE" speed="13.65" pos="138.77" lane="2/1to1/1_0" slope="0.00"/>
        <vehicle id="32" x="601.65" y="327.00" angle="180.00" type="DEFAULT_VEHTYPE" speed="13.70" pos="122.25" lane="3/1to3/2_0" slope="0.00"/>
        <vehicle id="37" x="398.35" y="311.14" angle="0.00" type="DEFAULT_VEHTYPE" speed="13.76" pos="84.11" lane="2/2to2/1_0" slope="0.00"/>
        <vehicle id="38" x="244.37" y="598.35" angle="90.00" type="DEFAULT_VEHTYPE" speed="13.39" pos="39.62" lane="1/3to2/3_0" slope="0.00"/>
        <vehicle id="4" x="430.41" y="401.65" angle="-90.00" type="DEFAULT_VEHTYPE" speed="12.71" pos="164.84" lane="3/2to2/2_0" slope="0.00"/>
        <vehicle id="40" x="146.13" y="398.35" angle="90.00" type="DEFAULT_VEHTYPE" speed="13.11" pos="146.13" lane="0/2to1/2_0" slope="0.00"/>
        <vehicle id="41" x="392.75" y="598.35" angle="90.00" type="DEFAULT_VEHTYPE" speed="0.05" pos="188.00" lane="1/3to2/3_0" slope="0.00"/>
        <vehicle id="42" x="164.95" y="198.35" angle="90.00" type="DEFAULT_VEHTYPE" speed="13.63" pos="164.95" lane="0/1to1/1_0" slope="0.00"/>
        <vehicle id="43" x="201.65" y="565.46" angle="180.00" type="DEFAULT_VEHTYPE" speed="12.62" pos="160.71" lane="1/2to1/3_0" slope="0.00"/>
        <vehicle id="44" x="463.20" y="401.65" angle="-90.00" type="DEFAULT_VEHTYPE" speed="13.78" pos="132.05" lane="3/2to2/2_0" slope="0.00"/>
        <vehicle id="46" x="163.31" y="401.65" angle="-90.00" type="DEFAULT_VEHTYPE" speed="13.81" pos="31.94" lane="1/2to0/2_0" slope="0.00"/>
        <vehicle id="47" x="342.64" y="598.35" angle="90.00" type="DEFAULT_VEHTYPE" speed="13.77" pos="137.89" lane="1/3to2/3_0" slope="0.00"/>
        <vehicle id="49" x="398.35" y="774.35" angle="0.00" type="DEFAULT_VEHTYPE" speed="13.11" pos="25.65" lane="2/4to2/3_0" slope="0.00"/>
        <vehicle id="6" x="398.35" y="655.99" angle="0.00" type="DEFAULT_VEHTYPE" speed="13.22" pos="144.01" lane="2/4to2/3_0" slope="0.00"/>
    </timestep>
    <timestep time="142.00">
        <vehicle id="1" x="201.65" y="509.70" angle="180.00" type="DEFAULT_VEHTYPE" speed="13.74" pos="104.95" lane="1/2to1/3_0" slope="0.00"/>
        <vehicle id="11" x="386.16" y="201.65" angle="-90.00" type="DEFAULT_VEHTYPE" speed="12.65" pos="9.09" lane="2/1to1/1_0" slope="0.00"/>
        <vehicle id="13" x="642.82" y="601.65" angle="-90.00" type="DEFAULT_VEHTYPE" speed="13.82" pos="157.18" lane="4/3to3/3_0" slope="0.00"/>
        <vehicle id="17" x="263.89" y="401.65" angle="-90.00" type="DEFAULT_VEHTYPE" speed="13.57" pos="131.36" lane="2/2to1/2_0" slope="0.00"/>
        <vehicle id="2" x="601.52" y="396.13" angle="-178.57" type="DEFAULT_VEHTYPE" speed="5.95" pos="0.88" lane=":3/2_10_0" slope="0.00"/>
        <vehicle id="21" x="398.35" y="735.79" angle="0.00" type="DEFAULT_VEHTYPE" speed="12.94" pos="64.21" lane="2/4to2/3_0" slope="0.00"/>
        <vehicle id="23" x="308.25" y="598.35" angle="90.00" type="DEFAULT_VEHTYPE" speed="13.42" pos="103.50" lane="1/3to2/3_0" slope="0.00"/>
        <vehicle id="25" x="198.35" y="171.94" angle="0.00" type="DEFAULT_VEHTYPE" speed="10.77" pos="23.31" lane="1/1to1/0_0" slope="0.00"/>
        <vehicle id="27" x="398.35" y="571.15" angle="0.00" type="DEFAULT_VEHTYPE" speed="12.79" pos="24.10" lane="2/3to2/2_0" slope="0.00"/>
        <vehicle id="29" x="401.65" y="178.71" angle="180.00" type="DEFAULT_VEHTYPE" speed="13.82" pos="178.71" lane="2/0to2/1_0" slope="0.00"/>
        <vehicle id="3" x="242.90" y="201.65" angle="-90.00" type="DEFAULT_VEHTYPE" speed="13.58" pos="152.35" lane="2/1to1/1_0" slope="0.00"/>
        <vehicle id="32" x="601.65" y="340.32" angle="180.00" type="DEFAULT_VEHTYPE" speed="13.32" pos="135.57" lane="3/1to3/2_0" slope="0.00"/>
        <vehicle id="37" x="398.35" y="297.96" angle="0.00" type="DEFAULT_VEHTYPE" speed="13.18" pos="97.29" lane="2/2to2/1_0" slope="0.00"/>
        <vehicle id="38" x="257.64" y="598.35" angle="90.00" type="DEFAULT_VEHTYPE" speed="13.27" pos="52.89" lane="1/3to2/3_0" slope="0.00"/>
        <vehicle id="4" x="419.85" y="401.65" angle="-90.00" type="DEFAULT_VEHTYPE" speed="10.56" pos="175.40" lane="3/2to2/2_0" slope="0.00"/>
        <vehicle id="40" x="159.90" y="398.35" angle="90.00" type="DEFAULT_VEHTYPE" speed="13.77" pos="159.90" lane="0/2to1/2_0" slope="0.00"/>
        <vehicle id="41" x="394.23" y="598.35" angle="90.00" type="DEFAULT_VEHTYPE" speed="1.49" pos="189.48" lane="1/3to2/3_0" slope="0.00"/>
        <vehicle id="42" x="175.68" y="198.35" angle="90.00" type="DEFAULT_VEHTYPE" speed="10.73" pos="175.68" lane="0/1to1/1_0" slope="0.00"/>
        <vehicle id="43" x="201.65" y="578.97" angle="180.00" type="DEFAULT_VEHTYPE" speed="13.51" pos="174.22" lane="1/2to1/3_0" slope="0.00"/>
        <vehicle id="44" x="449.60" y="401.65" angle="-90.00" type="DEFAULT_VEHTYPE" speed="13.59" pos="145.65" lane="3/2to2/2_0" slope="0.00"/>
        <vehicle id="46" x="150.42" y="401.65" angle="-90.00" type="DEFAULT_VEHTYPE" speed="12.90" pos="44.83" lane="1/2to0/2_0" slope="0.00"/>
        <vehicle id="47" x="355.83" y="598.35" angle="90.00" type="DEFAULT_VEHTYPE" speed="13.18" pos="151.08" lane="1/3to2/3_0" slope="0.00"/>
        <vehicle id="49" x="398.35" y="761.08" angle="0.00" type="DEFAULT_VEHTYPE" speed="13.27" pos="38.92" lane="2/4to2/3_0" slope="0.00"/>
        <vehicle id="6" x="398.35" y="643.03" angle="0.00" type="DEFAULT_VEHTYPE" speed="12.97" pos="156.97" lane="2/4to2/3_0" slope="0.00"/>
    </timestep>
    <timestep time="143.00">
        <vehicle id="1" x="201.65" y="523.51" angle="180.00" type="DEFAULT_VEHTYPE" speed="13.81" pos="118.76" lane="1/2to1/3_0" slope="0.00"/>
        <vehicle id="11" x="372.77" y="201.65" angle="-90.00" type="DEFAULT_VEHTYPE" speed="13.39" pos="22.48" lane="2/1to1/1_0" slope="0.00"/>
        <vehicle id="13" x="630.10" y="601.65" angle="-90.00" type="DEFAULT_VEHTYPE" speed="12.72" pos="169.90" lane="4/3to3/3_0" slope="0.00"/>
        <vehicle id="17" x="250.64" y="401.65" angle="-90.00" type="DEFAULT_VEHTYPE" speed="13.25" pos="144.61" lane="2/2to1/2_0" slope="0.00"/>
        <vehicle id="2" x="596.61" y="401.46" angle="-121.10" type="DEFAULT_VEHTYPE" speed="8.06" pos="1.80" lane=":3/2_18_0" slope="0.00"/>
        <vehicle id="21" x="398.35" y="722.87" angle="0.00" type="DEFAULT_VEHTYPE" speed="12.92" pos="77.13" lane="2/4to2/3_0" slope="0.00"/>
        <vehicle id="23" x="321.19" y="598.35" angle="90.00" type="DEFAULT_VEHTYPE" speed="12.95" pos="116.44" lane="1/3to2/3_0" slope="0.00"/>
        <vehicle id="25" x="198.35" y="158.91" angle="0.00" type="DEFAULT_VEHTYPE" speed="13.03" pos="36.34" lane="1/1to1/0_0" slope="0.00"/>
        <vehicle id="27" x="398.35" y="558.46" angle="0.00" type="DEFAULT_VEHTYPE" speed="12.69" pos="36.79" lane="2/3to2/2_0" slope="0.00"/>
        <vehicle id="29" x="401.65" y="191.75" angle="180.00" type="DEFAULT_VEHTYPE" speed="13.04" pos="191.75" lane="2/0to2/1_0" slope="0.00"/>
        <vehicle id="3" x="229.46" y="201.65" angle="-90.00" type="DEFAULT_VEHTYPE" speed="13.44" pos="165.79" lane="2/1to1/1_0" slope="0.00"/>
        <vehicle id="32" x="601.65" y="353.97" angle="180.00" type="DEFAULT_VEHTYPE" speed="13.65" pos="149.22" lane="3/1to3/2_0" slope="0.00"/>
        <vehicle id="37" x="398.35" y="284.17" angle="0.00" type="DEFAULT_VEHTYPE" speed="13.79" pos="111.08" lane="2/2to2/1_0" slope="0.00"/>
        <vehicle id="38" x="270.94" y="598.35" angle="90.00" type="DEFAULT_VEHTYPE" speed="13.30" pos="66.19" lane="1/3to2/3_0" slope="0.00"/>
        <vehicle id="4" x="413.54" y="401.65" angle="-90.00" type="DEFAULT_VEHTYPE" speed="6.32" pos="181.71" lane="3/2to2/2_0" slope="0.00"/>
        <vehicle id="40" x="173.48" y="398.35" angle="90.00" type="DEFAULT_VEHTYPE" speed="13.58" pos="173.48" lane="0/2to1/2_0" slope="0.00"/>
        <vehicle id="41" x="394.23" y="598.35" angle="90.00" type="DEFAULT_VEHTYPE" speed="0.00" pos="189.48" lane="1/3to2/3_0" slope="0.00"/>
        <vehicle id="42" x="184.19" y="198.35" angle="90.00" type="DEFAULT_VEHTYPE" speed="8.51" pos="184.19" lane="0/1to1/1_0" slope="0.00"/>
        <vehicle id="43" x="201.65" y="592.67" angle="180.00" type="DEFAULT_VEHTYPE" speed="13.70" pos="187.92" lane="1/2to1/3_0" slope="0.00"/>
        <vehicle id="44" x="436.83" y="401.65" angle="-90.00" type="DEFAULT_VEHTYPE" speed="12.78" pos="158.42" lane="3/2to2/2_0" slope="0.00"/>
        <vehicle id="46" x="137.70" y="401.65" angle="-90.00" type="DEFAULT_VEHTYPE" speed="12.71" pos="57.55" lane="1/2to0/2_0" slope="0.00"/>
        <vehicle id="47" x="367.30" y="598.35" angle="90.00" type="DEFAULT_VEHTYPE" speed="11.48" pos="162.55" lane="1/3to2/3_0" slope="0.00"/>
        <vehicle id="49" x="398.35" y="747.72" angle="0.00" type="DEFAULT_VEHTYPE" speed="13.37" pos="52.28" lane="2/4to2/3_0" slope="0.00"/>
        <vehicle id="6" x="398.35" y="629.97" angle="0.00" type="DEFAULT_VEHTYPE" speed="13.06" pos="170.03" lane="2/4to2/3_0" slope="0.00"/>
    </timestep>
    <timestep time="144.00">
        <vehicle id="1" x="201.65" y="536.49" angle="180.00" type="DEFAULT_VEHTYPE" speed="12.98" pos="131.74" lane="1/2to1/3_0" slope="0.00"/>
        <vehicle id="11" x="359.05" y="201.65" angle="-90.00" type="DEFAULT_VEHTYPE" speed="13.72" pos="36.20" lane="2/1to1/1_0" slope="0.00"/>
        <vehicle id="13" x="619.89" y="601.65" angle="-90.00" type="DEFAULT_VEHTYPE" speed="10.20" pos="180.11" lane="4/3to3/3_0" slope="0.00"/>
        <vehicle id="17" x="237.96" y="401.65" angle="-90.00" type="DEFAULT_VEHTYPE" speed="12.69" pos="157.29" lane="2/2to1/2_0" slope="0.00"/>
        <vehicle id="2" x="586.12" y="401.65" angle="-90.00" type="DEFAULT_VEHTYPE" speed="10.51" pos="9.13" lane="3/2to2/2_0" slope="0.00"/>
        <vehicle id="21" x="398.35" y="709.99" angle="0.00" type="DEFAULT_VEHTYPE" speed="12.88" pos="90.01" lane="2/4to2/3_0" slope="0.00"/>
        <vehicle id="23" x="334.71" y="598.35" angle="90.00" type="DEFAULT_VEHTYPE" speed="13.52" pos="129.96" lane="1/3to2/3_0" slope="0.00"/>
        <vehicle id="25" x="198.35" y="145.39" angle="0.00" type="DEFAULT_VEHTYPE" speed="13.52" pos="49.86" lane="1/1to1/0_0" slope="0.00"/>
        <vehicle id="27" x="398.35" y="544.99" angle="0.00" type="DEFAULT_VEHTYPE" speed="13.47" pos="50.26" lane="2/3to2/2_0" slope="0.00"/>
        <vehicle id="29" x="409.71" y="198.35" angle="90.07" type="DEFAULT_VEHTYPE" speed="13.46" pos="4.96" lane="2/1to3/1_0" slope="0.00"/>
        <vehicle id="3" x="219.56" y="201.65" angle="-90.00" type="DEFAULT_VEHTYPE" speed="9.89" pos="175.69" lane="2/1to1/1_0" slope="0.00"/>
        <vehicle id="32" x="601.65" y="367.77" angle="180.00" type="DEFAULT_VEHTYPE" speed="13.80" pos="163.02" lane="3/1to3/2_0" slope="0.00"/>
        <vehicle id="37" x="398.35" y="270.87" angle="0.00" type="DEFAULT_VEHTYPE" speed="13.30" pos="124.38" lane="2/2to2/1_0" slope="0.00"/>
        <vehicle id="38" x="283.80" y="598.35" angle="90.00" type="DEFAULT_VEHTYPE" speed="12.86" pos="79.05" lane="1/3to2/3_0" slope="0.00"/>
        <vehicle id="4" x="410.12" y="401.65" angle="-90.00" type="DEFAULT_VEHTYPE" speed="3.42" pos="185.13" lane="3/2to2/2_0" slope="0.00"/>
        <vehicle id="40" x="186.21" y="398.35" angle="90.00" type="DEFAULT_VEHTYPE" speed="12.73" pos="186.21" lane="0/2to1/2_0" slope="0.00"/>
        <vehicle id="41" x="394.23" y="598.35" angle="90.00" type="DEFAULT_VEHTYPE" speed="0.00" pos="189.48" lane="1/3to2/3_0" slope="0.00"/>
        <vehicle id="42" x="188.78" y="198.35" angle="90.00" type="DEFAULT_VEHTYPE" speed="4.59" pos="188.78" lane="0/1to1/1_0" slope="0.00"/>
        <vehicle id="43" x="210.61" y="598.35" angle="90.00" type="DEFAULT_VEHTYPE" speed="13.44" pos="5.86" lane="1/3to2/3_0" slope="0.00"/>
        <vehicle id="44" x="426.95" y="401.65" angle="-90.00" type="DEFAULT_VEHTYPE" speed="9.88" pos="168.30" lane="3/2to2/2_0" slope="0.00"/>
        <vehicle id="46" x="124.60" y="401.65" angle="-90.00" type="DEFAULT_VEHTYPE" speed="13.11" pos="70.65" lane="1/2to0/2_0" slope="0.00"/>
        <vehicle id="47" x="375.55" y="598.35" angle="90.00" type="DEFAULT_VEHTYPE" speed="8.25" pos="170.80" lane="1/3to2/3_0" slope="0.00"/>
        <vehicle id="49" x="398.35" y="734.82" angle="0.00" type="DEFAULT_VEHTYPE" speed="12.90" pos="65.18" lane="2/4to2/3_0" slope="0.00"/>
        <vehicle id="6" x="398.35" y="616.93" angle="0.00" type="DEFAULT_VEHTYPE" speed="13.04" pos="183.07" lane="2/4to2/3_0" slope="0.00"/>
    </timestep>
    <timestep time="145.00">
        <vehicle id="1" x="201.65" y="549.94" angle="180.00" type="DEFAULT_VEHTYPE" speed="13.46" pos="145.19" lane="1/2to1/3_0" slope="0.00"/>
        <vehicle id="11" x="345.43" y="201.65" angle="-90.00" type="DEFAULT_VEHTYPE" speed="13.62" pos="49.82" lane="2/1to1/1_0" slope="0.00"/>
        <vehicle id="13" x="613.63" y="601.65" angle="-90.00" type="DEFAULT_VEHTYPE" speed="6.27" pos="186.37" lane="4/3to3/3_0" slope="0.00"/>
        <vehicle id="17" x="226.10" y="401.65" angle="-90.00" type="DEFAULT_VEHTYPE" speed="11.86" pos="169.15" lane="2/2to1/2_0" slope="0.00"/>
        <vehicle id="2" x="573.99" y="401.65" angle="-90.00" type="DEFAULT_VEHTYPE" speed="12.13" pos="21.26" lane="3/2to2/2_0" slope="0.00"/>
        <vehicle id="21" x="398.35" y="696.95" angle="0.00" type="DEFAULT_VEHTYPE" speed="13.03" pos="103.05" lane="2/4to2/3_0" slope="0.00"/>
        <vehicle id="23" x="348.51" y="598.35" angle="90.00" type="DEFAULT_VEHTYPE" speed="13.79" pos="143.76" lane="1/3to2/3_0" slope="0.00"/>
        <vehicle id="25" x="198.35" y="132.17" angle="0.00" type="DEFAULT_VEHTYPE" speed="13.21" pos="63.08" lane="1/1to1/0_0" slope="0.00"/>
        <vehicle id="27" x="398.35" y="531.30" angle="0.00" type="DEFAULT_VEHTYPE" speed="13.69" pos="63.95" lane="2/3to2/2_0" slope="0.00"/>
        <vehicle id="29" x="422.46" y="198.35" angle="90.00" type="DEFAULT_VEHTYPE" speed="12.75" pos="17.71" lane="2/1to3/1_0" slope="0.00"/>
        <vehicle id="3" x="212.65" y="201.65" angle="-90.00" type="DEFAULT_VEHTYPE" speed="6.91" pos="182.60" lane="2/1to1/1_0" slope="0.00"/>
        <vehicle id="32" x="601.65" y="380.66" angle="180.00" type="DEFAULT_VEHTYPE" speed="12.89" pos="175.91" lane="3/1to3/2_0" slope="0.00"/>
        <vehicle id="37" x="398.35" y="257.06" angle="0.00" type="DEFAULT_VEHTYPE" speed="13.81" pos="138.19" lane="2/2to2/1_0" slope="0.00"/>
        <vehicle id="38" x="296.58" y="598.35" angle="90.00" type="DEFAULT_VEHTYPE" speed="12.78" pos="91.83" lane="1/3to2/3_0" slope="0.00"/>
        <vehicle id="4" x="405.07" y="401.65" angle="-90.00" type="DEFAULT_VEHTYPE" speed="5.05" pos="190.18" lane="3/2to2/2_0" slope="0.00"/>
        <vehicle id="41" x="394.23" y="598.35" angle="90.00" type="DEFAULT_VEHTYPE" speed="0.00" pos="189.48" lane="1/3to2/3_0" slope="0.00"/>
        <vehicle id="42" x="195.74" y="198.28" angle="89.22" type="DEFAULT_VEHTYPE" speed="6.96" pos="0.49" lane=":1/1_12_0" slope="0.00"/>
        <vehicle id="43" x="223.80" y="598.35" angle="90.00" type="DEFAULT_VEHTYPE" speed="13.18" pos="19.05" lane="1/3to2/3_0" slope="0.00"/>
        <vehicle id="44" x="421.56" y="401.65" angle="-90.00" type="DEFAULT_VEHTYPE" speed="5.38" pos="173.69" lane="3/2to2/2_0" slope="0.00"/>
        <vehicle id="46" x="111.97" y="401.65" angle="-90.00" type="DEFAULT_VEHTYPE" speed="12.63" pos="83.28" lane="1/2to0/2_0" slope="0.00"/>
        <vehicle id="47" x="381.40" y="598.35" angle="90.00" type="DEFAULT_VEHTYPE" speed="5.85" pos="176.65" lane="1/3to2/3_0" slope="0.00"/>
        <vehicle id="49" x="398.35" y="722.05" angle="0.00" type="DEFAULT_VEHTYPE" speed="12.76" pos="77.95" lane="2/4to2/3_0" slope="0.00"/>
        <vehicle id="6" x="398.35" y="603.57" angle="0.00" type="DEFAULT_VEHTYPE" speed="13.36" pos="1.18" lane=":2/3_1_0" slope="0.00"/>
    </timestep>
    <timestep time="146.00">
        <vehicle id="1" x="201.65" y="562.90" angle="180.00" type="DEFAULT_VEHTYPE" speed="12.96" pos="158.15" lane="1/2to1/3_0" slope="0.00"/>
        <vehicle id="11" x="331.77" y="201.65" angle="-90.00" type="DEFAULT_VEHTYPE" speed="13.65" pos="63.48" lane="2/1to1/1_0" slope="0.00"/>
        <vehicle id="13" x="609.93" y="601.65" angle="-90.00" type="DEFAULT_VEHTYPE" speed="3.70" pos="190.07" lane="4/3to3/3_0" slope="0.00"/>
        <vehicle id="17" x="217.01" y="401.65" angle="-90.00" type="DEFAULT_VEHTYPE" speed="9.08" pos="178.24" lane="2/2to1/2_0" slope="0.00"/>
        <vehicle id="2" x="560.89" y="401.65" angle="-90.00" type="DEFAULT_VEHTYPE" speed="13.10" pos="34.36" lane="3/2to2/2_0" slope="0.00"/>
        <vehicle id="21" x="398.35" y="683.56" angle="0.00" type="DEFAULT_VEHTYPE" speed="13.39" pos="116.44" lane="2/4to2/3_0" slope="0.00"/>
        <vehicle id="23" x="361.62" y="598.35" angle="90.00" type="DEFAULT_VEHTYPE" speed="13.11" pos="156.87" lane="1/3to2/3_0" slope="0.00"/>
        <vehicle id="25" x="198.35" y="118.28" angle="0.00" type="DEFAULT_VEHTYPE" speed="13.89" pos="76.97" lane="1/1to1/0_0" slope="0.00"/>
        <vehicle id="27" x="398.35" y="518.40" angle="0.00" type="DEFAULT_VEHTYPE" speed="12.90" pos="76.85" lane="2/3to2/2_0" slope="0.00"/>
        <vehicle id="29" x="436.18" y="198.35" angle="90.00" type="DEFAULT_VEHTYPE" speed="13.72" pos="31.43" lane="2/1to3/1_0" slope="0.00"/>
        <vehicle id="3" x="209.19" y="201.65" angle="-90.00" type="DEFAULT_VEHTYPE" speed="3.46" pos="186.06" lane="2/1to1/1_0" slope="0.00"/>
        <vehicle id="32" x="601.65" y="394.09" angle="180.00" type="DEFAULT_VEHTYPE" speed="13.42" pos="189.34" lane="3/1to3/2_0" slope="0.00"/>
        <vehicle id="37" x="398.35" y="244.24" angle="0.00" type="DEFAULT_VEHTYPE" speed="12.82" pos="151.01" lane="2/2to2/1_0" slope="0.00"/>
        <vehicle id="38" x="309.51" y="598.35" angle="90.00" type="DEFAULT_VEHTYPE" speed="12.93" pos="104.76" lane="1/3to2/3_0" slope="0.00"/>
        <vehicle id="4" x="398.89" y="398.28" angle="-50.17" type="DEFAULT_VEHTYPE" speed="7.54" pos="7.22" lane=":2/2_6_0" slope="0.00"/>
        <vehicle id="41" x="394.23" y="598.35" angle="90.00" type="DEFAULT_VEHTYPE" speed="0.00" pos="189.48" lane="1/3to2/3_0" slope="0.00"/>
        <vehicle id="42" x="198.35" y="191.12" angle="1.39" type="DEFAULT_VEHTYPE" speed="8.63" pos="4.13" lane="1/1to1/0_0" slope="0.00"/>
        <vehicle id="43" x="237.30" y="598.35" angle="90.00" type="DEFAULT_VEHTYPE" speed="13.50" pos="32.55" lane="1/3to2/3_0" slope="0.00"/>
        <vehicle id="44" x="415.04" y="401.65" angle="-90.00" type="DEFAULT_VEHTYPE" speed="6.52" pos="180.21" lane="3/2to2/2_0" slope="0.00"/>
        <vehicle id="46" x="99.28" y="401.65" angle="-90.00" type="DEFAULT_VEHTYPE" speed="12.69" pos="95.97" lane="1/2to0/2_0" slope="0.00"/>
        <vehicle id="47" x="384.36" y="598.35" angle="90.00" type="DEFAULT_VEHTYPE" speed="2.95" pos="179.61" lane="1/3to2/3_0" slope="0.00"/>
        <vehicle id="49" x="398.35" y="709.29" angle="0.00" type="DEFAULT_VEHTYPE" speed="12.76" pos="90.71" lane="2/4to2/3_0" slope="0.00"/>
        <vehicle id="6" x="398.35" y="590.40" angle="0.00" type="DEFAULT_VEHTYPE" speed="13.17" pos="4.85" lane="2/3to2/2_0" slope="0.00"/>
    </timestep>
    <timestep time="147.00">
        <vehicle id="1" x="201.65" y="575.69" angle="180.00" type="DEFAULT_VEHTYPE" speed="12.79" pos="170.94" lane="1/2to1/3_0" slope="0.00"/>
        <vehicle id="11" x="318.66" y="201.65" angle="-90.00" type="DEFAULT_VEHTYPE" speed="13.12" pos="76.59" lane="2/1to1/1_0" slope="0.00"/>
        <vehicle id="13" x="603.92" y="601.53" angle="-88.64" type="DEFAULT_VEHTYPE" speed="6.01" pos="0.84" lane=":3/3_6_0" slope="0.00"/>
        <vehicle id="17" x="211.26" y="401.65" angle="-90.00" type="DEFAULT_VEHTYPE" speed="5.76" pos="183.99" lane="2/2to1/2_0" slope="0.00"/>
        <vehicle id="2" x="548.23" y="401.65" angle="-90.00" type="DEFAULT_VEHTYPE" speed="12.66" pos="47.02" lane="3/2to2/2_0" slope="0.00"/>
        <vehicle id="21" x="398.35" y="670.56" angle="0.00" type="DEFAULT_VEHTYPE" speed="13.00" pos="129.44" lane="2/4to2/3_0" slope="0.00"/>
        <vehicle id="23" x="370.23" y="598.35" angle="90.00" type="DEFAULT_VEHTYPE" speed="8.61" pos="165.48" lane="1/3to2/3_0" slope="0.00"/>
        <vehicle id="25" x="198.35" y="104.71" angle="0.00" type="DEFAULT_VEHTYPE" speed="13.57" pos="90.54" lane="1/1to1/0_0" slope="0.00"/>
        <vehicle id="27" x="398.35" y="504.79" angle="0.00" type="DEFAULT_VEHTYPE" speed="13.61" pos="90.46" lane="2/3to2/2_0" slope="0.00"/>
        <vehicle id="29" x="449.32" y="198.35" angle="90.00" type="DEFAULT_VEHTYPE" speed="13.14" pos="44.57" lane="2/1to3/1_0" slope="0.00"/>
        <vehicle id="3" x="204.01" y="201.75" angle="-91.19" type="DEFAULT_VEHTYPE" speed="5.19" pos="0.75" lane=":1/1_4_0" slope="0.00"/>
        <vehicle id="32" x="601.65" y="406.92" angle="180.00" type="DEFAULT_VEHTYPE" speed="12.83" pos="2.17" lane="3/2to3/3_0" slope="0.00"/>
        <vehicle id="37" x="398.35" y="231.48" angle="0.00" type="DEFAULT_VEHTYPE" speed="12.76" pos="163.77" lane="2/2to2/1_0" slope="0.00"/>
        <vehicle id="38" x="322.39" y="598.35" angle="90.00" type="DEFAULT_VEHTYPE" speed="12.89" pos="117.64" lane="1/3to2/3_0" slope="0.00"/>
        <vehicle id="4" x="398.35" y="388.30" angle="0.00" type="DEFAULT_VEHTYPE" speed="10.05" pos="6.95" lane="2/2to2/1_0" slope="0.00"/>
        <vehicle id="41" x="394.23" y="598.35" angle="90.00" type="DEFAULT_VEHTYPE" speed="0.00" pos="189.48" lane="1/3to2/3_0" slope="0.00"/>
        <vehicle id="42" x="198.35" y="180.37" angle="0.00" type="DEFAULT_VEHTYPE" speed="10.75" pos="14.88" lane="1/1to1/0_0" slope="0.00"/>
        <vehicle id="43" x="250.22" y="598.35" angle="90.00" type="DEFAULT_VEHTYPE" speed="12.92" pos="45.47" lane="1/3to2/3_0" slope="0.00"/>
        <vehicle id="44" x="410.21" y="401.65" angle="-90.00" type="DEFAULT_VEHTYPE" speed="4.83" pos="185.04" lane="3/2to2/2_0" slope="0.00"/>
        <vehicle id="46" x="85.50" y="401.65" angle="-90.00" type="DEFAULT_VEHTYPE" speed="13.78" pos="109.75" lane="1/2to0/2_0" slope="0.00"/>
        <vehicle id="47" x="385.81" y="598.35" angle="90.00" type="DEFAULT_VEHTYPE" speed="1.46" pos="181.06" lane="1/3to2/3_0" slope="0.00"/>
        <vehicle id="49" x="398.35" y="695.60" angle="0.00" type="DEFAULT_VEHTYPE" speed="13.69" pos="104.40" lane="2/4to2/3_0" slope="0.00"/>
        <vehicle id="6" x="398.35" y="577.57" angle="0.00" type="DEFAULT_VEHTYPE" speed="12.83" pos="17.68" lane="2/3to2/2_0" slope="0.00"/>
    </timestep>
    <timestep time="148.00">
        <vehicle id="1" x="201.65" y="589.48" angle="180.00" type="DEFAULT_VEHTYPE" speed="13.79" pos="184.73" lane="1/2to1/3_0" slope="0.00"/>
        <vehicle id="11" x="305.38" y="201.65" angle="-90.00" type="DEFAULT_VEHTYPE" speed="13.27" pos="89.87" lane="2/1to1/1_0" slope="0.00"/>
        <vehicle id="13" x="598.49" y="596.22" angle="-27.02" type="DEFAULT_VEHTYPE" speed="8.50" pos="9.34" lane=":3/3_6_0" slope="0.00"/>
        <vehicle id="17" x="204.05" y="401.65" angle="-90.00" type="DEFAULT_VEHTYPE" speed="7.21" pos="0.70" lane=":1/2_5_0" slope="0.00"/>
        <vehicle id="2" x="534.69" y="401.65" angle="-90.00" type="DEFAULT_VEHTYPE" speed="13.54" pos="60.56" lane="3/2to2/2_0" slope="0.00"/>
        <vehicle id="21" x="398.35" y="657.53" angle="0.00" type="DEFAULT_VEHTYPE" speed="13.03" pos="142.47" lane="2/4to2/3_0" slope="0.00"/>
        <vehicle id="23" x="375.19" y="598.35" angle="90.00" type="DEFAULT_VEHTYPE" speed="4.97" pos="170.44" lane="1/3to2/3_0" slope="0.00"/>
        <vehicle id="25" x="198.35" y="90.87" angle="0.00" type="DEFAULT_VEHTYPE" speed="13.85" pos="104.38" lane="1/1to1/0_0" slope="0.00"/>
        <vehicle id="27" x="398.35" y="491.25" angle="0.00" type="DEFAULT_VEHTYPE" speed="13.54" pos="104.00" lane="2/3to2/2_0" slope="0.00"/>
        <vehicle id="29" x="462.99" y="198.35" angle="90.00" type="DEFAULT_VEHTYPE" speed="13.67" pos="58.24" lane="2/1to3/1_0" slope="0.00"/>
        <vehicle id="3" x="201.65" y="207.00" angle="-168.05" type="DEFAULT_VEHTYPE" speed="6.50" pos="2.25" lane="1/1to1/2_0" slope="0.00"/>
        <vehicle id="32" x="601.65" y="419.75" angle="180.00" type="DEFAULT_VEHTYPE" speed="12.83" pos="15.00" lane="3/2to3/3_0" slope="0.00"/>
        <vehicle id="37" x="398.35" y="218.58" angle="0.00" type="DEFAULT_VEHTYPE" speed="12.89" pos="176.67" lane="2/2to2/1_0" slope="0.00"/>
        <vehicle id="38" x="335.22" y="598.35" angle="90.00" type="DEFAULT_VEHTYPE" speed="12.83" pos="130.47" lane="1/3to2/3_0" slope="0.00"/>
        <vehicle id="4" x="398.35" y="376.41" angle="0.00" type="DEFAULT_VEHTYPE" speed="11.88" pos="18.84" lane="2/2to2/1_0" slope="0.00"/>
        <vehicle id="41" x="396.63" y="598.55" angle="92.26" type="DEFAULT_VEHTYPE" speed="2.41" pos="1.39" lane=":2/3_14_0" slope="0.00"/>
        <vehicle id="42" x="198.35" y="167.82" angle="0.00" type="DEFAULT_VEHTYPE" speed="12.56" pos="27.43" lane="1/1to1/0_0" slope="0.00"/>
        <vehicle id="43" x="263.64" y="598.35" angle="90.00" type="DEFAULT_VEHTYPE" speed="13.42" pos="58.89" lane="1/3to2/3_0" slope="0.00"/>
        <vehicle id="44" x="403.42" y="401.46" angle="-87.81" type="DEFAULT_VEHTYPE" speed="6.80" pos="1.35" lane=":2/2_6_0" slope="0.00"/>
        <vehicle id="46" x="71.92" y="401.65" angle="-90.00" type="DEFAULT_VEHTYPE" speed="13.58" pos="123.33" lane="1/2to0/2_0" slope="0.00"/>
        <vehicle id="47" x="386.50" y="598.35" angle="90.00" type="DEFAULT_VEHTYPE" speed="0.68" pos="181.75" lane="1/3to2/3_0" slope="0.00"/>
        <vehicle id="49" x="398.35" y="682.50" angle="0.00" type="DEFAULT_VEHTYPE" speed="13.10" pos="117.50" lane="2/4to2/3_0" slope="0.00"/>
        <vehicle id="6" x="398.35" y="564.35" angle="0.00" type="DEFAULT_VEHTYPE" speed="13.21" pos="30.90" lane="2/3to2/2_0" slope="0.00"/>
    </timestep>
    <timestep time="149.00">
        <vehicle id="1" x="207.75" y="598.35" angle="96.01" type="DEFAULT_VEHTYPE" speed="13.77" pos="3.00" lane="1/3to2/3_0" slope="0.00"/>
        <vehicle id="11" x="292.01" y="201.65" angle="-90.00" type="DEFAULT_VEHTYPE" speed="13.38" pos="103.24" lane="2/1to1/1_0" slope="0.00"/>
        <vehicle id="13" x="598.35" y="585.79" angle="0.00" type="DEFAULT_VEHTYPE" speed="10.44" pos="9.46" lane="3/3to3/2_0" slope="0.00"/>
        <vehicle id="17" x="195.24" y="401.65" angle="-90.00" type="DEFAULT_VEHTYPE" speed="8.81" pos="0.01" lane="1/2to0/2_0" slope="0.00"/>
        <vehicle id="2" x="521.88" y="401.65" angle="-90.00" type="DEFAULT_VEHTYPE" speed="12.81" pos="73.37" lane="3/2to2/2_0" slope="0.00"/>
        <vehicle id="21" x="398.35" y="644.74" angle="0.00" type="DEFAULT_VEHTYPE" speed="12.79" pos="155.26" lane="2/4to2/3_0" slope="0.00"/>
        <vehicle id="23" x="377.52" y="598.35" angle="90.00" type="DEFAULT_VEHTYPE" speed="2.33" pos="172.77" lane="1/3to2/3_0" slope="0.00"/>
        <vehicle id="25" x="198.35" y="77.32" angle="0.00" type="DEFAULT_VEHTYPE" speed="13.55" pos="117.93" lane="1/1to1/0_0" slope="0.00"/>
        <vehicle id="27" x="398.35" y="478.12" angle="0.00" type="DEFAULT_VEHTYPE" speed="13.13" pos="117.13" lane="2/3to2/2_0" slope="0.00"/>
        <vehicle id="29" x="476.13" y="198.35" angle="90.00" type="DEFAULT_VEHTYPE" speed="13.14" pos="71.38" lane="2/1to3/1_0" slope="0.00"/>
        <vehicle id="3" x="201.65" y="214.98" angle="180.00" type="DEFAULT_VEHTYPE" speed="7.98" pos="10.23" lane="1/1to1/2_0" slope="0.00"/>
        <vehicle id="32" x="601.65" y="432.61" angle="180.00" type="DEFAULT_VEHTYPE" speed="12.86" pos="27.86" lane="3/2to3/3_0" slope="0.00"/>
        <vehicle id="37" x="398.35" y="205.17" angle="0.00" type="DEFAULT_VEHTYPE" speed="13.42" pos="190.08" lane="2/2to2/1_0" slope="0.00"/>
        <vehicle id="38" x="348.16" y="598.35" angle="90.00" type="DEFAULT_VEHTYPE" speed="12.94" pos="143.41" lane="1/3to2/3_0" slope="0.00"/>
        <vehicle id="4" x="398.35" y="363.54" angle="0.00" type="DEFAULT_VEHTYPE" speed="12.87" pos="31.71" lane="2/2to2/1_0" slope="0.00"/>
        <vehicle id="41" x="400.40" y="600.54" angle="115.59" type="DEFAULT_VEHTYPE" speed="4.46" pos="5.84" lane=":2/3_14_0" slope="0.00"/>
        <vehicle id="42" x="198.35" y="154.77" angle="0.00" type="DEFAULT_VEHTYPE" speed="13.05" pos="40.48" lane="1/1to1/0_0" slope="0.00"/>
        <vehicle id="43" x="277.08" y="598.35" angle="90.00" type="DEFAULT_VEHTYPE" speed="13.44" pos="72.33" lane="1/3to2/3_0" slope="0.00"/>
        <vehicle id="44" x="398.44" y="395.91" angle="-23.83" type="DEFAULT_VEHTYPE" speed="8.30" pos="9.65" lane=":2/2_6_0" slope="0.00"/>
        <vehicle id="46" x="58.24" y="401.65" angle="-90.00" type="DEFAULT_VEHTYPE" speed="13.68" pos="137.01" lane="1/2to0/2_0" slope="0.00"/>
        <vehicle id="47" x="388.30" y="598.35" angle="90.00" type="DEFAULT_VEHTYPE" speed="1.80" pos="183.55" lane="1/3to2/3_0" slope="0.00"/>
        <vehicle id="49" x="398.35" y="669.56" angle="0.00" type="DEFAULT_VEHTYPE" speed="12.95" pos="130.44" lane="2/4to2/3_0" slope="0.00"/>
        <vehicle id="6" x="398.35" y="550.94" angle="0.00" type="DEFAULT_VEHTYPE" speed="13.42" pos="44.31" lane="2/3to2/2_0" slope="0.00"/>
    </timestep>
    <timestep time="150.00">
        <vehicle id="1" x="221.46" y="598.35" angle="90.00" type="DEFAULT_VEHTYPE" speed="13.71" pos="16.71" lane="1/3to2/3_0" slope="0.00"/>
        <vehicle id="11" x="278.26" y="201.65" angle="-90.00" type="DEFAULT_VEHTYPE" speed="13.75" pos="116.99" lane="2/1to1/1_0" slope="0.00"/>
        <vehicle id="13" x="598.35" y="573.69" angle="0.00" type="DEFAULT_VEHTYPE" speed="12.10" pos="21.56" lane="3/3to3/2_0" slope="0.00"/>
        <vehicle id="17" x="184.52" y="401.65" angle="-90.00" type="DEFAULT_VEHTYPE" speed="10.72" pos="10.73" lane="1/2to0/2_0" slope="0.00"/>
        <vehicle id="2" x="508.73" y="401.65" angle="-90.00" type="DEFAULT_VEHTYPE" speed="13.15" pos="86.52" lane="3/2to2/2_0" slope="0.00"/>
        <vehicle id="21" x="398.35" y="631.18" angle="0.00" type="DEFAULT_VEHTYPE" speed="13.56" pos="168.82" lane="2/4to2/3_0" slope="0.00"/>
        <vehicle id="23" x="379.18" y="598.35" angle="90.00" type="DEFAULT_VEHTYPE" speed="1.66" pos="174.43" lane="1/3to2/3_0" slope="0.00"/>
        <vehicle id="25" x="198.35" y="64.41" angle="0.00" type="DEFAULT_VEHTYPE" speed="12.91" pos="130.84" lane="1/1to1/0_0" slope="0.00"/>
        <vehicle id="27" x="398.35" y="464.85" angle="0.00" type="DEFAULT_VEHTYPE" speed="13.27" pos="130.40" lane="2/3to2/2_0" slope="0.00"/>
        <vehicle id="29" x="489.32" y="198.35" angle="90.00" type="DEFAULT_VEHTYPE" speed="13.19" pos="84.57" lane="2/1to3/1_0" slope="0.00"/>
        <vehicle id="3" x="201.65" y="225.35" angle="180.00" type="DEFAULT_VEHTYPE" speed="10.37" pos="20.60" lane="1/1to1/2_0" slope="0.00"/>
        <vehicle id="32" x="601.65" y="446.30" angle="180.00" type="DEFAULT_VEHTYPE" speed="13.69" pos="41.55" lane="3/2to3/3_0" slope="0.00"/>
        <vehicle id="37" x="398.35" y="192.26" angle="0.00" type="DEFAULT_VEHTYPE" speed="12.91" pos="2.99" lane="2/1to2/0_0" slope="0.00"/>
        <vehicle id="38" x="358.16" y="598.35" angle="90.00" type="DEFAULT_VEHTYPE" speed="9.99" pos="153.41" lane="1/3to2/3_0" slope="0.00"/>
        <vehicle id="4" x="398.35" y="350.05" angle="0.00" type="DEFAULT_VEHTYPE" speed="13.49" pos="45.20" lane="2/2to2/1_0" slope="0.00"/>
        <vehicle id="41" x="401.65" y="606.32" angle="171.74" type="DEFAULT_VEHTYPE" speed="6.05" pos="1.57" lane="2/3to2/4_0" slope="0.00"/>
        <vehicle id="42" x="198.35" y="141.94" angle="0.00" type="DEFAULT_VEHTYPE" speed="12.83" pos="53.31" lane="1/1to1/0_0" slope="0.00"/>
        <vehicle id="43" x="290.80" y="598.35" angle="90.00" type="DEFAULT_VEHTYPE" speed="13.72" pos="86.05" lane="1/3to2/3_0" slope="0.00"/>
        <vehicle id="44" x="398.35" y="385.45" angle="0.00" type="DEFAULT_VEHTYPE" speed="10.47" pos="9.80" lane="2/2to2/1_0" slope="0.00"/>
        <vehicle id="46" x="45.06" y="401.65" angle="-90.00" type="DEFAULT_VEHTYPE" speed="13.18" pos="150.19" lane="1/2to0/2_0" slope="0.00"/>
        <vehicle id="47" x="390.50" y="598.35" angle="90.00" type="DEFAULT_VEHTYPE" speed="2.20" pos="185.75" lane="1/3to2/3_0" slope="0.00"/>
        <vehicle id="49" x="398.35" y="655.75" angle="0.00" type="DEFAULT_VEHTYPE" speed="13.80" pos="144.25" lane="2/4to2/3_0" slope="0.00"/>
        <vehicle id="6" x="398.35" y="537.29" angle="0.00" type="DEFAULT_VEHTYPE" speed="13.65" pos="57.96" lane="2/3to2/2_0" slope="0.00"/>
    </timestep>
    <timestep time="151.00">
        <vehicle id="1" x="235.35" y="598.35" angle="90.00" type="DEFAULT_VEHTYPE" speed="13.89" pos="30.60" lane="1/3to2/3_0" slope="0.00"/>
        <vehicle id="11" x="265.06" y="201.65" angle="-90.00" type="DEFAULT_VEHTYPE" speed="13.20" pos="130.19" lane="2/1to1/1_0" slope="0.00"/>
        <vehicle id="13" x="598.35" y="560.36" angle="0.00" type="DEFAULT_VEHTYPE" speed="13.34" pos="34.89" lane="3/3to3/2_0" slope="0.00"/>
        <vehicle id="17" x="172.23" y="401.65" angle="-90.00" type="DEFAULT_VEHTYPE" speed="12.29" pos="23.02" lane="1/2to0/2_0" slope="0.00"/>
        <vehicle id="2" x="495.13" y="401.65" angle="-90.00" type="DEFAULT_VEHTYPE" speed="13.61" pos="100.12" lane="3/2to2/2_0" slope="0.00"/>
        <vehicle id="21" x="398.35" y="618.51" angle="0.00" type="DEFAULT_VEHTYPE" speed="12.67" pos="181.49" lane="2/4to2/3_0" slope="0.00"/>
        <vehicle id="23" x="381.83" y="598.35" angle="90.00" type="DEFAULT_VEHTYPE" speed="2.66" pos="177.08" lane="1/3to2/3_0" slope="0.00"/>
        <vehicle id="25" x="198.35" y="50.91" angle="0.00" type="DEFAULT_VEHTYPE" speed="13.50" pos="144.34" lane="1/1to1/0_0" slope="0.00"/>
        <vehicle id="27" x="398.35" y="451.44" angle="0.00" type="DEFAULT_VEHTYPE" speed="13.41" pos="143.81" lane="2/3to2/2_0" slope="0.00"/>
        <vehicle id="29" x="503.15" y="198.35" angle="90.00" type="DEFAULT_VEHTYPE" speed="13.83" pos="98.40" lane="2/1to3/1_0" slope="0.00"/>
        <vehicle id="3" x="201.65" y="237.12" angle="180.00" type="DEFAULT_VEHTYPE" speed="11.77" pos="32.37" lane="1/1to1/2_0" slope="0.00"/>
        <vehicle id="32" x="601.65" y="458.92" angle="180.00" type="DEFAULT_VEHTYPE" speed="12.62" pos="54.17" lane="3/2to3/3_0" slope="0.00"/>
        <vehicle id="37" x="398.35" y="179.49" angle="0.00" type="DEFAULT_VEHTYPE" speed="12.77" pos="15.76" lane="2/1to2/0_0" slope="0.00"/>
        <vehicle id="38" x="364.35" y="598.35" angle="90.00" type="DEFAULT_VEHTYPE" speed="6.19" pos="159.60" lane="1/3to2/3_0" slope="0.00"/>
        <vehicle id="4" x="398.35" y="336.73" angle="0.00" type="DEFAULT_VEHTYPE" speed="13.32" pos="58.52" lane="2/2to2/1_0" slope="0.00"/>
        <vehicle id="41" x="401.65" y="614.95" angle="180.00" type="DEFAULT_VEHTYPE" speed="8.63" pos="10.20" lane="2/3to2/4_0" slope="0.00"/>
        <vehicle id="42" x="198.35" y="128.28" angle="0.00" type="DEFAULT_VEHTYPE" speed="13.66" pos="66.97" lane="1/1to1/0_0" slope="0.00"/>
        <vehicle id="43" x="303.76" y="598.35" angle="90.00" type="DEFAULT_VEHTYPE" speed="12.97" pos="99.01" lane="1/3to2/3_0" slope="0.00"/>
        <vehicle id="44" x="398.35" y="373.09" angle="0.00" type="DEFAULT_VEHTYPE" speed="12.35" pos="22.16" lane="2/2to2/1_0" slope="0.00"/>
        <vehicle id="46" x="31.43" y="401.65" angle="-90.00" type="DEFAULT_VEHTYPE" speed="13.63" pos="163.82" lane="1/2to0/2_0" slope="0.00"/>
        <vehicle id="47" x="392.22" y="598.35" angle="90.00" type="DEFAULT_VEHTYPE" speed="1.72" pos="187.47" lane="1/3to2/3_0" slope="0.00"/>
        <vehicle id="49" x="398.35" y="642.74" angle="0.00" type="DEFAULT_VEHTYPE" speed="13.01" pos="157.26" lane="2/4to2/3_0" slope="0.00"/>
        <vehicle id="6" x="398.35" y="524.12" angle="0.00" type="DEFAULT_VEHTYPE" speed="13.17" pos="71.13" lane="2/3to2/2_0" slope="0.00"/>
    </timestep>
    <timestep time="152.00">
        <vehicle id="1" x="248.87" y="598.35" angle="90.00" type="DEFAULT_VEHTYPE" speed="13.52" pos="44.12" lane="1/3to2/3_0" slope="0.00"/>
        <vehicle id="11" x="251.70" y="201.65" angle="-90.00" type="DEFAULT_VEHTYPE" speed="13.35" pos="143.55" lane="2/1to1/1_0" slope="0.00"/>
        <vehicle id="13" x="598.35" y="546.98" angle="0.00" type="DEFAULT_VEHTYPE" speed="13.38" pos="48.27" lane="3/3to3/2_0" slope="0.00"/>
        <vehicle id="17" x="158.88" y="401.65" angle="-90.00" type="DEFAULT_VEHTYPE" speed="13.36" pos="36.37" lane="1/2to0/2_0" slope="0.00"/>
        <vehicle id="2" x="481.38" y="401.65" angle="-90.00" type="DEFAULT_VEHTYPE" speed="13.74" pos="113.87" lane="3/2to2/2_0" slope="0.00"/>
        <vehicle id="21" x="398.35" y="605.15" angle="0.00" type="DEFAULT_VEHTYPE" speed="13.37" pos="194.85" lane="2/4to2/3_0" slope="0.00"/>
        <vehicle id="23" x="383.60" y="598.35" angle="90.00" type="DEFAULT_VEHTYPE" speed="1.77" pos="178.85" lane="1/3to2/3_0" slope="0.00"/>
        <vehicle id="25" x="198.35" y="37.06" angle="0.00" type="DEFAULT_VEHTYPE" speed="13.84" pos="158.19" lane="1/1to1/0_0" slope="0.00"/>
        <vehicle id="27" x="398.35" y="438.09" angle="0.00" type="DEFAULT_VEHTYPE" speed="13.35" pos="157.16" lane="2/3to2/2_0" slope="0.00"/>
        <vehicle id="29" x="516.06" y="198.35" angle="90.00" type="DEFAULT_VEHTYPE" speed="12.91" pos="111.31" lane="2/1to3/1_0" slope="0.00"/>
        <vehicle id="3" x="201.65" y="250.80" angle="180.00" type="DEFAULT_VEHTYPE" speed="13.68" pos="46.05" lane="1/1to1/2_0" slope="0.00"/>
        <vehicle id="32" x="601.65" y="472.66" angle="180.00" type="DEFAULT_VEHTYPE" speed="13.74" pos="67.91" lane="3/2to3/3_0" slope="0.00"/>
        <vehicle id="37" x="398.35" y="166.72" angle="0.00" type="DEFAULT_VEHTYPE" speed="12.77" pos="28.53" lane="2/1to2/0_0" slope="0.00"/>
        <vehicle id="38" x="369.80" y="598.35" angle="90.00" type="DEFAULT_VEHTYPE" speed="5.45" pos="165.05" lane="1/3to2/3_0" slope="0.00"/>
        <vehicle id="4" x="398.35" y="323.94" angle="0.00" type="DEFAULT_VEHTYPE" speed="12.79" pos="71.31" lane="2/2to2/1_0" slope="0.00"/>
        <vehicle id="41" x="401.65" y="625.76" angle="180.00" type="DEFAULT_VEHTYPE" speed="10.81" pos="21.01" lane="2/3to2/4_0" slope="0.00"/>
        <vehicle id="42" x="198.35" y="114.60" angle="0.00" type="DEFAULT_VEHTYPE" speed="13.68" pos="80.65" lane="1/1to1/0_0" slope="0.00"/>
        <vehicle id="43" x="316.47" y="598.35" angle="90.00" type="DEFAULT_VEHTYPE" speed="12.71" pos="111.72" lane="1/3to2/3_0" slope="0.00"/>
        <vehicle id="44" x="398.35" y="359.97" angle="0.00" type="DEFAULT_VEHTYPE" speed="13.12" pos="35.28" lane="2/2to2/1_0" slope="0.00"/>
        <vehicle id="46" x="18.41" y="401.65" angle="-90.00" type="DEFAULT_VEHTYPE" speed="13.02" pos="176.84" lane="1/2to0/2_0" slope="0.00"/>
        <vehicle id="47" x="392.65" y="598.35" angle="90.00" type="DEFAULT_VEHTYPE" speed="0.43" pos="187.90" lane="1/3to2/3_0" slope="0.00"/>
        <vehicle id="49" x="398.35" y="630.01" angle="0.00" type="DEFAULT_VEHTYPE" speed="12.73" pos="169.99" lane="2/4to2/3_0" slope="0.00"/>
        <vehicle id="6" x="398.35" y="510.29" angle="0.00" type="DEFAULT_VEHTYPE" speed="13.82" pos="84.96" lane="2/3to2/2_0" slope="0.00"/>
    </timestep>
    <timestep time="153.00">
        <vehicle id="1" x="262.47" y="598.35" angle="90.00" type="DEFAULT_VEHTYPE" speed="13.60" pos="57.72" lane="1/3to2/3_0" slope="0.00"/>
        <vehicle id="11" x="238.57" y="201.65" angle="-90.00" type="DEFAULT_VEHTYPE" speed="13.13" pos="156.68" lane="2/1to1/1_0" slope="0.00"/>
        <vehicle id="13" x="598.35" y="533.99" angle="0.00" type="DEFAULT_VEHTYPE" speed="12.99" pos="61.26" lane="3/3to3/2_0" slope="0.00"/>
        <vehicle id="17" x="145.91" y="401.65" angle="-90.00" type="DEFAULT_VEHTYPE" speed="12.97" pos="49.34" lane="1/2to0/2_0" slope="0.00"/>
        <vehicle id="2" x="468.55" y="401.65" angle="-90.00" type="DEFAULT_VEHTYPE" speed="12.83" pos="126.70" lane="3/2to2/2_0" slope="0.00"/>
        <vehicle id="21" x="398.35" y="592.47" angle="0.00" type="DEFAULT_VEHTYPE" speed="12.68" pos="2.78" lane="2/3to2/2_0" slope="0.00"/>
        <vehicle id="23" x="384.64" y="598.35" angle="90.00" type="DEFAULT_VEHTYPE" speed="1.04" pos="179.89" lane="1/3to2/3_0" slope="0.00"/>
        <vehicle id="25" x="198.35" y="23.44" angle="0.00" type="DEFAULT_VEHTYPE" speed="13.62" pos="171.81" lane="1/1to1/0_0" slope="0.00"/>
        <vehicle id="27" x="398.35" y="424.71" angle="0.00" type="DEFAULT_VEHTYPE" speed="13.38" pos="170.54" lane="2/3to2/2_0" slope="0.00"/>
        <vehicle id="29" x="528.79" y="198.35" angle="90.00" type="DEFAULT_VEHTYPE" speed="12.73" pos="124.04" lane="2/1to3/1_0" slope="0.00"/>
        <vehicle id="3" x="201.65" y="263.51" angle="180.00" type="DEFAULT_VEHTYPE" speed="12.71" pos="58.76" lane="1/1to1/2_0" slope="0.00"/>
        <vehicle id="32" x="601.65" y="485.37" angle="180.00" type="DEFAULT_VEHTYPE" speed="12.71" pos="80.62" lane="3/2to3/3_0" slope="0.00"/>
        <vehicle id="37" x="398.35" y="153.57" angle="0.00" type="DEFAULT_VEHTYPE" speed="13.15" pos="41.68" lane="2/1to2/0_0" slope="0.00"/>
        <vehicle id="38" x="373.66" y="598.35" angle="90.00" type="DEFAULT_VEHTYPE" speed="3.87" pos="168.91" lane="1/3to2/3_0" slope="0.00"/>
        <vehicle id="4" x="398.35" y="310.25" angle="0.00" type="DEFAULT_VEHTYPE" speed="13.69" pos="85.00" lane="2/2to2/1_0" slope="0.00"/>
        <vehicle id="41" x="401.65" y="637.87" angle="180.00" type="DEFAULT_VEHTYPE" speed="12.11" pos="33.12" lane="2/3to2/4_0" slope="0.00"/>
        <vehicle id="42" x="198.35" y="100.77" angle="0.00" type="DEFAULT_VEHTYPE" speed="13.83" pos="94.48" lane="1/1to1/0_0" slope="0.00"/>
        <vehicle id="43" x="330.31" y="598.35" angle="90.00" type="DEFAULT_VEHTYPE" speed="13.83" pos="125.56" lane="1/3to2/3_0" slope="0.00"/>
        <vehicle id="44" x="398.35" y="346.43" angle="0.00" type="DEFAULT_VEHTYPE" speed="13.54" pos="48.82" lane="2/2to2/1_0" slope="0.00"/>
        <vehicle id="46" x="5.32" y="401.65" angle="-90.00" type="DEFAULT_VEHTYPE" speed="13.09" pos="189.93" lane="1/2to0/2_0" slope="0.00"/>
        <vehicle id="47" x="392.72" y="598.35" angle="90.00" type="DEFAULT_VEHTYPE" speed="0.07" pos="187.97" lane="1/3to2/3_0" slope="0.00"/>
        <vehicle id="49" x="398.35" y="617.18" angle="0.00" type="DEFAULT_VEHTYPE" speed="12.83" pos="182.82" lane="2/4to2/3_0" slope="0.00"/>
        <vehicle id="6" x="398.35" y="497.00" angle="0.00" type="DEFAULT_VEHTYPE" speed="13.30" pos="98.25" lane="2/3to2/2_0" slope="0.00"/>
    </timestep>
    <timestep time="154.00">
        <vehicle id="1" x="275.73" y="598.35" angle="90.00" type="DEFAULT_VEHTYPE" speed="13.26" pos="70.98" lane="1/3to2/3_0" slope="0.00"/>
        <vehicle id="11" x="226.83" y="201.65" angle="-90.00" type="DEFAULT_VEHTYPE" speed="11.74" pos="168.42" lane="2/1to1/1_0" slope="0.00"/>
        <vehicle id="13" x="598.35" y="521.04" angle="0.00" type="DEFAULT_VEHTYPE" speed="12.95" pos="74.21" lane="3/3to3/2_0" slope="0.00"/>
        <vehicle id="17" x="132.70" y="401.65" angle="-90.00" type="DEFAULT_VEHTYPE" speed="13.21" pos="62.55" lane="1/2to0/2_0" slope="0.00"/>
        <vehicle id="2" x="455.92" y="401.65" angle="-90.00" type="DEFAULT_VEHTYPE" speed="12.63" pos="139.33" lane="3/2to2/2_0" slope="0.00"/>
        <vehicle id="21" x="398.35" y="578.61" angle="0.00" type="DEFAULT_VEHTYPE" speed="13.86" pos="16.64" lane="2/3to2/2_0" slope="0.00"/>
        <vehicle id="23" x="385.14" y="598.35" angle="90.00" type="DEFAULT_VEHTYPE" speed="0.50" pos="180.39" lane="1/3to2/3_0" slope="0.00"/>
        <vehicle id="25" x="198.35" y="10.21" angle="0.00" type="DEFAULT_VEHTYPE" speed="13.23" pos="185.04" lane="1/1to1/0_0" slope="0.00"/>
        <vehicle id="27" x="398.35" y="411.38" angle="0.00" type="DEFAULT_VEHTYPE" speed="13.33" pos="183.87" lane="2/3to2/2_0" slope="0.00"/>
        <vehicle id="29" x="542.61" y="198.35" angle="90.00" type="DEFAULT_VEHTYPE" speed="13.82" pos="137.86" lane="2/1to3/1_0" slope="0.00"/>
        <vehicle id="3" x="201.65" y="276.25" angle="180.00" type="DEFAULT_VEHTYPE" speed="12.74" pos="71.50" lane="1/1to1/2_0" slope="0.00"/>
        <vehicle id="32" x="601.65" y="498.06" angle="180.00" type="DEFAULT_VEHTYPE" speed="12.69" pos="93.31" lane="3/2to3/3_0" slope="0.00"/>
        <vehicle id="37" x="398.35" y="140.16" angle="0.00" type="DEFAULT_VEHTYPE" speed="13.41" pos="55.09" lane="2/1to2/0_0" slope="0.00"/>
        <vehicle id="38" x="375.25" y="598.35" angle="90.00" type="DEFAULT_VEHTYPE" speed="1.59" pos="170.50" lane="1/3to2/3_0" slope="0.00"/>
        <vehicle id="4" x="398.35" y="297.53" angle="0.00" type="DEFAULT_VEHTYPE" speed="12.72" pos="97.72" lane="2/2to2/1_0" slope="0.00"/>
        <vehicle id="41" x="401.65" y="650.48" angle="180.00" type="DEFAULT_VEHTYPE" speed="12.60" pos="45.73" lane="2/3to2/4_0" slope="0.00"/>
        <vehicle id="42" x="198.35" y="86.98" angle="0.00" type="DEFAULT_VEHTYPE" speed="13.79" pos="108.27" lane="1/1to1/0_0" slope="0.00"/>
        <vehicle id="43" x="343.86" y="598.35" angle="90.00" type="DEFAULT_VEHTYPE" speed="13.56" pos="139.11" lane="1/3to2/3_0" slope="0.00"/>
        <vehicle id="44" x="398.35" y="333.18" angle="0.00" type="DEFAULT_VEHTYPE" speed="13.25" pos="62.07" lane="2/2to2/1_0" slope="0.00"/>
        <vehicle id="46" x="3.02" y="398.35" angle="74.19" type="DEFAULT_VEHTYPE" speed="13.16" pos="3.02" lane="0/2to1/2_0" slope="0.00"/>
        <vehicle id="47" x="392.74" y="598.35" angle="90.00" type="DEFAULT_VEHTYPE" speed="0.02" pos="187.99" lane="1/3to2/3_0" slope="0.00"/>
        <vehicle id="49" x="398.35" y="603.60" angle="0.00" type="DEFAULT_VEHTYPE" speed="13.58" pos="1.15" lane=":2/3_1_0" slope="0.00"/>
        <vehicle id="6" x="398.35" y="484.28" angle="0.00" type="DEFAULT_VEHTYPE" speed="12.72" pos="110.97" lane="2/3to2/2_0" slope="0.00"/>
    </timestep>
    <timestep time="155.00">
        <vehicle id="1" x="289.21" y="598.35" angle="90.00" type="DEFAULT_VEHTYPE" speed="13.48" pos="84.46" lane="1/3to2/3_0" slope="0.00"/>
        <vehicle id="11" x="217.39" y="201.65" angle="-90.00" type="DEFAULT_VEHTYPE" speed="9.44" pos="177.86" lane="2/1to1/1_0" slope="0.00"/>
        <vehicle id="13" x="598.35" y="507.42" angle="0.00" type="DEFAULT_VEHTYPE" speed="13.62" pos="87.83" lane="3/3to3/2_0" slope="0.00"/>
        <vehicle id="17" x="119.33" y="401.65" angle="-90.00" type="DEFAULT_VEHTYPE" speed="13.37" pos="75.92" lane="1/2to0/2_0" slope="0.00"/>
        <vehicle id="2" x="442.56" y="401.65" angle="-90.00" type="DEFAULT_VEHTYPE" speed="13.36" pos="152.69" lane="3/2to2/2_0" slope="0.00"/>
        <vehicle id="21" x="398.35" y="564.81" angle="0.00" type="DEFAULT_VEHTYPE" speed="13.80" pos="30.44" lane="2/3to2/2_0" slope="0.00"/>
        <vehicle id="23" x="385.20" y="598.35" angle="90.00" type="DEFAULT_VEHTYPE" speed="0.06" pos="180.45" lane="1/3to2/3_0" slope="0.00"/>
        <vehicle id="25" x="200.66" y="-1.32" angle="36.18" type="DEFAULT_VEHTYPE" speed="13.36" pos="3.15" lane=":1/0_0_0" slope="0.00"/>
        <vehicle id="27" x="398.35" y="398.27" angle="0.00" type="DEFAULT_VEHTYPE" speed="13.10" pos="6.48" lane=":2/2_1_0" slope="0.00"/>
        <vehicle id="29" x="556.37" y="198.35" angle="90.00" type="DEFAULT_VEHTYPE" speed="13.76" pos="151.62" lane="2/1to3/1_0" slope="0.00"/>
        <vehicle id="3" x="201.65" y="290.02" angle="180.00" type="DEFAULT_VEHTYPE" speed="13.77" pos="85.27" lane="1/1to1/2_0" slope="0.00"/>
        <vehicle id="32" x="601.65" y="510.80" angle="180.00" type="DEFAULT_VEHTYPE" speed="12.74" pos="106.05" lane="3/2to3/3_0" slope="0.00"/>
        <vehicle id="37" x="398.35" y="127.22" angle="0.00" type="DEFAULT_VEHTYPE" speed="12.94" pos="68.03" lane="2/1to2/0_0" slope="0.00"/>
        <vehicle id="38" x="377.01" y="598.35" angle="90.00" type="DEFAULT_VEHTYPE" speed="1.76" pos="172.26" lane="1/3to2/3_0" slope="0.00"/>
        <vehicle id="4" x="398.35" y="284.44" angle="0.00" type="DEFAULT_VEHTYPE" speed="13.09" pos="110.81" lane="2/2to2/1_0" slope="0.00"/>
        <vehicle id="41" x="401.65" y="663.64" angle="180.00" type="DEFAULT_VEHTYPE" speed="13.16" pos="58.89" lane="2/3to2/4_0" slope="0.00"/>
        <vehicle id="42" x="198.35" y="73.30" angle="0.00" type="DEFAULT_VEHTYPE" speed="13.68" pos="121.95" lane="1/1to1/0_0" slope="0.00"/>
        <vehicle id="43" x="354.07" y="598.35" angle="90.00" type="DEFAULT_VEHTYPE" speed="10.21" pos="149.32" lane="1/3to2/3_0" slope="0.00"/>
        <vehicle id="44" x="398.35" y="319.61" angle="0.00" type="DEFAULT_VEHTYPE" speed="13.57" pos="75.64" lane="2/2to2/1_0" slope="0.00"/>
        <vehicle id="46" x="16.53" y="398.35" angle="90.00" type="DEFAULT_VEHTYPE" speed="13.51" pos="16.53" lane="0/2to1/2_0" slope="0.00"/>
        <vehicle id="47" x="392.74" y="598.35" angle="90.00" type="DEFAULT_VEHTYPE" speed="0.00" pos="187.99" lane="1/3to2/3_0" slope="0.00"/>
        <vehicle id="49" x="398.35" y="590.92" angle="0.00" type="DEFAULT_VEHTYPE" speed="12.68" pos="4.33" lane="2/3to2/2_0" slope="0.00"/>
        <vehicle id="6" x="398.35" y="471.15" angle="0.00" type="DEFAULT_VEHTYPE" speed="13.13" pos="124.10" lane="2/3to2/2_0" slope="0.00"/>
    </timestep>
    <timestep time="156.00">
        <vehicle id="1" x="302.83" y="598.35" angle="90.00" type="DEFAULT_VEHTYPE" speed="13.62" pos="98.08" lane="1/3to2/3_0" slope="0.00"/>
        <vehicle id="11" x="211.80" y="201.65" angle="-90.00" type="DEFAULT_VEHTYPE" speed="5.59" pos="183.45" lane="2/1to1/1_0" slope="0.00"/>
        <vehicle id="13" x="598.35" y="494.21" angle="0.00" type="DEFAULT_VEHTYPE" speed="13.21" pos="101.04" lane="3/3to3/2_0" slope="0.00"/>
        <vehicle id="17" x="105.44" y="401.65" angle="-90.00" type="DEFAULT_VEHTYPE" speed="13.88" pos="89.81" lane="1/2to0/2_0" slope="0.00"/>
        <vehicle id="2" x="429.91" y="401.65" angle="-90.00" type="DEFAULT_VEHTYPE" speed="12.65" pos="165.34" lane="3/2to2/2_0" slope="0.00"/>
        <vehicle id="21" x="398.35" y="550.98" angle="0.00" type="DEFAULT_VEHTYPE" speed="13.83" pos="44.27" lane="2/3to2/2_0" slope="0.00"/>
        <vehicle id="23" x="385.23" y="598.35" angle="90.00" type="DEFAULT_VEHTYPE" speed="0.03" pos="180.48" lane="1/3to2/3_0" slope="0.00"/>
        <vehicle id="25" x="201.65" y="11.22" angle="180.00" type="DEFAULT_VEHTYPE" speed="12.89" pos="11.22" lane="1/0to1/1_0" slope="0.00"/>
        <vehicle id="27" x="398.35" y="385.14" angle="0.00" type="DEFAULT_VEHTYPE" speed="13.14" pos="10.11" lane="2/2to2/1_0" slope="0.00"/>
        <vehicle id="29" x="570.13" y="198.35" angle="90.00" type="DEFAULT_VEHTYPE" speed="13.77" pos="165.38" lane="2/1to3/1_0" slope="0.00"/>
        <vehicle id="3" x="201.65" y="303.48" angle="180.00" type="DEFAULT_VEHTYPE" speed="13.46" pos="98.73" lane="1/1to1/2_0" slope="0.00"/>
        <vehicle id="32" x="601.65" y="524.70" angle="180.00" type="DEFAULT_VEHTYPE" speed="13.90" pos="119.95" lane="3/2to3/3_0" slope="0.00"/>
        <vehicle id="37" x="398.35" y="113.77" angle="0.00" type="DEFAULT_VEHTYPE" speed="13.45" pos="81.48" lane="2/1to2/0_0" slope="0.00"/>
        <vehicle id="38" x="377.65" y="598.35" angle="90.00" type="DEFAULT_VEHTYPE" speed="0.64" pos="172.90" lane="1/3to2/3_0" slope="0.00"/>
        <vehicle id="4" x="398.35" y="271.45" angle="0.00" type="DEFAULT_VEHTYPE" speed="12.98" pos="123.80" lane="2/2to2/1_0" slope="0.00"/>
        <vehicle id="41" x="401.65" y="677.53" angle="180.00" type="DEFAULT_VEHTYPE" speed="13.89" pos="72.78" lane="2/3to2/4_0" slope="0.00"/>
        <vehicle id="42" x="198.35" y="59.71" angle="0.00" type="DEFAULT_VEHTYPE" speed="13.60" pos="135.54" lane="1/1to1/0_0" slope="0.00"/>
        <vehicle id="43" x="361.80" y="598.35" angle="90.00" type="DEFAULT_VEHTYPE" speed="7.73" pos="157.05" lane="1/3to2/3_0" slope="0.00"/>
        <vehicle id="44" x="398.35" y="306.06" angle="0.00" type="DEFAULT_VEHTYPE" speed="13.56" pos="89.19" lane="2/2to2/1_0" slope="0.00"/>
        <vehicle id="46" x="29.67" y="398.35" angle="90.00" type="DEFAULT_VEHTYPE" speed="13.14" pos="29.67" lane="0/2to1/2_0" slope="0.00"/>
        <vehicle id="47" x="395.28" y="598.35" angle="90.05" type="DEFAULT_VEHTYPE" speed="2.54" pos="0.03" lane=":2/3_14_0" slope="0.00"/>
        <vehicle id="49" x="398.35" y="577.60" angle="0.00" type="DEFAULT_VEHTYPE" speed="13.32" pos="17.65" lane="2/3to2/2_0" slope="0.00"/>
        <vehicle id="6" x="398.35" y="458.32" angle="0.00" type="DEFAULT_VEHTYPE" speed="12.83" pos="136.93" lane="2/3to2/2_0" slope="0.00"/>
    </timestep>
    <timestep time="157.00">
        <vehicle id="1" x="315.96" y="598.35" angle="90.00" type="DEFAULT_VEHTYPE" speed="13.14" pos="111.21" lane="1/3to2/3_0" slope="0.00"/>
        <vehicle id="11" x="209.77" y="201.65" angle="-90.00" type="DEFAULT_VEHTYPE" speed="2.03" pos="185.48" lane="2/1to1/1_0" slope="0.00"/>
        <vehicle id="13" x="598.35" y="480.56" angle="0.00" type="DEFAULT_VEHTYPE" speed="13.65" pos="114.69" lane="3/3to3/2_0" slope="0.00"/>
        <vehicle id="17" x="92.50" y="401.65" angle="-90.00" type="DEFAULT_VEHTYPE" speed="12.95" pos="102.75" lane="1/2to0/2_0" slope="0.00"/>
        <vehicle id="2" x="419.64" y="401.65" angle="-90.00" type="DEFAULT_VEHTYPE" speed="10.26" pos="175.61" lane="3/2to2/2_0" slope="0.00"/>
        <vehicle id="21" x="398.35" y="537.97" angle="0.00" type="DEFAULT_VEHTYPE" speed="13.01" pos="57.28" lane="2/3to2/2_0" slope="0.00"/>
        <vehicle id="23" x="386.88" y="598.35" angle="90.00" type="DEFAULT_VEHTYPE" speed="1.64" pos="182.13" lane="1/3to2/3_0" slope="0.00"/>
        <vehicle id="25" x="201.65" y="24.70" angle="180.00" type="DEFAULT_VEHTYPE" speed="13.48" pos="24.70" lane="1/0to1/1_0" slope="0.00"/>
        <vehicle id="27" x="398.35" y="371.74" angle="0.00" type="DEFAULT_VEHTYPE" speed="13.39" pos="23.51" lane="2/2to2/1_0" slope="0.00"/>
        <vehicle id="29" x="580.56" y="198.35" angle="90.00" type="DEFAULT_VEHTYPE" speed="10.43" pos="175.81" lane="2/1to3/1_0" slope="0.00"/>
        <vehicle id="3" x="201.65" y="317.30" angle="180.00" type="DEFAULT_VEHTYPE" speed="13.83" pos="112.55" lane="1/1to1/2_0" slope="0.00"/>
        <vehicle id="32" x="601.65" y="537.97" angle="180.00" type="DEFAULT_VEHTYPE" speed="13.27" pos="133.22" lane="3/2to3/3_0" slope="0.00"/>
        <vehicle id="37" x="398.35" y="100.53" angle="0.00" type="DEFAULT_VEHTYPE" speed="13.24" pos="94.72" lane="2/1to2/0_0" slope="0.00"/>
        <vehicle id="38" x="377.71" y="598.35" angle="90.00" type="DEFAULT_VEHTYPE" speed="0.06" pos="172.96" lane="1/3to2/3_0" slope="0.00"/>
        <vehicle id="4" x="398.35" y="258.80" angle="0.00" type="DEFAULT_VEHTYPE" speed="12.65" pos="136.45" lane="2/2to2/1_0" slope="0.00"/>
        <vehicle id="41" x="401.65" y="690.58" angle="180.00" type="DEFAULT_VEHTYPE" speed="13.06" pos="85.83" lane="2/3to2/4_0" slope="0.00"/>
        <vehicle id="42" x="198.35" y="46.61" angle="0.00" type="DEFAULT_VEHTYPE" speed="13.10" pos="148.64" lane="1/1to1/0_0" slope="0.00"/>
        <vehicle id="43" x="365.79" y="598.35" angle="90.00" type="DEFAULT_VEHTYPE" speed="3.99" pos="161.04" lane="1/3to2/3_0" slope="0.00"/>
        <vehicle id="44" x="398.35" y="293.23" angle="0.00" type="DEFAULT_VEHTYPE" speed="12.83" pos="102.02" lane="2/2to2/1_0" slope="0.00"/>
        <vehicle id="46" x="43.04" y="398.35" angle="90.00" type="DEFAULT_VEHTYPE" speed="13.37" pos="43.04" lane="0/2to1/2_0" slope="0.00"/>
        <vehicle id="47" x="399.71" y="599.74" angle="106.54" type="DEFAULT_VEHTYPE" speed="4.73" pos="4.76" lane=":2/3_14_0" slope="0.00"/>
        <vehicle id="49" x="398.35" y="563.96" angle="0.00" type="DEFAULT_VEHTYPE" speed="13.64" pos="31.29" lane="2/3to2/2_0" slope="0.00"/>
        <vehicle id="6" x="398.35" y="444.47" angle="0.00" type="DEFAULT_VEHTYPE" speed="13.85" pos="150.78" lane="2/3to2/2_0" slope="0.00"/>
    </timestep>
    <timestep time="158.00">
        <vehicle id="1" x="329.23" y="598.35" angle="90.00" type="DEFAULT_VEHTYPE" speed="13.27" pos="124.48" lane="1/3to2/3_0" slope="0.00"/>
        <vehicle id="11" x="205.34" y="201.65" angle="-90.00" type="DEFAULT_VEHTYPE" speed="4.43" pos="189.91" lane="2/1to1/1_0" slope="0.00"/>
        <vehicle id="13" x="598.35" y="467.89" angle="0.00" type="DEFAULT_VEHTYPE" speed="12.67" pos="127.36" lane="3/3to3/2_0" slope="0.00"/>
        <vehicle id="17" x="79.54" y="401.65" angle="-90.00" type="DEFAULT_VEHTYPE" speed="12.96" pos="115.71" lane="1/2to0/2_0" slope="0.00"/>
        <vehicle id="2" x="412.68" y="401.65" angle="-90.00" type="DEFAULT_VEHTYPE" speed="6.96" pos="182.57" lane="3/2to2/2_0" slope="0.00"/>
        <vehicle id="21" x="398.35" y="525.34" angle="0.00" type="DEFAULT_VEHTYPE" speed="12.63" pos="69.91" lane="2/3to2/2_0" slope="0.00"/>
        <vehicle id="23" x="390.14" y="598.35" angle="90.00" type="DEFAULT_VEHTYPE" speed="3.26" pos="185.39" lane="1/3to2/3_0" slope="0.00"/>
        <vehicle id="25" x="201.65" y="38.02" angle="180.00" type="DEFAULT_VEHTYPE" speed="13.31" pos="38.02" lane="1/0to1/1_0" slope="0.00"/>
        <vehicle id="27" x="398.35" y="358.51" angle="0.00" type="DEFAULT_VEHTYPE" speed="13.23" pos="36.74" lane="2/2to2/1_0" slope="0.00"/>
        <vehicle id="29" x="586.49" y="198.35" angle="90.00" type="DEFAULT_VEHTYPE" speed="5.93" pos="181.74" lane="2/1to3/1_0" slope="0.00"/>
        <vehicle id="3" x="201.65" y="330.88" angle="180.00" type="DEFAULT_VEHTYPE" speed="13.58" pos="126.13" lane="1/1to1/2_0" slope="0.00"/>
        <vehicle id="32" x="601.65" y="551.48" angle="180.00" type="DEFAULT_VEHTYPE" speed="13.50" pos="146.73" lane="3/2to3/3_0" slope="0.00"/>
        <vehicle id="37" x="398.35" y="86.77" angle="0.00" type="DEFAULT_VEHTYPE" speed="13.76" pos="108.48" lane="2/1to2/0_0" slope="0.00"/>
        <vehicle id="38" x="378.68" y="598.35" angle="90.00" type="DEFAULT_VEHTYPE" speed="0.97" pos="173.93" lane="1/3to2/3_0" slope="0.00"/>
        <vehicle id="4" x="398.35" y="245.45" angle="0.00" type="DEFAULT_VEHTYPE" speed="13.35" pos="149.80" lane="2/2to2/1_0" slope="0.00"/>
        <vehicle id="41" x="401.65" y="703.95" angle="180.00" type="DEFAULT_VEHTYPE" speed="13.37" pos="99.20" lane="2/3to2/4_0" slope="0.00"/>
        <vehicle id="42" x="198.35" y="33.58" angle="0.00" type="DEFAULT_VEHTYPE" speed="13.02" pos="161.67" lane="1/1to1/0_0" slope="0.00"/>
        <vehicle id="43" x="367.79" y="598.35" angle="90.00" type="DEFAULT_VEHTYPE" speed="2.00" pos="163.04" lane="1/3to2/3_0" slope="0.00"/>
        <vehicle id="44" x="398.35" y="280.46" angle="0.00" type="DEFAULT_VEHTYPE" speed="12.77" pos="114.79" lane="2/2to2/1_0" slope="0.00"/>
        <vehicle id="46" x="55.84" y="398.35" angle="90.00" type="DEFAULT_VEHTYPE" speed="12.80" pos="55.84" lane="0/2to1/2_0" slope="0.00"/>
        <vehicle id="47" x="401.65" y="605.34" angle="165.67" type="DEFAULT_VEHTYPE" speed="6.15" pos="0.59" lane="2/3to2/4_0" slope="0.00"/>
        <vehicle id="49" x="398.35" y="550.52" angle="0.00" type="DEFAULT_VEHTYPE" speed="13.44" pos="44.73" lane="2/3to2/2_0" slope="0.00"/>
        <vehicle id="6" x="398.35" y="431.28" angle="0.00" type="DEFAULT_VEHTYPE" speed="13.19" pos="163.97" lane="2/3to2/2_0" slope="0.00"/>
    </timestep>
    <timestep time="159.00">
        <vehicle id="1" x="341.63" y="598.35" angle="90.00" type="DEFAULT_VEHTYPE" speed="12.39" pos="136.88" lane="1/3to2/3_0" slope="0.00"/>
        <vehicle id="11" x="201.65" y="205.04" angle="-140.03" type="DEFAULT_VEHTYPE" speed="5.88" pos="0.29" lane="1/1to1/2_0" slope="0.00"/>
        <vehicle id="13" x="598.35" y="454.97" angle="0.00" type="DEFAULT_VEHTYPE" speed="12.92" pos="140.28" lane="3/3to3/2_0" slope="0.00"/>
        <vehicle id="17" x="65.69" y="401.65" angle="-90.00" type="DEFAULT_VEHTYPE" speed="13.85" pos="129.56" lane="1/2to0/2_0" slope="0.00"/>
        <vehicle id="2" x="409.04" y="401.65" angle="-90.00" type="DEFAULT_VEHTYPE" speed="3.64" pos="186.21" lane="3/2to2/2_0" slope="0.00"/>
        <vehicle id="21" x="398.35" y="512.35" angle="0.00" type="DEFAULT_VEHTYPE" speed="12.99" pos="82.90" lane="2/3to2/2_0" slope="0.00"/>
        <vehicle id="23" x="395.25" y="598.35" angle="90.00" type="DEFAULT_VEHTYPE" speed="5.11" pos="190.50" lane="1/3to2/3_0" slope="0.00"/>
        <vehicle id="25" x="201.65" y="51.34" angle="180.00" type="DEFAULT_VEHTYPE" speed="13.32" pos="51.34" lane="1/0to1/1_0" slope="0.00"/>
        <vehicle id="27" x="398.35" y="345.24" angle="0.00" type="DEFAULT_VEHTYPE" speed="13.27" pos="50.01" lane="2/2to2/1_0" slope="0.00"/>
        <vehicle id="29" x="589.80" y="198.35" angle="90.00" type="DEFAULT_VEHTYPE" speed="3.30" pos="185.05" lane="2/1to3/1_0" slope="0.00"/>
        <vehicle id="3" x="201.65" y="344.57" angle="180.00" type="DEFAULT_VEHTYPE" speed="13.69" pos="139.82" lane="1/1to1/2_0" slope="0.00"/>
        <vehicle id="32" x="601.65" y="565.06" angle="180.00" type="DEFAULT_VEHTYPE" speed="13.58" pos="160.31" lane="3/2to3/3_0" slope="0.00"/>
        <vehicle id="37" x="398.35" y="73.67" angle="0.00" type="DEFAULT_VEHTYPE" speed="13.09" pos="121.58" lane="2/1to2/0_0" slope="0.00"/>
        <vehicle id="38" x="381.64" y="598.35" angle="90.00" type="DEFAULT_VEHTYPE" speed="2.96" pos="176.89" lane="1/3to2/3_0" slope="0.00"/>
        <vehicle id="4" x="398.35" y="232.28" angle="0.00" type="DEFAULT_VEHTYPE" speed="13.17" pos="162.97" lane="2/2to2/1_0" slope="0.00"/>
        <vehicle id="41" x="401.65" y="716.61" angle="180.00" type="DEFAULT_VEHTYPE" speed="12.66" pos="111.86" lane="2/3to2/4_0" slope="0.00"/>
        <vehicle id="42" x="198.35" y="20.37" angle="0.00" type="DEFAULT_VEHTYPE" speed="13.21" pos="174.88" lane="1/1to1/0_0" slope="0.00"/>
        <vehicle id="43" x="369.38" y="598.35" angle="90.00" type="DEFAULT_VEHTYPE" speed="1.59" pos="164.63" lane="1/3to2/3_0" slope="0.00"/>
        <vehicle id="44" x="398.35" y="266.76" angle="0.00" type="DEFAULT_VEHTYPE" speed="13.69" pos="128.49" lane="2/2to2/1_0" slope="0.00"/>
        <vehicle id="46" x="69.54" y="398.35" angle="90.00" type="DEFAULT_VEHTYPE" speed="13.70" pos="69.54" lane="0/2to1/2_0" slope="0.00"/>
        <vehicle id="47" x="401.65" y="613.97" angle="180.00" type="DEFAULT_VEHTYPE" speed="8.62" pos="9.22" lane="2/3to2/4_0" slope="0.00"/>
        <vehicle id="49" x="398.35" y="537.49" angle="0.00" type="DEFAULT_VEHTYPE" speed="13.03" pos="57.76" lane="2/3to2/2_0" slope="0.00"/>
        <vehicle id="6" x="398.35" y="417.86" angle="0.00" type="DEFAULT_VEHTYPE" speed="13.42" pos="177.39" lane="2/3to2/2_0" slope="0.00"/>
    </timestep>
    <timestep time="160.00">
        <vehicle id="1" x="350.09" y="598.35" angle="90.00" type="DEFAULT_VEHTYPE" speed="8.46" pos="145.34" lane="1/3to2/3_0" slope="0.00"/>
        <vehicle id="11" x="201.65" y="213.19" angle="180.00" type="DEFAULT_VEHTYPE" speed="8.14" pos="8.44" lane="1/1to1/2_0" slope="0.00"/>
        <vehicle id="13" x="598.35" y="441.56" angle="0.00" type="DEFAULT_VEHTYPE" speed="13.40" pos="153.69" lane="3/3to3/2_0" slope="0.00"/>
        <vehicle id="17" x="52.21" y="401.65" angle="-90.00" type="DEFAULT_VEHTYPE" speed="13.48" pos="143.04" lane="1/2to0/2_0" slope="0.00"/>
        <vehicle id="2" x="407.76" y="401.65" angle="-90.00" type="DEFAULT_VEHTYPE" speed="1.28" pos="187.49" lane="3/2to2/2_0" slope="0.00"/>
        <vehicle id="21" x="398.35" y="499.59" angle="0.00" type="DEFAULT_VEHTYPE" speed="12.76" pos="95.66" lane="2/3to2/2_0" slope="0.00"/>
        <vehicle id="23" x="401.19" y="601.86" angle="131.47" type="DEFAULT_VEHTYPE" speed="7.38" pos="7.38" lane=":2/3_14_0" slope="0.00"/>
        <vehicle id="25" x="201.65" y="64.62" angle="180.00" type="DEFAULT_VEHTYPE" speed="13.28" pos="64.62" lane="1/0to1/1_0" slope="0.00"/>
        <vehicle id="27" x="398.35" y="331.82" angle="0.00" type="DEFAULT_VEHTYPE" speed="13.42" pos="63.43" lane="2/2to2/1_0" slope="0.00"/>
        <vehicle id="29" x="594.43" y="198.35" angle="90.00" type="DEFAULT_VEHTYPE" speed="4.63" pos="189.68" lane="2/1to3/1_0" slope="0.00"/>
        <vehicle id="3" x="201.65" y="358.34" angle="180.00" type="DEFAULT_VEHTYPE" speed="13.77" pos="153.59" lane="1/1to1/2_0" slope="0.00"/>
        <vehicle id="32" x="601.65" y="578.11" angle="180.00" type="DEFAULT_VEHTYPE" speed="13.06" pos="173.36" lane="3/2to3/3_0" slope="0.00"/>
        <vehicle id="37" x="398.35" y="60.71" angle="0.00" type="DEFAULT_VEHTYPE" speed="12.96" pos="134.54" lane="2/1to2/0_0" slope="0.00"/>
        <vehicle id="38" x="386.56" y="598.35" angle="90.00" type="DEFAULT_VEHTYPE" speed="4.92" pos="181.81" lane="1/3to2/3_0" slope="0.00"/>
        <vehicle id="4" x="398.35" y="218.39" angle="0.00" type="DEFAULT_VEHTYPE" speed="13.89" pos="176.86" lane="2/2to2/1_0" slope="0.00"/>
        <vehicle id="41" x="401.65" y="729.64" angle="180.00" type="DEFAULT_VEHTYPE" speed="13.02" pos="124.89" lane="2/3to2/4_0" slope="0.00"/>
        <vehicle id="42" x="198.35" y="6.96" angle="0.00" type="DEFAULT_VEHTYPE" speed="13.41" pos="188.29" lane="1/1to1/0_0" slope="0.00"/>
        <vehicle id="43" x="372.43" y="598.35" angle="90.00" type="DEFAULT_VEHTYPE" speed="3.06" pos="167.68" lane="1/3to2/3_0" slope="0.00"/>
        <vehicle id="44" x="398.35" y="254.06" angle="0.00" type="DEFAULT_VEHTYPE" speed="12.70" pos="141.19" lane="2/2to2/1_0" slope="0.00"/>
        <vehicle id="46" x="83.07" y="398.35" angle="90.00" type="DEFAULT_VEHTYPE" speed="13.54" pos="83.07" lane="0/2to1/2_0" slope="0.00"/>
        <vehicle id="47" x="401.65" y="624.79" angle="180.00" type="DEFAULT_VEHTYPE" speed="10.83" pos="20.04" lane="2/3to2/4_0" slope="0.00"/>
        <vehicle id="49" x="398.35" y="523.69" angle="0.00" type="DEFAULT_VEHTYPE" speed="13.79" pos="71.56" lane="2/3to2/2_0" slope="0.00"/>
        <vehicle id="6" x="398.35" y="404.92" angle="0.00" type="DEFAULT_VEHTYPE" speed="12.94" pos="190.33" lane="2/3to2/2_0" slope="0.00"/>
    </timestep>
    <timestep time="161.00">
        <vehicle id="1" x="357.03" y="598.35" angle="90.00" type="DEFAULT_VEHTYPE" speed="6.95" pos="152.28" lane="1/3to2/3_0" slope="0.00"/>
        <vehicle id="11" x="201.65" y="223.21" angle="180.00" type="DEFAULT_VEHTYPE" speed="10.02" pos="18.46" lane="1/1to1/2_0" slope="0.00"/>
        <vehicle id="13" x="598.35" y="428.38" angle="0.00" type="DEFAULT_VEHTYPE" speed="13.18" pos="166.87" lane="3/3to3/2_0" slope="0.00"/>
        <vehicle id="17" x="38.86" y="401.65" angle="-90.00" type="DEFAULT_VEHTYPE" speed="13.34" pos="156.39" lane="1/2to0/2_0" slope="0.00"/>
        <vehicle id="2" x="407.45" y="401.65" angle="-90.00" type="DEFAULT_VEHTYPE" speed="0.31" pos="187.80" lane="3/2to2/2_0" slope="0.00"/>
        <vehicle id="21" x="398.35" y="486.74" angle="0.00" type="DEFAULT_VEHTYPE" speed="12.85" pos="108.51" lane="2/3to2/2_0" slope="0.00"/>
        <vehicle id="23" x="401.65" y="610.78" angle="180.00" type="DEFAULT_VEHTYPE" speed="8.96" pos="6.03" lane="2/3to2/4_0" slope="0.00"/>
        <vehicle id="25" x="201.65" y="77.47" angle="180.00" type="DEFAULT_VEHTYPE" speed="12.86" pos="77.47" lane="1/0to1/1_0" slope="0.00"/>
        <vehicle id="27" x="398.35" y="319.00" angle="0.00" type="DEFAULT_VEHTYPE" speed="12.82" pos="76.25" lane="2/2to2/1_0" slope="0.00"/>
        <vehicle id="29" x="600.30" y="200.37" angle="113.62" type="DEFAULT_VEHTYPE" speed="6.47" pos="5.65" lane=":3/1_14_0" slope="0.00"/>
        <vehicle id="3" x="201.65" y="371.57" angle="180.00" type="DEFAULT_VEHTYPE" speed="13.23" pos="166.82" lane="1/1to1/2_0" slope="0.00"/>
        <vehicle id="32" x="601.65" y="591.70" angle="180.00" type="DEFAULT_VEHTYPE" speed="13.58" pos="186.95" lane="3/2to3/3_0" slope="0.00"/>
        <vehicle id="37" x="398.35" y="47.21" angle="0.00" type="DEFAULT_VEHTYPE" speed="13.51" pos="148.04" lane="2/1to2/0_0" slope="0.00"/>
        <vehicle id="38" x="390.61" y="598.35" angle="90.00" type="DEFAULT_VEHTYPE" speed="4.04" pos="185.86" lane="1/3to2/3_0" slope="0.00"/>
        <vehicle id="4" x="398.35" y="204.65" angle="0.00" type="DEFAULT_VEHTYPE" speed="13.74" pos="0.10" lane=":2/1_1_0" slope="0.00"/>
        <vehicle id="41" x="401.65" y="743.26" angle="180.00" type="DEFAULT_VEHTYPE" speed="13.62" pos="138.51" lane="2/3to2/4_0" slope="0.00"/>
        <vehicle id="42" x="201.65" y="1.25" angle="128.31" type="DEFAULT_VEHTYPE" speed="13.02" pos="1.25" lane="1/0to1/1_0" slope="0.00"/>
        <vehicle id="43" x="377.18" y="598.35" angle="90.00" type="DEFAULT_VEHTYPE" speed="4.75" pos="172.43" lane="1/3to2/3_0" slope="0.00"/>
        <vehicle id="44" x="398.35" y="240.59" angle="0.00" type="DEFAULT_VEHTYPE" speed="13.48" pos="154.66" lane="2/2to2/1_0" slope="0.00"/>
        <vehicle id="46" x="95.90" y="398.35" angle="90.00" type="DEFAULT_VEHTYPE" speed="12.83" pos="95.90" lane="0/2to1/2_0" slope="0.00"/>
        <vehicle id="47" x="401.65" y="637.83" angle="180.00" type="DEFAULT_VEHTYPE" speed="13.03" pos="33.08" lane="2/3to2/4_0" slope="0.00"/>
        <vehicle id="49" x="398.35" y="510.98" angle="0.00" type="DEFAULT_VEHTYPE" speed="12.71" pos="84.27" lane="2/3to2/2_0" slope="0.00"/>
        <vehicle id="6" x="387.76" y="401.65" angle="-90.00" type="DEFAULT_VEHTYPE" speed="12.66" pos="7.49" lane="2/2to1/2_0" slope="0.00"/>
    </timestep>
    <timestep time="162.00">
        <vehicle id="1" x="364.45" y="598.35" angle="90.00" type="DEFAULT_VEHTYPE" speed="7.41" pos="159.70" lane="1/3to2/3_0" slope="0.00"/>
        <vehicle id="11" x="201.65" y="235.66" angle="180.00" type="DEFAULT_VEHTYPE" speed="12.46" pos="30.91" lane="1/1to1/2_0" slope="0.00"/>
        <vehicle id="13" x="598.35" y="415.75" angle="0.00" type="DEFAULT_VEHTYPE" speed="12.63" pos="179.50" lane="3/3to3/2_0" slope="0.00"/>
        <vehicle id="17" x="25.06" y="401.65" angle="-90.00" type="DEFAULT_VEHTYPE" speed="13.80" pos="170.19" lane="1/2to0/2_0" slope="0.00"/>
        <vehicle id="2" x="407.26" y="401.65" angle="-90.00" type="DEFAULT_VEHTYPE" speed="0.19" pos="187.99" lane="3/2to2/2_0" slope="0.00"/>
        <vehicle id="21" x="398.35" y="473.16" angle="0.00" type="DEFAULT_VEHTYPE" speed="13.58" pos="122.09" lane="2/3to2/2_0" slope="0.00"/>
        <vehicle id="23" x="401.65" y="621.81" angle="180.00" type="DEFAULT_VEHTYPE" speed="11.03" pos="17.06" lane="2/3to2/4_0" slope="0.00"/>
        <vehicle id="25" x="201.65" y="90.11" angle="180.00" type="DEFAULT_VEHTYPE" speed="12.63" pos="90.11" lane="1/0to1/1_0" slope="0.00"/>
        <vehicle id="27" x="398.35" y="306.19" angle="0.00" type="DEFAULT_VEHTYPE" speed="12.82" pos="89.06" lane="2/2to2/1_0" slope="0.00"/>
        <vehicle id="29" x="601.65" y="208.76" angle="178.39" type="DEFAULT_VEHTYPE" speed="8.68" pos="4.01" lane="3/1to3/2_0" slope="0.00"/>
        <vehicle id="3" x="201.65" y="384.88" angle="180.00" type="DEFAULT_VEHTYPE" speed="13.30" pos="180.13" lane="1/1to1/2_0" slope="0.00"/>
        <vehicle id="32" x="609.99" y="598.35" angle="90.00" type="DEFAULT_VEHTYPE" speed="13.80" pos="5.24" lane="3/3to4/3_0" slope="0.00"/>
        <vehicle id="37" x="398.35" y="34.19" angle="0.00" type="DEFAULT_VEHTYPE" speed="13.02" pos="161.06" lane="2/1to2/0_0" slope="0.00"/>
        <vehicle id="38" x="396.02" y="598.46" angle="91.26" type="DEFAULT_VEHTYPE" speed="5.41" pos="0.77" lane=":2/3_14_0" slope="0.00"/>
        <vehicle id="4" x="398.35" y="191.35" angle="0.00" type="DEFAULT_VEHTYPE" speed="13.30" pos="3.90" lane="2/1to2/0_0" slope="0.00"/>
        <vehicle id="41" x="401.65" y="756.43" angle="180.00" type="DEFAULT_VEHTYPE" speed="13.18" pos="151.68" lane="2/3to2/4_0" slope="0.00"/>
        <vehicle id="42" x="201.65" y="15.15" angle="180.00" type="DEFAULT_VEHTYPE" speed="13.90" pos="15.15" lane="1/0to1/1_0" slope="0.00"/>
        <vehicle id="43" x="380.69" y="598.35" angle="90.00" type="DEFAULT_VEHTYPE" speed="3.51" pos="175.94" lane="1/3to2/3_0" slope="0.00"/>
        <vehicle id="44" x="398.35" y="227.99" angle="0.00" type="DEFAULT_VEHTYPE" speed="12.60" pos="167.26" lane="2/2to2/1_0" slope="0.00"/>
        <vehicle id="46" x="108.90" y="398.35" angle="90.00" type="DEFAULT_VEHTYPE" speed="12.99" pos="108.90" lane="0/2to1/2_0" slope="0.00"/>
        <vehicle id="47" x="401.65" y="651.29" angle="180.00" type="DEFAULT_VEHTYPE" speed="13.46" pos="46.54" lane="2/3to2/4_0" slope="0.00"/>
        <vehicle id="49" x="398.35" y="497.79" angle="0.00" type="DEFAULT_VEHTYPE" speed="13.19" pos="97.46" lane="2/3to2/2_0" slope="0.00"/>
        <vehicle id="6" x="374.08" y="401.65" angle="-90.00" type="DEFAULT_VEHTYPE" speed="13.68" pos="21.17" lane="2/2to1/2_0" slope="0.00"/>
    </timestep>
    <timestep time="163.00">
        <vehicle id="1" x="368.69" y="598.35" angle="90.00" type="DEFAULT_VEHTYPE" speed="4.24" pos="163.94" lane="1/3to2/3_0" slope="0.00"/>
        <vehicle id="11" x="201.65" y="249.09" angle="180.00" type="DEFAULT_VEHTYPE" speed="13.43" pos="44.34" lane="1/1to1/2_0" slope="0.00"/>
        <vehicle id="13" x="597.92" y="402.99" angle="-4.97" type="DEFAULT_VEHTYPE" speed="12.84" pos="1.84" lane=":3/2_0_0" slope="0.00"/>
        <vehicle id="17" x="12.21" y="401.65" angle="-90.00" type="DEFAULT_VEHTYPE" speed="12.85" pos="183.04" lane="1/2to0/2_0" slope="0.00"/>
        <vehicle id="2" x="404.95" y="401.65" angle="-90.00" type="DEFAULT_VEHTYPE" speed="2.31" pos="190.30" lane="3/2to2/2_0" slope="0.00"/>
        <vehicle id="21" x="398.35" y="459.88" angle="0.00" type="DEFAULT_VEHTYPE" speed="13.28" pos="135.37" lane="2/3to2/2_0" slope="0.00"/>
        <vehicle id="23" x="401.65" y="634.31" angle="180.00" type="DEFAULT_VEHTYPE" speed="12.50" pos="29.56" lane="2/3to2/4_0" slope="0.00"/>
        <vehicle id="25" x="201.65" y="103.71" angle="180.00" type="DEFAULT_VEHTYPE" speed="13.61" pos="103.71" lane="1/0to1/1_0" slope="0.00"/>
        <vehicle id="27" x="398.35" y="292.90" angle="0.00" type="DEFAULT_VEHTYPE" speed="13.28" pos="102.35" lane="2/2to2/1_0" slope="0.00"/>
        <vehicle id="29" x="601.65" y="218.96" angle="180.00" type="DEFAULT_VEHTYPE" speed="10.20" pos="14.21" lane="3/1to3/2_0" slope="0.00"/>
        <vehicle id="3" x="201.65" y="398.43" angle="180.00" type="DEFAULT_VEHTYPE" speed="13.55" pos="3.18" lane=":1/2_9_0" slope="0.00"/>
        <vehicle id="32" x="623.51" y="598.35" angle="90.00" type="DEFAULT_VEHTYPE" speed="13.51" pos="18.76" lane="3/3to4/3_0" slope="0.00"/>
        <vehicle id="37" x="398.35" y="21.33" angle="0.00" type="DEFAULT_VEHTYPE" speed="12.86" pos="173.92" lane="2/1to2/0_0" slope="0.00"/>
        <vehicle id="38" x="401.37" y="602.79" angle="142.65" type="DEFAULT_VEHTYPE" speed="7.57" pos="8.34" lane=":2/3_14_0" slope="0.00"/>
        <vehicle id="4" x="398.35" y="178.19" angle="0.00" type="DEFAULT_VEHTYPE" speed="13.16" pos="17.06" lane="2/1to2/0_0" slope="0.00"/>
        <vehicle id="41" x="401.65" y="769.83" angle="180.00" type="DEFAULT_VEHTYPE" speed="13.40" pos="165.08" lane="2/3to2/4_0" slope="0.00"/>
        <vehicle id="42" x="201.65" y="28.73" angle="180.00" type="DEFAULT_VEHTYPE" speed="13.59" pos="28.73" lane="1/0to1/1_0" slope="0.00"/>
        <vehicle id="43" x="385.75" y="598.35" angle="90.00" type="DEFAULT_VEHTYPE" speed="5.06" pos="181.00" lane="1/3to2/3_0" slope="0.00"/>
        <vehicle id="44" x="398.35" y="214.30" angle="0.00" type="DEFAULT_VEHTYPE" speed="13.69" pos="180.95" lane="2/2to2/1_0" slope="0.00"/>
        <vehicle id="46" x="121.80" y="398.35" angle="90.00" type="DEFAULT_VEHTYPE" speed="12.90" pos="121.80" lane="0/2to1/2_0" slope="0.00"/>
        <vehicle id="47" x="401.65" y="664.80" angle="180.00" type="DEFAULT_VEHTYPE" speed="13.51" pos="60.05" lane="2/3to2/4_0" slope="0.00"/>
        <vehicle id="49" x="398.35" y="484.66" angle="0.00" type="DEFAULT_VEHTYPE" speed="13.13" pos="110.59" lane="2/3to2/2_0" slope="0.00"/>
        <vehicle id="6" x="361.23" y="401.65" angle="-90.00" type="DEFAULT_VEHTYPE" speed="12.85" pos="34.02" lane="2/2to1/2_0" slope="0.00"/>
    </timestep>
    <timestep time="164.00">
        <vehicle id="1" x="375.13" y="598.35" angle="90.00" type="DEFAULT_VEHTYPE" speed="6.44" pos="170.38" lane="1/3to2/3_0" slope="0.00"/>
        <vehicle id="11" x="201.65" y="262.75" angle="180.00" type="DEFAULT_VEHTYPE" speed="13.66" pos="58.00" lane="1/1to1/2_0" slope="0.00"/>
        <vehicle id="13" x="584.65" y="401.65" angle="-90.00" type="DEFAULT_VEHTYPE" speed="13.76" pos="10.60" lane="3/2to2/2_0" slope="0.00"/>
        <vehicle id="17" x="-0.81" y="401.12" angle="-83.72" type="DEFAULT_VEHTYPE" speed="13.18" pos="0.97" lane=":0/2_0_0" slope="0.00"/>
        <vehicle id="2" x="400.38" y="401.65" angle="-90.00" type="DEFAULT_VEHTYPE" speed="4.57" pos="4.37" lane=":2/2_5_0" slope="0.00"/>
        <vehicle id="21" x="398.35" y="446.40" angle="0.00" type="DEFAULT_VEHTYPE" speed="13.48" pos="148.85" lane="2/3to2/2_0" slope="0.00"/>
        <vehicle id="23" x="401.65" y="647.93" angle="180.00" type="DEFAULT_VEHTYPE" speed="13.63" pos="43.18" lane="2/3to2/4_0" slope="0.00"/>
        <vehicle id="25" x="201.65" y="117.39" angle="180.00" type="DEFAULT_VEHTYPE" speed="13.67" pos="117.39" lane="1/0to1/1_0" slope="0.00"/>
        <vehicle id="27" x="398.35" y="279.84" angle="0.00" type="DEFAULT_VEHTYPE" speed="13.06" pos="115.41" lane="2/2to2/1_0" slope="0.00"/>
        <vehicle id="29" x="601.65" y="230.86" angle="180.00" type="DEFAULT_VEHTYPE" speed="11.91" pos="26.11" lane="3/1to3/2_0" slope="0.00"/>
        <vehicle id="3" x="201.65" y="412.22" angle="180.00" type="DEFAULT_VEHTYPE" speed="13.79" pos="7.47" lane="1/2to1/3_0" slope="0.00"/>
        <vehicle id="32" x="636.22" y="598.35" angle="90.00" type="DEFAULT_VEHTYPE" speed="12.71" pos="31.47" lane="3/3to4/3_0" slope="0.00"/>
        <vehicle id="37" x="398.35" y="8.53" angle="0.00" type="DEFAULT_VEHTYPE" speed="12.80" pos="186.72" lane="2/1to2/0_0" slope="0.00"/>
        <vehicle id="38" x="401.65" y="611.99" angle="180.00" type="DEFAULT_VEHTYPE" speed="9.22" pos="7.24" lane="2/3to2/4_0" slope="0.00"/>
        <vehicle id="4" x="398.35" y="165.42" angle="0.00" type="DEFAULT_VEHTYPE" speed="12.76" pos="29.83" lane="2/1to2/0_0" slope="0.00"/>
        <vehicle id="41" x="401.65" y="783.05" angle="180.00" type="DEFAULT_VEHTYPE" speed="13.22" pos="178.30" lane="2/3to2/4_0" slope="0.00"/>
        <vehicle id="42" x="201.65" y="42.37" angle="180.00" type="DEFAULT_VEHTYPE" speed="13.63" pos="42.37" lane="1/0to1/1_0" slope="0.00"/>
        <vehicle id="43" x="389.21" y="598.35" angle="90.00" type="DEFAULT_VEHTYPE" speed="3.45" pos="184.46" lane="1/3to2/3_0" slope="0.00"/>
        <vehicle id="44" x="398.35" y="200.92" angle="0.00" type="DEFAULT_VEHTYPE" speed="13.38" pos="3.83" lane=":2/1_1_0" slope="0.00"/>
        <vehicle id="46" x="134.94" y="398.35" angle="90.00" type="DEFAULT_VEHTYPE" speed="13.14" pos="134.94" lane="0/2to1/2_0" slope="0.00"/>
        <vehicle id="47" x="401.65" y="678.38" angle="180.00" type="DEFAULT_VEHTYPE" speed="13.58" pos="73.63" lane="2/3to2/4_0" slope="0.00"/>
        <vehicle id="49" x="398.35" y="471.89" angle="0.00" type="DEFAULT_VEHTYPE" speed="12.77" pos="123.36" lane="2/3to2/2_0" slope="0.00"/>
        <vehicle id="6" x="348.29" y="401.65" angle="-90.00" type="DEFAULT_VEHTYPE" speed="12.94" pos="46.96" lane="2/2to1/2_0" slope="0.00"/>
    </timestep>
    <timestep time="165.00">
        <vehicle id="1" x="378.25" y="598.35" angle="90.00" type="DEFAULT_VEHTYPE" speed="3.12" pos="173.50" lane="1/3to2/3_0" slope="0.00"/>
        <vehicle id="11" x="201.65" y="276.53" angle="180.00" type="DEFAULT_VEHTYPE" speed="13.78" pos="71.78" lane="1/1to1/2_0" slope="0.00"/>
        <vehicle id="13" x="571.81" y="401.65" angle="-90.00" type="DEFAULT_VEHTYPE" speed="12.84" pos="23.44" lane="3/2to2/2_0" slope="0.00"/>
        <vehicle id="17" x="9.88" y="398.35" angle="90.00" type="DEFAULT_VEHTYPE" speed="13.74" pos="9.88" lane="0/2to1/2_0" slope="0.00"/>
        <vehicle id="2" x="394.17" y="401.65" angle="-90.00" type="DEFAULT_VEHTYPE" speed="6.21" pos="1.08" lane="2/2to1/2_0" slope="0.00"/>
        <vehicle id="21" x="398.35" y="432.82" angle="0.00" type="DEFAULT_VEHTYPE" speed="13.58" pos="162.43" lane="2/3to2/2_0" slope="0.00"/>
        <vehicle id="23" x="401.65" y="661.57" angle="180.00" type="DEFAULT_VEHTYPE" speed="13.64" pos="56.82" lane="2/3to2/4_0" slope="0.00"/>
        <vehicle id="25" x="201.65" y="130.07" angle="180.00" type="DEFAULT_VEHTYPE" speed="12.68" pos="130.07" lane="1/0to1/1_0" slope="0.00"/>
        <vehicle id="27" x="398.35" y="267.13" angle="0.00" type="DEFAULT_VEHTYPE" speed="12.72" pos="128.12" lane="2/2to2/1_0" slope="0.00"/>
        <vehicle id="29" x="601.65" y="243.99" angle="180.00" type="DEFAULT_VEHTYPE" speed="13.12" pos="39.24" lane="3/1to3/2_0" slope="0.00"/>
        <vehicle id="3" x="201.65" y="425.79" angle="180.00" type="DEFAULT_VEHTYPE" speed="13.58" pos="21.04" lane="1/2to1/3_0" slope="0.00"/>
        <vehicle id="32" x="649.42" y="598.35" angle="90.00" type="DEFAULT_VEHTYPE" speed="13.21" pos="44.67" lane="3/3to4/3_0" slope="0.00"/>
        <vehicle id="37" x="401.51" y="-0.20" angle="78.76" type="DEFAULT_VEHTYPE" speed="13.10" pos="4.58" lane=":2/0_0_0" slope="0.00"/>
        <vehicle id="38" x="401.65" y="623.25" angle="180.00" type="DEFAULT_VEHTYPE" speed="11.26" pos="18.50" lane="2/3to2/4_0" slope="0.00"/>
        <vehicle id="4" x="398.35" y="152.77" angle="0.00" type="DEFAULT_VEHTYPE" speed="12.65" pos="42.48" lane="2/1to2/0_0" slope="0.00"/>
        <vehicle id="41" x="401.65" y="796.78" angle="180.00" type="DEFAULT_VEHTYPE" speed="13.72" pos="192.03" lane="2/3to2/4_0" slope="0.00"/>
        <vehicle id="42" x="201.65" y="55.59" angle="180.00" type="DEFAULT_VEHTYPE" speed="13.22" pos="55.59" lane="1/0to1/1_0" slope="0.00"/>
        <vehicle id="43" x="394.85" y="598.35" angle="90.00" type="DEFAULT_VEHTYPE" speed="5.64" pos="190.10" lane="1/3to2/3_0" slope="0.00"/>
        <vehicle id="44" x="398.35" y="187.60" angle="0.00" type="DEFAULT_VEHTYPE" speed="13.32" pos="7.65" lane="2/1to2/0_0" slope="0.00"/>
        <vehicle id="46" x="148.40" y="398.35" angle="90.00" type="DEFAULT_VEHTYPE" speed="13.46" pos="148.40" lane="0/2to1/2_0" slope="0.00"/>
        <vehicle id="47" x="401.65" y="690.99" angle="180.00" type="DEFAULT_VEHTYPE" speed="12.61" pos="86.24" lane="2/3to2/4_0" slope="0.00"/>
        <vehicle id="49" x="398.35" y="458.35" angle="0.00" type="DEFAULT_VEHTYPE" speed="13.55" pos="136.90" lane="2/3to2/2_0" slope="0.00"/>
        <vehicle id="6" x="335.15" y="401.65" angle="-90.00" type="DEFAULT_VEHTYPE" speed="13.14" pos="60.10" lane="2/2to1/2_0" slope="0.00"/>
    </timestep>
    <timestep time="166.00">
        <vehicle id="1" x="382.97" y="598.35" angle="90.00" type="DEFAULT_VEHTYPE" speed="4.72" pos="178.22" lane="1/3to2/3_0" slope="0.00"/>
        <vehicle id="11" x="201.65" y="289.77" angle="180.00" type="DEFAULT_VEHTYPE" speed="13.24" pos="85.02" lane="1/1to1/2_0" slope="0.00"/>
        <vehicle id="13" x="558.90" y="401.65" angle="-90.00" type="DEFAULT_VEHTYPE" speed="12.91" pos="36.35" lane="3/2to2/2_0" slope="0.00"/>
        <vehicle id="17" x="23.58" y="398.35" angle="90.00" type="DEFAULT_VEHTYPE" speed="13.69" pos="23.58" lane="0/2to1/2_0" slope="0.00"/>
        <vehicle id="2" x="385.52" y="401.65" angle="-90.00" type="DEFAULT_VEHTYPE" speed="8.65" pos="9.73" lane="2/2to1/2_0" slope="0.00"/>
        <vehicle id="21" x="398.35" y="419.30" angle="0.00" type="DEFAULT_VEHTYPE" speed="13.52" pos="175.95" lane="2/3to2/2_0" slope="0.00"/>
        <vehicle id="23" x="401.65" y="675.38" angle="180.00" type="DEFAULT_VEHTYPE" speed="13.81" pos="70.63" lane="2/3to2/4_0" slope="0.00"/>
        <vehicle id="25" x="201.65" y="142.86" angle="180.00" type="DEFAULT_VEHTYPE" speed="12.79" pos="142.86" lane="1/0to1/1_0" slope="0.00"/>
        <vehicle id="27" x="398.35" y="253.71" angle="0.00" type="DEFAULT_VEHTYPE" speed="13.41" pos="141.54" lane="2/2to2/1_0" slope="0.00"/>
        <vehicle id="29" x="601.65" y="257.09" angle="180.00" type="DEFAULT_VEHTYPE" speed="13.10" pos="52.34" lane="3/1to3/2_0" slope="0.00"/>
        <vehicle id="3" x="201.65" y="438.94" angle="180.00" type="DEFAULT_VEHTYPE" speed="13.14" pos="34.19" lane="1/2to1/3_0" slope="0.00"/>
        <vehicle id="32" x="662.48" y="598.35" angle="90.00" type="DEFAULT_VEHTYPE" speed="13.06" pos="57.73" lane="3/3to4/3_0" slope="0.00"/>
        <vehicle id="37" x="401.65" y="13.00" angle="180.00" type="DEFAULT_VEHTYPE" speed="13.24" pos="13.00" lane="2/0to2/1_0" slope="0.00"/>
        <vehicle id="38" x="401.65" y="636.39" angle="180.00" type="DEFAULT_VEHTYPE" speed="13.14" pos="31.64" lane="2/3to2/4_0" slope="0.00"/>
        <vehicle id="4" x="398.35" y="138.95" angle="0.00" type="DEFAULT_VEHTYPE" speed="13.82" pos="56.30" lane="2/1to2/0_0" slope="0.00"/>
        <vehicle id="41" x="398.35" y="794.43" angle="0.00" type="DEFAULT_VEHTYPE" speed="13.62" pos="5.57" lane="2/4to2/3_0" slope="0.00"/>
        <vehicle id="42" x="201.65" y="68.36" angle="180.00" type="DEFAULT_VEHTYPE" speed="12.78" pos="68.36" lane="1/0to1/1_0" slope="0.00"/>
        <vehicle id="43" x="401.23" y="601.92" angle="132.23" type="DEFAULT_VEHTYPE" speed="7.85" pos="7.46" lane=":2/3_14_0" slope="0.00"/>
        <vehicle id="44" x="398.35" y="174.47" angle="0.00" type="DEFAULT_VEHTYPE" speed="13.13" pos="20.78" lane="2/1to2/0_0" slope="0.00"/>
        <vehicle id="46" x="161.27" y="398.35" angle="90.00" type="DEFAULT_VEHTYPE" speed="12.87" pos="161.27" lane="0/2to1/2_0" slope="0.00"/>
        <vehicle id="47" x="401.65" y="704.53" angle="180.00" type="DEFAULT_VEHTYPE" speed="13.54" pos="99.78" lane="2/3to2/4_0" slope="0.00"/>
        <vehicle id="49" x="398.35" y="444.67" angle="0.00" type="DEFAULT_VEHTYPE" speed="13.68" pos="150.58" lane="2/3to2/2_0" slope="0.00"/>
        <vehicle id="6" x="321.37" y="401.65" angle="-90.00" type="DEFAULT_VEHTYPE" speed="13.79" pos="73.88" lane="2/2to1/2_0" slope="0.00"/>
    </timestep>
    <timestep time="167.00">
        <vehicle id="1" x="388.72" y="598.35" angle="90.00" type="DEFAULT_VEHTYPE" speed="5.75" pos="183.97" lane="1/3to2/3_0" slope="0.00"/>
        <vehicle id="11" x="201.65" y="302.96" angle="180.00" type="DEFAULT_VEHTYPE" speed="13.19" pos="98.21" lane="1/1to1/2_0" slope="0.00"/>
        <vehicle id="13" x="545.73" y="401.65" angle="-90.00" type="DEFAULT_VEHTYPE" speed="13.17" pos="49.52" lane="3/2to2/2_0" slope="0.00"/>
        <vehicle id="17" x="36.90" y="398.35" angle="90.00" type="DEFAULT_VEHTYPE" speed="13.32" pos="36.90" lane="0/2to1/2_0" slope="0.00"/>
        <vehicle id="2" x="374.71" y="401.65" angle="-90.00" type="DEFAULT_VEHTYPE" speed="10.81" pos="20.54" lane="2/2to1/2_0" slope="0.00"/>
        <vehicle id="21" x="398.35" y="406.58" angle="0.00" type="DEFAULT_VEHTYPE" speed="12.72" pos="188.67" lane="2/3to2/2_0" slope="0.00"/>
        <vehicle id="23" x="401.65" y="688.28" angle="180.00" type="DEFAULT_VEHTYPE" speed="12.90" pos="83.53" lane="2/3to2/4_0" slope="0.00"/>
        <vehicle id="25" x="201.65" y="156.56" angle="180.00" type="DEFAULT_VEHTYPE" speed="13.70" pos="156.56" lane="1/0to1/1_0" slope="0.00"/>
        <vehicle id="27" x="398.35" y="240.01" angle="0.00" type="DEFAULT_VEHTYPE" speed="13.70" pos="155.24" lane="2/2to2/1_0" slope="0.00"/>
        <vehicle id="29" x="601.65" y="270.06" angle="180.00" type="DEFAULT_VEHTYPE" speed="12.98" pos="65.31" lane="3/1to3/2_0" slope="0.00"/>
        <vehicle id="3" x="201.65" y="452.39" angle="180.00" type="DEFAULT_VEHTYPE" speed="13.45" pos="47.64" lane="1/2to1/3_0" slope="0.00"/>
        <vehicle id="32" x="676.20" y="598.35" angle="90.00" type="DEFAULT_VEHTYPE" speed="13.71" pos="71.45" lane="3/3to4/3_0" slope="0.00"/>
        <vehicle id="37" x="401.65" y="26.32" angle="180.00" type="DEFAULT_VEHTYPE" speed="13.32" pos="26.32" lane="2/0to2/1_0" slope="0.00"/>
        <vehicle id="38" x="401.65" y="649.84" angle="180.00" type="DEFAULT_VEHTYPE" speed="13.45" pos="45.09" lane="2/3to2/4_0" slope="0.00"/>
        <vehicle id="4" x="398.35" y="126.32" angle="0.00" type="DEFAULT_VEHTYPE" speed="12.63" pos="68.93" lane="2/1to2/0_0" slope="0.00"/>
        <vehicle id="41" x="398.35" y="780.72" angle="0.00" type="DEFAULT_VEHTYPE" speed="13.70" pos="19.28" lane="2/4to2/3_0" slope="0.00"/>
        <vehicle id="42" x="201.65" y="82.15" angle="180.00" type="DEFAULT_VEHTYPE" speed="13.79" pos="82.15" lane="1/0to1/1_0" slope="0.00"/>
        <vehicle id="43" x="401.65" y="612.21" angle="180.00" type="DEFAULT_VEHTYPE" speed="10.33" pos="7.46" lane="2/3to2/4_0" slope="0.00"/>
        <vehicle id="44" x="398.35" y="161.78" angle="0.00" type="DEFAULT_VEHTYPE" speed="12.69" pos="33.47" lane="2/1to2/0_0" slope="0.00"/>
        <vehicle id="46" x="173.45" y="398.35" angle="90.00" type="DEFAULT_VEHTYPE" speed="12.18" pos="173.45" lane="0/2to1/2_0" slope="0.00"/>
        <vehicle id="47" x="401.65" y="717.34" angle="180.00" type="DEFAULT_VEHTYPE" speed="12.80" pos="112.59" lane="2/3to2/4_0" slope="0.00"/>
        <vehicle id="49" x="398.35" y="430.97" angle="0.00" type="DEFAULT_VEHTYPE" speed="13.70" pos="164.28" lane="2/3to2/2_0" slope="0.00"/>
        <vehicle id="6" x="307.69" y="401.65" angle="-90.00" type="DEFAULT_VEHTYPE" speed="13.68" pos="87.56" lane="2/2to1/2_0" slope="0.00"/>
    </timestep>
    <timestep time="168.00">
        <vehicle id="1" x="396.14" y="598.48" angle="91.46" type="DEFAULT_VEHTYPE" speed="7.43" pos="0.90" lane=":2/3_14_0" slope="0.00"/>
        <vehicle id="11" x="201.65" y="315.83" angle="180.00" type="DEFAULT_VEHTYPE" speed="12.87" pos="111.08" lane="1/1to1/2_0" slope="0.00"/>
        <vehicle id="13" x="532.83" y="401.65" angle="-90.00" type="DEFAULT_VEHTYPE" speed="12.90" pos="62.42" lane="3/2to2/2_0" slope="0.00"/>
        <vehicle id="17" x="50.25" y="398.35" angle="90.00" type="DEFAULT_VEHTYPE" speed="13.36" pos="50.25" lane="0/2to1/2_0" slope="0.00"/>
        <vehicle id="2" x="361.96" y="401.65" angle="-90.00" type="DEFAULT_VEHTYPE" speed="12.75" pos="33.29" lane="2/2to1/2_0" slope="0.00"/>
        <vehicle id="21" x="398.35" y="393.11" angle="0.00" type="DEFAULT_VEHTYPE" speed="13.47" pos="2.14" lane="2/2to2/1_0" slope="0.00"/>
        <vehicle id="23" x="401.65" y="702.10" angle="180.00" type="DEFAULT_VEHTYPE" speed="13.82" pos="97.35" lane="2/3to2/4_0" slope="0.00"/>
        <vehicle id="25" x="201.65" y="169.53" angle="180.00" type="DEFAULT_VEHTYPE" speed="12.97" pos="169.53" lane="1/0to1/1_0" slope="0.00"/>
        <vehicle id="27" x="398.35" y="227.29" angle="0.00" type="DEFAULT_VEHTYPE" speed="12.73" pos="167.96" lane="2/2to2/1_0" slope="0.00"/>
        <vehicle id="29" x="601.65" y="283.65" angle="180.00" type="DEFAULT_VEHTYPE" speed="13.58" pos="78.90" lane="3/1to3/2_0" slope="0.00"/>
        <vehicle id="3" x="201.65" y="466.10" angle="180.00" type="DEFAULT_VEHTYPE" speed="13.71" pos="61.35" lane="1/2to1/3_0" slope="0.00"/>
        <vehicle id="32" x="689.54" y="598.35" angle="90.00" type="DEFAULT_VEHTYPE" speed="13.35" pos="84.79" lane="3/3to4/3_0" slope="0.00"/>
        <vehicle id="37" x="401.65" y="39.23" angle="180.00" type="DEFAULT_VEHTYPE" speed="12.91" pos="39.23" lane="2/0to2/1_0" slope="0.00"/>
        <vehicle id="38" x="401.65" y="663.13" angle="180.00" type="DEFAULT_VEHTYPE" speed="13.30" pos="58.38" lane="2/3to2/4_0" slope="0.00"/>
        <vehicle id="4" x="398.35" y="112.52" angle="0.00" type="DEFAULT_VEHTYPE" speed="13.81" pos="82.73" lane="2/1to2/0_0" slope="0.00"/>
        <vehicle id="41" x="398.35" y="767.31" angle="0.00" type="DEFAULT_VEHTYPE" speed="13.41" pos="32.69" lane="2/4to2/3_0" slope="0.00"/>
        <vehicle id="42" x="201.65" y="95.94" angle="180.00" type="DEFAULT_VEHTYPE" speed="13.78" pos="95.94" lane="1/0to1/1_0" slope="0.00"/>
        <vehicle id="43" x="401.65" y="624.05" angle="180.00" type="DEFAULT_VEHTYPE" speed="11.83" pos="19.30" lane="2/3to2/4_0" slope="0.00"/>
        <vehicle id="44" x="398.35" y="147.92" angle="0.00" type="DEFAULT_VEHTYPE" speed="13.86" pos="47.33" lane="2/1to2/0_0" slope="0.00"/>
        <vehicle id="46" x="181.65" y="398.35" angle="90.00" type="DEFAULT_VEHTYPE" speed="8.20" pos="181.65" lane="0/2to1/2_0" slope="0.00"/>
        <vehicle id="47" x="401.65" y="730.86" angle="180.00" type="DEFAULT_VEHTYPE" speed="13.53" pos="126.11" lane="2/3to2/4_0" slope="0.00"/>
        <vehicle id="49" x="398.35" y="417.18" angle="0.00" type="DEFAULT_VEHTYPE" speed="13.79" pos="178.07" lane="2/3to2/2_0" slope="0.00"/>
        <vehicle id="6" x="294.98" y="401.65" angle="-90.00" type="DEFAULT_VEHTYPE" speed="12.71" pos="100.27" lane="2/2to1/2_0" slope="0.00"/>
    </timestep>
    <timestep time="169.00">
        <vehicle id="1" x="401.64" y="604.65" angle="161.51" type="DEFAULT_VEHTYPE" speed="9.32" pos="10.22" lane=":2/3_14_0" slope="0.00"/>
        <vehicle id="11" x="201.65" y="329.26" angle="180.00" type="DEFAULT_VEHTYPE" speed="13.43" pos="124.51" lane="1/1to1/2_0" slope="0.00"/>
        <vehicle id="13" x="519.80" y="401.65" angle="-90.00" type="DEFAULT_VEHTYPE" speed="13.02" pos="75.45" lane="3/2to2/2_0" slope="0.00"/>
        <vehicle id="17" x="62.91" y="398.35" angle="90.00" type="DEFAULT_VEHTYPE" speed="12.66" pos="62.91" lane="0/2to1/2_0" slope="0.00"/>
        <vehicle id="2" x="348.56" y="401.65" angle="-90.00" type="DEFAULT_VEHTYPE" speed="13.40" pos="46.69" lane="2/2to1/2_0" slope="0.00"/>
        <vehicle id="21" x="398.35" y="380.23" angle="0.00" type="DEFAULT_VEHTYPE" speed="12.88" pos="15.02" lane="2/2to2/1_0" slope="0.00"/>
        <vehicle id="23" x="401.65" y="715.60" angle="180.00" type="DEFAULT_VEHTYPE" speed="13.50" pos="110.85" lane="2/3to2/4_0" slope="0.00"/>
        <vehicle id="25" x="201.65" y="182.19" angle="180.00" type="DEFAULT_VEHTYPE" speed="12.66" pos="182.19" lane="1/0to1/1_0" slope="0.00"/>
        <vehicle id="27" x="398.35" y="214.07" angle="0.00" type="DEFAULT_VEHTYPE" speed="13.22" pos="181.18" lane="2/2to2/1_0" slope="0.00"/>
        <vehicle id="29" x="601.65" y="296.72" angle="180.00" type="DEFAULT_VEHTYPE" speed="13.07" pos="91.97" lane="3/1to3/2_0" slope="0.00"/>
        <vehicle id="3" x="201.65" y="479.26" angle="180.00" type="DEFAULT_VEHTYPE" speed="13.16" pos="74.51" lane="1/2to1/3_0" slope="0.00"/>
        <vehicle id="32" x="702.21" y="598.35" angle="90.00" type="DEFAULT_VEHTYPE" speed="12.67" pos="97.46" lane="3/3to4/3_0" slope="0.00"/>
        <vehicle id="37" x="401.65" y="52.84" angle="180.00" type="DEFAULT_VEHTYPE" speed="13.61" pos="52.84" lane="2/0to2/1_0" slope="0.00"/>
        <vehicle id="38" x="401.65" y="676.99" angle="180.00" type="DEFAULT_VEHTYPE" speed="13.85" pos="72.24" lane="2/3to2/4_0" slope="0.00"/>
        <vehicle id="4" x="398.35" y="98.89" angle="0.00" type="DEFAULT_VEHTYPE" speed="13.62" pos="96.36" lane="2/1to2/0_0" slope="0.00"/>
        <vehicle id="41" x="398.35" y="754.24" angle="0.00" type="DEFAULT_VEHTYPE" speed="13.07" pos="45.76" lane="2/4to2/3_0" slope="0.00"/>
        <vehicle id="42" x="201.65" y="109.33" angle="180.00" type="DEFAULT_VEHTYPE" speed="13.39" pos="109.33" lane="1/0to1/1_0" slope="0.00"/>
        <vehicle id="43" x="401.65" y="637.34" angle="180.00" type="DEFAULT_VEHTYPE" speed="13.30" pos="32.59" lane="2/3to2/4_0" slope="0.00"/>
        <vehicle id="44" x="398.35" y="134.36" angle="0.00" type="DEFAULT_VEHTYPE" speed="13.56" pos="60.89" lane="2/1to2/0_0" slope="0.00"/>
        <vehicle id="46" x="187.95" y="398.35" angle="90.00" type="DEFAULT_VEHTYPE" speed="6.30" pos="187.95" lane="0/2to1/2_0" slope="0.00"/>
        <vehicle id="47" x="401.65" y="744.17" angle="180.00" type="DEFAULT_VEHTYPE" speed="13.31" pos="139.42" lane="2/3to2/4_0" slope="0.00"/>
        <vehicle id="49" x="398.26" y="404.08" angle="-1.07" type="DEFAULT_VEHTYPE" speed="13.11" pos="0.68" lane=":2/2_0_0" slope="0.00"/>
        <vehicle id="6" x="281.35" y="401.65" angle="-90.00" type="DEFAULT_VEHTYPE" speed="13.63" pos="113.90" lane="2/2to1/2_0" slope="0.00"/>
    </timestep>
    <timestep time="170.00">
        <vehicle id="1" x="401.65" y="616.00" angle="180.00" type="DEFAULT_VEHTYPE" speed="11.35" pos="11.25" lane="2/3to2/4_0" slope="0.00"/>
        <vehicle id="11" x="201.65" y="342.53" angle="180.00" type="DEFAULT_VEHTYPE" speed="13.28" pos="137.78" lane="1/1to1/2_0" slope="0.00"/>
        <vehicle id="13" x="507.01" y="401.65" angle="-90.00" type="DEFAULT_VEHTYPE" speed="12.79" pos="88.24" lane="3/2to2/2_0" slope="0.00"/>
        <vehicle id="17" x="76.59" y="398.35" angle="90.00" type="DEFAULT_VEHTYPE" speed="13.68" pos="76.59" lane="0/2to1/2_0" slope="0.00"/>
        <vehicle id="2" x="335.77" y="401.65" angle="-90.00" type="DEFAULT_VEHTYPE" speed="12.78" pos="59.48" lane="2/2to1/2_0" slope="0.00"/>
        <vehicle id="21" x="398.35" y="366.41" angle="0.00" type="DEFAULT_VEHTYPE" speed="13.82" pos="28.84" lane="2/2to2/1_0" slope="0.00"/>
        <vehicle id="23" x="401.65" y="728.54" angle="180.00" type="DEFAULT_VEHTYPE" speed="12.95" pos="123.79" lane="2/3to2/4_0" slope="0.00"/>
        <vehicle id="25" x="201.68" y="195.47" angle="179.64" type="DEFAULT_VEHTYPE" speed="13.29" pos="0.23" lane=":1/1_8_0" slope="0.00"/>
        <vehicle id="27" x="395.94" y="201.75" angle="-33.01" type="DEFAULT_VEHTYPE" speed="13.62" pos="4.30" lane=":2/1_0_0" slope="0.00"/>
        <vehicle id="29" x="601.65" y="309.75" angle="180.00" type="DEFAULT_VEHTYPE" speed="13.03" pos="105.00" lane="3/1to3/2_0" slope="0.00"/>
        <vehicle id="3" x="201.65" y="492.16" angle="180.00" type="DEFAULT_VEHTYPE" speed="12.90" pos="87.41" lane="1/2to1/3_0" slope="0.00"/>
        <vehicle id="32" x="715.29" y="598.35" angle="90.00" type="DEFAULT_VEHTYPE" speed="13.08" pos="110.54" lane="3/3to4/3_0" slope="0.00"/>
        <vehicle id="37" x="401.65" y="66.28" angle="180.00" type="DEFAULT_VEHTYPE" speed="13.44" pos="66.28" lane="2/0to2/1_0" slope="0.00"/>
        <vehicle id="38" x="401.65" y="689.85" angle="180.00" type="DEFAULT_VEHTYPE" speed="12.87" pos="85.10" lane="2/3to2/4_0" slope="0.00"/>
        <vehicle id="4" x="398.35" y="85.17" angle="0.00" type="DEFAULT_VEHTYPE" speed="13.73" pos="110.08" lane="2/1to2/0_0" slope="0.00"/>
        <vehicle id="41" x="398.35" y="741.30" angle="0.00" type="DEFAULT_VEHTYPE" speed="12.94" pos="58.70" lane="2/4to2/3_0" slope="0.00"/>
        <vehicle id="42" x="201.65" y="122.67" angle="180.00" type="DEFAULT_VEHTYPE" speed="13.34" pos="122.67" lane="1/0to1/1_0" slope="0.00"/>
        <vehicle id="43" x="401.65" y="651.12" angle="180.00" type="DEFAULT_VEHTYPE" speed="13.78" pos="46.37" lane="2/3to2/4_0" slope="0.00"/>
        <vehicle id="44" x="398.35" y="121.30" angle="0.00" type="DEFAULT_VEHTYPE" speed="13.06" pos="73.95" lane="2/1to2/0_0" slope="0.00"/>
        <vehicle id="46" x="190.39" y="398.35" angle="90.00" type="DEFAULT_VEHTYPE" speed="2.45" pos="190.39" lane="0/2to1/2_0" slope="0.00"/>
        <vehicle id="47" x="401.65" y="757.40" angle="180.00" type="DEFAULT_VEHTYPE" speed="13.23" pos="152.65" lane="2/3to2/4_0" slope="0.00"/>
        <vehicle id="49" x="386.75" y="401.65" angle="-90.00" type="DEFAULT_VEHTYPE" speed="12.82" pos="8.50" lane="2/2to1/2_0" slope="0.00"/>
        <vehicle id="6" x="267.83" y="401.65" angle="-90.00" type="DEFAULT_VEHTYPE" speed="13.52" pos="127.42" lane="2/2to1/2_0" slope="0.00"/>
    </timestep>
    <timestep time="171.00">
        <vehicle id="1" x="401.65" y="629.72" angle="180.00" type="DEFAULT_VEHTYPE" speed="13.72" pos="24.97" lane="2/3to2/4_0" slope="0.00"/>
        <vehicle id="11" x="201.65" y="355.55" angle="180.00" type="DEFAULT_VEHTYPE" speed="13.01" pos="150.80" lane="1/1to1/2_0" slope="0.00"/>
        <vehicle id="13" x="493.61" y="401.65" angle="-90.00" type="DEFAULT_VEHTYPE" speed="13.40" pos="101.64" lane="3/2to2/2_0" slope="0.00"/>
        <vehicle id="17" x="89.84" y="398.35" angle="90.00" type="DEFAULT_VEHTYPE" speed="13.25" pos="89.84" lane="0/2to1/2_0" slope="0.00"/>
        <vehicle id="2" x="322.31" y="401.65" angle="-90.00" type="DEFAULT_VEHTYPE" speed="13.46" pos="72.94" lane="2/2to1/2_0" slope="0.00"/>
        <vehicle id="21" x="398.35" y="352.90" angle="0.00" type="DEFAULT_VEHTYPE" speed="13.51" pos="42.35" lane="2/2to2/1_0" slope="0.00"/>
        <vehicle id="23" x="401.65" y="742.28" angle="180.00" type="DEFAULT_VEHTYPE" speed="13.74" pos="137.53" lane="2/3to2/4_0" slope="0.00"/>
        <vehicle id="25" x="213.35" y="198.35" angle="90.00" type="DEFAULT_VEHTYPE" speed="13.38" pos="8.60" lane="1/1to2/1_0" slope="0.00"/>
        <vehicle id="27" x="382.48" y="201.65" angle="-90.00" type="DEFAULT_VEHTYPE" speed="13.46" pos="12.77" lane="2/1to1/1_0" slope="0.00"/>
        <vehicle id="29" x="601.65" y="322.64" angle="180.00" type="DEFAULT_VEHTYPE" speed="12.90" pos="117.89" lane="3/1to3/2_0" slope="0.00"/>
        <vehicle id="3" x="201.65" y="505.55" angle="180.00" type="DEFAULT_VEHTYPE" speed="13.39" pos="100.80" lane="1/2to1/3_0" slope="0.00"/>
        <vehicle id="32" x="728.57" y="598.35" angle="90.00" type="DEFAULT_VEHTYPE" speed="13.28" pos="123.82" lane="3/3to4/3_0" slope="0.00"/>
        <vehicle id="37" x="401.65" y="78.91" angle="180.00" type="DEFAULT_VEHTYPE" speed="12.63" pos="78.91" lane="2/0to2/1_0" slope="0.00"/>
        <vehicle id="38" x="401.65" y="702.97" angle="180.00" type="DEFAULT_VEHTYPE" speed="13.11" pos="98.22" lane="2/3to2/4_0" slope="0.00"/>
        <vehicle id="4" x="398.35" y="71.76" angle="0.00" type="DEFAULT_VEHTYPE" speed="13.40" pos="123.49" lane="2/1to2/0_0" slope="0.00"/>
        <vehicle id="41" x="398.35" y="727.49" angle="0.00" type="DEFAULT_VEHTYPE" speed="13.81" pos="72.51" lane="2/4to2/3_0" slope="0.00"/>
        <vehicle id="42" x="201.65" y="136.48" angle="180.00" type="DEFAULT_VEHTYPE" speed="13.80" pos="136.48" lane="1/0to1/1_0" slope="0.00"/>
        <vehicle id="43" x="401.65" y="664.40" angle="180.00" type="DEFAULT_VEHTYPE" speed="13.27" pos="59.65" lane="2/3to2/4_0" slope="0.00"/>
        <vehicle id="44" x="398.35" y="108.21" angle="0.00" type="DEFAULT_VEHTYPE" speed="13.09" pos="87.04" lane="2/1to2/0_0" slope="0.00"/>
        <vehicle id="46" x="191.82" y="398.35" angle="90.00" type="DEFAULT_VEHTYPE" speed="1.42" pos="191.82" lane="0/2to1/2_0" slope="0.00"/>
        <vehicle id="47" x="401.65" y="770.70" angle="180.00" type="DEFAULT_VEHTYPE" speed="13.30" pos="165.95" lane="2/3to2/4_0" slope="0.00"/>
        <vehicle id="49" x="373.27" y="401.65" angle="-90.00" type="DEFAULT_VEHTYPE" speed="13.48" pos="21.98" lane="2/2to1/2_0" slope="0.00"/>
        <vehicle id="6" x="254.01" y="401.65" angle="-90.00" type="DEFAULT_VEHTYPE" speed="13.82" pos="141.24" lane="2/2to1/2_0" slope="0.00"/>
    </timestep>
    <timestep time="172.00">
        <vehicle id="1" x="401.65" y="642.38" angle="180.00" type="DEFAULT_VEHTYPE" speed="12.66" pos="37.63" lane="2/3to2/4_0" slope="0.00"/>
        <vehicle id="11" x="201.65" y="369.07" angle="180.00" type="DEFAULT_VEHTYPE" speed="13.52" pos="164.32" lane="1/1to1/2_0" slope="0.00"/>
        <vehicle id="13" x="480.03" y="401.65" angle="-90.00" type="DEFAULT_VEHTYPE" speed="13.58" pos="115.22" lane="3/2to2/2_0" slope="0.00"/>
        <vehicle id="17" x="103.10" y="398.35" angle="90.00" type="DEFAULT_VEHTYPE" speed="13.26" pos="103.10" lane="0/2to1/2_0" slope="0.00"/>
        <vehicle id="2" x="309.22" y="401.65" angle="-90.00" type="DEFAULT_VEHTYPE" speed="13.09" pos="86.03" lane="2/2to1/2_0" slope="0.00"/>
        <vehicle id="21" x="398.35" y="339.45" angle="0.00" type="DEFAULT_VEHTYPE" speed="13.45" pos="55.80" lane="2/2to2/1_0" slope="0.00"/>
        <vehicle id="23" x="401.65" y="756.15" angle="180.00" type="DEFAULT_VEHTYPE" speed="13.87" pos="151.40" lane="2/3to2/4_0" slope="0.00"/>
        <vehicle id="25" x="226.96" y="198.35" angle="90.00" type="DEFAULT_VEHTYPE" speed="13.60" pos="22.21" lane="1/1to2/1_0" slope="0.00"/>
        <vehicle id="27" x="368.66" y="201.65" angle="-90.00" type="DEFAULT_VEHTYPE" speed="13.82" pos="26.59" lane="2/1to1/1_0" slope="0.00"/>
        <vehicle id="29" x="601.65" y="336.10" angle="180.00" type="DEFAULT_VEHTYPE" speed="13.46" pos="131.35" lane="3/1to3/2_0" slope="0.00"/>
        <vehicle id="3" x="201.65" y="518.92" angle="180.00" type="DEFAULT_VEHTYPE" speed="13.37" pos="114.17" lane="1/2to1/3_0" slope="0.00"/>
        <vehicle id="32" x="742.00" y="598.35" angle="90.00" type="DEFAULT_VEHTYPE" speed="13.43" pos="137.25" lane="3/3to4/3_0" slope="0.00"/>
        <vehicle id="37" x="401.65" y="92.14" angle="180.00" type="DEFAULT_VEHTYPE" speed="13.23" pos="92.14" lane="2/0to2/1_0" slope="0.00"/>
        <vehicle id="38" x="401.65" y="716.04" angle="180.00" type="DEFAULT_VEHTYPE" speed="13.07" pos="111.29" lane="2/3to2/4_0" slope="0.00"/>
        <vehicle id="4" x="398.35" y="59.04" angle="0.00" type="DEFAULT_VEHTYPE" speed="12.72" pos="136.21" lane="2/1to2/0_0" slope="0.00"/>
        <vehicle id="41" x="398.35" y="713.72" angle="0.00" type="DEFAULT_VEHTYPE" speed="13.77" pos="86.28" lane="2/4to2/3_0" slope="0.00"/>
        <vehicle id="42" x="201.65" y="149.12" angle="180.00" type="DEFAULT_VEHTYPE" speed="12.64" pos="149.12" lane="1/0to1/1_0" slope="0.00"/>
        <vehicle id="43" x="401.65" y="677.71" angle="180.00" type="DEFAULT_VEHTYPE" speed="13.31" pos="72.96" lane="2/3to2/4_0" slope="0.00"/>
        <vehicle id="44" x="398.35" y="95.07" angle="0.00" type="DEFAULT_VEHTYPE" speed="13.14" pos="100.18" lane="2/1to2/0_0" slope="0.00"/>
        <vehicle id="46" x="192.41" y="398.35" angle="90.00" type="DEFAULT_VEHTYPE" speed="0.59" pos="192.41" lane="0/2to1/2_0" slope="0.00"/>
        <vehicle id="47" x="401.65" y="784.10" angle="180.00" type="DEFAULT_VEHTYPE" speed="13.40" pos="179.35" lane="2/3to2/4_0" slope="0.00"/>
        <vehicle id="49" x="360.35" y="401.65" angle="-90.00" type="DEFAULT_VEHTYPE" speed="12.93" pos="34.90" lane="2/2to1/2_0" slope="0.00"/>
        <vehicle id="6" x="240.43" y="401.65" angle="-90.00" type="DEFAULT_VEHTYPE" speed="13.58" pos="154.82" lane="2/2to1/2_0" slope="0.00"/>
    </timestep>
    <timestep time="173.00">
        <vehicle id="1" x="401.65" y="655.72" angle="180.00" type="DEFAULT_VEHTYPE" speed="13.34" pos="50.97" lane="2/3to2/4_0" slope="0.00"/>
        <vehicle id="11" x="201.65" y="382.15" angle="180.00" type="DEFAULT_VEHTYPE" speed="13.08" pos="177.40" lane="1/1to1/2_0" slope="0.00"/>
        <vehicle id="13" x="467.28" y="401.65" angle="-90.00" type="DEFAULT_VEHTYPE" speed="12.75" pos="127.97" lane="3/2to2/2_0" slope="0.00"/>
        <vehicle id="17" x="116.35" y="398.35" angle="90.00" type="DEFAULT_VEHTYPE" speed="13.25" pos="116.35" lane="0/2to1/2_0" slope="0.00"/>
        <vehicle id="2" x="295.60" y="401.65" angle="-90.00" type="DEFAULT_VEHTYPE" speed="13.62" pos="99.65" lane="2/2to1/2_0" slope="0.00"/>
        <vehicle id="21" x="398.35" y="326.09" angle="0.00" type="DEFAULT_VEHTYPE" speed="13.36" pos="69.16" lane="2/2to2/1_0" slope="0.00"/>
        <vehicle id="23" x="401.65" y="769.75" angle="180.00" type="DEFAULT_VEHTYPE" speed="13.59" pos="165.00" lane="2/3to2/4_0" slope="0.00"/>
        <vehicle id="25" x="240.08" y="198.35" angle="90.00" type="DEFAULT_VEHTYPE" speed="13.12" pos="35.33" lane="1/1to2/1_0" slope="0.00"/>
        <vehicle id="27" x="355.47" y="201.65" angle="-90.00" type="DEFAULT_VEHTYPE" speed="13.19" pos="39.78" lane="2/1to1/1_0" slope="0.00"/>
        <vehicle id="29" x="601.65" y="349.76" angle="180.00" type="DEFAULT_VEHTYPE" speed="13.66" pos="145.01" lane="3/1to3/2_0" slope="0.00"/>
        <vehicle id="3" x="201.65" y="532.23" angle="180.00" type="DEFAULT_VEHTYPE" speed="13.31" pos="127.48" lane="1/2to1/3_0" slope="0.00"/>
        <vehicle id="32" x="755.75" y="598.35" angle="90.00" type="DEFAULT_VEHTYPE" speed="13.75" pos="151.00" lane="3/3to4/3_0" slope="0.00"/>
        <vehicle id="37" x="401.65" y="105.11" angle="180.00" type="DEFAULT_VEHTYPE" speed="12.97" pos="105.11" lane="2/0to2/1_0" slope="0.00"/>
        <vehicle id="38" x="401.65" y="729.49" angle="180.00" type="DEFAULT_VEHTYPE" speed="13.46" pos="124.74" lane="2/3to2/4_0" slope="0.00"/>
        <vehicle id="4" x="398.35" y="46.27" angle="0.00" type="DEFAULT_VEHTYPE" speed="12.78" pos="148.98" lane="2/1to2/0_0" slope="0.00"/>
        <vehicle id="41" x="398.35" y="700.09" angle="0.00" type="DEFAULT_VEHTYPE" speed="13.63" pos="99.91" lane="2/4to2/3_0" slope="0.00"/>
        <vehicle id="42" x="201.65" y="162.63" angle="180.00" type="DEFAULT_VEHTYPE" speed="13.51" pos="162.63" lane="1/0to1/1_0" slope="0.00"/>
        <vehicle id="43" x="401.65" y="691.04" angle="180.00" type="DEFAULT_VEHTYPE" speed="13.33" pos="86.29" lane="2/3to2/4_0" slope="0.00"/>
        <vehicle id="44" x="398.35" y="82.24" angle="0.00" type="DEFAULT_VEHTYPE" speed="12.84" pos="113.01" lane="2/1to2/0_0" slope="0.00"/>
        <vehicle id="46" x="192.64" y="398.35" angle="90.00" type="DEFAULT_VEHTYPE" speed="0.23" pos="192.64" lane="0/2to1/2_0" slope="0.00"/>
        <vehicle id="47" x="401.65" y="797.79" angle="180.00" type="DEFAULT_VEHTYPE" speed="13.69" pos="193.04" lane="2/3to2/4_0" slope="0.00"/>
        <vehicle id="49" x="346.72" y="401.65" angle="-90.00" type="DEFAULT_VEHTYPE" speed="13.62" pos="48.53" lane="2/2to1/2_0" slope="0.00"/>
        <vehicle id="6" x="227.27" y="401.65" angle="-90.00" type="DEFAULT_VEHTYPE" speed="13.16" pos="167.98" lane="2/2to1/2_0" slope="0.00"/>
    </timestep>
    <timestep time="174.00">
        <vehicle id="1" x="401.65" y="668.93" angle="180.00" type="DEFAULT_VEHTYPE" speed="13.21" pos="64.18" lane="2/3to2/4_0" slope="0.00"/>
        <vehicle id="11" x="201.65" y="395.34" angle="180.00" type="DEFAULT_VEHTYPE" speed="13.19" pos="0.09" lane=":1/2_9_0" slope="0.00"/>
        <vehicle id="13" x="454.11" y="401.65" angle="-90.00" type="DEFAULT_VEHTYPE" speed="13.17" pos="141.14" lane="3/2to2/2_0" slope="0.00"/>
        <vehicle id="17" x="130.24" y="398.35" angle="90.00" type="DEFAULT_VEHTYPE" speed="13.89" pos="130.24" lane="0/2to1/2_0" slope="0.00"/>
        <vehicle id="2" x="282.28" y="401.65" angle="-90.00" type="DEFAULT_VEHTYPE" speed="13.31" pos="112.97" lane="2/2to1/2_0" slope="0.00"/>
        <vehicle id="21" x="398.35" y="313.24" angle="0.00" type="DEFAULT_VEHTYPE" speed="12.85" pos="82.01" lane="2/2to2/1_0" slope="0.00"/>
        <vehicle id="23" x="401.65" y="783.19" angle="180.00" type="DEFAULT_VEHTYPE" speed="13.44" pos="178.44" lane="2/3to2/4_0" slope="0.00"/>
        <vehicle id="25" x="253.01" y="198.35" angle="90.00" type="DEFAULT_VEHTYPE" speed="12.93" pos="48.26" lane="1/1to2/1_0" slope="0.00"/>
        <vehicle id="27" x="341.63" y="201.65" angle="-90.00" type="DEFAULT_VEHTYPE" speed="13.84" pos="53.62" lane="2/1to1/1_0" slope="0.00"/>
        <vehicle id="29" x="601.65" y="363.01" angle="180.00" type="DEFAULT_VEHTYPE" speed="13.24" pos="158.26" lane="3/1to3/2_0" slope="0.00"/>
        <vehicle id="3" x="201.65" y="545.85" angle="180.00" type="DEFAULT_VEHTYPE" speed="13.62" pos="141.10" lane="1/2to1/3_0" slope="0.00"/>
        <vehicle id="32" x="769.41" y="598.35" angle="90.00" type="DEFAULT_VEHTYPE" speed="13.66" pos="164.66" lane="3/3to4/3_0" slope="0.00"/>
        <vehicle id="37" x="401.65" y="118.76" angle="180.00" type="DEFAULT_VEHTYPE" speed="13.65" pos="118.76" lane="2/0to2/1_0" slope="0.00"/>
        <vehicle id="38" x="401.65" y="742.48" angle="180.00" type="DEFAULT_VEHTYPE" speed="12.99" pos="137.73" lane="2/3to2/4_0" slope="0.00"/>
        <vehicle id="4" x="398.35" y="32.94" angle="0.00" type="DEFAULT_VEHTYPE" speed="13.33" pos="162.31" lane="2/1to2/0_0" slope="0.00"/>
        <vehicle id="41" x="398.35" y="686.20" angle="0.00" type="DEFAULT_VEHTYPE" speed="13.90" pos="113.80" lane="2/4to2/3_0" slope="0.00"/>
        <vehicle id="42" x="201.65" y="176.13" angle="180.00" type="DEFAULT_VEHTYPE" speed="13.50" pos="176.13" lane="1/0to1/1_0" slope="0.00"/>
        <vehicle id="43" x="401.65" y="704.29" angle="180.00" type="DEFAULT_VEHTYPE" speed="13.25" pos="99.54" lane="2/3to2/4_0" slope="0.00"/>
        <vehicle id="44" x="398.35" y="69.22" angle="0.00" type="DEFAULT_VEHTYPE" speed="13.01" pos="126.03" lane="2/1to2/0_0" slope="0.00"/>
        <vehicle id="46" x="192.70" y="398.35" angle="90.00" type="DEFAULT_VEHTYPE" speed="0.07" pos="192.70" lane="0/2to1/2_0" slope="0.00"/>
        <vehicle id="47" x="398.35" y="793.44" angle="0.00" type="DEFAULT_VEHTYPE" speed="13.59" pos="6.56" lane="2/4to2/3_0" slope="0.00"/>
        <vehicle id="49" x="333.65" y="401.65" angle="-90.00" type="DEFAULT_VEHTYPE" speed="13.08" pos="61.60" lane="2/2to1/2_0" slope="0.00"/>
        <vehicle id="6" x="217.83" y="401.65" angle="-90.00" type="DEFAULT_VEHTYPE" speed="9.44" pos="177.42" lane="2/2to1/2_0" slope="0.00"/>
    </timestep>
    <timestep time="175.00">
        <vehicle id="1" x="401.65" y="682.05" angle="180.00" type="DEFAULT_VEHTYPE" speed="13.12" pos="77.30" lane="2/3to2/4_0" slope="0.00"/>
        <vehicle id="11" x="201.65" y="407.94" angle="180.00" type="DEFAULT_VEHTYPE" speed="12.61" pos="3.19" lane="1/2to1/3_0" slope="0.00"/>
        <vehicle id="13" x="440.88" y="401.65" angle="-90.00" type="DEFAULT_VEHTYPE" speed="13.23" pos="154.37" lane="3/2to2/2_0" slope="0.00"/>
        <vehicle id="17" x="143.58" y="398.35" angle="90.00" type="DEFAULT_VEHTYPE" speed="13.34" pos="143.58" lane="0/2to1/2_0" slope="0.00"/>
        <vehicle id="2" x="268.59" y="401.65" angle="-90.00" type="DEFAULT_VEHTYPE" speed="13.70" pos="126.66" lane="2/2to1/2_0" slope="0.00"/>
        <vehicle id="21" x="398.35" y="300.52" angle="0.00" type="DEFAULT_VEHTYPE" speed="12.73" pos="94.73" lane="2/2to2/1_0" slope="0.00"/>
        <vehicle id="23" x="401.65" y="796.79" angle="180.00" type="DEFAULT_VEHTYPE" speed="13.60" pos="192.04" lane="2/3to2/4_0" slope="0.00"/>
        <vehicle id="25" x="266.73" y="198.35" angle="90.00" type="DEFAULT_VEHTYPE" speed="13.72" pos="61.98" lane="1/1to2/1_0" slope="0.00"/>
        <vehicle id="27" x="327.94" y="201.65" angle="-90.00" type="DEFAULT_VEHTYPE" speed="13.68" pos="67.31" lane="2/1to1/1_0" slope="0.00"/>
        <vehicle id="29" x="601.65" y="376.58" angle="180.00" type="DEFAULT_VEHTYPE" speed="13.57" pos="171.83" lane="3/1to3/2_0" slope="0.00"/>
        <vehicle id="3" x="201.65" y="558.90" angle="180.00" type="DEFAULT_VEHTYPE" speed="13.05" pos="154.15" lane="1/2to1/3_0" slope="0.00"/>
        <vehicle id="32" x="782.50" y="598.35" angle="90.00" type="DEFAULT_VEHTYPE" speed="13.09" pos="177.75" lane="3/3to4/3_0" slope="0.00"/>
        <vehicle id="37" x="401.65" y="132.63" angle="180.00" type="DEFAULT_VEHTYPE" speed="13.87" pos="132.63" lane="2/0to2/1_0" slope="0.00"/>
        <vehicle id="38" x="401.65" y="755.76" angle="180.00" type="DEFAULT_VEHTYPE" speed="13.28" pos="151.01" lane="2/3to2/4_0" slope="0.00"/>
        <vehicle id="4" x="398.35" y="19.78" angle="0.00" type="DEFAULT_VEHTYPE" speed="13.16" pos="175.47" lane="2/1to2/0_0" slope="0.00"/>
        <vehicle id="41" x="398.35" y="673.41" angle="0.00" type="DEFAULT_VEHTYPE" speed="12.78" pos="126.59" lane="2/4to2/3_0" slope="0.00"/>
        <vehicle id="42" x="201.65" y="189.15" angle="180.00" type="DEFAULT_VEHTYPE" speed="13.02" pos="189.15" lane="1/0to1/1_0" slope="0.00"/>
        <vehicle id="43" x="401.65" y="717.86" angle="180.00" type="DEFAULT_VEHTYPE" speed="13.57" pos="113.11" lane="2/3to2/4_0" slope="0.00"/>
        <vehicle id="44" x="398.35" y="56.45" angle="0.00" type="DEFAULT_VEHTYPE" speed="12.77" pos="138.80" lane="2/1to2/0_0" slope="0.00"/>
        <vehicle id="46" x="192.73" y="398.35" angle="90.00" type="DEFAULT_VEHTYPE" speed="0.03" pos="192.73" lane="0/2to1/2_0" slope="0.00"/>
        <vehicle id="47" x="398.35" y="780.06" angle="0.00" type="DEFAULT_VEHTYPE" speed="13.38" pos="19.94" lane="2/4to2/3_0" slope="0.00"/>
        <vehicle id="49" x="320.29" y="401.65" angle="-90.00" type="DEFAULT_VEHTYPE" speed="13.36" pos="74.96" lane="2/2to1/2_0" slope="0.00"/>
        <vehicle id="6" x="212.67" y="401.65" angle="-90.00" type="DEFAULT_VEHTYPE" speed="5.15" pos="182.58" lane="2/2to1/2_0" slope="0.00"/>
    </timestep>
    <timestep time="176.00">
        <vehicle id="1" x="401.65" y="695.09" angle="180.00" type="DEFAULT_VEHTYPE" speed="13.04" pos="90.34" lane="2/3to2/4_0" slope="0.00"/>
        <vehicle id="11" x="201.65" y="420.57" angle="180.00" type="DEFAULT_VEHTYPE" speed="12.62" pos="15.82" lane="1/2to1/3_0" slope="0.00"/>
        <vehicle id="13" x="428.66" y="401.65" angle="-90.00" type="DEFAULT_VEHTYPE" speed="12.21" pos="166.59" lane="3/2to2/2_0" slope="0.00"/>
        <vehicle id="17" x="157.21" y="398.35" angle="90.00" type="DEFAULT_VEHTYPE" speed="13.63" pos="157.21" lane="0/2to1/2_0" slope="0.00"/>
        <vehicle id="2" x="255.61" y="401.65" angle="-90.00" type="DEFAULT_VEHTYPE" speed="12.98" pos="139.64" lane="2/2to1/2_0" slope="0.00"/>
        <vehicle id="21" x="398.35" y="287.42" angle="0.00" type="DEFAULT_VEHTYPE" speed="13.09" pos="107.83" lane="2/2to2/1_0" slope="0.00"/>
        <vehicle id="23" x="398.35" y="795.26" angle="-1.66" type="DEFAULT_VEHTYPE" speed="12.78" pos="4.74" lane="2/4to2/3_0" slope="0.00"/>
        <vehicle id="25" x="280.54" y="198.35" angle="90.00" type="DEFAULT_VEHTYPE" speed="13.81" pos="75.79" lane="1/1to2/1_0" slope="0.00"/>
        <vehicle id="27" x="314.71" y="201.65" angle="-90.00" type="DEFAULT_VEHTYPE" speed="13.24" pos="80.54" lane="2/1to1/1_0" slope="0.00"/>
        <vehicle id="29" x="601.65" y="389.43" angle="180.00" type="DEFAULT_VEHTYPE" speed="12.85" pos="184.68" lane="3/1to3/2_0" slope="0.00"/>
        <vehicle id="3" x="201.65" y="572.33" angle="180.00" type="DEFAULT_VEHTYPE" speed="13.43" pos="167.58" lane="1/2to1/3_0" slope="0.00"/>
        <vehicle id="32" x="796.28" y="598.35" angle="90.00" type="DEFAULT_VEHTYPE" speed="13.78" pos="191.53" lane="3/3to4/3_0" slope="0.00"/>
        <vehicle id="37" x="401.65" y="146.29" angle="180.00" type="DEFAULT_VEHTYPE" speed="13.66" pos="146.29" lane="2/0to2/1_0" slope="0.00"/>
        <vehicle id="38" x="401.65" y="769.54" angle="180.00" type="DEFAULT_VEHTYPE" speed="13.78" pos="164.79" lane="2/3to2/4_0" slope="0.00"/>
        <vehicle id="4" x="398.35" y="6.66" angle="0.00" type="DEFAULT_VEHTYPE" speed="13.13" pos="188.59" lane="2/1to2/0_0" slope="0.00"/>
        <vehicle id="41" x="398.35" y="660.78" angle="0.00" type="DEFAULT_VEHTYPE" speed="12.64" pos="139.22" lane="2/4to2/3_0" slope="0.00"/>
        <vehicle id="42" x="207.37" y="198.35" angle="98.38" type="DEFAULT_VEHTYPE" speed="13.72" pos="2.62" lane="1/1to2/1_0" slope="0.00"/>
        <vehicle id="43" x="401.65" y="730.54" angle="180.00" type="DEFAULT_VEHTYPE" speed="12.68" pos="125.79" lane="2/3to2/4_0" slope="0.00"/>
        <vehicle id="44" x="398.35" y="43.37" angle="0.00" type="DEFAULT_VEHTYPE" speed="13.08" pos="151.88" lane="2/1to2/0_0" slope="0.00"/>
        <vehicle id="46" x="192.75" y="398.35" angle="90.00" type="DEFAULT_VEHTYPE" speed="0.01" pos="192.75" lane="0/2to1/2_0" slope="0.00"/>
        <vehicle id="47" x="398.35" y="766.80" angle="0.00" type="DEFAULT_VEHTYPE" speed="13.26" pos="33.20" lane="2/4to2/3_0" slope="0.00"/>
        <vehicle id="49" x="307.59" y="401.65" angle="-90.00" type="DEFAULT_VEHTYPE" speed="12.70" pos="87.66" lane="2/2to1/2_0" slope="0.00"/>
        <vehicle id="6" x="209.31" y="401.65" angle="-90.00" type="DEFAULT_VEHTYPE" speed="3.37" pos="185.94" lane="2/2to1/2_0" slope="0.00"/>
    </timestep>
    <timestep time="177.00">
        <vehicle id="1" x="401.65" y="708.81" angle="180.00" type="DEFAULT_VEHTYPE" speed="13.73" pos="104.06" lane="2/3to2/4_0" slope="0.00"/>
        <vehicle id="11" x="201.65" y="433.80" angle="180.00" type="DEFAULT_VEHTYPE" speed="13.24" pos="29.05" lane="1/2to1/3_0" slope="0.00"/>
        <vehicle id="13" x="419.43" y="401.65" angle="-90.00" type="DEFAULT_VEHTYPE" speed="9.24" pos="175.82" lane="3/2to2/2_0" slope="0.00"/>
        <vehicle id="17" x="168.98" y="398.35" angle="90.00" type="DEFAULT_VEHTYPE" speed="11.77" pos="168.98" lane="0/2to1/2_0" slope="0.00"/>
        <vehicle id="2" x="242.61" y="401.65" angle="-90.00" type="DEFAULT_VEHTYPE" speed="13.00" pos="152.64" lane="2/2to1/2_0" slope="0.00"/>
        <vehicle id="21" x="398.35" y="274.58" angle="0.00" type="DEFAULT_VEHTYPE" speed="12.85" pos="120.67" lane="2/2to2/1_0" slope="0.00"/>
        <vehicle id="23" x="398.35" y="782.65" angle="0.00" type="DEFAULT_VEHTYPE" speed="12.60" pos="17.35" lane="2/4to2/3_0" slope="0.00"/>
        <vehicle id="25" x="293.42" y="198.35" angle="90.00" type="DEFAULT_VEHTYPE" speed="12.88" pos="88.67" lane="1/1to2/1_0" slope="0.00"/>
        <vehicle id="27" x="302.03" y="201.65" angle="-90.00" type="DEFAULT_VEHTYPE" speed="12.68" pos="93.22" lane="2/1to1/1_0" slope="0.00"/>
        <vehicle id="29" x="601.65" y="403.10" angle="180.00" type="DEFAULT_VEHTYPE" speed="13.67" pos="7.85" lane=":3/2_9_0" slope="0.00"/>
        <vehicle id="3" x="201.65" y="585.53" angle="180.00" type="DEFAULT_VEHTYPE" speed="13.19" pos="180.78" lane="1/2to1/3_0" slope="0.00"/>
        <vehicle id="32" x="795.94" y="601.65" angle="-96.10" type="DEFAULT_VEHTYPE" speed="12.60" pos="4.06" lane="4/3to3/3_0" slope="0.00"/>
        <vehicle id="37" x="401.65" y="159.90" angle="180.00" type="DEFAULT_VEHTYPE" speed="13.61" pos="159.90" lane="2/0to2/1_0" slope="0.00"/>
        <vehicle id="38" x="401.65" y="782.57" angle="180.00" type="DEFAULT_VEHTYPE" speed="13.03" pos="177.82" lane="2/3to2/4_0" slope="0.00"/>
        <vehicle id="4" x="401.65" y="1.92" angle="145.48" type="DEFAULT_VEHTYPE" speed="13.40" pos="1.92" lane="2/0to2/1_0" slope="0.00"/>
        <vehicle id="41" x="398.35" y="647.22" angle="0.00" type="DEFAULT_VEHTYPE" speed="13.55" pos="152.78" lane="2/4to2/3_0" slope="0.00"/>
        <vehicle id="42" x="220.10" y="198.35" angle="90.00" type="DEFAULT_VEHTYPE" speed="12.73" pos="15.35" lane="1/1to2/1_0" slope="0.00"/>
        <vehicle id="43" x="401.65" y="743.91" angle="180.00" type="DEFAULT_VEHTYPE" speed="13.36" pos="139.16" lane="2/3to2/4_0" slope="0.00"/>
        <vehicle id="44" x="398.35" y="30.23" angle="0.00" type="DEFAULT_VEHTYPE" speed="13.14" pos="165.02" lane="2/1to2/0_0" slope="0.00"/>
        <vehicle id="46" x="192.75" y="398.35" angle="90.00" type="DEFAULT_VEHTYPE" speed="0.00" pos="192.75" lane="0/2to1/2_0" slope="0.00"/>
        <vehicle id="47" x="398.35" y="754.06" angle="0.00" type="DEFAULT_VEHTYPE" speed="12.75" pos="45.94" lane="2/4to2/3_0" slope="0.00"/>
        <vehicle id="49" x="294.30" y="401.65" angle="-90.00" type="DEFAULT_VEHTYPE" speed="13.29" pos="100.95" lane="2/2to1/2_0" slope="0.00"/>
        <vehicle id="6" x="204.50" y="401.65" angle="-90.00" type="DEFAULT_VEHTYPE" speed="4.81" pos="0.25" lane=":1/2_5_0" slope="0.00"/>
    </timestep>
    <timestep time="178.00">
        <vehicle id="1" x="401.65" y="722.52" angle="180.00" type="DEFAULT_VEHTYPE" speed="13.71" pos="117.77" lane="2/3to2/4_0" slope="0.00"/>
        <vehicle id="11" x="201.65" y="447.55" angle="180.00" type="DEFAULT_VEHTYPE" speed="13.75" pos="42.80" lane="1/2to1/3_0" slope="0.00"/>
        <vehicle id="13" x="412.94" y="401.65" angle="-90.00" type="DEFAULT_VEHTYPE" speed="6.49" pos="182.31" lane="3/2to2/2_0" slope="0.00"/>
        <vehicle id="17" x="177.05" y="398.35" angle="90.00" type="DEFAULT_VEHTYPE" speed="8.06" pos="177.05" lane="0/2to1/2_0" slope="0.00"/>
        <vehicle id="2" x="229.13" y="401.65" angle="-90.00" type="DEFAULT_VEHTYPE" speed="13.49" pos="166.12" lane="2/2to1/2_0" slope="0.00"/>
        <vehicle id="21" x="398.35" y="260.87" angle="0.00" type="DEFAULT_VEHTYPE" speed="13.70" pos="134.38" lane="2/2to2/1_0" slope="0.00"/>
        <vehicle id="23" x="398.35" y="769.83" angle="0.00" type="DEFAULT_VEHTYPE" speed="12.82" pos="30.17" lane="2/4to2/3_0" slope="0.00"/>
        <vehicle id="25" x="306.82" y="198.35" angle="90.00" type="DEFAULT_VEHTYPE" speed="13.40" pos="102.07" lane="1/1to2/1_0" slope="0.00"/>
        <vehicle id="27" x="288.88" y="201.65" angle="-90.00" type="DEFAULT_VEHTYPE" speed="13.15" pos="106.37" lane="2/1to1/1_0" slope="0.00"/>
        <vehicle id="29" x="601.65" y="416.73" angle="180.00" type="DEFAULT_VEHTYPE" speed="13.63" pos="11.98" lane="3/2to3/3_0" slope="0.00"/>
        <vehicle id="3" x="202.85" y="597.84" angle="165.33" type="DEFAULT_VEHTYPE" speed="12.72" pos="3.00" lane=":1/3_8_0" slope="0.00"/>
        <vehicle id="32" x="782.71" y="601.65" angle="-90.00" type="DEFAULT_VEHTYPE" speed="13.23" pos="17.29" lane="4/3to3/3_0" slope="0.00"/>
        <vehicle id="37" x="401.65" y="173.03" angle="180.00" type="DEFAULT_VEHTYPE" speed="13.12" pos="173.03" lane="2/0to2/1_0" slope="0.00"/>
        <vehicle id="38" x="401.65" y="796.23" angle="180.00" type="DEFAULT_VEHTYPE" speed="13.67" pos="191.48" lane="2/3to2/4_0" slope="0.00"/>
        <vehicle id="4" x="401.65" y="15.28" angle="180.00" type="DEFAULT_VEHTYPE" speed="13.36" pos="15.28" lane="2/0to2/1_0" slope="0.00"/>
        <vehicle id="41" x="398.35" y="633.47" angle="0.00" type="DEFAULT_VEHTYPE" speed="13.75" pos="166.53" lane="2/4to2/3_0" slope="0.00"/>
        <vehicle id="42" x="233.16" y="198.35" angle="90.00" type="DEFAULT_VEHTYPE" speed="13.07" pos="28.41" lane="1/1to2/1_0" slope="0.00"/>
        <vehicle id="43" x="401.65" y="756.69" angle="180.00" type="DEFAULT_VEHTYPE" speed="12.78" pos="151.94" lane="2/3to2/4_0" slope="0.00"/>
        <vehicle id="44" x="398.35" y="17.52" angle="0.00" type="DEFAULT_VEHTYPE" speed="12.71" pos="177.73" lane="2/1to2/0_0" slope="0.00"/>
        <vehicle id="46" x="192.75" y="398.35" angle="90.00" type="DEFAULT_VEHTYPE" speed="0.00" pos="192.75" lane="0/2to1/2_0" slope="0.00"/>
        <vehicle id="47" x="398.35" y="740.99" angle="0.00" type="DEFAULT_VEHTYPE" speed="13.07" pos="59.01" lane="2/4to2/3_0" slope="0.00"/>
        <vehicle id="49" x="281.15" y="401.65" angle="-90.00" type="DEFAULT_VEHTYPE" speed="13.16" pos="114.10" lane="2/2to1/2_0" slope="0.00"/>
        <vehicle id="6" x="197.69" y="401.65" angle="-90.00" type="DEFAULT_VEHTYPE" speed="6.80" pos="7.06" lane=":1/2_5_0" slope="0.00"/>
    </timestep>
    <timestep time="179.00">
        <vehicle id="1" x="401.65" y="735.24" angle="180.00" type="DEFAULT_VEHTYPE" speed="12.72" pos="130.49" lane="2/3to2/4_0" slope="0.00"/>
        <vehicle id="11" x="201.65" y="460.26" angle="180.00" type="DEFAULT_VEHTYPE" speed="12.71" pos="55.51" lane="1/2to1/3_0" slope="0.00"/>
        <vehicle id="13" x="410.13" y="401.65" angle="-90.00" type="DEFAULT_VEHTYPE" speed="2.81" pos="185.12" lane="3/2to2/2_0" slope="0.00"/>
        <vehicle id="17" x="181.95" y="398.35" angle="90.00" type="DEFAULT_VEHTYPE" speed="4.90" pos="181.95" lane="0/2to1/2_0" slope="0.00"/>
        <vehicle id="2" x="219.79" y="401.65" angle="-90.00" type="DEFAULT_VEHTYPE" speed="9.34" pos="175.46" lane="2/2to1/2_0" slope="0.00"/>
        <vehicle id="21" x="398.35" y="247.40" angle="0.00" type="DEFAULT_VEHTYPE" speed="13.48" pos="147.85" lane="2/2to2/1_0" slope="0.00"/>
        <vehicle id="23" x="398.35" y="757.17" angle="0.00" type="DEFAULT_VEHTYPE" speed="12.66" pos="42.83" lane="2/4to2/3_0" slope="0.00"/>
        <vehicle id="25" x="320.37" y="198.35" angle="90.00" type="DEFAULT_VEHTYPE" speed="13.55" pos="115.62" lane="1/1to2/1_0" slope="0.00"/>
        <vehicle id="27" x="275.21" y="201.65" angle="-90.00" type="DEFAULT_VEHTYPE" speed="13.66" pos="120.04" lane="2/1to1/1_0" slope="0.00"/>
        <vehicle id="29" x="601.65" y="429.75" angle="180.00" type="DEFAULT_VEHTYPE" speed="13.02" pos="25.00" lane="3/2to3/3_0" slope="0.00"/>
        <vehicle id="3" x="216.50" y="598.35" angle="90.00" type="DEFAULT_VEHTYPE" speed="13.75" pos="11.75" lane="1/3to2/3_0" slope="0.00"/>
        <vehicle id="32" x="769.87" y="601.65" angle="-90.00" type="DEFAULT_VEHTYPE" speed="12.84" pos="30.13" lane="4/3to3/3_0" slope="0.00"/>
        <vehicle id="37" x="401.65" y="186.75" angle="180.00" type="DEFAULT_VEHTYPE" speed="13.72" pos="186.75" lane="2/0to2/1_0" slope="0.00"/>
        <vehicle id="38" x="398.35" y="794.89" angle="0.00" type="DEFAULT_VEHTYPE" speed="13.70" pos="5.11" lane="2/4to2/3_0" slope="0.00"/>
        <vehicle id="4" x="401.65" y="28.26" angle="180.00" type="DEFAULT_VEHTYPE" speed="12.97" pos="28.26" lane="2/0to2/1_0" slope="0.00"/>
        <vehicle id="41" x="398.35" y="620.72" angle="0.00" type="DEFAULT_VEHTYPE" speed="12.75" pos="179.28" lane="2/4to2/3_0" slope="0.00"/>
        <vehicle id="42" x="246.82" y="198.35" angle="90.00" type="DEFAULT_VEHTYPE" speed="13.65" pos="42.07" lane="1/1to2/1_0" slope="0.00"/>
        <vehicle id="43" x="401.65" y="770.17" angle="180.00" type="DEFAULT_VEHTYPE" speed="13.49" pos="165.42" lane="2/3to2/4_0" slope="0.00"/>
        <vehicle id="44" x="398.35" y="4.46" angle="0.00" type="DEFAULT_VEHTYPE" speed="13.06" pos="190.79" lane="2/1to2/0_0" slope="0.00"/>
        <vehicle id="46" x="194.68" y="398.35" angle="90.00" type="DEFAULT_VEHTYPE" speed="1.94" pos="194.68" lane="0/2to1/2_0" slope="0.00"/>
        <vehicle id="47" x="398.35" y="728.04" angle="0.00" type="DEFAULT_VEHTYPE" speed="12.95" pos="71.96" lane="2/4to2/3_0" slope="0.00"/>
        <vehicle id="49" x="267.90" y="401.65" angle="-90.00" type="DEFAULT_VEHTYPE" speed="13.24" pos="127.35" lane="2/2to1/2_0" slope="0.00"/>
        <vehicle id="6" x="189.53" y="401.65" angle="-90.00" type="DEFAULT_VEHTYPE" speed="8.16" pos="5.72" lane="1/2to0/2_0" slope="0.00"/>
    </timestep>
    <timestep time="180.00">
        <vehicle id="1" x="401.65" y="749.11" angle="180.00" type="DEFAULT_VEHTYPE" speed="13.87" pos="144.36" lane="2/3to2/4_0" slope="0.00"/>
        <vehicle id="11" x="201.65" y="474.09" angle="180.00" type="DEFAULT_VEHTYPE" speed="13.83" pos="69.34" lane="1/2to1/3_0" slope="0.00"/>
        <vehicle id="13" x="405.82" y="401.65" angle="-90.00" type="DEFAULT_VEHTYPE" speed="4.31" pos="189.43" lane="3/2to2/2_0" slope="0.00"/>
        <vehicle id="17" x="184.50" y="398.35" angle="90.00" type="DEFAULT_VEHTYPE" speed="2.56" pos="184.50" lane="0/2to1/2_0" slope="0.00"/>
        <vehicle id="2" x="213.01" y="401.65" angle="-90.00" type="DEFAULT_VEHTYPE" speed="6.78" pos="182.24" lane="2/2to1/2_0" slope="0.00"/>
        <vehicle id="21" x="398.35" y="234.26" angle="0.00" type="DEFAULT_VEHTYPE" speed="13.14" pos="160.99" lane="2/2to2/1_0" slope="0.00"/>
        <vehicle id="23" x="398.35" y="744.47" angle="0.00" type="DEFAULT_VEHTYPE" speed="12.70" pos="55.53" lane="2/4to2/3_0" slope="0.00"/>
        <vehicle id="25" x="333.89" y="198.35" angle="90.00" type="DEFAULT_VEHTYPE" speed="13.51" pos="129.14" lane="1/1to2/1_0" slope="0.00"/>
        <vehicle id="27" x="262.52" y="201.65" angle="-90.00" type="DEFAULT_VEHTYPE" speed="12.70" pos="132.73" lane="2/1to1/1_0" slope="0.00"/>
        <vehicle id="29" x="601.65" y="442.48" angle="180.00" type="DEFAULT_VEHTYPE" speed="12.72" pos="37.73" lane="3/2to3/3_0" slope="0.00"/>
        <vehicle id="3" x="229.54" y="598.35" angle="90.00" type="DEFAULT_VEHTYPE" speed="13.04" pos="24.79" lane="1/3to2/3_0" slope="0.00"/>
        <vehicle id="32" x="756.37" y="601.65" angle="-90.00" type="DEFAULT_VEHTYPE" speed="13.50" pos="43.63" lane="4/3to3/3_0" slope="0.00"/>
        <vehicle id="37" x="403.93" y="198.24" angle="149.09" type="DEFAULT_VEHTYPE" speed="12.68" pos="4.18" lane=":2/1_8_0" slope="0.00"/>
        <vehicle id="38" x="398.35" y="781.15" angle="0.00" type="DEFAULT_VEHTYPE" speed="13.74" pos="18.85" lane="2/4to2/3_0" slope="0.00"/>
        <vehicle id="4" x="401.65" y="41.07" angle="180.00" type="DEFAULT_VEHTYPE" speed="12.81" pos="41.07" lane="2/0to2/1_0" slope="0.00"/>
        <vehicle id="41" x="398.35" y="607.30" angle="0.00" type="DEFAULT_VEHTYPE" speed="13.42" pos="192.70" lane="2/4to2/3_0" slope="0.00"/>
        <vehicle id="42" x="259.53" y="198.35" angle="90.00" type="DEFAULT_VEHTYPE" speed="12.71" pos="54.78" lane="1/1to2/1_0" slope="0.00"/>
        <vehicle id="43" x="401.65" y="783.75" angle="180.00" type="DEFAULT_VEHTYPE" speed="13.58" pos="179.00" lane="2/3to2/4_0" slope="0.00"/>
        <vehicle id="44" x="401.65" y="4.57" angle="177.24" type="DEFAULT_VEHTYPE" speed="13.85" pos="4.57" lane="2/0to2/1_0" slope="0.00"/>
        <vehicle id="46" x="198.69" y="399.13" angle="99.14" type="DEFAULT_VEHTYPE" speed="4.14" pos="3.57" lane=":1/2_14_0" slope="0.00"/>
        <vehicle id="47" x="398.35" y="714.88" angle="0.00" type="DEFAULT_VEHTYPE" speed="13.16" pos="85.12" lane="2/4to2/3_0" slope="0.00"/>
        <vehicle id="49" x="254.39" y="401.65" angle="-90.00" type="DEFAULT_VEHTYPE" speed="13.51" pos="140.86" lane="2/2to1/2_0" slope="0.00"/>
        <vehicle id="6" x="179.44" y="401.65" angle="-90.00" type="DEFAULT_VEHTYPE" speed="10.09" pos="15.81" lane="1/2to0/2_0" slope="0.00"/>
    </timestep>
    <timestep time="181.00">
        <vehicle id="1" x="401.65" y="762.52" angle="180.00" type="DEFAULT_VEHTYPE" speed="13.42" pos="157.77" lane="2/3to2/4_0" slope="0.00"/>
        <vehicle id="11" x="201.65" y="487.88" angle="180.00" type="DEFAULT_VEHTYPE" speed="13.79" pos="83.13" lane="1/2to1/3_0" slope="0.00"/>
        <vehicle id="13" x="399.33" y="401.65" angle="-90.00" type="DEFAULT_VEHTYPE" speed="6.48" pos="5.42" lane=":2/2_5_0" slope="0.00"/>
        <vehicle id="17" x="189.00" y="398.35" angle="90.00" type="DEFAULT_VEHTYPE" speed="4.49" pos="189.00" lane="0/2to1/2_0" slope="0.00"/>
        <vehicle id="2" x="209.93" y="401.65" angle="-90.00" type="DEFAULT_VEHTYPE" speed="3.08" pos="185.32" lane="2/2to1/2_0" slope="0.00"/>
        <vehicle id="21" x="398.35" y="221.07" angle="0.00" type="DEFAULT_VEHTYPE" speed="13.19" pos="174.18" lane="2/2to2/1_0" slope="0.00"/>
        <vehicle id="23" x="398.35" y="730.77" angle="0.00" type="DEFAULT_VEHTYPE" speed="13.70" pos="69.23" lane="2/4to2/3_0" slope="0.00"/>
        <vehicle id="25" x="347.35" y="198.35" angle="90.00" type="DEFAULT_VEHTYPE" speed="13.46" pos="142.60" lane="1/1to2/1_0" slope="0.00"/>
        <vehicle id="27" x="249.10" y="201.65" angle="-90.00" type="DEFAULT_VEHTYPE" speed="13.41" pos="146.15" lane="2/1to1/1_0" slope="0.00"/>
        <vehicle id="29" x="601.65" y="456.03" angle="180.00" type="DEFAULT_VEHTYPE" speed="13.56" pos="51.28" lane="3/2to3/3_0" slope="0.00"/>
        <vehicle id="3" x="243.40" y="598.35" angle="90.00" type="DEFAULT_VEHTYPE" speed="13.86" pos="38.65" lane="1/3to2/3_0" slope="0.00"/>
        <vehicle id="32" x="743.53" y="601.65" angle="-90.00" type="DEFAULT_VEHTYPE" speed="12.85" pos="56.47" lane="4/3to3/3_0" slope="0.00"/>
        <vehicle id="37" x="417.77" y="198.35" angle="90.00" type="DEFAULT_VEHTYPE" speed="13.84" pos="13.02" lane="2/1to3/1_0" slope="0.00"/>
        <vehicle id="38" x="398.35" y="768.33" angle="0.00" type="DEFAULT_VEHTYPE" speed="12.82" pos="31.67" lane="2/4to2/3_0" slope="0.00"/>
        <vehicle id="4" x="401.65" y="54.20" angle="180.00" type="DEFAULT_VEHTYPE" speed="13.14" pos="54.20" lane="2/0to2/1_0" slope="0.00"/>
        <vehicle id="41" x="398.35" y="594.65" angle="0.00" type="DEFAULT_VEHTYPE" speed="12.65" pos="0.60" lane="2/3to2/2_0" slope="0.00"/>
        <vehicle id="42" x="273.02" y="198.35" angle="90.00" type="DEFAULT_VEHTYPE" speed="13.49" pos="68.27" lane="1/1to2/1_0" slope="0.00"/>
        <vehicle id="43" x="401.65" y="796.85" angle="180.00" type="DEFAULT_VEHTYPE" speed="13.10" pos="192.10" lane="2/3to2/4_0" slope="0.00"/>
        <vehicle id="44" x="401.65" y="17.32" angle="180.00" type="DEFAULT_VEHTYPE" speed="12.74" pos="17.32" lane="2/0to2/1_0" slope="0.00"/>
        <vehicle id="46" x="201.51" y="403.80" angle="153.22" type="DEFAULT_VEHTYPE" speed="5.79" pos="9.36" lane=":1/2_14_0" slope="0.00"/>
        <vehicle id="47" x="398.35" y="701.27" angle="0.00" type="DEFAULT_VEHTYPE" speed="13.61" pos="98.73" lane="2/4to2/3_0" slope="0.00"/>
        <vehicle id="49" x="241.11" y="401.65" angle="-90.00" type="DEFAULT_VEHTYPE" speed="13.29" pos="154.14" lane="2/2to1/2_0" slope="0.00"/>
        <vehicle id="6" x="167.19" y="401.65" angle="-90.00" type="DEFAULT_VEHTYPE" speed="12.25" pos="28.06" lane="1/2to0/2_0" slope="0.00"/>
    </timestep>
    <timestep time="182.00">
        <vehicle id="1" x="401.65" y="776.06" angle="180.00" type="DEFAULT_VEHTYPE" speed="13.53" pos="171.31" lane="2/3to2/4_0" slope="0.00"/>
        <vehicle id="11" x="201.65" y="500.93" angle="180.00" type="DEFAULT_VEHTYPE" speed="13.05" pos="96.18" lane="1/2to1/3_0" slope="0.00"/>
        <vehicle id="13" x="390.57" y="401.65" angle="-90.00" type="DEFAULT_VEHTYPE" speed="8.76" pos="4.68" lane="2/2to1/2_0" slope="0.00"/>
        <vehicle id="17" x="191.44" y="398.35" angle="90.00" type="DEFAULT_VEHTYPE" speed="2.45" pos="191.44" lane="0/2to1/2_0" slope="0.00"/>
        <vehicle id="2" x="205.08" y="401.65" angle="-90.00" type="DEFAULT_VEHTYPE" speed="4.85" pos="190.17" lane="2/2to1/2_0" slope="0.00"/>
        <vehicle id="21" x="398.35" y="208.15" angle="0.00" type="DEFAULT_VEHTYPE" speed="12.92" pos="187.10" lane="2/2to2/1_0" slope="0.00"/>
        <vehicle id="23" x="398.35" y="717.22" angle="0.00" type="DEFAULT_VEHTYPE" speed="13.55" pos="82.78" lane="2/4to2/3_0" slope="0.00"/>
        <vehicle id="25" x="361.21" y="198.35" angle="90.00" type="DEFAULT_VEHTYPE" speed="13.87" pos="156.46" lane="1/1to2/1_0" slope="0.00"/>
        <vehicle id="27" x="236.25" y="201.65" angle="-90.00" type="DEFAULT_VEHTYPE" speed="12.85" pos="159.00" lane="2/1to1/1_0" slope="0.00"/>
        <vehicle id="29" x="601.65" y="469.62" angle="180.00" type="DEFAULT_VEHTYPE" speed="13.59" pos="64.87" lane="3/2to3/3_0" slope="0.00"/>
        <vehicle id="3" x="256.92" y="598.35" angle="90.00" type="DEFAULT_VEHTYPE" speed="13.53" pos="52.17" lane="1/3to2/3_0" slope="0.00"/>
        <vehicle id="32" x="729.78" y="601.65" angle="-90.00" type="DEFAULT_VEHTYPE" speed="13.74" pos="70.22" lane="4/3to3/3_0" slope="0.00"/>
        <vehicle id="37" x="430.96" y="198.35" angle="90.00" type="DEFAULT_VEHTYPE" speed="13.19" pos="26.21" lane="2/1to3/1_0" slope="0.00"/>
        <vehicle id="38" x="398.35" y="755.35" angle="0.00" type="DEFAULT_VEHTYPE" speed="12.98" pos="44.65" lane="2/4to2/3_0" slope="0.00"/>
        <vehicle id="4" x="401.65" y="68.09" angle="180.00" type="DEFAULT_VEHTYPE" speed="13.88" pos="68.09" lane="2/0to2/1_0" slope="0.00"/>
        <vehicle id="41" x="398.35" y="581.09" angle="0.00" type="DEFAULT_VEHTYPE" speed="13.56" pos="14.16" lane="2/3to2/2_0" slope="0.00"/>
        <vehicle id="42" x="286.39" y="198.35" angle="90.00" type="DEFAULT_VEHTYPE" speed="13.37" pos="81.64" lane="1/1to2/1_0" slope="0.00"/>
        <vehicle id="43" x="398.35" y="795.15" angle="-0.99" type="DEFAULT_VEHTYPE" speed="12.81" pos="4.85" lane="2/4to2/3_0" slope="0.00"/>
        <vehicle id="44" x="401.65" y="31.02" angle="180.00" type="DEFAULT_VEHTYPE" speed="13.71" pos="31.02" lane="2/0to2/1_0" slope="0.00"/>
        <vehicle id="46" x="201.65" y="411.24" angle="180.00" type="DEFAULT_VEHTYPE" speed="7.45" pos="6.49" lane="1/2to1/3_0" slope="0.00"/>
        <vehicle id="47" x="398.35" y="688.41" angle="0.00" type="DEFAULT_VEHTYPE" speed="12.86" pos="111.59" lane="2/4to2/3_0" slope="0.00"/>
        <vehicle id="49" x="230.45" y="401.65" angle="-90.00" type="DEFAULT_VEHTYPE" speed="10.65" pos="164.80" lane="2/2to1/2_0" slope="0.00"/>
        <vehicle id="6" x="154.39" y="401.65" angle="-90.00" type="DEFAULT_VEHTYPE" speed="12.80" pos="40.86" lane="1/2to0/2_0" slope="0.00"/>
    </timestep>
    <timestep time="183.00">
        <vehicle id="1" x="401.65" y="788.85" angle="180.00" type="DEFAULT_VEHTYPE" speed="12.79" pos="184.10" lane="2/3to2/4_0" slope="0.00"/>
        <vehicle id="11" x="201.65" y="514.46" angle="180.00" type="DEFAULT_VEHTYPE" speed="13.53" pos="109.71" lane="1/2to1/3_0" slope="0.00"/>
        <vehicle id="13" x="379.96" y="401.65" angle="-90.00" type="DEFAULT_VEHTYPE" speed="10.61" pos="15.29" lane="2/2to1/2_0" slope="0.00"/>
        <vehicle id="17" x="192.22" y="398.35" angle="90.00" type="DEFAULT_VEHTYPE" speed="0.77" pos="192.22" lane="0/2to1/2_0" slope="0.00"/>
        <vehicle id="2" x="199.28" y="398.94" angle="-58.10" type="DEFAULT_VEHTYPE" speed="6.79" pos="6.46" lane=":1/2_6_0" slope="0.00"/>
        <vehicle id="21" x="389.81" y="201.65" angle="-90.00" type="DEFAULT_VEHTYPE" speed="13.84" pos="5.44" lane="2/1to1/1_0" slope="0.00"/>
        <vehicle id="23" x="398.35" y="704.21" angle="0.00" type="DEFAULT_VEHTYPE" speed="13.01" pos="95.79" lane="2/4to2/3_0" slope="0.00"/>
        <vehicle id="25" x="373.52" y="198.35" angle="90.00" type="DEFAULT_VEHTYPE" speed="12.31" pos="168.77" lane="1/1to2/1_0" slope="0.00"/>
        <vehicle id="27" x="224.19" y="201.65" angle="-90.00" type="DEFAULT_VEHTYPE" speed="12.07" pos="171.06" lane="2/1to1/1_0" slope="0.00"/>
        <vehicle id="29" x="601.65" y="482.27" angle="180.00" type="DEFAULT_VEHTYPE" speed="12.66" pos="77.52" lane="3/2to3/3_0" slope="0.00"/>
        <vehicle id="3" x="270.20" y="598.35" angle="90.00" type="DEFAULT_VEHTYPE" speed="13.28" pos="65.45" lane="1/3to2/3_0" slope="0.00"/>
        <vehicle id="32" x="716.48" y="601.65" angle="-90.00" type="DEFAULT_VEHTYPE" speed="13.31" pos="83.52" lane="4/3to3/3_0" slope="0.00"/>
        <vehicle id="37" x="444.43" y="198.35" angle="90.00" type="DEFAULT_VEHTYPE" speed="13.47" pos="39.68" lane="2/1to3/1_0" slope="0.00"/>
        <vehicle id="38" x="398.35" y="741.61" angle="0.00" type="DEFAULT_VEHTYPE" speed="13.74" pos="58.39" lane="2/4to2/3_0" slope="0.00"/>
        <vehicle id="4" x="401.65" y="81.63" angle="180.00" type="DEFAULT_VEHTYPE" speed="13.54" pos="81.63" lane="2/0to2/1_0" slope="0.00"/>
        <vehicle id="41" x="398.35" y="568.42" angle="0.00" type="DEFAULT_VEHTYPE" speed="12.67" pos="26.83" lane="2/3to2/2_0" slope="0.00"/>
        <vehicle id="42" x="300.04" y="198.35" angle="90.00" type="DEFAULT_VEHTYPE" speed="13.65" pos="95.29" lane="1/1to2/1_0" slope="0.00"/>
        <vehicle id="43" x="398.35" y="781.89" angle="0.00" type="DEFAULT_VEHTYPE" speed="13.27" pos="18.11" lane="2/4to2/3_0" slope="0.00"/>
        <vehicle id="44" x="401.65" y="44.65" angle="180.00" type="DEFAULT_VEHTYPE" speed="13.62" pos="44.65" lane="2/0to2/1_0" slope="0.00"/>
        <vehicle id="46" x="201.65" y="420.79" angle="180.00" type="DEFAULT_VEHTYPE" speed="9.54" pos="16.04" lane="1/2to1/3_0" slope="0.00"/>
        <vehicle id="47" x="398.35" y="674.71" angle="0.00" type="DEFAULT_VEHTYPE" speed="13.70" pos="125.29" lane="2/4to2/3_0" slope="0.00"/>
        <vehicle id="49" x="219.95" y="401.65" angle="-90.00" type="DEFAULT_VEHTYPE" speed="10.50" pos="175.30" lane="2/2to1/2_0" slope="0.00"/>
        <vehicle id="6" x="141.30" y="401.65" angle="-90.00" type="DEFAULT_VEHTYPE" speed="13.09" pos="53.95" lane="1/2to0/2_0" slope="0.00"/>
    </timestep>
    <timestep time="184.00">
        <vehicle id="1" x="400.55" y="801.38" angle="-166.55" type="DEFAULT_VEHTYPE" speed="12.95" pos="1.79" lane=":2/4_0_0" slope="0.00"/>
        <vehicle id="11" x="201.65" y="527.17" angle="180.00" type="DEFAULT_VEHTYPE" speed="12.71" pos="122.42" lane="1/2to1/3_0" slope="0.00"/>
        <vehicle id="13" x="366.93" y="401.65" angle="-90.00" type="DEFAULT_VEHTYPE" speed="13.04" pos="28.32" lane="2/2to1/2_0" slope="0.00"/>
        <vehicle id="17" x="192.53" y="398.35" angle="90.00" type="DEFAULT_VEHTYPE" speed="0.31" pos="192.53" lane="0/2to1/2_0" slope="0.00"/>
        <vehicle id="2" x="198.35" y="390.70" angle="-0.73" type="DEFAULT_VEHTYPE" speed="8.41" pos="4.55" lane="1/2to1/1_0" slope="0.00"/>
        <vehicle id="21" x="376.80" y="201.65" angle="-90.00" type="DEFAULT_VEHTYPE" speed="13.01" pos="18.45" lane="2/1to1/1_0" slope="0.00"/>
        <vehicle id="23" x="398.35" y="691.05" angle="0.00" type="DEFAULT_VEHTYPE" speed="13.16" pos="108.95" lane="2/4to2/3_0" slope="0.00"/>
        <vehicle id="25" x="382.00" y="198.35" angle="90.00" type="DEFAULT_VEHTYPE" speed="8.47" pos="177.25" lane="1/1to2/1_0" slope="0.00"/>
        <vehicle id="27" x="216.30" y="201.65" angle="-90.00" type="DEFAULT_VEHTYPE" speed="7.89" pos="178.95" lane="2/1to1/1_0" slope="0.00"/>
        <vehicle id="29" x="601.65" y="496.10" angle="180.00" type="DEFAULT_VEHTYPE" speed="13.83" pos="91.35" lane="3/2to3/3_0" slope="0.00"/>
        <vehicle id="3" x="283.76" y="598.35" angle="90.00" type="DEFAULT_VEHTYPE" speed="13.56" pos="79.01" lane="1/3to2/3_0" slope="0.00"/>
        <vehicle id="32" x="703.73" y="601.65" angle="-90.00" type="DEFAULT_VEHTYPE" speed="12.75" pos="96.27" lane="4/3to3/3_0" slope="0.00"/>
        <vehicle id="37" x="458.13" y="198.35" angle="90.00" type="DEFAULT_VEHTYPE" speed="13.70" pos="53.38" lane="2/1to3/1_0" slope="0.00"/>
        <vehicle id="38" x="398.35" y="728.97" angle="0.00" type="DEFAULT_VEHTYPE" speed="12.64" pos="71.03" lane="2/4to2/3_0" slope="0.00"/>
        <vehicle id="4" x="401.65" y="95.06" angle="180.00" type="DEFAULT_VEHTYPE" speed="13.43" pos="95.06" lane="2/0to2/1_0" slope="0.00"/>
        <vehicle id="41" x="398.35" y="555.73" angle="0.00" type="DEFAULT_VEHTYPE" speed="12.69" pos="39.52" lane="2/3to2/2_0" slope="0.00"/>
        <vehicle id="42" x="313.05" y="198.35" angle="90.00" type="DEFAULT_VEHTYPE" speed="13.01" pos="108.30" lane="1/1to2/1_0" slope="0.00"/>
        <vehicle id="43" x="398.35" y="768.86" angle="0.00" type="DEFAULT_VEHTYPE" speed="13.03" pos="31.14" lane="2/4to2/3_0" slope="0.00"/>
        <vehicle id="44" x="401.65" y="57.57" angle="180.00" type="DEFAULT_VEHTYPE" speed="12.92" pos="57.57" lane="2/0to2/1_0" slope="0.00"/>
        <vehicle id="46" x="201.65" y="432.36" angle="180.00" type="DEFAULT_VEHTYPE" speed="11.57" pos="27.61" lane="1/2to1/3_0" slope="0.00"/>
        <vehicle id="47" x="398.35" y="661.96" angle="0.00" type="DEFAULT_VEHTYPE" speed="12.75" pos="138.04" lane="2/4to2/3_0" slope="0.00"/>
        <vehicle id="49" x="212.97" y="401.65" angle="-90.00" type="DEFAULT_VEHTYPE" speed="6.99" pos="182.28" lane="2/2to1/2_0" slope="0.00"/>
        <vehicle id="6" x="127.46" y="401.65" angle="-90.00" type="DEFAULT_VEHTYPE" speed="13.84" pos="67.79" lane="1/2to0/2_0" slope="0.00"/>
    </timestep>
    <timestep time="185.00">
        <vehicle id="1" x="398.35" y="789.98" angle="0.00" type="DEFAULT_VEHTYPE" speed="13.05" pos="10.02" lane="2/4to2/3_0" slope="0.00"/>
        <vehicle id="11" x="201.65" y="540.13" angle="180.00" type="DEFAULT_VEHTYPE" speed="12.97" pos="135.38" lane="1/2to1/3_0" slope="0.00"/>
        <vehicle id="13" x="354.15" y="401.65" angle="-90.00" type="DEFAULT_VEHTYPE" speed="12.77" pos="41.10" lane="2/2to1/2_0" slope="0.00"/>
        <vehicle id="17" x="192.67" y="398.35" angle="90.00" type="DEFAULT_VEHTYPE" speed="0.14" pos="192.67" lane="0/2to1/2_0" slope="0.00"/>
        <vehicle id="2" x="198.35" y="380.16" angle="0.00" type="DEFAULT_VEHTYPE" speed="10.54" pos="15.09" lane="1/2to1/1_0" slope="0.00"/>
        <vehicle id="21" x="362.92" y="201.65" angle="-90.00" type="DEFAULT_VEHTYPE" speed="13.89" pos="32.33" lane="2/1to1/1_0" slope="0.00"/>
        <vehicle id="23" x="398.35" y="677.97" angle="0.00" type="DEFAULT_VEHTYPE" speed="13.08" pos="122.03" lane="2/4to2/3_0" slope="0.00"/>
        <vehicle id="25" x="387.82" y="198.35" angle="90.00" type="DEFAULT_VEHTYPE" speed="5.83" pos="183.07" lane="1/1to2/1_0" slope="0.00"/>
        <vehicle id="27" x="211.48" y="201.65" angle="-90.00" type="DEFAULT_VEHTYPE" speed="4.82" pos="183.77" lane="2/1to1/1_0" slope="0.00"/>
        <vehicle id="29" x="601.65" y="509.62" angle="180.00" type="DEFAULT_VEHTYPE" speed="13.52" pos="104.87" lane="3/2to3/3_0" slope="0.00"/>
        <vehicle id="3" x="297.60" y="598.35" angle="90.00" type="DEFAULT_VEHTYPE" speed="13.83" pos="92.85" lane="1/3to2/3_0" slope="0.00"/>
        <vehicle id="32" x="690.76" y="601.65" angle="-90.00" type="DEFAULT_VEHTYPE" speed="12.97" pos="109.24" lane="4/3to3/3_0" slope="0.00"/>
        <vehicle id="37" x="470.79" y="198.35" angle="90.00" type="DEFAULT_VEHTYPE" speed="12.66" pos="66.04" lane="2/1to3/1_0" slope="0.00"/>
        <vehicle id="38" x="398.35" y="715.56" angle="0.00" type="DEFAULT_VEHTYPE" speed="13.40" pos="84.44" lane="2/4to2/3_0" slope="0.00"/>
        <vehicle id="4" x="401.65" y="108.14" angle="180.00" type="DEFAULT_VEHTYPE" speed="13.08" pos="108.14" lane="2/0to2/1_0" slope="0.00"/>
        <vehicle id="41" x="398.35" y="542.06" angle="0.00" type="DEFAULT_VEHTYPE" speed="13.68" pos="53.19" lane="2/3to2/2_0" slope="0.00"/>
        <vehicle id="42" x="326.92" y="198.35" angle="90.00" type="DEFAULT_VEHTYPE" speed="13.87" pos="122.17" lane="1/1to2/1_0" slope="0.00"/>
        <vehicle id="43" x="398.35" y="755.99" angle="0.00" type="DEFAULT_VEHTYPE" speed="12.88" pos="44.01" lane="2/4to2/3_0" slope="0.00"/>
        <vehicle id="44" x="401.65" y="70.22" angle="180.00" type="DEFAULT_VEHTYPE" speed="12.65" pos="70.22" lane="2/0to2/1_0" slope="0.00"/>
        <vehicle id="46" x="201.65" y="445.41" angle="180.00" type="DEFAULT_VEHTYPE" speed="13.05" pos="40.66" lane="1/2to1/3_0" slope="0.00"/>
        <vehicle id="47" x="398.35" y="648.73" angle="0.00" type="DEFAULT_VEHTYPE" speed="13.23" pos="151.27" lane="2/4to2/3_0" slope="0.00"/>
        <vehicle id="49" x="209.82" y="401.65" angle="-90.00" type="DEFAULT_VEHTYPE" speed="3.14" pos="185.43" lane="2/2to1/2_0" slope="0.00"/>
        <vehicle id="6" x="113.94" y="401.65" angle="-90.00" type="DEFAULT_VEHTYPE" speed="13.52" pos="81.31" lane="1/2to0/2_0" slope="0.00"/>
    </timestep>
    <timestep time="186.00">
        <vehicle id="1" x="398.35" y="776.14" angle="0.00" type="DEFAULT_VEHTYPE" speed="13.84" pos="23.86" lane="2/4to2/3_0" slope="0.00"/>
        <vehicle id="11" x="201.65" y="553.90" angle="180.00" type="DEFAULT_VEHTYPE" speed="13.77" pos="149.15" lane="1/2to1/3_0" slope="0.00"/>
        <vehicle id="13" x="341.35" y="401.65" angle="-90.00" type="DEFAULT_VEHTYPE" speed="12.81" pos="53.90" lane="2/2to1/2_0" slope="0.00"/>
        <vehicle id="17" x="192.73" y="398.35" angle="90.00" type="DEFAULT_VEHTYPE" speed="0.06" pos="192.73" lane="0/2to1/2_0" slope="0.00"/>
        <vehicle id="2" x="198.35" y="367.92" angle="0.00" type="DEFAULT_VEHTYPE" speed="12.24" pos="27.33" lane="1/2to1/1_0" slope="0.00"/>
        <vehicle id="21" x="349.30" y="201.65" angle="-90.00" type="DEFAULT_VEHTYPE" speed="13.61" pos="45.95" lane="2/1to1/1_0" slope="0.00"/>
        <vehicle id="23" x="398.35" y="664.72" angle="0.00" type="DEFAULT_VEHTYPE" speed="13.25" pos="135.28" lane="2/4to2/3_0" slope="0.00"/>
        <vehicle id="25" x="391.15" y="198.35" angle="90.00" type="DEFAULT_VEHTYPE" speed="3.33" pos="186.40" lane="1/1to2/1_0" slope="0.00"/>
        <vehicle id="27" x="205.36" y="201.65" angle="-90.00" type="DEFAULT_VEHTYPE" speed="6.12" pos="189.89" lane="2/1to1/1_0" slope="0.00"/>
        <vehicle id="29" x="601.65" y="522.46" angle="180.00" type="DEFAULT_VEHTYPE" speed="12.84" pos="117.71" lane="3/2to3/3_0" slope="0.00"/>
        <vehicle id="3" x="310.95" y="598.35" angle="90.00" type="DEFAULT_VEHTYPE" speed="13.35" pos="106.20" lane="1/3to2/3_0" slope="0.00"/>
        <vehicle id="32" x="678.00" y="601.65" angle="-90.00" type="DEFAULT_VEHTYPE" speed="12.76" pos="122.00" lane="4/3to3/3_0" slope="0.00"/>
        <vehicle id="37" x="483.63" y="198.35" angle="90.00" type="DEFAULT_VEHTYPE" speed="12.84" pos="78.88" lane="2/1to3/1_0" slope="0.00"/>
        <vehicle id="38" x="398.35" y="702.51" angle="0.00" type="DEFAULT_VEHTYPE" speed="13.06" pos="97.49" lane="2/4to2/3_0" slope="0.00"/>
        <vehicle id="4" x="401.65" y="121.63" angle="180.00" type="DEFAULT_VEHTYPE" speed="13.49" pos="121.63" lane="2/0to2/1_0" slope="0.00"/>
        <vehicle id="41" x="398.35" y="528.31" angle="0.00" type="DEFAULT_VEHTYPE" speed="13.75" pos="66.94" lane="2/3to2/2_0" slope="0.00"/>
        <vehicle id="42" x="339.67" y="198.35" angle="90.00" type="DEFAULT_VEHTYPE" speed="12.75" pos="134.92" lane="1/1to2/1_0" slope="0.00"/>
        <vehicle id="43" x="398.35" y="743.33" angle="0.00" type="DEFAULT_VEHTYPE" speed="12.65" pos="56.67" lane="2/4to2/3_0" slope="0.00"/>
        <vehicle id="44" x="401.65" y="83.52" angle="180.00" type="DEFAULT_VEHTYPE" speed="13.30" pos="83.52" lane="2/0to2/1_0" slope="0.00"/>
        <vehicle id="46" x="201.65" y="458.65" angle="180.00" type="DEFAULT_VEHTYPE" speed="13.23" pos="53.90" lane="1/2to1/3_0" slope="0.00"/>
        <vehicle id="47" x="398.35" y="635.78" angle="0.00" type="DEFAULT_VEHTYPE" speed="12.95" pos="164.22" lane="2/4to2/3_0" slope="0.00"/>
        <vehicle id="49" x="204.75" y="401.65" angle="-90.00" type="DEFAULT_VEHTYPE" speed="5.08" pos="0.00" lane=":1/2_5_0" slope="0.00"/>
        <vehicle id="6" x="100.58" y="401.65" angle="-90.00" type="DEFAULT_VEHTYPE" speed="13.37" pos="94.67" lane="1/2to0/2_0" slope="0.00"/>
    </timestep>
    <timestep time="187.00">
        <vehicle id="1" x="398.35" y="762.71" angle="0.00" type="DEFAULT_VEHTYPE" speed="13.42" pos="37.29" lane="2/4to2/3_0" slope="0.00"/>
        <vehicle id="11" x="201.65" y="566.67" angle="180.00" type="DEFAULT_VEHTYPE" speed="12.77" pos="161.92" lane="1/2to1/3_0" slope="0.00"/>
        <vehicle id="13" x="328.48" y="401.65" angle="-90.00" type="DEFAULT_VEHTYPE" speed="12.87" pos="66.77" lane="2/2to1/2_0" slope="0.00"/>
        <vehicle id="17" x="192.75" y="398.35" angle="90.00" type="DEFAULT_VEHTYPE" speed="0.01" pos="192.75" lane="0/2to1/2_0" slope="0.00"/>
        <vehicle id="2" x="198.35" y="354.24" angle="0.00" type="DEFAULT_VEHTYPE" speed="13.68" pos="41.01" lane="1/2to1/1_0" slope="0.00"/>
        <vehicle id="21" x="336.42" y="201.65" angle="-90.00" type="DEFAULT_VEHTYPE" speed="12.88" pos="58.83" lane="2/1to1/1_0" slope="0.00"/>
        <vehicle id="23" x="398.35" y="650.90" angle="0.00" type="DEFAULT_VEHTYPE" speed="13.82" pos="149.10" lane="2/4to2/3_0" slope="0.00"/>
        <vehicle id="25" x="396.20" y="198.35" angle="90.00" type="DEFAULT_VEHTYPE" speed="5.05" pos="0.95" lane=":2/1_13_0" slope="0.00"/>
        <vehicle id="27" x="201.65" y="207.44" angle="-172.10" type="DEFAULT_VEHTYPE" speed="8.30" pos="2.69" lane="1/1to1/2_0" slope="0.00"/>
        <vehicle id="29" x="601.65" y="535.46" angle="180.00" type="DEFAULT_VEHTYPE" speed="13.00" pos="130.71" lane="3/2to3/3_0" slope="0.00"/>
        <vehicle id="3" x="324.59" y="598.35" angle="90.00" type="DEFAULT_VEHTYPE" speed="13.64" pos="119.84" lane="1/3to2/3_0" slope="0.00"/>
        <vehicle id="32" x="664.96" y="601.65" angle="-90.00" type="DEFAULT_VEHTYPE" speed="13.04" pos="135.04" lane="4/3to3/3_0" slope="0.00"/>
        <vehicle id="37" x="496.62" y="198.35" angle="90.00" type="DEFAULT_VEHTYPE" speed="12.99" pos="91.87" lane="2/1to3/1_0" slope="0.00"/>
        <vehicle id="38" x="398.35" y="689.84" angle="0.00" type="DEFAULT_VEHTYPE" speed="12.66" pos="110.16" lane="2/4to2/3_0" slope="0.00"/>
        <vehicle id="4" x="401.65" y="134.50" angle="180.00" type="DEFAULT_VEHTYPE" speed="12.87" pos="134.50" lane="2/0to2/1_0" slope="0.00"/>
        <vehicle id="41" x="398.35" y="515.63" angle="0.00" type="DEFAULT_VEHTYPE" speed="12.68" pos="79.62" lane="2/3to2/2_0" slope="0.00"/>
        <vehicle id="42" x="352.37" y="198.35" angle="90.00" type="DEFAULT_VEHTYPE" speed="12.71" pos="147.62" lane="1/1to2/1_0" slope="0.00"/>
        <vehicle id="43" x="398.35" y="730.18" angle="0.00" type="DEFAULT_VEHTYPE" speed="13.15" pos="69.82" lane="2/4to2/3_0" slope="0.00"/>
        <vehicle id="44" x="401.65" y="97.11" angle="180.00" type="DEFAULT_VEHTYPE" speed="13.60" pos="97.11" lane="2/0to2/1_0" slope="0.00"/>
        <vehicle id="46" x="201.65" y="472.12" angle="180.00" type="DEFAULT_VEHTYPE" speed="13.47" pos="67.37" lane="1/2to1/3_0" slope="0.00"/>
        <vehicle id="47" x="398.35" y="623.08" angle="0.00" type="DEFAULT_VEHTYPE" speed="12.70" pos="176.92" lane="2/4to2/3_0" slope="0.00"/>
        <vehicle id="49" x="197.96" y="401.65" angle="-90.00" type="DEFAULT_VEHTYPE" speed="6.79" pos="6.79" lane=":1/2_5_0" slope="0.00"/>
        <vehicle id="6" x="86.83" y="401.65" angle="-90.00" type="DEFAULT_VEHTYPE" speed="13.75" pos="108.42" lane="1/2to0/2_0" slope="0.00"/>
    </timestep>
    <timestep time="188.00">
        <vehicle id="1" x="398.35" y="749.17" angle="0.00" type="DEFAULT_VEHTYPE" speed="13.55" pos="50.83" lane="2/4to2/3_0" slope="0.00"/>
        <vehicle id="11" x="201.65" y="579.60" angle="180.00" type="DEFAULT_VEHTYPE" speed="12.93" pos="174.85" lane="1/2to1/3_0" slope="0.00"/>
        <vehicle id="13" x="315.77" y="401.65" angle="-90.00" type="DEFAULT_VEHTYPE" speed="12.71" pos="79.48" lane="2/2to1/2_0" slope="0.00"/>
        <vehicle id="17" x="194.30" y="398.35" angle="90.00" type="DEFAULT_VEHTYPE" speed="1.55" pos="194.30" lane="0/2to1/2_0" slope="0.00"/>
        <vehicle id="2" x="198.35" y="341.51" angle="0.00" type="DEFAULT_VEHTYPE" speed="12.73" pos="53.74" lane="1/2to1/1_0" slope="0.00"/>
        <vehicle id="21" x="323.04" y="201.65" angle="-90.00" type="DEFAULT_VEHTYPE" speed="13.38" pos="72.21" lane="2/1to1/1_0" slope="0.00"/>
        <vehicle id="23" x="398.35" y="637.26" angle="0.00" type="DEFAULT_VEHTYPE" speed="13.64" pos="162.74" lane="2/4to2/3_0" slope="0.00"/>
        <vehicle id="25" x="403.57" y="198.35" angle="90.00" type="DEFAULT_VEHTYPE" speed="7.37" pos="8.32" lane=":2/1_13_0" slope="0.00"/>
        <vehicle id="27" x="201.65" y="217.90" angle="180.00" type="DEFAULT_VEHTYPE" speed="10.45" pos="13.15" lane="1/1to1/2_0" slope="0.00"/>
        <vehicle id="29" x="601.65" y="549.27" angle="180.00" type="DEFAULT_VEHTYPE" speed="13.81" pos="144.52" lane="3/2to3/3_0" slope="0.00"/>
        <vehicle id="3" x="337.99" y="598.35" angle="90.00" type="DEFAULT_VEHTYPE" speed="13.40" pos="133.24" lane="1/3to2/3_0" slope="0.00"/>
        <vehicle id="32" x="651.33" y="601.65" angle="-90.00" type="DEFAULT_VEHTYPE" speed="13.63" pos="148.67" lane="4/3to3/3_0" slope="0.00"/>
        <vehicle id="37" x="509.59" y="198.35" angle="90.00" type="DEFAULT_VEHTYPE" speed="12.97" pos="104.84" lane="2/1to3/1_0" slope="0.00"/>
        <vehicle id="38" x="398.35" y="676.42" angle="0.00" type="DEFAULT_VEHTYPE" speed="13.42" pos="123.58" lane="2/4to2/3_0" slope="0.00"/>
        <vehicle id="4" x="401.65" y="148.07" angle="180.00" type="DEFAULT_VEHTYPE" speed="13.57" pos="148.07" lane="2/0to2/1_0" slope="0.00"/>
        <vehicle id="41" x="398.35" y="502.82" angle="0.00" type="DEFAULT_VEHTYPE" speed="12.81" pos="92.43" lane="2/3to2/2_0" slope="0.00"/>
        <vehicle id="42" x="364.99" y="198.35" angle="90.00" type="DEFAULT_VEHTYPE" speed="12.62" pos="160.24" lane="1/1to2/1_0" slope="0.00"/>
        <vehicle id="43" x="398.35" y="717.35" angle="0.00" type="DEFAULT_VEHTYPE" speed="12.83" pos="82.65" lane="2/4to2/3_0" slope="0.00"/>
        <vehicle id="44" x="401.65" y="110.55" angle="180.00" type="DEFAULT_VEHTYPE" speed="13.43" pos="110.55" lane="2/0to2/1_0" slope="0.00"/>
        <vehicle id="46" x="201.65" y="485.79" angle="180.00" type="DEFAULT_VEHTYPE" speed="13.68" pos="81.04" lane="1/2to1/3_0" slope="0.00"/>
        <vehicle id="47" x="398.35" y="609.30" angle="0.00" type="DEFAULT_VEHTYPE" speed="13.78" pos="190.70" lane="2/4to2/3_0" slope="0.00"/>
        <vehicle id="49" x="189.15" y="401.65" angle="-90.00" type="DEFAULT_VEHTYPE" speed="8.82" pos="6.10" lane="1/2to0/2_0" slope="0.00"/>
        <vehicle id="6" x="73.07" y="401.65" angle="-90.00" type="DEFAULT_VEHTYPE" speed="13.76" pos="122.18" lane="1/2to0/2_0" slope="0.00"/>
    </timestep>
    <timestep time="189.00">
        <vehicle id="1" x="398.35" y="735.60" angle="0.00" type="DEFAULT_VEHTYPE" speed="13.57" pos="64.40" lane="2/4to2/3_0" slope="0.00"/>
        <vehicle id="11" x="201.65" y="593.17" angle="180.00" type="DEFAULT_VEHTYPE" speed="13.56" pos="188.42" lane="1/2to1/3_0" slope="0.00"/>
        <vehicle id="13" x="302.45" y="401.65" angle="-90.00" type="DEFAULT_VEHTYPE" speed="13.32" pos="92.80" lane="2/2to1/2_0" slope="0.00"/>
        <vehicle id="17" x="198.33" y="398.92" angle="96.57" type="DEFAULT_VEHTYPE" speed="4.10" pos="3.15" lane=":1/2_14_0" slope="0.00"/>
        <vehicle id="2" x="198.35" y="328.35" angle="0.00" type="DEFAULT_VEHTYPE" speed="13.16" pos="66.90" lane="1/2to1/1_0" slope="0.00"/>
        <vehicle id="21" x="309.23" y="201.65" angle="-90.00" type="DEFAULT_VEHTYPE" speed="13.81" pos="86.02" lane="2/1to1/1_0" slope="0.00"/>
        <vehicle id="23" x="398.35" y="623.42" angle="0.00" type="DEFAULT_VEHTYPE" speed="13.84" pos="176.58" lane="2/4to2/3_0" slope="0.00"/>
        <vehicle id="25" x="413.48" y="198.35" angle="90.00" type="DEFAULT_VEHTYPE" speed="9.92" pos="8.73" lane="2/1to3/1_0" slope="0.00"/>
        <vehicle id="27" x="201.65" y="230.58" angle="180.00" type="DEFAULT_VEHTYPE" speed="12.68" pos="25.83" lane="1/1to1/2_0" slope="0.00"/>
        <vehicle id="29" x="601.65" y="562.83" angle="180.00" type="DEFAULT_VEHTYPE" speed="13.56" pos="158.08" lane="3/2to3/3_0" slope="0.00"/>
        <vehicle id="3" x="351.36" y="598.35" angle="90.00" type="DEFAULT_VEHTYPE" speed="13.37" pos="146.61" lane="1/3to2/3_0" slope="0.00"/>
        <vehicle id="32" x="638.73" y="601.65" angle="-90.00" type="DEFAULT_VEHTYPE" speed="12.60" pos="161.27" lane="4/3to3/3_0" slope="0.00"/>
        <vehicle id="37" x="522.23" y="198.35" angle="90.00" type="DEFAULT_VEHTYPE" speed="12.64" pos="117.48" lane="2/1to3/1_0" slope="0.00"/>
        <vehicle id="38" x="398.35" y="663.65" angle="0.00" type="DEFAULT_VEHTYPE" speed="12.77" pos="136.35" lane="2/4to2/3_0" slope="0.00"/>
        <vehicle id="4" x="401.65" y="160.98" angle="180.00" type="DEFAULT_VEHTYPE" speed="12.91" pos="160.98" lane="2/0to2/1_0" slope="0.00"/>
        <vehicle id="41" x="398.35" y="490.08" angle="0.00" type="DEFAULT_VEHTYPE" speed="12.73" pos="105.17" lane="2/3to2/2_0" slope="0.00"/>
        <vehicle id="42" x="375.67" y="198.35" angle="90.00" type="DEFAULT_VEHTYPE" speed="10.69" pos="170.92" lane="1/1to2/1_0" slope="0.00"/>
        <vehicle id="43" x="398.35" y="703.93" angle="0.00" type="DEFAULT_VEHTYPE" speed="13.42" pos="96.07" lane="2/4to2/3_0" slope="0.00"/>
        <vehicle id="44" x="401.65" y="123.91" angle="180.00" type="DEFAULT_VEHTYPE" speed="13.36" pos="123.91" lane="2/0to2/1_0" slope="0.00"/>
        <vehicle id="46" x="201.65" y="498.77" angle="180.00" type="DEFAULT_VEHTYPE" speed="12.97" pos="94.02" lane="1/2to1/3_0" slope="0.00"/>
        <vehicle id="47" x="398.35" y="596.24" angle="0.00" type="DEFAULT_VEHTYPE" speed="13.06" pos="8.51" lane=":2/3_1_0" slope="0.00"/>
        <vehicle id="49" x="178.83" y="401.65" angle="-90.00" type="DEFAULT_VEHTYPE" speed="10.31" pos="16.42" lane="1/2to0/2_0" slope="0.00"/>
        <vehicle id="6" x="59.47" y="401.65" angle="-90.00" type="DEFAULT_VEHTYPE" speed="13.60" pos="135.78" lane="1/2to0/2_0" slope="0.00"/>
    </timestep>
    <timestep time="190.00">
        <vehicle id="1" x="398.35" y="722.78" angle="0.00" type="DEFAULT_VEHTYPE" speed="12.82" pos="77.22" lane="2/4to2/3_0" slope="0.00"/>
        <vehicle id="11" x="211.34" y="598.35" angle="90.00" type="DEFAULT_VEHTYPE" speed="13.67" pos="6.59" lane="1/3to2/3_0" slope="0.00"/>
        <vehicle id="13" x="289.60" y="401.65" angle="-90.00" type="DEFAULT_VEHTYPE" speed="12.85" pos="105.65" lane="2/2to1/2_0" slope="0.00"/>
        <vehicle id="17" x="201.45" y="403.36" angle="148.64" type="DEFAULT_VEHTYPE" speed="5.76" pos="8.92" lane=":1/2_14_0" slope="0.00"/>
        <vehicle id="2" x="198.35" y="315.72" angle="0.00" type="DEFAULT_VEHTYPE" speed="12.64" pos="79.53" lane="1/2to1/1_0" slope="0.00"/>
        <vehicle id="21" x="296.09" y="201.65" angle="-90.00" type="DEFAULT_VEHTYPE" speed="13.14" pos="99.16" lane="2/1to1/1_0" slope="0.00"/>
        <vehicle id="23" x="398.35" y="610.62" angle="0.00" type="DEFAULT_VEHTYPE" speed="12.80" pos="189.38" lane="2/4to2/3_0" slope="0.00"/>
        <vehicle id="25" x="425.20" y="198.35" angle="90.00" type="DEFAULT_VEHTYPE" speed="11.72" pos="20.45" lane="2/1to3/1_0" slope="0.00"/>
        <vehicle id="27" x="201.65" y="244.00" angle="180.00" type="DEFAULT_VEHTYPE" speed="13.42" pos="39.25" lane="1/1to1/2_0" slope="0.00"/>
        <vehicle id="29" x="601.65" y="576.61" angle="180.00" type="DEFAULT_VEHTYPE" speed="13.78" pos="171.86" lane="3/2to3/3_0" slope="0.00"/>
        <vehicle id="3" x="364.81" y="598.35" angle="90.00" type="DEFAULT_VEHTYPE" speed="13.45" pos="160.06" lane="1/3to2/3_0" slope="0.00"/>
        <vehicle id="32" x="626.10" y="601.65" angle="-90.00" type="DEFAULT_VEHTYPE" speed="12.63" pos="173.90" lane="4/3to3/3_0" slope="0.00"/>
        <vehicle id="37" x="534.84" y="198.35" angle="90.00" type="DEFAULT_VEHTYPE" speed="12.60" pos="130.09" lane="2/1to3/1_0" slope="0.00"/>
        <vehicle id="38" x="398.35" y="650.15" angle="0.00" type="DEFAULT_VEHTYPE" speed="13.50" pos="149.85" lane="2/4to2/3_0" slope="0.00"/>
        <vehicle id="4" x="401.65" y="174.31" angle="180.00" type="DEFAULT_VEHTYPE" speed="13.33" pos="174.31" lane="2/0to2/1_0" slope="0.00"/>
        <vehicle id="41" x="398.35" y="476.95" angle="0.00" type="DEFAULT_VEHTYPE" speed="13.13" pos="118.30" lane="2/3to2/2_0" slope="0.00"/>
        <vehicle id="42" x="383.70" y="198.35" angle="90.00" type="DEFAULT_VEHTYPE" speed="8.03" pos="178.95" lane="1/1to2/1_0" slope="0.00"/>
        <vehicle id="43" x="398.35" y="690.57" angle="0.00" type="DEFAULT_VEHTYPE" speed="13.36" pos="109.43" lane="2/4to2/3_0" slope="0.00"/>
        <vehicle id="44" x="401.65" y="137.44" angle="180.00" type="DEFAULT_VEHTYPE" speed="13.53" pos="137.44" lane="2/0to2/1_0" slope="0.00"/>
        <vehicle id="46" x="201.65" y="512.20" angle="180.00" type="DEFAULT_VEHTYPE" speed="13.43" pos="107.45" lane="1/2to1/3_0" slope="0.00"/>
        <vehicle id="47" x="398.35" y="583.52" angle="0.00" type="DEFAULT_VEHTYPE" speed="12.72" pos="11.73" lane="2/3to2/2_0" slope="0.00"/>
        <vehicle id="49" x="167.04" y="401.65" angle="-90.00" type="DEFAULT_VEHTYPE" speed="11.80" pos="28.21" lane="1/2to0/2_0" slope="0.00"/>
        <vehicle id="6" x="46.70" y="401.65" angle="-90.00" type="DEFAULT_VEHTYPE" speed="12.77" pos="148.55" lane="1/2to0/2_0" slope="0.00"/>
    </timestep>
    <timestep time="191.00">
        <vehicle id="1" x="398.35" y="709.01" angle="0.00" type="DEFAULT_VEHTYPE" speed="13.77" pos="90.99" lane="2/4to2/3_0" slope="0.00"/>
        <vehicle id="11" x="224.51" y="598.35" angle="90.00" type="DEFAULT_VEHTYPE" speed="13.18" pos="19.76" lane="1/3to2/3_0" slope="0.00"/>
        <vehicle id="13" x="276.14" y="401.65" angle="-90.00" type="DEFAULT_VEHTYPE" speed="13.46" pos="119.11" lane="2/2to1/2_0" slope="0.00"/>
        <vehicle id="17" x="201.65" y="411.63" angle="180.00" type="DEFAULT_VEHTYPE" speed="8.28" pos="6.88" lane="1/2to1/3_0" slope="0.00"/>
        <vehicle id="2" x="198.35" y="303.00" angle="0.00" type="DEFAULT_VEHTYPE" speed="12.72" pos="92.25" lane="1/2to1/1_0" slope="0.00"/>
        <vehicle id="21" x="283.31" y="201.65" angle="-90.00" type="DEFAULT_VEHTYPE" speed="12.77" pos="111.94" lane="2/1to1/1_0" slope="0.00"/>
        <vehicle id="23" x="398.35" y="597.49" angle="0.00" type="DEFAULT_VEHTYPE" speed="13.13" pos="7.26" lane=":2/3_1_0" slope="0.00"/>
        <vehicle id="25" x="437.87" y="198.35" angle="90.00" type="DEFAULT_VEHTYPE" speed="12.67" pos="33.12" lane="2/1to3/1_0" slope="0.00"/>
        <vehicle id="27" x="201.65" y="257.17" angle="180.00" type="DEFAULT_VEHTYPE" speed="13.16" pos="52.42" lane="1/1to1/2_0" slope="0.00"/>
        <vehicle id="29" x="601.65" y="589.53" angle="180.00" type="DEFAULT_VEHTYPE" speed="12.93" pos="184.78" lane="3/2to3/3_0" slope="0.00"/>
        <vehicle id="3" x="376.47" y="598.35" angle="90.00" type="DEFAULT_VEHTYPE" speed="11.66" pos="171.72" lane="1/3to2/3_0" slope="0.00"/>
        <vehicle id="32" x="617.10" y="601.65" angle="-90.00" type="DEFAULT_VEHTYPE" speed="8.99" pos="182.90" lane="4/3to3/3_0" slope="0.00"/>
        <vehicle id="37" x="548.16" y="198.35" angle="90.00" type="DEFAULT_VEHTYPE" speed="13.32" pos="143.41" lane="2/1to3/1_0" slope="0.00"/>
        <vehicle id="38" x="398.35" y="636.35" angle="0.00" type="DEFAULT_VEHTYPE" speed="13.80" pos="163.65" lane="2/4to2/3_0" slope="0.00"/>
        <vehicle id="4" x="401.65" y="187.30" angle="180.00" type="DEFAULT_VEHTYPE" speed="13.00" pos="187.30" lane="2/0to2/1_0" slope="0.00"/>
        <vehicle id="41" x="398.35" y="463.37" angle="0.00" type="DEFAULT_VEHTYPE" speed="13.58" pos="131.88" lane="2/3to2/2_0" slope="0.00"/>
        <vehicle id="42" x="388.44" y="198.35" angle="90.00" type="DEFAULT_VEHTYPE" speed="4.74" pos="183.69" lane="1/1to2/1_0" slope="0.00"/>
        <vehicle id="43" x="398.35" y="677.81" angle="0.00" type="DEFAULT_VEHTYPE" speed="12.76" pos="122.19" lane="2/4to2/3_0" slope="0.00"/>
        <vehicle id="44" x="401.65" y="150.73" angle="180.00" type="DEFAULT_VEHTYPE" speed="13.30" pos="150.73" lane="2/0to2/1_0" slope="0.00"/>
        <vehicle id="46" x="201.65" y="525.44" angle="180.00" type="DEFAULT_VEHTYPE" speed="13.24" pos="120.69" lane="1/2to1/3_0" slope="0.00"/>
        <vehicle id="47" x="398.35" y="570.07" angle="0.00" type="DEFAULT_VEHTYPE" speed="13.45" pos="25.18" lane="2/3to2/2_0" slope="0.00"/>
        <vehicle id="49" x="154.27" y="401.65" angle="-90.00" type="DEFAULT_VEHTYPE" speed="12.77" pos="40.98" lane="1/2to0/2_0" slope="0.00"/>
        <vehicle id="6" x="33.01" y="401.65" angle="-90.00" type="DEFAULT_VEHTYPE" speed="13.69" pos="162.24" lane="1/2to0/2_0" slope="0.00"/>
    </timestep>
    <timestep time="192.00">
        <vehicle id="1" x="398.35" y="696.06" angle="0.00" type="DEFAULT_VEHTYPE" speed="12.96" pos="103.94" lane="2/4to2/3_0" slope="0.00"/>
        <vehicle id="11" x="237.94" y="598.35" angle="90.00" type="DEFAULT_VEHTYPE" speed="13.42" pos="33.19" lane="1/3to2/3_0" slope="0.00"/>
        <vehicle id="13" x="262.83" y="401.65" angle="-90.00" type="DEFAULT_VEHTYPE" speed="13.31" pos="132.42" lane="2/2to1/2_0" slope="0.00"/>
        <vehicle id="17" x="201.65" y="421.21" angle="180.00" type="DEFAULT_VEHTYPE" speed="9.58" pos="16.46" lane="1/2to1/3_0" slope="0.00"/>
        <vehicle id="2" x="198.35" y="289.25" angle="0.00" type="DEFAULT_VEHTYPE" speed="13.75" pos="106.00" lane="1/2to1/1_0" slope="0.00"/>
        <vehicle id="21" x="269.50" y="201.65" angle="-90.00" type="DEFAULT_VEHTYPE" speed="13.81" pos="125.75" lane="2/1to1/1_0" slope="0.00"/>
        <vehicle id="23" x="398.35" y="583.86" angle="0.00" type="DEFAULT_VEHTYPE" speed="13.62" pos="11.39" lane="2/3to2/2_0" slope="0.00"/>
        <vehicle id="25" x="450.72" y="198.35" angle="90.00" type="DEFAULT_VEHTYPE" speed="12.85" pos="45.97" lane="2/1to3/1_0" slope="0.00"/>
        <vehicle id="27" x="201.65" y="270.72" angle="180.00" type="DEFAULT_VEHTYPE" speed="13.56" pos="65.97" lane="1/1to1/2_0" slope="0.00"/>
        <vehicle id="29" x="607.06" y="598.35" angle="101.15" type="DEFAULT_VEHTYPE" speed="13.03" pos="2.31" lane="3/3to4/3_0" slope="0.00"/>
        <vehicle id="3" x="384.74" y="598.35" angle="90.00" type="DEFAULT_VEHTYPE" speed="8.27" pos="179.99" lane="1/3to2/3_0" slope="0.00"/>
        <vehicle id="32" x="611.90" y="601.65" angle="-90.00" type="DEFAULT_VEHTYPE" speed="5.21" pos="188.10" lane="4/3to3/3_0" slope="0.00"/>
        <vehicle id="37" x="561.15" y="198.35" angle="90.00" type="DEFAULT_VEHTYPE" speed="12.99" pos="156.40" lane="2/1to3/1_0" slope="0.00"/>
        <vehicle id="38" x="398.35" y="623.49" angle="0.00" type="DEFAULT_VEHTYPE" speed="12.86" pos="176.51" lane="2/4to2/3_0" slope="0.00"/>
        <vehicle id="4" x="404.44" y="198.31" angle="140.36" type="DEFAULT_VEHTYPE" speed="12.64" pos="4.69" lane=":2/1_8_0" slope="0.00"/>
        <vehicle id="41" x="398.35" y="449.88" angle="0.00" type="DEFAULT_VEHTYPE" speed="13.49" pos="145.37" lane="2/3to2/2_0" slope="0.00"/>
        <vehicle id="42" x="391.26" y="198.35" angle="90.00" type="DEFAULT_VEHTYPE" speed="2.82" pos="186.51" lane="1/1to2/1_0" slope="0.00"/>
        <vehicle id="43" x="398.35" y="664.30" angle="0.00" type="DEFAULT_VEHTYPE" speed="13.50" pos="135.70" lane="2/4to2/3_0" slope="0.00"/>
        <vehicle id="44" x="401.65" y="164.15" angle="180.00" type="DEFAULT_VEHTYPE" speed="13.41" pos="164.15" lane="2/0to2/1_0" slope="0.00"/>
        <vehicle id="46" x="201.65" y="539.33" angle="180.00" type="DEFAULT_VEHTYPE" speed="13.89" pos="134.58" lane="1/2to1/3_0" slope="0.00"/>
        <vehicle id="47" x="398.35" y="556.59" angle="0.00" type="DEFAULT_VEHTYPE" speed="13.48" pos="38.66" lane="2/3to2/2_0" slope="0.00"/>
        <vehicle id="49" x="140.91" y="401.65" angle="-90.00" type="DEFAULT_VEHTYPE" speed="13.36" pos="54.34" lane="1/2to0/2_0" slope="0.00"/>
        <vehicle id="6" x="20.12" y="401.65" angle="-90.00" type="DEFAULT_VEHTYPE" speed="12.88" pos="175.13" lane="1/2to0/2_0" slope="0.00"/>
    </timestep>
    <timestep time="193.00">
        <vehicle id="1" x="398.35" y="682.56" angle="0.00" type="DEFAULT_VEHTYPE" speed="13.49" pos="117.44" lane="2/4to2/3_0" slope="0.00"/>
        <vehicle id="11" x="251.60" y="598.35" angle="90.00" type="DEFAULT_VEHTYPE" speed="13.66" pos="46.85" lane="1/3to2/3_0" slope="0.00"/>
        <vehicle id="13" x="249.71" y="401.65" angle="-90.00" type="DEFAULT_VEHTYPE" speed="13.12" pos="145.54" lane="2/2to1/2_0" slope="0.00"/>
        <vehicle id="17" x="201.65" y="432.74" angle="180.00" type="DEFAULT_VEHTYPE" speed="11.53" pos="27.99" lane="1/2to1/3_0" slope="0.00"/>
        <vehicle id="2" x="198.35" y="275.69" angle="0.00" type="DEFAULT_VEHTYPE" speed="13.56" pos="119.56" lane="1/2to1/1_0" slope="0.00"/>
        <vehicle id="21" x="255.86" y="201.65" angle="-90.00" type="DEFAULT_VEHTYPE" speed="13.64" pos="139.39" lane="2/1to1/1_0" slope="0.00"/>
        <vehicle id="23" x="398.35" y="570.42" angle="0.00" type="DEFAULT_VEHTYPE" speed="13.44" pos="24.83" lane="2/3to2/2_0" slope="0.00"/>
        <vehicle id="25" x="464.41" y="198.35" angle="90.00" type="DEFAULT_VEHTYPE" speed="13.69" pos="59.66" lane="2/1to3/1_0" slope="0.00"/>
        <vehicle id="27" x="201.65" y="283.95" angle="180.00" type="DEFAULT_VEHTYPE" speed="13.23" pos="79.20" lane="1/1to1/2_0" slope="0.00"/>
        <vehicle id="29" x="620.70" y="598.35" angle="90.00" type="DEFAULT_VEHTYPE" speed="13.64" pos="15.95" lane="3/3to4/3_0" slope="0.00"/>
        <vehicle id="3" x="388.73" y="598.35" angle="90.00" type="DEFAULT_VEHTYPE" speed="3.98" pos="183.98" lane="1/3to2/3_0" slope="0.00"/>
        <vehicle id="32" x="608.89" y="601.65" angle="-90.00" type="DEFAULT_VEHTYPE" speed="3.01" pos="191.11" lane="4/3to3/3_0" slope="0.00"/>
        <vehicle id="37" x="572.97" y="198.35" angle="90.00" type="DEFAULT_VEHTYPE" speed="11.82" pos="168.22" lane="2/1to3/1_0" slope="0.00"/>
        <vehicle id="38" x="398.35" y="610.09" angle="0.00" type="DEFAULT_VEHTYPE" speed="13.39" pos="189.91" lane="2/4to2/3_0" slope="0.00"/>
        <vehicle id="4" x="417.41" y="198.35" angle="90.00" type="DEFAULT_VEHTYPE" speed="12.97" pos="12.66" lane="2/1to3/1_0" slope="0.00"/>
        <vehicle id="41" x="398.35" y="436.68" angle="0.00" type="DEFAULT_VEHTYPE" speed="13.20" pos="158.57" lane="2/3to2/2_0" slope="0.00"/>
        <vehicle id="42" x="392.40" y="198.35" angle="90.00" type="DEFAULT_VEHTYPE" speed="1.14" pos="187.65" lane="1/1to2/1_0" slope="0.00"/>
        <vehicle id="43" x="398.35" y="650.58" angle="0.00" type="DEFAULT_VEHTYPE" speed="13.72" pos="149.42" lane="2/4to2/3_0" slope="0.00"/>
        <vehicle id="44" x="401.65" y="177.76" angle="180.00" type="DEFAULT_VEHTYPE" speed="13.61" pos="177.76" lane="2/0to2/1_0" slope="0.00"/>
        <vehicle id="46" x="201.65" y="552.01" angle="180.00" type="DEFAULT_VEHTYPE" speed="12.69" pos="147.26" lane="1/2to1/3_0" slope="0.00"/>
        <vehicle id="47" x="398.35" y="543.84" angle="0.00" type="DEFAULT_VEHTYPE" speed="12.75" pos="51.41" lane="2/3to2/2_0" slope="0.00"/>
        <vehicle id="49" x="128.17" y="401.65" angle="-90.00" type="DEFAULT_VEHTYPE" speed="12.74" pos="67.08" lane="1/2to0/2_0" slope="0.00"/>
        <vehicle id="6" x="6.65" y="401.65" angle="-90.00" type="DEFAULT_VEHTYPE" speed="13.47" pos="188.60" lane="1/2to0/2_0" slope="0.00"/>
    </timestep>
    <timestep time="194.00">
        <vehicle id="1" x="398.35" y="669.30" angle="0.00" type="DEFAULT_VEHTYPE" speed="13.27" pos="130.70" lane="2/4to2/3_0" slope="0.00"/>
        <vehicle id="11" x="265.44" y="598.35" angle="90.00" type="DEFAULT_VEHTYPE" speed="13.84" pos="60.69" lane="1/3to2/3_0" slope="0.00"/>
        <vehicle id="13" x="236.11" y="401.65" angle="-90.00" type="DEFAULT_VEHTYPE" speed="13.61" pos="159.14" lane="2/2to1/2_0" slope="0.00"/>
        <vehicle id="17" x="201.65" y="445.51" angle="180.00" type="DEFAULT_VEHTYPE" speed="12.77" pos="40.76" lane="1/2to1/3_0" slope="0.00"/>
        <vehicle id="2" x="198.35" y="262.09" angle="0.00" type="DEFAULT_VEHTYPE" speed="13.60" pos="133.16" lane="1/2to1/1_0" slope="0.00"/>
        <vehicle id="21" x="243.15" y="201.65" angle="-90.00" type="DEFAULT_VEHTYPE" speed="12.71" pos="152.10" lane="2/1to1/1_0" slope="0.00"/>
        <vehicle id="23" x="398.35" y="556.94" angle="0.00" type="DEFAULT_VEHTYPE" speed="13.48" pos="38.31" lane="2/3to2/2_0" slope="0.00"/>
        <vehicle id="25" x="477.67" y="198.35" angle="90.00" type="DEFAULT_VEHTYPE" speed="13.26" pos="72.92" lane="2/1to3/1_0" slope="0.00"/>
        <vehicle id="27" x="201.65" y="296.99" angle="180.00" type="DEFAULT_VEHTYPE" speed="13.04" pos="92.24" lane="1/1to1/2_0" slope="0.00"/>
        <vehicle id="29" x="634.27" y="598.35" angle="90.00" type="DEFAULT_VEHTYPE" speed="13.57" pos="29.52" lane="3/3to4/3_0" slope="0.00"/>
        <vehicle id="3" x="390.72" y="598.35" angle="90.00" type="DEFAULT_VEHTYPE" speed="1.99" pos="185.97" lane="1/3to2/3_0" slope="0.00"/>
        <vehicle id="32" x="603.81" y="601.52" angle="-88.46" type="DEFAULT_VEHTYPE" speed="5.09" pos="0.95" lane=":3/3_6_0" slope="0.00"/>
        <vehicle id="37" x="581.96" y="198.35" angle="90.00" type="DEFAULT_VEHTYPE" speed="8.99" pos="177.21" lane="2/1to3/1_0" slope="0.00"/>
        <vehicle id="38" x="398.35" y="596.49" angle="0.00" type="DEFAULT_VEHTYPE" speed="13.61" pos="8.26" lane=":2/3_1_0" slope="0.00"/>
        <vehicle id="4" x="430.86" y="198.35" angle="90.00" type="DEFAULT_VEHTYPE" speed="13.45" pos="26.11" lane="2/1to3/1_0" slope="0.00"/>
        <vehicle id="41" x="398.35" y="423.17" angle="0.00" type="DEFAULT_VEHTYPE" speed="13.50" pos="172.08" lane="2/3to2/2_0" slope="0.00"/>
        <vehicle id="42" x="392.57" y="198.35" angle="90.00" type="DEFAULT_VEHTYPE" speed="0.17" pos="187.82" lane="1/1to2/1_0" slope="0.00"/>
        <vehicle id="43" x="398.35" y="637.61" angle="0.00" type="DEFAULT_VEHTYPE" speed="12.98" pos="162.39" lane="2/4to2/3_0" slope="0.00"/>
        <vehicle id="44" x="401.65" y="190.52" angle="180.00" type="DEFAULT_VEHTYPE" speed="12.76" pos="190.52" lane="2/0to2/1_0" slope="0.00"/>
        <vehicle id="46" x="201.65" y="565.01" angle="180.00" type="DEFAULT_VEHTYPE" speed="13.00" pos="160.26" lane="1/2to1/3_0" slope="0.00"/>
        <vehicle id="47" x="398.35" y="530.63" angle="0.00" type="DEFAULT_VEHTYPE" speed="13.21" pos="64.62" lane="2/3to2/2_0" slope="0.00"/>
        <vehicle id="49" x="114.28" y="401.65" angle="-90.00" type="DEFAULT_VEHTYPE" speed="13.89" pos="80.97" lane="1/2to0/2_0" slope="0.00"/>
        <vehicle id="6" x="1.73" y="398.35" angle="51.16" type="DEFAULT_VEHTYPE" speed="13.21" pos="1.73" lane="0/2to1/2_0" slope="0.00"/>
    </timestep>
    <timestep time="195.00">
        <vehicle id="1" x="398.35" y="656.28" angle="0.00" type="DEFAULT_VEHTYPE" speed="13.01" pos="143.72" lane="2/4to2/3_0" slope="0.00"/>
        <vehicle id="11" x="278.14" y="598.35" angle="90.00" type="DEFAULT_VEHTYPE" speed="12.70" pos="73.39" lane="1/3to2/3_0" slope="0.00"/>
        <vehicle id="13" x="225.01" y="401.65" angle="-90.00" type="DEFAULT_VEHTYPE" speed="11.10" pos="170.24" lane="2/2to1/2_0" slope="0.00"/>
        <vehicle id="17" x="201.65" y="459.10" angle="180.00" type="DEFAULT_VEHTYPE" speed="13.59" pos="54.35" lane="1/2to1/3_0" slope="0.00"/>
        <vehicle id="2" x="198.35" y="249.46" angle="0.00" type="DEFAULT_VEHTYPE" speed="12.62" pos="145.79" lane="1/2to1/1_0" slope="0.00"/>
        <vehicle id="21" x="229.59" y="201.65" angle="-90.00" type="DEFAULT_VEHTYPE" speed="13.56" pos="165.66" lane="2/1to1/1_0" slope="0.00"/>
        <vehicle id="23" x="398.35" y="543.33" angle="0.00" type="DEFAULT_VEHTYPE" speed="13.61" pos="51.92" lane="2/3to2/2_0" slope="0.00"/>
        <vehicle id="25" x="490.82" y="198.35" angle="90.00" type="DEFAULT_VEHTYPE" speed="13.15" pos="86.07" lane="2/1to3/1_0" slope="0.00"/>
        <vehicle id="27" x="201.65" y="310.33" angle="180.00" type="DEFAULT_VEHTYPE" speed="13.35" pos="105.58" lane="1/1to1/2_0" slope="0.00"/>
        <vehicle id="29" x="648.03" y="598.35" angle="90.00" type="DEFAULT_VEHTYPE" speed="13.76" pos="43.28" lane="3/3to4/3_0" slope="0.00"/>
        <vehicle id="3" x="391.74" y="598.35" angle="90.00" type="DEFAULT_VEHTYPE" speed="1.02" pos="186.99" lane="1/3to2/3_0" slope="0.00"/>
        <vehicle id="32" x="598.64" y="597.27" angle="-37.93" type="DEFAULT_VEHTYPE" speed="7.33" pos="8.28" lane=":3/3_6_0" slope="0.00"/>
        <vehicle id="37" x="587.61" y="198.35" angle="90.00" type="DEFAULT_VEHTYPE" speed="5.65" pos="182.86" lane="2/1to3/1_0" slope="0.00"/>
        <vehicle id="38" x="398.35" y="582.70" angle="0.00" type="DEFAULT_VEHTYPE" speed="13.78" pos="12.55" lane="2/3to2/2_0" slope="0.00"/>
        <vehicle id="4" x="443.51" y="198.35" angle="90.00" type="DEFAULT_VEHTYPE" speed="12.65" pos="38.76" lane="2/1to3/1_0" slope="0.00"/>
        <vehicle id="41" x="398.35" y="409.73" angle="0.00" type="DEFAULT_VEHTYPE" speed="13.45" pos="185.52" lane="2/3to2/2_0" slope="0.00"/>
        <vehicle id="42" x="392.70" y="198.35" angle="90.00" type="DEFAULT_VEHTYPE" speed="0.13" pos="187.95" lane="1/1to2/1_0" slope="0.00"/>
        <vehicle id="43" x="398.35" y="623.89" angle="0.00" type="DEFAULT_VEHTYPE" speed="13.71" pos="176.11" lane="2/4to2/3_0" slope="0.00"/>
        <vehicle id="44" x="408.15" y="198.35" angle="93.56" type="DEFAULT_VEHTYPE" speed="13.14" pos="3.40" lane="2/1to3/1_0" slope="0.00"/>
        <vehicle id="46" x="201.65" y="577.66" angle="180.00" type="DEFAULT_VEHTYPE" speed="12.65" pos="172.91" lane="1/2to1/3_0" slope="0.00"/>
        <vehicle id="47" x="398.35" y="517.54" angle="0.00" type="DEFAULT_VEHTYPE" speed="13.09" pos="77.71" lane="2/3to2/2_0" slope="0.00"/>
        <vehicle id="49" x="101.64" y="401.65" angle="-90.00" type="DEFAULT_VEHTYPE" speed="12.64" pos="93.61" lane="1/2to0/2_0" slope="0.00"/>
        <vehicle id="6" x="14.67" y="398.35" angle="90.00" type="DEFAULT_VEHTYPE" speed="12.94" pos="14.67" lane="0/2to1/2_0" slope="0.00"/>
    </timestep>
    <timestep time="196.00">
        <vehicle id="1" x="398.35" y="643.05" angle="0.00" type="DEFAULT_VEHTYPE" speed="13.23" pos="156.95" lane="2/4to2/3_0" slope="0.00"/>
        <vehicle id="11" x="291.16" y="598.35" angle="90.00" type="DEFAULT_VEHTYPE" speed="13.01" pos="86.41" lane="1/3to2/3_0" slope="0.00"/>
        <vehicle id="13" x="216.69" y="401.65" angle="-90.00" type="DEFAULT_VEHTYPE" speed="8.32" pos="178.56" lane="2/2to1/2_0" slope="0.00"/>
        <vehicle id="17" x="201.65" y="472.29" angle="180.00" type="DEFAULT_VEHTYPE" speed="13.19" pos="67.54" lane="1/2to1/3_0" slope="0.00"/>
        <vehicle id="2" x="198.35" y="236.27" angle="0.00" type="DEFAULT_VEHTYPE" speed="13.19" pos="158.98" lane="1/2to1/1_0" slope="0.00"/>
        <vehicle id="21" x="219.86" y="201.65" angle="-90.00" type="DEFAULT_VEHTYPE" speed="9.73" pos="175.39" lane="2/1to1/1_0" slope="0.00"/>
        <vehicle id="23" x="398.35" y="530.20" angle="0.00" type="DEFAULT_VEHTYPE" speed="13.14" pos="65.05" lane="2/3to2/2_0" slope="0.00"/>
        <vehicle id="25" x="504.56" y="198.35" angle="90.00" type="DEFAULT_VEHTYPE" speed="13.74" pos="99.81" lane="2/1to3/1_0" slope="0.00"/>
        <vehicle id="27" x="201.65" y="323.08" angle="180.00" type="DEFAULT_VEHTYPE" speed="12.74" pos="118.33" lane="1/1to1/2_0" slope="0.00"/>
        <vehicle id="29" x="661.48" y="598.35" angle="90.00" type="DEFAULT_VEHTYPE" speed="13.45" pos="56.73" lane="3/3to4/3_0" slope="0.00"/>
        <vehicle id="3" x="392.49" y="598.35" angle="90.00" type="DEFAULT_VEHTYPE" speed="0.75" pos="187.74" lane="1/3to2/3_0" slope="0.00"/>
        <vehicle id="32" x="598.35" y="587.87" angle="0.00" type="DEFAULT_VEHTYPE" speed="9.42" pos="7.38" lane="3/3to3/2_0" slope="0.00"/>
        <vehicle id="37" x="590.41" y="198.35" angle="90.00" type="DEFAULT_VEHTYPE" speed="2.80" pos="185.66" lane="2/1to3/1_0" slope="0.00"/>
        <vehicle id="38" x="398.35" y="569.77" angle="0.00" type="DEFAULT_VEHTYPE" speed="12.94" pos="25.48" lane="2/3to2/2_0" slope="0.00"/>
        <vehicle id="4" x="457.25" y="198.35" angle="90.00" type="DEFAULT_VEHTYPE" speed="13.74" pos="52.50" lane="2/1to3/1_0" slope="0.00"/>
        <vehicle id="41" x="392.26" y="401.65" angle="-83.93" type="DEFAULT_VEHTYPE" speed="12.96" pos="2.99" lane="2/2to1/2_0" slope="0.00"/>
        <vehicle id="42" x="392.73" y="198.35" angle="90.00" type="DEFAULT_VEHTYPE" speed="0.03" pos="187.98" lane="1/1to2/1_0" slope="0.00"/>
        <vehicle id="43" x="398.35" y="610.68" angle="0.00" type="DEFAULT_VEHTYPE" speed="13.21" pos="189.32" lane="2/4to2/3_0" slope="0.00"/>
        <vehicle id="44" x="421.05" y="198.35" angle="90.00" type="DEFAULT_VEHTYPE" speed="12.90" pos="16.30" lane="2/1to3/1_0" slope="0.00"/>
        <vehicle id="46" x="201.65" y="590.44" angle="180.00" type="DEFAULT_VEHTYPE" speed="12.78" pos="185.69" lane="1/2to1/3_0" slope="0.00"/>
        <vehicle id="47" x="398.35" y="504.17" angle="0.00" type="DEFAULT_VEHTYPE" speed="13.37" pos="91.08" lane="2/3to2/2_0" slope="0.00"/>
        <vehicle id="49" x="88.60" y="401.65" angle="-90.00" type="DEFAULT_VEHTYPE" speed="13.03" pos="106.65" lane="1/2to0/2_0" slope="0.00"/>
        <vehicle id="6" x="27.41" y="398.35" angle="90.00" type="DEFAULT_VEHTYPE" speed="12.73" pos="27.41" lane="0/2to1/2_0" slope="0.00"/>
    </timestep>
    <timestep time="197.00">
        <vehicle id="1" x="398.35" y="629.95" angle="0.00" type="DEFAULT_VEHTYPE" speed="13.11" pos="170.05" lane="2/4to2/3_0" slope="0.00"/>
        <vehicle id="11" x="304.80" y="598.35" angle="90.00" type="DEFAULT_VEHTYPE" speed="13.64" pos="100.05" lane="1/3to2/3_0" slope="0.00"/>
        <vehicle id="13" x="211.52" y="401.65" angle="-90.00" type="DEFAULT_VEHTYPE" speed="5.17" pos="183.73" lane="2/2to1/2_0" slope="0.00"/>
        <vehicle id="17" x="201.65" y="484.96" angle="180.00" type="DEFAULT_VEHTYPE" speed="12.67" pos="80.21" lane="1/2to1/3_0" slope="0.00"/>
        <vehicle id="2" x="198.35" y="223.36" angle="0.00" type="DEFAULT_VEHTYPE" speed="12.91" pos="171.89" lane="1/2to1/1_0" slope="0.00"/>
        <vehicle id="21" x="213.68" y="201.65" angle="-90.00" type="DEFAULT_VEHTYPE" speed="6.18" pos="181.57" lane="2/1to1/1_0" slope="0.00"/>
        <vehicle id="23" x="398.35" y="516.35" angle="0.00" type="DEFAULT_VEHTYPE" speed="13.84" pos="78.90" lane="2/3to2/2_0" slope="0.00"/>
        <vehicle id="25" x="518.46" y="198.35" angle="90.00" type="DEFAULT_VEHTYPE" speed="13.90" pos="113.71" lane="2/1to3/1_0" slope="0.00"/>
        <vehicle id="27" x="201.65" y="336.25" angle="180.00" type="DEFAULT_VEHTYPE" speed="13.18" pos="131.50" lane="1/1to1/2_0" slope="0.00"/>
        <vehicle id="29" x="674.97" y="598.35" angle="90.00" type="DEFAULT_VEHTYPE" speed="13.49" pos="70.22" lane="3/3to4/3_0" slope="0.00"/>
        <vehicle id="3" x="392.66" y="598.35" angle="90.00" type="DEFAULT_VEHTYPE" speed="0.17" pos="187.91" lane="1/3to2/3_0" slope="0.00"/>
        <vehicle id="32" x="598.35" y="576.13" angle="0.00" type="DEFAULT_VEHTYPE" speed="11.74" pos="19.12" lane="3/3to3/2_0" slope="0.00"/>
        <vehicle id="37" x="595.18" y="198.35" angle="90.00" type="DEFAULT_VEHTYPE" speed="4.77" pos="190.43" lane="2/1to3/1_0" slope="0.00"/>
        <vehicle id="38" x="398.35" y="556.81" angle="0.00" type="DEFAULT_VEHTYPE" speed="12.95" pos="38.44" lane="2/3to2/2_0" slope="0.00"/>
        <vehicle id="4" x="470.78" y="198.35" angle="90.00" type="DEFAULT_VEHTYPE" speed="13.53" pos="66.03" lane="2/1to3/1_0" slope="0.00"/>
        <vehicle id="41" x="379.58" y="401.65" angle="-90.00" type="DEFAULT_VEHTYPE" speed="12.68" pos="15.67" lane="2/2to1/2_0" slope="0.00"/>
        <vehicle id="42" x="394.07" y="198.35" angle="90.00" type="DEFAULT_VEHTYPE" speed="1.34" pos="189.32" lane="1/1to2/1_0" slope="0.00"/>
        <vehicle id="43" x="398.35" y="597.18" angle="0.00" type="DEFAULT_VEHTYPE" speed="13.51" pos="7.57" lane=":2/3_1_0" slope="0.00"/>
        <vehicle id="44" x="434.26" y="198.35" angle="90.00" type="DEFAULT_VEHTYPE" speed="13.20" pos="29.51" lane="2/1to3/1_0" slope="0.00"/>
        <vehicle id="46" x="208.32" y="598.35" angle="92.52" type="DEFAULT_VEHTYPE" speed="13.39" pos="3.57" lane="1/3to2/3_0" slope="0.00"/>
        <vehicle id="47" x="398.35" y="491.00" angle="0.00" type="DEFAULT_VEHTYPE" speed="13.17" pos="104.25" lane="2/3to2/2_0" slope="0.00"/>
        <vehicle id="49" x="74.86" y="401.65" angle="-90.00" type="DEFAULT_VEHTYPE" speed="13.74" pos="120.39" lane="1/2to0/2_0" slope="0.00"/>
        <vehicle id="6" x="40.83" y="398.35" angle="90.00" type="DEFAULT_VEHTYPE" speed="13.42" pos="40.83" lane="0/2to1/2_0" slope="0.00"/>
    </timestep>
    <timestep time="198.00">
        <vehicle id="1" x="398.35" y="616.63" angle="0.00" type="DEFAULT_VEHTYPE" speed="13.32" pos="183.37" lane="2/4to2/3_0" slope="0.00"/>
        <vehicle id="11" x="318.13" y="598.35" angle="90.00" type="DEFAULT_VEHTYPE" speed="13.34" pos="113.38" lane="1/3to2/3_0" slope="0.00"/>
        <vehicle id="13" x="204.82" y="401.65" angle="-90.00" type="DEFAULT_VEHTYPE" speed="6.70" pos="190.43" lane="2/2to1/2_0" slope="0.00"/>
        <vehicle id="17" x="201.65" y="498.05" angle="180.00" type="DEFAULT_VEHTYPE" speed="13.09" pos="93.30" lane="1/2to1/3_0" slope="0.00"/>
        <vehicle id="2" x="198.35" y="210.09" angle="0.00" type="DEFAULT_VEHTYPE" speed="13.27" pos="185.16" lane="1/2to1/1_0" slope="0.00"/>
        <vehicle id="21" x="210.01" y="201.65" angle="-90.00" type="DEFAULT_VEHTYPE" speed="3.67" pos="185.24" lane="2/1to1/1_0" slope="0.00"/>
        <vehicle id="23" x="398.35" y="502.71" angle="0.00" type="DEFAULT_VEHTYPE" speed="13.65" pos="92.54" lane="2/3to2/2_0" slope="0.00"/>
        <vehicle id="25" x="531.47" y="198.35" angle="90.00" type="DEFAULT_VEHTYPE" speed="13.01" pos="126.72" lane="2/1to3/1_0" slope="0.00"/>
        <vehicle id="27" x="201.65" y="349.05" angle="180.00" type="DEFAULT_VEHTYPE" speed="12.80" pos="144.30" lane="1/1to1/2_0" slope="0.00"/>
        <vehicle id="29" x="688.34" y="598.35" angle="90.00" type="DEFAULT_VEHTYPE" speed="13.37" pos="83.59" lane="3/3to4/3_0" slope="0.00"/>
        <vehicle id="3" x="392.74" y="598.35" angle="90.00" type="DEFAULT_VEHTYPE" speed="0.08" pos="187.99" lane="1/3to2/3_0" slope="0.00"/>
        <vehicle id="32" x="598.35" y="562.27" angle="0.00" type="DEFAULT_VEHTYPE" speed="13.86" pos="32.98" lane="3/3to3/2_0" slope="0.00"/>
        <vehicle id="37" x="601.02" y="201.56" angle="127.97" type="DEFAULT_VEHTYPE" speed="7.11" pos="7.04" lane=":3/1_14_0" slope="0.00"/>
        <vehicle id="38" x="398.35" y="543.38" angle="0.00" type="DEFAULT_VEHTYPE" speed="13.43" pos="51.87" lane="2/3to2/2_0" slope="0.00"/>
        <vehicle id="4" x="484.09" y="198.35" angle="90.00" type="DEFAULT_VEHTYPE" speed="13.31" pos="79.34" lane="2/1to3/1_0" slope="0.00"/>
        <vehicle id="41" x="366.15" y="401.65" angle="-90.00" type="DEFAULT_VEHTYPE" speed="13.43" pos="29.10" lane="2/2to1/2_0" slope="0.00"/>
        <vehicle id="42" x="397.48" y="198.35" angle="90.00" type="DEFAULT_VEHTYPE" speed="3.41" pos="2.23" lane=":2/1_13_0" slope="0.00"/>
        <vehicle id="43" x="398.35" y="584.32" angle="0.00" type="DEFAULT_VEHTYPE" speed="12.86" pos="10.93" lane="2/3to2/2_0" slope="0.00"/>
        <vehicle id="44" x="447.51" y="198.35" angle="90.00" type="DEFAULT_VEHTYPE" speed="13.25" pos="42.76" lane="2/1to3/1_0" slope="0.00"/>
        <vehicle id="46" x="221.66" y="598.35" angle="90.00" type="DEFAULT_VEHTYPE" speed="13.33" pos="16.91" lane="1/3to2/3_0" slope="0.00"/>
        <vehicle id="47" x="398.35" y="477.66" angle="0.00" type="DEFAULT_VEHTYPE" speed="13.34" pos="117.59" lane="2/3to2/2_0" slope="0.00"/>
        <vehicle id="49" x="61.15" y="401.65" angle="-90.00" type="DEFAULT_VEHTYPE" speed="13.72" pos="134.10" lane="1/2to0/2_0" slope="0.00"/>
        <vehicle id="6" x="54.67" y="398.35" angle="90.00" type="DEFAULT_VEHTYPE" speed="13.84" pos="54.67" lane="0/2to1/2_0" slope="0.00"/>
    </timestep>
    <timestep time="199.00">
        <vehicle id="1" x="398.35" y="603.17" angle="0.00" type="DEFAULT_VEHTYPE" speed="13.45" pos="1.58" lane=":2/3_1_0" slope="0.00"/>
        <vehicle id="11" x="331.65" y="598.35" angle="90.00" type="DEFAULT_VEHTYPE" speed="13.52" pos="126.90" lane="1/3to2/3_0" slope="0.00"/>
        <vehicle id="13" x="198.64" y="397.26" angle="-37.85" type="DEFAULT_VEHTYPE" speed="8.36" pos="8.29" lane=":1/2_6_0" slope="0.00"/>
        <vehicle id="17" x="201.65" y="511.54" angle="180.00" type="DEFAULT_VEHTYPE" speed="13.49" pos="106.79" lane="1/2to1/3_0" slope="0.00"/>
        <vehicle id="2" x="192.32" y="201.65" angle="-83.58" type="DEFAULT_VEHTYPE" speed="13.28" pos="2.93" lane="1/1to0/1_0" slope="0.00"/>
        <vehicle id="21" x="204.12" y="201.74" angle="-91.01" type="DEFAULT_VEHTYPE" speed="5.90" pos="0.63" lane=":1/1_4_0" slope="0.00"/>
        <vehicle id="23" x="398.35" y="490.06" angle="0.00" type="DEFAULT_VEHTYPE" speed="12.64" pos="105.19" lane="2/3to2/2_0" slope="0.00"/>
        <vehicle id="25" x="545.24" y="198.35" angle="90.00" type="DEFAULT_VEHTYPE" speed="13.78" pos="140.49" lane="2/1to3/1_0" slope="0.00"/>
        <vehicle id="27" x="201.65" y="362.37" angle="180.00" type="DEFAULT_VEHTYPE" speed="13.32" pos="157.62" lane="1/1to1/2_0" slope="0.00"/>
        <vehicle id="29" x="701.05" y="598.35" angle="90.00" type="DEFAULT_VEHTYPE" speed="12.71" pos="96.30" lane="3/3to4/3_0" slope="0.00"/>
        <vehicle id="3" x="392.74" y="598.35" angle="90.00" type="DEFAULT_VEHTYPE" speed="0.00" pos="187.99" lane="1/3to2/3_0" slope="0.00"/>
        <vehicle id="32" x="598.35" y="549.38" angle="0.00" type="DEFAULT_VEHTYPE" speed="12.89" pos="45.87" lane="3/3to3/2_0" slope="0.00"/>
        <vehicle id="37" x="601.65" y="211.07" angle="180.00" type="DEFAULT_VEHTYPE" speed="9.60" pos="6.32" lane="3/1to3/2_0" slope="0.00"/>
        <vehicle id="38" x="398.35" y="530.06" angle="0.00" type="DEFAULT_VEHTYPE" speed="13.32" pos="65.19" lane="2/3to2/2_0" slope="0.00"/>
        <vehicle id="4" x="497.10" y="198.35" angle="90.00" type="DEFAULT_VEHTYPE" speed="13.01" pos="92.35" lane="2/1to3/1_0" slope="0.00"/>
        <vehicle id="41" x="353.48" y="401.65" angle="-90.00" type="DEFAULT_VEHTYPE" speed="12.67" pos="41.77" lane="2/2to1/2_0" slope="0.00"/>
        <vehicle id="42" x="402.58" y="198.35" angle="90.00" type="DEFAULT_VEHTYPE" speed="5.10" pos="7.33" lane=":2/1_13_0" slope="0.00"/>
        <vehicle id="43" x="398.35" y="570.60" angle="0.00" type="DEFAULT_VEHTYPE" speed="13.72" pos="24.65" lane="2/3to2/2_0" slope="0.00"/>
        <vehicle id="44" x="460.60" y="198.35" angle="90.00" type="DEFAULT_VEHTYPE" speed="13.10" pos="55.85" lane="2/1to3/1_0" slope="0.00"/>
        <vehicle id="46" x="234.51" y="598.35" angle="90.00" type="DEFAULT_VEHTYPE" speed="12.86" pos="29.76" lane="1/3to2/3_0" slope="0.00"/>
        <vehicle id="47" x="398.35" y="463.82" angle="0.00" type="DEFAULT_VEHTYPE" speed="13.84" pos="131.43" lane="2/3to2/2_0" slope="0.00"/>
        <vehicle id="49" x="47.74" y="401.65" angle="-90.00" type="DEFAULT_VEHTYPE" speed="13.41" pos="147.51" lane="1/2to0/2_0" slope="0.00"/>
        <vehicle id="6" x="67.58" y="398.35" angle="90.00" type="DEFAULT_VEHTYPE" speed="12.91" pos="67.58" lane="0/2to1/2_0" slope="0.00"/>
    </timestep>
    <timestep time="200.00">
        <vehicle id="1" x="398.35" y="589.49" angle="0.00" type="DEFAULT_VEHTYPE" speed="13.68" pos="5.76" lane="2/3to2/2_0" slope="0.00"/>
        <vehicle id="11" x="345.05" y="598.35" angle="90.00" type="DEFAULT_VEHTYPE" speed="13.40" pos="140.30" lane="1/3to2/3_0" slope="0.00"/>
        <vehicle id="13" x="198.35" y="386.59" angle="0.00" type="DEFAULT_VEHTYPE" speed="10.69" pos="8.66" lane="1/2to1/1_0" slope="0.00"/>
        <vehicle id="17" x="201.65" y="524.60" angle="180.00" type="DEFAULT_VEHTYPE" speed="13.06" pos="119.85" lane="1/2to1/3_0" slope="0.00"/>
        <vehicle id="2" x="179.59" y="201.65" angle="-90.00" type="DEFAULT_VEHTYPE" speed="12.72" pos="15.66" lane="1/1to0/1_0" slope="0.00"/>
        <vehicle id="21" x="201.65" y="208.72" angle="-178.36" type="DEFAULT_VEHTYPE" speed="8.34" pos="3.97" lane="1/1to1/2_0" slope="0.00"/>
        <vehicle id="23" x="398.35" y="476.47" angle="0.00" type="DEFAULT_VEHTYPE" speed="13.59" pos="118.78" lane="2/3to2/2_0" slope="0.00"/>
        <vehicle id="25" x="558.19" y="198.35" angle="90.00" type="DEFAULT_VEHTYPE" speed="12.94" pos="153.44" lane="2/1to3/1_0" slope="0.00"/>
        <vehicle id="27" x="201.65" y="375.08" angle="180.00" type="DEFAULT_VEHTYPE" speed="12.70" pos="170.33" lane="1/1to1/2_0" slope="0.00"/>
        <vehicle id="29" x="713.80" y="598.35" angle="90.00" type="DEFAULT_VEHTYPE" speed="12.75" pos="109.05" lane="3/3to4/3_0" slope="0.00"/>
        <vehicle id="3" x="394.08" y="598.35" angle="90.00" type="DEFAULT_VEHTYPE" speed="1.33" pos="189.33" lane="1/3to2/3_0" slope="0.00"/>
        <vehicle id="32" x="598.35" y="535.50" angle="0.00" type="DEFAULT_VEHTYPE" speed="13.88" pos="59.75" lane="3/3to3/2_0" slope="0.00"/>
        <vehicle id="37" x="601.65" y="222.92" angle="180.00" type="DEFAULT_VEHTYPE" speed="11.85" pos="18.17" lane="3/1to3/2_0" slope="0.00"/>
        <vehicle id="38" x="398.35" y="517.36" angle="0.00" type="DEFAULT_VEHTYPE" speed="12.70" pos="77.89" lane="2/3to2/2_0" slope="0.00"/>
        <vehicle id="4" x="509.76" y="198.35" angle="90.00" type="DEFAULT_VEHTYPE" speed="12.66" pos="105.01" lane="2/1to3/1_0" slope="0.00"/>
        <vehicle id="41" x="340.71" y="401.65" angle="-90.00" type="DEFAULT_VEHTYPE" speed="12.77" pos="54.54" lane="2/2to1/2_0" slope="0.00"/>
        <vehicle id="42" x="410.08" y="198.35" angle="90.00" type="DEFAULT_VEHTYPE" speed="7.50" pos="5.33" lane="2/1to3/1_0" slope="0.00"/>
        <vehicle id="43" x="398.35" y="557.66" angle="0.00" type="DEFAULT_VEHTYPE" speed="12.94" pos="37.59" lane="2/3to2/2_0" slope="0.00"/>
        <vehicle id="44" x="473.48" y="198.35" angle="90.00" type="DEFAULT_VEHTYPE" speed="12.88" pos="68.73" lane="2/1to3/1_0" slope="0.00"/>
        <vehicle id="46" x="247.53" y="598.35" angle="90.00" type="DEFAULT_VEHTYPE" speed="13.02" pos="42.78" lane="1/3to2/3_0" slope="0.00"/>
        <vehicle id="47" x="398.35" y="450.72" angle="0.00" type="DEFAULT_VEHTYPE" speed="13.10" pos="144.53" lane="2/3to2/2_0" slope="0.00"/>
        <vehicle id="49" x="34.13" y="401.65" angle="-90.00" type="DEFAULT_VEHTYPE" speed="13.61" pos="161.12" lane="1/2to0/2_0" slope="0.00"/>
        <vehicle id="6" x="81.22" y="398.35" angle="90.00" type="DEFAULT_VEHTYPE" speed="13.64" pos="81.22" lane="0/2to1/2_0" slope="0.00"/>
    </timestep>
    <timestep time="201.00">
        <vehicle id="1" x="398.35" y="576.74" angle="0.00" type="DEFAULT_VEHTYPE" speed="12.75" pos="18.51" lane="2/3to2/2_0" slope="0.00"/>
        <vehicle id="11" x="357.83" y="598.35" angle="90.00" type="DEFAULT_VEHTYPE" speed="12.78" pos="153.08" lane="1/3to2/3_0" slope="0.00"/>
        <vehicle id="13" x="198.35" y="373.71" angle="0.00" type="DEFAULT_VEHTYPE" speed="12.88" pos="21.54" lane="1/2to1/1_0" slope="0.00"/>
        <vehicle id="17" x="201.65" y="537.52" angle="180.00" type="DEFAULT_VEHTYPE" speed="12.91" pos="132.77" lane="1/2to1/3_0" slope="0.00"/>
        <vehicle id="2" x="166.13" y="201.65" angle="-90.00" type="DEFAULT_VEHTYPE" speed="13.46" pos="29.12" lane="1/1to0/1_0" slope="0.00"/>
        <vehicle id="21" x="201.65" y="218.84" angle="180.00" type="DEFAULT_VEHTYPE" speed="10.12" pos="14.09" lane="1/1to1/2_0" slope="0.00"/>
        <vehicle id="23" x="398.35" y="463.15" angle="0.00" type="DEFAULT_VEHTYPE" speed="13.32" pos="132.10" lane="2/3to2/2_0" slope="0.00"/>
        <vehicle id="25" x="571.46" y="198.35" angle="90.00" type="DEFAULT_VEHTYPE" speed="13.27" pos="166.71" lane="2/1to3/1_0" slope="0.00"/>
        <vehicle id="27" x="201.65" y="388.25" angle="180.00" type="DEFAULT_VEHTYPE" speed="13.18" pos="183.50" lane="1/1to1/2_0" slope="0.00"/>
        <vehicle id="29" x="726.67" y="598.35" angle="90.00" type="DEFAULT_VEHTYPE" speed="12.88" pos="121.92" lane="3/3to4/3_0" slope="0.00"/>
        <vehicle id="3" x="397.79" y="598.71" angle="94.17" type="DEFAULT_VEHTYPE" speed="3.73" pos="2.56" lane=":2/3_14_0" slope="0.00"/>
        <vehicle id="32" x="598.35" y="521.60" angle="0.00" type="DEFAULT_VEHTYPE" speed="13.90" pos="73.65" lane="3/3to3/2_0" slope="0.00"/>
        <vehicle id="37" x="601.65" y="235.83" angle="180.00" type="DEFAULT_VEHTYPE" speed="12.90" pos="31.08" lane="3/1to3/2_0" slope="0.00"/>
        <vehicle id="38" x="398.35" y="504.55" angle="0.00" type="DEFAULT_VEHTYPE" speed="12.81" pos="90.70" lane="2/3to2/2_0" slope="0.00"/>
        <vehicle id="4" x="523.25" y="198.35" angle="90.00" type="DEFAULT_VEHTYPE" speed="13.49" pos="118.50" lane="2/1to3/1_0" slope="0.00"/>
        <vehicle id="41" x="327.16" y="401.65" angle="-90.00" type="DEFAULT_VEHTYPE" speed="13.55" pos="68.09" lane="2/2to1/2_0" slope="0.00"/>
        <vehicle id="42" x="419.04" y="198.35" angle="90.00" type="DEFAULT_VEHTYPE" speed="8.96" pos="14.29" lane="2/1to3/1_0" slope="0.00"/>
        <vehicle id="43" x="398.35" y="544.45" angle="0.00" type="DEFAULT_VEHTYPE" speed="13.21" pos="50.80" lane="2/3to2/2_0" slope="0.00"/>
        <vehicle id="44" x="486.85" y="198.35" angle="90.00" type="DEFAULT_VEHTYPE" speed="13.37" pos="82.10" lane="2/1to3/1_0" slope="0.00"/>
        <vehicle id="46" x="261.43" y="598.35" angle="90.00" type="DEFAULT_VEHTYPE" speed="13.90" pos="56.68" lane="1/3to2/3_0" slope="0.00"/>
        <vehicle id="47" x="398.35" y="437.45" angle="0.00" type="DEFAULT_VEHTYPE" speed="13.27" pos="157.80" lane="2/3to2/2_0" slope="0.00"/>
        <vehicle id="49" x="20.54" y="401.65" angle="-90.00" type="DEFAULT_VEHTYPE" speed="13.59" pos="174.71" lane="1/2to0/2_0" slope="0.00"/>
        <vehicle id="6" x="94.08" y="398.35" angle="90.00" type="DEFAULT_VEHTYPE" speed="12.86" pos="94.08" lane="0/2to1/2_0" slope="0.00"/>
    </timestep>
    <timestep time="202.00">
        <vehicle id="1" x="398.35" y="563.44" angle="0.00" type="DEFAULT_VEHTYPE" speed="13.30" pos="31.81" lane="2/3to2/2_0" slope="0.00"/>
        <vehicle id="11" x="370.01" y="598.35" angle="90.00" type="DEFAULT_VEHTYPE" speed="12.18" pos="165.26" lane="1/3to2/3_0" slope="0.00"/>
        <vehicle id="13" x="198.35" y="360.86" angle="0.00" type="DEFAULT_VEHTYPE" speed="12.85" pos="34.39" lane="1/2to1/1_0" slope="0.00"/>
        <vehicle id="17" x="201.65" y="551.13" angle="180.00" type="DEFAULT_VEHTYPE" speed="13.61" pos="146.38" lane="1/2to1/3_0" slope="0.00"/>
        <vehicle id="2" x="153.38" y="201.65" angle="-90.00" type="DEFAULT_VEHTYPE" speed="12.75" pos="41.87" lane="1/1to0/1_0" slope="0.00"/>
        <vehicle id="21" x="201.65" y="231.38" angle="180.00" type="DEFAULT_VEHTYPE" speed="12.54" pos="26.63" lane="1/1to1/2_0" slope="0.00"/>
        <vehicle id="23" x="398.35" y="449.64" angle="0.00" type="DEFAULT_VEHTYPE" speed="13.51" pos="145.61" lane="2/3to2/2_0" slope="0.00"/>
        <vehicle id="25" x="581.06" y="198.35" angle="90.00" type="DEFAULT_VEHTYPE" speed="9.60" pos="176.31" lane="2/1to3/1_0" slope="0.00"/>
        <vehicle id="27" x="201.65" y="401.77" angle="180.00" type="DEFAULT_VEHTYPE" speed="13.52" pos="6.52" lane=":1/2_9_0" slope="0.00"/>
        <vehicle id="29" x="740.11" y="598.35" angle="90.00" type="DEFAULT_VEHTYPE" speed="13.44" pos="135.36" lane="3/3to4/3_0" slope="0.00"/>
        <vehicle id="3" x="401.41" y="603.04" angle="145.31" type="DEFAULT_VEHTYPE" speed="6.03" pos="8.60" lane=":2/3_14_0" slope="0.00"/>
        <vehicle id="32" x="598.35" y="507.73" angle="0.00" type="DEFAULT_VEHTYPE" speed="13.87" pos="87.52" lane="3/3to3/2_0" slope="0.00"/>
        <vehicle id="37" x="601.65" y="249.44" angle="180.00" type="DEFAULT_VEHTYPE" speed="13.61" pos="44.69" lane="3/1to3/2_0" slope="0.00"/>
        <vehicle id="38" x="398.35" y="491.47" angle="0.00" type="DEFAULT_VEHTYPE" speed="13.08" pos="103.78" lane="2/3to2/2_0" slope="0.00"/>
        <vehicle id="4" x="537.04" y="198.35" angle="90.00" type="DEFAULT_VEHTYPE" speed="13.78" pos="132.29" lane="2/1to3/1_0" slope="0.00"/>
        <vehicle id="41" x="314.28" y="401.65" angle="-90.00" type="DEFAULT_VEHTYPE" speed="12.89" pos="80.97" lane="2/2to1/2_0" slope="0.00"/>
        <vehicle id="42" x="430.40" y="198.35" angle="90.00" type="DEFAULT_VEHTYPE" speed="11.36" pos="25.65" lane="2/1to3/1_0" slope="0.00"/>
        <vehicle id="43" x="398.35" y="530.86" angle="0.00" type="DEFAULT_VEHTYPE" speed="13.59" pos="64.39" lane="2/3to2/2_0" slope="0.00"/>
        <vehicle id="44" x="500.26" y="198.35" angle="90.00" type="DEFAULT_VEHTYPE" speed="13.41" pos="95.51" lane="2/1to3/1_0" slope="0.00"/>
        <vehicle id="46" x="274.62" y="598.35" angle="90.00" type="DEFAULT_VEHTYPE" speed="13.19" pos="69.87" lane="1/3to2/3_0" slope="0.00"/>
        <vehicle id="47" x="398.35" y="423.94" angle="0.00" type="DEFAULT_VEHTYPE" speed="13.51" pos="171.31" lane="2/3to2/2_0" slope="0.00"/>
        <vehicle id="49" x="7.30" y="401.65" angle="-90.00" type="DEFAULT_VEHTYPE" speed="13.24" pos="187.95" lane="1/2to0/2_0" slope="0.00"/>
        <vehicle id="6" x="107.05" y="398.35" angle="90.00" type="DEFAULT_VEHTYPE" speed="12.97" pos="107.05" lane="0/2to1/2_0" slope="0.00"/>
    </timestep>
    <timestep time="203.00">
        <vehicle id="1" x="398.35" y="549.56" angle="0.00" type="DEFAULT_VEHTYPE" speed="13.88" pos="45.69" lane="2/3to2/2_0" slope="0.00"/>
        <vehicle id="11" x="380.35" y="598.35" angle="90.00" type="DEFAULT_VEHTYPE" speed="10.34" pos="175.60" lane="1/3to2/3_0" slope="0.00"/>
        <vehicle id="13" x="198.35" y="347.90" angle="0.00" type="DEFAULT_VEHTYPE" speed="12.96" pos="47.35" lane="1/2to1/1_0" slope="0.00"/>
        <vehicle id="17" x="201.65" y="564.26" angle="180.00" type="DEFAULT_VEHTYPE" speed="13.13" pos="159.51" lane="1/2to1/3_0" slope="0.00"/>
        <vehicle id="2" x="140.20" y="201.65" angle="-90.00" type="DEFAULT_VEHTYPE" speed="13.18" pos="55.05" lane="1/1to0/1_0" slope="0.00"/>
        <vehicle id="21" x="201.65" y="244.72" angle="180.00" type="DEFAULT_VEHTYPE" speed="13.34" pos="39.97" lane="1/1to1/2_0" slope="0.00"/>
        <vehicle id="23" x="398.35" y="437.03" angle="0.00" type="DEFAULT_VEHTYPE" speed="12.61" pos="158.22" lane="2/3to2/2_0" slope="0.00"/>
        <vehicle id="25" x="586.58" y="198.35" angle="90.00" type="DEFAULT_VEHTYPE" speed="5.52" pos="181.83" lane="2/1to3/1_0" slope="0.00"/>
        <vehicle id="27" x="201.65" y="414.60" angle="180.00" type="DEFAULT_VEHTYPE" speed="12.83" pos="9.85" lane="1/2to1/3_0" slope="0.00"/>
        <vehicle id="29" x="753.43" y="598.35" angle="90.00" type="DEFAULT_VEHTYPE" speed="13.31" pos="148.68" lane="3/3to4/3_0" slope="0.00"/>
        <vehicle id="3" x="401.65" y="611.52" angle="180.00" type="DEFAULT_VEHTYPE" speed="8.49" pos="6.77" lane="2/3to2/4_0" slope="0.00"/>
        <vehicle id="32" x="598.35" y="494.68" angle="0.00" type="DEFAULT_VEHTYPE" speed="13.05" pos="100.57" lane="3/3to3/2_0" slope="0.00"/>
        <vehicle id="37" x="601.65" y="262.67" angle="180.00" type="DEFAULT_VEHTYPE" speed="13.24" pos="57.92" lane="3/1to3/2_0" slope="0.00"/>
        <vehicle id="38" x="398.35" y="478.75" angle="0.00" type="DEFAULT_VEHTYPE" speed="12.72" pos="116.50" lane="2/3to2/2_0" slope="0.00"/>
        <vehicle id="4" x="550.64" y="198.35" angle="90.00" type="DEFAULT_VEHTYPE" speed="13.61" pos="145.89" lane="2/1to3/1_0" slope="0.00"/>
        <vehicle id="41" x="300.64" y="401.65" angle="-90.00" type="DEFAULT_VEHTYPE" speed="13.63" pos="94.61" lane="2/2to1/2_0" slope="0.00"/>
        <vehicle id="42" x="444.19" y="198.35" angle="90.00" type="DEFAULT_VEHTYPE" speed="13.79" pos="39.44" lane="2/1to3/1_0" slope="0.00"/>
        <vehicle id="43" x="398.35" y="518.01" angle="0.00" type="DEFAULT_VEHTYPE" speed="12.85" pos="77.24" lane="2/3to2/2_0" slope="0.00"/>
        <vehicle id="44" x="512.96" y="198.35" angle="90.00" type="DEFAULT_VEHTYPE" speed="12.70" pos="108.21" lane="2/1to3/1_0" slope="0.00"/>
        <vehicle id="46" x="288.44" y="598.35" angle="90.00" type="DEFAULT_VEHTYPE" speed="13.82" pos="83.69" lane="1/3to2/3_0" slope="0.00"/>
        <vehicle id="47" x="398.35" y="410.04" angle="0.00" type="DEFAULT_VEHTYPE" speed="13.90" pos="185.21" lane="2/3to2/2_0" slope="0.00"/>
        <vehicle id="49" x="0.88" y="398.35" angle="26.58" type="DEFAULT_VEHTYPE" speed="12.99" pos="0.88" lane="0/2to1/2_0" slope="0.00"/>
        <vehicle id="6" x="120.56" y="398.35" angle="90.00" type="DEFAULT_VEHTYPE" speed="13.51" pos="120.56" lane="0/2to1/2_0" slope="0.00"/>
    </timestep>
    <timestep time="204.00">
        <vehicle id="1" x="398.35" y="536.59" angle="0.00" type="DEFAULT_VEHTYPE" speed="12.97" pos="58.66" lane="2/3to2/2_0" slope="0.00"/>
        <vehicle id="11" x="386.60" y="598.35" angle="90.00" type="DEFAULT_VEHTYPE" speed="6.25" pos="181.85" lane="1/3to2/3_0" slope="0.00"/>
        <vehicle id="13" x="198.35" y="335.27" angle="0.00" type="DEFAULT_VEHTYPE" speed="12.63" pos="59.98" lane="1/2to1/1_0" slope="0.00"/>
        <vehicle id="17" x="201.65" y="576.91" angle="180.00" type="DEFAULT_VEHTYPE" speed="12.65" pos="172.16" lane="1/2to1/3_0" slope="0.00"/>
        <vehicle id="2" x="126.70" y="201.65" angle="-90.00" type="DEFAULT_VEHTYPE" speed="13.50" pos="68.55" lane="1/1to0/1_0" slope="0.00"/>
        <vehicle id="21" x="201.65" y="257.82" angle="180.00" type="DEFAULT_VEHTYPE" speed="13.10" pos="53.07" lane="1/1to1/2_0" slope="0.00"/>
        <vehicle id="23" x="398.35" y="423.45" angle="0.00" type="DEFAULT_VEHTYPE" speed="13.58" pos="171.80" lane="2/3to2/2_0" slope="0.00"/>
        <vehicle id="25" x="590.38" y="198.35" angle="90.00" type="DEFAULT_VEHTYPE" speed="3.80" pos="185.63" lane="2/1to3/1_0" slope="0.00"/>
        <vehicle id="27" x="201.65" y="428.10" angle="180.00" type="DEFAULT_VEHTYPE" speed="13.50" pos="23.35" lane="1/2to1/3_0" slope="0.00"/>
        <vehicle id="29" x="766.85" y="598.35" angle="90.00" type="DEFAULT_VEHTYPE" speed="13.43" pos="162.10" lane="3/3to4/3_0" slope="0.00"/>
        <vehicle id="3" x="401.65" y="621.69" angle="180.00" type="DEFAULT_VEHTYPE" speed="10.17" pos="16.94" lane="2/3to2/4_0" slope="0.00"/>
        <vehicle id="32" x="598.35" y="482.04" angle="0.00" type="DEFAULT_VEHTYPE" speed="12.64" pos="113.21" lane="3/3to3/2_0" slope="0.00"/>
        <vehicle id="37" x="601.65" y="276.42" angle="180.00" type="DEFAULT_VEHTYPE" speed="13.75" pos="71.67" lane="3/1to3/2_0" slope="0.00"/>
        <vehicle id="38" x="398.35" y="464.92" angle="0.00" type="DEFAULT_VEHTYPE" speed="13.83" pos="130.33" lane="2/3to2/2_0" slope="0.00"/>
        <vehicle id="4" x="563.37" y="198.35" angle="90.00" type="DEFAULT_VEHTYPE" speed="12.73" pos="158.62" lane="2/1to3/1_0" slope="0.00"/>
        <vehicle id="41" x="287.23" y="401.65" angle="-90.00" type="DEFAULT_VEHTYPE" speed="13.42" pos="108.02" lane="2/2to1/2_0" slope="0.00"/>
        <vehicle id="42" x="457.65" y="198.35" angle="90.00" type="DEFAULT_VEHTYPE" speed="13.46" pos="52.90" lane="2/1to3/1_0" slope="0.00"/>
        <vehicle id="43" x="398.35" y="504.65" angle="0.00" type="DEFAULT_VEHTYPE" speed="13.36" pos="90.60" lane="2/3to2/2_0" slope="0.00"/>
        <vehicle id="44" x="526.40" y="198.35" angle="90.00" type="DEFAULT_VEHTYPE" speed="13.44" pos="121.65" lane="2/1to3/1_0" slope="0.00"/>
        <vehicle id="46" x="302.09" y="598.35" angle="90.00" type="DEFAULT_VEHTYPE" speed="13.65" pos="97.34" lane="1/3to2/3_0" slope="0.00"/>
        <vehicle id="47" x="392.93" y="401.65" angle="-78.92" type="DEFAULT_VEHTYPE" speed="12.61" pos="2.32" lane="2/2to1/2_0" slope="0.00"/>
        <vehicle id="49" x="14.42" y="398.35" angle="90.00" type="DEFAULT_VEHTYPE" speed="13.54" pos="14.42" lane="0/2to1/2_0" slope="0.00"/>
        <vehicle id="6" x="133.17" y="398.35" angle="90.00" type="DEFAULT_VEHTYPE" speed="12.62" pos="133.17" lane="0/2to1/2_0" slope="0.00"/>
    </timestep>
    <timestep time="205.00">
        <vehicle id="1" x="398.35" y="523.77" angle="0.00" type="DEFAULT_VEHTYPE" speed="12.82" pos="71.48" lane="2/3to2/2_0" slope="0.00"/>
        <vehicle id="11" x="389.80" y="598.35" angle="90.00" type="DEFAULT_VEHTYPE" speed="3.21" pos="185.05" lane="1/3to2/3_0" slope="0.00"/>
        <vehicle id="13" x="198.35" y="322.03" angle="0.00" type="DEFAULT_VEHTYPE" speed="13.24" pos="73.22" lane="1/2to1/1_0" slope="0.00"/>
        <vehicle id="17" x="201.65" y="589.61" angle="180.00" type="DEFAULT_VEHTYPE" speed="12.70" pos="184.86" lane="1/2to1/3_0" slope="0.00"/>
        <vehicle id="2" x="112.88" y="201.65" angle="-90.00" type="DEFAULT_VEHTYPE" speed="13.82" pos="82.37" lane="1/1to0/1_0" slope="0.00"/>
        <vehicle id="21" x="201.65" y="271.27" angle="180.00" type="DEFAULT_VEHTYPE" speed="13.45" pos="66.52" lane="1/1to1/2_0" slope="0.00"/>
        <vehicle id="23" x="398.35" y="410.56" angle="0.00" type="DEFAULT_VEHTYPE" speed="12.89" pos="184.69" lane="2/3to2/2_0" slope="0.00"/>
        <vehicle id="25" x="596.49" y="198.53" angle="92.03" type="DEFAULT_VEHTYPE" speed="6.12" pos="1.25" lane=":3/1_14_0" slope="0.00"/>
        <vehicle id="27" x="201.65" y="441.15" angle="180.00" type="DEFAULT_VEHTYPE" speed="13.04" pos="36.40" lane="1/2to1/3_0" slope="0.00"/>
        <vehicle id="29" x="779.72" y="598.35" angle="90.00" type="DEFAULT_VEHTYPE" speed="12.87" pos="174.97" lane="3/3to4/3_0" slope="0.00"/>
        <vehicle id="3" x="401.65" y="634.08" angle="180.00" type="DEFAULT_VEHTYPE" speed="12.40" pos="29.33" lane="2/3to2/4_0" slope="0.00"/>
        <vehicle id="32" x="598.35" y="468.44" angle="0.00" type="DEFAULT_VEHTYPE" speed="13.59" pos="126.81" lane="3/3to3/2_0" slope="0.00"/>
        <vehicle id="37" x="601.65" y="289.27" angle="180.00" type="DEFAULT_VEHTYPE" speed="12.85" pos="84.52" lane="3/1to3/2_0" slope="0.00"/>
        <vehicle id="38" x="398.35" y="452.10" angle="0.00" type="DEFAULT_VEHTYPE" speed="12.82" pos="143.15" lane="2/3to2/2_0" slope="0.00"/>
        <vehicle id="4" x="571.62" y="198.35" angle="90.00" type="DEFAULT_VEHTYPE" speed="8.25" pos="166.87" lane="2/1to3/1_0" slope="0.00"/>
        <vehicle id="41" x="274.44" y="401.65" angle="-90.00" type="DEFAULT_VEHTYPE" speed="12.79" pos="120.81" lane="2/2to1/2_0" slope="0.00"/>
        <vehicle id="42" x="470.47" y="198.35" angle="90.00" type="DEFAULT_VEHTYPE" speed="12.82" pos="65.72" lane="2/1to3/1_0" slope="0.00"/>
        <vehicle id="43" x="398.35" y="490.95" angle="0.00" type="DEFAULT_VEHTYPE" speed="13.70" pos="104.30" lane="2/3to2/2_0" slope="0.00"/>
        <vehicle id="44" x="539.28" y="198.35" angle="90.00" type="DEFAULT_VEHTYPE" speed="12.88" pos="134.53" lane="2/1to3/1_0" slope="0.00"/>
        <vehicle id="46" x="315.05" y="598.35" angle="90.00" type="DEFAULT_VEHTYPE" speed="12.97" pos="110.30" lane="1/3to2/3_0" slope="0.00"/>
        <vehicle id="47" x="379.82" y="401.65" angle="-90.00" type="DEFAULT_VEHTYPE" speed="13.12" pos="15.43" lane="2/2to1/2_0" slope="0.00"/>
        <vehicle id="49" x="27.36" y="398.35" angle="90.00" type="DEFAULT_VEHTYPE" speed="12.94" pos="27.36" lane="0/2to1/2_0" slope="0.00"/>
        <vehicle id="6" x="146.35" y="398.35" angle="90.00" type="DEFAULT_VEHTYPE" speed="13.18" pos="146.35" lane="0/2to1/2_0" slope="0.00"/>
    </timestep>
    <timestep time="206.00">
        <vehicle id="1" x="398.35" y="510.51" angle="0.00" type="DEFAULT_VEHTYPE" speed="13.26" pos="84.74" lane="2/3to2/2_0" slope="0.00"/>
        <vehicle id="11" x="395.31" y="598.36" angle="90.10" type="DEFAULT_VEHTYPE" speed="5.50" pos="0.06" lane=":2/3_14_0" slope="0.00"/>
        <vehicle id="13" x="198.35" y="309.07" angle="0.00" type="DEFAULT_VEHTYPE" speed="12.96" pos="86.18" lane="1/2to1/1_0" slope="0.00"/>
        <vehicle id="17" x="207.31" y="598.35" angle="98.77" type="DEFAULT_VEHTYPE" speed="13.20" pos="2.56" lane="1/3to2/3_0" slope="0.00"/>
        <vehicle id="2" x="100.07" y="201.65" angle="-90.00" type="DEFAULT_VEHTYPE" speed="12.81" pos="95.18" lane="1/1to0/1_0" slope="0.00"/>
        <vehicle id="21" x="201.65" y="284.66" angle="180.00" type="DEFAULT_VEHTYPE" speed="13.39" pos="79.91" lane="1/1to1/2_0" slope="0.00"/>
        <vehicle id="23" x="398.35" y="397.09" angle="0.00" type="DEFAULT_VEHTYPE" speed="13.48" pos="7.66" lane=":2/2_1_0" slope="0.00"/>
        <vehicle id="25" x="601.58" y="204.24" angle="157.72" type="DEFAULT_VEHTYPE" speed="8.56" pos="9.80" lane=":3/1_14_0" slope="0.00"/>
        <vehicle id="27" x="201.65" y="455.03" angle="180.00" type="DEFAULT_VEHTYPE" speed="13.89" pos="50.28" lane="1/2to1/3_0" slope="0.00"/>
        <vehicle id="29" x="792.96" y="598.35" angle="90.00" type="DEFAULT_VEHTYPE" speed="13.24" pos="188.21" lane="3/3to4/3_0" slope="0.00"/>
        <vehicle id="3" x="401.65" y="647.04" angle="180.00" type="DEFAULT_VEHTYPE" speed="12.96" pos="42.29" lane="2/3to2/4_0" slope="0.00"/>
        <vehicle id="32" x="598.35" y="455.40" angle="0.00" type="DEFAULT_VEHTYPE" speed="13.04" pos="139.85" lane="3/3to3/2_0" slope="0.00"/>
        <vehicle id="37" x="601.65" y="302.68" angle="180.00" type="DEFAULT_VEHTYPE" speed="13.41" pos="97.93" lane="3/1to3/2_0" slope="0.00"/>
        <vehicle id="38" x="398.35" y="438.95" angle="0.00" type="DEFAULT_VEHTYPE" speed="13.15" pos="156.30" lane="2/3to2/2_0" slope="0.00"/>
        <vehicle id="4" x="581.40" y="198.35" angle="90.00" type="DEFAULT_VEHTYPE" speed="9.78" pos="176.65" lane="2/1to3/1_0" slope="0.00"/>
        <vehicle id="41" x="260.84" y="401.65" angle="-90.00" type="DEFAULT_VEHTYPE" speed="13.60" pos="134.41" lane="2/2to1/2_0" slope="0.00"/>
        <vehicle id="42" x="484.19" y="198.35" angle="90.00" type="DEFAULT_VEHTYPE" speed="13.72" pos="79.44" lane="2/1to3/1_0" slope="0.00"/>
        <vehicle id="43" x="398.35" y="477.98" angle="0.00" type="DEFAULT_VEHTYPE" speed="12.98" pos="117.27" lane="2/3to2/2_0" slope="0.00"/>
        <vehicle id="44" x="552.16" y="198.35" angle="90.00" type="DEFAULT_VEHTYPE" speed="12.88" pos="147.41" lane="2/1to3/1_0" slope="0.00"/>
        <vehicle id="46" x="328.14" y="598.35" angle="90.00" type="DEFAULT_VEHTYPE" speed="13.09" pos="123.39" lane="1/3to2/3_0" slope="0.00"/>
        <vehicle id="47" x="366.93" y="401.65" angle="-90.00" type="DEFAULT_VEHTYPE" speed="12.89" pos="28.32" lane="2/2to1/2_0" slope="0.00"/>
        <vehicle id="49" x="40.35" y="398.35" angle="90.00" type="DEFAULT_VEHTYPE" speed="12.99" pos="40.35" lane="0/2to1/2_0" slope="0.00"/>
        <vehicle id="6" x="159.95" y="398.35" angle="90.00" type="DEFAULT_VEHTYPE" speed="13.60" pos="159.95" lane="0/2to1/2_0" slope="0.00"/>
    </timestep>
    <timestep time="207.00">
        <vehicle id="1" x="398.35" y="496.98" angle="0.00" type="DEFAULT_VEHTYPE" speed="13.53" pos="98.27" lane="2/3to2/2_0" slope="0.00"/>
        <vehicle id="11" x="401.29" y="602.22" angle="136.50" type="DEFAULT_VEHTYPE" speed="7.71" pos="7.77" lane=":2/3_14_0" slope="0.00"/>
        <vehicle id="13" x="198.35" y="295.44" angle="0.00" type="DEFAULT_VEHTYPE" speed="13.63" pos="99.81" lane="1/2to1/1_0" slope="0.00"/>
        <vehicle id="17" x="220.98" y="598.35" angle="90.00" type="DEFAULT_VEHTYPE" speed="13.68" pos="16.23" lane="1/3to2/3_0" slope="0.00"/>
        <vehicle id="2" x="87.02" y="201.65" angle="-90.00" type="DEFAULT_VEHTYPE" speed="13.05" pos="108.23" lane="1/1to0/1_0" slope="0.00"/>
        <vehicle id="21" x="201.65" y="298.01" angle="180.00" type="DEFAULT_VEHTYPE" speed="13.35" pos="93.26" lane="1/1to1/2_0" slope="0.00"/>
        <vehicle id="23" x="398.35" y="383.29" angle="0.00" type="DEFAULT_VEHTYPE" speed="13.80" pos="11.96" lane="2/2to2/1_0" slope="0.00"/>
        <vehicle id="25" x="601.65" y="215.34" angle="180.00" type="DEFAULT_VEHTYPE" speed="11.10" pos="10.59" lane="3/1to3/2_0" slope="0.00"/>
        <vehicle id="27" x="201.65" y="468.07" angle="180.00" type="DEFAULT_VEHTYPE" speed="13.03" pos="63.32" lane="1/2to1/3_0" slope="0.00"/>
        <vehicle id="29" x="799.18" y="601.65" angle="-155.26" type="DEFAULT_VEHTYPE" speed="12.68" pos="0.82" lane="4/3to3/3_0" slope="0.00"/>
        <vehicle id="3" x="401.65" y="660.10" angle="180.00" type="DEFAULT_VEHTYPE" speed="13.06" pos="55.35" lane="2/3to2/4_0" slope="0.00"/>
        <vehicle id="32" x="598.35" y="442.54" angle="0.00" type="DEFAULT_VEHTYPE" speed="12.87" pos="152.71" lane="3/3to3/2_0" slope="0.00"/>
        <vehicle id="37" x="601.65" y="315.37" angle="180.00" type="DEFAULT_VEHTYPE" speed="12.69" pos="110.62" lane="3/1to3/2_0" slope="0.00"/>
        <vehicle id="38" x="398.35" y="425.38" angle="0.00" type="DEFAULT_VEHTYPE" speed="13.57" pos="169.87" lane="2/3to2/2_0" slope="0.00"/>
        <vehicle id="4" x="587.73" y="198.35" angle="90.00" type="DEFAULT_VEHTYPE" speed="6.33" pos="182.98" lane="2/1to3/1_0" slope="0.00"/>
        <vehicle id="41" x="247.25" y="401.65" angle="-90.00" type="DEFAULT_VEHTYPE" speed="13.59" pos="148.00" lane="2/2to1/2_0" slope="0.00"/>
        <vehicle id="42" x="497.22" y="198.35" angle="90.00" type="DEFAULT_VEHTYPE" speed="13.04" pos="92.47" lane="2/1to3/1_0" slope="0.00"/>
        <vehicle id="43" x="398.35" y="464.48" angle="0.00" type="DEFAULT_VEHTYPE" speed="13.50" pos="130.77" lane="2/3to2/2_0" slope="0.00"/>
        <vehicle id="44" x="565.44" y="198.35" angle="90.00" type="DEFAULT_VEHTYPE" speed="13.28" pos="160.69" lane="2/1to3/1_0" slope="0.00"/>
        <vehicle id="46" x="341.13" y="598.35" angle="90.00" type="DEFAULT_VEHTYPE" speed="12.99" pos="136.38" lane="1/3to2/3_0" slope="0.00"/>
        <vehicle id="47" x="354.18" y="401.65" angle="-90.00" type="DEFAULT_VEHTYPE" speed="12.75" pos="41.07" lane="2/2to1/2_0" slope="0.00"/>
        <vehicle id="49" x="53.71" y="398.35" angle="90.00" type="DEFAULT_VEHTYPE" speed="13.36" pos="53.71" lane="0/2to1/2_0" slope="0.00"/>
        <vehicle id="6" x="172.39" y="398.35" angle="90.00" type="DEFAULT_VEHTYPE" speed="12.44" pos="172.39" lane="0/2to1/2_0" slope="0.00"/>
    </timestep>
    <timestep time="208.00">
        <vehicle id="1" x="398.35" y="483.10" angle="0.00" type="DEFAULT_VEHTYPE" speed="13.88" pos="112.15" lane="2/3to2/2_0" slope="0.00"/>
        <vehicle id="11" x="401.65" y="612.29" angle="180.00" type="DEFAULT_VEHTYPE" speed="10.10" pos="7.54" lane="2/3to2/4_0" slope="0.00"/>
        <vehicle id="13" x="198.35" y="281.77" angle="0.00" type="DEFAULT_VEHTYPE" speed="13.67" pos="113.48" lane="1/2to1/1_0" slope="0.00"/>
        <vehicle id="17" x="234.47" y="598.35" angle="90.00" type="DEFAULT_VEHTYPE" speed="13.49" pos="29.72" lane="1/3to2/3_0" slope="0.00"/>
        <vehicle id="2" x="74.29" y="201.65" angle="-90.00" type="DEFAULT_VEHTYPE" speed="12.73" pos="120.96" lane="1/1to0/1_0" slope="0.00"/>
        <vehicle id="21" x="201.65" y="310.91" angle="180.00" type="DEFAULT_VEHTYPE" speed="12.89" pos="106.16" lane="1/1to1/2_0" slope="0.00"/>
        <vehicle id="23" x="398.35" y="369.88" angle="0.00" type="DEFAULT_VEHTYPE" speed="13.41" pos="25.37" lane="2/2to2/1_0" slope="0.00"/>
        <vehicle id="25" x="601.65" y="228.85" angle="180.00" type="DEFAULT_VEHTYPE" speed="13.51" pos="24.10" lane="3/1to3/2_0" slope="0.00"/>
        <vehicle id="27" x="201.65" y="481.66" angle="180.00" type="DEFAULT_VEHTYPE" speed="13.59" pos="76.91" lane="1/2to1/3_0" slope="0.00"/>
        <vehicle id="29" x="786.17" y="601.65" angle="-90.00" type="DEFAULT_VEHTYPE" speed="13.01" pos="13.83" lane="4/3to3/3_0" slope="0.00"/>
        <vehicle id="3" x="401.65" y="673.52" angle="180.00" type="DEFAULT_VEHTYPE" speed="13.41" pos="68.77" lane="2/3to2/4_0" slope="0.00"/>
        <vehicle id="32" x="598.35" y="429.85" angle="0.00" type="DEFAULT_VEHTYPE" speed="12.69" pos="165.40" lane="3/3to3/2_0" slope="0.00"/>
        <vehicle id="37" x="601.65" y="329.13" angle="180.00" type="DEFAULT_VEHTYPE" speed="13.76" pos="124.38" lane="3/1to3/2_0" slope="0.00"/>
        <vehicle id="38" x="398.35" y="412.51" angle="0.00" type="DEFAULT_VEHTYPE" speed="12.87" pos="182.74" lane="2/3to2/2_0" slope="0.00"/>
        <vehicle id="4" x="590.92" y="198.35" angle="90.00" type="DEFAULT_VEHTYPE" speed="3.19" pos="186.17" lane="2/1to3/1_0" slope="0.00"/>
        <vehicle id="41" x="233.91" y="401.65" angle="-90.00" type="DEFAULT_VEHTYPE" speed="13.34" pos="161.34" lane="2/2to1/2_0" slope="0.00"/>
        <vehicle id="42" x="510.66" y="198.35" angle="90.00" type="DEFAULT_VEHTYPE" speed="13.44" pos="105.91" lane="2/1to3/1_0" slope="0.00"/>
        <vehicle id="43" x="398.35" y="451.44" angle="0.00" type="DEFAULT_VEHTYPE" speed="13.04" pos="143.81" lane="2/3to2/2_0" slope="0.00"/>
        <vehicle id="44" x="575.02" y="198.35" angle="90.00" type="DEFAULT_VEHTYPE" speed="9.58" pos="170.27" lane="2/1to3/1_0" slope="0.00"/>
        <vehicle id="46" x="354.17" y="598.35" angle="90.00" type="DEFAULT_VEHTYPE" speed="13.04" pos="149.42" lane="1/3to2/3_0" slope="0.00"/>
        <vehicle id="47" x="340.82" y="401.65" angle="-90.00" type="DEFAULT_VEHTYPE" speed="13.36" pos="54.43" lane="2/2to1/2_0" slope="0.00"/>
        <vehicle id="49" x="66.31" y="398.35" angle="90.00" type="DEFAULT_VEHTYPE" speed="12.61" pos="66.31" lane="0/2to1/2_0" slope="0.00"/>
        <vehicle id="6" x="181.35" y="398.35" angle="90.00" type="DEFAULT_VEHTYPE" speed="8.96" pos="181.35" lane="0/2to1/2_0" slope="0.00"/>
    </timestep>
    <timestep time="209.00">
        <vehicle id="1" x="398.35" y="469.55" angle="0.00" type="DEFAULT_VEHTYPE" speed="13.56" pos="125.70" lane="2/3to2/2_0" slope="0.00"/>
        <vehicle id="11" x="401.65" y="624.32" angle="180.00" type="DEFAULT_VEHTYPE" speed="12.02" pos="19.57" lane="2/3to2/4_0" slope="0.00"/>
        <vehicle id="13" x="198.35" y="269.02" angle="0.00" type="DEFAULT_VEHTYPE" speed="12.75" pos="126.23" lane="1/2to1/1_0" slope="0.00"/>
        <vehicle id="17" x="247.16" y="598.35" angle="90.00" type="DEFAULT_VEHTYPE" speed="12.69" pos="42.41" lane="1/3to2/3_0" slope="0.00"/>
        <vehicle id="2" x="61.18" y="201.65" angle="-90.00" type="DEFAULT_VEHTYPE" speed="13.11" pos="134.07" lane="1/1to0/1_0" slope="0.00"/>
        <vehicle id="21" x="201.65" y="323.72" angle="180.00" type="DEFAULT_VEHTYPE" speed="12.82" pos="118.97" lane="1/1to1/2_0" slope="0.00"/>
        <vehicle id="23" x="398.35" y="356.28" angle="0.00" type="DEFAULT_VEHTYPE" speed="13.60" pos="38.97" lane="2/2to2/1_0" slope="0.00"/>
        <vehicle id="25" x="601.65" y="242.30" angle="180.00" type="DEFAULT_VEHTYPE" speed="13.45" pos="37.55" lane="3/1to3/2_0" slope="0.00"/>
        <vehicle id="27" x="201.65" y="495.53" angle="180.00" type="DEFAULT_VEHTYPE" speed="13.87" pos="90.78" lane="1/2to1/3_0" slope="0.00"/>
        <vehicle id="29" x="772.49" y="601.65" angle="-90.00" type="DEFAULT_VEHTYPE" speed="13.68" pos="27.51" lane="4/3to3/3_0" slope="0.00"/>
        <vehicle id="3" x="401.65" y="687.24" angle="180.00" type="DEFAULT_VEHTYPE" speed="13.73" pos="82.49" lane="2/3to2/4_0" slope="0.00"/>
        <vehicle id="32" x="598.35" y="416.02" angle="0.00" type="DEFAULT_VEHTYPE" speed="13.84" pos="179.23" lane="3/3to3/2_0" slope="0.00"/>
        <vehicle id="37" x="601.65" y="342.70" angle="180.00" type="DEFAULT_VEHTYPE" speed="13.57" pos="137.95" lane="3/1to3/2_0" slope="0.00"/>
        <vehicle id="38" x="394.46" y="401.65" angle="-58.56" type="DEFAULT_VEHTYPE" speed="13.56" pos="0.79" lane="2/2to1/2_0" slope="0.00"/>
        <vehicle id="4" x="595.61" y="198.40" angle="90.58" type="DEFAULT_VEHTYPE" speed="4.69" pos="0.36" lane=":3/1_14_0" slope="0.00"/>
        <vehicle id="41" x="222.94" y="401.65" angle="-90.00" type="DEFAULT_VEHTYPE" speed="10.97" pos="172.31" lane="2/2to1/2_0" slope="0.00"/>
        <vehicle id="42" x="524.15" y="198.35" angle="90.00" type="DEFAULT_VEHTYPE" speed="13.49" pos="119.40" lane="2/1to3/1_0" slope="0.00"/>
        <vehicle id="43" x="398.35" y="438.00" angle="0.00" type="DEFAULT_VEHTYPE" speed="13.43" pos="157.25" lane="2/3to2/2_0" slope="0.00"/>
        <vehicle id="44" x="580.11" y="198.35" angle="90.00" type="DEFAULT_VEHTYPE" speed="5.08" pos="175.36" lane="2/1to3/1_0" slope="0.00"/>
        <vehicle id="46" x="367.78" y="598.35" angle="90.00" type="DEFAULT_VEHTYPE" speed="13.61" pos="163.03" lane="1/3to2/3_0" slope="0.00"/>
        <vehicle id="47" x="327.05" y="401.65" angle="-90.00" type="DEFAULT_VEHTYPE" speed="13.77" pos="68.20" lane="2/2to1/2_0" slope="0.00"/>
        <vehicle id="49" x="79.99" y="398.35" angle="90.00" type="DEFAULT_VEHTYPE" speed="13.68" pos="79.99" lane="0/2to1/2_0" slope="0.00"/>
        <vehicle id="6" x="187.29" y="398.35" angle="90.00" type="DEFAULT_VEHTYPE" speed="5.95" pos="187.29" lane="0/2to1/2_0" slope="0.00"/>
    </timestep>
    <timestep time="210.00">
        <vehicle id="1" x="398.35" y="456.20" angle="0.00" type="DEFAULT_VEHTYPE" speed="13.35" pos="139.05" lane="2/3to2/2_0" slope="0.00"/>
        <vehicle id="11" x="401.65" y="637.27" angle="180.00" type="DEFAULT_VEHTYPE" speed="12.96" pos="32.52" lane="2/3to2/4_0" slope="0.00"/>
        <vehicle id="13" x="198.35" y="255.80" angle="0.00" type="DEFAULT_VEHTYPE" speed="13.22" pos="139.45" lane="1/2to1/1_0" slope="0.00"/>
        <vehicle id="17" x="259.90" y="598.35" angle="90.00" type="DEFAULT_VEHTYPE" speed="12.74" pos="55.15" lane="1/3to2/3_0" slope="0.00"/>
        <vehicle id="2" x="48.28" y="201.65" angle="-90.00" type="DEFAULT_VEHTYPE" speed="12.90" pos="146.97" lane="1/1to0/1_0" slope="0.00"/>
        <vehicle id="21" x="201.65" y="336.65" angle="180.00" type="DEFAULT_VEHTYPE" speed="12.93" pos="131.90" lane="1/1to1/2_0" slope="0.00"/>
        <vehicle id="23" x="398.35" y="343.23" angle="0.00" type="DEFAULT_VEHTYPE" speed="13.05" pos="52.02" lane="2/2to2/1_0" slope="0.00"/>
        <vehicle id="25" x="601.65" y="254.92" angle="180.00" type="DEFAULT_VEHTYPE" speed="12.62" pos="50.17" lane="3/1to3/2_0" slope="0.00"/>
        <vehicle id="27" x="201.65" y="509.09" angle="180.00" type="DEFAULT_VEHTYPE" speed="13.56" pos="104.34" lane="1/2to1/3_0" slope="0.00"/>
        <vehicle id="29" x="759.70" y="601.65" angle="-90.00" type="DEFAULT_VEHTYPE" speed="12.79" pos="40.30" lane="4/3to3/3_0" slope="0.00"/>
        <vehicle id="3" x="401.65" y="700.90" angle="180.00" type="DEFAULT_VEHTYPE" speed="13.66" pos="96.15" lane="2/3to2/4_0" slope="0.00"/>
        <vehicle id="32" x="597.80" y="402.78" angle="-6.44" type="DEFAULT_VEHTYPE" speed="13.34" pos="2.08" lane=":3/2_0_0" slope="0.00"/>
        <vehicle id="37" x="601.65" y="355.51" angle="180.00" type="DEFAULT_VEHTYPE" speed="12.81" pos="150.76" lane="3/1to3/2_0" slope="0.00"/>
        <vehicle id="38" x="381.08" y="401.65" angle="-90.00" type="DEFAULT_VEHTYPE" speed="13.38" pos="14.17" lane="2/2to1/2_0" slope="0.00"/>
        <vehicle id="4" x="600.94" y="201.44" angle="126.48" type="DEFAULT_VEHTYPE" speed="6.54" pos="6.90" lane=":3/1_14_0" slope="0.00"/>
        <vehicle id="41" x="214.76" y="401.65" angle="-90.00" type="DEFAULT_VEHTYPE" speed="8.18" pos="180.49" lane="2/2to1/2_0" slope="0.00"/>
        <vehicle id="42" x="536.88" y="198.35" angle="90.00" type="DEFAULT_VEHTYPE" speed="12.72" pos="132.13" lane="2/1to3/1_0" slope="0.00"/>
        <vehicle id="43" x="398.35" y="425.21" angle="0.00" type="DEFAULT_VEHTYPE" speed="12.80" pos="170.04" lane="2/3to2/2_0" slope="0.00"/>
        <vehicle id="44" x="585.36" y="198.35" angle="90.00" type="DEFAULT_VEHTYPE" speed="5.25" pos="180.61" lane="2/1to3/1_0" slope="0.00"/>
        <vehicle id="46" x="378.68" y="598.35" angle="90.00" type="DEFAULT_VEHTYPE" speed="10.90" pos="173.93" lane="1/3to2/3_0" slope="0.00"/>
        <vehicle id="47" x="313.91" y="401.65" angle="-90.00" type="DEFAULT_VEHTYPE" speed="13.14" pos="81.34" lane="2/2to1/2_0" slope="0.00"/>
        <vehicle id="49" x="92.89" y="398.35" angle="90.00" type="DEFAULT_VEHTYPE" speed="12.90" pos="92.89" lane="0/2to1/2_0" slope="0.00"/>
        <vehicle id="6" x="190.03" y="398.35" angle="90.00" type="DEFAULT_VEHTYPE" speed="2.74" pos="190.03" lane="0/2to1/2_0" slope="0.00"/>
    </timestep>
    <timestep time="211.00">
        <vehicle id="1" x="398.35" y="442.73" angle="0.00" type="DEFAULT_VEHTYPE" speed="13.47" pos="152.52" lane="2/3to2/2_0" slope="0.00"/>
        <vehicle id="11" x="401.65" y="650.98" angle="180.00" type="DEFAULT_VEHTYPE" speed="13.71" pos="46.23" lane="2/3to2/4_0" slope="0.00"/>
        <vehicle id="13" x="198.35" y="243.06" angle="0.00" type="DEFAULT_VEHTYPE" speed="12.74" pos="152.19" lane="1/2to1/1_0" slope="0.00"/>
        <vehicle id="17" x="272.80" y="598.35" angle="90.00" type="DEFAULT_VEHTYPE" speed="12.90" pos="68.05" lane="1/3to2/3_0" slope="0.00"/>
        <vehicle id="2" x="34.95" y="201.65" angle="-90.00" type="DEFAULT_VEHTYPE" speed="13.33" pos="160.30" lane="1/1to0/1_0" slope="0.00"/>
        <vehicle id="21" x="201.65" y="350.41" angle="180.00" type="DEFAULT_VEHTYPE" speed="13.76" pos="145.66" lane="1/1to1/2_0" slope="0.00"/>
        <vehicle id="23" x="398.35" y="329.78" angle="0.00" type="DEFAULT_VEHTYPE" speed="13.46" pos="65.47" lane="2/2to2/1_0" slope="0.00"/>
        <vehicle id="25" x="601.65" y="268.02" angle="180.00" type="DEFAULT_VEHTYPE" speed="13.10" pos="63.27" lane="3/1to3/2_0" slope="0.00"/>
        <vehicle id="27" x="201.65" y="522.45" angle="180.00" type="DEFAULT_VEHTYPE" speed="13.36" pos="117.70" lane="1/2to1/3_0" slope="0.00"/>
        <vehicle id="29" x="746.53" y="601.65" angle="-90.00" type="DEFAULT_VEHTYPE" speed="13.18" pos="53.47" lane="4/3to3/3_0" slope="0.00"/>
        <vehicle id="3" x="401.65" y="713.61" angle="180.00" type="DEFAULT_VEHTYPE" speed="12.72" pos="108.86" lane="2/3to2/4_0" slope="0.00"/>
        <vehicle id="32" x="585.30" y="401.65" angle="-90.00" type="DEFAULT_VEHTYPE" speed="12.87" pos="9.95" lane="3/2to2/2_0" slope="0.00"/>
        <vehicle id="37" x="601.65" y="368.91" angle="180.00" type="DEFAULT_VEHTYPE" speed="13.39" pos="164.16" lane="3/1to3/2_0" slope="0.00"/>
        <vehicle id="38" x="368.13" y="401.65" angle="-90.00" type="DEFAULT_VEHTYPE" speed="12.95" pos="27.12" lane="2/2to1/2_0" slope="0.00"/>
        <vehicle id="4" x="601.65" y="209.30" angle="179.27" type="DEFAULT_VEHTYPE" speed="7.97" pos="4.55" lane="3/1to3/2_0" slope="0.00"/>
        <vehicle id="41" x="209.93" y="401.65" angle="-90.00" type="DEFAULT_VEHTYPE" speed="4.83" pos="185.32" lane="2/2to1/2_0" slope="0.00"/>
        <vehicle id="42" x="550.17" y="198.35" angle="90.00" type="DEFAULT_VEHTYPE" speed="13.29" pos="145.42" lane="2/1to3/1_0" slope="0.00"/>
        <vehicle id="43" x="398.35" y="411.38" angle="0.00" type="DEFAULT_VEHTYPE" speed="13.83" pos="183.87" lane="2/3to2/2_0" slope="0.00"/>
        <vehicle id="44" x="589.95" y="198.35" angle="90.00" type="DEFAULT_VEHTYPE" speed="4.59" pos="185.20" lane="2/1to3/1_0" slope="0.00"/>
        <vehicle id="46" x="385.84" y="598.35" angle="90.00" type="DEFAULT_VEHTYPE" speed="7.16" pos="181.09" lane="1/3to2/3_0" slope="0.00"/>
        <vehicle id="47" x="300.03" y="401.65" angle="-90.00" type="DEFAULT_VEHTYPE" speed="13.88" pos="95.22" lane="2/2to1/2_0" slope="0.00"/>
        <vehicle id="49" x="106.57" y="398.35" angle="90.00" type="DEFAULT_VEHTYPE" speed="13.68" pos="106.57" lane="0/2to1/2_0" slope="0.00"/>
        <vehicle id="6" x="192.05" y="398.35" angle="90.00" type="DEFAULT_VEHTYPE" speed="2.02" pos="192.05" lane="0/2to1/2_0" slope="0.00"/>
    </timestep>
    <timestep time="212.00">
        <vehicle id="1" x="398.35" y="430.04" angle="0.00" type="DEFAULT_VEHTYPE" speed="12.69" pos="165.21" lane="2/3to2/2_0" slope="0.00"/>
        <vehicle id="11" x="401.65" y="664.09" angle="180.00" type="DEFAULT_VEHTYPE" speed="13.11" pos="59.34" lane="2/3to2/4_0" slope="0.00"/>
        <vehicle id="13" x="198.35" y="229.44" angle="0.00" type="DEFAULT_VEHTYPE" speed="13.62" pos="165.81" lane="1/2to1/1_0" slope="0.00"/>
        <vehicle id="17" x="286.25" y="598.35" angle="90.00" type="DEFAULT_VEHTYPE" speed="13.46" pos="81.50" lane="1/3to2/3_0" slope="0.00"/>
        <vehicle id="2" x="22.32" y="201.65" angle="-90.00" type="DEFAULT_VEHTYPE" speed="12.63" pos="172.93" lane="1/1to0/1_0" slope="0.00"/>
        <vehicle id="21" x="201.65" y="364.04" angle="180.00" type="DEFAULT_VEHTYPE" speed="13.63" pos="159.29" lane="1/1to1/2_0" slope="0.00"/>
        <vehicle id="23" x="398.35" y="316.28" angle="0.00" type="DEFAULT_VEHTYPE" speed="13.50" pos="78.97" lane="2/2to2/1_0" slope="0.00"/>
        <vehicle id="25" x="601.65" y="281.40" angle="180.00" type="DEFAULT_VEHTYPE" speed="13.38" pos="76.65" lane="3/1to3/2_0" slope="0.00"/>
        <vehicle id="27" x="201.65" y="536.18" angle="180.00" type="DEFAULT_VEHTYPE" speed="13.73" pos="131.43" lane="1/2to1/3_0" slope="0.00"/>
        <vehicle id="29" x="732.94" y="601.65" angle="-90.00" type="DEFAULT_VEHTYPE" speed="13.58" pos="67.06" lane="4/3to3/3_0" slope="0.00"/>
        <vehicle id="3" x="401.65" y="727.44" angle="180.00" type="DEFAULT_VEHTYPE" speed="13.83" pos="122.69" lane="2/3to2/4_0" slope="0.00"/>
        <vehicle id="32" x="572.09" y="401.65" angle="-90.00" type="DEFAULT_VEHTYPE" speed="13.21" pos="23.16" lane="3/2to2/2_0" slope="0.00"/>
        <vehicle id="37" x="601.65" y="382.80" angle="180.00" type="DEFAULT_VEHTYPE" speed="13.90" pos="178.05" lane="3/1to3/2_0" slope="0.00"/>
        <vehicle id="38" x="355.51" y="401.65" angle="-90.00" type="DEFAULT_VEHTYPE" speed="12.62" pos="39.74" lane="2/2to1/2_0" slope="0.00"/>
        <vehicle id="4" x="601.65" y="218.88" angle="180.00" type="DEFAULT_VEHTYPE" speed="9.58" pos="14.13" lane="3/1to3/2_0" slope="0.00"/>
        <vehicle id="41" x="203.75" y="401.65" angle="-90.00" type="DEFAULT_VEHTYPE" speed="6.18" pos="1.00" lane=":1/2_5_0" slope="0.00"/>
        <vehicle id="42" x="563.48" y="198.35" angle="90.00" type="DEFAULT_VEHTYPE" speed="13.31" pos="158.73" lane="2/1to3/1_0" slope="0.00"/>
        <vehicle id="43" x="393.69" y="401.65" angle="-70.16" type="DEFAULT_VEHTYPE" speed="13.19" pos="1.56" lane="2/2to1/2_0" slope="0.00"/>
        <vehicle id="44" x="596.28" y="198.35" angle="90.00" type="DEFAULT_VEHTYPE" speed="6.32" pos="1.03" lane=":3/1_13_0" slope="0.00"/>
        <vehicle id="46" x="389.77" y="598.35" angle="90.00" type="DEFAULT_VEHTYPE" speed="3.94" pos="185.02" lane="1/3to2/3_0" slope="0.00"/>
        <vehicle id="47" x="286.66" y="401.65" angle="-90.00" type="DEFAULT_VEHTYPE" speed="13.37" pos="108.59" lane="2/2to1/2_0" slope="0.00"/>
        <vehicle id="49" x="119.53" y="398.35" angle="90.00" type="DEFAULT_VEHTYPE" speed="12.96" pos="119.53" lane="0/2to1/2_0" slope="0.00"/>
        <vehicle id="6" x="192.66" y="398.35" angle="90.00" type="DEFAULT_VEHTYPE" speed="0.61" pos="192.66" lane="0/2to1/2_0" slope="0.00"/>
    </timestep>
    <timestep time="213.00">
        <vehicle id="1" x="398.35" y="417.16" angle="0.00" type="DEFAULT_VEHTYPE" speed="12.89" pos="178.09" lane="2/3to2/2_0" slope="0.00"/>
        <vehicle id="11" x="401.65" y="677.07" angle="180.00" type="DEFAULT_VEHTYPE" speed="12.98" pos="72.32" lane="2/3to2/4_0" slope="0.00"/>
        <vehicle id="13" x="198.35" y="215.63" angle="0.00" type="DEFAULT_VEHTYPE" speed="13.81" pos="179.62" lane="1/2to1/1_0" slope="0.00"/>
        <vehicle id="17" x="299.02" y="598.35" angle="90.00" type="DEFAULT_VEHTYPE" speed="12.77" pos="94.27" lane="1/3to2/3_0" slope="0.00"/>
        <vehicle id="2" x="9.64" y="201.65" angle="-90.00" type="DEFAULT_VEHTYPE" speed="12.67" pos="185.61" lane="1/1to0/1_0" slope="0.00"/>
        <vehicle id="21" x="201.65" y="376.84" angle="180.00" type="DEFAULT_VEHTYPE" speed="12.80" pos="172.09" lane="1/1to1/2_0" slope="0.00"/>
        <vehicle id="23" x="398.35" y="303.23" angle="0.00" type="DEFAULT_VEHTYPE" speed="13.05" pos="92.02" lane="2/2to2/1_0" slope="0.00"/>
        <vehicle id="25" x="601.65" y="294.98" angle="180.00" type="DEFAULT_VEHTYPE" speed="13.58" pos="90.23" lane="3/1to3/2_0" slope="0.00"/>
        <vehicle id="27" x="201.65" y="549.32" angle="180.00" type="DEFAULT_VEHTYPE" speed="13.14" pos="144.57" lane="1/2to1/3_0" slope="0.00"/>
        <vehicle id="29" x="719.92" y="601.65" angle="-90.00" type="DEFAULT_VEHTYPE" speed="13.02" pos="80.08" lane="4/3to3/3_0" slope="0.00"/>
        <vehicle id="3" x="401.65" y="740.37" angle="180.00" type="DEFAULT_VEHTYPE" speed="12.92" pos="135.62" lane="2/3to2/4_0" slope="0.00"/>
        <vehicle id="32" x="558.96" y="401.65" angle="-90.00" type="DEFAULT_VEHTYPE" speed="13.13" pos="36.29" lane="3/2to2/2_0" slope="0.00"/>
        <vehicle id="37" x="601.65" y="396.01" angle="180.00" type="DEFAULT_VEHTYPE" speed="13.20" pos="0.76" lane=":3/2_9_0" slope="0.00"/>
        <vehicle id="38" x="342.36" y="401.65" angle="-90.00" type="DEFAULT_VEHTYPE" speed="13.15" pos="52.89" lane="2/2to1/2_0" slope="0.00"/>
        <vehicle id="4" x="601.65" y="229.82" angle="180.00" type="DEFAULT_VEHTYPE" speed="10.94" pos="25.07" lane="3/1to3/2_0" slope="0.00"/>
        <vehicle id="41" x="195.80" y="401.65" angle="-90.00" type="DEFAULT_VEHTYPE" speed="7.95" pos="8.95" lane=":1/2_5_0" slope="0.00"/>
        <vehicle id="42" x="575.24" y="198.35" angle="90.00" type="DEFAULT_VEHTYPE" speed="11.76" pos="170.49" lane="2/1to3/1_0" slope="0.00"/>
        <vehicle id="43" x="380.52" y="401.65" angle="-90.00" type="DEFAULT_VEHTYPE" speed="13.17" pos="14.73" lane="2/2to1/2_0" slope="0.00"/>
        <vehicle id="44" x="603.96" y="198.35" angle="90.00" type="DEFAULT_VEHTYPE" speed="7.68" pos="8.71" lane=":3/1_13_0" slope="0.00"/>
        <vehicle id="46" x="395.54" y="598.39" angle="90.48" type="DEFAULT_VEHTYPE" speed="5.77" pos="0.30" lane=":2/3_14_0" slope="0.00"/>
        <vehicle id="47" x="273.37" y="401.65" angle="-90.00" type="DEFAULT_VEHTYPE" speed="13.29" pos="121.88" lane="2/2to1/2_0" slope="0.00"/>
        <vehicle id="49" x="133.40" y="398.35" angle="90.00" type="DEFAULT_VEHTYPE" speed="13.88" pos="133.40" lane="0/2to1/2_0" slope="0.00"/>
        <vehicle id="6" x="192.75" y="398.35" angle="90.00" type="DEFAULT_VEHTYPE" speed="0.09" pos="192.75" lane="0/2to1/2_0" slope="0.00"/>
    </timestep>
    <timestep time="214.00">
        <vehicle id="1" x="398.35" y="404.46" angle="0.00" type="DEFAULT_VEHTYPE" speed="12.69" pos="0.29" lane=":2/2_1_0" slope="0.00"/>
        <vehicle id="11" x="401.65" y="690.88" angle="180.00" type="DEFAULT_VEHTYPE" speed="13.81" pos="86.13" lane="2/3to2/4_0" slope="0.00"/>
        <vehicle id="13" x="197.65" y="202.55" angle="-8.20" type="DEFAULT_VEHTYPE" speed="13.23" pos="2.35" lane=":1/1_0_0" slope="0.00"/>
        <vehicle id="17" x="311.76" y="598.35" angle="90.00" type="DEFAULT_VEHTYPE" speed="12.74" pos="107.01" lane="1/3to2/3_0" slope="0.00"/>
        <vehicle id="2" x="-1.39" y="199.49" angle="-57.62" type="DEFAULT_VEHTYPE" speed="12.63" pos="2.98" lane=":0/1_0_0" slope="0.00"/>
        <vehicle id="21" x="201.65" y="388.36" angle="180.00" type="DEFAULT_VEHTYPE" speed="11.52" pos="183.61" lane="1/1to1/2_0" slope="0.00"/>
        <vehicle id="23" x="398.35" y="289.70" angle="0.00" type="DEFAULT_VEHTYPE" speed="13.53" pos="105.55" lane="2/2to2/1_0" slope="0.00"/>
        <vehicle id="25" x="601.65" y="307.69" angle="180.00" type="DEFAULT_VEHTYPE" speed="12.71" pos="102.94" lane="3/1to3/2_0" slope="0.00"/>
        <vehicle id="27" x="201.65" y="563.07" angle="180.00" type="DEFAULT_VEHTYPE" speed="13.74" pos="158.32" lane="1/2to1/3_0" slope="0.00"/>
        <vehicle id="29" x="706.41" y="601.65" angle="-90.00" type="DEFAULT_VEHTYPE" speed="13.51" pos="93.59" lane="4/3to3/3_0" slope="0.00"/>
        <vehicle id="3" x="401.65" y="753.00" angle="180.00" type="DEFAULT_VEHTYPE" speed="12.63" pos="148.25" lane="2/3to2/4_0" slope="0.00"/>
        <vehicle id="32" x="545.39" y="401.65" angle="-90.00" type="DEFAULT_VEHTYPE" speed="13.57" pos="49.86" lane="3/2to2/2_0" slope="0.00"/>
        <vehicle id="37" x="601.65" y="409.65" angle="180.00" type="DEFAULT_VEHTYPE" speed="13.64" pos="4.90" lane="3/2to3/3_0" slope="0.00"/>
        <vehicle id="38" x="329.71" y="401.65" angle="-90.00" type="DEFAULT_VEHTYPE" speed="12.65" pos="65.54" lane="2/2to1/2_0" slope="0.00"/>
        <vehicle id="4" x="601.65" y="242.70" angle="180.00" type="DEFAULT_VEHTYPE" speed="12.88" pos="37.95" lane="3/1to3/2_0" slope="0.00"/>
        <vehicle id="41" x="185.79" y="401.65" angle="-90.00" type="DEFAULT_VEHTYPE" speed="10.02" pos="9.46" lane="1/2to0/2_0" slope="0.00"/>
        <vehicle id="42" x="582.88" y="198.35" angle="90.00" type="DEFAULT_VEHTYPE" speed="7.65" pos="178.13" lane="2/1to3/1_0" slope="0.00"/>
        <vehicle id="43" x="367.76" y="401.65" angle="-90.00" type="DEFAULT_VEHTYPE" speed="12.76" pos="27.49" lane="2/2to1/2_0" slope="0.00"/>
        <vehicle id="44" x="613.75" y="198.35" angle="90.00" type="DEFAULT_VEHTYPE" speed="9.79" pos="9.00" lane="3/1to4/1_0" slope="0.00"/>
        <vehicle id="46" x="401.41" y="603.05" angle="145.43" type="DEFAULT_VEHTYPE" speed="8.31" pos="8.61" lane=":2/3_14_0" slope="0.00"/>
        <vehicle id="47" x="260.65" y="401.65" angle="-90.00" type="DEFAULT_VEHTYPE" speed="12.72" pos="134.60" lane="2/2to1/2_0" slope="0.00"/>
        <vehicle id="49" x="146.45" y="398.35" angle="90.00" type="DEFAULT_VEHTYPE" speed="13.05" pos="146.45" lane="0/2to1/2_0" slope="0.00"/>
        <vehicle id="6" x="192.75" y="398.35" angle="90.00" type="DEFAULT_VEHTYPE" speed="0.00" pos="192.75" lane="0/2to1/2_0" slope="0.00"/>
    </timestep>
    <timestep time="215.00">
        <vehicle id="1" x="398.35" y="391.15" angle="0.00" type="DEFAULT_VEHTYPE" speed="13.32" pos="4.10" lane="2/2to2/1_0" slope="0.00"/>
        <vehicle id="11" x="401.65" y="704.60" angle="180.00" type="DEFAULT_VEHTYPE" speed="13.72" pos="99.85" lane="2/3to2/4_0" slope="0.00"/>
        <vehicle id="13" x="185.12" y="201.65" angle="-90.00" type="DEFAULT_VEHTYPE" speed="12.78" pos="10.13" lane="1/1to0/1_0" slope="0.00"/>
        <vehicle id="17" x="325.46" y="598.35" angle="90.00" type="DEFAULT_VEHTYPE" speed="13.70" pos="120.71" lane="1/3to2/3_0" slope="0.00"/>
        <vehicle id="2" x="11.36" y="198.35" angle="90.00" type="DEFAULT_VEHTYPE" speed="13.20" pos="11.36" lane="0/1to1/1_0" slope="0.00"/>
        <vehicle id="21" x="201.65" y="401.99" angle="180.00" type="DEFAULT_VEHTYPE" speed="13.63" pos="6.74" lane=":1/2_9_0" slope="0.00"/>
        <vehicle id="23" x="398.35" y="276.74" angle="0.00" type="DEFAULT_VEHTYPE" speed="12.95" pos="118.51" lane="2/2to2/1_0" slope="0.00"/>
        <vehicle id="25" x="601.65" y="321.57" angle="180.00" type="DEFAULT_VEHTYPE" speed="13.88" pos="116.82" lane="3/1to3/2_0" slope="0.00"/>
        <vehicle id="27" x="201.65" y="576.09" angle="180.00" type="DEFAULT_VEHTYPE" speed="13.02" pos="171.34" lane="1/2to1/3_0" slope="0.00"/>
        <vehicle id="29" x="693.12" y="601.65" angle="-90.00" type="DEFAULT_VEHTYPE" speed="13.28" pos="106.88" lane="4/3to3/3_0" slope="0.00"/>
        <vehicle id="3" x="401.65" y="765.61" angle="180.00" type="DEFAULT_VEHTYPE" speed="12.61" pos="160.86" lane="2/3to2/4_0" slope="0.00"/>
        <vehicle id="32" x="532.05" y="401.65" angle="-90.00" type="DEFAULT_VEHTYPE" speed="13.34" pos="63.20" lane="3/2to2/2_0" slope="0.00"/>
        <vehicle id="37" x="601.65" y="422.53" angle="180.00" type="DEFAULT_VEHTYPE" speed="12.88" pos="17.78" lane="3/2to3/3_0" slope="0.00"/>
        <vehicle id="38" x="316.30" y="401.65" angle="-90.00" type="DEFAULT_VEHTYPE" speed="13.41" pos="78.95" lane="2/2to1/2_0" slope="0.00"/>
        <vehicle id="4" x="601.65" y="255.81" angle="180.00" type="DEFAULT_VEHTYPE" speed="13.11" pos="51.06" lane="3/1to3/2_0" slope="0.00"/>
        <vehicle id="41" x="174.30" y="401.65" angle="-90.00" type="DEFAULT_VEHTYPE" speed="11.49" pos="20.95" lane="1/2to0/2_0" slope="0.00"/>
        <vehicle id="42" x="587.94" y="198.35" angle="90.00" type="DEFAULT_VEHTYPE" speed="5.06" pos="183.19" lane="2/1to3/1_0" slope="0.00"/>
        <vehicle id="43" x="354.75" y="401.65" angle="-90.00" type="DEFAULT_VEHTYPE" speed="13.01" pos="40.50" lane="2/2to1/2_0" slope="0.00"/>
        <vehicle id="44" x="626.03" y="198.35" angle="90.00" type="DEFAULT_VEHTYPE" speed="12.28" pos="21.28" lane="3/1to4/1_0" slope="0.00"/>
        <vehicle id="46" x="401.65" y="613.14" angle="180.00" type="DEFAULT_VEHTYPE" speed="10.10" pos="8.39" lane="2/3to2/4_0" slope="0.00"/>
        <vehicle id="47" x="248.04" y="401.65" angle="-90.00" type="DEFAULT_VEHTYPE" speed="12.61" pos="147.21" lane="2/2to1/2_0" slope="0.00"/>
        <vehicle id="49" x="159.29" y="398.35" angle="90.00" type="DEFAULT_VEHTYPE" speed="12.84" pos="159.29" lane="0/2to1/2_0" slope="0.00"/>
        <vehicle id="6" x="192.75" y="398.35" angle="90.00" type="DEFAULT_VEHTYPE" speed="0.00" pos="192.75" lane="0/2to1/2_0" slope="0.00"/>
    </timestep>
    <timestep time="216.00">
        <vehicle id="1" x="398.35" y="377.41" angle="0.00" type="DEFAULT_VEHTYPE" speed="13.74" pos="17.84" lane="2/2to2/1_0" slope="0.00"/>
        <vehicle id="11" x="401.65" y="718.19" angle="180.00" type="DEFAULT_VEHTYPE" speed="13.59" pos="113.44" lane="2/3to2/4_0" slope="0.00"/>
        <vehicle id="13" x="172.21" y="201.65" angle="-90.00" type="DEFAULT_VEHTYPE" speed="12.91" pos="23.04" lane="1/1to0/1_0" slope="0.00"/>
        <vehicle id="17" x="339.13" y="598.35" angle="90.00" type="DEFAULT_VEHTYPE" speed="13.67" pos="134.38" lane="1/3to2/3_0" slope="0.00"/>
        <vehicle id="2" x="24.58" y="198.35" angle="90.00" type="DEFAULT_VEHTYPE" speed="13.21" pos="24.58" lane="0/1to1/1_0" slope="0.00"/>
        <vehicle id="21" x="201.65" y="415.31" angle="180.00" type="DEFAULT_VEHTYPE" speed="13.32" pos="10.56" lane="1/2to1/3_0" slope="0.00"/>
        <vehicle id="23" x="398.35" y="263.37" angle="0.00" type="DEFAULT_VEHTYPE" speed="13.37" pos="131.88" lane="2/2to2/1_0" slope="0.00"/>
        <vehicle id="25" x="601.65" y="334.77" angle="180.00" type="DEFAULT_VEHTYPE" speed="13.19" pos="130.02" lane="3/1to3/2_0" slope="0.00"/>
        <vehicle id="27" x="201.65" y="589.03" angle="180.00" type="DEFAULT_VEHTYPE" speed="12.94" pos="184.28" lane="1/2to1/3_0" slope="0.00"/>
        <vehicle id="29" x="680.48" y="601.65" angle="-90.00" type="DEFAULT_VEHTYPE" speed="12.65" pos="119.52" lane="4/3to3/3_0" slope="0.00"/>
        <vehicle id="3" x="401.65" y="779.19" angle="180.00" type="DEFAULT_VEHTYPE" speed="13.58" pos="174.44" lane="2/3to2/4_0" slope="0.00"/>
        <vehicle id="32" x="518.46" y="401.65" angle="-90.00" type="DEFAULT_VEHTYPE" speed="13.59" pos="76.79" lane="3/2to2/2_0" slope="0.00"/>
        <vehicle id="37" x="601.65" y="435.76" angle="180.00" type="DEFAULT_VEHTYPE" speed="13.24" pos="31.01" lane="3/2to3/3_0" slope="0.00"/>
        <vehicle id="38" x="303.09" y="401.65" angle="-90.00" type="DEFAULT_VEHTYPE" speed="13.21" pos="92.16" lane="2/2to1/2_0" slope="0.00"/>
        <vehicle id="4" x="601.65" y="268.42" angle="180.00" type="DEFAULT_VEHTYPE" speed="12.60" pos="63.67" lane="3/1to3/2_0" slope="0.00"/>
        <vehicle id="41" x="161.65" y="401.65" angle="-90.00" type="DEFAULT_VEHTYPE" speed="12.65" pos="33.60" lane="1/2to0/2_0" slope="0.00"/>
        <vehicle id="42" x="590.71" y="198.35" angle="90.00" type="DEFAULT_VEHTYPE" speed="2.77" pos="185.96" lane="2/1to3/1_0" slope="0.00"/>
        <vehicle id="43" x="341.46" y="401.65" angle="-90.00" type="DEFAULT_VEHTYPE" speed="13.29" pos="53.79" lane="2/2to1/2_0" slope="0.00"/>
        <vehicle id="44" x="639.32" y="198.35" angle="90.00" type="DEFAULT_VEHTYPE" speed="13.29" pos="34.57" lane="3/1to4/1_0" slope="0.00"/>
        <vehicle id="46" x="401.65" y="624.64" angle="180.00" type="DEFAULT_VEHTYPE" speed="11.50" pos="19.89" lane="2/3to2/4_0" slope="0.00"/>
        <vehicle id="47" x="234.86" y="401.65" angle="-90.00" type="DEFAULT_VEHTYPE" speed="13.18" pos="160.39" lane="2/2to1/2_0" slope="0.00"/>
        <vehicle id="49" x="169.79" y="398.35" angle="90.00" type="DEFAULT_VEHTYPE" speed="10.50" pos="169.79" lane="0/2to1/2_0" slope="0.00"/>
        <vehicle id="6" x="192.75" y="398.35" angle="90.00" type="DEFAULT_VEHTYPE" speed="0.00" pos="192.75" lane="0/2to1/2_0" slope="0.00"/>
    </timestep>
    <timestep time="217.00">
        <vehicle id="1" x="398.35" y="363.70" angle="0.00" type="DEFAULT_VEHTYPE" speed="13.71" pos="31.55" lane="2/2to2/1_0" slope="0.00"/>
        <vehicle id="11" x="401.65" y="730.94" angle="180.00" type="DEFAULT_VEHTYPE" speed="12.76" pos="126.19" lane="2/3to2/4_0" slope="0.00"/>
        <vehicle id="13" x="159.46" y="201.65" angle="-90.00" type="DEFAULT_VEHTYPE" speed="12.75" pos="35.79" lane="1/1to0/1_0" slope="0.00"/>
        <vehicle id="17" x="352.27" y="598.35" angle="90.00" type="DEFAULT_VEHTYPE" speed="13.13" pos="147.52" lane="1/3to2/3_0" slope="0.00"/>
        <vehicle id="2" x="37.33" y="198.35" angle="90.00" type="DEFAULT_VEHTYPE" speed="12.75" pos="37.33" lane="0/1to1/1_0" slope="0.00"/>
        <vehicle id="21" x="201.65" y="428.99" angle="180.00" type="DEFAULT_VEHTYPE" speed="13.68" pos="24.24" lane="1/2to1/3_0" slope="0.00"/>
        <vehicle id="23" x="398.35" y="250.69" angle="0.00" type="DEFAULT_VEHTYPE" speed="12.68" pos="144.56" lane="2/2to2/1_0" slope="0.00"/>
        <vehicle id="25" x="601.65" y="347.65" angle="180.00" type="DEFAULT_VEHTYPE" speed="12.89" pos="142.90" lane="3/1to3/2_0" slope="0.00"/>
        <vehicle id="27" x="207.26" y="598.35" angle="99.04" type="DEFAULT_VEHTYPE" speed="13.74" pos="2.51" lane="1/3to2/3_0" slope="0.00"/>
        <vehicle id="29" x="666.78" y="601.65" angle="-90.00" type="DEFAULT_VEHTYPE" speed="13.70" pos="133.22" lane="4/3to3/3_0" slope="0.00"/>
        <vehicle id="3" x="401.65" y="793.05" angle="180.00" type="DEFAULT_VEHTYPE" speed="13.86" pos="188.30" lane="2/3to2/4_0" slope="0.00"/>
        <vehicle id="32" x="505.15" y="401.65" angle="-90.00" type="DEFAULT_VEHTYPE" speed="13.31" pos="90.10" lane="3/2to2/2_0" slope="0.00"/>
        <vehicle id="37" x="601.65" y="449.33" angle="180.00" type="DEFAULT_VEHTYPE" speed="13.57" pos="44.58" lane="3/2to3/3_0" slope="0.00"/>
        <vehicle id="38" x="290.47" y="401.65" angle="-90.00" type="DEFAULT_VEHTYPE" speed="12.62" pos="104.78" lane="2/2to1/2_0" slope="0.00"/>
        <vehicle id="4" x="601.65" y="281.35" angle="180.00" type="DEFAULT_VEHTYPE" speed="12.93" pos="76.60" lane="3/1to3/2_0" slope="0.00"/>
        <vehicle id="41" x="148.22" y="401.65" angle="-90.00" type="DEFAULT_VEHTYPE" speed="13.43" pos="47.03" lane="1/2to0/2_0" slope="0.00"/>
        <vehicle id="42" x="594.89" y="198.35" angle="90.00" type="DEFAULT_VEHTYPE" speed="4.17" pos="190.14" lane="2/1to3/1_0" slope="0.00"/>
        <vehicle id="43" x="328.05" y="401.65" angle="-90.00" type="DEFAULT_VEHTYPE" speed="13.41" pos="67.20" lane="2/2to1/2_0" slope="0.00"/>
        <vehicle id="44" x="652.27" y="198.35" angle="90.00" type="DEFAULT_VEHTYPE" speed="12.95" pos="47.52" lane="3/1to4/1_0" slope="0.00"/>
        <vehicle id="46" x="401.65" y="638.14" angle="180.00" type="DEFAULT_VEHTYPE" speed="13.50" pos="33.39" lane="2/3to2/4_0" slope="0.00"/>
        <vehicle id="47" x="223.36" y="401.65" angle="-90.00" type="DEFAULT_VEHTYPE" speed="11.50" pos="171.89" lane="2/2to1/2_0" slope="0.00"/>
        <vehicle id="49" x="177.81" y="398.35" angle="90.00" type="DEFAULT_VEHTYPE" speed="8.02" pos="177.81" lane="0/2to1/2_0" slope="0.00"/>
        <vehicle id="6" x="192.75" y="398.35" angle="90.00" type="DEFAULT_VEHTYPE" speed="0.00" pos="192.75" lane="0/2to1/2_0" slope="0.00"/>
    </timestep>
    <timestep time="218.00">
        <vehicle id="1" x="398.35" y="350.31" angle="0.00" type="DEFAULT_VEHTYPE" speed="13.38" pos="44.94" lane="2/2to2/1_0" slope="0.00"/>
        <vehicle id="11" x="401.65" y="744.03" angle="180.00" type="DEFAULT_VEHTYPE" speed="13.09" pos="139.28" lane="2/3to2/4_0" slope="0.00"/>
        <vehicle id="13" x="146.31" y="201.65" angle="-90.00" type="DEFAULT_VEHTYPE" speed="13.15" pos="48.94" lane="1/1to0/1_0" slope="0.00"/>
        <vehicle id="17" x="365.12" y="598.35" angle="90.00" type="DEFAULT_VEHTYPE" speed="12.85" pos="160.37" lane="1/3to2/3_0" slope="0.00"/>
        <vehicle id="2" x="50.15" y="198.35" angle="90.00" type="DEFAULT_VEHTYPE" speed="12.82" pos="50.15" lane="0/1to1/1_0" slope="0.00"/>
        <vehicle id="21" x="201.65" y="442.23" angle="180.00" type="DEFAULT_VEHTYPE" speed="13.23" pos="37.48" lane="1/2to1/3_0" slope="0.00"/>
        <vehicle id="23" x="398.35" y="237.75" angle="0.00" type="DEFAULT_VEHTYPE" speed="12.94" pos="157.50" lane="2/2to2/1_0" slope="0.00"/>
        <vehicle id="25" x="601.65" y="360.89" angle="180.00" type="DEFAULT_VEHTYPE" speed="13.24" pos="156.14" lane="3/1to3/2_0" slope="0.00"/>
        <vehicle id="27" x="220.91" y="598.35" angle="90.00" type="DEFAULT_VEHTYPE" speed="13.65" pos="16.16" lane="1/3to2/3_0" slope="0.00"/>
        <vehicle id="29" x="653.75" y="601.65" angle="-90.00" type="DEFAULT_VEHTYPE" speed="13.02" pos="146.25" lane="4/3to3/3_0" slope="0.00"/>
        <vehicle id="3" x="398.35" y="798.10" angle="-34.91" type="DEFAULT_VEHTYPE" speed="13.67" pos="1.90" lane="2/4to2/3_0" slope="0.00"/>
        <vehicle id="32" x="492.35" y="401.65" angle="-90.00" type="DEFAULT_VEHTYPE" speed="12.81" pos="102.90" lane="3/2to2/2_0" slope="0.00"/>
        <vehicle id="37" x="601.65" y="462.72" angle="180.00" type="DEFAULT_VEHTYPE" speed="13.39" pos="57.97" lane="3/2to3/3_0" slope="0.00"/>
        <vehicle id="38" x="277.44" y="401.65" angle="-90.00" type="DEFAULT_VEHTYPE" speed="13.03" pos="117.81" lane="2/2to1/2_0" slope="0.00"/>
        <vehicle id="4" x="601.65" y="294.48" angle="180.00" type="DEFAULT_VEHTYPE" speed="13.13" pos="89.73" lane="3/1to3/2_0" slope="0.00"/>
        <vehicle id="41" x="134.79" y="401.65" angle="-90.00" type="DEFAULT_VEHTYPE" speed="13.43" pos="60.46" lane="1/2to0/2_0" slope="0.00"/>
        <vehicle id="42" x="600.54" y="200.77" angle="118.41" type="DEFAULT_VEHTYPE" speed="6.48" pos="6.12" lane=":3/1_14_0" slope="0.00"/>
        <vehicle id="43" x="315.32" y="401.65" angle="-90.00" type="DEFAULT_VEHTYPE" speed="12.73" pos="79.93" lane="2/2to1/2_0" slope="0.00"/>
        <vehicle id="44" x="664.90" y="198.35" angle="90.00" type="DEFAULT_VEHTYPE" speed="12.63" pos="60.15" lane="3/1to4/1_0" slope="0.00"/>
        <vehicle id="46" x="401.65" y="651.46" angle="180.00" type="DEFAULT_VEHTYPE" speed="13.32" pos="46.71" lane="2/3to2/4_0" slope="0.00"/>
        <vehicle id="47" x="215.29" y="401.65" angle="-90.00" type="DEFAULT_VEHTYPE" speed="8.08" pos="179.96" lane="2/2to1/2_0" slope="0.00"/>
        <vehicle id="49" x="181.59" y="398.35" angle="90.00" type="DEFAULT_VEHTYPE" speed="3.78" pos="181.59" lane="0/2to1/2_0" slope="0.00"/>
        <vehicle id="6" x="192.75" y="398.35" angle="90.00" type="DEFAULT_VEHTYPE" speed="0.00" pos="192.75" lane="0/2to1/2_0" slope="0.00"/>
    </timestep>
    <timestep time="219.00">
        <vehicle id="1" x="398.35" y="336.86" angle="0.00" type="DEFAULT_VEHTYPE" speed="13.45" pos="58.39" lane="2/2to2/1_0" slope="0.00"/>
        <vehicle id="11" x="401.65" y="756.69" angle="180.00" type="DEFAULT_VEHTYPE" speed="12.66" pos="151.94" lane="2/3to2/4_0" slope="0.00"/>
        <vehicle id="13" x="132.53" y="201.65" angle="-90.00" type="DEFAULT_VEHTYPE" speed="13.78" pos="62.72" lane="1/1to0/1_0" slope="0.00"/>
        <vehicle id="17" x="376.54" y="598.35" angle="90.00" type="DEFAULT_VEHTYPE" speed="11.42" pos="171.79" lane="1/3to2/3_0" slope="0.00"/>
        <vehicle id="2" x="63.34" y="198.35" angle="90.00" type="DEFAULT_VEHTYPE" speed="13.19" pos="63.34" lane="0/1to1/1_0" slope="0.00"/>
        <vehicle id="21" x="201.65" y="455.60" angle="180.00" type="DEFAULT_VEHTYPE" speed="13.38" pos="50.85" lane="1/2to1/3_0" slope="0.00"/>
        <vehicle id="23" x="398.35" y="224.81" angle="0.00" type="DEFAULT_VEHTYPE" speed="12.94" pos="170.44" lane="2/2to2/1_0" slope="0.00"/>
        <vehicle id="25" x="601.65" y="374.61" angle="180.00" type="DEFAULT_VEHTYPE" speed="13.73" pos="169.86" lane="3/1to3/2_0" slope="0.00"/>
        <vehicle id="27" x="233.54" y="598.35" angle="90.00" type="DEFAULT_VEHTYPE" speed="12.63" pos="28.79" lane="1/3to2/3_0" slope="0.00"/>
        <vehicle id="29" x="640.76" y="601.65" angle="-90.00" type="DEFAULT_VEHTYPE" speed="12.99" pos="159.24" lane="4/3to3/3_0" slope="0.00"/>
        <vehicle id="3" x="398.35" y="784.87" angle="0.00" type="DEFAULT_VEHTYPE" speed="13.23" pos="15.13" lane="2/4to2/3_0" slope="0.00"/>
        <vehicle id="32" x="479.33" y="401.65" angle="-90.00" type="DEFAULT_VEHTYPE" speed="13.02" pos="115.92" lane="3/2to2/2_0" slope="0.00"/>
        <vehicle id="37" x="601.65" y="476.39" angle="180.00" type="DEFAULT_VEHTYPE" speed="13.66" pos="71.64" lane="3/2to3/3_0" slope="0.00"/>
        <vehicle id="38" x="264.26" y="401.65" angle="-90.00" type="DEFAULT_VEHTYPE" speed="13.18" pos="130.99" lane="2/2to1/2_0" slope="0.00"/>
        <vehicle id="4" x="601.65" y="307.16" angle="180.00" type="DEFAULT_VEHTYPE" speed="12.68" pos="102.41" lane="3/1to3/2_0" slope="0.00"/>
        <vehicle id="41" x="121.93" y="401.65" angle="-90.00" type="DEFAULT_VEHTYPE" speed="12.86" pos="73.32" lane="1/2to0/2_0" slope="0.00"/>
        <vehicle id="42" x="601.65" y="209.50" angle="179.59" type="DEFAULT_VEHTYPE" speed="8.95" pos="4.75" lane="3/1to3/2_0" slope="0.00"/>
        <vehicle id="43" x="302.28" y="401.65" angle="-90.00" type="DEFAULT_VEHTYPE" speed="13.04" pos="92.97" lane="2/2to1/2_0" slope="0.00"/>
        <vehicle id="44" x="678.52" y="198.35" angle="90.00" type="DEFAULT_VEHTYPE" speed="13.62" pos="73.77" lane="3/1to4/1_0" slope="0.00"/>
        <vehicle id="46" x="401.65" y="665.29" angle="180.00" type="DEFAULT_VEHTYPE" speed="13.83" pos="60.54" lane="2/3to2/4_0" slope="0.00"/>
        <vehicle id="47" x="210.27" y="401.65" angle="-90.00" type="DEFAULT_VEHTYPE" speed="5.02" pos="184.98" lane="2/2to1/2_0" slope="0.00"/>
        <vehicle id="49" x="183.14" y="398.35" angle="90.00" type="DEFAULT_VEHTYPE" speed="1.55" pos="183.14" lane="0/2to1/2_0" slope="0.00"/>
        <vehicle id="6" x="192.75" y="398.35" angle="90.00" type="DEFAULT_VEHTYPE" speed="0.00" pos="192.75" lane="0/2to1/2_0" slope="0.00"/>
    </timestep>
    <timestep time="220.00">
        <vehicle id="1" x="398.35" y="323.95" angle="0.00" type="DEFAULT_VEHTYPE" speed="12.91" pos="71.30" lane="2/2to2/1_0" slope="0.00"/>
        <vehicle id="11" x="401.65" y="769.41" angle="180.00" type="DEFAULT_VEHTYPE" speed="12.72" pos="164.66" lane="2/3to2/4_0" slope="0.00"/>
        <vehicle id="13" x="119.39" y="201.65" angle="-90.00" type="DEFAULT_VEHTYPE" speed="13.14" pos="75.86" lane="1/1to0/1_0" slope="0.00"/>
        <vehicle id="17" x="383.91" y="598.35" angle="90.00" type="DEFAULT_VEHTYPE" speed="7.37" pos="179.16" lane="1/3to2/3_0" slope="0.00"/>
        <vehicle id="2" x="76.22" y="198.35" angle="90.00" type="DEFAULT_VEHTYPE" speed="12.88" pos="76.22" lane="0/1to1/1_0" slope="0.00"/>
        <vehicle id="21" x="201.65" y="468.72" angle="180.00" type="DEFAULT_VEHTYPE" speed="13.11" pos="63.97" lane="1/2to1/3_0" slope="0.00"/>
        <vehicle id="23" x="398.35" y="211.63" angle="0.00" type="DEFAULT_VEHTYPE" speed="13.18" pos="183.62" lane="2/2to2/1_0" slope="0.00"/>
        <vehicle id="25" x="601.65" y="387.32" angle="180.00" type="DEFAULT_VEHTYPE" speed="12.70" pos="182.57" lane="3/1to3/2_0" slope="0.00"/>
        <vehicle id="27" x="246.20" y="598.35" angle="90.00" type="DEFAULT_VEHTYPE" speed="12.65" pos="41.45" lane="1/3to2/3_0" slope="0.00"/>
        <vehicle id="29" x="627.68" y="601.65" angle="-90.00" type="DEFAULT_VEHTYPE" speed="13.09" pos="172.32" lane="4/3to3/3_0" slope="0.00"/>
        <vehicle id="3" x="398.35" y="772.11" angle="0.00" type="DEFAULT_VEHTYPE" speed="12.76" pos="27.89" lane="2/4to2/3_0" slope="0.00"/>
        <vehicle id="32" x="466.34" y="401.65" angle="-90.00" type="DEFAULT_VEHTYPE" speed="12.99" pos="128.91" lane="3/2to2/2_0" slope="0.00"/>
        <vehicle id="37" x="601.65" y="489.67" angle="180.00" type="DEFAULT_VEHTYPE" speed="13.28" pos="84.92" lane="3/2to3/3_0" slope="0.00"/>
        <vehicle id="38" x="251.13" y="401.65" angle="-90.00" type="DEFAULT_VEHTYPE" speed="13.13" pos="144.12" lane="2/2to1/2_0" slope="0.00"/>
        <vehicle id="4" x="601.65" y="320.66" angle="180.00" type="DEFAULT_VEHTYPE" speed="13.50" pos="115.91" lane="3/1to3/2_0" slope="0.00"/>
        <vehicle id="41" x="108.64" y="401.65" angle="-90.00" type="DEFAULT_VEHTYPE" speed="13.29" pos="86.61" lane="1/2to0/2_0" slope="0.00"/>
        <vehicle id="42" x="601.65" y="220.02" angle="180.00" type="DEFAULT_VEHTYPE" speed="10.52" pos="15.27" lane="3/1to3/2_0" slope="0.00"/>
        <vehicle id="43" x="289.15" y="401.65" angle="-90.00" type="DEFAULT_VEHTYPE" speed="13.13" pos="106.10" lane="2/2to1/2_0" slope="0.00"/>
        <vehicle id="44" x="692.39" y="198.35" angle="90.00" type="DEFAULT_VEHTYPE" speed="13.87" pos="87.64" lane="3/1to4/1_0" slope="0.00"/>
        <vehicle id="46" x="401.65" y="678.95" angle="180.00" type="DEFAULT_VEHTYPE" speed="13.66" pos="74.20" lane="2/3to2/4_0" slope="0.00"/>
        <vehicle id="47" x="202.76" y="401.65" angle="-90.00" type="DEFAULT_VEHTYPE" speed="7.51" pos="1.99" lane=":1/2_5_0" slope="0.00"/>
        <vehicle id="49" x="184.61" y="398.35" angle="90.00" type="DEFAULT_VEHTYPE" speed="1.47" pos="184.61" lane="0/2to1/2_0" slope="0.00"/>
        <vehicle id="6" x="192.75" y="398.35" angle="90.00" type="DEFAULT_VEHTYPE" speed="0.00" pos="192.75" lane="0/2to1/2_0" slope="0.00"/>
    </timestep>
    <timestep time="221.00">
        <vehicle id="1" x="398.35" y="310.73" angle="0.00" type="DEFAULT_VEHTYPE" speed="13.22" pos="84.52" lane="2/2to2/1_0" slope="0.00"/>
        <vehicle id="11" x="401.65" y="782.39" angle="180.00" type="DEFAULT_VEHTYPE" speed="12.97" pos="177.64" lane="2/3to2/4_0" slope="0.00"/>
        <vehicle id="13" x="106.07" y="201.65" angle="-90.00" type="DEFAULT_VEHTYPE" speed="13.32" pos="89.18" lane="1/1to0/1_0" slope="0.00"/>
        <vehicle id="17" x="388.43" y="598.35" angle="90.00" type="DEFAULT_VEHTYPE" speed="4.52" pos="183.68" lane="1/3to2/3_0" slope="0.00"/>
        <vehicle id="2" x="89.93" y="198.35" angle="90.00" type="DEFAULT_VEHTYPE" speed="13.70" pos="89.93" lane="0/1to1/1_0" slope="0.00"/>
        <vehicle id="21" x="201.65" y="481.40" angle="180.00" type="DEFAULT_VEHTYPE" speed="12.68" pos="76.65" lane="1/2to1/3_0" slope="0.00"/>
        <vehicle id="23" x="393.58" y="201.65" angle="-71.43" type="DEFAULT_VEHTYPE" speed="13.55" pos="1.67" lane="2/1to1/1_0" slope="0.00"/>
        <vehicle id="25" x="601.65" y="400.90" angle="180.00" type="DEFAULT_VEHTYPE" speed="13.58" pos="5.65" lane=":3/2_9_0" slope="0.00"/>
        <vehicle id="27" x="260.06" y="598.35" angle="90.00" type="DEFAULT_VEHTYPE" speed="13.86" pos="55.31" lane="1/3to2/3_0" slope="0.00"/>
        <vehicle id="29" x="618.08" y="601.65" angle="-90.00" type="DEFAULT_VEHTYPE" speed="9.59" pos="181.92" lane="4/3to3/3_0" slope="0.00"/>
        <vehicle id="3" x="398.35" y="759.08" angle="0.00" type="DEFAULT_VEHTYPE" speed="13.04" pos="40.92" lane="2/4to2/3_0" slope="0.00"/>
        <vehicle id="32" x="452.86" y="401.65" angle="-90.00" type="DEFAULT_VEHTYPE" speed="13.48" pos="142.39" lane="3/2to2/2_0" slope="0.00"/>
        <vehicle id="37" x="601.65" y="503.17" angle="180.00" type="DEFAULT_VEHTYPE" speed="13.51" pos="98.42" lane="3/2to3/3_0" slope="0.00"/>
        <vehicle id="38" x="237.92" y="401.65" angle="-90.00" type="DEFAULT_VEHTYPE" speed="13.21" pos="157.33" lane="2/2to1/2_0" slope="0.00"/>
        <vehicle id="4" x="601.65" y="333.73" angle="180.00" type="DEFAULT_VEHTYPE" speed="13.07" pos="128.98" lane="3/1to3/2_0" slope="0.00"/>
        <vehicle id="41" x="94.75" y="401.65" angle="-90.00" type="DEFAULT_VEHTYPE" speed="13.90" pos="100.50" lane="1/2to0/2_0" slope="0.00"/>
        <vehicle id="42" x="601.65" y="233.05" angle="180.00" type="DEFAULT_VEHTYPE" speed="13.04" pos="28.30" lane="3/1to3/2_0" slope="0.00"/>
        <vehicle id="43" x="276.21" y="401.65" angle="-90.00" type="DEFAULT_VEHTYPE" speed="12.95" pos="119.04" lane="2/2to1/2_0" slope="0.00"/>
        <vehicle id="44" x="706.25" y="198.35" angle="90.00" type="DEFAULT_VEHTYPE" speed="13.86" pos="101.50" lane="3/1to4/1_0" slope="0.00"/>
        <vehicle id="46" x="401.65" y="692.64" angle="180.00" type="DEFAULT_VEHTYPE" speed="13.69" pos="87.89" lane="2/3to2/4_0" slope="0.00"/>
        <vehicle id="47" x="193.74" y="401.65" angle="-90.00" type="DEFAULT_VEHTYPE" speed="9.02" pos="1.51" lane="1/2to0/2_0" slope="0.00"/>
        <vehicle id="49" x="185.12" y="398.35" angle="90.00" type="DEFAULT_VEHTYPE" speed="0.51" pos="185.12" lane="0/2to1/2_0" slope="0.00"/>
        <vehicle id="6" x="192.75" y="398.35" angle="90.00" type="DEFAULT_VEHTYPE" speed="0.00" pos="192.75" lane="0/2to1/2_0" slope="0.00"/>
    </timestep>
    <timestep time="222.00">
        <vehicle id="1" x="398.35" y="297.91" angle="0.00" type="DEFAULT_VEHTYPE" speed="12.82" pos="97.34" lane="2/2to2/1_0" slope="0.00"/>
        <vehicle id="11" x="401.65" y="795.23" angle="180.00" type="DEFAULT_VEHTYPE" speed="12.85" pos="190.48" lane="2/3to2/4_0" slope="0.00"/>
        <vehicle id="13" x="92.79" y="201.65" angle="-90.00" type="DEFAULT_VEHTYPE" speed="13.28" pos="102.46" lane="1/1to0/1_0" slope="0.00"/>
        <vehicle id="17" x="394.75" y="598.35" angle="90.00" type="DEFAULT_VEHTYPE" speed="6.32" pos="190.00" lane="1/3to2/3_0" slope="0.00"/>
        <vehicle id="2" x="103.40" y="198.35" angle="90.00" type="DEFAULT_VEHTYPE" speed="13.47" pos="103.40" lane="0/1to1/1_0" slope="0.00"/>
        <vehicle id="21" x="201.65" y="494.96" angle="180.00" type="DEFAULT_VEHTYPE" speed="13.56" pos="90.21" lane="1/2to1/3_0" slope="0.00"/>
        <vehicle id="23" x="380.09" y="201.65" angle="-90.00" type="DEFAULT_VEHTYPE" speed="13.50" pos="15.16" lane="2/1to1/1_0" slope="0.00"/>
        <vehicle id="25" x="601.65" y="413.75" angle="180.00" type="DEFAULT_VEHTYPE" speed="12.85" pos="9.00" lane="3/2to3/3_0" slope="0.00"/>
        <vehicle id="27" x="272.85" y="598.35" angle="90.00" type="DEFAULT_VEHTYPE" speed="12.79" pos="68.10" lane="1/3to2/3_0" slope="0.00"/>
        <vehicle id="29" x="612.35" y="601.65" angle="-90.00" type="DEFAULT_VEHTYPE" speed="5.73" pos="187.65" lane="4/3to3/3_0" slope="0.00"/>
        <vehicle id="3" x="398.35" y="745.70" angle="0.00" type="DEFAULT_VEHTYPE" speed="13.38" pos="54.30" lane="2/4to2/3_0" slope="0.00"/>
        <vehicle id="32" x="439.19" y="401.65" angle="-90.00" type="DEFAULT_VEHTYPE" speed="13.66" pos="156.06" lane="3/2to2/2_0" slope="0.00"/>
        <vehicle id="37" x="601.65" y="516.58" angle="180.00" type="DEFAULT_VEHTYPE" speed="13.40" pos="111.83" lane="3/2to3/3_0" slope="0.00"/>
        <vehicle id="38" x="225.38" y="401.65" angle="-90.00" type="DEFAULT_VEHTYPE" speed="12.54" pos="169.87" lane="2/2to1/2_0" slope="0.00"/>
        <vehicle id="4" x="601.65" y="346.65" angle="180.00" type="DEFAULT_VEHTYPE" speed="12.92" pos="141.90" lane="3/1to3/2_0" slope="0.00"/>
        <vehicle id="41" x="81.60" y="401.65" angle="-90.00" type="DEFAULT_VEHTYPE" speed="13.14" pos="113.65" lane="1/2to0/2_0" slope="0.00"/>
        <vehicle id="42" x="601.65" y="246.28" angle="180.00" type="DEFAULT_VEHTYPE" speed="13.23" pos="41.53" lane="3/1to3/2_0" slope="0.00"/>
        <vehicle id="43" x="263.26" y="401.65" angle="-90.00" type="DEFAULT_VEHTYPE" speed="12.95" pos="131.99" lane="2/2to1/2_0" slope="0.00"/>
        <vehicle id="44" x="719.19" y="198.35" angle="90.00" type="DEFAULT_VEHTYPE" speed="12.93" pos="114.44" lane="3/1to4/1_0" slope="0.00"/>
        <vehicle id="46" x="401.65" y="706.23" angle="180.00" type="DEFAULT_VEHTYPE" speed="13.58" pos="101.48" lane="2/3to2/4_0" slope="0.00"/>
        <vehicle id="47" x="182.76" y="401.65" angle="-90.00" type="DEFAULT_VEHTYPE" speed="10.97" pos="12.49" lane="1/2to0/2_0" slope="0.00"/>
        <vehicle id="49" x="185.19" y="398.35" angle="90.00" type="DEFAULT_VEHTYPE" speed="0.08" pos="185.19" lane="0/2to1/2_0" slope="0.00"/>
        <vehicle id="6" x="195.17" y="398.35" angle="90.00" type="DEFAULT_VEHTYPE" speed="2.42" pos="195.17" lane="0/2to1/2_0" slope="0.00"/>
    </timestep>
    <timestep time="223.00">
        <vehicle id="1" x="398.35" y="284.03" angle="0.00" type="DEFAULT_VEHTYPE" speed="13.88" pos="111.22" lane="2/2to2/1_0" slope="0.00"/>
        <vehicle id="11" x="398.35" y="795.99" angle="-6.49" type="DEFAULT_VEHTYPE" speed="13.60" pos="4.01" lane="2/4to2/3_0" slope="0.00"/>
        <vehicle id="13" x="79.41" y="201.65" angle="-90.00" type="DEFAULT_VEHTYPE" speed="13.38" pos="115.84" lane="1/1to0/1_0" slope="0.00"/>
        <vehicle id="17" x="401.22" y="601.91" angle="132.09" type="DEFAULT_VEHTYPE" speed="7.94" pos="7.44" lane=":2/3_14_0" slope="0.00"/>
        <vehicle id="2" x="116.72" y="198.35" angle="90.00" type="DEFAULT_VEHTYPE" speed="13.32" pos="116.72" lane="0/1to1/1_0" slope="0.00"/>
        <vehicle id="21" x="201.65" y="507.78" angle="180.00" type="DEFAULT_VEHTYPE" speed="12.82" pos="103.03" lane="1/2to1/3_0" slope="0.00"/>
        <vehicle id="23" x="366.45" y="201.65" angle="-90.00" type="DEFAULT_VEHTYPE" speed="13.64" pos="28.80" lane="2/1to1/1_0" slope="0.00"/>
        <vehicle id="25" x="601.65" y="426.82" angle="180.00" type="DEFAULT_VEHTYPE" speed="13.08" pos="22.07" lane="3/2to3/3_0" slope="0.00"/>
        <vehicle id="27" x="285.48" y="598.35" angle="90.00" type="DEFAULT_VEHTYPE" speed="12.63" pos="80.73" lane="1/3to2/3_0" slope="0.00"/>
        <vehicle id="29" x="609.85" y="601.65" angle="-90.00" type="DEFAULT_VEHTYPE" speed="2.50" pos="190.15" lane="4/3to3/3_0" slope="0.00"/>
        <vehicle id="3" x="398.35" y="732.44" angle="0.00" type="DEFAULT_VEHTYPE" speed="13.26" pos="67.56" lane="2/4to2/3_0" slope="0.00"/>
        <vehicle id="32" x="427.27" y="401.65" angle="-90.00" type="DEFAULT_VEHTYPE" speed="11.92" pos="167.98" lane="3/2to2/2_0" slope="0.00"/>
        <vehicle id="37" x="601.65" y="530.27" angle="180.00" type="DEFAULT_VEHTYPE" speed="13.70" pos="125.52" lane="3/2to3/3_0" slope="0.00"/>
        <vehicle id="38" x="217.34" y="401.65" angle="-90.00" type="DEFAULT_VEHTYPE" speed="8.04" pos="177.91" lane="2/2to1/2_0" slope="0.00"/>
        <vehicle id="4" x="601.65" y="360.22" angle="180.00" type="DEFAULT_VEHTYPE" speed="13.58" pos="155.47" lane="3/1to3/2_0" slope="0.00"/>
        <vehicle id="41" x="68.33" y="401.65" angle="-90.00" type="DEFAULT_VEHTYPE" speed="13.27" pos="126.92" lane="1/2to0/2_0" slope="0.00"/>
        <vehicle id="42" x="601.65" y="259.29" angle="180.00" type="DEFAULT_VEHTYPE" speed="13.00" pos="54.54" lane="3/1to3/2_0" slope="0.00"/>
        <vehicle id="43" x="250.55" y="401.65" angle="-90.00" type="DEFAULT_VEHTYPE" speed="12.71" pos="144.70" lane="2/2to1/2_0" slope="0.00"/>
        <vehicle id="44" x="732.51" y="198.35" angle="90.00" type="DEFAULT_VEHTYPE" speed="13.32" pos="127.76" lane="3/1to4/1_0" slope="0.00"/>
        <vehicle id="46" x="401.65" y="719.74" angle="180.00" type="DEFAULT_VEHTYPE" speed="13.51" pos="114.99" lane="2/3to2/4_0" slope="0.00"/>
        <vehicle id="47" x="170.33" y="401.65" angle="-90.00" type="DEFAULT_VEHTYPE" speed="12.43" pos="24.92" lane="1/2to0/2_0" slope="0.00"/>
        <vehicle id="49" x="187.19" y="398.35" angle="90.00" type="DEFAULT_VEHTYPE" speed="2.00" pos="187.19" lane="0/2to1/2_0" slope="0.00"/>
        <vehicle id="6" x="195.17" y="398.35" angle="90.00" type="DEFAULT_VEHTYPE" speed="0.00" pos="195.17" lane="0/2to1/2_0" slope="0.00"/>
    </timestep>
    <timestep time="224.00">
        <vehicle id="1" x="398.35" y="271.10" angle="0.00" type="DEFAULT_VEHTYPE" speed="12.93" pos="124.15" lane="2/2to2/1_0" slope="0.00"/>
        <vehicle id="11" x="398.35" y="782.81" angle="0.00" type="DEFAULT_VEHTYPE" speed="13.18" pos="17.19" lane="2/4to2/3_0" slope="0.00"/>
        <vehicle id="13" x="66.31" y="201.65" angle="-90.00" type="DEFAULT_VEHTYPE" speed="13.10" pos="128.94" lane="1/1to0/1_0" slope="0.00"/>
        <vehicle id="17" x="401.65" y="611.85" angle="180.00" type="DEFAULT_VEHTYPE" speed="9.98" pos="7.10" lane="2/3to2/4_0" slope="0.00"/>
        <vehicle id="2" x="129.97" y="198.35" angle="90.00" type="DEFAULT_VEHTYPE" speed="13.25" pos="129.97" lane="0/1to1/1_0" slope="0.00"/>
        <vehicle id="21" x="201.65" y="520.98" angle="180.00" type="DEFAULT_VEHTYPE" speed="13.21" pos="116.23" lane="1/2to1/3_0" slope="0.00"/>
        <vehicle id="23" x="353.59" y="201.65" angle="-90.00" type="DEFAULT_VEHTYPE" speed="12.85" pos="41.66" lane="2/1to1/1_0" slope="0.00"/>
        <vehicle id="25" x="601.65" y="439.67" angle="180.00" type="DEFAULT_VEHTYPE" speed="12.84" pos="34.92" lane="3/2to3/3_0" slope="0.00"/>
        <vehicle id="27" x="298.81" y="598.35" angle="90.00" type="DEFAULT_VEHTYPE" speed="13.33" pos="94.06" lane="1/3to2/3_0" slope="0.00"/>
        <vehicle id="29" x="605.77" y="601.65" angle="-90.00" type="DEFAULT_VEHTYPE" speed="4.08" pos="194.23" lane="4/3to3/3_0" slope="0.00"/>
        <vehicle id="3" x="398.35" y="719.45" angle="0.00" type="DEFAULT_VEHTYPE" speed="12.99" pos="80.55" lane="2/4to2/3_0" slope="0.00"/>
        <vehicle id="32" x="418.71" y="401.65" angle="-90.00" type="DEFAULT_VEHTYPE" speed="8.57" pos="176.54" lane="3/2to2/2_0" slope="0.00"/>
        <vehicle id="37" x="601.65" y="543.98" angle="180.00" type="DEFAULT_VEHTYPE" speed="13.70" pos="139.23" lane="3/2to3/3_0" slope="0.00"/>
        <vehicle id="38" x="211.46" y="401.65" angle="-90.00" type="DEFAULT_VEHTYPE" speed="5.87" pos="183.79" lane="2/2to1/2_0" slope="0.00"/>
        <vehicle id="4" x="601.65" y="373.22" angle="180.00" type="DEFAULT_VEHTYPE" speed="13.00" pos="168.47" lane="3/1to3/2_0" slope="0.00"/>
        <vehicle id="41" x="54.58" y="401.65" angle="-90.00" type="DEFAULT_VEHTYPE" speed="13.76" pos="140.67" lane="1/2to0/2_0" slope="0.00"/>
        <vehicle id="42" x="601.65" y="272.73" angle="180.00" type="DEFAULT_VEHTYPE" speed="13.44" pos="67.98" lane="3/1to3/2_0" slope="0.00"/>
        <vehicle id="43" x="236.72" y="401.65" angle="-90.00" type="DEFAULT_VEHTYPE" speed="13.83" pos="158.53" lane="2/2to1/2_0" slope="0.00"/>
        <vehicle id="44" x="745.88" y="198.35" angle="90.00" type="DEFAULT_VEHTYPE" speed="13.37" pos="141.13" lane="3/1to4/1_0" slope="0.00"/>
        <vehicle id="46" x="401.65" y="733.19" angle="180.00" type="DEFAULT_VEHTYPE" speed="13.46" pos="128.44" lane="2/3to2/4_0" slope="0.00"/>
        <vehicle id="47" x="157.62" y="401.65" angle="-90.00" type="DEFAULT_VEHTYPE" speed="12.71" pos="37.63" lane="1/2to0/2_0" slope="0.00"/>
        <vehicle id="49" x="187.44" y="398.35" angle="90.00" type="DEFAULT_VEHTYPE" speed="0.24" pos="187.44" lane="0/2to1/2_0" slope="0.00"/>
        <vehicle id="6" x="195.17" y="398.35" angle="90.00" type="DEFAULT_VEHTYPE" speed="0.00" pos="195.17" lane="0/2to1/2_0" slope="0.00"/>
    </timestep>
    <timestep time="225.00">
        <vehicle id="1" x="398.35" y="257.59" angle="0.00" type="DEFAULT_VEHTYPE" speed="13.51" pos="137.66" lane="2/2to2/1_0" slope="0.00"/>
        <vehicle id="11" x="398.35" y="769.35" angle="0.00" type="DEFAULT_VEHTYPE" speed="13.45" pos="30.65" lane="2/4to2/3_0" slope="0.00"/>
        <vehicle id="13" x="53.67" y="201.65" angle="-90.00" type="DEFAULT_VEHTYPE" speed="12.64" pos="141.58" lane="1/1to0/1_0" slope="0.00"/>
        <vehicle id="17" x="401.65" y="624.21" angle="180.00" type="DEFAULT_VEHTYPE" speed="12.36" pos="19.46" lane="2/3to2/4_0" slope="0.00"/>
        <vehicle id="2" x="143.26" y="198.35" angle="90.00" type="DEFAULT_VEHTYPE" speed="13.29" pos="143.26" lane="0/1to1/1_0" slope="0.00"/>
        <vehicle id="21" x="201.65" y="534.04" angle="180.00" type="DEFAULT_VEHTYPE" speed="13.06" pos="129.29" lane="1/2to1/3_0" slope="0.00"/>
        <vehicle id="23" x="340.24" y="201.65" angle="-90.00" type="DEFAULT_VEHTYPE" speed="13.36" pos="55.01" lane="2/1to1/1_0" slope="0.00"/>
        <vehicle id="25" x="601.65" y="453.37" angle="180.00" type="DEFAULT_VEHTYPE" speed="13.71" pos="48.62" lane="3/2to3/3_0" slope="0.00"/>
        <vehicle id="27" x="311.77" y="598.35" angle="90.00" type="DEFAULT_VEHTYPE" speed="12.96" pos="107.02" lane="1/3to2/3_0" slope="0.00"/>
        <vehicle id="29" x="600.36" y="600.30" angle="-73.98" type="DEFAULT_VEHTYPE" speed="5.70" pos="4.68" lane=":3/3_6_0" slope="0.00"/>
        <vehicle id="3" x="398.35" y="706.10" angle="0.00" type="DEFAULT_VEHTYPE" speed="13.35" pos="93.90" lane="2/4to2/3_0" slope="0.00"/>
        <vehicle id="32" x="413.31" y="401.65" angle="-90.00" type="DEFAULT_VEHTYPE" speed="5.40" pos="181.94" lane="3/2to2/2_0" slope="0.00"/>
        <vehicle id="37" x="601.65" y="557.16" angle="180.00" type="DEFAULT_VEHTYPE" speed="13.19" pos="152.41" lane="3/2to3/3_0" slope="0.00"/>
        <vehicle id="38" x="203.74" y="401.65" angle="-90.00" type="DEFAULT_VEHTYPE" speed="7.73" pos="1.01" lane=":1/2_5_0" slope="0.00"/>
        <vehicle id="4" x="601.65" y="386.57" angle="180.00" type="DEFAULT_VEHTYPE" speed="13.35" pos="181.82" lane="3/1to3/2_0" slope="0.00"/>
        <vehicle id="41" x="41.53" y="401.65" angle="-90.00" type="DEFAULT_VEHTYPE" speed="13.05" pos="153.72" lane="1/2to0/2_0" slope="0.00"/>
        <vehicle id="42" x="601.65" y="286.29" angle="180.00" type="DEFAULT_VEHTYPE" speed="13.56" pos="81.54" lane="3/1to3/2_0" slope="0.00"/>
        <vehicle id="43" x="226.61" y="401.65" angle="-90.00" type="DEFAULT_VEHTYPE" speed="10.11" pos="168.64" lane="2/2to1/2_0" slope="0.00"/>
        <vehicle id="44" x="758.72" y="198.35" angle="90.00" type="DEFAULT_VEHTYPE" speed="12.85" pos="153.97" lane="3/1to4/1_0" slope="0.00"/>
        <vehicle id="46" x="401.65" y="747.04" angle="180.00" type="DEFAULT_VEHTYPE" speed="13.85" pos="142.29" lane="2/3to2/4_0" slope="0.00"/>
        <vehicle id="47" x="144.23" y="401.65" angle="-90.00" type="DEFAULT_VEHTYPE" speed="13.39" pos="51.02" lane="1/2to0/2_0" slope="0.00"/>
        <vehicle id="49" x="187.61" y="398.35" angle="90.00" type="DEFAULT_VEHTYPE" speed="0.17" pos="187.61" lane="0/2to1/2_0" slope="0.00"/>
        <vehicle id="6" x="195.17" y="398.35" angle="90.00" type="DEFAULT_VEHTYPE" speed="0.00" pos="195.17" lane="0/2to1/2_0" slope="0.00"/>
    </timestep>
    <timestep time="226.00">
        <vehicle id="1" x="398.35" y="244.55" angle="0.00" type="DEFAULT_VEHTYPE" speed="13.04" pos="150.70" lane="2/2to2/1_0" slope="0.00"/>
        <vehicle id="11" x="398.35" y="756.31" angle="0.00" type="DEFAULT_VEHTYPE" speed="13.04" pos="43.69" lane="2/4to2/3_0" slope="0.00"/>
        <vehicle id="13" x="39.79" y="201.65" angle="-90.00" type="DEFAULT_VEHTYPE" speed="13.87" pos="155.46" lane="1/1to0/1_0" slope="0.00"/>
        <vehicle id="17" x="401.65" y="638.00" angle="180.00" type="DEFAULT_VEHTYPE" speed="13.79" pos="33.25" lane="2/3to2/4_0" slope="0.00"/>
        <vehicle id="2" x="156.09" y="198.35" angle="90.00" type="DEFAULT_VEHTYPE" speed="12.83" pos="156.09" lane="0/1to1/1_0" slope="0.00"/>
        <vehicle id="21" x="201.65" y="547.03" angle="180.00" type="DEFAULT_VEHTYPE" speed="12.99" pos="142.28" lane="1/2to1/3_0" slope="0.00"/>
        <vehicle id="23" x="326.72" y="201.65" angle="-90.00" type="DEFAULT_VEHTYPE" speed="13.51" pos="68.53" lane="2/1to1/1_0" slope="0.00"/>
        <vehicle id="25" x="601.65" y="467.11" angle="180.00" type="DEFAULT_VEHTYPE" speed="13.74" pos="62.36" lane="3/2to3/3_0" slope="0.00"/>
        <vehicle id="27" x="324.64" y="598.35" angle="90.00" type="DEFAULT_VEHTYPE" speed="12.88" pos="119.89" lane="1/3to2/3_0" slope="0.00"/>
        <vehicle id="29" x="598.35" y="593.79" angle="-8.93" type="DEFAULT_VEHTYPE" speed="7.10" pos="1.46" lane="3/3to3/2_0" slope="0.00"/>
        <vehicle id="3" x="398.35" y="692.56" angle="0.00" type="DEFAULT_VEHTYPE" speed="13.54" pos="107.44" lane="2/4to2/3_0" slope="0.00"/>
        <vehicle id="32" x="409.43" y="401.65" angle="-90.00" type="DEFAULT_VEHTYPE" speed="3.88" pos="185.82" lane="3/2to2/2_0" slope="0.00"/>
        <vehicle id="37" x="601.65" y="569.98" angle="180.00" type="DEFAULT_VEHTYPE" speed="12.81" pos="165.23" lane="3/2to3/3_0" slope="0.00"/>
        <vehicle id="38" x="193.94" y="401.65" angle="-90.00" type="DEFAULT_VEHTYPE" speed="9.79" pos="1.31" lane="1/2to0/2_0" slope="0.00"/>
        <vehicle id="4" x="601.65" y="400.30" angle="180.00" type="DEFAULT_VEHTYPE" speed="13.72" pos="5.05" lane=":3/2_9_0" slope="0.00"/>
        <vehicle id="41" x="28.41" y="401.65" angle="-90.00" type="DEFAULT_VEHTYPE" speed="13.12" pos="166.84" lane="1/2to0/2_0" slope="0.00"/>
        <vehicle id="42" x="601.65" y="299.32" angle="180.00" type="DEFAULT_VEHTYPE" speed="13.03" pos="94.57" lane="3/1to3/2_0" slope="0.00"/>
        <vehicle id="43" x="217.67" y="401.65" angle="-90.00" type="DEFAULT_VEHTYPE" speed="8.94" pos="177.58" lane="2/2to1/2_0" slope="0.00"/>
        <vehicle id="44" x="772.51" y="198.35" angle="90.00" type="DEFAULT_VEHTYPE" speed="13.79" pos="167.76" lane="3/1to4/1_0" slope="0.00"/>
        <vehicle id="46" x="401.65" y="760.93" angle="180.00" type="DEFAULT_VEHTYPE" speed="13.88" pos="156.18" lane="2/3to2/4_0" slope="0.00"/>
        <vehicle id="47" x="131.19" y="401.65" angle="-90.00" type="DEFAULT_VEHTYPE" speed="13.04" pos="64.06" lane="1/2to0/2_0" slope="0.00"/>
        <vehicle id="49" x="187.64" y="398.35" angle="90.00" type="DEFAULT_VEHTYPE" speed="0.04" pos="187.64" lane="0/2to1/2_0" slope="0.00"/>
        <vehicle id="6" x="195.17" y="398.35" angle="90.00" type="DEFAULT_VEHTYPE" speed="0.00" pos="195.17" lane="0/2to1/2_0" slope="0.00"/>
    </timestep>
    <timestep time="227.00">
        <vehicle id="1" x="398.35" y="231.67" angle="0.00" type="DEFAULT_VEHTYPE" speed="12.88" pos="163.58" lane="2/2to2/1_0" slope="0.00"/>
        <vehicle id="11" x="398.35" y="743.69" angle="0.00" type="DEFAULT_VEHTYPE" speed="12.62" pos="56.31" lane="2/4to2/3_0" slope="0.00"/>
        <vehicle id="13" x="26.17" y="201.65" angle="-90.00" type="DEFAULT_VEHTYPE" speed="13.63" pos="169.08" lane="1/1to0/1_0" slope="0.00"/>
        <vehicle id="17" x="401.65" y="651.14" angle="180.00" type="DEFAULT_VEHTYPE" speed="13.13" pos="46.39" lane="2/3to2/4_0" slope="0.00"/>
        <vehicle id="2" x="169.00" y="198.35" angle="90.00" type="DEFAULT_VEHTYPE" speed="12.91" pos="169.00" lane="0/1to1/1_0" slope="0.00"/>
        <vehicle id="21" x="201.65" y="560.05" angle="180.00" type="DEFAULT_VEHTYPE" speed="13.02" pos="155.30" lane="1/2to1/3_0" slope="0.00"/>
        <vehicle id="23" x="313.06" y="201.65" angle="-90.00" type="DEFAULT_VEHTYPE" speed="13.66" pos="82.19" lane="2/1to1/1_0" slope="0.00"/>
        <vehicle id="25" x="601.65" y="480.03" angle="180.00" type="DEFAULT_VEHTYPE" speed="12.91" pos="75.28" lane="3/2to3/3_0" slope="0.00"/>
        <vehicle id="27" x="337.51" y="598.35" angle="90.00" type="DEFAULT_VEHTYPE" speed="12.86" pos="132.76" lane="1/3to2/3_0" slope="0.00"/>
        <vehicle id="29" x="598.35" y="585.14" angle="0.00" type="DEFAULT_VEHTYPE" speed="8.65" pos="10.11" lane="3/3to3/2_0" slope="0.00"/>
        <vehicle id="3" x="398.35" y="678.76" angle="0.00" type="DEFAULT_VEHTYPE" speed="13.80" pos="121.24" lane="2/4to2/3_0" slope="0.00"/>
        <vehicle id="32" x="403.92" y="401.65" angle="-90.00" type="DEFAULT_VEHTYPE" speed="5.50" pos="0.83" lane=":2/2_5_0" slope="0.00"/>
        <vehicle id="37" x="601.65" y="583.37" angle="180.00" type="DEFAULT_VEHTYPE" speed="13.40" pos="178.62" lane="3/2to3/3_0" slope="0.00"/>
        <vehicle id="38" x="181.62" y="401.65" angle="-90.00" type="DEFAULT_VEHTYPE" speed="12.32" pos="13.63" lane="1/2to0/2_0" slope="0.00"/>
        <vehicle id="4" x="601.65" y="413.19" angle="180.00" type="DEFAULT_VEHTYPE" speed="12.90" pos="8.44" lane="3/2to3/3_0" slope="0.00"/>
        <vehicle id="41" x="14.68" y="401.65" angle="-90.00" type="DEFAULT_VEHTYPE" speed="13.73" pos="180.57" lane="1/2to0/2_0" slope="0.00"/>
        <vehicle id="42" x="601.65" y="312.89" angle="180.00" type="DEFAULT_VEHTYPE" speed="13.57" pos="108.14" lane="3/1to3/2_0" slope="0.00"/>
        <vehicle id="43" x="211.74" y="401.65" angle="-90.00" type="DEFAULT_VEHTYPE" speed="5.92" pos="183.51" lane="2/2to1/2_0" slope="0.00"/>
        <vehicle id="44" x="786.12" y="198.35" angle="90.00" type="DEFAULT_VEHTYPE" speed="13.61" pos="181.37" lane="3/1to4/1_0" slope="0.00"/>
        <vehicle id="46" x="401.65" y="773.68" angle="180.00" type="DEFAULT_VEHTYPE" speed="12.76" pos="168.93" lane="2/3to2/4_0" slope="0.00"/>
        <vehicle id="47" x="117.79" y="401.65" angle="-90.00" type="DEFAULT_VEHTYPE" speed="13.40" pos="77.46" lane="1/2to0/2_0" slope="0.00"/>
        <vehicle id="49" x="187.66" y="398.35" angle="90.00" type="DEFAULT_VEHTYPE" speed="0.02" pos="187.66" lane="0/2to1/2_0" slope="0.00"/>
        <vehicle id="6" x="195.17" y="398.35" angle="90.00" type="DEFAULT_VEHTYPE" speed="0.00" pos="195.17" lane="0/2to1/2_0" slope="0.00"/>
    </timestep>
    <timestep time="228.00">
        <vehicle id="1" x="398.35" y="218.13" angle="0.00" type="DEFAULT_VEHTYPE" speed="13.54" pos="177.12" lane="2/2to2/1_0" slope="0.00"/>
        <vehicle id="11" x="398.35" y="730.63" angle="0.00" type="DEFAULT_VEHTYPE" speed="13.06" pos="69.37" lane="2/4to2/3_0" slope="0.00"/>
        <vehicle id="13" x="13.31" y="201.65" angle="-90.00" type="DEFAULT_VEHTYPE" speed="12.86" pos="181.94" lane="1/1to0/1_0" slope="0.00"/>
        <vehicle id="17" x="401.65" y="664.13" angle="180.00" type="DEFAULT_VEHTYPE" speed="12.99" pos="59.38" lane="2/3to2/4_0" slope="0.00"/>
        <vehicle id="2" x="179.41" y="198.35" angle="90.00" type="DEFAULT_VEHTYPE" speed="10.40" pos="179.41" lane="0/1to1/1_0" slope="0.00"/>
        <vehicle id="21" x="201.65" y="572.67" angle="180.00" type="DEFAULT_VEHTYPE" speed="12.62" pos="167.92" lane="1/2to1/3_0" slope="0.00"/>
        <vehicle id="23" x="299.32" y="201.65" angle="-90.00" type="DEFAULT_VEHTYPE" speed="13.74" pos="95.93" lane="2/1to1/1_0" slope="0.00"/>
        <vehicle id="25" x="601.65" y="493.90" angle="180.00" type="DEFAULT_VEHTYPE" speed="13.87" pos="89.15" lane="3/2to3/3_0" slope="0.00"/>
        <vehicle id="27" x="350.76" y="598.35" angle="90.00" type="DEFAULT_VEHTYPE" speed="13.25" pos="146.01" lane="1/3to2/3_0" slope="0.00"/>
        <vehicle id="29" x="598.35" y="575.11" angle="0.00" type="DEFAULT_VEHTYPE" speed="10.03" pos="20.14" lane="3/3to3/2_0" slope="0.00"/>
        <vehicle id="3" x="398.35" y="665.00" angle="0.00" type="DEFAULT_VEHTYPE" speed="13.75" pos="135.00" lane="2/4to2/3_0" slope="0.00"/>
        <vehicle id="32" x="396.63" y="401.65" angle="-90.00" type="DEFAULT_VEHTYPE" speed="7.30" pos="8.12" lane=":2/2_5_0" slope="0.00"/>
        <vehicle id="37" x="601.82" y="596.45" angle="178.08" type="DEFAULT_VEHTYPE" speed="13.09" pos="1.21" lane=":3/3_8_0" slope="0.00"/>
        <vehicle id="38" x="168.15" y="401.65" angle="-90.00" type="DEFAULT_VEHTYPE" speed="13.47" pos="27.10" lane="1/2to0/2_0" slope="0.00"/>
        <vehicle id="4" x="601.65" y="426.99" angle="180.00" type="DEFAULT_VEHTYPE" speed="13.80" pos="22.24" lane="3/2to3/3_0" slope="0.00"/>
        <vehicle id="41" x="1.07" y="401.65" angle="-90.00" type="DEFAULT_VEHTYPE" speed="13.61" pos="194.18" lane="1/2to0/2_0" slope="0.00"/>
        <vehicle id="42" x="601.65" y="326.33" angle="180.00" type="DEFAULT_VEHTYPE" speed="13.44" pos="121.58" lane="3/1to3/2_0" slope="0.00"/>
        <vehicle id="43" x="204.40" y="401.65" angle="-90.00" type="DEFAULT_VEHTYPE" speed="7.34" pos="0.35" lane=":1/2_5_0" slope="0.00"/>
        <vehicle id="44" x="798.82" y="198.35" angle="90.00" type="DEFAULT_VEHTYPE" speed="12.70" pos="194.07" lane="3/1to4/1_0" slope="0.00"/>
        <vehicle id="46" x="401.65" y="786.36" angle="180.00" type="DEFAULT_VEHTYPE" speed="12.67" pos="181.61" lane="2/3to2/4_0" slope="0.00"/>
        <vehicle id="47" x="103.95" y="401.65" angle="-90.00" type="DEFAULT_VEHTYPE" speed="13.84" pos="91.30" lane="1/2to0/2_0" slope="0.00"/>
        <vehicle id="49" x="187.66" y="398.35" angle="90.00" type="DEFAULT_VEHTYPE" speed="0.00" pos="187.66" lane="0/2to1/2_0" slope="0.00"/>
        <vehicle id="6" x="195.17" y="398.35" angle="90.00" type="DEFAULT_VEHTYPE" speed="0.00" pos="195.17" lane="0/2to1/2_0" slope="0.00"/>
    </timestep>
    <timestep time="229.00">
        <vehicle id="1" x="398.35" y="205.47" angle="0.00" type="DEFAULT_VEHTYPE" speed="12.66" pos="189.78" lane="2/2to2/1_0" slope="0.00"/>
        <vehicle id="11" x="398.35" y="717.88" angle="0.00" type="DEFAULT_VEHTYPE" speed="12.75" pos="82.12" lane="2/4to2/3_0" slope="0.00"/>
        <vehicle id="13" x="0.06" y="201.65" angle="-90.00" type="DEFAULT_VEHTYPE" speed="13.25" pos="195.19" lane="1/1to0/1_0" slope="0.00"/>
        <vehicle id="17" x="401.65" y="677.03" angle="180.00" type="DEFAULT_VEHTYPE" speed="12.90" pos="72.28" lane="2/3to2/4_0" slope="0.00"/>
        <vehicle id="2" x="185.88" y="198.35" angle="90.00" type="DEFAULT_VEHTYPE" speed="6.48" pos="185.88" lane="0/1to1/1_0" slope="0.00"/>
        <vehicle id="21" x="201.65" y="585.59" angle="180.00" type="DEFAULT_VEHTYPE" speed="12.92" pos="180.84" lane="1/2to1/3_0" slope="0.00"/>
        <vehicle id="23" x="286.30" y="201.65" angle="-90.00" type="DEFAULT_VEHTYPE" speed="13.02" pos="108.95" lane="2/1to1/1_0" slope="0.00"/>
        <vehicle id="25" x="601.65" y="506.65" angle="180.00" type="DEFAULT_VEHTYPE" speed="12.76" pos="101.90" lane="3/2to3/3_0" slope="0.00"/>
        <vehicle id="27" x="363.79" y="598.35" angle="90.00" type="DEFAULT_VEHTYPE" speed="13.03" pos="159.04" lane="1/3to2/3_0" slope="0.00"/>
        <vehicle id="29" x="598.35" y="563.11" angle="0.00" type="DEFAULT_VEHTYPE" speed="12.00" pos="32.14" lane="3/3to3/2_0" slope="0.00"/>
        <vehicle id="3" x="398.35" y="651.58" angle="0.00" type="DEFAULT_VEHTYPE" speed="13.42" pos="148.42" lane="2/4to2/3_0" slope="0.00"/>
        <vehicle id="32" x="387.95" y="401.65" angle="-90.00" type="DEFAULT_VEHTYPE" speed="8.67" pos="7.30" lane="2/2to1/2_0" slope="0.00"/>
        <vehicle id="37" x="614.33" y="598.35" angle="90.00" type="DEFAULT_VEHTYPE" speed="13.37" pos="9.58" lane="3/3to4/3_0" slope="0.00"/>
        <vehicle id="38" x="155.50" y="401.65" angle="-90.00" type="DEFAULT_VEHTYPE" speed="12.65" pos="39.75" lane="1/2to0/2_0" slope="0.00"/>
        <vehicle id="4" x="601.65" y="440.69" angle="180.00" type="DEFAULT_VEHTYPE" speed="13.70" pos="35.94" lane="3/2to3/3_0" slope="0.00"/>
        <vehicle id="41" x="7.28" y="398.35" angle="90.00" type="DEFAULT_VEHTYPE" speed="13.16" pos="7.28" lane="0/2to1/2_0" slope="0.00"/>
        <vehicle id="42" x="601.65" y="339.11" angle="180.00" type="DEFAULT_VEHTYPE" speed="12.78" pos="134.36" lane="3/1to3/2_0" slope="0.00"/>
        <vehicle id="43" x="195.61" y="401.65" angle="-90.00" type="DEFAULT_VEHTYPE" speed="8.79" pos="9.14" lane=":1/2_5_0" slope="0.00"/>
        <vehicle id="44" x="792.98" y="201.65" angle="-90.00" type="DEFAULT_VEHTYPE" speed="13.02" pos="7.02" lane="4/1to3/1_0" slope="0.00"/>
        <vehicle id="46" x="401.65" y="798.96" angle="180.00" type="DEFAULT_VEHTYPE" speed="12.61" pos="194.21" lane="2/3to2/4_0" slope="0.00"/>
        <vehicle id="47" x="90.26" y="401.65" angle="-90.00" type="DEFAULT_VEHTYPE" speed="13.69" pos="104.99" lane="1/2to0/2_0" slope="0.00"/>
        <vehicle id="49" x="187.66" y="398.35" angle="90.00" type="DEFAULT_VEHTYPE" speed="0.00" pos="187.66" lane="0/2to1/2_0" slope="0.00"/>
        <vehicle id="6" x="195.17" y="398.35" angle="90.00" type="DEFAULT_VEHTYPE" speed="0.00" pos="195.17" lane="0/2to1/2_0" slope="0.00"/>
    </timestep>
    <timestep time="230.00">
        <vehicle id="1" x="387.63" y="201.65" angle="-90.00" type="DEFAULT_VEHTYPE" speed="13.34" pos="7.62" lane="2/1to1/1_0" slope="0.00"/>
        <vehicle id="11" x="398.35" y="704.27" angle="0.00" type="DEFAULT_VEHTYPE" speed="13.61" pos="95.73" lane="2/4to2/3_0" slope="0.00"/>
        <vehicle id="13" x="8.44" y="198.35" angle="90.00" type="DEFAULT_VEHTYPE" speed="13.32" pos="8.44" lane="0/1to1/1_0" slope="0.00"/>
        <vehicle id="17" x="401.65" y="689.75" angle="180.00" type="DEFAULT_VEHTYPE" speed="12.73" pos="85.00" lane="2/3to2/4_0" slope="0.00"/>
        <vehicle id="2" x="189.89" y="198.35" angle="90.00" type="DEFAULT_VEHTYPE" speed="4.01" pos="189.89" lane="0/1to1/1_0" slope="0.00"/>
        <vehicle id="21" x="202.97" y="597.90" angle="163.77" type="DEFAULT_VEHTYPE" speed="12.79" pos="3.13" lane=":1/3_8_0" slope="0.00"/>
        <vehicle id="23" x="273.68" y="201.65" angle="-90.00" type="DEFAULT_VEHTYPE" speed="12.61" pos="121.57" lane="2/1to1/1_0" slope="0.00"/>
        <vehicle id="25" x="601.65" y="519.91" angle="180.00" type="DEFAULT_VEHTYPE" speed="13.26" pos="115.16" lane="3/2to3/3_0" slope="0.00"/>
        <vehicle id="27" x="375.16" y="598.35" angle="90.00" type="DEFAULT_VEHTYPE" speed="11.37" pos="170.41" lane="1/3to2/3_0" slope="0.00"/>
        <vehicle id="29" x="598.35" y="549.58" angle="0.00" type="DEFAULT_VEHTYPE" speed="13.53" pos="45.67" lane="3/3to3/2_0" slope="0.00"/>
        <vehicle id="3" x="398.35" y="637.87" angle="0.00" type="DEFAULT_VEHTYPE" speed="13.72" pos="162.13" lane="2/4to2/3_0" slope="0.00"/>
        <vehicle id="32" x="377.42" y="401.65" angle="-90.00" type="DEFAULT_VEHTYPE" speed="10.53" pos="17.83" lane="2/2to1/2_0" slope="0.00"/>
        <vehicle id="37" x="627.38" y="598.35" angle="90.00" type="DEFAULT_VEHTYPE" speed="13.06" pos="22.63" lane="3/3to4/3_0" slope="0.00"/>
        <vehicle id="38" x="141.77" y="401.65" angle="-90.00" type="DEFAULT_VEHTYPE" speed="13.73" pos="53.48" lane="1/2to0/2_0" slope="0.00"/>
        <vehicle id="4" x="601.65" y="454.37" angle="180.00" type="DEFAULT_VEHTYPE" speed="13.68" pos="49.62" lane="3/2to3/3_0" slope="0.00"/>
        <vehicle id="41" x="20.48" y="398.35" angle="90.00" type="DEFAULT_VEHTYPE" speed="13.21" pos="20.48" lane="0/2to1/2_0" slope="0.00"/>
        <vehicle id="42" x="601.65" y="352.52" angle="180.00" type="DEFAULT_VEHTYPE" speed="13.42" pos="147.77" lane="3/1to3/2_0" slope="0.00"/>
        <vehicle id="43" x="185.15" y="401.65" angle="-90.00" type="DEFAULT_VEHTYPE" speed="10.46" pos="10.10" lane="1/2to0/2_0" slope="0.00"/>
        <vehicle id="44" x="779.65" y="201.65" angle="-90.00" type="DEFAULT_VEHTYPE" speed="13.33" pos="20.35" lane="4/1to3/1_0" slope="0.00"/>
        <vehicle id="46" x="398.35" y="792.63" angle="0.00" type="DEFAULT_VEHTYPE" speed="13.23" pos="7.37" lane="2/4to2/3_0" slope="0.00"/>
        <vehicle id="47" x="77.40" y="401.65" angle="-90.00" type="DEFAULT_VEHTYPE" speed="12.86" pos="117.85" lane="1/2to0/2_0" slope="0.00"/>
        <vehicle id="49" x="187.66" y="398.35" angle="90.00" type="DEFAULT_VEHTYPE" speed="0.00" pos="187.66" lane="0/2to1/2_0" slope="0.00"/>
        <vehicle id="6" x="197.74" y="398.71" angle="94.08" type="DEFAULT_VEHTYPE" speed="2.59" pos="2.51" lane=":1/2_14_0" slope="0.00"/>
    </timestep>
    <timestep time="231.00">
        <vehicle id="1" x="373.77" y="201.65" angle="-90.00" type="DEFAULT_VEHTYPE" speed="13.86" pos="21.48" lane="2/1to1/1_0" slope="0.00"/>
        <vehicle id="11" x="398.35" y="691.31" angle="0.00" type="DEFAULT_VEHTYPE" speed="12.96" pos="108.69" lane="2/4to2/3_0" slope="0.00"/>
        <vehicle id="13" x="22.31" y="198.35" angle="90.00" type="DEFAULT_VEHTYPE" speed="13.87" pos="22.31" lane="0/1to1/1_0" slope="0.00"/>
        <vehicle id="17" x="401.65" y="703.16" angle="180.00" type="DEFAULT_VEHTYPE" speed="13.40" pos="98.41" lane="2/3to2/4_0" slope="0.00"/>
        <vehicle id="2" x="195.93" y="198.25" angle="88.91" type="DEFAULT_VEHTYPE" speed="6.05" pos="0.69" lane=":1/1_12_0" slope="0.00"/>
        <vehicle id="21" x="216.75" y="598.35" angle="90.00" type="DEFAULT_VEHTYPE" speed="13.86" pos="12.00" lane="1/3to2/3_0" slope="0.00"/>
        <vehicle id="23" x="260.00" y="201.65" angle="-90.00" type="DEFAULT_VEHTYPE" speed="13.69" pos="135.25" lane="2/1to1/1_0" slope="0.00"/>
        <vehicle id="25" x="601.65" y="532.54" angle="180.00" type="DEFAULT_VEHTYPE" speed="12.63" pos="127.79" lane="3/2to3/3_0" slope="0.00"/>
        <vehicle id="27" x="383.38" y="598.35" angle="90.00" type="DEFAULT_VEHTYPE" speed="8.22" pos="178.63" lane="1/3to2/3_0" slope="0.00"/>
        <vehicle id="29" x="598.35" y="536.43" angle="0.00" type="DEFAULT_VEHTYPE" speed="13.15" pos="58.82" lane="3/3to3/2_0" slope="0.00"/>
        <vehicle id="3" x="398.35" y="624.96" angle="0.00" type="DEFAULT_VEHTYPE" speed="12.90" pos="175.04" lane="2/4to2/3_0" slope="0.00"/>
        <vehicle id="32" x="364.76" y="401.65" angle="-90.00" type="DEFAULT_VEHTYPE" speed="12.66" pos="30.49" lane="2/2to1/2_0" slope="0.00"/>
        <vehicle id="37" x="641.08" y="598.35" angle="90.00" type="DEFAULT_VEHTYPE" speed="13.70" pos="36.33" lane="3/3to4/3_0" slope="0.00"/>
        <vehicle id="38" x="127.90" y="401.65" angle="-90.00" type="DEFAULT_VEHTYPE" speed="13.86" pos="67.35" lane="1/2to0/2_0" slope="0.00"/>
        <vehicle id="4" x="601.65" y="467.44" angle="180.00" type="DEFAULT_VEHTYPE" speed="13.07" pos="62.69" lane="3/2to3/3_0" slope="0.00"/>
        <vehicle id="41" x="33.60" y="398.35" angle="90.00" type="DEFAULT_VEHTYPE" speed="13.11" pos="33.60" lane="0/2to1/2_0" slope="0.00"/>
        <vehicle id="42" x="601.65" y="366.00" angle="180.00" type="DEFAULT_VEHTYPE" speed="13.48" pos="161.25" lane="3/1to3/2_0" slope="0.00"/>
        <vehicle id="43" x="173.08" y="401.65" angle="-90.00" type="DEFAULT_VEHTYPE" speed="12.06" pos="22.17" lane="1/2to0/2_0" slope="0.00"/>
        <vehicle id="44" x="766.66" y="201.65" angle="-90.00" type="DEFAULT_VEHTYPE" speed="12.99" pos="33.34" lane="4/1to3/1_0" slope="0.00"/>
        <vehicle id="46" x="398.35" y="779.04" angle="0.00" type="DEFAULT_VEHTYPE" speed="13.59" pos="20.96" lane="2/4to2/3_0" slope="0.00"/>
        <vehicle id="47" x="63.51" y="401.65" angle="-90.00" type="DEFAULT_VEHTYPE" speed="13.89" pos="131.74" lane="1/2to0/2_0" slope="0.00"/>
        <vehicle id="49" x="189.03" y="398.35" angle="90.00" type="DEFAULT_VEHTYPE" speed="1.37" pos="189.03" lane="0/2to1/2_0" slope="0.00"/>
        <vehicle id="6" x="200.87" y="401.32" angle="125.01" type="DEFAULT_VEHTYPE" speed="4.25" pos="6.76" lane=":1/2_14_0" slope="0.00"/>
    </timestep>
    <timestep time="232.00">
        <vehicle id="1" x="360.19" y="201.65" angle="-90.00" type="DEFAULT_VEHTYPE" speed="13.57" pos="35.06" lane="2/1to1/1_0" slope="0.00"/>
        <vehicle id="11" x="398.35" y="677.98" angle="0.00" type="DEFAULT_VEHTYPE" speed="13.33" pos="122.02" lane="2/4to2/3_0" slope="0.00"/>
        <vehicle id="13" x="36.16" y="198.35" angle="90.00" type="DEFAULT_VEHTYPE" speed="13.85" pos="36.16" lane="0/1to1/1_0" slope="0.00"/>
        <vehicle id="17" x="401.65" y="716.22" angle="180.00" type="DEFAULT_VEHTYPE" speed="13.06" pos="111.47" lane="2/3to2/4_0" slope="0.00"/>
        <vehicle id="2" x="198.35" y="191.05" angle="1.27" type="DEFAULT_VEHTYPE" speed="8.52" pos="4.20" lane="1/1to1/0_0" slope="0.00"/>
        <vehicle id="21" x="230.42" y="598.35" angle="90.00" type="DEFAULT_VEHTYPE" speed="13.67" pos="25.67" lane="1/3to2/3_0" slope="0.00"/>
        <vehicle id="23" x="246.15" y="201.65" angle="-90.00" type="DEFAULT_VEHTYPE" speed="13.85" pos="149.10" lane="2/1to1/1_0" slope="0.00"/>
        <vehicle id="25" x="601.65" y="545.35" angle="180.00" type="DEFAULT_VEHTYPE" speed="12.81" pos="140.60" lane="3/2to3/3_0" slope="0.00"/>
        <vehicle id="27" x="388.05" y="598.35" angle="90.00" type="DEFAULT_VEHTYPE" speed="4.68" pos="183.30" lane="1/3to2/3_0" slope="0.00"/>
        <vehicle id="29" x="598.35" y="523.81" angle="0.00" type="DEFAULT_VEHTYPE" speed="12.62" pos="71.44" lane="3/3to3/2_0" slope="0.00"/>
        <vehicle id="3" x="398.35" y="611.62" angle="0.00" type="DEFAULT_VEHTYPE" speed="13.34" pos="188.38" lane="2/4to2/3_0" slope="0.00"/>
        <vehicle id="32" x="352.05" y="401.65" angle="-90.00" type="DEFAULT_VEHTYPE" speed="12.71" pos="43.20" lane="2/2to1/2_0" slope="0.00"/>
        <vehicle id="37" x="654.98" y="598.35" angle="90.00" type="DEFAULT_VEHTYPE" speed="13.90" pos="50.23" lane="3/3to4/3_0" slope="0.00"/>
        <vehicle id="38" x="114.25" y="401.65" angle="-90.00" type="DEFAULT_VEHTYPE" speed="13.65" pos="81.00" lane="1/2to0/2_0" slope="0.00"/>
        <vehicle id="4" x="601.65" y="480.07" angle="180.00" type="DEFAULT_VEHTYPE" speed="12.63" pos="75.32" lane="3/2to3/3_0" slope="0.00"/>
        <vehicle id="41" x="47.42" y="398.35" angle="90.00" type="DEFAULT_VEHTYPE" speed="13.82" pos="47.42" lane="0/2to1/2_0" slope="0.00"/>
        <vehicle id="42" x="601.65" y="379.89" angle="180.00" type="DEFAULT_VEHTYPE" speed="13.89" pos="175.14" lane="3/1to3/2_0" slope="0.00"/>
        <vehicle id="43" x="159.50" y="401.65" angle="-90.00" type="DEFAULT_VEHTYPE" speed="13.59" pos="35.75" lane="1/2to0/2_0" slope="0.00"/>
        <vehicle id="44" x="753.24" y="201.65" angle="-90.00" type="DEFAULT_VEHTYPE" speed="13.42" pos="46.76" lane="4/1to3/1_0" slope="0.00"/>
        <vehicle id="46" x="398.35" y="766.34" angle="0.00" type="DEFAULT_VEHTYPE" speed="12.70" pos="33.66" lane="2/4to2/3_0" slope="0.00"/>
        <vehicle id="47" x="49.86" y="401.65" angle="-90.00" type="DEFAULT_VEHTYPE" speed="13.64" pos="145.39" lane="1/2to0/2_0" slope="0.00"/>
        <vehicle id="49" x="191.93" y="398.35" angle="90.00" type="DEFAULT_VEHTYPE" speed="2.90" pos="191.93" lane="0/2to1/2_0" slope="0.00"/>
        <vehicle id="6" x="201.65" y="406.82" angle="174.75" type="DEFAULT_VEHTYPE" speed="5.63" pos="2.07" lane="1/2to1/3_0" slope="0.00"/>
    </timestep>
    <timestep time="233.00">
        <vehicle id="1" x="347.37" y="201.65" angle="-90.00" type="DEFAULT_VEHTYPE" speed="12.82" pos="47.88" lane="2/1to1/1_0" slope="0.00"/>
        <vehicle id="11" x="398.35" y="664.69" angle="0.00" type="DEFAULT_VEHTYPE" speed="13.29" pos="135.31" lane="2/4to2/3_0" slope="0.00"/>
        <vehicle id="13" x="49.72" y="198.35" angle="90.00" type="DEFAULT_VEHTYPE" speed="13.57" pos="49.72" lane="0/1to1/1_0" slope="0.00"/>
        <vehicle id="17" x="401.65" y="728.82" angle="180.00" type="DEFAULT_VEHTYPE" speed="12.60" pos="124.07" lane="2/3to2/4_0" slope="0.00"/>
        <vehicle id="2" x="198.35" y="181.19" angle="0.00" type="DEFAULT_VEHTYPE" speed="9.86" pos="14.06" lane="1/1to1/0_0" slope="0.00"/>
        <vehicle id="21" x="243.10" y="598.35" angle="90.00" type="DEFAULT_VEHTYPE" speed="12.68" pos="38.35" lane="1/3to2/3_0" slope="0.00"/>
        <vehicle id="23" x="232.80" y="201.65" angle="-90.00" type="DEFAULT_VEHTYPE" speed="13.36" pos="162.45" lane="2/1to1/1_0" slope="0.00"/>
        <vehicle id="25" x="601.65" y="558.64" angle="180.00" type="DEFAULT_VEHTYPE" speed="13.29" pos="153.89" lane="3/2to3/3_0" slope="0.00"/>
        <vehicle id="27" x="391.29" y="598.35" angle="90.00" type="DEFAULT_VEHTYPE" speed="3.23" pos="186.54" lane="1/3to2/3_0" slope="0.00"/>
        <vehicle id="29" x="598.35" y="510.77" angle="0.00" type="DEFAULT_VEHTYPE" speed="13.04" pos="84.48" lane="3/3to3/2_0" slope="0.00"/>
        <vehicle id="3" x="398.35" y="598.61" angle="0.00" type="DEFAULT_VEHTYPE" speed="13.01" pos="6.14" lane=":2/3_1_0" slope="0.00"/>
        <vehicle id="32" x="338.42" y="401.65" angle="-90.00" type="DEFAULT_VEHTYPE" speed="13.63" pos="56.83" lane="2/2to1/2_0" slope="0.00"/>
        <vehicle id="37" x="667.91" y="598.35" angle="90.00" type="DEFAULT_VEHTYPE" speed="12.93" pos="63.16" lane="3/3to4/3_0" slope="0.00"/>
        <vehicle id="38" x="100.55" y="401.65" angle="-90.00" type="DEFAULT_VEHTYPE" speed="13.70" pos="94.70" lane="1/2to0/2_0" slope="0.00"/>
        <vehicle id="4" x="601.65" y="493.54" angle="180.00" type="DEFAULT_VEHTYPE" speed="13.47" pos="88.79" lane="3/2to3/3_0" slope="0.00"/>
        <vehicle id="41" x="60.67" y="398.35" angle="90.00" type="DEFAULT_VEHTYPE" speed="13.25" pos="60.67" lane="0/2to1/2_0" slope="0.00"/>
        <vehicle id="42" x="601.65" y="393.76" angle="180.00" type="DEFAULT_VEHTYPE" speed="13.87" pos="189.01" lane="3/1to3/2_0" slope="0.00"/>
        <vehicle id="43" x="145.72" y="401.65" angle="-90.00" type="DEFAULT_VEHTYPE" speed="13.77" pos="49.53" lane="1/2to0/2_0" slope="0.00"/>
        <vehicle id="44" x="739.90" y="201.65" angle="-90.00" type="DEFAULT_VEHTYPE" speed="13.34" pos="60.10" lane="4/1to3/1_0" slope="0.00"/>
        <vehicle id="46" x="398.35" y="753.36" angle="0.00" type="DEFAULT_VEHTYPE" speed="12.98" pos="46.64" lane="2/4to2/3_0" slope="0.00"/>
        <vehicle id="47" x="36.05" y="401.65" angle="-90.00" type="DEFAULT_VEHTYPE" speed="13.82" pos="159.20" lane="1/2to0/2_0" slope="0.00"/>
        <vehicle id="49" x="197.27" y="398.64" angle="93.32" type="DEFAULT_VEHTYPE" speed="5.36" pos="2.04" lane=":1/2_14_0" slope="0.00"/>
        <vehicle id="6" x="201.65" y="414.69" angle="180.00" type="DEFAULT_VEHTYPE" speed="7.87" pos="9.94" lane="1/2to1/3_0" slope="0.00"/>
    </timestep>
    <timestep time="234.00">
        <vehicle id="1" x="333.68" y="201.65" angle="-90.00" type="DEFAULT_VEHTYPE" speed="13.69" pos="61.57" lane="2/1to1/1_0" slope="0.00"/>
        <vehicle id="11" x="398.35" y="651.80" angle="0.00" type="DEFAULT_VEHTYPE" speed="12.89" pos="148.20" lane="2/4to2/3_0" slope="0.00"/>
        <vehicle id="13" x="62.44" y="198.35" angle="90.00" type="DEFAULT_VEHTYPE" speed="12.71" pos="62.44" lane="0/1to1/1_0" slope="0.00"/>
        <vehicle id="17" x="401.65" y="741.99" angle="180.00" type="DEFAULT_VEHTYPE" speed="13.16" pos="137.24" lane="2/3to2/4_0" slope="0.00"/>
        <vehicle id="2" x="198.35" y="169.67" angle="0.00" type="DEFAULT_VEHTYPE" speed="11.52" pos="25.58" lane="1/1to1/0_0" slope="0.00"/>
        <vehicle id="21" x="256.92" y="598.35" angle="90.00" type="DEFAULT_VEHTYPE" speed="13.82" pos="52.17" lane="1/3to2/3_0" slope="0.00"/>
        <vehicle id="23" x="222.57" y="201.65" angle="-90.00" type="DEFAULT_VEHTYPE" speed="10.23" pos="172.68" lane="2/1to1/1_0" slope="0.00"/>
        <vehicle id="25" x="601.65" y="572.20" angle="180.00" type="DEFAULT_VEHTYPE" speed="13.56" pos="167.45" lane="3/2to3/3_0" slope="0.00"/>
        <vehicle id="27" x="392.33" y="598.35" angle="90.00" type="DEFAULT_VEHTYPE" speed="1.05" pos="187.58" lane="1/3to2/3_0" slope="0.00"/>
        <vehicle id="29" x="598.35" y="497.61" angle="0.00" type="DEFAULT_VEHTYPE" speed="13.16" pos="97.64" lane="3/3to3/2_0" slope="0.00"/>
        <vehicle id="3" x="398.35" y="585.21" angle="0.00" type="DEFAULT_VEHTYPE" speed="13.40" pos="10.04" lane="2/3to2/2_0" slope="0.00"/>
        <vehicle id="32" x="325.82" y="401.65" angle="-90.00" type="DEFAULT_VEHTYPE" speed="12.60" pos="69.43" lane="2/2to1/2_0" slope="0.00"/>
        <vehicle id="37" x="681.77" y="598.35" angle="90.00" type="DEFAULT_VEHTYPE" speed="13.85" pos="77.02" lane="3/3to4/3_0" slope="0.00"/>
        <vehicle id="38" x="87.62" y="401.65" angle="-90.00" type="DEFAULT_VEHTYPE" speed="12.93" pos="107.63" lane="1/2to0/2_0" slope="0.00"/>
        <vehicle id="4" x="601.65" y="507.31" angle="180.00" type="DEFAULT_VEHTYPE" speed="13.77" pos="102.56" lane="3/2to3/3_0" slope="0.00"/>
        <vehicle id="41" x="74.09" y="398.35" angle="90.00" type="DEFAULT_VEHTYPE" speed="13.42" pos="74.09" lane="0/2to1/2_0" slope="0.00"/>
        <vehicle id="42" x="601.65" y="406.68" angle="180.00" type="DEFAULT_VEHTYPE" speed="12.92" pos="1.93" lane="3/2to3/3_0" slope="0.00"/>
        <vehicle id="43" x="132.02" y="401.65" angle="-90.00" type="DEFAULT_VEHTYPE" speed="13.70" pos="63.23" lane="1/2to0/2_0" slope="0.00"/>
        <vehicle id="44" x="726.45" y="201.65" angle="-90.00" type="DEFAULT_VEHTYPE" speed="13.45" pos="73.55" lane="4/1to3/1_0" slope="0.00"/>
        <vehicle id="46" x="398.35" y="739.51" angle="0.00" type="DEFAULT_VEHTYPE" speed="13.84" pos="60.49" lane="2/4to2/3_0" slope="0.00"/>
        <vehicle id="47" x="22.43" y="401.65" angle="-90.00" type="DEFAULT_VEHTYPE" speed="13.62" pos="172.82" lane="1/2to0/2_0" slope="0.00"/>
        <vehicle id="49" x="201.53" y="403.88" angle="154.06" type="DEFAULT_VEHTYPE" speed="7.40" pos="9.44" lane=":1/2_14_0" slope="0.00"/>
        <vehicle id="6" x="201.65" y="424.33" angle="180.00" type="DEFAULT_VEHTYPE" speed="9.64" pos="19.58" lane="1/2to1/3_0" slope="0.00"/>
    </timestep>
    <timestep time="235.00">
        <vehicle id="1" x="319.79" y="201.65" angle="-90.00" type="DEFAULT_VEHTYPE" speed="13.90" pos="75.46" lane="2/1to1/1_0" slope="0.00"/>
        <vehicle id="11" x="398.35" y="638.48" angle="0.00" type="DEFAULT_VEHTYPE" speed="13.32" pos="161.52" lane="2/4to2/3_0" slope="0.00"/>
        <vehicle id="13" x="75.87" y="198.35" angle="90.00" type="DEFAULT_VEHTYPE" speed="13.43" pos="75.87" lane="0/1to1/1_0" slope="0.00"/>
        <vehicle id="17" x="401.65" y="754.82" angle="180.00" type="DEFAULT_VEHTYPE" speed="12.84" pos="150.07" lane="2/3to2/4_0" slope="0.00"/>
        <vehicle id="2" x="198.35" y="156.53" angle="0.00" type="DEFAULT_VEHTYPE" speed="13.15" pos="38.72" lane="1/1to1/0_0" slope="0.00"/>
        <vehicle id="21" x="270.70" y="598.35" angle="90.00" type="DEFAULT_VEHTYPE" speed="13.78" pos="65.95" lane="1/3to2/3_0" slope="0.00"/>
        <vehicle id="23" x="214.50" y="201.65" angle="-90.00" type="DEFAULT_VEHTYPE" speed="8.07" pos="180.75" lane="2/1to1/1_0" slope="0.00"/>
        <vehicle id="25" x="601.65" y="585.40" angle="180.00" type="DEFAULT_VEHTYPE" speed="13.20" pos="180.65" lane="3/2to3/3_0" slope="0.00"/>
        <vehicle id="27" x="395.18" y="598.35" angle="90.00" type="DEFAULT_VEHTYPE" speed="2.85" pos="190.43" lane="1/3to2/3_0" slope="0.00"/>
        <vehicle id="29" x="598.35" y="483.79" angle="0.00" type="DEFAULT_VEHTYPE" speed="13.83" pos="111.46" lane="3/3to3/2_0" slope="0.00"/>
        <vehicle id="3" x="398.35" y="571.71" angle="0.00" type="DEFAULT_VEHTYPE" speed="13.50" pos="23.54" lane="2/3to2/2_0" slope="0.00"/>
        <vehicle id="32" x="312.94" y="401.65" angle="-90.00" type="DEFAULT_VEHTYPE" speed="12.88" pos="82.31" lane="2/2to1/2_0" slope="0.00"/>
        <vehicle id="37" x="694.91" y="598.35" angle="90.00" type="DEFAULT_VEHTYPE" speed="13.15" pos="90.16" lane="3/3to4/3_0" slope="0.00"/>
        <vehicle id="38" x="74.02" y="401.65" angle="-90.00" type="DEFAULT_VEHTYPE" speed="13.60" pos="121.23" lane="1/2to0/2_0" slope="0.00"/>
        <vehicle id="4" x="601.65" y="520.51" angle="180.00" type="DEFAULT_VEHTYPE" speed="13.19" pos="115.76" lane="3/2to3/3_0" slope="0.00"/>
        <vehicle id="41" x="87.78" y="398.35" angle="90.00" type="DEFAULT_VEHTYPE" speed="13.69" pos="87.78" lane="0/2to1/2_0" slope="0.00"/>
        <vehicle id="42" x="601.65" y="419.94" angle="180.00" type="DEFAULT_VEHTYPE" speed="13.26" pos="15.19" lane="3/2to3/3_0" slope="0.00"/>
        <vehicle id="43" x="118.24" y="401.65" angle="-90.00" type="DEFAULT_VEHTYPE" speed="13.78" pos="77.01" lane="1/2to0/2_0" slope="0.00"/>
        <vehicle id="44" x="713.37" y="201.65" angle="-90.00" type="DEFAULT_VEHTYPE" speed="13.09" pos="86.63" lane="4/1to3/1_0" slope="0.00"/>
        <vehicle id="46" x="398.35" y="726.53" angle="0.00" type="DEFAULT_VEHTYPE" speed="12.98" pos="73.47" lane="2/4to2/3_0" slope="0.00"/>
        <vehicle id="47" x="9.28" y="401.65" angle="-90.00" type="DEFAULT_VEHTYPE" speed="13.15" pos="185.97" lane="1/2to0/2_0" slope="0.00"/>
        <vehicle id="49" x="201.65" y="413.22" angle="180.00" type="DEFAULT_VEHTYPE" speed="9.35" pos="8.47" lane="1/2to1/3_0" slope="0.00"/>
        <vehicle id="6" x="201.65" y="435.84" angle="180.00" type="DEFAULT_VEHTYPE" speed="11.51" pos="31.09" lane="1/2to1/3_0" slope="0.00"/>
    </timestep>
    <timestep time="236.00">
        <vehicle id="1" x="306.12" y="201.65" angle="-90.00" type="DEFAULT_VEHTYPE" speed="13.67" pos="89.13" lane="2/1to1/1_0" slope="0.00"/>
        <vehicle id="11" x="398.35" y="624.91" angle="0.00" type="DEFAULT_VEHTYPE" speed="13.57" pos="175.09" lane="2/4to2/3_0" slope="0.00"/>
        <vehicle id="13" x="89.11" y="198.35" angle="90.00" type="DEFAULT_VEHTYPE" speed="13.24" pos="89.11" lane="0/1to1/1_0" slope="0.00"/>
        <vehicle id="17" x="401.65" y="767.92" angle="180.00" type="DEFAULT_VEHTYPE" speed="13.10" pos="163.17" lane="2/3to2/4_0" slope="0.00"/>
        <vehicle id="2" x="198.35" y="143.31" angle="0.00" type="DEFAULT_VEHTYPE" speed="13.22" pos="51.94" lane="1/1to1/0_0" slope="0.00"/>
        <vehicle id="21" x="283.94" y="598.35" angle="90.00" type="DEFAULT_VEHTYPE" speed="13.23" pos="79.19" lane="1/3to2/3_0" slope="0.00"/>
        <vehicle id="23" x="210.93" y="201.65" angle="-90.00" type="DEFAULT_VEHTYPE" speed="3.57" pos="184.32" lane="2/1to1/1_0" slope="0.00"/>
        <vehicle id="25" x="602.73" y="597.77" angle="166.91" type="DEFAULT_VEHTYPE" speed="12.72" pos="2.87" lane=":3/3_8_0" slope="0.00"/>
        <vehicle id="27" x="395.18" y="598.35" angle="90.00" type="DEFAULT_VEHTYPE" speed="0.00" pos="190.43" lane="1/3to2/3_0" slope="0.00"/>
        <vehicle id="29" x="598.35" y="470.27" angle="0.00" type="DEFAULT_VEHTYPE" speed="13.52" pos="124.98" lane="3/3to3/2_0" slope="0.00"/>
        <vehicle id="3" x="398.35" y="558.80" angle="0.00" type="DEFAULT_VEHTYPE" speed="12.91" pos="36.45" lane="2/3to2/2_0" slope="0.00"/>
        <vehicle id="32" x="299.83" y="401.65" angle="-90.00" type="DEFAULT_VEHTYPE" speed="13.11" pos="95.42" lane="2/2to1/2_0" slope="0.00"/>
        <vehicle id="37" x="708.41" y="598.35" angle="90.00" type="DEFAULT_VEHTYPE" speed="13.50" pos="103.66" lane="3/3to4/3_0" slope="0.00"/>
        <vehicle id="38" x="61.14" y="401.65" angle="-90.00" type="DEFAULT_VEHTYPE" speed="12.88" pos="134.11" lane="1/2to0/2_0" slope="0.00"/>
        <vehicle id="4" x="601.65" y="533.94" angle="180.00" type="DEFAULT_VEHTYPE" speed="13.44" pos="129.19" lane="3/2to3/3_0" slope="0.00"/>
        <vehicle id="41" x="100.49" y="398.35" angle="90.00" type="DEFAULT_VEHTYPE" speed="12.71" pos="100.49" lane="0/2to1/2_0" slope="0.00"/>
        <vehicle id="42" x="601.65" y="433.08" angle="180.00" type="DEFAULT_VEHTYPE" speed="13.14" pos="28.33" lane="3/2to3/3_0" slope="0.00"/>
        <vehicle id="43" x="104.97" y="401.65" angle="-90.00" type="DEFAULT_VEHTYPE" speed="13.26" pos="90.28" lane="1/2to0/2_0" slope="0.00"/>
        <vehicle id="44" x="699.49" y="201.65" angle="-90.00" type="DEFAULT_VEHTYPE" speed="13.88" pos="100.51" lane="4/1to3/1_0" slope="0.00"/>
        <vehicle id="46" x="398.35" y="713.64" angle="0.00" type="DEFAULT_VEHTYPE" speed="12.89" pos="86.36" lane="2/4to2/3_0" slope="0.00"/>
        <vehicle id="47" x="-0.67" y="398.80" angle="-30.26" type="DEFAULT_VEHTYPE" speed="13.29" pos="4.01" lane=":0/2_0_0" slope="0.00"/>
        <vehicle id="49" x="201.65" y="423.90" angle="180.00" type="DEFAULT_VEHTYPE" speed="10.68" pos="19.15" lane="1/2to1/3_0" slope="0.00"/>
        <vehicle id="6" x="201.65" y="449.26" angle="180.00" type="DEFAULT_VEHTYPE" speed="13.43" pos="44.51" lane="1/2to1/3_0" slope="0.00"/>
    </timestep>
    <timestep time="237.00">
        <vehicle id="1" x="293.28" y="201.65" angle="-90.00" type="DEFAULT_VEHTYPE" speed="12.84" pos="101.97" lane="2/1to1/1_0" slope="0.00"/>
        <vehicle id="11" x="398.35" y="611.30" angle="0.00" type="DEFAULT_VEHTYPE" speed="13.61" pos="188.70" lane="2/4to2/3_0" slope="0.00"/>
        <vehicle id="13" x="102.50" y="198.35" angle="90.00" type="DEFAULT_VEHTYPE" speed="13.39" pos="102.50" lane="0/1to1/1_0" slope="0.00"/>
        <vehicle id="17" x="401.65" y="781.07" angle="180.00" type="DEFAULT_VEHTYPE" speed="13.15" pos="176.32" lane="2/3to2/4_0" slope="0.00"/>
        <vehicle id="2" x="198.35" y="129.88" angle="0.00" type="DEFAULT_VEHTYPE" speed="13.43" pos="65.37" lane="1/1to1/0_0" slope="0.00"/>
        <vehicle id="21" x="297.46" y="598.35" angle="90.00" type="DEFAULT_VEHTYPE" speed="13.52" pos="92.71" lane="1/3to2/3_0" slope="0.00"/>
        <vehicle id="23" x="205.94" y="201.65" angle="-90.00" type="DEFAULT_VEHTYPE" speed="4.99" pos="189.31" lane="2/1to1/1_0" slope="0.00"/>
        <vehicle id="25" x="615.70" y="598.35" angle="90.00" type="DEFAULT_VEHTYPE" speed="13.08" pos="10.95" lane="3/3to4/3_0" slope="0.00"/>
        <vehicle id="27" x="395.18" y="598.35" angle="90.00" type="DEFAULT_VEHTYPE" speed="0.00" pos="190.43" lane="1/3to2/3_0" slope="0.00"/>
        <vehicle id="29" x="598.35" y="457.54" angle="0.00" type="DEFAULT_VEHTYPE" speed="12.73" pos="137.71" lane="3/3to3/2_0" slope="0.00"/>
        <vehicle id="3" x="398.35" y="545.73" angle="0.00" type="DEFAULT_VEHTYPE" speed="13.07" pos="49.52" lane="2/3to2/2_0" slope="0.00"/>
        <vehicle id="32" x="286.32" y="401.65" angle="-90.00" type="DEFAULT_VEHTYPE" speed="13.50" pos="108.93" lane="2/2to1/2_0" slope="0.00"/>
        <vehicle id="37" x="721.64" y="598.35" angle="90.00" type="DEFAULT_VEHTYPE" speed="13.23" pos="116.89" lane="3/3to4/3_0" slope="0.00"/>
        <vehicle id="38" x="47.48" y="401.65" angle="-90.00" type="DEFAULT_VEHTYPE" speed="13.66" pos="147.77" lane="1/2to0/2_0" slope="0.00"/>
        <vehicle id="4" x="601.65" y="546.56" angle="180.00" type="DEFAULT_VEHTYPE" speed="12.61" pos="141.81" lane="3/2to3/3_0" slope="0.00"/>
        <vehicle id="41" x="113.70" y="398.35" angle="90.00" type="DEFAULT_VEHTYPE" speed="13.21" pos="113.70" lane="0/2to1/2_0" slope="0.00"/>
        <vehicle id="42" x="601.65" y="446.22" angle="180.00" type="DEFAULT_VEHTYPE" speed="13.14" pos="41.47" lane="3/2to3/3_0" slope="0.00"/>
        <vehicle id="43" x="92.22" y="401.65" angle="-90.00" type="DEFAULT_VEHTYPE" speed="12.76" pos="103.03" lane="1/2to0/2_0" slope="0.00"/>
        <vehicle id="44" x="686.11" y="201.65" angle="-90.00" type="DEFAULT_VEHTYPE" speed="13.38" pos="113.89" lane="4/1to3/1_0" slope="0.00"/>
        <vehicle id="46" x="398.35" y="701.01" angle="0.00" type="DEFAULT_VEHTYPE" speed="12.63" pos="98.99" lane="2/4to2/3_0" slope="0.00"/>
        <vehicle id="47" x="13.00" y="398.35" angle="90.00" type="DEFAULT_VEHTYPE" speed="13.81" pos="13.00" lane="0/2to1/2_0" slope="0.00"/>
        <vehicle id="49" x="201.65" y="436.85" angle="180.00" type="DEFAULT_VEHTYPE" speed="12.95" pos="32.10" lane="1/2to1/3_0" slope="0.00"/>
        <vehicle id="6" x="201.65" y="462.68" angle="180.00" type="DEFAULT_VEHTYPE" speed="13.41" pos="57.93" lane="1/2to1/3_0" slope="0.00"/>
    </timestep>
    <timestep time="238.00">
        <vehicle id="1" x="279.46" y="201.65" angle="-90.00" type="DEFAULT_VEHTYPE" speed="13.82" pos="115.79" lane="2/1to1/1_0" slope="0.00"/>
        <vehicle id="11" x="398.35" y="598.47" angle="0.00" type="DEFAULT_VEHTYPE" speed="12.83" pos="6.28" lane=":2/3_1_0" slope="0.00"/>
        <vehicle id="13" x="115.91" y="198.35" angle="90.00" type="DEFAULT_VEHTYPE" speed="13.41" pos="115.91" lane="0/1to1/1_0" slope="0.00"/>
        <vehicle id="17" x="401.65" y="793.79" angle="180.00" type="DEFAULT_VEHTYPE" speed="12.72" pos="189.04" lane="2/3to2/4_0" slope="0.00"/>
        <vehicle id="2" x="198.35" y="116.81" angle="0.00" type="DEFAULT_VEHTYPE" speed="13.07" pos="78.44" lane="1/1to1/0_0" slope="0.00"/>
        <vehicle id="21" x="310.90" y="598.35" angle="90.00" type="DEFAULT_VEHTYPE" speed="13.44" pos="106.15" lane="1/3to2/3_0" slope="0.00"/>
        <vehicle id="23" x="201.65" y="205.99" angle="-155.81" type="DEFAULT_VEHTYPE" speed="7.43" pos="1.24" lane="1/1to1/2_0" slope="0.00"/>
        <vehicle id="25" x="628.71" y="598.35" angle="90.00" type="DEFAULT_VEHTYPE" speed="13.01" pos="23.96" lane="3/3to4/3_0" slope="0.00"/>
        <vehicle id="27" x="395.18" y="598.35" angle="90.00" type="DEFAULT_VEHTYPE" speed="0.00" pos="190.43" lane="1/3to2/3_0" slope="0.00"/>
        <vehicle id="29" x="598.35" y="444.27" angle="0.00" type="DEFAULT_VEHTYPE" speed="13.27" pos="150.98" lane="3/3to3/2_0" slope="0.00"/>
        <vehicle id="3" x="398.35" y="532.93" angle="0.00" type="DEFAULT_VEHTYPE" speed="12.80" pos="62.32" lane="2/3to2/2_0" slope="0.00"/>
        <vehicle id="32" x="273.16" y="401.65" angle="-90.00" type="DEFAULT_VEHTYPE" speed="13.16" pos="122.09" lane="2/2to1/2_0" slope="0.00"/>
        <vehicle id="37" x="735.04" y="598.35" angle="90.00" type="DEFAULT_VEHTYPE" speed="13.39" pos="130.29" lane="3/3to4/3_0" slope="0.00"/>
        <vehicle id="38" x="34.50" y="401.65" angle="-90.00" type="DEFAULT_VEHTYPE" speed="12.98" pos="160.75" lane="1/2to0/2_0" slope="0.00"/>
        <vehicle id="4" x="601.65" y="560.00" angle="180.00" type="DEFAULT_VEHTYPE" speed="13.44" pos="155.25" lane="3/2to3/3_0" slope="0.00"/>
        <vehicle id="41" x="127.21" y="398.35" angle="90.00" type="DEFAULT_VEHTYPE" speed="13.51" pos="127.21" lane="0/2to1/2_0" slope="0.00"/>
        <vehicle id="42" x="601.65" y="459.34" angle="180.00" type="DEFAULT_VEHTYPE" speed="13.12" pos="54.59" lane="3/2to3/3_0" slope="0.00"/>
        <vehicle id="43" x="79.20" y="401.65" angle="-90.00" type="DEFAULT_VEHTYPE" speed="13.02" pos="116.05" lane="1/2to0/2_0" slope="0.00"/>
        <vehicle id="44" x="673.34" y="201.65" angle="-90.00" type="DEFAULT_VEHTYPE" speed="12.76" pos="126.66" lane="4/1to3/1_0" slope="0.00"/>
        <vehicle id="46" x="398.35" y="687.98" angle="0.00" type="DEFAULT_VEHTYPE" speed="13.03" pos="112.02" lane="2/4to2/3_0" slope="0.00"/>
        <vehicle id="47" x="26.53" y="398.35" angle="90.00" type="DEFAULT_VEHTYPE" speed="13.53" pos="26.53" lane="0/2to1/2_0" slope="0.00"/>
        <vehicle id="49" x="201.65" y="449.87" angle="180.00" type="DEFAULT_VEHTYPE" speed="13.02" pos="45.12" lane="1/2to1/3_0" slope="0.00"/>
        <vehicle id="6" x="201.65" y="475.67" angle="180.00" type="DEFAULT_VEHTYPE" speed="12.99" pos="70.92" lane="1/2to1/3_0" slope="0.00"/>
    </timestep>
    <timestep time="239.00">
        <vehicle id="1" x="266.13" y="201.65" angle="-90.00" type="DEFAULT_VEHTYPE" speed="13.33" pos="129.12" lane="2/1to1/1_0" slope="0.00"/>
        <vehicle id="11" x="398.35" y="585.15" angle="0.00" type="DEFAULT_VEHTYPE" speed="13.32" pos="10.10" lane="2/3to2/2_0" slope="0.00"/>
        <vehicle id="13" x="129.46" y="198.35" angle="90.00" type="DEFAULT_VEHTYPE" speed="13.55" pos="129.46" lane="0/1to1/1_0" slope="0.00"/>
        <vehicle id="17" x="398.35" y="797.66" angle="-25.83" type="DEFAULT_VEHTYPE" speed="13.37" pos="2.34" lane="2/4to2/3_0" slope="0.00"/>
        <vehicle id="2" x="198.35" y="104.10" angle="0.00" type="DEFAULT_VEHTYPE" speed="12.71" pos="91.15" lane="1/1to1/0_0" slope="0.00"/>
        <vehicle id="21" x="324.29" y="598.35" angle="90.00" type="DEFAULT_VEHTYPE" speed="13.39" pos="119.54" lane="1/3to2/3_0" slope="0.00"/>
        <vehicle id="23" x="201.65" y="215.19" angle="180.00" type="DEFAULT_VEHTYPE" speed="9.20" pos="10.44" lane="1/1to1/2_0" slope="0.00"/>
        <vehicle id="25" x="642.13" y="598.35" angle="90.00" type="DEFAULT_VEHTYPE" speed="13.42" pos="37.38" lane="3/3to4/3_0" slope="0.00"/>
        <vehicle id="27" x="395.18" y="598.35" angle="90.00" type="DEFAULT_VEHTYPE" speed="0.00" pos="190.43" lane="1/3to2/3_0" slope="0.00"/>
        <vehicle id="29" x="598.35" y="431.27" angle="0.00" type="DEFAULT_VEHTYPE" speed="13.00" pos="163.98" lane="3/3to3/2_0" slope="0.00"/>
        <vehicle id="3" x="398.35" y="519.58" angle="0.00" type="DEFAULT_VEHTYPE" speed="13.35" pos="75.67" lane="2/3to2/2_0" slope="0.00"/>
        <vehicle id="32" x="259.33" y="401.65" angle="-90.00" type="DEFAULT_VEHTYPE" speed="13.84" pos="135.92" lane="2/2to1/2_0" slope="0.00"/>
        <vehicle id="37" x="748.59" y="598.35" angle="90.00" type="DEFAULT_VEHTYPE" speed="13.55" pos="143.84" lane="3/3to4/3_0" slope="0.00"/>
        <vehicle id="38" x="21.07" y="401.65" angle="-90.00" type="DEFAULT_VEHTYPE" speed="13.43" pos="174.18" lane="1/2to0/2_0" slope="0.00"/>
        <vehicle id="4" x="601.65" y="573.38" angle="180.00" type="DEFAULT_VEHTYPE" speed="13.38" pos="168.63" lane="3/2to3/3_0" slope="0.00"/>
        <vehicle id="41" x="140.73" y="398.35" angle="90.00" type="DEFAULT_VEHTYPE" speed="13.52" pos="140.73" lane="0/2to1/2_0" slope="0.00"/>
        <vehicle id="42" x="601.65" y="473.11" angle="180.00" type="DEFAULT_VEHTYPE" speed="13.77" pos="68.36" lane="3/2to3/3_0" slope="0.00"/>
        <vehicle id="43" x="66.15" y="401.65" angle="-90.00" type="DEFAULT_VEHTYPE" speed="13.05" pos="129.10" lane="1/2to0/2_0" slope="0.00"/>
        <vehicle id="44" x="660.25" y="201.65" angle="-90.00" type="DEFAULT_VEHTYPE" speed="13.10" pos="139.75" lane="4/1to3/1_0" slope="0.00"/>
        <vehicle id="46" x="398.35" y="674.75" angle="0.00" type="DEFAULT_VEHTYPE" speed="13.23" pos="125.25" lane="2/4to2/3_0" slope="0.00"/>
        <vehicle id="47" x="39.64" y="398.35" angle="90.00" type="DEFAULT_VEHTYPE" speed="13.11" pos="39.64" lane="0/2to1/2_0" slope="0.00"/>
        <vehicle id="49" x="201.65" y="462.54" angle="180.00" type="DEFAULT_VEHTYPE" speed="12.67" pos="57.79" lane="1/2to1/3_0" slope="0.00"/>
        <vehicle id="6" x="201.65" y="488.83" angle="180.00" type="DEFAULT_VEHTYPE" speed="13.16" pos="84.08" lane="1/2to1/3_0" slope="0.00"/>
    </timestep>
    <timestep time="240.00">
        <vehicle id="1" x="252.30" y="201.65" angle="-90.00" type="DEFAULT_VEHTYPE" speed="13.82" pos="142.95" lane="2/1to1/1_0" slope="0.00"/>
        <vehicle id="11" x="398.35" y="572.52" angle="0.00" type="DEFAULT_VEHTYPE" speed="12.64" pos="22.73" lane="2/3to2/2_0" slope="0.00"/>
        <vehicle id="13" x="143.04" y="198.35" angle="90.00" type="DEFAULT_VEHTYPE" speed="13.58" pos="143.04" lane="0/1to1/1_0" slope="0.00"/>
        <vehicle id="17" x="398.35" y="784.56" angle="0.00" type="DEFAULT_VEHTYPE" speed="13.10" pos="15.44" lane="2/4to2/3_0" slope="0.00"/>
        <vehicle id="2" x="198.35" y="90.75" angle="0.00" type="DEFAULT_VEHTYPE" speed="13.35" pos="104.50" lane="1/1to1/0_0" slope="0.00"/>
        <vehicle id="21" x="337.36" y="598.35" angle="90.00" type="DEFAULT_VEHTYPE" speed="13.06" pos="132.61" lane="1/3to2/3_0" slope="0.00"/>
        <vehicle id="23" x="201.65" y="225.80" angle="180.00" type="DEFAULT_VEHTYPE" speed="10.61" pos="21.05" lane="1/1to1/2_0" slope="0.00"/>
        <vehicle id="25" x="656.02" y="598.35" angle="90.00" type="DEFAULT_VEHTYPE" speed="13.89" pos="51.27" lane="3/3to4/3_0" slope="0.00"/>
        <vehicle id="27" x="396.97" y="598.60" angle="92.82" type="DEFAULT_VEHTYPE" speed="1.80" pos="1.73" lane=":2/3_14_0" slope="0.00"/>
        <vehicle id="29" x="598.35" y="418.64" angle="0.00" type="DEFAULT_VEHTYPE" speed="12.63" pos="176.61" lane="3/3to3/2_0" slope="0.00"/>
        <vehicle id="3" x="398.35" y="506.20" angle="0.00" type="DEFAULT_VEHTYPE" speed="13.38" pos="89.05" lane="2/3to2/2_0" slope="0.00"/>
        <vehicle id="32" x="245.56" y="401.65" angle="-90.00" type="DEFAULT_VEHTYPE" speed="13.76" pos="149.69" lane="2/2to1/2_0" slope="0.00"/>
        <vehicle id="37" x="761.77" y="598.35" angle="90.00" type="DEFAULT_VEHTYPE" speed="13.18" pos="157.02" lane="3/3to4/3_0" slope="0.00"/>
        <vehicle id="38" x="8.41" y="401.65" angle="-90.00" type="DEFAULT_VEHTYPE" speed="12.66" pos="186.84" lane="1/2to0/2_0" slope="0.00"/>
        <vehicle id="4" x="601.65" y="586.25" angle="180.00" type="DEFAULT_VEHTYPE" speed="12.87" pos="181.50" lane="3/2to3/3_0" slope="0.00"/>
        <vehicle id="41" x="153.37" y="398.35" angle="90.00" type="DEFAULT_VEHTYPE" speed="12.64" pos="153.37" lane="0/2to1/2_0" slope="0.00"/>
        <vehicle id="42" x="601.65" y="486.66" angle="180.00" type="DEFAULT_VEHTYPE" speed="13.54" pos="81.91" lane="3/2to3/3_0" slope="0.00"/>
        <vehicle id="43" x="52.38" y="401.65" angle="-90.00" type="DEFAULT_VEHTYPE" speed="13.77" pos="142.87" lane="1/2to0/2_0" slope="0.00"/>
        <vehicle id="44" x="647.60" y="201.65" angle="-90.00" type="DEFAULT_VEHTYPE" speed="12.65" pos="152.40" lane="4/1to3/1_0" slope="0.00"/>
        <vehicle id="46" x="398.35" y="662.03" angle="0.00" type="DEFAULT_VEHTYPE" speed="12.72" pos="137.97" lane="2/4to2/3_0" slope="0.00"/>
        <vehicle id="47" x="52.64" y="398.35" angle="90.00" type="DEFAULT_VEHTYPE" speed="13.00" pos="52.64" lane="0/2to1/2_0" slope="0.00"/>
        <vehicle id="49" x="201.65" y="475.79" angle="180.00" type="DEFAULT_VEHTYPE" speed="13.25" pos="71.04" lane="1/2to1/3_0" slope="0.00"/>
        <vehicle id="6" x="201.65" y="501.51" angle="180.00" type="DEFAULT_VEHTYPE" speed="12.68" pos="96.76" lane="1/2to1/3_0" slope="0.00"/>
    </timestep>
    <timestep time="241.00">
        <vehicle id="1" x="238.64" y="201.65" angle="-90.00" type="DEFAULT_VEHTYPE" speed="13.66" pos="156.61" lane="2/1to1/1_0" slope="0.00"/>
        <vehicle id="11" x="398.35" y="559.55" angle="0.00" type="DEFAULT_VEHTYPE" speed="12.97" pos="35.70" lane="2/3to2/2_0" slope="0.00"/>
        <vehicle id="13" x="156.74" y="198.35" angle="90.00" type="DEFAULT_VEHTYPE" speed="13.70" pos="156.74" lane="0/1to1/1_0" slope="0.00"/>
        <vehicle id="17" x="398.35" y="771.87" angle="0.00" type="DEFAULT_VEHTYPE" speed="12.69" pos="28.13" lane="2/4to2/3_0" slope="0.00"/>
        <vehicle id="2" x="198.35" y="77.17" angle="0.00" type="DEFAULT_VEHTYPE" speed="13.58" pos="118.08" lane="1/1to1/0_0" slope="0.00"/>
        <vehicle id="21" x="350.37" y="598.35" angle="90.00" type="DEFAULT_VEHTYPE" speed="13.01" pos="145.62" lane="1/3to2/3_0" slope="0.00"/>
        <vehicle id="23" x="201.65" y="238.68" angle="180.00" type="DEFAULT_VEHTYPE" speed="12.88" pos="33.93" lane="1/1to1/2_0" slope="0.00"/>
        <vehicle id="25" x="668.81" y="598.35" angle="90.00" type="DEFAULT_VEHTYPE" speed="12.79" pos="64.06" lane="3/3to4/3_0" slope="0.00"/>
        <vehicle id="27" x="400.21" y="600.22" angle="111.83" type="DEFAULT_VEHTYPE" speed="3.74" pos="5.47" lane=":2/3_14_0" slope="0.00"/>
        <vehicle id="29" x="598.35" y="405.67" angle="0.00" type="DEFAULT_VEHTYPE" speed="12.97" pos="189.58" lane="3/3to3/2_0" slope="0.00"/>
        <vehicle id="3" x="398.35" y="493.40" angle="0.00" type="DEFAULT_VEHTYPE" speed="12.80" pos="101.85" lane="2/3to2/2_0" slope="0.00"/>
        <vehicle id="32" x="232.68" y="401.65" angle="-90.00" type="DEFAULT_VEHTYPE" speed="12.88" pos="162.57" lane="2/2to1/2_0" slope="0.00"/>
        <vehicle id="37" x="775.09" y="598.35" angle="90.00" type="DEFAULT_VEHTYPE" speed="13.32" pos="170.34" lane="3/3to4/3_0" slope="0.00"/>
        <vehicle id="38" x="0.48" y="398.35" angle="13.05" type="DEFAULT_VEHTYPE" speed="13.70" pos="0.48" lane="0/2to1/2_0" slope="0.00"/>
        <vehicle id="4" x="604.01" y="598.25" angle="147.81" type="DEFAULT_VEHTYPE" speed="13.26" pos="4.25" lane=":3/3_8_0" slope="0.00"/>
        <vehicle id="41" x="166.01" y="398.35" angle="90.00" type="DEFAULT_VEHTYPE" speed="12.64" pos="166.01" lane="0/2to1/2_0" slope="0.00"/>
        <vehicle id="42" x="601.65" y="499.26" angle="180.00" type="DEFAULT_VEHTYPE" speed="12.61" pos="94.51" lane="3/2to3/3_0" slope="0.00"/>
        <vehicle id="43" x="39.50" y="401.65" angle="-90.00" type="DEFAULT_VEHTYPE" speed="12.88" pos="155.75" lane="1/2to0/2_0" slope="0.00"/>
        <vehicle id="44" x="634.17" y="201.65" angle="-90.00" type="DEFAULT_VEHTYPE" speed="13.43" pos="165.83" lane="4/1to3/1_0" slope="0.00"/>
        <vehicle id="46" x="398.35" y="649.29" angle="0.00" type="DEFAULT_VEHTYPE" speed="12.74" pos="150.71" lane="2/4to2/3_0" slope="0.00"/>
        <vehicle id="47" x="66.05" y="398.35" angle="90.00" type="DEFAULT_VEHTYPE" speed="13.41" pos="66.05" lane="0/2to1/2_0" slope="0.00"/>
        <vehicle id="49" x="201.65" y="488.68" angle="180.00" type="DEFAULT_VEHTYPE" speed="12.89" pos="83.93" lane="1/2to1/3_0" slope="0.00"/>
        <vehicle id="6" x="201.65" y="514.28" angle="180.00" type="DEFAULT_VEHTYPE" speed="12.78" pos="109.53" lane="1/2to1/3_0" slope="0.00"/>
    </timestep>
    <timestep time="242.00">
        <vehicle id="1" x="226.94" y="201.65" angle="-90.00" type="DEFAULT_VEHTYPE" speed="11.70" pos="168.31" lane="2/1to1/1_0" slope="0.00"/>
        <vehicle id="11" x="398.35" y="545.81" angle="0.00" type="DEFAULT_VEHTYPE" speed="13.74" pos="49.44" lane="2/3to2/2_0" slope="0.00"/>
        <vehicle id="13" x="170.35" y="198.35" angle="90.00" type="DEFAULT_VEHTYPE" speed="13.62" pos="170.35" lane="0/1to1/1_0" slope="0.00"/>
        <vehicle id="17" x="398.35" y="758.02" angle="0.00" type="DEFAULT_VEHTYPE" speed="13.85" pos="41.98" lane="2/4to2/3_0" slope="0.00"/>
        <vehicle id="2" x="198.35" y="63.86" angle="0.00" type="DEFAULT_VEHTYPE" speed="13.30" pos="131.39" lane="1/1to1/0_0" slope="0.00"/>
        <vehicle id="21" x="363.04" y="598.35" angle="90.00" type="DEFAULT_VEHTYPE" speed="12.67" pos="158.29" lane="1/3to2/3_0" slope="0.00"/>
        <vehicle id="23" x="201.65" y="252.18" angle="180.00" type="DEFAULT_VEHTYPE" speed="13.50" pos="47.43" lane="1/1to1/2_0" slope="0.00"/>
        <vehicle id="25" x="681.87" y="598.35" angle="90.00" type="DEFAULT_VEHTYPE" speed="13.06" pos="77.12" lane="3/3to4/3_0" slope="0.00"/>
        <vehicle id="27" x="401.65" y="606.04" angle="170.01" type="DEFAULT_VEHTYPE" speed="6.14" pos="1.29" lane="2/3to2/4_0" slope="0.00"/>
        <vehicle id="29" x="588.43" y="401.65" angle="-90.00" type="DEFAULT_VEHTYPE" speed="12.74" pos="6.82" lane="3/2to2/2_0" slope="0.00"/>
        <vehicle id="3" x="398.35" y="480.46" angle="0.00" type="DEFAULT_VEHTYPE" speed="12.94" pos="114.79" lane="2/3to2/2_0" slope="0.00"/>
        <vehicle id="32" x="222.64" y="401.65" angle="-90.00" type="DEFAULT_VEHTYPE" speed="10.04" pos="172.61" lane="2/2to1/2_0" slope="0.00"/>
        <vehicle id="37" x="788.35" y="598.35" angle="90.00" type="DEFAULT_VEHTYPE" speed="13.26" pos="183.60" lane="3/3to4/3_0" slope="0.00"/>
        <vehicle id="38" x="14.29" y="398.35" angle="90.00" type="DEFAULT_VEHTYPE" speed="13.81" pos="14.29" lane="0/2to1/2_0" slope="0.00"/>
        <vehicle id="4" x="617.01" y="598.35" angle="90.00" type="DEFAULT_VEHTYPE" speed="13.00" pos="12.26" lane="3/3to4/3_0" slope="0.00"/>
        <vehicle id="41" x="177.27" y="398.35" angle="90.00" type="DEFAULT_VEHTYPE" speed="11.26" pos="177.27" lane="0/2to1/2_0" slope="0.00"/>
        <vehicle id="42" x="601.65" y="512.08" angle="180.00" type="DEFAULT_VEHTYPE" speed="12.82" pos="107.33" lane="3/2to3/3_0" slope="0.00"/>
        <vehicle id="43" x="26.19" y="401.65" angle="-90.00" type="DEFAULT_VEHTYPE" speed="13.32" pos="169.06" lane="1/2to0/2_0" slope="0.00"/>
        <vehicle id="44" x="622.54" y="201.65" angle="-90.00" type="DEFAULT_VEHTYPE" speed="11.62" pos="177.46" lane="4/1to3/1_0" slope="0.00"/>
        <vehicle id="46" x="398.35" y="635.53" angle="0.00" type="DEFAULT_VEHTYPE" speed="13.76" pos="164.47" lane="2/4to2/3_0" slope="0.00"/>
        <vehicle id="47" x="79.16" y="398.35" angle="90.00" type="DEFAULT_VEHTYPE" speed="13.11" pos="79.16" lane="0/2to1/2_0" slope="0.00"/>
        <vehicle id="49" x="201.65" y="502.00" angle="180.00" type="DEFAULT_VEHTYPE" speed="13.32" pos="97.25" lane="1/2to1/3_0" slope="0.00"/>
        <vehicle id="6" x="201.65" y="527.05" angle="180.00" type="DEFAULT_VEHTYPE" speed="12.77" pos="122.30" lane="1/2to1/3_0" slope="0.00"/>
    </timestep>
    <timestep time="243.00">
        <vehicle id="1" x="218.08" y="201.65" angle="-90.00" type="DEFAULT_VEHTYPE" speed="8.86" pos="177.17" lane="2/1to1/1_0" slope="0.00"/>
        <vehicle id="11" x="398.35" y="532.69" angle="0.00" type="DEFAULT_VEHTYPE" speed="13.12" pos="62.56" lane="2/3to2/2_0" slope="0.00"/>
        <vehicle id="13" x="180.04" y="198.35" angle="90.00" type="DEFAULT_VEHTYPE" speed="9.69" pos="180.04" lane="0/1to1/1_0" slope="0.00"/>
        <vehicle id="17" x="398.35" y="744.24" angle="0.00" type="DEFAULT_VEHTYPE" speed="13.78" pos="55.76" lane="2/4to2/3_0" slope="0.00"/>
        <vehicle id="2" x="198.35" y="50.55" angle="0.00" type="DEFAULT_VEHTYPE" speed="13.32" pos="144.70" lane="1/1to1/0_0" slope="0.00"/>
        <vehicle id="21" x="374.43" y="598.35" angle="90.00" type="DEFAULT_VEHTYPE" speed="11.39" pos="169.68" lane="1/3to2/3_0" slope="0.00"/>
        <vehicle id="23" x="201.65" y="265.96" angle="180.00" type="DEFAULT_VEHTYPE" speed="13.78" pos="61.21" lane="1/1to1/2_0" slope="0.00"/>
        <vehicle id="25" x="694.91" y="598.35" angle="90.00" type="DEFAULT_VEHTYPE" speed="13.04" pos="90.16" lane="3/3to4/3_0" slope="0.00"/>
        <vehicle id="27" x="401.65" y="614.29" angle="180.00" type="DEFAULT_VEHTYPE" speed="8.25" pos="9.54" lane="2/3to2/4_0" slope="0.00"/>
        <vehicle id="29" x="574.73" y="401.65" angle="-90.00" type="DEFAULT_VEHTYPE" speed="13.71" pos="20.52" lane="3/2to2/2_0" slope="0.00"/>
        <vehicle id="3" x="398.35" y="467.77" angle="0.00" type="DEFAULT_VEHTYPE" speed="12.69" pos="127.48" lane="2/3to2/2_0" slope="0.00"/>
        <vehicle id="32" x="215.57" y="401.65" angle="-90.00" type="DEFAULT_VEHTYPE" speed="7.07" pos="179.68" lane="2/2to1/2_0" slope="0.00"/>
        <vehicle id="37" x="801.58" y="599.85" angle="109.10" type="DEFAULT_VEHTYPE" speed="13.89" pos="2.24" lane=":4/3_0_0" slope="0.00"/>
        <vehicle id="38" x="27.38" y="398.35" angle="90.00" type="DEFAULT_VEHTYPE" speed="13.09" pos="27.38" lane="0/2to1/2_0" slope="0.00"/>
        <vehicle id="4" x="630.20" y="598.35" angle="90.00" type="DEFAULT_VEHTYPE" speed="13.19" pos="25.45" lane="3/3to4/3_0" slope="0.00"/>
        <vehicle id="41" x="184.97" y="398.35" angle="90.00" type="DEFAULT_VEHTYPE" speed="7.70" pos="184.97" lane="0/2to1/2_0" slope="0.00"/>
        <vehicle id="42" x="601.65" y="524.74" angle="180.00" type="DEFAULT_VEHTYPE" speed="12.66" pos="119.99" lane="3/2to3/3_0" slope="0.00"/>
        <vehicle id="43" x="12.70" y="401.65" angle="-90.00" type="DEFAULT_VEHTYPE" speed="13.48" pos="182.55" lane="1/2to0/2_0" slope="0.00"/>
        <vehicle id="44" x="615.38" y="201.65" angle="-90.00" type="DEFAULT_VEHTYPE" speed="7.16" pos="184.62" lane="4/1to3/1_0" slope="0.00"/>
        <vehicle id="46" x="398.35" y="622.03" angle="0.00" type="DEFAULT_VEHTYPE" speed="13.50" pos="177.97" lane="2/4to2/3_0" slope="0.00"/>
        <vehicle id="47" x="92.46" y="398.35" angle="90.00" type="DEFAULT_VEHTYPE" speed="13.30" pos="92.46" lane="0/2to1/2_0" slope="0.00"/>
        <vehicle id="49" x="201.65" y="514.61" angle="180.00" type="DEFAULT_VEHTYPE" speed="12.60" pos="109.86" lane="1/2to1/3_0" slope="0.00"/>
        <vehicle id="6" x="201.65" y="540.53" angle="180.00" type="DEFAULT_VEHTYPE" speed="13.48" pos="135.78" lane="1/2to1/3_0" slope="0.00"/>
    </timestep>
    <timestep time="244.00">
        <vehicle id="1" x="212.50" y="201.65" angle="-90.00" type="DEFAULT_VEHTYPE" speed="5.58" pos="182.75" lane="2/1to1/1_0" slope="0.00"/>
        <vehicle id="11" x="398.35" y="520.02" angle="0.00" type="DEFAULT_VEHTYPE" speed="12.67" pos="75.23" lane="2/3to2/2_0" slope="0.00"/>
        <vehicle id="13" x="187.00" y="198.35" angle="90.00" type="DEFAULT_VEHTYPE" speed="6.95" pos="187.00" lane="0/1to1/1_0" slope="0.00"/>
        <vehicle id="17" x="398.35" y="730.35" angle="0.00" type="DEFAULT_VEHTYPE" speed="13.89" pos="69.65" lane="2/4to2/3_0" slope="0.00"/>
        <vehicle id="2" x="198.35" y="37.23" angle="0.00" type="DEFAULT_VEHTYPE" speed="13.31" pos="158.02" lane="1/1to1/0_0" slope="0.00"/>
        <vehicle id="21" x="382.35" y="598.35" angle="90.00" type="DEFAULT_VEHTYPE" speed="7.92" pos="177.60" lane="1/3to2/3_0" slope="0.00"/>
        <vehicle id="23" x="201.65" y="279.66" angle="180.00" type="DEFAULT_VEHTYPE" speed="13.70" pos="74.91" lane="1/1to1/2_0" slope="0.00"/>
        <vehicle id="25" x="708.14" y="598.35" angle="90.00" type="DEFAULT_VEHTYPE" speed="13.23" pos="103.39" lane="3/3to4/3_0" slope="0.00"/>
        <vehicle id="27" x="401.65" y="624.48" angle="180.00" type="DEFAULT_VEHTYPE" speed="10.19" pos="19.73" lane="2/3to2/4_0" slope="0.00"/>
        <vehicle id="29" x="561.28" y="401.65" angle="-90.00" type="DEFAULT_VEHTYPE" speed="13.45" pos="33.97" lane="3/2to2/2_0" slope="0.00"/>
        <vehicle id="3" x="398.35" y="454.54" angle="0.00" type="DEFAULT_VEHTYPE" speed="13.24" pos="140.71" lane="2/3to2/2_0" slope="0.00"/>
        <vehicle id="32" x="211.11" y="401.65" angle="-90.00" type="DEFAULT_VEHTYPE" speed="4.46" pos="184.14" lane="2/2to1/2_0" slope="0.00"/>
        <vehicle id="37" x="789.22" y="601.65" angle="-90.00" type="DEFAULT_VEHTYPE" speed="13.36" pos="10.78" lane="4/3to3/3_0" slope="0.00"/>
        <vehicle id="38" x="41.04" y="398.35" angle="90.00" type="DEFAULT_VEHTYPE" speed="13.66" pos="41.04" lane="0/2to1/2_0" slope="0.00"/>
        <vehicle id="4" x="643.97" y="598.35" angle="90.00" type="DEFAULT_VEHTYPE" speed="13.78" pos="39.22" lane="3/3to4/3_0" slope="0.00"/>
        <vehicle id="41" x="188.73" y="398.35" angle="90.00" type="DEFAULT_VEHTYPE" speed="3.76" pos="188.73" lane="0/2to1/2_0" slope="0.00"/>
        <vehicle id="42" x="601.65" y="537.62" angle="180.00" type="DEFAULT_VEHTYPE" speed="12.88" pos="132.87" lane="3/2to3/3_0" slope="0.00"/>
        <vehicle id="43" x="-0.52" y="401.31" angle="-86.00" type="DEFAULT_VEHTYPE" speed="13.33" pos="0.62" lane=":0/2_0_0" slope="0.00"/>
        <vehicle id="44" x="611.22" y="201.65" angle="-90.00" type="DEFAULT_VEHTYPE" speed="4.16" pos="188.78" lane="4/1to3/1_0" slope="0.00"/>
        <vehicle id="46" x="398.35" y="608.63" angle="0.00" type="DEFAULT_VEHTYPE" speed="13.40" pos="191.37" lane="2/4to2/3_0" slope="0.00"/>
        <vehicle id="47" x="106.31" y="398.35" angle="90.00" type="DEFAULT_VEHTYPE" speed="13.85" pos="106.31" lane="0/2to1/2_0" slope="0.00"/>
        <vehicle id="49" x="201.65" y="527.93" angle="180.00" type="DEFAULT_VEHTYPE" speed="13.32" pos="123.18" lane="1/2to1/3_0" slope="0.00"/>
        <vehicle id="6" x="201.65" y="553.34" angle="180.00" type="DEFAULT_VEHTYPE" speed="12.81" pos="148.59" lane="1/2to1/3_0" slope="0.00"/>
    </timestep>
    <timestep time="245.00">
        <vehicle id="1" x="209.22" y="201.65" angle="-90.00" type="DEFAULT_VEHTYPE" speed="3.28" pos="186.03" lane="2/1to1/1_0" slope="0.00"/>
        <vehicle id="11" x="398.35" y="506.65" angle="0.00" type="DEFAULT_VEHTYPE" speed="13.37" pos="88.60" lane="2/3to2/2_0" slope="0.00"/>
        <vehicle id="13" x="189.80" y="198.35" angle="90.00" type="DEFAULT_VEHTYPE" speed="2.81" pos="189.80" lane="0/1to1/1_0" slope="0.00"/>
        <vehicle id="17" x="398.35" y="717.30" angle="0.00" type="DEFAULT_VEHTYPE" speed="13.06" pos="82.70" lane="2/4to2/3_0" slope="0.00"/>
        <vehicle id="2" x="198.35" y="24.55" angle="0.00" type="DEFAULT_VEHTYPE" speed="12.68" pos="170.70" lane="1/1to1/0_0" slope="0.00"/>
        <vehicle id="21" x="387.55" y="598.35" angle="90.00" type="DEFAULT_VEHTYPE" speed="5.19" pos="182.80" lane="1/3to2/3_0" slope="0.00"/>
        <vehicle id="23" x="201.65" y="293.33" angle="180.00" type="DEFAULT_VEHTYPE" speed="13.66" pos="88.58" lane="1/1to1/2_0" slope="0.00"/>
        <vehicle id="25" x="721.03" y="598.35" angle="90.00" type="DEFAULT_VEHTYPE" speed="12.89" pos="116.28" lane="3/3to4/3_0" slope="0.00"/>
        <vehicle id="27" x="401.65" y="636.17" angle="180.00" type="DEFAULT_VEHTYPE" speed="11.69" pos="31.42" lane="2/3to2/4_0" slope="0.00"/>
        <vehicle id="29" x="547.62" y="401.65" angle="-90.00" type="DEFAULT_VEHTYPE" speed="13.66" pos="47.63" lane="3/2to2/2_0" slope="0.00"/>
        <vehicle id="3" x="398.35" y="441.02" angle="0.00" type="DEFAULT_VEHTYPE" speed="13.52" pos="154.23" lane="2/3to2/2_0" slope="0.00"/>
        <vehicle id="32" x="204.77" y="401.65" angle="-90.00" type="DEFAULT_VEHTYPE" speed="6.34" pos="190.48" lane="2/2to1/2_0" slope="0.00"/>
        <vehicle id="37" x="776.54" y="601.65" angle="-90.00" type="DEFAULT_VEHTYPE" speed="12.68" pos="23.46" lane="4/3to3/3_0" slope="0.00"/>
        <vehicle id="38" x="54.58" y="398.35" angle="90.00" type="DEFAULT_VEHTYPE" speed="13.53" pos="54.58" lane="0/2to1/2_0" slope="0.00"/>
        <vehicle id="4" x="657.10" y="598.35" angle="90.00" type="DEFAULT_VEHTYPE" speed="13.13" pos="52.35" lane="3/3to4/3_0" slope="0.00"/>
        <vehicle id="41" x="194.29" y="398.35" angle="90.00" type="DEFAULT_VEHTYPE" speed="5.56" pos="194.29" lane="0/2to1/2_0" slope="0.00"/>
        <vehicle id="42" x="601.65" y="550.72" angle="180.00" type="DEFAULT_VEHTYPE" speed="13.10" pos="145.97" lane="3/2to3/3_0" slope="0.00"/>
        <vehicle id="43" x="9.45" y="398.35" angle="90.00" type="DEFAULT_VEHTYPE" speed="13.65" pos="9.45" lane="0/2to1/2_0" slope="0.00"/>
        <vehicle id="44" x="605.02" y="201.65" angle="-90.00" type="DEFAULT_VEHTYPE" speed="6.20" pos="194.98" lane="4/1to3/1_0" slope="0.00"/>
        <vehicle id="46" x="398.35" y="595.40" angle="0.00" type="DEFAULT_VEHTYPE" speed="13.22" pos="9.35" lane=":2/3_1_0" slope="0.00"/>
        <vehicle id="47" x="119.23" y="398.35" angle="90.00" type="DEFAULT_VEHTYPE" speed="12.93" pos="119.23" lane="0/2to1/2_0" slope="0.00"/>
        <vehicle id="49" x="201.65" y="540.83" angle="180.00" type="DEFAULT_VEHTYPE" speed="12.90" pos="136.08" lane="1/2to1/3_0" slope="0.00"/>
        <vehicle id="6" x="201.65" y="567.11" angle="180.00" type="DEFAULT_VEHTYPE" speed="13.77" pos="162.36" lane="1/2to1/3_0" slope="0.00"/>
    </timestep>
    <timestep time="246.00">
        <vehicle id="1" x="204.11" y="201.74" angle="-91.02" type="DEFAULT_VEHTYPE" speed="5.12" pos="0.64" lane=":1/1_4_0" slope="0.00"/>
        <vehicle id="11" x="398.35" y="493.69" angle="0.00" type="DEFAULT_VEHTYPE" speed="12.96" pos="101.56" lane="2/3to2/2_0" slope="0.00"/>
        <vehicle id="13" x="194.15" y="198.35" angle="90.00" type="DEFAULT_VEHTYPE" speed="4.35" pos="194.15" lane="0/1to1/1_0" slope="0.00"/>
        <vehicle id="17" x="398.35" y="704.49" angle="0.00" type="DEFAULT_VEHTYPE" speed="12.81" pos="95.51" lane="2/4to2/3_0" slope="0.00"/>
        <vehicle id="2" x="198.35" y="11.89" angle="0.00" type="DEFAULT_VEHTYPE" speed="12.67" pos="183.36" lane="1/1to1/0_0" slope="0.00"/>
        <vehicle id="21" x="390.90" y="598.35" angle="90.00" type="DEFAULT_VEHTYPE" speed="3.36" pos="186.15" lane="1/3to2/3_0" slope="0.00"/>
        <vehicle id="23" x="201.65" y="306.74" angle="180.00" type="DEFAULT_VEHTYPE" speed="13.41" pos="101.99" lane="1/1to1/2_0" slope="0.00"/>
        <vehicle id="25" x="734.08" y="598.35" angle="90.00" type="DEFAULT_VEHTYPE" speed="13.05" pos="129.33" lane="3/3to4/3_0" slope="0.00"/>
        <vehicle id="27" x="401.65" y="649.70" angle="180.00" type="DEFAULT_VEHTYPE" speed="13.53" pos="44.95" lane="2/3to2/4_0" slope="0.00"/>
        <vehicle id="29" x="533.78" y="401.65" angle="-90.00" type="DEFAULT_VEHTYPE" speed="13.84" pos="61.47" lane="3/2to2/2_0" slope="0.00"/>
        <vehicle id="3" x="398.35" y="428.10" angle="0.00" type="DEFAULT_VEHTYPE" speed="12.92" pos="167.15" lane="2/3to2/2_0" slope="0.00"/>
        <vehicle id="32" x="198.64" y="397.27" angle="-37.96" type="DEFAULT_VEHTYPE" speed="8.30" pos="8.28" lane=":1/2_6_0" slope="0.00"/>
        <vehicle id="37" x="763.31" y="601.65" angle="-90.00" type="DEFAULT_VEHTYPE" speed="13.23" pos="36.69" lane="4/3to3/3_0" slope="0.00"/>
        <vehicle id="38" x="68.15" y="398.35" angle="90.00" type="DEFAULT_VEHTYPE" speed="13.57" pos="68.15" lane="0/2to1/2_0" slope="0.00"/>
        <vehicle id="4" x="669.81" y="598.35" angle="90.00" type="DEFAULT_VEHTYPE" speed="12.71" pos="65.06" lane="3/3to4/3_0" slope="0.00"/>
        <vehicle id="41" x="200.70" y="401.03" angle="121.57" type="DEFAULT_VEHTYPE" speed="7.39" pos="6.42" lane=":1/2_14_0" slope="0.00"/>
        <vehicle id="42" x="601.65" y="563.86" angle="180.00" type="DEFAULT_VEHTYPE" speed="13.13" pos="159.11" lane="3/2to3/3_0" slope="0.00"/>
        <vehicle id="43" x="23.10" y="398.35" angle="90.00" type="DEFAULT_VEHTYPE" speed="13.65" pos="23.10" lane="0/2to1/2_0" slope="0.00"/>
        <vehicle id="44" x="601.65" y="207.42" angle="-171.92" type="DEFAULT_VEHTYPE" speed="7.93" pos="2.67" lane="3/1to3/2_0" slope="0.00"/>
        <vehicle id="46" x="398.35" y="581.58" angle="0.00" type="DEFAULT_VEHTYPE" speed="13.82" pos="13.67" lane="2/3to2/2_0" slope="0.00"/>
        <vehicle id="47" x="132.28" y="398.35" angle="90.00" type="DEFAULT_VEHTYPE" speed="13.04" pos="132.28" lane="0/2to1/2_0" slope="0.00"/>
        <vehicle id="49" x="201.65" y="554.61" angle="180.00" type="DEFAULT_VEHTYPE" speed="13.79" pos="149.86" lane="1/2to1/3_0" slope="0.00"/>
        <vehicle id="6" x="201.65" y="580.15" angle="180.00" type="DEFAULT_VEHTYPE" speed="13.04" pos="175.40" lane="1/2to1/3_0" slope="0.00"/>
    </timestep>
    <timestep time="247.00">
        <vehicle id="1" x="201.65" y="206.92" angle="-167.24" type="DEFAULT_VEHTYPE" speed="6.53" pos="2.17" lane="1/1to1/2_0" slope="0.00"/>
        <vehicle id="11" x="398.35" y="480.42" angle="0.00" type="DEFAULT_VEHTYPE" speed="13.27" pos="114.83" lane="2/3to2/2_0" slope="0.00"/>
        <vehicle id="13" x="198.35" y="195.19" angle="43.90" type="DEFAULT_VEHTYPE" speed="6.16" pos="0.06" lane="1/1to1/0_0" slope="0.00"/>
        <vehicle id="17" x="398.35" y="690.92" angle="0.00" type="DEFAULT_VEHTYPE" speed="13.57" pos="109.08" lane="2/4to2/3_0" slope="0.00"/>
        <vehicle id="2" x="198.99" y="-0.97" angle="7.56" type="DEFAULT_VEHTYPE" speed="13.04" pos="1.16" lane=":1/0_0_0" slope="0.00"/>
        <vehicle id="21" x="395.89" y="598.44" angle="91.05" type="DEFAULT_VEHTYPE" speed="5.00" pos="0.65" lane=":2/3_14_0" slope="0.00"/>
        <vehicle id="23" x="201.65" y="320.35" angle="180.00" type="DEFAULT_VEHTYPE" speed="13.61" pos="115.60" lane="1/1to1/2_0" slope="0.00"/>
        <vehicle id="25" x="746.71" y="598.35" angle="90.00" type="DEFAULT_VEHTYPE" speed="12.63" pos="141.96" lane="3/3to4/3_0" slope="0.00"/>
        <vehicle id="27" x="401.65" y="663.50" angle="180.00" type="DEFAULT_VEHTYPE" speed="13.80" pos="58.75" lane="2/3to2/4_0" slope="0.00"/>
        <vehicle id="29" x="521.00" y="401.65" angle="-90.00" type="DEFAULT_VEHTYPE" speed="12.77" pos="74.25" lane="3/2to2/2_0" slope="0.00"/>
        <vehicle id="3" x="398.35" y="414.82" angle="0.00" type="DEFAULT_VEHTYPE" speed="13.28" pos="180.43" lane="2/3to2/2_0" slope="0.00"/>
        <vehicle id="32" x="198.35" y="387.06" angle="0.00" type="DEFAULT_VEHTYPE" speed="10.23" pos="8.19" lane="1/2to1/1_0" slope="0.00"/>
        <vehicle id="37" x="750.09" y="601.65" angle="-90.00" type="DEFAULT_VEHTYPE" speed="13.22" pos="49.91" lane="4/3to3/3_0" slope="0.00"/>
        <vehicle id="38" x="80.87" y="398.35" angle="90.00" type="DEFAULT_VEHTYPE" speed="12.72" pos="80.87" lane="0/2to1/2_0" slope="0.00"/>
        <vehicle id="4" x="683.19" y="598.35" angle="90.00" type="DEFAULT_VEHTYPE" speed="13.38" pos="78.44" lane="3/3to4/3_0" slope="0.00"/>
        <vehicle id="41" x="201.65" y="410.50" angle="180.00" type="DEFAULT_VEHTYPE" speed="9.65" pos="5.75" lane="1/2to1/3_0" slope="0.00"/>
        <vehicle id="42" x="601.65" y="577.22" angle="180.00" type="DEFAULT_VEHTYPE" speed="13.36" pos="172.47" lane="3/2to3/3_0" slope="0.00"/>
        <vehicle id="43" x="35.82" y="398.35" angle="90.00" type="DEFAULT_VEHTYPE" speed="12.71" pos="35.82" lane="0/2to1/2_0" slope="0.00"/>
        <vehicle id="44" x="601.65" y="217.89" angle="180.00" type="DEFAULT_VEHTYPE" speed="10.48" pos="13.14" lane="3/1to3/2_0" slope="0.00"/>
        <vehicle id="46" x="398.35" y="568.24" angle="0.00" type="DEFAULT_VEHTYPE" speed="13.34" pos="27.01" lane="2/3to2/2_0" slope="0.00"/>
        <vehicle id="47" x="144.89" y="398.35" angle="90.00" type="DEFAULT_VEHTYPE" speed="12.61" pos="144.89" lane="0/2to1/2_0" slope="0.00"/>
        <vehicle id="49" x="201.65" y="567.87" angle="180.00" type="DEFAULT_VEHTYPE" speed="13.25" pos="163.12" lane="1/2to1/3_0" slope="0.00"/>
        <vehicle id="6" x="201.65" y="593.98" angle="180.00" type="DEFAULT_VEHTYPE" speed="13.83" pos="189.23" lane="1/2to1/3_0" slope="0.00"/>
    </timestep>
    <timestep time="248.00">
        <vehicle id="1" x="201.65" y="215.06" angle="180.00" type="DEFAULT_VEHTYPE" speed="8.14" pos="10.31" lane="1/1to1/2_0" slope="0.00"/>
        <vehicle id="11" x="398.35" y="467.51" angle="0.00" type="DEFAULT_VEHTYPE" speed="12.91" pos="127.74" lane="2/3to2/2_0" slope="0.00"/>
        <vehicle id="13" x="198.35" y="186.68" angle="0.00" type="DEFAULT_VEHTYPE" speed="8.50" pos="8.57" lane="1/1to1/0_0" slope="0.00"/>
        <vehicle id="17" x="398.35" y="677.23" angle="0.00" type="DEFAULT_VEHTYPE" speed="13.69" pos="122.77" lane="2/4to2/3_0" slope="0.00"/>
        <vehicle id="2" x="201.65" y="9.81" angle="180.00" type="DEFAULT_VEHTYPE" speed="13.48" pos="9.81" lane="1/0to1/1_0" slope="0.00"/>
        <vehicle id="21" x="401.34" y="602.58" angle="140.50" type="DEFAULT_VEHTYPE" speed="7.48" pos="8.13" lane=":2/3_14_0" slope="0.00"/>
        <vehicle id="23" x="201.65" y="334.01" angle="180.00" type="DEFAULT_VEHTYPE" speed="13.66" pos="129.26" lane="1/1to1/2_0" slope="0.00"/>
        <vehicle id="25" x="759.76" y="598.35" angle="90.00" type="DEFAULT_VEHTYPE" speed="13.04" pos="155.01" lane="3/3to4/3_0" slope="0.00"/>
        <vehicle id="27" x="401.65" y="676.96" angle="180.00" type="DEFAULT_VEHTYPE" speed="13.46" pos="72.21" lane="2/3to2/4_0" slope="0.00"/>
        <vehicle id="29" x="508.35" y="401.65" angle="-90.00" type="DEFAULT_VEHTYPE" speed="12.66" pos="86.90" lane="3/2to2/2_0" slope="0.00"/>
        <vehicle id="3" x="396.57" y="401.83" angle="-22.63" type="DEFAULT_VEHTYPE" speed="13.74" pos="3.67" lane=":2/2_0_0" slope="0.00"/>
        <vehicle id="32" x="198.35" y="375.23" angle="0.00" type="DEFAULT_VEHTYPE" speed="11.83" pos="20.02" lane="1/2to1/1_0" slope="0.00"/>
        <vehicle id="37" x="737.09" y="601.65" angle="-90.00" type="DEFAULT_VEHTYPE" speed="12.99" pos="62.91" lane="4/3to3/3_0" slope="0.00"/>
        <vehicle id="38" x="94.27" y="398.35" angle="90.00" type="DEFAULT_VEHTYPE" speed="13.40" pos="94.27" lane="0/2to1/2_0" slope="0.00"/>
        <vehicle id="4" x="696.42" y="598.35" angle="90.00" type="DEFAULT_VEHTYPE" speed="13.22" pos="91.67" lane="3/3to4/3_0" slope="0.00"/>
        <vehicle id="41" x="201.65" y="422.08" angle="180.00" type="DEFAULT_VEHTYPE" speed="11.58" pos="17.33" lane="1/2to1/3_0" slope="0.00"/>
        <vehicle id="42" x="601.65" y="591.12" angle="180.00" type="DEFAULT_VEHTYPE" speed="13.90" pos="186.37" lane="3/2to3/3_0" slope="0.00"/>
        <vehicle id="43" x="49.59" y="398.35" angle="90.00" type="DEFAULT_VEHTYPE" speed="13.77" pos="49.59" lane="0/2to1/2_0" slope="0.00"/>
        <vehicle id="44" x="601.65" y="230.92" angle="180.00" type="DEFAULT_VEHTYPE" speed="13.03" pos="26.17" lane="3/1to3/2_0" slope="0.00"/>
        <vehicle id="46" x="398.35" y="554.48" angle="0.00" type="DEFAULT_VEHTYPE" speed="13.75" pos="40.77" lane="2/3to2/2_0" slope="0.00"/>
        <vehicle id="47" x="158.73" y="398.35" angle="90.00" type="DEFAULT_VEHTYPE" speed="13.85" pos="158.73" lane="0/2to1/2_0" slope="0.00"/>
        <vehicle id="49" x="201.65" y="580.88" angle="180.00" type="DEFAULT_VEHTYPE" speed="13.02" pos="176.13" lane="1/2to1/3_0" slope="0.00"/>
        <vehicle id="6" x="212.14" y="598.35" angle="90.00" type="DEFAULT_VEHTYPE" speed="13.66" pos="7.39" lane="1/3to2/3_0" slope="0.00"/>
    </timestep>
    <timestep time="249.00">
        <vehicle id="1" x="201.65" y="224.58" angle="180.00" type="DEFAULT_VEHTYPE" speed="9.52" pos="19.83" lane="1/1to1/2_0" slope="0.00"/>
        <vehicle id="11" x="398.35" y="454.91" angle="0.00" type="DEFAULT_VEHTYPE" speed="12.61" pos="140.34" lane="2/3to2/2_0" slope="0.00"/>
        <vehicle id="13" x="198.35" y="176.17" angle="0.00" type="DEFAULT_VEHTYPE" speed="10.51" pos="19.08" lane="1/1to1/0_0" slope="0.00"/>
        <vehicle id="17" x="398.35" y="664.38" angle="0.00" type="DEFAULT_VEHTYPE" speed="12.85" pos="135.62" lane="2/4to2/3_0" slope="0.00"/>
        <vehicle id="2" x="201.65" y="23.05" angle="180.00" type="DEFAULT_VEHTYPE" speed="13.24" pos="23.05" lane="1/0to1/1_0" slope="0.00"/>
        <vehicle id="21" x="401.65" y="611.70" angle="180.00" type="DEFAULT_VEHTYPE" speed="9.14" pos="6.95" lane="2/3to2/4_0" slope="0.00"/>
        <vehicle id="23" x="201.65" y="346.64" angle="180.00" type="DEFAULT_VEHTYPE" speed="12.63" pos="141.89" lane="1/1to1/2_0" slope="0.00"/>
        <vehicle id="25" x="772.90" y="598.35" angle="90.00" type="DEFAULT_VEHTYPE" speed="13.14" pos="168.15" lane="3/3to4/3_0" slope="0.00"/>
        <vehicle id="27" x="401.65" y="690.13" angle="180.00" type="DEFAULT_VEHTYPE" speed="13.17" pos="85.38" lane="2/3to2/4_0" slope="0.00"/>
        <vehicle id="29" x="495.15" y="401.65" angle="-90.00" type="DEFAULT_VEHTYPE" speed="13.19" pos="100.10" lane="3/2to2/2_0" slope="0.00"/>
        <vehicle id="3" x="382.95" y="401.65" angle="-90.00" type="DEFAULT_VEHTYPE" speed="13.63" pos="12.30" lane="2/2to1/2_0" slope="0.00"/>
        <vehicle id="32" x="198.35" y="362.27" angle="0.00" type="DEFAULT_VEHTYPE" speed="12.96" pos="32.98" lane="1/2to1/1_0" slope="0.00"/>
        <vehicle id="37" x="724.19" y="601.65" angle="-90.00" type="DEFAULT_VEHTYPE" speed="12.90" pos="75.81" lane="4/3to3/3_0" slope="0.00"/>
        <vehicle id="38" x="107.14" y="398.35" angle="90.00" type="DEFAULT_VEHTYPE" speed="12.87" pos="107.14" lane="0/2to1/2_0" slope="0.00"/>
        <vehicle id="4" x="709.69" y="598.35" angle="90.00" type="DEFAULT_VEHTYPE" speed="13.27" pos="104.94" lane="3/3to4/3_0" slope="0.00"/>
        <vehicle id="41" x="201.65" y="435.20" angle="180.00" type="DEFAULT_VEHTYPE" speed="13.12" pos="30.45" lane="1/2to1/3_0" slope="0.00"/>
        <vehicle id="42" x="609.21" y="598.35" angle="90.86" type="DEFAULT_VEHTYPE" speed="13.59" pos="4.46" lane="3/3to4/3_0" slope="0.00"/>
        <vehicle id="43" x="62.39" y="398.35" angle="90.00" type="DEFAULT_VEHTYPE" speed="12.80" pos="62.39" lane="0/2to1/2_0" slope="0.00"/>
        <vehicle id="44" x="601.65" y="243.60" angle="180.00" type="DEFAULT_VEHTYPE" speed="12.68" pos="38.85" lane="3/1to3/2_0" slope="0.00"/>
        <vehicle id="46" x="398.35" y="541.44" angle="0.00" type="DEFAULT_VEHTYPE" speed="13.04" pos="53.81" lane="2/3to2/2_0" slope="0.00"/>
        <vehicle id="47" x="171.59" y="398.35" angle="90.00" type="DEFAULT_VEHTYPE" speed="12.86" pos="171.59" lane="0/2to1/2_0" slope="0.00"/>
        <vehicle id="49" x="201.65" y="594.71" angle="180.00" type="DEFAULT_VEHTYPE" speed="13.83" pos="189.96" lane="1/2to1/3_0" slope="0.00"/>
        <vehicle id="6" x="225.22" y="598.35" angle="90.00" type="DEFAULT_VEHTYPE" speed="13.08" pos="20.47" lane="1/3to2/3_0" slope="0.00"/>
    </timestep>
    <timestep time="250.00">
        <vehicle id="1" x="201.65" y="236.44" angle="180.00" type="DEFAULT_VEHTYPE" speed="11.86" pos="31.69" lane="1/1to1/2_0" slope="0.00"/>
        <vehicle id="11" x="398.35" y="441.74" angle="0.00" type="DEFAULT_VEHTYPE" speed="13.17" pos="153.51" lane="2/3to2/2_0" slope="0.00"/>
        <vehicle id="13" x="198.35" y="163.94" angle="0.00" type="DEFAULT_VEHTYPE" speed="12.23" pos="31.31" lane="1/1to1/0_0" slope="0.00"/>
        <vehicle id="17" x="398.35" y="650.89" angle="0.00" type="DEFAULT_VEHTYPE" speed="13.49" pos="149.11" lane="2/4to2/3_0" slope="0.00"/>
        <vehicle id="2" x="201.65" y="35.96" angle="180.00" type="DEFAULT_VEHTYPE" speed="12.91" pos="35.96" lane="1/0to1/1_0" slope="0.00"/>
        <vehicle id="21" x="401.65" y="623.12" angle="180.00" type="DEFAULT_VEHTYPE" speed="11.42" pos="18.37" lane="2/3to2/4_0" slope="0.00"/>
        <vehicle id="23" x="201.65" y="359.80" angle="180.00" type="DEFAULT_VEHTYPE" speed="13.17" pos="155.05" lane="1/1to1/2_0" slope="0.00"/>
        <vehicle id="25" x="786.08" y="598.35" angle="90.00" type="DEFAULT_VEHTYPE" speed="13.18" pos="181.33" lane="3/3to4/3_0" slope="0.00"/>
        <vehicle id="27" x="401.65" y="702.91" angle="180.00" type="DEFAULT_VEHTYPE" speed="12.78" pos="98.16" lane="2/3to2/4_0" slope="0.00"/>
        <vehicle id="29" x="481.33" y="401.65" angle="-90.00" type="DEFAULT_VEHTYPE" speed="13.82" pos="113.92" lane="3/2to2/2_0" slope="0.00"/>
        <vehicle id="3" x="369.59" y="401.65" angle="-90.00" type="DEFAULT_VEHTYPE" speed="13.37" pos="25.66" lane="2/2to1/2_0" slope="0.00"/>
        <vehicle id="32" x="198.35" y="349.29" angle="0.00" type="DEFAULT_VEHTYPE" speed="12.98" pos="45.96" lane="1/2to1/1_0" slope="0.00"/>
        <vehicle id="37" x="711.21" y="601.65" angle="-90.00" type="DEFAULT_VEHTYPE" speed="12.99" pos="88.79" lane="4/3to3/3_0" slope="0.00"/>
        <vehicle id="38" x="119.98" y="398.35" angle="90.00" type="DEFAULT_VEHTYPE" speed="12.84" pos="119.98" lane="0/2to1/2_0" slope="0.00"/>
        <vehicle id="4" x="722.84" y="598.35" angle="90.00" type="DEFAULT_VEHTYPE" speed="13.16" pos="118.09" lane="3/3to4/3_0" slope="0.00"/>
        <vehicle id="41" x="201.65" y="448.36" angle="180.00" type="DEFAULT_VEHTYPE" speed="13.16" pos="43.61" lane="1/2to1/3_0" slope="0.00"/>
        <vehicle id="42" x="622.87" y="598.35" angle="90.00" type="DEFAULT_VEHTYPE" speed="13.66" pos="18.12" lane="3/3to4/3_0" slope="0.00"/>
        <vehicle id="43" x="75.30" y="398.35" angle="90.00" type="DEFAULT_VEHTYPE" speed="12.91" pos="75.30" lane="0/2to1/2_0" slope="0.00"/>
        <vehicle id="44" x="601.65" y="256.62" angle="180.00" type="DEFAULT_VEHTYPE" speed="13.03" pos="51.87" lane="3/1to3/2_0" slope="0.00"/>
        <vehicle id="46" x="398.35" y="527.92" angle="0.00" type="DEFAULT_VEHTYPE" speed="13.52" pos="67.33" lane="2/3to2/2_0" slope="0.00"/>
        <vehicle id="47" x="180.33" y="398.35" angle="90.00" type="DEFAULT_VEHTYPE" speed="8.74" pos="180.33" lane="0/2to1/2_0" slope="0.00"/>
        <vehicle id="49" x="213.08" y="598.35" angle="90.00" type="DEFAULT_VEHTYPE" speed="13.87" pos="8.33" lane="1/3to2/3_0" slope="0.00"/>
        <vehicle id="6" x="237.86" y="598.35" angle="90.00" type="DEFAULT_VEHTYPE" speed="12.64" pos="33.11" lane="1/3to2/3_0" slope="0.00"/>
    </timestep>
    <timestep time="251.00">
        <vehicle id="1" x="201.65" y="249.20" angle="180.00" type="DEFAULT_VEHTYPE" speed="12.76" pos="44.45" lane="1/1to1/2_0" slope="0.00"/>
        <vehicle id="11" x="398.35" y="427.96" angle="0.00" type="DEFAULT_VEHTYPE" speed="13.78" pos="167.29" lane="2/3to2/2_0" slope="0.00"/>
        <vehicle id="13" x="198.35" y="150.32" angle="0.00" type="DEFAULT_VEHTYPE" speed="13.62" pos="44.93" lane="1/1to1/0_0" slope="0.00"/>
        <vehicle id="17" x="398.35" y="637.74" angle="0.00" type="DEFAULT_VEHTYPE" speed="13.16" pos="162.26" lane="2/4to2/3_0" slope="0.00"/>
        <vehicle id="2" x="201.65" y="48.61" angle="180.00" type="DEFAULT_VEHTYPE" speed="12.65" pos="48.61" lane="1/0to1/1_0" slope="0.00"/>
        <vehicle id="21" x="401.65" y="636.80" angle="180.00" type="DEFAULT_VEHTYPE" speed="13.68" pos="32.05" lane="2/3to2/4_0" slope="0.00"/>
        <vehicle id="23" x="201.65" y="373.40" angle="180.00" type="DEFAULT_VEHTYPE" speed="13.60" pos="168.65" lane="1/1to1/2_0" slope="0.00"/>
        <vehicle id="25" x="799.92" y="598.35" angle="90.00" type="DEFAULT_VEHTYPE" speed="13.84" pos="195.17" lane="3/3to4/3_0" slope="0.00"/>
        <vehicle id="27" x="401.65" y="716.43" angle="180.00" type="DEFAULT_VEHTYPE" speed="13.52" pos="111.68" lane="2/3to2/4_0" slope="0.00"/>
        <vehicle id="29" x="468.24" y="401.65" angle="-90.00" type="DEFAULT_VEHTYPE" speed="13.09" pos="127.01" lane="3/2to2/2_0" slope="0.00"/>
        <vehicle id="3" x="356.46" y="401.65" angle="-90.00" type="DEFAULT_VEHTYPE" speed="13.13" pos="38.79" lane="2/2to1/2_0" slope="0.00"/>
        <vehicle id="32" x="198.35" y="335.82" angle="0.00" type="DEFAULT_VEHTYPE" speed="13.47" pos="59.43" lane="1/2to1/1_0" slope="0.00"/>
        <vehicle id="37" x="698.32" y="601.65" angle="-90.00" type="DEFAULT_VEHTYPE" speed="12.89" pos="101.68" lane="4/3to3/3_0" slope="0.00"/>
        <vehicle id="38" x="132.71" y="398.35" angle="90.00" type="DEFAULT_VEHTYPE" speed="12.73" pos="132.71" lane="0/2to1/2_0" slope="0.00"/>
        <vehicle id="4" x="736.20" y="598.35" angle="90.00" type="DEFAULT_VEHTYPE" speed="13.35" pos="131.45" lane="3/3to4/3_0" slope="0.00"/>
        <vehicle id="41" x="201.65" y="462.16" angle="180.00" type="DEFAULT_VEHTYPE" speed="13.80" pos="57.41" lane="1/2to1/3_0" slope="0.00"/>
        <vehicle id="42" x="636.47" y="598.35" angle="90.00" type="DEFAULT_VEHTYPE" speed="13.60" pos="31.72" lane="3/3to4/3_0" slope="0.00"/>
        <vehicle id="43" x="88.84" y="398.35" angle="90.00" type="DEFAULT_VEHTYPE" speed="13.54" pos="88.84" lane="0/2to1/2_0" slope="0.00"/>
        <vehicle id="44" x="601.65" y="269.68" angle="180.00" type="DEFAULT_VEHTYPE" speed="13.06" pos="64.93" lane="3/1to3/2_0" slope="0.00"/>
        <vehicle id="46" x="398.35" y="514.36" angle="0.00" type="DEFAULT_VEHTYPE" speed="13.56" pos="80.89" lane="2/3to2/2_0" slope="0.00"/>
        <vehicle id="47" x="187.06" y="398.35" angle="90.00" type="DEFAULT_VEHTYPE" speed="6.72" pos="187.06" lane="0/2to1/2_0" slope="0.00"/>
        <vehicle id="49" x="226.65" y="598.35" angle="90.00" type="DEFAULT_VEHTYPE" speed="13.57" pos="21.90" lane="1/3to2/3_0" slope="0.00"/>
        <vehicle id="6" x="251.69" y="598.35" angle="90.00" type="DEFAULT_VEHTYPE" speed="13.82" pos="46.94" lane="1/3to2/3_0" slope="0.00"/>
    </timestep>
    <timestep time="252.00">
        <vehicle id="1" x="201.65" y="262.35" angle="180.00" type="DEFAULT_VEHTYPE" speed="13.15" pos="57.60" lane="1/1to1/2_0" slope="0.00"/>
        <vehicle id="11" x="398.35" y="414.36" angle="0.00" type="DEFAULT_VEHTYPE" speed="13.60" pos="180.89" lane="2/3to2/2_0" slope="0.00"/>
        <vehicle id="13" x="198.35" y="137.27" angle="0.00" type="DEFAULT_VEHTYPE" speed="13.05" pos="57.98" lane="1/1to1/0_0" slope="0.00"/>
        <vehicle id="17" x="398.35" y="623.95" angle="0.00" type="DEFAULT_VEHTYPE" speed="13.78" pos="176.05" lane="2/4to2/3_0" slope="0.00"/>
        <vehicle id="2" x="201.65" y="62.24" angle="180.00" type="DEFAULT_VEHTYPE" speed="13.63" pos="62.24" lane="1/0to1/1_0" slope="0.00"/>
        <vehicle id="21" x="401.65" y="650.56" angle="180.00" type="DEFAULT_VEHTYPE" speed="13.76" pos="45.81" lane="2/3to2/4_0" slope="0.00"/>
        <vehicle id="23" x="201.65" y="386.56" angle="180.00" type="DEFAULT_VEHTYPE" speed="13.16" pos="181.81" lane="1/1to1/2_0" slope="0.00"/>
        <vehicle id="25" x="791.44" y="601.65" angle="-90.00" type="DEFAULT_VEHTYPE" speed="13.46" pos="8.56" lane="4/3to3/3_0" slope="0.00"/>
        <vehicle id="27" x="401.65" y="729.92" angle="180.00" type="DEFAULT_VEHTYPE" speed="13.49" pos="125.17" lane="2/3to2/4_0" slope="0.00"/>
        <vehicle id="29" x="455.48" y="401.65" angle="-90.00" type="DEFAULT_VEHTYPE" speed="12.75" pos="139.77" lane="3/2to2/2_0" slope="0.00"/>
        <vehicle id="3" x="342.71" y="401.65" angle="-90.00" type="DEFAULT_VEHTYPE" speed="13.75" pos="52.54" lane="2/2to1/2_0" slope="0.00"/>
        <vehicle id="32" x="198.35" y="322.98" angle="0.00" type="DEFAULT_VEHTYPE" speed="12.85" pos="72.27" lane="1/2to1/1_0" slope="0.00"/>
        <vehicle id="37" x="685.58" y="601.65" angle="-90.00" type="DEFAULT_VEHTYPE" speed="12.74" pos="114.42" lane="4/3to3/3_0" slope="0.00"/>
        <vehicle id="38" x="145.61" y="398.35" angle="90.00" type="DEFAULT_VEHTYPE" speed="12.90" pos="145.61" lane="0/2to1/2_0" slope="0.00"/>
        <vehicle id="4" x="749.26" y="598.35" angle="90.00" type="DEFAULT_VEHTYPE" speed="13.07" pos="144.51" lane="3/3to4/3_0" slope="0.00"/>
        <vehicle id="41" x="201.65" y="476.02" angle="180.00" type="DEFAULT_VEHTYPE" speed="13.86" pos="71.27" lane="1/2to1/3_0" slope="0.00"/>
        <vehicle id="42" x="649.47" y="598.35" angle="90.00" type="DEFAULT_VEHTYPE" speed="13.00" pos="44.72" lane="3/3to4/3_0" slope="0.00"/>
        <vehicle id="43" x="101.54" y="398.35" angle="90.00" type="DEFAULT_VEHTYPE" speed="12.70" pos="101.54" lane="0/2to1/2_0" slope="0.00"/>
        <vehicle id="44" x="601.65" y="282.63" angle="180.00" type="DEFAULT_VEHTYPE" speed="12.95" pos="77.88" lane="3/1to3/2_0" slope="0.00"/>
        <vehicle id="46" x="398.35" y="500.73" angle="0.00" type="DEFAULT_VEHTYPE" speed="13.63" pos="94.52" lane="2/3to2/2_0" slope="0.00"/>
        <vehicle id="47" x="190.14" y="398.35" angle="90.00" type="DEFAULT_VEHTYPE" speed="3.09" pos="190.14" lane="0/2to1/2_0" slope="0.00"/>
        <vehicle id="49" x="239.77" y="598.35" angle="90.00" type="DEFAULT_VEHTYPE" speed="13.12" pos="35.02" lane="1/3to2/3_0" slope="0.00"/>
        <vehicle id="6" x="265.05" y="598.35" angle="90.00" type="DEFAULT_VEHTYPE" speed="13.36" pos="60.30" lane="1/3to2/3_0" slope="0.00"/>
    </timestep>
    <timestep time="253.00">
        <vehicle id="1" x="201.65" y="275.69" angle="180.00" type="DEFAULT_VEHTYPE" speed="13.34" pos="70.94" lane="1/1to1/2_0" slope="0.00"/>
        <vehicle id="11" x="396.72" y="401.91" angle="-20.53" type="DEFAULT_VEHTYPE" speed="13.11" pos="3.50" lane=":2/2_0_0" slope="0.00"/>
        <vehicle id="13" x="198.35" y="124.27" angle="0.00" type="DEFAULT_VEHTYPE" speed="12.99" pos="70.98" lane="1/1to1/0_0" slope="0.00"/>
        <vehicle id="17" x="398.35" y="611.05" angle="0.00" type="DEFAULT_VEHTYPE" speed="12.90" pos="188.95" lane="2/4to2/3_0" slope="0.00"/>
        <vehicle id="2" x="201.65" y="75.66" angle="180.00" type="DEFAULT_VEHTYPE" speed="13.43" pos="75.66" lane="1/0to1/1_0" slope="0.00"/>
        <vehicle id="21" x="401.65" y="663.91" angle="180.00" type="DEFAULT_VEHTYPE" speed="13.35" pos="59.16" lane="2/3to2/4_0" slope="0.00"/>
        <vehicle id="23" x="201.65" y="400.20" angle="180.00" type="DEFAULT_VEHTYPE" speed="13.65" pos="4.95" lane=":1/2_9_0" slope="0.00"/>
        <vehicle id="25" x="777.82" y="601.65" angle="-90.00" type="DEFAULT_VEHTYPE" speed="13.62" pos="22.18" lane="4/3to3/3_0" slope="0.00"/>
        <vehicle id="27" x="401.65" y="743.07" angle="180.00" type="DEFAULT_VEHTYPE" speed="13.15" pos="138.32" lane="2/3to2/4_0" slope="0.00"/>
        <vehicle id="29" x="442.02" y="401.65" angle="-90.00" type="DEFAULT_VEHTYPE" speed="13.46" pos="153.23" lane="3/2to2/2_0" slope="0.00"/>
        <vehicle id="3" x="329.12" y="401.65" angle="-90.00" type="DEFAULT_VEHTYPE" speed="13.59" pos="66.13" lane="2/2to1/2_0" slope="0.00"/>
        <vehicle id="32" x="198.35" y="309.81" angle="0.00" type="DEFAULT_VEHTYPE" speed="13.17" pos="85.44" lane="1/2to1/1_0" slope="0.00"/>
        <vehicle id="37" x="671.83" y="601.65" angle="-90.00" type="DEFAULT_VEHTYPE" speed="13.75" pos="128.17" lane="4/3to3/3_0" slope="0.00"/>
        <vehicle id="38" x="158.39" y="398.35" angle="90.00" type="DEFAULT_VEHTYPE" speed="12.78" pos="158.39" lane="0/2to1/2_0" slope="0.00"/>
        <vehicle id="4" x="762.93" y="598.35" angle="90.00" type="DEFAULT_VEHTYPE" speed="13.67" pos="158.18" lane="3/3to4/3_0" slope="0.00"/>
        <vehicle id="41" x="201.65" y="489.42" angle="180.00" type="DEFAULT_VEHTYPE" speed="13.40" pos="84.67" lane="1/2to1/3_0" slope="0.00"/>
        <vehicle id="42" x="663.15" y="598.35" angle="90.00" type="DEFAULT_VEHTYPE" speed="13.68" pos="58.40" lane="3/3to4/3_0" slope="0.00"/>
        <vehicle id="43" x="114.69" y="398.35" angle="90.00" type="DEFAULT_VEHTYPE" speed="13.15" pos="114.69" lane="0/2to1/2_0" slope="0.00"/>
        <vehicle id="44" x="601.65" y="295.84" angle="180.00" type="DEFAULT_VEHTYPE" speed="13.21" pos="91.09" lane="3/1to3/2_0" slope="0.00"/>
        <vehicle id="46" x="398.35" y="487.13" angle="0.00" type="DEFAULT_VEHTYPE" speed="13.59" pos="108.12" lane="2/3to2/2_0" slope="0.00"/>
        <vehicle id="47" x="191.29" y="398.35" angle="90.00" type="DEFAULT_VEHTYPE" speed="1.15" pos="191.29" lane="0/2to1/2_0" slope="0.00"/>
        <vehicle id="49" x="252.59" y="598.35" angle="90.00" type="DEFAULT_VEHTYPE" speed="12.82" pos="47.84" lane="1/3to2/3_0" slope="0.00"/>
        <vehicle id="6" x="278.83" y="598.35" angle="90.00" type="DEFAULT_VEHTYPE" speed="13.78" pos="74.08" lane="1/3to2/3_0" slope="0.00"/>
    </timestep>
    <timestep time="254.00">
        <vehicle id="1" x="201.65" y="288.42" angle="180.00" type="DEFAULT_VEHTYPE" speed="12.74" pos="83.67" lane="1/1to1/2_0" slope="0.00"/>
        <vehicle id="11" x="382.89" y="401.65" angle="-90.00" type="DEFAULT_VEHTYPE" speed="13.86" pos="12.36" lane="2/2to1/2_0" slope="0.00"/>
        <vehicle id="13" x="198.35" y="110.86" angle="0.00" type="DEFAULT_VEHTYPE" speed="13.42" pos="84.39" lane="1/1to1/0_0" slope="0.00"/>
        <vehicle id="17" x="398.35" y="598.27" angle="0.00" type="DEFAULT_VEHTYPE" speed="12.79" pos="6.48" lane=":2/3_1_0" slope="0.00"/>
        <vehicle id="2" x="201.65" y="89.50" angle="180.00" type="DEFAULT_VEHTYPE" speed="13.83" pos="89.50" lane="1/0to1/1_0" slope="0.00"/>
        <vehicle id="21" x="401.65" y="676.93" angle="180.00" type="DEFAULT_VEHTYPE" speed="13.02" pos="72.18" lane="2/3to2/4_0" slope="0.00"/>
        <vehicle id="23" x="201.65" y="414.07" angle="180.00" type="DEFAULT_VEHTYPE" speed="13.87" pos="9.32" lane="1/2to1/3_0" slope="0.00"/>
        <vehicle id="25" x="764.32" y="601.65" angle="-90.00" type="DEFAULT_VEHTYPE" speed="13.50" pos="35.68" lane="4/3to3/3_0" slope="0.00"/>
        <vehicle id="27" x="401.65" y="756.47" angle="180.00" type="DEFAULT_VEHTYPE" speed="13.40" pos="151.72" lane="2/3to2/4_0" slope="0.00"/>
        <vehicle id="29" x="429.39" y="401.65" angle="-90.00" type="DEFAULT_VEHTYPE" speed="12.63" pos="165.86" lane="3/2to2/2_0" slope="0.00"/>
        <vehicle id="3" x="316.36" y="401.65" angle="-90.00" type="DEFAULT_VEHTYPE" speed="12.76" pos="78.89" lane="2/2to1/2_0" slope="0.00"/>
        <vehicle id="32" x="198.35" y="297.03" angle="0.00" type="DEFAULT_VEHTYPE" speed="12.78" pos="98.22" lane="1/2to1/1_0" slope="0.00"/>
        <vehicle id="37" x="657.97" y="601.65" angle="-90.00" type="DEFAULT_VEHTYPE" speed="13.87" pos="142.03" lane="4/3to3/3_0" slope="0.00"/>
        <vehicle id="38" x="169.11" y="398.35" angle="90.00" type="DEFAULT_VEHTYPE" speed="10.72" pos="169.11" lane="0/2to1/2_0" slope="0.00"/>
        <vehicle id="4" x="776.69" y="598.35" angle="90.00" type="DEFAULT_VEHTYPE" speed="13.76" pos="171.94" lane="3/3to4/3_0" slope="0.00"/>
        <vehicle id="41" x="201.65" y="503.29" angle="180.00" type="DEFAULT_VEHTYPE" speed="13.88" pos="98.54" lane="1/2to1/3_0" slope="0.00"/>
        <vehicle id="42" x="676.09" y="598.35" angle="90.00" type="DEFAULT_VEHTYPE" speed="12.94" pos="71.34" lane="3/3to4/3_0" slope="0.00"/>
        <vehicle id="43" x="127.79" y="398.35" angle="90.00" type="DEFAULT_VEHTYPE" speed="13.10" pos="127.79" lane="0/2to1/2_0" slope="0.00"/>
        <vehicle id="44" x="601.65" y="309.68" angle="180.00" type="DEFAULT_VEHTYPE" speed="13.84" pos="104.93" lane="3/1to3/2_0" slope="0.00"/>
        <vehicle id="46" x="398.35" y="474.44" angle="0.00" type="DEFAULT_VEHTYPE" speed="12.70" pos="120.81" lane="2/3to2/2_0" slope="0.00"/>
        <vehicle id="47" x="191.98" y="398.35" angle="90.00" type="DEFAULT_VEHTYPE" speed="0.69" pos="191.98" lane="0/2to1/2_0" slope="0.00"/>
        <vehicle id="49" x="266.47" y="598.35" angle="90.00" type="DEFAULT_VEHTYPE" speed="13.88" pos="61.72" lane="1/3to2/3_0" slope="0.00"/>
        <vehicle id="6" x="291.92" y="598.35" angle="90.00" type="DEFAULT_VEHTYPE" speed="13.09" pos="87.17" lane="1/3to2/3_0" slope="0.00"/>
    </timestep>
    <timestep time="255.00">
        <vehicle id="1" x="201.65" y="301.07" angle="180.00" type="DEFAULT_VEHTYPE" speed="12.65" pos="96.32" lane="1/1to1/2_0" slope="0.00"/>
        <vehicle id="11" x="369.22" y="401.65" angle="-90.00" type="DEFAULT_VEHTYPE" speed="13.67" pos="26.03" lane="2/2to1/2_0" slope="0.00"/>
        <vehicle id="13" x="198.35" y="97.38" angle="0.00" type="DEFAULT_VEHTYPE" speed="13.48" pos="97.87" lane="1/1to1/0_0" slope="0.00"/>
        <vehicle id="17" x="398.35" y="584.96" angle="0.00" type="DEFAULT_VEHTYPE" speed="13.31" pos="10.29" lane="2/3to2/2_0" slope="0.00"/>
        <vehicle id="2" x="201.65" y="102.66" angle="180.00" type="DEFAULT_VEHTYPE" speed="13.16" pos="102.66" lane="1/0to1/1_0" slope="0.00"/>
        <vehicle id="21" x="401.65" y="689.59" angle="180.00" type="DEFAULT_VEHTYPE" speed="12.66" pos="84.84" lane="2/3to2/4_0" slope="0.00"/>
        <vehicle id="23" x="201.65" y="427.62" angle="180.00" type="DEFAULT_VEHTYPE" speed="13.55" pos="22.87" lane="1/2to1/3_0" slope="0.00"/>
        <vehicle id="25" x="751.34" y="601.65" angle="-90.00" type="DEFAULT_VEHTYPE" speed="12.98" pos="48.66" lane="4/3to3/3_0" slope="0.00"/>
        <vehicle id="27" x="401.65" y="770.23" angle="180.00" type="DEFAULT_VEHTYPE" speed="13.76" pos="165.48" lane="2/3to2/4_0" slope="0.00"/>
        <vehicle id="29" x="420.16" y="401.65" angle="-90.00" type="DEFAULT_VEHTYPE" speed="9.23" pos="175.09" lane="3/2to2/2_0" slope="0.00"/>
        <vehicle id="3" x="303.58" y="401.65" angle="-90.00" type="DEFAULT_VEHTYPE" speed="12.78" pos="91.67" lane="2/2to1/2_0" slope="0.00"/>
        <vehicle id="32" x="198.35" y="283.59" angle="0.00" type="DEFAULT_VEHTYPE" speed="13.44" pos="111.66" lane="1/2to1/1_0" slope="0.00"/>
        <vehicle id="37" x="644.54" y="601.65" angle="-90.00" type="DEFAULT_VEHTYPE" speed="13.42" pos="155.46" lane="4/3to3/3_0" slope="0.00"/>
        <vehicle id="38" x="176.94" y="398.35" angle="90.00" type="DEFAULT_VEHTYPE" speed="7.83" pos="176.94" lane="0/2to1/2_0" slope="0.00"/>
        <vehicle id="4" x="790.50" y="598.35" angle="90.00" type="DEFAULT_VEHTYPE" speed="13.81" pos="185.75" lane="3/3to4/3_0" slope="0.00"/>
        <vehicle id="41" x="201.65" y="515.93" angle="180.00" type="DEFAULT_VEHTYPE" speed="12.63" pos="111.18" lane="1/2to1/3_0" slope="0.00"/>
        <vehicle id="42" x="689.67" y="598.35" angle="90.00" type="DEFAULT_VEHTYPE" speed="13.58" pos="84.92" lane="3/3to4/3_0" slope="0.00"/>
        <vehicle id="43" x="141.58" y="398.35" angle="90.00" type="DEFAULT_VEHTYPE" speed="13.78" pos="141.58" lane="0/2to1/2_0" slope="0.00"/>
        <vehicle id="44" x="601.65" y="322.80" angle="180.00" type="DEFAULT_VEHTYPE" speed="13.11" pos="118.05" lane="3/1to3/2_0" slope="0.00"/>
        <vehicle id="46" x="398.35" y="460.72" angle="0.00" type="DEFAULT_VEHTYPE" speed="13.72" pos="134.53" lane="2/3to2/2_0" slope="0.00"/>
        <vehicle id="47" x="194.62" y="398.35" angle="90.00" type="DEFAULT_VEHTYPE" speed="2.64" pos="194.62" lane="0/2to1/2_0" slope="0.00"/>
        <vehicle id="49" x="280.28" y="598.35" angle="90.00" type="DEFAULT_VEHTYPE" speed="13.81" pos="75.53" lane="1/3to2/3_0" slope="0.00"/>
        <vehicle id="6" x="305.20" y="598.35" angle="90.00" type="DEFAULT_VEHTYPE" speed="13.29" pos="100.45" lane="1/3to2/3_0" slope="0.00"/>
    </timestep>
    <timestep time="256.00">
        <vehicle id="1" x="201.65" y="313.95" angle="180.00" type="DEFAULT_VEHTYPE" speed="12.87" pos="109.20" lane="1/1to1/2_0" slope="0.00"/>
        <vehicle id="11" x="356.42" y="401.65" angle="-90.00" type="DEFAULT_VEHTYPE" speed="12.80" pos="38.83" lane="2/2to1/2_0" slope="0.00"/>
        <vehicle id="13" x="198.35" y="84.21" angle="0.00" type="DEFAULT_VEHTYPE" speed="13.17" pos="111.04" lane="1/1to1/0_0" slope="0.00"/>
        <vehicle id="17" x="398.35" y="572.09" angle="0.00" type="DEFAULT_VEHTYPE" speed="12.86" pos="23.16" lane="2/3to2/2_0" slope="0.00"/>
        <vehicle id="2" x="201.65" y="115.34" angle="180.00" type="DEFAULT_VEHTYPE" speed="12.68" pos="115.34" lane="1/0to1/1_0" slope="0.00"/>
        <vehicle id="21" x="401.65" y="702.65" angle="180.00" type="DEFAULT_VEHTYPE" speed="13.06" pos="97.90" lane="2/3to2/4_0" slope="0.00"/>
        <vehicle id="23" x="201.65" y="441.46" angle="180.00" type="DEFAULT_VEHTYPE" speed="13.84" pos="36.71" lane="1/2to1/3_0" slope="0.00"/>
        <vehicle id="25" x="737.75" y="601.65" angle="-90.00" type="DEFAULT_VEHTYPE" speed="13.58" pos="62.25" lane="4/3to3/3_0" slope="0.00"/>
        <vehicle id="27" x="401.65" y="783.44" angle="180.00" type="DEFAULT_VEHTYPE" speed="13.21" pos="178.69" lane="2/3to2/4_0" slope="0.00"/>
        <vehicle id="29" x="413.61" y="401.65" angle="-90.00" type="DEFAULT_VEHTYPE" speed="6.55" pos="181.64" lane="3/2to2/2_0" slope="0.00"/>
        <vehicle id="3" x="290.79" y="401.65" angle="-90.00" type="DEFAULT_VEHTYPE" speed="12.79" pos="104.46" lane="2/2to1/2_0" slope="0.00"/>
        <vehicle id="32" x="198.35" y="270.70" angle="0.00" type="DEFAULT_VEHTYPE" speed="12.89" pos="124.55" lane="1/2to1/1_0" slope="0.00"/>
        <vehicle id="37" x="631.53" y="601.65" angle="-90.00" type="DEFAULT_VEHTYPE" speed="13.02" pos="168.47" lane="4/3to3/3_0" slope="0.00"/>
        <vehicle id="38" x="182.27" y="398.35" angle="90.00" type="DEFAULT_VEHTYPE" speed="5.33" pos="182.27" lane="0/2to1/2_0" slope="0.00"/>
        <vehicle id="4" x="800.98" y="601.00" angle="138.63" type="DEFAULT_VEHTYPE" speed="13.15" pos="3.65" lane=":4/3_0_0" slope="0.00"/>
        <vehicle id="41" x="201.65" y="529.15" angle="180.00" type="DEFAULT_VEHTYPE" speed="13.23" pos="124.40" lane="1/2to1/3_0" slope="0.00"/>
        <vehicle id="42" x="703.42" y="598.35" angle="90.00" type="DEFAULT_VEHTYPE" speed="13.74" pos="98.67" lane="3/3to4/3_0" slope="0.00"/>
        <vehicle id="43" x="154.58" y="398.35" angle="90.00" type="DEFAULT_VEHTYPE" speed="13.00" pos="154.58" lane="0/2to1/2_0" slope="0.00"/>
        <vehicle id="44" x="601.65" y="336.57" angle="180.00" type="DEFAULT_VEHTYPE" speed="13.77" pos="131.82" lane="3/1to3/2_0" slope="0.00"/>
        <vehicle id="46" x="398.35" y="446.97" angle="0.00" type="DEFAULT_VEHTYPE" speed="13.75" pos="148.28" lane="2/3to2/2_0" slope="0.00"/>
        <vehicle id="47" x="199.18" y="399.43" angle="102.66" type="DEFAULT_VEHTYPE" speed="4.77" pos="4.14" lane=":1/2_14_0" slope="0.00"/>
        <vehicle id="49" x="293.38" y="598.35" angle="90.00" type="DEFAULT_VEHTYPE" speed="13.10" pos="88.63" lane="1/3to2/3_0" slope="0.00"/>
        <vehicle id="6" x="318.85" y="598.35" angle="90.00" type="DEFAULT_VEHTYPE" speed="13.64" pos="114.10" lane="1/3to2/3_0" slope="0.00"/>
    </timestep>
    <timestep time="257.00">
        <vehicle id="1" x="201.65" y="327.55" angle="180.00" type="DEFAULT_VEHTYPE" speed="13.60" pos="122.80" lane="1/1to1/2_0" slope="0.00"/>
        <vehicle id="11" x="343.20" y="401.65" angle="-90.00" type="DEFAULT_VEHTYPE" speed="13.22" pos="52.05" lane="2/2to1/2_0" slope="0.00"/>
        <vehicle id="13" x="198.35" y="71.24" angle="0.00" type="DEFAULT_VEHTYPE" speed="12.97" pos="124.01" lane="1/1to1/0_0" slope="0.00"/>
        <vehicle id="17" x="398.35" y="559.26" angle="0.00" type="DEFAULT_VEHTYPE" speed="12.84" pos="35.99" lane="2/3to2/2_0" slope="0.00"/>
        <vehicle id="2" x="201.65" y="128.60" angle="180.00" type="DEFAULT_VEHTYPE" speed="13.27" pos="128.60" lane="1/0to1/1_0" slope="0.00"/>
        <vehicle id="21" x="401.65" y="716.52" angle="180.00" type="DEFAULT_VEHTYPE" speed="13.87" pos="111.77" lane="2/3to2/4_0" slope="0.00"/>
        <vehicle id="23" x="201.65" y="455.07" angle="180.00" type="DEFAULT_VEHTYPE" speed="13.61" pos="50.32" lane="1/2to1/3_0" slope="0.00"/>
        <vehicle id="25" x="725.10" y="601.65" angle="-90.00" type="DEFAULT_VEHTYPE" speed="12.65" pos="74.90" lane="4/3to3/3_0" slope="0.00"/>
        <vehicle id="27" x="401.65" y="796.53" angle="180.00" type="DEFAULT_VEHTYPE" speed="13.10" pos="191.78" lane="2/3to2/4_0" slope="0.00"/>
        <vehicle id="29" x="410.17" y="401.65" angle="-90.00" type="DEFAULT_VEHTYPE" speed="3.44" pos="185.08" lane="3/2to2/2_0" slope="0.00"/>
        <vehicle id="3" x="278.02" y="401.65" angle="-90.00" type="DEFAULT_VEHTYPE" speed="12.78" pos="117.23" lane="2/2to1/2_0" slope="0.00"/>
        <vehicle id="32" x="198.35" y="257.40" angle="0.00" type="DEFAULT_VEHTYPE" speed="13.30" pos="137.85" lane="1/2to1/1_0" slope="0.00"/>
        <vehicle id="37" x="620.71" y="601.65" angle="-90.00" type="DEFAULT_VEHTYPE" speed="10.82" pos="179.29" lane="4/3to3/3_0" slope="0.00"/>
        <vehicle id="38" x="187.48" y="398.35" angle="90.00" type="DEFAULT_VEHTYPE" speed="5.21" pos="187.48" lane="0/2to1/2_0" slope="0.00"/>
        <vehicle id="4" x="787.52" y="601.65" angle="-90.00" type="DEFAULT_VEHTYPE" speed="13.66" pos="12.48" lane="4/3to3/3_0" slope="0.00"/>
        <vehicle id="41" x="201.65" y="542.56" angle="180.00" type="DEFAULT_VEHTYPE" speed="13.41" pos="137.81" lane="1/2to1/3_0" slope="0.00"/>
        <vehicle id="42" x="717.00" y="598.35" angle="90.00" type="DEFAULT_VEHTYPE" speed="13.59" pos="112.25" lane="3/3to4/3_0" slope="0.00"/>
        <vehicle id="43" x="164.81" y="398.35" angle="90.00" type="DEFAULT_VEHTYPE" speed="10.23" pos="164.81" lane="0/2to1/2_0" slope="0.00"/>
        <vehicle id="44" x="601.65" y="349.34" angle="180.00" type="DEFAULT_VEHTYPE" speed="12.77" pos="144.59" lane="3/1to3/2_0" slope="0.00"/>
        <vehicle id="46" x="398.35" y="434.00" angle="0.00" type="DEFAULT_VEHTYPE" speed="12.97" pos="161.25" lane="2/3to2/2_0" slope="0.00"/>
        <vehicle id="47" x="201.65" y="405.14" angle="164.40" type="DEFAULT_VEHTYPE" speed="6.57" pos="0.39" lane="1/2to1/3_0" slope="0.00"/>
        <vehicle id="49" x="307.18" y="598.35" angle="90.00" type="DEFAULT_VEHTYPE" speed="13.80" pos="102.43" lane="1/3to2/3_0" slope="0.00"/>
        <vehicle id="6" x="331.92" y="598.35" angle="90.00" type="DEFAULT_VEHTYPE" speed="13.08" pos="127.17" lane="1/3to2/3_0" slope="0.00"/>
    </timestep>
    <timestep time="258.00">
        <vehicle id="1" x="201.65" y="341.07" angle="180.00" type="DEFAULT_VEHTYPE" speed="13.52" pos="136.32" lane="1/1to1/2_0" slope="0.00"/>
        <vehicle id="11" x="330.22" y="401.65" angle="-90.00" type="DEFAULT_VEHTYPE" speed="12.97" pos="65.03" lane="2/2to1/2_0" slope="0.00"/>
        <vehicle id="13" x="198.35" y="58.14" angle="0.00" type="DEFAULT_VEHTYPE" speed="13.11" pos="137.11" lane="1/1to1/0_0" slope="0.00"/>
        <vehicle id="17" x="398.35" y="545.91" angle="0.00" type="DEFAULT_VEHTYPE" speed="13.34" pos="49.34" lane="2/3to2/2_0" slope="0.00"/>
        <vehicle id="2" x="201.65" y="141.86" angle="180.00" type="DEFAULT_VEHTYPE" speed="13.26" pos="141.86" lane="1/0to1/1_0" slope="0.00"/>
        <vehicle id="21" x="401.65" y="729.15" angle="180.00" type="DEFAULT_VEHTYPE" speed="12.63" pos="124.40" lane="2/3to2/4_0" slope="0.00"/>
        <vehicle id="23" x="201.65" y="468.69" angle="180.00" type="DEFAULT_VEHTYPE" speed="13.62" pos="63.94" lane="1/2to1/3_0" slope="0.00"/>
        <vehicle id="25" x="711.25" y="601.65" angle="-90.00" type="DEFAULT_VEHTYPE" speed="13.85" pos="88.75" lane="4/3to3/3_0" slope="0.00"/>
        <vehicle id="27" x="398.35" y="794.56" angle="0.00" type="DEFAULT_VEHTYPE" speed="13.72" pos="5.44" lane="2/4to2/3_0" slope="0.00"/>
        <vehicle id="29" x="404.53" y="401.62" angle="-89.64" type="DEFAULT_VEHTYPE" speed="5.64" pos="0.22" lane=":2/2_6_0" slope="0.00"/>
        <vehicle id="3" x="264.99" y="401.65" angle="-90.00" type="DEFAULT_VEHTYPE" speed="13.03" pos="130.26" lane="2/2to1/2_0" slope="0.00"/>
        <vehicle id="32" x="198.35" y="244.11" angle="0.00" type="DEFAULT_VEHTYPE" speed="13.30" pos="151.14" lane="1/2to1/1_0" slope="0.00"/>
        <vehicle id="37" x="613.52" y="601.65" angle="-90.00" type="DEFAULT_VEHTYPE" speed="7.18" pos="186.48" lane="4/3to3/3_0" slope="0.00"/>
        <vehicle id="38" x="190.40" y="398.35" angle="90.00" type="DEFAULT_VEHTYPE" speed="2.92" pos="190.40" lane="0/2to1/2_0" slope="0.00"/>
        <vehicle id="4" x="774.59" y="601.65" angle="-90.00" type="DEFAULT_VEHTYPE" speed="12.92" pos="25.41" lane="4/3to3/3_0" slope="0.00"/>
        <vehicle id="41" x="201.65" y="556.20" angle="180.00" type="DEFAULT_VEHTYPE" speed="13.64" pos="151.45" lane="1/2to1/3_0" slope="0.00"/>
        <vehicle id="42" x="730.33" y="598.35" angle="90.00" type="DEFAULT_VEHTYPE" speed="13.33" pos="125.58" lane="3/3to4/3_0" slope="0.00"/>
        <vehicle id="43" x="173.16" y="398.35" angle="90.00" type="DEFAULT_VEHTYPE" speed="8.35" pos="173.16" lane="0/2to1/2_0" slope="0.00"/>
        <vehicle id="44" x="601.65" y="362.33" angle="180.00" type="DEFAULT_VEHTYPE" speed="12.99" pos="157.58" lane="3/1to3/2_0" slope="0.00"/>
        <vehicle id="46" x="398.35" y="420.71" angle="0.00" type="DEFAULT_VEHTYPE" speed="13.29" pos="174.54" lane="2/3to2/2_0" slope="0.00"/>
        <vehicle id="47" x="201.65" y="413.64" angle="180.00" type="DEFAULT_VEHTYPE" speed="8.50" pos="8.89" lane="1/2to1/3_0" slope="0.00"/>
        <vehicle id="49" x="320.24" y="598.35" angle="90.00" type="DEFAULT_VEHTYPE" speed="13.06" pos="115.49" lane="1/3to2/3_0" slope="0.00"/>
        <vehicle id="6" x="345.45" y="598.35" angle="90.00" type="DEFAULT_VEHTYPE" speed="13.53" pos="140.70" lane="1/3to2/3_0" slope="0.00"/>
    </timestep>
    <timestep time="259.00">
        <vehicle id="1" x="201.65" y="354.01" angle="180.00" type="DEFAULT_VEHTYPE" speed="12.94" pos="149.26" lane="1/1to1/2_0" slope="0.00"/>
        <vehicle id="11" x="316.72" y="401.65" angle="-90.00" type="DEFAULT_VEHTYPE" speed="13.50" pos="78.53" lane="2/2to1/2_0" slope="0.00"/>
        <vehicle id="13" x="198.35" y="44.39" angle="0.00" type="DEFAULT_VEHTYPE" speed="13.74" pos="150.86" lane="1/1to1/0_0" slope="0.00"/>
        <vehicle id="17" x="398.35" y="532.10" angle="0.00" type="DEFAULT_VEHTYPE" speed="13.81" pos="63.15" lane="2/3to2/2_0" slope="0.00"/>
        <vehicle id="2" x="201.65" y="154.67" angle="180.00" type="DEFAULT_VEHTYPE" speed="12.81" pos="154.67" lane="1/0to1/1_0" slope="0.00"/>
        <vehicle id="21" x="401.65" y="741.95" angle="180.00" type="DEFAULT_VEHTYPE" speed="12.80" pos="137.20" lane="2/3to2/4_0" slope="0.00"/>
        <vehicle id="23" x="201.65" y="482.41" angle="180.00" type="DEFAULT_VEHTYPE" speed="13.72" pos="77.66" lane="1/2to1/3_0" slope="0.00"/>
        <vehicle id="25" x="698.33" y="601.65" angle="-90.00" type="DEFAULT_VEHTYPE" speed="12.92" pos="101.67" lane="4/3to3/3_0" slope="0.00"/>
        <vehicle id="27" x="398.35" y="781.05" angle="0.00" type="DEFAULT_VEHTYPE" speed="13.52" pos="18.95" lane="2/4to2/3_0" slope="0.00"/>
        <vehicle id="29" x="398.84" y="398.20" angle="-49.21" type="DEFAULT_VEHTYPE" speed="7.10" pos="7.32" lane=":2/2_6_0" slope="0.00"/>
        <vehicle id="3" x="251.29" y="401.65" angle="-90.00" type="DEFAULT_VEHTYPE" speed="13.69" pos="143.96" lane="2/2to1/2_0" slope="0.00"/>
        <vehicle id="32" x="198.35" y="230.34" angle="0.00" type="DEFAULT_VEHTYPE" speed="13.77" pos="164.91" lane="1/2to1/1_0" slope="0.00"/>
        <vehicle id="37" x="609.93" y="601.65" angle="-90.00" type="DEFAULT_VEHTYPE" speed="3.59" pos="190.07" lane="4/3to3/3_0" slope="0.00"/>
        <vehicle id="38" x="194.68" y="398.35" angle="90.00" type="DEFAULT_VEHTYPE" speed="4.28" pos="194.68" lane="0/2to1/2_0" slope="0.00"/>
        <vehicle id="4" x="761.45" y="601.65" angle="-90.00" type="DEFAULT_VEHTYPE" speed="13.15" pos="38.55" lane="4/3to3/3_0" slope="0.00"/>
        <vehicle id="41" x="201.65" y="568.89" angle="180.00" type="DEFAULT_VEHTYPE" speed="12.70" pos="164.14" lane="1/2to1/3_0" slope="0.00"/>
        <vehicle id="42" x="743.06" y="598.35" angle="90.00" type="DEFAULT_VEHTYPE" speed="12.73" pos="138.31" lane="3/3to4/3_0" slope="0.00"/>
        <vehicle id="43" x="178.81" y="398.35" angle="90.00" type="DEFAULT_VEHTYPE" speed="5.65" pos="178.81" lane="0/2to1/2_0" slope="0.00"/>
        <vehicle id="44" x="601.65" y="374.91" angle="180.00" type="DEFAULT_VEHTYPE" speed="12.58" pos="170.16" lane="3/1to3/2_0" slope="0.00"/>
        <vehicle id="46" x="398.35" y="406.88" angle="0.00" type="DEFAULT_VEHTYPE" speed="13.83" pos="188.37" lane="2/3to2/2_0" slope="0.00"/>
        <vehicle id="47" x="201.65" y="423.68" angle="180.00" type="DEFAULT_VEHTYPE" speed="10.04" pos="18.93" lane="1/2to1/3_0" slope="0.00"/>
        <vehicle id="49" x="333.45" y="598.35" angle="90.00" type="DEFAULT_VEHTYPE" speed="13.21" pos="128.70" lane="1/3to2/3_0" slope="0.00"/>
        <vehicle id="6" x="359.15" y="598.35" angle="90.00" type="DEFAULT_VEHTYPE" speed="13.70" pos="154.40" lane="1/3to2/3_0" slope="0.00"/>
    </timestep>
    <timestep time="260.00">
        <vehicle id="1" x="201.65" y="367.21" angle="180.00" type="DEFAULT_VEHTYPE" speed="13.20" pos="162.46" lane="1/1to1/2_0" slope="0.00"/>
        <vehicle id="11" x="302.87" y="401.65" angle="-90.00" type="DEFAULT_VEHTYPE" speed="13.85" pos="92.38" lane="2/2to1/2_0" slope="0.00"/>
        <vehicle id="13" x="198.35" y="31.31" angle="0.00" type="DEFAULT_VEHTYPE" speed="13.08" pos="163.94" lane="1/1to1/0_0" slope="0.00"/>
        <vehicle id="17" x="398.35" y="518.84" angle="0.00" type="DEFAULT_VEHTYPE" speed="13.26" pos="76.41" lane="2/3to2/2_0" slope="0.00"/>
        <vehicle id="2" x="201.65" y="168.11" angle="180.00" type="DEFAULT_VEHTYPE" speed="13.44" pos="168.11" lane="1/0to1/1_0" slope="0.00"/>
        <vehicle id="21" x="401.65" y="754.65" angle="180.00" type="DEFAULT_VEHTYPE" speed="12.70" pos="149.90" lane="2/3to2/4_0" slope="0.00"/>
        <vehicle id="23" x="201.65" y="495.18" angle="180.00" type="DEFAULT_VEHTYPE" speed="12.77" pos="90.43" lane="1/2to1/3_0" slope="0.00"/>
        <vehicle id="25" x="685.32" y="601.65" angle="-90.00" type="DEFAULT_VEHTYPE" speed="13.02" pos="114.68" lane="4/3to3/3_0" slope="0.00"/>
        <vehicle id="27" x="398.35" y="767.25" angle="0.00" type="DEFAULT_VEHTYPE" speed="13.79" pos="32.75" lane="2/4to2/3_0" slope="0.00"/>
        <vehicle id="29" x="398.35" y="389.80" angle="0.00" type="DEFAULT_VEHTYPE" speed="8.46" pos="5.45" lane="2/2to2/1_0" slope="0.00"/>
        <vehicle id="3" x="237.56" y="401.65" angle="-90.00" type="DEFAULT_VEHTYPE" speed="13.73" pos="157.69" lane="2/2to1/2_0" slope="0.00"/>
        <vehicle id="32" x="198.35" y="217.64" angle="0.00" type="DEFAULT_VEHTYPE" speed="12.70" pos="177.61" lane="1/2to1/1_0" slope="0.00"/>
        <vehicle id="37" x="604.14" y="601.56" angle="-89.00" type="DEFAULT_VEHTYPE" speed="5.80" pos="0.62" lane=":3/3_6_0" slope="0.00"/>
        <vehicle id="38" x="194.68" y="398.35" angle="90.00" type="DEFAULT_VEHTYPE" speed="0.00" pos="194.68" lane="0/2to1/2_0" slope="0.00"/>
        <vehicle id="4" x="748.58" y="601.65" angle="-90.00" type="DEFAULT_VEHTYPE" speed="12.87" pos="51.42" lane="4/3to3/3_0" slope="0.00"/>
        <vehicle id="41" x="201.65" y="582.67" angle="180.00" type="DEFAULT_VEHTYPE" speed="13.78" pos="177.92" lane="1/2to1/3_0" slope="0.00"/>
        <vehicle id="42" x="755.66" y="598.35" angle="90.00" type="DEFAULT_VEHTYPE" speed="12.60" pos="150.91" lane="3/3to4/3_0" slope="0.00"/>
        <vehicle id="43" x="182.96" y="398.35" angle="90.00" type="DEFAULT_VEHTYPE" speed="4.15" pos="182.96" lane="0/2to1/2_0" slope="0.00"/>
        <vehicle id="44" x="601.65" y="382.99" angle="180.00" type="DEFAULT_VEHTYPE" speed="8.08" pos="178.24" lane="3/1to3/2_0" slope="0.00"/>
        <vehicle id="46" x="389.01" y="401.65" angle="-90.00" type="DEFAULT_VEHTYPE" speed="13.37" pos="6.24" lane="2/2to1/2_0" slope="0.00"/>
        <vehicle id="47" x="201.65" y="436.30" angle="180.00" type="DEFAULT_VEHTYPE" speed="12.62" pos="31.55" lane="1/2to1/3_0" slope="0.00"/>
        <vehicle id="49" x="347.01" y="598.35" angle="90.00" type="DEFAULT_VEHTYPE" speed="13.56" pos="142.26" lane="1/3to2/3_0" slope="0.00"/>
        <vehicle id="6" x="371.42" y="598.35" angle="90.00" type="DEFAULT_VEHTYPE" speed="12.27" pos="166.67" lane="1/3to2/3_0" slope="0.00"/>
    </timestep>
    <timestep time="261.00">
        <vehicle id="1" x="201.65" y="380.87" angle="180.00" type="DEFAULT_VEHTYPE" speed="13.66" pos="176.12" lane="1/1to1/2_0" slope="0.00"/>
        <vehicle id="11" x="289.40" y="401.65" angle="-90.00" type="DEFAULT_VEHTYPE" speed="13.47" pos="105.85" lane="2/2to1/2_0" slope="0.00"/>
        <vehicle id="13" x="198.35" y="18.08" angle="0.00" type="DEFAULT_VEHTYPE" speed="13.23" pos="177.17" lane="1/1to1/0_0" slope="0.00"/>
        <vehicle id="17" x="398.35" y="505.16" angle="0.00" type="DEFAULT_VEHTYPE" speed="13.69" pos="90.09" lane="2/3to2/2_0" slope="0.00"/>
        <vehicle id="2" x="201.65" y="180.97" angle="180.00" type="DEFAULT_VEHTYPE" speed="12.86" pos="180.97" lane="1/0to1/1_0" slope="0.00"/>
        <vehicle id="21" x="401.65" y="767.55" angle="180.00" type="DEFAULT_VEHTYPE" speed="12.90" pos="162.80" lane="2/3to2/4_0" slope="0.00"/>
        <vehicle id="23" x="201.65" y="508.96" angle="180.00" type="DEFAULT_VEHTYPE" speed="13.78" pos="104.21" lane="1/2to1/3_0" slope="0.00"/>
        <vehicle id="25" x="672.69" y="601.65" angle="-90.00" type="DEFAULT_VEHTYPE" speed="12.63" pos="127.31" lane="4/3to3/3_0" slope="0.00"/>
        <vehicle id="27" x="398.35" y="754.42" angle="0.00" type="DEFAULT_VEHTYPE" speed="12.84" pos="45.58" lane="2/4to2/3_0" slope="0.00"/>
        <vehicle id="29" x="398.35" y="379.05" angle="0.00" type="DEFAULT_VEHTYPE" speed="10.74" pos="16.20" lane="2/2to2/1_0" slope="0.00"/>
        <vehicle id="3" x="226.17" y="401.65" angle="-90.00" type="DEFAULT_VEHTYPE" speed="11.40" pos="169.08" lane="2/2to1/2_0" slope="0.00"/>
        <vehicle id="32" x="198.31" y="204.47" angle="-0.45" type="DEFAULT_VEHTYPE" speed="13.17" pos="0.28" lane=":1/1_0_0" slope="0.00"/>
        <vehicle id="37" x="598.69" y="597.64" angle="-41.85" type="DEFAULT_VEHTYPE" speed="7.28" pos="7.90" lane=":3/3_6_0" slope="0.00"/>
        <vehicle id="38" x="194.68" y="398.35" angle="90.00" type="DEFAULT_VEHTYPE" speed="0.00" pos="194.68" lane="0/2to1/2_0" slope="0.00"/>
        <vehicle id="4" x="735.27" y="601.65" angle="-90.00" type="DEFAULT_VEHTYPE" speed="13.31" pos="64.73" lane="4/3to3/3_0" slope="0.00"/>
        <vehicle id="41" x="201.81" y="596.43" angle="178.12" type="DEFAULT_VEHTYPE" speed="13.76" pos="1.19" lane=":1/3_8_0" slope="0.00"/>
        <vehicle id="42" x="768.39" y="598.35" angle="90.00" type="DEFAULT_VEHTYPE" speed="12.73" pos="163.64" lane="3/3to4/3_0" slope="0.00"/>
        <vehicle id="43" x="185.13" y="398.35" angle="90.00" type="DEFAULT_VEHTYPE" speed="2.16" pos="185.13" lane="0/2to1/2_0" slope="0.00"/>
        <vehicle id="44" x="601.65" y="388.43" angle="180.00" type="DEFAULT_VEHTYPE" speed="5.43" pos="183.68" lane="3/1to3/2_0" slope="0.00"/>
        <vehicle id="46" x="375.57" y="401.65" angle="-90.00" type="DEFAULT_VEHTYPE" speed="13.44" pos="19.68" lane="2/2to1/2_0" slope="0.00"/>
        <vehicle id="47" x="201.65" y="449.60" angle="180.00" type="DEFAULT_VEHTYPE" speed="13.30" pos="44.85" lane="1/2to1/3_0" slope="0.00"/>
        <vehicle id="49" x="359.73" y="598.35" angle="90.00" type="DEFAULT_VEHTYPE" speed="12.72" pos="154.98" lane="1/3to2/3_0" slope="0.00"/>
        <vehicle id="6" x="380.84" y="598.35" angle="90.00" type="DEFAULT_VEHTYPE" speed="9.42" pos="176.09" lane="1/3to2/3_0" slope="0.00"/>
    </timestep>
    <timestep time="262.00">
        <vehicle id="1" x="201.65" y="393.79" angle="180.00" type="DEFAULT_VEHTYPE" speed="12.92" pos="189.04" lane="1/1to1/2_0" slope="0.00"/>
        <vehicle id="11" x="276.25" y="401.65" angle="-90.00" type="DEFAULT_VEHTYPE" speed="13.15" pos="119.00" lane="2/2to1/2_0" slope="0.00"/>
        <vehicle id="13" x="198.35" y="4.81" angle="0.00" type="DEFAULT_VEHTYPE" speed="13.27" pos="190.44" lane="1/1to1/0_0" slope="0.00"/>
        <vehicle id="17" x="398.35" y="491.63" angle="0.00" type="DEFAULT_VEHTYPE" speed="13.53" pos="103.62" lane="2/3to2/2_0" slope="0.00"/>
        <vehicle id="2" x="201.65" y="193.79" angle="180.00" type="DEFAULT_VEHTYPE" speed="12.82" pos="193.79" lane="1/0to1/1_0" slope="0.00"/>
        <vehicle id="21" x="401.65" y="781.07" angle="180.00" type="DEFAULT_VEHTYPE" speed="13.51" pos="176.32" lane="2/3to2/4_0" slope="0.00"/>
        <vehicle id="23" x="201.65" y="522.15" angle="180.00" type="DEFAULT_VEHTYPE" speed="13.18" pos="117.40" lane="1/2to1/3_0" slope="0.00"/>
        <vehicle id="25" x="659.40" y="601.65" angle="-90.00" type="DEFAULT_VEHTYPE" speed="13.29" pos="140.60" lane="4/3to3/3_0" slope="0.00"/>
        <vehicle id="27" x="398.35" y="740.77" angle="0.00" type="DEFAULT_VEHTYPE" speed="13.64" pos="59.23" lane="2/4to2/3_0" slope="0.00"/>
        <vehicle id="29" x="398.35" y="366.28" angle="0.00" type="DEFAULT_VEHTYPE" speed="12.77" pos="28.97" lane="2/2to2/1_0" slope="0.00"/>
        <vehicle id="3" x="218.11" y="401.65" angle="-90.00" type="DEFAULT_VEHTYPE" speed="8.05" pos="177.14" lane="2/2to1/2_0" slope="0.00"/>
        <vehicle id="32" x="186.98" y="201.65" angle="-90.00" type="DEFAULT_VEHTYPE" speed="12.99" pos="8.27" lane="1/1to0/1_0" slope="0.00"/>
        <vehicle id="37" x="598.35" y="588.12" angle="0.00" type="DEFAULT_VEHTYPE" speed="9.55" pos="7.13" lane="3/3to3/2_0" slope="0.00"/>
        <vehicle id="38" x="194.68" y="398.35" angle="90.00" type="DEFAULT_VEHTYPE" speed="0.00" pos="194.68" lane="0/2to1/2_0" slope="0.00"/>
        <vehicle id="4" x="722.35" y="601.65" angle="-90.00" type="DEFAULT_VEHTYPE" speed="12.92" pos="77.65" lane="4/3to3/3_0" slope="0.00"/>
        <vehicle id="41" x="214.02" y="598.35" angle="90.00" type="DEFAULT_VEHTYPE" speed="13.08" pos="9.27" lane="1/3to2/3_0" slope="0.00"/>
        <vehicle id="42" x="781.07" y="598.35" angle="90.00" type="DEFAULT_VEHTYPE" speed="12.68" pos="176.32" lane="3/3to4/3_0" slope="0.00"/>
        <vehicle id="43" x="186.57" y="398.35" angle="90.00" type="DEFAULT_VEHTYPE" speed="1.45" pos="186.57" lane="0/2to1/2_0" slope="0.00"/>
        <vehicle id="44" x="601.58" y="395.74" angle="-179.20" type="DEFAULT_VEHTYPE" speed="7.32" pos="0.50" lane=":3/2_10_0" slope="0.00"/>
        <vehicle id="46" x="362.67" y="401.65" angle="-90.00" type="DEFAULT_VEHTYPE" speed="12.90" pos="32.58" lane="2/2to1/2_0" slope="0.00"/>
        <vehicle id="47" x="201.65" y="462.44" angle="180.00" type="DEFAULT_VEHTYPE" speed="12.84" pos="57.69" lane="1/2to1/3_0" slope="0.00"/>
        <vehicle id="49" x="369.76" y="598.35" angle="90.00" type="DEFAULT_VEHTYPE" speed="10.02" pos="165.01" lane="1/3to2/3_0" slope="0.00"/>
        <vehicle id="6" x="387.42" y="598.35" angle="90.00" type="DEFAULT_VEHTYPE" speed="6.58" pos="182.67" lane="1/3to2/3_0" slope="0.00"/>
    </timestep>
    <timestep time="263.00">
        <vehicle id="1" x="201.65" y="406.56" angle="180.00" type="DEFAULT_VEHTYPE" speed="12.77" pos="1.81" lane="1/2to1/3_0" slope="0.00"/>
        <vehicle id="11" x="262.82" y="401.65" angle="-90.00" type="DEFAULT_VEHTYPE" speed="13.43" pos="132.43" lane="2/2to1/2_0" slope="0.00"/>
        <vehicle id="13" x="201.65" y="3.87" angle="172.55" type="DEFAULT_VEHTYPE" speed="13.50" pos="3.87" lane="1/0to1/1_0" slope="0.00"/>
        <vehicle id="17" x="398.35" y="478.55" angle="0.00" type="DEFAULT_VEHTYPE" speed="13.08" pos="116.70" lane="2/3to2/2_0" slope="0.00"/>
        <vehicle id="2" x="211.56" y="198.35" angle="90.00" type="DEFAULT_VEHTYPE" speed="13.26" pos="6.81" lane="1/1to2/1_0" slope="0.00"/>
        <vehicle id="21" x="401.65" y="794.47" angle="180.00" type="DEFAULT_VEHTYPE" speed="13.41" pos="189.72" lane="2/3to2/4_0" slope="0.00"/>
        <vehicle id="23" x="201.65" y="535.87" angle="180.00" type="DEFAULT_VEHTYPE" speed="13.72" pos="131.12" lane="1/2to1/3_0" slope="0.00"/>
        <vehicle id="25" x="645.67" y="601.65" angle="-90.00" type="DEFAULT_VEHTYPE" speed="13.72" pos="154.33" lane="4/3to3/3_0" slope="0.00"/>
        <vehicle id="27" x="398.35" y="727.01" angle="0.00" type="DEFAULT_VEHTYPE" speed="13.76" pos="72.99" lane="2/4to2/3_0" slope="0.00"/>
        <vehicle id="29" x="398.35" y="353.34" angle="0.00" type="DEFAULT_VEHTYPE" speed="12.94" pos="41.91" lane="2/2to2/1_0" slope="0.00"/>
        <vehicle id="3" x="211.97" y="401.65" angle="-90.00" type="DEFAULT_VEHTYPE" speed="6.15" pos="183.28" lane="2/2to1/2_0" slope="0.00"/>
        <vehicle id="32" x="173.27" y="201.65" angle="-90.00" type="DEFAULT_VEHTYPE" speed="13.71" pos="21.98" lane="1/1to0/1_0" slope="0.00"/>
        <vehicle id="37" x="598.35" y="577.17" angle="0.00" type="DEFAULT_VEHTYPE" speed="10.95" pos="18.08" lane="3/3to3/2_0" slope="0.00"/>
        <vehicle id="38" x="194.68" y="398.35" angle="90.00" type="DEFAULT_VEHTYPE" speed="0.00" pos="194.68" lane="0/2to1/2_0" slope="0.00"/>
        <vehicle id="4" x="709.70" y="601.65" angle="-90.00" type="DEFAULT_VEHTYPE" speed="12.64" pos="90.30" lane="4/3to3/3_0" slope="0.00"/>
        <vehicle id="41" x="227.49" y="598.35" angle="90.00" type="DEFAULT_VEHTYPE" speed="13.47" pos="22.74" lane="1/3to2/3_0" slope="0.00"/>
        <vehicle id="42" x="793.82" y="598.35" angle="90.00" type="DEFAULT_VEHTYPE" speed="12.75" pos="189.07" lane="3/3to4/3_0" slope="0.00"/>
        <vehicle id="43" x="187.01" y="398.35" angle="90.00" type="DEFAULT_VEHTYPE" speed="0.44" pos="187.01" lane="0/2to1/2_0" slope="0.00"/>
        <vehicle id="44" x="596.15" y="401.52" angle="-116.24" type="DEFAULT_VEHTYPE" speed="8.92" pos="2.27" lane=":3/2_18_0" slope="0.00"/>
        <vehicle id="46" x="349.92" y="401.65" angle="-90.00" type="DEFAULT_VEHTYPE" speed="12.75" pos="45.33" lane="2/2to1/2_0" slope="0.00"/>
        <vehicle id="47" x="201.65" y="476.08" angle="180.00" type="DEFAULT_VEHTYPE" speed="13.64" pos="71.33" lane="1/2to1/3_0" slope="0.00"/>
        <vehicle id="49" x="377.46" y="598.35" angle="90.00" type="DEFAULT_VEHTYPE" speed="7.70" pos="172.71" lane="1/3to2/3_0" slope="0.00"/>
        <vehicle id="6" x="390.93" y="598.35" angle="90.00" type="DEFAULT_VEHTYPE" speed="3.51" pos="186.18" lane="1/3to2/3_0" slope="0.00"/>
    </timestep>
    <timestep time="264.00">
        <vehicle id="1" x="201.65" y="420.05" angle="180.00" type="DEFAULT_VEHTYPE" speed="13.49" pos="15.30" lane="1/2to1/3_0" slope="0.00"/>
        <vehicle id="11" x="249.37" y="401.65" angle="-90.00" type="DEFAULT_VEHTYPE" speed="13.45" pos="145.88" lane="2/2to1/2_0" slope="0.00"/>
        <vehicle id="13" x="201.65" y="17.60" angle="180.00" type="DEFAULT_VEHTYPE" speed="13.73" pos="17.60" lane="1/0to1/1_0" slope="0.00"/>
        <vehicle id="17" x="398.35" y="465.66" angle="0.00" type="DEFAULT_VEHTYPE" speed="12.89" pos="129.59" lane="2/3to2/2_0" slope="0.00"/>
        <vehicle id="2" x="224.73" y="198.35" angle="90.00" type="DEFAULT_VEHTYPE" speed="13.18" pos="19.98" lane="1/1to2/1_0" slope="0.00"/>
        <vehicle id="21" x="398.35" y="797.07" angle="-16.90" type="DEFAULT_VEHTYPE" speed="13.28" pos="2.93" lane="2/4to2/3_0" slope="0.00"/>
        <vehicle id="23" x="201.65" y="548.78" angle="180.00" type="DEFAULT_VEHTYPE" speed="12.91" pos="144.03" lane="1/2to1/3_0" slope="0.00"/>
        <vehicle id="25" x="632.52" y="601.65" angle="-90.00" type="DEFAULT_VEHTYPE" speed="13.15" pos="167.48" lane="4/3to3/3_0" slope="0.00"/>
        <vehicle id="27" x="398.35" y="713.48" angle="0.00" type="DEFAULT_VEHTYPE" speed="13.53" pos="86.52" lane="2/4to2/3_0" slope="0.00"/>
        <vehicle id="29" x="398.35" y="340.62" angle="0.00" type="DEFAULT_VEHTYPE" speed="12.73" pos="54.63" lane="2/2to2/1_0" slope="0.00"/>
        <vehicle id="3" x="208.62" y="401.65" angle="-90.00" type="DEFAULT_VEHTYPE" speed="3.35" pos="186.63" lane="2/2to1/2_0" slope="0.00"/>
        <vehicle id="32" x="160.47" y="201.65" angle="-90.00" type="DEFAULT_VEHTYPE" speed="12.80" pos="34.78" lane="1/1to0/1_0" slope="0.00"/>
        <vehicle id="37" x="598.35" y="564.54" angle="0.00" type="DEFAULT_VEHTYPE" speed="12.63" pos="30.71" lane="3/3to3/2_0" slope="0.00"/>
        <vehicle id="38" x="194.68" y="398.35" angle="90.00" type="DEFAULT_VEHTYPE" speed="0.00" pos="194.68" lane="0/2to1/2_0" slope="0.00"/>
        <vehicle id="4" x="696.83" y="601.65" angle="-90.00" type="DEFAULT_VEHTYPE" speed="12.87" pos="103.17" lane="4/3to3/3_0" slope="0.00"/>
        <vehicle id="41" x="240.77" y="598.35" angle="90.00" type="DEFAULT_VEHTYPE" speed="13.28" pos="36.02" lane="1/3to2/3_0" slope="0.00"/>
        <vehicle id="42" x="797.23" y="601.65" angle="-108.97" type="DEFAULT_VEHTYPE" speed="13.76" pos="2.77" lane="4/3to3/3_0" slope="0.00"/>
        <vehicle id="43" x="187.13" y="398.35" angle="90.00" type="DEFAULT_VEHTYPE" speed="0.12" pos="187.13" lane="0/2to1/2_0" slope="0.00"/>
        <vehicle id="44" x="585.04" y="401.65" angle="-90.00" type="DEFAULT_VEHTYPE" speed="11.11" pos="10.21" lane="3/2to2/2_0" slope="0.00"/>
        <vehicle id="46" x="336.24" y="401.65" angle="-90.00" type="DEFAULT_VEHTYPE" speed="13.68" pos="59.01" lane="2/2to1/2_0" slope="0.00"/>
        <vehicle id="47" x="201.65" y="489.00" angle="180.00" type="DEFAULT_VEHTYPE" speed="12.91" pos="84.25" lane="1/2to1/3_0" slope="0.00"/>
        <vehicle id="49" x="380.84" y="598.35" angle="90.00" type="DEFAULT_VEHTYPE" speed="3.38" pos="176.09" lane="1/3to2/3_0" slope="0.00"/>
        <vehicle id="6" x="396.71" y="598.56" angle="92.39" type="DEFAULT_VEHTYPE" speed="5.80" pos="1.47" lane=":2/3_14_0" slope="0.00"/>
    </timestep>
    <timestep time="265.00">
        <vehicle id="1" x="201.65" y="433.03" angle="180.00" type="DEFAULT_VEHTYPE" speed="12.98" pos="28.28" lane="1/2to1/3_0" slope="0.00"/>
        <vehicle id="11" x="236.20" y="401.65" angle="-90.00" type="DEFAULT_VEHTYPE" speed="13.17" pos="159.05" lane="2/2to1/2_0" slope="0.00"/>
        <vehicle id="13" x="201.65" y="31.23" angle="180.00" type="DEFAULT_VEHTYPE" speed="13.64" pos="31.23" lane="1/0to1/1_0" slope="0.00"/>
        <vehicle id="17" x="398.35" y="452.95" angle="0.00" type="DEFAULT_VEHTYPE" speed="12.71" pos="142.30" lane="2/3to2/2_0" slope="0.00"/>
        <vehicle id="2" x="237.88" y="198.35" angle="90.00" type="DEFAULT_VEHTYPE" speed="13.14" pos="33.13" lane="1/1to2/1_0" slope="0.00"/>
        <vehicle id="21" x="398.35" y="783.36" angle="0.00" type="DEFAULT_VEHTYPE" speed="13.70" pos="16.64" lane="2/4to2/3_0" slope="0.00"/>
        <vehicle id="23" x="201.65" y="562.09" angle="180.00" type="DEFAULT_VEHTYPE" speed="13.32" pos="157.34" lane="1/2to1/3_0" slope="0.00"/>
        <vehicle id="25" x="621.33" y="601.65" angle="-90.00" type="DEFAULT_VEHTYPE" speed="11.19" pos="178.67" lane="4/3to3/3_0" slope="0.00"/>
        <vehicle id="27" x="398.35" y="700.72" angle="0.00" type="DEFAULT_VEHTYPE" speed="12.77" pos="99.28" lane="2/4to2/3_0" slope="0.00"/>
        <vehicle id="29" x="398.35" y="327.52" angle="0.00" type="DEFAULT_VEHTYPE" speed="13.10" pos="67.73" lane="2/2to2/1_0" slope="0.00"/>
        <vehicle id="3" x="203.98" y="401.65" angle="-90.00" type="DEFAULT_VEHTYPE" speed="4.65" pos="0.77" lane=":1/2_5_0" slope="0.00"/>
        <vehicle id="32" x="147.47" y="201.65" angle="-90.00" type="DEFAULT_VEHTYPE" speed="12.99" pos="47.78" lane="1/1to0/1_0" slope="0.00"/>
        <vehicle id="37" x="598.35" y="551.71" angle="0.00" type="DEFAULT_VEHTYPE" speed="12.83" pos="43.54" lane="3/3to3/2_0" slope="0.00"/>
        <vehicle id="38" x="194.68" y="398.35" angle="90.00" type="DEFAULT_VEHTYPE" speed="0.00" pos="194.68" lane="0/2to1/2_0" slope="0.00"/>
        <vehicle id="4" x="683.88" y="601.65" angle="-90.00" type="DEFAULT_VEHTYPE" speed="12.95" pos="116.12" lane="4/3to3/3_0" slope="0.00"/>
        <vehicle id="41" x="254.06" y="598.35" angle="90.00" type="DEFAULT_VEHTYPE" speed="13.29" pos="49.31" lane="1/3to2/3_0" slope="0.00"/>
        <vehicle id="42" x="783.62" y="601.65" angle="-90.00" type="DEFAULT_VEHTYPE" speed="13.62" pos="16.38" lane="4/3to3/3_0" slope="0.00"/>
        <vehicle id="43" x="187.16" y="398.35" angle="90.00" type="DEFAULT_VEHTYPE" speed="0.02" pos="187.16" lane="0/2to1/2_0" slope="0.00"/>
        <vehicle id="44" x="572.00" y="401.65" angle="-90.00" type="DEFAULT_VEHTYPE" speed="13.04" pos="23.25" lane="3/2to2/2_0" slope="0.00"/>
        <vehicle id="46" x="323.39" y="401.65" angle="-90.00" type="DEFAULT_VEHTYPE" speed="12.85" pos="71.86" lane="2/2to1/2_0" slope="0.00"/>
        <vehicle id="47" x="201.65" y="502.54" angle="180.00" type="DEFAULT_VEHTYPE" speed="13.55" pos="97.79" lane="1/2to1/3_0" slope="0.00"/>
        <vehicle id="49" x="385.77" y="598.35" angle="90.00" type="DEFAULT_VEHTYPE" speed="4.93" pos="181.02" lane="1/3to2/3_0" slope="0.00"/>
        <vehicle id="6" x="401.41" y="603.07" angle="145.64" type="DEFAULT_VEHTYPE" speed="7.15" pos="8.63" lane=":2/3_14_0" slope="0.00"/>
    </timestep>
    <timestep time="266.00">
        <vehicle id="1" x="201.65" y="445.66" angle="180.00" type="DEFAULT_VEHTYPE" speed="12.62" pos="40.91" lane="1/2to1/3_0" slope="0.00"/>
        <vehicle id="11" x="224.82" y="401.65" angle="-90.00" type="DEFAULT_VEHTYPE" speed="11.38" pos="170.43" lane="2/2to1/2_0" slope="0.00"/>
        <vehicle id="13" x="201.65" y="43.92" angle="180.00" type="DEFAULT_VEHTYPE" speed="12.68" pos="43.92" lane="1/0to1/1_0" slope="0.00"/>
        <vehicle id="17" x="398.35" y="439.52" angle="0.00" type="DEFAULT_VEHTYPE" speed="13.43" pos="155.73" lane="2/3to2/2_0" slope="0.00"/>
        <vehicle id="2" x="250.58" y="198.35" angle="90.00" type="DEFAULT_VEHTYPE" speed="12.70" pos="45.83" lane="1/1to2/1_0" slope="0.00"/>
        <vehicle id="21" x="398.35" y="769.92" angle="0.00" type="DEFAULT_VEHTYPE" speed="13.45" pos="30.08" lane="2/4to2/3_0" slope="0.00"/>
        <vehicle id="23" x="201.65" y="575.64" angle="180.00" type="DEFAULT_VEHTYPE" speed="13.54" pos="170.89" lane="1/2to1/3_0" slope="0.00"/>
        <vehicle id="25" x="613.86" y="601.65" angle="-90.00" type="DEFAULT_VEHTYPE" speed="7.47" pos="186.14" lane="4/3to3/3_0" slope="0.00"/>
        <vehicle id="27" x="398.35" y="687.97" angle="0.00" type="DEFAULT_VEHTYPE" speed="12.75" pos="112.03" lane="2/4to2/3_0" slope="0.00"/>
        <vehicle id="29" x="398.35" y="314.74" angle="0.00" type="DEFAULT_VEHTYPE" speed="12.77" pos="80.51" lane="2/2to2/1_0" slope="0.00"/>
        <vehicle id="3" x="197.44" y="401.65" angle="-90.00" type="DEFAULT_VEHTYPE" speed="6.54" pos="7.31" lane=":1/2_5_0" slope="0.00"/>
        <vehicle id="32" x="133.69" y="201.65" angle="-90.00" type="DEFAULT_VEHTYPE" speed="13.78" pos="61.56" lane="1/1to0/1_0" slope="0.00"/>
        <vehicle id="37" x="598.35" y="539.01" angle="0.00" type="DEFAULT_VEHTYPE" speed="12.70" pos="56.24" lane="3/3to3/2_0" slope="0.00"/>
        <vehicle id="38" x="194.68" y="398.35" angle="90.00" type="DEFAULT_VEHTYPE" speed="0.00" pos="194.68" lane="0/2to1/2_0" slope="0.00"/>
        <vehicle id="4" x="670.22" y="601.65" angle="-90.00" type="DEFAULT_VEHTYPE" speed="13.66" pos="129.78" lane="4/3to3/3_0" slope="0.00"/>
        <vehicle id="41" x="267.24" y="598.35" angle="90.00" type="DEFAULT_VEHTYPE" speed="13.19" pos="62.49" lane="1/3to2/3_0" slope="0.00"/>
        <vehicle id="42" x="770.24" y="601.65" angle="-90.00" type="DEFAULT_VEHTYPE" speed="13.38" pos="29.76" lane="4/3to3/3_0" slope="0.00"/>
        <vehicle id="43" x="187.17" y="398.35" angle="90.00" type="DEFAULT_VEHTYPE" speed="0.02" pos="187.17" lane="0/2to1/2_0" slope="0.00"/>
        <vehicle id="44" x="559.26" y="401.65" angle="-90.00" type="DEFAULT_VEHTYPE" speed="12.74" pos="35.99" lane="3/2to2/2_0" slope="0.00"/>
        <vehicle id="46" x="310.26" y="401.65" angle="-90.00" type="DEFAULT_VEHTYPE" speed="13.13" pos="84.99" lane="2/2to1/2_0" slope="0.00"/>
        <vehicle id="47" x="201.65" y="515.73" angle="180.00" type="DEFAULT_VEHTYPE" speed="13.18" pos="110.98" lane="1/2to1/3_0" slope="0.00"/>
        <vehicle id="49" x="390.15" y="598.35" angle="90.00" type="DEFAULT_VEHTYPE" speed="4.39" pos="185.40" lane="1/3to2/3_0" slope="0.00"/>
        <vehicle id="6" x="401.65" y="612.74" angle="180.00" type="DEFAULT_VEHTYPE" speed="9.68" pos="7.99" lane="2/3to2/4_0" slope="0.00"/>
    </timestep>
    <timestep time="267.00">
        <vehicle id="1" x="201.65" y="459.37" angle="180.00" type="DEFAULT_VEHTYPE" speed="13.71" pos="54.62" lane="1/2to1/3_0" slope="0.00"/>
        <vehicle id="11" x="217.08" y="401.65" angle="-90.00" type="DEFAULT_VEHTYPE" speed="7.74" pos="178.17" lane="2/2to1/2_0" slope="0.00"/>
        <vehicle id="13" x="201.65" y="57.19" angle="180.00" type="DEFAULT_VEHTYPE" speed="13.27" pos="57.19" lane="1/0to1/1_0" slope="0.00"/>
        <vehicle id="17" x="398.35" y="426.69" angle="0.00" type="DEFAULT_VEHTYPE" speed="12.83" pos="168.56" lane="2/3to2/2_0" slope="0.00"/>
        <vehicle id="2" x="263.97" y="198.35" angle="90.00" type="DEFAULT_VEHTYPE" speed="13.39" pos="59.22" lane="1/1to2/1_0" slope="0.00"/>
        <vehicle id="21" x="398.35" y="757.17" angle="0.00" type="DEFAULT_VEHTYPE" speed="12.74" pos="42.83" lane="2/4to2/3_0" slope="0.00"/>
        <vehicle id="23" x="201.65" y="589.16" angle="180.00" type="DEFAULT_VEHTYPE" speed="13.52" pos="184.41" lane="1/2to1/3_0" slope="0.00"/>
        <vehicle id="25" x="610.05" y="601.65" angle="-90.00" type="DEFAULT_VEHTYPE" speed="3.80" pos="189.95" lane="4/3to3/3_0" slope="0.00"/>
        <vehicle id="27" x="398.35" y="674.51" angle="0.00" type="DEFAULT_VEHTYPE" speed="13.46" pos="125.49" lane="2/4to2/3_0" slope="0.00"/>
        <vehicle id="29" x="398.35" y="301.26" angle="0.00" type="DEFAULT_VEHTYPE" speed="13.49" pos="93.99" lane="2/2to2/1_0" slope="0.00"/>
        <vehicle id="3" x="188.47" y="401.65" angle="-90.00" type="DEFAULT_VEHTYPE" speed="8.97" pos="6.78" lane="1/2to0/2_0" slope="0.00"/>
        <vehicle id="32" x="120.57" y="201.65" angle="-90.00" type="DEFAULT_VEHTYPE" speed="13.13" pos="74.68" lane="1/1to0/1_0" slope="0.00"/>
        <vehicle id="37" x="598.35" y="525.69" angle="0.00" type="DEFAULT_VEHTYPE" speed="13.31" pos="69.56" lane="3/3to3/2_0" slope="0.00"/>
        <vehicle id="38" x="194.68" y="398.35" angle="90.00" type="DEFAULT_VEHTYPE" speed="0.00" pos="194.68" lane="0/2to1/2_0" slope="0.00"/>
        <vehicle id="4" x="657.00" y="601.65" angle="-90.00" type="DEFAULT_VEHTYPE" speed="13.21" pos="143.00" lane="4/3to3/3_0" slope="0.00"/>
        <vehicle id="41" x="280.69" y="598.35" angle="90.00" type="DEFAULT_VEHTYPE" speed="13.45" pos="75.94" lane="1/3to2/3_0" slope="0.00"/>
        <vehicle id="42" x="756.82" y="601.65" angle="-90.00" type="DEFAULT_VEHTYPE" speed="13.41" pos="43.18" lane="4/3to3/3_0" slope="0.00"/>
        <vehicle id="43" x="187.17" y="398.35" angle="90.00" type="DEFAULT_VEHTYPE" speed="0.00" pos="187.17" lane="0/2to1/2_0" slope="0.00"/>
        <vehicle id="44" x="545.36" y="401.65" angle="-90.00" type="DEFAULT_VEHTYPE" speed="13.90" pos="49.89" lane="3/2to2/2_0" slope="0.00"/>
        <vehicle id="46" x="297.28" y="401.65" angle="-90.00" type="DEFAULT_VEHTYPE" speed="12.98" pos="97.97" lane="2/2to1/2_0" slope="0.00"/>
        <vehicle id="47" x="201.65" y="529.17" angle="180.00" type="DEFAULT_VEHTYPE" speed="13.44" pos="124.42" lane="1/2to1/3_0" slope="0.00"/>
        <vehicle id="49" x="395.95" y="598.45" angle="91.14" type="DEFAULT_VEHTYPE" speed="5.80" pos="0.71" lane=":2/3_14_0" slope="0.00"/>
        <vehicle id="6" x="401.65" y="623.76" angle="180.00" type="DEFAULT_VEHTYPE" speed="11.02" pos="19.01" lane="2/3to2/4_0" slope="0.00"/>
    </timestep>
    <timestep time="268.00">
        <vehicle id="1" x="201.65" y="471.99" angle="180.00" type="DEFAULT_VEHTYPE" speed="12.62" pos="67.24" lane="1/2to1/3_0" slope="0.00"/>
        <vehicle id="11" x="211.43" y="401.65" angle="-90.00" type="DEFAULT_VEHTYPE" speed="5.64" pos="183.82" lane="2/2to1/2_0" slope="0.00"/>
        <vehicle id="13" x="201.65" y="70.91" angle="180.00" type="DEFAULT_VEHTYPE" speed="13.72" pos="70.91" lane="1/0to1/1_0" slope="0.00"/>
        <vehicle id="17" x="398.35" y="412.82" angle="0.00" type="DEFAULT_VEHTYPE" speed="13.86" pos="182.43" lane="2/3to2/2_0" slope="0.00"/>
        <vehicle id="2" x="276.60" y="198.35" angle="90.00" type="DEFAULT_VEHTYPE" speed="12.63" pos="71.85" lane="1/1to2/1_0" slope="0.00"/>
        <vehicle id="21" x="398.35" y="743.94" angle="0.00" type="DEFAULT_VEHTYPE" speed="13.24" pos="56.06" lane="2/4to2/3_0" slope="0.00"/>
        <vehicle id="23" x="206.90" y="598.35" angle="102.99" type="DEFAULT_VEHTYPE" speed="13.24" pos="2.15" lane="1/3to2/3_0" slope="0.00"/>
        <vehicle id="25" x="603.83" y="601.52" angle="-88.50" type="DEFAULT_VEHTYPE" speed="6.23" pos="0.93" lane=":3/3_6_0" slope="0.00"/>
        <vehicle id="27" x="398.35" y="661.84" angle="0.00" type="DEFAULT_VEHTYPE" speed="12.66" pos="138.16" lane="2/4to2/3_0" slope="0.00"/>
        <vehicle id="29" x="398.35" y="288.43" angle="0.00" type="DEFAULT_VEHTYPE" speed="12.82" pos="106.82" lane="2/2to2/1_0" slope="0.00"/>
        <vehicle id="3" x="176.92" y="401.65" angle="-90.00" type="DEFAULT_VEHTYPE" speed="11.54" pos="18.33" lane="1/2to0/2_0" slope="0.00"/>
        <vehicle id="32" x="107.30" y="201.65" angle="-90.00" type="DEFAULT_VEHTYPE" speed="13.27" pos="87.95" lane="1/1to0/1_0" slope="0.00"/>
        <vehicle id="37" x="598.35" y="512.77" angle="0.00" type="DEFAULT_VEHTYPE" speed="12.92" pos="82.48" lane="3/3to3/2_0" slope="0.00"/>
        <vehicle id="38" x="194.68" y="398.35" angle="90.00" type="DEFAULT_VEHTYPE" speed="0.00" pos="194.68" lane="0/2to1/2_0" slope="0.00"/>
        <vehicle id="4" x="644.32" y="601.65" angle="-90.00" type="DEFAULT_VEHTYPE" speed="12.68" pos="155.68" lane="4/3to3/3_0" slope="0.00"/>
        <vehicle id="41" x="293.47" y="598.35" angle="90.00" type="DEFAULT_VEHTYPE" speed="12.78" pos="88.72" lane="1/3to2/3_0" slope="0.00"/>
        <vehicle id="42" x="744.16" y="601.65" angle="-90.00" type="DEFAULT_VEHTYPE" speed="12.66" pos="55.84" lane="4/3to3/3_0" slope="0.00"/>
        <vehicle id="43" x="187.17" y="398.35" angle="90.00" type="DEFAULT_VEHTYPE" speed="0.00" pos="187.17" lane="0/2to1/2_0" slope="0.00"/>
        <vehicle id="44" x="532.46" y="401.65" angle="-90.00" type="DEFAULT_VEHTYPE" speed="12.90" pos="62.79" lane="3/2to2/2_0" slope="0.00"/>
        <vehicle id="46" x="284.04" y="401.65" angle="-90.00" type="DEFAULT_VEHTYPE" speed="13.24" pos="111.21" lane="2/2to1/2_0" slope="0.00"/>
        <vehicle id="47" x="201.65" y="542.51" angle="180.00" type="DEFAULT_VEHTYPE" speed="13.34" pos="137.76" lane="1/2to1/3_0" slope="0.00"/>
        <vehicle id="49" x="401.34" y="602.59" angle="140.60" type="DEFAULT_VEHTYPE" speed="7.44" pos="8.14" lane=":2/3_14_0" slope="0.00"/>
        <vehicle id="6" x="401.65" y="637.00" angle="180.00" type="DEFAULT_VEHTYPE" speed="13.24" pos="32.25" lane="2/3to2/4_0" slope="0.00"/>
    </timestep>
    <timestep time="269.00">
        <vehicle id="1" x="201.65" y="484.96" angle="180.00" type="DEFAULT_VEHTYPE" speed="12.97" pos="80.21" lane="1/2to1/3_0" slope="0.00"/>
        <vehicle id="11" x="203.99" y="401.65" angle="-90.00" type="DEFAULT_VEHTYPE" speed="7.44" pos="0.76" lane=":1/2_5_0" slope="0.00"/>
        <vehicle id="13" x="201.65" y="84.36" angle="180.00" type="DEFAULT_VEHTYPE" speed="13.44" pos="84.36" lane="1/0to1/1_0" slope="0.00"/>
        <vehicle id="17" x="398.35" y="400.08" angle="0.00" type="DEFAULT_VEHTYPE" speed="12.75" pos="4.67" lane=":2/2_1_0" slope="0.00"/>
        <vehicle id="2" x="289.53" y="198.35" angle="90.00" type="DEFAULT_VEHTYPE" speed="12.93" pos="84.78" lane="1/1to2/1_0" slope="0.00"/>
        <vehicle id="21" x="398.35" y="730.95" angle="0.00" type="DEFAULT_VEHTYPE" speed="12.99" pos="69.05" lane="2/4to2/3_0" slope="0.00"/>
        <vehicle id="23" x="220.38" y="598.35" angle="90.00" type="DEFAULT_VEHTYPE" speed="13.47" pos="15.63" lane="1/3to2/3_0" slope="0.00"/>
        <vehicle id="25" x="598.53" y="596.53" angle="-30.19" type="DEFAULT_VEHTYPE" speed="8.10" pos="9.03" lane=":3/3_6_0" slope="0.00"/>
        <vehicle id="27" x="398.35" y="649.21" angle="0.00" type="DEFAULT_VEHTYPE" speed="12.64" pos="150.79" lane="2/4to2/3_0" slope="0.00"/>
        <vehicle id="29" x="398.35" y="275.10" angle="0.00" type="DEFAULT_VEHTYPE" speed="13.33" pos="120.15" lane="2/2to2/1_0" slope="0.00"/>
        <vehicle id="3" x="164.31" y="401.65" angle="-90.00" type="DEFAULT_VEHTYPE" speed="12.61" pos="30.94" lane="1/2to0/2_0" slope="0.00"/>
        <vehicle id="32" x="93.58" y="201.65" angle="-90.00" type="DEFAULT_VEHTYPE" speed="13.72" pos="101.67" lane="1/1to0/1_0" slope="0.00"/>
        <vehicle id="37" x="598.35" y="499.74" angle="0.00" type="DEFAULT_VEHTYPE" speed="13.04" pos="95.51" lane="3/3to3/2_0" slope="0.00"/>
        <vehicle id="38" x="194.68" y="398.35" angle="90.00" type="DEFAULT_VEHTYPE" speed="0.00" pos="194.68" lane="0/2to1/2_0" slope="0.00"/>
        <vehicle id="4" x="631.56" y="601.65" angle="-90.00" type="DEFAULT_VEHTYPE" speed="12.76" pos="168.44" lane="4/3to3/3_0" slope="0.00"/>
        <vehicle id="41" x="306.14" y="598.35" angle="90.00" type="DEFAULT_VEHTYPE" speed="12.67" pos="101.39" lane="1/3to2/3_0" slope="0.00"/>
        <vehicle id="42" x="730.86" y="601.65" angle="-90.00" type="DEFAULT_VEHTYPE" speed="13.31" pos="69.14" lane="4/3to3/3_0" slope="0.00"/>
        <vehicle id="43" x="187.17" y="398.35" angle="90.00" type="DEFAULT_VEHTYPE" speed="0.00" pos="187.17" lane="0/2to1/2_0" slope="0.00"/>
        <vehicle id="44" x="519.38" y="401.65" angle="-90.00" type="DEFAULT_VEHTYPE" speed="13.08" pos="75.87" lane="3/2to2/2_0" slope="0.00"/>
        <vehicle id="46" x="271.29" y="401.65" angle="-90.00" type="DEFAULT_VEHTYPE" speed="12.75" pos="123.96" lane="2/2to1/2_0" slope="0.00"/>
        <vehicle id="47" x="201.65" y="556.01" angle="180.00" type="DEFAULT_VEHTYPE" speed="13.51" pos="151.26" lane="1/2to1/3_0" slope="0.00"/>
        <vehicle id="49" x="401.65" y="611.54" angle="180.00" type="DEFAULT_VEHTYPE" speed="8.97" pos="6.79" lane="2/3to2/4_0" slope="0.00"/>
        <vehicle id="6" x="401.65" y="650.78" angle="180.00" type="DEFAULT_VEHTYPE" speed="13.78" pos="46.03" lane="2/3to2/4_0" slope="0.00"/>
    </timestep>
    <timestep time="270.00">
        <vehicle id="1" x="201.65" y="498.80" angle="180.00" type="DEFAULT_VEHTYPE" speed="13.83" pos="94.05" lane="1/2to1/3_0" slope="0.00"/>
        <vehicle id="11" x="194.94" y="401.65" angle="-90.00" type="DEFAULT_VEHTYPE" speed="9.05" pos="0.31" lane="1/2to0/2_0" slope="0.00"/>
        <vehicle id="13" x="201.65" y="97.46" angle="180.00" type="DEFAULT_VEHTYPE" speed="13.11" pos="97.46" lane="1/0to1/1_0" slope="0.00"/>
        <vehicle id="17" x="398.35" y="386.35" angle="0.00" type="DEFAULT_VEHTYPE" speed="13.73" pos="8.90" lane="2/2to2/1_0" slope="0.00"/>
        <vehicle id="2" x="302.38" y="198.35" angle="90.00" type="DEFAULT_VEHTYPE" speed="12.85" pos="97.63" lane="1/1to2/1_0" slope="0.00"/>
        <vehicle id="21" x="398.35" y="717.26" angle="0.00" type="DEFAULT_VEHTYPE" speed="13.69" pos="82.74" lane="2/4to2/3_0" slope="0.00"/>
        <vehicle id="23" x="233.00" y="598.35" angle="90.00" type="DEFAULT_VEHTYPE" speed="12.62" pos="28.25" lane="1/3to2/3_0" slope="0.00"/>
        <vehicle id="25" x="598.35" y="586.50" angle="0.00" type="DEFAULT_VEHTYPE" speed="10.04" pos="8.75" lane="3/3to3/2_0" slope="0.00"/>
        <vehicle id="27" x="398.35" y="635.56" angle="0.00" type="DEFAULT_VEHTYPE" speed="13.65" pos="164.44" lane="2/4to2/3_0" slope="0.00"/>
        <vehicle id="29" x="398.35" y="261.92" angle="0.00" type="DEFAULT_VEHTYPE" speed="13.18" pos="133.33" lane="2/2to2/1_0" slope="0.00"/>
        <vehicle id="3" x="150.93" y="401.65" angle="-90.00" type="DEFAULT_VEHTYPE" speed="13.38" pos="44.32" lane="1/2to0/2_0" slope="0.00"/>
        <vehicle id="32" x="80.22" y="201.65" angle="-90.00" type="DEFAULT_VEHTYPE" speed="13.36" pos="115.03" lane="1/1to0/1_0" slope="0.00"/>
        <vehicle id="37" x="598.35" y="486.47" angle="0.00" type="DEFAULT_VEHTYPE" speed="13.27" pos="108.78" lane="3/3to3/2_0" slope="0.00"/>
        <vehicle id="38" x="194.68" y="398.35" angle="90.00" type="DEFAULT_VEHTYPE" speed="0.00" pos="194.68" lane="0/2to1/2_0" slope="0.00"/>
        <vehicle id="4" x="620.92" y="601.65" angle="-90.00" type="DEFAULT_VEHTYPE" speed="10.64" pos="179.08" lane="4/3to3/3_0" slope="0.00"/>
        <vehicle id="41" x="319.58" y="598.35" angle="90.00" type="DEFAULT_VEHTYPE" speed="13.45" pos="114.83" lane="1/3to2/3_0" slope="0.00"/>
        <vehicle id="42" x="717.71" y="601.65" angle="-90.00" type="DEFAULT_VEHTYPE" speed="13.15" pos="82.29" lane="4/3to3/3_0" slope="0.00"/>
        <vehicle id="43" x="187.17" y="398.35" angle="90.00" type="DEFAULT_VEHTYPE" speed="0.00" pos="187.17" lane="0/2to1/2_0" slope="0.00"/>
        <vehicle id="44" x="506.47" y="401.65" angle="-90.00" type="DEFAULT_VEHTYPE" speed="12.91" pos="88.78" lane="3/2to2/2_0" slope="0.00"/>
        <vehicle id="46" x="258.18" y="401.65" angle="-90.00" type="DEFAULT_VEHTYPE" speed="13.10" pos="137.07" lane="2/2to1/2_0" slope="0.00"/>
        <vehicle id="47" x="201.65" y="569.81" angle="180.00" type="DEFAULT_VEHTYPE" speed="13.80" pos="165.06" lane="1/2to1/3_0" slope="0.00"/>
        <vehicle id="49" x="401.65" y="622.78" angle="180.00" type="DEFAULT_VEHTYPE" speed="11.23" pos="18.03" lane="2/3to2/4_0" slope="0.00"/>
        <vehicle id="6" x="401.65" y="664.23" angle="180.00" type="DEFAULT_VEHTYPE" speed="13.45" pos="59.48" lane="2/3to2/4_0" slope="0.00"/>
    </timestep>
    <timestep time="271.00">
        <vehicle id="1" x="201.65" y="511.79" angle="180.00" type="DEFAULT_VEHTYPE" speed="13.00" pos="107.04" lane="1/2to1/3_0" slope="0.00"/>
        <vehicle id="11" x="183.95" y="401.65" angle="-90.00" type="DEFAULT_VEHTYPE" speed="10.99" pos="11.30" lane="1/2to0/2_0" slope="0.00"/>
        <vehicle id="13" x="201.65" y="110.79" angle="180.00" type="DEFAULT_VEHTYPE" speed="13.32" pos="110.79" lane="1/0to1/1_0" slope="0.00"/>
        <vehicle id="17" x="398.35" y="372.98" angle="0.00" type="DEFAULT_VEHTYPE" speed="13.37" pos="22.27" lane="2/2to2/1_0" slope="0.00"/>
        <vehicle id="2" x="315.72" y="198.35" angle="90.00" type="DEFAULT_VEHTYPE" speed="13.34" pos="110.97" lane="1/1to2/1_0" slope="0.00"/>
        <vehicle id="21" x="398.35" y="704.12" angle="0.00" type="DEFAULT_VEHTYPE" speed="13.13" pos="95.88" lane="2/4to2/3_0" slope="0.00"/>
        <vehicle id="23" x="246.72" y="598.35" angle="90.00" type="DEFAULT_VEHTYPE" speed="13.72" pos="41.97" lane="1/3to2/3_0" slope="0.00"/>
        <vehicle id="25" x="598.35" y="574.32" angle="0.00" type="DEFAULT_VEHTYPE" speed="12.18" pos="20.93" lane="3/3to3/2_0" slope="0.00"/>
        <vehicle id="27" x="398.35" y="621.85" angle="0.00" type="DEFAULT_VEHTYPE" speed="13.71" pos="178.15" lane="2/4to2/3_0" slope="0.00"/>
        <vehicle id="29" x="398.35" y="249.22" angle="0.00" type="DEFAULT_VEHTYPE" speed="12.70" pos="146.03" lane="2/2to2/1_0" slope="0.00"/>
        <vehicle id="3" x="138.29" y="401.65" angle="-90.00" type="DEFAULT_VEHTYPE" speed="12.64" pos="56.96" lane="1/2to0/2_0" slope="0.00"/>
        <vehicle id="32" x="67.49" y="201.65" angle="-90.00" type="DEFAULT_VEHTYPE" speed="12.73" pos="127.76" lane="1/1to0/1_0" slope="0.00"/>
        <vehicle id="37" x="598.35" y="473.59" angle="0.00" type="DEFAULT_VEHTYPE" speed="12.88" pos="121.66" lane="3/3to3/2_0" slope="0.00"/>
        <vehicle id="38" x="196.91" y="398.59" angle="92.72" type="DEFAULT_VEHTYPE" speed="2.25" pos="1.67" lane=":1/2_14_0" slope="0.00"/>
        <vehicle id="4" x="614.53" y="601.65" angle="-90.00" type="DEFAULT_VEHTYPE" speed="6.40" pos="185.47" lane="4/3to3/3_0" slope="0.00"/>
        <vehicle id="41" x="333.01" y="598.35" angle="90.00" type="DEFAULT_VEHTYPE" speed="13.43" pos="128.26" lane="1/3to2/3_0" slope="0.00"/>
        <vehicle id="42" x="704.50" y="601.65" angle="-90.00" type="DEFAULT_VEHTYPE" speed="13.20" pos="95.50" lane="4/3to3/3_0" slope="0.00"/>
        <vehicle id="43" x="187.17" y="398.35" angle="90.00" type="DEFAULT_VEHTYPE" speed="0.00" pos="187.17" lane="0/2to1/2_0" slope="0.00"/>
        <vehicle id="44" x="492.95" y="401.65" angle="-90.00" type="DEFAULT_VEHTYPE" speed="13.52" pos="102.30" lane="3/2to2/2_0" slope="0.00"/>
        <vehicle id="46" x="244.70" y="401.65" angle="-90.00" type="DEFAULT_VEHTYPE" speed="13.49" pos="150.55" lane="2/2to1/2_0" slope="0.00"/>
        <vehicle id="47" x="201.65" y="582.49" angle="180.00" type="DEFAULT_VEHTYPE" speed="12.68" pos="177.74" lane="1/2to1/3_0" slope="0.00"/>
        <vehicle id="49" x="401.65" y="636.09" angle="180.00" type="DEFAULT_VEHTYPE" speed="13.32" pos="31.34" lane="2/3to2/4_0" slope="0.00"/>
        <vehicle id="6" x="401.65" y="677.96" angle="180.00" type="DEFAULT_VEHTYPE" speed="13.73" pos="73.21" lane="2/3to2/4_0" slope="0.00"/>
    </timestep>
    <timestep time="272.00">
        <vehicle id="1" x="201.65" y="524.54" angle="180.00" type="DEFAULT_VEHTYPE" speed="12.75" pos="119.79" lane="1/2to1/3_0" slope="0.00"/>
        <vehicle id="11" x="171.08" y="401.65" angle="-90.00" type="DEFAULT_VEHTYPE" speed="12.87" pos="24.17" lane="1/2to0/2_0" slope="0.00"/>
        <vehicle id="13" x="201.65" y="123.64" angle="180.00" type="DEFAULT_VEHTYPE" speed="12.85" pos="123.64" lane="1/0to1/1_0" slope="0.00"/>
        <vehicle id="17" x="398.35" y="359.44" angle="0.00" type="DEFAULT_VEHTYPE" speed="13.54" pos="35.81" lane="2/2to2/1_0" slope="0.00"/>
        <vehicle id="2" x="328.42" y="198.35" angle="90.00" type="DEFAULT_VEHTYPE" speed="12.69" pos="123.67" lane="1/1to2/1_0" slope="0.00"/>
        <vehicle id="21" x="398.35" y="691.19" angle="0.00" type="DEFAULT_VEHTYPE" speed="12.93" pos="108.81" lane="2/4to2/3_0" slope="0.00"/>
        <vehicle id="23" x="260.20" y="598.35" angle="90.00" type="DEFAULT_VEHTYPE" speed="13.48" pos="55.45" lane="1/3to2/3_0" slope="0.00"/>
        <vehicle id="25" x="598.35" y="560.91" angle="0.00" type="DEFAULT_VEHTYPE" speed="13.42" pos="34.34" lane="3/3to3/2_0" slope="0.00"/>
        <vehicle id="27" x="398.35" y="608.68" angle="0.00" type="DEFAULT_VEHTYPE" speed="13.17" pos="191.32" lane="2/4to2/3_0" slope="0.00"/>
        <vehicle id="29" x="398.35" y="235.44" angle="0.00" type="DEFAULT_VEHTYPE" speed="13.78" pos="159.81" lane="2/2to2/1_0" slope="0.00"/>
        <vehicle id="3" x="124.88" y="401.65" angle="-90.00" type="DEFAULT_VEHTYPE" speed="13.41" pos="70.37" lane="1/2to0/2_0" slope="0.00"/>
        <vehicle id="32" x="53.91" y="201.65" angle="-90.00" type="DEFAULT_VEHTYPE" speed="13.57" pos="141.34" lane="1/1to0/1_0" slope="0.00"/>
        <vehicle id="37" x="598.35" y="459.73" angle="0.00" type="DEFAULT_VEHTYPE" speed="13.86" pos="135.52" lane="3/3to3/2_0" slope="0.00"/>
        <vehicle id="38" x="200.25" y="400.28" angle="112.56" type="DEFAULT_VEHTYPE" speed="3.87" pos="5.54" lane=":1/2_14_0" slope="0.00"/>
        <vehicle id="4" x="610.41" y="601.65" angle="-90.00" type="DEFAULT_VEHTYPE" speed="4.12" pos="189.59" lane="4/3to3/3_0" slope="0.00"/>
        <vehicle id="41" x="346.28" y="598.35" angle="90.00" type="DEFAULT_VEHTYPE" speed="13.27" pos="141.53" lane="1/3to2/3_0" slope="0.00"/>
        <vehicle id="42" x="691.15" y="601.65" angle="-90.00" type="DEFAULT_VEHTYPE" speed="13.36" pos="108.85" lane="4/3to3/3_0" slope="0.00"/>
        <vehicle id="43" x="188.30" y="398.35" angle="90.00" type="DEFAULT_VEHTYPE" speed="1.13" pos="188.30" lane="0/2to1/2_0" slope="0.00"/>
        <vehicle id="44" x="480.29" y="401.65" angle="-90.00" type="DEFAULT_VEHTYPE" speed="12.66" pos="114.96" lane="3/2to2/2_0" slope="0.00"/>
        <vehicle id="46" x="231.83" y="401.65" angle="-90.00" type="DEFAULT_VEHTYPE" speed="12.86" pos="163.42" lane="2/2to1/2_0" slope="0.00"/>
        <vehicle id="47" x="201.67" y="595.40" angle="179.77" type="DEFAULT_VEHTYPE" speed="12.90" pos="0.15" lane=":1/3_8_0" slope="0.00"/>
        <vehicle id="49" x="401.65" y="649.45" angle="180.00" type="DEFAULT_VEHTYPE" speed="13.36" pos="44.70" lane="2/3to2/4_0" slope="0.00"/>
        <vehicle id="6" x="401.65" y="691.58" angle="180.00" type="DEFAULT_VEHTYPE" speed="13.62" pos="86.83" lane="2/3to2/4_0" slope="0.00"/>
    </timestep>
    <timestep time="273.00">
        <vehicle id="1" x="201.65" y="537.88" angle="180.00" type="DEFAULT_VEHTYPE" speed="13.34" pos="133.13" lane="1/2to1/3_0" slope="0.00"/>
        <vehicle id="11" x="157.73" y="401.65" angle="-90.00" type="DEFAULT_VEHTYPE" speed="13.35" pos="37.52" lane="1/2to0/2_0" slope="0.00"/>
        <vehicle id="13" x="201.65" y="137.31" angle="180.00" type="DEFAULT_VEHTYPE" speed="13.67" pos="137.31" lane="1/0to1/1_0" slope="0.00"/>
        <vehicle id="17" x="398.35" y="345.71" angle="0.00" type="DEFAULT_VEHTYPE" speed="13.73" pos="49.54" lane="2/2to2/1_0" slope="0.00"/>
        <vehicle id="2" x="341.05" y="198.35" angle="90.00" type="DEFAULT_VEHTYPE" speed="12.64" pos="136.30" lane="1/1to2/1_0" slope="0.00"/>
        <vehicle id="21" x="398.35" y="677.38" angle="0.00" type="DEFAULT_VEHTYPE" speed="13.81" pos="122.62" lane="2/4to2/3_0" slope="0.00"/>
        <vehicle id="23" x="274.10" y="598.35" angle="90.00" type="DEFAULT_VEHTYPE" speed="13.90" pos="69.35" lane="1/3to2/3_0" slope="0.00"/>
        <vehicle id="25" x="598.35" y="548.23" angle="0.00" type="DEFAULT_VEHTYPE" speed="12.67" pos="47.02" lane="3/3to3/2_0" slope="0.00"/>
        <vehicle id="27" x="398.35" y="595.75" angle="0.00" type="DEFAULT_VEHTYPE" speed="12.93" pos="9.00" lane=":2/3_1_0" slope="0.00"/>
        <vehicle id="29" x="398.35" y="222.10" angle="0.00" type="DEFAULT_VEHTYPE" speed="13.33" pos="173.15" lane="2/2to2/1_0" slope="0.00"/>
        <vehicle id="3" x="112.17" y="401.65" angle="-90.00" type="DEFAULT_VEHTYPE" speed="12.72" pos="83.08" lane="1/2to0/2_0" slope="0.00"/>
        <vehicle id="32" x="40.50" y="201.65" angle="-90.00" type="DEFAULT_VEHTYPE" speed="13.41" pos="154.75" lane="1/1to0/1_0" slope="0.00"/>
        <vehicle id="37" x="598.35" y="446.29" angle="0.00" type="DEFAULT_VEHTYPE" speed="13.44" pos="148.96" lane="3/3to3/2_0" slope="0.00"/>
        <vehicle id="38" x="201.65" y="405.60" angle="167.25" type="DEFAULT_VEHTYPE" speed="5.62" pos="0.85" lane="1/2to1/3_0" slope="0.00"/>
        <vehicle id="4" x="604.73" y="601.65" angle="-89.96" type="DEFAULT_VEHTYPE" speed="5.68" pos="0.02" lane=":3/3_6_0" slope="0.00"/>
        <vehicle id="41" x="359.81" y="598.35" angle="90.00" type="DEFAULT_VEHTYPE" speed="13.53" pos="155.06" lane="1/3to2/3_0" slope="0.00"/>
        <vehicle id="42" x="678.06" y="601.65" angle="-90.00" type="DEFAULT_VEHTYPE" speed="13.09" pos="121.94" lane="4/3to3/3_0" slope="0.00"/>
        <vehicle id="43" x="191.14" y="398.35" angle="90.00" type="DEFAULT_VEHTYPE" speed="2.84" pos="191.14" lane="0/2to1/2_0" slope="0.00"/>
        <vehicle id="44" x="466.52" y="401.65" angle="-90.00" type="DEFAULT_VEHTYPE" speed="13.77" pos="128.73" lane="3/2to2/2_0" slope="0.00"/>
        <vehicle id="46" x="221.28" y="401.65" angle="-90.00" type="DEFAULT_VEHTYPE" speed="10.55" pos="173.97" lane="2/2to1/2_0" slope="0.00"/>
        <vehicle id="47" x="213.12" y="598.35" angle="90.00" type="DEFAULT_VEHTYPE" speed="13.22" pos="8.37" lane="1/3to2/3_0" slope="0.00"/>
        <vehicle id="49" x="401.65" y="662.95" angle="180.00" type="DEFAULT_VEHTYPE" speed="13.50" pos="58.20" lane="2/3to2/4_0" slope="0.00"/>
        <vehicle id="6" x="401.65" y="705.04" angle="180.00" type="DEFAULT_VEHTYPE" speed="13.45" pos="100.29" lane="2/3to2/4_0" slope="0.00"/>
    </timestep>
    <timestep time="274.00">
        <vehicle id="1" x="201.65" y="551.69" angle="180.00" type="DEFAULT_VEHTYPE" speed="13.81" pos="146.94" lane="1/2to1/3_0" slope="0.00"/>
        <vehicle id="11" x="144.48" y="401.65" angle="-90.00" type="DEFAULT_VEHTYPE" speed="13.25" pos="50.77" lane="1/2to0/2_0" slope="0.00"/>
        <vehicle id="13" x="201.65" y="151.16" angle="180.00" type="DEFAULT_VEHTYPE" speed="13.85" pos="151.16" lane="1/0to1/1_0" slope="0.00"/>
        <vehicle id="17" x="398.35" y="332.34" angle="0.00" type="DEFAULT_VEHTYPE" speed="13.36" pos="62.91" lane="2/2to2/1_0" slope="0.00"/>
        <vehicle id="2" x="354.52" y="198.35" angle="90.00" type="DEFAULT_VEHTYPE" speed="13.47" pos="149.77" lane="1/1to2/1_0" slope="0.00"/>
        <vehicle id="21" x="398.35" y="663.75" angle="0.00" type="DEFAULT_VEHTYPE" speed="13.64" pos="136.25" lane="2/4to2/3_0" slope="0.00"/>
        <vehicle id="23" x="287.27" y="598.35" angle="90.00" type="DEFAULT_VEHTYPE" speed="13.18" pos="82.52" lane="1/3to2/3_0" slope="0.00"/>
        <vehicle id="25" x="598.35" y="534.48" angle="0.00" type="DEFAULT_VEHTYPE" speed="13.75" pos="60.77" lane="3/3to3/2_0" slope="0.00"/>
        <vehicle id="27" x="398.35" y="581.96" angle="0.00" type="DEFAULT_VEHTYPE" speed="13.80" pos="13.29" lane="2/3to2/2_0" slope="0.00"/>
        <vehicle id="29" x="398.35" y="208.42" angle="0.00" type="DEFAULT_VEHTYPE" speed="13.68" pos="186.83" lane="2/2to2/1_0" slope="0.00"/>
        <vehicle id="3" x="99.55" y="401.65" angle="-90.00" type="DEFAULT_VEHTYPE" speed="12.62" pos="95.70" lane="1/2to0/2_0" slope="0.00"/>
        <vehicle id="32" x="27.49" y="201.65" angle="-90.00" type="DEFAULT_VEHTYPE" speed="13.01" pos="167.76" lane="1/1to0/1_0" slope="0.00"/>
        <vehicle id="37" x="598.35" y="432.49" angle="0.00" type="DEFAULT_VEHTYPE" speed="13.80" pos="162.76" lane="3/3to3/2_0" slope="0.00"/>
        <vehicle id="38" x="201.65" y="413.59" angle="180.00" type="DEFAULT_VEHTYPE" speed="7.99" pos="8.84" lane="1/2to1/3_0" slope="0.00"/>
        <vehicle id="4" x="598.98" y="598.43" angle="-51.90" type="DEFAULT_VEHTYPE" speed="7.03" pos="7.05" lane=":3/3_6_0" slope="0.00"/>
        <vehicle id="41" x="371.84" y="598.35" angle="90.00" type="DEFAULT_VEHTYPE" speed="12.03" pos="167.09" lane="1/3to2/3_0" slope="0.00"/>
        <vehicle id="42" x="665.27" y="601.65" angle="-90.00" type="DEFAULT_VEHTYPE" speed="12.78" pos="134.73" lane="4/3to3/3_0" slope="0.00"/>
        <vehicle id="43" x="192.19" y="398.35" angle="90.00" type="DEFAULT_VEHTYPE" speed="1.05" pos="192.19" lane="0/2to1/2_0" slope="0.00"/>
        <vehicle id="44" x="453.68" y="401.65" angle="-90.00" type="DEFAULT_VEHTYPE" speed="12.84" pos="141.57" lane="3/2to2/2_0" slope="0.00"/>
        <vehicle id="46" x="214.25" y="401.65" angle="-90.00" type="DEFAULT_VEHTYPE" speed="7.04" pos="181.00" lane="2/2to1/2_0" slope="0.00"/>
        <vehicle id="47" x="226.65" y="598.35" angle="90.00" type="DEFAULT_VEHTYPE" speed="13.53" pos="21.90" lane="1/3to2/3_0" slope="0.00"/>
        <vehicle id="49" x="401.65" y="675.86" angle="180.00" type="DEFAULT_VEHTYPE" speed="12.91" pos="71.11" lane="2/3to2/4_0" slope="0.00"/>
        <vehicle id="6" x="401.65" y="718.87" angle="180.00" type="DEFAULT_VEHTYPE" speed="13.84" pos="114.12" lane="2/3to2/4_0" slope="0.00"/>
    </timestep>
    <timestep time="275.00">
        <vehicle id="1" x="201.65" y="565.11" angle="180.00" type="DEFAULT_VEHTYPE" speed="13.43" pos="160.36" lane="1/2to1/3_0" slope="0.00"/>
        <vehicle id="11" x="131.68" y="401.65" angle="-90.00" type="DEFAULT_VEHTYPE" speed="12.80" pos="63.57" lane="1/2to0/2_0" slope="0.00"/>
        <vehicle id="13" x="201.65" y="164.92" angle="180.00" type="DEFAULT_VEHTYPE" speed="13.77" pos="164.92" lane="1/0to1/1_0" slope="0.00"/>
        <vehicle id="17" x="398.35" y="319.28" angle="0.00" type="DEFAULT_VEHTYPE" speed="13.06" pos="75.97" lane="2/2to2/1_0" slope="0.00"/>
        <vehicle id="2" x="368.37" y="198.35" angle="90.00" type="DEFAULT_VEHTYPE" speed="13.85" pos="163.62" lane="1/1to2/1_0" slope="0.00"/>
        <vehicle id="21" x="398.35" y="650.51" angle="0.00" type="DEFAULT_VEHTYPE" speed="13.23" pos="149.49" lane="2/4to2/3_0" slope="0.00"/>
        <vehicle id="23" x="300.33" y="598.35" angle="90.00" type="DEFAULT_VEHTYPE" speed="13.05" pos="95.58" lane="1/3to2/3_0" slope="0.00"/>
        <vehicle id="25" x="598.35" y="521.44" angle="0.00" type="DEFAULT_VEHTYPE" speed="13.04" pos="73.81" lane="3/3to3/2_0" slope="0.00"/>
        <vehicle id="27" x="398.35" y="569.27" angle="0.00" type="DEFAULT_VEHTYPE" speed="12.69" pos="25.98" lane="2/3to2/2_0" slope="0.00"/>
        <vehicle id="29" x="398.35" y="195.64" angle="0.00" type="DEFAULT_VEHTYPE" speed="12.78" pos="9.11" lane=":2/1_1_0" slope="0.00"/>
        <vehicle id="3" x="86.08" y="401.65" angle="-90.00" type="DEFAULT_VEHTYPE" speed="13.46" pos="109.17" lane="1/2to0/2_0" slope="0.00"/>
        <vehicle id="32" x="14.32" y="201.65" angle="-90.00" type="DEFAULT_VEHTYPE" speed="13.17" pos="180.93" lane="1/1to0/1_0" slope="0.00"/>
        <vehicle id="37" x="598.35" y="418.98" angle="0.00" type="DEFAULT_VEHTYPE" speed="13.50" pos="176.27" lane="3/3to3/2_0" slope="0.00"/>
        <vehicle id="38" x="201.65" y="424.07" angle="180.00" type="DEFAULT_VEHTYPE" speed="10.48" pos="19.32" lane="1/2to1/3_0" slope="0.00"/>
        <vehicle id="4" x="598.35" y="590.05" angle="0.00" type="DEFAULT_VEHTYPE" speed="8.47" pos="5.20" lane="3/3to3/2_0" slope="0.00"/>
        <vehicle id="41" x="381.38" y="598.35" angle="90.00" type="DEFAULT_VEHTYPE" speed="9.55" pos="176.63" lane="1/3to2/3_0" slope="0.00"/>
        <vehicle id="42" x="652.31" y="601.65" angle="-90.00" type="DEFAULT_VEHTYPE" speed="12.96" pos="147.69" lane="4/3to3/3_0" slope="0.00"/>
        <vehicle id="43" x="192.67" y="398.35" angle="90.00" type="DEFAULT_VEHTYPE" speed="0.48" pos="192.67" lane="0/2to1/2_0" slope="0.00"/>
        <vehicle id="44" x="440.14" y="401.65" angle="-90.00" type="DEFAULT_VEHTYPE" speed="13.54" pos="155.11" lane="3/2to2/2_0" slope="0.00"/>
        <vehicle id="46" x="210.21" y="401.65" angle="-90.00" type="DEFAULT_VEHTYPE" speed="4.03" pos="185.04" lane="2/2to1/2_0" slope="0.00"/>
        <vehicle id="47" x="239.85" y="598.35" angle="90.00" type="DEFAULT_VEHTYPE" speed="13.20" pos="35.10" lane="1/3to2/3_0" slope="0.00"/>
        <vehicle id="49" x="401.65" y="688.66" angle="180.00" type="DEFAULT_VEHTYPE" speed="12.80" pos="83.91" lane="2/3to2/4_0" slope="0.00"/>
        <vehicle id="6" x="401.65" y="731.68" angle="180.00" type="DEFAULT_VEHTYPE" speed="12.80" pos="126.93" lane="2/3to2/4_0" slope="0.00"/>
    </timestep>
    <timestep time="276.00">
        <vehicle id="1" x="201.65" y="577.74" angle="180.00" type="DEFAULT_VEHTYPE" speed="12.62" pos="172.99" lane="1/2to1/3_0" slope="0.00"/>
        <vehicle id="11" x="118.50" y="401.65" angle="-90.00" type="DEFAULT_VEHTYPE" speed="13.18" pos="76.75" lane="1/2to0/2_0" slope="0.00"/>
        <vehicle id="13" x="201.65" y="178.53" angle="180.00" type="DEFAULT_VEHTYPE" speed="13.61" pos="178.53" lane="1/0to1/1_0" slope="0.00"/>
        <vehicle id="17" x="398.35" y="306.20" angle="0.00" type="DEFAULT_VEHTYPE" speed="13.08" pos="89.05" lane="2/2to2/1_0" slope="0.00"/>
        <vehicle id="2" x="378.96" y="198.35" angle="90.00" type="DEFAULT_VEHTYPE" speed="10.58" pos="174.21" lane="1/1to2/1_0" slope="0.00"/>
        <vehicle id="21" x="398.35" y="636.78" angle="0.00" type="DEFAULT_VEHTYPE" speed="13.73" pos="163.22" lane="2/4to2/3_0" slope="0.00"/>
        <vehicle id="23" x="313.69" y="598.35" angle="90.00" type="DEFAULT_VEHTYPE" speed="13.36" pos="108.94" lane="1/3to2/3_0" slope="0.00"/>
        <vehicle id="25" x="598.35" y="508.57" angle="0.00" type="DEFAULT_VEHTYPE" speed="12.87" pos="86.68" lane="3/3to3/2_0" slope="0.00"/>
        <vehicle id="27" x="398.35" y="555.97" angle="0.00" type="DEFAULT_VEHTYPE" speed="13.29" pos="39.28" lane="2/3to2/2_0" slope="0.00"/>
        <vehicle id="29" x="398.35" y="182.99" angle="0.00" type="DEFAULT_VEHTYPE" speed="12.65" pos="12.26" lane="2/1to2/0_0" slope="0.00"/>
        <vehicle id="3" x="73.36" y="401.65" angle="-90.00" type="DEFAULT_VEHTYPE" speed="12.73" pos="121.89" lane="1/2to0/2_0" slope="0.00"/>
        <vehicle id="32" x="1.40" y="201.65" angle="-90.00" type="DEFAULT_VEHTYPE" speed="12.92" pos="193.85" lane="1/1to0/1_0" slope="0.00"/>
        <vehicle id="37" x="598.35" y="405.99" angle="0.00" type="DEFAULT_VEHTYPE" speed="12.99" pos="189.26" lane="3/3to3/2_0" slope="0.00"/>
        <vehicle id="38" x="201.65" y="436.64" angle="180.00" type="DEFAULT_VEHTYPE" speed="12.57" pos="31.89" lane="1/2to1/3_0" slope="0.00"/>
        <vehicle id="4" x="598.35" y="579.67" angle="0.00" type="DEFAULT_VEHTYPE" speed="10.38" pos="15.58" lane="3/3to3/2_0" slope="0.00"/>
        <vehicle id="41" x="387.37" y="598.35" angle="90.00" type="DEFAULT_VEHTYPE" speed="5.98" pos="182.62" lane="1/3to2/3_0" slope="0.00"/>
        <vehicle id="42" x="638.93" y="601.65" angle="-90.00" type="DEFAULT_VEHTYPE" speed="13.38" pos="161.07" lane="4/3to3/3_0" slope="0.00"/>
        <vehicle id="43" x="192.74" y="398.35" angle="90.00" type="DEFAULT_VEHTYPE" speed="0.07" pos="192.74" lane="0/2to1/2_0" slope="0.00"/>
        <vehicle id="44" x="427.89" y="401.65" angle="-90.00" type="DEFAULT_VEHTYPE" speed="12.25" pos="167.36" lane="3/2to2/2_0" slope="0.00"/>
        <vehicle id="46" x="203.81" y="401.65" angle="-90.00" type="DEFAULT_VEHTYPE" speed="6.40" pos="0.94" lane=":1/2_5_0" slope="0.00"/>
        <vehicle id="47" x="253.08" y="598.35" angle="90.00" type="DEFAULT_VEHTYPE" speed="13.22" pos="48.33" lane="1/3to2/3_0" slope="0.00"/>
        <vehicle id="49" x="401.65" y="702.37" angle="180.00" type="DEFAULT_VEHTYPE" speed="13.71" pos="97.62" lane="2/3to2/4_0" slope="0.00"/>
        <vehicle id="6" x="401.65" y="745.57" angle="180.00" type="DEFAULT_VEHTYPE" speed="13.89" pos="140.82" lane="2/3to2/4_0" slope="0.00"/>
    </timestep>
    <timestep time="277.00">
        <vehicle id="1" x="201.65" y="591.52" angle="180.00" type="DEFAULT_VEHTYPE" speed="13.79" pos="186.77" lane="1/2to1/3_0" slope="0.00"/>
        <vehicle id="11" x="104.70" y="401.65" angle="-90.00" type="DEFAULT_VEHTYPE" speed="13.81" pos="90.55" lane="1/2to0/2_0" slope="0.00"/>
        <vehicle id="13" x="201.65" y="191.81" angle="180.00" type="DEFAULT_VEHTYPE" speed="13.28" pos="191.81" lane="1/0to1/1_0" slope="0.00"/>
        <vehicle id="17" x="398.35" y="292.34" angle="0.00" type="DEFAULT_VEHTYPE" speed="13.86" pos="102.91" lane="2/2to2/1_0" slope="0.00"/>
        <vehicle id="2" x="385.95" y="198.35" angle="90.00" type="DEFAULT_VEHTYPE" speed="7.00" pos="181.20" lane="1/1to2/1_0" slope="0.00"/>
        <vehicle id="21" x="398.35" y="622.89" angle="0.00" type="DEFAULT_VEHTYPE" speed="13.90" pos="177.11" lane="2/4to2/3_0" slope="0.00"/>
        <vehicle id="23" x="326.73" y="598.35" angle="90.00" type="DEFAULT_VEHTYPE" speed="13.04" pos="121.98" lane="1/3to2/3_0" slope="0.00"/>
        <vehicle id="25" x="598.35" y="495.01" angle="0.00" type="DEFAULT_VEHTYPE" speed="13.56" pos="100.24" lane="3/3to3/2_0" slope="0.00"/>
        <vehicle id="27" x="398.35" y="542.94" angle="0.00" type="DEFAULT_VEHTYPE" speed="13.04" pos="52.31" lane="2/3to2/2_0" slope="0.00"/>
        <vehicle id="29" x="398.35" y="169.23" angle="0.00" type="DEFAULT_VEHTYPE" speed="13.76" pos="26.02" lane="2/1to2/0_0" slope="0.00"/>
        <vehicle id="3" x="59.87" y="401.65" angle="-90.00" type="DEFAULT_VEHTYPE" speed="13.49" pos="135.38" lane="1/2to0/2_0" slope="0.00"/>
        <vehicle id="32" x="7.65" y="198.35" angle="90.00" type="DEFAULT_VEHTYPE" speed="13.88" pos="7.65" lane="0/1to1/1_0" slope="0.00"/>
        <vehicle id="37" x="587.97" y="401.65" angle="-90.00" type="DEFAULT_VEHTYPE" speed="13.52" pos="7.28" lane="3/2to2/2_0" slope="0.00"/>
        <vehicle id="38" x="201.65" y="449.97" angle="180.00" type="DEFAULT_VEHTYPE" speed="13.34" pos="45.22" lane="1/2to1/3_0" slope="0.00"/>
        <vehicle id="4" x="598.35" y="566.87" angle="0.00" type="DEFAULT_VEHTYPE" speed="12.80" pos="28.38" lane="3/3to3/2_0" slope="0.00"/>
        <vehicle id="41" x="390.93" y="598.35" angle="90.00" type="DEFAULT_VEHTYPE" speed="3.56" pos="186.18" lane="1/3to2/3_0" slope="0.00"/>
        <vehicle id="42" x="626.87" y="601.65" angle="-90.00" type="DEFAULT_VEHTYPE" speed="12.06" pos="173.13" lane="4/3to3/3_0" slope="0.00"/>
        <vehicle id="43" x="192.75" y="398.35" angle="90.00" type="DEFAULT_VEHTYPE" speed="0.01" pos="192.75" lane="0/2to1/2_0" slope="0.00"/>
        <vehicle id="44" x="418.39" y="401.65" angle="-90.00" type="DEFAULT_VEHTYPE" speed="9.50" pos="176.86" lane="3/2to2/2_0" slope="0.00"/>
        <vehicle id="46" x="195.66" y="401.65" angle="-90.00" type="DEFAULT_VEHTYPE" speed="8.15" pos="9.09" lane=":1/2_5_0" slope="0.00"/>
        <vehicle id="47" x="265.75" y="598.35" angle="90.00" type="DEFAULT_VEHTYPE" speed="12.67" pos="61.00" lane="1/3to2/3_0" slope="0.00"/>
        <vehicle id="49" x="401.65" y="715.89" angle="180.00" type="DEFAULT_VEHTYPE" speed="13.52" pos="111.14" lane="2/3to2/4_0" slope="0.00"/>
        <vehicle id="6" x="401.65" y="758.60" angle="180.00" type="DEFAULT_VEHTYPE" speed="13.03" pos="153.85" lane="2/3to2/4_0" slope="0.00"/>
    </timestep>
    <timestep time="278.00">
        <vehicle id="1" x="209.35" y="598.35" angle="90.64" type="DEFAULT_VEHTYPE" speed="13.33" pos="4.60" lane="1/3to2/3_0" slope="0.00"/>
        <vehicle id="11" x="91.73" y="401.65" angle="-90.00" type="DEFAULT_VEHTYPE" speed="12.96" pos="103.52" lane="1/2to0/2_0" slope="0.00"/>
        <vehicle id="13" x="209.11" y="198.35" angle="91.02" type="DEFAULT_VEHTYPE" speed="12.80" pos="4.36" lane="1/1to2/1_0" slope="0.00"/>
        <vehicle id="17" x="398.35" y="278.94" angle="0.00" type="DEFAULT_VEHTYPE" speed="13.40" pos="116.31" lane="2/2to2/1_0" slope="0.00"/>
        <vehicle id="2" x="389.92" y="198.35" angle="90.00" type="DEFAULT_VEHTYPE" speed="3.96" pos="185.17" lane="1/1to2/1_0" slope="0.00"/>
        <vehicle id="21" x="398.35" y="609.42" angle="0.00" type="DEFAULT_VEHTYPE" speed="13.47" pos="190.58" lane="2/4to2/3_0" slope="0.00"/>
        <vehicle id="23" x="339.44" y="598.35" angle="90.00" type="DEFAULT_VEHTYPE" speed="12.71" pos="134.69" lane="1/3to2/3_0" slope="0.00"/>
        <vehicle id="25" x="598.35" y="481.47" angle="0.00" type="DEFAULT_VEHTYPE" speed="13.53" pos="113.78" lane="3/3to3/2_0" slope="0.00"/>
        <vehicle id="27" x="398.35" y="530.27" angle="0.00" type="DEFAULT_VEHTYPE" speed="12.67" pos="64.98" lane="2/3to2/2_0" slope="0.00"/>
        <vehicle id="29" x="398.35" y="155.88" angle="0.00" type="DEFAULT_VEHTYPE" speed="13.35" pos="39.37" lane="2/1to2/0_0" slope="0.00"/>
        <vehicle id="3" x="46.42" y="401.65" angle="-90.00" type="DEFAULT_VEHTYPE" speed="13.45" pos="148.83" lane="1/2to0/2_0" slope="0.00"/>
        <vehicle id="32" x="20.75" y="198.35" angle="90.00" type="DEFAULT_VEHTYPE" speed="13.10" pos="20.75" lane="0/1to1/1_0" slope="0.00"/>
        <vehicle id="37" x="575.31" y="401.65" angle="-90.00" type="DEFAULT_VEHTYPE" speed="12.66" pos="19.94" lane="3/2to2/2_0" slope="0.00"/>
        <vehicle id="38" x="201.65" y="463.78" angle="180.00" type="DEFAULT_VEHTYPE" speed="13.81" pos="59.03" lane="1/2to1/3_0" slope="0.00"/>
        <vehicle id="4" x="598.35" y="553.44" angle="0.00" type="DEFAULT_VEHTYPE" speed="13.43" pos="41.81" lane="3/3to3/2_0" slope="0.00"/>
        <vehicle id="41" x="391.90" y="598.35" angle="90.00" type="DEFAULT_VEHTYPE" speed="0.97" pos="187.15" lane="1/3to2/3_0" slope="0.00"/>
        <vehicle id="42" x="618.18" y="601.65" angle="-90.00" type="DEFAULT_VEHTYPE" speed="8.69" pos="181.82" lane="4/3to3/3_0" slope="0.00"/>
        <vehicle id="43" x="194.78" y="398.35" angle="90.00" type="DEFAULT_VEHTYPE" speed="2.04" pos="194.78" lane="0/2to1/2_0" slope="0.00"/>
        <vehicle id="44" x="412.96" y="401.65" angle="-90.00" type="DEFAULT_VEHTYPE" speed="5.43" pos="182.29" lane="3/2to2/2_0" slope="0.00"/>
        <vehicle id="46" x="185.39" y="401.65" angle="-90.00" type="DEFAULT_VEHTYPE" speed="10.27" pos="9.86" lane="1/2to0/2_0" slope="0.00"/>
        <vehicle id="47" x="279.18" y="598.35" angle="90.00" type="DEFAULT_VEHTYPE" speed="13.43" pos="74.43" lane="1/3to2/3_0" slope="0.00"/>
        <vehicle id="49" x="401.65" y="728.73" angle="180.00" type="DEFAULT_VEHTYPE" speed="12.83" pos="123.98" lane="2/3to2/4_0" slope="0.00"/>
        <vehicle id="6" x="401.65" y="771.32" angle="180.00" type="DEFAULT_VEHTYPE" speed="12.73" pos="166.57" lane="2/3to2/4_0" slope="0.00"/>
    </timestep>
    <timestep time="279.00">
        <vehicle id="1" x="222.87" y="598.35" angle="90.00" type="DEFAULT_VEHTYPE" speed="13.52" pos="18.12" lane="1/3to2/3_0" slope="0.00"/>
        <vehicle id="11" x="78.94" y="401.65" angle="-90.00" type="DEFAULT_VEHTYPE" speed="12.79" pos="116.31" lane="1/2to0/2_0" slope="0.00"/>
        <vehicle id="13" x="222.36" y="198.35" angle="90.00" type="DEFAULT_VEHTYPE" speed="13.25" pos="17.61" lane="1/1to2/1_0" slope="0.00"/>
        <vehicle id="17" x="398.35" y="265.77" angle="0.00" type="DEFAULT_VEHTYPE" speed="13.17" pos="129.48" lane="2/2to2/1_0" slope="0.00"/>
        <vehicle id="2" x="395.24" y="198.35" angle="90.00" type="DEFAULT_VEHTYPE" speed="5.32" pos="190.49" lane="1/1to2/1_0" slope="0.00"/>
        <vehicle id="21" x="398.35" y="596.49" angle="0.00" type="DEFAULT_VEHTYPE" speed="12.93" pos="8.26" lane=":2/3_1_0" slope="0.00"/>
        <vehicle id="23" x="353.05" y="598.35" angle="90.00" type="DEFAULT_VEHTYPE" speed="13.61" pos="148.30" lane="1/3to2/3_0" slope="0.00"/>
        <vehicle id="25" x="598.35" y="467.64" angle="0.00" type="DEFAULT_VEHTYPE" speed="13.83" pos="127.61" lane="3/3to3/2_0" slope="0.00"/>
        <vehicle id="27" x="398.35" y="517.44" angle="0.00" type="DEFAULT_VEHTYPE" speed="12.83" pos="77.81" lane="2/3to2/2_0" slope="0.00"/>
        <vehicle id="29" x="398.35" y="142.73" angle="0.00" type="DEFAULT_VEHTYPE" speed="13.15" pos="52.52" lane="2/1to2/0_0" slope="0.00"/>
        <vehicle id="3" x="33.53" y="401.65" angle="-90.00" type="DEFAULT_VEHTYPE" speed="12.89" pos="161.72" lane="1/2to0/2_0" slope="0.00"/>
        <vehicle id="32" x="33.63" y="198.35" angle="90.00" type="DEFAULT_VEHTYPE" speed="12.88" pos="33.63" lane="0/1to1/1_0" slope="0.00"/>
        <vehicle id="37" x="562.02" y="401.65" angle="-90.00" type="DEFAULT_VEHTYPE" speed="13.29" pos="33.23" lane="3/2to2/2_0" slope="0.00"/>
        <vehicle id="38" x="201.65" y="477.04" angle="180.00" type="DEFAULT_VEHTYPE" speed="13.26" pos="72.29" lane="1/2to1/3_0" slope="0.00"/>
        <vehicle id="4" x="598.35" y="540.62" angle="0.00" type="DEFAULT_VEHTYPE" speed="12.82" pos="54.63" lane="3/3to3/2_0" slope="0.00"/>
        <vehicle id="41" x="392.56" y="598.35" angle="90.00" type="DEFAULT_VEHTYPE" speed="0.66" pos="187.81" lane="1/3to2/3_0" slope="0.00"/>
        <vehicle id="42" x="612.91" y="601.65" angle="-90.00" type="DEFAULT_VEHTYPE" speed="5.27" pos="187.09" lane="4/3to3/3_0" slope="0.00"/>
        <vehicle id="43" x="198.41" y="398.96" angle="97.13" type="DEFAULT_VEHTYPE" speed="3.71" pos="3.25" lane=":1/2_14_0" slope="0.00"/>
        <vehicle id="44" x="409.05" y="401.65" angle="-90.00" type="DEFAULT_VEHTYPE" speed="3.90" pos="186.20" lane="3/2to2/2_0" slope="0.00"/>
        <vehicle id="46" x="172.69" y="401.65" angle="-90.00" type="DEFAULT_VEHTYPE" speed="12.70" pos="22.56" lane="1/2to0/2_0" slope="0.00"/>
        <vehicle id="47" x="292.18" y="598.35" angle="90.00" type="DEFAULT_VEHTYPE" speed="13.00" pos="87.43" lane="1/3to2/3_0" slope="0.00"/>
        <vehicle id="49" x="401.65" y="742.00" angle="180.00" type="DEFAULT_VEHTYPE" speed="13.27" pos="137.25" lane="2/3to2/4_0" slope="0.00"/>
        <vehicle id="6" x="401.65" y="784.26" angle="180.00" type="DEFAULT_VEHTYPE" speed="12.94" pos="179.51" lane="2/3to2/4_0" slope="0.00"/>
    </timestep>
    <timestep time="280.00">
        <vehicle id="1" x="236.08" y="598.35" angle="90.00" type="DEFAULT_VEHTYPE" speed="13.20" pos="31.33" lane="1/3to2/3_0" slope="0.00"/>
        <vehicle id="11" x="65.31" y="401.65" angle="-90.00" type="DEFAULT_VEHTYPE" speed="13.63" pos="129.94" lane="1/2to0/2_0" slope="0.00"/>
        <vehicle id="13" x="235.39" y="198.35" angle="90.00" type="DEFAULT_VEHTYPE" speed="13.04" pos="30.64" lane="1/1to2/1_0" slope="0.00"/>
        <vehicle id="17" x="398.35" y="252.36" angle="0.00" type="DEFAULT_VEHTYPE" speed="13.41" pos="142.89" lane="2/2to2/1_0" slope="0.00"/>
        <vehicle id="2" x="403.13" y="198.35" angle="90.00" type="DEFAULT_VEHTYPE" speed="7.89" pos="7.88" lane=":2/1_13_0" slope="0.00"/>
        <vehicle id="21" x="398.35" y="583.75" angle="0.00" type="DEFAULT_VEHTYPE" speed="12.74" pos="11.50" lane="2/3to2/2_0" slope="0.00"/>
        <vehicle id="23" x="365.52" y="598.35" angle="90.00" type="DEFAULT_VEHTYPE" speed="12.47" pos="160.77" lane="1/3to2/3_0" slope="0.00"/>
        <vehicle id="25" x="598.35" y="454.71" angle="0.00" type="DEFAULT_VEHTYPE" speed="12.93" pos="140.54" lane="3/3to3/2_0" slope="0.00"/>
        <vehicle id="27" x="398.35" y="504.51" angle="0.00" type="DEFAULT_VEHTYPE" speed="12.93" pos="90.74" lane="2/3to2/2_0" slope="0.00"/>
        <vehicle id="29" x="398.35" y="128.98" angle="0.00" type="DEFAULT_VEHTYPE" speed="13.75" pos="66.27" lane="2/1to2/0_0" slope="0.00"/>
        <vehicle id="3" x="20.67" y="401.65" angle="-90.00" type="DEFAULT_VEHTYPE" speed="12.86" pos="174.58" lane="1/2to0/2_0" slope="0.00"/>
        <vehicle id="32" x="47.15" y="198.35" angle="90.00" type="DEFAULT_VEHTYPE" speed="13.52" pos="47.15" lane="0/1to1/1_0" slope="0.00"/>
        <vehicle id="37" x="548.48" y="401.65" angle="-90.00" type="DEFAULT_VEHTYPE" speed="13.54" pos="46.77" lane="3/2to2/2_0" slope="0.00"/>
        <vehicle id="38" x="201.65" y="489.97" angle="180.00" type="DEFAULT_VEHTYPE" speed="12.93" pos="85.22" lane="1/2to1/3_0" slope="0.00"/>
        <vehicle id="4" x="598.35" y="527.44" angle="0.00" type="DEFAULT_VEHTYPE" speed="13.18" pos="67.81" lane="3/3to3/2_0" slope="0.00"/>
        <vehicle id="41" x="395.15" y="598.35" angle="90.00" type="DEFAULT_VEHTYPE" speed="2.59" pos="190.40" lane="1/3to2/3_0" slope="0.00"/>
        <vehicle id="42" x="609.87" y="601.65" angle="-90.00" type="DEFAULT_VEHTYPE" speed="3.04" pos="190.13" lane="4/3to3/3_0" slope="0.00"/>
        <vehicle id="43" x="201.41" y="403.08" angle="145.72" type="DEFAULT_VEHTYPE" speed="5.39" pos="8.64" lane=":1/2_14_0" slope="0.00"/>
        <vehicle id="44" x="402.90" y="401.65" angle="-90.00" type="DEFAULT_VEHTYPE" speed="6.15" pos="1.85" lane=":2/2_5_0" slope="0.00"/>
        <vehicle id="46" x="159.00" y="401.65" angle="-90.00" type="DEFAULT_VEHTYPE" speed="13.69" pos="36.25" lane="1/2to0/2_0" slope="0.00"/>
        <vehicle id="47" x="305.82" y="598.35" angle="90.00" type="DEFAULT_VEHTYPE" speed="13.64" pos="101.07" lane="1/3to2/3_0" slope="0.00"/>
        <vehicle id="49" x="401.65" y="755.31" angle="180.00" type="DEFAULT_VEHTYPE" speed="13.31" pos="150.56" lane="2/3to2/4_0" slope="0.00"/>
        <vehicle id="6" x="401.65" y="798.02" angle="180.00" type="DEFAULT_VEHTYPE" speed="13.76" pos="193.27" lane="2/3to2/4_0" slope="0.00"/>
    </timestep>
    <timestep time="281.00">
        <vehicle id="1" x="249.71" y="598.35" angle="90.00" type="DEFAULT_VEHTYPE" speed="13.63" pos="44.96" lane="1/3to2/3_0" slope="0.00"/>
        <vehicle id="11" x="51.73" y="401.65" angle="-90.00" type="DEFAULT_VEHTYPE" speed="13.57" pos="143.52" lane="1/2to0/2_0" slope="0.00"/>
        <vehicle id="13" x="248.43" y="198.35" angle="90.00" type="DEFAULT_VEHTYPE" speed="13.03" pos="43.68" lane="1/1to2/1_0" slope="0.00"/>
        <vehicle id="17" x="398.35" y="239.66" angle="0.00" type="DEFAULT_VEHTYPE" speed="12.70" pos="155.59" lane="2/2to2/1_0" slope="0.00"/>
        <vehicle id="2" x="412.51" y="198.35" angle="90.00" type="DEFAULT_VEHTYPE" speed="9.39" pos="7.76" lane="2/1to3/1_0" slope="0.00"/>
        <vehicle id="21" x="398.35" y="570.86" angle="0.00" type="DEFAULT_VEHTYPE" speed="12.89" pos="24.39" lane="2/3to2/2_0" slope="0.00"/>
        <vehicle id="23" x="375.67" y="598.35" angle="90.00" type="DEFAULT_VEHTYPE" speed="10.15" pos="170.92" lane="1/3to2/3_0" slope="0.00"/>
        <vehicle id="25" x="598.35" y="441.29" angle="0.00" type="DEFAULT_VEHTYPE" speed="13.42" pos="153.96" lane="3/3to3/2_0" slope="0.00"/>
        <vehicle id="27" x="398.35" y="491.17" angle="0.00" type="DEFAULT_VEHTYPE" speed="13.35" pos="104.08" lane="2/3to2/2_0" slope="0.00"/>
        <vehicle id="29" x="398.35" y="115.08" angle="0.00" type="DEFAULT_VEHTYPE" speed="13.90" pos="80.17" lane="2/1to2/0_0" slope="0.00"/>
        <vehicle id="3" x="6.87" y="401.65" angle="-90.00" type="DEFAULT_VEHTYPE" speed="13.81" pos="188.38" lane="1/2to0/2_0" slope="0.00"/>
        <vehicle id="32" x="60.76" y="198.35" angle="90.00" type="DEFAULT_VEHTYPE" speed="13.61" pos="60.76" lane="0/1to1/1_0" slope="0.00"/>
        <vehicle id="37" x="535.71" y="401.65" angle="-90.00" type="DEFAULT_VEHTYPE" speed="12.77" pos="59.54" lane="3/2to2/2_0" slope="0.00"/>
        <vehicle id="38" x="201.65" y="503.34" angle="180.00" type="DEFAULT_VEHTYPE" speed="13.37" pos="98.59" lane="1/2to1/3_0" slope="0.00"/>
        <vehicle id="4" x="598.35" y="514.62" angle="0.00" type="DEFAULT_VEHTYPE" speed="12.82" pos="80.63" lane="3/3to3/2_0" slope="0.00"/>
        <vehicle id="41" x="399.15" y="599.41" angle="102.46" type="DEFAULT_VEHTYPE" speed="4.21" pos="4.11" lane=":2/3_14_0" slope="0.00"/>
        <vehicle id="42" x="604.55" y="601.62" angle="-89.67" type="DEFAULT_VEHTYPE" speed="5.33" pos="0.21" lane=":3/3_6_0" slope="0.00"/>
        <vehicle id="43" x="201.65" y="410.87" angle="180.00" type="DEFAULT_VEHTYPE" speed="7.80" pos="6.12" lane="1/2to1/3_0" slope="0.00"/>
        <vehicle id="44" x="394.77" y="401.65" angle="-90.00" type="DEFAULT_VEHTYPE" speed="8.13" pos="0.48" lane="2/2to1/2_0" slope="0.00"/>
        <vehicle id="46" x="145.88" y="401.65" angle="-90.00" type="DEFAULT_VEHTYPE" speed="13.12" pos="49.37" lane="1/2to0/2_0" slope="0.00"/>
        <vehicle id="47" x="318.68" y="598.35" angle="90.00" type="DEFAULT_VEHTYPE" speed="12.86" pos="113.93" lane="1/3to2/3_0" slope="0.00"/>
        <vehicle id="49" x="401.65" y="769.17" angle="180.00" type="DEFAULT_VEHTYPE" speed="13.86" pos="164.42" lane="2/3to2/4_0" slope="0.00"/>
        <vehicle id="6" x="398.35" y="793.88" angle="0.00" type="DEFAULT_VEHTYPE" speed="12.92" pos="6.12" lane="2/4to2/3_0" slope="0.00"/>
    </timestep>
    <timestep time="282.00">
        <vehicle id="1" x="262.41" y="598.35" angle="90.00" type="DEFAULT_VEHTYPE" speed="12.71" pos="57.66" lane="1/3to2/3_0" slope="0.00"/>
        <vehicle id="11" x="38.08" y="401.65" angle="-90.00" type="DEFAULT_VEHTYPE" speed="13.65" pos="157.17" lane="1/2to0/2_0" slope="0.00"/>
        <vehicle id="13" x="261.26" y="198.35" angle="90.00" type="DEFAULT_VEHTYPE" speed="12.83" pos="56.51" lane="1/1to2/1_0" slope="0.00"/>
        <vehicle id="17" x="398.35" y="226.29" angle="0.00" type="DEFAULT_VEHTYPE" speed="13.37" pos="168.96" lane="2/2to2/1_0" slope="0.00"/>
        <vehicle id="2" x="424.20" y="198.35" angle="90.00" type="DEFAULT_VEHTYPE" speed="11.69" pos="19.45" lane="2/1to3/1_0" slope="0.00"/>
        <vehicle id="21" x="398.35" y="557.19" angle="0.00" type="DEFAULT_VEHTYPE" speed="13.67" pos="38.06" lane="2/3to2/2_0" slope="0.00"/>
        <vehicle id="23" x="383.62" y="598.35" angle="90.00" type="DEFAULT_VEHTYPE" speed="7.95" pos="178.87" lane="1/3to2/3_0" slope="0.00"/>
        <vehicle id="25" x="598.35" y="428.45" angle="0.00" type="DEFAULT_VEHTYPE" speed="12.84" pos="166.80" lane="3/3to3/2_0" slope="0.00"/>
        <vehicle id="27" x="398.35" y="477.38" angle="0.00" type="DEFAULT_VEHTYPE" speed="13.78" pos="117.87" lane="2/3to2/2_0" slope="0.00"/>
        <vehicle id="29" x="398.35" y="101.54" angle="0.00" type="DEFAULT_VEHTYPE" speed="13.54" pos="93.71" lane="2/1to2/0_0" slope="0.00"/>
        <vehicle id="3" x="1.30" y="398.35" angle="39.89" type="DEFAULT_VEHTYPE" speed="12.99" pos="1.30" lane="0/2to1/2_0" slope="0.00"/>
        <vehicle id="32" x="73.92" y="198.35" angle="90.00" type="DEFAULT_VEHTYPE" speed="13.16" pos="73.92" lane="0/1to1/1_0" slope="0.00"/>
        <vehicle id="37" x="522.85" y="401.65" angle="-90.00" type="DEFAULT_VEHTYPE" speed="12.86" pos="72.40" lane="3/2to2/2_0" slope="0.00"/>
        <vehicle id="38" x="201.65" y="517.03" angle="180.00" type="DEFAULT_VEHTYPE" speed="13.69" pos="112.28" lane="1/2to1/3_0" slope="0.00"/>
        <vehicle id="4" x="598.35" y="501.88" angle="0.00" type="DEFAULT_VEHTYPE" speed="12.73" pos="93.37" lane="3/3to3/2_0" slope="0.00"/>
        <vehicle id="41" x="401.65" y="604.94" angle="163.16" type="DEFAULT_VEHTYPE" speed="6.40" pos="0.19" lane="2/3to2/4_0" slope="0.00"/>
        <vehicle id="42" x="598.72" y="597.81" angle="-43.96" type="DEFAULT_VEHTYPE" speed="7.53" pos="7.73" lane=":3/3_6_0" slope="0.00"/>
        <vehicle id="43" x="201.65" y="420.88" angle="180.00" type="DEFAULT_VEHTYPE" speed="10.01" pos="16.13" lane="1/2to1/3_0" slope="0.00"/>
        <vehicle id="44" x="385.00" y="401.65" angle="-90.00" type="DEFAULT_VEHTYPE" speed="9.77" pos="10.25" lane="2/2to1/2_0" slope="0.00"/>
        <vehicle id="46" x="133.25" y="401.65" angle="-90.00" type="DEFAULT_VEHTYPE" speed="12.62" pos="62.00" lane="1/2to0/2_0" slope="0.00"/>
        <vehicle id="47" x="331.69" y="598.35" angle="90.00" type="DEFAULT_VEHTYPE" speed="13.01" pos="126.94" lane="1/3to2/3_0" slope="0.00"/>
        <vehicle id="49" x="401.65" y="781.77" angle="180.00" type="DEFAULT_VEHTYPE" speed="12.60" pos="177.02" lane="2/3to2/4_0" slope="0.00"/>
        <vehicle id="6" x="398.35" y="780.24" angle="0.00" type="DEFAULT_VEHTYPE" speed="13.64" pos="19.76" lane="2/4to2/3_0" slope="0.00"/>
    </timestep>
    <timestep time="283.00">
        <vehicle id="1" x="275.84" y="598.35" angle="90.00" type="DEFAULT_VEHTYPE" speed="13.43" pos="71.09" lane="1/3to2/3_0" slope="0.00"/>
        <vehicle id="11" x="24.46" y="401.65" angle="-90.00" type="DEFAULT_VEHTYPE" speed="13.62" pos="170.79" lane="1/2to0/2_0" slope="0.00"/>
        <vehicle id="13" x="274.95" y="198.35" angle="90.00" type="DEFAULT_VEHTYPE" speed="13.69" pos="70.20" lane="1/1to2/1_0" slope="0.00"/>
        <vehicle id="17" x="398.35" y="213.21" angle="0.00" type="DEFAULT_VEHTYPE" speed="13.08" pos="182.04" lane="2/2to2/1_0" slope="0.00"/>
        <vehicle id="2" x="437.39" y="198.35" angle="90.00" type="DEFAULT_VEHTYPE" speed="13.18" pos="32.64" lane="2/1to3/1_0" slope="0.00"/>
        <vehicle id="21" x="398.35" y="543.40" angle="0.00" type="DEFAULT_VEHTYPE" speed="13.79" pos="51.85" lane="2/3to2/2_0" slope="0.00"/>
        <vehicle id="23" x="388.66" y="598.35" angle="90.00" type="DEFAULT_VEHTYPE" speed="5.03" pos="183.91" lane="1/3to2/3_0" slope="0.00"/>
        <vehicle id="25" x="598.35" y="415.39" angle="0.00" type="DEFAULT_VEHTYPE" speed="13.07" pos="179.86" lane="3/3to3/2_0" slope="0.00"/>
        <vehicle id="27" x="398.35" y="464.31" angle="0.00" type="DEFAULT_VEHTYPE" speed="13.08" pos="130.94" lane="2/3to2/2_0" slope="0.00"/>
        <vehicle id="29" x="398.35" y="88.80" angle="0.00" type="DEFAULT_VEHTYPE" speed="12.75" pos="106.45" lane="2/1to2/0_0" slope="0.00"/>
        <vehicle id="3" x="14.09" y="398.35" angle="90.00" type="DEFAULT_VEHTYPE" speed="12.78" pos="14.09" lane="0/2to1/2_0" slope="0.00"/>
        <vehicle id="32" x="87.30" y="198.35" angle="90.00" type="DEFAULT_VEHTYPE" speed="13.38" pos="87.30" lane="0/1to1/1_0" slope="0.00"/>
        <vehicle id="37" x="509.40" y="401.65" angle="-90.00" type="DEFAULT_VEHTYPE" speed="13.45" pos="85.85" lane="3/2to2/2_0" slope="0.00"/>
        <vehicle id="38" x="201.65" y="530.38" angle="180.00" type="DEFAULT_VEHTYPE" speed="13.34" pos="125.63" lane="1/2to1/3_0" slope="0.00"/>
        <vehicle id="4" x="598.35" y="489.05" angle="0.00" type="DEFAULT_VEHTYPE" speed="12.84" pos="106.20" lane="3/3to3/2_0" slope="0.00"/>
        <vehicle id="41" x="401.65" y="613.88" angle="180.00" type="DEFAULT_VEHTYPE" speed="8.94" pos="9.13" lane="2/3to2/4_0" slope="0.00"/>
        <vehicle id="42" x="598.35" y="588.19" angle="0.00" type="DEFAULT_VEHTYPE" speed="9.64" pos="7.06" lane="3/3to3/2_0" slope="0.00"/>
        <vehicle id="43" x="201.65" y="432.34" angle="180.00" type="DEFAULT_VEHTYPE" speed="11.46" pos="27.59" lane="1/2to1/3_0" slope="0.00"/>
        <vehicle id="44" x="372.94" y="401.65" angle="-90.00" type="DEFAULT_VEHTYPE" speed="12.06" pos="22.31" lane="2/2to1/2_0" slope="0.00"/>
        <vehicle id="46" x="120.64" y="401.65" angle="-90.00" type="DEFAULT_VEHTYPE" speed="12.61" pos="74.61" lane="1/2to0/2_0" slope="0.00"/>
        <vehicle id="47" x="344.75" y="598.35" angle="90.00" type="DEFAULT_VEHTYPE" speed="13.05" pos="140.00" lane="1/3to2/3_0" slope="0.00"/>
        <vehicle id="49" x="401.65" y="795.28" angle="180.00" type="DEFAULT_VEHTYPE" speed="13.51" pos="190.53" lane="2/3to2/4_0" slope="0.00"/>
        <vehicle id="6" x="398.35" y="767.53" angle="0.00" type="DEFAULT_VEHTYPE" speed="12.71" pos="32.47" lane="2/4to2/3_0" slope="0.00"/>
    </timestep>
    <timestep time="284.00">
        <vehicle id="1" x="288.45" y="598.35" angle="90.00" type="DEFAULT_VEHTYPE" speed="12.62" pos="83.70" lane="1/3to2/3_0" slope="0.00"/>
        <vehicle id="11" x="11.41" y="401.65" angle="-90.00" type="DEFAULT_VEHTYPE" speed="13.05" pos="183.84" lane="1/2to0/2_0" slope="0.00"/>
        <vehicle id="13" x="288.08" y="198.35" angle="90.00" type="DEFAULT_VEHTYPE" speed="13.13" pos="83.33" lane="1/1to2/1_0" slope="0.00"/>
        <vehicle id="17" x="395.54" y="201.69" angle="-39.96" type="DEFAULT_VEHTYPE" speed="13.17" pos="4.71" lane=":2/1_0_0" slope="0.00"/>
        <vehicle id="2" x="450.37" y="198.35" angle="90.00" type="DEFAULT_VEHTYPE" speed="12.98" pos="45.62" lane="2/1to3/1_0" slope="0.00"/>
        <vehicle id="21" x="398.35" y="530.67" angle="0.00" type="DEFAULT_VEHTYPE" speed="12.73" pos="64.58" lane="2/3to2/2_0" slope="0.00"/>
        <vehicle id="23" x="395.77" y="598.42" angle="90.85" type="DEFAULT_VEHTYPE" speed="7.11" pos="0.52" lane=":2/3_14_0" slope="0.00"/>
        <vehicle id="25" x="597.14" y="402.16" angle="-14.76" type="DEFAULT_VEHTYPE" speed="13.65" pos="3.01" lane=":3/2_0_0" slope="0.00"/>
        <vehicle id="27" x="398.35" y="451.59" angle="0.00" type="DEFAULT_VEHTYPE" speed="12.72" pos="143.66" lane="2/3to2/2_0" slope="0.00"/>
        <vehicle id="29" x="398.35" y="76.05" angle="0.00" type="DEFAULT_VEHTYPE" speed="12.74" pos="119.20" lane="2/1to2/0_0" slope="0.00"/>
        <vehicle id="3" x="27.66" y="398.35" angle="90.00" type="DEFAULT_VEHTYPE" speed="13.57" pos="27.66" lane="0/2to1/2_0" slope="0.00"/>
        <vehicle id="32" x="100.20" y="198.35" angle="90.00" type="DEFAULT_VEHTYPE" speed="12.89" pos="100.20" lane="0/1to1/1_0" slope="0.00"/>
        <vehicle id="37" x="496.24" y="401.65" angle="-90.00" type="DEFAULT_VEHTYPE" speed="13.15" pos="99.01" lane="3/2to2/2_0" slope="0.00"/>
        <vehicle id="38" x="201.65" y="543.09" angle="180.00" type="DEFAULT_VEHTYPE" speed="12.71" pos="138.34" lane="1/2to1/3_0" slope="0.00"/>
        <vehicle id="4" x="598.35" y="476.23" angle="0.00" type="DEFAULT_VEHTYPE" speed="12.82" pos="119.02" lane="3/3to3/2_0" slope="0.00"/>
        <vehicle id="41" x="401.65" y="624.25" angle="180.00" type="DEFAULT_VEHTYPE" speed="10.36" pos="19.50" lane="2/3to2/4_0" slope="0.00"/>
        <vehicle id="42" x="598.35" y="576.41" angle="0.00" type="DEFAULT_VEHTYPE" speed="11.78" pos="18.84" lane="3/3to3/2_0" slope="0.00"/>
        <vehicle id="43" x="201.65" y="445.84" angle="180.00" type="DEFAULT_VEHTYPE" speed="13.50" pos="41.09" lane="1/2to1/3_0" slope="0.00"/>
        <vehicle id="44" x="359.19" y="401.65" angle="-90.00" type="DEFAULT_VEHTYPE" speed="13.75" pos="36.06" lane="2/2to1/2_0" slope="0.00"/>
        <vehicle id="46" x="106.84" y="401.65" angle="-90.00" type="DEFAULT_VEHTYPE" speed="13.80" pos="88.41" lane="1/2to0/2_0" slope="0.00"/>
        <vehicle id="47" x="357.83" y="598.35" angle="90.00" type="DEFAULT_VEHTYPE" speed="13.08" pos="153.08" lane="1/3to2/3_0" slope="0.00"/>
        <vehicle id="49" x="398.35" y="796.34" angle="-8.91" type="DEFAULT_VEHTYPE" speed="13.20" pos="3.66" lane="2/4to2/3_0" slope="0.00"/>
        <vehicle id="6" x="398.35" y="753.87" angle="0.00" type="DEFAULT_VEHTYPE" speed="13.66" pos="46.13" lane="2/4to2/3_0" slope="0.00"/>
    </timestep>
    <timestep time="285.00">
        <vehicle id="1" x="301.94" y="598.35" angle="90.00" type="DEFAULT_VEHTYPE" speed="13.48" pos="97.19" lane="1/3to2/3_0" slope="0.00"/>
        <vehicle id="11" x="-1.55" y="400.20" angle="-71.56" type="DEFAULT_VEHTYPE" speed="13.60" pos="2.19" lane=":0/2_0_0" slope="0.00"/>
        <vehicle id="13" x="301.41" y="198.35" angle="90.00" type="DEFAULT_VEHTYPE" speed="13.33" pos="96.66" lane="1/1to2/1_0" slope="0.00"/>
        <vehicle id="17" x="382.87" y="201.65" angle="-90.00" type="DEFAULT_VEHTYPE" speed="12.67" pos="12.38" lane="2/1to1/1_0" slope="0.00"/>
        <vehicle id="2" x="464.25" y="198.35" angle="90.00" type="DEFAULT_VEHTYPE" speed="13.88" pos="59.50" lane="2/1to3/1_0" slope="0.00"/>
        <vehicle id="21" x="398.35" y="517.17" angle="0.00" type="DEFAULT_VEHTYPE" speed="13.50" pos="78.08" lane="2/3to2/2_0" slope="0.00"/>
        <vehicle id="23" x="401.61" y="604.46" angle="159.94" type="DEFAULT_VEHTYPE" speed="9.51" pos="10.03" lane=":2/3_14_0" slope="0.00"/>
        <vehicle id="25" x="583.80" y="401.65" angle="-90.00" type="DEFAULT_VEHTYPE" speed="13.43" pos="11.45" lane="3/2to2/2_0" slope="0.00"/>
        <vehicle id="27" x="398.35" y="438.42" angle="0.00" type="DEFAULT_VEHTYPE" speed="13.17" pos="156.83" lane="2/3to2/2_0" slope="0.00"/>
        <vehicle id="29" x="398.35" y="63.35" angle="0.00" type="DEFAULT_VEHTYPE" speed="12.70" pos="131.90" lane="2/1to2/0_0" slope="0.00"/>
        <vehicle id="3" x="40.38" y="398.35" angle="90.00" type="DEFAULT_VEHTYPE" speed="12.72" pos="40.38" lane="0/2to1/2_0" slope="0.00"/>
        <vehicle id="32" x="113.45" y="198.35" angle="90.00" type="DEFAULT_VEHTYPE" speed="13.25" pos="113.45" lane="0/1to1/1_0" slope="0.00"/>
        <vehicle id="37" x="483.16" y="401.65" angle="-90.00" type="DEFAULT_VEHTYPE" speed="13.08" pos="112.09" lane="3/2to2/2_0" slope="0.00"/>
        <vehicle id="38" x="201.65" y="555.73" angle="180.00" type="DEFAULT_VEHTYPE" speed="12.64" pos="150.98" lane="1/2to1/3_0" slope="0.00"/>
        <vehicle id="4" x="598.35" y="462.39" angle="0.00" type="DEFAULT_VEHTYPE" speed="13.84" pos="132.86" lane="3/3to3/2_0" slope="0.00"/>
        <vehicle id="41" x="401.65" y="636.71" angle="180.00" type="DEFAULT_VEHTYPE" speed="12.47" pos="31.96" lane="2/3to2/4_0" slope="0.00"/>
        <vehicle id="42" x="598.35" y="562.72" angle="0.00" type="DEFAULT_VEHTYPE" speed="13.70" pos="32.53" lane="3/3to3/2_0" slope="0.00"/>
        <vehicle id="43" x="201.65" y="458.75" angle="180.00" type="DEFAULT_VEHTYPE" speed="12.91" pos="54.00" lane="1/2to1/3_0" slope="0.00"/>
        <vehicle id="44" x="345.63" y="401.65" angle="-90.00" type="DEFAULT_VEHTYPE" speed="13.56" pos="49.62" lane="2/2to1/2_0" slope="0.00"/>
        <vehicle id="46" x="93.14" y="401.65" angle="-90.00" type="DEFAULT_VEHTYPE" speed="13.71" pos="102.11" lane="1/2to0/2_0" slope="0.00"/>
        <vehicle id="47" x="370.33" y="598.35" angle="90.00" type="DEFAULT_VEHTYPE" speed="12.50" pos="165.58" lane="1/3to2/3_0" slope="0.00"/>
        <vehicle id="49" x="398.35" y="783.68" angle="0.00" type="DEFAULT_VEHTYPE" speed="12.67" pos="16.32" lane="2/4to2/3_0" slope="0.00"/>
        <vehicle id="6" x="398.35" y="740.10" angle="0.00" type="DEFAULT_VEHTYPE" speed="13.77" pos="59.90" lane="2/4to2/3_0" slope="0.00"/>
    </timestep>
    <timestep time="286.00">
        <vehicle id="1" x="314.69" y="598.35" angle="90.00" type="DEFAULT_VEHTYPE" speed="12.75" pos="109.94" lane="1/3to2/3_0" slope="0.00"/>
        <vehicle id="11" x="10.19" y="398.35" angle="90.00" type="DEFAULT_VEHTYPE" speed="12.81" pos="10.19" lane="0/2to1/2_0" slope="0.00"/>
        <vehicle id="13" x="314.61" y="198.35" angle="90.00" type="DEFAULT_VEHTYPE" speed="13.19" pos="109.86" lane="1/1to2/1_0" slope="0.00"/>
        <vehicle id="17" x="369.48" y="201.65" angle="-90.00" type="DEFAULT_VEHTYPE" speed="13.38" pos="25.77" lane="2/1to1/1_0" slope="0.00"/>
        <vehicle id="2" x="478.07" y="198.35" angle="90.00" type="DEFAULT_VEHTYPE" speed="13.83" pos="73.32" lane="2/1to3/1_0" slope="0.00"/>
        <vehicle id="21" x="398.35" y="503.62" angle="0.00" type="DEFAULT_VEHTYPE" speed="13.55" pos="91.63" lane="2/3to2/2_0" slope="0.00"/>
        <vehicle id="23" x="401.65" y="616.32" angle="180.00" type="DEFAULT_VEHTYPE" speed="11.86" pos="11.57" lane="2/3to2/4_0" slope="0.00"/>
        <vehicle id="25" x="570.11" y="401.65" angle="-90.00" type="DEFAULT_VEHTYPE" speed="13.70" pos="25.14" lane="3/2to2/2_0" slope="0.00"/>
        <vehicle id="27" x="398.35" y="425.62" angle="0.00" type="DEFAULT_VEHTYPE" speed="12.80" pos="169.63" lane="2/3to2/2_0" slope="0.00"/>
        <vehicle id="29" x="398.35" y="49.80" angle="0.00" type="DEFAULT_VEHTYPE" speed="13.55" pos="145.45" lane="2/1to2/0_0" slope="0.00"/>
        <vehicle id="3" x="53.20" y="398.35" angle="90.00" type="DEFAULT_VEHTYPE" speed="12.82" pos="53.20" lane="0/2to1/2_0" slope="0.00"/>
        <vehicle id="32" x="126.26" y="198.35" angle="90.00" type="DEFAULT_VEHTYPE" speed="12.82" pos="126.26" lane="0/1to1/1_0" slope="0.00"/>
        <vehicle id="37" x="470.06" y="401.65" angle="-90.00" type="DEFAULT_VEHTYPE" speed="13.10" pos="125.19" lane="3/2to2/2_0" slope="0.00"/>
        <vehicle id="38" x="201.65" y="569.21" angle="180.00" type="DEFAULT_VEHTYPE" speed="13.47" pos="164.46" lane="1/2to1/3_0" slope="0.00"/>
        <vehicle id="4" x="598.35" y="449.45" angle="0.00" type="DEFAULT_VEHTYPE" speed="12.94" pos="145.80" lane="3/3to3/2_0" slope="0.00"/>
        <vehicle id="41" x="401.65" y="650.36" angle="180.00" type="DEFAULT_VEHTYPE" speed="13.64" pos="45.61" lane="2/3to2/4_0" slope="0.00"/>
        <vehicle id="42" x="598.35" y="548.83" angle="0.00" type="DEFAULT_VEHTYPE" speed="13.89" pos="46.42" lane="3/3to3/2_0" slope="0.00"/>
        <vehicle id="43" x="201.65" y="471.89" angle="180.00" type="DEFAULT_VEHTYPE" speed="13.14" pos="67.14" lane="1/2to1/3_0" slope="0.00"/>
        <vehicle id="44" x="332.35" y="401.65" angle="-90.00" type="DEFAULT_VEHTYPE" speed="13.28" pos="62.90" lane="2/2to1/2_0" slope="0.00"/>
        <vehicle id="46" x="79.83" y="401.65" angle="-90.00" type="DEFAULT_VEHTYPE" speed="13.31" pos="115.42" lane="1/2to0/2_0" slope="0.00"/>
        <vehicle id="47" x="380.48" y="598.35" angle="90.00" type="DEFAULT_VEHTYPE" speed="10.15" pos="175.73" lane="1/3to2/3_0" slope="0.00"/>
        <vehicle id="49" x="398.35" y="770.37" angle="0.00" type="DEFAULT_VEHTYPE" speed="13.30" pos="29.63" lane="2/4to2/3_0" slope="0.00"/>
        <vehicle id="6" x="398.35" y="726.44" angle="0.00" type="DEFAULT_VEHTYPE" speed="13.66" pos="73.56" lane="2/4to2/3_0" slope="0.00"/>
    </timestep>
    <timestep time="287.00">
        <vehicle id="1" x="328.40" y="598.35" angle="90.00" type="DEFAULT_VEHTYPE" speed="13.71" pos="123.65" lane="1/3to2/3_0" slope="0.00"/>
        <vehicle id="11" x="23.67" y="398.35" angle="90.00" type="DEFAULT_VEHTYPE" speed="13.48" pos="23.67" lane="0/2to1/2_0" slope="0.00"/>
        <vehicle id="13" x="327.40" y="198.35" angle="90.00" type="DEFAULT_VEHTYPE" speed="12.79" pos="122.65" lane="1/1to2/1_0" slope="0.00"/>
        <vehicle id="17" x="356.21" y="201.65" angle="-90.00" type="DEFAULT_VEHTYPE" speed="13.28" pos="39.04" lane="2/1to1/1_0" slope="0.00"/>
        <vehicle id="2" x="491.77" y="198.35" angle="90.00" type="DEFAULT_VEHTYPE" speed="13.70" pos="87.02" lane="2/1to3/1_0" slope="0.00"/>
        <vehicle id="21" x="398.35" y="489.82" angle="0.00" type="DEFAULT_VEHTYPE" speed="13.79" pos="105.43" lane="2/3to2/2_0" slope="0.00"/>
        <vehicle id="23" x="401.65" y="630.05" angle="180.00" type="DEFAULT_VEHTYPE" speed="13.73" pos="25.30" lane="2/3to2/4_0" slope="0.00"/>
        <vehicle id="25" x="556.46" y="401.65" angle="-90.00" type="DEFAULT_VEHTYPE" speed="13.65" pos="38.79" lane="3/2to2/2_0" slope="0.00"/>
        <vehicle id="27" x="398.35" y="412.10" angle="0.00" type="DEFAULT_VEHTYPE" speed="13.52" pos="183.15" lane="2/3to2/2_0" slope="0.00"/>
        <vehicle id="29" x="398.35" y="37.04" angle="0.00" type="DEFAULT_VEHTYPE" speed="12.76" pos="158.21" lane="2/1to2/0_0" slope="0.00"/>
        <vehicle id="3" x="67.04" y="398.35" angle="90.00" type="DEFAULT_VEHTYPE" speed="13.84" pos="67.04" lane="0/2to1/2_0" slope="0.00"/>
        <vehicle id="32" x="139.38" y="198.35" angle="90.00" type="DEFAULT_VEHTYPE" speed="13.12" pos="139.38" lane="0/1to1/1_0" slope="0.00"/>
        <vehicle id="37" x="457.31" y="401.65" angle="-90.00" type="DEFAULT_VEHTYPE" speed="12.74" pos="137.94" lane="3/2to2/2_0" slope="0.00"/>
        <vehicle id="38" x="201.65" y="582.59" angle="180.00" type="DEFAULT_VEHTYPE" speed="13.38" pos="177.84" lane="1/2to1/3_0" slope="0.00"/>
        <vehicle id="4" x="598.35" y="436.65" angle="0.00" type="DEFAULT_VEHTYPE" speed="12.79" pos="158.60" lane="3/3to3/2_0" slope="0.00"/>
        <vehicle id="41" x="401.65" y="663.92" angle="180.00" type="DEFAULT_VEHTYPE" speed="13.57" pos="59.17" lane="2/3to2/4_0" slope="0.00"/>
        <vehicle id="42" x="598.35" y="535.41" angle="0.00" type="DEFAULT_VEHTYPE" speed="13.41" pos="59.84" lane="3/3to3/2_0" slope="0.00"/>
        <vehicle id="43" x="201.65" y="484.54" angle="180.00" type="DEFAULT_VEHTYPE" speed="12.66" pos="79.79" lane="1/2to1/3_0" slope="0.00"/>
        <vehicle id="44" x="318.73" y="401.65" angle="-90.00" type="DEFAULT_VEHTYPE" speed="13.62" pos="76.52" lane="2/2to1/2_0" slope="0.00"/>
        <vehicle id="46" x="66.13" y="401.65" angle="-90.00" type="DEFAULT_VEHTYPE" speed="13.70" pos="129.12" lane="1/2to0/2_0" slope="0.00"/>
        <vehicle id="47" x="386.98" y="598.35" angle="90.00" type="DEFAULT_VEHTYPE" speed="6.50" pos="182.23" lane="1/3to2/3_0" slope="0.00"/>
        <vehicle id="49" x="398.35" y="757.23" angle="0.00" type="DEFAULT_VEHTYPE" speed="13.15" pos="42.77" lane="2/4to2/3_0" slope="0.00"/>
        <vehicle id="6" x="398.35" y="713.77" angle="0.00" type="DEFAULT_VEHTYPE" speed="12.67" pos="86.23" lane="2/4to2/3_0" slope="0.00"/>
    </timestep>
    <timestep time="288.00">
        <vehicle id="1" x="341.01" y="598.35" angle="90.00" type="DEFAULT_VEHTYPE" speed="12.61" pos="136.26" lane="1/3to2/3_0" slope="0.00"/>
        <vehicle id="11" x="36.64" y="398.35" angle="90.00" type="DEFAULT_VEHTYPE" speed="12.97" pos="36.64" lane="0/2to1/2_0" slope="0.00"/>
        <vehicle id="13" x="340.81" y="198.35" angle="90.00" type="DEFAULT_VEHTYPE" speed="13.42" pos="136.06" lane="1/1to2/1_0" slope="0.00"/>
        <vehicle id="17" x="343.18" y="201.65" angle="-90.00" type="DEFAULT_VEHTYPE" speed="13.03" pos="52.07" lane="2/1to1/1_0" slope="0.00"/>
        <vehicle id="2" x="505.20" y="198.35" angle="90.00" type="DEFAULT_VEHTYPE" speed="13.43" pos="100.45" lane="2/1to3/1_0" slope="0.00"/>
        <vehicle id="21" x="398.35" y="476.20" angle="0.00" type="DEFAULT_VEHTYPE" speed="13.62" pos="119.05" lane="2/3to2/2_0" slope="0.00"/>
        <vehicle id="23" x="401.65" y="643.04" angle="180.00" type="DEFAULT_VEHTYPE" speed="12.99" pos="38.29" lane="2/3to2/4_0" slope="0.00"/>
        <vehicle id="25" x="543.22" y="401.65" angle="-90.00" type="DEFAULT_VEHTYPE" speed="13.24" pos="52.03" lane="3/2to2/2_0" slope="0.00"/>
        <vehicle id="27" x="395.00" y="401.65" angle="-49.27" type="DEFAULT_VEHTYPE" speed="12.60" pos="0.25" lane="2/2to1/2_0" slope="0.00"/>
        <vehicle id="29" x="398.35" y="23.27" angle="0.00" type="DEFAULT_VEHTYPE" speed="13.77" pos="171.98" lane="2/1to2/0_0" slope="0.00"/>
        <vehicle id="3" x="80.79" y="398.35" angle="90.00" type="DEFAULT_VEHTYPE" speed="13.75" pos="80.79" lane="0/2to1/2_0" slope="0.00"/>
        <vehicle id="32" x="152.18" y="198.35" angle="90.00" type="DEFAULT_VEHTYPE" speed="12.80" pos="152.18" lane="0/1to1/1_0" slope="0.00"/>
        <vehicle id="37" x="444.41" y="401.65" angle="-90.00" type="DEFAULT_VEHTYPE" speed="12.90" pos="150.84" lane="3/2to2/2_0" slope="0.00"/>
        <vehicle id="38" x="201.79" y="596.25" angle="178.40" type="DEFAULT_VEHTYPE" speed="13.67" pos="1.01" lane=":1/3_8_0" slope="0.00"/>
        <vehicle id="4" x="598.35" y="422.83" angle="0.00" type="DEFAULT_VEHTYPE" speed="13.82" pos="172.42" lane="3/3to3/2_0" slope="0.00"/>
        <vehicle id="41" x="401.65" y="677.70" angle="180.00" type="DEFAULT_VEHTYPE" speed="13.78" pos="72.95" lane="2/3to2/4_0" slope="0.00"/>
        <vehicle id="42" x="598.35" y="521.66" angle="0.00" type="DEFAULT_VEHTYPE" speed="13.75" pos="73.59" lane="3/3to3/2_0" slope="0.00"/>
        <vehicle id="43" x="201.65" y="498.14" angle="180.00" type="DEFAULT_VEHTYPE" speed="13.59" pos="93.39" lane="1/2to1/3_0" slope="0.00"/>
        <vehicle id="44" x="306.00" y="401.65" angle="-90.00" type="DEFAULT_VEHTYPE" speed="12.73" pos="89.25" lane="2/2to1/2_0" slope="0.00"/>
        <vehicle id="46" x="52.24" y="401.65" angle="-90.00" type="DEFAULT_VEHTYPE" speed="13.89" pos="143.01" lane="1/2to0/2_0" slope="0.00"/>
        <vehicle id="47" x="390.64" y="598.35" angle="90.00" type="DEFAULT_VEHTYPE" speed="3.67" pos="185.89" lane="1/3to2/3_0" slope="0.00"/>
        <vehicle id="49" x="398.35" y="743.51" angle="0.00" type="DEFAULT_VEHTYPE" speed="13.72" pos="56.49" lane="2/4to2/3_0" slope="0.00"/>
        <vehicle id="6" x="398.35" y="701.07" angle="0.00" type="DEFAULT_VEHTYPE" speed="12.70" pos="98.93" lane="2/4to2/3_0" slope="0.00"/>
    </timestep>
    <timestep time="289.00">
        <vehicle id="1" x="354.36" y="598.35" angle="90.00" type="DEFAULT_VEHTYPE" speed="13.35" pos="149.61" lane="1/3to2/3_0" slope="0.00"/>
        <vehicle id="11" x="49.65" y="398.35" angle="90.00" type="DEFAULT_VEHTYPE" speed="13.01" pos="49.65" lane="0/2to1/2_0" slope="0.00"/>
        <vehicle id="13" x="354.12" y="198.35" angle="90.00" type="DEFAULT_VEHTYPE" speed="13.30" pos="149.37" lane="1/1to2/1_0" slope="0.00"/>
        <vehicle id="17" x="329.50" y="201.65" angle="-90.00" type="DEFAULT_VEHTYPE" speed="13.68" pos="65.75" lane="2/1to1/1_0" slope="0.00"/>
        <vehicle id="2" x="518.67" y="198.35" angle="90.00" type="DEFAULT_VEHTYPE" speed="13.47" pos="113.92" lane="2/1to3/1_0" slope="0.00"/>
        <vehicle id="21" x="398.35" y="463.00" angle="0.00" type="DEFAULT_VEHTYPE" speed="13.20" pos="132.25" lane="2/3to2/2_0" slope="0.00"/>
        <vehicle id="23" x="401.65" y="656.42" angle="180.00" type="DEFAULT_VEHTYPE" speed="13.38" pos="51.67" lane="2/3to2/4_0" slope="0.00"/>
        <vehicle id="25" x="529.97" y="401.65" angle="-90.00" type="DEFAULT_VEHTYPE" speed="13.25" pos="65.28" lane="3/2to2/2_0" slope="0.00"/>
        <vehicle id="27" x="381.91" y="401.65" angle="-90.00" type="DEFAULT_VEHTYPE" speed="13.09" pos="13.34" lane="2/2to1/2_0" slope="0.00"/>
        <vehicle id="29" x="398.35" y="9.52" angle="0.00" type="DEFAULT_VEHTYPE" speed="13.75" pos="185.73" lane="2/1to2/0_0" slope="0.00"/>
        <vehicle id="3" x="94.07" y="398.35" angle="90.00" type="DEFAULT_VEHTYPE" speed="13.28" pos="94.07" lane="0/2to1/2_0" slope="0.00"/>
        <vehicle id="32" x="165.14" y="198.35" angle="90.00" type="DEFAULT_VEHTYPE" speed="12.97" pos="165.14" lane="0/1to1/1_0" slope="0.00"/>
        <vehicle id="37" x="431.50" y="401.65" angle="-90.00" type="DEFAULT_VEHTYPE" speed="12.91" pos="163.75" lane="3/2to2/2_0" slope="0.00"/>
        <vehicle id="38" x="213.85" y="598.35" angle="90.00" type="DEFAULT_VEHTYPE" speed="13.10" pos="9.10" lane="1/3to2/3_0" slope="0.00"/>
        <vehicle id="4" x="598.35" y="409.04" angle="0.00" type="DEFAULT_VEHTYPE" speed="13.79" pos="186.21" lane="3/3to3/2_0" slope="0.00"/>
        <vehicle id="41" x="401.65" y="691.15" angle="180.00" type="DEFAULT_VEHTYPE" speed="13.45" pos="86.40" lane="2/3to2/4_0" slope="0.00"/>
        <vehicle id="42" x="598.35" y="508.57" angle="0.00" type="DEFAULT_VEHTYPE" speed="13.09" pos="86.68" lane="3/3to3/2_0" slope="0.00"/>
        <vehicle id="43" x="201.65" y="511.87" angle="180.00" type="DEFAULT_VEHTYPE" speed="13.74" pos="107.12" lane="1/2to1/3_0" slope="0.00"/>
        <vehicle id="44" x="293.27" y="401.65" angle="-90.00" type="DEFAULT_VEHTYPE" speed="12.73" pos="101.98" lane="2/2to1/2_0" slope="0.00"/>
        <vehicle id="46" x="39.53" y="401.65" angle="-90.00" type="DEFAULT_VEHTYPE" speed="12.71" pos="155.72" lane="1/2to0/2_0" slope="0.00"/>
        <vehicle id="47" x="396.34" y="598.51" angle="91.80" type="DEFAULT_VEHTYPE" speed="5.71" pos="1.11" lane=":2/3_14_0" slope="0.00"/>
        <vehicle id="49" x="398.35" y="729.96" angle="0.00" type="DEFAULT_VEHTYPE" speed="13.55" pos="70.04" lane="2/4to2/3_0" slope="0.00"/>
        <vehicle id="6" x="398.35" y="688.42" angle="0.00" type="DEFAULT_VEHTYPE" speed="12.66" pos="111.58" lane="2/4to2/3_0" slope="0.00"/>
    </timestep>
    <timestep time="290.00">
        <vehicle id="1" x="367.38" y="598.35" angle="90.00" type="DEFAULT_VEHTYPE" speed="13.02" pos="162.63" lane="1/3to2/3_0" slope="0.00"/>
        <vehicle id="11" x="63.01" y="398.35" angle="90.00" type="DEFAULT_VEHTYPE" speed="13.36" pos="63.01" lane="0/2to1/2_0" slope="0.00"/>
        <vehicle id="13" x="367.10" y="198.35" angle="90.00" type="DEFAULT_VEHTYPE" speed="12.99" pos="162.35" lane="1/1to2/1_0" slope="0.00"/>
        <vehicle id="17" x="316.11" y="201.65" angle="-90.00" type="DEFAULT_VEHTYPE" speed="13.39" pos="79.14" lane="2/1to1/1_0" slope="0.00"/>
        <vehicle id="2" x="532.22" y="198.35" angle="90.00" type="DEFAULT_VEHTYPE" speed="13.55" pos="127.47" lane="2/1to3/1_0" slope="0.00"/>
        <vehicle id="21" x="398.35" y="449.89" angle="0.00" type="DEFAULT_VEHTYPE" speed="13.11" pos="145.36" lane="2/3to2/2_0" slope="0.00"/>
        <vehicle id="23" x="401.65" y="669.76" angle="180.00" type="DEFAULT_VEHTYPE" speed="13.34" pos="65.01" lane="2/3to2/4_0" slope="0.00"/>
        <vehicle id="25" x="516.77" y="401.65" angle="-90.00" type="DEFAULT_VEHTYPE" speed="13.20" pos="78.48" lane="3/2to2/2_0" slope="0.00"/>
        <vehicle id="27" x="369.11" y="401.65" angle="-90.00" type="DEFAULT_VEHTYPE" speed="12.80" pos="26.14" lane="2/2to1/2_0" slope="0.00"/>
        <vehicle id="29" x="400.95" y="-1.04" angle="46.44" type="DEFAULT_VEHTYPE" speed="13.09" pos="3.57" lane=":2/0_0_0" slope="0.00"/>
        <vehicle id="3" x="107.17" y="398.35" angle="90.00" type="DEFAULT_VEHTYPE" speed="13.10" pos="107.17" lane="0/2to1/2_0" slope="0.00"/>
        <vehicle id="32" x="176.38" y="198.35" angle="90.00" type="DEFAULT_VEHTYPE" speed="11.23" pos="176.38" lane="0/1to1/1_0" slope="0.00"/>
        <vehicle id="37" x="421.44" y="401.65" angle="-90.00" type="DEFAULT_VEHTYPE" speed="10.06" pos="173.81" lane="3/2to2/2_0" slope="0.00"/>
        <vehicle id="38" x="226.91" y="598.35" angle="90.00" type="DEFAULT_VEHTYPE" speed="13.06" pos="22.16" lane="1/3to2/3_0" slope="0.00"/>
        <vehicle id="4" x="590.81" y="401.65" angle="-89.10" type="DEFAULT_VEHTYPE" speed="13.73" pos="4.44" lane="3/2to2/2_0" slope="0.00"/>
        <vehicle id="41" x="401.65" y="704.54" angle="180.00" type="DEFAULT_VEHTYPE" speed="13.38" pos="99.79" lane="2/3to2/4_0" slope="0.00"/>
        <vehicle id="42" x="598.35" y="495.54" angle="0.00" type="DEFAULT_VEHTYPE" speed="13.02" pos="99.71" lane="3/3to3/2_0" slope="0.00"/>
        <vehicle id="43" x="201.65" y="524.99" angle="180.00" type="DEFAULT_VEHTYPE" speed="13.12" pos="120.24" lane="1/2to1/3_0" slope="0.00"/>
        <vehicle id="44" x="279.57" y="401.65" angle="-90.00" type="DEFAULT_VEHTYPE" speed="13.71" pos="115.68" lane="2/2to1/2_0" slope="0.00"/>
        <vehicle id="46" x="26.15" y="401.65" angle="-90.00" type="DEFAULT_VEHTYPE" speed="13.38" pos="169.10" lane="1/2to0/2_0" slope="0.00"/>
        <vehicle id="47" x="401.49" y="603.63" angle="151.44" type="DEFAULT_VEHTYPE" speed="8.08" pos="9.19" lane=":2/3_14_0" slope="0.00"/>
        <vehicle id="49" x="398.35" y="717.33" angle="0.00" type="DEFAULT_VEHTYPE" speed="12.63" pos="82.67" lane="2/4to2/3_0" slope="0.00"/>
        <vehicle id="6" x="398.35" y="675.29" angle="0.00" type="DEFAULT_VEHTYPE" speed="13.12" pos="124.71" lane="2/4to2/3_0" slope="0.00"/>
    </timestep>
    <timestep time="291.00">
        <vehicle id="1" x="377.80" y="598.35" angle="90.00" type="DEFAULT_VEHTYPE" speed="10.42" pos="173.05" lane="1/3to2/3_0" slope="0.00"/>
        <vehicle id="11" x="76.31" y="398.35" angle="90.00" type="DEFAULT_VEHTYPE" speed="13.30" pos="76.31" lane="0/2to1/2_0" slope="0.00"/>
        <vehicle id="13" x="377.99" y="198.35" angle="90.00" type="DEFAULT_VEHTYPE" speed="10.89" pos="173.24" lane="1/1to2/1_0" slope="0.00"/>
        <vehicle id="17" x="302.59" y="201.65" angle="-90.00" type="DEFAULT_VEHTYPE" speed="13.52" pos="92.66" lane="2/1to1/1_0" slope="0.00"/>
        <vehicle id="2" x="545.40" y="198.35" angle="90.00" type="DEFAULT_VEHTYPE" speed="13.18" pos="140.65" lane="2/1to3/1_0" slope="0.00"/>
        <vehicle id="21" x="398.35" y="437.21" angle="0.00" type="DEFAULT_VEHTYPE" speed="12.68" pos="158.04" lane="2/3to2/2_0" slope="0.00"/>
        <vehicle id="23" x="401.65" y="682.59" angle="180.00" type="DEFAULT_VEHTYPE" speed="12.83" pos="77.84" lane="2/3to2/4_0" slope="0.00"/>
        <vehicle id="25" x="503.69" y="401.65" angle="-90.00" type="DEFAULT_VEHTYPE" speed="13.08" pos="91.56" lane="3/2to2/2_0" slope="0.00"/>
        <vehicle id="27" x="355.49" y="401.65" angle="-90.00" type="DEFAULT_VEHTYPE" speed="13.62" pos="39.76" lane="2/2to1/2_0" slope="0.00"/>
        <vehicle id="29" x="401.65" y="12.12" angle="180.00" type="DEFAULT_VEHTYPE" speed="13.37" pos="12.12" lane="2/0to2/1_0" slope="0.00"/>
        <vehicle id="3" x="120.02" y="398.35" angle="90.00" type="DEFAULT_VEHTYPE" speed="12.85" pos="120.02" lane="0/2to1/2_0" slope="0.00"/>
        <vehicle id="32" x="183.70" y="198.35" angle="90.00" type="DEFAULT_VEHTYPE" speed="7.32" pos="183.70" lane="0/1to1/1_0" slope="0.00"/>
        <vehicle id="37" x="414.60" y="401.65" angle="-90.00" type="DEFAULT_VEHTYPE" speed="6.84" pos="180.65" lane="3/2to2/2_0" slope="0.00"/>
        <vehicle id="38" x="240.03" y="598.35" angle="90.00" type="DEFAULT_VEHTYPE" speed="13.12" pos="35.28" lane="1/3to2/3_0" slope="0.00"/>
        <vehicle id="4" x="577.06" y="401.65" angle="-90.00" type="DEFAULT_VEHTYPE" speed="13.75" pos="18.19" lane="3/2to2/2_0" slope="0.00"/>
        <vehicle id="41" x="401.65" y="717.22" angle="180.00" type="DEFAULT_VEHTYPE" speed="12.69" pos="112.47" lane="2/3to2/4_0" slope="0.00"/>
        <vehicle id="42" x="598.35" y="481.70" angle="0.00" type="DEFAULT_VEHTYPE" speed="13.85" pos="113.55" lane="3/3to3/2_0" slope="0.00"/>
        <vehicle id="43" x="201.65" y="537.90" angle="180.00" type="DEFAULT_VEHTYPE" speed="12.91" pos="133.15" lane="1/2to1/3_0" slope="0.00"/>
        <vehicle id="44" x="266.93" y="401.65" angle="-90.00" type="DEFAULT_VEHTYPE" speed="12.64" pos="128.32" lane="2/2to1/2_0" slope="0.00"/>
        <vehicle id="46" x="13.05" y="401.65" angle="-90.00" type="DEFAULT_VEHTYPE" speed="13.10" pos="182.20" lane="1/2to0/2_0" slope="0.00"/>
        <vehicle id="47" x="401.65" y="613.43" angle="180.00" type="DEFAULT_VEHTYPE" speed="9.82" pos="8.68" lane="2/3to2/4_0" slope="0.00"/>
        <vehicle id="49" x="398.35" y="704.03" angle="0.00" type="DEFAULT_VEHTYPE" speed="13.30" pos="95.97" lane="2/4to2/3_0" slope="0.00"/>
        <vehicle id="6" x="398.35" y="662.28" angle="0.00" type="DEFAULT_VEHTYPE" speed="13.02" pos="137.72" lane="2/4to2/3_0" slope="0.00"/>
    </timestep>
    <timestep time="292.00">
        <vehicle id="1" x="385.55" y="598.35" angle="90.00" type="DEFAULT_VEHTYPE" speed="7.76" pos="180.80" lane="1/3to2/3_0" slope="0.00"/>
        <vehicle id="11" x="89.56" y="398.35" angle="90.00" type="DEFAULT_VEHTYPE" speed="13.25" pos="89.56" lane="0/2to1/2_0" slope="0.00"/>
        <vehicle id="13" x="385.39" y="198.35" angle="90.00" type="DEFAULT_VEHTYPE" speed="7.40" pos="180.64" lane="1/1to2/1_0" slope="0.00"/>
        <vehicle id="17" x="289.71" y="201.65" angle="-90.00" type="DEFAULT_VEHTYPE" speed="12.88" pos="105.54" lane="2/1to1/1_0" slope="0.00"/>
        <vehicle id="2" x="559.24" y="198.35" angle="90.00" type="DEFAULT_VEHTYPE" speed="13.84" pos="154.49" lane="2/1to3/1_0" slope="0.00"/>
        <vehicle id="21" x="398.35" y="424.33" angle="0.00" type="DEFAULT_VEHTYPE" speed="12.88" pos="170.92" lane="2/3to2/2_0" slope="0.00"/>
        <vehicle id="23" x="401.65" y="695.52" angle="180.00" type="DEFAULT_VEHTYPE" speed="12.92" pos="90.77" lane="2/3to2/4_0" slope="0.00"/>
        <vehicle id="25" x="490.75" y="401.65" angle="-90.00" type="DEFAULT_VEHTYPE" speed="12.94" pos="104.50" lane="3/2to2/2_0" slope="0.00"/>
        <vehicle id="27" x="342.14" y="401.65" angle="-90.00" type="DEFAULT_VEHTYPE" speed="13.35" pos="53.11" lane="2/2to1/2_0" slope="0.00"/>
        <vehicle id="29" x="401.65" y="25.87" angle="180.00" type="DEFAULT_VEHTYPE" speed="13.75" pos="25.87" lane="2/0to2/1_0" slope="0.00"/>
        <vehicle id="3" x="133.48" y="398.35" angle="90.00" type="DEFAULT_VEHTYPE" speed="13.47" pos="133.48" lane="0/2to1/2_0" slope="0.00"/>
        <vehicle id="32" x="188.59" y="198.35" angle="90.00" type="DEFAULT_VEHTYPE" speed="4.89" pos="188.59" lane="0/1to1/1_0" slope="0.00"/>
        <vehicle id="37" x="410.61" y="401.65" angle="-90.00" type="DEFAULT_VEHTYPE" speed="3.98" pos="184.64" lane="3/2to2/2_0" slope="0.00"/>
        <vehicle id="38" x="253.78" y="598.35" angle="90.00" type="DEFAULT_VEHTYPE" speed="13.75" pos="49.03" lane="1/3to2/3_0" slope="0.00"/>
        <vehicle id="4" x="563.63" y="401.65" angle="-90.00" type="DEFAULT_VEHTYPE" speed="13.43" pos="31.62" lane="3/2to2/2_0" slope="0.00"/>
        <vehicle id="41" x="401.65" y="730.81" angle="180.00" type="DEFAULT_VEHTYPE" speed="13.59" pos="126.06" lane="2/3to2/4_0" slope="0.00"/>
        <vehicle id="42" x="598.35" y="468.78" angle="0.00" type="DEFAULT_VEHTYPE" speed="12.92" pos="126.47" lane="3/3to3/2_0" slope="0.00"/>
        <vehicle id="43" x="201.65" y="550.77" angle="180.00" type="DEFAULT_VEHTYPE" speed="12.87" pos="146.02" lane="1/2to1/3_0" slope="0.00"/>
        <vehicle id="44" x="253.06" y="401.65" angle="-90.00" type="DEFAULT_VEHTYPE" speed="13.87" pos="142.19" lane="2/2to1/2_0" slope="0.00"/>
        <vehicle id="46" x="-0.24" y="401.49" angle="-88.19" type="DEFAULT_VEHTYPE" speed="13.33" pos="0.28" lane=":0/2_0_0" slope="0.00"/>
        <vehicle id="47" x="401.65" y="624.78" angle="180.00" type="DEFAULT_VEHTYPE" speed="11.34" pos="20.03" lane="2/3to2/4_0" slope="0.00"/>
        <vehicle id="49" x="398.35" y="690.74" angle="0.00" type="DEFAULT_VEHTYPE" speed="13.28" pos="109.26" lane="2/4to2/3_0" slope="0.00"/>
        <vehicle id="6" x="398.35" y="648.81" angle="0.00" type="DEFAULT_VEHTYPE" speed="13.47" pos="151.19" lane="2/4to2/3_0" slope="0.00"/>
    </timestep>
    <timestep time="293.00">
        <vehicle id="1" x="389.02" y="598.35" angle="90.00" type="DEFAULT_VEHTYPE" speed="3.47" pos="184.27" lane="1/3to2/3_0" slope="0.00"/>
        <vehicle id="11" x="102.74" y="398.35" angle="90.00" type="DEFAULT_VEHTYPE" speed="13.18" pos="102.74" lane="0/2to1/2_0" slope="0.00"/>
        <vehicle id="13" x="388.99" y="198.35" angle="90.00" type="DEFAULT_VEHTYPE" speed="3.60" pos="184.24" lane="1/1to2/1_0" slope="0.00"/>
        <vehicle id="17" x="276.60" y="201.65" angle="-90.00" type="DEFAULT_VEHTYPE" speed="13.11" pos="118.65" lane="2/1to1/1_0" slope="0.00"/>
        <vehicle id="2" x="572.04" y="198.35" angle="90.00" type="DEFAULT_VEHTYPE" speed="12.80" pos="167.29" lane="2/1to3/1_0" slope="0.00"/>
        <vehicle id="21" x="398.35" y="411.72" angle="0.00" type="DEFAULT_VEHTYPE" speed="12.61" pos="183.53" lane="2/3to2/2_0" slope="0.00"/>
        <vehicle id="23" x="401.65" y="709.08" angle="180.00" type="DEFAULT_VEHTYPE" speed="13.57" pos="104.33" lane="2/3to2/4_0" slope="0.00"/>
        <vehicle id="25" x="477.58" y="401.65" angle="-90.00" type="DEFAULT_VEHTYPE" speed="13.17" pos="117.67" lane="3/2to2/2_0" slope="0.00"/>
        <vehicle id="27" x="329.26" y="401.65" angle="-90.00" type="DEFAULT_VEHTYPE" speed="12.88" pos="65.99" lane="2/2to1/2_0" slope="0.00"/>
        <vehicle id="29" x="401.65" y="38.54" angle="180.00" type="DEFAULT_VEHTYPE" speed="12.67" pos="38.54" lane="2/0to2/1_0" slope="0.00"/>
        <vehicle id="3" x="146.26" y="398.35" angle="90.00" type="DEFAULT_VEHTYPE" speed="12.77" pos="146.26" lane="0/2to1/2_0" slope="0.00"/>
        <vehicle id="32" x="195.58" y="198.30" angle="89.48" type="DEFAULT_VEHTYPE" speed="6.99" pos="0.33" lane=":1/1_12_0" slope="0.00"/>
        <vehicle id="37" x="408.96" y="401.65" angle="-90.00" type="DEFAULT_VEHTYPE" speed="1.65" pos="186.29" lane="3/2to2/2_0" slope="0.00"/>
        <vehicle id="38" x="267.63" y="598.35" angle="90.00" type="DEFAULT_VEHTYPE" speed="13.85" pos="62.88" lane="1/3to2/3_0" slope="0.00"/>
        <vehicle id="4" x="549.83" y="401.65" angle="-90.00" type="DEFAULT_VEHTYPE" speed="13.80" pos="45.42" lane="3/2to2/2_0" slope="0.00"/>
        <vehicle id="41" x="401.65" y="744.44" angle="180.00" type="DEFAULT_VEHTYPE" speed="13.63" pos="139.69" lane="2/3to2/4_0" slope="0.00"/>
        <vehicle id="42" x="598.35" y="454.92" angle="0.00" type="DEFAULT_VEHTYPE" speed="13.86" pos="140.33" lane="3/3to3/2_0" slope="0.00"/>
        <vehicle id="43" x="201.65" y="563.46" angle="180.00" type="DEFAULT_VEHTYPE" speed="12.69" pos="158.71" lane="1/2to1/3_0" slope="0.00"/>
        <vehicle id="44" x="239.41" y="401.65" angle="-90.00" type="DEFAULT_VEHTYPE" speed="13.65" pos="155.84" lane="2/2to1/2_0" slope="0.00"/>
        <vehicle id="46" x="8.77" y="398.35" angle="90.00" type="DEFAULT_VEHTYPE" speed="13.30" pos="8.77" lane="0/2to1/2_0" slope="0.00"/>
        <vehicle id="47" x="401.65" y="638.08" angle="180.00" type="DEFAULT_VEHTYPE" speed="13.30" pos="33.33" lane="2/3to2/4_0" slope="0.00"/>
        <vehicle id="49" x="398.35" y="677.36" angle="0.00" type="DEFAULT_VEHTYPE" speed="13.38" pos="122.64" lane="2/4to2/3_0" slope="0.00"/>
        <vehicle id="6" x="398.35" y="636.04" angle="0.00" type="DEFAULT_VEHTYPE" speed="12.76" pos="163.96" lane="2/4to2/3_0" slope="0.00"/>
    </timestep>
    <timestep time="294.00">
        <vehicle id="1" x="391.27" y="598.35" angle="90.00" type="DEFAULT_VEHTYPE" speed="2.25" pos="186.52" lane="1/3to2/3_0" slope="0.00"/>
        <vehicle id="11" x="116.47" y="398.35" angle="90.00" type="DEFAULT_VEHTYPE" speed="13.73" pos="116.47" lane="0/2to1/2_0" slope="0.00"/>
        <vehicle id="13" x="394.88" y="198.35" angle="90.00" type="DEFAULT_VEHTYPE" speed="5.89" pos="190.13" lane="1/1to2/1_0" slope="0.00"/>
        <vehicle id="17" x="262.95" y="201.65" angle="-90.00" type="DEFAULT_VEHTYPE" speed="13.65" pos="132.30" lane="2/1to1/1_0" slope="0.00"/>
        <vehicle id="2" x="580.95" y="198.35" angle="90.00" type="DEFAULT_VEHTYPE" speed="8.91" pos="176.20" lane="2/1to3/1_0" slope="0.00"/>
        <vehicle id="21" x="394.10" y="401.65" angle="-64.39" type="DEFAULT_VEHTYPE" speed="13.12" pos="1.15" lane="2/2to1/2_0" slope="0.00"/>
        <vehicle id="23" x="401.65" y="722.34" angle="180.00" type="DEFAULT_VEHTYPE" speed="13.25" pos="117.59" lane="2/3to2/4_0" slope="0.00"/>
        <vehicle id="25" x="464.18" y="401.65" angle="-90.00" type="DEFAULT_VEHTYPE" speed="13.40" pos="131.07" lane="3/2to2/2_0" slope="0.00"/>
        <vehicle id="27" x="315.66" y="401.65" angle="-90.00" type="DEFAULT_VEHTYPE" speed="13.59" pos="79.59" lane="2/2to1/2_0" slope="0.00"/>
        <vehicle id="29" x="401.65" y="51.68" angle="180.00" type="DEFAULT_VEHTYPE" speed="13.14" pos="51.68" lane="2/0to2/1_0" slope="0.00"/>
        <vehicle id="3" x="159.83" y="398.35" angle="90.00" type="DEFAULT_VEHTYPE" speed="13.58" pos="159.83" lane="0/2to1/2_0" slope="0.00"/>
        <vehicle id="32" x="198.35" y="190.38" angle="0.22" type="DEFAULT_VEHTYPE" speed="9.54" pos="4.87" lane="1/1to1/0_0" slope="0.00"/>
        <vehicle id="37" x="408.03" y="401.65" angle="-90.00" type="DEFAULT_VEHTYPE" speed="0.93" pos="187.22" lane="3/2to2/2_0" slope="0.00"/>
        <vehicle id="38" x="280.83" y="598.35" angle="90.00" type="DEFAULT_VEHTYPE" speed="13.20" pos="76.08" lane="1/3to2/3_0" slope="0.00"/>
        <vehicle id="4" x="537.06" y="401.65" angle="-90.00" type="DEFAULT_VEHTYPE" speed="12.77" pos="58.19" lane="3/2to2/2_0" slope="0.00"/>
        <vehicle id="41" x="401.65" y="758.27" angle="180.00" type="DEFAULT_VEHTYPE" speed="13.83" pos="153.52" lane="2/3to2/4_0" slope="0.00"/>
        <vehicle id="42" x="598.35" y="441.69" angle="0.00" type="DEFAULT_VEHTYPE" speed="13.22" pos="153.56" lane="3/3to3/2_0" slope="0.00"/>
        <vehicle id="43" x="201.65" y="577.09" angle="180.00" type="DEFAULT_VEHTYPE" speed="13.63" pos="172.34" lane="1/2to1/3_0" slope="0.00"/>
        <vehicle id="44" x="226.48" y="401.65" angle="-90.00" type="DEFAULT_VEHTYPE" speed="12.93" pos="168.77" lane="2/2to1/2_0" slope="0.00"/>
        <vehicle id="46" x="22.54" y="398.35" angle="90.00" type="DEFAULT_VEHTYPE" speed="13.77" pos="22.54" lane="0/2to1/2_0" slope="0.00"/>
        <vehicle id="47" x="401.65" y="651.08" angle="180.00" type="DEFAULT_VEHTYPE" speed="13.00" pos="46.33" lane="2/3to2/4_0" slope="0.00"/>
        <vehicle id="49" x="398.35" y="664.59" angle="0.00" type="DEFAULT_VEHTYPE" speed="12.77" pos="135.41" lane="2/4to2/3_0" slope="0.00"/>
        <vehicle id="6" x="398.35" y="622.45" angle="0.00" type="DEFAULT_VEHTYPE" speed="13.59" pos="177.55" lane="2/4to2/3_0" slope="0.00"/>
    </timestep>
    <timestep time="295.00">
        <vehicle id="1" x="392.18" y="598.35" angle="90.00" type="DEFAULT_VEHTYPE" speed="0.91" pos="187.43" lane="1/3to2/3_0" slope="0.00"/>
        <vehicle id="11" x="129.16" y="398.35" angle="90.00" type="DEFAULT_VEHTYPE" speed="12.69" pos="129.16" lane="0/2to1/2_0" slope="0.00"/>
        <vehicle id="13" x="402.23" y="198.35" angle="90.00" type="DEFAULT_VEHTYPE" speed="7.35" pos="6.98" lane=":2/1_13_0" slope="0.00"/>
        <vehicle id="17" x="249.46" y="201.65" angle="-90.00" type="DEFAULT_VEHTYPE" speed="13.49" pos="145.79" lane="2/1to1/1_0" slope="0.00"/>
        <vehicle id="2" x="586.44" y="198.35" angle="90.00" type="DEFAULT_VEHTYPE" speed="5.49" pos="181.69" lane="2/1to3/1_0" slope="0.00"/>
        <vehicle id="21" x="380.57" y="401.65" angle="-90.00" type="DEFAULT_VEHTYPE" speed="13.53" pos="14.68" lane="2/2to1/2_0" slope="0.00"/>
        <vehicle id="23" x="401.65" y="736.10" angle="180.00" type="DEFAULT_VEHTYPE" speed="13.76" pos="131.35" lane="2/3to2/4_0" slope="0.00"/>
        <vehicle id="25" x="450.48" y="401.65" angle="-90.00" type="DEFAULT_VEHTYPE" speed="13.70" pos="144.77" lane="3/2to2/2_0" slope="0.00"/>
        <vehicle id="27" x="303.03" y="401.65" angle="-90.00" type="DEFAULT_VEHTYPE" speed="12.64" pos="92.22" lane="2/2to1/2_0" slope="0.00"/>
        <vehicle id="29" x="401.65" y="64.95" angle="180.00" type="DEFAULT_VEHTYPE" speed="13.27" pos="64.95" lane="2/0to2/1_0" slope="0.00"/>
        <vehicle id="3" x="172.82" y="398.35" angle="90.00" type="DEFAULT_VEHTYPE" speed="12.98" pos="172.82" lane="0/2to1/2_0" slope="0.00"/>
        <vehicle id="32" x="198.35" y="178.57" angle="0.00" type="DEFAULT_VEHTYPE" speed="11.81" pos="16.68" lane="1/1to1/0_0" slope="0.00"/>
        <vehicle id="37" x="407.35" y="401.65" angle="-90.00" type="DEFAULT_VEHTYPE" speed="0.68" pos="187.90" lane="3/2to2/2_0" slope="0.00"/>
        <vehicle id="38" x="293.50" y="598.35" angle="90.00" type="DEFAULT_VEHTYPE" speed="12.67" pos="88.75" lane="1/3to2/3_0" slope="0.00"/>
        <vehicle id="4" x="523.37" y="401.65" angle="-90.00" type="DEFAULT_VEHTYPE" speed="13.68" pos="71.88" lane="3/2to2/2_0" slope="0.00"/>
        <vehicle id="41" x="401.65" y="772.07" angle="180.00" type="DEFAULT_VEHTYPE" speed="13.80" pos="167.32" lane="2/3to2/4_0" slope="0.00"/>
        <vehicle id="42" x="598.35" y="428.44" angle="0.00" type="DEFAULT_VEHTYPE" speed="13.25" pos="166.81" lane="3/3to3/2_0" slope="0.00"/>
        <vehicle id="43" x="201.65" y="590.00" angle="180.00" type="DEFAULT_VEHTYPE" speed="12.91" pos="185.25" lane="1/2to1/3_0" slope="0.00"/>
        <vehicle id="44" x="217.76" y="401.65" angle="-90.00" type="DEFAULT_VEHTYPE" speed="8.72" pos="177.49" lane="2/2to1/2_0" slope="0.00"/>
        <vehicle id="46" x="35.54" y="398.35" angle="90.00" type="DEFAULT_VEHTYPE" speed="13.00" pos="35.54" lane="0/2to1/2_0" slope="0.00"/>
        <vehicle id="47" x="401.65" y="664.44" angle="180.00" type="DEFAULT_VEHTYPE" speed="13.35" pos="59.69" lane="2/3to2/4_0" slope="0.00"/>
        <vehicle id="49" x="398.35" y="651.75" angle="0.00" type="DEFAULT_VEHTYPE" speed="12.84" pos="148.25" lane="2/4to2/3_0" slope="0.00"/>
        <vehicle id="6" x="398.35" y="608.86" angle="0.00" type="DEFAULT_VEHTYPE" speed="13.59" pos="191.14" lane="2/4to2/3_0" slope="0.00"/>
    </timestep>
    <timestep time="296.00">
        <vehicle id="1" x="392.48" y="598.35" angle="90.00" type="DEFAULT_VEHTYPE" speed="0.30" pos="187.73" lane="1/3to2/3_0" slope="0.00"/>
        <vehicle id="11" x="141.81" y="398.35" angle="90.00" type="DEFAULT_VEHTYPE" speed="12.64" pos="141.81" lane="0/2to1/2_0" slope="0.00"/>
        <vehicle id="13" x="411.09" y="198.35" angle="90.00" type="DEFAULT_VEHTYPE" speed="8.86" pos="6.34" lane="2/1to3/1_0" slope="0.00"/>
        <vehicle id="17" x="236.37" y="201.65" angle="-90.00" type="DEFAULT_VEHTYPE" speed="13.09" pos="158.88" lane="2/1to1/1_0" slope="0.00"/>
        <vehicle id="2" x="590.00" y="198.35" angle="90.00" type="DEFAULT_VEHTYPE" speed="3.55" pos="185.25" lane="2/1to3/1_0" slope="0.00"/>
        <vehicle id="21" x="366.99" y="401.65" angle="-90.00" type="DEFAULT_VEHTYPE" speed="13.58" pos="28.26" lane="2/2to1/2_0" slope="0.00"/>
        <vehicle id="23" x="401.65" y="749.57" angle="180.00" type="DEFAULT_VEHTYPE" speed="13.47" pos="144.82" lane="2/3to2/4_0" slope="0.00"/>
        <vehicle id="25" x="437.04" y="401.65" angle="-90.00" type="DEFAULT_VEHTYPE" speed="13.43" pos="158.21" lane="3/2to2/2_0" slope="0.00"/>
        <vehicle id="27" x="289.94" y="401.65" angle="-90.00" type="DEFAULT_VEHTYPE" speed="13.09" pos="105.31" lane="2/2to1/2_0" slope="0.00"/>
        <vehicle id="29" x="401.65" y="77.80" angle="180.00" type="DEFAULT_VEHTYPE" speed="12.85" pos="77.80" lane="2/0to2/1_0" slope="0.00"/>
        <vehicle id="3" x="181.57" y="398.35" angle="90.00" type="DEFAULT_VEHTYPE" speed="8.76" pos="181.57" lane="0/2to1/2_0" slope="0.00"/>
        <vehicle id="32" x="198.35" y="165.15" angle="0.00" type="DEFAULT_VEHTYPE" speed="13.42" pos="30.10" lane="1/1to1/0_0" slope="0.00"/>
        <vehicle id="37" x="404.88" y="401.65" angle="-90.00" type="DEFAULT_VEHTYPE" speed="2.47" pos="190.37" lane="3/2to2/2_0" slope="0.00"/>
        <vehicle id="38" x="306.14" y="598.35" angle="90.00" type="DEFAULT_VEHTYPE" speed="12.64" pos="101.39" lane="1/3to2/3_0" slope="0.00"/>
        <vehicle id="4" x="510.52" y="401.65" angle="-90.00" type="DEFAULT_VEHTYPE" speed="12.86" pos="84.73" lane="3/2to2/2_0" slope="0.00"/>
        <vehicle id="41" x="401.65" y="785.19" angle="180.00" type="DEFAULT_VEHTYPE" speed="13.11" pos="180.44" lane="2/3to2/4_0" slope="0.00"/>
        <vehicle id="42" x="598.35" y="415.09" angle="0.00" type="DEFAULT_VEHTYPE" speed="13.35" pos="180.16" lane="3/3to3/2_0" slope="0.00"/>
        <vehicle id="43" x="207.47" y="598.35" angle="97.73" type="DEFAULT_VEHTYPE" speed="12.97" pos="2.72" lane="1/3to2/3_0" slope="0.00"/>
        <vehicle id="44" x="212.21" y="401.65" angle="-90.00" type="DEFAULT_VEHTYPE" speed="5.55" pos="183.04" lane="2/2to1/2_0" slope="0.00"/>
        <vehicle id="46" x="49.34" y="398.35" angle="90.00" type="DEFAULT_VEHTYPE" speed="13.80" pos="49.34" lane="0/2to1/2_0" slope="0.00"/>
        <vehicle id="47" x="401.65" y="678.23" angle="180.00" type="DEFAULT_VEHTYPE" speed="13.79" pos="73.48" lane="2/3to2/4_0" slope="0.00"/>
        <vehicle id="49" x="398.35" y="638.62" angle="0.00" type="DEFAULT_VEHTYPE" speed="13.14" pos="161.38" lane="2/4to2/3_0" slope="0.00"/>
        <vehicle id="6" x="398.35" y="595.48" angle="0.00" type="DEFAULT_VEHTYPE" speed="13.38" pos="9.27" lane=":2/3_1_0" slope="0.00"/>
    </timestep>
    <timestep time="297.00">
        <vehicle id="1" x="392.67" y="598.35" angle="90.00" type="DEFAULT_VEHTYPE" speed="0.19" pos="187.92" lane="1/3to2/3_0" slope="0.00"/>
        <vehicle id="11" x="155.54" y="398.35" angle="90.00" type="DEFAULT_VEHTYPE" speed="13.74" pos="155.54" lane="0/2to1/2_0" slope="0.00"/>
        <vehicle id="13" x="422.27" y="198.35" angle="90.00" type="DEFAULT_VEHTYPE" speed="11.17" pos="17.52" lane="2/1to3/1_0" slope="0.00"/>
        <vehicle id="17" x="224.22" y="201.65" angle="-90.00" type="DEFAULT_VEHTYPE" speed="12.15" pos="171.03" lane="2/1to1/1_0" slope="0.00"/>
        <vehicle id="2" x="595.44" y="198.38" angle="90.31" type="DEFAULT_VEHTYPE" speed="5.45" pos="0.19" lane=":3/1_14_0" slope="0.00"/>
        <vehicle id="21" x="354.36" y="401.65" angle="-90.00" type="DEFAULT_VEHTYPE" speed="12.63" pos="40.89" lane="2/2to1/2_0" slope="0.00"/>
        <vehicle id="23" x="401.65" y="762.18" angle="180.00" type="DEFAULT_VEHTYPE" speed="12.61" pos="157.43" lane="2/3to2/4_0" slope="0.00"/>
        <vehicle id="25" x="427.16" y="401.65" angle="-90.00" type="DEFAULT_VEHTYPE" speed="9.88" pos="168.09" lane="3/2to2/2_0" slope="0.00"/>
        <vehicle id="27" x="276.11" y="401.65" angle="-90.00" type="DEFAULT_VEHTYPE" speed="13.82" pos="119.14" lane="2/2to1/2_0" slope="0.00"/>
        <vehicle id="29" x="401.65" y="91.02" angle="180.00" type="DEFAULT_VEHTYPE" speed="13.22" pos="91.02" lane="2/0to2/1_0" slope="0.00"/>
        <vehicle id="3" x="187.20" y="398.35" angle="90.00" type="DEFAULT_VEHTYPE" speed="5.63" pos="187.20" lane="0/2to1/2_0" slope="0.00"/>
        <vehicle id="32" x="198.35" y="152.44" angle="0.00" type="DEFAULT_VEHTYPE" speed="12.71" pos="42.81" lane="1/1to1/0_0" slope="0.00"/>
        <vehicle id="37" x="400.60" y="401.65" angle="-90.00" type="DEFAULT_VEHTYPE" speed="4.28" pos="4.15" lane=":2/2_5_0" slope="0.00"/>
        <vehicle id="38" x="319.74" y="598.35" angle="90.00" type="DEFAULT_VEHTYPE" speed="13.59" pos="114.99" lane="1/3to2/3_0" slope="0.00"/>
        <vehicle id="4" x="496.93" y="401.65" angle="-90.00" type="DEFAULT_VEHTYPE" speed="13.59" pos="98.32" lane="3/2to2/2_0" slope="0.00"/>
        <vehicle id="41" x="401.65" y="798.80" angle="180.00" type="DEFAULT_VEHTYPE" speed="13.61" pos="194.05" lane="2/3to2/4_0" slope="0.00"/>
        <vehicle id="42" x="597.49" y="402.37" angle="-10.19" type="DEFAULT_VEHTYPE" speed="12.95" pos="2.61" lane=":3/2_0_0" slope="0.00"/>
        <vehicle id="43" x="220.42" y="598.35" angle="90.00" type="DEFAULT_VEHTYPE" speed="12.94" pos="15.67" lane="1/3to2/3_0" slope="0.00"/>
        <vehicle id="44" x="209.88" y="401.65" angle="-90.00" type="DEFAULT_VEHTYPE" speed="2.33" pos="185.37" lane="2/2to1/2_0" slope="0.00"/>
        <vehicle id="46" x="63.21" y="398.35" angle="90.00" type="DEFAULT_VEHTYPE" speed="13.87" pos="63.21" lane="0/2to1/2_0" slope="0.00"/>
        <vehicle id="47" x="401.65" y="691.19" angle="180.00" type="DEFAULT_VEHTYPE" speed="12.96" pos="86.44" lane="2/3to2/4_0" slope="0.00"/>
        <vehicle id="49" x="398.35" y="625.04" angle="0.00" type="DEFAULT_VEHTYPE" speed="13.57" pos="174.96" lane="2/4to2/3_0" slope="0.00"/>
        <vehicle id="6" x="398.35" y="581.73" angle="0.00" type="DEFAULT_VEHTYPE" speed="13.75" pos="13.52" lane="2/3to2/2_0" slope="0.00"/>
    </timestep>
    <timestep time="298.00">
        <vehicle id="1" x="392.73" y="598.35" angle="90.00" type="DEFAULT_VEHTYPE" speed="0.05" pos="187.98" lane="1/3to2/3_0" slope="0.00"/>
        <vehicle id="11" x="167.98" y="398.35" angle="90.00" type="DEFAULT_VEHTYPE" speed="12.44" pos="167.98" lane="0/2to1/2_0" slope="0.00"/>
        <vehicle id="13" x="435.06" y="198.35" angle="90.00" type="DEFAULT_VEHTYPE" speed="12.79" pos="30.31" lane="2/1to3/1_0" slope="0.00"/>
        <vehicle id="17" x="216.25" y="201.65" angle="-90.00" type="DEFAULT_VEHTYPE" speed="7.97" pos="179.00" lane="2/1to1/1_0" slope="0.00"/>
        <vehicle id="2" x="601.05" y="201.61" angle="128.52" type="DEFAULT_VEHTYPE" speed="6.90" pos="7.09" lane=":3/1_14_0" slope="0.00"/>
        <vehicle id="21" x="340.87" y="401.65" angle="-90.00" type="DEFAULT_VEHTYPE" speed="13.49" pos="54.38" lane="2/2to1/2_0" slope="0.00"/>
        <vehicle id="23" x="401.65" y="775.40" angle="180.00" type="DEFAULT_VEHTYPE" speed="13.22" pos="170.65" lane="2/3to2/4_0" slope="0.00"/>
        <vehicle id="25" x="417.85" y="401.65" angle="-90.00" type="DEFAULT_VEHTYPE" speed="9.32" pos="177.40" lane="3/2to2/2_0" slope="0.00"/>
        <vehicle id="27" x="262.33" y="401.65" angle="-90.00" type="DEFAULT_VEHTYPE" speed="13.78" pos="132.92" lane="2/2to1/2_0" slope="0.00"/>
        <vehicle id="29" x="401.65" y="104.59" angle="180.00" type="DEFAULT_VEHTYPE" speed="13.58" pos="104.59" lane="2/0to2/1_0" slope="0.00"/>
        <vehicle id="3" x="190.39" y="398.35" angle="90.00" type="DEFAULT_VEHTYPE" speed="3.19" pos="190.39" lane="0/2to1/2_0" slope="0.00"/>
        <vehicle id="32" x="198.35" y="138.55" angle="0.00" type="DEFAULT_VEHTYPE" speed="13.89" pos="56.70" lane="1/1to1/0_0" slope="0.00"/>
        <vehicle id="37" x="394.34" y="401.65" angle="-90.00" type="DEFAULT_VEHTYPE" speed="6.26" pos="0.91" lane="2/2to1/2_0" slope="0.00"/>
        <vehicle id="38" x="332.39" y="598.35" angle="90.00" type="DEFAULT_VEHTYPE" speed="12.65" pos="127.64" lane="1/3to2/3_0" slope="0.00"/>
        <vehicle id="4" x="483.59" y="401.65" angle="-90.00" type="DEFAULT_VEHTYPE" speed="13.34" pos="111.66" lane="3/2to2/2_0" slope="0.00"/>
        <vehicle id="41" x="398.35" y="793.23" angle="0.00" type="DEFAULT_VEHTYPE" speed="12.80" pos="6.77" lane="2/4to2/3_0" slope="0.00"/>
        <vehicle id="42" x="584.31" y="401.65" angle="-90.00" type="DEFAULT_VEHTYPE" speed="13.34" pos="10.94" lane="3/2to2/2_0" slope="0.00"/>
        <vehicle id="43" x="233.28" y="598.35" angle="90.00" type="DEFAULT_VEHTYPE" speed="12.86" pos="28.53" lane="1/3to2/3_0" slope="0.00"/>
        <vehicle id="44" x="206.03" y="401.65" angle="-90.00" type="DEFAULT_VEHTYPE" speed="3.86" pos="189.22" lane="2/2to1/2_0" slope="0.00"/>
        <vehicle id="46" x="76.13" y="398.35" angle="90.00" type="DEFAULT_VEHTYPE" speed="12.92" pos="76.13" lane="0/2to1/2_0" slope="0.00"/>
        <vehicle id="47" x="401.65" y="704.92" angle="180.00" type="DEFAULT_VEHTYPE" speed="13.73" pos="100.17" lane="2/3to2/4_0" slope="0.00"/>
        <vehicle id="49" x="398.35" y="611.55" angle="0.00" type="DEFAULT_VEHTYPE" speed="13.50" pos="188.45" lane="2/4to2/3_0" slope="0.00"/>
        <vehicle id="6" x="398.35" y="568.74" angle="0.00" type="DEFAULT_VEHTYPE" speed="12.99" pos="26.51" lane="2/3to2/2_0" slope="0.00"/>
    </timestep>
    <timestep time="299.00">
        <vehicle id="1" x="392.74" y="598.35" angle="90.00" type="DEFAULT_VEHTYPE" speed="0.01" pos="187.99" lane="1/3to2/3_0" slope="0.00"/>
        <vehicle id="11" x="175.91" y="398.35" angle="90.00" type="DEFAULT_VEHTYPE" speed="7.94" pos="175.91" lane="0/2to1/2_0" slope="0.00"/>
        <vehicle id="13" x="448.15" y="198.35" angle="90.00" type="DEFAULT_VEHTYPE" speed="13.09" pos="43.40" lane="2/1to3/1_0" slope="0.00"/>
        <vehicle id="17" x="211.93" y="201.65" angle="-90.00" type="DEFAULT_VEHTYPE" speed="4.32" pos="183.32" lane="2/1to1/1_0" slope="0.00"/>
        <vehicle id="2" x="601.65" y="210.62" angle="180.00" type="DEFAULT_VEHTYPE" speed="9.10" pos="5.87" lane="3/1to3/2_0" slope="0.00"/>
        <vehicle id="21" x="327.07" y="401.65" angle="-90.00" type="DEFAULT_VEHTYPE" speed="13.80" pos="68.18" lane="2/2to1/2_0" slope="0.00"/>
        <vehicle id="23" x="401.65" y="788.03" angle="180.00" type="DEFAULT_VEHTYPE" speed="12.63" pos="183.28" lane="2/3to2/4_0" slope="0.00"/>
        <vehicle id="25" x="412.63" y="401.65" angle="-90.00" type="DEFAULT_VEHTYPE" speed="5.22" pos="182.62" lane="3/2to2/2_0" slope="0.00"/>
        <vehicle id="27" x="249.20" y="401.65" angle="-90.00" type="DEFAULT_VEHTYPE" speed="13.13" pos="146.05" lane="2/2to1/2_0" slope="0.00"/>
        <vehicle id="29" x="401.65" y="117.62" angle="180.00" type="DEFAULT_VEHTYPE" speed="13.03" pos="117.62" lane="2/0to2/1_0" slope="0.00"/>
        <vehicle id="3" x="195.29" y="398.36" angle="90.06" type="DEFAULT_VEHTYPE" speed="4.90" pos="0.04" lane=":1/2_14_0" slope="0.00"/>
        <vehicle id="32" x="198.35" y="125.76" angle="0.00" type="DEFAULT_VEHTYPE" speed="12.79" pos="69.49" lane="1/1to1/0_0" slope="0.00"/>
        <vehicle id="37" x="386.71" y="401.65" angle="-90.00" type="DEFAULT_VEHTYPE" speed="7.63" pos="8.54" lane="2/2to1/2_0" slope="0.00"/>
        <vehicle id="38" x="345.40" y="598.35" angle="90.00" type="DEFAULT_VEHTYPE" speed="13.01" pos="140.65" lane="1/3to2/3_0" slope="0.00"/>
        <vehicle id="4" x="470.98" y="401.65" angle="-90.00" type="DEFAULT_VEHTYPE" speed="12.61" pos="124.27" lane="3/2to2/2_0" slope="0.00"/>
        <vehicle id="41" x="398.35" y="780.40" angle="0.00" type="DEFAULT_VEHTYPE" speed="12.82" pos="19.60" lane="2/4to2/3_0" slope="0.00"/>
        <vehicle id="42" x="571.10" y="401.65" angle="-90.00" type="DEFAULT_VEHTYPE" speed="13.21" pos="24.15" lane="3/2to2/2_0" slope="0.00"/>
        <vehicle id="43" x="246.79" y="598.35" angle="90.00" type="DEFAULT_VEHTYPE" speed="13.52" pos="42.04" lane="1/3to2/3_0" slope="0.00"/>
        <vehicle id="44" x="200.00" y="400.08" angle="-71.53" type="DEFAULT_VEHTYPE" speed="6.37" pos="5.10" lane=":1/2_6_0" slope="0.00"/>
        <vehicle id="46" x="89.01" y="398.35" angle="90.00" type="DEFAULT_VEHTYPE" speed="12.88" pos="89.01" lane="0/2to1/2_0" slope="0.00"/>
        <vehicle id="47" x="401.65" y="718.08" angle="180.00" type="DEFAULT_VEHTYPE" speed="13.16" pos="113.33" lane="2/3to2/4_0" slope="0.00"/>
        <vehicle id="49" x="398.35" y="598.21" angle="0.00" type="DEFAULT_VEHTYPE" speed="13.34" pos="6.54" lane=":2/3_1_0" slope="0.00"/>
        <vehicle id="6" x="398.35" y="555.30" angle="0.00" type="DEFAULT_VEHTYPE" speed="13.44" pos="39.95" lane="2/3to2/2_0" slope="0.00"/>
    </timestep>
    <timestep time="300.00">
        <vehicle id="1" x="392.75" y="598.35" angle="90.00" type="DEFAULT_VEHTYPE" speed="0.01" pos="188.00" lane="1/3to2/3_0" slope="0.00"/>
        <vehicle id="11" x="183.62" y="398.35" angle="90.00" type="DEFAULT_VEHTYPE" speed="7.70" pos="183.62" lane="0/2to1/2_0" slope="0.00"/>
        <vehicle id="13" x="460.99" y="198.35" angle="90.00" type="DEFAULT_VEHTYPE" speed="12.84" pos="56.24" lane="2/1to3/1_0" slope="0.00"/>
        <vehicle id="17" x="208.71" y="201.65" angle="-90.00" type="DEFAULT_VEHTYPE" speed="3.22" pos="186.54" lane="2/1to1/1_0" slope="0.00"/>
        <vehicle id="2" x="601.65" y="221.41" angle="180.00" type="DEFAULT_VEHTYPE" speed="10.79" pos="16.66" lane="3/1to3/2_0" slope="0.00"/>
        <vehicle id="21" x="313.92" y="401.65" angle="-90.00" type="DEFAULT_VEHTYPE" speed="13.15" pos="81.33" lane="2/2to1/2_0" slope="0.00"/>
        <vehicle id="23" x="400.52" y="801.39" angle="-166.11" type="DEFAULT_VEHTYPE" speed="13.80" pos="1.83" lane=":2/4_0_0" slope="0.00"/>
        <vehicle id="25" x="408.93" y="401.65" angle="-90.00" type="DEFAULT_VEHTYPE" speed="3.70" pos="186.32" lane="3/2to2/2_0" slope="0.00"/>
        <vehicle id="27" x="236.19" y="401.65" angle="-90.00" type="DEFAULT_VEHTYPE" speed="13.01" pos="159.06" lane="2/2to1/2_0" slope="0.00"/>
        <vehicle id="29" x="401.65" y="130.26" angle="180.00" type="DEFAULT_VEHTYPE" speed="12.64" pos="130.26" lane="2/0to2/1_0" slope="0.00"/>
        <vehicle id="3" x="200.71" y="401.05" angle="121.71" type="DEFAULT_VEHTYPE" speed="6.40" pos="6.44" lane=":1/2_14_0" slope="0.00"/>
        <vehicle id="32" x="198.35" y="112.16" angle="0.00" type="DEFAULT_VEHTYPE" speed="13.60" pos="83.09" lane="1/1to1/0_0" slope="0.00"/>
        <vehicle id="37" x="377.57" y="401.65" angle="-90.00" type="DEFAULT_VEHTYPE" speed="9.15" pos="17.68" lane="2/2to1/2_0" slope="0.00"/>
        <vehicle id="38" x="358.57" y="598.35" angle="90.00" type="DEFAULT_VEHTYPE" speed="13.17" pos="153.82" lane="1/3to2/3_0" slope="0.00"/>
        <vehicle id="4" x="457.79" y="401.65" angle="-90.00" type="DEFAULT_VEHTYPE" speed="13.19" pos="137.46" lane="3/2to2/2_0" slope="0.00"/>
        <vehicle id="41" x="398.35" y="767.09" angle="0.00" type="DEFAULT_VEHTYPE" speed="13.31" pos="32.91" lane="2/4to2/3_0" slope="0.00"/>
        <vehicle id="42" x="557.20" y="401.65" angle="-90.00" type="DEFAULT_VEHTYPE" speed="13.90" pos="38.05" lane="3/2to2/2_0" slope="0.00"/>
        <vehicle id="43" x="259.68" y="598.35" angle="90.00" type="DEFAULT_VEHTYPE" speed="12.88" pos="54.93" lane="1/3to2/3_0" slope="0.00"/>
        <vehicle id="44" x="198.35" y="392.05" angle="-2.93" type="DEFAULT_VEHTYPE" speed="8.42" pos="3.20" lane="1/2to1/1_0" slope="0.00"/>
        <vehicle id="46" x="102.70" y="398.35" angle="90.00" type="DEFAULT_VEHTYPE" speed="13.69" pos="102.70" lane="0/2to1/2_0" slope="0.00"/>
        <vehicle id="47" x="401.65" y="730.84" angle="180.00" type="DEFAULT_VEHTYPE" speed="12.76" pos="126.09" lane="2/3to2/4_0" slope="0.00"/>
        <vehicle id="49" x="398.35" y="584.46" angle="0.00" type="DEFAULT_VEHTYPE" speed="13.75" pos="10.79" lane="2/3to2/2_0" slope="0.00"/>
        <vehicle id="6" x="398.35" y="541.63" angle="0.00" type="DEFAULT_VEHTYPE" speed="13.67" pos="53.62" lane="2/3to2/2_0" slope="0.00"/>
    </timestep>
    <timestep time="301.00">
        <vehicle id="1" x="394.91" y="598.35" angle="90.00" type="DEFAULT_VEHTYPE" speed="2.16" pos="190.16" lane="1/3to2/3_0" slope="0.00"/>
        <vehicle id="11" x="189.03" y="398.35" angle="90.00" type="DEFAULT_VEHTYPE" speed="5.41" pos="189.03" lane="0/2to1/2_0" slope="0.00"/>
        <vehicle id="13" x="474.86" y="198.35" angle="90.00" type="DEFAULT_VEHTYPE" speed="13.87" pos="70.11" lane="2/1to3/1_0" slope="0.00"/>
        <vehicle id="17" x="203.20" y="201.95" angle="-93.51" type="DEFAULT_VEHTYPE" speed="5.55" pos="1.59" lane=":1/1_4_0" slope="0.00"/>
        <vehicle id="2" x="601.65" y="234.52" angle="180.00" type="DEFAULT_VEHTYPE" speed="13.10" pos="29.77" lane="3/1to3/2_0" slope="0.00"/>
        <vehicle id="21" x="300.86" y="401.65" angle="-90.00" type="DEFAULT_VEHTYPE" speed="13.07" pos="94.39" lane="2/2to1/2_0" slope="0.00"/>
        <vehicle id="23" x="398.35" y="789.55" angle="0.00" type="DEFAULT_VEHTYPE" speed="13.44" pos="10.45" lane="2/4to2/3_0" slope="0.00"/>
        <vehicle id="25" x="403.20" y="401.43" angle="-87.46" type="DEFAULT_VEHTYPE" speed="5.74" pos="1.56" lane=":2/2_6_0" slope="0.00"/>
        <vehicle id="27" x="224.42" y="401.65" angle="-90.00" type="DEFAULT_VEHTYPE" speed="11.77" pos="170.83" lane="2/2to1/2_0" slope="0.00"/>
        <vehicle id="29" x="401.65" y="143.60" angle="180.00" type="DEFAULT_VEHTYPE" speed="13.33" pos="143.60" lane="2/0to2/1_0" slope="0.00"/>
        <vehicle id="3" x="201.65" y="409.37" angle="179.38" type="DEFAULT_VEHTYPE" speed="8.50" pos="4.62" lane="1/2to1/3_0" slope="0.00"/>
        <vehicle id="32" x="198.35" y="99.55" angle="0.00" type="DEFAULT_VEHTYPE" speed="12.62" pos="95.70" lane="1/1to1/0_0" slope="0.00"/>
        <vehicle id="37" x="366.14" y="401.65" angle="-90.00" type="DEFAULT_VEHTYPE" speed="11.42" pos="29.11" lane="2/2to1/2_0" slope="0.00"/>
        <vehicle id="38" x="369.93" y="598.35" angle="90.00" type="DEFAULT_VEHTYPE" speed="11.36" pos="165.18" lane="1/3to2/3_0" slope="0.00"/>
        <vehicle id="4" x="444.44" y="401.65" angle="-90.00" type="DEFAULT_VEHTYPE" speed="13.36" pos="150.81" lane="3/2to2/2_0" slope="0.00"/>
        <vehicle id="41" x="398.35" y="753.52" angle="0.00" type="DEFAULT_VEHTYPE" speed="13.58" pos="46.48" lane="2/4to2/3_0" slope="0.00"/>
        <vehicle id="42" x="543.72" y="401.65" angle="-90.00" type="DEFAULT_VEHTYPE" speed="13.48" pos="51.53" lane="3/2to2/2_0" slope="0.00"/>
        <vehicle id="43" x="273.52" y="598.35" angle="90.00" type="DEFAULT_VEHTYPE" speed="13.85" pos="68.77" lane="1/3to2/3_0" slope="0.00"/>
        <vehicle id="44" x="198.35" y="381.65" angle="0.00" type="DEFAULT_VEHTYPE" speed="10.41" pos="13.60" lane="1/2to1/1_0" slope="0.00"/>
        <vehicle id="46" x="115.77" y="398.35" angle="90.00" type="DEFAULT_VEHTYPE" speed="13.07" pos="115.77" lane="0/2to1/2_0" slope="0.00"/>
        <vehicle id="47" x="401.65" y="744.14" angle="180.00" type="DEFAULT_VEHTYPE" speed="13.30" pos="139.39" lane="2/3to2/4_0" slope="0.00"/>
        <vehicle id="49" x="398.35" y="571.33" angle="0.00" type="DEFAULT_VEHTYPE" speed="13.13" pos="23.92" lane="2/3to2/2_0" slope="0.00"/>
        <vehicle id="6" x="398.35" y="528.47" angle="0.00" type="DEFAULT_VEHTYPE" speed="13.15" pos="66.78" lane="2/3to2/2_0" slope="0.00"/>
    </timestep>
    <timestep time="302.00">
        <vehicle id="1" x="398.71" y="599.15" angle="99.30" type="DEFAULT_VEHTYPE" speed="3.94" pos="3.60" lane=":2/3_14_0" slope="0.00"/>
        <vehicle id="11" x="191.42" y="398.35" angle="90.00" type="DEFAULT_VEHTYPE" speed="2.39" pos="191.42" lane="0/2to1/2_0" slope="0.00"/>
        <vehicle id="13" x="488.13" y="198.35" angle="90.00" type="DEFAULT_VEHTYPE" speed="13.27" pos="83.38" lane="2/1to3/1_0" slope="0.00"/>
        <vehicle id="17" x="201.65" y="208.95" angle="-178.73" type="DEFAULT_VEHTYPE" speed="7.61" pos="4.20" lane="1/1to1/2_0" slope="0.00"/>
        <vehicle id="2" x="601.65" y="248.32" angle="180.00" type="DEFAULT_VEHTYPE" speed="13.80" pos="43.57" lane="3/1to3/2_0" slope="0.00"/>
        <vehicle id="21" x="287.91" y="401.65" angle="-90.00" type="DEFAULT_VEHTYPE" speed="12.94" pos="107.34" lane="2/2to1/2_0" slope="0.00"/>
        <vehicle id="23" x="398.35" y="775.90" angle="0.00" type="DEFAULT_VEHTYPE" speed="13.65" pos="24.10" lane="2/4to2/3_0" slope="0.00"/>
        <vehicle id="25" x="398.58" y="396.86" angle="-33.64" type="DEFAULT_VEHTYPE" speed="7.13" pos="8.70" lane=":2/2_6_0" slope="0.00"/>
        <vehicle id="27" x="216.61" y="401.65" angle="-90.00" type="DEFAULT_VEHTYPE" speed="7.81" pos="178.64" lane="2/2to1/2_0" slope="0.00"/>
        <vehicle id="29" x="401.65" y="156.65" angle="180.00" type="DEFAULT_VEHTYPE" speed="13.05" pos="156.65" lane="2/0to2/1_0" slope="0.00"/>
        <vehicle id="3" x="201.65" y="419.27" angle="180.00" type="DEFAULT_VEHTYPE" speed="9.90" pos="14.52" lane="1/2to1/3_0" slope="0.00"/>
        <vehicle id="32" x="198.35" y="85.83" angle="0.00" type="DEFAULT_VEHTYPE" speed="13.71" pos="109.42" lane="1/1to1/0_0" slope="0.00"/>
        <vehicle id="37" x="352.50" y="401.65" angle="-90.00" type="DEFAULT_VEHTYPE" speed="13.64" pos="42.75" lane="2/2to1/2_0" slope="0.00"/>
        <vehicle id="38" x="378.44" y="598.35" angle="90.00" type="DEFAULT_VEHTYPE" speed="8.51" pos="173.69" lane="1/3to2/3_0" slope="0.00"/>
        <vehicle id="4" x="430.58" y="401.65" angle="-90.00" type="DEFAULT_VEHTYPE" speed="13.86" pos="164.67" lane="3/2to2/2_0" slope="0.00"/>
        <vehicle id="41" x="398.35" y="740.20" angle="0.00" type="DEFAULT_VEHTYPE" speed="13.31" pos="59.80" lane="2/4to2/3_0" slope="0.00"/>
        <vehicle id="42" x="529.92" y="401.65" angle="-90.00" type="DEFAULT_VEHTYPE" speed="13.81" pos="65.33" lane="3/2to2/2_0" slope="0.00"/>
        <vehicle id="43" x="286.94" y="598.35" angle="90.00" type="DEFAULT_VEHTYPE" speed="13.41" pos="82.19" lane="1/3to2/3_0" slope="0.00"/>
        <vehicle id="44" x="198.35" y="369.28" angle="0.00" type="DEFAULT_VEHTYPE" speed="12.36" pos="25.97" lane="1/2to1/1_0" slope="0.00"/>
        <vehicle id="46" x="128.92" y="398.35" angle="90.00" type="DEFAULT_VEHTYPE" speed="13.15" pos="128.92" lane="0/2to1/2_0" slope="0.00"/>
        <vehicle id="47" x="401.65" y="757.65" angle="180.00" type="DEFAULT_VEHTYPE" speed="13.51" pos="152.90" lane="2/3to2/4_0" slope="0.00"/>
        <vehicle id="49" x="398.35" y="558.58" angle="0.00" type="DEFAULT_VEHTYPE" speed="12.75" pos="36.67" lane="2/3to2/2_0" slope="0.00"/>
        <vehicle id="6" x="398.35" y="515.07" angle="0.00" type="DEFAULT_VEHTYPE" speed="13.40" pos="80.18" lane="2/3to2/2_0" slope="0.00"/>
    </timestep>
    <timestep time="303.00">
        <vehicle id="1" x="401.55" y="604.07" angle="155.99" type="DEFAULT_VEHTYPE" speed="6.03" pos="9.63" lane=":2/3_14_0" slope="0.00"/>
        <vehicle id="11" x="192.48" y="398.35" angle="90.00" type="DEFAULT_VEHTYPE" speed="1.06" pos="192.48" lane="0/2to1/2_0" slope="0.00"/>
        <vehicle id="13" x="500.92" y="198.35" angle="90.00" type="DEFAULT_VEHTYPE" speed="12.78" pos="96.17" lane="2/1to3/1_0" slope="0.00"/>
        <vehicle id="17" x="201.65" y="218.30" angle="180.00" type="DEFAULT_VEHTYPE" speed="9.35" pos="13.55" lane="1/1to1/2_0" slope="0.00"/>
        <vehicle id="2" x="601.65" y="261.43" angle="180.00" type="DEFAULT_VEHTYPE" speed="13.12" pos="56.68" lane="3/1to3/2_0" slope="0.00"/>
        <vehicle id="21" x="274.74" y="401.65" angle="-90.00" type="DEFAULT_VEHTYPE" speed="13.17" pos="120.51" lane="2/2to1/2_0" slope="0.00"/>
        <vehicle id="23" x="398.35" y="763.10" angle="0.00" type="DEFAULT_VEHTYPE" speed="12.80" pos="36.90" lane="2/4to2/3_0" slope="0.00"/>
        <vehicle id="25" x="398.35" y="388.08" angle="0.00" type="DEFAULT_VEHTYPE" speed="8.80" pos="7.17" lane="2/2to2/1_0" slope="0.00"/>
        <vehicle id="27" x="211.32" y="401.65" angle="-90.00" type="DEFAULT_VEHTYPE" speed="5.29" pos="183.93" lane="2/2to1/2_0" slope="0.00"/>
        <vehicle id="29" x="401.65" y="170.37" angle="180.00" type="DEFAULT_VEHTYPE" speed="13.72" pos="170.37" lane="2/0to2/1_0" slope="0.00"/>
        <vehicle id="3" x="201.65" y="430.90" angle="180.00" type="DEFAULT_VEHTYPE" speed="11.63" pos="26.15" lane="1/2to1/3_0" slope="0.00"/>
        <vehicle id="32" x="198.35" y="72.91" angle="0.00" type="DEFAULT_VEHTYPE" speed="12.92" pos="122.34" lane="1/1to1/0_0" slope="0.00"/>
        <vehicle id="37" x="339.46" y="401.65" angle="-90.00" type="DEFAULT_VEHTYPE" speed="13.04" pos="55.79" lane="2/2to1/2_0" slope="0.00"/>
        <vehicle id="38" x="385.07" y="598.35" angle="90.00" type="DEFAULT_VEHTYPE" speed="6.63" pos="180.32" lane="1/3to2/3_0" slope="0.00"/>
        <vehicle id="4" x="420.72" y="401.65" angle="-90.00" type="DEFAULT_VEHTYPE" speed="9.86" pos="174.53" lane="3/2to2/2_0" slope="0.00"/>
        <vehicle id="41" x="398.35" y="727.24" angle="0.00" type="DEFAULT_VEHTYPE" speed="12.96" pos="72.76" lane="2/4to2/3_0" slope="0.00"/>
        <vehicle id="42" x="516.05" y="401.65" angle="-90.00" type="DEFAULT_VEHTYPE" speed="13.86" pos="79.20" lane="3/2to2/2_0" slope="0.00"/>
        <vehicle id="43" x="299.54" y="598.35" angle="90.00" type="DEFAULT_VEHTYPE" speed="12.61" pos="94.79" lane="1/3to2/3_0" slope="0.00"/>
        <vehicle id="44" x="198.35" y="355.64" angle="0.00" type="DEFAULT_VEHTYPE" speed="13.65" pos="39.61" lane="1/2to1/1_0" slope="0.00"/>
        <vehicle id="46" x="141.89" y="398.35" angle="90.00" type="DEFAULT_VEHTYPE" speed="12.97" pos="141.89" lane="0/2to1/2_0" slope="0.00"/>
        <vehicle id="47" x="401.65" y="771.26" angle="180.00" type="DEFAULT_VEHTYPE" speed="13.61" pos="166.51" lane="2/3to2/4_0" slope="0.00"/>
        <vehicle id="49" x="398.35" y="544.97" angle="0.00" type="DEFAULT_VEHTYPE" speed="13.61" pos="50.28" lane="2/3to2/2_0" slope="0.00"/>
        <vehicle id="6" x="398.35" y="501.70" angle="0.00" type="DEFAULT_VEHTYPE" speed="13.37" pos="93.55" lane="2/3to2/2_0" slope="0.00"/>
    </timestep>
    <timestep time="304.00">
        <vehicle id="1" x="401.65" y="612.46" angle="180.00" type="DEFAULT_VEHTYPE" speed="8.40" pos="7.71" lane="2/3to2/4_0" slope="0.00"/>
        <vehicle id="11" x="192.65" y="398.35" angle="90.00" type="DEFAULT_VEHTYPE" speed="0.17" pos="192.65" lane="0/2to1/2_0" slope="0.00"/>
        <vehicle id="13" x="513.72" y="198.35" angle="90.00" type="DEFAULT_VEHTYPE" speed="12.80" pos="108.97" lane="2/1to3/1_0" slope="0.00"/>
        <vehicle id="17" x="201.65" y="229.86" angle="180.00" type="DEFAULT_VEHTYPE" speed="11.56" pos="25.11" lane="1/1to1/2_0" slope="0.00"/>
        <vehicle id="2" x="601.65" y="274.04" angle="180.00" type="DEFAULT_VEHTYPE" speed="12.61" pos="69.29" lane="3/1to3/2_0" slope="0.00"/>
        <vehicle id="21" x="260.94" y="401.65" angle="-90.00" type="DEFAULT_VEHTYPE" speed="13.80" pos="134.31" lane="2/2to1/2_0" slope="0.00"/>
        <vehicle id="23" x="398.35" y="749.30" angle="0.00" type="DEFAULT_VEHTYPE" speed="13.81" pos="50.70" lane="2/4to2/3_0" slope="0.00"/>
        <vehicle id="25" x="398.35" y="377.07" angle="0.00" type="DEFAULT_VEHTYPE" speed="11.00" pos="18.18" lane="2/2to2/1_0" slope="0.00"/>
        <vehicle id="27" x="204.01" y="401.65" angle="-90.00" type="DEFAULT_VEHTYPE" speed="7.31" pos="0.74" lane=":1/2_5_0" slope="0.00"/>
        <vehicle id="29" x="401.65" y="183.86" angle="180.00" type="DEFAULT_VEHTYPE" speed="13.49" pos="183.86" lane="2/0to2/1_0" slope="0.00"/>
        <vehicle id="3" x="201.65" y="443.55" angle="180.00" type="DEFAULT_VEHTYPE" speed="12.65" pos="38.80" lane="1/2to1/3_0" slope="0.00"/>
        <vehicle id="32" x="198.35" y="59.43" angle="0.00" type="DEFAULT_VEHTYPE" speed="13.48" pos="135.82" lane="1/1to1/0_0" slope="0.00"/>
        <vehicle id="37" x="326.73" y="401.65" angle="-90.00" type="DEFAULT_VEHTYPE" speed="12.73" pos="68.52" lane="2/2to1/2_0" slope="0.00"/>
        <vehicle id="38" x="389.22" y="598.35" angle="90.00" type="DEFAULT_VEHTYPE" speed="4.15" pos="184.47" lane="1/3to2/3_0" slope="0.00"/>
        <vehicle id="4" x="413.73" y="401.65" angle="-90.00" type="DEFAULT_VEHTYPE" speed="7.00" pos="181.52" lane="3/2to2/2_0" slope="0.00"/>
        <vehicle id="41" x="398.35" y="713.70" angle="0.00" type="DEFAULT_VEHTYPE" speed="13.54" pos="86.30" lane="2/4to2/3_0" slope="0.00"/>
        <vehicle id="42" x="503.02" y="401.65" angle="-90.00" type="DEFAULT_VEHTYPE" speed="13.03" pos="92.23" lane="3/2to2/2_0" slope="0.00"/>
        <vehicle id="43" x="312.80" y="598.35" angle="90.00" type="DEFAULT_VEHTYPE" speed="13.25" pos="108.05" lane="1/3to2/3_0" slope="0.00"/>
        <vehicle id="44" x="198.35" y="342.96" angle="0.00" type="DEFAULT_VEHTYPE" speed="12.67" pos="52.29" lane="1/2to1/1_0" slope="0.00"/>
        <vehicle id="46" x="154.65" y="398.35" angle="90.00" type="DEFAULT_VEHTYPE" speed="12.76" pos="154.65" lane="0/2to1/2_0" slope="0.00"/>
        <vehicle id="47" x="401.65" y="784.95" angle="180.00" type="DEFAULT_VEHTYPE" speed="13.69" pos="180.20" lane="2/3to2/4_0" slope="0.00"/>
        <vehicle id="49" x="398.35" y="531.53" angle="0.00" type="DEFAULT_VEHTYPE" speed="13.45" pos="63.72" lane="2/3to2/2_0" slope="0.00"/>
        <vehicle id="6" x="398.35" y="488.36" angle="0.00" type="DEFAULT_VEHTYPE" speed="13.35" pos="106.89" lane="2/3to2/2_0" slope="0.00"/>
    </timestep>
    <timestep time="305.00">
        <vehicle id="1" x="401.65" y="622.49" angle="180.00" type="DEFAULT_VEHTYPE" speed="10.02" pos="17.74" lane="2/3to2/4_0" slope="0.00"/>
        <vehicle id="11" x="192.73" y="398.35" angle="90.00" type="DEFAULT_VEHTYPE" speed="0.08" pos="192.73" lane="0/2to1/2_0" slope="0.00"/>
        <vehicle id="13" x="526.62" y="198.35" angle="90.00" type="DEFAULT_VEHTYPE" speed="12.90" pos="121.87" lane="2/1to3/1_0" slope="0.00"/>
        <vehicle id="17" x="201.65" y="243.24" angle="180.00" type="DEFAULT_VEHTYPE" speed="13.39" pos="38.49" lane="1/1to1/2_0" slope="0.00"/>
        <vehicle id="2" x="601.65" y="287.37" angle="180.00" type="DEFAULT_VEHTYPE" speed="13.32" pos="82.62" lane="3/1to3/2_0" slope="0.00"/>
        <vehicle id="21" x="248.22" y="401.65" angle="-90.00" type="DEFAULT_VEHTYPE" speed="12.72" pos="147.03" lane="2/2to1/2_0" slope="0.00"/>
        <vehicle id="23" x="398.35" y="735.81" angle="0.00" type="DEFAULT_VEHTYPE" speed="13.48" pos="64.19" lane="2/4to2/3_0" slope="0.00"/>
        <vehicle id="25" x="398.35" y="363.70" angle="0.00" type="DEFAULT_VEHTYPE" speed="13.38" pos="31.55" lane="2/2to2/1_0" slope="0.00"/>
        <vehicle id="27" x="194.36" y="401.65" angle="-90.00" type="DEFAULT_VEHTYPE" speed="9.66" pos="0.89" lane="1/2to0/2_0" slope="0.00"/>
        <vehicle id="29" x="401.96" y="196.82" angle="176.38" type="DEFAULT_VEHTYPE" speed="13.01" pos="1.61" lane=":2/1_8_0" slope="0.00"/>
        <vehicle id="3" x="201.65" y="456.59" angle="180.00" type="DEFAULT_VEHTYPE" speed="13.04" pos="51.84" lane="1/2to1/3_0" slope="0.00"/>
        <vehicle id="32" x="198.35" y="46.78" angle="0.00" type="DEFAULT_VEHTYPE" speed="12.65" pos="148.47" lane="1/1to1/0_0" slope="0.00"/>
        <vehicle id="37" x="313.50" y="401.65" angle="-90.00" type="DEFAULT_VEHTYPE" speed="13.24" pos="81.75" lane="2/2to1/2_0" slope="0.00"/>
        <vehicle id="38" x="394.98" y="598.35" angle="90.00" type="DEFAULT_VEHTYPE" speed="5.75" pos="190.23" lane="1/3to2/3_0" slope="0.00"/>
        <vehicle id="4" x="409.50" y="401.65" angle="-90.00" type="DEFAULT_VEHTYPE" speed="4.22" pos="185.75" lane="3/2to2/2_0" slope="0.00"/>
        <vehicle id="41" x="398.35" y="700.86" angle="0.00" type="DEFAULT_VEHTYPE" speed="12.84" pos="99.14" lane="2/4to2/3_0" slope="0.00"/>
        <vehicle id="42" x="489.34" y="401.65" angle="-90.00" type="DEFAULT_VEHTYPE" speed="13.68" pos="105.91" lane="3/2to2/2_0" slope="0.00"/>
        <vehicle id="43" x="326.34" y="598.35" angle="90.00" type="DEFAULT_VEHTYPE" speed="13.54" pos="121.59" lane="1/3to2/3_0" slope="0.00"/>
        <vehicle id="44" x="198.35" y="329.54" angle="0.00" type="DEFAULT_VEHTYPE" speed="13.43" pos="65.71" lane="1/2to1/1_0" slope="0.00"/>
        <vehicle id="46" x="166.78" y="398.35" angle="90.00" type="DEFAULT_VEHTYPE" speed="12.14" pos="166.78" lane="0/2to1/2_0" slope="0.00"/>
        <vehicle id="47" x="401.65" y="798.29" angle="180.00" type="DEFAULT_VEHTYPE" speed="13.33" pos="193.54" lane="2/3to2/4_0" slope="0.00"/>
        <vehicle id="49" x="398.35" y="517.99" angle="0.00" type="DEFAULT_VEHTYPE" speed="13.54" pos="77.26" lane="2/3to2/2_0" slope="0.00"/>
        <vehicle id="6" x="398.35" y="475.37" angle="0.00" type="DEFAULT_VEHTYPE" speed="12.99" pos="119.88" lane="2/3to2/2_0" slope="0.00"/>
    </timestep>
    <timestep time="306.00">
        <vehicle id="1" x="401.65" y="634.53" angle="180.00" type="DEFAULT_VEHTYPE" speed="12.04" pos="29.78" lane="2/3to2/4_0" slope="0.00"/>
        <vehicle id="11" x="192.74" y="398.35" angle="90.00" type="DEFAULT_VEHTYPE" speed="0.01" pos="192.74" lane="0/2to1/2_0" slope="0.00"/>
        <vehicle id="13" x="539.52" y="198.35" angle="90.00" type="DEFAULT_VEHTYPE" speed="12.90" pos="134.77" lane="2/1to3/1_0" slope="0.00"/>
        <vehicle id="17" x="201.65" y="256.63" angle="180.00" type="DEFAULT_VEHTYPE" speed="13.39" pos="51.88" lane="1/1to1/2_0" slope="0.00"/>
        <vehicle id="2" x="601.65" y="300.38" angle="180.00" type="DEFAULT_VEHTYPE" speed="13.01" pos="95.63" lane="3/1to3/2_0" slope="0.00"/>
        <vehicle id="21" x="235.17" y="401.65" angle="-90.00" type="DEFAULT_VEHTYPE" speed="13.05" pos="160.08" lane="2/2to1/2_0" slope="0.00"/>
        <vehicle id="23" x="398.35" y="721.92" angle="0.00" type="DEFAULT_VEHTYPE" speed="13.89" pos="78.08" lane="2/4to2/3_0" slope="0.00"/>
        <vehicle id="25" x="398.35" y="349.97" angle="0.00" type="DEFAULT_VEHTYPE" speed="13.72" pos="45.28" lane="2/2to2/1_0" slope="0.00"/>
        <vehicle id="27" x="182.84" y="401.65" angle="-90.00" type="DEFAULT_VEHTYPE" speed="11.51" pos="12.41" lane="1/2to0/2_0" slope="0.00"/>
        <vehicle id="29" x="414.48" y="198.35" angle="90.00" type="DEFAULT_VEHTYPE" speed="13.12" pos="9.73" lane="2/1to3/1_0" slope="0.00"/>
        <vehicle id="3" x="201.65" y="469.65" angle="180.00" type="DEFAULT_VEHTYPE" speed="13.05" pos="64.90" lane="1/2to1/3_0" slope="0.00"/>
        <vehicle id="32" x="198.35" y="33.80" angle="0.00" type="DEFAULT_VEHTYPE" speed="12.98" pos="161.45" lane="1/1to1/0_0" slope="0.00"/>
        <vehicle id="37" x="300.88" y="401.65" angle="-90.00" type="DEFAULT_VEHTYPE" speed="12.62" pos="94.37" lane="2/2to1/2_0" slope="0.00"/>
        <vehicle id="38" x="400.90" y="601.37" angle="125.63" type="DEFAULT_VEHTYPE" speed="7.09" pos="6.82" lane=":2/3_14_0" slope="0.00"/>
        <vehicle id="4" x="403.16" y="401.65" angle="-90.00" type="DEFAULT_VEHTYPE" speed="6.34" pos="1.59" lane=":2/2_5_0" slope="0.00"/>
        <vehicle id="41" x="398.35" y="688.12" angle="0.00" type="DEFAULT_VEHTYPE" speed="12.74" pos="111.88" lane="2/4to2/3_0" slope="0.00"/>
        <vehicle id="42" x="476.10" y="401.65" angle="-90.00" type="DEFAULT_VEHTYPE" speed="13.24" pos="119.15" lane="3/2to2/2_0" slope="0.00"/>
        <vehicle id="43" x="339.86" y="598.35" angle="90.00" type="DEFAULT_VEHTYPE" speed="13.52" pos="135.11" lane="1/3to2/3_0" slope="0.00"/>
        <vehicle id="44" x="198.35" y="316.67" angle="0.00" type="DEFAULT_VEHTYPE" speed="12.87" pos="78.58" lane="1/2to1/1_0" slope="0.00"/>
        <vehicle id="46" x="175.36" y="398.35" angle="90.00" type="DEFAULT_VEHTYPE" speed="8.58" pos="175.36" lane="0/2to1/2_0" slope="0.00"/>
        <vehicle id="47" x="398.35" y="793.54" angle="0.00" type="DEFAULT_VEHTYPE" speed="13.00" pos="6.46" lane="2/4to2/3_0" slope="0.00"/>
        <vehicle id="49" x="398.35" y="504.93" angle="0.00" type="DEFAULT_VEHTYPE" speed="13.06" pos="90.32" lane="2/3to2/2_0" slope="0.00"/>
        <vehicle id="6" x="398.35" y="462.68" angle="0.00" type="DEFAULT_VEHTYPE" speed="12.69" pos="132.57" lane="2/3to2/2_0" slope="0.00"/>
    </timestep>
    <timestep time="307.00">
        <vehicle id="1" x="401.65" y="647.14" angle="180.00" type="DEFAULT_VEHTYPE" speed="12.61" pos="42.39" lane="2/3to2/4_0" slope="0.00"/>
        <vehicle id="11" x="192.74" y="398.35" angle="90.00" type="DEFAULT_VEHTYPE" speed="0.00" pos="192.74" lane="0/2to1/2_0" slope="0.00"/>
        <vehicle id="13" x="552.45" y="198.35" angle="90.00" type="DEFAULT_VEHTYPE" speed="12.93" pos="147.70" lane="2/1to3/1_0" slope="0.00"/>
        <vehicle id="17" x="201.65" y="270.39" angle="180.00" type="DEFAULT_VEHTYPE" speed="13.76" pos="65.64" lane="1/1to1/2_0" slope="0.00"/>
        <vehicle id="2" x="601.65" y="313.76" angle="180.00" type="DEFAULT_VEHTYPE" speed="13.38" pos="109.01" lane="3/1to3/2_0" slope="0.00"/>
        <vehicle id="21" x="223.57" y="401.65" angle="-90.00" type="DEFAULT_VEHTYPE" speed="11.60" pos="171.68" lane="2/2to1/2_0" slope="0.00"/>
        <vehicle id="23" x="398.35" y="709.30" angle="0.00" type="DEFAULT_VEHTYPE" speed="12.62" pos="90.70" lane="2/4to2/3_0" slope="0.00"/>
        <vehicle id="25" x="398.35" y="337.30" angle="0.00" type="DEFAULT_VEHTYPE" speed="12.67" pos="57.95" lane="2/2to2/1_0" slope="0.00"/>
        <vehicle id="27" x="169.03" y="401.65" angle="-90.00" type="DEFAULT_VEHTYPE" speed="13.81" pos="26.22" lane="1/2to0/2_0" slope="0.00"/>
        <vehicle id="29" x="427.50" y="198.35" angle="90.00" type="DEFAULT_VEHTYPE" speed="13.02" pos="22.75" lane="2/1to3/1_0" slope="0.00"/>
        <vehicle id="3" x="201.65" y="482.98" angle="180.00" type="DEFAULT_VEHTYPE" speed="13.33" pos="78.23" lane="1/2to1/3_0" slope="0.00"/>
        <vehicle id="32" x="198.35" y="21.15" angle="0.00" type="DEFAULT_VEHTYPE" speed="12.65" pos="174.10" lane="1/1to1/0_0" slope="0.00"/>
        <vehicle id="37" x="287.08" y="401.65" angle="-90.00" type="DEFAULT_VEHTYPE" speed="13.80" pos="108.17" lane="2/2to1/2_0" slope="0.00"/>
        <vehicle id="38" x="401.65" y="610.05" angle="180.00" type="DEFAULT_VEHTYPE" speed="8.80" pos="5.30" lane="2/3to2/4_0" slope="0.00"/>
        <vehicle id="4" x="395.08" y="401.65" angle="-90.00" type="DEFAULT_VEHTYPE" speed="8.08" pos="0.17" lane="2/2to1/2_0" slope="0.00"/>
        <vehicle id="41" x="398.35" y="675.16" angle="0.00" type="DEFAULT_VEHTYPE" speed="12.96" pos="124.84" lane="2/4to2/3_0" slope="0.00"/>
        <vehicle id="42" x="463.16" y="401.65" angle="-90.00" type="DEFAULT_VEHTYPE" speed="12.93" pos="132.09" lane="3/2to2/2_0" slope="0.00"/>
        <vehicle id="43" x="352.68" y="598.35" angle="90.00" type="DEFAULT_VEHTYPE" speed="12.82" pos="147.93" lane="1/3to2/3_0" slope="0.00"/>
        <vehicle id="44" x="198.35" y="303.77" angle="0.00" type="DEFAULT_VEHTYPE" speed="12.90" pos="91.48" lane="1/2to1/1_0" slope="0.00"/>
        <vehicle id="46" x="180.58" y="398.35" angle="90.00" type="DEFAULT_VEHTYPE" speed="5.22" pos="180.58" lane="0/2to1/2_0" slope="0.00"/>
        <vehicle id="47" x="398.35" y="780.41" angle="0.00" type="DEFAULT_VEHTYPE" speed="13.13" pos="19.59" lane="2/4to2/3_0" slope="0.00"/>
        <vehicle id="49" x="398.35" y="491.22" angle="0.00" type="DEFAULT_VEHTYPE" speed="13.71" pos="104.03" lane="2/3to2/2_0" slope="0.00"/>
        <vehicle id="6" x="398.35" y="449.93" angle="0.00" type="DEFAULT_VEHTYPE" speed="12.75" pos="145.32" lane="2/3to2/2_0" slope="0.00"/>
    </timestep>
    <timestep time="308.00">
        <vehicle id="1" x="401.65" y="660.11" angle="180.00" type="DEFAULT_VEHTYPE" speed="12.97" pos="55.36" lane="2/3to2/4_0" slope="0.00"/>
        <vehicle id="11" x="192.74" y="398.35" angle="90.00" type="DEFAULT_VEHTYPE" speed="0.00" pos="192.74" lane="0/2to1/2_0" slope="0.00"/>
        <vehicle id="13" x="565.90" y="198.35" angle="90.00" type="DEFAULT_VEHTYPE" speed="13.45" pos="161.15" lane="2/1to3/1_0" slope="0.00"/>
        <vehicle id="17" x="201.65" y="284.00" angle="180.00" type="DEFAULT_VEHTYPE" speed="13.61" pos="79.25" lane="1/1to1/2_0" slope="0.00"/>
        <vehicle id="2" x="601.65" y="327.02" angle="180.00" type="DEFAULT_VEHTYPE" speed="13.26" pos="122.27" lane="3/1to3/2_0" slope="0.00"/>
        <vehicle id="21" x="215.51" y="401.65" angle="-90.00" type="DEFAULT_VEHTYPE" speed="8.06" pos="179.74" lane="2/2to1/2_0" slope="0.00"/>
        <vehicle id="23" x="398.35" y="696.43" angle="0.00" type="DEFAULT_VEHTYPE" speed="12.87" pos="103.57" lane="2/4to2/3_0" slope="0.00"/>
        <vehicle id="25" x="398.35" y="324.48" angle="0.00" type="DEFAULT_VEHTYPE" speed="12.82" pos="70.77" lane="2/2to2/1_0" slope="0.00"/>
        <vehicle id="27" x="156.28" y="401.65" angle="-90.00" type="DEFAULT_VEHTYPE" speed="12.75" pos="38.97" lane="1/2to0/2_0" slope="0.00"/>
        <vehicle id="29" x="440.53" y="198.35" angle="90.00" type="DEFAULT_VEHTYPE" speed="13.03" pos="35.78" lane="2/1to3/1_0" slope="0.00"/>
        <vehicle id="3" x="201.65" y="495.89" angle="180.00" type="DEFAULT_VEHTYPE" speed="12.91" pos="91.14" lane="1/2to1/3_0" slope="0.00"/>
        <vehicle id="32" x="198.35" y="7.85" angle="0.00" type="DEFAULT_VEHTYPE" speed="13.30" pos="187.40" lane="1/1to1/0_0" slope="0.00"/>
        <vehicle id="37" x="273.70" y="401.65" angle="-90.00" type="DEFAULT_VEHTYPE" speed="13.38" pos="121.55" lane="2/2to1/2_0" slope="0.00"/>
        <vehicle id="38" x="401.65" y="620.33" angle="180.00" type="DEFAULT_VEHTYPE" speed="10.29" pos="15.58" lane="2/3to2/4_0" slope="0.00"/>
        <vehicle id="4" x="384.55" y="401.65" angle="-90.00" type="DEFAULT_VEHTYPE" speed="10.53" pos="10.70" lane="2/2to1/2_0" slope="0.00"/>
        <vehicle id="41" x="398.35" y="662.47" angle="0.00" type="DEFAULT_VEHTYPE" speed="12.70" pos="137.53" lane="2/4to2/3_0" slope="0.00"/>
        <vehicle id="42" x="449.87" y="401.65" angle="-90.00" type="DEFAULT_VEHTYPE" speed="13.30" pos="145.38" lane="3/2to2/2_0" slope="0.00"/>
        <vehicle id="43" x="365.55" y="598.35" angle="90.00" type="DEFAULT_VEHTYPE" speed="12.88" pos="160.80" lane="1/3to2/3_0" slope="0.00"/>
        <vehicle id="44" x="198.35" y="290.28" angle="0.00" type="DEFAULT_VEHTYPE" speed="13.49" pos="104.97" lane="1/2to1/1_0" slope="0.00"/>
        <vehicle id="46" x="183.25" y="398.35" angle="90.00" type="DEFAULT_VEHTYPE" speed="2.68" pos="183.25" lane="0/2to1/2_0" slope="0.00"/>
        <vehicle id="47" x="398.35" y="766.55" angle="0.00" type="DEFAULT_VEHTYPE" speed="13.86" pos="33.45" lane="2/4to2/3_0" slope="0.00"/>
        <vehicle id="49" x="398.35" y="477.65" angle="0.00" type="DEFAULT_VEHTYPE" speed="13.57" pos="117.60" lane="2/3to2/2_0" slope="0.00"/>
        <vehicle id="6" x="398.35" y="436.30" angle="0.00" type="DEFAULT_VEHTYPE" speed="13.63" pos="158.95" lane="2/3to2/2_0" slope="0.00"/>
    </timestep>
    <timestep time="309.00">
        <vehicle id="1" x="401.65" y="673.98" angle="180.00" type="DEFAULT_VEHTYPE" speed="13.88" pos="69.23" lane="2/3to2/4_0" slope="0.00"/>
        <vehicle id="11" x="192.74" y="398.35" angle="90.00" type="DEFAULT_VEHTYPE" speed="0.00" pos="192.74" lane="0/2to1/2_0" slope="0.00"/>
        <vehicle id="13" x="577.17" y="198.35" angle="90.00" type="DEFAULT_VEHTYPE" speed="11.27" pos="172.42" lane="2/1to3/1_0" slope="0.00"/>
        <vehicle id="17" x="201.65" y="296.67" angle="180.00" type="DEFAULT_VEHTYPE" speed="12.67" pos="91.92" lane="1/1to1/2_0" slope="0.00"/>
        <vehicle id="2" x="601.65" y="339.85" angle="180.00" type="DEFAULT_VEHTYPE" speed="12.83" pos="135.10" lane="3/1to3/2_0" slope="0.00"/>
        <vehicle id="21" x="210.88" y="401.65" angle="-90.00" type="DEFAULT_VEHTYPE" speed="4.63" pos="184.37" lane="2/2to1/2_0" slope="0.00"/>
        <vehicle id="23" x="398.35" y="683.28" angle="0.00" type="DEFAULT_VEHTYPE" speed="13.16" pos="116.72" lane="2/4to2/3_0" slope="0.00"/>
        <vehicle id="25" x="398.35" y="311.37" angle="0.00" type="DEFAULT_VEHTYPE" speed="13.11" pos="83.88" lane="2/2to2/1_0" slope="0.00"/>
        <vehicle id="27" x="142.71" y="401.65" angle="-90.00" type="DEFAULT_VEHTYPE" speed="13.58" pos="52.54" lane="1/2to0/2_0" slope="0.00"/>
        <vehicle id="29" x="453.77" y="198.35" angle="90.00" type="DEFAULT_VEHTYPE" speed="13.24" pos="49.02" lane="2/1to3/1_0" slope="0.00"/>
        <vehicle id="3" x="201.65" y="508.89" angle="180.00" type="DEFAULT_VEHTYPE" speed="13.00" pos="104.14" lane="1/2to1/3_0" slope="0.00"/>
        <vehicle id="32" x="201.65" y="0.47" angle="102.74" type="DEFAULT_VEHTYPE" speed="13.14" pos="0.47" lane="1/0to1/1_0" slope="0.00"/>
        <vehicle id="37" x="260.31" y="401.65" angle="-90.00" type="DEFAULT_VEHTYPE" speed="13.39" pos="134.94" lane="2/2to1/2_0" slope="0.00"/>
        <vehicle id="38" x="401.65" y="632.30" angle="180.00" type="DEFAULT_VEHTYPE" speed="11.97" pos="27.55" lane="2/3to2/4_0" slope="0.00"/>
        <vehicle id="4" x="371.48" y="401.65" angle="-90.00" type="DEFAULT_VEHTYPE" speed="13.07" pos="23.77" lane="2/2to1/2_0" slope="0.00"/>
        <vehicle id="41" x="398.35" y="649.68" angle="0.00" type="DEFAULT_VEHTYPE" speed="12.79" pos="150.32" lane="2/4to2/3_0" slope="0.00"/>
        <vehicle id="42" x="436.01" y="401.65" angle="-90.00" type="DEFAULT_VEHTYPE" speed="13.85" pos="159.24" lane="3/2to2/2_0" slope="0.00"/>
        <vehicle id="43" x="377.10" y="598.35" angle="90.00" type="DEFAULT_VEHTYPE" speed="11.55" pos="172.35" lane="1/3to2/3_0" slope="0.00"/>
        <vehicle id="44" x="198.35" y="277.49" angle="0.00" type="DEFAULT_VEHTYPE" speed="12.79" pos="117.76" lane="1/2to1/1_0" slope="0.00"/>
        <vehicle id="46" x="184.27" y="398.35" angle="90.00" type="DEFAULT_VEHTYPE" speed="1.01" pos="184.27" lane="0/2to1/2_0" slope="0.00"/>
        <vehicle id="47" x="398.35" y="753.10" angle="0.00" type="DEFAULT_VEHTYPE" speed="13.45" pos="46.90" lane="2/4to2/3_0" slope="0.00"/>
        <vehicle id="49" x="398.35" y="464.97" angle="0.00" type="DEFAULT_VEHTYPE" speed="12.68" pos="130.28" lane="2/3to2/2_0" slope="0.00"/>
        <vehicle id="6" x="398.35" y="423.05" angle="0.00" type="DEFAULT_VEHTYPE" speed="13.25" pos="172.20" lane="2/3to2/2_0" slope="0.00"/>
    </timestep>
    <timestep time="310.00">
        <vehicle id="1" x="401.65" y="687.69" angle="180.00" type="DEFAULT_VEHTYPE" speed="13.71" pos="82.94" lane="2/3to2/4_0" slope="0.00"/>
        <vehicle id="11" x="192.74" y="398.35" angle="90.00" type="DEFAULT_VEHTYPE" speed="0.00" pos="192.74" lane="0/2to1/2_0" slope="0.00"/>
        <vehicle id="13" x="585.05" y="198.35" angle="90.00" type="DEFAULT_VEHTYPE" speed="7.88" pos="180.30" lane="2/1to3/1_0" slope="0.00"/>
        <vehicle id="17" x="201.65" y="310.51" angle="180.00" type="DEFAULT_VEHTYPE" speed="13.84" pos="105.76" lane="1/1to1/2_0" slope="0.00"/>
        <vehicle id="2" x="601.65" y="352.79" angle="180.00" type="DEFAULT_VEHTYPE" speed="12.94" pos="148.04" lane="3/1to3/2_0" slope="0.00"/>
        <vehicle id="21" x="204.24" y="401.65" angle="-90.00" type="DEFAULT_VEHTYPE" speed="6.64" pos="0.51" lane=":1/2_5_0" slope="0.00"/>
        <vehicle id="23" x="398.35" y="670.58" angle="0.00" type="DEFAULT_VEHTYPE" speed="12.69" pos="129.42" lane="2/4to2/3_0" slope="0.00"/>
        <vehicle id="25" x="398.35" y="298.05" angle="0.00" type="DEFAULT_VEHTYPE" speed="13.32" pos="97.20" lane="2/2to2/1_0" slope="0.00"/>
        <vehicle id="27" x="129.02" y="401.65" angle="-90.00" type="DEFAULT_VEHTYPE" speed="13.69" pos="66.23" lane="1/2to0/2_0" slope="0.00"/>
        <vehicle id="29" x="467.04" y="198.35" angle="90.00" type="DEFAULT_VEHTYPE" speed="13.28" pos="62.29" lane="2/1to3/1_0" slope="0.00"/>
        <vehicle id="3" x="201.65" y="521.50" angle="180.00" type="DEFAULT_VEHTYPE" speed="12.62" pos="116.75" lane="1/2to1/3_0" slope="0.00"/>
        <vehicle id="32" x="201.65" y="14.08" angle="180.00" type="DEFAULT_VEHTYPE" speed="13.61" pos="14.08" lane="1/0to1/1_0" slope="0.00"/>
        <vehicle id="37" x="246.42" y="401.65" angle="-90.00" type="DEFAULT_VEHTYPE" speed="13.89" pos="148.83" lane="2/2to1/2_0" slope="0.00"/>
        <vehicle id="38" x="401.65" y="645.43" angle="180.00" type="DEFAULT_VEHTYPE" speed="13.13" pos="40.68" lane="2/3to2/4_0" slope="0.00"/>
        <vehicle id="4" x="357.97" y="401.65" angle="-90.00" type="DEFAULT_VEHTYPE" speed="13.51" pos="37.28" lane="2/2to1/2_0" slope="0.00"/>
        <vehicle id="41" x="398.35" y="636.93" angle="0.00" type="DEFAULT_VEHTYPE" speed="12.75" pos="163.07" lane="2/4to2/3_0" slope="0.00"/>
        <vehicle id="42" x="424.96" y="401.65" angle="-90.00" type="DEFAULT_VEHTYPE" speed="11.06" pos="170.29" lane="3/2to2/2_0" slope="0.00"/>
        <vehicle id="43" x="385.08" y="598.35" angle="90.00" type="DEFAULT_VEHTYPE" speed="7.98" pos="180.33" lane="1/3to2/3_0" slope="0.00"/>
        <vehicle id="44" x="198.35" y="264.17" angle="0.00" type="DEFAULT_VEHTYPE" speed="13.32" pos="131.08" lane="1/2to1/1_0" slope="0.00"/>
        <vehicle id="46" x="184.91" y="398.35" angle="90.00" type="DEFAULT_VEHTYPE" speed="0.64" pos="184.91" lane="0/2to1/2_0" slope="0.00"/>
        <vehicle id="47" x="398.35" y="740.23" angle="0.00" type="DEFAULT_VEHTYPE" speed="12.86" pos="59.77" lane="2/4to2/3_0" slope="0.00"/>
        <vehicle id="49" x="398.35" y="451.36" angle="0.00" type="DEFAULT_VEHTYPE" speed="13.61" pos="143.89" lane="2/3to2/2_0" slope="0.00"/>
        <vehicle id="6" x="398.35" y="410.27" angle="0.00" type="DEFAULT_VEHTYPE" speed="12.78" pos="184.98" lane="2/3to2/2_0" slope="0.00"/>
    </timestep>
    <timestep time="311.00">
        <vehicle id="1" x="401.65" y="700.87" angle="180.00" type="DEFAULT_VEHTYPE" speed="13.18" pos="96.12" lane="2/3to2/4_0" slope="0.00"/>
        <vehicle id="11" x="192.74" y="398.35" angle="90.00" type="DEFAULT_VEHTYPE" speed="0.00" pos="192.74" lane="0/2to1/2_0" slope="0.00"/>
        <vehicle id="13" x="589.32" y="198.35" angle="90.00" type="DEFAULT_VEHTYPE" speed="4.27" pos="184.57" lane="2/1to3/1_0" slope="0.00"/>
        <vehicle id="17" x="201.65" y="323.62" angle="180.00" type="DEFAULT_VEHTYPE" speed="13.11" pos="118.87" lane="1/1to1/2_0" slope="0.00"/>
        <vehicle id="2" x="601.65" y="366.47" angle="180.00" type="DEFAULT_VEHTYPE" speed="13.68" pos="161.72" lane="3/1to3/2_0" slope="0.00"/>
        <vehicle id="21" x="195.37" y="401.65" angle="-90.00" type="DEFAULT_VEHTYPE" speed="8.88" pos="9.38" lane=":1/2_5_0" slope="0.00"/>
        <vehicle id="23" x="398.35" y="657.78" angle="0.00" type="DEFAULT_VEHTYPE" speed="12.80" pos="142.22" lane="2/4to2/3_0" slope="0.00"/>
        <vehicle id="25" x="398.35" y="284.53" angle="0.00" type="DEFAULT_VEHTYPE" speed="13.52" pos="110.72" lane="2/2to2/1_0" slope="0.00"/>
        <vehicle id="27" x="116.25" y="401.65" angle="-90.00" type="DEFAULT_VEHTYPE" speed="12.77" pos="79.00" lane="1/2to0/2_0" slope="0.00"/>
        <vehicle id="29" x="480.48" y="198.35" angle="90.00" type="DEFAULT_VEHTYPE" speed="13.44" pos="75.73" lane="2/1to3/1_0" slope="0.00"/>
        <vehicle id="3" x="201.65" y="535.03" angle="180.00" type="DEFAULT_VEHTYPE" speed="13.52" pos="130.28" lane="1/2to1/3_0" slope="0.00"/>
        <vehicle id="32" x="201.65" y="27.03" angle="180.00" type="DEFAULT_VEHTYPE" speed="12.95" pos="27.03" lane="1/0to1/1_0" slope="0.00"/>
        <vehicle id="37" x="232.61" y="401.65" angle="-90.00" type="DEFAULT_VEHTYPE" speed="13.81" pos="162.64" lane="2/2to1/2_0" slope="0.00"/>
        <vehicle id="38" x="401.65" y="658.81" angle="180.00" type="DEFAULT_VEHTYPE" speed="13.38" pos="54.06" lane="2/3to2/4_0" slope="0.00"/>
        <vehicle id="4" x="344.88" y="401.65" angle="-90.00" type="DEFAULT_VEHTYPE" speed="13.09" pos="50.37" lane="2/2to1/2_0" slope="0.00"/>
        <vehicle id="41" x="398.35" y="623.38" angle="0.00" type="DEFAULT_VEHTYPE" speed="13.55" pos="176.62" lane="2/4to2/3_0" slope="0.00"/>
        <vehicle id="42" x="417.23" y="401.65" angle="-90.00" type="DEFAULT_VEHTYPE" speed="7.72" pos="178.02" lane="3/2to2/2_0" slope="0.00"/>
        <vehicle id="43" x="389.87" y="598.35" angle="90.00" type="DEFAULT_VEHTYPE" speed="4.80" pos="185.12" lane="1/3to2/3_0" slope="0.00"/>
        <vehicle id="44" x="198.35" y="250.97" angle="0.00" type="DEFAULT_VEHTYPE" speed="13.20" pos="144.28" lane="1/2to1/1_0" slope="0.00"/>
        <vehicle id="46" x="185.10" y="398.35" angle="90.00" type="DEFAULT_VEHTYPE" speed="0.20" pos="185.10" lane="0/2to1/2_0" slope="0.00"/>
        <vehicle id="47" x="398.35" y="727.53" angle="0.00" type="DEFAULT_VEHTYPE" speed="12.71" pos="72.47" lane="2/4to2/3_0" slope="0.00"/>
        <vehicle id="49" x="398.35" y="437.99" angle="0.00" type="DEFAULT_VEHTYPE" speed="13.37" pos="157.26" lane="2/3to2/2_0" slope="0.00"/>
        <vehicle id="6" x="398.35" y="396.55" angle="0.00" type="DEFAULT_VEHTYPE" speed="13.72" pos="8.20" lane=":2/2_1_0" slope="0.00"/>
    </timestep>
    <timestep time="312.00">
        <vehicle id="1" x="401.65" y="714.39" angle="180.00" type="DEFAULT_VEHTYPE" speed="13.53" pos="109.64" lane="2/3to2/4_0" slope="0.00"/>
        <vehicle id="11" x="194.33" y="398.35" angle="90.00" type="DEFAULT_VEHTYPE" speed="1.59" pos="194.33" lane="0/2to1/2_0" slope="0.00"/>
        <vehicle id="13" x="595.98" y="198.45" angle="91.20" type="DEFAULT_VEHTYPE" speed="6.67" pos="0.74" lane=":3/1_14_0" slope="0.00"/>
        <vehicle id="17" x="201.65" y="337.08" angle="180.00" type="DEFAULT_VEHTYPE" speed="13.46" pos="132.33" lane="1/1to1/2_0" slope="0.00"/>
        <vehicle id="2" x="601.65" y="379.44" angle="180.00" type="DEFAULT_VEHTYPE" speed="12.98" pos="174.69" lane="3/1to3/2_0" slope="0.00"/>
        <vehicle id="21" x="185.01" y="401.65" angle="-90.00" type="DEFAULT_VEHTYPE" speed="10.36" pos="10.24" lane="1/2to0/2_0" slope="0.00"/>
        <vehicle id="23" x="398.35" y="644.02" angle="0.00" type="DEFAULT_VEHTYPE" speed="13.76" pos="155.98" lane="2/4to2/3_0" slope="0.00"/>
        <vehicle id="25" x="398.35" y="270.99" angle="0.00" type="DEFAULT_VEHTYPE" speed="13.54" pos="124.26" lane="2/2to2/1_0" slope="0.00"/>
        <vehicle id="27" x="103.46" y="401.65" angle="-90.00" type="DEFAULT_VEHTYPE" speed="12.79" pos="91.79" lane="1/2to0/2_0" slope="0.00"/>
        <vehicle id="29" x="494.07" y="198.35" angle="90.00" type="DEFAULT_VEHTYPE" speed="13.58" pos="89.32" lane="2/1to3/1_0" slope="0.00"/>
        <vehicle id="3" x="201.65" y="548.88" angle="180.00" type="DEFAULT_VEHTYPE" speed="13.86" pos="144.13" lane="1/2to1/3_0" slope="0.00"/>
        <vehicle id="32" x="201.65" y="39.65" angle="180.00" type="DEFAULT_VEHTYPE" speed="12.62" pos="39.65" lane="1/0to1/1_0" slope="0.00"/>
        <vehicle id="37" x="221.87" y="401.65" angle="-90.00" type="DEFAULT_VEHTYPE" speed="10.74" pos="173.38" lane="2/2to1/2_0" slope="0.00"/>
        <vehicle id="38" x="401.65" y="671.54" angle="180.00" type="DEFAULT_VEHTYPE" speed="12.73" pos="66.79" lane="2/3to2/4_0" slope="0.00"/>
        <vehicle id="4" x="331.08" y="401.65" angle="-90.00" type="DEFAULT_VEHTYPE" speed="13.79" pos="64.17" lane="2/2to1/2_0" slope="0.00"/>
        <vehicle id="41" x="398.35" y="610.43" angle="0.00" type="DEFAULT_VEHTYPE" speed="12.95" pos="189.57" lane="2/4to2/3_0" slope="0.00"/>
        <vehicle id="42" x="411.31" y="401.65" angle="-90.00" type="DEFAULT_VEHTYPE" speed="5.92" pos="183.94" lane="3/2to2/2_0" slope="0.00"/>
        <vehicle id="43" x="391.94" y="598.35" angle="90.00" type="DEFAULT_VEHTYPE" speed="2.06" pos="187.19" lane="1/3to2/3_0" slope="0.00"/>
        <vehicle id="44" x="198.35" y="238.22" angle="0.00" type="DEFAULT_VEHTYPE" speed="12.76" pos="157.03" lane="1/2to1/1_0" slope="0.00"/>
        <vehicle id="46" x="185.24" y="398.35" angle="90.00" type="DEFAULT_VEHTYPE" speed="0.14" pos="185.24" lane="0/2to1/2_0" slope="0.00"/>
        <vehicle id="47" x="398.35" y="714.87" angle="0.00" type="DEFAULT_VEHTYPE" speed="12.66" pos="85.13" lane="2/4to2/3_0" slope="0.00"/>
        <vehicle id="49" x="398.35" y="425.37" angle="0.00" type="DEFAULT_VEHTYPE" speed="12.62" pos="169.88" lane="2/3to2/2_0" slope="0.00"/>
        <vehicle id="6" x="398.35" y="382.76" angle="0.00" type="DEFAULT_VEHTYPE" speed="13.78" pos="12.49" lane="2/2to2/1_0" slope="0.00"/>
    </timestep>
    <timestep time="313.00">
        <vehicle id="1" x="401.65" y="728.02" angle="180.00" type="DEFAULT_VEHTYPE" speed="13.63" pos="123.27" lane="2/3to2/4_0" slope="0.00"/>
        <vehicle id="11" x="197.82" y="398.72" angle="94.22" type="DEFAULT_VEHTYPE" speed="3.51" pos="2.59" lane=":1/2_14_0" slope="0.00"/>
        <vehicle id="13" x="601.57" y="204.18" angle="157.07" type="DEFAULT_VEHTYPE" speed="9.00" pos="9.74" lane=":3/1_14_0" slope="0.00"/>
        <vehicle id="17" x="201.65" y="350.41" angle="180.00" type="DEFAULT_VEHTYPE" speed="13.34" pos="145.66" lane="1/1to1/2_0" slope="0.00"/>
        <vehicle id="2" x="601.65" y="392.65" angle="180.00" type="DEFAULT_VEHTYPE" speed="13.21" pos="187.90" lane="3/1to3/2_0" slope="0.00"/>
        <vehicle id="21" x="173.34" y="401.65" angle="-90.00" type="DEFAULT_VEHTYPE" speed="11.66" pos="21.91" lane="1/2to0/2_0" slope="0.00"/>
        <vehicle id="23" x="398.35" y="631.22" angle="0.00" type="DEFAULT_VEHTYPE" speed="12.80" pos="168.78" lane="2/4to2/3_0" slope="0.00"/>
        <vehicle id="25" x="398.35" y="257.24" angle="0.00" type="DEFAULT_VEHTYPE" speed="13.75" pos="138.01" lane="2/2to2/1_0" slope="0.00"/>
        <vehicle id="27" x="90.00" y="401.65" angle="-90.00" type="DEFAULT_VEHTYPE" speed="13.46" pos="105.25" lane="1/2to0/2_0" slope="0.00"/>
        <vehicle id="29" x="507.58" y="198.35" angle="90.00" type="DEFAULT_VEHTYPE" speed="13.52" pos="102.83" lane="2/1to3/1_0" slope="0.00"/>
        <vehicle id="3" x="201.65" y="561.64" angle="180.00" type="DEFAULT_VEHTYPE" speed="12.75" pos="156.89" lane="1/2to1/3_0" slope="0.00"/>
        <vehicle id="32" x="201.65" y="52.85" angle="180.00" type="DEFAULT_VEHTYPE" speed="13.20" pos="52.85" lane="1/0to1/1_0" slope="0.00"/>
        <vehicle id="37" x="214.71" y="401.65" angle="-90.00" type="DEFAULT_VEHTYPE" speed="7.16" pos="180.54" lane="2/2to1/2_0" slope="0.00"/>
        <vehicle id="38" x="401.65" y="685.41" angle="180.00" type="DEFAULT_VEHTYPE" speed="13.87" pos="80.66" lane="2/3to2/4_0" slope="0.00"/>
        <vehicle id="4" x="318.14" y="401.65" angle="-90.00" type="DEFAULT_VEHTYPE" speed="12.94" pos="77.11" lane="2/2to1/2_0" slope="0.00"/>
        <vehicle id="41" x="398.35" y="596.78" angle="0.00" type="DEFAULT_VEHTYPE" speed="13.65" pos="7.97" lane=":2/3_1_0" slope="0.00"/>
        <vehicle id="42" x="408.85" y="401.65" angle="-90.00" type="DEFAULT_VEHTYPE" speed="2.46" pos="186.40" lane="3/2to2/2_0" slope="0.00"/>
        <vehicle id="43" x="392.59" y="598.35" angle="90.00" type="DEFAULT_VEHTYPE" speed="0.66" pos="187.84" lane="1/3to2/3_0" slope="0.00"/>
        <vehicle id="44" x="198.35" y="225.61" angle="0.00" type="DEFAULT_VEHTYPE" speed="12.61" pos="169.64" lane="1/2to1/1_0" slope="0.00"/>
        <vehicle id="46" x="186.31" y="398.35" angle="90.00" type="DEFAULT_VEHTYPE" speed="1.08" pos="186.31" lane="0/2to1/2_0" slope="0.00"/>
        <vehicle id="47" x="398.35" y="701.74" angle="0.00" type="DEFAULT_VEHTYPE" speed="13.12" pos="98.26" lane="2/4to2/3_0" slope="0.00"/>
        <vehicle id="49" x="398.35" y="411.84" angle="0.00" type="DEFAULT_VEHTYPE" speed="13.53" pos="183.41" lane="2/3to2/2_0" slope="0.00"/>
        <vehicle id="6" x="398.35" y="370.01" angle="0.00" type="DEFAULT_VEHTYPE" speed="12.76" pos="25.24" lane="2/2to2/1_0" slope="0.00"/>
    </timestep>
    <timestep time="314.00">
        <vehicle id="1" x="401.65" y="740.65" angle="180.00" type="DEFAULT_VEHTYPE" speed="12.63" pos="135.90" lane="2/3to2/4_0" slope="0.00"/>
        <vehicle id="11" x="201.31" y="402.35" angle="138.11" type="DEFAULT_VEHTYPE" speed="5.30" pos="7.90" lane=":1/2_14_0" slope="0.00"/>
        <vehicle id="13" x="601.65" y="215.62" angle="180.00" type="DEFAULT_VEHTYPE" speed="11.45" pos="10.87" lane="3/1to3/2_0" slope="0.00"/>
        <vehicle id="17" x="201.65" y="363.95" angle="180.00" type="DEFAULT_VEHTYPE" speed="13.54" pos="159.20" lane="1/1to1/2_0" slope="0.00"/>
        <vehicle id="2" x="601.65" y="406.49" angle="180.00" type="DEFAULT_VEHTYPE" speed="13.84" pos="1.74" lane="3/2to3/3_0" slope="0.00"/>
        <vehicle id="21" x="159.78" y="401.65" angle="-90.00" type="DEFAULT_VEHTYPE" speed="13.56" pos="35.47" lane="1/2to0/2_0" slope="0.00"/>
        <vehicle id="23" x="398.35" y="617.88" angle="0.00" type="DEFAULT_VEHTYPE" speed="13.35" pos="182.12" lane="2/4to2/3_0" slope="0.00"/>
        <vehicle id="25" x="398.35" y="243.50" angle="0.00" type="DEFAULT_VEHTYPE" speed="13.74" pos="151.75" lane="2/2to2/1_0" slope="0.00"/>
        <vehicle id="27" x="77.30" y="401.65" angle="-90.00" type="DEFAULT_VEHTYPE" speed="12.70" pos="117.95" lane="1/2to0/2_0" slope="0.00"/>
        <vehicle id="29" x="521.05" y="198.35" angle="90.00" type="DEFAULT_VEHTYPE" speed="13.47" pos="116.30" lane="2/1to3/1_0" slope="0.00"/>
        <vehicle id="3" x="201.65" y="575.52" angle="180.00" type="DEFAULT_VEHTYPE" speed="13.88" pos="170.77" lane="1/2to1/3_0" slope="0.00"/>
        <vehicle id="32" x="201.65" y="66.39" angle="180.00" type="DEFAULT_VEHTYPE" speed="13.54" pos="66.39" lane="1/0to1/1_0" slope="0.00"/>
        <vehicle id="37" x="210.75" y="401.65" angle="-90.00" type="DEFAULT_VEHTYPE" speed="3.96" pos="184.50" lane="2/2to1/2_0" slope="0.00"/>
        <vehicle id="38" x="401.65" y="698.62" angle="180.00" type="DEFAULT_VEHTYPE" speed="13.21" pos="93.87" lane="2/3to2/4_0" slope="0.00"/>
        <vehicle id="4" x="305.27" y="401.65" angle="-90.00" type="DEFAULT_VEHTYPE" speed="12.87" pos="89.98" lane="2/2to1/2_0" slope="0.00"/>
        <vehicle id="41" x="398.35" y="583.07" angle="0.00" type="DEFAULT_VEHTYPE" speed="13.70" pos="12.18" lane="2/3to2/2_0" slope="0.00"/>
        <vehicle id="42" x="407.56" y="401.65" angle="-90.00" type="DEFAULT_VEHTYPE" speed="1.29" pos="187.69" lane="3/2to2/2_0" slope="0.00"/>
        <vehicle id="43" x="392.69" y="598.35" angle="90.00" type="DEFAULT_VEHTYPE" speed="0.09" pos="187.94" lane="1/3to2/3_0" slope="0.00"/>
        <vehicle id="44" x="198.35" y="212.25" angle="0.00" type="DEFAULT_VEHTYPE" speed="13.36" pos="183.00" lane="1/2to1/1_0" slope="0.00"/>
        <vehicle id="46" x="188.26" y="398.35" angle="90.00" type="DEFAULT_VEHTYPE" speed="1.95" pos="188.26" lane="0/2to1/2_0" slope="0.00"/>
        <vehicle id="47" x="398.35" y="687.92" angle="0.00" type="DEFAULT_VEHTYPE" speed="13.82" pos="112.08" lane="2/4to2/3_0" slope="0.00"/>
        <vehicle id="49" x="394.26" y="401.65" angle="-61.72" type="DEFAULT_VEHTYPE" speed="13.08" pos="0.99" lane="2/2to1/2_0" slope="0.00"/>
        <vehicle id="6" x="398.35" y="356.77" angle="0.00" type="DEFAULT_VEHTYPE" speed="13.23" pos="38.48" lane="2/2to2/1_0" slope="0.00"/>
    </timestep>
    <timestep time="315.00">
        <vehicle id="1" x="401.65" y="753.30" angle="180.00" type="DEFAULT_VEHTYPE" speed="12.65" pos="148.55" lane="2/3to2/4_0" slope="0.00"/>
        <vehicle id="11" x="201.65" y="409.12" angle="178.98" type="DEFAULT_VEHTYPE" speed="6.79" pos="4.37" lane="1/2to1/3_0" slope="0.00"/>
        <vehicle id="13" x="601.65" y="228.22" angle="180.00" type="DEFAULT_VEHTYPE" speed="12.60" pos="23.47" lane="3/1to3/2_0" slope="0.00"/>
        <vehicle id="17" x="201.65" y="376.75" angle="180.00" type="DEFAULT_VEHTYPE" speed="12.80" pos="172.00" lane="1/1to1/2_0" slope="0.00"/>
        <vehicle id="2" x="601.65" y="419.95" angle="180.00" type="DEFAULT_VEHTYPE" speed="13.46" pos="15.20" lane="3/2to3/3_0" slope="0.00"/>
        <vehicle id="21" x="146.91" y="401.65" angle="-90.00" type="DEFAULT_VEHTYPE" speed="12.87" pos="48.34" lane="1/2to0/2_0" slope="0.00"/>
        <vehicle id="23" x="398.35" y="604.10" angle="0.00" type="DEFAULT_VEHTYPE" speed="13.77" pos="0.65" lane=":2/3_1_0" slope="0.00"/>
        <vehicle id="25" x="398.35" y="230.48" angle="0.00" type="DEFAULT_VEHTYPE" speed="13.02" pos="164.77" lane="2/2to2/1_0" slope="0.00"/>
        <vehicle id="27" x="63.91" y="401.65" angle="-90.00" type="DEFAULT_VEHTYPE" speed="13.39" pos="131.34" lane="1/2to0/2_0" slope="0.00"/>
        <vehicle id="29" x="534.48" y="198.35" angle="90.00" type="DEFAULT_VEHTYPE" speed="13.42" pos="129.73" lane="2/1to3/1_0" slope="0.00"/>
        <vehicle id="3" x="201.65" y="589.22" angle="180.00" type="DEFAULT_VEHTYPE" speed="13.70" pos="184.47" lane="1/2to1/3_0" slope="0.00"/>
        <vehicle id="32" x="201.65" y="79.73" angle="180.00" type="DEFAULT_VEHTYPE" speed="13.35" pos="79.73" lane="1/0to1/1_0" slope="0.00"/>
        <vehicle id="37" x="208.41" y="401.65" angle="-90.00" type="DEFAULT_VEHTYPE" speed="2.34" pos="186.84" lane="2/2to1/2_0" slope="0.00"/>
        <vehicle id="38" x="401.65" y="711.28" angle="180.00" type="DEFAULT_VEHTYPE" speed="12.66" pos="106.53" lane="2/3to2/4_0" slope="0.00"/>
        <vehicle id="4" x="291.38" y="401.65" angle="-90.00" type="DEFAULT_VEHTYPE" speed="13.89" pos="103.87" lane="2/2to1/2_0" slope="0.00"/>
        <vehicle id="41" x="398.35" y="569.28" angle="0.00" type="DEFAULT_VEHTYPE" speed="13.79" pos="25.97" lane="2/3to2/2_0" slope="0.00"/>
        <vehicle id="42" x="407.33" y="401.65" angle="-90.00" type="DEFAULT_VEHTYPE" speed="0.24" pos="187.92" lane="3/2to2/2_0" slope="0.00"/>
        <vehicle id="43" x="392.74" y="598.35" angle="90.00" type="DEFAULT_VEHTYPE" speed="0.05" pos="187.99" lane="1/3to2/3_0" slope="0.00"/>
        <vehicle id="44" x="194.19" y="201.65" angle="-62.87" type="DEFAULT_VEHTYPE" speed="13.55" pos="1.06" lane="1/1to0/1_0" slope="0.00"/>
        <vehicle id="46" x="191.10" y="398.35" angle="90.00" type="DEFAULT_VEHTYPE" speed="2.84" pos="191.10" lane="0/2to1/2_0" slope="0.00"/>
        <vehicle id="47" x="398.35" y="674.77" angle="0.00" type="DEFAULT_VEHTYPE" speed="13.15" pos="125.23" lane="2/4to2/3_0" slope="0.00"/>
        <vehicle id="49" x="381.37" y="401.65" angle="-90.00" type="DEFAULT_VEHTYPE" speed="12.90" pos="13.88" lane="2/2to1/2_0" slope="0.00"/>
        <vehicle id="6" x="398.35" y="343.65" angle="0.00" type="DEFAULT_VEHTYPE" speed="13.12" pos="51.60" lane="2/2to2/1_0" slope="0.00"/>
    </timestep>
    <timestep time="316.00">
        <vehicle id="1" x="401.65" y="766.15" angle="180.00" type="DEFAULT_VEHTYPE" speed="12.85" pos="161.40" lane="2/3to2/4_0" slope="0.00"/>
        <vehicle id="11" x="201.65" y="418.15" angle="180.00" type="DEFAULT_VEHTYPE" speed="9.03" pos="13.40" lane="1/2to1/3_0" slope="0.00"/>
        <vehicle id="13" x="601.65" y="241.67" angle="180.00" type="DEFAULT_VEHTYPE" speed="13.45" pos="36.92" lane="3/1to3/2_0" slope="0.00"/>
        <vehicle id="17" x="201.65" y="389.13" angle="180.00" type="DEFAULT_VEHTYPE" speed="12.38" pos="184.38" lane="1/1to1/2_0" slope="0.00"/>
        <vehicle id="2" x="601.65" y="433.66" angle="180.00" type="DEFAULT_VEHTYPE" speed="13.70" pos="28.91" lane="3/2to3/3_0" slope="0.00"/>
        <vehicle id="21" x="133.22" y="401.65" angle="-90.00" type="DEFAULT_VEHTYPE" speed="13.69" pos="62.03" lane="1/2to0/2_0" slope="0.00"/>
        <vehicle id="23" x="398.35" y="591.03" angle="0.00" type="DEFAULT_VEHTYPE" speed="13.07" pos="4.22" lane="2/3to2/2_0" slope="0.00"/>
        <vehicle id="25" x="398.35" y="217.48" angle="0.00" type="DEFAULT_VEHTYPE" speed="13.00" pos="177.77" lane="2/2to2/1_0" slope="0.00"/>
        <vehicle id="27" x="50.75" y="401.65" angle="-90.00" type="DEFAULT_VEHTYPE" speed="13.16" pos="144.50" lane="1/2to0/2_0" slope="0.00"/>
        <vehicle id="29" x="547.82" y="198.35" angle="90.00" type="DEFAULT_VEHTYPE" speed="13.34" pos="143.07" lane="2/1to3/1_0" slope="0.00"/>
        <vehicle id="3" x="206.56" y="598.35" angle="106.87" type="DEFAULT_VEHTYPE" speed="12.85" pos="1.81" lane="1/3to2/3_0" slope="0.00"/>
        <vehicle id="32" x="201.65" y="93.49" angle="180.00" type="DEFAULT_VEHTYPE" speed="13.75" pos="93.49" lane="1/0to1/1_0" slope="0.00"/>
        <vehicle id="37" x="207.45" y="401.65" angle="-90.00" type="DEFAULT_VEHTYPE" speed="0.97" pos="187.80" lane="2/2to1/2_0" slope="0.00"/>
        <vehicle id="38" x="401.65" y="724.34" angle="180.00" type="DEFAULT_VEHTYPE" speed="13.06" pos="119.59" lane="2/3to2/4_0" slope="0.00"/>
        <vehicle id="4" x="277.72" y="401.65" angle="-90.00" type="DEFAULT_VEHTYPE" speed="13.66" pos="117.53" lane="2/2to1/2_0" slope="0.00"/>
        <vehicle id="41" x="398.35" y="555.82" angle="0.00" type="DEFAULT_VEHTYPE" speed="13.46" pos="39.43" lane="2/3to2/2_0" slope="0.00"/>
        <vehicle id="42" x="404.64" y="401.65" angle="-90.00" type="DEFAULT_VEHTYPE" speed="2.69" pos="0.11" lane=":2/2_5_0" slope="0.00"/>
        <vehicle id="43" x="392.74" y="598.35" angle="90.00" type="DEFAULT_VEHTYPE" speed="0.01" pos="187.99" lane="1/3to2/3_0" slope="0.00"/>
        <vehicle id="44" x="180.43" y="201.65" angle="-90.00" type="DEFAULT_VEHTYPE" speed="13.76" pos="14.82" lane="1/1to0/1_0" slope="0.00"/>
        <vehicle id="46" x="192.45" y="398.35" angle="90.00" type="DEFAULT_VEHTYPE" speed="1.35" pos="192.45" lane="0/2to1/2_0" slope="0.00"/>
        <vehicle id="47" x="398.35" y="661.01" angle="0.00" type="DEFAULT_VEHTYPE" speed="13.75" pos="138.99" lane="2/4to2/3_0" slope="0.00"/>
        <vehicle id="49" x="368.49" y="401.65" angle="-90.00" type="DEFAULT_VEHTYPE" speed="12.88" pos="26.76" lane="2/2to1/2_0" slope="0.00"/>
        <vehicle id="6" x="398.35" y="330.54" angle="0.00" type="DEFAULT_VEHTYPE" speed="13.11" pos="64.71" lane="2/2to2/1_0" slope="0.00"/>
    </timestep>
    <timestep time="317.00">
        <vehicle id="1" x="401.65" y="779.48" angle="180.00" type="DEFAULT_VEHTYPE" speed="13.33" pos="174.73" lane="2/3to2/4_0" slope="0.00"/>
        <vehicle id="11" x="201.65" y="428.64" angle="180.00" type="DEFAULT_VEHTYPE" speed="10.49" pos="23.89" lane="1/2to1/3_0" slope="0.00"/>
        <vehicle id="13" x="601.65" y="255.20" angle="180.00" type="DEFAULT_VEHTYPE" speed="13.53" pos="50.45" lane="3/1to3/2_0" slope="0.00"/>
        <vehicle id="17" x="201.65" y="401.03" angle="180.00" type="DEFAULT_VEHTYPE" speed="11.91" pos="5.78" lane=":1/2_9_0" slope="0.00"/>
        <vehicle id="2" x="601.65" y="447.07" angle="180.00" type="DEFAULT_VEHTYPE" speed="13.42" pos="42.32" lane="3/2to3/3_0" slope="0.00"/>
        <vehicle id="21" x="120.58" y="401.65" angle="-90.00" type="DEFAULT_VEHTYPE" speed="12.64" pos="74.67" lane="1/2to0/2_0" slope="0.00"/>
        <vehicle id="23" x="398.35" y="578.25" angle="0.00" type="DEFAULT_VEHTYPE" speed="12.78" pos="17.00" lane="2/3to2/2_0" slope="0.00"/>
        <vehicle id="25" x="398.35" y="204.66" angle="0.00" type="DEFAULT_VEHTYPE" speed="12.82" pos="0.09" lane=":2/1_1_0" slope="0.00"/>
        <vehicle id="27" x="37.79" y="401.65" angle="-90.00" type="DEFAULT_VEHTYPE" speed="12.95" pos="157.46" lane="1/2to0/2_0" slope="0.00"/>
        <vehicle id="29" x="560.74" y="198.35" angle="90.00" type="DEFAULT_VEHTYPE" speed="12.91" pos="155.99" lane="2/1to3/1_0" slope="0.00"/>
        <vehicle id="3" x="220.07" y="598.35" angle="90.00" type="DEFAULT_VEHTYPE" speed="13.51" pos="15.32" lane="1/3to2/3_0" slope="0.00"/>
        <vehicle id="32" x="201.65" y="107.31" angle="180.00" type="DEFAULT_VEHTYPE" speed="13.83" pos="107.31" lane="1/0to1/1_0" slope="0.00"/>
        <vehicle id="37" x="207.32" y="401.65" angle="-90.00" type="DEFAULT_VEHTYPE" speed="0.13" pos="187.93" lane="2/2to1/2_0" slope="0.00"/>
        <vehicle id="38" x="401.65" y="737.44" angle="180.00" type="DEFAULT_VEHTYPE" speed="13.10" pos="132.69" lane="2/3to2/4_0" slope="0.00"/>
        <vehicle id="4" x="264.97" y="401.65" angle="-90.00" type="DEFAULT_VEHTYPE" speed="12.76" pos="130.28" lane="2/2to1/2_0" slope="0.00"/>
        <vehicle id="41" x="398.35" y="542.76" angle="0.00" type="DEFAULT_VEHTYPE" speed="13.06" pos="52.49" lane="2/3to2/2_0" slope="0.00"/>
        <vehicle id="42" x="400.05" y="401.65" angle="-90.00" type="DEFAULT_VEHTYPE" speed="4.59" pos="4.70" lane=":2/2_5_0" slope="0.00"/>
        <vehicle id="43" x="392.74" y="598.35" angle="90.00" type="DEFAULT_VEHTYPE" speed="0.00" pos="187.99" lane="1/3to2/3_0" slope="0.00"/>
        <vehicle id="44" x="166.55" y="201.65" angle="-90.00" type="DEFAULT_VEHTYPE" speed="13.88" pos="28.70" lane="1/1to0/1_0" slope="0.00"/>
        <vehicle id="46" x="192.71" y="398.35" angle="90.00" type="DEFAULT_VEHTYPE" speed="0.26" pos="192.71" lane="0/2to1/2_0" slope="0.00"/>
        <vehicle id="47" x="398.35" y="647.76" angle="0.00" type="DEFAULT_VEHTYPE" speed="13.25" pos="152.24" lane="2/4to2/3_0" slope="0.00"/>
        <vehicle id="49" x="355.53" y="401.65" angle="-90.00" type="DEFAULT_VEHTYPE" speed="12.96" pos="39.72" lane="2/2to1/2_0" slope="0.00"/>
        <vehicle id="6" x="398.35" y="317.83" angle="0.00" type="DEFAULT_VEHTYPE" speed="12.71" pos="77.42" lane="2/2to2/1_0" slope="0.00"/>
    </timestep>
    <timestep time="318.00">
        <vehicle id="1" x="401.65" y="792.96" angle="180.00" type="DEFAULT_VEHTYPE" speed="13.48" pos="188.21" lane="2/3to2/4_0" slope="0.00"/>
        <vehicle id="11" x="201.65" y="440.91" angle="180.00" type="DEFAULT_VEHTYPE" speed="12.27" pos="36.16" lane="1/2to1/3_0" slope="0.00"/>
        <vehicle id="13" x="601.65" y="268.59" angle="180.00" type="DEFAULT_VEHTYPE" speed="13.39" pos="63.84" lane="3/1to3/2_0" slope="0.00"/>
        <vehicle id="17" x="201.65" y="413.83" angle="180.00" type="DEFAULT_VEHTYPE" speed="12.80" pos="9.08" lane="1/2to1/3_0" slope="0.00"/>
        <vehicle id="2" x="601.65" y="460.47" angle="180.00" type="DEFAULT_VEHTYPE" speed="13.40" pos="55.72" lane="3/2to3/3_0" slope="0.00"/>
        <vehicle id="21" x="107.25" y="401.65" angle="-90.00" type="DEFAULT_VEHTYPE" speed="13.32" pos="88.00" lane="1/2to0/2_0" slope="0.00"/>
        <vehicle id="23" x="398.35" y="564.43" angle="0.00" type="DEFAULT_VEHTYPE" speed="13.82" pos="30.82" lane="2/3to2/2_0" slope="0.00"/>
        <vehicle id="25" x="398.35" y="191.03" angle="0.00" type="DEFAULT_VEHTYPE" speed="13.63" pos="4.22" lane="2/1to2/0_0" slope="0.00"/>
        <vehicle id="27" x="24.36" y="401.65" angle="-90.00" type="DEFAULT_VEHTYPE" speed="13.43" pos="170.89" lane="1/2to0/2_0" slope="0.00"/>
        <vehicle id="29" x="572.76" y="198.35" angle="90.00" type="DEFAULT_VEHTYPE" speed="12.02" pos="168.01" lane="2/1to3/1_0" slope="0.00"/>
        <vehicle id="3" x="233.89" y="598.35" angle="90.00" type="DEFAULT_VEHTYPE" speed="13.82" pos="29.14" lane="1/3to2/3_0" slope="0.00"/>
        <vehicle id="32" x="201.65" y="121.12" angle="180.00" type="DEFAULT_VEHTYPE" speed="13.81" pos="121.12" lane="1/0to1/1_0" slope="0.00"/>
        <vehicle id="37" x="204.99" y="401.65" angle="-90.00" type="DEFAULT_VEHTYPE" speed="2.32" pos="190.26" lane="2/2to1/2_0" slope="0.00"/>
        <vehicle id="38" x="401.65" y="750.62" angle="180.00" type="DEFAULT_VEHTYPE" speed="13.18" pos="145.87" lane="2/3to2/4_0" slope="0.00"/>
        <vehicle id="4" x="251.80" y="401.65" angle="-90.00" type="DEFAULT_VEHTYPE" speed="13.17" pos="143.45" lane="2/2to1/2_0" slope="0.00"/>
        <vehicle id="41" x="398.35" y="529.10" angle="0.00" type="DEFAULT_VEHTYPE" speed="13.66" pos="66.15" lane="2/3to2/2_0" slope="0.00"/>
        <vehicle id="42" x="393.93" y="401.65" angle="-90.00" type="DEFAULT_VEHTYPE" speed="6.12" pos="1.32" lane="2/2to1/2_0" slope="0.00"/>
        <vehicle id="43" x="392.74" y="598.35" angle="90.00" type="DEFAULT_VEHTYPE" speed="0.00" pos="187.99" lane="1/3to2/3_0" slope="0.00"/>
        <vehicle id="44" x="152.72" y="201.65" angle="-90.00" type="DEFAULT_VEHTYPE" speed="13.83" pos="42.53" lane="1/1to0/1_0" slope="0.00"/>
        <vehicle id="46" x="192.74" y="398.35" angle="90.00" type="DEFAULT_VEHTYPE" speed="0.03" pos="192.74" lane="0/2to1/2_0" slope="0.00"/>
        <vehicle id="47" x="398.35" y="634.88" angle="0.00" type="DEFAULT_VEHTYPE" speed="12.88" pos="165.12" lane="2/4to2/3_0" slope="0.00"/>
        <vehicle id="49" x="342.92" y="401.65" angle="-90.00" type="DEFAULT_VEHTYPE" speed="12.61" pos="52.33" lane="2/2to1/2_0" slope="0.00"/>
        <vehicle id="6" x="398.35" y="304.60" angle="0.00" type="DEFAULT_VEHTYPE" speed="13.23" pos="90.65" lane="2/2to2/1_0" slope="0.00"/>
    </timestep>
    <timestep time="319.00">
        <vehicle id="1" x="398.35" y="798.97" angle="-58.31" type="DEFAULT_VEHTYPE" speed="12.90" pos="1.03" lane="2/4to2/3_0" slope="0.00"/>
        <vehicle id="11" x="201.65" y="454.33" angle="180.00" type="DEFAULT_VEHTYPE" speed="13.42" pos="49.58" lane="1/2to1/3_0" slope="0.00"/>
        <vehicle id="13" x="601.65" y="281.46" angle="180.00" type="DEFAULT_VEHTYPE" speed="12.87" pos="76.71" lane="3/1to3/2_0" slope="0.00"/>
        <vehicle id="17" x="201.65" y="426.79" angle="180.00" type="DEFAULT_VEHTYPE" speed="12.96" pos="22.04" lane="1/2to1/3_0" slope="0.00"/>
        <vehicle id="2" x="601.65" y="473.26" angle="180.00" type="DEFAULT_VEHTYPE" speed="12.79" pos="68.51" lane="3/2to3/3_0" slope="0.00"/>
        <vehicle id="21" x="93.94" y="401.65" angle="-90.00" type="DEFAULT_VEHTYPE" speed="13.31" pos="101.31" lane="1/2to0/2_0" slope="0.00"/>
        <vehicle id="23" x="398.35" y="551.44" angle="0.00" type="DEFAULT_VEHTYPE" speed="12.98" pos="43.81" lane="2/3to2/2_0" slope="0.00"/>
        <vehicle id="25" x="398.35" y="178.29" angle="0.00" type="DEFAULT_VEHTYPE" speed="12.74" pos="16.96" lane="2/1to2/0_0" slope="0.00"/>
        <vehicle id="27" x="11.66" y="401.65" angle="-90.00" type="DEFAULT_VEHTYPE" speed="12.71" pos="183.59" lane="1/2to0/2_0" slope="0.00"/>
        <vehicle id="29" x="581.18" y="198.35" angle="90.00" type="DEFAULT_VEHTYPE" speed="8.43" pos="176.43" lane="2/1to3/1_0" slope="0.00"/>
        <vehicle id="3" x="246.53" y="598.35" angle="90.00" type="DEFAULT_VEHTYPE" speed="12.64" pos="41.78" lane="1/3to2/3_0" slope="0.00"/>
        <vehicle id="32" x="201.65" y="133.83" angle="180.00" type="DEFAULT_VEHTYPE" speed="12.71" pos="133.83" lane="1/0to1/1_0" slope="0.00"/>
        <vehicle id="37" x="201.10" y="400.74" angle="-79.32" type="DEFAULT_VEHTYPE" speed="4.07" pos="3.82" lane=":1/2_6_0" slope="0.00"/>
        <vehicle id="38" x="401.65" y="764.23" angle="180.00" type="DEFAULT_VEHTYPE" speed="13.61" pos="159.48" lane="2/3to2/4_0" slope="0.00"/>
        <vehicle id="4" x="238.23" y="401.65" angle="-90.00" type="DEFAULT_VEHTYPE" speed="13.57" pos="157.02" lane="2/2to1/2_0" slope="0.00"/>
        <vehicle id="41" x="398.35" y="516.23" angle="0.00" type="DEFAULT_VEHTYPE" speed="12.87" pos="79.02" lane="2/3to2/2_0" slope="0.00"/>
        <vehicle id="42" x="385.60" y="401.65" angle="-90.00" type="DEFAULT_VEHTYPE" speed="8.33" pos="9.65" lane="2/2to1/2_0" slope="0.00"/>
        <vehicle id="43" x="392.74" y="598.35" angle="90.00" type="DEFAULT_VEHTYPE" speed="0.00" pos="187.99" lane="1/3to2/3_0" slope="0.00"/>
        <vehicle id="44" x="139.09" y="201.65" angle="-90.00" type="DEFAULT_VEHTYPE" speed="13.63" pos="56.16" lane="1/1to0/1_0" slope="0.00"/>
        <vehicle id="46" x="194.13" y="398.35" angle="90.00" type="DEFAULT_VEHTYPE" speed="1.39" pos="194.13" lane="0/2to1/2_0" slope="0.00"/>
        <vehicle id="47" x="398.35" y="621.63" angle="0.00" type="DEFAULT_VEHTYPE" speed="13.25" pos="178.37" lane="2/4to2/3_0" slope="0.00"/>
        <vehicle id="49" x="330.07" y="401.65" angle="-90.00" type="DEFAULT_VEHTYPE" speed="12.85" pos="65.18" lane="2/2to1/2_0" slope="0.00"/>
        <vehicle id="6" x="398.35" y="291.24" angle="0.00" type="DEFAULT_VEHTYPE" speed="13.36" pos="104.01" lane="2/2to2/1_0" slope="0.00"/>
    </timestep>
    <timestep time="320.00">
        <vehicle id="1" x="398.35" y="785.85" angle="0.00" type="DEFAULT_VEHTYPE" speed="13.11" pos="14.15" lane="2/4to2/3_0" slope="0.00"/>
        <vehicle id="11" x="201.65" y="467.90" angle="180.00" type="DEFAULT_VEHTYPE" speed="13.57" pos="63.15" lane="1/2to1/3_0" slope="0.00"/>
        <vehicle id="13" x="601.65" y="294.31" angle="180.00" type="DEFAULT_VEHTYPE" speed="12.85" pos="89.56" lane="3/1to3/2_0" slope="0.00"/>
        <vehicle id="17" x="201.65" y="440.66" angle="180.00" type="DEFAULT_VEHTYPE" speed="13.87" pos="35.91" lane="1/2to1/3_0" slope="0.00"/>
        <vehicle id="2" x="601.65" y="486.01" angle="180.00" type="DEFAULT_VEHTYPE" speed="12.75" pos="81.26" lane="3/2to3/3_0" slope="0.00"/>
        <vehicle id="21" x="80.42" y="401.65" angle="-90.00" type="DEFAULT_VEHTYPE" speed="13.52" pos="114.83" lane="1/2to0/2_0" slope="0.00"/>
        <vehicle id="23" x="398.35" y="538.44" angle="0.00" type="DEFAULT_VEHTYPE" speed="13.00" pos="56.81" lane="2/3to2/2_0" slope="0.00"/>
        <vehicle id="25" x="398.35" y="165.61" angle="0.00" type="DEFAULT_VEHTYPE" speed="12.67" pos="29.64" lane="2/1to2/0_0" slope="0.00"/>
        <vehicle id="27" x="-0.97" y="401.01" angle="-82.43" type="DEFAULT_VEHTYPE" speed="12.81" pos="1.16" lane=":0/2_0_0" slope="0.00"/>
        <vehicle id="29" x="587.72" y="198.35" angle="90.00" type="DEFAULT_VEHTYPE" speed="6.54" pos="182.97" lane="2/1to3/1_0" slope="0.00"/>
        <vehicle id="3" x="259.18" y="598.35" angle="90.00" type="DEFAULT_VEHTYPE" speed="12.66" pos="54.43" lane="1/3to2/3_0" slope="0.00"/>
        <vehicle id="32" x="201.65" y="147.06" angle="180.00" type="DEFAULT_VEHTYPE" speed="13.24" pos="147.06" lane="1/0to1/1_0" slope="0.00"/>
        <vehicle id="37" x="198.46" y="396.01" angle="-24.88" type="DEFAULT_VEHTYPE" speed="5.73" pos="9.55" lane=":1/2_6_0" slope="0.00"/>
        <vehicle id="38" x="401.65" y="777.95" angle="180.00" type="DEFAULT_VEHTYPE" speed="13.72" pos="173.20" lane="2/3to2/4_0" slope="0.00"/>
        <vehicle id="4" x="226.64" y="401.65" angle="-90.00" type="DEFAULT_VEHTYPE" speed="11.58" pos="168.61" lane="2/2to1/2_0" slope="0.00"/>
        <vehicle id="41" x="398.35" y="503.22" angle="0.00" type="DEFAULT_VEHTYPE" speed="13.00" pos="92.03" lane="2/3to2/2_0" slope="0.00"/>
        <vehicle id="42" x="375.53" y="401.65" angle="-90.00" type="DEFAULT_VEHTYPE" speed="10.07" pos="19.72" lane="2/2to1/2_0" slope="0.00"/>
        <vehicle id="43" x="392.74" y="598.35" angle="90.00" type="DEFAULT_VEHTYPE" speed="0.00" pos="187.99" lane="1/3to2/3_0" slope="0.00"/>
        <vehicle id="44" x="126.02" y="201.65" angle="-90.00" type="DEFAULT_VEHTYPE" speed="13.07" pos="69.23" lane="1/1to0/1_0" slope="0.00"/>
        <vehicle id="46" x="197.55" y="398.68" angle="93.77" type="DEFAULT_VEHTYPE" speed="3.44" pos="2.32" lane=":1/2_14_0" slope="0.00"/>
        <vehicle id="47" x="398.35" y="608.59" angle="0.00" type="DEFAULT_VEHTYPE" speed="13.03" pos="191.41" lane="2/4to2/3_0" slope="0.00"/>
        <vehicle id="49" x="316.67" y="401.65" angle="-90.00" type="DEFAULT_VEHTYPE" speed="13.40" pos="78.58" lane="2/2to1/2_0" slope="0.00"/>
        <vehicle id="6" x="398.35" y="278.34" angle="0.00" type="DEFAULT_VEHTYPE" speed="12.90" pos="116.91" lane="2/2to2/1_0" slope="0.00"/>
    </timestep>
    <timestep time="321.00">
        <vehicle id="1" x="398.35" y="772.81" angle="0.00" type="DEFAULT_VEHTYPE" speed="13.04" pos="27.19" lane="2/4to2/3_0" slope="0.00"/>
        <vehicle id="11" x="201.65" y="481.16" angle="180.00" type="DEFAULT_VEHTYPE" speed="13.26" pos="76.41" lane="1/2to1/3_0" slope="0.00"/>
        <vehicle id="13" x="601.65" y="307.07" angle="180.00" type="DEFAULT_VEHTYPE" speed="12.76" pos="102.32" lane="3/1to3/2_0" slope="0.00"/>
        <vehicle id="17" x="201.65" y="453.63" angle="180.00" type="DEFAULT_VEHTYPE" speed="12.98" pos="48.88" lane="1/2to1/3_0" slope="0.00"/>
        <vehicle id="2" x="601.65" y="499.07" angle="180.00" type="DEFAULT_VEHTYPE" speed="13.07" pos="94.32" lane="3/2to3/3_0" slope="0.00"/>
        <vehicle id="21" x="66.86" y="401.65" angle="-90.00" type="DEFAULT_VEHTYPE" speed="13.56" pos="128.39" lane="1/2to0/2_0" slope="0.00"/>
        <vehicle id="23" x="398.35" y="524.96" angle="0.00" type="DEFAULT_VEHTYPE" speed="13.48" pos="70.29" lane="2/3to2/2_0" slope="0.00"/>
        <vehicle id="25" x="398.35" y="151.82" angle="0.00" type="DEFAULT_VEHTYPE" speed="13.80" pos="43.43" lane="2/1to2/0_0" slope="0.00"/>
        <vehicle id="27" x="10.16" y="398.35" angle="90.00" type="DEFAULT_VEHTYPE" speed="13.82" pos="10.16" lane="0/2to1/2_0" slope="0.00"/>
        <vehicle id="29" x="591.10" y="198.35" angle="90.00" type="DEFAULT_VEHTYPE" speed="3.38" pos="186.35" lane="2/1to3/1_0" slope="0.00"/>
        <vehicle id="3" x="271.84" y="598.35" angle="90.00" type="DEFAULT_VEHTYPE" speed="12.66" pos="67.09" lane="1/3to2/3_0" slope="0.00"/>
        <vehicle id="32" x="201.65" y="160.31" angle="180.00" type="DEFAULT_VEHTYPE" speed="13.25" pos="160.31" lane="1/0to1/1_0" slope="0.00"/>
        <vehicle id="37" x="198.35" y="387.93" angle="0.00" type="DEFAULT_VEHTYPE" speed="8.10" pos="7.32" lane="1/2to1/1_0" slope="0.00"/>
        <vehicle id="38" x="401.65" y="791.17" angle="180.00" type="DEFAULT_VEHTYPE" speed="13.22" pos="186.42" lane="2/3to2/4_0" slope="0.00"/>
        <vehicle id="4" x="218.35" y="401.65" angle="-90.00" type="DEFAULT_VEHTYPE" speed="8.29" pos="176.90" lane="2/2to1/2_0" slope="0.00"/>
        <vehicle id="41" x="398.35" y="490.34" angle="0.00" type="DEFAULT_VEHTYPE" speed="12.88" pos="104.91" lane="2/3to2/2_0" slope="0.00"/>
        <vehicle id="42" x="363.75" y="401.65" angle="-90.00" type="DEFAULT_VEHTYPE" speed="11.78" pos="31.50" lane="2/2to1/2_0" slope="0.00"/>
        <vehicle id="43" x="392.74" y="598.35" angle="90.00" type="DEFAULT_VEHTYPE" speed="0.00" pos="187.99" lane="1/3to2/3_0" slope="0.00"/>
        <vehicle id="44" x="113.07" y="201.65" angle="-90.00" type="DEFAULT_VEHTYPE" speed="12.95" pos="82.18" lane="1/1to0/1_0" slope="0.00"/>
        <vehicle id="46" x="201.32" y="402.46" angle="139.18" type="DEFAULT_VEHTYPE" speed="5.68" pos="8.00" lane=":1/2_14_0" slope="0.00"/>
        <vehicle id="47" x="398.35" y="594.72" angle="0.00" type="DEFAULT_VEHTYPE" speed="13.87" pos="0.53" lane="2/3to2/2_0" slope="0.00"/>
        <vehicle id="49" x="303.69" y="401.65" angle="-90.00" type="DEFAULT_VEHTYPE" speed="12.98" pos="91.56" lane="2/2to1/2_0" slope="0.00"/>
        <vehicle id="6" x="398.35" y="265.08" angle="0.00" type="DEFAULT_VEHTYPE" speed="13.26" pos="130.17" lane="2/2to2/1_0" slope="0.00"/>
    </timestep>
    <timestep time="322.00">
        <vehicle id="1" x="398.35" y="760.11" angle="0.00" type="DEFAULT_VEHTYPE" speed="12.70" pos="39.89" lane="2/4to2/3_0" slope="0.00"/>
        <vehicle id="11" x="201.65" y="494.50" angle="180.00" type="DEFAULT_VEHTYPE" speed="13.34" pos="89.75" lane="1/2to1/3_0" slope="0.00"/>
        <vehicle id="13" x="601.65" y="320.47" angle="180.00" type="DEFAULT_VEHTYPE" speed="13.40" pos="115.72" lane="3/1to3/2_0" slope="0.00"/>
        <vehicle id="17" x="201.65" y="466.79" angle="180.00" type="DEFAULT_VEHTYPE" speed="13.15" pos="62.04" lane="1/2to1/3_0" slope="0.00"/>
        <vehicle id="2" x="601.65" y="512.41" angle="180.00" type="DEFAULT_VEHTYPE" speed="13.34" pos="107.66" lane="3/2to3/3_0" slope="0.00"/>
        <vehicle id="21" x="53.18" y="401.65" angle="-90.00" type="DEFAULT_VEHTYPE" speed="13.68" pos="142.07" lane="1/2to0/2_0" slope="0.00"/>
        <vehicle id="23" x="398.35" y="511.58" angle="0.00" type="DEFAULT_VEHTYPE" speed="13.38" pos="83.67" lane="2/3to2/2_0" slope="0.00"/>
        <vehicle id="25" x="398.35" y="138.34" angle="0.00" type="DEFAULT_VEHTYPE" speed="13.48" pos="56.91" lane="2/1to2/0_0" slope="0.00"/>
        <vehicle id="27" x="23.24" y="398.35" angle="90.00" type="DEFAULT_VEHTYPE" speed="13.08" pos="23.24" lane="0/2to1/2_0" slope="0.00"/>
        <vehicle id="29" x="596.58" y="198.35" angle="90.00" type="DEFAULT_VEHTYPE" speed="5.48" pos="1.33" lane=":3/1_13_0" slope="0.00"/>
        <vehicle id="3" x="285.08" y="598.35" angle="90.00" type="DEFAULT_VEHTYPE" speed="13.23" pos="80.33" lane="1/3to2/3_0" slope="0.00"/>
        <vehicle id="32" x="201.65" y="173.06" angle="180.00" type="DEFAULT_VEHTYPE" speed="12.75" pos="173.06" lane="1/0to1/1_0" slope="0.00"/>
        <vehicle id="37" x="198.35" y="378.51" angle="0.00" type="DEFAULT_VEHTYPE" speed="9.41" pos="16.74" lane="1/2to1/1_0" slope="0.00"/>
        <vehicle id="38" x="398.68" y="800.50" angle="-113.22" type="DEFAULT_VEHTYPE" speed="13.05" pos="4.22" lane=":2/4_0_0" slope="0.00"/>
        <vehicle id="4" x="212.99" y="401.65" angle="-90.00" type="DEFAULT_VEHTYPE" speed="5.37" pos="182.26" lane="2/2to1/2_0" slope="0.00"/>
        <vehicle id="41" x="398.35" y="476.58" angle="0.00" type="DEFAULT_VEHTYPE" speed="13.77" pos="118.67" lane="2/3to2/2_0" slope="0.00"/>
        <vehicle id="42" x="350.80" y="401.65" angle="-90.00" type="DEFAULT_VEHTYPE" speed="12.96" pos="44.45" lane="2/2to1/2_0" slope="0.00"/>
        <vehicle id="43" x="395.30" y="598.36" angle="90.09" type="DEFAULT_VEHTYPE" speed="2.56" pos="0.06" lane=":2/3_14_0" slope="0.00"/>
        <vehicle id="44" x="99.50" y="201.65" angle="-90.00" type="DEFAULT_VEHTYPE" speed="13.57" pos="95.75" lane="1/1to0/1_0" slope="0.00"/>
        <vehicle id="46" x="201.65" y="409.97" angle="180.00" type="DEFAULT_VEHTYPE" speed="7.54" pos="5.22" lane="1/2to1/3_0" slope="0.00"/>
        <vehicle id="47" x="398.35" y="581.25" angle="0.00" type="DEFAULT_VEHTYPE" speed="13.48" pos="14.00" lane="2/3to2/2_0" slope="0.00"/>
        <vehicle id="49" x="290.08" y="401.65" angle="-90.00" type="DEFAULT_VEHTYPE" speed="13.61" pos="105.17" lane="2/2to1/2_0" slope="0.00"/>
        <vehicle id="6" x="398.35" y="251.93" angle="0.00" type="DEFAULT_VEHTYPE" speed="13.15" pos="143.32" lane="2/2to2/1_0" slope="0.00"/>
    </timestep>
    <timestep time="323.00">
        <vehicle id="1" x="398.35" y="746.28" angle="0.00" type="DEFAULT_VEHTYPE" speed="13.83" pos="53.72" lane="2/4to2/3_0" slope="0.00"/>
        <vehicle id="11" x="201.65" y="507.84" angle="180.00" type="DEFAULT_VEHTYPE" speed="13.34" pos="103.09" lane="1/2to1/3_0" slope="0.00"/>
        <vehicle id="13" x="601.65" y="333.31" angle="180.00" type="DEFAULT_VEHTYPE" speed="12.84" pos="128.56" lane="3/1to3/2_0" slope="0.00"/>
        <vehicle id="17" x="201.65" y="479.82" angle="180.00" type="DEFAULT_VEHTYPE" speed="13.04" pos="75.07" lane="1/2to1/3_0" slope="0.00"/>
        <vehicle id="2" x="601.65" y="526.13" angle="180.00" type="DEFAULT_VEHTYPE" speed="13.72" pos="121.38" lane="3/2to3/3_0" slope="0.00"/>
        <vehicle id="21" x="40.35" y="401.65" angle="-90.00" type="DEFAULT_VEHTYPE" speed="12.83" pos="154.90" lane="1/2to0/2_0" slope="0.00"/>
        <vehicle id="23" x="398.35" y="497.86" angle="0.00" type="DEFAULT_VEHTYPE" speed="13.72" pos="97.39" lane="2/3to2/2_0" slope="0.00"/>
        <vehicle id="25" x="398.35" y="125.01" angle="0.00" type="DEFAULT_VEHTYPE" speed="13.33" pos="70.24" lane="2/1to2/0_0" slope="0.00"/>
        <vehicle id="27" x="36.78" y="398.35" angle="90.00" type="DEFAULT_VEHTYPE" speed="13.54" pos="36.78" lane="0/2to1/2_0" slope="0.00"/>
        <vehicle id="29" x="603.85" y="198.35" angle="90.00" type="DEFAULT_VEHTYPE" speed="7.27" pos="8.60" lane=":3/1_13_0" slope="0.00"/>
        <vehicle id="3" x="298.84" y="598.35" angle="90.00" type="DEFAULT_VEHTYPE" speed="13.76" pos="94.09" lane="1/3to2/3_0" slope="0.00"/>
        <vehicle id="32" x="201.65" y="186.86" angle="180.00" type="DEFAULT_VEHTYPE" speed="13.80" pos="186.86" lane="1/0to1/1_0" slope="0.00"/>
        <vehicle id="37" x="198.35" y="366.85" angle="0.00" type="DEFAULT_VEHTYPE" speed="11.66" pos="28.40" lane="1/2to1/1_0" slope="0.00"/>
        <vehicle id="38" x="398.35" y="787.94" angle="0.00" type="DEFAULT_VEHTYPE" speed="12.65" pos="12.06" lane="2/4to2/3_0" slope="0.00"/>
        <vehicle id="4" x="209.39" y="401.65" angle="-90.00" type="DEFAULT_VEHTYPE" speed="3.60" pos="185.86" lane="2/2to1/2_0" slope="0.00"/>
        <vehicle id="41" x="398.35" y="462.76" angle="0.00" type="DEFAULT_VEHTYPE" speed="13.82" pos="132.49" lane="2/3to2/2_0" slope="0.00"/>
        <vehicle id="42" x="337.46" y="401.65" angle="-90.00" type="DEFAULT_VEHTYPE" speed="13.34" pos="57.79" lane="2/2to1/2_0" slope="0.00"/>
        <vehicle id="43" x="399.03" y="599.34" angle="101.58" type="DEFAULT_VEHTYPE" speed="3.91" pos="3.97" lane=":2/3_14_0" slope="0.00"/>
        <vehicle id="44" x="86.03" y="201.65" angle="-90.00" type="DEFAULT_VEHTYPE" speed="13.47" pos="109.22" lane="1/1to0/1_0" slope="0.00"/>
        <vehicle id="46" x="201.65" y="418.83" angle="180.00" type="DEFAULT_VEHTYPE" speed="8.85" pos="14.08" lane="1/2to1/3_0" slope="0.00"/>
        <vehicle id="47" x="398.35" y="567.53" angle="0.00" type="DEFAULT_VEHTYPE" speed="13.72" pos="27.72" lane="2/3to2/2_0" slope="0.00"/>
        <vehicle id="49" x="276.55" y="401.65" angle="-90.00" type="DEFAULT_VEHTYPE" speed="13.53" pos="118.70" lane="2/2to1/2_0" slope="0.00"/>
        <vehicle id="6" x="398.35" y="238.52" angle="0.00" type="DEFAULT_VEHTYPE" speed="13.41" pos="156.73" lane="2/2to2/1_0" slope="0.00"/>
    </timestep>
    <timestep time="324.00">
        <vehicle id="1" x="398.35" y="733.11" angle="0.00" type="DEFAULT_VEHTYPE" speed="13.17" pos="66.89" lane="2/4to2/3_0" slope="0.00"/>
        <vehicle id="11" x="201.65" y="521.28" angle="180.00" type="DEFAULT_VEHTYPE" speed="13.44" pos="116.53" lane="1/2to1/3_0" slope="0.00"/>
        <vehicle id="13" x="601.65" y="347.16" angle="180.00" type="DEFAULT_VEHTYPE" speed="13.85" pos="142.41" lane="3/1to3/2_0" slope="0.00"/>
        <vehicle id="17" x="201.65" y="492.98" angle="180.00" type="DEFAULT_VEHTYPE" speed="13.16" pos="88.23" lane="1/2to1/3_0" slope="0.00"/>
        <vehicle id="2" x="601.65" y="539.61" angle="180.00" type="DEFAULT_VEHTYPE" speed="13.49" pos="134.86" lane="3/2to3/3_0" slope="0.00"/>
        <vehicle id="21" x="26.67" y="401.65" angle="-90.00" type="DEFAULT_VEHTYPE" speed="13.68" pos="168.58" lane="1/2to0/2_0" slope="0.00"/>
        <vehicle id="23" x="398.35" y="485.08" angle="0.00" type="DEFAULT_VEHTYPE" speed="12.78" pos="110.17" lane="2/3to2/2_0" slope="0.00"/>
        <vehicle id="25" x="398.35" y="111.86" angle="0.00" type="DEFAULT_VEHTYPE" speed="13.15" pos="83.39" lane="2/1to2/0_0" slope="0.00"/>
        <vehicle id="27" x="50.10" y="398.35" angle="90.00" type="DEFAULT_VEHTYPE" speed="13.32" pos="50.10" lane="0/2to1/2_0" slope="0.00"/>
        <vehicle id="29" x="612.62" y="198.35" angle="90.00" type="DEFAULT_VEHTYPE" speed="8.77" pos="7.87" lane="3/1to4/1_0" slope="0.00"/>
        <vehicle id="3" x="312.43" y="598.35" angle="90.00" type="DEFAULT_VEHTYPE" speed="13.58" pos="107.68" lane="1/3to2/3_0" slope="0.00"/>
        <vehicle id="32" x="204.68" y="198.34" angle="136.29" type="DEFAULT_VEHTYPE" speed="13.31" pos="4.93" lane=":1/1_8_0" slope="0.00"/>
        <vehicle id="37" x="198.35" y="353.25" angle="0.00" type="DEFAULT_VEHTYPE" speed="13.60" pos="42.00" lane="1/2to1/1_0" slope="0.00"/>
        <vehicle id="38" x="398.35" y="775.20" angle="0.00" type="DEFAULT_VEHTYPE" speed="12.74" pos="24.80" lane="2/4to2/3_0" slope="0.00"/>
        <vehicle id="4" x="203.49" y="401.47" angle="-87.93" type="DEFAULT_VEHTYPE" speed="5.91" pos="1.28" lane=":1/2_6_0" slope="0.00"/>
        <vehicle id="41" x="398.35" y="450.05" angle="0.00" type="DEFAULT_VEHTYPE" speed="12.71" pos="145.20" lane="2/3to2/2_0" slope="0.00"/>
        <vehicle id="42" x="324.13" y="401.65" angle="-90.00" type="DEFAULT_VEHTYPE" speed="13.33" pos="71.12" lane="2/2to1/2_0" slope="0.00"/>
        <vehicle id="43" x="401.57" y="604.21" angle="157.41" type="DEFAULT_VEHTYPE" speed="5.81" pos="9.77" lane=":2/3_14_0" slope="0.00"/>
        <vehicle id="44" x="73.25" y="201.65" angle="-90.00" type="DEFAULT_VEHTYPE" speed="12.78" pos="122.00" lane="1/1to0/1_0" slope="0.00"/>
        <vehicle id="46" x="201.65" y="429.25" angle="180.00" type="DEFAULT_VEHTYPE" speed="10.43" pos="24.50" lane="1/2to1/3_0" slope="0.00"/>
        <vehicle id="47" x="398.35" y="553.99" angle="0.00" type="DEFAULT_VEHTYPE" speed="13.54" pos="41.26" lane="2/3to2/2_0" slope="0.00"/>
        <vehicle id="49" x="262.89" y="401.65" angle="-90.00" type="DEFAULT_VEHTYPE" speed="13.67" pos="132.36" lane="2/2to1/2_0" slope="0.00"/>
        <vehicle id="6" x="398.35" y="224.86" angle="0.00" type="DEFAULT_VEHTYPE" speed="13.66" pos="170.39" lane="2/2to2/1_0" slope="0.00"/>
    </timestep>
    <timestep time="325.00">
        <vehicle id="1" x="398.35" y="719.89" angle="0.00" type="DEFAULT_VEHTYPE" speed="13.22" pos="80.11" lane="2/4to2/3_0" slope="0.00"/>
        <vehicle id="11" x="201.65" y="534.35" angle="180.00" type="DEFAULT_VEHTYPE" speed="13.07" pos="129.60" lane="1/2to1/3_0" slope="0.00"/>
        <vehicle id="13" x="601.65" y="360.44" angle="180.00" type="DEFAULT_VEHTYPE" speed="13.28" pos="155.69" lane="3/1to3/2_0" slope="0.00"/>
        <vehicle id="17" x="201.65" y="506.09" angle="180.00" type="DEFAULT_VEHTYPE" speed="13.11" pos="101.34" lane="1/2to1/3_0" slope="0.00"/>
        <vehicle id="2" x="601.65" y="553.17" angle="180.00" type="DEFAULT_VEHTYPE" speed="13.56" pos="148.42" lane="3/2to3/3_0" slope="0.00"/>
        <vehicle id="21" x="13.04" y="401.65" angle="-90.00" type="DEFAULT_VEHTYPE" speed="13.63" pos="182.21" lane="1/2to0/2_0" slope="0.00"/>
        <vehicle id="23" x="398.35" y="471.35" angle="0.00" type="DEFAULT_VEHTYPE" speed="13.73" pos="123.90" lane="2/3to2/2_0" slope="0.00"/>
        <vehicle id="25" x="398.35" y="99.06" angle="0.00" type="DEFAULT_VEHTYPE" speed="12.79" pos="96.19" lane="2/1to2/0_0" slope="0.00"/>
        <vehicle id="27" x="63.56" y="398.35" angle="90.00" type="DEFAULT_VEHTYPE" speed="13.46" pos="63.56" lane="0/2to1/2_0" slope="0.00"/>
        <vehicle id="29" x="622.89" y="198.35" angle="90.00" type="DEFAULT_VEHTYPE" speed="10.28" pos="18.14" lane="3/1to4/1_0" slope="0.00"/>
        <vehicle id="3" x="325.93" y="598.35" angle="90.00" type="DEFAULT_VEHTYPE" speed="13.50" pos="121.18" lane="1/3to2/3_0" slope="0.00"/>
        <vehicle id="32" x="218.03" y="198.35" angle="90.00" type="DEFAULT_VEHTYPE" speed="13.35" pos="13.28" lane="1/1to2/1_0" slope="0.00"/>
        <vehicle id="37" x="198.35" y="340.34" angle="0.00" type="DEFAULT_VEHTYPE" speed="12.91" pos="54.91" lane="1/2to1/1_0" slope="0.00"/>
        <vehicle id="38" x="398.35" y="762.02" angle="0.00" type="DEFAULT_VEHTYPE" speed="13.18" pos="37.98" lane="2/4to2/3_0" slope="0.00"/>
        <vehicle id="4" x="198.53" y="396.52" angle="-30.07" type="DEFAULT_VEHTYPE" speed="7.77" pos="9.04" lane=":1/2_6_0" slope="0.00"/>
        <vehicle id="41" x="398.35" y="437.27" angle="0.00" type="DEFAULT_VEHTYPE" speed="12.78" pos="157.98" lane="2/3to2/2_0" slope="0.00"/>
        <vehicle id="42" x="310.56" y="401.65" angle="-90.00" type="DEFAULT_VEHTYPE" speed="13.57" pos="84.69" lane="2/2to1/2_0" slope="0.00"/>
        <vehicle id="43" x="401.65" y="611.62" angle="180.00" type="DEFAULT_VEHTYPE" speed="7.41" pos="6.87" lane="2/3to2/4_0" slope="0.00"/>
        <vehicle id="44" x="60.48" y="201.65" angle="-90.00" type="DEFAULT_VEHTYPE" speed="12.77" pos="134.77" lane="1/1to0/1_0" slope="0.00"/>
        <vehicle id="46" x="201.65" y="441.91" angle="180.00" type="DEFAULT_VEHTYPE" speed="12.65" pos="37.16" lane="1/2to1/3_0" slope="0.00"/>
        <vehicle id="47" x="398.35" y="540.11" angle="0.00" type="DEFAULT_VEHTYPE" speed="13.89" pos="55.14" lane="2/3to2/2_0" slope="0.00"/>
        <vehicle id="49" x="249.93" y="401.65" angle="-90.00" type="DEFAULT_VEHTYPE" speed="12.96" pos="145.32" lane="2/2to1/2_0" slope="0.00"/>
        <vehicle id="6" x="398.35" y="212.23" angle="0.00" type="DEFAULT_VEHTYPE" speed="12.63" pos="183.02" lane="2/2to2/1_0" slope="0.00"/>
    </timestep>
    <timestep time="326.00">
        <vehicle id="1" x="398.35" y="707.18" angle="0.00" type="DEFAULT_VEHTYPE" speed="12.71" pos="92.82" lane="2/4to2/3_0" slope="0.00"/>
        <vehicle id="11" x="201.65" y="547.85" angle="180.00" type="DEFAULT_VEHTYPE" speed="13.51" pos="143.10" lane="1/2to1/3_0" slope="0.00"/>
        <vehicle id="13" x="601.65" y="373.28" angle="180.00" type="DEFAULT_VEHTYPE" speed="12.84" pos="168.53" lane="3/1to3/2_0" slope="0.00"/>
        <vehicle id="17" x="201.65" y="518.94" angle="180.00" type="DEFAULT_VEHTYPE" speed="12.85" pos="114.19" lane="1/2to1/3_0" slope="0.00"/>
        <vehicle id="2" x="601.65" y="566.50" angle="180.00" type="DEFAULT_VEHTYPE" speed="13.33" pos="161.75" lane="3/2to3/3_0" slope="0.00"/>
        <vehicle id="21" x="0.04" y="401.65" angle="-90.00" type="DEFAULT_VEHTYPE" speed="13.00" pos="195.21" lane="1/2to0/2_0" slope="0.00"/>
        <vehicle id="23" x="398.35" y="457.68" angle="0.00" type="DEFAULT_VEHTYPE" speed="13.67" pos="137.57" lane="2/3to2/2_0" slope="0.00"/>
        <vehicle id="25" x="398.35" y="85.20" angle="0.00" type="DEFAULT_VEHTYPE" speed="13.86" pos="110.05" lane="2/1to2/0_0" slope="0.00"/>
        <vehicle id="27" x="77.42" y="398.35" angle="90.00" type="DEFAULT_VEHTYPE" speed="13.86" pos="77.42" lane="0/2to1/2_0" slope="0.00"/>
        <vehicle id="29" x="634.97" y="198.35" angle="90.00" type="DEFAULT_VEHTYPE" speed="12.07" pos="30.22" lane="3/1to4/1_0" slope="0.00"/>
        <vehicle id="3" x="338.61" y="598.35" angle="90.00" type="DEFAULT_VEHTYPE" speed="12.68" pos="133.86" lane="1/3to2/3_0" slope="0.00"/>
        <vehicle id="32" x="230.71" y="198.35" angle="90.00" type="DEFAULT_VEHTYPE" speed="12.69" pos="25.96" lane="1/1to2/1_0" slope="0.00"/>
        <vehicle id="37" x="198.35" y="326.58" angle="0.00" type="DEFAULT_VEHTYPE" speed="13.76" pos="68.67" lane="1/2to1/1_0" slope="0.00"/>
        <vehicle id="38" x="398.35" y="749.28" angle="0.00" type="DEFAULT_VEHTYPE" speed="12.73" pos="50.72" lane="2/4to2/3_0" slope="0.00"/>
        <vehicle id="4" x="198.35" y="387.25" angle="0.00" type="DEFAULT_VEHTYPE" speed="9.28" pos="8.00" lane="1/2to1/1_0" slope="0.00"/>
        <vehicle id="41" x="398.35" y="423.88" angle="0.00" type="DEFAULT_VEHTYPE" speed="13.39" pos="171.37" lane="2/3to2/2_0" slope="0.00"/>
        <vehicle id="42" x="297.85" y="401.65" angle="-90.00" type="DEFAULT_VEHTYPE" speed="12.71" pos="97.40" lane="2/2to1/2_0" slope="0.00"/>
        <vehicle id="43" x="401.65" y="621.46" angle="180.00" type="DEFAULT_VEHTYPE" speed="9.84" pos="16.71" lane="2/3to2/4_0" slope="0.00"/>
        <vehicle id="44" x="47.34" y="201.65" angle="-90.00" type="DEFAULT_VEHTYPE" speed="13.14" pos="147.91" lane="1/1to0/1_0" slope="0.00"/>
        <vehicle id="46" x="201.65" y="455.45" angle="180.00" type="DEFAULT_VEHTYPE" speed="13.55" pos="50.70" lane="1/2to1/3_0" slope="0.00"/>
        <vehicle id="47" x="398.35" y="527.26" angle="0.00" type="DEFAULT_VEHTYPE" speed="12.85" pos="67.99" lane="2/3to2/2_0" slope="0.00"/>
        <vehicle id="49" x="237.03" y="401.65" angle="-90.00" type="DEFAULT_VEHTYPE" speed="12.89" pos="158.22" lane="2/2to1/2_0" slope="0.00"/>
        <vehicle id="6" x="394.66" y="201.65" angle="-55.17" type="DEFAULT_VEHTYPE" speed="13.07" pos="0.59" lane="2/1to1/1_0" slope="0.00"/>
    </timestep>
    <timestep time="327.00">
        <vehicle id="1" x="398.35" y="694.19" angle="0.00" type="DEFAULT_VEHTYPE" speed="13.00" pos="105.81" lane="2/4to2/3_0" slope="0.00"/>
        <vehicle id="11" x="201.65" y="560.46" angle="180.00" type="DEFAULT_VEHTYPE" speed="12.61" pos="155.71" lane="1/2to1/3_0" slope="0.00"/>
        <vehicle id="13" x="601.65" y="386.00" angle="180.00" type="DEFAULT_VEHTYPE" speed="12.71" pos="181.25" lane="3/1to3/2_0" slope="0.00"/>
        <vehicle id="17" x="201.65" y="532.72" angle="180.00" type="DEFAULT_VEHTYPE" speed="13.78" pos="127.97" lane="1/2to1/3_0" slope="0.00"/>
        <vehicle id="2" x="601.65" y="579.37" angle="180.00" type="DEFAULT_VEHTYPE" speed="12.87" pos="174.62" lane="3/2to3/3_0" slope="0.00"/>
        <vehicle id="21" x="7.76" y="398.35" angle="90.00" type="DEFAULT_VEHTYPE" speed="12.62" pos="7.76" lane="0/2to1/2_0" slope="0.00"/>
        <vehicle id="23" x="398.35" y="443.98" angle="0.00" type="DEFAULT_VEHTYPE" speed="13.70" pos="151.27" lane="2/3to2/2_0" slope="0.00"/>
        <vehicle id="25" x="398.35" y="71.48" angle="0.00" type="DEFAULT_VEHTYPE" speed="13.72" pos="123.77" lane="2/1to2/0_0" slope="0.00"/>
        <vehicle id="27" x="90.38" y="398.35" angle="90.00" type="DEFAULT_VEHTYPE" speed="12.96" pos="90.38" lane="0/2to1/2_0" slope="0.00"/>
        <vehicle id="29" x="648.55" y="198.35" angle="90.00" type="DEFAULT_VEHTYPE" speed="13.58" pos="43.80" lane="3/1to4/1_0" slope="0.00"/>
        <vehicle id="3" x="352.07" y="598.35" angle="90.00" type="DEFAULT_VEHTYPE" speed="13.45" pos="147.32" lane="1/3to2/3_0" slope="0.00"/>
        <vehicle id="32" x="244.23" y="198.35" angle="90.00" type="DEFAULT_VEHTYPE" speed="13.52" pos="39.48" lane="1/1to2/1_0" slope="0.00"/>
        <vehicle id="37" x="198.35" y="312.98" angle="0.00" type="DEFAULT_VEHTYPE" speed="13.60" pos="82.27" lane="1/2to1/1_0" slope="0.00"/>
        <vehicle id="38" x="398.35" y="736.62" angle="0.00" type="DEFAULT_VEHTYPE" speed="12.67" pos="63.38" lane="2/4to2/3_0" slope="0.00"/>
        <vehicle id="4" x="198.35" y="375.48" angle="0.00" type="DEFAULT_VEHTYPE" speed="11.76" pos="19.77" lane="1/2to1/1_0" slope="0.00"/>
        <vehicle id="41" x="398.35" y="410.28" angle="0.00" type="DEFAULT_VEHTYPE" speed="13.60" pos="184.97" lane="2/3to2/2_0" slope="0.00"/>
        <vehicle id="42" x="284.10" y="401.65" angle="-90.00" type="DEFAULT_VEHTYPE" speed="13.75" pos="111.15" lane="2/2to1/2_0" slope="0.00"/>
        <vehicle id="43" x="401.65" y="632.94" angle="180.00" type="DEFAULT_VEHTYPE" speed="11.48" pos="28.19" lane="2/3to2/4_0" slope="0.00"/>
        <vehicle id="44" x="34.45" y="201.65" angle="-90.00" type="DEFAULT_VEHTYPE" speed="12.89" pos="160.80" lane="1/1to0/1_0" slope="0.00"/>
        <vehicle id="46" x="201.65" y="468.99" angle="180.00" type="DEFAULT_VEHTYPE" speed="13.53" pos="64.24" lane="1/2to1/3_0" slope="0.00"/>
        <vehicle id="47" x="398.35" y="514.08" angle="0.00" type="DEFAULT_VEHTYPE" speed="13.18" pos="81.17" lane="2/3to2/2_0" slope="0.00"/>
        <vehicle id="49" x="224.87" y="401.65" angle="-90.00" type="DEFAULT_VEHTYPE" speed="12.16" pos="170.38" lane="2/2to1/2_0" slope="0.00"/>
        <vehicle id="6" x="381.81" y="201.65" angle="-90.00" type="DEFAULT_VEHTYPE" speed="12.84" pos="13.44" lane="2/1to1/1_0" slope="0.00"/>
    </timestep>
    <timestep time="328.00">
        <vehicle id="1" x="398.35" y="680.65" angle="0.00" type="DEFAULT_VEHTYPE" speed="13.53" pos="119.35" lane="2/4to2/3_0" slope="0.00"/>
        <vehicle id="11" x="201.65" y="573.72" angle="180.00" type="DEFAULT_VEHTYPE" speed="13.26" pos="168.97" lane="1/2to1/3_0" slope="0.00"/>
        <vehicle id="13" x="601.65" y="399.61" angle="180.00" type="DEFAULT_VEHTYPE" speed="13.61" pos="4.36" lane=":3/2_9_0" slope="0.00"/>
        <vehicle id="17" x="201.65" y="545.97" angle="180.00" type="DEFAULT_VEHTYPE" speed="13.25" pos="141.22" lane="1/2to1/3_0" slope="0.00"/>
        <vehicle id="2" x="601.65" y="592.71" angle="180.00" type="DEFAULT_VEHTYPE" speed="13.35" pos="187.96" lane="3/2to3/3_0" slope="0.00"/>
        <vehicle id="21" x="20.51" y="398.35" angle="90.00" type="DEFAULT_VEHTYPE" speed="12.75" pos="20.51" lane="0/2to1/2_0" slope="0.00"/>
        <vehicle id="23" x="398.35" y="430.76" angle="0.00" type="DEFAULT_VEHTYPE" speed="13.22" pos="164.49" lane="2/3to2/2_0" slope="0.00"/>
        <vehicle id="25" x="398.35" y="58.01" angle="0.00" type="DEFAULT_VEHTYPE" speed="13.47" pos="137.24" lane="2/1to2/0_0" slope="0.00"/>
        <vehicle id="27" x="103.39" y="398.35" angle="90.00" type="DEFAULT_VEHTYPE" speed="13.02" pos="103.39" lane="0/2to1/2_0" slope="0.00"/>
        <vehicle id="29" x="661.90" y="198.35" angle="90.00" type="DEFAULT_VEHTYPE" speed="13.35" pos="57.15" lane="3/1to4/1_0" slope="0.00"/>
        <vehicle id="3" x="365.34" y="598.35" angle="90.00" type="DEFAULT_VEHTYPE" speed="13.27" pos="160.59" lane="1/3to2/3_0" slope="0.00"/>
        <vehicle id="32" x="257.30" y="198.35" angle="90.00" type="DEFAULT_VEHTYPE" speed="13.07" pos="52.55" lane="1/1to2/1_0" slope="0.00"/>
        <vehicle id="37" x="198.35" y="299.84" angle="0.00" type="DEFAULT_VEHTYPE" speed="13.14" pos="95.41" lane="1/2to1/1_0" slope="0.00"/>
        <vehicle id="38" x="398.35" y="723.13" angle="0.00" type="DEFAULT_VEHTYPE" speed="13.49" pos="76.87" lane="2/4to2/3_0" slope="0.00"/>
        <vehicle id="4" x="198.35" y="361.84" angle="0.00" type="DEFAULT_VEHTYPE" speed="13.64" pos="33.41" lane="1/2to1/1_0" slope="0.00"/>
        <vehicle id="41" x="392.41" y="401.65" angle="-83.00" type="DEFAULT_VEHTYPE" speed="13.37" pos="2.84" lane="2/2to1/2_0" slope="0.00"/>
        <vehicle id="42" x="271.11" y="401.65" angle="-90.00" type="DEFAULT_VEHTYPE" speed="12.99" pos="124.14" lane="2/2to1/2_0" slope="0.00"/>
        <vehicle id="43" x="401.65" y="646.19" angle="180.00" type="DEFAULT_VEHTYPE" speed="13.26" pos="41.44" lane="2/3to2/4_0" slope="0.00"/>
        <vehicle id="44" x="21.64" y="201.65" angle="-90.00" type="DEFAULT_VEHTYPE" speed="12.81" pos="173.61" lane="1/1to0/1_0" slope="0.00"/>
        <vehicle id="46" x="201.65" y="481.72" angle="180.00" type="DEFAULT_VEHTYPE" speed="12.73" pos="76.97" lane="1/2to1/3_0" slope="0.00"/>
        <vehicle id="47" x="398.35" y="500.33" angle="0.00" type="DEFAULT_VEHTYPE" speed="13.75" pos="94.92" lane="2/3to2/2_0" slope="0.00"/>
        <vehicle id="49" x="216.83" y="401.65" angle="-90.00" type="DEFAULT_VEHTYPE" speed="8.04" pos="178.42" lane="2/2to1/2_0" slope="0.00"/>
        <vehicle id="6" x="369.13" y="201.65" angle="-90.00" type="DEFAULT_VEHTYPE" speed="12.69" pos="26.12" lane="2/1to1/1_0" slope="0.00"/>
    </timestep>
    <timestep time="329.00">
        <vehicle id="1" x="398.35" y="667.84" angle="0.00" type="DEFAULT_VEHTYPE" speed="12.81" pos="132.16" lane="2/4to2/3_0" slope="0.00"/>
        <vehicle id="11" x="201.65" y="587.22" angle="180.00" type="DEFAULT_VEHTYPE" speed="13.51" pos="182.47" lane="1/2to1/3_0" slope="0.00"/>
        <vehicle id="13" x="601.65" y="413.05" angle="180.00" type="DEFAULT_VEHTYPE" speed="13.44" pos="8.30" lane="3/2to3/3_0" slope="0.00"/>
        <vehicle id="17" x="201.65" y="559.30" angle="180.00" type="DEFAULT_VEHTYPE" speed="13.33" pos="154.55" lane="1/2to1/3_0" slope="0.00"/>
        <vehicle id="2" x="610.50" y="598.35" angle="90.00" type="DEFAULT_VEHTYPE" speed="13.29" pos="5.75" lane="3/3to4/3_0" slope="0.00"/>
        <vehicle id="21" x="33.78" y="398.35" angle="90.00" type="DEFAULT_VEHTYPE" speed="13.27" pos="33.78" lane="0/2to1/2_0" slope="0.00"/>
        <vehicle id="23" x="398.35" y="416.87" angle="0.00" type="DEFAULT_VEHTYPE" speed="13.89" pos="178.38" lane="2/3to2/2_0" slope="0.00"/>
        <vehicle id="25" x="398.35" y="45.00" angle="0.00" type="DEFAULT_VEHTYPE" speed="13.01" pos="150.25" lane="2/1to2/0_0" slope="0.00"/>
        <vehicle id="27" x="116.60" y="398.35" angle="90.00" type="DEFAULT_VEHTYPE" speed="13.21" pos="116.60" lane="0/2to1/2_0" slope="0.00"/>
        <vehicle id="29" x="675.60" y="198.35" angle="90.00" type="DEFAULT_VEHTYPE" speed="13.70" pos="70.85" lane="3/1to4/1_0" slope="0.00"/>
        <vehicle id="3" x="376.52" y="598.35" angle="90.00" type="DEFAULT_VEHTYPE" speed="11.18" pos="171.77" lane="1/3to2/3_0" slope="0.00"/>
        <vehicle id="32" x="269.97" y="198.35" angle="90.00" type="DEFAULT_VEHTYPE" speed="12.67" pos="65.22" lane="1/1to2/1_0" slope="0.00"/>
        <vehicle id="37" x="198.35" y="286.58" angle="0.00" type="DEFAULT_VEHTYPE" speed="13.26" pos="108.67" lane="1/2to1/1_0" slope="0.00"/>
        <vehicle id="38" x="398.35" y="710.47" angle="0.00" type="DEFAULT_VEHTYPE" speed="12.66" pos="89.53" lane="2/4to2/3_0" slope="0.00"/>
        <vehicle id="4" x="198.35" y="348.25" angle="0.00" type="DEFAULT_VEHTYPE" speed="13.59" pos="47.00" lane="1/2to1/1_0" slope="0.00"/>
        <vehicle id="41" x="379.68" y="401.65" angle="-90.00" type="DEFAULT_VEHTYPE" speed="12.74" pos="15.57" lane="2/2to1/2_0" slope="0.00"/>
        <vehicle id="42" x="257.93" y="401.65" angle="-90.00" type="DEFAULT_VEHTYPE" speed="13.18" pos="137.32" lane="2/2to1/2_0" slope="0.00"/>
        <vehicle id="43" x="401.65" y="659.50" angle="180.00" type="DEFAULT_VEHTYPE" speed="13.31" pos="54.75" lane="2/3to2/4_0" slope="0.00"/>
        <vehicle id="44" x="8.95" y="201.65" angle="-90.00" type="DEFAULT_VEHTYPE" speed="12.69" pos="186.30" lane="1/1to0/1_0" slope="0.00"/>
        <vehicle id="46" x="201.65" y="494.41" angle="180.00" type="DEFAULT_VEHTYPE" speed="12.69" pos="89.66" lane="1/2to1/3_0" slope="0.00"/>
        <vehicle id="47" x="398.35" y="487.40" angle="0.00" type="DEFAULT_VEHTYPE" speed="12.93" pos="107.85" lane="2/3to2/2_0" slope="0.00"/>
        <vehicle id="49" x="211.08" y="401.65" angle="-90.00" type="DEFAULT_VEHTYPE" speed="5.75" pos="184.17" lane="2/2to1/2_0" slope="0.00"/>
        <vehicle id="6" x="356.28" y="201.65" angle="-90.00" type="DEFAULT_VEHTYPE" speed="12.84" pos="38.97" lane="2/1to1/1_0" slope="0.00"/>
    </timestep>
    <timestep time="330.00">
        <vehicle id="1" x="398.35" y="654.36" angle="0.00" type="DEFAULT_VEHTYPE" speed="13.48" pos="145.64" lane="2/4to2/3_0" slope="0.00"/>
        <vehicle id="11" x="204.92" y="598.35" angle="132.05" type="DEFAULT_VEHTYPE" speed="13.20" pos="0.17" lane="1/3to2/3_0" slope="0.00"/>
        <vehicle id="13" x="601.65" y="425.88" angle="180.00" type="DEFAULT_VEHTYPE" speed="12.83" pos="21.13" lane="3/2to3/3_0" slope="0.00"/>
        <vehicle id="17" x="201.65" y="572.14" angle="180.00" type="DEFAULT_VEHTYPE" speed="12.85" pos="167.39" lane="1/2to1/3_0" slope="0.00"/>
        <vehicle id="2" x="623.50" y="598.35" angle="90.00" type="DEFAULT_VEHTYPE" speed="13.00" pos="18.75" lane="3/3to4/3_0" slope="0.00"/>
        <vehicle id="21" x="46.46" y="398.35" angle="90.00" type="DEFAULT_VEHTYPE" speed="12.68" pos="46.46" lane="0/2to1/2_0" slope="0.00"/>
        <vehicle id="23" x="398.10" y="403.28" angle="-2.92" type="DEFAULT_VEHTYPE" speed="13.62" pos="1.50" lane=":2/2_0_0" slope="0.00"/>
        <vehicle id="25" x="398.35" y="32.00" angle="0.00" type="DEFAULT_VEHTYPE" speed="13.00" pos="163.25" lane="2/1to2/0_0" slope="0.00"/>
        <vehicle id="27" x="129.33" y="398.35" angle="90.00" type="DEFAULT_VEHTYPE" speed="12.73" pos="129.33" lane="0/2to1/2_0" slope="0.00"/>
        <vehicle id="29" x="688.30" y="198.35" angle="90.00" type="DEFAULT_VEHTYPE" speed="12.70" pos="83.55" lane="3/1to4/1_0" slope="0.00"/>
        <vehicle id="3" x="383.78" y="598.35" angle="90.00" type="DEFAULT_VEHTYPE" speed="7.26" pos="179.03" lane="1/3to2/3_0" slope="0.00"/>
        <vehicle id="32" x="283.54" y="198.35" angle="90.00" type="DEFAULT_VEHTYPE" speed="13.57" pos="78.79" lane="1/1to2/1_0" slope="0.00"/>
        <vehicle id="37" x="198.35" y="273.68" angle="0.00" type="DEFAULT_VEHTYPE" speed="12.90" pos="121.57" lane="1/2to1/1_0" slope="0.00"/>
        <vehicle id="38" x="398.35" y="696.63" angle="0.00" type="DEFAULT_VEHTYPE" speed="13.83" pos="103.37" lane="2/4to2/3_0" slope="0.00"/>
        <vehicle id="4" x="198.35" y="334.90" angle="0.00" type="DEFAULT_VEHTYPE" speed="13.35" pos="60.35" lane="1/2to1/1_0" slope="0.00"/>
        <vehicle id="41" x="365.97" y="401.65" angle="-90.00" type="DEFAULT_VEHTYPE" speed="13.71" pos="29.28" lane="2/2to1/2_0" slope="0.00"/>
        <vehicle id="42" x="244.89" y="401.65" angle="-90.00" type="DEFAULT_VEHTYPE" speed="13.04" pos="150.36" lane="2/2to1/2_0" slope="0.00"/>
        <vehicle id="43" x="401.65" y="672.29" angle="180.00" type="DEFAULT_VEHTYPE" speed="12.78" pos="67.54" lane="2/3to2/4_0" slope="0.00"/>
        <vehicle id="44" x="-0.08" y="198.41" angle="-6.47" type="DEFAULT_VEHTYPE" speed="13.67" pos="4.72" lane=":0/1_0_0" slope="0.00"/>
        <vehicle id="46" x="201.65" y="507.13" angle="180.00" type="DEFAULT_VEHTYPE" speed="12.73" pos="102.38" lane="1/2to1/3_0" slope="0.00"/>
        <vehicle id="47" x="398.35" y="474.79" angle="0.00" type="DEFAULT_VEHTYPE" speed="12.61" pos="120.46" lane="2/3to2/2_0" slope="0.00"/>
        <vehicle id="49" x="203.74" y="401.65" angle="-90.00" type="DEFAULT_VEHTYPE" speed="7.34" pos="1.01" lane=":1/2_5_0" slope="0.00"/>
        <vehicle id="6" x="343.26" y="201.65" angle="-90.00" type="DEFAULT_VEHTYPE" speed="13.02" pos="51.99" lane="2/1to1/1_0" slope="0.00"/>
    </timestep>
    <timestep time="331.00">
        <vehicle id="1" x="398.35" y="641.15" angle="0.00" type="DEFAULT_VEHTYPE" speed="13.21" pos="158.85" lane="2/4to2/3_0" slope="0.00"/>
        <vehicle id="11" x="218.05" y="598.35" angle="90.00" type="DEFAULT_VEHTYPE" speed="13.13" pos="13.30" lane="1/3to2/3_0" slope="0.00"/>
        <vehicle id="13" x="601.65" y="439.51" angle="180.00" type="DEFAULT_VEHTYPE" speed="13.63" pos="34.76" lane="3/2to3/3_0" slope="0.00"/>
        <vehicle id="17" x="201.65" y="585.02" angle="180.00" type="DEFAULT_VEHTYPE" speed="12.87" pos="180.27" lane="1/2to1/3_0" slope="0.00"/>
        <vehicle id="2" x="637.35" y="598.35" angle="90.00" type="DEFAULT_VEHTYPE" speed="13.85" pos="32.60" lane="3/3to4/3_0" slope="0.00"/>
        <vehicle id="21" x="59.92" y="398.35" angle="90.00" type="DEFAULT_VEHTYPE" speed="13.46" pos="59.92" lane="0/2to1/2_0" slope="0.00"/>
        <vehicle id="23" x="385.64" y="401.65" angle="-90.00" type="DEFAULT_VEHTYPE" speed="13.12" pos="9.61" lane="2/2to1/2_0" slope="0.00"/>
        <vehicle id="25" x="398.35" y="18.15" angle="0.00" type="DEFAULT_VEHTYPE" speed="13.85" pos="177.10" lane="2/1to2/0_0" slope="0.00"/>
        <vehicle id="27" x="143.15" y="398.35" angle="90.00" type="DEFAULT_VEHTYPE" speed="13.82" pos="143.15" lane="0/2to1/2_0" slope="0.00"/>
        <vehicle id="29" x="701.06" y="198.35" angle="90.00" type="DEFAULT_VEHTYPE" speed="12.76" pos="96.31" lane="3/1to4/1_0" slope="0.00"/>
        <vehicle id="3" x="388.85" y="598.35" angle="90.00" type="DEFAULT_VEHTYPE" speed="5.08" pos="184.10" lane="1/3to2/3_0" slope="0.00"/>
        <vehicle id="32" x="296.37" y="198.35" angle="90.00" type="DEFAULT_VEHTYPE" speed="12.84" pos="91.62" lane="1/1to2/1_0" slope="0.00"/>
        <vehicle id="37" x="198.35" y="260.12" angle="0.00" type="DEFAULT_VEHTYPE" speed="13.56" pos="135.13" lane="1/2to1/1_0" slope="0.00"/>
        <vehicle id="38" x="398.35" y="683.84" angle="0.00" type="DEFAULT_VEHTYPE" speed="12.79" pos="116.16" lane="2/4to2/3_0" slope="0.00"/>
        <vehicle id="4" x="198.35" y="321.99" angle="0.00" type="DEFAULT_VEHTYPE" speed="12.92" pos="73.26" lane="1/2to1/1_0" slope="0.00"/>
        <vehicle id="41" x="352.79" y="401.65" angle="-90.00" type="DEFAULT_VEHTYPE" speed="13.18" pos="42.46" lane="2/2to1/2_0" slope="0.00"/>
        <vehicle id="42" x="232.16" y="401.65" angle="-90.00" type="DEFAULT_VEHTYPE" speed="12.72" pos="163.09" lane="2/2to1/2_0" slope="0.00"/>
        <vehicle id="43" x="401.65" y="685.17" angle="180.00" type="DEFAULT_VEHTYPE" speed="12.89" pos="80.42" lane="2/3to2/4_0" slope="0.00"/>
        <vehicle id="44" x="13.13" y="198.35" angle="90.00" type="DEFAULT_VEHTYPE" speed="13.23" pos="13.13" lane="0/1to1/1_0" slope="0.00"/>
        <vehicle id="46" x="201.65" y="520.08" angle="180.00" type="DEFAULT_VEHTYPE" speed="12.95" pos="115.33" lane="1/2to1/3_0" slope="0.00"/>
        <vehicle id="47" x="398.35" y="462.01" angle="0.00" type="DEFAULT_VEHTYPE" speed="12.78" pos="133.24" lane="2/3to2/2_0" slope="0.00"/>
        <vehicle id="49" x="193.97" y="401.65" angle="-90.00" type="DEFAULT_VEHTYPE" speed="9.77" pos="1.28" lane="1/2to0/2_0" slope="0.00"/>
        <vehicle id="6" x="329.72" y="201.65" angle="-90.00" type="DEFAULT_VEHTYPE" speed="13.54" pos="65.53" lane="2/1to1/1_0" slope="0.00"/>
    </timestep>
    <timestep time="332.00">
        <vehicle id="1" x="398.35" y="627.59" angle="0.00" type="DEFAULT_VEHTYPE" speed="13.57" pos="172.41" lane="2/4to2/3_0" slope="0.00"/>
        <vehicle id="11" x="230.99" y="598.35" angle="90.00" type="DEFAULT_VEHTYPE" speed="12.94" pos="26.24" lane="1/3to2/3_0" slope="0.00"/>
        <vehicle id="13" x="601.65" y="453.24" angle="180.00" type="DEFAULT_VEHTYPE" speed="13.73" pos="48.49" lane="3/2to3/3_0" slope="0.00"/>
        <vehicle id="17" x="202.65" y="597.71" angle="168.02" type="DEFAULT_VEHTYPE" speed="13.00" pos="2.76" lane=":1/3_8_0" slope="0.00"/>
        <vehicle id="2" x="651.08" y="598.35" angle="90.00" type="DEFAULT_VEHTYPE" speed="13.73" pos="46.33" lane="3/3to4/3_0" slope="0.00"/>
        <vehicle id="21" x="72.83" y="398.35" angle="90.00" type="DEFAULT_VEHTYPE" speed="12.91" pos="72.83" lane="0/2to1/2_0" slope="0.00"/>
        <vehicle id="23" x="372.20" y="401.65" angle="-90.00" type="DEFAULT_VEHTYPE" speed="13.44" pos="23.05" lane="2/2to1/2_0" slope="0.00"/>
        <vehicle id="25" x="398.35" y="4.26" angle="0.00" type="DEFAULT_VEHTYPE" speed="13.89" pos="190.99" lane="2/1to2/0_0" slope="0.00"/>
        <vehicle id="27" x="156.04" y="398.35" angle="90.00" type="DEFAULT_VEHTYPE" speed="12.89" pos="156.04" lane="0/2to1/2_0" slope="0.00"/>
        <vehicle id="29" x="714.86" y="198.35" angle="90.00" type="DEFAULT_VEHTYPE" speed="13.80" pos="110.11" lane="3/1to4/1_0" slope="0.00"/>
        <vehicle id="3" x="395.41" y="598.37" angle="90.27" type="DEFAULT_VEHTYPE" speed="6.56" pos="0.17" lane=":2/3_14_0" slope="0.00"/>
        <vehicle id="32" x="309.23" y="198.35" angle="90.00" type="DEFAULT_VEHTYPE" speed="12.85" pos="104.48" lane="1/1to2/1_0" slope="0.00"/>
        <vehicle id="37" x="198.35" y="246.55" angle="0.00" type="DEFAULT_VEHTYPE" speed="13.57" pos="148.70" lane="1/2to1/1_0" slope="0.00"/>
        <vehicle id="38" x="398.35" y="671.22" angle="0.00" type="DEFAULT_VEHTYPE" speed="12.62" pos="128.78" lane="2/4to2/3_0" slope="0.00"/>
        <vehicle id="4" x="198.35" y="308.27" angle="0.00" type="DEFAULT_VEHTYPE" speed="13.72" pos="86.98" lane="1/2to1/1_0" slope="0.00"/>
        <vehicle id="41" x="339.81" y="401.65" angle="-90.00" type="DEFAULT_VEHTYPE" speed="12.98" pos="55.44" lane="2/2to1/2_0" slope="0.00"/>
        <vehicle id="42" x="221.62" y="401.65" angle="-90.00" type="DEFAULT_VEHTYPE" speed="10.54" pos="173.63" lane="2/2to1/2_0" slope="0.00"/>
        <vehicle id="43" x="401.65" y="698.23" angle="180.00" type="DEFAULT_VEHTYPE" speed="13.06" pos="93.48" lane="2/3to2/4_0" slope="0.00"/>
        <vehicle id="44" x="26.04" y="198.35" angle="90.00" type="DEFAULT_VEHTYPE" speed="12.92" pos="26.04" lane="0/1to1/1_0" slope="0.00"/>
        <vehicle id="46" x="201.65" y="533.71" angle="180.00" type="DEFAULT_VEHTYPE" speed="13.63" pos="128.96" lane="1/2to1/3_0" slope="0.00"/>
        <vehicle id="47" x="398.35" y="448.82" angle="0.00" type="DEFAULT_VEHTYPE" speed="13.19" pos="146.43" lane="2/3to2/2_0" slope="0.00"/>
        <vehicle id="49" x="182.19" y="401.65" angle="-90.00" type="DEFAULT_VEHTYPE" speed="11.78" pos="13.06" lane="1/2to0/2_0" slope="0.00"/>
        <vehicle id="6" x="315.85" y="201.65" angle="-90.00" type="DEFAULT_VEHTYPE" speed="13.88" pos="79.40" lane="2/1to1/1_0" slope="0.00"/>
    </timestep>
    <timestep time="333.00">
        <vehicle id="1" x="398.35" y="618.16" angle="0.00" type="DEFAULT_VEHTYPE" speed="9.43" pos="181.84" lane="2/4to2/3_0" slope="0.00"/>
        <vehicle id="11" x="244.71" y="598.35" angle="90.00" type="DEFAULT_VEHTYPE" speed="13.72" pos="39.96" lane="1/3to2/3_0" slope="0.00"/>
        <vehicle id="13" x="601.65" y="466.17" angle="180.00" type="DEFAULT_VEHTYPE" speed="12.93" pos="61.42" lane="3/2to3/3_0" slope="0.00"/>
        <vehicle id="17" x="216.36" y="598.35" angle="90.00" type="DEFAULT_VEHTYPE" speed="13.85" pos="11.61" lane="1/3to2/3_0" slope="0.00"/>
        <vehicle id="2" x="664.22" y="598.35" angle="90.00" type="DEFAULT_VEHTYPE" speed="13.13" pos="59.47" lane="3/3to4/3_0" slope="0.00"/>
        <vehicle id="21" x="86.63" y="398.35" angle="90.00" type="DEFAULT_VEHTYPE" speed="13.80" pos="86.63" lane="0/2to1/2_0" slope="0.00"/>
        <vehicle id="23" x="358.61" y="401.65" angle="-90.00" type="DEFAULT_VEHTYPE" speed="13.59" pos="36.64" lane="2/2to1/2_0" slope="0.00"/>
        <vehicle id="25" x="401.65" y="4.13" angle="174.30" type="DEFAULT_VEHTYPE" speed="13.21" pos="4.13" lane="2/0to2/1_0" slope="0.00"/>
        <vehicle id="27" x="169.92" y="398.35" angle="90.00" type="DEFAULT_VEHTYPE" speed="13.88" pos="169.92" lane="0/2to1/2_0" slope="0.00"/>
        <vehicle id="29" x="727.53" y="198.35" angle="90.00" type="DEFAULT_VEHTYPE" speed="12.67" pos="122.78" lane="3/1to4/1_0" slope="0.00"/>
        <vehicle id="3" x="401.33" y="602.50" angle="139.61" type="DEFAULT_VEHTYPE" speed="7.88" pos="8.04" lane=":2/3_14_0" slope="0.00"/>
        <vehicle id="32" x="323.02" y="198.35" angle="90.00" type="DEFAULT_VEHTYPE" speed="13.79" pos="118.27" lane="1/1to2/1_0" slope="0.00"/>
        <vehicle id="37" x="198.35" y="233.29" angle="0.00" type="DEFAULT_VEHTYPE" speed="13.27" pos="161.96" lane="1/2to1/1_0" slope="0.00"/>
        <vehicle id="38" x="398.35" y="658.25" angle="0.00" type="DEFAULT_VEHTYPE" speed="12.97" pos="141.75" lane="2/4to2/3_0" slope="0.00"/>
        <vehicle id="4" x="198.35" y="294.39" angle="0.00" type="DEFAULT_VEHTYPE" speed="13.89" pos="100.86" lane="1/2to1/1_0" slope="0.00"/>
        <vehicle id="41" x="326.66" y="401.65" angle="-90.00" type="DEFAULT_VEHTYPE" speed="13.15" pos="68.59" lane="2/2to1/2_0" slope="0.00"/>
        <vehicle id="42" x="213.95" y="401.65" angle="-90.00" type="DEFAULT_VEHTYPE" speed="7.67" pos="181.30" lane="2/2to1/2_0" slope="0.00"/>
        <vehicle id="43" x="401.65" y="711.77" angle="180.00" type="DEFAULT_VEHTYPE" speed="13.54" pos="107.02" lane="2/3to2/4_0" slope="0.00"/>
        <vehicle id="44" x="39.65" y="198.35" angle="90.00" type="DEFAULT_VEHTYPE" speed="13.61" pos="39.65" lane="0/1to1/1_0" slope="0.00"/>
        <vehicle id="46" x="201.65" y="546.91" angle="180.00" type="DEFAULT_VEHTYPE" speed="13.20" pos="142.16" lane="1/2to1/3_0" slope="0.00"/>
        <vehicle id="47" x="398.35" y="434.93" angle="0.00" type="DEFAULT_VEHTYPE" speed="13.89" pos="160.32" lane="2/3to2/2_0" slope="0.00"/>
        <vehicle id="49" x="168.34" y="401.65" angle="-90.00" type="DEFAULT_VEHTYPE" speed="13.85" pos="26.91" lane="1/2to0/2_0" slope="0.00"/>
        <vehicle id="6" x="302.30" y="201.65" angle="-90.00" type="DEFAULT_VEHTYPE" speed="13.54" pos="92.95" lane="2/1to1/1_0" slope="0.00"/>
    </timestep>
    <timestep time="334.00">
        <vehicle id="1" x="398.35" y="608.83" angle="0.00" type="DEFAULT_VEHTYPE" speed="9.32" pos="191.17" lane="2/4to2/3_0" slope="0.00"/>
        <vehicle id="11" x="258.59" y="598.35" angle="90.00" type="DEFAULT_VEHTYPE" speed="13.87" pos="53.84" lane="1/3to2/3_0" slope="0.00"/>
        <vehicle id="13" x="601.65" y="478.80" angle="180.00" type="DEFAULT_VEHTYPE" speed="12.64" pos="74.05" lane="3/2to3/3_0" slope="0.00"/>
        <vehicle id="17" x="229.81" y="598.35" angle="90.00" type="DEFAULT_VEHTYPE" speed="13.45" pos="25.06" lane="1/3to2/3_0" slope="0.00"/>
        <vehicle id="2" x="677.63" y="598.35" angle="90.00" type="DEFAULT_VEHTYPE" speed="13.41" pos="72.88" lane="3/3to4/3_0" slope="0.00"/>
        <vehicle id="21" x="99.72" y="398.35" angle="90.00" type="DEFAULT_VEHTYPE" speed="13.10" pos="99.72" lane="0/2to1/2_0" slope="0.00"/>
        <vehicle id="23" x="345.37" y="401.65" angle="-90.00" type="DEFAULT_VEHTYPE" speed="13.25" pos="49.88" lane="2/2to1/2_0" slope="0.00"/>
        <vehicle id="25" x="401.65" y="17.24" angle="180.00" type="DEFAULT_VEHTYPE" speed="13.11" pos="17.24" lane="2/0to2/1_0" slope="0.00"/>
        <vehicle id="27" x="180.07" y="398.35" angle="90.00" type="DEFAULT_VEHTYPE" speed="10.15" pos="180.07" lane="0/2to1/2_0" slope="0.00"/>
        <vehicle id="29" x="741.21" y="198.35" angle="90.00" type="DEFAULT_VEHTYPE" speed="13.68" pos="136.46" lane="3/1to4/1_0" slope="0.00"/>
        <vehicle id="3" x="401.65" y="612.14" angle="180.00" type="DEFAULT_VEHTYPE" speed="9.67" pos="7.39" lane="2/3to2/4_0" slope="0.00"/>
        <vehicle id="32" x="336.85" y="198.35" angle="90.00" type="DEFAULT_VEHTYPE" speed="13.83" pos="132.10" lane="1/1to2/1_0" slope="0.00"/>
        <vehicle id="37" x="198.35" y="219.95" angle="0.00" type="DEFAULT_VEHTYPE" speed="13.34" pos="175.30" lane="1/2to1/1_0" slope="0.00"/>
        <vehicle id="38" x="398.35" y="645.45" angle="0.00" type="DEFAULT_VEHTYPE" speed="12.80" pos="154.55" lane="2/4to2/3_0" slope="0.00"/>
        <vehicle id="4" x="198.35" y="281.75" angle="0.00" type="DEFAULT_VEHTYPE" speed="12.64" pos="113.50" lane="1/2to1/1_0" slope="0.00"/>
        <vehicle id="41" x="313.66" y="401.65" angle="-90.00" type="DEFAULT_VEHTYPE" speed="13.01" pos="81.59" lane="2/2to1/2_0" slope="0.00"/>
        <vehicle id="42" x="210.33" y="401.65" angle="-90.00" type="DEFAULT_VEHTYPE" speed="3.62" pos="184.92" lane="2/2to1/2_0" slope="0.00"/>
        <vehicle id="43" x="401.65" y="724.45" angle="180.00" type="DEFAULT_VEHTYPE" speed="12.68" pos="119.70" lane="2/3to2/4_0" slope="0.00"/>
        <vehicle id="44" x="53.35" y="198.35" angle="90.00" type="DEFAULT_VEHTYPE" speed="13.70" pos="53.35" lane="0/1to1/1_0" slope="0.00"/>
        <vehicle id="46" x="201.65" y="560.72" angle="180.00" type="DEFAULT_VEHTYPE" speed="13.81" pos="155.97" lane="1/2to1/3_0" slope="0.00"/>
        <vehicle id="47" x="398.35" y="422.21" angle="0.00" type="DEFAULT_VEHTYPE" speed="12.72" pos="173.04" lane="2/3to2/2_0" slope="0.00"/>
        <vehicle id="49" x="155.38" y="401.65" angle="-90.00" type="DEFAULT_VEHTYPE" speed="12.96" pos="39.87" lane="1/2to0/2_0" slope="0.00"/>
        <vehicle id="6" x="288.48" y="201.65" angle="-90.00" type="DEFAULT_VEHTYPE" speed="13.82" pos="106.77" lane="2/1to1/1_0" slope="0.00"/>
    </timestep>
    <timestep time="335.00">
        <vehicle id="1" x="398.35" y="597.19" angle="0.00" type="DEFAULT_VEHTYPE" speed="11.65" pos="7.56" lane=":2/3_1_0" slope="0.00"/>
        <vehicle id="11" x="271.84" y="598.35" angle="90.00" type="DEFAULT_VEHTYPE" speed="13.26" pos="67.09" lane="1/3to2/3_0" slope="0.00"/>
        <vehicle id="13" x="601.65" y="492.03" angle="180.00" type="DEFAULT_VEHTYPE" speed="13.23" pos="87.28" lane="3/2to3/3_0" slope="0.00"/>
        <vehicle id="17" x="242.69" y="598.35" angle="90.00" type="DEFAULT_VEHTYPE" speed="12.88" pos="37.94" lane="1/3to2/3_0" slope="0.00"/>
        <vehicle id="2" x="690.25" y="598.35" angle="90.00" type="DEFAULT_VEHTYPE" speed="12.62" pos="85.50" lane="3/3to4/3_0" slope="0.00"/>
        <vehicle id="21" x="112.67" y="398.35" angle="90.00" type="DEFAULT_VEHTYPE" speed="12.95" pos="112.67" lane="0/2to1/2_0" slope="0.00"/>
        <vehicle id="23" x="331.82" y="401.65" angle="-90.00" type="DEFAULT_VEHTYPE" speed="13.54" pos="63.43" lane="2/2to1/2_0" slope="0.00"/>
        <vehicle id="25" x="401.65" y="30.50" angle="180.00" type="DEFAULT_VEHTYPE" speed="13.27" pos="30.50" lane="2/0to2/1_0" slope="0.00"/>
        <vehicle id="27" x="186.64" y="398.35" angle="90.00" type="DEFAULT_VEHTYPE" speed="6.57" pos="186.64" lane="0/2to1/2_0" slope="0.00"/>
        <vehicle id="29" x="754.49" y="198.35" angle="90.00" type="DEFAULT_VEHTYPE" speed="13.28" pos="149.74" lane="3/1to4/1_0" slope="0.00"/>
        <vehicle id="3" x="401.65" y="623.33" angle="180.00" type="DEFAULT_VEHTYPE" speed="11.19" pos="18.58" lane="2/3to2/4_0" slope="0.00"/>
        <vehicle id="32" x="349.85" y="198.35" angle="90.00" type="DEFAULT_VEHTYPE" speed="12.99" pos="145.10" lane="1/1to2/1_0" slope="0.00"/>
        <vehicle id="37" x="198.35" y="207.21" angle="0.00" type="DEFAULT_VEHTYPE" speed="12.73" pos="188.04" lane="1/2to1/1_0" slope="0.00"/>
        <vehicle id="38" x="398.35" y="632.22" angle="0.00" type="DEFAULT_VEHTYPE" speed="13.23" pos="167.78" lane="2/4to2/3_0" slope="0.00"/>
        <vehicle id="4" x="198.35" y="268.03" angle="0.00" type="DEFAULT_VEHTYPE" speed="13.71" pos="127.22" lane="1/2to1/1_0" slope="0.00"/>
        <vehicle id="41" x="300.45" y="401.65" angle="-90.00" type="DEFAULT_VEHTYPE" speed="13.21" pos="94.80" lane="2/2to1/2_0" slope="0.00"/>
        <vehicle id="42" x="204.39" y="401.60" angle="-89.41" type="DEFAULT_VEHTYPE" speed="5.94" pos="0.36" lane=":1/2_6_0" slope="0.00"/>
        <vehicle id="43" x="401.65" y="737.63" angle="180.00" type="DEFAULT_VEHTYPE" speed="13.18" pos="132.88" lane="2/3to2/4_0" slope="0.00"/>
        <vehicle id="44" x="67.10" y="198.35" angle="90.00" type="DEFAULT_VEHTYPE" speed="13.75" pos="67.10" lane="0/1to1/1_0" slope="0.00"/>
        <vehicle id="46" x="201.65" y="573.80" angle="180.00" type="DEFAULT_VEHTYPE" speed="13.09" pos="169.05" lane="1/2to1/3_0" slope="0.00"/>
        <vehicle id="47" x="398.35" y="409.20" angle="0.00" type="DEFAULT_VEHTYPE" speed="13.01" pos="186.05" lane="2/3to2/2_0" slope="0.00"/>
        <vehicle id="49" x="142.39" y="401.65" angle="-90.00" type="DEFAULT_VEHTYPE" speed="12.99" pos="52.86" lane="1/2to0/2_0" slope="0.00"/>
        <vehicle id="6" x="275.37" y="201.65" angle="-90.00" type="DEFAULT_VEHTYPE" speed="13.11" pos="119.88" lane="2/1to1/1_0" slope="0.00"/>
    </timestep>
    <timestep time="336.00">
        <vehicle id="1" x="398.35" y="583.33" angle="0.00" type="DEFAULT_VEHTYPE" speed="13.86" pos="11.92" lane="2/3to2/2_0" slope="0.00"/>
        <vehicle id="11" x="284.85" y="598.35" angle="90.00" type="DEFAULT_VEHTYPE" speed="13.01" pos="80.10" lane="1/3to2/3_0" slope="0.00"/>
        <vehicle id="13" x="601.65" y="505.01" angle="180.00" type="DEFAULT_VEHTYPE" speed="12.98" pos="100.26" lane="3/2to3/3_0" slope="0.00"/>
        <vehicle id="17" x="256.56" y="598.35" angle="90.00" type="DEFAULT_VEHTYPE" speed="13.87" pos="51.81" lane="1/3to2/3_0" slope="0.00"/>
        <vehicle id="2" x="703.55" y="598.35" angle="90.00" type="DEFAULT_VEHTYPE" speed="13.30" pos="98.80" lane="3/3to4/3_0" slope="0.00"/>
        <vehicle id="21" x="125.64" y="398.35" angle="90.00" type="DEFAULT_VEHTYPE" speed="12.97" pos="125.64" lane="0/2to1/2_0" slope="0.00"/>
        <vehicle id="23" x="318.86" y="401.65" angle="-90.00" type="DEFAULT_VEHTYPE" speed="12.97" pos="76.39" lane="2/2to1/2_0" slope="0.00"/>
        <vehicle id="25" x="401.65" y="44.40" angle="180.00" type="DEFAULT_VEHTYPE" speed="13.90" pos="44.40" lane="2/0to2/1_0" slope="0.00"/>
        <vehicle id="27" x="190.66" y="398.35" angle="90.00" type="DEFAULT_VEHTYPE" speed="4.02" pos="190.66" lane="0/2to1/2_0" slope="0.00"/>
        <vehicle id="29" x="767.33" y="198.35" angle="90.00" type="DEFAULT_VEHTYPE" speed="12.84" pos="162.58" lane="3/1to4/1_0" slope="0.00"/>
        <vehicle id="3" x="401.65" y="636.35" angle="180.00" type="DEFAULT_VEHTYPE" speed="13.02" pos="31.60" lane="2/3to2/4_0" slope="0.00"/>
        <vehicle id="32" x="362.84" y="198.35" angle="90.00" type="DEFAULT_VEHTYPE" speed="13.00" pos="158.09" lane="1/1to2/1_0" slope="0.00"/>
        <vehicle id="37" x="190.03" y="201.65" angle="-90.00" type="DEFAULT_VEHTYPE" speed="12.68" pos="5.22" lane="1/1to0/1_0" slope="0.00"/>
        <vehicle id="38" x="398.35" y="618.43" angle="0.00" type="DEFAULT_VEHTYPE" speed="13.79" pos="181.57" lane="2/4to2/3_0" slope="0.00"/>
        <vehicle id="4" x="198.35" y="255.25" angle="0.00" type="DEFAULT_VEHTYPE" speed="12.78" pos="140.00" lane="1/2to1/1_0" slope="0.00"/>
        <vehicle id="41" x="287.19" y="401.65" angle="-90.00" type="DEFAULT_VEHTYPE" speed="13.26" pos="108.06" lane="2/2to1/2_0" slope="0.00"/>
        <vehicle id="42" x="198.61" y="397.10" angle="-36.22" type="DEFAULT_VEHTYPE" speed="8.09" pos="8.45" lane=":1/2_6_0" slope="0.00"/>
        <vehicle id="43" x="401.65" y="750.73" angle="180.00" type="DEFAULT_VEHTYPE" speed="13.09" pos="145.98" lane="2/3to2/4_0" slope="0.00"/>
        <vehicle id="44" x="80.96" y="198.35" angle="90.00" type="DEFAULT_VEHTYPE" speed="13.86" pos="80.96" lane="0/1to1/1_0" slope="0.00"/>
        <vehicle id="46" x="201.65" y="587.22" angle="180.00" type="DEFAULT_VEHTYPE" speed="13.41" pos="182.47" lane="1/2to1/3_0" slope="0.00"/>
        <vehicle id="47" x="398.35" y="396.59" angle="0.00" type="DEFAULT_VEHTYPE" speed="12.61" pos="8.16" lane=":2/2_1_0" slope="0.00"/>
        <vehicle id="49" x="128.71" y="401.65" angle="-90.00" type="DEFAULT_VEHTYPE" speed="13.67" pos="66.54" lane="1/2to0/2_0" slope="0.00"/>
        <vehicle id="6" x="262.47" y="201.65" angle="-90.00" type="DEFAULT_VEHTYPE" speed="12.90" pos="132.78" lane="2/1to1/1_0" slope="0.00"/>
    </timestep>
    <timestep time="337.00">
        <vehicle id="1" x="398.35" y="569.68" angle="0.00" type="DEFAULT_VEHTYPE" speed="13.65" pos="25.57" lane="2/3to2/2_0" slope="0.00"/>
        <vehicle id="11" x="298.63" y="598.35" angle="90.00" type="DEFAULT_VEHTYPE" speed="13.77" pos="93.88" lane="1/3to2/3_0" slope="0.00"/>
        <vehicle id="13" x="601.65" y="518.33" angle="180.00" type="DEFAULT_VEHTYPE" speed="13.32" pos="113.58" lane="3/2to3/3_0" slope="0.00"/>
        <vehicle id="17" x="270.37" y="598.35" angle="90.00" type="DEFAULT_VEHTYPE" speed="13.81" pos="65.62" lane="1/3to2/3_0" slope="0.00"/>
        <vehicle id="2" x="716.83" y="598.35" angle="90.00" type="DEFAULT_VEHTYPE" speed="13.28" pos="112.08" lane="3/3to4/3_0" slope="0.00"/>
        <vehicle id="21" x="138.76" y="398.35" angle="90.00" type="DEFAULT_VEHTYPE" speed="13.12" pos="138.76" lane="0/2to1/2_0" slope="0.00"/>
        <vehicle id="23" x="305.34" y="401.65" angle="-90.00" type="DEFAULT_VEHTYPE" speed="13.52" pos="89.91" lane="2/2to1/2_0" slope="0.00"/>
        <vehicle id="25" x="401.65" y="57.42" angle="180.00" type="DEFAULT_VEHTYPE" speed="13.02" pos="57.42" lane="2/0to2/1_0" slope="0.00"/>
        <vehicle id="27" x="196.45" y="398.52" angle="91.96" type="DEFAULT_VEHTYPE" speed="5.79" pos="1.21" lane=":1/2_14_0" slope="0.00"/>
        <vehicle id="29" x="780.76" y="198.35" angle="90.00" type="DEFAULT_VEHTYPE" speed="13.43" pos="176.01" lane="3/1to4/1_0" slope="0.00"/>
        <vehicle id="3" x="401.65" y="649.81" angle="180.00" type="DEFAULT_VEHTYPE" speed="13.46" pos="45.06" lane="2/3to2/4_0" slope="0.00"/>
        <vehicle id="32" x="375.08" y="198.35" angle="90.00" type="DEFAULT_VEHTYPE" speed="12.24" pos="170.33" lane="1/1to2/1_0" slope="0.00"/>
        <vehicle id="37" x="176.68" y="201.65" angle="-90.00" type="DEFAULT_VEHTYPE" speed="13.35" pos="18.57" lane="1/1to0/1_0" slope="0.00"/>
        <vehicle id="38" x="398.35" y="605.70" angle="0.00" type="DEFAULT_VEHTYPE" speed="12.73" pos="194.30" lane="2/4to2/3_0" slope="0.00"/>
        <vehicle id="4" x="198.35" y="242.05" angle="0.00" type="DEFAULT_VEHTYPE" speed="13.20" pos="153.20" lane="1/2to1/1_0" slope="0.00"/>
        <vehicle id="41" x="273.61" y="401.65" angle="-90.00" type="DEFAULT_VEHTYPE" speed="13.59" pos="121.64" lane="2/2to1/2_0" slope="0.00"/>
        <vehicle id="42" x="198.35" y="387.52" angle="0.00" type="DEFAULT_VEHTYPE" speed="9.60" pos="7.73" lane="1/2to1/1_0" slope="0.00"/>
        <vehicle id="43" x="401.65" y="763.79" angle="180.00" type="DEFAULT_VEHTYPE" speed="13.07" pos="159.04" lane="2/3to2/4_0" slope="0.00"/>
        <vehicle id="44" x="94.73" y="198.35" angle="90.00" type="DEFAULT_VEHTYPE" speed="13.77" pos="94.73" lane="0/1to1/1_0" slope="0.00"/>
        <vehicle id="46" x="205.43" y="598.35" angle="123.37" type="DEFAULT_VEHTYPE" speed="13.71" pos="0.68" lane="1/3to2/3_0" slope="0.00"/>
        <vehicle id="47" x="398.35" y="382.70" angle="0.00" type="DEFAULT_VEHTYPE" speed="13.89" pos="12.55" lane="2/2to2/1_0" slope="0.00"/>
        <vehicle id="49" x="114.89" y="401.65" angle="-90.00" type="DEFAULT_VEHTYPE" speed="13.83" pos="80.36" lane="1/2to0/2_0" slope="0.00"/>
        <vehicle id="6" x="248.66" y="201.65" angle="-90.00" type="DEFAULT_VEHTYPE" speed="13.81" pos="146.59" lane="2/1to1/1_0" slope="0.00"/>
    </timestep>
    <timestep time="338.00">
        <vehicle id="1" x="398.35" y="556.96" angle="0.00" type="DEFAULT_VEHTYPE" speed="12.72" pos="38.29" lane="2/3to2/2_0" slope="0.00"/>
        <vehicle id="11" x="311.78" y="598.35" angle="90.00" type="DEFAULT_VEHTYPE" speed="13.15" pos="107.03" lane="1/3to2/3_0" slope="0.00"/>
        <vehicle id="13" x="601.65" y="531.20" angle="180.00" type="DEFAULT_VEHTYPE" speed="12.87" pos="126.45" lane="3/2to3/3_0" slope="0.00"/>
        <vehicle id="17" x="283.84" y="598.35" angle="90.00" type="DEFAULT_VEHTYPE" speed="13.47" pos="79.09" lane="1/3to2/3_0" slope="0.00"/>
        <vehicle id="2" x="729.87" y="598.35" angle="90.00" type="DEFAULT_VEHTYPE" speed="13.04" pos="125.12" lane="3/3to4/3_0" slope="0.00"/>
        <vehicle id="21" x="151.70" y="398.35" angle="90.00" type="DEFAULT_VEHTYPE" speed="12.93" pos="151.70" lane="0/2to1/2_0" slope="0.00"/>
        <vehicle id="23" x="292.14" y="401.65" angle="-90.00" type="DEFAULT_VEHTYPE" speed="13.20" pos="103.11" lane="2/2to1/2_0" slope="0.00"/>
        <vehicle id="25" x="401.65" y="71.23" angle="180.00" type="DEFAULT_VEHTYPE" speed="13.81" pos="71.23" lane="2/0to2/1_0" slope="0.00"/>
        <vehicle id="27" x="201.39" y="402.92" angle="144.00" type="DEFAULT_VEHTYPE" speed="7.26" pos="8.47" lane=":1/2_14_0" slope="0.00"/>
        <vehicle id="29" x="793.82" y="198.35" angle="90.00" type="DEFAULT_VEHTYPE" speed="13.06" pos="189.07" lane="3/1to4/1_0" slope="0.00"/>
        <vehicle id="3" x="401.65" y="662.56" angle="180.00" type="DEFAULT_VEHTYPE" speed="12.75" pos="57.81" lane="2/3to2/4_0" slope="0.00"/>
        <vehicle id="32" x="382.83" y="198.35" angle="90.00" type="DEFAULT_VEHTYPE" speed="7.74" pos="178.08" lane="1/1to2/1_0" slope="0.00"/>
        <vehicle id="37" x="163.21" y="201.65" angle="-90.00" type="DEFAULT_VEHTYPE" speed="13.47" pos="32.04" lane="1/1to0/1_0" slope="0.00"/>
        <vehicle id="38" x="398.35" y="592.00" angle="0.00" type="DEFAULT_VEHTYPE" speed="13.70" pos="3.25" lane="2/3to2/2_0" slope="0.00"/>
        <vehicle id="4" x="198.35" y="229.34" angle="0.00" type="DEFAULT_VEHTYPE" speed="12.71" pos="165.91" lane="1/2to1/1_0" slope="0.00"/>
        <vehicle id="41" x="260.63" y="401.65" angle="-90.00" type="DEFAULT_VEHTYPE" speed="12.98" pos="134.62" lane="2/2to1/2_0" slope="0.00"/>
        <vehicle id="42" x="198.35" y="375.33" angle="0.00" type="DEFAULT_VEHTYPE" speed="12.19" pos="19.92" lane="1/2to1/1_0" slope="0.00"/>
        <vehicle id="43" x="401.65" y="777.14" angle="180.00" type="DEFAULT_VEHTYPE" speed="13.35" pos="172.39" lane="2/3to2/4_0" slope="0.00"/>
        <vehicle id="44" x="107.65" y="198.35" angle="90.00" type="DEFAULT_VEHTYPE" speed="12.92" pos="107.65" lane="0/1to1/1_0" slope="0.00"/>
        <vehicle id="46" x="218.47" y="598.35" angle="90.00" type="DEFAULT_VEHTYPE" speed="13.05" pos="13.72" lane="1/3to2/3_0" slope="0.00"/>
        <vehicle id="47" x="398.35" y="369.95" angle="0.00" type="DEFAULT_VEHTYPE" speed="12.75" pos="25.30" lane="2/2to2/1_0" slope="0.00"/>
        <vehicle id="49" x="101.15" y="401.65" angle="-90.00" type="DEFAULT_VEHTYPE" speed="13.73" pos="94.10" lane="1/2to0/2_0" slope="0.00"/>
        <vehicle id="6" x="235.07" y="201.65" angle="-90.00" type="DEFAULT_VEHTYPE" speed="13.58" pos="160.18" lane="2/1to1/1_0" slope="0.00"/>
    </timestep>
    <timestep time="339.00">
        <vehicle id="1" x="398.35" y="544.34" angle="0.00" type="DEFAULT_VEHTYPE" speed="12.61" pos="50.91" lane="2/3to2/2_0" slope="0.00"/>
        <vehicle id="11" x="324.97" y="598.35" angle="90.00" type="DEFAULT_VEHTYPE" speed="13.19" pos="120.22" lane="1/3to2/3_0" slope="0.00"/>
        <vehicle id="13" x="601.65" y="544.84" angle="180.00" type="DEFAULT_VEHTYPE" speed="13.64" pos="140.09" lane="3/2to3/3_0" slope="0.00"/>
        <vehicle id="17" x="297.68" y="598.35" angle="90.00" type="DEFAULT_VEHTYPE" speed="13.84" pos="92.93" lane="1/3to2/3_0" slope="0.00"/>
        <vehicle id="2" x="742.50" y="598.35" angle="90.00" type="DEFAULT_VEHTYPE" speed="12.63" pos="137.75" lane="3/3to4/3_0" slope="0.00"/>
        <vehicle id="21" x="164.47" y="398.35" angle="90.00" type="DEFAULT_VEHTYPE" speed="12.78" pos="164.47" lane="0/2to1/2_0" slope="0.00"/>
        <vehicle id="23" x="279.19" y="401.65" angle="-90.00" type="DEFAULT_VEHTYPE" speed="12.95" pos="116.06" lane="2/2to1/2_0" slope="0.00"/>
        <vehicle id="25" x="401.65" y="84.59" angle="180.00" type="DEFAULT_VEHTYPE" speed="13.36" pos="84.59" lane="2/0to2/1_0" slope="0.00"/>
        <vehicle id="27" x="201.65" y="411.75" angle="180.00" type="DEFAULT_VEHTYPE" speed="8.85" pos="7.00" lane="1/2to1/3_0" slope="0.00"/>
        <vehicle id="29" x="798.24" y="201.65" angle="-128.21" type="DEFAULT_VEHTYPE" speed="12.76" pos="1.76" lane="4/1to3/1_0" slope="0.00"/>
        <vehicle id="3" x="401.65" y="675.53" angle="180.00" type="DEFAULT_VEHTYPE" speed="12.96" pos="70.78" lane="2/3to2/4_0" slope="0.00"/>
        <vehicle id="32" x="388.53" y="198.35" angle="90.00" type="DEFAULT_VEHTYPE" speed="5.70" pos="183.78" lane="1/1to2/1_0" slope="0.00"/>
        <vehicle id="37" x="150.55" y="201.65" angle="-90.00" type="DEFAULT_VEHTYPE" speed="12.66" pos="44.70" lane="1/1to0/1_0" slope="0.00"/>
        <vehicle id="38" x="398.35" y="579.21" angle="0.00" type="DEFAULT_VEHTYPE" speed="12.79" pos="16.04" lane="2/3to2/2_0" slope="0.00"/>
        <vehicle id="4" x="198.35" y="216.04" angle="0.00" type="DEFAULT_VEHTYPE" speed="13.30" pos="179.21" lane="1/2to1/1_0" slope="0.00"/>
        <vehicle id="41" x="247.95" y="401.65" angle="-90.00" type="DEFAULT_VEHTYPE" speed="12.68" pos="147.30" lane="2/2to1/2_0" slope="0.00"/>
        <vehicle id="42" x="198.35" y="361.51" angle="0.00" type="DEFAULT_VEHTYPE" speed="13.82" pos="33.74" lane="1/2to1/1_0" slope="0.00"/>
        <vehicle id="43" x="401.65" y="789.99" angle="180.00" type="DEFAULT_VEHTYPE" speed="12.85" pos="185.24" lane="2/3to2/4_0" slope="0.00"/>
        <vehicle id="44" x="121.49" y="198.35" angle="90.00" type="DEFAULT_VEHTYPE" speed="13.84" pos="121.49" lane="0/1to1/1_0" slope="0.00"/>
        <vehicle id="46" x="231.91" y="598.35" angle="90.00" type="DEFAULT_VEHTYPE" speed="13.43" pos="27.16" lane="1/3to2/3_0" slope="0.00"/>
        <vehicle id="47" x="398.35" y="356.13" angle="0.00" type="DEFAULT_VEHTYPE" speed="13.82" pos="39.12" lane="2/2to2/1_0" slope="0.00"/>
        <vehicle id="49" x="87.94" y="401.65" angle="-90.00" type="DEFAULT_VEHTYPE" speed="13.21" pos="107.31" lane="1/2to0/2_0" slope="0.00"/>
        <vehicle id="6" x="223.32" y="201.65" angle="-90.00" type="DEFAULT_VEHTYPE" speed="11.75" pos="171.93" lane="2/1to1/1_0" slope="0.00"/>
    </timestep>
    <timestep time="340.00">
        <vehicle id="1" x="398.35" y="531.43" angle="0.00" type="DEFAULT_VEHTYPE" speed="12.91" pos="63.82" lane="2/3to2/2_0" slope="0.00"/>
        <vehicle id="11" x="338.82" y="598.35" angle="90.00" type="DEFAULT_VEHTYPE" speed="13.85" pos="134.07" lane="1/3to2/3_0" slope="0.00"/>
        <vehicle id="13" x="601.65" y="557.64" angle="180.00" type="DEFAULT_VEHTYPE" speed="12.80" pos="152.89" lane="3/2to3/3_0" slope="0.00"/>
        <vehicle id="17" x="310.82" y="598.35" angle="90.00" type="DEFAULT_VEHTYPE" speed="13.14" pos="106.07" lane="1/3to2/3_0" slope="0.00"/>
        <vehicle id="2" x="755.22" y="598.35" angle="90.00" type="DEFAULT_VEHTYPE" speed="12.72" pos="150.47" lane="3/3to4/3_0" slope="0.00"/>
        <vehicle id="21" x="175.88" y="398.35" angle="90.00" type="DEFAULT_VEHTYPE" speed="11.41" pos="175.88" lane="0/2to1/2_0" slope="0.00"/>
        <vehicle id="23" x="266.43" y="401.65" angle="-90.00" type="DEFAULT_VEHTYPE" speed="12.76" pos="128.82" lane="2/2to1/2_0" slope="0.00"/>
        <vehicle id="25" x="401.65" y="97.68" angle="180.00" type="DEFAULT_VEHTYPE" speed="13.09" pos="97.68" lane="2/0to2/1_0" slope="0.00"/>
        <vehicle id="27" x="201.65" y="422.46" angle="180.00" type="DEFAULT_VEHTYPE" speed="10.71" pos="17.71" lane="1/2to1/3_0" slope="0.00"/>
        <vehicle id="29" x="785.17" y="201.65" angle="-90.00" type="DEFAULT_VEHTYPE" speed="13.07" pos="14.83" lane="4/1to3/1_0" slope="0.00"/>
        <vehicle id="3" x="401.65" y="688.75" angle="180.00" type="DEFAULT_VEHTYPE" speed="13.23" pos="84.00" lane="2/3to2/4_0" slope="0.00"/>
        <vehicle id="32" x="395.81" y="198.35" angle="90.00" type="DEFAULT_VEHTYPE" speed="7.28" pos="0.56" lane=":2/1_13_0" slope="0.00"/>
        <vehicle id="37" x="136.93" y="201.65" angle="-90.00" type="DEFAULT_VEHTYPE" speed="13.62" pos="58.32" lane="1/1to0/1_0" slope="0.00"/>
        <vehicle id="38" x="398.35" y="566.10" angle="0.00" type="DEFAULT_VEHTYPE" speed="13.11" pos="29.15" lane="2/3to2/2_0" slope="0.00"/>
        <vehicle id="4" x="197.79" y="202.77" angle="-6.58" type="DEFAULT_VEHTYPE" speed="13.38" pos="2.09" lane=":1/1_0_0" slope="0.00"/>
        <vehicle id="41" x="234.36" y="401.65" angle="-90.00" type="DEFAULT_VEHTYPE" speed="13.59" pos="160.89" lane="2/2to1/2_0" slope="0.00"/>
        <vehicle id="42" x="198.35" y="348.25" angle="0.00" type="DEFAULT_VEHTYPE" speed="13.26" pos="47.00" lane="1/2to1/1_0" slope="0.00"/>
        <vehicle id="43" x="399.79" y="801.54" angle="-154.50" type="DEFAULT_VEHTYPE" speed="12.66" pos="2.65" lane=":2/4_0_0" slope="0.00"/>
        <vehicle id="44" x="134.50" y="198.35" angle="90.00" type="DEFAULT_VEHTYPE" speed="13.01" pos="134.50" lane="0/1to1/1_0" slope="0.00"/>
        <vehicle id="46" x="245.00" y="598.35" angle="90.00" type="DEFAULT_VEHTYPE" speed="13.09" pos="40.25" lane="1/3to2/3_0" slope="0.00"/>
        <vehicle id="47" x="398.35" y="343.25" angle="0.00" type="DEFAULT_VEHTYPE" speed="12.89" pos="52.00" lane="2/2to2/1_0" slope="0.00"/>
        <vehicle id="49" x="74.89" y="401.65" angle="-90.00" type="DEFAULT_VEHTYPE" speed="13.06" pos="120.36" lane="1/2to0/2_0" slope="0.00"/>
        <vehicle id="6" x="215.43" y="201.65" angle="-90.00" type="DEFAULT_VEHTYPE" speed="7.89" pos="179.82" lane="2/1to1/1_0" slope="0.00"/>
    </timestep>
    <timestep time="341.00">
        <vehicle id="1" x="398.35" y="517.76" angle="0.00" type="DEFAULT_VEHTYPE" speed="13.67" pos="77.49" lane="2/3to2/2_0" slope="0.00"/>
        <vehicle id="11" x="351.74" y="598.35" angle="90.00" type="DEFAULT_VEHTYPE" speed="12.92" pos="146.99" lane="1/3to2/3_0" slope="0.00"/>
        <vehicle id="13" x="601.65" y="570.39" angle="180.00" type="DEFAULT_VEHTYPE" speed="12.75" pos="165.64" lane="3/2to3/3_0" slope="0.00"/>
        <vehicle id="17" x="324.31" y="598.35" angle="90.00" type="DEFAULT_VEHTYPE" speed="13.49" pos="119.56" lane="1/3to2/3_0" slope="0.00"/>
        <vehicle id="2" x="769.07" y="598.35" angle="90.00" type="DEFAULT_VEHTYPE" speed="13.85" pos="164.32" lane="3/3to4/3_0" slope="0.00"/>
        <vehicle id="21" x="183.34" y="398.35" angle="90.00" type="DEFAULT_VEHTYPE" speed="7.46" pos="183.34" lane="0/2to1/2_0" slope="0.00"/>
        <vehicle id="23" x="253.66" y="401.65" angle="-90.00" type="DEFAULT_VEHTYPE" speed="12.77" pos="141.59" lane="2/2to1/2_0" slope="0.00"/>
        <vehicle id="25" x="401.65" y="110.49" angle="180.00" type="DEFAULT_VEHTYPE" speed="12.81" pos="110.49" lane="2/0to2/1_0" slope="0.00"/>
        <vehicle id="27" x="201.65" y="435.00" angle="180.00" type="DEFAULT_VEHTYPE" speed="12.54" pos="30.25" lane="1/2to1/3_0" slope="0.00"/>
        <vehicle id="29" x="772.45" y="201.65" angle="-90.00" type="DEFAULT_VEHTYPE" speed="12.72" pos="27.55" lane="4/1to3/1_0" slope="0.00"/>
        <vehicle id="3" x="401.65" y="701.87" angle="180.00" type="DEFAULT_VEHTYPE" speed="13.12" pos="97.12" lane="2/3to2/4_0" slope="0.00"/>
        <vehicle id="32" x="404.97" y="198.35" angle="90.00" type="DEFAULT_VEHTYPE" speed="9.16" pos="0.22" lane="2/1to3/1_0" slope="0.00"/>
        <vehicle id="37" x="123.83" y="201.65" angle="-90.00" type="DEFAULT_VEHTYPE" speed="13.10" pos="71.42" lane="1/1to0/1_0" slope="0.00"/>
        <vehicle id="38" x="398.35" y="553.36" angle="0.00" type="DEFAULT_VEHTYPE" speed="12.74" pos="41.89" lane="2/3to2/2_0" slope="0.00"/>
        <vehicle id="4" x="184.75" y="201.65" angle="-90.00" type="DEFAULT_VEHTYPE" speed="13.40" pos="10.50" lane="1/1to0/1_0" slope="0.00"/>
        <vehicle id="41" x="222.99" y="401.65" angle="-90.00" type="DEFAULT_VEHTYPE" speed="11.37" pos="172.26" lane="2/2to1/2_0" slope="0.00"/>
        <vehicle id="42" x="198.35" y="335.41" angle="0.00" type="DEFAULT_VEHTYPE" speed="12.84" pos="59.84" lane="1/2to1/1_0" slope="0.00"/>
        <vehicle id="43" x="398.35" y="789.32" angle="0.00" type="DEFAULT_VEHTYPE" speed="12.85" pos="10.68" lane="2/4to2/3_0" slope="0.00"/>
        <vehicle id="44" x="147.97" y="198.35" angle="90.00" type="DEFAULT_VEHTYPE" speed="13.47" pos="147.97" lane="0/1to1/1_0" slope="0.00"/>
        <vehicle id="46" x="257.68" y="598.35" angle="90.00" type="DEFAULT_VEHTYPE" speed="12.68" pos="52.93" lane="1/3to2/3_0" slope="0.00"/>
        <vehicle id="47" x="398.35" y="330.55" angle="0.00" type="DEFAULT_VEHTYPE" speed="12.70" pos="64.70" lane="2/2to2/1_0" slope="0.00"/>
        <vehicle id="49" x="61.07" y="401.65" angle="-90.00" type="DEFAULT_VEHTYPE" speed="13.81" pos="134.18" lane="1/2to0/2_0" slope="0.00"/>
        <vehicle id="6" x="211.34" y="201.65" angle="-90.00" type="DEFAULT_VEHTYPE" speed="4.09" pos="183.91" lane="2/1to1/1_0" slope="0.00"/>
    </timestep>
    <timestep time="342.00">
        <vehicle id="1" x="398.35" y="504.57" angle="0.00" type="DEFAULT_VEHTYPE" speed="13.18" pos="90.68" lane="2/3to2/2_0" slope="0.00"/>
        <vehicle id="11" x="364.76" y="598.35" angle="90.00" type="DEFAULT_VEHTYPE" speed="13.01" pos="160.01" lane="1/3to2/3_0" slope="0.00"/>
        <vehicle id="13" x="601.65" y="583.56" angle="180.00" type="DEFAULT_VEHTYPE" speed="13.18" pos="178.81" lane="3/2to3/3_0" slope="0.00"/>
        <vehicle id="17" x="338.03" y="598.35" angle="90.00" type="DEFAULT_VEHTYPE" speed="13.72" pos="133.28" lane="1/3to2/3_0" slope="0.00"/>
        <vehicle id="2" x="782.40" y="598.35" angle="90.00" type="DEFAULT_VEHTYPE" speed="13.33" pos="177.65" lane="3/3to4/3_0" slope="0.00"/>
        <vehicle id="21" x="187.83" y="398.35" angle="90.00" type="DEFAULT_VEHTYPE" speed="4.49" pos="187.83" lane="0/2to1/2_0" slope="0.00"/>
        <vehicle id="23" x="240.49" y="401.65" angle="-90.00" type="DEFAULT_VEHTYPE" speed="13.17" pos="154.76" lane="2/2to1/2_0" slope="0.00"/>
        <vehicle id="25" x="401.65" y="123.59" angle="180.00" type="DEFAULT_VEHTYPE" speed="13.10" pos="123.59" lane="2/0to2/1_0" slope="0.00"/>
        <vehicle id="27" x="201.65" y="448.77" angle="180.00" type="DEFAULT_VEHTYPE" speed="13.77" pos="44.02" lane="1/2to1/3_0" slope="0.00"/>
        <vehicle id="29" x="759.19" y="201.65" angle="-90.00" type="DEFAULT_VEHTYPE" speed="13.26" pos="40.81" lane="4/1to3/1_0" slope="0.00"/>
        <vehicle id="3" x="401.65" y="715.16" angle="180.00" type="DEFAULT_VEHTYPE" speed="13.29" pos="110.41" lane="2/3to2/4_0" slope="0.00"/>
        <vehicle id="32" x="416.21" y="198.35" angle="90.00" type="DEFAULT_VEHTYPE" speed="11.24" pos="11.46" lane="2/1to3/1_0" slope="0.00"/>
        <vehicle id="37" x="110.06" y="201.65" angle="-90.00" type="DEFAULT_VEHTYPE" speed="13.76" pos="85.19" lane="1/1to0/1_0" slope="0.00"/>
        <vehicle id="38" x="398.35" y="539.61" angle="0.00" type="DEFAULT_VEHTYPE" speed="13.75" pos="55.64" lane="2/3to2/2_0" slope="0.00"/>
        <vehicle id="4" x="171.29" y="201.65" angle="-90.00" type="DEFAULT_VEHTYPE" speed="13.46" pos="23.96" lane="1/1to0/1_0" slope="0.00"/>
        <vehicle id="41" x="215.35" y="401.65" angle="-90.00" type="DEFAULT_VEHTYPE" speed="7.63" pos="179.90" lane="2/2to1/2_0" slope="0.00"/>
        <vehicle id="42" x="198.35" y="321.62" angle="0.00" type="DEFAULT_VEHTYPE" speed="13.79" pos="73.63" lane="1/2to1/1_0" slope="0.00"/>
        <vehicle id="43" x="398.35" y="776.48" angle="0.00" type="DEFAULT_VEHTYPE" speed="12.84" pos="23.52" lane="2/4to2/3_0" slope="0.00"/>
        <vehicle id="44" x="160.78" y="198.35" angle="90.00" type="DEFAULT_VEHTYPE" speed="12.81" pos="160.78" lane="0/1to1/1_0" slope="0.00"/>
        <vehicle id="46" x="271.57" y="598.35" angle="90.00" type="DEFAULT_VEHTYPE" speed="13.90" pos="66.82" lane="1/3to2/3_0" slope="0.00"/>
        <vehicle id="47" x="398.35" y="317.11" angle="0.00" type="DEFAULT_VEHTYPE" speed="13.44" pos="78.14" lane="2/2to2/1_0" slope="0.00"/>
        <vehicle id="49" x="47.82" y="401.65" angle="-90.00" type="DEFAULT_VEHTYPE" speed="13.26" pos="147.43" lane="1/2to0/2_0" slope="0.00"/>
        <vehicle id="6" x="204.93" y="201.65" angle="-90.00" type="DEFAULT_VEHTYPE" speed="6.41" pos="190.32" lane="2/1to1/1_0" slope="0.00"/>
    </timestep>
    <timestep time="343.00">
        <vehicle id="1" x="398.35" y="491.85" angle="0.00" type="DEFAULT_VEHTYPE" speed="12.72" pos="103.40" lane="2/3to2/2_0" slope="0.00"/>
        <vehicle id="11" x="376.25" y="598.35" angle="90.00" type="DEFAULT_VEHTYPE" speed="11.49" pos="171.50" lane="1/3to2/3_0" slope="0.00"/>
        <vehicle id="13" x="601.78" y="596.20" angle="178.47" type="DEFAULT_VEHTYPE" speed="12.65" pos="0.96" lane=":3/3_8_0" slope="0.00"/>
        <vehicle id="17" x="350.66" y="598.35" angle="90.00" type="DEFAULT_VEHTYPE" speed="12.63" pos="145.91" lane="1/3to2/3_0" slope="0.00"/>
        <vehicle id="2" x="795.64" y="598.35" angle="90.00" type="DEFAULT_VEHTYPE" speed="13.24" pos="190.89" lane="3/3to4/3_0" slope="0.00"/>
        <vehicle id="21" x="190.37" y="398.35" angle="90.00" type="DEFAULT_VEHTYPE" speed="2.54" pos="190.37" lane="0/2to1/2_0" slope="0.00"/>
        <vehicle id="23" x="230.11" y="401.65" angle="-90.00" type="DEFAULT_VEHTYPE" speed="10.38" pos="165.14" lane="2/2to1/2_0" slope="0.00"/>
        <vehicle id="25" x="401.65" y="137.01" angle="180.00" type="DEFAULT_VEHTYPE" speed="13.42" pos="137.01" lane="2/0to2/1_0" slope="0.00"/>
        <vehicle id="27" x="201.65" y="461.47" angle="180.00" type="DEFAULT_VEHTYPE" speed="12.70" pos="56.72" lane="1/2to1/3_0" slope="0.00"/>
        <vehicle id="29" x="746.01" y="201.65" angle="-90.00" type="DEFAULT_VEHTYPE" speed="13.18" pos="53.99" lane="4/1to3/1_0" slope="0.00"/>
        <vehicle id="3" x="401.65" y="728.63" angle="180.00" type="DEFAULT_VEHTYPE" speed="13.47" pos="123.88" lane="2/3to2/4_0" slope="0.00"/>
        <vehicle id="32" x="429.25" y="198.35" angle="90.00" type="DEFAULT_VEHTYPE" speed="13.04" pos="24.50" lane="2/1to3/1_0" slope="0.00"/>
        <vehicle id="37" x="96.78" y="201.65" angle="-90.00" type="DEFAULT_VEHTYPE" speed="13.28" pos="98.47" lane="1/1to0/1_0" slope="0.00"/>
        <vehicle id="38" x="398.35" y="526.52" angle="0.00" type="DEFAULT_VEHTYPE" speed="13.09" pos="68.73" lane="2/3to2/2_0" slope="0.00"/>
        <vehicle id="4" x="158.19" y="201.65" angle="-90.00" type="DEFAULT_VEHTYPE" speed="13.10" pos="37.06" lane="1/1to0/1_0" slope="0.00"/>
        <vehicle id="41" x="211.04" y="401.65" angle="-90.00" type="DEFAULT_VEHTYPE" speed="4.31" pos="184.21" lane="2/2to1/2_0" slope="0.00"/>
        <vehicle id="42" x="198.35" y="307.99" angle="0.00" type="DEFAULT_VEHTYPE" speed="13.64" pos="87.26" lane="1/2to1/1_0" slope="0.00"/>
        <vehicle id="43" x="398.35" y="762.99" angle="0.00" type="DEFAULT_VEHTYPE" speed="13.49" pos="37.01" lane="2/4to2/3_0" slope="0.00"/>
        <vehicle id="44" x="173.05" y="198.35" angle="90.00" type="DEFAULT_VEHTYPE" speed="12.27" pos="173.05" lane="0/1to1/1_0" slope="0.00"/>
        <vehicle id="46" x="284.36" y="598.35" angle="90.00" type="DEFAULT_VEHTYPE" speed="12.79" pos="79.61" lane="1/3to2/3_0" slope="0.00"/>
        <vehicle id="47" x="398.35" y="303.51" angle="0.00" type="DEFAULT_VEHTYPE" speed="13.59" pos="91.74" lane="2/2to2/1_0" slope="0.00"/>
        <vehicle id="49" x="35.08" y="401.65" angle="-90.00" type="DEFAULT_VEHTYPE" speed="12.74" pos="160.17" lane="1/2to0/2_0" slope="0.00"/>
        <vehicle id="6" x="201.65" y="207.40" angle="-171.84" type="DEFAULT_VEHTYPE" speed="7.83" pos="2.65" lane="1/1to1/2_0" slope="0.00"/>
    </timestep>
    <timestep time="344.00">
        <vehicle id="1" x="398.35" y="479.03" angle="0.00" type="DEFAULT_VEHTYPE" speed="12.82" pos="116.22" lane="2/3to2/2_0" slope="0.00"/>
        <vehicle id="11" x="384.56" y="598.35" angle="90.00" type="DEFAULT_VEHTYPE" speed="8.31" pos="179.81" lane="1/3to2/3_0" slope="0.00"/>
        <vehicle id="13" x="613.74" y="598.35" angle="90.00" type="DEFAULT_VEHTYPE" speed="13.03" pos="8.99" lane="3/3to4/3_0" slope="0.00"/>
        <vehicle id="17" x="363.06" y="598.35" angle="90.00" type="DEFAULT_VEHTYPE" speed="12.40" pos="158.31" lane="1/3to2/3_0" slope="0.00"/>
        <vehicle id="2" x="796.34" y="601.65" angle="-98.81" type="DEFAULT_VEHTYPE" speed="12.84" pos="3.66" lane="4/3to3/3_0" slope="0.00"/>
        <vehicle id="21" x="192.17" y="398.35" angle="90.00" type="DEFAULT_VEHTYPE" speed="1.80" pos="192.17" lane="0/2to1/2_0" slope="0.00"/>
        <vehicle id="23" x="223.49" y="401.65" angle="-90.00" type="DEFAULT_VEHTYPE" speed="6.62" pos="171.76" lane="2/2to1/2_0" slope="0.00"/>
        <vehicle id="25" x="401.65" y="150.78" angle="180.00" type="DEFAULT_VEHTYPE" speed="13.77" pos="150.78" lane="2/0to2/1_0" slope="0.00"/>
        <vehicle id="27" x="201.65" y="474.55" angle="180.00" type="DEFAULT_VEHTYPE" speed="13.08" pos="69.80" lane="1/2to1/3_0" slope="0.00"/>
        <vehicle id="29" x="733.08" y="201.65" angle="-90.00" type="DEFAULT_VEHTYPE" speed="12.93" pos="66.92" lane="4/1to3/1_0" slope="0.00"/>
        <vehicle id="3" x="401.65" y="742.36" angle="180.00" type="DEFAULT_VEHTYPE" speed="13.73" pos="137.61" lane="2/3to2/4_0" slope="0.00"/>
        <vehicle id="32" x="442.20" y="198.35" angle="90.00" type="DEFAULT_VEHTYPE" speed="12.95" pos="37.45" lane="2/1to3/1_0" slope="0.00"/>
        <vehicle id="37" x="83.86" y="201.65" angle="-90.00" type="DEFAULT_VEHTYPE" speed="12.92" pos="111.39" lane="1/1to0/1_0" slope="0.00"/>
        <vehicle id="38" x="398.35" y="512.79" angle="0.00" type="DEFAULT_VEHTYPE" speed="13.73" pos="82.46" lane="2/3to2/2_0" slope="0.00"/>
        <vehicle id="4" x="144.72" y="201.65" angle="-90.00" type="DEFAULT_VEHTYPE" speed="13.48" pos="50.53" lane="1/1to0/1_0" slope="0.00"/>
        <vehicle id="41" x="205.10" y="401.65" angle="-90.00" type="DEFAULT_VEHTYPE" speed="5.95" pos="190.15" lane="2/2to1/2_0" slope="0.00"/>
        <vehicle id="42" x="198.35" y="294.46" angle="0.00" type="DEFAULT_VEHTYPE" speed="13.53" pos="100.79" lane="1/2to1/1_0" slope="0.00"/>
        <vehicle id="43" x="398.35" y="749.55" angle="0.00" type="DEFAULT_VEHTYPE" speed="13.44" pos="50.45" lane="2/4to2/3_0" slope="0.00"/>
        <vehicle id="44" x="181.62" y="198.35" angle="90.00" type="DEFAULT_VEHTYPE" speed="8.57" pos="181.62" lane="0/1to1/1_0" slope="0.00"/>
        <vehicle id="46" x="297.76" y="598.35" angle="90.00" type="DEFAULT_VEHTYPE" speed="13.39" pos="93.01" lane="1/3to2/3_0" slope="0.00"/>
        <vehicle id="47" x="398.35" y="290.88" angle="0.00" type="DEFAULT_VEHTYPE" speed="12.63" pos="104.37" lane="2/2to2/1_0" slope="0.00"/>
        <vehicle id="49" x="21.62" y="401.65" angle="-90.00" type="DEFAULT_VEHTYPE" speed="13.46" pos="173.63" lane="1/2to0/2_0" slope="0.00"/>
        <vehicle id="6" x="201.65" y="217.53" angle="180.00" type="DEFAULT_VEHTYPE" speed="10.13" pos="12.78" lane="1/1to1/2_0" slope="0.00"/>
    </timestep>
    <timestep time="345.00">
        <vehicle id="1" x="398.35" y="465.42" angle="0.00" type="DEFAULT_VEHTYPE" speed="13.60" pos="129.83" lane="2/3to2/2_0" slope="0.00"/>
        <vehicle id="11" x="388.63" y="598.35" angle="90.00" type="DEFAULT_VEHTYPE" speed="4.07" pos="183.88" lane="1/3to2/3_0" slope="0.00"/>
        <vehicle id="13" x="627.51" y="598.35" angle="90.00" type="DEFAULT_VEHTYPE" speed="13.77" pos="22.76" lane="3/3to4/3_0" slope="0.00"/>
        <vehicle id="17" x="372.38" y="598.35" angle="90.00" type="DEFAULT_VEHTYPE" speed="9.32" pos="167.63" lane="1/3to2/3_0" slope="0.00"/>
        <vehicle id="2" x="782.84" y="601.65" angle="-90.00" type="DEFAULT_VEHTYPE" speed="13.51" pos="17.16" lane="4/3to3/3_0" slope="0.00"/>
        <vehicle id="21" x="192.63" y="398.35" angle="90.00" type="DEFAULT_VEHTYPE" speed="0.47" pos="192.63" lane="0/2to1/2_0" slope="0.00"/>
        <vehicle id="23" x="216.23" y="401.65" angle="-90.00" type="DEFAULT_VEHTYPE" speed="7.26" pos="179.02" lane="2/2to1/2_0" slope="0.00"/>
        <vehicle id="25" x="401.65" y="164.44" angle="180.00" type="DEFAULT_VEHTYPE" speed="13.66" pos="164.44" lane="2/0to2/1_0" slope="0.00"/>
        <vehicle id="27" x="201.65" y="487.16" angle="180.00" type="DEFAULT_VEHTYPE" speed="12.61" pos="82.41" lane="1/2to1/3_0" slope="0.00"/>
        <vehicle id="29" x="720.02" y="201.65" angle="-90.00" type="DEFAULT_VEHTYPE" speed="13.06" pos="79.98" lane="4/1to3/1_0" slope="0.00"/>
        <vehicle id="3" x="401.65" y="756.13" angle="180.00" type="DEFAULT_VEHTYPE" speed="13.77" pos="151.38" lane="2/3to2/4_0" slope="0.00"/>
        <vehicle id="32" x="455.08" y="198.35" angle="90.00" type="DEFAULT_VEHTYPE" speed="12.88" pos="50.33" lane="2/1to3/1_0" slope="0.00"/>
        <vehicle id="37" x="70.56" y="201.65" angle="-90.00" type="DEFAULT_VEHTYPE" speed="13.30" pos="124.69" lane="1/1to0/1_0" slope="0.00"/>
        <vehicle id="38" x="398.35" y="499.13" angle="0.00" type="DEFAULT_VEHTYPE" speed="13.66" pos="96.12" lane="2/3to2/2_0" slope="0.00"/>
        <vehicle id="4" x="131.77" y="201.65" angle="-90.00" type="DEFAULT_VEHTYPE" speed="12.95" pos="63.48" lane="1/1to0/1_0" slope="0.00"/>
        <vehicle id="41" x="197.59" y="401.65" angle="-90.00" type="DEFAULT_VEHTYPE" speed="7.51" pos="7.16" lane=":1/2_5_0" slope="0.00"/>
        <vehicle id="42" x="198.35" y="281.31" angle="0.00" type="DEFAULT_VEHTYPE" speed="13.15" pos="113.94" lane="1/2to1/1_0" slope="0.00"/>
        <vehicle id="43" x="398.35" y="736.03" angle="0.00" type="DEFAULT_VEHTYPE" speed="13.51" pos="63.97" lane="2/4to2/3_0" slope="0.00"/>
        <vehicle id="44" x="187.06" y="198.35" angle="90.00" type="DEFAULT_VEHTYPE" speed="5.44" pos="187.06" lane="0/1to1/1_0" slope="0.00"/>
        <vehicle id="46" x="310.40" y="598.35" angle="90.00" type="DEFAULT_VEHTYPE" speed="12.65" pos="105.65" lane="1/3to2/3_0" slope="0.00"/>
        <vehicle id="47" x="398.35" y="277.70" angle="0.00" type="DEFAULT_VEHTYPE" speed="13.18" pos="117.55" lane="2/2to2/1_0" slope="0.00"/>
        <vehicle id="49" x="8.48" y="401.65" angle="-90.00" type="DEFAULT_VEHTYPE" speed="13.14" pos="186.77" lane="1/2to0/2_0" slope="0.00"/>
        <vehicle id="6" x="201.65" y="229.85" angle="180.00" type="DEFAULT_VEHTYPE" speed="12.32" pos="25.10" lane="1/1to1/2_0" slope="0.00"/>
    </timestep>
    <timestep time="346.00">
        <vehicle id="1" x="398.35" y="452.71" angle="0.00" type="DEFAULT_VEHTYPE" speed="12.72" pos="142.54" lane="2/3to2/2_0" slope="0.00"/>
        <vehicle id="11" x="394.78" y="598.35" angle="90.00" type="DEFAULT_VEHTYPE" speed="6.16" pos="190.03" lane="1/3to2/3_0" slope="0.00"/>
        <vehicle id="13" x="641.09" y="598.35" angle="90.00" type="DEFAULT_VEHTYPE" speed="13.57" pos="36.34" lane="3/3to4/3_0" slope="0.00"/>
        <vehicle id="17" x="377.75" y="598.35" angle="90.00" type="DEFAULT_VEHTYPE" speed="5.38" pos="173.00" lane="1/3to2/3_0" slope="0.00"/>
        <vehicle id="2" x="769.70" y="601.65" angle="-90.00" type="DEFAULT_VEHTYPE" speed="13.14" pos="30.30" lane="4/3to3/3_0" slope="0.00"/>
        <vehicle id="21" x="192.70" y="398.35" angle="90.00" type="DEFAULT_VEHTYPE" speed="0.06" pos="192.70" lane="0/2to1/2_0" slope="0.00"/>
        <vehicle id="23" x="211.16" y="401.65" angle="-90.00" type="DEFAULT_VEHTYPE" speed="5.07" pos="184.09" lane="2/2to1/2_0" slope="0.00"/>
        <vehicle id="25" x="401.65" y="177.60" angle="180.00" type="DEFAULT_VEHTYPE" speed="13.17" pos="177.60" lane="2/0to2/1_0" slope="0.00"/>
        <vehicle id="27" x="201.65" y="500.57" angle="180.00" type="DEFAULT_VEHTYPE" speed="13.41" pos="95.82" lane="1/2to1/3_0" slope="0.00"/>
        <vehicle id="29" x="706.62" y="201.65" angle="-90.00" type="DEFAULT_VEHTYPE" speed="13.40" pos="93.38" lane="4/1to3/1_0" slope="0.00"/>
        <vehicle id="3" x="401.65" y="768.90" angle="180.00" type="DEFAULT_VEHTYPE" speed="12.76" pos="164.15" lane="2/3to2/4_0" slope="0.00"/>
        <vehicle id="32" x="467.78" y="198.35" angle="90.00" type="DEFAULT_VEHTYPE" speed="12.70" pos="63.03" lane="2/1to3/1_0" slope="0.00"/>
        <vehicle id="37" x="57.54" y="201.65" angle="-90.00" type="DEFAULT_VEHTYPE" speed="13.02" pos="137.71" lane="1/1to0/1_0" slope="0.00"/>
        <vehicle id="38" x="398.35" y="486.41" angle="0.00" type="DEFAULT_VEHTYPE" speed="12.72" pos="108.84" lane="2/3to2/2_0" slope="0.00"/>
        <vehicle id="4" x="118.07" y="201.65" angle="-90.00" type="DEFAULT_VEHTYPE" speed="13.69" pos="77.18" lane="1/1to0/1_0" slope="0.00"/>
        <vehicle id="41" x="188.45" y="401.65" angle="-90.00" type="DEFAULT_VEHTYPE" speed="9.14" pos="6.80" lane="1/2to0/2_0" slope="0.00"/>
        <vehicle id="42" x="198.35" y="267.81" angle="0.00" type="DEFAULT_VEHTYPE" speed="13.50" pos="127.44" lane="1/2to1/1_0" slope="0.00"/>
        <vehicle id="43" x="398.35" y="722.38" angle="0.00" type="DEFAULT_VEHTYPE" speed="13.65" pos="77.62" lane="2/4to2/3_0" slope="0.00"/>
        <vehicle id="44" x="190.47" y="198.35" angle="90.00" type="DEFAULT_VEHTYPE" speed="3.41" pos="190.47" lane="0/1to1/1_0" slope="0.00"/>
        <vehicle id="46" x="323.80" y="598.35" angle="90.00" type="DEFAULT_VEHTYPE" speed="13.39" pos="119.05" lane="1/3to2/3_0" slope="0.00"/>
        <vehicle id="47" x="398.35" y="264.64" angle="0.00" type="DEFAULT_VEHTYPE" speed="13.06" pos="130.61" lane="2/2to2/1_0" slope="0.00"/>
        <vehicle id="49" x="0.18" y="398.35" angle="3.05" type="DEFAULT_VEHTYPE" speed="13.48" pos="0.18" lane="0/2to1/2_0" slope="0.00"/>
        <vehicle id="6" x="201.65" y="242.49" angle="180.00" type="DEFAULT_VEHTYPE" speed="12.64" pos="37.74" lane="1/1to1/2_0" slope="0.00"/>
    </timestep>
    <timestep time="347.00">
        <vehicle id="1" x="398.35" y="439.56" angle="0.00" type="DEFAULT_VEHTYPE" speed="13.14" pos="155.69" lane="2/3to2/2_0" slope="0.00"/>
        <vehicle id="11" x="401.28" y="602.16" angle="135.55" type="DEFAULT_VEHTYPE" speed="8.17" pos="7.70" lane=":2/3_14_0" slope="0.00"/>
        <vehicle id="13" x="654.39" y="598.35" angle="90.00" type="DEFAULT_VEHTYPE" speed="13.30" pos="49.64" lane="3/3to4/3_0" slope="0.00"/>
        <vehicle id="17" x="385.15" y="598.35" angle="90.00" type="DEFAULT_VEHTYPE" speed="7.40" pos="180.40" lane="1/3to2/3_0" slope="0.00"/>
        <vehicle id="2" x="755.82" y="601.65" angle="-90.00" type="DEFAULT_VEHTYPE" speed="13.88" pos="44.18" lane="4/3to3/3_0" slope="0.00"/>
        <vehicle id="21" x="192.74" y="398.35" angle="90.00" type="DEFAULT_VEHTYPE" speed="0.04" pos="192.74" lane="0/2to1/2_0" slope="0.00"/>
        <vehicle id="23" x="204.69" y="401.65" angle="-90.00" type="DEFAULT_VEHTYPE" speed="6.47" pos="0.06" lane=":1/2_5_0" slope="0.00"/>
        <vehicle id="25" x="401.65" y="190.22" angle="180.00" type="DEFAULT_VEHTYPE" speed="12.62" pos="190.22" lane="2/0to2/1_0" slope="0.00"/>
        <vehicle id="27" x="201.65" y="514.24" angle="180.00" type="DEFAULT_VEHTYPE" speed="13.67" pos="109.49" lane="1/2to1/3_0" slope="0.00"/>
        <vehicle id="29" x="693.54" y="201.65" angle="-90.00" type="DEFAULT_VEHTYPE" speed="13.07" pos="106.46" lane="4/1to3/1_0" slope="0.00"/>
        <vehicle id="3" x="401.65" y="782.43" angle="180.00" type="DEFAULT_VEHTYPE" speed="13.53" pos="177.68" lane="2/3to2/4_0" slope="0.00"/>
        <vehicle id="32" x="480.80" y="198.35" angle="90.00" type="DEFAULT_VEHTYPE" speed="13.02" pos="76.05" lane="2/1to3/1_0" slope="0.00"/>
        <vehicle id="37" x="44.07" y="201.65" angle="-90.00" type="DEFAULT_VEHTYPE" speed="13.47" pos="151.18" lane="1/1to0/1_0" slope="0.00"/>
        <vehicle id="38" x="398.35" y="473.24" angle="0.00" type="DEFAULT_VEHTYPE" speed="13.17" pos="122.01" lane="2/3to2/2_0" slope="0.00"/>
        <vehicle id="4" x="105.12" y="201.65" angle="-90.00" type="DEFAULT_VEHTYPE" speed="12.95" pos="90.13" lane="1/1to0/1_0" slope="0.00"/>
        <vehicle id="41" x="177.70" y="401.65" angle="-90.00" type="DEFAULT_VEHTYPE" speed="10.76" pos="17.55" lane="1/2to0/2_0" slope="0.00"/>
        <vehicle id="42" x="198.35" y="254.85" angle="0.00" type="DEFAULT_VEHTYPE" speed="12.96" pos="140.40" lane="1/2to1/1_0" slope="0.00"/>
        <vehicle id="43" x="398.35" y="708.89" angle="0.00" type="DEFAULT_VEHTYPE" speed="13.49" pos="91.11" lane="2/4to2/3_0" slope="0.00"/>
        <vehicle id="44" x="195.44" y="198.32" angle="89.69" type="DEFAULT_VEHTYPE" speed="4.97" pos="0.20" lane=":1/1_12_0" slope="0.00"/>
        <vehicle id="46" x="337.58" y="598.35" angle="90.00" type="DEFAULT_VEHTYPE" speed="13.79" pos="132.83" lane="1/3to2/3_0" slope="0.00"/>
        <vehicle id="47" x="398.35" y="251.09" angle="0.00" type="DEFAULT_VEHTYPE" speed="13.55" pos="144.16" lane="2/2to2/1_0" slope="0.00"/>
        <vehicle id="49" x="13.99" y="398.35" angle="90.00" type="DEFAULT_VEHTYPE" speed="13.81" pos="13.99" lane="0/2to1/2_0" slope="0.00"/>
        <vehicle id="6" x="201.65" y="255.17" angle="180.00" type="DEFAULT_VEHTYPE" speed="12.68" pos="50.42" lane="1/1to1/2_0" slope="0.00"/>
    </timestep>
    <timestep time="348.00">
        <vehicle id="1" x="398.35" y="426.76" angle="0.00" type="DEFAULT_VEHTYPE" speed="12.81" pos="168.49" lane="2/3to2/2_0" slope="0.00"/>
        <vehicle id="11" x="401.65" y="612.64" angle="180.00" type="DEFAULT_VEHTYPE" speed="10.51" pos="7.89" lane="2/3to2/4_0" slope="0.00"/>
        <vehicle id="13" x="667.79" y="598.35" angle="90.00" type="DEFAULT_VEHTYPE" speed="13.41" pos="63.04" lane="3/3to4/3_0" slope="0.00"/>
        <vehicle id="17" x="389.70" y="598.35" angle="90.00" type="DEFAULT_VEHTYPE" speed="4.56" pos="184.95" lane="1/3to2/3_0" slope="0.00"/>
        <vehicle id="2" x="743.18" y="601.65" angle="-90.00" type="DEFAULT_VEHTYPE" speed="12.64" pos="56.82" lane="4/3to3/3_0" slope="0.00"/>
        <vehicle id="21" x="192.74" y="398.35" angle="90.00" type="DEFAULT_VEHTYPE" speed="0.01" pos="192.74" lane="0/2to1/2_0" slope="0.00"/>
        <vehicle id="23" x="196.65" y="401.65" angle="-90.00" type="DEFAULT_VEHTYPE" speed="8.04" pos="8.10" lane=":1/2_5_0" slope="0.00"/>
        <vehicle id="25" x="407.91" y="198.35" angle="95.03" type="DEFAULT_VEHTYPE" speed="13.19" pos="3.16" lane="2/1to3/1_0" slope="0.00"/>
        <vehicle id="27" x="201.65" y="527.11" angle="180.00" type="DEFAULT_VEHTYPE" speed="12.87" pos="122.36" lane="1/2to1/3_0" slope="0.00"/>
        <vehicle id="29" x="680.17" y="201.65" angle="-90.00" type="DEFAULT_VEHTYPE" speed="13.37" pos="119.83" lane="4/1to3/1_0" slope="0.00"/>
        <vehicle id="3" x="401.65" y="796.27" angle="180.00" type="DEFAULT_VEHTYPE" speed="13.84" pos="191.52" lane="2/3to2/4_0" slope="0.00"/>
        <vehicle id="32" x="494.18" y="198.35" angle="90.00" type="DEFAULT_VEHTYPE" speed="13.39" pos="89.43" lane="2/1to3/1_0" slope="0.00"/>
        <vehicle id="37" x="30.32" y="201.65" angle="-90.00" type="DEFAULT_VEHTYPE" speed="13.75" pos="164.93" lane="1/1to0/1_0" slope="0.00"/>
        <vehicle id="38" x="398.35" y="460.31" angle="0.00" type="DEFAULT_VEHTYPE" speed="12.92" pos="134.94" lane="2/3to2/2_0" slope="0.00"/>
        <vehicle id="4" x="91.77" y="201.65" angle="-90.00" type="DEFAULT_VEHTYPE" speed="13.35" pos="103.48" lane="1/1to0/1_0" slope="0.00"/>
        <vehicle id="41" x="165.47" y="401.65" angle="-90.00" type="DEFAULT_VEHTYPE" speed="12.22" pos="29.78" lane="1/2to0/2_0" slope="0.00"/>
        <vehicle id="42" x="198.35" y="241.42" angle="0.00" type="DEFAULT_VEHTYPE" speed="13.43" pos="153.83" lane="1/2to1/1_0" slope="0.00"/>
        <vehicle id="43" x="398.35" y="695.63" angle="0.00" type="DEFAULT_VEHTYPE" speed="13.26" pos="104.37" lane="2/4to2/3_0" slope="0.00"/>
        <vehicle id="44" x="198.35" y="192.90" angle="10.75" type="DEFAULT_VEHTYPE" speed="7.16" pos="2.35" lane="1/1to1/0_0" slope="0.00"/>
        <vehicle id="46" x="350.21" y="598.35" angle="90.00" type="DEFAULT_VEHTYPE" speed="12.62" pos="145.46" lane="1/3to2/3_0" slope="0.00"/>
        <vehicle id="47" x="398.35" y="237.64" angle="0.00" type="DEFAULT_VEHTYPE" speed="13.45" pos="157.61" lane="2/2to2/1_0" slope="0.00"/>
        <vehicle id="49" x="27.15" y="398.35" angle="90.00" type="DEFAULT_VEHTYPE" speed="13.16" pos="27.15" lane="0/2to1/2_0" slope="0.00"/>
        <vehicle id="6" x="201.65" y="267.79" angle="180.00" type="DEFAULT_VEHTYPE" speed="12.62" pos="63.04" lane="1/1to1/2_0" slope="0.00"/>
    </timestep>
    <timestep time="349.00">
        <vehicle id="1" x="398.35" y="413.79" angle="0.00" type="DEFAULT_VEHTYPE" speed="12.97" pos="181.46" lane="2/3to2/2_0" slope="0.00"/>
        <vehicle id="11" x="401.65" y="625.29" angle="180.00" type="DEFAULT_VEHTYPE" speed="12.65" pos="20.54" lane="2/3to2/4_0" slope="0.00"/>
        <vehicle id="13" x="680.56" y="598.35" angle="90.00" type="DEFAULT_VEHTYPE" speed="12.77" pos="75.81" lane="3/3to4/3_0" slope="0.00"/>
        <vehicle id="17" x="396.20" y="598.49" angle="91.56" type="DEFAULT_VEHTYPE" speed="6.51" pos="0.96" lane=":2/3_14_0" slope="0.00"/>
        <vehicle id="2" x="729.56" y="601.65" angle="-90.00" type="DEFAULT_VEHTYPE" speed="13.62" pos="70.44" lane="4/3to3/3_0" slope="0.00"/>
        <vehicle id="21" x="194.47" y="398.35" angle="90.00" type="DEFAULT_VEHTYPE" speed="1.73" pos="194.47" lane="0/2to1/2_0" slope="0.00"/>
        <vehicle id="23" x="186.24" y="401.65" angle="-90.00" type="DEFAULT_VEHTYPE" speed="10.40" pos="9.01" lane="1/2to0/2_0" slope="0.00"/>
        <vehicle id="25" x="421.10" y="198.35" angle="90.00" type="DEFAULT_VEHTYPE" speed="13.19" pos="16.35" lane="2/1to3/1_0" slope="0.00"/>
        <vehicle id="27" x="201.65" y="540.58" angle="180.00" type="DEFAULT_VEHTYPE" speed="13.47" pos="135.83" lane="1/2to1/3_0" slope="0.00"/>
        <vehicle id="29" x="666.35" y="201.65" angle="-90.00" type="DEFAULT_VEHTYPE" speed="13.82" pos="133.65" lane="4/1to3/1_0" slope="0.00"/>
        <vehicle id="3" x="398.35" y="795.72" angle="-4.67" type="DEFAULT_VEHTYPE" speed="12.84" pos="4.28" lane="2/4to2/3_0" slope="0.00"/>
        <vehicle id="32" x="506.87" y="198.35" angle="90.00" type="DEFAULT_VEHTYPE" speed="12.69" pos="102.12" lane="2/1to3/1_0" slope="0.00"/>
        <vehicle id="37" x="16.68" y="201.65" angle="-90.00" type="DEFAULT_VEHTYPE" speed="13.64" pos="178.57" lane="1/1to0/1_0" slope="0.00"/>
        <vehicle id="38" x="398.35" y="446.56" angle="0.00" type="DEFAULT_VEHTYPE" speed="13.76" pos="148.69" lane="2/3to2/2_0" slope="0.00"/>
        <vehicle id="4" x="78.59" y="201.65" angle="-90.00" type="DEFAULT_VEHTYPE" speed="13.18" pos="116.66" lane="1/1to0/1_0" slope="0.00"/>
        <vehicle id="41" x="152.42" y="401.65" angle="-90.00" type="DEFAULT_VEHTYPE" speed="13.06" pos="42.83" lane="1/2to0/2_0" slope="0.00"/>
        <vehicle id="42" x="198.35" y="227.99" angle="0.00" type="DEFAULT_VEHTYPE" speed="13.44" pos="167.26" lane="1/2to1/1_0" slope="0.00"/>
        <vehicle id="43" x="398.35" y="681.92" angle="0.00" type="DEFAULT_VEHTYPE" speed="13.72" pos="118.08" lane="2/4to2/3_0" slope="0.00"/>
        <vehicle id="44" x="198.35" y="183.56" angle="0.00" type="DEFAULT_VEHTYPE" speed="9.34" pos="11.69" lane="1/1to1/0_0" slope="0.00"/>
        <vehicle id="46" x="363.38" y="598.35" angle="90.00" type="DEFAULT_VEHTYPE" speed="13.17" pos="158.63" lane="1/3to2/3_0" slope="0.00"/>
        <vehicle id="47" x="398.35" y="223.83" angle="0.00" type="DEFAULT_VEHTYPE" speed="13.80" pos="171.42" lane="2/2to2/1_0" slope="0.00"/>
        <vehicle id="49" x="40.02" y="398.35" angle="90.00" type="DEFAULT_VEHTYPE" speed="12.87" pos="40.02" lane="0/2to1/2_0" slope="0.00"/>
        <vehicle id="6" x="201.65" y="281.31" angle="180.00" type="DEFAULT_VEHTYPE" speed="13.52" pos="76.56" lane="1/1to1/2_0" slope="0.00"/>
    </timestep>
    <timestep time="350.00">
        <vehicle id="1" x="395.71" y="401.71" angle="-36.91" type="DEFAULT_VEHTYPE" speed="13.57" pos="4.53" lane=":2/2_0_0" slope="0.00"/>
        <vehicle id="11" x="401.65" y="638.97" angle="180.00" type="DEFAULT_VEHTYPE" speed="13.69" pos="34.22" lane="2/3to2/4_0" slope="0.00"/>
        <vehicle id="13" x="694.34" y="598.35" angle="90.00" type="DEFAULT_VEHTYPE" speed="13.78" pos="89.59" lane="3/3to4/3_0" slope="0.00"/>
        <vehicle id="17" x="401.60" y="604.40" angle="159.29" type="DEFAULT_VEHTYPE" speed="9.00" pos="9.96" lane=":2/3_14_0" slope="0.00"/>
        <vehicle id="2" x="716.91" y="601.65" angle="-90.00" type="DEFAULT_VEHTYPE" speed="12.64" pos="83.09" lane="4/3to3/3_0" slope="0.00"/>
        <vehicle id="21" x="197.87" y="398.72" angle="94.30" type="DEFAULT_VEHTYPE" speed="3.42" pos="2.64" lane=":1/2_14_0" slope="0.00"/>
        <vehicle id="23" x="173.83" y="401.65" angle="-90.00" type="DEFAULT_VEHTYPE" speed="12.41" pos="21.42" lane="1/2to0/2_0" slope="0.00"/>
        <vehicle id="25" x="433.86" y="198.35" angle="90.00" type="DEFAULT_VEHTYPE" speed="12.76" pos="29.11" lane="2/1to3/1_0" slope="0.00"/>
        <vehicle id="27" x="201.65" y="554.26" angle="180.00" type="DEFAULT_VEHTYPE" speed="13.68" pos="149.51" lane="1/2to1/3_0" slope="0.00"/>
        <vehicle id="29" x="652.49" y="201.65" angle="-90.00" type="DEFAULT_VEHTYPE" speed="13.86" pos="147.51" lane="4/1to3/1_0" slope="0.00"/>
        <vehicle id="3" x="398.35" y="782.82" angle="0.00" type="DEFAULT_VEHTYPE" speed="12.89" pos="17.18" lane="2/4to2/3_0" slope="0.00"/>
        <vehicle id="32" x="520.63" y="198.35" angle="90.00" type="DEFAULT_VEHTYPE" speed="13.76" pos="115.88" lane="2/1to3/1_0" slope="0.00"/>
        <vehicle id="37" x="4.01" y="201.65" angle="-90.00" type="DEFAULT_VEHTYPE" speed="12.67" pos="191.24" lane="1/1to0/1_0" slope="0.00"/>
        <vehicle id="38" x="398.35" y="433.79" angle="0.00" type="DEFAULT_VEHTYPE" speed="12.77" pos="161.46" lane="2/3to2/2_0" slope="0.00"/>
        <vehicle id="4" x="65.18" y="201.65" angle="-90.00" type="DEFAULT_VEHTYPE" speed="13.41" pos="130.07" lane="1/1to0/1_0" slope="0.00"/>
        <vehicle id="41" x="139.58" y="401.65" angle="-90.00" type="DEFAULT_VEHTYPE" speed="12.83" pos="55.67" lane="1/2to0/2_0" slope="0.00"/>
        <vehicle id="42" x="198.35" y="215.05" angle="0.00" type="DEFAULT_VEHTYPE" speed="12.94" pos="180.20" lane="1/2to1/1_0" slope="0.00"/>
        <vehicle id="43" x="398.35" y="668.72" angle="0.00" type="DEFAULT_VEHTYPE" speed="13.20" pos="131.28" lane="2/4to2/3_0" slope="0.00"/>
        <vehicle id="44" x="198.35" y="171.83" angle="0.00" type="DEFAULT_VEHTYPE" speed="11.72" pos="23.42" lane="1/1to1/0_0" slope="0.00"/>
        <vehicle id="46" x="374.82" y="598.35" angle="90.00" type="DEFAULT_VEHTYPE" speed="11.44" pos="170.07" lane="1/3to2/3_0" slope="0.00"/>
        <vehicle id="47" x="398.35" y="211.00" angle="0.00" type="DEFAULT_VEHTYPE" speed="12.83" pos="184.25" lane="2/2to2/1_0" slope="0.00"/>
        <vehicle id="49" x="52.92" y="398.35" angle="90.00" type="DEFAULT_VEHTYPE" speed="12.90" pos="52.92" lane="0/2to1/2_0" slope="0.00"/>
        <vehicle id="6" x="201.65" y="294.06" angle="180.00" type="DEFAULT_VEHTYPE" speed="12.75" pos="89.31" lane="1/1to1/2_0" slope="0.00"/>
    </timestep>
    <timestep time="351.00">
        <vehicle id="1" x="382.78" y="401.65" angle="-90.00" type="DEFAULT_VEHTYPE" speed="12.94" pos="12.47" lane="2/2to1/2_0" slope="0.00"/>
        <vehicle id="11" x="401.65" y="652.10" angle="180.00" type="DEFAULT_VEHTYPE" speed="13.12" pos="47.35" lane="2/3to2/4_0" slope="0.00"/>
        <vehicle id="13" x="707.56" y="598.35" angle="90.00" type="DEFAULT_VEHTYPE" speed="13.22" pos="102.81" lane="3/3to4/3_0" slope="0.00"/>
        <vehicle id="17" x="401.65" y="615.22" angle="180.00" type="DEFAULT_VEHTYPE" speed="10.82" pos="10.47" lane="2/3to2/4_0" slope="0.00"/>
        <vehicle id="2" x="703.53" y="601.65" angle="-90.00" type="DEFAULT_VEHTYPE" speed="13.38" pos="96.47" lane="4/3to3/3_0" slope="0.00"/>
        <vehicle id="21" x="201.33" y="402.48" angle="139.43" type="DEFAULT_VEHTYPE" speed="5.38" pos="8.03" lane=":1/2_14_0" slope="0.00"/>
        <vehicle id="23" x="160.19" y="401.65" angle="-90.00" type="DEFAULT_VEHTYPE" speed="13.64" pos="35.06" lane="1/2to0/2_0" slope="0.00"/>
        <vehicle id="25" x="446.93" y="198.35" angle="90.00" type="DEFAULT_VEHTYPE" speed="13.07" pos="42.18" lane="2/1to3/1_0" slope="0.00"/>
        <vehicle id="27" x="201.65" y="568.11" angle="180.00" type="DEFAULT_VEHTYPE" speed="13.85" pos="163.36" lane="1/2to1/3_0" slope="0.00"/>
        <vehicle id="29" x="639.12" y="201.65" angle="-90.00" type="DEFAULT_VEHTYPE" speed="13.37" pos="160.88" lane="4/1to3/1_0" slope="0.00"/>
        <vehicle id="3" x="398.35" y="769.19" angle="0.00" type="DEFAULT_VEHTYPE" speed="13.63" pos="30.81" lane="2/4to2/3_0" slope="0.00"/>
        <vehicle id="32" x="533.60" y="198.35" angle="90.00" type="DEFAULT_VEHTYPE" speed="12.97" pos="128.85" lane="2/1to3/1_0" slope="0.00"/>
        <vehicle id="37" x="4.34" y="198.35" angle="85.71" type="DEFAULT_VEHTYPE" speed="13.17" pos="4.34" lane="0/1to1/1_0" slope="0.00"/>
        <vehicle id="38" x="398.35" y="420.05" angle="0.00" type="DEFAULT_VEHTYPE" speed="13.74" pos="175.20" lane="2/3to2/2_0" slope="0.00"/>
        <vehicle id="4" x="51.99" y="201.65" angle="-90.00" type="DEFAULT_VEHTYPE" speed="13.19" pos="143.26" lane="1/1to0/1_0" slope="0.00"/>
        <vehicle id="41" x="126.83" y="401.65" angle="-90.00" type="DEFAULT_VEHTYPE" speed="12.76" pos="68.42" lane="1/2to0/2_0" slope="0.00"/>
        <vehicle id="42" x="196.65" y="201.86" angle="-21.52" type="DEFAULT_VEHTYPE" speed="13.88" pos="3.58" lane=":1/1_0_0" slope="0.00"/>
        <vehicle id="43" x="398.35" y="655.58" angle="0.00" type="DEFAULT_VEHTYPE" speed="13.14" pos="144.42" lane="2/4to2/3_0" slope="0.00"/>
        <vehicle id="44" x="198.35" y="158.18" angle="0.00" type="DEFAULT_VEHTYPE" speed="13.66" pos="37.07" lane="1/1to1/0_0" slope="0.00"/>
        <vehicle id="46" x="382.61" y="598.35" angle="90.00" type="DEFAULT_VEHTYPE" speed="7.79" pos="177.86" lane="1/3to2/3_0" slope="0.00"/>
        <vehicle id="47" x="392.84" y="201.65" angle="-79.96" type="DEFAULT_VEHTYPE" speed="13.66" pos="2.41" lane="2/1to1/1_0" slope="0.00"/>
        <vehicle id="49" x="66.14" y="398.35" angle="90.00" type="DEFAULT_VEHTYPE" speed="13.22" pos="66.14" lane="0/2to1/2_0" slope="0.00"/>
        <vehicle id="6" x="201.65" y="307.45" angle="180.00" type="DEFAULT_VEHTYPE" speed="13.39" pos="102.70" lane="1/1to1/2_0" slope="0.00"/>
    </timestep>
    <timestep time="352.00">
        <vehicle id="1" x="370.03" y="401.65" angle="-90.00" type="DEFAULT_VEHTYPE" speed="12.75" pos="25.22" lane="2/2to1/2_0" slope="0.00"/>
        <vehicle id="11" x="401.65" y="664.74" angle="180.00" type="DEFAULT_VEHTYPE" speed="12.64" pos="59.99" lane="2/3to2/4_0" slope="0.00"/>
        <vehicle id="13" x="721.10" y="598.35" angle="90.00" type="DEFAULT_VEHTYPE" speed="13.54" pos="116.35" lane="3/3to4/3_0" slope="0.00"/>
        <vehicle id="17" x="401.65" y="628.00" angle="180.00" type="DEFAULT_VEHTYPE" speed="12.78" pos="23.25" lane="2/3to2/4_0" slope="0.00"/>
        <vehicle id="2" x="689.67" y="601.65" angle="-90.00" type="DEFAULT_VEHTYPE" speed="13.86" pos="110.33" lane="4/3to3/3_0" slope="0.00"/>
        <vehicle id="21" x="201.65" y="410.22" angle="180.00" type="DEFAULT_VEHTYPE" speed="7.76" pos="5.47" lane="1/2to1/3_0" slope="0.00"/>
        <vehicle id="23" x="147.29" y="401.65" angle="-90.00" type="DEFAULT_VEHTYPE" speed="12.90" pos="47.96" lane="1/2to0/2_0" slope="0.00"/>
        <vehicle id="25" x="460.62" y="198.35" angle="90.00" type="DEFAULT_VEHTYPE" speed="13.69" pos="55.87" lane="2/1to3/1_0" slope="0.00"/>
        <vehicle id="27" x="201.65" y="581.68" angle="180.00" type="DEFAULT_VEHTYPE" speed="13.57" pos="176.93" lane="1/2to1/3_0" slope="0.00"/>
        <vehicle id="29" x="626.11" y="201.65" angle="-90.00" type="DEFAULT_VEHTYPE" speed="13.01" pos="173.89" lane="4/1to3/1_0" slope="0.00"/>
        <vehicle id="3" x="398.35" y="755.93" angle="0.00" type="DEFAULT_VEHTYPE" speed="13.26" pos="44.07" lane="2/4to2/3_0" slope="0.00"/>
        <vehicle id="32" x="547.26" y="198.35" angle="90.00" type="DEFAULT_VEHTYPE" speed="13.67" pos="142.51" lane="2/1to3/1_0" slope="0.00"/>
        <vehicle id="37" x="17.51" y="198.35" angle="90.00" type="DEFAULT_VEHTYPE" speed="13.17" pos="17.51" lane="0/1to1/1_0" slope="0.00"/>
        <vehicle id="38" x="398.35" y="407.25" angle="0.00" type="DEFAULT_VEHTYPE" speed="12.80" pos="188.00" lane="2/3to2/2_0" slope="0.00"/>
        <vehicle id="4" x="38.19" y="201.65" angle="-90.00" type="DEFAULT_VEHTYPE" speed="13.80" pos="157.06" lane="1/1to0/1_0" slope="0.00"/>
        <vehicle id="41" x="113.11" y="401.65" angle="-90.00" type="DEFAULT_VEHTYPE" speed="13.72" pos="82.14" lane="1/2to0/2_0" slope="0.00"/>
        <vehicle id="42" x="183.39" y="201.65" angle="-90.00" type="DEFAULT_VEHTYPE" speed="13.28" pos="11.86" lane="1/1to0/1_0" slope="0.00"/>
        <vehicle id="43" x="398.35" y="642.14" angle="0.00" type="DEFAULT_VEHTYPE" speed="13.44" pos="157.86" lane="2/4to2/3_0" slope="0.00"/>
        <vehicle id="44" x="198.35" y="144.94" angle="0.00" type="DEFAULT_VEHTYPE" speed="13.24" pos="50.31" lane="1/1to1/0_0" slope="0.00"/>
        <vehicle id="46" x="387.91" y="598.35" angle="90.00" type="DEFAULT_VEHTYPE" speed="5.31" pos="183.16" lane="1/3to2/3_0" slope="0.00"/>
        <vehicle id="47" x="379.99" y="201.65" angle="-90.00" type="DEFAULT_VEHTYPE" speed="12.85" pos="15.26" lane="2/1to1/1_0" slope="0.00"/>
        <vehicle id="49" x="79.61" y="398.35" angle="90.00" type="DEFAULT_VEHTYPE" speed="13.47" pos="79.61" lane="0/2to1/2_0" slope="0.00"/>
        <vehicle id="6" x="201.65" y="320.29" angle="180.00" type="DEFAULT_VEHTYPE" speed="12.84" pos="115.54" lane="1/1to1/2_0" slope="0.00"/>
    </timestep>
    <timestep time="353.00">
        <vehicle id="1" x="356.48" y="401.65" angle="-90.00" type="DEFAULT_VEHTYPE" speed="13.55" pos="38.77" lane="2/2to1/2_0" slope="0.00"/>
        <vehicle id="11" x="401.65" y="677.66" angle="180.00" type="DEFAULT_VEHTYPE" speed="12.92" pos="72.91" lane="2/3to2/4_0" slope="0.00"/>
        <vehicle id="13" x="734.25" y="598.35" angle="90.00" type="DEFAULT_VEHTYPE" speed="13.15" pos="129.50" lane="3/3to4/3_0" slope="0.00"/>
        <vehicle id="17" x="401.65" y="640.94" angle="180.00" type="DEFAULT_VEHTYPE" speed="12.95" pos="36.19" lane="2/3to2/4_0" slope="0.00"/>
        <vehicle id="2" x="675.83" y="601.65" angle="-90.00" type="DEFAULT_VEHTYPE" speed="13.84" pos="124.17" lane="4/3to3/3_0" slope="0.00"/>
        <vehicle id="21" x="201.65" y="419.47" angle="180.00" type="DEFAULT_VEHTYPE" speed="9.25" pos="14.72" lane="1/2to1/3_0" slope="0.00"/>
        <vehicle id="23" x="134.63" y="401.65" angle="-90.00" type="DEFAULT_VEHTYPE" speed="12.66" pos="60.62" lane="1/2to0/2_0" slope="0.00"/>
        <vehicle id="25" x="474.38" y="198.35" angle="90.00" type="DEFAULT_VEHTYPE" speed="13.76" pos="69.63" lane="2/1to3/1_0" slope="0.00"/>
        <vehicle id="27" x="201.65" y="595.26" angle="179.99" type="DEFAULT_VEHTYPE" speed="13.58" pos="0.01" lane=":1/3_8_0" slope="0.00"/>
        <vehicle id="29" x="617.60" y="201.65" angle="-90.00" type="DEFAULT_VEHTYPE" speed="8.51" pos="182.40" lane="4/1to3/1_0" slope="0.00"/>
        <vehicle id="3" x="398.35" y="743.30" angle="0.00" type="DEFAULT_VEHTYPE" speed="12.63" pos="56.70" lane="2/4to2/3_0" slope="0.00"/>
        <vehicle id="32" x="560.54" y="198.35" angle="90.00" type="DEFAULT_VEHTYPE" speed="13.27" pos="155.79" lane="2/1to3/1_0" slope="0.00"/>
        <vehicle id="37" x="30.73" y="198.35" angle="90.00" type="DEFAULT_VEHTYPE" speed="13.22" pos="30.73" lane="0/1to1/1_0" slope="0.00"/>
        <vehicle id="38" x="389.96" y="401.65" angle="-90.00" type="DEFAULT_VEHTYPE" speed="12.79" pos="5.29" lane="2/2to1/2_0" slope="0.00"/>
        <vehicle id="4" x="24.61" y="201.65" angle="-90.00" type="DEFAULT_VEHTYPE" speed="13.58" pos="170.64" lane="1/1to0/1_0" slope="0.00"/>
        <vehicle id="41" x="99.57" y="401.65" angle="-90.00" type="DEFAULT_VEHTYPE" speed="13.54" pos="95.68" lane="1/2to0/2_0" slope="0.00"/>
        <vehicle id="42" x="170.14" y="201.65" angle="-90.00" type="DEFAULT_VEHTYPE" speed="13.25" pos="25.11" lane="1/1to0/1_0" slope="0.00"/>
        <vehicle id="43" x="398.35" y="628.54" angle="0.00" type="DEFAULT_VEHTYPE" speed="13.60" pos="171.46" lane="2/4to2/3_0" slope="0.00"/>
        <vehicle id="44" x="198.35" y="131.16" angle="0.00" type="DEFAULT_VEHTYPE" speed="13.79" pos="64.09" lane="1/1to1/0_0" slope="0.00"/>
        <vehicle id="46" x="390.99" y="598.35" angle="90.00" type="DEFAULT_VEHTYPE" speed="3.07" pos="186.24" lane="1/3to2/3_0" slope="0.00"/>
        <vehicle id="47" x="366.35" y="201.65" angle="-90.00" type="DEFAULT_VEHTYPE" speed="13.64" pos="28.90" lane="2/1to1/1_0" slope="0.00"/>
        <vehicle id="49" x="92.90" y="398.35" angle="90.00" type="DEFAULT_VEHTYPE" speed="13.29" pos="92.90" lane="0/2to1/2_0" slope="0.00"/>
        <vehicle id="6" x="201.65" y="333.30" angle="180.00" type="DEFAULT_VEHTYPE" speed="13.02" pos="128.55" lane="1/1to1/2_0" slope="0.00"/>
    </timestep>
    <timestep time="354.00">
        <vehicle id="1" x="342.91" y="401.65" angle="-90.00" type="DEFAULT_VEHTYPE" speed="13.57" pos="52.34" lane="2/2to1/2_0" slope="0.00"/>
        <vehicle id="11" x="401.65" y="690.72" angle="180.00" type="DEFAULT_VEHTYPE" speed="13.06" pos="85.97" lane="2/3to2/4_0" slope="0.00"/>
        <vehicle id="13" x="747.30" y="598.35" angle="90.00" type="DEFAULT_VEHTYPE" speed="13.05" pos="142.55" lane="3/3to4/3_0" slope="0.00"/>
        <vehicle id="17" x="401.65" y="653.75" angle="180.00" type="DEFAULT_VEHTYPE" speed="12.81" pos="49.00" lane="2/3to2/4_0" slope="0.00"/>
        <vehicle id="2" x="662.44" y="601.65" angle="-90.00" type="DEFAULT_VEHTYPE" speed="13.39" pos="137.56" lane="4/3to3/3_0" slope="0.00"/>
        <vehicle id="21" x="201.65" y="430.64" angle="180.00" type="DEFAULT_VEHTYPE" speed="11.17" pos="25.89" lane="1/2to1/3_0" slope="0.00"/>
        <vehicle id="23" x="121.29" y="401.65" angle="-90.00" type="DEFAULT_VEHTYPE" speed="13.34" pos="73.96" lane="1/2to0/2_0" slope="0.00"/>
        <vehicle id="25" x="487.27" y="198.35" angle="90.00" type="DEFAULT_VEHTYPE" speed="12.90" pos="82.52" lane="2/1to3/1_0" slope="0.00"/>
        <vehicle id="27" x="213.64" y="598.35" angle="90.00" type="DEFAULT_VEHTYPE" speed="13.88" pos="8.89" lane="1/3to2/3_0" slope="0.00"/>
        <vehicle id="29" x="612.28" y="201.65" angle="-90.00" type="DEFAULT_VEHTYPE" speed="5.32" pos="187.72" lane="4/1to3/1_0" slope="0.00"/>
        <vehicle id="3" x="398.35" y="730.29" angle="0.00" type="DEFAULT_VEHTYPE" speed="13.01" pos="69.71" lane="2/4to2/3_0" slope="0.00"/>
        <vehicle id="32" x="572.90" y="198.35" angle="90.00" type="DEFAULT_VEHTYPE" speed="12.37" pos="168.15" lane="2/1to3/1_0" slope="0.00"/>
        <vehicle id="37" x="43.40" y="198.35" angle="90.00" type="DEFAULT_VEHTYPE" speed="12.67" pos="43.40" lane="0/1to1/1_0" slope="0.00"/>
        <vehicle id="38" x="377.19" y="401.65" angle="-90.00" type="DEFAULT_VEHTYPE" speed="12.77" pos="18.06" lane="2/2to1/2_0" slope="0.00"/>
        <vehicle id="4" x="11.48" y="201.65" angle="-90.00" type="DEFAULT_VEHTYPE" speed="13.13" pos="183.77" lane="1/1to0/1_0" slope="0.00"/>
        <vehicle id="41" x="86.40" y="401.65" angle="-90.00" type="DEFAULT_VEHTYPE" speed="13.17" pos="108.85" lane="1/2to0/2_0" slope="0.00"/>
        <vehicle id="42" x="157.44" y="201.65" angle="-90.00" type="DEFAULT_VEHTYPE" speed="12.70" pos="37.81" lane="1/1to0/1_0" slope="0.00"/>
        <vehicle id="43" x="398.35" y="615.68" angle="0.00" type="DEFAULT_VEHTYPE" speed="12.85" pos="184.32" lane="2/4to2/3_0" slope="0.00"/>
        <vehicle id="44" x="198.35" y="118.53" angle="0.00" type="DEFAULT_VEHTYPE" speed="12.63" pos="76.72" lane="1/1to1/0_0" slope="0.00"/>
        <vehicle id="46" x="392.23" y="598.35" angle="90.00" type="DEFAULT_VEHTYPE" speed="1.25" pos="187.48" lane="1/3to2/3_0" slope="0.00"/>
        <vehicle id="47" x="353.35" y="201.65" angle="-90.00" type="DEFAULT_VEHTYPE" speed="13.00" pos="41.90" lane="2/1to1/1_0" slope="0.00"/>
        <vehicle id="49" x="106.45" y="398.35" angle="90.00" type="DEFAULT_VEHTYPE" speed="13.54" pos="106.45" lane="0/2to1/2_0" slope="0.00"/>
        <vehicle id="6" x="201.65" y="346.85" angle="180.00" type="DEFAULT_VEHTYPE" speed="13.55" pos="142.10" lane="1/1to1/2_0" slope="0.00"/>
    </timestep>
    <timestep time="355.00">
        <vehicle id="1" x="330.16" y="401.65" angle="-90.00" type="DEFAULT_VEHTYPE" speed="12.76" pos="65.09" lane="2/2to1/2_0" slope="0.00"/>
        <vehicle id="11" x="401.65" y="703.37" angle="180.00" type="DEFAULT_VEHTYPE" speed="12.64" pos="98.62" lane="2/3to2/4_0" slope="0.00"/>
        <vehicle id="13" x="760.42" y="598.35" angle="90.00" type="DEFAULT_VEHTYPE" speed="13.12" pos="155.67" lane="3/3to4/3_0" slope="0.00"/>
        <vehicle id="17" x="401.65" y="667.16" angle="180.00" type="DEFAULT_VEHTYPE" speed="13.41" pos="62.41" lane="2/3to2/4_0" slope="0.00"/>
        <vehicle id="2" x="649.11" y="601.65" angle="-90.00" type="DEFAULT_VEHTYPE" speed="13.33" pos="150.89" lane="4/3to3/3_0" slope="0.00"/>
        <vehicle id="21" x="201.65" y="443.29" angle="180.00" type="DEFAULT_VEHTYPE" speed="12.65" pos="38.54" lane="1/2to1/3_0" slope="0.00"/>
        <vehicle id="23" x="108.41" y="401.65" angle="-90.00" type="DEFAULT_VEHTYPE" speed="12.88" pos="86.84" lane="1/2to0/2_0" slope="0.00"/>
        <vehicle id="25" x="500.78" y="198.35" angle="90.00" type="DEFAULT_VEHTYPE" speed="13.51" pos="96.03" lane="2/1to3/1_0" slope="0.00"/>
        <vehicle id="27" x="226.72" y="598.35" angle="90.00" type="DEFAULT_VEHTYPE" speed="13.09" pos="21.97" lane="1/3to2/3_0" slope="0.00"/>
        <vehicle id="29" x="609.63" y="201.65" angle="-90.00" type="DEFAULT_VEHTYPE" speed="2.66" pos="190.37" lane="4/1to3/1_0" slope="0.00"/>
        <vehicle id="3" x="398.35" y="716.96" angle="0.00" type="DEFAULT_VEHTYPE" speed="13.33" pos="83.04" lane="2/4to2/3_0" slope="0.00"/>
        <vehicle id="32" x="581.99" y="198.35" angle="90.00" type="DEFAULT_VEHTYPE" speed="9.09" pos="177.24" lane="2/1to3/1_0" slope="0.00"/>
        <vehicle id="37" x="56.01" y="198.35" angle="90.00" type="DEFAULT_VEHTYPE" speed="12.62" pos="56.01" lane="0/1to1/1_0" slope="0.00"/>
        <vehicle id="38" x="364.34" y="401.65" angle="-90.00" type="DEFAULT_VEHTYPE" speed="12.85" pos="30.91" lane="2/2to1/2_0" slope="0.00"/>
        <vehicle id="4" x="-0.94" y="201.03" angle="-82.65" type="DEFAULT_VEHTYPE" speed="12.60" pos="1.13" lane=":0/1_0_0" slope="0.00"/>
        <vehicle id="41" x="72.74" y="401.65" angle="-90.00" type="DEFAULT_VEHTYPE" speed="13.66" pos="122.51" lane="1/2to0/2_0" slope="0.00"/>
        <vehicle id="42" x="143.92" y="201.65" angle="-90.00" type="DEFAULT_VEHTYPE" speed="13.52" pos="51.33" lane="1/1to0/1_0" slope="0.00"/>
        <vehicle id="43" x="398.35" y="602.07" angle="0.00" type="DEFAULT_VEHTYPE" speed="13.62" pos="2.68" lane=":2/3_1_0" slope="0.00"/>
        <vehicle id="44" x="198.35" y="105.23" angle="0.00" type="DEFAULT_VEHTYPE" speed="13.30" pos="90.02" lane="1/1to1/0_0" slope="0.00"/>
        <vehicle id="46" x="392.59" y="598.35" angle="90.00" type="DEFAULT_VEHTYPE" speed="0.36" pos="187.84" lane="1/3to2/3_0" slope="0.00"/>
        <vehicle id="47" x="340.50" y="201.65" angle="-90.00" type="DEFAULT_VEHTYPE" speed="12.85" pos="54.75" lane="2/1to1/1_0" slope="0.00"/>
        <vehicle id="49" x="119.23" y="398.35" angle="90.00" type="DEFAULT_VEHTYPE" speed="12.79" pos="119.23" lane="0/2to1/2_0" slope="0.00"/>
        <vehicle id="6" x="201.65" y="359.96" angle="180.00" type="DEFAULT_VEHTYPE" speed="13.11" pos="155.21" lane="1/1to1/2_0" slope="0.00"/>
    </timestep>
    <timestep time="356.00">
        <vehicle id="1" x="316.74" y="401.65" angle="-90.00" type="DEFAULT_VEHTYPE" speed="13.42" pos="78.51" lane="2/2to1/2_0" slope="0.00"/>
        <vehicle id="11" x="401.65" y="716.39" angle="180.00" type="DEFAULT_VEHTYPE" speed="13.03" pos="111.64" lane="2/3to2/4_0" slope="0.00"/>
        <vehicle id="13" x="773.06" y="598.35" angle="90.00" type="DEFAULT_VEHTYPE" speed="12.64" pos="168.31" lane="3/3to4/3_0" slope="0.00"/>
        <vehicle id="17" x="401.65" y="680.62" angle="180.00" type="DEFAULT_VEHTYPE" speed="13.47" pos="75.87" lane="2/3to2/4_0" slope="0.00"/>
        <vehicle id="2" x="635.53" y="601.65" angle="-90.00" type="DEFAULT_VEHTYPE" speed="13.58" pos="164.47" lane="4/3to3/3_0" slope="0.00"/>
        <vehicle id="21" x="201.65" y="456.05" angle="180.00" type="DEFAULT_VEHTYPE" speed="12.75" pos="51.30" lane="1/2to1/3_0" slope="0.00"/>
        <vehicle id="23" x="95.23" y="401.65" angle="-90.00" type="DEFAULT_VEHTYPE" speed="13.18" pos="100.02" lane="1/2to0/2_0" slope="0.00"/>
        <vehicle id="25" x="513.79" y="198.35" angle="90.00" type="DEFAULT_VEHTYPE" speed="13.01" pos="109.04" lane="2/1to3/1_0" slope="0.00"/>
        <vehicle id="27" x="239.75" y="598.35" angle="90.00" type="DEFAULT_VEHTYPE" speed="13.02" pos="35.00" lane="1/3to2/3_0" slope="0.00"/>
        <vehicle id="29" x="605.44" y="201.65" angle="-90.00" type="DEFAULT_VEHTYPE" speed="4.18" pos="194.56" lane="4/1to3/1_0" slope="0.00"/>
        <vehicle id="3" x="398.35" y="703.22" angle="0.00" type="DEFAULT_VEHTYPE" speed="13.74" pos="96.78" lane="2/4to2/3_0" slope="0.00"/>
        <vehicle id="32" x="587.67" y="198.35" angle="90.00" type="DEFAULT_VEHTYPE" speed="5.68" pos="182.92" lane="2/1to3/1_0" slope="0.00"/>
        <vehicle id="37" x="69.40" y="198.35" angle="90.00" type="DEFAULT_VEHTYPE" speed="13.39" pos="69.40" lane="0/1to1/1_0" slope="0.00"/>
        <vehicle id="38" x="351.70" y="401.65" angle="-90.00" type="DEFAULT_VEHTYPE" speed="12.64" pos="43.55" lane="2/2to1/2_0" slope="0.00"/>
        <vehicle id="4" x="9.59" y="198.35" angle="90.00" type="DEFAULT_VEHTYPE" speed="13.28" pos="9.59" lane="0/1to1/1_0" slope="0.00"/>
        <vehicle id="41" x="59.67" y="401.65" angle="-90.00" type="DEFAULT_VEHTYPE" speed="13.07" pos="135.58" lane="1/2to0/2_0" slope="0.00"/>
        <vehicle id="42" x="130.12" y="201.65" angle="-90.00" type="DEFAULT_VEHTYPE" speed="13.80" pos="65.13" lane="1/1to0/1_0" slope="0.00"/>
        <vehicle id="43" x="398.35" y="588.92" angle="0.00" type="DEFAULT_VEHTYPE" speed="13.15" pos="6.33" lane="2/3to2/2_0" slope="0.00"/>
        <vehicle id="44" x="198.35" y="91.47" angle="0.00" type="DEFAULT_VEHTYPE" speed="13.76" pos="103.78" lane="1/1to1/0_0" slope="0.00"/>
        <vehicle id="46" x="392.69" y="598.35" angle="90.00" type="DEFAULT_VEHTYPE" speed="0.10" pos="187.94" lane="1/3to2/3_0" slope="0.00"/>
        <vehicle id="47" x="327.55" y="201.65" angle="-90.00" type="DEFAULT_VEHTYPE" speed="12.95" pos="67.70" lane="2/1to1/1_0" slope="0.00"/>
        <vehicle id="49" x="131.99" y="398.35" angle="90.00" type="DEFAULT_VEHTYPE" speed="12.75" pos="131.99" lane="0/2to1/2_0" slope="0.00"/>
        <vehicle id="6" x="201.65" y="372.59" angle="180.00" type="DEFAULT_VEHTYPE" speed="12.64" pos="167.84" lane="1/1to1/2_0" slope="0.00"/>
    </timestep>
    <timestep time="357.00">
        <vehicle id="1" x="303.45" y="401.65" angle="-90.00" type="DEFAULT_VEHTYPE" speed="13.30" pos="91.80" lane="2/2to1/2_0" slope="0.00"/>
        <vehicle id="11" x="401.65" y="730.15" angle="180.00" type="DEFAULT_VEHTYPE" speed="13.76" pos="125.40" lane="2/3to2/4_0" slope="0.00"/>
        <vehicle id="13" x="786.71" y="598.35" angle="90.00" type="DEFAULT_VEHTYPE" speed="13.65" pos="181.96" lane="3/3to4/3_0" slope="0.00"/>
        <vehicle id="17" x="401.65" y="693.92" angle="180.00" type="DEFAULT_VEHTYPE" speed="13.29" pos="89.17" lane="2/3to2/4_0" slope="0.00"/>
        <vehicle id="2" x="623.87" y="601.65" angle="-90.00" type="DEFAULT_VEHTYPE" speed="11.66" pos="176.13" lane="4/3to3/3_0" slope="0.00"/>
        <vehicle id="21" x="201.65" y="469.14" angle="180.00" type="DEFAULT_VEHTYPE" speed="13.10" pos="64.39" lane="1/2to1/3_0" slope="0.00"/>
        <vehicle id="23" x="82.36" y="401.65" angle="-90.00" type="DEFAULT_VEHTYPE" speed="12.87" pos="112.89" lane="1/2to0/2_0" slope="0.00"/>
        <vehicle id="25" x="526.62" y="198.35" angle="90.00" type="DEFAULT_VEHTYPE" speed="12.83" pos="121.87" lane="2/1to3/1_0" slope="0.00"/>
        <vehicle id="27" x="252.88" y="598.35" angle="90.00" type="DEFAULT_VEHTYPE" speed="13.13" pos="48.13" lane="1/3to2/3_0" slope="0.00"/>
        <vehicle id="29" x="601.65" y="205.43" angle="-146.67" type="DEFAULT_VEHTYPE" speed="6.37" pos="0.68" lane="3/1to3/2_0" slope="0.00"/>
        <vehicle id="3" x="398.35" y="689.45" angle="0.00" type="DEFAULT_VEHTYPE" speed="13.77" pos="110.55" lane="2/4to2/3_0" slope="0.00"/>
        <vehicle id="32" x="590.38" y="198.35" angle="90.00" type="DEFAULT_VEHTYPE" speed="2.71" pos="185.63" lane="2/1to3/1_0" slope="0.00"/>
        <vehicle id="37" x="82.89" y="198.35" angle="90.00" type="DEFAULT_VEHTYPE" speed="13.49" pos="82.89" lane="0/1to1/1_0" slope="0.00"/>
        <vehicle id="38" x="338.55" y="401.65" angle="-90.00" type="DEFAULT_VEHTYPE" speed="13.16" pos="56.70" lane="2/2to1/2_0" slope="0.00"/>
        <vehicle id="4" x="22.73" y="198.35" angle="90.00" type="DEFAULT_VEHTYPE" speed="13.15" pos="22.73" lane="0/1to1/1_0" slope="0.00"/>
        <vehicle id="41" x="45.95" y="401.65" angle="-90.00" type="DEFAULT_VEHTYPE" speed="13.72" pos="149.30" lane="1/2to0/2_0" slope="0.00"/>
        <vehicle id="42" x="116.58" y="201.65" angle="-90.00" type="DEFAULT_VEHTYPE" speed="13.53" pos="78.67" lane="1/1to0/1_0" slope="0.00"/>
        <vehicle id="43" x="398.35" y="575.90" angle="0.00" type="DEFAULT_VEHTYPE" speed="13.01" pos="19.35" lane="2/3to2/2_0" slope="0.00"/>
        <vehicle id="44" x="198.35" y="78.16" angle="0.00" type="DEFAULT_VEHTYPE" speed="13.31" pos="117.09" lane="1/1to1/0_0" slope="0.00"/>
        <vehicle id="46" x="394.09" y="598.35" angle="90.00" type="DEFAULT_VEHTYPE" speed="1.40" pos="189.34" lane="1/3to2/3_0" slope="0.00"/>
        <vehicle id="47" x="314.87" y="201.65" angle="-90.00" type="DEFAULT_VEHTYPE" speed="12.68" pos="80.38" lane="2/1to1/1_0" slope="0.00"/>
        <vehicle id="49" x="145.57" y="398.35" angle="90.00" type="DEFAULT_VEHTYPE" speed="13.58" pos="145.57" lane="0/2to1/2_0" slope="0.00"/>
        <vehicle id="6" x="201.65" y="386.22" angle="180.00" type="DEFAULT_VEHTYPE" speed="13.62" pos="181.47" lane="1/1to1/2_0" slope="0.00"/>
    </timestep>
    <timestep time="358.00">
        <vehicle id="1" x="289.81" y="401.65" angle="-90.00" type="DEFAULT_VEHTYPE" speed="13.64" pos="105.44" lane="2/2to1/2_0" slope="0.00"/>
        <vehicle id="11" x="401.65" y="743.75" angle="180.00" type="DEFAULT_VEHTYPE" speed="13.60" pos="139.00" lane="2/3to2/4_0" slope="0.00"/>
        <vehicle id="13" x="800.43" y="598.64" angle="93.39" type="DEFAULT_VEHTYPE" speed="13.81" pos="0.52" lane=":4/3_0_0" slope="0.00"/>
        <vehicle id="17" x="401.65" y="707.54" angle="180.00" type="DEFAULT_VEHTYPE" speed="13.62" pos="102.79" lane="2/3to2/4_0" slope="0.00"/>
        <vehicle id="2" x="616.26" y="601.65" angle="-90.00" type="DEFAULT_VEHTYPE" speed="7.61" pos="183.74" lane="4/3to3/3_0" slope="0.00"/>
        <vehicle id="21" x="201.65" y="482.19" angle="180.00" type="DEFAULT_VEHTYPE" speed="13.05" pos="77.44" lane="1/2to1/3_0" slope="0.00"/>
        <vehicle id="23" x="69.46" y="401.65" angle="-90.00" type="DEFAULT_VEHTYPE" speed="12.90" pos="125.79" lane="1/2to0/2_0" slope="0.00"/>
        <vehicle id="25" x="539.95" y="198.35" angle="90.00" type="DEFAULT_VEHTYPE" speed="13.33" pos="135.20" lane="2/1to3/1_0" slope="0.00"/>
        <vehicle id="27" x="266.03" y="598.35" angle="90.00" type="DEFAULT_VEHTYPE" speed="13.15" pos="61.28" lane="1/3to2/3_0" slope="0.00"/>
        <vehicle id="29" x="601.65" y="214.21" angle="180.00" type="DEFAULT_VEHTYPE" speed="8.77" pos="9.46" lane="3/1to3/2_0" slope="0.00"/>
        <vehicle id="3" x="398.35" y="675.70" angle="0.00" type="DEFAULT_VEHTYPE" speed="13.75" pos="124.30" lane="2/4to2/3_0" slope="0.00"/>
        <vehicle id="32" x="591.90" y="198.35" angle="90.00" type="DEFAULT_VEHTYPE" speed="1.52" pos="187.15" lane="2/1to3/1_0" slope="0.00"/>
        <vehicle id="37" x="95.87" y="198.35" angle="90.00" type="DEFAULT_VEHTYPE" speed="12.97" pos="95.87" lane="0/1to1/1_0" slope="0.00"/>
        <vehicle id="38" x="325.81" y="401.65" angle="-90.00" type="DEFAULT_VEHTYPE" speed="12.73" pos="69.44" lane="2/2to1/2_0" slope="0.00"/>
        <vehicle id="4" x="35.97" y="198.35" angle="90.00" type="DEFAULT_VEHTYPE" speed="13.24" pos="35.97" lane="0/1to1/1_0" slope="0.00"/>
        <vehicle id="41" x="32.59" y="401.65" angle="-90.00" type="DEFAULT_VEHTYPE" speed="13.36" pos="162.66" lane="1/2to0/2_0" slope="0.00"/>
        <vehicle id="42" x="102.90" y="201.65" angle="-90.00" type="DEFAULT_VEHTYPE" speed="13.68" pos="92.35" lane="1/1to0/1_0" slope="0.00"/>
        <vehicle id="43" x="398.35" y="562.27" angle="0.00" type="DEFAULT_VEHTYPE" speed="13.63" pos="32.98" lane="2/3to2/2_0" slope="0.00"/>
        <vehicle id="44" x="198.35" y="65.46" angle="0.00" type="DEFAULT_VEHTYPE" speed="12.69" pos="129.79" lane="1/1to1/0_0" slope="0.00"/>
        <vehicle id="46" x="397.01" y="598.60" angle="92.88" type="DEFAULT_VEHTYPE" speed="2.93" pos="1.77" lane=":2/3_14_0" slope="0.00"/>
        <vehicle id="47" x="301.17" y="201.65" angle="-90.00" type="DEFAULT_VEHTYPE" speed="13.70" pos="94.08" lane="2/1to1/1_0" slope="0.00"/>
        <vehicle id="49" x="159.30" y="398.35" angle="90.00" type="DEFAULT_VEHTYPE" speed="13.73" pos="159.30" lane="0/2to1/2_0" slope="0.00"/>
        <vehicle id="6" x="201.65" y="399.54" angle="180.00" type="DEFAULT_VEHTYPE" speed="13.32" pos="4.29" lane=":1/2_9_0" slope="0.00"/>
    </timestep>
    <timestep time="359.00">
        <vehicle id="1" x="276.21" y="401.65" angle="-90.00" type="DEFAULT_VEHTYPE" speed="13.60" pos="119.04" lane="2/2to1/2_0" slope="0.00"/>
        <vehicle id="11" x="401.65" y="757.43" angle="180.00" type="DEFAULT_VEHTYPE" speed="13.67" pos="152.68" lane="2/3to2/4_0" slope="0.00"/>
        <vehicle id="13" x="790.75" y="601.65" angle="-90.00" type="DEFAULT_VEHTYPE" speed="13.55" pos="9.25" lane="4/3to3/3_0" slope="0.00"/>
        <vehicle id="17" x="401.65" y="720.23" angle="180.00" type="DEFAULT_VEHTYPE" speed="12.70" pos="115.48" lane="2/3to2/4_0" slope="0.00"/>
        <vehicle id="2" x="611.58" y="601.65" angle="-90.00" type="DEFAULT_VEHTYPE" speed="4.68" pos="188.42" lane="4/3to3/3_0" slope="0.00"/>
        <vehicle id="21" x="201.65" y="494.89" angle="180.00" type="DEFAULT_VEHTYPE" speed="12.70" pos="90.14" lane="1/2to1/3_0" slope="0.00"/>
        <vehicle id="23" x="56.28" y="401.65" angle="-90.00" type="DEFAULT_VEHTYPE" speed="13.17" pos="138.97" lane="1/2to0/2_0" slope="0.00"/>
        <vehicle id="25" x="552.99" y="198.35" angle="90.00" type="DEFAULT_VEHTYPE" speed="13.03" pos="148.24" lane="2/1to3/1_0" slope="0.00"/>
        <vehicle id="27" x="279.30" y="598.35" angle="90.00" type="DEFAULT_VEHTYPE" speed="13.28" pos="74.55" lane="1/3to2/3_0" slope="0.00"/>
        <vehicle id="29" x="601.65" y="225.48" angle="180.00" type="DEFAULT_VEHTYPE" speed="11.27" pos="20.73" lane="3/1to3/2_0" slope="0.00"/>
        <vehicle id="3" x="398.35" y="663.03" angle="0.00" type="DEFAULT_VEHTYPE" speed="12.67" pos="136.97" lane="2/4to2/3_0" slope="0.00"/>
        <vehicle id="32" x="595.19" y="198.35" angle="90.00" type="DEFAULT_VEHTYPE" speed="3.30" pos="190.44" lane="2/1to3/1_0" slope="0.00"/>
        <vehicle id="37" x="108.98" y="198.35" angle="90.00" type="DEFAULT_VEHTYPE" speed="13.11" pos="108.98" lane="0/1to1/1_0" slope="0.00"/>
        <vehicle id="38" x="312.15" y="401.65" angle="-90.00" type="DEFAULT_VEHTYPE" speed="13.66" pos="83.10" lane="2/2to1/2_0" slope="0.00"/>
        <vehicle id="4" x="48.67" y="198.35" angle="90.00" type="DEFAULT_VEHTYPE" speed="12.70" pos="48.67" lane="0/1to1/1_0" slope="0.00"/>
        <vehicle id="41" x="19.57" y="401.65" angle="-90.00" type="DEFAULT_VEHTYPE" speed="13.02" pos="175.68" lane="1/2to0/2_0" slope="0.00"/>
        <vehicle id="42" x="90.16" y="201.65" angle="-90.00" type="DEFAULT_VEHTYPE" speed="12.74" pos="105.09" lane="1/1to0/1_0" slope="0.00"/>
        <vehicle id="43" x="398.35" y="549.03" angle="0.00" type="DEFAULT_VEHTYPE" speed="13.24" pos="46.22" lane="2/3to2/2_0" slope="0.00"/>
        <vehicle id="44" x="198.35" y="51.88" angle="0.00" type="DEFAULT_VEHTYPE" speed="13.58" pos="143.37" lane="1/1to1/0_0" slope="0.00"/>
        <vehicle id="46" x="400.64" y="600.94" angle="120.43" type="DEFAULT_VEHTYPE" speed="4.54" pos="6.31" lane=":2/3_14_0" slope="0.00"/>
        <vehicle id="47" x="287.46" y="201.65" angle="-90.00" type="DEFAULT_VEHTYPE" speed="13.71" pos="107.79" lane="2/1to1/1_0" slope="0.00"/>
        <vehicle id="49" x="172.54" y="398.35" angle="90.00" type="DEFAULT_VEHTYPE" speed="13.24" pos="172.54" lane="0/2to1/2_0" slope="0.00"/>
        <vehicle id="6" x="201.65" y="413.30" angle="180.00" type="DEFAULT_VEHTYPE" speed="13.76" pos="8.55" lane="1/2to1/3_0" slope="0.00"/>
    </timestep>
    <timestep time="360.00">
        <vehicle id="1" x="262.96" y="401.65" angle="-90.00" type="DEFAULT_VEHTYPE" speed="13.25" pos="132.29" lane="2/2to1/2_0" slope="0.00"/>
        <vehicle id="11" x="401.65" y="770.44" angle="180.00" type="DEFAULT_VEHTYPE" speed="13.01" pos="165.69" lane="2/3to2/4_0" slope="0.00"/>
        <vehicle id="13" x="778.06" y="601.65" angle="-90.00" type="DEFAULT_VEHTYPE" speed="12.69" pos="21.94" lane="4/3to3/3_0" slope="0.00"/>
        <vehicle id="17" x="401.65" y="733.00" angle="180.00" type="DEFAULT_VEHTYPE" speed="12.77" pos="128.25" lane="2/3to2/4_0" slope="0.00"/>
        <vehicle id="2" x="604.64" y="601.63" angle="-89.83" type="DEFAULT_VEHTYPE" speed="6.94" pos="0.11" lane=":3/3_6_0" slope="0.00"/>
        <vehicle id="21" x="201.65" y="508.02" angle="180.00" type="DEFAULT_VEHTYPE" speed="13.12" pos="103.27" lane="1/2to1/3_0" slope="0.00"/>
        <vehicle id="23" x="42.95" y="401.65" angle="-90.00" type="DEFAULT_VEHTYPE" speed="13.33" pos="152.30" lane="1/2to0/2_0" slope="0.00"/>
        <vehicle id="25" x="566.64" y="198.35" angle="90.00" type="DEFAULT_VEHTYPE" speed="13.65" pos="161.89" lane="2/1to3/1_0" slope="0.00"/>
        <vehicle id="27" x="292.11" y="598.35" angle="90.00" type="DEFAULT_VEHTYPE" speed="12.81" pos="87.36" lane="1/3to2/3_0" slope="0.00"/>
        <vehicle id="29" x="601.65" y="238.14" angle="180.00" type="DEFAULT_VEHTYPE" speed="12.66" pos="33.39" lane="3/1to3/2_0" slope="0.00"/>
        <vehicle id="3" x="398.35" y="650.41" angle="0.00" type="DEFAULT_VEHTYPE" speed="12.63" pos="149.59" lane="2/4to2/3_0" slope="0.00"/>
        <vehicle id="32" x="600.28" y="200.33" angle="113.17" type="DEFAULT_VEHTYPE" speed="5.66" pos="5.61" lane=":3/1_14_0" slope="0.00"/>
        <vehicle id="37" x="122.00" y="198.35" angle="90.00" type="DEFAULT_VEHTYPE" speed="13.02" pos="122.00" lane="0/1to1/1_0" slope="0.00"/>
        <vehicle id="38" x="298.60" y="401.65" angle="-90.00" type="DEFAULT_VEHTYPE" speed="13.56" pos="96.65" lane="2/2to1/2_0" slope="0.00"/>
        <vehicle id="4" x="62.28" y="198.35" angle="90.00" type="DEFAULT_VEHTYPE" speed="13.61" pos="62.28" lane="0/1to1/1_0" slope="0.00"/>
        <vehicle id="41" x="5.72" y="401.65" angle="-90.00" type="DEFAULT_VEHTYPE" speed="13.85" pos="189.53" lane="1/2to0/2_0" slope="0.00"/>
        <vehicle id="42" x="76.92" y="201.65" angle="-90.00" type="DEFAULT_VEHTYPE" speed="13.24" pos="118.33" lane="1/1to0/1_0" slope="0.00"/>
        <vehicle id="43" x="398.35" y="535.37" angle="0.00" type="DEFAULT_VEHTYPE" speed="13.66" pos="59.88" lane="2/3to2/2_0" slope="0.00"/>
        <vehicle id="44" x="198.35" y="38.01" angle="0.00" type="DEFAULT_VEHTYPE" speed="13.87" pos="157.24" lane="1/1to1/0_0" slope="0.00"/>
        <vehicle id="46" x="401.65" y="607.43" angle="176.22" type="DEFAULT_VEHTYPE" speed="6.68" pos="2.68" lane="2/3to2/4_0" slope="0.00"/>
        <vehicle id="47" x="274.86" y="201.65" angle="-90.00" type="DEFAULT_VEHTYPE" speed="12.60" pos="120.39" lane="2/1to1/1_0" slope="0.00"/>
        <vehicle id="49" x="181.35" y="398.35" angle="90.00" type="DEFAULT_VEHTYPE" speed="8.81" pos="181.35" lane="0/2to1/2_0" slope="0.00"/>
        <vehicle id="6" x="201.65" y="426.58" angle="180.00" type="DEFAULT_VEHTYPE" speed="13.28" pos="21.83" lane="1/2to1/3_0" slope="0.00"/>
    </timestep>
    <timestep time="361.00">
        <vehicle id="1" x="250.02" y="401.65" angle="-90.00" type="DEFAULT_VEHTYPE" speed="12.94" pos="145.23" lane="2/2to1/2_0" slope="0.00"/>
        <vehicle id="11" x="401.65" y="783.93" angle="180.00" type="DEFAULT_VEHTYPE" speed="13.49" pos="179.18" lane="2/3to2/4_0" slope="0.00"/>
        <vehicle id="13" x="764.94" y="601.65" angle="-90.00" type="DEFAULT_VEHTYPE" speed="13.12" pos="35.06" lane="4/3to3/3_0" slope="0.00"/>
        <vehicle id="17" x="401.65" y="746.88" angle="180.00" type="DEFAULT_VEHTYPE" speed="13.88" pos="142.13" lane="2/3to2/4_0" slope="0.00"/>
        <vehicle id="2" x="598.63" y="597.18" angle="-37.01" type="DEFAULT_VEHTYPE" speed="8.27" pos="8.37" lane=":3/3_6_0" slope="0.00"/>
        <vehicle id="21" x="201.65" y="521.59" angle="180.00" type="DEFAULT_VEHTYPE" speed="13.58" pos="116.84" lane="1/2to1/3_0" slope="0.00"/>
        <vehicle id="23" x="29.06" y="401.65" angle="-90.00" type="DEFAULT_VEHTYPE" speed="13.90" pos="166.19" lane="1/2to0/2_0" slope="0.00"/>
        <vehicle id="25" x="576.88" y="198.35" angle="90.00" type="DEFAULT_VEHTYPE" speed="10.24" pos="172.13" lane="2/1to3/1_0" slope="0.00"/>
        <vehicle id="27" x="304.92" y="598.35" angle="90.00" type="DEFAULT_VEHTYPE" speed="12.81" pos="100.17" lane="1/3to2/3_0" slope="0.00"/>
        <vehicle id="29" x="601.65" y="251.01" angle="180.00" type="DEFAULT_VEHTYPE" speed="12.88" pos="46.26" lane="3/1to3/2_0" slope="0.00"/>
        <vehicle id="3" x="398.35" y="637.47" angle="0.00" type="DEFAULT_VEHTYPE" speed="12.94" pos="162.53" lane="2/4to2/3_0" slope="0.00"/>
        <vehicle id="32" x="601.65" y="208.14" angle="177.38" type="DEFAULT_VEHTYPE" speed="8.11" pos="3.39" lane="3/1to3/2_0" slope="0.00"/>
        <vehicle id="37" x="135.18" y="198.35" angle="90.00" type="DEFAULT_VEHTYPE" speed="13.18" pos="135.18" lane="0/1to1/1_0" slope="0.00"/>
        <vehicle id="38" x="284.90" y="401.65" angle="-90.00" type="DEFAULT_VEHTYPE" speed="13.69" pos="110.35" lane="2/2to1/2_0" slope="0.00"/>
        <vehicle id="4" x="74.92" y="198.35" angle="90.00" type="DEFAULT_VEHTYPE" speed="12.64" pos="74.92" lane="0/1to1/1_0" slope="0.00"/>
        <vehicle id="41" x="3.13" y="398.35" angle="75.50" type="DEFAULT_VEHTYPE" speed="13.66" pos="3.13" lane="0/2to1/2_0" slope="0.00"/>
        <vehicle id="42" x="64.02" y="201.65" angle="-90.00" type="DEFAULT_VEHTYPE" speed="12.90" pos="131.23" lane="1/1to0/1_0" slope="0.00"/>
        <vehicle id="43" x="398.35" y="521.68" angle="0.00" type="DEFAULT_VEHTYPE" speed="13.68" pos="73.57" lane="2/3to2/2_0" slope="0.00"/>
        <vehicle id="44" x="198.35" y="24.53" angle="0.00" type="DEFAULT_VEHTYPE" speed="13.48" pos="170.72" lane="1/1to1/0_0" slope="0.00"/>
        <vehicle id="46" x="401.65" y="616.57" angle="180.00" type="DEFAULT_VEHTYPE" speed="9.14" pos="11.82" lane="2/3to2/4_0" slope="0.00"/>
        <vehicle id="47" x="261.19" y="201.65" angle="-90.00" type="DEFAULT_VEHTYPE" speed="13.67" pos="134.06" lane="2/1to1/1_0" slope="0.00"/>
        <vehicle id="49" x="186.77" y="398.35" angle="90.00" type="DEFAULT_VEHTYPE" speed="5.42" pos="186.77" lane="0/2to1/2_0" slope="0.00"/>
        <vehicle id="6" x="201.65" y="440.32" angle="180.00" type="DEFAULT_VEHTYPE" speed="13.74" pos="35.57" lane="1/2to1/3_0" slope="0.00"/>
    </timestep>
    <timestep time="362.00">
        <vehicle id="1" x="236.39" y="401.65" angle="-90.00" type="DEFAULT_VEHTYPE" speed="13.63" pos="158.86" lane="2/2to1/2_0" slope="0.00"/>
        <vehicle id="11" x="401.65" y="797.12" angle="180.00" type="DEFAULT_VEHTYPE" speed="13.19" pos="192.37" lane="2/3to2/4_0" slope="0.00"/>
        <vehicle id="13" x="751.42" y="601.65" angle="-90.00" type="DEFAULT_VEHTYPE" speed="13.52" pos="48.58" lane="4/3to3/3_0" slope="0.00"/>
        <vehicle id="17" x="401.65" y="760.71" angle="180.00" type="DEFAULT_VEHTYPE" speed="13.83" pos="155.96" lane="2/3to2/4_0" slope="0.00"/>
        <vehicle id="2" x="598.35" y="587.44" angle="0.00" type="DEFAULT_VEHTYPE" speed="9.76" pos="7.81" lane="3/3to3/2_0" slope="0.00"/>
        <vehicle id="21" x="201.65" y="534.91" angle="180.00" type="DEFAULT_VEHTYPE" speed="13.31" pos="130.16" lane="1/2to1/3_0" slope="0.00"/>
        <vehicle id="23" x="15.59" y="401.65" angle="-90.00" type="DEFAULT_VEHTYPE" speed="13.47" pos="179.66" lane="1/2to0/2_0" slope="0.00"/>
        <vehicle id="25" x="584.59" y="198.35" angle="90.00" type="DEFAULT_VEHTYPE" speed="7.71" pos="179.84" lane="2/1to3/1_0" slope="0.00"/>
        <vehicle id="27" x="317.58" y="598.35" angle="90.00" type="DEFAULT_VEHTYPE" speed="12.66" pos="112.83" lane="1/3to2/3_0" slope="0.00"/>
        <vehicle id="29" x="601.65" y="264.81" angle="180.00" type="DEFAULT_VEHTYPE" speed="13.80" pos="60.06" lane="3/1to3/2_0" slope="0.00"/>
        <vehicle id="3" x="398.35" y="624.84" angle="0.00" type="DEFAULT_VEHTYPE" speed="12.63" pos="175.16" lane="2/4to2/3_0" slope="0.00"/>
        <vehicle id="32" x="601.65" y="218.47" angle="180.00" type="DEFAULT_VEHTYPE" speed="10.33" pos="13.72" lane="3/1to3/2_0" slope="0.00"/>
        <vehicle id="37" x="148.23" y="198.35" angle="90.00" type="DEFAULT_VEHTYPE" speed="13.05" pos="148.23" lane="0/1to1/1_0" slope="0.00"/>
        <vehicle id="38" x="271.18" y="401.65" angle="-90.00" type="DEFAULT_VEHTYPE" speed="13.72" pos="124.07" lane="2/2to1/2_0" slope="0.00"/>
        <vehicle id="4" x="88.00" y="198.35" angle="90.00" type="DEFAULT_VEHTYPE" speed="13.08" pos="88.00" lane="0/1to1/1_0" slope="0.00"/>
        <vehicle id="41" x="16.18" y="398.35" angle="90.00" type="DEFAULT_VEHTYPE" speed="13.05" pos="16.18" lane="0/2to1/2_0" slope="0.00"/>
        <vehicle id="42" x="50.71" y="201.65" angle="-90.00" type="DEFAULT_VEHTYPE" speed="13.31" pos="144.54" lane="1/1to0/1_0" slope="0.00"/>
        <vehicle id="43" x="398.35" y="508.50" angle="0.00" type="DEFAULT_VEHTYPE" speed="13.19" pos="86.75" lane="2/3to2/2_0" slope="0.00"/>
        <vehicle id="44" x="198.35" y="10.91" angle="0.00" type="DEFAULT_VEHTYPE" speed="13.61" pos="184.34" lane="1/1to1/0_0" slope="0.00"/>
        <vehicle id="46" x="401.65" y="627.21" angle="180.00" type="DEFAULT_VEHTYPE" speed="10.64" pos="22.46" lane="2/3to2/4_0" slope="0.00"/>
        <vehicle id="47" x="248.05" y="201.65" angle="-90.00" type="DEFAULT_VEHTYPE" speed="13.14" pos="147.20" lane="2/1to1/1_0" slope="0.00"/>
        <vehicle id="49" x="190.00" y="398.35" angle="90.00" type="DEFAULT_VEHTYPE" speed="3.23" pos="190.00" lane="0/2to1/2_0" slope="0.00"/>
        <vehicle id="6" x="201.65" y="454.15" angle="180.00" type="DEFAULT_VEHTYPE" speed="13.83" pos="49.40" lane="1/2to1/3_0" slope="0.00"/>
    </timestep>
    <timestep time="363.00">
        <vehicle id="1" x="224.45" y="401.65" angle="-90.00" type="DEFAULT_VEHTYPE" speed="11.93" pos="170.80" lane="2/2to1/2_0" slope="0.00"/>
        <vehicle id="11" x="398.35" y="794.46" angle="0.00" type="DEFAULT_VEHTYPE" speed="13.24" pos="5.54" lane="2/4to2/3_0" slope="0.00"/>
        <vehicle id="13" x="738.74" y="601.65" angle="-90.00" type="DEFAULT_VEHTYPE" speed="12.68" pos="61.26" lane="4/3to3/3_0" slope="0.00"/>
        <vehicle id="17" x="401.65" y="773.61" angle="180.00" type="DEFAULT_VEHTYPE" speed="12.90" pos="168.86" lane="2/3to2/4_0" slope="0.00"/>
        <vehicle id="2" x="598.35" y="575.54" angle="0.00" type="DEFAULT_VEHTYPE" speed="11.89" pos="19.71" lane="3/3to3/2_0" slope="0.00"/>
        <vehicle id="21" x="201.65" y="548.10" angle="180.00" type="DEFAULT_VEHTYPE" speed="13.20" pos="143.35" lane="1/2to1/3_0" slope="0.00"/>
        <vehicle id="23" x="2.87" y="401.65" angle="-90.00" type="DEFAULT_VEHTYPE" speed="12.72" pos="192.38" lane="1/2to0/2_0" slope="0.00"/>
        <vehicle id="25" x="588.87" y="198.35" angle="90.00" type="DEFAULT_VEHTYPE" speed="4.28" pos="184.12" lane="2/1to3/1_0" slope="0.00"/>
        <vehicle id="27" x="330.26" y="598.35" angle="90.00" type="DEFAULT_VEHTYPE" speed="12.67" pos="125.51" lane="1/3to2/3_0" slope="0.00"/>
        <vehicle id="29" x="601.65" y="278.04" angle="180.00" type="DEFAULT_VEHTYPE" speed="13.23" pos="73.29" lane="3/1to3/2_0" slope="0.00"/>
        <vehicle id="3" x="398.35" y="611.17" angle="0.00" type="DEFAULT_VEHTYPE" speed="13.66" pos="188.83" lane="2/4to2/3_0" slope="0.00"/>
        <vehicle id="32" x="601.65" y="230.47" angle="180.00" type="DEFAULT_VEHTYPE" speed="11.99" pos="25.72" lane="3/1to3/2_0" slope="0.00"/>
        <vehicle id="37" x="162.06" y="198.35" angle="90.00" type="DEFAULT_VEHTYPE" speed="13.83" pos="162.06" lane="0/1to1/1_0" slope="0.00"/>
        <vehicle id="38" x="257.93" y="401.65" angle="-90.00" type="DEFAULT_VEHTYPE" speed="13.26" pos="137.32" lane="2/2to1/2_0" slope="0.00"/>
        <vehicle id="4" x="101.22" y="198.35" angle="90.00" type="DEFAULT_VEHTYPE" speed="13.22" pos="101.22" lane="0/1to1/1_0" slope="0.00"/>
        <vehicle id="41" x="29.40" y="398.35" angle="90.00" type="DEFAULT_VEHTYPE" speed="13.22" pos="29.40" lane="0/2to1/2_0" slope="0.00"/>
        <vehicle id="42" x="36.97" y="201.65" angle="-90.00" type="DEFAULT_VEHTYPE" speed="13.74" pos="158.28" lane="1/1to0/1_0" slope="0.00"/>
        <vehicle id="43" x="398.35" y="495.37" angle="0.00" type="DEFAULT_VEHTYPE" speed="13.13" pos="99.88" lane="2/3to2/2_0" slope="0.00"/>
        <vehicle id="44" x="200.21" y="-1.55" angle="25.42" type="DEFAULT_VEHTYPE" speed="13.56" pos="2.64" lane=":1/0_0_0" slope="0.00"/>
        <vehicle id="46" x="401.65" y="639.89" angle="180.00" type="DEFAULT_VEHTYPE" speed="12.69" pos="35.14" lane="2/3to2/4_0" slope="0.00"/>
        <vehicle id="47" x="235.33" y="201.65" angle="-90.00" type="DEFAULT_VEHTYPE" speed="12.71" pos="159.92" lane="2/1to1/1_0" slope="0.00"/>
        <vehicle id="49" x="191.58" y="398.35" angle="90.00" type="DEFAULT_VEHTYPE" speed="1.58" pos="191.58" lane="0/2to1/2_0" slope="0.00"/>
        <vehicle id="6" x="201.65" y="468.02" angle="180.00" type="DEFAULT_VEHTYPE" speed="13.87" pos="63.27" lane="1/2to1/3_0" slope="0.00"/>
    </timestep>
    <timestep time="364.00">
        <vehicle id="1" x="216.04" y="401.65" angle="-90.00" type="DEFAULT_VEHTYPE" speed="8.42" pos="179.21" lane="2/2to1/2_0" slope="0.00"/>
        <vehicle id="11" x="398.35" y="781.78" angle="0.00" type="DEFAULT_VEHTYPE" speed="12.68" pos="18.22" lane="2/4to2/3_0" slope="0.00"/>
        <vehicle id="13" x="725.72" y="601.65" angle="-90.00" type="DEFAULT_VEHTYPE" speed="13.01" pos="74.28" lane="4/3to3/3_0" slope="0.00"/>
        <vehicle id="17" x="401.65" y="786.82" angle="180.00" type="DEFAULT_VEHTYPE" speed="13.21" pos="182.07" lane="2/3to2/4_0" slope="0.00"/>
        <vehicle id="2" x="598.35" y="562.92" angle="0.00" type="DEFAULT_VEHTYPE" speed="12.62" pos="32.33" lane="3/3to3/2_0" slope="0.00"/>
        <vehicle id="21" x="201.65" y="561.18" angle="180.00" type="DEFAULT_VEHTYPE" speed="13.08" pos="156.43" lane="1/2to1/3_0" slope="0.00"/>
        <vehicle id="23" x="5.90" y="398.35" angle="90.00" type="DEFAULT_VEHTYPE" speed="13.59" pos="5.90" lane="0/2to1/2_0" slope="0.00"/>
        <vehicle id="25" x="595.05" y="198.35" angle="90.00" type="DEFAULT_VEHTYPE" speed="6.18" pos="190.30" lane="2/1to3/1_0" slope="0.00"/>
        <vehicle id="27" x="343.60" y="598.35" angle="90.00" type="DEFAULT_VEHTYPE" speed="13.35" pos="138.85" lane="1/3to2/3_0" slope="0.00"/>
        <vehicle id="29" x="601.65" y="290.69" angle="180.00" type="DEFAULT_VEHTYPE" speed="12.65" pos="85.94" lane="3/1to3/2_0" slope="0.00"/>
        <vehicle id="3" x="398.35" y="598.10" angle="0.00" type="DEFAULT_VEHTYPE" speed="13.07" pos="6.65" lane=":2/3_1_0" slope="0.00"/>
        <vehicle id="32" x="601.65" y="243.76" angle="180.00" type="DEFAULT_VEHTYPE" speed="13.30" pos="39.01" lane="3/1to3/2_0" slope="0.00"/>
        <vehicle id="37" x="174.32" y="198.35" angle="90.00" type="DEFAULT_VEHTYPE" speed="12.26" pos="174.32" lane="0/1to1/1_0" slope="0.00"/>
        <vehicle id="38" x="244.40" y="401.65" angle="-90.00" type="DEFAULT_VEHTYPE" speed="13.53" pos="150.85" lane="2/2to1/2_0" slope="0.00"/>
        <vehicle id="4" x="114.77" y="198.35" angle="90.00" type="DEFAULT_VEHTYPE" speed="13.54" pos="114.77" lane="0/1to1/1_0" slope="0.00"/>
        <vehicle id="41" x="42.56" y="398.35" angle="90.00" type="DEFAULT_VEHTYPE" speed="13.16" pos="42.56" lane="0/2to1/2_0" slope="0.00"/>
        <vehicle id="42" x="23.26" y="201.65" angle="-90.00" type="DEFAULT_VEHTYPE" speed="13.71" pos="171.99" lane="1/1to0/1_0" slope="0.00"/>
        <vehicle id="43" x="398.35" y="482.11" angle="0.00" type="DEFAULT_VEHTYPE" speed="13.26" pos="113.14" lane="2/3to2/2_0" slope="0.00"/>
        <vehicle id="44" x="201.65" y="10.58" angle="180.00" type="DEFAULT_VEHTYPE" speed="12.76" pos="10.58" lane="1/0to1/1_0" slope="0.00"/>
        <vehicle id="46" x="401.65" y="652.55" angle="180.00" type="DEFAULT_VEHTYPE" speed="12.66" pos="47.80" lane="2/3to2/4_0" slope="0.00"/>
        <vehicle id="47" x="224.47" y="201.65" angle="-90.00" type="DEFAULT_VEHTYPE" speed="10.86" pos="170.78" lane="2/1to1/1_0" slope="0.00"/>
        <vehicle id="49" x="192.24" y="398.35" angle="90.00" type="DEFAULT_VEHTYPE" speed="0.66" pos="192.24" lane="0/2to1/2_0" slope="0.00"/>
        <vehicle id="6" x="201.65" y="480.71" angle="180.00" type="DEFAULT_VEHTYPE" speed="12.69" pos="75.96" lane="1/2to1/3_0" slope="0.00"/>
    </timestep>
    <timestep time="365.00">
        <vehicle id="1" x="211.04" y="401.65" angle="-90.00" type="DEFAULT_VEHTYPE" speed="5.00" pos="184.21" lane="2/2to1/2_0" slope="0.00"/>
        <vehicle id="11" x="398.35" y="768.76" angle="0.00" type="DEFAULT_VEHTYPE" speed="13.02" pos="31.24" lane="2/4to2/3_0" slope="0.00"/>
        <vehicle id="13" x="712.62" y="601.65" angle="-90.00" type="DEFAULT_VEHTYPE" speed="13.10" pos="87.38" lane="4/3to3/3_0" slope="0.00"/>
        <vehicle id="17" x="401.65" y="799.57" angle="180.00" type="DEFAULT_VEHTYPE" speed="12.75" pos="194.82" lane="2/3to2/4_0" slope="0.00"/>
        <vehicle id="2" x="598.35" y="549.68" angle="0.00" type="DEFAULT_VEHTYPE" speed="13.24" pos="45.57" lane="3/3to3/2_0" slope="0.00"/>
        <vehicle id="21" x="201.65" y="574.15" angle="180.00" type="DEFAULT_VEHTYPE" speed="12.97" pos="169.40" lane="1/2to1/3_0" slope="0.00"/>
        <vehicle id="23" x="18.68" y="398.35" angle="90.00" type="DEFAULT_VEHTYPE" speed="12.78" pos="18.68" lane="0/2to1/2_0" slope="0.00"/>
        <vehicle id="25" x="601.39" y="202.94" angle="144.27" type="DEFAULT_VEHTYPE" speed="8.70" pos="8.50" lane=":3/1_14_0" slope="0.00"/>
        <vehicle id="27" x="356.90" y="598.35" angle="90.00" type="DEFAULT_VEHTYPE" speed="13.30" pos="152.15" lane="1/3to2/3_0" slope="0.00"/>
        <vehicle id="29" x="601.65" y="303.32" angle="180.00" type="DEFAULT_VEHTYPE" speed="12.62" pos="98.57" lane="3/1to3/2_0" slope="0.00"/>
        <vehicle id="3" x="398.35" y="585.50" angle="0.00" type="DEFAULT_VEHTYPE" speed="12.60" pos="9.75" lane="2/3to2/2_0" slope="0.00"/>
        <vehicle id="32" x="601.65" y="257.33" angle="180.00" type="DEFAULT_VEHTYPE" speed="13.56" pos="52.58" lane="3/1to3/2_0" slope="0.00"/>
        <vehicle id="37" x="182.87" y="198.35" angle="90.00" type="DEFAULT_VEHTYPE" speed="8.55" pos="182.87" lane="0/1to1/1_0" slope="0.00"/>
        <vehicle id="38" x="232.38" y="401.65" angle="-90.00" type="DEFAULT_VEHTYPE" speed="12.01" pos="162.87" lane="2/2to1/2_0" slope="0.00"/>
        <vehicle id="4" x="128.06" y="198.35" angle="90.00" type="DEFAULT_VEHTYPE" speed="13.30" pos="128.06" lane="0/1to1/1_0" slope="0.00"/>
        <vehicle id="41" x="56.26" y="398.35" angle="90.00" type="DEFAULT_VEHTYPE" speed="13.70" pos="56.26" lane="0/2to1/2_0" slope="0.00"/>
        <vehicle id="42" x="9.64" y="201.65" angle="-90.00" type="DEFAULT_VEHTYPE" speed="13.62" pos="185.61" lane="1/1to0/1_0" slope="0.00"/>
        <vehicle id="43" x="398.35" y="468.87" angle="0.00" type="DEFAULT_VEHTYPE" speed="13.24" pos="126.38" lane="2/3to2/2_0" slope="0.00"/>
        <vehicle id="44" x="201.65" y="23.64" angle="180.00" type="DEFAULT_VEHTYPE" speed="13.06" pos="23.64" lane="1/0to1/1_0" slope="0.00"/>
        <vehicle id="46" x="401.65" y="665.43" angle="180.00" type="DEFAULT_VEHTYPE" speed="12.88" pos="60.68" lane="2/3to2/4_0" slope="0.00"/>
        <vehicle id="47" x="216.26" y="201.65" angle="-90.00" type="DEFAULT_VEHTYPE" speed="8.22" pos="178.99" lane="2/1to1/1_0" slope="0.00"/>
        <vehicle id="49" x="192.57" y="398.35" angle="90.00" type="DEFAULT_VEHTYPE" speed="0.33" pos="192.57" lane="0/2to1/2_0" slope="0.00"/>
        <vehicle id="6" x="201.65" y="494.42" angle="180.00" type="DEFAULT_VEHTYPE" speed="13.71" pos="89.67" lane="1/2to1/3_0" slope="0.00"/>
    </timestep>
    <timestep time="366.00">
        <vehicle id="1" x="203.91" y="401.65" angle="-90.00" type="DEFAULT_VEHTYPE" speed="7.13" pos="0.84" lane=":1/2_5_0" slope="0.00"/>
        <vehicle id="11" x="398.35" y="755.92" angle="0.00" type="DEFAULT_VEHTYPE" speed="12.84" pos="44.08" lane="2/4to2/3_0" slope="0.00"/>
        <vehicle id="13" x="699.82" y="601.65" angle="-90.00" type="DEFAULT_VEHTYPE" speed="12.80" pos="100.18" lane="4/3to3/3_0" slope="0.00"/>
        <vehicle id="17" x="398.35" y="791.42" angle="0.00" type="DEFAULT_VEHTYPE" speed="13.83" pos="8.58" lane="2/4to2/3_0" slope="0.00"/>
        <vehicle id="2" x="598.35" y="536.25" angle="0.00" type="DEFAULT_VEHTYPE" speed="13.43" pos="59.00" lane="3/3to3/2_0" slope="0.00"/>
        <vehicle id="21" x="201.65" y="587.30" angle="180.00" type="DEFAULT_VEHTYPE" speed="13.15" pos="182.55" lane="1/2to1/3_0" slope="0.00"/>
        <vehicle id="23" x="31.43" y="398.35" angle="90.00" type="DEFAULT_VEHTYPE" speed="12.75" pos="31.43" lane="0/2to1/2_0" slope="0.00"/>
        <vehicle id="25" x="601.65" y="212.94" angle="180.00" type="DEFAULT_VEHTYPE" speed="10.01" pos="8.19" lane="3/1to3/2_0" slope="0.00"/>
        <vehicle id="27" x="370.69" y="598.35" angle="90.00" type="DEFAULT_VEHTYPE" speed="13.79" pos="165.94" lane="1/3to2/3_0" slope="0.00"/>
        <vehicle id="29" x="601.65" y="316.16" angle="180.00" type="DEFAULT_VEHTYPE" speed="12.84" pos="111.41" lane="3/1to3/2_0" slope="0.00"/>
        <vehicle id="3" x="398.35" y="572.57" angle="0.00" type="DEFAULT_VEHTYPE" speed="12.93" pos="22.68" lane="2/3to2/2_0" slope="0.00"/>
        <vehicle id="32" x="601.65" y="271.17" angle="180.00" type="DEFAULT_VEHTYPE" speed="13.84" pos="66.42" lane="3/1to3/2_0" slope="0.00"/>
        <vehicle id="37" x="188.38" y="198.35" angle="90.00" type="DEFAULT_VEHTYPE" speed="5.51" pos="188.38" lane="0/1to1/1_0" slope="0.00"/>
        <vehicle id="38" x="224.13" y="401.65" angle="-90.00" type="DEFAULT_VEHTYPE" speed="8.26" pos="171.12" lane="2/2to1/2_0" slope="0.00"/>
        <vehicle id="4" x="141.36" y="198.35" angle="90.00" type="DEFAULT_VEHTYPE" speed="13.30" pos="141.36" lane="0/1to1/1_0" slope="0.00"/>
        <vehicle id="41" x="69.90" y="398.35" angle="90.00" type="DEFAULT_VEHTYPE" speed="13.64" pos="69.90" lane="0/2to1/2_0" slope="0.00"/>
        <vehicle id="42" x="-0.86" y="198.93" angle="-37.30" type="DEFAULT_VEHTYPE" speed="13.43" pos="3.79" lane=":0/1_0_0" slope="0.00"/>
        <vehicle id="43" x="398.35" y="455.52" angle="0.00" type="DEFAULT_VEHTYPE" speed="13.35" pos="139.73" lane="2/3to2/2_0" slope="0.00"/>
        <vehicle id="44" x="201.65" y="37.52" angle="180.00" type="DEFAULT_VEHTYPE" speed="13.88" pos="37.52" lane="1/0to1/1_0" slope="0.00"/>
        <vehicle id="46" x="401.65" y="678.11" angle="180.00" type="DEFAULT_VEHTYPE" speed="12.68" pos="73.36" lane="2/3to2/4_0" slope="0.00"/>
        <vehicle id="47" x="210.93" y="201.65" angle="-90.00" type="DEFAULT_VEHTYPE" speed="5.33" pos="184.32" lane="2/1to1/1_0" slope="0.00"/>
        <vehicle id="49" x="192.69" y="398.35" angle="90.00" type="DEFAULT_VEHTYPE" speed="0.13" pos="192.69" lane="0/2to1/2_0" slope="0.00"/>
        <vehicle id="6" x="201.65" y="507.05" angle="180.00" type="DEFAULT_VEHTYPE" speed="12.63" pos="102.30" lane="1/2to1/3_0" slope="0.00"/>
    </timestep>
    <timestep time="367.00">
        <vehicle id="1" x="194.31" y="401.65" angle="-90.00" type="DEFAULT_VEHTYPE" speed="9.60" pos="0.94" lane="1/2to0/2_0" slope="0.00"/>
        <vehicle id="11" x="398.35" y="743.14" angle="0.00" type="DEFAULT_VEHTYPE" speed="12.78" pos="56.86" lane="2/4to2/3_0" slope="0.00"/>
        <vehicle id="13" x="686.88" y="601.65" angle="-90.00" type="DEFAULT_VEHTYPE" speed="12.94" pos="113.12" lane="4/3to3/3_0" slope="0.00"/>
        <vehicle id="17" x="398.35" y="778.43" angle="0.00" type="DEFAULT_VEHTYPE" speed="12.99" pos="21.57" lane="2/4to2/3_0" slope="0.00"/>
        <vehicle id="2" x="598.35" y="523.25" angle="0.00" type="DEFAULT_VEHTYPE" speed="13.00" pos="72.00" lane="3/3to3/2_0" slope="0.00"/>
        <vehicle id="21" x="205.66" y="598.35" angle="119.55" type="DEFAULT_VEHTYPE" speed="13.86" pos="0.91" lane="1/3to2/3_0" slope="0.00"/>
        <vehicle id="23" x="44.13" y="398.35" angle="90.00" type="DEFAULT_VEHTYPE" speed="12.69" pos="44.13" lane="0/2to1/2_0" slope="0.00"/>
        <vehicle id="25" x="601.65" y="224.76" angle="180.00" type="DEFAULT_VEHTYPE" speed="11.82" pos="20.01" lane="3/1to3/2_0" slope="0.00"/>
        <vehicle id="27" x="380.92" y="598.35" angle="90.00" type="DEFAULT_VEHTYPE" speed="10.22" pos="176.17" lane="1/3to2/3_0" slope="0.00"/>
        <vehicle id="29" x="601.65" y="329.73" angle="180.00" type="DEFAULT_VEHTYPE" speed="13.57" pos="124.98" lane="3/1to3/2_0" slope="0.00"/>
        <vehicle id="3" x="398.35" y="559.07" angle="0.00" type="DEFAULT_VEHTYPE" speed="13.50" pos="36.18" lane="2/3to2/2_0" slope="0.00"/>
        <vehicle id="32" x="601.65" y="284.73" angle="180.00" type="DEFAULT_VEHTYPE" speed="13.56" pos="79.98" lane="3/1to3/2_0" slope="0.00"/>
        <vehicle id="37" x="196.22" y="198.22" angle="88.45" type="DEFAULT_VEHTYPE" speed="7.84" pos="0.97" lane=":1/1_12_0" slope="0.00"/>
        <vehicle id="38" x="215.83" y="401.65" angle="-90.00" type="DEFAULT_VEHTYPE" speed="8.30" pos="179.42" lane="2/2to1/2_0" slope="0.00"/>
        <vehicle id="4" x="154.95" y="198.35" angle="90.00" type="DEFAULT_VEHTYPE" speed="13.59" pos="154.95" lane="0/1to1/1_0" slope="0.00"/>
        <vehicle id="41" x="83.32" y="398.35" angle="90.00" type="DEFAULT_VEHTYPE" speed="13.42" pos="83.32" lane="0/2to1/2_0" slope="0.00"/>
        <vehicle id="42" x="12.26" y="198.35" angle="90.00" type="DEFAULT_VEHTYPE" speed="13.29" pos="12.26" lane="0/1to1/1_0" slope="0.00"/>
        <vehicle id="43" x="398.35" y="441.88" angle="0.00" type="DEFAULT_VEHTYPE" speed="13.64" pos="153.37" lane="2/3to2/2_0" slope="0.00"/>
        <vehicle id="44" x="201.65" y="50.91" angle="180.00" type="DEFAULT_VEHTYPE" speed="13.39" pos="50.91" lane="1/0to1/1_0" slope="0.00"/>
        <vehicle id="46" x="401.65" y="691.36" angle="180.00" type="DEFAULT_VEHTYPE" speed="13.25" pos="86.61" lane="2/3to2/4_0" slope="0.00"/>
        <vehicle id="47" x="203.75" y="201.79" angle="-91.61" type="DEFAULT_VEHTYPE" speed="7.19" pos="1.01" lane=":1/1_4_0" slope="0.00"/>
        <vehicle id="49" x="192.72" y="398.35" angle="90.00" type="DEFAULT_VEHTYPE" speed="0.03" pos="192.72" lane="0/2to1/2_0" slope="0.00"/>
        <vehicle id="6" x="201.65" y="520.02" angle="180.00" type="DEFAULT_VEHTYPE" speed="12.97" pos="115.27" lane="1/2to1/3_0" slope="0.00"/>
    </timestep>
    <timestep time="368.00">
        <vehicle id="1" x="182.31" y="401.65" angle="-90.00" type="DEFAULT_VEHTYPE" speed="12.00" pos="12.94" lane="1/2to0/2_0" slope="0.00"/>
        <vehicle id="11" x="398.35" y="730.50" angle="0.00" type="DEFAULT_VEHTYPE" speed="12.65" pos="69.50" lane="2/4to2/3_0" slope="0.00"/>
        <vehicle id="13" x="673.78" y="601.65" angle="-90.00" type="DEFAULT_VEHTYPE" speed="13.10" pos="126.22" lane="4/3to3/3_0" slope="0.00"/>
        <vehicle id="17" x="398.35" y="765.73" angle="0.00" type="DEFAULT_VEHTYPE" speed="12.70" pos="34.27" lane="2/4to2/3_0" slope="0.00"/>
        <vehicle id="2" x="598.35" y="510.37" angle="0.00" type="DEFAULT_VEHTYPE" speed="12.88" pos="84.88" lane="3/3to3/2_0" slope="0.00"/>
        <vehicle id="21" x="219.48" y="598.35" angle="90.00" type="DEFAULT_VEHTYPE" speed="13.82" pos="14.73" lane="1/3to2/3_0" slope="0.00"/>
        <vehicle id="23" x="57.72" y="398.35" angle="90.00" type="DEFAULT_VEHTYPE" speed="13.59" pos="57.72" lane="0/2to1/2_0" slope="0.00"/>
        <vehicle id="25" x="601.65" y="237.87" angle="180.00" type="DEFAULT_VEHTYPE" speed="13.11" pos="33.12" lane="3/1to3/2_0" slope="0.00"/>
        <vehicle id="27" x="387.60" y="598.35" angle="90.00" type="DEFAULT_VEHTYPE" speed="6.68" pos="182.85" lane="1/3to2/3_0" slope="0.00"/>
        <vehicle id="29" x="601.65" y="343.35" angle="180.00" type="DEFAULT_VEHTYPE" speed="13.62" pos="138.60" lane="3/1to3/2_0" slope="0.00"/>
        <vehicle id="3" x="398.35" y="546.29" angle="0.00" type="DEFAULT_VEHTYPE" speed="12.78" pos="48.96" lane="2/3to2/2_0" slope="0.00"/>
        <vehicle id="32" x="601.65" y="297.59" angle="180.00" type="DEFAULT_VEHTYPE" speed="12.86" pos="92.84" lane="3/1to3/2_0" slope="0.00"/>
        <vehicle id="37" x="198.35" y="189.27" angle="0.00" type="DEFAULT_VEHTYPE" speed="10.00" pos="5.98" lane="1/1to1/0_0" slope="0.00"/>
        <vehicle id="38" x="211.17" y="401.65" angle="-90.00" type="DEFAULT_VEHTYPE" speed="4.66" pos="184.08" lane="2/2to1/2_0" slope="0.00"/>
        <vehicle id="4" x="167.57" y="198.35" angle="90.00" type="DEFAULT_VEHTYPE" speed="12.61" pos="167.57" lane="0/1to1/1_0" slope="0.00"/>
        <vehicle id="41" x="96.13" y="398.35" angle="90.00" type="DEFAULT_VEHTYPE" speed="12.81" pos="96.13" lane="0/2to1/2_0" slope="0.00"/>
        <vehicle id="42" x="25.85" y="198.35" angle="90.00" type="DEFAULT_VEHTYPE" speed="13.60" pos="25.85" lane="0/1to1/1_0" slope="0.00"/>
        <vehicle id="43" x="398.35" y="429.00" angle="0.00" type="DEFAULT_VEHTYPE" speed="12.88" pos="166.25" lane="2/3to2/2_0" slope="0.00"/>
        <vehicle id="44" x="201.65" y="63.52" angle="180.00" type="DEFAULT_VEHTYPE" speed="12.61" pos="63.52" lane="1/0to1/1_0" slope="0.00"/>
        <vehicle id="46" x="401.65" y="704.36" angle="180.00" type="DEFAULT_VEHTYPE" speed="13.00" pos="99.61" lane="2/3to2/4_0" slope="0.00"/>
        <vehicle id="47" x="201.65" y="209.64" angle="-179.82" type="DEFAULT_VEHTYPE" speed="8.88" pos="4.89" lane="1/1to1/2_0" slope="0.00"/>
        <vehicle id="49" x="192.74" y="398.35" angle="90.00" type="DEFAULT_VEHTYPE" speed="0.01" pos="192.74" lane="0/2to1/2_0" slope="0.00"/>
        <vehicle id="6" x="201.65" y="532.65" angle="180.00" type="DEFAULT_VEHTYPE" speed="12.62" pos="127.90" lane="1/2to1/3_0" slope="0.00"/>
    </timestep>
    <timestep time="369.00">
        <vehicle id="1" x="169.44" y="401.65" angle="-90.00" type="DEFAULT_VEHTYPE" speed="12.88" pos="25.81" lane="1/2to0/2_0" slope="0.00"/>
        <vehicle id="11" x="398.35" y="717.42" angle="0.00" type="DEFAULT_VEHTYPE" speed="13.08" pos="82.58" lane="2/4to2/3_0" slope="0.00"/>
        <vehicle id="13" x="660.68" y="601.65" angle="-90.00" type="DEFAULT_VEHTYPE" speed="13.10" pos="139.32" lane="4/3to3/3_0" slope="0.00"/>
        <vehicle id="17" x="398.35" y="752.47" angle="0.00" type="DEFAULT_VEHTYPE" speed="13.26" pos="47.53" lane="2/4to2/3_0" slope="0.00"/>
        <vehicle id="2" x="598.35" y="496.76" angle="0.00" type="DEFAULT_VEHTYPE" speed="13.62" pos="98.49" lane="3/3to3/2_0" slope="0.00"/>
        <vehicle id="21" x="232.31" y="598.35" angle="90.00" type="DEFAULT_VEHTYPE" speed="12.83" pos="27.56" lane="1/3to2/3_0" slope="0.00"/>
        <vehicle id="23" x="71.36" y="398.35" angle="90.00" type="DEFAULT_VEHTYPE" speed="13.65" pos="71.36" lane="0/2to1/2_0" slope="0.00"/>
        <vehicle id="25" x="601.65" y="251.25" angle="180.00" type="DEFAULT_VEHTYPE" speed="13.37" pos="46.50" lane="3/1to3/2_0" slope="0.00"/>
        <vehicle id="27" x="390.58" y="598.35" angle="90.00" type="DEFAULT_VEHTYPE" speed="2.98" pos="185.83" lane="1/3to2/3_0" slope="0.00"/>
        <vehicle id="29" x="601.65" y="356.56" angle="180.00" type="DEFAULT_VEHTYPE" speed="13.22" pos="151.81" lane="3/1to3/2_0" slope="0.00"/>
        <vehicle id="3" x="398.35" y="533.37" angle="0.00" type="DEFAULT_VEHTYPE" speed="12.92" pos="61.88" lane="2/3to2/2_0" slope="0.00"/>
        <vehicle id="32" x="601.65" y="311.40" angle="180.00" type="DEFAULT_VEHTYPE" speed="13.81" pos="106.65" lane="3/1to3/2_0" slope="0.00"/>
        <vehicle id="37" x="198.35" y="176.71" angle="0.00" type="DEFAULT_VEHTYPE" speed="12.56" pos="18.54" lane="1/1to1/0_0" slope="0.00"/>
        <vehicle id="38" x="204.91" y="401.65" angle="-90.00" type="DEFAULT_VEHTYPE" speed="6.26" pos="190.34" lane="2/2to1/2_0" slope="0.00"/>
        <vehicle id="4" x="177.64" y="198.35" angle="90.00" type="DEFAULT_VEHTYPE" speed="10.07" pos="177.64" lane="0/1to1/1_0" slope="0.00"/>
        <vehicle id="41" x="108.84" y="398.35" angle="90.00" type="DEFAULT_VEHTYPE" speed="12.70" pos="108.84" lane="0/2to1/2_0" slope="0.00"/>
        <vehicle id="42" x="38.67" y="198.35" angle="90.00" type="DEFAULT_VEHTYPE" speed="12.82" pos="38.67" lane="0/1to1/1_0" slope="0.00"/>
        <vehicle id="43" x="398.35" y="416.07" angle="0.00" type="DEFAULT_VEHTYPE" speed="12.93" pos="179.18" lane="2/3to2/2_0" slope="0.00"/>
        <vehicle id="44" x="201.65" y="76.94" angle="180.00" type="DEFAULT_VEHTYPE" speed="13.42" pos="76.94" lane="1/0to1/1_0" slope="0.00"/>
        <vehicle id="46" x="401.65" y="717.99" angle="180.00" type="DEFAULT_VEHTYPE" speed="13.63" pos="113.24" lane="2/3to2/4_0" slope="0.00"/>
        <vehicle id="47" x="201.65" y="220.69" angle="180.00" type="DEFAULT_VEHTYPE" speed="11.06" pos="15.94" lane="1/1to1/2_0" slope="0.00"/>
        <vehicle id="49" x="192.74" y="398.35" angle="90.00" type="DEFAULT_VEHTYPE" speed="0.01" pos="192.74" lane="0/2to1/2_0" slope="0.00"/>
        <vehicle id="6" x="201.65" y="546.31" angle="180.00" type="DEFAULT_VEHTYPE" speed="13.67" pos="141.56" lane="1/2to1/3_0" slope="0.00"/>
    </timestep>
    <timestep time="370.00">
        <vehicle id="1" x="155.66" y="401.65" angle="-90.00" type="DEFAULT_VEHTYPE" speed="13.77" pos="39.59" lane="1/2to0/2_0" slope="0.00"/>
        <vehicle id="11" x="398.35" y="703.96" angle="0.00" type="DEFAULT_VEHTYPE" speed="13.46" pos="96.04" lane="2/4to2/3_0" slope="0.00"/>
        <vehicle id="13" x="647.54" y="601.65" angle="-90.00" type="DEFAULT_VEHTYPE" speed="13.14" pos="152.46" lane="4/3to3/3_0" slope="0.00"/>
        <vehicle id="17" x="398.35" y="739.50" angle="0.00" type="DEFAULT_VEHTYPE" speed="12.98" pos="60.50" lane="2/4to2/3_0" slope="0.00"/>
        <vehicle id="2" x="598.35" y="482.95" angle="0.00" type="DEFAULT_VEHTYPE" speed="13.80" pos="112.30" lane="3/3to3/2_0" slope="0.00"/>
        <vehicle id="21" x="245.21" y="598.35" angle="90.00" type="DEFAULT_VEHTYPE" speed="12.90" pos="40.46" lane="1/3to2/3_0" slope="0.00"/>
        <vehicle id="23" x="84.34" y="398.35" angle="90.00" type="DEFAULT_VEHTYPE" speed="12.98" pos="84.34" lane="0/2to1/2_0" slope="0.00"/>
        <vehicle id="25" x="601.65" y="264.15" angle="180.00" type="DEFAULT_VEHTYPE" speed="12.90" pos="59.40" lane="3/1to3/2_0" slope="0.00"/>
        <vehicle id="27" x="395.11" y="598.35" angle="90.00" type="DEFAULT_VEHTYPE" speed="4.53" pos="190.36" lane="1/3to2/3_0" slope="0.00"/>
        <vehicle id="29" x="601.65" y="369.21" angle="180.00" type="DEFAULT_VEHTYPE" speed="12.65" pos="164.46" lane="3/1to3/2_0" slope="0.00"/>
        <vehicle id="3" x="398.35" y="520.46" angle="0.00" type="DEFAULT_VEHTYPE" speed="12.91" pos="74.79" lane="2/3to2/2_0" slope="0.00"/>
        <vehicle id="32" x="601.65" y="325.24" angle="180.00" type="DEFAULT_VEHTYPE" speed="13.84" pos="120.49" lane="3/1to3/2_0" slope="0.00"/>
        <vehicle id="37" x="198.35" y="164.09" angle="0.00" type="DEFAULT_VEHTYPE" speed="12.62" pos="31.16" lane="1/1to1/0_0" slope="0.00"/>
        <vehicle id="38" x="197.34" y="401.65" angle="-90.00" type="DEFAULT_VEHTYPE" speed="7.57" pos="7.41" lane=":1/2_5_0" slope="0.00"/>
        <vehicle id="4" x="184.82" y="198.35" angle="90.00" type="DEFAULT_VEHTYPE" speed="7.18" pos="184.82" lane="0/1to1/1_0" slope="0.00"/>
        <vehicle id="41" x="121.51" y="398.35" angle="90.00" type="DEFAULT_VEHTYPE" speed="12.68" pos="121.51" lane="0/2to1/2_0" slope="0.00"/>
        <vehicle id="42" x="51.42" y="198.35" angle="90.00" type="DEFAULT_VEHTYPE" speed="12.74" pos="51.42" lane="0/1to1/1_0" slope="0.00"/>
        <vehicle id="43" x="398.02" y="403.16" angle="-3.79" type="DEFAULT_VEHTYPE" speed="12.96" pos="1.64" lane=":2/2_0_0" slope="0.00"/>
        <vehicle id="44" x="201.65" y="90.16" angle="180.00" type="DEFAULT_VEHTYPE" speed="13.22" pos="90.16" lane="1/0to1/1_0" slope="0.00"/>
        <vehicle id="46" x="401.65" y="730.67" angle="180.00" type="DEFAULT_VEHTYPE" speed="12.68" pos="125.92" lane="2/3to2/4_0" slope="0.00"/>
        <vehicle id="47" x="201.65" y="233.72" angle="180.00" type="DEFAULT_VEHTYPE" speed="13.02" pos="28.97" lane="1/1to1/2_0" slope="0.00"/>
        <vehicle id="49" x="192.74" y="398.35" angle="90.00" type="DEFAULT_VEHTYPE" speed="0.00" pos="192.74" lane="0/2to1/2_0" slope="0.00"/>
        <vehicle id="6" x="201.65" y="559.51" angle="180.00" type="DEFAULT_VEHTYPE" speed="13.19" pos="154.76" lane="1/2to1/3_0" slope="0.00"/>
    </timestep>
    <timestep time="371.00">
        <vehicle id="1" x="142.19" y="401.65" angle="-90.00" type="DEFAULT_VEHTYPE" speed="13.47" pos="53.06" lane="1/2to0/2_0" slope="0.00"/>
        <vehicle id="11" x="398.35" y="690.85" angle="0.00" type="DEFAULT_VEHTYPE" speed="13.11" pos="109.15" lane="2/4to2/3_0" slope="0.00"/>
        <vehicle id="13" x="634.82" y="601.65" angle="-90.00" type="DEFAULT_VEHTYPE" speed="12.72" pos="165.18" lane="4/3to3/3_0" slope="0.00"/>
        <vehicle id="17" x="398.35" y="725.71" angle="0.00" type="DEFAULT_VEHTYPE" speed="13.79" pos="74.29" lane="2/4to2/3_0" slope="0.00"/>
        <vehicle id="2" x="598.35" y="470.21" angle="0.00" type="DEFAULT_VEHTYPE" speed="12.75" pos="125.04" lane="3/3to3/2_0" slope="0.00"/>
        <vehicle id="21" x="259.10" y="598.35" angle="90.00" type="DEFAULT_VEHTYPE" speed="13.89" pos="54.35" lane="1/3to2/3_0" slope="0.00"/>
        <vehicle id="23" x="97.31" y="398.35" angle="90.00" type="DEFAULT_VEHTYPE" speed="12.97" pos="97.31" lane="0/2to1/2_0" slope="0.00"/>
        <vehicle id="25" x="601.65" y="277.75" angle="180.00" type="DEFAULT_VEHTYPE" speed="13.61" pos="73.00" lane="3/1to3/2_0" slope="0.00"/>
        <vehicle id="27" x="400.35" y="600.45" angle="114.54" type="DEFAULT_VEHTYPE" speed="5.88" pos="5.74" lane=":2/3_14_0" slope="0.00"/>
        <vehicle id="29" x="601.65" y="378.77" angle="180.00" type="DEFAULT_VEHTYPE" speed="9.56" pos="174.02" lane="3/1to3/2_0" slope="0.00"/>
        <vehicle id="3" x="398.35" y="507.34" angle="0.00" type="DEFAULT_VEHTYPE" speed="13.12" pos="87.91" lane="2/3to2/2_0" slope="0.00"/>
        <vehicle id="32" x="601.65" y="338.85" angle="180.00" type="DEFAULT_VEHTYPE" speed="13.61" pos="134.10" lane="3/1to3/2_0" slope="0.00"/>
        <vehicle id="37" x="198.35" y="150.39" angle="0.00" type="DEFAULT_VEHTYPE" speed="13.71" pos="44.86" lane="1/1to1/0_0" slope="0.00"/>
        <vehicle id="38" x="187.46" y="401.65" angle="-90.00" type="DEFAULT_VEHTYPE" speed="9.89" pos="7.79" lane="1/2to0/2_0" slope="0.00"/>
        <vehicle id="4" x="189.17" y="198.35" angle="90.00" type="DEFAULT_VEHTYPE" speed="4.35" pos="189.17" lane="0/1to1/1_0" slope="0.00"/>
        <vehicle id="41" x="134.85" y="398.35" angle="90.00" type="DEFAULT_VEHTYPE" speed="13.34" pos="134.85" lane="0/2to1/2_0" slope="0.00"/>
        <vehicle id="42" x="64.72" y="198.35" angle="90.00" type="DEFAULT_VEHTYPE" speed="13.30" pos="64.72" lane="0/1to1/1_0" slope="0.00"/>
        <vehicle id="43" x="385.76" y="401.65" angle="-90.00" type="DEFAULT_VEHTYPE" speed="12.85" pos="9.49" lane="2/2to1/2_0" slope="0.00"/>
        <vehicle id="44" x="201.65" y="104.05" angle="180.00" type="DEFAULT_VEHTYPE" speed="13.89" pos="104.05" lane="1/0to1/1_0" slope="0.00"/>
        <vehicle id="46" x="401.65" y="743.38" angle="180.00" type="DEFAULT_VEHTYPE" speed="12.71" pos="138.63" lane="2/3to2/4_0" slope="0.00"/>
        <vehicle id="47" x="201.65" y="247.10" angle="180.00" type="DEFAULT_VEHTYPE" speed="13.39" pos="42.35" lane="1/1to1/2_0" slope="0.00"/>
        <vehicle id="49" x="195.33" y="398.36" angle="90.13" type="DEFAULT_VEHTYPE" speed="2.59" pos="0.08" lane=":1/2_14_0" slope="0.00"/>
        <vehicle id="6" x="201.65" y="573.19" angle="180.00" type="DEFAULT_VEHTYPE" speed="13.68" pos="168.44" lane="1/2to1/3_0" slope="0.00"/>
    </timestep>
    <timestep time="372.00">
        <vehicle id="1" x="128.40" y="401.65" angle="-90.00" type="DEFAULT_VEHTYPE" speed="13.79" pos="66.85" lane="1/2to0/2_0" slope="0.00"/>
        <vehicle id="11" x="398.35" y="677.92" angle="0.00" type="DEFAULT_VEHTYPE" speed="12.92" pos="122.08" lane="2/4to2/3_0" slope="0.00"/>
        <vehicle id="13" x="623.72" y="601.65" angle="-90.00" type="DEFAULT_VEHTYPE" speed="11.11" pos="176.28" lane="4/3to3/3_0" slope="0.00"/>
        <vehicle id="17" x="398.35" y="711.94" angle="0.00" type="DEFAULT_VEHTYPE" speed="13.77" pos="88.06" lane="2/4to2/3_0" slope="0.00"/>
        <vehicle id="2" x="598.35" y="457.34" angle="0.00" type="DEFAULT_VEHTYPE" speed="12.87" pos="137.91" lane="3/3to3/2_0" slope="0.00"/>
        <vehicle id="21" x="272.31" y="598.35" angle="90.00" type="DEFAULT_VEHTYPE" speed="13.22" pos="67.56" lane="1/3to2/3_0" slope="0.00"/>
        <vehicle id="23" x="110.08" y="398.35" angle="90.00" type="DEFAULT_VEHTYPE" speed="12.76" pos="110.08" lane="0/2to1/2_0" slope="0.00"/>
        <vehicle id="25" x="601.65" y="291.12" angle="180.00" type="DEFAULT_VEHTYPE" speed="13.37" pos="86.37" lane="3/1to3/2_0" slope="0.00"/>
        <vehicle id="27" x="401.65" y="607.72" angle="176.70" type="DEFAULT_VEHTYPE" speed="7.55" pos="2.97" lane="2/3to2/4_0" slope="0.00"/>
        <vehicle id="29" x="601.65" y="386.20" angle="180.00" type="DEFAULT_VEHTYPE" speed="7.43" pos="181.45" lane="3/1to3/2_0" slope="0.00"/>
        <vehicle id="3" x="398.35" y="494.18" angle="0.00" type="DEFAULT_VEHTYPE" speed="13.16" pos="101.07" lane="2/3to2/2_0" slope="0.00"/>
        <vehicle id="32" x="601.65" y="351.69" angle="180.00" type="DEFAULT_VEHTYPE" speed="12.84" pos="146.94" lane="3/1to3/2_0" slope="0.00"/>
        <vehicle id="37" x="198.35" y="137.39" angle="0.00" type="DEFAULT_VEHTYPE" speed="13.00" pos="57.86" lane="1/1to1/0_0" slope="0.00"/>
        <vehicle id="38" x="175.68" y="401.65" angle="-90.00" type="DEFAULT_VEHTYPE" speed="11.78" pos="19.57" lane="1/2to0/2_0" slope="0.00"/>
        <vehicle id="4" x="195.49" y="198.32" angle="89.62" type="DEFAULT_VEHTYPE" speed="6.32" pos="0.24" lane=":1/1_12_0" slope="0.00"/>
        <vehicle id="41" x="147.95" y="398.35" angle="90.00" type="DEFAULT_VEHTYPE" speed="13.10" pos="147.95" lane="0/2to1/2_0" slope="0.00"/>
        <vehicle id="42" x="78.35" y="198.35" angle="90.00" type="DEFAULT_VEHTYPE" speed="13.63" pos="78.35" lane="0/1to1/1_0" slope="0.00"/>
        <vehicle id="43" x="372.89" y="401.65" angle="-90.00" type="DEFAULT_VEHTYPE" speed="12.87" pos="22.36" lane="2/2to1/2_0" slope="0.00"/>
        <vehicle id="44" x="201.65" y="117.57" angle="180.00" type="DEFAULT_VEHTYPE" speed="13.52" pos="117.57" lane="1/0to1/1_0" slope="0.00"/>
        <vehicle id="46" x="401.65" y="756.58" angle="180.00" type="DEFAULT_VEHTYPE" speed="13.21" pos="151.83" lane="2/3to2/4_0" slope="0.00"/>
        <vehicle id="47" x="201.65" y="260.29" angle="180.00" type="DEFAULT_VEHTYPE" speed="13.19" pos="55.54" lane="1/1to1/2_0" slope="0.00"/>
        <vehicle id="49" x="199.84" y="399.82" angle="107.49" type="DEFAULT_VEHTYPE" speed="4.83" pos="4.91" lane=":1/2_14_0" slope="0.00"/>
        <vehicle id="6" x="201.65" y="586.68" angle="180.00" type="DEFAULT_VEHTYPE" speed="13.49" pos="181.93" lane="1/2to1/3_0" slope="0.00"/>
    </timestep>
    <timestep time="373.00">
        <vehicle id="1" x="115.05" y="401.65" angle="-90.00" type="DEFAULT_VEHTYPE" speed="13.35" pos="80.20" lane="1/2to0/2_0" slope="0.00"/>
        <vehicle id="11" x="398.35" y="664.96" angle="0.00" type="DEFAULT_VEHTYPE" speed="12.96" pos="135.04" lane="2/4to2/3_0" slope="0.00"/>
        <vehicle id="13" x="616.51" y="601.65" angle="-90.00" type="DEFAULT_VEHTYPE" speed="7.21" pos="183.49" lane="4/3to3/3_0" slope="0.00"/>
        <vehicle id="17" x="398.35" y="698.94" angle="0.00" type="DEFAULT_VEHTYPE" speed="12.99" pos="101.06" lane="2/4to2/3_0" slope="0.00"/>
        <vehicle id="2" x="598.35" y="444.14" angle="0.00" type="DEFAULT_VEHTYPE" speed="13.19" pos="151.11" lane="3/3to3/2_0" slope="0.00"/>
        <vehicle id="21" x="285.15" y="598.35" angle="90.00" type="DEFAULT_VEHTYPE" speed="12.84" pos="80.40" lane="1/3to2/3_0" slope="0.00"/>
        <vehicle id="23" x="122.87" y="398.35" angle="90.00" type="DEFAULT_VEHTYPE" speed="12.79" pos="122.87" lane="0/2to1/2_0" slope="0.00"/>
        <vehicle id="25" x="601.65" y="304.68" angle="180.00" type="DEFAULT_VEHTYPE" speed="13.56" pos="99.93" lane="3/1to3/2_0" slope="0.00"/>
        <vehicle id="27" x="401.65" y="616.67" angle="180.00" type="DEFAULT_VEHTYPE" speed="8.95" pos="11.92" lane="2/3to2/4_0" slope="0.00"/>
        <vehicle id="29" x="601.65" y="390.38" angle="180.00" type="DEFAULT_VEHTYPE" speed="4.18" pos="185.63" lane="3/1to3/2_0" slope="0.00"/>
        <vehicle id="3" x="398.35" y="480.82" angle="0.00" type="DEFAULT_VEHTYPE" speed="13.36" pos="114.43" lane="2/3to2/2_0" slope="0.00"/>
        <vehicle id="32" x="601.65" y="365.44" angle="180.00" type="DEFAULT_VEHTYPE" speed="13.75" pos="160.69" lane="3/1to3/2_0" slope="0.00"/>
        <vehicle id="37" x="198.35" y="124.30" angle="0.00" type="DEFAULT_VEHTYPE" speed="13.09" pos="70.95" lane="1/1to1/0_0" slope="0.00"/>
        <vehicle id="38" x="162.08" y="401.65" angle="-90.00" type="DEFAULT_VEHTYPE" speed="13.60" pos="33.17" lane="1/2to0/2_0" slope="0.00"/>
        <vehicle id="4" x="198.35" y="191.19" angle="1.50" type="DEFAULT_VEHTYPE" speed="8.82" pos="4.06" lane="1/1to1/0_0" slope="0.00"/>
        <vehicle id="41" x="161.63" y="398.35" angle="90.00" type="DEFAULT_VEHTYPE" speed="13.68" pos="161.63" lane="0/2to1/2_0" slope="0.00"/>
        <vehicle id="42" x="91.64" y="198.35" angle="90.00" type="DEFAULT_VEHTYPE" speed="13.29" pos="91.64" lane="0/1to1/1_0" slope="0.00"/>
        <vehicle id="43" x="359.68" y="401.65" angle="-90.00" type="DEFAULT_VEHTYPE" speed="13.21" pos="35.57" lane="2/2to1/2_0" slope="0.00"/>
        <vehicle id="44" x="201.65" y="130.49" angle="180.00" type="DEFAULT_VEHTYPE" speed="12.92" pos="130.49" lane="1/0to1/1_0" slope="0.00"/>
        <vehicle id="46" x="401.65" y="769.20" angle="180.00" type="DEFAULT_VEHTYPE" speed="12.61" pos="164.45" lane="2/3to2/4_0" slope="0.00"/>
        <vehicle id="47" x="201.65" y="273.85" angle="180.00" type="DEFAULT_VEHTYPE" speed="13.56" pos="69.10" lane="1/1to1/2_0" slope="0.00"/>
        <vehicle id="49" x="201.65" y="405.61" angle="167.36" type="DEFAULT_VEHTYPE" speed="6.27" pos="0.86" lane="1/2to1/3_0" slope="0.00"/>
        <vehicle id="6" x="205.03" y="598.35" angle="130.12" type="DEFAULT_VEHTYPE" speed="13.85" pos="0.28" lane="1/3to2/3_0" slope="0.00"/>
    </timestep>
    <timestep time="374.00">
        <vehicle id="1" x="102.15" y="401.65" angle="-90.00" type="DEFAULT_VEHTYPE" speed="12.89" pos="93.10" lane="1/2to0/2_0" slope="0.00"/>
        <vehicle id="11" x="398.35" y="651.42" angle="0.00" type="DEFAULT_VEHTYPE" speed="13.55" pos="148.58" lane="2/4to2/3_0" slope="0.00"/>
        <vehicle id="13" x="611.86" y="601.65" angle="-90.00" type="DEFAULT_VEHTYPE" speed="4.65" pos="188.14" lane="4/3to3/3_0" slope="0.00"/>
        <vehicle id="17" x="398.35" y="685.94" angle="0.00" type="DEFAULT_VEHTYPE" speed="13.00" pos="114.06" lane="2/4to2/3_0" slope="0.00"/>
        <vehicle id="2" x="598.35" y="431.53" angle="0.00" type="DEFAULT_VEHTYPE" speed="12.61" pos="163.72" lane="3/3to3/2_0" slope="0.00"/>
        <vehicle id="21" x="298.21" y="598.35" angle="90.00" type="DEFAULT_VEHTYPE" speed="13.06" pos="93.46" lane="1/3to2/3_0" slope="0.00"/>
        <vehicle id="23" x="135.70" y="398.35" angle="90.00" type="DEFAULT_VEHTYPE" speed="12.83" pos="135.70" lane="0/2to1/2_0" slope="0.00"/>
        <vehicle id="25" x="601.65" y="318.04" angle="180.00" type="DEFAULT_VEHTYPE" speed="13.36" pos="113.29" lane="3/1to3/2_0" slope="0.00"/>
        <vehicle id="27" x="401.65" y="627.03" angle="180.00" type="DEFAULT_VEHTYPE" speed="10.35" pos="22.28" lane="2/3to2/4_0" slope="0.00"/>
        <vehicle id="29" x="601.65" y="394.89" angle="180.00" type="DEFAULT_VEHTYPE" speed="4.52" pos="190.14" lane="3/1to3/2_0" slope="0.00"/>
        <vehicle id="3" x="398.35" y="467.84" angle="0.00" type="DEFAULT_VEHTYPE" speed="12.97" pos="127.41" lane="2/3to2/2_0" slope="0.00"/>
        <vehicle id="32" x="601.65" y="374.69" angle="180.00" type="DEFAULT_VEHTYPE" speed="9.25" pos="169.94" lane="3/1to3/2_0" slope="0.00"/>
        <vehicle id="37" x="198.35" y="110.52" angle="0.00" type="DEFAULT_VEHTYPE" speed="13.78" pos="84.73" lane="1/1to1/0_0" slope="0.00"/>
        <vehicle id="38" x="148.93" y="401.65" angle="-90.00" type="DEFAULT_VEHTYPE" speed="13.15" pos="46.32" lane="1/2to0/2_0" slope="0.00"/>
        <vehicle id="4" x="198.35" y="180.56" angle="0.00" type="DEFAULT_VEHTYPE" speed="10.63" pos="14.69" lane="1/1to1/0_0" slope="0.00"/>
        <vehicle id="41" x="173.30" y="398.35" angle="90.00" type="DEFAULT_VEHTYPE" speed="11.66" pos="173.30" lane="0/2to1/2_0" slope="0.00"/>
        <vehicle id="42" x="104.80" y="198.35" angle="90.00" type="DEFAULT_VEHTYPE" speed="13.16" pos="104.80" lane="0/1to1/1_0" slope="0.00"/>
        <vehicle id="43" x="346.99" y="401.65" angle="-90.00" type="DEFAULT_VEHTYPE" speed="12.69" pos="48.26" lane="2/2to1/2_0" slope="0.00"/>
        <vehicle id="44" x="201.65" y="143.73" angle="180.00" type="DEFAULT_VEHTYPE" speed="13.25" pos="143.73" lane="1/0to1/1_0" slope="0.00"/>
        <vehicle id="46" x="401.65" y="782.59" angle="180.00" type="DEFAULT_VEHTYPE" speed="13.39" pos="177.84" lane="2/3to2/4_0" slope="0.00"/>
        <vehicle id="47" x="201.65" y="287.07" angle="180.00" type="DEFAULT_VEHTYPE" speed="13.22" pos="82.32" lane="1/1to1/2_0" slope="0.00"/>
        <vehicle id="49" x="201.65" y="414.12" angle="180.00" type="DEFAULT_VEHTYPE" speed="8.51" pos="9.37" lane="1/2to1/3_0" slope="0.00"/>
        <vehicle id="6" x="218.40" y="598.35" angle="90.00" type="DEFAULT_VEHTYPE" speed="13.37" pos="13.65" lane="1/3to2/3_0" slope="0.00"/>
    </timestep>
    <timestep time="375.00">
        <vehicle id="1" x="89.26" y="401.65" angle="-90.00" type="DEFAULT_VEHTYPE" speed="12.90" pos="105.99" lane="1/2to0/2_0" slope="0.00"/>
        <vehicle id="11" x="398.35" y="637.58" angle="0.00" type="DEFAULT_VEHTYPE" speed="13.83" pos="162.42" lane="2/4to2/3_0" slope="0.00"/>
        <vehicle id="13" x="608.84" y="601.65" angle="-90.00" type="DEFAULT_VEHTYPE" speed="3.02" pos="191.16" lane="4/3to3/3_0" slope="0.00"/>
        <vehicle id="17" x="398.35" y="672.23" angle="0.00" type="DEFAULT_VEHTYPE" speed="13.71" pos="127.77" lane="2/4to2/3_0" slope="0.00"/>
        <vehicle id="2" x="598.35" y="418.29" angle="0.00" type="DEFAULT_VEHTYPE" speed="13.25" pos="176.96" lane="3/3to3/2_0" slope="0.00"/>
        <vehicle id="21" x="311.62" y="598.35" angle="90.00" type="DEFAULT_VEHTYPE" speed="13.41" pos="106.87" lane="1/3to2/3_0" slope="0.00"/>
        <vehicle id="23" x="148.83" y="398.35" angle="90.00" type="DEFAULT_VEHTYPE" speed="13.13" pos="148.83" lane="0/2to1/2_0" slope="0.00"/>
        <vehicle id="25" x="601.65" y="330.69" angle="180.00" type="DEFAULT_VEHTYPE" speed="12.65" pos="125.94" lane="3/1to3/2_0" slope="0.00"/>
        <vehicle id="27" x="401.65" y="638.76" angle="180.00" type="DEFAULT_VEHTYPE" speed="11.73" pos="34.01" lane="2/3to2/4_0" slope="0.00"/>
        <vehicle id="29" x="601.28" y="397.86" angle="-175.71" type="DEFAULT_VEHTYPE" speed="2.99" pos="2.64" lane=":3/2_10_0" slope="0.00"/>
        <vehicle id="3" x="398.35" y="455.24" angle="0.00" type="DEFAULT_VEHTYPE" speed="12.60" pos="140.01" lane="2/3to2/2_0" slope="0.00"/>
        <vehicle id="32" x="601.65" y="383.16" angle="180.00" type="DEFAULT_VEHTYPE" speed="8.47" pos="178.41" lane="3/1to3/2_0" slope="0.00"/>
        <vehicle id="37" x="198.35" y="97.50" angle="0.00" type="DEFAULT_VEHTYPE" speed="13.02" pos="97.75" lane="1/1to1/0_0" slope="0.00"/>
        <vehicle id="38" x="136.10" y="401.65" angle="-90.00" type="DEFAULT_VEHTYPE" speed="12.83" pos="59.15" lane="1/2to0/2_0" slope="0.00"/>
        <vehicle id="4" x="198.35" y="167.44" angle="0.00" type="DEFAULT_VEHTYPE" speed="13.12" pos="27.81" lane="1/1to1/0_0" slope="0.00"/>
        <vehicle id="41" x="181.74" y="398.35" angle="90.00" type="DEFAULT_VEHTYPE" speed="8.44" pos="181.74" lane="0/2to1/2_0" slope="0.00"/>
        <vehicle id="42" x="117.65" y="198.35" angle="90.00" type="DEFAULT_VEHTYPE" speed="12.84" pos="117.65" lane="0/1to1/1_0" slope="0.00"/>
        <vehicle id="43" x="334.37" y="401.65" angle="-90.00" type="DEFAULT_VEHTYPE" speed="12.62" pos="60.88" lane="2/2to1/2_0" slope="0.00"/>
        <vehicle id="44" x="201.65" y="157.62" angle="180.00" type="DEFAULT_VEHTYPE" speed="13.89" pos="157.62" lane="1/0to1/1_0" slope="0.00"/>
        <vehicle id="46" x="401.65" y="795.57" angle="180.00" type="DEFAULT_VEHTYPE" speed="12.98" pos="190.82" lane="2/3to2/4_0" slope="0.00"/>
        <vehicle id="47" x="201.65" y="299.98" angle="180.00" type="DEFAULT_VEHTYPE" speed="12.91" pos="95.23" lane="1/1to1/2_0" slope="0.00"/>
        <vehicle id="49" x="201.65" y="424.42" angle="180.00" type="DEFAULT_VEHTYPE" speed="10.30" pos="19.67" lane="1/2to1/3_0" slope="0.00"/>
        <vehicle id="6" x="231.17" y="598.35" angle="90.00" type="DEFAULT_VEHTYPE" speed="12.77" pos="26.42" lane="1/3to2/3_0" slope="0.00"/>
    </timestep>
    <timestep time="376.00">
        <vehicle id="1" x="75.60" y="401.65" angle="-90.00" type="DEFAULT_VEHTYPE" speed="13.65" pos="119.65" lane="1/2to0/2_0" slope="0.00"/>
        <vehicle id="11" x="398.35" y="624.38" angle="0.00" type="DEFAULT_VEHTYPE" speed="13.20" pos="175.62" lane="2/4to2/3_0" slope="0.00"/>
        <vehicle id="13" x="604.11" y="601.56" angle="-88.95" type="DEFAULT_VEHTYPE" speed="4.74" pos="0.65" lane=":3/3_6_0" slope="0.00"/>
        <vehicle id="17" x="398.35" y="658.85" angle="0.00" type="DEFAULT_VEHTYPE" speed="13.38" pos="141.15" lane="2/4to2/3_0" slope="0.00"/>
        <vehicle id="2" x="598.35" y="404.73" angle="-0.03" type="DEFAULT_VEHTYPE" speed="13.56" pos="0.02" lane=":3/2_0_0" slope="0.00"/>
        <vehicle id="21" x="325.28" y="598.35" angle="90.00" type="DEFAULT_VEHTYPE" speed="13.66" pos="120.53" lane="1/3to2/3_0" slope="0.00"/>
        <vehicle id="23" x="162.47" y="398.35" angle="90.00" type="DEFAULT_VEHTYPE" speed="13.64" pos="162.47" lane="0/2to1/2_0" slope="0.00"/>
        <vehicle id="25" x="601.65" y="343.83" angle="180.00" type="DEFAULT_VEHTYPE" speed="13.14" pos="139.08" lane="3/1to3/2_0" slope="0.00"/>
        <vehicle id="27" x="401.65" y="652.37" angle="180.00" type="DEFAULT_VEHTYPE" speed="13.62" pos="47.62" lane="2/3to2/4_0" slope="0.00"/>
        <vehicle id="29" x="600.57" y="399.18" angle="-167.31" type="DEFAULT_VEHTYPE" speed="1.51" pos="4.15" lane=":3/2_10_0" slope="0.00"/>
        <vehicle id="3" x="398.35" y="442.06" angle="0.00" type="DEFAULT_VEHTYPE" speed="13.18" pos="153.19" lane="2/3to2/2_0" slope="0.00"/>
        <vehicle id="32" x="601.65" y="387.13" angle="180.00" type="DEFAULT_VEHTYPE" speed="3.97" pos="182.38" lane="3/1to3/2_0" slope="0.00"/>
        <vehicle id="37" x="198.35" y="84.50" angle="0.00" type="DEFAULT_VEHTYPE" speed="13.00" pos="110.75" lane="1/1to1/0_0" slope="0.00"/>
        <vehicle id="38" x="123.16" y="401.65" angle="-90.00" type="DEFAULT_VEHTYPE" speed="12.94" pos="72.09" lane="1/2to0/2_0" slope="0.00"/>
        <vehicle id="4" x="198.35" y="153.91" angle="0.00" type="DEFAULT_VEHTYPE" speed="13.53" pos="41.34" lane="1/1to1/0_0" slope="0.00"/>
        <vehicle id="41" x="187.31" y="398.35" angle="90.00" type="DEFAULT_VEHTYPE" speed="5.57" pos="187.31" lane="0/2to1/2_0" slope="0.00"/>
        <vehicle id="42" x="130.39" y="198.35" angle="90.00" type="DEFAULT_VEHTYPE" speed="12.75" pos="130.39" lane="0/1to1/1_0" slope="0.00"/>
        <vehicle id="43" x="321.45" y="401.65" angle="-90.00" type="DEFAULT_VEHTYPE" speed="12.92" pos="73.80" lane="2/2to1/2_0" slope="0.00"/>
        <vehicle id="44" x="201.65" y="170.85" angle="180.00" type="DEFAULT_VEHTYPE" speed="13.22" pos="170.85" lane="1/0to1/1_0" slope="0.00"/>
        <vehicle id="46" x="398.35" y="796.14" angle="-7.50" type="DEFAULT_VEHTYPE" speed="13.11" pos="3.86" lane="2/4to2/3_0" slope="0.00"/>
        <vehicle id="47" x="201.65" y="313.52" angle="180.00" type="DEFAULT_VEHTYPE" speed="13.53" pos="108.77" lane="1/1to1/2_0" slope="0.00"/>
        <vehicle id="49" x="201.65" y="437.08" angle="180.00" type="DEFAULT_VEHTYPE" speed="12.66" pos="32.33" lane="1/2to1/3_0" slope="0.00"/>
        <vehicle id="6" x="244.51" y="598.35" angle="90.00" type="DEFAULT_VEHTYPE" speed="13.33" pos="39.76" lane="1/3to2/3_0" slope="0.00"/>
    </timestep>
    <timestep time="377.00">
        <vehicle id="1" x="62.99" y="401.65" angle="-90.00" type="DEFAULT_VEHTYPE" speed="12.61" pos="132.26" lane="1/2to0/2_0" slope="0.00"/>
        <vehicle id="11" x="398.35" y="610.68" angle="0.00" type="DEFAULT_VEHTYPE" speed="13.70" pos="189.32" lane="2/4to2/3_0" slope="0.00"/>
        <vehicle id="13" x="598.98" y="598.43" angle="-51.97" type="DEFAULT_VEHTYPE" speed="6.40" pos="7.05" lane=":3/3_6_0" slope="0.00"/>
        <vehicle id="17" x="398.35" y="645.50" angle="0.00" type="DEFAULT_VEHTYPE" speed="13.35" pos="154.50" lane="2/4to2/3_0" slope="0.00"/>
        <vehicle id="2" x="587.08" y="401.65" angle="-90.00" type="DEFAULT_VEHTYPE" speed="13.15" pos="8.17" lane="3/2to2/2_0" slope="0.00"/>
        <vehicle id="21" x="338.29" y="598.35" angle="90.00" type="DEFAULT_VEHTYPE" speed="13.01" pos="133.54" lane="1/3to2/3_0" slope="0.00"/>
        <vehicle id="23" x="172.08" y="398.35" angle="90.00" type="DEFAULT_VEHTYPE" speed="9.61" pos="172.08" lane="0/2to1/2_0" slope="0.00"/>
        <vehicle id="25" x="601.65" y="357.43" angle="180.00" type="DEFAULT_VEHTYPE" speed="13.60" pos="152.68" lane="3/1to3/2_0" slope="0.00"/>
        <vehicle id="27" x="401.65" y="665.55" angle="180.00" type="DEFAULT_VEHTYPE" speed="13.18" pos="60.80" lane="2/3to2/4_0" slope="0.00"/>
        <vehicle id="29" x="599.62" y="400.31" angle="-156.23" type="DEFAULT_VEHTYPE" speed="1.52" pos="5.67" lane=":3/2_10_0" slope="0.00"/>
        <vehicle id="3" x="398.35" y="428.33" angle="0.00" type="DEFAULT_VEHTYPE" speed="13.73" pos="166.92" lane="2/3to2/2_0" slope="0.00"/>
        <vehicle id="32" x="601.65" y="390.05" angle="180.00" type="DEFAULT_VEHTYPE" speed="2.91" pos="185.30" lane="3/1to3/2_0" slope="0.00"/>
        <vehicle id="37" x="198.35" y="71.62" angle="0.00" type="DEFAULT_VEHTYPE" speed="12.87" pos="123.63" lane="1/1to1/0_0" slope="0.00"/>
        <vehicle id="38" x="109.98" y="401.65" angle="-90.00" type="DEFAULT_VEHTYPE" speed="13.18" pos="85.27" lane="1/2to0/2_0" slope="0.00"/>
        <vehicle id="4" x="198.35" y="141.22" angle="0.00" type="DEFAULT_VEHTYPE" speed="12.68" pos="54.03" lane="1/1to1/0_0" slope="0.00"/>
        <vehicle id="41" x="190.47" y="398.35" angle="90.00" type="DEFAULT_VEHTYPE" speed="3.16" pos="190.47" lane="0/2to1/2_0" slope="0.00"/>
        <vehicle id="42" x="143.65" y="198.35" angle="90.00" type="DEFAULT_VEHTYPE" speed="13.26" pos="143.65" lane="0/1to1/1_0" slope="0.00"/>
        <vehicle id="43" x="308.06" y="401.65" angle="-90.00" type="DEFAULT_VEHTYPE" speed="13.39" pos="87.19" lane="2/2to1/2_0" slope="0.00"/>
        <vehicle id="44" x="201.65" y="184.61" angle="180.00" type="DEFAULT_VEHTYPE" speed="13.76" pos="184.61" lane="1/0to1/1_0" slope="0.00"/>
        <vehicle id="46" x="398.35" y="783.14" angle="0.00" type="DEFAULT_VEHTYPE" speed="13.00" pos="16.86" lane="2/4to2/3_0" slope="0.00"/>
        <vehicle id="47" x="201.65" y="327.21" angle="180.00" type="DEFAULT_VEHTYPE" speed="13.69" pos="122.46" lane="1/1to1/2_0" slope="0.00"/>
        <vehicle id="49" x="201.65" y="450.77" angle="180.00" type="DEFAULT_VEHTYPE" speed="13.69" pos="46.02" lane="1/2to1/3_0" slope="0.00"/>
        <vehicle id="6" x="257.16" y="598.35" angle="90.00" type="DEFAULT_VEHTYPE" speed="12.65" pos="52.41" lane="1/3to2/3_0" slope="0.00"/>
    </timestep>
    <timestep time="378.00">
        <vehicle id="1" x="49.33" y="401.65" angle="-90.00" type="DEFAULT_VEHTYPE" speed="13.66" pos="145.92" lane="1/2to0/2_0" slope="0.00"/>
        <vehicle id="11" x="398.35" y="597.63" angle="0.00" type="DEFAULT_VEHTYPE" speed="13.04" pos="7.12" lane=":2/3_1_0" slope="0.00"/>
        <vehicle id="13" x="598.35" y="590.06" angle="0.00" type="DEFAULT_VEHTYPE" speed="8.47" pos="5.19" lane="3/3to3/2_0" slope="0.00"/>
        <vehicle id="17" x="398.35" y="631.94" angle="0.00" type="DEFAULT_VEHTYPE" speed="13.56" pos="168.06" lane="2/4to2/3_0" slope="0.00"/>
        <vehicle id="2" x="573.36" y="401.65" angle="-90.00" type="DEFAULT_VEHTYPE" speed="13.72" pos="21.89" lane="3/2to2/2_0" slope="0.00"/>
        <vehicle id="21" x="351.84" y="598.35" angle="90.00" type="DEFAULT_VEHTYPE" speed="13.55" pos="147.09" lane="1/3to2/3_0" slope="0.00"/>
        <vehicle id="23" x="178.03" y="398.35" angle="90.00" type="DEFAULT_VEHTYPE" speed="5.95" pos="178.03" lane="0/2to1/2_0" slope="0.00"/>
        <vehicle id="25" x="601.65" y="367.61" angle="180.00" type="DEFAULT_VEHTYPE" speed="10.18" pos="162.86" lane="3/1to3/2_0" slope="0.00"/>
        <vehicle id="27" x="401.65" y="678.25" angle="180.00" type="DEFAULT_VEHTYPE" speed="12.70" pos="73.50" lane="2/3to2/4_0" slope="0.00"/>
        <vehicle id="29" x="596.02" y="401.54" angle="-114.91" type="DEFAULT_VEHTYPE" speed="3.88" pos="2.40" lane=":3/2_18_0" slope="0.00"/>
        <vehicle id="3" x="398.35" y="415.31" angle="0.00" type="DEFAULT_VEHTYPE" speed="13.02" pos="179.94" lane="2/3to2/2_0" slope="0.00"/>
        <vehicle id="32" x="601.65" y="395.17" angle="180.00" type="DEFAULT_VEHTYPE" speed="5.13" pos="190.42" lane="3/1to3/2_0" slope="0.00"/>
        <vehicle id="37" x="198.35" y="58.64" angle="0.00" type="DEFAULT_VEHTYPE" speed="12.98" pos="136.61" lane="1/1to1/0_0" slope="0.00"/>
        <vehicle id="38" x="97.17" y="401.65" angle="-90.00" type="DEFAULT_VEHTYPE" speed="12.81" pos="98.08" lane="1/2to0/2_0" slope="0.00"/>
        <vehicle id="4" x="198.35" y="127.62" angle="0.00" type="DEFAULT_VEHTYPE" speed="13.61" pos="67.63" lane="1/1to1/0_0" slope="0.00"/>
        <vehicle id="41" x="195.16" y="398.35" angle="90.00" type="DEFAULT_VEHTYPE" speed="4.69" pos="195.16" lane="0/2to1/2_0" slope="0.00"/>
        <vehicle id="42" x="156.55" y="198.35" angle="90.00" type="DEFAULT_VEHTYPE" speed="12.90" pos="156.55" lane="0/1to1/1_0" slope="0.00"/>
        <vehicle id="43" x="294.29" y="401.65" angle="-90.00" type="DEFAULT_VEHTYPE" speed="13.77" pos="100.96" lane="2/2to1/2_0" slope="0.00"/>
        <vehicle id="44" x="202.85" y="197.83" angle="165.33" type="DEFAULT_VEHTYPE" speed="13.64" pos="3.00" lane=":1/1_8_0" slope="0.00"/>
        <vehicle id="46" x="398.35" y="769.76" angle="0.00" type="DEFAULT_VEHTYPE" speed="13.38" pos="30.24" lane="2/4to2/3_0" slope="0.00"/>
        <vehicle id="47" x="201.65" y="340.15" angle="180.00" type="DEFAULT_VEHTYPE" speed="12.93" pos="135.40" lane="1/1to1/2_0" slope="0.00"/>
        <vehicle id="49" x="201.65" y="463.45" angle="180.00" type="DEFAULT_VEHTYPE" speed="12.68" pos="58.70" lane="1/2to1/3_0" slope="0.00"/>
        <vehicle id="6" x="270.69" y="598.35" angle="90.00" type="DEFAULT_VEHTYPE" speed="13.53" pos="65.94" lane="1/3to2/3_0" slope="0.00"/>
    </timestep>
    <timestep time="379.00">
        <vehicle id="1" x="35.85" y="401.65" angle="-90.00" type="DEFAULT_VEHTYPE" speed="13.48" pos="159.40" lane="1/2to0/2_0" slope="0.00"/>
        <vehicle id="11" x="398.35" y="584.87" angle="0.00" type="DEFAULT_VEHTYPE" speed="12.76" pos="10.38" lane="2/3to2/2_0" slope="0.00"/>
        <vehicle id="13" x="598.35" y="579.45" angle="0.00" type="DEFAULT_VEHTYPE" speed="10.60" pos="15.80" lane="3/3to3/2_0" slope="0.00"/>
        <vehicle id="17" x="398.35" y="619.22" angle="0.00" type="DEFAULT_VEHTYPE" speed="12.73" pos="180.78" lane="2/4to2/3_0" slope="0.00"/>
        <vehicle id="2" x="560.05" y="401.65" angle="-90.00" type="DEFAULT_VEHTYPE" speed="13.31" pos="35.20" lane="3/2to2/2_0" slope="0.00"/>
        <vehicle id="21" x="364.89" y="598.35" angle="90.00" type="DEFAULT_VEHTYPE" speed="13.05" pos="160.14" lane="1/3to2/3_0" slope="0.00"/>
        <vehicle id="23" x="184.55" y="398.35" angle="90.00" type="DEFAULT_VEHTYPE" speed="6.52" pos="184.55" lane="0/2to1/2_0" slope="0.00"/>
        <vehicle id="25" x="601.65" y="378.34" angle="180.00" type="DEFAULT_VEHTYPE" speed="10.73" pos="173.59" lane="3/1to3/2_0" slope="0.00"/>
        <vehicle id="27" x="401.65" y="691.77" angle="180.00" type="DEFAULT_VEHTYPE" speed="13.52" pos="87.02" lane="2/3to2/4_0" slope="0.00"/>
        <vehicle id="29" x="590.71" y="401.65" angle="-90.74" type="DEFAULT_VEHTYPE" speed="5.32" pos="4.54" lane="3/2to2/2_0" slope="0.00"/>
        <vehicle id="3" x="398.35" y="401.86" angle="0.00" type="DEFAULT_VEHTYPE" speed="13.45" pos="2.89" lane=":2/2_1_0" slope="0.00"/>
        <vehicle id="32" x="601.65" y="401.90" angle="180.00" type="DEFAULT_VEHTYPE" speed="6.73" pos="6.65" lane=":3/2_9_0" slope="0.00"/>
        <vehicle id="37" x="198.35" y="45.76" angle="0.00" type="DEFAULT_VEHTYPE" speed="12.88" pos="149.49" lane="1/1to1/0_0" slope="0.00"/>
        <vehicle id="38" x="84.55" y="401.65" angle="-90.00" type="DEFAULT_VEHTYPE" speed="12.61" pos="110.70" lane="1/2to0/2_0" slope="0.00"/>
        <vehicle id="4" x="198.35" y="113.88" angle="0.00" type="DEFAULT_VEHTYPE" speed="13.73" pos="81.37" lane="1/1to1/0_0" slope="0.00"/>
        <vehicle id="41" x="200.87" y="401.31" angle="124.95" type="DEFAULT_VEHTYPE" speed="6.84" pos="6.75" lane=":1/2_14_0" slope="0.00"/>
        <vehicle id="42" x="170.04" y="198.35" angle="90.00" type="DEFAULT_VEHTYPE" speed="13.50" pos="170.04" lane="0/1to1/1_0" slope="0.00"/>
        <vehicle id="43" x="280.50" y="401.65" angle="-90.00" type="DEFAULT_VEHTYPE" speed="13.79" pos="114.75" lane="2/2to1/2_0" slope="0.00"/>
        <vehicle id="44" x="216.08" y="198.35" angle="90.00" type="DEFAULT_VEHTYPE" speed="13.33" pos="11.33" lane="1/1to2/1_0" slope="0.00"/>
        <vehicle id="46" x="398.35" y="757.00" angle="0.00" type="DEFAULT_VEHTYPE" speed="12.76" pos="43.00" lane="2/4to2/3_0" slope="0.00"/>
        <vehicle id="47" x="201.65" y="352.78" angle="180.00" type="DEFAULT_VEHTYPE" speed="12.64" pos="148.03" lane="1/1to1/2_0" slope="0.00"/>
        <vehicle id="49" x="201.65" y="477.19" angle="180.00" type="DEFAULT_VEHTYPE" speed="13.74" pos="72.44" lane="1/2to1/3_0" slope="0.00"/>
        <vehicle id="6" x="284.21" y="598.35" angle="90.00" type="DEFAULT_VEHTYPE" speed="13.52" pos="79.46" lane="1/3to2/3_0" slope="0.00"/>
    </timestep>
    <timestep time="380.00">
        <vehicle id="1" x="22.22" y="401.65" angle="-90.00" type="DEFAULT_VEHTYPE" speed="13.63" pos="173.03" lane="1/2to0/2_0" slope="0.00"/>
        <vehicle id="11" x="398.35" y="571.68" angle="0.00" type="DEFAULT_VEHTYPE" speed="13.20" pos="23.57" lane="2/3to2/2_0" slope="0.00"/>
        <vehicle id="13" x="598.35" y="567.33" angle="0.00" type="DEFAULT_VEHTYPE" speed="12.13" pos="27.92" lane="3/3to3/2_0" slope="0.00"/>
        <vehicle id="17" x="398.35" y="606.28" angle="0.00" type="DEFAULT_VEHTYPE" speed="12.93" pos="193.72" lane="2/4to2/3_0" slope="0.00"/>
        <vehicle id="2" x="547.34" y="401.65" angle="-90.00" type="DEFAULT_VEHTYPE" speed="12.71" pos="47.91" lane="3/2to2/2_0" slope="0.00"/>
        <vehicle id="21" x="376.13" y="598.35" angle="90.00" type="DEFAULT_VEHTYPE" speed="11.24" pos="171.38" lane="1/3to2/3_0" slope="0.00"/>
        <vehicle id="23" x="189.66" y="398.35" angle="90.00" type="DEFAULT_VEHTYPE" speed="5.11" pos="189.66" lane="0/2to1/2_0" slope="0.00"/>
        <vehicle id="25" x="601.65" y="388.25" angle="180.00" type="DEFAULT_VEHTYPE" speed="9.91" pos="183.50" lane="3/1to3/2_0" slope="0.00"/>
        <vehicle id="27" x="401.65" y="704.37" angle="180.00" type="DEFAULT_VEHTYPE" speed="12.61" pos="99.62" lane="2/3to2/4_0" slope="0.00"/>
        <vehicle id="29" x="583.33" y="401.65" angle="-90.00" type="DEFAULT_VEHTYPE" speed="7.38" pos="11.92" lane="3/2to2/2_0" slope="0.00"/>
        <vehicle id="3" x="398.35" y="388.79" angle="0.00" type="DEFAULT_VEHTYPE" speed="13.07" pos="6.46" lane="2/2to2/1_0" slope="0.00"/>
        <vehicle id="32" x="601.65" y="410.06" angle="180.00" type="DEFAULT_VEHTYPE" speed="8.15" pos="5.31" lane="3/2to3/3_0" slope="0.00"/>
        <vehicle id="37" x="198.35" y="32.02" angle="0.00" type="DEFAULT_VEHTYPE" speed="13.74" pos="163.23" lane="1/1to1/0_0" slope="0.00"/>
        <vehicle id="38" x="71.15" y="401.65" angle="-90.00" type="DEFAULT_VEHTYPE" speed="13.40" pos="124.10" lane="1/2to0/2_0" slope="0.00"/>
        <vehicle id="4" x="198.35" y="100.71" angle="0.00" type="DEFAULT_VEHTYPE" speed="13.17" pos="94.54" lane="1/1to1/0_0" slope="0.00"/>
        <vehicle id="41" x="201.65" y="410.29" angle="180.00" type="DEFAULT_VEHTYPE" speed="9.11" pos="5.54" lane="1/2to1/3_0" slope="0.00"/>
        <vehicle id="42" x="179.55" y="198.35" angle="90.00" type="DEFAULT_VEHTYPE" speed="9.50" pos="179.55" lane="0/1to1/1_0" slope="0.00"/>
        <vehicle id="43" x="267.20" y="401.65" angle="-90.00" type="DEFAULT_VEHTYPE" speed="13.30" pos="128.05" lane="2/2to1/2_0" slope="0.00"/>
        <vehicle id="44" x="229.48" y="198.35" angle="90.00" type="DEFAULT_VEHTYPE" speed="13.40" pos="24.73" lane="1/1to2/1_0" slope="0.00"/>
        <vehicle id="46" x="398.35" y="743.56" angle="0.00" type="DEFAULT_VEHTYPE" speed="13.44" pos="56.44" lane="2/4to2/3_0" slope="0.00"/>
        <vehicle id="47" x="201.65" y="366.18" angle="180.00" type="DEFAULT_VEHTYPE" speed="13.40" pos="161.43" lane="1/1to1/2_0" slope="0.00"/>
        <vehicle id="49" x="201.65" y="490.36" angle="180.00" type="DEFAULT_VEHTYPE" speed="13.17" pos="85.61" lane="1/2to1/3_0" slope="0.00"/>
        <vehicle id="6" x="297.37" y="598.35" angle="90.00" type="DEFAULT_VEHTYPE" speed="13.15" pos="92.62" lane="1/3to2/3_0" slope="0.00"/>
    </timestep>
    <timestep time="381.00">
        <vehicle id="1" x="8.70" y="401.65" angle="-90.00" type="DEFAULT_VEHTYPE" speed="13.52" pos="186.55" lane="1/2to0/2_0" slope="0.00"/>
        <vehicle id="11" x="398.35" y="558.93" angle="0.00" type="DEFAULT_VEHTYPE" speed="12.75" pos="36.32" lane="2/3to2/2_0" slope="0.00"/>
        <vehicle id="13" x="598.35" y="554.17" angle="0.00" type="DEFAULT_VEHTYPE" speed="13.16" pos="41.08" lane="3/3to3/2_0" slope="0.00"/>
        <vehicle id="17" x="398.35" y="592.46" angle="0.00" type="DEFAULT_VEHTYPE" speed="13.82" pos="2.79" lane="2/3to2/2_0" slope="0.00"/>
        <vehicle id="2" x="533.61" y="401.65" angle="-90.00" type="DEFAULT_VEHTYPE" speed="13.73" pos="61.64" lane="3/2to2/2_0" slope="0.00"/>
        <vehicle id="21" x="383.78" y="598.35" angle="90.00" type="DEFAULT_VEHTYPE" speed="7.65" pos="179.03" lane="1/3to2/3_0" slope="0.00"/>
        <vehicle id="23" x="191.13" y="398.35" angle="90.00" type="DEFAULT_VEHTYPE" speed="1.47" pos="191.13" lane="0/2to1/2_0" slope="0.00"/>
        <vehicle id="25" x="601.65" y="398.40" angle="180.00" type="DEFAULT_VEHTYPE" speed="10.15" pos="3.15" lane=":3/2_9_0" slope="0.00"/>
        <vehicle id="27" x="401.65" y="717.79" angle="180.00" type="DEFAULT_VEHTYPE" speed="13.42" pos="113.04" lane="2/3to2/4_0" slope="0.00"/>
        <vehicle id="29" x="574.52" y="401.65" angle="-90.00" type="DEFAULT_VEHTYPE" speed="8.81" pos="20.73" lane="3/2to2/2_0" slope="0.00"/>
        <vehicle id="3" x="398.35" y="375.03" angle="0.00" type="DEFAULT_VEHTYPE" speed="13.76" pos="20.22" lane="2/2to2/1_0" slope="0.00"/>
        <vehicle id="32" x="601.65" y="420.13" angle="180.00" type="DEFAULT_VEHTYPE" speed="10.07" pos="15.38" lane="3/2to3/3_0" slope="0.00"/>
        <vehicle id="37" x="198.35" y="18.90" angle="0.00" type="DEFAULT_VEHTYPE" speed="13.12" pos="176.35" lane="1/1to1/0_0" slope="0.00"/>
        <vehicle id="38" x="57.31" y="401.65" angle="-90.00" type="DEFAULT_VEHTYPE" speed="13.85" pos="137.94" lane="1/2to0/2_0" slope="0.00"/>
        <vehicle id="4" x="198.35" y="88.09" angle="0.00" type="DEFAULT_VEHTYPE" speed="12.62" pos="107.16" lane="1/1to1/0_0" slope="0.00"/>
        <vehicle id="41" x="201.65" y="421.78" angle="180.00" type="DEFAULT_VEHTYPE" speed="11.49" pos="17.03" lane="1/2to1/3_0" slope="0.00"/>
        <vehicle id="42" x="185.56" y="198.35" angle="90.00" type="DEFAULT_VEHTYPE" speed="6.01" pos="185.56" lane="0/1to1/1_0" slope="0.00"/>
        <vehicle id="43" x="254.37" y="401.65" angle="-90.00" type="DEFAULT_VEHTYPE" speed="12.84" pos="140.88" lane="2/2to1/2_0" slope="0.00"/>
        <vehicle id="44" x="243.25" y="198.35" angle="90.00" type="DEFAULT_VEHTYPE" speed="13.76" pos="38.50" lane="1/1to2/1_0" slope="0.00"/>
        <vehicle id="46" x="398.35" y="729.70" angle="0.00" type="DEFAULT_VEHTYPE" speed="13.86" pos="70.30" lane="2/4to2/3_0" slope="0.00"/>
        <vehicle id="47" x="201.65" y="379.62" angle="180.00" type="DEFAULT_VEHTYPE" speed="13.44" pos="174.87" lane="1/1to1/2_0" slope="0.00"/>
        <vehicle id="49" x="201.65" y="503.76" angle="180.00" type="DEFAULT_VEHTYPE" speed="13.39" pos="99.01" lane="1/2to1/3_0" slope="0.00"/>
        <vehicle id="6" x="310.89" y="598.35" angle="90.00" type="DEFAULT_VEHTYPE" speed="13.52" pos="106.14" lane="1/3to2/3_0" slope="0.00"/>
    </timestep>
    <timestep time="382.00">
        <vehicle id="1" x="-0.57" y="398.73" angle="-26.15" type="DEFAULT_VEHTYPE" speed="12.84" pos="4.14" lane=":0/2_0_0" slope="0.00"/>
        <vehicle id="11" x="398.35" y="546.25" angle="0.00" type="DEFAULT_VEHTYPE" speed="12.68" pos="49.00" lane="2/3to2/2_0" slope="0.00"/>
        <vehicle id="13" x="598.35" y="540.56" angle="0.00" type="DEFAULT_VEHTYPE" speed="13.61" pos="54.69" lane="3/3to3/2_0" slope="0.00"/>
        <vehicle id="17" x="398.35" y="579.63" angle="0.00" type="DEFAULT_VEHTYPE" speed="12.83" pos="15.62" lane="2/3to2/2_0" slope="0.00"/>
        <vehicle id="2" x="520.70" y="401.65" angle="-90.00" type="DEFAULT_VEHTYPE" speed="12.91" pos="74.55" lane="3/2to2/2_0" slope="0.00"/>
        <vehicle id="21" x="388.68" y="598.35" angle="90.00" type="DEFAULT_VEHTYPE" speed="4.89" pos="183.93" lane="1/3to2/3_0" slope="0.00"/>
        <vehicle id="23" x="192.52" y="398.35" angle="90.00" type="DEFAULT_VEHTYPE" speed="1.38" pos="192.52" lane="0/2to1/2_0" slope="0.00"/>
        <vehicle id="25" x="601.65" y="408.49" angle="180.00" type="DEFAULT_VEHTYPE" speed="10.09" pos="3.74" lane="3/2to3/3_0" slope="0.00"/>
        <vehicle id="27" x="401.65" y="731.16" angle="180.00" type="DEFAULT_VEHTYPE" speed="13.36" pos="126.41" lane="2/3to2/4_0" slope="0.00"/>
        <vehicle id="29" x="563.60" y="401.65" angle="-90.00" type="DEFAULT_VEHTYPE" speed="10.91" pos="31.65" lane="3/2to2/2_0" slope="0.00"/>
        <vehicle id="3" x="398.35" y="362.19" angle="0.00" type="DEFAULT_VEHTYPE" speed="12.84" pos="33.06" lane="2/2to2/1_0" slope="0.00"/>
        <vehicle id="32" x="601.65" y="432.30" angle="180.00" type="DEFAULT_VEHTYPE" speed="12.17" pos="27.55" lane="3/2to3/3_0" slope="0.00"/>
        <vehicle id="37" x="198.35" y="5.57" angle="0.00" type="DEFAULT_VEHTYPE" speed="13.33" pos="189.68" lane="1/1to1/0_0" slope="0.00"/>
        <vehicle id="38" x="44.53" y="401.65" angle="-90.00" type="DEFAULT_VEHTYPE" speed="12.77" pos="150.72" lane="1/2to0/2_0" slope="0.00"/>
        <vehicle id="4" x="198.35" y="74.33" angle="0.00" type="DEFAULT_VEHTYPE" speed="13.77" pos="120.92" lane="1/1to1/0_0" slope="0.00"/>
        <vehicle id="41" x="201.65" y="435.23" angle="180.00" type="DEFAULT_VEHTYPE" speed="13.45" pos="30.48" lane="1/2to1/3_0" slope="0.00"/>
        <vehicle id="42" x="189.76" y="198.35" angle="90.00" type="DEFAULT_VEHTYPE" speed="4.20" pos="189.76" lane="0/1to1/1_0" slope="0.00"/>
        <vehicle id="43" x="241.39" y="401.65" angle="-90.00" type="DEFAULT_VEHTYPE" speed="12.98" pos="153.86" lane="2/2to1/2_0" slope="0.00"/>
        <vehicle id="44" x="256.14" y="198.35" angle="90.00" type="DEFAULT_VEHTYPE" speed="12.90" pos="51.39" lane="1/1to2/1_0" slope="0.00"/>
        <vehicle id="46" x="398.35" y="715.87" angle="0.00" type="DEFAULT_VEHTYPE" speed="13.83" pos="84.13" lane="2/4to2/3_0" slope="0.00"/>
        <vehicle id="47" x="201.65" y="393.19" angle="180.00" type="DEFAULT_VEHTYPE" speed="13.57" pos="188.44" lane="1/1to1/2_0" slope="0.00"/>
        <vehicle id="49" x="201.65" y="517.37" angle="180.00" type="DEFAULT_VEHTYPE" speed="13.62" pos="112.62" lane="1/2to1/3_0" slope="0.00"/>
        <vehicle id="6" x="324.34" y="598.35" angle="90.00" type="DEFAULT_VEHTYPE" speed="13.45" pos="119.59" lane="1/3to2/3_0" slope="0.00"/>
    </timestep>
    <timestep time="383.00">
        <vehicle id="1" x="12.56" y="398.35" angle="90.00" type="DEFAULT_VEHTYPE" speed="13.24" pos="12.56" lane="0/2to1/2_0" slope="0.00"/>
        <vehicle id="11" x="398.35" y="533.21" angle="0.00" type="DEFAULT_VEHTYPE" speed="13.04" pos="62.04" lane="2/3to2/2_0" slope="0.00"/>
        <vehicle id="13" x="598.35" y="527.64" angle="0.00" type="DEFAULT_VEHTYPE" speed="12.92" pos="67.61" lane="3/3to3/2_0" slope="0.00"/>
        <vehicle id="17" x="398.35" y="566.77" angle="0.00" type="DEFAULT_VEHTYPE" speed="12.86" pos="28.48" lane="2/3to2/2_0" slope="0.00"/>
        <vehicle id="2" x="507.59" y="401.65" angle="-90.00" type="DEFAULT_VEHTYPE" speed="13.11" pos="87.66" lane="3/2to2/2_0" slope="0.00"/>
        <vehicle id="21" x="395.35" y="598.36" angle="90.16" type="DEFAULT_VEHTYPE" speed="6.67" pos="0.10" lane=":2/3_14_0" slope="0.00"/>
        <vehicle id="23" x="192.74" y="398.35" angle="90.00" type="DEFAULT_VEHTYPE" speed="0.22" pos="192.74" lane="0/2to1/2_0" slope="0.00"/>
        <vehicle id="25" x="601.65" y="419.98" angle="180.00" type="DEFAULT_VEHTYPE" speed="11.49" pos="15.23" lane="3/2to3/3_0" slope="0.00"/>
        <vehicle id="27" x="401.65" y="744.11" angle="180.00" type="DEFAULT_VEHTYPE" speed="12.95" pos="139.36" lane="2/3to2/4_0" slope="0.00"/>
        <vehicle id="29" x="550.74" y="401.65" angle="-90.00" type="DEFAULT_VEHTYPE" speed="12.87" pos="44.51" lane="3/2to2/2_0" slope="0.00"/>
        <vehicle id="3" x="398.35" y="348.98" angle="0.00" type="DEFAULT_VEHTYPE" speed="13.21" pos="46.27" lane="2/2to2/1_0" slope="0.00"/>
        <vehicle id="32" x="601.65" y="446.10" angle="180.00" type="DEFAULT_VEHTYPE" speed="13.80" pos="41.35" lane="3/2to3/3_0" slope="0.00"/>
        <vehicle id="37" x="201.65" y="2.35" angle="154.38" type="DEFAULT_VEHTYPE" speed="12.74" pos="2.35" lane="1/0to1/1_0" slope="0.00"/>
        <vehicle id="38" x="31.53" y="401.65" angle="-90.00" type="DEFAULT_VEHTYPE" speed="13.01" pos="163.72" lane="1/2to0/2_0" slope="0.00"/>
        <vehicle id="4" x="198.35" y="60.53" angle="0.00" type="DEFAULT_VEHTYPE" speed="13.79" pos="134.72" lane="1/1to1/0_0" slope="0.00"/>
        <vehicle id="41" x="201.65" y="448.82" angle="180.00" type="DEFAULT_VEHTYPE" speed="13.58" pos="44.07" lane="1/2to1/3_0" slope="0.00"/>
        <vehicle id="42" x="196.50" y="198.17" angle="87.99" type="DEFAULT_VEHTYPE" speed="6.75" pos="1.26" lane=":1/1_12_0" slope="0.00"/>
        <vehicle id="43" x="228.78" y="401.65" angle="-90.00" type="DEFAULT_VEHTYPE" speed="12.61" pos="166.47" lane="2/2to1/2_0" slope="0.00"/>
        <vehicle id="44" x="269.87" y="198.35" angle="90.00" type="DEFAULT_VEHTYPE" speed="13.73" pos="65.12" lane="1/1to2/1_0" slope="0.00"/>
        <vehicle id="46" x="398.35" y="702.85" angle="0.00" type="DEFAULT_VEHTYPE" speed="13.02" pos="97.15" lane="2/4to2/3_0" slope="0.00"/>
        <vehicle id="47" x="201.65" y="406.86" angle="180.00" type="DEFAULT_VEHTYPE" speed="13.66" pos="2.11" lane="1/2to1/3_0" slope="0.00"/>
        <vehicle id="49" x="201.65" y="530.91" angle="180.00" type="DEFAULT_VEHTYPE" speed="13.54" pos="126.16" lane="1/2to1/3_0" slope="0.00"/>
        <vehicle id="6" x="337.49" y="598.35" angle="90.00" type="DEFAULT_VEHTYPE" speed="13.16" pos="132.74" lane="1/3to2/3_0" slope="0.00"/>
    </timestep>
    <timestep time="384.00">
        <vehicle id="1" x="25.48" y="398.35" angle="90.00" type="DEFAULT_VEHTYPE" speed="12.91" pos="25.48" lane="0/2to1/2_0" slope="0.00"/>
        <vehicle id="11" x="398.35" y="519.31" angle="0.00" type="DEFAULT_VEHTYPE" speed="13.90" pos="75.94" lane="2/3to2/2_0" slope="0.00"/>
        <vehicle id="13" x="598.35" y="513.85" angle="0.00" type="DEFAULT_VEHTYPE" speed="13.79" pos="81.40" lane="3/3to3/2_0" slope="0.00"/>
        <vehicle id="17" x="398.35" y="554.15" angle="0.00" type="DEFAULT_VEHTYPE" speed="12.61" pos="41.10" lane="2/3to2/2_0" slope="0.00"/>
        <vehicle id="2" x="493.75" y="401.65" angle="-90.00" type="DEFAULT_VEHTYPE" speed="13.85" pos="101.50" lane="3/2to2/2_0" slope="0.00"/>
        <vehicle id="21" x="401.48" y="603.53" angle="150.37" type="DEFAULT_VEHTYPE" speed="8.99" pos="9.08" lane=":2/3_14_0" slope="0.00"/>
        <vehicle id="23" x="192.74" y="398.35" angle="90.00" type="DEFAULT_VEHTYPE" speed="0.01" pos="192.74" lane="0/2to1/2_0" slope="0.00"/>
        <vehicle id="25" x="601.65" y="433.14" angle="180.00" type="DEFAULT_VEHTYPE" speed="13.16" pos="28.39" lane="3/2to3/3_0" slope="0.00"/>
        <vehicle id="27" x="401.65" y="757.04" angle="180.00" type="DEFAULT_VEHTYPE" speed="12.94" pos="152.29" lane="2/3to2/4_0" slope="0.00"/>
        <vehicle id="29" x="537.49" y="401.65" angle="-90.00" type="DEFAULT_VEHTYPE" speed="13.25" pos="57.76" lane="3/2to2/2_0" slope="0.00"/>
        <vehicle id="3" x="398.35" y="335.67" angle="0.00" type="DEFAULT_VEHTYPE" speed="13.31" pos="59.58" lane="2/2to2/1_0" slope="0.00"/>
        <vehicle id="32" x="601.65" y="459.86" angle="180.00" type="DEFAULT_VEHTYPE" speed="13.76" pos="55.11" lane="3/2to3/3_0" slope="0.00"/>
        <vehicle id="37" x="201.65" y="16.20" angle="180.00" type="DEFAULT_VEHTYPE" speed="13.85" pos="16.20" lane="1/0to1/1_0" slope="0.00"/>
        <vehicle id="38" x="18.23" y="401.65" angle="-90.00" type="DEFAULT_VEHTYPE" speed="13.30" pos="177.02" lane="1/2to0/2_0" slope="0.00"/>
        <vehicle id="4" x="198.35" y="46.76" angle="0.00" type="DEFAULT_VEHTYPE" speed="13.77" pos="148.49" lane="1/1to1/0_0" slope="0.00"/>
        <vehicle id="41" x="201.65" y="462.23" angle="180.00" type="DEFAULT_VEHTYPE" speed="13.41" pos="57.48" lane="1/2to1/3_0" slope="0.00"/>
        <vehicle id="42" x="198.35" y="189.88" angle="0.00" type="DEFAULT_VEHTYPE" speed="9.11" pos="5.37" lane="1/1to1/0_0" slope="0.00"/>
        <vehicle id="43" x="219.12" y="401.65" angle="-90.00" type="DEFAULT_VEHTYPE" speed="9.65" pos="176.13" lane="2/2to1/2_0" slope="0.00"/>
        <vehicle id="44" x="282.59" y="198.35" angle="90.00" type="DEFAULT_VEHTYPE" speed="12.72" pos="77.84" lane="1/1to2/1_0" slope="0.00"/>
        <vehicle id="46" x="398.35" y="689.62" angle="0.00" type="DEFAULT_VEHTYPE" speed="13.23" pos="110.38" lane="2/4to2/3_0" slope="0.00"/>
        <vehicle id="47" x="201.65" y="420.43" angle="180.00" type="DEFAULT_VEHTYPE" speed="13.57" pos="15.68" lane="1/2to1/3_0" slope="0.00"/>
        <vehicle id="49" x="201.65" y="544.52" angle="180.00" type="DEFAULT_VEHTYPE" speed="13.61" pos="139.77" lane="1/2to1/3_0" slope="0.00"/>
        <vehicle id="6" x="351.09" y="598.35" angle="90.00" type="DEFAULT_VEHTYPE" speed="13.60" pos="146.34" lane="1/3to2/3_0" slope="0.00"/>
    </timestep>
    <timestep time="385.00">
        <vehicle id="1" x="39.14" y="398.35" angle="90.00" type="DEFAULT_VEHTYPE" speed="13.67" pos="39.14" lane="0/2to1/2_0" slope="0.00"/>
        <vehicle id="11" x="398.35" y="505.83" angle="0.00" type="DEFAULT_VEHTYPE" speed="13.48" pos="89.42" lane="2/3to2/2_0" slope="0.00"/>
        <vehicle id="13" x="598.35" y="499.97" angle="0.00" type="DEFAULT_VEHTYPE" speed="13.88" pos="95.28" lane="3/3to3/2_0" slope="0.00"/>
        <vehicle id="17" x="398.35" y="541.49" angle="0.00" type="DEFAULT_VEHTYPE" speed="12.67" pos="53.76" lane="2/3to2/2_0" slope="0.00"/>
        <vehicle id="2" x="480.19" y="401.65" angle="-90.00" type="DEFAULT_VEHTYPE" speed="13.55" pos="115.06" lane="3/2to2/2_0" slope="0.00"/>
        <vehicle id="21" x="401.65" y="614.24" angle="180.00" type="DEFAULT_VEHTYPE" speed="10.72" pos="9.49" lane="2/3to2/4_0" slope="0.00"/>
        <vehicle id="23" x="192.74" y="398.35" angle="90.00" type="DEFAULT_VEHTYPE" speed="0.00" pos="192.74" lane="0/2to1/2_0" slope="0.00"/>
        <vehicle id="25" x="601.65" y="446.95" angle="180.00" type="DEFAULT_VEHTYPE" speed="13.81" pos="42.20" lane="3/2to3/3_0" slope="0.00"/>
        <vehicle id="27" x="401.65" y="769.82" angle="180.00" type="DEFAULT_VEHTYPE" speed="12.78" pos="165.07" lane="2/3to2/4_0" slope="0.00"/>
        <vehicle id="29" x="524.43" y="401.65" angle="-90.00" type="DEFAULT_VEHTYPE" speed="13.05" pos="70.82" lane="3/2to2/2_0" slope="0.00"/>
        <vehicle id="3" x="398.35" y="321.94" angle="0.00" type="DEFAULT_VEHTYPE" speed="13.73" pos="73.31" lane="2/2to2/1_0" slope="0.00"/>
        <vehicle id="32" x="601.65" y="473.59" angle="180.00" type="DEFAULT_VEHTYPE" speed="13.74" pos="68.84" lane="3/2to3/3_0" slope="0.00"/>
        <vehicle id="37" x="201.65" y="29.64" angle="180.00" type="DEFAULT_VEHTYPE" speed="13.44" pos="29.64" lane="1/0to1/1_0" slope="0.00"/>
        <vehicle id="38" x="4.86" y="401.65" angle="-90.00" type="DEFAULT_VEHTYPE" speed="13.37" pos="190.39" lane="1/2to0/2_0" slope="0.00"/>
        <vehicle id="4" x="198.35" y="33.78" angle="0.00" type="DEFAULT_VEHTYPE" speed="12.98" pos="161.47" lane="1/1to1/0_0" slope="0.00"/>
        <vehicle id="41" x="201.65" y="475.73" angle="180.00" type="DEFAULT_VEHTYPE" speed="13.50" pos="70.98" lane="1/2to1/3_0" slope="0.00"/>
        <vehicle id="42" x="198.35" y="179.38" angle="0.00" type="DEFAULT_VEHTYPE" speed="10.49" pos="15.87" lane="1/1to1/0_0" slope="0.00"/>
        <vehicle id="43" x="212.38" y="401.65" angle="-90.00" type="DEFAULT_VEHTYPE" speed="6.74" pos="182.87" lane="2/2to1/2_0" slope="0.00"/>
        <vehicle id="44" x="295.65" y="198.35" angle="90.00" type="DEFAULT_VEHTYPE" speed="13.06" pos="90.90" lane="1/1to2/1_0" slope="0.00"/>
        <vehicle id="46" x="398.35" y="676.95" angle="0.00" type="DEFAULT_VEHTYPE" speed="12.67" pos="123.05" lane="2/4to2/3_0" slope="0.00"/>
        <vehicle id="47" x="201.65" y="433.81" angle="180.00" type="DEFAULT_VEHTYPE" speed="13.38" pos="29.06" lane="1/2to1/3_0" slope="0.00"/>
        <vehicle id="49" x="201.65" y="558.17" angle="180.00" type="DEFAULT_VEHTYPE" speed="13.65" pos="153.42" lane="1/2to1/3_0" slope="0.00"/>
        <vehicle id="6" x="364.86" y="598.35" angle="90.00" type="DEFAULT_VEHTYPE" speed="13.78" pos="160.11" lane="1/3to2/3_0" slope="0.00"/>
    </timestep>
    <timestep time="386.00">
        <vehicle id="1" x="52.91" y="398.35" angle="90.00" type="DEFAULT_VEHTYPE" speed="13.77" pos="52.91" lane="0/2to1/2_0" slope="0.00"/>
        <vehicle id="11" x="398.35" y="493.21" angle="0.00" type="DEFAULT_VEHTYPE" speed="12.62" pos="102.04" lane="2/3to2/2_0" slope="0.00"/>
        <vehicle id="13" x="598.35" y="486.49" angle="0.00" type="DEFAULT_VEHTYPE" speed="13.48" pos="108.76" lane="3/3to3/2_0" slope="0.00"/>
        <vehicle id="17" x="398.35" y="527.84" angle="0.00" type="DEFAULT_VEHTYPE" speed="13.65" pos="67.41" lane="2/3to2/2_0" slope="0.00"/>
        <vehicle id="2" x="466.43" y="401.65" angle="-90.00" type="DEFAULT_VEHTYPE" speed="13.76" pos="128.82" lane="3/2to2/2_0" slope="0.00"/>
        <vehicle id="21" x="401.65" y="627.05" angle="180.00" type="DEFAULT_VEHTYPE" speed="12.82" pos="22.30" lane="2/3to2/4_0" slope="0.00"/>
        <vehicle id="23" x="192.74" y="398.35" angle="90.00" type="DEFAULT_VEHTYPE" speed="0.00" pos="192.74" lane="0/2to1/2_0" slope="0.00"/>
        <vehicle id="25" x="601.65" y="460.82" angle="180.00" type="DEFAULT_VEHTYPE" speed="13.87" pos="56.07" lane="3/2to3/3_0" slope="0.00"/>
        <vehicle id="27" x="401.65" y="782.65" angle="180.00" type="DEFAULT_VEHTYPE" speed="12.83" pos="177.90" lane="2/3to2/4_0" slope="0.00"/>
        <vehicle id="29" x="510.87" y="401.65" angle="-90.00" type="DEFAULT_VEHTYPE" speed="13.57" pos="84.38" lane="3/2to2/2_0" slope="0.00"/>
        <vehicle id="3" x="398.35" y="308.53" angle="0.00" type="DEFAULT_VEHTYPE" speed="13.40" pos="86.72" lane="2/2to2/1_0" slope="0.00"/>
        <vehicle id="32" x="601.65" y="487.31" angle="180.00" type="DEFAULT_VEHTYPE" speed="13.72" pos="82.56" lane="3/2to3/3_0" slope="0.00"/>
        <vehicle id="37" x="201.65" y="43.16" angle="180.00" type="DEFAULT_VEHTYPE" speed="13.52" pos="43.16" lane="1/0to1/1_0" slope="0.00"/>
        <vehicle id="38" x="3.76" y="398.35" angle="81.82" type="DEFAULT_VEHTYPE" speed="13.45" pos="3.76" lane="0/2to1/2_0" slope="0.00"/>
        <vehicle id="4" x="198.35" y="20.69" angle="0.00" type="DEFAULT_VEHTYPE" speed="13.09" pos="174.56" lane="1/1to1/0_0" slope="0.00"/>
        <vehicle id="41" x="201.65" y="489.32" angle="180.00" type="DEFAULT_VEHTYPE" speed="13.60" pos="84.57" lane="1/2to1/3_0" slope="0.00"/>
        <vehicle id="42" x="198.35" y="166.99" angle="0.00" type="DEFAULT_VEHTYPE" speed="12.40" pos="28.26" lane="1/1to1/0_0" slope="0.00"/>
        <vehicle id="43" x="209.23" y="401.65" angle="-90.00" type="DEFAULT_VEHTYPE" speed="3.15" pos="186.02" lane="2/2to1/2_0" slope="0.00"/>
        <vehicle id="44" x="308.46" y="198.35" angle="90.00" type="DEFAULT_VEHTYPE" speed="12.81" pos="103.71" lane="1/1to2/1_0" slope="0.00"/>
        <vehicle id="46" x="398.35" y="663.65" angle="0.00" type="DEFAULT_VEHTYPE" speed="13.30" pos="136.35" lane="2/4to2/3_0" slope="0.00"/>
        <vehicle id="47" x="201.65" y="446.68" angle="180.00" type="DEFAULT_VEHTYPE" speed="12.86" pos="41.93" lane="1/2to1/3_0" slope="0.00"/>
        <vehicle id="49" x="201.65" y="571.75" angle="180.00" type="DEFAULT_VEHTYPE" speed="13.57" pos="167.00" lane="1/2to1/3_0" slope="0.00"/>
        <vehicle id="6" x="375.81" y="598.35" angle="90.00" type="DEFAULT_VEHTYPE" speed="10.94" pos="171.06" lane="1/3to2/3_0" slope="0.00"/>
    </timestep>
    <timestep time="387.00">
        <vehicle id="1" x="66.32" y="398.35" angle="90.00" type="DEFAULT_VEHTYPE" speed="13.41" pos="66.32" lane="0/2to1/2_0" slope="0.00"/>
        <vehicle id="11" x="398.35" y="480.19" angle="0.00" type="DEFAULT_VEHTYPE" speed="13.02" pos="115.06" lane="2/3to2/2_0" slope="0.00"/>
        <vehicle id="13" x="598.35" y="472.88" angle="0.00" type="DEFAULT_VEHTYPE" speed="13.61" pos="122.37" lane="3/3to3/2_0" slope="0.00"/>
        <vehicle id="17" x="398.35" y="514.10" angle="0.00" type="DEFAULT_VEHTYPE" speed="13.74" pos="81.15" lane="2/3to2/2_0" slope="0.00"/>
        <vehicle id="2" x="452.69" y="401.65" angle="-90.00" type="DEFAULT_VEHTYPE" speed="13.74" pos="142.56" lane="3/2to2/2_0" slope="0.00"/>
        <vehicle id="21" x="401.65" y="640.11" angle="180.00" type="DEFAULT_VEHTYPE" speed="13.06" pos="35.36" lane="2/3to2/4_0" slope="0.00"/>
        <vehicle id="23" x="192.74" y="398.35" angle="90.00" type="DEFAULT_VEHTYPE" speed="0.00" pos="192.74" lane="0/2to1/2_0" slope="0.00"/>
        <vehicle id="25" x="601.65" y="473.51" angle="180.00" type="DEFAULT_VEHTYPE" speed="12.68" pos="68.76" lane="3/2to3/3_0" slope="0.00"/>
        <vehicle id="27" x="401.65" y="795.35" angle="180.00" type="DEFAULT_VEHTYPE" speed="12.70" pos="190.60" lane="2/3to2/4_0" slope="0.00"/>
        <vehicle id="29" x="497.61" y="401.65" angle="-90.00" type="DEFAULT_VEHTYPE" speed="13.26" pos="97.64" lane="3/2to2/2_0" slope="0.00"/>
        <vehicle id="3" x="398.35" y="295.81" angle="0.00" type="DEFAULT_VEHTYPE" speed="12.73" pos="99.44" lane="2/2to2/1_0" slope="0.00"/>
        <vehicle id="32" x="601.65" y="500.00" angle="180.00" type="DEFAULT_VEHTYPE" speed="12.69" pos="95.25" lane="3/2to3/3_0" slope="0.00"/>
        <vehicle id="37" x="201.65" y="55.94" angle="180.00" type="DEFAULT_VEHTYPE" speed="12.78" pos="55.94" lane="1/0to1/1_0" slope="0.00"/>
        <vehicle id="38" x="17.44" y="398.35" angle="90.00" type="DEFAULT_VEHTYPE" speed="13.68" pos="17.44" lane="0/2to1/2_0" slope="0.00"/>
        <vehicle id="4" x="198.35" y="7.21" angle="0.00" type="DEFAULT_VEHTYPE" speed="13.48" pos="188.04" lane="1/1to1/0_0" slope="0.00"/>
        <vehicle id="41" x="201.65" y="502.92" angle="180.00" type="DEFAULT_VEHTYPE" speed="13.60" pos="98.17" lane="1/2to1/3_0" slope="0.00"/>
        <vehicle id="42" x="198.35" y="153.70" angle="0.00" type="DEFAULT_VEHTYPE" speed="13.29" pos="41.55" lane="1/1to1/0_0" slope="0.00"/>
        <vehicle id="43" x="204.07" y="401.65" angle="-90.00" type="DEFAULT_VEHTYPE" speed="5.16" pos="0.68" lane=":1/2_5_0" slope="0.00"/>
        <vehicle id="44" x="321.31" y="198.35" angle="90.00" type="DEFAULT_VEHTYPE" speed="12.84" pos="116.56" lane="1/1to2/1_0" slope="0.00"/>
        <vehicle id="46" x="398.35" y="650.52" angle="0.00" type="DEFAULT_VEHTYPE" speed="13.12" pos="149.48" lane="2/4to2/3_0" slope="0.00"/>
        <vehicle id="47" x="201.65" y="459.48" angle="180.00" type="DEFAULT_VEHTYPE" speed="12.81" pos="54.73" lane="1/2to1/3_0" slope="0.00"/>
        <vehicle id="49" x="201.65" y="584.49" angle="180.00" type="DEFAULT_VEHTYPE" speed="12.75" pos="179.74" lane="1/2to1/3_0" slope="0.00"/>
        <vehicle id="6" x="383.87" y="598.35" angle="90.00" type="DEFAULT_VEHTYPE" speed="8.06" pos="179.12" lane="1/3to2/3_0" slope="0.00"/>
    </timestep>
    <timestep time="388.00">
        <vehicle id="1" x="79.74" y="398.35" angle="90.00" type="DEFAULT_VEHTYPE" speed="13.41" pos="79.74" lane="0/2to1/2_0" slope="0.00"/>
        <vehicle id="11" x="398.35" y="466.30" angle="0.00" type="DEFAULT_VEHTYPE" speed="13.89" pos="128.95" lane="2/3to2/2_0" slope="0.00"/>
        <vehicle id="13" x="598.35" y="459.09" angle="0.00" type="DEFAULT_VEHTYPE" speed="13.78" pos="136.16" lane="3/3to3/2_0" slope="0.00"/>
        <vehicle id="17" x="398.35" y="500.44" angle="0.00" type="DEFAULT_VEHTYPE" speed="13.66" pos="94.81" lane="2/3to2/2_0" slope="0.00"/>
        <vehicle id="2" x="440.01" y="401.65" angle="-90.00" type="DEFAULT_VEHTYPE" speed="12.68" pos="155.24" lane="3/2to2/2_0" slope="0.00"/>
        <vehicle id="21" x="401.65" y="653.45" angle="180.00" type="DEFAULT_VEHTYPE" speed="13.34" pos="48.70" lane="2/3to2/4_0" slope="0.00"/>
        <vehicle id="23" x="192.74" y="398.35" angle="90.00" type="DEFAULT_VEHTYPE" speed="0.00" pos="192.74" lane="0/2to1/2_0" slope="0.00"/>
        <vehicle id="25" x="601.65" y="486.90" angle="180.00" type="DEFAULT_VEHTYPE" speed="13.40" pos="82.15" lane="3/2to3/3_0" slope="0.00"/>
        <vehicle id="27" x="398.35" y="796.77" angle="-13.17" type="DEFAULT_VEHTYPE" speed="12.70" pos="3.23" lane="2/4to2/3_0" slope="0.00"/>
        <vehicle id="29" x="484.97" y="401.65" angle="-90.00" type="DEFAULT_VEHTYPE" speed="12.63" pos="110.28" lane="3/2to2/2_0" slope="0.00"/>
        <vehicle id="3" x="398.35" y="282.24" angle="0.00" type="DEFAULT_VEHTYPE" speed="13.56" pos="113.01" lane="2/2to2/1_0" slope="0.00"/>
        <vehicle id="32" x="601.65" y="512.83" angle="180.00" type="DEFAULT_VEHTYPE" speed="12.82" pos="108.08" lane="3/2to3/3_0" slope="0.00"/>
        <vehicle id="37" x="201.65" y="69.70" angle="180.00" type="DEFAULT_VEHTYPE" speed="13.76" pos="69.70" lane="1/0to1/1_0" slope="0.00"/>
        <vehicle id="38" x="31.10" y="398.35" angle="90.00" type="DEFAULT_VEHTYPE" speed="13.65" pos="31.10" lane="0/2to1/2_0" slope="0.00"/>
        <vehicle id="4" x="201.65" y="1.14" angle="124.97" type="DEFAULT_VEHTYPE" speed="13.17" pos="1.14" lane="1/0to1/1_0" slope="0.00"/>
        <vehicle id="41" x="201.65" y="515.98" angle="180.00" type="DEFAULT_VEHTYPE" speed="13.06" pos="111.23" lane="1/2to1/3_0" slope="0.00"/>
        <vehicle id="42" x="198.35" y="141.09" angle="0.00" type="DEFAULT_VEHTYPE" speed="12.61" pos="54.16" lane="1/1to1/0_0" slope="0.00"/>
        <vehicle id="43" x="196.63" y="401.65" angle="-90.00" type="DEFAULT_VEHTYPE" speed="7.44" pos="8.12" lane=":1/2_5_0" slope="0.00"/>
        <vehicle id="44" x="334.85" y="198.35" angle="90.00" type="DEFAULT_VEHTYPE" speed="13.55" pos="130.10" lane="1/1to2/1_0" slope="0.00"/>
        <vehicle id="46" x="398.35" y="636.71" angle="0.00" type="DEFAULT_VEHTYPE" speed="13.81" pos="163.29" lane="2/4to2/3_0" slope="0.00"/>
        <vehicle id="47" x="201.65" y="472.91" angle="180.00" type="DEFAULT_VEHTYPE" speed="13.43" pos="68.16" lane="1/2to1/3_0" slope="0.00"/>
        <vehicle id="49" x="202.83" y="597.82" angle="165.66" type="DEFAULT_VEHTYPE" speed="13.73" pos="2.97" lane=":1/3_8_0" slope="0.00"/>
        <vehicle id="6" x="388.40" y="598.35" angle="90.00" type="DEFAULT_VEHTYPE" speed="4.54" pos="183.65" lane="1/3to2/3_0" slope="0.00"/>
    </timestep>
    <timestep time="389.00">
        <vehicle id="1" x="92.78" y="398.35" angle="90.00" type="DEFAULT_VEHTYPE" speed="13.04" pos="92.78" lane="0/2to1/2_0" slope="0.00"/>
        <vehicle id="11" x="398.35" y="452.72" angle="0.00" type="DEFAULT_VEHTYPE" speed="13.58" pos="142.53" lane="2/3to2/2_0" slope="0.00"/>
        <vehicle id="13" x="598.35" y="445.97" angle="0.00" type="DEFAULT_VEHTYPE" speed="13.12" pos="149.28" lane="3/3to3/2_0" slope="0.00"/>
        <vehicle id="17" x="398.35" y="487.43" angle="0.00" type="DEFAULT_VEHTYPE" speed="13.01" pos="107.82" lane="2/3to2/2_0" slope="0.00"/>
        <vehicle id="2" x="426.94" y="401.65" angle="-90.00" type="DEFAULT_VEHTYPE" speed="13.07" pos="168.31" lane="3/2to2/2_0" slope="0.00"/>
        <vehicle id="21" x="401.65" y="666.23" angle="180.00" type="DEFAULT_VEHTYPE" speed="12.78" pos="61.48" lane="2/3to2/4_0" slope="0.00"/>
        <vehicle id="23" x="194.66" y="398.35" angle="90.00" type="DEFAULT_VEHTYPE" speed="1.92" pos="194.66" lane="0/2to1/2_0" slope="0.00"/>
        <vehicle id="25" x="601.65" y="500.30" angle="180.00" type="DEFAULT_VEHTYPE" speed="13.40" pos="95.55" lane="3/2to3/3_0" slope="0.00"/>
        <vehicle id="27" x="398.35" y="782.91" angle="0.00" type="DEFAULT_VEHTYPE" speed="13.85" pos="17.09" lane="2/4to2/3_0" slope="0.00"/>
        <vehicle id="29" x="471.22" y="401.65" angle="-90.00" type="DEFAULT_VEHTYPE" speed="13.76" pos="124.03" lane="3/2to2/2_0" slope="0.00"/>
        <vehicle id="3" x="398.35" y="269.20" angle="0.00" type="DEFAULT_VEHTYPE" speed="13.04" pos="126.05" lane="2/2to2/1_0" slope="0.00"/>
        <vehicle id="32" x="601.65" y="525.77" angle="180.00" type="DEFAULT_VEHTYPE" speed="12.94" pos="121.02" lane="3/2to3/3_0" slope="0.00"/>
        <vehicle id="37" x="201.65" y="83.21" angle="180.00" type="DEFAULT_VEHTYPE" speed="13.50" pos="83.21" lane="1/0to1/1_0" slope="0.00"/>
        <vehicle id="38" x="44.94" y="398.35" angle="90.00" type="DEFAULT_VEHTYPE" speed="13.84" pos="44.94" lane="0/2to1/2_0" slope="0.00"/>
        <vehicle id="4" x="201.65" y="14.85" angle="180.00" type="DEFAULT_VEHTYPE" speed="13.72" pos="14.85" lane="1/0to1/1_0" slope="0.00"/>
        <vehicle id="41" x="201.65" y="529.36" angle="180.00" type="DEFAULT_VEHTYPE" speed="13.37" pos="124.61" lane="1/2to1/3_0" slope="0.00"/>
        <vehicle id="42" x="198.35" y="127.82" angle="0.00" type="DEFAULT_VEHTYPE" speed="13.26" pos="67.43" lane="1/1to1/0_0" slope="0.00"/>
        <vehicle id="43" x="186.90" y="401.65" angle="-90.00" type="DEFAULT_VEHTYPE" speed="9.72" pos="8.35" lane="1/2to0/2_0" slope="0.00"/>
        <vehicle id="44" x="348.61" y="198.35" angle="90.00" type="DEFAULT_VEHTYPE" speed="13.76" pos="143.86" lane="1/1to2/1_0" slope="0.00"/>
        <vehicle id="46" x="398.35" y="623.75" angle="0.00" type="DEFAULT_VEHTYPE" speed="12.97" pos="176.25" lane="2/4to2/3_0" slope="0.00"/>
        <vehicle id="47" x="201.65" y="486.61" angle="180.00" type="DEFAULT_VEHTYPE" speed="13.70" pos="81.86" lane="1/2to1/3_0" slope="0.00"/>
        <vehicle id="49" x="215.57" y="598.35" angle="90.00" type="DEFAULT_VEHTYPE" speed="12.85" pos="10.82" lane="1/3to2/3_0" slope="0.00"/>
        <vehicle id="6" x="390.43" y="598.35" angle="90.00" type="DEFAULT_VEHTYPE" speed="2.02" pos="185.68" lane="1/3to2/3_0" slope="0.00"/>
    </timestep>
    <timestep time="390.00">
        <vehicle id="1" x="105.84" y="398.35" angle="90.00" type="DEFAULT_VEHTYPE" speed="13.06" pos="105.84" lane="0/2to1/2_0" slope="0.00"/>
        <vehicle id="11" x="398.35" y="439.65" angle="0.00" type="DEFAULT_VEHTYPE" speed="13.07" pos="155.60" lane="2/3to2/2_0" slope="0.00"/>
        <vehicle id="13" x="598.35" y="432.78" angle="0.00" type="DEFAULT_VEHTYPE" speed="13.19" pos="162.47" lane="3/3to3/2_0" slope="0.00"/>
        <vehicle id="17" x="398.35" y="474.35" angle="0.00" type="DEFAULT_VEHTYPE" speed="13.08" pos="120.90" lane="2/3to2/2_0" slope="0.00"/>
        <vehicle id="2" x="418.19" y="401.65" angle="-90.00" type="DEFAULT_VEHTYPE" speed="8.75" pos="177.06" lane="3/2to2/2_0" slope="0.00"/>
        <vehicle id="21" x="401.65" y="680.06" angle="180.00" type="DEFAULT_VEHTYPE" speed="13.83" pos="75.31" lane="2/3to2/4_0" slope="0.00"/>
        <vehicle id="23" x="198.07" y="398.76" angle="94.76" type="DEFAULT_VEHTYPE" speed="3.45" pos="2.86" lane=":1/2_14_0" slope="0.00"/>
        <vehicle id="25" x="601.65" y="513.16" angle="180.00" type="DEFAULT_VEHTYPE" speed="12.86" pos="108.41" lane="3/2to3/3_0" slope="0.00"/>
        <vehicle id="27" x="398.35" y="769.26" angle="0.00" type="DEFAULT_VEHTYPE" speed="13.66" pos="30.74" lane="2/4to2/3_0" slope="0.00"/>
        <vehicle id="29" x="457.91" y="401.65" angle="-90.00" type="DEFAULT_VEHTYPE" speed="13.30" pos="137.34" lane="3/2to2/2_0" slope="0.00"/>
        <vehicle id="3" x="398.35" y="256.47" angle="0.00" type="DEFAULT_VEHTYPE" speed="12.73" pos="138.78" lane="2/2to2/1_0" slope="0.00"/>
        <vehicle id="32" x="601.65" y="538.75" angle="180.00" type="DEFAULT_VEHTYPE" speed="12.98" pos="134.00" lane="3/2to3/3_0" slope="0.00"/>
        <vehicle id="37" x="201.65" y="96.20" angle="180.00" type="DEFAULT_VEHTYPE" speed="12.99" pos="96.20" lane="1/0to1/1_0" slope="0.00"/>
        <vehicle id="38" x="57.55" y="398.35" angle="90.00" type="DEFAULT_VEHTYPE" speed="12.61" pos="57.55" lane="0/2to1/2_0" slope="0.00"/>
        <vehicle id="4" x="201.65" y="28.28" angle="180.00" type="DEFAULT_VEHTYPE" speed="13.43" pos="28.28" lane="1/0to1/1_0" slope="0.00"/>
        <vehicle id="41" x="201.65" y="543.18" angle="180.00" type="DEFAULT_VEHTYPE" speed="13.82" pos="138.43" lane="1/2to1/3_0" slope="0.00"/>
        <vehicle id="42" x="198.35" y="114.41" angle="0.00" type="DEFAULT_VEHTYPE" speed="13.42" pos="80.84" lane="1/1to1/0_0" slope="0.00"/>
        <vehicle id="43" x="175.49" y="401.65" angle="-90.00" type="DEFAULT_VEHTYPE" speed="11.42" pos="19.76" lane="1/2to0/2_0" slope="0.00"/>
        <vehicle id="44" x="361.99" y="198.35" angle="90.00" type="DEFAULT_VEHTYPE" speed="13.38" pos="157.24" lane="1/1to2/1_0" slope="0.00"/>
        <vehicle id="46" x="398.35" y="611.11" angle="0.00" type="DEFAULT_VEHTYPE" speed="12.63" pos="188.89" lane="2/4to2/3_0" slope="0.00"/>
        <vehicle id="47" x="201.65" y="499.60" angle="180.00" type="DEFAULT_VEHTYPE" speed="12.99" pos="94.85" lane="1/2to1/3_0" slope="0.00"/>
        <vehicle id="49" x="228.75" y="598.35" angle="90.00" type="DEFAULT_VEHTYPE" speed="13.18" pos="24.00" lane="1/3to2/3_0" slope="0.00"/>
        <vehicle id="6" x="391.67" y="598.35" angle="90.00" type="DEFAULT_VEHTYPE" speed="1.24" pos="186.92" lane="1/3to2/3_0" slope="0.00"/>
    </timestep>
    <timestep time="391.00">
        <vehicle id="1" x="118.83" y="398.35" angle="90.00" type="DEFAULT_VEHTYPE" speed="12.99" pos="118.83" lane="0/2to1/2_0" slope="0.00"/>
        <vehicle id="11" x="398.35" y="426.71" angle="0.00" type="DEFAULT_VEHTYPE" speed="12.93" pos="168.54" lane="2/3to2/2_0" slope="0.00"/>
        <vehicle id="13" x="598.35" y="419.58" angle="0.00" type="DEFAULT_VEHTYPE" speed="13.21" pos="175.67" lane="3/3to3/2_0" slope="0.00"/>
        <vehicle id="17" x="398.35" y="460.66" angle="0.00" type="DEFAULT_VEHTYPE" speed="13.69" pos="134.59" lane="2/3to2/2_0" slope="0.00"/>
        <vehicle id="2" x="412.12" y="401.65" angle="-90.00" type="DEFAULT_VEHTYPE" speed="6.07" pos="183.13" lane="3/2to2/2_0" slope="0.00"/>
        <vehicle id="21" x="401.65" y="693.11" angle="180.00" type="DEFAULT_VEHTYPE" speed="13.05" pos="88.36" lane="2/3to2/4_0" slope="0.00"/>
        <vehicle id="23" x="201.27" y="402.10" angle="134.81" type="DEFAULT_VEHTYPE" speed="4.79" pos="7.65" lane=":1/2_14_0" slope="0.00"/>
        <vehicle id="25" x="601.65" y="526.86" angle="180.00" type="DEFAULT_VEHTYPE" speed="13.69" pos="122.11" lane="3/2to3/3_0" slope="0.00"/>
        <vehicle id="27" x="398.35" y="755.46" angle="0.00" type="DEFAULT_VEHTYPE" speed="13.80" pos="44.54" lane="2/4to2/3_0" slope="0.00"/>
        <vehicle id="29" x="445.08" y="401.65" angle="-90.00" type="DEFAULT_VEHTYPE" speed="12.83" pos="150.17" lane="3/2to2/2_0" slope="0.00"/>
        <vehicle id="3" x="398.35" y="242.73" angle="0.00" type="DEFAULT_VEHTYPE" speed="13.74" pos="152.52" lane="2/2to2/1_0" slope="0.00"/>
        <vehicle id="32" x="601.65" y="551.61" angle="180.00" type="DEFAULT_VEHTYPE" speed="12.86" pos="146.86" lane="3/2to3/3_0" slope="0.00"/>
        <vehicle id="37" x="201.65" y="109.42" angle="180.00" type="DEFAULT_VEHTYPE" speed="13.22" pos="109.42" lane="1/0to1/1_0" slope="0.00"/>
        <vehicle id="38" x="71.21" y="398.35" angle="90.00" type="DEFAULT_VEHTYPE" speed="13.66" pos="71.21" lane="0/2to1/2_0" slope="0.00"/>
        <vehicle id="4" x="201.65" y="41.63" angle="180.00" type="DEFAULT_VEHTYPE" speed="13.35" pos="41.63" lane="1/0to1/1_0" slope="0.00"/>
        <vehicle id="41" x="201.65" y="556.23" angle="180.00" type="DEFAULT_VEHTYPE" speed="13.06" pos="151.48" lane="1/2to1/3_0" slope="0.00"/>
        <vehicle id="42" x="198.35" y="100.80" angle="0.00" type="DEFAULT_VEHTYPE" speed="13.60" pos="94.45" lane="1/1to1/0_0" slope="0.00"/>
        <vehicle id="43" x="161.75" y="401.65" angle="-90.00" type="DEFAULT_VEHTYPE" speed="13.73" pos="33.50" lane="1/2to0/2_0" slope="0.00"/>
        <vehicle id="44" x="374.12" y="198.35" angle="90.00" type="DEFAULT_VEHTYPE" speed="12.13" pos="169.37" lane="1/1to2/1_0" slope="0.00"/>
        <vehicle id="46" x="398.35" y="598.41" angle="0.00" type="DEFAULT_VEHTYPE" speed="12.71" pos="6.34" lane=":2/3_1_0" slope="0.00"/>
        <vehicle id="47" x="201.65" y="512.67" angle="180.00" type="DEFAULT_VEHTYPE" speed="13.07" pos="107.92" lane="1/2to1/3_0" slope="0.00"/>
        <vehicle id="49" x="242.46" y="598.35" angle="90.00" type="DEFAULT_VEHTYPE" speed="13.71" pos="37.71" lane="1/3to2/3_0" slope="0.00"/>
        <vehicle id="6" x="392.48" y="598.35" angle="90.00" type="DEFAULT_VEHTYPE" speed="0.81" pos="187.73" lane="1/3to2/3_0" slope="0.00"/>
    </timestep>
    <timestep time="392.00">
        <vehicle id="1" x="132.05" y="398.35" angle="90.00" type="DEFAULT_VEHTYPE" speed="13.22" pos="132.05" lane="0/2to1/2_0" slope="0.00"/>
        <vehicle id="11" x="398.35" y="413.50" angle="0.00" type="DEFAULT_VEHTYPE" speed="13.21" pos="181.75" lane="2/3to2/2_0" slope="0.00"/>
        <vehicle id="13" x="598.35" y="406.60" angle="0.00" type="DEFAULT_VEHTYPE" speed="12.98" pos="188.65" lane="3/3to3/2_0" slope="0.00"/>
        <vehicle id="17" x="398.35" y="447.08" angle="0.00" type="DEFAULT_VEHTYPE" speed="13.58" pos="148.17" lane="2/3to2/2_0" slope="0.00"/>
        <vehicle id="2" x="409.14" y="401.65" angle="-90.00" type="DEFAULT_VEHTYPE" speed="2.98" pos="186.11" lane="3/2to2/2_0" slope="0.00"/>
        <vehicle id="21" x="401.65" y="706.62" angle="180.00" type="DEFAULT_VEHTYPE" speed="13.51" pos="101.87" lane="2/3to2/4_0" slope="0.00"/>
        <vehicle id="23" x="201.65" y="409.34" angle="179.34" type="DEFAULT_VEHTYPE" speed="7.26" pos="4.59" lane="1/2to1/3_0" slope="0.00"/>
        <vehicle id="25" x="601.65" y="540.11" angle="180.00" type="DEFAULT_VEHTYPE" speed="13.25" pos="135.36" lane="3/2to3/3_0" slope="0.00"/>
        <vehicle id="27" x="398.35" y="742.09" angle="0.00" type="DEFAULT_VEHTYPE" speed="13.37" pos="57.91" lane="2/4to2/3_0" slope="0.00"/>
        <vehicle id="29" x="432.29" y="401.65" angle="-90.00" type="DEFAULT_VEHTYPE" speed="12.79" pos="162.96" lane="3/2to2/2_0" slope="0.00"/>
        <vehicle id="3" x="398.35" y="229.17" angle="0.00" type="DEFAULT_VEHTYPE" speed="13.56" pos="166.08" lane="2/2to2/1_0" slope="0.00"/>
        <vehicle id="32" x="601.65" y="565.41" angle="180.00" type="DEFAULT_VEHTYPE" speed="13.80" pos="160.66" lane="3/2to3/3_0" slope="0.00"/>
        <vehicle id="37" x="201.65" y="122.61" angle="180.00" type="DEFAULT_VEHTYPE" speed="13.19" pos="122.61" lane="1/0to1/1_0" slope="0.00"/>
        <vehicle id="38" x="84.74" y="398.35" angle="90.00" type="DEFAULT_VEHTYPE" speed="13.54" pos="84.74" lane="0/2to1/2_0" slope="0.00"/>
        <vehicle id="4" x="201.65" y="55.28" angle="180.00" type="DEFAULT_VEHTYPE" speed="13.65" pos="55.28" lane="1/0to1/1_0" slope="0.00"/>
        <vehicle id="41" x="201.65" y="570.03" angle="180.00" type="DEFAULT_VEHTYPE" speed="13.80" pos="165.28" lane="1/2to1/3_0" slope="0.00"/>
        <vehicle id="42" x="198.35" y="87.74" angle="0.00" type="DEFAULT_VEHTYPE" speed="13.07" pos="107.51" lane="1/1to1/0_0" slope="0.00"/>
        <vehicle id="43" x="149.15" y="401.65" angle="-90.00" type="DEFAULT_VEHTYPE" speed="12.61" pos="46.10" lane="1/2to0/2_0" slope="0.00"/>
        <vehicle id="44" x="382.35" y="198.35" angle="90.00" type="DEFAULT_VEHTYPE" speed="8.23" pos="177.60" lane="1/1to2/1_0" slope="0.00"/>
        <vehicle id="46" x="398.35" y="584.83" angle="0.00" type="DEFAULT_VEHTYPE" speed="13.58" pos="10.42" lane="2/3to2/2_0" slope="0.00"/>
        <vehicle id="47" x="201.65" y="525.58" angle="180.00" type="DEFAULT_VEHTYPE" speed="12.91" pos="120.83" lane="1/2to1/3_0" slope="0.00"/>
        <vehicle id="49" x="255.66" y="598.35" angle="90.00" type="DEFAULT_VEHTYPE" speed="13.20" pos="50.91" lane="1/3to2/3_0" slope="0.00"/>
        <vehicle id="6" x="392.71" y="598.35" angle="90.00" type="DEFAULT_VEHTYPE" speed="0.23" pos="187.96" lane="1/3to2/3_0" slope="0.00"/>
    </timestep>
    <timestep time="393.00">
        <vehicle id="1" x="145.42" y="398.35" angle="90.00" type="DEFAULT_VEHTYPE" speed="13.37" pos="145.42" lane="0/2to1/2_0" slope="0.00"/>
        <vehicle id="11" x="395.92" y="401.74" angle="-33.34" type="DEFAULT_VEHTYPE" speed="13.08" pos="4.32" lane=":2/2_0_0" slope="0.00"/>
        <vehicle id="13" x="588.34" y="401.65" angle="-90.00" type="DEFAULT_VEHTYPE" speed="13.76" pos="6.91" lane="3/2to2/2_0" slope="0.00"/>
        <vehicle id="17" x="398.35" y="433.51" angle="0.00" type="DEFAULT_VEHTYPE" speed="13.57" pos="161.74" lane="2/3to2/2_0" slope="0.00"/>
        <vehicle id="2" x="404.23" y="401.58" angle="-89.15" type="DEFAULT_VEHTYPE" speed="4.92" pos="0.53" lane=":2/2_6_0" slope="0.00"/>
        <vehicle id="21" x="401.65" y="719.37" angle="180.00" type="DEFAULT_VEHTYPE" speed="12.75" pos="114.62" lane="2/3to2/4_0" slope="0.00"/>
        <vehicle id="23" x="201.65" y="419.02" angle="180.00" type="DEFAULT_VEHTYPE" speed="9.68" pos="14.27" lane="1/2to1/3_0" slope="0.00"/>
        <vehicle id="25" x="601.65" y="553.43" angle="180.00" type="DEFAULT_VEHTYPE" speed="13.32" pos="148.68" lane="3/2to3/3_0" slope="0.00"/>
        <vehicle id="27" x="398.35" y="728.60" angle="0.00" type="DEFAULT_VEHTYPE" speed="13.49" pos="71.40" lane="2/4to2/3_0" slope="0.00"/>
        <vehicle id="29" x="424.00" y="401.65" angle="-90.00" type="DEFAULT_VEHTYPE" speed="8.29" pos="171.25" lane="3/2to2/2_0" slope="0.00"/>
        <vehicle id="3" x="398.35" y="215.53" angle="0.00" type="DEFAULT_VEHTYPE" speed="13.64" pos="179.72" lane="2/2to2/1_0" slope="0.00"/>
        <vehicle id="32" x="601.65" y="579.27" angle="180.00" type="DEFAULT_VEHTYPE" speed="13.86" pos="174.52" lane="3/2to3/3_0" slope="0.00"/>
        <vehicle id="37" x="201.65" y="136.00" angle="180.00" type="DEFAULT_VEHTYPE" speed="13.39" pos="136.00" lane="1/0to1/1_0" slope="0.00"/>
        <vehicle id="38" x="98.42" y="398.35" angle="90.00" type="DEFAULT_VEHTYPE" speed="13.67" pos="98.42" lane="0/2to1/2_0" slope="0.00"/>
        <vehicle id="4" x="201.65" y="68.25" angle="180.00" type="DEFAULT_VEHTYPE" speed="12.97" pos="68.25" lane="1/0to1/1_0" slope="0.00"/>
        <vehicle id="41" x="201.65" y="583.29" angle="180.00" type="DEFAULT_VEHTYPE" speed="13.26" pos="178.54" lane="1/2to1/3_0" slope="0.00"/>
        <vehicle id="42" x="198.35" y="74.69" angle="0.00" type="DEFAULT_VEHTYPE" speed="13.05" pos="120.56" lane="1/1to1/0_0" slope="0.00"/>
        <vehicle id="43" x="135.80" y="401.65" angle="-90.00" type="DEFAULT_VEHTYPE" speed="13.35" pos="59.45" lane="1/2to0/2_0" slope="0.00"/>
        <vehicle id="44" x="387.30" y="198.35" angle="90.00" type="DEFAULT_VEHTYPE" speed="4.95" pos="182.55" lane="1/1to2/1_0" slope="0.00"/>
        <vehicle id="46" x="398.35" y="571.65" angle="0.00" type="DEFAULT_VEHTYPE" speed="13.18" pos="23.60" lane="2/3to2/2_0" slope="0.00"/>
        <vehicle id="47" x="201.65" y="539.27" angle="180.00" type="DEFAULT_VEHTYPE" speed="13.69" pos="134.52" lane="1/2to1/3_0" slope="0.00"/>
        <vehicle id="49" x="269.12" y="598.35" angle="90.00" type="DEFAULT_VEHTYPE" speed="13.46" pos="64.37" lane="1/3to2/3_0" slope="0.00"/>
        <vehicle id="6" x="395.30" y="598.36" angle="90.08" type="DEFAULT_VEHTYPE" speed="2.59" pos="0.05" lane=":2/3_14_0" slope="0.00"/>
    </timestep>
    <timestep time="394.00">
        <vehicle id="1" x="159.10" y="398.35" angle="90.00" type="DEFAULT_VEHTYPE" speed="13.69" pos="159.10" lane="0/2to1/2_0" slope="0.00"/>
        <vehicle id="11" x="382.27" y="401.65" angle="-90.00" type="DEFAULT_VEHTYPE" speed="13.66" pos="12.98" lane="2/2to1/2_0" slope="0.00"/>
        <vehicle id="13" x="574.50" y="401.65" angle="-90.00" type="DEFAULT_VEHTYPE" speed="13.85" pos="20.75" lane="3/2to2/2_0" slope="0.00"/>
        <vehicle id="17" x="398.35" y="420.62" angle="0.00" type="DEFAULT_VEHTYPE" speed="12.89" pos="174.63" lane="2/3to2/2_0" slope="0.00"/>
        <vehicle id="2" x="398.74" y="397.95" angle="-46.03" type="DEFAULT_VEHTYPE" speed="7.06" pos="7.59" lane=":2/2_6_0" slope="0.00"/>
        <vehicle id="21" x="401.65" y="733.19" angle="180.00" type="DEFAULT_VEHTYPE" speed="13.82" pos="128.44" lane="2/3to2/4_0" slope="0.00"/>
        <vehicle id="23" x="201.65" y="430.21" angle="180.00" type="DEFAULT_VEHTYPE" speed="11.18" pos="25.46" lane="1/2to1/3_0" slope="0.00"/>
        <vehicle id="25" x="601.65" y="566.07" angle="180.00" type="DEFAULT_VEHTYPE" speed="12.64" pos="161.32" lane="3/2to3/3_0" slope="0.00"/>
        <vehicle id="27" x="398.35" y="715.62" angle="0.00" type="DEFAULT_VEHTYPE" speed="12.98" pos="84.38" lane="2/4to2/3_0" slope="0.00"/>
        <vehicle id="29" x="416.70" y="401.65" angle="-90.00" type="DEFAULT_VEHTYPE" speed="7.31" pos="178.55" lane="3/2to2/2_0" slope="0.00"/>
        <vehicle id="3" x="397.79" y="202.77" angle="-6.55" type="DEFAULT_VEHTYPE" speed="12.87" pos="2.10" lane=":2/1_0_0" slope="0.00"/>
        <vehicle id="32" x="601.65" y="592.75" angle="180.00" type="DEFAULT_VEHTYPE" speed="13.48" pos="188.00" lane="3/2to3/3_0" slope="0.00"/>
        <vehicle id="37" x="201.65" y="148.85" angle="180.00" type="DEFAULT_VEHTYPE" speed="12.85" pos="148.85" lane="1/0to1/1_0" slope="0.00"/>
        <vehicle id="38" x="111.23" y="398.35" angle="90.00" type="DEFAULT_VEHTYPE" speed="12.81" pos="111.23" lane="0/2to1/2_0" slope="0.00"/>
        <vehicle id="4" x="201.65" y="81.65" angle="180.00" type="DEFAULT_VEHTYPE" speed="13.40" pos="81.65" lane="1/0to1/1_0" slope="0.00"/>
        <vehicle id="41" x="201.78" y="596.21" angle="178.47" type="DEFAULT_VEHTYPE" speed="12.92" pos="0.96" lane=":1/3_8_0" slope="0.00"/>
        <vehicle id="42" x="198.35" y="61.54" angle="0.00" type="DEFAULT_VEHTYPE" speed="13.15" pos="133.71" lane="1/1to1/0_0" slope="0.00"/>
        <vehicle id="43" x="122.47" y="401.65" angle="-90.00" type="DEFAULT_VEHTYPE" speed="13.33" pos="72.78" lane="1/2to0/2_0" slope="0.00"/>
        <vehicle id="44" x="389.95" y="198.35" angle="90.00" type="DEFAULT_VEHTYPE" speed="2.65" pos="185.20" lane="1/1to2/1_0" slope="0.00"/>
        <vehicle id="46" x="398.35" y="558.34" angle="0.00" type="DEFAULT_VEHTYPE" speed="13.30" pos="36.91" lane="2/3to2/2_0" slope="0.00"/>
        <vehicle id="47" x="201.65" y="552.59" angle="180.00" type="DEFAULT_VEHTYPE" speed="13.32" pos="147.84" lane="1/2to1/3_0" slope="0.00"/>
        <vehicle id="49" x="282.79" y="598.35" angle="90.00" type="DEFAULT_VEHTYPE" speed="13.68" pos="78.04" lane="1/3to2/3_0" slope="0.00"/>
        <vehicle id="6" x="399.89" y="599.86" angle="107.89" type="DEFAULT_VEHTYPE" speed="4.93" pos="4.98" lane=":2/3_14_0" slope="0.00"/>
    </timestep>
    <timestep time="395.00">
        <vehicle id="1" x="171.95" y="398.35" angle="90.00" type="DEFAULT_VEHTYPE" speed="12.85" pos="171.95" lane="0/2to1/2_0" slope="0.00"/>
        <vehicle id="11" x="368.48" y="401.65" angle="-90.00" type="DEFAULT_VEHTYPE" speed="13.79" pos="26.77" lane="2/2to1/2_0" slope="0.00"/>
        <vehicle id="13" x="560.76" y="401.65" angle="-90.00" type="DEFAULT_VEHTYPE" speed="13.74" pos="34.49" lane="3/2to2/2_0" slope="0.00"/>
        <vehicle id="17" x="398.35" y="407.46" angle="0.00" type="DEFAULT_VEHTYPE" speed="13.16" pos="187.79" lane="2/3to2/2_0" slope="0.00"/>
        <vehicle id="2" x="398.35" y="389.20" angle="0.00" type="DEFAULT_VEHTYPE" speed="8.78" pos="6.05" lane="2/2to2/1_0" slope="0.00"/>
        <vehicle id="21" x="401.65" y="746.39" angle="180.00" type="DEFAULT_VEHTYPE" speed="13.20" pos="141.64" lane="2/3to2/4_0" slope="0.00"/>
        <vehicle id="23" x="201.65" y="443.28" angle="180.00" type="DEFAULT_VEHTYPE" speed="13.07" pos="38.53" lane="1/2to1/3_0" slope="0.00"/>
        <vehicle id="25" x="601.65" y="579.70" angle="180.00" type="DEFAULT_VEHTYPE" speed="13.63" pos="174.95" lane="3/2to3/3_0" slope="0.00"/>
        <vehicle id="27" x="398.35" y="702.75" angle="0.00" type="DEFAULT_VEHTYPE" speed="12.86" pos="97.25" lane="2/4to2/3_0" slope="0.00"/>
        <vehicle id="29" x="411.20" y="401.65" angle="-90.00" type="DEFAULT_VEHTYPE" speed="5.49" pos="184.05" lane="3/2to2/2_0" slope="0.00"/>
        <vehicle id="3" x="384.60" y="201.65" angle="-90.00" type="DEFAULT_VEHTYPE" speed="13.56" pos="10.65" lane="2/1to1/1_0" slope="0.00"/>
        <vehicle id="32" x="610.70" y="598.35" angle="90.00" type="DEFAULT_VEHTYPE" speed="13.45" pos="5.95" lane="3/3to4/3_0" slope="0.00"/>
        <vehicle id="37" x="201.65" y="161.46" angle="180.00" type="DEFAULT_VEHTYPE" speed="12.61" pos="161.46" lane="1/0to1/1_0" slope="0.00"/>
        <vehicle id="38" x="124.77" y="398.35" angle="90.00" type="DEFAULT_VEHTYPE" speed="13.54" pos="124.77" lane="0/2to1/2_0" slope="0.00"/>
        <vehicle id="4" x="201.65" y="94.95" angle="180.00" type="DEFAULT_VEHTYPE" speed="13.31" pos="94.95" lane="1/0to1/1_0" slope="0.00"/>
        <vehicle id="41" x="213.78" y="598.35" angle="90.00" type="DEFAULT_VEHTYPE" speed="13.06" pos="9.03" lane="1/3to2/3_0" slope="0.00"/>
        <vehicle id="42" x="198.35" y="48.09" angle="0.00" type="DEFAULT_VEHTYPE" speed="13.45" pos="147.16" lane="1/1to1/0_0" slope="0.00"/>
        <vehicle id="43" x="109.78" y="401.65" angle="-90.00" type="DEFAULT_VEHTYPE" speed="12.69" pos="85.47" lane="1/2to0/2_0" slope="0.00"/>
        <vehicle id="44" x="395.06" y="198.35" angle="90.00" type="DEFAULT_VEHTYPE" speed="5.11" pos="190.31" lane="1/1to2/1_0" slope="0.00"/>
        <vehicle id="46" x="398.35" y="545.39" angle="0.00" type="DEFAULT_VEHTYPE" speed="12.96" pos="49.86" lane="2/3to2/2_0" slope="0.00"/>
        <vehicle id="47" x="201.65" y="566.04" angle="180.00" type="DEFAULT_VEHTYPE" speed="13.46" pos="161.29" lane="1/2to1/3_0" slope="0.00"/>
        <vehicle id="49" x="295.70" y="598.35" angle="90.00" type="DEFAULT_VEHTYPE" speed="12.90" pos="90.95" lane="1/3to2/3_0" slope="0.00"/>
        <vehicle id="6" x="401.65" y="605.70" angle="167.91" type="DEFAULT_VEHTYPE" speed="6.30" pos="0.95" lane="2/3to2/4_0" slope="0.00"/>
    </timestep>
    <timestep time="396.00">
        <vehicle id="1" x="180.92" y="398.35" angle="90.00" type="DEFAULT_VEHTYPE" speed="8.97" pos="180.92" lane="0/2to1/2_0" slope="0.00"/>
        <vehicle id="11" x="355.14" y="401.65" angle="-90.00" type="DEFAULT_VEHTYPE" speed="13.34" pos="40.11" lane="2/2to1/2_0" slope="0.00"/>
        <vehicle id="13" x="547.27" y="401.65" angle="-90.00" type="DEFAULT_VEHTYPE" speed="13.49" pos="47.98" lane="3/2to2/2_0" slope="0.00"/>
        <vehicle id="17" x="389.17" y="401.65" angle="-90.00" type="DEFAULT_VEHTYPE" speed="13.80" pos="6.08" lane="2/2to1/2_0" slope="0.00"/>
        <vehicle id="2" x="398.35" y="378.57" angle="0.00" type="DEFAULT_VEHTYPE" speed="10.63" pos="16.68" lane="2/2to2/1_0" slope="0.00"/>
        <vehicle id="21" x="401.65" y="759.95" angle="180.00" type="DEFAULT_VEHTYPE" speed="13.55" pos="155.20" lane="2/3to2/4_0" slope="0.00"/>
        <vehicle id="23" x="201.65" y="456.55" angle="180.00" type="DEFAULT_VEHTYPE" speed="13.27" pos="51.80" lane="1/2to1/3_0" slope="0.00"/>
        <vehicle id="25" x="601.65" y="593.53" angle="180.00" type="DEFAULT_VEHTYPE" speed="13.83" pos="188.78" lane="3/2to3/3_0" slope="0.00"/>
        <vehicle id="27" x="398.35" y="689.12" angle="0.00" type="DEFAULT_VEHTYPE" speed="13.63" pos="110.88" lane="2/4to2/3_0" slope="0.00"/>
        <vehicle id="29" x="409.08" y="401.65" angle="-90.00" type="DEFAULT_VEHTYPE" speed="2.12" pos="186.17" lane="3/2to2/2_0" slope="0.00"/>
        <vehicle id="3" x="371.20" y="201.65" angle="-90.00" type="DEFAULT_VEHTYPE" speed="13.40" pos="24.05" lane="2/1to1/1_0" slope="0.00"/>
        <vehicle id="32" x="623.50" y="598.35" angle="90.00" type="DEFAULT_VEHTYPE" speed="12.80" pos="18.75" lane="3/3to4/3_0" slope="0.00"/>
        <vehicle id="37" x="201.65" y="174.87" angle="180.00" type="DEFAULT_VEHTYPE" speed="13.41" pos="174.87" lane="1/0to1/1_0" slope="0.00"/>
        <vehicle id="38" x="138.06" y="398.35" angle="90.00" type="DEFAULT_VEHTYPE" speed="13.29" pos="138.06" lane="0/2to1/2_0" slope="0.00"/>
        <vehicle id="4" x="201.65" y="108.09" angle="180.00" type="DEFAULT_VEHTYPE" speed="13.13" pos="108.09" lane="1/0to1/1_0" slope="0.00"/>
        <vehicle id="41" x="226.88" y="598.35" angle="90.00" type="DEFAULT_VEHTYPE" speed="13.10" pos="22.13" lane="1/3to2/3_0" slope="0.00"/>
        <vehicle id="42" x="198.35" y="34.39" angle="0.00" type="DEFAULT_VEHTYPE" speed="13.70" pos="160.86" lane="1/1to1/0_0" slope="0.00"/>
        <vehicle id="43" x="96.04" y="401.65" angle="-90.00" type="DEFAULT_VEHTYPE" speed="13.74" pos="99.21" lane="1/2to0/2_0" slope="0.00"/>
        <vehicle id="44" x="402.51" y="198.35" angle="90.00" type="DEFAULT_VEHTYPE" speed="7.45" pos="7.26" lane=":2/1_13_0" slope="0.00"/>
        <vehicle id="46" x="398.35" y="532.69" angle="0.00" type="DEFAULT_VEHTYPE" speed="12.70" pos="62.56" lane="2/3to2/2_0" slope="0.00"/>
        <vehicle id="47" x="201.65" y="579.37" angle="180.00" type="DEFAULT_VEHTYPE" speed="13.32" pos="174.62" lane="1/2to1/3_0" slope="0.00"/>
        <vehicle id="49" x="309.54" y="598.35" angle="90.00" type="DEFAULT_VEHTYPE" speed="13.84" pos="104.79" lane="1/3to2/3_0" slope="0.00"/>
        <vehicle id="6" x="401.65" y="613.59" angle="180.00" type="DEFAULT_VEHTYPE" speed="7.89" pos="8.84" lane="2/3to2/4_0" slope="0.00"/>
    </timestep>
    <timestep time="397.00">
        <vehicle id="1" x="186.58" y="398.35" angle="90.00" type="DEFAULT_VEHTYPE" speed="5.66" pos="186.58" lane="0/2to1/2_0" slope="0.00"/>
        <vehicle id="11" x="341.67" y="401.65" angle="-90.00" type="DEFAULT_VEHTYPE" speed="13.47" pos="53.58" lane="2/2to1/2_0" slope="0.00"/>
        <vehicle id="13" x="533.55" y="401.65" angle="-90.00" type="DEFAULT_VEHTYPE" speed="13.72" pos="61.70" lane="3/2to2/2_0" slope="0.00"/>
        <vehicle id="17" x="376.54" y="401.65" angle="-90.00" type="DEFAULT_VEHTYPE" speed="12.63" pos="18.71" lane="2/2to1/2_0" slope="0.00"/>
        <vehicle id="2" x="398.35" y="365.50" angle="0.00" type="DEFAULT_VEHTYPE" speed="13.08" pos="29.75" lane="2/2to2/1_0" slope="0.00"/>
        <vehicle id="21" x="401.65" y="773.64" angle="180.00" type="DEFAULT_VEHTYPE" speed="13.70" pos="168.89" lane="2/3to2/4_0" slope="0.00"/>
        <vehicle id="23" x="201.65" y="470.04" angle="180.00" type="DEFAULT_VEHTYPE" speed="13.49" pos="65.29" lane="1/2to1/3_0" slope="0.00"/>
        <vehicle id="25" x="611.35" y="598.35" angle="90.00" type="DEFAULT_VEHTYPE" speed="13.32" pos="6.60" lane="3/3to4/3_0" slope="0.00"/>
        <vehicle id="27" x="398.35" y="676.37" angle="0.00" type="DEFAULT_VEHTYPE" speed="12.75" pos="123.63" lane="2/4to2/3_0" slope="0.00"/>
        <vehicle id="29" x="407.89" y="401.65" angle="-90.00" type="DEFAULT_VEHTYPE" speed="1.20" pos="187.36" lane="3/2to2/2_0" slope="0.00"/>
        <vehicle id="3" x="357.83" y="201.65" angle="-90.00" type="DEFAULT_VEHTYPE" speed="13.37" pos="37.42" lane="2/1to1/1_0" slope="0.00"/>
        <vehicle id="32" x="637.10" y="598.35" angle="90.00" type="DEFAULT_VEHTYPE" speed="13.61" pos="32.35" lane="3/3to4/3_0" slope="0.00"/>
        <vehicle id="37" x="201.65" y="187.94" angle="180.00" type="DEFAULT_VEHTYPE" speed="13.07" pos="187.94" lane="1/0to1/1_0" slope="0.00"/>
        <vehicle id="38" x="150.89" y="398.35" angle="90.00" type="DEFAULT_VEHTYPE" speed="12.83" pos="150.89" lane="0/2to1/2_0" slope="0.00"/>
        <vehicle id="4" x="201.65" y="121.78" angle="180.00" type="DEFAULT_VEHTYPE" speed="13.70" pos="121.78" lane="1/0to1/1_0" slope="0.00"/>
        <vehicle id="41" x="239.64" y="598.35" angle="90.00" type="DEFAULT_VEHTYPE" speed="12.76" pos="34.89" lane="1/3to2/3_0" slope="0.00"/>
        <vehicle id="42" x="198.35" y="20.71" angle="0.00" type="DEFAULT_VEHTYPE" speed="13.67" pos="174.54" lane="1/1to1/0_0" slope="0.00"/>
        <vehicle id="43" x="83.14" y="401.65" angle="-90.00" type="DEFAULT_VEHTYPE" speed="12.90" pos="112.11" lane="1/2to0/2_0" slope="0.00"/>
        <vehicle id="44" x="412.12" y="198.35" angle="90.00" type="DEFAULT_VEHTYPE" speed="9.62" pos="7.37" lane="2/1to3/1_0" slope="0.00"/>
        <vehicle id="46" x="398.35" y="518.95" angle="0.00" type="DEFAULT_VEHTYPE" speed="13.74" pos="76.30" lane="2/3to2/2_0" slope="0.00"/>
        <vehicle id="47" x="201.65" y="592.59" angle="180.00" type="DEFAULT_VEHTYPE" speed="13.22" pos="187.84" lane="1/2to1/3_0" slope="0.00"/>
        <vehicle id="49" x="323.16" y="598.35" angle="90.00" type="DEFAULT_VEHTYPE" speed="13.62" pos="118.41" lane="1/3to2/3_0" slope="0.00"/>
        <vehicle id="6" x="401.65" y="623.32" angle="180.00" type="DEFAULT_VEHTYPE" speed="9.73" pos="18.57" lane="2/3to2/4_0" slope="0.00"/>
    </timestep>
    <timestep time="398.00">
        <vehicle id="1" x="190.53" y="398.35" angle="90.00" type="DEFAULT_VEHTYPE" speed="3.96" pos="190.53" lane="0/2to1/2_0" slope="0.00"/>
        <vehicle id="11" x="328.18" y="401.65" angle="-90.00" type="DEFAULT_VEHTYPE" speed="13.49" pos="67.07" lane="2/2to1/2_0" slope="0.00"/>
        <vehicle id="13" x="520.21" y="401.65" angle="-90.00" type="DEFAULT_VEHTYPE" speed="13.34" pos="75.04" lane="3/2to2/2_0" slope="0.00"/>
        <vehicle id="17" x="363.24" y="401.65" angle="-90.00" type="DEFAULT_VEHTYPE" speed="13.30" pos="32.01" lane="2/2to1/2_0" slope="0.00"/>
        <vehicle id="2" x="398.35" y="352.28" angle="0.00" type="DEFAULT_VEHTYPE" speed="13.22" pos="42.97" lane="2/2to2/1_0" slope="0.00"/>
        <vehicle id="21" x="401.65" y="787.40" angle="180.00" type="DEFAULT_VEHTYPE" speed="13.76" pos="182.65" lane="2/3to2/4_0" slope="0.00"/>
        <vehicle id="23" x="201.65" y="483.76" angle="180.00" type="DEFAULT_VEHTYPE" speed="13.72" pos="79.01" lane="1/2to1/3_0" slope="0.00"/>
        <vehicle id="25" x="624.12" y="598.35" angle="90.00" type="DEFAULT_VEHTYPE" speed="12.78" pos="19.37" lane="3/3to4/3_0" slope="0.00"/>
        <vehicle id="27" x="398.35" y="663.42" angle="0.00" type="DEFAULT_VEHTYPE" speed="12.95" pos="136.58" lane="2/4to2/3_0" slope="0.00"/>
        <vehicle id="29" x="404.92" y="401.65" angle="-90.00" type="DEFAULT_VEHTYPE" speed="2.97" pos="190.33" lane="3/2to2/2_0" slope="0.00"/>
        <vehicle id="3" x="345.11" y="201.65" angle="-90.00" type="DEFAULT_VEHTYPE" speed="12.72" pos="50.14" lane="2/1to1/1_0" slope="0.00"/>
        <vehicle id="32" x="650.45" y="598.35" angle="90.00" type="DEFAULT_VEHTYPE" speed="13.35" pos="45.70" lane="3/3to4/3_0" slope="0.00"/>
        <vehicle id="37" x="206.03" y="198.35" angle="113.62" type="DEFAULT_VEHTYPE" speed="13.58" pos="1.28" lane="1/1to2/1_0" slope="0.00"/>
        <vehicle id="38" x="164.55" y="398.35" angle="90.00" type="DEFAULT_VEHTYPE" speed="13.66" pos="164.55" lane="0/2to1/2_0" slope="0.00"/>
        <vehicle id="4" x="201.65" y="134.41" angle="180.00" type="DEFAULT_VEHTYPE" speed="12.63" pos="134.41" lane="1/0to1/1_0" slope="0.00"/>
        <vehicle id="41" x="252.45" y="598.35" angle="90.00" type="DEFAULT_VEHTYPE" speed="12.81" pos="47.70" lane="1/3to2/3_0" slope="0.00"/>
        <vehicle id="42" x="198.35" y="6.90" angle="0.00" type="DEFAULT_VEHTYPE" speed="13.81" pos="188.35" lane="1/1to1/0_0" slope="0.00"/>
        <vehicle id="43" x="69.98" y="401.65" angle="-90.00" type="DEFAULT_VEHTYPE" speed="13.16" pos="125.27" lane="1/2to0/2_0" slope="0.00"/>
        <vehicle id="44" x="424.30" y="198.35" angle="90.00" type="DEFAULT_VEHTYPE" speed="12.18" pos="19.55" lane="2/1to3/1_0" slope="0.00"/>
        <vehicle id="46" x="398.35" y="505.14" angle="0.00" type="DEFAULT_VEHTYPE" speed="13.81" pos="90.11" lane="2/3to2/2_0" slope="0.00"/>
        <vehicle id="47" x="210.51" y="598.35" angle="90.00" type="DEFAULT_VEHTYPE" speed="13.42" pos="5.76" lane="1/3to2/3_0" slope="0.00"/>
        <vehicle id="49" x="336.56" y="598.35" angle="90.00" type="DEFAULT_VEHTYPE" speed="13.41" pos="131.81" lane="1/3to2/3_0" slope="0.00"/>
        <vehicle id="6" x="401.65" y="635.03" angle="180.00" type="DEFAULT_VEHTYPE" speed="11.71" pos="30.28" lane="2/3to2/4_0" slope="0.00"/>
    </timestep>
    <timestep time="399.00">
        <vehicle id="1" x="196.65" y="398.55" angle="92.29" type="DEFAULT_VEHTYPE" speed="6.13" pos="1.41" lane=":1/2_14_0" slope="0.00"/>
        <vehicle id="11" x="315.51" y="401.65" angle="-90.00" type="DEFAULT_VEHTYPE" speed="12.66" pos="79.74" lane="2/2to1/2_0" slope="0.00"/>
        <vehicle id="13" x="506.71" y="401.65" angle="-90.00" type="DEFAULT_VEHTYPE" speed="13.51" pos="88.54" lane="3/2to2/2_0" slope="0.00"/>
        <vehicle id="17" x="350.09" y="401.65" angle="-90.00" type="DEFAULT_VEHTYPE" speed="13.15" pos="45.16" lane="2/2to1/2_0" slope="0.00"/>
        <vehicle id="2" x="398.35" y="339.01" angle="0.00" type="DEFAULT_VEHTYPE" speed="13.27" pos="56.24" lane="2/2to2/1_0" slope="0.00"/>
        <vehicle id="21" x="401.01" y="800.97" angle="-172.42" type="DEFAULT_VEHTYPE" speed="13.76" pos="1.16" lane=":2/4_0_0" slope="0.00"/>
        <vehicle id="23" x="201.65" y="496.67" angle="180.00" type="DEFAULT_VEHTYPE" speed="12.91" pos="91.92" lane="1/2to1/3_0" slope="0.00"/>
        <vehicle id="25" x="637.26" y="598.35" angle="90.00" type="DEFAULT_VEHTYPE" speed="13.14" pos="32.51" lane="3/3to4/3_0" slope="0.00"/>
        <vehicle id="27" x="398.35" y="650.81" angle="0.00" type="DEFAULT_VEHTYPE" speed="12.61" pos="149.19" lane="2/4to2/3_0" slope="0.00"/>
        <vehicle id="29" x="399.69" y="401.65" angle="-90.00" type="DEFAULT_VEHTYPE" speed="5.23" pos="5.06" lane=":2/2_5_0" slope="0.00"/>
        <vehicle id="3" x="332.32" y="201.65" angle="-90.00" type="DEFAULT_VEHTYPE" speed="12.79" pos="62.93" lane="2/1to1/1_0" slope="0.00"/>
        <vehicle id="32" x="664.22" y="598.35" angle="90.00" type="DEFAULT_VEHTYPE" speed="13.77" pos="59.47" lane="3/3to4/3_0" slope="0.00"/>
        <vehicle id="37" x="219.41" y="198.35" angle="90.00" type="DEFAULT_VEHTYPE" speed="13.39" pos="14.66" lane="1/1to2/1_0" slope="0.00"/>
        <vehicle id="38" x="173.70" y="398.35" angle="90.00" type="DEFAULT_VEHTYPE" speed="9.16" pos="173.70" lane="0/2to1/2_0" slope="0.00"/>
        <vehicle id="4" x="201.65" y="147.58" angle="180.00" type="DEFAULT_VEHTYPE" speed="13.17" pos="147.58" lane="1/0to1/1_0" slope="0.00"/>
        <vehicle id="41" x="266.34" y="598.35" angle="90.00" type="DEFAULT_VEHTYPE" speed="13.89" pos="61.59" lane="1/3to2/3_0" slope="0.00"/>
        <vehicle id="42" x="201.65" y="2.10" angle="149.27" type="DEFAULT_VEHTYPE" speed="13.82" pos="2.10" lane="1/0to1/1_0" slope="0.00"/>
        <vehicle id="43" x="57.32" y="401.65" angle="-90.00" type="DEFAULT_VEHTYPE" speed="12.66" pos="137.93" lane="1/2to0/2_0" slope="0.00"/>
        <vehicle id="44" x="437.40" y="198.35" angle="90.00" type="DEFAULT_VEHTYPE" speed="13.10" pos="32.65" lane="2/1to3/1_0" slope="0.00"/>
        <vehicle id="46" x="398.35" y="492.16" angle="0.00" type="DEFAULT_VEHTYPE" speed="12.98" pos="103.09" lane="2/3to2/2_0" slope="0.00"/>
        <vehicle id="47" x="223.80" y="598.35" angle="90.00" type="DEFAULT_VEHTYPE" speed="13.30" pos="19.05" lane="1/3to2/3_0" slope="0.00"/>
        <vehicle id="49" x="350.20" y="598.35" angle="90.00" type="DEFAULT_VEHTYPE" speed="13.64" pos="145.45" lane="1/3to2/3_0" slope="0.00"/>
        <vehicle id="6" x="401.65" y="648.42" angle="180.00" type="DEFAULT_VEHTYPE" speed="13.39" pos="43.67" lane="2/3to2/4_0" slope="0.00"/>
    </timestep>
    <timestep time="400.00">
        <vehicle id="1" x="201.55" y="404.02" angle="155.47" type="DEFAULT_VEHTYPE" speed="8.17" pos="9.58" lane=":1/2_14_0" slope="0.00"/>
        <vehicle id="11" x="301.75" y="401.65" angle="-90.00" type="DEFAULT_VEHTYPE" speed="13.77" pos="93.50" lane="2/2to1/2_0" slope="0.00"/>
        <vehicle id="13" x="493.18" y="401.65" angle="-90.00" type="DEFAULT_VEHTYPE" speed="13.53" pos="102.07" lane="3/2to2/2_0" slope="0.00"/>
        <vehicle id="17" x="336.98" y="401.65" angle="-90.00" type="DEFAULT_VEHTYPE" speed="13.11" pos="58.27" lane="2/2to1/2_0" slope="0.00"/>
        <vehicle id="2" x="398.35" y="325.74" angle="0.00" type="DEFAULT_VEHTYPE" speed="13.27" pos="69.51" lane="2/2to2/1_0" slope="0.00"/>
        <vehicle id="21" x="398.35" y="789.94" angle="0.00" type="DEFAULT_VEHTYPE" speed="13.72" pos="10.06" lane="2/4to2/3_0" slope="0.00"/>
        <vehicle id="23" x="201.65" y="509.38" angle="180.00" type="DEFAULT_VEHTYPE" speed="12.71" pos="104.63" lane="1/2to1/3_0" slope="0.00"/>
        <vehicle id="25" x="650.36" y="598.35" angle="90.00" type="DEFAULT_VEHTYPE" speed="13.10" pos="45.61" lane="3/3to4/3_0" slope="0.00"/>
        <vehicle id="27" x="398.35" y="637.59" angle="0.00" type="DEFAULT_VEHTYPE" speed="13.22" pos="162.41" lane="2/4to2/3_0" slope="0.00"/>
        <vehicle id="29" x="392.56" y="401.65" angle="-90.00" type="DEFAULT_VEHTYPE" speed="7.13" pos="2.69" lane="2/2to1/2_0" slope="0.00"/>
        <vehicle id="3" x="319.00" y="201.65" angle="-90.00" type="DEFAULT_VEHTYPE" speed="13.33" pos="76.25" lane="2/1to1/1_0" slope="0.00"/>
        <vehicle id="32" x="677.84" y="598.35" angle="90.00" type="DEFAULT_VEHTYPE" speed="13.61" pos="73.09" lane="3/3to4/3_0" slope="0.00"/>
        <vehicle id="37" x="233.31" y="198.35" angle="90.00" type="DEFAULT_VEHTYPE" speed="13.90" pos="28.56" lane="1/1to2/1_0" slope="0.00"/>
        <vehicle id="38" x="182.30" y="398.35" angle="90.00" type="DEFAULT_VEHTYPE" speed="8.60" pos="182.30" lane="0/2to1/2_0" slope="0.00"/>
        <vehicle id="4" x="201.65" y="160.45" angle="180.00" type="DEFAULT_VEHTYPE" speed="12.87" pos="160.45" lane="1/0to1/1_0" slope="0.00"/>
        <vehicle id="41" x="280.02" y="598.35" angle="90.00" type="DEFAULT_VEHTYPE" speed="13.68" pos="75.27" lane="1/3to2/3_0" slope="0.00"/>
        <vehicle id="42" x="201.65" y="15.59" angle="180.00" type="DEFAULT_VEHTYPE" speed="13.50" pos="15.59" lane="1/0to1/1_0" slope="0.00"/>
        <vehicle id="43" x="43.54" y="401.65" angle="-90.00" type="DEFAULT_VEHTYPE" speed="13.78" pos="151.71" lane="1/2to0/2_0" slope="0.00"/>
        <vehicle id="44" x="450.24" y="198.35" angle="90.00" type="DEFAULT_VEHTYPE" speed="12.84" pos="45.49" lane="2/1to3/1_0" slope="0.00"/>
        <vehicle id="46" x="398.35" y="479.36" angle="0.00" type="DEFAULT_VEHTYPE" speed="12.81" pos="115.89" lane="2/3to2/2_0" slope="0.00"/>
        <vehicle id="47" x="237.55" y="598.35" angle="90.00" type="DEFAULT_VEHTYPE" speed="13.74" pos="32.80" lane="1/3to2/3_0" slope="0.00"/>
        <vehicle id="49" x="363.53" y="598.35" angle="90.00" type="DEFAULT_VEHTYPE" speed="13.33" pos="158.78" lane="1/3to2/3_0" slope="0.00"/>
        <vehicle id="6" x="401.65" y="661.73" angle="180.00" type="DEFAULT_VEHTYPE" speed="13.31" pos="56.98" lane="2/3to2/4_0" slope="0.00"/>
    </timestep>
    <timestep time="401.00">
        <vehicle id="1" x="201.65" y="414.60" angle="180.00" type="DEFAULT_VEHTYPE" speed="10.59" pos="9.85" lane="1/2to1/3_0" slope="0.00"/>
        <vehicle id="11" x="287.98" y="401.65" angle="-90.00" type="DEFAULT_VEHTYPE" speed="13.76" pos="107.27" lane="2/2to1/2_0" slope="0.00"/>
        <vehicle id="13" x="480.39" y="401.65" angle="-90.00" type="DEFAULT_VEHTYPE" speed="12.79" pos="114.86" lane="3/2to2/2_0" slope="0.00"/>
        <vehicle id="17" x="323.56" y="401.65" angle="-90.00" type="DEFAULT_VEHTYPE" speed="13.42" pos="71.69" lane="2/2to1/2_0" slope="0.00"/>
        <vehicle id="2" x="398.35" y="312.50" angle="0.00" type="DEFAULT_VEHTYPE" speed="13.25" pos="82.75" lane="2/2to2/1_0" slope="0.00"/>
        <vehicle id="21" x="398.35" y="777.04" angle="0.00" type="DEFAULT_VEHTYPE" speed="12.90" pos="22.96" lane="2/4to2/3_0" slope="0.00"/>
        <vehicle id="23" x="201.65" y="522.10" angle="180.00" type="DEFAULT_VEHTYPE" speed="12.73" pos="117.35" lane="1/2to1/3_0" slope="0.00"/>
        <vehicle id="25" x="663.63" y="598.35" angle="90.00" type="DEFAULT_VEHTYPE" speed="13.27" pos="58.88" lane="3/3to4/3_0" slope="0.00"/>
        <vehicle id="27" x="398.35" y="624.04" angle="0.00" type="DEFAULT_VEHTYPE" speed="13.55" pos="175.96" lane="2/4to2/3_0" slope="0.00"/>
        <vehicle id="29" x="383.90" y="401.65" angle="-90.00" type="DEFAULT_VEHTYPE" speed="8.66" pos="11.35" lane="2/2to1/2_0" slope="0.00"/>
        <vehicle id="3" x="305.79" y="201.65" angle="-90.00" type="DEFAULT_VEHTYPE" speed="13.20" pos="89.46" lane="2/1to1/1_0" slope="0.00"/>
        <vehicle id="32" x="691.61" y="598.35" angle="90.00" type="DEFAULT_VEHTYPE" speed="13.77" pos="86.86" lane="3/3to4/3_0" slope="0.00"/>
        <vehicle id="37" x="246.47" y="198.35" angle="90.00" type="DEFAULT_VEHTYPE" speed="13.16" pos="41.72" lane="1/1to2/1_0" slope="0.00"/>
        <vehicle id="38" x="187.86" y="398.35" angle="90.00" type="DEFAULT_VEHTYPE" speed="5.55" pos="187.86" lane="0/2to1/2_0" slope="0.00"/>
        <vehicle id="4" x="201.65" y="173.61" angle="180.00" type="DEFAULT_VEHTYPE" speed="13.17" pos="173.61" lane="1/0to1/1_0" slope="0.00"/>
        <vehicle id="41" x="293.63" y="598.35" angle="90.00" type="DEFAULT_VEHTYPE" speed="13.62" pos="88.88" lane="1/3to2/3_0" slope="0.00"/>
        <vehicle id="42" x="201.65" y="28.21" angle="180.00" type="DEFAULT_VEHTYPE" speed="12.62" pos="28.21" lane="1/0to1/1_0" slope="0.00"/>
        <vehicle id="43" x="30.17" y="401.65" angle="-90.00" type="DEFAULT_VEHTYPE" speed="13.37" pos="165.08" lane="1/2to0/2_0" slope="0.00"/>
        <vehicle id="44" x="463.28" y="198.35" angle="90.00" type="DEFAULT_VEHTYPE" speed="13.04" pos="58.53" lane="2/1to3/1_0" slope="0.00"/>
        <vehicle id="46" x="398.35" y="466.72" angle="0.00" type="DEFAULT_VEHTYPE" speed="12.63" pos="128.53" lane="2/3to2/2_0" slope="0.00"/>
        <vehicle id="47" x="250.77" y="598.35" angle="90.00" type="DEFAULT_VEHTYPE" speed="13.22" pos="46.02" lane="1/3to2/3_0" slope="0.00"/>
        <vehicle id="49" x="375.71" y="598.35" angle="90.00" type="DEFAULT_VEHTYPE" speed="12.18" pos="170.96" lane="1/3to2/3_0" slope="0.00"/>
        <vehicle id="6" x="401.65" y="674.66" angle="180.00" type="DEFAULT_VEHTYPE" speed="12.93" pos="69.91" lane="2/3to2/4_0" slope="0.00"/>
    </timestep>
    <timestep time="402.00">
        <vehicle id="1" x="201.65" y="426.76" angle="180.00" type="DEFAULT_VEHTYPE" speed="12.15" pos="22.01" lane="1/2to1/3_0" slope="0.00"/>
        <vehicle id="11" x="275.31" y="401.65" angle="-90.00" type="DEFAULT_VEHTYPE" speed="12.67" pos="119.94" lane="2/2to1/2_0" slope="0.00"/>
        <vehicle id="13" x="466.68" y="401.65" angle="-90.00" type="DEFAULT_VEHTYPE" speed="13.71" pos="128.57" lane="3/2to2/2_0" slope="0.00"/>
        <vehicle id="17" x="310.90" y="401.65" angle="-90.00" type="DEFAULT_VEHTYPE" speed="12.67" pos="84.35" lane="2/2to1/2_0" slope="0.00"/>
        <vehicle id="2" x="398.35" y="299.04" angle="0.00" type="DEFAULT_VEHTYPE" speed="13.45" pos="96.21" lane="2/2to2/1_0" slope="0.00"/>
        <vehicle id="21" x="398.35" y="763.68" angle="0.00" type="DEFAULT_VEHTYPE" speed="13.36" pos="36.32" lane="2/4to2/3_0" slope="0.00"/>
        <vehicle id="23" x="201.65" y="534.75" angle="180.00" type="DEFAULT_VEHTYPE" speed="12.65" pos="130.00" lane="1/2to1/3_0" slope="0.00"/>
        <vehicle id="25" x="676.88" y="598.35" angle="90.00" type="DEFAULT_VEHTYPE" speed="13.26" pos="72.13" lane="3/3to4/3_0" slope="0.00"/>
        <vehicle id="27" x="398.35" y="610.48" angle="0.00" type="DEFAULT_VEHTYPE" speed="13.55" pos="189.52" lane="2/4to2/3_0" slope="0.00"/>
        <vehicle id="29" x="372.85" y="401.65" angle="-90.00" type="DEFAULT_VEHTYPE" speed="11.05" pos="22.40" lane="2/2to1/2_0" slope="0.00"/>
        <vehicle id="3" x="292.05" y="201.65" angle="-90.00" type="DEFAULT_VEHTYPE" speed="13.74" pos="103.20" lane="2/1to1/1_0" slope="0.00"/>
        <vehicle id="32" x="705.27" y="598.35" angle="90.00" type="DEFAULT_VEHTYPE" speed="13.66" pos="100.52" lane="3/3to4/3_0" slope="0.00"/>
        <vehicle id="37" x="259.99" y="198.35" angle="90.00" type="DEFAULT_VEHTYPE" speed="13.51" pos="55.24" lane="1/1to2/1_0" slope="0.00"/>
        <vehicle id="38" x="190.93" y="398.35" angle="90.00" type="DEFAULT_VEHTYPE" speed="3.07" pos="190.93" lane="0/2to1/2_0" slope="0.00"/>
        <vehicle id="4" x="201.65" y="187.39" angle="180.00" type="DEFAULT_VEHTYPE" speed="13.78" pos="187.39" lane="1/0to1/1_0" slope="0.00"/>
        <vehicle id="41" x="306.39" y="598.35" angle="90.00" type="DEFAULT_VEHTYPE" speed="12.76" pos="101.64" lane="1/3to2/3_0" slope="0.00"/>
        <vehicle id="42" x="201.65" y="41.31" angle="180.00" type="DEFAULT_VEHTYPE" speed="13.10" pos="41.31" lane="1/0to1/1_0" slope="0.00"/>
        <vehicle id="43" x="16.93" y="401.65" angle="-90.00" type="DEFAULT_VEHTYPE" speed="13.24" pos="178.32" lane="1/2to0/2_0" slope="0.00"/>
        <vehicle id="44" x="476.87" y="198.35" angle="90.00" type="DEFAULT_VEHTYPE" speed="13.58" pos="72.12" lane="2/1to3/1_0" slope="0.00"/>
        <vehicle id="46" x="398.35" y="453.48" angle="0.00" type="DEFAULT_VEHTYPE" speed="13.24" pos="141.77" lane="2/3to2/2_0" slope="0.00"/>
        <vehicle id="47" x="264.09" y="598.35" angle="90.00" type="DEFAULT_VEHTYPE" speed="13.32" pos="59.34" lane="1/3to2/3_0" slope="0.00"/>
        <vehicle id="49" x="383.97" y="598.35" angle="90.00" type="DEFAULT_VEHTYPE" speed="8.26" pos="179.22" lane="1/3to2/3_0" slope="0.00"/>
        <vehicle id="6" x="401.65" y="687.89" angle="180.00" type="DEFAULT_VEHTYPE" speed="13.23" pos="83.14" lane="2/3to2/4_0" slope="0.00"/>
    </timestep>
    <timestep time="403.00">
        <vehicle id="1" x="201.65" y="440.07" angle="180.00" type="DEFAULT_VEHTYPE" speed="13.31" pos="35.32" lane="1/2to1/3_0" slope="0.00"/>
        <vehicle id="11" x="261.81" y="401.65" angle="-90.00" type="DEFAULT_VEHTYPE" speed="13.50" pos="133.44" lane="2/2to1/2_0" slope="0.00"/>
        <vehicle id="13" x="453.14" y="401.65" angle="-90.00" type="DEFAULT_VEHTYPE" speed="13.54" pos="142.11" lane="3/2to2/2_0" slope="0.00"/>
        <vehicle id="17" x="297.27" y="401.65" angle="-90.00" type="DEFAULT_VEHTYPE" speed="13.63" pos="97.98" lane="2/2to1/2_0" slope="0.00"/>
        <vehicle id="2" x="398.35" y="285.21" angle="0.00" type="DEFAULT_VEHTYPE" speed="13.83" pos="110.04" lane="2/2to2/1_0" slope="0.00"/>
        <vehicle id="21" x="398.35" y="750.97" angle="0.00" type="DEFAULT_VEHTYPE" speed="12.71" pos="49.03" lane="2/4to2/3_0" slope="0.00"/>
        <vehicle id="23" x="201.65" y="547.85" angle="180.00" type="DEFAULT_VEHTYPE" speed="13.10" pos="143.10" lane="1/2to1/3_0" slope="0.00"/>
        <vehicle id="25" x="690.75" y="598.35" angle="90.00" type="DEFAULT_VEHTYPE" speed="13.87" pos="86.00" lane="3/3to4/3_0" slope="0.00"/>
        <vehicle id="27" x="398.35" y="597.15" angle="0.00" type="DEFAULT_VEHTYPE" speed="13.34" pos="7.60" lane=":2/3_1_0" slope="0.00"/>
        <vehicle id="29" x="359.82" y="401.65" angle="-90.00" type="DEFAULT_VEHTYPE" speed="13.03" pos="35.43" lane="2/2to1/2_0" slope="0.00"/>
        <vehicle id="3" x="279.32" y="201.65" angle="-90.00" type="DEFAULT_VEHTYPE" speed="12.73" pos="115.93" lane="2/1to1/1_0" slope="0.00"/>
        <vehicle id="32" x="718.34" y="598.35" angle="90.00" type="DEFAULT_VEHTYPE" speed="13.07" pos="113.59" lane="3/3to4/3_0" slope="0.00"/>
        <vehicle id="37" x="273.08" y="198.35" angle="90.00" type="DEFAULT_VEHTYPE" speed="13.10" pos="68.33" lane="1/1to2/1_0" slope="0.00"/>
        <vehicle id="38" x="196.11" y="398.47" angle="91.42" type="DEFAULT_VEHTYPE" speed="5.20" pos="0.87" lane=":1/2_14_0" slope="0.00"/>
        <vehicle id="4" x="204.71" y="198.34" angle="135.66" type="DEFAULT_VEHTYPE" speed="12.82" pos="4.96" lane=":1/1_8_0" slope="0.00"/>
        <vehicle id="41" x="319.00" y="598.35" angle="90.00" type="DEFAULT_VEHTYPE" speed="12.60" pos="114.25" lane="1/3to2/3_0" slope="0.00"/>
        <vehicle id="42" x="201.65" y="55.01" angle="180.00" type="DEFAULT_VEHTYPE" speed="13.70" pos="55.01" lane="1/0to1/1_0" slope="0.00"/>
        <vehicle id="43" x="3.19" y="401.65" angle="-90.00" type="DEFAULT_VEHTYPE" speed="13.74" pos="192.06" lane="1/2to0/2_0" slope="0.00"/>
        <vehicle id="44" x="489.93" y="198.35" angle="90.00" type="DEFAULT_VEHTYPE" speed="13.07" pos="85.18" lane="2/1to3/1_0" slope="0.00"/>
        <vehicle id="46" x="398.35" y="440.62" angle="0.00" type="DEFAULT_VEHTYPE" speed="12.86" pos="154.63" lane="2/3to2/2_0" slope="0.00"/>
        <vehicle id="47" x="277.04" y="598.35" angle="90.00" type="DEFAULT_VEHTYPE" speed="12.95" pos="72.29" lane="1/3to2/3_0" slope="0.00"/>
        <vehicle id="49" x="388.53" y="598.35" angle="90.00" type="DEFAULT_VEHTYPE" speed="4.55" pos="183.78" lane="1/3to2/3_0" slope="0.00"/>
        <vehicle id="6" x="401.65" y="700.78" angle="180.00" type="DEFAULT_VEHTYPE" speed="12.90" pos="96.03" lane="2/3to2/4_0" slope="0.00"/>
    </timestep>
    <timestep time="404.00">
        <vehicle id="1" x="201.65" y="453.46" angle="180.00" type="DEFAULT_VEHTYPE" speed="13.39" pos="48.71" lane="1/2to1/3_0" slope="0.00"/>
        <vehicle id="11" x="248.05" y="401.65" angle="-90.00" type="DEFAULT_VEHTYPE" speed="13.77" pos="147.20" lane="2/2to1/2_0" slope="0.00"/>
        <vehicle id="13" x="439.62" y="401.65" angle="-90.00" type="DEFAULT_VEHTYPE" speed="13.52" pos="155.63" lane="3/2to2/2_0" slope="0.00"/>
        <vehicle id="17" x="284.31" y="401.65" angle="-90.00" type="DEFAULT_VEHTYPE" speed="12.97" pos="110.94" lane="2/2to1/2_0" slope="0.00"/>
        <vehicle id="2" x="398.35" y="271.72" angle="0.00" type="DEFAULT_VEHTYPE" speed="13.49" pos="123.53" lane="2/2to2/1_0" slope="0.00"/>
        <vehicle id="21" x="398.35" y="737.32" angle="0.00" type="DEFAULT_VEHTYPE" speed="13.64" pos="62.68" lane="2/4to2/3_0" slope="0.00"/>
        <vehicle id="23" x="201.65" y="560.55" angle="180.00" type="DEFAULT_VEHTYPE" speed="12.70" pos="155.80" lane="1/2to1/3_0" slope="0.00"/>
        <vehicle id="25" x="703.69" y="598.35" angle="90.00" type="DEFAULT_VEHTYPE" speed="12.94" pos="98.94" lane="3/3to4/3_0" slope="0.00"/>
        <vehicle id="27" x="398.35" y="584.23" angle="0.00" type="DEFAULT_VEHTYPE" speed="12.92" pos="11.02" lane="2/3to2/2_0" slope="0.00"/>
        <vehicle id="29" x="346.69" y="401.65" angle="-90.00" type="DEFAULT_VEHTYPE" speed="13.13" pos="48.56" lane="2/2to1/2_0" slope="0.00"/>
        <vehicle id="3" x="266.38" y="201.65" angle="-90.00" type="DEFAULT_VEHTYPE" speed="12.94" pos="128.87" lane="2/1to1/1_0" slope="0.00"/>
        <vehicle id="32" x="731.89" y="598.35" angle="90.00" type="DEFAULT_VEHTYPE" speed="13.56" pos="127.14" lane="3/3to4/3_0" slope="0.00"/>
        <vehicle id="37" x="286.21" y="198.35" angle="90.00" type="DEFAULT_VEHTYPE" speed="13.13" pos="81.46" lane="1/1to2/1_0" slope="0.00"/>
        <vehicle id="38" x="201.37" y="402.80" angle="142.79" type="DEFAULT_VEHTYPE" speed="7.48" pos="8.35" lane=":1/2_14_0" slope="0.00"/>
        <vehicle id="4" x="218.08" y="198.35" angle="90.00" type="DEFAULT_VEHTYPE" speed="13.36" pos="13.33" lane="1/1to2/1_0" slope="0.00"/>
        <vehicle id="41" x="331.66" y="598.35" angle="90.00" type="DEFAULT_VEHTYPE" speed="12.66" pos="126.91" lane="1/3to2/3_0" slope="0.00"/>
        <vehicle id="42" x="201.65" y="68.36" angle="180.00" type="DEFAULT_VEHTYPE" speed="13.35" pos="68.36" lane="1/0to1/1_0" slope="0.00"/>
        <vehicle id="43" x="5.36" y="398.35" angle="90.00" type="DEFAULT_VEHTYPE" speed="13.37" pos="5.36" lane="0/2to1/2_0" slope="0.00"/>
        <vehicle id="44" x="502.59" y="198.35" angle="90.00" type="DEFAULT_VEHTYPE" speed="12.65" pos="97.84" lane="2/1to3/1_0" slope="0.00"/>
        <vehicle id="46" x="398.35" y="427.54" angle="0.00" type="DEFAULT_VEHTYPE" speed="13.08" pos="167.71" lane="2/3to2/2_0" slope="0.00"/>
        <vehicle id="47" x="290.29" y="598.35" angle="90.00" type="DEFAULT_VEHTYPE" speed="13.25" pos="85.54" lane="1/3to2/3_0" slope="0.00"/>
        <vehicle id="49" x="395.23" y="598.35" angle="90.00" type="DEFAULT_VEHTYPE" speed="6.70" pos="190.48" lane="1/3to2/3_0" slope="0.00"/>
        <vehicle id="6" x="401.65" y="714.33" angle="180.00" type="DEFAULT_VEHTYPE" speed="13.55" pos="109.58" lane="2/3to2/4_0" slope="0.00"/>
    </timestep>
    <timestep time="405.00">
        <vehicle id="1" x="201.65" y="466.52" angle="180.00" type="DEFAULT_VEHTYPE" speed="13.07" pos="61.77" lane="1/2to1/3_0" slope="0.00"/>
        <vehicle id="11" x="234.22" y="401.65" angle="-90.00" type="DEFAULT_VEHTYPE" speed="13.83" pos="161.03" lane="2/2to1/2_0" slope="0.00"/>
        <vehicle id="13" x="426.70" y="401.65" angle="-90.00" type="DEFAULT_VEHTYPE" speed="12.92" pos="168.55" lane="3/2to2/2_0" slope="0.00"/>
        <vehicle id="17" x="270.81" y="401.65" angle="-90.00" type="DEFAULT_VEHTYPE" speed="13.50" pos="124.44" lane="2/2to1/2_0" slope="0.00"/>
        <vehicle id="2" x="398.35" y="258.18" angle="0.00" type="DEFAULT_VEHTYPE" speed="13.53" pos="137.07" lane="2/2to2/1_0" slope="0.00"/>
        <vehicle id="21" x="398.35" y="723.71" angle="0.00" type="DEFAULT_VEHTYPE" speed="13.62" pos="76.29" lane="2/4to2/3_0" slope="0.00"/>
        <vehicle id="23" x="201.65" y="574.28" angle="180.00" type="DEFAULT_VEHTYPE" speed="13.73" pos="169.53" lane="1/2to1/3_0" slope="0.00"/>
        <vehicle id="25" x="717.16" y="598.35" angle="90.00" type="DEFAULT_VEHTYPE" speed="13.47" pos="112.41" lane="3/3to4/3_0" slope="0.00"/>
        <vehicle id="27" x="398.35" y="570.55" angle="0.00" type="DEFAULT_VEHTYPE" speed="13.68" pos="24.70" lane="2/3to2/2_0" slope="0.00"/>
        <vehicle id="29" x="333.14" y="401.65" angle="-90.00" type="DEFAULT_VEHTYPE" speed="13.56" pos="62.11" lane="2/2to1/2_0" slope="0.00"/>
        <vehicle id="3" x="252.69" y="201.65" angle="-90.00" type="DEFAULT_VEHTYPE" speed="13.68" pos="142.56" lane="2/1to1/1_0" slope="0.00"/>
        <vehicle id="32" x="744.69" y="598.35" angle="90.00" type="DEFAULT_VEHTYPE" speed="12.80" pos="139.94" lane="3/3to4/3_0" slope="0.00"/>
        <vehicle id="37" x="299.87" y="198.35" angle="90.00" type="DEFAULT_VEHTYPE" speed="13.66" pos="95.12" lane="1/1to2/1_0" slope="0.00"/>
        <vehicle id="38" x="201.65" y="412.66" angle="180.00" type="DEFAULT_VEHTYPE" speed="9.88" pos="7.91" lane="1/2to1/3_0" slope="0.00"/>
        <vehicle id="4" x="230.90" y="198.35" angle="90.00" type="DEFAULT_VEHTYPE" speed="12.83" pos="26.15" lane="1/1to2/1_0" slope="0.00"/>
        <vehicle id="41" x="345.12" y="598.35" angle="90.00" type="DEFAULT_VEHTYPE" speed="13.46" pos="140.37" lane="1/3to2/3_0" slope="0.00"/>
        <vehicle id="42" x="201.65" y="81.60" angle="180.00" type="DEFAULT_VEHTYPE" speed="13.24" pos="81.60" lane="1/0to1/1_0" slope="0.00"/>
        <vehicle id="43" x="18.89" y="398.35" angle="90.00" type="DEFAULT_VEHTYPE" speed="13.53" pos="18.89" lane="0/2to1/2_0" slope="0.00"/>
        <vehicle id="44" x="515.95" y="198.35" angle="90.00" type="DEFAULT_VEHTYPE" speed="13.36" pos="111.20" lane="2/1to3/1_0" slope="0.00"/>
        <vehicle id="46" x="398.35" y="414.73" angle="0.00" type="DEFAULT_VEHTYPE" speed="12.81" pos="180.52" lane="2/3to2/2_0" slope="0.00"/>
        <vehicle id="47" x="304.13" y="598.35" angle="90.00" type="DEFAULT_VEHTYPE" speed="13.84" pos="99.38" lane="1/3to2/3_0" slope="0.00"/>
        <vehicle id="49" x="401.44" y="603.29" angle="147.86" type="DEFAULT_VEHTYPE" speed="8.87" pos="8.84" lane=":2/3_14_0" slope="0.00"/>
        <vehicle id="6" x="401.65" y="727.86" angle="180.00" type="DEFAULT_VEHTYPE" speed="13.53" pos="123.11" lane="2/3to2/4_0" slope="0.00"/>
    </timestep>
    <timestep time="406.00">
        <vehicle id="1" x="201.65" y="479.77" angle="180.00" type="DEFAULT_VEHTYPE" speed="13.25" pos="75.02" lane="1/2to1/3_0" slope="0.00"/>
        <vehicle id="11" x="222.97" y="401.65" angle="-90.00" type="DEFAULT_VEHTYPE" speed="11.25" pos="172.28" lane="2/2to1/2_0" slope="0.00"/>
        <vehicle id="13" x="417.87" y="401.65" angle="-90.00" type="DEFAULT_VEHTYPE" speed="8.83" pos="177.38" lane="3/2to2/2_0" slope="0.00"/>
        <vehicle id="17" x="256.94" y="401.65" angle="-90.00" type="DEFAULT_VEHTYPE" speed="13.87" pos="138.31" lane="2/2to1/2_0" slope="0.00"/>
        <vehicle id="2" x="398.35" y="244.93" angle="0.00" type="DEFAULT_VEHTYPE" speed="13.25" pos="150.32" lane="2/2to2/1_0" slope="0.00"/>
        <vehicle id="21" x="398.35" y="710.22" angle="0.00" type="DEFAULT_VEHTYPE" speed="13.49" pos="89.78" lane="2/4to2/3_0" slope="0.00"/>
        <vehicle id="23" x="201.65" y="587.35" angle="180.00" type="DEFAULT_VEHTYPE" speed="13.07" pos="182.60" lane="1/2to1/3_0" slope="0.00"/>
        <vehicle id="25" x="730.74" y="598.35" angle="90.00" type="DEFAULT_VEHTYPE" speed="13.58" pos="125.99" lane="3/3to4/3_0" slope="0.00"/>
        <vehicle id="27" x="398.35" y="557.61" angle="0.00" type="DEFAULT_VEHTYPE" speed="12.94" pos="37.64" lane="2/3to2/2_0" slope="0.00"/>
        <vehicle id="29" x="319.63" y="401.65" angle="-90.00" type="DEFAULT_VEHTYPE" speed="13.51" pos="75.62" lane="2/2to1/2_0" slope="0.00"/>
        <vehicle id="3" x="239.29" y="201.65" angle="-90.00" type="DEFAULT_VEHTYPE" speed="13.40" pos="155.96" lane="2/1to1/1_0" slope="0.00"/>
        <vehicle id="32" x="757.54" y="598.35" angle="90.00" type="DEFAULT_VEHTYPE" speed="12.84" pos="152.79" lane="3/3to4/3_0" slope="0.00"/>
        <vehicle id="37" x="313.25" y="198.35" angle="90.00" type="DEFAULT_VEHTYPE" speed="13.38" pos="108.50" lane="1/1to2/1_0" slope="0.00"/>
        <vehicle id="38" x="201.65" y="423.90" angle="180.00" type="DEFAULT_VEHTYPE" speed="11.24" pos="19.15" lane="1/2to1/3_0" slope="0.00"/>
        <vehicle id="4" x="244.55" y="198.35" angle="90.00" type="DEFAULT_VEHTYPE" speed="13.65" pos="39.80" lane="1/1to2/1_0" slope="0.00"/>
        <vehicle id="41" x="358.27" y="598.35" angle="90.00" type="DEFAULT_VEHTYPE" speed="13.16" pos="153.52" lane="1/3to2/3_0" slope="0.00"/>
        <vehicle id="42" x="201.65" y="94.63" angle="180.00" type="DEFAULT_VEHTYPE" speed="13.03" pos="94.63" lane="1/0to1/1_0" slope="0.00"/>
        <vehicle id="43" x="32.44" y="398.35" angle="90.00" type="DEFAULT_VEHTYPE" speed="13.55" pos="32.44" lane="0/2to1/2_0" slope="0.00"/>
        <vehicle id="44" x="529.09" y="198.35" angle="90.00" type="DEFAULT_VEHTYPE" speed="13.14" pos="124.34" lane="2/1to3/1_0" slope="0.00"/>
        <vehicle id="46" x="398.35" y="401.42" angle="0.00" type="DEFAULT_VEHTYPE" speed="13.32" pos="3.33" lane=":2/2_1_0" slope="0.00"/>
        <vehicle id="47" x="317.89" y="598.35" angle="90.00" type="DEFAULT_VEHTYPE" speed="13.76" pos="113.14" lane="1/3to2/3_0" slope="0.00"/>
        <vehicle id="49" x="401.65" y="613.71" angle="180.00" type="DEFAULT_VEHTYPE" speed="10.44" pos="8.96" lane="2/3to2/4_0" slope="0.00"/>
        <vehicle id="6" x="401.65" y="740.48" angle="180.00" type="DEFAULT_VEHTYPE" speed="12.61" pos="135.73" lane="2/3to2/4_0" slope="0.00"/>
    </timestep>
    <timestep time="407.00">
        <vehicle id="1" x="201.65" y="493.32" angle="180.00" type="DEFAULT_VEHTYPE" speed="13.55" pos="88.57" lane="1/2to1/3_0" slope="0.00"/>
        <vehicle id="11" x="215.43" y="401.65" angle="-90.00" type="DEFAULT_VEHTYPE" speed="7.54" pos="179.82" lane="2/2to1/2_0" slope="0.00"/>
        <vehicle id="13" x="412.21" y="401.65" angle="-90.00" type="DEFAULT_VEHTYPE" speed="5.66" pos="183.04" lane="3/2to2/2_0" slope="0.00"/>
        <vehicle id="17" x="244.00" y="401.65" angle="-90.00" type="DEFAULT_VEHTYPE" speed="12.94" pos="151.25" lane="2/2to1/2_0" slope="0.00"/>
        <vehicle id="2" x="398.35" y="231.54" angle="0.00" type="DEFAULT_VEHTYPE" speed="13.39" pos="163.71" lane="2/2to2/1_0" slope="0.00"/>
        <vehicle id="21" x="398.35" y="697.24" angle="0.00" type="DEFAULT_VEHTYPE" speed="12.98" pos="102.76" lane="2/4to2/3_0" slope="0.00"/>
        <vehicle id="23" x="205.07" y="598.35" angle="129.50" type="DEFAULT_VEHTYPE" speed="13.22" pos="0.32" lane="1/3to2/3_0" slope="0.00"/>
        <vehicle id="25" x="743.56" y="598.35" angle="90.00" type="DEFAULT_VEHTYPE" speed="12.82" pos="138.81" lane="3/3to4/3_0" slope="0.00"/>
        <vehicle id="27" x="398.35" y="544.41" angle="0.00" type="DEFAULT_VEHTYPE" speed="13.20" pos="50.84" lane="2/3to2/2_0" slope="0.00"/>
        <vehicle id="29" x="306.30" y="401.65" angle="-90.00" type="DEFAULT_VEHTYPE" speed="13.33" pos="88.95" lane="2/2to1/2_0" slope="0.00"/>
        <vehicle id="3" x="226.35" y="201.65" angle="-90.00" type="DEFAULT_VEHTYPE" speed="12.94" pos="168.90" lane="2/1to1/1_0" slope="0.00"/>
        <vehicle id="32" x="771.41" y="598.35" angle="90.00" type="DEFAULT_VEHTYPE" speed="13.87" pos="166.66" lane="3/3to4/3_0" slope="0.00"/>
        <vehicle id="37" x="326.08" y="198.35" angle="90.00" type="DEFAULT_VEHTYPE" speed="12.83" pos="121.33" lane="1/1to2/1_0" slope="0.00"/>
        <vehicle id="38" x="201.65" y="437.71" angle="180.00" type="DEFAULT_VEHTYPE" speed="13.81" pos="32.96" lane="1/2to1/3_0" slope="0.00"/>
        <vehicle id="4" x="257.66" y="198.35" angle="90.00" type="DEFAULT_VEHTYPE" speed="13.11" pos="52.91" lane="1/1to2/1_0" slope="0.00"/>
        <vehicle id="41" x="370.71" y="598.35" angle="90.00" type="DEFAULT_VEHTYPE" speed="12.44" pos="165.96" lane="1/3to2/3_0" slope="0.00"/>
        <vehicle id="42" x="201.65" y="108.19" angle="180.00" type="DEFAULT_VEHTYPE" speed="13.57" pos="108.19" lane="1/0to1/1_0" slope="0.00"/>
        <vehicle id="43" x="46.01" y="398.35" angle="90.00" type="DEFAULT_VEHTYPE" speed="13.57" pos="46.01" lane="0/2to1/2_0" slope="0.00"/>
        <vehicle id="44" x="542.25" y="198.35" angle="90.00" type="DEFAULT_VEHTYPE" speed="13.16" pos="137.50" lane="2/1to3/1_0" slope="0.00"/>
        <vehicle id="46" x="398.35" y="387.83" angle="0.00" type="DEFAULT_VEHTYPE" speed="13.59" pos="7.42" lane="2/2to2/1_0" slope="0.00"/>
        <vehicle id="47" x="331.46" y="598.35" angle="90.00" type="DEFAULT_VEHTYPE" speed="13.57" pos="126.71" lane="1/3to2/3_0" slope="0.00"/>
        <vehicle id="49" x="401.65" y="625.70" angle="180.00" type="DEFAULT_VEHTYPE" speed="11.99" pos="20.95" lane="2/3to2/4_0" slope="0.00"/>
        <vehicle id="6" x="401.65" y="753.31" angle="180.00" type="DEFAULT_VEHTYPE" speed="12.83" pos="148.56" lane="2/3to2/4_0" slope="0.00"/>
    </timestep>
    <timestep time="408.00">
        <vehicle id="1" x="201.65" y="507.14" angle="180.00" type="DEFAULT_VEHTYPE" speed="13.82" pos="102.39" lane="1/2to1/3_0" slope="0.00"/>
        <vehicle id="11" x="210.81" y="401.65" angle="-90.00" type="DEFAULT_VEHTYPE" speed="4.62" pos="184.44" lane="2/2to1/2_0" slope="0.00"/>
        <vehicle id="13" x="409.63" y="401.65" angle="-90.00" type="DEFAULT_VEHTYPE" speed="2.58" pos="185.62" lane="3/2to2/2_0" slope="0.00"/>
        <vehicle id="17" x="232.51" y="401.65" angle="-90.00" type="DEFAULT_VEHTYPE" speed="11.50" pos="162.74" lane="2/2to1/2_0" slope="0.00"/>
        <vehicle id="2" x="398.35" y="218.15" angle="0.00" type="DEFAULT_VEHTYPE" speed="13.39" pos="177.10" lane="2/2to2/1_0" slope="0.00"/>
        <vehicle id="21" x="398.35" y="684.59" angle="0.00" type="DEFAULT_VEHTYPE" speed="12.66" pos="115.41" lane="2/4to2/3_0" slope="0.00"/>
        <vehicle id="23" x="218.10" y="598.35" angle="90.00" type="DEFAULT_VEHTYPE" speed="13.03" pos="13.35" lane="1/3to2/3_0" slope="0.00"/>
        <vehicle id="25" x="757.13" y="598.35" angle="90.00" type="DEFAULT_VEHTYPE" speed="13.57" pos="152.38" lane="3/3to4/3_0" slope="0.00"/>
        <vehicle id="27" x="398.35" y="531.27" angle="0.00" type="DEFAULT_VEHTYPE" speed="13.14" pos="63.98" lane="2/3to2/2_0" slope="0.00"/>
        <vehicle id="29" x="292.94" y="401.65" angle="-90.00" type="DEFAULT_VEHTYPE" speed="13.36" pos="102.31" lane="2/2to1/2_0" slope="0.00"/>
        <vehicle id="3" x="217.07" y="201.65" angle="-90.00" type="DEFAULT_VEHTYPE" speed="9.28" pos="178.18" lane="2/1to1/1_0" slope="0.00"/>
        <vehicle id="32" x="784.06" y="598.35" angle="90.00" type="DEFAULT_VEHTYPE" speed="12.65" pos="179.31" lane="3/3to4/3_0" slope="0.00"/>
        <vehicle id="37" x="339.29" y="198.35" angle="90.00" type="DEFAULT_VEHTYPE" speed="13.21" pos="134.54" lane="1/1to2/1_0" slope="0.00"/>
        <vehicle id="38" x="201.65" y="450.72" angle="180.00" type="DEFAULT_VEHTYPE" speed="13.01" pos="45.97" lane="1/2to1/3_0" slope="0.00"/>
        <vehicle id="4" x="270.91" y="198.35" angle="90.00" type="DEFAULT_VEHTYPE" speed="13.25" pos="66.16" lane="1/1to2/1_0" slope="0.00"/>
        <vehicle id="41" x="379.74" y="598.35" angle="90.00" type="DEFAULT_VEHTYPE" speed="9.02" pos="174.99" lane="1/3to2/3_0" slope="0.00"/>
        <vehicle id="42" x="201.65" y="121.31" angle="180.00" type="DEFAULT_VEHTYPE" speed="13.11" pos="121.31" lane="1/0to1/1_0" slope="0.00"/>
        <vehicle id="43" x="59.20" y="398.35" angle="90.00" type="DEFAULT_VEHTYPE" speed="13.19" pos="59.20" lane="0/2to1/2_0" slope="0.00"/>
        <vehicle id="44" x="555.44" y="198.35" angle="90.00" type="DEFAULT_VEHTYPE" speed="13.19" pos="150.69" lane="2/1to3/1_0" slope="0.00"/>
        <vehicle id="46" x="398.35" y="374.43" angle="0.00" type="DEFAULT_VEHTYPE" speed="13.40" pos="20.82" lane="2/2to2/1_0" slope="0.00"/>
        <vehicle id="47" x="344.21" y="598.35" angle="90.00" type="DEFAULT_VEHTYPE" speed="12.75" pos="139.46" lane="1/3to2/3_0" slope="0.00"/>
        <vehicle id="49" x="401.65" y="639.45" angle="180.00" type="DEFAULT_VEHTYPE" speed="13.75" pos="34.70" lane="2/3to2/4_0" slope="0.00"/>
        <vehicle id="6" x="401.65" y="766.23" angle="180.00" type="DEFAULT_VEHTYPE" speed="12.92" pos="161.48" lane="2/3to2/4_0" slope="0.00"/>
    </timestep>
    <timestep time="409.00">
        <vehicle id="1" x="201.65" y="520.49" angle="180.00" type="DEFAULT_VEHTYPE" speed="13.35" pos="115.74" lane="1/2to1/3_0" slope="0.00"/>
        <vehicle id="11" x="204.73" y="401.65" angle="-90.00" type="DEFAULT_VEHTYPE" speed="6.08" pos="0.02" lane=":1/2_5_0" slope="0.00"/>
        <vehicle id="13" x="405.55" y="401.65" angle="-90.00" type="DEFAULT_VEHTYPE" speed="4.08" pos="189.70" lane="3/2to2/2_0" slope="0.00"/>
        <vehicle id="17" x="224.59" y="401.65" angle="-90.00" type="DEFAULT_VEHTYPE" speed="7.91" pos="170.66" lane="2/2to1/2_0" slope="0.00"/>
        <vehicle id="2" x="398.35" y="204.66" angle="0.00" type="DEFAULT_VEHTYPE" speed="13.49" pos="0.09" lane=":2/1_1_0" slope="0.00"/>
        <vehicle id="21" x="398.35" y="670.76" angle="0.00" type="DEFAULT_VEHTYPE" speed="13.83" pos="129.24" lane="2/4to2/3_0" slope="0.00"/>
        <vehicle id="23" x="231.44" y="598.35" angle="90.00" type="DEFAULT_VEHTYPE" speed="13.34" pos="26.69" lane="1/3to2/3_0" slope="0.00"/>
        <vehicle id="25" x="770.54" y="598.35" angle="90.00" type="DEFAULT_VEHTYPE" speed="13.41" pos="165.79" lane="3/3to4/3_0" slope="0.00"/>
        <vehicle id="27" x="398.35" y="518.33" angle="0.00" type="DEFAULT_VEHTYPE" speed="12.94" pos="76.92" lane="2/3to2/2_0" slope="0.00"/>
        <vehicle id="29" x="279.32" y="401.65" angle="-90.00" type="DEFAULT_VEHTYPE" speed="13.62" pos="115.93" lane="2/2to1/2_0" slope="0.00"/>
        <vehicle id="3" x="211.37" y="201.65" angle="-90.00" type="DEFAULT_VEHTYPE" speed="5.71" pos="183.88" lane="2/1to1/1_0" slope="0.00"/>
        <vehicle id="32" x="797.50" y="598.35" angle="90.00" type="DEFAULT_VEHTYPE" speed="13.44" pos="192.75" lane="3/3to4/3_0" slope="0.00"/>
        <vehicle id="37" x="352.73" y="198.35" angle="90.00" type="DEFAULT_VEHTYPE" speed="13.44" pos="147.98" lane="1/1to2/1_0" slope="0.00"/>
        <vehicle id="38" x="201.65" y="463.39" angle="180.00" type="DEFAULT_VEHTYPE" speed="12.67" pos="58.64" lane="1/2to1/3_0" slope="0.00"/>
        <vehicle id="4" x="284.05" y="198.35" angle="90.00" type="DEFAULT_VEHTYPE" speed="13.14" pos="79.30" lane="1/1to2/1_0" slope="0.00"/>
        <vehicle id="41" x="385.89" y="598.35" angle="90.00" type="DEFAULT_VEHTYPE" speed="6.15" pos="181.14" lane="1/3to2/3_0" slope="0.00"/>
        <vehicle id="42" x="201.65" y="134.41" angle="180.00" type="DEFAULT_VEHTYPE" speed="13.10" pos="134.41" lane="1/0to1/1_0" slope="0.00"/>
        <vehicle id="43" x="73.03" y="398.35" angle="90.00" type="DEFAULT_VEHTYPE" speed="13.82" pos="73.03" lane="0/2to1/2_0" slope="0.00"/>
        <vehicle id="44" x="568.80" y="198.35" angle="90.00" type="DEFAULT_VEHTYPE" speed="13.37" pos="164.05" lane="2/1to3/1_0" slope="0.00"/>
        <vehicle id="46" x="398.35" y="361.17" angle="0.00" type="DEFAULT_VEHTYPE" speed="13.26" pos="34.08" lane="2/2to2/1_0" slope="0.00"/>
        <vehicle id="47" x="357.54" y="598.35" angle="90.00" type="DEFAULT_VEHTYPE" speed="13.33" pos="152.79" lane="1/3to2/3_0" slope="0.00"/>
        <vehicle id="49" x="401.65" y="652.36" angle="180.00" type="DEFAULT_VEHTYPE" speed="12.91" pos="47.61" lane="2/3to2/4_0" slope="0.00"/>
        <vehicle id="6" x="401.65" y="779.06" angle="180.00" type="DEFAULT_VEHTYPE" speed="12.83" pos="174.31" lane="2/3to2/4_0" slope="0.00"/>
    </timestep>
    <timestep time="410.00">
        <vehicle id="1" x="201.65" y="533.94" angle="180.00" type="DEFAULT_VEHTYPE" speed="13.45" pos="129.19" lane="1/2to1/3_0" slope="0.00"/>
        <vehicle id="11" x="197.29" y="401.65" angle="-90.00" type="DEFAULT_VEHTYPE" speed="7.44" pos="7.46" lane=":1/2_5_0" slope="0.00"/>
        <vehicle id="13" x="400.11" y="401.65" angle="-90.00" type="DEFAULT_VEHTYPE" speed="5.45" pos="4.64" lane=":2/2_5_0" slope="0.00"/>
        <vehicle id="17" x="216.73" y="401.65" angle="-90.00" type="DEFAULT_VEHTYPE" speed="7.87" pos="178.52" lane="2/2to1/2_0" slope="0.00"/>
        <vehicle id="2" x="398.35" y="190.90" angle="0.00" type="DEFAULT_VEHTYPE" speed="13.76" pos="4.35" lane="2/1to2/0_0" slope="0.00"/>
        <vehicle id="21" x="398.35" y="656.97" angle="0.00" type="DEFAULT_VEHTYPE" speed="13.79" pos="143.03" lane="2/4to2/3_0" slope="0.00"/>
        <vehicle id="23" x="245.00" y="598.35" angle="90.00" type="DEFAULT_VEHTYPE" speed="13.56" pos="40.25" lane="1/3to2/3_0" slope="0.00"/>
        <vehicle id="25" x="784.14" y="598.35" angle="90.00" type="DEFAULT_VEHTYPE" speed="13.60" pos="179.39" lane="3/3to4/3_0" slope="0.00"/>
        <vehicle id="27" x="398.35" y="504.85" angle="0.00" type="DEFAULT_VEHTYPE" speed="13.48" pos="90.40" lane="2/3to2/2_0" slope="0.00"/>
        <vehicle id="29" x="266.22" y="401.65" angle="-90.00" type="DEFAULT_VEHTYPE" speed="13.10" pos="129.03" lane="2/2to1/2_0" slope="0.00"/>
        <vehicle id="3" x="203.74" y="201.79" angle="-91.62" type="DEFAULT_VEHTYPE" speed="7.64" pos="1.02" lane=":1/1_4_0" slope="0.00"/>
        <vehicle id="32" x="794.70" y="601.65" angle="-90.00" type="DEFAULT_VEHTYPE" speed="12.62" pos="5.30" lane="4/3to3/3_0" slope="0.00"/>
        <vehicle id="37" x="365.65" y="198.35" angle="90.00" type="DEFAULT_VEHTYPE" speed="12.92" pos="160.90" lane="1/1to2/1_0" slope="0.00"/>
        <vehicle id="38" x="201.65" y="476.37" angle="180.00" type="DEFAULT_VEHTYPE" speed="12.97" pos="71.62" lane="1/2to1/3_0" slope="0.00"/>
        <vehicle id="4" x="297.89" y="198.35" angle="90.00" type="DEFAULT_VEHTYPE" speed="13.84" pos="93.14" lane="1/1to2/1_0" slope="0.00"/>
        <vehicle id="41" x="389.40" y="598.35" angle="90.00" type="DEFAULT_VEHTYPE" speed="3.51" pos="184.65" lane="1/3to2/3_0" slope="0.00"/>
        <vehicle id="42" x="201.65" y="147.64" angle="180.00" type="DEFAULT_VEHTYPE" speed="13.22" pos="147.64" lane="1/0to1/1_0" slope="0.00"/>
        <vehicle id="43" x="85.72" y="398.35" angle="90.00" type="DEFAULT_VEHTYPE" speed="12.69" pos="85.72" lane="0/2to1/2_0" slope="0.00"/>
        <vehicle id="44" x="579.19" y="198.35" angle="90.00" type="DEFAULT_VEHTYPE" speed="10.39" pos="174.44" lane="2/1to3/1_0" slope="0.00"/>
        <vehicle id="46" x="398.35" y="348.02" angle="0.00" type="DEFAULT_VEHTYPE" speed="13.15" pos="47.23" lane="2/2to2/1_0" slope="0.00"/>
        <vehicle id="47" x="368.65" y="598.35" angle="90.00" type="DEFAULT_VEHTYPE" speed="11.10" pos="163.90" lane="1/3to2/3_0" slope="0.00"/>
        <vehicle id="49" x="401.65" y="665.48" angle="180.00" type="DEFAULT_VEHTYPE" speed="13.12" pos="60.73" lane="2/3to2/4_0" slope="0.00"/>
        <vehicle id="6" x="401.65" y="792.30" angle="180.00" type="DEFAULT_VEHTYPE" speed="13.24" pos="187.55" lane="2/3to2/4_0" slope="0.00"/>
    </timestep>
    <timestep time="411.00">
        <vehicle id="1" x="201.65" y="546.73" angle="180.00" type="DEFAULT_VEHTYPE" speed="12.79" pos="141.98" lane="1/2to1/3_0" slope="0.00"/>
        <vehicle id="11" x="188.49" y="401.65" angle="-90.00" type="DEFAULT_VEHTYPE" speed="8.80" pos="6.76" lane="1/2to0/2_0" slope="0.00"/>
        <vehicle id="13" x="393.13" y="401.65" angle="-90.00" type="DEFAULT_VEHTYPE" speed="6.97" pos="2.12" lane="2/2to1/2_0" slope="0.00"/>
        <vehicle id="17" x="211.76" y="401.65" angle="-90.00" type="DEFAULT_VEHTYPE" speed="4.97" pos="183.49" lane="2/2to1/2_0" slope="0.00"/>
        <vehicle id="2" x="398.35" y="178.19" angle="0.00" type="DEFAULT_VEHTYPE" speed="12.71" pos="17.06" lane="2/1to2/0_0" slope="0.00"/>
        <vehicle id="21" x="398.35" y="644.15" angle="0.00" type="DEFAULT_VEHTYPE" speed="12.82" pos="155.85" lane="2/4to2/3_0" slope="0.00"/>
        <vehicle id="23" x="258.05" y="598.35" angle="90.00" type="DEFAULT_VEHTYPE" speed="13.05" pos="53.30" lane="1/3to2/3_0" slope="0.00"/>
        <vehicle id="25" x="797.85" y="598.35" angle="90.00" type="DEFAULT_VEHTYPE" speed="13.70" pos="193.10" lane="3/3to4/3_0" slope="0.00"/>
        <vehicle id="27" x="398.35" y="491.15" angle="0.00" type="DEFAULT_VEHTYPE" speed="13.70" pos="104.10" lane="2/3to2/2_0" slope="0.00"/>
        <vehicle id="29" x="252.92" y="401.65" angle="-90.00" type="DEFAULT_VEHTYPE" speed="13.30" pos="142.33" lane="2/2to1/2_0" slope="0.00"/>
        <vehicle id="3" x="201.65" y="210.41" angle="180.00" type="DEFAULT_VEHTYPE" speed="9.64" pos="5.66" lane="1/1to1/2_0" slope="0.00"/>
        <vehicle id="32" x="781.74" y="601.65" angle="-90.00" type="DEFAULT_VEHTYPE" speed="12.96" pos="18.26" lane="4/3to3/3_0" slope="0.00"/>
        <vehicle id="37" x="377.40" y="198.35" angle="90.00" type="DEFAULT_VEHTYPE" speed="11.74" pos="172.65" lane="1/1to2/1_0" slope="0.00"/>
        <vehicle id="38" x="201.65" y="488.99" angle="180.00" type="DEFAULT_VEHTYPE" speed="12.62" pos="84.24" lane="1/2to1/3_0" slope="0.00"/>
        <vehicle id="4" x="310.93" y="198.35" angle="90.00" type="DEFAULT_VEHTYPE" speed="13.04" pos="106.18" lane="1/1to2/1_0" slope="0.00"/>
        <vehicle id="41" x="395.01" y="598.35" angle="90.00" type="DEFAULT_VEHTYPE" speed="5.62" pos="190.26" lane="1/3to2/3_0" slope="0.00"/>
        <vehicle id="42" x="201.65" y="160.93" angle="180.00" type="DEFAULT_VEHTYPE" speed="13.30" pos="160.93" lane="1/0to1/1_0" slope="0.00"/>
        <vehicle id="43" x="98.80" y="398.35" angle="90.00" type="DEFAULT_VEHTYPE" speed="13.08" pos="98.80" lane="0/2to1/2_0" slope="0.00"/>
        <vehicle id="44" x="586.42" y="198.35" angle="90.00" type="DEFAULT_VEHTYPE" speed="7.22" pos="181.67" lane="2/1to3/1_0" slope="0.00"/>
        <vehicle id="46" x="398.35" y="335.07" angle="0.00" type="DEFAULT_VEHTYPE" speed="12.95" pos="60.18" lane="2/2to2/1_0" slope="0.00"/>
        <vehicle id="47" x="375.28" y="598.35" angle="90.00" type="DEFAULT_VEHTYPE" speed="6.63" pos="170.53" lane="1/3to2/3_0" slope="0.00"/>
        <vehicle id="49" x="401.65" y="679.30" angle="180.00" type="DEFAULT_VEHTYPE" speed="13.83" pos="74.55" lane="2/3to2/4_0" slope="0.00"/>
        <vehicle id="6" x="398.35" y="799.08" angle="-61.91" type="DEFAULT_VEHTYPE" speed="13.45" pos="0.92" lane="2/4to2/3_0" slope="0.00"/>
    </timestep>
    <timestep time="412.00">
        <vehicle id="1" x="201.65" y="559.60" angle="180.00" type="DEFAULT_VEHTYPE" speed="12.87" pos="154.85" lane="1/2to1/3_0" slope="0.00"/>
        <vehicle id="11" x="177.36" y="401.65" angle="-90.00" type="DEFAULT_VEHTYPE" speed="11.13" pos="17.89" lane="1/2to0/2_0" slope="0.00"/>
        <vehicle id="13" x="383.84" y="401.65" angle="-90.00" type="DEFAULT_VEHTYPE" speed="9.30" pos="11.41" lane="2/2to1/2_0" slope="0.00"/>
        <vehicle id="17" x="208.83" y="401.65" angle="-90.00" type="DEFAULT_VEHTYPE" speed="2.93" pos="186.42" lane="2/2to1/2_0" slope="0.00"/>
        <vehicle id="2" x="398.35" y="164.39" angle="0.00" type="DEFAULT_VEHTYPE" speed="13.80" pos="30.86" lane="2/1to2/0_0" slope="0.00"/>
        <vehicle id="21" x="398.35" y="630.44" angle="0.00" type="DEFAULT_VEHTYPE" speed="13.71" pos="169.56" lane="2/4to2/3_0" slope="0.00"/>
        <vehicle id="23" x="270.82" y="598.35" angle="90.00" type="DEFAULT_VEHTYPE" speed="12.78" pos="66.07" lane="1/3to2/3_0" slope="0.00"/>
        <vehicle id="25" x="794.34" y="601.65" angle="-90.00" type="DEFAULT_VEHTYPE" speed="12.63" pos="5.66" lane="4/3to3/3_0" slope="0.00"/>
        <vehicle id="27" x="398.35" y="478.06" angle="0.00" type="DEFAULT_VEHTYPE" speed="13.09" pos="117.19" lane="2/3to2/2_0" slope="0.00"/>
        <vehicle id="29" x="239.81" y="401.65" angle="-90.00" type="DEFAULT_VEHTYPE" speed="13.11" pos="155.44" lane="2/2to1/2_0" slope="0.00"/>
        <vehicle id="3" x="201.65" y="221.84" angle="180.00" type="DEFAULT_VEHTYPE" speed="11.42" pos="17.09" lane="1/1to1/2_0" slope="0.00"/>
        <vehicle id="32" x="768.46" y="601.65" angle="-90.00" type="DEFAULT_VEHTYPE" speed="13.28" pos="31.54" lane="4/3to3/3_0" slope="0.00"/>
        <vehicle id="37" x="385.42" y="198.35" angle="90.00" type="DEFAULT_VEHTYPE" speed="8.02" pos="180.67" lane="1/1to2/1_0" slope="0.00"/>
        <vehicle id="38" x="201.65" y="502.32" angle="180.00" type="DEFAULT_VEHTYPE" speed="13.33" pos="97.57" lane="1/2to1/3_0" slope="0.00"/>
        <vehicle id="4" x="324.74" y="198.35" angle="90.00" type="DEFAULT_VEHTYPE" speed="13.81" pos="119.99" lane="1/1to2/1_0" slope="0.00"/>
        <vehicle id="41" x="400.97" y="601.48" angle="126.95" type="DEFAULT_VEHTYPE" speed="7.18" pos="6.94" lane=":2/3_14_0" slope="0.00"/>
        <vehicle id="42" x="201.65" y="173.86" angle="180.00" type="DEFAULT_VEHTYPE" speed="12.93" pos="173.86" lane="1/0to1/1_0" slope="0.00"/>
        <vehicle id="43" x="112.32" y="398.35" angle="90.00" type="DEFAULT_VEHTYPE" speed="13.52" pos="112.32" lane="0/2to1/2_0" slope="0.00"/>
        <vehicle id="44" x="590.13" y="198.35" angle="90.00" type="DEFAULT_VEHTYPE" speed="3.71" pos="185.38" lane="2/1to3/1_0" slope="0.00"/>
        <vehicle id="46" x="398.35" y="322.44" angle="0.00" type="DEFAULT_VEHTYPE" speed="12.63" pos="72.81" lane="2/2to2/1_0" slope="0.00"/>
        <vehicle id="47" x="383.10" y="598.35" angle="90.00" type="DEFAULT_VEHTYPE" speed="7.82" pos="178.35" lane="1/3to2/3_0" slope="0.00"/>
        <vehicle id="49" x="401.65" y="692.12" angle="180.00" type="DEFAULT_VEHTYPE" speed="12.82" pos="87.37" lane="2/3to2/4_0" slope="0.00"/>
        <vehicle id="6" x="398.35" y="785.57" angle="0.00" type="DEFAULT_VEHTYPE" speed="13.51" pos="14.43" lane="2/4to2/3_0" slope="0.00"/>
    </timestep>
    <timestep time="413.00">
        <vehicle id="1" x="201.65" y="572.98" angle="180.00" type="DEFAULT_VEHTYPE" speed="13.39" pos="168.23" lane="1/2to1/3_0" slope="0.00"/>
        <vehicle id="11" x="164.39" y="401.65" angle="-90.00" type="DEFAULT_VEHTYPE" speed="12.97" pos="30.86" lane="1/2to0/2_0" slope="0.00"/>
        <vehicle id="13" x="372.60" y="401.65" angle="-90.00" type="DEFAULT_VEHTYPE" speed="11.24" pos="22.65" lane="2/2to1/2_0" slope="0.00"/>
        <vehicle id="17" x="203.81" y="401.65" angle="-90.00" type="DEFAULT_VEHTYPE" speed="5.02" pos="0.94" lane=":1/2_5_0" slope="0.00"/>
        <vehicle id="2" x="398.35" y="151.73" angle="0.00" type="DEFAULT_VEHTYPE" speed="12.66" pos="43.52" lane="2/1to2/0_0" slope="0.00"/>
        <vehicle id="21" x="398.35" y="618.12" angle="0.00" type="DEFAULT_VEHTYPE" speed="12.32" pos="181.88" lane="2/4to2/3_0" slope="0.00"/>
        <vehicle id="23" x="284.34" y="598.35" angle="90.00" type="DEFAULT_VEHTYPE" speed="13.51" pos="79.59" lane="1/3to2/3_0" slope="0.00"/>
        <vehicle id="25" x="781.74" y="601.65" angle="-90.00" type="DEFAULT_VEHTYPE" speed="12.60" pos="18.26" lane="4/3to3/3_0" slope="0.00"/>
        <vehicle id="27" x="398.35" y="465.18" angle="0.00" type="DEFAULT_VEHTYPE" speed="12.88" pos="130.07" lane="2/3to2/2_0" slope="0.00"/>
        <vehicle id="29" x="229.50" y="401.65" angle="-90.00" type="DEFAULT_VEHTYPE" speed="10.32" pos="165.75" lane="2/2to1/2_0" slope="0.00"/>
        <vehicle id="3" x="201.65" y="234.65" angle="180.00" type="DEFAULT_VEHTYPE" speed="12.82" pos="29.90" lane="1/1to1/2_0" slope="0.00"/>
        <vehicle id="32" x="755.09" y="601.65" angle="-90.00" type="DEFAULT_VEHTYPE" speed="13.37" pos="44.91" lane="4/3to3/3_0" slope="0.00"/>
        <vehicle id="37" x="389.28" y="198.35" angle="90.00" type="DEFAULT_VEHTYPE" speed="3.86" pos="184.53" lane="1/1to2/1_0" slope="0.00"/>
        <vehicle id="38" x="201.65" y="515.31" angle="180.00" type="DEFAULT_VEHTYPE" speed="12.99" pos="110.56" lane="1/2to1/3_0" slope="0.00"/>
        <vehicle id="4" x="337.80" y="198.35" angle="90.00" type="DEFAULT_VEHTYPE" speed="13.06" pos="133.05" lane="1/1to2/1_0" slope="0.00"/>
        <vehicle id="41" x="401.65" y="610.17" angle="180.00" type="DEFAULT_VEHTYPE" speed="8.80" pos="5.42" lane="2/3to2/4_0" slope="0.00"/>
        <vehicle id="42" x="201.65" y="186.57" angle="180.00" type="DEFAULT_VEHTYPE" speed="12.71" pos="186.57" lane="1/0to1/1_0" slope="0.00"/>
        <vehicle id="43" x="126.01" y="398.35" angle="90.00" type="DEFAULT_VEHTYPE" speed="13.70" pos="126.01" lane="0/2to1/2_0" slope="0.00"/>
        <vehicle id="44" x="595.87" y="198.35" angle="90.00" type="DEFAULT_VEHTYPE" speed="5.75" pos="0.62" lane=":3/1_13_0" slope="0.00"/>
        <vehicle id="46" x="398.35" y="309.37" angle="0.00" type="DEFAULT_VEHTYPE" speed="13.07" pos="85.88" lane="2/2to2/1_0" slope="0.00"/>
        <vehicle id="47" x="388.20" y="598.35" angle="90.00" type="DEFAULT_VEHTYPE" speed="5.10" pos="183.45" lane="1/3to2/3_0" slope="0.00"/>
        <vehicle id="49" x="401.65" y="705.47" angle="180.00" type="DEFAULT_VEHTYPE" speed="13.35" pos="100.72" lane="2/3to2/4_0" slope="0.00"/>
        <vehicle id="6" x="398.35" y="771.75" angle="0.00" type="DEFAULT_VEHTYPE" speed="13.82" pos="28.25" lane="2/4to2/3_0" slope="0.00"/>
    </timestep>
    <timestep time="414.00">
        <vehicle id="1" x="201.65" y="585.92" angle="180.00" type="DEFAULT_VEHTYPE" speed="12.94" pos="181.17" lane="1/2to1/3_0" slope="0.00"/>
        <vehicle id="11" x="151.47" y="401.65" angle="-90.00" type="DEFAULT_VEHTYPE" speed="12.92" pos="43.78" lane="1/2to0/2_0" slope="0.00"/>
        <vehicle id="13" x="359.95" y="401.65" angle="-90.00" type="DEFAULT_VEHTYPE" speed="12.65" pos="35.30" lane="2/2to1/2_0" slope="0.00"/>
        <vehicle id="17" x="197.28" y="401.65" angle="-90.00" type="DEFAULT_VEHTYPE" speed="6.52" pos="7.47" lane=":1/2_5_0" slope="0.00"/>
        <vehicle id="2" x="398.35" y="138.94" angle="0.00" type="DEFAULT_VEHTYPE" speed="12.79" pos="56.31" lane="2/1to2/0_0" slope="0.00"/>
        <vehicle id="21" x="398.35" y="605.52" angle="0.00" type="DEFAULT_VEHTYPE" speed="12.60" pos="194.48" lane="2/4to2/3_0" slope="0.00"/>
        <vehicle id="23" x="297.10" y="598.35" angle="90.00" type="DEFAULT_VEHTYPE" speed="12.76" pos="92.35" lane="1/3to2/3_0" slope="0.00"/>
        <vehicle id="25" x="768.65" y="601.65" angle="-90.00" type="DEFAULT_VEHTYPE" speed="13.09" pos="31.35" lane="4/3to3/3_0" slope="0.00"/>
        <vehicle id="27" x="398.35" y="452.02" angle="0.00" type="DEFAULT_VEHTYPE" speed="13.16" pos="143.23" lane="2/3to2/2_0" slope="0.00"/>
        <vehicle id="29" x="220.27" y="401.65" angle="-90.00" type="DEFAULT_VEHTYPE" speed="9.22" pos="174.98" lane="2/2to1/2_0" slope="0.00"/>
        <vehicle id="3" x="201.65" y="247.87" angle="180.00" type="DEFAULT_VEHTYPE" speed="13.21" pos="43.12" lane="1/1to1/2_0" slope="0.00"/>
        <vehicle id="32" x="742.43" y="601.65" angle="-90.00" type="DEFAULT_VEHTYPE" speed="12.66" pos="57.57" lane="4/3to3/3_0" slope="0.00"/>
        <vehicle id="37" x="395.52" y="198.35" angle="90.00" type="DEFAULT_VEHTYPE" speed="6.24" pos="0.27" lane=":2/1_13_0" slope="0.00"/>
        <vehicle id="38" x="201.65" y="528.01" angle="180.00" type="DEFAULT_VEHTYPE" speed="12.70" pos="123.26" lane="1/2to1/3_0" slope="0.00"/>
        <vehicle id="4" x="350.75" y="198.35" angle="90.00" type="DEFAULT_VEHTYPE" speed="12.94" pos="146.00" lane="1/1to2/1_0" slope="0.00"/>
        <vehicle id="41" x="401.65" y="621.11" angle="180.00" type="DEFAULT_VEHTYPE" speed="10.95" pos="16.36" lane="2/3to2/4_0" slope="0.00"/>
        <vehicle id="42" x="204.30" y="198.29" angle="142.79" type="DEFAULT_VEHTYPE" speed="13.23" pos="4.55" lane=":1/1_8_0" slope="0.00"/>
        <vehicle id="43" x="138.81" y="398.35" angle="90.00" type="DEFAULT_VEHTYPE" speed="12.79" pos="138.81" lane="0/2to1/2_0" slope="0.00"/>
        <vehicle id="44" x="603.18" y="198.35" angle="90.00" type="DEFAULT_VEHTYPE" speed="7.31" pos="7.93" lane=":3/1_13_0" slope="0.00"/>
        <vehicle id="46" x="398.35" y="295.58" angle="0.00" type="DEFAULT_VEHTYPE" speed="13.80" pos="99.67" lane="2/2to2/1_0" slope="0.00"/>
        <vehicle id="47" x="391.29" y="598.35" angle="90.00" type="DEFAULT_VEHTYPE" speed="3.10" pos="186.54" lane="1/3to2/3_0" slope="0.00"/>
        <vehicle id="49" x="401.65" y="718.56" angle="180.00" type="DEFAULT_VEHTYPE" speed="13.09" pos="113.81" lane="2/3to2/4_0" slope="0.00"/>
        <vehicle id="6" x="398.35" y="757.97" angle="0.00" type="DEFAULT_VEHTYPE" speed="13.77" pos="42.03" lane="2/4to2/3_0" slope="0.00"/>
    </timestep>
    <timestep time="415.00">
        <vehicle id="1" x="204.03" y="598.25" angle="147.46" type="DEFAULT_VEHTYPE" speed="13.60" pos="4.27" lane=":1/3_8_0" slope="0.00"/>
        <vehicle id="11" x="138.77" y="401.65" angle="-90.00" type="DEFAULT_VEHTYPE" speed="12.70" pos="56.48" lane="1/2to0/2_0" slope="0.00"/>
        <vehicle id="13" x="346.29" y="401.65" angle="-90.00" type="DEFAULT_VEHTYPE" speed="13.65" pos="48.96" lane="2/2to1/2_0" slope="0.00"/>
        <vehicle id="17" x="188.74" y="401.65" angle="-90.00" type="DEFAULT_VEHTYPE" speed="8.55" pos="6.51" lane="1/2to0/2_0" slope="0.00"/>
        <vehicle id="2" x="398.35" y="126.32" angle="0.00" type="DEFAULT_VEHTYPE" speed="12.62" pos="68.93" lane="2/1to2/0_0" slope="0.00"/>
        <vehicle id="21" x="398.35" y="592.64" angle="0.00" type="DEFAULT_VEHTYPE" speed="12.88" pos="2.61" lane="2/3to2/2_0" slope="0.00"/>
        <vehicle id="23" x="310.29" y="598.35" angle="90.00" type="DEFAULT_VEHTYPE" speed="13.19" pos="105.54" lane="1/3to2/3_0" slope="0.00"/>
        <vehicle id="25" x="755.85" y="601.65" angle="-90.00" type="DEFAULT_VEHTYPE" speed="12.81" pos="44.15" lane="4/3to3/3_0" slope="0.00"/>
        <vehicle id="27" x="398.35" y="439.23" angle="0.00" type="DEFAULT_VEHTYPE" speed="12.79" pos="156.02" lane="2/3to2/2_0" slope="0.00"/>
        <vehicle id="29" x="213.49" y="401.65" angle="-90.00" type="DEFAULT_VEHTYPE" speed="6.78" pos="181.76" lane="2/2to1/2_0" slope="0.00"/>
        <vehicle id="3" x="201.65" y="261.50" angle="180.00" type="DEFAULT_VEHTYPE" speed="13.64" pos="56.75" lane="1/1to1/2_0" slope="0.00"/>
        <vehicle id="32" x="729.20" y="601.65" angle="-90.00" type="DEFAULT_VEHTYPE" speed="13.23" pos="70.80" lane="4/3to3/3_0" slope="0.00"/>
        <vehicle id="37" x="403.25" y="198.35" angle="90.00" type="DEFAULT_VEHTYPE" speed="7.73" pos="8.00" lane=":2/1_13_0" slope="0.00"/>
        <vehicle id="38" x="201.65" y="541.71" angle="180.00" type="DEFAULT_VEHTYPE" speed="13.69" pos="136.96" lane="1/2to1/3_0" slope="0.00"/>
        <vehicle id="4" x="363.49" y="198.35" angle="90.00" type="DEFAULT_VEHTYPE" speed="12.75" pos="158.74" lane="1/1to2/1_0" slope="0.00"/>
        <vehicle id="41" x="401.65" y="633.58" angle="180.00" type="DEFAULT_VEHTYPE" speed="12.47" pos="28.83" lane="2/3to2/4_0" slope="0.00"/>
        <vehicle id="42" x="218.06" y="198.35" angle="90.00" type="DEFAULT_VEHTYPE" speed="13.77" pos="13.31" lane="1/1to2/1_0" slope="0.00"/>
        <vehicle id="43" x="151.90" y="398.35" angle="90.00" type="DEFAULT_VEHTYPE" speed="13.10" pos="151.90" lane="0/2to1/2_0" slope="0.00"/>
        <vehicle id="44" x="612.60" y="198.35" angle="90.00" type="DEFAULT_VEHTYPE" speed="9.41" pos="7.85" lane="3/1to4/1_0" slope="0.00"/>
        <vehicle id="46" x="398.35" y="282.20" angle="0.00" type="DEFAULT_VEHTYPE" speed="13.38" pos="113.05" lane="2/2to2/1_0" slope="0.00"/>
        <vehicle id="47" x="392.33" y="598.35" angle="90.00" type="DEFAULT_VEHTYPE" speed="1.04" pos="187.58" lane="1/3to2/3_0" slope="0.00"/>
        <vehicle id="49" x="401.65" y="731.46" angle="180.00" type="DEFAULT_VEHTYPE" speed="12.90" pos="126.71" lane="2/3to2/4_0" slope="0.00"/>
        <vehicle id="6" x="398.35" y="744.48" angle="0.00" type="DEFAULT_VEHTYPE" speed="13.49" pos="55.52" lane="2/4to2/3_0" slope="0.00"/>
    </timestep>
    <timestep time="416.00">
        <vehicle id="1" x="217.52" y="598.35" angle="90.00" type="DEFAULT_VEHTYPE" speed="13.50" pos="12.77" lane="1/3to2/3_0" slope="0.00"/>
        <vehicle id="11" x="126.11" y="401.65" angle="-90.00" type="DEFAULT_VEHTYPE" speed="12.66" pos="69.14" lane="1/2to0/2_0" slope="0.00"/>
        <vehicle id="13" x="332.41" y="401.65" angle="-90.00" type="DEFAULT_VEHTYPE" speed="13.88" pos="62.84" lane="2/2to1/2_0" slope="0.00"/>
        <vehicle id="17" x="178.67" y="401.65" angle="-90.00" type="DEFAULT_VEHTYPE" speed="10.07" pos="16.58" lane="1/2to0/2_0" slope="0.00"/>
        <vehicle id="2" x="398.35" y="113.20" angle="0.00" type="DEFAULT_VEHTYPE" speed="13.12" pos="82.05" lane="2/1to2/0_0" slope="0.00"/>
        <vehicle id="21" x="398.35" y="579.03" angle="0.00" type="DEFAULT_VEHTYPE" speed="13.60" pos="16.22" lane="2/3to2/2_0" slope="0.00"/>
        <vehicle id="23" x="323.68" y="598.35" angle="90.00" type="DEFAULT_VEHTYPE" speed="13.39" pos="118.93" lane="1/3to2/3_0" slope="0.00"/>
        <vehicle id="25" x="742.85" y="601.65" angle="-90.00" type="DEFAULT_VEHTYPE" speed="12.99" pos="57.15" lane="4/3to3/3_0" slope="0.00"/>
        <vehicle id="27" x="398.35" y="426.15" angle="0.00" type="DEFAULT_VEHTYPE" speed="13.08" pos="169.10" lane="2/3to2/2_0" slope="0.00"/>
        <vehicle id="29" x="210.44" y="401.65" angle="-90.00" type="DEFAULT_VEHTYPE" speed="3.05" pos="184.81" lane="2/2to1/2_0" slope="0.00"/>
        <vehicle id="3" x="201.65" y="275.01" angle="180.00" type="DEFAULT_VEHTYPE" speed="13.51" pos="70.26" lane="1/1to1/2_0" slope="0.00"/>
        <vehicle id="32" x="715.49" y="601.65" angle="-90.00" type="DEFAULT_VEHTYPE" speed="13.71" pos="84.51" lane="4/3to3/3_0" slope="0.00"/>
        <vehicle id="37" x="412.50" y="198.35" angle="90.00" type="DEFAULT_VEHTYPE" speed="9.25" pos="7.75" lane="2/1to3/1_0" slope="0.00"/>
        <vehicle id="38" x="201.65" y="555.42" angle="180.00" type="DEFAULT_VEHTYPE" speed="13.72" pos="150.67" lane="1/2to1/3_0" slope="0.00"/>
        <vehicle id="4" x="374.67" y="198.35" angle="90.00" type="DEFAULT_VEHTYPE" speed="11.18" pos="169.92" lane="1/1to2/1_0" slope="0.00"/>
        <vehicle id="41" x="401.65" y="647.18" angle="180.00" type="DEFAULT_VEHTYPE" speed="13.60" pos="42.43" lane="2/3to2/4_0" slope="0.00"/>
        <vehicle id="42" x="231.34" y="198.35" angle="90.00" type="DEFAULT_VEHTYPE" speed="13.27" pos="26.59" lane="1/1to2/1_0" slope="0.00"/>
        <vehicle id="43" x="164.51" y="398.35" angle="90.00" type="DEFAULT_VEHTYPE" speed="12.61" pos="164.51" lane="0/2to1/2_0" slope="0.00"/>
        <vehicle id="44" x="623.40" y="198.35" angle="90.00" type="DEFAULT_VEHTYPE" speed="10.81" pos="18.65" lane="3/1to4/1_0" slope="0.00"/>
        <vehicle id="46" x="398.35" y="268.84" angle="0.00" type="DEFAULT_VEHTYPE" speed="13.36" pos="126.41" lane="2/2to2/1_0" slope="0.00"/>
        <vehicle id="47" x="394.67" y="598.35" angle="90.00" type="DEFAULT_VEHTYPE" speed="2.34" pos="189.92" lane="1/3to2/3_0" slope="0.00"/>
        <vehicle id="49" x="401.65" y="744.14" angle="180.00" type="DEFAULT_VEHTYPE" speed="12.68" pos="139.39" lane="2/3to2/4_0" slope="0.00"/>
        <vehicle id="6" x="398.35" y="730.80" angle="0.00" type="DEFAULT_VEHTYPE" speed="13.68" pos="69.20" lane="2/4to2/3_0" slope="0.00"/>
    </timestep>
    <timestep time="417.00">
        <vehicle id="1" x="230.44" y="598.35" angle="90.00" type="DEFAULT_VEHTYPE" speed="12.92" pos="25.69" lane="1/3to2/3_0" slope="0.00"/>
        <vehicle id="11" x="112.99" y="401.65" angle="-90.00" type="DEFAULT_VEHTYPE" speed="13.13" pos="82.26" lane="1/2to0/2_0" slope="0.00"/>
        <vehicle id="13" x="319.55" y="401.65" angle="-90.00" type="DEFAULT_VEHTYPE" speed="12.86" pos="75.70" lane="2/2to1/2_0" slope="0.00"/>
        <vehicle id="17" x="166.56" y="401.65" angle="-90.00" type="DEFAULT_VEHTYPE" speed="12.11" pos="28.69" lane="1/2to0/2_0" slope="0.00"/>
        <vehicle id="2" x="398.35" y="99.45" angle="0.00" type="DEFAULT_VEHTYPE" speed="13.75" pos="95.80" lane="2/1to2/0_0" slope="0.00"/>
        <vehicle id="21" x="398.35" y="565.21" angle="0.00" type="DEFAULT_VEHTYPE" speed="13.82" pos="30.04" lane="2/3to2/2_0" slope="0.00"/>
        <vehicle id="23" x="336.81" y="598.35" angle="90.00" type="DEFAULT_VEHTYPE" speed="13.13" pos="132.06" lane="1/3to2/3_0" slope="0.00"/>
        <vehicle id="25" x="730.20" y="601.65" angle="-90.00" type="DEFAULT_VEHTYPE" speed="12.65" pos="69.80" lane="4/3to3/3_0" slope="0.00"/>
        <vehicle id="27" x="398.35" y="413.29" angle="0.00" type="DEFAULT_VEHTYPE" speed="12.86" pos="181.96" lane="2/3to2/2_0" slope="0.00"/>
        <vehicle id="29" x="205.90" y="401.65" angle="-90.00" type="DEFAULT_VEHTYPE" speed="4.54" pos="189.35" lane="2/2to1/2_0" slope="0.00"/>
        <vehicle id="3" x="201.65" y="288.86" angle="180.00" type="DEFAULT_VEHTYPE" speed="13.85" pos="84.11" lane="1/1to1/2_0" slope="0.00"/>
        <vehicle id="32" x="702.28" y="601.65" angle="-90.00" type="DEFAULT_VEHTYPE" speed="13.21" pos="97.72" lane="4/3to3/3_0" slope="0.00"/>
        <vehicle id="37" x="423.77" y="198.35" angle="90.00" type="DEFAULT_VEHTYPE" speed="11.27" pos="19.02" lane="2/1to3/1_0" slope="0.00"/>
        <vehicle id="38" x="201.65" y="568.68" angle="180.00" type="DEFAULT_VEHTYPE" speed="13.25" pos="163.93" lane="1/2to1/3_0" slope="0.00"/>
        <vehicle id="4" x="382.57" y="198.35" angle="90.00" type="DEFAULT_VEHTYPE" speed="7.90" pos="177.82" lane="1/1to2/1_0" slope="0.00"/>
        <vehicle id="41" x="401.65" y="660.82" angle="180.00" type="DEFAULT_VEHTYPE" speed="13.64" pos="56.07" lane="2/3to2/4_0" slope="0.00"/>
        <vehicle id="42" x="245.07" y="198.35" angle="90.00" type="DEFAULT_VEHTYPE" speed="13.73" pos="40.32" lane="1/1to2/1_0" slope="0.00"/>
        <vehicle id="43" x="176.00" y="398.35" angle="90.00" type="DEFAULT_VEHTYPE" speed="11.48" pos="176.00" lane="0/2to1/2_0" slope="0.00"/>
        <vehicle id="44" x="636.13" y="198.35" angle="90.00" type="DEFAULT_VEHTYPE" speed="12.73" pos="31.38" lane="3/1to4/1_0" slope="0.00"/>
        <vehicle id="46" x="398.35" y="255.33" angle="0.00" type="DEFAULT_VEHTYPE" speed="13.51" pos="139.92" lane="2/2to2/1_0" slope="0.00"/>
        <vehicle id="47" x="398.88" y="599.25" angle="100.52" type="DEFAULT_VEHTYPE" speed="4.37" pos="3.80" lane=":2/3_14_0" slope="0.00"/>
        <vehicle id="49" x="401.65" y="756.97" angle="180.00" type="DEFAULT_VEHTYPE" speed="12.83" pos="152.22" lane="2/3to2/4_0" slope="0.00"/>
        <vehicle id="6" x="398.35" y="717.34" angle="0.00" type="DEFAULT_VEHTYPE" speed="13.46" pos="82.66" lane="2/4to2/3_0" slope="0.00"/>
    </timestep>
    <timestep time="418.00">
        <vehicle id="1" x="243.55" y="598.35" angle="90.00" type="DEFAULT_VEHTYPE" speed="13.11" pos="38.80" lane="1/3to2/3_0" slope="0.00"/>
        <vehicle id="11" x="100.00" y="401.65" angle="-90.00" type="DEFAULT_VEHTYPE" speed="12.99" pos="95.25" lane="1/2to0/2_0" slope="0.00"/>
        <vehicle id="13" x="305.67" y="401.65" angle="-90.00" type="DEFAULT_VEHTYPE" speed="13.87" pos="89.58" lane="2/2to1/2_0" slope="0.00"/>
        <vehicle id="17" x="153.41" y="401.65" angle="-90.00" type="DEFAULT_VEHTYPE" speed="13.15" pos="41.84" lane="1/2to0/2_0" slope="0.00"/>
        <vehicle id="2" x="398.35" y="86.71" angle="0.00" type="DEFAULT_VEHTYPE" speed="12.74" pos="108.54" lane="2/1to2/0_0" slope="0.00"/>
        <vehicle id="21" x="398.35" y="552.58" angle="0.00" type="DEFAULT_VEHTYPE" speed="12.63" pos="42.67" lane="2/3to2/2_0" slope="0.00"/>
        <vehicle id="23" x="349.82" y="598.35" angle="90.00" type="DEFAULT_VEHTYPE" speed="13.01" pos="145.07" lane="1/3to2/3_0" slope="0.00"/>
        <vehicle id="25" x="716.37" y="601.65" angle="-90.00" type="DEFAULT_VEHTYPE" speed="13.83" pos="83.63" lane="4/3to3/3_0" slope="0.00"/>
        <vehicle id="27" x="398.35" y="400.40" angle="0.00" type="DEFAULT_VEHTYPE" speed="12.89" pos="4.35" lane=":2/2_1_0" slope="0.00"/>
        <vehicle id="29" x="199.75" y="399.72" angle="-67.43" type="DEFAULT_VEHTYPE" speed="6.70" pos="5.55" lane=":1/2_6_0" slope="0.00"/>
        <vehicle id="3" x="201.65" y="302.58" angle="180.00" type="DEFAULT_VEHTYPE" speed="13.73" pos="97.83" lane="1/1to1/2_0" slope="0.00"/>
        <vehicle id="32" x="689.13" y="601.65" angle="-90.00" type="DEFAULT_VEHTYPE" speed="13.14" pos="110.87" lane="4/3to3/3_0" slope="0.00"/>
        <vehicle id="37" x="436.96" y="198.35" angle="90.00" type="DEFAULT_VEHTYPE" speed="13.19" pos="32.21" lane="2/1to3/1_0" slope="0.00"/>
        <vehicle id="38" x="201.65" y="581.49" angle="180.00" type="DEFAULT_VEHTYPE" speed="12.81" pos="176.74" lane="1/2to1/3_0" slope="0.00"/>
        <vehicle id="4" x="388.11" y="198.35" angle="90.00" type="DEFAULT_VEHTYPE" speed="5.54" pos="183.36" lane="1/1to2/1_0" slope="0.00"/>
        <vehicle id="41" x="401.65" y="674.70" angle="180.00" type="DEFAULT_VEHTYPE" speed="13.88" pos="69.95" lane="2/3to2/4_0" slope="0.00"/>
        <vehicle id="42" x="258.03" y="198.35" angle="90.00" type="DEFAULT_VEHTYPE" speed="12.96" pos="53.28" lane="1/1to2/1_0" slope="0.00"/>
        <vehicle id="43" x="183.42" y="398.35" angle="90.00" type="DEFAULT_VEHTYPE" speed="7.43" pos="183.42" lane="0/2to1/2_0" slope="0.00"/>
        <vehicle id="44" x="649.92" y="198.35" angle="90.00" type="DEFAULT_VEHTYPE" speed="13.78" pos="45.17" lane="3/1to4/1_0" slope="0.00"/>
        <vehicle id="46" x="398.35" y="242.08" angle="0.00" type="DEFAULT_VEHTYPE" speed="13.25" pos="153.17" lane="2/2to2/1_0" slope="0.00"/>
        <vehicle id="47" x="401.60" y="604.40" angle="159.31" type="DEFAULT_VEHTYPE" speed="6.17" pos="9.96" lane=":2/3_14_0" slope="0.00"/>
        <vehicle id="49" x="401.65" y="769.95" angle="180.00" type="DEFAULT_VEHTYPE" speed="12.97" pos="165.20" lane="2/3to2/4_0" slope="0.00"/>
        <vehicle id="6" x="398.35" y="704.56" angle="0.00" type="DEFAULT_VEHTYPE" speed="12.78" pos="95.44" lane="2/4to2/3_0" slope="0.00"/>
    </timestep>
    <timestep time="419.00">
        <vehicle id="1" x="256.22" y="598.35" angle="90.00" type="DEFAULT_VEHTYPE" speed="12.68" pos="51.47" lane="1/3to2/3_0" slope="0.00"/>
        <vehicle id="11" x="86.29" y="401.65" angle="-90.00" type="DEFAULT_VEHTYPE" speed="13.71" pos="108.96" lane="1/2to0/2_0" slope="0.00"/>
        <vehicle id="13" x="292.20" y="401.65" angle="-90.00" type="DEFAULT_VEHTYPE" speed="13.47" pos="103.05" lane="2/2to1/2_0" slope="0.00"/>
        <vehicle id="17" x="140.77" y="401.65" angle="-90.00" type="DEFAULT_VEHTYPE" speed="12.64" pos="54.48" lane="1/2to0/2_0" slope="0.00"/>
        <vehicle id="2" x="398.35" y="73.53" angle="0.00" type="DEFAULT_VEHTYPE" speed="13.18" pos="121.72" lane="2/1to2/0_0" slope="0.00"/>
        <vehicle id="21" x="398.35" y="539.18" angle="0.00" type="DEFAULT_VEHTYPE" speed="13.40" pos="56.07" lane="2/3to2/2_0" slope="0.00"/>
        <vehicle id="23" x="363.65" y="598.35" angle="90.00" type="DEFAULT_VEHTYPE" speed="13.83" pos="158.90" lane="1/3to2/3_0" slope="0.00"/>
        <vehicle id="25" x="703.30" y="601.65" angle="-90.00" type="DEFAULT_VEHTYPE" speed="13.07" pos="96.70" lane="4/3to3/3_0" slope="0.00"/>
        <vehicle id="27" x="398.35" y="386.73" angle="0.00" type="DEFAULT_VEHTYPE" speed="13.67" pos="8.52" lane="2/2to2/1_0" slope="0.00"/>
        <vehicle id="29" x="198.35" y="391.01" angle="-1.24" type="DEFAULT_VEHTYPE" speed="9.01" pos="4.24" lane="1/2to1/1_0" slope="0.00"/>
        <vehicle id="3" x="201.65" y="315.98" angle="180.00" type="DEFAULT_VEHTYPE" speed="13.40" pos="111.23" lane="1/1to1/2_0" slope="0.00"/>
        <vehicle id="32" x="675.55" y="601.65" angle="-90.00" type="DEFAULT_VEHTYPE" speed="13.58" pos="124.45" lane="4/3to3/3_0" slope="0.00"/>
        <vehicle id="37" x="450.81" y="198.35" angle="90.00" type="DEFAULT_VEHTYPE" speed="13.85" pos="46.06" lane="2/1to3/1_0" slope="0.00"/>
        <vehicle id="38" x="201.65" y="594.64" angle="180.00" type="DEFAULT_VEHTYPE" speed="13.15" pos="189.89" lane="1/2to1/3_0" slope="0.00"/>
        <vehicle id="4" x="391.27" y="198.35" angle="90.00" type="DEFAULT_VEHTYPE" speed="3.16" pos="186.52" lane="1/1to2/1_0" slope="0.00"/>
        <vehicle id="41" x="401.65" y="687.85" angle="180.00" type="DEFAULT_VEHTYPE" speed="13.15" pos="83.10" lane="2/3to2/4_0" slope="0.00"/>
        <vehicle id="42" x="271.65" y="198.35" angle="90.00" type="DEFAULT_VEHTYPE" speed="13.63" pos="66.90" lane="1/1to2/1_0" slope="0.00"/>
        <vehicle id="43" x="188.39" y="398.35" angle="90.00" type="DEFAULT_VEHTYPE" speed="4.97" pos="188.39" lane="0/2to1/2_0" slope="0.00"/>
        <vehicle id="44" x="663.58" y="198.35" angle="90.00" type="DEFAULT_VEHTYPE" speed="13.67" pos="58.83" lane="3/1to4/1_0" slope="0.00"/>
        <vehicle id="46" x="398.35" y="228.89" angle="0.00" type="DEFAULT_VEHTYPE" speed="13.20" pos="166.36" lane="2/2to2/1_0" slope="0.00"/>
        <vehicle id="47" x="401.65" y="612.76" angle="180.00" type="DEFAULT_VEHTYPE" speed="8.36" pos="8.01" lane="2/3to2/4_0" slope="0.00"/>
        <vehicle id="49" x="401.65" y="782.62" angle="180.00" type="DEFAULT_VEHTYPE" speed="12.68" pos="177.87" lane="2/3to2/4_0" slope="0.00"/>
        <vehicle id="6" x="398.35" y="691.51" angle="0.00" type="DEFAULT_VEHTYPE" speed="13.05" pos="108.49" lane="2/4to2/3_0" slope="0.00"/>
    </timestep>
    <timestep time="420.00">
        <vehicle id="1" x="269.46" y="598.35" angle="90.00" type="DEFAULT_VEHTYPE" speed="13.23" pos="64.71" lane="1/3to2/3_0" slope="0.00"/>
        <vehicle id="11" x="73.65" y="401.65" angle="-90.00" type="DEFAULT_VEHTYPE" speed="12.65" pos="121.60" lane="1/2to0/2_0" slope="0.00"/>
        <vehicle id="13" x="278.54" y="401.65" angle="-90.00" type="DEFAULT_VEHTYPE" speed="13.67" pos="116.71" lane="2/2to1/2_0" slope="0.00"/>
        <vehicle id="17" x="127.49" y="401.65" angle="-90.00" type="DEFAULT_VEHTYPE" speed="13.28" pos="67.76" lane="1/2to0/2_0" slope="0.00"/>
        <vehicle id="2" x="398.35" y="60.19" angle="0.00" type="DEFAULT_VEHTYPE" speed="13.34" pos="135.06" lane="2/1to2/0_0" slope="0.00"/>
        <vehicle id="21" x="398.35" y="525.59" angle="0.00" type="DEFAULT_VEHTYPE" speed="13.59" pos="69.66" lane="2/3to2/2_0" slope="0.00"/>
        <vehicle id="23" x="375.02" y="598.35" angle="90.00" type="DEFAULT_VEHTYPE" speed="11.37" pos="170.27" lane="1/3to2/3_0" slope="0.00"/>
        <vehicle id="25" x="690.40" y="601.65" angle="-90.00" type="DEFAULT_VEHTYPE" speed="12.90" pos="109.60" lane="4/3to3/3_0" slope="0.00"/>
        <vehicle id="27" x="398.35" y="373.84" angle="0.00" type="DEFAULT_VEHTYPE" speed="12.89" pos="21.41" lane="2/2to2/1_0" slope="0.00"/>
        <vehicle id="29" x="198.35" y="380.46" angle="0.00" type="DEFAULT_VEHTYPE" speed="10.55" pos="14.79" lane="1/2to1/1_0" slope="0.00"/>
        <vehicle id="3" x="201.65" y="329.30" angle="180.00" type="DEFAULT_VEHTYPE" speed="13.32" pos="124.55" lane="1/1to1/2_0" slope="0.00"/>
        <vehicle id="32" x="662.25" y="601.65" angle="-90.00" type="DEFAULT_VEHTYPE" speed="13.30" pos="137.75" lane="4/3to3/3_0" slope="0.00"/>
        <vehicle id="37" x="463.98" y="198.35" angle="90.00" type="DEFAULT_VEHTYPE" speed="13.17" pos="59.23" lane="2/1to3/1_0" slope="0.00"/>
        <vehicle id="38" x="212.41" y="598.35" angle="90.00" type="DEFAULT_VEHTYPE" speed="13.26" pos="7.66" lane="1/3to2/3_0" slope="0.00"/>
        <vehicle id="4" x="396.93" y="198.35" angle="90.00" type="DEFAULT_VEHTYPE" speed="5.66" pos="1.68" lane=":2/1_13_0" slope="0.00"/>
        <vehicle id="41" x="401.65" y="700.97" angle="180.00" type="DEFAULT_VEHTYPE" speed="13.12" pos="96.22" lane="2/3to2/4_0" slope="0.00"/>
        <vehicle id="42" x="285.08" y="198.35" angle="90.00" type="DEFAULT_VEHTYPE" speed="13.42" pos="80.33" lane="1/1to2/1_0" slope="0.00"/>
        <vehicle id="43" x="194.84" y="398.35" angle="90.00" type="DEFAULT_VEHTYPE" speed="6.46" pos="194.84" lane="0/2to1/2_0" slope="0.00"/>
        <vehicle id="44" x="677.40" y="198.35" angle="90.00" type="DEFAULT_VEHTYPE" speed="13.81" pos="72.65" lane="3/1to4/1_0" slope="0.00"/>
        <vehicle id="46" x="398.35" y="215.85" angle="0.00" type="DEFAULT_VEHTYPE" speed="13.04" pos="179.40" lane="2/2to2/1_0" slope="0.00"/>
        <vehicle id="47" x="401.65" y="622.96" angle="180.00" type="DEFAULT_VEHTYPE" speed="10.20" pos="18.21" lane="2/3to2/4_0" slope="0.00"/>
        <vehicle id="49" x="401.65" y="795.72" angle="180.00" type="DEFAULT_VEHTYPE" speed="13.10" pos="190.97" lane="2/3to2/4_0" slope="0.00"/>
        <vehicle id="6" x="398.35" y="678.73" angle="0.00" type="DEFAULT_VEHTYPE" speed="12.78" pos="121.27" lane="2/4to2/3_0" slope="0.00"/>
    </timestep>
    <timestep time="421.00">
        <vehicle id="1" x="282.50" y="598.35" angle="90.00" type="DEFAULT_VEHTYPE" speed="13.04" pos="77.75" lane="1/3to2/3_0" slope="0.00"/>
        <vehicle id="11" x="60.68" y="401.65" angle="-90.00" type="DEFAULT_VEHTYPE" speed="12.97" pos="134.57" lane="1/2to0/2_0" slope="0.00"/>
        <vehicle id="13" x="264.81" y="401.65" angle="-90.00" type="DEFAULT_VEHTYPE" speed="13.73" pos="130.44" lane="2/2to1/2_0" slope="0.00"/>
        <vehicle id="17" x="114.00" y="401.65" angle="-90.00" type="DEFAULT_VEHTYPE" speed="13.49" pos="81.25" lane="1/2to0/2_0" slope="0.00"/>
        <vehicle id="2" x="398.35" y="46.97" angle="0.00" type="DEFAULT_VEHTYPE" speed="13.22" pos="148.28" lane="2/1to2/0_0" slope="0.00"/>
        <vehicle id="21" x="398.35" y="512.76" angle="0.00" type="DEFAULT_VEHTYPE" speed="12.83" pos="82.49" lane="2/3to2/2_0" slope="0.00"/>
        <vehicle id="23" x="382.64" y="598.35" angle="90.00" type="DEFAULT_VEHTYPE" speed="7.63" pos="177.89" lane="1/3to2/3_0" slope="0.00"/>
        <vehicle id="25" x="677.63" y="601.65" angle="-90.00" type="DEFAULT_VEHTYPE" speed="12.77" pos="122.37" lane="4/3to3/3_0" slope="0.00"/>
        <vehicle id="27" x="398.35" y="360.94" angle="0.00" type="DEFAULT_VEHTYPE" speed="12.90" pos="34.31" lane="2/2to2/1_0" slope="0.00"/>
        <vehicle id="29" x="198.35" y="367.37" angle="0.00" type="DEFAULT_VEHTYPE" speed="13.09" pos="27.88" lane="1/2to1/1_0" slope="0.00"/>
        <vehicle id="3" x="201.65" y="342.19" angle="180.00" type="DEFAULT_VEHTYPE" speed="12.89" pos="137.44" lane="1/1to1/2_0" slope="0.00"/>
        <vehicle id="32" x="648.71" y="601.65" angle="-90.00" type="DEFAULT_VEHTYPE" speed="13.53" pos="151.29" lane="4/3to3/3_0" slope="0.00"/>
        <vehicle id="37" x="477.69" y="198.35" angle="90.00" type="DEFAULT_VEHTYPE" speed="13.72" pos="72.94" lane="2/1to3/1_0" slope="0.00"/>
        <vehicle id="38" x="225.10" y="598.35" angle="90.00" type="DEFAULT_VEHTYPE" speed="12.70" pos="20.35" lane="1/3to2/3_0" slope="0.00"/>
        <vehicle id="4" x="404.05" y="198.35" angle="90.00" type="DEFAULT_VEHTYPE" speed="7.11" pos="8.80" lane=":2/1_13_0" slope="0.00"/>
        <vehicle id="41" x="401.65" y="714.06" angle="180.00" type="DEFAULT_VEHTYPE" speed="13.09" pos="109.31" lane="2/3to2/4_0" slope="0.00"/>
        <vehicle id="42" x="298.42" y="198.35" angle="90.00" type="DEFAULT_VEHTYPE" speed="13.34" pos="93.67" lane="1/1to2/1_0" slope="0.00"/>
        <vehicle id="43" x="201.39" y="402.94" angle="144.19" type="DEFAULT_VEHTYPE" speed="8.89" pos="8.49" lane=":1/2_14_0" slope="0.00"/>
        <vehicle id="44" x="690.13" y="198.35" angle="90.00" type="DEFAULT_VEHTYPE" speed="12.73" pos="85.38" lane="3/1to4/1_0" slope="0.00"/>
        <vehicle id="46" x="397.86" y="202.90" angle="-5.63" type="DEFAULT_VEHTYPE" speed="13.04" pos="1.95" lane=":2/1_0_0" slope="0.00"/>
        <vehicle id="47" x="401.65" y="634.70" angle="180.00" type="DEFAULT_VEHTYPE" speed="11.74" pos="29.95" lane="2/3to2/4_0" slope="0.00"/>
        <vehicle id="49" x="398.35" y="796.23" angle="-8.16" type="DEFAULT_VEHTYPE" speed="12.87" pos="3.77" lane="2/4to2/3_0" slope="0.00"/>
        <vehicle id="6" x="398.35" y="666.13" angle="0.00" type="DEFAULT_VEHTYPE" speed="12.60" pos="133.87" lane="2/4to2/3_0" slope="0.00"/>
    </timestep>
    <timestep time="422.00">
        <vehicle id="1" x="295.74" y="598.35" angle="90.00" type="DEFAULT_VEHTYPE" speed="13.24" pos="90.99" lane="1/3to2/3_0" slope="0.00"/>
        <vehicle id="11" x="47.46" y="401.65" angle="-90.00" type="DEFAULT_VEHTYPE" speed="13.21" pos="147.79" lane="1/2to0/2_0" slope="0.00"/>
        <vehicle id="13" x="251.23" y="401.65" angle="-90.00" type="DEFAULT_VEHTYPE" speed="13.58" pos="144.02" lane="2/2to1/2_0" slope="0.00"/>
        <vehicle id="17" x="101.10" y="401.65" angle="-90.00" type="DEFAULT_VEHTYPE" speed="12.91" pos="94.15" lane="1/2to0/2_0" slope="0.00"/>
        <vehicle id="2" x="398.35" y="34.29" angle="0.00" type="DEFAULT_VEHTYPE" speed="12.69" pos="160.96" lane="2/1to2/0_0" slope="0.00"/>
        <vehicle id="21" x="398.35" y="500.13" angle="0.00" type="DEFAULT_VEHTYPE" speed="12.63" pos="95.12" lane="2/3to2/2_0" slope="0.00"/>
        <vehicle id="23" x="388.28" y="598.35" angle="90.00" type="DEFAULT_VEHTYPE" speed="5.64" pos="183.53" lane="1/3to2/3_0" slope="0.00"/>
        <vehicle id="25" x="664.19" y="601.65" angle="-90.00" type="DEFAULT_VEHTYPE" speed="13.43" pos="135.81" lane="4/3to3/3_0" slope="0.00"/>
        <vehicle id="27" x="398.35" y="347.90" angle="0.00" type="DEFAULT_VEHTYPE" speed="13.04" pos="47.35" lane="2/2to2/1_0" slope="0.00"/>
        <vehicle id="29" x="198.35" y="354.49" angle="0.00" type="DEFAULT_VEHTYPE" speed="12.87" pos="40.76" lane="1/2to1/1_0" slope="0.00"/>
        <vehicle id="3" x="201.65" y="355.37" angle="180.00" type="DEFAULT_VEHTYPE" speed="13.17" pos="150.62" lane="1/1to1/2_0" slope="0.00"/>
        <vehicle id="32" x="635.49" y="601.65" angle="-90.00" type="DEFAULT_VEHTYPE" speed="13.22" pos="164.51" lane="4/3to3/3_0" slope="0.00"/>
        <vehicle id="37" x="491.41" y="198.35" angle="90.00" type="DEFAULT_VEHTYPE" speed="13.72" pos="86.66" lane="2/1to3/1_0" slope="0.00"/>
        <vehicle id="38" x="238.11" y="598.35" angle="90.00" type="DEFAULT_VEHTYPE" speed="13.01" pos="33.36" lane="1/3to2/3_0" slope="0.00"/>
        <vehicle id="4" x="413.21" y="198.35" angle="90.00" type="DEFAULT_VEHTYPE" speed="9.16" pos="8.46" lane="2/1to3/1_0" slope="0.00"/>
        <vehicle id="41" x="401.65" y="727.36" angle="180.00" type="DEFAULT_VEHTYPE" speed="13.30" pos="122.61" lane="2/3to2/4_0" slope="0.00"/>
        <vehicle id="42" x="311.73" y="198.35" angle="90.00" type="DEFAULT_VEHTYPE" speed="13.31" pos="106.98" lane="1/1to2/1_0" slope="0.00"/>
        <vehicle id="43" x="201.65" y="414.02" angle="180.00" type="DEFAULT_VEHTYPE" speed="11.10" pos="9.27" lane="1/2to1/3_0" slope="0.00"/>
        <vehicle id="44" x="703.56" y="198.35" angle="90.00" type="DEFAULT_VEHTYPE" speed="13.44" pos="98.81" lane="3/1to4/1_0" slope="0.00"/>
        <vehicle id="46" x="384.98" y="201.65" angle="-90.00" type="DEFAULT_VEHTYPE" speed="13.33" pos="10.27" lane="2/1to1/1_0" slope="0.00"/>
        <vehicle id="47" x="401.65" y="648.38" angle="180.00" type="DEFAULT_VEHTYPE" speed="13.68" pos="43.63" lane="2/3to2/4_0" slope="0.00"/>
        <vehicle id="49" x="398.35" y="783.13" angle="0.00" type="DEFAULT_VEHTYPE" speed="13.10" pos="16.87" lane="2/4to2/3_0" slope="0.00"/>
        <vehicle id="6" x="398.35" y="652.65" angle="0.00" type="DEFAULT_VEHTYPE" speed="13.49" pos="147.35" lane="2/4to2/3_0" slope="0.00"/>
    </timestep>
    <timestep time="423.00">
        <vehicle id="1" x="309.53" y="598.35" angle="90.00" type="DEFAULT_VEHTYPE" speed="13.79" pos="104.78" lane="1/3to2/3_0" slope="0.00"/>
        <vehicle id="11" x="33.95" y="401.65" angle="-90.00" type="DEFAULT_VEHTYPE" speed="13.52" pos="161.30" lane="1/2to0/2_0" slope="0.00"/>
        <vehicle id="13" x="237.93" y="401.65" angle="-90.00" type="DEFAULT_VEHTYPE" speed="13.30" pos="157.32" lane="2/2to1/2_0" slope="0.00"/>
        <vehicle id="17" x="87.82" y="401.65" angle="-90.00" type="DEFAULT_VEHTYPE" speed="13.28" pos="107.43" lane="1/2to0/2_0" slope="0.00"/>
        <vehicle id="2" x="398.35" y="21.26" angle="0.00" type="DEFAULT_VEHTYPE" speed="13.02" pos="173.99" lane="2/1to2/0_0" slope="0.00"/>
        <vehicle id="21" x="398.35" y="486.55" angle="0.00" type="DEFAULT_VEHTYPE" speed="13.58" pos="108.70" lane="2/3to2/2_0" slope="0.00"/>
        <vehicle id="23" x="396.49" y="598.53" angle="92.03" type="DEFAULT_VEHTYPE" speed="8.22" pos="1.25" lane=":2/3_14_0" slope="0.00"/>
        <vehicle id="25" x="650.67" y="601.65" angle="-90.00" type="DEFAULT_VEHTYPE" speed="13.53" pos="149.33" lane="4/3to3/3_0" slope="0.00"/>
        <vehicle id="27" x="398.35" y="334.81" angle="0.00" type="DEFAULT_VEHTYPE" speed="13.09" pos="60.44" lane="2/2to2/1_0" slope="0.00"/>
        <vehicle id="29" x="198.35" y="341.52" angle="0.00" type="DEFAULT_VEHTYPE" speed="12.97" pos="53.73" lane="1/2to1/1_0" slope="0.00"/>
        <vehicle id="3" x="201.65" y="369.23" angle="180.00" type="DEFAULT_VEHTYPE" speed="13.86" pos="164.48" lane="1/1to1/2_0" slope="0.00"/>
        <vehicle id="32" x="624.32" y="601.65" angle="-90.00" type="DEFAULT_VEHTYPE" speed="11.16" pos="175.68" lane="4/3to3/3_0" slope="0.00"/>
        <vehicle id="37" x="504.77" y="198.35" angle="90.00" type="DEFAULT_VEHTYPE" speed="13.36" pos="100.02" lane="2/1to3/1_0" slope="0.00"/>
        <vehicle id="38" x="251.47" y="598.35" angle="90.00" type="DEFAULT_VEHTYPE" speed="13.36" pos="46.72" lane="1/3to2/3_0" slope="0.00"/>
        <vehicle id="4" x="424.86" y="198.35" angle="90.00" type="DEFAULT_VEHTYPE" speed="11.66" pos="20.11" lane="2/1to3/1_0" slope="0.00"/>
        <vehicle id="41" x="401.65" y="741.02" angle="180.00" type="DEFAULT_VEHTYPE" speed="13.66" pos="136.27" lane="2/3to2/4_0" slope="0.00"/>
        <vehicle id="42" x="325.06" y="198.35" angle="90.00" type="DEFAULT_VEHTYPE" speed="13.33" pos="120.31" lane="1/1to2/1_0" slope="0.00"/>
        <vehicle id="43" x="201.65" y="427.21" angle="180.00" type="DEFAULT_VEHTYPE" speed="13.19" pos="22.46" lane="1/2to1/3_0" slope="0.00"/>
        <vehicle id="44" x="716.93" y="198.35" angle="90.00" type="DEFAULT_VEHTYPE" speed="13.37" pos="112.18" lane="3/1to4/1_0" slope="0.00"/>
        <vehicle id="46" x="371.17" y="201.65" angle="-90.00" type="DEFAULT_VEHTYPE" speed="13.81" pos="24.08" lane="2/1to1/1_0" slope="0.00"/>
        <vehicle id="47" x="401.65" y="661.27" angle="180.00" type="DEFAULT_VEHTYPE" speed="12.89" pos="56.52" lane="2/3to2/4_0" slope="0.00"/>
        <vehicle id="49" x="398.35" y="769.38" angle="0.00" type="DEFAULT_VEHTYPE" speed="13.75" pos="30.62" lane="2/4to2/3_0" slope="0.00"/>
        <vehicle id="6" x="398.35" y="638.89" angle="0.00" type="DEFAULT_VEHTYPE" speed="13.76" pos="161.11" lane="2/4to2/3_0" slope="0.00"/>
    </timestep>
    <timestep time="424.00">
        <vehicle id="1" x="322.57" y="598.35" angle="90.00" type="DEFAULT_VEHTYPE" speed="13.04" pos="117.82" lane="1/3to2/3_0" slope="0.00"/>
        <vehicle id="11" x="20.73" y="401.65" angle="-90.00" type="DEFAULT_VEHTYPE" speed="13.22" pos="174.52" lane="1/2to0/2_0" slope="0.00"/>
        <vehicle id="13" x="225.97" y="401.65" angle="-90.00" type="DEFAULT_VEHTYPE" speed="11.96" pos="169.28" lane="2/2to1/2_0" slope="0.00"/>
        <vehicle id="17" x="74.68" y="401.65" angle="-90.00" type="DEFAULT_VEHTYPE" speed="13.14" pos="120.57" lane="1/2to0/2_0" slope="0.00"/>
        <vehicle id="2" x="398.35" y="8.48" angle="0.00" type="DEFAULT_VEHTYPE" speed="12.79" pos="186.77" lane="2/1to2/0_0" slope="0.00"/>
        <vehicle id="21" x="398.35" y="473.13" angle="0.00" type="DEFAULT_VEHTYPE" speed="13.42" pos="122.12" lane="2/3to2/2_0" slope="0.00"/>
        <vehicle id="23" x="401.65" y="605.89" angle="169.08" type="DEFAULT_VEHTYPE" speed="10.21" pos="1.14" lane="2/3to2/4_0" slope="0.00"/>
        <vehicle id="25" x="638.39" y="601.65" angle="-90.00" type="DEFAULT_VEHTYPE" speed="12.27" pos="161.61" lane="4/3to3/3_0" slope="0.00"/>
        <vehicle id="27" x="398.35" y="321.00" angle="0.00" type="DEFAULT_VEHTYPE" speed="13.80" pos="74.25" lane="2/2to2/1_0" slope="0.00"/>
        <vehicle id="29" x="198.35" y="328.18" angle="0.00" type="DEFAULT_VEHTYPE" speed="13.34" pos="67.07" lane="1/2to1/1_0" slope="0.00"/>
        <vehicle id="3" x="201.65" y="382.58" angle="180.00" type="DEFAULT_VEHTYPE" speed="13.35" pos="177.83" lane="1/1to1/2_0" slope="0.00"/>
        <vehicle id="32" x="616.93" y="601.65" angle="-90.00" type="DEFAULT_VEHTYPE" speed="7.40" pos="183.07" lane="4/3to3/3_0" slope="0.00"/>
        <vehicle id="37" x="517.49" y="198.35" angle="90.00" type="DEFAULT_VEHTYPE" speed="12.72" pos="112.74" lane="2/1to3/1_0" slope="0.00"/>
        <vehicle id="38" x="264.27" y="598.35" angle="90.00" type="DEFAULT_VEHTYPE" speed="12.81" pos="59.52" lane="1/3to2/3_0" slope="0.00"/>
        <vehicle id="4" x="438.63" y="198.35" angle="90.00" type="DEFAULT_VEHTYPE" speed="13.77" pos="33.88" lane="2/1to3/1_0" slope="0.00"/>
        <vehicle id="41" x="401.65" y="753.96" angle="180.00" type="DEFAULT_VEHTYPE" speed="12.94" pos="149.21" lane="2/3to2/4_0" slope="0.00"/>
        <vehicle id="42" x="338.96" y="198.35" angle="90.00" type="DEFAULT_VEHTYPE" speed="13.90" pos="134.21" lane="1/1to2/1_0" slope="0.00"/>
        <vehicle id="43" x="201.65" y="440.79" angle="180.00" type="DEFAULT_VEHTYPE" speed="13.59" pos="36.04" lane="1/2to1/3_0" slope="0.00"/>
        <vehicle id="44" x="730.08" y="198.35" angle="90.00" type="DEFAULT_VEHTYPE" speed="13.15" pos="125.33" lane="3/1to4/1_0" slope="0.00"/>
        <vehicle id="46" x="357.38" y="201.65" angle="-90.00" type="DEFAULT_VEHTYPE" speed="13.78" pos="37.87" lane="2/1to1/1_0" slope="0.00"/>
        <vehicle id="47" x="401.65" y="674.32" angle="180.00" type="DEFAULT_VEHTYPE" speed="13.05" pos="69.57" lane="2/3to2/4_0" slope="0.00"/>
        <vehicle id="49" x="398.35" y="755.94" angle="0.00" type="DEFAULT_VEHTYPE" speed="13.45" pos="44.06" lane="2/4to2/3_0" slope="0.00"/>
        <vehicle id="6" x="398.35" y="626.09" angle="0.00" type="DEFAULT_VEHTYPE" speed="12.80" pos="173.91" lane="2/4to2/3_0" slope="0.00"/>
    </timestep>
    <timestep time="425.00">
        <vehicle id="1" x="336.18" y="598.35" angle="90.00" type="DEFAULT_VEHTYPE" speed="13.61" pos="131.43" lane="1/3to2/3_0" slope="0.00"/>
        <vehicle id="11" x="7.44" y="401.65" angle="-90.00" type="DEFAULT_VEHTYPE" speed="13.28" pos="187.81" lane="1/2to0/2_0" slope="0.00"/>
        <vehicle id="13" x="217.38" y="401.65" angle="-90.00" type="DEFAULT_VEHTYPE" speed="8.59" pos="177.87" lane="2/2to1/2_0" slope="0.00"/>
        <vehicle id="17" x="62.01" y="401.65" angle="-90.00" type="DEFAULT_VEHTYPE" speed="12.67" pos="133.24" lane="1/2to0/2_0" slope="0.00"/>
        <vehicle id="2" x="401.63" y="-0.03" angle="85.64" type="DEFAULT_VEHTYPE" speed="13.26" pos="4.78" lane=":2/0_0_0" slope="0.00"/>
        <vehicle id="21" x="398.35" y="460.51" angle="0.00" type="DEFAULT_VEHTYPE" speed="12.62" pos="134.74" lane="2/3to2/2_0" slope="0.00"/>
        <vehicle id="23" x="401.65" y="618.60" angle="180.00" type="DEFAULT_VEHTYPE" speed="12.71" pos="13.85" lane="2/3to2/4_0" slope="0.00"/>
        <vehicle id="25" x="629.05" y="601.65" angle="-90.00" type="DEFAULT_VEHTYPE" speed="9.35" pos="170.95" lane="4/3to3/3_0" slope="0.00"/>
        <vehicle id="27" x="398.35" y="308.06" angle="0.00" type="DEFAULT_VEHTYPE" speed="12.95" pos="87.19" lane="2/2to2/1_0" slope="0.00"/>
        <vehicle id="29" x="198.35" y="314.88" angle="0.00" type="DEFAULT_VEHTYPE" speed="13.30" pos="80.37" lane="1/2to1/1_0" slope="0.00"/>
        <vehicle id="3" x="201.65" y="396.08" angle="180.00" type="DEFAULT_VEHTYPE" speed="13.50" pos="0.83" lane=":1/2_9_0" slope="0.00"/>
        <vehicle id="32" x="611.10" y="601.65" angle="-90.00" type="DEFAULT_VEHTYPE" speed="5.83" pos="188.90" lane="4/3to3/3_0" slope="0.00"/>
        <vehicle id="37" x="530.58" y="198.35" angle="90.00" type="DEFAULT_VEHTYPE" speed="13.09" pos="125.83" lane="2/1to3/1_0" slope="0.00"/>
        <vehicle id="38" x="277.87" y="598.35" angle="90.00" type="DEFAULT_VEHTYPE" speed="13.60" pos="73.12" lane="1/3to2/3_0" slope="0.00"/>
        <vehicle id="4" x="451.92" y="198.35" angle="90.00" type="DEFAULT_VEHTYPE" speed="13.29" pos="47.17" lane="2/1to3/1_0" slope="0.00"/>
        <vehicle id="41" x="401.65" y="766.57" angle="180.00" type="DEFAULT_VEHTYPE" speed="12.60" pos="161.82" lane="2/3to2/4_0" slope="0.00"/>
        <vehicle id="42" x="352.82" y="198.35" angle="90.00" type="DEFAULT_VEHTYPE" speed="13.86" pos="148.07" lane="1/1to2/1_0" slope="0.00"/>
        <vehicle id="43" x="201.65" y="454.19" angle="180.00" type="DEFAULT_VEHTYPE" speed="13.39" pos="49.44" lane="1/2to1/3_0" slope="0.00"/>
        <vehicle id="44" x="743.80" y="198.35" angle="90.00" type="DEFAULT_VEHTYPE" speed="13.72" pos="139.05" lane="3/1to4/1_0" slope="0.00"/>
        <vehicle id="46" x="343.61" y="201.65" angle="-90.00" type="DEFAULT_VEHTYPE" speed="13.77" pos="51.64" lane="2/1to1/1_0" slope="0.00"/>
        <vehicle id="47" x="401.65" y="687.64" angle="180.00" type="DEFAULT_VEHTYPE" speed="13.32" pos="82.89" lane="2/3to2/4_0" slope="0.00"/>
        <vehicle id="49" x="398.35" y="743.15" angle="0.00" type="DEFAULT_VEHTYPE" speed="12.78" pos="56.85" lane="2/4to2/3_0" slope="0.00"/>
        <vehicle id="6" x="398.35" y="612.42" angle="0.00" type="DEFAULT_VEHTYPE" speed="13.67" pos="187.58" lane="2/4to2/3_0" slope="0.00"/>
    </timestep>
    <timestep time="426.00">
        <vehicle id="1" x="349.26" y="598.35" angle="90.00" type="DEFAULT_VEHTYPE" speed="13.08" pos="144.51" lane="1/3to2/3_0" slope="0.00"/>
        <vehicle id="11" x="1.31" y="398.35" angle="40.20" type="DEFAULT_VEHTYPE" speed="13.58" pos="1.31" lane="0/2to1/2_0" slope="0.00"/>
        <vehicle id="13" x="212.54" y="401.65" angle="-90.00" type="DEFAULT_VEHTYPE" speed="4.85" pos="182.71" lane="2/2to1/2_0" slope="0.00"/>
        <vehicle id="17" x="49.03" y="401.65" angle="-90.00" type="DEFAULT_VEHTYPE" speed="12.98" pos="146.22" lane="1/2to0/2_0" slope="0.00"/>
        <vehicle id="2" x="401.65" y="13.53" angle="180.00" type="DEFAULT_VEHTYPE" speed="13.57" pos="13.53" lane="2/0to2/1_0" slope="0.00"/>
        <vehicle id="21" x="398.35" y="447.64" angle="0.00" type="DEFAULT_VEHTYPE" speed="12.87" pos="147.61" lane="2/3to2/2_0" slope="0.00"/>
        <vehicle id="23" x="401.65" y="631.42" angle="180.00" type="DEFAULT_VEHTYPE" speed="12.82" pos="26.67" lane="2/3to2/4_0" slope="0.00"/>
        <vehicle id="25" x="621.84" y="601.65" angle="-90.00" type="DEFAULT_VEHTYPE" speed="7.21" pos="178.16" lane="4/3to3/3_0" slope="0.00"/>
        <vehicle id="27" x="398.35" y="294.48" angle="0.00" type="DEFAULT_VEHTYPE" speed="13.58" pos="100.77" lane="2/2to2/1_0" slope="0.00"/>
        <vehicle id="29" x="198.35" y="301.73" angle="0.00" type="DEFAULT_VEHTYPE" speed="13.15" pos="93.52" lane="1/2to1/1_0" slope="0.00"/>
        <vehicle id="3" x="201.65" y="409.06" angle="180.00" type="DEFAULT_VEHTYPE" speed="12.98" pos="4.31" lane="1/2to1/3_0" slope="0.00"/>
        <vehicle id="32" x="603.83" y="601.52" angle="-88.49" type="DEFAULT_VEHTYPE" speed="7.28" pos="0.93" lane=":3/3_6_0" slope="0.00"/>
        <vehicle id="37" x="543.61" y="198.35" angle="90.00" type="DEFAULT_VEHTYPE" speed="13.02" pos="138.86" lane="2/1to3/1_0" slope="0.00"/>
        <vehicle id="38" x="291.21" y="598.35" angle="90.00" type="DEFAULT_VEHTYPE" speed="13.34" pos="86.46" lane="1/3to2/3_0" slope="0.00"/>
        <vehicle id="4" x="465.59" y="198.35" angle="90.00" type="DEFAULT_VEHTYPE" speed="13.67" pos="60.84" lane="2/1to3/1_0" slope="0.00"/>
        <vehicle id="41" x="401.65" y="779.35" angle="180.00" type="DEFAULT_VEHTYPE" speed="12.78" pos="174.60" lane="2/3to2/4_0" slope="0.00"/>
        <vehicle id="42" x="366.68" y="198.35" angle="90.00" type="DEFAULT_VEHTYPE" speed="13.86" pos="161.93" lane="1/1to2/1_0" slope="0.00"/>
        <vehicle id="43" x="201.65" y="467.73" angle="180.00" type="DEFAULT_VEHTYPE" speed="13.55" pos="62.98" lane="1/2to1/3_0" slope="0.00"/>
        <vehicle id="44" x="756.43" y="198.35" angle="90.00" type="DEFAULT_VEHTYPE" speed="12.63" pos="151.68" lane="3/1to4/1_0" slope="0.00"/>
        <vehicle id="46" x="330.37" y="201.65" angle="-90.00" type="DEFAULT_VEHTYPE" speed="13.24" pos="64.88" lane="2/1to1/1_0" slope="0.00"/>
        <vehicle id="47" x="401.65" y="701.40" angle="180.00" type="DEFAULT_VEHTYPE" speed="13.76" pos="96.65" lane="2/3to2/4_0" slope="0.00"/>
        <vehicle id="49" x="398.35" y="729.79" angle="0.00" type="DEFAULT_VEHTYPE" speed="13.36" pos="70.21" lane="2/4to2/3_0" slope="0.00"/>
        <vehicle id="6" x="398.35" y="598.75" angle="0.00" type="DEFAULT_VEHTYPE" speed="13.67" pos="6.00" lane=":2/3_1_0" slope="0.00"/>
    </timestep>
    <timestep time="427.00">
        <vehicle id="1" x="362.06" y="598.35" angle="90.00" type="DEFAULT_VEHTYPE" speed="12.80" pos="157.31" lane="1/3to2/3_0" slope="0.00"/>
        <vehicle id="11" x="14.11" y="398.35" angle="90.00" type="DEFAULT_VEHTYPE" speed="12.80" pos="14.11" lane="0/2to1/2_0" slope="0.00"/>
        <vehicle id="13" x="208.80" y="401.65" angle="-90.00" type="DEFAULT_VEHTYPE" speed="3.74" pos="186.45" lane="2/2to1/2_0" slope="0.00"/>
        <vehicle id="17" x="36.41" y="401.65" angle="-90.00" type="DEFAULT_VEHTYPE" speed="12.62" pos="158.84" lane="1/2to0/2_0" slope="0.00"/>
        <vehicle id="2" x="401.65" y="27.02" angle="180.00" type="DEFAULT_VEHTYPE" speed="13.49" pos="27.02" lane="2/0to2/1_0" slope="0.00"/>
        <vehicle id="21" x="398.35" y="434.71" angle="0.00" type="DEFAULT_VEHTYPE" speed="12.93" pos="160.54" lane="2/3to2/2_0" slope="0.00"/>
        <vehicle id="23" x="401.65" y="645.05" angle="180.00" type="DEFAULT_VEHTYPE" speed="13.64" pos="40.30" lane="2/3to2/4_0" slope="0.00"/>
        <vehicle id="25" x="614.90" y="601.65" angle="-90.00" type="DEFAULT_VEHTYPE" speed="6.94" pos="185.10" lane="4/3to3/3_0" slope="0.00"/>
        <vehicle id="27" x="398.35" y="281.00" angle="0.00" type="DEFAULT_VEHTYPE" speed="13.48" pos="114.25" lane="2/2to2/1_0" slope="0.00"/>
        <vehicle id="29" x="198.35" y="288.37" angle="0.00" type="DEFAULT_VEHTYPE" speed="13.36" pos="106.88" lane="1/2to1/1_0" slope="0.00"/>
        <vehicle id="3" x="201.65" y="421.89" angle="180.00" type="DEFAULT_VEHTYPE" speed="12.83" pos="17.14" lane="1/2to1/3_0" slope="0.00"/>
        <vehicle id="32" x="598.35" y="595.08" angle="-16.97" type="DEFAULT_VEHTYPE" speed="9.56" pos="0.17" lane="3/3to3/2_0" slope="0.00"/>
        <vehicle id="37" x="556.97" y="198.35" angle="90.00" type="DEFAULT_VEHTYPE" speed="13.37" pos="152.22" lane="2/1to3/1_0" slope="0.00"/>
        <vehicle id="38" x="304.75" y="598.35" angle="90.00" type="DEFAULT_VEHTYPE" speed="13.54" pos="100.00" lane="1/3to2/3_0" slope="0.00"/>
        <vehicle id="4" x="479.05" y="198.35" angle="90.00" type="DEFAULT_VEHTYPE" speed="13.46" pos="74.30" lane="2/1to3/1_0" slope="0.00"/>
        <vehicle id="41" x="401.65" y="792.49" angle="180.00" type="DEFAULT_VEHTYPE" speed="13.14" pos="187.74" lane="2/3to2/4_0" slope="0.00"/>
        <vehicle id="42" x="377.48" y="198.35" angle="90.00" type="DEFAULT_VEHTYPE" speed="10.80" pos="172.73" lane="1/1to2/1_0" slope="0.00"/>
        <vehicle id="43" x="201.65" y="480.45" angle="180.00" type="DEFAULT_VEHTYPE" speed="12.71" pos="75.70" lane="1/2to1/3_0" slope="0.00"/>
        <vehicle id="44" x="769.55" y="198.35" angle="90.00" type="DEFAULT_VEHTYPE" speed="13.12" pos="164.80" lane="3/1to4/1_0" slope="0.00"/>
        <vehicle id="46" x="316.62" y="201.65" angle="-90.00" type="DEFAULT_VEHTYPE" speed="13.76" pos="78.63" lane="2/1to1/1_0" slope="0.00"/>
        <vehicle id="47" x="401.65" y="714.26" angle="180.00" type="DEFAULT_VEHTYPE" speed="12.86" pos="109.51" lane="2/3to2/4_0" slope="0.00"/>
        <vehicle id="49" x="398.35" y="716.10" angle="0.00" type="DEFAULT_VEHTYPE" speed="13.69" pos="83.90" lane="2/4to2/3_0" slope="0.00"/>
        <vehicle id="6" x="398.35" y="585.77" angle="0.00" type="DEFAULT_VEHTYPE" speed="12.98" pos="9.48" lane="2/3to2/2_0" slope="0.00"/>
    </timestep>
    <timestep time="428.00">
        <vehicle id="1" x="374.27" y="598.35" angle="90.00" type="DEFAULT_VEHTYPE" speed="12.20" pos="169.52" lane="1/3to2/3_0" slope="0.00"/>
        <vehicle id="11" x="27.96" y="398.35" angle="90.00" type="DEFAULT_VEHTYPE" speed="13.85" pos="27.96" lane="0/2to1/2_0" slope="0.00"/>
        <vehicle id="13" x="202.78" y="401.37" angle="-86.76" type="DEFAULT_VEHTYPE" speed="6.05" pos="1.99" lane=":1/2_6_0" slope="0.00"/>
        <vehicle id="17" x="23.71" y="401.65" angle="-90.00" type="DEFAULT_VEHTYPE" speed="12.70" pos="171.54" lane="1/2to0/2_0" slope="0.00"/>
        <vehicle id="2" x="401.65" y="40.63" angle="180.00" type="DEFAULT_VEHTYPE" speed="13.61" pos="40.63" lane="2/0to2/1_0" slope="0.00"/>
        <vehicle id="21" x="398.35" y="421.76" angle="0.00" type="DEFAULT_VEHTYPE" speed="12.95" pos="173.49" lane="2/3to2/2_0" slope="0.00"/>
        <vehicle id="23" x="401.65" y="658.44" angle="180.00" type="DEFAULT_VEHTYPE" speed="13.39" pos="53.69" lane="2/3to2/4_0" slope="0.00"/>
        <vehicle id="25" x="610.78" y="601.65" angle="-90.00" type="DEFAULT_VEHTYPE" speed="4.12" pos="189.22" lane="4/3to3/3_0" slope="0.00"/>
        <vehicle id="27" x="398.35" y="267.13" angle="0.00" type="DEFAULT_VEHTYPE" speed="13.87" pos="128.12" lane="2/2to2/1_0" slope="0.00"/>
        <vehicle id="29" x="198.35" y="274.87" angle="0.00" type="DEFAULT_VEHTYPE" speed="13.50" pos="120.38" lane="1/2to1/1_0" slope="0.00"/>
        <vehicle id="3" x="201.65" y="434.62" angle="180.00" type="DEFAULT_VEHTYPE" speed="12.72" pos="29.87" lane="1/2to1/3_0" slope="0.00"/>
        <vehicle id="32" x="598.35" y="583.51" angle="0.00" type="DEFAULT_VEHTYPE" speed="11.57" pos="11.74" lane="3/3to3/2_0" slope="0.00"/>
        <vehicle id="37" x="570.07" y="198.35" angle="90.00" type="DEFAULT_VEHTYPE" speed="13.09" pos="165.32" lane="2/1to3/1_0" slope="0.00"/>
        <vehicle id="38" x="317.50" y="598.35" angle="90.00" type="DEFAULT_VEHTYPE" speed="12.75" pos="112.75" lane="1/3to2/3_0" slope="0.00"/>
        <vehicle id="4" x="492.62" y="198.35" angle="90.00" type="DEFAULT_VEHTYPE" speed="13.57" pos="87.87" lane="2/1to3/1_0" slope="0.00"/>
        <vehicle id="41" x="398.35" y="798.70" angle="-50.35" type="DEFAULT_VEHTYPE" speed="13.63" pos="1.30" lane="2/4to2/3_0" slope="0.00"/>
        <vehicle id="42" x="384.46" y="198.35" angle="90.00" type="DEFAULT_VEHTYPE" speed="6.98" pos="179.71" lane="1/1to2/1_0" slope="0.00"/>
        <vehicle id="43" x="201.65" y="493.47" angle="180.00" type="DEFAULT_VEHTYPE" speed="13.02" pos="88.72" lane="1/2to1/3_0" slope="0.00"/>
        <vehicle id="44" x="782.71" y="198.35" angle="90.00" type="DEFAULT_VEHTYPE" speed="13.16" pos="177.96" lane="3/1to4/1_0" slope="0.00"/>
        <vehicle id="46" x="303.43" y="201.65" angle="-90.00" type="DEFAULT_VEHTYPE" speed="13.19" pos="91.82" lane="2/1to1/1_0" slope="0.00"/>
        <vehicle id="47" x="401.65" y="728.04" angle="180.00" type="DEFAULT_VEHTYPE" speed="13.78" pos="123.29" lane="2/3to2/4_0" slope="0.00"/>
        <vehicle id="49" x="398.35" y="702.92" angle="0.00" type="DEFAULT_VEHTYPE" speed="13.18" pos="97.08" lane="2/4to2/3_0" slope="0.00"/>
        <vehicle id="6" x="398.35" y="571.95" angle="0.00" type="DEFAULT_VEHTYPE" speed="13.82" pos="23.30" lane="2/3to2/2_0" slope="0.00"/>
    </timestep>
    <timestep time="429.00">
        <vehicle id="1" x="383.38" y="598.35" angle="90.00" type="DEFAULT_VEHTYPE" speed="9.12" pos="178.63" lane="1/3to2/3_0" slope="0.00"/>
        <vehicle id="11" x="40.76" y="398.35" angle="90.00" type="DEFAULT_VEHTYPE" speed="12.79" pos="40.76" lane="0/2to1/2_0" slope="0.00"/>
        <vehicle id="13" x="198.35" y="395.03" angle="-16.63" type="DEFAULT_VEHTYPE" speed="8.55" pos="0.22" lane="1/2to1/1_0" slope="0.00"/>
        <vehicle id="17" x="10.71" y="401.65" angle="-90.00" type="DEFAULT_VEHTYPE" speed="13.00" pos="184.54" lane="1/2to0/2_0" slope="0.00"/>
        <vehicle id="2" x="401.65" y="54.13" angle="180.00" type="DEFAULT_VEHTYPE" speed="13.49" pos="54.13" lane="2/0to2/1_0" slope="0.00"/>
        <vehicle id="21" x="398.35" y="409.01" angle="0.00" type="DEFAULT_VEHTYPE" speed="12.76" pos="186.24" lane="2/3to2/2_0" slope="0.00"/>
        <vehicle id="23" x="401.65" y="671.35" angle="180.00" type="DEFAULT_VEHTYPE" speed="12.91" pos="66.60" lane="2/3to2/4_0" slope="0.00"/>
        <vehicle id="25" x="604.29" y="601.58" angle="-89.24" type="DEFAULT_VEHTYPE" speed="6.50" pos="0.47" lane=":3/3_6_0" slope="0.00"/>
        <vehicle id="27" x="398.35" y="254.26" angle="0.00" type="DEFAULT_VEHTYPE" speed="12.87" pos="140.99" lane="2/2to2/1_0" slope="0.00"/>
        <vehicle id="29" x="198.35" y="262.22" angle="0.00" type="DEFAULT_VEHTYPE" speed="12.66" pos="133.03" lane="1/2to1/1_0" slope="0.00"/>
        <vehicle id="3" x="201.65" y="447.89" angle="180.00" type="DEFAULT_VEHTYPE" speed="13.27" pos="43.14" lane="1/2to1/3_0" slope="0.00"/>
        <vehicle id="32" x="598.35" y="570.32" angle="0.00" type="DEFAULT_VEHTYPE" speed="13.19" pos="24.93" lane="3/3to3/2_0" slope="0.00"/>
        <vehicle id="37" x="579.87" y="198.35" angle="90.00" type="DEFAULT_VEHTYPE" speed="9.80" pos="175.12" lane="2/1to3/1_0" slope="0.00"/>
        <vehicle id="38" x="330.27" y="598.35" angle="90.00" type="DEFAULT_VEHTYPE" speed="12.77" pos="125.52" lane="1/3to2/3_0" slope="0.00"/>
        <vehicle id="4" x="505.40" y="198.35" angle="90.00" type="DEFAULT_VEHTYPE" speed="12.78" pos="100.65" lane="2/1to3/1_0" slope="0.00"/>
        <vehicle id="41" x="398.35" y="785.85" angle="0.00" type="DEFAULT_VEHTYPE" speed="12.85" pos="14.15" lane="2/4to2/3_0" slope="0.00"/>
        <vehicle id="42" x="389.11" y="198.35" angle="90.00" type="DEFAULT_VEHTYPE" speed="4.65" pos="184.36" lane="1/1to2/1_0" slope="0.00"/>
        <vehicle id="43" x="201.65" y="506.34" angle="180.00" type="DEFAULT_VEHTYPE" speed="12.87" pos="101.59" lane="1/2to1/3_0" slope="0.00"/>
        <vehicle id="44" x="796.25" y="198.35" angle="90.00" type="DEFAULT_VEHTYPE" speed="13.54" pos="191.50" lane="3/1to4/1_0" slope="0.00"/>
        <vehicle id="46" x="290.46" y="201.65" angle="-90.00" type="DEFAULT_VEHTYPE" speed="12.96" pos="104.79" lane="2/1to1/1_0" slope="0.00"/>
        <vehicle id="47" x="401.65" y="741.68" angle="180.00" type="DEFAULT_VEHTYPE" speed="13.64" pos="136.93" lane="2/3to2/4_0" slope="0.00"/>
        <vehicle id="49" x="398.35" y="689.60" angle="0.00" type="DEFAULT_VEHTYPE" speed="13.32" pos="110.40" lane="2/4to2/3_0" slope="0.00"/>
        <vehicle id="6" x="398.35" y="558.98" angle="0.00" type="DEFAULT_VEHTYPE" speed="12.98" pos="36.27" lane="2/3to2/2_0" slope="0.00"/>
    </timestep>
    <timestep time="430.00">
        <vehicle id="1" x="388.62" y="598.35" angle="90.00" type="DEFAULT_VEHTYPE" speed="5.24" pos="183.87" lane="1/3to2/3_0" slope="0.00"/>
        <vehicle id="11" x="53.69" y="398.35" angle="90.00" type="DEFAULT_VEHTYPE" speed="12.93" pos="53.69" lane="0/2to1/2_0" slope="0.00"/>
        <vehicle id="13" x="198.35" y="384.77" angle="0.00" type="DEFAULT_VEHTYPE" speed="10.25" pos="10.48" lane="1/2to1/1_0" slope="0.00"/>
        <vehicle id="17" x="-1.42" y="399.54" angle="-58.93" type="DEFAULT_VEHTYPE" speed="13.64" pos="2.92" lane=":0/2_0_0" slope="0.00"/>
        <vehicle id="2" x="401.65" y="67.61" angle="180.00" type="DEFAULT_VEHTYPE" speed="13.49" pos="67.61" lane="2/0to2/1_0" slope="0.00"/>
        <vehicle id="21" x="398.35" y="396.03" angle="0.00" type="DEFAULT_VEHTYPE" speed="12.97" pos="8.72" lane=":2/2_1_0" slope="0.00"/>
        <vehicle id="23" x="401.65" y="685.15" angle="180.00" type="DEFAULT_VEHTYPE" speed="13.80" pos="80.40" lane="2/3to2/4_0" slope="0.00"/>
        <vehicle id="25" x="598.63" y="597.20" angle="-37.24" type="DEFAULT_VEHTYPE" speed="7.88" pos="8.35" lane=":3/3_6_0" slope="0.00"/>
        <vehicle id="27" x="398.35" y="241.43" angle="0.00" type="DEFAULT_VEHTYPE" speed="12.83" pos="153.82" lane="2/2to2/1_0" slope="0.00"/>
        <vehicle id="29" x="198.35" y="248.43" angle="0.00" type="DEFAULT_VEHTYPE" speed="13.79" pos="146.82" lane="1/2to1/1_0" slope="0.00"/>
        <vehicle id="3" x="201.65" y="461.49" angle="180.00" type="DEFAULT_VEHTYPE" speed="13.60" pos="56.74" lane="1/2to1/3_0" slope="0.00"/>
        <vehicle id="32" x="598.35" y="557.11" angle="0.00" type="DEFAULT_VEHTYPE" speed="13.21" pos="38.14" lane="3/3to3/2_0" slope="0.00"/>
        <vehicle id="37" x="585.90" y="198.35" angle="90.00" type="DEFAULT_VEHTYPE" speed="6.03" pos="181.15" lane="2/1to3/1_0" slope="0.00"/>
        <vehicle id="38" x="343.86" y="598.35" angle="90.00" type="DEFAULT_VEHTYPE" speed="13.59" pos="139.11" lane="1/3to2/3_0" slope="0.00"/>
        <vehicle id="4" x="518.59" y="198.35" angle="90.00" type="DEFAULT_VEHTYPE" speed="13.19" pos="113.84" lane="2/1to3/1_0" slope="0.00"/>
        <vehicle id="41" x="398.35" y="772.62" angle="0.00" type="DEFAULT_VEHTYPE" speed="13.23" pos="27.38" lane="2/4to2/3_0" slope="0.00"/>
        <vehicle id="42" x="395.66" y="198.35" angle="90.00" type="DEFAULT_VEHTYPE" speed="6.55" pos="0.41" lane=":2/1_13_0" slope="0.00"/>
        <vehicle id="43" x="201.65" y="519.79" angle="180.00" type="DEFAULT_VEHTYPE" speed="13.45" pos="115.04" lane="1/2to1/3_0" slope="0.00"/>
        <vehicle id="44" x="795.46" y="201.65" angle="-93.01" type="DEFAULT_VEHTYPE" speed="13.10" pos="4.54" lane="4/1to3/1_0" slope="0.00"/>
        <vehicle id="46" x="277.74" y="201.65" angle="-90.00" type="DEFAULT_VEHTYPE" speed="12.72" pos="117.51" lane="2/1to1/1_0" slope="0.00"/>
        <vehicle id="47" x="401.65" y="754.67" angle="180.00" type="DEFAULT_VEHTYPE" speed="12.99" pos="149.92" lane="2/3to2/4_0" slope="0.00"/>
        <vehicle id="49" x="398.35" y="676.97" angle="0.00" type="DEFAULT_VEHTYPE" speed="12.63" pos="123.03" lane="2/4to2/3_0" slope="0.00"/>
        <vehicle id="6" x="398.35" y="545.87" angle="0.00" type="DEFAULT_VEHTYPE" speed="13.11" pos="49.38" lane="2/3to2/2_0" slope="0.00"/>
    </timestep>
    <timestep time="431.00">
        <vehicle id="1" x="395.94" y="598.45" angle="91.13" type="DEFAULT_VEHTYPE" speed="7.33" pos="0.69" lane=":2/3_14_0" slope="0.00"/>
        <vehicle id="11" x="66.37" y="398.35" angle="90.00" type="DEFAULT_VEHTYPE" speed="12.69" pos="66.37" lane="0/2to1/2_0" slope="0.00"/>
        <vehicle id="13" x="198.35" y="372.42" angle="0.00" type="DEFAULT_VEHTYPE" speed="12.35" pos="22.83" lane="1/2to1/1_0" slope="0.00"/>
        <vehicle id="17" x="11.60" y="398.35" angle="90.00" type="DEFAULT_VEHTYPE" speed="13.50" pos="11.60" lane="0/2to1/2_0" slope="0.00"/>
        <vehicle id="2" x="401.65" y="80.65" angle="180.00" type="DEFAULT_VEHTYPE" speed="13.04" pos="80.65" lane="2/0to2/1_0" slope="0.00"/>
        <vehicle id="21" x="398.35" y="382.86" angle="0.00" type="DEFAULT_VEHTYPE" speed="13.18" pos="12.39" lane="2/2to2/1_0" slope="0.00"/>
        <vehicle id="23" x="401.65" y="698.19" angle="180.00" type="DEFAULT_VEHTYPE" speed="13.04" pos="93.44" lane="2/3to2/4_0" slope="0.00"/>
        <vehicle id="25" x="598.35" y="587.00" angle="0.00" type="DEFAULT_VEHTYPE" speed="10.22" pos="8.25" lane="3/3to3/2_0" slope="0.00"/>
        <vehicle id="27" x="398.35" y="228.02" angle="0.00" type="DEFAULT_VEHTYPE" speed="13.41" pos="167.23" lane="2/2to2/1_0" slope="0.00"/>
        <vehicle id="29" x="198.35" y="235.23" angle="0.00" type="DEFAULT_VEHTYPE" speed="13.19" pos="160.02" lane="1/2to1/1_0" slope="0.00"/>
        <vehicle id="3" x="201.65" y="475.01" angle="180.00" type="DEFAULT_VEHTYPE" speed="13.52" pos="70.26" lane="1/2to1/3_0" slope="0.00"/>
        <vehicle id="32" x="598.35" y="543.83" angle="0.00" type="DEFAULT_VEHTYPE" speed="13.29" pos="51.42" lane="3/3to3/2_0" slope="0.00"/>
        <vehicle id="37" x="590.24" y="198.35" angle="90.00" type="DEFAULT_VEHTYPE" speed="4.34" pos="185.49" lane="2/1to3/1_0" slope="0.00"/>
        <vehicle id="38" x="357.14" y="598.35" angle="90.00" type="DEFAULT_VEHTYPE" speed="13.28" pos="152.39" lane="1/3to2/3_0" slope="0.00"/>
        <vehicle id="4" x="532.16" y="198.35" angle="90.00" type="DEFAULT_VEHTYPE" speed="13.57" pos="127.41" lane="2/1to3/1_0" slope="0.00"/>
        <vehicle id="41" x="398.35" y="759.10" angle="0.00" type="DEFAULT_VEHTYPE" speed="13.52" pos="40.90" lane="2/4to2/3_0" slope="0.00"/>
        <vehicle id="42" x="403.53" y="198.35" angle="90.00" type="DEFAULT_VEHTYPE" speed="7.87" pos="8.28" lane=":2/1_13_0" slope="0.00"/>
        <vehicle id="43" x="201.65" y="533.05" angle="180.00" type="DEFAULT_VEHTYPE" speed="13.26" pos="128.30" lane="1/2to1/3_0" slope="0.00"/>
        <vehicle id="44" x="782.26" y="201.65" angle="-90.00" type="DEFAULT_VEHTYPE" speed="13.21" pos="17.74" lane="4/1to3/1_0" slope="0.00"/>
        <vehicle id="46" x="265.12" y="201.65" angle="-90.00" type="DEFAULT_VEHTYPE" speed="12.62" pos="130.13" lane="2/1to1/1_0" slope="0.00"/>
        <vehicle id="47" x="401.65" y="767.46" angle="180.00" type="DEFAULT_VEHTYPE" speed="12.79" pos="162.71" lane="2/3to2/4_0" slope="0.00"/>
        <vehicle id="49" x="398.35" y="663.64" angle="0.00" type="DEFAULT_VEHTYPE" speed="13.33" pos="136.36" lane="2/4to2/3_0" slope="0.00"/>
        <vehicle id="6" x="398.35" y="533.16" angle="0.00" type="DEFAULT_VEHTYPE" speed="12.71" pos="62.09" lane="2/3to2/2_0" slope="0.00"/>
    </timestep>
    <timestep time="432.00">
        <vehicle id="1" x="401.65" y="604.93" angle="163.10" type="DEFAULT_VEHTYPE" speed="9.81" pos="0.18" lane="2/3to2/4_0" slope="0.00"/>
        <vehicle id="11" x="80.16" y="398.35" angle="90.00" type="DEFAULT_VEHTYPE" speed="13.79" pos="80.16" lane="0/2to1/2_0" slope="0.00"/>
        <vehicle id="13" x="198.35" y="359.12" angle="0.00" type="DEFAULT_VEHTYPE" speed="13.31" pos="36.13" lane="1/2to1/1_0" slope="0.00"/>
        <vehicle id="17" x="25.23" y="398.35" angle="90.00" type="DEFAULT_VEHTYPE" speed="13.63" pos="25.23" lane="0/2to1/2_0" slope="0.00"/>
        <vehicle id="2" x="401.65" y="94.08" angle="180.00" type="DEFAULT_VEHTYPE" speed="13.43" pos="94.08" lane="2/0to2/1_0" slope="0.00"/>
        <vehicle id="21" x="398.35" y="369.49" angle="0.00" type="DEFAULT_VEHTYPE" speed="13.37" pos="25.76" lane="2/2to2/1_0" slope="0.00"/>
        <vehicle id="23" x="401.65" y="711.76" angle="180.00" type="DEFAULT_VEHTYPE" speed="13.57" pos="107.01" lane="2/3to2/4_0" slope="0.00"/>
        <vehicle id="25" x="598.35" y="574.69" angle="0.00" type="DEFAULT_VEHTYPE" speed="12.31" pos="20.56" lane="3/3to3/2_0" slope="0.00"/>
        <vehicle id="27" x="398.35" y="215.39" angle="0.00" type="DEFAULT_VEHTYPE" speed="12.63" pos="179.86" lane="2/2to2/1_0" slope="0.00"/>
        <vehicle id="29" x="198.35" y="222.33" angle="0.00" type="DEFAULT_VEHTYPE" speed="12.90" pos="172.92" lane="1/2to1/1_0" slope="0.00"/>
        <vehicle id="3" x="201.65" y="487.87" angle="180.00" type="DEFAULT_VEHTYPE" speed="12.86" pos="83.12" lane="1/2to1/3_0" slope="0.00"/>
        <vehicle id="32" x="598.35" y="530.35" angle="0.00" type="DEFAULT_VEHTYPE" speed="13.47" pos="64.90" lane="3/3to3/2_0" slope="0.00"/>
        <vehicle id="37" x="596.43" y="198.52" angle="91.93" type="DEFAULT_VEHTYPE" speed="6.20" pos="1.19" lane=":3/1_14_0" slope="0.00"/>
        <vehicle id="38" x="370.08" y="598.35" angle="90.00" type="DEFAULT_VEHTYPE" speed="12.94" pos="165.33" lane="1/3to2/3_0" slope="0.00"/>
        <vehicle id="4" x="545.06" y="198.35" angle="90.00" type="DEFAULT_VEHTYPE" speed="12.90" pos="140.31" lane="2/1to3/1_0" slope="0.00"/>
        <vehicle id="41" x="398.35" y="746.11" angle="0.00" type="DEFAULT_VEHTYPE" speed="12.99" pos="53.89" lane="2/4to2/3_0" slope="0.00"/>
        <vehicle id="42" x="413.50" y="198.35" angle="90.00" type="DEFAULT_VEHTYPE" speed="9.96" pos="8.75" lane="2/1to3/1_0" slope="0.00"/>
        <vehicle id="43" x="201.65" y="546.41" angle="180.00" type="DEFAULT_VEHTYPE" speed="13.36" pos="141.66" lane="1/2to1/3_0" slope="0.00"/>
        <vehicle id="44" x="769.13" y="201.65" angle="-90.00" type="DEFAULT_VEHTYPE" speed="13.12" pos="30.87" lane="4/1to3/1_0" slope="0.00"/>
        <vehicle id="46" x="252.41" y="201.65" angle="-90.00" type="DEFAULT_VEHTYPE" speed="12.71" pos="142.84" lane="2/1to1/1_0" slope="0.00"/>
        <vehicle id="47" x="401.65" y="780.10" angle="180.00" type="DEFAULT_VEHTYPE" speed="12.64" pos="175.35" lane="2/3to2/4_0" slope="0.00"/>
        <vehicle id="49" x="398.35" y="650.66" angle="0.00" type="DEFAULT_VEHTYPE" speed="12.98" pos="149.34" lane="2/4to2/3_0" slope="0.00"/>
        <vehicle id="6" x="398.35" y="519.66" angle="0.00" type="DEFAULT_VEHTYPE" speed="13.50" pos="75.59" lane="2/3to2/2_0" slope="0.00"/>
    </timestep>
    <timestep time="433.00">
        <vehicle id="1" x="401.65" y="616.06" angle="180.00" type="DEFAULT_VEHTYPE" speed="11.13" pos="11.31" lane="2/3to2/4_0" slope="0.00"/>
        <vehicle id="11" x="92.80" y="398.35" angle="90.00" type="DEFAULT_VEHTYPE" speed="12.64" pos="92.80" lane="0/2to1/2_0" slope="0.00"/>
        <vehicle id="13" x="198.35" y="346.41" angle="0.00" type="DEFAULT_VEHTYPE" speed="12.71" pos="48.84" lane="1/2to1/1_0" slope="0.00"/>
        <vehicle id="17" x="37.83" y="398.35" angle="90.00" type="DEFAULT_VEHTYPE" speed="12.61" pos="37.83" lane="0/2to1/2_0" slope="0.00"/>
        <vehicle id="2" x="401.65" y="107.59" angle="180.00" type="DEFAULT_VEHTYPE" speed="13.51" pos="107.59" lane="2/0to2/1_0" slope="0.00"/>
        <vehicle id="21" x="398.35" y="356.62" angle="0.00" type="DEFAULT_VEHTYPE" speed="12.86" pos="38.63" lane="2/2to2/1_0" slope="0.00"/>
        <vehicle id="23" x="401.65" y="724.69" angle="180.00" type="DEFAULT_VEHTYPE" speed="12.93" pos="119.94" lane="2/3to2/4_0" slope="0.00"/>
        <vehicle id="25" x="598.35" y="561.69" angle="0.00" type="DEFAULT_VEHTYPE" speed="12.99" pos="33.56" lane="3/3to3/2_0" slope="0.00"/>
        <vehicle id="27" x="397.39" y="202.31" angle="-11.49" type="DEFAULT_VEHTYPE" speed="13.36" pos="2.72" lane=":2/1_0_0" slope="0.00"/>
        <vehicle id="29" x="198.35" y="209.31" angle="0.00" type="DEFAULT_VEHTYPE" speed="13.02" pos="185.94" lane="1/2to1/1_0" slope="0.00"/>
        <vehicle id="3" x="201.65" y="501.13" angle="180.00" type="DEFAULT_VEHTYPE" speed="13.26" pos="96.38" lane="1/2to1/3_0" slope="0.00"/>
        <vehicle id="32" x="598.35" y="516.83" angle="0.00" type="DEFAULT_VEHTYPE" speed="13.52" pos="78.42" lane="3/3to3/2_0" slope="0.00"/>
        <vehicle id="37" x="601.44" y="203.25" angle="147.49" type="DEFAULT_VEHTYPE" speed="7.61" pos="8.81" lane=":3/1_14_0" slope="0.00"/>
        <vehicle id="38" x="379.77" y="598.35" angle="90.00" type="DEFAULT_VEHTYPE" speed="9.69" pos="175.02" lane="1/3to2/3_0" slope="0.00"/>
        <vehicle id="4" x="558.55" y="198.35" angle="90.00" type="DEFAULT_VEHTYPE" speed="13.49" pos="153.80" lane="2/1to3/1_0" slope="0.00"/>
        <vehicle id="41" x="398.35" y="732.83" angle="0.00" type="DEFAULT_VEHTYPE" speed="13.28" pos="67.17" lane="2/4to2/3_0" slope="0.00"/>
        <vehicle id="42" x="424.92" y="198.35" angle="90.00" type="DEFAULT_VEHTYPE" speed="11.43" pos="20.17" lane="2/1to3/1_0" slope="0.00"/>
        <vehicle id="43" x="201.65" y="559.93" angle="180.00" type="DEFAULT_VEHTYPE" speed="13.53" pos="155.18" lane="1/2to1/3_0" slope="0.00"/>
        <vehicle id="44" x="755.44" y="201.65" angle="-90.00" type="DEFAULT_VEHTYPE" speed="13.69" pos="44.56" lane="4/1to3/1_0" slope="0.00"/>
        <vehicle id="46" x="239.57" y="201.65" angle="-90.00" type="DEFAULT_VEHTYPE" speed="12.84" pos="155.68" lane="2/1to1/1_0" slope="0.00"/>
        <vehicle id="47" x="401.65" y="793.94" angle="180.00" type="DEFAULT_VEHTYPE" speed="13.84" pos="189.19" lane="2/3to2/4_0" slope="0.00"/>
        <vehicle id="49" x="398.35" y="638.01" angle="0.00" type="DEFAULT_VEHTYPE" speed="12.65" pos="161.99" lane="2/4to2/3_0" slope="0.00"/>
        <vehicle id="6" x="398.35" y="506.69" angle="0.00" type="DEFAULT_VEHTYPE" speed="12.97" pos="88.56" lane="2/3to2/2_0" slope="0.00"/>
    </timestep>
    <timestep time="434.00">
        <vehicle id="1" x="401.65" y="629.01" angle="180.00" type="DEFAULT_VEHTYPE" speed="12.95" pos="24.26" lane="2/3to2/4_0" slope="0.00"/>
        <vehicle id="11" x="105.96" y="398.35" angle="90.00" type="DEFAULT_VEHTYPE" speed="13.16" pos="105.96" lane="0/2to1/2_0" slope="0.00"/>
        <vehicle id="13" x="198.35" y="332.58" angle="0.00" type="DEFAULT_VEHTYPE" speed="13.83" pos="62.67" lane="1/2to1/1_0" slope="0.00"/>
        <vehicle id="17" x="51.03" y="398.35" angle="90.00" type="DEFAULT_VEHTYPE" speed="13.20" pos="51.03" lane="0/2to1/2_0" slope="0.00"/>
        <vehicle id="2" x="401.65" y="120.94" angle="180.00" type="DEFAULT_VEHTYPE" speed="13.35" pos="120.94" lane="2/0to2/1_0" slope="0.00"/>
        <vehicle id="21" x="398.35" y="343.04" angle="0.00" type="DEFAULT_VEHTYPE" speed="13.58" pos="52.21" lane="2/2to2/1_0" slope="0.00"/>
        <vehicle id="23" x="401.65" y="737.42" angle="180.00" type="DEFAULT_VEHTYPE" speed="12.73" pos="132.67" lane="2/3to2/4_0" slope="0.00"/>
        <vehicle id="25" x="598.35" y="548.09" angle="0.00" type="DEFAULT_VEHTYPE" speed="13.60" pos="47.16" lane="3/3to3/2_0" slope="0.00"/>
        <vehicle id="27" x="384.85" y="201.65" angle="-90.00" type="DEFAULT_VEHTYPE" speed="12.68" pos="10.40" lane="2/1to1/1_0" slope="0.00"/>
        <vehicle id="29" x="190.91" y="201.65" angle="-88.94" type="DEFAULT_VEHTYPE" speed="13.90" pos="4.34" lane="1/1to0/1_0" slope="0.00"/>
        <vehicle id="3" x="201.65" y="514.35" angle="180.00" type="DEFAULT_VEHTYPE" speed="13.21" pos="109.60" lane="1/2to1/3_0" slope="0.00"/>
        <vehicle id="32" x="598.35" y="503.12" angle="0.00" type="DEFAULT_VEHTYPE" speed="13.71" pos="92.13" lane="3/3to3/2_0" slope="0.00"/>
        <vehicle id="37" x="601.65" y="212.58" angle="180.00" type="DEFAULT_VEHTYPE" speed="9.35" pos="7.83" lane="3/1to3/2_0" slope="0.00"/>
        <vehicle id="38" x="385.99" y="598.35" angle="90.00" type="DEFAULT_VEHTYPE" speed="6.21" pos="181.24" lane="1/3to2/3_0" slope="0.00"/>
        <vehicle id="4" x="571.70" y="198.35" angle="90.00" type="DEFAULT_VEHTYPE" speed="13.15" pos="166.95" lane="2/1to3/1_0" slope="0.00"/>
        <vehicle id="41" x="398.35" y="719.08" angle="0.00" type="DEFAULT_VEHTYPE" speed="13.74" pos="80.92" lane="2/4to2/3_0" slope="0.00"/>
        <vehicle id="42" x="438.22" y="198.35" angle="90.00" type="DEFAULT_VEHTYPE" speed="13.30" pos="33.47" lane="2/1to3/1_0" slope="0.00"/>
        <vehicle id="43" x="201.65" y="573.35" angle="180.00" type="DEFAULT_VEHTYPE" speed="13.42" pos="168.60" lane="1/2to1/3_0" slope="0.00"/>
        <vehicle id="44" x="742.19" y="201.65" angle="-90.00" type="DEFAULT_VEHTYPE" speed="13.25" pos="57.81" lane="4/1to3/1_0" slope="0.00"/>
        <vehicle id="46" x="227.30" y="201.65" angle="-90.00" type="DEFAULT_VEHTYPE" speed="12.27" pos="167.95" lane="2/1to1/1_0" slope="0.00"/>
        <vehicle id="47" x="398.35" y="797.83" angle="-29.18" type="DEFAULT_VEHTYPE" speed="13.05" pos="2.17" lane="2/4to2/3_0" slope="0.00"/>
        <vehicle id="49" x="398.35" y="624.93" angle="0.00" type="DEFAULT_VEHTYPE" speed="13.08" pos="175.07" lane="2/4to2/3_0" slope="0.00"/>
        <vehicle id="6" x="398.35" y="493.98" angle="0.00" type="DEFAULT_VEHTYPE" speed="12.71" pos="101.27" lane="2/3to2/2_0" slope="0.00"/>
    </timestep>
    <timestep time="435.00">
        <vehicle id="1" x="401.65" y="642.85" angle="180.00" type="DEFAULT_VEHTYPE" speed="13.84" pos="38.10" lane="2/3to2/4_0" slope="0.00"/>
        <vehicle id="11" x="118.72" y="398.35" angle="90.00" type="DEFAULT_VEHTYPE" speed="12.76" pos="118.72" lane="0/2to1/2_0" slope="0.00"/>
        <vehicle id="13" x="198.35" y="319.87" angle="0.00" type="DEFAULT_VEHTYPE" speed="12.71" pos="75.38" lane="1/2to1/1_0" slope="0.00"/>
        <vehicle id="17" x="64.27" y="398.35" angle="90.00" type="DEFAULT_VEHTYPE" speed="13.23" pos="64.27" lane="0/2to1/2_0" slope="0.00"/>
        <vehicle id="2" x="401.65" y="134.43" angle="180.00" type="DEFAULT_VEHTYPE" speed="13.49" pos="134.43" lane="2/0to2/1_0" slope="0.00"/>
        <vehicle id="21" x="398.35" y="330.19" angle="0.00" type="DEFAULT_VEHTYPE" speed="12.85" pos="65.06" lane="2/2to2/1_0" slope="0.00"/>
        <vehicle id="23" x="401.65" y="750.19" angle="180.00" type="DEFAULT_VEHTYPE" speed="12.76" pos="145.44" lane="2/3to2/4_0" slope="0.00"/>
        <vehicle id="25" x="598.35" y="535.44" angle="0.00" type="DEFAULT_VEHTYPE" speed="12.65" pos="59.81" lane="3/3to3/2_0" slope="0.00"/>
        <vehicle id="27" x="371.49" y="201.65" angle="-90.00" type="DEFAULT_VEHTYPE" speed="13.36" pos="23.76" lane="2/1to1/1_0" slope="0.00"/>
        <vehicle id="29" x="177.03" y="201.65" angle="-90.00" type="DEFAULT_VEHTYPE" speed="13.88" pos="18.22" lane="1/1to0/1_0" slope="0.00"/>
        <vehicle id="3" x="201.65" y="528.16" angle="180.00" type="DEFAULT_VEHTYPE" speed="13.82" pos="123.41" lane="1/2to1/3_0" slope="0.00"/>
        <vehicle id="32" x="598.35" y="489.94" angle="0.00" type="DEFAULT_VEHTYPE" speed="13.18" pos="105.31" lane="3/3to3/2_0" slope="0.00"/>
        <vehicle id="37" x="601.65" y="224.49" angle="180.00" type="DEFAULT_VEHTYPE" speed="11.90" pos="19.74" lane="3/1to3/2_0" slope="0.00"/>
        <vehicle id="38" x="389.50" y="598.35" angle="90.00" type="DEFAULT_VEHTYPE" speed="3.52" pos="184.75" lane="1/3to2/3_0" slope="0.00"/>
        <vehicle id="4" x="580.54" y="198.35" angle="90.00" type="DEFAULT_VEHTYPE" speed="8.84" pos="175.79" lane="2/1to3/1_0" slope="0.00"/>
        <vehicle id="41" x="398.35" y="705.58" angle="0.00" type="DEFAULT_VEHTYPE" speed="13.51" pos="94.42" lane="2/4to2/3_0" slope="0.00"/>
        <vehicle id="42" x="450.89" y="198.35" angle="90.00" type="DEFAULT_VEHTYPE" speed="12.67" pos="46.14" lane="2/1to3/1_0" slope="0.00"/>
        <vehicle id="43" x="201.65" y="586.13" angle="180.00" type="DEFAULT_VEHTYPE" speed="12.78" pos="181.38" lane="1/2to1/3_0" slope="0.00"/>
        <vehicle id="44" x="728.88" y="201.65" angle="-90.00" type="DEFAULT_VEHTYPE" speed="13.32" pos="71.12" lane="4/1to3/1_0" slope="0.00"/>
        <vehicle id="46" x="218.46" y="201.65" angle="-90.00" type="DEFAULT_VEHTYPE" speed="8.83" pos="176.79" lane="2/1to1/1_0" slope="0.00"/>
        <vehicle id="47" x="398.35" y="784.60" angle="0.00" type="DEFAULT_VEHTYPE" speed="13.23" pos="15.40" lane="2/4to2/3_0" slope="0.00"/>
        <vehicle id="49" x="398.35" y="611.99" angle="0.00" type="DEFAULT_VEHTYPE" speed="12.93" pos="188.01" lane="2/4to2/3_0" slope="0.00"/>
        <vehicle id="6" x="398.35" y="480.83" angle="0.00" type="DEFAULT_VEHTYPE" speed="13.15" pos="114.42" lane="2/3to2/2_0" slope="0.00"/>
    </timestep>
    <timestep time="436.00">
        <vehicle id="1" x="401.65" y="655.76" angle="180.00" type="DEFAULT_VEHTYPE" speed="12.91" pos="51.01" lane="2/3to2/4_0" slope="0.00"/>
        <vehicle id="11" x="132.40" y="398.35" angle="90.00" type="DEFAULT_VEHTYPE" speed="13.68" pos="132.40" lane="0/2to1/2_0" slope="0.00"/>
        <vehicle id="13" x="198.35" y="306.68" angle="0.00" type="DEFAULT_VEHTYPE" speed="13.19" pos="88.57" lane="1/2to1/1_0" slope="0.00"/>
        <vehicle id="17" x="77.95" y="398.35" angle="90.00" type="DEFAULT_VEHTYPE" speed="13.69" pos="77.95" lane="0/2to1/2_0" slope="0.00"/>
        <vehicle id="2" x="401.65" y="148.03" angle="180.00" type="DEFAULT_VEHTYPE" speed="13.59" pos="148.03" lane="2/0to2/1_0" slope="0.00"/>
        <vehicle id="21" x="398.35" y="317.54" angle="0.00" type="DEFAULT_VEHTYPE" speed="12.65" pos="77.71" lane="2/2to2/1_0" slope="0.00"/>
        <vehicle id="23" x="401.65" y="762.98" angle="180.00" type="DEFAULT_VEHTYPE" speed="12.79" pos="158.23" lane="2/3to2/4_0" slope="0.00"/>
        <vehicle id="25" x="598.35" y="522.69" angle="0.00" type="DEFAULT_VEHTYPE" speed="12.75" pos="72.56" lane="3/3to3/2_0" slope="0.00"/>
        <vehicle id="27" x="357.98" y="201.65" angle="-90.00" type="DEFAULT_VEHTYPE" speed="13.51" pos="37.27" lane="2/1to1/1_0" slope="0.00"/>
        <vehicle id="29" x="163.61" y="201.65" angle="-90.00" type="DEFAULT_VEHTYPE" speed="13.42" pos="31.64" lane="1/1to0/1_0" slope="0.00"/>
        <vehicle id="3" x="201.65" y="540.85" angle="180.00" type="DEFAULT_VEHTYPE" speed="12.69" pos="136.10" lane="1/2to1/3_0" slope="0.00"/>
        <vehicle id="32" x="598.35" y="476.12" angle="0.00" type="DEFAULT_VEHTYPE" speed="13.82" pos="119.13" lane="3/3to3/2_0" slope="0.00"/>
        <vehicle id="37" x="601.65" y="238.20" angle="180.00" type="DEFAULT_VEHTYPE" speed="13.71" pos="33.45" lane="3/1to3/2_0" slope="0.00"/>
        <vehicle id="38" x="391.36" y="598.35" angle="90.00" type="DEFAULT_VEHTYPE" speed="1.86" pos="186.61" lane="1/3to2/3_0" slope="0.00"/>
        <vehicle id="4" x="586.78" y="198.35" angle="90.00" type="DEFAULT_VEHTYPE" speed="6.24" pos="182.03" lane="2/1to3/1_0" slope="0.00"/>
        <vehicle id="41" x="398.35" y="692.56" angle="0.00" type="DEFAULT_VEHTYPE" speed="13.01" pos="107.44" lane="2/4to2/3_0" slope="0.00"/>
        <vehicle id="42" x="463.74" y="198.35" angle="90.00" type="DEFAULT_VEHTYPE" speed="12.85" pos="58.99" lane="2/1to3/1_0" slope="0.00"/>
        <vehicle id="43" x="203.78" y="598.21" angle="151.71" type="DEFAULT_VEHTYPE" speed="13.13" pos="4.02" lane=":1/3_8_0" slope="0.00"/>
        <vehicle id="44" x="715.78" y="201.65" angle="-90.00" type="DEFAULT_VEHTYPE" speed="13.09" pos="84.22" lane="4/1to3/1_0" slope="0.00"/>
        <vehicle id="46" x="211.98" y="201.65" angle="-90.00" type="DEFAULT_VEHTYPE" speed="6.49" pos="183.27" lane="2/1to1/1_0" slope="0.00"/>
        <vehicle id="47" x="398.35" y="771.35" angle="0.00" type="DEFAULT_VEHTYPE" speed="13.25" pos="28.65" lane="2/4to2/3_0" slope="0.00"/>
        <vehicle id="49" x="398.35" y="598.51" angle="0.00" type="DEFAULT_VEHTYPE" speed="13.49" pos="6.24" lane=":2/3_1_0" slope="0.00"/>
        <vehicle id="6" x="398.35" y="467.07" angle="0.00" type="DEFAULT_VEHTYPE" speed="13.76" pos="128.18" lane="2/3to2/2_0" slope="0.00"/>
    </timestep>
    <timestep time="437.00">
        <vehicle id="1" x="401.65" y="669.16" angle="180.00" type="DEFAULT_VEHTYPE" speed="13.39" pos="64.41" lane="2/3to2/4_0" slope="0.00"/>
        <vehicle id="11" x="145.33" y="398.35" angle="90.00" type="DEFAULT_VEHTYPE" speed="12.93" pos="145.33" lane="0/2to1/2_0" slope="0.00"/>
        <vehicle id="13" x="198.35" y="293.77" angle="0.00" type="DEFAULT_VEHTYPE" speed="12.91" pos="101.48" lane="1/2to1/1_0" slope="0.00"/>
        <vehicle id="17" x="90.96" y="398.35" angle="90.00" type="DEFAULT_VEHTYPE" speed="13.01" pos="90.96" lane="0/2to1/2_0" slope="0.00"/>
        <vehicle id="2" x="401.65" y="161.11" angle="180.00" type="DEFAULT_VEHTYPE" speed="13.08" pos="161.11" lane="2/0to2/1_0" slope="0.00"/>
        <vehicle id="21" x="398.35" y="304.78" angle="0.00" type="DEFAULT_VEHTYPE" speed="12.76" pos="90.47" lane="2/2to2/1_0" slope="0.00"/>
        <vehicle id="23" x="401.65" y="775.89" angle="180.00" type="DEFAULT_VEHTYPE" speed="12.92" pos="171.14" lane="2/3to2/4_0" slope="0.00"/>
        <vehicle id="25" x="598.35" y="509.03" angle="0.00" type="DEFAULT_VEHTYPE" speed="13.66" pos="86.22" lane="3/3to3/2_0" slope="0.00"/>
        <vehicle id="27" x="344.47" y="201.65" angle="-90.00" type="DEFAULT_VEHTYPE" speed="13.50" pos="50.78" lane="2/1to1/1_0" slope="0.00"/>
        <vehicle id="29" x="150.75" y="201.65" angle="-90.00" type="DEFAULT_VEHTYPE" speed="12.86" pos="44.50" lane="1/1to0/1_0" slope="0.00"/>
        <vehicle id="3" x="201.65" y="553.76" angle="180.00" type="DEFAULT_VEHTYPE" speed="12.91" pos="149.01" lane="1/2to1/3_0" slope="0.00"/>
        <vehicle id="32" x="598.35" y="463.26" angle="0.00" type="DEFAULT_VEHTYPE" speed="12.86" pos="131.99" lane="3/3to3/2_0" slope="0.00"/>
        <vehicle id="37" x="601.65" y="251.02" angle="180.00" type="DEFAULT_VEHTYPE" speed="12.83" pos="46.27" lane="3/1to3/2_0" slope="0.00"/>
        <vehicle id="38" x="392.32" y="598.35" angle="90.00" type="DEFAULT_VEHTYPE" speed="0.96" pos="187.57" lane="1/3to2/3_0" slope="0.00"/>
        <vehicle id="4" x="590.32" y="198.35" angle="90.00" type="DEFAULT_VEHTYPE" speed="3.53" pos="185.57" lane="2/1to3/1_0" slope="0.00"/>
        <vehicle id="41" x="398.35" y="679.53" angle="0.00" type="DEFAULT_VEHTYPE" speed="13.04" pos="120.47" lane="2/4to2/3_0" slope="0.00"/>
        <vehicle id="42" x="476.85" y="198.35" angle="90.00" type="DEFAULT_VEHTYPE" speed="13.10" pos="72.10" lane="2/1to3/1_0" slope="0.00"/>
        <vehicle id="43" x="216.99" y="598.35" angle="90.00" type="DEFAULT_VEHTYPE" speed="13.23" pos="12.24" lane="1/3to2/3_0" slope="0.00"/>
        <vehicle id="44" x="701.99" y="201.65" angle="-90.00" type="DEFAULT_VEHTYPE" speed="13.80" pos="98.01" lane="4/1to3/1_0" slope="0.00"/>
        <vehicle id="46" x="209.56" y="201.65" angle="-90.00" type="DEFAULT_VEHTYPE" speed="2.42" pos="185.69" lane="2/1to1/1_0" slope="0.00"/>
        <vehicle id="47" x="398.35" y="758.28" angle="0.00" type="DEFAULT_VEHTYPE" speed="13.07" pos="41.72" lane="2/4to2/3_0" slope="0.00"/>
        <vehicle id="49" x="398.35" y="585.38" angle="0.00" type="DEFAULT_VEHTYPE" speed="13.13" pos="9.87" lane="2/3to2/2_0" slope="0.00"/>
        <vehicle id="6" x="398.35" y="454.14" angle="0.00" type="DEFAULT_VEHTYPE" speed="12.93" pos="141.11" lane="2/3to2/2_0" slope="0.00"/>
    </timestep>
    <timestep time="438.00">
        <vehicle id="1" x="401.65" y="682.22" angle="180.00" type="DEFAULT_VEHTYPE" speed="13.06" pos="77.47" lane="2/3to2/4_0" slope="0.00"/>
        <vehicle id="11" x="158.53" y="398.35" angle="90.00" type="DEFAULT_VEHTYPE" speed="13.19" pos="158.53" lane="0/2to1/2_0" slope="0.00"/>
        <vehicle id="13" x="198.35" y="280.91" angle="0.00" type="DEFAULT_VEHTYPE" speed="12.86" pos="114.34" lane="1/2to1/1_0" slope="0.00"/>
        <vehicle id="17" x="104.48" y="398.35" angle="90.00" type="DEFAULT_VEHTYPE" speed="13.52" pos="104.48" lane="0/2to1/2_0" slope="0.00"/>
        <vehicle id="2" x="401.65" y="173.93" angle="180.00" type="DEFAULT_VEHTYPE" speed="12.82" pos="173.93" lane="2/0to2/1_0" slope="0.00"/>
        <vehicle id="21" x="398.35" y="291.35" angle="0.00" type="DEFAULT_VEHTYPE" speed="13.43" pos="103.90" lane="2/2to2/1_0" slope="0.00"/>
        <vehicle id="23" x="401.65" y="789.28" angle="180.00" type="DEFAULT_VEHTYPE" speed="13.39" pos="184.53" lane="2/3to2/4_0" slope="0.00"/>
        <vehicle id="25" x="598.35" y="496.14" angle="0.00" type="DEFAULT_VEHTYPE" speed="12.89" pos="99.11" lane="3/3to3/2_0" slope="0.00"/>
        <vehicle id="27" x="331.24" y="201.65" angle="-90.00" type="DEFAULT_VEHTYPE" speed="13.24" pos="64.01" lane="2/1to1/1_0" slope="0.00"/>
        <vehicle id="29" x="137.35" y="201.65" angle="-90.00" type="DEFAULT_VEHTYPE" speed="13.40" pos="57.90" lane="1/1to0/1_0" slope="0.00"/>
        <vehicle id="3" x="201.65" y="566.69" angle="180.00" type="DEFAULT_VEHTYPE" speed="12.93" pos="161.94" lane="1/2to1/3_0" slope="0.00"/>
        <vehicle id="32" x="598.35" y="450.16" angle="0.00" type="DEFAULT_VEHTYPE" speed="13.10" pos="145.09" lane="3/3to3/2_0" slope="0.00"/>
        <vehicle id="37" x="601.65" y="264.61" angle="180.00" type="DEFAULT_VEHTYPE" speed="13.58" pos="59.86" lane="3/1to3/2_0" slope="0.00"/>
        <vehicle id="38" x="395.58" y="598.40" angle="90.54" type="DEFAULT_VEHTYPE" speed="3.26" pos="0.33" lane=":2/3_14_0" slope="0.00"/>
        <vehicle id="4" x="595.87" y="198.44" angle="91.02" type="DEFAULT_VEHTYPE" speed="5.56" pos="0.63" lane=":3/1_14_0" slope="0.00"/>
        <vehicle id="41" x="398.35" y="666.39" angle="0.00" type="DEFAULT_VEHTYPE" speed="13.14" pos="133.61" lane="2/4to2/3_0" slope="0.00"/>
        <vehicle id="42" x="490.05" y="198.35" angle="90.00" type="DEFAULT_VEHTYPE" speed="13.20" pos="85.30" lane="2/1to3/1_0" slope="0.00"/>
        <vehicle id="43" x="230.40" y="598.35" angle="90.00" type="DEFAULT_VEHTYPE" speed="13.41" pos="25.65" lane="1/3to2/3_0" slope="0.00"/>
        <vehicle id="44" x="688.10" y="201.65" angle="-90.00" type="DEFAULT_VEHTYPE" speed="13.89" pos="111.90" lane="4/1to3/1_0" slope="0.00"/>
        <vehicle id="46" x="204.67" y="201.66" angle="-90.13" type="DEFAULT_VEHTYPE" speed="4.89" pos="0.08" lane=":1/1_4_0" slope="0.00"/>
        <vehicle id="47" x="398.35" y="745.38" angle="0.00" type="DEFAULT_VEHTYPE" speed="12.90" pos="54.62" lane="2/4to2/3_0" slope="0.00"/>
        <vehicle id="49" x="398.35" y="571.73" angle="0.00" type="DEFAULT_VEHTYPE" speed="13.65" pos="23.52" lane="2/3to2/2_0" slope="0.00"/>
        <vehicle id="6" x="398.35" y="440.98" angle="0.00" type="DEFAULT_VEHTYPE" speed="13.16" pos="154.27" lane="2/3to2/2_0" slope="0.00"/>
    </timestep>
    <timestep time="439.00">
        <vehicle id="1" x="401.65" y="696.08" angle="180.00" type="DEFAULT_VEHTYPE" speed="13.86" pos="91.33" lane="2/3to2/4_0" slope="0.00"/>
        <vehicle id="11" x="171.43" y="398.35" angle="90.00" type="DEFAULT_VEHTYPE" speed="12.90" pos="171.43" lane="0/2to1/2_0" slope="0.00"/>
        <vehicle id="13" x="198.35" y="267.62" angle="0.00" type="DEFAULT_VEHTYPE" speed="13.28" pos="127.63" lane="1/2to1/1_0" slope="0.00"/>
        <vehicle id="17" x="118.11" y="398.35" angle="90.00" type="DEFAULT_VEHTYPE" speed="13.63" pos="118.11" lane="0/2to1/2_0" slope="0.00"/>
        <vehicle id="2" x="401.65" y="187.03" angle="180.00" type="DEFAULT_VEHTYPE" speed="13.10" pos="187.03" lane="2/0to2/1_0" slope="0.00"/>
        <vehicle id="21" x="398.35" y="277.52" angle="0.00" type="DEFAULT_VEHTYPE" speed="13.83" pos="117.73" lane="2/2to2/1_0" slope="0.00"/>
        <vehicle id="23" x="399.47" y="801.38" angle="-147.11" type="DEFAULT_VEHTYPE" speed="13.72" pos="3.01" lane=":2/4_0_0" slope="0.00"/>
        <vehicle id="25" x="598.35" y="482.25" angle="0.00" type="DEFAULT_VEHTYPE" speed="13.90" pos="113.00" lane="3/3to3/2_0" slope="0.00"/>
        <vehicle id="27" x="318.55" y="201.65" angle="-90.00" type="DEFAULT_VEHTYPE" speed="12.69" pos="76.70" lane="2/1to1/1_0" slope="0.00"/>
        <vehicle id="29" x="123.83" y="201.65" angle="-90.00" type="DEFAULT_VEHTYPE" speed="13.52" pos="71.42" lane="1/1to0/1_0" slope="0.00"/>
        <vehicle id="3" x="201.65" y="580.04" angle="180.00" type="DEFAULT_VEHTYPE" speed="13.35" pos="175.29" lane="1/2to1/3_0" slope="0.00"/>
        <vehicle id="32" x="598.35" y="437.51" angle="0.00" type="DEFAULT_VEHTYPE" speed="12.65" pos="157.74" lane="3/3to3/2_0" slope="0.00"/>
        <vehicle id="37" x="601.65" y="278.15" angle="180.00" type="DEFAULT_VEHTYPE" speed="13.55" pos="73.40" lane="3/1to3/2_0" slope="0.00"/>
        <vehicle id="38" x="400.20" y="600.19" angle="111.55" type="DEFAULT_VEHTYPE" speed="5.11" pos="5.44" lane=":2/3_14_0" slope="0.00"/>
        <vehicle id="4" x="601.39" y="202.93" angle="144.11" type="DEFAULT_VEHTYPE" speed="7.85" pos="8.48" lane=":3/1_14_0" slope="0.00"/>
        <vehicle id="41" x="398.35" y="653.25" angle="0.00" type="DEFAULT_VEHTYPE" speed="13.14" pos="146.75" lane="2/4to2/3_0" slope="0.00"/>
        <vehicle id="42" x="503.84" y="198.35" angle="90.00" type="DEFAULT_VEHTYPE" speed="13.79" pos="99.09" lane="2/1to3/1_0" slope="0.00"/>
        <vehicle id="43" x="243.99" y="598.35" angle="90.00" type="DEFAULT_VEHTYPE" speed="13.59" pos="39.24" lane="1/3to2/3_0" slope="0.00"/>
        <vehicle id="44" x="675.01" y="201.65" angle="-90.00" type="DEFAULT_VEHTYPE" speed="13.09" pos="124.99" lane="4/1to3/1_0" slope="0.00"/>
        <vehicle id="46" x="201.65" y="206.69" angle="-164.55" type="DEFAULT_VEHTYPE" speed="6.85" pos="1.94" lane="1/1to1/2_0" slope="0.00"/>
        <vehicle id="47" x="398.35" y="731.51" angle="0.00" type="DEFAULT_VEHTYPE" speed="13.87" pos="68.49" lane="2/4to2/3_0" slope="0.00"/>
        <vehicle id="49" x="398.35" y="558.76" angle="0.00" type="DEFAULT_VEHTYPE" speed="12.97" pos="36.49" lane="2/3to2/2_0" slope="0.00"/>
        <vehicle id="6" x="398.35" y="427.43" angle="0.00" type="DEFAULT_VEHTYPE" speed="13.55" pos="167.82" lane="2/3to2/2_0" slope="0.00"/>
    </timestep>
    <timestep time="440.00">
        <vehicle id="1" x="401.65" y="709.85" angle="180.00" type="DEFAULT_VEHTYPE" speed="13.77" pos="105.10" lane="2/3to2/4_0" slope="0.00"/>
        <vehicle id="11" x="181.24" y="398.35" angle="90.00" type="DEFAULT_VEHTYPE" speed="9.82" pos="181.24" lane="0/2to1/2_0" slope="0.00"/>
        <vehicle id="13" x="198.35" y="254.70" angle="0.00" type="DEFAULT_VEHTYPE" speed="12.93" pos="140.55" lane="1/2to1/1_0" slope="0.00"/>
        <vehicle id="17" x="131.34" y="398.35" angle="90.00" type="DEFAULT_VEHTYPE" speed="13.23" pos="131.34" lane="0/2to1/2_0" slope="0.00"/>
        <vehicle id="2" x="404.80" y="198.35" angle="134.09" type="DEFAULT_VEHTYPE" speed="13.27" pos="0.05" lane="2/1to3/1_0" slope="0.00"/>
        <vehicle id="21" x="398.35" y="264.87" angle="0.00" type="DEFAULT_VEHTYPE" speed="12.65" pos="130.38" lane="2/2to2/1_0" slope="0.00"/>
        <vehicle id="23" x="398.35" y="787.99" angle="0.00" type="DEFAULT_VEHTYPE" speed="13.82" pos="12.01" lane="2/4to2/3_0" slope="0.00"/>
        <vehicle id="25" x="598.35" y="468.90" angle="0.00" type="DEFAULT_VEHTYPE" speed="13.35" pos="126.35" lane="3/3to3/2_0" slope="0.00"/>
        <vehicle id="27" x="305.59" y="201.65" angle="-90.00" type="DEFAULT_VEHTYPE" speed="12.96" pos="89.66" lane="2/1to1/1_0" slope="0.00"/>
        <vehicle id="29" x="110.72" y="201.65" angle="-90.00" type="DEFAULT_VEHTYPE" speed="13.12" pos="84.53" lane="1/1to0/1_0" slope="0.00"/>
        <vehicle id="3" x="201.65" y="592.94" angle="180.00" type="DEFAULT_VEHTYPE" speed="12.90" pos="188.19" lane="1/2to1/3_0" slope="0.00"/>
        <vehicle id="32" x="598.35" y="424.75" angle="0.00" type="DEFAULT_VEHTYPE" speed="12.76" pos="170.50" lane="3/3to3/2_0" slope="0.00"/>
        <vehicle id="37" x="601.65" y="291.25" angle="180.00" type="DEFAULT_VEHTYPE" speed="13.09" pos="86.50" lane="3/1to3/2_0" slope="0.00"/>
        <vehicle id="38" x="401.65" y="607.18" angle="175.82" type="DEFAULT_VEHTYPE" speed="7.31" pos="2.43" lane="2/3to2/4_0" slope="0.00"/>
        <vehicle id="4" x="601.65" y="212.17" angle="180.00" type="DEFAULT_VEHTYPE" speed="9.26" pos="7.42" lane="3/1to3/2_0" slope="0.00"/>
        <vehicle id="41" x="398.35" y="639.49" angle="0.00" type="DEFAULT_VEHTYPE" speed="13.76" pos="160.51" lane="2/4to2/3_0" slope="0.00"/>
        <vehicle id="42" x="517.36" y="198.35" angle="90.00" type="DEFAULT_VEHTYPE" speed="13.52" pos="112.61" lane="2/1to3/1_0" slope="0.00"/>
        <vehicle id="43" x="257.36" y="598.35" angle="90.00" type="DEFAULT_VEHTYPE" speed="13.37" pos="52.61" lane="1/3to2/3_0" slope="0.00"/>
        <vehicle id="44" x="661.60" y="201.65" angle="-90.00" type="DEFAULT_VEHTYPE" speed="13.41" pos="138.40" lane="4/1to3/1_0" slope="0.00"/>
        <vehicle id="46" x="201.65" y="214.93" angle="180.00" type="DEFAULT_VEHTYPE" speed="8.24" pos="10.18" lane="1/1to1/2_0" slope="0.00"/>
        <vehicle id="47" x="398.35" y="718.07" angle="0.00" type="DEFAULT_VEHTYPE" speed="13.45" pos="81.93" lane="2/4to2/3_0" slope="0.00"/>
        <vehicle id="49" x="398.35" y="544.90" angle="0.00" type="DEFAULT_VEHTYPE" speed="13.86" pos="50.35" lane="2/3to2/2_0" slope="0.00"/>
        <vehicle id="6" x="398.35" y="414.55" angle="0.00" type="DEFAULT_VEHTYPE" speed="12.87" pos="180.70" lane="2/3to2/2_0" slope="0.00"/>
    </timestep>
    <timestep time="441.00">
        <vehicle id="1" x="401.65" y="722.88" angle="180.00" type="DEFAULT_VEHTYPE" speed="13.03" pos="118.13" lane="2/3to2/4_0" slope="0.00"/>
        <vehicle id="11" x="187.25" y="398.35" angle="90.00" type="DEFAULT_VEHTYPE" speed="6.01" pos="187.25" lane="0/2to1/2_0" slope="0.00"/>
        <vehicle id="13" x="198.35" y="241.15" angle="0.00" type="DEFAULT_VEHTYPE" speed="13.54" pos="154.10" lane="1/2to1/1_0" slope="0.00"/>
        <vehicle id="17" x="144.90" y="398.35" angle="90.00" type="DEFAULT_VEHTYPE" speed="13.56" pos="144.90" lane="0/2to1/2_0" slope="0.00"/>
        <vehicle id="2" x="417.44" y="198.35" angle="90.00" type="DEFAULT_VEHTYPE" speed="12.64" pos="12.69" lane="2/1to3/1_0" slope="0.00"/>
        <vehicle id="21" x="398.35" y="251.96" angle="0.00" type="DEFAULT_VEHTYPE" speed="12.91" pos="143.29" lane="2/2to2/1_0" slope="0.00"/>
        <vehicle id="23" x="398.35" y="775.15" angle="0.00" type="DEFAULT_VEHTYPE" speed="12.84" pos="24.85" lane="2/4to2/3_0" slope="0.00"/>
        <vehicle id="25" x="598.35" y="455.01" angle="0.00" type="DEFAULT_VEHTYPE" speed="13.89" pos="140.24" lane="3/3to3/2_0" slope="0.00"/>
        <vehicle id="27" x="292.28" y="201.65" angle="-90.00" type="DEFAULT_VEHTYPE" speed="13.30" pos="102.97" lane="2/1to1/1_0" slope="0.00"/>
        <vehicle id="29" x="96.83" y="201.65" angle="-90.00" type="DEFAULT_VEHTYPE" speed="13.89" pos="98.42" lane="1/1to0/1_0" slope="0.00"/>
        <vehicle id="3" x="210.31" y="598.35" angle="90.00" type="DEFAULT_VEHTYPE" speed="12.87" pos="5.56" lane="1/3to2/3_0" slope="0.00"/>
        <vehicle id="32" x="598.35" y="411.83" angle="0.00" type="DEFAULT_VEHTYPE" speed="12.93" pos="183.42" lane="3/3to3/2_0" slope="0.00"/>
        <vehicle id="37" x="601.65" y="304.21" angle="180.00" type="DEFAULT_VEHTYPE" speed="12.96" pos="99.46" lane="3/1to3/2_0" slope="0.00"/>
        <vehicle id="38" x="401.65" y="616.83" angle="180.00" type="DEFAULT_VEHTYPE" speed="9.65" pos="12.08" lane="2/3to2/4_0" slope="0.00"/>
        <vehicle id="4" x="601.65" y="223.92" angle="180.00" type="DEFAULT_VEHTYPE" speed="11.75" pos="19.17" lane="3/1to3/2_0" slope="0.00"/>
        <vehicle id="41" x="398.35" y="626.42" angle="0.00" type="DEFAULT_VEHTYPE" speed="13.07" pos="173.58" lane="2/4to2/3_0" slope="0.00"/>
        <vehicle id="42" x="530.72" y="198.35" angle="90.00" type="DEFAULT_VEHTYPE" speed="13.35" pos="125.97" lane="2/1to3/1_0" slope="0.00"/>
        <vehicle id="43" x="270.97" y="598.35" angle="90.00" type="DEFAULT_VEHTYPE" speed="13.61" pos="66.22" lane="1/3to2/3_0" slope="0.00"/>
        <vehicle id="44" x="648.98" y="201.65" angle="-90.00" type="DEFAULT_VEHTYPE" speed="12.62" pos="151.02" lane="4/1to3/1_0" slope="0.00"/>
        <vehicle id="46" x="201.65" y="224.75" angle="180.00" type="DEFAULT_VEHTYPE" speed="9.82" pos="20.00" lane="1/1to1/2_0" slope="0.00"/>
        <vehicle id="47" x="398.35" y="705.39" angle="0.00" type="DEFAULT_VEHTYPE" speed="12.68" pos="94.61" lane="2/4to2/3_0" slope="0.00"/>
        <vehicle id="49" x="398.35" y="531.44" angle="0.00" type="DEFAULT_VEHTYPE" speed="13.46" pos="63.81" lane="2/3to2/2_0" slope="0.00"/>
        <vehicle id="6" x="397.20" y="402.19" angle="-14.00" type="DEFAULT_VEHTYPE" speed="12.75" pos="2.95" lane=":2/2_0_0" slope="0.00"/>
    </timestep>
    <timestep time="442.00">
        <vehicle id="1" x="401.65" y="736.38" angle="180.00" type="DEFAULT_VEHTYPE" speed="13.50" pos="131.63" lane="2/3to2/4_0" slope="0.00"/>
        <vehicle id="11" x="190.39" y="398.35" angle="90.00" type="DEFAULT_VEHTYPE" speed="3.14" pos="190.39" lane="0/2to1/2_0" slope="0.00"/>
        <vehicle id="13" x="198.35" y="228.13" angle="0.00" type="DEFAULT_VEHTYPE" speed="13.02" pos="167.12" lane="1/2to1/1_0" slope="0.00"/>
        <vehicle id="17" x="158.74" y="398.35" angle="90.00" type="DEFAULT_VEHTYPE" speed="13.84" pos="158.74" lane="0/2to1/2_0" slope="0.00"/>
        <vehicle id="2" x="430.22" y="198.35" angle="90.00" type="DEFAULT_VEHTYPE" speed="12.78" pos="25.47" lane="2/1to3/1_0" slope="0.00"/>
        <vehicle id="21" x="398.35" y="238.28" angle="0.00" type="DEFAULT_VEHTYPE" speed="13.68" pos="156.97" lane="2/2to2/1_0" slope="0.00"/>
        <vehicle id="23" x="398.35" y="762.28" angle="0.00" type="DEFAULT_VEHTYPE" speed="12.88" pos="37.72" lane="2/4to2/3_0" slope="0.00"/>
        <vehicle id="25" x="598.35" y="441.38" angle="0.00" type="DEFAULT_VEHTYPE" speed="13.63" pos="153.87" lane="3/3to3/2_0" slope="0.00"/>
        <vehicle id="27" x="278.52" y="201.65" angle="-90.00" type="DEFAULT_VEHTYPE" speed="13.77" pos="116.73" lane="2/1to1/1_0" slope="0.00"/>
        <vehicle id="29" x="83.45" y="201.65" angle="-90.00" type="DEFAULT_VEHTYPE" speed="13.38" pos="111.80" lane="1/1to0/1_0" slope="0.00"/>
        <vehicle id="3" x="223.09" y="598.35" angle="90.00" type="DEFAULT_VEHTYPE" speed="12.78" pos="18.34" lane="1/3to2/3_0" slope="0.00"/>
        <vehicle id="32" x="594.31" y="401.65" angle="-61.00" type="DEFAULT_VEHTYPE" speed="13.02" pos="0.94" lane="3/2to2/2_0" slope="0.00"/>
        <vehicle id="37" x="601.65" y="317.70" angle="180.00" type="DEFAULT_VEHTYPE" speed="13.49" pos="112.95" lane="3/1to3/2_0" slope="0.00"/>
        <vehicle id="38" x="401.65" y="628.55" angle="180.00" type="DEFAULT_VEHTYPE" speed="11.72" pos="23.80" lane="2/3to2/4_0" slope="0.00"/>
        <vehicle id="4" x="601.65" y="237.36" angle="180.00" type="DEFAULT_VEHTYPE" speed="13.44" pos="32.61" lane="3/1to3/2_0" slope="0.00"/>
        <vehicle id="41" x="398.35" y="613.16" angle="0.00" type="DEFAULT_VEHTYPE" speed="13.26" pos="186.84" lane="2/4to2/3_0" slope="0.00"/>
        <vehicle id="42" x="543.72" y="198.35" angle="90.00" type="DEFAULT_VEHTYPE" speed="13.01" pos="138.97" lane="2/1to3/1_0" slope="0.00"/>
        <vehicle id="43" x="283.77" y="598.35" angle="90.00" type="DEFAULT_VEHTYPE" speed="12.80" pos="79.02" lane="1/3to2/3_0" slope="0.00"/>
        <vehicle id="44" x="635.86" y="201.65" angle="-90.00" type="DEFAULT_VEHTYPE" speed="13.11" pos="164.14" lane="4/1to3/1_0" slope="0.00"/>
        <vehicle id="46" x="201.65" y="236.98" angle="180.00" type="DEFAULT_VEHTYPE" speed="12.23" pos="32.23" lane="1/1to1/2_0" slope="0.00"/>
        <vehicle id="47" x="398.35" y="692.04" angle="0.00" type="DEFAULT_VEHTYPE" speed="13.34" pos="107.96" lane="2/4to2/3_0" slope="0.00"/>
        <vehicle id="49" x="398.35" y="517.61" angle="0.00" type="DEFAULT_VEHTYPE" speed="13.83" pos="77.64" lane="2/3to2/2_0" slope="0.00"/>
        <vehicle id="6" x="384.61" y="401.65" angle="-90.00" type="DEFAULT_VEHTYPE" speed="12.69" pos="10.64" lane="2/2to1/2_0" slope="0.00"/>
    </timestep>
    <timestep time="443.00">
        <vehicle id="1" x="401.65" y="749.79" angle="180.00" type="DEFAULT_VEHTYPE" speed="13.41" pos="145.04" lane="2/3to2/4_0" slope="0.00"/>
        <vehicle id="11" x="196.01" y="398.46" angle="91.25" type="DEFAULT_VEHTYPE" speed="5.62" pos="0.77" lane=":1/2_14_0" slope="0.00"/>
        <vehicle id="13" x="198.35" y="214.48" angle="0.00" type="DEFAULT_VEHTYPE" speed="13.66" pos="180.77" lane="1/2to1/1_0" slope="0.00"/>
        <vehicle id="17" x="169.13" y="398.35" angle="90.00" type="DEFAULT_VEHTYPE" speed="10.39" pos="169.13" lane="0/2to1/2_0" slope="0.00"/>
        <vehicle id="2" x="443.57" y="198.35" angle="90.00" type="DEFAULT_VEHTYPE" speed="13.36" pos="38.82" lane="2/1to3/1_0" slope="0.00"/>
        <vehicle id="21" x="398.35" y="224.99" angle="0.00" type="DEFAULT_VEHTYPE" speed="13.29" pos="170.26" lane="2/2to2/1_0" slope="0.00"/>
        <vehicle id="23" x="398.35" y="749.35" angle="0.00" type="DEFAULT_VEHTYPE" speed="12.93" pos="50.65" lane="2/4to2/3_0" slope="0.00"/>
        <vehicle id="25" x="598.35" y="428.47" angle="0.00" type="DEFAULT_VEHTYPE" speed="12.90" pos="166.78" lane="3/3to3/2_0" slope="0.00"/>
        <vehicle id="27" x="265.73" y="201.65" angle="-90.00" type="DEFAULT_VEHTYPE" speed="12.78" pos="129.52" lane="2/1to1/1_0" slope="0.00"/>
        <vehicle id="29" x="70.29" y="201.65" angle="-90.00" type="DEFAULT_VEHTYPE" speed="13.16" pos="124.96" lane="1/1to0/1_0" slope="0.00"/>
        <vehicle id="3" x="236.60" y="598.35" angle="90.00" type="DEFAULT_VEHTYPE" speed="13.51" pos="31.85" lane="1/3to2/3_0" slope="0.00"/>
        <vehicle id="32" x="581.43" y="401.65" angle="-90.00" type="DEFAULT_VEHTYPE" speed="12.88" pos="13.82" lane="3/2to2/2_0" slope="0.00"/>
        <vehicle id="37" x="601.65" y="330.88" angle="180.00" type="DEFAULT_VEHTYPE" speed="13.18" pos="126.13" lane="3/1to3/2_0" slope="0.00"/>
        <vehicle id="38" x="401.65" y="642.01" angle="180.00" type="DEFAULT_VEHTYPE" speed="13.46" pos="37.26" lane="2/3to2/4_0" slope="0.00"/>
        <vehicle id="4" x="601.65" y="251.05" angle="180.00" type="DEFAULT_VEHTYPE" speed="13.69" pos="46.30" lane="3/1to3/2_0" slope="0.00"/>
        <vehicle id="41" x="398.35" y="600.02" angle="0.00" type="DEFAULT_VEHTYPE" speed="13.14" pos="4.73" lane=":2/3_1_0" slope="0.00"/>
        <vehicle id="42" x="557.43" y="198.35" angle="90.00" type="DEFAULT_VEHTYPE" speed="13.71" pos="152.68" lane="2/1to3/1_0" slope="0.00"/>
        <vehicle id="43" x="296.54" y="598.35" angle="90.00" type="DEFAULT_VEHTYPE" speed="12.76" pos="91.79" lane="1/3to2/3_0" slope="0.00"/>
        <vehicle id="44" x="623.76" y="201.65" angle="-90.00" type="DEFAULT_VEHTYPE" speed="12.10" pos="176.24" lane="4/1to3/1_0" slope="0.00"/>
        <vehicle id="46" x="201.65" y="250.61" angle="180.00" type="DEFAULT_VEHTYPE" speed="13.63" pos="45.86" lane="1/1to1/2_0" slope="0.00"/>
        <vehicle id="47" x="398.35" y="678.85" angle="0.00" type="DEFAULT_VEHTYPE" speed="13.20" pos="121.15" lane="2/4to2/3_0" slope="0.00"/>
        <vehicle id="49" x="398.35" y="503.94" angle="0.00" type="DEFAULT_VEHTYPE" speed="13.67" pos="91.31" lane="2/3to2/2_0" slope="0.00"/>
        <vehicle id="6" x="371.69" y="401.65" angle="-90.00" type="DEFAULT_VEHTYPE" speed="12.92" pos="23.56" lane="2/2to1/2_0" slope="0.00"/>
    </timestep>
    <timestep time="444.00">
        <vehicle id="1" x="401.65" y="763.56" angle="180.00" type="DEFAULT_VEHTYPE" speed="13.77" pos="158.81" lane="2/3to2/4_0" slope="0.00"/>
        <vehicle id="11" x="201.38" y="402.84" angle="143.17" type="DEFAULT_VEHTYPE" speed="7.62" pos="8.39" lane=":1/2_14_0" slope="0.00"/>
        <vehicle id="13" x="196.40" y="201.81" angle="-25.44" type="DEFAULT_VEHTYPE" speed="13.57" pos="3.84" lane=":1/1_0_0" slope="0.00"/>
        <vehicle id="17" x="179.84" y="398.35" angle="90.00" type="DEFAULT_VEHTYPE" speed="10.71" pos="179.84" lane="0/2to1/2_0" slope="0.00"/>
        <vehicle id="2" x="457.21" y="198.35" angle="90.00" type="DEFAULT_VEHTYPE" speed="13.64" pos="52.46" lane="2/1to3/1_0" slope="0.00"/>
        <vehicle id="21" x="398.35" y="211.85" angle="0.00" type="DEFAULT_VEHTYPE" speed="13.14" pos="183.40" lane="2/2to2/1_0" slope="0.00"/>
        <vehicle id="23" x="398.35" y="736.43" angle="0.00" type="DEFAULT_VEHTYPE" speed="12.92" pos="63.57" lane="2/4to2/3_0" slope="0.00"/>
        <vehicle id="25" x="598.35" y="414.77" angle="0.00" type="DEFAULT_VEHTYPE" speed="13.70" pos="180.48" lane="3/3to3/2_0" slope="0.00"/>
        <vehicle id="27" x="252.49" y="201.65" angle="-90.00" type="DEFAULT_VEHTYPE" speed="13.25" pos="142.76" lane="2/1to1/1_0" slope="0.00"/>
        <vehicle id="29" x="56.98" y="201.65" angle="-90.00" type="DEFAULT_VEHTYPE" speed="13.30" pos="138.27" lane="1/1to0/1_0" slope="0.00"/>
        <vehicle id="3" x="249.28" y="598.35" angle="90.00" type="DEFAULT_VEHTYPE" speed="12.68" pos="44.53" lane="1/3to2/3_0" slope="0.00"/>
        <vehicle id="32" x="568.67" y="401.65" angle="-90.00" type="DEFAULT_VEHTYPE" speed="12.76" pos="26.58" lane="3/2to2/2_0" slope="0.00"/>
        <vehicle id="37" x="601.65" y="344.07" angle="180.00" type="DEFAULT_VEHTYPE" speed="13.19" pos="139.32" lane="3/1to3/2_0" slope="0.00"/>
        <vehicle id="38" x="401.65" y="655.62" angle="180.00" type="DEFAULT_VEHTYPE" speed="13.62" pos="50.87" lane="2/3to2/4_0" slope="0.00"/>
        <vehicle id="4" x="601.65" y="263.88" angle="180.00" type="DEFAULT_VEHTYPE" speed="12.83" pos="59.13" lane="3/1to3/2_0" slope="0.00"/>
        <vehicle id="41" x="398.35" y="586.74" angle="0.00" type="DEFAULT_VEHTYPE" speed="13.28" pos="8.51" lane="2/3to2/2_0" slope="0.00"/>
        <vehicle id="42" x="570.57" y="198.35" angle="90.00" type="DEFAULT_VEHTYPE" speed="13.14" pos="165.82" lane="2/1to3/1_0" slope="0.00"/>
        <vehicle id="43" x="309.50" y="598.35" angle="90.00" type="DEFAULT_VEHTYPE" speed="12.96" pos="104.75" lane="1/3to2/3_0" slope="0.00"/>
        <vehicle id="44" x="615.58" y="201.65" angle="-90.00" type="DEFAULT_VEHTYPE" speed="8.18" pos="184.42" lane="4/1to3/1_0" slope="0.00"/>
        <vehicle id="46" x="201.65" y="263.28" angle="180.00" type="DEFAULT_VEHTYPE" speed="12.67" pos="58.53" lane="1/1to1/2_0" slope="0.00"/>
        <vehicle id="47" x="398.35" y="665.69" angle="0.00" type="DEFAULT_VEHTYPE" speed="13.16" pos="134.31" lane="2/4to2/3_0" slope="0.00"/>
        <vehicle id="49" x="398.35" y="490.05" angle="0.00" type="DEFAULT_VEHTYPE" speed="13.89" pos="105.20" lane="2/3to2/2_0" slope="0.00"/>
        <vehicle id="6" x="358.96" y="401.65" angle="-90.00" type="DEFAULT_VEHTYPE" speed="12.73" pos="36.29" lane="2/2to1/2_0" slope="0.00"/>
    </timestep>
    <timestep time="445.00">
        <vehicle id="1" x="401.65" y="776.85" angle="180.00" type="DEFAULT_VEHTYPE" speed="13.29" pos="172.10" lane="2/3to2/4_0" slope="0.00"/>
        <vehicle id="11" x="201.65" y="412.20" angle="180.00" type="DEFAULT_VEHTYPE" speed="9.38" pos="7.45" lane="1/2to1/3_0" slope="0.00"/>
        <vehicle id="13" x="183.49" y="201.65" angle="-90.00" type="DEFAULT_VEHTYPE" speed="12.92" pos="11.76" lane="1/1to0/1_0" slope="0.00"/>
        <vehicle id="17" x="186.45" y="398.35" angle="90.00" type="DEFAULT_VEHTYPE" speed="6.61" pos="186.45" lane="0/2to1/2_0" slope="0.00"/>
        <vehicle id="2" x="470.55" y="198.35" angle="90.00" type="DEFAULT_VEHTYPE" speed="13.34" pos="65.80" lane="2/1to3/1_0" slope="0.00"/>
        <vehicle id="21" x="394.19" y="201.65" angle="-62.95" type="DEFAULT_VEHTYPE" speed="13.16" pos="1.06" lane="2/1to1/1_0" slope="0.00"/>
        <vehicle id="23" x="398.35" y="723.30" angle="0.00" type="DEFAULT_VEHTYPE" speed="13.14" pos="76.70" lane="2/4to2/3_0" slope="0.00"/>
        <vehicle id="25" x="596.54" y="401.83" angle="-23.21" type="DEFAULT_VEHTYPE" speed="13.73" pos="3.70" lane=":3/2_0_0" slope="0.00"/>
        <vehicle id="27" x="238.60" y="201.65" angle="-90.00" type="DEFAULT_VEHTYPE" speed="13.89" pos="156.65" lane="2/1to1/1_0" slope="0.00"/>
        <vehicle id="29" x="44.17" y="201.65" angle="-90.00" type="DEFAULT_VEHTYPE" speed="12.81" pos="151.08" lane="1/1to0/1_0" slope="0.00"/>
        <vehicle id="3" x="262.47" y="598.35" angle="90.00" type="DEFAULT_VEHTYPE" speed="13.19" pos="57.72" lane="1/3to2/3_0" slope="0.00"/>
        <vehicle id="32" x="555.86" y="401.65" angle="-90.00" type="DEFAULT_VEHTYPE" speed="12.81" pos="39.39" lane="3/2to2/2_0" slope="0.00"/>
        <vehicle id="37" x="601.65" y="357.07" angle="180.00" type="DEFAULT_VEHTYPE" speed="13.01" pos="152.32" lane="3/1to3/2_0" slope="0.00"/>
        <vehicle id="38" x="401.65" y="668.28" angle="180.00" type="DEFAULT_VEHTYPE" speed="12.65" pos="63.53" lane="2/3to2/4_0" slope="0.00"/>
        <vehicle id="4" x="601.65" y="276.99" angle="180.00" type="DEFAULT_VEHTYPE" speed="13.11" pos="72.24" lane="3/1to3/2_0" slope="0.00"/>
        <vehicle id="41" x="398.35" y="573.19" angle="0.00" type="DEFAULT_VEHTYPE" speed="13.55" pos="22.06" lane="2/3to2/2_0" slope="0.00"/>
        <vehicle id="42" x="579.72" y="198.35" angle="90.00" type="DEFAULT_VEHTYPE" speed="9.16" pos="174.97" lane="2/1to3/1_0" slope="0.00"/>
        <vehicle id="43" x="323.07" y="598.35" angle="90.00" type="DEFAULT_VEHTYPE" speed="13.57" pos="118.32" lane="1/3to2/3_0" slope="0.00"/>
        <vehicle id="44" x="610.58" y="201.65" angle="-90.00" type="DEFAULT_VEHTYPE" speed="5.00" pos="189.42" lane="4/1to3/1_0" slope="0.00"/>
        <vehicle id="46" x="201.65" y="276.96" angle="180.00" type="DEFAULT_VEHTYPE" speed="13.68" pos="72.21" lane="1/1to1/2_0" slope="0.00"/>
        <vehicle id="47" x="398.35" y="652.27" angle="0.00" type="DEFAULT_VEHTYPE" speed="13.41" pos="147.73" lane="2/4to2/3_0" slope="0.00"/>
        <vehicle id="49" x="398.35" y="476.57" angle="0.00" type="DEFAULT_VEHTYPE" speed="13.48" pos="118.68" lane="2/3to2/2_0" slope="0.00"/>
        <vehicle id="6" x="345.95" y="401.65" angle="-90.00" type="DEFAULT_VEHTYPE" speed="13.01" pos="49.30" lane="2/2to1/2_0" slope="0.00"/>
    </timestep>
    <timestep time="446.00">
        <vehicle id="1" x="401.65" y="789.89" angle="180.00" type="DEFAULT_VEHTYPE" speed="13.04" pos="185.14" lane="2/3to2/4_0" slope="0.00"/>
        <vehicle id="11" x="201.65" y="423.82" angle="180.00" type="DEFAULT_VEHTYPE" speed="11.62" pos="19.07" lane="1/2to1/3_0" slope="0.00"/>
        <vehicle id="13" x="170.48" y="201.65" angle="-90.00" type="DEFAULT_VEHTYPE" speed="13.01" pos="24.77" lane="1/1to0/1_0" slope="0.00"/>
        <vehicle id="17" x="190.08" y="398.35" angle="90.00" type="DEFAULT_VEHTYPE" speed="3.64" pos="190.08" lane="0/2to1/2_0" slope="0.00"/>
        <vehicle id="2" x="483.16" y="198.35" angle="90.00" type="DEFAULT_VEHTYPE" speed="12.61" pos="78.41" lane="2/1to3/1_0" slope="0.00"/>
        <vehicle id="21" x="381.42" y="201.65" angle="-90.00" type="DEFAULT_VEHTYPE" speed="12.77" pos="13.83" lane="2/1to1/1_0" slope="0.00"/>
        <vehicle id="23" x="398.35" y="710.25" angle="0.00" type="DEFAULT_VEHTYPE" speed="13.05" pos="89.75" lane="2/4to2/3_0" slope="0.00"/>
        <vehicle id="25" x="583.37" y="401.65" angle="-90.00" type="DEFAULT_VEHTYPE" speed="13.17" pos="11.88" lane="3/2to2/2_0" slope="0.00"/>
        <vehicle id="27" x="226.74" y="201.65" angle="-90.00" type="DEFAULT_VEHTYPE" speed="11.85" pos="168.51" lane="2/1to1/1_0" slope="0.00"/>
        <vehicle id="29" x="31.27" y="201.65" angle="-90.00" type="DEFAULT_VEHTYPE" speed="12.90" pos="163.98" lane="1/1to0/1_0" slope="0.00"/>
        <vehicle id="3" x="275.37" y="598.35" angle="90.00" type="DEFAULT_VEHTYPE" speed="12.90" pos="70.62" lane="1/3to2/3_0" slope="0.00"/>
        <vehicle id="32" x="543.23" y="401.65" angle="-90.00" type="DEFAULT_VEHTYPE" speed="12.63" pos="52.02" lane="3/2to2/2_0" slope="0.00"/>
        <vehicle id="37" x="601.65" y="370.68" angle="180.00" type="DEFAULT_VEHTYPE" speed="13.61" pos="165.93" lane="3/1to3/2_0" slope="0.00"/>
        <vehicle id="38" x="401.65" y="681.17" angle="180.00" type="DEFAULT_VEHTYPE" speed="12.89" pos="76.42" lane="2/3to2/4_0" slope="0.00"/>
        <vehicle id="4" x="601.65" y="289.86" angle="180.00" type="DEFAULT_VEHTYPE" speed="12.87" pos="85.11" lane="3/1to3/2_0" slope="0.00"/>
        <vehicle id="41" x="398.35" y="559.31" angle="0.00" type="DEFAULT_VEHTYPE" speed="13.89" pos="35.94" lane="2/3to2/2_0" slope="0.00"/>
        <vehicle id="42" x="585.86" y="198.35" angle="90.00" type="DEFAULT_VEHTYPE" speed="6.13" pos="181.11" lane="2/1to3/1_0" slope="0.00"/>
        <vehicle id="43" x="336.09" y="598.35" angle="90.00" type="DEFAULT_VEHTYPE" speed="13.02" pos="131.34" lane="1/3to2/3_0" slope="0.00"/>
        <vehicle id="44" x="603.48" y="201.83" angle="-92.03" type="DEFAULT_VEHTYPE" speed="7.11" pos="1.28" lane=":3/1_4_0" slope="0.00"/>
        <vehicle id="46" x="201.65" y="290.39" angle="180.00" type="DEFAULT_VEHTYPE" speed="13.43" pos="85.64" lane="1/1to1/2_0" slope="0.00"/>
        <vehicle id="47" x="398.35" y="638.74" angle="0.00" type="DEFAULT_VEHTYPE" speed="13.53" pos="161.26" lane="2/4to2/3_0" slope="0.00"/>
        <vehicle id="49" x="398.35" y="463.73" angle="0.00" type="DEFAULT_VEHTYPE" speed="12.84" pos="131.52" lane="2/3to2/2_0" slope="0.00"/>
        <vehicle id="6" x="333.18" y="401.65" angle="-90.00" type="DEFAULT_VEHTYPE" speed="12.77" pos="62.07" lane="2/2to1/2_0" slope="0.00"/>
    </timestep>
    <timestep time="447.00">
        <vehicle id="1" x="399.74" y="801.52" angle="-153.51" type="DEFAULT_VEHTYPE" speed="12.81" pos="2.70" lane=":2/4_0_0" slope="0.00"/>
        <vehicle id="11" x="201.65" y="437.32" angle="180.00" type="DEFAULT_VEHTYPE" speed="13.50" pos="32.57" lane="1/2to1/3_0" slope="0.00"/>
        <vehicle id="13" x="157.67" y="201.65" angle="-90.00" type="DEFAULT_VEHTYPE" speed="12.81" pos="37.58" lane="1/1to0/1_0" slope="0.00"/>
        <vehicle id="17" x="195.52" y="398.39" angle="90.44" type="DEFAULT_VEHTYPE" speed="5.44" pos="0.27" lane=":1/2_14_0" slope="0.00"/>
        <vehicle id="2" x="496.53" y="198.35" angle="90.00" type="DEFAULT_VEHTYPE" speed="13.37" pos="91.78" lane="2/1to3/1_0" slope="0.00"/>
        <vehicle id="21" x="368.58" y="201.65" angle="-90.00" type="DEFAULT_VEHTYPE" speed="12.85" pos="26.67" lane="2/1to1/1_0" slope="0.00"/>
        <vehicle id="23" x="398.35" y="697.45" angle="0.00" type="DEFAULT_VEHTYPE" speed="12.79" pos="102.55" lane="2/4to2/3_0" slope="0.00"/>
        <vehicle id="25" x="569.91" y="401.65" angle="-90.00" type="DEFAULT_VEHTYPE" speed="13.46" pos="25.34" lane="3/2to2/2_0" slope="0.00"/>
        <vehicle id="27" x="218.00" y="201.65" angle="-90.00" type="DEFAULT_VEHTYPE" speed="8.74" pos="177.25" lane="2/1to1/1_0" slope="0.00"/>
        <vehicle id="29" x="17.56" y="201.65" angle="-90.00" type="DEFAULT_VEHTYPE" speed="13.71" pos="177.69" lane="1/1to0/1_0" slope="0.00"/>
        <vehicle id="3" x="288.85" y="598.35" angle="90.00" type="DEFAULT_VEHTYPE" speed="13.48" pos="84.10" lane="1/3to2/3_0" slope="0.00"/>
        <vehicle id="32" x="530.38" y="401.65" angle="-90.00" type="DEFAULT_VEHTYPE" speed="12.85" pos="64.87" lane="3/2to2/2_0" slope="0.00"/>
        <vehicle id="37" x="601.65" y="383.44" angle="180.00" type="DEFAULT_VEHTYPE" speed="12.75" pos="178.69" lane="3/1to3/2_0" slope="0.00"/>
        <vehicle id="38" x="401.65" y="693.86" angle="180.00" type="DEFAULT_VEHTYPE" speed="12.69" pos="89.11" lane="2/3to2/4_0" slope="0.00"/>
        <vehicle id="4" x="601.65" y="302.75" angle="180.00" type="DEFAULT_VEHTYPE" speed="12.89" pos="98.00" lane="3/1to3/2_0" slope="0.00"/>
        <vehicle id="41" x="398.35" y="546.26" angle="0.00" type="DEFAULT_VEHTYPE" speed="13.04" pos="48.99" lane="2/3to2/2_0" slope="0.00"/>
        <vehicle id="42" x="589.24" y="198.35" angle="90.00" type="DEFAULT_VEHTYPE" speed="3.38" pos="184.49" lane="2/1to3/1_0" slope="0.00"/>
        <vehicle id="43" x="349.85" y="598.35" angle="90.00" type="DEFAULT_VEHTYPE" speed="13.77" pos="145.10" lane="1/3to2/3_0" slope="0.00"/>
        <vehicle id="44" x="601.65" y="209.80" angle="180.00" type="DEFAULT_VEHTYPE" speed="8.77" pos="5.05" lane="3/1to3/2_0" slope="0.00"/>
        <vehicle id="46" x="201.65" y="304.22" angle="180.00" type="DEFAULT_VEHTYPE" speed="13.83" pos="99.47" lane="1/1to1/2_0" slope="0.00"/>
        <vehicle id="47" x="398.35" y="625.32" angle="0.00" type="DEFAULT_VEHTYPE" speed="13.42" pos="174.68" lane="2/4to2/3_0" slope="0.00"/>
        <vehicle id="49" x="398.35" y="450.38" angle="0.00" type="DEFAULT_VEHTYPE" speed="13.35" pos="144.87" lane="2/3to2/2_0" slope="0.00"/>
        <vehicle id="6" x="320.47" y="401.65" angle="-90.00" type="DEFAULT_VEHTYPE" speed="12.71" pos="74.78" lane="2/2to1/2_0" slope="0.00"/>
    </timestep>
    <timestep time="448.00">
        <vehicle id="1" x="398.35" y="788.29" angle="0.00" type="DEFAULT_VEHTYPE" speed="13.83" pos="11.71" lane="2/4to2/3_0" slope="0.00"/>
        <vehicle id="11" x="201.65" y="450.96" angle="180.00" type="DEFAULT_VEHTYPE" speed="13.64" pos="46.21" lane="1/2to1/3_0" slope="0.00"/>
        <vehicle id="13" x="144.69" y="201.65" angle="-90.00" type="DEFAULT_VEHTYPE" speed="12.98" pos="50.56" lane="1/1to0/1_0" slope="0.00"/>
        <vehicle id="17" x="201.12" y="401.73" angle="130.03" type="DEFAULT_VEHTYPE" speed="6.97" pos="7.24" lane=":1/2_14_0" slope="0.00"/>
        <vehicle id="2" x="509.84" y="198.35" angle="90.00" type="DEFAULT_VEHTYPE" speed="13.31" pos="105.09" lane="2/1to3/1_0" slope="0.00"/>
        <vehicle id="21" x="355.80" y="201.65" angle="-90.00" type="DEFAULT_VEHTYPE" speed="12.77" pos="39.45" lane="2/1to1/1_0" slope="0.00"/>
        <vehicle id="23" x="398.35" y="683.80" angle="0.00" type="DEFAULT_VEHTYPE" speed="13.65" pos="116.20" lane="2/4to2/3_0" slope="0.00"/>
        <vehicle id="25" x="556.26" y="401.65" angle="-90.00" type="DEFAULT_VEHTYPE" speed="13.65" pos="38.99" lane="3/2to2/2_0" slope="0.00"/>
        <vehicle id="27" x="212.91" y="201.65" angle="-90.00" type="DEFAULT_VEHTYPE" speed="5.09" pos="182.34" lane="2/1to1/1_0" slope="0.00"/>
        <vehicle id="29" x="3.69" y="201.65" angle="-90.00" type="DEFAULT_VEHTYPE" speed="13.87" pos="191.56" lane="1/1to0/1_0" slope="0.00"/>
        <vehicle id="3" x="302.54" y="598.35" angle="90.00" type="DEFAULT_VEHTYPE" speed="13.69" pos="97.79" lane="1/3to2/3_0" slope="0.00"/>
        <vehicle id="32" x="517.50" y="401.65" angle="-90.00" type="DEFAULT_VEHTYPE" speed="12.88" pos="77.75" lane="3/2to2/2_0" slope="0.00"/>
        <vehicle id="37" x="601.65" y="396.50" angle="180.00" type="DEFAULT_VEHTYPE" speed="13.07" pos="1.25" lane=":3/2_9_0" slope="0.00"/>
        <vehicle id="38" x="401.65" y="707.49" angle="180.00" type="DEFAULT_VEHTYPE" speed="13.63" pos="102.74" lane="2/3to2/4_0" slope="0.00"/>
        <vehicle id="4" x="601.65" y="316.00" angle="180.00" type="DEFAULT_VEHTYPE" speed="13.25" pos="111.25" lane="3/1to3/2_0" slope="0.00"/>
        <vehicle id="41" x="398.35" y="533.24" angle="0.00" type="DEFAULT_VEHTYPE" speed="13.02" pos="62.01" lane="2/3to2/2_0" slope="0.00"/>
        <vehicle id="42" x="595.13" y="198.35" angle="90.00" type="DEFAULT_VEHTYPE" speed="5.90" pos="190.38" lane="2/1to3/1_0" slope="0.00"/>
        <vehicle id="43" x="363.51" y="598.35" angle="90.00" type="DEFAULT_VEHTYPE" speed="13.66" pos="158.76" lane="1/3to2/3_0" slope="0.00"/>
        <vehicle id="44" x="601.65" y="220.66" angle="180.00" type="DEFAULT_VEHTYPE" speed="10.86" pos="15.91" lane="3/1to3/2_0" slope="0.00"/>
        <vehicle id="46" x="201.65" y="318.11" angle="180.00" type="DEFAULT_VEHTYPE" speed="13.88" pos="113.36" lane="1/1to1/2_0" slope="0.00"/>
        <vehicle id="47" x="398.35" y="611.57" angle="0.00" type="DEFAULT_VEHTYPE" speed="13.75" pos="188.43" lane="2/4to2/3_0" slope="0.00"/>
        <vehicle id="49" x="398.35" y="437.73" angle="0.00" type="DEFAULT_VEHTYPE" speed="12.65" pos="157.52" lane="2/3to2/2_0" slope="0.00"/>
        <vehicle id="6" x="307.09" y="401.65" angle="-90.00" type="DEFAULT_VEHTYPE" speed="13.38" pos="88.16" lane="2/2to1/2_0" slope="0.00"/>
    </timestep>
    <timestep time="449.00">
        <vehicle id="1" x="398.35" y="774.62" angle="0.00" type="DEFAULT_VEHTYPE" speed="13.67" pos="25.38" lane="2/4to2/3_0" slope="0.00"/>
        <vehicle id="11" x="201.65" y="464.55" angle="180.00" type="DEFAULT_VEHTYPE" speed="13.59" pos="59.80" lane="1/2to1/3_0" slope="0.00"/>
        <vehicle id="13" x="131.51" y="201.65" angle="-90.00" type="DEFAULT_VEHTYPE" speed="13.18" pos="63.74" lane="1/1to0/1_0" slope="0.00"/>
        <vehicle id="17" x="201.65" y="411.13" angle="180.00" type="DEFAULT_VEHTYPE" speed="9.46" pos="6.38" lane="1/2to1/3_0" slope="0.00"/>
        <vehicle id="2" x="523.17" y="198.35" angle="90.00" type="DEFAULT_VEHTYPE" speed="13.32" pos="118.42" lane="2/1to3/1_0" slope="0.00"/>
        <vehicle id="21" x="342.25" y="201.65" angle="-90.00" type="DEFAULT_VEHTYPE" speed="13.55" pos="53.00" lane="2/1to1/1_0" slope="0.00"/>
        <vehicle id="23" x="398.35" y="671.00" angle="0.00" type="DEFAULT_VEHTYPE" speed="12.80" pos="129.00" lane="2/4to2/3_0" slope="0.00"/>
        <vehicle id="25" x="543.56" y="401.65" angle="-90.00" type="DEFAULT_VEHTYPE" speed="12.70" pos="51.69" lane="3/2to2/2_0" slope="0.00"/>
        <vehicle id="27" x="210.08" y="201.65" angle="-90.00" type="DEFAULT_VEHTYPE" speed="2.83" pos="185.17" lane="2/1to1/1_0" slope="0.00"/>
        <vehicle id="29" x="4.86" y="198.35" angle="89.12" type="DEFAULT_VEHTYPE" speed="13.37" pos="4.86" lane="0/1to1/1_0" slope="0.00"/>
        <vehicle id="3" x="316.18" y="598.35" angle="90.00" type="DEFAULT_VEHTYPE" speed="13.64" pos="111.43" lane="1/3to2/3_0" slope="0.00"/>
        <vehicle id="32" x="504.77" y="401.65" angle="-90.00" type="DEFAULT_VEHTYPE" speed="12.72" pos="90.48" lane="3/2to2/2_0" slope="0.00"/>
        <vehicle id="37" x="601.65" y="409.89" angle="180.00" type="DEFAULT_VEHTYPE" speed="13.38" pos="5.14" lane="3/2to3/3_0" slope="0.00"/>
        <vehicle id="38" x="401.65" y="721.05" angle="180.00" type="DEFAULT_VEHTYPE" speed="13.56" pos="116.30" lane="2/3to2/4_0" slope="0.00"/>
        <vehicle id="4" x="601.65" y="328.69" angle="180.00" type="DEFAULT_VEHTYPE" speed="12.69" pos="123.94" lane="3/1to3/2_0" slope="0.00"/>
        <vehicle id="41" x="398.35" y="520.17" angle="0.00" type="DEFAULT_VEHTYPE" speed="13.07" pos="75.08" lane="2/3to2/2_0" slope="0.00"/>
        <vehicle id="42" x="601.16" y="201.80" angle="130.75" type="DEFAULT_VEHTYPE" speed="7.43" pos="7.31" lane=":3/1_14_0" slope="0.00"/>
        <vehicle id="43" x="375.01" y="598.35" angle="90.00" type="DEFAULT_VEHTYPE" speed="11.50" pos="170.26" lane="1/3to2/3_0" slope="0.00"/>
        <vehicle id="44" x="601.65" y="233.61" angle="180.00" type="DEFAULT_VEHTYPE" speed="12.95" pos="28.86" lane="3/1to3/2_0" slope="0.00"/>
        <vehicle id="46" x="201.65" y="331.04" angle="180.00" type="DEFAULT_VEHTYPE" speed="12.93" pos="126.29" lane="1/1to1/2_0" slope="0.00"/>
        <vehicle id="47" x="398.35" y="598.37" angle="0.00" type="DEFAULT_VEHTYPE" speed="13.20" pos="6.38" lane=":2/3_1_0" slope="0.00"/>
        <vehicle id="49" x="398.35" y="424.49" angle="0.00" type="DEFAULT_VEHTYPE" speed="13.24" pos="170.76" lane="2/3to2/2_0" slope="0.00"/>
        <vehicle id="6" x="294.30" y="401.65" angle="-90.00" type="DEFAULT_VEHTYPE" speed="12.79" pos="100.95" lane="2/2to1/2_0" slope="0.00"/>
    </timestep>
    <timestep time="450.00">
        <vehicle id="1" x="398.35" y="761.94" angle="0.00" type="DEFAULT_VEHTYPE" speed="12.68" pos="38.06" lane="2/4to2/3_0" slope="0.00"/>
        <vehicle id="11" x="201.65" y="478.38" angle="180.00" type="DEFAULT_VEHTYPE" speed="13.83" pos="73.63" lane="1/2to1/3_0" slope="0.00"/>
        <vehicle id="13" x="117.93" y="201.65" angle="-90.00" type="DEFAULT_VEHTYPE" speed="13.57" pos="77.32" lane="1/1to0/1_0" slope="0.00"/>
        <vehicle id="17" x="201.65" y="422.63" angle="180.00" type="DEFAULT_VEHTYPE" speed="11.49" pos="17.88" lane="1/2to1/3_0" slope="0.00"/>
        <vehicle id="2" x="536.22" y="198.35" angle="90.00" type="DEFAULT_VEHTYPE" speed="13.06" pos="131.47" lane="2/1to3/1_0" slope="0.00"/>
        <vehicle id="21" x="329.59" y="201.65" angle="-90.00" type="DEFAULT_VEHTYPE" speed="12.67" pos="65.66" lane="2/1to1/1_0" slope="0.00"/>
        <vehicle id="23" x="398.35" y="657.70" angle="0.00" type="DEFAULT_VEHTYPE" speed="13.29" pos="142.30" lane="2/4to2/3_0" slope="0.00"/>
        <vehicle id="25" x="530.89" y="401.65" angle="-90.00" type="DEFAULT_VEHTYPE" speed="12.67" pos="64.36" lane="3/2to2/2_0" slope="0.00"/>
        <vehicle id="27" x="205.71" y="201.65" angle="-90.00" type="DEFAULT_VEHTYPE" speed="4.37" pos="189.54" lane="2/1to1/1_0" slope="0.00"/>
        <vehicle id="29" x="17.99" y="198.35" angle="90.00" type="DEFAULT_VEHTYPE" speed="13.13" pos="17.99" lane="0/1to1/1_0" slope="0.00"/>
        <vehicle id="3" x="329.85" y="598.35" angle="90.00" type="DEFAULT_VEHTYPE" speed="13.67" pos="125.10" lane="1/3to2/3_0" slope="0.00"/>
        <vehicle id="32" x="491.25" y="401.65" angle="-90.00" type="DEFAULT_VEHTYPE" speed="13.52" pos="104.00" lane="3/2to2/2_0" slope="0.00"/>
        <vehicle id="37" x="601.65" y="423.03" angle="180.00" type="DEFAULT_VEHTYPE" speed="13.14" pos="18.28" lane="3/2to3/3_0" slope="0.00"/>
        <vehicle id="38" x="401.65" y="734.09" angle="180.00" type="DEFAULT_VEHTYPE" speed="13.05" pos="129.34" lane="2/3to2/4_0" slope="0.00"/>
        <vehicle id="4" x="601.65" y="341.49" angle="180.00" type="DEFAULT_VEHTYPE" speed="12.80" pos="136.74" lane="3/1to3/2_0" slope="0.00"/>
        <vehicle id="41" x="398.35" y="506.52" angle="0.00" type="DEFAULT_VEHTYPE" speed="13.65" pos="88.73" lane="2/3to2/2_0" slope="0.00"/>
        <vehicle id="42" x="601.65" y="211.65" angle="180.00" type="DEFAULT_VEHTYPE" speed="9.91" pos="6.90" lane="3/1to3/2_0" slope="0.00"/>
        <vehicle id="43" x="382.78" y="598.35" angle="90.00" type="DEFAULT_VEHTYPE" speed="7.77" pos="178.03" lane="1/3to2/3_0" slope="0.00"/>
        <vehicle id="44" x="601.65" y="247.21" angle="180.00" type="DEFAULT_VEHTYPE" speed="13.60" pos="42.46" lane="3/1to3/2_0" slope="0.00"/>
        <vehicle id="46" x="201.65" y="344.14" angle="180.00" type="DEFAULT_VEHTYPE" speed="13.10" pos="139.39" lane="1/1to1/2_0" slope="0.00"/>
        <vehicle id="47" x="398.35" y="585.73" angle="0.00" type="DEFAULT_VEHTYPE" speed="12.64" pos="9.52" lane="2/3to2/2_0" slope="0.00"/>
        <vehicle id="49" x="398.35" y="411.53" angle="0.00" type="DEFAULT_VEHTYPE" speed="12.96" pos="183.72" lane="2/3to2/2_0" slope="0.00"/>
        <vehicle id="6" x="281.46" y="401.65" angle="-90.00" type="DEFAULT_VEHTYPE" speed="12.84" pos="113.79" lane="2/2to1/2_0" slope="0.00"/>
    </timestep>
    <timestep time="451.00">
        <vehicle id="1" x="398.35" y="748.82" angle="0.00" type="DEFAULT_VEHTYPE" speed="13.12" pos="51.18" lane="2/4to2/3_0" slope="0.00"/>
        <vehicle id="11" x="201.65" y="492.09" angle="180.00" type="DEFAULT_VEHTYPE" speed="13.70" pos="87.34" lane="1/2to1/3_0" slope="0.00"/>
        <vehicle id="13" x="104.23" y="201.65" angle="-90.00" type="DEFAULT_VEHTYPE" speed="13.70" pos="91.02" lane="1/1to0/1_0" slope="0.00"/>
        <vehicle id="17" x="201.65" y="435.26" angle="180.00" type="DEFAULT_VEHTYPE" speed="12.63" pos="30.51" lane="1/2to1/3_0" slope="0.00"/>
        <vehicle id="2" x="549.90" y="198.35" angle="90.00" type="DEFAULT_VEHTYPE" speed="13.68" pos="145.15" lane="2/1to3/1_0" slope="0.00"/>
        <vehicle id="21" x="315.99" y="201.65" angle="-90.00" type="DEFAULT_VEHTYPE" speed="13.60" pos="79.26" lane="2/1to1/1_0" slope="0.00"/>
        <vehicle id="23" x="398.35" y="644.95" angle="0.00" type="DEFAULT_VEHTYPE" speed="12.75" pos="155.05" lane="2/4to2/3_0" slope="0.00"/>
        <vehicle id="25" x="517.75" y="401.65" angle="-90.00" type="DEFAULT_VEHTYPE" speed="13.14" pos="77.50" lane="3/2to2/2_0" slope="0.00"/>
        <vehicle id="27" x="201.65" y="204.93" angle="-138.07" type="DEFAULT_VEHTYPE" speed="6.14" pos="0.18" lane="1/1to1/2_0" slope="0.00"/>
        <vehicle id="29" x="31.38" y="198.35" angle="90.00" type="DEFAULT_VEHTYPE" speed="13.39" pos="31.38" lane="0/1to1/1_0" slope="0.00"/>
        <vehicle id="3" x="342.92" y="598.35" angle="90.00" type="DEFAULT_VEHTYPE" speed="13.07" pos="138.17" lane="1/3to2/3_0" slope="0.00"/>
        <vehicle id="32" x="477.93" y="401.65" angle="-90.00" type="DEFAULT_VEHTYPE" speed="13.32" pos="117.32" lane="3/2to2/2_0" slope="0.00"/>
        <vehicle id="37" x="601.65" y="435.95" angle="180.00" type="DEFAULT_VEHTYPE" speed="12.93" pos="31.20" lane="3/2to3/3_0" slope="0.00"/>
        <vehicle id="38" x="401.65" y="747.18" angle="180.00" type="DEFAULT_VEHTYPE" speed="13.09" pos="142.43" lane="2/3to2/4_0" slope="0.00"/>
        <vehicle id="4" x="601.65" y="354.18" angle="180.00" type="DEFAULT_VEHTYPE" speed="12.69" pos="149.43" lane="3/1to3/2_0" slope="0.00"/>
        <vehicle id="41" x="398.35" y="493.04" angle="0.00" type="DEFAULT_VEHTYPE" speed="13.48" pos="102.21" lane="2/3to2/2_0" slope="0.00"/>
        <vehicle id="42" x="601.65" y="223.21" angle="180.00" type="DEFAULT_VEHTYPE" speed="11.56" pos="18.46" lane="3/1to3/2_0" slope="0.00"/>
        <vehicle id="43" x="388.67" y="598.35" angle="90.00" type="DEFAULT_VEHTYPE" speed="5.88" pos="183.92" lane="1/3to2/3_0" slope="0.00"/>
        <vehicle id="44" x="601.65" y="260.05" angle="180.00" type="DEFAULT_VEHTYPE" speed="12.84" pos="55.30" lane="3/1to3/2_0" slope="0.00"/>
        <vehicle id="46" x="201.65" y="357.47" angle="180.00" type="DEFAULT_VEHTYPE" speed="13.34" pos="152.72" lane="1/1to1/2_0" slope="0.00"/>
        <vehicle id="47" x="398.35" y="572.46" angle="0.00" type="DEFAULT_VEHTYPE" speed="13.27" pos="22.79" lane="2/3to2/2_0" slope="0.00"/>
        <vehicle id="49" x="398.35" y="398.76" angle="0.00" type="DEFAULT_VEHTYPE" speed="12.77" pos="5.99" lane=":2/2_1_0" slope="0.00"/>
        <vehicle id="6" x="268.72" y="401.65" angle="-90.00" type="DEFAULT_VEHTYPE" speed="12.74" pos="126.53" lane="2/2to1/2_0" slope="0.00"/>
    </timestep>
    <timestep time="452.00">
        <vehicle id="1" x="398.35" y="735.82" angle="0.00" type="DEFAULT_VEHTYPE" speed="13.00" pos="64.18" lane="2/4to2/3_0" slope="0.00"/>
        <vehicle id="11" x="201.65" y="505.12" angle="180.00" type="DEFAULT_VEHTYPE" speed="13.03" pos="100.37" lane="1/2to1/3_0" slope="0.00"/>
        <vehicle id="13" x="90.41" y="201.65" angle="-90.00" type="DEFAULT_VEHTYPE" speed="13.82" pos="104.84" lane="1/1to0/1_0" slope="0.00"/>
        <vehicle id="17" x="201.65" y="448.62" angle="180.00" type="DEFAULT_VEHTYPE" speed="13.36" pos="43.87" lane="1/2to1/3_0" slope="0.00"/>
        <vehicle id="2" x="562.62" y="198.35" angle="90.00" type="DEFAULT_VEHTYPE" speed="12.72" pos="157.87" lane="2/1to3/1_0" slope="0.00"/>
        <vehicle id="21" x="302.22" y="201.65" angle="-90.00" type="DEFAULT_VEHTYPE" speed="13.77" pos="93.03" lane="2/1to1/1_0" slope="0.00"/>
        <vehicle id="23" x="398.35" y="631.20" angle="0.00" type="DEFAULT_VEHTYPE" speed="13.75" pos="168.80" lane="2/4to2/3_0" slope="0.00"/>
        <vehicle id="25" x="504.19" y="401.65" angle="-90.00" type="DEFAULT_VEHTYPE" speed="13.56" pos="91.06" lane="3/2to2/2_0" slope="0.00"/>
        <vehicle id="27" x="201.65" y="213.40" angle="180.00" type="DEFAULT_VEHTYPE" speed="8.47" pos="8.65" lane="1/1to1/2_0" slope="0.00"/>
        <vehicle id="29" x="45.03" y="198.35" angle="90.00" type="DEFAULT_VEHTYPE" speed="13.65" pos="45.03" lane="0/1to1/1_0" slope="0.00"/>
        <vehicle id="3" x="355.58" y="598.35" angle="90.00" type="DEFAULT_VEHTYPE" speed="12.65" pos="150.83" lane="1/3to2/3_0" slope="0.00"/>
        <vehicle id="32" x="464.38" y="401.65" angle="-90.00" type="DEFAULT_VEHTYPE" speed="13.56" pos="130.87" lane="3/2to2/2_0" slope="0.00"/>
        <vehicle id="37" x="601.65" y="448.77" angle="180.00" type="DEFAULT_VEHTYPE" speed="12.81" pos="44.02" lane="3/2to3/3_0" slope="0.00"/>
        <vehicle id="38" x="401.65" y="760.96" angle="180.00" type="DEFAULT_VEHTYPE" speed="13.77" pos="156.21" lane="2/3to2/4_0" slope="0.00"/>
        <vehicle id="4" x="601.65" y="367.85" angle="180.00" type="DEFAULT_VEHTYPE" speed="13.67" pos="163.10" lane="3/1to3/2_0" slope="0.00"/>
        <vehicle id="41" x="398.35" y="479.65" angle="0.00" type="DEFAULT_VEHTYPE" speed="13.39" pos="115.60" lane="2/3to2/2_0" slope="0.00"/>
        <vehicle id="42" x="601.65" y="236.16" angle="180.00" type="DEFAULT_VEHTYPE" speed="12.95" pos="31.41" lane="3/1to3/2_0" slope="0.00"/>
        <vehicle id="43" x="396.35" y="598.51" angle="91.81" type="DEFAULT_VEHTYPE" speed="7.70" pos="1.11" lane=":2/3_14_0" slope="0.00"/>
        <vehicle id="44" x="601.65" y="273.38" angle="180.00" type="DEFAULT_VEHTYPE" speed="13.33" pos="68.63" lane="3/1to3/2_0" slope="0.00"/>
        <vehicle id="46" x="201.65" y="370.71" angle="180.00" type="DEFAULT_VEHTYPE" speed="13.23" pos="165.96" lane="1/1to1/2_0" slope="0.00"/>
        <vehicle id="47" x="398.35" y="559.67" angle="0.00" type="DEFAULT_VEHTYPE" speed="12.80" pos="35.58" lane="2/3to2/2_0" slope="0.00"/>
        <vehicle id="49" x="398.35" y="385.37" angle="0.00" type="DEFAULT_VEHTYPE" speed="13.38" pos="9.88" lane="2/2to2/1_0" slope="0.00"/>
        <vehicle id="6" x="256.02" y="401.65" angle="-90.00" type="DEFAULT_VEHTYPE" speed="12.71" pos="139.23" lane="2/2to1/2_0" slope="0.00"/>
    </timestep>
    <timestep time="453.00">
        <vehicle id="1" x="398.35" y="721.96" angle="0.00" type="DEFAULT_VEHTYPE" speed="13.86" pos="78.04" lane="2/4to2/3_0" slope="0.00"/>
        <vehicle id="11" x="201.65" y="518.88" angle="180.00" type="DEFAULT_VEHTYPE" speed="13.76" pos="114.13" lane="1/2to1/3_0" slope="0.00"/>
        <vehicle id="13" x="76.56" y="201.65" angle="-90.00" type="DEFAULT_VEHTYPE" speed="13.86" pos="118.69" lane="1/1to0/1_0" slope="0.00"/>
        <vehicle id="17" x="201.65" y="462.28" angle="180.00" type="DEFAULT_VEHTYPE" speed="13.66" pos="57.53" lane="1/2to1/3_0" slope="0.00"/>
        <vehicle id="2" x="574.81" y="198.35" angle="90.00" type="DEFAULT_VEHTYPE" speed="12.19" pos="170.06" lane="2/1to3/1_0" slope="0.00"/>
        <vehicle id="21" x="289.24" y="201.65" angle="-90.00" type="DEFAULT_VEHTYPE" speed="12.97" pos="106.01" lane="2/1to1/1_0" slope="0.00"/>
        <vehicle id="23" x="398.35" y="617.59" angle="0.00" type="DEFAULT_VEHTYPE" speed="13.61" pos="182.41" lane="2/4to2/3_0" slope="0.00"/>
        <vehicle id="25" x="490.61" y="401.65" angle="-90.00" type="DEFAULT_VEHTYPE" speed="13.58" pos="104.64" lane="3/2to2/2_0" slope="0.00"/>
        <vehicle id="27" x="201.65" y="223.31" angle="180.00" type="DEFAULT_VEHTYPE" speed="9.91" pos="18.56" lane="1/1to1/2_0" slope="0.00"/>
        <vehicle id="29" x="57.73" y="198.35" angle="90.00" type="DEFAULT_VEHTYPE" speed="12.70" pos="57.73" lane="0/1to1/1_0" slope="0.00"/>
        <vehicle id="3" x="369.44" y="598.35" angle="90.00" type="DEFAULT_VEHTYPE" speed="13.87" pos="164.69" lane="1/3to2/3_0" slope="0.00"/>
        <vehicle id="32" x="450.71" y="401.65" angle="-90.00" type="DEFAULT_VEHTYPE" speed="13.66" pos="144.54" lane="3/2to2/2_0" slope="0.00"/>
        <vehicle id="37" x="601.65" y="462.38" angle="180.00" type="DEFAULT_VEHTYPE" speed="13.61" pos="57.63" lane="3/2to3/3_0" slope="0.00"/>
        <vehicle id="38" x="401.65" y="773.74" angle="180.00" type="DEFAULT_VEHTYPE" speed="12.78" pos="168.99" lane="2/3to2/4_0" slope="0.00"/>
        <vehicle id="4" x="601.65" y="380.78" angle="180.00" type="DEFAULT_VEHTYPE" speed="12.93" pos="176.03" lane="3/1to3/2_0" slope="0.00"/>
        <vehicle id="41" x="398.35" y="466.22" angle="0.00" type="DEFAULT_VEHTYPE" speed="13.43" pos="129.03" lane="2/3to2/2_0" slope="0.00"/>
        <vehicle id="42" x="601.65" y="249.13" angle="180.00" type="DEFAULT_VEHTYPE" speed="12.98" pos="44.38" lane="3/1to3/2_0" slope="0.00"/>
        <vehicle id="43" x="401.65" y="605.11" angle="164.22" type="DEFAULT_VEHTYPE" speed="9.57" pos="0.36" lane="2/3to2/4_0" slope="0.00"/>
        <vehicle id="44" x="601.65" y="286.94" angle="180.00" type="DEFAULT_VEHTYPE" speed="13.56" pos="82.19" lane="3/1to3/2_0" slope="0.00"/>
        <vehicle id="46" x="201.65" y="383.44" angle="180.00" type="DEFAULT_VEHTYPE" speed="12.73" pos="178.69" lane="1/1to1/2_0" slope="0.00"/>
        <vehicle id="47" x="398.35" y="545.85" angle="0.00" type="DEFAULT_VEHTYPE" speed="13.81" pos="49.40" lane="2/3to2/2_0" slope="0.00"/>
        <vehicle id="49" x="398.35" y="372.73" angle="0.00" type="DEFAULT_VEHTYPE" speed="12.64" pos="22.52" lane="2/2to2/1_0" slope="0.00"/>
        <vehicle id="6" x="243.35" y="401.65" angle="-90.00" type="DEFAULT_VEHTYPE" speed="12.66" pos="151.90" lane="2/2to1/2_0" slope="0.00"/>
    </timestep>
    <timestep time="454.00">
        <vehicle id="1" x="398.35" y="708.56" angle="0.00" type="DEFAULT_VEHTYPE" speed="13.39" pos="91.44" lane="2/4to2/3_0" slope="0.00"/>
        <vehicle id="11" x="201.65" y="532.15" angle="180.00" type="DEFAULT_VEHTYPE" speed="13.27" pos="127.40" lane="1/2to1/3_0" slope="0.00"/>
        <vehicle id="13" x="63.42" y="201.65" angle="-90.00" type="DEFAULT_VEHTYPE" speed="13.13" pos="131.83" lane="1/1to0/1_0" slope="0.00"/>
        <vehicle id="17" x="201.65" y="474.99" angle="180.00" type="DEFAULT_VEHTYPE" speed="12.71" pos="70.24" lane="1/2to1/3_0" slope="0.00"/>
        <vehicle id="2" x="583.11" y="198.35" angle="90.00" type="DEFAULT_VEHTYPE" speed="8.30" pos="178.36" lane="2/1to3/1_0" slope="0.00"/>
        <vehicle id="21" x="276.43" y="201.65" angle="-90.00" type="DEFAULT_VEHTYPE" speed="12.81" pos="118.82" lane="2/1to1/1_0" slope="0.00"/>
        <vehicle id="23" x="398.35" y="604.24" angle="0.00" type="DEFAULT_VEHTYPE" speed="13.35" pos="0.51" lane=":2/3_1_0" slope="0.00"/>
        <vehicle id="25" x="477.73" y="401.65" angle="-90.00" type="DEFAULT_VEHTYPE" speed="12.88" pos="117.52" lane="3/2to2/2_0" slope="0.00"/>
        <vehicle id="27" x="201.65" y="235.76" angle="180.00" type="DEFAULT_VEHTYPE" speed="12.45" pos="31.01" lane="1/1to1/2_0" slope="0.00"/>
        <vehicle id="29" x="70.34" y="198.35" angle="90.00" type="DEFAULT_VEHTYPE" speed="12.61" pos="70.34" lane="0/1to1/1_0" slope="0.00"/>
        <vehicle id="3" x="380.05" y="598.35" angle="90.00" type="DEFAULT_VEHTYPE" speed="10.60" pos="175.30" lane="1/3to2/3_0" slope="0.00"/>
        <vehicle id="32" x="436.96" y="401.65" angle="-90.00" type="DEFAULT_VEHTYPE" speed="13.75" pos="158.29" lane="3/2to2/2_0" slope="0.00"/>
        <vehicle id="37" x="601.65" y="475.53" angle="180.00" type="DEFAULT_VEHTYPE" speed="13.16" pos="70.78" lane="3/2to3/3_0" slope="0.00"/>
        <vehicle id="38" x="401.65" y="786.38" angle="180.00" type="DEFAULT_VEHTYPE" speed="12.64" pos="181.63" lane="2/3to2/4_0" slope="0.00"/>
        <vehicle id="4" x="601.65" y="393.56" angle="180.00" type="DEFAULT_VEHTYPE" speed="12.78" pos="188.81" lane="3/1to3/2_0" slope="0.00"/>
        <vehicle id="41" x="398.35" y="453.44" angle="0.00" type="DEFAULT_VEHTYPE" speed="12.78" pos="141.81" lane="2/3to2/2_0" slope="0.00"/>
        <vehicle id="42" x="601.65" y="261.82" angle="180.00" type="DEFAULT_VEHTYPE" speed="12.68" pos="57.07" lane="3/1to3/2_0" slope="0.00"/>
        <vehicle id="43" x="401.65" y="616.02" angle="180.00" type="DEFAULT_VEHTYPE" speed="10.91" pos="11.27" lane="2/3to2/4_0" slope="0.00"/>
        <vehicle id="44" x="601.65" y="299.67" angle="180.00" type="DEFAULT_VEHTYPE" speed="12.73" pos="94.92" lane="3/1to3/2_0" slope="0.00"/>
        <vehicle id="46" x="201.65" y="396.11" angle="180.00" type="DEFAULT_VEHTYPE" speed="12.67" pos="0.86" lane=":1/2_9_0" slope="0.00"/>
        <vehicle id="47" x="398.35" y="532.02" angle="0.00" type="DEFAULT_VEHTYPE" speed="13.83" pos="63.23" lane="2/3to2/2_0" slope="0.00"/>
        <vehicle id="49" x="398.35" y="359.48" angle="0.00" type="DEFAULT_VEHTYPE" speed="13.25" pos="35.77" lane="2/2to2/1_0" slope="0.00"/>
        <vehicle id="6" x="230.48" y="401.65" angle="-90.00" type="DEFAULT_VEHTYPE" speed="12.87" pos="164.77" lane="2/2to1/2_0" slope="0.00"/>
    </timestep>
    <timestep time="455.00">
        <vehicle id="1" x="398.35" y="695.44" angle="0.00" type="DEFAULT_VEHTYPE" speed="13.12" pos="104.56" lane="2/4to2/3_0" slope="0.00"/>
        <vehicle id="11" x="201.65" y="545.22" angle="180.00" type="DEFAULT_VEHTYPE" speed="13.06" pos="140.47" lane="1/2to1/3_0" slope="0.00"/>
        <vehicle id="13" x="49.59" y="201.65" angle="-90.00" type="DEFAULT_VEHTYPE" speed="13.83" pos="145.66" lane="1/1to0/1_0" slope="0.00"/>
        <vehicle id="17" x="201.65" y="487.66" angle="180.00" type="DEFAULT_VEHTYPE" speed="12.67" pos="82.91" lane="1/2to1/3_0" slope="0.00"/>
        <vehicle id="2" x="587.95" y="198.35" angle="90.00" type="DEFAULT_VEHTYPE" speed="4.84" pos="183.20" lane="2/1to3/1_0" slope="0.00"/>
        <vehicle id="21" x="263.35" y="201.65" angle="-90.00" type="DEFAULT_VEHTYPE" speed="13.09" pos="131.90" lane="2/1to1/1_0" slope="0.00"/>
        <vehicle id="23" x="398.35" y="591.14" angle="0.00" type="DEFAULT_VEHTYPE" speed="13.10" pos="4.11" lane="2/3to2/2_0" slope="0.00"/>
        <vehicle id="25" x="464.30" y="401.65" angle="-90.00" type="DEFAULT_VEHTYPE" speed="13.43" pos="130.95" lane="3/2to2/2_0" slope="0.00"/>
        <vehicle id="27" x="201.65" y="249.01" angle="180.00" type="DEFAULT_VEHTYPE" speed="13.25" pos="44.26" lane="1/1to1/2_0" slope="0.00"/>
        <vehicle id="29" x="83.50" y="198.35" angle="90.00" type="DEFAULT_VEHTYPE" speed="13.15" pos="83.50" lane="0/1to1/1_0" slope="0.00"/>
        <vehicle id="3" x="387.08" y="598.35" angle="90.00" type="DEFAULT_VEHTYPE" speed="7.03" pos="182.33" lane="1/3to2/3_0" slope="0.00"/>
        <vehicle id="32" x="425.05" y="401.65" angle="-90.00" type="DEFAULT_VEHTYPE" speed="11.91" pos="170.20" lane="3/2to2/2_0" slope="0.00"/>
        <vehicle id="37" x="601.65" y="488.14" angle="180.00" type="DEFAULT_VEHTYPE" speed="12.61" pos="83.39" lane="3/2to3/3_0" slope="0.00"/>
        <vehicle id="38" x="401.65" y="799.45" angle="180.00" type="DEFAULT_VEHTYPE" speed="13.07" pos="194.70" lane="2/3to2/4_0" slope="0.00"/>
        <vehicle id="4" x="601.65" y="406.93" angle="180.00" type="DEFAULT_VEHTYPE" speed="13.37" pos="2.18" lane="3/2to3/3_0" slope="0.00"/>
        <vehicle id="41" x="398.35" y="440.13" angle="0.00" type="DEFAULT_VEHTYPE" speed="13.31" pos="155.12" lane="2/3to2/2_0" slope="0.00"/>
        <vehicle id="42" x="601.65" y="275.56" angle="180.00" type="DEFAULT_VEHTYPE" speed="13.75" pos="70.81" lane="3/1to3/2_0" slope="0.00"/>
        <vehicle id="43" x="401.65" y="628.99" angle="180.00" type="DEFAULT_VEHTYPE" speed="12.96" pos="24.24" lane="2/3to2/4_0" slope="0.00"/>
        <vehicle id="44" x="601.65" y="312.56" angle="180.00" type="DEFAULT_VEHTYPE" speed="12.89" pos="107.81" lane="3/1to3/2_0" slope="0.00"/>
        <vehicle id="46" x="201.65" y="409.06" angle="180.00" type="DEFAULT_VEHTYPE" speed="12.95" pos="4.31" lane="1/2to1/3_0" slope="0.00"/>
        <vehicle id="47" x="398.35" y="518.38" angle="0.00" type="DEFAULT_VEHTYPE" speed="13.64" pos="76.87" lane="2/3to2/2_0" slope="0.00"/>
        <vehicle id="49" x="398.35" y="346.66" angle="0.00" type="DEFAULT_VEHTYPE" speed="12.82" pos="48.59" lane="2/2to2/1_0" slope="0.00"/>
        <vehicle id="6" x="219.98" y="401.65" angle="-90.00" type="DEFAULT_VEHTYPE" speed="10.51" pos="175.27" lane="2/2to1/2_0" slope="0.00"/>
    </timestep>
    <timestep time="456.00">
        <vehicle id="1" x="398.35" y="681.89" angle="0.00" type="DEFAULT_VEHTYPE" speed="13.55" pos="118.11" lane="2/4to2/3_0" slope="0.00"/>
        <vehicle id="11" x="201.65" y="558.54" angle="180.00" type="DEFAULT_VEHTYPE" speed="13.32" pos="153.79" lane="1/2to1/3_0" slope="0.00"/>
        <vehicle id="13" x="35.96" y="201.65" angle="-90.00" type="DEFAULT_VEHTYPE" speed="13.63" pos="159.29" lane="1/1to0/1_0" slope="0.00"/>
        <vehicle id="17" x="201.65" y="501.08" angle="180.00" type="DEFAULT_VEHTYPE" speed="13.42" pos="96.33" lane="1/2to1/3_0" slope="0.00"/>
        <vehicle id="2" x="590.90" y="198.35" angle="90.00" type="DEFAULT_VEHTYPE" speed="2.96" pos="186.15" lane="2/1to3/1_0" slope="0.00"/>
        <vehicle id="21" x="250.40" y="201.65" angle="-90.00" type="DEFAULT_VEHTYPE" speed="12.94" pos="144.85" lane="2/1to1/1_0" slope="0.00"/>
        <vehicle id="23" x="398.35" y="577.95" angle="0.00" type="DEFAULT_VEHTYPE" speed="13.18" pos="17.30" lane="2/3to2/2_0" slope="0.00"/>
        <vehicle id="25" x="450.50" y="401.65" angle="-90.00" type="DEFAULT_VEHTYPE" speed="13.80" pos="144.75" lane="3/2to2/2_0" slope="0.00"/>
        <vehicle id="27" x="201.65" y="261.90" angle="180.00" type="DEFAULT_VEHTYPE" speed="12.89" pos="57.15" lane="1/1to1/2_0" slope="0.00"/>
        <vehicle id="29" x="96.41" y="198.35" angle="90.00" type="DEFAULT_VEHTYPE" speed="12.91" pos="96.41" lane="0/1to1/1_0" slope="0.00"/>
        <vehicle id="3" x="390.47" y="598.35" angle="90.00" type="DEFAULT_VEHTYPE" speed="3.39" pos="185.72" lane="1/3to2/3_0" slope="0.00"/>
        <vehicle id="32" x="416.85" y="401.65" angle="-90.00" type="DEFAULT_VEHTYPE" speed="8.20" pos="178.40" lane="3/2to2/2_0" slope="0.00"/>
        <vehicle id="37" x="601.65" y="501.01" angle="180.00" type="DEFAULT_VEHTYPE" speed="12.88" pos="96.26" lane="3/2to3/3_0" slope="0.00"/>
        <vehicle id="38" x="398.35" y="792.67" angle="0.00" type="DEFAULT_VEHTYPE" speed="12.69" pos="7.33" lane="2/4to2/3_0" slope="0.00"/>
        <vehicle id="4" x="601.65" y="419.66" angle="180.00" type="DEFAULT_VEHTYPE" speed="12.73" pos="14.91" lane="3/2to3/3_0" slope="0.00"/>
        <vehicle id="41" x="398.35" y="426.37" angle="0.00" type="DEFAULT_VEHTYPE" speed="13.77" pos="168.88" lane="2/3to2/2_0" slope="0.00"/>
        <vehicle id="42" x="601.65" y="288.17" angle="180.00" type="DEFAULT_VEHTYPE" speed="12.61" pos="83.42" lane="3/1to3/2_0" slope="0.00"/>
        <vehicle id="43" x="401.65" y="641.70" angle="180.00" type="DEFAULT_VEHTYPE" speed="12.72" pos="36.95" lane="2/3to2/4_0" slope="0.00"/>
        <vehicle id="44" x="601.65" y="326.20" angle="180.00" type="DEFAULT_VEHTYPE" speed="13.63" pos="121.45" lane="3/1to3/2_0" slope="0.00"/>
        <vehicle id="46" x="201.65" y="422.67" angle="180.00" type="DEFAULT_VEHTYPE" speed="13.62" pos="17.92" lane="1/2to1/3_0" slope="0.00"/>
        <vehicle id="47" x="398.35" y="504.73" angle="0.00" type="DEFAULT_VEHTYPE" speed="13.65" pos="90.52" lane="2/3to2/2_0" slope="0.00"/>
        <vehicle id="49" x="398.35" y="332.91" angle="0.00" type="DEFAULT_VEHTYPE" speed="13.75" pos="62.34" lane="2/2to2/1_0" slope="0.00"/>
        <vehicle id="6" x="212.94" y="401.65" angle="-90.00" type="DEFAULT_VEHTYPE" speed="7.04" pos="182.31" lane="2/2to1/2_0" slope="0.00"/>
    </timestep>
    <timestep time="457.00">
        <vehicle id="1" x="398.35" y="668.64" angle="0.00" type="DEFAULT_VEHTYPE" speed="13.26" pos="131.36" lane="2/4to2/3_0" slope="0.00"/>
        <vehicle id="11" x="201.65" y="571.96" angle="180.00" type="DEFAULT_VEHTYPE" speed="13.42" pos="167.21" lane="1/2to1/3_0" slope="0.00"/>
        <vehicle id="13" x="23.29" y="201.65" angle="-90.00" type="DEFAULT_VEHTYPE" speed="12.67" pos="171.96" lane="1/1to0/1_0" slope="0.00"/>
        <vehicle id="17" x="201.65" y="514.70" angle="180.00" type="DEFAULT_VEHTYPE" speed="13.62" pos="109.95" lane="1/2to1/3_0" slope="0.00"/>
        <vehicle id="2" x="595.43" y="198.38" angle="90.30" type="DEFAULT_VEHTYPE" speed="4.53" pos="0.19" lane=":3/1_14_0" slope="0.00"/>
        <vehicle id="21" x="237.30" y="201.65" angle="-90.00" type="DEFAULT_VEHTYPE" speed="13.10" pos="157.95" lane="2/1to1/1_0" slope="0.00"/>
        <vehicle id="23" x="398.35" y="564.34" angle="0.00" type="DEFAULT_VEHTYPE" speed="13.61" pos="30.91" lane="2/3to2/2_0" slope="0.00"/>
        <vehicle id="25" x="437.77" y="401.65" angle="-90.00" type="DEFAULT_VEHTYPE" speed="12.73" pos="157.48" lane="3/2to2/2_0" slope="0.00"/>
        <vehicle id="27" x="201.65" y="275.67" angle="180.00" type="DEFAULT_VEHTYPE" speed="13.77" pos="70.92" lane="1/1to1/2_0" slope="0.00"/>
        <vehicle id="29" x="110.05" y="198.35" angle="90.00" type="DEFAULT_VEHTYPE" speed="13.63" pos="110.05" lane="0/1to1/1_0" slope="0.00"/>
        <vehicle id="3" x="396.38" y="598.51" angle="91.86" type="DEFAULT_VEHTYPE" speed="5.93" pos="1.15" lane=":2/3_14_0" slope="0.00"/>
        <vehicle id="32" x="411.88" y="401.65" angle="-90.00" type="DEFAULT_VEHTYPE" speed="4.97" pos="183.37" lane="3/2to2/2_0" slope="0.00"/>
        <vehicle id="37" x="601.65" y="514.66" angle="180.00" type="DEFAULT_VEHTYPE" speed="13.64" pos="109.91" lane="3/2to3/3_0" slope="0.00"/>
        <vehicle id="38" x="398.35" y="779.18" angle="0.00" type="DEFAULT_VEHTYPE" speed="13.50" pos="20.82" lane="2/4to2/3_0" slope="0.00"/>
        <vehicle id="4" x="601.65" y="432.91" angle="180.00" type="DEFAULT_VEHTYPE" speed="13.25" pos="28.16" lane="3/2to3/3_0" slope="0.00"/>
        <vehicle id="41" x="398.35" y="412.60" angle="0.00" type="DEFAULT_VEHTYPE" speed="13.77" pos="182.65" lane="2/3to2/2_0" slope="0.00"/>
        <vehicle id="42" x="601.65" y="301.32" angle="180.00" type="DEFAULT_VEHTYPE" speed="13.15" pos="96.57" lane="3/1to3/2_0" slope="0.00"/>
        <vehicle id="43" x="401.65" y="655.02" angle="180.00" type="DEFAULT_VEHTYPE" speed="13.32" pos="50.27" lane="2/3to2/4_0" slope="0.00"/>
        <vehicle id="44" x="601.65" y="338.84" angle="180.00" type="DEFAULT_VEHTYPE" speed="12.65" pos="134.09" lane="3/1to3/2_0" slope="0.00"/>
        <vehicle id="46" x="201.65" y="436.22" angle="180.00" type="DEFAULT_VEHTYPE" speed="13.54" pos="31.47" lane="1/2to1/3_0" slope="0.00"/>
        <vehicle id="47" x="398.35" y="491.45" angle="0.00" type="DEFAULT_VEHTYPE" speed="13.28" pos="103.80" lane="2/3to2/2_0" slope="0.00"/>
        <vehicle id="49" x="398.35" y="319.49" angle="0.00" type="DEFAULT_VEHTYPE" speed="13.42" pos="75.76" lane="2/2to2/1_0" slope="0.00"/>
        <vehicle id="6" x="209.81" y="401.65" angle="-90.00" type="DEFAULT_VEHTYPE" speed="3.13" pos="185.44" lane="2/2to1/2_0" slope="0.00"/>
    </timestep>
    <timestep time="458.00">
        <vehicle id="1" x="398.35" y="655.65" angle="0.00" type="DEFAULT_VEHTYPE" speed="12.99" pos="144.35" lane="2/4to2/3_0" slope="0.00"/>
        <vehicle id="11" x="201.65" y="584.93" angle="180.00" type="DEFAULT_VEHTYPE" speed="12.97" pos="180.18" lane="1/2to1/3_0" slope="0.00"/>
        <vehicle id="13" x="9.91" y="201.65" angle="-90.00" type="DEFAULT_VEHTYPE" speed="13.38" pos="185.34" lane="1/1to0/1_0" slope="0.00"/>
        <vehicle id="17" x="201.65" y="528.16" angle="180.00" type="DEFAULT_VEHTYPE" speed="13.46" pos="123.41" lane="1/2to1/3_0" slope="0.00"/>
        <vehicle id="2" x="600.66" y="200.96" angle="120.68" type="DEFAULT_VEHTYPE" speed="6.15" pos="6.34" lane=":3/1_14_0" slope="0.00"/>
        <vehicle id="21" x="225.00" y="201.65" angle="-90.00" type="DEFAULT_VEHTYPE" speed="12.30" pos="170.25" lane="2/1to1/1_0" slope="0.00"/>
        <vehicle id="23" x="398.35" y="551.69" angle="0.00" type="DEFAULT_VEHTYPE" speed="12.65" pos="43.56" lane="2/3to2/2_0" slope="0.00"/>
        <vehicle id="25" x="427.27" y="401.65" angle="-90.00" type="DEFAULT_VEHTYPE" speed="10.50" pos="167.98" lane="3/2to2/2_0" slope="0.00"/>
        <vehicle id="27" x="201.65" y="288.29" angle="180.00" type="DEFAULT_VEHTYPE" speed="12.62" pos="83.54" lane="1/1to1/2_0" slope="0.00"/>
        <vehicle id="29" x="122.98" y="198.35" angle="90.00" type="DEFAULT_VEHTYPE" speed="12.93" pos="122.98" lane="0/1to1/1_0" slope="0.00"/>
        <vehicle id="3" x="401.52" y="603.84" angle="153.63" type="DEFAULT_VEHTYPE" speed="8.26" pos="9.40" lane=":2/3_14_0" slope="0.00"/>
        <vehicle id="32" x="409.54" y="401.65" angle="-90.00" type="DEFAULT_VEHTYPE" speed="2.35" pos="185.71" lane="3/2to2/2_0" slope="0.00"/>
        <vehicle id="37" x="601.65" y="528.33" angle="180.00" type="DEFAULT_VEHTYPE" speed="13.67" pos="123.58" lane="3/2to3/3_0" slope="0.00"/>
        <vehicle id="38" x="398.35" y="765.98" angle="0.00" type="DEFAULT_VEHTYPE" speed="13.19" pos="34.02" lane="2/4to2/3_0" slope="0.00"/>
        <vehicle id="4" x="601.65" y="445.80" angle="180.00" type="DEFAULT_VEHTYPE" speed="12.90" pos="41.05" lane="3/2to3/3_0" slope="0.00"/>
        <vehicle id="41" x="398.35" y="399.85" angle="0.00" type="DEFAULT_VEHTYPE" speed="12.74" pos="4.90" lane=":2/2_1_0" slope="0.00"/>
        <vehicle id="42" x="601.65" y="314.73" angle="180.00" type="DEFAULT_VEHTYPE" speed="13.40" pos="109.98" lane="3/1to3/2_0" slope="0.00"/>
        <vehicle id="43" x="401.65" y="668.70" angle="180.00" type="DEFAULT_VEHTYPE" speed="13.68" pos="63.95" lane="2/3to2/4_0" slope="0.00"/>
        <vehicle id="44" x="601.65" y="352.60" angle="180.00" type="DEFAULT_VEHTYPE" speed="13.75" pos="147.85" lane="3/1to3/2_0" slope="0.00"/>
        <vehicle id="46" x="201.65" y="449.39" angle="180.00" type="DEFAULT_VEHTYPE" speed="13.17" pos="44.64" lane="1/2to1/3_0" slope="0.00"/>
        <vehicle id="47" x="398.35" y="477.87" angle="0.00" type="DEFAULT_VEHTYPE" speed="13.58" pos="117.38" lane="2/3to2/2_0" slope="0.00"/>
        <vehicle id="49" x="398.35" y="305.68" angle="0.00" type="DEFAULT_VEHTYPE" speed="13.81" pos="89.57" lane="2/2to2/1_0" slope="0.00"/>
        <vehicle id="6" x="205.21" y="401.65" angle="-90.00" type="DEFAULT_VEHTYPE" speed="4.60" pos="190.04" lane="2/2to1/2_0" slope="0.00"/>
    </timestep>
    <timestep time="459.00">
        <vehicle id="1" x="398.35" y="642.13" angle="0.00" type="DEFAULT_VEHTYPE" speed="13.52" pos="157.87" lane="2/4to2/3_0" slope="0.00"/>
        <vehicle id="11" x="202.98" y="597.91" angle="163.64" type="DEFAULT_VEHTYPE" speed="13.47" pos="3.15" lane=":1/3_8_0" slope="0.00"/>
        <vehicle id="13" x="-0.80" y="198.89" angle="-35.24" type="DEFAULT_VEHTYPE" speed="13.77" pos="3.85" lane=":0/1_0_0" slope="0.00"/>
        <vehicle id="17" x="201.65" y="541.12" angle="180.00" type="DEFAULT_VEHTYPE" speed="12.95" pos="136.37" lane="1/2to1/3_0" slope="0.00"/>
        <vehicle id="2" x="601.65" y="208.86" angle="178.55" type="DEFAULT_VEHTYPE" speed="8.09" pos="4.11" lane="3/1to3/2_0" slope="0.00"/>
        <vehicle id="21" x="216.40" y="201.65" angle="-90.00" type="DEFAULT_VEHTYPE" speed="8.61" pos="178.85" lane="2/1to1/1_0" slope="0.00"/>
        <vehicle id="23" x="398.35" y="539.05" angle="0.00" type="DEFAULT_VEHTYPE" speed="12.65" pos="56.20" lane="2/3to2/2_0" slope="0.00"/>
        <vehicle id="25" x="421.27" y="401.65" angle="-90.00" type="DEFAULT_VEHTYPE" speed="6.00" pos="173.98" lane="3/2to2/2_0" slope="0.00"/>
        <vehicle id="27" x="201.65" y="300.90" angle="180.00" type="DEFAULT_VEHTYPE" speed="12.61" pos="96.15" lane="1/1to1/2_0" slope="0.00"/>
        <vehicle id="29" x="136.79" y="198.35" angle="90.00" type="DEFAULT_VEHTYPE" speed="13.81" pos="136.79" lane="0/1to1/1_0" slope="0.00"/>
        <vehicle id="3" x="401.65" y="614.01" angle="180.00" type="DEFAULT_VEHTYPE" speed="10.18" pos="9.26" lane="2/3to2/4_0" slope="0.00"/>
        <vehicle id="32" x="404.70" y="401.65" angle="-90.00" type="DEFAULT_VEHTYPE" speed="4.83" pos="0.05" lane=":2/2_5_0" slope="0.00"/>
        <vehicle id="37" x="601.65" y="541.76" angle="180.00" type="DEFAULT_VEHTYPE" speed="13.43" pos="137.01" lane="3/2to3/3_0" slope="0.00"/>
        <vehicle id="38" x="398.35" y="752.43" angle="0.00" type="DEFAULT_VEHTYPE" speed="13.56" pos="47.57" lane="2/4to2/3_0" slope="0.00"/>
        <vehicle id="4" x="601.65" y="458.57" angle="180.00" type="DEFAULT_VEHTYPE" speed="12.76" pos="53.82" lane="3/2to3/3_0" slope="0.00"/>
        <vehicle id="41" x="398.35" y="387.07" angle="0.00" type="DEFAULT_VEHTYPE" speed="12.79" pos="8.18" lane="2/2to2/1_0" slope="0.00"/>
        <vehicle id="42" x="601.65" y="327.74" angle="180.00" type="DEFAULT_VEHTYPE" speed="13.02" pos="122.99" lane="3/1to3/2_0" slope="0.00"/>
        <vehicle id="43" x="401.65" y="681.49" angle="180.00" type="DEFAULT_VEHTYPE" speed="12.78" pos="76.74" lane="2/3to2/4_0" slope="0.00"/>
        <vehicle id="44" x="601.65" y="365.95" angle="180.00" type="DEFAULT_VEHTYPE" speed="13.36" pos="161.20" lane="3/1to3/2_0" slope="0.00"/>
        <vehicle id="46" x="201.65" y="463.04" angle="180.00" type="DEFAULT_VEHTYPE" speed="13.65" pos="58.29" lane="1/2to1/3_0" slope="0.00"/>
        <vehicle id="47" x="398.35" y="464.46" angle="0.00" type="DEFAULT_VEHTYPE" speed="13.41" pos="130.79" lane="2/3to2/2_0" slope="0.00"/>
        <vehicle id="49" x="398.35" y="292.07" angle="0.00" type="DEFAULT_VEHTYPE" speed="13.61" pos="103.18" lane="2/2to2/1_0" slope="0.00"/>
        <vehicle id="6" x="198.46" y="401.65" angle="-90.00" type="DEFAULT_VEHTYPE" speed="6.75" pos="6.29" lane=":1/2_5_0" slope="0.00"/>
    </timestep>
    <timestep time="460.00">
        <vehicle id="1" x="398.35" y="628.62" angle="0.00" type="DEFAULT_VEHTYPE" speed="13.51" pos="171.38" lane="2/4to2/3_0" slope="0.00"/>
        <vehicle id="11" x="216.67" y="598.35" angle="90.00" type="DEFAULT_VEHTYPE" speed="13.77" pos="11.92" lane="1/3to2/3_0" slope="0.00"/>
        <vehicle id="13" x="12.23" y="198.35" angle="90.00" type="DEFAULT_VEHTYPE" speed="13.20" pos="12.23" lane="0/1to1/1_0" slope="0.00"/>
        <vehicle id="17" x="201.65" y="554.20" angle="180.00" type="DEFAULT_VEHTYPE" speed="13.08" pos="149.45" lane="1/2to1/3_0" slope="0.00"/>
        <vehicle id="2" x="601.65" y="219.46" angle="180.00" type="DEFAULT_VEHTYPE" speed="10.60" pos="14.71" lane="3/1to3/2_0" slope="0.00"/>
        <vehicle id="21" x="210.94" y="201.65" angle="-90.00" type="DEFAULT_VEHTYPE" speed="5.46" pos="184.31" lane="2/1to1/1_0" slope="0.00"/>
        <vehicle id="23" x="398.35" y="526.28" angle="0.00" type="DEFAULT_VEHTYPE" speed="12.77" pos="68.97" lane="2/3to2/2_0" slope="0.00"/>
        <vehicle id="25" x="415.02" y="401.65" angle="-90.00" type="DEFAULT_VEHTYPE" speed="6.25" pos="180.23" lane="3/2to2/2_0" slope="0.00"/>
        <vehicle id="27" x="201.65" y="313.77" angle="180.00" type="DEFAULT_VEHTYPE" speed="12.87" pos="109.02" lane="1/1to1/2_0" slope="0.00"/>
        <vehicle id="29" x="150.16" y="198.35" angle="90.00" type="DEFAULT_VEHTYPE" speed="13.37" pos="150.16" lane="0/1to1/1_0" slope="0.00"/>
        <vehicle id="3" x="401.65" y="625.70" angle="180.00" type="DEFAULT_VEHTYPE" speed="11.69" pos="20.95" lane="2/3to2/4_0" slope="0.00"/>
        <vehicle id="32" x="397.69" y="401.65" angle="-90.00" type="DEFAULT_VEHTYPE" speed="7.01" pos="7.06" lane=":2/2_5_0" slope="0.00"/>
        <vehicle id="37" x="601.65" y="555.23" angle="180.00" type="DEFAULT_VEHTYPE" speed="13.47" pos="150.48" lane="3/2to3/3_0" slope="0.00"/>
        <vehicle id="38" x="398.35" y="738.53" angle="0.00" type="DEFAULT_VEHTYPE" speed="13.89" pos="61.47" lane="2/4to2/3_0" slope="0.00"/>
        <vehicle id="4" x="601.65" y="472.23" angle="180.00" type="DEFAULT_VEHTYPE" speed="13.66" pos="67.48" lane="3/2to3/3_0" slope="0.00"/>
        <vehicle id="41" x="398.35" y="374.28" angle="0.00" type="DEFAULT_VEHTYPE" speed="12.78" pos="20.97" lane="2/2to2/1_0" slope="0.00"/>
        <vehicle id="42" x="601.65" y="340.74" angle="180.00" type="DEFAULT_VEHTYPE" speed="12.99" pos="135.99" lane="3/1to3/2_0" slope="0.00"/>
        <vehicle id="43" x="401.65" y="695.02" angle="180.00" type="DEFAULT_VEHTYPE" speed="13.53" pos="90.27" lane="2/3to2/4_0" slope="0.00"/>
        <vehicle id="44" x="601.65" y="376.41" angle="180.00" type="DEFAULT_VEHTYPE" speed="10.46" pos="171.66" lane="3/1to3/2_0" slope="0.00"/>
        <vehicle id="46" x="201.65" y="476.37" angle="180.00" type="DEFAULT_VEHTYPE" speed="13.33" pos="71.62" lane="1/2to1/3_0" slope="0.00"/>
        <vehicle id="47" x="398.35" y="450.94" angle="0.00" type="DEFAULT_VEHTYPE" speed="13.52" pos="144.31" lane="2/3to2/2_0" slope="0.00"/>
        <vehicle id="49" x="398.35" y="278.18" angle="0.00" type="DEFAULT_VEHTYPE" speed="13.89" pos="117.07" lane="2/2to2/1_0" slope="0.00"/>
        <vehicle id="6" x="190.34" y="401.65" angle="-90.00" type="DEFAULT_VEHTYPE" speed="8.12" pos="4.91" lane="1/2to0/2_0" slope="0.00"/>
    </timestep>
    <timestep time="461.00">
        <vehicle id="1" x="398.35" y="615.52" angle="0.00" type="DEFAULT_VEHTYPE" speed="13.10" pos="184.48" lane="2/4to2/3_0" slope="0.00"/>
        <vehicle id="11" x="230.36" y="598.35" angle="90.00" type="DEFAULT_VEHTYPE" speed="13.70" pos="25.61" lane="1/3to2/3_0" slope="0.00"/>
        <vehicle id="13" x="25.93" y="198.35" angle="90.00" type="DEFAULT_VEHTYPE" speed="13.70" pos="25.93" lane="0/1to1/1_0" slope="0.00"/>
        <vehicle id="17" x="201.65" y="567.03" angle="180.00" type="DEFAULT_VEHTYPE" speed="12.83" pos="162.28" lane="1/2to1/3_0" slope="0.00"/>
        <vehicle id="2" x="601.65" y="232.56" angle="180.00" type="DEFAULT_VEHTYPE" speed="13.11" pos="27.81" lane="3/1to3/2_0" slope="0.00"/>
        <vehicle id="21" x="203.15" y="201.99" angle="-93.88" type="DEFAULT_VEHTYPE" speed="7.84" pos="1.65" lane=":1/1_4_0" slope="0.00"/>
        <vehicle id="23" x="398.35" y="512.94" angle="0.00" type="DEFAULT_VEHTYPE" speed="13.33" pos="82.31" lane="2/3to2/2_0" slope="0.00"/>
        <vehicle id="25" x="411.10" y="401.65" angle="-90.00" type="DEFAULT_VEHTYPE" speed="3.92" pos="184.15" lane="3/2to2/2_0" slope="0.00"/>
        <vehicle id="27" x="201.65" y="327.37" angle="180.00" type="DEFAULT_VEHTYPE" speed="13.60" pos="122.62" lane="1/1to1/2_0" slope="0.00"/>
        <vehicle id="29" x="163.34" y="198.35" angle="90.00" type="DEFAULT_VEHTYPE" speed="13.18" pos="163.34" lane="0/1to1/1_0" slope="0.00"/>
        <vehicle id="3" x="401.65" y="638.70" angle="180.00" type="DEFAULT_VEHTYPE" speed="13.00" pos="33.95" lane="2/3to2/4_0" slope="0.00"/>
        <vehicle id="32" x="388.97" y="401.65" angle="-90.00" type="DEFAULT_VEHTYPE" speed="8.72" pos="6.28" lane="2/2to1/2_0" slope="0.00"/>
        <vehicle id="37" x="601.65" y="567.83" angle="180.00" type="DEFAULT_VEHTYPE" speed="12.60" pos="163.08" lane="3/2to3/3_0" slope="0.00"/>
        <vehicle id="38" x="398.35" y="725.70" angle="0.00" type="DEFAULT_VEHTYPE" speed="12.84" pos="74.30" lane="2/4to2/3_0" slope="0.00"/>
        <vehicle id="4" x="601.65" y="484.97" angle="180.00" type="DEFAULT_VEHTYPE" speed="12.74" pos="80.22" lane="3/2to3/3_0" slope="0.00"/>
        <vehicle id="41" x="398.35" y="361.59" angle="0.00" type="DEFAULT_VEHTYPE" speed="12.69" pos="33.66" lane="2/2to2/1_0" slope="0.00"/>
        <vehicle id="42" x="601.65" y="353.48" angle="180.00" type="DEFAULT_VEHTYPE" speed="12.75" pos="148.73" lane="3/1to3/2_0" slope="0.00"/>
        <vehicle id="43" x="401.65" y="708.28" angle="180.00" type="DEFAULT_VEHTYPE" speed="13.26" pos="103.53" lane="2/3to2/4_0" slope="0.00"/>
        <vehicle id="44" x="601.65" y="383.81" angle="180.00" type="DEFAULT_VEHTYPE" speed="7.40" pos="179.06" lane="3/1to3/2_0" slope="0.00"/>
        <vehicle id="46" x="201.65" y="489.28" angle="180.00" type="DEFAULT_VEHTYPE" speed="12.91" pos="84.53" lane="1/2to1/3_0" slope="0.00"/>
        <vehicle id="47" x="398.35" y="438.31" angle="0.00" type="DEFAULT_VEHTYPE" speed="12.63" pos="156.94" lane="2/3to2/2_0" slope="0.00"/>
        <vehicle id="49" x="398.35" y="265.40" angle="0.00" type="DEFAULT_VEHTYPE" speed="12.79" pos="129.85" lane="2/2to2/1_0" slope="0.00"/>
        <vehicle id="6" x="179.79" y="401.65" angle="-90.00" type="DEFAULT_VEHTYPE" speed="10.55" pos="15.46" lane="1/2to0/2_0" slope="0.00"/>
    </timestep>
    <timestep time="462.00">
        <vehicle id="1" x="398.35" y="602.41" angle="0.00" type="DEFAULT_VEHTYPE" speed="13.11" pos="2.34" lane=":2/3_1_0" slope="0.00"/>
        <vehicle id="11" x="243.66" y="598.35" angle="90.00" type="DEFAULT_VEHTYPE" speed="13.29" pos="38.91" lane="1/3to2/3_0" slope="0.00"/>
        <vehicle id="13" x="38.54" y="198.35" angle="90.00" type="DEFAULT_VEHTYPE" speed="12.60" pos="38.54" lane="0/1to1/1_0" slope="0.00"/>
        <vehicle id="17" x="201.65" y="580.92" angle="180.00" type="DEFAULT_VEHTYPE" speed="13.89" pos="176.17" lane="1/2to1/3_0" slope="0.00"/>
        <vehicle id="2" x="601.65" y="245.70" angle="180.00" type="DEFAULT_VEHTYPE" speed="13.14" pos="40.95" lane="3/1to3/2_0" slope="0.00"/>
        <vehicle id="21" x="201.65" y="211.50" angle="180.00" type="DEFAULT_VEHTYPE" speed="10.09" pos="6.75" lane="1/1to1/2_0" slope="0.00"/>
        <vehicle id="23" x="398.35" y="499.05" angle="0.00" type="DEFAULT_VEHTYPE" speed="13.89" pos="96.20" lane="2/3to2/2_0" slope="0.00"/>
        <vehicle id="25" x="408.84" y="401.65" angle="-90.00" type="DEFAULT_VEHTYPE" speed="2.25" pos="186.41" lane="3/2to2/2_0" slope="0.00"/>
        <vehicle id="27" x="201.65" y="341.12" angle="180.00" type="DEFAULT_VEHTYPE" speed="13.75" pos="136.37" lane="1/1to1/2_0" slope="0.00"/>
        <vehicle id="29" x="174.90" y="198.35" angle="90.00" type="DEFAULT_VEHTYPE" speed="11.56" pos="174.90" lane="0/1to1/1_0" slope="0.00"/>
        <vehicle id="3" x="401.65" y="651.51" angle="180.00" type="DEFAULT_VEHTYPE" speed="12.81" pos="46.76" lane="2/3to2/4_0" slope="0.00"/>
        <vehicle id="32" x="378.63" y="401.65" angle="-90.00" type="DEFAULT_VEHTYPE" speed="10.34" pos="16.62" lane="2/2to1/2_0" slope="0.00"/>
        <vehicle id="37" x="601.65" y="580.97" angle="180.00" type="DEFAULT_VEHTYPE" speed="13.14" pos="176.22" lane="3/2to3/3_0" slope="0.00"/>
        <vehicle id="38" x="398.35" y="711.86" angle="0.00" type="DEFAULT_VEHTYPE" speed="13.83" pos="88.14" lane="2/4to2/3_0" slope="0.00"/>
        <vehicle id="4" x="601.65" y="498.35" angle="180.00" type="DEFAULT_VEHTYPE" speed="13.37" pos="93.60" lane="3/2to3/3_0" slope="0.00"/>
        <vehicle id="41" x="398.35" y="347.76" angle="0.00" type="DEFAULT_VEHTYPE" speed="13.83" pos="47.49" lane="2/2to2/1_0" slope="0.00"/>
        <vehicle id="42" x="601.65" y="365.65" angle="180.00" type="DEFAULT_VEHTYPE" speed="12.16" pos="160.90" lane="3/1to3/2_0" slope="0.00"/>
        <vehicle id="43" x="401.65" y="721.21" angle="180.00" type="DEFAULT_VEHTYPE" speed="12.93" pos="116.46" lane="2/3to2/4_0" slope="0.00"/>
        <vehicle id="44" x="601.65" y="388.05" angle="180.00" type="DEFAULT_VEHTYPE" speed="4.24" pos="183.30" lane="3/1to3/2_0" slope="0.00"/>
        <vehicle id="46" x="201.65" y="502.38" angle="180.00" type="DEFAULT_VEHTYPE" speed="13.10" pos="97.63" lane="1/2to1/3_0" slope="0.00"/>
        <vehicle id="47" x="398.35" y="425.13" angle="0.00" type="DEFAULT_VEHTYPE" speed="13.18" pos="170.12" lane="2/3to2/2_0" slope="0.00"/>
        <vehicle id="49" x="398.35" y="251.54" angle="0.00" type="DEFAULT_VEHTYPE" speed="13.85" pos="143.71" lane="2/2to2/1_0" slope="0.00"/>
        <vehicle id="6" x="167.54" y="401.65" angle="-90.00" type="DEFAULT_VEHTYPE" speed="12.24" pos="27.71" lane="1/2to0/2_0" slope="0.00"/>
    </timestep>
    <timestep time="463.00">
        <vehicle id="1" x="398.35" y="589.07" angle="0.00" type="DEFAULT_VEHTYPE" speed="13.34" pos="6.18" lane="2/3to2/2_0" slope="0.00"/>
        <vehicle id="11" x="256.37" y="598.35" angle="90.00" type="DEFAULT_VEHTYPE" speed="12.71" pos="51.62" lane="1/3to2/3_0" slope="0.00"/>
        <vehicle id="13" x="52.19" y="198.35" angle="90.00" type="DEFAULT_VEHTYPE" speed="13.65" pos="52.19" lane="0/1to1/1_0" slope="0.00"/>
        <vehicle id="17" x="201.65" y="594.09" angle="180.00" type="DEFAULT_VEHTYPE" speed="13.16" pos="189.34" lane="1/2to1/3_0" slope="0.00"/>
        <vehicle id="2" x="601.65" y="258.38" angle="180.00" type="DEFAULT_VEHTYPE" speed="12.67" pos="53.63" lane="3/1to3/2_0" slope="0.00"/>
        <vehicle id="21" x="201.65" y="224.01" angle="180.00" type="DEFAULT_VEHTYPE" speed="12.52" pos="19.26" lane="1/1to1/2_0" slope="0.00"/>
        <vehicle id="23" x="398.35" y="485.18" angle="0.00" type="DEFAULT_VEHTYPE" speed="13.87" pos="110.07" lane="2/3to2/2_0" slope="0.00"/>
        <vehicle id="25" x="408.02" y="401.65" angle="-90.00" type="DEFAULT_VEHTYPE" speed="0.82" pos="187.23" lane="3/2to2/2_0" slope="0.00"/>
        <vehicle id="27" x="201.65" y="353.95" angle="180.00" type="DEFAULT_VEHTYPE" speed="12.83" pos="149.20" lane="1/1to1/2_0" slope="0.00"/>
        <vehicle id="29" x="183.04" y="198.35" angle="90.00" type="DEFAULT_VEHTYPE" speed="8.15" pos="183.04" lane="0/1to1/1_0" slope="0.00"/>
        <vehicle id="3" x="401.65" y="664.80" angle="180.00" type="DEFAULT_VEHTYPE" speed="13.29" pos="60.05" lane="2/3to2/4_0" slope="0.00"/>
        <vehicle id="32" x="366.96" y="401.65" angle="-90.00" type="DEFAULT_VEHTYPE" speed="11.67" pos="28.29" lane="2/2to1/2_0" slope="0.00"/>
        <vehicle id="37" x="601.65" y="593.62" angle="180.00" type="DEFAULT_VEHTYPE" speed="12.65" pos="188.87" lane="3/2to3/3_0" slope="0.00"/>
        <vehicle id="38" x="398.35" y="698.89" angle="0.00" type="DEFAULT_VEHTYPE" speed="12.97" pos="101.11" lane="2/4to2/3_0" slope="0.00"/>
        <vehicle id="4" x="601.65" y="511.67" angle="180.00" type="DEFAULT_VEHTYPE" speed="13.32" pos="106.92" lane="3/2to3/3_0" slope="0.00"/>
        <vehicle id="41" x="398.35" y="334.29" angle="0.00" type="DEFAULT_VEHTYPE" speed="13.47" pos="60.96" lane="2/2to2/1_0" slope="0.00"/>
        <vehicle id="42" x="601.65" y="373.31" angle="180.00" type="DEFAULT_VEHTYPE" speed="7.66" pos="168.56" lane="3/1to3/2_0" slope="0.00"/>
        <vehicle id="43" x="401.65" y="733.86" angle="180.00" type="DEFAULT_VEHTYPE" speed="12.64" pos="129.11" lane="2/3to2/4_0" slope="0.00"/>
        <vehicle id="44" x="601.65" y="390.25" angle="180.00" type="DEFAULT_VEHTYPE" speed="2.19" pos="185.50" lane="3/1to3/2_0" slope="0.00"/>
        <vehicle id="46" x="201.65" y="516.21" angle="180.00" type="DEFAULT_VEHTYPE" speed="13.84" pos="111.46" lane="1/2to1/3_0" slope="0.00"/>
        <vehicle id="47" x="398.35" y="411.98" angle="0.00" type="DEFAULT_VEHTYPE" speed="13.15" pos="183.27" lane="2/3to2/2_0" slope="0.00"/>
        <vehicle id="49" x="398.35" y="238.86" angle="0.00" type="DEFAULT_VEHTYPE" speed="12.68" pos="156.39" lane="2/2to2/1_0" slope="0.00"/>
        <vehicle id="6" x="153.73" y="401.65" angle="-90.00" type="DEFAULT_VEHTYPE" speed="13.81" pos="41.52" lane="1/2to0/2_0" slope="0.00"/>
    </timestep>
    <timestep time="464.00">
        <vehicle id="1" x="398.35" y="575.28" angle="0.00" type="DEFAULT_VEHTYPE" speed="13.78" pos="19.97" lane="2/3to2/2_0" slope="0.00"/>
        <vehicle id="11" x="269.43" y="598.35" angle="90.00" type="DEFAULT_VEHTYPE" speed="13.06" pos="64.68" lane="1/3to2/3_0" slope="0.00"/>
        <vehicle id="13" x="65.94" y="198.35" angle="90.00" type="DEFAULT_VEHTYPE" speed="13.75" pos="65.94" lane="0/1to1/1_0" slope="0.00"/>
        <vehicle id="17" x="212.15" y="598.35" angle="90.00" type="DEFAULT_VEHTYPE" speed="13.56" pos="7.40" lane="1/3to2/3_0" slope="0.00"/>
        <vehicle id="2" x="601.65" y="271.29" angle="180.00" type="DEFAULT_VEHTYPE" speed="12.91" pos="66.54" lane="3/1to3/2_0" slope="0.00"/>
        <vehicle id="21" x="201.65" y="237.06" angle="180.00" type="DEFAULT_VEHTYPE" speed="13.05" pos="32.31" lane="1/1to1/2_0" slope="0.00"/>
        <vehicle id="23" x="398.35" y="471.49" angle="0.00" type="DEFAULT_VEHTYPE" speed="13.69" pos="123.76" lane="2/3to2/2_0" slope="0.00"/>
        <vehicle id="25" x="407.57" y="401.65" angle="-90.00" type="DEFAULT_VEHTYPE" speed="0.45" pos="187.68" lane="3/2to2/2_0" slope="0.00"/>
        <vehicle id="27" x="201.65" y="367.09" angle="180.00" type="DEFAULT_VEHTYPE" speed="13.13" pos="162.34" lane="1/1to1/2_0" slope="0.00"/>
        <vehicle id="29" x="188.30" y="198.35" angle="90.00" type="DEFAULT_VEHTYPE" speed="5.25" pos="188.30" lane="0/1to1/1_0" slope="0.00"/>
        <vehicle id="3" x="401.65" y="677.72" angle="180.00" type="DEFAULT_VEHTYPE" speed="12.92" pos="72.97" lane="2/3to2/4_0" slope="0.00"/>
        <vehicle id="32" x="354.06" y="401.65" angle="-90.00" type="DEFAULT_VEHTYPE" speed="12.90" pos="41.19" lane="2/2to1/2_0" slope="0.00"/>
        <vehicle id="37" x="611.22" y="598.35" angle="90.00" type="DEFAULT_VEHTYPE" speed="13.10" pos="6.47" lane="3/3to4/3_0" slope="0.00"/>
        <vehicle id="38" x="398.35" y="685.11" angle="0.00" type="DEFAULT_VEHTYPE" speed="13.79" pos="114.89" lane="2/4to2/3_0" slope="0.00"/>
        <vehicle id="4" x="601.65" y="524.80" angle="180.00" type="DEFAULT_VEHTYPE" speed="13.13" pos="120.05" lane="3/2to3/3_0" slope="0.00"/>
        <vehicle id="41" x="398.35" y="320.40" angle="0.00" type="DEFAULT_VEHTYPE" speed="13.89" pos="74.85" lane="2/2to2/1_0" slope="0.00"/>
        <vehicle id="42" x="601.65" y="377.89" angle="180.00" type="DEFAULT_VEHTYPE" speed="4.58" pos="173.14" lane="3/1to3/2_0" slope="0.00"/>
        <vehicle id="43" x="401.65" y="746.91" angle="180.00" type="DEFAULT_VEHTYPE" speed="13.05" pos="142.16" lane="2/3to2/4_0" slope="0.00"/>
        <vehicle id="44" x="601.65" y="394.87" angle="180.00" type="DEFAULT_VEHTYPE" speed="4.62" pos="190.12" lane="3/1to3/2_0" slope="0.00"/>
        <vehicle id="46" x="201.65" y="530.07" angle="180.00" type="DEFAULT_VEHTYPE" speed="13.85" pos="125.32" lane="1/2to1/3_0" slope="0.00"/>
        <vehicle id="47" x="394.29" y="401.65" angle="-61.25" type="DEFAULT_VEHTYPE" speed="13.19" pos="0.96" lane="2/2to1/2_0" slope="0.00"/>
        <vehicle id="49" x="398.35" y="225.67" angle="0.00" type="DEFAULT_VEHTYPE" speed="13.20" pos="169.58" lane="2/2to2/1_0" slope="0.00"/>
        <vehicle id="6" x="140.33" y="401.65" angle="-90.00" type="DEFAULT_VEHTYPE" speed="13.40" pos="54.92" lane="1/2to0/2_0" slope="0.00"/>
    </timestep>
    <timestep time="465.00">
        <vehicle id="1" x="398.35" y="561.79" angle="0.00" type="DEFAULT_VEHTYPE" speed="13.50" pos="33.46" lane="2/3to2/2_0" slope="0.00"/>
        <vehicle id="11" x="282.70" y="598.35" angle="90.00" type="DEFAULT_VEHTYPE" speed="13.26" pos="77.95" lane="1/3to2/3_0" slope="0.00"/>
        <vehicle id="13" x="79.11" y="198.35" angle="90.00" type="DEFAULT_VEHTYPE" speed="13.17" pos="79.11" lane="0/1to1/1_0" slope="0.00"/>
        <vehicle id="17" x="225.63" y="598.35" angle="90.00" type="DEFAULT_VEHTYPE" speed="13.48" pos="20.88" lane="1/3to2/3_0" slope="0.00"/>
        <vehicle id="2" x="601.65" y="284.28" angle="180.00" type="DEFAULT_VEHTYPE" speed="12.99" pos="79.53" lane="3/1to3/2_0" slope="0.00"/>
        <vehicle id="21" x="201.65" y="249.75" angle="180.00" type="DEFAULT_VEHTYPE" speed="12.68" pos="45.00" lane="1/1to1/2_0" slope="0.00"/>
        <vehicle id="23" x="398.35" y="458.04" angle="0.00" type="DEFAULT_VEHTYPE" speed="13.45" pos="137.21" lane="2/3to2/2_0" slope="0.00"/>
        <vehicle id="25" x="407.40" y="401.65" angle="-90.00" type="DEFAULT_VEHTYPE" speed="0.17" pos="187.85" lane="3/2to2/2_0" slope="0.00"/>
        <vehicle id="27" x="201.65" y="379.73" angle="180.00" type="DEFAULT_VEHTYPE" speed="12.65" pos="174.98" lane="1/1to1/2_0" slope="0.00"/>
        <vehicle id="29" x="195.66" y="198.29" angle="89.34" type="DEFAULT_VEHTYPE" speed="7.37" pos="0.42" lane=":1/1_12_0" slope="0.00"/>
        <vehicle id="3" x="401.65" y="690.95" angle="180.00" type="DEFAULT_VEHTYPE" speed="13.23" pos="86.20" lane="2/3to2/4_0" slope="0.00"/>
        <vehicle id="32" x="341.22" y="401.65" angle="-90.00" type="DEFAULT_VEHTYPE" speed="12.85" pos="54.03" lane="2/2to1/2_0" slope="0.00"/>
        <vehicle id="37" x="624.53" y="598.35" angle="90.00" type="DEFAULT_VEHTYPE" speed="13.31" pos="19.78" lane="3/3to4/3_0" slope="0.00"/>
        <vehicle id="38" x="398.35" y="671.82" angle="0.00" type="DEFAULT_VEHTYPE" speed="13.28" pos="128.18" lane="2/4to2/3_0" slope="0.00"/>
        <vehicle id="4" x="601.65" y="537.55" angle="180.00" type="DEFAULT_VEHTYPE" speed="12.76" pos="132.80" lane="3/2to3/3_0" slope="0.00"/>
        <vehicle id="41" x="398.35" y="306.54" angle="0.00" type="DEFAULT_VEHTYPE" speed="13.86" pos="88.71" lane="2/2to2/1_0" slope="0.00"/>
        <vehicle id="42" x="601.65" y="384.57" angle="180.00" type="DEFAULT_VEHTYPE" speed="6.68" pos="179.82" lane="3/1to3/2_0" slope="0.00"/>
        <vehicle id="43" x="401.65" y="759.51" angle="180.00" type="DEFAULT_VEHTYPE" speed="12.60" pos="154.76" lane="2/3to2/4_0" slope="0.00"/>
        <vehicle id="44" x="599.28" y="400.51" angle="-152.23" type="DEFAULT_VEHTYPE" speed="6.44" pos="6.06" lane=":3/2_10_0" slope="0.00"/>
        <vehicle id="46" x="201.65" y="543.37" angle="180.00" type="DEFAULT_VEHTYPE" speed="13.30" pos="138.62" lane="1/2to1/3_0" slope="0.00"/>
        <vehicle id="47" x="381.06" y="401.65" angle="-90.00" type="DEFAULT_VEHTYPE" speed="13.23" pos="14.19" lane="2/2to1/2_0" slope="0.00"/>
        <vehicle id="49" x="398.35" y="212.58" angle="0.00" type="DEFAULT_VEHTYPE" speed="13.08" pos="182.67" lane="2/2to2/1_0" slope="0.00"/>
        <vehicle id="6" x="126.70" y="401.65" angle="-90.00" type="DEFAULT_VEHTYPE" speed="13.63" pos="68.55" lane="1/2to0/2_0" slope="0.00"/>
    </timestep>
    <timestep time="466.00">
        <vehicle id="1" x="398.35" y="548.41" angle="0.00" type="DEFAULT_VEHTYPE" speed="13.37" pos="46.84" lane="2/3to2/2_0" slope="0.00"/>
        <vehicle id="11" x="295.44" y="598.35" angle="90.00" type="DEFAULT_VEHTYPE" speed="12.75" pos="90.69" lane="1/3to2/3_0" slope="0.00"/>
        <vehicle id="13" x="92.41" y="198.35" angle="90.00" type="DEFAULT_VEHTYPE" speed="13.30" pos="92.41" lane="0/1to1/1_0" slope="0.00"/>
        <vehicle id="17" x="239.18" y="598.35" angle="90.00" type="DEFAULT_VEHTYPE" speed="13.55" pos="34.43" lane="1/3to2/3_0" slope="0.00"/>
        <vehicle id="2" x="601.65" y="297.34" angle="180.00" type="DEFAULT_VEHTYPE" speed="13.05" pos="92.59" lane="3/1to3/2_0" slope="0.00"/>
        <vehicle id="21" x="201.65" y="262.63" angle="180.00" type="DEFAULT_VEHTYPE" speed="12.89" pos="57.88" lane="1/1to1/2_0" slope="0.00"/>
        <vehicle id="23" x="398.35" y="445.32" angle="0.00" type="DEFAULT_VEHTYPE" speed="12.72" pos="149.93" lane="2/3to2/2_0" slope="0.00"/>
        <vehicle id="25" x="405.40" y="401.65" angle="-90.00" type="DEFAULT_VEHTYPE" speed="2.00" pos="189.85" lane="3/2to2/2_0" slope="0.00"/>
        <vehicle id="27" x="201.65" y="393.03" angle="180.00" type="DEFAULT_VEHTYPE" speed="13.30" pos="188.28" lane="1/1to1/2_0" slope="0.00"/>
        <vehicle id="29" x="198.35" y="190.53" angle="0.45" type="DEFAULT_VEHTYPE" speed="9.30" pos="4.72" lane="1/1to1/0_0" slope="0.00"/>
        <vehicle id="3" x="401.65" y="704.04" angle="180.00" type="DEFAULT_VEHTYPE" speed="13.09" pos="99.29" lane="2/3to2/4_0" slope="0.00"/>
        <vehicle id="32" x="328.35" y="401.65" angle="-90.00" type="DEFAULT_VEHTYPE" speed="12.87" pos="66.90" lane="2/2to1/2_0" slope="0.00"/>
        <vehicle id="37" x="637.68" y="598.35" angle="90.00" type="DEFAULT_VEHTYPE" speed="13.15" pos="32.93" lane="3/3to4/3_0" slope="0.00"/>
        <vehicle id="38" x="398.35" y="658.58" angle="0.00" type="DEFAULT_VEHTYPE" speed="13.24" pos="141.42" lane="2/4to2/3_0" slope="0.00"/>
        <vehicle id="4" x="601.65" y="550.50" angle="180.00" type="DEFAULT_VEHTYPE" speed="12.95" pos="145.75" lane="3/2to3/3_0" slope="0.00"/>
        <vehicle id="41" x="398.35" y="292.80" angle="0.00" type="DEFAULT_VEHTYPE" speed="13.74" pos="102.45" lane="2/2to2/1_0" slope="0.00"/>
        <vehicle id="42" x="601.65" y="392.59" angle="180.00" type="DEFAULT_VEHTYPE" speed="8.01" pos="187.84" lane="3/1to3/2_0" slope="0.00"/>
        <vehicle id="43" x="401.65" y="772.43" angle="180.00" type="DEFAULT_VEHTYPE" speed="12.92" pos="167.68" lane="2/3to2/4_0" slope="0.00"/>
        <vehicle id="44" x="591.50" y="401.65" angle="-92.03" type="DEFAULT_VEHTYPE" speed="8.01" pos="3.75" lane="3/2to2/2_0" slope="0.00"/>
        <vehicle id="46" x="201.65" y="556.72" angle="180.00" type="DEFAULT_VEHTYPE" speed="13.35" pos="151.97" lane="1/2to1/3_0" slope="0.00"/>
        <vehicle id="47" x="367.48" y="401.65" angle="-90.00" type="DEFAULT_VEHTYPE" speed="13.58" pos="27.77" lane="2/2to1/2_0" slope="0.00"/>
        <vehicle id="49" x="394.74" y="201.65" angle="-53.82" type="DEFAULT_VEHTYPE" speed="13.35" pos="0.51" lane="2/1to1/1_0" slope="0.00"/>
        <vehicle id="6" x="113.05" y="401.65" angle="-90.00" type="DEFAULT_VEHTYPE" speed="13.65" pos="82.20" lane="1/2to0/2_0" slope="0.00"/>
    </timestep>
    <timestep time="467.00">
        <vehicle id="1" x="398.35" y="535.00" angle="0.00" type="DEFAULT_VEHTYPE" speed="13.41" pos="60.25" lane="2/3to2/2_0" slope="0.00"/>
        <vehicle id="11" x="308.51" y="598.35" angle="90.00" type="DEFAULT_VEHTYPE" speed="13.07" pos="103.76" lane="1/3to2/3_0" slope="0.00"/>
        <vehicle id="13" x="105.56" y="198.35" angle="90.00" type="DEFAULT_VEHTYPE" speed="13.15" pos="105.56" lane="0/1to1/1_0" slope="0.00"/>
        <vehicle id="17" x="252.62" y="598.35" angle="90.00" type="DEFAULT_VEHTYPE" speed="13.45" pos="47.87" lane="1/3to2/3_0" slope="0.00"/>
        <vehicle id="2" x="601.65" y="310.17" angle="180.00" type="DEFAULT_VEHTYPE" speed="12.83" pos="105.42" lane="3/1to3/2_0" slope="0.00"/>
        <vehicle id="21" x="201.65" y="276.18" angle="180.00" type="DEFAULT_VEHTYPE" speed="13.55" pos="71.43" lane="1/1to1/2_0" slope="0.00"/>
        <vehicle id="23" x="398.35" y="431.45" angle="0.00" type="DEFAULT_VEHTYPE" speed="13.88" pos="163.80" lane="2/3to2/2_0" slope="0.00"/>
        <vehicle id="25" x="401.42" y="401.65" angle="-90.00" type="DEFAULT_VEHTYPE" speed="3.98" pos="3.33" lane=":2/2_5_0" slope="0.00"/>
        <vehicle id="27" x="201.65" y="406.36" angle="180.00" type="DEFAULT_VEHTYPE" speed="13.33" pos="1.61" lane="1/2to1/3_0" slope="0.00"/>
        <vehicle id="29" x="198.35" y="179.22" angle="0.00" type="DEFAULT_VEHTYPE" speed="11.31" pos="16.03" lane="1/1to1/0_0" slope="0.00"/>
        <vehicle id="3" x="401.65" y="717.57" angle="180.00" type="DEFAULT_VEHTYPE" speed="13.53" pos="112.82" lane="2/3to2/4_0" slope="0.00"/>
        <vehicle id="32" x="315.20" y="401.65" angle="-90.00" type="DEFAULT_VEHTYPE" speed="13.14" pos="80.05" lane="2/2to1/2_0" slope="0.00"/>
        <vehicle id="37" x="650.32" y="598.35" angle="90.00" type="DEFAULT_VEHTYPE" speed="12.63" pos="45.57" lane="3/3to4/3_0" slope="0.00"/>
        <vehicle id="38" x="398.35" y="645.09" angle="0.00" type="DEFAULT_VEHTYPE" speed="13.49" pos="154.91" lane="2/4to2/3_0" slope="0.00"/>
        <vehicle id="4" x="601.65" y="563.87" angle="180.00" type="DEFAULT_VEHTYPE" speed="13.36" pos="159.12" lane="3/2to3/3_0" slope="0.00"/>
        <vehicle id="41" x="398.35" y="279.58" angle="0.00" type="DEFAULT_VEHTYPE" speed="13.23" pos="115.67" lane="2/2to2/1_0" slope="0.00"/>
        <vehicle id="42" x="601.65" y="402.49" angle="180.00" type="DEFAULT_VEHTYPE" speed="9.90" pos="7.24" lane=":3/2_9_0" slope="0.00"/>
        <vehicle id="43" x="401.65" y="785.63" angle="180.00" type="DEFAULT_VEHTYPE" speed="13.20" pos="180.88" lane="2/3to2/4_0" slope="0.00"/>
        <vehicle id="44" x="581.45" y="401.65" angle="-90.00" type="DEFAULT_VEHTYPE" speed="10.05" pos="13.80" lane="3/2to2/2_0" slope="0.00"/>
        <vehicle id="46" x="201.65" y="570.06" angle="180.00" type="DEFAULT_VEHTYPE" speed="13.33" pos="165.31" lane="1/2to1/3_0" slope="0.00"/>
        <vehicle id="47" x="354.09" y="401.65" angle="-90.00" type="DEFAULT_VEHTYPE" speed="13.38" pos="41.16" lane="2/2to1/2_0" slope="0.00"/>
        <vehicle id="49" x="382.14" y="201.65" angle="-90.00" type="DEFAULT_VEHTYPE" speed="12.60" pos="13.11" lane="2/1to1/1_0" slope="0.00"/>
        <vehicle id="6" x="99.74" y="401.65" angle="-90.00" type="DEFAULT_VEHTYPE" speed="13.31" pos="95.51" lane="1/2to0/2_0" slope="0.00"/>
    </timestep>
    <timestep time="468.00">
        <vehicle id="1" x="398.35" y="521.90" angle="0.00" type="DEFAULT_VEHTYPE" speed="13.11" pos="73.35" lane="2/3to2/2_0" slope="0.00"/>
        <vehicle id="11" x="321.34" y="598.35" angle="90.00" type="DEFAULT_VEHTYPE" speed="12.82" pos="116.59" lane="1/3to2/3_0" slope="0.00"/>
        <vehicle id="13" x="119.15" y="198.35" angle="90.00" type="DEFAULT_VEHTYPE" speed="13.59" pos="119.15" lane="0/1to1/1_0" slope="0.00"/>
        <vehicle id="17" x="266.20" y="598.35" angle="90.00" type="DEFAULT_VEHTYPE" speed="13.58" pos="61.45" lane="1/3to2/3_0" slope="0.00"/>
        <vehicle id="2" x="601.65" y="323.37" angle="180.00" type="DEFAULT_VEHTYPE" speed="13.20" pos="118.62" lane="3/1to3/2_0" slope="0.00"/>
        <vehicle id="21" x="201.65" y="289.51" angle="180.00" type="DEFAULT_VEHTYPE" speed="13.32" pos="84.76" lane="1/1to1/2_0" slope="0.00"/>
        <vehicle id="23" x="398.35" y="421.54" angle="0.00" type="DEFAULT_VEHTYPE" speed="9.91" pos="173.71" lane="2/3to2/2_0" slope="0.00"/>
        <vehicle id="25" x="395.03" y="401.65" angle="-90.00" type="DEFAULT_VEHTYPE" speed="6.39" pos="0.22" lane="2/2to1/2_0" slope="0.00"/>
        <vehicle id="27" x="201.65" y="419.31" angle="180.00" type="DEFAULT_VEHTYPE" speed="12.95" pos="14.56" lane="1/2to1/3_0" slope="0.00"/>
        <vehicle id="29" x="198.35" y="166.33" angle="0.00" type="DEFAULT_VEHTYPE" speed="12.89" pos="28.92" lane="1/1to1/0_0" slope="0.00"/>
        <vehicle id="3" x="401.65" y="730.69" angle="180.00" type="DEFAULT_VEHTYPE" speed="13.13" pos="125.94" lane="2/3to2/4_0" slope="0.00"/>
        <vehicle id="32" x="301.90" y="401.65" angle="-90.00" type="DEFAULT_VEHTYPE" speed="13.30" pos="93.35" lane="2/2to1/2_0" slope="0.00"/>
        <vehicle id="37" x="663.84" y="598.35" angle="90.00" type="DEFAULT_VEHTYPE" speed="13.52" pos="59.09" lane="3/3to4/3_0" slope="0.00"/>
        <vehicle id="38" x="398.35" y="631.22" angle="0.00" type="DEFAULT_VEHTYPE" speed="13.87" pos="168.78" lane="2/4to2/3_0" slope="0.00"/>
        <vehicle id="4" x="601.65" y="577.71" angle="180.00" type="DEFAULT_VEHTYPE" speed="13.84" pos="172.96" lane="3/2to3/3_0" slope="0.00"/>
        <vehicle id="41" x="398.35" y="265.74" angle="0.00" type="DEFAULT_VEHTYPE" speed="13.84" pos="129.51" lane="2/2to2/1_0" slope="0.00"/>
        <vehicle id="42" x="601.65" y="414.95" angle="180.00" type="DEFAULT_VEHTYPE" speed="12.46" pos="10.20" lane="3/2to3/3_0" slope="0.00"/>
        <vehicle id="43" x="401.65" y="799.36" angle="180.00" type="DEFAULT_VEHTYPE" speed="13.73" pos="194.61" lane="2/3to2/4_0" slope="0.00"/>
        <vehicle id="44" x="569.47" y="401.65" angle="-90.00" type="DEFAULT_VEHTYPE" speed="11.97" pos="25.78" lane="3/2to2/2_0" slope="0.00"/>
        <vehicle id="46" x="201.65" y="583.64" angle="180.00" type="DEFAULT_VEHTYPE" speed="13.58" pos="178.89" lane="1/2to1/3_0" slope="0.00"/>
        <vehicle id="47" x="340.73" y="401.65" angle="-90.00" type="DEFAULT_VEHTYPE" speed="13.37" pos="54.52" lane="2/2to1/2_0" slope="0.00"/>
        <vehicle id="49" x="368.92" y="201.65" angle="-90.00" type="DEFAULT_VEHTYPE" speed="13.22" pos="26.33" lane="2/1to1/1_0" slope="0.00"/>
        <vehicle id="6" x="86.96" y="401.65" angle="-90.00" type="DEFAULT_VEHTYPE" speed="12.78" pos="108.29" lane="1/2to0/2_0" slope="0.00"/>
    </timestep>
    <timestep time="469.00">
        <vehicle id="1" x="398.35" y="509.12" angle="0.00" type="DEFAULT_VEHTYPE" speed="12.78" pos="86.13" lane="2/3to2/2_0" slope="0.00"/>
        <vehicle id="11" x="335.09" y="598.35" angle="90.00" type="DEFAULT_VEHTYPE" speed="13.75" pos="130.34" lane="1/3to2/3_0" slope="0.00"/>
        <vehicle id="13" x="132.89" y="198.35" angle="90.00" type="DEFAULT_VEHTYPE" speed="13.73" pos="132.89" lane="0/1to1/1_0" slope="0.00"/>
        <vehicle id="17" x="278.85" y="598.35" angle="90.00" type="DEFAULT_VEHTYPE" speed="12.65" pos="74.10" lane="1/3to2/3_0" slope="0.00"/>
        <vehicle id="2" x="601.65" y="336.16" angle="180.00" type="DEFAULT_VEHTYPE" speed="12.78" pos="131.41" lane="3/1to3/2_0" slope="0.00"/>
        <vehicle id="21" x="201.65" y="303.23" angle="180.00" type="DEFAULT_VEHTYPE" speed="13.73" pos="98.48" lane="1/1to1/2_0" slope="0.00"/>
        <vehicle id="23" x="398.35" y="410.93" angle="0.00" type="DEFAULT_VEHTYPE" speed="10.60" pos="184.32" lane="2/3to2/2_0" slope="0.00"/>
        <vehicle id="25" x="386.22" y="401.65" angle="-90.00" type="DEFAULT_VEHTYPE" speed="8.81" pos="9.03" lane="2/2to1/2_0" slope="0.00"/>
        <vehicle id="27" x="201.65" y="433.19" angle="180.00" type="DEFAULT_VEHTYPE" speed="13.87" pos="28.44" lane="1/2to1/3_0" slope="0.00"/>
        <vehicle id="29" x="198.35" y="153.51" angle="0.00" type="DEFAULT_VEHTYPE" speed="12.83" pos="41.74" lane="1/1to1/0_0" slope="0.00"/>
        <vehicle id="3" x="401.65" y="743.32" angle="180.00" type="DEFAULT_VEHTYPE" speed="12.62" pos="138.57" lane="2/3to2/4_0" slope="0.00"/>
        <vehicle id="32" x="288.45" y="401.65" angle="-90.00" type="DEFAULT_VEHTYPE" speed="13.45" pos="106.80" lane="2/2to1/2_0" slope="0.00"/>
        <vehicle id="37" x="676.84" y="598.35" angle="90.00" type="DEFAULT_VEHTYPE" speed="13.00" pos="72.09" lane="3/3to4/3_0" slope="0.00"/>
        <vehicle id="38" x="398.35" y="617.69" angle="0.00" type="DEFAULT_VEHTYPE" speed="13.52" pos="182.31" lane="2/4to2/3_0" slope="0.00"/>
        <vehicle id="4" x="601.65" y="590.91" angle="180.00" type="DEFAULT_VEHTYPE" speed="13.20" pos="186.16" lane="3/2to3/3_0" slope="0.00"/>
        <vehicle id="41" x="398.35" y="252.27" angle="0.00" type="DEFAULT_VEHTYPE" speed="13.47" pos="142.98" lane="2/2to2/1_0" slope="0.00"/>
        <vehicle id="42" x="601.65" y="428.73" angle="180.00" type="DEFAULT_VEHTYPE" speed="13.78" pos="23.98" lane="3/2to3/3_0" slope="0.00"/>
        <vehicle id="43" x="398.35" y="792.50" angle="0.00" type="DEFAULT_VEHTYPE" speed="12.96" pos="7.50" lane="2/4to2/3_0" slope="0.00"/>
        <vehicle id="44" x="556.39" y="401.65" angle="-90.00" type="DEFAULT_VEHTYPE" speed="13.08" pos="38.86" lane="3/2to2/2_0" slope="0.00"/>
        <vehicle id="46" x="201.95" y="596.79" angle="176.57" type="DEFAULT_VEHTYPE" speed="13.19" pos="1.58" lane=":1/3_8_0" slope="0.00"/>
        <vehicle id="47" x="327.57" y="401.65" angle="-90.00" type="DEFAULT_VEHTYPE" speed="13.15" pos="67.68" lane="2/2to1/2_0" slope="0.00"/>
        <vehicle id="49" x="355.65" y="201.65" angle="-90.00" type="DEFAULT_VEHTYPE" speed="13.27" pos="39.60" lane="2/1to1/1_0" slope="0.00"/>
        <vehicle id="6" x="73.33" y="401.65" angle="-90.00" type="DEFAULT_VEHTYPE" speed="13.63" pos="121.92" lane="1/2to0/2_0" slope="0.00"/>
    </timestep>
    <timestep time="470.00">
        <vehicle id="1" x="398.35" y="495.45" angle="0.00" type="DEFAULT_VEHTYPE" speed="13.67" pos="99.80" lane="2/3to2/2_0" slope="0.00"/>
        <vehicle id="11" x="348.87" y="598.35" angle="90.00" type="DEFAULT_VEHTYPE" speed="13.78" pos="144.12" lane="1/3to2/3_0" slope="0.00"/>
        <vehicle id="13" x="146.30" y="198.35" angle="90.00" type="DEFAULT_VEHTYPE" speed="13.41" pos="146.30" lane="0/1to1/1_0" slope="0.00"/>
        <vehicle id="17" x="291.71" y="598.35" angle="90.00" type="DEFAULT_VEHTYPE" speed="12.85" pos="86.96" lane="1/3to2/3_0" slope="0.00"/>
        <vehicle id="2" x="601.65" y="349.38" angle="180.00" type="DEFAULT_VEHTYPE" speed="13.22" pos="144.63" lane="3/1to3/2_0" slope="0.00"/>
        <vehicle id="21" x="201.65" y="315.96" angle="180.00" type="DEFAULT_VEHTYPE" speed="12.73" pos="111.21" lane="1/1to1/2_0" slope="0.00"/>
        <vehicle id="23" x="398.35" y="398.03" angle="0.00" type="DEFAULT_VEHTYPE" speed="12.90" pos="6.72" lane=":2/2_1_0" slope="0.00"/>
        <vehicle id="25" x="375.37" y="401.65" angle="-90.00" type="DEFAULT_VEHTYPE" speed="10.85" pos="19.88" lane="2/2to1/2_0" slope="0.00"/>
        <vehicle id="27" x="201.65" y="446.50" angle="180.00" type="DEFAULT_VEHTYPE" speed="13.32" pos="41.75" lane="1/2to1/3_0" slope="0.00"/>
        <vehicle id="29" x="198.35" y="140.51" angle="0.00" type="DEFAULT_VEHTYPE" speed="13.00" pos="54.74" lane="1/1to1/0_0" slope="0.00"/>
        <vehicle id="3" x="401.65" y="756.95" angle="180.00" type="DEFAULT_VEHTYPE" speed="13.63" pos="152.20" lane="2/3to2/4_0" slope="0.00"/>
        <vehicle id="32" x="274.80" y="401.65" angle="-90.00" type="DEFAULT_VEHTYPE" speed="13.65" pos="120.45" lane="2/2to1/2_0" slope="0.00"/>
        <vehicle id="37" x="690.40" y="598.35" angle="90.00" type="DEFAULT_VEHTYPE" speed="13.57" pos="85.65" lane="3/3to4/3_0" slope="0.00"/>
        <vehicle id="38" x="398.35" y="604.52" angle="0.00" type="DEFAULT_VEHTYPE" speed="13.18" pos="0.23" lane=":2/3_1_0" slope="0.00"/>
        <vehicle id="4" x="608.76" y="598.35" angle="91.59" type="DEFAULT_VEHTYPE" speed="13.35" pos="4.01" lane="3/3to4/3_0" slope="0.00"/>
        <vehicle id="41" x="398.35" y="239.64" angle="0.00" type="DEFAULT_VEHTYPE" speed="12.63" pos="155.61" lane="2/2to2/1_0" slope="0.00"/>
        <vehicle id="42" x="601.65" y="442.19" angle="180.00" type="DEFAULT_VEHTYPE" speed="13.45" pos="37.44" lane="3/2to3/3_0" slope="0.00"/>
        <vehicle id="43" x="398.35" y="778.98" angle="0.00" type="DEFAULT_VEHTYPE" speed="13.52" pos="21.02" lane="2/4to2/3_0" slope="0.00"/>
        <vehicle id="44" x="542.84" y="401.65" angle="-90.00" type="DEFAULT_VEHTYPE" speed="13.55" pos="52.41" lane="3/2to2/2_0" slope="0.00"/>
        <vehicle id="46" x="214.94" y="598.35" angle="90.00" type="DEFAULT_VEHTYPE" speed="13.61" pos="10.19" lane="1/3to2/3_0" slope="0.00"/>
        <vehicle id="47" x="314.91" y="401.65" angle="-90.00" type="DEFAULT_VEHTYPE" speed="12.66" pos="80.34" lane="2/2to1/2_0" slope="0.00"/>
        <vehicle id="49" x="342.87" y="201.65" angle="-90.00" type="DEFAULT_VEHTYPE" speed="12.77" pos="52.38" lane="2/1to1/1_0" slope="0.00"/>
        <vehicle id="6" x="60.48" y="401.65" angle="-90.00" type="DEFAULT_VEHTYPE" speed="12.85" pos="134.77" lane="1/2to0/2_0" slope="0.00"/>
    </timestep>
    <timestep time="471.00">
        <vehicle id="1" x="398.35" y="482.64" angle="0.00" type="DEFAULT_VEHTYPE" speed="12.80" pos="112.61" lane="2/3to2/2_0" slope="0.00"/>
        <vehicle id="11" x="362.27" y="598.35" angle="90.00" type="DEFAULT_VEHTYPE" speed="13.40" pos="157.52" lane="1/3to2/3_0" slope="0.00"/>
        <vehicle id="13" x="160.10" y="198.35" angle="90.00" type="DEFAULT_VEHTYPE" speed="13.81" pos="160.10" lane="0/1to1/1_0" slope="0.00"/>
        <vehicle id="17" x="305.24" y="598.35" angle="90.00" type="DEFAULT_VEHTYPE" speed="13.54" pos="100.49" lane="1/3to2/3_0" slope="0.00"/>
        <vehicle id="2" x="601.65" y="363.14" angle="180.00" type="DEFAULT_VEHTYPE" speed="13.76" pos="158.39" lane="3/1to3/2_0" slope="0.00"/>
        <vehicle id="21" x="201.65" y="328.82" angle="180.00" type="DEFAULT_VEHTYPE" speed="12.86" pos="124.07" lane="1/1to1/2_0" slope="0.00"/>
        <vehicle id="23" x="398.35" y="385.31" angle="0.00" type="DEFAULT_VEHTYPE" speed="12.73" pos="9.94" lane="2/2to2/1_0" slope="0.00"/>
        <vehicle id="25" x="363.20" y="401.65" angle="-90.00" type="DEFAULT_VEHTYPE" speed="12.17" pos="32.05" lane="2/2to1/2_0" slope="0.00"/>
        <vehicle id="27" x="201.65" y="460.31" angle="180.00" type="DEFAULT_VEHTYPE" speed="13.80" pos="55.56" lane="1/2to1/3_0" slope="0.00"/>
        <vehicle id="29" x="198.35" y="127.74" angle="0.00" type="DEFAULT_VEHTYPE" speed="12.77" pos="67.51" lane="1/1to1/0_0" slope="0.00"/>
        <vehicle id="3" x="401.65" y="770.32" angle="180.00" type="DEFAULT_VEHTYPE" speed="13.37" pos="165.57" lane="2/3to2/4_0" slope="0.00"/>
        <vehicle id="32" x="261.69" y="401.65" angle="-90.00" type="DEFAULT_VEHTYPE" speed="13.11" pos="133.56" lane="2/2to1/2_0" slope="0.00"/>
        <vehicle id="37" x="704.22" y="598.35" angle="90.00" type="DEFAULT_VEHTYPE" speed="13.82" pos="99.47" lane="3/3to4/3_0" slope="0.00"/>
        <vehicle id="38" x="398.35" y="591.45" angle="0.00" type="DEFAULT_VEHTYPE" speed="13.06" pos="3.80" lane="2/3to2/2_0" slope="0.00"/>
        <vehicle id="4" x="622.58" y="598.35" angle="90.00" type="DEFAULT_VEHTYPE" speed="13.82" pos="17.83" lane="3/3to4/3_0" slope="0.00"/>
        <vehicle id="41" x="398.35" y="226.06" angle="0.00" type="DEFAULT_VEHTYPE" speed="13.58" pos="169.19" lane="2/2to2/1_0" slope="0.00"/>
        <vehicle id="42" x="601.65" y="455.84" angle="180.00" type="DEFAULT_VEHTYPE" speed="13.66" pos="51.09" lane="3/2to3/3_0" slope="0.00"/>
        <vehicle id="43" x="398.35" y="765.81" angle="0.00" type="DEFAULT_VEHTYPE" speed="13.17" pos="34.19" lane="2/4to2/3_0" slope="0.00"/>
        <vehicle id="44" x="528.97" y="401.65" angle="-90.00" type="DEFAULT_VEHTYPE" speed="13.87" pos="66.28" lane="3/2to2/2_0" slope="0.00"/>
        <vehicle id="46" x="228.45" y="598.35" angle="90.00" type="DEFAULT_VEHTYPE" speed="13.51" pos="23.70" lane="1/3to2/3_0" slope="0.00"/>
        <vehicle id="47" x="301.75" y="401.65" angle="-90.00" type="DEFAULT_VEHTYPE" speed="13.16" pos="93.50" lane="2/2to1/2_0" slope="0.00"/>
        <vehicle id="49" x="329.70" y="201.65" angle="-90.00" type="DEFAULT_VEHTYPE" speed="13.17" pos="65.55" lane="2/1to1/1_0" slope="0.00"/>
        <vehicle id="6" x="47.60" y="401.65" angle="-90.00" type="DEFAULT_VEHTYPE" speed="12.88" pos="147.65" lane="1/2to0/2_0" slope="0.00"/>
    </timestep>
    <timestep time="472.00">
        <vehicle id="1" x="398.35" y="469.48" angle="0.00" type="DEFAULT_VEHTYPE" speed="13.16" pos="125.77" lane="2/3to2/2_0" slope="0.00"/>
        <vehicle id="11" x="374.14" y="598.35" angle="90.00" type="DEFAULT_VEHTYPE" speed="11.87" pos="169.39" lane="1/3to2/3_0" slope="0.00"/>
        <vehicle id="13" x="172.42" y="198.35" angle="90.00" type="DEFAULT_VEHTYPE" speed="12.32" pos="172.42" lane="0/1to1/1_0" slope="0.00"/>
        <vehicle id="17" x="318.23" y="598.35" angle="90.00" type="DEFAULT_VEHTYPE" speed="12.98" pos="113.48" lane="1/3to2/3_0" slope="0.00"/>
        <vehicle id="2" x="601.65" y="376.98" angle="180.00" type="DEFAULT_VEHTYPE" speed="13.84" pos="172.23" lane="3/1to3/2_0" slope="0.00"/>
        <vehicle id="21" x="201.65" y="342.30" angle="180.00" type="DEFAULT_VEHTYPE" speed="13.48" pos="137.55" lane="1/1to1/2_0" slope="0.00"/>
        <vehicle id="23" x="398.35" y="371.78" angle="0.00" type="DEFAULT_VEHTYPE" speed="13.53" pos="23.47" lane="2/2to2/1_0" slope="0.00"/>
        <vehicle id="25" x="350.53" y="401.65" angle="-90.00" type="DEFAULT_VEHTYPE" speed="12.67" pos="44.72" lane="2/2to1/2_0" slope="0.00"/>
        <vehicle id="27" x="201.65" y="474.11" angle="180.00" type="DEFAULT_VEHTYPE" speed="13.80" pos="69.36" lane="1/2to1/3_0" slope="0.00"/>
        <vehicle id="29" x="198.35" y="113.96" angle="0.00" type="DEFAULT_VEHTYPE" speed="13.78" pos="81.29" lane="1/1to1/0_0" slope="0.00"/>
        <vehicle id="3" x="401.65" y="783.18" angle="180.00" type="DEFAULT_VEHTYPE" speed="12.86" pos="178.43" lane="2/3to2/4_0" slope="0.00"/>
        <vehicle id="32" x="248.82" y="401.65" angle="-90.00" type="DEFAULT_VEHTYPE" speed="12.87" pos="146.43" lane="2/2to1/2_0" slope="0.00"/>
        <vehicle id="37" x="717.84" y="598.35" angle="90.00" type="DEFAULT_VEHTYPE" speed="13.62" pos="113.09" lane="3/3to4/3_0" slope="0.00"/>
        <vehicle id="38" x="398.35" y="578.62" angle="0.00" type="DEFAULT_VEHTYPE" speed="12.83" pos="16.63" lane="2/3to2/2_0" slope="0.00"/>
        <vehicle id="4" x="636.29" y="598.35" angle="90.00" type="DEFAULT_VEHTYPE" speed="13.72" pos="31.54" lane="3/3to4/3_0" slope="0.00"/>
        <vehicle id="41" x="398.35" y="213.11" angle="0.00" type="DEFAULT_VEHTYPE" speed="12.95" pos="182.14" lane="2/2to2/1_0" slope="0.00"/>
        <vehicle id="42" x="601.65" y="469.39" angle="180.00" type="DEFAULT_VEHTYPE" speed="13.55" pos="64.64" lane="3/2to3/3_0" slope="0.00"/>
        <vehicle id="43" x="398.35" y="752.19" angle="0.00" type="DEFAULT_VEHTYPE" speed="13.62" pos="47.81" lane="2/4to2/3_0" slope="0.00"/>
        <vehicle id="44" x="515.77" y="401.65" angle="-90.00" type="DEFAULT_VEHTYPE" speed="13.20" pos="79.48" lane="3/2to2/2_0" slope="0.00"/>
        <vehicle id="46" x="241.80" y="598.35" angle="90.00" type="DEFAULT_VEHTYPE" speed="13.35" pos="37.05" lane="1/3to2/3_0" slope="0.00"/>
        <vehicle id="47" x="288.25" y="401.65" angle="-90.00" type="DEFAULT_VEHTYPE" speed="13.50" pos="107.00" lane="2/2to1/2_0" slope="0.00"/>
        <vehicle id="49" x="315.87" y="201.65" angle="-90.00" type="DEFAULT_VEHTYPE" speed="13.83" pos="79.38" lane="2/1to1/1_0" slope="0.00"/>
        <vehicle id="6" x="34.53" y="401.65" angle="-90.00" type="DEFAULT_VEHTYPE" speed="13.07" pos="160.72" lane="1/2to0/2_0" slope="0.00"/>
    </timestep>
    <timestep time="473.00">
        <vehicle id="1" x="398.35" y="456.49" angle="0.00" type="DEFAULT_VEHTYPE" speed="12.99" pos="138.76" lane="2/3to2/2_0" slope="0.00"/>
        <vehicle id="11" x="382.22" y="598.35" angle="90.00" type="DEFAULT_VEHTYPE" speed="8.08" pos="177.47" lane="1/3to2/3_0" slope="0.00"/>
        <vehicle id="13" x="181.36" y="198.35" angle="90.00" type="DEFAULT_VEHTYPE" speed="8.94" pos="181.36" lane="0/1to1/1_0" slope="0.00"/>
        <vehicle id="17" x="331.96" y="598.35" angle="90.00" type="DEFAULT_VEHTYPE" speed="13.74" pos="127.21" lane="1/3to2/3_0" slope="0.00"/>
        <vehicle id="2" x="601.65" y="390.04" angle="180.00" type="DEFAULT_VEHTYPE" speed="13.06" pos="185.29" lane="3/1to3/2_0" slope="0.00"/>
        <vehicle id="21" x="201.65" y="356.18" angle="180.00" type="DEFAULT_VEHTYPE" speed="13.88" pos="151.43" lane="1/1to1/2_0" slope="0.00"/>
        <vehicle id="23" x="398.35" y="358.60" angle="0.00" type="DEFAULT_VEHTYPE" speed="13.18" pos="36.65" lane="2/2to2/1_0" slope="0.00"/>
        <vehicle id="25" x="337.31" y="401.65" angle="-90.00" type="DEFAULT_VEHTYPE" speed="13.22" pos="57.94" lane="2/2to1/2_0" slope="0.00"/>
        <vehicle id="27" x="201.65" y="487.50" angle="180.00" type="DEFAULT_VEHTYPE" speed="13.39" pos="82.75" lane="1/2to1/3_0" slope="0.00"/>
        <vehicle id="29" x="198.35" y="101.13" angle="0.00" type="DEFAULT_VEHTYPE" speed="12.84" pos="94.12" lane="1/1to1/0_0" slope="0.00"/>
        <vehicle id="3" x="401.65" y="797.02" angle="180.00" type="DEFAULT_VEHTYPE" speed="13.84" pos="192.27" lane="2/3to2/4_0" slope="0.00"/>
        <vehicle id="32" x="235.83" y="401.65" angle="-90.00" type="DEFAULT_VEHTYPE" speed="12.99" pos="159.42" lane="2/2to1/2_0" slope="0.00"/>
        <vehicle id="37" x="731.70" y="598.35" angle="90.00" type="DEFAULT_VEHTYPE" speed="13.87" pos="126.95" lane="3/3to4/3_0" slope="0.00"/>
        <vehicle id="38" x="398.35" y="565.60" angle="0.00" type="DEFAULT_VEHTYPE" speed="13.02" pos="29.65" lane="2/3to2/2_0" slope="0.00"/>
        <vehicle id="4" x="649.77" y="598.35" angle="90.00" type="DEFAULT_VEHTYPE" speed="13.47" pos="45.02" lane="3/3to4/3_0" slope="0.00"/>
        <vehicle id="41" x="395.16" y="201.65" angle="-46.55" type="DEFAULT_VEHTYPE" speed="13.45" pos="0.09" lane="2/1to1/1_0" slope="0.00"/>
        <vehicle id="42" x="601.65" y="482.80" angle="180.00" type="DEFAULT_VEHTYPE" speed="13.41" pos="78.05" lane="3/2to3/3_0" slope="0.00"/>
        <vehicle id="43" x="398.35" y="738.69" angle="0.00" type="DEFAULT_VEHTYPE" speed="13.50" pos="61.31" lane="2/4to2/3_0" slope="0.00"/>
        <vehicle id="44" x="502.81" y="401.65" angle="-90.00" type="DEFAULT_VEHTYPE" speed="12.96" pos="92.44" lane="3/2to2/2_0" slope="0.00"/>
        <vehicle id="46" x="254.75" y="598.35" angle="90.00" type="DEFAULT_VEHTYPE" speed="12.94" pos="50.00" lane="1/3to2/3_0" slope="0.00"/>
        <vehicle id="47" x="274.40" y="401.65" angle="-90.00" type="DEFAULT_VEHTYPE" speed="13.86" pos="120.85" lane="2/2to1/2_0" slope="0.00"/>
        <vehicle id="49" x="302.13" y="201.65" angle="-90.00" type="DEFAULT_VEHTYPE" speed="13.74" pos="93.12" lane="2/1to1/1_0" slope="0.00"/>
        <vehicle id="6" x="21.15" y="401.65" angle="-90.00" type="DEFAULT_VEHTYPE" speed="13.38" pos="174.10" lane="1/2to0/2_0" slope="0.00"/>
    </timestep>
    <timestep time="474.00">
        <vehicle id="1" x="398.35" y="442.75" angle="0.00" type="DEFAULT_VEHTYPE" speed="13.74" pos="152.50" lane="2/3to2/2_0" slope="0.00"/>
        <vehicle id="11" x="388.23" y="598.35" angle="90.00" type="DEFAULT_VEHTYPE" speed="6.01" pos="183.48" lane="1/3to2/3_0" slope="0.00"/>
        <vehicle id="13" x="187.54" y="198.35" angle="90.00" type="DEFAULT_VEHTYPE" speed="6.18" pos="187.54" lane="0/1to1/1_0" slope="0.00"/>
        <vehicle id="17" x="344.59" y="598.35" angle="90.00" type="DEFAULT_VEHTYPE" speed="12.62" pos="139.84" lane="1/3to2/3_0" slope="0.00"/>
        <vehicle id="2" x="601.65" y="403.37" angle="180.00" type="DEFAULT_VEHTYPE" speed="13.32" pos="8.12" lane=":3/2_9_0" slope="0.00"/>
        <vehicle id="21" x="201.65" y="369.05" angle="180.00" type="DEFAULT_VEHTYPE" speed="12.87" pos="164.30" lane="1/1to1/2_0" slope="0.00"/>
        <vehicle id="23" x="398.35" y="345.54" angle="0.00" type="DEFAULT_VEHTYPE" speed="13.06" pos="49.71" lane="2/2to2/1_0" slope="0.00"/>
        <vehicle id="25" x="324.33" y="401.65" angle="-90.00" type="DEFAULT_VEHTYPE" speed="12.99" pos="70.92" lane="2/2to1/2_0" slope="0.00"/>
        <vehicle id="27" x="201.65" y="500.47" angle="180.00" type="DEFAULT_VEHTYPE" speed="12.98" pos="95.72" lane="1/2to1/3_0" slope="0.00"/>
        <vehicle id="29" x="198.35" y="87.45" angle="0.00" type="DEFAULT_VEHTYPE" speed="13.68" pos="107.80" lane="1/1to1/0_0" slope="0.00"/>
        <vehicle id="3" x="398.35" y="793.98" angle="0.00" type="DEFAULT_VEHTYPE" speed="13.82" pos="6.02" lane="2/4to2/3_0" slope="0.00"/>
        <vehicle id="32" x="224.08" y="401.65" angle="-90.00" type="DEFAULT_VEHTYPE" speed="11.74" pos="171.17" lane="2/2to1/2_0" slope="0.00"/>
        <vehicle id="37" x="744.91" y="598.35" angle="90.00" type="DEFAULT_VEHTYPE" speed="13.20" pos="140.16" lane="3/3to4/3_0" slope="0.00"/>
        <vehicle id="38" x="398.35" y="552.42" angle="0.00" type="DEFAULT_VEHTYPE" speed="13.18" pos="42.83" lane="2/3to2/2_0" slope="0.00"/>
        <vehicle id="4" x="662.90" y="598.35" angle="90.00" type="DEFAULT_VEHTYPE" speed="13.14" pos="58.15" lane="3/3to4/3_0" slope="0.00"/>
        <vehicle id="41" x="381.31" y="201.65" angle="-90.00" type="DEFAULT_VEHTYPE" speed="13.85" pos="13.94" lane="2/1to1/1_0" slope="0.00"/>
        <vehicle id="42" x="601.65" y="496.38" angle="180.00" type="DEFAULT_VEHTYPE" speed="13.58" pos="91.63" lane="3/2to3/3_0" slope="0.00"/>
        <vehicle id="43" x="398.35" y="725.22" angle="0.00" type="DEFAULT_VEHTYPE" speed="13.47" pos="74.78" lane="2/4to2/3_0" slope="0.00"/>
        <vehicle id="44" x="489.92" y="401.65" angle="-90.00" type="DEFAULT_VEHTYPE" speed="12.88" pos="105.33" lane="3/2to2/2_0" slope="0.00"/>
        <vehicle id="46" x="267.49" y="598.35" angle="90.00" type="DEFAULT_VEHTYPE" speed="12.75" pos="62.74" lane="1/3to2/3_0" slope="0.00"/>
        <vehicle id="47" x="261.52" y="401.65" angle="-90.00" type="DEFAULT_VEHTYPE" speed="12.88" pos="133.73" lane="2/2to1/2_0" slope="0.00"/>
        <vehicle id="49" x="288.45" y="201.65" angle="-90.00" type="DEFAULT_VEHTYPE" speed="13.68" pos="106.80" lane="2/1to1/1_0" slope="0.00"/>
        <vehicle id="6" x="7.56" y="401.65" angle="-90.00" type="DEFAULT_VEHTYPE" speed="13.60" pos="187.69" lane="1/2to0/2_0" slope="0.00"/>
    </timestep>
    <timestep time="475.00">
        <vehicle id="1" x="398.35" y="429.82" angle="0.00" type="DEFAULT_VEHTYPE" speed="12.93" pos="165.43" lane="2/3to2/2_0" slope="0.00"/>
        <vehicle id="11" x="391.01" y="598.35" angle="90.00" type="DEFAULT_VEHTYPE" speed="2.78" pos="186.26" lane="1/3to2/3_0" slope="0.00"/>
        <vehicle id="13" x="190.79" y="198.35" angle="90.00" type="DEFAULT_VEHTYPE" speed="3.25" pos="190.79" lane="0/1to1/1_0" slope="0.00"/>
        <vehicle id="17" x="357.87" y="598.35" angle="90.00" type="DEFAULT_VEHTYPE" speed="13.29" pos="153.12" lane="1/3to2/3_0" slope="0.00"/>
        <vehicle id="2" x="601.65" y="416.47" angle="180.00" type="DEFAULT_VEHTYPE" speed="13.10" pos="11.72" lane="3/2to3/3_0" slope="0.00"/>
        <vehicle id="21" x="201.65" y="382.94" angle="180.00" type="DEFAULT_VEHTYPE" speed="13.89" pos="178.19" lane="1/1to1/2_0" slope="0.00"/>
        <vehicle id="23" x="398.35" y="332.18" angle="0.00" type="DEFAULT_VEHTYPE" speed="13.36" pos="63.07" lane="2/2to2/1_0" slope="0.00"/>
        <vehicle id="25" x="310.45" y="401.65" angle="-90.00" type="DEFAULT_VEHTYPE" speed="13.88" pos="84.80" lane="2/2to1/2_0" slope="0.00"/>
        <vehicle id="27" x="201.65" y="513.79" angle="180.00" type="DEFAULT_VEHTYPE" speed="13.32" pos="109.04" lane="1/2to1/3_0" slope="0.00"/>
        <vehicle id="29" x="198.35" y="73.80" angle="0.00" type="DEFAULT_VEHTYPE" speed="13.65" pos="121.45" lane="1/1to1/0_0" slope="0.00"/>
        <vehicle id="3" x="398.35" y="780.76" angle="0.00" type="DEFAULT_VEHTYPE" speed="13.22" pos="19.24" lane="2/4to2/3_0" slope="0.00"/>
        <vehicle id="32" x="216.72" y="401.65" angle="-90.00" type="DEFAULT_VEHTYPE" speed="7.37" pos="178.53" lane="2/2to1/2_0" slope="0.00"/>
        <vehicle id="37" x="757.56" y="598.35" angle="90.00" type="DEFAULT_VEHTYPE" speed="12.65" pos="152.81" lane="3/3to4/3_0" slope="0.00"/>
        <vehicle id="38" x="398.35" y="538.97" angle="0.00" type="DEFAULT_VEHTYPE" speed="13.45" pos="56.28" lane="2/3to2/2_0" slope="0.00"/>
        <vehicle id="4" x="676.47" y="598.35" angle="90.00" type="DEFAULT_VEHTYPE" speed="13.57" pos="71.72" lane="3/3to4/3_0" slope="0.00"/>
        <vehicle id="41" x="368.53" y="201.65" angle="-90.00" type="DEFAULT_VEHTYPE" speed="12.78" pos="26.72" lane="2/1to1/1_0" slope="0.00"/>
        <vehicle id="42" x="601.65" y="510.09" angle="180.00" type="DEFAULT_VEHTYPE" speed="13.71" pos="105.34" lane="3/2to3/3_0" slope="0.00"/>
        <vehicle id="43" x="398.35" y="711.87" angle="0.00" type="DEFAULT_VEHTYPE" speed="13.35" pos="88.13" lane="2/4to2/3_0" slope="0.00"/>
        <vehicle id="44" x="476.94" y="401.65" angle="-90.00" type="DEFAULT_VEHTYPE" speed="12.99" pos="118.31" lane="3/2to2/2_0" slope="0.00"/>
        <vehicle id="46" x="280.94" y="598.35" angle="90.00" type="DEFAULT_VEHTYPE" speed="13.45" pos="76.19" lane="1/3to2/3_0" slope="0.00"/>
        <vehicle id="47" x="248.91" y="401.65" angle="-90.00" type="DEFAULT_VEHTYPE" speed="12.60" pos="146.34" lane="2/2to1/2_0" slope="0.00"/>
        <vehicle id="49" x="275.17" y="201.65" angle="-90.00" type="DEFAULT_VEHTYPE" speed="13.28" pos="120.08" lane="2/1to1/1_0" slope="0.00"/>
        <vehicle id="6" x="0.55" y="398.35" angle="15.67" type="DEFAULT_VEHTYPE" speed="12.93" pos="0.55" lane="0/2to1/2_0" slope="0.00"/>
    </timestep>
    <timestep time="476.00">
        <vehicle id="1" x="398.35" y="417.21" angle="0.00" type="DEFAULT_VEHTYPE" speed="12.62" pos="178.04" lane="2/3to2/2_0" slope="0.00"/>
        <vehicle id="11" x="396.20" y="598.49" angle="91.55" type="DEFAULT_VEHTYPE" speed="5.20" pos="0.96" lane=":2/3_14_0" slope="0.00"/>
        <vehicle id="13" x="196.27" y="198.21" angle="88.37" type="DEFAULT_VEHTYPE" speed="5.49" pos="1.03" lane=":1/1_12_0" slope="0.00"/>
        <vehicle id="17" x="369.15" y="598.35" angle="90.00" type="DEFAULT_VEHTYPE" speed="11.28" pos="164.40" lane="1/3to2/3_0" slope="0.00"/>
        <vehicle id="2" x="601.65" y="429.62" angle="180.00" type="DEFAULT_VEHTYPE" speed="13.15" pos="24.87" lane="3/2to3/3_0" slope="0.00"/>
        <vehicle id="21" x="201.65" y="396.33" angle="180.00" type="DEFAULT_VEHTYPE" speed="13.39" pos="1.08" lane=":1/2_9_0" slope="0.00"/>
        <vehicle id="23" x="398.35" y="319.09" angle="0.00" type="DEFAULT_VEHTYPE" speed="13.09" pos="76.16" lane="2/2to2/1_0" slope="0.00"/>
        <vehicle id="25" x="297.76" y="401.65" angle="-90.00" type="DEFAULT_VEHTYPE" speed="12.69" pos="97.49" lane="2/2to1/2_0" slope="0.00"/>
        <vehicle id="27" x="201.65" y="527.22" angle="180.00" type="DEFAULT_VEHTYPE" speed="13.43" pos="122.47" lane="1/2to1/3_0" slope="0.00"/>
        <vehicle id="29" x="198.35" y="60.75" angle="0.00" type="DEFAULT_VEHTYPE" speed="13.05" pos="134.50" lane="1/1to1/0_0" slope="0.00"/>
        <vehicle id="3" x="398.35" y="767.53" angle="0.00" type="DEFAULT_VEHTYPE" speed="13.23" pos="32.47" lane="2/4to2/3_0" slope="0.00"/>
        <vehicle id="32" x="212.21" y="401.65" angle="-90.00" type="DEFAULT_VEHTYPE" speed="4.51" pos="183.04" lane="2/2to1/2_0" slope="0.00"/>
        <vehicle id="37" x="770.42" y="598.35" angle="90.00" type="DEFAULT_VEHTYPE" speed="12.86" pos="165.67" lane="3/3to4/3_0" slope="0.00"/>
        <vehicle id="38" x="398.35" y="526.10" angle="0.00" type="DEFAULT_VEHTYPE" speed="12.86" pos="69.15" lane="2/3to2/2_0" slope="0.00"/>
        <vehicle id="4" x="689.52" y="598.35" angle="90.00" type="DEFAULT_VEHTYPE" speed="13.05" pos="84.77" lane="3/3to4/3_0" slope="0.00"/>
        <vehicle id="41" x="355.06" y="201.65" angle="-90.00" type="DEFAULT_VEHTYPE" speed="13.47" pos="40.19" lane="2/1to1/1_0" slope="0.00"/>
        <vehicle id="42" x="601.65" y="523.55" angle="180.00" type="DEFAULT_VEHTYPE" speed="13.47" pos="118.80" lane="3/2to3/3_0" slope="0.00"/>
        <vehicle id="43" x="398.35" y="698.45" angle="0.00" type="DEFAULT_VEHTYPE" speed="13.42" pos="101.55" lane="2/4to2/3_0" slope="0.00"/>
        <vehicle id="44" x="463.69" y="401.65" angle="-90.00" type="DEFAULT_VEHTYPE" speed="13.25" pos="131.56" lane="3/2to2/2_0" slope="0.00"/>
        <vehicle id="46" x="293.83" y="598.35" angle="90.00" type="DEFAULT_VEHTYPE" speed="12.89" pos="89.08" lane="1/3to2/3_0" slope="0.00"/>
        <vehicle id="47" x="236.76" y="401.65" angle="-90.00" type="DEFAULT_VEHTYPE" speed="12.15" pos="158.49" lane="2/2to1/2_0" slope="0.00"/>
        <vehicle id="49" x="262.46" y="201.65" angle="-90.00" type="DEFAULT_VEHTYPE" speed="12.70" pos="132.79" lane="2/1to1/1_0" slope="0.00"/>
        <vehicle id="6" x="14.26" y="398.35" angle="90.00" type="DEFAULT_VEHTYPE" speed="13.70" pos="14.26" lane="0/2to1/2_0" slope="0.00"/>
    </timestep>
    <timestep time="477.00">
        <vehicle id="1" x="398.35" y="404.16" angle="0.00" type="DEFAULT_VEHTYPE" speed="13.05" pos="0.59" lane=":2/2_1_0" slope="0.00"/>
        <vehicle id="11" x="401.41" y="603.05" angle="145.35" type="DEFAULT_VEHTYPE" speed="7.64" pos="8.60" lane=":2/3_14_0" slope="0.00"/>
        <vehicle id="13" x="198.35" y="191.37" angle="1.79" type="DEFAULT_VEHTYPE" speed="7.85" pos="3.88" lane="1/1to1/0_0" slope="0.00"/>
        <vehicle id="17" x="379.25" y="598.35" angle="90.00" type="DEFAULT_VEHTYPE" speed="10.10" pos="174.50" lane="1/3to2/3_0" slope="0.00"/>
        <vehicle id="2" x="601.65" y="442.77" angle="180.00" type="DEFAULT_VEHTYPE" speed="13.15" pos="38.02" lane="3/2to3/3_0" slope="0.00"/>
        <vehicle id="21" x="201.65" y="409.94" angle="180.00" type="DEFAULT_VEHTYPE" speed="13.61" pos="5.19" lane="1/2to1/3_0" slope="0.00"/>
        <vehicle id="23" x="398.35" y="306.49" angle="0.00" type="DEFAULT_VEHTYPE" speed="12.61" pos="88.76" lane="2/2to2/1_0" slope="0.00"/>
        <vehicle id="25" x="284.75" y="401.65" angle="-90.00" type="DEFAULT_VEHTYPE" speed="13.00" pos="110.50" lane="2/2to1/2_0" slope="0.00"/>
        <vehicle id="27" x="201.65" y="540.40" angle="180.00" type="DEFAULT_VEHTYPE" speed="13.18" pos="135.65" lane="1/2to1/3_0" slope="0.00"/>
        <vehicle id="29" x="198.35" y="47.08" angle="0.00" type="DEFAULT_VEHTYPE" speed="13.67" pos="148.17" lane="1/1to1/0_0" slope="0.00"/>
        <vehicle id="3" x="398.35" y="754.30" angle="0.00" type="DEFAULT_VEHTYPE" speed="13.23" pos="45.70" lane="2/4to2/3_0" slope="0.00"/>
        <vehicle id="32" x="209.56" y="401.65" angle="-90.00" type="DEFAULT_VEHTYPE" speed="2.65" pos="185.69" lane="2/2to1/2_0" slope="0.00"/>
        <vehicle id="37" x="783.34" y="598.35" angle="90.00" type="DEFAULT_VEHTYPE" speed="12.93" pos="178.59" lane="3/3to4/3_0" slope="0.00"/>
        <vehicle id="38" x="398.35" y="512.68" angle="0.00" type="DEFAULT_VEHTYPE" speed="13.42" pos="82.57" lane="2/3to2/2_0" slope="0.00"/>
        <vehicle id="4" x="702.34" y="598.35" angle="90.00" type="DEFAULT_VEHTYPE" speed="12.82" pos="97.59" lane="3/3to4/3_0" slope="0.00"/>
        <vehicle id="41" x="342.40" y="201.65" angle="-90.00" type="DEFAULT_VEHTYPE" speed="12.66" pos="52.85" lane="2/1to1/1_0" slope="0.00"/>
        <vehicle id="42" x="601.65" y="537.40" angle="180.00" type="DEFAULT_VEHTYPE" speed="13.85" pos="132.65" lane="3/2to3/3_0" slope="0.00"/>
        <vehicle id="43" x="398.35" y="685.19" angle="0.00" type="DEFAULT_VEHTYPE" speed="13.26" pos="114.81" lane="2/4to2/3_0" slope="0.00"/>
        <vehicle id="44" x="450.93" y="401.65" angle="-90.00" type="DEFAULT_VEHTYPE" speed="12.76" pos="144.32" lane="3/2to2/2_0" slope="0.00"/>
        <vehicle id="46" x="307.08" y="598.35" angle="90.00" type="DEFAULT_VEHTYPE" speed="13.26" pos="102.33" lane="1/3to2/3_0" slope="0.00"/>
        <vehicle id="47" x="227.65" y="401.65" angle="-90.00" type="DEFAULT_VEHTYPE" speed="9.11" pos="167.60" lane="2/2to1/2_0" slope="0.00"/>
        <vehicle id="49" x="248.96" y="201.65" angle="-90.00" type="DEFAULT_VEHTYPE" speed="13.50" pos="146.29" lane="2/1to1/1_0" slope="0.00"/>
        <vehicle id="6" x="27.67" y="398.35" angle="90.00" type="DEFAULT_VEHTYPE" speed="13.42" pos="27.67" lane="0/2to1/2_0" slope="0.00"/>
    </timestep>
    <timestep time="478.00">
        <vehicle id="1" x="398.35" y="391.48" angle="0.00" type="DEFAULT_VEHTYPE" speed="12.68" pos="3.77" lane="2/2to2/1_0" slope="0.00"/>
        <vehicle id="11" x="401.65" y="612.23" angle="180.00" type="DEFAULT_VEHTYPE" speed="9.20" pos="7.48" lane="2/3to2/4_0" slope="0.00"/>
        <vehicle id="13" x="198.35" y="182.15" angle="0.00" type="DEFAULT_VEHTYPE" speed="9.22" pos="13.10" lane="1/1to1/0_0" slope="0.00"/>
        <vehicle id="17" x="386.07" y="598.35" angle="90.00" type="DEFAULT_VEHTYPE" speed="6.82" pos="181.32" lane="1/3to2/3_0" slope="0.00"/>
        <vehicle id="2" x="601.65" y="456.42" angle="180.00" type="DEFAULT_VEHTYPE" speed="13.65" pos="51.67" lane="3/2to3/3_0" slope="0.00"/>
        <vehicle id="21" x="201.65" y="423.45" angle="180.00" type="DEFAULT_VEHTYPE" speed="13.51" pos="18.70" lane="1/2to1/3_0" slope="0.00"/>
        <vehicle id="23" x="398.35" y="293.10" angle="0.00" type="DEFAULT_VEHTYPE" speed="13.39" pos="102.15" lane="2/2to2/1_0" slope="0.00"/>
        <vehicle id="25" x="272.15" y="401.65" angle="-90.00" type="DEFAULT_VEHTYPE" speed="12.61" pos="123.10" lane="2/2to1/2_0" slope="0.00"/>
        <vehicle id="27" x="201.65" y="553.63" angle="180.00" type="DEFAULT_VEHTYPE" speed="13.23" pos="148.88" lane="1/2to1/3_0" slope="0.00"/>
        <vehicle id="29" x="198.35" y="33.48" angle="0.00" type="DEFAULT_VEHTYPE" speed="13.60" pos="161.77" lane="1/1to1/0_0" slope="0.00"/>
        <vehicle id="3" x="398.35" y="740.83" angle="0.00" type="DEFAULT_VEHTYPE" speed="13.47" pos="59.17" lane="2/4to2/3_0" slope="0.00"/>
        <vehicle id="32" x="204.36" y="401.59" angle="-89.36" type="DEFAULT_VEHTYPE" speed="5.20" pos="0.40" lane=":1/2_6_0" slope="0.00"/>
        <vehicle id="37" x="797.23" y="598.35" angle="90.00" type="DEFAULT_VEHTYPE" speed="13.88" pos="192.48" lane="3/3to4/3_0" slope="0.00"/>
        <vehicle id="38" x="398.35" y="499.39" angle="0.00" type="DEFAULT_VEHTYPE" speed="13.29" pos="95.86" lane="2/3to2/2_0" slope="0.00"/>
        <vehicle id="4" x="715.61" y="598.35" angle="90.00" type="DEFAULT_VEHTYPE" speed="13.27" pos="110.86" lane="3/3to4/3_0" slope="0.00"/>
        <vehicle id="41" x="329.78" y="201.65" angle="-90.00" type="DEFAULT_VEHTYPE" speed="12.62" pos="65.47" lane="2/1to1/1_0" slope="0.00"/>
        <vehicle id="42" x="601.65" y="550.97" angle="180.00" type="DEFAULT_VEHTYPE" speed="13.56" pos="146.22" lane="3/2to3/3_0" slope="0.00"/>
        <vehicle id="43" x="398.35" y="672.39" angle="0.00" type="DEFAULT_VEHTYPE" speed="12.80" pos="127.61" lane="2/4to2/3_0" slope="0.00"/>
        <vehicle id="44" x="437.73" y="401.65" angle="-90.00" type="DEFAULT_VEHTYPE" speed="13.20" pos="157.52" lane="3/2to2/2_0" slope="0.00"/>
        <vehicle id="46" x="320.32" y="598.35" angle="90.00" type="DEFAULT_VEHTYPE" speed="13.23" pos="115.57" lane="1/3to2/3_0" slope="0.00"/>
        <vehicle id="47" x="222.01" y="401.65" angle="-90.00" type="DEFAULT_VEHTYPE" speed="5.64" pos="173.24" lane="2/2to1/2_0" slope="0.00"/>
        <vehicle id="49" x="235.68" y="201.65" angle="-90.00" type="DEFAULT_VEHTYPE" speed="13.28" pos="159.57" lane="2/1to1/1_0" slope="0.00"/>
        <vehicle id="6" x="40.35" y="398.35" angle="90.00" type="DEFAULT_VEHTYPE" speed="12.67" pos="40.35" lane="0/2to1/2_0" slope="0.00"/>
    </timestep>
    <timestep time="479.00">
        <vehicle id="1" x="398.35" y="377.68" angle="0.00" type="DEFAULT_VEHTYPE" speed="13.80" pos="17.57" lane="2/2to2/1_0" slope="0.00"/>
        <vehicle id="11" x="401.65" y="622.86" angle="180.00" type="DEFAULT_VEHTYPE" speed="10.63" pos="18.11" lane="2/3to2/4_0" slope="0.00"/>
        <vehicle id="13" x="198.35" y="170.92" angle="0.00" type="DEFAULT_VEHTYPE" speed="11.23" pos="24.33" lane="1/1to1/0_0" slope="0.00"/>
        <vehicle id="17" x="389.32" y="598.35" angle="90.00" type="DEFAULT_VEHTYPE" speed="3.25" pos="184.57" lane="1/3to2/3_0" slope="0.00"/>
        <vehicle id="2" x="601.65" y="469.03" angle="180.00" type="DEFAULT_VEHTYPE" speed="12.61" pos="64.28" lane="3/2to3/3_0" slope="0.00"/>
        <vehicle id="21" x="201.65" y="437.08" angle="180.00" type="DEFAULT_VEHTYPE" speed="13.63" pos="32.33" lane="1/2to1/3_0" slope="0.00"/>
        <vehicle id="23" x="398.35" y="280.05" angle="0.00" type="DEFAULT_VEHTYPE" speed="13.05" pos="115.20" lane="2/2to2/1_0" slope="0.00"/>
        <vehicle id="25" x="258.74" y="401.65" angle="-90.00" type="DEFAULT_VEHTYPE" speed="13.41" pos="136.51" lane="2/2to1/2_0" slope="0.00"/>
        <vehicle id="27" x="201.65" y="567.38" angle="180.00" type="DEFAULT_VEHTYPE" speed="13.75" pos="162.63" lane="1/2to1/3_0" slope="0.00"/>
        <vehicle id="29" x="198.35" y="20.09" angle="0.00" type="DEFAULT_VEHTYPE" speed="13.38" pos="175.16" lane="1/1to1/0_0" slope="0.00"/>
        <vehicle id="3" x="398.35" y="727.05" angle="0.00" type="DEFAULT_VEHTYPE" speed="13.78" pos="72.95" lane="2/4to2/3_0" slope="0.00"/>
        <vehicle id="32" x="198.94" y="398.37" angle="-51.23" type="DEFAULT_VEHTYPE" speed="6.72" pos="7.12" lane=":1/2_6_0" slope="0.00"/>
        <vehicle id="37" x="793.88" y="601.65" angle="-90.00" type="DEFAULT_VEHTYPE" speed="13.71" pos="6.12" lane="4/3to3/3_0" slope="0.00"/>
        <vehicle id="38" x="398.35" y="486.64" angle="0.00" type="DEFAULT_VEHTYPE" speed="12.76" pos="108.61" lane="2/3to2/2_0" slope="0.00"/>
        <vehicle id="4" x="728.91" y="598.35" angle="90.00" type="DEFAULT_VEHTYPE" speed="13.30" pos="124.16" lane="3/3to4/3_0" slope="0.00"/>
        <vehicle id="41" x="316.70" y="201.65" angle="-90.00" type="DEFAULT_VEHTYPE" speed="13.08" pos="78.55" lane="2/1to1/1_0" slope="0.00"/>
        <vehicle id="42" x="601.65" y="564.81" angle="180.00" type="DEFAULT_VEHTYPE" speed="13.85" pos="160.06" lane="3/2to3/3_0" slope="0.00"/>
        <vehicle id="43" x="398.35" y="659.40" angle="0.00" type="DEFAULT_VEHTYPE" speed="12.99" pos="140.60" lane="2/4to2/3_0" slope="0.00"/>
        <vehicle id="44" x="426.02" y="401.65" angle="-90.00" type="DEFAULT_VEHTYPE" speed="11.71" pos="169.23" lane="3/2to2/2_0" slope="0.00"/>
        <vehicle id="46" x="333.60" y="598.35" angle="90.00" type="DEFAULT_VEHTYPE" speed="13.28" pos="128.85" lane="1/3to2/3_0" slope="0.00"/>
        <vehicle id="47" x="215.69" y="401.65" angle="-90.00" type="DEFAULT_VEHTYPE" speed="6.32" pos="179.56" lane="2/2to1/2_0" slope="0.00"/>
        <vehicle id="49" x="224.74" y="201.65" angle="-90.00" type="DEFAULT_VEHTYPE" speed="10.94" pos="170.51" lane="2/1to1/1_0" slope="0.00"/>
        <vehicle id="6" x="53.93" y="398.35" angle="90.00" type="DEFAULT_VEHTYPE" speed="13.58" pos="53.93" lane="0/2to1/2_0" slope="0.00"/>
    </timestep>
    <timestep time="480.00">
        <vehicle id="1" x="398.35" y="363.98" angle="0.00" type="DEFAULT_VEHTYPE" speed="13.70" pos="31.27" lane="2/2to2/1_0" slope="0.00"/>
        <vehicle id="11" x="401.65" y="634.93" angle="180.00" type="DEFAULT_VEHTYPE" speed="12.07" pos="30.18" lane="2/3to2/4_0" slope="0.00"/>
        <vehicle id="13" x="198.35" y="157.74" angle="0.00" type="DEFAULT_VEHTYPE" speed="13.18" pos="37.51" lane="1/1to1/0_0" slope="0.00"/>
        <vehicle id="17" x="394.64" y="598.35" angle="90.00" type="DEFAULT_VEHTYPE" speed="5.32" pos="189.89" lane="1/3to2/3_0" slope="0.00"/>
        <vehicle id="2" x="601.65" y="481.97" angle="180.00" type="DEFAULT_VEHTYPE" speed="12.94" pos="77.22" lane="3/2to3/3_0" slope="0.00"/>
        <vehicle id="21" x="201.65" y="450.88" angle="180.00" type="DEFAULT_VEHTYPE" speed="13.80" pos="46.13" lane="1/2to1/3_0" slope="0.00"/>
        <vehicle id="23" x="398.35" y="266.23" angle="0.00" type="DEFAULT_VEHTYPE" speed="13.82" pos="129.02" lane="2/2to2/1_0" slope="0.00"/>
        <vehicle id="25" x="245.32" y="401.65" angle="-90.00" type="DEFAULT_VEHTYPE" speed="13.42" pos="149.93" lane="2/2to1/2_0" slope="0.00"/>
        <vehicle id="27" x="201.65" y="580.39" angle="180.00" type="DEFAULT_VEHTYPE" speed="13.01" pos="175.64" lane="1/2to1/3_0" slope="0.00"/>
        <vehicle id="29" x="198.35" y="6.65" angle="0.00" type="DEFAULT_VEHTYPE" speed="13.45" pos="188.60" lane="1/1to1/0_0" slope="0.00"/>
        <vehicle id="3" x="398.35" y="713.63" angle="0.00" type="DEFAULT_VEHTYPE" speed="13.42" pos="86.37" lane="2/4to2/3_0" slope="0.00"/>
        <vehicle id="32" x="198.35" y="389.85" angle="0.00" type="DEFAULT_VEHTYPE" speed="8.60" pos="5.40" lane="1/2to1/1_0" slope="0.00"/>
        <vehicle id="37" x="780.82" y="601.65" angle="-90.00" type="DEFAULT_VEHTYPE" speed="13.06" pos="19.18" lane="4/3to3/3_0" slope="0.00"/>
        <vehicle id="38" x="398.35" y="473.16" angle="0.00" type="DEFAULT_VEHTYPE" speed="13.48" pos="122.09" lane="2/3to2/2_0" slope="0.00"/>
        <vehicle id="4" x="741.65" y="598.35" angle="90.00" type="DEFAULT_VEHTYPE" speed="12.74" pos="136.90" lane="3/3to4/3_0" slope="0.00"/>
        <vehicle id="41" x="303.36" y="201.65" angle="-90.00" type="DEFAULT_VEHTYPE" speed="13.35" pos="91.89" lane="2/1to1/1_0" slope="0.00"/>
        <vehicle id="42" x="601.65" y="578.07" angle="180.00" type="DEFAULT_VEHTYPE" speed="13.26" pos="173.32" lane="3/2to3/3_0" slope="0.00"/>
        <vehicle id="43" x="398.35" y="645.57" angle="0.00" type="DEFAULT_VEHTYPE" speed="13.83" pos="154.43" lane="2/4to2/3_0" slope="0.00"/>
        <vehicle id="44" x="417.86" y="401.65" angle="-90.00" type="DEFAULT_VEHTYPE" speed="8.16" pos="177.39" lane="3/2to2/2_0" slope="0.00"/>
        <vehicle id="46" x="346.66" y="598.35" angle="90.00" type="DEFAULT_VEHTYPE" speed="13.06" pos="141.91" lane="1/3to2/3_0" slope="0.00"/>
        <vehicle id="47" x="211.36" y="401.65" angle="-90.00" type="DEFAULT_VEHTYPE" speed="4.33" pos="183.89" lane="2/2to1/2_0" slope="0.00"/>
        <vehicle id="49" x="216.10" y="201.65" angle="-90.00" type="DEFAULT_VEHTYPE" speed="8.64" pos="179.15" lane="2/1to1/1_0" slope="0.00"/>
        <vehicle id="6" x="67.81" y="398.35" angle="90.00" type="DEFAULT_VEHTYPE" speed="13.88" pos="67.81" lane="0/2to1/2_0" slope="0.00"/>
    </timestep>
    <timestep time="481.00">
        <vehicle id="1" x="398.35" y="350.60" angle="0.00" type="DEFAULT_VEHTYPE" speed="13.37" pos="44.65" lane="2/2to2/1_0" slope="0.00"/>
        <vehicle id="11" x="401.65" y="647.64" angle="180.00" type="DEFAULT_VEHTYPE" speed="12.71" pos="42.89" lane="2/3to2/4_0" slope="0.00"/>
        <vehicle id="13" x="198.35" y="144.72" angle="0.00" type="DEFAULT_VEHTYPE" speed="13.02" pos="50.53" lane="1/1to1/0_0" slope="0.00"/>
        <vehicle id="17" x="400.60" y="600.87" angle="119.54" type="DEFAULT_VEHTYPE" speed="6.84" pos="6.23" lane=":2/3_14_0" slope="0.00"/>
        <vehicle id="2" x="601.65" y="495.50" angle="180.00" type="DEFAULT_VEHTYPE" speed="13.53" pos="90.75" lane="3/2to3/3_0" slope="0.00"/>
        <vehicle id="21" x="201.65" y="464.67" angle="180.00" type="DEFAULT_VEHTYPE" speed="13.79" pos="59.92" lane="1/2to1/3_0" slope="0.00"/>
        <vehicle id="23" x="398.35" y="253.37" angle="0.00" type="DEFAULT_VEHTYPE" speed="12.87" pos="141.88" lane="2/2to2/1_0" slope="0.00"/>
        <vehicle id="25" x="234.67" y="401.65" angle="-90.00" type="DEFAULT_VEHTYPE" speed="10.65" pos="160.58" lane="2/2to1/2_0" slope="0.00"/>
        <vehicle id="27" x="201.65" y="594.06" angle="180.00" type="DEFAULT_VEHTYPE" speed="13.67" pos="189.31" lane="1/2to1/3_0" slope="0.00"/>
        <vehicle id="29" x="201.65" y="1.63" angle="138.65" type="DEFAULT_VEHTYPE" speed="13.10" pos="1.63" lane="1/0to1/1_0" slope="0.00"/>
        <vehicle id="3" x="398.35" y="700.17" angle="0.00" type="DEFAULT_VEHTYPE" speed="13.46" pos="99.83" lane="2/4to2/3_0" slope="0.00"/>
        <vehicle id="32" x="198.35" y="379.52" angle="0.00" type="DEFAULT_VEHTYPE" speed="10.33" pos="15.73" lane="1/2to1/1_0" slope="0.00"/>
        <vehicle id="37" x="767.49" y="601.65" angle="-90.00" type="DEFAULT_VEHTYPE" speed="13.33" pos="32.51" lane="4/3to3/3_0" slope="0.00"/>
        <vehicle id="38" x="398.35" y="459.97" angle="0.00" type="DEFAULT_VEHTYPE" speed="13.19" pos="135.28" lane="2/3to2/2_0" slope="0.00"/>
        <vehicle id="4" x="755.08" y="598.35" angle="90.00" type="DEFAULT_VEHTYPE" speed="13.43" pos="150.33" lane="3/3to4/3_0" slope="0.00"/>
        <vehicle id="41" x="290.72" y="201.65" angle="-90.00" type="DEFAULT_VEHTYPE" speed="12.64" pos="104.53" lane="2/1to1/1_0" slope="0.00"/>
        <vehicle id="42" x="601.65" y="591.20" angle="180.00" type="DEFAULT_VEHTYPE" speed="13.13" pos="186.45" lane="3/2to3/3_0" slope="0.00"/>
        <vehicle id="43" x="398.35" y="632.26" angle="0.00" type="DEFAULT_VEHTYPE" speed="13.31" pos="167.74" lane="2/4to2/3_0" slope="0.00"/>
        <vehicle id="44" x="412.82" y="401.65" angle="-90.00" type="DEFAULT_VEHTYPE" speed="5.05" pos="182.43" lane="3/2to2/2_0" slope="0.00"/>
        <vehicle id="46" x="359.61" y="598.35" angle="90.00" type="DEFAULT_VEHTYPE" speed="12.95" pos="154.86" lane="1/3to2/3_0" slope="0.00"/>
        <vehicle id="47" x="205.33" y="401.65" angle="-90.00" type="DEFAULT_VEHTYPE" speed="6.03" pos="189.92" lane="2/2to1/2_0" slope="0.00"/>
        <vehicle id="49" x="210.78" y="201.65" angle="-90.00" type="DEFAULT_VEHTYPE" speed="5.32" pos="184.47" lane="2/1to1/1_0" slope="0.00"/>
        <vehicle id="6" x="80.54" y="398.35" angle="90.00" type="DEFAULT_VEHTYPE" speed="12.73" pos="80.54" lane="0/2to1/2_0" slope="0.00"/>
    </timestep>
    <timestep time="482.00">
        <vehicle id="1" x="398.35" y="337.61" angle="0.00" type="DEFAULT_VEHTYPE" speed="12.99" pos="57.64" lane="2/2to2/1_0" slope="0.00"/>
        <vehicle id="11" x="401.65" y="661.03" angle="180.00" type="DEFAULT_VEHTYPE" speed="13.39" pos="56.28" lane="2/3to2/4_0" slope="0.00"/>
        <vehicle id="13" x="198.35" y="131.35" angle="0.00" type="DEFAULT_VEHTYPE" speed="13.37" pos="63.90" lane="1/1to1/0_0" slope="0.00"/>
        <vehicle id="17" x="401.65" y="609.52" angle="179.62" type="DEFAULT_VEHTYPE" speed="8.86" pos="4.77" lane="2/3to2/4_0" slope="0.00"/>
        <vehicle id="2" x="601.65" y="508.67" angle="180.00" type="DEFAULT_VEHTYPE" speed="13.17" pos="103.92" lane="3/2to3/3_0" slope="0.00"/>
        <vehicle id="21" x="201.65" y="478.03" angle="180.00" type="DEFAULT_VEHTYPE" speed="13.36" pos="73.28" lane="1/2to1/3_0" slope="0.00"/>
        <vehicle id="23" x="398.35" y="240.67" angle="0.00" type="DEFAULT_VEHTYPE" speed="12.70" pos="154.58" lane="2/2to2/1_0" slope="0.00"/>
        <vehicle id="25" x="223.04" y="401.65" angle="-90.00" type="DEFAULT_VEHTYPE" speed="11.63" pos="172.21" lane="2/2to1/2_0" slope="0.00"/>
        <vehicle id="27" x="212.39" y="598.35" angle="90.00" type="DEFAULT_VEHTYPE" speed="13.82" pos="7.64" lane="1/3to2/3_0" slope="0.00"/>
        <vehicle id="29" x="201.65" y="14.32" angle="180.00" type="DEFAULT_VEHTYPE" speed="12.69" pos="14.32" lane="1/0to1/1_0" slope="0.00"/>
        <vehicle id="3" x="398.35" y="687.25" angle="0.00" type="DEFAULT_VEHTYPE" speed="12.92" pos="112.75" lane="2/4to2/3_0" slope="0.00"/>
        <vehicle id="32" x="198.35" y="367.05" angle="0.00" type="DEFAULT_VEHTYPE" speed="12.47" pos="28.20" lane="1/2to1/1_0" slope="0.00"/>
        <vehicle id="37" x="754.03" y="601.65" angle="-90.00" type="DEFAULT_VEHTYPE" speed="13.46" pos="45.97" lane="4/3to3/3_0" slope="0.00"/>
        <vehicle id="38" x="398.35" y="447.25" angle="0.00" type="DEFAULT_VEHTYPE" speed="12.72" pos="148.00" lane="2/3to2/2_0" slope="0.00"/>
        <vehicle id="4" x="767.69" y="598.35" angle="90.00" type="DEFAULT_VEHTYPE" speed="12.61" pos="162.94" lane="3/3to4/3_0" slope="0.00"/>
        <vehicle id="41" x="277.28" y="201.65" angle="-90.00" type="DEFAULT_VEHTYPE" speed="13.44" pos="117.97" lane="2/1to1/1_0" slope="0.00"/>
        <vehicle id="42" x="609.15" y="598.35" angle="90.96" type="DEFAULT_VEHTYPE" speed="13.45" pos="4.40" lane="3/3to4/3_0" slope="0.00"/>
        <vehicle id="43" x="398.35" y="620.14" angle="0.00" type="DEFAULT_VEHTYPE" speed="12.12" pos="179.86" lane="2/4to2/3_0" slope="0.00"/>
        <vehicle id="44" x="409.92" y="401.65" angle="-90.00" type="DEFAULT_VEHTYPE" speed="2.90" pos="185.33" lane="3/2to2/2_0" slope="0.00"/>
        <vehicle id="46" x="371.68" y="598.35" angle="90.00" type="DEFAULT_VEHTYPE" speed="12.07" pos="166.93" lane="1/3to2/3_0" slope="0.00"/>
        <vehicle id="47" x="197.45" y="401.65" angle="-90.00" type="DEFAULT_VEHTYPE" speed="7.88" pos="7.30" lane=":1/2_5_0" slope="0.00"/>
        <vehicle id="49" x="203.26" y="201.92" angle="-93.11" type="DEFAULT_VEHTYPE" speed="7.56" pos="1.53" lane=":1/1_4_0" slope="0.00"/>
        <vehicle id="6" x="94.22" y="398.35" angle="90.00" type="DEFAULT_VEHTYPE" speed="13.68" pos="94.22" lane="0/2to1/2_0" slope="0.00"/>
    </timestep>
    <timestep time="483.00">
        <vehicle id="1" x="398.35" y="324.79" angle="0.00" type="DEFAULT_VEHTYPE" speed="12.82" pos="70.46" lane="2/2to2/1_0" slope="0.00"/>
        <vehicle id="11" x="401.65" y="674.82" angle="180.00" type="DEFAULT_VEHTYPE" speed="13.78" pos="70.07" lane="2/3to2/4_0" slope="0.00"/>
        <vehicle id="13" x="198.35" y="117.78" angle="0.00" type="DEFAULT_VEHTYPE" speed="13.56" pos="77.47" lane="1/1to1/0_0" slope="0.00"/>
        <vehicle id="17" x="401.65" y="620.34" angle="180.00" type="DEFAULT_VEHTYPE" speed="10.82" pos="15.59" lane="2/3to2/4_0" slope="0.00"/>
        <vehicle id="2" x="601.65" y="522.33" angle="180.00" type="DEFAULT_VEHTYPE" speed="13.66" pos="117.58" lane="3/2to3/3_0" slope="0.00"/>
        <vehicle id="21" x="201.65" y="491.62" angle="180.00" type="DEFAULT_VEHTYPE" speed="13.59" pos="86.87" lane="1/2to1/3_0" slope="0.00"/>
        <vehicle id="23" x="398.35" y="227.56" angle="0.00" type="DEFAULT_VEHTYPE" speed="13.11" pos="167.69" lane="2/2to2/1_0" slope="0.00"/>
        <vehicle id="25" x="215.13" y="401.65" angle="-90.00" type="DEFAULT_VEHTYPE" speed="7.91" pos="180.12" lane="2/2to1/2_0" slope="0.00"/>
        <vehicle id="27" x="225.78" y="598.35" angle="90.00" type="DEFAULT_VEHTYPE" speed="13.39" pos="21.03" lane="1/3to2/3_0" slope="0.00"/>
        <vehicle id="29" x="201.65" y="26.96" angle="180.00" type="DEFAULT_VEHTYPE" speed="12.63" pos="26.96" lane="1/0to1/1_0" slope="0.00"/>
        <vehicle id="3" x="398.35" y="673.79" angle="0.00" type="DEFAULT_VEHTYPE" speed="13.45" pos="126.21" lane="2/4to2/3_0" slope="0.00"/>
        <vehicle id="32" x="198.35" y="353.29" angle="0.00" type="DEFAULT_VEHTYPE" speed="13.76" pos="41.96" lane="1/2to1/1_0" slope="0.00"/>
        <vehicle id="37" x="740.81" y="601.65" angle="-90.00" type="DEFAULT_VEHTYPE" speed="13.22" pos="59.19" lane="4/3to3/3_0" slope="0.00"/>
        <vehicle id="38" x="398.35" y="433.64" angle="0.00" type="DEFAULT_VEHTYPE" speed="13.61" pos="161.61" lane="2/3to2/2_0" slope="0.00"/>
        <vehicle id="4" x="781.39" y="598.35" angle="90.00" type="DEFAULT_VEHTYPE" speed="13.70" pos="176.64" lane="3/3to4/3_0" slope="0.00"/>
        <vehicle id="41" x="264.56" y="201.65" angle="-90.00" type="DEFAULT_VEHTYPE" speed="12.72" pos="130.69" lane="2/1to1/1_0" slope="0.00"/>
        <vehicle id="42" x="622.22" y="598.35" angle="90.00" type="DEFAULT_VEHTYPE" speed="13.07" pos="17.47" lane="3/3to4/3_0" slope="0.00"/>
        <vehicle id="43" x="398.35" y="606.99" angle="0.00" type="DEFAULT_VEHTYPE" speed="13.15" pos="193.01" lane="2/4to2/3_0" slope="0.00"/>
        <vehicle id="44" x="405.61" y="401.65" angle="-90.00" type="DEFAULT_VEHTYPE" speed="4.30" pos="189.64" lane="3/2to2/2_0" slope="0.00"/>
        <vehicle id="46" x="381.23" y="598.35" angle="90.00" type="DEFAULT_VEHTYPE" speed="9.55" pos="176.48" lane="1/3to2/3_0" slope="0.00"/>
        <vehicle id="47" x="187.15" y="401.65" angle="-90.00" type="DEFAULT_VEHTYPE" speed="10.30" pos="8.10" lane="1/2to0/2_0" slope="0.00"/>
        <vehicle id="49" x="201.65" y="210.29" angle="180.00" type="DEFAULT_VEHTYPE" speed="9.02" pos="5.54" lane="1/1to1/2_0" slope="0.00"/>
        <vehicle id="6" x="108.08" y="398.35" angle="90.00" type="DEFAULT_VEHTYPE" speed="13.86" pos="108.08" lane="0/2to1/2_0" slope="0.00"/>
    </timestep>
    <timestep time="484.00">
        <vehicle id="1" x="398.35" y="311.01" angle="0.00" type="DEFAULT_VEHTYPE" speed="13.79" pos="84.24" lane="2/2to2/1_0" slope="0.00"/>
        <vehicle id="11" x="401.65" y="688.29" angle="180.00" type="DEFAULT_VEHTYPE" speed="13.47" pos="83.54" lane="2/3to2/4_0" slope="0.00"/>
        <vehicle id="13" x="198.35" y="104.18" angle="0.00" type="DEFAULT_VEHTYPE" speed="13.60" pos="91.07" lane="1/1to1/0_0" slope="0.00"/>
        <vehicle id="17" x="401.65" y="632.48" angle="180.00" type="DEFAULT_VEHTYPE" speed="12.14" pos="27.73" lane="2/3to2/4_0" slope="0.00"/>
        <vehicle id="2" x="601.65" y="535.31" angle="180.00" type="DEFAULT_VEHTYPE" speed="12.98" pos="130.56" lane="3/2to3/3_0" slope="0.00"/>
        <vehicle id="21" x="201.65" y="504.34" angle="180.00" type="DEFAULT_VEHTYPE" speed="12.72" pos="99.59" lane="1/2to1/3_0" slope="0.00"/>
        <vehicle id="23" x="398.35" y="214.96" angle="0.00" type="DEFAULT_VEHTYPE" speed="12.60" pos="180.29" lane="2/2to2/1_0" slope="0.00"/>
        <vehicle id="25" x="211.18" y="401.65" angle="-90.00" type="DEFAULT_VEHTYPE" speed="3.95" pos="184.07" lane="2/2to1/2_0" slope="0.00"/>
        <vehicle id="27" x="239.49" y="598.35" angle="90.00" type="DEFAULT_VEHTYPE" speed="13.71" pos="34.74" lane="1/3to2/3_0" slope="0.00"/>
        <vehicle id="29" x="201.65" y="40.12" angle="180.00" type="DEFAULT_VEHTYPE" speed="13.16" pos="40.12" lane="1/0to1/1_0" slope="0.00"/>
        <vehicle id="3" x="398.35" y="660.84" angle="0.00" type="DEFAULT_VEHTYPE" speed="12.96" pos="139.16" lane="2/4to2/3_0" slope="0.00"/>
        <vehicle id="32" x="198.35" y="339.77" angle="0.00" type="DEFAULT_VEHTYPE" speed="13.52" pos="55.48" lane="1/2to1/1_0" slope="0.00"/>
        <vehicle id="37" x="727.73" y="601.65" angle="-90.00" type="DEFAULT_VEHTYPE" speed="13.08" pos="72.27" lane="4/3to3/3_0" slope="0.00"/>
        <vehicle id="38" x="398.35" y="420.73" angle="0.00" type="DEFAULT_VEHTYPE" speed="12.91" pos="174.52" lane="2/3to2/2_0" slope="0.00"/>
        <vehicle id="4" x="795.24" y="598.35" angle="90.00" type="DEFAULT_VEHTYPE" speed="13.85" pos="190.49" lane="3/3to4/3_0" slope="0.00"/>
        <vehicle id="41" x="251.65" y="201.65" angle="-90.00" type="DEFAULT_VEHTYPE" speed="12.90" pos="143.60" lane="2/1to1/1_0" slope="0.00"/>
        <vehicle id="42" x="635.75" y="598.35" angle="90.00" type="DEFAULT_VEHTYPE" speed="13.53" pos="31.00" lane="3/3to4/3_0" slope="0.00"/>
        <vehicle id="43" x="398.35" y="593.54" angle="0.00" type="DEFAULT_VEHTYPE" speed="13.45" pos="1.71" lane="2/3to2/2_0" slope="0.00"/>
        <vehicle id="44" x="405.61" y="401.65" angle="-90.00" type="DEFAULT_VEHTYPE" speed="0.00" pos="189.64" lane="3/2to2/2_0" slope="0.00"/>
        <vehicle id="46" x="387.25" y="598.35" angle="90.00" type="DEFAULT_VEHTYPE" speed="6.02" pos="182.50" lane="1/3to2/3_0" slope="0.00"/>
        <vehicle id="47" x="174.47" y="401.65" angle="-90.00" type="DEFAULT_VEHTYPE" speed="12.68" pos="20.78" lane="1/2to0/2_0" slope="0.00"/>
        <vehicle id="49" x="201.65" y="221.75" angle="180.00" type="DEFAULT_VEHTYPE" speed="11.45" pos="17.00" lane="1/1to1/2_0" slope="0.00"/>
        <vehicle id="6" x="120.91" y="398.35" angle="90.00" type="DEFAULT_VEHTYPE" speed="12.83" pos="120.91" lane="0/2to1/2_0" slope="0.00"/>
    </timestep>
    <timestep time="485.00">
        <vehicle id="1" x="398.35" y="297.63" angle="0.00" type="DEFAULT_VEHTYPE" speed="13.37" pos="97.62" lane="2/2to2/1_0" slope="0.00"/>
        <vehicle id="11" x="401.65" y="702.12" angle="180.00" type="DEFAULT_VEHTYPE" speed="13.83" pos="97.37" lane="2/3to2/4_0" slope="0.00"/>
        <vehicle id="13" x="198.35" y="91.27" angle="0.00" type="DEFAULT_VEHTYPE" speed="12.91" pos="103.98" lane="1/1to1/0_0" slope="0.00"/>
        <vehicle id="17" x="401.65" y="646.08" angle="180.00" type="DEFAULT_VEHTYPE" speed="13.60" pos="41.33" lane="2/3to2/4_0" slope="0.00"/>
        <vehicle id="2" x="601.65" y="548.00" angle="180.00" type="DEFAULT_VEHTYPE" speed="12.69" pos="143.25" lane="3/2to3/3_0" slope="0.00"/>
        <vehicle id="21" x="201.65" y="517.33" angle="180.00" type="DEFAULT_VEHTYPE" speed="12.99" pos="112.58" lane="1/2to1/3_0" slope="0.00"/>
        <vehicle id="23" x="397.53" y="202.39" angle="-9.60" type="DEFAULT_VEHTYPE" speed="12.76" pos="2.55" lane=":2/1_0_0" slope="0.00"/>
        <vehicle id="25" x="205.10" y="401.65" angle="-90.00" type="DEFAULT_VEHTYPE" speed="6.07" pos="190.15" lane="2/2to1/2_0" slope="0.00"/>
        <vehicle id="27" x="253.07" y="598.35" angle="90.00" type="DEFAULT_VEHTYPE" speed="13.59" pos="48.32" lane="1/3to2/3_0" slope="0.00"/>
        <vehicle id="29" x="201.65" y="53.26" angle="180.00" type="DEFAULT_VEHTYPE" speed="13.14" pos="53.26" lane="1/0to1/1_0" slope="0.00"/>
        <vehicle id="3" x="398.35" y="648.07" angle="0.00" type="DEFAULT_VEHTYPE" speed="12.76" pos="151.93" lane="2/4to2/3_0" slope="0.00"/>
        <vehicle id="32" x="198.35" y="326.35" angle="0.00" type="DEFAULT_VEHTYPE" speed="13.42" pos="68.90" lane="1/2to1/1_0" slope="0.00"/>
        <vehicle id="37" x="714.96" y="601.65" angle="-90.00" type="DEFAULT_VEHTYPE" speed="12.77" pos="85.04" lane="4/3to3/3_0" slope="0.00"/>
        <vehicle id="38" x="398.35" y="407.70" angle="0.00" type="DEFAULT_VEHTYPE" speed="13.03" pos="187.55" lane="2/3to2/2_0" slope="0.00"/>
        <vehicle id="4" x="795.84" y="601.65" angle="-95.43" type="DEFAULT_VEHTYPE" speed="13.74" pos="4.16" lane="4/3to3/3_0" slope="0.00"/>
        <vehicle id="41" x="238.94" y="201.65" angle="-90.00" type="DEFAULT_VEHTYPE" speed="12.71" pos="156.31" lane="2/1to1/1_0" slope="0.00"/>
        <vehicle id="42" x="649.34" y="598.35" angle="90.00" type="DEFAULT_VEHTYPE" speed="13.58" pos="44.59" lane="3/3to4/3_0" slope="0.00"/>
        <vehicle id="43" x="398.35" y="580.50" angle="0.00" type="DEFAULT_VEHTYPE" speed="13.04" pos="14.75" lane="2/3to2/2_0" slope="0.00"/>
        <vehicle id="44" x="405.61" y="401.65" angle="-90.00" type="DEFAULT_VEHTYPE" speed="0.00" pos="189.64" lane="3/2to2/2_0" slope="0.00"/>
        <vehicle id="46" x="390.32" y="598.35" angle="90.00" type="DEFAULT_VEHTYPE" speed="3.07" pos="185.57" lane="1/3to2/3_0" slope="0.00"/>
        <vehicle id="47" x="161.09" y="401.65" angle="-90.00" type="DEFAULT_VEHTYPE" speed="13.38" pos="34.16" lane="1/2to0/2_0" slope="0.00"/>
        <vehicle id="49" x="201.65" y="235.47" angle="180.00" type="DEFAULT_VEHTYPE" speed="13.72" pos="30.72" lane="1/1to1/2_0" slope="0.00"/>
        <vehicle id="6" x="134.53" y="398.35" angle="90.00" type="DEFAULT_VEHTYPE" speed="13.62" pos="134.53" lane="0/2to1/2_0" slope="0.00"/>
    </timestep>
    <timestep time="486.00">
        <vehicle id="1" x="398.35" y="284.01" angle="0.00" type="DEFAULT_VEHTYPE" speed="13.62" pos="111.24" lane="2/2to2/1_0" slope="0.00"/>
        <vehicle id="11" x="401.65" y="715.78" angle="180.00" type="DEFAULT_VEHTYPE" speed="13.67" pos="111.03" lane="2/3to2/4_0" slope="0.00"/>
        <vehicle id="13" x="198.35" y="77.76" angle="0.00" type="DEFAULT_VEHTYPE" speed="13.51" pos="117.49" lane="1/1to1/0_0" slope="0.00"/>
        <vehicle id="17" x="401.65" y="659.08" angle="180.00" type="DEFAULT_VEHTYPE" speed="13.00" pos="54.33" lane="2/3to2/4_0" slope="0.00"/>
        <vehicle id="2" x="601.65" y="561.43" angle="180.00" type="DEFAULT_VEHTYPE" speed="13.43" pos="156.68" lane="3/2to3/3_0" slope="0.00"/>
        <vehicle id="21" x="201.65" y="530.06" angle="180.00" type="DEFAULT_VEHTYPE" speed="12.73" pos="125.31" lane="1/2to1/3_0" slope="0.00"/>
        <vehicle id="23" x="383.94" y="201.65" angle="-90.00" type="DEFAULT_VEHTYPE" speed="13.76" pos="11.31" lane="2/1to1/1_0" slope="0.00"/>
        <vehicle id="25" x="198.72" y="397.82" angle="-44.02" type="DEFAULT_VEHTYPE" speed="8.08" pos="7.73" lane=":1/2_6_0" slope="0.00"/>
        <vehicle id="27" x="266.92" y="598.35" angle="90.00" type="DEFAULT_VEHTYPE" speed="13.85" pos="62.17" lane="1/3to2/3_0" slope="0.00"/>
        <vehicle id="29" x="201.65" y="66.41" angle="180.00" type="DEFAULT_VEHTYPE" speed="13.15" pos="66.41" lane="1/0to1/1_0" slope="0.00"/>
        <vehicle id="3" x="398.35" y="635.19" angle="0.00" type="DEFAULT_VEHTYPE" speed="12.88" pos="164.81" lane="2/4to2/3_0" slope="0.00"/>
        <vehicle id="32" x="198.35" y="313.30" angle="0.00" type="DEFAULT_VEHTYPE" speed="13.05" pos="81.95" lane="1/2to1/1_0" slope="0.00"/>
        <vehicle id="37" x="701.61" y="601.65" angle="-90.00" type="DEFAULT_VEHTYPE" speed="13.36" pos="98.39" lane="4/3to3/3_0" slope="0.00"/>
        <vehicle id="38" x="398.35" y="394.29" angle="0.00" type="DEFAULT_VEHTYPE" speed="13.41" pos="0.96" lane="2/2to2/1_0" slope="0.00"/>
        <vehicle id="4" x="782.09" y="601.65" angle="-90.00" type="DEFAULT_VEHTYPE" speed="13.75" pos="17.91" lane="4/3to3/3_0" slope="0.00"/>
        <vehicle id="41" x="226.75" y="201.65" angle="-90.00" type="DEFAULT_VEHTYPE" speed="12.19" pos="168.50" lane="2/1to1/1_0" slope="0.00"/>
        <vehicle id="42" x="662.91" y="598.35" angle="90.00" type="DEFAULT_VEHTYPE" speed="13.58" pos="58.16" lane="3/3to4/3_0" slope="0.00"/>
        <vehicle id="43" x="398.35" y="567.74" angle="0.00" type="DEFAULT_VEHTYPE" speed="12.76" pos="27.51" lane="2/3to2/2_0" slope="0.00"/>
        <vehicle id="44" x="405.61" y="401.65" angle="-90.00" type="DEFAULT_VEHTYPE" speed="0.00" pos="189.64" lane="3/2to2/2_0" slope="0.00"/>
        <vehicle id="46" x="395.88" y="598.44" angle="91.03" type="DEFAULT_VEHTYPE" speed="5.57" pos="0.64" lane=":2/3_14_0" slope="0.00"/>
        <vehicle id="47" x="147.25" y="401.65" angle="-90.00" type="DEFAULT_VEHTYPE" speed="13.84" pos="48.00" lane="1/2to0/2_0" slope="0.00"/>
        <vehicle id="49" x="201.65" y="249.14" angle="180.00" type="DEFAULT_VEHTYPE" speed="13.67" pos="44.39" lane="1/1to1/2_0" slope="0.00"/>
        <vehicle id="6" x="147.23" y="398.35" angle="90.00" type="DEFAULT_VEHTYPE" speed="12.69" pos="147.23" lane="0/2to1/2_0" slope="0.00"/>
    </timestep>
    <timestep time="487.00">
        <vehicle id="1" x="398.35" y="270.13" angle="0.00" type="DEFAULT_VEHTYPE" speed="13.88" pos="125.12" lane="2/2to2/1_0" slope="0.00"/>
        <vehicle id="11" x="401.65" y="729.02" angle="180.00" type="DEFAULT_VEHTYPE" speed="13.23" pos="124.27" lane="2/3to2/4_0" slope="0.00"/>
        <vehicle id="13" x="198.35" y="64.91" angle="0.00" type="DEFAULT_VEHTYPE" speed="12.85" pos="130.34" lane="1/1to1/0_0" slope="0.00"/>
        <vehicle id="17" x="401.65" y="672.31" angle="180.00" type="DEFAULT_VEHTYPE" speed="13.23" pos="67.56" lane="2/3to2/4_0" slope="0.00"/>
        <vehicle id="2" x="601.65" y="575.28" angle="180.00" type="DEFAULT_VEHTYPE" speed="13.86" pos="170.53" lane="3/2to3/3_0" slope="0.00"/>
        <vehicle id="21" x="201.65" y="543.43" angle="180.00" type="DEFAULT_VEHTYPE" speed="13.37" pos="138.68" lane="1/2to1/3_0" slope="0.00"/>
        <vehicle id="23" x="371.27" y="201.65" angle="-90.00" type="DEFAULT_VEHTYPE" speed="12.67" pos="23.98" lane="2/1to1/1_0" slope="0.00"/>
        <vehicle id="25" x="198.35" y="387.66" angle="0.00" type="DEFAULT_VEHTYPE" speed="10.18" pos="7.59" lane="1/2to1/1_0" slope="0.00"/>
        <vehicle id="27" x="280.09" y="598.35" angle="90.00" type="DEFAULT_VEHTYPE" speed="13.17" pos="75.34" lane="1/3to2/3_0" slope="0.00"/>
        <vehicle id="29" x="201.65" y="79.61" angle="180.00" type="DEFAULT_VEHTYPE" speed="13.20" pos="79.61" lane="1/0to1/1_0" slope="0.00"/>
        <vehicle id="3" x="398.35" y="622.30" angle="0.00" type="DEFAULT_VEHTYPE" speed="12.89" pos="177.70" lane="2/4to2/3_0" slope="0.00"/>
        <vehicle id="32" x="198.35" y="300.15" angle="0.00" type="DEFAULT_VEHTYPE" speed="13.15" pos="95.10" lane="1/2to1/1_0" slope="0.00"/>
        <vehicle id="37" x="688.42" y="601.65" angle="-90.00" type="DEFAULT_VEHTYPE" speed="13.19" pos="111.58" lane="4/3to3/3_0" slope="0.00"/>
        <vehicle id="38" x="398.35" y="380.99" angle="0.00" type="DEFAULT_VEHTYPE" speed="13.29" pos="14.26" lane="2/2to2/1_0" slope="0.00"/>
        <vehicle id="4" x="769.04" y="601.65" angle="-90.00" type="DEFAULT_VEHTYPE" speed="13.05" pos="30.96" lane="4/3to3/3_0" slope="0.00"/>
        <vehicle id="41" x="217.34" y="201.65" angle="-90.00" type="DEFAULT_VEHTYPE" speed="9.41" pos="177.91" lane="2/1to1/1_0" slope="0.00"/>
        <vehicle id="42" x="676.66" y="598.35" angle="90.00" type="DEFAULT_VEHTYPE" speed="13.75" pos="71.91" lane="3/3to4/3_0" slope="0.00"/>
        <vehicle id="43" x="398.35" y="553.96" angle="0.00" type="DEFAULT_VEHTYPE" speed="13.78" pos="41.29" lane="2/3to2/2_0" slope="0.00"/>
        <vehicle id="44" x="403.03" y="401.65" angle="-90.00" type="DEFAULT_VEHTYPE" speed="2.58" pos="1.72" lane=":2/2_5_0" slope="0.00"/>
        <vehicle id="46" x="401.30" y="602.28" angle="137.42" type="DEFAULT_VEHTYPE" speed="7.19" pos="7.83" lane=":2/3_14_0" slope="0.00"/>
        <vehicle id="47" x="133.78" y="401.65" angle="-90.00" type="DEFAULT_VEHTYPE" speed="13.47" pos="61.47" lane="1/2to0/2_0" slope="0.00"/>
        <vehicle id="49" x="201.65" y="262.82" angle="180.00" type="DEFAULT_VEHTYPE" speed="13.68" pos="58.07" lane="1/1to1/2_0" slope="0.00"/>
        <vehicle id="6" x="160.14" y="398.35" angle="90.00" type="DEFAULT_VEHTYPE" speed="12.91" pos="160.14" lane="0/2to1/2_0" slope="0.00"/>
    </timestep>
    <timestep time="488.00">
        <vehicle id="1" x="398.35" y="257.36" angle="0.00" type="DEFAULT_VEHTYPE" speed="12.77" pos="137.89" lane="2/2to2/1_0" slope="0.00"/>
        <vehicle id="11" x="401.65" y="742.70" angle="180.00" type="DEFAULT_VEHTYPE" speed="13.68" pos="137.95" lane="2/3to2/4_0" slope="0.00"/>
        <vehicle id="13" x="198.35" y="52.00" angle="0.00" type="DEFAULT_VEHTYPE" speed="12.91" pos="143.25" lane="1/1to1/0_0" slope="0.00"/>
        <vehicle id="17" x="401.65" y="686.15" angle="180.00" type="DEFAULT_VEHTYPE" speed="13.84" pos="81.40" lane="2/3to2/4_0" slope="0.00"/>
        <vehicle id="2" x="601.65" y="588.29" angle="180.00" type="DEFAULT_VEHTYPE" speed="13.01" pos="183.54" lane="3/2to3/3_0" slope="0.00"/>
        <vehicle id="21" x="201.65" y="556.93" angle="180.00" type="DEFAULT_VEHTYPE" speed="13.51" pos="152.18" lane="1/2to1/3_0" slope="0.00"/>
        <vehicle id="23" x="357.74" y="201.65" angle="-90.00" type="DEFAULT_VEHTYPE" speed="13.53" pos="37.51" lane="2/1to1/1_0" slope="0.00"/>
        <vehicle id="25" x="198.35" y="375.03" angle="0.00" type="DEFAULT_VEHTYPE" speed="12.63" pos="20.22" lane="1/2to1/1_0" slope="0.00"/>
        <vehicle id="27" x="292.91" y="598.35" angle="90.00" type="DEFAULT_VEHTYPE" speed="12.82" pos="88.16" lane="1/3to2/3_0" slope="0.00"/>
        <vehicle id="29" x="201.65" y="93.15" angle="180.00" type="DEFAULT_VEHTYPE" speed="13.54" pos="93.15" lane="1/0to1/1_0" slope="0.00"/>
        <vehicle id="3" x="398.35" y="608.92" angle="0.00" type="DEFAULT_VEHTYPE" speed="13.39" pos="191.08" lane="2/4to2/3_0" slope="0.00"/>
        <vehicle id="32" x="198.35" y="286.45" angle="0.00" type="DEFAULT_VEHTYPE" speed="13.69" pos="108.80" lane="1/2to1/1_0" slope="0.00"/>
        <vehicle id="37" x="675.66" y="601.65" angle="-90.00" type="DEFAULT_VEHTYPE" speed="12.76" pos="124.34" lane="4/3to3/3_0" slope="0.00"/>
        <vehicle id="38" x="398.35" y="367.78" angle="0.00" type="DEFAULT_VEHTYPE" speed="13.21" pos="27.47" lane="2/2to2/1_0" slope="0.00"/>
        <vehicle id="4" x="755.77" y="601.65" angle="-90.00" type="DEFAULT_VEHTYPE" speed="13.27" pos="44.23" lane="4/3to3/3_0" slope="0.00"/>
        <vehicle id="41" x="211.93" y="201.65" angle="-90.00" type="DEFAULT_VEHTYPE" speed="5.41" pos="183.32" lane="2/1to1/1_0" slope="0.00"/>
        <vehicle id="42" x="689.43" y="598.35" angle="90.00" type="DEFAULT_VEHTYPE" speed="12.76" pos="84.68" lane="3/3to4/3_0" slope="0.00"/>
        <vehicle id="43" x="398.35" y="540.74" angle="0.00" type="DEFAULT_VEHTYPE" speed="13.22" pos="54.51" lane="2/3to2/2_0" slope="0.00"/>
        <vehicle id="44" x="398.41" y="401.65" angle="-90.00" type="DEFAULT_VEHTYPE" speed="4.62" pos="6.34" lane=":2/2_5_0" slope="0.00"/>
        <vehicle id="46" x="401.65" y="611.83" angle="180.00" type="DEFAULT_VEHTYPE" speed="9.57" pos="7.08" lane="2/3to2/4_0" slope="0.00"/>
        <vehicle id="47" x="120.79" y="401.65" angle="-90.00" type="DEFAULT_VEHTYPE" speed="12.99" pos="74.46" lane="1/2to0/2_0" slope="0.00"/>
        <vehicle id="49" x="201.65" y="275.68" angle="180.00" type="DEFAULT_VEHTYPE" speed="12.86" pos="70.93" lane="1/1to1/2_0" slope="0.00"/>
        <vehicle id="6" x="172.80" y="398.35" angle="90.00" type="DEFAULT_VEHTYPE" speed="12.66" pos="172.80" lane="0/2to1/2_0" slope="0.00"/>
    </timestep>
    <timestep time="489.00">
        <vehicle id="1" x="398.35" y="244.16" angle="0.00" type="DEFAULT_VEHTYPE" speed="13.20" pos="151.09" lane="2/2to2/1_0" slope="0.00"/>
        <vehicle id="11" x="401.65" y="756.24" angle="180.00" type="DEFAULT_VEHTYPE" speed="13.54" pos="151.49" lane="2/3to2/4_0" slope="0.00"/>
        <vehicle id="13" x="198.35" y="38.11" angle="0.00" type="DEFAULT_VEHTYPE" speed="13.89" pos="157.14" lane="1/1to1/0_0" slope="0.00"/>
        <vehicle id="17" x="401.65" y="698.79" angle="180.00" type="DEFAULT_VEHTYPE" speed="12.65" pos="94.04" lane="2/3to2/4_0" slope="0.00"/>
        <vehicle id="2" x="606.67" y="598.35" angle="105.61" type="DEFAULT_VEHTYPE" speed="13.88" pos="1.92" lane="3/3to4/3_0" slope="0.00"/>
        <vehicle id="21" x="201.65" y="569.67" angle="180.00" type="DEFAULT_VEHTYPE" speed="12.73" pos="164.92" lane="1/2to1/3_0" slope="0.00"/>
        <vehicle id="23" x="344.49" y="201.65" angle="-90.00" type="DEFAULT_VEHTYPE" speed="13.25" pos="50.76" lane="2/1to1/1_0" slope="0.00"/>
        <vehicle id="25" x="198.35" y="361.18" angle="0.00" type="DEFAULT_VEHTYPE" speed="13.84" pos="34.07" lane="1/2to1/1_0" slope="0.00"/>
        <vehicle id="27" x="305.99" y="598.35" angle="90.00" type="DEFAULT_VEHTYPE" speed="13.08" pos="101.24" lane="1/3to2/3_0" slope="0.00"/>
        <vehicle id="29" x="201.65" y="106.48" angle="180.00" type="DEFAULT_VEHTYPE" speed="13.33" pos="106.48" lane="1/0to1/1_0" slope="0.00"/>
        <vehicle id="3" x="398.35" y="596.18" angle="0.00" type="DEFAULT_VEHTYPE" speed="12.74" pos="8.57" lane=":2/3_1_0" slope="0.00"/>
        <vehicle id="32" x="198.35" y="272.79" angle="0.00" type="DEFAULT_VEHTYPE" speed="13.66" pos="122.46" lane="1/2to1/1_0" slope="0.00"/>
        <vehicle id="37" x="661.79" y="601.65" angle="-90.00" type="DEFAULT_VEHTYPE" speed="13.87" pos="138.21" lane="4/3to3/3_0" slope="0.00"/>
        <vehicle id="38" x="398.35" y="354.73" angle="0.00" type="DEFAULT_VEHTYPE" speed="13.06" pos="40.52" lane="2/2to2/1_0" slope="0.00"/>
        <vehicle id="4" x="742.87" y="601.65" angle="-90.00" type="DEFAULT_VEHTYPE" speed="12.89" pos="57.13" lane="4/3to3/3_0" slope="0.00"/>
        <vehicle id="41" x="209.28" y="201.65" angle="-90.00" type="DEFAULT_VEHTYPE" speed="2.65" pos="185.97" lane="2/1to1/1_0" slope="0.00"/>
        <vehicle id="42" x="702.09" y="598.35" angle="90.00" type="DEFAULT_VEHTYPE" speed="12.67" pos="97.34" lane="3/3to4/3_0" slope="0.00"/>
        <vehicle id="43" x="398.35" y="526.92" angle="0.00" type="DEFAULT_VEHTYPE" speed="13.81" pos="68.33" lane="2/3to2/2_0" slope="0.00"/>
        <vehicle id="44" x="391.95" y="401.65" angle="-90.00" type="DEFAULT_VEHTYPE" speed="6.47" pos="3.30" lane="2/2to1/2_0" slope="0.00"/>
        <vehicle id="46" x="401.65" y="623.92" angle="180.00" type="DEFAULT_VEHTYPE" speed="12.09" pos="19.17" lane="2/3to2/4_0" slope="0.00"/>
        <vehicle id="47" x="107.95" y="401.65" angle="-90.00" type="DEFAULT_VEHTYPE" speed="12.84" pos="87.30" lane="1/2to0/2_0" slope="0.00"/>
        <vehicle id="49" x="201.65" y="288.49" angle="180.00" type="DEFAULT_VEHTYPE" speed="12.81" pos="83.74" lane="1/1to1/2_0" slope="0.00"/>
        <vehicle id="6" x="181.54" y="398.35" angle="90.00" type="DEFAULT_VEHTYPE" speed="8.74" pos="181.54" lane="0/2to1/2_0" slope="0.00"/>
    </timestep>
    <timestep time="490.00">
        <vehicle id="1" x="398.35" y="231.04" angle="0.00" type="DEFAULT_VEHTYPE" speed="13.12" pos="164.21" lane="2/2to2/1_0" slope="0.00"/>
        <vehicle id="11" x="401.65" y="768.99" angle="180.00" type="DEFAULT_VEHTYPE" speed="12.75" pos="164.24" lane="2/3to2/4_0" slope="0.00"/>
        <vehicle id="13" x="198.35" y="24.76" angle="0.00" type="DEFAULT_VEHTYPE" speed="13.35" pos="170.49" lane="1/1to1/0_0" slope="0.00"/>
        <vehicle id="17" x="401.65" y="711.89" angle="180.00" type="DEFAULT_VEHTYPE" speed="13.10" pos="107.14" lane="2/3to2/4_0" slope="0.00"/>
        <vehicle id="2" x="620.40" y="598.35" angle="90.00" type="DEFAULT_VEHTYPE" speed="13.73" pos="15.65" lane="3/3to4/3_0" slope="0.00"/>
        <vehicle id="21" x="201.65" y="582.40" angle="180.00" type="DEFAULT_VEHTYPE" speed="12.73" pos="177.65" lane="1/2to1/3_0" slope="0.00"/>
        <vehicle id="23" x="331.42" y="201.65" angle="-90.00" type="DEFAULT_VEHTYPE" speed="13.07" pos="63.83" lane="2/1to1/1_0" slope="0.00"/>
        <vehicle id="25" x="198.35" y="347.62" angle="0.00" type="DEFAULT_VEHTYPE" speed="13.56" pos="47.63" lane="1/2to1/1_0" slope="0.00"/>
        <vehicle id="27" x="318.75" y="598.35" angle="90.00" type="DEFAULT_VEHTYPE" speed="12.76" pos="114.00" lane="1/3to2/3_0" slope="0.00"/>
        <vehicle id="29" x="201.65" y="120.07" angle="180.00" type="DEFAULT_VEHTYPE" speed="13.59" pos="120.07" lane="1/0to1/1_0" slope="0.00"/>
        <vehicle id="3" x="398.35" y="582.54" angle="0.00" type="DEFAULT_VEHTYPE" speed="13.64" pos="12.71" lane="2/3to2/2_0" slope="0.00"/>
        <vehicle id="32" x="198.35" y="260.00" angle="0.00" type="DEFAULT_VEHTYPE" speed="12.79" pos="135.25" lane="1/2to1/1_0" slope="0.00"/>
        <vehicle id="37" x="648.72" y="601.65" angle="-90.00" type="DEFAULT_VEHTYPE" speed="13.07" pos="151.28" lane="4/3to3/3_0" slope="0.00"/>
        <vehicle id="38" x="398.35" y="341.22" angle="0.00" type="DEFAULT_VEHTYPE" speed="13.50" pos="54.03" lane="2/2to2/1_0" slope="0.00"/>
        <vehicle id="4" x="730.10" y="601.65" angle="-90.00" type="DEFAULT_VEHTYPE" speed="12.77" pos="69.90" lane="4/3to3/3_0" slope="0.00"/>
        <vehicle id="41" x="204.04" y="201.75" angle="-91.14" type="DEFAULT_VEHTYPE" speed="5.24" pos="0.72" lane=":1/1_4_0" slope="0.00"/>
        <vehicle id="42" x="715.16" y="598.35" angle="90.00" type="DEFAULT_VEHTYPE" speed="13.06" pos="110.41" lane="3/3to4/3_0" slope="0.00"/>
        <vehicle id="43" x="398.35" y="513.74" angle="0.00" type="DEFAULT_VEHTYPE" speed="13.18" pos="81.51" lane="2/3to2/2_0" slope="0.00"/>
        <vehicle id="44" x="384.03" y="401.65" angle="-90.00" type="DEFAULT_VEHTYPE" speed="7.91" pos="11.22" lane="2/2to1/2_0" slope="0.00"/>
        <vehicle id="46" x="401.65" y="637.08" angle="180.00" type="DEFAULT_VEHTYPE" speed="13.16" pos="32.33" lane="2/3to2/4_0" slope="0.00"/>
        <vehicle id="47" x="95.12" y="401.65" angle="-90.00" type="DEFAULT_VEHTYPE" speed="12.83" pos="100.13" lane="1/2to0/2_0" slope="0.00"/>
        <vehicle id="49" x="201.65" y="301.87" angle="180.00" type="DEFAULT_VEHTYPE" speed="13.38" pos="97.12" lane="1/1to1/2_0" slope="0.00"/>
        <vehicle id="6" x="187.68" y="398.35" angle="90.00" type="DEFAULT_VEHTYPE" speed="6.14" pos="187.68" lane="0/2to1/2_0" slope="0.00"/>
    </timestep>
    <timestep time="491.00">
        <vehicle id="1" x="398.35" y="218.01" angle="0.00" type="DEFAULT_VEHTYPE" speed="13.03" pos="177.24" lane="2/2to2/1_0" slope="0.00"/>
        <vehicle id="11" x="401.65" y="782.09" angle="180.00" type="DEFAULT_VEHTYPE" speed="13.10" pos="177.34" lane="2/3to2/4_0" slope="0.00"/>
        <vehicle id="13" x="198.35" y="12.16" angle="0.00" type="DEFAULT_VEHTYPE" speed="12.61" pos="183.09" lane="1/1to1/0_0" slope="0.00"/>
        <vehicle id="17" x="401.65" y="724.71" angle="180.00" type="DEFAULT_VEHTYPE" speed="12.81" pos="119.96" lane="2/3to2/4_0" slope="0.00"/>
        <vehicle id="2" x="634.09" y="598.35" angle="90.00" type="DEFAULT_VEHTYPE" speed="13.69" pos="29.34" lane="3/3to4/3_0" slope="0.00"/>
        <vehicle id="21" x="201.65" y="595.08" angle="180.00" type="DEFAULT_VEHTYPE" speed="12.68" pos="190.33" lane="1/2to1/3_0" slope="0.00"/>
        <vehicle id="23" x="318.56" y="201.65" angle="-90.00" type="DEFAULT_VEHTYPE" speed="12.86" pos="76.69" lane="2/1to1/1_0" slope="0.00"/>
        <vehicle id="25" x="198.35" y="334.37" angle="0.00" type="DEFAULT_VEHTYPE" speed="13.25" pos="60.88" lane="1/2to1/1_0" slope="0.00"/>
        <vehicle id="27" x="332.62" y="598.35" angle="90.00" type="DEFAULT_VEHTYPE" speed="13.88" pos="127.87" lane="1/3to2/3_0" slope="0.00"/>
        <vehicle id="29" x="201.65" y="133.72" angle="180.00" type="DEFAULT_VEHTYPE" speed="13.65" pos="133.72" lane="1/0to1/1_0" slope="0.00"/>
        <vehicle id="3" x="398.35" y="569.09" angle="0.00" type="DEFAULT_VEHTYPE" speed="13.45" pos="26.16" lane="2/3to2/2_0" slope="0.00"/>
        <vehicle id="32" x="198.35" y="246.23" angle="0.00" type="DEFAULT_VEHTYPE" speed="13.77" pos="149.02" lane="1/2to1/1_0" slope="0.00"/>
        <vehicle id="37" x="636.11" y="601.65" angle="-90.00" type="DEFAULT_VEHTYPE" speed="12.61" pos="163.89" lane="4/3to3/3_0" slope="0.00"/>
        <vehicle id="38" x="398.35" y="327.43" angle="0.00" type="DEFAULT_VEHTYPE" speed="13.80" pos="67.82" lane="2/2to2/1_0" slope="0.00"/>
        <vehicle id="4" x="716.78" y="601.65" angle="-90.00" type="DEFAULT_VEHTYPE" speed="13.32" pos="83.22" lane="4/3to3/3_0" slope="0.00"/>
        <vehicle id="41" x="201.65" y="207.59" angle="-173.00" type="DEFAULT_VEHTYPE" speed="7.12" pos="2.84" lane="1/1to1/2_0" slope="0.00"/>
        <vehicle id="42" x="728.87" y="598.35" angle="90.00" type="DEFAULT_VEHTYPE" speed="13.72" pos="124.12" lane="3/3to4/3_0" slope="0.00"/>
        <vehicle id="43" x="398.35" y="500.57" angle="0.00" type="DEFAULT_VEHTYPE" speed="13.17" pos="94.68" lane="2/3to2/2_0" slope="0.00"/>
        <vehicle id="44" x="373.76" y="401.65" angle="-90.00" type="DEFAULT_VEHTYPE" speed="10.27" pos="21.49" lane="2/2to1/2_0" slope="0.00"/>
        <vehicle id="46" x="401.65" y="650.55" angle="180.00" type="DEFAULT_VEHTYPE" speed="13.47" pos="45.80" lane="2/3to2/4_0" slope="0.00"/>
        <vehicle id="47" x="81.34" y="401.65" angle="-90.00" type="DEFAULT_VEHTYPE" speed="13.77" pos="113.91" lane="1/2to0/2_0" slope="0.00"/>
        <vehicle id="49" x="201.65" y="315.48" angle="180.00" type="DEFAULT_VEHTYPE" speed="13.61" pos="110.73" lane="1/1to1/2_0" slope="0.00"/>
        <vehicle id="6" x="190.30" y="398.35" angle="90.00" type="DEFAULT_VEHTYPE" speed="2.62" pos="190.30" lane="0/2to1/2_0" slope="0.00"/>
    </timestep>
    <timestep time="492.00">
        <vehicle id="1" x="398.35" y="205.01" angle="0.00" type="DEFAULT_VEHTYPE" speed="13.01" pos="190.24" lane="2/2to2/1_0" slope="0.00"/>
        <vehicle id="11" x="401.65" y="794.80" angle="180.00" type="DEFAULT_VEHTYPE" speed="12.71" pos="190.05" lane="2/3to2/4_0" slope="0.00"/>
        <vehicle id="13" x="199.38" y="-1.34" angle="12.57" type="DEFAULT_VEHTYPE" speed="13.88" pos="1.72" lane=":1/0_0_0" slope="0.00"/>
        <vehicle id="17" x="401.65" y="737.97" angle="180.00" type="DEFAULT_VEHTYPE" speed="13.27" pos="133.22" lane="2/3to2/4_0" slope="0.00"/>
        <vehicle id="2" x="646.91" y="598.35" angle="90.00" type="DEFAULT_VEHTYPE" speed="12.81" pos="42.16" lane="3/3to4/3_0" slope="0.00"/>
        <vehicle id="21" x="212.97" y="598.35" angle="90.00" type="DEFAULT_VEHTYPE" speed="13.39" pos="8.22" lane="1/3to2/3_0" slope="0.00"/>
        <vehicle id="23" x="305.84" y="201.65" angle="-90.00" type="DEFAULT_VEHTYPE" speed="12.72" pos="89.41" lane="2/1to1/1_0" slope="0.00"/>
        <vehicle id="25" x="198.35" y="320.78" angle="0.00" type="DEFAULT_VEHTYPE" speed="13.59" pos="74.47" lane="1/2to1/1_0" slope="0.00"/>
        <vehicle id="27" x="346.17" y="598.35" angle="90.00" type="DEFAULT_VEHTYPE" speed="13.55" pos="141.42" lane="1/3to2/3_0" slope="0.00"/>
        <vehicle id="29" x="201.65" y="146.96" angle="180.00" type="DEFAULT_VEHTYPE" speed="13.24" pos="146.96" lane="1/0to1/1_0" slope="0.00"/>
        <vehicle id="3" x="398.35" y="555.27" angle="0.00" type="DEFAULT_VEHTYPE" speed="13.82" pos="39.98" lane="2/3to2/2_0" slope="0.00"/>
        <vehicle id="32" x="198.35" y="233.18" angle="0.00" type="DEFAULT_VEHTYPE" speed="13.04" pos="162.07" lane="1/2to1/1_0" slope="0.00"/>
        <vehicle id="37" x="625.00" y="601.65" angle="-90.00" type="DEFAULT_VEHTYPE" speed="11.11" pos="175.00" lane="4/3to3/3_0" slope="0.00"/>
        <vehicle id="38" x="398.35" y="313.89" angle="0.00" type="DEFAULT_VEHTYPE" speed="13.54" pos="81.36" lane="2/2to2/1_0" slope="0.00"/>
        <vehicle id="4" x="703.09" y="601.65" angle="-90.00" type="DEFAULT_VEHTYPE" speed="13.69" pos="96.91" lane="4/3to3/3_0" slope="0.00"/>
        <vehicle id="41" x="201.65" y="216.31" angle="180.00" type="DEFAULT_VEHTYPE" speed="8.72" pos="11.56" lane="1/1to1/2_0" slope="0.00"/>
        <vehicle id="42" x="741.55" y="598.35" angle="90.00" type="DEFAULT_VEHTYPE" speed="12.68" pos="136.80" lane="3/3to4/3_0" slope="0.00"/>
        <vehicle id="43" x="398.35" y="487.46" angle="0.00" type="DEFAULT_VEHTYPE" speed="13.12" pos="107.79" lane="2/3to2/2_0" slope="0.00"/>
        <vehicle id="44" x="361.76" y="401.65" angle="-90.00" type="DEFAULT_VEHTYPE" speed="12.00" pos="33.49" lane="2/2to1/2_0" slope="0.00"/>
        <vehicle id="46" x="401.65" y="663.64" angle="180.00" type="DEFAULT_VEHTYPE" speed="13.10" pos="58.89" lane="2/3to2/4_0" slope="0.00"/>
        <vehicle id="47" x="68.57" y="401.65" angle="-90.00" type="DEFAULT_VEHTYPE" speed="12.77" pos="126.68" lane="1/2to0/2_0" slope="0.00"/>
        <vehicle id="49" x="201.65" y="328.38" angle="180.00" type="DEFAULT_VEHTYPE" speed="12.90" pos="123.63" lane="1/1to1/2_0" slope="0.00"/>
        <vehicle id="6" x="194.57" y="398.35" angle="90.00" type="DEFAULT_VEHTYPE" speed="4.27" pos="194.57" lane="0/2to1/2_0" slope="0.00"/>
    </timestep>
    <timestep time="493.00">
        <vehicle id="1" x="386.96" y="201.65" angle="-90.00" type="DEFAULT_VEHTYPE" speed="13.54" pos="8.29" lane="2/1to1/1_0" slope="0.00"/>
        <vehicle id="11" x="398.35" y="796.96" angle="-15.50" type="DEFAULT_VEHTYPE" speed="13.07" pos="3.04" lane="2/4to2/3_0" slope="0.00"/>
        <vehicle id="13" x="201.65" y="10.14" angle="180.00" type="DEFAULT_VEHTYPE" speed="13.24" pos="10.14" lane="1/0to1/1_0" slope="0.00"/>
        <vehicle id="17" x="401.65" y="750.63" angle="180.00" type="DEFAULT_VEHTYPE" speed="12.66" pos="145.88" lane="2/3to2/4_0" slope="0.00"/>
        <vehicle id="2" x="660.53" y="598.35" angle="90.00" type="DEFAULT_VEHTYPE" speed="13.63" pos="55.78" lane="3/3to4/3_0" slope="0.00"/>
        <vehicle id="21" x="225.93" y="598.35" angle="90.00" type="DEFAULT_VEHTYPE" speed="12.96" pos="21.18" lane="1/3to2/3_0" slope="0.00"/>
        <vehicle id="23" x="292.08" y="201.65" angle="-90.00" type="DEFAULT_VEHTYPE" speed="13.76" pos="103.17" lane="2/1to1/1_0" slope="0.00"/>
        <vehicle id="25" x="198.35" y="307.35" angle="0.00" type="DEFAULT_VEHTYPE" speed="13.43" pos="87.90" lane="1/2to1/1_0" slope="0.00"/>
        <vehicle id="27" x="358.90" y="598.35" angle="90.00" type="DEFAULT_VEHTYPE" speed="12.73" pos="154.15" lane="1/3to2/3_0" slope="0.00"/>
        <vehicle id="29" x="201.65" y="160.26" angle="180.00" type="DEFAULT_VEHTYPE" speed="13.29" pos="160.26" lane="1/0to1/1_0" slope="0.00"/>
        <vehicle id="3" x="398.35" y="542.16" angle="0.00" type="DEFAULT_VEHTYPE" speed="13.11" pos="53.09" lane="2/3to2/2_0" slope="0.00"/>
        <vehicle id="32" x="198.35" y="220.35" angle="0.00" type="DEFAULT_VEHTYPE" speed="12.83" pos="174.90" lane="1/2to1/1_0" slope="0.00"/>
        <vehicle id="37" x="616.99" y="601.65" angle="-90.00" type="DEFAULT_VEHTYPE" speed="8.01" pos="183.01" lane="4/3to3/3_0" slope="0.00"/>
        <vehicle id="38" x="398.35" y="300.39" angle="0.00" type="DEFAULT_VEHTYPE" speed="13.50" pos="94.86" lane="2/2to2/1_0" slope="0.00"/>
        <vehicle id="4" x="690.25" y="601.65" angle="-90.00" type="DEFAULT_VEHTYPE" speed="12.83" pos="109.75" lane="4/3to3/3_0" slope="0.00"/>
        <vehicle id="41" x="201.65" y="226.73" angle="180.00" type="DEFAULT_VEHTYPE" speed="10.42" pos="21.98" lane="1/1to1/2_0" slope="0.00"/>
        <vehicle id="42" x="754.57" y="598.35" angle="90.00" type="DEFAULT_VEHTYPE" speed="13.02" pos="149.82" lane="3/3to4/3_0" slope="0.00"/>
        <vehicle id="43" x="398.35" y="474.61" angle="0.00" type="DEFAULT_VEHTYPE" speed="12.84" pos="120.64" lane="2/3to2/2_0" slope="0.00"/>
        <vehicle id="44" x="348.77" y="401.65" angle="-90.00" type="DEFAULT_VEHTYPE" speed="12.99" pos="46.48" lane="2/2to1/2_0" slope="0.00"/>
        <vehicle id="46" x="401.65" y="676.93" angle="180.00" type="DEFAULT_VEHTYPE" speed="13.29" pos="72.18" lane="2/3to2/4_0" slope="0.00"/>
        <vehicle id="47" x="55.36" y="401.65" angle="-90.00" type="DEFAULT_VEHTYPE" speed="13.21" pos="139.89" lane="1/2to0/2_0" slope="0.00"/>
        <vehicle id="49" x="201.65" y="341.45" angle="180.00" type="DEFAULT_VEHTYPE" speed="13.07" pos="136.70" lane="1/1to1/2_0" slope="0.00"/>
        <vehicle id="6" x="200.15" y="400.11" angle="110.59" type="DEFAULT_VEHTYPE" speed="6.02" pos="5.35" lane=":1/2_14_0" slope="0.00"/>
    </timestep>
    <timestep time="494.00">
        <vehicle id="1" x="373.25" y="201.65" angle="-90.00" type="DEFAULT_VEHTYPE" speed="13.72" pos="22.00" lane="2/1to1/1_0" slope="0.00"/>
        <vehicle id="11" x="398.35" y="783.15" angle="0.00" type="DEFAULT_VEHTYPE" speed="13.80" pos="16.85" lane="2/4to2/3_0" slope="0.00"/>
        <vehicle id="13" x="201.65" y="23.52" angle="180.00" type="DEFAULT_VEHTYPE" speed="13.38" pos="23.52" lane="1/0to1/1_0" slope="0.00"/>
        <vehicle id="17" x="401.65" y="764.20" angle="180.00" type="DEFAULT_VEHTYPE" speed="13.57" pos="159.45" lane="2/3to2/4_0" slope="0.00"/>
        <vehicle id="2" x="674.29" y="598.35" angle="90.00" type="DEFAULT_VEHTYPE" speed="13.76" pos="69.54" lane="3/3to4/3_0" slope="0.00"/>
        <vehicle id="21" x="239.39" y="598.35" angle="90.00" type="DEFAULT_VEHTYPE" speed="13.46" pos="34.64" lane="1/3to2/3_0" slope="0.00"/>
        <vehicle id="23" x="278.67" y="201.65" angle="-90.00" type="DEFAULT_VEHTYPE" speed="13.41" pos="116.58" lane="2/1to1/1_0" slope="0.00"/>
        <vehicle id="25" x="198.35" y="293.89" angle="0.00" type="DEFAULT_VEHTYPE" speed="13.47" pos="101.36" lane="1/2to1/1_0" slope="0.00"/>
        <vehicle id="27" x="371.57" y="598.35" angle="90.00" type="DEFAULT_VEHTYPE" speed="12.66" pos="166.82" lane="1/3to2/3_0" slope="0.00"/>
        <vehicle id="29" x="201.65" y="173.93" angle="180.00" type="DEFAULT_VEHTYPE" speed="13.68" pos="173.93" lane="1/0to1/1_0" slope="0.00"/>
        <vehicle id="3" x="398.35" y="529.53" angle="0.00" type="DEFAULT_VEHTYPE" speed="12.64" pos="65.72" lane="2/3to2/2_0" slope="0.00"/>
        <vehicle id="32" x="198.35" y="207.59" angle="0.00" type="DEFAULT_VEHTYPE" speed="12.76" pos="187.66" lane="1/2to1/1_0" slope="0.00"/>
        <vehicle id="37" x="612.38" y="601.65" angle="-90.00" type="DEFAULT_VEHTYPE" speed="4.61" pos="187.62" lane="4/3to3/3_0" slope="0.00"/>
        <vehicle id="38" x="398.35" y="287.40" angle="0.00" type="DEFAULT_VEHTYPE" speed="12.99" pos="107.85" lane="2/2to2/1_0" slope="0.00"/>
        <vehicle id="4" x="676.57" y="601.65" angle="-90.00" type="DEFAULT_VEHTYPE" speed="13.69" pos="123.43" lane="4/3to3/3_0" slope="0.00"/>
        <vehicle id="41" x="201.65" y="238.79" angle="180.00" type="DEFAULT_VEHTYPE" speed="12.06" pos="34.04" lane="1/1to1/2_0" slope="0.00"/>
        <vehicle id="42" x="767.80" y="598.35" angle="90.00" type="DEFAULT_VEHTYPE" speed="13.23" pos="163.05" lane="3/3to4/3_0" slope="0.00"/>
        <vehicle id="43" x="398.35" y="461.04" angle="0.00" type="DEFAULT_VEHTYPE" speed="13.58" pos="134.21" lane="2/3to2/2_0" slope="0.00"/>
        <vehicle id="44" x="335.12" y="401.65" angle="-90.00" type="DEFAULT_VEHTYPE" speed="13.65" pos="60.13" lane="2/2to1/2_0" slope="0.00"/>
        <vehicle id="46" x="401.65" y="689.81" angle="180.00" type="DEFAULT_VEHTYPE" speed="12.88" pos="85.06" lane="2/3to2/4_0" slope="0.00"/>
        <vehicle id="47" x="42.49" y="401.65" angle="-90.00" type="DEFAULT_VEHTYPE" speed="12.88" pos="152.76" lane="1/2to0/2_0" slope="0.00"/>
        <vehicle id="49" x="201.65" y="354.68" angle="180.00" type="DEFAULT_VEHTYPE" speed="13.23" pos="149.93" lane="1/1to1/2_0" slope="0.00"/>
        <vehicle id="6" x="201.65" y="408.25" angle="177.57" type="DEFAULT_VEHTYPE" speed="8.48" pos="3.50" lane="1/2to1/3_0" slope="0.00"/>
    </timestep>
    <timestep time="495.00">
        <vehicle id="1" x="360.26" y="201.65" angle="-90.00" type="DEFAULT_VEHTYPE" speed="12.98" pos="34.99" lane="2/1to1/1_0" slope="0.00"/>
        <vehicle id="11" x="398.35" y="769.45" angle="0.00" type="DEFAULT_VEHTYPE" speed="13.70" pos="30.55" lane="2/4to2/3_0" slope="0.00"/>
        <vehicle id="13" x="201.65" y="37.38" angle="180.00" type="DEFAULT_VEHTYPE" speed="13.86" pos="37.38" lane="1/0to1/1_0" slope="0.00"/>
        <vehicle id="17" x="401.65" y="777.12" angle="180.00" type="DEFAULT_VEHTYPE" speed="12.92" pos="172.37" lane="2/3to2/4_0" slope="0.00"/>
        <vehicle id="2" x="686.95" y="598.35" angle="90.00" type="DEFAULT_VEHTYPE" speed="12.65" pos="82.20" lane="3/3to4/3_0" slope="0.00"/>
        <vehicle id="21" x="253.13" y="598.35" angle="90.00" type="DEFAULT_VEHTYPE" speed="13.74" pos="48.38" lane="1/3to2/3_0" slope="0.00"/>
        <vehicle id="23" x="265.09" y="201.65" angle="-90.00" type="DEFAULT_VEHTYPE" speed="13.58" pos="130.16" lane="2/1to1/1_0" slope="0.00"/>
        <vehicle id="25" x="198.35" y="280.59" angle="0.00" type="DEFAULT_VEHTYPE" speed="13.29" pos="114.66" lane="1/2to1/1_0" slope="0.00"/>
        <vehicle id="27" x="381.37" y="598.35" angle="90.00" type="DEFAULT_VEHTYPE" speed="9.81" pos="176.62" lane="1/3to2/3_0" slope="0.00"/>
        <vehicle id="29" x="201.65" y="186.60" angle="180.00" type="DEFAULT_VEHTYPE" speed="12.66" pos="186.60" lane="1/0to1/1_0" slope="0.00"/>
        <vehicle id="3" x="398.35" y="516.35" angle="0.00" type="DEFAULT_VEHTYPE" speed="13.17" pos="78.90" lane="2/3to2/2_0" slope="0.00"/>
        <vehicle id="32" x="189.69" y="201.65" angle="-90.00" type="DEFAULT_VEHTYPE" speed="13.40" pos="5.56" lane="1/1to0/1_0" slope="0.00"/>
        <vehicle id="37" x="609.41" y="601.65" angle="-90.00" type="DEFAULT_VEHTYPE" speed="2.97" pos="190.59" lane="4/3to3/3_0" slope="0.00"/>
        <vehicle id="38" x="398.35" y="274.57" angle="0.00" type="DEFAULT_VEHTYPE" speed="12.83" pos="120.68" lane="2/2to2/1_0" slope="0.00"/>
        <vehicle id="4" x="663.74" y="601.65" angle="-90.00" type="DEFAULT_VEHTYPE" speed="12.83" pos="136.26" lane="4/3to3/3_0" slope="0.00"/>
        <vehicle id="41" x="201.65" y="251.55" angle="180.00" type="DEFAULT_VEHTYPE" speed="12.76" pos="46.80" lane="1/1to1/2_0" slope="0.00"/>
        <vehicle id="42" x="780.87" y="598.35" angle="90.00" type="DEFAULT_VEHTYPE" speed="13.07" pos="176.12" lane="3/3to4/3_0" slope="0.00"/>
        <vehicle id="43" x="398.35" y="447.61" angle="0.00" type="DEFAULT_VEHTYPE" speed="13.43" pos="147.64" lane="2/3to2/2_0" slope="0.00"/>
        <vehicle id="44" x="321.78" y="401.65" angle="-90.00" type="DEFAULT_VEHTYPE" speed="13.33" pos="73.47" lane="2/2to1/2_0" slope="0.00"/>
        <vehicle id="46" x="401.65" y="702.84" angle="180.00" type="DEFAULT_VEHTYPE" speed="13.03" pos="98.09" lane="2/3to2/4_0" slope="0.00"/>
        <vehicle id="47" x="28.98" y="401.65" angle="-90.00" type="DEFAULT_VEHTYPE" speed="13.50" pos="166.27" lane="1/2to0/2_0" slope="0.00"/>
        <vehicle id="49" x="201.65" y="367.53" angle="180.00" type="DEFAULT_VEHTYPE" speed="12.85" pos="162.78" lane="1/1to1/2_0" slope="0.00"/>
        <vehicle id="6" x="201.65" y="418.36" angle="180.00" type="DEFAULT_VEHTYPE" speed="10.10" pos="13.61" lane="1/2to1/3_0" slope="0.00"/>
    </timestep>
    <timestep time="496.00">
        <vehicle id="1" x="347.54" y="201.65" angle="-90.00" type="DEFAULT_VEHTYPE" speed="12.72" pos="47.71" lane="2/1to1/1_0" slope="0.00"/>
        <vehicle id="11" x="398.35" y="755.95" angle="0.00" type="DEFAULT_VEHTYPE" speed="13.50" pos="44.05" lane="2/4to2/3_0" slope="0.00"/>
        <vehicle id="13" x="201.65" y="51.26" angle="180.00" type="DEFAULT_VEHTYPE" speed="13.87" pos="51.26" lane="1/0to1/1_0" slope="0.00"/>
        <vehicle id="17" x="401.65" y="790.70" angle="180.00" type="DEFAULT_VEHTYPE" speed="13.58" pos="185.95" lane="2/3to2/4_0" slope="0.00"/>
        <vehicle id="2" x="700.59" y="598.35" angle="90.00" type="DEFAULT_VEHTYPE" speed="13.65" pos="95.84" lane="3/3to4/3_0" slope="0.00"/>
        <vehicle id="21" x="266.21" y="598.35" angle="90.00" type="DEFAULT_VEHTYPE" speed="13.08" pos="61.46" lane="1/3to2/3_0" slope="0.00"/>
        <vehicle id="23" x="251.59" y="201.65" angle="-90.00" type="DEFAULT_VEHTYPE" speed="13.50" pos="143.66" lane="2/1to1/1_0" slope="0.00"/>
        <vehicle id="25" x="198.35" y="267.54" angle="0.00" type="DEFAULT_VEHTYPE" speed="13.06" pos="127.71" lane="1/2to1/1_0" slope="0.00"/>
        <vehicle id="27" x="386.69" y="598.35" angle="90.00" type="DEFAULT_VEHTYPE" speed="5.31" pos="181.94" lane="1/3to2/3_0" slope="0.00"/>
        <vehicle id="29" x="204.07" y="198.26" angle="146.73" type="DEFAULT_VEHTYPE" speed="12.97" pos="4.32" lane=":1/1_8_0" slope="0.00"/>
        <vehicle id="3" x="398.35" y="502.61" angle="0.00" type="DEFAULT_VEHTYPE" speed="13.75" pos="92.64" lane="2/3to2/2_0" slope="0.00"/>
        <vehicle id="32" x="176.73" y="201.65" angle="-90.00" type="DEFAULT_VEHTYPE" speed="12.96" pos="18.52" lane="1/1to0/1_0" slope="0.00"/>
        <vehicle id="37" x="605.01" y="601.65" angle="-90.00" type="DEFAULT_VEHTYPE" speed="4.41" pos="194.99" lane="4/3to3/3_0" slope="0.00"/>
        <vehicle id="38" x="398.35" y="261.72" angle="0.00" type="DEFAULT_VEHTYPE" speed="12.85" pos="133.53" lane="2/2to2/1_0" slope="0.00"/>
        <vehicle id="4" x="650.45" y="601.65" angle="-90.00" type="DEFAULT_VEHTYPE" speed="13.29" pos="149.55" lane="4/3to3/3_0" slope="0.00"/>
        <vehicle id="41" x="201.65" y="264.71" angle="180.00" type="DEFAULT_VEHTYPE" speed="13.16" pos="59.96" lane="1/1to1/2_0" slope="0.00"/>
        <vehicle id="42" x="794.15" y="598.35" angle="90.00" type="DEFAULT_VEHTYPE" speed="13.28" pos="189.40" lane="3/3to4/3_0" slope="0.00"/>
        <vehicle id="43" x="398.35" y="434.44" angle="0.00" type="DEFAULT_VEHTYPE" speed="13.16" pos="160.81" lane="2/3to2/2_0" slope="0.00"/>
        <vehicle id="44" x="307.93" y="401.65" angle="-90.00" type="DEFAULT_VEHTYPE" speed="13.85" pos="87.32" lane="2/2to1/2_0" slope="0.00"/>
        <vehicle id="46" x="401.65" y="715.47" angle="180.00" type="DEFAULT_VEHTYPE" speed="12.63" pos="110.72" lane="2/3to2/4_0" slope="0.00"/>
        <vehicle id="47" x="15.97" y="401.65" angle="-90.00" type="DEFAULT_VEHTYPE" speed="13.01" pos="179.28" lane="1/2to0/2_0" slope="0.00"/>
        <vehicle id="49" x="201.65" y="380.80" angle="180.00" type="DEFAULT_VEHTYPE" speed="13.27" pos="176.05" lane="1/1to1/2_0" slope="0.00"/>
        <vehicle id="6" x="201.65" y="430.58" angle="180.00" type="DEFAULT_VEHTYPE" speed="12.22" pos="25.83" lane="1/2to1/3_0" slope="0.00"/>
    </timestep>
    <timestep time="497.00">
        <vehicle id="1" x="333.85" y="201.65" angle="-90.00" type="DEFAULT_VEHTYPE" speed="13.69" pos="61.40" lane="2/1to1/1_0" slope="0.00"/>
        <vehicle id="11" x="398.35" y="743.25" angle="0.00" type="DEFAULT_VEHTYPE" speed="12.70" pos="56.75" lane="2/4to2/3_0" slope="0.00"/>
        <vehicle id="13" x="201.65" y="63.93" angle="180.00" type="DEFAULT_VEHTYPE" speed="12.67" pos="63.93" lane="1/0to1/1_0" slope="0.00"/>
        <vehicle id="17" x="398.68" y="800.49" angle="-112.91" type="DEFAULT_VEHTYPE" speed="13.54" pos="4.23" lane=":2/4_0_0" slope="0.00"/>
        <vehicle id="2" x="713.86" y="598.35" angle="90.00" type="DEFAULT_VEHTYPE" speed="13.26" pos="109.11" lane="3/3to4/3_0" slope="0.00"/>
        <vehicle id="21" x="279.19" y="598.35" angle="90.00" type="DEFAULT_VEHTYPE" speed="12.98" pos="74.44" lane="1/3to2/3_0" slope="0.00"/>
        <vehicle id="23" x="238.68" y="201.65" angle="-90.00" type="DEFAULT_VEHTYPE" speed="12.91" pos="156.57" lane="2/1to1/1_0" slope="0.00"/>
        <vehicle id="25" x="198.35" y="254.54" angle="0.00" type="DEFAULT_VEHTYPE" speed="13.00" pos="140.71" lane="1/2to1/1_0" slope="0.00"/>
        <vehicle id="27" x="390.68" y="598.35" angle="90.00" type="DEFAULT_VEHTYPE" speed="3.99" pos="185.93" lane="1/3to2/3_0" slope="0.00"/>
        <vehicle id="29" x="217.83" y="198.35" angle="90.00" type="DEFAULT_VEHTYPE" speed="13.76" pos="13.08" lane="1/1to2/1_0" slope="0.00"/>
        <vehicle id="3" x="398.35" y="489.36" angle="0.00" type="DEFAULT_VEHTYPE" speed="13.25" pos="105.89" lane="2/3to2/2_0" slope="0.00"/>
        <vehicle id="32" x="163.85" y="201.65" angle="-90.00" type="DEFAULT_VEHTYPE" speed="12.88" pos="31.40" lane="1/1to0/1_0" slope="0.00"/>
        <vehicle id="37" x="599.62" y="599.50" angle="-64.81" type="DEFAULT_VEHTYPE" speed="6.06" pos="5.81" lane=":3/3_6_0" slope="0.00"/>
        <vehicle id="38" x="398.35" y="248.19" angle="0.00" type="DEFAULT_VEHTYPE" speed="13.53" pos="147.06" lane="2/2to2/1_0" slope="0.00"/>
        <vehicle id="4" x="637.22" y="601.65" angle="-90.00" type="DEFAULT_VEHTYPE" speed="13.23" pos="162.78" lane="4/3to3/3_0" slope="0.00"/>
        <vehicle id="41" x="201.65" y="278.09" angle="180.00" type="DEFAULT_VEHTYPE" speed="13.38" pos="73.34" lane="1/1to1/2_0" slope="0.00"/>
        <vehicle id="42" x="797.88" y="601.65" angle="-120.25" type="DEFAULT_VEHTYPE" speed="12.79" pos="2.12" lane="4/3to3/3_0" slope="0.00"/>
        <vehicle id="43" x="398.35" y="421.39" angle="0.00" type="DEFAULT_VEHTYPE" speed="13.05" pos="173.86" lane="2/3to2/2_0" slope="0.00"/>
        <vehicle id="44" x="294.69" y="401.65" angle="-90.00" type="DEFAULT_VEHTYPE" speed="13.24" pos="100.56" lane="2/2to1/2_0" slope="0.00"/>
        <vehicle id="46" x="401.65" y="729.15" angle="180.00" type="DEFAULT_VEHTYPE" speed="13.67" pos="124.40" lane="2/3to2/4_0" slope="0.00"/>
        <vehicle id="47" x="3.23" y="401.65" angle="-90.00" type="DEFAULT_VEHTYPE" speed="12.75" pos="192.02" lane="1/2to0/2_0" slope="0.00"/>
        <vehicle id="49" x="201.65" y="393.66" angle="180.00" type="DEFAULT_VEHTYPE" speed="12.86" pos="188.91" lane="1/1to1/2_0" slope="0.00"/>
        <vehicle id="6" x="201.65" y="443.18" angle="180.00" type="DEFAULT_VEHTYPE" speed="12.60" pos="38.43" lane="1/2to1/3_0" slope="0.00"/>
    </timestep>
    <timestep time="498.00">
        <vehicle id="1" x="320.69" y="201.65" angle="-90.00" type="DEFAULT_VEHTYPE" speed="13.17" pos="74.56" lane="2/1to1/1_0" slope="0.00"/>
        <vehicle id="11" x="398.35" y="730.59" angle="0.00" type="DEFAULT_VEHTYPE" speed="12.66" pos="69.41" lane="2/4to2/3_0" slope="0.00"/>
        <vehicle id="13" x="201.65" y="77.76" angle="180.00" type="DEFAULT_VEHTYPE" speed="13.83" pos="77.76" lane="1/0to1/1_0" slope="0.00"/>
        <vehicle id="17" x="398.35" y="787.70" angle="0.00" type="DEFAULT_VEHTYPE" speed="12.89" pos="12.30" lane="2/4to2/3_0" slope="0.00"/>
        <vehicle id="2" x="727.60" y="598.35" angle="90.00" type="DEFAULT_VEHTYPE" speed="13.75" pos="122.85" lane="3/3to4/3_0" slope="0.00"/>
        <vehicle id="21" x="292.63" y="598.35" angle="90.00" type="DEFAULT_VEHTYPE" speed="13.45" pos="87.88" lane="1/3to2/3_0" slope="0.00"/>
        <vehicle id="23" x="227.03" y="201.65" angle="-90.00" type="DEFAULT_VEHTYPE" speed="11.64" pos="168.22" lane="2/1to1/1_0" slope="0.00"/>
        <vehicle id="25" x="198.35" y="241.14" angle="0.00" type="DEFAULT_VEHTYPE" speed="13.40" pos="154.11" lane="1/2to1/1_0" slope="0.00"/>
        <vehicle id="27" x="396.67" y="598.55" angle="92.33" type="DEFAULT_VEHTYPE" speed="6.01" pos="1.43" lane=":2/3_14_0" slope="0.00"/>
        <vehicle id="29" x="230.45" y="198.35" angle="90.00" type="DEFAULT_VEHTYPE" speed="12.62" pos="25.70" lane="1/1to2/1_0" slope="0.00"/>
        <vehicle id="3" x="398.35" y="476.14" angle="0.00" type="DEFAULT_VEHTYPE" speed="13.22" pos="119.11" lane="2/3to2/2_0" slope="0.00"/>
        <vehicle id="32" x="150.71" y="201.65" angle="-90.00" type="DEFAULT_VEHTYPE" speed="13.14" pos="44.54" lane="1/1to0/1_0" slope="0.00"/>
        <vehicle id="37" x="598.35" y="591.36" angle="-1.81" type="DEFAULT_VEHTYPE" speed="8.40" pos="3.89" lane="3/3to3/2_0" slope="0.00"/>
        <vehicle id="38" x="398.35" y="235.29" angle="0.00" type="DEFAULT_VEHTYPE" speed="12.90" pos="159.96" lane="2/2to2/1_0" slope="0.00"/>
        <vehicle id="4" x="625.32" y="601.65" angle="-90.00" type="DEFAULT_VEHTYPE" speed="11.90" pos="174.68" lane="4/3to3/3_0" slope="0.00"/>
        <vehicle id="41" x="201.65" y="290.86" angle="180.00" type="DEFAULT_VEHTYPE" speed="12.77" pos="86.11" lane="1/1to1/2_0" slope="0.00"/>
        <vehicle id="42" x="784.19" y="601.65" angle="-90.00" type="DEFAULT_VEHTYPE" speed="13.70" pos="15.81" lane="4/3to3/3_0" slope="0.00"/>
        <vehicle id="43" x="398.35" y="408.53" angle="0.00" type="DEFAULT_VEHTYPE" speed="12.86" pos="186.72" lane="2/3to2/2_0" slope="0.00"/>
        <vehicle id="44" x="281.39" y="401.65" angle="-90.00" type="DEFAULT_VEHTYPE" speed="13.30" pos="113.86" lane="2/2to1/2_0" slope="0.00"/>
        <vehicle id="46" x="401.65" y="741.90" angle="180.00" type="DEFAULT_VEHTYPE" speed="12.75" pos="137.15" lane="2/3to2/4_0" slope="0.00"/>
        <vehicle id="47" x="5.66" y="398.35" angle="90.00" type="DEFAULT_VEHTYPE" speed="13.71" pos="5.66" lane="0/2to1/2_0" slope="0.00"/>
        <vehicle id="49" x="201.65" y="406.93" angle="180.00" type="DEFAULT_VEHTYPE" speed="13.27" pos="2.18" lane="1/2to1/3_0" slope="0.00"/>
        <vehicle id="6" x="201.65" y="456.75" angle="180.00" type="DEFAULT_VEHTYPE" speed="13.57" pos="52.00" lane="1/2to1/3_0" slope="0.00"/>
    </timestep>
    <timestep time="499.00">
        <vehicle id="1" x="308.04" y="201.65" angle="-90.00" type="DEFAULT_VEHTYPE" speed="12.64" pos="87.21" lane="2/1to1/1_0" slope="0.00"/>
        <vehicle id="11" x="398.35" y="717.42" angle="0.00" type="DEFAULT_VEHTYPE" speed="13.17" pos="82.58" lane="2/4to2/3_0" slope="0.00"/>
        <vehicle id="13" x="201.65" y="90.94" angle="180.00" type="DEFAULT_VEHTYPE" speed="13.18" pos="90.94" lane="1/0to1/1_0" slope="0.00"/>
        <vehicle id="17" x="398.35" y="774.43" angle="0.00" type="DEFAULT_VEHTYPE" speed="13.27" pos="25.57" lane="2/4to2/3_0" slope="0.00"/>
        <vehicle id="2" x="741.07" y="598.35" angle="90.00" type="DEFAULT_VEHTYPE" speed="13.47" pos="136.32" lane="3/3to4/3_0" slope="0.00"/>
        <vehicle id="21" x="306.29" y="598.35" angle="90.00" type="DEFAULT_VEHTYPE" speed="13.66" pos="101.54" lane="1/3to2/3_0" slope="0.00"/>
        <vehicle id="23" x="218.04" y="201.65" angle="-90.00" type="DEFAULT_VEHTYPE" speed="8.99" pos="177.21" lane="2/1to1/1_0" slope="0.00"/>
        <vehicle id="25" x="198.35" y="228.33" angle="0.00" type="DEFAULT_VEHTYPE" speed="12.81" pos="166.92" lane="1/2to1/1_0" slope="0.00"/>
        <vehicle id="27" x="401.49" y="603.60" angle="151.16" type="DEFAULT_VEHTYPE" speed="7.73" pos="9.16" lane=":2/3_14_0" slope="0.00"/>
        <vehicle id="29" x="244.03" y="198.35" angle="90.00" type="DEFAULT_VEHTYPE" speed="13.57" pos="39.28" lane="1/1to2/1_0" slope="0.00"/>
        <vehicle id="3" x="398.35" y="463.12" angle="0.00" type="DEFAULT_VEHTYPE" speed="13.01" pos="132.13" lane="2/3to2/2_0" slope="0.00"/>
        <vehicle id="32" x="136.96" y="201.65" angle="-90.00" type="DEFAULT_VEHTYPE" speed="13.75" pos="58.29" lane="1/1to0/1_0" slope="0.00"/>
        <vehicle id="37" x="598.35" y="580.48" angle="0.00" type="DEFAULT_VEHTYPE" speed="10.89" pos="14.77" lane="3/3to3/2_0" slope="0.00"/>
        <vehicle id="38" x="398.35" y="222.24" angle="0.00" type="DEFAULT_VEHTYPE" speed="13.05" pos="173.01" lane="2/2to2/1_0" slope="0.00"/>
        <vehicle id="4" x="616.58" y="601.65" angle="-90.00" type="DEFAULT_VEHTYPE" speed="8.75" pos="183.42" lane="4/3to3/3_0" slope="0.00"/>
        <vehicle id="41" x="201.65" y="303.54" angle="180.00" type="DEFAULT_VEHTYPE" speed="12.68" pos="98.79" lane="1/1to1/2_0" slope="0.00"/>
        <vehicle id="42" x="770.44" y="601.65" angle="-90.00" type="DEFAULT_VEHTYPE" speed="13.75" pos="29.56" lane="4/3to3/3_0" slope="0.00"/>
        <vehicle id="43" x="398.35" y="395.08" angle="0.00" type="DEFAULT_VEHTYPE" speed="13.45" pos="0.17" lane="2/2to2/1_0" slope="0.00"/>
        <vehicle id="44" x="267.94" y="401.65" angle="-90.00" type="DEFAULT_VEHTYPE" speed="13.45" pos="127.31" lane="2/2to1/2_0" slope="0.00"/>
        <vehicle id="46" x="401.65" y="755.12" angle="180.00" type="DEFAULT_VEHTYPE" speed="13.22" pos="150.37" lane="2/3to2/4_0" slope="0.00"/>
        <vehicle id="47" x="18.72" y="398.35" angle="90.00" type="DEFAULT_VEHTYPE" speed="13.05" pos="18.72" lane="0/2to1/2_0" slope="0.00"/>
        <vehicle id="49" x="201.65" y="420.00" angle="180.00" type="DEFAULT_VEHTYPE" speed="13.08" pos="15.25" lane="1/2to1/3_0" slope="0.00"/>
        <vehicle id="6" x="201.65" y="470.43" angle="180.00" type="DEFAULT_VEHTYPE" speed="13.69" pos="65.68" lane="1/2to1/3_0" slope="0.00"/>
    </timestep>
    <timestep time="500.00">
        <vehicle id="1" x="295.16" y="201.65" angle="-90.00" type="DEFAULT_VEHTYPE" speed="12.88" pos="100.09" lane="2/1to1/1_0" slope="0.00"/>
        <vehicle id="11" x="398.35" y="703.65" angle="0.00" type="DEFAULT_VEHTYPE" speed="13.77" pos="96.35" lane="2/4to2/3_0" slope="0.00"/>
        <vehicle id="13" x="201.65" y="103.70" angle="180.00" type="DEFAULT_VEHTYPE" speed="12.76" pos="103.70" lane="1/0to1/1_0" slope="0.00"/>
        <vehicle id="17" x="398.35" y="760.68" angle="0.00" type="DEFAULT_VEHTYPE" speed="13.75" pos="39.32" lane="2/4to2/3_0" slope="0.00"/>
        <vehicle id="2" x="754.64" y="598.35" angle="90.00" type="DEFAULT_VEHTYPE" speed="13.57" pos="149.89" lane="3/3to4/3_0" slope="0.00"/>
        <vehicle id="21" x="319.38" y="598.35" angle="90.00" type="DEFAULT_VEHTYPE" speed="13.09" pos="114.63" lane="1/3to2/3_0" slope="0.00"/>
        <vehicle id="23" x="212.57" y="201.65" angle="-90.00" type="DEFAULT_VEHTYPE" speed="5.46" pos="182.68" lane="2/1to1/1_0" slope="0.00"/>
        <vehicle id="25" x="198.35" y="215.46" angle="0.00" type="DEFAULT_VEHTYPE" speed="12.87" pos="179.79" lane="1/2to1/1_0" slope="0.00"/>
        <vehicle id="27" x="401.65" y="612.71" angle="180.00" type="DEFAULT_VEHTYPE" speed="9.12" pos="7.96" lane="2/3to2/4_0" slope="0.00"/>
        <vehicle id="29" x="257.32" y="198.35" angle="90.00" type="DEFAULT_VEHTYPE" speed="13.29" pos="52.57" lane="1/1to2/1_0" slope="0.00"/>
        <vehicle id="3" x="398.35" y="450.32" angle="0.00" type="DEFAULT_VEHTYPE" speed="12.80" pos="144.93" lane="2/3to2/2_0" slope="0.00"/>
        <vehicle id="32" x="123.71" y="201.65" angle="-90.00" type="DEFAULT_VEHTYPE" speed="13.26" pos="71.54" lane="1/1to0/1_0" slope="0.00"/>
        <vehicle id="37" x="598.35" y="567.96" angle="0.00" type="DEFAULT_VEHTYPE" speed="12.51" pos="27.29" lane="3/3to3/2_0" slope="0.00"/>
        <vehicle id="38" x="398.35" y="208.50" angle="0.00" type="DEFAULT_VEHTYPE" speed="13.74" pos="186.75" lane="2/2to2/1_0" slope="0.00"/>
        <vehicle id="4" x="611.40" y="601.65" angle="-90.00" type="DEFAULT_VEHTYPE" speed="5.18" pos="188.60" lane="4/3to3/3_0" slope="0.00"/>
        <vehicle id="41" x="201.65" y="316.33" angle="180.00" type="DEFAULT_VEHTYPE" speed="12.79" pos="111.58" lane="1/1to1/2_0" slope="0.00"/>
        <vehicle id="42" x="757.64" y="601.65" angle="-90.00" type="DEFAULT_VEHTYPE" speed="12.79" pos="42.36" lane="4/3to3/3_0" slope="0.00"/>
        <vehicle id="43" x="398.35" y="381.80" angle="0.00" type="DEFAULT_VEHTYPE" speed="13.29" pos="13.45" lane="2/2to2/1_0" slope="0.00"/>
        <vehicle id="44" x="254.88" y="401.65" angle="-90.00" type="DEFAULT_VEHTYPE" speed="13.06" pos="140.37" lane="2/2to1/2_0" slope="0.00"/>
        <vehicle id="46" x="401.65" y="768.70" angle="180.00" type="DEFAULT_VEHTYPE" speed="13.58" pos="163.95" lane="2/3to2/4_0" slope="0.00"/>
        <vehicle id="47" x="31.83" y="398.35" angle="90.00" type="DEFAULT_VEHTYPE" speed="13.11" pos="31.83" lane="0/2to1/2_0" slope="0.00"/>
        <vehicle id="49" x="201.65" y="433.86" angle="180.00" type="DEFAULT_VEHTYPE" speed="13.86" pos="29.11" lane="1/2to1/3_0" slope="0.00"/>
        <vehicle id="6" x="201.65" y="483.09" angle="180.00" type="DEFAULT_VEHTYPE" speed="12.65" pos="78.34" lane="1/2to1/3_0" slope="0.00"/>
    </timestep>
    <timestep time="501.00">
        <vehicle id="1" x="282.10" y="201.65" angle="-90.00" type="DEFAULT_VEHTYPE" speed="13.07" pos="113.15" lane="2/1to1/1_0" slope="0.00"/>
        <vehicle id="11" x="398.35" y="690.96" angle="0.00" type="DEFAULT_VEHTYPE" speed="12.70" pos="109.04" lane="2/4to2/3_0" slope="0.00"/>
        <vehicle id="13" x="201.65" y="117.16" angle="180.00" type="DEFAULT_VEHTYPE" speed="13.46" pos="117.16" lane="1/0to1/1_0" slope="0.00"/>
        <vehicle id="17" x="398.35" y="747.70" angle="0.00" type="DEFAULT_VEHTYPE" speed="12.97" pos="52.30" lane="2/4to2/3_0" slope="0.00"/>
        <vehicle id="2" x="767.32" y="598.35" angle="90.00" type="DEFAULT_VEHTYPE" speed="12.68" pos="162.57" lane="3/3to4/3_0" slope="0.00"/>
        <vehicle id="21" x="332.90" y="598.35" angle="90.00" type="DEFAULT_VEHTYPE" speed="13.52" pos="128.15" lane="1/3to2/3_0" slope="0.00"/>
        <vehicle id="23" x="209.24" y="201.65" angle="-90.00" type="DEFAULT_VEHTYPE" speed="3.34" pos="186.01" lane="2/1to1/1_0" slope="0.00"/>
        <vehicle id="25" x="197.63" y="202.52" angle="-8.42" type="DEFAULT_VEHTYPE" speed="13.10" pos="2.39" lane=":1/1_0_0" slope="0.00"/>
        <vehicle id="27" x="401.65" y="623.83" angle="180.00" type="DEFAULT_VEHTYPE" speed="11.13" pos="19.08" lane="2/3to2/4_0" slope="0.00"/>
        <vehicle id="29" x="270.14" y="198.35" angle="90.00" type="DEFAULT_VEHTYPE" speed="12.82" pos="65.39" lane="1/1to2/1_0" slope="0.00"/>
        <vehicle id="3" x="398.35" y="436.85" angle="0.00" type="DEFAULT_VEHTYPE" speed="13.47" pos="158.40" lane="2/3to2/2_0" slope="0.00"/>
        <vehicle id="32" x="110.54" y="201.65" angle="-90.00" type="DEFAULT_VEHTYPE" speed="13.17" pos="84.71" lane="1/1to0/1_0" slope="0.00"/>
        <vehicle id="37" x="598.35" y="554.74" angle="0.00" type="DEFAULT_VEHTYPE" speed="13.22" pos="40.51" lane="3/3to3/2_0" slope="0.00"/>
        <vehicle id="38" x="391.36" y="201.65" angle="-88.23" type="DEFAULT_VEHTYPE" speed="12.64" pos="3.89" lane="2/1to1/1_0" slope="0.00"/>
        <vehicle id="4" x="603.69" y="601.50" angle="-88.26" type="DEFAULT_VEHTYPE" speed="7.72" pos="1.07" lane=":3/3_6_0" slope="0.00"/>
        <vehicle id="41" x="201.65" y="329.85" angle="180.00" type="DEFAULT_VEHTYPE" speed="13.52" pos="125.10" lane="1/1to1/2_0" slope="0.00"/>
        <vehicle id="42" x="745.02" y="601.65" angle="-90.00" type="DEFAULT_VEHTYPE" speed="12.62" pos="54.98" lane="4/3to3/3_0" slope="0.00"/>
        <vehicle id="43" x="398.35" y="368.75" angle="0.00" type="DEFAULT_VEHTYPE" speed="13.05" pos="26.50" lane="2/2to2/1_0" slope="0.00"/>
        <vehicle id="44" x="241.07" y="401.65" angle="-90.00" type="DEFAULT_VEHTYPE" speed="13.81" pos="154.18" lane="2/2to1/2_0" slope="0.00"/>
        <vehicle id="46" x="401.65" y="782.46" angle="180.00" type="DEFAULT_VEHTYPE" speed="13.76" pos="177.71" lane="2/3to2/4_0" slope="0.00"/>
        <vehicle id="47" x="44.60" y="398.35" angle="90.00" type="DEFAULT_VEHTYPE" speed="12.78" pos="44.60" lane="0/2to1/2_0" slope="0.00"/>
        <vehicle id="49" x="201.65" y="447.35" angle="180.00" type="DEFAULT_VEHTYPE" speed="13.49" pos="42.60" lane="1/2to1/3_0" slope="0.00"/>
        <vehicle id="6" x="201.65" y="496.70" angle="180.00" type="DEFAULT_VEHTYPE" speed="13.61" pos="91.95" lane="1/2to1/3_0" slope="0.00"/>
    </timestep>
    <timestep time="502.00">
        <vehicle id="1" x="268.92" y="201.65" angle="-90.00" type="DEFAULT_VEHTYPE" speed="13.18" pos="126.33" lane="2/1to1/1_0" slope="0.00"/>
        <vehicle id="11" x="398.35" y="677.59" angle="0.00" type="DEFAULT_VEHTYPE" speed="13.37" pos="122.41" lane="2/4to2/3_0" slope="0.00"/>
        <vehicle id="13" x="201.65" y="130.75" angle="180.00" type="DEFAULT_VEHTYPE" speed="13.59" pos="130.75" lane="1/0to1/1_0" slope="0.00"/>
        <vehicle id="17" x="398.35" y="733.87" angle="0.00" type="DEFAULT_VEHTYPE" speed="13.83" pos="66.13" lane="2/4to2/3_0" slope="0.00"/>
        <vehicle id="2" x="780.34" y="598.35" angle="90.00" type="DEFAULT_VEHTYPE" speed="13.02" pos="175.59" lane="3/3to4/3_0" slope="0.00"/>
        <vehicle id="21" x="345.85" y="598.35" angle="90.00" type="DEFAULT_VEHTYPE" speed="12.95" pos="141.10" lane="1/3to2/3_0" slope="0.00"/>
        <vehicle id="23" x="204.04" y="201.75" angle="-91.14" type="DEFAULT_VEHTYPE" speed="5.21" pos="0.72" lane=":1/1_4_0" slope="0.00"/>
        <vehicle id="25" x="184.07" y="201.65" angle="-90.00" type="DEFAULT_VEHTYPE" speed="13.79" pos="11.18" lane="1/1to0/1_0" slope="0.00"/>
        <vehicle id="27" x="401.65" y="636.74" angle="180.00" type="DEFAULT_VEHTYPE" speed="12.90" pos="31.99" lane="2/3to2/4_0" slope="0.00"/>
        <vehicle id="29" x="283.57" y="198.35" angle="90.00" type="DEFAULT_VEHTYPE" speed="13.43" pos="78.82" lane="1/1to2/1_0" slope="0.00"/>
        <vehicle id="3" x="398.35" y="423.83" angle="0.00" type="DEFAULT_VEHTYPE" speed="13.02" pos="171.42" lane="2/3to2/2_0" slope="0.00"/>
        <vehicle id="32" x="97.60" y="201.65" angle="-90.00" type="DEFAULT_VEHTYPE" speed="12.94" pos="97.65" lane="1/1to0/1_0" slope="0.00"/>
        <vehicle id="37" x="598.35" y="541.71" angle="0.00" type="DEFAULT_VEHTYPE" speed="13.04" pos="53.54" lane="3/3to3/2_0" slope="0.00"/>
        <vehicle id="38" x="377.64" y="201.65" angle="-90.00" type="DEFAULT_VEHTYPE" speed="13.72" pos="17.61" lane="2/1to1/1_0" slope="0.00"/>
        <vehicle id="4" x="598.35" y="594.83" angle="-15.40" type="DEFAULT_VEHTYPE" speed="9.67" pos="0.42" lane="3/3to3/2_0" slope="0.00"/>
        <vehicle id="41" x="201.65" y="342.96" angle="180.00" type="DEFAULT_VEHTYPE" speed="13.11" pos="138.21" lane="1/1to1/2_0" slope="0.00"/>
        <vehicle id="42" x="732.22" y="601.65" angle="-90.00" type="DEFAULT_VEHTYPE" speed="12.80" pos="67.78" lane="4/3to3/3_0" slope="0.00"/>
        <vehicle id="43" x="398.35" y="355.67" angle="0.00" type="DEFAULT_VEHTYPE" speed="13.08" pos="39.58" lane="2/2to2/1_0" slope="0.00"/>
        <vehicle id="44" x="228.20" y="401.65" angle="-90.00" type="DEFAULT_VEHTYPE" speed="12.87" pos="167.05" lane="2/2to1/2_0" slope="0.00"/>
        <vehicle id="46" x="401.65" y="796.19" angle="180.00" type="DEFAULT_VEHTYPE" speed="13.73" pos="191.44" lane="2/3to2/4_0" slope="0.00"/>
        <vehicle id="47" x="57.36" y="398.35" angle="90.00" type="DEFAULT_VEHTYPE" speed="12.76" pos="57.36" lane="0/2to1/2_0" slope="0.00"/>
        <vehicle id="49" x="201.65" y="460.43" angle="180.00" type="DEFAULT_VEHTYPE" speed="13.09" pos="55.68" lane="1/2to1/3_0" slope="0.00"/>
        <vehicle id="6" x="201.65" y="510.13" angle="180.00" type="DEFAULT_VEHTYPE" speed="13.43" pos="105.38" lane="1/2to1/3_0" slope="0.00"/>
    </timestep>
    <timestep time="503.00">
        <vehicle id="1" x="255.35" y="201.65" angle="-90.00" type="DEFAULT_VEHTYPE" speed="13.57" pos="139.90" lane="2/1to1/1_0" slope="0.00"/>
        <vehicle id="11" x="398.35" y="663.75" angle="0.00" type="DEFAULT_VEHTYPE" speed="13.84" pos="136.25" lane="2/4to2/3_0" slope="0.00"/>
        <vehicle id="13" x="201.65" y="143.67" angle="180.00" type="DEFAULT_VEHTYPE" speed="12.92" pos="143.67" lane="1/0to1/1_0" slope="0.00"/>
        <vehicle id="17" x="398.35" y="720.30" angle="0.00" type="DEFAULT_VEHTYPE" speed="13.57" pos="79.70" lane="2/4to2/3_0" slope="0.00"/>
        <vehicle id="2" x="792.96" y="598.35" angle="90.00" type="DEFAULT_VEHTYPE" speed="12.63" pos="188.21" lane="3/3to4/3_0" slope="0.00"/>
        <vehicle id="21" x="358.50" y="598.35" angle="90.00" type="DEFAULT_VEHTYPE" speed="12.64" pos="153.75" lane="1/3to2/3_0" slope="0.00"/>
        <vehicle id="23" x="201.65" y="207.29" angle="-171.16" type="DEFAULT_VEHTYPE" speed="6.82" pos="2.54" lane="1/1to1/2_0" slope="0.00"/>
        <vehicle id="25" x="170.60" y="201.65" angle="-90.00" type="DEFAULT_VEHTYPE" speed="13.47" pos="24.65" lane="1/1to0/1_0" slope="0.00"/>
        <vehicle id="27" x="401.65" y="650.51" angle="180.00" type="DEFAULT_VEHTYPE" speed="13.77" pos="45.76" lane="2/3to2/4_0" slope="0.00"/>
        <vehicle id="29" x="296.97" y="198.35" angle="90.00" type="DEFAULT_VEHTYPE" speed="13.40" pos="92.22" lane="1/1to2/1_0" slope="0.00"/>
        <vehicle id="3" x="398.35" y="410.91" angle="0.00" type="DEFAULT_VEHTYPE" speed="12.92" pos="184.34" lane="2/3to2/2_0" slope="0.00"/>
        <vehicle id="32" x="84.09" y="201.65" angle="-90.00" type="DEFAULT_VEHTYPE" speed="13.51" pos="111.16" lane="1/1to0/1_0" slope="0.00"/>
        <vehicle id="37" x="598.35" y="528.07" angle="0.00" type="DEFAULT_VEHTYPE" speed="13.64" pos="67.18" lane="3/3to3/2_0" slope="0.00"/>
        <vehicle id="38" x="365.00" y="201.65" angle="-90.00" type="DEFAULT_VEHTYPE" speed="12.64" pos="30.25" lane="2/1to1/1_0" slope="0.00"/>
        <vehicle id="4" x="598.35" y="583.50" angle="0.00" type="DEFAULT_VEHTYPE" speed="11.33" pos="11.75" lane="3/3to3/2_0" slope="0.00"/>
        <vehicle id="41" x="201.65" y="356.29" angle="180.00" type="DEFAULT_VEHTYPE" speed="13.33" pos="151.54" lane="1/1to1/2_0" slope="0.00"/>
        <vehicle id="42" x="718.50" y="601.65" angle="-90.00" type="DEFAULT_VEHTYPE" speed="13.71" pos="81.50" lane="4/3to3/3_0" slope="0.00"/>
        <vehicle id="43" x="398.35" y="342.23" angle="0.00" type="DEFAULT_VEHTYPE" speed="13.44" pos="53.02" lane="2/2to2/1_0" slope="0.00"/>
        <vehicle id="44" x="218.85" y="401.65" angle="-90.00" type="DEFAULT_VEHTYPE" speed="9.34" pos="176.40" lane="2/2to1/2_0" slope="0.00"/>
        <vehicle id="46" x="398.35" y="795.46" angle="-2.97" type="DEFAULT_VEHTYPE" speed="13.17" pos="4.54" lane="2/4to2/3_0" slope="0.00"/>
        <vehicle id="47" x="70.27" y="398.35" angle="90.00" type="DEFAULT_VEHTYPE" speed="12.92" pos="70.27" lane="0/2to1/2_0" slope="0.00"/>
        <vehicle id="49" x="201.65" y="473.39" angle="180.00" type="DEFAULT_VEHTYPE" speed="12.96" pos="68.64" lane="1/2to1/3_0" slope="0.00"/>
        <vehicle id="6" x="201.65" y="523.95" angle="180.00" type="DEFAULT_VEHTYPE" speed="13.82" pos="119.20" lane="1/2to1/3_0" slope="0.00"/>
    </timestep>
    <timestep time="504.00">
        <vehicle id="1" x="242.14" y="201.65" angle="-90.00" type="DEFAULT_VEHTYPE" speed="13.21" pos="153.11" lane="2/1to1/1_0" slope="0.00"/>
        <vehicle id="11" x="398.35" y="649.89" angle="0.00" type="DEFAULT_VEHTYPE" speed="13.86" pos="150.11" lane="2/4to2/3_0" slope="0.00"/>
        <vehicle id="13" x="201.65" y="156.66" angle="180.00" type="DEFAULT_VEHTYPE" speed="12.99" pos="156.66" lane="1/0to1/1_0" slope="0.00"/>
        <vehicle id="17" x="398.35" y="707.39" angle="0.00" type="DEFAULT_VEHTYPE" speed="12.91" pos="92.61" lane="2/4to2/3_0" slope="0.00"/>
        <vehicle id="2" x="798.52" y="601.65" angle="-135.12" type="DEFAULT_VEHTYPE" speed="13.34" pos="1.48" lane="4/3to3/3_0" slope="0.00"/>
        <vehicle id="21" x="371.61" y="598.35" angle="90.00" type="DEFAULT_VEHTYPE" speed="13.12" pos="166.86" lane="1/3to2/3_0" slope="0.00"/>
        <vehicle id="23" x="201.65" y="216.42" angle="180.00" type="DEFAULT_VEHTYPE" speed="9.12" pos="11.67" lane="1/1to1/2_0" slope="0.00"/>
        <vehicle id="25" x="156.80" y="201.65" angle="-90.00" type="DEFAULT_VEHTYPE" speed="13.80" pos="38.45" lane="1/1to0/1_0" slope="0.00"/>
        <vehicle id="27" x="401.65" y="663.51" angle="180.00" type="DEFAULT_VEHTYPE" speed="13.00" pos="58.76" lane="2/3to2/4_0" slope="0.00"/>
        <vehicle id="29" x="310.73" y="198.35" angle="90.00" type="DEFAULT_VEHTYPE" speed="13.76" pos="105.98" lane="1/1to2/1_0" slope="0.00"/>
        <vehicle id="3" x="398.35" y="397.65" angle="0.00" type="DEFAULT_VEHTYPE" speed="13.26" pos="7.10" lane=":2/2_1_0" slope="0.00"/>
        <vehicle id="32" x="70.85" y="201.65" angle="-90.00" type="DEFAULT_VEHTYPE" speed="13.24" pos="124.40" lane="1/1to0/1_0" slope="0.00"/>
        <vehicle id="37" x="598.35" y="514.45" angle="0.00" type="DEFAULT_VEHTYPE" speed="13.62" pos="80.80" lane="3/3to3/2_0" slope="0.00"/>
        <vehicle id="38" x="351.41" y="201.65" angle="-90.00" type="DEFAULT_VEHTYPE" speed="13.59" pos="43.84" lane="2/1to1/1_0" slope="0.00"/>
        <vehicle id="4" x="598.35" y="570.16" angle="0.00" type="DEFAULT_VEHTYPE" speed="13.34" pos="25.09" lane="3/3to3/2_0" slope="0.00"/>
        <vehicle id="41" x="201.65" y="369.33" angle="180.00" type="DEFAULT_VEHTYPE" speed="13.04" pos="164.58" lane="1/1to1/2_0" slope="0.00"/>
        <vehicle id="42" x="705.33" y="601.65" angle="-90.00" type="DEFAULT_VEHTYPE" speed="13.18" pos="94.67" lane="4/3to3/3_0" slope="0.00"/>
        <vehicle id="43" x="398.35" y="328.61" angle="0.00" type="DEFAULT_VEHTYPE" speed="13.62" pos="66.64" lane="2/2to2/1_0" slope="0.00"/>
        <vehicle id="44" x="212.40" y="401.65" angle="-90.00" type="DEFAULT_VEHTYPE" speed="6.46" pos="182.85" lane="2/2to1/2_0" slope="0.00"/>
        <vehicle id="46" x="398.35" y="782.02" angle="0.00" type="DEFAULT_VEHTYPE" speed="13.43" pos="17.98" lane="2/4to2/3_0" slope="0.00"/>
        <vehicle id="47" x="83.17" y="398.35" angle="90.00" type="DEFAULT_VEHTYPE" speed="12.90" pos="83.17" lane="0/2to1/2_0" slope="0.00"/>
        <vehicle id="49" x="201.65" y="487.19" angle="180.00" type="DEFAULT_VEHTYPE" speed="13.79" pos="82.44" lane="1/2to1/3_0" slope="0.00"/>
        <vehicle id="6" x="201.65" y="536.91" angle="180.00" type="DEFAULT_VEHTYPE" speed="12.96" pos="132.16" lane="1/2to1/3_0" slope="0.00"/>
    </timestep>
    <timestep time="505.00">
        <vehicle id="1" x="229.36" y="201.65" angle="-90.00" type="DEFAULT_VEHTYPE" speed="12.78" pos="165.89" lane="2/1to1/1_0" slope="0.00"/>
        <vehicle id="11" x="398.35" y="637.10" angle="0.00" type="DEFAULT_VEHTYPE" speed="12.79" pos="162.90" lane="2/4to2/3_0" slope="0.00"/>
        <vehicle id="13" x="201.65" y="170.24" angle="180.00" type="DEFAULT_VEHTYPE" speed="13.58" pos="170.24" lane="1/0to1/1_0" slope="0.00"/>
        <vehicle id="17" x="398.35" y="694.59" angle="0.00" type="DEFAULT_VEHTYPE" speed="12.80" pos="105.41" lane="2/4to2/3_0" slope="0.00"/>
        <vehicle id="2" x="784.92" y="601.65" angle="-90.00" type="DEFAULT_VEHTYPE" speed="13.59" pos="15.08" lane="4/3to3/3_0" slope="0.00"/>
        <vehicle id="21" x="381.37" y="598.35" angle="90.00" type="DEFAULT_VEHTYPE" speed="9.76" pos="176.62" lane="1/3to2/3_0" slope="0.00"/>
        <vehicle id="23" x="201.65" y="227.41" angle="180.00" type="DEFAULT_VEHTYPE" speed="10.99" pos="22.66" lane="1/1to1/2_0" slope="0.00"/>
        <vehicle id="25" x="144.16" y="201.65" angle="-90.00" type="DEFAULT_VEHTYPE" speed="12.64" pos="51.09" lane="1/1to0/1_0" slope="0.00"/>
        <vehicle id="27" x="401.65" y="676.42" angle="180.00" type="DEFAULT_VEHTYPE" speed="12.91" pos="71.67" lane="2/3to2/4_0" slope="0.00"/>
        <vehicle id="29" x="323.48" y="198.35" angle="90.00" type="DEFAULT_VEHTYPE" speed="12.75" pos="118.73" lane="1/1to2/1_0" slope="0.00"/>
        <vehicle id="3" x="398.35" y="384.78" angle="0.00" type="DEFAULT_VEHTYPE" speed="12.87" pos="10.47" lane="2/2to2/1_0" slope="0.00"/>
        <vehicle id="32" x="57.60" y="201.65" angle="-90.00" type="DEFAULT_VEHTYPE" speed="13.25" pos="137.65" lane="1/1to0/1_0" slope="0.00"/>
        <vehicle id="37" x="598.35" y="501.55" angle="0.00" type="DEFAULT_VEHTYPE" speed="12.90" pos="93.70" lane="3/3to3/2_0" slope="0.00"/>
        <vehicle id="38" x="337.71" y="201.65" angle="-90.00" type="DEFAULT_VEHTYPE" speed="13.70" pos="57.54" lane="2/1to1/1_0" slope="0.00"/>
        <vehicle id="4" x="598.35" y="556.70" angle="0.00" type="DEFAULT_VEHTYPE" speed="13.46" pos="38.55" lane="3/3to3/2_0" slope="0.00"/>
        <vehicle id="41" x="201.65" y="382.51" angle="180.00" type="DEFAULT_VEHTYPE" speed="13.18" pos="177.76" lane="1/1to1/2_0" slope="0.00"/>
        <vehicle id="42" x="692.23" y="601.65" angle="-90.00" type="DEFAULT_VEHTYPE" speed="13.09" pos="107.77" lane="4/3to3/3_0" slope="0.00"/>
        <vehicle id="43" x="398.35" y="315.39" angle="0.00" type="DEFAULT_VEHTYPE" speed="13.23" pos="79.86" lane="2/2to2/1_0" slope="0.00"/>
        <vehicle id="44" x="209.88" y="401.65" angle="-90.00" type="DEFAULT_VEHTYPE" speed="2.52" pos="185.37" lane="2/2to1/2_0" slope="0.00"/>
        <vehicle id="46" x="398.35" y="768.65" angle="0.00" type="DEFAULT_VEHTYPE" speed="13.37" pos="31.35" lane="2/4to2/3_0" slope="0.00"/>
        <vehicle id="47" x="95.97" y="398.35" angle="90.00" type="DEFAULT_VEHTYPE" speed="12.79" pos="95.97" lane="0/2to1/2_0" slope="0.00"/>
        <vehicle id="49" x="201.65" y="500.08" angle="180.00" type="DEFAULT_VEHTYPE" speed="12.90" pos="95.33" lane="1/2to1/3_0" slope="0.00"/>
        <vehicle id="6" x="201.65" y="550.70" angle="180.00" type="DEFAULT_VEHTYPE" speed="13.79" pos="145.95" lane="1/2to1/3_0" slope="0.00"/>
    </timestep>
    <timestep time="506.00">
        <vehicle id="1" x="219.94" y="201.65" angle="-90.00" type="DEFAULT_VEHTYPE" speed="9.41" pos="175.31" lane="2/1to1/1_0" slope="0.00"/>
        <vehicle id="11" x="398.35" y="623.65" angle="0.00" type="DEFAULT_VEHTYPE" speed="13.45" pos="176.35" lane="2/4to2/3_0" slope="0.00"/>
        <vehicle id="13" x="201.65" y="183.71" angle="180.00" type="DEFAULT_VEHTYPE" speed="13.47" pos="183.71" lane="1/0to1/1_0" slope="0.00"/>
        <vehicle id="17" x="398.35" y="680.90" angle="0.00" type="DEFAULT_VEHTYPE" speed="13.69" pos="119.10" lane="2/4to2/3_0" slope="0.00"/>
        <vehicle id="2" x="771.83" y="601.65" angle="-90.00" type="DEFAULT_VEHTYPE" speed="13.09" pos="28.17" lane="4/3to3/3_0" slope="0.00"/>
        <vehicle id="21" x="386.86" y="598.35" angle="90.00" type="DEFAULT_VEHTYPE" speed="5.49" pos="182.11" lane="1/3to2/3_0" slope="0.00"/>
        <vehicle id="23" x="201.65" y="240.16" angle="180.00" type="DEFAULT_VEHTYPE" speed="12.76" pos="35.41" lane="1/1to1/2_0" slope="0.00"/>
        <vehicle id="25" x="131.26" y="201.65" angle="-90.00" type="DEFAULT_VEHTYPE" speed="12.90" pos="63.99" lane="1/1to0/1_0" slope="0.00"/>
        <vehicle id="27" x="401.65" y="689.20" angle="180.00" type="DEFAULT_VEHTYPE" speed="12.78" pos="84.45" lane="2/3to2/4_0" slope="0.00"/>
        <vehicle id="29" x="337.17" y="198.35" angle="90.00" type="DEFAULT_VEHTYPE" speed="13.69" pos="132.42" lane="1/1to2/1_0" slope="0.00"/>
        <vehicle id="3" x="398.35" y="370.96" angle="0.00" type="DEFAULT_VEHTYPE" speed="13.82" pos="24.29" lane="2/2to2/1_0" slope="0.00"/>
        <vehicle id="32" x="44.88" y="201.65" angle="-90.00" type="DEFAULT_VEHTYPE" speed="12.72" pos="150.37" lane="1/1to0/1_0" slope="0.00"/>
        <vehicle id="37" x="598.35" y="488.83" angle="0.00" type="DEFAULT_VEHTYPE" speed="12.72" pos="106.42" lane="3/3to3/2_0" slope="0.00"/>
        <vehicle id="38" x="324.89" y="201.65" angle="-90.00" type="DEFAULT_VEHTYPE" speed="12.82" pos="70.36" lane="2/1to1/1_0" slope="0.00"/>
        <vehicle id="4" x="598.35" y="543.18" angle="0.00" type="DEFAULT_VEHTYPE" speed="13.52" pos="52.07" lane="3/3to3/2_0" slope="0.00"/>
        <vehicle id="41" x="201.65" y="395.92" angle="180.00" type="DEFAULT_VEHTYPE" speed="13.41" pos="0.67" lane=":1/2_9_0" slope="0.00"/>
        <vehicle id="42" x="679.26" y="601.65" angle="-90.00" type="DEFAULT_VEHTYPE" speed="12.98" pos="120.74" lane="4/3to3/3_0" slope="0.00"/>
        <vehicle id="43" x="398.35" y="301.62" angle="0.00" type="DEFAULT_VEHTYPE" speed="13.77" pos="93.63" lane="2/2to2/1_0" slope="0.00"/>
        <vehicle id="44" x="208.38" y="401.65" angle="-90.00" type="DEFAULT_VEHTYPE" speed="1.50" pos="186.87" lane="2/2to1/2_0" slope="0.00"/>
        <vehicle id="46" x="398.35" y="755.24" angle="0.00" type="DEFAULT_VEHTYPE" speed="13.41" pos="44.76" lane="2/4to2/3_0" slope="0.00"/>
        <vehicle id="47" x="109.55" y="398.35" angle="90.00" type="DEFAULT_VEHTYPE" speed="13.59" pos="109.55" lane="0/2to1/2_0" slope="0.00"/>
        <vehicle id="49" x="201.65" y="512.75" angle="180.00" type="DEFAULT_VEHTYPE" speed="12.67" pos="108.00" lane="1/2to1/3_0" slope="0.00"/>
        <vehicle id="6" x="201.65" y="564.45" angle="180.00" type="DEFAULT_VEHTYPE" speed="13.74" pos="159.70" lane="1/2to1/3_0" slope="0.00"/>
    </timestep>
    <timestep time="507.00">
        <vehicle id="1" x="213.72" y="201.65" angle="-90.00" type="DEFAULT_VEHTYPE" speed="6.23" pos="181.53" lane="2/1to1/1_0" slope="0.00"/>
        <vehicle id="11" x="398.35" y="610.08" angle="0.00" type="DEFAULT_VEHTYPE" speed="13.56" pos="189.92" lane="2/4to2/3_0" slope="0.00"/>
        <vehicle id="13" x="201.82" y="196.43" angle="178.10" type="DEFAULT_VEHTYPE" speed="12.74" pos="1.19" lane=":1/1_8_0" slope="0.00"/>
        <vehicle id="17" x="398.35" y="667.59" angle="0.00" type="DEFAULT_VEHTYPE" speed="13.31" pos="132.41" lane="2/4to2/3_0" slope="0.00"/>
        <vehicle id="2" x="758.37" y="601.65" angle="-90.00" type="DEFAULT_VEHTYPE" speed="13.46" pos="41.63" lane="4/3to3/3_0" slope="0.00"/>
        <vehicle id="21" x="390.44" y="598.35" angle="90.00" type="DEFAULT_VEHTYPE" speed="3.58" pos="185.69" lane="1/3to2/3_0" slope="0.00"/>
        <vehicle id="23" x="201.65" y="252.99" angle="180.00" type="DEFAULT_VEHTYPE" speed="12.82" pos="48.24" lane="1/1to1/2_0" slope="0.00"/>
        <vehicle id="25" x="117.94" y="201.65" angle="-90.00" type="DEFAULT_VEHTYPE" speed="13.32" pos="77.31" lane="1/1to0/1_0" slope="0.00"/>
        <vehicle id="27" x="401.65" y="702.32" angle="180.00" type="DEFAULT_VEHTYPE" speed="13.12" pos="97.57" lane="2/3to2/4_0" slope="0.00"/>
        <vehicle id="29" x="350.22" y="198.35" angle="90.00" type="DEFAULT_VEHTYPE" speed="13.05" pos="145.47" lane="1/1to2/1_0" slope="0.00"/>
        <vehicle id="3" x="398.35" y="357.69" angle="0.00" type="DEFAULT_VEHTYPE" speed="13.28" pos="37.56" lane="2/2to2/1_0" slope="0.00"/>
        <vehicle id="32" x="31.00" y="201.65" angle="-90.00" type="DEFAULT_VEHTYPE" speed="13.88" pos="164.25" lane="1/1to0/1_0" slope="0.00"/>
        <vehicle id="37" x="598.35" y="476.06" angle="0.00" type="DEFAULT_VEHTYPE" speed="12.77" pos="119.19" lane="3/3to3/2_0" slope="0.00"/>
        <vehicle id="38" x="312.25" y="201.65" angle="-90.00" type="DEFAULT_VEHTYPE" speed="12.63" pos="83.00" lane="2/1to1/1_0" slope="0.00"/>
        <vehicle id="4" x="598.35" y="530.34" angle="0.00" type="DEFAULT_VEHTYPE" speed="12.84" pos="64.91" lane="3/3to3/2_0" slope="0.00"/>
        <vehicle id="41" x="201.65" y="409.03" angle="180.00" type="DEFAULT_VEHTYPE" speed="13.11" pos="4.28" lane="1/2to1/3_0" slope="0.00"/>
        <vehicle id="42" x="665.99" y="601.65" angle="-90.00" type="DEFAULT_VEHTYPE" speed="13.26" pos="134.01" lane="4/3to3/3_0" slope="0.00"/>
        <vehicle id="43" x="398.35" y="288.17" angle="0.00" type="DEFAULT_VEHTYPE" speed="13.45" pos="107.08" lane="2/2to2/1_0" slope="0.00"/>
        <vehicle id="44" x="206.81" y="401.65" angle="-90.00" type="DEFAULT_VEHTYPE" speed="1.57" pos="188.44" lane="2/2to1/2_0" slope="0.00"/>
        <vehicle id="46" x="398.35" y="742.08" angle="0.00" type="DEFAULT_VEHTYPE" speed="13.16" pos="57.92" lane="2/4to2/3_0" slope="0.00"/>
        <vehicle id="47" x="122.86" y="398.35" angle="90.00" type="DEFAULT_VEHTYPE" speed="13.30" pos="122.86" lane="0/2to1/2_0" slope="0.00"/>
        <vehicle id="49" x="201.65" y="525.86" angle="180.00" type="DEFAULT_VEHTYPE" speed="13.11" pos="121.11" lane="1/2to1/3_0" slope="0.00"/>
        <vehicle id="6" x="201.65" y="578.12" angle="180.00" type="DEFAULT_VEHTYPE" speed="13.68" pos="173.37" lane="1/2to1/3_0" slope="0.00"/>
    </timestep>
    <timestep time="508.00">
        <vehicle id="1" x="209.82" y="201.65" angle="-90.00" type="DEFAULT_VEHTYPE" speed="3.89" pos="185.43" lane="2/1to1/1_0" slope="0.00"/>
        <vehicle id="11" x="398.35" y="596.58" angle="0.00" type="DEFAULT_VEHTYPE" speed="13.50" pos="8.17" lane=":2/3_1_0" slope="0.00"/>
        <vehicle id="13" x="213.58" y="198.35" angle="90.00" type="DEFAULT_VEHTYPE" speed="12.64" pos="8.83" lane="1/1to2/1_0" slope="0.00"/>
        <vehicle id="17" x="398.35" y="654.69" angle="0.00" type="DEFAULT_VEHTYPE" speed="12.90" pos="145.31" lane="2/4to2/3_0" slope="0.00"/>
        <vehicle id="2" x="745.46" y="601.65" angle="-90.00" type="DEFAULT_VEHTYPE" speed="12.91" pos="54.54" lane="4/3to3/3_0" slope="0.00"/>
        <vehicle id="21" x="391.84" y="598.35" angle="90.00" type="DEFAULT_VEHTYPE" speed="1.40" pos="187.09" lane="1/3to2/3_0" slope="0.00"/>
        <vehicle id="23" x="201.65" y="266.66" angle="180.00" type="DEFAULT_VEHTYPE" speed="13.67" pos="61.91" lane="1/1to1/2_0" slope="0.00"/>
        <vehicle id="25" x="104.53" y="201.65" angle="-90.00" type="DEFAULT_VEHTYPE" speed="13.40" pos="90.72" lane="1/1to0/1_0" slope="0.00"/>
        <vehicle id="27" x="401.65" y="714.92" angle="180.00" type="DEFAULT_VEHTYPE" speed="12.60" pos="110.17" lane="2/3to2/4_0" slope="0.00"/>
        <vehicle id="29" x="363.58" y="198.35" angle="90.00" type="DEFAULT_VEHTYPE" speed="13.36" pos="158.83" lane="1/1to2/1_0" slope="0.00"/>
        <vehicle id="3" x="398.35" y="344.62" angle="0.00" type="DEFAULT_VEHTYPE" speed="13.07" pos="50.63" lane="2/2to2/1_0" slope="0.00"/>
        <vehicle id="32" x="17.80" y="201.65" angle="-90.00" type="DEFAULT_VEHTYPE" speed="13.20" pos="177.45" lane="1/1to0/1_0" slope="0.00"/>
        <vehicle id="37" x="598.35" y="463.25" angle="0.00" type="DEFAULT_VEHTYPE" speed="12.80" pos="132.00" lane="3/3to3/2_0" slope="0.00"/>
        <vehicle id="38" x="298.85" y="201.65" angle="-90.00" type="DEFAULT_VEHTYPE" speed="13.40" pos="96.40" lane="2/1to1/1_0" slope="0.00"/>
        <vehicle id="4" x="598.35" y="517.44" angle="0.00" type="DEFAULT_VEHTYPE" speed="12.90" pos="77.81" lane="3/3to3/2_0" slope="0.00"/>
        <vehicle id="41" x="201.65" y="422.78" angle="180.00" type="DEFAULT_VEHTYPE" speed="13.75" pos="18.03" lane="1/2to1/3_0" slope="0.00"/>
        <vehicle id="42" x="652.69" y="601.65" angle="-90.00" type="DEFAULT_VEHTYPE" speed="13.30" pos="147.31" lane="4/3to3/3_0" slope="0.00"/>
        <vehicle id="43" x="398.35" y="275.01" angle="0.00" type="DEFAULT_VEHTYPE" speed="13.16" pos="120.24" lane="2/2to2/1_0" slope="0.00"/>
        <vehicle id="44" x="203.01" y="401.40" angle="-87.15" type="DEFAULT_VEHTYPE" speed="3.81" pos="1.75" lane=":1/2_6_0" slope="0.00"/>
        <vehicle id="46" x="398.35" y="728.28" angle="0.00" type="DEFAULT_VEHTYPE" speed="13.80" pos="71.72" lane="2/4to2/3_0" slope="0.00"/>
        <vehicle id="47" x="135.69" y="398.35" angle="90.00" type="DEFAULT_VEHTYPE" speed="12.83" pos="135.69" lane="0/2to1/2_0" slope="0.00"/>
        <vehicle id="49" x="201.65" y="539.11" angle="180.00" type="DEFAULT_VEHTYPE" speed="13.25" pos="134.36" lane="1/2to1/3_0" slope="0.00"/>
        <vehicle id="6" x="201.65" y="591.89" angle="180.00" type="DEFAULT_VEHTYPE" speed="13.76" pos="187.14" lane="1/2to1/3_0" slope="0.00"/>
    </timestep>
    <timestep time="509.00">
        <vehicle id="1" x="203.94" y="201.76" angle="-91.30" type="DEFAULT_VEHTYPE" speed="5.89" pos="0.82" lane=":1/1_4_0" slope="0.00"/>
        <vehicle id="11" x="398.35" y="583.35" angle="0.00" type="DEFAULT_VEHTYPE" speed="13.22" pos="11.90" lane="2/3to2/2_0" slope="0.00"/>
        <vehicle id="13" x="226.51" y="198.35" angle="90.00" type="DEFAULT_VEHTYPE" speed="12.93" pos="21.76" lane="1/1to2/1_0" slope="0.00"/>
        <vehicle id="17" x="398.35" y="641.56" angle="0.00" type="DEFAULT_VEHTYPE" speed="13.13" pos="158.44" lane="2/4to2/3_0" slope="0.00"/>
        <vehicle id="2" x="732.25" y="601.65" angle="-90.00" type="DEFAULT_VEHTYPE" speed="13.22" pos="67.75" lane="4/3to3/3_0" slope="0.00"/>
        <vehicle id="21" x="392.29" y="598.35" angle="90.00" type="DEFAULT_VEHTYPE" speed="0.45" pos="187.54" lane="1/3to2/3_0" slope="0.00"/>
        <vehicle id="23" x="201.65" y="280.20" angle="180.00" type="DEFAULT_VEHTYPE" speed="13.55" pos="75.45" lane="1/1to1/2_0" slope="0.00"/>
        <vehicle id="25" x="91.41" y="201.65" angle="-90.00" type="DEFAULT_VEHTYPE" speed="13.13" pos="103.84" lane="1/1to0/1_0" slope="0.00"/>
        <vehicle id="27" x="401.65" y="727.87" angle="180.00" type="DEFAULT_VEHTYPE" speed="12.95" pos="123.12" lane="2/3to2/4_0" slope="0.00"/>
        <vehicle id="29" x="375.84" y="198.35" angle="90.00" type="DEFAULT_VEHTYPE" speed="12.25" pos="171.09" lane="1/1to2/1_0" slope="0.00"/>
        <vehicle id="3" x="398.35" y="331.26" angle="0.00" type="DEFAULT_VEHTYPE" speed="13.36" pos="63.99" lane="2/2to2/1_0" slope="0.00"/>
        <vehicle id="32" x="4.04" y="201.65" angle="-90.00" type="DEFAULT_VEHTYPE" speed="13.75" pos="191.21" lane="1/1to0/1_0" slope="0.00"/>
        <vehicle id="37" x="598.35" y="450.43" angle="0.00" type="DEFAULT_VEHTYPE" speed="12.83" pos="144.82" lane="3/3to3/2_0" slope="0.00"/>
        <vehicle id="38" x="285.50" y="201.65" angle="-90.00" type="DEFAULT_VEHTYPE" speed="13.35" pos="109.75" lane="2/1to1/1_0" slope="0.00"/>
        <vehicle id="4" x="598.35" y="504.76" angle="0.00" type="DEFAULT_VEHTYPE" speed="12.67" pos="90.49" lane="3/3to3/2_0" slope="0.00"/>
        <vehicle id="41" x="201.65" y="436.23" angle="180.00" type="DEFAULT_VEHTYPE" speed="13.45" pos="31.48" lane="1/2to1/3_0" slope="0.00"/>
        <vehicle id="42" x="638.94" y="601.65" angle="-90.00" type="DEFAULT_VEHTYPE" speed="13.75" pos="161.06" lane="4/3to3/3_0" slope="0.00"/>
        <vehicle id="43" x="398.35" y="261.29" angle="0.00" type="DEFAULT_VEHTYPE" speed="13.72" pos="133.96" lane="2/2to2/1_0" slope="0.00"/>
        <vehicle id="44" x="198.70" y="397.68" angle="-42.19" type="DEFAULT_VEHTYPE" speed="6.11" pos="7.87" lane=":1/2_6_0" slope="0.00"/>
        <vehicle id="46" x="398.35" y="714.88" angle="0.00" type="DEFAULT_VEHTYPE" speed="13.40" pos="85.12" lane="2/4to2/3_0" slope="0.00"/>
        <vehicle id="47" x="148.47" y="398.35" angle="90.00" type="DEFAULT_VEHTYPE" speed="12.78" pos="148.47" lane="0/2to1/2_0" slope="0.00"/>
        <vehicle id="49" x="201.65" y="552.73" angle="180.00" type="DEFAULT_VEHTYPE" speed="13.62" pos="147.98" lane="1/2to1/3_0" slope="0.00"/>
        <vehicle id="6" x="209.86" y="598.35" angle="90.00" type="DEFAULT_VEHTYPE" speed="13.48" pos="5.11" lane="1/3to2/3_0" slope="0.00"/>
    </timestep>
    <timestep time="510.00">
        <vehicle id="1" x="201.65" y="208.91" angle="-178.66" type="DEFAULT_VEHTYPE" speed="8.34" pos="4.16" lane="1/1to1/2_0" slope="0.00"/>
        <vehicle id="11" x="398.35" y="569.68" angle="0.00" type="DEFAULT_VEHTYPE" speed="13.68" pos="25.57" lane="2/3to2/2_0" slope="0.00"/>
        <vehicle id="13" x="239.69" y="198.35" angle="90.00" type="DEFAULT_VEHTYPE" speed="13.18" pos="34.94" lane="1/1to2/1_0" slope="0.00"/>
        <vehicle id="17" x="398.35" y="628.48" angle="0.00" type="DEFAULT_VEHTYPE" speed="13.08" pos="171.52" lane="2/4to2/3_0" slope="0.00"/>
        <vehicle id="2" x="718.74" y="601.65" angle="-90.00" type="DEFAULT_VEHTYPE" speed="13.51" pos="81.26" lane="4/3to3/3_0" slope="0.00"/>
        <vehicle id="21" x="392.68" y="598.35" angle="90.00" type="DEFAULT_VEHTYPE" speed="0.39" pos="187.93" lane="1/3to2/3_0" slope="0.00"/>
        <vehicle id="23" x="201.65" y="293.81" angle="180.00" type="DEFAULT_VEHTYPE" speed="13.61" pos="89.06" lane="1/1to1/2_0" slope="0.00"/>
        <vehicle id="25" x="77.62" y="201.65" angle="-90.00" type="DEFAULT_VEHTYPE" speed="13.79" pos="117.63" lane="1/1to0/1_0" slope="0.00"/>
        <vehicle id="27" x="401.65" y="741.51" angle="180.00" type="DEFAULT_VEHTYPE" speed="13.64" pos="136.76" lane="2/3to2/4_0" slope="0.00"/>
        <vehicle id="29" x="383.87" y="198.35" angle="90.00" type="DEFAULT_VEHTYPE" speed="8.03" pos="179.12" lane="1/1to2/1_0" slope="0.00"/>
        <vehicle id="3" x="398.35" y="318.51" angle="0.00" type="DEFAULT_VEHTYPE" speed="12.75" pos="76.74" lane="2/2to2/1_0" slope="0.00"/>
        <vehicle id="32" x="4.63" y="198.35" angle="87.61" type="DEFAULT_VEHTYPE" speed="13.50" pos="4.63" lane="0/1to1/1_0" slope="0.00"/>
        <vehicle id="37" x="598.35" y="436.76" angle="0.00" type="DEFAULT_VEHTYPE" speed="13.67" pos="158.49" lane="3/3to3/2_0" slope="0.00"/>
        <vehicle id="38" x="272.62" y="201.65" angle="-90.00" type="DEFAULT_VEHTYPE" speed="12.88" pos="122.63" lane="2/1to1/1_0" slope="0.00"/>
        <vehicle id="4" x="598.35" y="491.48" angle="0.00" type="DEFAULT_VEHTYPE" speed="13.29" pos="103.77" lane="3/3to3/2_0" slope="0.00"/>
        <vehicle id="41" x="201.65" y="449.50" angle="180.00" type="DEFAULT_VEHTYPE" speed="13.28" pos="44.75" lane="1/2to1/3_0" slope="0.00"/>
        <vehicle id="42" x="626.35" y="601.65" angle="-90.00" type="DEFAULT_VEHTYPE" speed="12.60" pos="173.65" lane="4/3to3/3_0" slope="0.00"/>
        <vehicle id="43" x="398.35" y="247.71" angle="0.00" type="DEFAULT_VEHTYPE" speed="13.58" pos="147.54" lane="2/2to2/1_0" slope="0.00"/>
        <vehicle id="44" x="198.35" y="390.28" angle="-0.05" type="DEFAULT_VEHTYPE" speed="7.43" pos="4.97" lane="1/2to1/1_0" slope="0.00"/>
        <vehicle id="46" x="398.35" y="701.83" angle="0.00" type="DEFAULT_VEHTYPE" speed="13.05" pos="98.17" lane="2/4to2/3_0" slope="0.00"/>
        <vehicle id="47" x="162.16" y="398.35" angle="90.00" type="DEFAULT_VEHTYPE" speed="13.69" pos="162.16" lane="0/2to1/2_0" slope="0.00"/>
        <vehicle id="49" x="201.65" y="565.79" angle="180.00" type="DEFAULT_VEHTYPE" speed="13.06" pos="161.04" lane="1/2to1/3_0" slope="0.00"/>
        <vehicle id="6" x="223.02" y="598.35" angle="90.00" type="DEFAULT_VEHTYPE" speed="13.16" pos="18.27" lane="1/3to2/3_0" slope="0.00"/>
    </timestep>
    <timestep time="511.00">
        <vehicle id="1" x="201.65" y="218.96" angle="180.00" type="DEFAULT_VEHTYPE" speed="10.05" pos="14.21" lane="1/1to1/2_0" slope="0.00"/>
        <vehicle id="11" x="398.35" y="556.06" angle="0.00" type="DEFAULT_VEHTYPE" speed="13.62" pos="39.19" lane="2/3to2/2_0" slope="0.00"/>
        <vehicle id="13" x="253.11" y="198.35" angle="90.00" type="DEFAULT_VEHTYPE" speed="13.42" pos="48.36" lane="1/1to2/1_0" slope="0.00"/>
        <vehicle id="17" x="398.35" y="615.10" angle="0.00" type="DEFAULT_VEHTYPE" speed="13.38" pos="184.90" lane="2/4to2/3_0" slope="0.00"/>
        <vehicle id="2" x="705.04" y="601.65" angle="-90.00" type="DEFAULT_VEHTYPE" speed="13.69" pos="94.96" lane="4/3to3/3_0" slope="0.00"/>
        <vehicle id="21" x="392.72" y="598.35" angle="90.00" type="DEFAULT_VEHTYPE" speed="0.04" pos="187.97" lane="1/3to2/3_0" slope="0.00"/>
        <vehicle id="23" x="201.65" y="307.15" angle="180.00" type="DEFAULT_VEHTYPE" speed="13.34" pos="102.40" lane="1/1to1/2_0" slope="0.00"/>
        <vehicle id="25" x="63.95" y="201.65" angle="-90.00" type="DEFAULT_VEHTYPE" speed="13.67" pos="131.30" lane="1/1to0/1_0" slope="0.00"/>
        <vehicle id="27" x="401.65" y="754.97" angle="180.00" type="DEFAULT_VEHTYPE" speed="13.45" pos="150.22" lane="2/3to2/4_0" slope="0.00"/>
        <vehicle id="29" x="388.86" y="198.35" angle="90.00" type="DEFAULT_VEHTYPE" speed="4.99" pos="184.11" lane="1/1to2/1_0" slope="0.00"/>
        <vehicle id="3" x="398.35" y="304.67" angle="0.00" type="DEFAULT_VEHTYPE" speed="13.84" pos="90.58" lane="2/2to2/1_0" slope="0.00"/>
        <vehicle id="32" x="18.01" y="198.35" angle="90.00" type="DEFAULT_VEHTYPE" speed="13.38" pos="18.01" lane="0/1to1/1_0" slope="0.00"/>
        <vehicle id="37" x="598.35" y="423.52" angle="0.00" type="DEFAULT_VEHTYPE" speed="13.24" pos="171.73" lane="3/3to3/2_0" slope="0.00"/>
        <vehicle id="38" x="259.49" y="201.65" angle="-90.00" type="DEFAULT_VEHTYPE" speed="13.13" pos="135.76" lane="2/1to1/1_0" slope="0.00"/>
        <vehicle id="4" x="598.35" y="478.01" angle="0.00" type="DEFAULT_VEHTYPE" speed="13.47" pos="117.24" lane="3/3to3/2_0" slope="0.00"/>
        <vehicle id="41" x="201.65" y="462.80" angle="180.00" type="DEFAULT_VEHTYPE" speed="13.30" pos="58.05" lane="1/2to1/3_0" slope="0.00"/>
        <vehicle id="42" x="617.44" y="601.65" angle="-90.00" type="DEFAULT_VEHTYPE" speed="8.90" pos="182.56" lane="4/3to3/3_0" slope="0.00"/>
        <vehicle id="43" x="398.35" y="234.55" angle="0.00" type="DEFAULT_VEHTYPE" speed="13.16" pos="160.70" lane="2/2to2/1_0" slope="0.00"/>
        <vehicle id="44" x="198.35" y="380.71" angle="0.00" type="DEFAULT_VEHTYPE" speed="9.56" pos="14.54" lane="1/2to1/1_0" slope="0.00"/>
        <vehicle id="46" x="398.35" y="688.97" angle="0.00" type="DEFAULT_VEHTYPE" speed="12.86" pos="111.03" lane="2/4to2/3_0" slope="0.00"/>
        <vehicle id="47" x="173.72" y="398.35" angle="90.00" type="DEFAULT_VEHTYPE" speed="11.56" pos="173.72" lane="0/2to1/2_0" slope="0.00"/>
        <vehicle id="49" x="201.65" y="578.90" angle="180.00" type="DEFAULT_VEHTYPE" speed="13.11" pos="174.15" lane="1/2to1/3_0" slope="0.00"/>
        <vehicle id="6" x="236.65" y="598.35" angle="90.00" type="DEFAULT_VEHTYPE" speed="13.63" pos="31.90" lane="1/3to2/3_0" slope="0.00"/>
    </timestep>
    <timestep time="512.00">
        <vehicle id="1" x="201.65" y="230.68" angle="180.00" type="DEFAULT_VEHTYPE" speed="11.71" pos="25.93" lane="1/1to1/2_0" slope="0.00"/>
        <vehicle id="11" x="398.35" y="543.40" angle="0.00" type="DEFAULT_VEHTYPE" speed="12.66" pos="51.85" lane="2/3to2/2_0" slope="0.00"/>
        <vehicle id="13" x="266.55" y="198.35" angle="90.00" type="DEFAULT_VEHTYPE" speed="13.44" pos="61.80" lane="1/1to2/1_0" slope="0.00"/>
        <vehicle id="17" x="398.35" y="601.48" angle="0.00" type="DEFAULT_VEHTYPE" speed="13.62" pos="3.27" lane=":2/3_1_0" slope="0.00"/>
        <vehicle id="2" x="692.14" y="601.65" angle="-90.00" type="DEFAULT_VEHTYPE" speed="12.91" pos="107.86" lane="4/3to3/3_0" slope="0.00"/>
        <vehicle id="21" x="392.75" y="598.35" angle="90.00" type="DEFAULT_VEHTYPE" speed="0.03" pos="188.00" lane="1/3to2/3_0" slope="0.00"/>
        <vehicle id="23" x="201.65" y="320.84" angle="180.00" type="DEFAULT_VEHTYPE" speed="13.68" pos="116.09" lane="1/1to1/2_0" slope="0.00"/>
        <vehicle id="25" x="50.09" y="201.65" angle="-90.00" type="DEFAULT_VEHTYPE" speed="13.86" pos="145.16" lane="1/1to0/1_0" slope="0.00"/>
        <vehicle id="27" x="401.65" y="768.36" angle="180.00" type="DEFAULT_VEHTYPE" speed="13.39" pos="163.61" lane="2/3to2/4_0" slope="0.00"/>
        <vehicle id="29" x="395.95" y="198.35" angle="90.00" type="DEFAULT_VEHTYPE" speed="7.09" pos="0.70" lane=":2/1_13_0" slope="0.00"/>
        <vehicle id="3" x="398.35" y="291.46" angle="0.00" type="DEFAULT_VEHTYPE" speed="13.21" pos="103.79" lane="2/2to2/1_0" slope="0.00"/>
        <vehicle id="32" x="30.89" y="198.35" angle="90.00" type="DEFAULT_VEHTYPE" speed="12.88" pos="30.89" lane="0/1to1/1_0" slope="0.00"/>
        <vehicle id="37" x="598.35" y="409.70" angle="0.00" type="DEFAULT_VEHTYPE" speed="13.82" pos="185.55" lane="3/3to3/2_0" slope="0.00"/>
        <vehicle id="38" x="246.77" y="201.65" angle="-90.00" type="DEFAULT_VEHTYPE" speed="12.71" pos="148.48" lane="2/1to1/1_0" slope="0.00"/>
        <vehicle id="4" x="598.35" y="464.68" angle="0.00" type="DEFAULT_VEHTYPE" speed="13.33" pos="130.57" lane="3/3to3/2_0" slope="0.00"/>
        <vehicle id="41" x="201.65" y="476.33" angle="180.00" type="DEFAULT_VEHTYPE" speed="13.53" pos="71.58" lane="1/2to1/3_0" slope="0.00"/>
        <vehicle id="42" x="612.27" y="601.65" angle="-90.00" type="DEFAULT_VEHTYPE" speed="5.17" pos="187.73" lane="4/3to3/3_0" slope="0.00"/>
        <vehicle id="43" x="398.35" y="220.96" angle="0.00" type="DEFAULT_VEHTYPE" speed="13.58" pos="174.29" lane="2/2to2/1_0" slope="0.00"/>
        <vehicle id="44" x="198.35" y="369.24" angle="0.00" type="DEFAULT_VEHTYPE" speed="11.48" pos="26.01" lane="1/2to1/1_0" slope="0.00"/>
        <vehicle id="46" x="398.35" y="675.62" angle="0.00" type="DEFAULT_VEHTYPE" speed="13.35" pos="124.38" lane="2/4to2/3_0" slope="0.00"/>
        <vehicle id="47" x="182.44" y="398.35" angle="90.00" type="DEFAULT_VEHTYPE" speed="8.72" pos="182.44" lane="0/2to1/2_0" slope="0.00"/>
        <vehicle id="49" x="201.65" y="591.98" angle="180.00" type="DEFAULT_VEHTYPE" speed="13.08" pos="187.23" lane="1/2to1/3_0" slope="0.00"/>
        <vehicle id="6" x="249.71" y="598.35" angle="90.00" type="DEFAULT_VEHTYPE" speed="13.06" pos="44.96" lane="1/3to2/3_0" slope="0.00"/>
    </timestep>
    <timestep time="513.00">
        <vehicle id="1" x="201.65" y="244.34" angle="180.00" type="DEFAULT_VEHTYPE" speed="13.66" pos="39.59" lane="1/1to1/2_0" slope="0.00"/>
        <vehicle id="11" x="398.35" y="529.68" angle="0.00" type="DEFAULT_VEHTYPE" speed="13.72" pos="65.57" lane="2/3to2/2_0" slope="0.00"/>
        <vehicle id="13" x="279.78" y="198.35" angle="90.00" type="DEFAULT_VEHTYPE" speed="13.23" pos="75.03" lane="1/1to2/1_0" slope="0.00"/>
        <vehicle id="17" x="398.35" y="588.50" angle="0.00" type="DEFAULT_VEHTYPE" speed="12.98" pos="6.75" lane="2/3to2/2_0" slope="0.00"/>
        <vehicle id="2" x="678.31" y="601.65" angle="-90.00" type="DEFAULT_VEHTYPE" speed="13.82" pos="121.69" lane="4/3to3/3_0" slope="0.00"/>
        <vehicle id="21" x="392.75" y="598.35" angle="90.00" type="DEFAULT_VEHTYPE" speed="0.00" pos="188.00" lane="1/3to2/3_0" slope="0.00"/>
        <vehicle id="23" x="201.65" y="334.69" angle="180.00" type="DEFAULT_VEHTYPE" speed="13.85" pos="129.94" lane="1/1to1/2_0" slope="0.00"/>
        <vehicle id="25" x="36.42" y="201.65" angle="-90.00" type="DEFAULT_VEHTYPE" speed="13.68" pos="158.83" lane="1/1to0/1_0" slope="0.00"/>
        <vehicle id="27" x="401.65" y="781.42" angle="180.00" type="DEFAULT_VEHTYPE" speed="13.06" pos="176.67" lane="2/3to2/4_0" slope="0.00"/>
        <vehicle id="29" x="404.35" y="198.35" angle="90.00" type="DEFAULT_VEHTYPE" speed="8.40" pos="9.10" lane=":2/1_13_0" slope="0.00"/>
        <vehicle id="3" x="398.35" y="277.75" angle="0.00" type="DEFAULT_VEHTYPE" speed="13.71" pos="117.50" lane="2/2to2/1_0" slope="0.00"/>
        <vehicle id="32" x="44.26" y="198.35" angle="90.00" type="DEFAULT_VEHTYPE" speed="13.37" pos="44.26" lane="0/1to1/1_0" slope="0.00"/>
        <vehicle id="37" x="592.60" y="401.65" angle="-81.85" type="DEFAULT_VEHTYPE" speed="12.60" pos="2.65" lane="3/2to2/2_0" slope="0.00"/>
        <vehicle id="38" x="233.50" y="201.65" angle="-90.00" type="DEFAULT_VEHTYPE" speed="13.28" pos="161.75" lane="2/1to1/1_0" slope="0.00"/>
        <vehicle id="4" x="598.35" y="450.95" angle="0.00" type="DEFAULT_VEHTYPE" speed="13.72" pos="144.30" lane="3/3to3/2_0" slope="0.00"/>
        <vehicle id="41" x="201.65" y="489.54" angle="180.00" type="DEFAULT_VEHTYPE" speed="13.21" pos="84.79" lane="1/2to1/3_0" slope="0.00"/>
        <vehicle id="42" x="609.30" y="601.65" angle="-90.00" type="DEFAULT_VEHTYPE" speed="2.97" pos="190.70" lane="4/3to3/3_0" slope="0.00"/>
        <vehicle id="43" x="398.35" y="207.23" angle="0.00" type="DEFAULT_VEHTYPE" speed="13.73" pos="188.02" lane="2/2to2/1_0" slope="0.00"/>
        <vehicle id="44" x="198.35" y="355.34" angle="0.00" type="DEFAULT_VEHTYPE" speed="13.90" pos="39.91" lane="1/2to1/1_0" slope="0.00"/>
        <vehicle id="46" x="398.35" y="661.95" angle="0.00" type="DEFAULT_VEHTYPE" speed="13.67" pos="138.05" lane="2/4to2/3_0" slope="0.00"/>
        <vehicle id="47" x="188.46" y="398.35" angle="90.00" type="DEFAULT_VEHTYPE" speed="6.02" pos="188.46" lane="0/2to1/2_0" slope="0.00"/>
        <vehicle id="49" x="210.10" y="598.35" angle="90.00" type="DEFAULT_VEHTYPE" speed="13.62" pos="5.35" lane="1/3to2/3_0" slope="0.00"/>
        <vehicle id="6" x="262.45" y="598.35" angle="90.00" type="DEFAULT_VEHTYPE" speed="12.74" pos="57.70" lane="1/3to2/3_0" slope="0.00"/>
    </timestep>
    <timestep time="514.00">
        <vehicle id="1" x="201.65" y="257.80" angle="180.00" type="DEFAULT_VEHTYPE" speed="13.46" pos="53.05" lane="1/1to1/2_0" slope="0.00"/>
        <vehicle id="11" x="398.35" y="516.35" angle="0.00" type="DEFAULT_VEHTYPE" speed="13.33" pos="78.90" lane="2/3to2/2_0" slope="0.00"/>
        <vehicle id="13" x="293.24" y="198.35" angle="90.00" type="DEFAULT_VEHTYPE" speed="13.47" pos="88.49" lane="1/1to2/1_0" slope="0.00"/>
        <vehicle id="17" x="398.35" y="575.61" angle="0.00" type="DEFAULT_VEHTYPE" speed="12.89" pos="19.64" lane="2/3to2/2_0" slope="0.00"/>
        <vehicle id="2" x="665.07" y="601.65" angle="-90.00" type="DEFAULT_VEHTYPE" speed="13.25" pos="134.93" lane="4/3to3/3_0" slope="0.00"/>
        <vehicle id="21" x="394.11" y="598.35" angle="90.00" type="DEFAULT_VEHTYPE" speed="1.37" pos="189.36" lane="1/3to2/3_0" slope="0.00"/>
        <vehicle id="23" x="201.65" y="348.57" angle="180.00" type="DEFAULT_VEHTYPE" speed="13.88" pos="143.82" lane="1/1to1/2_0" slope="0.00"/>
        <vehicle id="25" x="23.77" y="201.65" angle="-90.00" type="DEFAULT_VEHTYPE" speed="12.65" pos="171.48" lane="1/1to0/1_0" slope="0.00"/>
        <vehicle id="27" x="401.65" y="794.79" angle="180.00" type="DEFAULT_VEHTYPE" speed="13.37" pos="190.04" lane="2/3to2/4_0" slope="0.00"/>
        <vehicle id="29" x="414.80" y="198.35" angle="90.00" type="DEFAULT_VEHTYPE" speed="10.45" pos="10.05" lane="2/1to3/1_0" slope="0.00"/>
        <vehicle id="3" x="398.35" y="264.21" angle="0.00" type="DEFAULT_VEHTYPE" speed="13.55" pos="131.04" lane="2/2to2/1_0" slope="0.00"/>
        <vehicle id="32" x="57.73" y="198.35" angle="90.00" type="DEFAULT_VEHTYPE" speed="13.47" pos="57.73" lane="0/1to1/1_0" slope="0.00"/>
        <vehicle id="37" x="579.93" y="401.65" angle="-90.00" type="DEFAULT_VEHTYPE" speed="12.67" pos="15.32" lane="3/2to2/2_0" slope="0.00"/>
        <vehicle id="38" x="222.00" y="201.65" angle="-90.00" type="DEFAULT_VEHTYPE" speed="11.50" pos="173.25" lane="2/1to1/1_0" slope="0.00"/>
        <vehicle id="4" x="598.35" y="437.31" angle="0.00" type="DEFAULT_VEHTYPE" speed="13.64" pos="157.94" lane="3/3to3/2_0" slope="0.00"/>
        <vehicle id="41" x="201.65" y="502.37" angle="180.00" type="DEFAULT_VEHTYPE" speed="12.83" pos="97.62" lane="1/2to1/3_0" slope="0.00"/>
        <vehicle id="42" x="604.61" y="601.63" angle="-89.77" type="DEFAULT_VEHTYPE" speed="4.69" pos="0.14" lane=":3/3_6_0" slope="0.00"/>
        <vehicle id="43" x="388.94" y="201.65" angle="-90.00" type="DEFAULT_VEHTYPE" speed="13.79" pos="6.31" lane="2/1to1/1_0" slope="0.00"/>
        <vehicle id="44" x="198.35" y="342.21" angle="0.00" type="DEFAULT_VEHTYPE" speed="13.13" pos="53.04" lane="1/2to1/1_0" slope="0.00"/>
        <vehicle id="46" x="398.35" y="649.20" angle="0.00" type="DEFAULT_VEHTYPE" speed="12.75" pos="150.80" lane="2/4to2/3_0" slope="0.00"/>
        <vehicle id="47" x="196.31" y="398.50" angle="91.74" type="DEFAULT_VEHTYPE" speed="7.86" pos="1.07" lane=":1/2_14_0" slope="0.00"/>
        <vehicle id="49" x="223.98" y="598.35" angle="90.00" type="DEFAULT_VEHTYPE" speed="13.88" pos="19.23" lane="1/3to2/3_0" slope="0.00"/>
        <vehicle id="6" x="275.51" y="598.35" angle="90.00" type="DEFAULT_VEHTYPE" speed="13.06" pos="70.76" lane="1/3to2/3_0" slope="0.00"/>
    </timestep>
    <timestep time="515.00">
        <vehicle id="1" x="201.65" y="270.75" angle="180.00" type="DEFAULT_VEHTYPE" speed="12.95" pos="66.00" lane="1/1to1/2_0" slope="0.00"/>
        <vehicle id="11" x="398.35" y="503.49" angle="0.00" type="DEFAULT_VEHTYPE" speed="12.86" pos="91.76" lane="2/3to2/2_0" slope="0.00"/>
        <vehicle id="13" x="306.76" y="198.35" angle="90.00" type="DEFAULT_VEHTYPE" speed="13.52" pos="102.01" lane="1/1to2/1_0" slope="0.00"/>
        <vehicle id="17" x="398.35" y="562.04" angle="0.00" type="DEFAULT_VEHTYPE" speed="13.56" pos="33.21" lane="2/3to2/2_0" slope="0.00"/>
        <vehicle id="2" x="651.77" y="601.65" angle="-90.00" type="DEFAULT_VEHTYPE" speed="13.29" pos="148.23" lane="4/3to3/3_0" slope="0.00"/>
        <vehicle id="21" x="397.17" y="598.62" angle="93.15" type="DEFAULT_VEHTYPE" speed="3.07" pos="1.94" lane=":2/3_14_0" slope="0.00"/>
        <vehicle id="23" x="201.65" y="361.68" angle="180.00" type="DEFAULT_VEHTYPE" speed="13.11" pos="156.93" lane="1/1to1/2_0" slope="0.00"/>
        <vehicle id="25" x="10.37" y="201.65" angle="-90.00" type="DEFAULT_VEHTYPE" speed="13.39" pos="184.88" lane="1/1to0/1_0" slope="0.00"/>
        <vehicle id="27" x="398.35" y="796.83" angle="-13.95" type="DEFAULT_VEHTYPE" speed="13.20" pos="3.17" lane="2/4to2/3_0" slope="0.00"/>
        <vehicle id="29" x="426.61" y="198.35" angle="90.00" type="DEFAULT_VEHTYPE" speed="11.81" pos="21.86" lane="2/1to3/1_0" slope="0.00"/>
        <vehicle id="3" x="398.35" y="251.02" angle="0.00" type="DEFAULT_VEHTYPE" speed="13.19" pos="144.23" lane="2/2to2/1_0" slope="0.00"/>
        <vehicle id="32" x="70.65" y="198.35" angle="90.00" type="DEFAULT_VEHTYPE" speed="12.92" pos="70.65" lane="0/1to1/1_0" slope="0.00"/>
        <vehicle id="37" x="566.58" y="401.65" angle="-90.00" type="DEFAULT_VEHTYPE" speed="13.35" pos="28.67" lane="3/2to2/2_0" slope="0.00"/>
        <vehicle id="38" x="214.58" y="201.65" angle="-90.00" type="DEFAULT_VEHTYPE" speed="7.42" pos="180.67" lane="2/1to1/1_0" slope="0.00"/>
        <vehicle id="4" x="598.35" y="423.77" angle="0.00" type="DEFAULT_VEHTYPE" speed="13.55" pos="171.48" lane="3/3to3/2_0" slope="0.00"/>
        <vehicle id="41" x="201.65" y="515.61" angle="180.00" type="DEFAULT_VEHTYPE" speed="13.25" pos="110.86" lane="1/2to1/3_0" slope="0.00"/>
        <vehicle id="42" x="599.20" y="598.81" angle="-56.51" type="DEFAULT_VEHTYPE" speed="6.47" pos="6.61" lane=":3/3_6_0" slope="0.00"/>
        <vehicle id="43" x="375.31" y="201.65" angle="-90.00" type="DEFAULT_VEHTYPE" speed="13.63" pos="19.94" lane="2/1to1/1_0" slope="0.00"/>
        <vehicle id="44" x="198.35" y="329.51" angle="0.00" type="DEFAULT_VEHTYPE" speed="12.70" pos="65.74" lane="1/2to1/1_0" slope="0.00"/>
        <vehicle id="46" x="398.35" y="635.53" angle="0.00" type="DEFAULT_VEHTYPE" speed="13.67" pos="164.47" lane="2/4to2/3_0" slope="0.00"/>
        <vehicle id="47" x="201.65" y="405.91" angle="169.20" type="DEFAULT_VEHTYPE" speed="10.41" pos="1.16" lane="1/2to1/3_0" slope="0.00"/>
        <vehicle id="49" x="236.64" y="598.35" angle="90.00" type="DEFAULT_VEHTYPE" speed="12.66" pos="31.89" lane="1/3to2/3_0" slope="0.00"/>
        <vehicle id="6" x="289.19" y="598.35" angle="90.00" type="DEFAULT_VEHTYPE" speed="13.68" pos="84.44" lane="1/3to2/3_0" slope="0.00"/>
    </timestep>
    <timestep time="516.00">
        <vehicle id="1" x="201.65" y="284.61" angle="180.00" type="DEFAULT_VEHTYPE" speed="13.86" pos="79.86" lane="1/1to1/2_0" slope="0.00"/>
        <vehicle id="11" x="398.35" y="490.66" angle="0.00" type="DEFAULT_VEHTYPE" speed="12.83" pos="104.59" lane="2/3to2/2_0" slope="0.00"/>
        <vehicle id="13" x="319.64" y="198.35" angle="90.00" type="DEFAULT_VEHTYPE" speed="12.88" pos="114.89" lane="1/1to2/1_0" slope="0.00"/>
        <vehicle id="17" x="398.35" y="549.09" angle="0.00" type="DEFAULT_VEHTYPE" speed="12.95" pos="46.16" lane="2/3to2/2_0" slope="0.00"/>
        <vehicle id="2" x="638.95" y="601.65" angle="-90.00" type="DEFAULT_VEHTYPE" speed="12.82" pos="161.05" lane="4/3to3/3_0" slope="0.00"/>
        <vehicle id="21" x="401.20" y="601.86" angle="131.56" type="DEFAULT_VEHTYPE" speed="5.46" pos="7.39" lane=":2/3_14_0" slope="0.00"/>
        <vehicle id="23" x="201.65" y="374.71" angle="180.00" type="DEFAULT_VEHTYPE" speed="13.03" pos="169.96" lane="1/1to1/2_0" slope="0.00"/>
        <vehicle id="25" x="-1.34" y="199.38" angle="-55.07" type="DEFAULT_VEHTYPE" speed="13.47" pos="3.10" lane=":0/1_0_0" slope="0.00"/>
        <vehicle id="27" x="398.35" y="784.23" angle="0.00" type="DEFAULT_VEHTYPE" speed="12.60" pos="15.77" lane="2/4to2/3_0" slope="0.00"/>
        <vehicle id="29" x="440.11" y="198.35" angle="90.00" type="DEFAULT_VEHTYPE" speed="13.50" pos="35.36" lane="2/1to3/1_0" slope="0.00"/>
        <vehicle id="3" x="398.35" y="237.50" angle="0.00" type="DEFAULT_VEHTYPE" speed="13.52" pos="157.75" lane="2/2to2/1_0" slope="0.00"/>
        <vehicle id="32" x="84.28" y="198.35" angle="90.00" type="DEFAULT_VEHTYPE" speed="13.63" pos="84.28" lane="0/1to1/1_0" slope="0.00"/>
        <vehicle id="37" x="553.19" y="401.65" angle="-90.00" type="DEFAULT_VEHTYPE" speed="13.38" pos="42.06" lane="3/2to2/2_0" slope="0.00"/>
        <vehicle id="38" x="209.93" y="201.65" angle="-90.00" type="DEFAULT_VEHTYPE" speed="4.65" pos="185.32" lane="2/1to1/1_0" slope="0.00"/>
        <vehicle id="4" x="598.35" y="410.56" angle="0.00" type="DEFAULT_VEHTYPE" speed="13.20" pos="184.69" lane="3/3to3/2_0" slope="0.00"/>
        <vehicle id="41" x="201.65" y="528.82" angle="180.00" type="DEFAULT_VEHTYPE" speed="13.20" pos="124.07" lane="1/2to1/3_0" slope="0.00"/>
        <vehicle id="42" x="598.35" y="590.94" angle="-1.13" type="DEFAULT_VEHTYPE" speed="8.02" pos="4.31" lane="3/3to3/2_0" slope="0.00"/>
        <vehicle id="43" x="361.92" y="201.65" angle="-90.00" type="DEFAULT_VEHTYPE" speed="13.40" pos="33.33" lane="2/1to1/1_0" slope="0.00"/>
        <vehicle id="44" x="198.35" y="316.34" angle="0.00" type="DEFAULT_VEHTYPE" speed="13.17" pos="78.91" lane="1/2to1/1_0" slope="0.00"/>
        <vehicle id="46" x="398.35" y="625.43" angle="0.00" type="DEFAULT_VEHTYPE" speed="10.10" pos="174.57" lane="2/4to2/3_0" slope="0.00"/>
        <vehicle id="47" x="201.65" y="418.50" angle="180.00" type="DEFAULT_VEHTYPE" speed="12.59" pos="13.75" lane="1/2to1/3_0" slope="0.00"/>
        <vehicle id="49" x="250.48" y="598.35" angle="90.00" type="DEFAULT_VEHTYPE" speed="13.84" pos="45.73" lane="1/3to2/3_0" slope="0.00"/>
        <vehicle id="6" x="302.00" y="598.35" angle="90.00" type="DEFAULT_VEHTYPE" speed="12.81" pos="97.25" lane="1/3to2/3_0" slope="0.00"/>
    </timestep>
    <timestep time="517.00">
        <vehicle id="1" x="201.65" y="298.14" angle="180.00" type="DEFAULT_VEHTYPE" speed="13.53" pos="93.39" lane="1/1to1/2_0" slope="0.00"/>
        <vehicle id="11" x="398.35" y="477.48" angle="0.00" type="DEFAULT_VEHTYPE" speed="13.18" pos="117.77" lane="2/3to2/2_0" slope="0.00"/>
        <vehicle id="13" x="332.93" y="198.35" angle="90.00" type="DEFAULT_VEHTYPE" speed="13.29" pos="128.18" lane="1/1to2/1_0" slope="0.00"/>
        <vehicle id="17" x="398.35" y="535.47" angle="0.00" type="DEFAULT_VEHTYPE" speed="13.62" pos="59.78" lane="2/3to2/2_0" slope="0.00"/>
        <vehicle id="2" x="627.04" y="601.65" angle="-90.00" type="DEFAULT_VEHTYPE" speed="11.92" pos="172.96" lane="4/3to3/3_0" slope="0.00"/>
        <vehicle id="21" x="401.65" y="608.63" angle="178.18" type="DEFAULT_VEHTYPE" speed="6.81" pos="3.88" lane="2/3to2/4_0" slope="0.00"/>
        <vehicle id="23" x="201.65" y="387.87" angle="180.00" type="DEFAULT_VEHTYPE" speed="13.16" pos="183.12" lane="1/1to1/2_0" slope="0.00"/>
        <vehicle id="25" x="12.04" y="198.35" angle="90.00" type="DEFAULT_VEHTYPE" speed="13.76" pos="12.04" lane="0/1to1/1_0" slope="0.00"/>
        <vehicle id="27" x="398.35" y="770.98" angle="0.00" type="DEFAULT_VEHTYPE" speed="13.25" pos="29.02" lane="2/4to2/3_0" slope="0.00"/>
        <vehicle id="29" x="453.07" y="198.35" angle="90.00" type="DEFAULT_VEHTYPE" speed="12.97" pos="48.32" lane="2/1to3/1_0" slope="0.00"/>
        <vehicle id="3" x="398.35" y="223.85" angle="0.00" type="DEFAULT_VEHTYPE" speed="13.66" pos="171.40" lane="2/2to2/1_0" slope="0.00"/>
        <vehicle id="32" x="98.02" y="198.35" angle="90.00" type="DEFAULT_VEHTYPE" speed="13.75" pos="98.02" lane="0/1to1/1_0" slope="0.00"/>
        <vehicle id="37" x="539.44" y="401.65" angle="-90.00" type="DEFAULT_VEHTYPE" speed="13.76" pos="55.81" lane="3/2to2/2_0" slope="0.00"/>
        <vehicle id="38" x="203.67" y="201.80" angle="-91.73" type="DEFAULT_VEHTYPE" speed="6.27" pos="1.09" lane=":1/1_4_0" slope="0.00"/>
        <vehicle id="4" x="593.26" y="401.65" angle="-75.18" type="DEFAULT_VEHTYPE" speed="12.80" pos="1.99" lane="3/2to2/2_0" slope="0.00"/>
        <vehicle id="41" x="201.65" y="542.16" angle="180.00" type="DEFAULT_VEHTYPE" speed="13.35" pos="137.41" lane="1/2to1/3_0" slope="0.00"/>
        <vehicle id="42" x="598.35" y="580.93" angle="0.00" type="DEFAULT_VEHTYPE" speed="10.02" pos="14.32" lane="3/3to3/2_0" slope="0.00"/>
        <vehicle id="43" x="348.38" y="201.65" angle="-90.00" type="DEFAULT_VEHTYPE" speed="13.53" pos="46.87" lane="2/1to1/1_0" slope="0.00"/>
        <vehicle id="44" x="198.35" y="302.50" angle="0.00" type="DEFAULT_VEHTYPE" speed="13.84" pos="92.75" lane="1/2to1/1_0" slope="0.00"/>
        <vehicle id="46" x="398.35" y="614.30" angle="0.00" type="DEFAULT_VEHTYPE" speed="11.13" pos="185.70" lane="2/4to2/3_0" slope="0.00"/>
        <vehicle id="47" x="201.65" y="432.37" angle="180.00" type="DEFAULT_VEHTYPE" speed="13.87" pos="27.62" lane="1/2to1/3_0" slope="0.00"/>
        <vehicle id="49" x="263.11" y="598.35" angle="90.00" type="DEFAULT_VEHTYPE" speed="12.63" pos="58.36" lane="1/3to2/3_0" slope="0.00"/>
        <vehicle id="6" x="315.33" y="598.35" angle="90.00" type="DEFAULT_VEHTYPE" speed="13.33" pos="110.58" lane="1/3to2/3_0" slope="0.00"/>
    </timestep>
    <timestep time="518.00">
        <vehicle id="1" x="201.65" y="310.92" angle="180.00" type="DEFAULT_VEHTYPE" speed="12.79" pos="106.17" lane="1/1to1/2_0" slope="0.00"/>
        <vehicle id="11" x="398.35" y="463.78" angle="0.00" type="DEFAULT_VEHTYPE" speed="13.70" pos="131.47" lane="2/3to2/2_0" slope="0.00"/>
        <vehicle id="13" x="346.63" y="198.35" angle="90.00" type="DEFAULT_VEHTYPE" speed="13.70" pos="141.88" lane="1/1to2/1_0" slope="0.00"/>
        <vehicle id="17" x="398.35" y="521.94" angle="0.00" type="DEFAULT_VEHTYPE" speed="13.53" pos="73.31" lane="2/3to2/2_0" slope="0.00"/>
        <vehicle id="2" x="617.99" y="601.65" angle="-90.00" type="DEFAULT_VEHTYPE" speed="9.05" pos="182.01" lane="4/3to3/3_0" slope="0.00"/>
        <vehicle id="21" x="401.65" y="617.42" angle="180.00" type="DEFAULT_VEHTYPE" speed="8.79" pos="12.67" lane="2/3to2/4_0" slope="0.00"/>
        <vehicle id="23" x="201.65" y="400.95" angle="180.00" type="DEFAULT_VEHTYPE" speed="13.08" pos="5.70" lane=":1/2_9_0" slope="0.00"/>
        <vehicle id="25" x="25.42" y="198.35" angle="90.00" type="DEFAULT_VEHTYPE" speed="13.38" pos="25.42" lane="0/1to1/1_0" slope="0.00"/>
        <vehicle id="27" x="398.35" y="757.86" angle="0.00" type="DEFAULT_VEHTYPE" speed="13.12" pos="42.14" lane="2/4to2/3_0" slope="0.00"/>
        <vehicle id="29" x="466.69" y="198.35" angle="90.00" type="DEFAULT_VEHTYPE" speed="13.61" pos="61.94" lane="2/1to3/1_0" slope="0.00"/>
        <vehicle id="3" x="398.35" y="210.15" angle="0.00" type="DEFAULT_VEHTYPE" speed="13.70" pos="185.10" lane="2/2to2/1_0" slope="0.00"/>
        <vehicle id="32" x="111.00" y="198.35" angle="90.00" type="DEFAULT_VEHTYPE" speed="12.98" pos="111.00" lane="0/1to1/1_0" slope="0.00"/>
        <vehicle id="37" x="526.06" y="401.65" angle="-90.00" type="DEFAULT_VEHTYPE" speed="13.37" pos="69.19" lane="3/2to2/2_0" slope="0.00"/>
        <vehicle id="38" x="201.65" y="208.61" angle="-178.19" type="DEFAULT_VEHTYPE" speed="7.77" pos="3.86" lane="1/1to1/2_0" slope="0.00"/>
        <vehicle id="4" x="580.55" y="401.65" angle="-90.00" type="DEFAULT_VEHTYPE" speed="12.71" pos="14.70" lane="3/2to2/2_0" slope="0.00"/>
        <vehicle id="41" x="201.65" y="555.58" angle="180.00" type="DEFAULT_VEHTYPE" speed="13.42" pos="150.83" lane="1/2to1/3_0" slope="0.00"/>
        <vehicle id="42" x="598.35" y="569.52" angle="0.00" type="DEFAULT_VEHTYPE" speed="11.41" pos="25.73" lane="3/3to3/2_0" slope="0.00"/>
        <vehicle id="43" x="334.68" y="201.65" angle="-90.00" type="DEFAULT_VEHTYPE" speed="13.70" pos="60.57" lane="2/1to1/1_0" slope="0.00"/>
        <vehicle id="44" x="198.35" y="289.30" angle="0.00" type="DEFAULT_VEHTYPE" speed="13.20" pos="105.95" lane="1/2to1/1_0" slope="0.00"/>
        <vehicle id="46" x="398.35" y="604.48" angle="0.00" type="DEFAULT_VEHTYPE" speed="9.82" pos="0.27" lane=":2/3_1_0" slope="0.00"/>
        <vehicle id="47" x="201.65" y="445.45" angle="180.00" type="DEFAULT_VEHTYPE" speed="13.08" pos="40.70" lane="1/2to1/3_0" slope="0.00"/>
        <vehicle id="49" x="276.13" y="598.35" angle="90.00" type="DEFAULT_VEHTYPE" speed="13.02" pos="71.38" lane="1/3to2/3_0" slope="0.00"/>
        <vehicle id="6" x="328.91" y="598.35" angle="90.00" type="DEFAULT_VEHTYPE" speed="13.59" pos="124.16" lane="1/3to2/3_0" slope="0.00"/>
    </timestep>
    <timestep time="519.00">
        <vehicle id="1" x="201.65" y="323.61" angle="180.00" type="DEFAULT_VEHTYPE" speed="12.69" pos="118.86" lane="1/1to1/2_0" slope="0.00"/>
        <vehicle id="11" x="398.35" y="450.43" angle="0.00" type="DEFAULT_VEHTYPE" speed="13.35" pos="144.82" lane="2/3to2/2_0" slope="0.00"/>
        <vehicle id="13" x="360.00" y="198.35" angle="90.00" type="DEFAULT_VEHTYPE" speed="13.38" pos="155.25" lane="1/1to2/1_0" slope="0.00"/>
        <vehicle id="17" x="398.35" y="508.33" angle="0.00" type="DEFAULT_VEHTYPE" speed="13.61" pos="86.92" lane="2/3to2/2_0" slope="0.00"/>
        <vehicle id="2" x="612.80" y="601.65" angle="-90.00" type="DEFAULT_VEHTYPE" speed="5.19" pos="187.20" lane="4/3to3/3_0" slope="0.00"/>
        <vehicle id="21" x="401.65" y="628.81" angle="180.00" type="DEFAULT_VEHTYPE" speed="11.39" pos="24.06" lane="2/3to2/4_0" slope="0.00"/>
        <vehicle id="23" x="201.65" y="414.57" angle="180.00" type="DEFAULT_VEHTYPE" speed="13.62" pos="9.82" lane="1/2to1/3_0" slope="0.00"/>
        <vehicle id="25" x="38.60" y="198.35" angle="90.00" type="DEFAULT_VEHTYPE" speed="13.19" pos="38.60" lane="0/1to1/1_0" slope="0.00"/>
        <vehicle id="27" x="398.35" y="744.27" angle="0.00" type="DEFAULT_VEHTYPE" speed="13.58" pos="55.73" lane="2/4to2/3_0" slope="0.00"/>
        <vehicle id="29" x="480.26" y="198.35" angle="90.00" type="DEFAULT_VEHTYPE" speed="13.57" pos="75.51" lane="2/1to3/1_0" slope="0.00"/>
        <vehicle id="3" x="392.75" y="201.65" angle="-80.92" type="DEFAULT_VEHTYPE" speed="12.90" pos="2.50" lane="2/1to1/1_0" slope="0.00"/>
        <vehicle id="32" x="124.41" y="198.35" angle="90.00" type="DEFAULT_VEHTYPE" speed="13.41" pos="124.41" lane="0/1to1/1_0" slope="0.00"/>
        <vehicle id="37" x="513.04" y="401.65" angle="-90.00" type="DEFAULT_VEHTYPE" speed="13.02" pos="82.21" lane="3/2to2/2_0" slope="0.00"/>
        <vehicle id="38" x="201.65" y="218.56" angle="180.00" type="DEFAULT_VEHTYPE" speed="9.95" pos="13.81" lane="1/1to1/2_0" slope="0.00"/>
        <vehicle id="4" x="567.53" y="401.65" angle="-90.00" type="DEFAULT_VEHTYPE" speed="13.02" pos="27.72" lane="3/2to2/2_0" slope="0.00"/>
        <vehicle id="41" x="201.65" y="569.18" angle="180.00" type="DEFAULT_VEHTYPE" speed="13.60" pos="164.43" lane="1/2to1/3_0" slope="0.00"/>
        <vehicle id="42" x="598.35" y="556.66" angle="0.00" type="DEFAULT_VEHTYPE" speed="12.86" pos="38.59" lane="3/3to3/2_0" slope="0.00"/>
        <vehicle id="43" x="321.00" y="201.65" angle="-90.00" type="DEFAULT_VEHTYPE" speed="13.68" pos="74.25" lane="2/1to1/1_0" slope="0.00"/>
        <vehicle id="44" x="198.35" y="276.02" angle="0.00" type="DEFAULT_VEHTYPE" speed="13.28" pos="119.23" lane="1/2to1/1_0" slope="0.00"/>
        <vehicle id="46" x="398.35" y="592.40" angle="0.00" type="DEFAULT_VEHTYPE" speed="12.08" pos="2.85" lane="2/3to2/2_0" slope="0.00"/>
        <vehicle id="47" x="201.65" y="458.07" angle="180.00" type="DEFAULT_VEHTYPE" speed="12.62" pos="53.32" lane="1/2to1/3_0" slope="0.00"/>
        <vehicle id="49" x="289.66" y="598.35" angle="90.00" type="DEFAULT_VEHTYPE" speed="13.53" pos="84.91" lane="1/3to2/3_0" slope="0.00"/>
        <vehicle id="6" x="342.57" y="598.35" angle="90.00" type="DEFAULT_VEHTYPE" speed="13.66" pos="137.82" lane="1/3to2/3_0" slope="0.00"/>
    </timestep>
    <timestep time="520.00">
        <vehicle id="1" x="201.65" y="336.26" angle="180.00" type="DEFAULT_VEHTYPE" speed="12.65" pos="131.51" lane="1/1to1/2_0" slope="0.00"/>
        <vehicle id="11" x="398.35" y="436.54" angle="0.00" type="DEFAULT_VEHTYPE" speed="13.88" pos="158.71" lane="2/3to2/2_0" slope="0.00"/>
        <vehicle id="13" x="372.23" y="198.35" angle="90.00" type="DEFAULT_VEHTYPE" speed="12.22" pos="167.48" lane="1/1to2/1_0" slope="0.00"/>
        <vehicle id="17" x="398.35" y="495.23" angle="0.00" type="DEFAULT_VEHTYPE" speed="13.10" pos="100.02" lane="2/3to2/2_0" slope="0.00"/>
        <vehicle id="2" x="609.77" y="601.65" angle="-90.00" type="DEFAULT_VEHTYPE" speed="3.03" pos="190.23" lane="4/3to3/3_0" slope="0.00"/>
        <vehicle id="21" x="401.65" y="642.46" angle="180.00" type="DEFAULT_VEHTYPE" speed="13.65" pos="37.71" lane="2/3to2/4_0" slope="0.00"/>
        <vehicle id="23" x="201.65" y="428.20" angle="180.00" type="DEFAULT_VEHTYPE" speed="13.63" pos="23.45" lane="1/2to1/3_0" slope="0.00"/>
        <vehicle id="25" x="52.11" y="198.35" angle="90.00" type="DEFAULT_VEHTYPE" speed="13.51" pos="52.11" lane="0/1to1/1_0" slope="0.00"/>
        <vehicle id="27" x="398.35" y="730.69" angle="0.00" type="DEFAULT_VEHTYPE" speed="13.58" pos="69.31" lane="2/4to2/3_0" slope="0.00"/>
        <vehicle id="29" x="493.34" y="198.35" angle="90.00" type="DEFAULT_VEHTYPE" speed="13.09" pos="88.59" lane="2/1to3/1_0" slope="0.00"/>
        <vehicle id="3" x="379.58" y="201.65" angle="-90.00" type="DEFAULT_VEHTYPE" speed="13.17" pos="15.67" lane="2/1to1/1_0" slope="0.00"/>
        <vehicle id="32" x="137.37" y="198.35" angle="90.00" type="DEFAULT_VEHTYPE" speed="12.96" pos="137.37" lane="0/1to1/1_0" slope="0.00"/>
        <vehicle id="37" x="499.73" y="401.65" angle="-90.00" type="DEFAULT_VEHTYPE" speed="13.31" pos="95.52" lane="3/2to2/2_0" slope="0.00"/>
        <vehicle id="38" x="201.65" y="229.95" angle="180.00" type="DEFAULT_VEHTYPE" speed="11.39" pos="25.20" lane="1/1to1/2_0" slope="0.00"/>
        <vehicle id="4" x="553.85" y="401.65" angle="-90.00" type="DEFAULT_VEHTYPE" speed="13.67" pos="41.40" lane="3/2to2/2_0" slope="0.00"/>
        <vehicle id="41" x="201.65" y="582.52" angle="180.00" type="DEFAULT_VEHTYPE" speed="13.34" pos="177.77" lane="1/2to1/3_0" slope="0.00"/>
        <vehicle id="42" x="598.35" y="543.35" angle="0.00" type="DEFAULT_VEHTYPE" speed="13.32" pos="51.90" lane="3/3to3/2_0" slope="0.00"/>
        <vehicle id="43" x="307.61" y="201.65" angle="-90.00" type="DEFAULT_VEHTYPE" speed="13.39" pos="87.64" lane="2/1to1/1_0" slope="0.00"/>
        <vehicle id="44" x="198.35" y="263.05" angle="0.00" type="DEFAULT_VEHTYPE" speed="12.97" pos="132.20" lane="1/2to1/1_0" slope="0.00"/>
        <vehicle id="46" x="398.35" y="579.11" angle="0.00" type="DEFAULT_VEHTYPE" speed="13.29" pos="16.14" lane="2/3to2/2_0" slope="0.00"/>
        <vehicle id="47" x="201.65" y="471.82" angle="180.00" type="DEFAULT_VEHTYPE" speed="13.76" pos="67.07" lane="1/2to1/3_0" slope="0.00"/>
        <vehicle id="49" x="302.90" y="598.35" angle="90.00" type="DEFAULT_VEHTYPE" speed="13.24" pos="98.15" lane="1/3to2/3_0" slope="0.00"/>
        <vehicle id="6" x="355.44" y="598.35" angle="90.00" type="DEFAULT_VEHTYPE" speed="12.87" pos="150.69" lane="1/3to2/3_0" slope="0.00"/>
    </timestep>
    <timestep time="521.00">
        <vehicle id="1" x="201.65" y="350.01" angle="180.00" type="DEFAULT_VEHTYPE" speed="13.74" pos="145.26" lane="1/1to1/2_0" slope="0.00"/>
        <vehicle id="11" x="398.35" y="423.87" angle="0.00" type="DEFAULT_VEHTYPE" speed="12.67" pos="171.38" lane="2/3to2/2_0" slope="0.00"/>
        <vehicle id="13" x="381.80" y="198.35" angle="90.00" type="DEFAULT_VEHTYPE" speed="9.57" pos="177.05" lane="1/1to2/1_0" slope="0.00"/>
        <vehicle id="17" x="398.35" y="482.58" angle="0.00" type="DEFAULT_VEHTYPE" speed="12.65" pos="112.67" lane="2/3to2/2_0" slope="0.00"/>
        <vehicle id="2" x="604.93" y="601.65" angle="-90.00" type="DEFAULT_VEHTYPE" speed="4.84" pos="195.07" lane="4/3to3/3_0" slope="0.00"/>
        <vehicle id="21" x="401.65" y="656.26" angle="180.00" type="DEFAULT_VEHTYPE" speed="13.80" pos="51.51" lane="2/3to2/4_0" slope="0.00"/>
        <vehicle id="23" x="201.65" y="442.05" angle="180.00" type="DEFAULT_VEHTYPE" speed="13.85" pos="37.30" lane="1/2to1/3_0" slope="0.00"/>
        <vehicle id="25" x="65.78" y="198.35" angle="90.00" type="DEFAULT_VEHTYPE" speed="13.68" pos="65.78" lane="0/1to1/1_0" slope="0.00"/>
        <vehicle id="27" x="398.35" y="717.45" angle="0.00" type="DEFAULT_VEHTYPE" speed="13.24" pos="82.55" lane="2/4to2/3_0" slope="0.00"/>
        <vehicle id="29" x="506.76" y="198.35" angle="90.00" type="DEFAULT_VEHTYPE" speed="13.41" pos="102.01" lane="2/1to3/1_0" slope="0.00"/>
        <vehicle id="3" x="366.23" y="201.65" angle="-90.00" type="DEFAULT_VEHTYPE" speed="13.35" pos="29.02" lane="2/1to1/1_0" slope="0.00"/>
        <vehicle id="32" x="150.82" y="198.35" angle="90.00" type="DEFAULT_VEHTYPE" speed="13.45" pos="150.82" lane="0/1to1/1_0" slope="0.00"/>
        <vehicle id="37" x="486.24" y="401.65" angle="-90.00" type="DEFAULT_VEHTYPE" speed="13.49" pos="109.01" lane="3/2to2/2_0" slope="0.00"/>
        <vehicle id="38" x="201.65" y="243.31" angle="180.00" type="DEFAULT_VEHTYPE" speed="13.35" pos="38.56" lane="1/1to1/2_0" slope="0.00"/>
        <vehicle id="4" x="540.57" y="401.65" angle="-90.00" type="DEFAULT_VEHTYPE" speed="13.28" pos="54.68" lane="3/2to2/2_0" slope="0.00"/>
        <vehicle id="41" x="201.76" y="596.04" angle="178.73" type="DEFAULT_VEHTYPE" speed="13.53" pos="0.80" lane=":1/3_8_0" slope="0.00"/>
        <vehicle id="42" x="598.35" y="529.84" angle="0.00" type="DEFAULT_VEHTYPE" speed="13.51" pos="65.41" lane="3/3to3/2_0" slope="0.00"/>
        <vehicle id="43" x="294.67" y="201.65" angle="-90.00" type="DEFAULT_VEHTYPE" speed="12.94" pos="100.58" lane="2/1to1/1_0" slope="0.00"/>
        <vehicle id="44" x="198.35" y="249.72" angle="0.00" type="DEFAULT_VEHTYPE" speed="13.32" pos="145.53" lane="1/2to1/1_0" slope="0.00"/>
        <vehicle id="46" x="398.35" y="565.68" angle="0.00" type="DEFAULT_VEHTYPE" speed="13.43" pos="29.57" lane="2/3to2/2_0" slope="0.00"/>
        <vehicle id="47" x="201.65" y="484.52" angle="180.00" type="DEFAULT_VEHTYPE" speed="12.70" pos="79.77" lane="1/2to1/3_0" slope="0.00"/>
        <vehicle id="49" x="316.53" y="598.35" angle="90.00" type="DEFAULT_VEHTYPE" speed="13.63" pos="111.78" lane="1/3to2/3_0" slope="0.00"/>
        <vehicle id="6" x="368.17" y="598.35" angle="90.00" type="DEFAULT_VEHTYPE" speed="12.73" pos="163.42" lane="1/3to2/3_0" slope="0.00"/>
    </timestep>
    <timestep time="522.00">
        <vehicle id="1" x="201.65" y="363.47" angle="180.00" type="DEFAULT_VEHTYPE" speed="13.46" pos="158.72" lane="1/1to1/2_0" slope="0.00"/>
        <vehicle id="11" x="398.35" y="410.38" angle="0.00" type="DEFAULT_VEHTYPE" speed="13.49" pos="184.87" lane="2/3to2/2_0" slope="0.00"/>
        <vehicle id="13" x="387.29" y="198.35" angle="90.00" type="DEFAULT_VEHTYPE" speed="5.49" pos="182.54" lane="1/1to2/1_0" slope="0.00"/>
        <vehicle id="17" x="398.35" y="469.86" angle="0.00" type="DEFAULT_VEHTYPE" speed="12.71" pos="125.39" lane="2/3to2/2_0" slope="0.00"/>
        <vehicle id="2" x="598.88" y="598.27" angle="-50.01" type="DEFAULT_VEHTYPE" speed="7.42" pos="7.24" lane=":3/3_6_0" slope="0.00"/>
        <vehicle id="21" x="401.65" y="670.16" angle="180.00" type="DEFAULT_VEHTYPE" speed="13.90" pos="65.41" lane="2/3to2/4_0" slope="0.00"/>
        <vehicle id="23" x="201.65" y="455.42" angle="180.00" type="DEFAULT_VEHTYPE" speed="13.37" pos="50.67" lane="1/2to1/3_0" slope="0.00"/>
        <vehicle id="25" x="79.58" y="198.35" angle="90.00" type="DEFAULT_VEHTYPE" speed="13.80" pos="79.58" lane="0/1to1/1_0" slope="0.00"/>
        <vehicle id="27" x="398.35" y="704.43" angle="0.00" type="DEFAULT_VEHTYPE" speed="13.02" pos="95.57" lane="2/4to2/3_0" slope="0.00"/>
        <vehicle id="29" x="520.37" y="198.35" angle="90.00" type="DEFAULT_VEHTYPE" speed="13.61" pos="115.62" lane="2/1to3/1_0" slope="0.00"/>
        <vehicle id="3" x="352.49" y="201.65" angle="-90.00" type="DEFAULT_VEHTYPE" speed="13.74" pos="42.76" lane="2/1to1/1_0" slope="0.00"/>
        <vehicle id="32" x="164.28" y="198.35" angle="90.00" type="DEFAULT_VEHTYPE" speed="13.46" pos="164.28" lane="0/1to1/1_0" slope="0.00"/>
        <vehicle id="37" x="472.56" y="401.65" angle="-90.00" type="DEFAULT_VEHTYPE" speed="13.68" pos="122.69" lane="3/2to2/2_0" slope="0.00"/>
        <vehicle id="38" x="201.65" y="256.90" angle="180.00" type="DEFAULT_VEHTYPE" speed="13.59" pos="52.15" lane="1/1to1/2_0" slope="0.00"/>
        <vehicle id="4" x="527.13" y="401.65" angle="-90.00" type="DEFAULT_VEHTYPE" speed="13.45" pos="68.12" lane="3/2to2/2_0" slope="0.00"/>
        <vehicle id="41" x="213.25" y="598.35" angle="90.00" type="DEFAULT_VEHTYPE" speed="12.70" pos="8.50" lane="1/3to2/3_0" slope="0.00"/>
        <vehicle id="42" x="598.35" y="516.47" angle="0.00" type="DEFAULT_VEHTYPE" speed="13.37" pos="78.78" lane="3/3to3/2_0" slope="0.00"/>
        <vehicle id="43" x="281.21" y="201.65" angle="-90.00" type="DEFAULT_VEHTYPE" speed="13.45" pos="114.04" lane="2/1to1/1_0" slope="0.00"/>
        <vehicle id="44" x="198.35" y="236.42" angle="0.00" type="DEFAULT_VEHTYPE" speed="13.30" pos="158.83" lane="1/2to1/1_0" slope="0.00"/>
        <vehicle id="46" x="398.35" y="552.59" angle="0.00" type="DEFAULT_VEHTYPE" speed="13.09" pos="42.66" lane="2/3to2/2_0" slope="0.00"/>
        <vehicle id="47" x="201.65" y="497.93" angle="180.00" type="DEFAULT_VEHTYPE" speed="13.41" pos="93.18" lane="1/2to1/3_0" slope="0.00"/>
        <vehicle id="49" x="330.39" y="598.35" angle="90.00" type="DEFAULT_VEHTYPE" speed="13.86" pos="125.64" lane="1/3to2/3_0" slope="0.00"/>
        <vehicle id="6" x="378.19" y="598.35" angle="90.00" type="DEFAULT_VEHTYPE" speed="10.02" pos="173.44" lane="1/3to2/3_0" slope="0.00"/>
    </timestep>
    <timestep time="523.00">
        <vehicle id="1" x="201.65" y="376.31" angle="180.00" type="DEFAULT_VEHTYPE" speed="12.84" pos="171.56" lane="1/1to1/2_0" slope="0.00"/>
        <vehicle id="11" x="393.20" y="401.65" angle="-75.93" type="DEFAULT_VEHTYPE" speed="12.69" pos="2.05" lane="2/2to1/2_0" slope="0.00"/>
        <vehicle id="13" x="391.01" y="198.35" angle="90.00" type="DEFAULT_VEHTYPE" speed="3.72" pos="186.26" lane="1/1to2/1_0" slope="0.00"/>
        <vehicle id="17" x="398.35" y="457.14" angle="0.00" type="DEFAULT_VEHTYPE" speed="12.72" pos="138.11" lane="2/3to2/2_0" slope="0.00"/>
        <vehicle id="2" x="598.35" y="589.49" angle="0.00" type="DEFAULT_VEHTYPE" speed="8.84" pos="5.76" lane="3/3to3/2_0" slope="0.00"/>
        <vehicle id="21" x="401.65" y="683.58" angle="180.00" type="DEFAULT_VEHTYPE" speed="13.43" pos="78.83" lane="2/3to2/4_0" slope="0.00"/>
        <vehicle id="23" x="201.65" y="468.48" angle="180.00" type="DEFAULT_VEHTYPE" speed="13.06" pos="63.73" lane="1/2to1/3_0" slope="0.00"/>
        <vehicle id="25" x="93.44" y="198.35" angle="90.00" type="DEFAULT_VEHTYPE" speed="13.86" pos="93.44" lane="0/1to1/1_0" slope="0.00"/>
        <vehicle id="27" x="398.35" y="691.70" angle="0.00" type="DEFAULT_VEHTYPE" speed="12.73" pos="108.30" lane="2/4to2/3_0" slope="0.00"/>
        <vehicle id="29" x="533.30" y="198.35" angle="90.00" type="DEFAULT_VEHTYPE" speed="12.93" pos="128.55" lane="2/1to3/1_0" slope="0.00"/>
        <vehicle id="3" x="339.63" y="201.65" angle="-90.00" type="DEFAULT_VEHTYPE" speed="12.87" pos="55.62" lane="2/1to1/1_0" slope="0.00"/>
        <vehicle id="32" x="175.27" y="198.35" angle="90.00" type="DEFAULT_VEHTYPE" speed="10.99" pos="175.27" lane="0/1to1/1_0" slope="0.00"/>
        <vehicle id="37" x="459.30" y="401.65" angle="-90.00" type="DEFAULT_VEHTYPE" speed="13.26" pos="135.95" lane="3/2to2/2_0" slope="0.00"/>
        <vehicle id="38" x="201.65" y="269.92" angle="180.00" type="DEFAULT_VEHTYPE" speed="13.03" pos="65.17" lane="1/1to1/2_0" slope="0.00"/>
        <vehicle id="4" x="513.62" y="401.65" angle="-90.00" type="DEFAULT_VEHTYPE" speed="13.51" pos="81.63" lane="3/2to2/2_0" slope="0.00"/>
        <vehicle id="41" x="226.93" y="598.35" angle="90.00" type="DEFAULT_VEHTYPE" speed="13.68" pos="22.18" lane="1/3to2/3_0" slope="0.00"/>
        <vehicle id="42" x="598.35" y="503.03" angle="0.00" type="DEFAULT_VEHTYPE" speed="13.44" pos="92.22" lane="3/3to3/2_0" slope="0.00"/>
        <vehicle id="43" x="268.02" y="201.65" angle="-90.00" type="DEFAULT_VEHTYPE" speed="13.19" pos="127.23" lane="2/1to1/1_0" slope="0.00"/>
        <vehicle id="44" x="198.35" y="223.28" angle="0.00" type="DEFAULT_VEHTYPE" speed="13.14" pos="171.97" lane="1/2to1/1_0" slope="0.00"/>
        <vehicle id="46" x="398.35" y="539.42" angle="0.00" type="DEFAULT_VEHTYPE" speed="13.17" pos="55.83" lane="2/3to2/2_0" slope="0.00"/>
        <vehicle id="47" x="201.65" y="511.40" angle="180.00" type="DEFAULT_VEHTYPE" speed="13.47" pos="106.65" lane="1/2to1/3_0" slope="0.00"/>
        <vehicle id="49" x="343.75" y="598.35" angle="90.00" type="DEFAULT_VEHTYPE" speed="13.36" pos="139.00" lane="1/3to2/3_0" slope="0.00"/>
        <vehicle id="6" x="385.41" y="598.35" angle="90.00" type="DEFAULT_VEHTYPE" speed="7.22" pos="180.66" lane="1/3to2/3_0" slope="0.00"/>
    </timestep>
    <timestep time="524.00">
        <vehicle id="1" x="201.65" y="389.06" angle="180.00" type="DEFAULT_VEHTYPE" speed="12.75" pos="184.31" lane="1/1to1/2_0" slope="0.00"/>
        <vehicle id="11" x="379.92" y="401.65" angle="-90.00" type="DEFAULT_VEHTYPE" speed="13.27" pos="15.33" lane="2/2to1/2_0" slope="0.00"/>
        <vehicle id="13" x="396.19" y="198.35" angle="90.00" type="DEFAULT_VEHTYPE" speed="5.18" pos="0.94" lane=":2/1_13_0" slope="0.00"/>
        <vehicle id="17" x="398.35" y="444.13" angle="0.00" type="DEFAULT_VEHTYPE" speed="13.01" pos="151.12" lane="2/3to2/2_0" slope="0.00"/>
        <vehicle id="2" x="598.35" y="578.91" angle="0.00" type="DEFAULT_VEHTYPE" speed="10.58" pos="16.34" lane="3/3to3/2_0" slope="0.00"/>
        <vehicle id="21" x="401.65" y="697.20" angle="180.00" type="DEFAULT_VEHTYPE" speed="13.61" pos="92.45" lane="2/3to2/4_0" slope="0.00"/>
        <vehicle id="23" x="201.65" y="482.03" angle="180.00" type="DEFAULT_VEHTYPE" speed="13.55" pos="77.28" lane="1/2to1/3_0" slope="0.00"/>
        <vehicle id="25" x="106.27" y="198.35" angle="90.00" type="DEFAULT_VEHTYPE" speed="12.83" pos="106.27" lane="0/1to1/1_0" slope="0.00"/>
        <vehicle id="27" x="398.35" y="679.05" angle="0.00" type="DEFAULT_VEHTYPE" speed="12.65" pos="120.95" lane="2/4to2/3_0" slope="0.00"/>
        <vehicle id="29" x="546.30" y="198.35" angle="90.00" type="DEFAULT_VEHTYPE" speed="13.00" pos="141.55" lane="2/1to3/1_0" slope="0.00"/>
        <vehicle id="3" x="326.28" y="201.65" angle="-90.00" type="DEFAULT_VEHTYPE" speed="13.35" pos="68.97" lane="2/1to1/1_0" slope="0.00"/>
        <vehicle id="32" x="183.70" y="198.35" angle="90.00" type="DEFAULT_VEHTYPE" speed="8.44" pos="183.70" lane="0/1to1/1_0" slope="0.00"/>
        <vehicle id="37" x="445.67" y="401.65" angle="-90.00" type="DEFAULT_VEHTYPE" speed="13.63" pos="149.58" lane="3/2to2/2_0" slope="0.00"/>
        <vehicle id="38" x="201.65" y="282.85" angle="180.00" type="DEFAULT_VEHTYPE" speed="12.92" pos="78.10" lane="1/1to1/2_0" slope="0.00"/>
        <vehicle id="4" x="500.88" y="401.65" angle="-90.00" type="DEFAULT_VEHTYPE" speed="12.74" pos="94.37" lane="3/2to2/2_0" slope="0.00"/>
        <vehicle id="41" x="240.46" y="598.35" angle="90.00" type="DEFAULT_VEHTYPE" speed="13.53" pos="35.71" lane="1/3to2/3_0" slope="0.00"/>
        <vehicle id="42" x="598.35" y="489.24" angle="0.00" type="DEFAULT_VEHTYPE" speed="13.79" pos="106.01" lane="3/3to3/2_0" slope="0.00"/>
        <vehicle id="43" x="255.22" y="201.65" angle="-90.00" type="DEFAULT_VEHTYPE" speed="12.81" pos="140.03" lane="2/1to1/1_0" slope="0.00"/>
        <vehicle id="44" x="198.35" y="210.64" angle="0.00" type="DEFAULT_VEHTYPE" speed="12.64" pos="184.61" lane="1/2to1/1_0" slope="0.00"/>
        <vehicle id="46" x="398.35" y="526.06" angle="0.00" type="DEFAULT_VEHTYPE" speed="13.36" pos="69.19" lane="2/3to2/2_0" slope="0.00"/>
        <vehicle id="47" x="201.65" y="524.23" angle="180.00" type="DEFAULT_VEHTYPE" speed="12.83" pos="119.48" lane="1/2to1/3_0" slope="0.00"/>
        <vehicle id="49" x="357.61" y="598.35" angle="90.00" type="DEFAULT_VEHTYPE" speed="13.86" pos="152.86" lane="1/3to2/3_0" slope="0.00"/>
        <vehicle id="6" x="389.20" y="598.35" angle="90.00" type="DEFAULT_VEHTYPE" speed="3.79" pos="184.45" lane="1/3to2/3_0" slope="0.00"/>
    </timestep>
    <timestep time="525.00">
        <vehicle id="1" x="201.65" y="402.67" angle="180.00" type="DEFAULT_VEHTYPE" speed="13.61" pos="7.42" lane=":1/2_9_0" slope="0.00"/>
        <vehicle id="11" x="367.27" y="401.65" angle="-90.00" type="DEFAULT_VEHTYPE" speed="12.66" pos="27.98" lane="2/2to1/2_0" slope="0.00"/>
        <vehicle id="13" x="403.37" y="198.35" angle="90.00" type="DEFAULT_VEHTYPE" speed="7.18" pos="8.12" lane=":2/1_13_0" slope="0.00"/>
        <vehicle id="17" x="398.35" y="430.96" angle="0.00" type="DEFAULT_VEHTYPE" speed="13.18" pos="164.29" lane="2/3to2/2_0" slope="0.00"/>
        <vehicle id="2" x="598.35" y="566.79" angle="0.00" type="DEFAULT_VEHTYPE" speed="12.12" pos="28.46" lane="3/3to3/2_0" slope="0.00"/>
        <vehicle id="21" x="401.65" y="710.10" angle="180.00" type="DEFAULT_VEHTYPE" speed="12.90" pos="105.35" lane="2/3to2/4_0" slope="0.00"/>
        <vehicle id="23" x="201.65" y="495.43" angle="180.00" type="DEFAULT_VEHTYPE" speed="13.40" pos="90.68" lane="1/2to1/3_0" slope="0.00"/>
        <vehicle id="25" x="119.93" y="198.35" angle="90.00" type="DEFAULT_VEHTYPE" speed="13.66" pos="119.93" lane="0/1to1/1_0" slope="0.00"/>
        <vehicle id="27" x="398.35" y="666.22" angle="0.00" type="DEFAULT_VEHTYPE" speed="12.84" pos="133.78" lane="2/4to2/3_0" slope="0.00"/>
        <vehicle id="29" x="559.38" y="198.35" angle="90.00" type="DEFAULT_VEHTYPE" speed="13.08" pos="154.63" lane="2/1to3/1_0" slope="0.00"/>
        <vehicle id="3" x="312.80" y="201.65" angle="-90.00" type="DEFAULT_VEHTYPE" speed="13.48" pos="82.45" lane="2/1to1/1_0" slope="0.00"/>
        <vehicle id="32" x="188.99" y="198.35" angle="90.00" type="DEFAULT_VEHTYPE" speed="5.28" pos="188.99" lane="0/1to1/1_0" slope="0.00"/>
        <vehicle id="37" x="432.05" y="401.65" angle="-90.00" type="DEFAULT_VEHTYPE" speed="13.62" pos="163.20" lane="3/2to2/2_0" slope="0.00"/>
        <vehicle id="38" x="201.65" y="296.54" angle="180.00" type="DEFAULT_VEHTYPE" speed="13.69" pos="91.79" lane="1/1to1/2_0" slope="0.00"/>
        <vehicle id="4" x="487.15" y="401.65" angle="-90.00" type="DEFAULT_VEHTYPE" speed="13.73" pos="108.10" lane="3/2to2/2_0" slope="0.00"/>
        <vehicle id="41" x="253.39" y="598.35" angle="90.00" type="DEFAULT_VEHTYPE" speed="12.93" pos="48.64" lane="1/3to2/3_0" slope="0.00"/>
        <vehicle id="42" x="598.35" y="476.36" angle="0.00" type="DEFAULT_VEHTYPE" speed="12.88" pos="118.89" lane="3/3to3/2_0" slope="0.00"/>
        <vehicle id="43" x="242.43" y="201.65" angle="-90.00" type="DEFAULT_VEHTYPE" speed="12.79" pos="152.82" lane="2/1to1/1_0" slope="0.00"/>
        <vehicle id="44" x="192.98" y="201.65" angle="-78.38" type="DEFAULT_VEHTYPE" speed="13.17" pos="2.27" lane="1/1to0/1_0" slope="0.00"/>
        <vehicle id="46" x="398.35" y="513.31" angle="0.00" type="DEFAULT_VEHTYPE" speed="12.75" pos="81.94" lane="2/3to2/2_0" slope="0.00"/>
        <vehicle id="47" x="201.65" y="537.27" angle="180.00" type="DEFAULT_VEHTYPE" speed="13.03" pos="132.52" lane="1/2to1/3_0" slope="0.00"/>
        <vehicle id="49" x="367.66" y="598.35" angle="90.00" type="DEFAULT_VEHTYPE" speed="10.05" pos="162.91" lane="1/3to2/3_0" slope="0.00"/>
        <vehicle id="6" x="395.19" y="598.35" angle="90.00" type="DEFAULT_VEHTYPE" speed="5.98" pos="190.44" lane="1/3to2/3_0" slope="0.00"/>
    </timestep>
    <timestep time="526.00">
        <vehicle id="1" x="201.65" y="415.92" angle="180.00" type="DEFAULT_VEHTYPE" speed="13.25" pos="11.17" lane="1/2to1/3_0" slope="0.00"/>
        <vehicle id="11" x="353.91" y="401.65" angle="-90.00" type="DEFAULT_VEHTYPE" speed="13.35" pos="41.34" lane="2/2to1/2_0" slope="0.00"/>
        <vehicle id="13" x="412.66" y="198.35" angle="90.00" type="DEFAULT_VEHTYPE" speed="9.29" pos="7.91" lane="2/1to3/1_0" slope="0.00"/>
        <vehicle id="17" x="398.35" y="417.18" angle="0.00" type="DEFAULT_VEHTYPE" speed="13.77" pos="178.07" lane="2/3to2/2_0" slope="0.00"/>
        <vehicle id="2" x="598.35" y="553.77" angle="0.00" type="DEFAULT_VEHTYPE" speed="13.02" pos="41.48" lane="3/3to3/2_0" slope="0.00"/>
        <vehicle id="21" x="401.65" y="723.46" angle="180.00" type="DEFAULT_VEHTYPE" speed="13.36" pos="118.71" lane="2/3to2/4_0" slope="0.00"/>
        <vehicle id="23" x="201.65" y="508.30" angle="180.00" type="DEFAULT_VEHTYPE" speed="12.87" pos="103.55" lane="1/2to1/3_0" slope="0.00"/>
        <vehicle id="25" x="133.73" y="198.35" angle="90.00" type="DEFAULT_VEHTYPE" speed="13.80" pos="133.73" lane="0/1to1/1_0" slope="0.00"/>
        <vehicle id="27" x="398.35" y="652.58" angle="0.00" type="DEFAULT_VEHTYPE" speed="13.64" pos="147.42" lane="2/4to2/3_0" slope="0.00"/>
        <vehicle id="29" x="572.70" y="198.35" angle="90.00" type="DEFAULT_VEHTYPE" speed="13.32" pos="167.95" lane="2/1to3/1_0" slope="0.00"/>
        <vehicle id="3" x="299.60" y="201.65" angle="-90.00" type="DEFAULT_VEHTYPE" speed="13.19" pos="95.65" lane="2/1to1/1_0" slope="0.00"/>
        <vehicle id="32" x="196.28" y="198.21" angle="88.36" type="DEFAULT_VEHTYPE" speed="7.30" pos="1.03" lane=":1/1_12_0" slope="0.00"/>
        <vehicle id="37" x="421.19" y="401.65" angle="-90.00" type="DEFAULT_VEHTYPE" speed="10.86" pos="174.06" lane="3/2to2/2_0" slope="0.00"/>
        <vehicle id="38" x="201.65" y="310.42" angle="180.00" type="DEFAULT_VEHTYPE" speed="13.88" pos="105.67" lane="1/1to1/2_0" slope="0.00"/>
        <vehicle id="4" x="474.30" y="401.65" angle="-90.00" type="DEFAULT_VEHTYPE" speed="12.85" pos="120.95" lane="3/2to2/2_0" slope="0.00"/>
        <vehicle id="41" x="266.71" y="598.35" angle="90.00" type="DEFAULT_VEHTYPE" speed="13.32" pos="61.96" lane="1/3to2/3_0" slope="0.00"/>
        <vehicle id="42" x="598.35" y="463.75" angle="0.00" type="DEFAULT_VEHTYPE" speed="12.61" pos="131.50" lane="3/3to3/2_0" slope="0.00"/>
        <vehicle id="43" x="229.66" y="201.65" angle="-90.00" type="DEFAULT_VEHTYPE" speed="12.77" pos="165.59" lane="2/1to1/1_0" slope="0.00"/>
        <vehicle id="44" x="180.36" y="201.65" angle="-90.00" type="DEFAULT_VEHTYPE" speed="12.61" pos="14.89" lane="1/1to0/1_0" slope="0.00"/>
        <vehicle id="46" x="398.35" y="500.61" angle="0.00" type="DEFAULT_VEHTYPE" speed="12.71" pos="94.64" lane="2/3to2/2_0" slope="0.00"/>
        <vehicle id="47" x="201.65" y="550.71" angle="180.00" type="DEFAULT_VEHTYPE" speed="13.45" pos="145.96" lane="1/2to1/3_0" slope="0.00"/>
        <vehicle id="49" x="378.16" y="598.35" angle="90.00" type="DEFAULT_VEHTYPE" speed="10.50" pos="173.41" lane="1/3to2/3_0" slope="0.00"/>
        <vehicle id="6" x="401.15" y="601.79" angle="130.70" type="DEFAULT_VEHTYPE" speed="7.37" pos="7.31" lane=":2/3_14_0" slope="0.00"/>
    </timestep>
    <timestep time="527.00">
        <vehicle id="1" x="201.65" y="428.74" angle="180.00" type="DEFAULT_VEHTYPE" speed="12.83" pos="23.99" lane="1/2to1/3_0" slope="0.00"/>
        <vehicle id="11" x="340.17" y="401.65" angle="-90.00" type="DEFAULT_VEHTYPE" speed="13.74" pos="55.08" lane="2/2to1/2_0" slope="0.00"/>
        <vehicle id="13" x="424.36" y="198.35" angle="90.00" type="DEFAULT_VEHTYPE" speed="11.71" pos="19.61" lane="2/1to3/1_0" slope="0.00"/>
        <vehicle id="17" x="398.35" y="404.04" angle="0.00" type="DEFAULT_VEHTYPE" speed="13.14" pos="0.71" lane=":2/2_1_0" slope="0.00"/>
        <vehicle id="2" x="598.35" y="539.91" angle="0.00" type="DEFAULT_VEHTYPE" speed="13.86" pos="55.34" lane="3/3to3/2_0" slope="0.00"/>
        <vehicle id="21" x="401.65" y="736.63" angle="180.00" type="DEFAULT_VEHTYPE" speed="13.18" pos="131.88" lane="2/3to2/4_0" slope="0.00"/>
        <vehicle id="23" x="201.65" y="521.09" angle="180.00" type="DEFAULT_VEHTYPE" speed="12.79" pos="116.34" lane="1/2to1/3_0" slope="0.00"/>
        <vehicle id="25" x="147.59" y="198.35" angle="90.00" type="DEFAULT_VEHTYPE" speed="13.86" pos="147.59" lane="0/1to1/1_0" slope="0.00"/>
        <vehicle id="27" x="398.35" y="639.91" angle="0.00" type="DEFAULT_VEHTYPE" speed="12.67" pos="160.09" lane="2/4to2/3_0" slope="0.00"/>
        <vehicle id="29" x="581.52" y="198.35" angle="90.00" type="DEFAULT_VEHTYPE" speed="8.82" pos="176.77" lane="2/1to3/1_0" slope="0.00"/>
        <vehicle id="3" x="285.84" y="201.65" angle="-90.00" type="DEFAULT_VEHTYPE" speed="13.76" pos="109.41" lane="2/1to1/1_0" slope="0.00"/>
        <vehicle id="32" x="198.35" y="190.48" angle="0.38" type="DEFAULT_VEHTYPE" speed="8.73" pos="4.77" lane="1/1to1/0_0" slope="0.00"/>
        <vehicle id="37" x="413.73" y="401.65" angle="-90.00" type="DEFAULT_VEHTYPE" speed="7.46" pos="181.52" lane="3/2to2/2_0" slope="0.00"/>
        <vehicle id="38" x="201.65" y="323.98" angle="180.00" type="DEFAULT_VEHTYPE" speed="13.56" pos="119.23" lane="1/1to1/2_0" slope="0.00"/>
        <vehicle id="4" x="460.70" y="401.65" angle="-90.00" type="DEFAULT_VEHTYPE" speed="13.60" pos="134.55" lane="3/2to2/2_0" slope="0.00"/>
        <vehicle id="41" x="280.38" y="598.35" angle="90.00" type="DEFAULT_VEHTYPE" speed="13.67" pos="75.63" lane="1/3to2/3_0" slope="0.00"/>
        <vehicle id="42" x="598.35" y="449.87" angle="0.00" type="DEFAULT_VEHTYPE" speed="13.88" pos="145.38" lane="3/3to3/2_0" slope="0.00"/>
        <vehicle id="43" x="220.56" y="201.65" angle="-90.00" type="DEFAULT_VEHTYPE" speed="9.10" pos="174.69" lane="2/1to1/1_0" slope="0.00"/>
        <vehicle id="44" x="166.58" y="201.65" angle="-90.00" type="DEFAULT_VEHTYPE" speed="13.78" pos="28.67" lane="1/1to0/1_0" slope="0.00"/>
        <vehicle id="46" x="398.35" y="487.53" angle="0.00" type="DEFAULT_VEHTYPE" speed="13.08" pos="107.72" lane="2/3to2/2_0" slope="0.00"/>
        <vehicle id="47" x="201.65" y="564.16" angle="180.00" type="DEFAULT_VEHTYPE" speed="13.44" pos="159.41" lane="1/2to1/3_0" slope="0.00"/>
        <vehicle id="49" x="385.06" y="598.35" angle="90.00" type="DEFAULT_VEHTYPE" speed="6.91" pos="180.31" lane="1/3to2/3_0" slope="0.00"/>
        <vehicle id="6" x="401.65" y="611.19" angle="180.00" type="DEFAULT_VEHTYPE" speed="9.46" pos="6.44" lane="2/3to2/4_0" slope="0.00"/>
    </timestep>
    <timestep time="528.00">
        <vehicle id="1" x="201.65" y="442.56" angle="180.00" type="DEFAULT_VEHTYPE" speed="13.82" pos="37.81" lane="1/2to1/3_0" slope="0.00"/>
        <vehicle id="11" x="326.68" y="401.65" angle="-90.00" type="DEFAULT_VEHTYPE" speed="13.49" pos="68.57" lane="2/2to1/2_0" slope="0.00"/>
        <vehicle id="13" x="437.76" y="198.35" angle="90.00" type="DEFAULT_VEHTYPE" speed="13.40" pos="33.01" lane="2/1to3/1_0" slope="0.00"/>
        <vehicle id="17" x="398.35" y="390.74" angle="0.00" type="DEFAULT_VEHTYPE" speed="13.30" pos="4.51" lane="2/2to2/1_0" slope="0.00"/>
        <vehicle id="2" x="598.35" y="527.01" angle="0.00" type="DEFAULT_VEHTYPE" speed="12.90" pos="68.24" lane="3/3to3/2_0" slope="0.00"/>
        <vehicle id="21" x="401.65" y="749.37" angle="180.00" type="DEFAULT_VEHTYPE" speed="12.74" pos="144.62" lane="2/3to2/4_0" slope="0.00"/>
        <vehicle id="23" x="201.65" y="533.94" angle="180.00" type="DEFAULT_VEHTYPE" speed="12.84" pos="129.19" lane="1/2to1/3_0" slope="0.00"/>
        <vehicle id="25" x="160.19" y="198.35" angle="90.00" type="DEFAULT_VEHTYPE" speed="12.60" pos="160.19" lane="0/1to1/1_0" slope="0.00"/>
        <vehicle id="27" x="398.35" y="626.81" angle="0.00" type="DEFAULT_VEHTYPE" speed="13.10" pos="173.19" lane="2/4to2/3_0" slope="0.00"/>
        <vehicle id="29" x="587.25" y="198.35" angle="90.00" type="DEFAULT_VEHTYPE" speed="5.73" pos="182.50" lane="2/1to3/1_0" slope="0.00"/>
        <vehicle id="3" x="272.66" y="201.65" angle="-90.00" type="DEFAULT_VEHTYPE" speed="13.18" pos="122.59" lane="2/1to1/1_0" slope="0.00"/>
        <vehicle id="32" x="198.35" y="179.41" angle="0.00" type="DEFAULT_VEHTYPE" speed="11.08" pos="15.84" lane="1/1to1/0_0" slope="0.00"/>
        <vehicle id="37" x="410.46" y="401.65" angle="-90.00" type="DEFAULT_VEHTYPE" speed="3.28" pos="184.79" lane="3/2to2/2_0" slope="0.00"/>
        <vehicle id="38" x="201.65" y="336.82" angle="180.00" type="DEFAULT_VEHTYPE" speed="12.83" pos="132.07" lane="1/1to1/2_0" slope="0.00"/>
        <vehicle id="4" x="448.10" y="401.65" angle="-90.00" type="DEFAULT_VEHTYPE" speed="12.60" pos="147.15" lane="3/2to2/2_0" slope="0.00"/>
        <vehicle id="41" x="293.62" y="598.35" angle="90.00" type="DEFAULT_VEHTYPE" speed="13.24" pos="88.87" lane="1/3to2/3_0" slope="0.00"/>
        <vehicle id="42" x="598.35" y="436.90" angle="0.00" type="DEFAULT_VEHTYPE" speed="12.96" pos="158.35" lane="3/3to3/2_0" slope="0.00"/>
        <vehicle id="43" x="213.27" y="201.65" angle="-90.00" type="DEFAULT_VEHTYPE" speed="7.29" pos="181.98" lane="2/1to1/1_0" slope="0.00"/>
        <vehicle id="44" x="153.35" y="201.65" angle="-90.00" type="DEFAULT_VEHTYPE" speed="13.23" pos="41.90" lane="1/1to0/1_0" slope="0.00"/>
        <vehicle id="46" x="398.35" y="474.34" angle="0.00" type="DEFAULT_VEHTYPE" speed="13.19" pos="120.91" lane="2/3to2/2_0" slope="0.00"/>
        <vehicle id="47" x="201.65" y="578.05" angle="180.00" type="DEFAULT_VEHTYPE" speed="13.90" pos="173.30" lane="1/2to1/3_0" slope="0.00"/>
        <vehicle id="49" x="389.52" y="598.35" angle="90.00" type="DEFAULT_VEHTYPE" speed="4.45" pos="184.77" lane="1/3to2/3_0" slope="0.00"/>
        <vehicle id="6" x="401.65" y="622.12" angle="180.00" type="DEFAULT_VEHTYPE" speed="10.93" pos="17.37" lane="2/3to2/4_0" slope="0.00"/>
    </timestep>
    <timestep time="529.00">
        <vehicle id="1" x="201.65" y="455.36" angle="180.00" type="DEFAULT_VEHTYPE" speed="12.80" pos="50.61" lane="1/2to1/3_0" slope="0.00"/>
        <vehicle id="11" x="312.79" y="401.65" angle="-90.00" type="DEFAULT_VEHTYPE" speed="13.89" pos="82.46" lane="2/2to1/2_0" slope="0.00"/>
        <vehicle id="13" x="450.87" y="198.35" angle="90.00" type="DEFAULT_VEHTYPE" speed="13.11" pos="46.12" lane="2/1to3/1_0" slope="0.00"/>
        <vehicle id="17" x="398.35" y="377.49" angle="0.00" type="DEFAULT_VEHTYPE" speed="13.25" pos="17.76" lane="2/2to2/1_0" slope="0.00"/>
        <vehicle id="2" x="598.35" y="514.33" angle="0.00" type="DEFAULT_VEHTYPE" speed="12.67" pos="80.92" lane="3/3to3/2_0" slope="0.00"/>
        <vehicle id="21" x="401.65" y="762.93" angle="180.00" type="DEFAULT_VEHTYPE" speed="13.56" pos="158.18" lane="2/3to2/4_0" slope="0.00"/>
        <vehicle id="23" x="201.65" y="547.75" angle="180.00" type="DEFAULT_VEHTYPE" speed="13.81" pos="143.00" lane="1/2to1/3_0" slope="0.00"/>
        <vehicle id="25" x="173.09" y="198.35" angle="90.00" type="DEFAULT_VEHTYPE" speed="12.90" pos="173.09" lane="0/1to1/1_0" slope="0.00"/>
        <vehicle id="27" x="398.35" y="613.83" angle="0.00" type="DEFAULT_VEHTYPE" speed="12.98" pos="186.17" lane="2/4to2/3_0" slope="0.00"/>
        <vehicle id="29" x="590.91" y="198.35" angle="90.00" type="DEFAULT_VEHTYPE" speed="3.66" pos="186.16" lane="2/1to3/1_0" slope="0.00"/>
        <vehicle id="3" x="259.36" y="201.65" angle="-90.00" type="DEFAULT_VEHTYPE" speed="13.31" pos="135.89" lane="2/1to1/1_0" slope="0.00"/>
        <vehicle id="32" x="198.35" y="165.95" angle="0.00" type="DEFAULT_VEHTYPE" speed="13.46" pos="29.30" lane="1/1to1/0_0" slope="0.00"/>
        <vehicle id="37" x="404.99" y="401.65" angle="-90.00" type="DEFAULT_VEHTYPE" speed="5.47" pos="190.26" lane="3/2to2/2_0" slope="0.00"/>
        <vehicle id="38" x="201.65" y="349.84" angle="180.00" type="DEFAULT_VEHTYPE" speed="13.03" pos="145.09" lane="1/1to1/2_0" slope="0.00"/>
        <vehicle id="4" x="435.58" y="401.65" angle="-90.00" type="DEFAULT_VEHTYPE" speed="12.52" pos="159.67" lane="3/2to2/2_0" slope="0.00"/>
        <vehicle id="41" x="307.44" y="598.35" angle="90.00" type="DEFAULT_VEHTYPE" speed="13.82" pos="102.69" lane="1/3to2/3_0" slope="0.00"/>
        <vehicle id="42" x="598.35" y="423.59" angle="0.00" type="DEFAULT_VEHTYPE" speed="13.31" pos="171.66" lane="3/3to3/2_0" slope="0.00"/>
        <vehicle id="43" x="210.35" y="201.65" angle="-90.00" type="DEFAULT_VEHTYPE" speed="2.92" pos="184.90" lane="2/1to1/1_0" slope="0.00"/>
        <vehicle id="44" x="140.16" y="201.65" angle="-90.00" type="DEFAULT_VEHTYPE" speed="13.19" pos="55.09" lane="1/1to0/1_0" slope="0.00"/>
        <vehicle id="46" x="398.35" y="461.20" angle="0.00" type="DEFAULT_VEHTYPE" speed="13.15" pos="134.05" lane="2/3to2/2_0" slope="0.00"/>
        <vehicle id="47" x="201.65" y="591.88" angle="180.00" type="DEFAULT_VEHTYPE" speed="13.83" pos="187.13" lane="1/2to1/3_0" slope="0.00"/>
        <vehicle id="49" x="391.89" y="598.35" angle="90.00" type="DEFAULT_VEHTYPE" speed="2.37" pos="187.14" lane="1/3to2/3_0" slope="0.00"/>
        <vehicle id="6" x="401.65" y="634.38" angle="180.00" type="DEFAULT_VEHTYPE" speed="12.26" pos="29.63" lane="2/3to2/4_0" slope="0.00"/>
    </timestep>
    <timestep time="530.00">
        <vehicle id="1" x="201.65" y="468.67" angle="180.00" type="DEFAULT_VEHTYPE" speed="13.31" pos="63.92" lane="1/2to1/3_0" slope="0.00"/>
        <vehicle id="11" x="299.51" y="401.65" angle="-90.00" type="DEFAULT_VEHTYPE" speed="13.28" pos="95.74" lane="2/2to1/2_0" slope="0.00"/>
        <vehicle id="13" x="464.11" y="198.35" angle="90.00" type="DEFAULT_VEHTYPE" speed="13.24" pos="59.36" lane="2/1to3/1_0" slope="0.00"/>
        <vehicle id="17" x="398.35" y="364.85" angle="0.00" type="DEFAULT_VEHTYPE" speed="12.64" pos="30.40" lane="2/2to2/1_0" slope="0.00"/>
        <vehicle id="2" x="598.35" y="501.04" angle="0.00" type="DEFAULT_VEHTYPE" speed="13.30" pos="94.21" lane="3/3to3/2_0" slope="0.00"/>
        <vehicle id="21" x="401.65" y="776.15" angle="180.00" type="DEFAULT_VEHTYPE" speed="13.23" pos="171.40" lane="2/3to2/4_0" slope="0.00"/>
        <vehicle id="23" x="201.65" y="561.34" angle="180.00" type="DEFAULT_VEHTYPE" speed="13.59" pos="156.59" lane="1/2to1/3_0" slope="0.00"/>
        <vehicle id="25" x="181.95" y="198.35" angle="90.00" type="DEFAULT_VEHTYPE" speed="8.86" pos="181.95" lane="0/1to1/1_0" slope="0.00"/>
        <vehicle id="27" x="398.35" y="600.06" angle="0.00" type="DEFAULT_VEHTYPE" speed="13.77" pos="4.69" lane=":2/3_1_0" slope="0.00"/>
        <vehicle id="29" x="596.97" y="198.35" angle="90.00" type="DEFAULT_VEHTYPE" speed="6.05" pos="1.72" lane=":3/1_13_0" slope="0.00"/>
        <vehicle id="3" x="246.61" y="201.65" angle="-90.00" type="DEFAULT_VEHTYPE" speed="12.75" pos="148.64" lane="2/1to1/1_0" slope="0.00"/>
        <vehicle id="32" x="198.35" y="153.25" angle="0.00" type="DEFAULT_VEHTYPE" speed="12.70" pos="42.00" lane="1/1to1/0_0" slope="0.00"/>
        <vehicle id="37" x="398.73" y="397.92" angle="-45.50" type="DEFAULT_VEHTYPE" speed="7.86" pos="7.63" lane=":2/2_6_0" slope="0.00"/>
        <vehicle id="38" x="201.65" y="363.69" angle="180.00" type="DEFAULT_VEHTYPE" speed="13.85" pos="158.94" lane="1/1to1/2_0" slope="0.00"/>
        <vehicle id="4" x="423.64" y="401.65" angle="-90.00" type="DEFAULT_VEHTYPE" speed="11.95" pos="171.61" lane="3/2to2/2_0" slope="0.00"/>
        <vehicle id="41" x="320.19" y="598.35" angle="90.00" type="DEFAULT_VEHTYPE" speed="12.75" pos="115.44" lane="1/3to2/3_0" slope="0.00"/>
        <vehicle id="42" x="598.35" y="410.86" angle="0.00" type="DEFAULT_VEHTYPE" speed="12.73" pos="184.39" lane="3/3to3/2_0" slope="0.00"/>
        <vehicle id="43" x="205.99" y="201.65" angle="-90.00" type="DEFAULT_VEHTYPE" speed="4.36" pos="189.26" lane="2/1to1/1_0" slope="0.00"/>
        <vehicle id="44" x="127.36" y="201.65" angle="-90.00" type="DEFAULT_VEHTYPE" speed="12.80" pos="67.89" lane="1/1to0/1_0" slope="0.00"/>
        <vehicle id="46" x="398.35" y="448.35" angle="0.00" type="DEFAULT_VEHTYPE" speed="12.85" pos="146.90" lane="2/3to2/2_0" slope="0.00"/>
        <vehicle id="47" x="209.73" y="598.35" angle="90.04" type="DEFAULT_VEHTYPE" speed="13.34" pos="4.98" lane="1/3to2/3_0" slope="0.00"/>
        <vehicle id="49" x="392.39" y="598.35" angle="90.00" type="DEFAULT_VEHTYPE" speed="0.51" pos="187.64" lane="1/3to2/3_0" slope="0.00"/>
        <vehicle id="6" x="401.65" y="647.03" angle="180.00" type="DEFAULT_VEHTYPE" speed="12.65" pos="42.28" lane="2/3to2/4_0" slope="0.00"/>
    </timestep>
    <timestep time="531.00">
        <vehicle id="1" x="201.65" y="482.09" angle="180.00" type="DEFAULT_VEHTYPE" speed="13.42" pos="77.34" lane="1/2to1/3_0" slope="0.00"/>
        <vehicle id="11" x="285.63" y="401.65" angle="-90.00" type="DEFAULT_VEHTYPE" speed="13.88" pos="109.62" lane="2/2to1/2_0" slope="0.00"/>
        <vehicle id="13" x="477.42" y="198.35" angle="90.00" type="DEFAULT_VEHTYPE" speed="13.30" pos="72.67" lane="2/1to3/1_0" slope="0.00"/>
        <vehicle id="17" x="398.35" y="351.03" angle="0.00" type="DEFAULT_VEHTYPE" speed="13.82" pos="44.22" lane="2/2to2/1_0" slope="0.00"/>
        <vehicle id="2" x="598.35" y="488.31" angle="0.00" type="DEFAULT_VEHTYPE" speed="12.73" pos="106.94" lane="3/3to3/2_0" slope="0.00"/>
        <vehicle id="21" x="401.65" y="789.48" angle="180.00" type="DEFAULT_VEHTYPE" speed="13.32" pos="184.73" lane="2/3to2/4_0" slope="0.00"/>
        <vehicle id="23" x="201.65" y="574.66" angle="180.00" type="DEFAULT_VEHTYPE" speed="13.32" pos="169.91" lane="1/2to1/3_0" slope="0.00"/>
        <vehicle id="25" x="187.93" y="198.35" angle="90.00" type="DEFAULT_VEHTYPE" speed="5.98" pos="187.93" lane="0/1to1/1_0" slope="0.00"/>
        <vehicle id="27" x="398.35" y="586.82" angle="0.00" type="DEFAULT_VEHTYPE" speed="13.24" pos="8.43" lane="2/3to2/2_0" slope="0.00"/>
        <vehicle id="29" x="604.56" y="198.35" angle="90.00" type="DEFAULT_VEHTYPE" speed="7.59" pos="9.31" lane=":3/1_13_0" slope="0.00"/>
        <vehicle id="3" x="233.53" y="201.65" angle="-90.00" type="DEFAULT_VEHTYPE" speed="13.08" pos="161.72" lane="2/1to1/1_0" slope="0.00"/>
        <vehicle id="32" x="198.35" y="139.91" angle="0.00" type="DEFAULT_VEHTYPE" speed="13.35" pos="55.34" lane="1/1to1/0_0" slope="0.00"/>
        <vehicle id="37" x="398.35" y="387.68" angle="0.00" type="DEFAULT_VEHTYPE" speed="10.27" pos="7.57" lane="2/2to2/1_0" slope="0.00"/>
        <vehicle id="38" x="201.65" y="376.30" angle="180.00" type="DEFAULT_VEHTYPE" speed="12.60" pos="171.55" lane="1/1to1/2_0" slope="0.00"/>
        <vehicle id="4" x="415.58" y="401.65" angle="-90.00" type="DEFAULT_VEHTYPE" speed="8.05" pos="179.67" lane="3/2to2/2_0" slope="0.00"/>
        <vehicle id="41" x="333.78" y="598.35" angle="90.00" type="DEFAULT_VEHTYPE" speed="13.59" pos="129.03" lane="1/3to2/3_0" slope="0.00"/>
        <vehicle id="42" x="592.69" y="401.65" angle="-81.28" type="DEFAULT_VEHTYPE" speed="13.67" pos="2.56" lane="3/2to2/2_0" slope="0.00"/>
        <vehicle id="43" x="201.66" y="204.68" angle="-133.80" type="DEFAULT_VEHTYPE" speed="6.17" pos="4.93" lane=":1/1_4_0" slope="0.00"/>
        <vehicle id="44" x="113.98" y="201.65" angle="-90.00" type="DEFAULT_VEHTYPE" speed="13.38" pos="81.27" lane="1/1to0/1_0" slope="0.00"/>
        <vehicle id="46" x="398.35" y="434.87" angle="0.00" type="DEFAULT_VEHTYPE" speed="13.48" pos="160.38" lane="2/3to2/2_0" slope="0.00"/>
        <vehicle id="47" x="223.17" y="598.35" angle="90.00" type="DEFAULT_VEHTYPE" speed="13.44" pos="18.42" lane="1/3to2/3_0" slope="0.00"/>
        <vehicle id="49" x="392.73" y="598.35" angle="90.00" type="DEFAULT_VEHTYPE" speed="0.34" pos="187.98" lane="1/3to2/3_0" slope="0.00"/>
        <vehicle id="6" x="401.65" y="660.44" angle="180.00" type="DEFAULT_VEHTYPE" speed="13.40" pos="55.69" lane="2/3to2/4_0" slope="0.00"/>
    </timestep>
    <timestep time="532.00">
        <vehicle id="1" x="201.65" y="494.69" angle="180.00" type="DEFAULT_VEHTYPE" speed="12.60" pos="89.94" lane="1/2to1/3_0" slope="0.00"/>
        <vehicle id="11" x="271.96" y="401.65" angle="-90.00" type="DEFAULT_VEHTYPE" speed="13.67" pos="123.29" lane="2/2to1/2_0" slope="0.00"/>
        <vehicle id="13" x="490.28" y="198.35" angle="90.00" type="DEFAULT_VEHTYPE" speed="12.87" pos="85.53" lane="2/1to3/1_0" slope="0.00"/>
        <vehicle id="17" x="398.35" y="337.21" angle="0.00" type="DEFAULT_VEHTYPE" speed="13.81" pos="58.04" lane="2/2to2/1_0" slope="0.00"/>
        <vehicle id="2" x="598.35" y="475.20" angle="0.00" type="DEFAULT_VEHTYPE" speed="13.11" pos="120.05" lane="3/3to3/2_0" slope="0.00"/>
        <vehicle id="21" x="400.23" y="801.54" angle="-162.06" type="DEFAULT_VEHTYPE" speed="12.68" pos="2.15" lane=":2/4_0_0" slope="0.00"/>
        <vehicle id="23" x="201.65" y="587.33" angle="180.00" type="DEFAULT_VEHTYPE" speed="12.67" pos="182.58" lane="1/2to1/3_0" slope="0.00"/>
        <vehicle id="25" x="191.36" y="198.35" angle="90.00" type="DEFAULT_VEHTYPE" speed="3.43" pos="191.36" lane="0/1to1/1_0" slope="0.00"/>
        <vehicle id="27" x="398.35" y="573.95" angle="0.00" type="DEFAULT_VEHTYPE" speed="12.87" pos="21.30" lane="2/3to2/2_0" slope="0.00"/>
        <vehicle id="29" x="614.39" y="198.35" angle="90.00" type="DEFAULT_VEHTYPE" speed="9.84" pos="9.64" lane="3/1to4/1_0" slope="0.00"/>
        <vehicle id="3" x="223.26" y="201.65" angle="-90.00" type="DEFAULT_VEHTYPE" speed="10.27" pos="171.99" lane="2/1to1/1_0" slope="0.00"/>
        <vehicle id="32" x="198.35" y="127.27" angle="0.00" type="DEFAULT_VEHTYPE" speed="12.64" pos="67.98" lane="1/1to1/0_0" slope="0.00"/>
        <vehicle id="37" x="398.35" y="375.29" angle="0.00" type="DEFAULT_VEHTYPE" speed="12.39" pos="19.96" lane="2/2to2/1_0" slope="0.00"/>
        <vehicle id="38" x="201.65" y="389.80" angle="180.00" type="DEFAULT_VEHTYPE" speed="13.50" pos="185.05" lane="1/1to1/2_0" slope="0.00"/>
        <vehicle id="4" x="410.99" y="401.65" angle="-90.00" type="DEFAULT_VEHTYPE" speed="4.59" pos="184.26" lane="3/2to2/2_0" slope="0.00"/>
        <vehicle id="41" x="346.79" y="598.35" angle="90.00" type="DEFAULT_VEHTYPE" speed="13.01" pos="142.04" lane="1/3to2/3_0" slope="0.00"/>
        <vehicle id="42" x="579.61" y="401.65" angle="-90.00" type="DEFAULT_VEHTYPE" speed="13.08" pos="15.64" lane="3/2to2/2_0" slope="0.00"/>
        <vehicle id="43" x="201.65" y="213.17" angle="180.00" type="DEFAULT_VEHTYPE" speed="8.49" pos="8.42" lane="1/1to1/2_0" slope="0.00"/>
        <vehicle id="44" x="100.95" y="201.65" angle="-90.00" type="DEFAULT_VEHTYPE" speed="13.02" pos="94.30" lane="1/1to0/1_0" slope="0.00"/>
        <vehicle id="46" x="398.35" y="421.45" angle="0.00" type="DEFAULT_VEHTYPE" speed="13.42" pos="173.80" lane="2/3to2/2_0" slope="0.00"/>
        <vehicle id="47" x="236.69" y="598.35" angle="90.00" type="DEFAULT_VEHTYPE" speed="13.52" pos="31.94" lane="1/3to2/3_0" slope="0.00"/>
        <vehicle id="49" x="394.41" y="598.35" angle="90.00" type="DEFAULT_VEHTYPE" speed="1.68" pos="189.66" lane="1/3to2/3_0" slope="0.00"/>
        <vehicle id="6" x="401.65" y="673.38" angle="180.00" type="DEFAULT_VEHTYPE" speed="12.94" pos="68.63" lane="2/3to2/4_0" slope="0.00"/>
    </timestep>
    <timestep time="533.00">
        <vehicle id="1" x="201.65" y="507.98" angle="180.00" type="DEFAULT_VEHTYPE" speed="13.29" pos="103.23" lane="1/2to1/3_0" slope="0.00"/>
        <vehicle id="11" x="258.57" y="401.65" angle="-90.00" type="DEFAULT_VEHTYPE" speed="13.39" pos="136.68" lane="2/2to1/2_0" slope="0.00"/>
        <vehicle id="13" x="502.99" y="198.35" angle="90.00" type="DEFAULT_VEHTYPE" speed="12.71" pos="98.24" lane="2/1to3/1_0" slope="0.00"/>
        <vehicle id="17" x="398.35" y="324.32" angle="0.00" type="DEFAULT_VEHTYPE" speed="12.89" pos="70.93" lane="2/2to2/1_0" slope="0.00"/>
        <vehicle id="2" x="598.35" y="461.93" angle="0.00" type="DEFAULT_VEHTYPE" speed="13.27" pos="133.32" lane="3/3to3/2_0" slope="0.00"/>
        <vehicle id="21" x="398.35" y="789.89" angle="0.00" type="DEFAULT_VEHTYPE" speed="12.78" pos="10.11" lane="2/4to2/3_0" slope="0.00"/>
        <vehicle id="23" x="205.25" y="598.35" angle="126.49" type="DEFAULT_VEHTYPE" speed="13.42" pos="0.50" lane="1/3to2/3_0" slope="0.00"/>
        <vehicle id="25" x="197.10" y="197.86" angle="84.30" type="DEFAULT_VEHTYPE" speed="5.84" pos="1.95" lane=":1/1_12_0" slope="0.00"/>
        <vehicle id="27" x="398.35" y="560.83" angle="0.00" type="DEFAULT_VEHTYPE" speed="13.12" pos="34.42" lane="2/3to2/2_0" slope="0.00"/>
        <vehicle id="29" x="626.33" y="198.35" angle="90.00" type="DEFAULT_VEHTYPE" speed="11.94" pos="21.58" lane="3/1to4/1_0" slope="0.00"/>
        <vehicle id="3" x="215.53" y="201.65" angle="-90.00" type="DEFAULT_VEHTYPE" speed="7.73" pos="179.72" lane="2/1to1/1_0" slope="0.00"/>
        <vehicle id="32" x="198.35" y="114.16" angle="0.00" type="DEFAULT_VEHTYPE" speed="13.11" pos="81.09" lane="1/1to1/0_0" slope="0.00"/>
        <vehicle id="37" x="398.35" y="362.37" angle="0.00" type="DEFAULT_VEHTYPE" speed="12.92" pos="32.88" lane="2/2to2/1_0" slope="0.00"/>
        <vehicle id="38" x="201.65" y="403.26" angle="180.00" type="DEFAULT_VEHTYPE" speed="13.46" pos="8.01" lane=":1/2_9_0" slope="0.00"/>
        <vehicle id="4" x="404.19" y="401.57" angle="-89.09" type="DEFAULT_VEHTYPE" speed="6.81" pos="0.56" lane=":2/2_6_0" slope="0.00"/>
        <vehicle id="41" x="360.52" y="598.35" angle="90.00" type="DEFAULT_VEHTYPE" speed="13.73" pos="155.77" lane="1/3to2/3_0" slope="0.00"/>
        <vehicle id="42" x="566.84" y="401.65" angle="-90.00" type="DEFAULT_VEHTYPE" speed="12.77" pos="28.41" lane="3/2to2/2_0" slope="0.00"/>
        <vehicle id="43" x="201.65" y="223.81" angle="180.00" type="DEFAULT_VEHTYPE" speed="10.64" pos="19.06" lane="1/1to1/2_0" slope="0.00"/>
        <vehicle id="44" x="87.49" y="201.65" angle="-90.00" type="DEFAULT_VEHTYPE" speed="13.46" pos="107.76" lane="1/1to0/1_0" slope="0.00"/>
        <vehicle id="46" x="398.35" y="408.11" angle="0.00" type="DEFAULT_VEHTYPE" speed="13.34" pos="187.14" lane="2/3to2/2_0" slope="0.00"/>
        <vehicle id="47" x="249.69" y="598.35" angle="90.00" type="DEFAULT_VEHTYPE" speed="13.00" pos="44.94" lane="1/3to2/3_0" slope="0.00"/>
        <vehicle id="49" x="397.66" y="598.69" angle="93.96" type="DEFAULT_VEHTYPE" speed="3.28" pos="2.44" lane=":2/3_14_0" slope="0.00"/>
        <vehicle id="6" x="401.65" y="686.98" angle="180.00" type="DEFAULT_VEHTYPE" speed="13.61" pos="82.23" lane="2/3to2/4_0" slope="0.00"/>
    </timestep>
    <timestep time="534.00">
        <vehicle id="1" x="201.65" y="521.88" angle="180.00" type="DEFAULT_VEHTYPE" speed="13.90" pos="117.13" lane="1/2to1/3_0" slope="0.00"/>
        <vehicle id="11" x="244.73" y="401.65" angle="-90.00" type="DEFAULT_VEHTYPE" speed="13.84" pos="150.52" lane="2/2to1/2_0" slope="0.00"/>
        <vehicle id="13" x="515.73" y="198.35" angle="90.00" type="DEFAULT_VEHTYPE" speed="12.75" pos="110.98" lane="2/1to3/1_0" slope="0.00"/>
        <vehicle id="17" x="398.35" y="311.05" angle="0.00" type="DEFAULT_VEHTYPE" speed="13.26" pos="84.20" lane="2/2to2/1_0" slope="0.00"/>
        <vehicle id="2" x="598.35" y="448.61" angle="0.00" type="DEFAULT_VEHTYPE" speed="13.32" pos="146.64" lane="3/3to3/2_0" slope="0.00"/>
        <vehicle id="21" x="398.35" y="777.17" angle="0.00" type="DEFAULT_VEHTYPE" speed="12.72" pos="22.83" lane="2/4to2/3_0" slope="0.00"/>
        <vehicle id="23" x="217.94" y="598.35" angle="90.00" type="DEFAULT_VEHTYPE" speed="12.69" pos="13.19" lane="1/3to2/3_0" slope="0.00"/>
        <vehicle id="25" x="198.35" y="190.27" angle="0.04" type="DEFAULT_VEHTYPE" speed="8.03" pos="4.98" lane="1/1to1/0_0" slope="0.00"/>
        <vehicle id="27" x="398.35" y="547.17" angle="0.00" type="DEFAULT_VEHTYPE" speed="13.67" pos="48.08" lane="2/3to2/2_0" slope="0.00"/>
        <vehicle id="29" x="640.19" y="198.35" angle="90.00" type="DEFAULT_VEHTYPE" speed="13.86" pos="35.44" lane="3/1to4/1_0" slope="0.00"/>
        <vehicle id="3" x="211.05" y="201.65" angle="-90.00" type="DEFAULT_VEHTYPE" speed="4.48" pos="184.20" lane="2/1to1/1_0" slope="0.00"/>
        <vehicle id="32" x="198.35" y="100.51" angle="0.00" type="DEFAULT_VEHTYPE" speed="13.65" pos="94.74" lane="1/1to1/0_0" slope="0.00"/>
        <vehicle id="37" x="398.35" y="349.15" angle="0.00" type="DEFAULT_VEHTYPE" speed="13.22" pos="46.10" lane="2/2to2/1_0" slope="0.00"/>
        <vehicle id="38" x="201.65" y="416.00" angle="180.00" type="DEFAULT_VEHTYPE" speed="12.74" pos="11.25" lane="1/2to1/3_0" slope="0.00"/>
        <vehicle id="4" x="398.47" y="396.11" angle="-25.83" type="DEFAULT_VEHTYPE" speed="8.89" pos="9.45" lane=":2/2_6_0" slope="0.00"/>
        <vehicle id="41" x="372.54" y="598.35" angle="90.00" type="DEFAULT_VEHTYPE" speed="12.01" pos="167.79" lane="1/3to2/3_0" slope="0.00"/>
        <vehicle id="42" x="553.65" y="401.65" angle="-90.00" type="DEFAULT_VEHTYPE" speed="13.19" pos="41.60" lane="3/2to2/2_0" slope="0.00"/>
        <vehicle id="43" x="201.65" y="236.59" angle="180.00" type="DEFAULT_VEHTYPE" speed="12.78" pos="31.84" lane="1/1to1/2_0" slope="0.00"/>
        <vehicle id="44" x="73.78" y="201.65" angle="-90.00" type="DEFAULT_VEHTYPE" speed="13.72" pos="121.47" lane="1/1to0/1_0" slope="0.00"/>
        <vehicle id="46" x="390.87" y="401.65" angle="-89.00" type="DEFAULT_VEHTYPE" speed="12.74" pos="4.38" lane="2/2to1/2_0" slope="0.00"/>
        <vehicle id="47" x="263.13" y="598.35" angle="90.00" type="DEFAULT_VEHTYPE" speed="13.44" pos="58.38" lane="1/3to2/3_0" slope="0.00"/>
        <vehicle id="49" x="401.16" y="601.80" angle="130.78" type="DEFAULT_VEHTYPE" speed="4.88" pos="7.31" lane=":2/3_14_0" slope="0.00"/>
        <vehicle id="6" x="401.65" y="700.69" angle="180.00" type="DEFAULT_VEHTYPE" speed="13.71" pos="95.94" lane="2/3to2/4_0" slope="0.00"/>
    </timestep>
    <timestep time="535.00">
        <vehicle id="1" x="201.65" y="535.38" angle="180.00" type="DEFAULT_VEHTYPE" speed="13.50" pos="130.63" lane="1/2to1/3_0" slope="0.00"/>
        <vehicle id="11" x="231.85" y="401.65" angle="-90.00" type="DEFAULT_VEHTYPE" speed="12.88" pos="163.40" lane="2/2to1/2_0" slope="0.00"/>
        <vehicle id="13" x="529.53" y="198.35" angle="90.00" type="DEFAULT_VEHTYPE" speed="13.80" pos="124.78" lane="2/1to3/1_0" slope="0.00"/>
        <vehicle id="17" x="398.35" y="297.23" angle="0.00" type="DEFAULT_VEHTYPE" speed="13.82" pos="98.02" lane="2/2to2/1_0" slope="0.00"/>
        <vehicle id="2" x="598.35" y="435.88" angle="0.00" type="DEFAULT_VEHTYPE" speed="12.73" pos="159.37" lane="3/3to3/2_0" slope="0.00"/>
        <vehicle id="21" x="398.35" y="763.42" angle="0.00" type="DEFAULT_VEHTYPE" speed="13.75" pos="36.58" lane="2/4to2/3_0" slope="0.00"/>
        <vehicle id="23" x="231.07" y="598.35" angle="90.00" type="DEFAULT_VEHTYPE" speed="13.13" pos="26.32" lane="1/3to2/3_0" slope="0.00"/>
        <vehicle id="25" x="198.35" y="180.68" angle="0.00" type="DEFAULT_VEHTYPE" speed="9.59" pos="14.57" lane="1/1to1/0_0" slope="0.00"/>
        <vehicle id="27" x="398.35" y="533.97" angle="0.00" type="DEFAULT_VEHTYPE" speed="13.19" pos="61.28" lane="2/3to2/2_0" slope="0.00"/>
        <vehicle id="29" x="653.67" y="198.35" angle="90.00" type="DEFAULT_VEHTYPE" speed="13.48" pos="48.92" lane="3/1to4/1_0" slope="0.00"/>
        <vehicle id="3" x="204.89" y="201.65" angle="-90.00" type="DEFAULT_VEHTYPE" speed="6.16" pos="190.36" lane="2/1to1/1_0" slope="0.00"/>
        <vehicle id="32" x="198.35" y="87.36" angle="0.00" type="DEFAULT_VEHTYPE" speed="13.15" pos="107.89" lane="1/1to1/0_0" slope="0.00"/>
        <vehicle id="37" x="398.35" y="335.58" angle="0.00" type="DEFAULT_VEHTYPE" speed="13.57" pos="59.67" lane="2/2to2/1_0" slope="0.00"/>
        <vehicle id="38" x="201.65" y="429.46" angle="180.00" type="DEFAULT_VEHTYPE" speed="13.46" pos="24.71" lane="1/2to1/3_0" slope="0.00"/>
        <vehicle id="4" x="398.35" y="385.74" angle="0.00" type="DEFAULT_VEHTYPE" speed="10.38" pos="9.51" lane="2/2to2/1_0" slope="0.00"/>
        <vehicle id="41" x="381.45" y="598.35" angle="90.00" type="DEFAULT_VEHTYPE" speed="8.91" pos="176.70" lane="1/3to2/3_0" slope="0.00"/>
        <vehicle id="42" x="540.82" y="401.65" angle="-90.00" type="DEFAULT_VEHTYPE" speed="12.83" pos="54.43" lane="3/2to2/2_0" slope="0.00"/>
        <vehicle id="43" x="201.65" y="249.83" angle="180.00" type="DEFAULT_VEHTYPE" speed="13.24" pos="45.08" lane="1/1to1/2_0" slope="0.00"/>
        <vehicle id="44" x="61.11" y="201.65" angle="-90.00" type="DEFAULT_VEHTYPE" speed="12.66" pos="134.14" lane="1/1to0/1_0" slope="0.00"/>
        <vehicle id="46" x="377.82" y="401.65" angle="-90.00" type="DEFAULT_VEHTYPE" speed="13.06" pos="17.43" lane="2/2to1/2_0" slope="0.00"/>
        <vehicle id="47" x="276.61" y="598.35" angle="90.00" type="DEFAULT_VEHTYPE" speed="13.48" pos="71.86" lane="1/3to2/3_0" slope="0.00"/>
        <vehicle id="49" x="401.65" y="608.67" angle="178.24" type="DEFAULT_VEHTYPE" speed="6.92" pos="3.92" lane="2/3to2/4_0" slope="0.00"/>
        <vehicle id="6" x="401.65" y="714.48" angle="180.00" type="DEFAULT_VEHTYPE" speed="13.78" pos="109.73" lane="2/3to2/4_0" slope="0.00"/>
    </timestep>
    <timestep time="536.00">
        <vehicle id="1" x="201.65" y="548.38" angle="180.00" type="DEFAULT_VEHTYPE" speed="13.00" pos="143.63" lane="1/2to1/3_0" slope="0.00"/>
        <vehicle id="11" x="222.06" y="401.65" angle="-90.00" type="DEFAULT_VEHTYPE" speed="9.79" pos="173.19" lane="2/2to1/2_0" slope="0.00"/>
        <vehicle id="13" x="542.53" y="198.35" angle="90.00" type="DEFAULT_VEHTYPE" speed="13.00" pos="137.78" lane="2/1to3/1_0" slope="0.00"/>
        <vehicle id="17" x="398.35" y="284.40" angle="0.00" type="DEFAULT_VEHTYPE" speed="12.83" pos="110.85" lane="2/2to2/1_0" slope="0.00"/>
        <vehicle id="2" x="598.35" y="422.66" angle="0.00" type="DEFAULT_VEHTYPE" speed="13.22" pos="172.59" lane="3/3to3/2_0" slope="0.00"/>
        <vehicle id="21" x="398.35" y="750.23" angle="0.00" type="DEFAULT_VEHTYPE" speed="13.19" pos="49.77" lane="2/4to2/3_0" slope="0.00"/>
        <vehicle id="23" x="243.83" y="598.35" angle="90.00" type="DEFAULT_VEHTYPE" speed="12.76" pos="39.08" lane="1/3to2/3_0" slope="0.00"/>
        <vehicle id="25" x="198.35" y="168.53" angle="0.00" type="DEFAULT_VEHTYPE" speed="12.15" pos="26.72" lane="1/1to1/0_0" slope="0.00"/>
        <vehicle id="27" x="398.35" y="520.92" angle="0.00" type="DEFAULT_VEHTYPE" speed="13.05" pos="74.33" lane="2/3to2/2_0" slope="0.00"/>
        <vehicle id="29" x="667.28" y="198.35" angle="90.00" type="DEFAULT_VEHTYPE" speed="13.60" pos="62.53" lane="3/1to4/1_0" slope="0.00"/>
        <vehicle id="3" x="201.65" y="208.05" angle="-175.81" type="DEFAULT_VEHTYPE" speed="8.44" pos="3.30" lane="1/1to1/2_0" slope="0.00"/>
        <vehicle id="32" x="198.35" y="73.55" angle="0.00" type="DEFAULT_VEHTYPE" speed="13.80" pos="121.70" lane="1/1to1/0_0" slope="0.00"/>
        <vehicle id="37" x="398.35" y="322.55" angle="0.00" type="DEFAULT_VEHTYPE" speed="13.03" pos="72.70" lane="2/2to2/1_0" slope="0.00"/>
        <vehicle id="38" x="201.65" y="442.15" angle="180.00" type="DEFAULT_VEHTYPE" speed="12.69" pos="37.40" lane="1/2to1/3_0" slope="0.00"/>
        <vehicle id="4" x="398.35" y="373.86" angle="0.00" type="DEFAULT_VEHTYPE" speed="11.88" pos="21.39" lane="2/2to2/1_0" slope="0.00"/>
        <vehicle id="41" x="387.07" y="598.35" angle="90.00" type="DEFAULT_VEHTYPE" speed="5.62" pos="182.32" lane="1/3to2/3_0" slope="0.00"/>
        <vehicle id="42" x="526.96" y="401.65" angle="-90.00" type="DEFAULT_VEHTYPE" speed="13.86" pos="68.29" lane="3/2to2/2_0" slope="0.00"/>
        <vehicle id="43" x="201.65" y="263.50" angle="180.00" type="DEFAULT_VEHTYPE" speed="13.68" pos="58.75" lane="1/1to1/2_0" slope="0.00"/>
        <vehicle id="44" x="47.59" y="201.65" angle="-90.00" type="DEFAULT_VEHTYPE" speed="13.52" pos="147.66" lane="1/1to0/1_0" slope="0.00"/>
        <vehicle id="46" x="364.91" y="401.65" angle="-90.00" type="DEFAULT_VEHTYPE" speed="12.90" pos="30.34" lane="2/2to1/2_0" slope="0.00"/>
        <vehicle id="47" x="289.66" y="598.35" angle="90.00" type="DEFAULT_VEHTYPE" speed="13.05" pos="84.91" lane="1/3to2/3_0" slope="0.00"/>
        <vehicle id="49" x="401.65" y="617.60" angle="180.00" type="DEFAULT_VEHTYPE" speed="8.93" pos="12.85" lane="2/3to2/4_0" slope="0.00"/>
        <vehicle id="6" x="401.65" y="727.27" angle="180.00" type="DEFAULT_VEHTYPE" speed="12.79" pos="122.52" lane="2/3to2/4_0" slope="0.00"/>
    </timestep>
    <timestep time="537.00">
        <vehicle id="1" x="201.65" y="561.97" angle="180.00" type="DEFAULT_VEHTYPE" speed="13.59" pos="157.22" lane="1/2to1/3_0" slope="0.00"/>
        <vehicle id="11" x="214.60" y="401.65" angle="-90.00" type="DEFAULT_VEHTYPE" speed="7.46" pos="180.65" lane="2/2to1/2_0" slope="0.00"/>
        <vehicle id="13" x="556.16" y="198.35" angle="90.00" type="DEFAULT_VEHTYPE" speed="13.62" pos="151.41" lane="2/1to3/1_0" slope="0.00"/>
        <vehicle id="17" x="398.35" y="270.98" angle="0.00" type="DEFAULT_VEHTYPE" speed="13.42" pos="124.27" lane="2/2to2/1_0" slope="0.00"/>
        <vehicle id="2" x="598.35" y="408.90" angle="0.00" type="DEFAULT_VEHTYPE" speed="13.76" pos="186.35" lane="3/3to3/2_0" slope="0.00"/>
        <vehicle id="21" x="398.35" y="737.23" angle="0.00" type="DEFAULT_VEHTYPE" speed="13.00" pos="62.77" lane="2/4to2/3_0" slope="0.00"/>
        <vehicle id="23" x="257.48" y="598.35" angle="90.00" type="DEFAULT_VEHTYPE" speed="13.65" pos="52.73" lane="1/3to2/3_0" slope="0.00"/>
        <vehicle id="25" x="198.35" y="155.27" angle="0.00" type="DEFAULT_VEHTYPE" speed="13.26" pos="39.98" lane="1/1to1/0_0" slope="0.00"/>
        <vehicle id="27" x="398.35" y="507.94" angle="0.00" type="DEFAULT_VEHTYPE" speed="12.98" pos="87.31" lane="2/3to2/2_0" slope="0.00"/>
        <vehicle id="29" x="679.92" y="198.35" angle="90.00" type="DEFAULT_VEHTYPE" speed="12.64" pos="75.17" lane="3/1to4/1_0" slope="0.00"/>
        <vehicle id="3" x="201.65" y="218.37" angle="180.00" type="DEFAULT_VEHTYPE" speed="10.32" pos="13.62" lane="1/1to1/2_0" slope="0.00"/>
        <vehicle id="32" x="198.35" y="60.29" angle="0.00" type="DEFAULT_VEHTYPE" speed="13.26" pos="134.96" lane="1/1to1/0_0" slope="0.00"/>
        <vehicle id="37" x="398.35" y="308.88" angle="0.00" type="DEFAULT_VEHTYPE" speed="13.67" pos="86.37" lane="2/2to2/1_0" slope="0.00"/>
        <vehicle id="38" x="201.65" y="455.55" angle="180.00" type="DEFAULT_VEHTYPE" speed="13.40" pos="50.80" lane="1/2to1/3_0" slope="0.00"/>
        <vehicle id="4" x="398.35" y="360.41" angle="0.00" type="DEFAULT_VEHTYPE" speed="13.45" pos="34.84" lane="2/2to2/1_0" slope="0.00"/>
        <vehicle id="41" x="390.65" y="598.35" angle="90.00" type="DEFAULT_VEHTYPE" speed="3.58" pos="185.90" lane="1/3to2/3_0" slope="0.00"/>
        <vehicle id="42" x="513.53" y="401.65" angle="-90.00" type="DEFAULT_VEHTYPE" speed="13.43" pos="81.72" lane="3/2to2/2_0" slope="0.00"/>
        <vehicle id="43" x="201.65" y="277.09" angle="180.00" type="DEFAULT_VEHTYPE" speed="13.59" pos="72.34" lane="1/1to1/2_0" slope="0.00"/>
        <vehicle id="44" x="34.83" y="201.65" angle="-90.00" type="DEFAULT_VEHTYPE" speed="12.76" pos="160.42" lane="1/1to0/1_0" slope="0.00"/>
        <vehicle id="46" x="351.70" y="401.65" angle="-90.00" type="DEFAULT_VEHTYPE" speed="13.22" pos="43.55" lane="2/2to1/2_0" slope="0.00"/>
        <vehicle id="47" x="302.65" y="598.35" angle="90.00" type="DEFAULT_VEHTYPE" speed="12.99" pos="97.90" lane="1/3to2/3_0" slope="0.00"/>
        <vehicle id="49" x="401.65" y="628.17" angle="180.00" type="DEFAULT_VEHTYPE" speed="10.57" pos="23.42" lane="2/3to2/4_0" slope="0.00"/>
        <vehicle id="6" x="401.65" y="740.44" angle="180.00" type="DEFAULT_VEHTYPE" speed="13.18" pos="135.69" lane="2/3to2/4_0" slope="0.00"/>
    </timestep>
    <timestep time="538.00">
        <vehicle id="1" x="201.65" y="574.83" angle="180.00" type="DEFAULT_VEHTYPE" speed="12.87" pos="170.08" lane="1/2to1/3_0" slope="0.00"/>
        <vehicle id="11" x="210.55" y="401.65" angle="-90.00" type="DEFAULT_VEHTYPE" speed="4.05" pos="184.70" lane="2/2to1/2_0" slope="0.00"/>
        <vehicle id="13" x="570.01" y="198.35" angle="90.00" type="DEFAULT_VEHTYPE" speed="13.86" pos="165.26" lane="2/1to3/1_0" slope="0.00"/>
        <vehicle id="17" x="398.35" y="257.15" angle="0.00" type="DEFAULT_VEHTYPE" speed="13.83" pos="138.10" lane="2/2to2/1_0" slope="0.00"/>
        <vehicle id="2" x="590.67" y="401.65" angle="-89.32" type="DEFAULT_VEHTYPE" speed="13.73" pos="4.58" lane="3/2to2/2_0" slope="0.00"/>
        <vehicle id="21" x="398.35" y="723.73" angle="0.00" type="DEFAULT_VEHTYPE" speed="13.51" pos="76.27" lane="2/4to2/3_0" slope="0.00"/>
        <vehicle id="23" x="271.35" y="598.35" angle="90.00" type="DEFAULT_VEHTYPE" speed="13.87" pos="66.60" lane="1/3to2/3_0" slope="0.00"/>
        <vehicle id="25" x="198.35" y="142.29" angle="0.00" type="DEFAULT_VEHTYPE" speed="12.98" pos="52.96" lane="1/1to1/0_0" slope="0.00"/>
        <vehicle id="27" x="398.35" y="494.99" angle="0.00" type="DEFAULT_VEHTYPE" speed="12.95" pos="100.26" lane="2/3to2/2_0" slope="0.00"/>
        <vehicle id="29" x="692.88" y="198.35" angle="90.00" type="DEFAULT_VEHTYPE" speed="12.95" pos="88.13" lane="3/1to4/1_0" slope="0.00"/>
        <vehicle id="3" x="201.65" y="230.32" angle="180.00" type="DEFAULT_VEHTYPE" speed="11.95" pos="25.57" lane="1/1to1/2_0" slope="0.00"/>
        <vehicle id="32" x="198.35" y="46.50" angle="0.00" type="DEFAULT_VEHTYPE" speed="13.79" pos="148.75" lane="1/1to1/0_0" slope="0.00"/>
        <vehicle id="37" x="398.35" y="295.61" angle="0.00" type="DEFAULT_VEHTYPE" speed="13.27" pos="99.64" lane="2/2to2/1_0" slope="0.00"/>
        <vehicle id="38" x="201.65" y="469.07" angle="180.00" type="DEFAULT_VEHTYPE" speed="13.52" pos="64.32" lane="1/2to1/3_0" slope="0.00"/>
        <vehicle id="4" x="398.35" y="347.18" angle="0.00" type="DEFAULT_VEHTYPE" speed="13.24" pos="48.07" lane="2/2to2/1_0" slope="0.00"/>
        <vehicle id="41" x="395.59" y="598.40" angle="90.56" type="DEFAULT_VEHTYPE" speed="4.95" pos="0.35" lane=":2/3_14_0" slope="0.00"/>
        <vehicle id="42" x="499.95" y="401.65" angle="-90.00" type="DEFAULT_VEHTYPE" speed="13.58" pos="95.30" lane="3/2to2/2_0" slope="0.00"/>
        <vehicle id="43" x="201.65" y="290.57" angle="180.00" type="DEFAULT_VEHTYPE" speed="13.47" pos="85.82" lane="1/1to1/2_0" slope="0.00"/>
        <vehicle id="44" x="21.97" y="201.65" angle="-90.00" type="DEFAULT_VEHTYPE" speed="12.86" pos="173.28" lane="1/1to0/1_0" slope="0.00"/>
        <vehicle id="46" x="338.00" y="401.65" angle="-90.00" type="DEFAULT_VEHTYPE" speed="13.70" pos="57.25" lane="2/2to1/2_0" slope="0.00"/>
        <vehicle id="47" x="315.84" y="598.35" angle="90.00" type="DEFAULT_VEHTYPE" speed="13.20" pos="111.09" lane="1/3to2/3_0" slope="0.00"/>
        <vehicle id="49" x="401.65" y="640.60" angle="180.00" type="DEFAULT_VEHTYPE" speed="12.42" pos="35.85" lane="2/3to2/4_0" slope="0.00"/>
        <vehicle id="6" x="401.65" y="753.43" angle="180.00" type="DEFAULT_VEHTYPE" speed="12.99" pos="148.68" lane="2/3to2/4_0" slope="0.00"/>
    </timestep>
    <timestep time="539.00">
        <vehicle id="1" x="201.65" y="588.72" angle="180.00" type="DEFAULT_VEHTYPE" speed="13.89" pos="183.97" lane="1/2to1/3_0" slope="0.00"/>
        <vehicle id="11" x="204.26" y="401.65" angle="-90.00" type="DEFAULT_VEHTYPE" speed="6.29" pos="0.49" lane=":1/2_5_0" slope="0.00"/>
        <vehicle id="13" x="579.89" y="198.35" angle="90.00" type="DEFAULT_VEHTYPE" speed="9.88" pos="175.14" lane="2/1to3/1_0" slope="0.00"/>
        <vehicle id="17" x="398.35" y="244.46" angle="0.00" type="DEFAULT_VEHTYPE" speed="12.69" pos="150.79" lane="2/2to2/1_0" slope="0.00"/>
        <vehicle id="2" x="577.31" y="401.65" angle="-90.00" type="DEFAULT_VEHTYPE" speed="13.37" pos="17.94" lane="3/2to2/2_0" slope="0.00"/>
        <vehicle id="21" x="398.35" y="709.87" angle="0.00" type="DEFAULT_VEHTYPE" speed="13.85" pos="90.13" lane="2/4to2/3_0" slope="0.00"/>
        <vehicle id="23" x="284.96" y="598.35" angle="90.00" type="DEFAULT_VEHTYPE" speed="13.61" pos="80.21" lane="1/3to2/3_0" slope="0.00"/>
        <vehicle id="25" x="198.35" y="129.15" angle="0.00" type="DEFAULT_VEHTYPE" speed="13.14" pos="66.10" lane="1/1to1/0_0" slope="0.00"/>
        <vehicle id="27" x="398.35" y="481.99" angle="0.00" type="DEFAULT_VEHTYPE" speed="13.00" pos="113.26" lane="2/3to2/2_0" slope="0.00"/>
        <vehicle id="29" x="706.72" y="198.35" angle="90.00" type="DEFAULT_VEHTYPE" speed="13.84" pos="101.97" lane="3/1to4/1_0" slope="0.00"/>
        <vehicle id="3" x="201.65" y="244.06" angle="180.00" type="DEFAULT_VEHTYPE" speed="13.74" pos="39.31" lane="1/1to1/2_0" slope="0.00"/>
        <vehicle id="32" x="198.35" y="33.72" angle="0.00" type="DEFAULT_VEHTYPE" speed="12.78" pos="161.53" lane="1/1to1/0_0" slope="0.00"/>
        <vehicle id="37" x="398.35" y="282.10" angle="0.00" type="DEFAULT_VEHTYPE" speed="13.50" pos="113.15" lane="2/2to2/1_0" slope="0.00"/>
        <vehicle id="38" x="201.65" y="482.74" angle="180.00" type="DEFAULT_VEHTYPE" speed="13.66" pos="77.99" lane="1/2to1/3_0" slope="0.00"/>
        <vehicle id="4" x="398.35" y="334.53" angle="0.00" type="DEFAULT_VEHTYPE" speed="12.65" pos="60.72" lane="2/2to2/1_0" slope="0.00"/>
        <vehicle id="41" x="401.25" y="601.95" angle="132.56" type="DEFAULT_VEHTYPE" speed="7.14" pos="7.49" lane=":2/3_14_0" slope="0.00"/>
        <vehicle id="42" x="486.53" y="401.65" angle="-90.00" type="DEFAULT_VEHTYPE" speed="13.43" pos="108.72" lane="3/2to2/2_0" slope="0.00"/>
        <vehicle id="43" x="201.65" y="303.92" angle="180.00" type="DEFAULT_VEHTYPE" speed="13.35" pos="99.17" lane="1/1to1/2_0" slope="0.00"/>
        <vehicle id="44" x="8.97" y="201.65" angle="-90.00" type="DEFAULT_VEHTYPE" speed="13.00" pos="186.28" lane="1/1to0/1_0" slope="0.00"/>
        <vehicle id="46" x="324.25" y="401.65" angle="-90.00" type="DEFAULT_VEHTYPE" speed="13.75" pos="71.00" lane="2/2to1/2_0" slope="0.00"/>
        <vehicle id="47" x="329.47" y="598.35" angle="90.00" type="DEFAULT_VEHTYPE" speed="13.63" pos="124.72" lane="1/3to2/3_0" slope="0.00"/>
        <vehicle id="49" x="401.65" y="653.31" angle="180.00" type="DEFAULT_VEHTYPE" speed="12.72" pos="48.56" lane="2/3to2/4_0" slope="0.00"/>
        <vehicle id="6" x="401.65" y="766.31" angle="180.00" type="DEFAULT_VEHTYPE" speed="12.88" pos="161.56" lane="2/3to2/4_0" slope="0.00"/>
    </timestep>
    <timestep time="540.00">
        <vehicle id="1" x="206.35" y="598.35" angle="109.44" type="DEFAULT_VEHTYPE" speed="13.12" pos="1.60" lane="1/3to2/3_0" slope="0.00"/>
        <vehicle id="11" x="196.01" y="401.65" angle="-90.00" type="DEFAULT_VEHTYPE" speed="8.25" pos="8.74" lane=":1/2_5_0" slope="0.00"/>
        <vehicle id="13" x="586.16" y="198.35" angle="90.00" type="DEFAULT_VEHTYPE" speed="6.27" pos="181.41" lane="2/1to3/1_0" slope="0.00"/>
        <vehicle id="17" x="398.35" y="231.61" angle="0.00" type="DEFAULT_VEHTYPE" speed="12.85" pos="163.64" lane="2/2to2/1_0" slope="0.00"/>
        <vehicle id="2" x="564.41" y="401.65" angle="-90.00" type="DEFAULT_VEHTYPE" speed="12.90" pos="30.84" lane="3/2to2/2_0" slope="0.00"/>
        <vehicle id="21" x="398.35" y="696.36" angle="0.00" type="DEFAULT_VEHTYPE" speed="13.52" pos="103.64" lane="2/4to2/3_0" slope="0.00"/>
        <vehicle id="23" x="298.68" y="598.35" angle="90.00" type="DEFAULT_VEHTYPE" speed="13.72" pos="93.93" lane="1/3to2/3_0" slope="0.00"/>
        <vehicle id="25" x="198.35" y="115.48" angle="0.00" type="DEFAULT_VEHTYPE" speed="13.68" pos="79.77" lane="1/1to1/0_0" slope="0.00"/>
        <vehicle id="27" x="398.35" y="468.13" angle="0.00" type="DEFAULT_VEHTYPE" speed="13.86" pos="127.12" lane="2/3to2/2_0" slope="0.00"/>
        <vehicle id="29" x="719.36" y="198.35" angle="90.00" type="DEFAULT_VEHTYPE" speed="12.64" pos="114.61" lane="3/1to4/1_0" slope="0.00"/>
        <vehicle id="3" x="201.65" y="257.60" angle="180.00" type="DEFAULT_VEHTYPE" speed="13.53" pos="52.85" lane="1/1to1/2_0" slope="0.00"/>
        <vehicle id="32" x="198.35" y="19.92" angle="0.00" type="DEFAULT_VEHTYPE" speed="13.80" pos="175.33" lane="1/1to1/0_0" slope="0.00"/>
        <vehicle id="37" x="398.35" y="268.85" angle="0.00" type="DEFAULT_VEHTYPE" speed="13.26" pos="126.40" lane="2/2to2/1_0" slope="0.00"/>
        <vehicle id="38" x="201.65" y="495.95" angle="180.00" type="DEFAULT_VEHTYPE" speed="13.21" pos="91.20" lane="1/2to1/3_0" slope="0.00"/>
        <vehicle id="4" x="398.35" y="321.23" angle="0.00" type="DEFAULT_VEHTYPE" speed="13.30" pos="74.02" lane="2/2to2/1_0" slope="0.00"/>
        <vehicle id="41" x="401.65" y="611.43" angle="180.00" type="DEFAULT_VEHTYPE" speed="9.51" pos="6.68" lane="2/3to2/4_0" slope="0.00"/>
        <vehicle id="42" x="473.28" y="401.65" angle="-90.00" type="DEFAULT_VEHTYPE" speed="13.25" pos="121.97" lane="3/2to2/2_0" slope="0.00"/>
        <vehicle id="43" x="201.65" y="317.65" angle="180.00" type="DEFAULT_VEHTYPE" speed="13.73" pos="112.90" lane="1/1to1/2_0" slope="0.00"/>
        <vehicle id="44" x="-0.46" y="198.66" angle="-21.92" type="DEFAULT_VEHTYPE" speed="13.23" pos="4.26" lane=":0/1_0_0" slope="0.00"/>
        <vehicle id="46" x="311.47" y="401.65" angle="-90.00" type="DEFAULT_VEHTYPE" speed="12.78" pos="83.78" lane="2/2to1/2_0" slope="0.00"/>
        <vehicle id="47" x="342.66" y="598.35" angle="90.00" type="DEFAULT_VEHTYPE" speed="13.19" pos="137.91" lane="1/3to2/3_0" slope="0.00"/>
        <vehicle id="49" x="401.65" y="665.96" angle="180.00" type="DEFAULT_VEHTYPE" speed="12.65" pos="61.21" lane="2/3to2/4_0" slope="0.00"/>
        <vehicle id="6" x="401.65" y="778.92" angle="180.00" type="DEFAULT_VEHTYPE" speed="12.61" pos="174.17" lane="2/3to2/4_0" slope="0.00"/>
    </timestep>
    <timestep time="541.00">
        <vehicle id="1" x="219.26" y="598.35" angle="90.00" type="DEFAULT_VEHTYPE" speed="12.91" pos="14.51" lane="1/3to2/3_0" slope="0.00"/>
        <vehicle id="11" x="185.78" y="401.65" angle="-90.00" type="DEFAULT_VEHTYPE" speed="10.23" pos="9.47" lane="1/2to0/2_0" slope="0.00"/>
        <vehicle id="13" x="589.51" y="198.35" angle="90.00" type="DEFAULT_VEHTYPE" speed="3.35" pos="184.76" lane="2/1to3/1_0" slope="0.00"/>
        <vehicle id="17" x="398.35" y="218.50" angle="0.00" type="DEFAULT_VEHTYPE" speed="13.11" pos="176.75" lane="2/2to2/1_0" slope="0.00"/>
        <vehicle id="2" x="550.74" y="401.65" angle="-90.00" type="DEFAULT_VEHTYPE" speed="13.67" pos="44.51" lane="3/2to2/2_0" slope="0.00"/>
        <vehicle id="21" x="398.35" y="682.77" angle="0.00" type="DEFAULT_VEHTYPE" speed="13.59" pos="117.23" lane="2/4to2/3_0" slope="0.00"/>
        <vehicle id="23" x="311.78" y="598.35" angle="90.00" type="DEFAULT_VEHTYPE" speed="13.10" pos="107.03" lane="1/3to2/3_0" slope="0.00"/>
        <vehicle id="25" x="198.35" y="101.66" angle="0.00" type="DEFAULT_VEHTYPE" speed="13.81" pos="93.59" lane="1/1to1/0_0" slope="0.00"/>
        <vehicle id="27" x="398.35" y="454.79" angle="0.00" type="DEFAULT_VEHTYPE" speed="13.34" pos="140.46" lane="2/3to2/2_0" slope="0.00"/>
        <vehicle id="29" x="732.21" y="198.35" angle="90.00" type="DEFAULT_VEHTYPE" speed="12.86" pos="127.46" lane="3/1to4/1_0" slope="0.00"/>
        <vehicle id="3" x="201.65" y="271.28" angle="180.00" type="DEFAULT_VEHTYPE" speed="13.68" pos="66.53" lane="1/1to1/2_0" slope="0.00"/>
        <vehicle id="32" x="198.35" y="6.57" angle="0.00" type="DEFAULT_VEHTYPE" speed="13.34" pos="188.68" lane="1/1to1/0_0" slope="0.00"/>
        <vehicle id="37" x="398.35" y="255.88" angle="0.00" type="DEFAULT_VEHTYPE" speed="12.97" pos="139.37" lane="2/2to2/1_0" slope="0.00"/>
        <vehicle id="38" x="201.65" y="509.20" angle="180.00" type="DEFAULT_VEHTYPE" speed="13.26" pos="104.45" lane="1/2to1/3_0" slope="0.00"/>
        <vehicle id="4" x="398.35" y="308.20" angle="0.00" type="DEFAULT_VEHTYPE" speed="13.03" pos="87.05" lane="2/2to2/1_0" slope="0.00"/>
        <vehicle id="41" x="401.65" y="622.98" angle="180.00" type="DEFAULT_VEHTYPE" speed="11.55" pos="18.23" lane="2/3to2/4_0" slope="0.00"/>
        <vehicle id="42" x="459.78" y="401.65" angle="-90.00" type="DEFAULT_VEHTYPE" speed="13.50" pos="135.47" lane="3/2to2/2_0" slope="0.00"/>
        <vehicle id="43" x="201.65" y="330.55" angle="180.00" type="DEFAULT_VEHTYPE" speed="12.91" pos="125.80" lane="1/1to1/2_0" slope="0.00"/>
        <vehicle id="44" x="12.47" y="198.35" angle="90.00" type="DEFAULT_VEHTYPE" speed="13.03" pos="12.47" lane="0/1to1/1_0" slope="0.00"/>
        <vehicle id="46" x="298.17" y="401.65" angle="-90.00" type="DEFAULT_VEHTYPE" speed="13.30" pos="97.08" lane="2/2to1/2_0" slope="0.00"/>
        <vehicle id="47" x="356.05" y="598.35" angle="90.00" type="DEFAULT_VEHTYPE" speed="13.39" pos="151.30" lane="1/3to2/3_0" slope="0.00"/>
        <vehicle id="49" x="401.65" y="679.60" angle="180.00" type="DEFAULT_VEHTYPE" speed="13.63" pos="74.85" lane="2/3to2/4_0" slope="0.00"/>
        <vehicle id="6" x="401.65" y="792.45" angle="180.00" type="DEFAULT_VEHTYPE" speed="13.53" pos="187.70" lane="2/3to2/4_0" slope="0.00"/>
    </timestep>
    <timestep time="542.00">
        <vehicle id="1" x="232.53" y="598.35" angle="90.00" type="DEFAULT_VEHTYPE" speed="13.27" pos="27.78" lane="1/3to2/3_0" slope="0.00"/>
        <vehicle id="11" x="174.24" y="401.65" angle="-90.00" type="DEFAULT_VEHTYPE" speed="11.54" pos="21.01" lane="1/2to0/2_0" slope="0.00"/>
        <vehicle id="13" x="594.46" y="198.35" angle="90.00" type="DEFAULT_VEHTYPE" speed="4.95" pos="189.71" lane="2/1to3/1_0" slope="0.00"/>
        <vehicle id="17" x="398.35" y="205.44" angle="0.00" type="DEFAULT_VEHTYPE" speed="13.06" pos="189.81" lane="2/2to2/1_0" slope="0.00"/>
        <vehicle id="2" x="537.15" y="401.65" angle="-90.00" type="DEFAULT_VEHTYPE" speed="13.59" pos="58.10" lane="3/2to2/2_0" slope="0.00"/>
        <vehicle id="21" x="398.35" y="669.72" angle="0.00" type="DEFAULT_VEHTYPE" speed="13.05" pos="130.28" lane="2/4to2/3_0" slope="0.00"/>
        <vehicle id="23" x="325.14" y="598.35" angle="90.00" type="DEFAULT_VEHTYPE" speed="13.36" pos="120.39" lane="1/3to2/3_0" slope="0.00"/>
        <vehicle id="25" x="198.35" y="88.06" angle="0.00" type="DEFAULT_VEHTYPE" speed="13.60" pos="107.19" lane="1/1to1/0_0" slope="0.00"/>
        <vehicle id="27" x="398.35" y="441.21" angle="0.00" type="DEFAULT_VEHTYPE" speed="13.59" pos="154.04" lane="2/3to2/2_0" slope="0.00"/>
        <vehicle id="29" x="745.84" y="198.35" angle="90.00" type="DEFAULT_VEHTYPE" speed="13.63" pos="141.09" lane="3/1to4/1_0" slope="0.00"/>
        <vehicle id="3" x="201.65" y="284.96" angle="180.00" type="DEFAULT_VEHTYPE" speed="13.68" pos="80.21" lane="1/1to1/2_0" slope="0.00"/>
        <vehicle id="32" x="201.65" y="2.33" angle="153.93" type="DEFAULT_VEHTYPE" speed="13.72" pos="2.33" lane="1/0to1/1_0" slope="0.00"/>
        <vehicle id="37" x="398.35" y="243.26" angle="0.00" type="DEFAULT_VEHTYPE" speed="12.61" pos="151.99" lane="2/2to2/1_0" slope="0.00"/>
        <vehicle id="38" x="201.65" y="522.05" angle="180.00" type="DEFAULT_VEHTYPE" speed="12.84" pos="117.30" lane="1/2to1/3_0" slope="0.00"/>
        <vehicle id="4" x="398.35" y="295.20" angle="0.00" type="DEFAULT_VEHTYPE" speed="13.00" pos="100.05" lane="2/2to2/1_0" slope="0.00"/>
        <vehicle id="41" x="401.65" y="635.79" angle="180.00" type="DEFAULT_VEHTYPE" speed="12.82" pos="31.04" lane="2/3to2/4_0" slope="0.00"/>
        <vehicle id="42" x="446.86" y="401.65" angle="-90.00" type="DEFAULT_VEHTYPE" speed="12.92" pos="148.39" lane="3/2to2/2_0" slope="0.00"/>
        <vehicle id="43" x="201.65" y="343.17" angle="180.00" type="DEFAULT_VEHTYPE" speed="12.62" pos="138.42" lane="1/1to1/2_0" slope="0.00"/>
        <vehicle id="44" x="25.38" y="198.35" angle="90.00" type="DEFAULT_VEHTYPE" speed="12.91" pos="25.38" lane="0/1to1/1_0" slope="0.00"/>
        <vehicle id="46" x="284.73" y="401.65" angle="-90.00" type="DEFAULT_VEHTYPE" speed="13.44" pos="110.52" lane="2/2to1/2_0" slope="0.00"/>
        <vehicle id="47" x="369.86" y="598.35" angle="90.00" type="DEFAULT_VEHTYPE" speed="13.81" pos="165.11" lane="1/3to2/3_0" slope="0.00"/>
        <vehicle id="49" x="401.65" y="692.95" angle="180.00" type="DEFAULT_VEHTYPE" speed="13.36" pos="88.20" lane="2/3to2/4_0" slope="0.00"/>
        <vehicle id="6" x="398.35" y="799.17" angle="-64.82" type="DEFAULT_VEHTYPE" speed="13.21" pos="0.83" lane="2/4to2/3_0" slope="0.00"/>
    </timestep>
    <timestep time="543.00">
        <vehicle id="1" x="245.78" y="598.35" angle="90.00" type="DEFAULT_VEHTYPE" speed="13.25" pos="41.03" lane="1/3to2/3_0" slope="0.00"/>
        <vehicle id="11" x="161.39" y="401.65" angle="-90.00" type="DEFAULT_VEHTYPE" speed="12.85" pos="33.86" lane="1/2to0/2_0" slope="0.00"/>
        <vehicle id="13" x="600.50" y="200.70" angle="117.52" type="DEFAULT_VEHTYPE" speed="6.83" pos="6.03" lane=":3/1_14_0" slope="0.00"/>
        <vehicle id="17" x="387.72" y="201.65" angle="-90.00" type="DEFAULT_VEHTYPE" speed="13.22" pos="7.53" lane="2/1to1/1_0" slope="0.00"/>
        <vehicle id="2" x="524.13" y="401.65" angle="-90.00" type="DEFAULT_VEHTYPE" speed="13.02" pos="71.12" lane="3/2to2/2_0" slope="0.00"/>
        <vehicle id="21" x="398.35" y="655.95" angle="0.00" type="DEFAULT_VEHTYPE" speed="13.77" pos="144.05" lane="2/4to2/3_0" slope="0.00"/>
        <vehicle id="23" x="337.84" y="598.35" angle="90.00" type="DEFAULT_VEHTYPE" speed="12.71" pos="133.09" lane="1/3to2/3_0" slope="0.00"/>
        <vehicle id="25" x="198.35" y="74.91" angle="0.00" type="DEFAULT_VEHTYPE" speed="13.14" pos="120.34" lane="1/1to1/0_0" slope="0.00"/>
        <vehicle id="27" x="398.35" y="428.19" angle="0.00" type="DEFAULT_VEHTYPE" speed="13.02" pos="167.06" lane="2/3to2/2_0" slope="0.00"/>
        <vehicle id="29" x="758.99" y="198.35" angle="90.00" type="DEFAULT_VEHTYPE" speed="13.15" pos="154.24" lane="3/1to4/1_0" slope="0.00"/>
        <vehicle id="3" x="201.65" y="298.50" angle="180.00" type="DEFAULT_VEHTYPE" speed="13.54" pos="93.75" lane="1/1to1/2_0" slope="0.00"/>
        <vehicle id="32" x="201.65" y="15.42" angle="180.00" type="DEFAULT_VEHTYPE" speed="13.10" pos="15.42" lane="1/0to1/1_0" slope="0.00"/>
        <vehicle id="37" x="398.35" y="229.42" angle="0.00" type="DEFAULT_VEHTYPE" speed="13.85" pos="165.83" lane="2/2to2/1_0" slope="0.00"/>
        <vehicle id="38" x="201.65" y="535.88" angle="180.00" type="DEFAULT_VEHTYPE" speed="13.84" pos="131.13" lane="1/2to1/3_0" slope="0.00"/>
        <vehicle id="4" x="398.35" y="281.45" angle="0.00" type="DEFAULT_VEHTYPE" speed="13.75" pos="113.80" lane="2/2to2/1_0" slope="0.00"/>
        <vehicle id="41" x="401.65" y="649.11" angle="180.00" type="DEFAULT_VEHTYPE" speed="13.32" pos="44.36" lane="2/3to2/4_0" slope="0.00"/>
        <vehicle id="42" x="433.58" y="401.65" angle="-90.00" type="DEFAULT_VEHTYPE" speed="13.28" pos="161.67" lane="3/2to2/2_0" slope="0.00"/>
        <vehicle id="43" x="201.65" y="356.01" angle="180.00" type="DEFAULT_VEHTYPE" speed="12.84" pos="151.26" lane="1/1to1/2_0" slope="0.00"/>
        <vehicle id="44" x="38.20" y="198.35" angle="90.00" type="DEFAULT_VEHTYPE" speed="12.81" pos="38.20" lane="0/1to1/1_0" slope="0.00"/>
        <vehicle id="46" x="271.73" y="401.65" angle="-90.00" type="DEFAULT_VEHTYPE" speed="13.00" pos="123.52" lane="2/2to1/2_0" slope="0.00"/>
        <vehicle id="47" x="380.24" y="598.35" angle="90.00" type="DEFAULT_VEHTYPE" speed="10.38" pos="175.49" lane="1/3to2/3_0" slope="0.00"/>
        <vehicle id="49" x="401.65" y="705.64" angle="180.00" type="DEFAULT_VEHTYPE" speed="12.69" pos="100.89" lane="2/3to2/4_0" slope="0.00"/>
        <vehicle id="6" x="398.35" y="785.73" angle="0.00" type="DEFAULT_VEHTYPE" speed="13.43" pos="14.27" lane="2/4to2/3_0" slope="0.00"/>
    </timestep>
    <timestep time="544.00">
        <vehicle id="1" x="258.95" y="598.35" angle="90.00" type="DEFAULT_VEHTYPE" speed="13.17" pos="54.20" lane="1/3to2/3_0" slope="0.00"/>
        <vehicle id="11" x="148.29" y="401.65" angle="-90.00" type="DEFAULT_VEHTYPE" speed="13.10" pos="46.96" lane="1/2to0/2_0" slope="0.00"/>
        <vehicle id="13" x="601.65" y="208.87" angle="178.57" type="DEFAULT_VEHTYPE" speed="8.41" pos="4.12" lane="3/1to3/2_0" slope="0.00"/>
        <vehicle id="17" x="374.57" y="201.65" angle="-90.00" type="DEFAULT_VEHTYPE" speed="13.16" pos="20.68" lane="2/1to1/1_0" slope="0.00"/>
        <vehicle id="2" x="510.53" y="401.65" angle="-90.00" type="DEFAULT_VEHTYPE" speed="13.60" pos="84.72" lane="3/2to2/2_0" slope="0.00"/>
        <vehicle id="21" x="398.35" y="642.59" angle="0.00" type="DEFAULT_VEHTYPE" speed="13.35" pos="157.41" lane="2/4to2/3_0" slope="0.00"/>
        <vehicle id="23" x="351.43" y="598.35" angle="90.00" type="DEFAULT_VEHTYPE" speed="13.59" pos="146.68" lane="1/3to2/3_0" slope="0.00"/>
        <vehicle id="25" x="198.35" y="62.07" angle="0.00" type="DEFAULT_VEHTYPE" speed="12.84" pos="133.18" lane="1/1to1/0_0" slope="0.00"/>
        <vehicle id="27" x="398.35" y="414.80" angle="0.00" type="DEFAULT_VEHTYPE" speed="13.39" pos="180.45" lane="2/3to2/2_0" slope="0.00"/>
        <vehicle id="29" x="772.34" y="198.35" angle="90.00" type="DEFAULT_VEHTYPE" speed="13.34" pos="167.59" lane="3/1to4/1_0" slope="0.00"/>
        <vehicle id="3" x="201.65" y="311.88" angle="180.00" type="DEFAULT_VEHTYPE" speed="13.38" pos="107.13" lane="1/1to1/2_0" slope="0.00"/>
        <vehicle id="32" x="201.65" y="28.44" angle="180.00" type="DEFAULT_VEHTYPE" speed="13.01" pos="28.44" lane="1/0to1/1_0" slope="0.00"/>
        <vehicle id="37" x="398.35" y="215.60" angle="0.00" type="DEFAULT_VEHTYPE" speed="13.82" pos="179.65" lane="2/2to2/1_0" slope="0.00"/>
        <vehicle id="38" x="201.65" y="549.11" angle="180.00" type="DEFAULT_VEHTYPE" speed="13.23" pos="144.36" lane="1/2to1/3_0" slope="0.00"/>
        <vehicle id="4" x="398.35" y="268.32" angle="0.00" type="DEFAULT_VEHTYPE" speed="13.13" pos="126.93" lane="2/2to2/1_0" slope="0.00"/>
        <vehicle id="41" x="401.65" y="661.85" angle="180.00" type="DEFAULT_VEHTYPE" speed="12.74" pos="57.10" lane="2/3to2/4_0" slope="0.00"/>
        <vehicle id="42" x="423.18" y="401.65" angle="-90.00" type="DEFAULT_VEHTYPE" speed="10.40" pos="172.07" lane="3/2to2/2_0" slope="0.00"/>
        <vehicle id="43" x="201.65" y="369.41" angle="180.00" type="DEFAULT_VEHTYPE" speed="13.41" pos="164.66" lane="1/1to1/2_0" slope="0.00"/>
        <vehicle id="44" x="51.90" y="198.35" angle="90.00" type="DEFAULT_VEHTYPE" speed="13.70" pos="51.90" lane="0/1to1/1_0" slope="0.00"/>
        <vehicle id="46" x="258.72" y="401.65" angle="-90.00" type="DEFAULT_VEHTYPE" speed="13.02" pos="136.53" lane="2/2to1/2_0" slope="0.00"/>
        <vehicle id="47" x="386.96" y="598.35" angle="90.00" type="DEFAULT_VEHTYPE" speed="6.72" pos="182.21" lane="1/3to2/3_0" slope="0.00"/>
        <vehicle id="49" x="401.65" y="718.38" angle="180.00" type="DEFAULT_VEHTYPE" speed="12.74" pos="113.63" lane="2/3to2/4_0" slope="0.00"/>
        <vehicle id="6" x="398.35" y="771.87" angle="0.00" type="DEFAULT_VEHTYPE" speed="13.86" pos="28.13" lane="2/4to2/3_0" slope="0.00"/>
    </timestep>
    <timestep time="545.00">
        <vehicle id="1" x="272.41" y="598.35" angle="90.00" type="DEFAULT_VEHTYPE" speed="13.46" pos="67.66" lane="1/3to2/3_0" slope="0.00"/>
        <vehicle id="11" x="134.77" y="401.65" angle="-90.00" type="DEFAULT_VEHTYPE" speed="13.52" pos="60.48" lane="1/2to0/2_0" slope="0.00"/>
        <vehicle id="13" x="601.65" y="218.91" angle="180.00" type="DEFAULT_VEHTYPE" speed="10.04" pos="14.16" lane="3/1to3/2_0" slope="0.00"/>
        <vehicle id="17" x="361.95" y="201.65" angle="-90.00" type="DEFAULT_VEHTYPE" speed="12.62" pos="33.30" lane="2/1to1/1_0" slope="0.00"/>
        <vehicle id="2" x="496.76" y="401.65" angle="-90.00" type="DEFAULT_VEHTYPE" speed="13.77" pos="98.49" lane="3/2to2/2_0" slope="0.00"/>
        <vehicle id="21" x="398.35" y="629.06" angle="0.00" type="DEFAULT_VEHTYPE" speed="13.53" pos="170.94" lane="2/4to2/3_0" slope="0.00"/>
        <vehicle id="23" x="364.71" y="598.35" angle="90.00" type="DEFAULT_VEHTYPE" speed="13.28" pos="159.96" lane="1/3to2/3_0" slope="0.00"/>
        <vehicle id="25" x="198.35" y="49.05" angle="0.00" type="DEFAULT_VEHTYPE" speed="13.03" pos="146.20" lane="1/1to1/0_0" slope="0.00"/>
        <vehicle id="27" x="398.35" y="401.68" angle="0.00" type="DEFAULT_VEHTYPE" speed="13.12" pos="3.07" lane=":2/2_1_0" slope="0.00"/>
        <vehicle id="29" x="785.70" y="198.35" angle="90.00" type="DEFAULT_VEHTYPE" speed="13.36" pos="180.95" lane="3/1to4/1_0" slope="0.00"/>
        <vehicle id="3" x="201.65" y="325.41" angle="180.00" type="DEFAULT_VEHTYPE" speed="13.53" pos="120.66" lane="1/1to1/2_0" slope="0.00"/>
        <vehicle id="32" x="201.65" y="42.05" angle="180.00" type="DEFAULT_VEHTYPE" speed="13.61" pos="42.05" lane="1/0to1/1_0" slope="0.00"/>
        <vehicle id="37" x="398.35" y="202.58" angle="0.00" type="DEFAULT_VEHTYPE" speed="13.02" pos="2.17" lane=":2/1_1_0" slope="0.00"/>
        <vehicle id="38" x="201.65" y="561.82" angle="180.00" type="DEFAULT_VEHTYPE" speed="12.71" pos="157.07" lane="1/2to1/3_0" slope="0.00"/>
        <vehicle id="4" x="398.35" y="255.12" angle="0.00" type="DEFAULT_VEHTYPE" speed="13.20" pos="140.13" lane="2/2to2/1_0" slope="0.00"/>
        <vehicle id="41" x="401.65" y="674.61" angle="180.00" type="DEFAULT_VEHTYPE" speed="12.76" pos="69.86" lane="2/3to2/4_0" slope="0.00"/>
        <vehicle id="42" x="415.58" y="401.65" angle="-90.00" type="DEFAULT_VEHTYPE" speed="7.59" pos="179.67" lane="3/2to2/2_0" slope="0.00"/>
        <vehicle id="43" x="201.65" y="382.63" angle="180.00" type="DEFAULT_VEHTYPE" speed="13.22" pos="177.88" lane="1/1to1/2_0" slope="0.00"/>
        <vehicle id="44" x="65.44" y="198.35" angle="90.00" type="DEFAULT_VEHTYPE" speed="13.54" pos="65.44" lane="0/1to1/1_0" slope="0.00"/>
        <vehicle id="46" x="245.18" y="401.65" angle="-90.00" type="DEFAULT_VEHTYPE" speed="13.53" pos="150.07" lane="2/2to1/2_0" slope="0.00"/>
        <vehicle id="47" x="390.00" y="598.35" angle="90.00" type="DEFAULT_VEHTYPE" speed="3.04" pos="185.25" lane="1/3to2/3_0" slope="0.00"/>
        <vehicle id="49" x="401.65" y="731.03" angle="180.00" type="DEFAULT_VEHTYPE" speed="12.64" pos="126.28" lane="2/3to2/4_0" slope="0.00"/>
        <vehicle id="6" x="398.35" y="759.20" angle="0.00" type="DEFAULT_VEHTYPE" speed="12.67" pos="40.80" lane="2/4to2/3_0" slope="0.00"/>
    </timestep>
    <timestep time="546.00">
        <vehicle id="1" x="285.79" y="598.35" angle="90.00" type="DEFAULT_VEHTYPE" speed="13.38" pos="81.04" lane="1/3to2/3_0" slope="0.00"/>
        <vehicle id="11" x="122.11" y="401.65" angle="-90.00" type="DEFAULT_VEHTYPE" speed="12.66" pos="73.14" lane="1/2to0/2_0" slope="0.00"/>
        <vehicle id="13" x="601.65" y="231.32" angle="180.00" type="DEFAULT_VEHTYPE" speed="12.41" pos="26.57" lane="3/1to3/2_0" slope="0.00"/>
        <vehicle id="17" x="348.29" y="201.65" angle="-90.00" type="DEFAULT_VEHTYPE" speed="13.66" pos="46.96" lane="2/1to1/1_0" slope="0.00"/>
        <vehicle id="2" x="483.83" y="401.65" angle="-90.00" type="DEFAULT_VEHTYPE" speed="12.93" pos="111.42" lane="3/2to2/2_0" slope="0.00"/>
        <vehicle id="21" x="398.35" y="616.27" angle="0.00" type="DEFAULT_VEHTYPE" speed="12.79" pos="183.73" lane="2/4to2/3_0" slope="0.00"/>
        <vehicle id="23" x="373.49" y="598.35" angle="90.00" type="DEFAULT_VEHTYPE" speed="8.78" pos="168.74" lane="1/3to2/3_0" slope="0.00"/>
        <vehicle id="25" x="198.35" y="36.07" angle="0.00" type="DEFAULT_VEHTYPE" speed="12.98" pos="159.18" lane="1/1to1/0_0" slope="0.00"/>
        <vehicle id="27" x="398.35" y="388.29" angle="0.00" type="DEFAULT_VEHTYPE" speed="13.39" pos="6.96" lane="2/2to2/1_0" slope="0.00"/>
        <vehicle id="29" x="799.42" y="198.35" angle="90.00" type="DEFAULT_VEHTYPE" speed="13.71" pos="194.67" lane="3/1to4/1_0" slope="0.00"/>
        <vehicle id="3" x="201.65" y="339.06" angle="180.00" type="DEFAULT_VEHTYPE" speed="13.65" pos="134.31" lane="1/1to1/2_0" slope="0.00"/>
        <vehicle id="32" x="201.65" y="54.94" angle="180.00" type="DEFAULT_VEHTYPE" speed="12.90" pos="54.94" lane="1/0to1/1_0" slope="0.00"/>
        <vehicle id="37" x="398.35" y="189.46" angle="0.00" type="DEFAULT_VEHTYPE" speed="13.12" pos="5.79" lane="2/1to2/0_0" slope="0.00"/>
        <vehicle id="38" x="201.65" y="575.50" angle="180.00" type="DEFAULT_VEHTYPE" speed="13.69" pos="170.75" lane="1/2to1/3_0" slope="0.00"/>
        <vehicle id="4" x="398.35" y="241.66" angle="0.00" type="DEFAULT_VEHTYPE" speed="13.46" pos="153.59" lane="2/2to2/1_0" slope="0.00"/>
        <vehicle id="41" x="401.65" y="687.42" angle="180.00" type="DEFAULT_VEHTYPE" speed="12.80" pos="82.67" lane="2/3to2/4_0" slope="0.00"/>
        <vehicle id="42" x="410.82" y="401.65" angle="-90.00" type="DEFAULT_VEHTYPE" speed="4.76" pos="184.43" lane="3/2to2/2_0" slope="0.00"/>
        <vehicle id="43" x="201.65" y="396.01" angle="180.00" type="DEFAULT_VEHTYPE" speed="13.38" pos="0.76" lane=":1/2_9_0" slope="0.00"/>
        <vehicle id="44" x="78.35" y="198.35" angle="90.00" type="DEFAULT_VEHTYPE" speed="12.91" pos="78.35" lane="0/1to1/1_0" slope="0.00"/>
        <vehicle id="46" x="231.92" y="401.65" angle="-90.00" type="DEFAULT_VEHTYPE" speed="13.27" pos="163.33" lane="2/2to1/2_0" slope="0.00"/>
        <vehicle id="47" x="391.57" y="598.35" angle="90.00" type="DEFAULT_VEHTYPE" speed="1.57" pos="186.82" lane="1/3to2/3_0" slope="0.00"/>
        <vehicle id="49" x="401.65" y="744.00" angle="180.00" type="DEFAULT_VEHTYPE" speed="12.98" pos="139.25" lane="2/3to2/4_0" slope="0.00"/>
        <vehicle id="6" x="398.35" y="745.81" angle="0.00" type="DEFAULT_VEHTYPE" speed="13.39" pos="54.19" lane="2/4to2/3_0" slope="0.00"/>
    </timestep>
    <timestep time="547.00">
        <vehicle id="1" x="299.45" y="598.35" angle="90.00" type="DEFAULT_VEHTYPE" speed="13.66" pos="94.70" lane="1/3to2/3_0" slope="0.00"/>
        <vehicle id="11" x="108.99" y="401.65" angle="-90.00" type="DEFAULT_VEHTYPE" speed="13.12" pos="86.26" lane="1/2to0/2_0" slope="0.00"/>
        <vehicle id="13" x="601.65" y="244.67" angle="180.00" type="DEFAULT_VEHTYPE" speed="13.35" pos="39.92" lane="3/1to3/2_0" slope="0.00"/>
        <vehicle id="17" x="335.54" y="201.65" angle="-90.00" type="DEFAULT_VEHTYPE" speed="12.75" pos="59.71" lane="2/1to1/1_0" slope="0.00"/>
        <vehicle id="2" x="470.53" y="401.65" angle="-90.00" type="DEFAULT_VEHTYPE" speed="13.31" pos="124.72" lane="3/2to2/2_0" slope="0.00"/>
        <vehicle id="21" x="398.35" y="603.14" angle="0.00" type="DEFAULT_VEHTYPE" speed="13.14" pos="1.61" lane=":2/3_1_0" slope="0.00"/>
        <vehicle id="23" x="378.79" y="598.35" angle="90.00" type="DEFAULT_VEHTYPE" speed="5.30" pos="174.04" lane="1/3to2/3_0" slope="0.00"/>
        <vehicle id="25" x="198.35" y="23.10" angle="0.00" type="DEFAULT_VEHTYPE" speed="12.97" pos="172.15" lane="1/1to1/0_0" slope="0.00"/>
        <vehicle id="27" x="398.35" y="375.20" angle="0.00" type="DEFAULT_VEHTYPE" speed="13.09" pos="20.05" lane="2/2to2/1_0" slope="0.00"/>
        <vehicle id="29" x="792.45" y="201.65" angle="-90.00" type="DEFAULT_VEHTYPE" speed="12.95" pos="7.55" lane="4/1to3/1_0" slope="0.00"/>
        <vehicle id="3" x="201.65" y="352.34" angle="180.00" type="DEFAULT_VEHTYPE" speed="13.28" pos="147.59" lane="1/1to1/2_0" slope="0.00"/>
        <vehicle id="32" x="201.65" y="68.62" angle="180.00" type="DEFAULT_VEHTYPE" speed="13.67" pos="68.62" lane="1/0to1/1_0" slope="0.00"/>
        <vehicle id="37" x="398.35" y="176.79" angle="0.00" type="DEFAULT_VEHTYPE" speed="12.67" pos="18.46" lane="2/1to2/0_0" slope="0.00"/>
        <vehicle id="38" x="201.65" y="588.15" angle="180.00" type="DEFAULT_VEHTYPE" speed="12.64" pos="183.40" lane="1/2to1/3_0" slope="0.00"/>
        <vehicle id="4" x="398.35" y="229.03" angle="0.00" type="DEFAULT_VEHTYPE" speed="12.63" pos="166.22" lane="2/2to2/1_0" slope="0.00"/>
        <vehicle id="41" x="401.65" y="701.06" angle="180.00" type="DEFAULT_VEHTYPE" speed="13.65" pos="96.31" lane="2/3to2/4_0" slope="0.00"/>
        <vehicle id="42" x="404.02" y="401.55" angle="-88.81" type="DEFAULT_VEHTYPE" speed="6.80" pos="0.73" lane=":2/2_6_0" slope="0.00"/>
        <vehicle id="43" x="201.65" y="409.07" angle="180.00" type="DEFAULT_VEHTYPE" speed="13.06" pos="4.32" lane="1/2to1/3_0" slope="0.00"/>
        <vehicle id="44" x="91.84" y="198.35" angle="90.00" type="DEFAULT_VEHTYPE" speed="13.49" pos="91.84" lane="0/1to1/1_0" slope="0.00"/>
        <vehicle id="46" x="221.36" y="401.65" angle="-90.00" type="DEFAULT_VEHTYPE" speed="10.55" pos="173.89" lane="2/2to1/2_0" slope="0.00"/>
        <vehicle id="47" x="392.40" y="598.35" angle="90.00" type="DEFAULT_VEHTYPE" speed="0.84" pos="187.65" lane="1/3to2/3_0" slope="0.00"/>
        <vehicle id="49" x="401.65" y="757.21" angle="180.00" type="DEFAULT_VEHTYPE" speed="13.21" pos="152.46" lane="2/3to2/4_0" slope="0.00"/>
        <vehicle id="6" x="398.35" y="732.93" angle="0.00" type="DEFAULT_VEHTYPE" speed="12.87" pos="67.07" lane="2/4to2/3_0" slope="0.00"/>
    </timestep>
    <timestep time="548.00">
        <vehicle id="1" x="313.08" y="598.35" angle="90.00" type="DEFAULT_VEHTYPE" speed="13.63" pos="108.33" lane="1/3to2/3_0" slope="0.00"/>
        <vehicle id="11" x="96.25" y="401.65" angle="-90.00" type="DEFAULT_VEHTYPE" speed="12.75" pos="99.00" lane="1/2to0/2_0" slope="0.00"/>
        <vehicle id="13" x="601.65" y="258.25" angle="180.00" type="DEFAULT_VEHTYPE" speed="13.57" pos="53.50" lane="3/1to3/2_0" slope="0.00"/>
        <vehicle id="17" x="322.33" y="201.65" angle="-90.00" type="DEFAULT_VEHTYPE" speed="13.21" pos="72.92" lane="2/1to1/1_0" slope="0.00"/>
        <vehicle id="2" x="457.44" y="401.65" angle="-90.00" type="DEFAULT_VEHTYPE" speed="13.08" pos="137.81" lane="3/2to2/2_0" slope="0.00"/>
        <vehicle id="21" x="398.35" y="590.35" angle="0.00" type="DEFAULT_VEHTYPE" speed="12.79" pos="4.90" lane="2/3to2/2_0" slope="0.00"/>
        <vehicle id="23" x="382.43" y="598.35" angle="90.00" type="DEFAULT_VEHTYPE" speed="3.65" pos="177.68" lane="1/3to2/3_0" slope="0.00"/>
        <vehicle id="25" x="198.35" y="10.19" angle="0.00" type="DEFAULT_VEHTYPE" speed="12.92" pos="185.06" lane="1/1to1/0_0" slope="0.00"/>
        <vehicle id="27" x="398.35" y="361.98" angle="0.00" type="DEFAULT_VEHTYPE" speed="13.22" pos="33.27" lane="2/2to2/1_0" slope="0.00"/>
        <vehicle id="29" x="779.56" y="201.65" angle="-90.00" type="DEFAULT_VEHTYPE" speed="12.89" pos="20.44" lane="4/1to3/1_0" slope="0.00"/>
        <vehicle id="3" x="201.65" y="365.11" angle="180.00" type="DEFAULT_VEHTYPE" speed="12.77" pos="160.36" lane="1/1to1/2_0" slope="0.00"/>
        <vehicle id="32" x="201.65" y="82.25" angle="180.00" type="DEFAULT_VEHTYPE" speed="13.64" pos="82.25" lane="1/0to1/1_0" slope="0.00"/>
        <vehicle id="37" x="398.35" y="163.47" angle="0.00" type="DEFAULT_VEHTYPE" speed="13.32" pos="31.78" lane="2/1to2/0_0" slope="0.00"/>
        <vehicle id="38" x="205.55" y="598.35" angle="121.32" type="DEFAULT_VEHTYPE" speed="12.90" pos="0.80" lane="1/3to2/3_0" slope="0.00"/>
        <vehicle id="4" x="398.35" y="216.03" angle="0.00" type="DEFAULT_VEHTYPE" speed="13.00" pos="179.22" lane="2/2to2/1_0" slope="0.00"/>
        <vehicle id="41" x="401.65" y="714.83" angle="180.00" type="DEFAULT_VEHTYPE" speed="13.77" pos="110.08" lane="2/3to2/4_0" slope="0.00"/>
        <vehicle id="42" x="398.49" y="396.22" angle="-27.03" type="DEFAULT_VEHTYPE" speed="8.60" pos="9.34" lane=":2/2_6_0" slope="0.00"/>
        <vehicle id="43" x="201.65" y="422.91" angle="180.00" type="DEFAULT_VEHTYPE" speed="13.84" pos="18.16" lane="1/2to1/3_0" slope="0.00"/>
        <vehicle id="44" x="105.15" y="198.35" angle="90.00" type="DEFAULT_VEHTYPE" speed="13.31" pos="105.15" lane="0/1to1/1_0" slope="0.00"/>
        <vehicle id="46" x="214.47" y="401.65" angle="-90.00" type="DEFAULT_VEHTYPE" speed="6.89" pos="180.78" lane="2/2to1/2_0" slope="0.00"/>
        <vehicle id="47" x="392.61" y="598.35" angle="90.00" type="DEFAULT_VEHTYPE" speed="0.21" pos="187.86" lane="1/3to2/3_0" slope="0.00"/>
        <vehicle id="49" x="401.65" y="769.85" angle="180.00" type="DEFAULT_VEHTYPE" speed="12.64" pos="165.10" lane="2/3to2/4_0" slope="0.00"/>
        <vehicle id="6" x="398.35" y="719.57" angle="0.00" type="DEFAULT_VEHTYPE" speed="13.36" pos="80.43" lane="2/4to2/3_0" slope="0.00"/>
    </timestep>
    <timestep time="549.00">
        <vehicle id="1" x="325.77" y="598.35" angle="90.00" type="DEFAULT_VEHTYPE" speed="12.69" pos="121.02" lane="1/3to2/3_0" slope="0.00"/>
        <vehicle id="11" x="83.62" y="401.65" angle="-90.00" type="DEFAULT_VEHTYPE" speed="12.62" pos="111.63" lane="1/2to0/2_0" slope="0.00"/>
        <vehicle id="13" x="601.65" y="271.98" angle="180.00" type="DEFAULT_VEHTYPE" speed="13.74" pos="67.23" lane="3/1to3/2_0" slope="0.00"/>
        <vehicle id="17" x="309.60" y="201.65" angle="-90.00" type="DEFAULT_VEHTYPE" speed="12.73" pos="85.65" lane="2/1to1/1_0" slope="0.00"/>
        <vehicle id="2" x="444.33" y="401.65" angle="-90.00" type="DEFAULT_VEHTYPE" speed="13.11" pos="150.92" lane="3/2to2/2_0" slope="0.00"/>
        <vehicle id="21" x="398.35" y="577.04" angle="0.00" type="DEFAULT_VEHTYPE" speed="13.31" pos="18.21" lane="2/3to2/2_0" slope="0.00"/>
        <vehicle id="23" x="383.92" y="598.35" angle="90.00" type="DEFAULT_VEHTYPE" speed="1.49" pos="179.17" lane="1/3to2/3_0" slope="0.00"/>
        <vehicle id="25" x="200.55" y="-1.38" angle="33.24" type="DEFAULT_VEHTYPE" speed="13.21" pos="3.02" lane=":1/0_0_0" slope="0.00"/>
        <vehicle id="27" x="398.35" y="348.35" angle="0.00" type="DEFAULT_VEHTYPE" speed="13.63" pos="46.90" lane="2/2to2/1_0" slope="0.00"/>
        <vehicle id="29" x="766.71" y="201.65" angle="-90.00" type="DEFAULT_VEHTYPE" speed="12.85" pos="33.29" lane="4/1to3/1_0" slope="0.00"/>
        <vehicle id="3" x="201.65" y="377.95" angle="180.00" type="DEFAULT_VEHTYPE" speed="12.84" pos="173.20" lane="1/1to1/2_0" slope="0.00"/>
        <vehicle id="32" x="201.65" y="96.08" angle="180.00" type="DEFAULT_VEHTYPE" speed="13.82" pos="96.08" lane="1/0to1/1_0" slope="0.00"/>
        <vehicle id="37" x="398.35" y="149.75" angle="0.00" type="DEFAULT_VEHTYPE" speed="13.72" pos="45.50" lane="2/1to2/0_0" slope="0.00"/>
        <vehicle id="38" x="218.75" y="598.35" angle="90.00" type="DEFAULT_VEHTYPE" speed="13.20" pos="14.00" lane="1/3to2/3_0" slope="0.00"/>
        <vehicle id="4" x="398.35" y="203.37" angle="0.00" type="DEFAULT_VEHTYPE" speed="12.66" pos="1.38" lane=":2/1_1_0" slope="0.00"/>
        <vehicle id="41" x="401.65" y="727.63" angle="180.00" type="DEFAULT_VEHTYPE" speed="12.80" pos="122.88" lane="2/3to2/4_0" slope="0.00"/>
        <vehicle id="42" x="398.35" y="385.34" angle="0.00" type="DEFAULT_VEHTYPE" speed="10.89" pos="9.91" lane="2/2to2/1_0" slope="0.00"/>
        <vehicle id="43" x="201.65" y="435.82" angle="180.00" type="DEFAULT_VEHTYPE" speed="12.91" pos="31.07" lane="1/2to1/3_0" slope="0.00"/>
        <vehicle id="44" x="118.63" y="198.35" angle="90.00" type="DEFAULT_VEHTYPE" speed="13.48" pos="118.63" lane="0/1to1/1_0" slope="0.00"/>
        <vehicle id="46" x="210.26" y="401.65" angle="-90.00" type="DEFAULT_VEHTYPE" speed="4.21" pos="184.99" lane="2/2to1/2_0" slope="0.00"/>
        <vehicle id="47" x="394.59" y="598.35" angle="90.00" type="DEFAULT_VEHTYPE" speed="1.98" pos="189.84" lane="1/3to2/3_0" slope="0.00"/>
        <vehicle id="49" x="401.65" y="783.65" angle="180.00" type="DEFAULT_VEHTYPE" speed="13.80" pos="178.90" lane="2/3to2/4_0" slope="0.00"/>
        <vehicle id="6" x="398.35" y="705.93" angle="0.00" type="DEFAULT_VEHTYPE" speed="13.64" pos="94.07" lane="2/4to2/3_0" slope="0.00"/>
    </timestep>
    <timestep time="550.00">
        <vehicle id="1" x="339.07" y="598.35" angle="90.00" type="DEFAULT_VEHTYPE" speed="13.30" pos="134.32" lane="1/3to2/3_0" slope="0.00"/>
        <vehicle id="11" x="70.66" y="401.65" angle="-90.00" type="DEFAULT_VEHTYPE" speed="12.96" pos="124.59" lane="1/2to0/2_0" slope="0.00"/>
        <vehicle id="13" x="601.65" y="284.84" angle="180.00" type="DEFAULT_VEHTYPE" speed="12.85" pos="80.09" lane="3/1to3/2_0" slope="0.00"/>
        <vehicle id="17" x="295.90" y="201.65" angle="-90.00" type="DEFAULT_VEHTYPE" speed="13.71" pos="99.35" lane="2/1to1/1_0" slope="0.00"/>
        <vehicle id="2" x="431.03" y="401.65" angle="-90.00" type="DEFAULT_VEHTYPE" speed="13.30" pos="164.22" lane="3/2to2/2_0" slope="0.00"/>
        <vehicle id="21" x="398.35" y="564.31" angle="0.00" type="DEFAULT_VEHTYPE" speed="12.73" pos="30.94" lane="2/3to2/2_0" slope="0.00"/>
        <vehicle id="23" x="385.83" y="598.35" angle="90.00" type="DEFAULT_VEHTYPE" speed="1.91" pos="181.08" lane="1/3to2/3_0" slope="0.00"/>
        <vehicle id="25" x="201.65" y="11.92" angle="180.00" type="DEFAULT_VEHTYPE" speed="13.72" pos="11.92" lane="1/0to1/1_0" slope="0.00"/>
        <vehicle id="27" x="398.35" y="335.59" angle="0.00" type="DEFAULT_VEHTYPE" speed="12.76" pos="59.66" lane="2/2to2/1_0" slope="0.00"/>
        <vehicle id="29" x="753.39" y="201.65" angle="-90.00" type="DEFAULT_VEHTYPE" speed="13.32" pos="46.61" lane="4/1to3/1_0" slope="0.00"/>
        <vehicle id="3" x="201.65" y="391.27" angle="180.00" type="DEFAULT_VEHTYPE" speed="13.32" pos="186.52" lane="1/1to1/2_0" slope="0.00"/>
        <vehicle id="32" x="201.65" y="108.71" angle="180.00" type="DEFAULT_VEHTYPE" speed="12.64" pos="108.71" lane="1/0to1/1_0" slope="0.00"/>
        <vehicle id="37" x="398.35" y="135.95" angle="0.00" type="DEFAULT_VEHTYPE" speed="13.80" pos="59.30" lane="2/1to2/0_0" slope="0.00"/>
        <vehicle id="38" x="232.19" y="598.35" angle="90.00" type="DEFAULT_VEHTYPE" speed="13.44" pos="27.44" lane="1/3to2/3_0" slope="0.00"/>
        <vehicle id="4" x="398.35" y="190.46" angle="0.00" type="DEFAULT_VEHTYPE" speed="12.91" pos="4.79" lane="2/1to2/0_0" slope="0.00"/>
        <vehicle id="41" x="401.65" y="741.31" angle="180.00" type="DEFAULT_VEHTYPE" speed="13.68" pos="136.56" lane="2/3to2/4_0" slope="0.00"/>
        <vehicle id="42" x="398.35" y="372.64" angle="0.00" type="DEFAULT_VEHTYPE" speed="12.70" pos="22.61" lane="2/2to2/1_0" slope="0.00"/>
        <vehicle id="43" x="201.65" y="449.59" angle="180.00" type="DEFAULT_VEHTYPE" speed="13.76" pos="44.84" lane="1/2to1/3_0" slope="0.00"/>
        <vehicle id="44" x="131.60" y="198.35" angle="90.00" type="DEFAULT_VEHTYPE" speed="12.97" pos="131.60" lane="0/1to1/1_0" slope="0.00"/>
        <vehicle id="46" x="208.93" y="401.65" angle="-90.00" type="DEFAULT_VEHTYPE" speed="1.34" pos="186.32" lane="2/2to1/2_0" slope="0.00"/>
        <vehicle id="47" x="398.96" y="599.29" angle="101.06" type="DEFAULT_VEHTYPE" speed="4.54" pos="3.88" lane=":2/3_14_0" slope="0.00"/>
        <vehicle id="49" x="401.65" y="796.74" angle="180.00" type="DEFAULT_VEHTYPE" speed="13.09" pos="191.99" lane="2/3to2/4_0" slope="0.00"/>
        <vehicle id="6" x="398.35" y="692.31" angle="0.00" type="DEFAULT_VEHTYPE" speed="13.63" pos="107.69" lane="2/4to2/3_0" slope="0.00"/>
    </timestep>
    <timestep time="551.00">
        <vehicle id="1" x="352.75" y="598.35" angle="90.00" type="DEFAULT_VEHTYPE" speed="13.68" pos="148.00" lane="1/3to2/3_0" slope="0.00"/>
        <vehicle id="11" x="56.85" y="401.65" angle="-90.00" type="DEFAULT_VEHTYPE" speed="13.81" pos="138.40" lane="1/2to0/2_0" slope="0.00"/>
        <vehicle id="13" x="601.65" y="298.48" angle="180.00" type="DEFAULT_VEHTYPE" speed="13.64" pos="93.73" lane="3/1to3/2_0" slope="0.00"/>
        <vehicle id="17" x="282.93" y="201.65" angle="-90.00" type="DEFAULT_VEHTYPE" speed="12.96" pos="112.32" lane="2/1to1/1_0" slope="0.00"/>
        <vehicle id="2" x="420.54" y="401.65" angle="-90.00" type="DEFAULT_VEHTYPE" speed="10.49" pos="174.71" lane="3/2to2/2_0" slope="0.00"/>
        <vehicle id="21" x="398.35" y="550.88" angle="0.00" type="DEFAULT_VEHTYPE" speed="13.43" pos="44.37" lane="2/3to2/2_0" slope="0.00"/>
        <vehicle id="23" x="389.49" y="598.35" angle="90.00" type="DEFAULT_VEHTYPE" speed="3.66" pos="184.74" lane="1/3to2/3_0" slope="0.00"/>
        <vehicle id="25" x="201.65" y="25.33" angle="180.00" type="DEFAULT_VEHTYPE" speed="13.40" pos="25.33" lane="1/0to1/1_0" slope="0.00"/>
        <vehicle id="27" x="398.35" y="321.99" angle="0.00" type="DEFAULT_VEHTYPE" speed="13.61" pos="73.26" lane="2/2to2/1_0" slope="0.00"/>
        <vehicle id="29" x="739.69" y="201.65" angle="-90.00" type="DEFAULT_VEHTYPE" speed="13.69" pos="60.31" lane="4/1to3/1_0" slope="0.00"/>
        <vehicle id="3" x="201.65" y="404.32" angle="180.00" type="DEFAULT_VEHTYPE" speed="13.05" pos="9.07" lane=":1/2_9_0" slope="0.00"/>
        <vehicle id="32" x="201.65" y="121.53" angle="180.00" type="DEFAULT_VEHTYPE" speed="12.82" pos="121.53" lane="1/0to1/1_0" slope="0.00"/>
        <vehicle id="37" x="398.35" y="123.03" angle="0.00" type="DEFAULT_VEHTYPE" speed="12.92" pos="72.22" lane="2/1to2/0_0" slope="0.00"/>
        <vehicle id="38" x="245.61" y="598.35" angle="90.00" type="DEFAULT_VEHTYPE" speed="13.42" pos="40.86" lane="1/3to2/3_0" slope="0.00"/>
        <vehicle id="4" x="398.35" y="177.23" angle="0.00" type="DEFAULT_VEHTYPE" speed="13.23" pos="18.02" lane="2/1to2/0_0" slope="0.00"/>
        <vehicle id="41" x="401.65" y="754.35" angle="180.00" type="DEFAULT_VEHTYPE" speed="13.04" pos="149.60" lane="2/3to2/4_0" slope="0.00"/>
        <vehicle id="42" x="398.35" y="358.98" angle="0.00" type="DEFAULT_VEHTYPE" speed="13.67" pos="36.27" lane="2/2to2/1_0" slope="0.00"/>
        <vehicle id="43" x="201.65" y="462.56" angle="180.00" type="DEFAULT_VEHTYPE" speed="12.98" pos="57.81" lane="1/2to1/3_0" slope="0.00"/>
        <vehicle id="44" x="144.24" y="198.35" angle="90.00" type="DEFAULT_VEHTYPE" speed="12.64" pos="144.24" lane="0/1to1/1_0" slope="0.00"/>
        <vehicle id="46" x="207.76" y="401.65" angle="-90.00" type="DEFAULT_VEHTYPE" speed="1.17" pos="187.49" lane="2/2to1/2_0" slope="0.00"/>
        <vehicle id="47" x="401.65" y="605.23" angle="164.98" type="DEFAULT_VEHTYPE" speed="6.92" pos="0.48" lane="2/3to2/4_0" slope="0.00"/>
        <vehicle id="49" x="398.35" y="795.03" angle="-0.21" type="DEFAULT_VEHTYPE" speed="13.04" pos="4.97" lane="2/4to2/3_0" slope="0.00"/>
        <vehicle id="6" x="398.35" y="679.44" angle="0.00" type="DEFAULT_VEHTYPE" speed="12.87" pos="120.56" lane="2/4to2/3_0" slope="0.00"/>
    </timestep>
    <timestep time="552.00">
        <vehicle id="1" x="364.71" y="598.35" angle="90.00" type="DEFAULT_VEHTYPE" speed="11.95" pos="159.96" lane="1/3to2/3_0" slope="0.00"/>
        <vehicle id="11" x="43.37" y="401.65" angle="-90.00" type="DEFAULT_VEHTYPE" speed="13.48" pos="151.88" lane="1/2to0/2_0" slope="0.00"/>
        <vehicle id="13" x="601.65" y="311.57" angle="180.00" type="DEFAULT_VEHTYPE" speed="13.09" pos="106.82" lane="3/1to3/2_0" slope="0.00"/>
        <vehicle id="17" x="269.94" y="201.65" angle="-90.00" type="DEFAULT_VEHTYPE" speed="13.00" pos="125.31" lane="2/1to1/1_0" slope="0.00"/>
        <vehicle id="2" x="413.65" y="401.65" angle="-90.00" type="DEFAULT_VEHTYPE" speed="6.89" pos="181.60" lane="3/2to2/2_0" slope="0.00"/>
        <vehicle id="21" x="398.35" y="537.94" angle="0.00" type="DEFAULT_VEHTYPE" speed="12.95" pos="57.31" lane="2/3to2/2_0" slope="0.00"/>
        <vehicle id="23" x="395.21" y="598.35" angle="90.00" type="DEFAULT_VEHTYPE" speed="5.72" pos="190.46" lane="1/3to2/3_0" slope="0.00"/>
        <vehicle id="25" x="201.65" y="38.58" angle="180.00" type="DEFAULT_VEHTYPE" speed="13.25" pos="38.58" lane="1/0to1/1_0" slope="0.00"/>
        <vehicle id="27" x="398.35" y="308.39" angle="0.00" type="DEFAULT_VEHTYPE" speed="13.60" pos="86.86" lane="2/2to2/1_0" slope="0.00"/>
        <vehicle id="29" x="727.05" y="201.65" angle="-90.00" type="DEFAULT_VEHTYPE" speed="12.65" pos="72.95" lane="4/1to3/1_0" slope="0.00"/>
        <vehicle id="3" x="201.65" y="418.21" angle="180.00" type="DEFAULT_VEHTYPE" speed="13.89" pos="13.46" lane="1/2to1/3_0" slope="0.00"/>
        <vehicle id="32" x="201.65" y="134.48" angle="180.00" type="DEFAULT_VEHTYPE" speed="12.95" pos="134.48" lane="1/0to1/1_0" slope="0.00"/>
        <vehicle id="37" x="398.35" y="110.28" angle="0.00" type="DEFAULT_VEHTYPE" speed="12.75" pos="84.97" lane="2/1to2/0_0" slope="0.00"/>
        <vehicle id="38" x="258.78" y="598.35" angle="90.00" type="DEFAULT_VEHTYPE" speed="13.17" pos="54.03" lane="1/3to2/3_0" slope="0.00"/>
        <vehicle id="4" x="398.35" y="164.54" angle="0.00" type="DEFAULT_VEHTYPE" speed="12.70" pos="30.71" lane="2/1to2/0_0" slope="0.00"/>
        <vehicle id="41" x="401.65" y="767.62" angle="180.00" type="DEFAULT_VEHTYPE" speed="13.26" pos="162.87" lane="2/3to2/4_0" slope="0.00"/>
        <vehicle id="42" x="398.35" y="345.24" angle="0.00" type="DEFAULT_VEHTYPE" speed="13.74" pos="50.01" lane="2/2to2/1_0" slope="0.00"/>
        <vehicle id="43" x="201.65" y="475.81" angle="180.00" type="DEFAULT_VEHTYPE" speed="13.25" pos="71.06" lane="1/2to1/3_0" slope="0.00"/>
        <vehicle id="44" x="156.88" y="198.35" angle="90.00" type="DEFAULT_VEHTYPE" speed="12.64" pos="156.88" lane="0/1to1/1_0" slope="0.00"/>
        <vehicle id="46" x="204.88" y="401.65" angle="-90.00" type="DEFAULT_VEHTYPE" speed="2.88" pos="190.37" lane="2/2to1/2_0" slope="0.00"/>
        <vehicle id="47" x="401.65" y="613.87" angle="180.00" type="DEFAULT_VEHTYPE" speed="8.64" pos="9.12" lane="2/3to2/4_0" slope="0.00"/>
        <vehicle id="49" x="398.35" y="781.37" angle="0.00" type="DEFAULT_VEHTYPE" speed="13.66" pos="18.63" lane="2/4to2/3_0" slope="0.00"/>
        <vehicle id="6" x="398.35" y="666.55" angle="0.00" type="DEFAULT_VEHTYPE" speed="12.89" pos="133.45" lane="2/4to2/3_0" slope="0.00"/>
    </timestep>
    <timestep time="553.00">
        <vehicle id="1" x="376.04" y="598.35" angle="90.00" type="DEFAULT_VEHTYPE" speed="11.33" pos="171.29" lane="1/3to2/3_0" slope="0.00"/>
        <vehicle id="11" x="29.78" y="401.65" angle="-90.00" type="DEFAULT_VEHTYPE" speed="13.59" pos="165.47" lane="1/2to0/2_0" slope="0.00"/>
        <vehicle id="13" x="601.65" y="324.91" angle="180.00" type="DEFAULT_VEHTYPE" speed="13.34" pos="120.16" lane="3/1to3/2_0" slope="0.00"/>
        <vehicle id="17" x="256.74" y="201.65" angle="-90.00" type="DEFAULT_VEHTYPE" speed="13.20" pos="138.51" lane="2/1to1/1_0" slope="0.00"/>
        <vehicle id="2" x="410.60" y="401.65" angle="-90.00" type="DEFAULT_VEHTYPE" speed="3.04" pos="184.65" lane="3/2to2/2_0" slope="0.00"/>
        <vehicle id="21" x="398.35" y="524.57" angle="0.00" type="DEFAULT_VEHTYPE" speed="13.36" pos="70.68" lane="2/3to2/2_0" slope="0.00"/>
        <vehicle id="23" x="401.27" y="602.08" angle="134.46" type="DEFAULT_VEHTYPE" speed="7.66" pos="7.62" lane=":2/3_14_0" slope="0.00"/>
        <vehicle id="25" x="201.65" y="52.05" angle="180.00" type="DEFAULT_VEHTYPE" speed="13.47" pos="52.05" lane="1/0to1/1_0" slope="0.00"/>
        <vehicle id="27" x="398.35" y="294.65" angle="0.00" type="DEFAULT_VEHTYPE" speed="13.74" pos="100.60" lane="2/2to2/1_0" slope="0.00"/>
        <vehicle id="29" x="714.16" y="201.65" angle="-90.00" type="DEFAULT_VEHTYPE" speed="12.89" pos="85.84" lane="4/1to3/1_0" slope="0.00"/>
        <vehicle id="3" x="201.65" y="431.32" angle="180.00" type="DEFAULT_VEHTYPE" speed="13.11" pos="26.57" lane="1/2to1/3_0" slope="0.00"/>
        <vehicle id="32" x="201.65" y="147.78" angle="180.00" type="DEFAULT_VEHTYPE" speed="13.30" pos="147.78" lane="1/0to1/1_0" slope="0.00"/>
        <vehicle id="37" x="398.35" y="96.96" angle="0.00" type="DEFAULT_VEHTYPE" speed="13.33" pos="98.29" lane="2/1to2/0_0" slope="0.00"/>
        <vehicle id="38" x="272.16" y="598.35" angle="90.00" type="DEFAULT_VEHTYPE" speed="13.38" pos="67.41" lane="1/3to2/3_0" slope="0.00"/>
        <vehicle id="4" x="398.35" y="151.28" angle="0.00" type="DEFAULT_VEHTYPE" speed="13.26" pos="43.97" lane="2/1to2/0_0" slope="0.00"/>
        <vehicle id="41" x="401.65" y="781.52" angle="180.00" type="DEFAULT_VEHTYPE" speed="13.90" pos="176.77" lane="2/3to2/4_0" slope="0.00"/>
        <vehicle id="42" x="398.35" y="332.07" angle="0.00" type="DEFAULT_VEHTYPE" speed="13.17" pos="63.18" lane="2/2to2/1_0" slope="0.00"/>
        <vehicle id="43" x="201.65" y="488.54" angle="180.00" type="DEFAULT_VEHTYPE" speed="12.73" pos="83.79" lane="1/2to1/3_0" slope="0.00"/>
        <vehicle id="44" x="170.38" y="198.35" angle="90.00" type="DEFAULT_VEHTYPE" speed="13.51" pos="170.38" lane="0/1to1/1_0" slope="0.00"/>
        <vehicle id="46" x="199.68" y="401.65" angle="-90.00" type="DEFAULT_VEHTYPE" speed="5.21" pos="5.07" lane=":1/2_5_0" slope="0.00"/>
        <vehicle id="47" x="401.65" y="624.91" angle="180.00" type="DEFAULT_VEHTYPE" speed="11.04" pos="20.16" lane="2/3to2/4_0" slope="0.00"/>
        <vehicle id="49" x="398.35" y="767.78" angle="0.00" type="DEFAULT_VEHTYPE" speed="13.59" pos="32.22" lane="2/4to2/3_0" slope="0.00"/>
        <vehicle id="6" x="398.35" y="652.69" angle="0.00" type="DEFAULT_VEHTYPE" speed="13.86" pos="147.31" lane="2/4to2/3_0" slope="0.00"/>
    </timestep>
    <timestep time="554.00">
        <vehicle id="1" x="383.58" y="598.35" angle="90.00" type="DEFAULT_VEHTYPE" speed="7.54" pos="178.83" lane="1/3to2/3_0" slope="0.00"/>
        <vehicle id="11" x="16.37" y="401.65" angle="-90.00" type="DEFAULT_VEHTYPE" speed="13.42" pos="178.88" lane="1/2to0/2_0" slope="0.00"/>
        <vehicle id="13" x="601.65" y="338.62" angle="180.00" type="DEFAULT_VEHTYPE" speed="13.71" pos="133.87" lane="3/1to3/2_0" slope="0.00"/>
        <vehicle id="17" x="243.26" y="201.65" angle="-90.00" type="DEFAULT_VEHTYPE" speed="13.49" pos="151.99" lane="2/1to1/1_0" slope="0.00"/>
        <vehicle id="2" x="405.05" y="401.65" angle="-90.00" type="DEFAULT_VEHTYPE" speed="5.55" pos="190.20" lane="3/2to2/2_0" slope="0.00"/>
        <vehicle id="21" x="398.35" y="510.87" angle="0.00" type="DEFAULT_VEHTYPE" speed="13.70" pos="84.38" lane="2/3to2/2_0" slope="0.00"/>
        <vehicle id="23" x="401.65" y="611.03" angle="180.00" type="DEFAULT_VEHTYPE" speed="8.98" pos="6.28" lane="2/3to2/4_0" slope="0.00"/>
        <vehicle id="25" x="201.65" y="64.91" angle="180.00" type="DEFAULT_VEHTYPE" speed="12.86" pos="64.91" lane="1/0to1/1_0" slope="0.00"/>
        <vehicle id="27" x="398.35" y="281.36" angle="0.00" type="DEFAULT_VEHTYPE" speed="13.29" pos="113.89" lane="2/2to2/1_0" slope="0.00"/>
        <vehicle id="29" x="701.06" y="201.65" angle="-90.00" type="DEFAULT_VEHTYPE" speed="13.10" pos="98.94" lane="4/1to3/1_0" slope="0.00"/>
        <vehicle id="3" x="201.65" y="445.03" angle="180.00" type="DEFAULT_VEHTYPE" speed="13.71" pos="40.28" lane="1/2to1/3_0" slope="0.00"/>
        <vehicle id="32" x="201.65" y="161.04" angle="180.00" type="DEFAULT_VEHTYPE" speed="13.27" pos="161.04" lane="1/0to1/1_0" slope="0.00"/>
        <vehicle id="37" x="398.35" y="83.62" angle="0.00" type="DEFAULT_VEHTYPE" speed="13.34" pos="111.63" lane="2/1to2/0_0" slope="0.00"/>
        <vehicle id="38" x="284.77" y="598.35" angle="90.00" type="DEFAULT_VEHTYPE" speed="12.61" pos="80.02" lane="1/3to2/3_0" slope="0.00"/>
        <vehicle id="4" x="398.35" y="138.17" angle="0.00" type="DEFAULT_VEHTYPE" speed="13.11" pos="57.08" lane="2/1to2/0_0" slope="0.00"/>
        <vehicle id="41" x="401.65" y="795.30" angle="180.00" type="DEFAULT_VEHTYPE" speed="13.78" pos="190.55" lane="2/3to2/4_0" slope="0.00"/>
        <vehicle id="42" x="398.35" y="318.44" angle="0.00" type="DEFAULT_VEHTYPE" speed="13.64" pos="76.81" lane="2/2to2/1_0" slope="0.00"/>
        <vehicle id="43" x="201.65" y="501.74" angle="180.00" type="DEFAULT_VEHTYPE" speed="13.20" pos="96.99" lane="1/2to1/3_0" slope="0.00"/>
        <vehicle id="44" x="179.75" y="198.35" angle="90.00" type="DEFAULT_VEHTYPE" speed="9.36" pos="179.75" lane="0/1to1/1_0" slope="0.00"/>
        <vehicle id="46" x="192.28" y="401.65" angle="-90.00" type="DEFAULT_VEHTYPE" speed="7.40" pos="2.97" lane="1/2to0/2_0" slope="0.00"/>
        <vehicle id="47" x="401.65" y="637.81" angle="180.00" type="DEFAULT_VEHTYPE" speed="12.90" pos="33.06" lane="2/3to2/4_0" slope="0.00"/>
        <vehicle id="49" x="398.35" y="754.73" angle="0.00" type="DEFAULT_VEHTYPE" speed="13.05" pos="45.27" lane="2/4to2/3_0" slope="0.00"/>
        <vehicle id="6" x="398.35" y="638.89" angle="0.00" type="DEFAULT_VEHTYPE" speed="13.80" pos="161.11" lane="2/4to2/3_0" slope="0.00"/>
    </timestep>
    <timestep time="555.00">
        <vehicle id="1" x="388.28" y="598.35" angle="90.00" type="DEFAULT_VEHTYPE" speed="4.69" pos="183.53" lane="1/3to2/3_0" slope="0.00"/>
        <vehicle id="11" x="3.29" y="401.65" angle="-90.00" type="DEFAULT_VEHTYPE" speed="13.07" pos="191.96" lane="1/2to0/2_0" slope="0.00"/>
        <vehicle id="13" x="601.65" y="352.40" angle="180.00" type="DEFAULT_VEHTYPE" speed="13.78" pos="147.65" lane="3/1to3/2_0" slope="0.00"/>
        <vehicle id="17" x="229.46" y="201.65" angle="-90.00" type="DEFAULT_VEHTYPE" speed="13.79" pos="165.79" lane="2/1to1/1_0" slope="0.00"/>
        <vehicle id="2" x="396.94" y="401.65" angle="-90.00" type="DEFAULT_VEHTYPE" speed="8.11" pos="7.81" lane=":2/2_5_0" slope="0.00"/>
        <vehicle id="21" x="398.35" y="497.60" angle="0.00" type="DEFAULT_VEHTYPE" speed="13.27" pos="97.65" lane="2/3to2/2_0" slope="0.00"/>
        <vehicle id="23" x="401.65" y="622.58" angle="180.00" type="DEFAULT_VEHTYPE" speed="11.55" pos="17.83" lane="2/3to2/4_0" slope="0.00"/>
        <vehicle id="25" x="201.65" y="78.20" angle="180.00" type="DEFAULT_VEHTYPE" speed="13.29" pos="78.20" lane="1/0to1/1_0" slope="0.00"/>
        <vehicle id="27" x="398.35" y="268.02" angle="0.00" type="DEFAULT_VEHTYPE" speed="13.34" pos="127.23" lane="2/2to2/1_0" slope="0.00"/>
        <vehicle id="29" x="687.25" y="201.65" angle="-90.00" type="DEFAULT_VEHTYPE" speed="13.81" pos="112.75" lane="4/1to3/1_0" slope="0.00"/>
        <vehicle id="3" x="201.65" y="457.82" angle="180.00" type="DEFAULT_VEHTYPE" speed="12.79" pos="53.07" lane="1/2to1/3_0" slope="0.00"/>
        <vehicle id="32" x="201.65" y="174.42" angle="180.00" type="DEFAULT_VEHTYPE" speed="13.38" pos="174.42" lane="1/0to1/1_0" slope="0.00"/>
        <vehicle id="37" x="398.35" y="69.90" angle="0.00" type="DEFAULT_VEHTYPE" speed="13.72" pos="125.35" lane="2/1to2/0_0" slope="0.00"/>
        <vehicle id="38" x="298.01" y="598.35" angle="90.00" type="DEFAULT_VEHTYPE" speed="13.24" pos="93.26" lane="1/3to2/3_0" slope="0.00"/>
        <vehicle id="4" x="398.35" y="124.54" angle="0.00" type="DEFAULT_VEHTYPE" speed="13.63" pos="70.71" lane="2/1to2/0_0" slope="0.00"/>
        <vehicle id="41" x="398.35" y="795.76" angle="-5.00" type="DEFAULT_VEHTYPE" speed="13.76" pos="4.24" lane="2/4to2/3_0" slope="0.00"/>
        <vehicle id="42" x="398.35" y="305.19" angle="0.00" type="DEFAULT_VEHTYPE" speed="13.24" pos="90.06" lane="2/2to2/1_0" slope="0.00"/>
        <vehicle id="43" x="201.65" y="514.72" angle="180.00" type="DEFAULT_VEHTYPE" speed="12.98" pos="109.97" lane="1/2to1/3_0" slope="0.00"/>
        <vehicle id="44" x="186.76" y="198.35" angle="90.00" type="DEFAULT_VEHTYPE" speed="7.01" pos="186.76" lane="0/1to1/1_0" slope="0.00"/>
        <vehicle id="46" x="183.32" y="401.65" angle="-90.00" type="DEFAULT_VEHTYPE" speed="8.96" pos="11.93" lane="1/2to0/2_0" slope="0.00"/>
        <vehicle id="47" x="401.65" y="651.20" angle="180.00" type="DEFAULT_VEHTYPE" speed="13.39" pos="46.45" lane="2/3to2/4_0" slope="0.00"/>
        <vehicle id="49" x="398.35" y="741.98" angle="0.00" type="DEFAULT_VEHTYPE" speed="12.75" pos="58.02" lane="2/4to2/3_0" slope="0.00"/>
        <vehicle id="6" x="398.35" y="625.39" angle="0.00" type="DEFAULT_VEHTYPE" speed="13.50" pos="174.61" lane="2/4to2/3_0" slope="0.00"/>
    </timestep>
    <timestep time="556.00">
        <vehicle id="1" x="390.49" y="598.35" angle="90.00" type="DEFAULT_VEHTYPE" speed="2.21" pos="185.74" lane="1/3to2/3_0" slope="0.00"/>
        <vehicle id="11" x="5.76" y="398.35" angle="90.00" type="DEFAULT_VEHTYPE" speed="13.88" pos="5.76" lane="0/2to1/2_0" slope="0.00"/>
        <vehicle id="13" x="601.65" y="366.16" angle="180.00" type="DEFAULT_VEHTYPE" speed="13.76" pos="161.41" lane="3/1to3/2_0" slope="0.00"/>
        <vehicle id="17" x="219.89" y="201.65" angle="-90.00" type="DEFAULT_VEHTYPE" speed="9.57" pos="175.36" lane="2/1to1/1_0" slope="0.00"/>
        <vehicle id="2" x="387.39" y="401.65" angle="-90.00" type="DEFAULT_VEHTYPE" speed="9.55" pos="7.86" lane="2/2to1/2_0" slope="0.00"/>
        <vehicle id="21" x="398.35" y="484.97" angle="0.00" type="DEFAULT_VEHTYPE" speed="12.63" pos="110.28" lane="2/3to2/2_0" slope="0.00"/>
        <vehicle id="23" x="401.65" y="635.95" angle="180.00" type="DEFAULT_VEHTYPE" speed="13.37" pos="31.20" lane="2/3to2/4_0" slope="0.00"/>
        <vehicle id="25" x="201.65" y="91.88" angle="180.00" type="DEFAULT_VEHTYPE" speed="13.68" pos="91.88" lane="1/0to1/1_0" slope="0.00"/>
        <vehicle id="27" x="398.35" y="254.14" angle="0.00" type="DEFAULT_VEHTYPE" speed="13.87" pos="141.11" lane="2/2to2/1_0" slope="0.00"/>
        <vehicle id="29" x="673.48" y="201.65" angle="-90.00" type="DEFAULT_VEHTYPE" speed="13.77" pos="126.52" lane="4/1to3/1_0" slope="0.00"/>
        <vehicle id="3" x="201.65" y="470.83" angle="180.00" type="DEFAULT_VEHTYPE" speed="13.01" pos="66.08" lane="1/2to1/3_0" slope="0.00"/>
        <vehicle id="32" x="201.65" y="187.08" angle="180.00" type="DEFAULT_VEHTYPE" speed="12.65" pos="187.08" lane="1/0to1/1_0" slope="0.00"/>
        <vehicle id="37" x="398.35" y="56.64" angle="0.00" type="DEFAULT_VEHTYPE" speed="13.26" pos="138.61" lane="2/1to2/0_0" slope="0.00"/>
        <vehicle id="38" x="310.79" y="598.35" angle="90.00" type="DEFAULT_VEHTYPE" speed="12.78" pos="106.04" lane="1/3to2/3_0" slope="0.00"/>
        <vehicle id="4" x="398.35" y="110.80" angle="0.00" type="DEFAULT_VEHTYPE" speed="13.74" pos="84.45" lane="2/1to2/0_0" slope="0.00"/>
        <vehicle id="41" x="398.35" y="782.05" angle="0.00" type="DEFAULT_VEHTYPE" speed="13.71" pos="17.95" lane="2/4to2/3_0" slope="0.00"/>
        <vehicle id="42" x="398.35" y="292.13" angle="0.00" type="DEFAULT_VEHTYPE" speed="13.06" pos="103.12" lane="2/2to2/1_0" slope="0.00"/>
        <vehicle id="43" x="201.65" y="527.65" angle="180.00" type="DEFAULT_VEHTYPE" speed="12.92" pos="122.90" lane="1/2to1/3_0" slope="0.00"/>
        <vehicle id="44" x="189.77" y="198.35" angle="90.00" type="DEFAULT_VEHTYPE" speed="3.00" pos="189.77" lane="0/1to1/1_0" slope="0.00"/>
        <vehicle id="46" x="172.38" y="401.65" angle="-90.00" type="DEFAULT_VEHTYPE" speed="10.95" pos="22.87" lane="1/2to0/2_0" slope="0.00"/>
        <vehicle id="47" x="401.65" y="664.27" angle="180.00" type="DEFAULT_VEHTYPE" speed="13.07" pos="59.52" lane="2/3to2/4_0" slope="0.00"/>
        <vehicle id="49" x="398.35" y="728.68" angle="0.00" type="DEFAULT_VEHTYPE" speed="13.31" pos="71.32" lane="2/4to2/3_0" slope="0.00"/>
        <vehicle id="6" x="398.35" y="611.97" angle="0.00" type="DEFAULT_VEHTYPE" speed="13.42" pos="188.03" lane="2/4to2/3_0" slope="0.00"/>
    </timestep>
    <timestep time="557.00">
        <vehicle id="1" x="392.02" y="598.35" angle="90.00" type="DEFAULT_VEHTYPE" speed="1.53" pos="187.27" lane="1/3to2/3_0" slope="0.00"/>
        <vehicle id="11" x="18.73" y="398.35" angle="90.00" type="DEFAULT_VEHTYPE" speed="12.97" pos="18.73" lane="0/2to1/2_0" slope="0.00"/>
        <vehicle id="13" x="601.65" y="379.52" angle="180.00" type="DEFAULT_VEHTYPE" speed="13.36" pos="174.77" lane="3/1to3/2_0" slope="0.00"/>
        <vehicle id="17" x="213.46" y="201.65" angle="-90.00" type="DEFAULT_VEHTYPE" speed="6.43" pos="181.79" lane="2/1to1/1_0" slope="0.00"/>
        <vehicle id="2" x="375.26" y="401.65" angle="-90.00" type="DEFAULT_VEHTYPE" speed="12.14" pos="19.99" lane="2/2to1/2_0" slope="0.00"/>
        <vehicle id="21" x="398.35" y="472.00" angle="0.00" type="DEFAULT_VEHTYPE" speed="12.98" pos="123.25" lane="2/3to2/2_0" slope="0.00"/>
        <vehicle id="23" x="401.65" y="649.74" angle="180.00" type="DEFAULT_VEHTYPE" speed="13.80" pos="44.99" lane="2/3to2/4_0" slope="0.00"/>
        <vehicle id="25" x="201.65" y="105.14" angle="180.00" type="DEFAULT_VEHTYPE" speed="13.26" pos="105.14" lane="1/0to1/1_0" slope="0.00"/>
        <vehicle id="27" x="398.35" y="241.04" angle="0.00" type="DEFAULT_VEHTYPE" speed="13.10" pos="154.21" lane="2/2to2/1_0" slope="0.00"/>
        <vehicle id="29" x="660.02" y="201.65" angle="-90.00" type="DEFAULT_VEHTYPE" speed="13.45" pos="139.98" lane="4/1to3/1_0" slope="0.00"/>
        <vehicle id="3" x="201.65" y="484.42" angle="180.00" type="DEFAULT_VEHTYPE" speed="13.59" pos="79.67" lane="1/2to1/3_0" slope="0.00"/>
        <vehicle id="32" x="205.27" y="198.35" angle="126.14" type="DEFAULT_VEHTYPE" speed="13.69" pos="0.52" lane="1/1to2/1_0" slope="0.00"/>
        <vehicle id="37" x="398.35" y="43.16" angle="0.00" type="DEFAULT_VEHTYPE" speed="13.49" pos="152.09" lane="2/1to2/0_0" slope="0.00"/>
        <vehicle id="38" x="324.37" y="598.35" angle="90.00" type="DEFAULT_VEHTYPE" speed="13.58" pos="119.62" lane="1/3to2/3_0" slope="0.00"/>
        <vehicle id="4" x="398.35" y="97.66" angle="0.00" type="DEFAULT_VEHTYPE" speed="13.14" pos="97.59" lane="2/1to2/0_0" slope="0.00"/>
        <vehicle id="41" x="398.35" y="768.47" angle="0.00" type="DEFAULT_VEHTYPE" speed="13.58" pos="31.53" lane="2/4to2/3_0" slope="0.00"/>
        <vehicle id="42" x="398.35" y="278.79" angle="0.00" type="DEFAULT_VEHTYPE" speed="13.34" pos="116.46" lane="2/2to2/1_0" slope="0.00"/>
        <vehicle id="43" x="201.65" y="540.82" angle="180.00" type="DEFAULT_VEHTYPE" speed="13.18" pos="136.07" lane="1/2to1/3_0" slope="0.00"/>
        <vehicle id="44" x="194.18" y="198.35" angle="90.00" type="DEFAULT_VEHTYPE" speed="4.41" pos="194.18" lane="0/1to1/1_0" slope="0.00"/>
        <vehicle id="46" x="159.99" y="401.65" angle="-90.00" type="DEFAULT_VEHTYPE" speed="12.38" pos="35.26" lane="1/2to0/2_0" slope="0.00"/>
        <vehicle id="47" x="401.65" y="677.01" angle="180.00" type="DEFAULT_VEHTYPE" speed="12.74" pos="72.26" lane="2/3to2/4_0" slope="0.00"/>
        <vehicle id="49" x="398.35" y="714.90" angle="0.00" type="DEFAULT_VEHTYPE" speed="13.77" pos="85.10" lane="2/4to2/3_0" slope="0.00"/>
        <vehicle id="6" x="398.35" y="599.29" angle="0.00" type="DEFAULT_VEHTYPE" speed="12.68" pos="5.46" lane=":2/3_1_0" slope="0.00"/>
    </timestep>
    <timestep time="558.00">
        <vehicle id="1" x="392.58" y="598.35" angle="90.00" type="DEFAULT_VEHTYPE" speed="0.56" pos="187.83" lane="1/3to2/3_0" slope="0.00"/>
        <vehicle id="11" x="31.50" y="398.35" angle="90.00" type="DEFAULT_VEHTYPE" speed="12.77" pos="31.50" lane="0/2to1/2_0" slope="0.00"/>
        <vehicle id="13" x="601.65" y="393.30" angle="180.00" type="DEFAULT_VEHTYPE" speed="13.78" pos="188.55" lane="3/1to3/2_0" slope="0.00"/>
        <vehicle id="17" x="209.35" y="201.65" angle="-90.00" type="DEFAULT_VEHTYPE" speed="4.11" pos="185.90" lane="2/1to1/1_0" slope="0.00"/>
        <vehicle id="2" x="362.52" y="401.65" angle="-90.00" type="DEFAULT_VEHTYPE" speed="12.74" pos="32.73" lane="2/2to1/2_0" slope="0.00"/>
        <vehicle id="21" x="398.35" y="459.11" angle="0.00" type="DEFAULT_VEHTYPE" speed="12.89" pos="136.14" lane="2/3to2/2_0" slope="0.00"/>
        <vehicle id="23" x="401.65" y="663.43" angle="180.00" type="DEFAULT_VEHTYPE" speed="13.69" pos="58.68" lane="2/3to2/4_0" slope="0.00"/>
        <vehicle id="25" x="201.65" y="118.77" angle="180.00" type="DEFAULT_VEHTYPE" speed="13.63" pos="118.77" lane="1/0to1/1_0" slope="0.00"/>
        <vehicle id="27" x="398.35" y="227.71" angle="0.00" type="DEFAULT_VEHTYPE" speed="13.33" pos="167.54" lane="2/2to2/1_0" slope="0.00"/>
        <vehicle id="29" x="646.28" y="201.65" angle="-90.00" type="DEFAULT_VEHTYPE" speed="13.74" pos="153.72" lane="4/1to3/1_0" slope="0.00"/>
        <vehicle id="3" x="201.65" y="498.26" angle="180.00" type="DEFAULT_VEHTYPE" speed="13.84" pos="93.51" lane="1/2to1/3_0" slope="0.00"/>
        <vehicle id="32" x="218.66" y="198.35" angle="90.00" type="DEFAULT_VEHTYPE" speed="13.40" pos="13.91" lane="1/1to2/1_0" slope="0.00"/>
        <vehicle id="37" x="398.35" y="29.67" angle="0.00" type="DEFAULT_VEHTYPE" speed="13.48" pos="165.58" lane="2/1to2/0_0" slope="0.00"/>
        <vehicle id="38" x="338.02" y="598.35" angle="90.00" type="DEFAULT_VEHTYPE" speed="13.65" pos="133.27" lane="1/3to2/3_0" slope="0.00"/>
        <vehicle id="4" x="398.35" y="84.42" angle="0.00" type="DEFAULT_VEHTYPE" speed="13.24" pos="110.83" lane="2/1to2/0_0" slope="0.00"/>
        <vehicle id="41" x="398.35" y="755.57" angle="0.00" type="DEFAULT_VEHTYPE" speed="12.90" pos="44.43" lane="2/4to2/3_0" slope="0.00"/>
        <vehicle id="42" x="398.35" y="264.99" angle="0.00" type="DEFAULT_VEHTYPE" speed="13.81" pos="130.26" lane="2/2to2/1_0" slope="0.00"/>
        <vehicle id="43" x="201.65" y="554.15" angle="180.00" type="DEFAULT_VEHTYPE" speed="13.33" pos="149.40" lane="1/2to1/3_0" slope="0.00"/>
        <vehicle id="44" x="198.35" y="194.66" angle="34.83" type="DEFAULT_VEHTYPE" speed="6.66" pos="0.59" lane="1/1to1/0_0" slope="0.00"/>
        <vehicle id="46" x="146.17" y="401.65" angle="-90.00" type="DEFAULT_VEHTYPE" speed="13.82" pos="49.08" lane="1/2to0/2_0" slope="0.00"/>
        <vehicle id="47" x="401.65" y="690.40" angle="180.00" type="DEFAULT_VEHTYPE" speed="13.39" pos="85.65" lane="2/3to2/4_0" slope="0.00"/>
        <vehicle id="49" x="398.35" y="702.16" angle="0.00" type="DEFAULT_VEHTYPE" speed="12.75" pos="97.84" lane="2/4to2/3_0" slope="0.00"/>
        <vehicle id="6" x="398.35" y="585.84" angle="0.00" type="DEFAULT_VEHTYPE" speed="13.45" pos="9.41" lane="2/3to2/2_0" slope="0.00"/>
    </timestep>
    <timestep time="559.00">
        <vehicle id="1" x="395.14" y="598.35" angle="90.00" type="DEFAULT_VEHTYPE" speed="2.55" pos="190.39" lane="1/3to2/3_0" slope="0.00"/>
        <vehicle id="11" x="45.06" y="398.35" angle="90.00" type="DEFAULT_VEHTYPE" speed="13.56" pos="45.06" lane="0/2to1/2_0" slope="0.00"/>
        <vehicle id="13" x="601.65" y="406.77" angle="180.00" type="DEFAULT_VEHTYPE" speed="13.47" pos="2.02" lane="3/2to3/3_0" slope="0.00"/>
        <vehicle id="17" x="203.51" y="201.82" angle="-91.99" type="DEFAULT_VEHTYPE" speed="5.86" pos="1.25" lane=":1/1_4_0" slope="0.00"/>
        <vehicle id="2" x="349.80" y="401.65" angle="-90.00" type="DEFAULT_VEHTYPE" speed="12.72" pos="45.45" lane="2/2to1/2_0" slope="0.00"/>
        <vehicle id="21" x="398.35" y="445.91" angle="0.00" type="DEFAULT_VEHTYPE" speed="13.19" pos="149.34" lane="2/3to2/2_0" slope="0.00"/>
        <vehicle id="23" x="401.65" y="677.16" angle="180.00" type="DEFAULT_VEHTYPE" speed="13.72" pos="72.41" lane="2/3to2/4_0" slope="0.00"/>
        <vehicle id="25" x="201.65" y="132.11" angle="180.00" type="DEFAULT_VEHTYPE" speed="13.34" pos="132.11" lane="1/0to1/1_0" slope="0.00"/>
        <vehicle id="27" x="398.35" y="214.36" angle="0.00" type="DEFAULT_VEHTYPE" speed="13.35" pos="180.89" lane="2/2to2/1_0" slope="0.00"/>
        <vehicle id="29" x="633.65" y="201.65" angle="-90.00" type="DEFAULT_VEHTYPE" speed="12.63" pos="166.35" lane="4/1to3/1_0" slope="0.00"/>
        <vehicle id="3" x="201.65" y="510.98" angle="180.00" type="DEFAULT_VEHTYPE" speed="12.72" pos="106.23" lane="1/2to1/3_0" slope="0.00"/>
        <vehicle id="32" x="232.11" y="198.35" angle="90.00" type="DEFAULT_VEHTYPE" speed="13.45" pos="27.36" lane="1/1to2/1_0" slope="0.00"/>
        <vehicle id="37" x="398.35" y="16.54" angle="0.00" type="DEFAULT_VEHTYPE" speed="13.13" pos="178.71" lane="2/1to2/0_0" slope="0.00"/>
        <vehicle id="38" x="351.27" y="598.35" angle="90.00" type="DEFAULT_VEHTYPE" speed="13.25" pos="146.52" lane="1/3to2/3_0" slope="0.00"/>
        <vehicle id="4" x="398.35" y="71.03" angle="0.00" type="DEFAULT_VEHTYPE" speed="13.39" pos="124.22" lane="2/1to2/0_0" slope="0.00"/>
        <vehicle id="41" x="398.35" y="741.89" angle="0.00" type="DEFAULT_VEHTYPE" speed="13.69" pos="58.11" lane="2/4to2/3_0" slope="0.00"/>
        <vehicle id="42" x="398.35" y="251.21" angle="0.00" type="DEFAULT_VEHTYPE" speed="13.78" pos="144.04" lane="2/2to2/1_0" slope="0.00"/>
        <vehicle id="43" x="201.65" y="566.98" angle="180.00" type="DEFAULT_VEHTYPE" speed="12.83" pos="162.23" lane="1/2to1/3_0" slope="0.00"/>
        <vehicle id="44" x="198.35" y="185.69" angle="0.00" type="DEFAULT_VEHTYPE" speed="8.96" pos="9.56" lane="1/1to1/0_0" slope="0.00"/>
        <vehicle id="46" x="133.12" y="401.65" angle="-90.00" type="DEFAULT_VEHTYPE" speed="13.05" pos="62.13" lane="1/2to0/2_0" slope="0.00"/>
        <vehicle id="47" x="401.65" y="703.20" angle="180.00" type="DEFAULT_VEHTYPE" speed="12.80" pos="98.45" lane="2/3to2/4_0" slope="0.00"/>
        <vehicle id="49" x="398.35" y="689.23" angle="0.00" type="DEFAULT_VEHTYPE" speed="12.93" pos="110.77" lane="2/4to2/3_0" slope="0.00"/>
        <vehicle id="6" x="398.35" y="573.14" angle="0.00" type="DEFAULT_VEHTYPE" speed="12.70" pos="22.11" lane="2/3to2/2_0" slope="0.00"/>
    </timestep>
    <timestep time="560.00">
        <vehicle id="1" x="399.66" y="599.72" angle="106.18" type="DEFAULT_VEHTYPE" speed="4.82" pos="4.70" lane=":2/3_14_0" slope="0.00"/>
        <vehicle id="11" x="58.01" y="398.35" angle="90.00" type="DEFAULT_VEHTYPE" speed="12.95" pos="58.01" lane="0/2to1/2_0" slope="0.00"/>
        <vehicle id="13" x="601.65" y="420.53" angle="180.00" type="DEFAULT_VEHTYPE" speed="13.76" pos="15.78" lane="3/2to3/3_0" slope="0.00"/>
        <vehicle id="17" x="201.65" y="208.16" angle="-176.51" type="DEFAULT_VEHTYPE" speed="7.16" pos="3.41" lane="1/1to1/2_0" slope="0.00"/>
        <vehicle id="2" x="336.31" y="401.65" angle="-90.00" type="DEFAULT_VEHTYPE" speed="13.49" pos="58.94" lane="2/2to1/2_0" slope="0.00"/>
        <vehicle id="21" x="398.35" y="433.10" angle="0.00" type="DEFAULT_VEHTYPE" speed="12.82" pos="162.15" lane="2/3to2/2_0" slope="0.00"/>
        <vehicle id="23" x="401.65" y="690.88" angle="180.00" type="DEFAULT_VEHTYPE" speed="13.72" pos="86.13" lane="2/3to2/4_0" slope="0.00"/>
        <vehicle id="25" x="201.65" y="145.32" angle="180.00" type="DEFAULT_VEHTYPE" speed="13.21" pos="145.32" lane="1/0to1/1_0" slope="0.00"/>
        <vehicle id="27" x="396.52" y="201.83" angle="-23.53" type="DEFAULT_VEHTYPE" speed="13.33" pos="3.72" lane=":2/1_0_0" slope="0.00"/>
        <vehicle id="29" x="623.38" y="201.65" angle="-90.00" type="DEFAULT_VEHTYPE" speed="10.27" pos="176.62" lane="4/1to3/1_0" slope="0.00"/>
        <vehicle id="3" x="201.65" y="524.25" angle="180.00" type="DEFAULT_VEHTYPE" speed="13.27" pos="119.50" lane="1/2to1/3_0" slope="0.00"/>
        <vehicle id="32" x="245.32" y="198.35" angle="90.00" type="DEFAULT_VEHTYPE" speed="13.22" pos="40.57" lane="1/1to2/1_0" slope="0.00"/>
        <vehicle id="37" x="398.35" y="3.65" angle="0.00" type="DEFAULT_VEHTYPE" speed="12.89" pos="191.60" lane="2/1to2/0_0" slope="0.00"/>
        <vehicle id="38" x="364.68" y="598.35" angle="90.00" type="DEFAULT_VEHTYPE" speed="13.41" pos="159.93" lane="1/3to2/3_0" slope="0.00"/>
        <vehicle id="4" x="398.35" y="58.24" angle="0.00" type="DEFAULT_VEHTYPE" speed="12.79" pos="137.01" lane="2/1to2/0_0" slope="0.00"/>
        <vehicle id="41" x="398.35" y="728.50" angle="0.00" type="DEFAULT_VEHTYPE" speed="13.39" pos="71.50" lane="2/4to2/3_0" slope="0.00"/>
        <vehicle id="42" x="398.35" y="237.77" angle="0.00" type="DEFAULT_VEHTYPE" speed="13.43" pos="157.48" lane="2/2to2/1_0" slope="0.00"/>
        <vehicle id="43" x="201.65" y="580.87" angle="180.00" type="DEFAULT_VEHTYPE" speed="13.89" pos="176.12" lane="1/2to1/3_0" slope="0.00"/>
        <vehicle id="44" x="198.35" y="174.68" angle="0.00" type="DEFAULT_VEHTYPE" speed="11.01" pos="20.57" lane="1/1to1/0_0" slope="0.00"/>
        <vehicle id="46" x="120.51" y="401.65" angle="-90.00" type="DEFAULT_VEHTYPE" speed="12.61" pos="74.74" lane="1/2to0/2_0" slope="0.00"/>
        <vehicle id="47" x="401.65" y="716.49" angle="180.00" type="DEFAULT_VEHTYPE" speed="13.29" pos="111.74" lane="2/3to2/4_0" slope="0.00"/>
        <vehicle id="49" x="398.35" y="675.93" angle="0.00" type="DEFAULT_VEHTYPE" speed="13.30" pos="124.07" lane="2/4to2/3_0" slope="0.00"/>
        <vehicle id="6" x="398.35" y="560.31" angle="0.00" type="DEFAULT_VEHTYPE" speed="12.83" pos="34.94" lane="2/3to2/2_0" slope="0.00"/>
    </timestep>
    <timestep time="561.00">
        <vehicle id="1" x="401.65" y="606.43" angle="172.38" type="DEFAULT_VEHTYPE" speed="7.29" pos="1.68" lane="2/3to2/4_0" slope="0.00"/>
        <vehicle id="11" x="71.52" y="398.35" angle="90.00" type="DEFAULT_VEHTYPE" speed="13.51" pos="71.52" lane="0/2to1/2_0" slope="0.00"/>
        <vehicle id="13" x="601.65" y="434.21" angle="180.00" type="DEFAULT_VEHTYPE" speed="13.68" pos="29.46" lane="3/2to3/3_0" slope="0.00"/>
        <vehicle id="17" x="201.65" y="216.94" angle="180.00" type="DEFAULT_VEHTYPE" speed="8.78" pos="12.19" lane="1/1to1/2_0" slope="0.00"/>
        <vehicle id="2" x="323.39" y="401.65" angle="-90.00" type="DEFAULT_VEHTYPE" speed="12.92" pos="71.86" lane="2/2to1/2_0" slope="0.00"/>
        <vehicle id="21" x="398.35" y="420.19" angle="0.00" type="DEFAULT_VEHTYPE" speed="12.91" pos="175.06" lane="2/3to2/2_0" slope="0.00"/>
        <vehicle id="23" x="401.65" y="703.49" angle="180.00" type="DEFAULT_VEHTYPE" speed="12.60" pos="98.74" lane="2/3to2/4_0" slope="0.00"/>
        <vehicle id="25" x="201.65" y="158.11" angle="180.00" type="DEFAULT_VEHTYPE" speed="12.79" pos="158.11" lane="1/0to1/1_0" slope="0.00"/>
        <vehicle id="27" x="383.63" y="201.65" angle="-90.00" type="DEFAULT_VEHTYPE" speed="12.90" pos="11.62" lane="2/1to1/1_0" slope="0.00"/>
        <vehicle id="29" x="616.31" y="201.65" angle="-90.00" type="DEFAULT_VEHTYPE" speed="7.07" pos="183.69" lane="4/1to3/1_0" slope="0.00"/>
        <vehicle id="3" x="201.65" y="537.24" angle="180.00" type="DEFAULT_VEHTYPE" speed="12.99" pos="132.49" lane="1/2to1/3_0" slope="0.00"/>
        <vehicle id="32" x="258.76" y="198.35" angle="90.00" type="DEFAULT_VEHTYPE" speed="13.43" pos="54.01" lane="1/1to2/1_0" slope="0.00"/>
        <vehicle id="37" x="401.65" y="4.88" angle="179.21" type="DEFAULT_VEHTYPE" speed="13.35" pos="4.88" lane="2/0to2/1_0" slope="0.00"/>
        <vehicle id="38" x="376.53" y="598.35" angle="90.00" type="DEFAULT_VEHTYPE" speed="11.85" pos="171.78" lane="1/3to2/3_0" slope="0.00"/>
        <vehicle id="4" x="398.35" y="45.18" angle="0.00" type="DEFAULT_VEHTYPE" speed="13.05" pos="150.07" lane="2/1to2/0_0" slope="0.00"/>
        <vehicle id="41" x="398.35" y="715.58" angle="0.00" type="DEFAULT_VEHTYPE" speed="12.92" pos="84.42" lane="2/4to2/3_0" slope="0.00"/>
        <vehicle id="42" x="398.35" y="225.09" angle="0.00" type="DEFAULT_VEHTYPE" speed="12.69" pos="170.16" lane="2/2to2/1_0" slope="0.00"/>
        <vehicle id="43" x="201.65" y="593.65" angle="180.00" type="DEFAULT_VEHTYPE" speed="12.78" pos="188.90" lane="1/2to1/3_0" slope="0.00"/>
        <vehicle id="44" x="198.35" y="161.13" angle="0.00" type="DEFAULT_VEHTYPE" speed="13.56" pos="34.12" lane="1/1to1/0_0" slope="0.00"/>
        <vehicle id="46" x="107.37" y="401.65" angle="-90.00" type="DEFAULT_VEHTYPE" speed="13.15" pos="87.88" lane="1/2to0/2_0" slope="0.00"/>
        <vehicle id="47" x="401.65" y="729.76" angle="180.00" type="DEFAULT_VEHTYPE" speed="13.27" pos="125.01" lane="2/3to2/4_0" slope="0.00"/>
        <vehicle id="49" x="398.35" y="663.17" angle="0.00" type="DEFAULT_VEHTYPE" speed="12.76" pos="136.83" lane="2/4to2/3_0" slope="0.00"/>
        <vehicle id="6" x="398.35" y="546.46" angle="0.00" type="DEFAULT_VEHTYPE" speed="13.85" pos="48.79" lane="2/3to2/2_0" slope="0.00"/>
    </timestep>
    <timestep time="562.00">
        <vehicle id="1" x="401.65" y="615.97" angle="180.00" type="DEFAULT_VEHTYPE" speed="9.54" pos="11.22" lane="2/3to2/4_0" slope="0.00"/>
        <vehicle id="11" x="84.53" y="398.35" angle="90.00" type="DEFAULT_VEHTYPE" speed="13.02" pos="84.53" lane="0/2to1/2_0" slope="0.00"/>
        <vehicle id="13" x="601.65" y="447.45" angle="180.00" type="DEFAULT_VEHTYPE" speed="13.24" pos="42.70" lane="3/2to3/3_0" slope="0.00"/>
        <vehicle id="17" x="201.65" y="227.43" angle="180.00" type="DEFAULT_VEHTYPE" speed="10.49" pos="22.68" lane="1/1to1/2_0" slope="0.00"/>
        <vehicle id="2" x="310.77" y="401.65" angle="-90.00" type="DEFAULT_VEHTYPE" speed="12.63" pos="84.48" lane="2/2to1/2_0" slope="0.00"/>
        <vehicle id="21" x="398.35" y="406.63" angle="0.00" type="DEFAULT_VEHTYPE" speed="13.56" pos="188.62" lane="2/3to2/2_0" slope="0.00"/>
        <vehicle id="23" x="401.65" y="717.20" angle="180.00" type="DEFAULT_VEHTYPE" speed="13.71" pos="112.45" lane="2/3to2/4_0" slope="0.00"/>
        <vehicle id="25" x="201.65" y="170.76" angle="180.00" type="DEFAULT_VEHTYPE" speed="12.64" pos="170.76" lane="1/0to1/1_0" slope="0.00"/>
        <vehicle id="27" x="370.06" y="201.65" angle="-90.00" type="DEFAULT_VEHTYPE" speed="13.57" pos="25.19" lane="2/1to1/1_0" slope="0.00"/>
        <vehicle id="29" x="611.32" y="201.65" angle="-90.00" type="DEFAULT_VEHTYPE" speed="4.99" pos="188.68" lane="4/1to3/1_0" slope="0.00"/>
        <vehicle id="3" x="201.65" y="550.81" angle="180.00" type="DEFAULT_VEHTYPE" speed="13.57" pos="146.06" lane="1/2to1/3_0" slope="0.00"/>
        <vehicle id="32" x="271.87" y="198.35" angle="90.00" type="DEFAULT_VEHTYPE" speed="13.11" pos="67.12" lane="1/1to2/1_0" slope="0.00"/>
        <vehicle id="37" x="401.65" y="18.10" angle="180.00" type="DEFAULT_VEHTYPE" speed="13.22" pos="18.10" lane="2/0to2/1_0" slope="0.00"/>
        <vehicle id="38" x="384.16" y="598.35" angle="90.00" type="DEFAULT_VEHTYPE" speed="7.62" pos="179.41" lane="1/3to2/3_0" slope="0.00"/>
        <vehicle id="4" x="398.35" y="31.82" angle="0.00" type="DEFAULT_VEHTYPE" speed="13.37" pos="163.43" lane="2/1to2/0_0" slope="0.00"/>
        <vehicle id="41" x="398.35" y="702.90" angle="0.00" type="DEFAULT_VEHTYPE" speed="12.68" pos="97.10" lane="2/4to2/3_0" slope="0.00"/>
        <vehicle id="42" x="398.35" y="211.91" angle="0.00" type="DEFAULT_VEHTYPE" speed="13.17" pos="183.34" lane="2/2to2/1_0" slope="0.00"/>
        <vehicle id="43" x="210.80" y="598.35" angle="90.00" type="DEFAULT_VEHTYPE" speed="12.65" pos="6.05" lane="1/3to2/3_0" slope="0.00"/>
        <vehicle id="44" x="198.35" y="148.53" angle="0.00" type="DEFAULT_VEHTYPE" speed="12.60" pos="46.72" lane="1/1to1/0_0" slope="0.00"/>
        <vehicle id="46" x="93.47" y="401.65" angle="-90.00" type="DEFAULT_VEHTYPE" speed="13.90" pos="101.78" lane="1/2to0/2_0" slope="0.00"/>
        <vehicle id="47" x="401.65" y="743.24" angle="180.00" type="DEFAULT_VEHTYPE" speed="13.48" pos="138.49" lane="2/3to2/4_0" slope="0.00"/>
        <vehicle id="49" x="398.35" y="649.92" angle="0.00" type="DEFAULT_VEHTYPE" speed="13.24" pos="150.08" lane="2/4to2/3_0" slope="0.00"/>
        <vehicle id="6" x="398.35" y="533.85" angle="0.00" type="DEFAULT_VEHTYPE" speed="12.61" pos="61.40" lane="2/3to2/2_0" slope="0.00"/>
    </timestep>
    <timestep time="563.00">
        <vehicle id="1" x="401.65" y="627.90" angle="180.00" type="DEFAULT_VEHTYPE" speed="11.93" pos="23.15" lane="2/3to2/4_0" slope="0.00"/>
        <vehicle id="11" x="98.24" y="398.35" angle="90.00" type="DEFAULT_VEHTYPE" speed="13.71" pos="98.24" lane="0/2to1/2_0" slope="0.00"/>
        <vehicle id="13" x="601.65" y="461.09" angle="180.00" type="DEFAULT_VEHTYPE" speed="13.64" pos="56.34" lane="3/2to3/3_0" slope="0.00"/>
        <vehicle id="17" x="201.65" y="239.58" angle="180.00" type="DEFAULT_VEHTYPE" speed="12.15" pos="34.83" lane="1/1to1/2_0" slope="0.00"/>
        <vehicle id="2" x="297.22" y="401.65" angle="-90.00" type="DEFAULT_VEHTYPE" speed="13.55" pos="98.03" lane="2/2to1/2_0" slope="0.00"/>
        <vehicle id="21" x="388.84" y="401.65" angle="-90.00" type="DEFAULT_VEHTYPE" speed="13.29" pos="6.41" lane="2/2to1/2_0" slope="0.00"/>
        <vehicle id="23" x="401.65" y="730.79" angle="180.00" type="DEFAULT_VEHTYPE" speed="13.59" pos="126.04" lane="2/3to2/4_0" slope="0.00"/>
        <vehicle id="25" x="201.65" y="183.59" angle="180.00" type="DEFAULT_VEHTYPE" speed="12.83" pos="183.59" lane="1/0to1/1_0" slope="0.00"/>
        <vehicle id="27" x="357.30" y="201.65" angle="-90.00" type="DEFAULT_VEHTYPE" speed="12.76" pos="37.95" lane="2/1to1/1_0" slope="0.00"/>
        <vehicle id="29" x="603.77" y="201.79" angle="-91.58" type="DEFAULT_VEHTYPE" speed="7.56" pos="0.99" lane=":3/1_4_0" slope="0.00"/>
        <vehicle id="3" x="201.65" y="564.61" angle="180.00" type="DEFAULT_VEHTYPE" speed="13.80" pos="159.86" lane="1/2to1/3_0" slope="0.00"/>
        <vehicle id="32" x="285.02" y="198.35" angle="90.00" type="DEFAULT_VEHTYPE" speed="13.16" pos="80.27" lane="1/1to2/1_0" slope="0.00"/>
        <vehicle id="37" x="401.65" y="31.29" angle="180.00" type="DEFAULT_VEHTYPE" speed="13.20" pos="31.29" lane="2/0to2/1_0" slope="0.00"/>
        <vehicle id="38" x="388.92" y="598.35" angle="90.00" type="DEFAULT_VEHTYPE" speed="4.76" pos="184.17" lane="1/3to2/3_0" slope="0.00"/>
        <vehicle id="4" x="398.35" y="18.62" angle="0.00" type="DEFAULT_VEHTYPE" speed="13.20" pos="176.63" lane="2/1to2/0_0" slope="0.00"/>
        <vehicle id="41" x="398.35" y="690.24" angle="0.00" type="DEFAULT_VEHTYPE" speed="12.66" pos="109.76" lane="2/4to2/3_0" slope="0.00"/>
        <vehicle id="42" x="398.35" y="199.27" angle="0.00" type="DEFAULT_VEHTYPE" speed="12.64" pos="5.48" lane=":2/1_1_0" slope="0.00"/>
        <vehicle id="43" x="223.52" y="598.35" angle="90.00" type="DEFAULT_VEHTYPE" speed="12.72" pos="18.77" lane="1/3to2/3_0" slope="0.00"/>
        <vehicle id="44" x="198.35" y="134.73" angle="0.00" type="DEFAULT_VEHTYPE" speed="13.80" pos="60.52" lane="1/1to1/0_0" slope="0.00"/>
        <vehicle id="46" x="79.63" y="401.65" angle="-90.00" type="DEFAULT_VEHTYPE" speed="13.84" pos="115.62" lane="1/2to0/2_0" slope="0.00"/>
        <vehicle id="47" x="401.65" y="756.40" angle="180.00" type="DEFAULT_VEHTYPE" speed="13.16" pos="151.65" lane="2/3to2/4_0" slope="0.00"/>
        <vehicle id="49" x="398.35" y="636.18" angle="0.00" type="DEFAULT_VEHTYPE" speed="13.75" pos="163.82" lane="2/4to2/3_0" slope="0.00"/>
        <vehicle id="6" x="398.35" y="520.33" angle="0.00" type="DEFAULT_VEHTYPE" speed="13.53" pos="74.92" lane="2/3to2/2_0" slope="0.00"/>
    </timestep>
    <timestep time="564.00">
        <vehicle id="1" x="401.65" y="640.77" angle="180.00" type="DEFAULT_VEHTYPE" speed="12.88" pos="36.02" lane="2/3to2/4_0" slope="0.00"/>
        <vehicle id="11" x="111.59" y="398.35" angle="90.00" type="DEFAULT_VEHTYPE" speed="13.35" pos="111.59" lane="0/2to1/2_0" slope="0.00"/>
        <vehicle id="13" x="601.65" y="474.41" angle="180.00" type="DEFAULT_VEHTYPE" speed="13.32" pos="69.66" lane="3/2to3/3_0" slope="0.00"/>
        <vehicle id="17" x="201.65" y="252.65" angle="180.00" type="DEFAULT_VEHTYPE" speed="13.07" pos="47.90" lane="1/1to1/2_0" slope="0.00"/>
        <vehicle id="2" x="283.45" y="401.65" angle="-90.00" type="DEFAULT_VEHTYPE" speed="13.77" pos="111.80" lane="2/2to1/2_0" slope="0.00"/>
        <vehicle id="21" x="375.46" y="401.65" angle="-90.00" type="DEFAULT_VEHTYPE" speed="13.38" pos="19.79" lane="2/2to1/2_0" slope="0.00"/>
        <vehicle id="23" x="401.65" y="744.65" angle="180.00" type="DEFAULT_VEHTYPE" speed="13.86" pos="139.90" lane="2/3to2/4_0" slope="0.00"/>
        <vehicle id="25" x="201.82" y="196.44" angle="178.10" type="DEFAULT_VEHTYPE" speed="12.86" pos="1.20" lane=":1/1_8_0" slope="0.00"/>
        <vehicle id="27" x="344.64" y="201.65" angle="-90.00" type="DEFAULT_VEHTYPE" speed="12.67" pos="50.61" lane="2/1to1/1_0" slope="0.00"/>
        <vehicle id="29" x="601.65" y="209.73" angle="-179.96" type="DEFAULT_VEHTYPE" speed="8.99" pos="4.98" lane="3/1to3/2_0" slope="0.00"/>
        <vehicle id="3" x="201.65" y="577.78" angle="180.00" type="DEFAULT_VEHTYPE" speed="13.17" pos="173.03" lane="1/2to1/3_0" slope="0.00"/>
        <vehicle id="32" x="298.23" y="198.35" angle="90.00" type="DEFAULT_VEHTYPE" speed="13.20" pos="93.48" lane="1/1to2/1_0" slope="0.00"/>
        <vehicle id="37" x="401.65" y="44.15" angle="180.00" type="DEFAULT_VEHTYPE" speed="12.86" pos="44.15" lane="2/0to2/1_0" slope="0.00"/>
        <vehicle id="38" x="390.56" y="598.35" angle="90.00" type="DEFAULT_VEHTYPE" speed="1.64" pos="185.81" lane="1/3to2/3_0" slope="0.00"/>
        <vehicle id="4" x="398.35" y="5.45" angle="0.00" type="DEFAULT_VEHTYPE" speed="13.17" pos="189.80" lane="2/1to2/0_0" slope="0.00"/>
        <vehicle id="41" x="398.35" y="676.56" angle="0.00" type="DEFAULT_VEHTYPE" speed="13.68" pos="123.44" lane="2/4to2/3_0" slope="0.00"/>
        <vehicle id="42" x="398.35" y="185.76" angle="0.00" type="DEFAULT_VEHTYPE" speed="13.51" pos="9.49" lane="2/1to2/0_0" slope="0.00"/>
        <vehicle id="43" x="236.16" y="598.35" angle="90.00" type="DEFAULT_VEHTYPE" speed="12.64" pos="31.41" lane="1/3to2/3_0" slope="0.00"/>
        <vehicle id="44" x="198.35" y="121.79" angle="0.00" type="DEFAULT_VEHTYPE" speed="12.94" pos="73.46" lane="1/1to1/0_0" slope="0.00"/>
        <vehicle id="46" x="66.27" y="401.65" angle="-90.00" type="DEFAULT_VEHTYPE" speed="13.36" pos="128.98" lane="1/2to0/2_0" slope="0.00"/>
        <vehicle id="47" x="401.65" y="769.43" angle="180.00" type="DEFAULT_VEHTYPE" speed="13.03" pos="164.68" lane="2/3to2/4_0" slope="0.00"/>
        <vehicle id="49" x="398.35" y="622.58" angle="0.00" type="DEFAULT_VEHTYPE" speed="13.59" pos="177.42" lane="2/4to2/3_0" slope="0.00"/>
        <vehicle id="6" x="398.35" y="507.63" angle="0.00" type="DEFAULT_VEHTYPE" speed="12.70" pos="87.62" lane="2/3to2/2_0" slope="0.00"/>
    </timestep>
    <timestep time="565.00">
        <vehicle id="1" x="401.65" y="653.79" angle="180.00" type="DEFAULT_VEHTYPE" speed="13.02" pos="49.04" lane="2/3to2/4_0" slope="0.00"/>
        <vehicle id="11" x="124.73" y="398.35" angle="90.00" type="DEFAULT_VEHTYPE" speed="13.14" pos="124.73" lane="0/2to1/2_0" slope="0.00"/>
        <vehicle id="13" x="601.65" y="487.74" angle="180.00" type="DEFAULT_VEHTYPE" speed="13.32" pos="82.99" lane="3/2to3/3_0" slope="0.00"/>
        <vehicle id="17" x="201.65" y="265.73" angle="180.00" type="DEFAULT_VEHTYPE" speed="13.08" pos="60.98" lane="1/1to1/2_0" slope="0.00"/>
        <vehicle id="2" x="270.83" y="401.65" angle="-90.00" type="DEFAULT_VEHTYPE" speed="12.62" pos="124.42" lane="2/2to1/2_0" slope="0.00"/>
        <vehicle id="21" x="362.37" y="401.65" angle="-90.00" type="DEFAULT_VEHTYPE" speed="13.09" pos="32.88" lane="2/2to1/2_0" slope="0.00"/>
        <vehicle id="23" x="401.65" y="758.16" angle="180.00" type="DEFAULT_VEHTYPE" speed="13.51" pos="153.41" lane="2/3to2/4_0" slope="0.00"/>
        <vehicle id="25" x="214.37" y="198.35" angle="90.00" type="DEFAULT_VEHTYPE" speed="13.43" pos="9.62" lane="1/1to2/1_0" slope="0.00"/>
        <vehicle id="27" x="331.34" y="201.65" angle="-90.00" type="DEFAULT_VEHTYPE" speed="13.30" pos="63.91" lane="2/1to1/1_0" slope="0.00"/>
        <vehicle id="29" x="601.65" y="220.24" angle="180.00" type="DEFAULT_VEHTYPE" speed="10.51" pos="15.49" lane="3/1to3/2_0" slope="0.00"/>
        <vehicle id="3" x="201.65" y="590.99" angle="180.00" type="DEFAULT_VEHTYPE" speed="13.21" pos="186.24" lane="1/2to1/3_0" slope="0.00"/>
        <vehicle id="32" x="311.78" y="198.35" angle="90.00" type="DEFAULT_VEHTYPE" speed="13.55" pos="107.03" lane="1/1to2/1_0" slope="0.00"/>
        <vehicle id="37" x="401.65" y="57.64" angle="180.00" type="DEFAULT_VEHTYPE" speed="13.49" pos="57.64" lane="2/0to2/1_0" slope="0.00"/>
        <vehicle id="38" x="391.67" y="598.35" angle="90.00" type="DEFAULT_VEHTYPE" speed="1.11" pos="186.92" lane="1/3to2/3_0" slope="0.00"/>
        <vehicle id="4" x="401.65" y="2.33" angle="154.07" type="DEFAULT_VEHTYPE" speed="12.60" pos="2.33" lane="2/0to2/1_0" slope="0.00"/>
        <vehicle id="41" x="398.35" y="663.90" angle="0.00" type="DEFAULT_VEHTYPE" speed="12.66" pos="136.10" lane="2/4to2/3_0" slope="0.00"/>
        <vehicle id="42" x="398.35" y="172.90" angle="0.00" type="DEFAULT_VEHTYPE" speed="12.86" pos="22.35" lane="2/1to2/0_0" slope="0.00"/>
        <vehicle id="43" x="249.11" y="598.35" angle="90.00" type="DEFAULT_VEHTYPE" speed="12.95" pos="44.36" lane="1/3to2/3_0" slope="0.00"/>
        <vehicle id="44" x="198.35" y="109.03" angle="0.00" type="DEFAULT_VEHTYPE" speed="12.76" pos="86.22" lane="1/1to1/0_0" slope="0.00"/>
        <vehicle id="46" x="53.61" y="401.65" angle="-90.00" type="DEFAULT_VEHTYPE" speed="12.66" pos="141.64" lane="1/2to0/2_0" slope="0.00"/>
        <vehicle id="47" x="401.65" y="782.85" angle="180.00" type="DEFAULT_VEHTYPE" speed="13.41" pos="178.10" lane="2/3to2/4_0" slope="0.00"/>
        <vehicle id="49" x="398.35" y="609.01" angle="0.00" type="DEFAULT_VEHTYPE" speed="13.57" pos="190.99" lane="2/4to2/3_0" slope="0.00"/>
        <vehicle id="6" x="398.35" y="494.52" angle="0.00" type="DEFAULT_VEHTYPE" speed="13.11" pos="100.73" lane="2/3to2/2_0" slope="0.00"/>
    </timestep>
    <timestep time="566.00">
        <vehicle id="1" x="401.65" y="667.12" angle="180.00" type="DEFAULT_VEHTYPE" speed="13.32" pos="62.37" lane="2/3to2/4_0" slope="0.00"/>
        <vehicle id="11" x="138.18" y="398.35" angle="90.00" type="DEFAULT_VEHTYPE" speed="13.45" pos="138.18" lane="0/2to1/2_0" slope="0.00"/>
        <vehicle id="13" x="601.65" y="501.55" angle="180.00" type="DEFAULT_VEHTYPE" speed="13.81" pos="96.80" lane="3/2to3/3_0" slope="0.00"/>
        <vehicle id="17" x="201.65" y="278.64" angle="180.00" type="DEFAULT_VEHTYPE" speed="12.91" pos="73.89" lane="1/1to1/2_0" slope="0.00"/>
        <vehicle id="2" x="257.54" y="401.65" angle="-90.00" type="DEFAULT_VEHTYPE" speed="13.29" pos="137.71" lane="2/2to1/2_0" slope="0.00"/>
        <vehicle id="21" x="349.57" y="401.65" angle="-90.00" type="DEFAULT_VEHTYPE" speed="12.80" pos="45.68" lane="2/2to1/2_0" slope="0.00"/>
        <vehicle id="23" x="401.65" y="772.05" angle="180.00" type="DEFAULT_VEHTYPE" speed="13.89" pos="167.30" lane="2/3to2/4_0" slope="0.00"/>
        <vehicle id="25" x="227.13" y="198.35" angle="90.00" type="DEFAULT_VEHTYPE" speed="12.76" pos="22.38" lane="1/1to2/1_0" slope="0.00"/>
        <vehicle id="27" x="318.36" y="201.65" angle="-90.00" type="DEFAULT_VEHTYPE" speed="12.98" pos="76.89" lane="2/1to1/1_0" slope="0.00"/>
        <vehicle id="29" x="601.65" y="232.74" angle="180.00" type="DEFAULT_VEHTYPE" speed="12.50" pos="27.99" lane="3/1to3/2_0" slope="0.00"/>
        <vehicle id="3" x="208.36" y="598.35" angle="92.33" type="DEFAULT_VEHTYPE" speed="12.86" pos="3.61" lane="1/3to2/3_0" slope="0.00"/>
        <vehicle id="32" x="324.80" y="198.35" angle="90.00" type="DEFAULT_VEHTYPE" speed="13.02" pos="120.05" lane="1/1to2/1_0" slope="0.00"/>
        <vehicle id="37" x="401.65" y="71.18" angle="180.00" type="DEFAULT_VEHTYPE" speed="13.54" pos="71.18" lane="2/0to2/1_0" slope="0.00"/>
        <vehicle id="38" x="392.39" y="598.35" angle="90.00" type="DEFAULT_VEHTYPE" speed="0.72" pos="187.64" lane="1/3to2/3_0" slope="0.00"/>
        <vehicle id="4" x="401.65" y="15.72" angle="180.00" type="DEFAULT_VEHTYPE" speed="13.38" pos="15.72" lane="2/0to2/1_0" slope="0.00"/>
        <vehicle id="41" x="398.35" y="650.07" angle="0.00" type="DEFAULT_VEHTYPE" speed="13.83" pos="149.93" lane="2/4to2/3_0" slope="0.00"/>
        <vehicle id="42" x="398.35" y="159.79" angle="0.00" type="DEFAULT_VEHTYPE" speed="13.11" pos="35.46" lane="2/1to2/0_0" slope="0.00"/>
        <vehicle id="43" x="261.86" y="598.35" angle="90.00" type="DEFAULT_VEHTYPE" speed="12.75" pos="57.11" lane="1/3to2/3_0" slope="0.00"/>
        <vehicle id="44" x="198.35" y="96.40" angle="0.00" type="DEFAULT_VEHTYPE" speed="12.63" pos="98.85" lane="1/1to1/0_0" slope="0.00"/>
        <vehicle id="46" x="41.01" y="401.65" angle="-90.00" type="DEFAULT_VEHTYPE" speed="12.60" pos="154.24" lane="1/2to0/2_0" slope="0.00"/>
        <vehicle id="47" x="401.65" y="795.83" angle="180.00" type="DEFAULT_VEHTYPE" speed="12.98" pos="191.08" lane="2/3to2/4_0" slope="0.00"/>
        <vehicle id="49" x="398.35" y="596.38" angle="0.00" type="DEFAULT_VEHTYPE" speed="12.63" pos="8.37" lane=":2/3_1_0" slope="0.00"/>
        <vehicle id="6" x="398.35" y="481.18" angle="0.00" type="DEFAULT_VEHTYPE" speed="13.34" pos="114.07" lane="2/3to2/2_0" slope="0.00"/>
    </timestep>
    <timestep time="567.00">
        <vehicle id="1" x="401.65" y="680.62" angle="180.00" type="DEFAULT_VEHTYPE" speed="13.51" pos="75.87" lane="2/3to2/4_0" slope="0.00"/>
        <vehicle id="11" x="151.22" y="398.35" angle="90.00" type="DEFAULT_VEHTYPE" speed="13.05" pos="151.22" lane="0/2to1/2_0" slope="0.00"/>
        <vehicle id="13" x="601.65" y="515.23" angle="180.00" type="DEFAULT_VEHTYPE" speed="13.68" pos="110.48" lane="3/2to3/3_0" slope="0.00"/>
        <vehicle id="17" x="201.65" y="292.35" angle="180.00" type="DEFAULT_VEHTYPE" speed="13.71" pos="87.60" lane="1/1to1/2_0" slope="0.00"/>
        <vehicle id="2" x="244.22" y="401.65" angle="-90.00" type="DEFAULT_VEHTYPE" speed="13.32" pos="151.03" lane="2/2to1/2_0" slope="0.00"/>
        <vehicle id="21" x="336.79" y="401.65" angle="-90.00" type="DEFAULT_VEHTYPE" speed="12.78" pos="58.46" lane="2/2to1/2_0" slope="0.00"/>
        <vehicle id="23" x="401.65" y="785.23" angle="180.00" type="DEFAULT_VEHTYPE" speed="13.18" pos="180.48" lane="2/3to2/4_0" slope="0.00"/>
        <vehicle id="25" x="240.25" y="198.35" angle="90.00" type="DEFAULT_VEHTYPE" speed="13.11" pos="35.50" lane="1/1to2/1_0" slope="0.00"/>
        <vehicle id="27" x="304.89" y="201.65" angle="-90.00" type="DEFAULT_VEHTYPE" speed="13.47" pos="90.36" lane="2/1to1/1_0" slope="0.00"/>
        <vehicle id="29" x="601.65" y="245.82" angle="180.00" type="DEFAULT_VEHTYPE" speed="13.08" pos="41.07" lane="3/1to3/2_0" slope="0.00"/>
        <vehicle id="3" x="221.42" y="598.35" angle="90.00" type="DEFAULT_VEHTYPE" speed="13.07" pos="16.67" lane="1/3to2/3_0" slope="0.00"/>
        <vehicle id="32" x="337.56" y="198.35" angle="90.00" type="DEFAULT_VEHTYPE" speed="12.76" pos="132.81" lane="1/1to2/1_0" slope="0.00"/>
        <vehicle id="37" x="401.65" y="84.68" angle="180.00" type="DEFAULT_VEHTYPE" speed="13.50" pos="84.68" lane="2/0to2/1_0" slope="0.00"/>
        <vehicle id="38" x="392.65" y="598.35" angle="90.00" type="DEFAULT_VEHTYPE" speed="0.26" pos="187.90" lane="1/3to2/3_0" slope="0.00"/>
        <vehicle id="4" x="401.65" y="29.45" angle="180.00" type="DEFAULT_VEHTYPE" speed="13.74" pos="29.45" lane="2/0to2/1_0" slope="0.00"/>
        <vehicle id="41" x="398.35" y="636.31" angle="0.00" type="DEFAULT_VEHTYPE" speed="13.76" pos="163.69" lane="2/4to2/3_0" slope="0.00"/>
        <vehicle id="42" x="398.35" y="146.45" angle="0.00" type="DEFAULT_VEHTYPE" speed="13.34" pos="48.80" lane="2/1to2/0_0" slope="0.00"/>
        <vehicle id="43" x="275.07" y="598.35" angle="90.00" type="DEFAULT_VEHTYPE" speed="13.22" pos="70.32" lane="1/3to2/3_0" slope="0.00"/>
        <vehicle id="44" x="198.35" y="83.17" angle="0.00" type="DEFAULT_VEHTYPE" speed="13.23" pos="112.08" lane="1/1to1/0_0" slope="0.00"/>
        <vehicle id="46" x="28.04" y="401.65" angle="-90.00" type="DEFAULT_VEHTYPE" speed="12.97" pos="167.21" lane="1/2to0/2_0" slope="0.00"/>
        <vehicle id="47" x="398.35" y="795.16" angle="-1.06" type="DEFAULT_VEHTYPE" speed="13.83" pos="4.84" lane="2/4to2/3_0" slope="0.00"/>
        <vehicle id="49" x="398.35" y="582.94" angle="0.00" type="DEFAULT_VEHTYPE" speed="13.44" pos="12.31" lane="2/3to2/2_0" slope="0.00"/>
        <vehicle id="6" x="398.35" y="467.76" angle="0.00" type="DEFAULT_VEHTYPE" speed="13.42" pos="127.49" lane="2/3to2/2_0" slope="0.00"/>
    </timestep>
    <timestep time="568.00">
        <vehicle id="1" x="401.65" y="693.35" angle="180.00" type="DEFAULT_VEHTYPE" speed="12.72" pos="88.60" lane="2/3to2/4_0" slope="0.00"/>
        <vehicle id="11" x="164.40" y="398.35" angle="90.00" type="DEFAULT_VEHTYPE" speed="13.18" pos="164.40" lane="0/2to1/2_0" slope="0.00"/>
        <vehicle id="13" x="601.65" y="528.04" angle="180.00" type="DEFAULT_VEHTYPE" speed="12.81" pos="123.29" lane="3/2to3/3_0" slope="0.00"/>
        <vehicle id="17" x="201.65" y="305.57" angle="180.00" type="DEFAULT_VEHTYPE" speed="13.22" pos="100.82" lane="1/1to1/2_0" slope="0.00"/>
        <vehicle id="2" x="231.32" y="401.65" angle="-90.00" type="DEFAULT_VEHTYPE" speed="12.90" pos="163.93" lane="2/2to1/2_0" slope="0.00"/>
        <vehicle id="21" x="323.05" y="401.65" angle="-90.00" type="DEFAULT_VEHTYPE" speed="13.74" pos="72.20" lane="2/2to1/2_0" slope="0.00"/>
        <vehicle id="23" x="401.65" y="798.28" angle="180.00" type="DEFAULT_VEHTYPE" speed="13.05" pos="193.53" lane="2/3to2/4_0" slope="0.00"/>
        <vehicle id="25" x="253.29" y="198.35" angle="90.00" type="DEFAULT_VEHTYPE" speed="13.04" pos="48.54" lane="1/1to2/1_0" slope="0.00"/>
        <vehicle id="27" x="291.28" y="201.65" angle="-90.00" type="DEFAULT_VEHTYPE" speed="13.61" pos="103.97" lane="2/1to1/1_0" slope="0.00"/>
        <vehicle id="29" x="601.65" y="259.54" angle="180.00" type="DEFAULT_VEHTYPE" speed="13.72" pos="54.79" lane="3/1to3/2_0" slope="0.00"/>
        <vehicle id="3" x="234.38" y="598.35" angle="90.00" type="DEFAULT_VEHTYPE" speed="12.96" pos="29.63" lane="1/3to2/3_0" slope="0.00"/>
        <vehicle id="32" x="350.31" y="198.35" angle="90.00" type="DEFAULT_VEHTYPE" speed="12.75" pos="145.56" lane="1/1to2/1_0" slope="0.00"/>
        <vehicle id="37" x="401.65" y="97.71" angle="180.00" type="DEFAULT_VEHTYPE" speed="13.03" pos="97.71" lane="2/0to2/1_0" slope="0.00"/>
        <vehicle id="38" x="392.72" y="598.35" angle="90.00" type="DEFAULT_VEHTYPE" speed="0.08" pos="187.97" lane="1/3to2/3_0" slope="0.00"/>
        <vehicle id="4" x="401.65" y="43.18" angle="180.00" type="DEFAULT_VEHTYPE" speed="13.73" pos="43.18" lane="2/0to2/1_0" slope="0.00"/>
        <vehicle id="41" x="398.35" y="622.72" angle="0.00" type="DEFAULT_VEHTYPE" speed="13.58" pos="177.28" lane="2/4to2/3_0" slope="0.00"/>
        <vehicle id="42" x="398.35" y="132.75" angle="0.00" type="DEFAULT_VEHTYPE" speed="13.70" pos="62.50" lane="2/1to2/0_0" slope="0.00"/>
        <vehicle id="43" x="288.38" y="598.35" angle="90.00" type="DEFAULT_VEHTYPE" speed="13.31" pos="83.63" lane="1/3to2/3_0" slope="0.00"/>
        <vehicle id="44" x="198.35" y="69.91" angle="0.00" type="DEFAULT_VEHTYPE" speed="13.27" pos="125.34" lane="1/1to1/0_0" slope="0.00"/>
        <vehicle id="46" x="14.93" y="401.65" angle="-90.00" type="DEFAULT_VEHTYPE" speed="13.10" pos="180.32" lane="1/2to0/2_0" slope="0.00"/>
        <vehicle id="47" x="398.35" y="782.24" angle="0.00" type="DEFAULT_VEHTYPE" speed="12.93" pos="17.76" lane="2/4to2/3_0" slope="0.00"/>
        <vehicle id="49" x="398.35" y="569.57" angle="0.00" type="DEFAULT_VEHTYPE" speed="13.37" pos="25.68" lane="2/3to2/2_0" slope="0.00"/>
        <vehicle id="6" x="398.35" y="454.08" angle="0.00" type="DEFAULT_VEHTYPE" speed="13.68" pos="141.17" lane="2/3to2/2_0" slope="0.00"/>
    </timestep>
    <timestep time="569.00">
        <vehicle id="1" x="401.65" y="706.90" angle="180.00" type="DEFAULT_VEHTYPE" speed="13.56" pos="102.15" lane="2/3to2/4_0" slope="0.00"/>
        <vehicle id="11" x="175.97" y="398.35" angle="90.00" type="DEFAULT_VEHTYPE" speed="11.57" pos="175.97" lane="0/2to1/2_0" slope="0.00"/>
        <vehicle id="13" x="601.65" y="540.83" angle="180.00" type="DEFAULT_VEHTYPE" speed="12.79" pos="136.08" lane="3/2to3/3_0" slope="0.00"/>
        <vehicle id="17" x="201.65" y="319.15" angle="180.00" type="DEFAULT_VEHTYPE" speed="13.58" pos="114.40" lane="1/1to1/2_0" slope="0.00"/>
        <vehicle id="2" x="220.64" y="401.65" angle="-90.00" type="DEFAULT_VEHTYPE" speed="10.68" pos="174.61" lane="2/2to1/2_0" slope="0.00"/>
        <vehicle id="21" x="309.68" y="401.65" angle="-90.00" type="DEFAULT_VEHTYPE" speed="13.37" pos="85.57" lane="2/2to1/2_0" slope="0.00"/>
        <vehicle id="23" x="398.35" y="793.74" angle="0.00" type="DEFAULT_VEHTYPE" speed="12.80" pos="6.26" lane="2/4to2/3_0" slope="0.00"/>
        <vehicle id="25" x="266.78" y="198.35" angle="90.00" type="DEFAULT_VEHTYPE" speed="13.49" pos="62.03" lane="1/1to2/1_0" slope="0.00"/>
        <vehicle id="27" x="277.60" y="201.65" angle="-90.00" type="DEFAULT_VEHTYPE" speed="13.68" pos="117.65" lane="2/1to1/1_0" slope="0.00"/>
        <vehicle id="29" x="601.65" y="273.27" angle="180.00" type="DEFAULT_VEHTYPE" speed="13.73" pos="68.52" lane="3/1to3/2_0" slope="0.00"/>
        <vehicle id="3" x="247.58" y="598.35" angle="90.00" type="DEFAULT_VEHTYPE" speed="13.20" pos="42.83" lane="1/3to2/3_0" slope="0.00"/>
        <vehicle id="32" x="363.08" y="198.35" angle="90.00" type="DEFAULT_VEHTYPE" speed="12.77" pos="158.33" lane="1/1to2/1_0" slope="0.00"/>
        <vehicle id="37" x="401.65" y="111.40" angle="180.00" type="DEFAULT_VEHTYPE" speed="13.68" pos="111.40" lane="2/0to2/1_0" slope="0.00"/>
        <vehicle id="38" x="392.74" y="598.35" angle="90.00" type="DEFAULT_VEHTYPE" speed="0.02" pos="187.99" lane="1/3to2/3_0" slope="0.00"/>
        <vehicle id="4" x="401.65" y="56.59" angle="180.00" type="DEFAULT_VEHTYPE" speed="13.41" pos="56.59" lane="2/0to2/1_0" slope="0.00"/>
        <vehicle id="41" x="398.35" y="608.94" angle="0.00" type="DEFAULT_VEHTYPE" speed="13.78" pos="191.06" lane="2/4to2/3_0" slope="0.00"/>
        <vehicle id="42" x="398.35" y="119.91" angle="0.00" type="DEFAULT_VEHTYPE" speed="12.85" pos="75.34" lane="2/1to2/0_0" slope="0.00"/>
        <vehicle id="43" x="301.58" y="598.35" angle="90.00" type="DEFAULT_VEHTYPE" speed="13.20" pos="96.83" lane="1/3to2/3_0" slope="0.00"/>
        <vehicle id="44" x="198.35" y="56.07" angle="0.00" type="DEFAULT_VEHTYPE" speed="13.84" pos="139.18" lane="1/1to1/0_0" slope="0.00"/>
        <vehicle id="46" x="1.22" y="401.65" angle="-90.00" type="DEFAULT_VEHTYPE" speed="13.71" pos="194.03" lane="1/2to0/2_0" slope="0.00"/>
        <vehicle id="47" x="398.35" y="768.85" angle="0.00" type="DEFAULT_VEHTYPE" speed="13.39" pos="31.15" lane="2/4to2/3_0" slope="0.00"/>
        <vehicle id="49" x="398.35" y="556.55" angle="0.00" type="DEFAULT_VEHTYPE" speed="13.01" pos="38.70" lane="2/3to2/2_0" slope="0.00"/>
        <vehicle id="6" x="398.35" y="440.56" angle="0.00" type="DEFAULT_VEHTYPE" speed="13.52" pos="154.69" lane="2/3to2/2_0" slope="0.00"/>
    </timestep>
    <timestep time="570.00">
        <vehicle id="1" x="401.65" y="720.50" angle="180.00" type="DEFAULT_VEHTYPE" speed="13.59" pos="115.75" lane="2/3to2/4_0" slope="0.00"/>
        <vehicle id="11" x="183.49" y="398.35" angle="90.00" type="DEFAULT_VEHTYPE" speed="7.52" pos="183.49" lane="0/2to1/2_0" slope="0.00"/>
        <vehicle id="13" x="601.65" y="553.49" angle="180.00" type="DEFAULT_VEHTYPE" speed="12.66" pos="148.74" lane="3/2to3/3_0" slope="0.00"/>
        <vehicle id="17" x="201.65" y="332.33" angle="180.00" type="DEFAULT_VEHTYPE" speed="13.18" pos="127.58" lane="1/1to1/2_0" slope="0.00"/>
        <vehicle id="2" x="214.46" y="401.65" angle="-90.00" type="DEFAULT_VEHTYPE" speed="6.18" pos="180.79" lane="2/2to1/2_0" slope="0.00"/>
        <vehicle id="21" x="296.77" y="401.65" angle="-90.00" type="DEFAULT_VEHTYPE" speed="12.91" pos="98.48" lane="2/2to1/2_0" slope="0.00"/>
        <vehicle id="23" x="398.35" y="781.09" angle="0.00" type="DEFAULT_VEHTYPE" speed="12.66" pos="18.91" lane="2/4to2/3_0" slope="0.00"/>
        <vehicle id="25" x="280.48" y="198.35" angle="90.00" type="DEFAULT_VEHTYPE" speed="13.71" pos="75.73" lane="1/1to2/1_0" slope="0.00"/>
        <vehicle id="27" x="263.98" y="201.65" angle="-90.00" type="DEFAULT_VEHTYPE" speed="13.62" pos="131.27" lane="2/1to1/1_0" slope="0.00"/>
        <vehicle id="29" x="601.65" y="287.15" angle="180.00" type="DEFAULT_VEHTYPE" speed="13.88" pos="82.40" lane="3/1to3/2_0" slope="0.00"/>
        <vehicle id="3" x="260.79" y="598.35" angle="90.00" type="DEFAULT_VEHTYPE" speed="13.21" pos="56.04" lane="1/3to2/3_0" slope="0.00"/>
        <vehicle id="32" x="375.41" y="198.35" angle="90.00" type="DEFAULT_VEHTYPE" speed="12.33" pos="170.66" lane="1/1to2/1_0" slope="0.00"/>
        <vehicle id="37" x="401.65" y="124.03" angle="180.00" type="DEFAULT_VEHTYPE" speed="12.63" pos="124.03" lane="2/0to2/1_0" slope="0.00"/>
        <vehicle id="38" x="392.74" y="598.35" angle="90.00" type="DEFAULT_VEHTYPE" speed="0.00" pos="187.99" lane="1/3to2/3_0" slope="0.00"/>
        <vehicle id="4" x="401.65" y="69.69" angle="180.00" type="DEFAULT_VEHTYPE" speed="13.10" pos="69.69" lane="2/0to2/1_0" slope="0.00"/>
        <vehicle id="41" x="398.35" y="595.17" angle="0.00" type="DEFAULT_VEHTYPE" speed="13.77" pos="0.08" lane="2/3to2/2_0" slope="0.00"/>
        <vehicle id="42" x="398.35" y="106.06" angle="0.00" type="DEFAULT_VEHTYPE" speed="13.85" pos="89.19" lane="2/1to2/0_0" slope="0.00"/>
        <vehicle id="43" x="314.71" y="598.35" angle="90.00" type="DEFAULT_VEHTYPE" speed="13.13" pos="109.96" lane="1/3to2/3_0" slope="0.00"/>
        <vehicle id="44" x="198.35" y="43.21" angle="0.00" type="DEFAULT_VEHTYPE" speed="12.85" pos="152.04" lane="1/1to1/0_0" slope="0.00"/>
        <vehicle id="46" x="7.27" y="398.35" angle="90.00" type="DEFAULT_VEHTYPE" speed="13.31" pos="7.27" lane="0/2to1/2_0" slope="0.00"/>
        <vehicle id="47" x="398.35" y="755.71" angle="0.00" type="DEFAULT_VEHTYPE" speed="13.14" pos="44.29" lane="2/4to2/3_0" slope="0.00"/>
        <vehicle id="49" x="398.35" y="543.46" angle="0.00" type="DEFAULT_VEHTYPE" speed="13.09" pos="51.79" lane="2/3to2/2_0" slope="0.00"/>
        <vehicle id="6" x="398.35" y="426.87" angle="0.00" type="DEFAULT_VEHTYPE" speed="13.69" pos="168.38" lane="2/3to2/2_0" slope="0.00"/>
    </timestep>
    <timestep time="571.00">
        <vehicle id="1" x="401.65" y="733.96" angle="180.00" type="DEFAULT_VEHTYPE" speed="13.46" pos="129.21" lane="2/3to2/4_0" slope="0.00"/>
        <vehicle id="11" x="188.16" y="398.35" angle="90.00" type="DEFAULT_VEHTYPE" speed="4.67" pos="188.16" lane="0/2to1/2_0" slope="0.00"/>
        <vehicle id="13" x="601.65" y="567.21" angle="180.00" type="DEFAULT_VEHTYPE" speed="13.72" pos="162.46" lane="3/2to3/3_0" slope="0.00"/>
        <vehicle id="17" x="201.65" y="345.42" angle="180.00" type="DEFAULT_VEHTYPE" speed="13.09" pos="140.67" lane="1/1to1/2_0" slope="0.00"/>
        <vehicle id="2" x="209.74" y="401.65" angle="-90.00" type="DEFAULT_VEHTYPE" speed="4.72" pos="185.51" lane="2/2to1/2_0" slope="0.00"/>
        <vehicle id="21" x="283.57" y="401.65" angle="-90.00" type="DEFAULT_VEHTYPE" speed="13.20" pos="111.68" lane="2/2to1/2_0" slope="0.00"/>
        <vehicle id="23" x="398.35" y="767.82" angle="0.00" type="DEFAULT_VEHTYPE" speed="13.26" pos="32.18" lane="2/4to2/3_0" slope="0.00"/>
        <vehicle id="25" x="294.07" y="198.35" angle="90.00" type="DEFAULT_VEHTYPE" speed="13.59" pos="89.32" lane="1/1to2/1_0" slope="0.00"/>
        <vehicle id="27" x="250.91" y="201.65" angle="-90.00" type="DEFAULT_VEHTYPE" speed="13.08" pos="144.34" lane="2/1to1/1_0" slope="0.00"/>
        <vehicle id="29" x="601.65" y="300.05" angle="180.00" type="DEFAULT_VEHTYPE" speed="12.90" pos="95.30" lane="3/1to3/2_0" slope="0.00"/>
        <vehicle id="3" x="274.66" y="598.35" angle="90.00" type="DEFAULT_VEHTYPE" speed="13.86" pos="69.91" lane="1/3to2/3_0" slope="0.00"/>
        <vehicle id="32" x="383.41" y="198.35" angle="90.00" type="DEFAULT_VEHTYPE" speed="8.00" pos="178.66" lane="1/1to2/1_0" slope="0.00"/>
        <vehicle id="37" x="401.65" y="137.93" angle="180.00" type="DEFAULT_VEHTYPE" speed="13.90" pos="137.93" lane="2/0to2/1_0" slope="0.00"/>
        <vehicle id="38" x="395.01" y="598.35" angle="90.00" type="DEFAULT_VEHTYPE" speed="2.27" pos="190.26" lane="1/3to2/3_0" slope="0.00"/>
        <vehicle id="4" x="401.65" y="83.35" angle="180.00" type="DEFAULT_VEHTYPE" speed="13.66" pos="83.35" lane="2/0to2/1_0" slope="0.00"/>
        <vehicle id="41" x="398.35" y="582.14" angle="0.00" type="DEFAULT_VEHTYPE" speed="13.04" pos="13.11" lane="2/3to2/2_0" slope="0.00"/>
        <vehicle id="42" x="398.35" y="93.29" angle="0.00" type="DEFAULT_VEHTYPE" speed="12.77" pos="101.96" lane="2/1to2/0_0" slope="0.00"/>
        <vehicle id="43" x="328.45" y="598.35" angle="90.00" type="DEFAULT_VEHTYPE" speed="13.73" pos="123.70" lane="1/3to2/3_0" slope="0.00"/>
        <vehicle id="44" x="198.35" y="30.39" angle="0.00" type="DEFAULT_VEHTYPE" speed="12.82" pos="164.86" lane="1/1to1/0_0" slope="0.00"/>
        <vehicle id="46" x="20.83" y="398.35" angle="90.00" type="DEFAULT_VEHTYPE" speed="13.56" pos="20.83" lane="0/2to1/2_0" slope="0.00"/>
        <vehicle id="47" x="398.35" y="742.11" angle="0.00" type="DEFAULT_VEHTYPE" speed="13.59" pos="57.89" lane="2/4to2/3_0" slope="0.00"/>
        <vehicle id="49" x="398.35" y="529.79" angle="0.00" type="DEFAULT_VEHTYPE" speed="13.67" pos="65.46" lane="2/3to2/2_0" slope="0.00"/>
        <vehicle id="6" x="398.35" y="414.17" angle="0.00" type="DEFAULT_VEHTYPE" speed="12.70" pos="181.08" lane="2/3to2/2_0" slope="0.00"/>
    </timestep>
    <timestep time="572.00">
        <vehicle id="1" x="401.65" y="747.80" angle="180.00" type="DEFAULT_VEHTYPE" speed="13.85" pos="143.05" lane="2/3to2/4_0" slope="0.00"/>
        <vehicle id="11" x="190.92" y="398.35" angle="90.00" type="DEFAULT_VEHTYPE" speed="2.75" pos="190.92" lane="0/2to1/2_0" slope="0.00"/>
        <vehicle id="13" x="601.65" y="580.59" angle="180.00" type="DEFAULT_VEHTYPE" speed="13.39" pos="175.84" lane="3/2to3/3_0" slope="0.00"/>
        <vehicle id="17" x="201.65" y="359.08" angle="180.00" type="DEFAULT_VEHTYPE" speed="13.66" pos="154.33" lane="1/1to1/2_0" slope="0.00"/>
        <vehicle id="2" x="202.64" y="401.35" angle="-86.53" type="DEFAULT_VEHTYPE" speed="7.13" pos="2.14" lane=":1/2_6_0" slope="0.00"/>
        <vehicle id="21" x="269.89" y="401.65" angle="-90.00" type="DEFAULT_VEHTYPE" speed="13.68" pos="125.36" lane="2/2to1/2_0" slope="0.00"/>
        <vehicle id="23" x="398.35" y="754.80" angle="0.00" type="DEFAULT_VEHTYPE" speed="13.02" pos="45.20" lane="2/4to2/3_0" slope="0.00"/>
        <vehicle id="25" x="306.89" y="198.35" angle="90.00" type="DEFAULT_VEHTYPE" speed="12.82" pos="102.14" lane="1/1to2/1_0" slope="0.00"/>
        <vehicle id="27" x="237.82" y="201.65" angle="-90.00" type="DEFAULT_VEHTYPE" speed="13.09" pos="157.43" lane="2/1to1/1_0" slope="0.00"/>
        <vehicle id="29" x="601.65" y="312.75" angle="180.00" type="DEFAULT_VEHTYPE" speed="12.70" pos="108.00" lane="3/1to3/2_0" slope="0.00"/>
        <vehicle id="3" x="287.46" y="598.35" angle="90.00" type="DEFAULT_VEHTYPE" speed="12.80" pos="82.71" lane="1/3to2/3_0" slope="0.00"/>
        <vehicle id="32" x="387.87" y="198.35" angle="90.00" type="DEFAULT_VEHTYPE" speed="4.46" pos="183.12" lane="1/1to2/1_0" slope="0.00"/>
        <vehicle id="37" x="401.65" y="151.62" angle="180.00" type="DEFAULT_VEHTYPE" speed="13.69" pos="151.62" lane="2/0to2/1_0" slope="0.00"/>
        <vehicle id="38" x="399.05" y="599.35" angle="101.77" type="DEFAULT_VEHTYPE" speed="4.23" pos="4.00" lane=":2/3_14_0" slope="0.00"/>
        <vehicle id="4" x="401.65" y="96.20" angle="180.00" type="DEFAULT_VEHTYPE" speed="12.85" pos="96.20" lane="2/0to2/1_0" slope="0.00"/>
        <vehicle id="41" x="398.35" y="568.25" angle="0.00" type="DEFAULT_VEHTYPE" speed="13.88" pos="27.00" lane="2/3to2/2_0" slope="0.00"/>
        <vehicle id="42" x="398.35" y="80.68" angle="0.00" type="DEFAULT_VEHTYPE" speed="12.61" pos="114.57" lane="2/1to2/0_0" slope="0.00"/>
        <vehicle id="43" x="341.80" y="598.35" angle="90.00" type="DEFAULT_VEHTYPE" speed="13.35" pos="137.05" lane="1/3to2/3_0" slope="0.00"/>
        <vehicle id="44" x="198.35" y="17.29" angle="0.00" type="DEFAULT_VEHTYPE" speed="13.11" pos="177.96" lane="1/1to1/0_0" slope="0.00"/>
        <vehicle id="46" x="34.00" y="398.35" angle="90.00" type="DEFAULT_VEHTYPE" speed="13.18" pos="34.00" lane="0/2to1/2_0" slope="0.00"/>
        <vehicle id="47" x="398.35" y="728.82" angle="0.00" type="DEFAULT_VEHTYPE" speed="13.29" pos="71.18" lane="2/4to2/3_0" slope="0.00"/>
        <vehicle id="49" x="398.35" y="516.68" angle="0.00" type="DEFAULT_VEHTYPE" speed="13.11" pos="78.57" lane="2/3to2/2_0" slope="0.00"/>
        <vehicle id="6" x="395.82" y="401.73" angle="-34.99" type="DEFAULT_VEHTYPE" speed="13.84" pos="4.42" lane=":2/2_0_0" slope="0.00"/>
    </timestep>
    <timestep time="573.00">
        <vehicle id="1" x="401.65" y="761.18" angle="180.00" type="DEFAULT_VEHTYPE" speed="13.37" pos="156.43" lane="2/3to2/4_0" slope="0.00"/>
        <vehicle id="11" x="192.11" y="398.35" angle="90.00" type="DEFAULT_VEHTYPE" speed="1.20" pos="192.11" lane="0/2to1/2_0" slope="0.00"/>
        <vehicle id="13" x="601.65" y="593.33" angle="180.00" type="DEFAULT_VEHTYPE" speed="12.74" pos="188.58" lane="3/2to3/3_0" slope="0.00"/>
        <vehicle id="17" x="201.65" y="372.32" angle="180.00" type="DEFAULT_VEHTYPE" speed="13.24" pos="167.57" lane="1/1to1/2_0" slope="0.00"/>
        <vehicle id="2" x="198.35" y="394.48" angle="-13.20" type="DEFAULT_VEHTYPE" speed="8.96" pos="0.77" lane="1/2to1/1_0" slope="0.00"/>
        <vehicle id="21" x="256.76" y="401.65" angle="-90.00" type="DEFAULT_VEHTYPE" speed="13.12" pos="138.49" lane="2/2to1/2_0" slope="0.00"/>
        <vehicle id="23" x="398.35" y="741.80" angle="0.00" type="DEFAULT_VEHTYPE" speed="13.01" pos="58.20" lane="2/4to2/3_0" slope="0.00"/>
        <vehicle id="25" x="320.54" y="198.35" angle="90.00" type="DEFAULT_VEHTYPE" speed="13.65" pos="115.79" lane="1/1to2/1_0" slope="0.00"/>
        <vehicle id="27" x="225.38" y="201.65" angle="-90.00" type="DEFAULT_VEHTYPE" speed="12.44" pos="169.87" lane="2/1to1/1_0" slope="0.00"/>
        <vehicle id="29" x="601.65" y="325.67" angle="180.00" type="DEFAULT_VEHTYPE" speed="12.92" pos="120.92" lane="3/1to3/2_0" slope="0.00"/>
        <vehicle id="3" x="300.60" y="598.35" angle="90.00" type="DEFAULT_VEHTYPE" speed="13.15" pos="95.85" lane="1/3to2/3_0" slope="0.00"/>
        <vehicle id="32" x="391.30" y="198.35" angle="90.00" type="DEFAULT_VEHTYPE" speed="3.43" pos="186.55" lane="1/1to2/1_0" slope="0.00"/>
        <vehicle id="37" x="401.65" y="164.23" angle="180.00" type="DEFAULT_VEHTYPE" speed="12.61" pos="164.23" lane="2/0to2/1_0" slope="0.00"/>
        <vehicle id="38" x="401.55" y="604.08" angle="156.08" type="DEFAULT_VEHTYPE" speed="5.64" pos="9.64" lane=":2/3_14_0" slope="0.00"/>
        <vehicle id="4" x="401.65" y="109.76" angle="180.00" type="DEFAULT_VEHTYPE" speed="13.56" pos="109.76" lane="2/0to2/1_0" slope="0.00"/>
        <vehicle id="41" x="398.35" y="554.61" angle="0.00" type="DEFAULT_VEHTYPE" speed="13.65" pos="40.64" lane="2/3to2/2_0" slope="0.00"/>
        <vehicle id="42" x="398.35" y="67.60" angle="0.00" type="DEFAULT_VEHTYPE" speed="13.09" pos="127.65" lane="2/1to2/0_0" slope="0.00"/>
        <vehicle id="43" x="354.85" y="598.35" angle="90.00" type="DEFAULT_VEHTYPE" speed="13.06" pos="150.10" lane="1/3to2/3_0" slope="0.00"/>
        <vehicle id="44" x="198.35" y="4.44" angle="0.00" type="DEFAULT_VEHTYPE" speed="12.85" pos="190.81" lane="1/1to1/0_0" slope="0.00"/>
        <vehicle id="46" x="47.32" y="398.35" angle="90.00" type="DEFAULT_VEHTYPE" speed="13.31" pos="47.32" lane="0/2to1/2_0" slope="0.00"/>
        <vehicle id="47" x="398.35" y="715.87" angle="0.00" type="DEFAULT_VEHTYPE" speed="12.95" pos="84.13" lane="2/4to2/3_0" slope="0.00"/>
        <vehicle id="49" x="398.35" y="503.00" angle="0.00" type="DEFAULT_VEHTYPE" speed="13.68" pos="92.25" lane="2/3to2/2_0" slope="0.00"/>
        <vehicle id="6" x="382.64" y="401.65" angle="-90.00" type="DEFAULT_VEHTYPE" speed="13.19" pos="12.61" lane="2/2to1/2_0" slope="0.00"/>
    </timestep>
    <timestep time="574.00">
        <vehicle id="1" x="401.65" y="774.35" angle="180.00" type="DEFAULT_VEHTYPE" speed="13.17" pos="169.60" lane="2/3to2/4_0" slope="0.00"/>
        <vehicle id="11" x="192.59" y="398.35" angle="90.00" type="DEFAULT_VEHTYPE" speed="0.47" pos="192.59" lane="0/2to1/2_0" slope="0.00"/>
        <vehicle id="13" x="610.63" y="598.35" angle="90.00" type="DEFAULT_VEHTYPE" speed="12.80" pos="5.88" lane="3/3to4/3_0" slope="0.00"/>
        <vehicle id="17" x="201.65" y="385.04" angle="180.00" type="DEFAULT_VEHTYPE" speed="12.72" pos="180.29" lane="1/1to1/2_0" slope="0.00"/>
        <vehicle id="2" x="198.35" y="383.72" angle="0.00" type="DEFAULT_VEHTYPE" speed="10.75" pos="11.53" lane="1/2to1/1_0" slope="0.00"/>
        <vehicle id="21" x="243.73" y="401.65" angle="-90.00" type="DEFAULT_VEHTYPE" speed="13.04" pos="151.52" lane="2/2to1/2_0" slope="0.00"/>
        <vehicle id="23" x="398.35" y="728.52" angle="0.00" type="DEFAULT_VEHTYPE" speed="13.28" pos="71.48" lane="2/4to2/3_0" slope="0.00"/>
        <vehicle id="25" x="333.62" y="198.35" angle="90.00" type="DEFAULT_VEHTYPE" speed="13.08" pos="128.87" lane="1/1to2/1_0" slope="0.00"/>
        <vehicle id="27" x="217.42" y="201.65" angle="-90.00" type="DEFAULT_VEHTYPE" speed="7.96" pos="177.83" lane="2/1to1/1_0" slope="0.00"/>
        <vehicle id="29" x="601.65" y="339.01" angle="180.00" type="DEFAULT_VEHTYPE" speed="13.34" pos="134.26" lane="3/1to3/2_0" slope="0.00"/>
        <vehicle id="3" x="313.78" y="598.35" angle="90.00" type="DEFAULT_VEHTYPE" speed="13.18" pos="109.03" lane="1/3to2/3_0" slope="0.00"/>
        <vehicle id="32" x="392.11" y="198.35" angle="90.00" type="DEFAULT_VEHTYPE" speed="0.81" pos="187.36" lane="1/1to2/1_0" slope="0.00"/>
        <vehicle id="37" x="401.65" y="177.01" angle="180.00" type="DEFAULT_VEHTYPE" speed="12.78" pos="177.01" lane="2/0to2/1_0" slope="0.00"/>
        <vehicle id="38" x="401.65" y="612.22" angle="180.00" type="DEFAULT_VEHTYPE" speed="8.14" pos="7.47" lane="2/3to2/4_0" slope="0.00"/>
        <vehicle id="4" x="401.65" y="122.45" angle="180.00" type="DEFAULT_VEHTYPE" speed="12.69" pos="122.45" lane="2/0to2/1_0" slope="0.00"/>
        <vehicle id="41" x="398.35" y="541.84" angle="0.00" type="DEFAULT_VEHTYPE" speed="12.77" pos="53.41" lane="2/3to2/2_0" slope="0.00"/>
        <vehicle id="42" x="398.35" y="53.78" angle="0.00" type="DEFAULT_VEHTYPE" speed="13.82" pos="141.47" lane="2/1to2/0_0" slope="0.00"/>
        <vehicle id="43" x="367.68" y="598.35" angle="90.00" type="DEFAULT_VEHTYPE" speed="12.82" pos="162.93" lane="1/3to2/3_0" slope="0.00"/>
        <vehicle id="44" x="201.65" y="4.62" angle="177.53" type="DEFAULT_VEHTYPE" speed="13.87" pos="4.62" lane="1/0to1/1_0" slope="0.00"/>
        <vehicle id="46" x="60.41" y="398.35" angle="90.00" type="DEFAULT_VEHTYPE" speed="13.09" pos="60.41" lane="0/2to1/2_0" slope="0.00"/>
        <vehicle id="47" x="398.35" y="702.55" angle="0.00" type="DEFAULT_VEHTYPE" speed="13.32" pos="97.45" lane="2/4to2/3_0" slope="0.00"/>
        <vehicle id="49" x="398.35" y="490.38" angle="0.00" type="DEFAULT_VEHTYPE" speed="12.62" pos="104.87" lane="2/3to2/2_0" slope="0.00"/>
        <vehicle id="6" x="369.38" y="401.65" angle="-90.00" type="DEFAULT_VEHTYPE" speed="13.25" pos="25.87" lane="2/2to1/2_0" slope="0.00"/>
    </timestep>
    <timestep time="575.00">
        <vehicle id="1" x="401.65" y="787.79" angle="180.00" type="DEFAULT_VEHTYPE" speed="13.44" pos="183.04" lane="2/3to2/4_0" slope="0.00"/>
        <vehicle id="11" x="192.74" y="398.35" angle="90.00" type="DEFAULT_VEHTYPE" speed="0.15" pos="192.74" lane="0/2to1/2_0" slope="0.00"/>
        <vehicle id="13" x="623.71" y="598.35" angle="90.00" type="DEFAULT_VEHTYPE" speed="13.08" pos="18.96" lane="3/3to4/3_0" slope="0.00"/>
        <vehicle id="17" x="201.65" y="398.02" angle="180.00" type="DEFAULT_VEHTYPE" speed="12.98" pos="2.77" lane=":1/2_9_0" slope="0.00"/>
        <vehicle id="2" x="198.35" y="370.44" angle="0.00" type="DEFAULT_VEHTYPE" speed="13.29" pos="24.81" lane="1/2to1/1_0" slope="0.00"/>
        <vehicle id="21" x="230.64" y="401.65" angle="-90.00" type="DEFAULT_VEHTYPE" speed="13.09" pos="164.61" lane="2/2to1/2_0" slope="0.00"/>
        <vehicle id="23" x="398.35" y="715.24" angle="0.00" type="DEFAULT_VEHTYPE" speed="13.28" pos="84.76" lane="2/4to2/3_0" slope="0.00"/>
        <vehicle id="25" x="346.62" y="198.35" angle="90.00" type="DEFAULT_VEHTYPE" speed="13.00" pos="141.87" lane="1/1to2/1_0" slope="0.00"/>
        <vehicle id="27" x="211.44" y="201.65" angle="-90.00" type="DEFAULT_VEHTYPE" speed="5.99" pos="183.81" lane="2/1to1/1_0" slope="0.00"/>
        <vehicle id="29" x="601.65" y="352.25" angle="180.00" type="DEFAULT_VEHTYPE" speed="13.24" pos="147.50" lane="3/1to3/2_0" slope="0.00"/>
        <vehicle id="3" x="327.66" y="598.35" angle="90.00" type="DEFAULT_VEHTYPE" speed="13.88" pos="122.91" lane="1/3to2/3_0" slope="0.00"/>
        <vehicle id="32" x="392.70" y="198.35" angle="90.00" type="DEFAULT_VEHTYPE" speed="0.59" pos="187.95" lane="1/1to2/1_0" slope="0.00"/>
        <vehicle id="37" x="401.65" y="190.77" angle="180.00" type="DEFAULT_VEHTYPE" speed="13.77" pos="190.77" lane="2/0to2/1_0" slope="0.00"/>
        <vehicle id="38" x="401.65" y="622.58" angle="180.00" type="DEFAULT_VEHTYPE" speed="10.36" pos="17.83" lane="2/3to2/4_0" slope="0.00"/>
        <vehicle id="4" x="401.65" y="135.99" angle="180.00" type="DEFAULT_VEHTYPE" speed="13.54" pos="135.99" lane="2/0to2/1_0" slope="0.00"/>
        <vehicle id="41" x="398.35" y="529.01" angle="0.00" type="DEFAULT_VEHTYPE" speed="12.82" pos="66.24" lane="2/3to2/2_0" slope="0.00"/>
        <vehicle id="42" x="398.35" y="40.56" angle="0.00" type="DEFAULT_VEHTYPE" speed="13.22" pos="154.69" lane="2/1to2/0_0" slope="0.00"/>
        <vehicle id="43" x="377.94" y="598.35" angle="90.00" type="DEFAULT_VEHTYPE" speed="10.26" pos="173.19" lane="1/3to2/3_0" slope="0.00"/>
        <vehicle id="44" x="201.65" y="17.42" angle="180.00" type="DEFAULT_VEHTYPE" speed="12.80" pos="17.42" lane="1/0to1/1_0" slope="0.00"/>
        <vehicle id="46" x="73.25" y="398.35" angle="90.00" type="DEFAULT_VEHTYPE" speed="12.84" pos="73.25" lane="0/2to1/2_0" slope="0.00"/>
        <vehicle id="47" x="398.35" y="688.91" angle="0.00" type="DEFAULT_VEHTYPE" speed="13.64" pos="111.09" lane="2/4to2/3_0" slope="0.00"/>
        <vehicle id="49" x="398.35" y="477.01" angle="0.00" type="DEFAULT_VEHTYPE" speed="13.37" pos="118.24" lane="2/3to2/2_0" slope="0.00"/>
        <vehicle id="6" x="356.36" y="401.65" angle="-90.00" type="DEFAULT_VEHTYPE" speed="13.03" pos="38.89" lane="2/2to1/2_0" slope="0.00"/>
    </timestep>
    <timestep time="576.00">
        <vehicle id="1" x="401.16" y="800.74" angle="-174.27" type="DEFAULT_VEHTYPE" speed="13.09" pos="0.88" lane=":2/4_0_0" slope="0.00"/>
        <vehicle id="11" x="192.75" y="398.35" angle="90.00" type="DEFAULT_VEHTYPE" speed="0.01" pos="192.75" lane="0/2to1/2_0" slope="0.00"/>
        <vehicle id="13" x="636.71" y="598.35" angle="90.00" type="DEFAULT_VEHTYPE" speed="13.00" pos="31.96" lane="3/3to4/3_0" slope="0.00"/>
        <vehicle id="17" x="201.65" y="411.81" angle="180.00" type="DEFAULT_VEHTYPE" speed="13.80" pos="7.06" lane="1/2to1/3_0" slope="0.00"/>
        <vehicle id="2" x="198.35" y="356.88" angle="0.00" type="DEFAULT_VEHTYPE" speed="13.55" pos="38.37" lane="1/2to1/1_0" slope="0.00"/>
        <vehicle id="21" x="220.35" y="401.65" angle="-90.00" type="DEFAULT_VEHTYPE" speed="10.29" pos="174.90" lane="2/2to1/2_0" slope="0.00"/>
        <vehicle id="23" x="398.35" y="702.16" angle="0.00" type="DEFAULT_VEHTYPE" speed="13.08" pos="97.84" lane="2/4to2/3_0" slope="0.00"/>
        <vehicle id="25" x="359.61" y="198.35" angle="90.00" type="DEFAULT_VEHTYPE" speed="13.00" pos="154.86" lane="1/1to2/1_0" slope="0.00"/>
        <vehicle id="27" x="203.28" y="201.91" angle="-92.94" type="DEFAULT_VEHTYPE" speed="8.19" pos="1.50" lane=":1/1_4_0" slope="0.00"/>
        <vehicle id="29" x="601.65" y="366.10" angle="180.00" type="DEFAULT_VEHTYPE" speed="13.85" pos="161.35" lane="3/1to3/2_0" slope="0.00"/>
        <vehicle id="3" x="340.88" y="598.35" angle="90.00" type="DEFAULT_VEHTYPE" speed="13.22" pos="136.13" lane="1/3to2/3_0" slope="0.00"/>
        <vehicle id="32" x="392.74" y="198.35" angle="90.00" type="DEFAULT_VEHTYPE" speed="0.04" pos="187.99" lane="1/1to2/1_0" slope="0.00"/>
        <vehicle id="37" x="409.10" y="198.35" angle="91.04" type="DEFAULT_VEHTYPE" speed="13.83" pos="4.35" lane="2/1to3/1_0" slope="0.00"/>
        <vehicle id="38" x="401.65" y="635.33" angle="180.00" type="DEFAULT_VEHTYPE" speed="12.75" pos="30.58" lane="2/3to2/4_0" slope="0.00"/>
        <vehicle id="4" x="401.65" y="149.61" angle="180.00" type="DEFAULT_VEHTYPE" speed="13.62" pos="149.61" lane="2/0to2/1_0" slope="0.00"/>
        <vehicle id="41" x="398.35" y="515.13" angle="0.00" type="DEFAULT_VEHTYPE" speed="13.88" pos="80.12" lane="2/3to2/2_0" slope="0.00"/>
        <vehicle id="42" x="398.35" y="26.72" angle="0.00" type="DEFAULT_VEHTYPE" speed="13.84" pos="168.53" lane="2/1to2/0_0" slope="0.00"/>
        <vehicle id="43" x="385.04" y="598.35" angle="90.00" type="DEFAULT_VEHTYPE" speed="7.11" pos="180.29" lane="1/3to2/3_0" slope="0.00"/>
        <vehicle id="44" x="201.65" y="30.88" angle="180.00" type="DEFAULT_VEHTYPE" speed="13.46" pos="30.88" lane="1/0to1/1_0" slope="0.00"/>
        <vehicle id="46" x="86.47" y="398.35" angle="90.00" type="DEFAULT_VEHTYPE" speed="13.23" pos="86.47" lane="0/2to1/2_0" slope="0.00"/>
        <vehicle id="47" x="398.35" y="675.81" angle="0.00" type="DEFAULT_VEHTYPE" speed="13.10" pos="124.19" lane="2/4to2/3_0" slope="0.00"/>
        <vehicle id="49" x="398.35" y="464.08" angle="0.00" type="DEFAULT_VEHTYPE" speed="12.92" pos="131.17" lane="2/3to2/2_0" slope="0.00"/>
        <vehicle id="6" x="342.99" y="401.65" angle="-90.00" type="DEFAULT_VEHTYPE" speed="13.36" pos="52.26" lane="2/2to1/2_0" slope="0.00"/>
    </timestep>
    <timestep time="577.00">
        <vehicle id="1" x="398.35" y="790.07" angle="0.00" type="DEFAULT_VEHTYPE" speed="13.86" pos="9.93" lane="2/4to2/3_0" slope="0.00"/>
        <vehicle id="11" x="192.75" y="398.35" angle="90.00" type="DEFAULT_VEHTYPE" speed="0.00" pos="192.75" lane="0/2to1/2_0" slope="0.00"/>
        <vehicle id="13" x="650.49" y="598.35" angle="90.00" type="DEFAULT_VEHTYPE" speed="13.78" pos="45.74" lane="3/3to4/3_0" slope="0.00"/>
        <vehicle id="17" x="201.65" y="425.16" angle="180.00" type="DEFAULT_VEHTYPE" speed="13.35" pos="20.41" lane="1/2to1/3_0" slope="0.00"/>
        <vehicle id="2" x="198.35" y="343.66" angle="0.00" type="DEFAULT_VEHTYPE" speed="13.22" pos="51.59" lane="1/2to1/1_0" slope="0.00"/>
        <vehicle id="21" x="213.10" y="401.65" angle="-90.00" type="DEFAULT_VEHTYPE" speed="7.25" pos="182.15" lane="2/2to1/2_0" slope="0.00"/>
        <vehicle id="23" x="398.35" y="688.65" angle="0.00" type="DEFAULT_VEHTYPE" speed="13.51" pos="111.35" lane="2/4to2/3_0" slope="0.00"/>
        <vehicle id="25" x="369.82" y="198.35" angle="90.00" type="DEFAULT_VEHTYPE" speed="10.21" pos="165.07" lane="1/1to2/1_0" slope="0.00"/>
        <vehicle id="27" x="201.65" y="211.97" angle="180.00" type="DEFAULT_VEHTYPE" speed="10.72" pos="7.22" lane="1/1to1/2_0" slope="0.00"/>
        <vehicle id="29" x="601.65" y="376.92" angle="180.00" type="DEFAULT_VEHTYPE" speed="10.82" pos="172.17" lane="3/1to3/2_0" slope="0.00"/>
        <vehicle id="3" x="354.70" y="598.35" angle="90.00" type="DEFAULT_VEHTYPE" speed="13.81" pos="149.95" lane="1/3to2/3_0" slope="0.00"/>
        <vehicle id="32" x="392.74" y="198.35" angle="90.00" type="DEFAULT_VEHTYPE" speed="0.00" pos="187.99" lane="1/1to2/1_0" slope="0.00"/>
        <vehicle id="37" x="421.72" y="198.35" angle="90.00" type="DEFAULT_VEHTYPE" speed="12.62" pos="16.97" lane="2/1to3/1_0" slope="0.00"/>
        <vehicle id="38" x="401.65" y="648.49" angle="180.00" type="DEFAULT_VEHTYPE" speed="13.17" pos="43.74" lane="2/3to2/4_0" slope="0.00"/>
        <vehicle id="4" x="401.65" y="163.05" angle="180.00" type="DEFAULT_VEHTYPE" speed="13.44" pos="163.05" lane="2/0to2/1_0" slope="0.00"/>
        <vehicle id="41" x="398.35" y="502.19" angle="0.00" type="DEFAULT_VEHTYPE" speed="12.94" pos="93.06" lane="2/3to2/2_0" slope="0.00"/>
        <vehicle id="42" x="398.35" y="13.04" angle="0.00" type="DEFAULT_VEHTYPE" speed="13.68" pos="182.21" lane="2/1to2/0_0" slope="0.00"/>
        <vehicle id="43" x="389.30" y="598.35" angle="90.00" type="DEFAULT_VEHTYPE" speed="4.25" pos="184.55" lane="1/3to2/3_0" slope="0.00"/>
        <vehicle id="44" x="201.65" y="44.12" angle="180.00" type="DEFAULT_VEHTYPE" speed="13.25" pos="44.12" lane="1/0to1/1_0" slope="0.00"/>
        <vehicle id="46" x="99.84" y="398.35" angle="90.00" type="DEFAULT_VEHTYPE" speed="13.37" pos="99.84" lane="0/2to1/2_0" slope="0.00"/>
        <vehicle id="47" x="398.35" y="662.22" angle="0.00" type="DEFAULT_VEHTYPE" speed="13.59" pos="137.78" lane="2/4to2/3_0" slope="0.00"/>
        <vehicle id="49" x="398.35" y="451.36" angle="0.00" type="DEFAULT_VEHTYPE" speed="12.73" pos="143.89" lane="2/3to2/2_0" slope="0.00"/>
        <vehicle id="6" x="329.61" y="401.65" angle="-90.00" type="DEFAULT_VEHTYPE" speed="13.38" pos="65.64" lane="2/2to1/2_0" slope="0.00"/>
    </timestep>
    <timestep time="578.00">
        <vehicle id="1" x="398.35" y="776.78" angle="0.00" type="DEFAULT_VEHTYPE" speed="13.29" pos="23.22" lane="2/4to2/3_0" slope="0.00"/>
        <vehicle id="11" x="192.75" y="398.35" angle="90.00" type="DEFAULT_VEHTYPE" speed="0.00" pos="192.75" lane="0/2to1/2_0" slope="0.00"/>
        <vehicle id="13" x="664.24" y="598.35" angle="90.00" type="DEFAULT_VEHTYPE" speed="13.75" pos="59.49" lane="3/3to4/3_0" slope="0.00"/>
        <vehicle id="17" x="201.65" y="438.56" angle="180.00" type="DEFAULT_VEHTYPE" speed="13.40" pos="33.81" lane="1/2to1/3_0" slope="0.00"/>
        <vehicle id="2" x="198.35" y="330.05" angle="0.00" type="DEFAULT_VEHTYPE" speed="13.61" pos="65.20" lane="1/2to1/1_0" slope="0.00"/>
        <vehicle id="21" x="210.24" y="401.65" angle="-90.00" type="DEFAULT_VEHTYPE" speed="2.86" pos="185.01" lane="2/2to1/2_0" slope="0.00"/>
        <vehicle id="23" x="398.35" y="675.04" angle="0.00" type="DEFAULT_VEHTYPE" speed="13.60" pos="124.96" lane="2/4to2/3_0" slope="0.00"/>
        <vehicle id="25" x="376.99" y="198.35" angle="90.00" type="DEFAULT_VEHTYPE" speed="7.17" pos="172.24" lane="1/1to2/1_0" slope="0.00"/>
        <vehicle id="27" x="201.65" y="224.22" angle="180.00" type="DEFAULT_VEHTYPE" speed="12.25" pos="19.47" lane="1/1to1/2_0" slope="0.00"/>
        <vehicle id="29" x="601.65" y="384.04" angle="180.00" type="DEFAULT_VEHTYPE" speed="7.12" pos="179.29" lane="3/1to3/2_0" slope="0.00"/>
        <vehicle id="3" x="365.44" y="598.35" angle="90.00" type="DEFAULT_VEHTYPE" speed="10.74" pos="160.69" lane="1/3to2/3_0" slope="0.00"/>
        <vehicle id="32" x="392.74" y="198.35" angle="90.00" type="DEFAULT_VEHTYPE" speed="0.00" pos="187.99" lane="1/1to2/1_0" slope="0.00"/>
        <vehicle id="37" x="435.44" y="198.35" angle="90.00" type="DEFAULT_VEHTYPE" speed="13.72" pos="30.69" lane="2/1to3/1_0" slope="0.00"/>
        <vehicle id="38" x="401.65" y="661.62" angle="180.00" type="DEFAULT_VEHTYPE" speed="13.13" pos="56.87" lane="2/3to2/4_0" slope="0.00"/>
        <vehicle id="4" x="401.65" y="176.26" angle="180.00" type="DEFAULT_VEHTYPE" speed="13.21" pos="176.26" lane="2/0to2/1_0" slope="0.00"/>
        <vehicle id="41" x="398.35" y="489.36" angle="0.00" type="DEFAULT_VEHTYPE" speed="12.83" pos="105.89" lane="2/3to2/2_0" slope="0.00"/>
        <vehicle id="42" x="398.74" y="-0.60" angle="4.61" type="DEFAULT_VEHTYPE" speed="13.75" pos="0.71" lane=":2/0_0_0" slope="0.00"/>
        <vehicle id="43" x="395.39" y="598.37" angle="90.24" type="DEFAULT_VEHTYPE" speed="6.10" pos="0.15" lane=":2/3_14_0" slope="0.00"/>
        <vehicle id="44" x="201.65" y="57.53" angle="180.00" type="DEFAULT_VEHTYPE" speed="13.40" pos="57.53" lane="1/0to1/1_0" slope="0.00"/>
        <vehicle id="46" x="112.48" y="398.35" angle="90.00" type="DEFAULT_VEHTYPE" speed="12.64" pos="112.48" lane="0/2to1/2_0" slope="0.00"/>
        <vehicle id="47" x="398.35" y="649.37" angle="0.00" type="DEFAULT_VEHTYPE" speed="12.85" pos="150.63" lane="2/4to2/3_0" slope="0.00"/>
        <vehicle id="49" x="398.35" y="438.08" angle="0.00" type="DEFAULT_VEHTYPE" speed="13.28" pos="157.17" lane="2/3to2/2_0" slope="0.00"/>
        <vehicle id="6" x="316.28" y="401.65" angle="-90.00" type="DEFAULT_VEHTYPE" speed="13.33" pos="78.97" lane="2/2to1/2_0" slope="0.00"/>
    </timestep>
    <timestep time="579.00">
        <vehicle id="1" x="398.35" y="763.87" angle="0.00" type="DEFAULT_VEHTYPE" speed="12.91" pos="36.13" lane="2/4to2/3_0" slope="0.00"/>
        <vehicle id="11" x="192.75" y="398.35" angle="90.00" type="DEFAULT_VEHTYPE" speed="0.00" pos="192.75" lane="0/2to1/2_0" slope="0.00"/>
        <vehicle id="13" x="677.75" y="598.35" angle="90.00" type="DEFAULT_VEHTYPE" speed="13.51" pos="73.00" lane="3/3to4/3_0" slope="0.00"/>
        <vehicle id="17" x="201.65" y="451.42" angle="180.00" type="DEFAULT_VEHTYPE" speed="12.86" pos="46.67" lane="1/2to1/3_0" slope="0.00"/>
        <vehicle id="2" x="198.35" y="316.45" angle="0.00" type="DEFAULT_VEHTYPE" speed="13.60" pos="78.80" lane="1/2to1/1_0" slope="0.00"/>
        <vehicle id="21" x="205.47" y="401.65" angle="-90.00" type="DEFAULT_VEHTYPE" speed="4.77" pos="189.78" lane="2/2to1/2_0" slope="0.00"/>
        <vehicle id="23" x="398.35" y="661.19" angle="0.00" type="DEFAULT_VEHTYPE" speed="13.85" pos="138.81" lane="2/4to2/3_0" slope="0.00"/>
        <vehicle id="25" x="381.45" y="198.35" angle="90.00" type="DEFAULT_VEHTYPE" speed="4.46" pos="176.70" lane="1/1to2/1_0" slope="0.00"/>
        <vehicle id="27" x="201.65" y="237.43" angle="180.00" type="DEFAULT_VEHTYPE" speed="13.21" pos="32.68" lane="1/1to1/2_0" slope="0.00"/>
        <vehicle id="29" x="601.65" y="388.75" angle="180.00" type="DEFAULT_VEHTYPE" speed="4.71" pos="184.00" lane="3/1to3/2_0" slope="0.00"/>
        <vehicle id="3" x="376.16" y="598.35" angle="90.00" type="DEFAULT_VEHTYPE" speed="10.73" pos="171.41" lane="1/3to2/3_0" slope="0.00"/>
        <vehicle id="32" x="392.74" y="198.35" angle="90.00" type="DEFAULT_VEHTYPE" speed="0.00" pos="187.99" lane="1/1to2/1_0" slope="0.00"/>
        <vehicle id="37" x="448.74" y="198.35" angle="90.00" type="DEFAULT_VEHTYPE" speed="13.30" pos="43.99" lane="2/1to3/1_0" slope="0.00"/>
        <vehicle id="38" x="401.65" y="675.43" angle="180.00" type="DEFAULT_VEHTYPE" speed="13.81" pos="70.68" lane="2/3to2/4_0" slope="0.00"/>
        <vehicle id="4" x="401.65" y="189.59" angle="180.00" type="DEFAULT_VEHTYPE" speed="13.33" pos="189.59" lane="2/0to2/1_0" slope="0.00"/>
        <vehicle id="41" x="398.35" y="476.24" angle="0.00" type="DEFAULT_VEHTYPE" speed="13.12" pos="119.01" lane="2/3to2/2_0" slope="0.00"/>
        <vehicle id="42" x="401.65" y="9.52" angle="180.00" type="DEFAULT_VEHTYPE" speed="13.63" pos="9.52" lane="2/0to2/1_0" slope="0.00"/>
        <vehicle id="43" x="401.31" y="602.34" angle="137.97" type="DEFAULT_VEHTYPE" speed="7.74" pos="7.88" lane=":2/3_14_0" slope="0.00"/>
        <vehicle id="44" x="201.65" y="70.61" angle="180.00" type="DEFAULT_VEHTYPE" speed="13.08" pos="70.61" lane="1/0to1/1_0" slope="0.00"/>
        <vehicle id="46" x="125.86" y="398.35" angle="90.00" type="DEFAULT_VEHTYPE" speed="13.38" pos="125.86" lane="0/2to1/2_0" slope="0.00"/>
        <vehicle id="47" x="398.35" y="636.77" angle="0.00" type="DEFAULT_VEHTYPE" speed="12.60" pos="163.23" lane="2/4to2/3_0" slope="0.00"/>
        <vehicle id="49" x="398.35" y="424.69" angle="0.00" type="DEFAULT_VEHTYPE" speed="13.39" pos="170.56" lane="2/3to2/2_0" slope="0.00"/>
        <vehicle id="6" x="303.29" y="401.65" angle="-90.00" type="DEFAULT_VEHTYPE" speed="13.00" pos="91.96" lane="2/2to1/2_0" slope="0.00"/>
    </timestep>
    <timestep time="580.00">
        <vehicle id="1" x="398.35" y="750.77" angle="0.00" type="DEFAULT_VEHTYPE" speed="13.10" pos="49.23" lane="2/4to2/3_0" slope="0.00"/>
        <vehicle id="11" x="192.75" y="398.35" angle="90.00" type="DEFAULT_VEHTYPE" speed="0.00" pos="192.75" lane="0/2to1/2_0" slope="0.00"/>
        <vehicle id="13" x="690.70" y="598.35" angle="90.00" type="DEFAULT_VEHTYPE" speed="12.95" pos="85.95" lane="3/3to4/3_0" slope="0.00"/>
        <vehicle id="17" x="201.65" y="464.91" angle="180.00" type="DEFAULT_VEHTYPE" speed="13.49" pos="60.16" lane="1/2to1/3_0" slope="0.00"/>
        <vehicle id="2" x="198.35" y="302.81" angle="0.00" type="DEFAULT_VEHTYPE" speed="13.64" pos="92.44" lane="1/2to1/1_0" slope="0.00"/>
        <vehicle id="21" x="198.69" y="401.65" angle="-90.00" type="DEFAULT_VEHTYPE" speed="6.79" pos="6.06" lane=":1/2_5_0" slope="0.00"/>
        <vehicle id="23" x="398.35" y="648.04" angle="0.00" type="DEFAULT_VEHTYPE" speed="13.15" pos="151.96" lane="2/4to2/3_0" slope="0.00"/>
        <vehicle id="25" x="383.91" y="198.35" angle="90.00" type="DEFAULT_VEHTYPE" speed="2.46" pos="179.16" lane="1/1to2/1_0" slope="0.00"/>
        <vehicle id="27" x="201.65" y="250.45" angle="180.00" type="DEFAULT_VEHTYPE" speed="13.02" pos="45.70" lane="1/1to1/2_0" slope="0.00"/>
        <vehicle id="29" x="601.65" y="395.03" angle="180.00" type="DEFAULT_VEHTYPE" speed="6.27" pos="190.28" lane="3/1to3/2_0" slope="0.00"/>
        <vehicle id="3" x="383.87" y="598.35" angle="90.00" type="DEFAULT_VEHTYPE" speed="7.71" pos="179.12" lane="1/3to2/3_0" slope="0.00"/>
        <vehicle id="32" x="392.74" y="198.35" angle="90.00" type="DEFAULT_VEHTYPE" speed="0.00" pos="187.99" lane="1/1to2/1_0" slope="0.00"/>
        <vehicle id="37" x="462.30" y="198.35" angle="90.00" type="DEFAULT_VEHTYPE" speed="13.56" pos="57.55" lane="2/1to3/1_0" slope="0.00"/>
        <vehicle id="38" x="401.65" y="688.64" angle="180.00" type="DEFAULT_VEHTYPE" speed="13.21" pos="83.89" lane="2/3to2/4_0" slope="0.00"/>
        <vehicle id="4" x="406.91" y="198.35" angle="102.81" type="DEFAULT_VEHTYPE" speed="12.82" pos="2.16" lane="2/1to3/1_0" slope="0.00"/>
        <vehicle id="41" x="398.35" y="462.53" angle="0.00" type="DEFAULT_VEHTYPE" speed="13.70" pos="132.72" lane="2/3to2/2_0" slope="0.00"/>
        <vehicle id="42" x="401.65" y="22.46" angle="180.00" type="DEFAULT_VEHTYPE" speed="12.94" pos="22.46" lane="2/0to2/1_0" slope="0.00"/>
        <vehicle id="43" x="401.65" y="611.42" angle="180.00" type="DEFAULT_VEHTYPE" speed="9.10" pos="6.67" lane="2/3to2/4_0" slope="0.00"/>
        <vehicle id="44" x="201.65" y="84.22" angle="180.00" type="DEFAULT_VEHTYPE" speed="13.61" pos="84.22" lane="1/0to1/1_0" slope="0.00"/>
        <vehicle id="46" x="139.14" y="398.35" angle="90.00" type="DEFAULT_VEHTYPE" speed="13.28" pos="139.14" lane="0/2to1/2_0" slope="0.00"/>
        <vehicle id="47" x="398.35" y="624.08" angle="0.00" type="DEFAULT_VEHTYPE" speed="12.69" pos="175.92" lane="2/4to2/3_0" slope="0.00"/>
        <vehicle id="49" x="398.35" y="411.94" angle="0.00" type="DEFAULT_VEHTYPE" speed="12.75" pos="183.31" lane="2/3to2/2_0" slope="0.00"/>
        <vehicle id="6" x="290.00" y="401.65" angle="-90.00" type="DEFAULT_VEHTYPE" speed="13.29" pos="105.25" lane="2/2to1/2_0" slope="0.00"/>
    </timestep>
    <timestep time="581.00">
        <vehicle id="1" x="398.35" y="737.72" angle="0.00" type="DEFAULT_VEHTYPE" speed="13.05" pos="62.28" lane="2/4to2/3_0" slope="0.00"/>
        <vehicle id="11" x="192.75" y="398.35" angle="90.00" type="DEFAULT_VEHTYPE" speed="0.00" pos="192.75" lane="0/2to1/2_0" slope="0.00"/>
        <vehicle id="13" x="703.50" y="598.35" angle="90.00" type="DEFAULT_VEHTYPE" speed="12.79" pos="98.75" lane="3/3to4/3_0" slope="0.00"/>
        <vehicle id="17" x="201.65" y="477.80" angle="180.00" type="DEFAULT_VEHTYPE" speed="12.89" pos="73.05" lane="1/2to1/3_0" slope="0.00"/>
        <vehicle id="2" x="198.35" y="289.17" angle="0.00" type="DEFAULT_VEHTYPE" speed="13.64" pos="106.08" lane="1/2to1/1_0" slope="0.00"/>
        <vehicle id="21" x="190.53" y="401.65" angle="-90.00" type="DEFAULT_VEHTYPE" speed="8.16" pos="4.72" lane="1/2to0/2_0" slope="0.00"/>
        <vehicle id="23" x="398.35" y="634.45" angle="0.00" type="DEFAULT_VEHTYPE" speed="13.58" pos="165.55" lane="2/4to2/3_0" slope="0.00"/>
        <vehicle id="25" x="384.96" y="198.35" angle="90.00" type="DEFAULT_VEHTYPE" speed="1.06" pos="180.21" lane="1/1to2/1_0" slope="0.00"/>
        <vehicle id="27" x="201.65" y="263.37" angle="180.00" type="DEFAULT_VEHTYPE" speed="12.92" pos="58.62" lane="1/1to1/2_0" slope="0.00"/>
        <vehicle id="29" x="597.11" y="401.38" angle="-126.25" type="DEFAULT_VEHTYPE" speed="8.67" pos="1.30" lane=":3/2_18_0" slope="0.00"/>
        <vehicle id="3" x="388.52" y="598.35" angle="90.00" type="DEFAULT_VEHTYPE" speed="4.65" pos="183.77" lane="1/3to2/3_0" slope="0.00"/>
        <vehicle id="32" x="392.74" y="198.35" angle="90.00" type="DEFAULT_VEHTYPE" speed="0.00" pos="187.99" lane="1/1to2/1_0" slope="0.00"/>
        <vehicle id="37" x="476.09" y="198.35" angle="90.00" type="DEFAULT_VEHTYPE" speed="13.79" pos="71.34" lane="2/1to3/1_0" slope="0.00"/>
        <vehicle id="38" x="401.65" y="701.76" angle="180.00" type="DEFAULT_VEHTYPE" speed="13.12" pos="97.01" lane="2/3to2/4_0" slope="0.00"/>
        <vehicle id="4" x="420.39" y="198.35" angle="90.00" type="DEFAULT_VEHTYPE" speed="13.48" pos="15.64" lane="2/1to3/1_0" slope="0.00"/>
        <vehicle id="41" x="398.35" y="449.84" angle="0.00" type="DEFAULT_VEHTYPE" speed="12.69" pos="145.41" lane="2/3to2/2_0" slope="0.00"/>
        <vehicle id="42" x="401.65" y="35.67" angle="180.00" type="DEFAULT_VEHTYPE" speed="13.20" pos="35.67" lane="2/0to2/1_0" slope="0.00"/>
        <vehicle id="43" x="401.65" y="622.55" angle="180.00" type="DEFAULT_VEHTYPE" speed="11.14" pos="17.80" lane="2/3to2/4_0" slope="0.00"/>
        <vehicle id="44" x="201.65" y="97.03" angle="180.00" type="DEFAULT_VEHTYPE" speed="12.80" pos="97.03" lane="1/0to1/1_0" slope="0.00"/>
        <vehicle id="46" x="151.89" y="398.35" angle="90.00" type="DEFAULT_VEHTYPE" speed="12.75" pos="151.89" lane="0/2to1/2_0" slope="0.00"/>
        <vehicle id="47" x="398.35" y="610.65" angle="0.00" type="DEFAULT_VEHTYPE" speed="13.43" pos="189.35" lane="2/4to2/3_0" slope="0.00"/>
        <vehicle id="49" x="398.35" y="398.76" angle="0.00" type="DEFAULT_VEHTYPE" speed="13.18" pos="5.99" lane=":2/2_1_0" slope="0.00"/>
        <vehicle id="6" x="276.16" y="401.65" angle="-90.00" type="DEFAULT_VEHTYPE" speed="13.84" pos="119.09" lane="2/2to1/2_0" slope="0.00"/>
    </timestep>
    <timestep time="582.00">
        <vehicle id="1" x="398.35" y="724.11" angle="0.00" type="DEFAULT_VEHTYPE" speed="13.61" pos="75.89" lane="2/4to2/3_0" slope="0.00"/>
        <vehicle id="11" x="194.45" y="398.35" angle="90.00" type="DEFAULT_VEHTYPE" speed="1.70" pos="194.45" lane="0/2to1/2_0" slope="0.00"/>
        <vehicle id="13" x="717.02" y="598.35" angle="90.00" type="DEFAULT_VEHTYPE" speed="13.53" pos="112.27" lane="3/3to4/3_0" slope="0.00"/>
        <vehicle id="17" x="201.65" y="490.56" angle="180.00" type="DEFAULT_VEHTYPE" speed="12.76" pos="85.81" lane="1/2to1/3_0" slope="0.00"/>
        <vehicle id="2" x="198.35" y="275.42" angle="0.00" type="DEFAULT_VEHTYPE" speed="13.76" pos="119.83" lane="1/2to1/1_0" slope="0.00"/>
        <vehicle id="21" x="180.02" y="401.65" angle="-90.00" type="DEFAULT_VEHTYPE" speed="10.50" pos="15.23" lane="1/2to0/2_0" slope="0.00"/>
        <vehicle id="23" x="398.35" y="620.68" angle="0.00" type="DEFAULT_VEHTYPE" speed="13.77" pos="179.32" lane="2/4to2/3_0" slope="0.00"/>
        <vehicle id="25" x="385.22" y="198.35" angle="90.00" type="DEFAULT_VEHTYPE" speed="0.25" pos="180.47" lane="1/1to2/1_0" slope="0.00"/>
        <vehicle id="27" x="201.65" y="276.27" angle="180.00" type="DEFAULT_VEHTYPE" speed="12.91" pos="71.52" lane="1/1to1/2_0" slope="0.00"/>
        <vehicle id="29" x="586.57" y="401.65" angle="-90.00" type="DEFAULT_VEHTYPE" speed="10.55" pos="8.68" lane="3/2to2/2_0" slope="0.00"/>
        <vehicle id="3" x="390.57" y="598.35" angle="90.00" type="DEFAULT_VEHTYPE" speed="2.04" pos="185.82" lane="1/3to2/3_0" slope="0.00"/>
        <vehicle id="32" x="395.32" y="198.35" angle="90.00" type="DEFAULT_VEHTYPE" speed="2.57" pos="0.07" lane=":2/1_13_0" slope="0.00"/>
        <vehicle id="37" x="489.63" y="198.35" angle="90.00" type="DEFAULT_VEHTYPE" speed="13.54" pos="84.88" lane="2/1to3/1_0" slope="0.00"/>
        <vehicle id="38" x="401.65" y="715.26" angle="180.00" type="DEFAULT_VEHTYPE" speed="13.50" pos="110.51" lane="2/3to2/4_0" slope="0.00"/>
        <vehicle id="4" x="433.64" y="198.35" angle="90.00" type="DEFAULT_VEHTYPE" speed="13.25" pos="28.89" lane="2/1to3/1_0" slope="0.00"/>
        <vehicle id="41" x="398.35" y="437.20" angle="0.00" type="DEFAULT_VEHTYPE" speed="12.64" pos="158.05" lane="2/3to2/2_0" slope="0.00"/>
        <vehicle id="42" x="401.65" y="49.37" angle="180.00" type="DEFAULT_VEHTYPE" speed="13.71" pos="49.37" lane="2/0to2/1_0" slope="0.00"/>
        <vehicle id="43" x="401.65" y="635.79" angle="180.00" type="DEFAULT_VEHTYPE" speed="13.24" pos="31.04" lane="2/3to2/4_0" slope="0.00"/>
        <vehicle id="44" x="201.65" y="110.06" angle="180.00" type="DEFAULT_VEHTYPE" speed="13.03" pos="110.06" lane="1/0to1/1_0" slope="0.00"/>
        <vehicle id="46" x="164.06" y="398.35" angle="90.00" type="DEFAULT_VEHTYPE" speed="12.17" pos="164.06" lane="0/2to1/2_0" slope="0.00"/>
        <vehicle id="47" x="398.35" y="597.43" angle="0.00" type="DEFAULT_VEHTYPE" speed="13.22" pos="7.32" lane=":2/3_1_0" slope="0.00"/>
        <vehicle id="49" x="398.35" y="385.89" angle="0.00" type="DEFAULT_VEHTYPE" speed="12.87" pos="9.36" lane="2/2to2/1_0" slope="0.00"/>
        <vehicle id="6" x="263.04" y="401.65" angle="-90.00" type="DEFAULT_VEHTYPE" speed="13.12" pos="132.21" lane="2/2to1/2_0" slope="0.00"/>
    </timestep>
    <timestep time="583.00">
        <vehicle id="1" x="398.35" y="711.35" angle="0.00" type="DEFAULT_VEHTYPE" speed="12.76" pos="88.65" lane="2/4to2/3_0" slope="0.00"/>
        <vehicle id="11" x="197.90" y="398.73" angle="94.36" type="DEFAULT_VEHTYPE" speed="3.48" pos="2.68" lane=":1/2_14_0" slope="0.00"/>
        <vehicle id="13" x="730.17" y="598.35" angle="90.00" type="DEFAULT_VEHTYPE" speed="13.14" pos="125.42" lane="3/3to4/3_0" slope="0.00"/>
        <vehicle id="17" x="201.65" y="503.60" angle="180.00" type="DEFAULT_VEHTYPE" speed="13.04" pos="98.85" lane="1/2to1/3_0" slope="0.00"/>
        <vehicle id="2" x="198.35" y="261.79" angle="0.00" type="DEFAULT_VEHTYPE" speed="13.62" pos="133.46" lane="1/2to1/1_0" slope="0.00"/>
        <vehicle id="21" x="167.89" y="401.65" angle="-90.00" type="DEFAULT_VEHTYPE" speed="12.13" pos="27.36" lane="1/2to0/2_0" slope="0.00"/>
        <vehicle id="23" x="398.35" y="607.99" angle="0.00" type="DEFAULT_VEHTYPE" speed="12.69" pos="192.01" lane="2/4to2/3_0" slope="0.00"/>
        <vehicle id="25" x="386.35" y="198.35" angle="90.00" type="DEFAULT_VEHTYPE" speed="1.13" pos="181.60" lane="1/1to2/1_0" slope="0.00"/>
        <vehicle id="27" x="201.65" y="288.96" angle="180.00" type="DEFAULT_VEHTYPE" speed="12.69" pos="84.21" lane="1/1to1/2_0" slope="0.00"/>
        <vehicle id="29" x="574.09" y="401.65" angle="-90.00" type="DEFAULT_VEHTYPE" speed="12.49" pos="21.16" lane="3/2to2/2_0" slope="0.00"/>
        <vehicle id="3" x="392.30" y="598.35" angle="90.00" type="DEFAULT_VEHTYPE" speed="1.73" pos="187.55" lane="1/3to2/3_0" slope="0.00"/>
        <vehicle id="32" x="400.25" y="198.35" angle="90.00" type="DEFAULT_VEHTYPE" speed="4.94" pos="5.00" lane=":2/1_13_0" slope="0.00"/>
        <vehicle id="37" x="502.71" y="198.35" angle="90.00" type="DEFAULT_VEHTYPE" speed="13.08" pos="97.96" lane="2/1to3/1_0" slope="0.00"/>
        <vehicle id="38" x="401.65" y="728.82" angle="180.00" type="DEFAULT_VEHTYPE" speed="13.56" pos="124.07" lane="2/3to2/4_0" slope="0.00"/>
        <vehicle id="4" x="446.76" y="198.35" angle="90.00" type="DEFAULT_VEHTYPE" speed="13.12" pos="42.01" lane="2/1to3/1_0" slope="0.00"/>
        <vehicle id="41" x="398.35" y="423.59" angle="0.00" type="DEFAULT_VEHTYPE" speed="13.61" pos="171.66" lane="2/3to2/2_0" slope="0.00"/>
        <vehicle id="42" x="401.65" y="62.49" angle="180.00" type="DEFAULT_VEHTYPE" speed="13.12" pos="62.49" lane="2/0to2/1_0" slope="0.00"/>
        <vehicle id="43" x="401.65" y="649.51" angle="180.00" type="DEFAULT_VEHTYPE" speed="13.72" pos="44.76" lane="2/3to2/4_0" slope="0.00"/>
        <vehicle id="44" x="201.65" y="122.85" angle="180.00" type="DEFAULT_VEHTYPE" speed="12.80" pos="122.85" lane="1/0to1/1_0" slope="0.00"/>
        <vehicle id="46" x="174.36" y="398.35" angle="90.00" type="DEFAULT_VEHTYPE" speed="10.29" pos="174.36" lane="0/2to1/2_0" slope="0.00"/>
        <vehicle id="47" x="398.35" y="584.11" angle="0.00" type="DEFAULT_VEHTYPE" speed="13.32" pos="11.14" lane="2/3to2/2_0" slope="0.00"/>
        <vehicle id="49" x="398.35" y="372.27" angle="0.00" type="DEFAULT_VEHTYPE" speed="13.62" pos="22.98" lane="2/2to2/1_0" slope="0.00"/>
        <vehicle id="6" x="250.32" y="401.65" angle="-90.00" type="DEFAULT_VEHTYPE" speed="12.71" pos="144.93" lane="2/2to1/2_0" slope="0.00"/>
    </timestep>
    <timestep time="584.00">
        <vehicle id="1" x="398.35" y="698.32" angle="0.00" type="DEFAULT_VEHTYPE" speed="13.02" pos="101.68" lane="2/4to2/3_0" slope="0.00"/>
        <vehicle id="11" x="201.31" y="402.40" angle="138.57" type="DEFAULT_VEHTYPE" speed="5.26" pos="7.94" lane=":1/2_14_0" slope="0.00"/>
        <vehicle id="13" x="742.94" y="598.35" angle="90.00" type="DEFAULT_VEHTYPE" speed="12.77" pos="138.19" lane="3/3to4/3_0" slope="0.00"/>
        <vehicle id="17" x="201.65" y="516.27" angle="180.00" type="DEFAULT_VEHTYPE" speed="12.67" pos="111.52" lane="1/2to1/3_0" slope="0.00"/>
        <vehicle id="2" x="198.35" y="248.86" angle="0.00" type="DEFAULT_VEHTYPE" speed="12.93" pos="146.39" lane="1/2to1/1_0" slope="0.00"/>
        <vehicle id="21" x="154.59" y="401.65" angle="-90.00" type="DEFAULT_VEHTYPE" speed="13.31" pos="40.66" lane="1/2to0/2_0" slope="0.00"/>
        <vehicle id="23" x="398.35" y="594.72" angle="0.00" type="DEFAULT_VEHTYPE" speed="13.27" pos="0.53" lane="2/3to2/2_0" slope="0.00"/>
        <vehicle id="25" x="389.38" y="198.35" angle="90.00" type="DEFAULT_VEHTYPE" speed="3.03" pos="184.63" lane="1/1to2/1_0" slope="0.00"/>
        <vehicle id="27" x="201.65" y="301.61" angle="180.00" type="DEFAULT_VEHTYPE" speed="12.65" pos="96.86" lane="1/1to1/2_0" slope="0.00"/>
        <vehicle id="29" x="560.56" y="401.65" angle="-90.00" type="DEFAULT_VEHTYPE" speed="13.52" pos="34.69" lane="3/2to2/2_0" slope="0.00"/>
        <vehicle id="3" x="392.54" y="598.35" angle="90.00" type="DEFAULT_VEHTYPE" speed="0.24" pos="187.79" lane="1/3to2/3_0" slope="0.00"/>
        <vehicle id="32" x="407.20" y="198.35" angle="90.00" type="DEFAULT_VEHTYPE" speed="6.94" pos="2.45" lane="2/1to3/1_0" slope="0.00"/>
        <vehicle id="37" x="515.99" y="198.35" angle="90.00" type="DEFAULT_VEHTYPE" speed="13.29" pos="111.24" lane="2/1to3/1_0" slope="0.00"/>
        <vehicle id="38" x="401.65" y="742.28" angle="180.00" type="DEFAULT_VEHTYPE" speed="13.46" pos="137.53" lane="2/3to2/4_0" slope="0.00"/>
        <vehicle id="4" x="459.45" y="198.35" angle="90.00" type="DEFAULT_VEHTYPE" speed="12.69" pos="54.70" lane="2/1to3/1_0" slope="0.00"/>
        <vehicle id="41" x="398.35" y="410.15" angle="0.00" type="DEFAULT_VEHTYPE" speed="13.44" pos="185.10" lane="2/3to2/2_0" slope="0.00"/>
        <vehicle id="42" x="401.65" y="76.23" angle="180.00" type="DEFAULT_VEHTYPE" speed="13.73" pos="76.23" lane="2/0to2/1_0" slope="0.00"/>
        <vehicle id="43" x="401.65" y="663.28" angle="180.00" type="DEFAULT_VEHTYPE" speed="13.78" pos="58.53" lane="2/3to2/4_0" slope="0.00"/>
        <vehicle id="44" x="201.65" y="135.88" angle="180.00" type="DEFAULT_VEHTYPE" speed="13.02" pos="135.88" lane="1/0to1/1_0" slope="0.00"/>
        <vehicle id="46" x="182.13" y="398.35" angle="90.00" type="DEFAULT_VEHTYPE" speed="7.78" pos="182.13" lane="0/2to1/2_0" slope="0.00"/>
        <vehicle id="47" x="398.35" y="571.49" angle="0.00" type="DEFAULT_VEHTYPE" speed="12.62" pos="23.76" lane="2/3to2/2_0" slope="0.00"/>
        <vehicle id="49" x="398.35" y="359.35" angle="0.00" type="DEFAULT_VEHTYPE" speed="12.92" pos="35.90" lane="2/2to2/1_0" slope="0.00"/>
        <vehicle id="6" x="236.79" y="401.65" angle="-90.00" type="DEFAULT_VEHTYPE" speed="13.53" pos="158.46" lane="2/2to1/2_0" slope="0.00"/>
    </timestep>
    <timestep time="585.00">
        <vehicle id="1" x="398.35" y="685.45" angle="0.00" type="DEFAULT_VEHTYPE" speed="12.87" pos="114.55" lane="2/4to2/3_0" slope="0.00"/>
        <vehicle id="11" x="201.65" y="408.95" angle="178.69" type="DEFAULT_VEHTYPE" speed="6.57" pos="4.20" lane="1/2to1/3_0" slope="0.00"/>
        <vehicle id="13" x="756.56" y="598.35" angle="90.00" type="DEFAULT_VEHTYPE" speed="13.62" pos="151.81" lane="3/3to4/3_0" slope="0.00"/>
        <vehicle id="17" x="201.65" y="529.90" angle="180.00" type="DEFAULT_VEHTYPE" speed="13.63" pos="125.15" lane="1/2to1/3_0" slope="0.00"/>
        <vehicle id="2" x="198.35" y="236.15" angle="0.00" type="DEFAULT_VEHTYPE" speed="12.71" pos="159.10" lane="1/2to1/1_0" slope="0.00"/>
        <vehicle id="21" x="141.52" y="401.65" angle="-90.00" type="DEFAULT_VEHTYPE" speed="13.06" pos="53.73" lane="1/2to0/2_0" slope="0.00"/>
        <vehicle id="23" x="398.35" y="582.00" angle="0.00" type="DEFAULT_VEHTYPE" speed="12.72" pos="13.25" lane="2/3to2/2_0" slope="0.00"/>
        <vehicle id="25" x="394.24" y="198.35" angle="90.00" type="DEFAULT_VEHTYPE" speed="4.86" pos="189.49" lane="1/1to2/1_0" slope="0.00"/>
        <vehicle id="27" x="201.65" y="314.67" angle="180.00" type="DEFAULT_VEHTYPE" speed="13.05" pos="109.92" lane="1/1to1/2_0" slope="0.00"/>
        <vehicle id="29" x="547.55" y="401.65" angle="-90.00" type="DEFAULT_VEHTYPE" speed="13.01" pos="47.70" lane="3/2to2/2_0" slope="0.00"/>
        <vehicle id="3" x="394.81" y="598.35" angle="90.00" type="DEFAULT_VEHTYPE" speed="2.28" pos="190.06" lane="1/3to2/3_0" slope="0.00"/>
        <vehicle id="32" x="415.95" y="198.35" angle="90.00" type="DEFAULT_VEHTYPE" speed="8.75" pos="11.20" lane="2/1to3/1_0" slope="0.00"/>
        <vehicle id="37" x="529.31" y="198.35" angle="90.00" type="DEFAULT_VEHTYPE" speed="13.31" pos="124.56" lane="2/1to3/1_0" slope="0.00"/>
        <vehicle id="38" x="401.65" y="755.05" angle="180.00" type="DEFAULT_VEHTYPE" speed="12.77" pos="150.30" lane="2/3to2/4_0" slope="0.00"/>
        <vehicle id="4" x="473.09" y="198.35" angle="90.00" type="DEFAULT_VEHTYPE" speed="13.64" pos="68.34" lane="2/1to3/1_0" slope="0.00"/>
        <vehicle id="41" x="398.35" y="396.73" angle="0.00" type="DEFAULT_VEHTYPE" speed="13.41" pos="8.02" lane=":2/2_1_0" slope="0.00"/>
        <vehicle id="42" x="401.65" y="90.07" angle="180.00" type="DEFAULT_VEHTYPE" speed="13.85" pos="90.07" lane="2/0to2/1_0" slope="0.00"/>
        <vehicle id="43" x="401.65" y="676.21" angle="180.00" type="DEFAULT_VEHTYPE" speed="12.93" pos="71.46" lane="2/3to2/4_0" slope="0.00"/>
        <vehicle id="44" x="201.65" y="149.63" angle="180.00" type="DEFAULT_VEHTYPE" speed="13.75" pos="149.63" lane="1/0to1/1_0" slope="0.00"/>
        <vehicle id="46" x="187.46" y="398.35" angle="90.00" type="DEFAULT_VEHTYPE" speed="5.33" pos="187.46" lane="0/2to1/2_0" slope="0.00"/>
        <vehicle id="47" x="398.35" y="557.68" angle="0.00" type="DEFAULT_VEHTYPE" speed="13.81" pos="37.57" lane="2/3to2/2_0" slope="0.00"/>
        <vehicle id="49" x="398.35" y="345.94" angle="0.00" type="DEFAULT_VEHTYPE" speed="13.41" pos="49.31" lane="2/2to2/1_0" slope="0.00"/>
        <vehicle id="6" x="224.44" y="401.65" angle="-90.00" type="DEFAULT_VEHTYPE" speed="12.36" pos="170.81" lane="2/2to1/2_0" slope="0.00"/>
    </timestep>
    <timestep time="586.00">
        <vehicle id="1" x="398.35" y="672.30" angle="0.00" type="DEFAULT_VEHTYPE" speed="13.15" pos="127.70" lane="2/4to2/3_0" slope="0.00"/>
        <vehicle id="11" x="201.65" y="417.15" angle="180.00" type="DEFAULT_VEHTYPE" speed="8.20" pos="12.40" lane="1/2to1/3_0" slope="0.00"/>
        <vehicle id="13" x="769.22" y="598.35" angle="90.00" type="DEFAULT_VEHTYPE" speed="12.66" pos="164.47" lane="3/3to4/3_0" slope="0.00"/>
        <vehicle id="17" x="201.65" y="542.88" angle="180.00" type="DEFAULT_VEHTYPE" speed="12.98" pos="138.13" lane="1/2to1/3_0" slope="0.00"/>
        <vehicle id="2" x="198.35" y="223.18" angle="0.00" type="DEFAULT_VEHTYPE" speed="12.97" pos="172.07" lane="1/2to1/1_0" slope="0.00"/>
        <vehicle id="21" x="128.64" y="401.65" angle="-90.00" type="DEFAULT_VEHTYPE" speed="12.88" pos="66.61" lane="1/2to0/2_0" slope="0.00"/>
        <vehicle id="23" x="398.35" y="568.39" angle="0.00" type="DEFAULT_VEHTYPE" speed="13.62" pos="26.86" lane="2/3to2/2_0" slope="0.00"/>
        <vehicle id="25" x="400.46" y="198.35" angle="90.00" type="DEFAULT_VEHTYPE" speed="6.22" pos="5.21" lane=":2/1_13_0" slope="0.00"/>
        <vehicle id="27" x="201.65" y="328.37" angle="180.00" type="DEFAULT_VEHTYPE" speed="13.70" pos="123.62" lane="1/1to1/2_0" slope="0.00"/>
        <vehicle id="29" x="533.81" y="401.65" angle="-90.00" type="DEFAULT_VEHTYPE" speed="13.75" pos="61.44" lane="3/2to2/2_0" slope="0.00"/>
        <vehicle id="3" x="399.02" y="599.33" angle="101.57" type="DEFAULT_VEHTYPE" speed="4.40" pos="3.96" lane=":2/3_14_0" slope="0.00"/>
        <vehicle id="32" x="426.51" y="198.35" angle="90.00" type="DEFAULT_VEHTYPE" speed="10.57" pos="21.76" lane="2/1to3/1_0" slope="0.00"/>
        <vehicle id="37" x="542.83" y="198.35" angle="90.00" type="DEFAULT_VEHTYPE" speed="13.52" pos="138.08" lane="2/1to3/1_0" slope="0.00"/>
        <vehicle id="38" x="401.65" y="768.10" angle="180.00" type="DEFAULT_VEHTYPE" speed="13.06" pos="163.35" lane="2/3to2/4_0" slope="0.00"/>
        <vehicle id="4" x="486.79" y="198.35" angle="90.00" type="DEFAULT_VEHTYPE" speed="13.70" pos="82.04" lane="2/1to3/1_0" slope="0.00"/>
        <vehicle id="41" x="398.35" y="383.65" angle="0.00" type="DEFAULT_VEHTYPE" speed="13.08" pos="11.60" lane="2/2to2/1_0" slope="0.00"/>
        <vehicle id="42" x="401.65" y="103.80" angle="180.00" type="DEFAULT_VEHTYPE" speed="13.73" pos="103.80" lane="2/0to2/1_0" slope="0.00"/>
        <vehicle id="43" x="401.65" y="689.03" angle="180.00" type="DEFAULT_VEHTYPE" speed="12.82" pos="84.28" lane="2/3to2/4_0" slope="0.00"/>
        <vehicle id="44" x="201.65" y="162.51" angle="180.00" type="DEFAULT_VEHTYPE" speed="12.88" pos="162.51" lane="1/0to1/1_0" slope="0.00"/>
        <vehicle id="46" x="190.51" y="398.35" angle="90.00" type="DEFAULT_VEHTYPE" speed="3.05" pos="190.51" lane="0/2to1/2_0" slope="0.00"/>
        <vehicle id="47" x="398.35" y="544.99" angle="0.00" type="DEFAULT_VEHTYPE" speed="12.69" pos="50.26" lane="2/3to2/2_0" slope="0.00"/>
        <vehicle id="49" x="398.35" y="333.02" angle="0.00" type="DEFAULT_VEHTYPE" speed="12.92" pos="62.23" lane="2/2to2/1_0" slope="0.00"/>
        <vehicle id="6" x="216.29" y="401.65" angle="-90.00" type="DEFAULT_VEHTYPE" speed="8.14" pos="178.96" lane="2/2to1/2_0" slope="0.00"/>
    </timestep>
    <timestep time="587.00">
        <vehicle id="1" x="398.35" y="659.25" angle="0.00" type="DEFAULT_VEHTYPE" speed="13.05" pos="140.75" lane="2/4to2/3_0" slope="0.00"/>
        <vehicle id="11" x="201.65" y="426.74" angle="180.00" type="DEFAULT_VEHTYPE" speed="9.59" pos="21.99" lane="1/2to1/3_0" slope="0.00"/>
        <vehicle id="13" x="781.98" y="598.35" angle="90.00" type="DEFAULT_VEHTYPE" speed="12.76" pos="177.23" lane="3/3to4/3_0" slope="0.00"/>
        <vehicle id="17" x="201.65" y="555.67" angle="180.00" type="DEFAULT_VEHTYPE" speed="12.79" pos="150.92" lane="1/2to1/3_0" slope="0.00"/>
        <vehicle id="2" x="198.35" y="210.38" angle="0.00" type="DEFAULT_VEHTYPE" speed="12.80" pos="184.87" lane="1/2to1/1_0" slope="0.00"/>
        <vehicle id="21" x="115.78" y="401.65" angle="-90.00" type="DEFAULT_VEHTYPE" speed="12.85" pos="79.47" lane="1/2to0/2_0" slope="0.00"/>
        <vehicle id="23" x="398.35" y="555.28" angle="0.00" type="DEFAULT_VEHTYPE" speed="13.11" pos="39.97" lane="2/3to2/2_0" slope="0.00"/>
        <vehicle id="25" x="408.87" y="198.35" angle="90.00" type="DEFAULT_VEHTYPE" speed="8.41" pos="4.12" lane="2/1to3/1_0" slope="0.00"/>
        <vehicle id="27" x="201.65" y="341.28" angle="180.00" type="DEFAULT_VEHTYPE" speed="12.91" pos="136.53" lane="1/1to1/2_0" slope="0.00"/>
        <vehicle id="29" x="520.08" y="401.65" angle="-90.00" type="DEFAULT_VEHTYPE" speed="13.73" pos="75.17" lane="3/2to2/2_0" slope="0.00"/>
        <vehicle id="3" x="401.65" y="605.24" angle="165.03" type="DEFAULT_VEHTYPE" speed="6.85" pos="0.49" lane="2/3to2/4_0" slope="0.00"/>
        <vehicle id="32" x="438.70" y="198.35" angle="90.00" type="DEFAULT_VEHTYPE" speed="12.19" pos="33.95" lane="2/1to3/1_0" slope="0.00"/>
        <vehicle id="37" x="555.52" y="198.35" angle="90.00" type="DEFAULT_VEHTYPE" speed="12.70" pos="150.77" lane="2/1to3/1_0" slope="0.00"/>
        <vehicle id="38" x="401.65" y="780.97" angle="180.00" type="DEFAULT_VEHTYPE" speed="12.87" pos="176.22" lane="2/3to2/4_0" slope="0.00"/>
        <vehicle id="4" x="500.60" y="198.35" angle="90.00" type="DEFAULT_VEHTYPE" speed="13.81" pos="95.85" lane="2/1to3/1_0" slope="0.00"/>
        <vehicle id="41" x="398.35" y="370.66" angle="0.00" type="DEFAULT_VEHTYPE" speed="12.99" pos="24.59" lane="2/2to2/1_0" slope="0.00"/>
        <vehicle id="42" x="401.65" y="117.09" angle="180.00" type="DEFAULT_VEHTYPE" speed="13.29" pos="117.09" lane="2/0to2/1_0" slope="0.00"/>
        <vehicle id="43" x="401.65" y="702.13" angle="180.00" type="DEFAULT_VEHTYPE" speed="13.10" pos="97.38" lane="2/3to2/4_0" slope="0.00"/>
        <vehicle id="44" x="201.65" y="175.23" angle="180.00" type="DEFAULT_VEHTYPE" speed="12.72" pos="175.23" lane="1/0to1/1_0" slope="0.00"/>
        <vehicle id="46" x="191.96" y="398.35" angle="90.00" type="DEFAULT_VEHTYPE" speed="1.45" pos="191.96" lane="0/2to1/2_0" slope="0.00"/>
        <vehicle id="47" x="398.35" y="532.13" angle="0.00" type="DEFAULT_VEHTYPE" speed="12.86" pos="63.12" lane="2/3to2/2_0" slope="0.00"/>
        <vehicle id="49" x="398.35" y="319.18" angle="0.00" type="DEFAULT_VEHTYPE" speed="13.84" pos="76.07" lane="2/2to2/1_0" slope="0.00"/>
        <vehicle id="6" x="211.37" y="401.65" angle="-90.00" type="DEFAULT_VEHTYPE" speed="4.92" pos="183.88" lane="2/2to1/2_0" slope="0.00"/>
    </timestep>
    <timestep time="588.00">
        <vehicle id="1" x="398.35" y="645.85" angle="0.00" type="DEFAULT_VEHTYPE" speed="13.41" pos="154.15" lane="2/4to2/3_0" slope="0.00"/>
        <vehicle id="11" x="201.65" y="437.67" angle="180.00" type="DEFAULT_VEHTYPE" speed="10.94" pos="32.92" lane="1/2to1/3_0" slope="0.00"/>
        <vehicle id="13" x="794.63" y="598.35" angle="90.00" type="DEFAULT_VEHTYPE" speed="12.64" pos="189.88" lane="3/3to4/3_0" slope="0.00"/>
        <vehicle id="17" x="201.65" y="568.42" angle="180.00" type="DEFAULT_VEHTYPE" speed="12.75" pos="163.67" lane="1/2to1/3_0" slope="0.00"/>
        <vehicle id="2" x="192.85" y="201.65" angle="-79.77" type="DEFAULT_VEHTYPE" speed="13.03" pos="2.40" lane="1/1to0/1_0" slope="0.00"/>
        <vehicle id="21" x="102.77" y="401.65" angle="-90.00" type="DEFAULT_VEHTYPE" speed="13.01" pos="92.48" lane="1/2to0/2_0" slope="0.00"/>
        <vehicle id="23" x="398.35" y="542.20" angle="0.00" type="DEFAULT_VEHTYPE" speed="13.08" pos="53.05" lane="2/3to2/2_0" slope="0.00"/>
        <vehicle id="25" x="419.41" y="198.35" angle="90.00" type="DEFAULT_VEHTYPE" speed="10.54" pos="14.66" lane="2/1to3/1_0" slope="0.00"/>
        <vehicle id="27" x="201.65" y="355.04" angle="180.00" type="DEFAULT_VEHTYPE" speed="13.76" pos="150.29" lane="1/1to1/2_0" slope="0.00"/>
        <vehicle id="29" x="507.37" y="401.65" angle="-90.00" type="DEFAULT_VEHTYPE" speed="12.71" pos="87.88" lane="3/2to2/2_0" slope="0.00"/>
        <vehicle id="3" x="401.65" y="613.69" angle="180.00" type="DEFAULT_VEHTYPE" speed="8.45" pos="8.94" lane="2/3to2/4_0" slope="0.00"/>
        <vehicle id="32" x="452.15" y="198.35" angle="90.00" type="DEFAULT_VEHTYPE" speed="13.45" pos="47.40" lane="2/1to3/1_0" slope="0.00"/>
        <vehicle id="37" x="569.38" y="198.35" angle="90.00" type="DEFAULT_VEHTYPE" speed="13.85" pos="164.63" lane="2/1to3/1_0" slope="0.00"/>
        <vehicle id="38" x="401.65" y="793.97" angle="180.00" type="DEFAULT_VEHTYPE" speed="13.00" pos="189.22" lane="2/3to2/4_0" slope="0.00"/>
        <vehicle id="4" x="514.34" y="198.35" angle="90.00" type="DEFAULT_VEHTYPE" speed="13.74" pos="109.59" lane="2/1to3/1_0" slope="0.00"/>
        <vehicle id="41" x="398.35" y="357.26" angle="0.00" type="DEFAULT_VEHTYPE" speed="13.40" pos="37.99" lane="2/2to2/1_0" slope="0.00"/>
        <vehicle id="42" x="401.65" y="130.96" angle="180.00" type="DEFAULT_VEHTYPE" speed="13.87" pos="130.96" lane="2/0to2/1_0" slope="0.00"/>
        <vehicle id="43" x="401.65" y="715.44" angle="180.00" type="DEFAULT_VEHTYPE" speed="13.30" pos="110.69" lane="2/3to2/4_0" slope="0.00"/>
        <vehicle id="44" x="201.65" y="188.88" angle="180.00" type="DEFAULT_VEHTYPE" speed="13.65" pos="188.88" lane="1/0to1/1_0" slope="0.00"/>
        <vehicle id="46" x="192.57" y="398.35" angle="90.00" type="DEFAULT_VEHTYPE" speed="0.61" pos="192.57" lane="0/2to1/2_0" slope="0.00"/>
        <vehicle id="47" x="398.35" y="518.77" angle="0.00" type="DEFAULT_VEHTYPE" speed="13.36" pos="76.48" lane="2/3to2/2_0" slope="0.00"/>
        <vehicle id="49" x="398.35" y="305.55" angle="0.00" type="DEFAULT_VEHTYPE" speed="13.63" pos="89.70" lane="2/2to2/1_0" slope="0.00"/>
        <vehicle id="6" x="204.31" y="401.65" angle="-90.00" type="DEFAULT_VEHTYPE" speed="7.07" pos="0.44" lane=":1/2_5_0" slope="0.00"/>
    </timestep>
    <timestep time="589.00">
        <vehicle id="1" x="398.35" y="632.31" angle="0.00" type="DEFAULT_VEHTYPE" speed="13.54" pos="167.69" lane="2/4to2/3_0" slope="0.00"/>
        <vehicle id="11" x="201.65" y="450.12" angle="180.00" type="DEFAULT_VEHTYPE" speed="12.45" pos="45.37" lane="1/2to1/3_0" slope="0.00"/>
        <vehicle id="13" x="796.85" y="601.65" angle="-104.13" type="DEFAULT_VEHTYPE" speed="13.34" pos="3.15" lane="4/3to3/3_0" slope="0.00"/>
        <vehicle id="17" x="201.65" y="581.70" angle="180.00" type="DEFAULT_VEHTYPE" speed="13.28" pos="176.95" lane="1/2to1/3_0" slope="0.00"/>
        <vehicle id="2" x="179.15" y="201.65" angle="-90.00" type="DEFAULT_VEHTYPE" speed="13.70" pos="16.10" lane="1/1to0/1_0" slope="0.00"/>
        <vehicle id="21" x="89.66" y="401.65" angle="-90.00" type="DEFAULT_VEHTYPE" speed="13.12" pos="105.59" lane="1/2to0/2_0" slope="0.00"/>
        <vehicle id="23" x="398.35" y="529.03" angle="0.00" type="DEFAULT_VEHTYPE" speed="13.17" pos="66.22" lane="2/3to2/2_0" slope="0.00"/>
        <vehicle id="25" x="431.85" y="198.35" angle="90.00" type="DEFAULT_VEHTYPE" speed="12.45" pos="27.10" lane="2/1to3/1_0" slope="0.00"/>
        <vehicle id="27" x="201.65" y="368.00" angle="180.00" type="DEFAULT_VEHTYPE" speed="12.97" pos="163.25" lane="1/1to1/2_0" slope="0.00"/>
        <vehicle id="29" x="493.80" y="401.65" angle="-90.00" type="DEFAULT_VEHTYPE" speed="13.57" pos="101.45" lane="3/2to2/2_0" slope="0.00"/>
        <vehicle id="3" x="401.65" y="624.56" angle="180.00" type="DEFAULT_VEHTYPE" speed="10.87" pos="19.81" lane="2/3to2/4_0" slope="0.00"/>
        <vehicle id="32" x="465.99" y="198.35" angle="90.00" type="DEFAULT_VEHTYPE" speed="13.84" pos="61.24" lane="2/1to3/1_0" slope="0.00"/>
        <vehicle id="37" x="580.03" y="198.35" angle="90.00" type="DEFAULT_VEHTYPE" speed="10.65" pos="175.28" lane="2/1to3/1_0" slope="0.00"/>
        <vehicle id="38" x="398.35" y="797.66" angle="-25.75" type="DEFAULT_VEHTYPE" speed="13.19" pos="2.34" lane="2/4to2/3_0" slope="0.00"/>
        <vehicle id="4" x="527.64" y="198.35" angle="90.00" type="DEFAULT_VEHTYPE" speed="13.30" pos="122.89" lane="2/1to3/1_0" slope="0.00"/>
        <vehicle id="41" x="398.35" y="344.19" angle="0.00" type="DEFAULT_VEHTYPE" speed="13.07" pos="51.06" lane="2/2to2/1_0" slope="0.00"/>
        <vehicle id="42" x="401.65" y="144.42" angle="180.00" type="DEFAULT_VEHTYPE" speed="13.46" pos="144.42" lane="2/0to2/1_0" slope="0.00"/>
        <vehicle id="43" x="401.65" y="729.21" angle="180.00" type="DEFAULT_VEHTYPE" speed="13.77" pos="124.46" lane="2/3to2/4_0" slope="0.00"/>
        <vehicle id="44" x="206.17" y="198.35" angle="111.59" type="DEFAULT_VEHTYPE" speed="12.79" pos="1.42" lane="1/1to2/1_0" slope="0.00"/>
        <vehicle id="46" x="192.72" y="398.35" angle="90.00" type="DEFAULT_VEHTYPE" speed="0.14" pos="192.72" lane="0/2to1/2_0" slope="0.00"/>
        <vehicle id="47" x="398.35" y="505.44" angle="0.00" type="DEFAULT_VEHTYPE" speed="13.34" pos="89.81" lane="2/3to2/2_0" slope="0.00"/>
        <vehicle id="49" x="398.35" y="291.65" angle="0.00" type="DEFAULT_VEHTYPE" speed="13.90" pos="103.60" lane="2/2to2/1_0" slope="0.00"/>
        <vehicle id="6" x="194.95" y="401.65" angle="-90.00" type="DEFAULT_VEHTYPE" speed="9.36" pos="0.30" lane="1/2to0/2_0" slope="0.00"/>
    </timestep>
    <timestep time="590.00">
        <vehicle id="1" x="398.35" y="618.85" angle="0.00" type="DEFAULT_VEHTYPE" speed="13.45" pos="181.15" lane="2/4to2/3_0" slope="0.00"/>
        <vehicle id="11" x="201.65" y="463.56" angle="180.00" type="DEFAULT_VEHTYPE" speed="13.44" pos="58.81" lane="1/2to1/3_0" slope="0.00"/>
        <vehicle id="13" x="783.37" y="601.65" angle="-90.00" type="DEFAULT_VEHTYPE" speed="13.48" pos="16.63" lane="4/3to3/3_0" slope="0.00"/>
        <vehicle id="17" x="201.66" y="595.32" angle="179.89" type="DEFAULT_VEHTYPE" speed="13.62" pos="0.07" lane=":1/3_8_0" slope="0.00"/>
        <vehicle id="2" x="166.10" y="201.65" angle="-90.00" type="DEFAULT_VEHTYPE" speed="13.05" pos="29.15" lane="1/1to0/1_0" slope="0.00"/>
        <vehicle id="21" x="76.60" y="401.65" angle="-90.00" type="DEFAULT_VEHTYPE" speed="13.05" pos="118.65" lane="1/2to0/2_0" slope="0.00"/>
        <vehicle id="23" x="398.35" y="515.22" angle="0.00" type="DEFAULT_VEHTYPE" speed="13.81" pos="80.03" lane="2/3to2/2_0" slope="0.00"/>
        <vehicle id="25" x="445.42" y="198.35" angle="90.00" type="DEFAULT_VEHTYPE" speed="13.57" pos="40.67" lane="2/1to3/1_0" slope="0.00"/>
        <vehicle id="27" x="201.65" y="380.76" angle="180.00" type="DEFAULT_VEHTYPE" speed="12.76" pos="176.01" lane="1/1to1/2_0" slope="0.00"/>
        <vehicle id="29" x="480.02" y="401.65" angle="-90.00" type="DEFAULT_VEHTYPE" speed="13.78" pos="115.23" lane="3/2to2/2_0" slope="0.00"/>
        <vehicle id="3" x="401.65" y="637.93" angle="180.00" type="DEFAULT_VEHTYPE" speed="13.38" pos="33.18" lane="2/3to2/4_0" slope="0.00"/>
        <vehicle id="32" x="479.22" y="198.35" angle="90.00" type="DEFAULT_VEHTYPE" speed="13.23" pos="74.47" lane="2/1to3/1_0" slope="0.00"/>
        <vehicle id="37" x="586.18" y="198.35" angle="90.00" type="DEFAULT_VEHTYPE" speed="6.15" pos="181.43" lane="2/1to3/1_0" slope="0.00"/>
        <vehicle id="38" x="398.35" y="784.29" angle="0.00" type="DEFAULT_VEHTYPE" speed="13.36" pos="15.71" lane="2/4to2/3_0" slope="0.00"/>
        <vehicle id="4" x="540.66" y="198.35" angle="90.00" type="DEFAULT_VEHTYPE" speed="13.02" pos="135.91" lane="2/1to3/1_0" slope="0.00"/>
        <vehicle id="41" x="398.35" y="330.77" angle="0.00" type="DEFAULT_VEHTYPE" speed="13.42" pos="64.48" lane="2/2to2/1_0" slope="0.00"/>
        <vehicle id="42" x="401.65" y="158.26" angle="180.00" type="DEFAULT_VEHTYPE" speed="13.84" pos="158.26" lane="2/0to2/1_0" slope="0.00"/>
        <vehicle id="43" x="401.65" y="742.60" angle="180.00" type="DEFAULT_VEHTYPE" speed="13.39" pos="137.85" lane="2/3to2/4_0" slope="0.00"/>
        <vehicle id="44" x="218.77" y="198.35" angle="90.00" type="DEFAULT_VEHTYPE" speed="12.60" pos="14.02" lane="1/1to2/1_0" slope="0.00"/>
        <vehicle id="46" x="192.73" y="398.35" angle="90.00" type="DEFAULT_VEHTYPE" speed="0.02" pos="192.73" lane="0/2to1/2_0" slope="0.00"/>
        <vehicle id="47" x="398.35" y="492.25" angle="0.00" type="DEFAULT_VEHTYPE" speed="13.19" pos="103.00" lane="2/3to2/2_0" slope="0.00"/>
        <vehicle id="49" x="398.35" y="277.85" angle="0.00" type="DEFAULT_VEHTYPE" speed="13.81" pos="117.40" lane="2/2to2/1_0" slope="0.00"/>
        <vehicle id="6" x="183.49" y="401.65" angle="-90.00" type="DEFAULT_VEHTYPE" speed="11.46" pos="11.76" lane="1/2to0/2_0" slope="0.00"/>
    </timestep>
    <timestep time="591.00">
        <vehicle id="1" x="398.35" y="605.21" angle="0.00" type="DEFAULT_VEHTYPE" speed="13.64" pos="194.79" lane="2/4to2/3_0" slope="0.00"/>
        <vehicle id="11" x="201.65" y="476.36" angle="180.00" type="DEFAULT_VEHTYPE" speed="12.80" pos="71.61" lane="1/2to1/3_0" slope="0.00"/>
        <vehicle id="13" x="769.63" y="601.65" angle="-90.00" type="DEFAULT_VEHTYPE" speed="13.74" pos="30.37" lane="4/3to3/3_0" slope="0.00"/>
        <vehicle id="17" x="213.35" y="598.35" angle="90.00" type="DEFAULT_VEHTYPE" speed="13.53" pos="8.60" lane="1/3to2/3_0" slope="0.00"/>
        <vehicle id="2" x="153.13" y="201.65" angle="-90.00" type="DEFAULT_VEHTYPE" speed="12.97" pos="42.12" lane="1/1to0/1_0" slope="0.00"/>
        <vehicle id="21" x="63.71" y="401.65" angle="-90.00" type="DEFAULT_VEHTYPE" speed="12.90" pos="131.54" lane="1/2to0/2_0" slope="0.00"/>
        <vehicle id="23" x="398.35" y="502.15" angle="0.00" type="DEFAULT_VEHTYPE" speed="13.07" pos="93.10" lane="2/3to2/2_0" slope="0.00"/>
        <vehicle id="25" x="458.92" y="198.35" angle="90.00" type="DEFAULT_VEHTYPE" speed="13.50" pos="54.17" lane="2/1to3/1_0" slope="0.00"/>
        <vehicle id="27" x="201.65" y="393.74" angle="180.00" type="DEFAULT_VEHTYPE" speed="12.98" pos="188.99" lane="1/1to1/2_0" slope="0.00"/>
        <vehicle id="29" x="466.96" y="401.65" angle="-90.00" type="DEFAULT_VEHTYPE" speed="13.06" pos="128.29" lane="3/2to2/2_0" slope="0.00"/>
        <vehicle id="3" x="401.65" y="651.30" angle="180.00" type="DEFAULT_VEHTYPE" speed="13.36" pos="46.55" lane="2/3to2/4_0" slope="0.00"/>
        <vehicle id="32" x="492.59" y="198.35" angle="90.00" type="DEFAULT_VEHTYPE" speed="13.37" pos="87.84" lane="2/1to3/1_0" slope="0.00"/>
        <vehicle id="37" x="589.98" y="198.35" angle="90.00" type="DEFAULT_VEHTYPE" speed="3.80" pos="185.23" lane="2/1to3/1_0" slope="0.00"/>
        <vehicle id="38" x="398.35" y="771.08" angle="0.00" type="DEFAULT_VEHTYPE" speed="13.22" pos="28.92" lane="2/4to2/3_0" slope="0.00"/>
        <vehicle id="4" x="554.01" y="198.35" angle="90.00" type="DEFAULT_VEHTYPE" speed="13.35" pos="149.26" lane="2/1to3/1_0" slope="0.00"/>
        <vehicle id="41" x="398.35" y="317.29" angle="0.00" type="DEFAULT_VEHTYPE" speed="13.47" pos="77.96" lane="2/2to2/1_0" slope="0.00"/>
        <vehicle id="42" x="401.65" y="171.02" angle="180.00" type="DEFAULT_VEHTYPE" speed="12.76" pos="171.02" lane="2/0to2/1_0" slope="0.00"/>
        <vehicle id="43" x="401.65" y="756.39" angle="180.00" type="DEFAULT_VEHTYPE" speed="13.79" pos="151.64" lane="2/3to2/4_0" slope="0.00"/>
        <vehicle id="44" x="231.78" y="198.35" angle="90.00" type="DEFAULT_VEHTYPE" speed="13.01" pos="27.03" lane="1/1to2/1_0" slope="0.00"/>
        <vehicle id="46" x="192.74" y="398.35" angle="90.00" type="DEFAULT_VEHTYPE" speed="0.01" pos="192.74" lane="0/2to1/2_0" slope="0.00"/>
        <vehicle id="47" x="398.35" y="479.45" angle="0.00" type="DEFAULT_VEHTYPE" speed="12.80" pos="115.80" lane="2/3to2/2_0" slope="0.00"/>
        <vehicle id="49" x="398.35" y="264.17" angle="0.00" type="DEFAULT_VEHTYPE" speed="13.68" pos="131.08" lane="2/2to2/1_0" slope="0.00"/>
        <vehicle id="6" x="170.85" y="401.65" angle="-90.00" type="DEFAULT_VEHTYPE" speed="12.64" pos="24.40" lane="1/2to0/2_0" slope="0.00"/>
    </timestep>
    <timestep time="592.00">
        <vehicle id="1" x="398.35" y="591.57" angle="0.00" type="DEFAULT_VEHTYPE" speed="13.64" pos="3.68" lane="2/3to2/2_0" slope="0.00"/>
        <vehicle id="11" x="201.65" y="488.98" angle="180.00" type="DEFAULT_VEHTYPE" speed="12.62" pos="84.23" lane="1/2to1/3_0" slope="0.00"/>
        <vehicle id="13" x="756.76" y="601.65" angle="-90.00" type="DEFAULT_VEHTYPE" speed="12.87" pos="43.24" lane="4/3to3/3_0" slope="0.00"/>
        <vehicle id="17" x="227.19" y="598.35" angle="90.00" type="DEFAULT_VEHTYPE" speed="13.84" pos="22.44" lane="1/3to2/3_0" slope="0.00"/>
        <vehicle id="2" x="139.70" y="201.65" angle="-90.00" type="DEFAULT_VEHTYPE" speed="13.42" pos="55.55" lane="1/1to0/1_0" slope="0.00"/>
        <vehicle id="21" x="50.94" y="401.65" angle="-90.00" type="DEFAULT_VEHTYPE" speed="12.77" pos="144.31" lane="1/2to0/2_0" slope="0.00"/>
        <vehicle id="23" x="398.35" y="489.43" angle="0.00" type="DEFAULT_VEHTYPE" speed="12.72" pos="105.82" lane="2/3to2/2_0" slope="0.00"/>
        <vehicle id="25" x="472.46" y="198.35" angle="90.00" type="DEFAULT_VEHTYPE" speed="13.54" pos="67.71" lane="2/1to3/1_0" slope="0.00"/>
        <vehicle id="27" x="201.65" y="407.06" angle="180.00" type="DEFAULT_VEHTYPE" speed="13.33" pos="2.31" lane="1/2to1/3_0" slope="0.00"/>
        <vehicle id="29" x="453.23" y="401.65" angle="-90.00" type="DEFAULT_VEHTYPE" speed="13.73" pos="142.02" lane="3/2to2/2_0" slope="0.00"/>
        <vehicle id="3" x="401.65" y="664.69" angle="180.00" type="DEFAULT_VEHTYPE" speed="13.39" pos="59.94" lane="2/3to2/4_0" slope="0.00"/>
        <vehicle id="32" x="505.69" y="198.35" angle="90.00" type="DEFAULT_VEHTYPE" speed="13.10" pos="100.94" lane="2/1to3/1_0" slope="0.00"/>
        <vehicle id="37" x="595.67" y="198.41" angle="90.69" type="DEFAULT_VEHTYPE" speed="5.70" pos="0.43" lane=":3/1_14_0" slope="0.00"/>
        <vehicle id="38" x="398.35" y="757.47" angle="0.00" type="DEFAULT_VEHTYPE" speed="13.60" pos="42.53" lane="2/4to2/3_0" slope="0.00"/>
        <vehicle id="4" x="565.11" y="198.35" angle="90.00" type="DEFAULT_VEHTYPE" speed="11.10" pos="160.36" lane="2/1to3/1_0" slope="0.00"/>
        <vehicle id="41" x="398.35" y="304.22" angle="0.00" type="DEFAULT_VEHTYPE" speed="13.08" pos="91.03" lane="2/2to2/1_0" slope="0.00"/>
        <vehicle id="42" x="401.65" y="184.90" angle="180.00" type="DEFAULT_VEHTYPE" speed="13.88" pos="184.90" lane="2/0to2/1_0" slope="0.00"/>
        <vehicle id="43" x="401.65" y="770.21" angle="180.00" type="DEFAULT_VEHTYPE" speed="13.82" pos="165.46" lane="2/3to2/4_0" slope="0.00"/>
        <vehicle id="44" x="244.67" y="198.35" angle="90.00" type="DEFAULT_VEHTYPE" speed="12.89" pos="39.92" lane="1/1to2/1_0" slope="0.00"/>
        <vehicle id="46" x="192.74" y="398.35" angle="90.00" type="DEFAULT_VEHTYPE" speed="0.00" pos="192.74" lane="0/2to1/2_0" slope="0.00"/>
        <vehicle id="47" x="398.35" y="466.09" angle="0.00" type="DEFAULT_VEHTYPE" speed="13.37" pos="129.16" lane="2/3to2/2_0" slope="0.00"/>
        <vehicle id="49" x="398.35" y="250.79" angle="0.00" type="DEFAULT_VEHTYPE" speed="13.38" pos="144.46" lane="2/2to2/1_0" slope="0.00"/>
        <vehicle id="6" x="157.34" y="401.65" angle="-90.00" type="DEFAULT_VEHTYPE" speed="13.51" pos="37.91" lane="1/2to0/2_0" slope="0.00"/>
    </timestep>
    <timestep time="593.00">
        <vehicle id="1" x="398.35" y="577.76" angle="0.00" type="DEFAULT_VEHTYPE" speed="13.81" pos="17.49" lane="2/3to2/2_0" slope="0.00"/>
        <vehicle id="11" x="201.65" y="502.42" angle="180.00" type="DEFAULT_VEHTYPE" speed="13.44" pos="97.67" lane="1/2to1/3_0" slope="0.00"/>
        <vehicle id="13" x="743.93" y="601.65" angle="-90.00" type="DEFAULT_VEHTYPE" speed="12.83" pos="56.07" lane="4/3to3/3_0" slope="0.00"/>
        <vehicle id="17" x="240.20" y="598.35" angle="90.00" type="DEFAULT_VEHTYPE" speed="13.01" pos="35.45" lane="1/3to2/3_0" slope="0.00"/>
        <vehicle id="2" x="125.81" y="201.65" angle="-90.00" type="DEFAULT_VEHTYPE" speed="13.89" pos="69.44" lane="1/1to0/1_0" slope="0.00"/>
        <vehicle id="21" x="37.46" y="401.65" angle="-90.00" type="DEFAULT_VEHTYPE" speed="13.48" pos="157.79" lane="1/2to0/2_0" slope="0.00"/>
        <vehicle id="23" x="398.35" y="476.82" angle="0.00" type="DEFAULT_VEHTYPE" speed="12.60" pos="118.43" lane="2/3to2/2_0" slope="0.00"/>
        <vehicle id="25" x="485.23" y="198.35" angle="90.00" type="DEFAULT_VEHTYPE" speed="12.76" pos="80.48" lane="2/1to3/1_0" slope="0.00"/>
        <vehicle id="27" x="201.65" y="420.55" angle="180.00" type="DEFAULT_VEHTYPE" speed="13.49" pos="15.80" lane="1/2to1/3_0" slope="0.00"/>
        <vehicle id="29" x="440.57" y="401.65" angle="-90.00" type="DEFAULT_VEHTYPE" speed="12.66" pos="154.68" lane="3/2to2/2_0" slope="0.00"/>
        <vehicle id="3" x="401.65" y="677.98" angle="180.00" type="DEFAULT_VEHTYPE" speed="13.29" pos="73.23" lane="2/3to2/4_0" slope="0.00"/>
        <vehicle id="32" x="519.56" y="198.35" angle="90.00" type="DEFAULT_VEHTYPE" speed="13.87" pos="114.81" lane="2/1to3/1_0" slope="0.00"/>
        <vehicle id="37" x="601.39" y="202.93" angle="144.10" type="DEFAULT_VEHTYPE" speed="8.05" pos="8.48" lane=":3/1_14_0" slope="0.00"/>
        <vehicle id="38" x="398.35" y="744.52" angle="0.00" type="DEFAULT_VEHTYPE" speed="12.96" pos="55.48" lane="2/4to2/3_0" slope="0.00"/>
        <vehicle id="4" x="576.08" y="198.35" angle="90.00" type="DEFAULT_VEHTYPE" speed="10.98" pos="171.33" lane="2/1to3/1_0" slope="0.00"/>
        <vehicle id="41" x="398.35" y="291.04" angle="0.00" type="DEFAULT_VEHTYPE" speed="13.18" pos="104.21" lane="2/2to2/1_0" slope="0.00"/>
        <vehicle id="42" x="402.68" y="197.74" angle="167.64" type="DEFAULT_VEHTYPE" speed="13.15" pos="2.80" lane=":2/1_8_0" slope="0.00"/>
        <vehicle id="43" x="401.65" y="783.11" angle="180.00" type="DEFAULT_VEHTYPE" speed="12.90" pos="178.36" lane="2/3to2/4_0" slope="0.00"/>
        <vehicle id="44" x="258.33" y="198.35" angle="90.00" type="DEFAULT_VEHTYPE" speed="13.66" pos="53.58" lane="1/1to2/1_0" slope="0.00"/>
        <vehicle id="46" x="192.74" y="398.35" angle="90.00" type="DEFAULT_VEHTYPE" speed="0.00" pos="192.74" lane="0/2to1/2_0" slope="0.00"/>
        <vehicle id="47" x="398.35" y="452.59" angle="0.00" type="DEFAULT_VEHTYPE" speed="13.50" pos="142.66" lane="2/3to2/2_0" slope="0.00"/>
        <vehicle id="49" x="398.35" y="237.38" angle="0.00" type="DEFAULT_VEHTYPE" speed="13.41" pos="157.87" lane="2/2to2/1_0" slope="0.00"/>
        <vehicle id="6" x="143.85" y="401.65" angle="-90.00" type="DEFAULT_VEHTYPE" speed="13.49" pos="51.40" lane="1/2to0/2_0" slope="0.00"/>
    </timestep>
    <timestep time="594.00">
        <vehicle id="1" x="398.35" y="565.12" angle="0.00" type="DEFAULT_VEHTYPE" speed="12.64" pos="30.13" lane="2/3to2/2_0" slope="0.00"/>
        <vehicle id="11" x="201.65" y="515.18" angle="180.00" type="DEFAULT_VEHTYPE" speed="12.76" pos="110.43" lane="1/2to1/3_0" slope="0.00"/>
        <vehicle id="13" x="731.27" y="601.65" angle="-90.00" type="DEFAULT_VEHTYPE" speed="12.66" pos="68.73" lane="4/3to3/3_0" slope="0.00"/>
        <vehicle id="17" x="253.93" y="598.35" angle="90.00" type="DEFAULT_VEHTYPE" speed="13.73" pos="49.18" lane="1/3to2/3_0" slope="0.00"/>
        <vehicle id="2" x="113.06" y="201.65" angle="-90.00" type="DEFAULT_VEHTYPE" speed="12.75" pos="82.19" lane="1/1to0/1_0" slope="0.00"/>
        <vehicle id="21" x="24.79" y="401.65" angle="-90.00" type="DEFAULT_VEHTYPE" speed="12.67" pos="170.46" lane="1/2to0/2_0" slope="0.00"/>
        <vehicle id="23" x="398.35" y="463.80" angle="0.00" type="DEFAULT_VEHTYPE" speed="13.02" pos="131.45" lane="2/3to2/2_0" slope="0.00"/>
        <vehicle id="25" x="498.99" y="198.35" angle="90.00" type="DEFAULT_VEHTYPE" speed="13.77" pos="94.24" lane="2/1to3/1_0" slope="0.00"/>
        <vehicle id="27" x="201.65" y="433.25" angle="180.00" type="DEFAULT_VEHTYPE" speed="12.70" pos="28.50" lane="1/2to1/3_0" slope="0.00"/>
        <vehicle id="29" x="427.51" y="401.65" angle="-90.00" type="DEFAULT_VEHTYPE" speed="13.06" pos="167.74" lane="3/2to2/2_0" slope="0.00"/>
        <vehicle id="3" x="401.65" y="691.74" angle="180.00" type="DEFAULT_VEHTYPE" speed="13.76" pos="86.99" lane="2/3to2/4_0" slope="0.00"/>
        <vehicle id="32" x="532.58" y="198.35" angle="90.00" type="DEFAULT_VEHTYPE" speed="13.01" pos="127.83" lane="2/1to3/1_0" slope="0.00"/>
        <vehicle id="37" x="601.65" y="212.90" angle="180.00" type="DEFAULT_VEHTYPE" speed="9.99" pos="8.15" lane="3/1to3/2_0" slope="0.00"/>
        <vehicle id="38" x="398.35" y="731.24" angle="0.00" type="DEFAULT_VEHTYPE" speed="13.28" pos="68.76" lane="2/4to2/3_0" slope="0.00"/>
        <vehicle id="4" x="584.32" y="198.35" angle="90.00" type="DEFAULT_VEHTYPE" speed="8.24" pos="179.57" lane="2/1to3/1_0" slope="0.00"/>
        <vehicle id="41" x="398.35" y="277.56" angle="0.00" type="DEFAULT_VEHTYPE" speed="13.48" pos="117.69" lane="2/2to2/1_0" slope="0.00"/>
        <vehicle id="42" x="415.86" y="198.35" angle="90.00" type="DEFAULT_VEHTYPE" speed="13.31" pos="11.11" lane="2/1to3/1_0" slope="0.00"/>
        <vehicle id="43" x="401.65" y="796.93" angle="180.00" type="DEFAULT_VEHTYPE" speed="13.82" pos="192.18" lane="2/3to2/4_0" slope="0.00"/>
        <vehicle id="44" x="271.78" y="198.35" angle="90.00" type="DEFAULT_VEHTYPE" speed="13.46" pos="67.03" lane="1/1to2/1_0" slope="0.00"/>
        <vehicle id="46" x="194.86" y="398.35" angle="90.00" type="DEFAULT_VEHTYPE" speed="2.12" pos="194.86" lane="0/2to1/2_0" slope="0.00"/>
        <vehicle id="47" x="398.35" y="439.12" angle="0.00" type="DEFAULT_VEHTYPE" speed="13.47" pos="156.13" lane="2/3to2/2_0" slope="0.00"/>
        <vehicle id="49" x="398.35" y="224.27" angle="0.00" type="DEFAULT_VEHTYPE" speed="13.11" pos="170.98" lane="2/2to2/1_0" slope="0.00"/>
        <vehicle id="6" x="130.46" y="401.65" angle="-90.00" type="DEFAULT_VEHTYPE" speed="13.38" pos="64.79" lane="1/2to0/2_0" slope="0.00"/>
    </timestep>
    <timestep time="595.00">
        <vehicle id="1" x="398.35" y="552.07" angle="0.00" type="DEFAULT_VEHTYPE" speed="13.05" pos="43.18" lane="2/3to2/2_0" slope="0.00"/>
        <vehicle id="11" x="201.65" y="528.97" angle="180.00" type="DEFAULT_VEHTYPE" speed="13.79" pos="124.22" lane="1/2to1/3_0" slope="0.00"/>
        <vehicle id="13" x="717.57" y="601.65" angle="-90.00" type="DEFAULT_VEHTYPE" speed="13.70" pos="82.43" lane="4/3to3/3_0" slope="0.00"/>
        <vehicle id="17" x="266.91" y="598.35" angle="90.00" type="DEFAULT_VEHTYPE" speed="12.98" pos="62.16" lane="1/3to2/3_0" slope="0.00"/>
        <vehicle id="2" x="99.91" y="201.65" angle="-90.00" type="DEFAULT_VEHTYPE" speed="13.15" pos="95.34" lane="1/1to0/1_0" slope="0.00"/>
        <vehicle id="21" x="11.22" y="401.65" angle="-90.00" type="DEFAULT_VEHTYPE" speed="13.56" pos="184.03" lane="1/2to0/2_0" slope="0.00"/>
        <vehicle id="23" x="398.35" y="450.93" angle="0.00" type="DEFAULT_VEHTYPE" speed="12.88" pos="144.32" lane="2/3to2/2_0" slope="0.00"/>
        <vehicle id="25" x="511.76" y="198.35" angle="90.00" type="DEFAULT_VEHTYPE" speed="12.77" pos="107.01" lane="2/1to3/1_0" slope="0.00"/>
        <vehicle id="27" x="201.65" y="446.93" angle="180.00" type="DEFAULT_VEHTYPE" speed="13.68" pos="42.18" lane="1/2to1/3_0" slope="0.00"/>
        <vehicle id="29" x="418.45" y="401.65" angle="-90.00" type="DEFAULT_VEHTYPE" speed="9.06" pos="176.80" lane="3/2to2/2_0" slope="0.00"/>
        <vehicle id="3" x="401.65" y="705.45" angle="180.00" type="DEFAULT_VEHTYPE" speed="13.71" pos="100.70" lane="2/3to2/4_0" slope="0.00"/>
        <vehicle id="32" x="545.26" y="198.35" angle="90.00" type="DEFAULT_VEHTYPE" speed="12.69" pos="140.51" lane="2/1to3/1_0" slope="0.00"/>
        <vehicle id="37" x="601.65" y="224.31" angle="180.00" type="DEFAULT_VEHTYPE" speed="11.40" pos="19.56" lane="3/1to3/2_0" slope="0.00"/>
        <vehicle id="38" x="398.35" y="718.08" angle="0.00" type="DEFAULT_VEHTYPE" speed="13.15" pos="81.92" lane="2/4to2/3_0" slope="0.00"/>
        <vehicle id="4" x="589.23" y="198.35" angle="90.00" type="DEFAULT_VEHTYPE" speed="4.92" pos="184.48" lane="2/1to3/1_0" slope="0.00"/>
        <vehicle id="41" x="398.35" y="264.12" angle="0.00" type="DEFAULT_VEHTYPE" speed="13.43" pos="131.13" lane="2/2to2/1_0" slope="0.00"/>
        <vehicle id="42" x="429.40" y="198.35" angle="90.00" type="DEFAULT_VEHTYPE" speed="13.54" pos="24.65" lane="2/1to3/1_0" slope="0.00"/>
        <vehicle id="43" x="398.35" y="794.88" angle="0.00" type="DEFAULT_VEHTYPE" speed="13.01" pos="5.12" lane="2/4to2/3_0" slope="0.00"/>
        <vehicle id="44" x="285.01" y="198.35" angle="90.00" type="DEFAULT_VEHTYPE" speed="13.22" pos="80.26" lane="1/1to2/1_0" slope="0.00"/>
        <vehicle id="46" x="199.06" y="399.35" angle="101.80" type="DEFAULT_VEHTYPE" speed="4.39" pos="4.00" lane=":1/2_14_0" slope="0.00"/>
        <vehicle id="47" x="398.35" y="425.68" angle="0.00" type="DEFAULT_VEHTYPE" speed="13.44" pos="169.57" lane="2/3to2/2_0" slope="0.00"/>
        <vehicle id="49" x="398.35" y="210.54" angle="0.00" type="DEFAULT_VEHTYPE" speed="13.73" pos="184.71" lane="2/2to2/1_0" slope="0.00"/>
        <vehicle id="6" x="116.79" y="401.65" angle="-90.00" type="DEFAULT_VEHTYPE" speed="13.68" pos="78.46" lane="1/2to0/2_0" slope="0.00"/>
    </timestep>
    <timestep time="596.00">
        <vehicle id="1" x="398.35" y="539.05" angle="0.00" type="DEFAULT_VEHTYPE" speed="13.02" pos="56.20" lane="2/3to2/2_0" slope="0.00"/>
        <vehicle id="11" x="201.65" y="542.78" angle="180.00" type="DEFAULT_VEHTYPE" speed="13.81" pos="138.03" lane="1/2to1/3_0" slope="0.00"/>
        <vehicle id="13" x="704.40" y="601.65" angle="-90.00" type="DEFAULT_VEHTYPE" speed="13.16" pos="95.60" lane="4/3to3/3_0" slope="0.00"/>
        <vehicle id="17" x="280.79" y="598.35" angle="90.00" type="DEFAULT_VEHTYPE" speed="13.88" pos="76.04" lane="1/3to2/3_0" slope="0.00"/>
        <vehicle id="2" x="86.01" y="201.65" angle="-90.00" type="DEFAULT_VEHTYPE" speed="13.90" pos="109.24" lane="1/1to0/1_0" slope="0.00"/>
        <vehicle id="21" x="-1.22" y="400.85" angle="-80.41" type="DEFAULT_VEHTYPE" speed="12.68" pos="1.46" lane=":0/2_0_0" slope="0.00"/>
        <vehicle id="23" x="398.35" y="438.17" angle="0.00" type="DEFAULT_VEHTYPE" speed="12.75" pos="157.08" lane="2/3to2/2_0" slope="0.00"/>
        <vehicle id="25" x="525.53" y="198.35" angle="90.00" type="DEFAULT_VEHTYPE" speed="13.77" pos="120.78" lane="2/1to3/1_0" slope="0.00"/>
        <vehicle id="27" x="201.65" y="460.22" angle="180.00" type="DEFAULT_VEHTYPE" speed="13.29" pos="55.47" lane="1/2to1/3_0" slope="0.00"/>
        <vehicle id="29" x="412.22" y="401.65" angle="-90.00" type="DEFAULT_VEHTYPE" speed="6.22" pos="183.03" lane="3/2to2/2_0" slope="0.00"/>
        <vehicle id="3" x="401.65" y="718.72" angle="180.00" type="DEFAULT_VEHTYPE" speed="13.27" pos="113.97" lane="2/3to2/4_0" slope="0.00"/>
        <vehicle id="32" x="558.33" y="198.35" angle="90.00" type="DEFAULT_VEHTYPE" speed="13.06" pos="153.58" lane="2/1to3/1_0" slope="0.00"/>
        <vehicle id="37" x="601.65" y="237.97" angle="180.00" type="DEFAULT_VEHTYPE" speed="13.67" pos="33.22" lane="3/1to3/2_0" slope="0.00"/>
        <vehicle id="38" x="398.35" y="704.90" angle="0.00" type="DEFAULT_VEHTYPE" speed="13.19" pos="95.10" lane="2/4to2/3_0" slope="0.00"/>
        <vehicle id="4" x="595.71" y="198.35" angle="90.00" type="DEFAULT_VEHTYPE" speed="6.48" pos="0.46" lane=":3/1_13_0" slope="0.00"/>
        <vehicle id="41" x="398.35" y="250.77" angle="0.00" type="DEFAULT_VEHTYPE" speed="13.35" pos="144.48" lane="2/2to2/1_0" slope="0.00"/>
        <vehicle id="42" x="442.60" y="198.35" angle="90.00" type="DEFAULT_VEHTYPE" speed="13.20" pos="37.85" lane="2/1to3/1_0" slope="0.00"/>
        <vehicle id="43" x="398.35" y="781.20" angle="0.00" type="DEFAULT_VEHTYPE" speed="13.68" pos="18.80" lane="2/4to2/3_0" slope="0.00"/>
        <vehicle id="44" x="297.91" y="198.35" angle="90.00" type="DEFAULT_VEHTYPE" speed="12.91" pos="93.16" lane="1/1to2/1_0" slope="0.00"/>
        <vehicle id="46" x="201.65" y="404.84" angle="162.55" type="DEFAULT_VEHTYPE" speed="6.41" pos="0.09" lane="1/2to1/3_0" slope="0.00"/>
        <vehicle id="47" x="398.35" y="412.99" angle="0.00" type="DEFAULT_VEHTYPE" speed="12.69" pos="182.26" lane="2/3to2/2_0" slope="0.00"/>
        <vehicle id="49" x="392.79" y="201.65" angle="-80.43" type="DEFAULT_VEHTYPE" speed="13.25" pos="2.46" lane="2/1to1/1_0" slope="0.00"/>
        <vehicle id="6" x="103.16" y="401.65" angle="-90.00" type="DEFAULT_VEHTYPE" speed="13.63" pos="92.09" lane="1/2to0/2_0" slope="0.00"/>
    </timestep>
    <timestep time="597.00">
        <vehicle id="1" x="398.35" y="525.44" angle="0.00" type="DEFAULT_VEHTYPE" speed="13.61" pos="69.81" lane="2/3to2/2_0" slope="0.00"/>
        <vehicle id="11" x="201.65" y="555.73" angle="180.00" type="DEFAULT_VEHTYPE" speed="12.95" pos="150.98" lane="1/2to1/3_0" slope="0.00"/>
        <vehicle id="13" x="691.11" y="601.65" angle="-90.00" type="DEFAULT_VEHTYPE" speed="13.30" pos="108.89" lane="4/3to3/3_0" slope="0.00"/>
        <vehicle id="17" x="294.51" y="598.35" angle="90.00" type="DEFAULT_VEHTYPE" speed="13.72" pos="89.76" lane="1/3to2/3_0" slope="0.00"/>
        <vehicle id="2" x="72.31" y="201.65" angle="-90.00" type="DEFAULT_VEHTYPE" speed="13.70" pos="122.94" lane="1/1to0/1_0" slope="0.00"/>
        <vehicle id="21" x="10.16" y="398.35" angle="90.00" type="DEFAULT_VEHTYPE" speed="13.52" pos="10.16" lane="0/2to1/2_0" slope="0.00"/>
        <vehicle id="23" x="398.35" y="425.32" angle="0.00" type="DEFAULT_VEHTYPE" speed="12.85" pos="169.93" lane="2/3to2/2_0" slope="0.00"/>
        <vehicle id="25" x="538.32" y="198.35" angle="90.00" type="DEFAULT_VEHTYPE" speed="12.79" pos="133.57" lane="2/1to3/1_0" slope="0.00"/>
        <vehicle id="27" x="201.65" y="472.96" angle="180.00" type="DEFAULT_VEHTYPE" speed="12.74" pos="68.21" lane="1/2to1/3_0" slope="0.00"/>
        <vehicle id="29" x="409.28" y="401.65" angle="-90.00" type="DEFAULT_VEHTYPE" speed="2.95" pos="185.97" lane="3/2to2/2_0" slope="0.00"/>
        <vehicle id="3" x="401.65" y="731.75" angle="180.00" type="DEFAULT_VEHTYPE" speed="13.03" pos="127.00" lane="2/3to2/4_0" slope="0.00"/>
        <vehicle id="32" x="571.41" y="198.35" angle="90.00" type="DEFAULT_VEHTYPE" speed="13.09" pos="166.66" lane="2/1to3/1_0" slope="0.00"/>
        <vehicle id="37" x="601.65" y="251.50" angle="180.00" type="DEFAULT_VEHTYPE" speed="13.52" pos="46.75" lane="3/1to3/2_0" slope="0.00"/>
        <vehicle id="38" x="398.35" y="691.34" angle="0.00" type="DEFAULT_VEHTYPE" speed="13.56" pos="108.66" lane="2/4to2/3_0" slope="0.00"/>
        <vehicle id="4" x="604.34" y="198.35" angle="90.00" type="DEFAULT_VEHTYPE" speed="8.62" pos="9.09" lane=":3/1_13_0" slope="0.00"/>
        <vehicle id="41" x="398.35" y="237.01" angle="0.00" type="DEFAULT_VEHTYPE" speed="13.76" pos="158.24" lane="2/2to2/1_0" slope="0.00"/>
        <vehicle id="42" x="455.95" y="198.35" angle="90.00" type="DEFAULT_VEHTYPE" speed="13.36" pos="51.20" lane="2/1to3/1_0" slope="0.00"/>
        <vehicle id="43" x="398.35" y="768.43" angle="0.00" type="DEFAULT_VEHTYPE" speed="12.77" pos="31.57" lane="2/4to2/3_0" slope="0.00"/>
        <vehicle id="44" x="311.24" y="198.35" angle="90.00" type="DEFAULT_VEHTYPE" speed="13.32" pos="106.49" lane="1/1to2/1_0" slope="0.00"/>
        <vehicle id="46" x="201.65" y="413.77" angle="180.00" type="DEFAULT_VEHTYPE" speed="8.93" pos="9.02" lane="1/2to1/3_0" slope="0.00"/>
        <vehicle id="47" x="398.35" y="399.72" angle="0.00" type="DEFAULT_VEHTYPE" speed="13.27" pos="5.03" lane=":2/2_1_0" slope="0.00"/>
        <vehicle id="49" x="380.03" y="201.65" angle="-90.00" type="DEFAULT_VEHTYPE" speed="12.77" pos="15.22" lane="2/1to1/1_0" slope="0.00"/>
        <vehicle id="6" x="90.46" y="401.65" angle="-90.00" type="DEFAULT_VEHTYPE" speed="12.70" pos="104.79" lane="1/2to0/2_0" slope="0.00"/>
    </timestep>
    <timestep time="598.00">
        <vehicle id="1" x="398.35" y="512.47" angle="0.00" type="DEFAULT_VEHTYPE" speed="12.97" pos="82.78" lane="2/3to2/2_0" slope="0.00"/>
        <vehicle id="11" x="201.65" y="568.95" angle="180.00" type="DEFAULT_VEHTYPE" speed="13.22" pos="164.20" lane="1/2to1/3_0" slope="0.00"/>
        <vehicle id="13" x="678.15" y="601.65" angle="-90.00" type="DEFAULT_VEHTYPE" speed="12.96" pos="121.85" lane="4/3to3/3_0" slope="0.00"/>
        <vehicle id="17" x="307.87" y="598.35" angle="90.00" type="DEFAULT_VEHTYPE" speed="13.36" pos="103.12" lane="1/3to2/3_0" slope="0.00"/>
        <vehicle id="2" x="59.64" y="201.65" angle="-90.00" type="DEFAULT_VEHTYPE" speed="12.67" pos="135.61" lane="1/1to0/1_0" slope="0.00"/>
        <vehicle id="21" x="23.92" y="398.35" angle="90.00" type="DEFAULT_VEHTYPE" speed="13.76" pos="23.92" lane="0/2to1/2_0" slope="0.00"/>
        <vehicle id="23" x="398.35" y="412.21" angle="0.00" type="DEFAULT_VEHTYPE" speed="13.11" pos="183.04" lane="2/3to2/2_0" slope="0.00"/>
        <vehicle id="25" x="551.54" y="198.35" angle="90.00" type="DEFAULT_VEHTYPE" speed="13.23" pos="146.79" lane="2/1to3/1_0" slope="0.00"/>
        <vehicle id="27" x="201.65" y="486.23" angle="180.00" type="DEFAULT_VEHTYPE" speed="13.27" pos="81.48" lane="1/2to1/3_0" slope="0.00"/>
        <vehicle id="29" x="407.97" y="401.65" angle="-90.00" type="DEFAULT_VEHTYPE" speed="1.30" pos="187.28" lane="3/2to2/2_0" slope="0.00"/>
        <vehicle id="3" x="401.65" y="745.49" angle="180.00" type="DEFAULT_VEHTYPE" speed="13.74" pos="140.74" lane="2/3to2/4_0" slope="0.00"/>
        <vehicle id="32" x="580.61" y="198.35" angle="90.00" type="DEFAULT_VEHTYPE" speed="9.20" pos="175.86" lane="2/1to3/1_0" slope="0.00"/>
        <vehicle id="37" x="601.65" y="264.69" angle="180.00" type="DEFAULT_VEHTYPE" speed="13.19" pos="59.94" lane="3/1to3/2_0" slope="0.00"/>
        <vehicle id="38" x="398.35" y="678.12" angle="0.00" type="DEFAULT_VEHTYPE" speed="13.22" pos="121.88" lane="2/4to2/3_0" slope="0.00"/>
        <vehicle id="4" x="615.00" y="198.35" angle="90.00" type="DEFAULT_VEHTYPE" speed="10.67" pos="10.25" lane="3/1to4/1_0" slope="0.00"/>
        <vehicle id="41" x="398.35" y="224.33" angle="0.00" type="DEFAULT_VEHTYPE" speed="12.69" pos="170.92" lane="2/2to2/1_0" slope="0.00"/>
        <vehicle id="42" x="468.77" y="198.35" angle="90.00" type="DEFAULT_VEHTYPE" speed="12.82" pos="64.02" lane="2/1to3/1_0" slope="0.00"/>
        <vehicle id="43" x="398.35" y="754.73" angle="0.00" type="DEFAULT_VEHTYPE" speed="13.70" pos="45.27" lane="2/4to2/3_0" slope="0.00"/>
        <vehicle id="44" x="324.36" y="198.35" angle="90.00" type="DEFAULT_VEHTYPE" speed="13.12" pos="119.61" lane="1/1to2/1_0" slope="0.00"/>
        <vehicle id="46" x="201.65" y="424.56" angle="180.00" type="DEFAULT_VEHTYPE" speed="10.79" pos="19.81" lane="1/2to1/3_0" slope="0.00"/>
        <vehicle id="47" x="398.35" y="385.85" angle="0.00" type="DEFAULT_VEHTYPE" speed="13.87" pos="9.40" lane="2/2to2/1_0" slope="0.00"/>
        <vehicle id="49" x="366.78" y="201.65" angle="-90.00" type="DEFAULT_VEHTYPE" speed="13.24" pos="28.47" lane="2/1to1/1_0" slope="0.00"/>
        <vehicle id="6" x="77.41" y="401.65" angle="-90.00" type="DEFAULT_VEHTYPE" speed="13.05" pos="117.84" lane="1/2to0/2_0" slope="0.00"/>
    </timestep>
    <timestep time="599.00">
        <vehicle id="1" x="398.35" y="499.50" angle="0.00" type="DEFAULT_VEHTYPE" speed="12.97" pos="95.75" lane="2/3to2/2_0" slope="0.00"/>
        <vehicle id="11" x="201.65" y="582.35" angle="180.00" type="DEFAULT_VEHTYPE" speed="13.39" pos="177.60" lane="1/2to1/3_0" slope="0.00"/>
        <vehicle id="13" x="664.41" y="601.65" angle="-90.00" type="DEFAULT_VEHTYPE" speed="13.74" pos="135.59" lane="4/3to3/3_0" slope="0.00"/>
        <vehicle id="17" x="320.89" y="598.35" angle="90.00" type="DEFAULT_VEHTYPE" speed="13.02" pos="116.14" lane="1/3to2/3_0" slope="0.00"/>
        <vehicle id="2" x="46.60" y="201.65" angle="-90.00" type="DEFAULT_VEHTYPE" speed="13.03" pos="148.65" lane="1/1to0/1_0" slope="0.00"/>
        <vehicle id="21" x="37.70" y="398.35" angle="90.00" type="DEFAULT_VEHTYPE" speed="13.78" pos="37.70" lane="0/2to1/2_0" slope="0.00"/>
        <vehicle id="23" x="394.76" y="401.65" angle="-53.49" type="DEFAULT_VEHTYPE" speed="12.95" pos="0.49" lane="2/2to1/2_0" slope="0.00"/>
        <vehicle id="25" x="564.61" y="198.35" angle="90.00" type="DEFAULT_VEHTYPE" speed="13.07" pos="159.86" lane="2/1to3/1_0" slope="0.00"/>
        <vehicle id="27" x="201.65" y="500.08" angle="180.00" type="DEFAULT_VEHTYPE" speed="13.85" pos="95.33" lane="1/2to1/3_0" slope="0.00"/>
        <vehicle id="29" x="407.60" y="401.65" angle="-90.00" type="DEFAULT_VEHTYPE" speed="0.37" pos="187.65" lane="3/2to2/2_0" slope="0.00"/>
        <vehicle id="3" x="401.65" y="759.32" angle="180.00" type="DEFAULT_VEHTYPE" speed="13.84" pos="154.57" lane="2/3to2/4_0" slope="0.00"/>
        <vehicle id="32" x="587.02" y="198.35" angle="90.00" type="DEFAULT_VEHTYPE" speed="6.41" pos="182.27" lane="2/1to3/1_0" slope="0.00"/>
        <vehicle id="37" x="601.65" y="277.51" angle="180.00" type="DEFAULT_VEHTYPE" speed="12.83" pos="72.76" lane="3/1to3/2_0" slope="0.00"/>
        <vehicle id="38" x="398.35" y="665.26" angle="0.00" type="DEFAULT_VEHTYPE" speed="12.86" pos="134.74" lane="2/4to2/3_0" slope="0.00"/>
        <vehicle id="4" x="627.07" y="198.35" angle="90.00" type="DEFAULT_VEHTYPE" speed="12.07" pos="22.32" lane="3/1to4/1_0" slope="0.00"/>
        <vehicle id="41" x="398.35" y="210.70" angle="0.00" type="DEFAULT_VEHTYPE" speed="13.63" pos="184.55" lane="2/2to2/1_0" slope="0.00"/>
        <vehicle id="42" x="482.53" y="198.35" angle="90.00" type="DEFAULT_VEHTYPE" speed="13.76" pos="77.78" lane="2/1to3/1_0" slope="0.00"/>
        <vehicle id="43" x="398.35" y="741.13" angle="0.00" type="DEFAULT_VEHTYPE" speed="13.59" pos="58.87" lane="2/4to2/3_0" slope="0.00"/>
        <vehicle id="44" x="337.82" y="198.35" angle="90.00" type="DEFAULT_VEHTYPE" speed="13.46" pos="133.07" lane="1/1to2/1_0" slope="0.00"/>
        <vehicle id="46" x="201.65" y="437.39" angle="180.00" type="DEFAULT_VEHTYPE" speed="12.84" pos="32.64" lane="1/2to1/3_0" slope="0.00"/>
        <vehicle id="47" x="398.35" y="372.41" angle="0.00" type="DEFAULT_VEHTYPE" speed="13.44" pos="22.84" lane="2/2to2/1_0" slope="0.00"/>
        <vehicle id="49" x="352.96" y="201.65" angle="-90.00" type="DEFAULT_VEHTYPE" speed="13.82" pos="42.29" lane="2/1to1/1_0" slope="0.00"/>
        <vehicle id="6" x="64.28" y="401.65" angle="-90.00" type="DEFAULT_VEHTYPE" speed="13.12" pos="130.97" lane="1/2to0/2_0" slope="0.00"/>
    </timestep>
    <timestep time="600.00">
        <vehicle id="1" x="398.35" y="485.68" angle="0.00" type="DEFAULT_VEHTYPE" speed="13.82" pos="109.57" lane="2/3to2/2_0" slope="0.00"/>
        <vehicle id="11" x="201.65" y="595.27" angle="179.97" type="DEFAULT_VEHTYPE" speed="12.92" pos="0.02" lane=":1/3_8_0" slope="0.00"/>
        <vehicle id="13" x="651.41" y="601.65" angle="-90.00" type="DEFAULT_VEHTYPE" speed="13.00" pos="148.59" lane="4/3to3/3_0" slope="0.00"/>
        <vehicle id="17" x="334.20" y="598.35" angle="90.00" type="DEFAULT_VEHTYPE" speed="13.30" pos="129.45" lane="1/3to2/3_0" slope="0.00"/>
        <vehicle id="2" x="33.00" y="201.65" angle="-90.00" type="DEFAULT_VEHTYPE" speed="13.61" pos="162.25" lane="1/1to0/1_0" slope="0.00"/>
        <vehicle id="21" x="51.51" y="398.35" angle="90.00" type="DEFAULT_VEHTYPE" speed="13.81" pos="51.51" lane="0/2to1/2_0" slope="0.00"/>
        <vehicle id="23" x="381.94" y="401.65" angle="-90.00" type="DEFAULT_VEHTYPE" speed="12.82" pos="13.31" lane="2/2to1/2_0" slope="0.00"/>
        <vehicle id="25" x="573.25" y="198.35" angle="90.00" type="DEFAULT_VEHTYPE" speed="8.63" pos="168.50" lane="2/1to3/1_0" slope="0.00"/>
        <vehicle id="27" x="201.65" y="513.33" angle="180.00" type="DEFAULT_VEHTYPE" speed="13.26" pos="108.58" lane="1/2to1/3_0" slope="0.00"/>
        <vehicle id="29" x="407.29" y="401.65" angle="-90.00" type="DEFAULT_VEHTYPE" speed="0.31" pos="187.96" lane="3/2to2/2_0" slope="0.00"/>
        <vehicle id="3" x="401.65" y="772.24" angle="180.00" type="DEFAULT_VEHTYPE" speed="12.92" pos="167.49" lane="2/3to2/4_0" slope="0.00"/>
        <vehicle id="32" x="590.26" y="198.35" angle="90.00" type="DEFAULT_VEHTYPE" speed="3.24" pos="185.51" lane="2/1to3/1_0" slope="0.00"/>
        <vehicle id="37" x="601.65" y="290.91" angle="180.00" type="DEFAULT_VEHTYPE" speed="13.40" pos="86.16" lane="3/1to3/2_0" slope="0.00"/>
        <vehicle id="38" x="398.35" y="651.62" angle="0.00" type="DEFAULT_VEHTYPE" speed="13.64" pos="148.38" lane="2/4to2/3_0" slope="0.00"/>
        <vehicle id="4" x="640.62" y="198.35" angle="90.00" type="DEFAULT_VEHTYPE" speed="13.56" pos="35.87" lane="3/1to4/1_0" slope="0.00"/>
        <vehicle id="41" x="392.54" y="201.65" angle="-82.23" type="DEFAULT_VEHTYPE" speed="13.66" pos="2.71" lane="2/1to1/1_0" slope="0.00"/>
        <vehicle id="42" x="495.27" y="198.35" angle="90.00" type="DEFAULT_VEHTYPE" speed="12.75" pos="90.52" lane="2/1to3/1_0" slope="0.00"/>
        <vehicle id="43" x="398.35" y="727.41" angle="0.00" type="DEFAULT_VEHTYPE" speed="13.73" pos="72.59" lane="2/4to2/3_0" slope="0.00"/>
        <vehicle id="44" x="351.56" y="198.35" angle="90.00" type="DEFAULT_VEHTYPE" speed="13.73" pos="146.81" lane="1/1to2/1_0" slope="0.00"/>
        <vehicle id="46" x="201.65" y="451.28" angle="180.00" type="DEFAULT_VEHTYPE" speed="13.89" pos="46.53" lane="1/2to1/3_0" slope="0.00"/>
        <vehicle id="47" x="398.35" y="358.53" angle="0.00" type="DEFAULT_VEHTYPE" speed="13.88" pos="36.72" lane="2/2to2/1_0" slope="0.00"/>
        <vehicle id="49" x="339.23" y="201.65" angle="-90.00" type="DEFAULT_VEHTYPE" speed="13.74" pos="56.02" lane="2/1to1/1_0" slope="0.00"/>
        <vehicle id="6" x="51.48" y="401.65" angle="-90.00" type="DEFAULT_VEHTYPE" speed="12.80" pos="143.77" lane="1/2to0/2_0" slope="0.00"/>
    </timestep>
    <timestep time="601.00">
        <vehicle id="1" x="398.35" y="471.93" angle="0.00" type="DEFAULT_VEHTYPE" speed="13.75" pos="123.32" lane="2/3to2/2_0" slope="0.00"/>
        <vehicle id="11" x="212.76" y="598.35" angle="90.00" type="DEFAULT_VEHTYPE" speed="12.99" pos="8.01" lane="1/3to2/3_0" slope="0.00"/>
        <vehicle id="13" x="637.71" y="601.65" angle="-90.00" type="DEFAULT_VEHTYPE" speed="13.70" pos="162.29" lane="4/3to3/3_0" slope="0.00"/>
        <vehicle id="17" x="347.97" y="598.35" angle="90.00" type="DEFAULT_VEHTYPE" speed="13.78" pos="143.22" lane="1/3to2/3_0" slope="0.00"/>
        <vehicle id="2" x="19.23" y="201.65" angle="-90.00" type="DEFAULT_VEHTYPE" speed="13.77" pos="176.02" lane="1/1to0/1_0" slope="0.00"/>
        <vehicle id="21" x="64.98" y="398.35" angle="90.00" type="DEFAULT_VEHTYPE" speed="13.47" pos="64.98" lane="0/2to1/2_0" slope="0.00"/>
        <vehicle id="23" x="369.25" y="401.65" angle="-90.00" type="DEFAULT_VEHTYPE" speed="12.68" pos="26.00" lane="2/2to1/2_0" slope="0.00"/>
        <vehicle id="25" x="578.10" y="198.35" angle="90.00" type="DEFAULT_VEHTYPE" speed="4.86" pos="173.35" lane="2/1to3/1_0" slope="0.00"/>
        <vehicle id="27" x="201.65" y="526.93" angle="180.00" type="DEFAULT_VEHTYPE" speed="13.60" pos="122.18" lane="1/2to1/3_0" slope="0.00"/>
        <vehicle id="29" x="404.74" y="401.65" angle="-90.00" type="DEFAULT_VEHTYPE" speed="2.55" pos="0.01" lane=":2/2_5_0" slope="0.00"/>
        <vehicle id="3" x="401.65" y="785.27" angle="180.00" type="DEFAULT_VEHTYPE" speed="13.03" pos="180.52" lane="2/3to2/4_0" slope="0.00"/>
        <vehicle id="32" x="595.66" y="198.41" angle="90.68" type="DEFAULT_VEHTYPE" speed="5.41" pos="0.42" lane=":3/1_14_0" slope="0.00"/>
        <vehicle id="37" x="601.65" y="303.71" angle="180.00" type="DEFAULT_VEHTYPE" speed="12.80" pos="98.96" lane="3/1to3/2_0" slope="0.00"/>
        <vehicle id="38" x="398.35" y="637.79" angle="0.00" type="DEFAULT_VEHTYPE" speed="13.83" pos="162.21" lane="2/4to2/3_0" slope="0.00"/>
        <vehicle id="4" x="653.49" y="198.35" angle="90.00" type="DEFAULT_VEHTYPE" speed="12.87" pos="48.74" lane="3/1to4/1_0" slope="0.00"/>
        <vehicle id="41" x="379.21" y="201.65" angle="-90.00" type="DEFAULT_VEHTYPE" speed="13.33" pos="16.04" lane="2/1to1/1_0" slope="0.00"/>
        <vehicle id="42" x="508.88" y="198.35" angle="90.00" type="DEFAULT_VEHTYPE" speed="13.60" pos="104.13" lane="2/1to3/1_0" slope="0.00"/>
        <vehicle id="43" x="398.35" y="713.85" angle="0.00" type="DEFAULT_VEHTYPE" speed="13.56" pos="86.15" lane="2/4to2/3_0" slope="0.00"/>
        <vehicle id="44" x="365.12" y="198.35" angle="90.00" type="DEFAULT_VEHTYPE" speed="13.56" pos="160.37" lane="1/1to2/1_0" slope="0.00"/>
        <vehicle id="46" x="201.65" y="463.90" angle="180.00" type="DEFAULT_VEHTYPE" speed="12.61" pos="59.15" lane="1/2to1/3_0" slope="0.00"/>
        <vehicle id="47" x="398.35" y="344.73" angle="0.00" type="DEFAULT_VEHTYPE" speed="13.80" pos="50.52" lane="2/2to2/1_0" slope="0.00"/>
        <vehicle id="49" x="326.21" y="201.65" angle="-90.00" type="DEFAULT_VEHTYPE" speed="13.02" pos="69.04" lane="2/1to1/1_0" slope="0.00"/>
        <vehicle id="6" x="38.34" y="401.65" angle="-90.00" type="DEFAULT_VEHTYPE" speed="13.14" pos="156.91" lane="1/2to0/2_0" slope="0.00"/>
    </timestep>
    <timestep time="602.00">
        <vehicle id="1" x="398.35" y="458.19" angle="0.00" type="DEFAULT_VEHTYPE" speed="13.73" pos="137.06" lane="2/3to2/2_0" slope="0.00"/>
        <vehicle id="11" x="225.46" y="598.35" angle="90.00" type="DEFAULT_VEHTYPE" speed="12.70" pos="20.71" lane="1/3to2/3_0" slope="0.00"/>
        <vehicle id="13" x="625.51" y="601.65" angle="-90.00" type="DEFAULT_VEHTYPE" speed="12.20" pos="174.49" lane="4/3to3/3_0" slope="0.00"/>
        <vehicle id="17" x="361.22" y="598.35" angle="90.00" type="DEFAULT_VEHTYPE" speed="13.25" pos="156.47" lane="1/3to2/3_0" slope="0.00"/>
        <vehicle id="2" x="6.16" y="201.65" angle="-90.00" type="DEFAULT_VEHTYPE" speed="13.07" pos="189.09" lane="1/1to0/1_0" slope="0.00"/>
        <vehicle id="21" x="77.86" y="398.35" angle="90.00" type="DEFAULT_VEHTYPE" speed="12.88" pos="77.86" lane="0/2to1/2_0" slope="0.00"/>
        <vehicle id="23" x="356.63" y="401.65" angle="-90.00" type="DEFAULT_VEHTYPE" speed="12.62" pos="38.62" lane="2/2to1/2_0" slope="0.00"/>
        <vehicle id="25" x="585.31" y="198.35" angle="90.00" type="DEFAULT_VEHTYPE" speed="7.21" pos="180.56" lane="2/1to3/1_0" slope="0.00"/>
        <vehicle id="27" x="201.65" y="539.58" angle="180.00" type="DEFAULT_VEHTYPE" speed="12.65" pos="134.83" lane="1/2to1/3_0" slope="0.00"/>
        <vehicle id="29" x="400.21" y="401.65" angle="-90.00" type="DEFAULT_VEHTYPE" speed="4.53" pos="4.54" lane=":2/2_5_0" slope="0.00"/>
        <vehicle id="3" x="401.65" y="799.16" angle="180.00" type="DEFAULT_VEHTYPE" speed="13.89" pos="194.41" lane="2/3to2/4_0" slope="0.00"/>
        <vehicle id="32" x="601.16" y="201.80" angle="130.86" type="DEFAULT_VEHTYPE" speed="6.91" pos="7.32" lane=":3/1_14_0" slope="0.00"/>
        <vehicle id="37" x="601.65" y="316.80" angle="180.00" type="DEFAULT_VEHTYPE" speed="13.08" pos="112.05" lane="3/1to3/2_0" slope="0.00"/>
        <vehicle id="38" x="398.35" y="624.19" angle="0.00" type="DEFAULT_VEHTYPE" speed="13.60" pos="175.81" lane="2/4to2/3_0" slope="0.00"/>
        <vehicle id="4" x="666.12" y="198.35" angle="90.00" type="DEFAULT_VEHTYPE" speed="12.63" pos="61.37" lane="3/1to4/1_0" slope="0.00"/>
        <vehicle id="41" x="366.53" y="201.65" angle="-90.00" type="DEFAULT_VEHTYPE" speed="12.67" pos="28.72" lane="2/1to1/1_0" slope="0.00"/>
        <vehicle id="42" x="522.39" y="198.35" angle="90.00" type="DEFAULT_VEHTYPE" speed="13.51" pos="117.64" lane="2/1to3/1_0" slope="0.00"/>
        <vehicle id="43" x="398.35" y="700.71" angle="0.00" type="DEFAULT_VEHTYPE" speed="13.13" pos="99.29" lane="2/4to2/3_0" slope="0.00"/>
        <vehicle id="44" x="376.65" y="198.35" angle="90.00" type="DEFAULT_VEHTYPE" speed="11.53" pos="171.90" lane="1/1to2/1_0" slope="0.00"/>
        <vehicle id="46" x="201.65" y="476.89" angle="180.00" type="DEFAULT_VEHTYPE" speed="12.99" pos="72.14" lane="1/2to1/3_0" slope="0.00"/>
        <vehicle id="47" x="398.35" y="330.96" angle="0.00" type="DEFAULT_VEHTYPE" speed="13.77" pos="64.29" lane="2/2to2/1_0" slope="0.00"/>
        <vehicle id="49" x="312.70" y="201.65" angle="-90.00" type="DEFAULT_VEHTYPE" speed="13.51" pos="82.55" lane="2/1to1/1_0" slope="0.00"/>
        <vehicle id="6" x="24.50" y="401.65" angle="-90.00" type="DEFAULT_VEHTYPE" speed="13.84" pos="170.75" lane="1/2to0/2_0" slope="0.00"/>
    </timestep>
    <timestep time="603.00">
        <vehicle id="1" x="398.35" y="445.58" angle="0.00" type="DEFAULT_VEHTYPE" speed="12.61" pos="149.67" lane="2/3to2/2_0" slope="0.00"/>
        <vehicle id="11" x="238.96" y="598.35" angle="90.00" type="DEFAULT_VEHTYPE" speed="13.50" pos="34.21" lane="1/3to2/3_0" slope="0.00"/>
        <vehicle id="13" x="617.06" y="601.65" angle="-90.00" type="DEFAULT_VEHTYPE" speed="8.45" pos="182.94" lane="4/3to3/3_0" slope="0.00"/>
        <vehicle id="17" x="372.92" y="598.35" angle="90.00" type="DEFAULT_VEHTYPE" speed="11.70" pos="168.17" lane="1/3to2/3_0" slope="0.00"/>
        <vehicle id="2" x="2.77" y="198.35" angle="71.07" type="DEFAULT_VEHTYPE" speed="13.75" pos="2.77" lane="0/1to1/1_0" slope="0.00"/>
        <vehicle id="21" x="91.76" y="398.35" angle="90.00" type="DEFAULT_VEHTYPE" speed="13.90" pos="91.76" lane="0/2to1/2_0" slope="0.00"/>
        <vehicle id="23" x="343.03" y="401.65" angle="-90.00" type="DEFAULT_VEHTYPE" speed="13.60" pos="52.22" lane="2/2to1/2_0" slope="0.00"/>
        <vehicle id="25" x="589.14" y="198.35" angle="90.00" type="DEFAULT_VEHTYPE" speed="3.83" pos="184.39" lane="2/1to3/1_0" slope="0.00"/>
        <vehicle id="27" x="201.65" y="552.26" angle="180.00" type="DEFAULT_VEHTYPE" speed="12.68" pos="147.51" lane="1/2to1/3_0" slope="0.00"/>
        <vehicle id="29" x="393.22" y="401.65" angle="-90.00" type="DEFAULT_VEHTYPE" speed="6.99" pos="2.03" lane="2/2to1/2_0" slope="0.00"/>
        <vehicle id="3" x="398.35" y="793.06" angle="0.00" type="DEFAULT_VEHTYPE" speed="12.61" pos="6.94" lane="2/4to2/3_0" slope="0.00"/>
        <vehicle id="32" x="601.65" y="211.18" angle="180.00" type="DEFAULT_VEHTYPE" speed="9.43" pos="6.43" lane="3/1to3/2_0" slope="0.00"/>
        <vehicle id="37" x="601.65" y="329.68" angle="180.00" type="DEFAULT_VEHTYPE" speed="12.88" pos="124.93" lane="3/1to3/2_0" slope="0.00"/>
        <vehicle id="38" x="398.35" y="611.05" angle="0.00" type="DEFAULT_VEHTYPE" speed="13.14" pos="188.95" lane="2/4to2/3_0" slope="0.00"/>
        <vehicle id="4" x="678.81" y="198.35" angle="90.00" type="DEFAULT_VEHTYPE" speed="12.69" pos="74.06" lane="3/1to4/1_0" slope="0.00"/>
        <vehicle id="41" x="353.34" y="201.65" angle="-90.00" type="DEFAULT_VEHTYPE" speed="13.20" pos="41.91" lane="2/1to1/1_0" slope="0.00"/>
        <vehicle id="42" x="536.03" y="198.35" angle="90.00" type="DEFAULT_VEHTYPE" speed="13.64" pos="131.28" lane="2/1to3/1_0" slope="0.00"/>
        <vehicle id="43" x="398.35" y="687.10" angle="0.00" type="DEFAULT_VEHTYPE" speed="13.61" pos="112.90" lane="2/4to2/3_0" slope="0.00"/>
        <vehicle id="44" x="383.97" y="198.35" angle="90.00" type="DEFAULT_VEHTYPE" speed="7.32" pos="179.22" lane="1/1to2/1_0" slope="0.00"/>
        <vehicle id="46" x="201.65" y="489.61" angle="180.00" type="DEFAULT_VEHTYPE" speed="12.72" pos="84.86" lane="1/2to1/3_0" slope="0.00"/>
        <vehicle id="47" x="398.35" y="318.19" angle="0.00" type="DEFAULT_VEHTYPE" speed="12.77" pos="77.06" lane="2/2to2/1_0" slope="0.00"/>
        <vehicle id="49" x="299.88" y="201.65" angle="-90.00" type="DEFAULT_VEHTYPE" speed="12.82" pos="95.37" lane="2/1to1/1_0" slope="0.00"/>
        <vehicle id="6" x="10.62" y="401.65" angle="-90.00" type="DEFAULT_VEHTYPE" speed="13.87" pos="184.63" lane="1/2to0/2_0" slope="0.00"/>
    </timestep>
    <timestep time="604.00">
        <vehicle id="1" x="398.35" y="431.86" angle="0.00" type="DEFAULT_VEHTYPE" speed="13.72" pos="163.39" lane="2/3to2/2_0" slope="0.00"/>
        <vehicle id="11" x="251.86" y="598.35" angle="90.00" type="DEFAULT_VEHTYPE" speed="12.91" pos="47.11" lane="1/3to2/3_0" slope="0.00"/>
        <vehicle id="13" x="611.47" y="601.65" angle="-90.00" type="DEFAULT_VEHTYPE" speed="5.59" pos="188.53" lane="4/3to3/3_0" slope="0.00"/>
        <vehicle id="17" x="382.49" y="598.35" angle="90.00" type="DEFAULT_VEHTYPE" speed="9.57" pos="177.74" lane="1/3to2/3_0" slope="0.00"/>
        <vehicle id="2" x="16.13" y="198.35" angle="90.00" type="DEFAULT_VEHTYPE" speed="13.36" pos="16.13" lane="0/1to1/1_0" slope="0.00"/>
        <vehicle id="21" x="104.52" y="398.35" angle="90.00" type="DEFAULT_VEHTYPE" speed="12.75" pos="104.52" lane="0/2to1/2_0" slope="0.00"/>
        <vehicle id="23" x="329.57" y="401.65" angle="-90.00" type="DEFAULT_VEHTYPE" speed="13.46" pos="65.68" lane="2/2to1/2_0" slope="0.00"/>
        <vehicle id="25" x="594.75" y="198.35" angle="90.00" type="DEFAULT_VEHTYPE" speed="5.61" pos="190.00" lane="2/1to3/1_0" slope="0.00"/>
        <vehicle id="27" x="201.65" y="564.90" angle="180.00" type="DEFAULT_VEHTYPE" speed="12.65" pos="160.15" lane="1/2to1/3_0" slope="0.00"/>
        <vehicle id="29" x="383.89" y="401.65" angle="-90.00" type="DEFAULT_VEHTYPE" speed="9.33" pos="11.36" lane="2/2to1/2_0" slope="0.00"/>
        <vehicle id="3" x="398.35" y="779.68" angle="0.00" type="DEFAULT_VEHTYPE" speed="13.38" pos="20.32" lane="2/4to2/3_0" slope="0.00"/>
        <vehicle id="32" x="601.65" y="222.36" angle="180.00" type="DEFAULT_VEHTYPE" speed="11.17" pos="17.61" lane="3/1to3/2_0" slope="0.00"/>
        <vehicle id="37" x="601.65" y="342.58" angle="180.00" type="DEFAULT_VEHTYPE" speed="12.90" pos="137.83" lane="3/1to3/2_0" slope="0.00"/>
        <vehicle id="38" x="398.35" y="597.69" angle="0.00" type="DEFAULT_VEHTYPE" speed="13.36" pos="7.06" lane=":2/3_1_0" slope="0.00"/>
        <vehicle id="4" x="692.32" y="198.35" angle="90.00" type="DEFAULT_VEHTYPE" speed="13.51" pos="87.57" lane="3/1to4/1_0" slope="0.00"/>
        <vehicle id="41" x="340.69" y="201.65" angle="-90.00" type="DEFAULT_VEHTYPE" speed="12.65" pos="54.56" lane="2/1to1/1_0" slope="0.00"/>
        <vehicle id="42" x="549.86" y="198.35" angle="90.00" type="DEFAULT_VEHTYPE" speed="13.83" pos="145.11" lane="2/1to3/1_0" slope="0.00"/>
        <vehicle id="43" x="398.35" y="673.76" angle="0.00" type="DEFAULT_VEHTYPE" speed="13.34" pos="126.24" lane="2/4to2/3_0" slope="0.00"/>
        <vehicle id="44" x="388.48" y="198.35" angle="90.00" type="DEFAULT_VEHTYPE" speed="4.51" pos="183.73" lane="1/1to2/1_0" slope="0.00"/>
        <vehicle id="46" x="201.65" y="503.37" angle="180.00" type="DEFAULT_VEHTYPE" speed="13.76" pos="98.62" lane="1/2to1/3_0" slope="0.00"/>
        <vehicle id="47" x="398.35" y="305.29" angle="0.00" type="DEFAULT_VEHTYPE" speed="12.90" pos="89.96" lane="2/2to2/1_0" slope="0.00"/>
        <vehicle id="49" x="286.76" y="201.65" angle="-90.00" type="DEFAULT_VEHTYPE" speed="13.12" pos="108.49" lane="2/1to1/1_0" slope="0.00"/>
        <vehicle id="6" x="-1.63" y="400.05" angle="-69.44" type="DEFAULT_VEHTYPE" speed="12.98" pos="2.36" lane=":0/2_0_0" slope="0.00"/>
    </timestep>
    <timestep time="605.00">
        <vehicle id="1" x="398.35" y="418.68" angle="0.00" type="DEFAULT_VEHTYPE" speed="13.17" pos="176.57" lane="2/3to2/2_0" slope="0.00"/>
        <vehicle id="11" x="265.44" y="598.35" angle="90.00" type="DEFAULT_VEHTYPE" speed="13.58" pos="60.69" lane="1/3to2/3_0" slope="0.00"/>
        <vehicle id="13" x="603.76" y="601.51" angle="-88.38" type="DEFAULT_VEHTYPE" speed="7.72" pos="1.00" lane=":3/3_6_0" slope="0.00"/>
        <vehicle id="17" x="388.59" y="598.35" angle="90.00" type="DEFAULT_VEHTYPE" speed="6.10" pos="183.84" lane="1/3to2/3_0" slope="0.00"/>
        <vehicle id="2" x="29.03" y="198.35" angle="90.00" type="DEFAULT_VEHTYPE" speed="12.90" pos="29.03" lane="0/1to1/1_0" slope="0.00"/>
        <vehicle id="21" x="117.49" y="398.35" angle="90.00" type="DEFAULT_VEHTYPE" speed="12.97" pos="117.49" lane="0/2to1/2_0" slope="0.00"/>
        <vehicle id="23" x="316.83" y="401.65" angle="-90.00" type="DEFAULT_VEHTYPE" speed="12.73" pos="78.42" lane="2/2to1/2_0" slope="0.00"/>
        <vehicle id="25" x="602.29" y="198.35" angle="90.00" type="DEFAULT_VEHTYPE" speed="7.54" pos="7.04" lane=":3/1_13_0" slope="0.00"/>
        <vehicle id="27" x="201.65" y="578.76" angle="180.00" type="DEFAULT_VEHTYPE" speed="13.85" pos="174.01" lane="1/2to1/3_0" slope="0.00"/>
        <vehicle id="29" x="373.07" y="401.65" angle="-90.00" type="DEFAULT_VEHTYPE" speed="10.82" pos="22.18" lane="2/2to1/2_0" slope="0.00"/>
        <vehicle id="3" x="398.35" y="766.40" angle="0.00" type="DEFAULT_VEHTYPE" speed="13.27" pos="33.60" lane="2/4to2/3_0" slope="0.00"/>
        <vehicle id="32" x="601.65" y="235.77" angle="180.00" type="DEFAULT_VEHTYPE" speed="13.41" pos="31.02" lane="3/1to3/2_0" slope="0.00"/>
        <vehicle id="37" x="601.65" y="355.45" angle="180.00" type="DEFAULT_VEHTYPE" speed="12.88" pos="150.70" lane="3/1to3/2_0" slope="0.00"/>
        <vehicle id="38" x="398.35" y="583.82" angle="0.00" type="DEFAULT_VEHTYPE" speed="13.88" pos="11.43" lane="2/3to2/2_0" slope="0.00"/>
        <vehicle id="4" x="705.46" y="198.35" angle="90.00" type="DEFAULT_VEHTYPE" speed="13.14" pos="100.71" lane="3/1to4/1_0" slope="0.00"/>
        <vehicle id="41" x="327.43" y="201.65" angle="-90.00" type="DEFAULT_VEHTYPE" speed="13.26" pos="67.82" lane="2/1to1/1_0" slope="0.00"/>
        <vehicle id="42" x="563.31" y="198.35" angle="90.00" type="DEFAULT_VEHTYPE" speed="13.44" pos="158.56" lane="2/1to3/1_0" slope="0.00"/>
        <vehicle id="43" x="398.35" y="660.54" angle="0.00" type="DEFAULT_VEHTYPE" speed="13.21" pos="139.46" lane="2/4to2/3_0" slope="0.00"/>
        <vehicle id="44" x="395.38" y="198.35" angle="90.00" type="DEFAULT_VEHTYPE" speed="6.90" pos="0.13" lane=":2/1_13_0" slope="0.00"/>
        <vehicle id="46" x="201.65" y="517.25" angle="180.00" type="DEFAULT_VEHTYPE" speed="13.88" pos="112.50" lane="1/2to1/3_0" slope="0.00"/>
        <vehicle id="47" x="398.35" y="291.84" angle="0.00" type="DEFAULT_VEHTYPE" speed="13.45" pos="103.41" lane="2/2to2/1_0" slope="0.00"/>
        <vehicle id="49" x="273.63" y="201.65" angle="-90.00" type="DEFAULT_VEHTYPE" speed="13.13" pos="121.62" lane="2/1to1/1_0" slope="0.00"/>
        <vehicle id="6" x="11.34" y="398.35" angle="90.00" type="DEFAULT_VEHTYPE" speed="13.80" pos="11.34" lane="0/2to1/2_0" slope="0.00"/>
    </timestep>
    <timestep time="606.00">
        <vehicle id="1" x="398.35" y="405.59" angle="0.00" type="DEFAULT_VEHTYPE" speed="13.09" pos="189.66" lane="2/3to2/2_0" slope="0.00"/>
        <vehicle id="11" x="278.52" y="598.35" angle="90.00" type="DEFAULT_VEHTYPE" speed="13.08" pos="73.77" lane="1/3to2/3_0" slope="0.00"/>
        <vehicle id="13" x="598.35" y="594.26" angle="-11.84" type="DEFAULT_VEHTYPE" speed="10.32" pos="0.99" lane="3/3to3/2_0" slope="0.00"/>
        <vehicle id="17" x="396.24" y="598.49" angle="91.62" type="DEFAULT_VEHTYPE" speed="7.66" pos="1.00" lane=":2/3_14_0" slope="0.00"/>
        <vehicle id="2" x="42.15" y="198.35" angle="90.00" type="DEFAULT_VEHTYPE" speed="13.12" pos="42.15" lane="0/1to1/1_0" slope="0.00"/>
        <vehicle id="21" x="131.17" y="398.35" angle="90.00" type="DEFAULT_VEHTYPE" speed="13.68" pos="131.17" lane="0/2to1/2_0" slope="0.00"/>
        <vehicle id="23" x="304.06" y="401.65" angle="-90.00" type="DEFAULT_VEHTYPE" speed="12.77" pos="91.19" lane="2/2to1/2_0" slope="0.00"/>
        <vehicle id="25" x="611.69" y="198.35" angle="90.00" type="DEFAULT_VEHTYPE" speed="9.40" pos="6.94" lane="3/1to4/1_0" slope="0.00"/>
        <vehicle id="27" x="201.65" y="591.67" angle="180.00" type="DEFAULT_VEHTYPE" speed="12.92" pos="186.92" lane="1/2to1/3_0" slope="0.00"/>
        <vehicle id="29" x="360.20" y="401.65" angle="-90.00" type="DEFAULT_VEHTYPE" speed="12.87" pos="35.05" lane="2/2to1/2_0" slope="0.00"/>
        <vehicle id="3" x="398.35" y="752.63" angle="0.00" type="DEFAULT_VEHTYPE" speed="13.77" pos="47.37" lane="2/4to2/3_0" slope="0.00"/>
        <vehicle id="32" x="601.65" y="248.94" angle="180.00" type="DEFAULT_VEHTYPE" speed="13.18" pos="44.19" lane="3/1to3/2_0" slope="0.00"/>
        <vehicle id="37" x="601.65" y="368.86" angle="180.00" type="DEFAULT_VEHTYPE" speed="13.41" pos="164.11" lane="3/1to3/2_0" slope="0.00"/>
        <vehicle id="38" x="398.35" y="570.60" angle="0.00" type="DEFAULT_VEHTYPE" speed="13.22" pos="24.65" lane="2/3to2/2_0" slope="0.00"/>
        <vehicle id="4" x="718.73" y="198.35" angle="90.00" type="DEFAULT_VEHTYPE" speed="13.27" pos="113.98" lane="3/1to4/1_0" slope="0.00"/>
        <vehicle id="41" x="313.61" y="201.65" angle="-90.00" type="DEFAULT_VEHTYPE" speed="13.81" pos="81.64" lane="2/1to1/1_0" slope="0.00"/>
        <vehicle id="42" x="575.14" y="198.35" angle="90.00" type="DEFAULT_VEHTYPE" speed="11.83" pos="170.39" lane="2/1to3/1_0" slope="0.00"/>
        <vehicle id="43" x="398.35" y="647.16" angle="0.00" type="DEFAULT_VEHTYPE" speed="13.38" pos="152.84" lane="2/4to2/3_0" slope="0.00"/>
        <vehicle id="44" x="404.61" y="198.35" angle="90.00" type="DEFAULT_VEHTYPE" speed="9.23" pos="9.36" lane=":2/1_13_0" slope="0.00"/>
        <vehicle id="46" x="201.65" y="530.87" angle="180.00" type="DEFAULT_VEHTYPE" speed="13.63" pos="126.12" lane="1/2to1/3_0" slope="0.00"/>
        <vehicle id="47" x="398.35" y="278.11" angle="0.00" type="DEFAULT_VEHTYPE" speed="13.74" pos="117.14" lane="2/2to2/1_0" slope="0.00"/>
        <vehicle id="49" x="260.88" y="201.65" angle="-90.00" type="DEFAULT_VEHTYPE" speed="12.75" pos="134.37" lane="2/1to1/1_0" slope="0.00"/>
        <vehicle id="6" x="24.06" y="398.35" angle="90.00" type="DEFAULT_VEHTYPE" speed="12.73" pos="24.06" lane="0/2to1/2_0" slope="0.00"/>
    </timestep>
    <timestep time="607.00">
        <vehicle id="1" x="388.31" y="401.65" angle="-90.00" type="DEFAULT_VEHTYPE" speed="12.78" pos="6.94" lane="2/2to1/2_0" slope="0.00"/>
        <vehicle id="11" x="291.53" y="598.35" angle="90.00" type="DEFAULT_VEHTYPE" speed="13.01" pos="86.78" lane="1/3to2/3_0" slope="0.00"/>
        <vehicle id="13" x="598.35" y="581.80" angle="0.00" type="DEFAULT_VEHTYPE" speed="12.46" pos="13.45" lane="3/3to3/2_0" slope="0.00"/>
        <vehicle id="17" x="401.65" y="605.63" angle="167.45" type="DEFAULT_VEHTYPE" speed="10.20" pos="0.88" lane="2/3to2/4_0" slope="0.00"/>
        <vehicle id="2" x="55.74" y="198.35" angle="90.00" type="DEFAULT_VEHTYPE" speed="13.60" pos="55.74" lane="0/1to1/1_0" slope="0.00"/>
        <vehicle id="21" x="144.09" y="398.35" angle="90.00" type="DEFAULT_VEHTYPE" speed="12.92" pos="144.09" lane="0/2to1/2_0" slope="0.00"/>
        <vehicle id="23" x="290.83" y="401.65" angle="-90.00" type="DEFAULT_VEHTYPE" speed="13.23" pos="104.42" lane="2/2to1/2_0" slope="0.00"/>
        <vehicle id="25" x="622.68" y="198.35" angle="90.00" type="DEFAULT_VEHTYPE" speed="10.99" pos="17.93" lane="3/1to4/1_0" slope="0.00"/>
        <vehicle id="27" x="210.00" y="598.35" angle="90.00" type="DEFAULT_VEHTYPE" speed="13.83" pos="5.25" lane="1/3to2/3_0" slope="0.00"/>
        <vehicle id="29" x="347.16" y="401.65" angle="-90.00" type="DEFAULT_VEHTYPE" speed="13.04" pos="48.09" lane="2/2to1/2_0" slope="0.00"/>
        <vehicle id="3" x="398.35" y="739.86" angle="0.00" type="DEFAULT_VEHTYPE" speed="12.77" pos="60.14" lane="2/4to2/3_0" slope="0.00"/>
        <vehicle id="32" x="601.65" y="261.68" angle="180.00" type="DEFAULT_VEHTYPE" speed="12.74" pos="56.93" lane="3/1to3/2_0" slope="0.00"/>
        <vehicle id="37" x="601.65" y="381.52" angle="180.00" type="DEFAULT_VEHTYPE" speed="12.66" pos="176.77" lane="3/1to3/2_0" slope="0.00"/>
        <vehicle id="38" x="398.35" y="556.84" angle="0.00" type="DEFAULT_VEHTYPE" speed="13.76" pos="38.41" lane="2/3to2/2_0" slope="0.00"/>
        <vehicle id="4" x="732.29" y="198.35" angle="90.00" type="DEFAULT_VEHTYPE" speed="13.55" pos="127.54" lane="3/1to4/1_0" slope="0.00"/>
        <vehicle id="41" x="300.54" y="201.65" angle="-90.00" type="DEFAULT_VEHTYPE" speed="13.07" pos="94.71" lane="2/1to1/1_0" slope="0.00"/>
        <vehicle id="42" x="583.86" y="198.35" angle="90.00" type="DEFAULT_VEHTYPE" speed="8.72" pos="179.11" lane="2/1to3/1_0" slope="0.00"/>
        <vehicle id="43" x="398.35" y="634.14" angle="0.00" type="DEFAULT_VEHTYPE" speed="13.02" pos="165.86" lane="2/4to2/3_0" slope="0.00"/>
        <vehicle id="44" x="416.28" y="198.35" angle="90.00" type="DEFAULT_VEHTYPE" speed="11.67" pos="11.53" lane="2/1to3/1_0" slope="0.00"/>
        <vehicle id="46" x="201.65" y="544.64" angle="180.00" type="DEFAULT_VEHTYPE" speed="13.76" pos="139.89" lane="1/2to1/3_0" slope="0.00"/>
        <vehicle id="47" x="398.35" y="264.73" angle="0.00" type="DEFAULT_VEHTYPE" speed="13.38" pos="130.52" lane="2/2to2/1_0" slope="0.00"/>
        <vehicle id="49" x="248.14" y="201.65" angle="-90.00" type="DEFAULT_VEHTYPE" speed="12.73" pos="147.11" lane="2/1to1/1_0" slope="0.00"/>
        <vehicle id="6" x="36.86" y="398.35" angle="90.00" type="DEFAULT_VEHTYPE" speed="12.80" pos="36.86" lane="0/2to1/2_0" slope="0.00"/>
    </timestep>
    <timestep time="608.00">
        <vehicle id="1" x="374.60" y="401.65" angle="-90.00" type="DEFAULT_VEHTYPE" speed="13.71" pos="20.65" lane="2/2to1/2_0" slope="0.00"/>
        <vehicle id="11" x="304.44" y="598.35" angle="90.00" type="DEFAULT_VEHTYPE" speed="12.91" pos="99.69" lane="1/3to2/3_0" slope="0.00"/>
        <vehicle id="13" x="598.35" y="567.91" angle="0.00" type="DEFAULT_VEHTYPE" speed="13.89" pos="27.34" lane="3/3to3/2_0" slope="0.00"/>
        <vehicle id="17" x="401.65" y="617.91" angle="180.00" type="DEFAULT_VEHTYPE" speed="12.28" pos="13.16" lane="2/3to2/4_0" slope="0.00"/>
        <vehicle id="2" x="68.36" y="198.35" angle="90.00" type="DEFAULT_VEHTYPE" speed="12.61" pos="68.36" lane="0/1to1/1_0" slope="0.00"/>
        <vehicle id="21" x="157.08" y="398.35" angle="90.00" type="DEFAULT_VEHTYPE" speed="12.99" pos="157.08" lane="0/2to1/2_0" slope="0.00"/>
        <vehicle id="23" x="276.97" y="401.65" angle="-90.00" type="DEFAULT_VEHTYPE" speed="13.87" pos="118.28" lane="2/2to1/2_0" slope="0.00"/>
        <vehicle id="25" x="635.87" y="198.35" angle="90.00" type="DEFAULT_VEHTYPE" speed="13.19" pos="31.12" lane="3/1to4/1_0" slope="0.00"/>
        <vehicle id="27" x="222.69" y="598.35" angle="90.00" type="DEFAULT_VEHTYPE" speed="12.68" pos="17.94" lane="1/3to2/3_0" slope="0.00"/>
        <vehicle id="29" x="333.46" y="401.65" angle="-90.00" type="DEFAULT_VEHTYPE" speed="13.69" pos="61.79" lane="2/2to1/2_0" slope="0.00"/>
        <vehicle id="3" x="398.35" y="725.99" angle="0.00" type="DEFAULT_VEHTYPE" speed="13.87" pos="74.01" lane="2/4to2/3_0" slope="0.00"/>
        <vehicle id="32" x="601.65" y="275.50" angle="180.00" type="DEFAULT_VEHTYPE" speed="13.82" pos="70.75" lane="3/1to3/2_0" slope="0.00"/>
        <vehicle id="37" x="601.65" y="394.20" angle="180.00" type="DEFAULT_VEHTYPE" speed="12.68" pos="189.45" lane="3/1to3/2_0" slope="0.00"/>
        <vehicle id="38" x="398.35" y="543.03" angle="0.00" type="DEFAULT_VEHTYPE" speed="13.81" pos="52.22" lane="2/3to2/2_0" slope="0.00"/>
        <vehicle id="4" x="745.12" y="198.35" angle="90.00" type="DEFAULT_VEHTYPE" speed="12.83" pos="140.37" lane="3/1to4/1_0" slope="0.00"/>
        <vehicle id="41" x="287.92" y="201.65" angle="-90.00" type="DEFAULT_VEHTYPE" speed="12.62" pos="107.33" lane="2/1to1/1_0" slope="0.00"/>
        <vehicle id="42" x="589.16" y="198.35" angle="90.00" type="DEFAULT_VEHTYPE" speed="5.30" pos="184.41" lane="2/1to3/1_0" slope="0.00"/>
        <vehicle id="43" x="398.35" y="621.52" angle="0.00" type="DEFAULT_VEHTYPE" speed="12.62" pos="178.48" lane="2/4to2/3_0" slope="0.00"/>
        <vehicle id="44" x="428.97" y="198.35" angle="90.00" type="DEFAULT_VEHTYPE" speed="12.69" pos="24.22" lane="2/1to3/1_0" slope="0.00"/>
        <vehicle id="46" x="201.65" y="558.19" angle="180.00" type="DEFAULT_VEHTYPE" speed="13.55" pos="153.44" lane="1/2to1/3_0" slope="0.00"/>
        <vehicle id="47" x="398.35" y="251.96" angle="0.00" type="DEFAULT_VEHTYPE" speed="12.77" pos="143.29" lane="2/2to2/1_0" slope="0.00"/>
        <vehicle id="49" x="234.32" y="201.65" angle="-90.00" type="DEFAULT_VEHTYPE" speed="13.82" pos="160.93" lane="2/1to1/1_0" slope="0.00"/>
        <vehicle id="6" x="50.05" y="398.35" angle="90.00" type="DEFAULT_VEHTYPE" speed="13.19" pos="50.05" lane="0/2to1/2_0" slope="0.00"/>
    </timestep>
    <timestep time="609.00">
        <vehicle id="1" x="361.03" y="401.65" angle="-90.00" type="DEFAULT_VEHTYPE" speed="13.57" pos="34.22" lane="2/2to1/2_0" slope="0.00"/>
        <vehicle id="11" x="317.36" y="598.35" angle="90.00" type="DEFAULT_VEHTYPE" speed="12.92" pos="112.61" lane="1/3to2/3_0" slope="0.00"/>
        <vehicle id="13" x="598.35" y="554.62" angle="0.00" type="DEFAULT_VEHTYPE" speed="13.29" pos="40.63" lane="3/3to3/2_0" slope="0.00"/>
        <vehicle id="17" x="401.65" y="631.73" angle="180.00" type="DEFAULT_VEHTYPE" speed="13.82" pos="26.98" lane="2/3to2/4_0" slope="0.00"/>
        <vehicle id="2" x="81.45" y="198.35" angle="90.00" type="DEFAULT_VEHTYPE" speed="13.09" pos="81.45" lane="0/1to1/1_0" slope="0.00"/>
        <vehicle id="21" x="170.05" y="398.35" angle="90.00" type="DEFAULT_VEHTYPE" speed="12.98" pos="170.05" lane="0/2to1/2_0" slope="0.00"/>
        <vehicle id="23" x="264.15" y="401.65" angle="-90.00" type="DEFAULT_VEHTYPE" speed="12.82" pos="131.10" lane="2/2to1/2_0" slope="0.00"/>
        <vehicle id="25" x="648.84" y="198.35" angle="90.00" type="DEFAULT_VEHTYPE" speed="12.97" pos="44.09" lane="3/1to4/1_0" slope="0.00"/>
        <vehicle id="27" x="236.58" y="598.35" angle="90.00" type="DEFAULT_VEHTYPE" speed="13.90" pos="31.83" lane="1/3to2/3_0" slope="0.00"/>
        <vehicle id="29" x="320.07" y="401.65" angle="-90.00" type="DEFAULT_VEHTYPE" speed="13.40" pos="75.18" lane="2/2to1/2_0" slope="0.00"/>
        <vehicle id="3" x="398.35" y="713.00" angle="0.00" type="DEFAULT_VEHTYPE" speed="12.99" pos="87.00" lane="2/4to2/3_0" slope="0.00"/>
        <vehicle id="32" x="601.65" y="288.64" angle="180.00" type="DEFAULT_VEHTYPE" speed="13.14" pos="83.89" lane="3/1to3/2_0" slope="0.00"/>
        <vehicle id="37" x="601.65" y="406.90" angle="180.00" type="DEFAULT_VEHTYPE" speed="12.70" pos="2.15" lane="3/2to3/3_0" slope="0.00"/>
        <vehicle id="38" x="398.35" y="530.18" angle="0.00" type="DEFAULT_VEHTYPE" speed="12.86" pos="65.07" lane="2/3to2/2_0" slope="0.00"/>
        <vehicle id="4" x="757.97" y="198.35" angle="90.00" type="DEFAULT_VEHTYPE" speed="12.85" pos="153.22" lane="3/1to4/1_0" slope="0.00"/>
        <vehicle id="41" x="275.05" y="201.65" angle="-90.00" type="DEFAULT_VEHTYPE" speed="12.87" pos="120.20" lane="2/1to1/1_0" slope="0.00"/>
        <vehicle id="42" x="596.66" y="198.35" angle="90.00" type="DEFAULT_VEHTYPE" speed="7.50" pos="1.41" lane=":3/1_13_0" slope="0.00"/>
        <vehicle id="43" x="398.35" y="608.72" angle="0.00" type="DEFAULT_VEHTYPE" speed="12.80" pos="191.28" lane="2/4to2/3_0" slope="0.00"/>
        <vehicle id="44" x="442.78" y="198.35" angle="90.00" type="DEFAULT_VEHTYPE" speed="13.80" pos="38.03" lane="2/1to3/1_0" slope="0.00"/>
        <vehicle id="46" x="201.65" y="571.45" angle="180.00" type="DEFAULT_VEHTYPE" speed="13.26" pos="166.70" lane="1/2to1/3_0" slope="0.00"/>
        <vehicle id="47" x="398.35" y="239.33" angle="0.00" type="DEFAULT_VEHTYPE" speed="12.63" pos="155.92" lane="2/2to2/1_0" slope="0.00"/>
        <vehicle id="49" x="223.59" y="201.65" angle="-90.00" type="DEFAULT_VEHTYPE" speed="10.73" pos="171.66" lane="2/1to1/1_0" slope="0.00"/>
        <vehicle id="6" x="63.45" y="398.35" angle="90.00" type="DEFAULT_VEHTYPE" speed="13.40" pos="63.45" lane="0/2to1/2_0" slope="0.00"/>
    </timestep>
    <timestep time="610.00">
        <vehicle id="1" x="347.48" y="401.65" angle="-90.00" type="DEFAULT_VEHTYPE" speed="13.54" pos="47.77" lane="2/2to1/2_0" slope="0.00"/>
        <vehicle id="11" x="330.24" y="598.35" angle="90.00" type="DEFAULT_VEHTYPE" speed="12.88" pos="125.49" lane="1/3to2/3_0" slope="0.00"/>
        <vehicle id="13" x="598.35" y="541.05" angle="0.00" type="DEFAULT_VEHTYPE" speed="13.57" pos="54.20" lane="3/3to3/2_0" slope="0.00"/>
        <vehicle id="17" x="401.65" y="644.82" angle="180.00" type="DEFAULT_VEHTYPE" speed="13.09" pos="40.07" lane="2/3to2/4_0" slope="0.00"/>
        <vehicle id="2" x="94.78" y="198.35" angle="90.00" type="DEFAULT_VEHTYPE" speed="13.33" pos="94.78" lane="0/1to1/1_0" slope="0.00"/>
        <vehicle id="21" x="180.05" y="398.35" angle="90.00" type="DEFAULT_VEHTYPE" speed="10.00" pos="180.05" lane="0/2to1/2_0" slope="0.00"/>
        <vehicle id="23" x="251.12" y="401.65" angle="-90.00" type="DEFAULT_VEHTYPE" speed="13.03" pos="144.13" lane="2/2to1/2_0" slope="0.00"/>
        <vehicle id="25" x="662.39" y="198.35" angle="90.00" type="DEFAULT_VEHTYPE" speed="13.55" pos="57.64" lane="3/1to4/1_0" slope="0.00"/>
        <vehicle id="27" x="249.38" y="598.35" angle="90.00" type="DEFAULT_VEHTYPE" speed="12.80" pos="44.63" lane="1/3to2/3_0" slope="0.00"/>
        <vehicle id="29" x="307.43" y="401.65" angle="-90.00" type="DEFAULT_VEHTYPE" speed="12.63" pos="87.82" lane="2/2to1/2_0" slope="0.00"/>
        <vehicle id="3" x="398.35" y="699.16" angle="0.00" type="DEFAULT_VEHTYPE" speed="13.84" pos="100.84" lane="2/4to2/3_0" slope="0.00"/>
        <vehicle id="32" x="601.65" y="302.43" angle="180.00" type="DEFAULT_VEHTYPE" speed="13.79" pos="97.68" lane="3/1to3/2_0" slope="0.00"/>
        <vehicle id="37" x="601.65" y="419.62" angle="180.00" type="DEFAULT_VEHTYPE" speed="12.72" pos="14.87" lane="3/2to3/3_0" slope="0.00"/>
        <vehicle id="38" x="398.35" y="517.50" angle="0.00" type="DEFAULT_VEHTYPE" speed="12.68" pos="77.75" lane="2/3to2/2_0" slope="0.00"/>
        <vehicle id="4" x="771.42" y="198.35" angle="90.00" type="DEFAULT_VEHTYPE" speed="13.45" pos="166.67" lane="3/1to4/1_0" slope="0.00"/>
        <vehicle id="41" x="261.75" y="201.65" angle="-90.00" type="DEFAULT_VEHTYPE" speed="13.30" pos="133.50" lane="2/1to1/1_0" slope="0.00"/>
        <vehicle id="42" x="606.39" y="198.35" angle="90.00" type="DEFAULT_VEHTYPE" speed="9.73" pos="1.64" lane="3/1to4/1_0" slope="0.00"/>
        <vehicle id="43" x="398.35" y="595.05" angle="0.00" type="DEFAULT_VEHTYPE" speed="13.67" pos="0.20" lane="2/3to2/2_0" slope="0.00"/>
        <vehicle id="44" x="455.90" y="198.35" angle="90.00" type="DEFAULT_VEHTYPE" speed="13.12" pos="51.15" lane="2/1to3/1_0" slope="0.00"/>
        <vehicle id="46" x="201.65" y="584.27" angle="180.00" type="DEFAULT_VEHTYPE" speed="12.82" pos="179.52" lane="1/2to1/3_0" slope="0.00"/>
        <vehicle id="47" x="398.35" y="226.69" angle="0.00" type="DEFAULT_VEHTYPE" speed="12.63" pos="168.56" lane="2/2to2/1_0" slope="0.00"/>
        <vehicle id="49" x="215.72" y="201.65" angle="-90.00" type="DEFAULT_VEHTYPE" speed="7.87" pos="179.53" lane="2/1to1/1_0" slope="0.00"/>
        <vehicle id="6" x="76.55" y="398.35" angle="90.00" type="DEFAULT_VEHTYPE" speed="13.10" pos="76.55" lane="0/2to1/2_0" slope="0.00"/>
    </timestep>
    <timestep time="611.00">
        <vehicle id="1" x="334.57" y="401.65" angle="-90.00" type="DEFAULT_VEHTYPE" speed="12.91" pos="60.68" lane="2/2to1/2_0" slope="0.00"/>
        <vehicle id="11" x="343.11" y="598.35" angle="90.00" type="DEFAULT_VEHTYPE" speed="12.87" pos="138.36" lane="1/3to2/3_0" slope="0.00"/>
        <vehicle id="13" x="598.35" y="527.89" angle="0.00" type="DEFAULT_VEHTYPE" speed="13.16" pos="67.36" lane="3/3to3/2_0" slope="0.00"/>
        <vehicle id="17" x="401.65" y="658.11" angle="180.00" type="DEFAULT_VEHTYPE" speed="13.29" pos="53.36" lane="2/3to2/4_0" slope="0.00"/>
        <vehicle id="2" x="107.75" y="198.35" angle="90.00" type="DEFAULT_VEHTYPE" speed="12.97" pos="107.75" lane="0/1to1/1_0" slope="0.00"/>
        <vehicle id="21" x="186.51" y="398.35" angle="90.00" type="DEFAULT_VEHTYPE" speed="6.46" pos="186.51" lane="0/2to1/2_0" slope="0.00"/>
        <vehicle id="23" x="237.67" y="401.65" angle="-90.00" type="DEFAULT_VEHTYPE" speed="13.45" pos="157.58" lane="2/2to1/2_0" slope="0.00"/>
        <vehicle id="25" x="675.53" y="198.35" angle="90.00" type="DEFAULT_VEHTYPE" speed="13.13" pos="70.78" lane="3/1to4/1_0" slope="0.00"/>
        <vehicle id="27" x="262.71" y="598.35" angle="90.00" type="DEFAULT_VEHTYPE" speed="13.33" pos="57.96" lane="1/3to2/3_0" slope="0.00"/>
        <vehicle id="29" x="293.68" y="401.65" angle="-90.00" type="DEFAULT_VEHTYPE" speed="13.75" pos="101.57" lane="2/2to1/2_0" slope="0.00"/>
        <vehicle id="3" x="398.35" y="686.35" angle="0.00" type="DEFAULT_VEHTYPE" speed="12.81" pos="113.65" lane="2/4to2/3_0" slope="0.00"/>
        <vehicle id="32" x="601.65" y="316.09" angle="180.00" type="DEFAULT_VEHTYPE" speed="13.66" pos="111.34" lane="3/1to3/2_0" slope="0.00"/>
        <vehicle id="37" x="601.65" y="433.24" angle="180.00" type="DEFAULT_VEHTYPE" speed="13.61" pos="28.49" lane="3/2to3/3_0" slope="0.00"/>
        <vehicle id="38" x="398.35" y="503.68" angle="0.00" type="DEFAULT_VEHTYPE" speed="13.82" pos="91.57" lane="2/3to2/2_0" slope="0.00"/>
        <vehicle id="4" x="784.02" y="198.35" angle="90.00" type="DEFAULT_VEHTYPE" speed="12.60" pos="179.27" lane="3/1to4/1_0" slope="0.00"/>
        <vehicle id="41" x="249.02" y="201.65" angle="-90.00" type="DEFAULT_VEHTYPE" speed="12.73" pos="146.23" lane="2/1to1/1_0" slope="0.00"/>
        <vehicle id="42" x="618.54" y="198.35" angle="90.00" type="DEFAULT_VEHTYPE" speed="12.15" pos="13.79" lane="3/1to4/1_0" slope="0.00"/>
        <vehicle id="43" x="398.35" y="581.75" angle="0.00" type="DEFAULT_VEHTYPE" speed="13.30" pos="13.50" lane="2/3to2/2_0" slope="0.00"/>
        <vehicle id="44" x="469.23" y="198.35" angle="90.00" type="DEFAULT_VEHTYPE" speed="13.34" pos="64.48" lane="2/1to3/1_0" slope="0.00"/>
        <vehicle id="46" x="202.68" y="597.73" angle="167.63" type="DEFAULT_VEHTYPE" speed="13.78" pos="2.80" lane=":1/3_8_0" slope="0.00"/>
        <vehicle id="47" x="398.35" y="212.80" angle="0.00" type="DEFAULT_VEHTYPE" speed="13.90" pos="182.45" lane="2/2to2/1_0" slope="0.00"/>
        <vehicle id="49" x="210.59" y="201.65" angle="-90.00" type="DEFAULT_VEHTYPE" speed="5.13" pos="184.66" lane="2/1to1/1_0" slope="0.00"/>
        <vehicle id="6" x="89.50" y="398.35" angle="90.00" type="DEFAULT_VEHTYPE" speed="12.96" pos="89.50" lane="0/2to1/2_0" slope="0.00"/>
    </timestep>
    <timestep time="612.00">
        <vehicle id="1" x="321.72" y="401.65" angle="-90.00" type="DEFAULT_VEHTYPE" speed="12.85" pos="73.53" lane="2/2to1/2_0" slope="0.00"/>
        <vehicle id="11" x="355.87" y="598.35" angle="90.00" type="DEFAULT_VEHTYPE" speed="12.76" pos="151.12" lane="1/3to2/3_0" slope="0.00"/>
        <vehicle id="13" x="598.35" y="515.06" angle="0.00" type="DEFAULT_VEHTYPE" speed="12.83" pos="80.19" lane="3/3to3/2_0" slope="0.00"/>
        <vehicle id="17" x="401.65" y="671.72" angle="180.00" type="DEFAULT_VEHTYPE" speed="13.61" pos="66.97" lane="2/3to2/4_0" slope="0.00"/>
        <vehicle id="2" x="120.54" y="198.35" angle="90.00" type="DEFAULT_VEHTYPE" speed="12.78" pos="120.54" lane="0/1to1/1_0" slope="0.00"/>
        <vehicle id="21" x="189.72" y="398.35" angle="90.00" type="DEFAULT_VEHTYPE" speed="3.21" pos="189.72" lane="0/2to1/2_0" slope="0.00"/>
        <vehicle id="23" x="226.23" y="401.65" angle="-90.00" type="DEFAULT_VEHTYPE" speed="11.44" pos="169.02" lane="2/2to1/2_0" slope="0.00"/>
        <vehicle id="25" x="689.24" y="198.35" angle="90.00" type="DEFAULT_VEHTYPE" speed="13.71" pos="84.49" lane="3/1to4/1_0" slope="0.00"/>
        <vehicle id="27" x="275.82" y="598.35" angle="90.00" type="DEFAULT_VEHTYPE" speed="13.11" pos="71.07" lane="1/3to2/3_0" slope="0.00"/>
        <vehicle id="29" x="280.49" y="401.65" angle="-90.00" type="DEFAULT_VEHTYPE" speed="13.20" pos="114.76" lane="2/2to1/2_0" slope="0.00"/>
        <vehicle id="3" x="398.35" y="673.36" angle="0.00" type="DEFAULT_VEHTYPE" speed="12.99" pos="126.64" lane="2/4to2/3_0" slope="0.00"/>
        <vehicle id="32" x="601.65" y="329.31" angle="180.00" type="DEFAULT_VEHTYPE" speed="13.21" pos="124.56" lane="3/1to3/2_0" slope="0.00"/>
        <vehicle id="37" x="601.65" y="446.22" angle="180.00" type="DEFAULT_VEHTYPE" speed="12.98" pos="41.47" lane="3/2to3/3_0" slope="0.00"/>
        <vehicle id="38" x="398.35" y="490.01" angle="0.00" type="DEFAULT_VEHTYPE" speed="13.66" pos="105.24" lane="2/3to2/2_0" slope="0.00"/>
        <vehicle id="4" x="797.52" y="198.35" angle="90.00" type="DEFAULT_VEHTYPE" speed="13.50" pos="192.77" lane="3/1to4/1_0" slope="0.00"/>
        <vehicle id="41" x="235.58" y="201.65" angle="-90.00" type="DEFAULT_VEHTYPE" speed="13.44" pos="159.67" lane="2/1to1/1_0" slope="0.00"/>
        <vehicle id="42" x="631.68" y="198.35" angle="90.00" type="DEFAULT_VEHTYPE" speed="13.14" pos="26.93" lane="3/1to4/1_0" slope="0.00"/>
        <vehicle id="43" x="398.35" y="568.19" angle="0.00" type="DEFAULT_VEHTYPE" speed="13.56" pos="27.06" lane="2/3to2/2_0" slope="0.00"/>
        <vehicle id="44" x="482.72" y="198.35" angle="90.00" type="DEFAULT_VEHTYPE" speed="13.49" pos="77.97" lane="2/1to3/1_0" slope="0.00"/>
        <vehicle id="46" x="216.12" y="598.35" angle="90.00" type="DEFAULT_VEHTYPE" speed="13.57" pos="11.37" lane="1/3to2/3_0" slope="0.00"/>
        <vehicle id="47" x="394.55" y="201.65" angle="-56.95" type="DEFAULT_VEHTYPE" speed="13.74" pos="0.70" lane="2/1to1/1_0" slope="0.00"/>
        <vehicle id="49" x="204.12" y="201.74" angle="-91.00" type="DEFAULT_VEHTYPE" speed="6.47" pos="0.63" lane=":1/1_4_0" slope="0.00"/>
        <vehicle id="6" x="103.07" y="398.35" angle="90.00" type="DEFAULT_VEHTYPE" speed="13.57" pos="103.07" lane="0/2to1/2_0" slope="0.00"/>
    </timestep>
    <timestep time="613.00">
        <vehicle id="1" x="308.02" y="401.65" angle="-90.00" type="DEFAULT_VEHTYPE" speed="13.70" pos="87.23" lane="2/2to1/2_0" slope="0.00"/>
        <vehicle id="11" x="369.25" y="598.35" angle="90.00" type="DEFAULT_VEHTYPE" speed="13.38" pos="164.50" lane="1/3to2/3_0" slope="0.00"/>
        <vehicle id="13" x="598.35" y="501.82" angle="0.00" type="DEFAULT_VEHTYPE" speed="13.25" pos="93.43" lane="3/3to3/2_0" slope="0.00"/>
        <vehicle id="17" x="401.65" y="685.24" angle="180.00" type="DEFAULT_VEHTYPE" speed="13.52" pos="80.49" lane="2/3to2/4_0" slope="0.00"/>
        <vehicle id="2" x="133.39" y="198.35" angle="90.00" type="DEFAULT_VEHTYPE" speed="12.86" pos="133.39" lane="0/1to1/1_0" slope="0.00"/>
        <vehicle id="21" x="191.48" y="398.35" angle="90.00" type="DEFAULT_VEHTYPE" speed="1.76" pos="191.48" lane="0/2to1/2_0" slope="0.00"/>
        <vehicle id="23" x="217.89" y="401.65" angle="-90.00" type="DEFAULT_VEHTYPE" speed="8.33" pos="177.36" lane="2/2to1/2_0" slope="0.00"/>
        <vehicle id="25" x="702.12" y="198.35" angle="90.00" type="DEFAULT_VEHTYPE" speed="12.88" pos="97.37" lane="3/1to4/1_0" slope="0.00"/>
        <vehicle id="27" x="288.67" y="598.35" angle="90.00" type="DEFAULT_VEHTYPE" speed="12.84" pos="83.92" lane="1/3to2/3_0" slope="0.00"/>
        <vehicle id="29" x="267.80" y="401.65" angle="-90.00" type="DEFAULT_VEHTYPE" speed="12.69" pos="127.45" lane="2/2to1/2_0" slope="0.00"/>
        <vehicle id="3" x="398.35" y="659.96" angle="0.00" type="DEFAULT_VEHTYPE" speed="13.40" pos="140.04" lane="2/4to2/3_0" slope="0.00"/>
        <vehicle id="32" x="601.65" y="342.94" angle="180.00" type="DEFAULT_VEHTYPE" speed="13.63" pos="138.19" lane="3/1to3/2_0" slope="0.00"/>
        <vehicle id="37" x="601.65" y="459.18" angle="180.00" type="DEFAULT_VEHTYPE" speed="12.96" pos="54.43" lane="3/2to3/3_0" slope="0.00"/>
        <vehicle id="38" x="398.35" y="476.18" angle="0.00" type="DEFAULT_VEHTYPE" speed="13.83" pos="119.07" lane="2/3to2/2_0" slope="0.00"/>
        <vehicle id="4" x="794.15" y="201.65" angle="-90.00" type="DEFAULT_VEHTYPE" speed="13.15" pos="5.85" lane="4/1to3/1_0" slope="0.00"/>
        <vehicle id="41" x="224.01" y="201.65" angle="-90.00" type="DEFAULT_VEHTYPE" speed="11.57" pos="171.24" lane="2/1to1/1_0" slope="0.00"/>
        <vehicle id="42" x="644.66" y="198.35" angle="90.00" type="DEFAULT_VEHTYPE" speed="12.98" pos="39.91" lane="3/1to4/1_0" slope="0.00"/>
        <vehicle id="43" x="398.35" y="555.07" angle="0.00" type="DEFAULT_VEHTYPE" speed="13.12" pos="40.18" lane="2/3to2/2_0" slope="0.00"/>
        <vehicle id="44" x="496.38" y="198.35" angle="90.00" type="DEFAULT_VEHTYPE" speed="13.65" pos="91.63" lane="2/1to3/1_0" slope="0.00"/>
        <vehicle id="46" x="228.81" y="598.35" angle="90.00" type="DEFAULT_VEHTYPE" speed="12.69" pos="24.06" lane="1/3to2/3_0" slope="0.00"/>
        <vehicle id="47" x="380.72" y="201.65" angle="-90.00" type="DEFAULT_VEHTYPE" speed="13.83" pos="14.53" lane="2/1to1/1_0" slope="0.00"/>
        <vehicle id="49" x="201.65" y="208.59" angle="-178.16" type="DEFAULT_VEHTYPE" speed="8.21" pos="3.84" lane="1/1to1/2_0" slope="0.00"/>
        <vehicle id="6" x="116.24" y="398.35" angle="90.00" type="DEFAULT_VEHTYPE" speed="13.17" pos="116.24" lane="0/2to1/2_0" slope="0.00"/>
    </timestep>
    <timestep time="614.00">
        <vehicle id="1" x="294.62" y="401.65" angle="-90.00" type="DEFAULT_VEHTYPE" speed="13.41" pos="100.63" lane="2/2to1/2_0" slope="0.00"/>
        <vehicle id="11" x="379.49" y="598.35" angle="90.00" type="DEFAULT_VEHTYPE" speed="10.24" pos="174.74" lane="1/3to2/3_0" slope="0.00"/>
        <vehicle id="13" x="598.35" y="488.62" angle="0.00" type="DEFAULT_VEHTYPE" speed="13.20" pos="106.63" lane="3/3to3/2_0" slope="0.00"/>
        <vehicle id="17" x="401.65" y="698.72" angle="180.00" type="DEFAULT_VEHTYPE" speed="13.48" pos="93.97" lane="2/3to2/4_0" slope="0.00"/>
        <vehicle id="2" x="146.41" y="198.35" angle="90.00" type="DEFAULT_VEHTYPE" speed="13.01" pos="146.41" lane="0/1to1/1_0" slope="0.00"/>
        <vehicle id="21" x="192.10" y="398.35" angle="90.00" type="DEFAULT_VEHTYPE" speed="0.62" pos="192.10" lane="0/2to1/2_0" slope="0.00"/>
        <vehicle id="23" x="211.68" y="401.65" angle="-90.00" type="DEFAULT_VEHTYPE" speed="6.21" pos="183.57" lane="2/2to1/2_0" slope="0.00"/>
        <vehicle id="25" x="716.02" y="198.35" angle="90.00" type="DEFAULT_VEHTYPE" speed="13.90" pos="111.27" lane="3/1to4/1_0" slope="0.00"/>
        <vehicle id="27" x="302.30" y="598.35" angle="90.00" type="DEFAULT_VEHTYPE" speed="13.63" pos="97.55" lane="1/3to2/3_0" slope="0.00"/>
        <vehicle id="29" x="254.16" y="401.65" angle="-90.00" type="DEFAULT_VEHTYPE" speed="13.64" pos="141.09" lane="2/2to1/2_0" slope="0.00"/>
        <vehicle id="3" x="398.35" y="647.16" angle="0.00" type="DEFAULT_VEHTYPE" speed="12.80" pos="152.84" lane="2/4to2/3_0" slope="0.00"/>
        <vehicle id="32" x="601.65" y="355.88" angle="180.00" type="DEFAULT_VEHTYPE" speed="12.95" pos="151.13" lane="3/1to3/2_0" slope="0.00"/>
        <vehicle id="37" x="601.65" y="472.51" angle="180.00" type="DEFAULT_VEHTYPE" speed="13.34" pos="67.76" lane="3/2to3/3_0" slope="0.00"/>
        <vehicle id="38" x="398.35" y="462.92" angle="0.00" type="DEFAULT_VEHTYPE" speed="13.26" pos="132.33" lane="2/3to2/2_0" slope="0.00"/>
        <vehicle id="4" x="781.35" y="201.65" angle="-90.00" type="DEFAULT_VEHTYPE" speed="12.80" pos="18.65" lane="4/1to3/1_0" slope="0.00"/>
        <vehicle id="41" x="216.21" y="201.65" angle="-90.00" type="DEFAULT_VEHTYPE" speed="7.81" pos="179.04" lane="2/1to1/1_0" slope="0.00"/>
        <vehicle id="42" x="657.73" y="198.35" angle="90.00" type="DEFAULT_VEHTYPE" speed="13.06" pos="52.98" lane="3/1to4/1_0" slope="0.00"/>
        <vehicle id="43" x="398.35" y="541.69" angle="0.00" type="DEFAULT_VEHTYPE" speed="13.38" pos="53.56" lane="2/3to2/2_0" slope="0.00"/>
        <vehicle id="44" x="510.08" y="198.35" angle="90.00" type="DEFAULT_VEHTYPE" speed="13.71" pos="105.33" lane="2/1to3/1_0" slope="0.00"/>
        <vehicle id="46" x="241.74" y="598.35" angle="90.00" type="DEFAULT_VEHTYPE" speed="12.94" pos="36.99" lane="1/3to2/3_0" slope="0.00"/>
        <vehicle id="47" x="366.91" y="201.65" angle="-90.00" type="DEFAULT_VEHTYPE" speed="13.81" pos="28.34" lane="2/1to1/1_0" slope="0.00"/>
        <vehicle id="49" x="201.65" y="218.76" angle="180.00" type="DEFAULT_VEHTYPE" speed="10.17" pos="14.01" lane="1/1to1/2_0" slope="0.00"/>
        <vehicle id="6" x="130.11" y="398.35" angle="90.00" type="DEFAULT_VEHTYPE" speed="13.87" pos="130.11" lane="0/2to1/2_0" slope="0.00"/>
    </timestep>
    <timestep time="615.00">
        <vehicle id="1" x="281.98" y="401.65" angle="-90.00" type="DEFAULT_VEHTYPE" speed="12.63" pos="113.27" lane="2/2to1/2_0" slope="0.00"/>
        <vehicle id="11" x="386.54" y="598.35" angle="90.00" type="DEFAULT_VEHTYPE" speed="7.04" pos="181.79" lane="1/3to2/3_0" slope="0.00"/>
        <vehicle id="13" x="598.35" y="475.66" angle="0.00" type="DEFAULT_VEHTYPE" speed="12.95" pos="119.59" lane="3/3to3/2_0" slope="0.00"/>
        <vehicle id="17" x="401.65" y="712.10" angle="180.00" type="DEFAULT_VEHTYPE" speed="13.38" pos="107.35" lane="2/3to2/4_0" slope="0.00"/>
        <vehicle id="2" x="160.18" y="198.35" angle="90.00" type="DEFAULT_VEHTYPE" speed="13.77" pos="160.18" lane="0/1to1/1_0" slope="0.00"/>
        <vehicle id="21" x="192.58" y="398.35" angle="90.00" type="DEFAULT_VEHTYPE" speed="0.47" pos="192.58" lane="0/2to1/2_0" slope="0.00"/>
        <vehicle id="23" x="202.97" y="401.65" angle="-90.00" type="DEFAULT_VEHTYPE" speed="8.71" pos="1.78" lane=":1/2_5_0" slope="0.00"/>
        <vehicle id="25" x="728.75" y="198.35" angle="90.00" type="DEFAULT_VEHTYPE" speed="12.73" pos="124.00" lane="3/1to4/1_0" slope="0.00"/>
        <vehicle id="27" x="315.42" y="598.35" angle="90.00" type="DEFAULT_VEHTYPE" speed="13.12" pos="110.67" lane="1/3to2/3_0" slope="0.00"/>
        <vehicle id="29" x="241.08" y="401.65" angle="-90.00" type="DEFAULT_VEHTYPE" speed="13.07" pos="154.17" lane="2/2to1/2_0" slope="0.00"/>
        <vehicle id="3" x="398.35" y="634.26" angle="0.00" type="DEFAULT_VEHTYPE" speed="12.90" pos="165.74" lane="2/4to2/3_0" slope="0.00"/>
        <vehicle id="32" x="601.65" y="369.57" angle="180.00" type="DEFAULT_VEHTYPE" speed="13.68" pos="164.82" lane="3/1to3/2_0" slope="0.00"/>
        <vehicle id="37" x="601.65" y="486.36" angle="180.00" type="DEFAULT_VEHTYPE" speed="13.84" pos="81.61" lane="3/2to3/3_0" slope="0.00"/>
        <vehicle id="38" x="398.35" y="450.09" angle="0.00" type="DEFAULT_VEHTYPE" speed="12.83" pos="145.16" lane="2/3to2/2_0" slope="0.00"/>
        <vehicle id="4" x="767.84" y="201.65" angle="-90.00" type="DEFAULT_VEHTYPE" speed="13.51" pos="32.16" lane="4/1to3/1_0" slope="0.00"/>
        <vehicle id="41" x="211.15" y="201.65" angle="-90.00" type="DEFAULT_VEHTYPE" speed="5.05" pos="184.10" lane="2/1to1/1_0" slope="0.00"/>
        <vehicle id="42" x="671.33" y="198.35" angle="90.00" type="DEFAULT_VEHTYPE" speed="13.60" pos="66.58" lane="3/1to4/1_0" slope="0.00"/>
        <vehicle id="43" x="398.35" y="528.95" angle="0.00" type="DEFAULT_VEHTYPE" speed="12.74" pos="66.30" lane="2/3to2/2_0" slope="0.00"/>
        <vehicle id="44" x="523.60" y="198.35" angle="90.00" type="DEFAULT_VEHTYPE" speed="13.52" pos="118.85" lane="2/1to3/1_0" slope="0.00"/>
        <vehicle id="46" x="254.90" y="598.35" angle="90.00" type="DEFAULT_VEHTYPE" speed="13.15" pos="50.15" lane="1/3to2/3_0" slope="0.00"/>
        <vehicle id="47" x="354.16" y="201.65" angle="-90.00" type="DEFAULT_VEHTYPE" speed="12.75" pos="41.09" lane="2/1to1/1_0" slope="0.00"/>
        <vehicle id="49" x="201.65" y="230.69" angle="180.00" type="DEFAULT_VEHTYPE" speed="11.92" pos="25.94" lane="1/1to1/2_0" slope="0.00"/>
        <vehicle id="6" x="142.96" y="398.35" angle="90.00" type="DEFAULT_VEHTYPE" speed="12.85" pos="142.96" lane="0/2to1/2_0" slope="0.00"/>
    </timestep>
    <timestep time="616.00">
        <vehicle id="1" x="268.87" y="401.65" angle="-90.00" type="DEFAULT_VEHTYPE" speed="13.12" pos="126.38" lane="2/2to1/2_0" slope="0.00"/>
        <vehicle id="11" x="390.52" y="598.35" angle="90.00" type="DEFAULT_VEHTYPE" speed="3.98" pos="185.77" lane="1/3to2/3_0" slope="0.00"/>
        <vehicle id="13" x="598.35" y="463.01" angle="0.00" type="DEFAULT_VEHTYPE" speed="12.65" pos="132.24" lane="3/3to3/2_0" slope="0.00"/>
        <vehicle id="17" x="401.65" y="725.03" angle="180.00" type="DEFAULT_VEHTYPE" speed="12.93" pos="120.28" lane="2/3to2/4_0" slope="0.00"/>
        <vehicle id="2" x="172.34" y="198.35" angle="90.00" type="DEFAULT_VEHTYPE" speed="12.17" pos="172.34" lane="0/1to1/1_0" slope="0.00"/>
        <vehicle id="21" x="194.21" y="398.35" angle="90.00" type="DEFAULT_VEHTYPE" speed="1.63" pos="194.21" lane="0/2to1/2_0" slope="0.00"/>
        <vehicle id="23" x="192.42" y="401.65" angle="-90.00" type="DEFAULT_VEHTYPE" speed="10.55" pos="2.83" lane="1/2to0/2_0" slope="0.00"/>
        <vehicle id="25" x="742.60" y="198.35" angle="90.00" type="DEFAULT_VEHTYPE" speed="13.85" pos="137.85" lane="3/1to4/1_0" slope="0.00"/>
        <vehicle id="27" x="328.74" y="598.35" angle="90.00" type="DEFAULT_VEHTYPE" speed="13.32" pos="123.99" lane="1/3to2/3_0" slope="0.00"/>
        <vehicle id="29" x="228.16" y="401.65" angle="-90.00" type="DEFAULT_VEHTYPE" speed="12.92" pos="167.09" lane="2/2to1/2_0" slope="0.00"/>
        <vehicle id="3" x="398.35" y="620.42" angle="0.00" type="DEFAULT_VEHTYPE" speed="13.84" pos="179.58" lane="2/4to2/3_0" slope="0.00"/>
        <vehicle id="32" x="601.65" y="383.33" angle="180.00" type="DEFAULT_VEHTYPE" speed="13.76" pos="178.58" lane="3/1to3/2_0" slope="0.00"/>
        <vehicle id="37" x="601.65" y="499.73" angle="180.00" type="DEFAULT_VEHTYPE" speed="13.37" pos="94.98" lane="3/2to3/3_0" slope="0.00"/>
        <vehicle id="38" x="398.35" y="437.03" angle="0.00" type="DEFAULT_VEHTYPE" speed="13.06" pos="158.22" lane="2/3to2/2_0" slope="0.00"/>
        <vehicle id="4" x="754.90" y="201.65" angle="-90.00" type="DEFAULT_VEHTYPE" speed="12.94" pos="45.10" lane="4/1to3/1_0" slope="0.00"/>
        <vehicle id="41" x="204.07" y="201.74" angle="-91.09" type="DEFAULT_VEHTYPE" speed="7.09" pos="0.68" lane=":1/1_4_0" slope="0.00"/>
        <vehicle id="42" x="684.47" y="198.35" angle="90.00" type="DEFAULT_VEHTYPE" speed="13.15" pos="79.72" lane="3/1to4/1_0" slope="0.00"/>
        <vehicle id="43" x="398.35" y="516.16" angle="0.00" type="DEFAULT_VEHTYPE" speed="12.79" pos="79.09" lane="2/3to2/2_0" slope="0.00"/>
        <vehicle id="44" x="536.93" y="198.35" angle="90.00" type="DEFAULT_VEHTYPE" speed="13.33" pos="132.18" lane="2/1to3/1_0" slope="0.00"/>
        <vehicle id="46" x="268.75" y="598.35" angle="90.00" type="DEFAULT_VEHTYPE" speed="13.85" pos="64.00" lane="1/3to2/3_0" slope="0.00"/>
        <vehicle id="47" x="340.65" y="201.65" angle="-90.00" type="DEFAULT_VEHTYPE" speed="13.51" pos="54.60" lane="2/1to1/1_0" slope="0.00"/>
        <vehicle id="49" x="201.65" y="244.00" angle="180.00" type="DEFAULT_VEHTYPE" speed="13.31" pos="39.25" lane="1/1to1/2_0" slope="0.00"/>
        <vehicle id="6" x="156.75" y="398.35" angle="90.00" type="DEFAULT_VEHTYPE" speed="13.80" pos="156.75" lane="0/2to1/2_0" slope="0.00"/>
    </timestep>
    <timestep time="617.00">
        <vehicle id="1" x="255.76" y="401.65" angle="-90.00" type="DEFAULT_VEHTYPE" speed="13.10" pos="139.49" lane="2/2to1/2_0" slope="0.00"/>
        <vehicle id="11" x="391.55" y="598.35" angle="90.00" type="DEFAULT_VEHTYPE" speed="1.03" pos="186.80" lane="1/3to2/3_0" slope="0.00"/>
        <vehicle id="13" x="598.35" y="449.16" angle="0.00" type="DEFAULT_VEHTYPE" speed="13.85" pos="146.09" lane="3/3to3/2_0" slope="0.00"/>
        <vehicle id="17" x="401.65" y="737.88" angle="180.00" type="DEFAULT_VEHTYPE" speed="12.85" pos="133.13" lane="2/3to2/4_0" slope="0.00"/>
        <vehicle id="2" x="181.43" y="198.35" angle="90.00" type="DEFAULT_VEHTYPE" speed="9.09" pos="181.43" lane="0/1to1/1_0" slope="0.00"/>
        <vehicle id="21" x="197.32" y="398.65" angle="93.40" type="DEFAULT_VEHTYPE" speed="3.13" pos="2.09" lane=":1/2_14_0" slope="0.00"/>
        <vehicle id="23" x="180.33" y="401.65" angle="-90.00" type="DEFAULT_VEHTYPE" speed="12.09" pos="14.92" lane="1/2to0/2_0" slope="0.00"/>
        <vehicle id="25" x="755.70" y="198.35" angle="90.00" type="DEFAULT_VEHTYPE" speed="13.11" pos="150.95" lane="3/1to4/1_0" slope="0.00"/>
        <vehicle id="27" x="342.22" y="598.35" angle="90.00" type="DEFAULT_VEHTYPE" speed="13.48" pos="137.47" lane="1/3to2/3_0" slope="0.00"/>
        <vehicle id="29" x="219.31" y="401.65" angle="-90.00" type="DEFAULT_VEHTYPE" speed="8.86" pos="175.94" lane="2/2to1/2_0" slope="0.00"/>
        <vehicle id="3" x="398.35" y="606.93" angle="0.00" type="DEFAULT_VEHTYPE" speed="13.49" pos="193.07" lane="2/4to2/3_0" slope="0.00"/>
        <vehicle id="32" x="601.65" y="396.97" angle="180.00" type="DEFAULT_VEHTYPE" speed="13.64" pos="1.72" lane=":3/2_9_0" slope="0.00"/>
        <vehicle id="37" x="601.65" y="513.33" angle="180.00" type="DEFAULT_VEHTYPE" speed="13.60" pos="108.58" lane="3/2to3/3_0" slope="0.00"/>
        <vehicle id="38" x="398.35" y="423.94" angle="0.00" type="DEFAULT_VEHTYPE" speed="13.09" pos="171.31" lane="2/3to2/2_0" slope="0.00"/>
        <vehicle id="4" x="742.09" y="201.65" angle="-90.00" type="DEFAULT_VEHTYPE" speed="12.81" pos="57.91" lane="4/1to3/1_0" slope="0.00"/>
        <vehicle id="41" x="201.65" y="208.92" angle="-178.68" type="DEFAULT_VEHTYPE" speed="8.49" pos="4.17" lane="1/1to1/2_0" slope="0.00"/>
        <vehicle id="42" x="697.07" y="198.35" angle="90.00" type="DEFAULT_VEHTYPE" speed="12.60" pos="92.32" lane="3/1to4/1_0" slope="0.00"/>
        <vehicle id="43" x="398.35" y="503.10" angle="0.00" type="DEFAULT_VEHTYPE" speed="13.06" pos="92.15" lane="2/3to2/2_0" slope="0.00"/>
        <vehicle id="44" x="550.05" y="198.35" angle="90.00" type="DEFAULT_VEHTYPE" speed="13.12" pos="145.30" lane="2/1to3/1_0" slope="0.00"/>
        <vehicle id="46" x="281.97" y="598.35" angle="90.00" type="DEFAULT_VEHTYPE" speed="13.23" pos="77.22" lane="1/3to2/3_0" slope="0.00"/>
        <vehicle id="47" x="327.24" y="201.65" angle="-90.00" type="DEFAULT_VEHTYPE" speed="13.41" pos="68.01" lane="2/1to1/1_0" slope="0.00"/>
        <vehicle id="49" x="201.65" y="257.23" angle="180.00" type="DEFAULT_VEHTYPE" speed="13.23" pos="52.48" lane="1/1to1/2_0" slope="0.00"/>
        <vehicle id="6" x="168.47" y="398.35" angle="90.00" type="DEFAULT_VEHTYPE" speed="11.71" pos="168.47" lane="0/2to1/2_0" slope="0.00"/>
    </timestep>
    <timestep time="618.00">
        <vehicle id="1" x="242.65" y="401.65" angle="-90.00" type="DEFAULT_VEHTYPE" speed="13.11" pos="152.60" lane="2/2to1/2_0" slope="0.00"/>
        <vehicle id="11" x="392.50" y="598.35" angle="90.00" type="DEFAULT_VEHTYPE" speed="0.96" pos="187.75" lane="1/3to2/3_0" slope="0.00"/>
        <vehicle id="13" x="598.35" y="435.59" angle="0.00" type="DEFAULT_VEHTYPE" speed="13.57" pos="159.66" lane="3/3to3/2_0" slope="0.00"/>
        <vehicle id="17" x="401.65" y="751.15" angle="180.00" type="DEFAULT_VEHTYPE" speed="13.27" pos="146.40" lane="2/3to2/4_0" slope="0.00"/>
        <vehicle id="2" x="187.21" y="198.35" angle="90.00" type="DEFAULT_VEHTYPE" speed="5.78" pos="187.21" lane="0/1to1/1_0" slope="0.00"/>
        <vehicle id="21" x="201.05" y="401.62" angle="128.64" type="DEFAULT_VEHTYPE" speed="5.02" pos="7.11" lane=":1/2_14_0" slope="0.00"/>
        <vehicle id="23" x="167.20" y="401.65" angle="-90.00" type="DEFAULT_VEHTYPE" speed="13.13" pos="28.05" lane="1/2to0/2_0" slope="0.00"/>
        <vehicle id="25" x="768.77" y="198.35" angle="90.00" type="DEFAULT_VEHTYPE" speed="13.06" pos="164.02" lane="3/1to4/1_0" slope="0.00"/>
        <vehicle id="27" x="354.85" y="598.35" angle="90.00" type="DEFAULT_VEHTYPE" speed="12.63" pos="150.10" lane="1/3to2/3_0" slope="0.00"/>
        <vehicle id="29" x="213.32" y="401.65" angle="-90.00" type="DEFAULT_VEHTYPE" speed="5.99" pos="181.93" lane="2/2to1/2_0" slope="0.00"/>
        <vehicle id="3" x="398.35" y="593.39" angle="0.00" type="DEFAULT_VEHTYPE" speed="13.54" pos="1.86" lane="2/3to2/2_0" slope="0.00"/>
        <vehicle id="32" x="601.65" y="410.13" angle="180.00" type="DEFAULT_VEHTYPE" speed="13.16" pos="5.38" lane="3/2to3/3_0" slope="0.00"/>
        <vehicle id="37" x="601.65" y="527.06" angle="180.00" type="DEFAULT_VEHTYPE" speed="13.73" pos="122.31" lane="3/2to3/3_0" slope="0.00"/>
        <vehicle id="38" x="398.35" y="410.89" angle="0.00" type="DEFAULT_VEHTYPE" speed="13.05" pos="184.36" lane="2/3to2/2_0" slope="0.00"/>
        <vehicle id="4" x="729.04" y="201.65" angle="-90.00" type="DEFAULT_VEHTYPE" speed="13.05" pos="70.96" lane="4/1to3/1_0" slope="0.00"/>
        <vehicle id="41" x="201.65" y="219.26" angle="180.00" type="DEFAULT_VEHTYPE" speed="10.33" pos="14.51" lane="1/1to1/2_0" slope="0.00"/>
        <vehicle id="42" x="710.12" y="198.35" angle="90.00" type="DEFAULT_VEHTYPE" speed="13.05" pos="105.37" lane="3/1to4/1_0" slope="0.00"/>
        <vehicle id="43" x="398.35" y="489.54" angle="0.00" type="DEFAULT_VEHTYPE" speed="13.56" pos="105.71" lane="2/3to2/2_0" slope="0.00"/>
        <vehicle id="44" x="563.18" y="198.35" angle="90.00" type="DEFAULT_VEHTYPE" speed="13.13" pos="158.43" lane="2/1to3/1_0" slope="0.00"/>
        <vehicle id="46" x="295.51" y="598.35" angle="90.00" type="DEFAULT_VEHTYPE" speed="13.53" pos="90.76" lane="1/3to2/3_0" slope="0.00"/>
        <vehicle id="47" x="314.14" y="201.65" angle="-90.00" type="DEFAULT_VEHTYPE" speed="13.10" pos="81.11" lane="2/1to1/1_0" slope="0.00"/>
        <vehicle id="49" x="201.65" y="270.59" angle="180.00" type="DEFAULT_VEHTYPE" speed="13.35" pos="65.84" lane="1/1to1/2_0" slope="0.00"/>
        <vehicle id="6" x="178.42" y="398.35" angle="90.00" type="DEFAULT_VEHTYPE" speed="9.95" pos="178.42" lane="0/2to1/2_0" slope="0.00"/>
    </timestep>
    <timestep time="619.00">
        <vehicle id="1" x="231.40" y="401.65" angle="-90.00" type="DEFAULT_VEHTYPE" speed="11.25" pos="163.85" lane="2/2to1/2_0" slope="0.00"/>
        <vehicle id="11" x="395.25" y="598.35" angle="90.00" type="DEFAULT_VEHTYPE" speed="2.75" pos="0.00" lane=":2/3_14_0" slope="0.00"/>
        <vehicle id="13" x="598.35" y="421.76" angle="0.00" type="DEFAULT_VEHTYPE" speed="13.83" pos="173.49" lane="3/3to3/2_0" slope="0.00"/>
        <vehicle id="17" x="401.65" y="764.62" angle="180.00" type="DEFAULT_VEHTYPE" speed="13.47" pos="159.87" lane="2/3to2/4_0" slope="0.00"/>
        <vehicle id="2" x="190.49" y="198.35" angle="90.00" type="DEFAULT_VEHTYPE" speed="3.28" pos="190.49" lane="0/1to1/1_0" slope="0.00"/>
        <vehicle id="21" x="201.65" y="408.99" angle="178.76" type="DEFAULT_VEHTYPE" speed="7.45" pos="4.24" lane="1/2to1/3_0" slope="0.00"/>
        <vehicle id="23" x="153.75" y="401.65" angle="-90.00" type="DEFAULT_VEHTYPE" speed="13.45" pos="41.50" lane="1/2to0/2_0" slope="0.00"/>
        <vehicle id="25" x="781.67" y="198.35" angle="90.00" type="DEFAULT_VEHTYPE" speed="12.90" pos="176.92" lane="3/1to4/1_0" slope="0.00"/>
        <vehicle id="27" x="367.31" y="598.35" angle="90.00" type="DEFAULT_VEHTYPE" speed="12.45" pos="162.56" lane="1/3to2/3_0" slope="0.00"/>
        <vehicle id="29" x="209.19" y="401.65" angle="-90.00" type="DEFAULT_VEHTYPE" speed="4.13" pos="186.06" lane="2/2to1/2_0" slope="0.00"/>
        <vehicle id="3" x="398.35" y="580.51" angle="0.00" type="DEFAULT_VEHTYPE" speed="12.89" pos="14.74" lane="2/3to2/2_0" slope="0.00"/>
        <vehicle id="32" x="601.65" y="422.92" angle="180.00" type="DEFAULT_VEHTYPE" speed="12.79" pos="18.17" lane="3/2to3/3_0" slope="0.00"/>
        <vehicle id="37" x="601.65" y="540.61" angle="180.00" type="DEFAULT_VEHTYPE" speed="13.55" pos="135.86" lane="3/2to3/3_0" slope="0.00"/>
        <vehicle id="38" x="398.35" y="398.23" angle="0.00" type="DEFAULT_VEHTYPE" speed="12.66" pos="6.52" lane=":2/2_1_0" slope="0.00"/>
        <vehicle id="4" x="715.77" y="201.65" angle="-90.00" type="DEFAULT_VEHTYPE" speed="13.27" pos="84.23" lane="4/1to3/1_0" slope="0.00"/>
        <vehicle id="41" x="201.65" y="231.88" angle="180.00" type="DEFAULT_VEHTYPE" speed="12.63" pos="27.13" lane="1/1to1/2_0" slope="0.00"/>
        <vehicle id="42" x="723.85" y="198.35" angle="90.00" type="DEFAULT_VEHTYPE" speed="13.73" pos="119.10" lane="3/1to4/1_0" slope="0.00"/>
        <vehicle id="43" x="398.35" y="476.48" angle="0.00" type="DEFAULT_VEHTYPE" speed="13.05" pos="118.77" lane="2/3to2/2_0" slope="0.00"/>
        <vehicle id="44" x="575.36" y="198.35" angle="90.00" type="DEFAULT_VEHTYPE" speed="12.18" pos="170.61" lane="2/1to3/1_0" slope="0.00"/>
        <vehicle id="46" x="309.24" y="598.35" angle="90.00" type="DEFAULT_VEHTYPE" speed="13.73" pos="104.49" lane="1/3to2/3_0" slope="0.00"/>
        <vehicle id="47" x="300.34" y="201.65" angle="-90.00" type="DEFAULT_VEHTYPE" speed="13.79" pos="94.91" lane="2/1to1/1_0" slope="0.00"/>
        <vehicle id="49" x="201.65" y="284.01" angle="180.00" type="DEFAULT_VEHTYPE" speed="13.43" pos="79.26" lane="1/1to1/2_0" slope="0.00"/>
        <vehicle id="6" x="184.88" y="398.35" angle="90.00" type="DEFAULT_VEHTYPE" speed="6.45" pos="184.88" lane="0/2to1/2_0" slope="0.00"/>
    </timestep>
    <timestep time="620.00">
        <vehicle id="1" x="223.62" y="401.65" angle="-90.00" type="DEFAULT_VEHTYPE" speed="7.78" pos="171.63" lane="2/2to1/2_0" slope="0.00"/>
        <vehicle id="11" x="399.81" y="599.81" angle="107.28" type="DEFAULT_VEHTYPE" speed="4.88" pos="4.88" lane=":2/3_14_0" slope="0.00"/>
        <vehicle id="13" x="598.35" y="408.80" angle="0.00" type="DEFAULT_VEHTYPE" speed="12.96" pos="186.45" lane="3/3to3/2_0" slope="0.00"/>
        <vehicle id="17" x="401.65" y="777.85" angle="180.00" type="DEFAULT_VEHTYPE" speed="13.23" pos="173.10" lane="2/3to2/4_0" slope="0.00"/>
        <vehicle id="2" x="196.33" y="198.20" angle="88.27" type="DEFAULT_VEHTYPE" speed="5.84" pos="1.09" lane=":1/1_12_0" slope="0.00"/>
        <vehicle id="21" x="201.65" y="418.38" angle="180.00" type="DEFAULT_VEHTYPE" speed="9.40" pos="13.63" lane="1/2to1/3_0" slope="0.00"/>
        <vehicle id="23" x="140.80" y="401.65" angle="-90.00" type="DEFAULT_VEHTYPE" speed="12.95" pos="54.45" lane="1/2to0/2_0" slope="0.00"/>
        <vehicle id="25" x="795.02" y="198.35" angle="90.00" type="DEFAULT_VEHTYPE" speed="13.36" pos="190.27" lane="3/1to4/1_0" slope="0.00"/>
        <vehicle id="27" x="375.94" y="598.35" angle="90.00" type="DEFAULT_VEHTYPE" speed="8.64" pos="171.19" lane="1/3to2/3_0" slope="0.00"/>
        <vehicle id="29" x="203.07" y="401.41" angle="-87.25" type="DEFAULT_VEHTYPE" speed="6.13" pos="1.69" lane=":1/2_6_0" slope="0.00"/>
        <vehicle id="3" x="398.35" y="567.41" angle="0.00" type="DEFAULT_VEHTYPE" speed="13.10" pos="27.84" lane="2/3to2/2_0" slope="0.00"/>
        <vehicle id="32" x="601.65" y="436.65" angle="180.00" type="DEFAULT_VEHTYPE" speed="13.73" pos="31.90" lane="3/2to3/3_0" slope="0.00"/>
        <vehicle id="37" x="601.65" y="554.23" angle="180.00" type="DEFAULT_VEHTYPE" speed="13.62" pos="149.48" lane="3/2to3/3_0" slope="0.00"/>
        <vehicle id="38" x="398.35" y="384.49" angle="0.00" type="DEFAULT_VEHTYPE" speed="13.74" pos="10.76" lane="2/2to2/1_0" slope="0.00"/>
        <vehicle id="4" x="702.37" y="201.65" angle="-90.00" type="DEFAULT_VEHTYPE" speed="13.41" pos="97.63" lane="4/1to3/1_0" slope="0.00"/>
        <vehicle id="41" x="201.65" y="245.72" angle="180.00" type="DEFAULT_VEHTYPE" speed="13.84" pos="40.97" lane="1/1to1/2_0" slope="0.00"/>
        <vehicle id="42" x="737.00" y="198.35" angle="90.00" type="DEFAULT_VEHTYPE" speed="13.15" pos="132.25" lane="3/1to4/1_0" slope="0.00"/>
        <vehicle id="43" x="398.35" y="463.12" angle="0.00" type="DEFAULT_VEHTYPE" speed="13.36" pos="132.13" lane="2/3to2/2_0" slope="0.00"/>
        <vehicle id="44" x="583.05" y="198.35" angle="90.00" type="DEFAULT_VEHTYPE" speed="7.68" pos="178.30" lane="2/1to3/1_0" slope="0.00"/>
        <vehicle id="46" x="322.92" y="598.35" angle="90.00" type="DEFAULT_VEHTYPE" speed="13.68" pos="118.17" lane="1/3to2/3_0" slope="0.00"/>
        <vehicle id="47" x="287.41" y="201.65" angle="-90.00" type="DEFAULT_VEHTYPE" speed="12.94" pos="107.84" lane="2/1to1/1_0" slope="0.00"/>
        <vehicle id="49" x="201.65" y="297.33" angle="180.00" type="DEFAULT_VEHTYPE" speed="13.32" pos="92.58" lane="1/1to1/2_0" slope="0.00"/>
        <vehicle id="6" x="188.95" y="398.35" angle="90.00" type="DEFAULT_VEHTYPE" speed="4.07" pos="188.95" lane="0/2to1/2_0" slope="0.00"/>
    </timestep>
    <timestep time="621.00">
        <vehicle id="1" x="215.63" y="401.65" angle="-90.00" type="DEFAULT_VEHTYPE" speed="7.98" pos="179.62" lane="2/2to1/2_0" slope="0.00"/>
        <vehicle id="11" x="401.65" y="605.66" angle="167.66" type="DEFAULT_VEHTYPE" speed="6.35" pos="0.91" lane="2/3to2/4_0" slope="0.00"/>
        <vehicle id="13" x="590.53" y="401.65" angle="-89.55" type="DEFAULT_VEHTYPE" speed="13.77" pos="4.72" lane="3/2to2/2_0" slope="0.00"/>
        <vehicle id="17" x="401.65" y="791.15" angle="180.00" type="DEFAULT_VEHTYPE" speed="13.30" pos="186.40" lane="2/3to2/4_0" slope="0.00"/>
        <vehicle id="2" x="198.35" y="190.93" angle="1.09" type="DEFAULT_VEHTYPE" speed="8.23" pos="4.32" lane="1/1to1/0_0" slope="0.00"/>
        <vehicle id="21" x="201.65" y="429.71" angle="180.00" type="DEFAULT_VEHTYPE" speed="11.32" pos="24.96" lane="1/2to1/3_0" slope="0.00"/>
        <vehicle id="23" x="127.74" y="401.65" angle="-90.00" type="DEFAULT_VEHTYPE" speed="13.07" pos="67.51" lane="1/2to0/2_0" slope="0.00"/>
        <vehicle id="25" x="796.02" y="201.65" angle="-96.70" type="DEFAULT_VEHTYPE" speed="13.78" pos="3.98" lane="4/1to3/1_0" slope="0.00"/>
        <vehicle id="27" x="383.75" y="598.35" angle="90.00" type="DEFAULT_VEHTYPE" speed="7.80" pos="179.00" lane="1/3to2/3_0" slope="0.00"/>
        <vehicle id="29" x="198.35" y="395.21" angle="-17.81" type="DEFAULT_VEHTYPE" speed="8.66" pos="0.04" lane="1/2to1/1_0" slope="0.00"/>
        <vehicle id="3" x="398.35" y="553.71" angle="0.00" type="DEFAULT_VEHTYPE" speed="13.70" pos="41.54" lane="2/3to2/2_0" slope="0.00"/>
        <vehicle id="32" x="601.65" y="450.38" angle="180.00" type="DEFAULT_VEHTYPE" speed="13.72" pos="45.63" lane="3/2to3/3_0" slope="0.00"/>
        <vehicle id="37" x="601.65" y="567.89" angle="180.00" type="DEFAULT_VEHTYPE" speed="13.66" pos="163.14" lane="3/2to3/3_0" slope="0.00"/>
        <vehicle id="38" x="398.35" y="371.43" angle="0.00" type="DEFAULT_VEHTYPE" speed="13.06" pos="23.82" lane="2/2to2/1_0" slope="0.00"/>
        <vehicle id="4" x="688.81" y="201.65" angle="-90.00" type="DEFAULT_VEHTYPE" speed="13.55" pos="111.19" lane="4/1to3/1_0" slope="0.00"/>
        <vehicle id="41" x="201.65" y="258.65" angle="180.00" type="DEFAULT_VEHTYPE" speed="12.92" pos="53.90" lane="1/1to1/2_0" slope="0.00"/>
        <vehicle id="42" x="749.72" y="198.35" angle="90.00" type="DEFAULT_VEHTYPE" speed="12.72" pos="144.97" lane="3/1to4/1_0" slope="0.00"/>
        <vehicle id="43" x="398.35" y="450.43" angle="0.00" type="DEFAULT_VEHTYPE" speed="12.69" pos="144.82" lane="2/3to2/2_0" slope="0.00"/>
        <vehicle id="44" x="588.32" y="198.35" angle="90.00" type="DEFAULT_VEHTYPE" speed="5.28" pos="183.57" lane="2/1to3/1_0" slope="0.00"/>
        <vehicle id="46" x="336.60" y="598.35" angle="90.00" type="DEFAULT_VEHTYPE" speed="13.68" pos="131.85" lane="1/3to2/3_0" slope="0.00"/>
        <vehicle id="47" x="274.73" y="201.65" angle="-90.00" type="DEFAULT_VEHTYPE" speed="12.67" pos="120.52" lane="2/1to1/1_0" slope="0.00"/>
        <vehicle id="49" x="201.65" y="310.09" angle="180.00" type="DEFAULT_VEHTYPE" speed="12.76" pos="105.34" lane="1/1to1/2_0" slope="0.00"/>
        <vehicle id="6" x="190.85" y="398.35" angle="90.00" type="DEFAULT_VEHTYPE" speed="1.90" pos="190.85" lane="0/2to1/2_0" slope="0.00"/>
    </timestep>
    <timestep time="622.00">
        <vehicle id="1" x="211.47" y="401.65" angle="-90.00" type="DEFAULT_VEHTYPE" speed="4.16" pos="183.78" lane="2/2to1/2_0" slope="0.00"/>
        <vehicle id="11" x="401.65" y="613.66" angle="180.00" type="DEFAULT_VEHTYPE" speed="8.00" pos="8.91" lane="2/3to2/4_0" slope="0.00"/>
        <vehicle id="13" x="577.47" y="401.65" angle="-90.00" type="DEFAULT_VEHTYPE" speed="13.06" pos="17.78" lane="3/2to2/2_0" slope="0.00"/>
        <vehicle id="17" x="398.35" y="799.93" angle="-90.61" type="DEFAULT_VEHTYPE" speed="13.74" pos="0.07" lane="2/4to2/3_0" slope="0.00"/>
        <vehicle id="2" x="198.35" y="180.77" angle="0.00" type="DEFAULT_VEHTYPE" speed="10.16" pos="14.48" lane="1/1to1/0_0" slope="0.00"/>
        <vehicle id="21" x="201.65" y="443.08" angle="180.00" type="DEFAULT_VEHTYPE" speed="13.37" pos="38.33" lane="1/2to1/3_0" slope="0.00"/>
        <vehicle id="23" x="114.78" y="401.65" angle="-90.00" type="DEFAULT_VEHTYPE" speed="12.96" pos="80.47" lane="1/2to0/2_0" slope="0.00"/>
        <vehicle id="25" x="783.17" y="201.65" angle="-90.00" type="DEFAULT_VEHTYPE" speed="12.85" pos="16.83" lane="4/1to3/1_0" slope="0.00"/>
        <vehicle id="27" x="388.34" y="598.35" angle="90.00" type="DEFAULT_VEHTYPE" speed="4.60" pos="183.59" lane="1/3to2/3_0" slope="0.00"/>
        <vehicle id="29" x="198.35" y="384.43" angle="0.00" type="DEFAULT_VEHTYPE" speed="10.79" pos="10.82" lane="1/2to1/1_0" slope="0.00"/>
        <vehicle id="3" x="398.35" y="540.52" angle="0.00" type="DEFAULT_VEHTYPE" speed="13.19" pos="54.73" lane="2/3to2/2_0" slope="0.00"/>
        <vehicle id="32" x="601.65" y="463.39" angle="180.00" type="DEFAULT_VEHTYPE" speed="13.01" pos="58.64" lane="3/2to3/3_0" slope="0.00"/>
        <vehicle id="37" x="601.65" y="580.72" angle="180.00" type="DEFAULT_VEHTYPE" speed="12.83" pos="175.97" lane="3/2to3/3_0" slope="0.00"/>
        <vehicle id="38" x="398.35" y="358.79" angle="0.00" type="DEFAULT_VEHTYPE" speed="12.65" pos="36.46" lane="2/2to2/1_0" slope="0.00"/>
        <vehicle id="4" x="675.91" y="201.65" angle="-90.00" type="DEFAULT_VEHTYPE" speed="12.90" pos="124.09" lane="4/1to3/1_0" slope="0.00"/>
        <vehicle id="41" x="201.65" y="271.32" angle="180.00" type="DEFAULT_VEHTYPE" speed="12.67" pos="66.57" lane="1/1to1/2_0" slope="0.00"/>
        <vehicle id="42" x="762.42" y="198.35" angle="90.00" type="DEFAULT_VEHTYPE" speed="12.71" pos="157.67" lane="3/1to4/1_0" slope="0.00"/>
        <vehicle id="43" x="398.35" y="436.65" angle="0.00" type="DEFAULT_VEHTYPE" speed="13.77" pos="158.60" lane="2/3to2/2_0" slope="0.00"/>
        <vehicle id="44" x="595.47" y="198.38" angle="90.36" type="DEFAULT_VEHTYPE" speed="7.15" pos="0.22" lane=":3/1_14_0" slope="0.00"/>
        <vehicle id="46" x="350.32" y="598.35" angle="90.00" type="DEFAULT_VEHTYPE" speed="13.72" pos="145.57" lane="1/3to2/3_0" slope="0.00"/>
        <vehicle id="47" x="261.92" y="201.65" angle="-90.00" type="DEFAULT_VEHTYPE" speed="12.82" pos="133.33" lane="2/1to1/1_0" slope="0.00"/>
        <vehicle id="49" x="201.65" y="323.81" angle="180.00" type="DEFAULT_VEHTYPE" speed="13.71" pos="119.06" lane="1/1to1/2_0" slope="0.00"/>
        <vehicle id="6" x="192.36" y="398.35" angle="90.00" type="DEFAULT_VEHTYPE" speed="1.51" pos="192.36" lane="0/2to1/2_0" slope="0.00"/>
    </timestep>
    <timestep time="623.00">
        <vehicle id="1" x="205.72" y="401.65" angle="-90.00" type="DEFAULT_VEHTYPE" speed="5.75" pos="189.53" lane="2/2to1/2_0" slope="0.00"/>
        <vehicle id="11" x="401.65" y="623.86" angle="180.00" type="DEFAULT_VEHTYPE" speed="10.20" pos="19.11" lane="2/3to2/4_0" slope="0.00"/>
        <vehicle id="13" x="564.51" y="401.65" angle="-90.00" type="DEFAULT_VEHTYPE" speed="12.96" pos="30.74" lane="3/2to2/2_0" slope="0.00"/>
        <vehicle id="17" x="398.35" y="787.20" angle="0.00" type="DEFAULT_VEHTYPE" speed="12.72" pos="12.80" lane="2/4to2/3_0" slope="0.00"/>
        <vehicle id="2" x="198.35" y="168.91" angle="0.00" type="DEFAULT_VEHTYPE" speed="11.87" pos="26.34" lane="1/1to1/0_0" slope="0.00"/>
        <vehicle id="21" x="201.65" y="456.17" angle="180.00" type="DEFAULT_VEHTYPE" speed="13.10" pos="51.42" lane="1/2to1/3_0" slope="0.00"/>
        <vehicle id="23" x="102.11" y="401.65" angle="-90.00" type="DEFAULT_VEHTYPE" speed="12.67" pos="93.14" lane="1/2to0/2_0" slope="0.00"/>
        <vehicle id="25" x="770.32" y="201.65" angle="-90.00" type="DEFAULT_VEHTYPE" speed="12.85" pos="29.68" lane="4/1to3/1_0" slope="0.00"/>
        <vehicle id="27" x="395.46" y="598.38" angle="90.34" type="DEFAULT_VEHTYPE" speed="7.12" pos="0.21" lane=":2/3_14_0" slope="0.00"/>
        <vehicle id="29" x="198.35" y="372.22" angle="0.00" type="DEFAULT_VEHTYPE" speed="12.21" pos="23.03" lane="1/2to1/1_0" slope="0.00"/>
        <vehicle id="3" x="398.35" y="527.29" angle="0.00" type="DEFAULT_VEHTYPE" speed="13.23" pos="67.96" lane="2/3to2/2_0" slope="0.00"/>
        <vehicle id="32" x="601.65" y="477.04" angle="180.00" type="DEFAULT_VEHTYPE" speed="13.65" pos="72.29" lane="3/2to3/3_0" slope="0.00"/>
        <vehicle id="37" x="601.65" y="593.89" angle="180.00" type="DEFAULT_VEHTYPE" speed="13.17" pos="189.14" lane="3/2to3/3_0" slope="0.00"/>
        <vehicle id="38" x="398.35" y="345.07" angle="0.00" type="DEFAULT_VEHTYPE" speed="13.72" pos="50.18" lane="2/2to2/1_0" slope="0.00"/>
        <vehicle id="4" x="662.76" y="201.65" angle="-90.00" type="DEFAULT_VEHTYPE" speed="13.16" pos="137.24" lane="4/1to3/1_0" slope="0.00"/>
        <vehicle id="41" x="201.65" y="283.99" angle="180.00" type="DEFAULT_VEHTYPE" speed="12.68" pos="79.24" lane="1/1to1/2_0" slope="0.00"/>
        <vehicle id="42" x="775.86" y="198.35" angle="90.00" type="DEFAULT_VEHTYPE" speed="13.43" pos="171.11" lane="3/1to4/1_0" slope="0.00"/>
        <vehicle id="43" x="398.35" y="423.11" angle="0.00" type="DEFAULT_VEHTYPE" speed="13.54" pos="172.14" lane="2/3to2/2_0" slope="0.00"/>
        <vehicle id="44" x="601.60" y="204.40" angle="159.32" type="DEFAULT_VEHTYPE" speed="9.74" pos="9.97" lane=":3/1_14_0" slope="0.00"/>
        <vehicle id="46" x="363.30" y="598.35" angle="90.00" type="DEFAULT_VEHTYPE" speed="12.98" pos="158.55" lane="1/3to2/3_0" slope="0.00"/>
        <vehicle id="47" x="249.17" y="201.65" angle="-90.00" type="DEFAULT_VEHTYPE" speed="12.74" pos="146.08" lane="2/1to1/1_0" slope="0.00"/>
        <vehicle id="49" x="201.65" y="337.49" angle="180.00" type="DEFAULT_VEHTYPE" speed="13.68" pos="132.74" lane="1/1to1/2_0" slope="0.00"/>
        <vehicle id="6" x="192.73" y="398.35" angle="90.00" type="DEFAULT_VEHTYPE" speed="0.37" pos="192.73" lane="0/2to1/2_0" slope="0.00"/>
    </timestep>
    <timestep time="624.00">
        <vehicle id="1" x="197.40" y="401.65" angle="-90.00" type="DEFAULT_VEHTYPE" speed="8.32" pos="7.35" lane=":1/2_5_0" slope="0.00"/>
        <vehicle id="11" x="401.65" y="636.10" angle="180.00" type="DEFAULT_VEHTYPE" speed="12.24" pos="31.35" lane="2/3to2/4_0" slope="0.00"/>
        <vehicle id="13" x="550.70" y="401.65" angle="-90.00" type="DEFAULT_VEHTYPE" speed="13.82" pos="44.55" lane="3/2to2/2_0" slope="0.00"/>
        <vehicle id="17" x="398.35" y="773.90" angle="0.00" type="DEFAULT_VEHTYPE" speed="13.31" pos="26.10" lane="2/4to2/3_0" slope="0.00"/>
        <vehicle id="2" x="198.35" y="155.54" angle="0.00" type="DEFAULT_VEHTYPE" speed="13.36" pos="39.71" lane="1/1to1/0_0" slope="0.00"/>
        <vehicle id="21" x="201.65" y="469.67" angle="180.00" type="DEFAULT_VEHTYPE" speed="13.50" pos="64.92" lane="1/2to1/3_0" slope="0.00"/>
        <vehicle id="23" x="88.52" y="401.65" angle="-90.00" type="DEFAULT_VEHTYPE" speed="13.58" pos="106.73" lane="1/2to0/2_0" slope="0.00"/>
        <vehicle id="25" x="756.67" y="201.65" angle="-90.00" type="DEFAULT_VEHTYPE" speed="13.64" pos="43.33" lane="4/1to3/1_0" slope="0.00"/>
        <vehicle id="27" x="401.47" y="603.48" angle="149.93" type="DEFAULT_VEHTYPE" speed="8.83" pos="9.04" lane=":2/3_14_0" slope="0.00"/>
        <vehicle id="29" x="198.35" y="359.22" angle="0.00" type="DEFAULT_VEHTYPE" speed="13.00" pos="36.03" lane="1/2to1/1_0" slope="0.00"/>
        <vehicle id="3" x="398.35" y="514.48" angle="0.00" type="DEFAULT_VEHTYPE" speed="12.81" pos="80.77" lane="2/3to2/2_0" slope="0.00"/>
        <vehicle id="32" x="601.65" y="489.94" angle="180.00" type="DEFAULT_VEHTYPE" speed="12.90" pos="85.19" lane="3/2to3/3_0" slope="0.00"/>
        <vehicle id="37" x="611.68" y="598.35" angle="90.00" type="DEFAULT_VEHTYPE" speed="13.29" pos="6.93" lane="3/3to4/3_0" slope="0.00"/>
        <vehicle id="38" x="398.35" y="331.20" angle="0.00" type="DEFAULT_VEHTYPE" speed="13.87" pos="64.05" lane="2/2to2/1_0" slope="0.00"/>
        <vehicle id="4" x="649.07" y="201.65" angle="-90.00" type="DEFAULT_VEHTYPE" speed="13.69" pos="150.93" lane="4/1to3/1_0" slope="0.00"/>
        <vehicle id="41" x="201.65" y="297.14" angle="180.00" type="DEFAULT_VEHTYPE" speed="13.15" pos="92.39" lane="1/1to1/2_0" slope="0.00"/>
        <vehicle id="42" x="789.53" y="198.35" angle="90.00" type="DEFAULT_VEHTYPE" speed="13.68" pos="184.78" lane="3/1to4/1_0" slope="0.00"/>
        <vehicle id="43" x="398.35" y="410.37" angle="0.00" type="DEFAULT_VEHTYPE" speed="12.74" pos="184.88" lane="2/3to2/2_0" slope="0.00"/>
        <vehicle id="44" x="601.65" y="215.45" angle="180.00" type="DEFAULT_VEHTYPE" speed="11.05" pos="10.70" lane="3/1to3/2_0" slope="0.00"/>
        <vehicle id="46" x="375.46" y="598.35" angle="90.00" type="DEFAULT_VEHTYPE" speed="12.16" pos="170.71" lane="1/3to2/3_0" slope="0.00"/>
        <vehicle id="47" x="235.85" y="201.65" angle="-90.00" type="DEFAULT_VEHTYPE" speed="13.32" pos="159.40" lane="2/1to1/1_0" slope="0.00"/>
        <vehicle id="49" x="201.65" y="351.33" angle="180.00" type="DEFAULT_VEHTYPE" speed="13.84" pos="146.58" lane="1/1to1/2_0" slope="0.00"/>
        <vehicle id="6" x="192.74" y="398.35" angle="90.00" type="DEFAULT_VEHTYPE" speed="0.01" pos="192.74" lane="0/2to1/2_0" slope="0.00"/>
    </timestep>
    <timestep time="625.00">
        <vehicle id="1" x="186.48" y="401.65" angle="-90.00" type="DEFAULT_VEHTYPE" speed="10.91" pos="8.77" lane="1/2to0/2_0" slope="0.00"/>
        <vehicle id="11" x="401.65" y="649.95" angle="180.00" type="DEFAULT_VEHTYPE" speed="13.86" pos="45.20" lane="2/3to2/4_0" slope="0.00"/>
        <vehicle id="13" x="538.02" y="401.65" angle="-90.00" type="DEFAULT_VEHTYPE" speed="12.67" pos="57.23" lane="3/2to2/2_0" slope="0.00"/>
        <vehicle id="17" x="398.35" y="761.05" angle="0.00" type="DEFAULT_VEHTYPE" speed="12.85" pos="38.95" lane="2/4to2/3_0" slope="0.00"/>
        <vehicle id="2" x="198.35" y="142.39" angle="0.00" type="DEFAULT_VEHTYPE" speed="13.15" pos="52.86" lane="1/1to1/0_0" slope="0.00"/>
        <vehicle id="21" x="201.65" y="482.75" angle="180.00" type="DEFAULT_VEHTYPE" speed="13.08" pos="78.00" lane="1/2to1/3_0" slope="0.00"/>
        <vehicle id="23" x="74.75" y="401.65" angle="-90.00" type="DEFAULT_VEHTYPE" speed="13.77" pos="120.50" lane="1/2to0/2_0" slope="0.00"/>
        <vehicle id="25" x="743.99" y="201.65" angle="-90.00" type="DEFAULT_VEHTYPE" speed="12.68" pos="56.01" lane="4/1to3/1_0" slope="0.00"/>
        <vehicle id="27" x="401.65" y="613.93" angle="180.00" type="DEFAULT_VEHTYPE" speed="10.46" pos="9.18" lane="2/3to2/4_0" slope="0.00"/>
        <vehicle id="29" x="198.35" y="346.23" angle="0.00" type="DEFAULT_VEHTYPE" speed="12.99" pos="49.02" lane="1/2to1/1_0" slope="0.00"/>
        <vehicle id="3" x="398.35" y="501.81" angle="0.00" type="DEFAULT_VEHTYPE" speed="12.67" pos="93.44" lane="2/3to2/2_0" slope="0.00"/>
        <vehicle id="32" x="601.65" y="503.81" angle="180.00" type="DEFAULT_VEHTYPE" speed="13.87" pos="99.06" lane="3/2to3/3_0" slope="0.00"/>
        <vehicle id="37" x="625.53" y="598.35" angle="90.00" type="DEFAULT_VEHTYPE" speed="13.86" pos="20.78" lane="3/3to4/3_0" slope="0.00"/>
        <vehicle id="38" x="398.35" y="317.60" angle="0.00" type="DEFAULT_VEHTYPE" speed="13.60" pos="77.65" lane="2/2to2/1_0" slope="0.00"/>
        <vehicle id="4" x="635.88" y="201.65" angle="-90.00" type="DEFAULT_VEHTYPE" speed="13.18" pos="164.12" lane="4/1to3/1_0" slope="0.00"/>
        <vehicle id="41" x="201.65" y="310.88" angle="180.00" type="DEFAULT_VEHTYPE" speed="13.74" pos="106.13" lane="1/1to1/2_0" slope="0.00"/>
        <vehicle id="42" x="801.45" y="200.40" angle="119.71" type="DEFAULT_VEHTYPE" speed="13.33" pos="2.86" lane=":4/1_0_0" slope="0.00"/>
        <vehicle id="43" x="393.02" y="401.65" angle="-77.99" type="DEFAULT_VEHTYPE" speed="12.86" pos="2.23" lane="2/2to1/2_0" slope="0.00"/>
        <vehicle id="44" x="601.65" y="228.46" angle="180.00" type="DEFAULT_VEHTYPE" speed="13.01" pos="23.71" lane="3/1to3/2_0" slope="0.00"/>
        <vehicle id="46" x="383.69" y="598.35" angle="90.00" type="DEFAULT_VEHTYPE" speed="8.23" pos="178.94" lane="1/3to2/3_0" slope="0.00"/>
        <vehicle id="47" x="224.08" y="201.65" angle="-90.00" type="DEFAULT_VEHTYPE" speed="11.77" pos="171.17" lane="2/1to1/1_0" slope="0.00"/>
        <vehicle id="49" x="201.65" y="364.88" angle="180.00" type="DEFAULT_VEHTYPE" speed="13.56" pos="160.13" lane="1/1to1/2_0" slope="0.00"/>
        <vehicle id="6" x="192.74" y="398.35" angle="90.00" type="DEFAULT_VEHTYPE" speed="0.00" pos="192.74" lane="0/2to1/2_0" slope="0.00"/>
    </timestep>
    <timestep time="626.00">
        <vehicle id="1" x="174.25" y="401.65" angle="-90.00" type="DEFAULT_VEHTYPE" speed="12.23" pos="21.00" lane="1/2to0/2_0" slope="0.00"/>
        <vehicle id="11" x="401.65" y="663.77" angle="180.00" type="DEFAULT_VEHTYPE" speed="13.81" pos="59.02" lane="2/3to2/4_0" slope="0.00"/>
        <vehicle id="13" x="524.99" y="401.65" angle="-90.00" type="DEFAULT_VEHTYPE" speed="13.04" pos="70.26" lane="3/2to2/2_0" slope="0.00"/>
        <vehicle id="17" x="398.35" y="748.08" angle="0.00" type="DEFAULT_VEHTYPE" speed="12.96" pos="51.92" lane="2/4to2/3_0" slope="0.00"/>
        <vehicle id="2" x="198.35" y="129.41" angle="0.00" type="DEFAULT_VEHTYPE" speed="12.98" pos="65.84" lane="1/1to1/0_0" slope="0.00"/>
        <vehicle id="21" x="201.65" y="496.44" angle="180.00" type="DEFAULT_VEHTYPE" speed="13.68" pos="91.69" lane="1/2to1/3_0" slope="0.00"/>
        <vehicle id="23" x="61.37" y="401.65" angle="-90.00" type="DEFAULT_VEHTYPE" speed="13.39" pos="133.88" lane="1/2to0/2_0" slope="0.00"/>
        <vehicle id="25" x="730.57" y="201.65" angle="-90.00" type="DEFAULT_VEHTYPE" speed="13.42" pos="69.43" lane="4/1to3/1_0" slope="0.00"/>
        <vehicle id="27" x="401.65" y="626.20" angle="180.00" type="DEFAULT_VEHTYPE" speed="12.27" pos="21.45" lane="2/3to2/4_0" slope="0.00"/>
        <vehicle id="29" x="198.35" y="333.14" angle="0.00" type="DEFAULT_VEHTYPE" speed="13.10" pos="62.11" lane="1/2to1/1_0" slope="0.00"/>
        <vehicle id="3" x="398.35" y="488.39" angle="0.00" type="DEFAULT_VEHTYPE" speed="13.42" pos="106.86" lane="2/3to2/2_0" slope="0.00"/>
        <vehicle id="32" x="601.65" y="516.57" angle="180.00" type="DEFAULT_VEHTYPE" speed="12.77" pos="111.82" lane="3/2to3/3_0" slope="0.00"/>
        <vehicle id="37" x="639.19" y="598.35" angle="90.00" type="DEFAULT_VEHTYPE" speed="13.66" pos="34.44" lane="3/3to4/3_0" slope="0.00"/>
        <vehicle id="38" x="398.35" y="304.85" angle="0.00" type="DEFAULT_VEHTYPE" speed="12.75" pos="90.40" lane="2/2to2/1_0" slope="0.00"/>
        <vehicle id="4" x="624.42" y="201.65" angle="-90.00" type="DEFAULT_VEHTYPE" speed="11.46" pos="175.58" lane="4/1to3/1_0" slope="0.00"/>
        <vehicle id="41" x="201.65" y="323.56" angle="180.00" type="DEFAULT_VEHTYPE" speed="12.68" pos="118.81" lane="1/1to1/2_0" slope="0.00"/>
        <vehicle id="42" x="789.28" y="201.65" angle="-90.00" type="DEFAULT_VEHTYPE" speed="12.68" pos="10.72" lane="4/1to3/1_0" slope="0.00"/>
        <vehicle id="43" x="380.36" y="401.65" angle="-90.00" type="DEFAULT_VEHTYPE" speed="12.66" pos="14.89" lane="2/2to1/2_0" slope="0.00"/>
        <vehicle id="44" x="601.65" y="241.94" angle="180.00" type="DEFAULT_VEHTYPE" speed="13.48" pos="37.19" lane="3/1to3/2_0" slope="0.00"/>
        <vehicle id="46" x="388.60" y="598.35" angle="90.00" type="DEFAULT_VEHTYPE" speed="4.92" pos="183.85" lane="1/3to2/3_0" slope="0.00"/>
        <vehicle id="47" x="216.27" y="201.65" angle="-90.00" type="DEFAULT_VEHTYPE" speed="7.81" pos="178.98" lane="2/1to1/1_0" slope="0.00"/>
        <vehicle id="49" x="201.65" y="378.66" angle="180.00" type="DEFAULT_VEHTYPE" speed="13.78" pos="173.91" lane="1/1to1/2_0" slope="0.00"/>
        <vehicle id="6" x="192.74" y="398.35" angle="90.00" type="DEFAULT_VEHTYPE" speed="0.00" pos="192.74" lane="0/2to1/2_0" slope="0.00"/>
    </timestep>
    <timestep time="627.00">
        <vehicle id="1" x="160.75" y="401.65" angle="-90.00" type="DEFAULT_VEHTYPE" speed="13.50" pos="34.50" lane="1/2to0/2_0" slope="0.00"/>
        <vehicle id="11" x="401.65" y="677.09" angle="180.00" type="DEFAULT_VEHTYPE" speed="13.32" pos="72.34" lane="2/3to2/4_0" slope="0.00"/>
        <vehicle id="13" x="511.52" y="401.65" angle="-90.00" type="DEFAULT_VEHTYPE" speed="13.47" pos="83.73" lane="3/2to2/2_0" slope="0.00"/>
        <vehicle id="17" x="398.35" y="735.35" angle="0.00" type="DEFAULT_VEHTYPE" speed="12.73" pos="64.65" lane="2/4to2/3_0" slope="0.00"/>
        <vehicle id="2" x="198.35" y="116.71" angle="0.00" type="DEFAULT_VEHTYPE" speed="12.70" pos="78.54" lane="1/1to1/0_0" slope="0.00"/>
        <vehicle id="21" x="201.65" y="509.46" angle="180.00" type="DEFAULT_VEHTYPE" speed="13.02" pos="104.71" lane="1/2to1/3_0" slope="0.00"/>
        <vehicle id="23" x="48.31" y="401.65" angle="-90.00" type="DEFAULT_VEHTYPE" speed="13.06" pos="146.94" lane="1/2to0/2_0" slope="0.00"/>
        <vehicle id="25" x="717.64" y="201.65" angle="-90.00" type="DEFAULT_VEHTYPE" speed="12.93" pos="82.36" lane="4/1to3/1_0" slope="0.00"/>
        <vehicle id="27" x="401.65" y="639.29" angle="180.00" type="DEFAULT_VEHTYPE" speed="13.09" pos="34.54" lane="2/3to2/4_0" slope="0.00"/>
        <vehicle id="29" x="198.35" y="319.28" angle="0.00" type="DEFAULT_VEHTYPE" speed="13.86" pos="75.97" lane="1/2to1/1_0" slope="0.00"/>
        <vehicle id="3" x="398.35" y="474.87" angle="0.00" type="DEFAULT_VEHTYPE" speed="13.52" pos="120.38" lane="2/3to2/2_0" slope="0.00"/>
        <vehicle id="32" x="601.65" y="529.87" angle="180.00" type="DEFAULT_VEHTYPE" speed="13.29" pos="125.12" lane="3/2to3/3_0" slope="0.00"/>
        <vehicle id="37" x="652.38" y="598.35" angle="90.00" type="DEFAULT_VEHTYPE" speed="13.19" pos="47.63" lane="3/3to4/3_0" slope="0.00"/>
        <vehicle id="38" x="398.35" y="291.79" angle="0.00" type="DEFAULT_VEHTYPE" speed="13.06" pos="103.46" lane="2/2to2/1_0" slope="0.00"/>
        <vehicle id="4" x="616.22" y="201.65" angle="-90.00" type="DEFAULT_VEHTYPE" speed="8.21" pos="183.78" lane="4/1to3/1_0" slope="0.00"/>
        <vehicle id="41" x="201.65" y="337.32" angle="180.00" type="DEFAULT_VEHTYPE" speed="13.76" pos="132.57" lane="1/1to1/2_0" slope="0.00"/>
        <vehicle id="42" x="776.65" y="201.65" angle="-90.00" type="DEFAULT_VEHTYPE" speed="12.64" pos="23.35" lane="4/1to3/1_0" slope="0.00"/>
        <vehicle id="43" x="367.51" y="401.65" angle="-90.00" type="DEFAULT_VEHTYPE" speed="12.85" pos="27.74" lane="2/2to1/2_0" slope="0.00"/>
        <vehicle id="44" x="601.65" y="255.24" angle="180.00" type="DEFAULT_VEHTYPE" speed="13.30" pos="50.49" lane="3/1to3/2_0" slope="0.00"/>
        <vehicle id="46" x="395.91" y="598.44" angle="91.09" type="DEFAULT_VEHTYPE" speed="7.32" pos="0.67" lane=":2/3_14_0" slope="0.00"/>
        <vehicle id="47" x="211.45" y="201.65" angle="-90.00" type="DEFAULT_VEHTYPE" speed="4.82" pos="183.80" lane="2/1to1/1_0" slope="0.00"/>
        <vehicle id="49" x="201.65" y="392.55" angle="180.00" type="DEFAULT_VEHTYPE" speed="13.89" pos="187.80" lane="1/1to1/2_0" slope="0.00"/>
        <vehicle id="6" x="192.74" y="398.35" angle="90.00" type="DEFAULT_VEHTYPE" speed="0.00" pos="192.74" lane="0/2to1/2_0" slope="0.00"/>
    </timestep>
    <timestep time="628.00">
        <vehicle id="1" x="147.16" y="401.65" angle="-90.00" type="DEFAULT_VEHTYPE" speed="13.59" pos="48.09" lane="1/2to0/2_0" slope="0.00"/>
        <vehicle id="11" x="401.65" y="690.13" angle="180.00" type="DEFAULT_VEHTYPE" speed="13.04" pos="85.38" lane="2/3to2/4_0" slope="0.00"/>
        <vehicle id="13" x="497.87" y="401.65" angle="-90.00" type="DEFAULT_VEHTYPE" speed="13.65" pos="97.38" lane="3/2to2/2_0" slope="0.00"/>
        <vehicle id="17" x="398.35" y="722.23" angle="0.00" type="DEFAULT_VEHTYPE" speed="13.13" pos="77.77" lane="2/4to2/3_0" slope="0.00"/>
        <vehicle id="2" x="198.35" y="103.22" angle="0.00" type="DEFAULT_VEHTYPE" speed="13.49" pos="92.03" lane="1/1to1/0_0" slope="0.00"/>
        <vehicle id="21" x="201.65" y="522.12" angle="180.00" type="DEFAULT_VEHTYPE" speed="12.66" pos="117.37" lane="1/2to1/3_0" slope="0.00"/>
        <vehicle id="23" x="35.17" y="401.65" angle="-90.00" type="DEFAULT_VEHTYPE" speed="13.14" pos="160.08" lane="1/2to0/2_0" slope="0.00"/>
        <vehicle id="25" x="703.83" y="201.65" angle="-90.00" type="DEFAULT_VEHTYPE" speed="13.81" pos="96.17" lane="4/1to3/1_0" slope="0.00"/>
        <vehicle id="27" x="401.65" y="652.78" angle="180.00" type="DEFAULT_VEHTYPE" speed="13.48" pos="48.03" lane="2/3to2/4_0" slope="0.00"/>
        <vehicle id="29" x="198.35" y="306.32" angle="0.00" type="DEFAULT_VEHTYPE" speed="12.96" pos="88.93" lane="1/2to1/1_0" slope="0.00"/>
        <vehicle id="3" x="398.35" y="461.29" angle="0.00" type="DEFAULT_VEHTYPE" speed="13.58" pos="133.96" lane="2/3to2/2_0" slope="0.00"/>
        <vehicle id="32" x="601.65" y="543.68" angle="180.00" type="DEFAULT_VEHTYPE" speed="13.81" pos="138.93" lane="3/2to3/3_0" slope="0.00"/>
        <vehicle id="37" x="665.27" y="598.35" angle="90.00" type="DEFAULT_VEHTYPE" speed="12.89" pos="60.52" lane="3/3to4/3_0" slope="0.00"/>
        <vehicle id="38" x="398.35" y="278.42" angle="0.00" type="DEFAULT_VEHTYPE" speed="13.37" pos="116.83" lane="2/2to2/1_0" slope="0.00"/>
        <vehicle id="4" x="611.82" y="201.65" angle="-90.00" type="DEFAULT_VEHTYPE" speed="4.40" pos="188.18" lane="4/1to3/1_0" slope="0.00"/>
        <vehicle id="41" x="201.65" y="350.81" angle="180.00" type="DEFAULT_VEHTYPE" speed="13.49" pos="146.06" lane="1/1to1/2_0" slope="0.00"/>
        <vehicle id="42" x="762.94" y="201.65" angle="-90.00" type="DEFAULT_VEHTYPE" speed="13.71" pos="37.06" lane="4/1to3/1_0" slope="0.00"/>
        <vehicle id="43" x="353.89" y="401.65" angle="-90.00" type="DEFAULT_VEHTYPE" speed="13.62" pos="41.36" lane="2/2to1/2_0" slope="0.00"/>
        <vehicle id="44" x="601.65" y="267.87" angle="180.00" type="DEFAULT_VEHTYPE" speed="12.63" pos="63.12" lane="3/1to3/2_0" slope="0.00"/>
        <vehicle id="46" x="401.53" y="603.94" angle="154.64" type="DEFAULT_VEHTYPE" speed="8.83" pos="9.50" lane=":2/3_14_0" slope="0.00"/>
        <vehicle id="47" x="205.28" y="201.65" angle="-90.00" type="DEFAULT_VEHTYPE" speed="6.17" pos="189.97" lane="2/1to1/1_0" slope="0.00"/>
        <vehicle id="49" x="201.65" y="405.45" angle="180.00" type="DEFAULT_VEHTYPE" speed="12.90" pos="0.70" lane="1/2to1/3_0" slope="0.00"/>
        <vehicle id="6" x="192.74" y="398.35" angle="90.00" type="DEFAULT_VEHTYPE" speed="0.00" pos="192.74" lane="0/2to1/2_0" slope="0.00"/>
    </timestep>
    <timestep time="629.00">
        <vehicle id="1" x="134.44" y="401.65" angle="-90.00" type="DEFAULT_VEHTYPE" speed="12.72" pos="60.81" lane="1/2to0/2_0" slope="0.00"/>
        <vehicle id="11" x="401.65" y="702.95" angle="180.00" type="DEFAULT_VEHTYPE" speed="12.81" pos="98.20" lane="2/3to2/4_0" slope="0.00"/>
        <vehicle id="13" x="484.51" y="401.65" angle="-90.00" type="DEFAULT_VEHTYPE" speed="13.36" pos="110.74" lane="3/2to2/2_0" slope="0.00"/>
        <vehicle id="17" x="398.35" y="708.58" angle="0.00" type="DEFAULT_VEHTYPE" speed="13.65" pos="91.42" lane="2/4to2/3_0" slope="0.00"/>
        <vehicle id="2" x="198.35" y="90.45" angle="0.00" type="DEFAULT_VEHTYPE" speed="12.76" pos="104.80" lane="1/1to1/0_0" slope="0.00"/>
        <vehicle id="21" x="201.65" y="535.39" angle="180.00" type="DEFAULT_VEHTYPE" speed="13.26" pos="130.64" lane="1/2to1/3_0" slope="0.00"/>
        <vehicle id="23" x="21.59" y="401.65" angle="-90.00" type="DEFAULT_VEHTYPE" speed="13.58" pos="173.66" lane="1/2to0/2_0" slope="0.00"/>
        <vehicle id="25" x="691.08" y="201.65" angle="-90.00" type="DEFAULT_VEHTYPE" speed="12.75" pos="108.92" lane="4/1to3/1_0" slope="0.00"/>
        <vehicle id="27" x="401.65" y="665.44" angle="180.00" type="DEFAULT_VEHTYPE" speed="12.66" pos="60.69" lane="2/3to2/4_0" slope="0.00"/>
        <vehicle id="29" x="198.35" y="293.62" angle="0.00" type="DEFAULT_VEHTYPE" speed="12.70" pos="101.63" lane="1/2to1/1_0" slope="0.00"/>
        <vehicle id="3" x="398.35" y="448.28" angle="0.00" type="DEFAULT_VEHTYPE" speed="13.01" pos="146.97" lane="2/3to2/2_0" slope="0.00"/>
        <vehicle id="32" x="601.65" y="556.90" angle="180.00" type="DEFAULT_VEHTYPE" speed="13.23" pos="152.15" lane="3/2to3/3_0" slope="0.00"/>
        <vehicle id="37" x="678.22" y="598.35" angle="90.00" type="DEFAULT_VEHTYPE" speed="12.94" pos="73.47" lane="3/3to4/3_0" slope="0.00"/>
        <vehicle id="38" x="398.35" y="265.11" angle="0.00" type="DEFAULT_VEHTYPE" speed="13.31" pos="130.14" lane="2/2to2/1_0" slope="0.00"/>
        <vehicle id="4" x="608.84" y="201.65" angle="-90.00" type="DEFAULT_VEHTYPE" speed="2.98" pos="191.16" lane="4/1to3/1_0" slope="0.00"/>
        <vehicle id="41" x="201.65" y="364.10" angle="180.00" type="DEFAULT_VEHTYPE" speed="13.28" pos="159.35" lane="1/1to1/2_0" slope="0.00"/>
        <vehicle id="42" x="749.88" y="201.65" angle="-90.00" type="DEFAULT_VEHTYPE" speed="13.06" pos="50.12" lane="4/1to3/1_0" slope="0.00"/>
        <vehicle id="43" x="340.24" y="401.65" angle="-90.00" type="DEFAULT_VEHTYPE" speed="13.65" pos="55.01" lane="2/2to1/2_0" slope="0.00"/>
        <vehicle id="44" x="601.65" y="281.10" angle="180.00" type="DEFAULT_VEHTYPE" speed="13.23" pos="76.35" lane="3/1to3/2_0" slope="0.00"/>
        <vehicle id="46" x="401.65" y="615.17" angle="180.00" type="DEFAULT_VEHTYPE" speed="11.24" pos="10.42" lane="2/3to2/4_0" slope="0.00"/>
        <vehicle id="47" x="201.65" y="207.30" angle="-171.23" type="DEFAULT_VEHTYPE" speed="8.08" pos="2.55" lane="1/1to1/2_0" slope="0.00"/>
        <vehicle id="49" x="201.65" y="418.88" angle="180.00" type="DEFAULT_VEHTYPE" speed="13.42" pos="14.13" lane="1/2to1/3_0" slope="0.00"/>
        <vehicle id="6" x="192.74" y="398.35" angle="90.00" type="DEFAULT_VEHTYPE" speed="0.00" pos="192.74" lane="0/2to1/2_0" slope="0.00"/>
    </timestep>
    <timestep time="630.00">
        <vehicle id="1" x="120.69" y="401.65" angle="-90.00" type="DEFAULT_VEHTYPE" speed="13.75" pos="74.56" lane="1/2to0/2_0" slope="0.00"/>
        <vehicle id="11" x="401.65" y="716.76" angle="180.00" type="DEFAULT_VEHTYPE" speed="13.81" pos="112.01" lane="2/3to2/4_0" slope="0.00"/>
        <vehicle id="13" x="470.82" y="401.65" angle="-90.00" type="DEFAULT_VEHTYPE" speed="13.70" pos="124.43" lane="3/2to2/2_0" slope="0.00"/>
        <vehicle id="17" x="398.35" y="695.71" angle="0.00" type="DEFAULT_VEHTYPE" speed="12.87" pos="104.29" lane="2/4to2/3_0" slope="0.00"/>
        <vehicle id="2" x="198.35" y="76.99" angle="0.00" type="DEFAULT_VEHTYPE" speed="13.46" pos="118.26" lane="1/1to1/0_0" slope="0.00"/>
        <vehicle id="21" x="201.65" y="548.36" angle="180.00" type="DEFAULT_VEHTYPE" speed="12.97" pos="143.61" lane="1/2to1/3_0" slope="0.00"/>
        <vehicle id="23" x="8.45" y="401.65" angle="-90.00" type="DEFAULT_VEHTYPE" speed="13.14" pos="186.80" lane="1/2to0/2_0" slope="0.00"/>
        <vehicle id="25" x="677.81" y="201.65" angle="-90.00" type="DEFAULT_VEHTYPE" speed="13.27" pos="122.19" lane="4/1to3/1_0" slope="0.00"/>
        <vehicle id="27" x="401.65" y="679.15" angle="180.00" type="DEFAULT_VEHTYPE" speed="13.70" pos="74.40" lane="2/3to2/4_0" slope="0.00"/>
        <vehicle id="29" x="198.35" y="280.65" angle="0.00" type="DEFAULT_VEHTYPE" speed="12.97" pos="114.60" lane="1/2to1/1_0" slope="0.00"/>
        <vehicle id="3" x="398.35" y="435.63" angle="0.00" type="DEFAULT_VEHTYPE" speed="12.65" pos="159.62" lane="2/3to2/2_0" slope="0.00"/>
        <vehicle id="32" x="601.65" y="570.06" angle="180.00" type="DEFAULT_VEHTYPE" speed="13.16" pos="165.31" lane="3/2to3/3_0" slope="0.00"/>
        <vehicle id="37" x="691.36" y="598.35" angle="90.00" type="DEFAULT_VEHTYPE" speed="13.14" pos="86.61" lane="3/3to4/3_0" slope="0.00"/>
        <vehicle id="38" x="398.35" y="251.68" angle="0.00" type="DEFAULT_VEHTYPE" speed="13.43" pos="143.57" lane="2/2to2/1_0" slope="0.00"/>
        <vehicle id="4" x="604.56" y="201.68" angle="-90.31" type="DEFAULT_VEHTYPE" speed="4.29" pos="0.20" lane=":3/1_4_0" slope="0.00"/>
        <vehicle id="41" x="201.65" y="377.56" angle="180.00" type="DEFAULT_VEHTYPE" speed="13.46" pos="172.81" lane="1/1to1/2_0" slope="0.00"/>
        <vehicle id="42" x="736.39" y="201.65" angle="-90.00" type="DEFAULT_VEHTYPE" speed="13.48" pos="63.61" lane="4/1to3/1_0" slope="0.00"/>
        <vehicle id="43" x="327.14" y="401.65" angle="-90.00" type="DEFAULT_VEHTYPE" speed="13.10" pos="68.11" lane="2/2to1/2_0" slope="0.00"/>
        <vehicle id="44" x="601.65" y="294.56" angle="180.00" type="DEFAULT_VEHTYPE" speed="13.46" pos="89.81" lane="3/1to3/2_0" slope="0.00"/>
        <vehicle id="46" x="401.65" y="628.86" angle="180.00" type="DEFAULT_VEHTYPE" speed="13.70" pos="24.11" lane="2/3to2/4_0" slope="0.00"/>
        <vehicle id="47" x="201.65" y="217.04" angle="180.00" type="DEFAULT_VEHTYPE" speed="9.74" pos="12.29" lane="1/1to1/2_0" slope="0.00"/>
        <vehicle id="49" x="201.65" y="431.63" angle="180.00" type="DEFAULT_VEHTYPE" speed="12.75" pos="26.88" lane="1/2to1/3_0" slope="0.00"/>
        <vehicle id="6" x="192.74" y="398.35" angle="90.00" type="DEFAULT_VEHTYPE" speed="0.00" pos="192.74" lane="0/2to1/2_0" slope="0.00"/>
    </timestep>
    <timestep time="631.00">
        <vehicle id="1" x="106.82" y="401.65" angle="-90.00" type="DEFAULT_VEHTYPE" speed="13.87" pos="88.43" lane="1/2to0/2_0" slope="0.00"/>
        <vehicle id="11" x="401.65" y="729.41" angle="180.00" type="DEFAULT_VEHTYPE" speed="12.65" pos="124.66" lane="2/3to2/4_0" slope="0.00"/>
        <vehicle id="13" x="457.26" y="401.65" angle="-90.00" type="DEFAULT_VEHTYPE" speed="13.56" pos="137.99" lane="3/2to2/2_0" slope="0.00"/>
        <vehicle id="17" x="398.35" y="682.20" angle="0.00" type="DEFAULT_VEHTYPE" speed="13.51" pos="117.80" lane="2/4to2/3_0" slope="0.00"/>
        <vehicle id="2" x="198.35" y="64.25" angle="0.00" type="DEFAULT_VEHTYPE" speed="12.74" pos="131.00" lane="1/1to1/0_0" slope="0.00"/>
        <vehicle id="21" x="201.65" y="561.87" angle="180.00" type="DEFAULT_VEHTYPE" speed="13.52" pos="157.12" lane="1/2to1/3_0" slope="0.00"/>
        <vehicle id="23" x="-0.31" y="398.56" angle="-15.50" type="DEFAULT_VEHTYPE" speed="12.90" pos="4.45" lane=":0/2_0_0" slope="0.00"/>
        <vehicle id="25" x="664.37" y="201.65" angle="-90.00" type="DEFAULT_VEHTYPE" speed="13.44" pos="135.63" lane="4/1to3/1_0" slope="0.00"/>
        <vehicle id="27" x="401.65" y="691.91" angle="180.00" type="DEFAULT_VEHTYPE" speed="12.76" pos="87.16" lane="2/3to2/4_0" slope="0.00"/>
        <vehicle id="29" x="198.35" y="267.86" angle="0.00" type="DEFAULT_VEHTYPE" speed="12.79" pos="127.39" lane="1/2to1/1_0" slope="0.00"/>
        <vehicle id="3" x="398.35" y="422.80" angle="0.00" type="DEFAULT_VEHTYPE" speed="12.83" pos="172.45" lane="2/3to2/2_0" slope="0.00"/>
        <vehicle id="32" x="601.65" y="583.41" angle="180.00" type="DEFAULT_VEHTYPE" speed="13.35" pos="178.66" lane="3/2to3/3_0" slope="0.00"/>
        <vehicle id="37" x="704.31" y="598.35" angle="90.00" type="DEFAULT_VEHTYPE" speed="12.95" pos="99.56" lane="3/3to4/3_0" slope="0.00"/>
        <vehicle id="38" x="398.35" y="238.86" angle="0.00" type="DEFAULT_VEHTYPE" speed="12.82" pos="156.39" lane="2/2to2/1_0" slope="0.00"/>
        <vehicle id="4" x="601.65" y="206.62" angle="-163.83" type="DEFAULT_VEHTYPE" speed="6.68" pos="1.87" lane="3/1to3/2_0" slope="0.00"/>
        <vehicle id="41" x="201.65" y="391.36" angle="180.00" type="DEFAULT_VEHTYPE" speed="13.80" pos="186.61" lane="1/1to1/2_0" slope="0.00"/>
        <vehicle id="42" x="722.93" y="201.65" angle="-90.00" type="DEFAULT_VEHTYPE" speed="13.46" pos="77.07" lane="4/1to3/1_0" slope="0.00"/>
        <vehicle id="43" x="313.70" y="401.65" angle="-90.00" type="DEFAULT_VEHTYPE" speed="13.43" pos="81.55" lane="2/2to1/2_0" slope="0.00"/>
        <vehicle id="44" x="601.65" y="308.27" angle="180.00" type="DEFAULT_VEHTYPE" speed="13.71" pos="103.52" lane="3/1to3/2_0" slope="0.00"/>
        <vehicle id="46" x="401.65" y="642.48" angle="180.00" type="DEFAULT_VEHTYPE" speed="13.62" pos="37.73" lane="2/3to2/4_0" slope="0.00"/>
        <vehicle id="47" x="201.65" y="228.72" angle="180.00" type="DEFAULT_VEHTYPE" speed="11.67" pos="23.97" lane="1/1to1/2_0" slope="0.00"/>
        <vehicle id="49" x="201.65" y="444.63" angle="180.00" type="DEFAULT_VEHTYPE" speed="13.01" pos="39.88" lane="1/2to1/3_0" slope="0.00"/>
        <vehicle id="6" x="192.74" y="398.35" angle="90.00" type="DEFAULT_VEHTYPE" speed="0.00" pos="192.74" lane="0/2to1/2_0" slope="0.00"/>
    </timestep>
    <timestep time="632.00">
        <vehicle id="1" x="93.04" y="401.65" angle="-90.00" type="DEFAULT_VEHTYPE" speed="13.79" pos="102.21" lane="1/2to0/2_0" slope="0.00"/>
        <vehicle id="11" x="401.65" y="742.87" angle="180.00" type="DEFAULT_VEHTYPE" speed="13.46" pos="138.12" lane="2/3to2/4_0" slope="0.00"/>
        <vehicle id="13" x="444.31" y="401.65" angle="-90.00" type="DEFAULT_VEHTYPE" speed="12.94" pos="150.94" lane="3/2to2/2_0" slope="0.00"/>
        <vehicle id="17" x="398.35" y="669.40" angle="0.00" type="DEFAULT_VEHTYPE" speed="12.80" pos="130.60" lane="2/4to2/3_0" slope="0.00"/>
        <vehicle id="2" x="198.35" y="50.37" angle="0.00" type="DEFAULT_VEHTYPE" speed="13.88" pos="144.88" lane="1/1to1/0_0" slope="0.00"/>
        <vehicle id="21" x="201.65" y="574.65" angle="180.00" type="DEFAULT_VEHTYPE" speed="12.77" pos="169.90" lane="1/2to1/3_0" slope="0.00"/>
        <vehicle id="23" x="13.06" y="398.35" angle="90.00" type="DEFAULT_VEHTYPE" speed="13.43" pos="13.06" lane="0/2to1/2_0" slope="0.00"/>
        <vehicle id="25" x="651.61" y="201.65" angle="-90.00" type="DEFAULT_VEHTYPE" speed="12.76" pos="148.39" lane="4/1to3/1_0" slope="0.00"/>
        <vehicle id="27" x="401.65" y="705.59" angle="180.00" type="DEFAULT_VEHTYPE" speed="13.68" pos="100.84" lane="2/3to2/4_0" slope="0.00"/>
        <vehicle id="29" x="198.35" y="254.42" angle="0.00" type="DEFAULT_VEHTYPE" speed="13.43" pos="140.83" lane="1/2to1/1_0" slope="0.00"/>
        <vehicle id="3" x="398.35" y="409.78" angle="0.00" type="DEFAULT_VEHTYPE" speed="13.02" pos="185.47" lane="2/3to2/2_0" slope="0.00"/>
        <vehicle id="32" x="602.07" y="596.99" angle="175.16" type="DEFAULT_VEHTYPE" speed="13.66" pos="1.82" lane=":3/3_8_0" slope="0.00"/>
        <vehicle id="37" x="718.06" y="598.35" angle="90.00" type="DEFAULT_VEHTYPE" speed="13.75" pos="113.31" lane="3/3to4/3_0" slope="0.00"/>
        <vehicle id="38" x="398.35" y="224.98" angle="0.00" type="DEFAULT_VEHTYPE" speed="13.89" pos="170.27" lane="2/2to2/1_0" slope="0.00"/>
        <vehicle id="4" x="601.65" y="214.67" angle="180.00" type="DEFAULT_VEHTYPE" speed="8.04" pos="9.92" lane="3/1to3/2_0" slope="0.00"/>
        <vehicle id="41" x="201.65" y="404.31" angle="180.00" type="DEFAULT_VEHTYPE" speed="12.96" pos="9.06" lane=":1/2_9_0" slope="0.00"/>
        <vehicle id="42" x="710.04" y="201.65" angle="-90.00" type="DEFAULT_VEHTYPE" speed="12.89" pos="89.96" lane="4/1to3/1_0" slope="0.00"/>
        <vehicle id="43" x="301.05" y="401.65" angle="-90.00" type="DEFAULT_VEHTYPE" speed="12.65" pos="94.20" lane="2/2to1/2_0" slope="0.00"/>
        <vehicle id="44" x="601.65" y="321.28" angle="180.00" type="DEFAULT_VEHTYPE" speed="13.01" pos="116.53" lane="3/1to3/2_0" slope="0.00"/>
        <vehicle id="46" x="401.65" y="656.26" angle="180.00" type="DEFAULT_VEHTYPE" speed="13.78" pos="51.51" lane="2/3to2/4_0" slope="0.00"/>
        <vehicle id="47" x="201.65" y="242.37" angle="180.00" type="DEFAULT_VEHTYPE" speed="13.66" pos="37.62" lane="1/1to1/2_0" slope="0.00"/>
        <vehicle id="49" x="201.65" y="458.37" angle="180.00" type="DEFAULT_VEHTYPE" speed="13.74" pos="53.62" lane="1/2to1/3_0" slope="0.00"/>
        <vehicle id="6" x="192.74" y="398.35" angle="90.00" type="DEFAULT_VEHTYPE" speed="0.00" pos="192.74" lane="0/2to1/2_0" slope="0.00"/>
    </timestep>
    <timestep time="633.00">
        <vehicle id="1" x="80.27" y="401.65" angle="-90.00" type="DEFAULT_VEHTYPE" speed="12.76" pos="114.98" lane="1/2to0/2_0" slope="0.00"/>
        <vehicle id="11" x="401.65" y="756.08" angle="180.00" type="DEFAULT_VEHTYPE" speed="13.21" pos="151.33" lane="2/3to2/4_0" slope="0.00"/>
        <vehicle id="13" x="431.66" y="401.65" angle="-90.00" type="DEFAULT_VEHTYPE" speed="12.66" pos="163.59" lane="3/2to2/2_0" slope="0.00"/>
        <vehicle id="17" x="398.35" y="655.50" angle="0.00" type="DEFAULT_VEHTYPE" speed="13.90" pos="144.50" lane="2/4to2/3_0" slope="0.00"/>
        <vehicle id="2" x="198.35" y="36.85" angle="0.00" type="DEFAULT_VEHTYPE" speed="13.53" pos="158.40" lane="1/1to1/0_0" slope="0.00"/>
        <vehicle id="21" x="201.65" y="587.60" angle="180.00" type="DEFAULT_VEHTYPE" speed="12.95" pos="182.85" lane="1/2to1/3_0" slope="0.00"/>
        <vehicle id="23" x="26.88" y="398.35" angle="90.00" type="DEFAULT_VEHTYPE" speed="13.82" pos="26.88" lane="0/2to1/2_0" slope="0.00"/>
        <vehicle id="25" x="638.80" y="201.65" angle="-90.00" type="DEFAULT_VEHTYPE" speed="12.81" pos="161.20" lane="4/1to3/1_0" slope="0.00"/>
        <vehicle id="27" x="401.65" y="718.95" angle="180.00" type="DEFAULT_VEHTYPE" speed="13.36" pos="114.20" lane="2/3to2/4_0" slope="0.00"/>
        <vehicle id="29" x="198.35" y="240.63" angle="0.00" type="DEFAULT_VEHTYPE" speed="13.80" pos="154.62" lane="1/2to1/1_0" slope="0.00"/>
        <vehicle id="3" x="391.75" y="401.65" angle="-87.03" type="DEFAULT_VEHTYPE" speed="13.53" pos="3.50" lane="2/2to1/2_0" slope="0.00"/>
        <vehicle id="32" x="614.71" y="598.35" angle="90.00" type="DEFAULT_VEHTYPE" speed="13.14" pos="9.96" lane="3/3to4/3_0" slope="0.00"/>
        <vehicle id="37" x="730.97" y="598.35" angle="90.00" type="DEFAULT_VEHTYPE" speed="12.91" pos="126.22" lane="3/3to4/3_0" slope="0.00"/>
        <vehicle id="38" x="398.35" y="212.02" angle="0.00" type="DEFAULT_VEHTYPE" speed="12.95" pos="183.23" lane="2/2to2/1_0" slope="0.00"/>
        <vehicle id="4" x="601.65" y="224.02" angle="180.00" type="DEFAULT_VEHTYPE" speed="9.36" pos="19.27" lane="3/1to3/2_0" slope="0.00"/>
        <vehicle id="41" x="201.65" y="416.95" angle="180.00" type="DEFAULT_VEHTYPE" speed="12.63" pos="12.20" lane="1/2to1/3_0" slope="0.00"/>
        <vehicle id="42" x="696.57" y="201.65" angle="-90.00" type="DEFAULT_VEHTYPE" speed="13.47" pos="103.43" lane="4/1to3/1_0" slope="0.00"/>
        <vehicle id="43" x="288.17" y="401.65" angle="-90.00" type="DEFAULT_VEHTYPE" speed="12.88" pos="107.08" lane="2/2to1/2_0" slope="0.00"/>
        <vehicle id="44" x="601.65" y="334.83" angle="180.00" type="DEFAULT_VEHTYPE" speed="13.55" pos="130.08" lane="3/1to3/2_0" slope="0.00"/>
        <vehicle id="46" x="401.65" y="669.42" angle="180.00" type="DEFAULT_VEHTYPE" speed="13.15" pos="64.67" lane="2/3to2/4_0" slope="0.00"/>
        <vehicle id="47" x="201.65" y="255.63" angle="180.00" type="DEFAULT_VEHTYPE" speed="13.26" pos="50.88" lane="1/1to1/2_0" slope="0.00"/>
        <vehicle id="49" x="201.65" y="471.73" angle="180.00" type="DEFAULT_VEHTYPE" speed="13.36" pos="66.98" lane="1/2to1/3_0" slope="0.00"/>
        <vehicle id="6" x="192.74" y="398.35" angle="90.00" type="DEFAULT_VEHTYPE" speed="0.00" pos="192.74" lane="0/2to1/2_0" slope="0.00"/>
    </timestep>
    <timestep time="634.00">
        <vehicle id="1" x="66.65" y="401.65" angle="-90.00" type="DEFAULT_VEHTYPE" speed="13.62" pos="128.60" lane="1/2to0/2_0" slope="0.00"/>
        <vehicle id="11" x="401.65" y="769.80" angle="180.00" type="DEFAULT_VEHTYPE" speed="13.72" pos="165.05" lane="2/3to2/4_0" slope="0.00"/>
        <vehicle id="13" x="421.35" y="401.65" angle="-90.00" type="DEFAULT_VEHTYPE" speed="10.30" pos="173.90" lane="3/2to2/2_0" slope="0.00"/>
        <vehicle id="17" x="398.35" y="642.69" angle="0.00" type="DEFAULT_VEHTYPE" speed="12.82" pos="157.31" lane="2/4to2/3_0" slope="0.00"/>
        <vehicle id="2" x="198.35" y="23.73" angle="0.00" type="DEFAULT_VEHTYPE" speed="13.12" pos="171.52" lane="1/1to1/0_0" slope="0.00"/>
        <vehicle id="21" x="205.35" y="598.35" angle="124.70" type="DEFAULT_VEHTYPE" speed="13.25" pos="0.60" lane="1/3to2/3_0" slope="0.00"/>
        <vehicle id="23" x="40.27" y="398.35" angle="90.00" type="DEFAULT_VEHTYPE" speed="13.39" pos="40.27" lane="0/2to1/2_0" slope="0.00"/>
        <vehicle id="25" x="626.89" y="201.65" angle="-90.00" type="DEFAULT_VEHTYPE" speed="11.91" pos="173.11" lane="4/1to3/1_0" slope="0.00"/>
        <vehicle id="27" x="401.65" y="731.69" angle="180.00" type="DEFAULT_VEHTYPE" speed="12.74" pos="126.94" lane="2/3to2/4_0" slope="0.00"/>
        <vehicle id="29" x="198.35" y="227.70" angle="0.00" type="DEFAULT_VEHTYPE" speed="12.92" pos="167.55" lane="1/2to1/1_0" slope="0.00"/>
        <vehicle id="3" x="377.92" y="401.65" angle="-90.00" type="DEFAULT_VEHTYPE" speed="13.82" pos="17.33" lane="2/2to1/2_0" slope="0.00"/>
        <vehicle id="32" x="628.52" y="598.35" angle="90.00" type="DEFAULT_VEHTYPE" speed="13.82" pos="23.77" lane="3/3to4/3_0" slope="0.00"/>
        <vehicle id="37" x="743.90" y="598.35" angle="90.00" type="DEFAULT_VEHTYPE" speed="12.93" pos="139.15" lane="3/3to4/3_0" slope="0.00"/>
        <vehicle id="38" x="394.53" y="201.65" angle="-57.31" type="DEFAULT_VEHTYPE" speed="12.99" pos="0.72" lane="2/1to1/1_0" slope="0.00"/>
        <vehicle id="4" x="601.65" y="235.54" angle="180.00" type="DEFAULT_VEHTYPE" speed="11.51" pos="30.79" lane="3/1to3/2_0" slope="0.00"/>
        <vehicle id="41" x="201.65" y="430.44" angle="180.00" type="DEFAULT_VEHTYPE" speed="13.49" pos="25.69" lane="1/2to1/3_0" slope="0.00"/>
        <vehicle id="42" x="682.70" y="201.65" angle="-90.00" type="DEFAULT_VEHTYPE" speed="13.87" pos="117.30" lane="4/1to3/1_0" slope="0.00"/>
        <vehicle id="43" x="275.47" y="401.65" angle="-90.00" type="DEFAULT_VEHTYPE" speed="12.70" pos="119.78" lane="2/2to1/2_0" slope="0.00"/>
        <vehicle id="44" x="601.65" y="348.06" angle="180.00" type="DEFAULT_VEHTYPE" speed="13.23" pos="143.31" lane="3/1to3/2_0" slope="0.00"/>
        <vehicle id="46" x="401.65" y="682.53" angle="180.00" type="DEFAULT_VEHTYPE" speed="13.11" pos="77.78" lane="2/3to2/4_0" slope="0.00"/>
        <vehicle id="47" x="201.65" y="268.84" angle="180.00" type="DEFAULT_VEHTYPE" speed="13.21" pos="64.09" lane="1/1to1/2_0" slope="0.00"/>
        <vehicle id="49" x="201.65" y="484.94" angle="180.00" type="DEFAULT_VEHTYPE" speed="13.21" pos="80.19" lane="1/2to1/3_0" slope="0.00"/>
        <vehicle id="6" x="194.91" y="398.35" angle="90.00" type="DEFAULT_VEHTYPE" speed="2.17" pos="194.91" lane="0/2to1/2_0" slope="0.00"/>
    </timestep>
    <timestep time="635.00">
        <vehicle id="1" x="53.63" y="401.65" angle="-90.00" type="DEFAULT_VEHTYPE" speed="13.02" pos="141.62" lane="1/2to0/2_0" slope="0.00"/>
        <vehicle id="11" x="401.65" y="782.52" angle="180.00" type="DEFAULT_VEHTYPE" speed="12.72" pos="177.77" lane="2/3to2/4_0" slope="0.00"/>
        <vehicle id="13" x="414.63" y="401.65" angle="-90.00" type="DEFAULT_VEHTYPE" speed="6.72" pos="180.62" lane="3/2to2/2_0" slope="0.00"/>
        <vehicle id="17" x="398.35" y="629.83" angle="0.00" type="DEFAULT_VEHTYPE" speed="12.86" pos="170.17" lane="2/4to2/3_0" slope="0.00"/>
        <vehicle id="2" x="198.35" y="9.83" angle="0.00" type="DEFAULT_VEHTYPE" speed="13.90" pos="185.42" lane="1/1to1/0_0" slope="0.00"/>
        <vehicle id="21" x="218.53" y="598.35" angle="90.00" type="DEFAULT_VEHTYPE" speed="13.18" pos="13.78" lane="1/3to2/3_0" slope="0.00"/>
        <vehicle id="23" x="52.93" y="398.35" angle="90.00" type="DEFAULT_VEHTYPE" speed="12.66" pos="52.93" lane="0/2to1/2_0" slope="0.00"/>
        <vehicle id="25" x="618.03" y="201.65" angle="-90.00" type="DEFAULT_VEHTYPE" speed="8.87" pos="181.97" lane="4/1to3/1_0" slope="0.00"/>
        <vehicle id="27" x="401.65" y="744.83" angle="180.00" type="DEFAULT_VEHTYPE" speed="13.14" pos="140.08" lane="2/3to2/4_0" slope="0.00"/>
        <vehicle id="29" x="198.35" y="214.40" angle="0.00" type="DEFAULT_VEHTYPE" speed="13.31" pos="180.85" lane="1/2to1/1_0" slope="0.00"/>
        <vehicle id="3" x="364.49" y="401.65" angle="-90.00" type="DEFAULT_VEHTYPE" speed="13.43" pos="30.76" lane="2/2to1/2_0" slope="0.00"/>
        <vehicle id="32" x="641.83" y="598.35" angle="90.00" type="DEFAULT_VEHTYPE" speed="13.30" pos="37.08" lane="3/3to4/3_0" slope="0.00"/>
        <vehicle id="37" x="757.36" y="598.35" angle="90.00" type="DEFAULT_VEHTYPE" speed="13.46" pos="152.61" lane="3/3to4/3_0" slope="0.00"/>
        <vehicle id="38" x="381.48" y="201.65" angle="-90.00" type="DEFAULT_VEHTYPE" speed="13.05" pos="13.77" lane="2/1to1/1_0" slope="0.00"/>
        <vehicle id="4" x="601.65" y="248.76" angle="180.00" type="DEFAULT_VEHTYPE" speed="13.23" pos="44.01" lane="3/1to3/2_0" slope="0.00"/>
        <vehicle id="41" x="201.65" y="443.44" angle="180.00" type="DEFAULT_VEHTYPE" speed="13.00" pos="38.69" lane="1/2to1/3_0" slope="0.00"/>
        <vehicle id="42" x="670.06" y="201.65" angle="-90.00" type="DEFAULT_VEHTYPE" speed="12.64" pos="129.94" lane="4/1to3/1_0" slope="0.00"/>
        <vehicle id="43" x="262.31" y="401.65" angle="-90.00" type="DEFAULT_VEHTYPE" speed="13.16" pos="132.94" lane="2/2to1/2_0" slope="0.00"/>
        <vehicle id="44" x="601.65" y="361.59" angle="180.00" type="DEFAULT_VEHTYPE" speed="13.52" pos="156.84" lane="3/1to3/2_0" slope="0.00"/>
        <vehicle id="46" x="401.65" y="696.21" angle="180.00" type="DEFAULT_VEHTYPE" speed="13.68" pos="91.46" lane="2/3to2/4_0" slope="0.00"/>
        <vehicle id="47" x="201.65" y="282.05" angle="180.00" type="DEFAULT_VEHTYPE" speed="13.21" pos="77.30" lane="1/1to1/2_0" slope="0.00"/>
        <vehicle id="49" x="201.65" y="498.03" angle="180.00" type="DEFAULT_VEHTYPE" speed="13.09" pos="93.28" lane="1/2to1/3_0" slope="0.00"/>
        <vehicle id="6" x="198.42" y="398.97" angle="97.22" type="DEFAULT_VEHTYPE" speed="3.60" pos="3.26" lane=":1/2_14_0" slope="0.00"/>
    </timestep>
    <timestep time="636.00">
        <vehicle id="1" x="40.33" y="401.65" angle="-90.00" type="DEFAULT_VEHTYPE" speed="13.31" pos="154.92" lane="1/2to0/2_0" slope="0.00"/>
        <vehicle id="11" x="401.65" y="796.18" angle="180.00" type="DEFAULT_VEHTYPE" speed="13.66" pos="191.43" lane="2/3to2/4_0" slope="0.00"/>
        <vehicle id="13" x="410.72" y="401.65" angle="-90.00" type="DEFAULT_VEHTYPE" speed="3.91" pos="184.53" lane="3/2to2/2_0" slope="0.00"/>
        <vehicle id="17" x="398.35" y="616.56" angle="0.00" type="DEFAULT_VEHTYPE" speed="13.27" pos="183.44" lane="2/4to2/3_0" slope="0.00"/>
        <vehicle id="2" x="200.96" y="-1.03" angle="46.75" type="DEFAULT_VEHTYPE" speed="13.41" pos="3.58" lane=":1/0_0_0" slope="0.00"/>
        <vehicle id="21" x="231.70" y="598.35" angle="90.00" type="DEFAULT_VEHTYPE" speed="13.17" pos="26.95" lane="1/3to2/3_0" slope="0.00"/>
        <vehicle id="23" x="66.18" y="398.35" angle="90.00" type="DEFAULT_VEHTYPE" speed="13.25" pos="66.18" lane="0/2to1/2_0" slope="0.00"/>
        <vehicle id="25" x="611.93" y="201.65" angle="-90.00" type="DEFAULT_VEHTYPE" speed="6.10" pos="188.07" lane="4/1to3/1_0" slope="0.00"/>
        <vehicle id="27" x="401.65" y="758.52" angle="180.00" type="DEFAULT_VEHTYPE" speed="13.69" pos="153.77" lane="2/3to2/4_0" slope="0.00"/>
        <vehicle id="29" x="197.05" y="202.11" angle="-15.97" type="DEFAULT_VEHTYPE" speed="12.76" pos="3.11" lane=":1/1_0_0" slope="0.00"/>
        <vehicle id="3" x="350.76" y="401.65" angle="-90.00" type="DEFAULT_VEHTYPE" speed="13.74" pos="44.49" lane="2/2to1/2_0" slope="0.00"/>
        <vehicle id="32" x="655.66" y="598.35" angle="90.00" type="DEFAULT_VEHTYPE" speed="13.84" pos="50.91" lane="3/3to4/3_0" slope="0.00"/>
        <vehicle id="37" x="771.24" y="598.35" angle="90.00" type="DEFAULT_VEHTYPE" speed="13.88" pos="166.49" lane="3/3to4/3_0" slope="0.00"/>
        <vehicle id="38" x="368.76" y="201.65" angle="-90.00" type="DEFAULT_VEHTYPE" speed="12.73" pos="26.49" lane="2/1to1/1_0" slope="0.00"/>
        <vehicle id="4" x="601.65" y="262.27" angle="180.00" type="DEFAULT_VEHTYPE" speed="13.51" pos="57.52" lane="3/1to3/2_0" slope="0.00"/>
        <vehicle id="41" x="201.65" y="456.32" angle="180.00" type="DEFAULT_VEHTYPE" speed="12.88" pos="51.57" lane="1/2to1/3_0" slope="0.00"/>
        <vehicle id="42" x="657.43" y="201.65" angle="-90.00" type="DEFAULT_VEHTYPE" speed="12.63" pos="142.57" lane="4/1to3/1_0" slope="0.00"/>
        <vehicle id="43" x="248.94" y="401.65" angle="-90.00" type="DEFAULT_VEHTYPE" speed="13.37" pos="146.31" lane="2/2to1/2_0" slope="0.00"/>
        <vehicle id="44" x="601.65" y="375.08" angle="180.00" type="DEFAULT_VEHTYPE" speed="13.49" pos="170.33" lane="3/1to3/2_0" slope="0.00"/>
        <vehicle id="46" x="401.65" y="709.24" angle="180.00" type="DEFAULT_VEHTYPE" speed="13.03" pos="104.49" lane="2/3to2/4_0" slope="0.00"/>
        <vehicle id="47" x="201.65" y="294.95" angle="180.00" type="DEFAULT_VEHTYPE" speed="12.89" pos="90.20" lane="1/1to1/2_0" slope="0.00"/>
        <vehicle id="49" x="201.65" y="511.48" angle="180.00" type="DEFAULT_VEHTYPE" speed="13.45" pos="106.73" lane="1/2to1/3_0" slope="0.00"/>
        <vehicle id="6" x="201.53" y="403.88" angle="154.07" type="DEFAULT_VEHTYPE" speed="6.18" pos="9.44" lane=":1/2_14_0" slope="0.00"/>
    </timestep>
    <timestep time="637.00">
        <vehicle id="1" x="26.69" y="401.65" angle="-90.00" type="DEFAULT_VEHTYPE" speed="13.64" pos="168.56" lane="1/2to0/2_0" slope="0.00"/>
        <vehicle id="11" x="398.35" y="795.20" angle="-1.28" type="DEFAULT_VEHTYPE" speed="13.44" pos="4.80" lane="2/4to2/3_0" slope="0.00"/>
        <vehicle id="13" x="404.90" y="401.65" angle="-90.00" type="DEFAULT_VEHTYPE" speed="5.82" pos="190.35" lane="3/2to2/2_0" slope="0.00"/>
        <vehicle id="17" x="398.35" y="603.37" angle="0.00" type="DEFAULT_VEHTYPE" speed="13.19" pos="1.38" lane=":2/3_1_0" slope="0.00"/>
        <vehicle id="2" x="201.65" y="12.21" angle="180.00" type="DEFAULT_VEHTYPE" speed="13.45" pos="12.21" lane="1/0to1/1_0" slope="0.00"/>
        <vehicle id="21" x="245.33" y="598.35" angle="90.00" type="DEFAULT_VEHTYPE" speed="13.63" pos="40.58" lane="1/3to2/3_0" slope="0.00"/>
        <vehicle id="23" x="78.87" y="398.35" angle="90.00" type="DEFAULT_VEHTYPE" speed="12.70" pos="78.87" lane="0/2to1/2_0" slope="0.00"/>
        <vehicle id="25" x="609.33" y="201.65" angle="-90.00" type="DEFAULT_VEHTYPE" speed="2.60" pos="190.67" lane="4/1to3/1_0" slope="0.00"/>
        <vehicle id="27" x="401.65" y="771.48" angle="180.00" type="DEFAULT_VEHTYPE" speed="12.96" pos="166.73" lane="2/3to2/4_0" slope="0.00"/>
        <vehicle id="29" x="183.30" y="201.65" angle="-90.00" type="DEFAULT_VEHTYPE" speed="13.84" pos="11.95" lane="1/1to0/1_0" slope="0.00"/>
        <vehicle id="3" x="337.82" y="401.65" angle="-90.00" type="DEFAULT_VEHTYPE" speed="12.93" pos="57.43" lane="2/2to1/2_0" slope="0.00"/>
        <vehicle id="32" x="669.17" y="598.35" angle="90.00" type="DEFAULT_VEHTYPE" speed="13.51" pos="64.42" lane="3/3to4/3_0" slope="0.00"/>
        <vehicle id="37" x="784.13" y="598.35" angle="90.00" type="DEFAULT_VEHTYPE" speed="12.89" pos="179.38" lane="3/3to4/3_0" slope="0.00"/>
        <vehicle id="38" x="355.23" y="201.65" angle="-90.00" type="DEFAULT_VEHTYPE" speed="13.53" pos="40.02" lane="2/1to1/1_0" slope="0.00"/>
        <vehicle id="4" x="601.65" y="275.50" angle="180.00" type="DEFAULT_VEHTYPE" speed="13.23" pos="70.75" lane="3/1to3/2_0" slope="0.00"/>
        <vehicle id="41" x="201.65" y="469.51" angle="180.00" type="DEFAULT_VEHTYPE" speed="13.19" pos="64.76" lane="1/2to1/3_0" slope="0.00"/>
        <vehicle id="42" x="643.65" y="201.65" angle="-90.00" type="DEFAULT_VEHTYPE" speed="13.78" pos="156.35" lane="4/1to3/1_0" slope="0.00"/>
        <vehicle id="43" x="236.20" y="401.65" angle="-90.00" type="DEFAULT_VEHTYPE" speed="12.74" pos="159.05" lane="2/2to1/2_0" slope="0.00"/>
        <vehicle id="44" x="601.65" y="388.70" angle="180.00" type="DEFAULT_VEHTYPE" speed="13.62" pos="183.95" lane="3/1to3/2_0" slope="0.00"/>
        <vehicle id="46" x="401.65" y="723.02" angle="180.00" type="DEFAULT_VEHTYPE" speed="13.78" pos="118.27" lane="2/3to2/4_0" slope="0.00"/>
        <vehicle id="47" x="201.65" y="307.73" angle="180.00" type="DEFAULT_VEHTYPE" speed="12.79" pos="102.98" lane="1/1to1/2_0" slope="0.00"/>
        <vehicle id="49" x="201.65" y="524.18" angle="180.00" type="DEFAULT_VEHTYPE" speed="12.70" pos="119.43" lane="1/2to1/3_0" slope="0.00"/>
        <vehicle id="6" x="201.65" y="412.11" angle="180.00" type="DEFAULT_VEHTYPE" speed="8.23" pos="7.36" lane="1/2to1/3_0" slope="0.00"/>
    </timestep>
    <timestep time="638.00">
        <vehicle id="1" x="13.10" y="401.65" angle="-90.00" type="DEFAULT_VEHTYPE" speed="13.58" pos="182.15" lane="1/2to0/2_0" slope="0.00"/>
        <vehicle id="11" x="398.35" y="781.66" angle="0.00" type="DEFAULT_VEHTYPE" speed="13.53" pos="18.34" lane="2/4to2/3_0" slope="0.00"/>
        <vehicle id="13" x="398.74" y="397.98" angle="-46.39" type="DEFAULT_VEHTYPE" speed="7.71" pos="7.56" lane=":2/2_6_0" slope="0.00"/>
        <vehicle id="17" x="398.35" y="590.33" angle="0.00" type="DEFAULT_VEHTYPE" speed="13.05" pos="4.92" lane="2/3to2/2_0" slope="0.00"/>
        <vehicle id="2" x="201.65" y="25.86" angle="180.00" type="DEFAULT_VEHTYPE" speed="13.65" pos="25.86" lane="1/0to1/1_0" slope="0.00"/>
        <vehicle id="21" x="258.43" y="598.35" angle="90.00" type="DEFAULT_VEHTYPE" speed="13.10" pos="53.68" lane="1/3to2/3_0" slope="0.00"/>
        <vehicle id="23" x="92.12" y="398.35" angle="90.00" type="DEFAULT_VEHTYPE" speed="13.24" pos="92.12" lane="0/2to1/2_0" slope="0.00"/>
        <vehicle id="25" x="604.18" y="201.73" angle="-90.92" type="DEFAULT_VEHTYPE" speed="5.16" pos="0.58" lane=":3/1_4_0" slope="0.00"/>
        <vehicle id="27" x="401.65" y="784.19" angle="180.00" type="DEFAULT_VEHTYPE" speed="12.71" pos="179.44" lane="2/3to2/4_0" slope="0.00"/>
        <vehicle id="29" x="170.54" y="201.65" angle="-90.00" type="DEFAULT_VEHTYPE" speed="12.76" pos="24.71" lane="1/1to0/1_0" slope="0.00"/>
        <vehicle id="3" x="324.55" y="401.65" angle="-90.00" type="DEFAULT_VEHTYPE" speed="13.28" pos="70.70" lane="2/2to1/2_0" slope="0.00"/>
        <vehicle id="32" x="682.89" y="598.35" angle="90.00" type="DEFAULT_VEHTYPE" speed="13.72" pos="78.14" lane="3/3to4/3_0" slope="0.00"/>
        <vehicle id="37" x="797.50" y="598.35" angle="90.00" type="DEFAULT_VEHTYPE" speed="13.37" pos="192.75" lane="3/3to4/3_0" slope="0.00"/>
        <vehicle id="38" x="342.07" y="201.65" angle="-90.00" type="DEFAULT_VEHTYPE" speed="13.16" pos="53.18" lane="2/1to1/1_0" slope="0.00"/>
        <vehicle id="4" x="601.65" y="288.14" angle="180.00" type="DEFAULT_VEHTYPE" speed="12.63" pos="83.39" lane="3/1to3/2_0" slope="0.00"/>
        <vehicle id="41" x="201.65" y="482.54" angle="180.00" type="DEFAULT_VEHTYPE" speed="13.03" pos="77.79" lane="1/2to1/3_0" slope="0.00"/>
        <vehicle id="42" x="633.26" y="201.65" angle="-90.00" type="DEFAULT_VEHTYPE" speed="10.40" pos="166.74" lane="4/1to3/1_0" slope="0.00"/>
        <vehicle id="43" x="224.73" y="401.65" angle="-90.00" type="DEFAULT_VEHTYPE" speed="11.46" pos="170.52" lane="2/2to1/2_0" slope="0.00"/>
        <vehicle id="44" x="601.65" y="402.48" angle="180.00" type="DEFAULT_VEHTYPE" speed="13.78" pos="7.23" lane=":3/2_9_0" slope="0.00"/>
        <vehicle id="46" x="401.65" y="735.83" angle="180.00" type="DEFAULT_VEHTYPE" speed="12.81" pos="131.08" lane="2/3to2/4_0" slope="0.00"/>
        <vehicle id="47" x="201.65" y="320.60" angle="180.00" type="DEFAULT_VEHTYPE" speed="12.87" pos="115.85" lane="1/1to1/2_0" slope="0.00"/>
        <vehicle id="49" x="201.65" y="537.26" angle="180.00" type="DEFAULT_VEHTYPE" speed="13.08" pos="132.51" lane="1/2to1/3_0" slope="0.00"/>
        <vehicle id="6" x="201.65" y="422.20" angle="180.00" type="DEFAULT_VEHTYPE" speed="10.10" pos="17.45" lane="1/2to1/3_0" slope="0.00"/>
    </timestep>
    <timestep time="639.00">
        <vehicle id="1" x="-0.06" y="401.61" angle="-89.55" type="DEFAULT_VEHTYPE" speed="13.17" pos="0.07" lane=":0/2_0_0" slope="0.00"/>
        <vehicle id="11" x="398.35" y="768.21" angle="0.00" type="DEFAULT_VEHTYPE" speed="13.46" pos="31.79" lane="2/4to2/3_0" slope="0.00"/>
        <vehicle id="13" x="398.35" y="388.43" angle="0.00" type="DEFAULT_VEHTYPE" speed="9.57" pos="6.82" lane="2/2to2/1_0" slope="0.00"/>
        <vehicle id="17" x="398.35" y="576.57" angle="0.00" type="DEFAULT_VEHTYPE" speed="13.75" pos="18.68" lane="2/3to2/2_0" slope="0.00"/>
        <vehicle id="2" x="201.65" y="38.93" angle="180.00" type="DEFAULT_VEHTYPE" speed="13.07" pos="38.93" lane="1/0to1/1_0" slope="0.00"/>
        <vehicle id="21" x="271.14" y="598.35" angle="90.00" type="DEFAULT_VEHTYPE" speed="12.71" pos="66.39" lane="1/3to2/3_0" slope="0.00"/>
        <vehicle id="23" x="105.01" y="398.35" angle="90.00" type="DEFAULT_VEHTYPE" speed="12.89" pos="105.01" lane="0/2to1/2_0" slope="0.00"/>
        <vehicle id="25" x="601.65" y="206.96" angle="-167.61" type="DEFAULT_VEHTYPE" speed="6.63" pos="2.21" lane="3/1to3/2_0" slope="0.00"/>
        <vehicle id="27" x="401.65" y="797.16" angle="180.00" type="DEFAULT_VEHTYPE" speed="12.97" pos="192.41" lane="2/3to2/4_0" slope="0.00"/>
        <vehicle id="29" x="157.88" y="201.65" angle="-90.00" type="DEFAULT_VEHTYPE" speed="12.66" pos="37.37" lane="1/1to0/1_0" slope="0.00"/>
        <vehicle id="3" x="310.97" y="401.65" angle="-90.00" type="DEFAULT_VEHTYPE" speed="13.58" pos="84.28" lane="2/2to1/2_0" slope="0.00"/>
        <vehicle id="32" x="695.86" y="598.35" angle="90.00" type="DEFAULT_VEHTYPE" speed="12.97" pos="91.11" lane="3/3to4/3_0" slope="0.00"/>
        <vehicle id="37" x="793.87" y="601.65" angle="-90.00" type="DEFAULT_VEHTYPE" speed="13.44" pos="6.13" lane="4/3to3/3_0" slope="0.00"/>
        <vehicle id="38" x="329.35" y="201.65" angle="-90.00" type="DEFAULT_VEHTYPE" speed="12.73" pos="65.90" lane="2/1to1/1_0" slope="0.00"/>
        <vehicle id="4" x="601.65" y="301.74" angle="180.00" type="DEFAULT_VEHTYPE" speed="13.60" pos="96.99" lane="3/1to3/2_0" slope="0.00"/>
        <vehicle id="41" x="201.65" y="495.89" angle="180.00" type="DEFAULT_VEHTYPE" speed="13.35" pos="91.14" lane="1/2to1/3_0" slope="0.00"/>
        <vehicle id="42" x="622.65" y="201.65" angle="-90.00" type="DEFAULT_VEHTYPE" speed="10.61" pos="177.35" lane="4/1to3/1_0" slope="0.00"/>
        <vehicle id="43" x="216.25" y="401.65" angle="-90.00" type="DEFAULT_VEHTYPE" speed="8.48" pos="179.00" lane="2/2to1/2_0" slope="0.00"/>
        <vehicle id="44" x="601.65" y="415.47" angle="180.00" type="DEFAULT_VEHTYPE" speed="12.99" pos="10.72" lane="3/2to3/3_0" slope="0.00"/>
        <vehicle id="46" x="401.65" y="748.73" angle="180.00" type="DEFAULT_VEHTYPE" speed="12.89" pos="143.98" lane="2/3to2/4_0" slope="0.00"/>
        <vehicle id="47" x="201.65" y="333.82" angle="180.00" type="DEFAULT_VEHTYPE" speed="13.21" pos="129.07" lane="1/1to1/2_0" slope="0.00"/>
        <vehicle id="49" x="201.65" y="550.50" angle="180.00" type="DEFAULT_VEHTYPE" speed="13.24" pos="145.75" lane="1/2to1/3_0" slope="0.00"/>
        <vehicle id="6" x="201.65" y="434.05" angle="180.00" type="DEFAULT_VEHTYPE" speed="11.84" pos="29.30" lane="1/2to1/3_0" slope="0.00"/>
    </timestep>
    <timestep time="640.00">
        <vehicle id="1" x="9.00" y="398.35" angle="90.00" type="DEFAULT_VEHTYPE" speed="13.75" pos="9.00" lane="0/2to1/2_0" slope="0.00"/>
        <vehicle id="11" x="398.35" y="755.05" angle="0.00" type="DEFAULT_VEHTYPE" speed="13.16" pos="44.95" lane="2/4to2/3_0" slope="0.00"/>
        <vehicle id="13" x="398.35" y="376.72" angle="0.00" type="DEFAULT_VEHTYPE" speed="11.72" pos="18.53" lane="2/2to2/1_0" slope="0.00"/>
        <vehicle id="17" x="398.35" y="563.89" angle="0.00" type="DEFAULT_VEHTYPE" speed="12.68" pos="31.36" lane="2/3to2/2_0" slope="0.00"/>
        <vehicle id="2" x="201.65" y="52.66" angle="180.00" type="DEFAULT_VEHTYPE" speed="13.73" pos="52.66" lane="1/0to1/1_0" slope="0.00"/>
        <vehicle id="21" x="283.95" y="598.35" angle="90.00" type="DEFAULT_VEHTYPE" speed="12.81" pos="79.20" lane="1/3to2/3_0" slope="0.00"/>
        <vehicle id="23" x="118.23" y="398.35" angle="90.00" type="DEFAULT_VEHTYPE" speed="13.22" pos="118.23" lane="0/2to1/2_0" slope="0.00"/>
        <vehicle id="25" x="601.65" y="215.20" angle="180.00" type="DEFAULT_VEHTYPE" speed="8.25" pos="10.45" lane="3/1to3/2_0" slope="0.00"/>
        <vehicle id="27" x="398.35" y="794.82" angle="0.00" type="DEFAULT_VEHTYPE" speed="12.84" pos="5.18" lane="2/4to2/3_0" slope="0.00"/>
        <vehicle id="29" x="144.31" y="201.65" angle="-90.00" type="DEFAULT_VEHTYPE" speed="13.57" pos="50.94" lane="1/1to0/1_0" slope="0.00"/>
        <vehicle id="3" x="298.01" y="401.65" angle="-90.00" type="DEFAULT_VEHTYPE" speed="12.96" pos="97.24" lane="2/2to1/2_0" slope="0.00"/>
        <vehicle id="32" x="709.69" y="598.35" angle="90.00" type="DEFAULT_VEHTYPE" speed="13.83" pos="104.94" lane="3/3to4/3_0" slope="0.00"/>
        <vehicle id="37" x="780.72" y="601.65" angle="-90.00" type="DEFAULT_VEHTYPE" speed="13.16" pos="19.28" lane="4/3to3/3_0" slope="0.00"/>
        <vehicle id="38" x="315.74" y="201.65" angle="-90.00" type="DEFAULT_VEHTYPE" speed="13.61" pos="79.51" lane="2/1to1/1_0" slope="0.00"/>
        <vehicle id="4" x="601.65" y="314.72" angle="180.00" type="DEFAULT_VEHTYPE" speed="12.99" pos="109.97" lane="3/1to3/2_0" slope="0.00"/>
        <vehicle id="41" x="201.65" y="509.68" angle="180.00" type="DEFAULT_VEHTYPE" speed="13.78" pos="104.93" lane="1/2to1/3_0" slope="0.00"/>
        <vehicle id="42" x="615.69" y="201.65" angle="-90.00" type="DEFAULT_VEHTYPE" speed="6.95" pos="184.31" lane="4/1to3/1_0" slope="0.00"/>
        <vehicle id="43" x="210.98" y="401.65" angle="-90.00" type="DEFAULT_VEHTYPE" speed="5.26" pos="184.27" lane="2/2to1/2_0" slope="0.00"/>
        <vehicle id="44" x="601.65" y="429.25" angle="180.00" type="DEFAULT_VEHTYPE" speed="13.77" pos="24.50" lane="3/2to3/3_0" slope="0.00"/>
        <vehicle id="46" x="401.65" y="762.44" angle="180.00" type="DEFAULT_VEHTYPE" speed="13.72" pos="157.69" lane="2/3to2/4_0" slope="0.00"/>
        <vehicle id="47" x="201.65" y="347.40" angle="180.00" type="DEFAULT_VEHTYPE" speed="13.58" pos="142.65" lane="1/1to1/2_0" slope="0.00"/>
        <vehicle id="49" x="201.65" y="564.29" angle="180.00" type="DEFAULT_VEHTYPE" speed="13.79" pos="159.54" lane="1/2to1/3_0" slope="0.00"/>
        <vehicle id="6" x="201.65" y="447.40" angle="180.00" type="DEFAULT_VEHTYPE" speed="13.35" pos="42.65" lane="1/2to1/3_0" slope="0.00"/>
    </timestep>
    <timestep time="641.00">
        <vehicle id="1" x="22.59" y="398.35" angle="90.00" type="DEFAULT_VEHTYPE" speed="13.59" pos="22.59" lane="0/2to1/2_0" slope="0.00"/>
        <vehicle id="11" x="398.35" y="741.24" angle="0.00" type="DEFAULT_VEHTYPE" speed="13.81" pos="58.76" lane="2/4to2/3_0" slope="0.00"/>
        <vehicle id="13" x="398.35" y="363.30" angle="0.00" type="DEFAULT_VEHTYPE" speed="13.41" pos="31.95" lane="2/2to2/1_0" slope="0.00"/>
        <vehicle id="17" x="398.35" y="550.06" angle="0.00" type="DEFAULT_VEHTYPE" speed="13.83" pos="45.19" lane="2/3to2/2_0" slope="0.00"/>
        <vehicle id="2" x="201.65" y="65.44" angle="180.00" type="DEFAULT_VEHTYPE" speed="12.79" pos="65.44" lane="1/0to1/1_0" slope="0.00"/>
        <vehicle id="21" x="296.70" y="598.35" angle="90.00" type="DEFAULT_VEHTYPE" speed="12.74" pos="91.95" lane="1/3to2/3_0" slope="0.00"/>
        <vehicle id="23" x="130.99" y="398.35" angle="90.00" type="DEFAULT_VEHTYPE" speed="12.77" pos="130.99" lane="0/2to1/2_0" slope="0.00"/>
        <vehicle id="25" x="601.65" y="225.71" angle="180.00" type="DEFAULT_VEHTYPE" speed="10.51" pos="20.96" lane="3/1to3/2_0" slope="0.00"/>
        <vehicle id="27" x="398.35" y="781.26" angle="0.00" type="DEFAULT_VEHTYPE" speed="13.56" pos="18.74" lane="2/4to2/3_0" slope="0.00"/>
        <vehicle id="29" x="130.55" y="201.65" angle="-90.00" type="DEFAULT_VEHTYPE" speed="13.76" pos="64.70" lane="1/1to0/1_0" slope="0.00"/>
        <vehicle id="3" x="285.02" y="401.65" angle="-90.00" type="DEFAULT_VEHTYPE" speed="12.99" pos="110.23" lane="2/2to1/2_0" slope="0.00"/>
        <vehicle id="32" x="722.66" y="598.35" angle="90.00" type="DEFAULT_VEHTYPE" speed="12.97" pos="117.91" lane="3/3to4/3_0" slope="0.00"/>
        <vehicle id="37" x="767.31" y="601.65" angle="-90.00" type="DEFAULT_VEHTYPE" speed="13.41" pos="32.69" lane="4/3to3/3_0" slope="0.00"/>
        <vehicle id="38" x="302.78" y="201.65" angle="-90.00" type="DEFAULT_VEHTYPE" speed="12.96" pos="92.47" lane="2/1to1/1_0" slope="0.00"/>
        <vehicle id="4" x="601.65" y="328.19" angle="180.00" type="DEFAULT_VEHTYPE" speed="13.47" pos="123.44" lane="3/1to3/2_0" slope="0.00"/>
        <vehicle id="41" x="201.65" y="523.56" angle="180.00" type="DEFAULT_VEHTYPE" speed="13.88" pos="118.81" lane="1/2to1/3_0" slope="0.00"/>
        <vehicle id="42" x="610.49" y="201.65" angle="-90.00" type="DEFAULT_VEHTYPE" speed="5.20" pos="189.51" lane="4/1to3/1_0" slope="0.00"/>
        <vehicle id="43" x="203.75" y="401.65" angle="-90.00" type="DEFAULT_VEHTYPE" speed="7.23" pos="1.00" lane=":1/2_5_0" slope="0.00"/>
        <vehicle id="44" x="601.65" y="441.93" angle="180.00" type="DEFAULT_VEHTYPE" speed="12.69" pos="37.18" lane="3/2to3/3_0" slope="0.00"/>
        <vehicle id="46" x="401.65" y="775.22" angle="180.00" type="DEFAULT_VEHTYPE" speed="12.77" pos="170.47" lane="2/3to2/4_0" slope="0.00"/>
        <vehicle id="47" x="201.65" y="360.96" angle="180.00" type="DEFAULT_VEHTYPE" speed="13.57" pos="156.21" lane="1/1to1/2_0" slope="0.00"/>
        <vehicle id="49" x="201.65" y="577.63" angle="180.00" type="DEFAULT_VEHTYPE" speed="13.35" pos="172.88" lane="1/2to1/3_0" slope="0.00"/>
        <vehicle id="6" x="201.65" y="460.25" angle="180.00" type="DEFAULT_VEHTYPE" speed="12.85" pos="55.50" lane="1/2to1/3_0" slope="0.00"/>
    </timestep>
    <timestep time="642.00">
        <vehicle id="1" x="35.76" y="398.35" angle="90.00" type="DEFAULT_VEHTYPE" speed="13.17" pos="35.76" lane="0/2to1/2_0" slope="0.00"/>
        <vehicle id="11" x="398.35" y="727.64" angle="0.00" type="DEFAULT_VEHTYPE" speed="13.59" pos="72.36" lane="2/4to2/3_0" slope="0.00"/>
        <vehicle id="13" x="398.35" y="350.03" angle="0.00" type="DEFAULT_VEHTYPE" speed="13.28" pos="45.22" lane="2/2to2/1_0" slope="0.00"/>
        <vehicle id="17" x="398.35" y="536.73" angle="0.00" type="DEFAULT_VEHTYPE" speed="13.33" pos="58.52" lane="2/3to2/2_0" slope="0.00"/>
        <vehicle id="2" x="201.65" y="78.15" angle="180.00" type="DEFAULT_VEHTYPE" speed="12.70" pos="78.15" lane="1/0to1/1_0" slope="0.00"/>
        <vehicle id="21" x="310.48" y="598.35" angle="90.00" type="DEFAULT_VEHTYPE" speed="13.78" pos="105.73" lane="1/3to2/3_0" slope="0.00"/>
        <vehicle id="23" x="143.95" y="398.35" angle="90.00" type="DEFAULT_VEHTYPE" speed="12.96" pos="143.95" lane="0/2to1/2_0" slope="0.00"/>
        <vehicle id="25" x="601.65" y="237.83" angle="180.00" type="DEFAULT_VEHTYPE" speed="12.11" pos="33.08" lane="3/1to3/2_0" slope="0.00"/>
        <vehicle id="27" x="398.35" y="768.36" angle="0.00" type="DEFAULT_VEHTYPE" speed="12.90" pos="31.64" lane="2/4to2/3_0" slope="0.00"/>
        <vehicle id="29" x="117.95" y="201.65" angle="-90.00" type="DEFAULT_VEHTYPE" speed="12.61" pos="77.30" lane="1/1to0/1_0" slope="0.00"/>
        <vehicle id="3" x="272.08" y="401.65" angle="-90.00" type="DEFAULT_VEHTYPE" speed="12.94" pos="123.17" lane="2/2to1/2_0" slope="0.00"/>
        <vehicle id="32" x="736.24" y="598.35" angle="90.00" type="DEFAULT_VEHTYPE" speed="13.57" pos="131.49" lane="3/3to4/3_0" slope="0.00"/>
        <vehicle id="37" x="754.04" y="601.65" angle="-90.00" type="DEFAULT_VEHTYPE" speed="13.27" pos="45.96" lane="4/3to3/3_0" slope="0.00"/>
        <vehicle id="38" x="289.81" y="201.65" angle="-90.00" type="DEFAULT_VEHTYPE" speed="12.97" pos="105.44" lane="2/1to1/1_0" slope="0.00"/>
        <vehicle id="4" x="601.65" y="341.57" angle="180.00" type="DEFAULT_VEHTYPE" speed="13.38" pos="136.82" lane="3/1to3/2_0" slope="0.00"/>
        <vehicle id="41" x="201.65" y="537.02" angle="180.00" type="DEFAULT_VEHTYPE" speed="13.46" pos="132.27" lane="1/2to1/3_0" slope="0.00"/>
        <vehicle id="42" x="603.10" y="202.01" angle="-94.22" type="DEFAULT_VEHTYPE" speed="7.45" pos="1.71" lane=":3/1_4_0" slope="0.00"/>
        <vehicle id="43" x="194.83" y="401.65" angle="-90.00" type="DEFAULT_VEHTYPE" speed="8.92" pos="0.42" lane="1/2to0/2_0" slope="0.00"/>
        <vehicle id="44" x="601.65" y="455.50" angle="180.00" type="DEFAULT_VEHTYPE" speed="13.56" pos="50.75" lane="3/2to3/3_0" slope="0.00"/>
        <vehicle id="46" x="401.65" y="788.48" angle="180.00" type="DEFAULT_VEHTYPE" speed="13.27" pos="183.73" lane="2/3to2/4_0" slope="0.00"/>
        <vehicle id="47" x="201.65" y="373.69" angle="180.00" type="DEFAULT_VEHTYPE" speed="12.73" pos="168.94" lane="1/1to1/2_0" slope="0.00"/>
        <vehicle id="49" x="201.65" y="591.17" angle="180.00" type="DEFAULT_VEHTYPE" speed="13.53" pos="186.42" lane="1/2to1/3_0" slope="0.00"/>
        <vehicle id="6" x="201.65" y="473.07" angle="180.00" type="DEFAULT_VEHTYPE" speed="12.82" pos="68.32" lane="1/2to1/3_0" slope="0.00"/>
    </timestep>
    <timestep time="643.00">
        <vehicle id="1" x="49.28" y="398.35" angle="90.00" type="DEFAULT_VEHTYPE" speed="13.51" pos="49.28" lane="0/2to1/2_0" slope="0.00"/>
        <vehicle id="11" x="398.35" y="713.80" angle="0.00" type="DEFAULT_VEHTYPE" speed="13.84" pos="86.20" lane="2/4to2/3_0" slope="0.00"/>
        <vehicle id="13" x="398.35" y="336.89" angle="0.00" type="DEFAULT_VEHTYPE" speed="13.13" pos="58.36" lane="2/2to2/1_0" slope="0.00"/>
        <vehicle id="17" x="398.35" y="523.79" angle="0.00" type="DEFAULT_VEHTYPE" speed="12.94" pos="71.46" lane="2/3to2/2_0" slope="0.00"/>
        <vehicle id="2" x="201.65" y="91.13" angle="180.00" type="DEFAULT_VEHTYPE" speed="12.98" pos="91.13" lane="1/0to1/1_0" slope="0.00"/>
        <vehicle id="21" x="323.20" y="598.35" angle="90.00" type="DEFAULT_VEHTYPE" speed="12.72" pos="118.45" lane="1/3to2/3_0" slope="0.00"/>
        <vehicle id="23" x="156.65" y="398.35" angle="90.00" type="DEFAULT_VEHTYPE" speed="12.70" pos="156.65" lane="0/2to1/2_0" slope="0.00"/>
        <vehicle id="25" x="601.65" y="250.92" angle="180.00" type="DEFAULT_VEHTYPE" speed="13.09" pos="46.17" lane="3/1to3/2_0" slope="0.00"/>
        <vehicle id="27" x="398.35" y="755.28" angle="0.00" type="DEFAULT_VEHTYPE" speed="13.09" pos="44.72" lane="2/4to2/3_0" slope="0.00"/>
        <vehicle id="29" x="104.10" y="201.65" angle="-90.00" type="DEFAULT_VEHTYPE" speed="13.84" pos="91.15" lane="1/1to0/1_0" slope="0.00"/>
        <vehicle id="3" x="258.18" y="401.65" angle="-90.00" type="DEFAULT_VEHTYPE" speed="13.90" pos="137.07" lane="2/2to1/2_0" slope="0.00"/>
        <vehicle id="32" x="749.38" y="598.35" angle="90.00" type="DEFAULT_VEHTYPE" speed="13.15" pos="144.63" lane="3/3to4/3_0" slope="0.00"/>
        <vehicle id="37" x="741.38" y="601.65" angle="-90.00" type="DEFAULT_VEHTYPE" speed="12.65" pos="58.62" lane="4/3to3/3_0" slope="0.00"/>
        <vehicle id="38" x="276.11" y="201.65" angle="-90.00" type="DEFAULT_VEHTYPE" speed="13.70" pos="119.14" lane="2/1to1/1_0" slope="0.00"/>
        <vehicle id="4" x="601.65" y="354.19" angle="180.00" type="DEFAULT_VEHTYPE" speed="12.62" pos="149.44" lane="3/1to3/2_0" slope="0.00"/>
        <vehicle id="41" x="201.65" y="550.33" angle="180.00" type="DEFAULT_VEHTYPE" speed="13.32" pos="145.58" lane="1/2to1/3_0" slope="0.00"/>
        <vehicle id="42" x="601.65" y="211.28" angle="180.00" type="DEFAULT_VEHTYPE" speed="9.82" pos="6.53" lane="3/1to3/2_0" slope="0.00"/>
        <vehicle id="43" x="183.52" y="401.65" angle="-90.00" type="DEFAULT_VEHTYPE" speed="11.31" pos="11.73" lane="1/2to0/2_0" slope="0.00"/>
        <vehicle id="44" x="601.65" y="469.20" angle="180.00" type="DEFAULT_VEHTYPE" speed="13.71" pos="64.45" lane="3/2to3/3_0" slope="0.00"/>
        <vehicle id="46" x="400.48" y="801.41" angle="-165.51" type="DEFAULT_VEHTYPE" speed="13.39" pos="1.88" lane=":2/4_0_0" slope="0.00"/>
        <vehicle id="47" x="201.65" y="387.23" angle="180.00" type="DEFAULT_VEHTYPE" speed="13.54" pos="182.48" lane="1/1to1/2_0" slope="0.00"/>
        <vehicle id="49" x="208.38" y="598.35" angle="92.20" type="DEFAULT_VEHTYPE" speed="12.71" pos="3.63" lane="1/3to2/3_0" slope="0.00"/>
        <vehicle id="6" x="201.65" y="486.95" angle="180.00" type="DEFAULT_VEHTYPE" speed="13.87" pos="82.20" lane="1/2to1/3_0" slope="0.00"/>
    </timestep>
    <timestep time="644.00">
        <vehicle id="1" x="62.74" y="398.35" angle="90.00" type="DEFAULT_VEHTYPE" speed="13.46" pos="62.74" lane="0/2to1/2_0" slope="0.00"/>
        <vehicle id="11" x="398.35" y="700.45" angle="0.00" type="DEFAULT_VEHTYPE" speed="13.35" pos="99.55" lane="2/4to2/3_0" slope="0.00"/>
        <vehicle id="13" x="398.35" y="323.23" angle="0.00" type="DEFAULT_VEHTYPE" speed="13.66" pos="72.02" lane="2/2to2/1_0" slope="0.00"/>
        <vehicle id="17" x="398.35" y="511.03" angle="0.00" type="DEFAULT_VEHTYPE" speed="12.76" pos="84.22" lane="2/3to2/2_0" slope="0.00"/>
        <vehicle id="2" x="201.65" y="104.16" angle="180.00" type="DEFAULT_VEHTYPE" speed="13.03" pos="104.16" lane="1/0to1/1_0" slope="0.00"/>
        <vehicle id="21" x="336.54" y="598.35" angle="90.00" type="DEFAULT_VEHTYPE" speed="13.34" pos="131.79" lane="1/3to2/3_0" slope="0.00"/>
        <vehicle id="23" x="169.66" y="398.35" angle="90.00" type="DEFAULT_VEHTYPE" speed="13.01" pos="169.66" lane="0/2to1/2_0" slope="0.00"/>
        <vehicle id="25" x="601.65" y="264.02" angle="180.00" type="DEFAULT_VEHTYPE" speed="13.11" pos="59.27" lane="3/1to3/2_0" slope="0.00"/>
        <vehicle id="27" x="398.35" y="741.60" angle="0.00" type="DEFAULT_VEHTYPE" speed="13.68" pos="58.40" lane="2/4to2/3_0" slope="0.00"/>
        <vehicle id="29" x="91.20" y="201.65" angle="-90.00" type="DEFAULT_VEHTYPE" speed="12.90" pos="104.05" lane="1/1to0/1_0" slope="0.00"/>
        <vehicle id="3" x="245.12" y="401.65" angle="-90.00" type="DEFAULT_VEHTYPE" speed="13.06" pos="150.13" lane="2/2to1/2_0" slope="0.00"/>
        <vehicle id="32" x="762.01" y="598.35" angle="90.00" type="DEFAULT_VEHTYPE" speed="12.63" pos="157.26" lane="3/3to4/3_0" slope="0.00"/>
        <vehicle id="37" x="728.69" y="601.65" angle="-90.00" type="DEFAULT_VEHTYPE" speed="12.69" pos="71.31" lane="4/3to3/3_0" slope="0.00"/>
        <vehicle id="38" x="263.22" y="201.65" angle="-90.00" type="DEFAULT_VEHTYPE" speed="12.88" pos="132.03" lane="2/1to1/1_0" slope="0.00"/>
        <vehicle id="4" x="601.65" y="367.24" angle="180.00" type="DEFAULT_VEHTYPE" speed="13.05" pos="162.49" lane="3/1to3/2_0" slope="0.00"/>
        <vehicle id="41" x="201.65" y="563.69" angle="180.00" type="DEFAULT_VEHTYPE" speed="13.36" pos="158.94" lane="1/2to1/3_0" slope="0.00"/>
        <vehicle id="42" x="601.65" y="222.41" angle="180.00" type="DEFAULT_VEHTYPE" speed="11.13" pos="17.66" lane="3/1to3/2_0" slope="0.00"/>
        <vehicle id="43" x="170.90" y="401.65" angle="-90.00" type="DEFAULT_VEHTYPE" speed="12.62" pos="24.35" lane="1/2to0/2_0" slope="0.00"/>
        <vehicle id="44" x="601.65" y="482.76" angle="180.00" type="DEFAULT_VEHTYPE" speed="13.55" pos="78.01" lane="3/2to3/3_0" slope="0.00"/>
        <vehicle id="46" x="398.35" y="789.97" angle="0.00" type="DEFAULT_VEHTYPE" speed="12.97" pos="10.03" lane="2/4to2/3_0" slope="0.00"/>
        <vehicle id="47" x="201.65" y="400.69" angle="180.00" type="DEFAULT_VEHTYPE" speed="13.46" pos="5.44" lane=":1/2_9_0" slope="0.00"/>
        <vehicle id="49" x="222.15" y="598.35" angle="90.00" type="DEFAULT_VEHTYPE" speed="13.77" pos="17.40" lane="1/3to2/3_0" slope="0.00"/>
        <vehicle id="6" x="201.65" y="500.28" angle="180.00" type="DEFAULT_VEHTYPE" speed="13.33" pos="95.53" lane="1/2to1/3_0" slope="0.00"/>
    </timestep>
    <timestep time="645.00">
        <vehicle id="1" x="75.79" y="398.35" angle="90.00" type="DEFAULT_VEHTYPE" speed="13.05" pos="75.79" lane="0/2to1/2_0" slope="0.00"/>
        <vehicle id="11" x="398.35" y="687.78" angle="0.00" type="DEFAULT_VEHTYPE" speed="12.66" pos="112.22" lane="2/4to2/3_0" slope="0.00"/>
        <vehicle id="13" x="398.35" y="310.59" angle="0.00" type="DEFAULT_VEHTYPE" speed="12.63" pos="84.66" lane="2/2to2/1_0" slope="0.00"/>
        <vehicle id="17" x="398.35" y="497.87" angle="0.00" type="DEFAULT_VEHTYPE" speed="13.16" pos="97.38" lane="2/3to2/2_0" slope="0.00"/>
        <vehicle id="2" x="201.65" y="116.80" angle="180.00" type="DEFAULT_VEHTYPE" speed="12.64" pos="116.80" lane="1/0to1/1_0" slope="0.00"/>
        <vehicle id="21" x="350.22" y="598.35" angle="90.00" type="DEFAULT_VEHTYPE" speed="13.69" pos="145.47" lane="1/3to2/3_0" slope="0.00"/>
        <vehicle id="23" x="179.41" y="398.35" angle="90.00" type="DEFAULT_VEHTYPE" speed="9.74" pos="179.41" lane="0/2to1/2_0" slope="0.00"/>
        <vehicle id="25" x="601.65" y="277.72" angle="180.00" type="DEFAULT_VEHTYPE" speed="13.70" pos="72.97" lane="3/1to3/2_0" slope="0.00"/>
        <vehicle id="27" x="398.35" y="728.16" angle="0.00" type="DEFAULT_VEHTYPE" speed="13.43" pos="71.84" lane="2/4to2/3_0" slope="0.00"/>
        <vehicle id="29" x="78.18" y="201.65" angle="-90.00" type="DEFAULT_VEHTYPE" speed="13.02" pos="117.07" lane="1/1to0/1_0" slope="0.00"/>
        <vehicle id="3" x="231.72" y="401.65" angle="-90.00" type="DEFAULT_VEHTYPE" speed="13.41" pos="163.53" lane="2/2to1/2_0" slope="0.00"/>
        <vehicle id="32" x="774.77" y="598.35" angle="90.00" type="DEFAULT_VEHTYPE" speed="12.76" pos="170.02" lane="3/3to4/3_0" slope="0.00"/>
        <vehicle id="37" x="715.75" y="601.65" angle="-90.00" type="DEFAULT_VEHTYPE" speed="12.94" pos="84.25" lane="4/3to3/3_0" slope="0.00"/>
        <vehicle id="38" x="249.64" y="201.65" angle="-90.00" type="DEFAULT_VEHTYPE" speed="13.58" pos="145.61" lane="2/1to1/1_0" slope="0.00"/>
        <vehicle id="4" x="601.65" y="377.98" angle="180.00" type="DEFAULT_VEHTYPE" speed="10.74" pos="173.23" lane="3/1to3/2_0" slope="0.00"/>
        <vehicle id="41" x="201.65" y="577.57" angle="180.00" type="DEFAULT_VEHTYPE" speed="13.88" pos="172.82" lane="1/2to1/3_0" slope="0.00"/>
        <vehicle id="42" x="601.65" y="235.61" angle="180.00" type="DEFAULT_VEHTYPE" speed="13.20" pos="30.86" lane="3/1to3/2_0" slope="0.00"/>
        <vehicle id="43" x="157.57" y="401.65" angle="-90.00" type="DEFAULT_VEHTYPE" speed="13.33" pos="37.68" lane="1/2to0/2_0" slope="0.00"/>
        <vehicle id="44" x="601.65" y="496.46" angle="180.00" type="DEFAULT_VEHTYPE" speed="13.70" pos="91.71" lane="3/2to3/3_0" slope="0.00"/>
        <vehicle id="46" x="398.35" y="776.82" angle="0.00" type="DEFAULT_VEHTYPE" speed="13.15" pos="23.18" lane="2/4to2/3_0" slope="0.00"/>
        <vehicle id="47" x="201.65" y="413.53" angle="180.00" type="DEFAULT_VEHTYPE" speed="12.84" pos="8.78" lane="1/2to1/3_0" slope="0.00"/>
        <vehicle id="49" x="235.76" y="598.35" angle="90.00" type="DEFAULT_VEHTYPE" speed="13.61" pos="31.01" lane="1/3to2/3_0" slope="0.00"/>
        <vehicle id="6" x="201.65" y="513.18" angle="180.00" type="DEFAULT_VEHTYPE" speed="12.90" pos="108.43" lane="1/2to1/3_0" slope="0.00"/>
    </timestep>
    <timestep time="646.00">
        <vehicle id="1" x="89.59" y="398.35" angle="90.00" type="DEFAULT_VEHTYPE" speed="13.80" pos="89.59" lane="0/2to1/2_0" slope="0.00"/>
        <vehicle id="11" x="398.35" y="674.41" angle="0.00" type="DEFAULT_VEHTYPE" speed="13.37" pos="125.59" lane="2/4to2/3_0" slope="0.00"/>
        <vehicle id="13" x="398.35" y="297.57" angle="0.00" type="DEFAULT_VEHTYPE" speed="13.02" pos="97.68" lane="2/2to2/1_0" slope="0.00"/>
        <vehicle id="17" x="398.35" y="484.99" angle="0.00" type="DEFAULT_VEHTYPE" speed="12.88" pos="110.26" lane="2/3to2/2_0" slope="0.00"/>
        <vehicle id="2" x="201.65" y="130.54" angle="180.00" type="DEFAULT_VEHTYPE" speed="13.74" pos="130.54" lane="1/0to1/1_0" slope="0.00"/>
        <vehicle id="21" x="363.13" y="598.35" angle="90.00" type="DEFAULT_VEHTYPE" speed="12.91" pos="158.38" lane="1/3to2/3_0" slope="0.00"/>
        <vehicle id="23" x="186.06" y="398.35" angle="90.00" type="DEFAULT_VEHTYPE" speed="6.66" pos="186.06" lane="0/2to1/2_0" slope="0.00"/>
        <vehicle id="25" x="601.65" y="291.23" angle="180.00" type="DEFAULT_VEHTYPE" speed="13.50" pos="86.48" lane="3/1to3/2_0" slope="0.00"/>
        <vehicle id="27" x="398.35" y="715.23" angle="0.00" type="DEFAULT_VEHTYPE" speed="12.93" pos="84.77" lane="2/4to2/3_0" slope="0.00"/>
        <vehicle id="29" x="64.71" y="201.65" angle="-90.00" type="DEFAULT_VEHTYPE" speed="13.48" pos="130.54" lane="1/1to0/1_0" slope="0.00"/>
        <vehicle id="3" x="221.78" y="401.65" angle="-90.00" type="DEFAULT_VEHTYPE" speed="9.94" pos="173.47" lane="2/2to1/2_0" slope="0.00"/>
        <vehicle id="32" x="787.98" y="598.35" angle="90.00" type="DEFAULT_VEHTYPE" speed="13.20" pos="183.23" lane="3/3to4/3_0" slope="0.00"/>
        <vehicle id="37" x="702.63" y="601.65" angle="-90.00" type="DEFAULT_VEHTYPE" speed="13.12" pos="97.37" lane="4/3to3/3_0" slope="0.00"/>
        <vehicle id="38" x="235.87" y="201.65" angle="-90.00" type="DEFAULT_VEHTYPE" speed="13.77" pos="159.38" lane="2/1to1/1_0" slope="0.00"/>
        <vehicle id="4" x="601.65" y="384.67" angle="180.00" type="DEFAULT_VEHTYPE" speed="6.69" pos="179.92" lane="3/1to3/2_0" slope="0.00"/>
        <vehicle id="41" x="201.65" y="591.31" angle="180.00" type="DEFAULT_VEHTYPE" speed="13.74" pos="186.56" lane="1/2to1/3_0" slope="0.00"/>
        <vehicle id="42" x="601.65" y="248.60" angle="180.00" type="DEFAULT_VEHTYPE" speed="12.99" pos="43.85" lane="3/1to3/2_0" slope="0.00"/>
        <vehicle id="43" x="143.98" y="401.65" angle="-90.00" type="DEFAULT_VEHTYPE" speed="13.59" pos="51.27" lane="1/2to0/2_0" slope="0.00"/>
        <vehicle id="44" x="601.65" y="509.31" angle="180.00" type="DEFAULT_VEHTYPE" speed="12.85" pos="104.56" lane="3/2to3/3_0" slope="0.00"/>
        <vehicle id="46" x="398.35" y="763.64" angle="0.00" type="DEFAULT_VEHTYPE" speed="13.18" pos="36.36" lane="2/4to2/3_0" slope="0.00"/>
        <vehicle id="47" x="201.65" y="426.27" angle="180.00" type="DEFAULT_VEHTYPE" speed="12.74" pos="21.52" lane="1/2to1/3_0" slope="0.00"/>
        <vehicle id="49" x="249.37" y="598.35" angle="90.00" type="DEFAULT_VEHTYPE" speed="13.61" pos="44.62" lane="1/3to2/3_0" slope="0.00"/>
        <vehicle id="6" x="201.65" y="527.07" angle="180.00" type="DEFAULT_VEHTYPE" speed="13.89" pos="122.32" lane="1/2to1/3_0" slope="0.00"/>
    </timestep>
    <timestep time="647.00">
        <vehicle id="1" x="103.26" y="398.35" angle="90.00" type="DEFAULT_VEHTYPE" speed="13.68" pos="103.26" lane="0/2to1/2_0" slope="0.00"/>
        <vehicle id="11" x="398.35" y="661.29" angle="0.00" type="DEFAULT_VEHTYPE" speed="13.12" pos="138.71" lane="2/4to2/3_0" slope="0.00"/>
        <vehicle id="13" x="398.35" y="283.99" angle="0.00" type="DEFAULT_VEHTYPE" speed="13.58" pos="111.26" lane="2/2to2/1_0" slope="0.00"/>
        <vehicle id="17" x="398.35" y="471.79" angle="0.00" type="DEFAULT_VEHTYPE" speed="13.21" pos="123.46" lane="2/3to2/2_0" slope="0.00"/>
        <vehicle id="2" x="201.65" y="144.23" angle="180.00" type="DEFAULT_VEHTYPE" speed="13.69" pos="144.23" lane="1/0to1/1_0" slope="0.00"/>
        <vehicle id="21" x="374.97" y="598.35" angle="90.00" type="DEFAULT_VEHTYPE" speed="11.84" pos="170.22" lane="1/3to2/3_0" slope="0.00"/>
        <vehicle id="23" x="190.10" y="398.35" angle="90.00" type="DEFAULT_VEHTYPE" speed="4.04" pos="190.10" lane="0/2to1/2_0" slope="0.00"/>
        <vehicle id="25" x="601.65" y="304.23" angle="180.00" type="DEFAULT_VEHTYPE" speed="13.01" pos="99.48" lane="3/1to3/2_0" slope="0.00"/>
        <vehicle id="27" x="398.35" y="701.74" angle="0.00" type="DEFAULT_VEHTYPE" speed="13.49" pos="98.26" lane="2/4to2/3_0" slope="0.00"/>
        <vehicle id="29" x="51.42" y="201.65" angle="-90.00" type="DEFAULT_VEHTYPE" speed="13.28" pos="143.83" lane="1/1to0/1_0" slope="0.00"/>
        <vehicle id="3" x="214.26" y="401.65" angle="-90.00" type="DEFAULT_VEHTYPE" speed="7.52" pos="180.99" lane="2/2to1/2_0" slope="0.00"/>
        <vehicle id="32" x="800.52" y="598.69" angle="94.03" type="DEFAULT_VEHTYPE" speed="12.64" pos="0.62" lane=":4/3_0_0" slope="0.00"/>
        <vehicle id="37" x="688.86" y="601.65" angle="-90.00" type="DEFAULT_VEHTYPE" speed="13.77" pos="111.14" lane="4/3to3/3_0" slope="0.00"/>
        <vehicle id="38" x="224.98" y="201.65" angle="-90.00" type="DEFAULT_VEHTYPE" speed="10.89" pos="170.27" lane="2/1to1/1_0" slope="0.00"/>
        <vehicle id="4" x="601.65" y="389.41" angle="180.00" type="DEFAULT_VEHTYPE" speed="4.74" pos="184.66" lane="3/1to3/2_0" slope="0.00"/>
        <vehicle id="41" x="209.07" y="598.35" angle="91.08" type="DEFAULT_VEHTYPE" speed="13.26" pos="4.32" lane="1/3to2/3_0" slope="0.00"/>
        <vehicle id="42" x="601.65" y="262.41" angle="180.00" type="DEFAULT_VEHTYPE" speed="13.81" pos="57.66" lane="3/1to3/2_0" slope="0.00"/>
        <vehicle id="43" x="130.32" y="401.65" angle="-90.00" type="DEFAULT_VEHTYPE" speed="13.66" pos="64.93" lane="1/2to0/2_0" slope="0.00"/>
        <vehicle id="44" x="601.65" y="521.94" angle="180.00" type="DEFAULT_VEHTYPE" speed="12.63" pos="117.19" lane="3/2to3/3_0" slope="0.00"/>
        <vehicle id="46" x="398.35" y="750.26" angle="0.00" type="DEFAULT_VEHTYPE" speed="13.38" pos="49.74" lane="2/4to2/3_0" slope="0.00"/>
        <vehicle id="47" x="201.65" y="439.39" angle="180.00" type="DEFAULT_VEHTYPE" speed="13.12" pos="34.64" lane="1/2to1/3_0" slope="0.00"/>
        <vehicle id="49" x="262.77" y="598.35" angle="90.00" type="DEFAULT_VEHTYPE" speed="13.40" pos="58.02" lane="1/3to2/3_0" slope="0.00"/>
        <vehicle id="6" x="201.65" y="540.26" angle="180.00" type="DEFAULT_VEHTYPE" speed="13.19" pos="135.51" lane="1/2to1/3_0" slope="0.00"/>
    </timestep>
    <timestep time="648.00">
        <vehicle id="1" x="115.90" y="398.35" angle="90.00" type="DEFAULT_VEHTYPE" speed="12.64" pos="115.90" lane="0/2to1/2_0" slope="0.00"/>
        <vehicle id="11" x="398.35" y="648.34" angle="0.00" type="DEFAULT_VEHTYPE" speed="12.95" pos="151.66" lane="2/4to2/3_0" slope="0.00"/>
        <vehicle id="13" x="398.35" y="270.19" angle="0.00" type="DEFAULT_VEHTYPE" speed="13.80" pos="125.06" lane="2/2to2/1_0" slope="0.00"/>
        <vehicle id="17" x="398.35" y="458.21" angle="0.00" type="DEFAULT_VEHTYPE" speed="13.57" pos="137.04" lane="2/3to2/2_0" slope="0.00"/>
        <vehicle id="2" x="201.65" y="157.01" angle="180.00" type="DEFAULT_VEHTYPE" speed="12.79" pos="157.01" lane="1/0to1/1_0" slope="0.00"/>
        <vehicle id="21" x="383.86" y="598.35" angle="90.00" type="DEFAULT_VEHTYPE" speed="8.89" pos="179.11" lane="1/3to2/3_0" slope="0.00"/>
        <vehicle id="23" x="191.49" y="398.35" angle="90.00" type="DEFAULT_VEHTYPE" speed="1.40" pos="191.49" lane="0/2to1/2_0" slope="0.00"/>
        <vehicle id="25" x="601.65" y="317.04" angle="180.00" type="DEFAULT_VEHTYPE" speed="12.81" pos="112.29" lane="3/1to3/2_0" slope="0.00"/>
        <vehicle id="27" x="398.35" y="688.09" angle="0.00" type="DEFAULT_VEHTYPE" speed="13.65" pos="111.91" lane="2/4to2/3_0" slope="0.00"/>
        <vehicle id="29" x="38.26" y="201.65" angle="-90.00" type="DEFAULT_VEHTYPE" speed="13.16" pos="156.99" lane="1/1to0/1_0" slope="0.00"/>
        <vehicle id="3" x="210.34" y="401.65" angle="-90.00" type="DEFAULT_VEHTYPE" speed="3.91" pos="184.91" lane="2/2to1/2_0" slope="0.00"/>
        <vehicle id="32" x="790.41" y="601.65" angle="-90.00" type="DEFAULT_VEHTYPE" speed="13.79" pos="9.59" lane="4/3to3/3_0" slope="0.00"/>
        <vehicle id="37" x="675.44" y="601.65" angle="-90.00" type="DEFAULT_VEHTYPE" speed="13.43" pos="124.56" lane="4/3to3/3_0" slope="0.00"/>
        <vehicle id="38" x="216.30" y="201.65" angle="-90.00" type="DEFAULT_VEHTYPE" speed="8.68" pos="178.95" lane="2/1to1/1_0" slope="0.00"/>
        <vehicle id="4" x="601.56" y="395.91" angle="-178.93" type="DEFAULT_VEHTYPE" speed="6.51" pos="0.66" lane=":3/2_10_0" slope="0.00"/>
        <vehicle id="41" x="222.18" y="598.35" angle="90.00" type="DEFAULT_VEHTYPE" speed="13.11" pos="17.43" lane="1/3to2/3_0" slope="0.00"/>
        <vehicle id="42" x="601.65" y="275.93" angle="180.00" type="DEFAULT_VEHTYPE" speed="13.52" pos="71.18" lane="3/1to3/2_0" slope="0.00"/>
        <vehicle id="43" x="117.18" y="401.65" angle="-90.00" type="DEFAULT_VEHTYPE" speed="13.14" pos="78.07" lane="1/2to0/2_0" slope="0.00"/>
        <vehicle id="44" x="601.65" y="535.26" angle="180.00" type="DEFAULT_VEHTYPE" speed="13.32" pos="130.51" lane="3/2to3/3_0" slope="0.00"/>
        <vehicle id="46" x="398.35" y="736.71" angle="0.00" type="DEFAULT_VEHTYPE" speed="13.56" pos="63.29" lane="2/4to2/3_0" slope="0.00"/>
        <vehicle id="47" x="201.65" y="453.02" angle="180.00" type="DEFAULT_VEHTYPE" speed="13.64" pos="48.27" lane="1/2to1/3_0" slope="0.00"/>
        <vehicle id="49" x="276.03" y="598.35" angle="90.00" type="DEFAULT_VEHTYPE" speed="13.26" pos="71.28" lane="1/3to2/3_0" slope="0.00"/>
        <vehicle id="6" x="201.65" y="552.95" angle="180.00" type="DEFAULT_VEHTYPE" speed="12.69" pos="148.20" lane="1/2to1/3_0" slope="0.00"/>
    </timestep>
    <timestep time="649.00">
        <vehicle id="1" x="129.72" y="398.35" angle="90.00" type="DEFAULT_VEHTYPE" speed="13.82" pos="129.72" lane="0/2to1/2_0" slope="0.00"/>
        <vehicle id="11" x="398.35" y="635.56" angle="0.00" type="DEFAULT_VEHTYPE" speed="12.78" pos="164.44" lane="2/4to2/3_0" slope="0.00"/>
        <vehicle id="13" x="398.35" y="256.81" angle="0.00" type="DEFAULT_VEHTYPE" speed="13.38" pos="138.44" lane="2/2to2/1_0" slope="0.00"/>
        <vehicle id="17" x="398.35" y="444.96" angle="0.00" type="DEFAULT_VEHTYPE" speed="13.26" pos="150.29" lane="2/3to2/2_0" slope="0.00"/>
        <vehicle id="2" x="201.65" y="170.67" angle="180.00" type="DEFAULT_VEHTYPE" speed="13.66" pos="170.67" lane="1/0to1/1_0" slope="0.00"/>
        <vehicle id="21" x="388.38" y="598.35" angle="90.00" type="DEFAULT_VEHTYPE" speed="4.52" pos="183.63" lane="1/3to2/3_0" slope="0.00"/>
        <vehicle id="23" x="192.40" y="398.35" angle="90.00" type="DEFAULT_VEHTYPE" speed="0.91" pos="192.40" lane="0/2to1/2_0" slope="0.00"/>
        <vehicle id="25" x="601.65" y="329.89" angle="180.00" type="DEFAULT_VEHTYPE" speed="12.85" pos="125.14" lane="3/1to3/2_0" slope="0.00"/>
        <vehicle id="27" x="398.35" y="674.67" angle="0.00" type="DEFAULT_VEHTYPE" speed="13.42" pos="125.33" lane="2/4to2/3_0" slope="0.00"/>
        <vehicle id="29" x="24.90" y="201.65" angle="-90.00" type="DEFAULT_VEHTYPE" speed="13.36" pos="170.35" lane="1/1to0/1_0" slope="0.00"/>
        <vehicle id="3" x="204.68" y="401.65" angle="-90.00" type="DEFAULT_VEHTYPE" speed="5.66" pos="0.07" lane=":1/2_5_0" slope="0.00"/>
        <vehicle id="32" x="777.54" y="601.65" angle="-90.00" type="DEFAULT_VEHTYPE" speed="12.87" pos="22.46" lane="4/3to3/3_0" slope="0.00"/>
        <vehicle id="37" x="662.62" y="601.65" angle="-90.00" type="DEFAULT_VEHTYPE" speed="12.82" pos="137.38" lane="4/3to3/3_0" slope="0.00"/>
        <vehicle id="38" x="210.72" y="201.65" angle="-90.00" type="DEFAULT_VEHTYPE" speed="5.58" pos="184.53" lane="2/1to1/1_0" slope="0.00"/>
        <vehicle id="4" x="596.55" y="401.46" angle="-120.41" type="DEFAULT_VEHTYPE" speed="8.34" pos="1.87" lane=":3/2_18_0" slope="0.00"/>
        <vehicle id="41" x="235.59" y="598.35" angle="90.00" type="DEFAULT_VEHTYPE" speed="13.41" pos="30.84" lane="1/3to2/3_0" slope="0.00"/>
        <vehicle id="42" x="601.65" y="288.91" angle="180.00" type="DEFAULT_VEHTYPE" speed="12.98" pos="84.16" lane="3/1to3/2_0" slope="0.00"/>
        <vehicle id="43" x="104.52" y="401.65" angle="-90.00" type="DEFAULT_VEHTYPE" speed="12.66" pos="90.73" lane="1/2to0/2_0" slope="0.00"/>
        <vehicle id="44" x="601.65" y="548.37" angle="180.00" type="DEFAULT_VEHTYPE" speed="13.10" pos="143.62" lane="3/2to3/3_0" slope="0.00"/>
        <vehicle id="46" x="398.35" y="723.57" angle="0.00" type="DEFAULT_VEHTYPE" speed="13.13" pos="76.43" lane="2/4to2/3_0" slope="0.00"/>
        <vehicle id="47" x="201.65" y="466.74" angle="180.00" type="DEFAULT_VEHTYPE" speed="13.71" pos="61.99" lane="1/2to1/3_0" slope="0.00"/>
        <vehicle id="49" x="289.79" y="598.35" angle="90.00" type="DEFAULT_VEHTYPE" speed="13.76" pos="85.04" lane="1/3to2/3_0" slope="0.00"/>
        <vehicle id="6" x="201.65" y="565.78" angle="180.00" type="DEFAULT_VEHTYPE" speed="12.83" pos="161.03" lane="1/2to1/3_0" slope="0.00"/>
    </timestep>
    <timestep time="650.00">
        <vehicle id="1" x="143.38" y="398.35" angle="90.00" type="DEFAULT_VEHTYPE" speed="13.65" pos="143.38" lane="0/2to1/2_0" slope="0.00"/>
        <vehicle id="11" x="398.35" y="622.94" angle="0.00" type="DEFAULT_VEHTYPE" speed="12.62" pos="177.06" lane="2/4to2/3_0" slope="0.00"/>
        <vehicle id="13" x="398.35" y="243.66" angle="0.00" type="DEFAULT_VEHTYPE" speed="13.15" pos="151.59" lane="2/2to2/1_0" slope="0.00"/>
        <vehicle id="17" x="398.35" y="432.01" angle="0.00" type="DEFAULT_VEHTYPE" speed="12.95" pos="163.24" lane="2/3to2/2_0" slope="0.00"/>
        <vehicle id="2" x="201.65" y="183.36" angle="180.00" type="DEFAULT_VEHTYPE" speed="12.69" pos="183.36" lane="1/0to1/1_0" slope="0.00"/>
        <vehicle id="21" x="391.00" y="598.35" angle="90.00" type="DEFAULT_VEHTYPE" speed="2.62" pos="186.25" lane="1/3to2/3_0" slope="0.00"/>
        <vehicle id="23" x="192.58" y="398.35" angle="90.00" type="DEFAULT_VEHTYPE" speed="0.18" pos="192.58" lane="0/2to1/2_0" slope="0.00"/>
        <vehicle id="25" x="601.65" y="342.79" angle="180.00" type="DEFAULT_VEHTYPE" speed="12.90" pos="138.04" lane="3/1to3/2_0" slope="0.00"/>
        <vehicle id="27" x="398.35" y="661.15" angle="0.00" type="DEFAULT_VEHTYPE" speed="13.52" pos="138.85" lane="2/4to2/3_0" slope="0.00"/>
        <vehicle id="29" x="11.89" y="201.65" angle="-90.00" type="DEFAULT_VEHTYPE" speed="13.02" pos="183.36" lane="1/1to0/1_0" slope="0.00"/>
        <vehicle id="3" x="196.96" y="401.65" angle="-90.00" type="DEFAULT_VEHTYPE" speed="7.72" pos="7.79" lane=":1/2_5_0" slope="0.00"/>
        <vehicle id="32" x="764.76" y="601.65" angle="-90.00" type="DEFAULT_VEHTYPE" speed="12.79" pos="35.24" lane="4/3to3/3_0" slope="0.00"/>
        <vehicle id="37" x="648.73" y="601.65" angle="-90.00" type="DEFAULT_VEHTYPE" speed="13.89" pos="151.27" lane="4/3to3/3_0" slope="0.00"/>
        <vehicle id="38" x="203.74" y="201.79" angle="-91.62" type="DEFAULT_VEHTYPE" speed="6.99" pos="1.02" lane=":1/1_4_0" slope="0.00"/>
        <vehicle id="4" x="586.86" y="401.65" angle="-90.00" type="DEFAULT_VEHTYPE" speed="9.71" pos="8.39" lane="3/2to2/2_0" slope="0.00"/>
        <vehicle id="41" x="248.69" y="598.35" angle="90.00" type="DEFAULT_VEHTYPE" speed="13.10" pos="43.94" lane="1/3to2/3_0" slope="0.00"/>
        <vehicle id="42" x="601.65" y="302.38" angle="180.00" type="DEFAULT_VEHTYPE" speed="13.47" pos="97.63" lane="3/1to3/2_0" slope="0.00"/>
        <vehicle id="43" x="90.76" y="401.65" angle="-90.00" type="DEFAULT_VEHTYPE" speed="13.76" pos="104.49" lane="1/2to0/2_0" slope="0.00"/>
        <vehicle id="44" x="601.65" y="562.01" angle="180.00" type="DEFAULT_VEHTYPE" speed="13.64" pos="157.26" lane="3/2to3/3_0" slope="0.00"/>
        <vehicle id="46" x="398.35" y="709.93" angle="0.00" type="DEFAULT_VEHTYPE" speed="13.64" pos="90.07" lane="2/4to2/3_0" slope="0.00"/>
        <vehicle id="47" x="201.65" y="480.39" angle="180.00" type="DEFAULT_VEHTYPE" speed="13.65" pos="75.64" lane="1/2to1/3_0" slope="0.00"/>
        <vehicle id="49" x="303.39" y="598.35" angle="90.00" type="DEFAULT_VEHTYPE" speed="13.60" pos="98.64" lane="1/3to2/3_0" slope="0.00"/>
        <vehicle id="6" x="201.65" y="578.54" angle="180.00" type="DEFAULT_VEHTYPE" speed="12.76" pos="173.79" lane="1/2to1/3_0" slope="0.00"/>
    </timestep>
    <timestep time="651.00">
        <vehicle id="1" x="156.43" y="398.35" angle="90.00" type="DEFAULT_VEHTYPE" speed="13.05" pos="156.43" lane="0/2to1/2_0" slope="0.00"/>
        <vehicle id="11" x="398.35" y="610.26" angle="0.00" type="DEFAULT_VEHTYPE" speed="12.69" pos="189.74" lane="2/4to2/3_0" slope="0.00"/>
        <vehicle id="13" x="398.35" y="230.60" angle="0.00" type="DEFAULT_VEHTYPE" speed="13.06" pos="164.65" lane="2/2to2/1_0" slope="0.00"/>
        <vehicle id="17" x="398.35" y="419.37" angle="0.00" type="DEFAULT_VEHTYPE" speed="12.64" pos="175.88" lane="2/3to2/2_0" slope="0.00"/>
        <vehicle id="2" x="201.86" y="196.64" angle="177.64" type="DEFAULT_VEHTYPE" speed="13.29" pos="1.40" lane=":1/1_8_0" slope="0.00"/>
        <vehicle id="21" x="391.96" y="598.35" angle="90.00" type="DEFAULT_VEHTYPE" speed="0.96" pos="187.21" lane="1/3to2/3_0" slope="0.00"/>
        <vehicle id="23" x="195.19" y="398.35" angle="90.00" type="DEFAULT_VEHTYPE" speed="2.61" pos="195.19" lane="0/2to1/2_0" slope="0.00"/>
        <vehicle id="25" x="601.65" y="356.61" angle="180.00" type="DEFAULT_VEHTYPE" speed="13.83" pos="151.86" lane="3/1to3/2_0" slope="0.00"/>
        <vehicle id="27" x="398.35" y="648.32" angle="0.00" type="DEFAULT_VEHTYPE" speed="12.83" pos="151.68" lane="2/4to2/3_0" slope="0.00"/>
        <vehicle id="29" x="-1.39" y="200.53" angle="-76.19" type="DEFAULT_VEHTYPE" speed="13.71" pos="1.82" lane=":0/1_0_0" slope="0.00"/>
        <vehicle id="3" x="187.21" y="401.65" angle="-90.00" type="DEFAULT_VEHTYPE" speed="9.76" pos="8.04" lane="1/2to0/2_0" slope="0.00"/>
        <vehicle id="32" x="751.96" y="601.65" angle="-90.00" type="DEFAULT_VEHTYPE" speed="12.80" pos="48.04" lane="4/3to3/3_0" slope="0.00"/>
        <vehicle id="37" x="635.66" y="601.65" angle="-90.00" type="DEFAULT_VEHTYPE" speed="13.08" pos="164.34" lane="4/3to3/3_0" slope="0.00"/>
        <vehicle id="38" x="201.65" y="209.91" angle="180.00" type="DEFAULT_VEHTYPE" speed="9.14" pos="5.16" lane="1/1to1/2_0" slope="0.00"/>
        <vehicle id="4" x="575.14" y="401.65" angle="-90.00" type="DEFAULT_VEHTYPE" speed="11.72" pos="20.11" lane="3/2to2/2_0" slope="0.00"/>
        <vehicle id="41" x="261.42" y="598.35" angle="90.00" type="DEFAULT_VEHTYPE" speed="12.73" pos="56.67" lane="1/3to2/3_0" slope="0.00"/>
        <vehicle id="42" x="601.65" y="315.33" angle="180.00" type="DEFAULT_VEHTYPE" speed="12.96" pos="110.58" lane="3/1to3/2_0" slope="0.00"/>
        <vehicle id="43" x="78.13" y="401.65" angle="-90.00" type="DEFAULT_VEHTYPE" speed="12.63" pos="117.12" lane="1/2to0/2_0" slope="0.00"/>
        <vehicle id="44" x="601.65" y="575.54" angle="180.00" type="DEFAULT_VEHTYPE" speed="13.53" pos="170.79" lane="3/2to3/3_0" slope="0.00"/>
        <vehicle id="46" x="398.35" y="696.29" angle="0.00" type="DEFAULT_VEHTYPE" speed="13.64" pos="103.71" lane="2/4to2/3_0" slope="0.00"/>
        <vehicle id="47" x="201.65" y="493.69" angle="180.00" type="DEFAULT_VEHTYPE" speed="13.31" pos="88.94" lane="1/2to1/3_0" slope="0.00"/>
        <vehicle id="49" x="316.39" y="598.35" angle="90.00" type="DEFAULT_VEHTYPE" speed="13.01" pos="111.64" lane="1/3to2/3_0" slope="0.00"/>
        <vehicle id="6" x="201.65" y="591.84" angle="180.00" type="DEFAULT_VEHTYPE" speed="13.30" pos="187.09" lane="1/2to1/3_0" slope="0.00"/>
    </timestep>
    <timestep time="652.00">
        <vehicle id="1" x="169.30" y="398.35" angle="90.00" type="DEFAULT_VEHTYPE" speed="12.86" pos="169.30" lane="0/2to1/2_0" slope="0.00"/>
        <vehicle id="11" x="398.35" y="596.69" angle="0.00" type="DEFAULT_VEHTYPE" speed="13.57" pos="8.06" lane=":2/3_1_0" slope="0.00"/>
        <vehicle id="13" x="398.35" y="217.98" angle="0.00" type="DEFAULT_VEHTYPE" speed="12.61" pos="177.27" lane="2/2to2/1_0" slope="0.00"/>
        <vehicle id="17" x="398.35" y="405.84" angle="0.00" type="DEFAULT_VEHTYPE" speed="13.52" pos="189.41" lane="2/3to2/2_0" slope="0.00"/>
        <vehicle id="2" x="213.96" y="198.35" angle="90.00" type="DEFAULT_VEHTYPE" speed="12.81" pos="9.21" lane="1/1to2/1_0" slope="0.00"/>
        <vehicle id="21" x="392.44" y="598.35" angle="90.00" type="DEFAULT_VEHTYPE" speed="0.48" pos="187.69" lane="1/3to2/3_0" slope="0.00"/>
        <vehicle id="23" x="199.17" y="399.42" angle="102.61" type="DEFAULT_VEHTYPE" speed="4.19" pos="4.13" lane=":1/2_14_0" slope="0.00"/>
        <vehicle id="25" x="601.65" y="369.72" angle="180.00" type="DEFAULT_VEHTYPE" speed="13.11" pos="164.97" lane="3/1to3/2_0" slope="0.00"/>
        <vehicle id="27" x="398.35" y="635.61" angle="0.00" type="DEFAULT_VEHTYPE" speed="12.70" pos="164.39" lane="2/4to2/3_0" slope="0.00"/>
        <vehicle id="29" x="10.19" y="198.35" angle="90.00" type="DEFAULT_VEHTYPE" speed="13.18" pos="10.19" lane="0/1to1/1_0" slope="0.00"/>
        <vehicle id="3" x="174.86" y="401.65" angle="-90.00" type="DEFAULT_VEHTYPE" speed="12.35" pos="20.39" lane="1/2to0/2_0" slope="0.00"/>
        <vehicle id="32" x="738.17" y="601.65" angle="-90.00" type="DEFAULT_VEHTYPE" speed="13.79" pos="61.83" lane="4/3to3/3_0" slope="0.00"/>
        <vehicle id="37" x="624.16" y="601.65" angle="-90.00" type="DEFAULT_VEHTYPE" speed="11.50" pos="175.84" lane="4/3to3/3_0" slope="0.00"/>
        <vehicle id="38" x="201.65" y="221.33" angle="180.00" type="DEFAULT_VEHTYPE" speed="11.42" pos="16.58" lane="1/1to1/2_0" slope="0.00"/>
        <vehicle id="4" x="562.11" y="401.65" angle="-90.00" type="DEFAULT_VEHTYPE" speed="13.03" pos="33.14" lane="3/2to2/2_0" slope="0.00"/>
        <vehicle id="41" x="274.89" y="598.35" angle="90.00" type="DEFAULT_VEHTYPE" speed="13.48" pos="70.14" lane="1/3to2/3_0" slope="0.00"/>
        <vehicle id="42" x="601.65" y="328.89" angle="180.00" type="DEFAULT_VEHTYPE" speed="13.56" pos="124.14" lane="3/1to3/2_0" slope="0.00"/>
        <vehicle id="43" x="65.30" y="401.65" angle="-90.00" type="DEFAULT_VEHTYPE" speed="12.83" pos="129.95" lane="1/2to0/2_0" slope="0.00"/>
        <vehicle id="44" x="601.65" y="588.92" angle="180.00" type="DEFAULT_VEHTYPE" speed="13.38" pos="184.17" lane="3/2to3/3_0" slope="0.00"/>
        <vehicle id="46" x="398.35" y="682.69" angle="0.00" type="DEFAULT_VEHTYPE" speed="13.60" pos="117.31" lane="2/4to2/3_0" slope="0.00"/>
        <vehicle id="47" x="201.65" y="507.10" angle="180.00" type="DEFAULT_VEHTYPE" speed="13.41" pos="102.35" lane="1/2to1/3_0" slope="0.00"/>
        <vehicle id="49" x="329.23" y="598.35" angle="90.00" type="DEFAULT_VEHTYPE" speed="12.84" pos="124.48" lane="1/3to2/3_0" slope="0.00"/>
        <vehicle id="6" x="209.00" y="598.35" angle="91.20" type="DEFAULT_VEHTYPE" speed="12.66" pos="4.25" lane="1/3to2/3_0" slope="0.00"/>
    </timestep>
    <timestep time="653.00">
        <vehicle id="1" x="179.48" y="398.35" angle="90.00" type="DEFAULT_VEHTYPE" speed="10.19" pos="179.48" lane="0/2to1/2_0" slope="0.00"/>
        <vehicle id="11" x="398.35" y="583.58" angle="0.00" type="DEFAULT_VEHTYPE" speed="13.11" pos="11.67" lane="2/3to2/2_0" slope="0.00"/>
        <vehicle id="13" x="398.35" y="204.74" angle="0.00" type="DEFAULT_VEHTYPE" speed="13.24" pos="0.01" lane=":2/1_1_0" slope="0.00"/>
        <vehicle id="17" x="388.05" y="401.65" angle="-90.00" type="DEFAULT_VEHTYPE" speed="13.29" pos="7.20" lane="2/2to1/2_0" slope="0.00"/>
        <vehicle id="2" x="226.79" y="198.35" angle="90.00" type="DEFAULT_VEHTYPE" speed="12.82" pos="22.04" lane="1/1to2/1_0" slope="0.00"/>
        <vehicle id="21" x="392.65" y="598.35" angle="90.00" type="DEFAULT_VEHTYPE" speed="0.22" pos="187.90" lane="1/3to2/3_0" slope="0.00"/>
        <vehicle id="23" x="201.65" y="405.25" angle="165.09" type="DEFAULT_VEHTYPE" speed="6.69" pos="0.50" lane="1/2to1/3_0" slope="0.00"/>
        <vehicle id="25" x="601.65" y="379.14" angle="180.00" type="DEFAULT_VEHTYPE" speed="9.41" pos="174.39" lane="3/1to3/2_0" slope="0.00"/>
        <vehicle id="27" x="398.35" y="622.63" angle="0.00" type="DEFAULT_VEHTYPE" speed="12.99" pos="177.37" lane="2/4to2/3_0" slope="0.00"/>
        <vehicle id="29" x="23.52" y="198.35" angle="90.00" type="DEFAULT_VEHTYPE" speed="13.33" pos="23.52" lane="0/1to1/1_0" slope="0.00"/>
        <vehicle id="3" x="161.89" y="401.65" angle="-90.00" type="DEFAULT_VEHTYPE" speed="12.97" pos="33.36" lane="1/2to0/2_0" slope="0.00"/>
        <vehicle id="32" x="724.76" y="601.65" angle="-90.00" type="DEFAULT_VEHTYPE" speed="13.40" pos="75.24" lane="4/3to3/3_0" slope="0.00"/>
        <vehicle id="37" x="615.62" y="601.65" angle="-90.00" type="DEFAULT_VEHTYPE" speed="8.54" pos="184.38" lane="4/3to3/3_0" slope="0.00"/>
        <vehicle id="38" x="201.65" y="234.32" angle="180.00" type="DEFAULT_VEHTYPE" speed="12.99" pos="29.57" lane="1/1to1/2_0" slope="0.00"/>
        <vehicle id="4" x="548.65" y="401.65" angle="-90.00" type="DEFAULT_VEHTYPE" speed="13.47" pos="46.60" lane="3/2to2/2_0" slope="0.00"/>
        <vehicle id="41" x="287.56" y="598.35" angle="90.00" type="DEFAULT_VEHTYPE" speed="12.66" pos="82.81" lane="1/3to2/3_0" slope="0.00"/>
        <vehicle id="42" x="601.65" y="341.73" angle="180.00" type="DEFAULT_VEHTYPE" speed="12.83" pos="136.98" lane="3/1to3/2_0" slope="0.00"/>
        <vehicle id="43" x="52.33" y="401.65" angle="-90.00" type="DEFAULT_VEHTYPE" speed="12.97" pos="142.92" lane="1/2to0/2_0" slope="0.00"/>
        <vehicle id="44" x="606.69" y="598.35" angle="105.42" type="DEFAULT_VEHTYPE" speed="13.26" pos="1.94" lane="3/3to4/3_0" slope="0.00"/>
        <vehicle id="46" x="398.35" y="670.01" angle="0.00" type="DEFAULT_VEHTYPE" speed="12.67" pos="129.99" lane="2/4to2/3_0" slope="0.00"/>
        <vehicle id="47" x="201.65" y="520.50" angle="180.00" type="DEFAULT_VEHTYPE" speed="13.40" pos="115.75" lane="1/2to1/3_0" slope="0.00"/>
        <vehicle id="49" x="342.41" y="598.35" angle="90.00" type="DEFAULT_VEHTYPE" speed="13.18" pos="137.66" lane="1/3to2/3_0" slope="0.00"/>
        <vehicle id="6" x="222.23" y="598.35" angle="90.00" type="DEFAULT_VEHTYPE" speed="13.23" pos="17.48" lane="1/3to2/3_0" slope="0.00"/>
    </timestep>
    <timestep time="654.00">
        <vehicle id="1" x="186.69" y="398.35" angle="90.00" type="DEFAULT_VEHTYPE" speed="7.21" pos="186.69" lane="0/2to1/2_0" slope="0.00"/>
        <vehicle id="11" x="398.35" y="570.81" angle="0.00" type="DEFAULT_VEHTYPE" speed="12.77" pos="24.44" lane="2/3to2/2_0" slope="0.00"/>
        <vehicle id="13" x="398.35" y="191.85" angle="0.00" type="DEFAULT_VEHTYPE" speed="12.89" pos="3.40" lane="2/1to2/0_0" slope="0.00"/>
        <vehicle id="17" x="375.29" y="401.65" angle="-90.00" type="DEFAULT_VEHTYPE" speed="12.76" pos="19.96" lane="2/2to1/2_0" slope="0.00"/>
        <vehicle id="2" x="239.83" y="198.35" angle="90.00" type="DEFAULT_VEHTYPE" speed="13.04" pos="35.08" lane="1/1to2/1_0" slope="0.00"/>
        <vehicle id="21" x="392.74" y="598.35" angle="90.00" type="DEFAULT_VEHTYPE" speed="0.09" pos="187.99" lane="1/3to2/3_0" slope="0.00"/>
        <vehicle id="23" x="201.65" y="413.58" angle="180.00" type="DEFAULT_VEHTYPE" speed="8.33" pos="8.83" lane="1/2to1/3_0" slope="0.00"/>
        <vehicle id="25" x="601.65" y="385.93" angle="180.00" type="DEFAULT_VEHTYPE" speed="6.79" pos="181.18" lane="3/1to3/2_0" slope="0.00"/>
        <vehicle id="27" x="398.35" y="609.64" angle="0.00" type="DEFAULT_VEHTYPE" speed="12.99" pos="190.36" lane="2/4to2/3_0" slope="0.00"/>
        <vehicle id="29" x="36.58" y="198.35" angle="90.00" type="DEFAULT_VEHTYPE" speed="13.06" pos="36.58" lane="0/1to1/1_0" slope="0.00"/>
        <vehicle id="3" x="148.40" y="401.65" angle="-90.00" type="DEFAULT_VEHTYPE" speed="13.49" pos="46.85" lane="1/2to0/2_0" slope="0.00"/>
        <vehicle id="32" x="711.62" y="601.65" angle="-90.00" type="DEFAULT_VEHTYPE" speed="13.15" pos="88.38" lane="4/3to3/3_0" slope="0.00"/>
        <vehicle id="37" x="610.96" y="601.65" angle="-90.00" type="DEFAULT_VEHTYPE" speed="4.66" pos="189.04" lane="4/3to3/3_0" slope="0.00"/>
        <vehicle id="38" x="201.65" y="247.70" angle="180.00" type="DEFAULT_VEHTYPE" speed="13.37" pos="42.95" lane="1/1to1/2_0" slope="0.00"/>
        <vehicle id="4" x="534.99" y="401.65" angle="-90.00" type="DEFAULT_VEHTYPE" speed="13.66" pos="60.26" lane="3/2to2/2_0" slope="0.00"/>
        <vehicle id="41" x="301.32" y="598.35" angle="90.00" type="DEFAULT_VEHTYPE" speed="13.77" pos="96.57" lane="1/3to2/3_0" slope="0.00"/>
        <vehicle id="42" x="601.65" y="354.78" angle="180.00" type="DEFAULT_VEHTYPE" speed="13.06" pos="150.03" lane="3/1to3/2_0" slope="0.00"/>
        <vehicle id="43" x="38.88" y="401.65" angle="-90.00" type="DEFAULT_VEHTYPE" speed="13.45" pos="156.37" lane="1/2to0/2_0" slope="0.00"/>
        <vehicle id="44" x="620.37" y="598.35" angle="90.00" type="DEFAULT_VEHTYPE" speed="13.69" pos="15.62" lane="3/3to4/3_0" slope="0.00"/>
        <vehicle id="46" x="398.35" y="657.26" angle="0.00" type="DEFAULT_VEHTYPE" speed="12.76" pos="142.74" lane="2/4to2/3_0" slope="0.00"/>
        <vehicle id="47" x="201.65" y="533.10" angle="180.00" type="DEFAULT_VEHTYPE" speed="12.60" pos="128.35" lane="1/2to1/3_0" slope="0.00"/>
        <vehicle id="49" x="355.61" y="598.35" angle="90.00" type="DEFAULT_VEHTYPE" speed="13.20" pos="150.86" lane="1/3to2/3_0" slope="0.00"/>
        <vehicle id="6" x="235.96" y="598.35" angle="90.00" type="DEFAULT_VEHTYPE" speed="13.72" pos="31.21" lane="1/3to2/3_0" slope="0.00"/>
    </timestep>
    <timestep time="655.00">
        <vehicle id="1" x="189.54" y="398.35" angle="90.00" type="DEFAULT_VEHTYPE" speed="2.85" pos="189.54" lane="0/2to1/2_0" slope="0.00"/>
        <vehicle id="11" x="398.35" y="557.12" angle="0.00" type="DEFAULT_VEHTYPE" speed="13.69" pos="38.13" lane="2/3to2/2_0" slope="0.00"/>
        <vehicle id="13" x="398.35" y="178.71" angle="0.00" type="DEFAULT_VEHTYPE" speed="13.14" pos="16.54" lane="2/1to2/0_0" slope="0.00"/>
        <vehicle id="17" x="362.08" y="401.65" angle="-90.00" type="DEFAULT_VEHTYPE" speed="13.21" pos="33.17" lane="2/2to1/2_0" slope="0.00"/>
        <vehicle id="2" x="253.51" y="198.35" angle="90.00" type="DEFAULT_VEHTYPE" speed="13.69" pos="48.76" lane="1/1to2/1_0" slope="0.00"/>
        <vehicle id="21" x="392.74" y="598.35" angle="90.00" type="DEFAULT_VEHTYPE" speed="0.00" pos="187.99" lane="1/3to2/3_0" slope="0.00"/>
        <vehicle id="23" x="201.65" y="423.81" angle="180.00" type="DEFAULT_VEHTYPE" speed="10.23" pos="19.06" lane="1/2to1/3_0" slope="0.00"/>
        <vehicle id="25" x="601.65" y="389.78" angle="180.00" type="DEFAULT_VEHTYPE" speed="3.86" pos="185.03" lane="3/1to3/2_0" slope="0.00"/>
        <vehicle id="27" x="398.35" y="596.89" angle="0.00" type="DEFAULT_VEHTYPE" speed="12.74" pos="7.86" lane=":2/3_1_0" slope="0.00"/>
        <vehicle id="29" x="50.29" y="198.35" angle="90.00" type="DEFAULT_VEHTYPE" speed="13.71" pos="50.29" lane="0/1to1/1_0" slope="0.00"/>
        <vehicle id="3" x="134.70" y="401.65" angle="-90.00" type="DEFAULT_VEHTYPE" speed="13.70" pos="60.55" lane="1/2to0/2_0" slope="0.00"/>
        <vehicle id="32" x="698.29" y="601.65" angle="-90.00" type="DEFAULT_VEHTYPE" speed="13.33" pos="101.71" lane="4/3to3/3_0" slope="0.00"/>
        <vehicle id="37" x="604.57" y="601.62" angle="-89.70" type="DEFAULT_VEHTYPE" speed="6.39" pos="0.18" lane=":3/3_6_0" slope="0.00"/>
        <vehicle id="38" x="201.65" y="260.79" angle="180.00" type="DEFAULT_VEHTYPE" speed="13.09" pos="56.04" lane="1/1to1/2_0" slope="0.00"/>
        <vehicle id="4" x="521.96" y="401.65" angle="-90.00" type="DEFAULT_VEHTYPE" speed="13.02" pos="73.29" lane="3/2to2/2_0" slope="0.00"/>
        <vehicle id="41" x="314.48" y="598.35" angle="90.00" type="DEFAULT_VEHTYPE" speed="13.16" pos="109.73" lane="1/3to2/3_0" slope="0.00"/>
        <vehicle id="42" x="601.65" y="366.49" angle="180.00" type="DEFAULT_VEHTYPE" speed="11.71" pos="161.74" lane="3/1to3/2_0" slope="0.00"/>
        <vehicle id="43" x="25.93" y="401.65" angle="-90.00" type="DEFAULT_VEHTYPE" speed="12.95" pos="169.32" lane="1/2to0/2_0" slope="0.00"/>
        <vehicle id="44" x="634.23" y="598.35" angle="90.00" type="DEFAULT_VEHTYPE" speed="13.85" pos="29.48" lane="3/3to4/3_0" slope="0.00"/>
        <vehicle id="46" x="398.35" y="644.45" angle="0.00" type="DEFAULT_VEHTYPE" speed="12.81" pos="155.55" lane="2/4to2/3_0" slope="0.00"/>
        <vehicle id="47" x="201.65" y="546.90" angle="180.00" type="DEFAULT_VEHTYPE" speed="13.80" pos="142.15" lane="1/2to1/3_0" slope="0.00"/>
        <vehicle id="49" x="367.48" y="598.35" angle="90.00" type="DEFAULT_VEHTYPE" speed="11.87" pos="162.73" lane="1/3to2/3_0" slope="0.00"/>
        <vehicle id="6" x="248.71" y="598.35" angle="90.00" type="DEFAULT_VEHTYPE" speed="12.75" pos="43.96" lane="1/3to2/3_0" slope="0.00"/>
    </timestep>
    <timestep time="656.00">
        <vehicle id="1" x="193.81" y="398.35" angle="90.00" type="DEFAULT_VEHTYPE" speed="4.27" pos="193.81" lane="0/2to1/2_0" slope="0.00"/>
        <vehicle id="11" x="398.35" y="544.37" angle="0.00" type="DEFAULT_VEHTYPE" speed="12.75" pos="50.88" lane="2/3to2/2_0" slope="0.00"/>
        <vehicle id="13" x="398.35" y="165.04" angle="0.00" type="DEFAULT_VEHTYPE" speed="13.67" pos="30.21" lane="2/1to2/0_0" slope="0.00"/>
        <vehicle id="17" x="349.47" y="401.65" angle="-90.00" type="DEFAULT_VEHTYPE" speed="12.61" pos="45.78" lane="2/2to1/2_0" slope="0.00"/>
        <vehicle id="2" x="266.63" y="198.35" angle="90.00" type="DEFAULT_VEHTYPE" speed="13.11" pos="61.88" lane="1/1to2/1_0" slope="0.00"/>
        <vehicle id="21" x="392.74" y="598.35" angle="90.00" type="DEFAULT_VEHTYPE" speed="0.00" pos="187.99" lane="1/3to2/3_0" slope="0.00"/>
        <vehicle id="23" x="201.65" y="436.21" angle="180.00" type="DEFAULT_VEHTYPE" speed="12.40" pos="31.46" lane="1/2to1/3_0" slope="0.00"/>
        <vehicle id="25" x="601.55" y="395.97" angle="-178.82" type="DEFAULT_VEHTYPE" speed="6.19" pos="0.72" lane=":3/2_10_0" slope="0.00"/>
        <vehicle id="27" x="398.35" y="584.26" angle="0.00" type="DEFAULT_VEHTYPE" speed="12.63" pos="10.99" lane="2/3to2/2_0" slope="0.00"/>
        <vehicle id="29" x="64.10" y="198.35" angle="90.00" type="DEFAULT_VEHTYPE" speed="13.81" pos="64.10" lane="0/1to1/1_0" slope="0.00"/>
        <vehicle id="3" x="121.92" y="401.65" angle="-90.00" type="DEFAULT_VEHTYPE" speed="12.78" pos="73.33" lane="1/2to0/2_0" slope="0.00"/>
        <vehicle id="32" x="685.29" y="601.65" angle="-90.00" type="DEFAULT_VEHTYPE" speed="13.00" pos="114.71" lane="4/3to3/3_0" slope="0.00"/>
        <vehicle id="37" x="598.58" y="596.89" angle="-34.03" type="DEFAULT_VEHTYPE" speed="8.48" pos="8.66" lane=":3/3_6_0" slope="0.00"/>
        <vehicle id="38" x="201.65" y="274.13" angle="180.00" type="DEFAULT_VEHTYPE" speed="13.34" pos="69.38" lane="1/1to1/2_0" slope="0.00"/>
        <vehicle id="4" x="509.30" y="401.65" angle="-90.00" type="DEFAULT_VEHTYPE" speed="12.66" pos="85.95" lane="3/2to2/2_0" slope="0.00"/>
        <vehicle id="41" x="327.22" y="598.35" angle="90.00" type="DEFAULT_VEHTYPE" speed="12.74" pos="122.47" lane="1/3to2/3_0" slope="0.00"/>
        <vehicle id="42" x="601.65" y="374.73" angle="180.00" type="DEFAULT_VEHTYPE" speed="8.24" pos="169.98" lane="3/1to3/2_0" slope="0.00"/>
        <vehicle id="43" x="12.23" y="401.65" angle="-90.00" type="DEFAULT_VEHTYPE" speed="13.71" pos="183.02" lane="1/2to0/2_0" slope="0.00"/>
        <vehicle id="44" x="648.11" y="598.35" angle="90.00" type="DEFAULT_VEHTYPE" speed="13.88" pos="43.36" lane="3/3to4/3_0" slope="0.00"/>
        <vehicle id="46" x="398.35" y="630.79" angle="0.00" type="DEFAULT_VEHTYPE" speed="13.65" pos="169.21" lane="2/4to2/3_0" slope="0.00"/>
        <vehicle id="47" x="201.65" y="560.11" angle="180.00" type="DEFAULT_VEHTYPE" speed="13.21" pos="155.36" lane="1/2to1/3_0" slope="0.00"/>
        <vehicle id="49" x="375.55" y="598.35" angle="90.00" type="DEFAULT_VEHTYPE" speed="8.07" pos="170.80" lane="1/3to2/3_0" slope="0.00"/>
        <vehicle id="6" x="261.66" y="598.35" angle="90.00" type="DEFAULT_VEHTYPE" speed="12.96" pos="56.91" lane="1/3to2/3_0" slope="0.00"/>
    </timestep>
    <timestep time="657.00">
        <vehicle id="1" x="199.73" y="399.76" angle="106.70" type="DEFAULT_VEHTYPE" speed="6.23" pos="4.79" lane=":1/2_14_0" slope="0.00"/>
        <vehicle id="11" x="398.35" y="530.98" angle="0.00" type="DEFAULT_VEHTYPE" speed="13.39" pos="64.27" lane="2/3to2/2_0" slope="0.00"/>
        <vehicle id="13" x="398.35" y="151.28" angle="0.00" type="DEFAULT_VEHTYPE" speed="13.76" pos="43.97" lane="2/1to2/0_0" slope="0.00"/>
        <vehicle id="17" x="336.08" y="401.65" angle="-90.00" type="DEFAULT_VEHTYPE" speed="13.39" pos="59.17" lane="2/2to1/2_0" slope="0.00"/>
        <vehicle id="2" x="279.56" y="198.35" angle="90.00" type="DEFAULT_VEHTYPE" speed="12.94" pos="74.81" lane="1/1to2/1_0" slope="0.00"/>
        <vehicle id="21" x="392.74" y="598.35" angle="90.00" type="DEFAULT_VEHTYPE" speed="0.00" pos="187.99" lane="1/3to2/3_0" slope="0.00"/>
        <vehicle id="23" x="201.65" y="449.86" angle="180.00" type="DEFAULT_VEHTYPE" speed="13.64" pos="45.11" lane="1/2to1/3_0" slope="0.00"/>
        <vehicle id="25" x="597.22" y="401.37" angle="-127.44" type="DEFAULT_VEHTYPE" speed="7.60" pos="1.19" lane=":3/2_18_0" slope="0.00"/>
        <vehicle id="27" x="398.35" y="570.99" angle="0.00" type="DEFAULT_VEHTYPE" speed="13.28" pos="24.26" lane="2/3to2/2_0" slope="0.00"/>
        <vehicle id="29" x="77.91" y="198.35" angle="90.00" type="DEFAULT_VEHTYPE" speed="13.81" pos="77.91" lane="0/1to1/1_0" slope="0.00"/>
        <vehicle id="3" x="108.78" y="401.65" angle="-90.00" type="DEFAULT_VEHTYPE" speed="13.13" pos="86.47" lane="1/2to0/2_0" slope="0.00"/>
        <vehicle id="32" x="672.38" y="601.65" angle="-90.00" type="DEFAULT_VEHTYPE" speed="12.91" pos="127.62" lane="4/3to3/3_0" slope="0.00"/>
        <vehicle id="37" x="598.35" y="587.03" angle="0.00" type="DEFAULT_VEHTYPE" speed="9.88" pos="8.22" lane="3/3to3/2_0" slope="0.00"/>
        <vehicle id="38" x="201.65" y="287.00" angle="180.00" type="DEFAULT_VEHTYPE" speed="12.87" pos="82.25" lane="1/1to1/2_0" slope="0.00"/>
        <vehicle id="4" x="496.70" y="401.65" angle="-90.00" type="DEFAULT_VEHTYPE" speed="12.60" pos="98.55" lane="3/2to2/2_0" slope="0.00"/>
        <vehicle id="41" x="340.66" y="598.35" angle="90.00" type="DEFAULT_VEHTYPE" speed="13.45" pos="135.91" lane="1/3to2/3_0" slope="0.00"/>
        <vehicle id="42" x="601.65" y="383.55" angle="180.00" type="DEFAULT_VEHTYPE" speed="8.82" pos="178.80" lane="3/1to3/2_0" slope="0.00"/>
        <vehicle id="43" x="-1.28" y="400.74" angle="-79.04" type="DEFAULT_VEHTYPE" speed="13.81" pos="1.59" lane=":0/2_0_0" slope="0.00"/>
        <vehicle id="44" x="660.92" y="598.35" angle="90.00" type="DEFAULT_VEHTYPE" speed="12.81" pos="56.17" lane="3/3to4/3_0" slope="0.00"/>
        <vehicle id="46" x="398.35" y="617.04" angle="0.00" type="DEFAULT_VEHTYPE" speed="13.75" pos="182.96" lane="2/4to2/3_0" slope="0.00"/>
        <vehicle id="47" x="201.65" y="572.82" angle="180.00" type="DEFAULT_VEHTYPE" speed="12.71" pos="168.07" lane="1/2to1/3_0" slope="0.00"/>
        <vehicle id="49" x="380.96" y="598.35" angle="90.00" type="DEFAULT_VEHTYPE" speed="5.41" pos="176.21" lane="1/3to2/3_0" slope="0.00"/>
        <vehicle id="6" x="274.69" y="598.35" angle="90.00" type="DEFAULT_VEHTYPE" speed="13.03" pos="69.94" lane="1/3to2/3_0" slope="0.00"/>
    </timestep>
    <timestep time="658.00">
        <vehicle id="1" x="201.65" y="407.01" angle="175.54" type="DEFAULT_VEHTYPE" speed="7.79" pos="2.26" lane="1/2to1/3_0" slope="0.00"/>
        <vehicle id="11" x="398.35" y="517.62" angle="0.00" type="DEFAULT_VEHTYPE" speed="13.35" pos="77.63" lane="2/3to2/2_0" slope="0.00"/>
        <vehicle id="13" x="398.35" y="137.71" angle="0.00" type="DEFAULT_VEHTYPE" speed="13.57" pos="57.54" lane="2/1to2/0_0" slope="0.00"/>
        <vehicle id="17" x="323.38" y="401.65" angle="-90.00" type="DEFAULT_VEHTYPE" speed="12.70" pos="71.87" lane="2/2to1/2_0" slope="0.00"/>
        <vehicle id="2" x="293.03" y="198.35" angle="90.00" type="DEFAULT_VEHTYPE" speed="13.46" pos="88.28" lane="1/1to2/1_0" slope="0.00"/>
        <vehicle id="21" x="392.74" y="598.35" angle="90.00" type="DEFAULT_VEHTYPE" speed="0.00" pos="187.99" lane="1/3to2/3_0" slope="0.00"/>
        <vehicle id="23" x="201.65" y="463.02" angle="180.00" type="DEFAULT_VEHTYPE" speed="13.17" pos="58.27" lane="1/2to1/3_0" slope="0.00"/>
        <vehicle id="25" x="587.25" y="401.65" angle="-90.00" type="DEFAULT_VEHTYPE" speed="9.99" pos="8.00" lane="3/2to2/2_0" slope="0.00"/>
        <vehicle id="27" x="398.35" y="558.15" angle="0.00" type="DEFAULT_VEHTYPE" speed="12.84" pos="37.10" lane="2/3to2/2_0" slope="0.00"/>
        <vehicle id="29" x="91.18" y="198.35" angle="90.00" type="DEFAULT_VEHTYPE" speed="13.27" pos="91.18" lane="0/1to1/1_0" slope="0.00"/>
        <vehicle id="3" x="95.57" y="401.65" angle="-90.00" type="DEFAULT_VEHTYPE" speed="13.21" pos="99.68" lane="1/2to0/2_0" slope="0.00"/>
        <vehicle id="32" x="659.75" y="601.65" angle="-90.00" type="DEFAULT_VEHTYPE" speed="12.63" pos="140.25" lane="4/3to3/3_0" slope="0.00"/>
        <vehicle id="37" x="598.35" y="575.09" angle="0.00" type="DEFAULT_VEHTYPE" speed="11.95" pos="20.16" lane="3/3to3/2_0" slope="0.00"/>
        <vehicle id="38" x="201.65" y="300.27" angle="180.00" type="DEFAULT_VEHTYPE" speed="13.27" pos="95.52" lane="1/1to1/2_0" slope="0.00"/>
        <vehicle id="4" x="483.75" y="401.65" angle="-90.00" type="DEFAULT_VEHTYPE" speed="12.95" pos="111.50" lane="3/2to2/2_0" slope="0.00"/>
        <vehicle id="41" x="354.47" y="598.35" angle="90.00" type="DEFAULT_VEHTYPE" speed="13.81" pos="149.72" lane="1/3to2/3_0" slope="0.00"/>
        <vehicle id="42" x="601.65" y="388.06" angle="180.00" type="DEFAULT_VEHTYPE" speed="4.51" pos="183.31" lane="3/1to3/2_0" slope="0.00"/>
        <vehicle id="43" x="9.86" y="398.35" angle="90.00" type="DEFAULT_VEHTYPE" speed="13.09" pos="9.86" lane="0/2to1/2_0" slope="0.00"/>
        <vehicle id="44" x="673.65" y="598.35" angle="90.00" type="DEFAULT_VEHTYPE" speed="12.73" pos="68.90" lane="3/3to4/3_0" slope="0.00"/>
        <vehicle id="46" x="398.35" y="603.99" angle="0.00" type="DEFAULT_VEHTYPE" speed="13.05" pos="0.76" lane=":2/3_1_0" slope="0.00"/>
        <vehicle id="47" x="201.65" y="586.38" angle="180.00" type="DEFAULT_VEHTYPE" speed="13.55" pos="181.63" lane="1/2to1/3_0" slope="0.00"/>
        <vehicle id="49" x="383.97" y="598.35" angle="90.00" type="DEFAULT_VEHTYPE" speed="3.01" pos="179.22" lane="1/3to2/3_0" slope="0.00"/>
        <vehicle id="6" x="288.20" y="598.35" angle="90.00" type="DEFAULT_VEHTYPE" speed="13.51" pos="83.45" lane="1/3to2/3_0" slope="0.00"/>
    </timestep>
    <timestep time="659.00">
        <vehicle id="1" x="201.65" y="416.77" angle="180.00" type="DEFAULT_VEHTYPE" speed="9.77" pos="12.02" lane="1/2to1/3_0" slope="0.00"/>
        <vehicle id="11" x="398.35" y="504.09" angle="0.00" type="DEFAULT_VEHTYPE" speed="13.53" pos="91.16" lane="2/3to2/2_0" slope="0.00"/>
        <vehicle id="13" x="398.35" y="124.14" angle="0.00" type="DEFAULT_VEHTYPE" speed="13.57" pos="71.11" lane="2/1to2/0_0" slope="0.00"/>
        <vehicle id="17" x="309.93" y="401.65" angle="-90.00" type="DEFAULT_VEHTYPE" speed="13.45" pos="85.32" lane="2/2to1/2_0" slope="0.00"/>
        <vehicle id="2" x="306.44" y="198.35" angle="90.00" type="DEFAULT_VEHTYPE" speed="13.41" pos="101.69" lane="1/1to2/1_0" slope="0.00"/>
        <vehicle id="21" x="394.30" y="598.35" angle="90.00" type="DEFAULT_VEHTYPE" speed="1.55" pos="189.55" lane="1/3to2/3_0" slope="0.00"/>
        <vehicle id="23" x="201.65" y="476.25" angle="180.00" type="DEFAULT_VEHTYPE" speed="13.23" pos="71.50" lane="1/2to1/3_0" slope="0.00"/>
        <vehicle id="25" x="574.81" y="401.65" angle="-90.00" type="DEFAULT_VEHTYPE" speed="12.44" pos="20.44" lane="3/2to2/2_0" slope="0.00"/>
        <vehicle id="27" x="398.35" y="545.36" angle="0.00" type="DEFAULT_VEHTYPE" speed="12.79" pos="49.89" lane="2/3to2/2_0" slope="0.00"/>
        <vehicle id="29" x="104.73" y="198.35" angle="90.00" type="DEFAULT_VEHTYPE" speed="13.55" pos="104.73" lane="0/1to1/1_0" slope="0.00"/>
        <vehicle id="3" x="81.99" y="401.65" angle="-90.00" type="DEFAULT_VEHTYPE" speed="13.58" pos="113.26" lane="1/2to0/2_0" slope="0.00"/>
        <vehicle id="32" x="646.20" y="601.65" angle="-90.00" type="DEFAULT_VEHTYPE" speed="13.55" pos="153.80" lane="4/3to3/3_0" slope="0.00"/>
        <vehicle id="37" x="598.35" y="562.45" angle="0.00" type="DEFAULT_VEHTYPE" speed="12.64" pos="32.80" lane="3/3to3/2_0" slope="0.00"/>
        <vehicle id="38" x="201.65" y="313.73" angle="180.00" type="DEFAULT_VEHTYPE" speed="13.45" pos="108.98" lane="1/1to1/2_0" slope="0.00"/>
        <vehicle id="4" x="470.55" y="401.65" angle="-90.00" type="DEFAULT_VEHTYPE" speed="13.20" pos="124.70" lane="3/2to2/2_0" slope="0.00"/>
        <vehicle id="41" x="364.08" y="598.35" angle="90.00" type="DEFAULT_VEHTYPE" speed="9.61" pos="159.33" lane="1/3to2/3_0" slope="0.00"/>
        <vehicle id="42" x="601.65" y="390.39" angle="180.00" type="DEFAULT_VEHTYPE" speed="2.33" pos="185.64" lane="3/1to3/2_0" slope="0.00"/>
        <vehicle id="43" x="23.55" y="398.35" angle="90.00" type="DEFAULT_VEHTYPE" speed="13.70" pos="23.55" lane="0/2to1/2_0" slope="0.00"/>
        <vehicle id="44" x="686.42" y="598.35" angle="90.00" type="DEFAULT_VEHTYPE" speed="12.78" pos="81.67" lane="3/3to4/3_0" slope="0.00"/>
        <vehicle id="46" x="398.35" y="590.44" angle="0.00" type="DEFAULT_VEHTYPE" speed="13.55" pos="4.81" lane="2/3to2/2_0" slope="0.00"/>
        <vehicle id="47" x="204.09" y="598.26" angle="146.49" type="DEFAULT_VEHTYPE" speed="13.21" pos="4.33" lane=":1/3_8_0" slope="0.00"/>
        <vehicle id="49" x="384.99" y="598.35" angle="90.00" type="DEFAULT_VEHTYPE" speed="1.02" pos="180.24" lane="1/3to2/3_0" slope="0.00"/>
        <vehicle id="6" x="301.69" y="598.35" angle="90.00" type="DEFAULT_VEHTYPE" speed="13.48" pos="96.94" lane="1/3to2/3_0" slope="0.00"/>
    </timestep>
    <timestep time="660.00">
        <vehicle id="1" x="201.65" y="428.07" angle="180.00" type="DEFAULT_VEHTYPE" speed="11.30" pos="23.32" lane="1/2to1/3_0" slope="0.00"/>
        <vehicle id="11" x="398.35" y="490.44" angle="0.00" type="DEFAULT_VEHTYPE" speed="13.65" pos="104.81" lane="2/3to2/2_0" slope="0.00"/>
        <vehicle id="13" x="398.35" y="110.42" angle="0.00" type="DEFAULT_VEHTYPE" speed="13.72" pos="84.83" lane="2/1to2/0_0" slope="0.00"/>
        <vehicle id="17" x="297.06" y="401.65" angle="-90.00" type="DEFAULT_VEHTYPE" speed="12.87" pos="98.19" lane="2/2to1/2_0" slope="0.00"/>
        <vehicle id="2" x="319.66" y="198.35" angle="90.00" type="DEFAULT_VEHTYPE" speed="13.22" pos="114.91" lane="1/1to2/1_0" slope="0.00"/>
        <vehicle id="21" x="397.15" y="598.62" angle="93.12" type="DEFAULT_VEHTYPE" speed="2.88" pos="1.92" lane=":2/3_14_0" slope="0.00"/>
        <vehicle id="23" x="201.65" y="490.07" angle="180.00" type="DEFAULT_VEHTYPE" speed="13.82" pos="85.32" lane="1/2to1/3_0" slope="0.00"/>
        <vehicle id="25" x="561.81" y="401.65" angle="-90.00" type="DEFAULT_VEHTYPE" speed="13.00" pos="33.44" lane="3/2to2/2_0" slope="0.00"/>
        <vehicle id="27" x="398.35" y="531.91" angle="0.00" type="DEFAULT_VEHTYPE" speed="13.44" pos="63.34" lane="2/3to2/2_0" slope="0.00"/>
        <vehicle id="29" x="117.94" y="198.35" angle="90.00" type="DEFAULT_VEHTYPE" speed="13.22" pos="117.94" lane="0/1to1/1_0" slope="0.00"/>
        <vehicle id="3" x="69.27" y="401.65" angle="-90.00" type="DEFAULT_VEHTYPE" speed="12.72" pos="125.98" lane="1/2to0/2_0" slope="0.00"/>
        <vehicle id="32" x="633.12" y="601.65" angle="-90.00" type="DEFAULT_VEHTYPE" speed="13.07" pos="166.88" lane="4/3to3/3_0" slope="0.00"/>
        <vehicle id="37" x="598.35" y="548.58" angle="0.00" type="DEFAULT_VEHTYPE" speed="13.87" pos="46.67" lane="3/3to3/2_0" slope="0.00"/>
        <vehicle id="38" x="201.65" y="326.49" angle="180.00" type="DEFAULT_VEHTYPE" speed="12.76" pos="121.74" lane="1/1to1/2_0" slope="0.00"/>
        <vehicle id="4" x="456.84" y="401.65" angle="-90.00" type="DEFAULT_VEHTYPE" speed="13.71" pos="138.41" lane="3/2to2/2_0" slope="0.00"/>
        <vehicle id="41" x="370.15" y="598.35" angle="90.00" type="DEFAULT_VEHTYPE" speed="6.07" pos="165.40" lane="1/3to2/3_0" slope="0.00"/>
        <vehicle id="42" x="601.65" y="394.46" angle="180.00" type="DEFAULT_VEHTYPE" speed="4.06" pos="189.71" lane="3/1to3/2_0" slope="0.00"/>
        <vehicle id="43" x="36.69" y="398.35" angle="90.00" type="DEFAULT_VEHTYPE" speed="13.14" pos="36.69" lane="0/2to1/2_0" slope="0.00"/>
        <vehicle id="44" x="700.09" y="598.35" angle="90.00" type="DEFAULT_VEHTYPE" speed="13.67" pos="95.34" lane="3/3to4/3_0" slope="0.00"/>
        <vehicle id="46" x="398.35" y="577.61" angle="0.00" type="DEFAULT_VEHTYPE" speed="12.83" pos="17.64" lane="2/3to2/2_0" slope="0.00"/>
        <vehicle id="47" x="216.68" y="598.35" angle="90.00" type="DEFAULT_VEHTYPE" speed="12.60" pos="11.93" lane="1/3to2/3_0" slope="0.00"/>
        <vehicle id="49" x="386.21" y="598.35" angle="90.00" type="DEFAULT_VEHTYPE" speed="1.22" pos="181.46" lane="1/3to2/3_0" slope="0.00"/>
        <vehicle id="6" x="315.32" y="598.35" angle="90.00" type="DEFAULT_VEHTYPE" speed="13.64" pos="110.57" lane="1/3to2/3_0" slope="0.00"/>
    </timestep>
    <timestep time="661.00">
        <vehicle id="1" x="201.65" y="441.71" angle="180.00" type="DEFAULT_VEHTYPE" speed="13.64" pos="36.96" lane="1/2to1/3_0" slope="0.00"/>
        <vehicle id="11" x="398.35" y="477.41" angle="0.00" type="DEFAULT_VEHTYPE" speed="13.03" pos="117.84" lane="2/3to2/2_0" slope="0.00"/>
        <vehicle id="13" x="398.35" y="96.99" angle="0.00" type="DEFAULT_VEHTYPE" speed="13.43" pos="98.26" lane="2/1to2/0_0" slope="0.00"/>
        <vehicle id="17" x="283.21" y="401.65" angle="-90.00" type="DEFAULT_VEHTYPE" speed="13.84" pos="112.04" lane="2/2to1/2_0" slope="0.00"/>
        <vehicle id="2" x="332.44" y="198.35" angle="90.00" type="DEFAULT_VEHTYPE" speed="12.78" pos="127.69" lane="1/1to2/1_0" slope="0.00"/>
        <vehicle id="21" x="401.03" y="601.59" angle="128.23" type="DEFAULT_VEHTYPE" speed="5.14" pos="7.07" lane=":2/3_14_0" slope="0.00"/>
        <vehicle id="23" x="201.65" y="503.73" angle="180.00" type="DEFAULT_VEHTYPE" speed="13.66" pos="98.98" lane="1/2to1/3_0" slope="0.00"/>
        <vehicle id="25" x="547.91" y="401.65" angle="-90.00" type="DEFAULT_VEHTYPE" speed="13.89" pos="47.34" lane="3/2to2/2_0" slope="0.00"/>
        <vehicle id="27" x="398.35" y="518.70" angle="0.00" type="DEFAULT_VEHTYPE" speed="13.22" pos="76.55" lane="2/3to2/2_0" slope="0.00"/>
        <vehicle id="29" x="131.18" y="198.35" angle="90.00" type="DEFAULT_VEHTYPE" speed="13.23" pos="131.18" lane="0/1to1/1_0" slope="0.00"/>
        <vehicle id="3" x="55.92" y="401.65" angle="-90.00" type="DEFAULT_VEHTYPE" speed="13.35" pos="139.33" lane="1/2to0/2_0" slope="0.00"/>
        <vehicle id="32" x="622.43" y="601.65" angle="-90.00" type="DEFAULT_VEHTYPE" speed="10.69" pos="177.57" lane="4/3to3/3_0" slope="0.00"/>
        <vehicle id="37" x="598.35" y="535.77" angle="0.00" type="DEFAULT_VEHTYPE" speed="12.82" pos="59.48" lane="3/3to3/2_0" slope="0.00"/>
        <vehicle id="38" x="201.65" y="339.22" angle="180.00" type="DEFAULT_VEHTYPE" speed="12.73" pos="134.47" lane="1/1to1/2_0" slope="0.00"/>
        <vehicle id="4" x="443.05" y="401.65" angle="-90.00" type="DEFAULT_VEHTYPE" speed="13.79" pos="152.20" lane="3/2to2/2_0" slope="0.00"/>
        <vehicle id="41" x="375.39" y="598.35" angle="90.00" type="DEFAULT_VEHTYPE" speed="5.24" pos="170.64" lane="1/3to2/3_0" slope="0.00"/>
        <vehicle id="42" x="600.08" y="400.00" angle="-161.51" type="DEFAULT_VEHTYPE" speed="5.89" pos="5.10" lane=":3/2_10_0" slope="0.00"/>
        <vehicle id="43" x="50.05" y="398.35" angle="90.00" type="DEFAULT_VEHTYPE" speed="13.36" pos="50.05" lane="0/2to1/2_0" slope="0.00"/>
        <vehicle id="44" x="713.59" y="598.35" angle="90.00" type="DEFAULT_VEHTYPE" speed="13.50" pos="108.84" lane="3/3to4/3_0" slope="0.00"/>
        <vehicle id="46" x="398.35" y="565.01" angle="0.00" type="DEFAULT_VEHTYPE" speed="12.60" pos="30.24" lane="2/3to2/2_0" slope="0.00"/>
        <vehicle id="47" x="229.79" y="598.35" angle="90.00" type="DEFAULT_VEHTYPE" speed="13.11" pos="25.04" lane="1/3to2/3_0" slope="0.00"/>
        <vehicle id="49" x="387.72" y="598.35" angle="90.00" type="DEFAULT_VEHTYPE" speed="1.50" pos="182.97" lane="1/3to2/3_0" slope="0.00"/>
        <vehicle id="6" x="328.78" y="598.35" angle="90.00" type="DEFAULT_VEHTYPE" speed="13.46" pos="124.03" lane="1/3to2/3_0" slope="0.00"/>
    </timestep>
    <timestep time="662.00">
        <vehicle id="1" x="201.65" y="455.51" angle="180.00" type="DEFAULT_VEHTYPE" speed="13.80" pos="50.76" lane="1/2to1/3_0" slope="0.00"/>
        <vehicle id="11" x="398.35" y="464.65" angle="0.00" type="DEFAULT_VEHTYPE" speed="12.76" pos="130.60" lane="2/3to2/2_0" slope="0.00"/>
        <vehicle id="13" x="398.35" y="84.01" angle="0.00" type="DEFAULT_VEHTYPE" speed="12.98" pos="111.24" lane="2/1to2/0_0" slope="0.00"/>
        <vehicle id="17" x="269.52" y="401.65" angle="-90.00" type="DEFAULT_VEHTYPE" speed="13.69" pos="125.73" lane="2/2to1/2_0" slope="0.00"/>
        <vehicle id="2" x="345.42" y="198.35" angle="90.00" type="DEFAULT_VEHTYPE" speed="12.98" pos="140.67" lane="1/1to2/1_0" slope="0.00"/>
        <vehicle id="21" x="401.65" y="608.74" angle="178.36" type="DEFAULT_VEHTYPE" speed="7.24" pos="3.99" lane="2/3to2/4_0" slope="0.00"/>
        <vehicle id="23" x="201.65" y="516.79" angle="180.00" type="DEFAULT_VEHTYPE" speed="13.06" pos="112.04" lane="1/2to1/3_0" slope="0.00"/>
        <vehicle id="25" x="534.04" y="401.65" angle="-90.00" type="DEFAULT_VEHTYPE" speed="13.87" pos="61.21" lane="3/2to2/2_0" slope="0.00"/>
        <vehicle id="27" x="398.35" y="504.92" angle="0.00" type="DEFAULT_VEHTYPE" speed="13.78" pos="90.33" lane="2/3to2/2_0" slope="0.00"/>
        <vehicle id="29" x="144.37" y="198.35" angle="90.00" type="DEFAULT_VEHTYPE" speed="13.20" pos="144.37" lane="0/1to1/1_0" slope="0.00"/>
        <vehicle id="3" x="42.63" y="401.65" angle="-90.00" type="DEFAULT_VEHTYPE" speed="13.29" pos="152.62" lane="1/2to0/2_0" slope="0.00"/>
        <vehicle id="32" x="615.33" y="601.65" angle="-90.00" type="DEFAULT_VEHTYPE" speed="7.10" pos="184.67" lane="4/3to3/3_0" slope="0.00"/>
        <vehicle id="37" x="598.35" y="522.57" angle="0.00" type="DEFAULT_VEHTYPE" speed="13.20" pos="72.68" lane="3/3to3/2_0" slope="0.00"/>
        <vehicle id="38" x="201.65" y="352.85" angle="180.00" type="DEFAULT_VEHTYPE" speed="13.63" pos="148.10" lane="1/1to1/2_0" slope="0.00"/>
        <vehicle id="4" x="430.23" y="401.65" angle="-90.00" type="DEFAULT_VEHTYPE" speed="12.82" pos="165.02" lane="3/2to2/2_0" slope="0.00"/>
        <vehicle id="41" x="378.37" y="598.35" angle="90.00" type="DEFAULT_VEHTYPE" speed="2.98" pos="173.62" lane="1/3to2/3_0" slope="0.00"/>
        <vehicle id="42" x="592.08" y="401.65" angle="-92.98" type="DEFAULT_VEHTYPE" speed="8.39" pos="3.17" lane="3/2to2/2_0" slope="0.00"/>
        <vehicle id="43" x="63.19" y="398.35" angle="90.00" type="DEFAULT_VEHTYPE" speed="13.14" pos="63.19" lane="0/2to1/2_0" slope="0.00"/>
        <vehicle id="44" x="727.15" y="598.35" angle="90.00" type="DEFAULT_VEHTYPE" speed="13.55" pos="122.40" lane="3/3to4/3_0" slope="0.00"/>
        <vehicle id="46" x="398.35" y="551.43" angle="0.00" type="DEFAULT_VEHTYPE" speed="13.58" pos="43.82" lane="2/3to2/2_0" slope="0.00"/>
        <vehicle id="47" x="243.06" y="598.35" angle="90.00" type="DEFAULT_VEHTYPE" speed="13.26" pos="38.31" lane="1/3to2/3_0" slope="0.00"/>
        <vehicle id="49" x="391.09" y="598.35" angle="90.00" type="DEFAULT_VEHTYPE" speed="3.37" pos="186.34" lane="1/3to2/3_0" slope="0.00"/>
        <vehicle id="6" x="342.05" y="598.35" angle="90.00" type="DEFAULT_VEHTYPE" speed="13.27" pos="137.30" lane="1/3to2/3_0" slope="0.00"/>
    </timestep>
    <timestep time="663.00">
        <vehicle id="1" x="201.65" y="468.99" angle="180.00" type="DEFAULT_VEHTYPE" speed="13.48" pos="64.24" lane="1/2to1/3_0" slope="0.00"/>
        <vehicle id="11" x="398.35" y="451.64" angle="0.00" type="DEFAULT_VEHTYPE" speed="13.02" pos="143.61" lane="2/3to2/2_0" slope="0.00"/>
        <vehicle id="13" x="398.35" y="71.21" angle="0.00" type="DEFAULT_VEHTYPE" speed="12.81" pos="124.04" lane="2/1to2/0_0" slope="0.00"/>
        <vehicle id="17" x="256.23" y="401.65" angle="-90.00" type="DEFAULT_VEHTYPE" speed="13.30" pos="139.02" lane="2/2to1/2_0" slope="0.00"/>
        <vehicle id="2" x="358.73" y="198.35" angle="90.00" type="DEFAULT_VEHTYPE" speed="13.31" pos="153.98" lane="1/1to2/1_0" slope="0.00"/>
        <vehicle id="21" x="401.65" y="618.24" angle="180.00" type="DEFAULT_VEHTYPE" speed="9.50" pos="13.49" lane="2/3to2/4_0" slope="0.00"/>
        <vehicle id="23" x="201.65" y="530.00" angle="180.00" type="DEFAULT_VEHTYPE" speed="13.21" pos="125.25" lane="1/2to1/3_0" slope="0.00"/>
        <vehicle id="25" x="520.86" y="401.65" angle="-90.00" type="DEFAULT_VEHTYPE" speed="13.18" pos="74.39" lane="3/2to2/2_0" slope="0.00"/>
        <vehicle id="27" x="398.35" y="491.36" angle="0.00" type="DEFAULT_VEHTYPE" speed="13.56" pos="103.89" lane="2/3to2/2_0" slope="0.00"/>
        <vehicle id="29" x="157.21" y="198.35" angle="90.00" type="DEFAULT_VEHTYPE" speed="12.84" pos="157.21" lane="0/1to1/1_0" slope="0.00"/>
        <vehicle id="3" x="28.96" y="401.65" angle="-90.00" type="DEFAULT_VEHTYPE" speed="13.67" pos="166.29" lane="1/2to0/2_0" slope="0.00"/>
        <vehicle id="32" x="611.21" y="601.65" angle="-90.00" type="DEFAULT_VEHTYPE" speed="4.12" pos="188.79" lane="4/3to3/3_0" slope="0.00"/>
        <vehicle id="37" x="598.35" y="508.90" angle="0.00" type="DEFAULT_VEHTYPE" speed="13.67" pos="86.35" lane="3/3to3/2_0" slope="0.00"/>
        <vehicle id="38" x="201.65" y="365.61" angle="180.00" type="DEFAULT_VEHTYPE" speed="12.76" pos="160.86" lane="1/1to1/2_0" slope="0.00"/>
        <vehicle id="4" x="420.80" y="401.65" angle="-90.00" type="DEFAULT_VEHTYPE" speed="9.43" pos="174.45" lane="3/2to2/2_0" slope="0.00"/>
        <vehicle id="41" x="381.86" y="598.35" angle="90.00" type="DEFAULT_VEHTYPE" speed="3.49" pos="177.11" lane="1/3to2/3_0" slope="0.00"/>
        <vehicle id="42" x="581.29" y="401.65" angle="-90.00" type="DEFAULT_VEHTYPE" speed="10.79" pos="13.96" lane="3/2to2/2_0" slope="0.00"/>
        <vehicle id="43" x="75.91" y="398.35" angle="90.00" type="DEFAULT_VEHTYPE" speed="12.72" pos="75.91" lane="0/2to1/2_0" slope="0.00"/>
        <vehicle id="44" x="739.96" y="598.35" angle="90.00" type="DEFAULT_VEHTYPE" speed="12.81" pos="135.21" lane="3/3to4/3_0" slope="0.00"/>
        <vehicle id="46" x="398.35" y="538.06" angle="0.00" type="DEFAULT_VEHTYPE" speed="13.37" pos="57.19" lane="2/3to2/2_0" slope="0.00"/>
        <vehicle id="47" x="255.77" y="598.35" angle="90.00" type="DEFAULT_VEHTYPE" speed="12.72" pos="51.02" lane="1/3to2/3_0" slope="0.00"/>
        <vehicle id="49" x="396.17" y="598.48" angle="91.51" type="DEFAULT_VEHTYPE" speed="5.09" pos="0.93" lane=":2/3_14_0" slope="0.00"/>
        <vehicle id="6" x="353.20" y="598.35" angle="90.00" type="DEFAULT_VEHTYPE" speed="11.14" pos="148.45" lane="1/3to2/3_0" slope="0.00"/>
    </timestep>
    <timestep time="664.00">
        <vehicle id="1" x="201.65" y="482.54" angle="180.00" type="DEFAULT_VEHTYPE" speed="13.55" pos="77.79" lane="1/2to1/3_0" slope="0.00"/>
        <vehicle id="11" x="398.35" y="437.91" angle="0.00" type="DEFAULT_VEHTYPE" speed="13.73" pos="157.34" lane="2/3to2/2_0" slope="0.00"/>
        <vehicle id="13" x="398.35" y="57.86" angle="0.00" type="DEFAULT_VEHTYPE" speed="13.35" pos="137.39" lane="2/1to2/0_0" slope="0.00"/>
        <vehicle id="17" x="243.23" y="401.65" angle="-90.00" type="DEFAULT_VEHTYPE" speed="13.00" pos="152.02" lane="2/2to1/2_0" slope="0.00"/>
        <vehicle id="2" x="371.33" y="198.35" angle="90.00" type="DEFAULT_VEHTYPE" speed="12.60" pos="166.58" lane="1/1to2/1_0" slope="0.00"/>
        <vehicle id="21" x="401.65" y="629.76" angle="180.00" type="DEFAULT_VEHTYPE" speed="11.52" pos="25.01" lane="2/3to2/4_0" slope="0.00"/>
        <vehicle id="23" x="201.65" y="542.78" angle="180.00" type="DEFAULT_VEHTYPE" speed="12.78" pos="138.03" lane="1/2to1/3_0" slope="0.00"/>
        <vehicle id="25" x="507.84" y="401.65" angle="-90.00" type="DEFAULT_VEHTYPE" speed="13.02" pos="87.41" lane="3/2to2/2_0" slope="0.00"/>
        <vehicle id="27" x="398.35" y="478.30" angle="0.00" type="DEFAULT_VEHTYPE" speed="13.06" pos="116.95" lane="2/3to2/2_0" slope="0.00"/>
        <vehicle id="29" x="170.25" y="198.35" angle="90.00" type="DEFAULT_VEHTYPE" speed="13.03" pos="170.25" lane="0/1to1/1_0" slope="0.00"/>
        <vehicle id="3" x="15.54" y="401.65" angle="-90.00" type="DEFAULT_VEHTYPE" speed="13.42" pos="179.71" lane="1/2to0/2_0" slope="0.00"/>
        <vehicle id="32" x="604.81" y="601.65" angle="-90.00" type="DEFAULT_VEHTYPE" speed="6.40" pos="195.19" lane="4/3to3/3_0" slope="0.00"/>
        <vehicle id="37" x="598.35" y="495.93" angle="0.00" type="DEFAULT_VEHTYPE" speed="12.97" pos="99.32" lane="3/3to3/2_0" slope="0.00"/>
        <vehicle id="38" x="201.65" y="378.49" angle="180.00" type="DEFAULT_VEHTYPE" speed="12.88" pos="173.74" lane="1/1to1/2_0" slope="0.00"/>
        <vehicle id="4" x="414.09" y="401.65" angle="-90.00" type="DEFAULT_VEHTYPE" speed="6.71" pos="181.16" lane="3/2to2/2_0" slope="0.00"/>
        <vehicle id="41" x="387.35" y="598.35" angle="90.00" type="DEFAULT_VEHTYPE" speed="5.49" pos="182.60" lane="1/3to2/3_0" slope="0.00"/>
        <vehicle id="42" x="568.62" y="401.65" angle="-90.00" type="DEFAULT_VEHTYPE" speed="12.68" pos="26.63" lane="3/2to2/2_0" slope="0.00"/>
        <vehicle id="43" x="89.65" y="398.35" angle="90.00" type="DEFAULT_VEHTYPE" speed="13.74" pos="89.65" lane="0/2to1/2_0" slope="0.00"/>
        <vehicle id="44" x="752.70" y="598.35" angle="90.00" type="DEFAULT_VEHTYPE" speed="12.74" pos="147.95" lane="3/3to4/3_0" slope="0.00"/>
        <vehicle id="46" x="398.35" y="524.61" angle="0.00" type="DEFAULT_VEHTYPE" speed="13.44" pos="70.64" lane="2/3to2/2_0" slope="0.00"/>
        <vehicle id="47" x="268.56" y="598.35" angle="90.00" type="DEFAULT_VEHTYPE" speed="12.79" pos="63.81" lane="1/3to2/3_0" slope="0.00"/>
        <vehicle id="49" x="401.33" y="602.54" angle="140.10" type="DEFAULT_VEHTYPE" speed="7.16" pos="8.09" lane=":2/3_14_0" slope="0.00"/>
        <vehicle id="6" x="361.95" y="598.35" angle="90.00" type="DEFAULT_VEHTYPE" speed="8.75" pos="157.20" lane="1/3to2/3_0" slope="0.00"/>
    </timestep>
    <timestep time="665.00">
        <vehicle id="1" x="201.65" y="495.86" angle="180.00" type="DEFAULT_VEHTYPE" speed="13.32" pos="91.11" lane="1/2to1/3_0" slope="0.00"/>
        <vehicle id="11" x="398.35" y="424.89" angle="0.00" type="DEFAULT_VEHTYPE" speed="13.02" pos="170.36" lane="2/3to2/2_0" slope="0.00"/>
        <vehicle id="13" x="398.35" y="45.21" angle="0.00" type="DEFAULT_VEHTYPE" speed="12.65" pos="150.04" lane="2/1to2/0_0" slope="0.00"/>
        <vehicle id="17" x="229.87" y="401.65" angle="-90.00" type="DEFAULT_VEHTYPE" speed="13.36" pos="165.38" lane="2/2to1/2_0" slope="0.00"/>
        <vehicle id="2" x="380.15" y="198.35" angle="90.00" type="DEFAULT_VEHTYPE" speed="8.82" pos="175.40" lane="1/1to2/1_0" slope="0.00"/>
        <vehicle id="21" x="401.65" y="642.80" angle="180.00" type="DEFAULT_VEHTYPE" speed="13.04" pos="38.05" lane="2/3to2/4_0" slope="0.00"/>
        <vehicle id="23" x="201.65" y="555.69" angle="180.00" type="DEFAULT_VEHTYPE" speed="12.92" pos="150.94" lane="1/2to1/3_0" slope="0.00"/>
        <vehicle id="25" x="494.66" y="401.65" angle="-90.00" type="DEFAULT_VEHTYPE" speed="13.18" pos="100.59" lane="3/2to2/2_0" slope="0.00"/>
        <vehicle id="27" x="398.35" y="465.23" angle="0.00" type="DEFAULT_VEHTYPE" speed="13.06" pos="130.02" lane="2/3to2/2_0" slope="0.00"/>
        <vehicle id="29" x="179.62" y="198.35" angle="90.00" type="DEFAULT_VEHTYPE" speed="9.37" pos="179.62" lane="0/1to1/1_0" slope="0.00"/>
        <vehicle id="3" x="2.07" y="401.65" angle="-90.00" type="DEFAULT_VEHTYPE" speed="13.47" pos="193.18" lane="1/2to0/2_0" slope="0.00"/>
        <vehicle id="32" x="598.67" y="597.47" angle="-40.05" type="DEFAULT_VEHTYPE" speed="8.14" pos="8.08" lane=":3/3_6_0" slope="0.00"/>
        <vehicle id="37" x="598.35" y="482.71" angle="0.00" type="DEFAULT_VEHTYPE" speed="13.22" pos="112.54" lane="3/3to3/2_0" slope="0.00"/>
        <vehicle id="38" x="201.65" y="392.26" angle="180.00" type="DEFAULT_VEHTYPE" speed="13.77" pos="187.51" lane="1/1to1/2_0" slope="0.00"/>
        <vehicle id="4" x="410.51" y="401.65" angle="-90.00" type="DEFAULT_VEHTYPE" speed="3.58" pos="184.74" lane="3/2to2/2_0" slope="0.00"/>
        <vehicle id="41" x="390.61" y="598.35" angle="90.00" type="DEFAULT_VEHTYPE" speed="3.26" pos="185.86" lane="1/3to2/3_0" slope="0.00"/>
        <vehicle id="42" x="555.29" y="401.65" angle="-90.00" type="DEFAULT_VEHTYPE" speed="13.33" pos="39.96" lane="3/2to2/2_0" slope="0.00"/>
        <vehicle id="43" x="103.25" y="398.35" angle="90.00" type="DEFAULT_VEHTYPE" speed="13.59" pos="103.25" lane="0/2to1/2_0" slope="0.00"/>
        <vehicle id="44" x="765.36" y="598.35" angle="90.00" type="DEFAULT_VEHTYPE" speed="12.65" pos="160.61" lane="3/3to4/3_0" slope="0.00"/>
        <vehicle id="46" x="398.35" y="511.15" angle="0.00" type="DEFAULT_VEHTYPE" speed="13.47" pos="84.10" lane="2/3to2/2_0" slope="0.00"/>
        <vehicle id="47" x="282.05" y="598.35" angle="90.00" type="DEFAULT_VEHTYPE" speed="13.49" pos="77.30" lane="1/3to2/3_0" slope="0.00"/>
        <vehicle id="49" x="401.65" y="611.90" angle="180.00" type="DEFAULT_VEHTYPE" speed="9.37" pos="7.15" lane="2/3to2/4_0" slope="0.00"/>
        <vehicle id="6" x="371.39" y="598.35" angle="90.00" type="DEFAULT_VEHTYPE" speed="9.45" pos="166.64" lane="1/3to2/3_0" slope="0.00"/>
    </timestep>
    <timestep time="666.00">
        <vehicle id="1" x="201.65" y="508.92" angle="180.00" type="DEFAULT_VEHTYPE" speed="13.06" pos="104.17" lane="1/2to1/3_0" slope="0.00"/>
        <vehicle id="11" x="398.35" y="411.09" angle="0.00" type="DEFAULT_VEHTYPE" speed="13.80" pos="184.16" lane="2/3to2/2_0" slope="0.00"/>
        <vehicle id="13" x="398.35" y="31.77" angle="0.00" type="DEFAULT_VEHTYPE" speed="13.44" pos="163.48" lane="2/1to2/0_0" slope="0.00"/>
        <vehicle id="17" x="220.66" y="401.65" angle="-90.00" type="DEFAULT_VEHTYPE" speed="9.21" pos="174.59" lane="2/2to1/2_0" slope="0.00"/>
        <vehicle id="2" x="386.35" y="198.35" angle="90.00" type="DEFAULT_VEHTYPE" speed="6.20" pos="181.60" lane="1/1to2/1_0" slope="0.00"/>
        <vehicle id="21" x="401.65" y="655.40" angle="180.00" type="DEFAULT_VEHTYPE" speed="12.60" pos="50.65" lane="2/3to2/4_0" slope="0.00"/>
        <vehicle id="23" x="201.65" y="568.82" angle="180.00" type="DEFAULT_VEHTYPE" speed="13.12" pos="164.07" lane="1/2to1/3_0" slope="0.00"/>
        <vehicle id="25" x="481.73" y="401.65" angle="-90.00" type="DEFAULT_VEHTYPE" speed="12.93" pos="113.52" lane="3/2to2/2_0" slope="0.00"/>
        <vehicle id="27" x="398.35" y="451.69" angle="0.00" type="DEFAULT_VEHTYPE" speed="13.54" pos="143.56" lane="2/3to2/2_0" slope="0.00"/>
        <vehicle id="29" x="186.72" y="198.35" angle="90.00" type="DEFAULT_VEHTYPE" speed="7.10" pos="186.72" lane="0/1to1/1_0" slope="0.00"/>
        <vehicle id="3" x="6.96" y="398.35" angle="90.00" type="DEFAULT_VEHTYPE" speed="13.85" pos="6.96" lane="0/2to1/2_0" slope="0.00"/>
        <vehicle id="32" x="598.35" y="587.22" angle="0.00" type="DEFAULT_VEHTYPE" speed="10.28" pos="8.03" lane="3/3to3/2_0" slope="0.00"/>
        <vehicle id="37" x="598.35" y="469.41" angle="0.00" type="DEFAULT_VEHTYPE" speed="13.30" pos="125.84" lane="3/3to3/2_0" slope="0.00"/>
        <vehicle id="38" x="201.65" y="404.90" angle="180.00" type="DEFAULT_VEHTYPE" speed="12.64" pos="0.15" lane="1/2to1/3_0" slope="0.00"/>
        <vehicle id="4" x="408.59" y="401.65" angle="-90.00" type="DEFAULT_VEHTYPE" speed="1.92" pos="186.66" lane="3/2to2/2_0" slope="0.00"/>
        <vehicle id="41" x="395.56" y="598.39" angle="90.51" type="DEFAULT_VEHTYPE" speed="4.96" pos="0.31" lane=":2/3_14_0" slope="0.00"/>
        <vehicle id="42" x="541.42" y="401.65" angle="-90.00" type="DEFAULT_VEHTYPE" speed="13.87" pos="53.83" lane="3/2to2/2_0" slope="0.00"/>
        <vehicle id="43" x="115.91" y="398.35" angle="90.00" type="DEFAULT_VEHTYPE" speed="12.66" pos="115.91" lane="0/2to1/2_0" slope="0.00"/>
        <vehicle id="44" x="778.98" y="598.35" angle="90.00" type="DEFAULT_VEHTYPE" speed="13.62" pos="174.23" lane="3/3to4/3_0" slope="0.00"/>
        <vehicle id="46" x="398.35" y="497.67" angle="0.00" type="DEFAULT_VEHTYPE" speed="13.48" pos="97.58" lane="2/3to2/2_0" slope="0.00"/>
        <vehicle id="47" x="295.62" y="598.35" angle="90.00" type="DEFAULT_VEHTYPE" speed="13.56" pos="90.87" lane="1/3to2/3_0" slope="0.00"/>
        <vehicle id="49" x="401.65" y="623.02" angle="180.00" type="DEFAULT_VEHTYPE" speed="11.12" pos="18.27" lane="2/3to2/4_0" slope="0.00"/>
        <vehicle id="6" x="378.08" y="598.35" angle="90.00" type="DEFAULT_VEHTYPE" speed="6.69" pos="173.33" lane="1/3to2/3_0" slope="0.00"/>
    </timestep>
    <timestep time="667.00">
        <vehicle id="1" x="201.65" y="522.65" angle="180.00" type="DEFAULT_VEHTYPE" speed="13.73" pos="117.90" lane="1/2to1/3_0" slope="0.00"/>
        <vehicle id="11" x="398.35" y="398.11" angle="0.00" type="DEFAULT_VEHTYPE" speed="12.98" pos="6.64" lane=":2/2_1_0" slope="0.00"/>
        <vehicle id="13" x="398.35" y="19.06" angle="0.00" type="DEFAULT_VEHTYPE" speed="12.71" pos="176.19" lane="2/1to2/0_0" slope="0.00"/>
        <vehicle id="17" x="214.41" y="401.65" angle="-90.00" type="DEFAULT_VEHTYPE" speed="6.25" pos="180.84" lane="2/2to1/2_0" slope="0.00"/>
        <vehicle id="2" x="389.89" y="198.35" angle="90.00" type="DEFAULT_VEHTYPE" speed="3.54" pos="185.14" lane="1/1to2/1_0" slope="0.00"/>
        <vehicle id="21" x="401.65" y="668.18" angle="180.00" type="DEFAULT_VEHTYPE" speed="12.77" pos="63.43" lane="2/3to2/4_0" slope="0.00"/>
        <vehicle id="23" x="201.65" y="581.51" angle="180.00" type="DEFAULT_VEHTYPE" speed="12.69" pos="176.76" lane="1/2to1/3_0" slope="0.00"/>
        <vehicle id="25" x="469.12" y="401.65" angle="-90.00" type="DEFAULT_VEHTYPE" speed="12.61" pos="126.13" lane="3/2to2/2_0" slope="0.00"/>
        <vehicle id="27" x="398.35" y="437.90" angle="0.00" type="DEFAULT_VEHTYPE" speed="13.79" pos="157.35" lane="2/3to2/2_0" slope="0.00"/>
        <vehicle id="29" x="190.61" y="198.35" angle="90.00" type="DEFAULT_VEHTYPE" speed="3.89" pos="190.61" lane="0/1to1/1_0" slope="0.00"/>
        <vehicle id="3" x="20.67" y="398.35" angle="90.00" type="DEFAULT_VEHTYPE" speed="13.70" pos="20.67" lane="0/2to1/2_0" slope="0.00"/>
        <vehicle id="32" x="598.35" y="575.24" angle="0.00" type="DEFAULT_VEHTYPE" speed="11.98" pos="20.01" lane="3/3to3/2_0" slope="0.00"/>
        <vehicle id="37" x="598.35" y="455.62" angle="0.00" type="DEFAULT_VEHTYPE" speed="13.79" pos="139.63" lane="3/3to3/2_0" slope="0.00"/>
        <vehicle id="38" x="201.65" y="417.91" angle="180.00" type="DEFAULT_VEHTYPE" speed="13.01" pos="13.16" lane="1/2to1/3_0" slope="0.00"/>
        <vehicle id="4" x="407.65" y="401.65" angle="-90.00" type="DEFAULT_VEHTYPE" speed="0.94" pos="187.60" lane="3/2to2/2_0" slope="0.00"/>
        <vehicle id="41" x="401.18" y="601.83" angle="131.15" type="DEFAULT_VEHTYPE" speed="7.04" pos="7.35" lane=":2/3_14_0" slope="0.00"/>
        <vehicle id="42" x="528.76" y="401.65" angle="-90.00" type="DEFAULT_VEHTYPE" speed="12.65" pos="66.49" lane="3/2to2/2_0" slope="0.00"/>
        <vehicle id="43" x="129.49" y="398.35" angle="90.00" type="DEFAULT_VEHTYPE" speed="13.58" pos="129.49" lane="0/2to1/2_0" slope="0.00"/>
        <vehicle id="44" x="792.18" y="598.35" angle="90.00" type="DEFAULT_VEHTYPE" speed="13.21" pos="187.43" lane="3/3to4/3_0" slope="0.00"/>
        <vehicle id="46" x="398.35" y="484.71" angle="0.00" type="DEFAULT_VEHTYPE" speed="12.96" pos="110.54" lane="2/3to2/2_0" slope="0.00"/>
        <vehicle id="47" x="308.58" y="598.35" angle="90.00" type="DEFAULT_VEHTYPE" speed="12.97" pos="103.83" lane="1/3to2/3_0" slope="0.00"/>
        <vehicle id="49" x="401.65" y="636.25" angle="180.00" type="DEFAULT_VEHTYPE" speed="13.23" pos="31.50" lane="2/3to2/4_0" slope="0.00"/>
        <vehicle id="6" x="385.11" y="598.35" angle="90.00" type="DEFAULT_VEHTYPE" speed="7.02" pos="180.36" lane="1/3to2/3_0" slope="0.00"/>
    </timestep>
    <timestep time="668.00">
        <vehicle id="1" x="201.65" y="535.73" angle="180.00" type="DEFAULT_VEHTYPE" speed="13.08" pos="130.98" lane="1/2to1/3_0" slope="0.00"/>
        <vehicle id="11" x="398.35" y="384.81" angle="0.00" type="DEFAULT_VEHTYPE" speed="13.30" pos="10.44" lane="2/2to2/1_0" slope="0.00"/>
        <vehicle id="13" x="398.35" y="5.86" angle="0.00" type="DEFAULT_VEHTYPE" speed="13.19" pos="189.39" lane="2/1to2/0_0" slope="0.00"/>
        <vehicle id="17" x="210.58" y="401.65" angle="-90.00" type="DEFAULT_VEHTYPE" speed="3.82" pos="184.67" lane="2/2to1/2_0" slope="0.00"/>
        <vehicle id="2" x="395.31" y="198.35" angle="90.00" type="DEFAULT_VEHTYPE" speed="5.41" pos="0.06" lane=":2/1_13_0" slope="0.00"/>
        <vehicle id="21" x="401.65" y="681.24" angle="180.00" type="DEFAULT_VEHTYPE" speed="13.06" pos="76.49" lane="2/3to2/4_0" slope="0.00"/>
        <vehicle id="23" x="201.65" y="594.98" angle="180.00" type="DEFAULT_VEHTYPE" speed="13.47" pos="190.23" lane="1/2to1/3_0" slope="0.00"/>
        <vehicle id="25" x="455.80" y="401.65" angle="-90.00" type="DEFAULT_VEHTYPE" speed="13.32" pos="139.45" lane="3/2to2/2_0" slope="0.00"/>
        <vehicle id="27" x="398.35" y="424.56" angle="0.00" type="DEFAULT_VEHTYPE" speed="13.34" pos="170.69" lane="2/3to2/2_0" slope="0.00"/>
        <vehicle id="29" x="196.40" y="198.19" angle="88.16" type="DEFAULT_VEHTYPE" speed="5.81" pos="1.16" lane=":1/1_12_0" slope="0.00"/>
        <vehicle id="3" x="33.48" y="398.35" angle="90.00" type="DEFAULT_VEHTYPE" speed="12.82" pos="33.48" lane="0/2to1/2_0" slope="0.00"/>
        <vehicle id="32" x="598.35" y="561.40" angle="0.00" type="DEFAULT_VEHTYPE" speed="13.84" pos="33.85" lane="3/3to3/2_0" slope="0.00"/>
        <vehicle id="37" x="598.35" y="442.58" angle="0.00" type="DEFAULT_VEHTYPE" speed="13.04" pos="152.67" lane="3/3to3/2_0" slope="0.00"/>
        <vehicle id="38" x="201.65" y="430.96" angle="180.00" type="DEFAULT_VEHTYPE" speed="13.05" pos="26.21" lane="1/2to1/3_0" slope="0.00"/>
        <vehicle id="4" x="407.34" y="401.65" angle="-90.00" type="DEFAULT_VEHTYPE" speed="0.31" pos="187.91" lane="3/2to2/2_0" slope="0.00"/>
        <vehicle id="41" x="401.65" y="610.93" angle="180.00" type="DEFAULT_VEHTYPE" speed="9.15" pos="6.18" lane="2/3to2/4_0" slope="0.00"/>
        <vehicle id="42" x="515.11" y="401.65" angle="-90.00" type="DEFAULT_VEHTYPE" speed="13.65" pos="80.14" lane="3/2to2/2_0" slope="0.00"/>
        <vehicle id="43" x="142.40" y="398.35" angle="90.00" type="DEFAULT_VEHTYPE" speed="12.91" pos="142.40" lane="0/2to1/2_0" slope="0.00"/>
        <vehicle id="44" x="799.79" y="601.65" angle="-175.97" type="DEFAULT_VEHTYPE" speed="12.84" pos="0.21" lane="4/3to3/3_0" slope="0.00"/>
        <vehicle id="46" x="398.35" y="470.87" angle="0.00" type="DEFAULT_VEHTYPE" speed="13.84" pos="124.38" lane="2/3to2/2_0" slope="0.00"/>
        <vehicle id="47" x="322.34" y="598.35" angle="90.00" type="DEFAULT_VEHTYPE" speed="13.75" pos="117.59" lane="1/3to2/3_0" slope="0.00"/>
        <vehicle id="49" x="401.65" y="649.89" angle="180.00" type="DEFAULT_VEHTYPE" speed="13.65" pos="45.14" lane="2/3to2/4_0" slope="0.00"/>
        <vehicle id="6" x="389.59" y="598.35" angle="90.00" type="DEFAULT_VEHTYPE" speed="4.49" pos="184.84" lane="1/3to2/3_0" slope="0.00"/>
    </timestep>
    <timestep time="669.00">
        <vehicle id="1" x="201.65" y="548.55" angle="180.00" type="DEFAULT_VEHTYPE" speed="12.82" pos="143.80" lane="1/2to1/3_0" slope="0.00"/>
        <vehicle id="11" x="398.35" y="371.39" angle="0.00" type="DEFAULT_VEHTYPE" speed="13.42" pos="23.86" lane="2/2to2/1_0" slope="0.00"/>
        <vehicle id="13" x="401.65" y="2.00" angle="147.33" type="DEFAULT_VEHTYPE" speed="12.69" pos="2.00" lane="2/0to2/1_0" slope="0.00"/>
        <vehicle id="17" x="205.22" y="401.65" angle="-90.00" type="DEFAULT_VEHTYPE" speed="5.36" pos="190.03" lane="2/2to1/2_0" slope="0.00"/>
        <vehicle id="2" x="402.34" y="198.35" angle="90.00" type="DEFAULT_VEHTYPE" speed="7.03" pos="7.09" lane=":2/1_13_0" slope="0.00"/>
        <vehicle id="21" x="401.65" y="694.93" angle="180.00" type="DEFAULT_VEHTYPE" speed="13.69" pos="90.18" lane="2/3to2/4_0" slope="0.00"/>
        <vehicle id="23" x="212.65" y="598.35" angle="90.00" type="DEFAULT_VEHTYPE" speed="13.17" pos="7.90" lane="1/3to2/3_0" slope="0.00"/>
        <vehicle id="25" x="442.45" y="401.65" angle="-90.00" type="DEFAULT_VEHTYPE" speed="13.35" pos="152.80" lane="3/2to2/2_0" slope="0.00"/>
        <vehicle id="27" x="398.35" y="410.70" angle="0.00" type="DEFAULT_VEHTYPE" speed="13.86" pos="184.55" lane="2/3to2/2_0" slope="0.00"/>
        <vehicle id="29" x="198.35" y="191.22" angle="1.54" type="DEFAULT_VEHTYPE" speed="7.87" pos="4.03" lane="1/1to1/0_0" slope="0.00"/>
        <vehicle id="3" x="47.02" y="398.35" angle="90.00" type="DEFAULT_VEHTYPE" speed="13.54" pos="47.02" lane="0/2to1/2_0" slope="0.00"/>
        <vehicle id="32" x="598.35" y="548.55" angle="0.00" type="DEFAULT_VEHTYPE" speed="12.84" pos="46.70" lane="3/3to3/2_0" slope="0.00"/>
        <vehicle id="37" x="598.35" y="428.79" angle="0.00" type="DEFAULT_VEHTYPE" speed="13.80" pos="166.46" lane="3/3to3/2_0" slope="0.00"/>
        <vehicle id="38" x="201.65" y="444.49" angle="180.00" type="DEFAULT_VEHTYPE" speed="13.53" pos="39.74" lane="1/2to1/3_0" slope="0.00"/>
        <vehicle id="4" x="407.27" y="401.65" angle="-90.00" type="DEFAULT_VEHTYPE" speed="0.07" pos="187.98" lane="3/2to2/2_0" slope="0.00"/>
        <vehicle id="41" x="401.65" y="621.57" angle="180.00" type="DEFAULT_VEHTYPE" speed="10.64" pos="16.82" lane="2/3to2/4_0" slope="0.00"/>
        <vehicle id="42" x="502.42" y="401.65" angle="-90.00" type="DEFAULT_VEHTYPE" speed="12.69" pos="92.83" lane="3/2to2/2_0" slope="0.00"/>
        <vehicle id="43" x="155.94" y="398.35" angle="90.00" type="DEFAULT_VEHTYPE" speed="13.54" pos="155.94" lane="0/2to1/2_0" slope="0.00"/>
        <vehicle id="44" x="786.65" y="601.65" angle="-90.00" type="DEFAULT_VEHTYPE" speed="13.14" pos="13.35" lane="4/3to3/3_0" slope="0.00"/>
        <vehicle id="46" x="398.35" y="457.41" angle="0.00" type="DEFAULT_VEHTYPE" speed="13.46" pos="137.84" lane="2/3to2/2_0" slope="0.00"/>
        <vehicle id="47" x="335.67" y="598.35" angle="90.00" type="DEFAULT_VEHTYPE" speed="13.33" pos="130.92" lane="1/3to2/3_0" slope="0.00"/>
        <vehicle id="49" x="401.65" y="663.28" angle="180.00" type="DEFAULT_VEHTYPE" speed="13.39" pos="58.53" lane="2/3to2/4_0" slope="0.00"/>
        <vehicle id="6" x="396.49" y="598.53" angle="92.04" type="DEFAULT_VEHTYPE" speed="6.91" pos="1.26" lane=":2/3_14_0" slope="0.00"/>
    </timestep>
    <timestep time="670.00">
        <vehicle id="1" x="201.65" y="561.95" angle="180.00" type="DEFAULT_VEHTYPE" speed="13.40" pos="157.20" lane="1/2to1/3_0" slope="0.00"/>
        <vehicle id="11" x="398.35" y="357.74" angle="0.00" type="DEFAULT_VEHTYPE" speed="13.65" pos="37.51" lane="2/2to2/1_0" slope="0.00"/>
        <vehicle id="13" x="401.65" y="14.76" angle="180.00" type="DEFAULT_VEHTYPE" speed="12.75" pos="14.76" lane="2/0to2/1_0" slope="0.00"/>
        <vehicle id="17" x="198.32" y="401.65" angle="-90.00" type="DEFAULT_VEHTYPE" speed="6.90" pos="6.43" lane=":1/2_5_0" slope="0.00"/>
        <vehicle id="2" x="411.40" y="198.35" angle="90.00" type="DEFAULT_VEHTYPE" speed="9.06" pos="6.65" lane="2/1to3/1_0" slope="0.00"/>
        <vehicle id="21" x="401.65" y="708.35" angle="180.00" type="DEFAULT_VEHTYPE" speed="13.42" pos="103.60" lane="2/3to2/4_0" slope="0.00"/>
        <vehicle id="23" x="226.27" y="598.35" angle="90.00" type="DEFAULT_VEHTYPE" speed="13.62" pos="21.52" lane="1/3to2/3_0" slope="0.00"/>
        <vehicle id="25" x="431.57" y="401.65" angle="-90.00" type="DEFAULT_VEHTYPE" speed="10.88" pos="163.68" lane="3/2to2/2_0" slope="0.00"/>
        <vehicle id="27" x="393.30" y="401.65" angle="-74.79" type="DEFAULT_VEHTYPE" speed="12.90" pos="1.95" lane="2/2to1/2_0" slope="0.00"/>
        <vehicle id="29" x="198.35" y="180.87" angle="0.00" type="DEFAULT_VEHTYPE" speed="10.35" pos="14.38" lane="1/1to1/0_0" slope="0.00"/>
        <vehicle id="3" x="59.63" y="398.35" angle="90.00" type="DEFAULT_VEHTYPE" speed="12.61" pos="59.63" lane="0/2to1/2_0" slope="0.00"/>
        <vehicle id="32" x="598.35" y="535.53" angle="0.00" type="DEFAULT_VEHTYPE" speed="13.03" pos="59.72" lane="3/3to3/2_0" slope="0.00"/>
        <vehicle id="37" x="598.35" y="415.46" angle="0.00" type="DEFAULT_VEHTYPE" speed="13.33" pos="179.79" lane="3/3to3/2_0" slope="0.00"/>
        <vehicle id="38" x="201.65" y="457.86" angle="180.00" type="DEFAULT_VEHTYPE" speed="13.36" pos="53.11" lane="1/2to1/3_0" slope="0.00"/>
        <vehicle id="4" x="407.25" y="401.65" angle="-90.00" type="DEFAULT_VEHTYPE" speed="0.02" pos="188.00" lane="3/2to2/2_0" slope="0.00"/>
        <vehicle id="41" x="401.65" y="633.77" angle="180.00" type="DEFAULT_VEHTYPE" speed="12.20" pos="29.02" lane="2/3to2/4_0" slope="0.00"/>
        <vehicle id="42" x="489.62" y="401.65" angle="-90.00" type="DEFAULT_VEHTYPE" speed="12.80" pos="105.63" lane="3/2to2/2_0" slope="0.00"/>
        <vehicle id="43" x="169.81" y="398.35" angle="90.00" type="DEFAULT_VEHTYPE" speed="13.87" pos="169.81" lane="0/2to1/2_0" slope="0.00"/>
        <vehicle id="44" x="772.95" y="601.65" angle="-90.00" type="DEFAULT_VEHTYPE" speed="13.70" pos="27.05" lane="4/3to3/3_0" slope="0.00"/>
        <vehicle id="46" x="398.35" y="443.87" angle="0.00" type="DEFAULT_VEHTYPE" speed="13.54" pos="151.38" lane="2/3to2/2_0" slope="0.00"/>
        <vehicle id="47" x="349.27" y="598.35" angle="90.00" type="DEFAULT_VEHTYPE" speed="13.60" pos="144.52" lane="1/3to2/3_0" slope="0.00"/>
        <vehicle id="49" x="401.65" y="676.36" angle="180.00" type="DEFAULT_VEHTYPE" speed="13.08" pos="71.61" lane="2/3to2/4_0" slope="0.00"/>
        <vehicle id="6" x="401.55" y="604.02" angle="155.50" type="DEFAULT_VEHTYPE" speed="8.33" pos="9.58" lane=":2/3_14_0" slope="0.00"/>
    </timestep>
    <timestep time="671.00">
        <vehicle id="1" x="201.65" y="575.67" angle="180.00" type="DEFAULT_VEHTYPE" speed="13.72" pos="170.92" lane="1/2to1/3_0" slope="0.00"/>
        <vehicle id="11" x="398.35" y="344.22" angle="0.00" type="DEFAULT_VEHTYPE" speed="13.52" pos="51.03" lane="2/2to2/1_0" slope="0.00"/>
        <vehicle id="13" x="401.65" y="27.72" angle="180.00" type="DEFAULT_VEHTYPE" speed="12.96" pos="27.72" lane="2/0to2/1_0" slope="0.00"/>
        <vehicle id="17" x="190.00" y="401.65" angle="-90.00" type="DEFAULT_VEHTYPE" speed="8.32" pos="5.25" lane="1/2to0/2_0" slope="0.00"/>
        <vehicle id="2" x="421.81" y="198.35" angle="90.00" type="DEFAULT_VEHTYPE" speed="10.41" pos="17.06" lane="2/1to3/1_0" slope="0.00"/>
        <vehicle id="21" x="401.65" y="721.63" angle="180.00" type="DEFAULT_VEHTYPE" speed="13.27" pos="116.88" lane="2/3to2/4_0" slope="0.00"/>
        <vehicle id="23" x="239.21" y="598.35" angle="90.00" type="DEFAULT_VEHTYPE" speed="12.93" pos="34.46" lane="1/3to2/3_0" slope="0.00"/>
        <vehicle id="25" x="422.98" y="401.65" angle="-90.00" type="DEFAULT_VEHTYPE" speed="8.59" pos="172.27" lane="3/2to2/2_0" slope="0.00"/>
        <vehicle id="27" x="379.80" y="401.65" angle="-90.00" type="DEFAULT_VEHTYPE" speed="13.50" pos="15.45" lane="2/2to1/2_0" slope="0.00"/>
        <vehicle id="29" x="198.35" y="168.12" angle="0.00" type="DEFAULT_VEHTYPE" speed="12.76" pos="27.13" lane="1/1to1/0_0" slope="0.00"/>
        <vehicle id="3" x="73.42" y="398.35" angle="90.00" type="DEFAULT_VEHTYPE" speed="13.79" pos="73.42" lane="0/2to1/2_0" slope="0.00"/>
        <vehicle id="32" x="598.35" y="522.45" angle="0.00" type="DEFAULT_VEHTYPE" speed="13.08" pos="72.80" lane="3/3to3/2_0" slope="0.00"/>
        <vehicle id="37" x="597.10" y="402.14" angle="-15.25" type="DEFAULT_VEHTYPE" speed="13.76" pos="3.05" lane=":3/2_0_0" slope="0.00"/>
        <vehicle id="38" x="201.65" y="470.73" angle="180.00" type="DEFAULT_VEHTYPE" speed="12.88" pos="65.98" lane="1/2to1/3_0" slope="0.00"/>
        <vehicle id="4" x="407.25" y="401.65" angle="-90.00" type="DEFAULT_VEHTYPE" speed="0.00" pos="188.00" lane="3/2to2/2_0" slope="0.00"/>
        <vehicle id="41" x="401.65" y="647.44" angle="180.00" type="DEFAULT_VEHTYPE" speed="13.68" pos="42.69" lane="2/3to2/4_0" slope="0.00"/>
        <vehicle id="42" x="476.29" y="401.65" angle="-90.00" type="DEFAULT_VEHTYPE" speed="13.33" pos="118.96" lane="3/2to2/2_0" slope="0.00"/>
        <vehicle id="43" x="179.66" y="398.35" angle="90.00" type="DEFAULT_VEHTYPE" speed="9.85" pos="179.66" lane="0/2to1/2_0" slope="0.00"/>
        <vehicle id="44" x="759.42" y="601.65" angle="-90.00" type="DEFAULT_VEHTYPE" speed="13.53" pos="40.58" lane="4/3to3/3_0" slope="0.00"/>
        <vehicle id="46" x="398.35" y="430.27" angle="0.00" type="DEFAULT_VEHTYPE" speed="13.60" pos="164.98" lane="2/3to2/2_0" slope="0.00"/>
        <vehicle id="47" x="362.73" y="598.35" angle="90.00" type="DEFAULT_VEHTYPE" speed="13.46" pos="157.98" lane="1/3to2/3_0" slope="0.00"/>
        <vehicle id="49" x="401.65" y="690.04" angle="180.00" type="DEFAULT_VEHTYPE" speed="13.68" pos="85.29" lane="2/3to2/4_0" slope="0.00"/>
        <vehicle id="6" x="401.65" y="614.14" angle="180.00" type="DEFAULT_VEHTYPE" speed="10.12" pos="9.39" lane="2/3to2/4_0" slope="0.00"/>
    </timestep>
    <timestep time="672.00">
        <vehicle id="1" x="201.65" y="588.58" angle="180.00" type="DEFAULT_VEHTYPE" speed="12.91" pos="183.83" lane="1/2to1/3_0" slope="0.00"/>
        <vehicle id="11" x="398.35" y="331.14" angle="0.00" type="DEFAULT_VEHTYPE" speed="13.08" pos="64.11" lane="2/2to2/1_0" slope="0.00"/>
        <vehicle id="13" x="401.65" y="40.48" angle="180.00" type="DEFAULT_VEHTYPE" speed="12.76" pos="40.48" lane="2/0to2/1_0" slope="0.00"/>
        <vehicle id="17" x="179.49" y="401.65" angle="-90.00" type="DEFAULT_VEHTYPE" speed="10.51" pos="15.76" lane="1/2to0/2_0" slope="0.00"/>
        <vehicle id="2" x="434.50" y="198.35" angle="90.00" type="DEFAULT_VEHTYPE" speed="12.69" pos="29.75" lane="2/1to3/1_0" slope="0.00"/>
        <vehicle id="21" x="401.65" y="735.06" angle="180.00" type="DEFAULT_VEHTYPE" speed="13.44" pos="130.31" lane="2/3to2/4_0" slope="0.00"/>
        <vehicle id="23" x="252.02" y="598.35" angle="90.00" type="DEFAULT_VEHTYPE" speed="12.82" pos="47.27" lane="1/3to2/3_0" slope="0.00"/>
        <vehicle id="25" x="418.81" y="401.65" angle="-90.00" type="DEFAULT_VEHTYPE" speed="4.17" pos="176.44" lane="3/2to2/2_0" slope="0.00"/>
        <vehicle id="27" x="367.07" y="401.65" angle="-90.00" type="DEFAULT_VEHTYPE" speed="12.73" pos="28.18" lane="2/2to1/2_0" slope="0.00"/>
        <vehicle id="29" x="198.35" y="154.62" angle="0.00" type="DEFAULT_VEHTYPE" speed="13.49" pos="40.63" lane="1/1to1/0_0" slope="0.00"/>
        <vehicle id="3" x="86.86" y="398.35" angle="90.00" type="DEFAULT_VEHTYPE" speed="13.44" pos="86.86" lane="0/2to1/2_0" slope="0.00"/>
        <vehicle id="32" x="598.35" y="509.15" angle="0.00" type="DEFAULT_VEHTYPE" speed="13.30" pos="86.10" lane="3/3to3/2_0" slope="0.00"/>
        <vehicle id="37" x="583.89" y="401.65" angle="-90.00" type="DEFAULT_VEHTYPE" speed="13.30" pos="11.36" lane="3/2to2/2_0" slope="0.00"/>
        <vehicle id="38" x="201.65" y="484.54" angle="180.00" type="DEFAULT_VEHTYPE" speed="13.81" pos="79.79" lane="1/2to1/3_0" slope="0.00"/>
        <vehicle id="4" x="407.25" y="401.65" angle="-90.00" type="DEFAULT_VEHTYPE" speed="0.00" pos="188.00" lane="3/2to2/2_0" slope="0.00"/>
        <vehicle id="41" x="401.65" y="660.93" angle="180.00" type="DEFAULT_VEHTYPE" speed="13.49" pos="56.18" lane="2/3to2/4_0" slope="0.00"/>
        <vehicle id="42" x="463.21" y="401.65" angle="-90.00" type="DEFAULT_VEHTYPE" speed="13.08" pos="132.04" lane="3/2to2/2_0" slope="0.00"/>
        <vehicle id="43" x="185.80" y="398.35" angle="90.00" type="DEFAULT_VEHTYPE" speed="6.14" pos="185.80" lane="0/2to1/2_0" slope="0.00"/>
        <vehicle id="44" x="745.55" y="601.65" angle="-90.00" type="DEFAULT_VEHTYPE" speed="13.87" pos="54.45" lane="4/3to3/3_0" slope="0.00"/>
        <vehicle id="46" x="398.35" y="417.21" angle="0.00" type="DEFAULT_VEHTYPE" speed="13.06" pos="178.04" lane="2/3to2/2_0" slope="0.00"/>
        <vehicle id="47" x="375.14" y="598.35" angle="90.00" type="DEFAULT_VEHTYPE" speed="12.41" pos="170.39" lane="1/3to2/3_0" slope="0.00"/>
        <vehicle id="49" x="401.65" y="702.84" angle="180.00" type="DEFAULT_VEHTYPE" speed="12.80" pos="98.09" lane="2/3to2/4_0" slope="0.00"/>
        <vehicle id="6" x="401.65" y="625.92" angle="180.00" type="DEFAULT_VEHTYPE" speed="11.78" pos="21.17" lane="2/3to2/4_0" slope="0.00"/>
    </timestep>
    <timestep time="673.00">
        <vehicle id="1" x="206.51" y="598.35" angle="107.55" type="DEFAULT_VEHTYPE" speed="13.43" pos="1.76" lane="1/3to2/3_0" slope="0.00"/>
        <vehicle id="11" x="398.35" y="317.47" angle="0.00" type="DEFAULT_VEHTYPE" speed="13.67" pos="77.78" lane="2/2to2/1_0" slope="0.00"/>
        <vehicle id="13" x="401.65" y="54.25" angle="180.00" type="DEFAULT_VEHTYPE" speed="13.76" pos="54.25" lane="2/0to2/1_0" slope="0.00"/>
        <vehicle id="17" x="166.75" y="401.65" angle="-90.00" type="DEFAULT_VEHTYPE" speed="12.74" pos="28.50" lane="1/2to0/2_0" slope="0.00"/>
        <vehicle id="2" x="448.02" y="198.35" angle="90.00" type="DEFAULT_VEHTYPE" speed="13.52" pos="43.27" lane="2/1to3/1_0" slope="0.00"/>
        <vehicle id="21" x="401.65" y="747.89" angle="180.00" type="DEFAULT_VEHTYPE" speed="12.82" pos="143.14" lane="2/3to2/4_0" slope="0.00"/>
        <vehicle id="23" x="265.33" y="598.35" angle="90.00" type="DEFAULT_VEHTYPE" speed="13.31" pos="60.58" lane="1/3to2/3_0" slope="0.00"/>
        <vehicle id="25" x="416.59" y="401.65" angle="-90.00" type="DEFAULT_VEHTYPE" speed="2.22" pos="178.66" lane="3/2to2/2_0" slope="0.00"/>
        <vehicle id="27" x="354.24" y="401.65" angle="-90.00" type="DEFAULT_VEHTYPE" speed="12.83" pos="41.01" lane="2/2to1/2_0" slope="0.00"/>
        <vehicle id="29" x="198.35" y="140.90" angle="0.00" type="DEFAULT_VEHTYPE" speed="13.72" pos="54.35" lane="1/1to1/0_0" slope="0.00"/>
        <vehicle id="3" x="100.30" y="398.35" angle="90.00" type="DEFAULT_VEHTYPE" speed="13.43" pos="100.30" lane="0/2to1/2_0" slope="0.00"/>
        <vehicle id="32" x="598.35" y="495.38" angle="0.00" type="DEFAULT_VEHTYPE" speed="13.77" pos="99.87" lane="3/3to3/2_0" slope="0.00"/>
        <vehicle id="37" x="570.80" y="401.65" angle="-90.00" type="DEFAULT_VEHTYPE" speed="13.09" pos="24.45" lane="3/2to2/2_0" slope="0.00"/>
        <vehicle id="38" x="201.65" y="497.53" angle="180.00" type="DEFAULT_VEHTYPE" speed="12.98" pos="92.78" lane="1/2to1/3_0" slope="0.00"/>
        <vehicle id="4" x="407.25" y="401.65" angle="-90.00" type="DEFAULT_VEHTYPE" speed="0.00" pos="188.00" lane="3/2to2/2_0" slope="0.00"/>
        <vehicle id="41" x="401.65" y="673.80" angle="180.00" type="DEFAULT_VEHTYPE" speed="12.87" pos="69.05" lane="2/3to2/4_0" slope="0.00"/>
        <vehicle id="42" x="449.59" y="401.65" angle="-90.00" type="DEFAULT_VEHTYPE" speed="13.62" pos="145.66" lane="3/2to2/2_0" slope="0.00"/>
        <vehicle id="43" x="189.35" y="398.35" angle="90.00" type="DEFAULT_VEHTYPE" speed="3.55" pos="189.35" lane="0/2to1/2_0" slope="0.00"/>
        <vehicle id="44" x="732.44" y="601.65" angle="-90.00" type="DEFAULT_VEHTYPE" speed="13.12" pos="67.56" lane="4/3to3/3_0" slope="0.00"/>
        <vehicle id="46" x="398.35" y="403.48" angle="0.00" type="DEFAULT_VEHTYPE" speed="13.73" pos="1.27" lane=":2/2_1_0" slope="0.00"/>
        <vehicle id="47" x="383.06" y="598.35" angle="90.00" type="DEFAULT_VEHTYPE" speed="7.91" pos="178.31" lane="1/3to2/3_0" slope="0.00"/>
        <vehicle id="49" x="401.65" y="715.71" angle="180.00" type="DEFAULT_VEHTYPE" speed="12.87" pos="110.96" lane="2/3to2/4_0" slope="0.00"/>
        <vehicle id="6" x="401.65" y="638.54" angle="180.00" type="DEFAULT_VEHTYPE" speed="12.62" pos="33.79" lane="2/3to2/4_0" slope="0.00"/>
    </timestep>
    <timestep time="674.00">
        <vehicle id="1" x="219.63" y="598.35" angle="90.00" type="DEFAULT_VEHTYPE" speed="13.12" pos="14.88" lane="1/3to2/3_0" slope="0.00"/>
        <vehicle id="11" x="398.35" y="304.35" angle="0.00" type="DEFAULT_VEHTYPE" speed="13.12" pos="90.90" lane="2/2to2/1_0" slope="0.00"/>
        <vehicle id="13" x="401.65" y="67.01" angle="180.00" type="DEFAULT_VEHTYPE" speed="12.76" pos="67.01" lane="2/0to2/1_0" slope="0.00"/>
        <vehicle id="17" x="153.15" y="401.65" angle="-90.00" type="DEFAULT_VEHTYPE" speed="13.61" pos="42.10" lane="1/2to0/2_0" slope="0.00"/>
        <vehicle id="2" x="460.90" y="198.35" angle="90.00" type="DEFAULT_VEHTYPE" speed="12.88" pos="56.15" lane="2/1to3/1_0" slope="0.00"/>
        <vehicle id="21" x="401.65" y="760.65" angle="180.00" type="DEFAULT_VEHTYPE" speed="12.76" pos="155.90" lane="2/3to2/4_0" slope="0.00"/>
        <vehicle id="23" x="279.11" y="598.35" angle="90.00" type="DEFAULT_VEHTYPE" speed="13.78" pos="74.36" lane="1/3to2/3_0" slope="0.00"/>
        <vehicle id="25" x="415.23" y="401.65" angle="-90.00" type="DEFAULT_VEHTYPE" speed="1.36" pos="180.02" lane="3/2to2/2_0" slope="0.00"/>
        <vehicle id="27" x="340.80" y="401.65" angle="-90.00" type="DEFAULT_VEHTYPE" speed="13.44" pos="54.45" lane="2/2to1/2_0" slope="0.00"/>
        <vehicle id="29" x="198.35" y="128.12" angle="0.00" type="DEFAULT_VEHTYPE" speed="12.77" pos="67.13" lane="1/1to1/0_0" slope="0.00"/>
        <vehicle id="3" x="113.15" y="398.35" angle="90.00" type="DEFAULT_VEHTYPE" speed="12.85" pos="113.15" lane="0/2to1/2_0" slope="0.00"/>
        <vehicle id="32" x="598.35" y="482.75" angle="0.00" type="DEFAULT_VEHTYPE" speed="12.62" pos="112.50" lane="3/3to3/2_0" slope="0.00"/>
        <vehicle id="37" x="557.69" y="401.65" angle="-90.00" type="DEFAULT_VEHTYPE" speed="13.11" pos="37.56" lane="3/2to2/2_0" slope="0.00"/>
        <vehicle id="38" x="201.65" y="510.38" angle="180.00" type="DEFAULT_VEHTYPE" speed="12.85" pos="105.63" lane="1/2to1/3_0" slope="0.00"/>
        <vehicle id="4" x="407.25" y="401.65" angle="-90.00" type="DEFAULT_VEHTYPE" speed="0.00" pos="188.00" lane="3/2to2/2_0" slope="0.00"/>
        <vehicle id="41" x="401.65" y="686.79" angle="180.00" type="DEFAULT_VEHTYPE" speed="12.99" pos="82.04" lane="2/3to2/4_0" slope="0.00"/>
        <vehicle id="42" x="438.75" y="401.65" angle="-90.00" type="DEFAULT_VEHTYPE" speed="10.83" pos="156.50" lane="3/2to2/2_0" slope="0.00"/>
        <vehicle id="43" x="194.48" y="398.35" angle="90.00" type="DEFAULT_VEHTYPE" speed="5.13" pos="194.48" lane="0/2to1/2_0" slope="0.00"/>
        <vehicle id="44" x="719.09" y="601.65" angle="-90.00" type="DEFAULT_VEHTYPE" speed="13.34" pos="80.91" lane="4/3to3/3_0" slope="0.00"/>
        <vehicle id="46" x="398.35" y="390.59" angle="0.00" type="DEFAULT_VEHTYPE" speed="12.89" pos="4.66" lane="2/2to2/1_0" slope="0.00"/>
        <vehicle id="47" x="388.37" y="598.35" angle="90.00" type="DEFAULT_VEHTYPE" speed="5.31" pos="183.62" lane="1/3to2/3_0" slope="0.00"/>
        <vehicle id="49" x="401.65" y="728.67" angle="180.00" type="DEFAULT_VEHTYPE" speed="12.97" pos="123.92" lane="2/3to2/4_0" slope="0.00"/>
        <vehicle id="6" x="401.65" y="651.79" angle="180.00" type="DEFAULT_VEHTYPE" speed="13.24" pos="47.04" lane="2/3to2/4_0" slope="0.00"/>
    </timestep>
    <timestep time="675.00">
        <vehicle id="1" x="232.98" y="598.35" angle="90.00" type="DEFAULT_VEHTYPE" speed="13.35" pos="28.23" lane="1/3to2/3_0" slope="0.00"/>
        <vehicle id="11" x="398.35" y="290.52" angle="0.00" type="DEFAULT_VEHTYPE" speed="13.83" pos="104.73" lane="2/2to2/1_0" slope="0.00"/>
        <vehicle id="13" x="401.65" y="79.88" angle="180.00" type="DEFAULT_VEHTYPE" speed="12.87" pos="79.88" lane="2/0to2/1_0" slope="0.00"/>
        <vehicle id="17" x="140.05" y="401.65" angle="-90.00" type="DEFAULT_VEHTYPE" speed="13.09" pos="55.20" lane="1/2to0/2_0" slope="0.00"/>
        <vehicle id="2" x="473.97" y="198.35" angle="90.00" type="DEFAULT_VEHTYPE" speed="13.07" pos="69.22" lane="2/1to3/1_0" slope="0.00"/>
        <vehicle id="21" x="401.65" y="773.86" angle="180.00" type="DEFAULT_VEHTYPE" speed="13.21" pos="169.11" lane="2/3to2/4_0" slope="0.00"/>
        <vehicle id="23" x="291.86" y="598.35" angle="90.00" type="DEFAULT_VEHTYPE" speed="12.75" pos="87.11" lane="1/3to2/3_0" slope="0.00"/>
        <vehicle id="25" x="414.95" y="401.65" angle="-90.00" type="DEFAULT_VEHTYPE" speed="0.28" pos="180.30" lane="3/2to2/2_0" slope="0.00"/>
        <vehicle id="27" x="328.03" y="401.65" angle="-90.00" type="DEFAULT_VEHTYPE" speed="12.76" pos="67.22" lane="2/2to1/2_0" slope="0.00"/>
        <vehicle id="29" x="198.35" y="114.87" angle="0.00" type="DEFAULT_VEHTYPE" speed="13.26" pos="80.38" lane="1/1to1/0_0" slope="0.00"/>
        <vehicle id="3" x="127.03" y="398.35" angle="90.00" type="DEFAULT_VEHTYPE" speed="13.89" pos="127.03" lane="0/2to1/2_0" slope="0.00"/>
        <vehicle id="32" x="598.35" y="469.15" angle="0.00" type="DEFAULT_VEHTYPE" speed="13.60" pos="126.10" lane="3/3to3/2_0" slope="0.00"/>
        <vehicle id="37" x="543.82" y="401.65" angle="-90.00" type="DEFAULT_VEHTYPE" speed="13.86" pos="51.43" lane="3/2to2/2_0" slope="0.00"/>
        <vehicle id="38" x="201.65" y="523.49" angle="180.00" type="DEFAULT_VEHTYPE" speed="13.11" pos="118.74" lane="1/2to1/3_0" slope="0.00"/>
        <vehicle id="4" x="405.01" y="401.65" angle="-90.00" type="DEFAULT_VEHTYPE" speed="2.24" pos="190.24" lane="3/2to2/2_0" slope="0.00"/>
        <vehicle id="41" x="401.65" y="699.77" angle="180.00" type="DEFAULT_VEHTYPE" speed="12.98" pos="95.02" lane="2/3to2/4_0" slope="0.00"/>
        <vehicle id="42" x="431.38" y="401.65" angle="-90.00" type="DEFAULT_VEHTYPE" speed="7.37" pos="163.87" lane="3/2to2/2_0" slope="0.00"/>
        <vehicle id="43" x="200.85" y="401.28" angle="124.56" type="DEFAULT_VEHTYPE" speed="7.48" pos="6.71" lane=":1/2_14_0" slope="0.00"/>
        <vehicle id="44" x="706.33" y="601.65" angle="-90.00" type="DEFAULT_VEHTYPE" speed="12.77" pos="93.67" lane="4/3to3/3_0" slope="0.00"/>
        <vehicle id="46" x="398.35" y="376.99" angle="0.00" type="DEFAULT_VEHTYPE" speed="13.59" pos="18.26" lane="2/2to2/1_0" slope="0.00"/>
        <vehicle id="47" x="395.92" y="598.45" angle="91.09" type="DEFAULT_VEHTYPE" speed="7.55" pos="0.67" lane=":2/3_14_0" slope="0.00"/>
        <vehicle id="49" x="401.65" y="742.19" angle="180.00" type="DEFAULT_VEHTYPE" speed="13.52" pos="137.44" lane="2/3to2/4_0" slope="0.00"/>
        <vehicle id="6" x="401.65" y="664.68" angle="180.00" type="DEFAULT_VEHTYPE" speed="12.89" pos="59.93" lane="2/3to2/4_0" slope="0.00"/>
    </timestep>
    <timestep time="676.00">
        <vehicle id="1" x="246.79" y="598.35" angle="90.00" type="DEFAULT_VEHTYPE" speed="13.82" pos="42.04" lane="1/3to2/3_0" slope="0.00"/>
        <vehicle id="11" x="398.35" y="277.76" angle="0.00" type="DEFAULT_VEHTYPE" speed="12.76" pos="117.49" lane="2/2to2/1_0" slope="0.00"/>
        <vehicle id="13" x="401.65" y="93.00" angle="180.00" type="DEFAULT_VEHTYPE" speed="13.12" pos="93.00" lane="2/0to2/1_0" slope="0.00"/>
        <vehicle id="17" x="127.09" y="401.65" angle="-90.00" type="DEFAULT_VEHTYPE" speed="12.96" pos="68.16" lane="1/2to0/2_0" slope="0.00"/>
        <vehicle id="2" x="487.21" y="198.35" angle="90.00" type="DEFAULT_VEHTYPE" speed="13.24" pos="82.46" lane="2/1to3/1_0" slope="0.00"/>
        <vehicle id="21" x="401.65" y="786.89" angle="180.00" type="DEFAULT_VEHTYPE" speed="13.04" pos="182.14" lane="2/3to2/4_0" slope="0.00"/>
        <vehicle id="23" x="304.77" y="598.35" angle="90.00" type="DEFAULT_VEHTYPE" speed="12.91" pos="100.02" lane="1/3to2/3_0" slope="0.00"/>
        <vehicle id="25" x="413.07" y="401.65" angle="-90.00" type="DEFAULT_VEHTYPE" speed="1.87" pos="182.18" lane="3/2to2/2_0" slope="0.00"/>
        <vehicle id="27" x="314.33" y="401.65" angle="-90.00" type="DEFAULT_VEHTYPE" speed="13.70" pos="80.92" lane="2/2to1/2_0" slope="0.00"/>
        <vehicle id="29" x="198.35" y="102.24" angle="0.00" type="DEFAULT_VEHTYPE" speed="12.63" pos="93.01" lane="1/1to1/0_0" slope="0.00"/>
        <vehicle id="3" x="140.91" y="398.35" angle="90.00" type="DEFAULT_VEHTYPE" speed="13.88" pos="140.91" lane="0/2to1/2_0" slope="0.00"/>
        <vehicle id="32" x="598.35" y="455.59" angle="0.00" type="DEFAULT_VEHTYPE" speed="13.56" pos="139.66" lane="3/3to3/2_0" slope="0.00"/>
        <vehicle id="37" x="530.01" y="401.65" angle="-90.00" type="DEFAULT_VEHTYPE" speed="13.81" pos="65.24" lane="3/2to2/2_0" slope="0.00"/>
        <vehicle id="38" x="201.65" y="536.77" angle="180.00" type="DEFAULT_VEHTYPE" speed="13.29" pos="132.02" lane="1/2to1/3_0" slope="0.00"/>
        <vehicle id="4" x="400.74" y="401.65" angle="-90.00" type="DEFAULT_VEHTYPE" speed="4.27" pos="4.01" lane=":2/2_5_0" slope="0.00"/>
        <vehicle id="41" x="401.65" y="713.53" angle="180.00" type="DEFAULT_VEHTYPE" speed="13.76" pos="108.78" lane="2/3to2/4_0" slope="0.00"/>
        <vehicle id="42" x="426.97" y="401.65" angle="-90.00" type="DEFAULT_VEHTYPE" speed="4.41" pos="168.28" lane="3/2to2/2_0" slope="0.00"/>
        <vehicle id="43" x="201.65" y="410.36" angle="180.00" type="DEFAULT_VEHTYPE" speed="9.21" pos="5.61" lane="1/2to1/3_0" slope="0.00"/>
        <vehicle id="44" x="693.03" y="601.65" angle="-90.00" type="DEFAULT_VEHTYPE" speed="13.30" pos="106.97" lane="4/3to3/3_0" slope="0.00"/>
        <vehicle id="46" x="398.35" y="364.07" angle="0.00" type="DEFAULT_VEHTYPE" speed="12.92" pos="31.18" lane="2/2to2/1_0" slope="0.00"/>
        <vehicle id="47" x="401.65" y="604.98" angle="163.39" type="DEFAULT_VEHTYPE" speed="9.88" pos="0.23" lane="2/3to2/4_0" slope="0.00"/>
        <vehicle id="49" x="401.65" y="755.25" angle="180.00" type="DEFAULT_VEHTYPE" speed="13.06" pos="150.50" lane="2/3to2/4_0" slope="0.00"/>
        <vehicle id="6" x="401.65" y="678.36" angle="180.00" type="DEFAULT_VEHTYPE" speed="13.68" pos="73.61" lane="2/3to2/4_0" slope="0.00"/>
    </timestep>
    <timestep time="677.00">
        <vehicle id="1" x="260.41" y="598.35" angle="90.00" type="DEFAULT_VEHTYPE" speed="13.62" pos="55.66" lane="1/3to2/3_0" slope="0.00"/>
        <vehicle id="11" x="398.35" y="264.16" angle="0.00" type="DEFAULT_VEHTYPE" speed="13.60" pos="131.09" lane="2/2to2/1_0" slope="0.00"/>
        <vehicle id="13" x="401.65" y="106.16" angle="180.00" type="DEFAULT_VEHTYPE" speed="13.16" pos="106.16" lane="2/0to2/1_0" slope="0.00"/>
        <vehicle id="17" x="114.34" y="401.65" angle="-90.00" type="DEFAULT_VEHTYPE" speed="12.76" pos="80.91" lane="1/2to0/2_0" slope="0.00"/>
        <vehicle id="2" x="500.96" y="198.35" angle="90.00" type="DEFAULT_VEHTYPE" speed="13.75" pos="96.21" lane="2/1to3/1_0" slope="0.00"/>
        <vehicle id="21" x="401.58" y="800.11" angle="-179.19" type="DEFAULT_VEHTYPE" speed="13.23" pos="0.13" lane=":2/4_0_0" slope="0.00"/>
        <vehicle id="23" x="318.11" y="598.35" angle="90.00" type="DEFAULT_VEHTYPE" speed="13.34" pos="113.36" lane="1/3to2/3_0" slope="0.00"/>
        <vehicle id="25" x="410.16" y="401.65" angle="-90.00" type="DEFAULT_VEHTYPE" speed="2.91" pos="185.09" lane="3/2to2/2_0" slope="0.00"/>
        <vehicle id="27" x="301.46" y="401.65" angle="-90.00" type="DEFAULT_VEHTYPE" speed="12.87" pos="93.79" lane="2/2to1/2_0" slope="0.00"/>
        <vehicle id="29" x="198.35" y="88.87" angle="0.00" type="DEFAULT_VEHTYPE" speed="13.37" pos="106.38" lane="1/1to1/0_0" slope="0.00"/>
        <vehicle id="3" x="154.50" y="398.35" angle="90.00" type="DEFAULT_VEHTYPE" speed="13.59" pos="154.50" lane="0/2to1/2_0" slope="0.00"/>
        <vehicle id="32" x="598.35" y="442.69" angle="0.00" type="DEFAULT_VEHTYPE" speed="12.91" pos="152.56" lane="3/3to3/2_0" slope="0.00"/>
        <vehicle id="37" x="516.68" y="401.65" angle="-90.00" type="DEFAULT_VEHTYPE" speed="13.33" pos="78.57" lane="3/2to2/2_0" slope="0.00"/>
        <vehicle id="38" x="201.65" y="549.86" angle="180.00" type="DEFAULT_VEHTYPE" speed="13.09" pos="145.11" lane="1/2to1/3_0" slope="0.00"/>
        <vehicle id="4" x="394.63" y="401.65" angle="-90.00" type="DEFAULT_VEHTYPE" speed="6.12" pos="0.62" lane="2/2to1/2_0" slope="0.00"/>
        <vehicle id="41" x="401.65" y="726.44" angle="180.00" type="DEFAULT_VEHTYPE" speed="12.92" pos="121.69" lane="2/3to2/4_0" slope="0.00"/>
        <vehicle id="42" x="422.95" y="401.65" angle="-90.00" type="DEFAULT_VEHTYPE" speed="4.02" pos="172.30" lane="3/2to2/2_0" slope="0.00"/>
        <vehicle id="43" x="201.65" y="421.17" angle="180.00" type="DEFAULT_VEHTYPE" speed="10.81" pos="16.42" lane="1/2to1/3_0" slope="0.00"/>
        <vehicle id="44" x="679.79" y="601.65" angle="-90.00" type="DEFAULT_VEHTYPE" speed="13.24" pos="120.21" lane="4/3to3/3_0" slope="0.00"/>
        <vehicle id="46" x="398.35" y="350.53" angle="0.00" type="DEFAULT_VEHTYPE" speed="13.53" pos="44.72" lane="2/2to2/1_0" slope="0.00"/>
        <vehicle id="47" x="401.65" y="616.31" angle="180.00" type="DEFAULT_VEHTYPE" speed="11.33" pos="11.56" lane="2/3to2/4_0" slope="0.00"/>
        <vehicle id="49" x="401.65" y="768.31" angle="180.00" type="DEFAULT_VEHTYPE" speed="13.07" pos="163.56" lane="2/3to2/4_0" slope="0.00"/>
        <vehicle id="6" x="401.65" y="691.21" angle="180.00" type="DEFAULT_VEHTYPE" speed="12.85" pos="86.46" lane="2/3to2/4_0" slope="0.00"/>
    </timestep>
    <timestep time="678.00">
        <vehicle id="1" x="274.18" y="598.35" angle="90.00" type="DEFAULT_VEHTYPE" speed="13.77" pos="69.43" lane="1/3to2/3_0" slope="0.00"/>
        <vehicle id="11" x="398.35" y="250.68" angle="0.00" type="DEFAULT_VEHTYPE" speed="13.48" pos="144.57" lane="2/2to2/1_0" slope="0.00"/>
        <vehicle id="13" x="401.65" y="119.47" angle="180.00" type="DEFAULT_VEHTYPE" speed="13.31" pos="119.47" lane="2/0to2/1_0" slope="0.00"/>
        <vehicle id="17" x="101.48" y="401.65" angle="-90.00" type="DEFAULT_VEHTYPE" speed="12.86" pos="93.77" lane="1/2to0/2_0" slope="0.00"/>
        <vehicle id="2" x="513.85" y="198.35" angle="90.00" type="DEFAULT_VEHTYPE" speed="12.89" pos="109.10" lane="2/1to3/1_0" slope="0.00"/>
        <vehicle id="21" x="398.35" y="791.11" angle="0.00" type="DEFAULT_VEHTYPE" speed="13.58" pos="8.89" lane="2/4to2/3_0" slope="0.00"/>
        <vehicle id="23" x="331.27" y="598.35" angle="90.00" type="DEFAULT_VEHTYPE" speed="13.16" pos="126.52" lane="1/3to2/3_0" slope="0.00"/>
        <vehicle id="25" x="405.62" y="401.65" angle="-90.00" type="DEFAULT_VEHTYPE" speed="4.54" pos="189.63" lane="3/2to2/2_0" slope="0.00"/>
        <vehicle id="27" x="288.65" y="401.65" angle="-90.00" type="DEFAULT_VEHTYPE" speed="12.82" pos="106.60" lane="2/2to1/2_0" slope="0.00"/>
        <vehicle id="29" x="198.35" y="75.68" angle="0.00" type="DEFAULT_VEHTYPE" speed="13.19" pos="119.57" lane="1/1to1/0_0" slope="0.00"/>
        <vehicle id="3" x="167.77" y="398.35" angle="90.00" type="DEFAULT_VEHTYPE" speed="13.27" pos="167.77" lane="0/2to1/2_0" slope="0.00"/>
        <vehicle id="32" x="598.35" y="429.82" angle="0.00" type="DEFAULT_VEHTYPE" speed="12.86" pos="165.43" lane="3/3to3/2_0" slope="0.00"/>
        <vehicle id="37" x="503.91" y="401.65" angle="-90.00" type="DEFAULT_VEHTYPE" speed="12.77" pos="91.34" lane="3/2to2/2_0" slope="0.00"/>
        <vehicle id="38" x="201.65" y="563.71" angle="180.00" type="DEFAULT_VEHTYPE" speed="13.86" pos="158.96" lane="1/2to1/3_0" slope="0.00"/>
        <vehicle id="4" x="386.38" y="401.65" angle="-90.00" type="DEFAULT_VEHTYPE" speed="8.25" pos="8.87" lane="2/2to1/2_0" slope="0.00"/>
        <vehicle id="41" x="401.65" y="740.33" angle="180.00" type="DEFAULT_VEHTYPE" speed="13.89" pos="135.58" lane="2/3to2/4_0" slope="0.00"/>
        <vehicle id="42" x="419.36" y="401.65" angle="-90.00" type="DEFAULT_VEHTYPE" speed="3.60" pos="175.89" lane="3/2to2/2_0" slope="0.00"/>
        <vehicle id="43" x="201.65" y="433.46" angle="180.00" type="DEFAULT_VEHTYPE" speed="12.29" pos="28.71" lane="1/2to1/3_0" slope="0.00"/>
        <vehicle id="44" x="666.74" y="601.65" angle="-90.00" type="DEFAULT_VEHTYPE" speed="13.05" pos="133.26" lane="4/3to3/3_0" slope="0.00"/>
        <vehicle id="46" x="398.35" y="337.54" angle="0.00" type="DEFAULT_VEHTYPE" speed="12.99" pos="57.71" lane="2/2to2/1_0" slope="0.00"/>
        <vehicle id="47" x="401.65" y="629.25" angle="180.00" type="DEFAULT_VEHTYPE" speed="12.94" pos="24.50" lane="2/3to2/4_0" slope="0.00"/>
        <vehicle id="49" x="401.65" y="781.10" angle="180.00" type="DEFAULT_VEHTYPE" speed="12.79" pos="176.35" lane="2/3to2/4_0" slope="0.00"/>
        <vehicle id="6" x="401.65" y="703.98" angle="180.00" type="DEFAULT_VEHTYPE" speed="12.77" pos="99.23" lane="2/3to2/4_0" slope="0.00"/>
    </timestep>
    <timestep time="679.00">
        <vehicle id="1" x="286.88" y="598.35" angle="90.00" type="DEFAULT_VEHTYPE" speed="12.70" pos="82.13" lane="1/3to2/3_0" slope="0.00"/>
        <vehicle id="11" x="398.35" y="237.36" angle="0.00" type="DEFAULT_VEHTYPE" speed="13.33" pos="157.89" lane="2/2to2/1_0" slope="0.00"/>
        <vehicle id="13" x="401.65" y="133.37" angle="180.00" type="DEFAULT_VEHTYPE" speed="13.90" pos="133.37" lane="2/0to2/1_0" slope="0.00"/>
        <vehicle id="17" x="87.94" y="401.65" angle="-90.00" type="DEFAULT_VEHTYPE" speed="13.54" pos="107.31" lane="1/2to0/2_0" slope="0.00"/>
        <vehicle id="2" x="526.88" y="198.35" angle="90.00" type="DEFAULT_VEHTYPE" speed="13.03" pos="122.13" lane="2/1to3/1_0" slope="0.00"/>
        <vehicle id="21" x="398.35" y="777.22" angle="0.00" type="DEFAULT_VEHTYPE" speed="13.90" pos="22.78" lane="2/4to2/3_0" slope="0.00"/>
        <vehicle id="23" x="344.52" y="598.35" angle="90.00" type="DEFAULT_VEHTYPE" speed="13.24" pos="139.77" lane="1/3to2/3_0" slope="0.00"/>
        <vehicle id="25" x="399.93" y="400.02" angle="-70.92" type="DEFAULT_VEHTYPE" speed="6.07" pos="5.19" lane=":2/2_6_0" slope="0.00"/>
        <vehicle id="27" x="275.44" y="401.65" angle="-90.00" type="DEFAULT_VEHTYPE" speed="13.21" pos="119.81" lane="2/2to1/2_0" slope="0.00"/>
        <vehicle id="29" x="198.35" y="63.01" angle="0.00" type="DEFAULT_VEHTYPE" speed="12.68" pos="132.24" lane="1/1to1/0_0" slope="0.00"/>
        <vehicle id="3" x="178.88" y="398.35" angle="90.00" type="DEFAULT_VEHTYPE" speed="11.10" pos="178.88" lane="0/2to1/2_0" slope="0.00"/>
        <vehicle id="32" x="598.35" y="416.76" angle="0.00" type="DEFAULT_VEHTYPE" speed="13.06" pos="178.49" lane="3/3to3/2_0" slope="0.00"/>
        <vehicle id="37" x="490.26" y="401.65" angle="-90.00" type="DEFAULT_VEHTYPE" speed="13.64" pos="104.99" lane="3/2to2/2_0" slope="0.00"/>
        <vehicle id="38" x="201.65" y="577.21" angle="180.00" type="DEFAULT_VEHTYPE" speed="13.49" pos="172.46" lane="1/2to1/3_0" slope="0.00"/>
        <vehicle id="4" x="376.81" y="401.65" angle="-90.00" type="DEFAULT_VEHTYPE" speed="9.57" pos="18.44" lane="2/2to1/2_0" slope="0.00"/>
        <vehicle id="41" x="401.65" y="753.53" angle="180.00" type="DEFAULT_VEHTYPE" speed="13.20" pos="148.78" lane="2/3to2/4_0" slope="0.00"/>
        <vehicle id="42" x="415.09" y="401.65" angle="-90.00" type="DEFAULT_VEHTYPE" speed="4.27" pos="180.16" lane="3/2to2/2_0" slope="0.00"/>
        <vehicle id="43" x="201.65" y="447.27" angle="180.00" type="DEFAULT_VEHTYPE" speed="13.81" pos="42.52" lane="1/2to1/3_0" slope="0.00"/>
        <vehicle id="44" x="654.01" y="601.65" angle="-90.00" type="DEFAULT_VEHTYPE" speed="12.73" pos="145.99" lane="4/3to3/3_0" slope="0.00"/>
        <vehicle id="46" x="398.35" y="324.42" angle="0.00" type="DEFAULT_VEHTYPE" speed="13.12" pos="70.83" lane="2/2to2/1_0" slope="0.00"/>
        <vehicle id="47" x="401.65" y="642.82" angle="180.00" type="DEFAULT_VEHTYPE" speed="13.56" pos="38.07" lane="2/3to2/4_0" slope="0.00"/>
        <vehicle id="49" x="401.65" y="793.84" angle="180.00" type="DEFAULT_VEHTYPE" speed="12.74" pos="189.09" lane="2/3to2/4_0" slope="0.00"/>
        <vehicle id="6" x="401.65" y="717.63" angle="180.00" type="DEFAULT_VEHTYPE" speed="13.65" pos="112.88" lane="2/3to2/4_0" slope="0.00"/>
    </timestep>
    <timestep time="680.00">
        <vehicle id="1" x="300.77" y="598.35" angle="90.00" type="DEFAULT_VEHTYPE" speed="13.89" pos="96.02" lane="1/3to2/3_0" slope="0.00"/>
        <vehicle id="11" x="398.35" y="224.34" angle="0.00" type="DEFAULT_VEHTYPE" speed="13.01" pos="170.91" lane="2/2to2/1_0" slope="0.00"/>
        <vehicle id="13" x="401.65" y="146.36" angle="180.00" type="DEFAULT_VEHTYPE" speed="12.99" pos="146.36" lane="2/0to2/1_0" slope="0.00"/>
        <vehicle id="17" x="74.35" y="401.65" angle="-90.00" type="DEFAULT_VEHTYPE" speed="13.59" pos="120.90" lane="1/2to0/2_0" slope="0.00"/>
        <vehicle id="2" x="539.66" y="198.35" angle="90.00" type="DEFAULT_VEHTYPE" speed="12.78" pos="134.91" lane="2/1to3/1_0" slope="0.00"/>
        <vehicle id="21" x="398.35" y="763.48" angle="0.00" type="DEFAULT_VEHTYPE" speed="13.73" pos="36.52" lane="2/4to2/3_0" slope="0.00"/>
        <vehicle id="23" x="357.17" y="598.35" angle="90.00" type="DEFAULT_VEHTYPE" speed="12.65" pos="152.42" lane="1/3to2/3_0" slope="0.00"/>
        <vehicle id="25" x="398.35" y="391.81" angle="-2.54" type="DEFAULT_VEHTYPE" speed="8.56" pos="3.44" lane="2/2to2/1_0" slope="0.00"/>
        <vehicle id="27" x="262.52" y="401.65" angle="-90.00" type="DEFAULT_VEHTYPE" speed="12.93" pos="132.73" lane="2/2to1/2_0" slope="0.00"/>
        <vehicle id="29" x="198.35" y="49.72" angle="0.00" type="DEFAULT_VEHTYPE" speed="13.28" pos="145.53" lane="1/1to1/0_0" slope="0.00"/>
        <vehicle id="3" x="186.34" y="398.35" angle="90.00" type="DEFAULT_VEHTYPE" speed="7.46" pos="186.34" lane="0/2to1/2_0" slope="0.00"/>
        <vehicle id="32" x="597.98" y="403.09" angle="-4.26" type="DEFAULT_VEHTYPE" speed="13.73" pos="1.72" lane=":3/2_0_0" slope="0.00"/>
        <vehicle id="37" x="477.39" y="401.65" angle="-90.00" type="DEFAULT_VEHTYPE" speed="12.88" pos="117.86" lane="3/2to2/2_0" slope="0.00"/>
        <vehicle id="38" x="201.65" y="590.42" angle="180.00" type="DEFAULT_VEHTYPE" speed="13.21" pos="185.67" lane="1/2to1/3_0" slope="0.00"/>
        <vehicle id="4" x="365.47" y="401.65" angle="-90.00" type="DEFAULT_VEHTYPE" speed="11.33" pos="29.78" lane="2/2to1/2_0" slope="0.00"/>
        <vehicle id="41" x="401.65" y="766.95" angle="180.00" type="DEFAULT_VEHTYPE" speed="13.42" pos="162.20" lane="2/3to2/4_0" slope="0.00"/>
        <vehicle id="42" x="410.74" y="401.65" angle="-90.00" type="DEFAULT_VEHTYPE" speed="4.35" pos="184.51" lane="3/2to2/2_0" slope="0.00"/>
        <vehicle id="43" x="201.65" y="461.12" angle="180.00" type="DEFAULT_VEHTYPE" speed="13.85" pos="56.37" lane="1/2to1/3_0" slope="0.00"/>
        <vehicle id="44" x="640.58" y="601.65" angle="-90.00" type="DEFAULT_VEHTYPE" speed="13.43" pos="159.42" lane="4/3to3/3_0" slope="0.00"/>
        <vehicle id="46" x="398.35" y="311.04" angle="0.00" type="DEFAULT_VEHTYPE" speed="13.38" pos="84.21" lane="2/2to2/1_0" slope="0.00"/>
        <vehicle id="47" x="401.65" y="655.46" angle="180.00" type="DEFAULT_VEHTYPE" speed="12.64" pos="50.71" lane="2/3to2/4_0" slope="0.00"/>
        <vehicle id="49" x="398.35" y="797.77" angle="-27.93" type="DEFAULT_VEHTYPE" speed="13.21" pos="2.23" lane="2/4to2/3_0" slope="0.00"/>
        <vehicle id="6" x="401.65" y="730.86" angle="180.00" type="DEFAULT_VEHTYPE" speed="13.23" pos="126.11" lane="2/3to2/4_0" slope="0.00"/>
    </timestep>
    <timestep time="681.00">
        <vehicle id="1" x="313.79" y="598.35" angle="90.00" type="DEFAULT_VEHTYPE" speed="13.03" pos="109.04" lane="1/3to2/3_0" slope="0.00"/>
        <vehicle id="11" x="398.35" y="211.47" angle="0.00" type="DEFAULT_VEHTYPE" speed="12.87" pos="183.78" lane="2/2to2/1_0" slope="0.00"/>
        <vehicle id="13" x="401.65" y="159.68" angle="180.00" type="DEFAULT_VEHTYPE" speed="13.32" pos="159.68" lane="2/0to2/1_0" slope="0.00"/>
        <vehicle id="17" x="60.81" y="401.65" angle="-90.00" type="DEFAULT_VEHTYPE" speed="13.54" pos="134.44" lane="1/2to0/2_0" slope="0.00"/>
        <vehicle id="2" x="553.40" y="198.35" angle="90.00" type="DEFAULT_VEHTYPE" speed="13.74" pos="148.65" lane="2/1to3/1_0" slope="0.00"/>
        <vehicle id="21" x="398.35" y="749.78" angle="0.00" type="DEFAULT_VEHTYPE" speed="13.70" pos="50.22" lane="2/4to2/3_0" slope="0.00"/>
        <vehicle id="23" x="370.74" y="598.35" angle="90.00" type="DEFAULT_VEHTYPE" speed="13.57" pos="165.99" lane="1/3to2/3_0" slope="0.00"/>
        <vehicle id="25" x="398.35" y="381.04" angle="0.00" type="DEFAULT_VEHTYPE" speed="10.78" pos="14.21" lane="2/2to2/1_0" slope="0.00"/>
        <vehicle id="27" x="249.07" y="401.65" angle="-90.00" type="DEFAULT_VEHTYPE" speed="13.45" pos="146.18" lane="2/2to1/2_0" slope="0.00"/>
        <vehicle id="29" x="198.35" y="36.23" angle="0.00" type="DEFAULT_VEHTYPE" speed="13.49" pos="159.02" lane="1/1to1/0_0" slope="0.00"/>
        <vehicle id="3" x="190.11" y="398.35" angle="90.00" type="DEFAULT_VEHTYPE" speed="3.77" pos="190.11" lane="0/2to1/2_0" slope="0.00"/>
        <vehicle id="32" x="585.12" y="401.65" angle="-90.00" type="DEFAULT_VEHTYPE" speed="13.41" pos="10.13" lane="3/2to2/2_0" slope="0.00"/>
        <vehicle id="37" x="464.07" y="401.65" angle="-90.00" type="DEFAULT_VEHTYPE" speed="13.32" pos="131.18" lane="3/2to2/2_0" slope="0.00"/>
        <vehicle id="38" x="208.72" y="598.35" angle="91.64" type="DEFAULT_VEHTYPE" speed="13.80" pos="3.97" lane="1/3to2/3_0" slope="0.00"/>
        <vehicle id="4" x="351.95" y="401.65" angle="-90.00" type="DEFAULT_VEHTYPE" speed="13.52" pos="43.30" lane="2/2to1/2_0" slope="0.00"/>
        <vehicle id="41" x="401.65" y="779.65" angle="180.00" type="DEFAULT_VEHTYPE" speed="12.70" pos="174.90" lane="2/3to2/4_0" slope="0.00"/>
        <vehicle id="42" x="404.10" y="401.56" angle="-88.94" type="DEFAULT_VEHTYPE" speed="6.64" pos="0.65" lane=":2/2_6_0" slope="0.00"/>
        <vehicle id="43" x="201.65" y="474.08" angle="180.00" type="DEFAULT_VEHTYPE" speed="12.96" pos="69.33" lane="1/2to1/3_0" slope="0.00"/>
        <vehicle id="44" x="627.46" y="601.65" angle="-90.00" type="DEFAULT_VEHTYPE" speed="13.12" pos="172.54" lane="4/3to3/3_0" slope="0.00"/>
        <vehicle id="46" x="398.35" y="298.19" angle="0.00" type="DEFAULT_VEHTYPE" speed="12.85" pos="97.06" lane="2/2to2/1_0" slope="0.00"/>
        <vehicle id="47" x="401.65" y="668.76" angle="180.00" type="DEFAULT_VEHTYPE" speed="13.30" pos="64.01" lane="2/3to2/4_0" slope="0.00"/>
        <vehicle id="49" x="398.35" y="784.64" angle="0.00" type="DEFAULT_VEHTYPE" speed="13.12" pos="15.36" lane="2/4to2/3_0" slope="0.00"/>
        <vehicle id="6" x="401.65" y="744.32" angle="180.00" type="DEFAULT_VEHTYPE" speed="13.45" pos="139.57" lane="2/3to2/4_0" slope="0.00"/>
    </timestep>
    <timestep time="682.00">
        <vehicle id="1" x="326.88" y="598.35" angle="90.00" type="DEFAULT_VEHTYPE" speed="13.08" pos="122.13" lane="1/3to2/3_0" slope="0.00"/>
        <vehicle id="11" x="394.17" y="201.65" angle="-63.21" type="DEFAULT_VEHTYPE" speed="12.80" pos="1.08" lane="2/1to1/1_0" slope="0.00"/>
        <vehicle id="13" x="401.65" y="172.98" angle="180.00" type="DEFAULT_VEHTYPE" speed="13.30" pos="172.98" lane="2/0to2/1_0" slope="0.00"/>
        <vehicle id="17" x="48.17" y="401.65" angle="-90.00" type="DEFAULT_VEHTYPE" speed="12.64" pos="147.08" lane="1/2to0/2_0" slope="0.00"/>
        <vehicle id="2" x="566.02" y="198.35" angle="90.00" type="DEFAULT_VEHTYPE" speed="12.62" pos="161.27" lane="2/1to3/1_0" slope="0.00"/>
        <vehicle id="21" x="398.35" y="736.60" angle="0.00" type="DEFAULT_VEHTYPE" speed="13.18" pos="63.40" lane="2/4to2/3_0" slope="0.00"/>
        <vehicle id="23" x="380.63" y="598.35" angle="90.00" type="DEFAULT_VEHTYPE" speed="9.89" pos="175.88" lane="1/3to2/3_0" slope="0.00"/>
        <vehicle id="25" x="398.35" y="368.87" angle="0.00" type="DEFAULT_VEHTYPE" speed="12.17" pos="26.38" lane="2/2to2/1_0" slope="0.00"/>
        <vehicle id="27" x="236.44" y="401.65" angle="-90.00" type="DEFAULT_VEHTYPE" speed="12.62" pos="158.81" lane="2/2to1/2_0" slope="0.00"/>
        <vehicle id="29" x="198.35" y="22.37" angle="0.00" type="DEFAULT_VEHTYPE" speed="13.86" pos="172.88" lane="1/1to1/0_0" slope="0.00"/>
        <vehicle id="3" x="195.53" y="398.39" angle="90.45" type="DEFAULT_VEHTYPE" speed="5.42" pos="0.28" lane=":1/2_14_0" slope="0.00"/>
        <vehicle id="32" x="572.16" y="401.65" angle="-90.00" type="DEFAULT_VEHTYPE" speed="12.96" pos="23.09" lane="3/2to2/2_0" slope="0.00"/>
        <vehicle id="37" x="451.09" y="401.65" angle="-90.00" type="DEFAULT_VEHTYPE" speed="12.98" pos="144.16" lane="3/2to2/2_0" slope="0.00"/>
        <vehicle id="38" x="221.82" y="598.35" angle="90.00" type="DEFAULT_VEHTYPE" speed="13.11" pos="17.07" lane="1/3to2/3_0" slope="0.00"/>
        <vehicle id="4" x="338.44" y="401.65" angle="-90.00" type="DEFAULT_VEHTYPE" speed="13.51" pos="56.81" lane="2/2to1/2_0" slope="0.00"/>
        <vehicle id="41" x="401.65" y="792.32" angle="180.00" type="DEFAULT_VEHTYPE" speed="12.68" pos="187.57" lane="2/3to2/4_0" slope="0.00"/>
        <vehicle id="42" x="398.55" y="396.65" angle="-31.47" type="DEFAULT_VEHTYPE" speed="8.25" pos="8.91" lane=":2/2_6_0" slope="0.00"/>
        <vehicle id="43" x="201.65" y="487.06" angle="180.00" type="DEFAULT_VEHTYPE" speed="12.98" pos="82.31" lane="1/2to1/3_0" slope="0.00"/>
        <vehicle id="44" x="617.76" y="601.65" angle="-90.00" type="DEFAULT_VEHTYPE" speed="9.71" pos="182.24" lane="4/3to3/3_0" slope="0.00"/>
        <vehicle id="46" x="398.35" y="284.57" angle="0.00" type="DEFAULT_VEHTYPE" speed="13.63" pos="110.68" lane="2/2to2/1_0" slope="0.00"/>
        <vehicle id="47" x="401.65" y="682.50" angle="180.00" type="DEFAULT_VEHTYPE" speed="13.74" pos="77.75" lane="2/3to2/4_0" slope="0.00"/>
        <vehicle id="49" x="398.35" y="771.73" angle="0.00" type="DEFAULT_VEHTYPE" speed="12.91" pos="28.27" lane="2/4to2/3_0" slope="0.00"/>
        <vehicle id="6" x="401.65" y="757.63" angle="180.00" type="DEFAULT_VEHTYPE" speed="13.31" pos="152.88" lane="2/3to2/4_0" slope="0.00"/>
    </timestep>
    <timestep time="683.00">
        <vehicle id="1" x="340.26" y="598.35" angle="90.00" type="DEFAULT_VEHTYPE" speed="13.38" pos="135.51" lane="1/3to2/3_0" slope="0.00"/>
        <vehicle id="11" x="381.14" y="201.65" angle="-90.00" type="DEFAULT_VEHTYPE" speed="13.03" pos="14.11" lane="2/1to1/1_0" slope="0.00"/>
        <vehicle id="13" x="401.65" y="186.52" angle="180.00" type="DEFAULT_VEHTYPE" speed="13.54" pos="186.52" lane="2/0to2/1_0" slope="0.00"/>
        <vehicle id="17" x="34.68" y="401.65" angle="-90.00" type="DEFAULT_VEHTYPE" speed="13.49" pos="160.57" lane="1/2to0/2_0" slope="0.00"/>
        <vehicle id="2" x="576.76" y="198.35" angle="90.00" type="DEFAULT_VEHTYPE" speed="10.74" pos="172.01" lane="2/1to3/1_0" slope="0.00"/>
        <vehicle id="21" x="398.35" y="723.80" angle="0.00" type="DEFAULT_VEHTYPE" speed="12.81" pos="76.20" lane="2/4to2/3_0" slope="0.00"/>
        <vehicle id="23" x="386.55" y="598.35" angle="90.00" type="DEFAULT_VEHTYPE" speed="5.92" pos="181.80" lane="1/3to2/3_0" slope="0.00"/>
        <vehicle id="25" x="398.35" y="355.13" angle="0.00" type="DEFAULT_VEHTYPE" speed="13.74" pos="40.12" lane="2/2to2/1_0" slope="0.00"/>
        <vehicle id="27" x="225.17" y="401.65" angle="-90.00" type="DEFAULT_VEHTYPE" speed="11.27" pos="170.08" lane="2/2to1/2_0" slope="0.00"/>
        <vehicle id="29" x="198.35" y="8.88" angle="0.00" type="DEFAULT_VEHTYPE" speed="13.49" pos="186.37" lane="1/1to1/0_0" slope="0.00"/>
        <vehicle id="3" x="201.28" y="402.19" angle="136.01" type="DEFAULT_VEHTYPE" speed="7.45" pos="7.73" lane=":1/2_14_0" slope="0.00"/>
        <vehicle id="32" x="559.19" y="401.65" angle="-90.00" type="DEFAULT_VEHTYPE" speed="12.97" pos="36.06" lane="3/2to2/2_0" slope="0.00"/>
        <vehicle id="37" x="438.29" y="401.65" angle="-90.00" type="DEFAULT_VEHTYPE" speed="12.80" pos="156.96" lane="3/2to2/2_0" slope="0.00"/>
        <vehicle id="38" x="235.39" y="598.35" angle="90.00" type="DEFAULT_VEHTYPE" speed="13.56" pos="30.64" lane="1/3to2/3_0" slope="0.00"/>
        <vehicle id="4" x="325.44" y="401.65" angle="-90.00" type="DEFAULT_VEHTYPE" speed="13.00" pos="69.81" lane="2/2to1/2_0" slope="0.00"/>
        <vehicle id="41" x="398.35" y="799.68" angle="-82.13" type="DEFAULT_VEHTYPE" speed="12.82" pos="0.32" lane="2/4to2/3_0" slope="0.00"/>
        <vehicle id="42" x="398.35" y="386.86" angle="0.00" type="DEFAULT_VEHTYPE" speed="9.80" pos="8.39" lane="2/2to2/1_0" slope="0.00"/>
        <vehicle id="43" x="201.65" y="499.71" angle="180.00" type="DEFAULT_VEHTYPE" speed="12.64" pos="94.96" lane="1/2to1/3_0" slope="0.00"/>
        <vehicle id="44" x="612.43" y="601.65" angle="-90.00" type="DEFAULT_VEHTYPE" speed="5.33" pos="187.57" lane="4/3to3/3_0" slope="0.00"/>
        <vehicle id="46" x="398.35" y="271.08" angle="0.00" type="DEFAULT_VEHTYPE" speed="13.49" pos="124.17" lane="2/2to2/1_0" slope="0.00"/>
        <vehicle id="47" x="401.65" y="695.49" angle="180.00" type="DEFAULT_VEHTYPE" speed="12.99" pos="90.74" lane="2/3to2/4_0" slope="0.00"/>
        <vehicle id="49" x="398.35" y="758.40" angle="0.00" type="DEFAULT_VEHTYPE" speed="13.34" pos="41.60" lane="2/4to2/3_0" slope="0.00"/>
        <vehicle id="6" x="401.65" y="770.58" angle="180.00" type="DEFAULT_VEHTYPE" speed="12.96" pos="165.83" lane="2/3to2/4_0" slope="0.00"/>
    </timestep>
    <timestep time="684.00">
        <vehicle id="1" x="353.46" y="598.35" angle="90.00" type="DEFAULT_VEHTYPE" speed="13.20" pos="148.71" lane="1/3to2/3_0" slope="0.00"/>
        <vehicle id="11" x="368.46" y="201.65" angle="-90.00" type="DEFAULT_VEHTYPE" speed="12.68" pos="26.79" lane="2/1to1/1_0" slope="0.00"/>
        <vehicle id="13" x="403.87" y="198.23" angle="150.12" type="DEFAULT_VEHTYPE" speed="12.85" pos="4.12" lane=":2/1_8_0" slope="0.00"/>
        <vehicle id="17" x="21.83" y="401.65" angle="-90.00" type="DEFAULT_VEHTYPE" speed="12.85" pos="173.42" lane="1/2to0/2_0" slope="0.00"/>
        <vehicle id="2" x="584.54" y="198.35" angle="90.00" type="DEFAULT_VEHTYPE" speed="7.78" pos="179.79" lane="2/1to3/1_0" slope="0.00"/>
        <vehicle id="21" x="398.35" y="710.57" angle="0.00" type="DEFAULT_VEHTYPE" speed="13.23" pos="89.43" lane="2/4to2/3_0" slope="0.00"/>
        <vehicle id="23" x="390.41" y="598.35" angle="90.00" type="DEFAULT_VEHTYPE" speed="3.86" pos="185.66" lane="1/3to2/3_0" slope="0.00"/>
        <vehicle id="25" x="398.35" y="341.73" angle="0.00" type="DEFAULT_VEHTYPE" speed="13.39" pos="53.52" lane="2/2to2/1_0" slope="0.00"/>
        <vehicle id="27" x="217.37" y="401.65" angle="-90.00" type="DEFAULT_VEHTYPE" speed="7.80" pos="177.88" lane="2/2to1/2_0" slope="0.00"/>
        <vehicle id="29" x="201.12" y="-0.80" angle="54.98" type="DEFAULT_VEHTYPE" speed="12.74" pos="3.86" lane=":1/0_0_0" slope="0.00"/>
        <vehicle id="3" x="201.65" y="411.90" angle="180.00" type="DEFAULT_VEHTYPE" speed="9.74" pos="7.15" lane="1/2to1/3_0" slope="0.00"/>
        <vehicle id="32" x="546.09" y="401.65" angle="-90.00" type="DEFAULT_VEHTYPE" speed="13.10" pos="49.16" lane="3/2to2/2_0" slope="0.00"/>
        <vehicle id="37" x="426.14" y="401.65" angle="-90.00" type="DEFAULT_VEHTYPE" speed="12.15" pos="169.11" lane="3/2to2/2_0" slope="0.00"/>
        <vehicle id="38" x="248.99" y="598.35" angle="90.00" type="DEFAULT_VEHTYPE" speed="13.60" pos="44.24" lane="1/3to2/3_0" slope="0.00"/>
        <vehicle id="4" x="312.53" y="401.65" angle="-90.00" type="DEFAULT_VEHTYPE" speed="12.91" pos="82.72" lane="2/2to1/2_0" slope="0.00"/>
        <vehicle id="41" x="398.35" y="786.69" angle="0.00" type="DEFAULT_VEHTYPE" speed="12.98" pos="13.31" lane="2/4to2/3_0" slope="0.00"/>
        <vehicle id="42" x="398.35" y="375.02" angle="0.00" type="DEFAULT_VEHTYPE" speed="11.84" pos="20.23" lane="2/2to2/1_0" slope="0.00"/>
        <vehicle id="43" x="201.65" y="512.77" angle="180.00" type="DEFAULT_VEHTYPE" speed="13.06" pos="108.02" lane="1/2to1/3_0" slope="0.00"/>
        <vehicle id="44" x="609.71" y="601.65" angle="-90.00" type="DEFAULT_VEHTYPE" speed="2.72" pos="190.29" lane="4/3to3/3_0" slope="0.00"/>
        <vehicle id="46" x="398.35" y="257.28" angle="0.00" type="DEFAULT_VEHTYPE" speed="13.80" pos="137.97" lane="2/2to2/1_0" slope="0.00"/>
        <vehicle id="47" x="401.65" y="708.22" angle="180.00" type="DEFAULT_VEHTYPE" speed="12.73" pos="103.47" lane="2/3to2/4_0" slope="0.00"/>
        <vehicle id="49" x="398.35" y="745.43" angle="0.00" type="DEFAULT_VEHTYPE" speed="12.97" pos="54.57" lane="2/4to2/3_0" slope="0.00"/>
        <vehicle id="6" x="401.65" y="783.58" angle="180.00" type="DEFAULT_VEHTYPE" speed="13.00" pos="178.83" lane="2/3to2/4_0" slope="0.00"/>
    </timestep>
    <timestep time="685.00">
        <vehicle id="1" x="364.69" y="598.35" angle="90.00" type="DEFAULT_VEHTYPE" speed="11.24" pos="159.94" lane="1/3to2/3_0" slope="0.00"/>
        <vehicle id="11" x="355.08" y="201.65" angle="-90.00" type="DEFAULT_VEHTYPE" speed="13.38" pos="40.17" lane="2/1to1/1_0" slope="0.00"/>
        <vehicle id="13" x="417.16" y="198.35" angle="90.00" type="DEFAULT_VEHTYPE" speed="13.29" pos="12.41" lane="2/1to3/1_0" slope="0.00"/>
        <vehicle id="17" x="8.50" y="401.65" angle="-90.00" type="DEFAULT_VEHTYPE" speed="13.32" pos="186.75" lane="1/2to0/2_0" slope="0.00"/>
        <vehicle id="2" x="589.70" y="198.35" angle="90.00" type="DEFAULT_VEHTYPE" speed="5.16" pos="184.95" lane="2/1to3/1_0" slope="0.00"/>
        <vehicle id="21" x="398.35" y="697.00" angle="0.00" type="DEFAULT_VEHTYPE" speed="13.58" pos="103.00" lane="2/4to2/3_0" slope="0.00"/>
        <vehicle id="23" x="396.00" y="598.46" angle="91.23" type="DEFAULT_VEHTYPE" speed="5.59" pos="0.76" lane=":2/3_14_0" slope="0.00"/>
        <vehicle id="25" x="398.35" y="328.57" angle="0.00" type="DEFAULT_VEHTYPE" speed="13.16" pos="66.68" lane="2/2to2/1_0" slope="0.00"/>
        <vehicle id="27" x="211.54" y="401.65" angle="-90.00" type="DEFAULT_VEHTYPE" speed="5.83" pos="183.71" lane="2/2to1/2_0" slope="0.00"/>
        <vehicle id="29" x="201.65" y="12.36" angle="180.00" type="DEFAULT_VEHTYPE" speed="13.31" pos="12.36" lane="1/0to1/1_0" slope="0.00"/>
        <vehicle id="3" x="201.65" y="423.19" angle="180.00" type="DEFAULT_VEHTYPE" speed="11.29" pos="18.44" lane="1/2to1/3_0" slope="0.00"/>
        <vehicle id="32" x="532.67" y="401.65" angle="-90.00" type="DEFAULT_VEHTYPE" speed="13.43" pos="62.58" lane="3/2to2/2_0" slope="0.00"/>
        <vehicle id="37" x="417.13" y="401.65" angle="-90.00" type="DEFAULT_VEHTYPE" speed="9.02" pos="178.12" lane="3/2to2/2_0" slope="0.00"/>
        <vehicle id="38" x="262.81" y="598.35" angle="90.00" type="DEFAULT_VEHTYPE" speed="13.82" pos="58.06" lane="1/3to2/3_0" slope="0.00"/>
        <vehicle id="4" x="298.97" y="401.65" angle="-90.00" type="DEFAULT_VEHTYPE" speed="13.56" pos="96.28" lane="2/2to1/2_0" slope="0.00"/>
        <vehicle id="41" x="398.35" y="773.68" angle="0.00" type="DEFAULT_VEHTYPE" speed="13.01" pos="26.32" lane="2/4to2/3_0" slope="0.00"/>
        <vehicle id="42" x="398.35" y="361.50" angle="0.00" type="DEFAULT_VEHTYPE" speed="13.52" pos="33.75" lane="2/2to2/1_0" slope="0.00"/>
        <vehicle id="43" x="201.65" y="525.65" angle="180.00" type="DEFAULT_VEHTYPE" speed="12.89" pos="120.90" lane="1/2to1/3_0" slope="0.00"/>
        <vehicle id="44" x="605.28" y="601.65" angle="-90.00" type="DEFAULT_VEHTYPE" speed="4.43" pos="194.72" lane="4/3to3/3_0" slope="0.00"/>
        <vehicle id="46" x="398.35" y="244.17" angle="0.00" type="DEFAULT_VEHTYPE" speed="13.12" pos="151.08" lane="2/2to2/1_0" slope="0.00"/>
        <vehicle id="47" x="401.65" y="721.35" angle="180.00" type="DEFAULT_VEHTYPE" speed="13.13" pos="116.60" lane="2/3to2/4_0" slope="0.00"/>
        <vehicle id="49" x="398.35" y="732.53" angle="0.00" type="DEFAULT_VEHTYPE" speed="12.91" pos="67.47" lane="2/4to2/3_0" slope="0.00"/>
        <vehicle id="6" x="401.65" y="796.66" angle="180.00" type="DEFAULT_VEHTYPE" speed="13.08" pos="191.91" lane="2/3to2/4_0" slope="0.00"/>
    </timestep>
    <timestep time="686.00">
        <vehicle id="1" x="375.43" y="598.35" angle="90.00" type="DEFAULT_VEHTYPE" speed="10.73" pos="170.68" lane="1/3to2/3_0" slope="0.00"/>
        <vehicle id="11" x="341.49" y="201.65" angle="-90.00" type="DEFAULT_VEHTYPE" speed="13.59" pos="53.76" lane="2/1to1/1_0" slope="0.00"/>
        <vehicle id="13" x="430.15" y="198.35" angle="90.00" type="DEFAULT_VEHTYPE" speed="12.99" pos="25.40" lane="2/1to3/1_0" slope="0.00"/>
        <vehicle id="17" x="-0.05" y="398.38" angle="-5.04" type="DEFAULT_VEHTYPE" speed="13.26" pos="4.76" lane=":0/2_0_0" slope="0.00"/>
        <vehicle id="2" x="597.35" y="198.35" angle="90.00" type="DEFAULT_VEHTYPE" speed="7.65" pos="2.10" lane=":3/1_13_0" slope="0.00"/>
        <vehicle id="21" x="398.35" y="683.26" angle="0.00" type="DEFAULT_VEHTYPE" speed="13.74" pos="116.74" lane="2/4to2/3_0" slope="0.00"/>
        <vehicle id="23" x="401.42" y="603.17" angle="146.61" type="DEFAULT_VEHTYPE" speed="7.96" pos="8.72" lane=":2/3_14_0" slope="0.00"/>
        <vehicle id="25" x="398.35" y="314.84" angle="0.00" type="DEFAULT_VEHTYPE" speed="13.73" pos="80.41" lane="2/2to2/1_0" slope="0.00"/>
        <vehicle id="27" x="203.72" y="401.65" angle="-90.00" type="DEFAULT_VEHTYPE" speed="7.82" pos="1.03" lane=":1/2_5_0" slope="0.00"/>
        <vehicle id="29" x="201.65" y="25.43" angle="180.00" type="DEFAULT_VEHTYPE" speed="13.08" pos="25.43" lane="1/0to1/1_0" slope="0.00"/>
        <vehicle id="3" x="201.65" y="436.57" angle="180.00" type="DEFAULT_VEHTYPE" speed="13.38" pos="31.82" lane="1/2to1/3_0" slope="0.00"/>
        <vehicle id="32" x="519.91" y="401.65" angle="-90.00" type="DEFAULT_VEHTYPE" speed="12.75" pos="75.34" lane="3/2to2/2_0" slope="0.00"/>
        <vehicle id="37" x="411.33" y="401.65" angle="-90.00" type="DEFAULT_VEHTYPE" speed="5.79" pos="183.92" lane="3/2to2/2_0" slope="0.00"/>
        <vehicle id="38" x="276.42" y="598.35" angle="90.00" type="DEFAULT_VEHTYPE" speed="13.61" pos="71.67" lane="1/3to2/3_0" slope="0.00"/>
        <vehicle id="4" x="286.15" y="401.65" angle="-90.00" type="DEFAULT_VEHTYPE" speed="12.82" pos="109.10" lane="2/2to1/2_0" slope="0.00"/>
        <vehicle id="41" x="398.35" y="759.87" angle="0.00" type="DEFAULT_VEHTYPE" speed="13.81" pos="40.13" lane="2/4to2/3_0" slope="0.00"/>
        <vehicle id="42" x="398.35" y="348.89" angle="0.00" type="DEFAULT_VEHTYPE" speed="12.61" pos="46.36" lane="2/2to2/1_0" slope="0.00"/>
        <vehicle id="43" x="201.65" y="538.91" angle="180.00" type="DEFAULT_VEHTYPE" speed="13.26" pos="134.16" lane="1/2to1/3_0" slope="0.00"/>
        <vehicle id="44" x="599.42" y="599.16" angle="-60.78" type="DEFAULT_VEHTYPE" speed="6.73" pos="6.20" lane=":3/3_6_0" slope="0.00"/>
        <vehicle id="46" x="398.35" y="231.24" angle="0.00" type="DEFAULT_VEHTYPE" speed="12.92" pos="164.01" lane="2/2to2/1_0" slope="0.00"/>
        <vehicle id="47" x="401.65" y="734.48" angle="180.00" type="DEFAULT_VEHTYPE" speed="13.13" pos="129.73" lane="2/3to2/4_0" slope="0.00"/>
        <vehicle id="49" x="398.35" y="719.83" angle="0.00" type="DEFAULT_VEHTYPE" speed="12.69" pos="80.17" lane="2/4to2/3_0" slope="0.00"/>
        <vehicle id="6" x="398.35" y="795.21" angle="-1.38" type="DEFAULT_VEHTYPE" speed="12.95" pos="4.79" lane="2/4to2/3_0" slope="0.00"/>
    </timestep>
    <timestep time="687.00">
        <vehicle id="1" x="383.33" y="598.35" angle="90.00" type="DEFAULT_VEHTYPE" speed="7.90" pos="178.58" lane="1/3to2/3_0" slope="0.00"/>
        <vehicle id="11" x="328.06" y="201.65" angle="-90.00" type="DEFAULT_VEHTYPE" speed="13.43" pos="67.19" lane="2/1to1/1_0" slope="0.00"/>
        <vehicle id="13" x="443.82" y="198.35" angle="90.00" type="DEFAULT_VEHTYPE" speed="13.67" pos="39.07" lane="2/1to3/1_0" slope="0.00"/>
        <vehicle id="17" x="12.93" y="398.35" angle="90.00" type="DEFAULT_VEHTYPE" speed="12.99" pos="12.93" lane="0/2to1/2_0" slope="0.00"/>
        <vehicle id="2" x="606.77" y="198.35" angle="90.00" type="DEFAULT_VEHTYPE" speed="9.42" pos="2.02" lane="3/1to4/1_0" slope="0.00"/>
        <vehicle id="21" x="398.35" y="670.29" angle="0.00" type="DEFAULT_VEHTYPE" speed="12.98" pos="129.71" lane="2/4to2/3_0" slope="0.00"/>
        <vehicle id="23" x="401.65" y="613.26" angle="180.00" type="DEFAULT_VEHTYPE" speed="10.11" pos="8.51" lane="2/3to2/4_0" slope="0.00"/>
        <vehicle id="25" x="398.35" y="301.92" angle="0.00" type="DEFAULT_VEHTYPE" speed="12.92" pos="93.33" lane="2/2to2/1_0" slope="0.00"/>
        <vehicle id="27" x="194.35" y="401.65" angle="-90.00" type="DEFAULT_VEHTYPE" speed="9.37" pos="0.90" lane="1/2to0/2_0" slope="0.00"/>
        <vehicle id="29" x="201.65" y="38.32" angle="180.00" type="DEFAULT_VEHTYPE" speed="12.89" pos="38.32" lane="1/0to1/1_0" slope="0.00"/>
        <vehicle id="3" x="201.65" y="450.22" angle="180.00" type="DEFAULT_VEHTYPE" speed="13.65" pos="45.47" lane="1/2to1/3_0" slope="0.00"/>
        <vehicle id="32" x="506.79" y="401.65" angle="-90.00" type="DEFAULT_VEHTYPE" speed="13.13" pos="88.46" lane="3/2to2/2_0" slope="0.00"/>
        <vehicle id="37" x="403.23" y="401.65" angle="-90.00" type="DEFAULT_VEHTYPE" speed="8.11" pos="1.52" lane=":2/2_5_0" slope="0.00"/>
        <vehicle id="38" x="289.61" y="598.35" angle="90.00" type="DEFAULT_VEHTYPE" speed="13.20" pos="84.86" lane="1/3to2/3_0" slope="0.00"/>
        <vehicle id="4" x="272.45" y="401.65" angle="-90.00" type="DEFAULT_VEHTYPE" speed="13.70" pos="122.80" lane="2/2to1/2_0" slope="0.00"/>
        <vehicle id="41" x="398.35" y="746.15" angle="0.00" type="DEFAULT_VEHTYPE" speed="13.72" pos="53.85" lane="2/4to2/3_0" slope="0.00"/>
        <vehicle id="42" x="398.35" y="335.77" angle="0.00" type="DEFAULT_VEHTYPE" speed="13.12" pos="59.48" lane="2/2to2/1_0" slope="0.00"/>
        <vehicle id="43" x="201.65" y="551.75" angle="180.00" type="DEFAULT_VEHTYPE" speed="12.84" pos="147.00" lane="1/2to1/3_0" slope="0.00"/>
        <vehicle id="44" x="598.35" y="590.97" angle="-1.18" type="DEFAULT_VEHTYPE" speed="8.40" pos="4.28" lane="3/3to3/2_0" slope="0.00"/>
        <vehicle id="46" x="398.35" y="217.53" angle="0.00" type="DEFAULT_VEHTYPE" speed="13.71" pos="177.72" lane="2/2to2/1_0" slope="0.00"/>
        <vehicle id="47" x="401.65" y="747.44" angle="180.00" type="DEFAULT_VEHTYPE" speed="12.95" pos="142.69" lane="2/3to2/4_0" slope="0.00"/>
        <vehicle id="49" x="398.35" y="706.65" angle="0.00" type="DEFAULT_VEHTYPE" speed="13.18" pos="93.35" lane="2/4to2/3_0" slope="0.00"/>
        <vehicle id="6" x="398.35" y="781.98" angle="0.00" type="DEFAULT_VEHTYPE" speed="13.24" pos="18.02" lane="2/4to2/3_0" slope="0.00"/>
    </timestep>
    <timestep time="688.00">
        <vehicle id="1" x="388.28" y="598.35" angle="90.00" type="DEFAULT_VEHTYPE" speed="4.95" pos="183.53" lane="1/3to2/3_0" slope="0.00"/>
        <vehicle id="11" x="315.10" y="201.65" angle="-90.00" type="DEFAULT_VEHTYPE" speed="12.97" pos="80.15" lane="2/1to1/1_0" slope="0.00"/>
        <vehicle id="13" x="456.61" y="198.35" angle="90.00" type="DEFAULT_VEHTYPE" speed="12.79" pos="51.86" lane="2/1to3/1_0" slope="0.00"/>
        <vehicle id="17" x="26.06" y="398.35" angle="90.00" type="DEFAULT_VEHTYPE" speed="13.13" pos="26.06" lane="0/2to1/2_0" slope="0.00"/>
        <vehicle id="2" x="618.49" y="198.35" angle="90.00" type="DEFAULT_VEHTYPE" speed="11.72" pos="13.74" lane="3/1to4/1_0" slope="0.00"/>
        <vehicle id="21" x="398.35" y="657.56" angle="0.00" type="DEFAULT_VEHTYPE" speed="12.72" pos="142.44" lane="2/4to2/3_0" slope="0.00"/>
        <vehicle id="23" x="401.65" y="624.69" angle="180.00" type="DEFAULT_VEHTYPE" speed="11.43" pos="19.94" lane="2/3to2/4_0" slope="0.00"/>
        <vehicle id="25" x="398.35" y="288.15" angle="0.00" type="DEFAULT_VEHTYPE" speed="13.77" pos="107.10" lane="2/2to2/1_0" slope="0.00"/>
        <vehicle id="27" x="182.85" y="401.65" angle="-90.00" type="DEFAULT_VEHTYPE" speed="11.50" pos="12.40" lane="1/2to0/2_0" slope="0.00"/>
        <vehicle id="29" x="201.65" y="51.53" angle="180.00" type="DEFAULT_VEHTYPE" speed="13.21" pos="51.53" lane="1/0to1/1_0" slope="0.00"/>
        <vehicle id="3" x="201.65" y="463.72" angle="180.00" type="DEFAULT_VEHTYPE" speed="13.49" pos="58.97" lane="1/2to1/3_0" slope="0.00"/>
        <vehicle id="32" x="493.43" y="401.65" angle="-90.00" type="DEFAULT_VEHTYPE" speed="13.36" pos="101.82" lane="3/2to2/2_0" slope="0.00"/>
        <vehicle id="37" x="393.36" y="401.65" angle="-90.00" type="DEFAULT_VEHTYPE" speed="9.86" pos="1.89" lane="2/2to1/2_0" slope="0.00"/>
        <vehicle id="38" x="303.35" y="598.35" angle="90.00" type="DEFAULT_VEHTYPE" speed="13.74" pos="98.60" lane="1/3to2/3_0" slope="0.00"/>
        <vehicle id="4" x="259.00" y="401.65" angle="-90.00" type="DEFAULT_VEHTYPE" speed="13.45" pos="136.25" lane="2/2to1/2_0" slope="0.00"/>
        <vehicle id="41" x="398.35" y="732.74" angle="0.00" type="DEFAULT_VEHTYPE" speed="13.41" pos="67.26" lane="2/4to2/3_0" slope="0.00"/>
        <vehicle id="42" x="398.35" y="322.22" angle="0.00" type="DEFAULT_VEHTYPE" speed="13.55" pos="73.03" lane="2/2to2/1_0" slope="0.00"/>
        <vehicle id="43" x="201.65" y="565.07" angle="180.00" type="DEFAULT_VEHTYPE" speed="13.31" pos="160.32" lane="1/2to1/3_0" slope="0.00"/>
        <vehicle id="44" x="598.35" y="580.48" angle="0.00" type="DEFAULT_VEHTYPE" speed="10.49" pos="14.77" lane="3/3to3/2_0" slope="0.00"/>
        <vehicle id="46" x="398.32" y="204.51" angle="-0.39" type="DEFAULT_VEHTYPE" speed="13.03" pos="0.24" lane=":2/1_0_0" slope="0.00"/>
        <vehicle id="47" x="401.65" y="760.67" angle="180.00" type="DEFAULT_VEHTYPE" speed="13.24" pos="155.92" lane="2/3to2/4_0" slope="0.00"/>
        <vehicle id="49" x="398.35" y="693.92" angle="0.00" type="DEFAULT_VEHTYPE" speed="12.73" pos="106.08" lane="2/4to2/3_0" slope="0.00"/>
        <vehicle id="6" x="398.35" y="768.10" angle="0.00" type="DEFAULT_VEHTYPE" speed="13.88" pos="31.90" lane="2/4to2/3_0" slope="0.00"/>
    </timestep>
    <timestep time="689.00">
        <vehicle id="1" x="395.28" y="598.35" angle="90.06" type="DEFAULT_VEHTYPE" speed="7.00" pos="0.03" lane=":2/3_14_0" slope="0.00"/>
        <vehicle id="11" x="302.46" y="201.65" angle="-90.00" type="DEFAULT_VEHTYPE" speed="12.63" pos="92.79" lane="2/1to1/1_0" slope="0.00"/>
        <vehicle id="13" x="469.36" y="198.35" angle="90.00" type="DEFAULT_VEHTYPE" speed="12.75" pos="64.61" lane="2/1to3/1_0" slope="0.00"/>
        <vehicle id="17" x="39.07" y="398.35" angle="90.00" type="DEFAULT_VEHTYPE" speed="13.01" pos="39.07" lane="0/2to1/2_0" slope="0.00"/>
        <vehicle id="2" x="632.27" y="198.35" angle="90.00" type="DEFAULT_VEHTYPE" speed="13.78" pos="27.52" lane="3/1to4/1_0" slope="0.00"/>
        <vehicle id="21" x="398.35" y="644.06" angle="0.00" type="DEFAULT_VEHTYPE" speed="13.51" pos="155.94" lane="2/4to2/3_0" slope="0.00"/>
        <vehicle id="23" x="401.65" y="637.45" angle="180.00" type="DEFAULT_VEHTYPE" speed="12.75" pos="32.70" lane="2/3to2/4_0" slope="0.00"/>
        <vehicle id="25" x="398.35" y="275.20" angle="0.00" type="DEFAULT_VEHTYPE" speed="12.95" pos="120.05" lane="2/2to2/1_0" slope="0.00"/>
        <vehicle id="27" x="170.08" y="401.65" angle="-90.00" type="DEFAULT_VEHTYPE" speed="12.77" pos="25.17" lane="1/2to0/2_0" slope="0.00"/>
        <vehicle id="29" x="201.65" y="64.45" angle="180.00" type="DEFAULT_VEHTYPE" speed="12.93" pos="64.45" lane="1/0to1/1_0" slope="0.00"/>
        <vehicle id="3" x="201.65" y="476.67" angle="180.00" type="DEFAULT_VEHTYPE" speed="12.95" pos="71.92" lane="1/2to1/3_0" slope="0.00"/>
        <vehicle id="32" x="480.67" y="401.65" angle="-90.00" type="DEFAULT_VEHTYPE" speed="12.76" pos="114.58" lane="3/2to2/2_0" slope="0.00"/>
        <vehicle id="37" x="381.24" y="401.65" angle="-90.00" type="DEFAULT_VEHTYPE" speed="12.12" pos="14.01" lane="2/2to1/2_0" slope="0.00"/>
        <vehicle id="38" x="316.74" y="598.35" angle="90.00" type="DEFAULT_VEHTYPE" speed="13.39" pos="111.99" lane="1/3to2/3_0" slope="0.00"/>
        <vehicle id="4" x="245.52" y="401.65" angle="-90.00" type="DEFAULT_VEHTYPE" speed="13.48" pos="149.73" lane="2/2to1/2_0" slope="0.00"/>
        <vehicle id="41" x="398.35" y="719.16" angle="0.00" type="DEFAULT_VEHTYPE" speed="13.57" pos="80.84" lane="2/4to2/3_0" slope="0.00"/>
        <vehicle id="42" x="398.35" y="309.23" angle="0.00" type="DEFAULT_VEHTYPE" speed="12.98" pos="86.02" lane="2/2to2/1_0" slope="0.00"/>
        <vehicle id="43" x="201.65" y="578.25" angle="180.00" type="DEFAULT_VEHTYPE" speed="13.18" pos="173.50" lane="1/2to1/3_0" slope="0.00"/>
        <vehicle id="44" x="598.35" y="567.71" angle="0.00" type="DEFAULT_VEHTYPE" speed="12.78" pos="27.54" lane="3/3to3/2_0" slope="0.00"/>
        <vehicle id="46" x="386.85" y="201.65" angle="-90.00" type="DEFAULT_VEHTYPE" speed="13.16" pos="8.40" lane="2/1to1/1_0" slope="0.00"/>
        <vehicle id="47" x="401.65" y="773.85" angle="180.00" type="DEFAULT_VEHTYPE" speed="13.18" pos="169.10" lane="2/3to2/4_0" slope="0.00"/>
        <vehicle id="49" x="398.35" y="680.78" angle="0.00" type="DEFAULT_VEHTYPE" speed="13.14" pos="119.22" lane="2/4to2/3_0" slope="0.00"/>
        <vehicle id="6" x="398.35" y="755.38" angle="0.00" type="DEFAULT_VEHTYPE" speed="12.72" pos="44.62" lane="2/4to2/3_0" slope="0.00"/>
    </timestep>
    <timestep time="690.00">
        <vehicle id="1" x="401.38" y="602.84" angle="143.21" type="DEFAULT_VEHTYPE" speed="8.36" pos="8.39" lane=":2/3_14_0" slope="0.00"/>
        <vehicle id="11" x="289.33" y="201.65" angle="-90.00" type="DEFAULT_VEHTYPE" speed="13.13" pos="105.92" lane="2/1to1/1_0" slope="0.00"/>
        <vehicle id="13" x="482.56" y="198.35" angle="90.00" type="DEFAULT_VEHTYPE" speed="13.20" pos="77.81" lane="2/1to3/1_0" slope="0.00"/>
        <vehicle id="17" x="51.77" y="398.35" angle="90.00" type="DEFAULT_VEHTYPE" speed="12.70" pos="51.77" lane="0/2to1/2_0" slope="0.00"/>
        <vehicle id="2" x="645.09" y="198.35" angle="90.00" type="DEFAULT_VEHTYPE" speed="12.82" pos="40.34" lane="3/1to4/1_0" slope="0.00"/>
        <vehicle id="21" x="398.35" y="630.50" angle="0.00" type="DEFAULT_VEHTYPE" speed="13.55" pos="169.50" lane="2/4to2/3_0" slope="0.00"/>
        <vehicle id="23" x="401.65" y="650.80" angle="180.00" type="DEFAULT_VEHTYPE" speed="13.36" pos="46.05" lane="2/3to2/4_0" slope="0.00"/>
        <vehicle id="25" x="398.35" y="262.36" angle="0.00" type="DEFAULT_VEHTYPE" speed="12.84" pos="132.89" lane="2/2to2/1_0" slope="0.00"/>
        <vehicle id="27" x="156.73" y="401.65" angle="-90.00" type="DEFAULT_VEHTYPE" speed="13.35" pos="38.52" lane="1/2to0/2_0" slope="0.00"/>
        <vehicle id="29" x="201.65" y="77.92" angle="180.00" type="DEFAULT_VEHTYPE" speed="13.47" pos="77.92" lane="1/0to1/1_0" slope="0.00"/>
        <vehicle id="3" x="201.65" y="490.27" angle="180.00" type="DEFAULT_VEHTYPE" speed="13.61" pos="85.52" lane="1/2to1/3_0" slope="0.00"/>
        <vehicle id="32" x="466.88" y="401.65" angle="-90.00" type="DEFAULT_VEHTYPE" speed="13.79" pos="128.37" lane="3/2to2/2_0" slope="0.00"/>
        <vehicle id="37" x="367.66" y="401.65" angle="-90.00" type="DEFAULT_VEHTYPE" speed="13.58" pos="27.59" lane="2/2to1/2_0" slope="0.00"/>
        <vehicle id="38" x="330.61" y="598.35" angle="90.00" type="DEFAULT_VEHTYPE" speed="13.87" pos="125.86" lane="1/3to2/3_0" slope="0.00"/>
        <vehicle id="4" x="232.14" y="401.65" angle="-90.00" type="DEFAULT_VEHTYPE" speed="13.37" pos="163.11" lane="2/2to1/2_0" slope="0.00"/>
        <vehicle id="41" x="398.35" y="706.03" angle="0.00" type="DEFAULT_VEHTYPE" speed="13.13" pos="93.97" lane="2/4to2/3_0" slope="0.00"/>
        <vehicle id="42" x="398.35" y="295.78" angle="0.00" type="DEFAULT_VEHTYPE" speed="13.45" pos="99.47" lane="2/2to2/1_0" slope="0.00"/>
        <vehicle id="43" x="201.65" y="590.90" angle="180.00" type="DEFAULT_VEHTYPE" speed="12.65" pos="186.15" lane="1/2to1/3_0" slope="0.00"/>
        <vehicle id="44" x="598.35" y="554.76" angle="0.00" type="DEFAULT_VEHTYPE" speed="12.95" pos="40.49" lane="3/3to3/2_0" slope="0.00"/>
        <vehicle id="46" x="373.23" y="201.65" angle="-90.00" type="DEFAULT_VEHTYPE" speed="13.62" pos="22.02" lane="2/1to1/1_0" slope="0.00"/>
        <vehicle id="47" x="401.65" y="786.99" angle="180.00" type="DEFAULT_VEHTYPE" speed="13.14" pos="182.24" lane="2/3to2/4_0" slope="0.00"/>
        <vehicle id="49" x="398.35" y="667.32" angle="0.00" type="DEFAULT_VEHTYPE" speed="13.46" pos="132.68" lane="2/4to2/3_0" slope="0.00"/>
        <vehicle id="6" x="398.35" y="741.82" angle="0.00" type="DEFAULT_VEHTYPE" speed="13.56" pos="58.18" lane="2/4to2/3_0" slope="0.00"/>
    </timestep>
    <timestep time="691.00">
        <vehicle id="1" x="401.65" y="612.91" angle="180.00" type="DEFAULT_VEHTYPE" speed="10.08" pos="8.16" lane="2/3to2/4_0" slope="0.00"/>
        <vehicle id="11" x="276.12" y="201.65" angle="-90.00" type="DEFAULT_VEHTYPE" speed="13.22" pos="119.13" lane="2/1to1/1_0" slope="0.00"/>
        <vehicle id="13" x="496.38" y="198.35" angle="90.00" type="DEFAULT_VEHTYPE" speed="13.82" pos="91.63" lane="2/1to3/1_0" slope="0.00"/>
        <vehicle id="17" x="65.02" y="398.35" angle="90.00" type="DEFAULT_VEHTYPE" speed="13.24" pos="65.02" lane="0/2to1/2_0" slope="0.00"/>
        <vehicle id="2" x="658.37" y="198.35" angle="90.00" type="DEFAULT_VEHTYPE" speed="13.27" pos="53.62" lane="3/1to4/1_0" slope="0.00"/>
        <vehicle id="21" x="398.35" y="617.42" angle="0.00" type="DEFAULT_VEHTYPE" speed="13.08" pos="182.58" lane="2/4to2/3_0" slope="0.00"/>
        <vehicle id="23" x="401.65" y="664.46" angle="180.00" type="DEFAULT_VEHTYPE" speed="13.66" pos="59.71" lane="2/3to2/4_0" slope="0.00"/>
        <vehicle id="25" x="398.35" y="249.15" angle="0.00" type="DEFAULT_VEHTYPE" speed="13.21" pos="146.10" lane="2/2to2/1_0" slope="0.00"/>
        <vehicle id="27" x="143.71" y="401.65" angle="-90.00" type="DEFAULT_VEHTYPE" speed="13.02" pos="51.54" lane="1/2to0/2_0" slope="0.00"/>
        <vehicle id="29" x="201.65" y="91.30" angle="180.00" type="DEFAULT_VEHTYPE" speed="13.38" pos="91.30" lane="1/0to1/1_0" slope="0.00"/>
        <vehicle id="3" x="201.65" y="503.91" angle="180.00" type="DEFAULT_VEHTYPE" speed="13.64" pos="99.16" lane="1/2to1/3_0" slope="0.00"/>
        <vehicle id="32" x="453.42" y="401.65" angle="-90.00" type="DEFAULT_VEHTYPE" speed="13.46" pos="141.83" lane="3/2to2/2_0" slope="0.00"/>
        <vehicle id="37" x="354.75" y="401.65" angle="-90.00" type="DEFAULT_VEHTYPE" speed="12.91" pos="40.50" lane="2/2to1/2_0" slope="0.00"/>
        <vehicle id="38" x="343.68" y="598.35" angle="90.00" type="DEFAULT_VEHTYPE" speed="13.07" pos="138.93" lane="1/3to2/3_0" slope="0.00"/>
        <vehicle id="4" x="222.12" y="401.65" angle="-90.00" type="DEFAULT_VEHTYPE" speed="10.02" pos="173.13" lane="2/2to1/2_0" slope="0.00"/>
        <vehicle id="41" x="398.35" y="692.41" angle="0.00" type="DEFAULT_VEHTYPE" speed="13.63" pos="107.59" lane="2/4to2/3_0" slope="0.00"/>
        <vehicle id="42" x="398.35" y="282.07" angle="0.00" type="DEFAULT_VEHTYPE" speed="13.71" pos="113.18" lane="2/2to2/1_0" slope="0.00"/>
        <vehicle id="43" x="209.10" y="598.35" angle="91.04" type="DEFAULT_VEHTYPE" speed="13.70" pos="4.35" lane="1/3to2/3_0" slope="0.00"/>
        <vehicle id="44" x="598.35" y="540.98" angle="0.00" type="DEFAULT_VEHTYPE" speed="13.78" pos="54.27" lane="3/3to3/2_0" slope="0.00"/>
        <vehicle id="46" x="359.72" y="201.65" angle="-90.00" type="DEFAULT_VEHTYPE" speed="13.51" pos="35.53" lane="2/1to1/1_0" slope="0.00"/>
        <vehicle id="47" x="401.26" y="800.59" angle="-175.42" type="DEFAULT_VEHTYPE" speed="13.72" pos="0.71" lane=":2/4_0_0" slope="0.00"/>
        <vehicle id="49" x="398.35" y="654.69" angle="0.00" type="DEFAULT_VEHTYPE" speed="12.63" pos="145.31" lane="2/4to2/3_0" slope="0.00"/>
        <vehicle id="6" x="398.35" y="728.55" angle="0.00" type="DEFAULT_VEHTYPE" speed="13.27" pos="71.45" lane="2/4to2/3_0" slope="0.00"/>
    </timestep>
    <timestep time="692.00">
        <vehicle id="1" x="401.65" y="624.67" angle="180.00" type="DEFAULT_VEHTYPE" speed="11.76" pos="19.92" lane="2/3to2/4_0" slope="0.00"/>
        <vehicle id="11" x="263.09" y="201.65" angle="-90.00" type="DEFAULT_VEHTYPE" speed="13.03" pos="132.16" lane="2/1to1/1_0" slope="0.00"/>
        <vehicle id="13" x="509.46" y="198.35" angle="90.00" type="DEFAULT_VEHTYPE" speed="13.08" pos="104.71" lane="2/1to3/1_0" slope="0.00"/>
        <vehicle id="17" x="78.52" y="398.35" angle="90.00" type="DEFAULT_VEHTYPE" speed="13.50" pos="78.52" lane="0/2to1/2_0" slope="0.00"/>
        <vehicle id="2" x="671.35" y="198.35" angle="90.00" type="DEFAULT_VEHTYPE" speed="12.99" pos="66.60" lane="3/1to4/1_0" slope="0.00"/>
        <vehicle id="21" x="398.35" y="603.93" angle="0.00" type="DEFAULT_VEHTYPE" speed="13.49" pos="0.82" lane=":2/3_1_0" slope="0.00"/>
        <vehicle id="23" x="401.65" y="678.06" angle="180.00" type="DEFAULT_VEHTYPE" speed="13.59" pos="73.31" lane="2/3to2/4_0" slope="0.00"/>
        <vehicle id="25" x="398.35" y="236.12" angle="0.00" type="DEFAULT_VEHTYPE" speed="13.03" pos="159.13" lane="2/2to2/1_0" slope="0.00"/>
        <vehicle id="27" x="130.69" y="401.65" angle="-90.00" type="DEFAULT_VEHTYPE" speed="13.02" pos="64.56" lane="1/2to0/2_0" slope="0.00"/>
        <vehicle id="29" x="201.65" y="104.89" angle="180.00" type="DEFAULT_VEHTYPE" speed="13.58" pos="104.89" lane="1/0to1/1_0" slope="0.00"/>
        <vehicle id="3" x="201.65" y="517.34" angle="180.00" type="DEFAULT_VEHTYPE" speed="13.44" pos="112.59" lane="1/2to1/3_0" slope="0.00"/>
        <vehicle id="32" x="440.58" y="401.65" angle="-90.00" type="DEFAULT_VEHTYPE" speed="12.84" pos="154.67" lane="3/2to2/2_0" slope="0.00"/>
        <vehicle id="37" x="341.53" y="401.65" angle="-90.00" type="DEFAULT_VEHTYPE" speed="13.22" pos="53.72" lane="2/2to1/2_0" slope="0.00"/>
        <vehicle id="38" x="356.89" y="598.35" angle="90.00" type="DEFAULT_VEHTYPE" speed="13.21" pos="152.14" lane="1/3to2/3_0" slope="0.00"/>
        <vehicle id="4" x="214.44" y="401.65" angle="-90.00" type="DEFAULT_VEHTYPE" speed="7.68" pos="180.81" lane="2/2to1/2_0" slope="0.00"/>
        <vehicle id="41" x="398.35" y="679.65" angle="0.00" type="DEFAULT_VEHTYPE" speed="12.76" pos="120.35" lane="2/4to2/3_0" slope="0.00"/>
        <vehicle id="42" x="398.35" y="269.04" angle="0.00" type="DEFAULT_VEHTYPE" speed="13.03" pos="126.21" lane="2/2to2/1_0" slope="0.00"/>
        <vehicle id="43" x="222.50" y="598.35" angle="90.00" type="DEFAULT_VEHTYPE" speed="13.41" pos="17.75" lane="1/3to2/3_0" slope="0.00"/>
        <vehicle id="44" x="598.35" y="528.14" angle="0.00" type="DEFAULT_VEHTYPE" speed="12.84" pos="67.11" lane="3/3to3/2_0" slope="0.00"/>
        <vehicle id="46" x="346.43" y="201.65" angle="-90.00" type="DEFAULT_VEHTYPE" speed="13.29" pos="48.82" lane="2/1to1/1_0" slope="0.00"/>
        <vehicle id="47" x="398.35" y="790.45" angle="0.00" type="DEFAULT_VEHTYPE" speed="13.66" pos="9.55" lane="2/4to2/3_0" slope="0.00"/>
        <vehicle id="49" x="398.35" y="640.89" angle="0.00" type="DEFAULT_VEHTYPE" speed="13.80" pos="159.11" lane="2/4to2/3_0" slope="0.00"/>
        <vehicle id="6" x="398.35" y="714.92" angle="0.00" type="DEFAULT_VEHTYPE" speed="13.63" pos="85.08" lane="2/4to2/3_0" slope="0.00"/>
    </timestep>
    <timestep time="693.00">
        <vehicle id="1" x="401.65" y="637.86" angle="180.00" type="DEFAULT_VEHTYPE" speed="13.19" pos="33.11" lane="2/3to2/4_0" slope="0.00"/>
        <vehicle id="11" x="250.30" y="201.65" angle="-90.00" type="DEFAULT_VEHTYPE" speed="12.79" pos="144.95" lane="2/1to1/1_0" slope="0.00"/>
        <vehicle id="13" x="522.79" y="198.35" angle="90.00" type="DEFAULT_VEHTYPE" speed="13.33" pos="118.04" lane="2/1to3/1_0" slope="0.00"/>
        <vehicle id="17" x="92.27" y="398.35" angle="90.00" type="DEFAULT_VEHTYPE" speed="13.75" pos="92.27" lane="0/2to1/2_0" slope="0.00"/>
        <vehicle id="2" x="684.64" y="198.35" angle="90.00" type="DEFAULT_VEHTYPE" speed="13.29" pos="79.89" lane="3/1to4/1_0" slope="0.00"/>
        <vehicle id="21" x="398.35" y="590.53" angle="0.00" type="DEFAULT_VEHTYPE" speed="13.39" pos="4.72" lane="2/3to2/2_0" slope="0.00"/>
        <vehicle id="23" x="401.65" y="691.60" angle="180.00" type="DEFAULT_VEHTYPE" speed="13.54" pos="86.85" lane="2/3to2/4_0" slope="0.00"/>
        <vehicle id="25" x="398.35" y="222.33" angle="0.00" type="DEFAULT_VEHTYPE" speed="13.80" pos="172.92" lane="2/2to2/1_0" slope="0.00"/>
        <vehicle id="27" x="117.86" y="401.65" angle="-90.00" type="DEFAULT_VEHTYPE" speed="12.83" pos="77.39" lane="1/2to0/2_0" slope="0.00"/>
        <vehicle id="29" x="201.65" y="117.72" angle="180.00" type="DEFAULT_VEHTYPE" speed="12.83" pos="117.72" lane="1/0to1/1_0" slope="0.00"/>
        <vehicle id="3" x="201.65" y="530.35" angle="180.00" type="DEFAULT_VEHTYPE" speed="13.01" pos="125.60" lane="1/2to1/3_0" slope="0.00"/>
        <vehicle id="32" x="427.94" y="401.65" angle="-90.00" type="DEFAULT_VEHTYPE" speed="12.64" pos="167.31" lane="3/2to2/2_0" slope="0.00"/>
        <vehicle id="37" x="327.87" y="401.65" angle="-90.00" type="DEFAULT_VEHTYPE" speed="13.66" pos="67.38" lane="2/2to1/2_0" slope="0.00"/>
        <vehicle id="38" x="369.78" y="598.35" angle="90.00" type="DEFAULT_VEHTYPE" speed="12.89" pos="165.03" lane="1/3to2/3_0" slope="0.00"/>
        <vehicle id="4" x="210.76" y="401.65" angle="-90.00" type="DEFAULT_VEHTYPE" speed="3.69" pos="184.49" lane="2/2to1/2_0" slope="0.00"/>
        <vehicle id="41" x="398.35" y="667.04" angle="0.00" type="DEFAULT_VEHTYPE" speed="12.61" pos="132.96" lane="2/4to2/3_0" slope="0.00"/>
        <vehicle id="42" x="398.35" y="255.34" angle="0.00" type="DEFAULT_VEHTYPE" speed="13.70" pos="139.91" lane="2/2to2/1_0" slope="0.00"/>
        <vehicle id="43" x="235.16" y="598.35" angle="90.00" type="DEFAULT_VEHTYPE" speed="12.65" pos="30.41" lane="1/3to2/3_0" slope="0.00"/>
        <vehicle id="44" x="598.35" y="514.33" angle="0.00" type="DEFAULT_VEHTYPE" speed="13.81" pos="80.92" lane="3/3to3/2_0" slope="0.00"/>
        <vehicle id="46" x="333.63" y="201.65" angle="-90.00" type="DEFAULT_VEHTYPE" speed="12.80" pos="61.62" lane="2/1to1/1_0" slope="0.00"/>
        <vehicle id="47" x="398.35" y="777.30" angle="0.00" type="DEFAULT_VEHTYPE" speed="13.15" pos="22.70" lane="2/4to2/3_0" slope="0.00"/>
        <vehicle id="49" x="398.35" y="627.45" angle="0.00" type="DEFAULT_VEHTYPE" speed="13.44" pos="172.55" lane="2/4to2/3_0" slope="0.00"/>
        <vehicle id="6" x="398.35" y="701.74" angle="0.00" type="DEFAULT_VEHTYPE" speed="13.18" pos="98.26" lane="2/4to2/3_0" slope="0.00"/>
    </timestep>
    <timestep time="694.00">
        <vehicle id="1" x="401.65" y="651.53" angle="180.00" type="DEFAULT_VEHTYPE" speed="13.67" pos="46.78" lane="2/3to2/4_0" slope="0.00"/>
        <vehicle id="11" x="236.43" y="201.65" angle="-90.00" type="DEFAULT_VEHTYPE" speed="13.87" pos="158.82" lane="2/1to1/1_0" slope="0.00"/>
        <vehicle id="13" x="536.24" y="198.35" angle="90.00" type="DEFAULT_VEHTYPE" speed="13.45" pos="131.49" lane="2/1to3/1_0" slope="0.00"/>
        <vehicle id="17" x="105.44" y="398.35" angle="90.00" type="DEFAULT_VEHTYPE" speed="13.18" pos="105.44" lane="0/2to1/2_0" slope="0.00"/>
        <vehicle id="2" x="697.77" y="198.35" angle="90.00" type="DEFAULT_VEHTYPE" speed="13.12" pos="93.02" lane="3/1to4/1_0" slope="0.00"/>
        <vehicle id="21" x="398.35" y="577.76" angle="0.00" type="DEFAULT_VEHTYPE" speed="12.77" pos="17.49" lane="2/3to2/2_0" slope="0.00"/>
        <vehicle id="23" x="401.65" y="705.27" angle="180.00" type="DEFAULT_VEHTYPE" speed="13.67" pos="100.52" lane="2/3to2/4_0" slope="0.00"/>
        <vehicle id="25" x="398.35" y="209.57" angle="0.00" type="DEFAULT_VEHTYPE" speed="12.76" pos="185.68" lane="2/2to2/1_0" slope="0.00"/>
        <vehicle id="27" x="104.36" y="401.65" angle="-90.00" type="DEFAULT_VEHTYPE" speed="13.50" pos="90.89" lane="1/2to0/2_0" slope="0.00"/>
        <vehicle id="29" x="201.65" y="130.35" angle="180.00" type="DEFAULT_VEHTYPE" speed="12.63" pos="130.35" lane="1/0to1/1_0" slope="0.00"/>
        <vehicle id="3" x="201.65" y="543.53" angle="180.00" type="DEFAULT_VEHTYPE" speed="13.18" pos="138.78" lane="1/2to1/3_0" slope="0.00"/>
        <vehicle id="32" x="419.24" y="401.65" angle="-90.00" type="DEFAULT_VEHTYPE" speed="8.69" pos="176.01" lane="3/2to2/2_0" slope="0.00"/>
        <vehicle id="37" x="314.26" y="401.65" angle="-90.00" type="DEFAULT_VEHTYPE" speed="13.61" pos="80.99" lane="2/2to1/2_0" slope="0.00"/>
        <vehicle id="38" x="380.11" y="598.35" angle="90.00" type="DEFAULT_VEHTYPE" speed="10.32" pos="175.36" lane="1/3to2/3_0" slope="0.00"/>
        <vehicle id="4" x="204.67" y="401.64" angle="-89.87" type="DEFAULT_VEHTYPE" speed="6.08" pos="0.08" lane=":1/2_6_0" slope="0.00"/>
        <vehicle id="41" x="398.35" y="654.25" angle="0.00" type="DEFAULT_VEHTYPE" speed="12.79" pos="145.75" lane="2/4to2/3_0" slope="0.00"/>
        <vehicle id="42" x="398.35" y="242.00" angle="0.00" type="DEFAULT_VEHTYPE" speed="13.34" pos="153.25" lane="2/2to2/1_0" slope="0.00"/>
        <vehicle id="43" x="248.91" y="598.35" angle="90.00" type="DEFAULT_VEHTYPE" speed="13.76" pos="44.16" lane="1/3to2/3_0" slope="0.00"/>
        <vehicle id="44" x="598.35" y="500.58" angle="0.00" type="DEFAULT_VEHTYPE" speed="13.74" pos="94.67" lane="3/3to3/2_0" slope="0.00"/>
        <vehicle id="46" x="320.13" y="201.65" angle="-90.00" type="DEFAULT_VEHTYPE" speed="13.50" pos="75.12" lane="2/1to1/1_0" slope="0.00"/>
        <vehicle id="47" x="398.35" y="763.89" angle="0.00" type="DEFAULT_VEHTYPE" speed="13.40" pos="36.11" lane="2/4to2/3_0" slope="0.00"/>
        <vehicle id="49" x="398.35" y="614.54" angle="0.00" type="DEFAULT_VEHTYPE" speed="12.91" pos="185.46" lane="2/4to2/3_0" slope="0.00"/>
        <vehicle id="6" x="398.35" y="688.56" angle="0.00" type="DEFAULT_VEHTYPE" speed="13.17" pos="111.44" lane="2/4to2/3_0" slope="0.00"/>
    </timestep>
    <timestep time="695.00">
        <vehicle id="1" x="401.65" y="665.10" angle="180.00" type="DEFAULT_VEHTYPE" speed="13.57" pos="60.35" lane="2/3to2/4_0" slope="0.00"/>
        <vehicle id="11" x="224.47" y="201.65" angle="-90.00" type="DEFAULT_VEHTYPE" speed="11.95" pos="170.78" lane="2/1to1/1_0" slope="0.00"/>
        <vehicle id="13" x="550.07" y="198.35" angle="90.00" type="DEFAULT_VEHTYPE" speed="13.83" pos="145.32" lane="2/1to3/1_0" slope="0.00"/>
        <vehicle id="17" x="118.49" y="398.35" angle="90.00" type="DEFAULT_VEHTYPE" speed="13.05" pos="118.49" lane="0/2to1/2_0" slope="0.00"/>
        <vehicle id="2" x="711.48" y="198.35" angle="90.00" type="DEFAULT_VEHTYPE" speed="13.72" pos="106.73" lane="3/1to4/1_0" slope="0.00"/>
        <vehicle id="21" x="398.35" y="565.15" angle="0.00" type="DEFAULT_VEHTYPE" speed="12.61" pos="30.10" lane="2/3to2/2_0" slope="0.00"/>
        <vehicle id="23" x="401.65" y="718.11" angle="180.00" type="DEFAULT_VEHTYPE" speed="12.83" pos="113.36" lane="2/3to2/4_0" slope="0.00"/>
        <vehicle id="25" x="398.35" y="196.36" angle="0.00" type="DEFAULT_VEHTYPE" speed="13.21" pos="8.39" lane=":2/1_1_0" slope="0.00"/>
        <vehicle id="27" x="91.37" y="401.65" angle="-90.00" type="DEFAULT_VEHTYPE" speed="12.99" pos="103.88" lane="1/2to0/2_0" slope="0.00"/>
        <vehicle id="29" x="201.65" y="143.89" angle="180.00" type="DEFAULT_VEHTYPE" speed="13.54" pos="143.89" lane="1/0to1/1_0" slope="0.00"/>
        <vehicle id="3" x="201.65" y="556.33" angle="180.00" type="DEFAULT_VEHTYPE" speed="12.80" pos="151.58" lane="1/2to1/3_0" slope="0.00"/>
        <vehicle id="32" x="412.47" y="401.65" angle="-90.00" type="DEFAULT_VEHTYPE" speed="6.77" pos="182.78" lane="3/2to2/2_0" slope="0.00"/>
        <vehicle id="37" x="300.99" y="401.65" angle="-90.00" type="DEFAULT_VEHTYPE" speed="13.27" pos="94.26" lane="2/2to1/2_0" slope="0.00"/>
        <vehicle id="38" x="386.54" y="598.35" angle="90.00" type="DEFAULT_VEHTYPE" speed="6.43" pos="181.79" lane="1/3to2/3_0" slope="0.00"/>
        <vehicle id="4" x="198.59" y="396.91" angle="-34.15" type="DEFAULT_VEHTYPE" speed="8.57" pos="8.65" lane=":1/2_6_0" slope="0.00"/>
        <vehicle id="41" x="398.35" y="640.48" angle="0.00" type="DEFAULT_VEHTYPE" speed="13.77" pos="159.52" lane="2/4to2/3_0" slope="0.00"/>
        <vehicle id="42" x="398.35" y="229.11" angle="0.00" type="DEFAULT_VEHTYPE" speed="12.89" pos="166.14" lane="2/2to2/1_0" slope="0.00"/>
        <vehicle id="43" x="262.28" y="598.35" angle="90.00" type="DEFAULT_VEHTYPE" speed="13.36" pos="57.53" lane="1/3to2/3_0" slope="0.00"/>
        <vehicle id="44" x="598.35" y="487.74" angle="0.00" type="DEFAULT_VEHTYPE" speed="12.85" pos="107.51" lane="3/3to3/2_0" slope="0.00"/>
        <vehicle id="46" x="306.76" y="201.65" angle="-90.00" type="DEFAULT_VEHTYPE" speed="13.37" pos="88.49" lane="2/1to1/1_0" slope="0.00"/>
        <vehicle id="47" x="398.35" y="750.83" angle="0.00" type="DEFAULT_VEHTYPE" speed="13.06" pos="49.17" lane="2/4to2/3_0" slope="0.00"/>
        <vehicle id="49" x="398.35" y="601.04" angle="0.00" type="DEFAULT_VEHTYPE" speed="13.50" pos="3.71" lane=":2/3_1_0" slope="0.00"/>
        <vehicle id="6" x="398.35" y="675.38" angle="0.00" type="DEFAULT_VEHTYPE" speed="13.18" pos="124.62" lane="2/4to2/3_0" slope="0.00"/>
    </timestep>
    <timestep time="696.00">
        <vehicle id="1" x="401.65" y="678.82" angle="180.00" type="DEFAULT_VEHTYPE" speed="13.72" pos="74.07" lane="2/3to2/4_0" slope="0.00"/>
        <vehicle id="11" x="216.40" y="201.65" angle="-90.00" type="DEFAULT_VEHTYPE" speed="8.07" pos="178.85" lane="2/1to1/1_0" slope="0.00"/>
        <vehicle id="13" x="563.05" y="198.35" angle="90.00" type="DEFAULT_VEHTYPE" speed="12.98" pos="158.30" lane="2/1to3/1_0" slope="0.00"/>
        <vehicle id="17" x="131.86" y="398.35" angle="90.00" type="DEFAULT_VEHTYPE" speed="13.37" pos="131.86" lane="0/2to1/2_0" slope="0.00"/>
        <vehicle id="2" x="724.73" y="198.35" angle="90.00" type="DEFAULT_VEHTYPE" speed="13.25" pos="119.98" lane="3/1to4/1_0" slope="0.00"/>
        <vehicle id="21" x="398.35" y="552.41" angle="0.00" type="DEFAULT_VEHTYPE" speed="12.73" pos="42.84" lane="2/3to2/2_0" slope="0.00"/>
        <vehicle id="23" x="401.65" y="730.96" angle="180.00" type="DEFAULT_VEHTYPE" speed="12.85" pos="126.21" lane="2/3to2/4_0" slope="0.00"/>
        <vehicle id="25" x="398.35" y="183.04" angle="0.00" type="DEFAULT_VEHTYPE" speed="13.32" pos="12.21" lane="2/1to2/0_0" slope="0.00"/>
        <vehicle id="27" x="77.94" y="401.65" angle="-90.00" type="DEFAULT_VEHTYPE" speed="13.43" pos="117.31" lane="1/2to0/2_0" slope="0.00"/>
        <vehicle id="29" x="201.65" y="156.63" angle="180.00" type="DEFAULT_VEHTYPE" speed="12.74" pos="156.63" lane="1/0to1/1_0" slope="0.00"/>
        <vehicle id="3" x="201.65" y="568.95" angle="180.00" type="DEFAULT_VEHTYPE" speed="12.63" pos="164.20" lane="1/2to1/3_0" slope="0.00"/>
        <vehicle id="32" x="409.66" y="401.65" angle="-90.00" type="DEFAULT_VEHTYPE" speed="2.81" pos="185.59" lane="3/2to2/2_0" slope="0.00"/>
        <vehicle id="37" x="288.07" y="401.65" angle="-90.00" type="DEFAULT_VEHTYPE" speed="12.91" pos="107.18" lane="2/2to1/2_0" slope="0.00"/>
        <vehicle id="38" x="389.56" y="598.35" angle="90.00" type="DEFAULT_VEHTYPE" speed="3.02" pos="184.81" lane="1/3to2/3_0" slope="0.00"/>
        <vehicle id="4" x="198.35" y="386.18" angle="0.00" type="DEFAULT_VEHTYPE" speed="10.74" pos="9.07" lane="1/2to1/1_0" slope="0.00"/>
        <vehicle id="41" x="398.35" y="626.78" angle="0.00" type="DEFAULT_VEHTYPE" speed="13.69" pos="173.22" lane="2/4to2/3_0" slope="0.00"/>
        <vehicle id="42" x="398.35" y="216.13" angle="0.00" type="DEFAULT_VEHTYPE" speed="12.98" pos="179.12" lane="2/2to2/1_0" slope="0.00"/>
        <vehicle id="43" x="275.76" y="598.35" angle="90.00" type="DEFAULT_VEHTYPE" speed="13.49" pos="71.01" lane="1/3to2/3_0" slope="0.00"/>
        <vehicle id="44" x="598.35" y="474.86" angle="0.00" type="DEFAULT_VEHTYPE" speed="12.88" pos="120.39" lane="3/3to3/2_0" slope="0.00"/>
        <vehicle id="46" x="293.26" y="201.65" angle="-90.00" type="DEFAULT_VEHTYPE" speed="13.50" pos="101.99" lane="2/1to1/1_0" slope="0.00"/>
        <vehicle id="47" x="398.35" y="737.52" angle="0.00" type="DEFAULT_VEHTYPE" speed="13.31" pos="62.48" lane="2/4to2/3_0" slope="0.00"/>
        <vehicle id="49" x="398.35" y="587.69" angle="0.00" type="DEFAULT_VEHTYPE" speed="13.36" pos="7.56" lane="2/3to2/2_0" slope="0.00"/>
        <vehicle id="6" x="398.35" y="661.76" angle="0.00" type="DEFAULT_VEHTYPE" speed="13.62" pos="138.24" lane="2/4to2/3_0" slope="0.00"/>
    </timestep>
    <timestep time="697.00">
        <vehicle id="1" x="401.65" y="691.52" angle="180.00" type="DEFAULT_VEHTYPE" speed="12.69" pos="86.77" lane="2/3to2/4_0" slope="0.00"/>
        <vehicle id="11" x="211.83" y="201.65" angle="-90.00" type="DEFAULT_VEHTYPE" speed="4.57" pos="183.42" lane="2/1to1/1_0" slope="0.00"/>
        <vehicle id="13" x="575.46" y="198.35" angle="90.00" type="DEFAULT_VEHTYPE" speed="12.40" pos="170.71" lane="2/1to3/1_0" slope="0.00"/>
        <vehicle id="17" x="145.25" y="398.35" angle="90.00" type="DEFAULT_VEHTYPE" speed="13.39" pos="145.25" lane="0/2to1/2_0" slope="0.00"/>
        <vehicle id="2" x="738.59" y="198.35" angle="90.00" type="DEFAULT_VEHTYPE" speed="13.86" pos="133.84" lane="3/1to4/1_0" slope="0.00"/>
        <vehicle id="21" x="398.35" y="538.72" angle="0.00" type="DEFAULT_VEHTYPE" speed="13.69" pos="56.53" lane="2/3to2/2_0" slope="0.00"/>
        <vehicle id="23" x="401.65" y="743.78" angle="180.00" type="DEFAULT_VEHTYPE" speed="12.83" pos="139.03" lane="2/3to2/4_0" slope="0.00"/>
        <vehicle id="25" x="398.35" y="169.18" angle="0.00" type="DEFAULT_VEHTYPE" speed="13.86" pos="26.07" lane="2/1to2/0_0" slope="0.00"/>
        <vehicle id="27" x="64.64" y="401.65" angle="-90.00" type="DEFAULT_VEHTYPE" speed="13.30" pos="130.61" lane="1/2to0/2_0" slope="0.00"/>
        <vehicle id="29" x="201.65" y="170.02" angle="180.00" type="DEFAULT_VEHTYPE" speed="13.39" pos="170.02" lane="1/0to1/1_0" slope="0.00"/>
        <vehicle id="3" x="201.65" y="581.80" angle="180.00" type="DEFAULT_VEHTYPE" speed="12.85" pos="177.05" lane="1/2to1/3_0" slope="0.00"/>
        <vehicle id="32" x="405.12" y="401.65" angle="-90.00" type="DEFAULT_VEHTYPE" speed="4.55" pos="190.13" lane="3/2to2/2_0" slope="0.00"/>
        <vehicle id="37" x="274.41" y="401.65" angle="-90.00" type="DEFAULT_VEHTYPE" speed="13.67" pos="120.84" lane="2/2to1/2_0" slope="0.00"/>
        <vehicle id="38" x="391.50" y="598.35" angle="90.00" type="DEFAULT_VEHTYPE" speed="1.94" pos="186.75" lane="1/3to2/3_0" slope="0.00"/>
        <vehicle id="4" x="198.35" y="372.86" angle="0.00" type="DEFAULT_VEHTYPE" speed="13.32" pos="22.39" lane="1/2to1/1_0" slope="0.00"/>
        <vehicle id="41" x="398.35" y="613.66" angle="0.00" type="DEFAULT_VEHTYPE" speed="13.12" pos="186.34" lane="2/4to2/3_0" slope="0.00"/>
        <vehicle id="42" x="398.35" y="203.37" angle="0.00" type="DEFAULT_VEHTYPE" speed="12.76" pos="1.38" lane=":2/1_1_0" slope="0.00"/>
        <vehicle id="43" x="288.56" y="598.35" angle="90.00" type="DEFAULT_VEHTYPE" speed="12.80" pos="83.81" lane="1/3to2/3_0" slope="0.00"/>
        <vehicle id="44" x="598.35" y="461.02" angle="0.00" type="DEFAULT_VEHTYPE" speed="13.84" pos="134.23" lane="3/3to3/2_0" slope="0.00"/>
        <vehicle id="46" x="279.82" y="201.65" angle="-90.00" type="DEFAULT_VEHTYPE" speed="13.43" pos="115.43" lane="2/1to1/1_0" slope="0.00"/>
        <vehicle id="47" x="398.35" y="724.84" angle="0.00" type="DEFAULT_VEHTYPE" speed="12.68" pos="75.16" lane="2/4to2/3_0" slope="0.00"/>
        <vehicle id="49" x="398.35" y="573.84" angle="0.00" type="DEFAULT_VEHTYPE" speed="13.84" pos="21.41" lane="2/3to2/2_0" slope="0.00"/>
        <vehicle id="6" x="398.35" y="648.43" angle="0.00" type="DEFAULT_VEHTYPE" speed="13.33" pos="151.57" lane="2/4to2/3_0" slope="0.00"/>
    </timestep>
    <timestep time="698.00">
        <vehicle id="1" x="401.65" y="704.78" angle="180.00" type="DEFAULT_VEHTYPE" speed="13.26" pos="100.03" lane="2/3to2/4_0" slope="0.00"/>
        <vehicle id="11" x="209.06" y="201.65" angle="-90.00" type="DEFAULT_VEHTYPE" speed="2.77" pos="186.19" lane="2/1to1/1_0" slope="0.00"/>
        <vehicle id="13" x="584.01" y="198.35" angle="90.00" type="DEFAULT_VEHTYPE" speed="8.55" pos="179.26" lane="2/1to3/1_0" slope="0.00"/>
        <vehicle id="17" x="158.73" y="398.35" angle="90.00" type="DEFAULT_VEHTYPE" speed="13.48" pos="158.73" lane="0/2to1/2_0" slope="0.00"/>
        <vehicle id="2" x="752.37" y="198.35" angle="90.00" type="DEFAULT_VEHTYPE" speed="13.78" pos="147.62" lane="3/1to4/1_0" slope="0.00"/>
        <vehicle id="21" x="398.35" y="525.52" angle="0.00" type="DEFAULT_VEHTYPE" speed="13.20" pos="69.73" lane="2/3to2/2_0" slope="0.00"/>
        <vehicle id="23" x="401.65" y="756.60" angle="180.00" type="DEFAULT_VEHTYPE" speed="12.82" pos="151.85" lane="2/3to2/4_0" slope="0.00"/>
        <vehicle id="25" x="398.35" y="155.54" angle="0.00" type="DEFAULT_VEHTYPE" speed="13.64" pos="39.71" lane="2/1to2/0_0" slope="0.00"/>
        <vehicle id="27" x="51.06" y="401.65" angle="-90.00" type="DEFAULT_VEHTYPE" speed="13.58" pos="144.19" lane="1/2to0/2_0" slope="0.00"/>
        <vehicle id="29" x="201.65" y="183.13" angle="180.00" type="DEFAULT_VEHTYPE" speed="13.10" pos="183.13" lane="1/0to1/1_0" slope="0.00"/>
        <vehicle id="3" x="201.70" y="595.58" angle="179.47" type="DEFAULT_VEHTYPE" speed="13.78" pos="0.33" lane=":1/3_8_0" slope="0.00"/>
        <vehicle id="32" x="398.80" y="401.65" angle="-90.00" type="DEFAULT_VEHTYPE" speed="6.31" pos="5.95" lane=":2/2_5_0" slope="0.00"/>
        <vehicle id="37" x="260.97" y="401.65" angle="-90.00" type="DEFAULT_VEHTYPE" speed="13.43" pos="134.28" lane="2/2to1/2_0" slope="0.00"/>
        <vehicle id="38" x="392.55" y="598.35" angle="90.00" type="DEFAULT_VEHTYPE" speed="1.05" pos="187.80" lane="1/3to2/3_0" slope="0.00"/>
        <vehicle id="4" x="198.35" y="359.47" angle="0.00" type="DEFAULT_VEHTYPE" speed="13.39" pos="35.78" lane="1/2to1/1_0" slope="0.00"/>
        <vehicle id="41" x="398.35" y="600.22" angle="0.00" type="DEFAULT_VEHTYPE" speed="13.44" pos="4.53" lane=":2/3_1_0" slope="0.00"/>
        <vehicle id="42" x="398.35" y="189.51" angle="0.00" type="DEFAULT_VEHTYPE" speed="13.86" pos="5.74" lane="2/1to2/0_0" slope="0.00"/>
        <vehicle id="43" x="301.45" y="598.35" angle="90.00" type="DEFAULT_VEHTYPE" speed="12.89" pos="96.70" lane="1/3to2/3_0" slope="0.00"/>
        <vehicle id="44" x="598.35" y="447.70" angle="0.00" type="DEFAULT_VEHTYPE" speed="13.32" pos="147.55" lane="3/3to3/2_0" slope="0.00"/>
        <vehicle id="46" x="266.17" y="201.65" angle="-90.00" type="DEFAULT_VEHTYPE" speed="13.66" pos="129.08" lane="2/1to1/1_0" slope="0.00"/>
        <vehicle id="47" x="398.35" y="711.62" angle="0.00" type="DEFAULT_VEHTYPE" speed="13.22" pos="88.38" lane="2/4to2/3_0" slope="0.00"/>
        <vehicle id="49" x="398.35" y="560.73" angle="0.00" type="DEFAULT_VEHTYPE" speed="13.12" pos="34.52" lane="2/3to2/2_0" slope="0.00"/>
        <vehicle id="6" x="398.35" y="635.00" angle="0.00" type="DEFAULT_VEHTYPE" speed="13.43" pos="165.00" lane="2/4to2/3_0" slope="0.00"/>
    </timestep>
    <timestep time="699.00">
        <vehicle id="1" x="401.65" y="717.70" angle="180.00" type="DEFAULT_VEHTYPE" speed="12.92" pos="112.95" lane="2/3to2/4_0" slope="0.00"/>
        <vehicle id="11" x="204.58" y="201.67" angle="-90.27" type="DEFAULT_VEHTYPE" speed="4.48" pos="0.17" lane=":1/1_4_0" slope="0.00"/>
        <vehicle id="13" x="588.69" y="198.35" angle="90.00" type="DEFAULT_VEHTYPE" speed="4.68" pos="183.94" lane="2/1to3/1_0" slope="0.00"/>
        <vehicle id="17" x="172.12" y="398.35" angle="90.00" type="DEFAULT_VEHTYPE" speed="13.39" pos="172.12" lane="0/2to1/2_0" slope="0.00"/>
        <vehicle id="2" x="765.28" y="198.35" angle="90.00" type="DEFAULT_VEHTYPE" speed="12.91" pos="160.53" lane="3/1to4/1_0" slope="0.00"/>
        <vehicle id="21" x="398.35" y="512.12" angle="0.00" type="DEFAULT_VEHTYPE" speed="13.40" pos="83.13" lane="2/3to2/2_0" slope="0.00"/>
        <vehicle id="23" x="401.65" y="769.96" angle="180.00" type="DEFAULT_VEHTYPE" speed="13.36" pos="165.21" lane="2/3to2/4_0" slope="0.00"/>
        <vehicle id="25" x="398.35" y="142.80" angle="0.00" type="DEFAULT_VEHTYPE" speed="12.74" pos="52.45" lane="2/1to2/0_0" slope="0.00"/>
        <vehicle id="27" x="37.45" y="401.65" angle="-90.00" type="DEFAULT_VEHTYPE" speed="13.61" pos="157.80" lane="1/2to0/2_0" slope="0.00"/>
        <vehicle id="29" x="202.02" y="196.90" angle="175.75" type="DEFAULT_VEHTYPE" speed="13.84" pos="1.71" lane=":1/1_8_0" slope="0.00"/>
        <vehicle id="3" x="212.96" y="598.35" angle="90.00" type="DEFAULT_VEHTYPE" speed="12.88" pos="8.21" lane="1/3to2/3_0" slope="0.00"/>
        <vehicle id="32" x="390.27" y="401.65" angle="-90.00" type="DEFAULT_VEHTYPE" speed="8.54" pos="4.98" lane="2/2to1/2_0" slope="0.00"/>
        <vehicle id="37" x="247.40" y="401.65" angle="-90.00" type="DEFAULT_VEHTYPE" speed="13.57" pos="147.85" lane="2/2to1/2_0" slope="0.00"/>
        <vehicle id="38" x="392.67" y="598.35" angle="90.00" type="DEFAULT_VEHTYPE" speed="0.12" pos="187.92" lane="1/3to2/3_0" slope="0.00"/>
        <vehicle id="4" x="198.35" y="346.81" angle="0.00" type="DEFAULT_VEHTYPE" speed="12.66" pos="48.44" lane="1/2to1/1_0" slope="0.00"/>
        <vehicle id="41" x="398.35" y="587.34" angle="0.00" type="DEFAULT_VEHTYPE" speed="12.88" pos="7.91" lane="2/3to2/2_0" slope="0.00"/>
        <vehicle id="42" x="398.35" y="176.36" angle="0.00" type="DEFAULT_VEHTYPE" speed="13.15" pos="18.89" lane="2/1to2/0_0" slope="0.00"/>
        <vehicle id="43" x="315.16" y="598.35" angle="90.00" type="DEFAULT_VEHTYPE" speed="13.70" pos="110.41" lane="1/3to2/3_0" slope="0.00"/>
        <vehicle id="44" x="598.35" y="433.81" angle="0.00" type="DEFAULT_VEHTYPE" speed="13.89" pos="161.44" lane="3/3to3/2_0" slope="0.00"/>
        <vehicle id="46" x="252.38" y="201.65" angle="-90.00" type="DEFAULT_VEHTYPE" speed="13.79" pos="142.87" lane="2/1to1/1_0" slope="0.00"/>
        <vehicle id="47" x="398.35" y="698.61" angle="0.00" type="DEFAULT_VEHTYPE" speed="13.00" pos="101.39" lane="2/4to2/3_0" slope="0.00"/>
        <vehicle id="49" x="398.35" y="547.07" angle="0.00" type="DEFAULT_VEHTYPE" speed="13.65" pos="48.18" lane="2/3to2/2_0" slope="0.00"/>
        <vehicle id="6" x="398.35" y="621.25" angle="0.00" type="DEFAULT_VEHTYPE" speed="13.76" pos="178.75" lane="2/4to2/3_0" slope="0.00"/>
    </timestep>
    <timestep time="700.00">
        <vehicle id="1" x="401.65" y="731.52" angle="180.00" type="DEFAULT_VEHTYPE" speed="13.81" pos="126.77" lane="2/3to2/4_0" slope="0.00"/>
        <vehicle id="11" x="201.65" y="206.43" angle="-161.57" type="DEFAULT_VEHTYPE" speed="6.51" pos="1.68" lane="1/1to1/2_0" slope="0.00"/>
        <vehicle id="13" x="594.91" y="198.35" angle="90.00" type="DEFAULT_VEHTYPE" speed="6.22" pos="190.16" lane="2/1to3/1_0" slope="0.00"/>
        <vehicle id="17" x="181.16" y="398.35" angle="90.00" type="DEFAULT_VEHTYPE" speed="9.04" pos="181.16" lane="0/2to1/2_0" slope="0.00"/>
        <vehicle id="2" x="779.17" y="198.35" angle="90.00" type="DEFAULT_VEHTYPE" speed="13.89" pos="174.42" lane="3/1to4/1_0" slope="0.00"/>
        <vehicle id="21" x="398.35" y="499.11" angle="0.00" type="DEFAULT_VEHTYPE" speed="13.01" pos="96.14" lane="2/3to2/2_0" slope="0.00"/>
        <vehicle id="23" x="401.65" y="782.95" angle="180.00" type="DEFAULT_VEHTYPE" speed="12.99" pos="178.20" lane="2/3to2/4_0" slope="0.00"/>
        <vehicle id="25" x="398.35" y="129.00" angle="0.00" type="DEFAULT_VEHTYPE" speed="13.79" pos="66.25" lane="2/1to2/0_0" slope="0.00"/>
        <vehicle id="27" x="24.12" y="401.65" angle="-90.00" type="DEFAULT_VEHTYPE" speed="13.32" pos="171.13" lane="1/2to0/2_0" slope="0.00"/>
        <vehicle id="29" x="214.94" y="198.35" angle="90.00" type="DEFAULT_VEHTYPE" speed="13.47" pos="10.19" lane="1/1to2/1_0" slope="0.00"/>
        <vehicle id="3" x="226.26" y="598.35" angle="90.00" type="DEFAULT_VEHTYPE" speed="13.30" pos="21.51" lane="1/3to2/3_0" slope="0.00"/>
        <vehicle id="32" x="379.34" y="401.65" angle="-90.00" type="DEFAULT_VEHTYPE" speed="10.93" pos="15.91" lane="2/2to1/2_0" slope="0.00"/>
        <vehicle id="37" x="233.59" y="401.65" angle="-90.00" type="DEFAULT_VEHTYPE" speed="13.81" pos="161.66" lane="2/2to1/2_0" slope="0.00"/>
        <vehicle id="38" x="392.73" y="598.35" angle="90.00" type="DEFAULT_VEHTYPE" speed="0.06" pos="187.98" lane="1/3to2/3_0" slope="0.00"/>
        <vehicle id="4" x="198.35" y="333.76" angle="0.00" type="DEFAULT_VEHTYPE" speed="13.05" pos="61.49" lane="1/2to1/1_0" slope="0.00"/>
        <vehicle id="41" x="398.35" y="574.71" angle="0.00" type="DEFAULT_VEHTYPE" speed="12.62" pos="20.54" lane="2/3to2/2_0" slope="0.00"/>
        <vehicle id="42" x="398.35" y="163.70" angle="0.00" type="DEFAULT_VEHTYPE" speed="12.66" pos="31.55" lane="2/1to2/0_0" slope="0.00"/>
        <vehicle id="43" x="328.50" y="598.35" angle="90.00" type="DEFAULT_VEHTYPE" speed="13.34" pos="123.75" lane="1/3to2/3_0" slope="0.00"/>
        <vehicle id="44" x="598.35" y="420.16" angle="0.00" type="DEFAULT_VEHTYPE" speed="13.65" pos="175.09" lane="3/3to3/2_0" slope="0.00"/>
        <vehicle id="46" x="238.53" y="201.65" angle="-90.00" type="DEFAULT_VEHTYPE" speed="13.85" pos="156.72" lane="2/1to1/1_0" slope="0.00"/>
        <vehicle id="47" x="398.35" y="685.57" angle="0.00" type="DEFAULT_VEHTYPE" speed="13.04" pos="114.43" lane="2/4to2/3_0" slope="0.00"/>
        <vehicle id="49" x="398.35" y="533.43" angle="0.00" type="DEFAULT_VEHTYPE" speed="13.64" pos="61.82" lane="2/3to2/2_0" slope="0.00"/>
        <vehicle id="6" x="398.35" y="608.42" angle="0.00" type="DEFAULT_VEHTYPE" speed="12.83" pos="191.58" lane="2/4to2/3_0" slope="0.00"/>
    </timestep>
    <timestep time="701.00">
        <vehicle id="1" x="401.65" y="744.85" angle="180.00" type="DEFAULT_VEHTYPE" speed="13.34" pos="140.10" lane="2/3to2/4_0" slope="0.00"/>
        <vehicle id="11" x="201.65" y="215.36" angle="180.00" type="DEFAULT_VEHTYPE" speed="8.93" pos="10.61" lane="1/1to1/2_0" slope="0.00"/>
        <vehicle id="13" x="602.85" y="198.35" angle="90.00" type="DEFAULT_VEHTYPE" speed="7.94" pos="7.60" lane=":3/1_13_0" slope="0.00"/>
        <vehicle id="17" x="187.30" y="398.35" angle="90.00" type="DEFAULT_VEHTYPE" speed="6.14" pos="187.30" lane="0/2to1/2_0" slope="0.00"/>
        <vehicle id="2" x="792.49" y="198.35" angle="90.00" type="DEFAULT_VEHTYPE" speed="13.32" pos="187.74" lane="3/1to4/1_0" slope="0.00"/>
        <vehicle id="21" x="398.35" y="486.23" angle="0.00" type="DEFAULT_VEHTYPE" speed="12.87" pos="109.02" lane="2/3to2/2_0" slope="0.00"/>
        <vehicle id="23" x="401.65" y="796.03" angle="180.00" type="DEFAULT_VEHTYPE" speed="13.08" pos="191.28" lane="2/3to2/4_0" slope="0.00"/>
        <vehicle id="25" x="398.35" y="115.31" angle="0.00" type="DEFAULT_VEHTYPE" speed="13.69" pos="79.94" lane="2/1to2/0_0" slope="0.00"/>
        <vehicle id="27" x="10.71" y="401.65" angle="-90.00" type="DEFAULT_VEHTYPE" speed="13.42" pos="184.54" lane="1/2to0/2_0" slope="0.00"/>
        <vehicle id="29" x="228.63" y="198.35" angle="90.00" type="DEFAULT_VEHTYPE" speed="13.69" pos="23.88" lane="1/1to2/1_0" slope="0.00"/>
        <vehicle id="3" x="239.32" y="598.35" angle="90.00" type="DEFAULT_VEHTYPE" speed="13.06" pos="34.57" lane="1/3to2/3_0" slope="0.00"/>
        <vehicle id="32" x="366.06" y="401.65" angle="-90.00" type="DEFAULT_VEHTYPE" speed="13.28" pos="29.19" lane="2/2to1/2_0" slope="0.00"/>
        <vehicle id="37" x="222.10" y="401.65" angle="-90.00" type="DEFAULT_VEHTYPE" speed="11.49" pos="173.15" lane="2/2to1/2_0" slope="0.00"/>
        <vehicle id="38" x="392.74" y="598.35" angle="90.00" type="DEFAULT_VEHTYPE" speed="0.01" pos="187.99" lane="1/3to2/3_0" slope="0.00"/>
        <vehicle id="4" x="198.35" y="320.29" angle="0.00" type="DEFAULT_VEHTYPE" speed="13.47" pos="74.96" lane="1/2to1/1_0" slope="0.00"/>
        <vehicle id="41" x="398.35" y="561.22" angle="0.00" type="DEFAULT_VEHTYPE" speed="13.49" pos="34.03" lane="2/3to2/2_0" slope="0.00"/>
        <vehicle id="42" x="398.35" y="150.54" angle="0.00" type="DEFAULT_VEHTYPE" speed="13.15" pos="44.71" lane="2/1to2/0_0" slope="0.00"/>
        <vehicle id="43" x="342.14" y="598.35" angle="90.00" type="DEFAULT_VEHTYPE" speed="13.64" pos="137.39" lane="1/3to2/3_0" slope="0.00"/>
        <vehicle id="44" x="598.35" y="407.44" angle="0.00" type="DEFAULT_VEHTYPE" speed="12.73" pos="187.81" lane="3/3to3/2_0" slope="0.00"/>
        <vehicle id="46" x="225.84" y="201.65" angle="-90.00" type="DEFAULT_VEHTYPE" speed="12.68" pos="169.41" lane="2/1to1/1_0" slope="0.00"/>
        <vehicle id="47" x="398.35" y="672.71" angle="0.00" type="DEFAULT_VEHTYPE" speed="12.86" pos="127.29" lane="2/4to2/3_0" slope="0.00"/>
        <vehicle id="49" x="398.35" y="520.44" angle="0.00" type="DEFAULT_VEHTYPE" speed="12.99" pos="74.81" lane="2/3to2/2_0" slope="0.00"/>
        <vehicle id="6" x="398.35" y="594.87" angle="0.00" type="DEFAULT_VEHTYPE" speed="13.55" pos="0.38" lane="2/3to2/2_0" slope="0.00"/>
    </timestep>
    <timestep time="702.00">
        <vehicle id="1" x="401.65" y="758.26" angle="180.00" type="DEFAULT_VEHTYPE" speed="13.41" pos="153.51" lane="2/3to2/4_0" slope="0.00"/>
        <vehicle id="11" x="201.65" y="226.64" angle="180.00" type="DEFAULT_VEHTYPE" speed="11.28" pos="21.89" lane="1/1to1/2_0" slope="0.00"/>
        <vehicle id="13" x="612.99" y="198.35" angle="90.00" type="DEFAULT_VEHTYPE" speed="10.14" pos="8.24" lane="3/1to4/1_0" slope="0.00"/>
        <vehicle id="17" x="190.05" y="398.35" angle="90.00" type="DEFAULT_VEHTYPE" speed="2.75" pos="190.05" lane="0/2to1/2_0" slope="0.00"/>
        <vehicle id="2" x="798.46" y="201.65" angle="-133.63" type="DEFAULT_VEHTYPE" speed="13.87" pos="1.54" lane="4/1to3/1_0" slope="0.00"/>
        <vehicle id="21" x="398.35" y="473.62" angle="0.00" type="DEFAULT_VEHTYPE" speed="12.61" pos="121.63" lane="2/3to2/2_0" slope="0.00"/>
        <vehicle id="23" x="398.35" y="795.13" angle="-0.82" type="DEFAULT_VEHTYPE" speed="13.66" pos="4.87" lane="2/4to2/3_0" slope="0.00"/>
        <vehicle id="25" x="398.35" y="101.44" angle="0.00" type="DEFAULT_VEHTYPE" speed="13.87" pos="93.81" lane="2/1to2/0_0" slope="0.00"/>
        <vehicle id="27" x="-1.54" y="400.23" angle="-71.99" type="DEFAULT_VEHTYPE" speed="12.87" pos="2.16" lane=":0/2_0_0" slope="0.00"/>
        <vehicle id="29" x="242.05" y="198.35" angle="90.00" type="DEFAULT_VEHTYPE" speed="13.43" pos="37.30" lane="1/1to2/1_0" slope="0.00"/>
        <vehicle id="3" x="252.96" y="598.35" angle="90.00" type="DEFAULT_VEHTYPE" speed="13.64" pos="48.21" lane="1/3to2/3_0" slope="0.00"/>
        <vehicle id="32" x="353.04" y="401.65" angle="-90.00" type="DEFAULT_VEHTYPE" speed="13.02" pos="42.21" lane="2/2to1/2_0" slope="0.00"/>
        <vehicle id="37" x="215.10" y="401.65" angle="-90.00" type="DEFAULT_VEHTYPE" speed="6.99" pos="180.15" lane="2/2to1/2_0" slope="0.00"/>
        <vehicle id="38" x="392.74" y="598.35" angle="90.00" type="DEFAULT_VEHTYPE" speed="0.00" pos="187.99" lane="1/3to2/3_0" slope="0.00"/>
        <vehicle id="4" x="198.35" y="307.24" angle="0.00" type="DEFAULT_VEHTYPE" speed="13.05" pos="88.01" lane="1/2to1/1_0" slope="0.00"/>
        <vehicle id="41" x="398.35" y="547.72" angle="0.00" type="DEFAULT_VEHTYPE" speed="13.51" pos="47.53" lane="2/3to2/2_0" slope="0.00"/>
        <vehicle id="42" x="398.35" y="136.69" angle="0.00" type="DEFAULT_VEHTYPE" speed="13.86" pos="58.56" lane="2/1to2/0_0" slope="0.00"/>
        <vehicle id="43" x="355.98" y="598.35" angle="90.00" type="DEFAULT_VEHTYPE" speed="13.84" pos="151.23" lane="1/3to2/3_0" slope="0.00"/>
        <vehicle id="44" x="589.20" y="401.65" angle="-90.00" type="DEFAULT_VEHTYPE" speed="13.73" pos="6.05" lane="3/2to2/2_0" slope="0.00"/>
        <vehicle id="46" x="217.24" y="201.65" angle="-90.00" type="DEFAULT_VEHTYPE" speed="8.60" pos="178.01" lane="2/1to1/1_0" slope="0.00"/>
        <vehicle id="47" x="398.35" y="659.31" angle="0.00" type="DEFAULT_VEHTYPE" speed="13.40" pos="140.69" lane="2/4to2/3_0" slope="0.00"/>
        <vehicle id="49" x="398.35" y="507.47" angle="0.00" type="DEFAULT_VEHTYPE" speed="12.97" pos="87.78" lane="2/3to2/2_0" slope="0.00"/>
        <vehicle id="6" x="398.35" y="581.30" angle="0.00" type="DEFAULT_VEHTYPE" speed="13.57" pos="13.95" lane="2/3to2/2_0" slope="0.00"/>
    </timestep>
    <timestep time="703.00">
        <vehicle id="1" x="401.65" y="770.97" angle="180.00" type="DEFAULT_VEHTYPE" speed="12.71" pos="166.22" lane="2/3to2/4_0" slope="0.00"/>
        <vehicle id="11" x="201.65" y="239.38" angle="180.00" type="DEFAULT_VEHTYPE" speed="12.74" pos="34.63" lane="1/1to1/2_0" slope="0.00"/>
        <vehicle id="13" x="624.69" y="198.35" angle="90.00" type="DEFAULT_VEHTYPE" speed="11.71" pos="19.94" lane="3/1to4/1_0" slope="0.00"/>
        <vehicle id="17" x="194.10" y="398.35" angle="90.00" type="DEFAULT_VEHTYPE" speed="4.05" pos="194.10" lane="0/2to1/2_0" slope="0.00"/>
        <vehicle id="2" x="784.85" y="201.65" angle="-90.00" type="DEFAULT_VEHTYPE" speed="13.61" pos="15.15" lane="4/1to3/1_0" slope="0.00"/>
        <vehicle id="21" x="398.35" y="460.78" angle="0.00" type="DEFAULT_VEHTYPE" speed="12.84" pos="134.47" lane="2/3to2/2_0" slope="0.00"/>
        <vehicle id="23" x="398.35" y="781.32" angle="0.00" type="DEFAULT_VEHTYPE" speed="13.81" pos="18.68" lane="2/4to2/3_0" slope="0.00"/>
        <vehicle id="25" x="398.35" y="87.88" angle="0.00" type="DEFAULT_VEHTYPE" speed="13.56" pos="107.37" lane="2/1to2/0_0" slope="0.00"/>
        <vehicle id="27" x="10.54" y="398.35" angle="90.00" type="DEFAULT_VEHTYPE" speed="13.20" pos="10.54" lane="0/2to1/2_0" slope="0.00"/>
        <vehicle id="29" x="255.12" y="198.35" angle="90.00" type="DEFAULT_VEHTYPE" speed="13.07" pos="50.37" lane="1/1to2/1_0" slope="0.00"/>
        <vehicle id="3" x="266.20" y="598.35" angle="90.00" type="DEFAULT_VEHTYPE" speed="13.24" pos="61.45" lane="1/3to2/3_0" slope="0.00"/>
        <vehicle id="32" x="339.62" y="401.65" angle="-90.00" type="DEFAULT_VEHTYPE" speed="13.42" pos="55.63" lane="2/2to1/2_0" slope="0.00"/>
        <vehicle id="37" x="210.47" y="401.65" angle="-90.00" type="DEFAULT_VEHTYPE" speed="4.63" pos="184.78" lane="2/2to1/2_0" slope="0.00"/>
        <vehicle id="38" x="394.44" y="598.35" angle="90.00" type="DEFAULT_VEHTYPE" speed="1.70" pos="189.69" lane="1/3to2/3_0" slope="0.00"/>
        <vehicle id="4" x="198.35" y="294.57" angle="0.00" type="DEFAULT_VEHTYPE" speed="12.66" pos="100.68" lane="1/2to1/1_0" slope="0.00"/>
        <vehicle id="41" x="398.35" y="534.96" angle="0.00" type="DEFAULT_VEHTYPE" speed="12.75" pos="60.29" lane="2/3to2/2_0" slope="0.00"/>
        <vehicle id="42" x="398.35" y="123.27" angle="0.00" type="DEFAULT_VEHTYPE" speed="13.42" pos="71.98" lane="2/1to2/0_0" slope="0.00"/>
        <vehicle id="43" x="367.94" y="598.35" angle="90.00" type="DEFAULT_VEHTYPE" speed="11.96" pos="163.19" lane="1/3to2/3_0" slope="0.00"/>
        <vehicle id="44" x="575.75" y="401.65" angle="-90.00" type="DEFAULT_VEHTYPE" speed="13.45" pos="19.50" lane="3/2to2/2_0" slope="0.00"/>
        <vehicle id="46" x="211.47" y="201.65" angle="-90.00" type="DEFAULT_VEHTYPE" speed="5.77" pos="183.78" lane="2/1to1/1_0" slope="0.00"/>
        <vehicle id="47" x="398.35" y="646.02" angle="0.00" type="DEFAULT_VEHTYPE" speed="13.30" pos="153.98" lane="2/4to2/3_0" slope="0.00"/>
        <vehicle id="49" x="398.35" y="494.63" angle="0.00" type="DEFAULT_VEHTYPE" speed="12.84" pos="100.62" lane="2/3to2/2_0" slope="0.00"/>
        <vehicle id="6" x="398.35" y="568.02" angle="0.00" type="DEFAULT_VEHTYPE" speed="13.27" pos="27.23" lane="2/3to2/2_0" slope="0.00"/>
    </timestep>
    <timestep time="704.00">
        <vehicle id="1" x="401.65" y="783.58" angle="180.00" type="DEFAULT_VEHTYPE" speed="12.61" pos="178.83" lane="2/3to2/4_0" slope="0.00"/>
        <vehicle id="11" x="201.65" y="252.88" angle="180.00" type="DEFAULT_VEHTYPE" speed="13.50" pos="48.13" lane="1/1to1/2_0" slope="0.00"/>
        <vehicle id="13" x="637.86" y="198.35" angle="90.00" type="DEFAULT_VEHTYPE" speed="13.17" pos="33.11" lane="3/1to4/1_0" slope="0.00"/>
        <vehicle id="17" x="199.52" y="399.63" angle="105.20" type="DEFAULT_VEHTYPE" speed="5.70" pos="4.55" lane=":1/2_14_0" slope="0.00"/>
        <vehicle id="2" x="771.96" y="201.65" angle="-90.00" type="DEFAULT_VEHTYPE" speed="12.89" pos="28.04" lane="4/1to3/1_0" slope="0.00"/>
        <vehicle id="21" x="398.35" y="448.03" angle="0.00" type="DEFAULT_VEHTYPE" speed="12.75" pos="147.22" lane="2/3to2/2_0" slope="0.00"/>
        <vehicle id="23" x="398.35" y="767.48" angle="0.00" type="DEFAULT_VEHTYPE" speed="13.84" pos="32.52" lane="2/4to2/3_0" slope="0.00"/>
        <vehicle id="25" x="398.35" y="74.36" angle="0.00" type="DEFAULT_VEHTYPE" speed="13.52" pos="120.89" lane="2/1to2/0_0" slope="0.00"/>
        <vehicle id="27" x="23.46" y="398.35" angle="90.00" type="DEFAULT_VEHTYPE" speed="12.92" pos="23.46" lane="0/2to1/2_0" slope="0.00"/>
        <vehicle id="29" x="267.95" y="198.35" angle="90.00" type="DEFAULT_VEHTYPE" speed="12.83" pos="63.20" lane="1/1to2/1_0" slope="0.00"/>
        <vehicle id="3" x="279.99" y="598.35" angle="90.00" type="DEFAULT_VEHTYPE" speed="13.79" pos="75.24" lane="1/3to2/3_0" slope="0.00"/>
        <vehicle id="32" x="326.73" y="401.65" angle="-90.00" type="DEFAULT_VEHTYPE" speed="12.89" pos="68.52" lane="2/2to1/2_0" slope="0.00"/>
        <vehicle id="37" x="204.40" y="401.60" angle="-89.42" type="DEFAULT_VEHTYPE" speed="6.08" pos="0.36" lane=":1/2_6_0" slope="0.00"/>
        <vehicle id="38" x="398.16" y="598.81" angle="95.34" type="DEFAULT_VEHTYPE" speed="3.76" pos="2.95" lane=":2/3_14_0" slope="0.00"/>
        <vehicle id="4" x="198.35" y="280.72" angle="0.00" type="DEFAULT_VEHTYPE" speed="13.86" pos="114.53" lane="1/2to1/1_0" slope="0.00"/>
        <vehicle id="41" x="398.35" y="522.23" angle="0.00" type="DEFAULT_VEHTYPE" speed="12.74" pos="73.02" lane="2/3to2/2_0" slope="0.00"/>
        <vehicle id="42" x="398.35" y="110.64" angle="0.00" type="DEFAULT_VEHTYPE" speed="12.63" pos="84.61" lane="2/1to2/0_0" slope="0.00"/>
        <vehicle id="43" x="376.09" y="598.35" angle="90.00" type="DEFAULT_VEHTYPE" speed="8.15" pos="171.34" lane="1/3to2/3_0" slope="0.00"/>
        <vehicle id="44" x="562.09" y="401.65" angle="-90.00" type="DEFAULT_VEHTYPE" speed="13.66" pos="33.16" lane="3/2to2/2_0" slope="0.00"/>
        <vehicle id="46" x="203.71" y="201.80" angle="-91.67" type="DEFAULT_VEHTYPE" speed="7.77" pos="1.05" lane=":1/1_4_0" slope="0.00"/>
        <vehicle id="47" x="398.35" y="632.48" angle="0.00" type="DEFAULT_VEHTYPE" speed="13.54" pos="167.52" lane="2/4to2/3_0" slope="0.00"/>
        <vehicle id="49" x="398.35" y="482.03" angle="0.00" type="DEFAULT_VEHTYPE" speed="12.60" pos="113.22" lane="2/3to2/2_0" slope="0.00"/>
        <vehicle id="6" x="398.35" y="554.13" angle="0.00" type="DEFAULT_VEHTYPE" speed="13.89" pos="41.12" lane="2/3to2/2_0" slope="0.00"/>
    </timestep>
    <timestep time="705.00">
        <vehicle id="1" x="401.65" y="796.64" angle="180.00" type="DEFAULT_VEHTYPE" speed="13.06" pos="191.89" lane="2/3to2/4_0" slope="0.00"/>
        <vehicle id="11" x="201.65" y="266.21" angle="180.00" type="DEFAULT_VEHTYPE" speed="13.33" pos="61.46" lane="1/1to1/2_0" slope="0.00"/>
        <vehicle id="13" x="651.51" y="198.35" angle="90.00" type="DEFAULT_VEHTYPE" speed="13.65" pos="46.76" lane="3/1to4/1_0" slope="0.00"/>
        <vehicle id="17" x="201.65" y="406.07" angle="170.20" type="DEFAULT_VEHTYPE" speed="7.10" pos="1.32" lane="1/2to1/3_0" slope="0.00"/>
        <vehicle id="2" x="758.79" y="201.65" angle="-90.00" type="DEFAULT_VEHTYPE" speed="13.17" pos="41.21" lane="4/1to3/1_0" slope="0.00"/>
        <vehicle id="21" x="398.35" y="434.33" angle="0.00" type="DEFAULT_VEHTYPE" speed="13.70" pos="160.92" lane="2/3to2/2_0" slope="0.00"/>
        <vehicle id="23" x="398.35" y="754.20" angle="0.00" type="DEFAULT_VEHTYPE" speed="13.28" pos="45.80" lane="2/4to2/3_0" slope="0.00"/>
        <vehicle id="25" x="398.35" y="61.09" angle="0.00" type="DEFAULT_VEHTYPE" speed="13.26" pos="134.16" lane="2/1to2/0_0" slope="0.00"/>
        <vehicle id="27" x="36.90" y="398.35" angle="90.00" type="DEFAULT_VEHTYPE" speed="13.43" pos="36.90" lane="0/2to1/2_0" slope="0.00"/>
        <vehicle id="29" x="281.84" y="198.35" angle="90.00" type="DEFAULT_VEHTYPE" speed="13.89" pos="77.09" lane="1/1to2/1_0" slope="0.00"/>
        <vehicle id="3" x="293.30" y="598.35" angle="90.00" type="DEFAULT_VEHTYPE" speed="13.31" pos="88.55" lane="1/3to2/3_0" slope="0.00"/>
        <vehicle id="32" x="313.88" y="401.65" angle="-90.00" type="DEFAULT_VEHTYPE" speed="12.85" pos="81.37" lane="2/2to1/2_0" slope="0.00"/>
        <vehicle id="37" x="198.54" y="396.55" angle="-30.47" type="DEFAULT_VEHTYPE" speed="8.64" pos="9.00" lane=":1/2_6_0" slope="0.00"/>
        <vehicle id="38" x="401.49" y="603.64" angle="151.51" type="DEFAULT_VEHTYPE" speed="6.24" pos="9.19" lane=":2/3_14_0" slope="0.00"/>
        <vehicle id="4" x="198.35" y="267.12" angle="0.00" type="DEFAULT_VEHTYPE" speed="13.60" pos="128.13" lane="1/2to1/1_0" slope="0.00"/>
        <vehicle id="41" x="398.35" y="508.43" angle="0.00" type="DEFAULT_VEHTYPE" speed="13.80" pos="86.82" lane="2/3to2/2_0" slope="0.00"/>
        <vehicle id="42" x="398.35" y="97.62" angle="0.00" type="DEFAULT_VEHTYPE" speed="13.01" pos="97.63" lane="2/1to2/0_0" slope="0.00"/>
        <vehicle id="43" x="382.73" y="598.35" angle="90.00" type="DEFAULT_VEHTYPE" speed="6.64" pos="177.98" lane="1/3to2/3_0" slope="0.00"/>
        <vehicle id="44" x="549.47" y="401.65" angle="-90.00" type="DEFAULT_VEHTYPE" speed="12.62" pos="45.78" lane="3/2to2/2_0" slope="0.00"/>
        <vehicle id="46" x="201.65" y="210.78" angle="180.00" type="DEFAULT_VEHTYPE" speed="9.97" pos="6.03" lane="1/1to1/2_0" slope="0.00"/>
        <vehicle id="47" x="398.35" y="622.87" angle="0.00" type="DEFAULT_VEHTYPE" speed="9.60" pos="177.13" lane="2/4to2/3_0" slope="0.00"/>
        <vehicle id="49" x="398.35" y="468.66" angle="0.00" type="DEFAULT_VEHTYPE" speed="13.37" pos="126.59" lane="2/3to2/2_0" slope="0.00"/>
        <vehicle id="6" x="398.35" y="540.48" angle="0.00" type="DEFAULT_VEHTYPE" speed="13.65" pos="54.77" lane="2/3to2/2_0" slope="0.00"/>
    </timestep>
    <timestep time="706.00">
        <vehicle id="1" x="398.35" y="795.01" angle="-0.05" type="DEFAULT_VEHTYPE" speed="13.17" pos="4.99" lane="2/4to2/3_0" slope="0.00"/>
        <vehicle id="11" x="201.65" y="278.95" angle="180.00" type="DEFAULT_VEHTYPE" speed="12.73" pos="74.20" lane="1/1to1/2_0" slope="0.00"/>
        <vehicle id="13" x="665.39" y="198.35" angle="90.00" type="DEFAULT_VEHTYPE" speed="13.88" pos="60.64" lane="3/1to4/1_0" slope="0.00"/>
        <vehicle id="17" x="201.65" y="414.81" angle="180.00" type="DEFAULT_VEHTYPE" speed="8.74" pos="10.06" lane="1/2to1/3_0" slope="0.00"/>
        <vehicle id="2" x="745.39" y="201.65" angle="-90.00" type="DEFAULT_VEHTYPE" speed="13.40" pos="54.61" lane="4/1to3/1_0" slope="0.00"/>
        <vehicle id="21" x="398.35" y="421.29" angle="0.00" type="DEFAULT_VEHTYPE" speed="13.04" pos="173.96" lane="2/3to2/2_0" slope="0.00"/>
        <vehicle id="23" x="398.35" y="740.51" angle="0.00" type="DEFAULT_VEHTYPE" speed="13.70" pos="59.49" lane="2/4to2/3_0" slope="0.00"/>
        <vehicle id="25" x="398.35" y="47.22" angle="0.00" type="DEFAULT_VEHTYPE" speed="13.88" pos="148.03" lane="2/1to2/0_0" slope="0.00"/>
        <vehicle id="27" x="50.38" y="398.35" angle="90.00" type="DEFAULT_VEHTYPE" speed="13.48" pos="50.38" lane="0/2to1/2_0" slope="0.00"/>
        <vehicle id="29" x="294.80" y="198.35" angle="90.00" type="DEFAULT_VEHTYPE" speed="12.96" pos="90.05" lane="1/1to2/1_0" slope="0.00"/>
        <vehicle id="3" x="306.51" y="598.35" angle="90.00" type="DEFAULT_VEHTYPE" speed="13.22" pos="101.76" lane="1/3to2/3_0" slope="0.00"/>
        <vehicle id="32" x="300.76" y="401.65" angle="-90.00" type="DEFAULT_VEHTYPE" speed="13.12" pos="94.49" lane="2/2to1/2_0" slope="0.00"/>
        <vehicle id="37" x="198.35" y="386.21" angle="0.00" type="DEFAULT_VEHTYPE" speed="10.35" pos="9.04" lane="1/2to1/1_0" slope="0.00"/>
        <vehicle id="38" x="401.65" y="612.44" angle="180.00" type="DEFAULT_VEHTYPE" speed="8.81" pos="7.69" lane="2/3to2/4_0" slope="0.00"/>
        <vehicle id="4" x="198.35" y="254.16" angle="0.00" type="DEFAULT_VEHTYPE" speed="12.96" pos="141.09" lane="1/2to1/1_0" slope="0.00"/>
        <vehicle id="41" x="398.35" y="495.79" angle="0.00" type="DEFAULT_VEHTYPE" speed="12.63" pos="99.46" lane="2/3to2/2_0" slope="0.00"/>
        <vehicle id="42" x="398.35" y="85.00" angle="0.00" type="DEFAULT_VEHTYPE" speed="12.63" pos="110.25" lane="2/1to2/0_0" slope="0.00"/>
        <vehicle id="43" x="387.64" y="598.35" angle="90.00" type="DEFAULT_VEHTYPE" speed="4.91" pos="182.89" lane="1/3to2/3_0" slope="0.00"/>
        <vehicle id="44" x="536.24" y="401.65" angle="-90.00" type="DEFAULT_VEHTYPE" speed="13.23" pos="59.01" lane="3/2to2/2_0" slope="0.00"/>
        <vehicle id="46" x="201.65" y="222.18" angle="180.00" type="DEFAULT_VEHTYPE" speed="11.40" pos="17.43" lane="1/1to1/2_0" slope="0.00"/>
        <vehicle id="47" x="398.35" y="612.68" angle="0.00" type="DEFAULT_VEHTYPE" speed="10.19" pos="187.32" lane="2/4to2/3_0" slope="0.00"/>
        <vehicle id="49" x="398.35" y="455.02" angle="0.00" type="DEFAULT_VEHTYPE" speed="13.64" pos="140.23" lane="2/3to2/2_0" slope="0.00"/>
        <vehicle id="6" x="398.35" y="527.46" angle="0.00" type="DEFAULT_VEHTYPE" speed="13.02" pos="67.79" lane="2/3to2/2_0" slope="0.00"/>
    </timestep>
    <timestep time="707.00">
        <vehicle id="1" x="398.35" y="782.10" angle="0.00" type="DEFAULT_VEHTYPE" speed="12.91" pos="17.90" lane="2/4to2/3_0" slope="0.00"/>
        <vehicle id="11" x="201.65" y="292.31" angle="180.00" type="DEFAULT_VEHTYPE" speed="13.36" pos="87.56" lane="1/1to1/2_0" slope="0.00"/>
        <vehicle id="13" x="678.29" y="198.35" angle="90.00" type="DEFAULT_VEHTYPE" speed="12.90" pos="73.54" lane="3/1to4/1_0" slope="0.00"/>
        <vehicle id="17" x="201.65" y="425.23" angle="180.00" type="DEFAULT_VEHTYPE" speed="10.42" pos="20.48" lane="1/2to1/3_0" slope="0.00"/>
        <vehicle id="2" x="732.40" y="201.65" angle="-90.00" type="DEFAULT_VEHTYPE" speed="12.99" pos="67.60" lane="4/1to3/1_0" slope="0.00"/>
        <vehicle id="21" x="398.35" y="407.91" angle="0.00" type="DEFAULT_VEHTYPE" speed="13.37" pos="187.34" lane="2/3to2/2_0" slope="0.00"/>
        <vehicle id="23" x="398.35" y="727.17" angle="0.00" type="DEFAULT_VEHTYPE" speed="13.34" pos="72.83" lane="2/4to2/3_0" slope="0.00"/>
        <vehicle id="25" x="398.35" y="34.43" angle="0.00" type="DEFAULT_VEHTYPE" speed="12.79" pos="160.82" lane="2/1to2/0_0" slope="0.00"/>
        <vehicle id="27" x="63.01" y="398.35" angle="90.00" type="DEFAULT_VEHTYPE" speed="12.63" pos="63.01" lane="0/2to1/2_0" slope="0.00"/>
        <vehicle id="29" x="308.33" y="198.35" angle="90.00" type="DEFAULT_VEHTYPE" speed="13.53" pos="103.58" lane="1/1to2/1_0" slope="0.00"/>
        <vehicle id="3" x="319.98" y="598.35" angle="90.00" type="DEFAULT_VEHTYPE" speed="13.46" pos="115.23" lane="1/3to2/3_0" slope="0.00"/>
        <vehicle id="32" x="287.81" y="401.65" angle="-90.00" type="DEFAULT_VEHTYPE" speed="12.95" pos="107.44" lane="2/2to1/2_0" slope="0.00"/>
        <vehicle id="37" x="198.35" y="374.52" angle="0.00" type="DEFAULT_VEHTYPE" speed="11.69" pos="20.73" lane="1/2to1/1_0" slope="0.00"/>
        <vehicle id="38" x="401.65" y="622.59" angle="180.00" type="DEFAULT_VEHTYPE" speed="10.15" pos="17.84" lane="2/3to2/4_0" slope="0.00"/>
        <vehicle id="4" x="198.35" y="241.51" angle="0.00" type="DEFAULT_VEHTYPE" speed="12.66" pos="153.74" lane="1/2to1/1_0" slope="0.00"/>
        <vehicle id="41" x="398.35" y="482.17" angle="0.00" type="DEFAULT_VEHTYPE" speed="13.62" pos="113.08" lane="2/3to2/2_0" slope="0.00"/>
        <vehicle id="42" x="398.35" y="71.44" angle="0.00" type="DEFAULT_VEHTYPE" speed="13.56" pos="123.81" lane="2/1to2/0_0" slope="0.00"/>
        <vehicle id="43" x="390.38" y="598.35" angle="90.00" type="DEFAULT_VEHTYPE" speed="2.74" pos="185.63" lane="1/3to2/3_0" slope="0.00"/>
        <vehicle id="44" x="522.45" y="401.65" angle="-90.00" type="DEFAULT_VEHTYPE" speed="13.79" pos="72.80" lane="3/2to2/2_0" slope="0.00"/>
        <vehicle id="46" x="201.65" y="235.53" angle="180.00" type="DEFAULT_VEHTYPE" speed="13.35" pos="30.78" lane="1/1to1/2_0" slope="0.00"/>
        <vehicle id="47" x="398.35" y="600.97" angle="0.00" type="DEFAULT_VEHTYPE" speed="11.71" pos="3.78" lane=":2/3_1_0" slope="0.00"/>
        <vehicle id="49" x="398.35" y="441.23" angle="0.00" type="DEFAULT_VEHTYPE" speed="13.79" pos="154.02" lane="2/3to2/2_0" slope="0.00"/>
        <vehicle id="6" x="398.35" y="513.84" angle="0.00" type="DEFAULT_VEHTYPE" speed="13.62" pos="81.41" lane="2/3to2/2_0" slope="0.00"/>
    </timestep>
    <timestep time="708.00">
        <vehicle id="1" x="398.35" y="768.86" angle="0.00" type="DEFAULT_VEHTYPE" speed="13.24" pos="31.14" lane="2/4to2/3_0" slope="0.00"/>
        <vehicle id="11" x="201.65" y="305.87" angle="180.00" type="DEFAULT_VEHTYPE" speed="13.56" pos="101.12" lane="1/1to1/2_0" slope="0.00"/>
        <vehicle id="13" x="691.03" y="198.35" angle="90.00" type="DEFAULT_VEHTYPE" speed="12.74" pos="86.28" lane="3/1to4/1_0" slope="0.00"/>
        <vehicle id="17" x="201.65" y="438.22" angle="180.00" type="DEFAULT_VEHTYPE" speed="12.99" pos="33.47" lane="1/2to1/3_0" slope="0.00"/>
        <vehicle id="2" x="718.52" y="201.65" angle="-90.00" type="DEFAULT_VEHTYPE" speed="13.88" pos="81.48" lane="4/1to3/1_0" slope="0.00"/>
        <vehicle id="21" x="398.35" y="394.88" angle="0.00" type="DEFAULT_VEHTYPE" speed="13.03" pos="0.37" lane="2/2to2/1_0" slope="0.00"/>
        <vehicle id="23" x="398.35" y="714.49" angle="0.00" type="DEFAULT_VEHTYPE" speed="12.68" pos="85.51" lane="2/4to2/3_0" slope="0.00"/>
        <vehicle id="25" x="398.35" y="21.18" angle="0.00" type="DEFAULT_VEHTYPE" speed="13.25" pos="174.07" lane="2/1to2/0_0" slope="0.00"/>
        <vehicle id="27" x="76.12" y="398.35" angle="90.00" type="DEFAULT_VEHTYPE" speed="13.11" pos="76.12" lane="0/2to1/2_0" slope="0.00"/>
        <vehicle id="29" x="322.18" y="198.35" angle="90.00" type="DEFAULT_VEHTYPE" speed="13.85" pos="117.43" lane="1/1to2/1_0" slope="0.00"/>
        <vehicle id="3" x="333.58" y="598.35" angle="90.00" type="DEFAULT_VEHTYPE" speed="13.60" pos="128.83" lane="1/3to2/3_0" slope="0.00"/>
        <vehicle id="32" x="274.70" y="401.65" angle="-90.00" type="DEFAULT_VEHTYPE" speed="13.11" pos="120.55" lane="2/2to1/2_0" slope="0.00"/>
        <vehicle id="37" x="198.35" y="361.45" angle="0.00" type="DEFAULT_VEHTYPE" speed="13.08" pos="33.80" lane="1/2to1/1_0" slope="0.00"/>
        <vehicle id="38" x="401.65" y="634.23" angle="180.00" type="DEFAULT_VEHTYPE" speed="11.64" pos="29.48" lane="2/3to2/4_0" slope="0.00"/>
        <vehicle id="4" x="198.35" y="227.79" angle="0.00" type="DEFAULT_VEHTYPE" speed="13.71" pos="167.46" lane="1/2to1/1_0" slope="0.00"/>
        <vehicle id="41" x="398.35" y="468.91" angle="0.00" type="DEFAULT_VEHTYPE" speed="13.26" pos="126.34" lane="2/3to2/2_0" slope="0.00"/>
        <vehicle id="42" x="398.35" y="57.82" angle="0.00" type="DEFAULT_VEHTYPE" speed="13.62" pos="137.43" lane="2/1to2/0_0" slope="0.00"/>
        <vehicle id="43" x="392.30" y="598.35" angle="90.00" type="DEFAULT_VEHTYPE" speed="1.92" pos="187.55" lane="1/3to2/3_0" slope="0.00"/>
        <vehicle id="44" x="509.80" y="401.65" angle="-90.00" type="DEFAULT_VEHTYPE" speed="12.65" pos="85.45" lane="3/2to2/2_0" slope="0.00"/>
        <vehicle id="46" x="201.65" y="248.90" angle="180.00" type="DEFAULT_VEHTYPE" speed="13.37" pos="44.15" lane="1/1to1/2_0" slope="0.00"/>
        <vehicle id="47" x="398.35" y="588.09" angle="0.00" type="DEFAULT_VEHTYPE" speed="12.88" pos="7.16" lane="2/3to2/2_0" slope="0.00"/>
        <vehicle id="49" x="398.35" y="428.63" angle="0.00" type="DEFAULT_VEHTYPE" speed="12.60" pos="166.62" lane="2/3to2/2_0" slope="0.00"/>
        <vehicle id="6" x="398.35" y="500.39" angle="0.00" type="DEFAULT_VEHTYPE" speed="13.45" pos="94.86" lane="2/3to2/2_0" slope="0.00"/>
    </timestep>
    <timestep time="709.00">
        <vehicle id="1" x="398.35" y="755.48" angle="0.00" type="DEFAULT_VEHTYPE" speed="13.38" pos="44.52" lane="2/4to2/3_0" slope="0.00"/>
        <vehicle id="11" x="201.65" y="319.16" angle="180.00" type="DEFAULT_VEHTYPE" speed="13.30" pos="114.41" lane="1/1to1/2_0" slope="0.00"/>
        <vehicle id="13" x="704.35" y="198.35" angle="90.00" type="DEFAULT_VEHTYPE" speed="13.32" pos="99.60" lane="3/1to4/1_0" slope="0.00"/>
        <vehicle id="17" x="201.65" y="451.05" angle="180.00" type="DEFAULT_VEHTYPE" speed="12.83" pos="46.30" lane="1/2to1/3_0" slope="0.00"/>
        <vehicle id="2" x="705.64" y="201.65" angle="-90.00" type="DEFAULT_VEHTYPE" speed="12.88" pos="94.36" lane="4/1to3/1_0" slope="0.00"/>
        <vehicle id="21" x="398.35" y="381.28" angle="0.00" type="DEFAULT_VEHTYPE" speed="13.60" pos="13.97" lane="2/2to2/1_0" slope="0.00"/>
        <vehicle id="23" x="398.35" y="700.80" angle="0.00" type="DEFAULT_VEHTYPE" speed="13.69" pos="99.20" lane="2/4to2/3_0" slope="0.00"/>
        <vehicle id="25" x="398.35" y="7.53" angle="0.00" type="DEFAULT_VEHTYPE" speed="13.65" pos="187.72" lane="2/1to2/0_0" slope="0.00"/>
        <vehicle id="27" x="89.56" y="398.35" angle="90.00" type="DEFAULT_VEHTYPE" speed="13.44" pos="89.56" lane="0/2to1/2_0" slope="0.00"/>
        <vehicle id="29" x="335.04" y="198.35" angle="90.00" type="DEFAULT_VEHTYPE" speed="12.86" pos="130.29" lane="1/1to2/1_0" slope="0.00"/>
        <vehicle id="3" x="347.10" y="598.35" angle="90.00" type="DEFAULT_VEHTYPE" speed="13.52" pos="142.35" lane="1/3to2/3_0" slope="0.00"/>
        <vehicle id="32" x="260.96" y="401.65" angle="-90.00" type="DEFAULT_VEHTYPE" speed="13.74" pos="134.29" lane="2/2to1/2_0" slope="0.00"/>
        <vehicle id="37" x="198.35" y="347.88" angle="0.00" type="DEFAULT_VEHTYPE" speed="13.57" pos="47.37" lane="1/2to1/1_0" slope="0.00"/>
        <vehicle id="38" x="401.65" y="647.53" angle="180.00" type="DEFAULT_VEHTYPE" speed="13.30" pos="42.78" lane="2/3to2/4_0" slope="0.00"/>
        <vehicle id="4" x="198.35" y="215.13" angle="0.00" type="DEFAULT_VEHTYPE" speed="12.67" pos="180.12" lane="1/2to1/1_0" slope="0.00"/>
        <vehicle id="41" x="398.35" y="456.24" angle="0.00" type="DEFAULT_VEHTYPE" speed="12.67" pos="139.01" lane="2/3to2/2_0" slope="0.00"/>
        <vehicle id="42" x="398.35" y="44.26" angle="0.00" type="DEFAULT_VEHTYPE" speed="13.56" pos="150.99" lane="2/1to2/0_0" slope="0.00"/>
        <vehicle id="43" x="395.88" y="598.44" angle="91.04" type="DEFAULT_VEHTYPE" speed="3.59" pos="0.64" lane=":2/3_14_0" slope="0.00"/>
        <vehicle id="44" x="496.66" y="401.65" angle="-90.00" type="DEFAULT_VEHTYPE" speed="13.15" pos="98.59" lane="3/2to2/2_0" slope="0.00"/>
        <vehicle id="46" x="201.65" y="262.20" angle="180.00" type="DEFAULT_VEHTYPE" speed="13.31" pos="57.45" lane="1/1to1/2_0" slope="0.00"/>
        <vehicle id="47" x="398.35" y="574.74" angle="0.00" type="DEFAULT_VEHTYPE" speed="13.35" pos="20.51" lane="2/3to2/2_0" slope="0.00"/>
        <vehicle id="49" x="398.35" y="414.80" angle="0.00" type="DEFAULT_VEHTYPE" speed="13.83" pos="180.45" lane="2/3to2/2_0" slope="0.00"/>
        <vehicle id="6" x="398.35" y="486.70" angle="0.00" type="DEFAULT_VEHTYPE" speed="13.69" pos="108.55" lane="2/3to2/2_0" slope="0.00"/>
    </timestep>
    <timestep time="710.00">
        <vehicle id="1" x="398.35" y="742.83" angle="0.00" type="DEFAULT_VEHTYPE" speed="12.65" pos="57.17" lane="2/4to2/3_0" slope="0.00"/>
        <vehicle id="11" x="201.65" y="332.93" angle="180.00" type="DEFAULT_VEHTYPE" speed="13.76" pos="128.18" lane="1/1to1/2_0" slope="0.00"/>
        <vehicle id="13" x="717.11" y="198.35" angle="90.00" type="DEFAULT_VEHTYPE" speed="12.76" pos="112.36" lane="3/1to4/1_0" slope="0.00"/>
        <vehicle id="17" x="201.65" y="464.08" angle="180.00" type="DEFAULT_VEHTYPE" speed="13.03" pos="59.33" lane="1/2to1/3_0" slope="0.00"/>
        <vehicle id="2" x="692.23" y="201.65" angle="-90.00" type="DEFAULT_VEHTYPE" speed="13.40" pos="107.77" lane="4/1to3/1_0" slope="0.00"/>
        <vehicle id="21" x="398.35" y="368.06" angle="0.00" type="DEFAULT_VEHTYPE" speed="13.22" pos="27.19" lane="2/2to2/1_0" slope="0.00"/>
        <vehicle id="23" x="398.35" y="687.91" angle="0.00" type="DEFAULT_VEHTYPE" speed="12.89" pos="112.09" lane="2/4to2/3_0" slope="0.00"/>
        <vehicle id="25" x="401.65" y="1.12" angle="124.32" type="DEFAULT_VEHTYPE" speed="13.46" pos="1.12" lane="2/0to2/1_0" slope="0.00"/>
        <vehicle id="27" x="103.27" y="398.35" angle="90.00" type="DEFAULT_VEHTYPE" speed="13.71" pos="103.27" lane="0/2to1/2_0" slope="0.00"/>
        <vehicle id="29" x="348.47" y="198.35" angle="90.00" type="DEFAULT_VEHTYPE" speed="13.42" pos="143.72" lane="1/1to2/1_0" slope="0.00"/>
        <vehicle id="3" x="360.14" y="598.35" angle="90.00" type="DEFAULT_VEHTYPE" speed="13.04" pos="155.39" lane="1/3to2/3_0" slope="0.00"/>
        <vehicle id="32" x="247.31" y="401.65" angle="-90.00" type="DEFAULT_VEHTYPE" speed="13.64" pos="147.94" lane="2/2to1/2_0" slope="0.00"/>
        <vehicle id="37" x="198.35" y="334.27" angle="0.00" type="DEFAULT_VEHTYPE" speed="13.61" pos="60.98" lane="1/2to1/1_0" slope="0.00"/>
        <vehicle id="38" x="401.65" y="660.76" angle="180.00" type="DEFAULT_VEHTYPE" speed="13.23" pos="56.01" lane="2/3to2/4_0" slope="0.00"/>
        <vehicle id="4" x="197.08" y="202.12" angle="-15.59" type="DEFAULT_VEHTYPE" speed="13.46" pos="3.08" lane=":1/1_0_0" slope="0.00"/>
        <vehicle id="41" x="398.35" y="443.05" angle="0.00" type="DEFAULT_VEHTYPE" speed="13.19" pos="152.20" lane="2/3to2/2_0" slope="0.00"/>
        <vehicle id="42" x="398.35" y="30.83" angle="0.00" type="DEFAULT_VEHTYPE" speed="13.43" pos="164.42" lane="2/1to2/0_0" slope="0.00"/>
        <vehicle id="43" x="400.37" y="600.49" angle="115.01" type="DEFAULT_VEHTYPE" speed="5.15" pos="5.79" lane=":2/3_14_0" slope="0.00"/>
        <vehicle id="44" x="483.19" y="401.65" angle="-90.00" type="DEFAULT_VEHTYPE" speed="13.47" pos="112.06" lane="3/2to2/2_0" slope="0.00"/>
        <vehicle id="46" x="201.65" y="275.49" angle="180.00" type="DEFAULT_VEHTYPE" speed="13.28" pos="70.74" lane="1/1to1/2_0" slope="0.00"/>
        <vehicle id="47" x="398.35" y="562.11" angle="0.00" type="DEFAULT_VEHTYPE" speed="12.63" pos="33.14" lane="2/3to2/2_0" slope="0.00"/>
        <vehicle id="49" x="396.53" y="401.83" angle="-23.30" type="DEFAULT_VEHTYPE" speed="13.76" pos="3.71" lane=":2/2_0_0" slope="0.00"/>
        <vehicle id="6" x="398.35" y="472.87" angle="0.00" type="DEFAULT_VEHTYPE" speed="13.84" pos="122.38" lane="2/3to2/2_0" slope="0.00"/>
    </timestep>
    <timestep time="711.00">
        <vehicle id="1" x="398.35" y="729.08" angle="0.00" type="DEFAULT_VEHTYPE" speed="13.75" pos="70.92" lane="2/4to2/3_0" slope="0.00"/>
        <vehicle id="11" x="201.65" y="346.52" angle="180.00" type="DEFAULT_VEHTYPE" speed="13.59" pos="141.77" lane="1/1to1/2_0" slope="0.00"/>
        <vehicle id="13" x="729.75" y="198.35" angle="90.00" type="DEFAULT_VEHTYPE" speed="12.64" pos="125.00" lane="3/1to4/1_0" slope="0.00"/>
        <vehicle id="17" x="201.65" y="476.71" angle="180.00" type="DEFAULT_VEHTYPE" speed="12.63" pos="71.96" lane="1/2to1/3_0" slope="0.00"/>
        <vehicle id="2" x="679.17" y="201.65" angle="-90.00" type="DEFAULT_VEHTYPE" speed="13.07" pos="120.83" lane="4/1to3/1_0" slope="0.00"/>
        <vehicle id="21" x="398.35" y="354.99" angle="0.00" type="DEFAULT_VEHTYPE" speed="13.07" pos="40.26" lane="2/2to2/1_0" slope="0.00"/>
        <vehicle id="23" x="398.35" y="674.39" angle="0.00" type="DEFAULT_VEHTYPE" speed="13.51" pos="125.61" lane="2/4to2/3_0" slope="0.00"/>
        <vehicle id="25" x="401.65" y="13.98" angle="180.00" type="DEFAULT_VEHTYPE" speed="12.87" pos="13.98" lane="2/0to2/1_0" slope="0.00"/>
        <vehicle id="27" x="117.01" y="398.35" angle="90.00" type="DEFAULT_VEHTYPE" speed="13.74" pos="117.01" lane="0/2to1/2_0" slope="0.00"/>
        <vehicle id="29" x="361.80" y="198.35" angle="90.00" type="DEFAULT_VEHTYPE" speed="13.33" pos="157.05" lane="1/1to2/1_0" slope="0.00"/>
        <vehicle id="3" x="373.11" y="598.35" angle="90.00" type="DEFAULT_VEHTYPE" speed="12.97" pos="168.36" lane="1/3to2/3_0" slope="0.00"/>
        <vehicle id="32" x="233.92" y="401.65" angle="-90.00" type="DEFAULT_VEHTYPE" speed="13.40" pos="161.33" lane="2/2to1/2_0" slope="0.00"/>
        <vehicle id="37" x="198.35" y="321.48" angle="0.00" type="DEFAULT_VEHTYPE" speed="12.79" pos="73.77" lane="1/2to1/1_0" slope="0.00"/>
        <vehicle id="38" x="401.65" y="673.97" angle="180.00" type="DEFAULT_VEHTYPE" speed="13.21" pos="69.22" lane="2/3to2/4_0" slope="0.00"/>
        <vehicle id="4" x="184.02" y="201.65" angle="-90.00" type="DEFAULT_VEHTYPE" speed="13.15" pos="11.23" lane="1/1to0/1_0" slope="0.00"/>
        <vehicle id="41" x="398.35" y="429.59" angle="0.00" type="DEFAULT_VEHTYPE" speed="13.46" pos="165.66" lane="2/3to2/2_0" slope="0.00"/>
        <vehicle id="42" x="398.35" y="17.41" angle="0.00" type="DEFAULT_VEHTYPE" speed="13.42" pos="177.84" lane="2/1to2/0_0" slope="0.00"/>
        <vehicle id="43" x="401.65" y="607.69" angle="176.65" type="DEFAULT_VEHTYPE" speed="7.47" pos="2.94" lane="2/3to2/4_0" slope="0.00"/>
        <vehicle id="44" x="469.43" y="401.65" angle="-90.00" type="DEFAULT_VEHTYPE" speed="13.76" pos="125.82" lane="3/2to2/2_0" slope="0.00"/>
        <vehicle id="46" x="201.65" y="288.18" angle="180.00" type="DEFAULT_VEHTYPE" speed="12.69" pos="83.43" lane="1/1to1/2_0" slope="0.00"/>
        <vehicle id="47" x="398.35" y="549.34" angle="0.00" type="DEFAULT_VEHTYPE" speed="12.77" pos="45.91" lane="2/3to2/2_0" slope="0.00"/>
        <vehicle id="49" x="383.79" y="401.65" angle="-90.00" type="DEFAULT_VEHTYPE" speed="12.75" pos="11.46" lane="2/2to1/2_0" slope="0.00"/>
        <vehicle id="6" x="398.35" y="459.48" angle="0.00" type="DEFAULT_VEHTYPE" speed="13.39" pos="135.77" lane="2/3to2/2_0" slope="0.00"/>
    </timestep>
    <timestep time="712.00">
        <vehicle id="1" x="398.35" y="716.07" angle="0.00" type="DEFAULT_VEHTYPE" speed="13.02" pos="83.93" lane="2/4to2/3_0" slope="0.00"/>
        <vehicle id="11" x="201.65" y="360.05" angle="180.00" type="DEFAULT_VEHTYPE" speed="13.53" pos="155.30" lane="1/1to1/2_0" slope="0.00"/>
        <vehicle id="13" x="742.78" y="198.35" angle="90.00" type="DEFAULT_VEHTYPE" speed="13.02" pos="138.03" lane="3/1to4/1_0" slope="0.00"/>
        <vehicle id="17" x="201.65" y="490.17" angle="180.00" type="DEFAULT_VEHTYPE" speed="13.46" pos="85.42" lane="1/2to1/3_0" slope="0.00"/>
        <vehicle id="2" x="666.55" y="201.65" angle="-90.00" type="DEFAULT_VEHTYPE" speed="12.61" pos="133.45" lane="4/1to3/1_0" slope="0.00"/>
        <vehicle id="21" x="398.35" y="341.89" angle="0.00" type="DEFAULT_VEHTYPE" speed="13.10" pos="53.36" lane="2/2to2/1_0" slope="0.00"/>
        <vehicle id="23" x="398.35" y="660.63" angle="0.00" type="DEFAULT_VEHTYPE" speed="13.76" pos="139.37" lane="2/4to2/3_0" slope="0.00"/>
        <vehicle id="25" x="401.65" y="27.17" angle="180.00" type="DEFAULT_VEHTYPE" speed="13.19" pos="27.17" lane="2/0to2/1_0" slope="0.00"/>
        <vehicle id="27" x="130.74" y="398.35" angle="90.00" type="DEFAULT_VEHTYPE" speed="13.73" pos="130.74" lane="0/2to1/2_0" slope="0.00"/>
        <vehicle id="29" x="374.46" y="198.35" angle="90.00" type="DEFAULT_VEHTYPE" speed="12.67" pos="169.71" lane="1/1to2/1_0" slope="0.00"/>
        <vehicle id="3" x="381.81" y="598.35" angle="90.00" type="DEFAULT_VEHTYPE" speed="8.70" pos="177.06" lane="1/3to2/3_0" slope="0.00"/>
        <vehicle id="32" x="223.26" y="401.65" angle="-90.00" type="DEFAULT_VEHTYPE" speed="10.66" pos="171.99" lane="2/2to1/2_0" slope="0.00"/>
        <vehicle id="37" x="198.35" y="308.64" angle="0.00" type="DEFAULT_VEHTYPE" speed="12.84" pos="86.61" lane="1/2to1/1_0" slope="0.00"/>
        <vehicle id="38" x="401.65" y="687.71" angle="180.00" type="DEFAULT_VEHTYPE" speed="13.74" pos="82.96" lane="2/3to2/4_0" slope="0.00"/>
        <vehicle id="4" x="170.97" y="201.65" angle="-90.00" type="DEFAULT_VEHTYPE" speed="13.05" pos="24.28" lane="1/1to0/1_0" slope="0.00"/>
        <vehicle id="41" x="398.35" y="415.71" angle="0.00" type="DEFAULT_VEHTYPE" speed="13.88" pos="179.54" lane="2/3to2/2_0" slope="0.00"/>
        <vehicle id="42" x="398.35" y="4.08" angle="0.00" type="DEFAULT_VEHTYPE" speed="13.33" pos="191.17" lane="2/1to2/0_0" slope="0.00"/>
        <vehicle id="43" x="401.65" y="617.50" angle="180.00" type="DEFAULT_VEHTYPE" speed="9.81" pos="12.75" lane="2/3to2/4_0" slope="0.00"/>
        <vehicle id="44" x="456.32" y="401.65" angle="-90.00" type="DEFAULT_VEHTYPE" speed="13.11" pos="138.93" lane="3/2to2/2_0" slope="0.00"/>
        <vehicle id="46" x="201.65" y="301.68" angle="180.00" type="DEFAULT_VEHTYPE" speed="13.50" pos="96.93" lane="1/1to1/2_0" slope="0.00"/>
        <vehicle id="47" x="398.35" y="535.57" angle="0.00" type="DEFAULT_VEHTYPE" speed="13.77" pos="59.68" lane="2/3to2/2_0" slope="0.00"/>
        <vehicle id="49" x="370.18" y="401.65" angle="-90.00" type="DEFAULT_VEHTYPE" speed="13.61" pos="25.07" lane="2/2to1/2_0" slope="0.00"/>
        <vehicle id="6" x="398.35" y="446.14" angle="0.00" type="DEFAULT_VEHTYPE" speed="13.34" pos="149.11" lane="2/3to2/2_0" slope="0.00"/>
    </timestep>
    <timestep time="713.00">
        <vehicle id="1" x="398.35" y="703.36" angle="0.00" type="DEFAULT_VEHTYPE" speed="12.70" pos="96.64" lane="2/4to2/3_0" slope="0.00"/>
        <vehicle id="11" x="201.65" y="372.91" angle="180.00" type="DEFAULT_VEHTYPE" speed="12.86" pos="168.16" lane="1/1to1/2_0" slope="0.00"/>
        <vehicle id="13" x="755.63" y="198.35" angle="90.00" type="DEFAULT_VEHTYPE" speed="12.85" pos="150.88" lane="3/1to4/1_0" slope="0.00"/>
        <vehicle id="17" x="201.65" y="503.64" angle="180.00" type="DEFAULT_VEHTYPE" speed="13.47" pos="98.89" lane="1/2to1/3_0" slope="0.00"/>
        <vehicle id="2" x="652.80" y="201.65" angle="-90.00" type="DEFAULT_VEHTYPE" speed="13.76" pos="147.20" lane="4/1to3/1_0" slope="0.00"/>
        <vehicle id="21" x="398.35" y="328.59" angle="0.00" type="DEFAULT_VEHTYPE" speed="13.30" pos="66.66" lane="2/2to2/1_0" slope="0.00"/>
        <vehicle id="23" x="398.35" y="647.61" angle="0.00" type="DEFAULT_VEHTYPE" speed="13.02" pos="152.39" lane="2/4to2/3_0" slope="0.00"/>
        <vehicle id="25" x="401.65" y="40.13" angle="180.00" type="DEFAULT_VEHTYPE" speed="12.96" pos="40.13" lane="2/0to2/1_0" slope="0.00"/>
        <vehicle id="27" x="144.45" y="398.35" angle="90.00" type="DEFAULT_VEHTYPE" speed="13.71" pos="144.45" lane="0/2to1/2_0" slope="0.00"/>
        <vehicle id="29" x="382.63" y="198.35" angle="90.00" type="DEFAULT_VEHTYPE" speed="8.17" pos="177.88" lane="1/1to2/1_0" slope="0.00"/>
        <vehicle id="3" x="388.13" y="598.35" angle="90.00" type="DEFAULT_VEHTYPE" speed="6.32" pos="183.38" lane="1/3to2/3_0" slope="0.00"/>
        <vehicle id="32" x="215.69" y="401.65" angle="-90.00" type="DEFAULT_VEHTYPE" speed="7.57" pos="179.56" lane="2/2to1/2_0" slope="0.00"/>
        <vehicle id="37" x="198.35" y="295.90" angle="0.00" type="DEFAULT_VEHTYPE" speed="12.74" pos="99.35" lane="1/2to1/1_0" slope="0.00"/>
        <vehicle id="38" x="401.65" y="701.24" angle="180.00" type="DEFAULT_VEHTYPE" speed="13.53" pos="96.49" lane="2/3to2/4_0" slope="0.00"/>
        <vehicle id="4" x="157.25" y="201.65" angle="-90.00" type="DEFAULT_VEHTYPE" speed="13.73" pos="38.00" lane="1/1to0/1_0" slope="0.00"/>
        <vehicle id="41" x="398.35" y="402.60" angle="0.00" type="DEFAULT_VEHTYPE" speed="13.12" pos="2.15" lane=":2/2_1_0" slope="0.00"/>
        <vehicle id="42" x="401.65" y="4.57" angle="177.19" type="DEFAULT_VEHTYPE" speed="13.47" pos="4.57" lane="2/0to2/1_0" slope="0.00"/>
        <vehicle id="43" x="401.65" y="629.67" angle="180.00" type="DEFAULT_VEHTYPE" speed="12.17" pos="24.92" lane="2/3to2/4_0" slope="0.00"/>
        <vehicle id="44" x="442.57" y="401.65" angle="-90.00" type="DEFAULT_VEHTYPE" speed="13.75" pos="152.68" lane="3/2to2/2_0" slope="0.00"/>
        <vehicle id="46" x="201.65" y="315.36" angle="180.00" type="DEFAULT_VEHTYPE" speed="13.68" pos="110.61" lane="1/1to1/2_0" slope="0.00"/>
        <vehicle id="47" x="398.35" y="522.55" angle="0.00" type="DEFAULT_VEHTYPE" speed="13.02" pos="72.70" lane="2/3to2/2_0" slope="0.00"/>
        <vehicle id="49" x="357.00" y="401.65" angle="-90.00" type="DEFAULT_VEHTYPE" speed="13.18" pos="38.25" lane="2/2to1/2_0" slope="0.00"/>
        <vehicle id="6" x="398.35" y="433.23" angle="0.00" type="DEFAULT_VEHTYPE" speed="12.91" pos="162.02" lane="2/3to2/2_0" slope="0.00"/>
    </timestep>
    <timestep time="714.00">
        <vehicle id="1" x="398.35" y="690.24" angle="0.00" type="DEFAULT_VEHTYPE" speed="13.13" pos="109.76" lane="2/4to2/3_0" slope="0.00"/>
        <vehicle id="11" x="201.65" y="385.76" angle="180.00" type="DEFAULT_VEHTYPE" speed="12.85" pos="181.01" lane="1/1to1/2_0" slope="0.00"/>
        <vehicle id="13" x="769.46" y="198.35" angle="90.00" type="DEFAULT_VEHTYPE" speed="13.83" pos="164.71" lane="3/1to4/1_0" slope="0.00"/>
        <vehicle id="17" x="201.65" y="516.67" angle="180.00" type="DEFAULT_VEHTYPE" speed="13.04" pos="111.92" lane="1/2to1/3_0" slope="0.00"/>
        <vehicle id="2" x="640.09" y="201.65" angle="-90.00" type="DEFAULT_VEHTYPE" speed="12.71" pos="159.91" lane="4/1to3/1_0" slope="0.00"/>
        <vehicle id="21" x="398.35" y="314.97" angle="0.00" type="DEFAULT_VEHTYPE" speed="13.62" pos="80.28" lane="2/2to2/1_0" slope="0.00"/>
        <vehicle id="23" x="398.35" y="633.72" angle="0.00" type="DEFAULT_VEHTYPE" speed="13.90" pos="166.28" lane="2/4to2/3_0" slope="0.00"/>
        <vehicle id="25" x="401.65" y="53.45" angle="180.00" type="DEFAULT_VEHTYPE" speed="13.32" pos="53.45" lane="2/0to2/1_0" slope="0.00"/>
        <vehicle id="27" x="157.10" y="398.35" angle="90.00" type="DEFAULT_VEHTYPE" speed="12.65" pos="157.10" lane="0/2to1/2_0" slope="0.00"/>
        <vehicle id="29" x="387.88" y="198.35" angle="90.00" type="DEFAULT_VEHTYPE" speed="5.25" pos="183.13" lane="1/1to2/1_0" slope="0.00"/>
        <vehicle id="3" x="391.03" y="598.35" angle="90.00" type="DEFAULT_VEHTYPE" speed="2.90" pos="186.28" lane="1/3to2/3_0" slope="0.00"/>
        <vehicle id="32" x="210.53" y="401.65" angle="-90.00" type="DEFAULT_VEHTYPE" speed="5.16" pos="184.72" lane="2/2to1/2_0" slope="0.00"/>
        <vehicle id="37" x="198.35" y="282.45" angle="0.00" type="DEFAULT_VEHTYPE" speed="13.45" pos="112.80" lane="1/2to1/1_0" slope="0.00"/>
        <vehicle id="38" x="401.65" y="713.86" angle="180.00" type="DEFAULT_VEHTYPE" speed="12.62" pos="109.11" lane="2/3to2/4_0" slope="0.00"/>
        <vehicle id="4" x="143.75" y="201.65" angle="-90.00" type="DEFAULT_VEHTYPE" speed="13.49" pos="51.50" lane="1/1to0/1_0" slope="0.00"/>
        <vehicle id="41" x="398.35" y="389.01" angle="0.00" type="DEFAULT_VEHTYPE" speed="13.59" pos="6.24" lane="2/2to2/1_0" slope="0.00"/>
        <vehicle id="42" x="401.65" y="18.15" angle="180.00" type="DEFAULT_VEHTYPE" speed="13.59" pos="18.15" lane="2/0to2/1_0" slope="0.00"/>
        <vehicle id="43" x="401.65" y="643.49" angle="180.00" type="DEFAULT_VEHTYPE" speed="13.82" pos="38.74" lane="2/3to2/4_0" slope="0.00"/>
        <vehicle id="44" x="428.85" y="401.65" angle="-90.00" type="DEFAULT_VEHTYPE" speed="13.72" pos="166.40" lane="3/2to2/2_0" slope="0.00"/>
        <vehicle id="46" x="201.65" y="328.00" angle="180.00" type="DEFAULT_VEHTYPE" speed="12.64" pos="123.25" lane="1/1to1/2_0" slope="0.00"/>
        <vehicle id="47" x="398.35" y="509.72" angle="0.00" type="DEFAULT_VEHTYPE" speed="12.83" pos="85.53" lane="2/3to2/2_0" slope="0.00"/>
        <vehicle id="49" x="343.41" y="401.65" angle="-90.00" type="DEFAULT_VEHTYPE" speed="13.59" pos="51.84" lane="2/2to1/2_0" slope="0.00"/>
        <vehicle id="6" x="398.35" y="420.54" angle="0.00" type="DEFAULT_VEHTYPE" speed="12.69" pos="174.71" lane="2/3to2/2_0" slope="0.00"/>
    </timestep>
    <timestep time="715.00">
        <vehicle id="1" x="398.35" y="676.53" angle="0.00" type="DEFAULT_VEHTYPE" speed="13.71" pos="123.47" lane="2/4to2/3_0" slope="0.00"/>
        <vehicle id="11" x="201.65" y="399.40" angle="180.00" type="DEFAULT_VEHTYPE" speed="13.65" pos="4.15" lane=":1/2_9_0" slope="0.00"/>
        <vehicle id="13" x="783.05" y="198.35" angle="90.00" type="DEFAULT_VEHTYPE" speed="13.59" pos="178.30" lane="3/1to4/1_0" slope="0.00"/>
        <vehicle id="17" x="201.65" y="529.97" angle="180.00" type="DEFAULT_VEHTYPE" speed="13.30" pos="125.22" lane="1/2to1/3_0" slope="0.00"/>
        <vehicle id="2" x="626.85" y="201.65" angle="-90.00" type="DEFAULT_VEHTYPE" speed="13.23" pos="173.15" lane="4/1to3/1_0" slope="0.00"/>
        <vehicle id="21" x="398.35" y="302.17" angle="0.00" type="DEFAULT_VEHTYPE" speed="12.80" pos="93.08" lane="2/2to2/1_0" slope="0.00"/>
        <vehicle id="23" x="398.35" y="619.96" angle="0.00" type="DEFAULT_VEHTYPE" speed="13.76" pos="180.04" lane="2/4to2/3_0" slope="0.00"/>
        <vehicle id="25" x="401.65" y="67.13" angle="180.00" type="DEFAULT_VEHTYPE" speed="13.68" pos="67.13" lane="2/0to2/1_0" slope="0.00"/>
        <vehicle id="27" x="170.82" y="398.35" angle="90.00" type="DEFAULT_VEHTYPE" speed="13.72" pos="170.82" lane="0/2to1/2_0" slope="0.00"/>
        <vehicle id="29" x="390.63" y="198.35" angle="90.00" type="DEFAULT_VEHTYPE" speed="2.75" pos="185.88" lane="1/1to2/1_0" slope="0.00"/>
        <vehicle id="3" x="392.07" y="598.35" angle="90.00" type="DEFAULT_VEHTYPE" speed="1.04" pos="187.32" lane="1/3to2/3_0" slope="0.00"/>
        <vehicle id="32" x="208.03" y="401.65" angle="-90.00" type="DEFAULT_VEHTYPE" speed="2.50" pos="187.22" lane="2/2to1/2_0" slope="0.00"/>
        <vehicle id="37" x="198.35" y="268.81" angle="0.00" type="DEFAULT_VEHTYPE" speed="13.64" pos="126.44" lane="1/2to1/1_0" slope="0.00"/>
        <vehicle id="38" x="401.65" y="727.54" angle="180.00" type="DEFAULT_VEHTYPE" speed="13.68" pos="122.79" lane="2/3to2/4_0" slope="0.00"/>
        <vehicle id="4" x="131.05" y="201.65" angle="-90.00" type="DEFAULT_VEHTYPE" speed="12.70" pos="64.20" lane="1/1to0/1_0" slope="0.00"/>
        <vehicle id="41" x="398.35" y="376.11" angle="0.00" type="DEFAULT_VEHTYPE" speed="12.90" pos="19.14" lane="2/2to2/1_0" slope="0.00"/>
        <vehicle id="42" x="401.65" y="31.04" angle="180.00" type="DEFAULT_VEHTYPE" speed="12.88" pos="31.04" lane="2/0to2/1_0" slope="0.00"/>
        <vehicle id="43" x="401.65" y="656.56" angle="180.00" type="DEFAULT_VEHTYPE" speed="13.07" pos="51.81" lane="2/3to2/4_0" slope="0.00"/>
        <vehicle id="44" x="419.63" y="401.65" angle="-90.00" type="DEFAULT_VEHTYPE" speed="9.22" pos="175.62" lane="3/2to2/2_0" slope="0.00"/>
        <vehicle id="46" x="201.65" y="340.70" angle="180.00" type="DEFAULT_VEHTYPE" speed="12.70" pos="135.95" lane="1/1to1/2_0" slope="0.00"/>
        <vehicle id="47" x="398.35" y="496.59" angle="0.00" type="DEFAULT_VEHTYPE" speed="13.13" pos="98.66" lane="2/3to2/2_0" slope="0.00"/>
        <vehicle id="49" x="330.38" y="401.65" angle="-90.00" type="DEFAULT_VEHTYPE" speed="13.03" pos="64.87" lane="2/2to1/2_0" slope="0.00"/>
        <vehicle id="6" x="398.35" y="407.07" angle="0.00" type="DEFAULT_VEHTYPE" speed="13.47" pos="188.18" lane="2/3to2/2_0" slope="0.00"/>
    </timestep>
    <timestep time="716.00">
        <vehicle id="1" x="398.35" y="662.82" angle="0.00" type="DEFAULT_VEHTYPE" speed="13.71" pos="137.18" lane="2/4to2/3_0" slope="0.00"/>
        <vehicle id="11" x="201.65" y="412.20" angle="180.00" type="DEFAULT_VEHTYPE" speed="12.79" pos="7.45" lane="1/2to1/3_0" slope="0.00"/>
        <vehicle id="13" x="796.79" y="198.35" angle="90.00" type="DEFAULT_VEHTYPE" speed="13.74" pos="192.04" lane="3/1to4/1_0" slope="0.00"/>
        <vehicle id="17" x="201.65" y="542.77" angle="180.00" type="DEFAULT_VEHTYPE" speed="12.80" pos="138.02" lane="1/2to1/3_0" slope="0.00"/>
        <vehicle id="2" x="617.82" y="201.65" angle="-90.00" type="DEFAULT_VEHTYPE" speed="9.04" pos="182.18" lane="4/1to3/1_0" slope="0.00"/>
        <vehicle id="21" x="398.35" y="288.97" angle="0.00" type="DEFAULT_VEHTYPE" speed="13.20" pos="106.28" lane="2/2to2/1_0" slope="0.00"/>
        <vehicle id="23" x="398.35" y="606.25" angle="0.00" type="DEFAULT_VEHTYPE" speed="13.71" pos="193.75" lane="2/4to2/3_0" slope="0.00"/>
        <vehicle id="25" x="401.65" y="79.80" angle="180.00" type="DEFAULT_VEHTYPE" speed="12.67" pos="79.80" lane="2/0to2/1_0" slope="0.00"/>
        <vehicle id="27" x="180.42" y="398.35" angle="90.00" type="DEFAULT_VEHTYPE" speed="9.59" pos="180.42" lane="0/2to1/2_0" slope="0.00"/>
        <vehicle id="29" x="395.32" y="198.35" angle="90.00" type="DEFAULT_VEHTYPE" speed="4.69" pos="0.07" lane=":2/1_13_0" slope="0.00"/>
        <vehicle id="3" x="392.53" y="598.35" angle="90.00" type="DEFAULT_VEHTYPE" speed="0.47" pos="187.78" lane="1/3to2/3_0" slope="0.00"/>
        <vehicle id="32" x="207.40" y="401.65" angle="-90.00" type="DEFAULT_VEHTYPE" speed="0.63" pos="187.85" lane="2/2to1/2_0" slope="0.00"/>
        <vehicle id="37" x="198.35" y="256.11" angle="0.00" type="DEFAULT_VEHTYPE" speed="12.69" pos="139.14" lane="1/2to1/1_0" slope="0.00"/>
        <vehicle id="38" x="401.65" y="741.23" angle="180.00" type="DEFAULT_VEHTYPE" speed="13.69" pos="136.48" lane="2/3to2/4_0" slope="0.00"/>
        <vehicle id="4" x="118.26" y="201.65" angle="-90.00" type="DEFAULT_VEHTYPE" speed="12.80" pos="76.99" lane="1/1to0/1_0" slope="0.00"/>
        <vehicle id="41" x="398.35" y="362.70" angle="0.00" type="DEFAULT_VEHTYPE" speed="13.41" pos="32.55" lane="2/2to2/1_0" slope="0.00"/>
        <vehicle id="42" x="401.65" y="44.14" angle="180.00" type="DEFAULT_VEHTYPE" speed="13.11" pos="44.14" lane="2/0to2/1_0" slope="0.00"/>
        <vehicle id="43" x="401.65" y="669.96" angle="180.00" type="DEFAULT_VEHTYPE" speed="13.40" pos="65.21" lane="2/3to2/4_0" slope="0.00"/>
        <vehicle id="44" x="412.73" y="401.65" angle="-90.00" type="DEFAULT_VEHTYPE" speed="6.90" pos="182.52" lane="3/2to2/2_0" slope="0.00"/>
        <vehicle id="46" x="201.65" y="354.07" angle="180.00" type="DEFAULT_VEHTYPE" speed="13.36" pos="149.32" lane="1/1to1/2_0" slope="0.00"/>
        <vehicle id="47" x="398.35" y="483.36" angle="0.00" type="DEFAULT_VEHTYPE" speed="13.23" pos="111.89" lane="2/3to2/2_0" slope="0.00"/>
        <vehicle id="49" x="317.72" y="401.65" angle="-90.00" type="DEFAULT_VEHTYPE" speed="12.65" pos="77.53" lane="2/2to1/2_0" slope="0.00"/>
        <vehicle id="6" x="398.35" y="393.48" angle="0.00" type="DEFAULT_VEHTYPE" speed="13.59" pos="1.77" lane="2/2to2/1_0" slope="0.00"/>
    </timestep>
    <timestep time="717.00">
        <vehicle id="1" x="398.35" y="649.03" angle="0.00" type="DEFAULT_VEHTYPE" speed="13.79" pos="150.97" lane="2/4to2/3_0" slope="0.00"/>
        <vehicle id="11" x="201.65" y="424.93" angle="180.00" type="DEFAULT_VEHTYPE" speed="12.73" pos="20.18" lane="1/2to1/3_0" slope="0.00"/>
        <vehicle id="13" x="794.42" y="201.65" angle="-90.00" type="DEFAULT_VEHTYPE" speed="13.61" pos="5.58" lane="4/1to3/1_0" slope="0.00"/>
        <vehicle id="17" x="201.65" y="556.51" angle="180.00" type="DEFAULT_VEHTYPE" speed="13.74" pos="151.76" lane="1/2to1/3_0" slope="0.00"/>
        <vehicle id="2" x="611.83" y="201.65" angle="-90.00" type="DEFAULT_VEHTYPE" speed="5.98" pos="188.17" lane="4/1to3/1_0" slope="0.00"/>
        <vehicle id="21" x="398.35" y="275.24" angle="0.00" type="DEFAULT_VEHTYPE" speed="13.73" pos="120.01" lane="2/2to2/1_0" slope="0.00"/>
        <vehicle id="23" x="398.35" y="592.83" angle="0.00" type="DEFAULT_VEHTYPE" speed="13.41" pos="2.42" lane="2/3to2/2_0" slope="0.00"/>
        <vehicle id="25" x="401.65" y="92.42" angle="180.00" type="DEFAULT_VEHTYPE" speed="12.63" pos="92.42" lane="2/0to2/1_0" slope="0.00"/>
        <vehicle id="27" x="186.29" y="398.35" angle="90.00" type="DEFAULT_VEHTYPE" speed="5.87" pos="186.29" lane="0/2to1/2_0" slope="0.00"/>
        <vehicle id="29" x="401.76" y="198.35" angle="90.00" type="DEFAULT_VEHTYPE" speed="6.43" pos="6.51" lane=":2/1_13_0" slope="0.00"/>
        <vehicle id="3" x="392.65" y="598.35" angle="90.00" type="DEFAULT_VEHTYPE" speed="0.12" pos="187.90" lane="1/3to2/3_0" slope="0.00"/>
        <vehicle id="32" x="207.31" y="401.65" angle="-90.00" type="DEFAULT_VEHTYPE" speed="0.09" pos="187.94" lane="2/2to1/2_0" slope="0.00"/>
        <vehicle id="37" x="198.35" y="242.49" angle="0.00" type="DEFAULT_VEHTYPE" speed="13.63" pos="152.76" lane="1/2to1/1_0" slope="0.00"/>
        <vehicle id="38" x="401.65" y="754.46" angle="180.00" type="DEFAULT_VEHTYPE" speed="13.22" pos="149.71" lane="2/3to2/4_0" slope="0.00"/>
        <vehicle id="4" x="105.32" y="201.65" angle="-90.00" type="DEFAULT_VEHTYPE" speed="12.93" pos="89.93" lane="1/1to0/1_0" slope="0.00"/>
        <vehicle id="41" x="398.35" y="349.98" angle="0.00" type="DEFAULT_VEHTYPE" speed="12.71" pos="45.27" lane="2/2to2/1_0" slope="0.00"/>
        <vehicle id="42" x="401.65" y="56.79" angle="180.00" type="DEFAULT_VEHTYPE" speed="12.65" pos="56.79" lane="2/0to2/1_0" slope="0.00"/>
        <vehicle id="43" x="401.65" y="683.54" angle="180.00" type="DEFAULT_VEHTYPE" speed="13.58" pos="78.79" lane="2/3to2/4_0" slope="0.00"/>
        <vehicle id="44" x="409.31" y="401.65" angle="-90.00" type="DEFAULT_VEHTYPE" speed="3.42" pos="185.94" lane="3/2to2/2_0" slope="0.00"/>
        <vehicle id="46" x="201.65" y="367.02" angle="180.00" type="DEFAULT_VEHTYPE" speed="12.95" pos="162.27" lane="1/1to1/2_0" slope="0.00"/>
        <vehicle id="47" x="398.35" y="470.29" angle="0.00" type="DEFAULT_VEHTYPE" speed="13.07" pos="124.96" lane="2/3to2/2_0" slope="0.00"/>
        <vehicle id="49" x="304.22" y="401.65" angle="-90.00" type="DEFAULT_VEHTYPE" speed="13.50" pos="91.03" lane="2/2to1/2_0" slope="0.00"/>
        <vehicle id="6" x="398.35" y="379.98" angle="0.00" type="DEFAULT_VEHTYPE" speed="13.50" pos="15.27" lane="2/2to2/1_0" slope="0.00"/>
    </timestep>
    <timestep time="718.00">
        <vehicle id="1" x="398.35" y="635.86" angle="0.00" type="DEFAULT_VEHTYPE" speed="13.18" pos="164.14" lane="2/4to2/3_0" slope="0.00"/>
        <vehicle id="11" x="201.65" y="438.22" angle="180.00" type="DEFAULT_VEHTYPE" speed="13.29" pos="33.47" lane="1/2to1/3_0" slope="0.00"/>
        <vehicle id="13" x="780.70" y="201.65" angle="-90.00" type="DEFAULT_VEHTYPE" speed="13.72" pos="19.30" lane="4/1to3/1_0" slope="0.00"/>
        <vehicle id="17" x="201.65" y="569.58" angle="180.00" type="DEFAULT_VEHTYPE" speed="13.07" pos="164.83" lane="1/2to1/3_0" slope="0.00"/>
        <vehicle id="2" x="609.54" y="201.65" angle="-90.00" type="DEFAULT_VEHTYPE" speed="2.29" pos="190.46" lane="4/1to3/1_0" slope="0.00"/>
        <vehicle id="21" x="398.35" y="261.51" angle="0.00" type="DEFAULT_VEHTYPE" speed="13.73" pos="133.74" lane="2/2to2/1_0" slope="0.00"/>
        <vehicle id="23" x="398.35" y="579.68" angle="0.00" type="DEFAULT_VEHTYPE" speed="13.16" pos="15.57" lane="2/3to2/2_0" slope="0.00"/>
        <vehicle id="25" x="401.65" y="105.41" angle="180.00" type="DEFAULT_VEHTYPE" speed="12.99" pos="105.41" lane="2/0to2/1_0" slope="0.00"/>
        <vehicle id="27" x="189.76" y="398.35" angle="90.00" type="DEFAULT_VEHTYPE" speed="3.47" pos="189.76" lane="0/2to1/2_0" slope="0.00"/>
        <vehicle id="29" x="410.29" y="198.35" angle="90.00" type="DEFAULT_VEHTYPE" speed="8.53" pos="5.54" lane="2/1to3/1_0" slope="0.00"/>
        <vehicle id="3" x="392.75" y="598.35" angle="90.00" type="DEFAULT_VEHTYPE" speed="0.10" pos="188.00" lane="1/3to2/3_0" slope="0.00"/>
        <vehicle id="32" x="207.26" y="401.65" angle="-90.00" type="DEFAULT_VEHTYPE" speed="0.05" pos="187.99" lane="2/2to1/2_0" slope="0.00"/>
        <vehicle id="37" x="198.35" y="228.72" angle="0.00" type="DEFAULT_VEHTYPE" speed="13.77" pos="166.53" lane="1/2to1/1_0" slope="0.00"/>
        <vehicle id="38" x="401.65" y="768.22" angle="180.00" type="DEFAULT_VEHTYPE" speed="13.77" pos="163.47" lane="2/3to2/4_0" slope="0.00"/>
        <vehicle id="4" x="92.59" y="201.65" angle="-90.00" type="DEFAULT_VEHTYPE" speed="12.73" pos="102.66" lane="1/1to0/1_0" slope="0.00"/>
        <vehicle id="41" x="398.35" y="336.72" angle="0.00" type="DEFAULT_VEHTYPE" speed="13.26" pos="58.53" lane="2/2to2/1_0" slope="0.00"/>
        <vehicle id="42" x="401.65" y="70.42" angle="180.00" type="DEFAULT_VEHTYPE" speed="13.63" pos="70.42" lane="2/0to2/1_0" slope="0.00"/>
        <vehicle id="43" x="401.65" y="696.69" angle="180.00" type="DEFAULT_VEHTYPE" speed="13.16" pos="91.94" lane="2/3to2/4_0" slope="0.00"/>
        <vehicle id="44" x="404.07" y="401.55" angle="-88.89" type="DEFAULT_VEHTYPE" speed="5.25" pos="0.68" lane=":2/2_6_0" slope="0.00"/>
        <vehicle id="46" x="201.65" y="380.44" angle="180.00" type="DEFAULT_VEHTYPE" speed="13.41" pos="175.69" lane="1/1to1/2_0" slope="0.00"/>
        <vehicle id="47" x="398.35" y="457.50" angle="0.00" type="DEFAULT_VEHTYPE" speed="12.79" pos="137.75" lane="2/3to2/2_0" slope="0.00"/>
        <vehicle id="49" x="290.62" y="401.65" angle="-90.00" type="DEFAULT_VEHTYPE" speed="13.61" pos="104.63" lane="2/2to1/2_0" slope="0.00"/>
        <vehicle id="6" x="398.35" y="367.02" angle="0.00" type="DEFAULT_VEHTYPE" speed="12.95" pos="28.23" lane="2/2to2/1_0" slope="0.00"/>
    </timestep>
    <timestep time="719.00">
        <vehicle id="1" x="398.35" y="622.65" angle="0.00" type="DEFAULT_VEHTYPE" speed="13.20" pos="177.35" lane="2/4to2/3_0" slope="0.00"/>
        <vehicle id="11" x="201.65" y="451.93" angle="180.00" type="DEFAULT_VEHTYPE" speed="13.71" pos="47.18" lane="1/2to1/3_0" slope="0.00"/>
        <vehicle id="13" x="768.09" y="201.65" angle="-90.00" type="DEFAULT_VEHTYPE" speed="12.60" pos="31.91" lane="4/1to3/1_0" slope="0.00"/>
        <vehicle id="17" x="201.65" y="582.62" angle="180.00" type="DEFAULT_VEHTYPE" speed="13.04" pos="177.87" lane="1/2to1/3_0" slope="0.00"/>
        <vehicle id="2" x="604.76" y="201.65" angle="-90.00" type="DEFAULT_VEHTYPE" speed="4.78" pos="195.24" lane="4/1to3/1_0" slope="0.00"/>
        <vehicle id="21" x="398.35" y="247.83" angle="0.00" type="DEFAULT_VEHTYPE" speed="13.68" pos="147.42" lane="2/2to2/1_0" slope="0.00"/>
        <vehicle id="23" x="398.35" y="566.31" angle="0.00" type="DEFAULT_VEHTYPE" speed="13.36" pos="28.94" lane="2/3to2/2_0" slope="0.00"/>
        <vehicle id="25" x="401.65" y="119.30" angle="180.00" type="DEFAULT_VEHTYPE" speed="13.89" pos="119.30" lane="2/0to2/1_0" slope="0.00"/>
        <vehicle id="27" x="191.10" y="398.35" angle="90.00" type="DEFAULT_VEHTYPE" speed="1.34" pos="191.10" lane="0/2to1/2_0" slope="0.00"/>
        <vehicle id="29" x="421.24" y="198.35" angle="90.00" type="DEFAULT_VEHTYPE" speed="10.95" pos="16.49" lane="2/1to3/1_0" slope="0.00"/>
        <vehicle id="3" x="392.75" y="598.35" angle="90.00" type="DEFAULT_VEHTYPE" speed="0.00" pos="188.00" lane="1/3to2/3_0" slope="0.00"/>
        <vehicle id="32" x="207.26" y="401.65" angle="-90.00" type="DEFAULT_VEHTYPE" speed="0.00" pos="187.99" lane="2/2to1/2_0" slope="0.00"/>
        <vehicle id="37" x="198.35" y="215.23" angle="0.00" type="DEFAULT_VEHTYPE" speed="13.49" pos="180.02" lane="1/2to1/1_0" slope="0.00"/>
        <vehicle id="38" x="401.65" y="781.92" angle="180.00" type="DEFAULT_VEHTYPE" speed="13.70" pos="177.17" lane="2/3to2/4_0" slope="0.00"/>
        <vehicle id="4" x="79.93" y="201.65" angle="-90.00" type="DEFAULT_VEHTYPE" speed="12.66" pos="115.32" lane="1/1to0/1_0" slope="0.00"/>
        <vehicle id="41" x="398.35" y="323.56" angle="0.00" type="DEFAULT_VEHTYPE" speed="13.16" pos="71.69" lane="2/2to2/1_0" slope="0.00"/>
        <vehicle id="42" x="401.65" y="83.76" angle="180.00" type="DEFAULT_VEHTYPE" speed="13.34" pos="83.76" lane="2/0to2/1_0" slope="0.00"/>
        <vehicle id="43" x="401.65" y="709.65" angle="180.00" type="DEFAULT_VEHTYPE" speed="12.96" pos="104.90" lane="2/3to2/4_0" slope="0.00"/>
        <vehicle id="44" x="398.66" y="397.43" angle="-39.69" type="DEFAULT_VEHTYPE" speed="7.43" pos="8.11" lane=":2/2_6_0" slope="0.00"/>
        <vehicle id="46" x="201.65" y="394.14" angle="180.00" type="DEFAULT_VEHTYPE" speed="13.70" pos="189.39" lane="1/1to1/2_0" slope="0.00"/>
        <vehicle id="47" x="398.35" y="443.87" angle="0.00" type="DEFAULT_VEHTYPE" speed="13.63" pos="151.38" lane="2/3to2/2_0" slope="0.00"/>
        <vehicle id="49" x="277.71" y="401.65" angle="-90.00" type="DEFAULT_VEHTYPE" speed="12.90" pos="117.54" lane="2/2to1/2_0" slope="0.00"/>
        <vehicle id="6" x="398.35" y="353.75" angle="0.00" type="DEFAULT_VEHTYPE" speed="13.28" pos="41.50" lane="2/2to2/1_0" slope="0.00"/>
    </timestep>
    <timestep time="720.00">
        <vehicle id="1" x="398.35" y="609.44" angle="0.00" type="DEFAULT_VEHTYPE" speed="13.21" pos="190.56" lane="2/4to2/3_0" slope="0.00"/>
        <vehicle id="11" x="201.65" y="465.16" angle="180.00" type="DEFAULT_VEHTYPE" speed="13.23" pos="60.41" lane="1/2to1/3_0" slope="0.00"/>
        <vehicle id="13" x="755.18" y="201.65" angle="-90.00" type="DEFAULT_VEHTYPE" speed="12.91" pos="44.82" lane="4/1to3/1_0" slope="0.00"/>
        <vehicle id="17" x="201.73" y="595.86" angle="179.03" type="DEFAULT_VEHTYPE" speed="13.24" pos="0.61" lane=":1/3_8_0" slope="0.00"/>
        <vehicle id="2" x="601.65" y="206.73" angle="-165.03" type="DEFAULT_VEHTYPE" speed="6.99" pos="1.98" lane="3/1to3/2_0" slope="0.00"/>
        <vehicle id="21" x="398.35" y="234.20" angle="0.00" type="DEFAULT_VEHTYPE" speed="13.64" pos="161.05" lane="2/2to2/1_0" slope="0.00"/>
        <vehicle id="23" x="398.35" y="553.50" angle="0.00" type="DEFAULT_VEHTYPE" speed="12.81" pos="41.75" lane="2/3to2/2_0" slope="0.00"/>
        <vehicle id="25" x="401.65" y="132.37" angle="180.00" type="DEFAULT_VEHTYPE" speed="13.06" pos="132.37" lane="2/0to2/1_0" slope="0.00"/>
        <vehicle id="27" x="191.83" y="398.35" angle="90.00" type="DEFAULT_VEHTYPE" speed="0.73" pos="191.83" lane="0/2to1/2_0" slope="0.00"/>
        <vehicle id="29" x="433.67" y="198.35" angle="90.00" type="DEFAULT_VEHTYPE" speed="12.43" pos="28.92" lane="2/1to3/1_0" slope="0.00"/>
        <vehicle id="3" x="392.75" y="598.35" angle="90.00" type="DEFAULT_VEHTYPE" speed="0.00" pos="188.00" lane="1/3to2/3_0" slope="0.00"/>
        <vehicle id="32" x="207.26" y="401.65" angle="-90.00" type="DEFAULT_VEHTYPE" speed="0.00" pos="187.99" lane="2/2to1/2_0" slope="0.00"/>
        <vehicle id="37" x="197.17" y="202.18" angle="-14.36" type="DEFAULT_VEHTYPE" speed="13.45" pos="2.97" lane=":1/1_0_0" slope="0.00"/>
        <vehicle id="38" x="401.65" y="794.92" angle="180.00" type="DEFAULT_VEHTYPE" speed="13.01" pos="190.17" lane="2/3to2/4_0" slope="0.00"/>
        <vehicle id="4" x="67.18" y="201.65" angle="-90.00" type="DEFAULT_VEHTYPE" speed="12.75" pos="128.07" lane="1/1to0/1_0" slope="0.00"/>
        <vehicle id="41" x="398.35" y="310.04" angle="0.00" type="DEFAULT_VEHTYPE" speed="13.53" pos="85.21" lane="2/2to2/1_0" slope="0.00"/>
        <vehicle id="42" x="401.65" y="97.12" angle="180.00" type="DEFAULT_VEHTYPE" speed="13.35" pos="97.12" lane="2/0to2/1_0" slope="0.00"/>
        <vehicle id="43" x="401.65" y="722.37" angle="180.00" type="DEFAULT_VEHTYPE" speed="12.72" pos="117.62" lane="2/3to2/4_0" slope="0.00"/>
        <vehicle id="44" x="398.35" y="387.65" angle="0.00" type="DEFAULT_VEHTYPE" speed="9.81" pos="7.60" lane="2/2to2/1_0" slope="0.00"/>
        <vehicle id="46" x="201.65" y="407.55" angle="180.00" type="DEFAULT_VEHTYPE" speed="13.41" pos="2.80" lane="1/2to1/3_0" slope="0.00"/>
        <vehicle id="47" x="398.35" y="430.51" angle="0.00" type="DEFAULT_VEHTYPE" speed="13.36" pos="164.74" lane="2/3to2/2_0" slope="0.00"/>
        <vehicle id="49" x="264.48" y="401.65" angle="-90.00" type="DEFAULT_VEHTYPE" speed="13.23" pos="130.77" lane="2/2to1/2_0" slope="0.00"/>
        <vehicle id="6" x="398.35" y="340.05" angle="0.00" type="DEFAULT_VEHTYPE" speed="13.70" pos="55.20" lane="2/2to2/1_0" slope="0.00"/>
    </timestep>
    <timestep time="721.00">
        <vehicle id="1" x="398.35" y="596.21" angle="0.00" type="DEFAULT_VEHTYPE" speed="13.23" pos="8.54" lane=":2/3_1_0" slope="0.00"/>
        <vehicle id="11" x="201.65" y="478.94" angle="180.00" type="DEFAULT_VEHTYPE" speed="13.78" pos="74.19" lane="1/2to1/3_0" slope="0.00"/>
        <vehicle id="13" x="742.29" y="201.65" angle="-90.00" type="DEFAULT_VEHTYPE" speed="12.89" pos="57.71" lane="4/1to3/1_0" slope="0.00"/>
        <vehicle id="17" x="214.15" y="598.35" angle="90.00" type="DEFAULT_VEHTYPE" speed="13.79" pos="9.40" lane="1/3to2/3_0" slope="0.00"/>
        <vehicle id="2" x="601.65" y="215.46" angle="180.00" type="DEFAULT_VEHTYPE" speed="8.73" pos="10.71" lane="3/1to3/2_0" slope="0.00"/>
        <vehicle id="21" x="398.35" y="220.65" angle="0.00" type="DEFAULT_VEHTYPE" speed="13.55" pos="174.60" lane="2/2to2/1_0" slope="0.00"/>
        <vehicle id="23" x="398.35" y="540.89" angle="0.00" type="DEFAULT_VEHTYPE" speed="12.61" pos="54.36" lane="2/3to2/2_0" slope="0.00"/>
        <vehicle id="25" x="401.65" y="145.96" angle="180.00" type="DEFAULT_VEHTYPE" speed="13.59" pos="145.96" lane="2/0to2/1_0" slope="0.00"/>
        <vehicle id="27" x="192.58" y="398.35" angle="90.00" type="DEFAULT_VEHTYPE" speed="0.75" pos="192.58" lane="0/2to1/2_0" slope="0.00"/>
        <vehicle id="29" x="447.06" y="198.35" angle="90.00" type="DEFAULT_VEHTYPE" speed="13.40" pos="42.31" lane="2/1to3/1_0" slope="0.00"/>
        <vehicle id="3" x="392.75" y="598.35" angle="90.00" type="DEFAULT_VEHTYPE" speed="0.00" pos="188.00" lane="1/3to2/3_0" slope="0.00"/>
        <vehicle id="32" x="205.86" y="401.65" angle="-90.00" type="DEFAULT_VEHTYPE" speed="1.40" pos="189.39" lane="2/2to1/2_0" slope="0.00"/>
        <vehicle id="37" x="184.63" y="201.65" angle="-90.00" type="DEFAULT_VEHTYPE" speed="12.65" pos="10.62" lane="1/1to0/1_0" slope="0.00"/>
        <vehicle id="38" x="398.35" y="796.64" angle="-11.69" type="DEFAULT_VEHTYPE" speed="13.25" pos="3.36" lane="2/4to2/3_0" slope="0.00"/>
        <vehicle id="4" x="53.57" y="201.65" angle="-90.00" type="DEFAULT_VEHTYPE" speed="13.60" pos="141.68" lane="1/1to0/1_0" slope="0.00"/>
        <vehicle id="41" x="398.35" y="296.43" angle="0.00" type="DEFAULT_VEHTYPE" speed="13.61" pos="98.82" lane="2/2to2/1_0" slope="0.00"/>
        <vehicle id="42" x="401.65" y="111.02" angle="180.00" type="DEFAULT_VEHTYPE" speed="13.90" pos="111.02" lane="2/0to2/1_0" slope="0.00"/>
        <vehicle id="43" x="401.65" y="735.47" angle="180.00" type="DEFAULT_VEHTYPE" speed="13.10" pos="130.72" lane="2/3to2/4_0" slope="0.00"/>
        <vehicle id="44" x="398.35" y="375.96" angle="0.00" type="DEFAULT_VEHTYPE" speed="11.69" pos="19.29" lane="2/2to2/1_0" slope="0.00"/>
        <vehicle id="46" x="201.65" y="420.78" angle="180.00" type="DEFAULT_VEHTYPE" speed="13.23" pos="16.03" lane="1/2to1/3_0" slope="0.00"/>
        <vehicle id="47" x="398.35" y="417.11" angle="0.00" type="DEFAULT_VEHTYPE" speed="13.39" pos="178.14" lane="2/3to2/2_0" slope="0.00"/>
        <vehicle id="49" x="250.83" y="401.65" angle="-90.00" type="DEFAULT_VEHTYPE" speed="13.65" pos="144.42" lane="2/2to1/2_0" slope="0.00"/>
        <vehicle id="6" x="398.35" y="327.03" angle="0.00" type="DEFAULT_VEHTYPE" speed="13.02" pos="68.22" lane="2/2to2/1_0" slope="0.00"/>
    </timestep>
    <timestep time="722.00">
        <vehicle id="1" x="398.35" y="583.10" angle="0.00" type="DEFAULT_VEHTYPE" speed="13.11" pos="12.15" lane="2/3to2/2_0" slope="0.00"/>
        <vehicle id="11" x="201.65" y="492.01" angle="180.00" type="DEFAULT_VEHTYPE" speed="13.07" pos="87.26" lane="1/2to1/3_0" slope="0.00"/>
        <vehicle id="13" x="728.58" y="201.65" angle="-90.00" type="DEFAULT_VEHTYPE" speed="13.71" pos="71.42" lane="4/1to3/1_0" slope="0.00"/>
        <vehicle id="17" x="227.11" y="598.35" angle="90.00" type="DEFAULT_VEHTYPE" speed="12.96" pos="22.36" lane="1/3to2/3_0" slope="0.00"/>
        <vehicle id="2" x="601.65" y="226.62" angle="180.00" type="DEFAULT_VEHTYPE" speed="11.15" pos="21.87" lane="3/1to3/2_0" slope="0.00"/>
        <vehicle id="21" x="398.35" y="207.00" angle="0.00" type="DEFAULT_VEHTYPE" speed="13.65" pos="188.25" lane="2/2to2/1_0" slope="0.00"/>
        <vehicle id="23" x="398.35" y="528.10" angle="0.00" type="DEFAULT_VEHTYPE" speed="12.79" pos="67.15" lane="2/3to2/2_0" slope="0.00"/>
        <vehicle id="25" x="401.65" y="158.56" angle="180.00" type="DEFAULT_VEHTYPE" speed="12.60" pos="158.56" lane="2/0to2/1_0" slope="0.00"/>
        <vehicle id="27" x="195.55" y="398.39" angle="90.49" type="DEFAULT_VEHTYPE" speed="2.97" pos="0.30" lane=":1/2_14_0" slope="0.00"/>
        <vehicle id="29" x="460.67" y="198.35" angle="90.00" type="DEFAULT_VEHTYPE" speed="13.61" pos="55.92" lane="2/1to3/1_0" slope="0.00"/>
        <vehicle id="3" x="394.66" y="598.35" angle="90.00" type="DEFAULT_VEHTYPE" speed="1.91" pos="189.91" lane="1/3to2/3_0" slope="0.00"/>
        <vehicle id="32" x="202.87" y="401.38" angle="-86.92" type="DEFAULT_VEHTYPE" speed="3.01" pos="1.90" lane=":1/2_6_0" slope="0.00"/>
        <vehicle id="37" x="171.74" y="201.65" angle="-90.00" type="DEFAULT_VEHTYPE" speed="12.89" pos="23.51" lane="1/1to0/1_0" slope="0.00"/>
        <vehicle id="38" x="398.35" y="783.21" angle="0.00" type="DEFAULT_VEHTYPE" speed="13.44" pos="16.79" lane="2/4to2/3_0" slope="0.00"/>
        <vehicle id="4" x="40.55" y="201.65" angle="-90.00" type="DEFAULT_VEHTYPE" speed="13.03" pos="154.70" lane="1/1to0/1_0" slope="0.00"/>
        <vehicle id="41" x="398.35" y="283.29" angle="0.00" type="DEFAULT_VEHTYPE" speed="13.14" pos="111.96" lane="2/2to2/1_0" slope="0.00"/>
        <vehicle id="42" x="401.65" y="124.05" angle="180.00" type="DEFAULT_VEHTYPE" speed="13.04" pos="124.05" lane="2/0to2/1_0" slope="0.00"/>
        <vehicle id="43" x="401.65" y="748.48" angle="180.00" type="DEFAULT_VEHTYPE" speed="13.01" pos="143.73" lane="2/3to2/4_0" slope="0.00"/>
        <vehicle id="44" x="398.35" y="363.31" angle="0.00" type="DEFAULT_VEHTYPE" speed="12.65" pos="31.94" lane="2/2to2/1_0" slope="0.00"/>
        <vehicle id="46" x="201.65" y="433.66" angle="180.00" type="DEFAULT_VEHTYPE" speed="12.88" pos="28.91" lane="1/2to1/3_0" slope="0.00"/>
        <vehicle id="47" x="398.29" y="404.34" angle="-0.65" type="DEFAULT_VEHTYPE" speed="12.78" pos="0.41" lane=":2/2_0_0" slope="0.00"/>
        <vehicle id="49" x="237.20" y="401.65" angle="-90.00" type="DEFAULT_VEHTYPE" speed="13.63" pos="158.05" lane="2/2to1/2_0" slope="0.00"/>
        <vehicle id="6" x="398.35" y="314.38" angle="0.00" type="DEFAULT_VEHTYPE" speed="12.65" pos="80.87" lane="2/2to2/1_0" slope="0.00"/>
    </timestep>
    <timestep time="723.00">
        <vehicle id="1" x="398.35" y="569.84" angle="0.00" type="DEFAULT_VEHTYPE" speed="13.26" pos="25.41" lane="2/3to2/2_0" slope="0.00"/>
        <vehicle id="11" x="201.65" y="504.71" angle="180.00" type="DEFAULT_VEHTYPE" speed="12.70" pos="99.96" lane="1/2to1/3_0" slope="0.00"/>
        <vehicle id="13" x="714.90" y="201.65" angle="-90.00" type="DEFAULT_VEHTYPE" speed="13.68" pos="85.10" lane="4/1to3/1_0" slope="0.00"/>
        <vehicle id="17" x="239.91" y="598.35" angle="90.00" type="DEFAULT_VEHTYPE" speed="12.80" pos="35.16" lane="1/3to2/3_0" slope="0.00"/>
        <vehicle id="2" x="601.65" y="239.97" angle="180.00" type="DEFAULT_VEHTYPE" speed="13.36" pos="35.22" lane="3/1to3/2_0" slope="0.00"/>
        <vehicle id="21" x="389.66" y="201.65" angle="-90.00" type="DEFAULT_VEHTYPE" speed="12.84" pos="5.59" lane="2/1to1/1_0" slope="0.00"/>
        <vehicle id="23" x="398.35" y="515.14" angle="0.00" type="DEFAULT_VEHTYPE" speed="12.97" pos="80.11" lane="2/3to2/2_0" slope="0.00"/>
        <vehicle id="25" x="401.65" y="171.38" angle="180.00" type="DEFAULT_VEHTYPE" speed="12.82" pos="171.38" lane="2/0to2/1_0" slope="0.00"/>
        <vehicle id="27" x="199.87" y="399.84" angle="107.72" type="DEFAULT_VEHTYPE" speed="4.65" pos="4.95" lane=":1/2_14_0" slope="0.00"/>
        <vehicle id="29" x="473.51" y="198.35" angle="90.00" type="DEFAULT_VEHTYPE" speed="12.84" pos="68.76" lane="2/1to3/1_0" slope="0.00"/>
        <vehicle id="3" x="398.76" y="599.18" angle="99.66" type="DEFAULT_VEHTYPE" speed="4.24" pos="3.66" lane=":2/3_14_0" slope="0.00"/>
        <vehicle id="32" x="199.06" y="398.56" angle="-53.51" type="DEFAULT_VEHTYPE" speed="5.00" pos="6.90" lane=":1/2_6_0" slope="0.00"/>
        <vehicle id="37" x="158.74" y="201.65" angle="-90.00" type="DEFAULT_VEHTYPE" speed="12.99" pos="36.51" lane="1/1to0/1_0" slope="0.00"/>
        <vehicle id="38" x="398.35" y="770.08" angle="0.00" type="DEFAULT_VEHTYPE" speed="13.12" pos="29.92" lane="2/4to2/3_0" slope="0.00"/>
        <vehicle id="4" x="27.39" y="201.65" angle="-90.00" type="DEFAULT_VEHTYPE" speed="13.16" pos="167.86" lane="1/1to0/1_0" slope="0.00"/>
        <vehicle id="41" x="398.35" y="269.79" angle="0.00" type="DEFAULT_VEHTYPE" speed="13.50" pos="125.46" lane="2/2to2/1_0" slope="0.00"/>
        <vehicle id="42" x="401.65" y="137.59" angle="180.00" type="DEFAULT_VEHTYPE" speed="13.53" pos="137.59" lane="2/0to2/1_0" slope="0.00"/>
        <vehicle id="43" x="401.65" y="762.31" angle="180.00" type="DEFAULT_VEHTYPE" speed="13.83" pos="157.56" lane="2/3to2/4_0" slope="0.00"/>
        <vehicle id="44" x="398.35" y="350.34" angle="0.00" type="DEFAULT_VEHTYPE" speed="12.97" pos="44.91" lane="2/2to2/1_0" slope="0.00"/>
        <vehicle id="46" x="201.65" y="446.55" angle="180.00" type="DEFAULT_VEHTYPE" speed="12.89" pos="41.80" lane="1/2to1/3_0" slope="0.00"/>
        <vehicle id="47" x="386.04" y="401.65" angle="-90.00" type="DEFAULT_VEHTYPE" speed="13.80" pos="9.21" lane="2/2to1/2_0" slope="0.00"/>
        <vehicle id="49" x="225.70" y="401.65" angle="-90.00" type="DEFAULT_VEHTYPE" speed="11.51" pos="169.55" lane="2/2to1/2_0" slope="0.00"/>
        <vehicle id="6" x="398.35" y="301.36" angle="0.00" type="DEFAULT_VEHTYPE" speed="13.02" pos="93.89" lane="2/2to2/1_0" slope="0.00"/>
    </timestep>
    <timestep time="724.00">
        <vehicle id="1" x="398.35" y="556.45" angle="0.00" type="DEFAULT_VEHTYPE" speed="13.39" pos="38.80" lane="2/3to2/2_0" slope="0.00"/>
        <vehicle id="11" x="201.65" y="517.91" angle="180.00" type="DEFAULT_VEHTYPE" speed="13.20" pos="113.16" lane="1/2to1/3_0" slope="0.00"/>
        <vehicle id="13" x="701.36" y="201.65" angle="-90.00" type="DEFAULT_VEHTYPE" speed="13.53" pos="98.64" lane="4/1to3/1_0" slope="0.00"/>
        <vehicle id="17" x="253.79" y="598.35" angle="90.00" type="DEFAULT_VEHTYPE" speed="13.88" pos="49.04" lane="1/3to2/3_0" slope="0.00"/>
        <vehicle id="2" x="601.65" y="253.37" angle="180.00" type="DEFAULT_VEHTYPE" speed="13.39" pos="48.62" lane="3/1to3/2_0" slope="0.00"/>
        <vehicle id="21" x="375.80" y="201.65" angle="-90.00" type="DEFAULT_VEHTYPE" speed="13.86" pos="19.45" lane="2/1to1/1_0" slope="0.00"/>
        <vehicle id="23" x="398.35" y="502.02" angle="0.00" type="DEFAULT_VEHTYPE" speed="13.12" pos="93.23" lane="2/3to2/2_0" slope="0.00"/>
        <vehicle id="25" x="401.65" y="184.66" angle="180.00" type="DEFAULT_VEHTYPE" speed="13.28" pos="184.66" lane="2/0to2/1_0" slope="0.00"/>
        <vehicle id="27" x="201.65" y="405.75" angle="168.21" type="DEFAULT_VEHTYPE" speed="6.37" pos="1.00" lane="1/2to1/3_0" slope="0.00"/>
        <vehicle id="29" x="487.26" y="198.35" angle="90.00" type="DEFAULT_VEHTYPE" speed="13.75" pos="82.51" lane="2/1to3/1_0" slope="0.00"/>
        <vehicle id="3" x="401.59" y="604.33" angle="158.59" type="DEFAULT_VEHTYPE" speed="6.24" pos="9.89" lane=":2/3_14_0" slope="0.00"/>
        <vehicle id="32" x="198.35" y="391.53" angle="-2.09" type="DEFAULT_VEHTYPE" speed="7.14" pos="3.72" lane="1/2to1/1_0" slope="0.00"/>
        <vehicle id="37" x="145.76" y="201.65" angle="-90.00" type="DEFAULT_VEHTYPE" speed="12.99" pos="49.49" lane="1/1to0/1_0" slope="0.00"/>
        <vehicle id="38" x="398.35" y="757.20" angle="0.00" type="DEFAULT_VEHTYPE" speed="12.88" pos="42.80" lane="2/4to2/3_0" slope="0.00"/>
        <vehicle id="4" x="14.69" y="201.65" angle="-90.00" type="DEFAULT_VEHTYPE" speed="12.70" pos="180.56" lane="1/1to0/1_0" slope="0.00"/>
        <vehicle id="41" x="398.35" y="256.70" angle="0.00" type="DEFAULT_VEHTYPE" speed="13.10" pos="138.55" lane="2/2to2/1_0" slope="0.00"/>
        <vehicle id="42" x="401.65" y="151.47" angle="180.00" type="DEFAULT_VEHTYPE" speed="13.88" pos="151.47" lane="2/0to2/1_0" slope="0.00"/>
        <vehicle id="43" x="401.65" y="774.98" angle="180.00" type="DEFAULT_VEHTYPE" speed="12.67" pos="170.23" lane="2/3to2/4_0" slope="0.00"/>
        <vehicle id="44" x="398.35" y="337.11" angle="0.00" type="DEFAULT_VEHTYPE" speed="13.23" pos="58.14" lane="2/2to2/1_0" slope="0.00"/>
        <vehicle id="46" x="201.65" y="459.35" angle="180.00" type="DEFAULT_VEHTYPE" speed="12.80" pos="54.60" lane="1/2to1/3_0" slope="0.00"/>
        <vehicle id="47" x="372.37" y="401.65" angle="-90.00" type="DEFAULT_VEHTYPE" speed="13.67" pos="22.88" lane="2/2to1/2_0" slope="0.00"/>
        <vehicle id="49" x="216.74" y="401.65" angle="-90.00" type="DEFAULT_VEHTYPE" speed="8.96" pos="178.51" lane="2/2to1/2_0" slope="0.00"/>
        <vehicle id="6" x="398.35" y="288.67" angle="0.00" type="DEFAULT_VEHTYPE" speed="12.69" pos="106.58" lane="2/2to2/1_0" slope="0.00"/>
    </timestep>
    <timestep time="725.00">
        <vehicle id="1" x="398.35" y="543.18" angle="0.00" type="DEFAULT_VEHTYPE" speed="13.27" pos="52.07" lane="2/3to2/2_0" slope="0.00"/>
        <vehicle id="11" x="201.65" y="530.73" angle="180.00" type="DEFAULT_VEHTYPE" speed="12.82" pos="125.98" lane="1/2to1/3_0" slope="0.00"/>
        <vehicle id="13" x="687.80" y="201.65" angle="-90.00" type="DEFAULT_VEHTYPE" speed="13.56" pos="112.20" lane="4/1to3/1_0" slope="0.00"/>
        <vehicle id="17" x="266.86" y="598.35" angle="90.00" type="DEFAULT_VEHTYPE" speed="13.07" pos="62.11" lane="1/3to2/3_0" slope="0.00"/>
        <vehicle id="2" x="601.65" y="266.08" angle="180.00" type="DEFAULT_VEHTYPE" speed="12.71" pos="61.33" lane="3/1to3/2_0" slope="0.00"/>
        <vehicle id="21" x="361.91" y="201.65" angle="-90.00" type="DEFAULT_VEHTYPE" speed="13.88" pos="33.34" lane="2/1to1/1_0" slope="0.00"/>
        <vehicle id="23" x="398.35" y="489.06" angle="0.00" type="DEFAULT_VEHTYPE" speed="12.96" pos="106.19" lane="2/3to2/2_0" slope="0.00"/>
        <vehicle id="25" x="402.23" y="197.27" angle="173.19" type="DEFAULT_VEHTYPE" speed="12.73" pos="2.14" lane=":2/1_8_0" slope="0.00"/>
        <vehicle id="27" x="201.65" y="414.32" angle="180.00" type="DEFAULT_VEHTYPE" speed="8.57" pos="9.57" lane="1/2to1/3_0" slope="0.00"/>
        <vehicle id="29" x="500.66" y="198.35" angle="90.00" type="DEFAULT_VEHTYPE" speed="13.40" pos="95.91" lane="2/1to3/1_0" slope="0.00"/>
        <vehicle id="3" x="401.65" y="612.77" angle="180.00" type="DEFAULT_VEHTYPE" speed="8.45" pos="8.02" lane="2/3to2/4_0" slope="0.00"/>
        <vehicle id="32" x="198.35" y="382.96" angle="0.00" type="DEFAULT_VEHTYPE" speed="8.58" pos="12.29" lane="1/2to1/1_0" slope="0.00"/>
        <vehicle id="37" x="132.52" y="201.65" angle="-90.00" type="DEFAULT_VEHTYPE" speed="13.24" pos="62.73" lane="1/1to0/1_0" slope="0.00"/>
        <vehicle id="38" x="398.35" y="744.51" angle="0.00" type="DEFAULT_VEHTYPE" speed="12.69" pos="55.49" lane="2/4to2/3_0" slope="0.00"/>
        <vehicle id="4" x="1.33" y="201.65" angle="-90.00" type="DEFAULT_VEHTYPE" speed="13.36" pos="193.92" lane="1/1to0/1_0" slope="0.00"/>
        <vehicle id="41" x="398.35" y="244.02" angle="0.00" type="DEFAULT_VEHTYPE" speed="12.67" pos="151.23" lane="2/2to2/1_0" slope="0.00"/>
        <vehicle id="42" x="401.65" y="165.02" angle="180.00" type="DEFAULT_VEHTYPE" speed="13.55" pos="165.02" lane="2/0to2/1_0" slope="0.00"/>
        <vehicle id="43" x="401.65" y="788.48" angle="180.00" type="DEFAULT_VEHTYPE" speed="13.50" pos="183.73" lane="2/3to2/4_0" slope="0.00"/>
        <vehicle id="44" x="398.35" y="323.42" angle="0.00" type="DEFAULT_VEHTYPE" speed="13.69" pos="71.83" lane="2/2to2/1_0" slope="0.00"/>
        <vehicle id="46" x="201.65" y="472.57" angle="180.00" type="DEFAULT_VEHTYPE" speed="13.22" pos="67.82" lane="1/2to1/3_0" slope="0.00"/>
        <vehicle id="47" x="359.24" y="401.65" angle="-90.00" type="DEFAULT_VEHTYPE" speed="13.13" pos="36.01" lane="2/2to1/2_0" slope="0.00"/>
        <vehicle id="49" x="211.70" y="401.65" angle="-90.00" type="DEFAULT_VEHTYPE" speed="5.05" pos="183.55" lane="2/2to1/2_0" slope="0.00"/>
        <vehicle id="6" x="398.35" y="275.76" angle="0.00" type="DEFAULT_VEHTYPE" speed="12.91" pos="119.49" lane="2/2to2/1_0" slope="0.00"/>
    </timestep>
    <timestep time="726.00">
        <vehicle id="1" x="398.35" y="530.29" angle="0.00" type="DEFAULT_VEHTYPE" speed="12.89" pos="64.96" lane="2/3to2/2_0" slope="0.00"/>
        <vehicle id="11" x="201.65" y="543.97" angle="180.00" type="DEFAULT_VEHTYPE" speed="13.24" pos="139.22" lane="1/2to1/3_0" slope="0.00"/>
        <vehicle id="13" x="674.27" y="201.65" angle="-90.00" type="DEFAULT_VEHTYPE" speed="13.53" pos="125.73" lane="4/1to3/1_0" slope="0.00"/>
        <vehicle id="17" x="279.77" y="598.35" angle="90.00" type="DEFAULT_VEHTYPE" speed="12.91" pos="75.02" lane="1/3to2/3_0" slope="0.00"/>
        <vehicle id="2" x="601.65" y="279.19" angle="180.00" type="DEFAULT_VEHTYPE" speed="13.12" pos="74.44" lane="3/1to3/2_0" slope="0.00"/>
        <vehicle id="21" x="348.57" y="201.65" angle="-90.00" type="DEFAULT_VEHTYPE" speed="13.34" pos="46.68" lane="2/1to1/1_0" slope="0.00"/>
        <vehicle id="23" x="398.35" y="475.30" angle="0.00" type="DEFAULT_VEHTYPE" speed="13.76" pos="119.95" lane="2/3to2/2_0" slope="0.00"/>
        <vehicle id="25" x="415.24" y="198.35" angle="90.00" type="DEFAULT_VEHTYPE" speed="13.35" pos="10.49" lane="2/1to3/1_0" slope="0.00"/>
        <vehicle id="27" x="201.65" y="424.23" angle="180.00" type="DEFAULT_VEHTYPE" speed="9.91" pos="19.48" lane="1/2to1/3_0" slope="0.00"/>
        <vehicle id="29" x="514.36" y="198.35" angle="90.00" type="DEFAULT_VEHTYPE" speed="13.71" pos="109.61" lane="2/1to3/1_0" slope="0.00"/>
        <vehicle id="3" x="401.65" y="623.64" angle="180.00" type="DEFAULT_VEHTYPE" speed="10.86" pos="18.89" lane="2/3to2/4_0" slope="0.00"/>
        <vehicle id="32" x="198.35" y="372.70" angle="0.00" type="DEFAULT_VEHTYPE" speed="10.26" pos="22.55" lane="1/2to1/1_0" slope="0.00"/>
        <vehicle id="37" x="119.87" y="201.65" angle="-90.00" type="DEFAULT_VEHTYPE" speed="12.65" pos="75.38" lane="1/1to0/1_0" slope="0.00"/>
        <vehicle id="38" x="398.35" y="731.02" angle="0.00" type="DEFAULT_VEHTYPE" speed="13.49" pos="68.98" lane="2/4to2/3_0" slope="0.00"/>
        <vehicle id="4" x="6.97" y="198.35" angle="90.00" type="DEFAULT_VEHTYPE" speed="13.12" pos="6.97" lane="0/1to1/1_0" slope="0.00"/>
        <vehicle id="41" x="398.35" y="230.96" angle="0.00" type="DEFAULT_VEHTYPE" speed="13.06" pos="164.29" lane="2/2to2/1_0" slope="0.00"/>
        <vehicle id="42" x="401.65" y="178.63" angle="180.00" type="DEFAULT_VEHTYPE" speed="13.61" pos="178.63" lane="2/0to2/1_0" slope="0.00"/>
        <vehicle id="43" x="401.03" y="800.94" angle="-172.65" type="DEFAULT_VEHTYPE" speed="12.64" pos="1.13" lane=":2/4_0_0" slope="0.00"/>
        <vehicle id="44" x="398.35" y="310.41" angle="0.00" type="DEFAULT_VEHTYPE" speed="13.01" pos="84.84" lane="2/2to2/1_0" slope="0.00"/>
        <vehicle id="46" x="201.65" y="485.45" angle="180.00" type="DEFAULT_VEHTYPE" speed="12.89" pos="80.70" lane="1/2to1/3_0" slope="0.00"/>
        <vehicle id="47" x="345.46" y="401.65" angle="-90.00" type="DEFAULT_VEHTYPE" speed="13.78" pos="49.79" lane="2/2to1/2_0" slope="0.00"/>
        <vehicle id="49" x="205.32" y="401.65" angle="-90.00" type="DEFAULT_VEHTYPE" speed="6.38" pos="189.93" lane="2/2to1/2_0" slope="0.00"/>
        <vehicle id="6" x="398.35" y="263.01" angle="0.00" type="DEFAULT_VEHTYPE" speed="12.75" pos="132.24" lane="2/2to2/1_0" slope="0.00"/>
    </timestep>
    <timestep time="727.00">
        <vehicle id="1" x="398.35" y="516.93" angle="0.00" type="DEFAULT_VEHTYPE" speed="13.36" pos="78.32" lane="2/3to2/2_0" slope="0.00"/>
        <vehicle id="11" x="201.65" y="557.55" angle="180.00" type="DEFAULT_VEHTYPE" speed="13.58" pos="152.80" lane="1/2to1/3_0" slope="0.00"/>
        <vehicle id="13" x="661.67" y="201.65" angle="-90.00" type="DEFAULT_VEHTYPE" speed="12.60" pos="138.33" lane="4/1to3/1_0" slope="0.00"/>
        <vehicle id="17" x="292.50" y="598.35" angle="90.00" type="DEFAULT_VEHTYPE" speed="12.72" pos="87.75" lane="1/3to2/3_0" slope="0.00"/>
        <vehicle id="2" x="601.65" y="292.75" angle="180.00" type="DEFAULT_VEHTYPE" speed="13.55" pos="88.00" lane="3/1to3/2_0" slope="0.00"/>
        <vehicle id="21" x="334.90" y="201.65" angle="-90.00" type="DEFAULT_VEHTYPE" speed="13.67" pos="60.35" lane="2/1to1/1_0" slope="0.00"/>
        <vehicle id="23" x="398.35" y="462.54" angle="0.00" type="DEFAULT_VEHTYPE" speed="12.76" pos="132.71" lane="2/3to2/2_0" slope="0.00"/>
        <vehicle id="25" x="428.75" y="198.35" angle="90.00" type="DEFAULT_VEHTYPE" speed="13.51" pos="24.00" lane="2/1to3/1_0" slope="0.00"/>
        <vehicle id="27" x="201.65" y="436.34" angle="180.00" type="DEFAULT_VEHTYPE" speed="12.12" pos="31.59" lane="1/2to1/3_0" slope="0.00"/>
        <vehicle id="29" x="527.86" y="198.35" angle="90.00" type="DEFAULT_VEHTYPE" speed="13.49" pos="123.11" lane="2/1to3/1_0" slope="0.00"/>
        <vehicle id="3" x="401.65" y="637.04" angle="180.00" type="DEFAULT_VEHTYPE" speed="13.40" pos="32.29" lane="2/3to2/4_0" slope="0.00"/>
        <vehicle id="32" x="198.35" y="360.17" angle="0.00" type="DEFAULT_VEHTYPE" speed="12.53" pos="35.08" lane="1/2to1/1_0" slope="0.00"/>
        <vehicle id="37" x="106.20" y="201.65" angle="-90.00" type="DEFAULT_VEHTYPE" speed="13.67" pos="89.05" lane="1/1to0/1_0" slope="0.00"/>
        <vehicle id="38" x="398.35" y="717.39" angle="0.00" type="DEFAULT_VEHTYPE" speed="13.63" pos="82.61" lane="2/4to2/3_0" slope="0.00"/>
        <vehicle id="4" x="20.75" y="198.35" angle="90.00" type="DEFAULT_VEHTYPE" speed="13.77" pos="20.75" lane="0/1to1/1_0" slope="0.00"/>
        <vehicle id="41" x="398.35" y="217.39" angle="0.00" type="DEFAULT_VEHTYPE" speed="13.58" pos="177.86" lane="2/2to2/1_0" slope="0.00"/>
        <vehicle id="42" x="401.65" y="192.11" angle="180.00" type="DEFAULT_VEHTYPE" speed="13.48" pos="192.11" lane="2/0to2/1_0" slope="0.00"/>
        <vehicle id="43" x="398.35" y="789.93" angle="0.00" type="DEFAULT_VEHTYPE" speed="13.76" pos="10.07" lane="2/4to2/3_0" slope="0.00"/>
        <vehicle id="44" x="398.35" y="297.22" angle="0.00" type="DEFAULT_VEHTYPE" speed="13.18" pos="98.03" lane="2/2to2/1_0" slope="0.00"/>
        <vehicle id="46" x="201.65" y="498.53" angle="180.00" type="DEFAULT_VEHTYPE" speed="13.08" pos="93.78" lane="1/2to1/3_0" slope="0.00"/>
        <vehicle id="47" x="332.68" y="401.65" angle="-90.00" type="DEFAULT_VEHTYPE" speed="12.78" pos="62.57" lane="2/2to1/2_0" slope="0.00"/>
        <vehicle id="49" x="196.85" y="401.65" angle="-90.00" type="DEFAULT_VEHTYPE" speed="8.47" pos="7.90" lane=":1/2_5_0" slope="0.00"/>
        <vehicle id="6" x="398.35" y="249.95" angle="0.00" type="DEFAULT_VEHTYPE" speed="13.06" pos="145.30" lane="2/2to2/1_0" slope="0.00"/>
    </timestep>
    <timestep time="728.00">
        <vehicle id="1" x="398.35" y="503.50" angle="0.00" type="DEFAULT_VEHTYPE" speed="13.44" pos="91.75" lane="2/3to2/2_0" slope="0.00"/>
        <vehicle id="11" x="201.65" y="570.71" angle="180.00" type="DEFAULT_VEHTYPE" speed="13.16" pos="165.96" lane="1/2to1/3_0" slope="0.00"/>
        <vehicle id="13" x="648.47" y="201.65" angle="-90.00" type="DEFAULT_VEHTYPE" speed="13.19" pos="151.53" lane="4/1to3/1_0" slope="0.00"/>
        <vehicle id="17" x="305.14" y="598.35" angle="90.00" type="DEFAULT_VEHTYPE" speed="12.64" pos="100.39" lane="1/3to2/3_0" slope="0.00"/>
        <vehicle id="2" x="601.65" y="305.82" angle="180.00" type="DEFAULT_VEHTYPE" speed="13.07" pos="101.07" lane="3/1to3/2_0" slope="0.00"/>
        <vehicle id="21" x="322.24" y="201.65" angle="-90.00" type="DEFAULT_VEHTYPE" speed="12.66" pos="73.01" lane="2/1to1/1_0" slope="0.00"/>
        <vehicle id="23" x="398.35" y="449.20" angle="0.00" type="DEFAULT_VEHTYPE" speed="13.34" pos="146.05" lane="2/3to2/2_0" slope="0.00"/>
        <vehicle id="25" x="442.61" y="198.35" angle="90.00" type="DEFAULT_VEHTYPE" speed="13.86" pos="37.86" lane="2/1to3/1_0" slope="0.00"/>
        <vehicle id="27" x="201.65" y="449.00" angle="180.00" type="DEFAULT_VEHTYPE" speed="12.66" pos="44.25" lane="1/2to1/3_0" slope="0.00"/>
        <vehicle id="29" x="541.29" y="198.35" angle="90.00" type="DEFAULT_VEHTYPE" speed="13.44" pos="136.54" lane="2/1to3/1_0" slope="0.00"/>
        <vehicle id="3" x="401.65" y="649.79" angle="180.00" type="DEFAULT_VEHTYPE" speed="12.75" pos="45.04" lane="2/3to2/4_0" slope="0.00"/>
        <vehicle id="32" x="198.35" y="346.36" angle="0.00" type="DEFAULT_VEHTYPE" speed="13.81" pos="48.89" lane="1/2to1/1_0" slope="0.00"/>
        <vehicle id="37" x="92.81" y="201.65" angle="-90.00" type="DEFAULT_VEHTYPE" speed="13.38" pos="102.44" lane="1/1to0/1_0" slope="0.00"/>
        <vehicle id="38" x="398.35" y="703.72" angle="0.00" type="DEFAULT_VEHTYPE" speed="13.67" pos="96.28" lane="2/4to2/3_0" slope="0.00"/>
        <vehicle id="4" x="33.79" y="198.35" angle="90.00" type="DEFAULT_VEHTYPE" speed="13.05" pos="33.79" lane="0/1to1/1_0" slope="0.00"/>
        <vehicle id="41" x="398.25" y="204.06" angle="-1.10" type="DEFAULT_VEHTYPE" speed="13.33" pos="0.69" lane=":2/1_0_0" slope="0.00"/>
        <vehicle id="42" x="409.73" y="198.35" angle="90.05" type="DEFAULT_VEHTYPE" speed="13.12" pos="4.98" lane="2/1to3/1_0" slope="0.00"/>
        <vehicle id="43" x="398.35" y="776.71" angle="0.00" type="DEFAULT_VEHTYPE" speed="13.22" pos="23.29" lane="2/4to2/3_0" slope="0.00"/>
        <vehicle id="44" x="398.35" y="283.68" angle="0.00" type="DEFAULT_VEHTYPE" speed="13.54" pos="111.57" lane="2/2to2/1_0" slope="0.00"/>
        <vehicle id="46" x="201.65" y="511.66" angle="180.00" type="DEFAULT_VEHTYPE" speed="13.13" pos="106.91" lane="1/2to1/3_0" slope="0.00"/>
        <vehicle id="47" x="318.97" y="401.65" angle="-90.00" type="DEFAULT_VEHTYPE" speed="13.70" pos="76.28" lane="2/2to1/2_0" slope="0.00"/>
        <vehicle id="49" x="186.82" y="401.65" angle="-90.00" type="DEFAULT_VEHTYPE" speed="10.03" pos="8.43" lane="1/2to0/2_0" slope="0.00"/>
        <vehicle id="6" x="398.35" y="236.37" angle="0.00" type="DEFAULT_VEHTYPE" speed="13.58" pos="158.88" lane="2/2to2/1_0" slope="0.00"/>
    </timestep>
    <timestep time="729.00">
        <vehicle id="1" x="398.35" y="489.88" angle="0.00" type="DEFAULT_VEHTYPE" speed="13.61" pos="105.37" lane="2/3to2/2_0" slope="0.00"/>
        <vehicle id="11" x="201.65" y="584.26" angle="180.00" type="DEFAULT_VEHTYPE" speed="13.55" pos="179.51" lane="1/2to1/3_0" slope="0.00"/>
        <vehicle id="13" x="635.63" y="201.65" angle="-90.00" type="DEFAULT_VEHTYPE" speed="12.85" pos="164.37" lane="4/1to3/1_0" slope="0.00"/>
        <vehicle id="17" x="318.62" y="598.35" angle="90.00" type="DEFAULT_VEHTYPE" speed="13.48" pos="113.87" lane="1/3to2/3_0" slope="0.00"/>
        <vehicle id="2" x="601.65" y="319.37" angle="180.00" type="DEFAULT_VEHTYPE" speed="13.55" pos="114.62" lane="3/1to3/2_0" slope="0.00"/>
        <vehicle id="21" x="309.63" y="201.65" angle="-90.00" type="DEFAULT_VEHTYPE" speed="12.61" pos="85.62" lane="2/1to1/1_0" slope="0.00"/>
        <vehicle id="23" x="398.35" y="436.09" angle="0.00" type="DEFAULT_VEHTYPE" speed="13.10" pos="159.16" lane="2/3to2/2_0" slope="0.00"/>
        <vehicle id="25" x="455.24" y="198.35" angle="90.00" type="DEFAULT_VEHTYPE" speed="12.63" pos="50.49" lane="2/1to3/1_0" slope="0.00"/>
        <vehicle id="27" x="201.65" y="462.65" angle="180.00" type="DEFAULT_VEHTYPE" speed="13.65" pos="57.90" lane="1/2to1/3_0" slope="0.00"/>
        <vehicle id="29" x="554.63" y="198.35" angle="90.00" type="DEFAULT_VEHTYPE" speed="13.33" pos="149.88" lane="2/1to3/1_0" slope="0.00"/>
        <vehicle id="3" x="401.65" y="663.67" angle="180.00" type="DEFAULT_VEHTYPE" speed="13.87" pos="58.92" lane="2/3to2/4_0" slope="0.00"/>
        <vehicle id="32" x="198.35" y="332.55" angle="0.00" type="DEFAULT_VEHTYPE" speed="13.81" pos="62.70" lane="1/2to1/1_0" slope="0.00"/>
        <vehicle id="37" x="79.25" y="201.65" angle="-90.00" type="DEFAULT_VEHTYPE" speed="13.56" pos="116.00" lane="1/1to0/1_0" slope="0.00"/>
        <vehicle id="38" x="398.35" y="689.89" angle="0.00" type="DEFAULT_VEHTYPE" speed="13.83" pos="110.11" lane="2/4to2/3_0" slope="0.00"/>
        <vehicle id="4" x="47.42" y="198.35" angle="90.00" type="DEFAULT_VEHTYPE" speed="13.62" pos="47.42" lane="0/1to1/1_0" slope="0.00"/>
        <vehicle id="41" x="386.94" y="201.65" angle="-90.00" type="DEFAULT_VEHTYPE" speed="12.61" pos="8.31" lane="2/1to1/1_0" slope="0.00"/>
        <vehicle id="42" x="423.02" y="198.35" angle="90.00" type="DEFAULT_VEHTYPE" speed="13.29" pos="18.27" lane="2/1to3/1_0" slope="0.00"/>
        <vehicle id="43" x="398.35" y="763.51" angle="0.00" type="DEFAULT_VEHTYPE" speed="13.20" pos="36.49" lane="2/4to2/3_0" slope="0.00"/>
        <vehicle id="44" x="398.35" y="270.17" angle="0.00" type="DEFAULT_VEHTYPE" speed="13.51" pos="125.08" lane="2/2to2/1_0" slope="0.00"/>
        <vehicle id="46" x="201.65" y="524.73" angle="180.00" type="DEFAULT_VEHTYPE" speed="13.07" pos="119.98" lane="1/2to1/3_0" slope="0.00"/>
        <vehicle id="47" x="305.30" y="401.65" angle="-90.00" type="DEFAULT_VEHTYPE" speed="13.67" pos="89.95" lane="2/2to1/2_0" slope="0.00"/>
        <vehicle id="49" x="175.37" y="401.65" angle="-90.00" type="DEFAULT_VEHTYPE" speed="11.45" pos="19.88" lane="1/2to0/2_0" slope="0.00"/>
        <vehicle id="6" x="398.35" y="222.91" angle="0.00" type="DEFAULT_VEHTYPE" speed="13.46" pos="172.34" lane="2/2to2/1_0" slope="0.00"/>
    </timestep>
    <timestep time="730.00">
        <vehicle id="1" x="398.35" y="476.83" angle="0.00" type="DEFAULT_VEHTYPE" speed="13.05" pos="118.42" lane="2/3to2/2_0" slope="0.00"/>
        <vehicle id="11" x="202.35" y="597.45" angle="171.78" type="DEFAULT_VEHTYPE" speed="13.35" pos="2.35" lane=":1/3_8_0" slope="0.00"/>
        <vehicle id="13" x="624.46" y="201.65" angle="-90.00" type="DEFAULT_VEHTYPE" speed="11.17" pos="175.54" lane="4/1to3/1_0" slope="0.00"/>
        <vehicle id="17" x="332.23" y="598.35" angle="90.00" type="DEFAULT_VEHTYPE" speed="13.62" pos="127.48" lane="1/3to2/3_0" slope="0.00"/>
        <vehicle id="2" x="601.65" y="332.80" angle="180.00" type="DEFAULT_VEHTYPE" speed="13.42" pos="128.05" lane="3/1to3/2_0" slope="0.00"/>
        <vehicle id="21" x="296.12" y="201.65" angle="-90.00" type="DEFAULT_VEHTYPE" speed="13.51" pos="99.13" lane="2/1to1/1_0" slope="0.00"/>
        <vehicle id="23" x="398.35" y="423.20" angle="0.00" type="DEFAULT_VEHTYPE" speed="12.89" pos="172.05" lane="2/3to2/2_0" slope="0.00"/>
        <vehicle id="25" x="467.85" y="198.35" angle="90.00" type="DEFAULT_VEHTYPE" speed="12.61" pos="63.10" lane="2/1to3/1_0" slope="0.00"/>
        <vehicle id="27" x="201.65" y="475.96" angle="180.00" type="DEFAULT_VEHTYPE" speed="13.31" pos="71.21" lane="1/2to1/3_0" slope="0.00"/>
        <vehicle id="29" x="567.88" y="198.35" angle="90.00" type="DEFAULT_VEHTYPE" speed="13.25" pos="163.13" lane="2/1to3/1_0" slope="0.00"/>
        <vehicle id="3" x="401.65" y="677.42" angle="180.00" type="DEFAULT_VEHTYPE" speed="13.76" pos="72.67" lane="2/3to2/4_0" slope="0.00"/>
        <vehicle id="32" x="198.35" y="318.87" angle="0.00" type="DEFAULT_VEHTYPE" speed="13.68" pos="76.38" lane="1/2to1/1_0" slope="0.00"/>
        <vehicle id="37" x="66.64" y="201.65" angle="-90.00" type="DEFAULT_VEHTYPE" speed="12.61" pos="128.61" lane="1/1to0/1_0" slope="0.00"/>
        <vehicle id="38" x="398.35" y="677.00" angle="0.00" type="DEFAULT_VEHTYPE" speed="12.88" pos="123.00" lane="2/4to2/3_0" slope="0.00"/>
        <vehicle id="4" x="60.98" y="198.35" angle="90.00" type="DEFAULT_VEHTYPE" speed="13.56" pos="60.98" lane="0/1to1/1_0" slope="0.00"/>
        <vehicle id="41" x="374.22" y="201.65" angle="-90.00" type="DEFAULT_VEHTYPE" speed="12.72" pos="21.03" lane="2/1to1/1_0" slope="0.00"/>
        <vehicle id="42" x="436.08" y="198.35" angle="90.00" type="DEFAULT_VEHTYPE" speed="13.06" pos="31.33" lane="2/1to3/1_0" slope="0.00"/>
        <vehicle id="43" x="398.35" y="750.64" angle="0.00" type="DEFAULT_VEHTYPE" speed="12.87" pos="49.36" lane="2/4to2/3_0" slope="0.00"/>
        <vehicle id="44" x="398.35" y="256.77" angle="0.00" type="DEFAULT_VEHTYPE" speed="13.40" pos="138.48" lane="2/2to2/1_0" slope="0.00"/>
        <vehicle id="46" x="201.65" y="537.52" angle="180.00" type="DEFAULT_VEHTYPE" speed="12.79" pos="132.77" lane="1/2to1/3_0" slope="0.00"/>
        <vehicle id="47" x="291.63" y="401.65" angle="-90.00" type="DEFAULT_VEHTYPE" speed="13.67" pos="103.62" lane="2/2to1/2_0" slope="0.00"/>
        <vehicle id="49" x="162.03" y="401.65" angle="-90.00" type="DEFAULT_VEHTYPE" speed="13.34" pos="33.22" lane="1/2to0/2_0" slope="0.00"/>
        <vehicle id="6" x="398.35" y="209.55" angle="0.00" type="DEFAULT_VEHTYPE" speed="13.36" pos="185.70" lane="2/2to2/1_0" slope="0.00"/>
    </timestep>
    <timestep time="731.00">
        <vehicle id="1" x="398.35" y="463.95" angle="0.00" type="DEFAULT_VEHTYPE" speed="12.88" pos="131.30" lane="2/3to2/2_0" slope="0.00"/>
        <vehicle id="11" x="215.11" y="598.35" angle="90.00" type="DEFAULT_VEHTYPE" speed="13.00" pos="10.36" lane="1/3to2/3_0" slope="0.00"/>
        <vehicle id="13" x="616.21" y="201.65" angle="-90.00" type="DEFAULT_VEHTYPE" speed="8.25" pos="183.79" lane="4/1to3/1_0" slope="0.00"/>
        <vehicle id="17" x="345.30" y="598.35" angle="90.00" type="DEFAULT_VEHTYPE" speed="13.07" pos="140.55" lane="1/3to2/3_0" slope="0.00"/>
        <vehicle id="2" x="601.65" y="345.68" angle="180.00" type="DEFAULT_VEHTYPE" speed="12.88" pos="140.93" lane="3/1to3/2_0" slope="0.00"/>
        <vehicle id="21" x="282.34" y="201.65" angle="-90.00" type="DEFAULT_VEHTYPE" speed="13.78" pos="112.91" lane="2/1to1/1_0" slope="0.00"/>
        <vehicle id="23" x="398.35" y="409.73" angle="0.00" type="DEFAULT_VEHTYPE" speed="13.48" pos="185.52" lane="2/3to2/2_0" slope="0.00"/>
        <vehicle id="25" x="481.58" y="198.35" angle="90.00" type="DEFAULT_VEHTYPE" speed="13.73" pos="76.83" lane="2/1to3/1_0" slope="0.00"/>
        <vehicle id="27" x="201.65" y="488.65" angle="180.00" type="DEFAULT_VEHTYPE" speed="12.69" pos="83.90" lane="1/2to1/3_0" slope="0.00"/>
        <vehicle id="29" x="578.21" y="198.35" angle="90.00" type="DEFAULT_VEHTYPE" speed="10.33" pos="173.46" lane="2/1to3/1_0" slope="0.00"/>
        <vehicle id="3" x="401.65" y="690.65" angle="180.00" type="DEFAULT_VEHTYPE" speed="13.22" pos="85.90" lane="2/3to2/4_0" slope="0.00"/>
        <vehicle id="32" x="198.35" y="305.27" angle="0.00" type="DEFAULT_VEHTYPE" speed="13.60" pos="89.98" lane="1/2to1/1_0" slope="0.00"/>
        <vehicle id="37" x="53.29" y="201.65" angle="-90.00" type="DEFAULT_VEHTYPE" speed="13.34" pos="141.96" lane="1/1to0/1_0" slope="0.00"/>
        <vehicle id="38" x="398.35" y="663.79" angle="0.00" type="DEFAULT_VEHTYPE" speed="13.21" pos="136.21" lane="2/4to2/3_0" slope="0.00"/>
        <vehicle id="4" x="74.71" y="198.35" angle="90.00" type="DEFAULT_VEHTYPE" speed="13.73" pos="74.71" lane="0/1to1/1_0" slope="0.00"/>
        <vehicle id="41" x="360.80" y="201.65" angle="-90.00" type="DEFAULT_VEHTYPE" speed="13.42" pos="34.45" lane="2/1to1/1_0" slope="0.00"/>
        <vehicle id="42" x="448.70" y="198.35" angle="90.00" type="DEFAULT_VEHTYPE" speed="12.62" pos="43.95" lane="2/1to3/1_0" slope="0.00"/>
        <vehicle id="43" x="398.35" y="737.43" angle="0.00" type="DEFAULT_VEHTYPE" speed="13.21" pos="62.57" lane="2/4to2/3_0" slope="0.00"/>
        <vehicle id="44" x="398.35" y="243.19" angle="0.00" type="DEFAULT_VEHTYPE" speed="13.59" pos="152.06" lane="2/2to2/1_0" slope="0.00"/>
        <vehicle id="46" x="201.65" y="551.00" angle="180.00" type="DEFAULT_VEHTYPE" speed="13.48" pos="146.25" lane="1/2to1/3_0" slope="0.00"/>
        <vehicle id="47" x="277.86" y="401.65" angle="-90.00" type="DEFAULT_VEHTYPE" speed="13.77" pos="117.39" lane="2/2to1/2_0" slope="0.00"/>
        <vehicle id="49" x="149.42" y="401.65" angle="-90.00" type="DEFAULT_VEHTYPE" speed="12.61" pos="45.83" lane="1/2to0/2_0" slope="0.00"/>
        <vehicle id="6" x="392.24" y="201.65" angle="-84.07" type="DEFAULT_VEHTYPE" speed="12.81" pos="3.01" lane="2/1to1/1_0" slope="0.00"/>
    </timestep>
    <timestep time="732.00">
        <vehicle id="1" x="398.35" y="450.26" angle="0.00" type="DEFAULT_VEHTYPE" speed="13.70" pos="144.99" lane="2/3to2/2_0" slope="0.00"/>
        <vehicle id="11" x="228.62" y="598.35" angle="90.00" type="DEFAULT_VEHTYPE" speed="13.51" pos="23.87" lane="1/3to2/3_0" slope="0.00"/>
        <vehicle id="13" x="611.84" y="201.65" angle="-90.00" type="DEFAULT_VEHTYPE" speed="4.37" pos="188.16" lane="4/1to3/1_0" slope="0.00"/>
        <vehicle id="17" x="358.15" y="598.35" angle="90.00" type="DEFAULT_VEHTYPE" speed="12.84" pos="153.40" lane="1/3to2/3_0" slope="0.00"/>
        <vehicle id="2" x="601.65" y="358.42" angle="180.00" type="DEFAULT_VEHTYPE" speed="12.74" pos="153.67" lane="3/1to3/2_0" slope="0.00"/>
        <vehicle id="21" x="268.46" y="201.65" angle="-90.00" type="DEFAULT_VEHTYPE" speed="13.88" pos="126.79" lane="2/1to1/1_0" slope="0.00"/>
        <vehicle id="23" x="391.36" y="401.65" angle="-88.22" type="DEFAULT_VEHTYPE" speed="13.86" pos="3.89" lane="2/2to1/2_0" slope="0.00"/>
        <vehicle id="25" x="495.01" y="198.35" angle="90.00" type="DEFAULT_VEHTYPE" speed="13.43" pos="90.26" lane="2/1to3/1_0" slope="0.00"/>
        <vehicle id="27" x="201.65" y="501.58" angle="180.00" type="DEFAULT_VEHTYPE" speed="12.94" pos="96.83" lane="1/2to1/3_0" slope="0.00"/>
        <vehicle id="29" x="585.61" y="198.35" angle="90.00" type="DEFAULT_VEHTYPE" speed="7.39" pos="180.86" lane="2/1to3/1_0" slope="0.00"/>
        <vehicle id="3" x="401.65" y="703.74" angle="180.00" type="DEFAULT_VEHTYPE" speed="13.09" pos="98.99" lane="2/3to2/4_0" slope="0.00"/>
        <vehicle id="32" x="198.35" y="291.56" angle="0.00" type="DEFAULT_VEHTYPE" speed="13.71" pos="103.69" lane="1/2to1/1_0" slope="0.00"/>
        <vehicle id="37" x="39.49" y="201.65" angle="-90.00" type="DEFAULT_VEHTYPE" speed="13.80" pos="155.76" lane="1/1to0/1_0" slope="0.00"/>
        <vehicle id="38" x="398.35" y="651.00" angle="0.00" type="DEFAULT_VEHTYPE" speed="12.79" pos="149.00" lane="2/4to2/3_0" slope="0.00"/>
        <vehicle id="4" x="87.91" y="198.35" angle="90.00" type="DEFAULT_VEHTYPE" speed="13.20" pos="87.91" lane="0/1to1/1_0" slope="0.00"/>
        <vehicle id="41" x="347.46" y="201.65" angle="-90.00" type="DEFAULT_VEHTYPE" speed="13.34" pos="47.79" lane="2/1to1/1_0" slope="0.00"/>
        <vehicle id="42" x="462.21" y="198.35" angle="90.00" type="DEFAULT_VEHTYPE" speed="13.51" pos="57.46" lane="2/1to3/1_0" slope="0.00"/>
        <vehicle id="43" x="398.35" y="724.22" angle="0.00" type="DEFAULT_VEHTYPE" speed="13.20" pos="75.78" lane="2/4to2/3_0" slope="0.00"/>
        <vehicle id="44" x="398.35" y="230.06" angle="0.00" type="DEFAULT_VEHTYPE" speed="13.13" pos="165.19" lane="2/2to2/1_0" slope="0.00"/>
        <vehicle id="46" x="201.65" y="564.71" angle="180.00" type="DEFAULT_VEHTYPE" speed="13.71" pos="159.96" lane="1/2to1/3_0" slope="0.00"/>
        <vehicle id="47" x="264.42" y="401.65" angle="-90.00" type="DEFAULT_VEHTYPE" speed="13.44" pos="130.83" lane="2/2to1/2_0" slope="0.00"/>
        <vehicle id="49" x="136.77" y="401.65" angle="-90.00" type="DEFAULT_VEHTYPE" speed="12.65" pos="58.48" lane="1/2to0/2_0" slope="0.00"/>
        <vehicle id="6" x="379.17" y="201.65" angle="-90.00" type="DEFAULT_VEHTYPE" speed="13.07" pos="16.08" lane="2/1to1/1_0" slope="0.00"/>
    </timestep>
    <timestep time="733.00">
        <vehicle id="1" x="398.35" y="436.91" angle="0.00" type="DEFAULT_VEHTYPE" speed="13.35" pos="158.34" lane="2/3to2/2_0" slope="0.00"/>
        <vehicle id="11" x="241.94" y="598.35" angle="90.00" type="DEFAULT_VEHTYPE" speed="13.32" pos="37.19" lane="1/3to2/3_0" slope="0.00"/>
        <vehicle id="13" x="609.16" y="201.65" angle="-90.00" type="DEFAULT_VEHTYPE" speed="2.68" pos="190.84" lane="4/1to3/1_0" slope="0.00"/>
        <vehicle id="17" x="371.47" y="598.35" angle="90.00" type="DEFAULT_VEHTYPE" speed="13.32" pos="166.72" lane="1/3to2/3_0" slope="0.00"/>
        <vehicle id="2" x="601.65" y="371.54" angle="180.00" type="DEFAULT_VEHTYPE" speed="13.12" pos="166.79" lane="3/1to3/2_0" slope="0.00"/>
        <vehicle id="21" x="254.67" y="201.65" angle="-90.00" type="DEFAULT_VEHTYPE" speed="13.79" pos="140.58" lane="2/1to1/1_0" slope="0.00"/>
        <vehicle id="23" x="378.35" y="401.65" angle="-90.00" type="DEFAULT_VEHTYPE" speed="13.01" pos="16.90" lane="2/2to1/2_0" slope="0.00"/>
        <vehicle id="25" x="507.95" y="198.35" angle="90.00" type="DEFAULT_VEHTYPE" speed="12.94" pos="103.20" lane="2/1to3/1_0" slope="0.00"/>
        <vehicle id="27" x="201.65" y="514.77" angle="180.00" type="DEFAULT_VEHTYPE" speed="13.19" pos="110.02" lane="1/2to1/3_0" slope="0.00"/>
        <vehicle id="29" x="589.74" y="198.35" angle="90.00" type="DEFAULT_VEHTYPE" speed="4.13" pos="184.99" lane="2/1to3/1_0" slope="0.00"/>
        <vehicle id="3" x="401.65" y="716.97" angle="180.00" type="DEFAULT_VEHTYPE" speed="13.23" pos="112.22" lane="2/3to2/4_0" slope="0.00"/>
        <vehicle id="32" x="198.35" y="278.76" angle="0.00" type="DEFAULT_VEHTYPE" speed="12.80" pos="116.49" lane="1/2to1/1_0" slope="0.00"/>
        <vehicle id="37" x="25.79" y="201.65" angle="-90.00" type="DEFAULT_VEHTYPE" speed="13.70" pos="169.46" lane="1/1to0/1_0" slope="0.00"/>
        <vehicle id="38" x="398.35" y="637.13" angle="0.00" type="DEFAULT_VEHTYPE" speed="13.87" pos="162.87" lane="2/4to2/3_0" slope="0.00"/>
        <vehicle id="4" x="100.68" y="198.35" angle="90.00" type="DEFAULT_VEHTYPE" speed="12.77" pos="100.68" lane="0/1to1/1_0" slope="0.00"/>
        <vehicle id="41" x="334.69" y="201.65" angle="-90.00" type="DEFAULT_VEHTYPE" speed="12.77" pos="60.56" lane="2/1to1/1_0" slope="0.00"/>
        <vehicle id="42" x="476.09" y="198.35" angle="90.00" type="DEFAULT_VEHTYPE" speed="13.88" pos="71.34" lane="2/1to3/1_0" slope="0.00"/>
        <vehicle id="43" x="398.35" y="710.86" angle="0.00" type="DEFAULT_VEHTYPE" speed="13.36" pos="89.14" lane="2/4to2/3_0" slope="0.00"/>
        <vehicle id="44" x="398.35" y="216.32" angle="0.00" type="DEFAULT_VEHTYPE" speed="13.74" pos="178.93" lane="2/2to2/1_0" slope="0.00"/>
        <vehicle id="46" x="201.65" y="578.48" angle="180.00" type="DEFAULT_VEHTYPE" speed="13.77" pos="173.73" lane="1/2to1/3_0" slope="0.00"/>
        <vehicle id="47" x="251.77" y="401.65" angle="-90.00" type="DEFAULT_VEHTYPE" speed="12.65" pos="143.48" lane="2/2to1/2_0" slope="0.00"/>
        <vehicle id="49" x="123.86" y="401.65" angle="-90.00" type="DEFAULT_VEHTYPE" speed="12.91" pos="71.39" lane="1/2to0/2_0" slope="0.00"/>
        <vehicle id="6" x="365.71" y="201.65" angle="-90.00" type="DEFAULT_VEHTYPE" speed="13.46" pos="29.54" lane="2/1to1/1_0" slope="0.00"/>
    </timestep>
    <timestep time="734.00">
        <vehicle id="1" x="398.35" y="423.89" angle="0.00" type="DEFAULT_VEHTYPE" speed="13.01" pos="171.36" lane="2/3to2/2_0" slope="0.00"/>
        <vehicle id="11" x="254.70" y="598.35" angle="90.00" type="DEFAULT_VEHTYPE" speed="12.76" pos="49.95" lane="1/3to2/3_0" slope="0.00"/>
        <vehicle id="13" x="604.14" y="201.74" angle="-90.98" type="DEFAULT_VEHTYPE" speed="5.03" pos="0.62" lane=":3/1_4_0" slope="0.00"/>
        <vehicle id="17" x="380.63" y="598.35" angle="90.00" type="DEFAULT_VEHTYPE" speed="9.16" pos="175.88" lane="1/3to2/3_0" slope="0.00"/>
        <vehicle id="2" x="601.65" y="381.48" angle="180.00" type="DEFAULT_VEHTYPE" speed="9.94" pos="176.73" lane="3/1to3/2_0" slope="0.00"/>
        <vehicle id="21" x="241.07" y="201.65" angle="-90.00" type="DEFAULT_VEHTYPE" speed="13.60" pos="154.18" lane="2/1to1/1_0" slope="0.00"/>
        <vehicle id="23" x="364.87" y="401.65" angle="-90.00" type="DEFAULT_VEHTYPE" speed="13.48" pos="30.38" lane="2/2to1/2_0" slope="0.00"/>
        <vehicle id="25" x="521.25" y="198.35" angle="90.00" type="DEFAULT_VEHTYPE" speed="13.30" pos="116.50" lane="2/1to3/1_0" slope="0.00"/>
        <vehicle id="27" x="201.65" y="528.48" angle="180.00" type="DEFAULT_VEHTYPE" speed="13.71" pos="123.73" lane="1/2to1/3_0" slope="0.00"/>
        <vehicle id="29" x="590.97" y="198.35" angle="90.00" type="DEFAULT_VEHTYPE" speed="1.24" pos="186.22" lane="2/1to3/1_0" slope="0.00"/>
        <vehicle id="3" x="401.65" y="730.51" angle="180.00" type="DEFAULT_VEHTYPE" speed="13.55" pos="125.76" lane="2/3to2/4_0" slope="0.00"/>
        <vehicle id="32" x="198.35" y="265.53" angle="0.00" type="DEFAULT_VEHTYPE" speed="13.23" pos="129.72" lane="1/2to1/1_0" slope="0.00"/>
        <vehicle id="37" x="12.29" y="201.65" angle="-90.00" type="DEFAULT_VEHTYPE" speed="13.50" pos="182.96" lane="1/1to0/1_0" slope="0.00"/>
        <vehicle id="38" x="398.35" y="623.45" angle="0.00" type="DEFAULT_VEHTYPE" speed="13.68" pos="176.55" lane="2/4to2/3_0" slope="0.00"/>
        <vehicle id="4" x="114.39" y="198.35" angle="90.00" type="DEFAULT_VEHTYPE" speed="13.71" pos="114.39" lane="0/1to1/1_0" slope="0.00"/>
        <vehicle id="41" x="321.58" y="201.65" angle="-90.00" type="DEFAULT_VEHTYPE" speed="13.10" pos="73.67" lane="2/1to1/1_0" slope="0.00"/>
        <vehicle id="42" x="489.23" y="198.35" angle="90.00" type="DEFAULT_VEHTYPE" speed="13.14" pos="84.48" lane="2/1to3/1_0" slope="0.00"/>
        <vehicle id="43" x="398.35" y="698.23" angle="0.00" type="DEFAULT_VEHTYPE" speed="12.63" pos="101.77" lane="2/4to2/3_0" slope="0.00"/>
        <vehicle id="44" x="398.35" y="202.67" angle="0.00" type="DEFAULT_VEHTYPE" speed="13.65" pos="2.08" lane=":2/1_1_0" slope="0.00"/>
        <vehicle id="46" x="201.65" y="592.31" angle="180.00" type="DEFAULT_VEHTYPE" speed="13.83" pos="187.56" lane="1/2to1/3_0" slope="0.00"/>
        <vehicle id="47" x="238.84" y="401.65" angle="-90.00" type="DEFAULT_VEHTYPE" speed="12.93" pos="156.41" lane="2/2to1/2_0" slope="0.00"/>
        <vehicle id="49" x="110.42" y="401.65" angle="-90.00" type="DEFAULT_VEHTYPE" speed="13.44" pos="84.83" lane="1/2to0/2_0" slope="0.00"/>
        <vehicle id="6" x="352.38" y="201.65" angle="-90.00" type="DEFAULT_VEHTYPE" speed="13.33" pos="42.87" lane="2/1to1/1_0" slope="0.00"/>
    </timestep>
    <timestep time="735.00">
        <vehicle id="1" x="398.35" y="411.28" angle="0.00" type="DEFAULT_VEHTYPE" speed="12.61" pos="183.97" lane="2/3to2/2_0" slope="0.00"/>
        <vehicle id="11" x="268.36" y="598.35" angle="90.00" type="DEFAULT_VEHTYPE" speed="13.66" pos="63.61" lane="1/3to2/3_0" slope="0.00"/>
        <vehicle id="13" x="601.65" y="207.29" angle="-171.13" type="DEFAULT_VEHTYPE" speed="6.92" pos="2.54" lane="3/1to3/2_0" slope="0.00"/>
        <vehicle id="17" x="386.92" y="598.35" angle="90.00" type="DEFAULT_VEHTYPE" speed="6.29" pos="182.17" lane="1/3to2/3_0" slope="0.00"/>
        <vehicle id="2" x="601.65" y="386.92" angle="180.00" type="DEFAULT_VEHTYPE" speed="5.44" pos="182.17" lane="3/1to3/2_0" slope="0.00"/>
        <vehicle id="21" x="228.48" y="201.65" angle="-90.00" type="DEFAULT_VEHTYPE" speed="12.59" pos="166.77" lane="2/1to1/1_0" slope="0.00"/>
        <vehicle id="23" x="351.64" y="401.65" angle="-90.00" type="DEFAULT_VEHTYPE" speed="13.23" pos="43.61" lane="2/2to1/2_0" slope="0.00"/>
        <vehicle id="25" x="535.02" y="198.35" angle="90.00" type="DEFAULT_VEHTYPE" speed="13.77" pos="130.27" lane="2/1to3/1_0" slope="0.00"/>
        <vehicle id="27" x="201.65" y="541.50" angle="180.00" type="DEFAULT_VEHTYPE" speed="13.02" pos="136.75" lane="1/2to1/3_0" slope="0.00"/>
        <vehicle id="29" x="592.15" y="198.35" angle="90.00" type="DEFAULT_VEHTYPE" speed="1.18" pos="187.40" lane="2/1to3/1_0" slope="0.00"/>
        <vehicle id="3" x="401.65" y="743.74" angle="180.00" type="DEFAULT_VEHTYPE" speed="13.23" pos="138.99" lane="2/3to2/4_0" slope="0.00"/>
        <vehicle id="32" x="198.35" y="251.84" angle="0.00" type="DEFAULT_VEHTYPE" speed="13.69" pos="143.41" lane="1/2to1/1_0" slope="0.00"/>
        <vehicle id="37" x="-0.49" y="201.33" angle="-86.23" type="DEFAULT_VEHTYPE" speed="12.87" pos="0.59" lane=":0/1_0_0" slope="0.00"/>
        <vehicle id="38" x="398.35" y="609.96" angle="0.00" type="DEFAULT_VEHTYPE" speed="13.49" pos="190.04" lane="2/4to2/3_0" slope="0.00"/>
        <vehicle id="4" x="127.93" y="198.35" angle="90.00" type="DEFAULT_VEHTYPE" speed="13.54" pos="127.93" lane="0/1to1/1_0" slope="0.00"/>
        <vehicle id="41" x="307.79" y="201.65" angle="-90.00" type="DEFAULT_VEHTYPE" speed="13.80" pos="87.46" lane="2/1to1/1_0" slope="0.00"/>
        <vehicle id="42" x="502.90" y="198.35" angle="90.00" type="DEFAULT_VEHTYPE" speed="13.67" pos="98.15" lane="2/1to3/1_0" slope="0.00"/>
        <vehicle id="43" x="398.35" y="684.35" angle="0.00" type="DEFAULT_VEHTYPE" speed="13.88" pos="115.65" lane="2/4to2/3_0" slope="0.00"/>
        <vehicle id="44" x="398.35" y="189.24" angle="0.00" type="DEFAULT_VEHTYPE" speed="13.43" pos="6.01" lane="2/1to2/0_0" slope="0.00"/>
        <vehicle id="46" x="210.58" y="598.35" angle="90.00" type="DEFAULT_VEHTYPE" speed="13.76" pos="5.83" lane="1/3to2/3_0" slope="0.00"/>
        <vehicle id="47" x="227.08" y="401.65" angle="-90.00" type="DEFAULT_VEHTYPE" speed="11.76" pos="168.17" lane="2/2to1/2_0" slope="0.00"/>
        <vehicle id="49" x="97.82" y="401.65" angle="-90.00" type="DEFAULT_VEHTYPE" speed="12.60" pos="97.43" lane="1/2to0/2_0" slope="0.00"/>
        <vehicle id="6" x="338.53" y="201.65" angle="-90.00" type="DEFAULT_VEHTYPE" speed="13.85" pos="56.72" lane="2/1to1/1_0" slope="0.00"/>
    </timestep>
    <timestep time="736.00">
        <vehicle id="1" x="398.35" y="397.83" angle="0.00" type="DEFAULT_VEHTYPE" speed="13.45" pos="6.92" lane=":2/2_1_0" slope="0.00"/>
        <vehicle id="11" x="282.22" y="598.35" angle="90.00" type="DEFAULT_VEHTYPE" speed="13.86" pos="77.47" lane="1/3to2/3_0" slope="0.00"/>
        <vehicle id="13" x="601.65" y="216.59" angle="180.00" type="DEFAULT_VEHTYPE" speed="9.30" pos="11.84" lane="3/1to3/2_0" slope="0.00"/>
        <vehicle id="17" x="390.19" y="598.35" angle="90.00" type="DEFAULT_VEHTYPE" speed="3.27" pos="185.44" lane="1/3to2/3_0" slope="0.00"/>
        <vehicle id="2" x="601.65" y="389.89" angle="180.00" type="DEFAULT_VEHTYPE" speed="2.97" pos="185.14" lane="3/1to3/2_0" slope="0.00"/>
        <vehicle id="21" x="219.66" y="201.65" angle="-90.00" type="DEFAULT_VEHTYPE" speed="8.82" pos="175.59" lane="2/1to1/1_0" slope="0.00"/>
        <vehicle id="23" x="338.34" y="401.65" angle="-90.00" type="DEFAULT_VEHTYPE" speed="13.30" pos="56.91" lane="2/2to1/2_0" slope="0.00"/>
        <vehicle id="25" x="548.56" y="198.35" angle="90.00" type="DEFAULT_VEHTYPE" speed="13.53" pos="143.81" lane="2/1to3/1_0" slope="0.00"/>
        <vehicle id="27" x="201.65" y="555.20" angle="180.00" type="DEFAULT_VEHTYPE" speed="13.70" pos="150.45" lane="1/2to1/3_0" slope="0.00"/>
        <vehicle id="29" x="595.01" y="198.35" angle="90.00" type="DEFAULT_VEHTYPE" speed="2.86" pos="190.26" lane="2/1to3/1_0" slope="0.00"/>
        <vehicle id="3" x="401.65" y="757.60" angle="180.00" type="DEFAULT_VEHTYPE" speed="13.86" pos="152.85" lane="2/3to2/4_0" slope="0.00"/>
        <vehicle id="32" x="198.35" y="238.72" angle="0.00" type="DEFAULT_VEHTYPE" speed="13.12" pos="156.53" lane="1/2to1/1_0" slope="0.00"/>
        <vehicle id="37" x="9.51" y="198.35" angle="90.00" type="DEFAULT_VEHTYPE" speed="13.75" pos="9.51" lane="0/1to1/1_0" slope="0.00"/>
        <vehicle id="38" x="398.35" y="596.50" angle="0.00" type="DEFAULT_VEHTYPE" speed="13.46" pos="8.25" lane=":2/3_1_0" slope="0.00"/>
        <vehicle id="4" x="141.73" y="198.35" angle="90.00" type="DEFAULT_VEHTYPE" speed="13.80" pos="141.73" lane="0/1to1/1_0" slope="0.00"/>
        <vehicle id="41" x="294.97" y="201.65" angle="-90.00" type="DEFAULT_VEHTYPE" speed="12.82" pos="100.28" lane="2/1to1/1_0" slope="0.00"/>
        <vehicle id="42" x="516.52" y="198.35" angle="90.00" type="DEFAULT_VEHTYPE" speed="13.62" pos="111.77" lane="2/1to3/1_0" slope="0.00"/>
        <vehicle id="43" x="398.35" y="670.66" angle="0.00" type="DEFAULT_VEHTYPE" speed="13.69" pos="129.34" lane="2/4to2/3_0" slope="0.00"/>
        <vehicle id="44" x="398.35" y="175.59" angle="0.00" type="DEFAULT_VEHTYPE" speed="13.65" pos="19.66" lane="2/1to2/0_0" slope="0.00"/>
        <vehicle id="46" x="224.36" y="598.35" angle="90.00" type="DEFAULT_VEHTYPE" speed="13.78" pos="19.61" lane="1/3to2/3_0" slope="0.00"/>
        <vehicle id="47" x="218.39" y="401.65" angle="-90.00" type="DEFAULT_VEHTYPE" speed="8.69" pos="176.86" lane="2/2to1/2_0" slope="0.00"/>
        <vehicle id="49" x="84.59" y="401.65" angle="-90.00" type="DEFAULT_VEHTYPE" speed="13.23" pos="110.66" lane="1/2to0/2_0" slope="0.00"/>
        <vehicle id="6" x="325.32" y="201.65" angle="-90.00" type="DEFAULT_VEHTYPE" speed="13.22" pos="69.93" lane="2/1to1/1_0" slope="0.00"/>
    </timestep>
    <timestep time="737.00">
        <vehicle id="1" x="398.35" y="384.85" angle="0.00" type="DEFAULT_VEHTYPE" speed="12.98" pos="10.40" lane="2/2to2/1_0" slope="0.00"/>
        <vehicle id="11" x="295.00" y="598.35" angle="90.00" type="DEFAULT_VEHTYPE" speed="12.78" pos="90.25" lane="1/3to2/3_0" slope="0.00"/>
        <vehicle id="13" x="601.65" y="228.23" angle="180.00" type="DEFAULT_VEHTYPE" speed="11.64" pos="23.48" lane="3/1to3/2_0" slope="0.00"/>
        <vehicle id="17" x="394.96" y="598.35" angle="90.00" type="DEFAULT_VEHTYPE" speed="4.77" pos="190.21" lane="1/3to2/3_0" slope="0.00"/>
        <vehicle id="2" x="601.65" y="394.56" angle="180.00" type="DEFAULT_VEHTYPE" speed="4.67" pos="189.81" lane="3/1to3/2_0" slope="0.00"/>
        <vehicle id="21" x="213.26" y="201.65" angle="-90.00" type="DEFAULT_VEHTYPE" speed="6.40" pos="181.99" lane="2/1to1/1_0" slope="0.00"/>
        <vehicle id="23" x="325.56" y="401.65" angle="-90.00" type="DEFAULT_VEHTYPE" speed="12.78" pos="69.69" lane="2/2to1/2_0" slope="0.00"/>
        <vehicle id="25" x="562.22" y="198.35" angle="90.00" type="DEFAULT_VEHTYPE" speed="13.67" pos="157.47" lane="2/1to3/1_0" slope="0.00"/>
        <vehicle id="27" x="201.65" y="568.09" angle="180.00" type="DEFAULT_VEHTYPE" speed="12.89" pos="163.34" lane="1/2to1/3_0" slope="0.00"/>
        <vehicle id="29" x="599.03" y="199.34" angle="101.63" type="DEFAULT_VEHTYPE" speed="4.21" pos="3.97" lane=":3/1_14_0" slope="0.00"/>
        <vehicle id="3" x="401.65" y="770.38" angle="180.00" type="DEFAULT_VEHTYPE" speed="12.78" pos="165.63" lane="2/3to2/4_0" slope="0.00"/>
        <vehicle id="32" x="198.35" y="225.11" angle="0.00" type="DEFAULT_VEHTYPE" speed="13.61" pos="170.14" lane="1/2to1/1_0" slope="0.00"/>
        <vehicle id="37" x="22.71" y="198.35" angle="90.00" type="DEFAULT_VEHTYPE" speed="13.19" pos="22.71" lane="0/1to1/1_0" slope="0.00"/>
        <vehicle id="38" x="398.35" y="583.49" angle="0.00" type="DEFAULT_VEHTYPE" speed="13.01" pos="11.76" lane="2/3to2/2_0" slope="0.00"/>
        <vehicle id="4" x="155.20" y="198.35" angle="90.00" type="DEFAULT_VEHTYPE" speed="13.47" pos="155.20" lane="0/1to1/1_0" slope="0.00"/>
        <vehicle id="41" x="281.57" y="201.65" angle="-90.00" type="DEFAULT_VEHTYPE" speed="13.40" pos="113.68" lane="2/1to1/1_0" slope="0.00"/>
        <vehicle id="42" x="529.37" y="198.35" angle="90.00" type="DEFAULT_VEHTYPE" speed="12.85" pos="124.62" lane="2/1to3/1_0" slope="0.00"/>
        <vehicle id="43" x="398.35" y="656.79" angle="0.00" type="DEFAULT_VEHTYPE" speed="13.87" pos="143.21" lane="2/4to2/3_0" slope="0.00"/>
        <vehicle id="44" x="398.35" y="162.64" angle="0.00" type="DEFAULT_VEHTYPE" speed="12.95" pos="32.61" lane="2/1to2/0_0" slope="0.00"/>
        <vehicle id="46" x="237.37" y="598.35" angle="90.00" type="DEFAULT_VEHTYPE" speed="13.01" pos="32.62" lane="1/3to2/3_0" slope="0.00"/>
        <vehicle id="47" x="212.23" y="401.65" angle="-90.00" type="DEFAULT_VEHTYPE" speed="6.15" pos="183.02" lane="2/2to1/2_0" slope="0.00"/>
        <vehicle id="49" x="70.72" y="401.65" angle="-90.00" type="DEFAULT_VEHTYPE" speed="13.86" pos="124.53" lane="1/2to0/2_0" slope="0.00"/>
        <vehicle id="6" x="312.00" y="201.65" angle="-90.00" type="DEFAULT_VEHTYPE" speed="13.32" pos="83.25" lane="2/1to1/1_0" slope="0.00"/>
    </timestep>
    <timestep time="738.00">
        <vehicle id="1" x="398.35" y="372.13" angle="0.00" type="DEFAULT_VEHTYPE" speed="12.72" pos="23.12" lane="2/2to2/1_0" slope="0.00"/>
        <vehicle id="11" x="307.93" y="598.35" angle="90.00" type="DEFAULT_VEHTYPE" speed="12.93" pos="103.18" lane="1/3to2/3_0" slope="0.00"/>
        <vehicle id="13" x="601.65" y="241.55" angle="180.00" type="DEFAULT_VEHTYPE" speed="13.32" pos="36.80" lane="3/1to3/2_0" slope="0.00"/>
        <vehicle id="17" x="400.91" y="601.39" angle="125.86" type="DEFAULT_VEHTYPE" speed="7.12" pos="6.84" lane=":2/3_14_0" slope="0.00"/>
        <vehicle id="2" x="598.88" y="400.75" angle="-147.36" type="DEFAULT_VEHTYPE" speed="7.22" pos="6.53" lane=":3/2_10_0" slope="0.00"/>
        <vehicle id="21" x="210.41" y="201.65" angle="-90.00" type="DEFAULT_VEHTYPE" speed="2.85" pos="184.84" lane="2/1to1/1_0" slope="0.00"/>
        <vehicle id="23" x="312.08" y="401.65" angle="-90.00" type="DEFAULT_VEHTYPE" speed="13.48" pos="83.17" lane="2/2to1/2_0" slope="0.00"/>
        <vehicle id="25" x="573.71" y="198.35" angle="90.00" type="DEFAULT_VEHTYPE" speed="11.49" pos="168.96" lane="2/1to3/1_0" slope="0.00"/>
        <vehicle id="27" x="201.65" y="581.50" angle="180.00" type="DEFAULT_VEHTYPE" speed="13.41" pos="176.75" lane="1/2to1/3_0" slope="0.00"/>
        <vehicle id="29" x="601.64" y="204.70" angle="161.72" type="DEFAULT_VEHTYPE" speed="6.29" pos="10.27" lane=":3/1_14_0" slope="0.00"/>
        <vehicle id="3" x="401.65" y="783.81" angle="180.00" type="DEFAULT_VEHTYPE" speed="13.44" pos="179.06" lane="2/3to2/4_0" slope="0.00"/>
        <vehicle id="32" x="198.35" y="212.46" angle="0.00" type="DEFAULT_VEHTYPE" speed="12.65" pos="182.79" lane="1/2to1/1_0" slope="0.00"/>
        <vehicle id="37" x="35.52" y="198.35" angle="90.00" type="DEFAULT_VEHTYPE" speed="12.82" pos="35.52" lane="0/1to1/1_0" slope="0.00"/>
        <vehicle id="38" x="398.35" y="570.75" angle="0.00" type="DEFAULT_VEHTYPE" speed="12.74" pos="24.50" lane="2/3to2/2_0" slope="0.00"/>
        <vehicle id="4" x="169.03" y="198.35" angle="90.00" type="DEFAULT_VEHTYPE" speed="13.82" pos="169.03" lane="0/1to1/1_0" slope="0.00"/>
        <vehicle id="41" x="268.47" y="201.65" angle="-90.00" type="DEFAULT_VEHTYPE" speed="13.10" pos="126.78" lane="2/1to1/1_0" slope="0.00"/>
        <vehicle id="42" x="542.19" y="198.35" angle="90.00" type="DEFAULT_VEHTYPE" speed="12.82" pos="137.44" lane="2/1to3/1_0" slope="0.00"/>
        <vehicle id="43" x="398.35" y="643.78" angle="0.00" type="DEFAULT_VEHTYPE" speed="13.01" pos="156.22" lane="2/4to2/3_0" slope="0.00"/>
        <vehicle id="44" x="398.35" y="149.39" angle="0.00" type="DEFAULT_VEHTYPE" speed="13.26" pos="45.86" lane="2/1to2/0_0" slope="0.00"/>
        <vehicle id="46" x="251.11" y="598.35" angle="90.00" type="DEFAULT_VEHTYPE" speed="13.74" pos="46.36" lane="1/3to2/3_0" slope="0.00"/>
        <vehicle id="47" x="209.05" y="401.65" angle="-90.00" type="DEFAULT_VEHTYPE" speed="3.18" pos="186.20" lane="2/2to1/2_0" slope="0.00"/>
        <vehicle id="49" x="57.31" y="401.65" angle="-90.00" type="DEFAULT_VEHTYPE" speed="13.41" pos="137.94" lane="1/2to0/2_0" slope="0.00"/>
        <vehicle id="6" x="298.64" y="201.65" angle="-90.00" type="DEFAULT_VEHTYPE" speed="13.36" pos="96.61" lane="2/1to1/1_0" slope="0.00"/>
    </timestep>
    <timestep time="739.00">
        <vehicle id="1" x="398.35" y="359.07" angle="0.00" type="DEFAULT_VEHTYPE" speed="13.06" pos="36.18" lane="2/2to2/1_0" slope="0.00"/>
        <vehicle id="11" x="321.36" y="598.35" angle="90.00" type="DEFAULT_VEHTYPE" speed="13.43" pos="116.61" lane="1/3to2/3_0" slope="0.00"/>
        <vehicle id="13" x="601.65" y="254.74" angle="180.00" type="DEFAULT_VEHTYPE" speed="13.19" pos="49.99" lane="3/1to3/2_0" slope="0.00"/>
        <vehicle id="17" x="401.65" y="610.94" angle="180.00" type="DEFAULT_VEHTYPE" speed="9.67" pos="6.19" lane="2/3to2/4_0" slope="0.00"/>
        <vehicle id="2" x="590.11" y="401.65" angle="-90.00" type="DEFAULT_VEHTYPE" speed="8.93" pos="5.14" lane="3/2to2/2_0" slope="0.00"/>
        <vehicle id="21" x="205.99" y="201.65" angle="-90.00" type="DEFAULT_VEHTYPE" speed="4.42" pos="189.26" lane="2/1to1/1_0" slope="0.00"/>
        <vehicle id="23" x="299.33" y="401.65" angle="-90.00" type="DEFAULT_VEHTYPE" speed="12.76" pos="95.92" lane="2/2to1/2_0" slope="0.00"/>
        <vehicle id="25" x="582.51" y="198.35" angle="90.00" type="DEFAULT_VEHTYPE" speed="8.79" pos="177.76" lane="2/1to3/1_0" slope="0.00"/>
        <vehicle id="27" x="201.65" y="594.10" angle="180.00" type="DEFAULT_VEHTYPE" speed="12.61" pos="189.35" lane="1/2to1/3_0" slope="0.00"/>
        <vehicle id="29" x="601.65" y="212.60" angle="180.00" type="DEFAULT_VEHTYPE" speed="7.90" pos="7.85" lane="3/1to3/2_0" slope="0.00"/>
        <vehicle id="3" x="401.65" y="797.00" angle="180.00" type="DEFAULT_VEHTYPE" speed="13.19" pos="192.25" lane="2/3to2/4_0" slope="0.00"/>
        <vehicle id="32" x="195.33" y="201.66" angle="-43.58" type="DEFAULT_VEHTYPE" speed="12.63" pos="4.92" lane=":1/1_0_0" slope="0.00"/>
        <vehicle id="37" x="48.12" y="198.35" angle="90.00" type="DEFAULT_VEHTYPE" speed="12.60" pos="48.12" lane="0/1to1/1_0" slope="0.00"/>
        <vehicle id="38" x="398.35" y="557.61" angle="0.00" type="DEFAULT_VEHTYPE" speed="13.14" pos="37.64" lane="2/3to2/2_0" slope="0.00"/>
        <vehicle id="4" x="178.91" y="198.35" angle="90.00" type="DEFAULT_VEHTYPE" speed="9.88" pos="178.91" lane="0/1to1/1_0" slope="0.00"/>
        <vehicle id="41" x="254.77" y="201.65" angle="-90.00" type="DEFAULT_VEHTYPE" speed="13.70" pos="140.48" lane="2/1to1/1_0" slope="0.00"/>
        <vehicle id="42" x="555.97" y="198.35" angle="90.00" type="DEFAULT_VEHTYPE" speed="13.78" pos="151.22" lane="2/1to3/1_0" slope="0.00"/>
        <vehicle id="43" x="398.35" y="629.99" angle="0.00" type="DEFAULT_VEHTYPE" speed="13.79" pos="170.01" lane="2/4to2/3_0" slope="0.00"/>
        <vehicle id="44" x="398.35" y="136.22" angle="0.00" type="DEFAULT_VEHTYPE" speed="13.16" pos="59.03" lane="2/1to2/0_0" slope="0.00"/>
        <vehicle id="46" x="264.81" y="598.35" angle="90.00" type="DEFAULT_VEHTYPE" speed="13.70" pos="60.06" lane="1/3to2/3_0" slope="0.00"/>
        <vehicle id="47" x="204.47" y="401.65" angle="-90.00" type="DEFAULT_VEHTYPE" speed="4.58" pos="0.28" lane=":1/2_5_0" slope="0.00"/>
        <vehicle id="49" x="44.53" y="401.65" angle="-90.00" type="DEFAULT_VEHTYPE" speed="12.78" pos="150.72" lane="1/2to0/2_0" slope="0.00"/>
        <vehicle id="6" x="285.77" y="201.65" angle="-90.00" type="DEFAULT_VEHTYPE" speed="12.87" pos="109.48" lane="2/1to1/1_0" slope="0.00"/>
    </timestep>
    <timestep time="740.00">
        <vehicle id="1" x="398.35" y="345.82" angle="0.00" type="DEFAULT_VEHTYPE" speed="13.25" pos="49.43" lane="2/2to2/1_0" slope="0.00"/>
        <vehicle id="11" x="334.38" y="598.35" angle="90.00" type="DEFAULT_VEHTYPE" speed="13.02" pos="129.63" lane="1/3to2/3_0" slope="0.00"/>
        <vehicle id="13" x="601.65" y="267.47" angle="180.00" type="DEFAULT_VEHTYPE" speed="12.73" pos="62.72" lane="3/1to3/2_0" slope="0.00"/>
        <vehicle id="17" x="401.65" y="622.35" angle="180.00" type="DEFAULT_VEHTYPE" speed="11.41" pos="17.60" lane="2/3to2/4_0" slope="0.00"/>
        <vehicle id="2" x="579.65" y="401.65" angle="-90.00" type="DEFAULT_VEHTYPE" speed="10.46" pos="15.60" lane="3/2to2/2_0" slope="0.00"/>
        <vehicle id="21" x="201.65" y="205.43" angle="-146.59" type="DEFAULT_VEHTYPE" speed="6.91" pos="0.68" lane="1/1to1/2_0" slope="0.00"/>
        <vehicle id="23" x="286.39" y="401.65" angle="-90.00" type="DEFAULT_VEHTYPE" speed="12.94" pos="108.86" lane="2/2to1/2_0" slope="0.00"/>
        <vehicle id="25" x="588.30" y="198.35" angle="90.00" type="DEFAULT_VEHTYPE" speed="5.80" pos="183.55" lane="2/1to3/1_0" slope="0.00"/>
        <vehicle id="27" x="212.20" y="598.35" angle="90.00" type="DEFAULT_VEHTYPE" speed="13.60" pos="7.45" lane="1/3to2/3_0" slope="0.00"/>
        <vehicle id="29" x="601.65" y="221.96" angle="180.00" type="DEFAULT_VEHTYPE" speed="9.36" pos="17.21" lane="3/1to3/2_0" slope="0.00"/>
        <vehicle id="3" x="398.35" y="795.10" angle="-0.63" type="DEFAULT_VEHTYPE" speed="12.72" pos="4.90" lane="2/4to2/3_0" slope="0.00"/>
        <vehicle id="32" x="181.82" y="201.65" angle="-90.00" type="DEFAULT_VEHTYPE" speed="13.51" pos="13.43" lane="1/1to0/1_0" slope="0.00"/>
        <vehicle id="37" x="60.81" y="198.35" angle="90.00" type="DEFAULT_VEHTYPE" speed="12.69" pos="60.81" lane="0/1to1/1_0" slope="0.00"/>
        <vehicle id="38" x="398.35" y="544.82" angle="0.00" type="DEFAULT_VEHTYPE" speed="12.79" pos="50.43" lane="2/3to2/2_0" slope="0.00"/>
        <vehicle id="4" x="185.99" y="198.35" angle="90.00" type="DEFAULT_VEHTYPE" speed="7.09" pos="185.99" lane="0/1to1/1_0" slope="0.00"/>
        <vehicle id="41" x="241.70" y="201.65" angle="-90.00" type="DEFAULT_VEHTYPE" speed="13.07" pos="153.55" lane="2/1to1/1_0" slope="0.00"/>
        <vehicle id="42" x="567.23" y="198.35" angle="90.00" type="DEFAULT_VEHTYPE" speed="11.26" pos="162.48" lane="2/1to3/1_0" slope="0.00"/>
        <vehicle id="43" x="398.35" y="617.22" angle="0.00" type="DEFAULT_VEHTYPE" speed="12.77" pos="182.78" lane="2/4to2/3_0" slope="0.00"/>
        <vehicle id="44" x="398.35" y="123.19" angle="0.00" type="DEFAULT_VEHTYPE" speed="13.04" pos="72.06" lane="2/1to2/0_0" slope="0.00"/>
        <vehicle id="46" x="278.61" y="598.35" angle="90.00" type="DEFAULT_VEHTYPE" speed="13.79" pos="73.86" lane="1/3to2/3_0" slope="0.00"/>
        <vehicle id="47" x="197.57" y="401.65" angle="-90.00" type="DEFAULT_VEHTYPE" speed="6.91" pos="7.18" lane=":1/2_5_0" slope="0.00"/>
        <vehicle id="49" x="31.84" y="401.65" angle="-90.00" type="DEFAULT_VEHTYPE" speed="12.69" pos="163.41" lane="1/2to0/2_0" slope="0.00"/>
        <vehicle id="6" x="272.28" y="201.65" angle="-90.00" type="DEFAULT_VEHTYPE" speed="13.48" pos="122.97" lane="2/1to1/1_0" slope="0.00"/>
    </timestep>
    <timestep time="741.00">
        <vehicle id="1" x="398.35" y="332.00" angle="0.00" type="DEFAULT_VEHTYPE" speed="13.82" pos="63.25" lane="2/2to2/1_0" slope="0.00"/>
        <vehicle id="11" x="348.00" y="598.35" angle="90.00" type="DEFAULT_VEHTYPE" speed="13.62" pos="143.25" lane="1/3to2/3_0" slope="0.00"/>
        <vehicle id="13" x="601.65" y="280.70" angle="180.00" type="DEFAULT_VEHTYPE" speed="13.23" pos="75.95" lane="3/1to3/2_0" slope="0.00"/>
        <vehicle id="17" x="401.65" y="635.44" angle="180.00" type="DEFAULT_VEHTYPE" speed="13.09" pos="30.69" lane="2/3to2/4_0" slope="0.00"/>
        <vehicle id="2" x="566.88" y="401.65" angle="-90.00" type="DEFAULT_VEHTYPE" speed="12.77" pos="28.37" lane="3/2to2/2_0" slope="0.00"/>
        <vehicle id="21" x="201.65" y="213.76" angle="180.00" type="DEFAULT_VEHTYPE" speed="8.34" pos="9.01" lane="1/1to1/2_0" slope="0.00"/>
        <vehicle id="23" x="272.66" y="401.65" angle="-90.00" type="DEFAULT_VEHTYPE" speed="13.73" pos="122.59" lane="2/2to1/2_0" slope="0.00"/>
        <vehicle id="25" x="595.54" y="198.39" angle="90.47" type="DEFAULT_VEHTYPE" speed="7.24" pos="0.29" lane=":3/1_14_0" slope="0.00"/>
        <vehicle id="27" x="224.91" y="598.35" angle="90.00" type="DEFAULT_VEHTYPE" speed="12.71" pos="20.16" lane="1/3to2/3_0" slope="0.00"/>
        <vehicle id="29" x="601.65" y="233.71" angle="180.00" type="DEFAULT_VEHTYPE" speed="11.74" pos="28.96" lane="3/1to3/2_0" slope="0.00"/>
        <vehicle id="3" x="398.35" y="781.94" angle="0.00" type="DEFAULT_VEHTYPE" speed="13.16" pos="18.06" lane="2/4to2/3_0" slope="0.00"/>
        <vehicle id="32" x="169.00" y="201.65" angle="-90.00" type="DEFAULT_VEHTYPE" speed="12.82" pos="26.25" lane="1/1to0/1_0" slope="0.00"/>
        <vehicle id="37" x="73.73" y="198.35" angle="90.00" type="DEFAULT_VEHTYPE" speed="12.92" pos="73.73" lane="0/1to1/1_0" slope="0.00"/>
        <vehicle id="38" x="398.35" y="531.15" angle="0.00" type="DEFAULT_VEHTYPE" speed="13.67" pos="64.10" lane="2/3to2/2_0" slope="0.00"/>
        <vehicle id="4" x="189.71" y="198.35" angle="90.00" type="DEFAULT_VEHTYPE" speed="3.72" pos="189.71" lane="0/1to1/1_0" slope="0.00"/>
        <vehicle id="41" x="228.05" y="201.65" angle="-90.00" type="DEFAULT_VEHTYPE" speed="13.65" pos="167.20" lane="2/1to1/1_0" slope="0.00"/>
        <vehicle id="42" x="575.50" y="198.35" angle="90.00" type="DEFAULT_VEHTYPE" speed="8.27" pos="170.75" lane="2/1to3/1_0" slope="0.00"/>
        <vehicle id="43" x="398.35" y="604.57" angle="0.00" type="DEFAULT_VEHTYPE" speed="12.65" pos="0.18" lane=":2/3_1_0" slope="0.00"/>
        <vehicle id="44" x="398.35" y="109.60" angle="0.00" type="DEFAULT_VEHTYPE" speed="13.59" pos="85.65" lane="2/1to2/0_0" slope="0.00"/>
        <vehicle id="46" x="292.25" y="598.35" angle="90.00" type="DEFAULT_VEHTYPE" speed="13.65" pos="87.50" lane="1/3to2/3_0" slope="0.00"/>
        <vehicle id="47" x="189.22" y="401.65" angle="-90.00" type="DEFAULT_VEHTYPE" speed="8.34" pos="6.03" lane="1/2to0/2_0" slope="0.00"/>
        <vehicle id="49" x="18.87" y="401.65" angle="-90.00" type="DEFAULT_VEHTYPE" speed="12.97" pos="176.38" lane="1/2to0/2_0" slope="0.00"/>
        <vehicle id="6" x="259.58" y="201.65" angle="-90.00" type="DEFAULT_VEHTYPE" speed="12.70" pos="135.67" lane="2/1to1/1_0" slope="0.00"/>
    </timestep>
    <timestep time="742.00">
        <vehicle id="1" x="398.35" y="319.04" angle="0.00" type="DEFAULT_VEHTYPE" speed="12.96" pos="76.21" lane="2/2to2/1_0" slope="0.00"/>
        <vehicle id="11" x="361.14" y="598.35" angle="90.00" type="DEFAULT_VEHTYPE" speed="13.14" pos="156.39" lane="1/3to2/3_0" slope="0.00"/>
        <vehicle id="13" x="601.65" y="294.43" angle="180.00" type="DEFAULT_VEHTYPE" speed="13.73" pos="89.68" lane="3/1to3/2_0" slope="0.00"/>
        <vehicle id="17" x="401.65" y="649.08" angle="180.00" type="DEFAULT_VEHTYPE" speed="13.64" pos="44.33" lane="2/3to2/4_0" slope="0.00"/>
        <vehicle id="2" x="553.36" y="401.65" angle="-90.00" type="DEFAULT_VEHTYPE" speed="13.53" pos="41.89" lane="3/2to2/2_0" slope="0.00"/>
        <vehicle id="21" x="201.65" y="224.13" angle="180.00" type="DEFAULT_VEHTYPE" speed="10.37" pos="19.38" lane="1/1to1/2_0" slope="0.00"/>
        <vehicle id="23" x="258.88" y="401.65" angle="-90.00" type="DEFAULT_VEHTYPE" speed="13.78" pos="136.37" lane="2/2to1/2_0" slope="0.00"/>
        <vehicle id="25" x="601.60" y="204.40" angle="159.31" type="DEFAULT_VEHTYPE" speed="9.67" pos="9.96" lane=":3/1_14_0" slope="0.00"/>
        <vehicle id="27" x="238.14" y="598.35" angle="90.00" type="DEFAULT_VEHTYPE" speed="13.22" pos="33.39" lane="1/3to2/3_0" slope="0.00"/>
        <vehicle id="29" x="601.65" y="247.49" angle="180.00" type="DEFAULT_VEHTYPE" speed="13.79" pos="42.74" lane="3/1to3/2_0" slope="0.00"/>
        <vehicle id="3" x="398.35" y="769.10" angle="0.00" type="DEFAULT_VEHTYPE" speed="12.84" pos="30.90" lane="2/4to2/3_0" slope="0.00"/>
        <vehicle id="32" x="156.10" y="201.65" angle="-90.00" type="DEFAULT_VEHTYPE" speed="12.90" pos="39.15" lane="1/1to0/1_0" slope="0.00"/>
        <vehicle id="37" x="87.58" y="198.35" angle="90.00" type="DEFAULT_VEHTYPE" speed="13.85" pos="87.58" lane="0/1to1/1_0" slope="0.00"/>
        <vehicle id="38" x="398.35" y="518.15" angle="0.00" type="DEFAULT_VEHTYPE" speed="13.00" pos="77.10" lane="2/3to2/2_0" slope="0.00"/>
        <vehicle id="4" x="195.73" y="198.28" angle="89.23" type="DEFAULT_VEHTYPE" speed="6.03" pos="0.49" lane=":1/1_12_0" slope="0.00"/>
        <vehicle id="41" x="218.90" y="201.65" angle="-90.00" type="DEFAULT_VEHTYPE" speed="9.15" pos="176.35" lane="2/1to1/1_0" slope="0.00"/>
        <vehicle id="42" x="583.43" y="198.35" angle="90.00" type="DEFAULT_VEHTYPE" speed="7.93" pos="178.68" lane="2/1to3/1_0" slope="0.00"/>
        <vehicle id="43" x="398.35" y="590.72" angle="0.00" type="DEFAULT_VEHTYPE" speed="13.84" pos="4.53" lane="2/3to2/2_0" slope="0.00"/>
        <vehicle id="44" x="398.35" y="96.09" angle="0.00" type="DEFAULT_VEHTYPE" speed="13.50" pos="99.16" lane="2/1to2/0_0" slope="0.00"/>
        <vehicle id="46" x="305.11" y="598.35" angle="90.00" type="DEFAULT_VEHTYPE" speed="12.85" pos="100.36" lane="1/3to2/3_0" slope="0.00"/>
        <vehicle id="47" x="179.18" y="401.65" angle="-90.00" type="DEFAULT_VEHTYPE" speed="10.04" pos="16.07" lane="1/2to0/2_0" slope="0.00"/>
        <vehicle id="49" x="5.48" y="401.65" angle="-90.00" type="DEFAULT_VEHTYPE" speed="13.39" pos="189.77" lane="1/2to0/2_0" slope="0.00"/>
        <vehicle id="6" x="246.37" y="201.65" angle="-90.00" type="DEFAULT_VEHTYPE" speed="13.21" pos="148.88" lane="2/1to1/1_0" slope="0.00"/>
    </timestep>
    <timestep time="743.00">
        <vehicle id="1" x="398.35" y="306.08" angle="0.00" type="DEFAULT_VEHTYPE" speed="12.95" pos="89.17" lane="2/2to2/1_0" slope="0.00"/>
        <vehicle id="11" x="373.13" y="598.35" angle="90.00" type="DEFAULT_VEHTYPE" speed="11.99" pos="168.38" lane="1/3to2/3_0" slope="0.00"/>
        <vehicle id="13" x="601.65" y="308.13" angle="180.00" type="DEFAULT_VEHTYPE" speed="13.70" pos="103.38" lane="3/1to3/2_0" slope="0.00"/>
        <vehicle id="17" x="401.65" y="662.19" angle="180.00" type="DEFAULT_VEHTYPE" speed="13.12" pos="57.44" lane="2/3to2/4_0" slope="0.00"/>
        <vehicle id="2" x="539.87" y="401.65" angle="-90.00" type="DEFAULT_VEHTYPE" speed="13.48" pos="55.38" lane="3/2to2/2_0" slope="0.00"/>
        <vehicle id="21" x="201.65" y="235.86" angle="180.00" type="DEFAULT_VEHTYPE" speed="11.73" pos="31.11" lane="1/1to1/2_0" slope="0.00"/>
        <vehicle id="23" x="245.73" y="401.65" angle="-90.00" type="DEFAULT_VEHTYPE" speed="13.15" pos="149.52" lane="2/2to1/2_0" slope="0.00"/>
        <vehicle id="25" x="601.65" y="216.01" angle="180.00" type="DEFAULT_VEHTYPE" speed="11.61" pos="11.26" lane="3/1to3/2_0" slope="0.00"/>
        <vehicle id="27" x="251.74" y="598.35" angle="90.00" type="DEFAULT_VEHTYPE" speed="13.61" pos="46.99" lane="1/3to2/3_0" slope="0.00"/>
        <vehicle id="29" x="601.65" y="260.64" angle="180.00" type="DEFAULT_VEHTYPE" speed="13.14" pos="55.89" lane="3/1to3/2_0" slope="0.00"/>
        <vehicle id="3" x="398.35" y="755.31" angle="0.00" type="DEFAULT_VEHTYPE" speed="13.79" pos="44.69" lane="2/4to2/3_0" slope="0.00"/>
        <vehicle id="32" x="142.37" y="201.65" angle="-90.00" type="DEFAULT_VEHTYPE" speed="13.73" pos="52.88" lane="1/1to0/1_0" slope="0.00"/>
        <vehicle id="37" x="100.40" y="198.35" angle="90.00" type="DEFAULT_VEHTYPE" speed="12.82" pos="100.40" lane="0/1to1/1_0" slope="0.00"/>
        <vehicle id="38" x="398.35" y="504.90" angle="0.00" type="DEFAULT_VEHTYPE" speed="13.25" pos="90.35" lane="2/3to2/2_0" slope="0.00"/>
        <vehicle id="4" x="198.35" y="192.33" angle="6.49" type="DEFAULT_VEHTYPE" speed="7.44" pos="2.92" lane="1/1to1/0_0" slope="0.00"/>
        <vehicle id="41" x="213.20" y="201.65" angle="-90.00" type="DEFAULT_VEHTYPE" speed="5.71" pos="182.05" lane="2/1to1/1_0" slope="0.00"/>
        <vehicle id="42" x="588.23" y="198.35" angle="90.00" type="DEFAULT_VEHTYPE" speed="4.81" pos="183.48" lane="2/1to3/1_0" slope="0.00"/>
        <vehicle id="43" x="398.35" y="577.83" angle="0.00" type="DEFAULT_VEHTYPE" speed="12.89" pos="17.42" lane="2/3to2/2_0" slope="0.00"/>
        <vehicle id="44" x="398.35" y="82.38" angle="0.00" type="DEFAULT_VEHTYPE" speed="13.71" pos="112.87" lane="2/1to2/0_0" slope="0.00"/>
        <vehicle id="46" x="318.00" y="598.35" angle="90.00" type="DEFAULT_VEHTYPE" speed="12.89" pos="113.25" lane="1/3to2/3_0" slope="0.00"/>
        <vehicle id="47" x="166.63" y="401.65" angle="-90.00" type="DEFAULT_VEHTYPE" speed="12.55" pos="28.62" lane="1/2to0/2_0" slope="0.00"/>
        <vehicle id="49" x="3.11" y="398.35" angle="75.33" type="DEFAULT_VEHTYPE" speed="13.42" pos="3.11" lane="0/2to1/2_0" slope="0.00"/>
        <vehicle id="6" x="234.42" y="201.65" angle="-90.00" type="DEFAULT_VEHTYPE" speed="11.95" pos="160.83" lane="2/1to1/1_0" slope="0.00"/>
    </timestep>
    <timestep time="744.00">
        <vehicle id="1" x="398.35" y="292.21" angle="0.00" type="DEFAULT_VEHTYPE" speed="13.87" pos="103.04" lane="2/2to2/1_0" slope="0.00"/>
        <vehicle id="11" x="381.47" y="598.35" angle="90.00" type="DEFAULT_VEHTYPE" speed="8.33" pos="176.72" lane="1/3to2/3_0" slope="0.00"/>
        <vehicle id="13" x="601.65" y="321.17" angle="180.00" type="DEFAULT_VEHTYPE" speed="13.04" pos="116.42" lane="3/1to3/2_0" slope="0.00"/>
        <vehicle id="17" x="401.65" y="675.20" angle="180.00" type="DEFAULT_VEHTYPE" speed="13.01" pos="70.45" lane="2/3to2/4_0" slope="0.00"/>
        <vehicle id="2" x="526.82" y="401.65" angle="-90.00" type="DEFAULT_VEHTYPE" speed="13.05" pos="68.43" lane="3/2to2/2_0" slope="0.00"/>
        <vehicle id="21" x="201.65" y="248.67" angle="180.00" type="DEFAULT_VEHTYPE" speed="12.81" pos="43.92" lane="1/1to1/2_0" slope="0.00"/>
        <vehicle id="23" x="232.71" y="401.65" angle="-90.00" type="DEFAULT_VEHTYPE" speed="13.02" pos="162.54" lane="2/2to1/2_0" slope="0.00"/>
        <vehicle id="25" x="601.65" y="229.61" angle="180.00" type="DEFAULT_VEHTYPE" speed="13.61" pos="24.86" lane="3/1to3/2_0" slope="0.00"/>
        <vehicle id="27" x="264.43" y="598.35" angle="90.00" type="DEFAULT_VEHTYPE" speed="12.69" pos="59.68" lane="1/3to2/3_0" slope="0.00"/>
        <vehicle id="29" x="601.65" y="273.77" angle="180.00" type="DEFAULT_VEHTYPE" speed="13.13" pos="69.02" lane="3/1to3/2_0" slope="0.00"/>
        <vehicle id="3" x="398.35" y="742.66" angle="0.00" type="DEFAULT_VEHTYPE" speed="12.66" pos="57.34" lane="2/4to2/3_0" slope="0.00"/>
        <vehicle id="32" x="128.75" y="201.65" angle="-90.00" type="DEFAULT_VEHTYPE" speed="13.62" pos="66.50" lane="1/1to0/1_0" slope="0.00"/>
        <vehicle id="37" x="114.11" y="198.35" angle="90.00" type="DEFAULT_VEHTYPE" speed="13.71" pos="114.11" lane="0/1to1/1_0" slope="0.00"/>
        <vehicle id="38" x="398.35" y="491.57" angle="0.00" type="DEFAULT_VEHTYPE" speed="13.34" pos="103.68" lane="2/3to2/2_0" slope="0.00"/>
        <vehicle id="4" x="198.35" y="182.43" angle="0.00" type="DEFAULT_VEHTYPE" speed="9.90" pos="12.82" lane="1/1to1/0_0" slope="0.00"/>
        <vehicle id="41" x="209.67" y="201.65" angle="-90.00" type="DEFAULT_VEHTYPE" speed="3.53" pos="185.58" lane="2/1to1/1_0" slope="0.00"/>
        <vehicle id="42" x="591.51" y="198.35" angle="90.00" type="DEFAULT_VEHTYPE" speed="3.27" pos="186.76" lane="2/1to3/1_0" slope="0.00"/>
        <vehicle id="43" x="398.35" y="564.31" angle="0.00" type="DEFAULT_VEHTYPE" speed="13.53" pos="30.94" lane="2/3to2/2_0" slope="0.00"/>
        <vehicle id="44" x="398.35" y="68.86" angle="0.00" type="DEFAULT_VEHTYPE" speed="13.52" pos="126.39" lane="2/1to2/0_0" slope="0.00"/>
        <vehicle id="46" x="331.74" y="598.35" angle="90.00" type="DEFAULT_VEHTYPE" speed="13.75" pos="126.99" lane="1/3to2/3_0" slope="0.00"/>
        <vehicle id="47" x="152.86" y="401.65" angle="-90.00" type="DEFAULT_VEHTYPE" speed="13.77" pos="42.39" lane="1/2to0/2_0" slope="0.00"/>
        <vehicle id="49" x="15.90" y="398.35" angle="90.00" type="DEFAULT_VEHTYPE" speed="12.79" pos="15.90" lane="0/2to1/2_0" slope="0.00"/>
        <vehicle id="6" x="225.24" y="201.65" angle="-90.00" type="DEFAULT_VEHTYPE" speed="9.18" pos="170.01" lane="2/1to1/1_0" slope="0.00"/>
    </timestep>
    <timestep time="745.00">
        <vehicle id="1" x="398.35" y="279.40" angle="0.00" type="DEFAULT_VEHTYPE" speed="12.81" pos="115.85" lane="2/2to2/1_0" slope="0.00"/>
        <vehicle id="11" x="386.81" y="598.35" angle="90.00" type="DEFAULT_VEHTYPE" speed="5.34" pos="182.06" lane="1/3to2/3_0" slope="0.00"/>
        <vehicle id="13" x="601.65" y="334.18" angle="180.00" type="DEFAULT_VEHTYPE" speed="13.00" pos="129.43" lane="3/1to3/2_0" slope="0.00"/>
        <vehicle id="17" x="401.65" y="688.39" angle="180.00" type="DEFAULT_VEHTYPE" speed="13.19" pos="83.64" lane="2/3to2/4_0" slope="0.00"/>
        <vehicle id="2" x="513.66" y="401.65" angle="-90.00" type="DEFAULT_VEHTYPE" speed="13.16" pos="81.59" lane="3/2to2/2_0" slope="0.00"/>
        <vehicle id="21" x="201.65" y="261.88" angle="180.00" type="DEFAULT_VEHTYPE" speed="13.20" pos="57.13" lane="1/1to1/2_0" slope="0.00"/>
        <vehicle id="23" x="222.61" y="401.65" angle="-90.00" type="DEFAULT_VEHTYPE" speed="10.10" pos="172.64" lane="2/2to1/2_0" slope="0.00"/>
        <vehicle id="25" x="601.65" y="242.97" angle="180.00" type="DEFAULT_VEHTYPE" speed="13.36" pos="38.22" lane="3/1to3/2_0" slope="0.00"/>
        <vehicle id="27" x="277.99" y="598.35" angle="90.00" type="DEFAULT_VEHTYPE" speed="13.56" pos="73.24" lane="1/3to2/3_0" slope="0.00"/>
        <vehicle id="29" x="601.65" y="286.41" angle="180.00" type="DEFAULT_VEHTYPE" speed="12.64" pos="81.66" lane="3/1to3/2_0" slope="0.00"/>
        <vehicle id="3" x="398.35" y="728.92" angle="0.00" type="DEFAULT_VEHTYPE" speed="13.74" pos="71.08" lane="2/4to2/3_0" slope="0.00"/>
        <vehicle id="32" x="115.05" y="201.65" angle="-90.00" type="DEFAULT_VEHTYPE" speed="13.70" pos="80.20" lane="1/1to0/1_0" slope="0.00"/>
        <vehicle id="37" x="127.93" y="198.35" angle="90.00" type="DEFAULT_VEHTYPE" speed="13.82" pos="127.93" lane="0/1to1/1_0" slope="0.00"/>
        <vehicle id="38" x="398.35" y="477.69" angle="0.00" type="DEFAULT_VEHTYPE" speed="13.88" pos="117.56" lane="2/3to2/2_0" slope="0.00"/>
        <vehicle id="4" x="198.35" y="170.77" angle="0.00" type="DEFAULT_VEHTYPE" speed="11.66" pos="24.48" lane="1/1to1/0_0" slope="0.00"/>
        <vehicle id="41" x="203.70" y="201.80" angle="-91.69" type="DEFAULT_VEHTYPE" speed="5.99" pos="1.06" lane=":1/1_4_0" slope="0.00"/>
        <vehicle id="42" x="596.10" y="198.47" angle="91.39" type="DEFAULT_VEHTYPE" speed="4.60" pos="0.86" lane=":3/1_14_0" slope="0.00"/>
        <vehicle id="43" x="398.35" y="550.92" angle="0.00" type="DEFAULT_VEHTYPE" speed="13.39" pos="44.33" lane="2/3to2/2_0" slope="0.00"/>
        <vehicle id="44" x="398.35" y="56.21" angle="0.00" type="DEFAULT_VEHTYPE" speed="12.64" pos="139.04" lane="2/1to2/0_0" slope="0.00"/>
        <vehicle id="46" x="344.50" y="598.35" angle="90.00" type="DEFAULT_VEHTYPE" speed="12.75" pos="139.75" lane="1/3to2/3_0" slope="0.00"/>
        <vehicle id="47" x="139.55" y="401.65" angle="-90.00" type="DEFAULT_VEHTYPE" speed="13.32" pos="55.70" lane="1/2to0/2_0" slope="0.00"/>
        <vehicle id="49" x="29.41" y="398.35" angle="90.00" type="DEFAULT_VEHTYPE" speed="13.51" pos="29.41" lane="0/2to1/2_0" slope="0.00"/>
        <vehicle id="6" x="220.12" y="201.65" angle="-90.00" type="DEFAULT_VEHTYPE" speed="5.12" pos="175.13" lane="2/1to1/1_0" slope="0.00"/>
    </timestep>
    <timestep time="746.00">
        <vehicle id="1" x="398.35" y="266.63" angle="0.00" type="DEFAULT_VEHTYPE" speed="12.78" pos="128.62" lane="2/2to2/1_0" slope="0.00"/>
        <vehicle id="11" x="390.08" y="598.35" angle="90.00" type="DEFAULT_VEHTYPE" speed="3.27" pos="185.33" lane="1/3to2/3_0" slope="0.00"/>
        <vehicle id="13" x="601.65" y="347.06" angle="180.00" type="DEFAULT_VEHTYPE" speed="12.89" pos="142.31" lane="3/1to3/2_0" slope="0.00"/>
        <vehicle id="17" x="401.65" y="701.14" angle="180.00" type="DEFAULT_VEHTYPE" speed="12.74" pos="96.39" lane="2/3to2/4_0" slope="0.00"/>
        <vehicle id="2" x="500.21" y="401.65" angle="-90.00" type="DEFAULT_VEHTYPE" speed="13.45" pos="95.04" lane="3/2to2/2_0" slope="0.00"/>
        <vehicle id="21" x="201.65" y="275.24" angle="180.00" type="DEFAULT_VEHTYPE" speed="13.36" pos="70.49" lane="1/1to1/2_0" slope="0.00"/>
        <vehicle id="23" x="215.27" y="401.65" angle="-90.00" type="DEFAULT_VEHTYPE" speed="7.34" pos="179.98" lane="2/2to1/2_0" slope="0.00"/>
        <vehicle id="25" x="601.65" y="256.40" angle="180.00" type="DEFAULT_VEHTYPE" speed="13.43" pos="51.65" lane="3/1to3/2_0" slope="0.00"/>
        <vehicle id="27" x="291.59" y="598.35" angle="90.00" type="DEFAULT_VEHTYPE" speed="13.60" pos="86.84" lane="1/3to2/3_0" slope="0.00"/>
        <vehicle id="29" x="601.65" y="300.15" angle="180.00" type="DEFAULT_VEHTYPE" speed="13.74" pos="95.40" lane="3/1to3/2_0" slope="0.00"/>
        <vehicle id="3" x="398.35" y="715.35" angle="0.00" type="DEFAULT_VEHTYPE" speed="13.57" pos="84.65" lane="2/4to2/3_0" slope="0.00"/>
        <vehicle id="32" x="101.24" y="201.65" angle="-90.00" type="DEFAULT_VEHTYPE" speed="13.81" pos="94.01" lane="1/1to0/1_0" slope="0.00"/>
        <vehicle id="37" x="141.55" y="198.35" angle="90.00" type="DEFAULT_VEHTYPE" speed="13.63" pos="141.55" lane="0/1to1/1_0" slope="0.00"/>
        <vehicle id="38" x="398.35" y="463.79" angle="0.00" type="DEFAULT_VEHTYPE" speed="13.90" pos="131.46" lane="2/3to2/2_0" slope="0.00"/>
        <vehicle id="4" x="198.35" y="157.09" angle="0.00" type="DEFAULT_VEHTYPE" speed="13.68" pos="38.16" lane="1/1to1/0_0" slope="0.00"/>
        <vehicle id="41" x="201.65" y="208.20" angle="-176.74" type="DEFAULT_VEHTYPE" speed="7.39" pos="3.45" lane="1/1to1/2_0" slope="0.00"/>
        <vehicle id="42" x="601.31" y="202.37" angle="138.29" type="DEFAULT_VEHTYPE" speed="7.06" pos="7.92" lane=":3/1_14_0" slope="0.00"/>
        <vehicle id="43" x="398.35" y="537.42" angle="0.00" type="DEFAULT_VEHTYPE" speed="13.50" pos="57.83" lane="2/3to2/2_0" slope="0.00"/>
        <vehicle id="44" x="398.35" y="42.68" angle="0.00" type="DEFAULT_VEHTYPE" speed="13.53" pos="152.57" lane="2/1to2/0_0" slope="0.00"/>
        <vehicle id="46" x="357.97" y="598.35" angle="90.00" type="DEFAULT_VEHTYPE" speed="13.47" pos="153.22" lane="1/3to2/3_0" slope="0.00"/>
        <vehicle id="47" x="126.46" y="401.65" angle="-90.00" type="DEFAULT_VEHTYPE" speed="13.09" pos="68.79" lane="1/2to0/2_0" slope="0.00"/>
        <vehicle id="49" x="42.97" y="398.35" angle="90.00" type="DEFAULT_VEHTYPE" speed="13.56" pos="42.97" lane="0/2to1/2_0" slope="0.00"/>
        <vehicle id="6" x="213.04" y="201.65" angle="-90.00" type="DEFAULT_VEHTYPE" speed="7.08" pos="182.21" lane="2/1to1/1_0" slope="0.00"/>
    </timestep>
    <timestep time="747.00">
        <vehicle id="1" x="398.35" y="253.57" angle="0.00" type="DEFAULT_VEHTYPE" speed="13.05" pos="141.68" lane="2/2to2/1_0" slope="0.00"/>
        <vehicle id="11" x="395.11" y="598.35" angle="90.00" type="DEFAULT_VEHTYPE" speed="5.03" pos="190.36" lane="1/3to2/3_0" slope="0.00"/>
        <vehicle id="13" x="601.65" y="360.19" angle="180.00" type="DEFAULT_VEHTYPE" speed="13.13" pos="155.44" lane="3/1to3/2_0" slope="0.00"/>
        <vehicle id="17" x="401.65" y="714.14" angle="180.00" type="DEFAULT_VEHTYPE" speed="13.00" pos="109.39" lane="2/3to2/4_0" slope="0.00"/>
        <vehicle id="2" x="486.82" y="401.65" angle="-90.00" type="DEFAULT_VEHTYPE" speed="13.39" pos="108.43" lane="3/2to2/2_0" slope="0.00"/>
        <vehicle id="21" x="201.65" y="288.73" angle="180.00" type="DEFAULT_VEHTYPE" speed="13.49" pos="83.98" lane="1/1to1/2_0" slope="0.00"/>
        <vehicle id="23" x="210.60" y="401.65" angle="-90.00" type="DEFAULT_VEHTYPE" speed="4.67" pos="184.65" lane="2/2to1/2_0" slope="0.00"/>
        <vehicle id="25" x="601.65" y="270.11" angle="180.00" type="DEFAULT_VEHTYPE" speed="13.71" pos="65.36" lane="3/1to3/2_0" slope="0.00"/>
        <vehicle id="27" x="304.67" y="598.35" angle="90.00" type="DEFAULT_VEHTYPE" speed="13.08" pos="99.92" lane="1/3to2/3_0" slope="0.00"/>
        <vehicle id="29" x="601.65" y="313.18" angle="180.00" type="DEFAULT_VEHTYPE" speed="13.02" pos="108.43" lane="3/1to3/2_0" slope="0.00"/>
        <vehicle id="3" x="398.35" y="701.61" angle="0.00" type="DEFAULT_VEHTYPE" speed="13.75" pos="98.39" lane="2/4to2/3_0" slope="0.00"/>
        <vehicle id="32" x="88.35" y="201.65" angle="-90.00" type="DEFAULT_VEHTYPE" speed="12.89" pos="106.90" lane="1/1to0/1_0" slope="0.00"/>
        <vehicle id="37" x="155.34" y="198.35" angle="90.00" type="DEFAULT_VEHTYPE" speed="13.79" pos="155.34" lane="0/1to1/1_0" slope="0.00"/>
        <vehicle id="38" x="398.35" y="451.07" angle="0.00" type="DEFAULT_VEHTYPE" speed="12.72" pos="144.18" lane="2/3to2/2_0" slope="0.00"/>
        <vehicle id="4" x="198.35" y="143.24" angle="0.00" type="DEFAULT_VEHTYPE" speed="13.85" pos="52.01" lane="1/1to1/0_0" slope="0.00"/>
        <vehicle id="41" x="201.65" y="217.29" angle="180.00" type="DEFAULT_VEHTYPE" speed="9.09" pos="12.54" lane="1/1to1/2_0" slope="0.00"/>
        <vehicle id="42" x="601.65" y="211.27" angle="180.00" type="DEFAULT_VEHTYPE" speed="8.92" pos="6.52" lane="3/1to3/2_0" slope="0.00"/>
        <vehicle id="43" x="398.35" y="523.89" angle="0.00" type="DEFAULT_VEHTYPE" speed="13.54" pos="71.36" lane="2/3to2/2_0" slope="0.00"/>
        <vehicle id="44" x="398.35" y="29.41" angle="0.00" type="DEFAULT_VEHTYPE" speed="13.27" pos="165.84" lane="2/1to2/0_0" slope="0.00"/>
        <vehicle id="46" x="368.41" y="598.35" angle="90.00" type="DEFAULT_VEHTYPE" speed="10.44" pos="163.66" lane="1/3to2/3_0" slope="0.00"/>
        <vehicle id="47" x="113.75" y="401.65" angle="-90.00" type="DEFAULT_VEHTYPE" speed="12.71" pos="81.50" lane="1/2to0/2_0" slope="0.00"/>
        <vehicle id="49" x="56.34" y="398.35" angle="90.00" type="DEFAULT_VEHTYPE" speed="13.37" pos="56.34" lane="0/2to1/2_0" slope="0.00"/>
        <vehicle id="6" x="209.76" y="201.65" angle="-90.00" type="DEFAULT_VEHTYPE" speed="3.28" pos="185.49" lane="2/1to1/1_0" slope="0.00"/>
    </timestep>
    <timestep time="748.00">
        <vehicle id="1" x="398.35" y="240.93" angle="0.00" type="DEFAULT_VEHTYPE" speed="12.64" pos="154.32" lane="2/2to2/1_0" slope="0.00"/>
        <vehicle id="11" x="400.63" y="600.91" angle="120.09" type="DEFAULT_VEHTYPE" speed="6.42" pos="6.28" lane=":2/3_14_0" slope="0.00"/>
        <vehicle id="13" x="601.65" y="372.70" angle="180.00" type="DEFAULT_VEHTYPE" speed="12.50" pos="167.95" lane="3/1to3/2_0" slope="0.00"/>
        <vehicle id="17" x="401.65" y="726.92" angle="180.00" type="DEFAULT_VEHTYPE" speed="12.78" pos="122.17" lane="2/3to2/4_0" slope="0.00"/>
        <vehicle id="2" x="473.40" y="401.65" angle="-90.00" type="DEFAULT_VEHTYPE" speed="13.43" pos="121.85" lane="3/2to2/2_0" slope="0.00"/>
        <vehicle id="21" x="201.65" y="301.64" angle="180.00" type="DEFAULT_VEHTYPE" speed="12.91" pos="96.89" lane="1/1to1/2_0" slope="0.00"/>
        <vehicle id="23" x="204.00" y="401.65" angle="-90.00" type="DEFAULT_VEHTYPE" speed="6.60" pos="0.75" lane=":1/2_5_0" slope="0.00"/>
        <vehicle id="25" x="601.65" y="282.83" angle="180.00" type="DEFAULT_VEHTYPE" speed="12.72" pos="78.08" lane="3/1to3/2_0" slope="0.00"/>
        <vehicle id="27" x="318.29" y="598.35" angle="90.00" type="DEFAULT_VEHTYPE" speed="13.61" pos="113.54" lane="1/3to2/3_0" slope="0.00"/>
        <vehicle id="29" x="601.65" y="326.61" angle="180.00" type="DEFAULT_VEHTYPE" speed="13.43" pos="121.86" lane="3/1to3/2_0" slope="0.00"/>
        <vehicle id="3" x="398.35" y="688.45" angle="0.00" type="DEFAULT_VEHTYPE" speed="13.16" pos="111.55" lane="2/4to2/3_0" slope="0.00"/>
        <vehicle id="32" x="74.59" y="201.65" angle="-90.00" type="DEFAULT_VEHTYPE" speed="13.76" pos="120.66" lane="1/1to0/1_0" slope="0.00"/>
        <vehicle id="37" x="168.67" y="198.35" angle="90.00" type="DEFAULT_VEHTYPE" speed="13.32" pos="168.67" lane="0/1to1/1_0" slope="0.00"/>
        <vehicle id="38" x="398.35" y="438.28" angle="0.00" type="DEFAULT_VEHTYPE" speed="12.79" pos="156.97" lane="2/3to2/2_0" slope="0.00"/>
        <vehicle id="4" x="198.35" y="129.90" angle="0.00" type="DEFAULT_VEHTYPE" speed="13.33" pos="65.35" lane="1/1to1/0_0" slope="0.00"/>
        <vehicle id="41" x="201.65" y="228.77" angle="180.00" type="DEFAULT_VEHTYPE" speed="11.48" pos="24.02" lane="1/1to1/2_0" slope="0.00"/>
        <vehicle id="42" x="601.65" y="222.75" angle="180.00" type="DEFAULT_VEHTYPE" speed="11.49" pos="18.00" lane="3/1to3/2_0" slope="0.00"/>
        <vehicle id="43" x="398.35" y="510.27" angle="0.00" type="DEFAULT_VEHTYPE" speed="13.62" pos="84.98" lane="2/3to2/2_0" slope="0.00"/>
        <vehicle id="44" x="398.35" y="16.60" angle="0.00" type="DEFAULT_VEHTYPE" speed="12.81" pos="178.65" lane="2/1to2/0_0" slope="0.00"/>
        <vehicle id="46" x="378.46" y="598.35" angle="90.00" type="DEFAULT_VEHTYPE" speed="10.05" pos="173.71" lane="1/3to2/3_0" slope="0.00"/>
        <vehicle id="47" x="100.72" y="401.65" angle="-90.00" type="DEFAULT_VEHTYPE" speed="13.03" pos="94.53" lane="1/2to0/2_0" slope="0.00"/>
        <vehicle id="49" x="69.75" y="398.35" angle="90.00" type="DEFAULT_VEHTYPE" speed="13.41" pos="69.75" lane="0/2to1/2_0" slope="0.00"/>
        <vehicle id="6" x="204.23" y="201.72" angle="-90.83" type="DEFAULT_VEHTYPE" speed="5.53" pos="0.52" lane=":1/1_4_0" slope="0.00"/>
    </timestep>
    <timestep time="749.00">
        <vehicle id="1" x="398.35" y="228.03" angle="0.00" type="DEFAULT_VEHTYPE" speed="12.90" pos="167.22" lane="2/2to2/1_0" slope="0.00"/>
        <vehicle id="11" x="401.65" y="608.49" angle="177.95" type="DEFAULT_VEHTYPE" speed="7.78" pos="3.74" lane="2/3to2/4_0" slope="0.00"/>
        <vehicle id="13" x="601.65" y="382.27" angle="180.00" type="DEFAULT_VEHTYPE" speed="9.58" pos="177.52" lane="3/1to3/2_0" slope="0.00"/>
        <vehicle id="17" x="401.65" y="740.19" angle="180.00" type="DEFAULT_VEHTYPE" speed="13.27" pos="135.44" lane="2/3to2/4_0" slope="0.00"/>
        <vehicle id="2" x="459.82" y="401.65" angle="-90.00" type="DEFAULT_VEHTYPE" speed="13.57" pos="135.43" lane="3/2to2/2_0" slope="0.00"/>
        <vehicle id="21" x="201.65" y="315.09" angle="180.00" type="DEFAULT_VEHTYPE" speed="13.45" pos="110.34" lane="1/1to1/2_0" slope="0.00"/>
        <vehicle id="23" x="195.15" y="401.65" angle="-90.00" type="DEFAULT_VEHTYPE" speed="8.85" pos="0.10" lane="1/2to0/2_0" slope="0.00"/>
        <vehicle id="25" x="601.65" y="296.61" angle="180.00" type="DEFAULT_VEHTYPE" speed="13.78" pos="91.86" lane="3/1to3/2_0" slope="0.00"/>
        <vehicle id="27" x="331.27" y="598.35" angle="90.00" type="DEFAULT_VEHTYPE" speed="12.99" pos="126.52" lane="1/3to2/3_0" slope="0.00"/>
        <vehicle id="29" x="601.65" y="339.56" angle="180.00" type="DEFAULT_VEHTYPE" speed="12.95" pos="134.81" lane="3/1to3/2_0" slope="0.00"/>
        <vehicle id="3" x="398.35" y="674.66" angle="0.00" type="DEFAULT_VEHTYPE" speed="13.79" pos="125.34" lane="2/4to2/3_0" slope="0.00"/>
        <vehicle id="32" x="60.83" y="201.65" angle="-90.00" type="DEFAULT_VEHTYPE" speed="13.76" pos="134.42" lane="1/1to0/1_0" slope="0.00"/>
        <vehicle id="37" x="178.39" y="198.35" angle="90.00" type="DEFAULT_VEHTYPE" speed="9.72" pos="178.39" lane="0/1to1/1_0" slope="0.00"/>
        <vehicle id="38" x="398.35" y="424.43" angle="0.00" type="DEFAULT_VEHTYPE" speed="13.85" pos="170.82" lane="2/3to2/2_0" slope="0.00"/>
        <vehicle id="4" x="198.35" y="117.29" angle="0.00" type="DEFAULT_VEHTYPE" speed="12.61" pos="77.96" lane="1/1to1/0_0" slope="0.00"/>
        <vehicle id="41" x="201.65" y="241.60" angle="180.00" type="DEFAULT_VEHTYPE" speed="12.83" pos="36.85" lane="1/1to1/2_0" slope="0.00"/>
        <vehicle id="42" x="601.65" y="235.97" angle="180.00" type="DEFAULT_VEHTYPE" speed="13.22" pos="31.22" lane="3/1to3/2_0" slope="0.00"/>
        <vehicle id="43" x="398.35" y="497.29" angle="0.00" type="DEFAULT_VEHTYPE" speed="12.98" pos="97.96" lane="2/3to2/2_0" slope="0.00"/>
        <vehicle id="44" x="398.35" y="3.00" angle="0.00" type="DEFAULT_VEHTYPE" speed="13.60" pos="192.25" lane="2/1to2/0_0" slope="0.00"/>
        <vehicle id="46" x="385.54" y="598.35" angle="90.00" type="DEFAULT_VEHTYPE" speed="7.08" pos="180.79" lane="1/3to2/3_0" slope="0.00"/>
        <vehicle id="47" x="88.12" y="401.65" angle="-90.00" type="DEFAULT_VEHTYPE" speed="12.61" pos="107.13" lane="1/2to0/2_0" slope="0.00"/>
        <vehicle id="49" x="83.59" y="398.35" angle="90.00" type="DEFAULT_VEHTYPE" speed="13.84" pos="83.59" lane="0/2to1/2_0" slope="0.00"/>
        <vehicle id="6" x="201.65" y="207.62" angle="-173.16" type="DEFAULT_VEHTYPE" speed="7.34" pos="2.87" lane="1/1to1/2_0" slope="0.00"/>
    </timestep>
    <timestep time="750.00">
        <vehicle id="1" x="398.35" y="215.28" angle="0.00" type="DEFAULT_VEHTYPE" speed="12.75" pos="179.97" lane="2/2to2/1_0" slope="0.00"/>
        <vehicle id="11" x="401.65" y="618.40" angle="180.00" type="DEFAULT_VEHTYPE" speed="9.91" pos="13.65" lane="2/3to2/4_0" slope="0.00"/>
        <vehicle id="13" x="601.65" y="387.48" angle="180.00" type="DEFAULT_VEHTYPE" speed="5.21" pos="182.73" lane="3/1to3/2_0" slope="0.00"/>
        <vehicle id="17" x="401.65" y="753.15" angle="180.00" type="DEFAULT_VEHTYPE" speed="12.96" pos="148.40" lane="2/3to2/4_0" slope="0.00"/>
        <vehicle id="2" x="446.66" y="401.65" angle="-90.00" type="DEFAULT_VEHTYPE" speed="13.16" pos="148.59" lane="3/2to2/2_0" slope="0.00"/>
        <vehicle id="21" x="201.65" y="328.32" angle="180.00" type="DEFAULT_VEHTYPE" speed="13.24" pos="123.57" lane="1/1to1/2_0" slope="0.00"/>
        <vehicle id="23" x="184.66" y="401.65" angle="-90.00" type="DEFAULT_VEHTYPE" speed="10.50" pos="10.59" lane="1/2to0/2_0" slope="0.00"/>
        <vehicle id="25" x="601.65" y="310.15" angle="180.00" type="DEFAULT_VEHTYPE" speed="13.54" pos="105.40" lane="3/1to3/2_0" slope="0.00"/>
        <vehicle id="27" x="344.67" y="598.35" angle="90.00" type="DEFAULT_VEHTYPE" speed="13.40" pos="139.92" lane="1/3to2/3_0" slope="0.00"/>
        <vehicle id="29" x="601.65" y="353.01" angle="180.00" type="DEFAULT_VEHTYPE" speed="13.45" pos="148.26" lane="3/1to3/2_0" slope="0.00"/>
        <vehicle id="3" x="398.35" y="661.96" angle="0.00" type="DEFAULT_VEHTYPE" speed="12.69" pos="138.04" lane="2/4to2/3_0" slope="0.00"/>
        <vehicle id="32" x="47.25" y="201.65" angle="-90.00" type="DEFAULT_VEHTYPE" speed="13.58" pos="148.00" lane="1/1to0/1_0" slope="0.00"/>
        <vehicle id="37" x="185.90" y="198.35" angle="90.00" type="DEFAULT_VEHTYPE" speed="7.51" pos="185.90" lane="0/1to1/1_0" slope="0.00"/>
        <vehicle id="38" x="398.35" y="411.48" angle="0.00" type="DEFAULT_VEHTYPE" speed="12.95" pos="183.77" lane="2/3to2/2_0" slope="0.00"/>
        <vehicle id="4" x="198.35" y="104.20" angle="0.00" type="DEFAULT_VEHTYPE" speed="13.10" pos="91.05" lane="1/1to1/0_0" slope="0.00"/>
        <vehicle id="41" x="201.65" y="254.83" angle="180.00" type="DEFAULT_VEHTYPE" speed="13.23" pos="50.08" lane="1/1to1/2_0" slope="0.00"/>
        <vehicle id="42" x="601.65" y="249.26" angle="180.00" type="DEFAULT_VEHTYPE" speed="13.28" pos="44.51" lane="3/1to3/2_0" slope="0.00"/>
        <vehicle id="43" x="398.35" y="484.54" angle="0.00" type="DEFAULT_VEHTYPE" speed="12.75" pos="110.71" lane="2/3to2/2_0" slope="0.00"/>
        <vehicle id="44" x="401.65" y="5.10" angle="180.00" type="DEFAULT_VEHTYPE" speed="12.92" pos="5.10" lane="2/0to2/1_0" slope="0.00"/>
        <vehicle id="46" x="389.44" y="598.35" angle="90.00" type="DEFAULT_VEHTYPE" speed="3.90" pos="184.69" lane="1/3to2/3_0" slope="0.00"/>
        <vehicle id="47" x="74.66" y="401.65" angle="-90.00" type="DEFAULT_VEHTYPE" speed="13.46" pos="120.59" lane="1/2to0/2_0" slope="0.00"/>
        <vehicle id="49" x="97.10" y="398.35" angle="90.00" type="DEFAULT_VEHTYPE" speed="13.51" pos="97.10" lane="0/2to1/2_0" slope="0.00"/>
        <vehicle id="6" x="201.65" y="217.07" angle="180.00" type="DEFAULT_VEHTYPE" speed="9.45" pos="12.32" lane="1/1to1/2_0" slope="0.00"/>
    </timestep>
    <timestep time="751.00">
        <vehicle id="1" x="397.26" y="202.23" angle="-13.14" type="DEFAULT_VEHTYPE" speed="13.41" pos="2.87" lane=":2/1_0_0" slope="0.00"/>
        <vehicle id="11" x="401.65" y="630.12" angle="180.00" type="DEFAULT_VEHTYPE" speed="11.71" pos="25.37" lane="2/3to2/4_0" slope="0.00"/>
        <vehicle id="13" x="601.65" y="390.91" angle="180.00" type="DEFAULT_VEHTYPE" speed="3.43" pos="186.16" lane="3/1to3/2_0" slope="0.00"/>
        <vehicle id="17" x="401.65" y="767.03" angle="180.00" type="DEFAULT_VEHTYPE" speed="13.87" pos="162.28" lane="2/3to2/4_0" slope="0.00"/>
        <vehicle id="2" x="433.22" y="401.65" angle="-90.00" type="DEFAULT_VEHTYPE" speed="13.45" pos="162.03" lane="3/2to2/2_0" slope="0.00"/>
        <vehicle id="21" x="201.65" y="341.41" angle="180.00" type="DEFAULT_VEHTYPE" speed="13.09" pos="136.66" lane="1/1to1/2_0" slope="0.00"/>
        <vehicle id="23" x="172.74" y="401.65" angle="-90.00" type="DEFAULT_VEHTYPE" speed="11.91" pos="22.51" lane="1/2to0/2_0" slope="0.00"/>
        <vehicle id="25" x="601.65" y="323.07" angle="180.00" type="DEFAULT_VEHTYPE" speed="12.92" pos="118.32" lane="3/1to3/2_0" slope="0.00"/>
        <vehicle id="27" x="358.06" y="598.35" angle="90.00" type="DEFAULT_VEHTYPE" speed="13.39" pos="153.31" lane="1/3to2/3_0" slope="0.00"/>
        <vehicle id="29" x="601.65" y="366.26" angle="180.00" type="DEFAULT_VEHTYPE" speed="13.24" pos="161.51" lane="3/1to3/2_0" slope="0.00"/>
        <vehicle id="3" x="398.35" y="648.98" angle="0.00" type="DEFAULT_VEHTYPE" speed="12.98" pos="151.02" lane="2/4to2/3_0" slope="0.00"/>
        <vehicle id="32" x="33.67" y="201.65" angle="-90.00" type="DEFAULT_VEHTYPE" speed="13.57" pos="161.58" lane="1/1to0/1_0" slope="0.00"/>
        <vehicle id="37" x="189.30" y="198.35" angle="90.00" type="DEFAULT_VEHTYPE" speed="3.40" pos="189.30" lane="0/1to1/1_0" slope="0.00"/>
        <vehicle id="38" x="393.15" y="401.65" angle="-76.51" type="DEFAULT_VEHTYPE" speed="13.83" pos="2.10" lane="2/2to1/2_0" slope="0.00"/>
        <vehicle id="4" x="198.35" y="90.55" angle="0.00" type="DEFAULT_VEHTYPE" speed="13.64" pos="104.70" lane="1/1to1/0_0" slope="0.00"/>
        <vehicle id="41" x="201.65" y="268.27" angle="180.00" type="DEFAULT_VEHTYPE" speed="13.44" pos="63.52" lane="1/1to1/2_0" slope="0.00"/>
        <vehicle id="42" x="601.65" y="261.93" angle="180.00" type="DEFAULT_VEHTYPE" speed="12.68" pos="57.18" lane="3/1to3/2_0" slope="0.00"/>
        <vehicle id="43" x="398.35" y="471.40" angle="0.00" type="DEFAULT_VEHTYPE" speed="13.14" pos="123.85" lane="2/3to2/2_0" slope="0.00"/>
        <vehicle id="44" x="401.65" y="18.41" angle="180.00" type="DEFAULT_VEHTYPE" speed="13.30" pos="18.41" lane="2/0to2/1_0" slope="0.00"/>
        <vehicle id="46" x="395.10" y="598.35" angle="90.00" type="DEFAULT_VEHTYPE" speed="5.66" pos="190.35" lane="1/3to2/3_0" slope="0.00"/>
        <vehicle id="47" x="61.42" y="401.65" angle="-90.00" type="DEFAULT_VEHTYPE" speed="13.24" pos="133.83" lane="1/2to0/2_0" slope="0.00"/>
        <vehicle id="49" x="110.01" y="398.35" angle="90.00" type="DEFAULT_VEHTYPE" speed="12.92" pos="110.01" lane="0/2to1/2_0" slope="0.00"/>
        <vehicle id="6" x="201.65" y="228.45" angle="180.00" type="DEFAULT_VEHTYPE" speed="11.38" pos="23.70" lane="1/1to1/2_0" slope="0.00"/>
    </timestep>
    <timestep time="752.00">
        <vehicle id="1" x="384.43" y="201.65" angle="-90.00" type="DEFAULT_VEHTYPE" speed="12.95" pos="10.82" lane="2/1to1/1_0" slope="0.00"/>
        <vehicle id="11" x="401.65" y="643.91" angle="180.00" type="DEFAULT_VEHTYPE" speed="13.80" pos="39.16" lane="2/3to2/4_0" slope="0.00"/>
        <vehicle id="13" x="601.48" y="396.41" angle="-178.10" type="DEFAULT_VEHTYPE" speed="5.51" pos="1.17" lane=":3/2_10_0" slope="0.00"/>
        <vehicle id="17" x="401.65" y="779.92" angle="180.00" type="DEFAULT_VEHTYPE" speed="12.89" pos="175.17" lane="2/3to2/4_0" slope="0.00"/>
        <vehicle id="2" x="422.17" y="401.65" angle="-90.00" type="DEFAULT_VEHTYPE" speed="11.04" pos="173.08" lane="3/2to2/2_0" slope="0.00"/>
        <vehicle id="21" x="201.65" y="354.02" angle="180.00" type="DEFAULT_VEHTYPE" speed="12.61" pos="149.27" lane="1/1to1/2_0" slope="0.00"/>
        <vehicle id="23" x="159.37" y="401.65" angle="-90.00" type="DEFAULT_VEHTYPE" speed="13.37" pos="35.88" lane="1/2to0/2_0" slope="0.00"/>
        <vehicle id="25" x="601.65" y="336.51" angle="180.00" type="DEFAULT_VEHTYPE" speed="13.45" pos="131.76" lane="3/1to3/2_0" slope="0.00"/>
        <vehicle id="27" x="370.69" y="598.35" angle="90.00" type="DEFAULT_VEHTYPE" speed="12.63" pos="165.94" lane="1/3to2/3_0" slope="0.00"/>
        <vehicle id="29" x="601.65" y="375.00" angle="180.00" type="DEFAULT_VEHTYPE" speed="8.74" pos="170.25" lane="3/1to3/2_0" slope="0.00"/>
        <vehicle id="3" x="398.35" y="635.85" angle="0.00" type="DEFAULT_VEHTYPE" speed="13.13" pos="164.15" lane="2/4to2/3_0" slope="0.00"/>
        <vehicle id="32" x="20.19" y="201.65" angle="-90.00" type="DEFAULT_VEHTYPE" speed="13.48" pos="175.06" lane="1/1to0/1_0" slope="0.00"/>
        <vehicle id="37" x="194.24" y="198.35" angle="90.00" type="DEFAULT_VEHTYPE" speed="4.94" pos="194.24" lane="0/1to1/1_0" slope="0.00"/>
        <vehicle id="38" x="379.79" y="401.65" angle="-90.00" type="DEFAULT_VEHTYPE" speed="13.36" pos="15.46" lane="2/2to1/2_0" slope="0.00"/>
        <vehicle id="4" x="198.35" y="77.19" angle="0.00" type="DEFAULT_VEHTYPE" speed="13.36" pos="118.06" lane="1/1to1/0_0" slope="0.00"/>
        <vehicle id="41" x="201.65" y="281.93" angle="180.00" type="DEFAULT_VEHTYPE" speed="13.66" pos="77.18" lane="1/1to1/2_0" slope="0.00"/>
        <vehicle id="42" x="601.65" y="275.18" angle="180.00" type="DEFAULT_VEHTYPE" speed="13.24" pos="70.43" lane="3/1to3/2_0" slope="0.00"/>
        <vehicle id="43" x="398.35" y="457.51" angle="0.00" type="DEFAULT_VEHTYPE" speed="13.89" pos="137.74" lane="2/3to2/2_0" slope="0.00"/>
        <vehicle id="44" x="401.65" y="32.27" angle="180.00" type="DEFAULT_VEHTYPE" speed="13.87" pos="32.27" lane="2/0to2/1_0" slope="0.00"/>
        <vehicle id="46" x="401.33" y="602.49" angle="139.51" type="DEFAULT_VEHTYPE" speed="8.18" pos="8.03" lane=":2/3_14_0" slope="0.00"/>
        <vehicle id="47" x="48.30" y="401.65" angle="-90.00" type="DEFAULT_VEHTYPE" speed="13.12" pos="146.95" lane="1/2to0/2_0" slope="0.00"/>
        <vehicle id="49" x="123.57" y="398.35" angle="90.00" type="DEFAULT_VEHTYPE" speed="13.55" pos="123.57" lane="0/2to1/2_0" slope="0.00"/>
        <vehicle id="6" x="201.65" y="241.19" angle="180.00" type="DEFAULT_VEHTYPE" speed="12.74" pos="36.44" lane="1/1to1/2_0" slope="0.00"/>
    </timestep>
    <timestep time="753.00">
        <vehicle id="1" x="371.34" y="201.65" angle="-90.00" type="DEFAULT_VEHTYPE" speed="13.09" pos="23.91" lane="2/1to1/1_0" slope="0.00"/>
        <vehicle id="11" x="401.65" y="657.30" angle="180.00" type="DEFAULT_VEHTYPE" speed="13.39" pos="52.55" lane="2/3to2/4_0" slope="0.00"/>
        <vehicle id="13" x="597.28" y="401.36" angle="-128.12" type="DEFAULT_VEHTYPE" speed="7.10" pos="1.12" lane=":3/2_18_0" slope="0.00"/>
        <vehicle id="17" x="401.65" y="793.11" angle="180.00" type="DEFAULT_VEHTYPE" speed="13.19" pos="188.36" lane="2/3to2/4_0" slope="0.00"/>
        <vehicle id="2" x="414.37" y="401.65" angle="-90.00" type="DEFAULT_VEHTYPE" speed="7.81" pos="180.88" lane="3/2to2/2_0" slope="0.00"/>
        <vehicle id="21" x="201.65" y="367.92" angle="180.00" type="DEFAULT_VEHTYPE" speed="13.90" pos="163.17" lane="1/1to1/2_0" slope="0.00"/>
        <vehicle id="23" x="145.82" y="401.65" angle="-90.00" type="DEFAULT_VEHTYPE" speed="13.55" pos="49.43" lane="1/2to0/2_0" slope="0.00"/>
        <vehicle id="25" x="601.65" y="350.33" angle="180.00" type="DEFAULT_VEHTYPE" speed="13.82" pos="145.58" lane="3/1to3/2_0" slope="0.00"/>
        <vehicle id="27" x="380.93" y="598.35" angle="90.00" type="DEFAULT_VEHTYPE" speed="10.24" pos="176.18" lane="1/3to2/3_0" slope="0.00"/>
        <vehicle id="29" x="601.65" y="384.00" angle="180.00" type="DEFAULT_VEHTYPE" speed="9.00" pos="179.25" lane="3/1to3/2_0" slope="0.00"/>
        <vehicle id="3" x="398.35" y="622.13" angle="0.00" type="DEFAULT_VEHTYPE" speed="13.72" pos="177.87" lane="2/4to2/3_0" slope="0.00"/>
        <vehicle id="32" x="6.63" y="201.65" angle="-90.00" type="DEFAULT_VEHTYPE" speed="13.57" pos="188.62" lane="1/1to0/1_0" slope="0.00"/>
        <vehicle id="37" x="198.35" y="194.41" angle="30.73" type="DEFAULT_VEHTYPE" speed="6.85" pos="0.84" lane="1/1to1/0_0" slope="0.00"/>
        <vehicle id="38" x="366.43" y="401.65" angle="-90.00" type="DEFAULT_VEHTYPE" speed="13.36" pos="28.82" lane="2/2to1/2_0" slope="0.00"/>
        <vehicle id="4" x="198.35" y="64.13" angle="0.00" type="DEFAULT_VEHTYPE" speed="13.06" pos="131.12" lane="1/1to1/0_0" slope="0.00"/>
        <vehicle id="41" x="201.65" y="295.14" angle="180.00" type="DEFAULT_VEHTYPE" speed="13.20" pos="90.39" lane="1/1to1/2_0" slope="0.00"/>
        <vehicle id="42" x="601.65" y="288.33" angle="180.00" type="DEFAULT_VEHTYPE" speed="13.15" pos="83.58" lane="3/1to3/2_0" slope="0.00"/>
        <vehicle id="43" x="398.35" y="444.48" angle="0.00" type="DEFAULT_VEHTYPE" speed="13.03" pos="150.77" lane="2/3to2/2_0" slope="0.00"/>
        <vehicle id="44" x="401.65" y="45.97" angle="180.00" type="DEFAULT_VEHTYPE" speed="13.70" pos="45.97" lane="2/0to2/1_0" slope="0.00"/>
        <vehicle id="46" x="401.65" y="611.96" angle="180.00" type="DEFAULT_VEHTYPE" speed="9.50" pos="7.21" lane="2/3to2/4_0" slope="0.00"/>
        <vehicle id="47" x="35.19" y="401.65" angle="-90.00" type="DEFAULT_VEHTYPE" speed="13.10" pos="160.06" lane="1/2to0/2_0" slope="0.00"/>
        <vehicle id="49" x="137.27" y="398.35" angle="90.00" type="DEFAULT_VEHTYPE" speed="13.71" pos="137.27" lane="0/2to1/2_0" slope="0.00"/>
        <vehicle id="6" x="201.65" y="253.95" angle="180.00" type="DEFAULT_VEHTYPE" speed="12.76" pos="49.20" lane="1/1to1/2_0" slope="0.00"/>
    </timestep>
    <timestep time="754.00">
        <vehicle id="1" x="358.18" y="201.65" angle="-90.00" type="DEFAULT_VEHTYPE" speed="13.16" pos="37.07" lane="2/1to1/1_0" slope="0.00"/>
        <vehicle id="11" x="401.65" y="670.43" angle="180.00" type="DEFAULT_VEHTYPE" speed="13.13" pos="65.68" lane="2/3to2/4_0" slope="0.00"/>
        <vehicle id="13" x="587.79" y="401.65" angle="-90.00" type="DEFAULT_VEHTYPE" speed="9.52" pos="7.46" lane="3/2to2/2_0" slope="0.00"/>
        <vehicle id="17" x="398.35" y="798.57" angle="-46.62" type="DEFAULT_VEHTYPE" speed="13.14" pos="1.43" lane="2/4to2/3_0" slope="0.00"/>
        <vehicle id="2" x="410.18" y="401.65" angle="-90.00" type="DEFAULT_VEHTYPE" speed="4.19" pos="185.07" lane="3/2to2/2_0" slope="0.00"/>
        <vehicle id="21" x="201.65" y="381.02" angle="180.00" type="DEFAULT_VEHTYPE" speed="13.10" pos="176.27" lane="1/1to1/2_0" slope="0.00"/>
        <vehicle id="23" x="132.33" y="401.65" angle="-90.00" type="DEFAULT_VEHTYPE" speed="13.49" pos="62.92" lane="1/2to0/2_0" slope="0.00"/>
        <vehicle id="25" x="601.65" y="363.42" angle="180.00" type="DEFAULT_VEHTYPE" speed="13.09" pos="158.67" lane="3/1to3/2_0" slope="0.00"/>
        <vehicle id="27" x="387.14" y="598.35" angle="90.00" type="DEFAULT_VEHTYPE" speed="6.21" pos="182.39" lane="1/3to2/3_0" slope="0.00"/>
        <vehicle id="29" x="601.65" y="394.41" angle="180.00" type="DEFAULT_VEHTYPE" speed="10.40" pos="189.66" lane="3/1to3/2_0" slope="0.00"/>
        <vehicle id="3" x="398.35" y="609.43" angle="0.00" type="DEFAULT_VEHTYPE" speed="12.70" pos="190.57" lane="2/4to2/3_0" slope="0.00"/>
        <vehicle id="32" x="2.35" y="198.35" angle="64.38" type="DEFAULT_VEHTYPE" speed="13.80" pos="2.35" lane="0/1to1/1_0" slope="0.00"/>
        <vehicle id="37" x="198.35" y="184.96" angle="0.00" type="DEFAULT_VEHTYPE" speed="9.45" pos="10.29" lane="1/1to1/0_0" slope="0.00"/>
        <vehicle id="38" x="352.94" y="401.65" angle="-90.00" type="DEFAULT_VEHTYPE" speed="13.49" pos="42.31" lane="2/2to1/2_0" slope="0.00"/>
        <vehicle id="4" x="198.35" y="50.55" angle="0.00" type="DEFAULT_VEHTYPE" speed="13.58" pos="144.70" lane="1/1to1/0_0" slope="0.00"/>
        <vehicle id="41" x="201.65" y="308.71" angle="180.00" type="DEFAULT_VEHTYPE" speed="13.57" pos="103.96" lane="1/1to1/2_0" slope="0.00"/>
        <vehicle id="42" x="601.65" y="301.60" angle="180.00" type="DEFAULT_VEHTYPE" speed="13.27" pos="96.85" lane="3/1to3/2_0" slope="0.00"/>
        <vehicle id="43" x="398.35" y="430.61" angle="0.00" type="DEFAULT_VEHTYPE" speed="13.87" pos="164.64" lane="2/3to2/2_0" slope="0.00"/>
        <vehicle id="44" x="401.65" y="59.05" angle="180.00" type="DEFAULT_VEHTYPE" speed="13.08" pos="59.05" lane="2/0to2/1_0" slope="0.00"/>
        <vehicle id="46" x="401.65" y="623.74" angle="180.00" type="DEFAULT_VEHTYPE" speed="11.78" pos="18.99" lane="2/3to2/4_0" slope="0.00"/>
        <vehicle id="47" x="21.79" y="401.65" angle="-90.00" type="DEFAULT_VEHTYPE" speed="13.40" pos="173.46" lane="1/2to0/2_0" slope="0.00"/>
        <vehicle id="49" x="149.95" y="398.35" angle="90.00" type="DEFAULT_VEHTYPE" speed="12.68" pos="149.95" lane="0/2to1/2_0" slope="0.00"/>
        <vehicle id="6" x="201.65" y="267.59" angle="180.00" type="DEFAULT_VEHTYPE" speed="13.64" pos="62.84" lane="1/1to1/2_0" slope="0.00"/>
    </timestep>
    <timestep time="755.00">
        <vehicle id="1" x="345.09" y="201.65" angle="-90.00" type="DEFAULT_VEHTYPE" speed="13.09" pos="50.16" lane="2/1to1/1_0" slope="0.00"/>
        <vehicle id="11" x="401.65" y="683.43" angle="180.00" type="DEFAULT_VEHTYPE" speed="13.00" pos="78.68" lane="2/3to2/4_0" slope="0.00"/>
        <vehicle id="13" x="576.43" y="401.65" angle="-90.00" type="DEFAULT_VEHTYPE" speed="11.36" pos="18.82" lane="3/2to2/2_0" slope="0.00"/>
        <vehicle id="17" x="398.35" y="785.34" angle="0.00" type="DEFAULT_VEHTYPE" speed="13.23" pos="14.66" lane="2/4to2/3_0" slope="0.00"/>
        <vehicle id="2" x="408.92" y="401.65" angle="-90.00" type="DEFAULT_VEHTYPE" speed="1.26" pos="186.33" lane="3/2to2/2_0" slope="0.00"/>
        <vehicle id="21" x="201.65" y="393.75" angle="180.00" type="DEFAULT_VEHTYPE" speed="12.73" pos="189.00" lane="1/1to1/2_0" slope="0.00"/>
        <vehicle id="23" x="118.64" y="401.65" angle="-90.00" type="DEFAULT_VEHTYPE" speed="13.69" pos="76.61" lane="1/2to0/2_0" slope="0.00"/>
        <vehicle id="25" x="601.65" y="376.03" angle="180.00" type="DEFAULT_VEHTYPE" speed="12.61" pos="171.28" lane="3/1to3/2_0" slope="0.00"/>
        <vehicle id="27" x="390.26" y="598.35" angle="90.00" type="DEFAULT_VEHTYPE" speed="3.12" pos="185.51" lane="1/3to2/3_0" slope="0.00"/>
        <vehicle id="29" x="601.65" y="407.12" angle="180.00" type="DEFAULT_VEHTYPE" speed="12.72" pos="2.37" lane="3/2to3/3_0" slope="0.00"/>
        <vehicle id="3" x="398.35" y="596.15" angle="0.00" type="DEFAULT_VEHTYPE" speed="13.28" pos="8.60" lane=":2/3_1_0" slope="0.00"/>
        <vehicle id="32" x="15.62" y="198.35" angle="90.00" type="DEFAULT_VEHTYPE" speed="13.27" pos="15.62" lane="0/1to1/1_0" slope="0.00"/>
        <vehicle id="37" x="198.35" y="173.17" angle="0.00" type="DEFAULT_VEHTYPE" speed="11.80" pos="22.08" lane="1/1to1/0_0" slope="0.00"/>
        <vehicle id="38" x="339.71" y="401.65" angle="-90.00" type="DEFAULT_VEHTYPE" speed="13.23" pos="55.54" lane="2/2to1/2_0" slope="0.00"/>
        <vehicle id="4" x="198.35" y="37.51" angle="0.00" type="DEFAULT_VEHTYPE" speed="13.04" pos="157.74" lane="1/1to1/0_0" slope="0.00"/>
        <vehicle id="41" x="201.65" y="321.65" angle="180.00" type="DEFAULT_VEHTYPE" speed="12.94" pos="116.90" lane="1/1to1/2_0" slope="0.00"/>
        <vehicle id="42" x="601.65" y="314.55" angle="180.00" type="DEFAULT_VEHTYPE" speed="12.95" pos="109.80" lane="3/1to3/2_0" slope="0.00"/>
        <vehicle id="43" x="398.35" y="417.46" angle="0.00" type="DEFAULT_VEHTYPE" speed="13.15" pos="177.79" lane="2/3to2/2_0" slope="0.00"/>
        <vehicle id="44" x="401.65" y="72.92" angle="180.00" type="DEFAULT_VEHTYPE" speed="13.87" pos="72.92" lane="2/0to2/1_0" slope="0.00"/>
        <vehicle id="46" x="401.65" y="636.79" angle="180.00" type="DEFAULT_VEHTYPE" speed="13.05" pos="32.04" lane="2/3to2/4_0" slope="0.00"/>
        <vehicle id="47" x="8.12" y="401.65" angle="-90.00" type="DEFAULT_VEHTYPE" speed="13.67" pos="187.13" lane="1/2to0/2_0" slope="0.00"/>
        <vehicle id="49" x="163.65" y="398.35" angle="90.00" type="DEFAULT_VEHTYPE" speed="13.70" pos="163.65" lane="0/2to1/2_0" slope="0.00"/>
        <vehicle id="6" x="201.65" y="281.25" angle="180.00" type="DEFAULT_VEHTYPE" speed="13.66" pos="76.50" lane="1/1to1/2_0" slope="0.00"/>
    </timestep>
    <timestep time="756.00">
        <vehicle id="1" x="331.69" y="201.65" angle="-90.00" type="DEFAULT_VEHTYPE" speed="13.39" pos="63.56" lane="2/1to1/1_0" slope="0.00"/>
        <vehicle id="11" x="401.65" y="696.34" angle="180.00" type="DEFAULT_VEHTYPE" speed="12.91" pos="91.59" lane="2/3to2/4_0" slope="0.00"/>
        <vehicle id="13" x="562.85" y="401.65" angle="-90.00" type="DEFAULT_VEHTYPE" speed="13.57" pos="32.40" lane="3/2to2/2_0" slope="0.00"/>
        <vehicle id="17" x="398.35" y="771.75" angle="0.00" type="DEFAULT_VEHTYPE" speed="13.60" pos="28.25" lane="2/4to2/3_0" slope="0.00"/>
        <vehicle id="2" x="408.03" y="401.65" angle="-90.00" type="DEFAULT_VEHTYPE" speed="0.89" pos="187.22" lane="3/2to2/2_0" slope="0.00"/>
        <vehicle id="21" x="201.65" y="406.73" angle="180.00" type="DEFAULT_VEHTYPE" speed="12.98" pos="1.98" lane="1/2to1/3_0" slope="0.00"/>
        <vehicle id="23" x="105.70" y="401.65" angle="-90.00" type="DEFAULT_VEHTYPE" speed="12.94" pos="89.55" lane="1/2to0/2_0" slope="0.00"/>
        <vehicle id="25" x="601.65" y="388.84" angle="180.00" type="DEFAULT_VEHTYPE" speed="12.81" pos="184.09" lane="3/1to3/2_0" slope="0.00"/>
        <vehicle id="27" x="395.75" y="598.42" angle="90.82" type="DEFAULT_VEHTYPE" speed="5.50" pos="0.51" lane=":2/3_14_0" slope="0.00"/>
        <vehicle id="29" x="601.65" y="420.29" angle="180.00" type="DEFAULT_VEHTYPE" speed="13.16" pos="15.54" lane="3/2to3/3_0" slope="0.00"/>
        <vehicle id="3" x="398.35" y="582.98" angle="0.00" type="DEFAULT_VEHTYPE" speed="13.17" pos="12.27" lane="2/3to2/2_0" slope="0.00"/>
        <vehicle id="32" x="29.09" y="198.35" angle="90.00" type="DEFAULT_VEHTYPE" speed="13.46" pos="29.09" lane="0/1to1/1_0" slope="0.00"/>
        <vehicle id="37" x="198.35" y="160.07" angle="0.00" type="DEFAULT_VEHTYPE" speed="13.10" pos="35.18" lane="1/1to1/0_0" slope="0.00"/>
        <vehicle id="38" x="326.30" y="401.65" angle="-90.00" type="DEFAULT_VEHTYPE" speed="13.41" pos="68.95" lane="2/2to1/2_0" slope="0.00"/>
        <vehicle id="4" x="198.35" y="23.65" angle="0.00" type="DEFAULT_VEHTYPE" speed="13.85" pos="171.60" lane="1/1to1/0_0" slope="0.00"/>
        <vehicle id="41" x="201.65" y="335.10" angle="180.00" type="DEFAULT_VEHTYPE" speed="13.45" pos="130.35" lane="1/1to1/2_0" slope="0.00"/>
        <vehicle id="42" x="601.65" y="328.12" angle="180.00" type="DEFAULT_VEHTYPE" speed="13.57" pos="123.37" lane="3/1to3/2_0" slope="0.00"/>
        <vehicle id="43" x="398.35" y="403.82" angle="0.00" type="DEFAULT_VEHTYPE" speed="13.63" pos="0.93" lane=":2/2_1_0" slope="0.00"/>
        <vehicle id="44" x="401.65" y="85.77" angle="180.00" type="DEFAULT_VEHTYPE" speed="12.85" pos="85.77" lane="2/0to2/1_0" slope="0.00"/>
        <vehicle id="46" x="401.65" y="649.91" angle="180.00" type="DEFAULT_VEHTYPE" speed="13.12" pos="45.16" lane="2/3to2/4_0" slope="0.00"/>
        <vehicle id="47" x="-0.28" y="398.53" angle="-14.20" type="DEFAULT_VEHTYPE" speed="12.61" pos="4.49" lane=":0/2_0_0" slope="0.00"/>
        <vehicle id="49" x="175.02" y="398.35" angle="90.00" type="DEFAULT_VEHTYPE" speed="11.38" pos="175.02" lane="0/2to1/2_0" slope="0.00"/>
        <vehicle id="6" x="201.65" y="294.03" angle="180.00" type="DEFAULT_VEHTYPE" speed="12.78" pos="89.28" lane="1/1to1/2_0" slope="0.00"/>
    </timestep>
    <timestep time="757.00">
        <vehicle id="1" x="318.26" y="201.65" angle="-90.00" type="DEFAULT_VEHTYPE" speed="13.43" pos="76.99" lane="2/1to1/1_0" slope="0.00"/>
        <vehicle id="11" x="401.65" y="709.76" angle="180.00" type="DEFAULT_VEHTYPE" speed="13.42" pos="105.01" lane="2/3to2/4_0" slope="0.00"/>
        <vehicle id="13" x="549.37" y="401.65" angle="-90.00" type="DEFAULT_VEHTYPE" speed="13.49" pos="45.88" lane="3/2to2/2_0" slope="0.00"/>
        <vehicle id="17" x="398.35" y="758.80" angle="0.00" type="DEFAULT_VEHTYPE" speed="12.95" pos="41.20" lane="2/4to2/3_0" slope="0.00"/>
        <vehicle id="2" x="407.41" y="401.65" angle="-90.00" type="DEFAULT_VEHTYPE" speed="0.62" pos="187.84" lane="3/2to2/2_0" slope="0.00"/>
        <vehicle id="21" x="201.65" y="419.60" angle="180.00" type="DEFAULT_VEHTYPE" speed="12.87" pos="14.85" lane="1/2to1/3_0" slope="0.00"/>
        <vehicle id="23" x="91.92" y="401.65" angle="-90.00" type="DEFAULT_VEHTYPE" speed="13.79" pos="103.33" lane="1/2to0/2_0" slope="0.00"/>
        <vehicle id="25" x="601.65" y="402.30" angle="180.00" type="DEFAULT_VEHTYPE" speed="13.47" pos="7.05" lane=":3/2_9_0" slope="0.00"/>
        <vehicle id="27" x="401.27" y="602.07" angle="134.36" type="DEFAULT_VEHTYPE" speed="7.11" pos="7.62" lane=":2/3_14_0" slope="0.00"/>
        <vehicle id="29" x="601.65" y="433.22" angle="180.00" type="DEFAULT_VEHTYPE" speed="12.93" pos="28.47" lane="3/2to3/3_0" slope="0.00"/>
        <vehicle id="3" x="398.35" y="569.98" angle="0.00" type="DEFAULT_VEHTYPE" speed="13.00" pos="25.27" lane="2/3to2/2_0" slope="0.00"/>
        <vehicle id="32" x="42.86" y="198.35" angle="90.00" type="DEFAULT_VEHTYPE" speed="13.77" pos="42.86" lane="0/1to1/1_0" slope="0.00"/>
        <vehicle id="37" x="198.35" y="147.43" angle="0.00" type="DEFAULT_VEHTYPE" speed="12.64" pos="47.82" lane="1/1to1/0_0" slope="0.00"/>
        <vehicle id="38" x="313.12" y="401.65" angle="-90.00" type="DEFAULT_VEHTYPE" speed="13.18" pos="82.13" lane="2/2to1/2_0" slope="0.00"/>
        <vehicle id="4" x="198.35" y="9.91" angle="0.00" type="DEFAULT_VEHTYPE" speed="13.74" pos="185.34" lane="1/1to1/0_0" slope="0.00"/>
        <vehicle id="41" x="201.65" y="348.42" angle="180.00" type="DEFAULT_VEHTYPE" speed="13.32" pos="143.67" lane="1/1to1/2_0" slope="0.00"/>
        <vehicle id="42" x="601.65" y="340.95" angle="180.00" type="DEFAULT_VEHTYPE" speed="12.83" pos="136.20" lane="3/1to3/2_0" slope="0.00"/>
        <vehicle id="43" x="398.35" y="390.32" angle="0.00" type="DEFAULT_VEHTYPE" speed="13.51" pos="4.93" lane="2/2to2/1_0" slope="0.00"/>
        <vehicle id="44" x="401.65" y="99.55" angle="180.00" type="DEFAULT_VEHTYPE" speed="13.79" pos="99.55" lane="2/0to2/1_0" slope="0.00"/>
        <vehicle id="46" x="401.65" y="663.15" angle="180.00" type="DEFAULT_VEHTYPE" speed="13.24" pos="58.40" lane="2/3to2/4_0" slope="0.00"/>
        <vehicle id="47" x="13.37" y="398.35" angle="90.00" type="DEFAULT_VEHTYPE" speed="13.70" pos="13.37" lane="0/2to1/2_0" slope="0.00"/>
        <vehicle id="49" x="183.10" y="398.35" angle="90.00" type="DEFAULT_VEHTYPE" speed="8.08" pos="183.10" lane="0/2to1/2_0" slope="0.00"/>
        <vehicle id="6" x="201.65" y="306.89" angle="180.00" type="DEFAULT_VEHTYPE" speed="12.86" pos="102.14" lane="1/1to1/2_0" slope="0.00"/>
    </timestep>
    <timestep time="758.00">
        <vehicle id="1" x="305.09" y="201.65" angle="-90.00" type="DEFAULT_VEHTYPE" speed="13.17" pos="90.16" lane="2/1to1/1_0" slope="0.00"/>
        <vehicle id="11" x="401.65" y="723.52" angle="180.00" type="DEFAULT_VEHTYPE" speed="13.76" pos="118.77" lane="2/3to2/4_0" slope="0.00"/>
        <vehicle id="13" x="536.33" y="401.65" angle="-90.00" type="DEFAULT_VEHTYPE" speed="13.04" pos="58.92" lane="3/2to2/2_0" slope="0.00"/>
        <vehicle id="17" x="398.35" y="745.49" angle="0.00" type="DEFAULT_VEHTYPE" speed="13.31" pos="54.51" lane="2/4to2/3_0" slope="0.00"/>
        <vehicle id="2" x="405.08" y="401.65" angle="-90.00" type="DEFAULT_VEHTYPE" speed="2.33" pos="190.17" lane="3/2to2/2_0" slope="0.00"/>
        <vehicle id="21" x="201.65" y="433.42" angle="180.00" type="DEFAULT_VEHTYPE" speed="13.82" pos="28.67" lane="1/2to1/3_0" slope="0.00"/>
        <vehicle id="23" x="78.22" y="401.65" angle="-90.00" type="DEFAULT_VEHTYPE" speed="13.69" pos="117.03" lane="1/2to0/2_0" slope="0.00"/>
        <vehicle id="25" x="601.65" y="415.91" angle="180.00" type="DEFAULT_VEHTYPE" speed="13.61" pos="11.16" lane="3/2to3/3_0" slope="0.00"/>
        <vehicle id="27" x="401.65" y="611.40" angle="180.00" type="DEFAULT_VEHTYPE" speed="9.35" pos="6.65" lane="2/3to2/4_0" slope="0.00"/>
        <vehicle id="29" x="601.65" y="446.35" angle="180.00" type="DEFAULT_VEHTYPE" speed="13.13" pos="41.60" lane="3/2to3/3_0" slope="0.00"/>
        <vehicle id="3" x="398.35" y="557.09" angle="0.00" type="DEFAULT_VEHTYPE" speed="12.89" pos="38.16" lane="2/3to2/2_0" slope="0.00"/>
        <vehicle id="32" x="55.63" y="198.35" angle="90.00" type="DEFAULT_VEHTYPE" speed="12.77" pos="55.63" lane="0/1to1/1_0" slope="0.00"/>
        <vehicle id="37" x="198.35" y="134.07" angle="0.00" type="DEFAULT_VEHTYPE" speed="13.35" pos="61.18" lane="1/1to1/0_0" slope="0.00"/>
        <vehicle id="38" x="300.22" y="401.65" angle="-90.00" type="DEFAULT_VEHTYPE" speed="12.89" pos="95.03" lane="2/2to1/2_0" slope="0.00"/>
        <vehicle id="4" x="200.34" y="-1.48" angle="28.28" type="DEFAULT_VEHTYPE" speed="12.70" pos="2.79" lane=":1/0_0_0" slope="0.00"/>
        <vehicle id="41" x="201.65" y="361.68" angle="180.00" type="DEFAULT_VEHTYPE" speed="13.26" pos="156.93" lane="1/1to1/2_0" slope="0.00"/>
        <vehicle id="42" x="601.65" y="354.22" angle="180.00" type="DEFAULT_VEHTYPE" speed="13.26" pos="149.47" lane="3/1to3/2_0" slope="0.00"/>
        <vehicle id="43" x="398.35" y="377.48" angle="0.00" type="DEFAULT_VEHTYPE" speed="12.84" pos="17.77" lane="2/2to2/1_0" slope="0.00"/>
        <vehicle id="44" x="401.65" y="112.56" angle="180.00" type="DEFAULT_VEHTYPE" speed="13.01" pos="112.56" lane="2/0to2/1_0" slope="0.00"/>
        <vehicle id="46" x="401.65" y="675.80" angle="180.00" type="DEFAULT_VEHTYPE" speed="12.65" pos="71.05" lane="2/3to2/4_0" slope="0.00"/>
        <vehicle id="47" x="26.74" y="398.35" angle="90.00" type="DEFAULT_VEHTYPE" speed="13.37" pos="26.74" lane="0/2to1/2_0" slope="0.00"/>
        <vehicle id="49" x="187.79" y="398.35" angle="90.00" type="DEFAULT_VEHTYPE" speed="4.69" pos="187.79" lane="0/2to1/2_0" slope="0.00"/>
        <vehicle id="6" x="201.65" y="320.58" angle="180.00" type="DEFAULT_VEHTYPE" speed="13.69" pos="115.83" lane="1/1to1/2_0" slope="0.00"/>
    </timestep>
    <timestep time="759.00">
        <vehicle id="1" x="291.21" y="201.65" angle="-90.00" type="DEFAULT_VEHTYPE" speed="13.88" pos="104.04" lane="2/1to1/1_0" slope="0.00"/>
        <vehicle id="11" x="401.65" y="737.26" angle="180.00" type="DEFAULT_VEHTYPE" speed="13.75" pos="132.51" lane="2/3to2/4_0" slope="0.00"/>
        <vehicle id="13" x="523.59" y="401.65" angle="-90.00" type="DEFAULT_VEHTYPE" speed="12.73" pos="71.66" lane="3/2to2/2_0" slope="0.00"/>
        <vehicle id="17" x="398.35" y="731.78" angle="0.00" type="DEFAULT_VEHTYPE" speed="13.70" pos="68.22" lane="2/4to2/3_0" slope="0.00"/>
        <vehicle id="2" x="400.87" y="401.65" angle="-90.00" type="DEFAULT_VEHTYPE" speed="4.22" pos="3.88" lane=":2/2_5_0" slope="0.00"/>
        <vehicle id="21" x="201.65" y="446.60" angle="180.00" type="DEFAULT_VEHTYPE" speed="13.18" pos="41.85" lane="1/2to1/3_0" slope="0.00"/>
        <vehicle id="23" x="65.07" y="401.65" angle="-90.00" type="DEFAULT_VEHTYPE" speed="13.15" pos="130.18" lane="1/2to0/2_0" slope="0.00"/>
        <vehicle id="25" x="601.65" y="428.65" angle="180.00" type="DEFAULT_VEHTYPE" speed="12.74" pos="23.90" lane="3/2to3/3_0" slope="0.00"/>
        <vehicle id="27" x="401.65" y="622.99" angle="180.00" type="DEFAULT_VEHTYPE" speed="11.60" pos="18.24" lane="2/3to2/4_0" slope="0.00"/>
        <vehicle id="29" x="601.65" y="460.06" angle="180.00" type="DEFAULT_VEHTYPE" speed="13.72" pos="55.31" lane="3/2to3/3_0" slope="0.00"/>
        <vehicle id="3" x="398.35" y="543.28" angle="0.00" type="DEFAULT_VEHTYPE" speed="13.80" pos="51.97" lane="2/3to2/2_0" slope="0.00"/>
        <vehicle id="32" x="68.40" y="198.35" angle="90.00" type="DEFAULT_VEHTYPE" speed="12.76" pos="68.40" lane="0/1to1/1_0" slope="0.00"/>
        <vehicle id="37" x="198.35" y="120.98" angle="0.00" type="DEFAULT_VEHTYPE" speed="13.09" pos="74.27" lane="1/1to1/0_0" slope="0.00"/>
        <vehicle id="38" x="286.70" y="401.65" angle="-90.00" type="DEFAULT_VEHTYPE" speed="13.52" pos="108.55" lane="2/2to1/2_0" slope="0.00"/>
        <vehicle id="4" x="201.65" y="10.81" angle="180.00" type="DEFAULT_VEHTYPE" speed="12.84" pos="10.81" lane="1/0to1/1_0" slope="0.00"/>
        <vehicle id="41" x="201.65" y="374.54" angle="180.00" type="DEFAULT_VEHTYPE" speed="12.86" pos="169.79" lane="1/1to1/2_0" slope="0.00"/>
        <vehicle id="42" x="601.65" y="367.51" angle="180.00" type="DEFAULT_VEHTYPE" speed="13.29" pos="162.76" lane="3/1to3/2_0" slope="0.00"/>
        <vehicle id="43" x="398.35" y="364.24" angle="0.00" type="DEFAULT_VEHTYPE" speed="13.24" pos="31.01" lane="2/2to2/1_0" slope="0.00"/>
        <vehicle id="44" x="401.65" y="125.84" angle="180.00" type="DEFAULT_VEHTYPE" speed="13.28" pos="125.84" lane="2/0to2/1_0" slope="0.00"/>
        <vehicle id="46" x="401.65" y="688.99" angle="180.00" type="DEFAULT_VEHTYPE" speed="13.19" pos="84.24" lane="2/3to2/4_0" slope="0.00"/>
        <vehicle id="47" x="39.90" y="398.35" angle="90.00" type="DEFAULT_VEHTYPE" speed="13.16" pos="39.90" lane="0/2to1/2_0" slope="0.00"/>
        <vehicle id="49" x="191.07" y="398.35" angle="90.00" type="DEFAULT_VEHTYPE" speed="3.28" pos="191.07" lane="0/2to1/2_0" slope="0.00"/>
        <vehicle id="6" x="201.65" y="333.53" angle="180.00" type="DEFAULT_VEHTYPE" speed="12.95" pos="128.78" lane="1/1to1/2_0" slope="0.00"/>
    </timestep>
    <timestep time="760.00">
        <vehicle id="1" x="278.06" y="201.65" angle="-90.00" type="DEFAULT_VEHTYPE" speed="13.15" pos="117.19" lane="2/1to1/1_0" slope="0.00"/>
        <vehicle id="11" x="401.65" y="750.61" angle="180.00" type="DEFAULT_VEHTYPE" speed="13.34" pos="145.86" lane="2/3to2/4_0" slope="0.00"/>
        <vehicle id="13" x="509.97" y="401.65" angle="-90.00" type="DEFAULT_VEHTYPE" speed="13.62" pos="85.28" lane="3/2to2/2_0" slope="0.00"/>
        <vehicle id="17" x="398.35" y="719.15" angle="0.00" type="DEFAULT_VEHTYPE" speed="12.63" pos="80.85" lane="2/4to2/3_0" slope="0.00"/>
        <vehicle id="2" x="394.16" y="401.65" angle="-90.00" type="DEFAULT_VEHTYPE" speed="6.70" pos="1.09" lane="2/2to1/2_0" slope="0.00"/>
        <vehicle id="21" x="201.65" y="460.27" angle="180.00" type="DEFAULT_VEHTYPE" speed="13.66" pos="55.52" lane="1/2to1/3_0" slope="0.00"/>
        <vehicle id="23" x="51.30" y="401.65" angle="-90.00" type="DEFAULT_VEHTYPE" speed="13.77" pos="143.95" lane="1/2to0/2_0" slope="0.00"/>
        <vehicle id="25" x="601.65" y="442.04" angle="180.00" type="DEFAULT_VEHTYPE" speed="13.39" pos="37.29" lane="3/2to3/3_0" slope="0.00"/>
        <vehicle id="27" x="401.65" y="636.35" angle="180.00" type="DEFAULT_VEHTYPE" speed="13.36" pos="31.60" lane="2/3to2/4_0" slope="0.00"/>
        <vehicle id="29" x="601.65" y="473.78" angle="180.00" type="DEFAULT_VEHTYPE" speed="13.71" pos="69.03" lane="3/2to3/3_0" slope="0.00"/>
        <vehicle id="3" x="398.35" y="529.99" angle="0.00" type="DEFAULT_VEHTYPE" speed="13.29" pos="65.26" lane="2/3to2/2_0" slope="0.00"/>
        <vehicle id="32" x="81.46" y="198.35" angle="90.00" type="DEFAULT_VEHTYPE" speed="13.07" pos="81.46" lane="0/1to1/1_0" slope="0.00"/>
        <vehicle id="37" x="198.35" y="107.36" angle="0.00" type="DEFAULT_VEHTYPE" speed="13.62" pos="87.89" lane="1/1to1/0_0" slope="0.00"/>
        <vehicle id="38" x="273.35" y="401.65" angle="-90.00" type="DEFAULT_VEHTYPE" speed="13.35" pos="121.90" lane="2/2to1/2_0" slope="0.00"/>
        <vehicle id="4" x="201.65" y="24.63" angle="180.00" type="DEFAULT_VEHTYPE" speed="13.82" pos="24.63" lane="1/0to1/1_0" slope="0.00"/>
        <vehicle id="41" x="201.65" y="388.38" angle="180.00" type="DEFAULT_VEHTYPE" speed="13.84" pos="183.63" lane="1/1to1/2_0" slope="0.00"/>
        <vehicle id="42" x="601.65" y="380.75" angle="180.00" type="DEFAULT_VEHTYPE" speed="13.24" pos="176.00" lane="3/1to3/2_0" slope="0.00"/>
        <vehicle id="43" x="398.35" y="350.68" angle="0.00" type="DEFAULT_VEHTYPE" speed="13.55" pos="44.57" lane="2/2to2/1_0" slope="0.00"/>
        <vehicle id="44" x="401.65" y="138.67" angle="180.00" type="DEFAULT_VEHTYPE" speed="12.83" pos="138.67" lane="2/0to2/1_0" slope="0.00"/>
        <vehicle id="46" x="401.65" y="702.15" angle="180.00" type="DEFAULT_VEHTYPE" speed="13.16" pos="97.40" lane="2/3to2/4_0" slope="0.00"/>
        <vehicle id="47" x="53.08" y="398.35" angle="90.00" type="DEFAULT_VEHTYPE" speed="13.18" pos="53.08" lane="0/2to1/2_0" slope="0.00"/>
        <vehicle id="49" x="192.49" y="398.35" angle="90.00" type="DEFAULT_VEHTYPE" speed="1.42" pos="192.49" lane="0/2to1/2_0" slope="0.00"/>
        <vehicle id="6" x="201.65" y="347.43" angle="180.00" type="DEFAULT_VEHTYPE" speed="13.90" pos="142.68" lane="1/1to1/2_0" slope="0.00"/>
    </timestep>
    <timestep time="761.00">
        <vehicle id="1" x="264.39" y="201.65" angle="-90.00" type="DEFAULT_VEHTYPE" speed="13.67" pos="130.86" lane="2/1to1/1_0" slope="0.00"/>
        <vehicle id="11" x="401.65" y="764.36" angle="180.00" type="DEFAULT_VEHTYPE" speed="13.75" pos="159.61" lane="2/3to2/4_0" slope="0.00"/>
        <vehicle id="13" x="496.47" y="401.65" angle="-90.00" type="DEFAULT_VEHTYPE" speed="13.51" pos="98.78" lane="3/2to2/2_0" slope="0.00"/>
        <vehicle id="17" x="398.35" y="706.18" angle="0.00" type="DEFAULT_VEHTYPE" speed="12.98" pos="93.82" lane="2/4to2/3_0" slope="0.00"/>
        <vehicle id="2" x="385.98" y="401.65" angle="-90.00" type="DEFAULT_VEHTYPE" speed="8.18" pos="9.27" lane="2/2to1/2_0" slope="0.00"/>
        <vehicle id="21" x="201.65" y="472.90" angle="180.00" type="DEFAULT_VEHTYPE" speed="12.63" pos="68.15" lane="1/2to1/3_0" slope="0.00"/>
        <vehicle id="23" x="37.96" y="401.65" angle="-90.00" type="DEFAULT_VEHTYPE" speed="13.34" pos="157.29" lane="1/2to0/2_0" slope="0.00"/>
        <vehicle id="25" x="601.65" y="455.63" angle="180.00" type="DEFAULT_VEHTYPE" speed="13.59" pos="50.88" lane="3/2to3/3_0" slope="0.00"/>
        <vehicle id="27" x="401.65" y="649.06" angle="180.00" type="DEFAULT_VEHTYPE" speed="12.71" pos="44.31" lane="2/3to2/4_0" slope="0.00"/>
        <vehicle id="29" x="601.65" y="486.88" angle="180.00" type="DEFAULT_VEHTYPE" speed="13.10" pos="82.13" lane="3/2to3/3_0" slope="0.00"/>
        <vehicle id="3" x="398.35" y="516.52" angle="0.00" type="DEFAULT_VEHTYPE" speed="13.47" pos="78.73" lane="2/3to2/2_0" slope="0.00"/>
        <vehicle id="32" x="95.04" y="198.35" angle="90.00" type="DEFAULT_VEHTYPE" speed="13.58" pos="95.04" lane="0/1to1/1_0" slope="0.00"/>
        <vehicle id="37" x="198.35" y="93.51" angle="0.00" type="DEFAULT_VEHTYPE" speed="13.85" pos="101.74" lane="1/1to1/0_0" slope="0.00"/>
        <vehicle id="38" x="260.67" y="401.65" angle="-90.00" type="DEFAULT_VEHTYPE" speed="12.68" pos="134.58" lane="2/2to1/2_0" slope="0.00"/>
        <vehicle id="4" x="201.65" y="37.61" angle="180.00" type="DEFAULT_VEHTYPE" speed="12.98" pos="37.61" lane="1/0to1/1_0" slope="0.00"/>
        <vehicle id="41" x="201.65" y="401.23" angle="180.00" type="DEFAULT_VEHTYPE" speed="12.85" pos="5.98" lane=":1/2_9_0" slope="0.00"/>
        <vehicle id="42" x="601.65" y="393.47" angle="180.00" type="DEFAULT_VEHTYPE" speed="12.72" pos="188.72" lane="3/1to3/2_0" slope="0.00"/>
        <vehicle id="43" x="398.35" y="337.10" angle="0.00" type="DEFAULT_VEHTYPE" speed="13.59" pos="58.15" lane="2/2to2/1_0" slope="0.00"/>
        <vehicle id="44" x="401.65" y="152.33" angle="180.00" type="DEFAULT_VEHTYPE" speed="13.67" pos="152.33" lane="2/0to2/1_0" slope="0.00"/>
        <vehicle id="46" x="401.65" y="715.21" angle="180.00" type="DEFAULT_VEHTYPE" speed="13.06" pos="110.46" lane="2/3to2/4_0" slope="0.00"/>
        <vehicle id="47" x="66.03" y="398.35" angle="90.00" type="DEFAULT_VEHTYPE" speed="12.95" pos="66.03" lane="0/2to1/2_0" slope="0.00"/>
        <vehicle id="49" x="192.68" y="398.35" angle="90.00" type="DEFAULT_VEHTYPE" speed="0.19" pos="192.68" lane="0/2to1/2_0" slope="0.00"/>
        <vehicle id="6" x="201.65" y="360.29" angle="180.00" type="DEFAULT_VEHTYPE" speed="12.86" pos="155.54" lane="1/1to1/2_0" slope="0.00"/>
    </timestep>
    <timestep time="762.00">
        <vehicle id="1" x="250.65" y="201.65" angle="-90.00" type="DEFAULT_VEHTYPE" speed="13.75" pos="144.60" lane="2/1to1/1_0" slope="0.00"/>
        <vehicle id="11" x="401.65" y="777.85" angle="180.00" type="DEFAULT_VEHTYPE" speed="13.49" pos="173.10" lane="2/3to2/4_0" slope="0.00"/>
        <vehicle id="13" x="483.20" y="401.65" angle="-90.00" type="DEFAULT_VEHTYPE" speed="13.27" pos="112.05" lane="3/2to2/2_0" slope="0.00"/>
        <vehicle id="17" x="398.35" y="693.33" angle="0.00" type="DEFAULT_VEHTYPE" speed="12.85" pos="106.67" lane="2/4to2/3_0" slope="0.00"/>
        <vehicle id="2" x="375.75" y="401.65" angle="-90.00" type="DEFAULT_VEHTYPE" speed="10.23" pos="19.50" lane="2/2to1/2_0" slope="0.00"/>
        <vehicle id="21" x="201.65" y="486.46" angle="180.00" type="DEFAULT_VEHTYPE" speed="13.57" pos="81.71" lane="1/2to1/3_0" slope="0.00"/>
        <vehicle id="23" x="25.04" y="401.65" angle="-90.00" type="DEFAULT_VEHTYPE" speed="12.92" pos="170.21" lane="1/2to0/2_0" slope="0.00"/>
        <vehicle id="25" x="601.65" y="469.28" angle="180.00" type="DEFAULT_VEHTYPE" speed="13.66" pos="64.53" lane="3/2to3/3_0" slope="0.00"/>
        <vehicle id="27" x="401.65" y="662.27" angle="180.00" type="DEFAULT_VEHTYPE" speed="13.21" pos="57.52" lane="2/3to2/4_0" slope="0.00"/>
        <vehicle id="29" x="601.65" y="500.68" angle="180.00" type="DEFAULT_VEHTYPE" speed="13.80" pos="95.93" lane="3/2to3/3_0" slope="0.00"/>
        <vehicle id="3" x="398.35" y="503.21" angle="0.00" type="DEFAULT_VEHTYPE" speed="13.31" pos="92.04" lane="2/3to2/2_0" slope="0.00"/>
        <vehicle id="32" x="108.03" y="198.35" angle="90.00" type="DEFAULT_VEHTYPE" speed="12.99" pos="108.03" lane="0/1to1/1_0" slope="0.00"/>
        <vehicle id="37" x="198.35" y="80.27" angle="0.00" type="DEFAULT_VEHTYPE" speed="13.24" pos="114.98" lane="1/1to1/0_0" slope="0.00"/>
        <vehicle id="38" x="247.99" y="401.65" angle="-90.00" type="DEFAULT_VEHTYPE" speed="12.68" pos="147.26" lane="2/2to1/2_0" slope="0.00"/>
        <vehicle id="4" x="201.65" y="50.45" angle="180.00" type="DEFAULT_VEHTYPE" speed="12.85" pos="50.45" lane="1/0to1/1_0" slope="0.00"/>
        <vehicle id="41" x="201.65" y="414.62" angle="180.00" type="DEFAULT_VEHTYPE" speed="13.39" pos="9.87" lane="1/2to1/3_0" slope="0.00"/>
        <vehicle id="42" x="601.65" y="406.19" angle="180.00" type="DEFAULT_VEHTYPE" speed="12.72" pos="1.44" lane="3/2to3/3_0" slope="0.00"/>
        <vehicle id="43" x="398.35" y="324.45" angle="0.00" type="DEFAULT_VEHTYPE" speed="12.65" pos="70.80" lane="2/2to2/1_0" slope="0.00"/>
        <vehicle id="44" x="401.65" y="165.21" angle="180.00" type="DEFAULT_VEHTYPE" speed="12.88" pos="165.21" lane="2/0to2/1_0" slope="0.00"/>
        <vehicle id="46" x="401.65" y="728.01" angle="180.00" type="DEFAULT_VEHTYPE" speed="12.80" pos="123.26" lane="2/3to2/4_0" slope="0.00"/>
        <vehicle id="47" x="79.69" y="398.35" angle="90.00" type="DEFAULT_VEHTYPE" speed="13.66" pos="79.69" lane="0/2to1/2_0" slope="0.00"/>
        <vehicle id="49" x="192.72" y="398.35" angle="90.00" type="DEFAULT_VEHTYPE" speed="0.04" pos="192.72" lane="0/2to1/2_0" slope="0.00"/>
        <vehicle id="6" x="201.65" y="373.69" angle="180.00" type="DEFAULT_VEHTYPE" speed="13.40" pos="168.94" lane="1/1to1/2_0" slope="0.00"/>
    </timestep>
    <timestep time="763.00">
        <vehicle id="1" x="237.83" y="201.65" angle="-90.00" type="DEFAULT_VEHTYPE" speed="12.81" pos="157.42" lane="2/1to1/1_0" slope="0.00"/>
        <vehicle id="11" x="401.65" y="791.23" angle="180.00" type="DEFAULT_VEHTYPE" speed="13.38" pos="186.48" lane="2/3to2/4_0" slope="0.00"/>
        <vehicle id="13" x="469.38" y="401.65" angle="-90.00" type="DEFAULT_VEHTYPE" speed="13.82" pos="125.87" lane="3/2to2/2_0" slope="0.00"/>
        <vehicle id="17" x="398.35" y="680.20" angle="0.00" type="DEFAULT_VEHTYPE" speed="13.13" pos="119.80" lane="2/4to2/3_0" slope="0.00"/>
        <vehicle id="2" x="363.62" y="401.65" angle="-90.00" type="DEFAULT_VEHTYPE" speed="12.13" pos="31.63" lane="2/2to1/2_0" slope="0.00"/>
        <vehicle id="21" x="201.65" y="499.58" angle="180.00" type="DEFAULT_VEHTYPE" speed="13.12" pos="94.83" lane="1/2to1/3_0" slope="0.00"/>
        <vehicle id="23" x="11.76" y="401.65" angle="-90.00" type="DEFAULT_VEHTYPE" speed="13.28" pos="183.49" lane="1/2to0/2_0" slope="0.00"/>
        <vehicle id="25" x="601.65" y="483.16" angle="180.00" type="DEFAULT_VEHTYPE" speed="13.88" pos="78.41" lane="3/2to3/3_0" slope="0.00"/>
        <vehicle id="27" x="401.65" y="675.04" angle="180.00" type="DEFAULT_VEHTYPE" speed="12.77" pos="70.29" lane="2/3to2/4_0" slope="0.00"/>
        <vehicle id="29" x="601.65" y="513.72" angle="180.00" type="DEFAULT_VEHTYPE" speed="13.04" pos="108.97" lane="3/2to3/3_0" slope="0.00"/>
        <vehicle id="3" x="398.35" y="489.80" angle="0.00" type="DEFAULT_VEHTYPE" speed="13.41" pos="105.45" lane="2/3to2/2_0" slope="0.00"/>
        <vehicle id="32" x="121.77" y="198.35" angle="90.00" type="DEFAULT_VEHTYPE" speed="13.74" pos="121.77" lane="0/1to1/1_0" slope="0.00"/>
        <vehicle id="37" x="198.35" y="67.37" angle="0.00" type="DEFAULT_VEHTYPE" speed="12.90" pos="127.88" lane="1/1to1/0_0" slope="0.00"/>
        <vehicle id="38" x="234.17" y="401.65" angle="-90.00" type="DEFAULT_VEHTYPE" speed="13.82" pos="161.08" lane="2/2to1/2_0" slope="0.00"/>
        <vehicle id="4" x="201.65" y="63.48" angle="180.00" type="DEFAULT_VEHTYPE" speed="13.03" pos="63.48" lane="1/0to1/1_0" slope="0.00"/>
        <vehicle id="41" x="201.65" y="428.39" angle="180.00" type="DEFAULT_VEHTYPE" speed="13.78" pos="23.64" lane="1/2to1/3_0" slope="0.00"/>
        <vehicle id="42" x="601.65" y="419.56" angle="180.00" type="DEFAULT_VEHTYPE" speed="13.36" pos="14.81" lane="3/2to3/3_0" slope="0.00"/>
        <vehicle id="43" x="398.35" y="311.49" angle="0.00" type="DEFAULT_VEHTYPE" speed="12.95" pos="83.76" lane="2/2to2/1_0" slope="0.00"/>
        <vehicle id="44" x="401.65" y="178.11" angle="180.00" type="DEFAULT_VEHTYPE" speed="12.90" pos="178.11" lane="2/0to2/1_0" slope="0.00"/>
        <vehicle id="46" x="401.65" y="741.03" angle="180.00" type="DEFAULT_VEHTYPE" speed="13.02" pos="136.28" lane="2/3to2/4_0" slope="0.00"/>
        <vehicle id="47" x="92.71" y="398.35" angle="90.00" type="DEFAULT_VEHTYPE" speed="13.02" pos="92.71" lane="0/2to1/2_0" slope="0.00"/>
        <vehicle id="49" x="192.74" y="398.35" angle="90.00" type="DEFAULT_VEHTYPE" speed="0.02" pos="192.74" lane="0/2to1/2_0" slope="0.00"/>
        <vehicle id="6" x="201.65" y="387.15" angle="180.00" type="DEFAULT_VEHTYPE" speed="13.46" pos="182.40" lane="1/1to1/2_0" slope="0.00"/>
    </timestep>
    <timestep time="764.00">
        <vehicle id="1" x="226.16" y="201.65" angle="-90.00" type="DEFAULT_VEHTYPE" speed="11.67" pos="169.09" lane="2/1to1/1_0" slope="0.00"/>
        <vehicle id="11" x="398.86" y="800.77" angle="-123.86" type="DEFAULT_VEHTYPE" speed="12.66" pos="3.90" lane=":2/4_0_0" slope="0.00"/>
        <vehicle id="13" x="456.10" y="401.65" angle="-90.00" type="DEFAULT_VEHTYPE" speed="13.28" pos="139.15" lane="3/2to2/2_0" slope="0.00"/>
        <vehicle id="17" x="398.35" y="666.84" angle="0.00" type="DEFAULT_VEHTYPE" speed="13.36" pos="133.16" lane="2/4to2/3_0" slope="0.00"/>
        <vehicle id="2" x="350.37" y="401.65" angle="-90.00" type="DEFAULT_VEHTYPE" speed="13.25" pos="44.88" lane="2/2to1/2_0" slope="0.00"/>
        <vehicle id="21" x="201.65" y="513.42" angle="180.00" type="DEFAULT_VEHTYPE" speed="13.84" pos="108.67" lane="1/2to1/3_0" slope="0.00"/>
        <vehicle id="23" x="-1.50" y="400.30" angle="-73.08" type="DEFAULT_VEHTYPE" speed="13.83" pos="2.07" lane=":0/2_0_0" slope="0.00"/>
        <vehicle id="25" x="601.65" y="496.85" angle="180.00" type="DEFAULT_VEHTYPE" speed="13.69" pos="92.10" lane="3/2to3/3_0" slope="0.00"/>
        <vehicle id="27" x="401.65" y="688.35" angle="180.00" type="DEFAULT_VEHTYPE" speed="13.31" pos="83.60" lane="2/3to2/4_0" slope="0.00"/>
        <vehicle id="29" x="601.65" y="526.91" angle="180.00" type="DEFAULT_VEHTYPE" speed="13.19" pos="122.16" lane="3/2to3/3_0" slope="0.00"/>
        <vehicle id="3" x="398.35" y="476.90" angle="0.00" type="DEFAULT_VEHTYPE" speed="12.90" pos="118.35" lane="2/3to2/2_0" slope="0.00"/>
        <vehicle id="32" x="134.65" y="198.35" angle="90.00" type="DEFAULT_VEHTYPE" speed="12.88" pos="134.65" lane="0/1to1/1_0" slope="0.00"/>
        <vehicle id="37" x="198.35" y="53.99" angle="0.00" type="DEFAULT_VEHTYPE" speed="13.38" pos="141.26" lane="1/1to1/0_0" slope="0.00"/>
        <vehicle id="38" x="222.49" y="401.65" angle="-90.00" type="DEFAULT_VEHTYPE" speed="11.69" pos="172.76" lane="2/2to1/2_0" slope="0.00"/>
        <vehicle id="4" x="201.65" y="76.34" angle="180.00" type="DEFAULT_VEHTYPE" speed="12.86" pos="76.34" lane="1/0to1/1_0" slope="0.00"/>
        <vehicle id="41" x="201.65" y="442.19" angle="180.00" type="DEFAULT_VEHTYPE" speed="13.80" pos="37.44" lane="1/2to1/3_0" slope="0.00"/>
        <vehicle id="42" x="601.65" y="433.40" angle="180.00" type="DEFAULT_VEHTYPE" speed="13.85" pos="28.65" lane="3/2to3/3_0" slope="0.00"/>
        <vehicle id="43" x="398.35" y="297.63" angle="0.00" type="DEFAULT_VEHTYPE" speed="13.86" pos="97.62" lane="2/2to2/1_0" slope="0.00"/>
        <vehicle id="44" x="401.65" y="191.72" angle="180.00" type="DEFAULT_VEHTYPE" speed="13.61" pos="191.72" lane="2/0to2/1_0" slope="0.00"/>
        <vehicle id="46" x="401.65" y="754.25" angle="180.00" type="DEFAULT_VEHTYPE" speed="13.23" pos="149.50" lane="2/3to2/4_0" slope="0.00"/>
        <vehicle id="47" x="106.20" y="398.35" angle="90.00" type="DEFAULT_VEHTYPE" speed="13.49" pos="106.20" lane="0/2to1/2_0" slope="0.00"/>
        <vehicle id="49" x="192.74" y="398.35" angle="90.00" type="DEFAULT_VEHTYPE" speed="0.00" pos="192.74" lane="0/2to1/2_0" slope="0.00"/>
        <vehicle id="6" x="201.65" y="400.25" angle="180.00" type="DEFAULT_VEHTYPE" speed="13.10" pos="5.00" lane=":1/2_9_0" slope="0.00"/>
    </timestep>
    <timestep time="765.00">
        <vehicle id="1" x="217.93" y="201.65" angle="-90.00" type="DEFAULT_VEHTYPE" speed="8.23" pos="177.32" lane="2/1to1/1_0" slope="0.00"/>
        <vehicle id="11" x="398.35" y="787.49" angle="0.00" type="DEFAULT_VEHTYPE" speed="13.43" pos="12.51" lane="2/4to2/3_0" slope="0.00"/>
        <vehicle id="13" x="443.11" y="401.65" angle="-90.00" type="DEFAULT_VEHTYPE" speed="12.99" pos="152.14" lane="3/2to2/2_0" slope="0.00"/>
        <vehicle id="17" x="398.35" y="653.64" angle="0.00" type="DEFAULT_VEHTYPE" speed="13.20" pos="146.36" lane="2/4to2/3_0" slope="0.00"/>
        <vehicle id="2" x="336.63" y="401.65" angle="-90.00" type="DEFAULT_VEHTYPE" speed="13.73" pos="58.62" lane="2/2to1/2_0" slope="0.00"/>
        <vehicle id="21" x="201.65" y="526.25" angle="180.00" type="DEFAULT_VEHTYPE" speed="12.83" pos="121.50" lane="1/2to1/3_0" slope="0.00"/>
        <vehicle id="23" x="10.22" y="398.35" angle="90.00" type="DEFAULT_VEHTYPE" speed="12.97" pos="10.22" lane="0/2to1/2_0" slope="0.00"/>
        <vehicle id="25" x="601.65" y="509.53" angle="180.00" type="DEFAULT_VEHTYPE" speed="12.68" pos="104.78" lane="3/2to3/3_0" slope="0.00"/>
        <vehicle id="27" x="401.65" y="701.96" angle="180.00" type="DEFAULT_VEHTYPE" speed="13.60" pos="97.21" lane="2/3to2/4_0" slope="0.00"/>
        <vehicle id="29" x="601.65" y="540.34" angle="180.00" type="DEFAULT_VEHTYPE" speed="13.42" pos="135.59" lane="3/2to3/3_0" slope="0.00"/>
        <vehicle id="3" x="398.35" y="463.65" angle="0.00" type="DEFAULT_VEHTYPE" speed="13.25" pos="131.60" lane="2/3to2/2_0" slope="0.00"/>
        <vehicle id="32" x="147.38" y="198.35" angle="90.00" type="DEFAULT_VEHTYPE" speed="12.73" pos="147.38" lane="0/1to1/1_0" slope="0.00"/>
        <vehicle id="37" x="198.35" y="40.87" angle="0.00" type="DEFAULT_VEHTYPE" speed="13.12" pos="154.38" lane="1/1to1/0_0" slope="0.00"/>
        <vehicle id="38" x="215.30" y="401.65" angle="-90.00" type="DEFAULT_VEHTYPE" speed="7.19" pos="179.95" lane="2/2to1/2_0" slope="0.00"/>
        <vehicle id="4" x="201.65" y="90.10" angle="180.00" type="DEFAULT_VEHTYPE" speed="13.77" pos="90.10" lane="1/0to1/1_0" slope="0.00"/>
        <vehicle id="41" x="201.65" y="454.96" angle="180.00" type="DEFAULT_VEHTYPE" speed="12.77" pos="50.21" lane="1/2to1/3_0" slope="0.00"/>
        <vehicle id="42" x="601.65" y="446.97" angle="180.00" type="DEFAULT_VEHTYPE" speed="13.57" pos="42.22" lane="3/2to3/3_0" slope="0.00"/>
        <vehicle id="43" x="398.35" y="284.75" angle="0.00" type="DEFAULT_VEHTYPE" speed="12.89" pos="110.50" lane="2/2to2/1_0" slope="0.00"/>
        <vehicle id="44" x="408.83" y="198.35" angle="91.46" type="DEFAULT_VEHTYPE" speed="12.62" pos="4.08" lane="2/1to3/1_0" slope="0.00"/>
        <vehicle id="46" x="401.65" y="767.73" angle="180.00" type="DEFAULT_VEHTYPE" speed="13.48" pos="162.98" lane="2/3to2/4_0" slope="0.00"/>
        <vehicle id="47" x="119.78" y="398.35" angle="90.00" type="DEFAULT_VEHTYPE" speed="13.58" pos="119.78" lane="0/2to1/2_0" slope="0.00"/>
        <vehicle id="49" x="192.74" y="398.35" angle="90.00" type="DEFAULT_VEHTYPE" speed="0.00" pos="192.74" lane="0/2to1/2_0" slope="0.00"/>
        <vehicle id="6" x="201.65" y="413.75" angle="180.00" type="DEFAULT_VEHTYPE" speed="13.50" pos="9.00" lane="1/2to1/3_0" slope="0.00"/>
    </timestep>
    <timestep time="766.00">
        <vehicle id="1" x="212.79" y="201.65" angle="-90.00" type="DEFAULT_VEHTYPE" speed="5.15" pos="182.46" lane="2/1to1/1_0" slope="0.00"/>
        <vehicle id="11" x="398.35" y="774.18" angle="0.00" type="DEFAULT_VEHTYPE" speed="13.31" pos="25.82" lane="2/4to2/3_0" slope="0.00"/>
        <vehicle id="13" x="429.80" y="401.65" angle="-90.00" type="DEFAULT_VEHTYPE" speed="13.31" pos="165.45" lane="3/2to2/2_0" slope="0.00"/>
        <vehicle id="17" x="398.35" y="640.07" angle="0.00" type="DEFAULT_VEHTYPE" speed="13.57" pos="159.93" lane="2/4to2/3_0" slope="0.00"/>
        <vehicle id="2" x="323.81" y="401.65" angle="-90.00" type="DEFAULT_VEHTYPE" speed="12.83" pos="71.44" lane="2/2to1/2_0" slope="0.00"/>
        <vehicle id="21" x="201.65" y="539.67" angle="180.00" type="DEFAULT_VEHTYPE" speed="13.42" pos="134.92" lane="1/2to1/3_0" slope="0.00"/>
        <vehicle id="23" x="23.71" y="398.35" angle="90.00" type="DEFAULT_VEHTYPE" speed="13.49" pos="23.71" lane="0/2to1/2_0" slope="0.00"/>
        <vehicle id="25" x="601.65" y="523.41" angle="180.00" type="DEFAULT_VEHTYPE" speed="13.88" pos="118.66" lane="3/2to3/3_0" slope="0.00"/>
        <vehicle id="27" x="401.65" y="714.82" angle="180.00" type="DEFAULT_VEHTYPE" speed="12.87" pos="110.07" lane="2/3to2/4_0" slope="0.00"/>
        <vehicle id="29" x="601.65" y="553.32" angle="180.00" type="DEFAULT_VEHTYPE" speed="12.98" pos="148.57" lane="3/2to3/3_0" slope="0.00"/>
        <vehicle id="3" x="398.35" y="450.49" angle="0.00" type="DEFAULT_VEHTYPE" speed="13.16" pos="144.76" lane="2/3to2/2_0" slope="0.00"/>
        <vehicle id="32" x="160.21" y="198.35" angle="90.00" type="DEFAULT_VEHTYPE" speed="12.83" pos="160.21" lane="0/1to1/1_0" slope="0.00"/>
        <vehicle id="37" x="198.35" y="28.02" angle="0.00" type="DEFAULT_VEHTYPE" speed="12.85" pos="167.23" lane="1/1to1/0_0" slope="0.00"/>
        <vehicle id="38" x="210.50" y="401.65" angle="-90.00" type="DEFAULT_VEHTYPE" speed="4.81" pos="184.75" lane="2/2to1/2_0" slope="0.00"/>
        <vehicle id="4" x="201.65" y="103.47" angle="180.00" type="DEFAULT_VEHTYPE" speed="13.37" pos="103.47" lane="1/0to1/1_0" slope="0.00"/>
        <vehicle id="41" x="201.65" y="468.01" angle="180.00" type="DEFAULT_VEHTYPE" speed="13.05" pos="63.26" lane="1/2to1/3_0" slope="0.00"/>
        <vehicle id="42" x="601.65" y="459.60" angle="180.00" type="DEFAULT_VEHTYPE" speed="12.63" pos="54.85" lane="3/2to3/3_0" slope="0.00"/>
        <vehicle id="43" x="398.35" y="271.28" angle="0.00" type="DEFAULT_VEHTYPE" speed="13.47" pos="123.97" lane="2/2to2/1_0" slope="0.00"/>
        <vehicle id="44" x="421.93" y="198.35" angle="90.00" type="DEFAULT_VEHTYPE" speed="13.09" pos="17.18" lane="2/1to3/1_0" slope="0.00"/>
        <vehicle id="46" x="401.65" y="781.55" angle="180.00" type="DEFAULT_VEHTYPE" speed="13.81" pos="176.80" lane="2/3to2/4_0" slope="0.00"/>
        <vehicle id="47" x="133.59" y="398.35" angle="90.00" type="DEFAULT_VEHTYPE" speed="13.81" pos="133.59" lane="0/2to1/2_0" slope="0.00"/>
        <vehicle id="49" x="192.74" y="398.35" angle="90.00" type="DEFAULT_VEHTYPE" speed="0.00" pos="192.74" lane="0/2to1/2_0" slope="0.00"/>
        <vehicle id="6" x="201.65" y="427.31" angle="180.00" type="DEFAULT_VEHTYPE" speed="13.56" pos="22.56" lane="1/2to1/3_0" slope="0.00"/>
    </timestep>
    <timestep time="767.00">
        <vehicle id="1" x="209.03" y="201.65" angle="-90.00" type="DEFAULT_VEHTYPE" speed="3.76" pos="186.22" lane="2/1to1/1_0" slope="0.00"/>
        <vehicle id="11" x="398.35" y="760.56" angle="0.00" type="DEFAULT_VEHTYPE" speed="13.61" pos="39.44" lane="2/4to2/3_0" slope="0.00"/>
        <vehicle id="13" x="420.32" y="401.65" angle="-90.00" type="DEFAULT_VEHTYPE" speed="9.48" pos="174.93" lane="3/2to2/2_0" slope="0.00"/>
        <vehicle id="17" x="398.35" y="626.49" angle="0.00" type="DEFAULT_VEHTYPE" speed="13.59" pos="173.51" lane="2/4to2/3_0" slope="0.00"/>
        <vehicle id="2" x="310.59" y="401.65" angle="-90.00" type="DEFAULT_VEHTYPE" speed="13.22" pos="84.66" lane="2/2to1/2_0" slope="0.00"/>
        <vehicle id="21" x="201.65" y="552.94" angle="180.00" type="DEFAULT_VEHTYPE" speed="13.28" pos="148.19" lane="1/2to1/3_0" slope="0.00"/>
        <vehicle id="23" x="37.52" y="398.35" angle="90.00" type="DEFAULT_VEHTYPE" speed="13.81" pos="37.52" lane="0/2to1/2_0" slope="0.00"/>
        <vehicle id="25" x="601.65" y="536.05" angle="180.00" type="DEFAULT_VEHTYPE" speed="12.64" pos="131.30" lane="3/2to3/3_0" slope="0.00"/>
        <vehicle id="27" x="401.65" y="727.83" angle="180.00" type="DEFAULT_VEHTYPE" speed="13.01" pos="123.08" lane="2/3to2/4_0" slope="0.00"/>
        <vehicle id="29" x="601.65" y="567.02" angle="180.00" type="DEFAULT_VEHTYPE" speed="13.70" pos="162.27" lane="3/2to3/3_0" slope="0.00"/>
        <vehicle id="3" x="398.35" y="436.95" angle="0.00" type="DEFAULT_VEHTYPE" speed="13.54" pos="158.30" lane="2/3to2/2_0" slope="0.00"/>
        <vehicle id="32" x="172.46" y="198.35" angle="90.00" type="DEFAULT_VEHTYPE" speed="12.25" pos="172.46" lane="0/1to1/1_0" slope="0.00"/>
        <vehicle id="37" x="198.35" y="14.79" angle="0.00" type="DEFAULT_VEHTYPE" speed="13.22" pos="180.46" lane="1/1to1/0_0" slope="0.00"/>
        <vehicle id="38" x="204.14" y="401.65" angle="-90.00" type="DEFAULT_VEHTYPE" speed="6.36" pos="0.61" lane=":1/2_5_0" slope="0.00"/>
        <vehicle id="4" x="201.65" y="117.36" angle="180.00" type="DEFAULT_VEHTYPE" speed="13.89" pos="117.36" lane="1/0to1/1_0" slope="0.00"/>
        <vehicle id="41" x="201.65" y="481.68" angle="180.00" type="DEFAULT_VEHTYPE" speed="13.67" pos="76.93" lane="1/2to1/3_0" slope="0.00"/>
        <vehicle id="42" x="601.65" y="473.32" angle="180.00" type="DEFAULT_VEHTYPE" speed="13.72" pos="68.57" lane="3/2to3/3_0" slope="0.00"/>
        <vehicle id="43" x="398.35" y="257.59" angle="0.00" type="DEFAULT_VEHTYPE" speed="13.69" pos="137.66" lane="2/2to2/1_0" slope="0.00"/>
        <vehicle id="44" x="434.62" y="198.35" angle="90.00" type="DEFAULT_VEHTYPE" speed="12.70" pos="29.87" lane="2/1to3/1_0" slope="0.00"/>
        <vehicle id="46" x="401.65" y="794.61" angle="180.00" type="DEFAULT_VEHTYPE" speed="13.06" pos="189.86" lane="2/3to2/4_0" slope="0.00"/>
        <vehicle id="47" x="146.49" y="398.35" angle="90.00" type="DEFAULT_VEHTYPE" speed="12.91" pos="146.49" lane="0/2to1/2_0" slope="0.00"/>
        <vehicle id="49" x="192.74" y="398.35" angle="90.00" type="DEFAULT_VEHTYPE" speed="0.00" pos="192.74" lane="0/2to1/2_0" slope="0.00"/>
        <vehicle id="6" x="201.65" y="440.18" angle="180.00" type="DEFAULT_VEHTYPE" speed="12.87" pos="35.43" lane="1/2to1/3_0" slope="0.00"/>
    </timestep>
    <timestep time="768.00">
        <vehicle id="1" x="203.38" y="201.85" angle="-92.27" type="DEFAULT_VEHTYPE" speed="5.66" pos="1.39" lane=":1/1_4_0" slope="0.00"/>
        <vehicle id="11" x="398.35" y="747.88" angle="0.00" type="DEFAULT_VEHTYPE" speed="12.69" pos="52.12" lane="2/4to2/3_0" slope="0.00"/>
        <vehicle id="13" x="414.12" y="401.65" angle="-90.00" type="DEFAULT_VEHTYPE" speed="6.20" pos="181.13" lane="3/2to2/2_0" slope="0.00"/>
        <vehicle id="17" x="398.35" y="613.62" angle="0.00" type="DEFAULT_VEHTYPE" speed="12.87" pos="186.38" lane="2/4to2/3_0" slope="0.00"/>
        <vehicle id="2" x="297.23" y="401.65" angle="-90.00" type="DEFAULT_VEHTYPE" speed="13.35" pos="98.02" lane="2/2to1/2_0" slope="0.00"/>
        <vehicle id="21" x="201.65" y="565.92" angle="180.00" type="DEFAULT_VEHTYPE" speed="12.98" pos="161.17" lane="1/2to1/3_0" slope="0.00"/>
        <vehicle id="23" x="50.99" y="398.35" angle="90.00" type="DEFAULT_VEHTYPE" speed="13.47" pos="50.99" lane="0/2to1/2_0" slope="0.00"/>
        <vehicle id="25" x="601.65" y="548.82" angle="180.00" type="DEFAULT_VEHTYPE" speed="12.77" pos="144.07" lane="3/2to3/3_0" slope="0.00"/>
        <vehicle id="27" x="401.65" y="741.55" angle="180.00" type="DEFAULT_VEHTYPE" speed="13.71" pos="136.80" lane="2/3to2/4_0" slope="0.00"/>
        <vehicle id="29" x="601.65" y="580.08" angle="180.00" type="DEFAULT_VEHTYPE" speed="13.05" pos="175.33" lane="3/2to3/3_0" slope="0.00"/>
        <vehicle id="3" x="398.35" y="423.22" angle="0.00" type="DEFAULT_VEHTYPE" speed="13.73" pos="172.03" lane="2/3to2/2_0" slope="0.00"/>
        <vehicle id="32" x="180.96" y="198.35" angle="90.00" type="DEFAULT_VEHTYPE" speed="8.50" pos="180.96" lane="0/1to1/1_0" slope="0.00"/>
        <vehicle id="37" x="198.35" y="1.42" angle="0.00" type="DEFAULT_VEHTYPE" speed="13.37" pos="193.83" lane="1/1to1/0_0" slope="0.00"/>
        <vehicle id="38" x="196.08" y="401.65" angle="-90.00" type="DEFAULT_VEHTYPE" speed="8.06" pos="8.67" lane=":1/2_5_0" slope="0.00"/>
        <vehicle id="4" x="201.65" y="130.34" angle="180.00" type="DEFAULT_VEHTYPE" speed="12.97" pos="130.34" lane="1/0to1/1_0" slope="0.00"/>
        <vehicle id="41" x="201.65" y="494.88" angle="180.00" type="DEFAULT_VEHTYPE" speed="13.21" pos="90.13" lane="1/2to1/3_0" slope="0.00"/>
        <vehicle id="42" x="601.65" y="486.66" angle="180.00" type="DEFAULT_VEHTYPE" speed="13.34" pos="81.91" lane="3/2to3/3_0" slope="0.00"/>
        <vehicle id="43" x="398.35" y="244.61" angle="0.00" type="DEFAULT_VEHTYPE" speed="12.98" pos="150.64" lane="2/2to2/1_0" slope="0.00"/>
        <vehicle id="44" x="447.56" y="198.35" angle="90.00" type="DEFAULT_VEHTYPE" speed="12.94" pos="42.81" lane="2/1to3/1_0" slope="0.00"/>
        <vehicle id="46" x="398.35" y="796.69" angle="-12.24" type="DEFAULT_VEHTYPE" speed="13.52" pos="3.31" lane="2/4to2/3_0" slope="0.00"/>
        <vehicle id="47" x="160.34" y="398.35" angle="90.00" type="DEFAULT_VEHTYPE" speed="13.85" pos="160.34" lane="0/2to1/2_0" slope="0.00"/>
        <vehicle id="49" x="192.74" y="398.35" angle="90.00" type="DEFAULT_VEHTYPE" speed="0.00" pos="192.74" lane="0/2to1/2_0" slope="0.00"/>
        <vehicle id="6" x="201.65" y="454.00" angle="180.00" type="DEFAULT_VEHTYPE" speed="13.81" pos="49.25" lane="1/2to1/3_0" slope="0.00"/>
    </timestep>
    <timestep time="769.00">
        <vehicle id="1" x="201.65" y="208.59" angle="-178.15" type="DEFAULT_VEHTYPE" speed="7.45" pos="3.84" lane="1/1to1/2_0" slope="0.00"/>
        <vehicle id="11" x="398.35" y="734.77" angle="0.00" type="DEFAULT_VEHTYPE" speed="13.11" pos="65.23" lane="2/4to2/3_0" slope="0.00"/>
        <vehicle id="13" x="409.72" y="401.65" angle="-90.00" type="DEFAULT_VEHTYPE" speed="4.41" pos="185.53" lane="3/2to2/2_0" slope="0.00"/>
        <vehicle id="17" x="398.35" y="600.94" angle="0.00" type="DEFAULT_VEHTYPE" speed="12.68" pos="3.81" lane=":2/3_1_0" slope="0.00"/>
        <vehicle id="2" x="284.60" y="401.65" angle="-90.00" type="DEFAULT_VEHTYPE" speed="12.64" pos="110.65" lane="2/2to1/2_0" slope="0.00"/>
        <vehicle id="21" x="201.65" y="579.21" angle="180.00" type="DEFAULT_VEHTYPE" speed="13.29" pos="174.46" lane="1/2to1/3_0" slope="0.00"/>
        <vehicle id="23" x="63.66" y="398.35" angle="90.00" type="DEFAULT_VEHTYPE" speed="12.67" pos="63.66" lane="0/2to1/2_0" slope="0.00"/>
        <vehicle id="25" x="601.65" y="562.06" angle="180.00" type="DEFAULT_VEHTYPE" speed="13.24" pos="157.31" lane="3/2to3/3_0" slope="0.00"/>
        <vehicle id="27" x="401.65" y="754.62" angle="180.00" type="DEFAULT_VEHTYPE" speed="13.08" pos="149.87" lane="2/3to2/4_0" slope="0.00"/>
        <vehicle id="29" x="601.65" y="593.62" angle="180.00" type="DEFAULT_VEHTYPE" speed="13.54" pos="188.87" lane="3/2to3/3_0" slope="0.00"/>
        <vehicle id="3" x="398.35" y="409.57" angle="0.00" type="DEFAULT_VEHTYPE" speed="13.65" pos="185.68" lane="2/3to2/2_0" slope="0.00"/>
        <vehicle id="32" x="187.54" y="198.35" angle="90.00" type="DEFAULT_VEHTYPE" speed="6.58" pos="187.54" lane="0/1to1/1_0" slope="0.00"/>
        <vehicle id="37" x="201.65" y="7.60" angle="180.00" type="DEFAULT_VEHTYPE" speed="13.85" pos="7.60" lane="1/0to1/1_0" slope="0.00"/>
        <vehicle id="38" x="186.64" y="401.65" angle="-90.00" type="DEFAULT_VEHTYPE" speed="9.43" pos="8.61" lane="1/2to0/2_0" slope="0.00"/>
        <vehicle id="4" x="201.65" y="144.21" angle="180.00" type="DEFAULT_VEHTYPE" speed="13.88" pos="144.21" lane="1/0to1/1_0" slope="0.00"/>
        <vehicle id="41" x="201.65" y="507.70" angle="180.00" type="DEFAULT_VEHTYPE" speed="12.82" pos="102.95" lane="1/2to1/3_0" slope="0.00"/>
        <vehicle id="42" x="601.65" y="500.21" angle="180.00" type="DEFAULT_VEHTYPE" speed="13.54" pos="95.46" lane="3/2to3/3_0" slope="0.00"/>
        <vehicle id="43" x="398.35" y="231.23" angle="0.00" type="DEFAULT_VEHTYPE" speed="13.38" pos="164.02" lane="2/2to2/1_0" slope="0.00"/>
        <vehicle id="44" x="461.22" y="198.35" angle="90.00" type="DEFAULT_VEHTYPE" speed="13.66" pos="56.47" lane="2/1to3/1_0" slope="0.00"/>
        <vehicle id="46" x="398.35" y="783.70" angle="0.00" type="DEFAULT_VEHTYPE" speed="12.99" pos="16.30" lane="2/4to2/3_0" slope="0.00"/>
        <vehicle id="47" x="171.09" y="398.35" angle="90.00" type="DEFAULT_VEHTYPE" speed="10.75" pos="171.09" lane="0/2to1/2_0" slope="0.00"/>
        <vehicle id="49" x="194.85" y="398.35" angle="90.00" type="DEFAULT_VEHTYPE" speed="2.11" pos="194.85" lane="0/2to1/2_0" slope="0.00"/>
        <vehicle id="6" x="201.65" y="467.53" angle="180.00" type="DEFAULT_VEHTYPE" speed="13.53" pos="62.78" lane="1/2to1/3_0" slope="0.00"/>
    </timestep>
    <timestep time="770.00">
        <vehicle id="1" x="201.65" y="218.13" angle="180.00" type="DEFAULT_VEHTYPE" speed="9.55" pos="13.38" lane="1/1to1/2_0" slope="0.00"/>
        <vehicle id="11" x="398.35" y="722.02" angle="0.00" type="DEFAULT_VEHTYPE" speed="12.75" pos="77.98" lane="2/4to2/3_0" slope="0.00"/>
        <vehicle id="13" x="408.64" y="401.65" angle="-90.00" type="DEFAULT_VEHTYPE" speed="1.08" pos="186.61" lane="3/2to2/2_0" slope="0.00"/>
        <vehicle id="17" x="398.35" y="587.43" angle="0.00" type="DEFAULT_VEHTYPE" speed="13.51" pos="7.82" lane="2/3to2/2_0" slope="0.00"/>
        <vehicle id="2" x="271.74" y="401.65" angle="-90.00" type="DEFAULT_VEHTYPE" speed="12.86" pos="123.51" lane="2/2to1/2_0" slope="0.00"/>
        <vehicle id="21" x="201.65" y="591.95" angle="180.00" type="DEFAULT_VEHTYPE" speed="12.75" pos="187.20" lane="1/2to1/3_0" slope="0.00"/>
        <vehicle id="23" x="77.45" y="398.35" angle="90.00" type="DEFAULT_VEHTYPE" speed="13.79" pos="77.45" lane="0/2to1/2_0" slope="0.00"/>
        <vehicle id="25" x="601.65" y="575.10" angle="180.00" type="DEFAULT_VEHTYPE" speed="13.04" pos="170.35" lane="3/2to3/3_0" slope="0.00"/>
        <vehicle id="27" x="401.65" y="767.71" angle="180.00" type="DEFAULT_VEHTYPE" speed="13.09" pos="162.96" lane="2/3to2/4_0" slope="0.00"/>
        <vehicle id="29" x="610.87" y="598.35" angle="90.00" type="DEFAULT_VEHTYPE" speed="12.75" pos="6.12" lane="3/3to4/3_0" slope="0.00"/>
        <vehicle id="3" x="391.52" y="401.65" angle="-87.98" type="DEFAULT_VEHTYPE" speed="13.55" pos="3.73" lane="2/2to1/2_0" slope="0.00"/>
        <vehicle id="32" x="190.85" y="198.35" angle="90.00" type="DEFAULT_VEHTYPE" speed="3.31" pos="190.85" lane="0/1to1/1_0" slope="0.00"/>
        <vehicle id="37" x="201.65" y="20.43" angle="180.00" type="DEFAULT_VEHTYPE" speed="12.83" pos="20.43" lane="1/0to1/1_0" slope="0.00"/>
        <vehicle id="38" x="175.60" y="401.65" angle="-90.00" type="DEFAULT_VEHTYPE" speed="11.04" pos="19.65" lane="1/2to0/2_0" slope="0.00"/>
        <vehicle id="4" x="201.65" y="156.85" angle="180.00" type="DEFAULT_VEHTYPE" speed="12.63" pos="156.85" lane="1/0to1/1_0" slope="0.00"/>
        <vehicle id="41" x="201.65" y="521.06" angle="180.00" type="DEFAULT_VEHTYPE" speed="13.36" pos="116.31" lane="1/2to1/3_0" slope="0.00"/>
        <vehicle id="42" x="601.65" y="512.90" angle="180.00" type="DEFAULT_VEHTYPE" speed="12.69" pos="108.15" lane="3/2to3/3_0" slope="0.00"/>
        <vehicle id="43" x="398.35" y="218.06" angle="0.00" type="DEFAULT_VEHTYPE" speed="13.17" pos="177.19" lane="2/2to2/1_0" slope="0.00"/>
        <vehicle id="44" x="475.08" y="198.35" angle="90.00" type="DEFAULT_VEHTYPE" speed="13.86" pos="70.33" lane="2/1to3/1_0" slope="0.00"/>
        <vehicle id="46" x="398.35" y="770.02" angle="0.00" type="DEFAULT_VEHTYPE" speed="13.68" pos="29.98" lane="2/4to2/3_0" slope="0.00"/>
        <vehicle id="47" x="179.21" y="398.35" angle="90.00" type="DEFAULT_VEHTYPE" speed="8.12" pos="179.21" lane="0/2to1/2_0" slope="0.00"/>
        <vehicle id="49" x="198.24" y="398.86" angle="95.90" type="DEFAULT_VEHTYPE" speed="3.44" pos="3.04" lane=":1/2_14_0" slope="0.00"/>
        <vehicle id="6" x="201.65" y="480.90" angle="180.00" type="DEFAULT_VEHTYPE" speed="13.37" pos="76.15" lane="1/2to1/3_0" slope="0.00"/>
    </timestep>
    <timestep time="771.00">
        <vehicle id="1" x="201.65" y="229.34" angle="180.00" type="DEFAULT_VEHTYPE" speed="11.21" pos="24.59" lane="1/1to1/2_0" slope="0.00"/>
        <vehicle id="11" x="398.35" y="708.82" angle="0.00" type="DEFAULT_VEHTYPE" speed="13.19" pos="91.18" lane="2/4to2/3_0" slope="0.00"/>
        <vehicle id="13" x="407.87" y="401.65" angle="-90.00" type="DEFAULT_VEHTYPE" speed="0.77" pos="187.38" lane="3/2to2/2_0" slope="0.00"/>
        <vehicle id="17" x="398.35" y="574.82" angle="0.00" type="DEFAULT_VEHTYPE" speed="12.61" pos="20.43" lane="2/3to2/2_0" slope="0.00"/>
        <vehicle id="2" x="258.78" y="401.65" angle="-90.00" type="DEFAULT_VEHTYPE" speed="12.96" pos="136.47" lane="2/2to1/2_0" slope="0.00"/>
        <vehicle id="21" x="209.75" y="598.35" angle="90.01" type="DEFAULT_VEHTYPE" speed="13.29" pos="5.00" lane="1/3to2/3_0" slope="0.00"/>
        <vehicle id="23" x="90.24" y="398.35" angle="90.00" type="DEFAULT_VEHTYPE" speed="12.80" pos="90.24" lane="0/2to1/2_0" slope="0.00"/>
        <vehicle id="25" x="601.65" y="588.62" angle="180.00" type="DEFAULT_VEHTYPE" speed="13.52" pos="183.87" lane="3/2to3/3_0" slope="0.00"/>
        <vehicle id="27" x="401.65" y="781.51" angle="180.00" type="DEFAULT_VEHTYPE" speed="13.80" pos="176.76" lane="2/3to2/4_0" slope="0.00"/>
        <vehicle id="29" x="624.74" y="598.35" angle="90.00" type="DEFAULT_VEHTYPE" speed="13.87" pos="19.99" lane="3/3to4/3_0" slope="0.00"/>
        <vehicle id="3" x="377.65" y="401.65" angle="-90.00" type="DEFAULT_VEHTYPE" speed="13.87" pos="17.60" lane="2/2to1/2_0" slope="0.00"/>
        <vehicle id="32" x="196.07" y="198.24" angle="88.69" type="DEFAULT_VEHTYPE" speed="5.23" pos="0.83" lane=":1/1_12_0" slope="0.00"/>
        <vehicle id="37" x="201.65" y="33.10" angle="180.00" type="DEFAULT_VEHTYPE" speed="12.67" pos="33.10" lane="1/0to1/1_0" slope="0.00"/>
        <vehicle id="38" x="162.25" y="401.65" angle="-90.00" type="DEFAULT_VEHTYPE" speed="13.35" pos="33.00" lane="1/2to0/2_0" slope="0.00"/>
        <vehicle id="4" x="201.65" y="170.72" angle="180.00" type="DEFAULT_VEHTYPE" speed="13.87" pos="170.72" lane="1/0to1/1_0" slope="0.00"/>
        <vehicle id="41" x="201.65" y="534.96" angle="180.00" type="DEFAULT_VEHTYPE" speed="13.89" pos="130.21" lane="1/2to1/3_0" slope="0.00"/>
        <vehicle id="42" x="601.65" y="526.74" angle="180.00" type="DEFAULT_VEHTYPE" speed="13.84" pos="121.99" lane="3/2to3/3_0" slope="0.00"/>
        <vehicle id="43" x="398.27" y="204.21" angle="-0.87" type="DEFAULT_VEHTYPE" speed="13.85" pos="0.55" lane=":2/1_0_0" slope="0.00"/>
        <vehicle id="44" x="487.74" y="198.35" angle="90.00" type="DEFAULT_VEHTYPE" speed="12.65" pos="82.99" lane="2/1to3/1_0" slope="0.00"/>
        <vehicle id="46" x="398.35" y="756.31" angle="0.00" type="DEFAULT_VEHTYPE" speed="13.70" pos="43.69" lane="2/4to2/3_0" slope="0.00"/>
        <vehicle id="47" x="185.29" y="398.35" angle="90.00" type="DEFAULT_VEHTYPE" speed="6.07" pos="185.29" lane="0/2to1/2_0" slope="0.00"/>
        <vehicle id="49" x="201.44" y="403.25" angle="147.47" type="DEFAULT_VEHTYPE" speed="5.76" pos="8.80" lane=":1/2_14_0" slope="0.00"/>
        <vehicle id="6" x="201.65" y="494.22" angle="180.00" type="DEFAULT_VEHTYPE" speed="13.32" pos="89.47" lane="1/2to1/3_0" slope="0.00"/>
    </timestep>
    <timestep time="772.00">
        <vehicle id="1" x="201.65" y="241.88" angle="180.00" type="DEFAULT_VEHTYPE" speed="12.54" pos="37.13" lane="1/1to1/2_0" slope="0.00"/>
        <vehicle id="11" x="398.35" y="695.56" angle="0.00" type="DEFAULT_VEHTYPE" speed="13.26" pos="104.44" lane="2/4to2/3_0" slope="0.00"/>
        <vehicle id="13" x="404.96" y="401.65" angle="-90.00" type="DEFAULT_VEHTYPE" speed="2.92" pos="190.29" lane="3/2to2/2_0" slope="0.00"/>
        <vehicle id="17" x="398.35" y="562.04" angle="0.00" type="DEFAULT_VEHTYPE" speed="12.79" pos="33.21" lane="2/3to2/2_0" slope="0.00"/>
        <vehicle id="2" x="245.15" y="401.65" angle="-90.00" type="DEFAULT_VEHTYPE" speed="13.63" pos="150.10" lane="2/2to1/2_0" slope="0.00"/>
        <vehicle id="21" x="223.17" y="598.35" angle="90.00" type="DEFAULT_VEHTYPE" speed="13.42" pos="18.42" lane="1/3to2/3_0" slope="0.00"/>
        <vehicle id="23" x="102.97" y="398.35" angle="90.00" type="DEFAULT_VEHTYPE" speed="12.73" pos="102.97" lane="0/2to1/2_0" slope="0.00"/>
        <vehicle id="25" x="606.52" y="598.35" angle="107.30" type="DEFAULT_VEHTYPE" speed="13.40" pos="1.77" lane="3/3to4/3_0" slope="0.00"/>
        <vehicle id="27" x="401.65" y="794.18" angle="180.00" type="DEFAULT_VEHTYPE" speed="12.66" pos="189.43" lane="2/3to2/4_0" slope="0.00"/>
        <vehicle id="29" x="637.48" y="598.35" angle="90.00" type="DEFAULT_VEHTYPE" speed="12.74" pos="32.73" lane="3/3to4/3_0" slope="0.00"/>
        <vehicle id="3" x="364.27" y="401.65" angle="-90.00" type="DEFAULT_VEHTYPE" speed="13.38" pos="30.98" lane="2/2to1/2_0" slope="0.00"/>
        <vehicle id="32" x="198.35" y="192.08" angle="4.96" type="DEFAULT_VEHTYPE" speed="7.35" pos="3.17" lane="1/1to1/0_0" slope="0.00"/>
        <vehicle id="37" x="201.65" y="46.90" angle="180.00" type="DEFAULT_VEHTYPE" speed="13.80" pos="46.90" lane="1/0to1/1_0" slope="0.00"/>
        <vehicle id="38" x="149.45" y="401.65" angle="-90.00" type="DEFAULT_VEHTYPE" speed="12.80" pos="45.80" lane="1/2to0/2_0" slope="0.00"/>
        <vehicle id="4" x="201.65" y="184.54" angle="180.00" type="DEFAULT_VEHTYPE" speed="13.83" pos="184.54" lane="1/0to1/1_0" slope="0.00"/>
        <vehicle id="41" x="201.65" y="547.98" angle="180.00" type="DEFAULT_VEHTYPE" speed="13.03" pos="143.23" lane="1/2to1/3_0" slope="0.00"/>
        <vehicle id="42" x="601.65" y="539.51" angle="180.00" type="DEFAULT_VEHTYPE" speed="12.77" pos="134.76" lane="3/2to3/3_0" slope="0.00"/>
        <vehicle id="43" x="385.97" y="201.65" angle="-90.00" type="DEFAULT_VEHTYPE" speed="13.73" pos="9.28" lane="2/1to1/1_0" slope="0.00"/>
        <vehicle id="44" x="501.19" y="198.35" angle="90.00" type="DEFAULT_VEHTYPE" speed="13.45" pos="96.44" lane="2/1to3/1_0" slope="0.00"/>
        <vehicle id="46" x="398.35" y="742.86" angle="0.00" type="DEFAULT_VEHTYPE" speed="13.45" pos="57.14" lane="2/4to2/3_0" slope="0.00"/>
        <vehicle id="47" x="189.57" y="398.35" angle="90.00" type="DEFAULT_VEHTYPE" speed="4.29" pos="189.57" lane="0/2to1/2_0" slope="0.00"/>
        <vehicle id="49" x="201.65" y="410.66" angle="180.00" type="DEFAULT_VEHTYPE" speed="7.43" pos="5.91" lane="1/2to1/3_0" slope="0.00"/>
        <vehicle id="6" x="201.65" y="507.57" angle="180.00" type="DEFAULT_VEHTYPE" speed="13.35" pos="102.82" lane="1/2to1/3_0" slope="0.00"/>
    </timestep>
    <timestep time="773.00">
        <vehicle id="1" x="201.65" y="255.78" angle="180.00" type="DEFAULT_VEHTYPE" speed="13.90" pos="51.03" lane="1/1to1/2_0" slope="0.00"/>
        <vehicle id="11" x="398.35" y="682.02" angle="0.00" type="DEFAULT_VEHTYPE" speed="13.54" pos="117.98" lane="2/4to2/3_0" slope="0.00"/>
        <vehicle id="13" x="399.89" y="401.65" angle="-90.00" type="DEFAULT_VEHTYPE" speed="5.07" pos="4.86" lane=":2/2_5_0" slope="0.00"/>
        <vehicle id="17" x="398.35" y="548.43" angle="0.00" type="DEFAULT_VEHTYPE" speed="13.61" pos="46.82" lane="2/3to2/2_0" slope="0.00"/>
        <vehicle id="2" x="232.15" y="401.65" angle="-90.00" type="DEFAULT_VEHTYPE" speed="13.00" pos="163.10" lane="2/2to1/2_0" slope="0.00"/>
        <vehicle id="21" x="236.17" y="598.35" angle="90.00" type="DEFAULT_VEHTYPE" speed="13.00" pos="31.42" lane="1/3to2/3_0" slope="0.00"/>
        <vehicle id="23" x="116.85" y="398.35" angle="90.00" type="DEFAULT_VEHTYPE" speed="13.88" pos="116.85" lane="0/2to1/2_0" slope="0.00"/>
        <vehicle id="25" x="619.82" y="598.35" angle="90.00" type="DEFAULT_VEHTYPE" speed="13.29" pos="15.07" lane="3/3to4/3_0" slope="0.00"/>
        <vehicle id="27" x="398.35" y="796.86" angle="-14.35" type="DEFAULT_VEHTYPE" speed="13.78" pos="3.14" lane="2/4to2/3_0" slope="0.00"/>
        <vehicle id="29" x="650.17" y="598.35" angle="90.00" type="DEFAULT_VEHTYPE" speed="12.69" pos="45.42" lane="3/3to4/3_0" slope="0.00"/>
        <vehicle id="3" x="350.92" y="401.65" angle="-90.00" type="DEFAULT_VEHTYPE" speed="13.35" pos="44.33" lane="2/2to1/2_0" slope="0.00"/>
        <vehicle id="32" x="198.35" y="183.43" angle="0.00" type="DEFAULT_VEHTYPE" speed="8.65" pos="11.82" lane="1/1to1/0_0" slope="0.00"/>
        <vehicle id="37" x="201.65" y="60.21" angle="180.00" type="DEFAULT_VEHTYPE" speed="13.30" pos="60.21" lane="1/0to1/1_0" slope="0.00"/>
        <vehicle id="38" x="136.54" y="401.65" angle="-90.00" type="DEFAULT_VEHTYPE" speed="12.91" pos="58.71" lane="1/2to0/2_0" slope="0.00"/>
        <vehicle id="4" x="202.13" y="197.09" angle="174.37" type="DEFAULT_VEHTYPE" speed="12.64" pos="1.94" lane=":1/1_8_0" slope="0.00"/>
        <vehicle id="41" x="201.65" y="561.49" angle="180.00" type="DEFAULT_VEHTYPE" speed="13.50" pos="156.74" lane="1/2to1/3_0" slope="0.00"/>
        <vehicle id="42" x="601.65" y="552.30" angle="180.00" type="DEFAULT_VEHTYPE" speed="12.79" pos="147.55" lane="3/2to3/3_0" slope="0.00"/>
        <vehicle id="43" x="372.82" y="201.65" angle="-90.00" type="DEFAULT_VEHTYPE" speed="13.15" pos="22.43" lane="2/1to1/1_0" slope="0.00"/>
        <vehicle id="44" x="514.06" y="198.35" angle="90.00" type="DEFAULT_VEHTYPE" speed="12.88" pos="109.31" lane="2/1to3/1_0" slope="0.00"/>
        <vehicle id="46" x="398.35" y="729.25" angle="0.00" type="DEFAULT_VEHTYPE" speed="13.62" pos="70.75" lane="2/4to2/3_0" slope="0.00"/>
        <vehicle id="47" x="196.33" y="398.50" angle="91.77" type="DEFAULT_VEHTYPE" speed="6.77" pos="1.09" lane=":1/2_14_0" slope="0.00"/>
        <vehicle id="49" x="201.65" y="420.65" angle="180.00" type="DEFAULT_VEHTYPE" speed="9.99" pos="15.90" lane="1/2to1/3_0" slope="0.00"/>
        <vehicle id="6" x="201.65" y="520.93" angle="180.00" type="DEFAULT_VEHTYPE" speed="13.36" pos="116.18" lane="1/2to1/3_0" slope="0.00"/>
    </timestep>
    <timestep time="774.00">
        <vehicle id="1" x="201.65" y="269.56" angle="180.00" type="DEFAULT_VEHTYPE" speed="13.78" pos="64.81" lane="1/1to1/2_0" slope="0.00"/>
        <vehicle id="11" x="398.35" y="668.15" angle="0.00" type="DEFAULT_VEHTYPE" speed="13.87" pos="131.85" lane="2/4to2/3_0" slope="0.00"/>
        <vehicle id="13" x="393.34" y="401.65" angle="-90.00" type="DEFAULT_VEHTYPE" speed="6.55" pos="1.91" lane="2/2to1/2_0" slope="0.00"/>
        <vehicle id="17" x="398.35" y="534.56" angle="0.00" type="DEFAULT_VEHTYPE" speed="13.87" pos="60.69" lane="2/3to2/2_0" slope="0.00"/>
        <vehicle id="2" x="221.96" y="401.65" angle="-90.00" type="DEFAULT_VEHTYPE" speed="10.19" pos="173.29" lane="2/2to1/2_0" slope="0.00"/>
        <vehicle id="21" x="249.20" y="598.35" angle="90.00" type="DEFAULT_VEHTYPE" speed="13.03" pos="44.45" lane="1/3to2/3_0" slope="0.00"/>
        <vehicle id="23" x="129.76" y="398.35" angle="90.00" type="DEFAULT_VEHTYPE" speed="12.91" pos="129.76" lane="0/2to1/2_0" slope="0.00"/>
        <vehicle id="25" x="633.18" y="598.35" angle="90.00" type="DEFAULT_VEHTYPE" speed="13.37" pos="28.43" lane="3/3to4/3_0" slope="0.00"/>
        <vehicle id="27" x="398.35" y="783.53" angle="0.00" type="DEFAULT_VEHTYPE" speed="13.33" pos="16.47" lane="2/4to2/3_0" slope="0.00"/>
        <vehicle id="29" x="663.67" y="598.35" angle="90.00" type="DEFAULT_VEHTYPE" speed="13.50" pos="58.92" lane="3/3to4/3_0" slope="0.00"/>
        <vehicle id="3" x="337.56" y="401.65" angle="-90.00" type="DEFAULT_VEHTYPE" speed="13.37" pos="57.69" lane="2/2to1/2_0" slope="0.00"/>
        <vehicle id="32" x="198.35" y="172.28" angle="0.00" type="DEFAULT_VEHTYPE" speed="11.15" pos="22.97" lane="1/1to1/0_0" slope="0.00"/>
        <vehicle id="37" x="201.65" y="72.84" angle="180.00" type="DEFAULT_VEHTYPE" speed="12.63" pos="72.84" lane="1/0to1/1_0" slope="0.00"/>
        <vehicle id="38" x="123.41" y="401.65" angle="-90.00" type="DEFAULT_VEHTYPE" speed="13.13" pos="71.84" lane="1/2to0/2_0" slope="0.00"/>
        <vehicle id="4" x="214.70" y="198.35" angle="90.00" type="DEFAULT_VEHTYPE" speed="13.01" pos="9.95" lane="1/1to2/1_0" slope="0.00"/>
        <vehicle id="41" x="201.65" y="574.66" angle="180.00" type="DEFAULT_VEHTYPE" speed="13.17" pos="169.91" lane="1/2to1/3_0" slope="0.00"/>
        <vehicle id="42" x="601.65" y="565.23" angle="180.00" type="DEFAULT_VEHTYPE" speed="12.93" pos="160.48" lane="3/2to3/3_0" slope="0.00"/>
        <vehicle id="43" x="359.77" y="201.65" angle="-90.00" type="DEFAULT_VEHTYPE" speed="13.05" pos="35.48" lane="2/1to1/1_0" slope="0.00"/>
        <vehicle id="44" x="526.85" y="198.35" angle="90.00" type="DEFAULT_VEHTYPE" speed="12.78" pos="122.10" lane="2/1to3/1_0" slope="0.00"/>
        <vehicle id="46" x="398.35" y="716.42" angle="0.00" type="DEFAULT_VEHTYPE" speed="12.83" pos="83.58" lane="2/4to2/3_0" slope="0.00"/>
        <vehicle id="47" x="201.63" y="404.60" angle="161.25" type="DEFAULT_VEHTYPE" speed="9.07" pos="10.17" lane=":1/2_14_0" slope="0.00"/>
        <vehicle id="49" x="201.65" y="433.09" angle="180.00" type="DEFAULT_VEHTYPE" speed="12.44" pos="28.34" lane="1/2to1/3_0" slope="0.00"/>
        <vehicle id="6" x="201.65" y="533.55" angle="180.00" type="DEFAULT_VEHTYPE" speed="12.62" pos="128.80" lane="1/2to1/3_0" slope="0.00"/>
    </timestep>
    <timestep time="775.00">
        <vehicle id="1" x="201.65" y="283.06" angle="180.00" type="DEFAULT_VEHTYPE" speed="13.50" pos="78.31" lane="1/1to1/2_0" slope="0.00"/>
        <vehicle id="11" x="398.35" y="654.86" angle="0.00" type="DEFAULT_VEHTYPE" speed="13.28" pos="145.14" lane="2/4to2/3_0" slope="0.00"/>
        <vehicle id="13" x="384.85" y="401.65" angle="-90.00" type="DEFAULT_VEHTYPE" speed="8.48" pos="10.40" lane="2/2to1/2_0" slope="0.00"/>
        <vehicle id="17" x="398.35" y="521.15" angle="0.00" type="DEFAULT_VEHTYPE" speed="13.41" pos="74.10" lane="2/3to2/2_0" slope="0.00"/>
        <vehicle id="2" x="214.34" y="401.65" angle="-90.00" type="DEFAULT_VEHTYPE" speed="7.62" pos="180.91" lane="2/2to1/2_0" slope="0.00"/>
        <vehicle id="21" x="262.14" y="598.35" angle="90.00" type="DEFAULT_VEHTYPE" speed="12.95" pos="57.39" lane="1/3to2/3_0" slope="0.00"/>
        <vehicle id="23" x="142.44" y="398.35" angle="90.00" type="DEFAULT_VEHTYPE" speed="12.68" pos="142.44" lane="0/2to1/2_0" slope="0.00"/>
        <vehicle id="25" x="645.84" y="598.35" angle="90.00" type="DEFAULT_VEHTYPE" speed="12.66" pos="41.09" lane="3/3to4/3_0" slope="0.00"/>
        <vehicle id="27" x="398.35" y="769.91" angle="0.00" type="DEFAULT_VEHTYPE" speed="13.63" pos="30.09" lane="2/4to2/3_0" slope="0.00"/>
        <vehicle id="29" x="676.90" y="598.35" angle="90.00" type="DEFAULT_VEHTYPE" speed="13.23" pos="72.15" lane="3/3to4/3_0" slope="0.00"/>
        <vehicle id="3" x="324.86" y="401.65" angle="-90.00" type="DEFAULT_VEHTYPE" speed="12.70" pos="70.39" lane="2/2to1/2_0" slope="0.00"/>
        <vehicle id="32" x="198.35" y="159.68" angle="0.00" type="DEFAULT_VEHTYPE" speed="12.60" pos="35.57" lane="1/1to1/0_0" slope="0.00"/>
        <vehicle id="37" x="201.65" y="86.30" angle="180.00" type="DEFAULT_VEHTYPE" speed="13.46" pos="86.30" lane="1/0to1/1_0" slope="0.00"/>
        <vehicle id="38" x="110.11" y="401.65" angle="-90.00" type="DEFAULT_VEHTYPE" speed="13.30" pos="85.14" lane="1/2to0/2_0" slope="0.00"/>
        <vehicle id="4" x="227.92" y="198.35" angle="90.00" type="DEFAULT_VEHTYPE" speed="13.23" pos="23.17" lane="1/1to2/1_0" slope="0.00"/>
        <vehicle id="41" x="201.65" y="588.24" angle="180.00" type="DEFAULT_VEHTYPE" speed="13.58" pos="183.49" lane="1/2to1/3_0" slope="0.00"/>
        <vehicle id="42" x="601.65" y="578.60" angle="180.00" type="DEFAULT_VEHTYPE" speed="13.37" pos="173.85" lane="3/2to3/3_0" slope="0.00"/>
        <vehicle id="43" x="346.91" y="201.65" angle="-90.00" type="DEFAULT_VEHTYPE" speed="12.85" pos="48.34" lane="2/1to1/1_0" slope="0.00"/>
        <vehicle id="44" x="539.96" y="198.35" angle="90.00" type="DEFAULT_VEHTYPE" speed="13.12" pos="135.21" lane="2/1to3/1_0" slope="0.00"/>
        <vehicle id="46" x="398.35" y="703.40" angle="0.00" type="DEFAULT_VEHTYPE" speed="13.03" pos="96.60" lane="2/4to2/3_0" slope="0.00"/>
        <vehicle id="47" x="201.65" y="415.38" angle="180.00" type="DEFAULT_VEHTYPE" speed="10.78" pos="10.63" lane="1/2to1/3_0" slope="0.00"/>
        <vehicle id="49" x="201.65" y="445.94" angle="180.00" type="DEFAULT_VEHTYPE" speed="12.85" pos="41.19" lane="1/2to1/3_0" slope="0.00"/>
        <vehicle id="6" x="201.65" y="546.40" angle="180.00" type="DEFAULT_VEHTYPE" speed="12.85" pos="141.65" lane="1/2to1/3_0" slope="0.00"/>
    </timestep>
    <timestep time="776.00">
        <vehicle id="1" x="201.65" y="296.81" angle="180.00" type="DEFAULT_VEHTYPE" speed="13.75" pos="92.06" lane="1/1to1/2_0" slope="0.00"/>
        <vehicle id="11" x="398.35" y="641.20" angle="0.00" type="DEFAULT_VEHTYPE" speed="13.66" pos="158.80" lane="2/4to2/3_0" slope="0.00"/>
        <vehicle id="13" x="374.23" y="401.65" angle="-90.00" type="DEFAULT_VEHTYPE" speed="10.63" pos="21.02" lane="2/2to1/2_0" slope="0.00"/>
        <vehicle id="17" x="398.35" y="508.48" angle="0.00" type="DEFAULT_VEHTYPE" speed="12.67" pos="86.77" lane="2/3to2/2_0" slope="0.00"/>
        <vehicle id="2" x="210.00" y="401.65" angle="-90.00" type="DEFAULT_VEHTYPE" speed="4.34" pos="185.25" lane="2/2to1/2_0" slope="0.00"/>
        <vehicle id="21" x="275.03" y="598.35" angle="90.00" type="DEFAULT_VEHTYPE" speed="12.89" pos="70.28" lane="1/3to2/3_0" slope="0.00"/>
        <vehicle id="23" x="155.97" y="398.35" angle="90.00" type="DEFAULT_VEHTYPE" speed="13.53" pos="155.97" lane="0/2to1/2_0" slope="0.00"/>
        <vehicle id="25" x="659.17" y="598.35" angle="90.00" type="DEFAULT_VEHTYPE" speed="13.33" pos="54.42" lane="3/3to4/3_0" slope="0.00"/>
        <vehicle id="27" x="398.35" y="757.16" angle="0.00" type="DEFAULT_VEHTYPE" speed="12.75" pos="42.84" lane="2/4to2/3_0" slope="0.00"/>
        <vehicle id="29" x="690.79" y="598.35" angle="90.00" type="DEFAULT_VEHTYPE" speed="13.89" pos="86.04" lane="3/3to4/3_0" slope="0.00"/>
        <vehicle id="3" x="311.75" y="401.65" angle="-90.00" type="DEFAULT_VEHTYPE" speed="13.10" pos="83.50" lane="2/2to1/2_0" slope="0.00"/>
        <vehicle id="32" x="198.35" y="145.99" angle="0.00" type="DEFAULT_VEHTYPE" speed="13.69" pos="49.26" lane="1/1to1/0_0" slope="0.00"/>
        <vehicle id="37" x="201.65" y="99.81" angle="180.00" type="DEFAULT_VEHTYPE" speed="13.51" pos="99.81" lane="1/0to1/1_0" slope="0.00"/>
        <vehicle id="38" x="97.19" y="401.65" angle="-90.00" type="DEFAULT_VEHTYPE" speed="12.92" pos="98.06" lane="1/2to0/2_0" slope="0.00"/>
        <vehicle id="4" x="241.21" y="198.35" angle="90.00" type="DEFAULT_VEHTYPE" speed="13.28" pos="36.46" lane="1/1to2/1_0" slope="0.00"/>
        <vehicle id="41" x="205.48" y="598.35" angle="122.54" type="DEFAULT_VEHTYPE" speed="12.74" pos="0.73" lane="1/3to2/3_0" slope="0.00"/>
        <vehicle id="42" x="601.65" y="591.60" angle="180.00" type="DEFAULT_VEHTYPE" speed="13.00" pos="186.85" lane="3/2to3/3_0" slope="0.00"/>
        <vehicle id="43" x="333.24" y="201.65" angle="-90.00" type="DEFAULT_VEHTYPE" speed="13.67" pos="62.01" lane="2/1to1/1_0" slope="0.00"/>
        <vehicle id="44" x="553.13" y="198.35" angle="90.00" type="DEFAULT_VEHTYPE" speed="13.17" pos="148.38" lane="2/1to3/1_0" slope="0.00"/>
        <vehicle id="46" x="398.35" y="690.71" angle="0.00" type="DEFAULT_VEHTYPE" speed="12.68" pos="109.29" lane="2/4to2/3_0" slope="0.00"/>
        <vehicle id="47" x="201.65" y="428.62" angle="180.00" type="DEFAULT_VEHTYPE" speed="13.24" pos="23.87" lane="1/2to1/3_0" slope="0.00"/>
        <vehicle id="49" x="201.65" y="458.89" angle="180.00" type="DEFAULT_VEHTYPE" speed="12.95" pos="54.14" lane="1/2to1/3_0" slope="0.00"/>
        <vehicle id="6" x="201.65" y="559.74" angle="180.00" type="DEFAULT_VEHTYPE" speed="13.34" pos="154.99" lane="1/2to1/3_0" slope="0.00"/>
    </timestep>
    <timestep time="777.00">
        <vehicle id="1" x="201.65" y="310.21" angle="180.00" type="DEFAULT_VEHTYPE" speed="13.40" pos="105.46" lane="1/1to1/2_0" slope="0.00"/>
        <vehicle id="11" x="398.35" y="628.00" angle="0.00" type="DEFAULT_VEHTYPE" speed="13.20" pos="172.00" lane="2/4to2/3_0" slope="0.00"/>
        <vehicle id="13" x="361.24" y="401.65" angle="-90.00" type="DEFAULT_VEHTYPE" speed="12.98" pos="34.01" lane="2/2to1/2_0" slope="0.00"/>
        <vehicle id="17" x="398.35" y="495.71" angle="0.00" type="DEFAULT_VEHTYPE" speed="12.77" pos="99.54" lane="2/3to2/2_0" slope="0.00"/>
        <vehicle id="2" x="204.17" y="401.57" angle="-89.04" type="DEFAULT_VEHTYPE" speed="5.84" pos="0.59" lane=":1/2_6_0" slope="0.00"/>
        <vehicle id="21" x="288.88" y="598.35" angle="90.00" type="DEFAULT_VEHTYPE" speed="13.85" pos="84.13" lane="1/3to2/3_0" slope="0.00"/>
        <vehicle id="23" x="169.59" y="398.35" angle="90.00" type="DEFAULT_VEHTYPE" speed="13.63" pos="169.59" lane="0/2to1/2_0" slope="0.00"/>
        <vehicle id="25" x="672.02" y="598.35" angle="90.00" type="DEFAULT_VEHTYPE" speed="12.85" pos="67.27" lane="3/3to4/3_0" slope="0.00"/>
        <vehicle id="27" x="398.35" y="743.48" angle="0.00" type="DEFAULT_VEHTYPE" speed="13.68" pos="56.52" lane="2/4to2/3_0" slope="0.00"/>
        <vehicle id="29" x="703.96" y="598.35" angle="90.00" type="DEFAULT_VEHTYPE" speed="13.16" pos="99.21" lane="3/3to4/3_0" slope="0.00"/>
        <vehicle id="3" x="299.02" y="401.65" angle="-90.00" type="DEFAULT_VEHTYPE" speed="12.73" pos="96.23" lane="2/2to1/2_0" slope="0.00"/>
        <vehicle id="32" x="198.35" y="132.98" angle="0.00" type="DEFAULT_VEHTYPE" speed="13.01" pos="62.27" lane="1/1to1/0_0" slope="0.00"/>
        <vehicle id="37" x="201.65" y="113.52" angle="180.00" type="DEFAULT_VEHTYPE" speed="13.71" pos="113.52" lane="1/0to1/1_0" slope="0.00"/>
        <vehicle id="38" x="84.55" y="401.65" angle="-90.00" type="DEFAULT_VEHTYPE" speed="12.64" pos="110.70" lane="1/2to0/2_0" slope="0.00"/>
        <vehicle id="4" x="254.58" y="198.35" angle="90.00" type="DEFAULT_VEHTYPE" speed="13.37" pos="49.83" lane="1/1to2/1_0" slope="0.00"/>
        <vehicle id="41" x="219.00" y="598.35" angle="90.00" type="DEFAULT_VEHTYPE" speed="13.52" pos="14.25" lane="1/3to2/3_0" slope="0.00"/>
        <vehicle id="42" x="609.97" y="598.35" angle="90.00" type="DEFAULT_VEHTYPE" speed="13.87" pos="5.22" lane="3/3to4/3_0" slope="0.00"/>
        <vehicle id="43" x="319.47" y="201.65" angle="-90.00" type="DEFAULT_VEHTYPE" speed="13.77" pos="75.78" lane="2/1to1/1_0" slope="0.00"/>
        <vehicle id="44" x="565.80" y="198.35" angle="90.00" type="DEFAULT_VEHTYPE" speed="12.67" pos="161.05" lane="2/1to3/1_0" slope="0.00"/>
        <vehicle id="46" x="398.35" y="678.09" angle="0.00" type="DEFAULT_VEHTYPE" speed="12.62" pos="121.91" lane="2/4to2/3_0" slope="0.00"/>
        <vehicle id="47" x="201.65" y="441.49" angle="180.00" type="DEFAULT_VEHTYPE" speed="12.87" pos="36.74" lane="1/2to1/3_0" slope="0.00"/>
        <vehicle id="49" x="201.65" y="472.46" angle="180.00" type="DEFAULT_VEHTYPE" speed="13.57" pos="67.71" lane="1/2to1/3_0" slope="0.00"/>
        <vehicle id="6" x="201.65" y="573.44" angle="180.00" type="DEFAULT_VEHTYPE" speed="13.70" pos="168.69" lane="1/2to1/3_0" slope="0.00"/>
    </timestep>
    <timestep time="778.00">
        <vehicle id="1" x="201.65" y="323.74" angle="180.00" type="DEFAULT_VEHTYPE" speed="13.53" pos="118.99" lane="1/1to1/2_0" slope="0.00"/>
        <vehicle id="11" x="398.35" y="615.27" angle="0.00" type="DEFAULT_VEHTYPE" speed="12.73" pos="184.73" lane="2/4to2/3_0" slope="0.00"/>
        <vehicle id="13" x="348.49" y="401.65" angle="-90.00" type="DEFAULT_VEHTYPE" speed="12.76" pos="46.76" lane="2/2to1/2_0" slope="0.00"/>
        <vehicle id="17" x="398.35" y="482.12" angle="0.00" type="DEFAULT_VEHTYPE" speed="13.59" pos="113.13" lane="2/3to2/2_0" slope="0.00"/>
        <vehicle id="2" x="198.57" y="396.76" angle="-32.63" type="DEFAULT_VEHTYPE" speed="8.20" pos="8.79" lane=":1/2_6_0" slope="0.00"/>
        <vehicle id="21" x="302.28" y="598.35" angle="90.00" type="DEFAULT_VEHTYPE" speed="13.40" pos="97.53" lane="1/3to2/3_0" slope="0.00"/>
        <vehicle id="23" x="179.48" y="398.35" angle="90.00" type="DEFAULT_VEHTYPE" speed="9.89" pos="179.48" lane="0/2to1/2_0" slope="0.00"/>
        <vehicle id="25" x="685.56" y="598.35" angle="90.00" type="DEFAULT_VEHTYPE" speed="13.54" pos="80.81" lane="3/3to4/3_0" slope="0.00"/>
        <vehicle id="27" x="398.35" y="729.98" angle="0.00" type="DEFAULT_VEHTYPE" speed="13.49" pos="70.02" lane="2/4to2/3_0" slope="0.00"/>
        <vehicle id="29" x="716.96" y="598.35" angle="90.00" type="DEFAULT_VEHTYPE" speed="13.00" pos="112.21" lane="3/3to4/3_0" slope="0.00"/>
        <vehicle id="3" x="285.41" y="401.65" angle="-90.00" type="DEFAULT_VEHTYPE" speed="13.61" pos="109.84" lane="2/2to1/2_0" slope="0.00"/>
        <vehicle id="32" x="198.35" y="119.35" angle="0.00" type="DEFAULT_VEHTYPE" speed="13.63" pos="75.90" lane="1/1to1/0_0" slope="0.00"/>
        <vehicle id="37" x="201.65" y="126.27" angle="180.00" type="DEFAULT_VEHTYPE" speed="12.75" pos="126.27" lane="1/0to1/1_0" slope="0.00"/>
        <vehicle id="38" x="71.78" y="401.65" angle="-90.00" type="DEFAULT_VEHTYPE" speed="12.77" pos="123.47" lane="1/2to0/2_0" slope="0.00"/>
        <vehicle id="4" x="268.28" y="198.35" angle="90.00" type="DEFAULT_VEHTYPE" speed="13.69" pos="63.53" lane="1/1to2/1_0" slope="0.00"/>
        <vehicle id="41" x="231.69" y="598.35" angle="90.00" type="DEFAULT_VEHTYPE" speed="12.69" pos="26.94" lane="1/3to2/3_0" slope="0.00"/>
        <vehicle id="42" x="623.52" y="598.35" angle="90.00" type="DEFAULT_VEHTYPE" speed="13.55" pos="18.77" lane="3/3to4/3_0" slope="0.00"/>
        <vehicle id="43" x="306.46" y="201.65" angle="-90.00" type="DEFAULT_VEHTYPE" speed="13.00" pos="88.79" lane="2/1to1/1_0" slope="0.00"/>
        <vehicle id="44" x="576.34" y="198.35" angle="90.00" type="DEFAULT_VEHTYPE" speed="10.54" pos="171.59" lane="2/1to3/1_0" slope="0.00"/>
        <vehicle id="46" x="398.35" y="664.86" angle="0.00" type="DEFAULT_VEHTYPE" speed="13.23" pos="135.14" lane="2/4to2/3_0" slope="0.00"/>
        <vehicle id="47" x="201.65" y="454.66" angle="180.00" type="DEFAULT_VEHTYPE" speed="13.17" pos="49.91" lane="1/2to1/3_0" slope="0.00"/>
        <vehicle id="49" x="201.65" y="486.14" angle="180.00" type="DEFAULT_VEHTYPE" speed="13.68" pos="81.39" lane="1/2to1/3_0" slope="0.00"/>
        <vehicle id="6" x="201.65" y="586.07" angle="180.00" type="DEFAULT_VEHTYPE" speed="12.63" pos="181.32" lane="1/2to1/3_0" slope="0.00"/>
    </timestep>
    <timestep time="779.00">
        <vehicle id="1" x="201.65" y="336.97" angle="180.00" type="DEFAULT_VEHTYPE" speed="13.24" pos="132.22" lane="1/1to1/2_0" slope="0.00"/>
        <vehicle id="11" x="398.35" y="601.97" angle="0.00" type="DEFAULT_VEHTYPE" speed="13.30" pos="2.78" lane=":2/3_1_0" slope="0.00"/>
        <vehicle id="13" x="335.65" y="401.65" angle="-90.00" type="DEFAULT_VEHTYPE" speed="12.84" pos="59.60" lane="2/2to1/2_0" slope="0.00"/>
        <vehicle id="17" x="398.35" y="468.46" angle="0.00" type="DEFAULT_VEHTYPE" speed="13.66" pos="126.79" lane="2/3to2/2_0" slope="0.00"/>
        <vehicle id="2" x="198.35" y="387.13" angle="0.00" type="DEFAULT_VEHTYPE" speed="9.64" pos="8.12" lane="1/2to1/1_0" slope="0.00"/>
        <vehicle id="21" x="315.89" y="598.35" angle="90.00" type="DEFAULT_VEHTYPE" speed="13.61" pos="111.14" lane="1/3to2/3_0" slope="0.00"/>
        <vehicle id="23" x="185.57" y="398.35" angle="90.00" type="DEFAULT_VEHTYPE" speed="6.09" pos="185.57" lane="0/2to1/2_0" slope="0.00"/>
        <vehicle id="25" x="698.50" y="598.35" angle="90.00" type="DEFAULT_VEHTYPE" speed="12.94" pos="93.75" lane="3/3to4/3_0" slope="0.00"/>
        <vehicle id="27" x="398.35" y="716.10" angle="0.00" type="DEFAULT_VEHTYPE" speed="13.88" pos="83.90" lane="2/4to2/3_0" slope="0.00"/>
        <vehicle id="29" x="729.88" y="598.35" angle="90.00" type="DEFAULT_VEHTYPE" speed="12.93" pos="125.13" lane="3/3to4/3_0" slope="0.00"/>
        <vehicle id="3" x="272.56" y="401.65" angle="-90.00" type="DEFAULT_VEHTYPE" speed="12.85" pos="122.69" lane="2/2to1/2_0" slope="0.00"/>
        <vehicle id="32" x="198.35" y="105.76" angle="0.00" type="DEFAULT_VEHTYPE" speed="13.59" pos="89.49" lane="1/1to1/0_0" slope="0.00"/>
        <vehicle id="37" x="201.65" y="138.89" angle="180.00" type="DEFAULT_VEHTYPE" speed="12.61" pos="138.89" lane="1/0to1/1_0" slope="0.00"/>
        <vehicle id="38" x="58.96" y="401.65" angle="-90.00" type="DEFAULT_VEHTYPE" speed="12.81" pos="136.29" lane="1/2to0/2_0" slope="0.00"/>
        <vehicle id="4" x="281.63" y="198.35" angle="90.00" type="DEFAULT_VEHTYPE" speed="13.35" pos="76.88" lane="1/1to2/1_0" slope="0.00"/>
        <vehicle id="41" x="245.16" y="598.35" angle="90.00" type="DEFAULT_VEHTYPE" speed="13.47" pos="40.41" lane="1/3to2/3_0" slope="0.00"/>
        <vehicle id="42" x="636.94" y="598.35" angle="90.00" type="DEFAULT_VEHTYPE" speed="13.42" pos="32.19" lane="3/3to4/3_0" slope="0.00"/>
        <vehicle id="43" x="292.86" y="201.65" angle="-90.00" type="DEFAULT_VEHTYPE" speed="13.61" pos="102.39" lane="2/1to1/1_0" slope="0.00"/>
        <vehicle id="44" x="584.13" y="198.35" angle="90.00" type="DEFAULT_VEHTYPE" speed="7.79" pos="179.38" lane="2/1to3/1_0" slope="0.00"/>
        <vehicle id="46" x="398.35" y="651.37" angle="0.00" type="DEFAULT_VEHTYPE" speed="13.49" pos="148.63" lane="2/4to2/3_0" slope="0.00"/>
        <vehicle id="47" x="201.65" y="467.62" angle="180.00" type="DEFAULT_VEHTYPE" speed="12.96" pos="62.87" lane="1/2to1/3_0" slope="0.00"/>
        <vehicle id="49" x="201.65" y="499.52" angle="180.00" type="DEFAULT_VEHTYPE" speed="13.38" pos="94.77" lane="1/2to1/3_0" slope="0.00"/>
        <vehicle id="6" x="204.18" y="598.27" angle="144.84" type="DEFAULT_VEHTYPE" speed="13.61" pos="4.43" lane=":1/3_8_0" slope="0.00"/>
    </timestep>
    <timestep time="780.00">
        <vehicle id="1" x="201.65" y="350.84" angle="180.00" type="DEFAULT_VEHTYPE" speed="13.87" pos="146.09" lane="1/1to1/2_0" slope="0.00"/>
        <vehicle id="11" x="398.35" y="588.42" angle="0.00" type="DEFAULT_VEHTYPE" speed="13.54" pos="6.83" lane="2/3to2/2_0" slope="0.00"/>
        <vehicle id="13" x="322.15" y="401.65" angle="-90.00" type="DEFAULT_VEHTYPE" speed="13.50" pos="73.10" lane="2/2to1/2_0" slope="0.00"/>
        <vehicle id="17" x="398.35" y="454.99" angle="0.00" type="DEFAULT_VEHTYPE" speed="13.46" pos="140.26" lane="2/3to2/2_0" slope="0.00"/>
        <vehicle id="2" x="198.35" y="375.24" angle="0.00" type="DEFAULT_VEHTYPE" speed="11.89" pos="20.01" lane="1/2to1/1_0" slope="0.00"/>
        <vehicle id="21" x="328.84" y="598.35" angle="90.00" type="DEFAULT_VEHTYPE" speed="12.95" pos="124.09" lane="1/3to2/3_0" slope="0.00"/>
        <vehicle id="23" x="189.36" y="398.35" angle="90.00" type="DEFAULT_VEHTYPE" speed="3.78" pos="189.36" lane="0/2to1/2_0" slope="0.00"/>
        <vehicle id="25" x="712.07" y="598.35" angle="90.00" type="DEFAULT_VEHTYPE" speed="13.57" pos="107.32" lane="3/3to4/3_0" slope="0.00"/>
        <vehicle id="27" x="398.35" y="703.46" angle="0.00" type="DEFAULT_VEHTYPE" speed="12.65" pos="96.54" lane="2/4to2/3_0" slope="0.00"/>
        <vehicle id="29" x="742.78" y="598.35" angle="90.00" type="DEFAULT_VEHTYPE" speed="12.90" pos="138.03" lane="3/3to4/3_0" slope="0.00"/>
        <vehicle id="3" x="259.05" y="401.65" angle="-90.00" type="DEFAULT_VEHTYPE" speed="13.51" pos="136.20" lane="2/2to1/2_0" slope="0.00"/>
        <vehicle id="32" x="198.35" y="92.73" angle="0.00" type="DEFAULT_VEHTYPE" speed="13.03" pos="102.52" lane="1/1to1/0_0" slope="0.00"/>
        <vehicle id="37" x="201.65" y="152.15" angle="180.00" type="DEFAULT_VEHTYPE" speed="13.27" pos="152.15" lane="1/0to1/1_0" slope="0.00"/>
        <vehicle id="38" x="45.34" y="401.65" angle="-90.00" type="DEFAULT_VEHTYPE" speed="13.62" pos="149.91" lane="1/2to0/2_0" slope="0.00"/>
        <vehicle id="4" x="295.10" y="198.35" angle="90.00" type="DEFAULT_VEHTYPE" speed="13.47" pos="90.35" lane="1/1to2/1_0" slope="0.00"/>
        <vehicle id="41" x="258.90" y="598.35" angle="90.00" type="DEFAULT_VEHTYPE" speed="13.74" pos="54.15" lane="1/3to2/3_0" slope="0.00"/>
        <vehicle id="42" x="649.98" y="598.35" angle="90.00" type="DEFAULT_VEHTYPE" speed="13.04" pos="45.23" lane="3/3to4/3_0" slope="0.00"/>
        <vehicle id="43" x="279.21" y="201.65" angle="-90.00" type="DEFAULT_VEHTYPE" speed="13.65" pos="116.04" lane="2/1to1/1_0" slope="0.00"/>
        <vehicle id="44" x="588.74" y="198.35" angle="90.00" type="DEFAULT_VEHTYPE" speed="4.61" pos="183.99" lane="2/1to3/1_0" slope="0.00"/>
        <vehicle id="46" x="398.35" y="637.83" angle="0.00" type="DEFAULT_VEHTYPE" speed="13.54" pos="162.17" lane="2/4to2/3_0" slope="0.00"/>
        <vehicle id="47" x="201.65" y="481.07" angle="180.00" type="DEFAULT_VEHTYPE" speed="13.46" pos="76.32" lane="1/2to1/3_0" slope="0.00"/>
        <vehicle id="49" x="201.65" y="513.29" angle="180.00" type="DEFAULT_VEHTYPE" speed="13.77" pos="108.54" lane="1/2to1/3_0" slope="0.00"/>
        <vehicle id="6" x="216.96" y="598.35" angle="90.00" type="DEFAULT_VEHTYPE" speed="12.79" pos="12.21" lane="1/3to2/3_0" slope="0.00"/>
    </timestep>
    <timestep time="781.00">
        <vehicle id="1" x="201.65" y="363.88" angle="180.00" type="DEFAULT_VEHTYPE" speed="13.04" pos="159.13" lane="1/1to1/2_0" slope="0.00"/>
        <vehicle id="11" x="398.35" y="574.78" angle="0.00" type="DEFAULT_VEHTYPE" speed="13.64" pos="20.47" lane="2/3to2/2_0" slope="0.00"/>
        <vehicle id="13" x="309.28" y="401.65" angle="-90.00" type="DEFAULT_VEHTYPE" speed="12.87" pos="85.97" lane="2/2to1/2_0" slope="0.00"/>
        <vehicle id="17" x="398.35" y="442.13" angle="0.00" type="DEFAULT_VEHTYPE" speed="12.86" pos="153.12" lane="2/3to2/2_0" slope="0.00"/>
        <vehicle id="2" x="198.35" y="362.61" angle="0.00" type="DEFAULT_VEHTYPE" speed="12.63" pos="32.64" lane="1/2to1/1_0" slope="0.00"/>
        <vehicle id="21" x="342.50" y="598.35" angle="90.00" type="DEFAULT_VEHTYPE" speed="13.66" pos="137.75" lane="1/3to2/3_0" slope="0.00"/>
        <vehicle id="23" x="191.73" y="398.35" angle="90.00" type="DEFAULT_VEHTYPE" speed="2.37" pos="191.73" lane="0/2to1/2_0" slope="0.00"/>
        <vehicle id="25" x="725.45" y="598.35" angle="90.00" type="DEFAULT_VEHTYPE" speed="13.38" pos="120.70" lane="3/3to4/3_0" slope="0.00"/>
        <vehicle id="27" x="398.35" y="689.98" angle="0.00" type="DEFAULT_VEHTYPE" speed="13.48" pos="110.02" lane="2/4to2/3_0" slope="0.00"/>
        <vehicle id="29" x="756.56" y="598.35" angle="90.00" type="DEFAULT_VEHTYPE" speed="13.78" pos="151.81" lane="3/3to4/3_0" slope="0.00"/>
        <vehicle id="3" x="246.37" y="401.65" angle="-90.00" type="DEFAULT_VEHTYPE" speed="12.68" pos="148.88" lane="2/2to1/2_0" slope="0.00"/>
        <vehicle id="32" x="198.35" y="80.08" angle="0.00" type="DEFAULT_VEHTYPE" speed="12.65" pos="115.17" lane="1/1to1/0_0" slope="0.00"/>
        <vehicle id="37" x="201.65" y="164.93" angle="180.00" type="DEFAULT_VEHTYPE" speed="12.78" pos="164.93" lane="1/0to1/1_0" slope="0.00"/>
        <vehicle id="38" x="31.48" y="401.65" angle="-90.00" type="DEFAULT_VEHTYPE" speed="13.86" pos="163.77" lane="1/2to0/2_0" slope="0.00"/>
        <vehicle id="4" x="308.97" y="198.35" angle="90.00" type="DEFAULT_VEHTYPE" speed="13.86" pos="104.22" lane="1/1to2/1_0" slope="0.00"/>
        <vehicle id="41" x="271.61" y="598.35" angle="90.00" type="DEFAULT_VEHTYPE" speed="12.72" pos="66.86" lane="1/3to2/3_0" slope="0.00"/>
        <vehicle id="42" x="663.08" y="598.35" angle="90.00" type="DEFAULT_VEHTYPE" speed="13.10" pos="58.33" lane="3/3to4/3_0" slope="0.00"/>
        <vehicle id="43" x="266.01" y="201.65" angle="-90.00" type="DEFAULT_VEHTYPE" speed="13.20" pos="129.24" lane="2/1to1/1_0" slope="0.00"/>
        <vehicle id="44" x="595.33" y="198.36" angle="90.12" type="DEFAULT_VEHTYPE" speed="6.59" pos="0.08" lane=":3/1_14_0" slope="0.00"/>
        <vehicle id="46" x="398.35" y="624.61" angle="0.00" type="DEFAULT_VEHTYPE" speed="13.23" pos="175.39" lane="2/4to2/3_0" slope="0.00"/>
        <vehicle id="47" x="201.65" y="494.39" angle="180.00" type="DEFAULT_VEHTYPE" speed="13.31" pos="89.64" lane="1/2to1/3_0" slope="0.00"/>
        <vehicle id="49" x="201.65" y="526.20" angle="180.00" type="DEFAULT_VEHTYPE" speed="12.92" pos="121.45" lane="1/2to1/3_0" slope="0.00"/>
        <vehicle id="6" x="230.80" y="598.35" angle="90.00" type="DEFAULT_VEHTYPE" speed="13.83" pos="26.05" lane="1/3to2/3_0" slope="0.00"/>
    </timestep>
    <timestep time="782.00">
        <vehicle id="1" x="201.65" y="377.73" angle="180.00" type="DEFAULT_VEHTYPE" speed="13.85" pos="172.98" lane="1/1to1/2_0" slope="0.00"/>
        <vehicle id="11" x="398.35" y="561.82" angle="0.00" type="DEFAULT_VEHTYPE" speed="12.96" pos="33.43" lane="2/3to2/2_0" slope="0.00"/>
        <vehicle id="13" x="295.53" y="401.65" angle="-90.00" type="DEFAULT_VEHTYPE" speed="13.76" pos="99.72" lane="2/2to1/2_0" slope="0.00"/>
        <vehicle id="17" x="398.35" y="428.77" angle="0.00" type="DEFAULT_VEHTYPE" speed="13.36" pos="166.48" lane="2/3to2/2_0" slope="0.00"/>
        <vehicle id="2" x="198.35" y="348.84" angle="0.00" type="DEFAULT_VEHTYPE" speed="13.78" pos="46.41" lane="1/2to1/1_0" slope="0.00"/>
        <vehicle id="21" x="356.34" y="598.35" angle="90.00" type="DEFAULT_VEHTYPE" speed="13.83" pos="151.59" lane="1/3to2/3_0" slope="0.00"/>
        <vehicle id="23" x="192.28" y="398.35" angle="90.00" type="DEFAULT_VEHTYPE" speed="0.55" pos="192.28" lane="0/2to1/2_0" slope="0.00"/>
        <vehicle id="25" x="738.48" y="598.35" angle="90.00" type="DEFAULT_VEHTYPE" speed="13.03" pos="133.73" lane="3/3to4/3_0" slope="0.00"/>
        <vehicle id="27" x="398.35" y="677.05" angle="0.00" type="DEFAULT_VEHTYPE" speed="12.93" pos="122.95" lane="2/4to2/3_0" slope="0.00"/>
        <vehicle id="29" x="769.94" y="598.35" angle="90.00" type="DEFAULT_VEHTYPE" speed="13.38" pos="165.19" lane="3/3to4/3_0" slope="0.00"/>
        <vehicle id="3" x="233.11" y="401.65" angle="-90.00" type="DEFAULT_VEHTYPE" speed="13.26" pos="162.14" lane="2/2to1/2_0" slope="0.00"/>
        <vehicle id="32" x="198.35" y="67.07" angle="0.00" type="DEFAULT_VEHTYPE" speed="13.01" pos="128.18" lane="1/1to1/0_0" slope="0.00"/>
        <vehicle id="37" x="201.65" y="177.53" angle="180.00" type="DEFAULT_VEHTYPE" speed="12.60" pos="177.53" lane="1/0to1/1_0" slope="0.00"/>
        <vehicle id="38" x="18.45" y="401.65" angle="-90.00" type="DEFAULT_VEHTYPE" speed="13.03" pos="176.80" lane="1/2to0/2_0" slope="0.00"/>
        <vehicle id="4" x="322.67" y="198.35" angle="90.00" type="DEFAULT_VEHTYPE" speed="13.70" pos="117.92" lane="1/1to2/1_0" slope="0.00"/>
        <vehicle id="41" x="284.82" y="598.35" angle="90.00" type="DEFAULT_VEHTYPE" speed="13.21" pos="80.07" lane="1/3to2/3_0" slope="0.00"/>
        <vehicle id="42" x="675.99" y="598.35" angle="90.00" type="DEFAULT_VEHTYPE" speed="12.91" pos="71.24" lane="3/3to4/3_0" slope="0.00"/>
        <vehicle id="43" x="252.72" y="201.65" angle="-90.00" type="DEFAULT_VEHTYPE" speed="13.29" pos="142.53" lane="2/1to1/1_0" slope="0.00"/>
        <vehicle id="44" x="601.32" y="202.42" angle="138.83" type="DEFAULT_VEHTYPE" speed="7.89" pos="7.97" lane=":3/1_14_0" slope="0.00"/>
        <vehicle id="46" x="398.35" y="611.19" angle="0.00" type="DEFAULT_VEHTYPE" speed="13.42" pos="188.81" lane="2/4to2/3_0" slope="0.00"/>
        <vehicle id="47" x="201.65" y="507.79" angle="180.00" type="DEFAULT_VEHTYPE" speed="13.40" pos="103.04" lane="1/2to1/3_0" slope="0.00"/>
        <vehicle id="49" x="201.65" y="538.86" angle="180.00" type="DEFAULT_VEHTYPE" speed="12.65" pos="134.11" lane="1/2to1/3_0" slope="0.00"/>
        <vehicle id="6" x="244.19" y="598.35" angle="90.00" type="DEFAULT_VEHTYPE" speed="13.40" pos="39.44" lane="1/3to2/3_0" slope="0.00"/>
    </timestep>
    <timestep time="783.00">
        <vehicle id="1" x="201.65" y="390.70" angle="180.00" type="DEFAULT_VEHTYPE" speed="12.97" pos="185.95" lane="1/1to1/2_0" slope="0.00"/>
        <vehicle id="11" x="398.35" y="549.14" angle="0.00" type="DEFAULT_VEHTYPE" speed="12.68" pos="46.11" lane="2/3to2/2_0" slope="0.00"/>
        <vehicle id="13" x="281.80" y="401.65" angle="-90.00" type="DEFAULT_VEHTYPE" speed="13.73" pos="113.45" lane="2/2to1/2_0" slope="0.00"/>
        <vehicle id="17" x="398.35" y="415.91" angle="0.00" type="DEFAULT_VEHTYPE" speed="12.86" pos="179.34" lane="2/3to2/2_0" slope="0.00"/>
        <vehicle id="2" x="198.35" y="335.52" angle="0.00" type="DEFAULT_VEHTYPE" speed="13.32" pos="59.73" lane="1/2to1/1_0" slope="0.00"/>
        <vehicle id="21" x="369.25" y="598.35" angle="90.00" type="DEFAULT_VEHTYPE" speed="12.92" pos="164.50" lane="1/3to2/3_0" slope="0.00"/>
        <vehicle id="23" x="192.66" y="398.35" angle="90.00" type="DEFAULT_VEHTYPE" speed="0.38" pos="192.66" lane="0/2to1/2_0" slope="0.00"/>
        <vehicle id="25" x="751.94" y="598.35" angle="90.00" type="DEFAULT_VEHTYPE" speed="13.46" pos="147.19" lane="3/3to4/3_0" slope="0.00"/>
        <vehicle id="27" x="398.35" y="664.26" angle="0.00" type="DEFAULT_VEHTYPE" speed="12.79" pos="135.74" lane="2/4to2/3_0" slope="0.00"/>
        <vehicle id="29" x="782.99" y="598.35" angle="90.00" type="DEFAULT_VEHTYPE" speed="13.05" pos="178.24" lane="3/3to4/3_0" slope="0.00"/>
        <vehicle id="3" x="221.79" y="401.65" angle="-90.00" type="DEFAULT_VEHTYPE" speed="11.32" pos="173.46" lane="2/2to1/2_0" slope="0.00"/>
        <vehicle id="32" x="198.35" y="53.32" angle="0.00" type="DEFAULT_VEHTYPE" speed="13.76" pos="141.93" lane="1/1to1/0_0" slope="0.00"/>
        <vehicle id="37" x="201.65" y="191.02" angle="180.00" type="DEFAULT_VEHTYPE" speed="13.49" pos="191.02" lane="1/0to1/1_0" slope="0.00"/>
        <vehicle id="38" x="4.85" y="401.65" angle="-90.00" type="DEFAULT_VEHTYPE" speed="13.60" pos="190.40" lane="1/2to0/2_0" slope="0.00"/>
        <vehicle id="4" x="335.56" y="198.35" angle="90.00" type="DEFAULT_VEHTYPE" speed="12.90" pos="130.81" lane="1/1to2/1_0" slope="0.00"/>
        <vehicle id="41" x="298.17" y="598.35" angle="90.00" type="DEFAULT_VEHTYPE" speed="13.35" pos="93.42" lane="1/3to2/3_0" slope="0.00"/>
        <vehicle id="42" x="689.85" y="598.35" angle="90.00" type="DEFAULT_VEHTYPE" speed="13.86" pos="85.10" lane="3/3to4/3_0" slope="0.00"/>
        <vehicle id="43" x="238.82" y="201.65" angle="-90.00" type="DEFAULT_VEHTYPE" speed="13.89" pos="156.43" lane="2/1to1/1_0" slope="0.00"/>
        <vehicle id="44" x="601.65" y="212.28" angle="180.00" type="DEFAULT_VEHTYPE" speed="9.88" pos="7.53" lane="3/1to3/2_0" slope="0.00"/>
        <vehicle id="46" x="398.35" y="597.97" angle="0.00" type="DEFAULT_VEHTYPE" speed="13.21" pos="6.78" lane=":2/3_1_0" slope="0.00"/>
        <vehicle id="47" x="201.65" y="520.99" angle="180.00" type="DEFAULT_VEHTYPE" speed="13.21" pos="116.24" lane="1/2to1/3_0" slope="0.00"/>
        <vehicle id="49" x="201.65" y="552.54" angle="180.00" type="DEFAULT_VEHTYPE" speed="13.68" pos="147.79" lane="1/2to1/3_0" slope="0.00"/>
        <vehicle id="6" x="257.29" y="598.35" angle="90.00" type="DEFAULT_VEHTYPE" speed="13.10" pos="52.54" lane="1/3to2/3_0" slope="0.00"/>
    </timestep>
    <timestep time="784.00">
        <vehicle id="1" x="201.65" y="403.97" angle="180.00" type="DEFAULT_VEHTYPE" speed="13.27" pos="8.72" lane=":1/2_9_0" slope="0.00"/>
        <vehicle id="11" x="398.35" y="536.19" angle="0.00" type="DEFAULT_VEHTYPE" speed="12.95" pos="59.06" lane="2/3to2/2_0" slope="0.00"/>
        <vehicle id="13" x="268.87" y="401.65" angle="-90.00" type="DEFAULT_VEHTYPE" speed="12.93" pos="126.38" lane="2/2to1/2_0" slope="0.00"/>
        <vehicle id="17" x="397.89" y="402.94" angle="-5.35" type="DEFAULT_VEHTYPE" speed="13.06" pos="1.90" lane=":2/2_0_0" slope="0.00"/>
        <vehicle id="2" x="198.35" y="322.69" angle="0.00" type="DEFAULT_VEHTYPE" speed="12.83" pos="72.56" lane="1/2to1/1_0" slope="0.00"/>
        <vehicle id="21" x="378.98" y="598.35" angle="90.00" type="DEFAULT_VEHTYPE" speed="9.73" pos="174.23" lane="1/3to2/3_0" slope="0.00"/>
        <vehicle id="23" x="192.74" y="398.35" angle="90.00" type="DEFAULT_VEHTYPE" speed="0.08" pos="192.74" lane="0/2to1/2_0" slope="0.00"/>
        <vehicle id="25" x="764.83" y="598.35" angle="90.00" type="DEFAULT_VEHTYPE" speed="12.89" pos="160.08" lane="3/3to4/3_0" slope="0.00"/>
        <vehicle id="27" x="398.35" y="651.39" angle="0.00" type="DEFAULT_VEHTYPE" speed="12.87" pos="148.61" lane="2/4to2/3_0" slope="0.00"/>
        <vehicle id="29" x="796.86" y="598.35" angle="90.00" type="DEFAULT_VEHTYPE" speed="13.87" pos="192.11" lane="3/3to4/3_0" slope="0.00"/>
        <vehicle id="3" x="214.80" y="401.65" angle="-90.00" type="DEFAULT_VEHTYPE" speed="6.99" pos="180.45" lane="2/2to1/2_0" slope="0.00"/>
        <vehicle id="32" x="198.35" y="40.65" angle="0.00" type="DEFAULT_VEHTYPE" speed="12.66" pos="154.60" lane="1/1to1/0_0" slope="0.00"/>
        <vehicle id="37" x="208.78" y="198.35" angle="91.55" type="DEFAULT_VEHTYPE" speed="13.26" pos="4.03" lane="1/1to2/1_0" slope="0.00"/>
        <vehicle id="38" x="3.45" y="398.35" angle="79.44" type="DEFAULT_VEHTYPE" speed="13.13" pos="3.45" lane="0/2to1/2_0" slope="0.00"/>
        <vehicle id="4" x="349.08" y="198.35" angle="90.00" type="DEFAULT_VEHTYPE" speed="13.52" pos="144.33" lane="1/1to2/1_0" slope="0.00"/>
        <vehicle id="41" x="311.86" y="598.35" angle="90.00" type="DEFAULT_VEHTYPE" speed="13.68" pos="107.11" lane="1/3to2/3_0" slope="0.00"/>
        <vehicle id="42" x="703.16" y="598.35" angle="90.00" type="DEFAULT_VEHTYPE" speed="13.30" pos="98.41" lane="3/3to4/3_0" slope="0.00"/>
        <vehicle id="43" x="226.00" y="201.65" angle="-90.00" type="DEFAULT_VEHTYPE" speed="12.83" pos="169.25" lane="2/1to1/1_0" slope="0.00"/>
        <vehicle id="44" x="601.65" y="224.69" angle="180.00" type="DEFAULT_VEHTYPE" speed="12.42" pos="19.94" lane="3/1to3/2_0" slope="0.00"/>
        <vehicle id="46" x="398.35" y="584.49" angle="0.00" type="DEFAULT_VEHTYPE" speed="13.48" pos="10.76" lane="2/3to2/2_0" slope="0.00"/>
        <vehicle id="47" x="201.65" y="534.22" angle="180.00" type="DEFAULT_VEHTYPE" speed="13.22" pos="129.47" lane="1/2to1/3_0" slope="0.00"/>
        <vehicle id="49" x="201.65" y="566.30" angle="180.00" type="DEFAULT_VEHTYPE" speed="13.76" pos="161.55" lane="1/2to1/3_0" slope="0.00"/>
        <vehicle id="6" x="270.45" y="598.35" angle="90.00" type="DEFAULT_VEHTYPE" speed="13.16" pos="65.70" lane="1/3to2/3_0" slope="0.00"/>
    </timestep>
    <timestep time="785.00">
        <vehicle id="1" x="201.65" y="416.99" angle="180.00" type="DEFAULT_VEHTYPE" speed="13.02" pos="12.24" lane="1/2to1/3_0" slope="0.00"/>
        <vehicle id="11" x="398.35" y="522.82" angle="0.00" type="DEFAULT_VEHTYPE" speed="13.37" pos="72.43" lane="2/3to2/2_0" slope="0.00"/>
        <vehicle id="13" x="255.14" y="401.65" angle="-90.00" type="DEFAULT_VEHTYPE" speed="13.73" pos="140.11" lane="2/2to1/2_0" slope="0.00"/>
        <vehicle id="17" x="385.48" y="401.65" angle="-90.00" type="DEFAULT_VEHTYPE" speed="12.87" pos="9.77" lane="2/2to1/2_0" slope="0.00"/>
        <vehicle id="2" x="198.35" y="310.01" angle="0.00" type="DEFAULT_VEHTYPE" speed="12.68" pos="85.24" lane="1/2to1/1_0" slope="0.00"/>
        <vehicle id="21" x="385.39" y="598.35" angle="90.00" type="DEFAULT_VEHTYPE" speed="6.40" pos="180.64" lane="1/3to2/3_0" slope="0.00"/>
        <vehicle id="23" x="192.75" y="398.35" angle="90.00" type="DEFAULT_VEHTYPE" speed="0.01" pos="192.75" lane="0/2to1/2_0" slope="0.00"/>
        <vehicle id="25" x="777.58" y="598.35" angle="90.00" type="DEFAULT_VEHTYPE" speed="12.74" pos="172.83" lane="3/3to4/3_0" slope="0.00"/>
        <vehicle id="27" x="398.35" y="638.58" angle="0.00" type="DEFAULT_VEHTYPE" speed="12.81" pos="161.42" lane="2/4to2/3_0" slope="0.00"/>
        <vehicle id="29" x="794.46" y="601.65" angle="-90.00" type="DEFAULT_VEHTYPE" speed="13.50" pos="5.54" lane="4/3to3/3_0" slope="0.00"/>
        <vehicle id="3" x="210.48" y="401.65" angle="-90.00" type="DEFAULT_VEHTYPE" speed="4.32" pos="184.77" lane="2/2to1/2_0" slope="0.00"/>
        <vehicle id="32" x="198.35" y="26.79" angle="0.00" type="DEFAULT_VEHTYPE" speed="13.87" pos="168.46" lane="1/1to1/0_0" slope="0.00"/>
        <vehicle id="37" x="222.28" y="198.35" angle="90.00" type="DEFAULT_VEHTYPE" speed="13.50" pos="17.53" lane="1/1to2/1_0" slope="0.00"/>
        <vehicle id="38" x="17.24" y="398.35" angle="90.00" type="DEFAULT_VEHTYPE" speed="13.79" pos="17.24" lane="0/2to1/2_0" slope="0.00"/>
        <vehicle id="4" x="362.41" y="198.35" angle="90.00" type="DEFAULT_VEHTYPE" speed="13.33" pos="157.66" lane="1/1to2/1_0" slope="0.00"/>
        <vehicle id="41" x="325.18" y="598.35" angle="90.00" type="DEFAULT_VEHTYPE" speed="13.32" pos="120.43" lane="1/3to2/3_0" slope="0.00"/>
        <vehicle id="42" x="716.15" y="598.35" angle="90.00" type="DEFAULT_VEHTYPE" speed="13.00" pos="111.40" lane="3/3to4/3_0" slope="0.00"/>
        <vehicle id="43" x="217.33" y="201.65" angle="-90.00" type="DEFAULT_VEHTYPE" speed="8.66" pos="177.92" lane="2/1to1/1_0" slope="0.00"/>
        <vehicle id="44" x="601.65" y="237.65" angle="180.00" type="DEFAULT_VEHTYPE" speed="12.96" pos="32.90" lane="3/1to3/2_0" slope="0.00"/>
        <vehicle id="46" x="398.35" y="571.53" angle="0.00" type="DEFAULT_VEHTYPE" speed="12.95" pos="23.72" lane="2/3to2/2_0" slope="0.00"/>
        <vehicle id="47" x="201.65" y="547.49" angle="180.00" type="DEFAULT_VEHTYPE" speed="13.27" pos="142.74" lane="1/2to1/3_0" slope="0.00"/>
        <vehicle id="49" x="201.65" y="578.90" angle="180.00" type="DEFAULT_VEHTYPE" speed="12.61" pos="174.15" lane="1/2to1/3_0" slope="0.00"/>
        <vehicle id="6" x="283.62" y="598.35" angle="90.00" type="DEFAULT_VEHTYPE" speed="13.18" pos="78.87" lane="1/3to2/3_0" slope="0.00"/>
    </timestep>
    <timestep time="786.00">
        <vehicle id="1" x="201.65" y="430.60" angle="180.00" type="DEFAULT_VEHTYPE" speed="13.61" pos="25.85" lane="1/2to1/3_0" slope="0.00"/>
        <vehicle id="11" x="398.35" y="509.87" angle="0.00" type="DEFAULT_VEHTYPE" speed="12.95" pos="85.38" lane="2/3to2/2_0" slope="0.00"/>
        <vehicle id="13" x="241.28" y="401.65" angle="-90.00" type="DEFAULT_VEHTYPE" speed="13.86" pos="153.97" lane="2/2to1/2_0" slope="0.00"/>
        <vehicle id="17" x="371.67" y="401.65" angle="-90.00" type="DEFAULT_VEHTYPE" speed="13.80" pos="23.58" lane="2/2to1/2_0" slope="0.00"/>
        <vehicle id="2" x="198.35" y="297.38" angle="0.00" type="DEFAULT_VEHTYPE" speed="12.63" pos="97.87" lane="1/2to1/1_0" slope="0.00"/>
        <vehicle id="21" x="389.01" y="598.35" angle="90.00" type="DEFAULT_VEHTYPE" speed="3.63" pos="184.26" lane="1/3to2/3_0" slope="0.00"/>
        <vehicle id="23" x="192.75" y="398.35" angle="90.00" type="DEFAULT_VEHTYPE" speed="0.00" pos="192.75" lane="0/2to1/2_0" slope="0.00"/>
        <vehicle id="25" x="790.96" y="598.35" angle="90.00" type="DEFAULT_VEHTYPE" speed="13.38" pos="186.21" lane="3/3to4/3_0" slope="0.00"/>
        <vehicle id="27" x="398.35" y="625.23" angle="0.00" type="DEFAULT_VEHTYPE" speed="13.34" pos="174.77" lane="2/4to2/3_0" slope="0.00"/>
        <vehicle id="29" x="781.11" y="601.65" angle="-90.00" type="DEFAULT_VEHTYPE" speed="13.35" pos="18.89" lane="4/3to3/3_0" slope="0.00"/>
        <vehicle id="3" x="204.51" y="401.65" angle="-90.00" type="DEFAULT_VEHTYPE" speed="5.96" pos="0.24" lane=":1/2_5_0" slope="0.00"/>
        <vehicle id="32" x="198.35" y="14.02" angle="0.00" type="DEFAULT_VEHTYPE" speed="12.77" pos="181.23" lane="1/1to1/0_0" slope="0.00"/>
        <vehicle id="37" x="235.33" y="198.35" angle="90.00" type="DEFAULT_VEHTYPE" speed="13.06" pos="30.58" lane="1/1to2/1_0" slope="0.00"/>
        <vehicle id="38" x="29.88" y="398.35" angle="90.00" type="DEFAULT_VEHTYPE" speed="12.64" pos="29.88" lane="0/2to1/2_0" slope="0.00"/>
        <vehicle id="4" x="374.88" y="198.35" angle="90.00" type="DEFAULT_VEHTYPE" speed="12.47" pos="170.13" lane="1/1to2/1_0" slope="0.00"/>
        <vehicle id="41" x="338.30" y="598.35" angle="90.00" type="DEFAULT_VEHTYPE" speed="13.12" pos="133.55" lane="1/3to2/3_0" slope="0.00"/>
        <vehicle id="42" x="729.09" y="598.35" angle="90.00" type="DEFAULT_VEHTYPE" speed="12.94" pos="124.34" lane="3/3to4/3_0" slope="0.00"/>
        <vehicle id="43" x="212.12" y="201.65" angle="-90.00" type="DEFAULT_VEHTYPE" speed="5.21" pos="183.13" lane="2/1to1/1_0" slope="0.00"/>
        <vehicle id="44" x="601.65" y="250.66" angle="180.00" type="DEFAULT_VEHTYPE" speed="13.01" pos="45.91" lane="3/1to3/2_0" slope="0.00"/>
        <vehicle id="46" x="398.35" y="558.13" angle="0.00" type="DEFAULT_VEHTYPE" speed="13.40" pos="37.12" lane="2/3to2/2_0" slope="0.00"/>
        <vehicle id="47" x="201.65" y="561.17" angle="180.00" type="DEFAULT_VEHTYPE" speed="13.68" pos="156.42" lane="1/2to1/3_0" slope="0.00"/>
        <vehicle id="49" x="201.65" y="592.06" angle="180.00" type="DEFAULT_VEHTYPE" speed="13.16" pos="187.31" lane="1/2to1/3_0" slope="0.00"/>
        <vehicle id="6" x="296.35" y="598.35" angle="90.00" type="DEFAULT_VEHTYPE" speed="12.73" pos="91.60" lane="1/3to2/3_0" slope="0.00"/>
    </timestep>
    <timestep time="787.00">
        <vehicle id="1" x="201.65" y="444.26" angle="180.00" type="DEFAULT_VEHTYPE" speed="13.66" pos="39.51" lane="1/2to1/3_0" slope="0.00"/>
        <vehicle id="11" x="398.35" y="496.24" angle="0.00" type="DEFAULT_VEHTYPE" speed="13.63" pos="99.01" lane="2/3to2/2_0" slope="0.00"/>
        <vehicle id="13" x="228.77" y="401.65" angle="-90.00" type="DEFAULT_VEHTYPE" speed="12.52" pos="166.48" lane="2/2to1/2_0" slope="0.00"/>
        <vehicle id="17" x="358.76" y="401.65" angle="-90.00" type="DEFAULT_VEHTYPE" speed="12.91" pos="36.49" lane="2/2to1/2_0" slope="0.00"/>
        <vehicle id="2" x="198.35" y="283.85" angle="0.00" type="DEFAULT_VEHTYPE" speed="13.53" pos="111.40" lane="1/2to1/1_0" slope="0.00"/>
        <vehicle id="21" x="390.99" y="598.35" angle="90.00" type="DEFAULT_VEHTYPE" speed="1.98" pos="186.24" lane="1/3to2/3_0" slope="0.00"/>
        <vehicle id="23" x="192.75" y="398.35" angle="90.00" type="DEFAULT_VEHTYPE" speed="0.00" pos="192.75" lane="0/2to1/2_0" slope="0.00"/>
        <vehicle id="25" x="800.52" y="601.30" angle="155.77" type="DEFAULT_VEHTYPE" speed="13.24" pos="4.19" lane=":4/3_0_0" slope="0.00"/>
        <vehicle id="27" x="398.35" y="611.50" angle="0.00" type="DEFAULT_VEHTYPE" speed="13.73" pos="188.50" lane="2/4to2/3_0" slope="0.00"/>
        <vehicle id="29" x="767.39" y="601.65" angle="-90.00" type="DEFAULT_VEHTYPE" speed="13.71" pos="32.61" lane="4/3to3/3_0" slope="0.00"/>
        <vehicle id="3" x="197.16" y="401.65" angle="-90.00" type="DEFAULT_VEHTYPE" speed="7.35" pos="7.59" lane=":1/2_5_0" slope="0.00"/>
        <vehicle id="32" x="198.35" y="0.85" angle="0.00" type="DEFAULT_VEHTYPE" speed="13.17" pos="194.40" lane="1/1to1/0_0" slope="0.00"/>
        <vehicle id="37" x="249.18" y="198.35" angle="90.00" type="DEFAULT_VEHTYPE" speed="13.85" pos="44.43" lane="1/1to2/1_0" slope="0.00"/>
        <vehicle id="38" x="42.51" y="398.35" angle="90.00" type="DEFAULT_VEHTYPE" speed="12.63" pos="42.51" lane="0/2to1/2_0" slope="0.00"/>
        <vehicle id="4" x="382.84" y="198.35" angle="90.00" type="DEFAULT_VEHTYPE" speed="7.97" pos="178.09" lane="1/1to2/1_0" slope="0.00"/>
        <vehicle id="41" x="351.11" y="598.35" angle="90.00" type="DEFAULT_VEHTYPE" speed="12.81" pos="146.36" lane="1/3to2/3_0" slope="0.00"/>
        <vehicle id="42" x="742.45" y="598.35" angle="90.00" type="DEFAULT_VEHTYPE" speed="13.36" pos="137.70" lane="3/3to4/3_0" slope="0.00"/>
        <vehicle id="43" x="209.42" y="201.65" angle="-90.00" type="DEFAULT_VEHTYPE" speed="2.70" pos="185.83" lane="2/1to1/1_0" slope="0.00"/>
        <vehicle id="44" x="601.65" y="263.65" angle="180.00" type="DEFAULT_VEHTYPE" speed="12.99" pos="58.90" lane="3/1to3/2_0" slope="0.00"/>
        <vehicle id="46" x="398.35" y="545.29" angle="0.00" type="DEFAULT_VEHTYPE" speed="12.85" pos="49.96" lane="2/3to2/2_0" slope="0.00"/>
        <vehicle id="47" x="201.65" y="574.33" angle="180.00" type="DEFAULT_VEHTYPE" speed="13.16" pos="169.58" lane="1/2to1/3_0" slope="0.00"/>
        <vehicle id="49" x="210.11" y="598.35" angle="90.00" type="DEFAULT_VEHTYPE" speed="13.55" pos="5.36" lane="1/3to2/3_0" slope="0.00"/>
        <vehicle id="6" x="309.36" y="598.35" angle="90.00" type="DEFAULT_VEHTYPE" speed="13.00" pos="104.61" lane="1/3to2/3_0" slope="0.00"/>
    </timestep>
    <timestep time="788.00">
        <vehicle id="1" x="201.65" y="457.92" angle="180.00" type="DEFAULT_VEHTYPE" speed="13.65" pos="53.17" lane="1/2to1/3_0" slope="0.00"/>
        <vehicle id="11" x="398.35" y="483.10" angle="0.00" type="DEFAULT_VEHTYPE" speed="13.14" pos="112.15" lane="2/3to2/2_0" slope="0.00"/>
        <vehicle id="13" x="218.80" y="401.65" angle="-90.00" type="DEFAULT_VEHTYPE" speed="9.97" pos="176.45" lane="2/2to1/2_0" slope="0.00"/>
        <vehicle id="17" x="345.40" y="401.65" angle="-90.00" type="DEFAULT_VEHTYPE" speed="13.36" pos="49.85" lane="2/2to1/2_0" slope="0.00"/>
        <vehicle id="2" x="198.35" y="270.15" angle="0.00" type="DEFAULT_VEHTYPE" speed="13.71" pos="125.10" lane="1/2to1/1_0" slope="0.00"/>
        <vehicle id="21" x="391.84" y="598.35" angle="90.00" type="DEFAULT_VEHTYPE" speed="0.84" pos="187.09" lane="1/3to2/3_0" slope="0.00"/>
        <vehicle id="23" x="195.07" y="398.35" angle="90.00" type="DEFAULT_VEHTYPE" speed="2.32" pos="195.07" lane="0/2to1/2_0" slope="0.00"/>
        <vehicle id="25" x="786.95" y="601.65" angle="-90.00" type="DEFAULT_VEHTYPE" speed="13.67" pos="13.05" lane="4/3to3/3_0" slope="0.00"/>
        <vehicle id="27" x="398.35" y="598.19" angle="0.00" type="DEFAULT_VEHTYPE" speed="13.30" pos="6.56" lane=":2/3_1_0" slope="0.00"/>
        <vehicle id="29" x="754.00" y="601.65" angle="-90.00" type="DEFAULT_VEHTYPE" speed="13.39" pos="46.00" lane="4/3to3/3_0" slope="0.00"/>
        <vehicle id="3" x="187.76" y="401.65" angle="-90.00" type="DEFAULT_VEHTYPE" speed="9.40" pos="7.49" lane="1/2to0/2_0" slope="0.00"/>
        <vehicle id="32" x="201.65" y="8.21" angle="180.00" type="DEFAULT_VEHTYPE" speed="13.87" pos="8.21" lane="1/0to1/1_0" slope="0.00"/>
        <vehicle id="37" x="262.59" y="198.35" angle="90.00" type="DEFAULT_VEHTYPE" speed="13.41" pos="57.84" lane="1/1to2/1_0" slope="0.00"/>
        <vehicle id="38" x="55.51" y="398.35" angle="90.00" type="DEFAULT_VEHTYPE" speed="13.00" pos="55.51" lane="0/2to1/2_0" slope="0.00"/>
        <vehicle id="4" x="388.14" y="198.35" angle="90.00" type="DEFAULT_VEHTYPE" speed="5.30" pos="183.39" lane="1/1to2/1_0" slope="0.00"/>
        <vehicle id="41" x="364.05" y="598.35" angle="90.00" type="DEFAULT_VEHTYPE" speed="12.94" pos="159.30" lane="1/3to2/3_0" slope="0.00"/>
        <vehicle id="42" x="755.48" y="598.35" angle="90.00" type="DEFAULT_VEHTYPE" speed="13.03" pos="150.73" lane="3/3to4/3_0" slope="0.00"/>
        <vehicle id="43" x="204.91" y="201.65" angle="-90.00" type="DEFAULT_VEHTYPE" speed="4.51" pos="190.34" lane="2/1to1/1_0" slope="0.00"/>
        <vehicle id="44" x="601.65" y="277.13" angle="180.00" type="DEFAULT_VEHTYPE" speed="13.48" pos="72.38" lane="3/1to3/2_0" slope="0.00"/>
        <vehicle id="46" x="398.35" y="532.17" angle="0.00" type="DEFAULT_VEHTYPE" speed="13.11" pos="63.08" lane="2/3to2/2_0" slope="0.00"/>
        <vehicle id="47" x="201.65" y="587.61" angle="180.00" type="DEFAULT_VEHTYPE" speed="13.29" pos="182.86" lane="1/2to1/3_0" slope="0.00"/>
        <vehicle id="49" x="223.72" y="598.35" angle="90.00" type="DEFAULT_VEHTYPE" speed="13.61" pos="18.97" lane="1/3to2/3_0" slope="0.00"/>
        <vehicle id="6" x="322.43" y="598.35" angle="90.00" type="DEFAULT_VEHTYPE" speed="13.07" pos="117.68" lane="1/3to2/3_0" slope="0.00"/>
    </timestep>
    <timestep time="789.00">
        <vehicle id="1" x="201.65" y="471.66" angle="180.00" type="DEFAULT_VEHTYPE" speed="13.74" pos="66.91" lane="1/2to1/3_0" slope="0.00"/>
        <vehicle id="11" x="398.35" y="469.39" angle="0.00" type="DEFAULT_VEHTYPE" speed="13.71" pos="125.86" lane="2/3to2/2_0" slope="0.00"/>
        <vehicle id="13" x="212.98" y="401.65" angle="-90.00" type="DEFAULT_VEHTYPE" speed="5.82" pos="182.27" lane="2/2to1/2_0" slope="0.00"/>
        <vehicle id="17" x="332.67" y="401.65" angle="-90.00" type="DEFAULT_VEHTYPE" speed="12.73" pos="62.58" lane="2/2to1/2_0" slope="0.00"/>
        <vehicle id="2" x="198.35" y="256.99" angle="0.00" type="DEFAULT_VEHTYPE" speed="13.15" pos="138.26" lane="1/2to1/1_0" slope="0.00"/>
        <vehicle id="21" x="394.08" y="598.35" angle="90.00" type="DEFAULT_VEHTYPE" speed="2.25" pos="189.33" lane="1/3to2/3_0" slope="0.00"/>
        <vehicle id="23" x="198.85" y="399.23" angle="100.28" type="DEFAULT_VEHTYPE" speed="3.94" pos="3.76" lane=":1/2_14_0" slope="0.00"/>
        <vehicle id="25" x="774.02" y="601.65" angle="-90.00" type="DEFAULT_VEHTYPE" speed="12.94" pos="25.98" lane="4/3to3/3_0" slope="0.00"/>
        <vehicle id="27" x="398.35" y="584.30" angle="0.00" type="DEFAULT_VEHTYPE" speed="13.89" pos="10.95" lane="2/3to2/2_0" slope="0.00"/>
        <vehicle id="29" x="740.54" y="601.65" angle="-90.00" type="DEFAULT_VEHTYPE" speed="13.47" pos="59.46" lane="4/3to3/3_0" slope="0.00"/>
        <vehicle id="3" x="175.96" y="401.65" angle="-90.00" type="DEFAULT_VEHTYPE" speed="11.80" pos="19.29" lane="1/2to0/2_0" slope="0.00"/>
        <vehicle id="32" x="201.65" y="21.00" angle="180.00" type="DEFAULT_VEHTYPE" speed="12.79" pos="21.00" lane="1/0to1/1_0" slope="0.00"/>
        <vehicle id="37" x="276.34" y="198.35" angle="90.00" type="DEFAULT_VEHTYPE" speed="13.75" pos="71.59" lane="1/1to2/1_0" slope="0.00"/>
        <vehicle id="38" x="68.55" y="398.35" angle="90.00" type="DEFAULT_VEHTYPE" speed="13.04" pos="68.55" lane="0/2to1/2_0" slope="0.00"/>
        <vehicle id="4" x="391.35" y="198.35" angle="90.00" type="DEFAULT_VEHTYPE" speed="3.21" pos="186.60" lane="1/1to2/1_0" slope="0.00"/>
        <vehicle id="41" x="373.73" y="598.35" angle="90.00" type="DEFAULT_VEHTYPE" speed="9.67" pos="168.98" lane="1/3to2/3_0" slope="0.00"/>
        <vehicle id="42" x="768.32" y="598.35" angle="90.00" type="DEFAULT_VEHTYPE" speed="12.84" pos="163.57" lane="3/3to4/3_0" slope="0.00"/>
        <vehicle id="43" x="201.65" y="206.56" angle="-163.13" type="DEFAULT_VEHTYPE" speed="6.98" pos="1.81" lane="1/1to1/2_0" slope="0.00"/>
        <vehicle id="44" x="601.65" y="290.74" angle="180.00" type="DEFAULT_VEHTYPE" speed="13.61" pos="85.99" lane="3/1to3/2_0" slope="0.00"/>
        <vehicle id="46" x="398.35" y="519.08" angle="0.00" type="DEFAULT_VEHTYPE" speed="13.09" pos="76.17" lane="2/3to2/2_0" slope="0.00"/>
        <vehicle id="47" x="205.87" y="598.35" angle="116.04" type="DEFAULT_VEHTYPE" speed="13.76" pos="1.12" lane="1/3to2/3_0" slope="0.00"/>
        <vehicle id="49" x="236.89" y="598.35" angle="90.00" type="DEFAULT_VEHTYPE" speed="13.17" pos="32.14" lane="1/3to2/3_0" slope="0.00"/>
        <vehicle id="6" x="335.44" y="598.35" angle="90.00" type="DEFAULT_VEHTYPE" speed="13.02" pos="130.69" lane="1/3to2/3_0" slope="0.00"/>
    </timestep>
    <timestep time="790.00">
        <vehicle id="1" x="201.65" y="485.01" angle="180.00" type="DEFAULT_VEHTYPE" speed="13.35" pos="80.26" lane="1/2to1/3_0" slope="0.00"/>
        <vehicle id="11" x="398.35" y="456.44" angle="0.00" type="DEFAULT_VEHTYPE" speed="12.95" pos="138.81" lane="2/3to2/2_0" slope="0.00"/>
        <vehicle id="13" x="209.92" y="401.65" angle="-90.00" type="DEFAULT_VEHTYPE" speed="3.06" pos="185.33" lane="2/2to1/2_0" slope="0.00"/>
        <vehicle id="17" x="318.98" y="401.65" angle="-90.00" type="DEFAULT_VEHTYPE" speed="13.69" pos="76.27" lane="2/2to1/2_0" slope="0.00"/>
        <vehicle id="2" x="198.35" y="244.37" angle="0.00" type="DEFAULT_VEHTYPE" speed="12.62" pos="150.88" lane="1/2to1/1_0" slope="0.00"/>
        <vehicle id="21" x="398.12" y="598.79" angle="95.12" type="DEFAULT_VEHTYPE" speed="4.08" pos="2.91" lane=":2/3_14_0" slope="0.00"/>
        <vehicle id="23" x="201.55" y="404.05" angle="155.76" type="DEFAULT_VEHTYPE" speed="5.85" pos="9.61" lane=":1/2_14_0" slope="0.00"/>
        <vehicle id="25" x="760.26" y="601.65" angle="-90.00" type="DEFAULT_VEHTYPE" speed="13.76" pos="39.74" lane="4/3to3/3_0" slope="0.00"/>
        <vehicle id="27" x="398.35" y="570.67" angle="0.00" type="DEFAULT_VEHTYPE" speed="13.63" pos="24.58" lane="2/3to2/2_0" slope="0.00"/>
        <vehicle id="29" x="727.43" y="601.65" angle="-90.00" type="DEFAULT_VEHTYPE" speed="13.11" pos="72.57" lane="4/3to3/3_0" slope="0.00"/>
        <vehicle id="3" x="162.92" y="401.65" angle="-90.00" type="DEFAULT_VEHTYPE" speed="13.04" pos="32.33" lane="1/2to0/2_0" slope="0.00"/>
        <vehicle id="32" x="201.65" y="33.99" angle="180.00" type="DEFAULT_VEHTYPE" speed="12.99" pos="33.99" lane="1/0to1/1_0" slope="0.00"/>
        <vehicle id="37" x="290.07" y="198.35" angle="90.00" type="DEFAULT_VEHTYPE" speed="13.73" pos="85.32" lane="1/1to2/1_0" slope="0.00"/>
        <vehicle id="38" x="81.27" y="398.35" angle="90.00" type="DEFAULT_VEHTYPE" speed="12.72" pos="81.27" lane="0/2to1/2_0" slope="0.00"/>
        <vehicle id="4" x="396.56" y="198.35" angle="90.00" type="DEFAULT_VEHTYPE" speed="5.21" pos="1.31" lane=":2/1_13_0" slope="0.00"/>
        <vehicle id="41" x="380.66" y="598.35" angle="90.00" type="DEFAULT_VEHTYPE" speed="6.93" pos="175.91" lane="1/3to2/3_0" slope="0.00"/>
        <vehicle id="42" x="782.14" y="598.35" angle="90.00" type="DEFAULT_VEHTYPE" speed="13.82" pos="177.39" lane="3/3to4/3_0" slope="0.00"/>
        <vehicle id="43" x="201.65" y="215.14" angle="180.00" type="DEFAULT_VEHTYPE" speed="8.57" pos="10.39" lane="1/1to1/2_0" slope="0.00"/>
        <vehicle id="44" x="601.65" y="304.30" angle="180.00" type="DEFAULT_VEHTYPE" speed="13.56" pos="99.55" lane="3/1to3/2_0" slope="0.00"/>
        <vehicle id="46" x="398.35" y="505.69" angle="0.00" type="DEFAULT_VEHTYPE" speed="13.39" pos="89.56" lane="2/3to2/2_0" slope="0.00"/>
        <vehicle id="47" x="218.90" y="598.35" angle="90.00" type="DEFAULT_VEHTYPE" speed="13.03" pos="14.15" lane="1/3to2/3_0" slope="0.00"/>
        <vehicle id="49" x="250.27" y="598.35" angle="90.00" type="DEFAULT_VEHTYPE" speed="13.39" pos="45.52" lane="1/3to2/3_0" slope="0.00"/>
        <vehicle id="6" x="348.27" y="598.35" angle="90.00" type="DEFAULT_VEHTYPE" speed="12.83" pos="143.52" lane="1/3to2/3_0" slope="0.00"/>
    </timestep>
    <timestep time="791.00">
        <vehicle id="1" x="201.65" y="498.50" angle="180.00" type="DEFAULT_VEHTYPE" speed="13.49" pos="93.75" lane="1/2to1/3_0" slope="0.00"/>
        <vehicle id="11" x="398.35" y="442.72" angle="0.00" type="DEFAULT_VEHTYPE" speed="13.73" pos="152.53" lane="2/3to2/2_0" slope="0.00"/>
        <vehicle id="13" x="204.59" y="401.63" angle="-89.74" type="DEFAULT_VEHTYPE" speed="5.33" pos="0.16" lane=":1/2_6_0" slope="0.00"/>
        <vehicle id="17" x="305.75" y="401.65" angle="-90.00" type="DEFAULT_VEHTYPE" speed="13.24" pos="89.50" lane="2/2to1/2_0" slope="0.00"/>
        <vehicle id="2" x="198.35" y="230.53" angle="0.00" type="DEFAULT_VEHTYPE" speed="13.84" pos="164.72" lane="1/2to1/1_0" slope="0.00"/>
        <vehicle id="21" x="401.47" y="603.46" angle="149.68" type="DEFAULT_VEHTYPE" speed="6.10" pos="9.02" lane=":2/3_14_0" slope="0.00"/>
        <vehicle id="23" x="201.65" y="411.93" angle="180.00" type="DEFAULT_VEHTYPE" speed="7.89" pos="7.18" lane="1/2to1/3_0" slope="0.00"/>
        <vehicle id="25" x="746.87" y="601.65" angle="-90.00" type="DEFAULT_VEHTYPE" speed="13.39" pos="53.13" lane="4/3to3/3_0" slope="0.00"/>
        <vehicle id="27" x="398.35" y="558.04" angle="0.00" type="DEFAULT_VEHTYPE" speed="12.63" pos="37.21" lane="2/3to2/2_0" slope="0.00"/>
        <vehicle id="29" x="713.86" y="601.65" angle="-90.00" type="DEFAULT_VEHTYPE" speed="13.57" pos="86.14" lane="4/3to3/3_0" slope="0.00"/>
        <vehicle id="3" x="149.36" y="401.65" angle="-90.00" type="DEFAULT_VEHTYPE" speed="13.56" pos="45.89" lane="1/2to0/2_0" slope="0.00"/>
        <vehicle id="32" x="201.65" y="46.67" angle="180.00" type="DEFAULT_VEHTYPE" speed="12.67" pos="46.67" lane="1/0to1/1_0" slope="0.00"/>
        <vehicle id="37" x="303.37" y="198.35" angle="90.00" type="DEFAULT_VEHTYPE" speed="13.29" pos="98.62" lane="1/1to2/1_0" slope="0.00"/>
        <vehicle id="38" x="94.53" y="398.35" angle="90.00" type="DEFAULT_VEHTYPE" speed="13.26" pos="94.53" lane="0/2to1/2_0" slope="0.00"/>
        <vehicle id="4" x="403.60" y="198.35" angle="90.00" type="DEFAULT_VEHTYPE" speed="7.04" pos="8.35" lane=":2/1_13_0" slope="0.00"/>
        <vehicle id="41" x="386.19" y="598.35" angle="90.00" type="DEFAULT_VEHTYPE" speed="5.53" pos="181.44" lane="1/3to2/3_0" slope="0.00"/>
        <vehicle id="42" x="795.38" y="598.35" angle="90.00" type="DEFAULT_VEHTYPE" speed="13.23" pos="190.63" lane="3/3to4/3_0" slope="0.00"/>
        <vehicle id="43" x="201.65" y="226.30" angle="180.00" type="DEFAULT_VEHTYPE" speed="11.16" pos="21.55" lane="1/1to1/2_0" slope="0.00"/>
        <vehicle id="44" x="601.65" y="318.19" angle="180.00" type="DEFAULT_VEHTYPE" speed="13.89" pos="113.44" lane="3/1to3/2_0" slope="0.00"/>
        <vehicle id="46" x="398.35" y="492.81" angle="0.00" type="DEFAULT_VEHTYPE" speed="12.88" pos="102.44" lane="2/3to2/2_0" slope="0.00"/>
        <vehicle id="47" x="232.78" y="598.35" angle="90.00" type="DEFAULT_VEHTYPE" speed="13.88" pos="28.03" lane="1/3to2/3_0" slope="0.00"/>
        <vehicle id="49" x="263.39" y="598.35" angle="90.00" type="DEFAULT_VEHTYPE" speed="13.12" pos="58.64" lane="1/3to2/3_0" slope="0.00"/>
        <vehicle id="6" x="360.89" y="598.35" angle="90.00" type="DEFAULT_VEHTYPE" speed="12.62" pos="156.14" lane="1/3to2/3_0" slope="0.00"/>
    </timestep>
    <timestep time="792.00">
        <vehicle id="1" x="201.65" y="511.40" angle="180.00" type="DEFAULT_VEHTYPE" speed="12.90" pos="106.65" lane="1/2to1/3_0" slope="0.00"/>
        <vehicle id="11" x="398.35" y="429.39" angle="0.00" type="DEFAULT_VEHTYPE" speed="13.33" pos="165.86" lane="2/3to2/2_0" slope="0.00"/>
        <vehicle id="13" x="198.69" y="397.66" angle="-42.00" type="DEFAULT_VEHTYPE" speed="7.73" pos="7.89" lane=":1/2_6_0" slope="0.00"/>
        <vehicle id="17" x="292.45" y="401.65" angle="-90.00" type="DEFAULT_VEHTYPE" speed="13.30" pos="102.80" lane="2/2to1/2_0" slope="0.00"/>
        <vehicle id="2" x="198.35" y="217.78" angle="0.00" type="DEFAULT_VEHTYPE" speed="12.75" pos="177.47" lane="1/2to1/1_0" slope="0.00"/>
        <vehicle id="21" x="401.65" y="611.42" angle="180.00" type="DEFAULT_VEHTYPE" speed="7.98" pos="6.67" lane="2/3to2/4_0" slope="0.00"/>
        <vehicle id="23" x="201.65" y="422.17" angle="180.00" type="DEFAULT_VEHTYPE" speed="10.24" pos="17.42" lane="1/2to1/3_0" slope="0.00"/>
        <vehicle id="25" x="734.19" y="601.65" angle="-90.00" type="DEFAULT_VEHTYPE" speed="12.68" pos="65.81" lane="4/3to3/3_0" slope="0.00"/>
        <vehicle id="27" x="398.35" y="545.08" angle="0.00" type="DEFAULT_VEHTYPE" speed="12.96" pos="50.17" lane="2/3to2/2_0" slope="0.00"/>
        <vehicle id="29" x="700.80" y="601.65" angle="-90.00" type="DEFAULT_VEHTYPE" speed="13.06" pos="99.20" lane="4/3to3/3_0" slope="0.00"/>
        <vehicle id="3" x="135.61" y="401.65" angle="-90.00" type="DEFAULT_VEHTYPE" speed="13.75" pos="59.64" lane="1/2to0/2_0" slope="0.00"/>
        <vehicle id="32" x="201.65" y="60.09" angle="180.00" type="DEFAULT_VEHTYPE" speed="13.43" pos="60.09" lane="1/0to1/1_0" slope="0.00"/>
        <vehicle id="37" x="316.95" y="198.35" angle="90.00" type="DEFAULT_VEHTYPE" speed="13.59" pos="112.20" lane="1/1to2/1_0" slope="0.00"/>
        <vehicle id="38" x="107.65" y="398.35" angle="90.00" type="DEFAULT_VEHTYPE" speed="13.12" pos="107.65" lane="0/2to1/2_0" slope="0.00"/>
        <vehicle id="4" x="413.11" y="198.35" angle="90.00" type="DEFAULT_VEHTYPE" speed="9.50" pos="8.36" lane="2/1to3/1_0" slope="0.00"/>
        <vehicle id="41" x="390.03" y="598.35" angle="90.00" type="DEFAULT_VEHTYPE" speed="3.84" pos="185.28" lane="1/3to2/3_0" slope="0.00"/>
        <vehicle id="42" x="796.80" y="601.65" angle="-103.49" type="DEFAULT_VEHTYPE" speed="12.65" pos="3.20" lane="4/3to3/3_0" slope="0.00"/>
        <vehicle id="43" x="201.65" y="239.07" angle="180.00" type="DEFAULT_VEHTYPE" speed="12.77" pos="34.32" lane="1/1to1/2_0" slope="0.00"/>
        <vehicle id="44" x="601.65" y="331.00" angle="180.00" type="DEFAULT_VEHTYPE" speed="12.81" pos="126.25" lane="3/1to3/2_0" slope="0.00"/>
        <vehicle id="46" x="398.35" y="479.81" angle="0.00" type="DEFAULT_VEHTYPE" speed="13.01" pos="115.44" lane="2/3to2/2_0" slope="0.00"/>
        <vehicle id="47" x="246.50" y="598.35" angle="90.00" type="DEFAULT_VEHTYPE" speed="13.72" pos="41.75" lane="1/3to2/3_0" slope="0.00"/>
        <vehicle id="49" x="276.76" y="598.35" angle="90.00" type="DEFAULT_VEHTYPE" speed="13.37" pos="72.01" lane="1/3to2/3_0" slope="0.00"/>
        <vehicle id="6" x="370.34" y="598.35" angle="90.00" type="DEFAULT_VEHTYPE" speed="9.45" pos="165.59" lane="1/3to2/3_0" slope="0.00"/>
    </timestep>
    <timestep time="793.00">
        <vehicle id="1" x="201.65" y="524.48" angle="180.00" type="DEFAULT_VEHTYPE" speed="13.08" pos="119.73" lane="1/2to1/3_0" slope="0.00"/>
        <vehicle id="11" x="398.35" y="416.50" angle="0.00" type="DEFAULT_VEHTYPE" speed="12.88" pos="178.75" lane="2/3to2/2_0" slope="0.00"/>
        <vehicle id="13" x="198.35" y="388.30" angle="0.00" type="DEFAULT_VEHTYPE" speed="9.38" pos="6.95" lane="1/2to1/1_0" slope="0.00"/>
        <vehicle id="17" x="278.68" y="401.65" angle="-90.00" type="DEFAULT_VEHTYPE" speed="13.76" pos="116.57" lane="2/2to1/2_0" slope="0.00"/>
        <vehicle id="2" x="198.35" y="205.04" angle="0.00" type="DEFAULT_VEHTYPE" speed="12.73" pos="190.21" lane="1/2to1/1_0" slope="0.00"/>
        <vehicle id="21" x="401.65" y="621.22" angle="180.00" type="DEFAULT_VEHTYPE" speed="9.79" pos="16.47" lane="2/3to2/4_0" slope="0.00"/>
        <vehicle id="23" x="201.65" y="434.38" angle="180.00" type="DEFAULT_VEHTYPE" speed="12.21" pos="29.63" lane="1/2to1/3_0" slope="0.00"/>
        <vehicle id="25" x="720.57" y="601.65" angle="-90.00" type="DEFAULT_VEHTYPE" speed="13.62" pos="79.43" lane="4/3to3/3_0" slope="0.00"/>
        <vehicle id="27" x="398.35" y="531.24" angle="0.00" type="DEFAULT_VEHTYPE" speed="13.84" pos="64.01" lane="2/3to2/2_0" slope="0.00"/>
        <vehicle id="29" x="687.22" y="601.65" angle="-90.00" type="DEFAULT_VEHTYPE" speed="13.58" pos="112.78" lane="4/3to3/3_0" slope="0.00"/>
        <vehicle id="3" x="121.85" y="401.65" angle="-90.00" type="DEFAULT_VEHTYPE" speed="13.76" pos="73.40" lane="1/2to0/2_0" slope="0.00"/>
        <vehicle id="32" x="201.65" y="72.89" angle="180.00" type="DEFAULT_VEHTYPE" speed="12.79" pos="72.89" lane="1/0to1/1_0" slope="0.00"/>
        <vehicle id="37" x="330.18" y="198.35" angle="90.00" type="DEFAULT_VEHTYPE" speed="13.23" pos="125.43" lane="1/1to2/1_0" slope="0.00"/>
        <vehicle id="38" x="120.60" y="398.35" angle="90.00" type="DEFAULT_VEHTYPE" speed="12.95" pos="120.60" lane="0/2to1/2_0" slope="0.00"/>
        <vehicle id="4" x="424.69" y="198.35" angle="90.00" type="DEFAULT_VEHTYPE" speed="11.58" pos="19.94" lane="2/1to3/1_0" slope="0.00"/>
        <vehicle id="41" x="395.94" y="598.45" angle="91.13" type="DEFAULT_VEHTYPE" speed="5.92" pos="0.70" lane=":2/3_14_0" slope="0.00"/>
        <vehicle id="42" x="783.87" y="601.65" angle="-90.00" type="DEFAULT_VEHTYPE" speed="12.92" pos="16.13" lane="4/3to3/3_0" slope="0.00"/>
        <vehicle id="43" x="201.65" y="252.52" angle="180.00" type="DEFAULT_VEHTYPE" speed="13.45" pos="47.77" lane="1/1to1/2_0" slope="0.00"/>
        <vehicle id="44" x="601.65" y="344.48" angle="180.00" type="DEFAULT_VEHTYPE" speed="13.48" pos="139.73" lane="3/1to3/2_0" slope="0.00"/>
        <vehicle id="46" x="398.35" y="466.53" angle="0.00" type="DEFAULT_VEHTYPE" speed="13.28" pos="128.72" lane="2/3to2/2_0" slope="0.00"/>
        <vehicle id="47" x="259.29" y="598.35" angle="90.00" type="DEFAULT_VEHTYPE" speed="12.79" pos="54.54" lane="1/3to2/3_0" slope="0.00"/>
        <vehicle id="49" x="290.52" y="598.35" angle="90.00" type="DEFAULT_VEHTYPE" speed="13.76" pos="85.77" lane="1/3to2/3_0" slope="0.00"/>
        <vehicle id="6" x="376.36" y="598.35" angle="90.00" type="DEFAULT_VEHTYPE" speed="6.02" pos="171.61" lane="1/3to2/3_0" slope="0.00"/>
    </timestep>
    <timestep time="794.00">
        <vehicle id="1" x="201.65" y="537.93" angle="180.00" type="DEFAULT_VEHTYPE" speed="13.45" pos="133.18" lane="1/2to1/3_0" slope="0.00"/>
        <vehicle id="11" x="397.96" y="403.06" angle="-4.46" type="DEFAULT_VEHTYPE" speed="13.51" pos="1.75" lane=":2/2_0_0" slope="0.00"/>
        <vehicle id="13" x="198.35" y="377.44" angle="0.00" type="DEFAULT_VEHTYPE" speed="10.86" pos="17.81" lane="1/2to1/1_0" slope="0.00"/>
        <vehicle id="17" x="265.34" y="401.65" angle="-90.00" type="DEFAULT_VEHTYPE" speed="13.34" pos="129.91" lane="2/2to1/2_0" slope="0.00"/>
        <vehicle id="2" x="186.77" y="201.65" angle="-90.00" type="DEFAULT_VEHTYPE" speed="13.77" pos="8.48" lane="1/1to0/1_0" slope="0.00"/>
        <vehicle id="21" x="401.65" y="633.16" angle="180.00" type="DEFAULT_VEHTYPE" speed="11.94" pos="28.41" lane="2/3to2/4_0" slope="0.00"/>
        <vehicle id="23" x="201.65" y="448.19" angle="180.00" type="DEFAULT_VEHTYPE" speed="13.81" pos="43.44" lane="1/2to1/3_0" slope="0.00"/>
        <vehicle id="25" x="707.13" y="601.65" angle="-90.00" type="DEFAULT_VEHTYPE" speed="13.44" pos="92.87" lane="4/3to3/3_0" slope="0.00"/>
        <vehicle id="27" x="398.35" y="517.73" angle="0.00" type="DEFAULT_VEHTYPE" speed="13.51" pos="77.52" lane="2/3to2/2_0" slope="0.00"/>
        <vehicle id="29" x="673.73" y="601.65" angle="-90.00" type="DEFAULT_VEHTYPE" speed="13.49" pos="126.27" lane="4/3to3/3_0" slope="0.00"/>
        <vehicle id="3" x="108.34" y="401.65" angle="-90.00" type="DEFAULT_VEHTYPE" speed="13.51" pos="86.91" lane="1/2to0/2_0" slope="0.00"/>
        <vehicle id="32" x="201.65" y="86.04" angle="180.00" type="DEFAULT_VEHTYPE" speed="13.16" pos="86.04" lane="1/0to1/1_0" slope="0.00"/>
        <vehicle id="37" x="343.80" y="198.35" angle="90.00" type="DEFAULT_VEHTYPE" speed="13.62" pos="139.05" lane="1/1to2/1_0" slope="0.00"/>
        <vehicle id="38" x="134.29" y="398.35" angle="90.00" type="DEFAULT_VEHTYPE" speed="13.69" pos="134.29" lane="0/2to1/2_0" slope="0.00"/>
        <vehicle id="4" x="438.36" y="198.35" angle="90.00" type="DEFAULT_VEHTYPE" speed="13.67" pos="33.61" lane="2/1to3/1_0" slope="0.00"/>
        <vehicle id="41" x="401.35" y="602.63" angle="140.99" type="DEFAULT_VEHTYPE" speed="7.48" pos="8.18" lane=":2/3_14_0" slope="0.00"/>
        <vehicle id="42" x="770.78" y="601.65" angle="-90.00" type="DEFAULT_VEHTYPE" speed="13.09" pos="29.22" lane="4/3to3/3_0" slope="0.00"/>
        <vehicle id="43" x="201.65" y="266.05" angle="180.00" type="DEFAULT_VEHTYPE" speed="13.53" pos="61.30" lane="1/1to1/2_0" slope="0.00"/>
        <vehicle id="44" x="601.65" y="357.94" angle="180.00" type="DEFAULT_VEHTYPE" speed="13.46" pos="153.19" lane="3/1to3/2_0" slope="0.00"/>
        <vehicle id="46" x="398.35" y="453.66" angle="0.00" type="DEFAULT_VEHTYPE" speed="12.87" pos="141.59" lane="2/3to2/2_0" slope="0.00"/>
        <vehicle id="47" x="272.14" y="598.35" angle="90.00" type="DEFAULT_VEHTYPE" speed="12.85" pos="67.39" lane="1/3to2/3_0" slope="0.00"/>
        <vehicle id="49" x="304.04" y="598.35" angle="90.00" type="DEFAULT_VEHTYPE" speed="13.52" pos="99.29" lane="1/3to2/3_0" slope="0.00"/>
        <vehicle id="6" x="384.16" y="598.35" angle="90.00" type="DEFAULT_VEHTYPE" speed="7.80" pos="179.41" lane="1/3to2/3_0" slope="0.00"/>
    </timestep>
    <timestep time="795.00">
        <vehicle id="1" x="201.65" y="551.61" angle="180.00" type="DEFAULT_VEHTYPE" speed="13.68" pos="146.86" lane="1/2to1/3_0" slope="0.00"/>
        <vehicle id="11" x="385.17" y="401.65" angle="-90.00" type="DEFAULT_VEHTYPE" speed="13.32" pos="10.08" lane="2/2to1/2_0" slope="0.00"/>
        <vehicle id="13" x="198.35" y="364.11" angle="0.00" type="DEFAULT_VEHTYPE" speed="13.32" pos="31.14" lane="1/2to1/1_0" slope="0.00"/>
        <vehicle id="17" x="252.17" y="401.65" angle="-90.00" type="DEFAULT_VEHTYPE" speed="13.17" pos="143.08" lane="2/2to1/2_0" slope="0.00"/>
        <vehicle id="2" x="174.04" y="201.65" angle="-90.00" type="DEFAULT_VEHTYPE" speed="12.73" pos="21.21" lane="1/1to0/1_0" slope="0.00"/>
        <vehicle id="21" x="401.65" y="646.82" angle="180.00" type="DEFAULT_VEHTYPE" speed="13.66" pos="42.07" lane="2/3to2/4_0" slope="0.00"/>
        <vehicle id="23" x="201.65" y="461.94" angle="180.00" type="DEFAULT_VEHTYPE" speed="13.75" pos="57.19" lane="1/2to1/3_0" slope="0.00"/>
        <vehicle id="25" x="693.76" y="601.65" angle="-90.00" type="DEFAULT_VEHTYPE" speed="13.37" pos="106.24" lane="4/3to3/3_0" slope="0.00"/>
        <vehicle id="27" x="398.35" y="504.33" angle="0.00" type="DEFAULT_VEHTYPE" speed="13.40" pos="90.92" lane="2/3to2/2_0" slope="0.00"/>
        <vehicle id="29" x="661.00" y="601.65" angle="-90.00" type="DEFAULT_VEHTYPE" speed="12.73" pos="139.00" lane="4/3to3/3_0" slope="0.00"/>
        <vehicle id="3" x="95.55" y="401.65" angle="-90.00" type="DEFAULT_VEHTYPE" speed="12.80" pos="99.70" lane="1/2to0/2_0" slope="0.00"/>
        <vehicle id="32" x="201.65" y="99.48" angle="180.00" type="DEFAULT_VEHTYPE" speed="13.44" pos="99.48" lane="1/0to1/1_0" slope="0.00"/>
        <vehicle id="37" x="356.70" y="198.35" angle="90.00" type="DEFAULT_VEHTYPE" speed="12.90" pos="151.95" lane="1/1to2/1_0" slope="0.00"/>
        <vehicle id="38" x="146.95" y="398.35" angle="90.00" type="DEFAULT_VEHTYPE" speed="12.66" pos="146.95" lane="0/2to1/2_0" slope="0.00"/>
        <vehicle id="4" x="451.93" y="198.35" angle="90.00" type="DEFAULT_VEHTYPE" speed="13.58" pos="47.18" lane="2/1to3/1_0" slope="0.00"/>
        <vehicle id="41" x="401.65" y="611.99" angle="180.00" type="DEFAULT_VEHTYPE" speed="9.38" pos="7.24" lane="2/3to2/4_0" slope="0.00"/>
        <vehicle id="42" x="757.78" y="601.65" angle="-90.00" type="DEFAULT_VEHTYPE" speed="13.00" pos="42.22" lane="4/3to3/3_0" slope="0.00"/>
        <vehicle id="43" x="201.65" y="279.24" angle="180.00" type="DEFAULT_VEHTYPE" speed="13.19" pos="74.49" lane="1/1to1/2_0" slope="0.00"/>
        <vehicle id="44" x="601.65" y="370.84" angle="180.00" type="DEFAULT_VEHTYPE" speed="12.90" pos="166.09" lane="3/1to3/2_0" slope="0.00"/>
        <vehicle id="46" x="398.35" y="440.88" angle="0.00" type="DEFAULT_VEHTYPE" speed="12.77" pos="154.37" lane="2/3to2/2_0" slope="0.00"/>
        <vehicle id="47" x="284.97" y="598.35" angle="90.00" type="DEFAULT_VEHTYPE" speed="12.83" pos="80.22" lane="1/3to2/3_0" slope="0.00"/>
        <vehicle id="49" x="317.57" y="598.35" angle="90.00" type="DEFAULT_VEHTYPE" speed="13.53" pos="112.82" lane="1/3to2/3_0" slope="0.00"/>
        <vehicle id="6" x="389.52" y="598.35" angle="90.00" type="DEFAULT_VEHTYPE" speed="5.36" pos="184.77" lane="1/3to2/3_0" slope="0.00"/>
    </timestep>
    <timestep time="796.00">
        <vehicle id="1" x="201.65" y="564.80" angle="180.00" type="DEFAULT_VEHTYPE" speed="13.18" pos="160.05" lane="1/2to1/3_0" slope="0.00"/>
        <vehicle id="11" x="372.09" y="401.65" angle="-90.00" type="DEFAULT_VEHTYPE" speed="13.09" pos="23.16" lane="2/2to1/2_0" slope="0.00"/>
        <vehicle id="13" x="198.35" y="351.16" angle="0.00" type="DEFAULT_VEHTYPE" speed="12.95" pos="44.09" lane="1/2to1/1_0" slope="0.00"/>
        <vehicle id="17" x="238.78" y="401.65" angle="-90.00" type="DEFAULT_VEHTYPE" speed="13.40" pos="156.47" lane="2/2to1/2_0" slope="0.00"/>
        <vehicle id="2" x="161.07" y="201.65" angle="-90.00" type="DEFAULT_VEHTYPE" speed="12.97" pos="34.18" lane="1/1to0/1_0" slope="0.00"/>
        <vehicle id="21" x="401.65" y="660.06" angle="180.00" type="DEFAULT_VEHTYPE" speed="13.24" pos="55.31" lane="2/3to2/4_0" slope="0.00"/>
        <vehicle id="23" x="201.65" y="474.93" angle="180.00" type="DEFAULT_VEHTYPE" speed="12.99" pos="70.18" lane="1/2to1/3_0" slope="0.00"/>
        <vehicle id="25" x="680.66" y="601.65" angle="-90.00" type="DEFAULT_VEHTYPE" speed="13.10" pos="119.34" lane="4/3to3/3_0" slope="0.00"/>
        <vehicle id="27" x="398.35" y="490.91" angle="0.00" type="DEFAULT_VEHTYPE" speed="13.42" pos="104.34" lane="2/3to2/2_0" slope="0.00"/>
        <vehicle id="29" x="647.21" y="601.65" angle="-90.00" type="DEFAULT_VEHTYPE" speed="13.79" pos="152.79" lane="4/3to3/3_0" slope="0.00"/>
        <vehicle id="3" x="82.76" y="401.65" angle="-90.00" type="DEFAULT_VEHTYPE" speed="12.78" pos="112.49" lane="1/2to0/2_0" slope="0.00"/>
        <vehicle id="32" x="201.65" y="113.17" angle="180.00" type="DEFAULT_VEHTYPE" speed="13.69" pos="113.17" lane="1/0to1/1_0" slope="0.00"/>
        <vehicle id="37" x="370.43" y="198.35" angle="90.00" type="DEFAULT_VEHTYPE" speed="13.73" pos="165.68" lane="1/1to2/1_0" slope="0.00"/>
        <vehicle id="38" x="160.18" y="398.35" angle="90.00" type="DEFAULT_VEHTYPE" speed="13.23" pos="160.18" lane="0/2to1/2_0" slope="0.00"/>
        <vehicle id="4" x="465.56" y="198.35" angle="90.00" type="DEFAULT_VEHTYPE" speed="13.63" pos="60.81" lane="2/1to3/1_0" slope="0.00"/>
        <vehicle id="41" x="401.65" y="623.16" angle="180.00" type="DEFAULT_VEHTYPE" speed="11.17" pos="18.41" lane="2/3to2/4_0" slope="0.00"/>
        <vehicle id="42" x="745.16" y="601.65" angle="-90.00" type="DEFAULT_VEHTYPE" speed="12.62" pos="54.84" lane="4/3to3/3_0" slope="0.00"/>
        <vehicle id="43" x="201.65" y="292.17" angle="180.00" type="DEFAULT_VEHTYPE" speed="12.93" pos="87.42" lane="1/1to1/2_0" slope="0.00"/>
        <vehicle id="44" x="601.65" y="383.62" angle="180.00" type="DEFAULT_VEHTYPE" speed="12.78" pos="178.87" lane="3/1to3/2_0" slope="0.00"/>
        <vehicle id="46" x="398.35" y="427.39" angle="0.00" type="DEFAULT_VEHTYPE" speed="13.49" pos="167.86" lane="2/3to2/2_0" slope="0.00"/>
        <vehicle id="47" x="298.42" y="598.35" angle="90.00" type="DEFAULT_VEHTYPE" speed="13.45" pos="93.67" lane="1/3to2/3_0" slope="0.00"/>
        <vehicle id="49" x="331.22" y="598.35" angle="90.00" type="DEFAULT_VEHTYPE" speed="13.65" pos="126.47" lane="1/3to2/3_0" slope="0.00"/>
        <vehicle id="6" x="397.40" y="598.66" angle="93.54" type="DEFAULT_VEHTYPE" speed="7.91" pos="2.18" lane=":2/3_14_0" slope="0.00"/>
    </timestep>
    <timestep time="797.00">
        <vehicle id="1" x="201.65" y="577.50" angle="180.00" type="DEFAULT_VEHTYPE" speed="12.71" pos="172.75" lane="1/2to1/3_0" slope="0.00"/>
        <vehicle id="11" x="358.91" y="401.65" angle="-90.00" type="DEFAULT_VEHTYPE" speed="13.18" pos="36.34" lane="2/2to1/2_0" slope="0.00"/>
        <vehicle id="13" x="198.35" y="337.57" angle="0.00" type="DEFAULT_VEHTYPE" speed="13.59" pos="57.68" lane="1/2to1/1_0" slope="0.00"/>
        <vehicle id="17" x="226.13" y="401.65" angle="-90.00" type="DEFAULT_VEHTYPE" speed="12.65" pos="169.12" lane="2/2to1/2_0" slope="0.00"/>
        <vehicle id="2" x="148.03" y="201.65" angle="-90.00" type="DEFAULT_VEHTYPE" speed="13.04" pos="47.22" lane="1/1to0/1_0" slope="0.00"/>
        <vehicle id="21" x="401.65" y="673.55" angle="180.00" type="DEFAULT_VEHTYPE" speed="13.48" pos="68.80" lane="2/3to2/4_0" slope="0.00"/>
        <vehicle id="23" x="201.65" y="488.14" angle="180.00" type="DEFAULT_VEHTYPE" speed="13.21" pos="83.39" lane="1/2to1/3_0" slope="0.00"/>
        <vehicle id="25" x="667.92" y="601.65" angle="-90.00" type="DEFAULT_VEHTYPE" speed="12.74" pos="132.08" lane="4/3to3/3_0" slope="0.00"/>
        <vehicle id="27" x="398.35" y="477.38" angle="0.00" type="DEFAULT_VEHTYPE" speed="13.53" pos="117.87" lane="2/3to2/2_0" slope="0.00"/>
        <vehicle id="29" x="634.46" y="601.65" angle="-90.00" type="DEFAULT_VEHTYPE" speed="12.74" pos="165.54" lane="4/3to3/3_0" slope="0.00"/>
        <vehicle id="3" x="69.42" y="401.65" angle="-90.00" type="DEFAULT_VEHTYPE" speed="13.35" pos="125.83" lane="1/2to0/2_0" slope="0.00"/>
        <vehicle id="32" x="201.65" y="126.78" angle="180.00" type="DEFAULT_VEHTYPE" speed="13.61" pos="126.78" lane="1/0to1/1_0" slope="0.00"/>
        <vehicle id="37" x="380.19" y="198.35" angle="90.00" type="DEFAULT_VEHTYPE" speed="9.76" pos="175.44" lane="1/1to2/1_0" slope="0.00"/>
        <vehicle id="38" x="173.18" y="398.35" angle="90.00" type="DEFAULT_VEHTYPE" speed="13.00" pos="173.18" lane="0/2to1/2_0" slope="0.00"/>
        <vehicle id="4" x="479.08" y="198.35" angle="90.00" type="DEFAULT_VEHTYPE" speed="13.52" pos="74.33" lane="2/1to3/1_0" slope="0.00"/>
        <vehicle id="41" x="401.65" y="636.85" angle="180.00" type="DEFAULT_VEHTYPE" speed="13.69" pos="32.10" lane="2/3to2/4_0" slope="0.00"/>
        <vehicle id="42" x="731.68" y="601.65" angle="-90.00" type="DEFAULT_VEHTYPE" speed="13.48" pos="68.32" lane="4/3to3/3_0" slope="0.00"/>
        <vehicle id="43" x="201.65" y="305.05" angle="180.00" type="DEFAULT_VEHTYPE" speed="12.88" pos="100.30" lane="1/1to1/2_0" slope="0.00"/>
        <vehicle id="44" x="601.65" y="397.29" angle="180.00" type="DEFAULT_VEHTYPE" speed="13.67" pos="2.04" lane=":3/2_9_0" slope="0.00"/>
        <vehicle id="46" x="398.35" y="413.60" angle="0.00" type="DEFAULT_VEHTYPE" speed="13.79" pos="181.65" lane="2/3to2/2_0" slope="0.00"/>
        <vehicle id="47" x="312.31" y="598.35" angle="90.00" type="DEFAULT_VEHTYPE" speed="13.89" pos="107.56" lane="1/3to2/3_0" slope="0.00"/>
        <vehicle id="49" x="344.96" y="598.35" angle="90.00" type="DEFAULT_VEHTYPE" speed="13.75" pos="140.21" lane="1/3to2/3_0" slope="0.00"/>
        <vehicle id="6" x="401.65" y="605.88" angle="169.04" type="DEFAULT_VEHTYPE" speed="9.28" pos="1.13" lane="2/3to2/4_0" slope="0.00"/>
    </timestep>
    <timestep time="798.00">
        <vehicle id="1" x="201.65" y="590.26" angle="180.00" type="DEFAULT_VEHTYPE" speed="12.76" pos="185.51" lane="1/2to1/3_0" slope="0.00"/>
        <vehicle id="11" x="346.06" y="401.65" angle="-90.00" type="DEFAULT_VEHTYPE" speed="12.85" pos="49.19" lane="2/2to1/2_0" slope="0.00"/>
        <vehicle id="13" x="198.35" y="323.94" angle="0.00" type="DEFAULT_VEHTYPE" speed="13.63" pos="71.31" lane="1/2to1/1_0" slope="0.00"/>
        <vehicle id="17" x="217.65" y="401.65" angle="-90.00" type="DEFAULT_VEHTYPE" speed="8.48" pos="177.60" lane="2/2to1/2_0" slope="0.00"/>
        <vehicle id="2" x="135.24" y="201.65" angle="-90.00" type="DEFAULT_VEHTYPE" speed="12.80" pos="60.01" lane="1/1to0/1_0" slope="0.00"/>
        <vehicle id="21" x="401.65" y="686.19" angle="180.00" type="DEFAULT_VEHTYPE" speed="12.65" pos="81.44" lane="2/3to2/4_0" slope="0.00"/>
        <vehicle id="23" x="201.65" y="501.17" angle="180.00" type="DEFAULT_VEHTYPE" speed="13.03" pos="96.42" lane="1/2to1/3_0" slope="0.00"/>
        <vehicle id="25" x="654.50" y="601.65" angle="-90.00" type="DEFAULT_VEHTYPE" speed="13.41" pos="145.50" lane="4/3to3/3_0" slope="0.00"/>
        <vehicle id="27" x="398.35" y="464.11" angle="0.00" type="DEFAULT_VEHTYPE" speed="13.27" pos="131.14" lane="2/3to2/2_0" slope="0.00"/>
        <vehicle id="29" x="623.96" y="601.65" angle="-90.00" type="DEFAULT_VEHTYPE" speed="10.51" pos="176.04" lane="4/3to3/3_0" slope="0.00"/>
        <vehicle id="3" x="56.12" y="401.65" angle="-90.00" type="DEFAULT_VEHTYPE" speed="13.30" pos="139.13" lane="1/2to0/2_0" slope="0.00"/>
        <vehicle id="32" x="201.65" y="139.49" angle="180.00" type="DEFAULT_VEHTYPE" speed="12.71" pos="139.49" lane="1/0to1/1_0" slope="0.00"/>
        <vehicle id="37" x="386.17" y="198.35" angle="90.00" type="DEFAULT_VEHTYPE" speed="5.98" pos="181.42" lane="1/1to2/1_0" slope="0.00"/>
        <vehicle id="38" x="181.74" y="398.35" angle="90.00" type="DEFAULT_VEHTYPE" speed="8.56" pos="181.74" lane="0/2to1/2_0" slope="0.00"/>
        <vehicle id="4" x="491.98" y="198.35" angle="90.00" type="DEFAULT_VEHTYPE" speed="12.91" pos="87.23" lane="2/1to3/1_0" slope="0.00"/>
        <vehicle id="41" x="401.65" y="649.89" angle="180.00" type="DEFAULT_VEHTYPE" speed="13.03" pos="45.14" lane="2/3to2/4_0" slope="0.00"/>
        <vehicle id="42" x="718.44" y="601.65" angle="-90.00" type="DEFAULT_VEHTYPE" speed="13.24" pos="81.56" lane="4/3to3/3_0" slope="0.00"/>
        <vehicle id="43" x="201.65" y="318.81" angle="180.00" type="DEFAULT_VEHTYPE" speed="13.76" pos="114.06" lane="1/1to1/2_0" slope="0.00"/>
        <vehicle id="44" x="601.65" y="410.67" angle="180.00" type="DEFAULT_VEHTYPE" speed="13.38" pos="5.92" lane="3/2to3/3_0" slope="0.00"/>
        <vehicle id="46" x="396.26" y="401.79" angle="-27.60" type="DEFAULT_VEHTYPE" speed="12.83" pos="3.98" lane=":2/2_0_0" slope="0.00"/>
        <vehicle id="47" x="325.43" y="598.35" angle="90.00" type="DEFAULT_VEHTYPE" speed="13.12" pos="120.68" lane="1/3to2/3_0" slope="0.00"/>
        <vehicle id="49" x="357.94" y="598.35" angle="90.00" type="DEFAULT_VEHTYPE" speed="12.98" pos="153.19" lane="1/3to2/3_0" slope="0.00"/>
        <vehicle id="6" x="401.65" y="617.67" angle="180.00" type="DEFAULT_VEHTYPE" speed="11.79" pos="12.92" lane="2/3to2/4_0" slope="0.00"/>
    </timestep>
    <timestep time="799.00">
        <vehicle id="1" x="208.30" y="598.35" angle="92.64" type="DEFAULT_VEHTYPE" speed="13.54" pos="3.55" lane="1/3to2/3_0" slope="0.00"/>
        <vehicle id="11" x="333.25" y="401.65" angle="-90.00" type="DEFAULT_VEHTYPE" speed="12.80" pos="62.00" lane="2/2to1/2_0" slope="0.00"/>
        <vehicle id="13" x="198.35" y="311.22" angle="0.00" type="DEFAULT_VEHTYPE" speed="12.72" pos="84.03" lane="1/2to1/1_0" slope="0.00"/>
        <vehicle id="17" x="212.21" y="401.65" angle="-90.00" type="DEFAULT_VEHTYPE" speed="5.44" pos="183.04" lane="2/2to1/2_0" slope="0.00"/>
        <vehicle id="2" x="122.33" y="201.65" angle="-90.00" type="DEFAULT_VEHTYPE" speed="12.91" pos="72.92" lane="1/1to0/1_0" slope="0.00"/>
        <vehicle id="21" x="401.65" y="699.06" angle="180.00" type="DEFAULT_VEHTYPE" speed="12.86" pos="94.31" lane="2/3to2/4_0" slope="0.00"/>
        <vehicle id="23" x="201.65" y="515.04" angle="180.00" type="DEFAULT_VEHTYPE" speed="13.87" pos="110.29" lane="1/2to1/3_0" slope="0.00"/>
        <vehicle id="25" x="640.72" y="601.65" angle="-90.00" type="DEFAULT_VEHTYPE" speed="13.78" pos="159.28" lane="4/3to3/3_0" slope="0.00"/>
        <vehicle id="27" x="398.35" y="450.46" angle="0.00" type="DEFAULT_VEHTYPE" speed="13.64" pos="144.79" lane="2/3to2/2_0" slope="0.00"/>
        <vehicle id="29" x="616.56" y="601.65" angle="-90.00" type="DEFAULT_VEHTYPE" speed="7.40" pos="183.44" lane="4/3to3/3_0" slope="0.00"/>
        <vehicle id="3" x="43.32" y="401.65" angle="-90.00" type="DEFAULT_VEHTYPE" speed="12.80" pos="151.93" lane="1/2to0/2_0" slope="0.00"/>
        <vehicle id="32" x="201.65" y="152.16" angle="180.00" type="DEFAULT_VEHTYPE" speed="12.68" pos="152.16" lane="1/0to1/1_0" slope="0.00"/>
        <vehicle id="37" x="390.42" y="198.35" angle="90.00" type="DEFAULT_VEHTYPE" speed="4.25" pos="185.67" lane="1/1to2/1_0" slope="0.00"/>
        <vehicle id="38" x="187.30" y="398.35" angle="90.00" type="DEFAULT_VEHTYPE" speed="5.56" pos="187.30" lane="0/2to1/2_0" slope="0.00"/>
        <vehicle id="4" x="504.81" y="198.35" angle="90.00" type="DEFAULT_VEHTYPE" speed="12.82" pos="100.06" lane="2/1to3/1_0" slope="0.00"/>
        <vehicle id="41" x="401.65" y="662.60" angle="180.00" type="DEFAULT_VEHTYPE" speed="12.72" pos="57.85" lane="2/3to2/4_0" slope="0.00"/>
        <vehicle id="42" x="705.78" y="601.65" angle="-90.00" type="DEFAULT_VEHTYPE" speed="12.66" pos="94.22" lane="4/3to3/3_0" slope="0.00"/>
        <vehicle id="43" x="201.65" y="331.80" angle="180.00" type="DEFAULT_VEHTYPE" speed="12.99" pos="127.05" lane="1/1to1/2_0" slope="0.00"/>
        <vehicle id="44" x="601.65" y="423.90" angle="180.00" type="DEFAULT_VEHTYPE" speed="13.23" pos="19.15" lane="3/2to3/3_0" slope="0.00"/>
        <vehicle id="46" x="383.27" y="401.65" angle="-90.00" type="DEFAULT_VEHTYPE" speed="13.00" pos="11.98" lane="2/2to1/2_0" slope="0.00"/>
        <vehicle id="47" x="338.18" y="598.35" angle="90.00" type="DEFAULT_VEHTYPE" speed="12.75" pos="133.43" lane="1/3to2/3_0" slope="0.00"/>
        <vehicle id="49" x="371.67" y="598.35" angle="90.00" type="DEFAULT_VEHTYPE" speed="13.73" pos="166.92" lane="1/3to2/3_0" slope="0.00"/>
        <vehicle id="6" x="401.65" y="630.32" angle="180.00" type="DEFAULT_VEHTYPE" speed="12.65" pos="25.57" lane="2/3to2/4_0" slope="0.00"/>
    </timestep>
</fcd-export>
